		Time			Cycle	PC		Insn	Decoded instruction	Register and memory contents
         65.000 ns	         5	80000000	f14022f3	csrrs	x5,mhartid,x0	  x0:0x00000000  x5=0xffffff14
         75.000 ns	         6	80000004	00000313	addi	x6,x0,0	  x0:0x00000000  x6=0x00000000
         85.000 ns	         7	80000008	00628263	beq	x5,x6,8000000c	  x5:0x00000000  x6:0x00000000
         95.000 ns	         8	8000000c	00000817	auipc	x16,0x0	 x16=0x8000000c
        105.000 ns	         9	80000010	00c80813	addi	x16,x16,12	 x16:0x00000000 x16=0x80000018
        115.000 ns	        10	80000014	00080067	jalr	x0,x16,0	 x16:0x00000000
        165.000 ns	        15	80000018	400016b7	lui	x13,0x40001	 x13=0x40001000
        175.000 ns	        16	8000001c	12068693	addi	x13,x13,288	 x13:0x00000000 x13=0x40001120
        185.000 ns	        17	80000020	30169073	csrrw	x0,misa,x13	 x13:0x00000000
        195.000 ns	        18	80000024	00041717	auipc	x14,0x41	 x14=0x80041024
        205.000 ns	        19	80000028	00070713	addi	x14,x14,0	 x14:0x00000000 x14=0x80041024
        215.000 ns	        20	8000002c	0000a697	auipc	x13,0xa	 x13=0x8000a02c
        225.000 ns	        21	80000030	ea468693	addi	x13,x13,-348	 x13:0x40001120 x13=0x80009ed0
        235.000 ns	        22	80000034	0006e693	ori	x13,x13,0	 x13:0x40001120 x13=0x80009ed0
        245.000 ns	        23	80000038	30569073	csrrw	x0,mtvec,x13	 x13:0x8000a02c
        255.000 ns	        24	8000003c	00000697	auipc	x13,0x0	 x13=0x8000003c
        265.000 ns	        25	80000040	02868693	addi	x13,x13,40	 x13:0x80009ed0 x13=0x80000064
        275.000 ns	        26	80000044	34169073	csrrw	x0,mepc,x13	 x13:0x80009ed0
        285.000 ns	        27	80000048	00000013	addi	x0,x0,0	  x0:0x00000000
        295.000 ns	        28	8000004c	000046b7	lui	x13,0x4	 x13=0x00004000
        305.000 ns	        29	80000050	80068693	addi	x13,x13,-2048	 x13:0x80000064 x13=0x00003800
        315.000 ns	        30	80000054	30069073	csrrw	x0,mstatus,x13	 x13:0x80000064
        325.000 ns	        31	80000058	00000693	addi	x13,x0,0	  x0:0x00000000 x13=0x00000000
        335.000 ns	        32	8000005c	30469073	csrrw	x0,mie,x13	 x13:0x00003800
        345.000 ns	        33	80000060	30200073	mret	
        355.000 ns	        34	80000064	002c36b7	lui	x13,0x2c3	 x13=0x002c3000
        365.000 ns	        35	80000068	8f568693	addi	x13,x13,-1803	 x13:0x00000000 x13=0x002c28f5
        385.000 ns	        37	8000006c	f0068053	fmv.w.x	f0,x13	 x13:0x00000000  f0=0x002c28f5
        405.000 ns	        39	80000070	8030c6b7	lui	x13,0x8030c	 x13=0x8030c000
        415.000 ns	        40	80000074	16e68693	addi	x13,x13,366	 x13:0x002c28f5 x13=0x8030c16e
        435.000 ns	        42	80000078	f00680d3	fmv.w.x	f1,x13	 x13:0x002c28f5  f1=0x8030c16e
        455.000 ns	        44	8000007c	ff8006b7	lui	x13,0xff800	 x13=0xff800000
        465.000 ns	        45	80000080	fff68693	addi	x13,x13,-1	 x13:0x8030c16e x13=0xff7fffff
        485.000 ns	        47	80000084	f0068153	fmv.w.x	f2,x13	 x13:0x8030c16e  f2=0xff7fffff
        505.000 ns	        49	80000088	800006b7	lui	x13,0x80000	 x13=0x80000000
        525.000 ns	        51	8000008c	f00681d3	fmv.w.x	f3,x13	 x13:0xff7fffff  f3=0x80000000
        545.000 ns	        53	80000090	800006b7	lui	x13,0x80000	 x13=0x80000000
        565.000 ns	        55	80000094	f0068253	fmv.w.x	f4,x13	 x13:0x80000000  f4=0x80000000
        585.000 ns	        57	80000098	7fc006b7	lui	x13,0x7fc00	 x13=0x7fc00000
        605.000 ns	        59	8000009c	f00682d3	fmv.w.x	f5,x13	 x13:0x80000000  f5=0x7fc00000
        625.000 ns	        61	800000a0	ff8006b7	lui	x13,0xff800	 x13=0xff800000
        635.000 ns	        62	800000a4	fff68693	addi	x13,x13,-1	 x13:0x7fc00000 x13=0xff7fffff
        655.000 ns	        64	800000a8	f0068353	fmv.w.x	f6,x13	 x13:0x7fc00000  f6=0xff7fffff
        675.000 ns	        66	800000ac	02c726b7	lui	x13,0x2c72	 x13=0x02c72000
        685.000 ns	        67	800000b0	bf568693	addi	x13,x13,-1035	 x13:0xff7fffff x13=0x02c71bf5
        705.000 ns	        69	800000b4	f00683d3	fmv.w.x	f7,x13	 x13:0xff7fffff  f7=0x02c71bf5
        725.000 ns	        71	800000b8	ff8006b7	lui	x13,0xff800	 x13=0xff800000
        735.000 ns	        72	800000bc	fff68693	addi	x13,x13,-1	 x13:0x02c71bf5 x13=0xff7fffff
        755.000 ns	        74	800000c0	f0068453	fmv.w.x	f8,x13	 x13:0x02c71bf5  f8=0xff7fffff
        775.000 ns	        76	800000c4	7f8006b7	lui	x13,0x7f800	 x13=0x7f800000
        785.000 ns	        77	800000c8	00168693	addi	x13,x13,1	 x13:0xff7fffff x13=0x7f800001
        805.000 ns	        79	800000cc	f00684d3	fmv.w.x	f9,x13	 x13:0xff7fffff  f9=0x7f800001
        825.000 ns	        81	800000d0	ff8006b7	lui	x13,0xff800	 x13=0xff800000
        845.000 ns	        83	800000d4	f0068553	fmv.w.x	f10,x13	 x13:0x7f800001 f10=0xff800000
        865.000 ns	        85	800000d8	800006b7	lui	x13,0x80000	 x13=0x80000000
        885.000 ns	        87	800000dc	f00685d3	fmv.w.x	f11,x13	 x13:0xff800000 f11=0x80000000
        905.000 ns	        89	800000e0	252da6b7	lui	x13,0x252da	 x13=0x252da000
        915.000 ns	        90	800000e4	6a268693	addi	x13,x13,1698	 x13:0x80000000 x13=0x252da6a2
        935.000 ns	        92	800000e8	f0068653	fmv.w.x	f12,x13	 x13:0x80000000 f12=0x252da6a2
        955.000 ns	        94	800000ec	df6d16b7	lui	x13,0xdf6d1	 x13=0xdf6d1000
        965.000 ns	        95	800000f0	60268693	addi	x13,x13,1538	 x13:0x252da6a2 x13=0xdf6d1602
        985.000 ns	        97	800000f4	f00686d3	fmv.w.x	f13,x13	 x13:0x252da6a2 f13=0xdf6d1602
       1005.000 ns	        99	800000f8	002b86b7	lui	x13,0x2b8	 x13=0x002b8000
       1015.000 ns	       100	800000fc	73168693	addi	x13,x13,1841	 x13:0xdf6d1602 x13=0x002b8731
       1035.000 ns	       102	80000100	f0068753	fmv.w.x	f14,x13	 x13:0xdf6d1602 f14=0x002b8731
       1055.000 ns	       104	80000104	7f8006b7	lui	x13,0x7f800	 x13=0x7f800000
       1065.000 ns	       105	80000108	00168693	addi	x13,x13,1	 x13:0x002b8731 x13=0x7f800001
       1085.000 ns	       107	8000010c	f00687d3	fmv.w.x	f15,x13	 x13:0x002b8731 f15=0x7f800001
       1105.000 ns	       109	80000110	800006b7	lui	x13,0x80000	 x13=0x80000000
       1125.000 ns	       111	80000114	f0068853	fmv.w.x	f16,x13	 x13:0x7f800001 f16=0x80000000
       1145.000 ns	       113	80000118	fd9036b7	lui	x13,0xfd903	 x13=0xfd903000
       1155.000 ns	       114	8000011c	42b68693	addi	x13,x13,1067	 x13:0x80000000 x13=0xfd90342b
       1175.000 ns	       116	80000120	f00688d3	fmv.w.x	f17,x13	 x13:0x80000000 f17=0xfd90342b
       1195.000 ns	       118	80000124	800006b7	lui	x13,0x80000	 x13=0x80000000
       1215.000 ns	       120	80000128	f0068953	fmv.w.x	f18,x13	 x13:0xfd90342b f18=0x80000000
       1235.000 ns	       122	8000012c	7f8006b7	lui	x13,0x7f800	 x13=0x7f800000
       1245.000 ns	       123	80000130	fff68693	addi	x13,x13,-1	 x13:0x80000000 x13=0x7f7fffff
       1265.000 ns	       125	80000134	f00689d3	fmv.w.x	f19,x13	 x13:0x80000000 f19=0x7f7fffff
       1285.000 ns	       127	80000138	800006b7	lui	x13,0x80000	 x13=0x80000000
       1305.000 ns	       129	8000013c	f0068a53	fmv.w.x	f20,x13	 x13:0x7f7fffff f20=0x80000000
       1325.000 ns	       131	80000140	803c76b7	lui	x13,0x803c7	 x13=0x803c7000
       1335.000 ns	       132	80000144	f6e68693	addi	x13,x13,-146	 x13:0x80000000 x13=0x803c6f6e
       1355.000 ns	       134	80000148	f0068ad3	fmv.w.x	f21,x13	 x13:0x80000000 f21=0x803c6f6e
       1375.000 ns	       136	8000014c	7fc006b7	lui	x13,0x7fc00	 x13=0x7fc00000
       1395.000 ns	       138	80000150	f0068b53	fmv.w.x	f22,x13	 x13:0x803c6f6e f22=0x7fc00000
       1415.000 ns	       140	80000154	7f8006b7	lui	x13,0x7f800	 x13=0x7f800000
       1425.000 ns	       141	80000158	00168693	addi	x13,x13,1	 x13:0x7fc00000 x13=0x7f800001
       1445.000 ns	       143	8000015c	f0068bd3	fmv.w.x	f23,x13	 x13:0x7fc00000 f23=0x7f800001
       1465.000 ns	       145	80000160	7fc006b7	lui	x13,0x7fc00	 x13=0x7fc00000
       1485.000 ns	       147	80000164	f0068c53	fmv.w.x	f24,x13	 x13:0x7f800001 f24=0x7fc00000
       1505.000 ns	       149	80000168	806146b7	lui	x13,0x80614	 x13=0x80614000
       1515.000 ns	       150	8000016c	f1a68693	addi	x13,x13,-230	 x13:0x7fc00000 x13=0x80613f1a
       1535.000 ns	       152	80000170	f0068cd3	fmv.w.x	f25,x13	 x13:0x7fc00000 f25=0x80613f1a
       1555.000 ns	       154	80000174	7f8006b7	lui	x13,0x7f800	 x13=0x7f800000
       1565.000 ns	       155	80000178	fff68693	addi	x13,x13,-1	 x13:0x80613f1a x13=0x7f7fffff
       1585.000 ns	       157	8000017c	f0068d53	fmv.w.x	f26,x13	 x13:0x80613f1a f26=0x7f7fffff
       1605.000 ns	       159	80000180	7f8006b7	lui	x13,0x7f800	 x13=0x7f800000
       1615.000 ns	       160	80000184	00168693	addi	x13,x13,1	 x13:0x7f7fffff x13=0x7f800001
       1635.000 ns	       162	80000188	f0068dd3	fmv.w.x	f27,x13	 x13:0x7f7fffff f27=0x7f800001
       1655.000 ns	       164	8000018c	004a66b7	lui	x13,0x4a6	 x13=0x004a6000
       1665.000 ns	       165	80000190	81b68693	addi	x13,x13,-2021	 x13:0x7f800001 x13=0x004a581b
       1685.000 ns	       167	80000194	f0068e53	fmv.w.x	f28,x13	 x13:0x7f800001 f28=0x004a581b
       1705.000 ns	       169	80000198	ff8006b7	lui	x13,0xff800	 x13=0xff800000
       1715.000 ns	       170	8000019c	fff68693	addi	x13,x13,-1	 x13:0x004a581b x13=0xff7fffff
       1735.000 ns	       172	800001a0	f0068ed3	fmv.w.x	f29,x13	 x13:0x004a581b f29=0xff7fffff
       1755.000 ns	       174	800001a4	0007b6b7	lui	x13,0x7b	 x13=0x0007b000
       1765.000 ns	       175	800001a8	d4f68693	addi	x13,x13,-689	 x13:0xff7fffff x13=0x0007ad4f
       1785.000 ns	       177	800001ac	f0068f53	fmv.w.x	f30,x13	 x13:0xff7fffff f30=0x0007ad4f
       1805.000 ns	       179	800001b0	805356b7	lui	x13,0x80535	 x13=0x80535000
       1815.000 ns	       180	800001b4	6eb68693	addi	x13,x13,1771	 x13:0x0007ad4f x13=0x805356eb
       1835.000 ns	       182	800001b8	f0068fd3	fmv.w.x	f31,x13	 x13:0x0007ad4f f31=0x805356eb
       1855.000 ns	       184	800001bc	0021d073	csrrwi	x0,frm,3	
       1865.000 ns	       185	800001c0	00000013	addi	x0,x0,0	  x0:0x00000000
       1875.000 ns	       186	800001c4	800000b7	lui	x1,0x80000	  x1=0x80000000
       1885.000 ns	       187	800001c8	00000193	addi	x3,x0,0	  x0:0x00000000  x3=0x00000000
       1895.000 ns	       188	800001cc	f29dd237	lui	x4,0xf29dd	  x4=0xf29dd000
       1905.000 ns	       189	800001d0	f3420213	addi	x4,x4,-204	  x4:0x00000000  x4=0xf29dcf34
       1915.000 ns	       190	800001d4	00000293	addi	x5,x0,0	  x0:0x00000000  x5=0x00000000
       1925.000 ns	       191	800001d8	f1d34337	lui	x6,0xf1d34	  x6=0xf1d34000
       1935.000 ns	       192	800001dc	7bd30313	addi	x6,x6,1981	  x6:0x00000000  x6=0xf1d347bd
       1945.000 ns	       193	800001e0	00500393	addi	x7,x0,5	  x0:0x00000000  x7=0x00000005
       1955.000 ns	       194	800001e4	00800413	addi	x8,x0,8	  x0:0x00000000  x8=0x00000008
       1965.000 ns	       195	800001e8	fa9664b7	lui	x9,0xfa966	  x9=0xfa966000
       1975.000 ns	       196	800001ec	12d48493	addi	x9,x9,301	  x9:0x00000000  x9=0xfa96612d
       1985.000 ns	       197	800001f0	80000537	lui	x10,0x80000	 x10=0x80000000
       1995.000 ns	       198	800001f4	f67635b7	lui	x11,0xf6763	 x11=0xf6763000
       2005.000 ns	       199	800001f8	cb658593	addi	x11,x11,-842	 x11:0x00000000 x11=0xf6762cb6
       2015.000 ns	       200	800001fc	80000637	lui	x12,0x80000	 x12=0x80000000
       2025.000 ns	       201	80000200	3222c6b7	lui	x13,0x3222c	 x13=0x3222c000
       2035.000 ns	       202	80000204	37568693	addi	x13,x13,885	 x13:0x805356eb x13=0x3222c375
       2045.000 ns	       203	80000208	f20547b7	lui	x15,0xf2054	 x15=0xf2054000
       2055.000 ns	       204	8000020c	fc278793	addi	x15,x15,-62	 x15:0x00000000 x15=0xf2053fc2
       2065.000 ns	       205	80000210	00400813	addi	x16,x0,4	  x0:0x00000000 x16=0x00000004
       2075.000 ns	       206	80000214	800008b7	lui	x17,0x80000	 x17=0x80000000
       2085.000 ns	       207	80000218	00000913	addi	x18,x0,0	  x0:0x00000000 x18=0x00000000
       2095.000 ns	       208	8000021c	00600993	addi	x19,x0,6	  x0:0x00000000 x19=0x00000006
       2105.000 ns	       209	80000220	f9266a37	lui	x20,0xf9266	 x20=0xf9266000
       2115.000 ns	       210	80000224	fcda0a13	addi	x20,x20,-51	 x20:0x00000000 x20=0xf9265fcd
       2125.000 ns	       211	80000228	00000a93	addi	x21,x0,0	  x0:0x00000000 x21=0x00000000
       2135.000 ns	       212	8000022c	f6aefb37	lui	x22,0xf6aef	 x22=0xf6aef000
       2145.000 ns	       213	80000230	27ab0b13	addi	x22,x22,634	 x22:0x00000000 x22=0xf6aef27a
       2155.000 ns	       214	80000234	00100b93	addi	x23,x0,1	  x0:0x00000000 x23=0x00000001
       2165.000 ns	       215	80000238	fdbd4c37	lui	x24,0xfdbd4	 x24=0xfdbd4000
       2175.000 ns	       216	8000023c	dbdc0c13	addi	x24,x24,-579	 x24:0x00000000 x24=0xfdbd3dbd
       2185.000 ns	       217	80000240	c3724cb7	lui	x25,0xc3724	 x25=0xc3724000
       2195.000 ns	       218	80000244	9a6c8c93	addi	x25,x25,-1626	 x25:0x00000000 x25=0xc37239a6
       2205.000 ns	       219	80000248	80000d37	lui	x26,0x80000	 x26=0x80000000
       2215.000 ns	       220	8000024c	00f00d93	addi	x27,x0,15	  x0:0x00000000 x27=0x0000000f
       2225.000 ns	       221	80000250	80000e37	lui	x28,0x80000	 x28=0x80000000
       2235.000 ns	       222	80000254	fa2a8eb7	lui	x29,0xfa2a8	 x29=0xfa2a8000
       2245.000 ns	       223	80000258	83be8e93	addi	x29,x29,-1989	 x29:0x00000000 x29=0xfa2a783b
       2255.000 ns	       224	8000025c	00a00f13	addi	x30,x0,10	  x0:0x00000000 x30=0x0000000a
       2265.000 ns	       225	80000260	80000fb7	lui	x31,0x80000	 x31=0x80000000
       2275.000 ns	       226	80000264	00041117	auipc	x2,0x41	  x2=0x80041264
       2285.000 ns	       227	80000268	d8010113	addi	x2,x2,-640	  x2:0x00000000  x2=0x80040fe4
       2305.000 ns	       229	8000026c	030012b3	mulh	x5,x0,x16	  x0:0x00000000 x16:0x00000004  x5=0x00000000
       2335.000 ns	       232	80000270	036609b3	mul	x19,x12,x22	 x12:0x80000000 x22:0xf6aef27a x19=0x00000000
       2355.000 ns	       234	80000274	01d4c9b3	xor	x19,x9,x29	  x9:0xfa96612d x29:0xfa2a783b x19=0x00bc1916
       2365.000 ns	       235	80000278	8ba9d197	auipc	x3,0x8ba9d	  x3=0x0ba9d278
       2375.000 ns	       236	8000027c	403bdd93	srai	x27,x23,0x3	 x23:0x00000001 x27=0x00000000
       2395.000 ns	       238	80000280	c00074d3	fcvt.w.s	x9,f0	  f0:0x002c28f5  x9=0x00000000
       2425.000 ns	       241	80000284	21e7a353	fsgnjx.s	f6,f15,f30	 f15:0x7f800001 f30:0x0007ad4f  f6=0x7f800001
       2445.000 ns	       243	80000288	419bd533	sra	x10,x23,x25	 x23:0x00000001 x25:0xc37239a6 x10=0x00000000
       2465.000 ns	       245	8000028c	031c2d33	mulhsu	x26,x24,x17	 x24:0xfdbd3dbd x17:0x80000000 x26=0xfede9ede
       2485.000 ns	       247	80000290	09b63093	sltiu	x1,x12,155	 x12:0x80000000  x1=0x00000000
       2495.000 ns	       248	80000294	7f53c297	auipc	x5,0x7f53c	  x5=0xff53c294
       2505.000 ns	       249	80000298	0027a233	slt	x4,x15,x2	 x15:0xf2053fc2  x2:0x80040fe4  x4=0x00000000
       2525.000 ns	       251	8000029c	21b32ed3	fsgnjx.s	f29,f6,f27	  f6:0x7f800001 f27:0x7f800001 f29=0x7f800001
       2555.000 ns	       254	800002a0	028b39b3	mulhu	x19,x22,x8	 x22:0xf6aef27a  x8:0x00000008 x19=0x00000007
       2575.000 ns	       256	800002a4	ce297d13	andi	x26,x18,-798	 x18:0x00000000 x26=0x00000000
       2595.000 ns	       258	800002a8	021089b3	mul	x19,x1,x1	  x1:0x00000000  x1:0x00000000 x19=0x00000000
       2625.000 ns	       261	800002ac	d01a79d3	fcvt.s.wu	f19,x20	 x20:0xf9265fcd f19=0x4f79265f
       2645.000 ns	       263	800002b0	004947b3	xor	x15,x18,x4	 x18:0x00000000  x4:0x00000000 x15=0x00000000
       2655.000 ns	       264	800002b4	36ac8897	auipc	x17,0x36ac8	 x17=0xb6ac82b4
       2675.000 ns	       266	800002b8	28758953	fmin.s	f18,f11,f7	 f11:0x80000000  f7:0x02c71bf5 f18=0x80000000
       2705.000 ns	       269	800002bc	218200d3	fsgnj.s	f1,f4,f24	  f4:0x80000000 f24:0x7fc00000  f1=0x00000000
       2735.000 ns	       272	800002c0	c00179d3	fcvt.w.s	x19,f2	  f2:0xff7fffff x19=0x80000000
       2755.000 ns	       274	800002c4	01a2f3b3	and	x7,x5,x26	  x5:0xff53c294 x26:0x00000000  x7=0x00000000
       2775.000 ns	       276	800002c8	03a0c4b3	div	x9,x1,x26	  x1:0x00000000 x26:0x00000000  x9=0xffffffff
       2815.000 ns	       280	800002cc	1174f7d3	fmul.s	f15,f9,f23	  f9:0x7f800001 f23:0x7f800001 f15=0x7fc00000
       2835.000 ns	       282	800002d0	92533393	sltiu	x7,x6,-1755	  x6:0xf1d347bd  x7=0x00000001
       2855.000 ns	       284	800002d4	d00cf353	fcvt.s.w	f6,x25	 x25:0xc37239a6  f6=0xce723719
       3225.000 ns	       321	800002d8	027465b3	rem	x11,x8,x7	  x8:0x00000008  x7:0x00000000 x11=0x00000000
       3255.000 ns	       324	800002dc	21689ad3	fsgnjn.s	f21,f17,f22	 f17:0xfd90342b f22:0x7fc00000 f21=0xfd90342b
       3595.000 ns	       358	800002e0	19a10f53	fdiv.s	f30,f2,f26	  f2:0xff7fffff f26:0x7f7fffff f30=0xff800000
       3625.000 ns	       361	800002e4	021683b3	mul	x7,x13,x1	 x13:0x3222c375  x1:0x00000000  x7=0x00000000
       3645.000 ns	       363	800002e8	41b3d7b3	sra	x15,x7,x27	  x7:0x00000001 x27:0x00000000 x15=0x00000000
       3665.000 ns	       365	800002ec	023dab33	mulhsu	x22,x27,x3	 x27:0x00000000  x3:0x0ba9d278 x22=0x00000000
       3695.000 ns	       368	800002f0	a1249ad3	flt.s	x21,f9,f18	  f9:0x7f800001 f18:0x80000000 x21=0x00000000
       4065.000 ns	       405	800002f4	025e52b3	divu	x5,x28,x5	 x28:0x80000000  x5:0xff53c294  x5=0x00000000
       4095.000 ns	       408	800002f8	2097a853	fsgnjx.s	f16,f15,f9	 f15:0x7fc00000  f9:0x7f800001 f16=0x7fc00000
       4125.000 ns	       411	800002fc	c0073bd3	fcvt.w.s	x23,f14	 f14:0x002b8731 x23=0x00000000
       4145.000 ns	       413	80000300	67d5bc13	sltiu	x24,x11,1661	 x11:0x00000000 x24=0x00000001
       4165.000 ns	       415	80000304	a0e185d3	fle.s	x11,f3,f14	  f3:0x80000000 f14:0x002b8731 x11=0x00000001
       4205.000 ns	       419	80000308	19f18ad3	fdiv.s	f21,f3,f31	  f3:0x80000000 f31:0x805356eb f21=0x00000000
       4235.000 ns	       422	8000030c	d017a953	fcvt.s.wu	f18,x15	 x15:0x00000000 f18=0x00000000
       4265.000 ns	       425	80000310	f0078cd3	fmv.w.x	f25,x15	 x15:0x00000000 f25=0x00000000
       4285.000 ns	       427	80000314	0004de33	srl	x28,x9,x0	  x9:0xffffffff  x0:0x00000000 x28=0xffffffff
       4295.000 ns	       428	80000318	016dd7b3	srl	x15,x27,x22	 x27:0x00000000 x22:0x00000000 x15=0x00000000
       4305.000 ns	       429	8000031c	018b3633	sltu	x12,x22,x24	 x22:0x00000000 x24:0x00000001 x12=0x00000001
       4315.000 ns	       430	80000320	40698633	sub	x12,x19,x6	 x19:0x80000000  x6:0xf1d347bd x12=0x8e2cb843
       4335.000 ns	       432	80000324	0279feb3	remu	x29,x19,x7	 x19:0x80000000  x7:0x00000000 x29=0x80000000
       4365.000 ns	       435	80000328	a0b4a5d3	feq.s	x11,f9,f11	  f9:0x7f800001 f11:0x80000000 x11=0x00000000
       4385.000 ns	       437	8000032c	00844633	xor	x12,x8,x8	  x8:0x00000008  x8:0x00000008 x12=0x00000000
       4405.000 ns	       439	80000330	035d4b33	div	x22,x26,x21	 x26:0x00000000 x21:0x00000000 x22=0xffffffff
       4425.000 ns	       441	80000334	00000013	addi	x0,x0,0	  x0:0x00000000
       4445.000 ns	       443	80000338	021f66b3	rem	x13,x30,x1	 x30:0x0000000a  x1:0x00000000 x13=0x0000000a
       4475.000 ns	       446	8000033c	02b72ab3	mulhsu	x21,x14,x11	 x14:0x80041024 x11:0x00000000 x21=0x00000000
       4495.000 ns	       448	80000340	0108f6b3	and	x13,x17,x16	 x17:0xb6ac82b4 x16:0x00000004 x13=0x00000004
       4515.000 ns	       450	80000344	032df333	remu	x6,x27,x18	 x27:0x00000000 x18:0x00000000  x6=0x00000000
       4535.000 ns	       452	80000348	dba00b93	addi	x23,x0,-582	  x0:0x00000000 x23=0xfffffdba
       4545.000 ns	       453	8000034c	01dfa0b3	slt	x1,x31,x29	 x31:0x80000000 x29:0x80000000  x1=0x00000000
       4555.000 ns	       454	80000350	002a3333	sltu	x6,x20,x2	 x20:0xf9265fcd  x2:0x80040fe4  x6=0x00000000
       4565.000 ns	       455	80000354	41520333	sub	x6,x4,x21	  x4:0x00000000 x21:0x00000000  x6=0x00000000
       4585.000 ns	       457	80000358	20b12653	fsgnjx.s	f12,f2,f11	  f2:0xff7fffff f11:0x80000000 f12=0x7f7fffff
       4615.000 ns	       460	8000035c	21c027d3	fsgnjx.s	f15,f0,f28	  f0:0x002c28f5 f28:0x004a581b f15=0x002c28f5
       4635.000 ns	       462	80000360	00e94fb3	xor	x31,x18,x14	 x18:0x00000000 x14:0x80041024 x31=0x80041024
       4645.000 ns	       463	80000364	084b2b13	slti	x22,x22,132	 x22:0xffffffff x22=0x00000001
       4655.000 ns	       464	80000368	01d0adb3	slt	x27,x1,x29	  x1:0x00000000 x29:0x80000000 x27=0x00000000
       4665.000 ns	       465	8000036c	000ac2b3	xor	x5,x21,x0	 x21:0x00000000  x0:0x00000000  x5=0x00000000
       4675.000 ns	       466	80000370	3b543a93	sltiu	x21,x8,949	  x8:0x00000008 x21=0x00000001
       4685.000 ns	       467	80000374	4061db33	sra	x22,x3,x6	  x3:0x0ba9d278  x6:0x00000000 x22=0x0ba9d278
       4705.000 ns	       469	80000378	a1d61bd3	flt.s	x23,f12,f29	 f12:0x7f7fffff f29:0x7f800001 x23=0x00000000
       4725.000 ns	       471	8000037c	405407b3	sub	x15,x8,x5	  x8:0x00000008  x5:0x00000000 x15=0x00000008
       4745.000 ns	       473	80000380	02908d33	mul	x26,x1,x9	  x1:0x00000000  x9:0xffffffff x26=0x00000000
       4765.000 ns	       475	80000384	5a070213	addi	x4,x14,1440	 x14:0x80041024  x4=0x800415c4
       4775.000 ns	       476	80000388	01af26b3	slt	x13,x30,x26	 x30:0x0000000a x26:0x00000000 x13=0x00000000
       5105.000 ns	       509	8000038c	19f771d3	fdiv.s	f3,f14,f31	 f14:0x002b8731 f31:0x805356eb  f3=0xbe75ce43
       5155.000 ns	       514	80000390	01e27653	fadd.s	f12,f4,f30	  f4:0x80000000 f30:0xff800000 f12=0xff800000
       5185.000 ns	       517	80000394	02006fb3	rem	x31,x0,x0	  x0:0x00000000  x0:0x00000000 x31=0x00000000
       5215.000 ns	       520	80000398	02bda7b3	mulhsu	x15,x27,x11	 x27:0x00000000 x11:0x00000000 x15=0x00000000
       5245.000 ns	       523	8000039c	a06911d3	flt.s	x3,f18,f6	 f18:0x00000000  f6:0xce723719  x3=0x00000000
       5275.000 ns	       526	800003a0	21ae2fd3	fsgnjx.s	f31,f28,f26	 f28:0x004a581b f26:0x7f7fffff f31=0x004a581b
       5325.000 ns	       531	800003a4	0081ff53	fadd.s	f30,f3,f8	  f3:0xbe75ce43  f8:0xff7fffff f30=0xff7fffff
       5355.000 ns	       534	800003a8	218627d3	fsgnjx.s	f15,f12,f24	 f12:0xff800000 f24:0x7fc00000 f15=0xff800000
       5375.000 ns	       536	800003ac	003aaa33	slt	x20,x21,x3	 x21:0x00000001  x3:0x00000000 x20=0x00000000
       5415.000 ns	       540	800003b0	00adf053	fadd.s	f0,f27,f10	 f27:0x7f800001 f10:0xff800000  f0=0x7fc00000
       5435.000 ns	       542	800003b4	0077a233	slt	x4,x15,x7	 x15:0x00000000  x7:0x00000000  x4=0x00000000
       5445.000 ns	       543	800003b8	40a902b3	sub	x5,x18,x10	 x18:0x00000000 x10:0x00000000  x5=0x00000000
       5455.000 ns	       544	800003bc	4010db13	srai	x22,x1,0x1	  x1:0x00000000 x22=0x00000000
       5465.000 ns	       545	800003c0	017096b3	sll	x13,x1,x23	  x1:0x00000000 x23:0x00000000 x13=0x00000000
       5475.000 ns	       546	800003c4	01738b33	add	x22,x7,x23	  x7:0x00000000 x23:0x00000000 x22=0x00000000
       5485.000 ns	       547	800003c8	408086b3	sub	x13,x1,x8	  x1:0x00000000  x8:0x00000008 x13=0xfffffff8
       5505.000 ns	       549	800003cc	d01a83d3	fcvt.s.wu	f7,x21	 x21:0x00000001  f7=0x3f800000
       5535.000 ns	       552	800003d0	a17c9ed3	flt.s	x29,f25,f23	 f25:0x00000000 f23:0x7f800001 x29=0x00000000
       5555.000 ns	       554	800003d4	01ec1533	sll	x10,x24,x30	 x24:0x00000001 x30:0x0000000a x10=0x00000400
       5575.000 ns	       556	800003d8	d015b353	fcvt.s.wu	f6,x11	 x11:0x00000000  f6=0x00000000
       5595.000 ns	       558	800003dc	41a504b3	sub	x9,x10,x26	 x10:0x00000000 x26:0x00000000  x9=0x00000400
       5605.000 ns	       559	800003e0	002e9513	slli	x10,x29,0x2	 x29:0x00000000 x10=0x00000000
       5625.000 ns	       561	800003e4	a1021cd3	flt.s	x25,f4,f16	  f4:0x80000000 f16:0x7fc00000 x25=0x00000000
       5655.000 ns	       564	800003e8	29f919d3	fmax.s	f19,f18,f31	 f18:0x00000000 f31:0x004a581b f19=0x004a581b
       6025.000 ns	       601	800003ec	03ebe433	rem	x8,x23,x30	 x23:0x00000000 x30:0x0000000a  x8=0x00000000
       6045.000 ns	       603	800003f0	01a7d893	srli	x17,x15,0x1a	 x15:0x00000000 x17=0x00000000
       6055.000 ns	       604	800003f4	73e6c893	xori	x17,x13,1854	 x13:0xfffffff8 x17=0xfffff8c6
       6075.000 ns	       606	800003f8	02c59d33	mulh	x26,x11,x12	 x11:0x00000000 x12:0x00000000 x26=0x00000000
       6095.000 ns	       608	800003fc	007dccb3	xor	x25,x27,x7	 x27:0x00000000  x7:0x00000000 x25=0x00000000
       6455.000 ns	       644	80000400	031cceb3	div	x29,x25,x17	 x25:0x00000000 x17:0xfffff8c6 x29=0x00000000
       6505.000 ns	       649	80000404	09717453	fsub.s	f8,f2,f23	  f2:0xff7fffff f23:0x7f800001  f8=0x7fc00000
       6535.000 ns	       652	80000408	f00203d3	fmv.w.x	f7,x4	  x4:0x00000000  f7=0x00000000
       6565.000 ns	       655	8000040c	03862433	mulhsu	x8,x12,x24	 x12:0x00000000 x24:0x00000001  x8=0x00000000
       6585.000 ns	       657	80000410	018270b3	and	x1,x4,x24	  x4:0x00000000 x24:0x00000001  x1=0x00000000
       6595.000 ns	       658	80000414	00ec70b3	and	x1,x24,x14	 x24:0x00000001 x14:0x80041024  x1=0x00000000
       6605.000 ns	       659	80000418	5eafba97	auipc	x21,0x5eafb	 x21=0xdeafb418
       6615.000 ns	       660	8000041c	010ddfb3	srl	x31,x27,x16	 x27:0x00000000 x16:0x00000004 x31=0x00000000
       6625.000 ns	       661	80000420	4090dab3	sra	x21,x1,x9	  x1:0x00000000  x9:0x00000400 x21=0x00000000
       6645.000 ns	       663	80000424	20760853	fsgnj.s	f16,f12,f7	 f12:0xff800000  f7:0x00000000 f16=0x7f800000
       6675.000 ns	       666	80000428	a1632053	feq.s	x0,f6,f22	  f6:0x00000000 f22:0x7fc00000
       6705.000 ns	       669	8000042c	03b71533	mulh	x10,x14,x27	 x14:0x80041024 x27:0x00000000 x10=0x00000000
       6735.000 ns	       672	80000430	a1f59b53	flt.s	x22,f11,f31	 f11:0x80000000 f31:0x004a581b x22=0x00000001
       6775.000 ns	       676	80000434	19bb9953	fdiv.s	f18,f23,f27	 f23:0x7f800001 f27:0x7f800001 f18=0x7fc00000
       6805.000 ns	       679	80000438	c01a9253	fcvt.wu.s	x4,f21	 f21:0x00000000  x4=0x00000000
       6835.000 ns	       682	8000043c	0394dfb3	divu	x31,x9,x25	  x9:0x00000400 x25:0x00000000 x31=0xffffffff
       6855.000 ns	       684	80000440	0102b5b3	sltu	x11,x5,x16	  x5:0x00000000 x16:0x00000004 x11=0x00000001
       6865.000 ns	       685	80000444	00dd5f93	srli	x31,x26,0xd	 x26:0x00000000 x31=0x00000000
       6885.000 ns	       687	80000448	02279b33	mulh	x22,x15,x2	 x15:0x00000000  x2:0x80040fe4 x22=0x00000000
       6925.000 ns	       691	8000044c	18867bd3	fdiv.s	f23,f12,f8	 f12:0xff800000  f8:0x7fc00000 f23=0x7fc00000
       6955.000 ns	       694	80000450	e0079bd3	fclass.s	x23,f15	 f15:0xff800000 x23=0x00000001
       6975.000 ns	       696	80000454	01cba5b3	slt	x11,x23,x28	 x23:0x00000000 x28:0xffffffff x11=0x00000000
       7005.000 ns	       699	80000458	193a2753	fdiv.s	f14,f20,f19	 f20:0x80000000 f19:0x004a581b f14=0x80000000
       7035.000 ns	       702	8000045c	0238e433	rem	x8,x17,x3	 x17:0xfffff8c6  x3:0x00000000  x8=0xfffff8c6
       7085.000 ns	       707	80000460	00a07753	fadd.s	f14,f0,f10	  f0:0x7fc00000 f10:0xff800000 f14=0x7fc00000
       7125.000 ns	       711	80000464	18e7c753	fdiv.s	f14,f15,f14	 f15:0xff800000 f14:0x80000000 f14=0x7fc00000
       7155.000 ns	       714	80000468	c011fad3	fcvt.wu.s	x21,f3	  f3:0xbe75ce43 x21=0x00000000
       7185.000 ns	       717	8000046c	02b32cb3	mulhsu	x25,x6,x11	  x6:0x00000000 x11:0x00000000 x25=0x00000000
       7205.000 ns	       719	80000470	00e09cb3	sll	x25,x1,x14	  x1:0x00000000 x14:0x80041024 x25=0x00000000
       7225.000 ns	       721	80000474	f0030653	fmv.w.x	f12,x6	  x6:0x00000000 f12=0x00000000
       7255.000 ns	       724	80000478	024700b3	mul	x1,x14,x4	 x14:0x80041024  x4:0x00000000  x1=0x00000000
       7275.000 ns	       726	8000047c	d03a7a13	andi	x20,x20,-765	 x20:0x00000000 x20=0x00000000
       7285.000 ns	       727	80000480	41e35313	srai	x6,x6,0x1e	  x6:0x00000000  x6=0x00000000
       7305.000 ns	       729	80000484	038ab033	mulhu	x0,x21,x24	 x21:0x00000000 x24:0x00000001
       7325.000 ns	       731	80000488	5aec6613	ori	x12,x24,1454	 x24:0x00000001 x12=0x000005af
       7345.000 ns	       733	8000048c	03da7b33	remu	x22,x20,x29	 x20:0x00000000 x29:0x00000000 x22=0x00000000
       7365.000 ns	       735	80000490	005ce1b3	or	x3,x25,x5	 x25:0x00000000  x5:0x00000000  x3=0x00000000
       7375.000 ns	       736	80000494	01c24033	xor	x0,x4,x28	  x4:0x00000000 x28:0xffffffff
       7405.000 ns	       739	80000498	18347253	fdiv.s	f4,f8,f3	  f8:0x7fc00000  f3:0xbe75ce43  f4=0x7fc00000
       7455.000 ns	       744	8000049c	08287dd3	fsub.s	f27,f16,f2	 f16:0x7f800000  f2:0xff7fffff f27=0x7f800000
       7475.000 ns	       746	800004a0	005cdc93	srli	x25,x25,0x5	 x25:0x00000000 x25=0x00000000
       7485.000 ns	       747	800004a4	407a1e97	auipc	x29,0x407a1	 x29=0xc07a14a4
       7505.000 ns	       749	800004a8	a06e8ed3	fle.s	x29,f29,f6	 f29:0x7f800001  f6:0x00000000 x29=0x00000000
       7535.000 ns	       752	800004ac	d01471d3	fcvt.s.wu	f3,x8	  x8:0xfffff8c6  f3=0x4f7ffff8
       7565.000 ns	       755	800004b0	03bdfc33	remu	x24,x27,x27	 x27:0x00000000 x27:0x00000000 x24=0x00000000
       7615.000 ns	       760	800004b4	00e69453	fadd.s	f8,f13,f14	 f13:0xdf6d1602 f14:0x7fc00000  f8=0x7fc00000
       7645.000 ns	       763	800004b8	0252f533	remu	x10,x5,x5	  x5:0x00000000  x5:0x00000000 x10=0x00000000
       7675.000 ns	       766	800004bc	29111cd3	fmax.s	f25,f2,f17	  f2:0xff7fffff f17:0xfd90342b f25=0xfd90342b
       7705.000 ns	       769	800004c0	c00afc53	fcvt.w.s	x24,f21	 f21:0x00000000 x24=0x00000000
       7735.000 ns	       772	800004c4	215f90d3	fsgnjn.s	f1,f31,f21	 f31:0x004a581b f21:0x00000000  f1=0x804a581b
       7765.000 ns	       775	800004c8	d0137553	fcvt.s.wu	f10,x6	  x6:0x00000000 f10=0x00000000
       7785.000 ns	       777	800004cc	73600193	addi	x3,x0,1846	  x0:0x00000000  x3=0x00000736
       7795.000 ns	       778	800004d0	019d1cb3	sll	x25,x26,x25	 x26:0x00000000 x25:0x00000000 x25=0x00000000
       7805.000 ns	       779	800004d4	00b535b3	sltu	x11,x10,x11	 x10:0x00000000 x11:0x00000000 x11=0x00000000
       7825.000 ns	       781	800004d8	d0014cd3	fcvt.s.w	f25,x2	  x2:0x80040fe4 f25=0xcefff7e0
       7875.000 ns	       786	800004dc	092f84d3	fsub.s	f9,f31,f18	 f31:0x004a581b f18:0x7fc00000  f9=0x7fc00000
       7905.000 ns	       789	800004e0	03b57d33	remu	x26,x10,x27	 x10:0x00000000 x27:0x00000000 x26=0x00000000
       7925.000 ns	       791	800004e4	00b0efb3	or	x31,x1,x11	  x1:0x00000000 x11:0x00000000 x31=0x00000000
       7945.000 ns	       793	800004e8	f0068853	fmv.w.x	f16,x13	 x13:0xfffffff8 f16=0xfffffff8
       7975.000 ns	       796	800004ec	036e0c33	mul	x24,x28,x22	 x28:0xffffffff x22:0x00000000 x24=0x00000000
       8005.000 ns	       799	800004f0	e0020f53	fmv.x.w	x30,f4	  f4:0x7fc00000 x30=0x7fc00000
       8035.000 ns	       802	800004f4	c00d3fd3	fcvt.w.s	x31,f26	 f26:0x7f7fffff x31=0x7fffffff
       8055.000 ns	       804	800004f8	009a8233	add	x4,x21,x9	 x21:0x00000000  x9:0x00000400  x4=0x00000400
       8075.000 ns	       806	800004fc	02fe0333	mul	x6,x28,x15	 x28:0xffffffff x15:0x00000000  x6=0x00000000
       8105.000 ns	       809	80000500	29281253	fmax.s	f4,f16,f18	 f16:0xfffffff8 f18:0x7fc00000  f4=0x7fc00000
       8135.000 ns	       812	80000504	f0048953	fmv.w.x	f18,x9	  x9:0x00000400 f18=0x00000400
       8505.000 ns	       849	80000508	02c0cdb3	div	x27,x1,x12	  x1:0x00000000 x12:0x000005af x27=0x00000000
       8535.000 ns	       852	8000050c	205aa653	fsgnjx.s	f12,f21,f5	 f21:0x00000000  f5:0x7fc00000 f12=0x00000000
       8585.000 ns	       857	80000510	08e42c53	fsub.s	f24,f8,f14	  f8:0x7fc00000 f14:0x7fc00000 f24=0x7fc00000
       8605.000 ns	       859	80000514	40fcd613	srai	x12,x25,0xf	 x25:0x00000000 x12=0x00000000
       8645.000 ns	       863	80000518	0982f5d3	fsub.s	f11,f5,f24	  f5:0x7fc00000 f24:0x7fc00000 f11=0x7fc00000
       8665.000 ns	       865	8000051c	4e358a93	addi	x21,x11,1251	 x11:0x00000000 x21=0x000004e3
       8695.000 ns	       868	80000520	10f78dd3	fmul.s	f27,f15,f15	 f15:0xff800000 f15:0xff800000 f27=0x7f800000
       8725.000 ns	       871	80000524	2120a053	fsgnjx.s	f0,f1,f18	  f1:0x804a581b f18:0x00000400  f0=0x804a581b
       8745.000 ns	       873	80000528	408c5893	srai	x17,x24,0x8	 x24:0x00000000 x17=0x00000000
       8755.000 ns	       874	8000052c	f142ce93	xori	x29,x5,-236	  x5:0x00000000 x29=0xffffff14
       8785.000 ns	       877	80000530	5804aad3	fsqrt.s	f21,f9	  f9:0x7fc00000 f21=0x7fc00000
       8825.000 ns	       881	80000534	19dd7453	fdiv.s	f8,f26,f29	 f26:0x7f7fffff f29:0x7f800001  f8=0x7fc00000
       8855.000 ns	       884	80000538	e0079cd3	fclass.s	x25,f15	 f15:0xff800000 x25=0x00000001
       8875.000 ns	       886	8000053c	017382b3	add	x5,x7,x23	  x7:0x00000000 x23:0x00000001  x5=0x00000001
       9235.000 ns	       922	80000540	03edecb3	rem	x25,x27,x30	 x27:0x00000000 x30:0x7fc00000 x25=0x00000000
       9265.000 ns	       925	80000544	a0f88fd3	fle.s	x31,f17,f15	 f17:0xfd90342b f15:0xff800000 x31=0x00000000
       9285.000 ns	       927	80000548	db377d93	andi	x27,x14,-589	 x14:0x80041024 x27=0x80041020
       9315.000 ns	       930	8000054c	19e77ad3	fdiv.s	f21,f14,f30	 f14:0x7fc00000 f30:0xff7fffff f21=0x7fc00000
       9345.000 ns	       933	80000550	020d8ab3	mul	x21,x27,x0	 x27:0x00000000  x0:0x00000000 x21=0x00000000
       9365.000 ns	       935	80000554	00d75e93	srli	x29,x14,0xd	 x14:0x80041024 x29=0x00040020
       9375.000 ns	       936	80000558	017cb7b3	sltu	x15,x25,x23	 x25:0x00000000 x23:0x00000001 x15=0x00000001
       9385.000 ns	       937	8000055c	f5d87893	andi	x17,x16,-163	 x16:0x00000004 x17=0x00000004
       9415.000 ns	       940	80000560	1026f2d3	fmul.s	f5,f13,f2	 f13:0xdf6d1602  f2:0xff7fffff  f5=0x7f800000
       9445.000 ns	       943	80000564	0360afb3	mulhsu	x31,x1,x22	  x1:0x00000000 x22:0x00000000 x31=0x00000000
       9465.000 ns	       945	80000568	36607013	andi	x0,x0,870	  x0:0x00000000
       9475.000 ns	       946	8000056c	014c21b3	slt	x3,x24,x20	 x24:0x00000000 x20:0x00000000  x3=0x00000000
       9505.000 ns	       949	80000570	195dcad3	fdiv.s	f21,f27,f21	 f27:0x7f800000 f21:0x7fc00000 f21=0x7fc00000
       9535.000 ns	       952	80000574	21060553	fsgnj.s	f10,f12,f16	 f12:0x00000000 f16:0xfffffff8 f10=0x80000000
       9565.000 ns	       955	80000578	c011f1d3	fcvt.wu.s	x3,f3	  f3:0x4f7ffff8  x3=0xfffff800
       9585.000 ns	       957	8000057c	012a97b3	sll	x15,x21,x18	 x21:0x00000000 x18:0x00000000 x15=0x00000000
       9595.000 ns	       958	80000580	40605d33	sra	x26,x0,x6	  x0:0x00000000  x6:0x00000000 x26=0x00000000
       9635.000 ns	       962	80000584	0960f153	fsub.s	f2,f1,f22	  f1:0x804a581b f22:0x7fc00000  f2=0x7fc00000
       9665.000 ns	       965	80000588	031bb633	mulhu	x12,x23,x17	 x23:0x00000001 x17:0x00000004 x12=0x00000000
       9685.000 ns	       967	8000058c	004b9d33	sll	x26,x23,x4	 x23:0x00000001  x4:0x00000400 x26=0x00000001
       9705.000 ns	       969	80000590	d001bbd3	fcvt.s.w	f23,x3	  x3:0xfffff800 f23=0xc5000000
       9725.000 ns	       971	80000594	0038db93	srli	x23,x17,0x3	 x17:0x00000004 x23=0x00000000
       9735.000 ns	       972	80000598	0cef6e93	ori	x29,x30,206	 x30:0x7fc00000 x29=0x7fc000ce
       9745.000 ns	       973	8000059c	0debf613	andi	x12,x23,222	 x23:0x00000001 x12=0x00000000
       9765.000 ns	       975	800005a0	02a32c33	mulhsu	x24,x6,x10	  x6:0x00000000 x10:0x00000000 x24=0x00000000
       9795.000 ns	       978	800005a4	20228553	fsgnj.s	f10,f5,f2	  f5:0x7f800000  f2:0x7fc00000 f10=0x7f800000
       9815.000 ns	       980	800005a8	4d2a0993	addi	x19,x20,1234	 x20:0x00000000 x19=0x000004d2
       9835.000 ns	       982	800005ac	c012ca53	fcvt.wu.s	x20,f5	  f5:0x7f800000 x20=0xffffffff
       9865.000 ns	       985	800005b0	d00e7e53	fcvt.s.w	f28,x28	 x28:0xffffffff f28=0xbf800000
       9885.000 ns	       987	800005b4	e60d9417	auipc	x8,0xe60d9	  x8=0x660d95b4
       9905.000 ns	       989	800005b8	c0044253	fcvt.w.s	x4,f8	  f8:0x7fc00000  x4=0x7fffffff
       9925.000 ns	       991	800005bc	66d28a93	addi	x21,x5,1645	  x5:0x00000001 x21=0x0000066e
       9935.000 ns	       992	800005c0	416450b3	sra	x1,x8,x22	  x8:0x660d95b4 x22:0x00000000  x1=0x660d95b4
       9955.000 ns	       994	800005c4	0260bab3	mulhu	x21,x1,x6	  x1:0x00000000  x6:0x00000000 x21=0x00000000
       9985.000 ns	       997	800005c8	a1e886d3	fle.s	x13,f17,f30	 f17:0xfd90342b f30:0xff7fffff x13=0x00000000
      10005.000 ns	       999	800005cc	d83abc13	sltiu	x24,x21,-637	 x21:0x00000000 x24=0x00000001
      10025.000 ns	      1001	800005d0	207e2353	fsgnjx.s	f6,f28,f7	 f28:0xbf800000  f7:0x00000000  f6=0xbf800000
      10055.000 ns	      1004	800005d4	02e6be33	mulhu	x28,x13,x14	 x13:0x00000000 x14:0x80041024 x28=0x00000000
      10075.000 ns	      1006	800005d8	00000013	addi	x0,x0,0	  x0:0x00000000
      10085.000 ns	      1007	800005dc	40285f13	srai	x30,x16,0x2	 x16:0x00000004 x30=0x00000001
      10095.000 ns	      1008	800005e0	00b8b633	sltu	x12,x17,x11	 x17:0x00000004 x11:0x00000000 x12=0x00000000
      10115.000 ns	      1010	800005e4	c01da9d3	fcvt.wu.s	x19,f27	 f27:0x7f800000 x19=0xffffffff
      10135.000 ns	      1012	800005e8	707ecd13	xori	x26,x29,1799	 x29:0x7fc000ce x26=0x7fc007c9
      10155.000 ns	      1014	800005ec	03463533	mulhu	x10,x12,x20	 x12:0x00000000 x20:0xffffffff x10=0x00000000
      10185.000 ns	      1017	800005f0	29039553	fmax.s	f10,f7,f16	  f7:0x00000000 f16:0xfffffff8 f10=0x00000000
      10205.000 ns	      1019	800005f4	00db68b3	or	x17,x22,x13	 x22:0x00000000 x13:0x00000000 x17=0x00000000
      10215.000 ns	      1020	800005f8	003e49b3	xor	x19,x28,x3	 x28:0x00000000  x3:0xfffff800 x19=0xfffff800
      10575.000 ns	      1056	800005fc	02146533	rem	x10,x8,x1	  x8:0x660d95b4  x1:0x660d95b4 x10=0x00000000
      10595.000 ns	      1058	80000600	00275d93	srli	x27,x14,0x2	 x14:0x80041024 x27=0x20010409
      10605.000 ns	      1059	80000604	5e444a97	auipc	x21,0x5e444	 x21=0xde444604
      10625.000 ns	      1061	80000608	a1429fd3	flt.s	x31,f5,f20	  f5:0x7f800000 f20:0x80000000 x31=0x00000000
      10655.000 ns	      1064	8000060c	c0131e53	fcvt.wu.s	x28,f6	  f6:0xbf800000 x28=0x00000001
      10675.000 ns	      1066	80000610	b2afc013	xori	x0,x31,-1238	 x31:0x00000000
      10685.000 ns	      1067	80000614	000ddc33	srl	x24,x27,x0	 x27:0x20010409  x0:0x00000000 x24=0x20010409
      10695.000 ns	      1068	80000618	00bd1233	sll	x4,x26,x11	 x26:0x7fc007c9 x11:0x00000000  x4=0x7fc007c9
      10725.000 ns	      1071	8000061c	114d37d3	fmul.s	f15,f26,f20	 f26:0x7f7fffff f20:0x80000000 f15=0x80000000
      10745.000 ns	      1073	80000620	00899b13	slli	x22,x19,0x8	 x19:0xfffff800 x22=0xfff80000
      10755.000 ns	      1074	80000624	00000013	addi	x0,x0,0	  x0:0x00000000
      10775.000 ns	      1076	80000628	e0098553	fmv.x.w	x10,f19	 f19:0x004a581b x10=0x004a581b
      10805.000 ns	      1079	8000062c	03f216b3	mulh	x13,x4,x31	  x4:0x7fc007c9 x31:0x00000000 x13=0x00000000
      10845.000 ns	      1083	80000630	580e2953	fsqrt.s	f18,f28	 f28:0xbf800000 f18=0x7fc00000
      10875.000 ns	      1086	80000634	e0039253	fclass.s	x4,f7	  f7:0x00000000  x4=0x00000010
      10915.000 ns	      1090	80000638	58083253	fsqrt.s	f4,f16	 f16:0xfffffff8  f4=0x7fc00000
      10935.000 ns	      1092	8000063c	015d56b3	srl	x13,x26,x21	 x26:0x7fc007c9 x21:0xde444604 x13=0x07fc007c
      10955.000 ns	      1094	80000640	20c31453	fsgnjn.s	f8,f6,f12	  f6:0xbf800000 f12:0x00000000  f8=0xbf800000
      10985.000 ns	      1097	80000644	0271ab33	mulhsu	x22,x3,x7	  x3:0xfffff800  x7:0x00000000 x22=0x00000000
      11355.000 ns	      1134	80000648	03ab58b3	divu	x17,x22,x26	 x22:0xfff80000 x26:0x7fc007c9 x17=0x00000000
      11385.000 ns	      1137	8000064c	021498b3	mulh	x17,x9,x1	  x9:0x00000400  x1:0x660d95b4 x17=0x00000198
      11405.000 ns	      1139	80000650	8a30bc93	sltiu	x25,x1,-1885	  x1:0x660d95b4 x25=0x00000001
      11415.000 ns	      1140	80000654	01cf27b3	slt	x15,x30,x28	 x30:0x00000001 x28:0x00000001 x15=0x00000000
      11425.000 ns	      1141	80000658	006b0533	add	x10,x22,x6	 x22:0x00000000  x6:0x00000000 x10=0x00000000
      11435.000 ns	      1142	8000065c	a6a96d13	ori	x26,x18,-1430	 x18:0x00000000 x26=0xfffffa6a
      11445.000 ns	      1143	80000660	009197b3	sll	x15,x3,x9	  x3:0xfffff800  x9:0x00000400 x15=0xfffff800
      11455.000 ns	      1144	80000664	41f0dd13	srai	x26,x1,0x1f	  x1:0x660d95b4 x26=0x00000000
      11465.000 ns	      1145	80000668	003ae933	or	x18,x21,x3	 x21:0xde444604  x3:0xfffff800 x18=0xfffffe04
      11475.000 ns	      1146	8000066c	a8303b13	sltiu	x22,x0,-1405	  x0:0x00000000 x22=0x00000001
      11485.000 ns	      1147	80000670	01765f13	srli	x30,x12,0x17	 x12:0x00000000 x30=0x00000000
      11495.000 ns	      1148	80000674	00000013	addi	x0,x0,0	  x0:0x00000000
      11505.000 ns	      1149	80000678	00d55a93	srli	x21,x10,0xd	 x10:0x00000000 x21=0x00000000
      11525.000 ns	      1151	8000067c	02a8acb3	mulhsu	x25,x17,x10	 x17:0x00000198 x10:0x00000000 x25=0x00000000
      11545.000 ns	      1153	80000680	014bd233	srl	x4,x23,x20	 x23:0x00000000 x20:0xffffffff  x4=0x00000000
      11565.000 ns	      1155	80000684	0207b2b3	mulhu	x5,x15,x0	 x15:0xfffff800  x0:0x00000000  x5=0x00000000
      11595.000 ns	      1158	80000688	203809d3	fsgnj.s	f19,f16,f3	 f16:0xfffffff8  f3:0x4f7ffff8 f19=0x7ffffff8
      11625.000 ns	      1161	8000068c	c0157e53	fcvt.wu.s	x28,f10	 f10:0x00000000 x28=0x00000000
      11645.000 ns	      1163	80000690	01c18a33	add	x20,x3,x28	  x3:0xfffff800 x28:0x00000001 x20=0xfffff800
      11665.000 ns	      1165	80000694	c00546d3	fcvt.w.s	x13,f10	 f10:0x00000000 x13=0x00000000
      11695.000 ns	      1168	80000698	029ba333	mulhsu	x6,x23,x9	 x23:0x00000000  x9:0x00000400  x6=0x00000000
      11725.000 ns	      1171	8000069c	02afbfb3	mulhu	x31,x31,x10	 x31:0x00000000 x10:0x00000000 x31=0x00000000
      11755.000 ns	      1174	800006a0	02b0b8b3	mulhu	x17,x1,x11	  x1:0x660d95b4 x11:0x00000000 x17=0x00000000
      11785.000 ns	      1177	800006a4	0266f2b3	remu	x5,x13,x6	 x13:0x00000000  x6:0x00000000  x5=0x00000000
      12155.000 ns	      1214	800006a8	02985cb3	divu	x25,x16,x9	 x16:0x00000004  x9:0x00000400 x25=0x00000000
      12185.000 ns	      1217	800006ac	209ca0d3	fsgnjx.s	f1,f25,f9	 f25:0xcefff7e0  f9:0x7fc00000  f1=0xcefff7e0
      12215.000 ns	      1220	800006b0	215b9d53	fsgnjn.s	f26,f23,f21	 f23:0xc5000000 f21:0x7fc00000 f26=0xc5000000
      12235.000 ns	      1222	800006b4	00de2db3	slt	x27,x28,x13	 x28:0x00000000 x13:0x00000000 x27=0x00000000
      12275.000 ns	      1226	800006b8	0137f2d3	fadd.s	f5,f15,f19	 f15:0x80000000 f19:0x7ffffff8  f5=0x7fc00000
      12295.000 ns	      1228	800006bc	18bc0c93	addi	x25,x24,395	 x24:0x20010409 x25=0x20010594
      12315.000 ns	      1230	800006c0	03c521b3	mulhsu	x3,x10,x28	 x10:0x00000000 x28:0x00000000  x3=0x00000000
      12345.000 ns	      1233	800006c4	a1a91053	flt.s	x0,f18,f26	 f18:0x7fc00000 f26:0xc5000000
      12385.000 ns	      1237	800006c8	19437053	fdiv.s	f0,f6,f20	  f6:0xbf800000 f20:0x80000000  f0=0x7f800000
      12405.000 ns	      1239	800006cc	db3fcb13	xori	x22,x31,-589	 x31:0x00000000 x22=0xfffffdb3
      12425.000 ns	      1241	800006d0	f0010753	fmv.w.x	f14,x2	  x2:0x80040fe4 f14=0x80040fe4
      12455.000 ns	      1244	800006d4	c01e4953	fcvt.wu.s	x18,f28	 f28:0xbf800000 x18=0x00000001
      12475.000 ns	      1246	800006d8	3a197f13	andi	x30,x18,929	 x18:0xfffffe04 x30=0x00000001
      12495.000 ns	      1248	800006dc	d00af9d3	fcvt.s.w	f19,x21	 x21:0x00000000 f19=0x00000000
      12525.000 ns	      1251	800006e0	034d3fb3	mulhu	x31,x26,x20	 x26:0x00000000 x20:0xfffff800 x31=0x00000000
      12545.000 ns	      1253	800006e4	d5c28413	addi	x8,x5,-676	  x5:0x00000000  x8=0xfffffd5c
      12565.000 ns	      1255	800006e8	29e301d3	fmin.s	f3,f6,f30	  f6:0xbf800000 f30:0xff7fffff  f3=0xff7fffff
      12585.000 ns	      1257	800006ec	40f75493	srai	x9,x14,0xf	 x14:0x80041024  x9=0xffff0008
      12595.000 ns	      1258	800006f0	419150b3	sra	x1,x2,x25	  x2:0x80040fe4 x25:0x20010594  x1=0xfffff800
      12605.000 ns	      1259	800006f4	0073afb3	slt	x31,x7,x7	  x7:0x00000000  x7:0x00000000 x31=0x00000000
      12625.000 ns	      1261	800006f8	e0051a53	fclass.s	x20,f10	 f10:0x00000000 x20=0x00000010
      12645.000 ns	      1263	800006fc	4050dab3	sra	x21,x1,x5	  x1:0xfffff800  x5:0x00000000 x21=0xfffff800
      12665.000 ns	      1265	80000700	e00915d3	fclass.s	x11,f18	 f18:0x7fc00000 x11=0x00000200
      12685.000 ns	      1267	80000704	00535f93	srli	x31,x6,0x5	  x6:0x00000000 x31=0x00000000
      12725.000 ns	      1271	80000708	01117553	fadd.s	f10,f2,f17	  f2:0x7fc00000 f17:0xfd90342b f10=0x7fc00000
      12755.000 ns	      1274	8000070c	c008cd53	fcvt.w.s	x26,f17	 f17:0xfd90342b x26=0x80000000
      12775.000 ns	      1276	80000710	24a97017	auipc	x0,0x24a97	
      12795.000 ns	      1278	80000714	03359db3	mulh	x27,x11,x19	 x11:0x00000200 x19:0xfffff800 x27=0xffffffff
      12825.000 ns	      1281	80000718	e00c1ad3	fclass.s	x21,f24	 f24:0x7fc00000 x21=0x00000200
      12855.000 ns	      1284	8000071c	295f9053	fmax.s	f0,f31,f21	 f31:0x004a581b f21:0x7fc00000  f0=0x004a581b
      12875.000 ns	      1286	80000720	01f4d6b3	srl	x13,x9,x31	  x9:0xffff0008 x31:0x00000000 x13=0xffff0008
      12895.000 ns	      1288	80000724	a0a819d3	flt.s	x19,f16,f10	 f16:0xfffffff8 f10:0x7fc00000 x19=0x00000000
      13265.000 ns	      1325	80000728	030a5cb3	divu	x25,x20,x16	 x20:0x00000010 x16:0x00000004 x25=0x00000004
      13285.000 ns	      1327	8000072c	000fcab3	xor	x21,x31,x0	 x31:0x00000000  x0:0x00000000 x21=0x00000000
      13305.000 ns	      1329	80000730	033cc1b3	div	x3,x25,x19	 x25:0x00000004 x19:0x00000000  x3=0xffffffff
      13325.000 ns	      1331	80000734	00f496b3	sll	x13,x9,x15	  x9:0xffff0008 x15:0xfffff800 x13=0xffff0008
      13335.000 ns	      1332	80000738	bc3ba193	slti	x3,x23,-1085	 x23:0x00000000  x3=0x00000000
      13355.000 ns	      1334	8000073c	a0340b53	fle.s	x22,f8,f3	  f8:0xbf800000  f3:0xff7fffff x22=0x00000000
      13395.000 ns	      1338	80000740	10737753	fmul.s	f14,f6,f7	  f6:0xbf800000  f7:0x00000000 f14=0x80000000
      13425.000 ns	      1341	80000744	e00d0453	fmv.x.w	x8,f26	 f26:0xc5000000  x8=0xc5000000
      13455.000 ns	      1344	80000748	f0050cd3	fmv.w.x	f25,x10	 x10:0x00000000 f25=0x00000000
      13485.000 ns	      1347	8000074c	0267f3b3	remu	x7,x15,x6	 x15:0xfffff800  x6:0x00000000  x7=0xfffff800
      13505.000 ns	      1349	80000750	04384c13	xori	x24,x16,67	 x16:0x00000004 x24=0x00000047
      13515.000 ns	      1350	80000754	01e6d293	srli	x5,x13,0x1e	 x13:0xffff0008  x5=0x00000003
      13535.000 ns	      1352	80000758	d0093fd3	fcvt.s.w	f31,x18	 x18:0x00000001 f31=0x3f800000
      13565.000 ns	      1355	8000075c	21592cd3	fsgnjx.s	f25,f18,f21	 f18:0x7fc00000 f21:0x7fc00000 f25=0x7fc00000
      13595.000 ns	      1358	80000760	a04a0f53	fle.s	x30,f20,f4	 f20:0x80000000  f4:0x7fc00000 x30=0x00000000
      13625.000 ns	      1361	80000764	d01ffed3	fcvt.s.wu	f29,x31	 x31:0x00000000 f29=0x00000000
      13655.000 ns	      1364	80000768	c01a1253	fcvt.wu.s	x4,f20	 f20:0x80000000  x4=0x00000000
      13675.000 ns	      1366	8000076c	dfede8b7	lui	x17,0xdfede	 x17=0xdfede000
      13685.000 ns	      1367	80000770	85520f13	addi	x30,x4,-1963	  x4:0x00000000 x30=0xfffff855
      13705.000 ns	      1369	80000774	035f17b3	mulh	x15,x30,x21	 x30:0x00000000 x21:0x00000000 x15=0x00000000
      13735.000 ns	      1372	80000778	d00f8453	fcvt.s.w	f8,x31	 x31:0x00000000  f8=0x00000000
      14105.000 ns	      1409	8000077c	02895333	divu	x6,x18,x8	 x18:0x00000001  x8:0xc5000000  x6=0x00000000
      14135.000 ns	      1412	80000780	f00f8bd3	fmv.w.x	f23,x31	 x31:0x00000000 f23=0x00000000
      14165.000 ns	      1415	80000784	032d15b3	mulh	x11,x26,x18	 x26:0x80000000 x18:0x00000001 x11=0xffffffff
      14535.000 ns	      1452	80000788	03865bb3	divu	x23,x12,x24	 x12:0x00000000 x24:0x00000047 x23=0x00000000
      14555.000 ns	      1454	8000078c	009678b3	and	x17,x12,x9	 x12:0x00000000  x9:0xffff0008 x17=0x00000000
      14565.000 ns	      1455	80000790	2e95fe93	andi	x29,x11,745	 x11:0xffffffff x29=0x000002e9
      14585.000 ns	      1457	80000794	290a9bd3	fmax.s	f23,f21,f16	 f21:0x7fc00000 f16:0xfffffff8 f23=0x7fc00000
      14615.000 ns	      1460	80000798	c019c0d3	fcvt.wu.s	x1,f19	 f19:0x00000000  x1=0x00000000
      14645.000 ns	      1463	8000079c	20d02dd3	fsgnjx.s	f27,f0,f13	  f0:0x004a581b f13:0xdf6d1602 f27=0x804a581b
      14675.000 ns	      1466	800007a0	023d9033	mulh	x0,x27,x3	 x27:0xffffffff  x3:0x00000000
      14695.000 ns	      1468	800007a4	01521f33	sll	x30,x4,x21	  x4:0x00000000 x21:0x00000000 x30=0x00000000
      14725.000 ns	      1471	800007a8	18534653	fdiv.s	f12,f6,f5	  f6:0xbf800000  f5:0x7fc00000 f12=0x7fc00000
      14745.000 ns	      1473	800007ac	00000013	addi	x0,x0,0	  x0:0x00000000
      14755.000 ns	      1474	800007b0	f069ac17	auipc	x24,0xf069a	 x24=0x7069a7b0
      15115.000 ns	      1510	800007b4	039550b3	divu	x1,x10,x25	 x10:0x00000000 x25:0x00000004  x1=0x00000000
      15145.000 ns	      1513	800007b8	e00d8253	fmv.x.w	x4,f27	 f27:0x804a581b  x4=0x804a581b
      15185.000 ns	      1517	800007bc	1057b053	fmul.s	f0,f15,f5	 f15:0x80000000  f5:0x7fc00000  f0=0x7fc00000
      15215.000 ns	      1520	800007c0	29149bd3	fmax.s	f23,f9,f17	  f9:0x7fc00000 f17:0xfd90342b f23=0xfd90342b
      15585.000 ns	      1557	800007c4	02ed64b3	rem	x9,x26,x14	 x26:0x80000000 x14:0x80041024  x9=0xfffbefdc
      15605.000 ns	      1559	800007c8	0110db93	srli	x23,x1,0x11	  x1:0x00000000 x23=0x00000000
      15615.000 ns	      1560	800007cc	01601c93	slli	x25,x0,0x16	  x0:0x00000000 x25=0x00000000
      15625.000 ns	      1561	800007d0	154e3493	sltiu	x9,x28,340	 x28:0x00000000  x9=0x00000001
      15645.000 ns	      1563	800007d4	20a78353	fsgnj.s	f6,f15,f10	 f15:0x80000000 f10:0x7fc00000  f6=0x00000000
      15675.000 ns	      1566	800007d8	21d09553	fsgnjn.s	f10,f1,f29	  f1:0xcefff7e0 f29:0x00000000 f10=0xcefff7e0
      15695.000 ns	      1568	800007dc	e35aacb7	lui	x25,0xe35aa	 x25=0xe35aa000
      15705.000 ns	      1569	800007e0	4ad0fe97	auipc	x29,0x4ad0f	 x29=0xcad0f7e0
      15715.000 ns	      1570	800007e4	75c28a13	addi	x20,x5,1884	  x5:0x00000003 x20=0x0000075f
      15735.000 ns	      1572	800007e8	e00518d3	fclass.s	x17,f10	 f10:0xcefff7e0 x17=0x00000002
      15755.000 ns	      1574	800007ec	00000013	addi	x0,x0,0	  x0:0x00000000
      15775.000 ns	      1576	800007f0	d007f9d3	fcvt.s.w	f19,x15	 x15:0x00000000 f19=0x00000000
      15795.000 ns	      1578	800007f4	0f7c6a93	ori	x21,x24,247	 x24:0x7069a7b0 x21=0x7069a7f7
      15805.000 ns	      1579	800007f8	4918c613	xori	x12,x17,1169	 x17:0x00000002 x12=0x00000493
      15825.000 ns	      1581	800007fc	2099a953	fsgnjx.s	f18,f19,f9	 f19:0x00000000  f9:0x7fc00000 f18=0x00000000
      15875.000 ns	      1586	80000800	08470fd3	fsub.s	f31,f14,f4	 f14:0x80000000  f4:0x7fc00000 f31=0x7fc00000
      15905.000 ns	      1589	80000804	a11792d3	flt.s	x5,f15,f17	 f15:0x80000000 f17:0xfd90342b  x5=0x00000000
      15925.000 ns	      1591	80000808	01dffb33	and	x22,x31,x29	 x31:0x00000000 x29:0xcad0f7e0 x22=0x00000000
      15965.000 ns	      1595	8000080c	017b7753	fadd.s	f14,f22,f23	 f22:0x7fc00000 f23:0xfd90342b f14=0x7fc00000
      15995.000 ns	      1598	80000810	29538e53	fmin.s	f28,f7,f21	  f7:0x00000000 f21:0x7fc00000 f28=0x00000000
      16025.000 ns	      1601	80000814	e0049b53	fclass.s	x22,f9	  f9:0x7fc00000 x22=0x00000200
      16045.000 ns	      1603	80000818	83beae13	slti	x28,x29,-1989	 x29:0xcad0f7e0 x28=0x00000001
      16055.000 ns	      1604	8000081c	011c5e93	srli	x29,x24,0x11	 x24:0x7069a7b0 x29=0x00003834
      16415.000 ns	      1640	80000820	030077b3	remu	x15,x0,x16	  x0:0x00000000 x16:0x00000004 x15=0x00000000
      16445.000 ns	      1643	80000824	02df0e33	mul	x28,x30,x13	 x30:0x00000000 x13:0xffff0008 x28=0x00000000
      16465.000 ns	      1645	80000828	15a16c13	ori	x24,x2,346	  x2:0x80040fe4 x24=0x80040ffe
      16475.000 ns	      1646	8000082c	07fceb13	ori	x22,x25,127	 x25:0xe35aa000 x22=0xe35aa07f
      16485.000 ns	      1647	80000830	00eccbb3	xor	x23,x25,x14	 x25:0xe35aa000 x14:0x80041024 x23=0x635eb024
      16505.000 ns	      1649	80000834	215a1653	fsgnjn.s	f12,f20,f21	 f20:0x80000000 f21:0x7fc00000 f12=0x80000000
      16535.000 ns	      1652	80000838	02a49f33	mulh	x30,x9,x10	  x9:0x00000001 x10:0x00000000 x30=0x00000000
      16555.000 ns	      1654	8000083c	41735c13	srai	x24,x6,0x17	  x6:0x00000000 x24=0x00000000
      16585.000 ns	      1657	80000840	580245d3	fsqrt.s	f11,f4	  f4:0x7fc00000 f11=0x7fc00000
      16605.000 ns	      1659	80000844	6d77e093	ori	x1,x15,1751	 x15:0x00000000  x1=0x000006d7
      16965.000 ns	      1695	80000848	03536bb3	rem	x23,x6,x21	  x6:0x00000000 x21:0x7069a7f7 x23=0x00000000
      16995.000 ns	      1698	8000084c	02583333	mulhu	x6,x16,x5	 x16:0x00000004  x5:0x00000000  x6=0x00000000
      17025.000 ns	      1701	80000850	293d0d53	fmin.s	f26,f26,f19	 f26:0xc5000000 f19:0x00000000 f26=0xc5000000
      17045.000 ns	      1703	80000854	010d2db3	slt	x27,x26,x16	 x26:0x80000000 x16:0x00000004 x27=0x00000001
      17065.000 ns	      1705	80000858	28ea1053	fmax.s	f0,f20,f14	 f20:0x80000000 f14:0x7fc00000  f0=0x80000000
      17095.000 ns	      1708	8000085c	a1770c53	fle.s	x24,f14,f23	 f14:0x7fc00000 f23:0xfd90342b x24=0x00000000
      17135.000 ns	      1712	80000860	195dc853	fdiv.s	f16,f27,f21	 f27:0x804a581b f21:0x7fc00000 f16=0x7fc00000
      17165.000 ns	      1715	80000864	c01074d3	fcvt.wu.s	x9,f0	  f0:0x80000000  x9=0x00000000
      17185.000 ns	      1717	80000868	00c0ffb3	and	x31,x1,x12	  x1:0x000006d7 x12:0x00000493 x31=0x00000493
      17205.000 ns	      1719	8000086c	c01e96d3	fcvt.wu.s	x13,f29	 f29:0x00000000 x13=0x00000000
      17225.000 ns	      1721	80000870	00000013	addi	x0,x0,0	  x0:0x00000000
      17235.000 ns	      1722	80000874	9c096e17	auipc	x28,0x9c096	 x28=0x1c096874
      17255.000 ns	      1724	80000878	283519d3	fmax.s	f19,f10,f3	 f10:0xcefff7e0  f3:0xff7fffff f19=0xcefff7e0
      17295.000 ns	      1728	8000087c	185a7053	fdiv.s	f0,f20,f5	 f20:0x80000000  f5:0x7fc00000  f0=0x7fc00000
      17345.000 ns	      1733	80000880	0845c6d3	fsub.s	f13,f11,f4	 f11:0x7fc00000  f4:0x7fc00000 f13=0x7fc00000
      17385.000 ns	      1737	80000884	18fefe53	fdiv.s	f28,f29,f15	 f29:0x00000000 f15:0x80000000 f28=0x7fc00000
      17415.000 ns	      1740	80000888	02d9e533	rem	x10,x19,x13	 x19:0x00000000 x13:0x00000000 x10=0x00000000
      17435.000 ns	      1742	8000088c	008e8333	add	x6,x29,x8	 x29:0x00003834  x8:0xc5000000  x6=0xc5003834
      17455.000 ns	      1744	80000890	a0f095d3	flt.s	x11,f1,f15	  f1:0xcefff7e0 f15:0x80000000 x11=0x00000001
      17485.000 ns	      1747	80000894	20e71a53	fsgnjn.s	f20,f14,f14	 f14:0x7fc00000 f14:0x7fc00000 f20=0xffc00000
      17505.000 ns	      1749	80000898	967c7a13	andi	x20,x24,-1689	 x24:0x00000000 x20=0x00000000
      17545.000 ns	      1753	8000089c	08518bd3	fsub.s	f23,f3,f5	  f3:0xff7fffff  f5:0x7fc00000 f23=0x7fc00000
      17585.000 ns	      1757	800008a0	580a7953	fsqrt.s	f18,f20	 f20:0xffc00000 f18=0x7fc00000
      17615.000 ns	      1760	800008a4	e00e0e53	fmv.x.w	x28,f28	 f28:0x7fc00000 x28=0x7fc00000
      17645.000 ns	      1763	800008a8	a1bd2353	feq.s	x6,f26,f27	 f26:0xc5000000 f27:0x804a581b  x6=0x00000000
      17675.000 ns	      1766	800008ac	0209f0b3	remu	x1,x19,x0	 x19:0x00000000  x0:0x00000000  x1=0x00000000
      17705.000 ns	      1769	800008b0	03cd22b3	mulhsu	x5,x26,x28	 x26:0x80000000 x28:0x7fc00000  x5=0xc0200000
      17745.000 ns	      1773	800008b4	5801fa53	fsqrt.s	f20,f3	  f3:0xff7fffff f20=0x7fc00000
      17765.000 ns	      1775	800008b8	3de84893	xori	x17,x16,990	 x16:0x00000004 x17=0x000003da
      17775.000 ns	      1776	800008bc	00000013	addi	x0,x0,0	  x0:0x00000000
      17785.000 ns	      1777	800008c0	ca081f17	auipc	x30,0xca081	 x30=0x4a0818c0
      17805.000 ns	      1779	800008c4	02b624b3	mulhsu	x9,x12,x11	 x12:0x00000493 x11:0x00000001  x9=0x00000000
      17855.000 ns	      1784	800008c8	0104aa53	fadd.s	f20,f9,f16	  f9:0x7fc00000 f16:0x7fc00000 f20=0x7fc00000
      17885.000 ns	      1787	800008cc	21260c53	fsgnj.s	f24,f12,f18	 f12:0x80000000 f18:0x7fc00000 f24=0x00000000
      17915.000 ns	      1790	800008d0	c018f353	fcvt.wu.s	x6,f17	 f17:0xfd90342b  x6=0x00000000
      17965.000 ns	      1795	800008d4	09e8acd3	fsub.s	f25,f17,f30	 f17:0xfd90342b f30:0xff7fffff f25=0x7f6df979
      18005.000 ns	      1799	800008d8	19e37053	fdiv.s	f0,f6,f30	  f6:0x00000000 f30:0xff7fffff  f0=0x80000000
      18025.000 ns	      1801	800008dc	00e2aeb3	slt	x29,x5,x14	  x5:0xc0200000 x14:0x80041024 x29=0x00000000
      18035.000 ns	      1802	800008e0	01302c33	slt	x24,x0,x19	  x0:0x00000000 x19:0x00000000 x24=0x00000000
      18045.000 ns	      1803	800008e4	00cdf7b3	and	x15,x27,x12	 x27:0x00000001 x12:0x00000493 x15=0x00000001
      18075.000 ns	      1806	800008e8	5804f8d3	fsqrt.s	f17,f9	  f9:0x7fc00000 f17=0x7fc00000
      18105.000 ns	      1809	800008ec	a18290d3	flt.s	x1,f5,f24	  f5:0x7fc00000 f24:0x00000000  x1=0x00000000
      18125.000 ns	      1811	800008f0	dd4ac893	xori	x17,x21,-556	 x21:0x7069a7f7 x17=0x8f965a23
      18135.000 ns	      1812	800008f4	01db9f13	slli	x30,x23,0x1d	 x23:0x00000000 x30=0x00000000
      18495.000 ns	      1848	800008f8	03f1c5b3	div	x11,x3,x31	  x3:0x00000000 x31:0x00000493 x11=0x00000000
      18515.000 ns	      1850	800008fc	403251b3	sra	x3,x4,x3	  x4:0x804a581b  x3:0x00000000  x3=0x804a581b
      18545.000 ns	      1853	80000900	11b2ffd3	fmul.s	f31,f5,f27	  f5:0x7fc00000 f27:0x804a581b f31=0x7fc00000
      18565.000 ns	      1855	80000904	00ecb033	sltu	x0,x25,x14	 x25:0xe35aa000 x14:0x80041024
      18585.000 ns	      1857	80000908	28231753	fmax.s	f14,f6,f2	  f6:0x00000000  f2:0x7fc00000 f14=0x00000000
      18615.000 ns	      1860	8000090c	219d92d3	fsgnjn.s	f5,f27,f25	 f27:0x804a581b f25:0x7f6df979  f5=0x804a581b
      18635.000 ns	      1862	80000910	33b0a913	slti	x18,x1,827	  x1:0x00000000 x18=0x00000001
      18655.000 ns	      1864	80000914	023c12b3	mulh	x5,x24,x3	 x24:0x00000000  x3:0x804a581b  x5=0x00000000
      18695.000 ns	      1868	80000918	10a0fad3	fmul.s	f21,f1,f10	  f1:0xcefff7e0 f10:0xcefff7e0 f21=0x5e7fefc0
      18725.000 ns	      1871	8000091c	a0f115d3	flt.s	x11,f2,f15	  f2:0x7fc00000 f15:0x80000000 x11=0x00000000
      18745.000 ns	      1873	80000920	00099493	slli	x9,x19,0x0	 x19:0x00000000  x9=0x00000000
      18755.000 ns	      1874	80000924	019e28b3	slt	x17,x28,x25	 x28:0x7fc00000 x25:0xe35aa000 x17=0x00000000
      18765.000 ns	      1875	80000928	0082e933	or	x18,x5,x8	  x5:0x00000000  x8:0xc5000000 x18=0xc5000000
      19125.000 ns	      1911	8000092c	032f5d33	divu	x26,x30,x18	 x30:0x00000000 x18:0x00000001 x26=0x00000000
      19155.000 ns	      1914	80000930	281c1dd3	fmax.s	f27,f24,f1	 f24:0x00000000  f1:0xcefff7e0 f27=0x00000000
      19175.000 ns	      1916	80000934	00972db3	slt	x27,x14,x9	 x14:0x80041024  x9:0x00000000 x27=0x00000001
      19185.000 ns	      1917	80000938	011b8f33	add	x30,x23,x17	 x23:0x00000000 x17:0x00000000 x30=0x00000000
      19195.000 ns	      1918	8000093c	643db517	auipc	x10,0x643db	 x10=0xe43db93c
      19215.000 ns	      1920	80000940	d01d33d3	fcvt.s.wu	f7,x26	 x26:0x00000000  f7=0x00000000
      19245.000 ns	      1923	80000944	e0089b53	fclass.s	x22,f17	 f17:0x7fc00000 x22=0x00000200
      19265.000 ns	      1925	80000948	d4716b13	ori	x22,x2,-697	  x2:0x80040fe4 x22=0xffffffe7
      19285.000 ns	      1927	8000094c	29c40ad3	fmin.s	f21,f8,f28	  f8:0x00000000 f28:0x7fc00000 f21=0x00000000
      19305.000 ns	      1929	80000950	556a18b7	lui	x17,0x556a1	 x17=0x556a1000
      19325.000 ns	      1931	80000954	296e9e53	fmax.s	f28,f29,f22	 f29:0x00000000 f22:0x7fc00000 f28=0x00000000
      19345.000 ns	      1933	80000958	01d3f333	and	x6,x7,x29	  x7:0xfffff800 x29:0x00000000  x6=0x00000000
      19355.000 ns	      1934	8000095c	007f1a93	slli	x21,x30,0x7	 x30:0x00000000 x21=0x00000000
      19365.000 ns	      1935	80000960	00000013	addi	x0,x0,0	  x0:0x00000000
      19375.000 ns	      1936	80000964	13f98917	auipc	x18,0x13f98	 x18=0x93f98964
      19395.000 ns	      1938	80000968	20e692d3	fsgnjn.s	f5,f13,f14	 f13:0x7fc00000 f14:0x00000000  f5=0xffc00000
      19435.000 ns	      1942	8000096c	58087dd3	fsqrt.s	f27,f16	 f16:0x7fc00000 f27=0x7fc00000
      19455.000 ns	      1944	80000970	41dd5d93	srai	x27,x26,0x1d	 x26:0x00000000 x27=0x00000000
      19465.000 ns	      1945	80000974	e9eaf913	andi	x18,x21,-354	 x21:0x00000000 x18=0x00000000
      19825.000 ns	      1981	80000978	03c161b3	rem	x3,x2,x28	  x2:0x80040fe4 x28:0x7fc00000  x3=0xffc40fe4
      19845.000 ns	      1983	8000097c	60350593	addi	x11,x10,1539	 x10:0xe43db93c x11=0xe43dbf3f
      19865.000 ns	      1985	80000980	e00c0c53	fmv.x.w	x24,f24	 f24:0x00000000 x24=0x00000000
      19885.000 ns	      1987	80000984	411a5533	sra	x10,x20,x17	 x20:0x00000000 x17:0x556a1000 x10=0x00000000
      19915.000 ns	      1990	80000988	105199d3	fmul.s	f19,f3,f5	  f3:0xff7fffff  f5:0xffc00000 f19=0x7fc00000
      19945.000 ns	      1993	8000098c	c00575d3	fcvt.w.s	x11,f10	 f10:0xcefff7e0 x11=0x7ffbf000
      19965.000 ns	      1995	80000990	003812b3	sll	x5,x16,x3	 x16:0x00000004  x3:0xffc40fe4  x5=0x00000040
      19985.000 ns	      1997	80000994	a0750253	fle.s	x4,f10,f7	 f10:0xcefff7e0  f7:0x00000000  x4=0x00000001
      20015.000 ns	      2000	80000998	c01a74d3	fcvt.wu.s	x9,f20	 f20:0x7fc00000  x9=0xffffffff
      20035.000 ns	      2002	8000099c	00e5fdb3	and	x27,x11,x14	 x11:0x7ffbf000 x14:0x80041024 x27=0x00001000
      20045.000 ns	      2003	800009a0	00619593	slli	x11,x3,0x6	  x3:0xffc40fe4 x11=0xf103f900
      20055.000 ns	      2004	800009a4	2d968413	addi	x8,x13,729	 x13:0x00000000  x8=0x000002d9
      20065.000 ns	      2005	800009a8	d2dce637	lui	x12,0xd2dce	 x12=0xd2dce000
      20095.000 ns	      2008	800009ac	11b80853	fmul.s	f16,f16,f27	 f16:0x7fc00000 f27:0x7fc00000 f16=0x7fc00000
      20115.000 ns	      2010	800009b0	008c98b3	sll	x17,x25,x8	 x25:0xe35aa000  x8:0x000002d9 x17=0x00000000
      20125.000 ns	      2011	800009b4	ab2bc517	auipc	x10,0xab2bc	 x10=0x2b2bc9b4
      20145.000 ns	      2013	800009b8	29848753	fmin.s	f14,f9,f24	  f9:0x7fc00000 f24:0x00000000 f14=0x00000000
      20165.000 ns	      2015	800009bc	0031b1b3	sltu	x3,x3,x3	  x3:0xffc40fe4  x3:0xffc40fe4  x3=0x00000000
      20185.000 ns	      2017	800009c0	02510933	mul	x18,x2,x5	  x2:0x80040fe4  x5:0x00000040 x18=0x0103f900
      20205.000 ns	      2019	800009c4	f1d9dfb7	lui	x31,0xf1d9d	 x31=0xf1d9d000
      20215.000 ns	      2020	800009c8	58211b17	auipc	x22,0x58211	 x22=0xd82119c8
      20235.000 ns	      2022	800009cc	28f397d3	fmax.s	f15,f7,f15	  f7:0x00000000 f15:0x80000000 f15=0x00000000
      20255.000 ns	      2024	800009d0	a5d46213	ori	x4,x8,-1443	  x8:0x000002d9  x4=0xfffffadd
      20265.000 ns	      2025	800009d4	6b48ae13	slti	x28,x17,1716	 x17:0x00000000 x28=0x00000001
      20295.000 ns	      2028	800009d8	1808f553	fdiv.s	f10,f17,f0	 f17:0x7fc00000  f0:0x80000000 f10=0x7fc00000
      20325.000 ns	      2031	800009dc	02d17f33	remu	x30,x2,x13	  x2:0x80040fe4 x13:0x00000000 x30=0x80040fe4
      20345.000 ns	      2033	800009e0	00000013	addi	x0,x0,0	  x0:0x00000000
      20355.000 ns	      2034	800009e4	000baeb3	slt	x29,x23,x0	 x23:0x00000000  x0:0x00000000 x29=0x00000000
      20365.000 ns	      2035	800009e8	da8d0a93	addi	x21,x26,-600	 x26:0x00000000 x21=0xfffffda8
      20375.000 ns	      2036	800009ec	018fdbb3	srl	x23,x31,x24	 x31:0xf1d9d000 x24:0x00000000 x23=0xf1d9d000
      20385.000 ns	      2037	800009f0	f5723693	sltiu	x13,x4,-169	  x4:0xfffffadd x13=0x00000001
      20395.000 ns	      2038	800009f4	f85129b7	lui	x19,0xf8512	 x19=0xf8512000
      20415.000 ns	      2040	800009f8	a1c598d3	flt.s	x17,f11,f28	 f11:0x7fc00000 f28:0x00000000 x17=0x00000000
      21595.000 ns	      2158	800009fc	580cabd3	fsqrt.s	f23,f25	 f25:0x7f6df979 f23=0x5f2845f7
      21615.000 ns	      2160	80000a00	01e94db3	xor	x27,x18,x30	 x18:0x0103f900 x30:0x80040fe4 x27=0x8107f6e4
      21635.000 ns	      2162	80000a04	e0098453	fmv.x.w	x8,f19	 f19:0x7fc00000  x8=0x7fc00000
      21655.000 ns	      2164	80000a08	00079993	slli	x19,x15,0x0	 x15:0x00000001 x19=0x00000001
      21695.000 ns	      2168	80000a0c	0014fc53	fadd.s	f24,f9,f1	  f9:0x7fc00000  f1:0xcefff7e0 f24=0x7fc00000
      21725.000 ns	      2171	80000a10	0378ae33	mulhsu	x28,x17,x23	 x17:0x00000000 x23:0xf1d9d000 x28=0x00000000
      21745.000 ns	      2173	80000a14	f909b693	sltiu	x13,x19,-112	 x19:0x00000001 x13=0x00000001
      21755.000 ns	      2174	80000a18	00597a33	and	x20,x18,x5	 x18:0x0103f900  x5:0x00000040 x20=0x00000000
      21775.000 ns	      2176	80000a1c	28350353	fmin.s	f6,f10,f3	 f10:0x7fc00000  f3:0xff7fffff  f6=0xff7fffff
      21795.000 ns	      2178	80000a20	01243b33	sltu	x22,x8,x18	  x8:0x7fc00000 x18:0x0103f900 x22=0x00000000
      21815.000 ns	      2180	80000a24	2177a353	fsgnjx.s	f6,f15,f23	 f15:0x00000000 f23:0x5f2845f7  f6=0x00000000
      21855.000 ns	      2184	80000a28	1117f153	fmul.s	f2,f15,f17	 f15:0x00000000 f17:0x7fc00000  f2=0x7fc00000
      21885.000 ns	      2187	80000a2c	c01e7053	fcvt.wu.s	x0,f28	 f28:0x00000000
      21915.000 ns	      2190	80000a30	200ca553	fsgnjx.s	f10,f25,f0	 f25:0x7f6df979  f0:0x80000000 f10=0xff6df979
      21935.000 ns	      2192	80000a34	40e955b3	sra	x11,x18,x14	 x18:0x0103f900 x14:0x80041024 x11=0x00103f90
      21945.000 ns	      2193	80000a38	00000013	addi	x0,x0,0	  x0:0x00000000
      22305.000 ns	      2229	80000a3c	03b778b3	remu	x17,x14,x27	 x14:0x80041024 x27:0x8107f6e4 x17=0x80041024
      22335.000 ns	      2232	80000a40	21ad8053	fsgnj.s	f0,f27,f26	 f27:0x7fc00000 f26:0xc5000000  f0=0xffc00000
      22355.000 ns	      2234	80000a44	019fd5b3	srl	x11,x31,x25	 x31:0xf1d9d000 x25:0xe35aa000 x11=0xf1d9d000
      22365.000 ns	      2235	80000a48	01d22cb3	slt	x25,x4,x29	  x4:0xfffffadd x29:0x00000000 x25=0x00000001
      22395.000 ns	      2238	80000a4c	580af053	fsqrt.s	f0,f21	 f21:0x00000000  f0=0x00000000
      22415.000 ns	      2240	80000a50	40cd5533	sra	x10,x26,x12	 x26:0x00000000 x12:0xd2dce000 x10=0x00000000
      22425.000 ns	      2241	80000a54	01cb1493	slli	x9,x22,0x1c	 x22:0x00000000  x9=0x00000000
      22445.000 ns	      2243	80000a58	290b8ed3	fmin.s	f29,f23,f16	 f23:0x5f2845f7 f16:0x7fc00000 f29=0x5f2845f7
      22465.000 ns	      2245	80000a5c	01071e93	slli	x29,x14,0x10	 x14:0x80041024 x29=0x10240000
      22475.000 ns	      2246	80000a60	406ddb93	srai	x23,x27,0x6	 x27:0x8107f6e4 x23=0xfe041fdb
      22485.000 ns	      2247	80000a64	62d6b913	sltiu	x18,x13,1581	 x13:0x00000001 x18=0x00000001
      22495.000 ns	      2248	80000a68	002461b3	or	x3,x8,x2	  x8:0x7fc00000  x2:0x80040fe4  x3=0xffc40fe4
      22505.000 ns	      2249	80000a6c	4077de93	srai	x29,x15,0x7	 x15:0x00000001 x29=0x00000000
      22515.000 ns	      2250	80000a70	54d9fc13	andi	x24,x19,1357	 x19:0x00000001 x24=0x00000001
      22535.000 ns	      2252	80000a74	031a34b3	mulhu	x9,x20,x17	 x20:0x00000000 x17:0x80041024  x9=0x00000000
      22555.000 ns	      2254	80000a78	018998b3	sll	x17,x19,x24	 x19:0x00000001 x24:0x00000000 x17=0x00000002
      22565.000 ns	      2255	80000a7c	40ff5213	srai	x4,x30,0xf	 x30:0x80040fe4  x4=0xffff0008
      22575.000 ns	      2256	80000a80	5594e913	ori	x18,x9,1369	  x9:0x00000000 x18=0x00000559
      22585.000 ns	      2257	80000a84	01f3e8b3	or	x17,x7,x31	  x7:0xfffff800 x31:0xf1d9d000 x17=0xfffff800
      22595.000 ns	      2258	80000a88	2e2eef93	ori	x31,x29,738	 x29:0x00000000 x31=0x000002e2
      22955.000 ns	      2294	80000a8c	0274fdb3	remu	x27,x9,x7	  x9:0x00000000  x7:0xfffff800 x27=0x00000000
      22975.000 ns	      2296	80000a90	01196433	or	x8,x18,x17	 x18:0x00000559 x17:0xfffff800  x8=0xfffffd59
      22985.000 ns	      2297	80000a94	0177d933	srl	x18,x15,x23	 x15:0x00000001 x23:0xfe041fdb x18=0x00000000
      23005.000 ns	      2299	80000a98	28af8f53	fmin.s	f30,f31,f10	 f31:0x7fc00000 f10:0xff6df979 f30=0xff6df979
      23025.000 ns	      2301	80000a9c	00730433	add	x8,x6,x7	  x6:0x00000000  x7:0xfffff800  x8=0xfffff800
      23385.000 ns	      2337	80000aa0	030cc233	div	x4,x25,x16	 x25:0x00000001 x16:0x00000004  x4=0x00000000
      23415.000 ns	      2340	80000aa4	20720b53	fsgnj.s	f22,f4,f7	  f4:0x7fc00000  f7:0x00000000 f22=0x7fc00000
      23445.000 ns	      2343	80000aa8	21dd09d3	fsgnj.s	f19,f26,f29	 f26:0xc5000000 f29:0x5f2845f7 f19=0x45000000
      23465.000 ns	      2345	80000aac	507aea93	ori	x21,x21,1287	 x21:0xfffffda8 x21=0xfffffdaf
      23475.000 ns	      2346	80000ab0	003f2033	slt	x0,x30,x3	 x30:0x80040fe4  x3:0xffc40fe4
      23485.000 ns	      2347	80000ab4	408156b3	sra	x13,x2,x8	  x2:0x80040fe4  x8:0xfffff800 x13=0x80040fe4
      23505.000 ns	      2349	80000ab8	21592653	fsgnjx.s	f12,f18,f21	 f18:0x7fc00000 f21:0x00000000 f12=0x7fc00000
      23525.000 ns	      2351	80000abc	0104e2b3	or	x5,x9,x16	  x9:0x00000000 x16:0x00000004  x5=0x00000004
      23535.000 ns	      2352	80000ac0	0178ad33	slt	x26,x17,x23	 x17:0xfffff800 x23:0xfe041fdb x26=0x00000000
      23555.000 ns	      2354	80000ac4	212120d3	fsgnjx.s	f1,f2,f18	  f2:0x7fc00000 f18:0x7fc00000  f1=0x7fc00000
      23605.000 ns	      2359	80000ac8	0075ff53	fadd.s	f30,f11,f7	 f11:0x7fc00000  f7:0x00000000 f30=0x7fc00000
      23625.000 ns	      2361	80000acc	015d8eb3	add	x29,x27,x21	 x27:0x00000000 x21:0xfffffdaf x29=0xfffffdaf
      23645.000 ns	      2363	80000ad0	d0117853	fcvt.s.wu	f16,x2	  x2:0x80040fe4 f16=0x4f00040f
      24015.000 ns	      2400	80000ad4	035ffcb3	remu	x25,x31,x21	 x31:0x000002e2 x21:0xfffffdaf x25=0x000002e2
      24385.000 ns	      2437	80000ad8	037f47b3	div	x15,x30,x23	 x30:0x80040fe4 x23:0xfe041fdb x15=0x00000040
      24405.000 ns	      2439	80000adc	000b9893	slli	x17,x23,0x0	 x23:0xfe041fdb x17=0xfe041fdb
      24435.000 ns	      2442	80000ae0	580301d3	fsqrt.s	f3,f6	  f6:0x00000000  f3=0x00000000
      24475.000 ns	      2446	80000ae4	11207f53	fmul.s	f30,f0,f18	  f0:0x00000000 f18:0x7fc00000 f30=0x7fc00000
      24495.000 ns	      2448	80000ae8	01f1ef33	or	x30,x3,x31	  x3:0xffc40fe4 x31:0x000002e2 x30=0xffc40fe6
      24515.000 ns	      2450	80000aec	d0159453	fcvt.s.wu	f8,x11	 x11:0xf1d9d000  f8=0x4f71d9d0
      24565.000 ns	      2455	80000af0	084a7b53	fsub.s	f22,f20,f4	 f20:0x7fc00000  f4:0x7fc00000 f22=0x7fc00000
      24595.000 ns	      2458	80000af4	d0137cd3	fcvt.s.wu	f25,x6	  x6:0x00000000 f25=0x00000000
      24625.000 ns	      2461	80000af8	21962953	fsgnjx.s	f18,f12,f25	 f12:0x7fc00000 f25:0x7f6df979 f18=0x7fc00000
      24645.000 ns	      2463	80000afc	003dbcb3	sltu	x25,x27,x3	 x27:0x00000000  x3:0xffc40fe4 x25=0x00000001
      24665.000 ns	      2465	80000b00	029a7c33	remu	x24,x20,x9	 x20:0x00000000  x9:0x00000000 x24=0x00000000
      24695.000 ns	      2468	80000b04	292a0753	fmin.s	f14,f20,f18	 f20:0x7fc00000 f18:0x7fc00000 f14=0x7fc00000
      24725.000 ns	      2471	80000b08	03437db3	remu	x27,x6,x20	  x6:0x00000000 x20:0x00000000 x27=0x00000000
      24755.000 ns	      2474	80000b0c	a1982c53	feq.s	x24,f16,f25	 f16:0x4f00040f f25:0x00000000 x24=0x00000000
      24775.000 ns	      2476	80000b10	00000013	addi	x0,x0,0	  x0:0x00000000
      24795.000 ns	      2478	80000b14	20dbac53	fsgnjx.s	f24,f23,f13	 f23:0x5f2845f7 f13:0x7fc00000 f24=0x5f2845f7
      24845.000 ns	      2483	80000b18	09067ed3	fsub.s	f29,f12,f16	 f12:0x7fc00000 f16:0x4f00040f f29=0x7fc00000
      24875.000 ns	      2486	80000b1c	a1952653	feq.s	x12,f10,f25	 f10:0xff6df979 f25:0x00000000 x12=0x00000000
      24905.000 ns	      2489	80000b20	29b403d3	fmin.s	f7,f8,f27	  f8:0x4f71d9d0 f27:0x7fc00000  f7=0x4f71d9d0
      24925.000 ns	      2491	80000b24	01921393	slli	x7,x4,0x19	  x4:0x00000000  x7=0x00000000
      24945.000 ns	      2493	80000b28	20bd8cd3	fsgnj.s	f25,f27,f11	 f27:0x7fc00000 f11:0x7fc00000 f25=0x7fc00000
      24965.000 ns	      2495	80000b2c	01cd8fb3	add	x31,x27,x28	 x27:0x00000000 x28:0x00000000 x31=0x00000000
      24975.000 ns	      2496	80000b30	148a3913	sltiu	x18,x20,328	 x20:0x00000000 x18=0x00000001
      24995.000 ns	      2498	80000b34	28c11353	fmax.s	f6,f2,f12	  f2:0x7fc00000 f12:0x7fc00000  f6=0x7fc00000
      25015.000 ns	      2500	80000b38	b2aa6d93	ori	x27,x20,-1238	 x20:0x00000000 x27=0xfffffb2a
      25025.000 ns	      2501	80000b3c	b90bbe13	sltiu	x28,x23,-1136	 x23:0xfe041fdb x28=0x00000001
      25045.000 ns	      2503	80000b40	20bb9053	fsgnjn.s	f0,f23,f11	 f23:0x5f2845f7 f11:0x7fc00000  f0=0xdf2845f7
      25065.000 ns	      2505	80000b44	f0dbc493	xori	x9,x23,-243	 x23:0xfe041fdb  x9=0x01fbe0d6
      25075.000 ns	      2506	80000b48	41ea53b3	sra	x7,x20,x30	 x20:0x00000000 x30:0xffc40fe6  x7=0x00000000
      25095.000 ns	      2508	80000b4c	2146aa53	fsgnjx.s	f20,f13,f20	 f13:0x7fc00000 f20:0x7fc00000 f20=0x7fc00000
      25125.000 ns	      2511	80000b50	c0039c53	fcvt.w.s	x24,f7	  f7:0x4f71d9d0 x24=0x7fffffff
      25145.000 ns	      2513	80000b54	40f8de93	srai	x29,x17,0xf	 x17:0xfe041fdb x29=0xfffffc08
      25155.000 ns	      2514	80000b58	c79a0e13	addi	x28,x20,-903	 x20:0x00000000 x28=0xfffffc79
      25175.000 ns	      2516	80000b5c	0294ad33	mulhsu	x26,x9,x9	  x9:0x01fbe0d6  x9:0x01fbe0d6 x26=0x0003ef94
      25195.000 ns	      2518	80000b60	dd4ffb13	andi	x22,x31,-556	 x31:0x00000000 x22=0x00000000
      25205.000 ns	      2519	80000b64	019cd8b3	srl	x17,x25,x25	 x25:0x00000001 x25:0x00000001 x17=0x00000000
      25215.000 ns	      2520	80000b68	8fd70593	addi	x11,x14,-1795	 x14:0x80041024 x11=0x80040921
      25235.000 ns	      2522	80000b6c	d0177753	fcvt.s.wu	f14,x14	 x14:0x80041024 f14=0x4f000410
      25255.000 ns	      2524	80000b70	0c0f7193	andi	x3,x30,192	 x30:0xffc40fe6  x3=0x000000c0
      25275.000 ns	      2526	80000b74	c012fed3	fcvt.wu.s	x29,f5	  f5:0xffc00000 x29=0xffffffff
      25305.000 ns	      2529	80000b78	02091333	mulh	x6,x18,x0	 x18:0x00000001  x0:0x00000000  x6=0x00000000
      25325.000 ns	      2531	80000b7c	3e5c7c13	andi	x24,x24,997	 x24:0x7fffffff x24=0x000003e5
      25335.000 ns	      2532	80000b80	404a5213	srai	x4,x20,0x4	 x20:0x00000000  x4=0x00000000
      25355.000 ns	      2534	80000b84	03573a33	mulhu	x20,x14,x21	 x14:0x80041024 x21:0xfffffdaf x20=0x80040efb
      25385.000 ns	      2537	80000b88	0367d6b3	divu	x13,x15,x22	 x15:0x00000040 x22:0x00000000 x13=0xffffffff
      25415.000 ns	      2540	80000b8c	c019fb53	fcvt.wu.s	x22,f19	 f19:0x45000000 x22=0x00000800
      25435.000 ns	      2542	80000b90	40c2d393	srai	x7,x5,0xc	  x5:0x00000004  x7=0x00000000
      25445.000 ns	      2543	80000b94	0073bbb3	sltu	x23,x7,x7	  x7:0x00000000  x7:0x00000000 x23=0x00000000
      25465.000 ns	      2545	80000b98	e00c18d3	fclass.s	x17,f24	 f24:0x5f2845f7 x17=0x00000040
      25505.000 ns	      2549	80000b9c	19017c53	fdiv.s	f24,f2,f16	  f2:0x7fc00000 f16:0x4f00040f f24=0x7fc00000
      25535.000 ns	      2552	80000ba0	e0019fd3	fclass.s	x31,f3	  f3:0x00000000 x31=0x00000010
      25565.000 ns	      2555	80000ba4	c00ef953	fcvt.w.s	x18,f29	 f29:0x7fc00000 x18=0x7fffffff
      25585.000 ns	      2557	80000ba8	71444a13	xori	x20,x8,1812	  x8:0xfffff800 x20=0xffffff14
      25595.000 ns	      2558	80000bac	41f4d093	srai	x1,x9,0x1f	  x9:0x01fbe0d6  x1=0x00000000
      25605.000 ns	      2559	80000bb0	005bde93	srli	x29,x23,0x5	 x23:0x00000000 x29=0x00000000
      25615.000 ns	      2560	80000bb4	01d583b3	add	x7,x11,x29	 x11:0x80040921 x29:0xffffffff  x7=0x80040921
      25655.000 ns	      2564	80000bb8	087d1953	fsub.s	f18,f26,f7	 f26:0xc5000000  f7:0x4f71d9d0 f18=0xcf71d9d8
      25695.000 ns	      2568	80000bbc	5805f6d3	fsqrt.s	f13,f11	 f11:0x7fc00000 f13=0x7fc00000
      25715.000 ns	      2570	80000bc0	47511217	auipc	x4,0x47511	  x4=0xc7511bc0
      25735.000 ns	      2572	80000bc4	a0df0353	fle.s	x6,f30,f13	 f30:0x7fc00000 f13:0x7fc00000  x6=0x00000000
      25755.000 ns	      2574	80000bc8	00989b13	slli	x22,x17,0x9	 x17:0x00000040 x22=0x00008000
      25775.000 ns	      2576	80000bcc	02ac8ab3	mul	x21,x25,x10	 x25:0x00000001 x10:0x00000000 x21=0x00000000
      25795.000 ns	      2578	80000bd0	f349e613	ori	x12,x19,-204	 x19:0x00000001 x12=0xffffff35
      25815.000 ns	      2580	80000bd4	a07280d3	fle.s	x1,f5,f7	  f5:0xffc00000  f7:0x4f71d9d0  x1=0x00000000
      25865.000 ns	      2585	80000bd8	0873fb53	fsub.s	f22,f7,f7	  f7:0x4f71d9d0  f7:0x4f71d9d0 f22=0x80000000
      25895.000 ns	      2588	80000bdc	d00b3d53	fcvt.s.w	f26,x22	 x22:0x00008000 f26=0x47000000
      25925.000 ns	      2591	80000be0	a1ba81d3	fle.s	x3,f21,f27	 f21:0x00000000 f27:0x7fc00000  x3=0x00000000
      25945.000 ns	      2593	80000be4	40df0633	sub	x12,x30,x13	 x30:0xffc40fe6 x13:0xffffffff x12=0xffc40fe7
      25965.000 ns	      2595	80000be8	037068b3	rem	x17,x0,x23	  x0:0x00000000 x23:0x00000000 x17=0x00000000
      25995.000 ns	      2598	80000bec	a07babd3	feq.s	x23,f23,f7	 f23:0x5f2845f7  f7:0x4f71d9d0 x23=0x00000000
      26025.000 ns	      2601	80000bf0	c0027dd3	fcvt.w.s	x27,f4	  f4:0x7fc00000 x27=0x7fffffff
      26055.000 ns	      2604	80000bf4	201e9153	fsgnjn.s	f2,f29,f1	 f29:0x7fc00000  f1:0x7fc00000  f2=0xffc00000
      26075.000 ns	      2606	80000bf8	01642e33	slt	x28,x8,x22	  x8:0xfffff800 x22:0x00008000 x28=0x00000001
      26085.000 ns	      2607	80000bfc	010f33b3	sltu	x7,x30,x16	 x30:0xffc40fe6 x16:0x00000004  x7=0x00000000
      26095.000 ns	      2608	80000c00	0053cbb3	xor	x23,x7,x5	  x7:0x80040921  x5:0x00000004 x23=0x00000004
      26105.000 ns	      2609	80000c04	41425613	srai	x12,x4,0x14	  x4:0xc7511bc0 x12=0xfffffc75
      26115.000 ns	      2610	80000c08	3c843397	auipc	x7,0x3c843	  x7=0xbc843c08
      26135.000 ns	      2612	80000c0c	03db24b3	mulhsu	x9,x22,x29	 x22:0x00008000 x29:0x00000000  x9=0x00000000
      26155.000 ns	      2614	80000c10	d2a1ba13	sltiu	x20,x3,-726	  x3:0x00000000 x20=0x00000001
      26175.000 ns	      2616	80000c14	c01726d3	fcvt.wu.s	x13,f14	 f14:0x4f000410 x13=0x80041000
      26545.000 ns	      2653	80000c18	03b4cdb3	div	x27,x9,x27	  x9:0x00000000 x27:0x7fffffff x27=0x00000000
      26565.000 ns	      2655	80000c1c	004b27b3	slt	x15,x22,x4	 x22:0x00008000  x4:0xc7511bc0 x15=0x00000000
      26585.000 ns	      2657	80000c20	02fb20b3	mulhsu	x1,x22,x15	 x22:0x00008000 x15:0x00000040  x1=0x00000000
      26615.000 ns	      2660	80000c24	a11e9653	flt.s	x12,f29,f17	 f29:0x7fc00000 f17:0x7fc00000 x12=0x00000000
      26645.000 ns	      2663	80000c28	021f3cb3	mulhu	x25,x30,x1	 x30:0xffc40fe6  x1:0x00000000 x25=0x00000000
      26665.000 ns	      2665	80000c2c	41c4de13	srai	x28,x9,0x1c	  x9:0x00000000 x28=0x00000000
      26675.000 ns	      2666	80000c30	40f6dcb3	sra	x25,x13,x15	 x13:0x80041000 x15:0x00000000 x25=0x80041000
      26685.000 ns	      2667	80000c34	005a71b3	and	x3,x20,x5	 x20:0x00000001  x5:0x00000004  x3=0x00000000
      26695.000 ns	      2668	80000c38	fbff7eb7	lui	x29,0xfbff7	 x29=0xfbff7000
      26715.000 ns	      2670	80000c3c	21cc01d3	fsgnj.s	f3,f24,f28	 f24:0x7fc00000 f28:0x00000000  f3=0x7fc00000
      26735.000 ns	      2672	80000c40	01949933	sll	x18,x9,x25	  x9:0x00000000 x25:0x80041000 x18=0x00000000
      26755.000 ns	      2674	80000c44	a0d42ad3	feq.s	x21,f8,f13	  f8:0x4f71d9d0 f13:0x7fc00000 x21=0x00000000
      27125.000 ns	      2711	80000c48	0380d333	divu	x6,x1,x24	  x1:0x00000000 x24:0x000003e5  x6=0x00000000
      27145.000 ns	      2713	80000c4c	00553d33	sltu	x26,x10,x5	 x10:0x00000000  x5:0x00000004 x26=0x00000001
      27155.000 ns	      2714	80000c50	0085dbb3	srl	x23,x11,x8	 x11:0x80040921  x8:0xfffff800 x23=0x80040921
      27165.000 ns	      2715	80000c54	9e388f93	addi	x31,x17,-1565	 x17:0x00000000 x31=0xfffff9e3
      27175.000 ns	      2716	80000c58	01682933	slt	x18,x16,x22	 x16:0x00000004 x22:0x00008000 x18=0x00000001
      27195.000 ns	      2718	80000c5c	a15f94d3	flt.s	x9,f31,f21	 f31:0x7fc00000 f21:0x00000000  x9=0x00000000
      27215.000 ns	      2720	80000c60	00dda933	slt	x18,x27,x13	 x27:0x00000000 x13:0x80041000 x18=0x00000000
      27245.000 ns	      2723	80000c64	580f4953	fsqrt.s	f18,f30	 f30:0x7fc00000 f18=0x7fc00000
      27275.000 ns	      2726	80000c68	02651cb3	mulh	x25,x10,x6	 x10:0x00000000  x6:0x00000000 x25=0x00000000
      27645.000 ns	      2763	80000c6c	03f2df33	divu	x30,x5,x31	  x5:0x00000004 x31:0xfffff9e3 x30=0x00000000
      27675.000 ns	      2766	80000c70	20078c53	fsgnj.s	f24,f15,f0	 f15:0x00000000  f0:0xdf2845f7 f24=0x80000000
      27705.000 ns	      2769	80000c74	e0098e53	fmv.x.w	x28,f19	 f19:0x45000000 x28=0x45000000
      27755.000 ns	      2774	80000c78	0086fc53	fadd.s	f24,f13,f8	 f13:0x7fc00000  f8:0x4f71d9d0 f24=0x7fc00000
      27775.000 ns	      2776	80000c7c	34077f93	andi	x31,x14,832	 x14:0x80041024 x31=0x00000000
      27785.000 ns	      2777	80000c80	016a1333	sll	x6,x20,x22	 x20:0x00000001 x22:0x00008000  x6=0x00000001
      27805.000 ns	      2779	80000c84	209da053	fsgnjx.s	f0,f27,f9	 f27:0x7fc00000  f9:0x7fc00000  f0=0x7fc00000
      27835.000 ns	      2782	80000c88	20919f53	fsgnjn.s	f30,f3,f9	  f3:0x7fc00000  f9:0x7fc00000 f30=0xffc00000
      27865.000 ns	      2785	80000c8c	02981533	mulh	x10,x16,x9	 x16:0x00000004  x9:0x00000000 x10=0x00000000
      27885.000 ns	      2787	80000c90	01859f33	sll	x30,x11,x24	 x11:0x80040921 x24:0x000003e5 x30=0x00812420
      27925.000 ns	      2791	80000c94	0144cbd3	fadd.s	f23,f9,f20	  f9:0x7fc00000 f20:0x7fc00000 f23=0x7fc00000
      27965.000 ns	      2795	80000c98	18bc7953	fdiv.s	f18,f24,f11	 f24:0x7fc00000 f11:0x7fc00000 f18=0x7fc00000
      27995.000 ns	      2798	80000c9c	0293f533	remu	x10,x7,x9	  x7:0xbc843c08  x9:0x00000000 x10=0xbc843c08
      28025.000 ns	      2801	80000ca0	c011c6d3	fcvt.wu.s	x13,f3	  f3:0x7fc00000 x13=0xffffffff
      28045.000 ns	      2803	80000ca4	a7cdad13	slti	x26,x27,-1412	 x27:0x00000000 x26=0x00000000
      28055.000 ns	      2804	80000ca8	005f3533	sltu	x10,x30,x5	 x30:0x00812420  x5:0x00000004 x10=0x00000000
      28075.000 ns	      2806	80000cac	c0140e53	fcvt.wu.s	x28,f8	  f8:0x4f71d9d0 x28=0xf1d9d000
      28105.000 ns	      2809	80000cb0	d013c5d3	fcvt.s.wu	f11,x7	  x7:0xbc843c08 f11=0x4f3c843c
      28135.000 ns	      2812	80000cb4	031b06b3	mul	x13,x22,x17	 x22:0x00008000 x17:0x00000000 x13=0x00000000
      28165.000 ns	      2815	80000cb8	a14520d3	feq.s	x1,f10,f20	 f10:0xff6df979 f20:0x7fc00000  x1=0x00000000
      28195.000 ns	      2818	80000cbc	291b0553	fmin.s	f10,f22,f17	 f22:0x80000000 f17:0x7fc00000 f10=0x80000000
      28245.000 ns	      2823	80000cc0	00e6f9d3	fadd.s	f19,f13,f14	 f13:0x7fc00000 f14:0x4f000410 f19=0x7fc00000
      28265.000 ns	      2825	80000cc4	00c1ab33	slt	x22,x3,x12	  x3:0x00000000 x12:0x00000000 x22=0x00000000
      28275.000 ns	      2826	80000cc8	00e5d193	srli	x3,x11,0xe	 x11:0x80040921  x3=0x00020010
      28295.000 ns	      2828	80000ccc	02260c33	mul	x24,x12,x2	 x12:0x00000000  x2:0x80040fe4 x24=0x00000000
      28315.000 ns	      2830	80000cd0	00000013	addi	x0,x0,0	  x0:0x00000000
      28335.000 ns	      2832	80000cd4	28a312d3	fmax.s	f5,f6,f10	  f6:0x7fc00000 f10:0x80000000  f5=0x80000000
      28375.000 ns	      2836	80000cd8	11b478d3	fmul.s	f17,f8,f27	  f8:0x4f71d9d0 f27:0x7fc00000 f17=0x7fc00000
      28415.000 ns	      2840	80000cdc	5802f153	fsqrt.s	f2,f5	  f5:0x80000000  f2=0x80000000
      28435.000 ns	      2842	80000ce0	01cb27b3	slt	x15,x22,x28	 x22:0x00000000 x28:0xf1d9d000 x15=0x00000000
      28445.000 ns	      2843	80000ce4	015ad093	srli	x1,x21,0x15	 x21:0x00000000  x1=0x00000000
      28465.000 ns	      2845	80000ce8	a04ca053	feq.s	x0,f25,f4	 f25:0x7fc00000  f4:0x7fc00000
      28485.000 ns	      2847	80000cec	41878c33	sub	x24,x15,x24	 x15:0x00000000 x24:0x00000000 x24=0x00000000
      28495.000 ns	      2848	80000cf0	51d7a693	slti	x13,x15,1309	 x15:0x00000000 x13=0x00000001
      28505.000 ns	      2849	80000cf4	f40e7d13	andi	x26,x28,-192	 x28:0xf1d9d000 x26=0xf1d9d000
      28525.000 ns	      2851	80000cf8	03a1b3b3	mulhu	x7,x3,x26	  x3:0x00020010 x26:0x00000000  x7=0x0001e3c2
      28545.000 ns	      2853	80000cfc	1b35cf13	xori	x30,x11,435	 x11:0x80040921 x30=0x80040892
      28565.000 ns	      2855	80000d00	a0431ad3	flt.s	x21,f6,f4	  f6:0x7fc00000  f4:0x7fc00000 x21=0x00000000
      28595.000 ns	      2858	80000d04	21731ad3	fsgnjn.s	f21,f6,f23	  f6:0x7fc00000 f23:0x7fc00000 f21=0xffc00000
      28615.000 ns	      2860	80000d08	011948b3	xor	x17,x18,x17	 x18:0x00000000 x17:0x00000000 x17=0x00000000
      28625.000 ns	      2861	80000d0c	7bb8e693	ori	x13,x17,1979	 x17:0x00000000 x13=0x000007bb
      28635.000 ns	      2862	80000d10	17b0e3b7	lui	x7,0x17b0e	  x7=0x17b0e000
      28645.000 ns	      2863	80000d14	40f95013	srai	x0,x18,0xf	 x18:0x00000000
      28655.000 ns	      2864	80000d18	40e85eb3	sra	x29,x16,x14	 x16:0x00000004 x14:0x80041024 x29=0x00000000
      28665.000 ns	      2865	80000d1c	00e3a1b3	slt	x3,x7,x14	  x7:0x17b0e000 x14:0x80041024  x3=0x00000000
      28675.000 ns	      2866	80000d20	1df43593	sltiu	x11,x8,479	  x8:0xfffff800 x11=0x00000000
      28685.000 ns	      2867	80000d24	d3cba493	slti	x9,x23,-708	 x23:0x80040921  x9=0x00000001
      28705.000 ns	      2869	80000d28	e00b8353	fmv.x.w	x6,f23	 f23:0x7fc00000  x6=0x7fc00000
      28735.000 ns	      2872	80000d2c	03eb81b3	mul	x3,x23,x30	 x23:0x80040921 x30:0x80040892  x3=0xc71a3cd2
      28765.000 ns	      2875	80000d30	a12220d3	feq.s	x1,f4,f18	  f4:0x7fc00000 f18:0x7fc00000  x1=0x00000000
      28795.000 ns	      2878	80000d34	02de1cb3	mulh	x25,x28,x13	 x28:0xf1d9d000 x13:0x000007bb x25=0xffffff92
      28825.000 ns	      2881	80000d38	022ab433	mulhu	x8,x21,x2	 x21:0x00000000  x2:0x80040fe4  x8=0x00000000
      28855.000 ns	      2884	80000d3c	e00616d3	fclass.s	x13,f12	 f12:0x7fc00000 x13=0x00000200
      28875.000 ns	      2886	80000d40	010fad33	slt	x26,x31,x16	 x31:0x00000000 x16:0x00000004 x26=0x00000001
      28905.000 ns	      2889	80000d44	1188fed3	fmul.s	f29,f17,f24	 f17:0x7fc00000 f24:0x7fc00000 f29=0x7fc00000
      28925.000 ns	      2891	80000d48	01333d33	sltu	x26,x6,x19	  x6:0x7fc00000 x19:0x00000001 x26=0x00000000
      28945.000 ns	      2893	80000d4c	d00cf0d3	fcvt.s.w	f1,x25	 x25:0xffffff92  f1=0xc2dc0000
      28965.000 ns	      2895	80000d50	11d8a913	slti	x18,x17,285	 x17:0x00000000 x18=0x00000001
      28985.000 ns	      2897	80000d54	a1fa9053	flt.s	x0,f21,f31	 f21:0xffc00000 f31:0x7fc00000
      29005.000 ns	      2899	80000d58	0082f2b3	and	x5,x5,x8	  x5:0x00000004  x8:0x00000000  x5=0x00000000
      29025.000 ns	      2901	80000d5c	034c0f33	mul	x30,x24,x20	 x24:0x00000000 x20:0x00000001 x30=0x00000000
      29045.000 ns	      2903	80000d60	ad342893	slti	x17,x8,-1325	  x8:0x00000000 x17=0x00000000
      29055.000 ns	      2904	80000d64	015fb533	sltu	x10,x31,x21	 x31:0x00000000 x21:0x00000000 x10=0x00000000
      29075.000 ns	      2906	80000d68	028ddf33	divu	x30,x27,x8	 x27:0x00000000  x8:0x00000000 x30=0xffffffff
      30255.000 ns	      3024	80000d6c	58074153	fsqrt.s	f2,f14	 f14:0x4f000410  f2=0x46b50a40
      30285.000 ns	      3027	80000d70	a17d9453	flt.s	x8,f27,f23	 f27:0x7fc00000 f23:0x7fc00000  x8=0x00000000
      30315.000 ns	      3030	80000d74	d00472d3	fcvt.s.w	f5,x8	  x8:0x00000000  f5=0x00000000
      30345.000 ns	      3033	80000d78	02bf0b33	mul	x22,x30,x11	 x30:0xffffffff x11:0x00000000 x22=0x00000000
      30375.000 ns	      3036	80000d7c	202726d3	fsgnjx.s	f13,f14,f2	 f14:0x4f000410  f2:0x46b50a40 f13=0x4f000410
      30395.000 ns	      3038	80000d80	2e22fb13	andi	x22,x5,738	  x5:0x00000000 x22=0x00000000
      30415.000 ns	      3040	80000d84	28a40053	fmin.s	f0,f8,f10	  f8:0x4f71d9d0 f10:0x80000000  f0=0x80000000
      30435.000 ns	      3042	80000d88	403555b3	sra	x11,x10,x3	 x10:0x00000000  x3:0xc71a3cd2 x11=0x00000000
      30465.000 ns	      3045	80000d8c	5804afd3	fsqrt.s	f31,f9	  f9:0x7fc00000 f31=0x7fc00000
      30515.000 ns	      3050	80000d90	08a277d3	fsub.s	f15,f4,f10	  f4:0x7fc00000 f10:0x80000000 f15=0x7fc00000
      30535.000 ns	      3052	80000d94	47734193	xori	x3,x6,1143	  x6:0x7fc00000  x3=0x7fc00477
      30545.000 ns	      3053	80000d98	01740b33	add	x22,x8,x23	  x8:0x00000000 x23:0x80040921 x22=0x80040921
      30565.000 ns	      3055	80000d9c	03d2df33	divu	x30,x5,x29	  x5:0x00000000 x29:0x00000000 x30=0xffffffff
      30585.000 ns	      3057	80000da0	c40b5c97	auipc	x25,0xc40b5	 x25=0x440b5da0
      30595.000 ns	      3058	80000da4	cbe99397	auipc	x7,0xcbe99	  x7=0x4be99da4
      30635.000 ns	      3062	80000da8	097a74d3	fsub.s	f9,f20,f23	 f20:0x7fc00000 f23:0x7fc00000  f9=0x7fc00000
      31005.000 ns	      3099	80000dac	034165b3	rem	x11,x2,x20	  x2:0x80040fe4 x20:0x00000001 x11=0x00000000
      31025.000 ns	      3101	80000db0	a608f193	andi	x3,x17,-1440	 x17:0x00000000  x3=0x00000000
      31035.000 ns	      3102	80000db4	0f4dea17	auipc	x20,0xf4de	 x20=0x8f4dedb4
      31055.000 ns	      3104	80000db8	c01aaad3	fcvt.wu.s	x21,f21	 f21:0xffc00000 x21=0xffffffff
      31075.000 ns	      3106	80000dbc	01793a33	sltu	x20,x18,x23	 x18:0x00000001 x23:0x80040921 x20=0x00000001
      31095.000 ns	      3108	80000dc0	20721753	fsgnjn.s	f14,f4,f7	  f4:0x7fc00000  f7:0x4f71d9d0 f14=0xffc00000
      31115.000 ns	      3110	80000dc4	a4fab613	sltiu	x12,x21,-1457	 x21:0xffffffff x12=0x00000000
      31125.000 ns	      3111	80000dc8	017174b3	and	x9,x2,x23	  x2:0x80040fe4 x23:0x80040921  x9=0x80040920
      31145.000 ns	      3113	80000dcc	29851253	fmax.s	f4,f10,f24	 f10:0x80000000 f24:0x7fc00000  f4=0x80000000
      31175.000 ns	      3116	80000dd0	02c712b3	mulh	x5,x14,x12	 x14:0x80041024 x12:0x00000000  x5=0x00000000
      31205.000 ns	      3119	80000dd4	c013f653	fcvt.wu.s	x12,f7	  f7:0x4f71d9d0 x12=0xf1d9d000
      31225.000 ns	      3121	80000dd8	005b9bb3	sll	x23,x23,x5	 x23:0x80040921  x5:0x00000000 x23=0x80040921
      31235.000 ns	      3122	80000ddc	015f1db3	sll	x27,x30,x21	 x30:0xffffffff x21:0xffffffff x27=0x80000000
      31275.000 ns	      3126	80000de0	08ebf453	fsub.s	f8,f23,f14	 f23:0x7fc00000 f14:0xffc00000  f8=0x7fc00000
      31295.000 ns	      3128	80000de4	1640fd93	andi	x27,x1,356	  x1:0x00000000 x27=0x00000000
      31305.000 ns	      3129	80000de8	e3b5f793	andi	x15,x11,-453	 x11:0x00000000 x15=0x00000000
      31325.000 ns	      3131	80000dec	29690453	fmin.s	f8,f18,f22	 f18:0x7fc00000 f22:0x80000000  f8=0x80000000
      31355.000 ns	      3134	80000df0	f0070c53	fmv.w.x	f24,x14	 x14:0x80041024 f24=0x80041024
      31725.000 ns	      3171	80000df4	0278ddb3	divu	x27,x17,x7	 x17:0x00000000  x7:0x4be99da4 x27=0x00000000
      31745.000 ns	      3173	80000df8	6218ac93	slti	x25,x17,1569	 x17:0x00000000 x25=0x00000001
      31755.000 ns	      3174	80000dfc	40a6db93	srai	x23,x13,0xa	 x13:0x00000200 x23=0x00000000
      31775.000 ns	      3176	80000e00	d01978d3	fcvt.s.wu	f17,x18	 x18:0x00000001 f17=0x3f800000
      31805.000 ns	      3179	80000e04	291813d3	fmax.s	f7,f16,f17	 f16:0x4f00040f f17:0x7fc00000  f7=0x4f00040f
      31835.000 ns	      3182	80000e08	e00b13d3	fclass.s	x7,f22	 f22:0x80000000  x7=0x00000008
      31855.000 ns	      3184	80000e0c	013c1193	slli	x3,x24,0x13	 x24:0x00000000  x3=0x00000000
      31875.000 ns	      3186	80000e10	c004bfd3	fcvt.w.s	x31,f9	  f9:0x7fc00000 x31=0x7fffffff
      31925.000 ns	      3191	80000e14	09a7ff53	fsub.s	f30,f15,f26	 f15:0x7fc00000 f26:0x47000000 f30=0x7fc00000
      31945.000 ns	      3193	80000e18	67343d17	auipc	x26,0x67343	 x26=0xe7343e18
      31975.000 ns	      3196	80000e1c	19001cd3	fdiv.s	f25,f0,f16	  f0:0x80000000 f16:0x4f00040f f25=0x80000000
      31995.000 ns	      3198	80000e20	01bf0e33	add	x28,x30,x27	 x30:0xffffffff x27:0x00000000 x28=0xffffffff
      32005.000 ns	      3199	80000e24	005b5693	srli	x13,x22,0x5	 x22:0x80040921 x13=0x04002049
      32015.000 ns	      3200	80000e28	f7844e93	xori	x29,x8,-136	  x8:0x00000000 x29=0xffffff78
      32035.000 ns	      3202	80000e2c	298c11d3	fmax.s	f3,f24,f24	 f24:0x80041024 f24:0x80041024  f3=0x80041024
      32065.000 ns	      3205	80000e30	a1710ed3	fle.s	x29,f2,f23	  f2:0x46b50a40 f23:0x7fc00000 x29=0x00000000
      32085.000 ns	      3207	80000e34	019a5493	srli	x9,x20,0x19	 x20:0x00000001  x9=0x00000000
      32095.000 ns	      3208	80000e38	8f2f3d13	sltiu	x26,x30,-1806	 x30:0xffffffff x26=0x00000000
      32105.000 ns	      3209	80000e3c	00f365b3	or	x11,x6,x15	  x6:0x7fc00000 x15:0x00000000 x11=0x7fc00000
      32125.000 ns	      3211	80000e40	2089a5d3	fsgnjx.s	f11,f19,f8	 f19:0x7fc00000  f8:0x80000000 f11=0xffc00000
      32145.000 ns	      3213	80000e44	b82e3b93	sltiu	x23,x28,-1150	 x28:0xffffffff x23=0x00000000
      32505.000 ns	      3249	80000e48	024cc6b3	div	x13,x25,x4	 x25:0x00000001  x4:0xc7511bc0 x13=0x00000000
      32525.000 ns	      3251	80000e4c	0047d093	srli	x1,x15,0x4	 x15:0x00000000  x1=0x00000000
      32545.000 ns	      3253	80000e50	a01aaad3	feq.s	x21,f21,f1	 f21:0xffc00000  f1:0xc2dc0000 x21=0x00000000
      32595.000 ns	      3258	80000e54	010307d3	fadd.s	f15,f6,f16	  f6:0x7fc00000 f16:0x4f00040f f15=0x7fc00000
      32965.000 ns	      3295	80000e58	03e8c6b3	div	x13,x17,x30	 x17:0x00000000 x30:0xffffffff x13=0x00000000
      32985.000 ns	      3297	80000e5c	0013f533	and	x10,x7,x1	  x7:0x00000008  x1:0x00000000 x10=0x00000000
      33025.000 ns	      3301	80000e60	0051b853	fadd.s	f16,f3,f5	  f3:0x80041024  f5:0x00000000 f16=0x80041024
      33065.000 ns	      3305	80000e64	5807b353	fsqrt.s	f6,f15	 f15:0x7fc00000  f6=0x7fc00000
      33085.000 ns	      3307	80000e68	a0837293	andi	x5,x6,-1528	  x6:0x7fc00000  x5=0x7fc00000
      33095.000 ns	      3308	80000e6c	6c1f3293	sltiu	x5,x30,1729	 x30:0xffffffff  x5=0x00000000
      33115.000 ns	      3310	80000e70	c0180953	fcvt.wu.s	x18,f16	 f16:0x80041024 x18=0x00000000
      33135.000 ns	      3312	80000e74	3bb3c193	xori	x3,x7,955	  x7:0x00000008  x3=0x000003b3
      33155.000 ns	      3314	80000e78	e0090653	fmv.x.w	x12,f18	 f18:0x7fc00000 x12=0x7fc00000
      33175.000 ns	      3316	80000e7c	403b06b3	sub	x13,x22,x3	 x22:0x80040921  x3:0x00000000 x13=0x8004056e
      33185.000 ns	      3317	80000e80	6fa355b7	lui	x11,0x6fa35	 x11=0x6fa35000
      33205.000 ns	      3319	80000e84	e0018ad3	fmv.x.w	x21,f3	  f3:0x80041024 x21=0x80041024
      33235.000 ns	      3322	80000e88	218187d3	fsgnj.s	f15,f3,f24	  f3:0x80041024 f24:0x80041024 f15=0x80041024
      33605.000 ns	      3359	80000e8c	02337eb3	remu	x29,x6,x3	  x6:0x7fc00000  x3:0x000003b3 x29=0x00000075
      33635.000 ns	      3362	80000e90	a09719d3	flt.s	x19,f14,f9	 f14:0xffc00000  f9:0x7fc00000 x19=0x00000000
      33655.000 ns	      3364	80000e94	00d8d993	srli	x19,x17,0xd	 x17:0x00000000 x19=0x00000000
      33675.000 ns	      3366	80000e98	021ed233	divu	x4,x29,x1	 x29:0x00000075  x1:0x00000000  x4=0xffffffff
      33715.000 ns	      3370	80000e9c	10ad3fd3	fmul.s	f31,f26,f10	 f26:0x47000000 f10:0x80000000 f31=0x80000000
      33745.000 ns	      3373	80000ea0	d0157e53	fcvt.s.wu	f28,x10	 x10:0x00000000 f28=0x00000000
      33775.000 ns	      3376	80000ea4	e0049b53	fclass.s	x22,f9	  f9:0x7fc00000 x22=0x00000200
      33825.000 ns	      3381	80000ea8	01ef7253	fadd.s	f4,f30,f30	 f30:0x7fc00000 f30:0x7fc00000  f4=0x7fc00000
      33845.000 ns	      3383	80000eac	41eb0b33	sub	x22,x22,x30	 x22:0x00000200 x30:0xffffffff x22=0x00000201
      33855.000 ns	      3384	80000eb0	6e11c193	xori	x3,x3,1761	  x3:0x000003b3  x3=0x00000552
      33875.000 ns	      3386	80000eb4	214ba1d3	fsgnjx.s	f3,f23,f20	 f23:0x7fc00000 f20:0x7fc00000  f3=0x7fc00000
      33925.000 ns	      3391	80000eb8	00a67b53	fadd.s	f22,f12,f10	 f12:0x7fc00000 f10:0x80000000 f22=0x7fc00000
      33945.000 ns	      3393	80000ebc	011fbdb3	sltu	x27,x31,x17	 x31:0x7fffffff x17:0x00000000 x27=0x00000000
      33955.000 ns	      3394	80000ec0	41d951b3	sra	x3,x18,x29	 x18:0x00000000 x29:0x00000075  x3=0x00000000
      33965.000 ns	      3395	80000ec4	000cc6b3	xor	x13,x25,x0	 x25:0x00000001  x0:0x00000000 x13=0x00000001
      33975.000 ns	      3396	80000ec8	00865b13	srli	x22,x12,0x8	 x12:0x7fc00000 x22=0x007fc000
      33985.000 ns	      3397	80000ecc	00c754b3	srl	x9,x14,x12	 x14:0x80041024 x12:0x7fc00000  x9=0x80041024
      34005.000 ns	      3399	80000ed0	a0910953	fle.s	x18,f2,f9	  f2:0x46b50a40  f9:0x7fc00000 x18=0x00000000
      34035.000 ns	      3402	80000ed4	d01209d3	fcvt.s.wu	f19,x4	  x4:0xffffffff f19=0x4f800000
      34055.000 ns	      3404	80000ed8	84ad8513	addi	x10,x27,-1974	 x27:0x00000000 x10=0xfffff84a
      34065.000 ns	      3405	80000edc	3e4f6d13	ori	x26,x30,996	 x30:0xffffffff x26=0xffffffff
      34085.000 ns	      3407	80000ee0	28861dd3	fmax.s	f27,f12,f8	 f12:0x7fc00000  f8:0x80000000 f27=0x80000000
      34105.000 ns	      3409	80000ee4	00685313	srli	x6,x16,0x6	 x16:0x00000004  x6=0x00000000
      34145.000 ns	      3413	80000ee8	01889853	fadd.s	f16,f17,f24	 f17:0x3f800000 f24:0x80041024 f16=0x3f800000
      34165.000 ns	      3415	80000eec	0197d493	srli	x9,x15,0x19	 x15:0x00000000  x9=0x00000000
      34185.000 ns	      3417	80000ef0	20e68e53	fsgnj.s	f28,f13,f14	 f13:0x4f000410 f14:0xffc00000 f28=0xcf000410
      34215.000 ns	      3420	80000ef4	e00e14d3	fclass.s	x9,f28	 f28:0x00000000  x9=0x00000002
      34235.000 ns	      3422	80000ef8	016f9c13	slli	x24,x31,0x16	 x31:0x7fffffff x24=0xffc00000
      34245.000 ns	      3423	80000efc	41735f33	sra	x30,x6,x23	  x6:0x00000000 x23:0x00000000 x30=0x00000000
      34265.000 ns	      3425	80000f00	025cacb3	mulhsu	x25,x25,x5	 x25:0x00000001  x5:0x00000000 x25=0x00000000
      34285.000 ns	      3427	80000f04	01e529b3	slt	x19,x10,x30	 x10:0xfffff84a x30:0xffffffff x19=0x00000001
      34305.000 ns	      3429	80000f08	03399d33	mulh	x26,x19,x19	 x19:0x00000000 x19:0x00000000 x26=0x00000000
      34325.000 ns	      3431	80000f0c	840a7913	andi	x18,x20,-1984	 x20:0x00000001 x18=0x00000000
      34335.000 ns	      3432	80000f10	40a58ab3	sub	x21,x11,x10	 x11:0x6fa35000 x10:0xfffff84a x21=0x6fa357b6
      34355.000 ns	      3434	80000f14	022caf33	mulhsu	x30,x25,x2	 x25:0x00000000  x2:0x80040fe4 x30=0x00000000
      34385.000 ns	      3437	80000f18	03371a33	mulh	x20,x14,x19	 x14:0x80041024 x19:0x00000001 x20=0xffffffff
      34415.000 ns	      3440	80000f1c	a19a91d3	flt.s	x3,f21,f25	 f21:0xffc00000 f25:0x80000000  x3=0x00000000
      34445.000 ns	      3443	80000f20	21671553	fsgnjn.s	f10,f14,f22	 f14:0xffc00000 f22:0x7fc00000 f10=0xffc00000
      34475.000 ns	      3446	80000f24	f0070053	fmv.w.x	f0,x14	 x14:0x80041024  f0=0x80041024
      34505.000 ns	      3449	80000f28	035092b3	mulh	x5,x1,x21	  x1:0x00000000 x21:0x6fa357b6  x5=0x00000000
      34525.000 ns	      3451	80000f2c	14093f93	sltiu	x31,x18,320	 x18:0x00000000 x31=0x00000001
      34555.000 ns	      3454	80000f30	58061dd3	fsqrt.s	f27,f12	 f12:0x7fc00000 f27=0x7fc00000
      34575.000 ns	      3456	80000f34	0071a7b3	slt	x15,x3,x7	  x3:0x00000000  x7:0x00000008 x15=0x00000001
      34595.000 ns	      3458	80000f38	2148a3d3	fsgnjx.s	f7,f17,f20	 f17:0x3f800000 f20:0x7fc00000  f7=0x3f800000
      34625.000 ns	      3461	80000f3c	20380053	fsgnj.s	f0,f16,f3	 f16:0x3f800000  f3:0x7fc00000  f0=0x3f800000
      34995.000 ns	      3498	80000f40	03cb62b3	rem	x5,x22,x28	 x22:0x007fc000 x28:0xffffffff  x5=0x00000000
      35015.000 ns	      3500	80000f44	012091b3	sll	x3,x1,x18	  x1:0x00000000 x18:0x00000000  x3=0x00000000
      35035.000 ns	      3502	80000f48	c006f5d3	fcvt.w.s	x11,f13	 f13:0x4f000410 x11=0x7fffffff
      35055.000 ns	      3504	80000f4c	e79bdf37	lui	x30,0xe79bd	 x30=0xe79bd000
      35075.000 ns	      3506	80000f50	a03301d3	fle.s	x3,f6,f3	  f6:0x7fc00000  f3:0x7fc00000  x3=0x00000000
      35115.000 ns	      3510	80000f54	1040f453	fmul.s	f8,f1,f4	  f1:0xc2dc0000  f4:0x7fc00000  f8=0x7fc00000
      35145.000 ns	      3513	80000f58	21218f53	fsgnj.s	f30,f3,f18	  f3:0x7fc00000 f18:0x7fc00000 f30=0x7fc00000
      35175.000 ns	      3516	80000f5c	c0007ed3	fcvt.w.s	x29,f0	  f0:0x3f800000 x29=0x00000001
      35205.000 ns	      3519	80000f60	e00f1a53	fclass.s	x20,f30	 f30:0x7fc00000 x20=0x00000200
      35235.000 ns	      3522	80000f64	21a692d3	fsgnjn.s	f5,f13,f26	 f13:0x4f000410 f26:0x47000000  f5=0xcf000410
      35265.000 ns	      3525	80000f68	037b85b3	mul	x11,x23,x23	 x23:0x00000000 x23:0x00000000 x11=0x00000000
      35295.000 ns	      3528	80000f6c	e0070d53	fmv.x.w	x26,f14	 f14:0xffc00000 x26=0xffc00000
      35315.000 ns	      3530	80000f70	018ad013	srli	x0,x21,0x18	 x21:0x6fa357b6
      35335.000 ns	      3532	80000f74	c0057553	fcvt.w.s	x10,f10	 f10:0xffc00000 x10=0x7fffffff
      35705.000 ns	      3569	80000f78	022764b3	rem	x9,x14,x2	 x14:0x80041024  x2:0x80040fe4  x9=0x80041024
      35735.000 ns	      3572	80000f7c	03da16b3	mulh	x13,x20,x29	 x20:0x00000200 x29:0x00000001 x13=0x00000000
      35765.000 ns	      3575	80000f80	a1e81453	flt.s	x8,f16,f30	 f16:0x3f800000 f30:0x7fc00000  x8=0x00000000
      35785.000 ns	      3577	80000f84	cd406337	lui	x6,0xcd406	  x6=0xcd406000
      35805.000 ns	      3579	80000f88	e00c9cd3	fclass.s	x25,f25	 f25:0x80000000 x25=0x00000008
      35835.000 ns	      3582	80000f8c	028abf33	mulhu	x30,x21,x8	 x21:0x6fa357b6  x8:0x00000000 x30=0x00000000
      35855.000 ns	      3584	80000f90	41e7de13	srai	x28,x15,0x1e	 x15:0x00000001 x28=0x00000000
      35875.000 ns	      3586	80000f94	d01f4553	fcvt.s.wu	f10,x30	 x30:0x00000000 f10=0x00000000
      35905.000 ns	      3589	80000f98	d0189253	fcvt.s.wu	f4,x17	 x17:0x00000000  f4=0x00000000
      35935.000 ns	      3592	80000f9c	d01172d3	fcvt.s.wu	f5,x2	  x2:0x80040fe4  f5=0x4f00040f
      35955.000 ns	      3594	80000fa0	01bdd533	srl	x10,x27,x27	 x27:0x00000000 x27:0x00000000 x10=0x00000000
      35995.000 ns	      3598	80000fa4	00fc18d3	fadd.s	f17,f24,f15	 f24:0x80041024 f15:0x80041024 f17=0x80082048
      36025.000 ns	      3601	80000fa8	212d2c53	fsgnjx.s	f24,f26,f18	 f26:0x47000000 f18:0x7fc00000 f24=0x47000000
      36055.000 ns	      3604	80000fac	c0053cd3	fcvt.w.s	x25,f10	 f10:0x00000000 x25=0x00000000
      36075.000 ns	      3606	80000fb0	00000013	addi	x0,x0,0	  x0:0x00000000
      36085.000 ns	      3607	80000fb4	0145a233	slt	x4,x11,x20	 x11:0x00000000 x20:0x00000200  x4=0x00000001
      36095.000 ns	      3608	80000fb8	012b4ab3	xor	x21,x22,x18	 x22:0x007fc000 x18:0x00000000 x21=0x007fc000
      36115.000 ns	      3610	80000fbc	c001fdd3	fcvt.w.s	x27,f3	  f3:0x7fc00000 x27=0x7fffffff
      36145.000 ns	      3613	80000fc0	032cf9b3	remu	x19,x25,x18	 x25:0x00000000 x18:0x00000000 x19=0x00000000
      36175.000 ns	      3616	80000fc4	c00affd3	fcvt.w.s	x31,f21	 f21:0xffc00000 x31=0x7fffffff
      36205.000 ns	      3619	80000fc8	e0001bd3	fclass.s	x23,f0	  f0:0x3f800000 x23=0x00000040
      36235.000 ns	      3622	80000fcc	e0080953	fmv.x.w	x18,f16	 f16:0x3f800000 x18=0x3f800000
      36265.000 ns	      3625	80000fd0	a16105d3	fle.s	x11,f2,f22	  f2:0x46b50a40 f22:0x7fc00000 x11=0x00000000
      36295.000 ns	      3628	80000fd4	02a5c5b3	div	x11,x11,x10	 x11:0x00000000 x10:0x00000000 x11=0xffffffff
      36325.000 ns	      3631	80000fd8	f00505d3	fmv.w.x	f11,x10	 x10:0x00000000 f11=0x00000000
      36355.000 ns	      3634	80000fdc	a1522053	feq.s	x0,f4,f21	  f4:0x00000000 f21:0xffc00000
      36375.000 ns	      3636	80000fe0	89464293	xori	x5,x12,-1900	 x12:0x7fc00000  x5=0x803ff894
      36395.000 ns	      3638	80000fe4	0252bf33	mulhu	x30,x5,x5	  x5:0x00000000  x5:0x00000000 x30=0x40400890
      36445.000 ns	      3643	80000fe8	09b74b53	fsub.s	f22,f14,f27	 f14:0xffc00000 f27:0x7fc00000 f22=0x7fc00000
      36475.000 ns	      3646	80000fec	20ef9553	fsgnjn.s	f10,f31,f14	 f31:0x80000000 f14:0xffc00000 f10=0x00000000
      36495.000 ns	      3648	80000ff0	00000013	addi	x0,x0,0	  x0:0x00000000
      36505.000 ns	      3649	80000ff4	404bd9b3	sra	x19,x23,x4	 x23:0x00000040  x4:0x00000001 x19=0x00000020
      36515.000 ns	      3650	80000ff8	4151d513	srai	x10,x3,0x15	  x3:0x00000000 x10=0x00000000
      36535.000 ns	      3652	80000ffc	288a02d3	fmin.s	f5,f20,f8	 f20:0x7fc00000  f8:0x7fc00000  f5=0x7fc00000
      36575.000 ns	      3656	80001000	10b8a553	fmul.s	f10,f17,f11	 f17:0x80082048 f11:0x00000000 f10=0x80000000
      36615.000 ns	      3660	80001004	18998c53	fdiv.s	f24,f19,f9	 f19:0x4f800000  f9:0x7fc00000 f24=0x7fc00000
      36635.000 ns	      3662	80001008	d395fd13	andi	x26,x11,-711	 x11:0xffffffff x26=0xfffffd39
      36655.000 ns	      3664	8000100c	0383aa33	mulhsu	x20,x7,x24	  x7:0x00000008 x24:0xffc00000 x20=0x00000007
      36675.000 ns	      3666	80001010	b8897413	andi	x8,x18,-1144	 x18:0x3f800000  x8=0x3f800000
      36705.000 ns	      3669	80001014	18649553	fdiv.s	f10,f9,f6	  f9:0x7fc00000  f6:0x7fc00000 f10=0x7fc00000
      36735.000 ns	      3672	80001018	028032b3	mulhu	x5,x0,x8	  x0:0x00000000  x8:0x00000000  x5=0x00000000
      36775.000 ns	      3676	8000101c	189d7f53	fdiv.s	f30,f26,f9	 f26:0x47000000  f9:0x7fc00000 f30=0x7fc00000
      36795.000 ns	      3678	80001020	00c61033	sll	x0,x12,x12	 x12:0x7fc00000 x12:0x7fc00000
      36835.000 ns	      3682	80001024	0801fb53	fsub.s	f22,f3,f0	  f3:0x7fc00000  f0:0x3f800000 f22=0x7fc00000
      36865.000 ns	      3685	80001028	206e1453	fsgnjn.s	f8,f28,f6	 f28:0xcf000410  f6:0x7fc00000  f8=0xcf000410
      36905.000 ns	      3689	8000102c	1854f953	fdiv.s	f18,f9,f5	  f9:0x7fc00000  f5:0x7fc00000 f18=0x7fc00000
      36925.000 ns	      3691	80001030	017a4cb3	xor	x25,x20,x23	 x20:0x00000007 x23:0x00000040 x25=0x00000047
      36945.000 ns	      3693	80001034	a08b8c53	fle.s	x24,f23,f8	 f23:0x7fc00000  f8:0xcf000410 x24=0x00000000
      36965.000 ns	      3695	80001038	003ece33	xor	x28,x29,x3	 x29:0x00000001  x3:0x00000000 x28=0x00000001
      36975.000 ns	      3696	8000103c	00d259b3	srl	x19,x4,x13	  x4:0x00000001 x13:0x00000000 x19=0x00000001
      36985.000 ns	      3697	80001040	a2dfce13	xori	x28,x31,-1491	 x31:0x7fffffff x28=0x800005d2
      36995.000 ns	      3698	80001044	05f9a013	slti	x0,x19,95	 x19:0x00000020
      37005.000 ns	      3699	80001048	7dd10e93	addi	x29,x2,2013	  x2:0x80040fe4 x29=0x800417c1
      37025.000 ns	      3701	8000104c	e0069353	fclass.s	x6,f13	 f13:0x4f000410  x6=0x00000040
      37055.000 ns	      3704	80001050	289081d3	fmin.s	f3,f1,f9	  f1:0xc2dc0000  f9:0x7fc00000  f3=0xc2dc0000
      37085.000 ns	      3707	80001054	f0048c53	fmv.w.x	f24,x9	  x9:0x80041024 f24=0x80041024
      37105.000 ns	      3709	80001058	40e3d793	srai	x15,x7,0xe	  x7:0x00000008 x15=0x00000000
      37125.000 ns	      3711	8000105c	d0131353	fcvt.s.wu	f6,x6	  x6:0x00000040  f6=0x42800000
      37145.000 ns	      3713	80001060	01589933	sll	x18,x17,x21	 x17:0x00000000 x21:0x007fc000 x18=0x00000000
      37155.000 ns	      3714	80001064	46684193	xori	x3,x16,1126	 x16:0x00000004  x3=0x00000462
      37165.000 ns	      3715	80001068	00ee28b3	slt	x17,x28,x14	 x28:0x800005d2 x14:0x80041024 x17=0x00000001
      37175.000 ns	      3716	8000106c	e0b5a393	slti	x7,x11,-501	 x11:0xffffffff  x7=0x00000000
      37185.000 ns	      3717	80001070	1f34a693	slti	x13,x9,499	  x9:0x80041024 x13=0x00000001
      37195.000 ns	      3718	80001074	407d5d33	sra	x26,x26,x7	 x26:0xfffffd39  x7:0x00000008 x26=0xfffffd39
      37205.000 ns	      3719	80001078	00281593	slli	x11,x16,0x2	 x16:0x00000004 x11=0x00000010
      37215.000 ns	      3720	8000107c	3b933b13	sltiu	x22,x6,953	  x6:0x00000040 x22=0x00000001
      37235.000 ns	      3722	80001080	c002f253	fcvt.w.s	x4,f5	  f5:0x7fc00000  x4=0x7fffffff
      37255.000 ns	      3724	80001084	01d83b33	sltu	x22,x16,x29	 x16:0x00000004 x29:0x800417c1 x22=0x00000001
      37275.000 ns	      3726	80001088	29f116d3	fmax.s	f13,f2,f31	  f2:0x46b50a40 f31:0x80000000 f13=0x46b50a40
      37315.000 ns	      3730	8000108c	11ba7853	fmul.s	f16,f20,f27	 f20:0x7fc00000 f27:0x7fc00000 f16=0x7fc00000
      37335.000 ns	      3732	80001090	003903b3	add	x7,x18,x3	 x18:0x00000000  x3:0x00000462  x7=0x00000462
      37345.000 ns	      3733	80001094	007ddfb3	srl	x31,x27,x7	 x27:0x7fffffff  x7:0x00000000 x31=0x1fffffff
      37355.000 ns	      3734	80001098	007138b3	sltu	x17,x2,x7	  x2:0x80040fe4  x7:0x00000000 x17=0x00000000
      37375.000 ns	      3736	8000109c	216526d3	fsgnjx.s	f13,f10,f22	 f10:0x7fc00000 f22:0x7fc00000 f13=0x7fc00000
      37395.000 ns	      3738	800010a0	4b717393	andi	x7,x2,1207	  x2:0x80040fe4  x7=0x000004a4
      37415.000 ns	      3740	800010a4	206b94d3	fsgnjn.s	f9,f23,f6	 f23:0x7fc00000  f6:0x42800000  f9=0xffc00000
      37435.000 ns	      3742	800010a8	01d90633	add	x12,x18,x29	 x18:0x00000000 x29:0x800417c1 x12=0x800417c1
      37445.000 ns	      3743	800010ac	40d20fb3	sub	x31,x4,x13	  x4:0x7fffffff x13:0x00000001 x31=0x7ffffffe
      37465.000 ns	      3745	800010b0	283707d3	fmin.s	f15,f14,f3	 f14:0xffc00000  f3:0xc2dc0000 f15=0xc2dc0000
      37485.000 ns	      3747	800010b4	00af1d13	slli	x26,x30,0xa	 x30:0x40400890 x26=0x00224000
      37495.000 ns	      3748	800010b8	40f1d333	sra	x6,x3,x15	  x3:0x00000462 x15:0x00000000  x6=0x00000462
      37505.000 ns	      3749	800010bc	0f317393	andi	x7,x2,243	  x2:0x80040fe4  x7=0x000000e0
      37865.000 ns	      3785	800010c0	028a77b3	remu	x15,x20,x8	 x20:0x00000007  x8:0x3f800000 x15=0x00000007
      37885.000 ns	      3787	800010c4	01ccff33	and	x30,x25,x28	 x25:0x00000047 x28:0x800005d2 x30=0x00000042
      37905.000 ns	      3789	800010c8	02ee8533	mul	x10,x29,x14	 x29:0x800417c1 x14:0x80041024 x10=0x21136724
      37925.000 ns	      3791	800010cc	016d1233	sll	x4,x26,x22	 x26:0x00224000 x22:0x00000001  x4=0x00448000
      37945.000 ns	      3793	800010d0	a0209c53	flt.s	x24,f1,f2	  f1:0xc2dc0000  f2:0x46b50a40 x24=0x00000001
      37965.000 ns	      3795	800010d4	77fea913	slti	x18,x29,1919	 x29:0x800417c1 x18=0x00000001
      37975.000 ns	      3796	800010d8	00d63bb3	sltu	x23,x12,x13	 x12:0x800417c1 x13:0x00000001 x23=0x00000000
      38335.000 ns	      3832	800010dc	026e7cb3	remu	x25,x28,x6	 x28:0x800005d2  x6:0x00000462 x25=0x000002bc
      38355.000 ns	      3834	800010e0	41b5dc93	srai	x25,x11,0x1b	 x11:0x00000010 x25=0x00000000
      38395.000 ns	      3838	800010e4	000f4653	fadd.s	f12,f30,f0	 f30:0x7fc00000  f0:0x3f800000 f12=0x7fc00000
      38415.000 ns	      3840	800010e8	000c3e33	sltu	x28,x24,x0	 x24:0x00000001  x0:0x00000000 x28=0x00000000
      38425.000 ns	      3841	800010ec	004f53b3	srl	x7,x30,x4	 x30:0x00000042  x4:0x00448000  x7=0x00000042
      38435.000 ns	      3842	800010f0	011ce8b3	or	x17,x25,x17	 x25:0x00000000 x17:0x00000000 x17=0x00000000
      38445.000 ns	      3843	800010f4	00f745b3	xor	x11,x14,x15	 x14:0x80041024 x15:0x00000007 x11=0x80041023
      38455.000 ns	      3844	800010f8	003ddd33	srl	x26,x27,x3	 x27:0x7fffffff  x3:0x00000462 x26=0x1fffffff
      38465.000 ns	      3845	800010fc	cc86ce93	xori	x29,x13,-824	 x13:0x00000001 x29=0xfffffcc9
      38475.000 ns	      3846	80001100	404d5e93	srai	x29,x26,0x4	 x26:0x00224000 x29=0x01ffffff
      38505.000 ns	      3849	80001104	11b31dd3	fmul.s	f27,f6,f27	  f6:0x42800000 f27:0x7fc00000 f27=0x7fc00000
      38525.000 ns	      3851	80001108	f79a8093	addi	x1,x21,-135	 x21:0x007fc000  x1=0x007fbf79
      38545.000 ns	      3853	8000110c	c00f3ad3	fcvt.w.s	x21,f30	 f30:0x7fc00000 x21=0x7fffffff
      38575.000 ns	      3856	80001110	a1da2b53	feq.s	x22,f20,f29	 f20:0x7fc00000 f29:0x7fc00000 x22=0x00000000
      38605.000 ns	      3859	80001114	e0061ed3	fclass.s	x29,f12	 f12:0x7fc00000 x29=0x00000200
      38635.000 ns	      3862	80001118	c01f40d3	fcvt.wu.s	x1,f30	 f30:0x7fc00000  x1=0xffffffff
      38665.000 ns	      3865	8000111c	e00d8953	fmv.x.w	x18,f27	 f27:0x7fc00000 x18=0x7fc00000
      38695.000 ns	      3868	80001120	20b91353	fsgnjn.s	f6,f18,f11	 f18:0x7fc00000 f11:0x00000000  f6=0xffc00000
      38715.000 ns	      3870	80001124	0066ee33	or	x28,x13,x6	 x13:0x00000001  x6:0x00000462 x28=0x00000463
      38725.000 ns	      3871	80001128	0115e433	or	x8,x11,x17	 x11:0x80041023 x17:0x00000000  x8=0x80041023
      38745.000 ns	      3873	8000112c	d00c3f53	fcvt.s.w	f30,x24	 x24:0x00000001 f30=0x3f800000
      38775.000 ns	      3876	80001130	d00db453	fcvt.s.w	f8,x27	 x27:0x7fffffff  f8=0x4f000000
      38805.000 ns	      3879	80001134	282582d3	fmin.s	f5,f11,f2	 f11:0x00000000  f2:0x46b50a40  f5=0x00000000
      38835.000 ns	      3882	80001138	c00d8cd3	fcvt.w.s	x25,f27	 f27:0x7fc00000 x25=0x7fffffff
      38855.000 ns	      3884	8000113c	4c6a2793	slti	x15,x20,1222	 x20:0x00000007 x15=0x00000001
      38865.000 ns	      3885	80001140	00000013	addi	x0,x0,0	  x0:0x00000000
      38875.000 ns	      3886	80001144	018bb4b3	sltu	x9,x23,x24	 x23:0x00000000 x24:0x00000001  x9=0x00000001
      38885.000 ns	      3887	80001148	00348533	add	x10,x9,x3	  x9:0x80041024  x3:0x00000462 x10=0x00000463
      38905.000 ns	      3889	8000114c	c00279d3	fcvt.w.s	x19,f4	  f4:0x00000000 x19=0x00000000
      38935.000 ns	      3892	80001150	2096a953	fsgnjx.s	f18,f13,f9	 f13:0x7fc00000  f9:0xffc00000 f18=0xffc00000
      38965.000 ns	      3895	80001154	a0021f53	flt.s	x30,f4,f0	  f4:0x00000000  f0:0x3f800000 x30=0x00000001
      38985.000 ns	      3897	80001158	019422b3	slt	x5,x8,x25	  x8:0x80041023 x25:0x7fffffff  x5=0x00000001
      39005.000 ns	      3899	8000115c	e00594d3	fclass.s	x9,f11	 f11:0x00000000  x9=0x00000010
      39025.000 ns	      3901	80001160	134a0613	addi	x12,x20,308	 x20:0x00000007 x12=0x0000013b
      39035.000 ns	      3902	80001164	5013ae13	slti	x28,x7,1281	  x7:0x00000042 x28=0x00000001
      39055.000 ns	      3904	80001168	c0198d53	fcvt.wu.s	x26,f19	 f19:0x4f800000 x26=0x00000000
      39425.000 ns	      3941	8000116c	0325d633	divu	x12,x11,x18	 x11:0x80041023 x18:0x7fc00000 x12=0x00000001
      39445.000 ns	      3943	80001170	93bc8993	addi	x19,x25,-1733	 x25:0x7fffffff x19=0x7ffff93a
      39465.000 ns	      3945	80001174	208687d3	fsgnj.s	f15,f13,f8	 f13:0x7fc00000  f8:0x4f000000 f15=0x7fc00000
      39505.000 ns	      3949	80001178	19824a53	fdiv.s	f20,f4,f24	  f4:0x00000000 f24:0x80041024 f20=0x80000000
      39875.000 ns	      3986	8000117c	02b6dab3	divu	x21,x13,x11	 x13:0x00000001 x11:0x80041023 x21=0x00000000
      39905.000 ns	      3989	80001180	c00d1553	fcvt.w.s	x10,f26	 f26:0x47000000 x10=0x00008000
      39925.000 ns	      3991	80001184	00c82f33	slt	x30,x16,x12	 x16:0x00000004 x12:0x00000001 x30=0x00000000
      39935.000 ns	      3992	80001188	0131f233	and	x4,x3,x19	  x3:0x00000462 x19:0x7ffff93a  x4=0x00000022
      39955.000 ns	      3994	8000118c	20361e53	fsgnjn.s	f28,f12,f3	 f12:0x7fc00000  f3:0xc2dc0000 f28=0x7fc00000
      39985.000 ns	      3997	80001190	294308d3	fmin.s	f17,f6,f20	  f6:0xffc00000 f20:0x80000000 f17=0x80000000
      40005.000 ns	      3999	80001194	00000013	addi	x0,x0,0	  x0:0x00000000
      40025.000 ns	      4001	80001198	a12b0a53	fle.s	x20,f22,f18	 f22:0x7fc00000 f18:0xffc00000 x20=0x00000000
      40055.000 ns	      4004	8000119c	e00c0cd3	fmv.x.w	x25,f24	 f24:0x80041024 x25=0x80041024
      40075.000 ns	      4006	800011a0	00c366b3	or	x13,x6,x12	  x6:0x00000462 x12:0x00000001 x13=0x00000463
      40085.000 ns	      4007	800011a4	41895693	srai	x13,x18,0x18	 x18:0x7fc00000 x13=0x0000007f
      40095.000 ns	      4008	800011a8	01ac7a33	and	x20,x24,x26	 x24:0x00000001 x26:0x00000000 x20=0x00000000
      40115.000 ns	      4010	800011ac	c0084353	fcvt.w.s	x6,f16	 f16:0x7fc00000  x6=0x7fffffff
      40145.000 ns	      4013	800011b0	c0167fd3	fcvt.wu.s	x31,f12	 f12:0x7fc00000 x31=0xffffffff
      40175.000 ns	      4016	800011b4	020ba5b3	mulhsu	x11,x23,x0	 x23:0x00000000  x0:0x00000000 x11=0x00000000
      41355.000 ns	      4134	800011b8	58017253	fsqrt.s	f4,f2	  f2:0x46b50a40  f4=0x43183a19
      41375.000 ns	      4136	800011bc	00451213	slli	x4,x10,0x4	 x10:0x00008000  x4=0x00080000
      41395.000 ns	      4138	800011c0	a0fd8fd3	fle.s	x31,f27,f15	 f27:0x7fc00000 f15:0x7fc00000 x31=0x00000000
      41415.000 ns	      4140	800011c4	4051d293	srai	x5,x3,0x5	  x3:0x00000462  x5=0x00000023
      41425.000 ns	      4141	800011c8	1f90e213	ori	x4,x1,505	  x1:0xffffffff  x4=0xffffffff
      41435.000 ns	      4142	800011cc	00f214b3	sll	x9,x4,x15	  x4:0x00080000 x15:0x00000001  x9=0xfffffffe
      41795.000 ns	      4178	800011d0	024b4433	div	x8,x22,x4	 x22:0x00000000  x4:0x00080000  x8=0x00000000
      41825.000 ns	      4181	800011d4	a16b1553	flt.s	x10,f22,f22	 f22:0x7fc00000 f22:0x7fc00000 x10=0x00000000
      41865.000 ns	      4185	800011d8	11bb7953	fmul.s	f18,f22,f27	 f22:0x7fc00000 f27:0x7fc00000 f18=0x7fc00000
      41895.000 ns	      4188	800011dc	02bccdb3	div	x27,x25,x11	 x25:0x80041024 x11:0x00000000 x27=0xffffffff
      41915.000 ns	      4190	800011e0	41d6dc13	srai	x24,x13,0x1d	 x13:0x0000007f x24=0x00000000
      41925.000 ns	      4191	800011e4	0149e9b3	or	x19,x19,x20	 x19:0x7ffff93a x20:0x00000000 x19=0x7ffff93a
      41935.000 ns	      4192	800011e8	011aa4b3	slt	x9,x21,x17	 x21:0x00000000 x17:0x00000000  x9=0x00000000
      41945.000 ns	      4193	800011ec	6018a613	slti	x12,x17,1537	 x17:0x00000000 x12=0x00000001
      41955.000 ns	      4194	800011f0	017fb333	sltu	x6,x31,x23	 x31:0x00000000 x23:0x00000000  x6=0x00000000
      41975.000 ns	      4196	800011f4	03588bb3	mul	x23,x17,x21	 x17:0x00000000 x21:0x00000000 x23=0x00000000
      41995.000 ns	      4198	800011f8	410c5b33	sra	x22,x24,x16	 x24:0x00000000 x16:0x00000004 x22=0x00000000
      42015.000 ns	      4200	800011fc	020e8933	mul	x18,x29,x0	 x29:0x00000200  x0:0x00000000 x18=0x00000000
      42055.000 ns	      4204	80001200	117ef353	fmul.s	f6,f29,f23	 f29:0x7fc00000 f23:0x7fc00000  f6=0x7fc00000
      42425.000 ns	      4241	80001204	030b66b3	rem	x13,x22,x16	 x22:0x00000000 x16:0x00000004 x13=0x00000000
      42475.000 ns	      4246	80001208	088e2653	fsub.s	f12,f28,f8	 f28:0x7fc00000  f8:0x4f000000 f12=0x7fc00000
      42505.000 ns	      4249	8000120c	29e49253	fmax.s	f4,f9,f30	  f9:0xffc00000 f30:0x3f800000  f4=0x3f800000
      42525.000 ns	      4251	80001210	004783b3	add	x7,x15,x4	 x15:0x00000001  x4:0xffffffff  x7=0x00000000
      42885.000 ns	      4287	80001214	02ecfbb3	remu	x23,x25,x14	 x25:0x80041024 x14:0x80041024 x23=0x00000000
      42915.000 ns	      4290	80001218	d0122753	fcvt.s.wu	f14,x4	  x4:0xffffffff f14=0x4f800000
      42965.000 ns	      4295	8000121c	01447553	fadd.s	f10,f8,f20	  f8:0x4f000000 f20:0x80000000 f10=0x4f000000
      42985.000 ns	      4297	80001220	01497eb3	and	x29,x18,x20	 x18:0x00000000 x20:0x00000000 x29=0x00000000
      43005.000 ns	      4299	80001224	02ea22b3	mulhsu	x5,x20,x14	 x20:0x00000000 x14:0x80041024  x5=0x00000000
      43375.000 ns	      4336	80001228	024edab3	divu	x21,x29,x4	 x29:0x00000200  x4:0xffffffff x21=0x00000000
      43405.000 ns	      4339	8000122c	c01531d3	fcvt.wu.s	x3,f10	 f10:0x4f000000  x3=0x80000000
      43455.000 ns	      4344	80001230	09304dd3	fsub.s	f27,f0,f19	  f0:0x3f800000 f19:0x4f800000 f27=0xcf7fffff
      43485.000 ns	      4347	80001234	0323a333	mulhsu	x6,x7,x18	  x7:0x00000000 x18:0x00000000  x6=0x00000000
      43515.000 ns	      4350	80001238	02810ab3	mul	x21,x2,x8	  x2:0x80040fe4  x8:0x00000000 x21=0x00000000
      43545.000 ns	      4353	8000123c	285192d3	fmax.s	f5,f3,f5	  f3:0xc2dc0000  f5:0x00000000  f5=0x00000000
      43575.000 ns	      4356	80001240	02b855b3	divu	x11,x16,x11	 x16:0x00000004 x11:0x00000000 x11=0xffffffff
      43605.000 ns	      4359	80001244	e00702d3	fmv.x.w	x5,f14	 f14:0x4f800000  x5=0x4f800000
      43625.000 ns	      4361	80001248	002a2ab3	slt	x21,x20,x2	 x20:0x00000000  x2:0x80040fe4 x21=0x00000000
      43645.000 ns	      4363	8000124c	e00a0653	fmv.x.w	x12,f20	 f20:0x80000000 x12=0x80000000
      43665.000 ns	      4365	80001250	01b5ffb3	and	x31,x11,x27	 x11:0xffffffff x27:0xffffffff x31=0xffffffff
      43685.000 ns	      4367	80001254	d00f90d3	fcvt.s.w	f1,x31	 x31:0x00000000  f1=0xbf800000
      43705.000 ns	      4369	80001258	00e51eb3	sll	x29,x10,x14	 x10:0x00000000 x14:0x80041024 x29=0x00000000
      43725.000 ns	      4371	8000125c	215d8ed3	fsgnj.s	f29,f27,f21	 f27:0xcf7fffff f21:0xffc00000 f29=0xcf7fffff
      43765.000 ns	      4375	80001260	11357353	fmul.s	f6,f10,f19	 f10:0x4f000000 f19:0x4f800000  f6=0x5f000000
      43805.000 ns	      4379	80001264	5808f153	fsqrt.s	f2,f17	 f17:0x80000000  f2=0x80000000
      43825.000 ns	      4381	80001268	0025edb3	or	x27,x11,x2	 x11:0xffffffff  x2:0x80040fe4 x27=0xffffffff
      43845.000 ns	      4383	8000126c	a0668b53	fle.s	x22,f13,f6	 f13:0x7fc00000  f6:0x5f000000 x22=0x00000000
      43875.000 ns	      4386	80001270	0289adb3	mulhsu	x27,x19,x8	 x19:0x7ffff93a  x8:0x00000000 x27=0x00000000
      43925.000 ns	      4391	80001274	000b7cd3	fadd.s	f25,f22,f0	 f22:0x7fc00000  f0:0x3f800000 f25=0x7fc00000
      43945.000 ns	      4393	80001278	011311b3	sll	x3,x6,x17	  x6:0x00000000 x17:0x00000000  x3=0x00000000
      43955.000 ns	      4394	8000127c	00f24933	xor	x18,x4,x15	  x4:0xffffffff x15:0x00000001 x18=0xfffffffe
      43975.000 ns	      4396	80001280	21692153	fsgnjx.s	f2,f18,f22	 f18:0x7fc00000 f22:0x7fc00000  f2=0x7fc00000
      44005.000 ns	      4399	80001284	0246a7b3	mulhsu	x15,x13,x4	 x13:0x00000000  x4:0xffffffff x15=0x00000000
      44025.000 ns	      4401	80001288	01274fb3	xor	x31,x14,x18	 x14:0x80041024 x18:0xfffffffe x31=0x7ffbefda
      44035.000 ns	      4402	8000128c	22aa5797	auipc	x15,0x22aa5	 x15=0xa2aa628c
      44055.000 ns	      4404	80001290	0202de33	divu	x28,x5,x0	  x5:0x4f800000  x0:0x00000000 x28=0xffffffff
      44085.000 ns	      4407	80001294	0270d333	divu	x6,x1,x7	  x1:0xffffffff  x7:0x00000000  x6=0xffffffff
      44115.000 ns	      4410	80001298	a10505d3	fle.s	x11,f10,f16	 f10:0x4f000000 f16:0x7fc00000 x11=0x00000000
      44145.000 ns	      4413	8000129c	02d3f5b3	remu	x11,x7,x13	  x7:0x00000000 x13:0x00000000 x11=0x00000000
      44175.000 ns	      4416	800012a0	039a3333	mulhu	x6,x20,x25	 x20:0x00000000 x25:0x80041024  x6=0x00000000
      44195.000 ns	      4418	800012a4	0114eeb3	or	x29,x9,x17	  x9:0x00000000 x17:0x00000000 x29=0x00000000
      44215.000 ns	      4420	800012a8	d002bbd3	fcvt.s.w	f23,x5	  x5:0x4f800000 f23=0x4e9f0000
      44245.000 ns	      4423	800012ac	f00082d3	fmv.w.x	f5,x1	  x1:0xffffffff  f5=0xffffffff
      44285.000 ns	      4427	800012b0	10a135d3	fmul.s	f11,f2,f10	  f2:0x7fc00000 f10:0x4f000000 f11=0x7fc00000
      44315.000 ns	      4430	800012b4	21ab1b53	fsgnjn.s	f22,f22,f26	 f22:0x7fc00000 f26:0x47000000 f22=0xffc00000
      44335.000 ns	      4432	800012b8	00dbef33	or	x30,x23,x13	 x23:0x00000000 x13:0x00000000 x30=0x00000000
      44355.000 ns	      4434	800012bc	03c72fb3	mulhsu	x31,x14,x28	 x14:0x80041024 x28:0xffffffff x31=0x80041024
      44375.000 ns	      4436	800012c0	5434b213	sltiu	x4,x9,1347	  x9:0x00000000  x4=0x00000001
      44395.000 ns	      4438	800012c4	e00d8d53	fmv.x.w	x26,f27	 f27:0xcf7fffff x26=0xcf7fffff
      44425.000 ns	      4441	800012c8	02d97db3	remu	x27,x18,x13	 x18:0xfffffffe x13:0x00000000 x27=0xfffffffe
      44445.000 ns	      4443	800012cc	4139dd93	srai	x27,x19,0x13	 x19:0x7ffff93a x27=0x00000fff
      44465.000 ns	      4445	800012d0	2109aa53	fsgnjx.s	f20,f19,f16	 f19:0x4f800000 f16:0x7fc00000 f20=0x4f800000
      44515.000 ns	      4450	800012d4	090a2c53	fsub.s	f24,f20,f16	 f20:0x80000000 f16:0x7fc00000 f24=0x7fc00000
      44545.000 ns	      4453	800012d8	f00e8753	fmv.w.x	f14,x29	 x29:0x00000000 f14=0x00000000
      44565.000 ns	      4455	800012dc	cc5c8b13	addi	x22,x25,-827	 x25:0x80041024 x22=0x80040ce9
      44575.000 ns	      4456	800012e0	01229193	slli	x3,x5,0x12	  x5:0x4f800000  x3=0x00000000
      44595.000 ns	      4458	800012e4	027330b3	mulhu	x1,x6,x7	  x6:0x00000000  x7:0x00000000  x1=0x00000000
      44625.000 ns	      4461	800012e8	20e62cd3	fsgnjx.s	f25,f12,f14	 f12:0x7fc00000 f14:0x00000000 f25=0x7fc00000
      44655.000 ns	      4464	800012ec	038c05b3	mul	x11,x24,x24	 x24:0x00000000 x24:0x00000000 x11=0x00000000
      44685.000 ns	      4467	800012f0	c00a7b53	fcvt.w.s	x22,f20	 f20:0x4f800000 x22=0x7fffffff
      44715.000 ns	      4470	800012f4	a0861953	flt.s	x18,f12,f8	 f12:0x7fc00000  f8:0x4f000000 x18=0x00000000
      44735.000 ns	      4472	800012f8	01c80613	addi	x12,x16,28	 x16:0x00000004 x12=0x00000020
      44745.000 ns	      4473	800012fc	01c15693	srli	x13,x2,0x1c	  x2:0x80040fe4 x13=0x00000008
      44765.000 ns	      4475	80001300	c00a7bd3	fcvt.w.s	x23,f20	 f20:0x4f800000 x23=0x7fffffff
      44785.000 ns	      4477	80001304	00a286b3	add	x13,x5,x10	  x5:0x4f800000 x10:0x00000000 x13=0x4f800000
      44805.000 ns	      4479	80001308	f00804d3	fmv.w.x	f9,x16	 x16:0x00000004  f9=0x00000004
      44825.000 ns	      4481	8000130c	01bdcc33	xor	x24,x27,x27	 x27:0x00000fff x27:0x00000fff x24=0x00000000
      44845.000 ns	      4483	80001310	02502233	mulhsu	x4,x0,x5	  x0:0x00000000  x5:0x4f800000  x4=0x00000000
      44875.000 ns	      4486	80001314	28cf9153	fmax.s	f2,f31,f12	 f31:0x80000000 f12:0x7fc00000  f2=0x80000000
      45245.000 ns	      4523	80001318	03f4e7b3	rem	x15,x9,x31	  x9:0x00000000 x31:0x80041024 x15=0x00000000
      45265.000 ns	      4525	8000131c	015c18b3	sll	x17,x24,x21	 x24:0x00000000 x21:0x00000000 x17=0x00000000
      45285.000 ns	      4527	80001320	a1bd02d3	fle.s	x5,f26,f27	 f26:0x47000000 f27:0xcf7fffff  x5=0x00000000
      45305.000 ns	      4529	80001324	00184ab3	xor	x21,x16,x1	 x16:0x00000004  x1:0x00000000 x21=0x00000004
      45315.000 ns	      4530	80001328	01718eb3	add	x29,x3,x23	  x3:0x00000000 x23:0x7fffffff x29=0x7fffffff
      45335.000 ns	      4532	8000132c	c017cbd3	fcvt.wu.s	x23,f15	 f15:0x7fc00000 x23=0xffffffff
      45355.000 ns	      4534	80001330	0058bc33	sltu	x24,x17,x5	 x17:0x00000000  x5:0x00000000 x24=0x00000000
      45375.000 ns	      4536	80001334	0277ce33	div	x28,x15,x7	 x15:0x00000000  x7:0x00000000 x28=0xffffffff
      45405.000 ns	      4539	80001338	20a99dd3	fsgnjn.s	f27,f19,f10	 f19:0x4f800000 f10:0x4f000000 f27=0xcf800000
      45435.000 ns	      4542	8000133c	f00289d3	fmv.w.x	f19,x5	  x5:0x00000000 f19=0x00000000
      45465.000 ns	      4545	80001340	02ab6c33	rem	x24,x22,x10	 x22:0x7fffffff x10:0x00000000 x24=0x7fffffff
      45495.000 ns	      4548	80001344	028aa2b3	mulhsu	x5,x21,x8	 x21:0x00000004  x8:0x00000000  x5=0x00000000
      45515.000 ns	      4550	80001348	2fa93f13	sltiu	x30,x18,762	 x18:0x00000000 x30=0x00000001
      45535.000 ns	      4552	8000134c	03e62033	mulhsu	x0,x12,x30	 x12:0x00000020 x30:0x00000000
      45555.000 ns	      4554	80001350	012b4fb3	xor	x31,x22,x18	 x22:0x7fffffff x18:0x00000000 x31=0x7fffffff
      45575.000 ns	      4556	80001354	036120b3	mulhsu	x1,x2,x22	  x2:0x80040fe4 x22:0x7fffffff  x1=0xc00207f2
      45625.000 ns	      4561	80001358	096effd3	fsub.s	f31,f29,f22	 f29:0xcf7fffff f22:0xffc00000 f31=0x7fc00000
      45645.000 ns	      4563	8000135c	0116c633	xor	x12,x13,x17	 x13:0x4f800000 x17:0x00000000 x12=0x4f800000
      45655.000 ns	      4564	80001360	017f5e13	srli	x28,x30,0x17	 x30:0x00000001 x28=0x00000000
      45675.000 ns	      4566	80001364	20bd1a53	fsgnjn.s	f20,f26,f11	 f26:0x47000000 f11:0x7fc00000 f20=0xc7000000
      45705.000 ns	      4569	80001368	a1080dd3	fle.s	x27,f16,f16	 f16:0x7fc00000 f16:0x7fc00000 x27=0x00000000
      45755.000 ns	      4574	8000136c	08d1fed3	fsub.s	f29,f3,f13	  f3:0xc2dc0000 f13:0x7fc00000 f29=0x7fc00000
      45785.000 ns	      4577	80001370	a1648dd3	fle.s	x27,f9,f22	  f9:0x00000004 f22:0xffc00000 x27=0x00000000
      45815.000 ns	      4580	80001374	02ab6a33	rem	x20,x22,x10	 x22:0x7fffffff x10:0x00000000 x20=0x7fffffff
      45835.000 ns	      4582	80001378	00aa9b93	slli	x23,x21,0xa	 x21:0x00000004 x23=0x00001000
      45855.000 ns	      4584	8000137c	c01271d3	fcvt.wu.s	x3,f4	  f4:0x3f800000  x3=0x00000001
      45885.000 ns	      4587	80001380	21231b53	fsgnjn.s	f22,f6,f18	  f6:0x5f000000 f18:0x7fc00000 f22=0xdf000000
      45905.000 ns	      4589	80001384	43fd3c93	sltiu	x25,x26,1087	 x26:0xcf7fffff x25=0x00000000
      45915.000 ns	      4590	80001388	4366c493	xori	x9,x13,1078	 x13:0x4f800000  x9=0x4f800436
      45925.000 ns	      4591	8000138c	01529233	sll	x4,x5,x21	  x5:0x00000000 x21:0x00000004  x4=0x00000000
      45945.000 ns	      4593	80001390	a0e88353	fle.s	x6,f17,f14	 f17:0x80000000 f14:0x00000000  x6=0x00000001
      45975.000 ns	      4596	80001394	03063eb3	mulhu	x29,x12,x16	 x12:0x4f800000 x16:0x00000004 x29=0x00000001
      46025.000 ns	      4601	80001398	0848fbd3	fsub.s	f23,f17,f4	 f17:0x80000000  f4:0x3f800000 f23=0xbf800000
      46065.000 ns	      4605	8000139c	11d67b53	fmul.s	f22,f12,f29	 f12:0x7fc00000 f29:0x7fc00000 f22=0x7fc00000
      46095.000 ns	      4608	800013a0	20f91ed3	fsgnjn.s	f29,f18,f15	 f18:0x7fc00000 f15:0x7fc00000 f29=0xffc00000
      46115.000 ns	      4610	800013a4	00ccbab3	sltu	x21,x25,x12	 x25:0x00000000 x12:0x4f800000 x21=0x00000001
      46135.000 ns	      4612	800013a8	c019f3d3	fcvt.wu.s	x7,f19	 f19:0x00000000  x7=0x00000000
      46155.000 ns	      4614	800013ac	85b97d93	andi	x27,x18,-1957	 x18:0x00000000 x27=0x00000000
      46165.000 ns	      4615	800013b0	93e374b7	lui	x9,0x93e37	  x9=0x93e37000
      46175.000 ns	      4616	800013b4	ba05fa13	andi	x20,x11,-1120	 x11:0x00000000 x20=0x00000000
      46205.000 ns	      4619	800013b8	114521d3	fmul.s	f3,f10,f20	 f10:0x4f000000 f20:0xc7000000  f3=0xd6800000
      46225.000 ns	      4621	800013bc	249fd337	lui	x6,0x249fd	  x6=0x249fd000
      46235.000 ns	      4622	800013c0	01b80fb3	add	x31,x16,x27	 x16:0x00000004 x27:0x00000000 x31=0x00000004
      46245.000 ns	      4623	800013c4	406bdbb3	sra	x23,x23,x6	 x23:0x00001000  x6:0x00000001 x23=0x00001000
      46265.000 ns	      4625	800013c8	02d62433	mulhsu	x8,x12,x13	 x12:0x4f800000 x13:0x4f800000  x8=0x18b04000
      46285.000 ns	      4627	800013cc	00cd5c33	srl	x24,x26,x12	 x26:0xcf7fffff x12:0x4f800000 x24=0xcf7fffff
      46325.000 ns	      4631	800013d0	015a9253	fadd.s	f4,f21,f21	 f21:0xffc00000 f21:0xffc00000  f4=0x7fc00000
      46345.000 ns	      4633	800013d4	41928633	sub	x12,x5,x25	  x5:0x00000000 x25:0x00000000 x12=0x00000000
      46365.000 ns	      4635	800013d8	219f2a53	fsgnjx.s	f20,f30,f25	 f30:0x3f800000 f25:0x7fc00000 f20=0x3f800000
      46395.000 ns	      4638	800013dc	a14a0553	fle.s	x10,f20,f20	 f20:0xc7000000 f20:0xc7000000 x10=0x00000001
      46425.000 ns	      4641	800013e0	02c83333	mulhu	x6,x16,x12	 x16:0x00000004 x12:0x00000000  x6=0x00000000
      46455.000 ns	      4644	800013e4	a0a406d3	fle.s	x13,f8,f10	  f8:0x4f000000 f10:0x4f000000 x13=0x00000001
      46475.000 ns	      4646	800013e8	069c7b13	andi	x22,x24,105	 x24:0xcf7fffff x22=0x00000069
      46495.000 ns	      4648	800013ec	a0b096d3	flt.s	x13,f1,f11	  f1:0xbf800000 f11:0x7fc00000 x13=0x00000000
      46535.000 ns	      4652	800013f0	10f77753	fmul.s	f14,f14,f15	 f14:0x00000000 f15:0x7fc00000 f14=0x7fc00000
      46565.000 ns	      4655	800013f4	d00ff6d3	fcvt.s.w	f13,x31	 x31:0x00000004 f13=0x40800000
      46595.000 ns	      4658	800013f8	030aa9b3	mulhsu	x19,x21,x16	 x21:0x00000001 x16:0x00000004 x19=0x00000000
      46615.000 ns	      4660	800013fc	77210193	addi	x3,x2,1906	  x2:0x80040fe4  x3=0x80041756
      46625.000 ns	      4661	80001400	00000013	addi	x0,x0,0	  x0:0x00000000
      46645.000 ns	      4663	80001404	03d13f33	mulhu	x30,x2,x29	  x2:0x80040fe4 x29:0x00000001 x30=0x00000000
      46685.000 ns	      4667	80001408	18c34753	fdiv.s	f14,f6,f12	  f6:0x5f000000 f12:0x7fc00000 f14=0x7fc00000
      46705.000 ns	      4669	8000140c	01d01633	sll	x12,x0,x29	  x0:0x00000000 x29:0x00000001 x12=0x00000000
      46715.000 ns	      4670	80001410	01a666b3	or	x13,x12,x26	 x12:0x00000000 x26:0xcf7fffff x13=0xcf7fffff
      46735.000 ns	      4672	80001414	21512ed3	fsgnjx.s	f29,f2,f21	  f2:0x80000000 f21:0xffc00000 f29=0x00000000
      46755.000 ns	      4674	80001418	01373c33	sltu	x24,x14,x19	 x14:0x80041024 x19:0x00000000 x24=0x00000000
      46765.000 ns	      4675	8000141c	40798c33	sub	x24,x19,x7	 x19:0x00000000  x7:0x00000000 x24=0x00000000
      46785.000 ns	      4677	80001420	020dceb3	div	x29,x27,x0	 x27:0x00000000  x0:0x00000000 x29=0xffffffff
      46805.000 ns	      4679	80001424	01795c33	srl	x24,x18,x23	 x18:0x00000000 x23:0x00001000 x24=0x00000000
      46825.000 ns	      4681	80001428	d01934d3	fcvt.s.wu	f9,x18	 x18:0x00000000  f9=0x00000000
      46855.000 ns	      4684	8000142c	a1532d53	feq.s	x26,f6,f21	  f6:0x5f000000 f21:0xffc00000 x26=0x00000000
      46885.000 ns	      4687	80001430	a0ac1053	flt.s	x0,f24,f10	 f24:0x7fc00000 f10:0x4f000000
      46925.000 ns	      4691	80001434	114cf1d3	fmul.s	f3,f25,f20	 f25:0x7fc00000 f20:0x3f800000  f3=0x7fc00000
      46955.000 ns	      4694	80001438	28cb8dd3	fmin.s	f27,f23,f12	 f23:0xbf800000 f12:0x7fc00000 f27=0xbf800000
      46975.000 ns	      4696	8000143c	40355d93	srai	x27,x10,0x3	 x10:0x00000001 x27=0x00000000
      47005.000 ns	      4699	80001440	183e7cd3	fdiv.s	f25,f28,f3	 f28:0x7fc00000  f3:0x7fc00000 f25=0x7fc00000
      47025.000 ns	      4701	80001444	008e88b3	add	x17,x29,x8	 x29:0xffffffff  x8:0x18b04000 x17=0x18b03fff
      47045.000 ns	      4703	80001448	21449a53	fsgnjn.s	f20,f9,f20	  f9:0x00000000 f20:0x3f800000 f20=0x80000000
      47065.000 ns	      4705	8000144c	9a794bb7	lui	x23,0x9a794	 x23=0x9a794000
      47425.000 ns	      4741	80001450	03da47b3	div	x15,x20,x29	 x20:0x00000000 x29:0xffffffff x15=0x00000000
      47445.000 ns	      4743	80001454	005b5ab3	srl	x21,x22,x5	 x22:0x00000069  x5:0x00000000 x21=0x00000069
      47455.000 ns	      4744	80001458	e2a6aeb7	lui	x29,0xe2a6a	 x29=0xe2a6a000
      47495.000 ns	      4748	8000145c	0110f453	fadd.s	f8,f1,f17	  f1:0xbf800000 f17:0x80000000  f8=0xbf800000
      47515.000 ns	      4750	80001460	98cfc413	xori	x8,x31,-1652	 x31:0x00000004  x8=0xfffff988
      47845.000 ns	      4783	80001464	186303d3	fdiv.s	f7,f6,f6	  f6:0x5f000000  f6:0x5f000000  f7=0x3f000000
      47875.000 ns	      4786	80001468	03839c33	mulh	x24,x7,x24	  x7:0x00000000 x24:0x00000000 x24=0x00000000
      47895.000 ns	      4788	8000146c	00ad91b3	sll	x3,x27,x10	 x27:0x00000000 x10:0x00000001  x3=0x00000000
      47905.000 ns	      4789	80001470	005ab3b3	sltu	x7,x21,x5	 x21:0x00000069  x5:0x00000000  x7=0x00000000
      47915.000 ns	      4790	80001474	839bae93	slti	x29,x23,-1991	 x23:0x9a794000 x29=0x00000001
      47935.000 ns	      4792	80001478	f00a8ad3	fmv.w.x	f21,x21	 x21:0x00000069 f21=0x00000069
      47955.000 ns	      4794	8000147c	41ab54b3	sra	x9,x22,x26	 x22:0x00000069 x26:0x00000000  x9=0x00000069
      47965.000 ns	      4795	80001480	00000013	addi	x0,x0,0	  x0:0x00000000
      47975.000 ns	      4796	80001484	01269ab3	sll	x21,x13,x18	 x13:0xcf7fffff x18:0x00000000 x21=0xcf7fffff
      47985.000 ns	      4797	80001488	3f37fe13	andi	x28,x15,1011	 x15:0x00000000 x28=0x00000000
      48005.000 ns	      4799	8000148c	03c3ab33	mulhsu	x22,x7,x28	  x7:0x00000000 x28:0x00000000 x22=0x00000000
      48035.000 ns	      4802	80001490	03b0d433	divu	x8,x1,x27	  x1:0xc00207f2 x27:0x00000000  x8=0xffffffff
      48055.000 ns	      4804	80001494	b98bea37	lui	x20,0xb98be	 x20=0xb98be000
      48085.000 ns	      4807	80001498	19bb22d3	fdiv.s	f5,f22,f27	 f22:0x7fc00000 f27:0xbf800000  f5=0x7fc00000
      48115.000 ns	      4810	8000149c	02801d33	mulh	x26,x0,x8	  x0:0x00000000  x8:0xffffffff x26=0x00000000
      48155.000 ns	      4814	800014a0	5804ff53	fsqrt.s	f30,f9	  f9:0x00000000 f30=0x00000000
      48175.000 ns	      4816	800014a4	688c02b7	lui	x5,0x688c0	  x5=0x688c0000
      48205.000 ns	      4819	800014a8	580b1053	fsqrt.s	f0,f22	 f22:0x7fc00000  f0=0x7fc00000
      48225.000 ns	      4821	800014ac	79410097	auipc	x1,0x79410	  x1=0xf94114ac
      48245.000 ns	      4823	800014b0	d01778d3	fcvt.s.wu	f17,x14	 x14:0x80041024 f17=0x4f000410
      48275.000 ns	      4826	800014b4	d01340d3	fcvt.s.wu	f1,x6	  x6:0x00000000  f1=0x00000000
      48305.000 ns	      4829	800014b8	c01f4653	fcvt.wu.s	x12,f30	 f30:0x00000000 x12=0x00000000
      48675.000 ns	      4866	800014bc	02235db3	divu	x27,x6,x2	  x6:0x00000000  x2:0x80040fe4 x27=0x00000000
      49015.000 ns	      4900	800014c0	18837953	fdiv.s	f18,f6,f8	  f6:0x5f000000  f8:0xbf800000 f18=0xde845ede
      49045.000 ns	      4903	800014c4	c00605d3	fcvt.w.s	x11,f12	 f12:0x7fc00000 x11=0x7fffffff
      49085.000 ns	      4907	800014c8	105afa53	fmul.s	f20,f21,f5	 f21:0x00000069  f5:0x7fc00000 f20=0x7fc00000
      49105.000 ns	      4909	800014cc	40b8d693	srai	x13,x17,0xb	 x17:0x18b03fff x13=0x00031607
      49125.000 ns	      4911	800014d0	287903d3	fmin.s	f7,f18,f7	 f18:0xde845ede  f7:0x3f000000  f7=0xde845ede
      49155.000 ns	      4914	800014d4	e00f0a53	fmv.x.w	x20,f30	 f30:0x00000000 x20=0x00000000
      49185.000 ns	      4917	800014d8	21742cd3	fsgnjx.s	f25,f8,f23	  f8:0xbf800000 f23:0xbf800000 f25=0x3f800000
      49205.000 ns	      4919	800014dc	407b5333	sra	x6,x22,x7	 x22:0x00000000  x7:0x00000000  x6=0x00000000
      49225.000 ns	      4921	800014e0	03811c33	mulh	x24,x2,x24	  x2:0x80040fe4 x24:0x00000000 x24=0x00000000
      49255.000 ns	      4924	800014e4	c006f5d3	fcvt.w.s	x11,f13	 f13:0x40800000 x11=0x00000004
      49275.000 ns	      4926	800014e8	015067b3	or	x15,x0,x21	  x0:0x00000000 x21:0xcf7fffff x15=0xcf7fffff
      49285.000 ns	      4927	800014ec	01585cb3	srl	x25,x16,x21	 x16:0x00000004 x21:0xcf7fffff x25=0x00000000
      49305.000 ns	      4929	800014f0	e00b1053	fclass.s	x0,f22	 f22:0x7fc00000
      49325.000 ns	      4931	800014f4	66380997	auipc	x19,0x66380	 x19=0xe63814f4
      49345.000 ns	      4933	800014f8	d01d4d53	fcvt.s.wu	f26,x26	 x26:0x00000000 f26=0x00000000
      49375.000 ns	      4936	800014fc	a07c0f53	fle.s	x30,f24,f7	 f24:0x7fc00000  f7:0xde845ede x30=0x00000000
      49395.000 ns	      4938	80001500	01c9d7b3	srl	x15,x19,x28	 x19:0xe63814f4 x28:0x00000000 x15=0xe63814f4
      49415.000 ns	      4940	80001504	03040a33	mul	x20,x8,x16	  x8:0xffffffff x16:0x00000004 x20=0xfffffffc
      49435.000 ns	      4942	80001508	7e438613	addi	x12,x7,2020	  x7:0x00000000 x12=0x000007e4
      49465.000 ns	      4945	8000150c	10167bd3	fmul.s	f23,f12,f1	 f12:0x7fc00000  f1:0x00000000 f23=0x7fc00000
      49485.000 ns	      4947	80001510	017079b3	and	x19,x0,x23	  x0:0x00000000 x23:0x9a794000 x19=0x00000000
      49505.000 ns	      4949	80001514	d01f9ad3	fcvt.s.wu	f21,x31	 x31:0x00000004 f21=0x40800000
      49525.000 ns	      4951	80001518	019f5a93	srli	x21,x30,0x19	 x30:0x00000000 x21=0x00000000
      49545.000 ns	      4953	8000151c	02132233	mulhsu	x4,x6,x1	  x6:0x00000000  x1:0xf94114ac  x4=0x00000000
      49575.000 ns	      4956	80001520	c00d7953	fcvt.w.s	x18,f26	 f26:0x00000000 x18=0x00000000
      49595.000 ns	      4958	80001524	00000013	addi	x0,x0,0	  x0:0x00000000
      49615.000 ns	      4960	80001528	a1c5ab53	feq.s	x22,f11,f28	 f11:0x7fc00000 f28:0x7fc00000 x22=0x00000000
      49645.000 ns	      4963	8000152c	20248453	fsgnj.s	f8,f9,f2	  f9:0x00000000  f2:0x80000000  f8=0x80000000
      49665.000 ns	      4965	80001530	40748e33	sub	x28,x9,x7	  x9:0x00000069  x7:0x00000000 x28=0x00000069
      49685.000 ns	      4967	80001534	c00471d3	fcvt.w.s	x3,f8	  f8:0x80000000  x3=0x00000000
      49705.000 ns	      4969	80001538	49d82697	auipc	x13,0x49d82	 x13=0xc9d83538
      49735.000 ns	      4972	8000153c	10863753	fmul.s	f14,f12,f8	 f12:0x7fc00000  f8:0x80000000 f14=0x7fc00000
      49785.000 ns	      4977	80001540	083874d3	fsub.s	f9,f16,f3	 f16:0x7fc00000  f3:0x7fc00000  f9=0x7fc00000
      49805.000 ns	      4979	80001544	40485b13	srai	x22,x16,0x4	 x16:0x00000004 x22=0x00000000
      49825.000 ns	      4981	80001548	02c599b3	mulh	x19,x11,x12	 x11:0x00000004 x12:0x000007e4 x19=0x00000000
      49855.000 ns	      4984	8000154c	d01d7053	fcvt.s.wu	f0,x26	 x26:0x00000000  f0=0x00000000
      49905.000 ns	      4989	80001550	00b9fb53	fadd.s	f22,f19,f11	 f19:0x00000000 f11:0x7fc00000 f22=0x7fc00000
      49925.000 ns	      4991	80001554	40c68f33	sub	x30,x13,x12	 x13:0xc9d83538 x12:0x000007e4 x30=0xc9d82d54
      49935.000 ns	      4992	80001558	ee16e493	ori	x9,x13,-287	 x13:0xc9d83538  x9=0xfffffff9
      49945.000 ns	      4993	8000155c	0031dbb3	srl	x23,x3,x3	  x3:0x00000000  x3:0x00000000 x23=0x00000000
      49955.000 ns	      4994	80001560	00000013	addi	x0,x0,0	  x0:0x00000000
      49965.000 ns	      4995	80001564	40ae5333	sra	x6,x28,x10	 x28:0x00000069 x10:0x00000001  x6=0x00000034
      49985.000 ns	      4997	80001568	c0034553	fcvt.w.s	x10,f6	  f6:0x5f000000 x10=0x7fffffff
      50005.000 ns	      4999	8000156c	32472593	slti	x11,x14,804	 x14:0x80041024 x11=0x00000001
      50015.000 ns	      5000	80001570	41780e33	sub	x28,x16,x23	 x16:0x00000004 x23:0x00000000 x28=0x00000004
      50035.000 ns	      5002	80001574	0283b4b3	mulhu	x9,x7,x8	  x7:0x00000000  x8:0xffffffff  x9=0x00000000
      50055.000 ns	      5004	80001578	1cc90793	addi	x15,x18,460	 x18:0x00000000 x15=0x000001cc
      50095.000 ns	      5008	8000157c	085275d3	fsub.s	f11,f4,f5	  f4:0x7fc00000  f5:0x7fc00000 f11=0x7fc00000
      50125.000 ns	      5011	80001580	d0112c53	fcvt.s.wu	f24,x2	  x2:0x80040fe4 f24=0x4f000410
      50165.000 ns	      5015	80001584	580d1b53	fsqrt.s	f22,f26	 f26:0x00000000 f22=0x00000000
      50185.000 ns	      5017	80001588	00c18cb3	add	x25,x3,x12	  x3:0x00000000 x12:0x000007e4 x25=0x000007e4
      50205.000 ns	      5019	8000158c	20068553	fsgnj.s	f10,f13,f0	 f13:0x40800000  f0:0x00000000 f10=0x40800000
      50575.000 ns	      5056	80001590	02c54333	div	x6,x10,x12	 x10:0x7fffffff x12:0x000007e4  x6=0x001038c6
      50605.000 ns	      5059	80001594	298b8b53	fmin.s	f22,f23,f24	 f23:0x7fc00000 f24:0x4f000410 f22=0x4f000410
      50625.000 ns	      5061	80001598	01d1bb33	sltu	x22,x3,x29	  x3:0x00000000 x29:0x00000001 x22=0x00000001
      50645.000 ns	      5063	8000159c	20f9a5d3	fsgnjx.s	f11,f19,f15	 f19:0x00000000 f15:0x7fc00000 f11=0x00000000
      51015.000 ns	      5100	800015a0	0254deb3	divu	x29,x9,x5	  x9:0x00000000  x5:0x688c0000 x29=0x00000000
      51035.000 ns	      5102	800015a4	f37f6c93	ori	x25,x30,-201	 x30:0xc9d82d54 x25=0xffffff77
      51045.000 ns	      5103	800015a8	0027db33	srl	x22,x15,x2	 x15:0x000001cc  x2:0x80040fe4 x22=0x0000001c
      51065.000 ns	      5105	800015ac	c00e3953	fcvt.w.s	x18,f28	 f28:0x7fc00000 x18=0x7fffffff
      51095.000 ns	      5108	800015b0	d0063753	fcvt.s.w	f14,x12	 x12:0x000007e4 f14=0x44fc8000
      51125.000 ns	      5111	800015b4	e00e9ad3	fclass.s	x21,f29	 f29:0x00000000 x21=0x00000010
      51155.000 ns	      5114	800015b8	d01df953	fcvt.s.wu	f18,x27	 x27:0x00000000 f18=0x00000000
      51185.000 ns	      5117	800015bc	a1989553	flt.s	x10,f17,f25	 f17:0x4f000410 f25:0x3f800000 x10=0x00000000
      51215.000 ns	      5120	800015c0	209d07d3	fsgnj.s	f15,f26,f9	 f26:0x00000000  f9:0x7fc00000 f15=0x00000000
      51585.000 ns	      5157	800015c4	0300de33	divu	x28,x1,x16	  x1:0xf94114ac x16:0x00000004 x28=0x3e50452b
      51605.000 ns	      5159	800015c8	55f6b213	sltiu	x4,x13,1375	 x13:0xc9d83538  x4=0x00000000
      51625.000 ns	      5161	800015cc	e0099253	fclass.s	x4,f19	 f19:0x00000000  x4=0x00000010
      51645.000 ns	      5163	800015d0	135dcc97	auipc	x25,0x135dc	 x25=0x935dd5d0
      51675.000 ns	      5166	800015d4	580838d3	fsqrt.s	f17,f16	 f16:0x7fc00000 f17=0x7fc00000
      52045.000 ns	      5203	800015d8	0351e333	rem	x6,x3,x21	  x3:0x00000000 x21:0x00000010  x6=0x00000000
      52065.000 ns	      5205	800015dc	008fd093	srli	x1,x31,0x8	 x31:0x00000004  x1=0x00000000
      52075.000 ns	      5206	800015e0	14a4ee17	auipc	x28,0x14a4e	 x28=0x94a4f5e0
      52095.000 ns	      5208	800015e4	f0090a53	fmv.w.x	f20,x18	 x18:0x7fffffff f20=0x7fffffff
      52125.000 ns	      5211	800015e8	e00d8353	fmv.x.w	x6,f27	 f27:0xbf800000  x6=0xbf800000
      52145.000 ns	      5213	800015ec	26512793	slti	x15,x2,613	  x2:0x80040fe4 x15=0x00000001
      52155.000 ns	      5214	800015f0	00da9093	slli	x1,x21,0xd	 x21:0x00000010  x1=0x00020000
      52175.000 ns	      5216	800015f4	f00f8553	fmv.w.x	f10,x31	 x31:0x00000004 f10=0x00000004
      52195.000 ns	      5218	800015f8	751ba313	slti	x6,x23,1873	 x23:0x00000000  x6=0x00000001
      52205.000 ns	      5219	800015fc	41f103b3	sub	x7,x2,x31	  x2:0x80040fe4 x31:0x00000004  x7=0x80040fe0
      52215.000 ns	      5220	80001600	563d6993	ori	x19,x26,1379	 x26:0x00000000 x19=0x00000563
      52225.000 ns	      5221	80001604	00000013	addi	x0,x0,0	  x0:0x00000000
      52245.000 ns	      5223	80001608	0246beb3	mulhu	x29,x13,x4	 x13:0xc9d83538  x4:0x00000010 x29=0x0000000c
      52275.000 ns	      5226	8000160c	02618033	mul	x0,x3,x6	  x3:0x00000000  x6:0x00000001
      52295.000 ns	      5228	80001610	00000013	addi	x0,x0,0	  x0:0x00000000
      52315.000 ns	      5230	80001614	219fad53	fsgnjx.s	f26,f31,f25	 f31:0x7fc00000 f25:0x3f800000 f26=0x7fc00000
      52365.000 ns	      5235	80001618	017e14d3	fadd.s	f9,f28,f23	 f28:0x7fc00000 f23:0x7fc00000  f9=0x7fc00000
      52385.000 ns	      5237	8000161c	47486393	ori	x7,x16,1140	 x16:0x00000004  x7=0x00000474
      52395.000 ns	      5238	80001620	00a2cc33	xor	x24,x5,x10	  x5:0x688c0000 x10:0x00000000 x24=0x688c0000
      52415.000 ns	      5240	80001624	209a1bd3	fsgnjn.s	f23,f20,f9	 f20:0x7fffffff  f9:0x7fc00000 f23=0xffffffff
      53595.000 ns	      5358	80001628	58050c53	fsqrt.s	f24,f10	 f10:0x00000004 f24=0x1f350489
      53615.000 ns	      5360	8000162c	01b98233	add	x4,x19,x27	 x19:0x00000563 x27:0x00000000  x4=0x00000563
      53625.000 ns	      5361	80001630	01c65c93	srli	x25,x12,0x1c	 x12:0x000007e4 x25=0x00000000
      53635.000 ns	      5362	80001634	401151b3	sra	x3,x2,x1	  x2:0x80040fe4  x1:0x00020000  x3=0x80040fe4
      53645.000 ns	      5363	80001638	00189593	slli	x11,x17,0x1	 x17:0x18b03fff x11=0x31607ffe
      53655.000 ns	      5364	8000163c	fc474337	lui	x6,0xfc474	  x6=0xfc474000
      54015.000 ns	      5400	80001640	0272d333	divu	x6,x5,x7	  x5:0x688c0000  x7:0x00000474  x6=0x00177a29
      54065.000 ns	      5405	80001644	013b1653	fadd.s	f12,f22,f19	 f22:0x4f000410 f19:0x00000000 f12=0x4f000410
      54115.000 ns	      5410	80001648	08c7f4d3	fsub.s	f9,f15,f12	 f15:0x00000000 f12:0x7fc00000  f9=0xcf000410
      54135.000 ns	      5412	8000164c	db1fa513	slti	x10,x31,-591	 x31:0x00000004 x10=0x00000000
      54495.000 ns	      5448	80001650	0218d7b3	divu	x15,x17,x1	 x17:0x18b03fff  x1:0x00020000 x15=0x00000c58
      54525.000 ns	      5451	80001654	28279d53	fmax.s	f26,f15,f2	 f15:0x00000000  f2:0x80000000 f26=0x00000000
      54545.000 ns	      5453	80001658	40185693	srai	x13,x16,0x1	 x16:0x00000004 x13=0x00000002
      54575.000 ns	      5456	8000165c	19fe7b53	fdiv.s	f22,f28,f31	 f28:0x7fc00000 f31:0x7fc00000 f22=0x7fc00000
      54595.000 ns	      5458	80001660	4190f293	andi	x5,x1,1049	  x1:0x00020000  x5=0x00000000
      54635.000 ns	      5462	80001664	08f07953	fsub.s	f18,f0,f15	  f0:0x00000000 f15:0x00000000 f18=0x80000000
      54665.000 ns	      5465	80001668	029de633	rem	x12,x27,x9	 x27:0x00000000  x9:0x00000000 x12=0x00000000
      54695.000 ns	      5468	8000166c	0392bdb3	mulhu	x27,x5,x25	  x5:0x00000000 x25:0x00000000 x27=0x00000000
      54725.000 ns	      5471	80001670	219086d3	fsgnj.s	f13,f1,f25	  f1:0x00000000 f25:0x3f800000 f13=0x00000000
      54755.000 ns	      5474	80001674	03cd23b3	mulhsu	x7,x26,x28	 x26:0x00000000 x28:0x94a4f5e0  x7=0x00000000
      54775.000 ns	      5476	80001678	09b6c597	auipc	x11,0x9b6c	 x11=0x89b6d678
      54795.000 ns	      5478	8000167c	202499d3	fsgnjn.s	f19,f9,f2	  f9:0xcf000410  f2:0x80000000 f19=0x4f000410
      54815.000 ns	      5480	80001680	7a233293	sltiu	x5,x6,1954	  x6:0x00177a29  x5=0x00000000
      54835.000 ns	      5482	80001684	20178a53	fsgnj.s	f20,f15,f1	 f15:0x00000000  f1:0x00000000 f20=0x00000000
      54865.000 ns	      5485	80001688	28dc0153	fmin.s	f2,f24,f13	 f24:0x1f350489 f13:0x00000000  f2=0x00000000
      54895.000 ns	      5488	8000168c	29ac9e53	fmax.s	f28,f25,f26	 f25:0x3f800000 f26:0x00000000 f28=0x3f800000
      54915.000 ns	      5490	80001690	41f780b3	sub	x1,x15,x31	 x15:0x00000c58 x31:0x00000004  x1=0x00000c54
      54925.000 ns	      5491	80001694	c375eb13	ori	x22,x11,-969	 x11:0x89b6d678 x22=0xfffffe7f
      54945.000 ns	      5493	80001698	e00c82d3	fmv.x.w	x5,f25	 f25:0x3f800000  x5=0x3f800000
      54975.000 ns	      5496	8000169c	a1558653	fle.s	x12,f11,f21	 f11:0x00000000 f21:0x40800000 x12=0x00000001
      55005.000 ns	      5499	800016a0	29fc0153	fmin.s	f2,f24,f31	 f24:0x1f350489 f31:0x7fc00000  f2=0x1f350489
      55025.000 ns	      5501	800016a4	0157f333	and	x6,x15,x21	 x15:0x00000c58 x21:0x00000010  x6=0x00000010
      55035.000 ns	      5502	800016a8	3e2ef693	andi	x13,x29,994	 x29:0x0000000c x13=0x00000000
      55075.000 ns	      5506	800016ac	09193853	fsub.s	f16,f18,f17	 f18:0x80000000 f17:0x7fc00000 f16=0x7fc00000
      55105.000 ns	      5509	800016b0	c0177ed3	fcvt.wu.s	x29,f14	 f14:0x44fc8000 x29=0x000007e4
      55125.000 ns	      5511	800016b4	0188e233	or	x4,x17,x24	 x17:0x18b03fff x24:0x688c0000  x4=0x78bc3fff
      55135.000 ns	      5512	800016b8	01214e33	xor	x28,x2,x18	  x2:0x80040fe4 x18:0x7fffffff x28=0xfffbf01b
      55495.000 ns	      5548	800016bc	022e7bb3	remu	x23,x28,x2	 x28:0x94a4f5e0  x2:0x80040fe4 x23=0x7ff7e037
      55525.000 ns	      5551	800016c0	28a69653	fmax.s	f12,f13,f10	 f13:0x00000000 f10:0x00000004 f12=0x00000004
      55545.000 ns	      5553	800016c4	00cb1013	slli	x0,x22,0xc	 x22:0xfffffe7f
      55555.000 ns	      5554	800016c8	006804b3	add	x9,x16,x6	 x16:0x00000004  x6:0x00000010  x9=0x00000014
      55565.000 ns	      5555	800016cc	00834b33	xor	x22,x6,x8	  x6:0x00000010  x8:0xffffffff x22=0xffffffef
      55575.000 ns	      5556	800016d0	98a8c793	xori	x15,x17,-1654	 x17:0x18b03fff x15=0xe74fc675
      55595.000 ns	      5558	800016d4	a1c58953	fle.s	x18,f11,f28	 f11:0x00000000 f28:0x3f800000 x18=0x00000001
      55615.000 ns	      5560	800016d8	4112d5b3	sra	x11,x5,x17	  x5:0x3f800000 x17:0x18b03fff x11=0x00000000
      55635.000 ns	      5562	800016dc	e00002d3	fmv.x.w	x5,f0	  f0:0x00000000  x5=0x00000000
      55675.000 ns	      5566	800016e0	19a0c053	fdiv.s	f0,f1,f26	  f1:0x00000000 f26:0x00000000  f0=0x7fc00000
      55695.000 ns	      5568	800016e4	00000013	addi	x0,x0,0	  x0:0x00000000
      55725.000 ns	      5571	800016e8	19f68153	fdiv.s	f2,f13,f31	 f13:0x00000000 f31:0x7fc00000  f2=0x7fc00000
      55755.000 ns	      5574	800016ec	e0068253	fmv.x.w	x4,f13	 f13:0x00000000  x4=0x00000000
      55775.000 ns	      5576	800016f0	0043bdb3	sltu	x27,x7,x4	  x7:0x00000000  x4:0x78bc3fff x27=0x00000000
      55795.000 ns	      5578	800016f4	a17aadd3	feq.s	x27,f21,f23	 f21:0x40800000 f23:0xffffffff x27=0x00000000
      55825.000 ns	      5581	800016f8	d018fad3	fcvt.s.wu	f21,x17	 x17:0x18b03fff f21=0x4dc581ff
      56195.000 ns	      5618	800016fc	030ee0b3	rem	x1,x29,x16	 x29:0x000007e4 x16:0x00000004  x1=0x00000000
      56215.000 ns	      5620	80001700	017593b3	sll	x7,x11,x23	 x11:0x00000000 x23:0x7ff7e037  x7=0x00000000
      56235.000 ns	      5622	80001704	03ea3eb3	mulhu	x29,x20,x30	 x20:0xfffffffc x30:0xc9d82d54 x29=0xc9d82d50
      56265.000 ns	      5625	80001708	214ea353	fsgnjx.s	f6,f29,f20	 f29:0x00000000 f20:0x00000000  f6=0x00000000
      56295.000 ns	      5628	8000170c	039af5b3	remu	x11,x21,x25	 x21:0x00000010 x25:0x00000000 x11=0x00000010
      56315.000 ns	      5630	80001710	c2ec7193	andi	x3,x24,-978	 x24:0x688c0000  x3=0x688c0000
      56325.000 ns	      5631	80001714	01881b13	slli	x22,x16,0x18	 x16:0x00000004 x22=0x04000000
      56365.000 ns	      5635	80001718	01082653	fadd.s	f12,f16,f16	 f16:0x7fc00000 f16:0x7fc00000 f12=0x7fc00000
      56735.000 ns	      5672	8000171c	03495a33	divu	x20,x18,x20	 x18:0x00000001 x20:0xfffffffc x20=0x00000000
      56755.000 ns	      5674	80001720	00055a93	srli	x21,x10,0x0	 x10:0x00000000 x21=0x00000000
      56765.000 ns	      5675	80001724	19658d97	auipc	x27,0x19658	 x27=0x99659724
      56785.000 ns	      5677	80001728	203e1b53	fsgnjn.s	f22,f28,f3	 f28:0x3f800000  f3:0x7fc00000 f22=0xbf800000
      56805.000 ns	      5679	8000172c	0179c6b3	xor	x13,x19,x23	 x19:0x00000563 x23:0x7ff7e037 x13=0x7ff7e554
      56815.000 ns	      5680	80001730	01b298b3	sll	x17,x5,x27	  x5:0x00000000 x27:0x99659724 x17=0x00000000
      56835.000 ns	      5682	80001734	a0faaad3	feq.s	x21,f21,f15	 f21:0x4dc581ff f15:0x00000000 x21=0x00000000
      56865.000 ns	      5685	80001738	a04726d3	feq.s	x13,f14,f4	 f14:0x44fc8000  f4:0x7fc00000 x13=0x00000000
      56895.000 ns	      5688	8000173c	c01cfc53	fcvt.wu.s	x24,f25	 f25:0x3f800000 x24=0x00000001
      56925.000 ns	      5691	80001740	037c9f33	mulh	x30,x25,x23	 x25:0x00000000 x23:0x7ff7e037 x30=0x00000000
      56945.000 ns	      5693	80001744	014c9d93	slli	x27,x25,0x14	 x25:0x00000000 x27=0x00000000
      56965.000 ns	      5695	80001748	036b1a33	mulh	x20,x22,x22	 x22:0x04000000 x22:0x04000000 x20=0x00100000
      56995.000 ns	      5698	8000174c	21910ed3	fsgnj.s	f29,f2,f25	  f2:0x7fc00000 f25:0x3f800000 f29=0x7fc00000
      57335.000 ns	      5732	80001750	19cc7153	fdiv.s	f2,f24,f28	 f24:0x1f350489 f28:0x3f800000  f2=0x1f3503fc
      57355.000 ns	      5734	80001754	002cd7b3	srl	x15,x25,x2	 x25:0x00000000  x2:0x80040fe4 x15=0x00000000
      57365.000 ns	      5735	80001758	008628b3	slt	x17,x12,x8	 x12:0x00000001  x8:0xffffffff x17=0x00000000
      57375.000 ns	      5736	8000175c	01b6ef33	or	x30,x13,x27	 x13:0x00000000 x27:0x00000000 x30=0x00000000
      57395.000 ns	      5738	80001760	028624b3	mulhsu	x9,x12,x8	 x12:0x00000001  x8:0xffffffff  x9=0x00000000
      57445.000 ns	      5743	80001764	0054f3d3	fadd.s	f7,f9,f5	  f9:0xcf000410  f5:0x7fc00000  f7=0x7fc00000
      57475.000 ns	      5746	80001768	215f0853	fsgnj.s	f16,f30,f21	 f30:0x00000000 f21:0x4dc581ff f16=0x00000000
      57515.000 ns	      5750	8000176c	194e1b53	fdiv.s	f22,f28,f20	 f28:0x3f800000 f20:0x00000000 f22=0x7f800000
      57555.000 ns	      5754	80001770	18849a53	fdiv.s	f20,f9,f8	  f9:0xcf000410  f8:0x80000000 f20=0x7f800000
      57605.000 ns	      5759	80001774	009dfe53	fadd.s	f28,f27,f9	 f27:0xbf800000  f9:0xcf000410 f28=0xcf000410
      57635.000 ns	      5762	80001778	d00e8bd3	fcvt.s.w	f23,x29	 x29:0xc9d82d50 f23=0xce589f4a
      57655.000 ns	      5764	8000177c	000c1593	slli	x11,x24,0x0	 x24:0x00000001 x11=0x00000001
      57685.000 ns	      5767	80001780	105af953	fmul.s	f18,f21,f5	 f21:0x4dc581ff  f5:0x7fc00000 f18=0x7fc00000
      57715.000 ns	      5770	80001784	d017ced3	fcvt.s.wu	f29,x15	 x15:0x00000000 f29=0x00000000
      57735.000 ns	      5772	80001788	00000013	addi	x0,x0,0	  x0:0x00000000
      57745.000 ns	      5773	8000178c	54be5f17	auipc	x30,0x54be5	 x30=0xd4be678c
      57785.000 ns	      5777	80001790	000cca53	fadd.s	f20,f25,f0	 f25:0x3f800000  f0:0x7fc00000 f20=0x7fc00000
      57805.000 ns	      5779	80001794	dc023e37	lui	x28,0xdc023	 x28=0xdc023000
      57825.000 ns	      5781	80001798	03a88233	mul	x4,x17,x26	 x17:0x00000000 x26:0x00000000  x4=0x00000000
      57865.000 ns	      5785	8000179c	580b2553	fsqrt.s	f10,f22	 f22:0x7f800000 f10=0x7f800000
      57885.000 ns	      5787	800017a0	00aa78b3	and	x17,x20,x10	 x20:0x00100000 x10:0x00000000 x17=0x00000000
      57905.000 ns	      5789	800017a4	a062a653	feq.s	x12,f5,f6	  f5:0x7fc00000  f6:0x00000000 x12=0x00000000
      57935.000 ns	      5792	800017a8	f0020153	fmv.w.x	f2,x4	  x4:0x00000000  f2=0x00000000
      57955.000 ns	      5794	800017ac	a3efacb7	lui	x25,0xa3efa	 x25=0xa3efa000
      58315.000 ns	      5830	800017b0	03625d33	divu	x26,x4,x22	  x4:0x00000000 x22:0x04000000 x26=0x00000000
      58345.000 ns	      5833	800017b4	026d2033	mulhsu	x0,x26,x6	 x26:0x00000000  x6:0x00000010
      58395.000 ns	      5838	800017b8	00d670d3	fadd.s	f1,f12,f13	 f12:0x7fc00000 f13:0x00000000  f1=0x7fc00000
      58425.000 ns	      5841	800017bc	e00692d3	fclass.s	x5,f13	 f13:0x00000000  x5=0x00000010
      58455.000 ns	      5844	800017c0	e0068053	fmv.x.w	x0,f13	 f13:0x00000000
      58475.000 ns	      5846	800017c4	778efd93	andi	x27,x29,1912	 x29:0xc9d82d50 x27=0x00000550
      58495.000 ns	      5848	800017c8	d0017a53	fcvt.s.w	f20,x2	  x2:0x80040fe4 f20=0xcefff7e0
      58525.000 ns	      5851	800017cc	03b621b3	mulhsu	x3,x12,x27	 x12:0x00000000 x27:0x00000000  x3=0x00000000
      58545.000 ns	      5853	800017d0	41250333	sub	x6,x10,x18	 x10:0x00000000 x18:0x00000001  x6=0xffffffff
      58565.000 ns	      5855	800017d4	291482d3	fmin.s	f5,f9,f17	  f9:0xcf000410 f17:0x7fc00000  f5=0xcf000410
      58595.000 ns	      5858	800017d8	f00e8c53	fmv.w.x	f24,x29	 x29:0xc9d82d50 f24=0xc9d82d50
      58625.000 ns	      5861	800017dc	20f92ed3	fsgnjx.s	f29,f18,f15	 f18:0x7fc00000 f15:0x00000000 f29=0x7fc00000
      58675.000 ns	      5866	800017e0	011cf5d3	fadd.s	f11,f25,f17	 f25:0x3f800000 f17:0x7fc00000 f11=0x7fc00000
      58705.000 ns	      5869	800017e4	28939453	fmax.s	f8,f7,f9	  f7:0x7fc00000  f9:0xcf000410  f8=0xcf000410
      58725.000 ns	      5871	800017e8	3704b213	sltiu	x4,x9,880	  x9:0x00000000  x4=0x00000001
      59895.000 ns	      5988	800017ec	58098253	fsqrt.s	f4,f19	 f19:0x4f000410  f4=0x46b50a40
      59925.000 ns	      5991	800017f0	a0f51fd3	flt.s	x31,f10,f15	 f10:0x7f800000 f15:0x00000000 x31=0x00000000
      59945.000 ns	      5993	800017f4	8e3eefb7	lui	x31,0x8e3ee	 x31=0x8e3ee000
      59955.000 ns	      5994	800017f8	00da1eb3	sll	x29,x20,x13	 x20:0x00100000 x13:0x00000000 x29=0x00100000
      59965.000 ns	      5995	800017fc	01559a13	slli	x20,x11,0x15	 x11:0x00000001 x20=0x00200000
      59975.000 ns	      5996	80001800	0173d313	srli	x6,x7,0x17	  x7:0x00000000  x6=0x00000000
      59985.000 ns	      5997	80001804	01be5c13	srli	x24,x28,0x1b	 x28:0xdc023000 x24=0x0000001b
      60015.000 ns	      6000	80001808	117c7653	fmul.s	f12,f24,f23	 f24:0xc9d82d50 f23:0xce589f4a f12=0x58b6ecbe
      60045.000 ns	      6003	8000180c	038f3b33	mulhu	x22,x30,x24	 x30:0xd4be678c x24:0x00000001 x22=0x00000016
      60075.000 ns	      6006	80001810	a1ab8953	fle.s	x18,f23,f26	 f23:0xce589f4a f26:0x00000000 x18=0x00000001
      60095.000 ns	      6008	80001814	83697b13	andi	x22,x18,-1994	 x18:0x00000001 x22=0x00000000
      60115.000 ns	      6010	80001818	c011fad3	fcvt.wu.s	x21,f3	  f3:0x7fc00000 x21=0xffffffff
      60145.000 ns	      6013	8000181c	20009753	fsgnjn.s	f14,f1,f0	  f1:0x7fc00000  f0:0x7fc00000 f14=0xffc00000
      60165.000 ns	      6015	80001820	40d38bb3	sub	x23,x7,x13	  x7:0x00000000 x13:0x00000000 x23=0x00000000
      60185.000 ns	      6017	80001824	f00d0bd3	fmv.w.x	f23,x26	 x26:0x00000000 f23=0x00000000
      60215.000 ns	      6020	80001828	e00703d3	fmv.x.w	x7,f14	 f14:0xffc00000  x7=0xffc00000
      60235.000 ns	      6022	8000182c	aae5df37	lui	x30,0xaae5d	 x30=0xaae5d000
      60255.000 ns	      6024	80001830	208980d3	fsgnj.s	f1,f19,f8	 f19:0x4f000410  f8:0xcf000410  f1=0xcf000410
      60285.000 ns	      6027	80001834	021ab033	mulhu	x0,x21,x1	 x21:0xffffffff  x1:0x00000000
      60315.000 ns	      6030	80001838	20702153	fsgnjx.s	f2,f0,f7	  f0:0x7fc00000  f7:0x7fc00000  f2=0x7fc00000
      60335.000 ns	      6032	8000183c	0157ec33	or	x24,x15,x21	 x15:0x00000000 x21:0xffffffff x24=0xffffffff
      60355.000 ns	      6034	80001840	29c20053	fmin.s	f0,f4,f28	  f4:0x46b50a40 f28:0xcf000410  f0=0xcf000410
      60385.000 ns	      6037	80001844	211398d3	fsgnjn.s	f17,f7,f17	  f7:0x7fc00000 f17:0x7fc00000 f17=0xffc00000
      60415.000 ns	      6040	80001848	03053cb3	mulhu	x25,x10,x16	 x10:0x00000000 x16:0x00000004 x25=0x00000000
      60445.000 ns	      6043	8000184c	f0030153	fmv.w.x	f2,x6	  x6:0x00000000  f2=0x00000000
      60465.000 ns	      6045	80001850	a6112f93	slti	x31,x2,-1439	  x2:0x80040fe4 x31=0x00000001
      60485.000 ns	      6047	80001854	28b90e53	fmin.s	f28,f18,f11	 f18:0x7fc00000 f11:0x7fc00000 f28=0x7fc00000
      60525.000 ns	      6051	80001858	11bd77d3	fmul.s	f15,f26,f27	 f26:0x00000000 f27:0xbf800000 f15=0x80000000
      60555.000 ns	      6054	8000185c	039240b3	div	x1,x4,x25	  x4:0x00000001 x25:0x00000000  x1=0xffffffff
      60595.000 ns	      6058	80001860	11152b53	fmul.s	f22,f10,f17	 f10:0x7f800000 f17:0xffc00000 f22=0x7fc00000
      60615.000 ns	      6060	80001864	bc276f93	ori	x31,x14,-1086	 x14:0x80041024 x31=0xfffffbe6
      60655.000 ns	      6064	80001868	003bfdd3	fadd.s	f27,f23,f3	 f23:0x00000000  f3:0x7fc00000 f27=0x7fc00000
      60695.000 ns	      6068	8000186c	11757bd3	fmul.s	f23,f10,f23	 f10:0x7f800000 f23:0x00000000 f23=0x7fc00000
      60745.000 ns	      6073	80001870	011f7853	fadd.s	f16,f30,f17	 f30:0x00000000 f17:0xffc00000 f16=0x7fc00000
      60765.000 ns	      6075	80001874	e33b4993	xori	x19,x22,-461	 x22:0x00000000 x19=0xfffffe33
      60775.000 ns	      6076	80001878	ba460b13	addi	x22,x12,-1116	 x12:0x00000000 x22=0xfffffba4
      60795.000 ns	      6078	8000187c	29780053	fmin.s	f0,f16,f23	 f16:0x7fc00000 f23:0x7fc00000  f0=0x7fc00000
      60825.000 ns	      6081	80001880	c0127fd3	fcvt.wu.s	x31,f4	  f4:0x46b50a40 x31=0x00005a85
      60855.000 ns	      6084	80001884	c00f7353	fcvt.w.s	x6,f30	 f30:0x00000000  x6=0x00000000
      60875.000 ns	      6086	80001888	01460eb3	add	x29,x12,x20	 x12:0x00000000 x20:0x00200000 x29=0x00200000
      61205.000 ns	      6119	8000188c	188a7ad3	fdiv.s	f21,f20,f8	 f20:0xcefff7e0  f8:0xcf000410 f21=0x3efff7e0
      61225.000 ns	      6121	80001890	01f15593	srli	x11,x2,0x1f	  x2:0x80040fe4 x11=0x00000001
      61585.000 ns	      6157	80001894	030650b3	divu	x1,x12,x16	 x12:0x00000000 x16:0x00000004  x1=0x00000000
      61625.000 ns	      6161	80001898	11a47253	fmul.s	f4,f8,f26	  f8:0xcf000410 f26:0x00000000  f4=0x80000000
      61655.000 ns	      6164	8000189c	02ada633	mulhsu	x12,x27,x10	 x27:0x00000550 x10:0x00000000 x12=0x00000000
      61685.000 ns	      6167	800018a0	a0d20e53	fle.s	x28,f4,f13	  f4:0x80000000 f13:0x00000000 x28=0x00000001
      61735.000 ns	      6172	800018a4	09bb39d3	fsub.s	f19,f22,f27	 f22:0x7fc00000 f27:0x7fc00000 f19=0x7fc00000
      61755.000 ns	      6174	800018a8	216f4d97	auipc	x27,0x216f4	 x27=0xa16f58a8
      61775.000 ns	      6176	800018ac	039c4fb3	div	x31,x24,x25	 x24:0xffffffff x25:0x00000000 x31=0xffffffff
      61795.000 ns	      6178	800018b0	f9864e17	auipc	x28,0xf9864	 x28=0x798658b0
      61805.000 ns	      6179	800018b4	419e8533	sub	x10,x29,x25	 x29:0x00200000 x25:0x00000000 x10=0x00200000
      61835.000 ns	      6182	800018b8	580c7353	fsqrt.s	f6,f24	 f24:0xc9d82d50  f6=0x7fc00000
      61865.000 ns	      6185	800018bc	0382ac33	mulhsu	x24,x5,x24	  x5:0x00000010 x24:0xffffffff x24=0x0000000f
      61895.000 ns	      6188	800018c0	f0060953	fmv.w.x	f18,x12	 x12:0x00000000 f18=0x00000000
      61915.000 ns	      6190	800018c4	001ccb33	xor	x22,x25,x1	 x25:0x00000000  x1:0x00000000 x22=0x00000000
      61925.000 ns	      6191	800018c8	00b49b33	sll	x22,x9,x11	  x9:0x00000000 x11:0x00000001 x22=0x00000000
      61965.000 ns	      6195	800018cc	09e2f5d3	fsub.s	f11,f5,f30	  f5:0xcf000410 f30:0x00000000 f11=0xcf000410
      62335.000 ns	      6232	800018d0	03c67d33	remu	x26,x12,x28	 x12:0x00000000 x28:0x798658b0 x26=0x00000000
      62355.000 ns	      6234	800018d4	01f6eb33	or	x22,x13,x31	 x13:0x00000000 x31:0xffffffff x22=0xffffffff
      62365.000 ns	      6235	800018d8	ac417f13	andi	x30,x2,-1340	  x2:0x80040fe4 x30=0x80040ac4
      62385.000 ns	      6237	800018dc	a1030653	fle.s	x12,f6,f16	  f6:0x7fc00000 f16:0x7fc00000 x12=0x00000000
      62755.000 ns	      6274	800018e0	03fbd5b3	divu	x11,x23,x31	 x23:0x00000000 x31:0xffffffff x11=0x00000000
      62775.000 ns	      6276	800018e4	40805eb3	sra	x29,x0,x8	  x0:0x00000000  x8:0xffffffff x29=0x00000000
      62785.000 ns	      6277	800018e8	010ae7b3	or	x15,x21,x16	 x21:0xffffffff x16:0x00000004 x15=0xffffffff
      62795.000 ns	      6278	800018ec	40853f13	sltiu	x30,x10,1032	 x10:0x00200000 x30=0x00000000
      62815.000 ns	      6280	800018f0	218e9a53	fsgnjn.s	f20,f29,f24	 f29:0x7fc00000 f24:0xc9d82d50 f20=0x7fc00000
      62845.000 ns	      6283	800018f4	030923b3	mulhsu	x7,x18,x16	 x18:0x00000001 x16:0x00000004  x7=0x00000000
      62865.000 ns	      6285	800018f8	05f2ee13	ori	x28,x5,95	  x5:0x00000010 x28=0x0000005f
      63225.000 ns	      6321	800018fc	02faceb3	div	x29,x21,x15	 x21:0xffffffff x15:0xffffffff x29=0x00000001
      63245.000 ns	      6323	80001900	d8de3693	sltiu	x13,x28,-627	 x28:0x798658b0 x13=0x00000001
      63265.000 ns	      6325	80001904	209986d3	fsgnj.s	f13,f19,f9	 f19:0x7fc00000  f9:0xcf000410 f13=0xffc00000
      63295.000 ns	      6328	80001908	a1c28a53	fle.s	x20,f5,f28	  f5:0xcf000410 f28:0x7fc00000 x20=0x00000000
      63325.000 ns	      6331	8000190c	28888553	fmin.s	f10,f17,f8	 f17:0xffc00000  f8:0xcf000410 f10=0xcf000410
      63355.000 ns	      6334	80001910	02756c33	rem	x24,x10,x7	 x10:0x00200000  x7:0x00000000 x24=0x00200000
      63385.000 ns	      6337	80001914	02a7a1b3	mulhsu	x3,x15,x10	 x15:0xffffffff x10:0x00200000  x3=0xffffffff
      63405.000 ns	      6339	80001918	003bd633	srl	x12,x23,x3	 x23:0x00000000  x3:0x00000000 x12=0x00000000
      63415.000 ns	      6340	8000191c	004cb6b3	sltu	x13,x25,x4	 x25:0x00000000  x4:0x00000001 x13=0x00000001
      63425.000 ns	      6341	80001920	002797b3	sll	x15,x15,x2	 x15:0xffffffff  x2:0x80040fe4 x15=0xfffffff0
      63445.000 ns	      6343	80001924	28a381d3	fmin.s	f3,f7,f10	  f7:0x7fc00000 f10:0xcf000410  f3=0xcf000410
      63465.000 ns	      6345	80001928	00fdd8b3	srl	x17,x27,x15	 x27:0xa16f58a8 x15:0xffffffff x17=0x0000a16f
      63825.000 ns	      6381	8000192c	0307eb33	rem	x22,x15,x16	 x15:0xfffffff0 x16:0x00000004 x22=0x00000000
      63865.000 ns	      6385	80001930	5800fbd3	fsqrt.s	f23,f1	  f1:0xcf000410 f23=0x7fc00000
      64235.000 ns	      6422	80001934	03865db3	divu	x27,x12,x24	 x12:0x00000000 x24:0x00200000 x27=0x00000000
      64265.000 ns	      6425	80001938	d00876d3	fcvt.s.w	f13,x16	 x16:0x00000004 f13=0x40800000
      64285.000 ns	      6427	8000193c	42cad2b7	lui	x5,0x42cad	  x5=0x42cad000
      64295.000 ns	      6428	80001940	7926bc93	sltiu	x25,x13,1938	 x13:0x00000001 x25=0x00000001
      64305.000 ns	      6429	80001944	a5c48093	addi	x1,x9,-1444	  x9:0x00000000  x1=0xfffffa5c
      64315.000 ns	      6430	80001948	416d5433	sra	x8,x26,x22	 x26:0x00000000 x22:0x00000000  x8=0x00000000
      64335.000 ns	      6432	8000194c	d00c7153	fcvt.s.w	f2,x24	 x24:0x00200000  f2=0x4a000000
      64355.000 ns	      6434	80001950	00c21533	sll	x10,x4,x12	  x4:0x00000001 x12:0x00000000 x10=0x00000001
      64365.000 ns	      6435	80001954	0135dc33	srl	x24,x11,x19	 x11:0x00000000 x19:0xfffffe33 x24=0x00000000
      64375.000 ns	      6436	80001958	41558233	sub	x4,x11,x21	 x11:0x00000000 x21:0xffffffff  x4=0x00000001
      64385.000 ns	      6437	8000195c	41f582b3	sub	x5,x11,x31	 x11:0x00000000 x31:0xffffffff  x5=0x00000001
      64405.000 ns	      6439	80001960	024c24b3	mulhsu	x9,x24,x4	 x24:0x00000000  x4:0x00000001  x9=0x00000000
      64425.000 ns	      6441	80001964	01a48cb3	add	x25,x9,x26	  x9:0x00000000 x26:0x00000000 x25=0x00000000
      64445.000 ns	      6443	80001968	02d6b933	mulhu	x18,x13,x13	 x13:0x00000001 x13:0x00000001 x18=0x00000000
      64465.000 ns	      6445	8000196c	40fa8633	sub	x12,x21,x15	 x21:0xffffffff x15:0xfffffff0 x12=0x0000000f
      64485.000 ns	      6447	80001970	c00995d3	fcvt.w.s	x11,f19	 f19:0x7fc00000 x11=0x7fffffff
      64515.000 ns	      6450	80001974	c00670d3	fcvt.w.s	x1,f12	 f12:0x58b6ecbe  x1=0x7fffffff
      64535.000 ns	      6452	80001978	401e5c93	srai	x25,x28,0x1	 x28:0x0000005f x25=0x0000002f
      64555.000 ns	      6454	8000197c	03a95633	divu	x12,x18,x26	 x18:0x00000000 x26:0x00000000 x12=0xffffffff
      64585.000 ns	      6457	80001980	e0051d53	fclass.s	x26,f10	 f10:0xcf000410 x26=0x00000002
      64605.000 ns	      6459	80001984	28f7a097	auipc	x1,0x28f7a	  x1=0xa8f7b984
      64615.000 ns	      6460	80001988	00cb5913	srli	x18,x22,0xc	 x22:0x00000000 x18=0x00000000
      64625.000 ns	      6461	8000198c	41e0dc93	srai	x25,x1,0x1e	  x1:0x7fffffff x25=0xfffffffe
      64635.000 ns	      6462	80001990	0187db13	srli	x22,x15,0x18	 x15:0xfffffff0 x22=0x000000ff
      64645.000 ns	      6463	80001994	0003c933	xor	x18,x7,x0	  x7:0x00000000  x0:0x00000000 x18=0x00000000
      64655.000 ns	      6464	80001998	00000013	addi	x0,x0,0	  x0:0x00000000
      64675.000 ns	      6466	8000199c	284e9b53	fmax.s	f22,f29,f4	 f29:0x7fc00000  f4:0x80000000 f22=0x80000000
      64705.000 ns	      6469	800019a0	03bb90b3	mulh	x1,x23,x27	 x23:0x00000000 x27:0x00000000  x1=0x00000000
      64725.000 ns	      6471	800019a4	b94a7997	auipc	x19,0xb94a7	 x19=0x394a89a4
      64745.000 ns	      6473	800019a8	e00e1953	fclass.s	x18,f28	 f28:0x7fc00000 x18=0x00000200
      64765.000 ns	      6475	800019ac	008f6eb3	or	x29,x30,x8	 x30:0x00000000  x8:0x00000000 x29=0x00000000
      64795.000 ns	      6478	800019b0	58004053	fsqrt.s	f0,f0	  f0:0x7fc00000  f0=0x7fc00000
      64825.000 ns	      6481	800019b4	21dfaf53	fsgnjx.s	f30,f31,f29	 f31:0x7fc00000 f29:0x7fc00000 f30=0x7fc00000
      64855.000 ns	      6484	800019b8	e0011f53	fclass.s	x30,f2	  f2:0x4a000000 x30=0x00000040
      65225.000 ns	      6521	800019bc	03f067b3	rem	x15,x0,x31	  x0:0x00000000 x31:0xffffffff x15=0x00000000
      65245.000 ns	      6523	800019c0	418cdab3	sra	x21,x25,x24	 x25:0xfffffffe x24:0x00000000 x21=0xfffffffe
      65265.000 ns	      6525	800019c4	c00f7553	fcvt.w.s	x10,f30	 f30:0x7fc00000 x10=0x7fffffff
      65295.000 ns	      6528	800019c8	02f66d33	rem	x26,x12,x15	 x12:0xffffffff x15:0x00000000 x26=0xffffffff
      65325.000 ns	      6531	800019cc	d0134553	fcvt.s.wu	f10,x6	  x6:0x00000000 f10=0x00000000
      65365.000 ns	      6535	800019d0	199276d3	fdiv.s	f13,f4,f25	  f4:0x80000000 f25:0x3f800000 f13=0x80000000
      65395.000 ns	      6538	800019d4	f0080153	fmv.w.x	f2,x16	 x16:0x00000004  f2=0x00000004
      65765.000 ns	      6575	800019d8	02477533	remu	x10,x14,x4	 x14:0x80041024  x4:0x00000001 x10=0x00000000
      66135.000 ns	      6612	800019dc	03ce4cb3	div	x25,x28,x28	 x28:0x0000005f x28:0x0000005f x25=0x00000001
      66155.000 ns	      6614	800019e0	26a02893	slti	x17,x0,618	  x0:0x00000000 x17=0x00000001
      66175.000 ns	      6616	800019e4	02857f33	remu	x30,x10,x8	 x10:0x00000000  x8:0x00000000 x30=0x00000000
      66205.000 ns	      6619	800019e8	0284b1b3	mulhu	x3,x9,x8	  x9:0x00000000  x8:0x00000000  x3=0x00000000
      66245.000 ns	      6623	800019ec	18fd1f53	fdiv.s	f30,f26,f15	 f26:0x00000000 f15:0x80000000 f30=0x7fc00000
      66265.000 ns	      6625	800019f0	f52bb013	sltiu	x0,x23,-174	 x23:0x00000000
      66275.000 ns	      6626	800019f4	fcd8b393	sltiu	x7,x17,-51	 x17:0x00000001  x7=0x00000001
      66285.000 ns	      6627	800019f8	e2fe6413	ori	x8,x28,-465	 x28:0x0000005f  x8=0xfffffe7f
      66295.000 ns	      6628	800019fc	004a8fb3	add	x31,x21,x4	 x21:0xfffffffe  x4:0x00000001 x31=0xffffffff
      66305.000 ns	      6629	80001a00	41cb0db3	sub	x27,x22,x28	 x22:0x000000ff x28:0x0000005f x27=0x000000a0
      66315.000 ns	      6630	80001a04	40fe0033	sub	x0,x28,x15	 x28:0x0000005f x15:0x00000000
      66325.000 ns	      6631	80001a08	64fb7a93	andi	x21,x22,1615	 x22:0x000000ff x21=0x0000004f
      66335.000 ns	      6632	80001a0c	4198d233	sra	x4,x17,x25	 x17:0x00000001 x25:0x00000001  x4=0x00000000
      66345.000 ns	      6633	80001a10	0008af33	slt	x30,x17,x0	 x17:0x00000001  x0:0x00000000 x30=0x00000000
      66365.000 ns	      6635	80001a14	209a2253	fsgnjx.s	f4,f20,f9	 f20:0x7fc00000  f9:0xcf000410  f4=0xffc00000
      66385.000 ns	      6637	80001a18	014b9db3	sll	x27,x23,x20	 x23:0x00000000 x20:0x00000000 x27=0x00000000
      66405.000 ns	      6639	80001a1c	28451753	fmax.s	f14,f10,f4	 f10:0x00000000  f4:0xffc00000 f14=0x00000000
      66425.000 ns	      6641	80001a20	0f5f3513	sltiu	x10,x30,245	 x30:0x00000000 x10=0x00000001
      66435.000 ns	      6642	80001a24	abf7a7b7	lui	x15,0xabf7a	 x15=0xabf7a000
      66445.000 ns	      6643	80001a28	00f4ebb3	or	x23,x9,x15	  x9:0x00000000 x15:0x00000000 x23=0xabf7a000
      66455.000 ns	      6644	80001a2c	405200b3	sub	x1,x4,x5	  x4:0x00000000  x5:0x00000001  x1=0xffffffff
      66815.000 ns	      6680	80001a30	021ffab3	remu	x21,x31,x1	 x31:0xffffffff  x1:0x00000000 x21=0x00000000
      66845.000 ns	      6683	80001a34	f0010a53	fmv.w.x	f20,x2	  x2:0x80040fe4 f20=0x80040fe4
      66865.000 ns	      6685	80001a38	01f869b3	or	x19,x16,x31	 x16:0x00000004 x31:0xffffffff x19=0xffffffff
      66885.000 ns	      6687	80001a3c	c004fbd3	fcvt.w.s	x23,f9	  f9:0xcf000410 x23=0x80000000
      66905.000 ns	      6689	80001a40	4a214513	xori	x10,x2,1186	  x2:0x80040fe4 x10=0x80040b46
      66915.000 ns	      6690	80001a44	41cb88b3	sub	x17,x23,x28	 x23:0x80000000 x28:0x0000005f x17=0x7fffffa1
      66925.000 ns	      6691	80001a48	009883b3	add	x7,x17,x9	 x17:0x00000001  x9:0x00000000  x7=0x7fffffa1
      66965.000 ns	      6695	80001a4c	0045f2d3	fadd.s	f5,f11,f4	 f11:0xcf000410  f4:0xffc00000  f5=0x7fc00000
      66995.000 ns	      6698	80001a50	a1699fd3	flt.s	x31,f19,f22	 f19:0x7fc00000 f22:0x80000000 x31=0x00000000
      67025.000 ns	      6701	80001a54	e00881d3	fmv.x.w	x3,f17	 f17:0xffc00000  x3=0xffc00000
      67045.000 ns	      6703	80001a58	006c3433	sltu	x8,x24,x6	 x24:0x00000000  x6:0x00000000  x8=0x00000000
      67055.000 ns	      6704	80001a5c	40795013	srai	x0,x18,0x7	 x18:0x00000200
      67075.000 ns	      6706	80001a60	03168233	mul	x4,x13,x17	 x13:0x00000001 x17:0x7fffffa1  x4=0x7fffffa1
      67115.000 ns	      6710	80001a64	5800fc53	fsqrt.s	f24,f1	  f1:0xcf000410 f24=0x7fc00000
      67145.000 ns	      6713	80001a68	0279b3b3	mulhu	x7,x19,x7	 x19:0xffffffff  x7:0x7fffffa1  x7=0x7fffffa0
      67175.000 ns	      6716	80001a6c	c0017953	fcvt.w.s	x18,f2	  f2:0x00000004 x18=0x00000000
      67205.000 ns	      6719	80001a70	035fb6b3	mulhu	x13,x31,x21	 x31:0x00000000 x21:0x00000000 x13=0x00000000
      67575.000 ns	      6756	80001a74	021bd4b3	divu	x9,x23,x1	 x23:0x80000000  x1:0xffffffff  x9=0x00000000
      67605.000 ns	      6759	80001a78	28218cd3	fmin.s	f25,f3,f2	  f3:0xcf000410  f2:0x00000004 f25=0xcf000410
      67635.000 ns	      6762	80001a7c	03b79433	mulh	x8,x15,x27	 x15:0xabf7a000 x27:0x00000000  x8=0x00000000
      67675.000 ns	      6766	80001a80	194f7b53	fdiv.s	f22,f30,f20	 f30:0x7fc00000 f20:0x80040fe4 f22=0x7fc00000
      67695.000 ns	      6768	80001a84	4101d533	sra	x10,x3,x16	  x3:0xffc00000 x16:0x00000004 x10=0xfffc0000
      67715.000 ns	      6770	80001a88	03dcbdb3	mulhu	x27,x25,x29	 x25:0x00000001 x29:0x00000000 x27=0x00000000
      67735.000 ns	      6772	80001a8c	41a0dd93	srai	x27,x1,0x1a	  x1:0xffffffff x27=0xffffffff
      67745.000 ns	      6773	80001a90	c4dc4513	xori	x10,x24,-947	 x24:0x00000000 x10=0xfffffc4d
      67765.000 ns	      6775	80001a94	21f60dd3	fsgnj.s	f27,f12,f31	 f12:0x58b6ecbe f31:0x7fc00000 f27=0x58b6ecbe
      67795.000 ns	      6778	80001a98	02783e33	mulhu	x28,x16,x7	 x16:0x00000004  x7:0x7fffffa0 x28=0x00000001
      67815.000 ns	      6780	80001a9c	41d35c13	srai	x24,x6,0x1d	  x6:0x00000000 x24=0x00000000
      67825.000 ns	      6781	80001aa0	2ecabb93	sltiu	x23,x21,748	 x21:0x00000000 x23=0x00000001
      67835.000 ns	      6782	80001aa4	60ec7013	andi	x0,x24,1550	 x24:0x00000000
      67855.000 ns	      6784	80001aa8	02802a33	mulhsu	x20,x0,x8	  x0:0x00000000  x8:0x00000000 x20=0x00000000
      67885.000 ns	      6787	80001aac	f0060753	fmv.w.x	f14,x12	 x12:0xffffffff f14=0xffffffff
      67915.000 ns	      6790	80001ab0	20db8cd3	fsgnj.s	f25,f23,f13	 f23:0x7fc00000 f13:0x80000000 f25=0xffc00000
      67945.000 ns	      6793	80001ab4	03128433	mul	x8,x5,x17	  x5:0x00000001 x17:0x7fffffa1  x8=0x7fffffa1
      67965.000 ns	      6795	80001ab8	bbb71697	auipc	x13,0xbbb71	 x13=0x3bb72ab8
      67975.000 ns	      6796	80001abc	2ee7b593	sltiu	x11,x15,750	 x15:0xabf7a000 x11=0x00000000
      67995.000 ns	      6798	80001ac0	020b38b3	mulhu	x17,x22,x0	 x22:0x000000ff  x0:0x00000000 x17=0x00000000
      68015.000 ns	      6800	80001ac4	012b3e33	sltu	x28,x22,x18	 x22:0x000000ff x18:0x00000000 x28=0x00000000
      68035.000 ns	      6802	80001ac8	a1821a53	flt.s	x20,f4,f24	  f4:0xffc00000 f24:0x7fc00000 x20=0x00000000
      68065.000 ns	      6805	80001acc	02609ab3	mulh	x21,x1,x6	  x1:0xffffffff  x6:0x00000000 x21=0x00000000
      68105.000 ns	      6809	80001ad0	11d514d3	fmul.s	f9,f10,f29	 f10:0x00000000 f29:0x7fc00000  f9=0x7fc00000
      68145.000 ns	      6813	80001ad4	19bec8d3	fdiv.s	f17,f29,f27	 f29:0x7fc00000 f27:0x58b6ecbe f17=0x7fc00000
      68165.000 ns	      6815	80001ad8	00c23233	sltu	x4,x4,x12	  x4:0x7fffffa1 x12:0xffffffff  x4=0x00000001
      68525.000 ns	      6851	80001adc	02f3c033	div	x0,x7,x15	  x7:0x7fffffa0 x15:0xabf7a000
      68545.000 ns	      6853	80001ae0	00d9da13	srli	x20,x19,0xd	 x19:0xffffffff x20=0x0007ffff
      68555.000 ns	      6854	80001ae4	01890933	add	x18,x18,x24	 x18:0x00000000 x24:0x00000000 x18=0x00000000
      68575.000 ns	      6856	80001ae8	02aa87b3	mul	x15,x21,x10	 x21:0x00000000 x10:0xfffffc4d x15=0x00000000
      68615.000 ns	      6860	80001aec	5804b3d3	fsqrt.s	f7,f9	  f9:0x7fc00000  f7=0x7fc00000
      68645.000 ns	      6863	80001af0	f00605d3	fmv.w.x	f11,x12	 x12:0xffffffff f11=0xffffffff
      68675.000 ns	      6866	80001af4	034ab233	mulhu	x4,x21,x20	 x21:0x00000000 x20:0x0007ffff  x4=0x00000000
      68725.000 ns	      6871	80001af8	006f1953	fadd.s	f18,f30,f6	 f30:0x7fc00000  f6:0x7fc00000 f18=0x7fc00000
      68755.000 ns	      6874	80001afc	21c2a153	fsgnjx.s	f2,f5,f28	  f5:0x7fc00000 f28:0x7fc00000  f2=0x7fc00000
      68775.000 ns	      6876	80001b00	6c33ef93	ori	x31,x7,1731	  x7:0x7fffffa0 x31=0x7fffffe3
      68805.000 ns	      6879	80001b04	10881d53	fmul.s	f26,f16,f8	 f16:0x7fc00000  f8:0xcf000410 f26=0x7fc00000
      68825.000 ns	      6881	80001b08	4ab1f893	andi	x17,x3,1195	  x3:0xffc00000 x17=0x00000000
      68845.000 ns	      6883	80001b0c	c00b8e53	fcvt.w.s	x28,f23	 f23:0x7fc00000 x28=0x7fffffff
      68875.000 ns	      6886	80001b10	a00809d3	fle.s	x19,f16,f0	 f16:0x7fc00000  f0:0x7fc00000 x19=0x00000000
      68905.000 ns	      6889	80001b14	29a91753	fmax.s	f14,f18,f26	 f18:0x7fc00000 f26:0x7fc00000 f14=0x7fc00000
      68925.000 ns	      6891	80001b18	408edc13	srai	x24,x29,0x8	 x29:0x00000000 x24=0x00000000
      69285.000 ns	      6927	80001b1c	02785c33	divu	x24,x16,x7	 x16:0x00000004  x7:0x7fffffa0 x24=0x00000000
      69315.000 ns	      6930	80001b20	a1c894d3	flt.s	x9,f17,f28	 f17:0x7fc00000 f28:0x7fc00000  x9=0x00000000
      69345.000 ns	      6933	80001b24	c0048dd3	fcvt.w.s	x27,f9	  f9:0x7fc00000 x27=0x7fffffff
      69375.000 ns	      6936	80001b28	e00e8453	fmv.x.w	x8,f29	 f29:0x7fc00000  x8=0x7fc00000
      69405.000 ns	      6939	80001b2c	e00f8453	fmv.x.w	x8,f31	 f31:0x7fc00000  x8=0x7fc00000
      69435.000 ns	      6942	80001b30	20888653	fsgnj.s	f12,f17,f8	 f17:0x7fc00000  f8:0xcf000410 f12=0xffc00000
      69805.000 ns	      6979	80001b34	022b5233	divu	x4,x22,x2	 x22:0x000000ff  x2:0x80040fe4  x4=0x00000000
      69835.000 ns	      6982	80001b38	02f4dcb3	divu	x25,x9,x15	  x9:0x00000000 x15:0x00000000 x25=0xffffffff
      69865.000 ns	      6985	80001b3c	21920053	fsgnj.s	f0,f4,f25	  f4:0xffc00000 f25:0xffc00000  f0=0xffc00000
      69885.000 ns	      6987	80001b40	0139fdb3	and	x27,x19,x19	 x19:0x00000000 x19:0x00000000 x27=0x00000000
      69905.000 ns	      6989	80001b44	029be633	rem	x12,x23,x9	 x23:0x00000001  x9:0x00000000 x12=0x00000001
      69925.000 ns	      6991	80001b48	00803ab3	sltu	x21,x0,x8	  x0:0x00000000  x8:0x7fc00000 x21=0x00000001
      69935.000 ns	      6992	80001b4c	3f44c613	xori	x12,x9,1012	  x9:0x00000000 x12=0x000003f4
      69955.000 ns	      6994	80001b50	296d80d3	fmin.s	f1,f27,f22	 f27:0x58b6ecbe f22:0x7fc00000  f1=0x58b6ecbe
      69975.000 ns	      6996	80001b54	012674b3	and	x9,x12,x18	 x12:0x00000001 x18:0x00000000  x9=0x00000000
      69985.000 ns	      6997	80001b58	afe40f97	auipc	x31,0xafe40	 x31=0x2fe41b58
      70005.000 ns	      6999	80001b5c	20baa853	fsgnjx.s	f16,f21,f11	 f21:0x3efff7e0 f11:0xffffffff f16=0xbefff7e0
      70025.000 ns	      7001	80001b60	00000013	addi	x0,x0,0	  x0:0x00000000
      70045.000 ns	      7003	80001b64	021baa33	mulhsu	x20,x23,x1	 x23:0x00000001  x1:0xffffffff x20=0x00000000
      70075.000 ns	      7006	80001b68	c001f0d3	fcvt.w.s	x1,f3	  f3:0xcf000410  x1=0x80000000
      70105.000 ns	      7009	80001b6c	a1a285d3	fle.s	x11,f5,f26	  f5:0x7fc00000 f26:0x7fc00000 x11=0x00000000
      70135.000 ns	      7012	80001b70	a15d0353	fle.s	x6,f26,f21	 f26:0x7fc00000 f21:0x3efff7e0  x6=0x00000000
      70505.000 ns	      7049	80001b74	03ffc7b3	div	x15,x31,x31	 x31:0x2fe41b58 x31:0x2fe41b58 x15=0x00000001
      70545.000 ns	      7053	80001b78	580ccbd3	fsqrt.s	f23,f25	 f25:0xffc00000 f23=0x7fc00000
      70565.000 ns	      7055	80001b7c	0efe4313	xori	x6,x28,239	 x28:0x7fffffff  x6=0x7fffff10
      70595.000 ns	      7058	80001b80	101df253	fmul.s	f4,f27,f1	 f27:0x58b6ecbe  f1:0x58b6ecbe  f4=0x7202b579
      70615.000 ns	      7060	80001b84	50237b13	andi	x22,x6,1282	  x6:0x00000000 x22=0x00000500
      70635.000 ns	      7062	80001b88	201f9a53	fsgnjn.s	f20,f31,f1	 f31:0x7fc00000  f1:0x58b6ecbe f20=0xffc00000
      70655.000 ns	      7064	80001b8c	1f088193	addi	x3,x17,496	 x17:0x00000000  x3=0x000001f0
      70665.000 ns	      7065	80001b90	ff0d7617	auipc	x12,0xff0d7	 x12=0x7f0d8b90
      70675.000 ns	      7066	80001b94	9ca594b7	lui	x9,0x9ca59	  x9=0x9ca59000
      70695.000 ns	      7068	80001b98	03ec02b3	mul	x5,x24,x30	 x24:0x00000000 x30:0x00000000  x5=0x00000000
      70735.000 ns	      7072	80001b9c	18f4f353	fdiv.s	f6,f9,f15	  f9:0x7fc00000 f15:0x80000000  f6=0x7fc00000
      70755.000 ns	      7074	80001ba0	de162013	slti	x0,x12,-543	 x12:0x7f0d8b90
      70775.000 ns	      7076	80001ba4	21100fd3	fsgnj.s	f31,f0,f17	  f0:0xffc00000 f17:0x7fc00000 f31=0x7fc00000
      70795.000 ns	      7078	80001ba8	00000013	addi	x0,x0,0	  x0:0x00000000
      70815.000 ns	      7080	80001bac	f0008753	fmv.w.x	f14,x1	  x1:0x80000000 f14=0x80000000
      70845.000 ns	      7083	80001bb0	03e0f5b3	remu	x11,x1,x30	  x1:0x80000000 x30:0x00000000 x11=0x80000000
      70875.000 ns	      7086	80001bb4	28b01bd3	fmax.s	f23,f0,f11	  f0:0xffc00000 f11:0xffffffff f23=0x7fc00000
      70905.000 ns	      7089	80001bb8	03538233	mul	x4,x7,x21	  x7:0x7fffffa0 x21:0x00000001  x4=0x7fffffa0
      70925.000 ns	      7091	80001bbc	d015eb93	ori	x23,x11,-767	 x11:0x80000000 x23=0xfffffd01
      70945.000 ns	      7093	80001bc0	d0147ed3	fcvt.s.wu	f29,x8	  x8:0x7fc00000 f29=0x4eff8000
      70965.000 ns	      7095	80001bc4	f830b093	sltiu	x1,x1,-125	  x1:0x80000000  x1=0x00000001
      70975.000 ns	      7096	80001bc8	232bce93	xori	x29,x23,562	 x23:0xfffffd01 x29=0xffffff33
      70995.000 ns	      7098	80001bcc	03b495b3	mulh	x11,x9,x27	  x9:0x9ca59000 x27:0x00000000 x11=0x00000000
      71035.000 ns	      7102	80001bd0	18638dd3	fdiv.s	f27,f7,f6	  f7:0x7fc00000  f6:0x7fc00000 f27=0x7fc00000
      71055.000 ns	      7104	80001bd4	01ce25b3	slt	x11,x28,x28	 x28:0x7fffffff x28:0x7fffffff x11=0x00000000
      71065.000 ns	      7105	80001bd8	25eab413	sltiu	x8,x21,606	 x21:0x00000001  x8=0x00000001
      71075.000 ns	      7106	80001bdc	41d05033	sra	x0,x0,x29	  x0:0x00000000 x29:0xffffff33
      71435.000 ns	      7142	80001be0	023f60b3	rem	x1,x30,x3	 x30:0x00000000  x3:0x000001f0  x1=0x00000000
      71455.000 ns	      7144	80001be4	01436ab3	or	x21,x6,x20	  x6:0x7fffff10 x20:0x00000000 x21=0x7fffff10
      71465.000 ns	      7145	80001be8	01cc8fb3	add	x31,x25,x28	 x25:0xffffffff x28:0x7fffffff x31=0x7ffffffe
      71475.000 ns	      7146	80001bec	2a1b8213	addi	x4,x23,673	 x23:0xfffffd01  x4=0xffffffa2
      71485.000 ns	      7147	80001bf0	000952b3	srl	x5,x18,x0	 x18:0x00000000  x0:0x00000000  x5=0x00000000
      71495.000 ns	      7148	80001bf4	00000013	addi	x0,x0,0	  x0:0x00000000
      71515.000 ns	      7150	80001bf8	298d02d3	fmin.s	f5,f26,f24	 f26:0x7fc00000 f24:0x7fc00000  f5=0x7fc00000
      71545.000 ns	      7153	80001bfc	c0029053	fcvt.w.s	x0,f5	  f5:0x7fc00000
      71565.000 ns	      7155	80001c00	4062d313	srai	x6,x5,0x6	  x5:0x00000000  x6=0x00000000
      71575.000 ns	      7156	80001c04	40bf57b3	sra	x15,x30,x11	 x30:0x00000000 x11:0x00000000 x15=0x00000000
      71935.000 ns	      7192	80001c08	02abdb33	divu	x22,x23,x10	 x23:0xfffffd01 x10:0xfffffc4d x22=0x00000001
      71965.000 ns	      7195	80001c0c	2161ad53	fsgnjx.s	f26,f3,f22	  f3:0xcf000410 f22:0x7fc00000 f26=0xcf000410
      71985.000 ns	      7197	80001c10	00000013	addi	x0,x0,0	  x0:0x00000000
      72005.000 ns	      7199	80001c14	d00c7bd3	fcvt.s.w	f23,x24	 x24:0x00000000 f23=0x00000000
      72035.000 ns	      7202	80001c18	c0039b53	fcvt.w.s	x22,f7	  f7:0x7fc00000 x22=0x7fffffff
      72065.000 ns	      7205	80001c1c	03b7dcb3	divu	x25,x15,x27	 x15:0x00000000 x27:0x00000000 x25=0xffffffff
      72085.000 ns	      7207	80001c20	9ed23213	sltiu	x4,x4,-1555	  x4:0xffffffa2  x4=0x00000000
      72095.000 ns	      7208	80001c24	41efda33	sra	x20,x31,x30	 x31:0x7ffffffe x30:0x00000000 x20=0x7ffffffe
      72115.000 ns	      7210	80001c28	024746b3	div	x13,x14,x4	 x14:0x80041024  x4:0xffffffa2 x13=0xffffffff
      72145.000 ns	      7213	80001c2c	d007b0d3	fcvt.s.w	f1,x15	 x15:0x00000000  f1=0x00000000
      72165.000 ns	      7215	80001c30	d3f61517	auipc	x10,0xd3f61	 x10=0x53f62c30
      72185.000 ns	      7217	80001c34	a1fd9ed3	flt.s	x29,f27,f31	 f27:0x7fc00000 f31:0x7fc00000 x29=0x00000000
      72215.000 ns	      7220	80001c38	d0128fd3	fcvt.s.wu	f31,x5	  x5:0x00000000 f31=0x00000000
      72235.000 ns	      7222	80001c3c	00000013	addi	x0,x0,0	  x0:0x00000000
      72245.000 ns	      7223	80001c40	01aa91b3	sll	x3,x21,x26	 x21:0x7fffff10 x26:0xffffffff  x3=0x00000000
      72255.000 ns	      7224	80001c44	018c42b3	xor	x5,x24,x24	 x24:0x00000000 x24:0x00000000  x5=0x00000000
      72275.000 ns	      7226	80001c48	c01ffdd3	fcvt.wu.s	x27,f31	 f31:0x00000000 x27=0x00000000
      72295.000 ns	      7228	80001c4c	01a2e633	or	x12,x5,x26	  x5:0x00000000 x26:0xffffffff x12=0xffffffff
      72305.000 ns	      7229	80001c50	0130bbb3	sltu	x23,x1,x19	  x1:0x00000000 x19:0x00000000 x23=0x00000000
      72325.000 ns	      7231	80001c54	21f0a3d3	fsgnjx.s	f7,f1,f31	  f1:0x00000000 f31:0x00000000  f7=0x00000000
      72695.000 ns	      7268	80001c58	0305d933	divu	x18,x11,x16	 x11:0x00000000 x16:0x00000004 x18=0x00000000
      73065.000 ns	      7305	80001c5c	03985e33	divu	x28,x16,x25	 x16:0x00000004 x25:0xffffffff x28=0x00000000
      73105.000 ns	      7309	80001c60	1880cd53	fdiv.s	f26,f1,f8	  f1:0x00000000  f8:0xcf000410 f26=0x80000000
      73135.000 ns	      7312	80001c64	03869c33	mulh	x24,x13,x24	 x13:0xffffffff x24:0x00000000 x24=0x00000000
      73155.000 ns	      7314	80001c68	01b6d893	srli	x17,x13,0x1b	 x13:0xffffffff x17=0x0000001f
      73185.000 ns	      7317	80001c6c	58094ed3	fsqrt.s	f29,f18	 f18:0x7fc00000 f29=0x7fc00000
      73215.000 ns	      7320	80001c70	283710d3	fmax.s	f1,f14,f3	 f14:0x80000000  f3:0xcf000410  f1=0x80000000
      73255.000 ns	      7324	80001c74	10a083d3	fmul.s	f7,f1,f10	  f1:0x00000000 f10:0x00000000  f7=0x80000000
      73625.000 ns	      7361	80001c78	031acfb3	div	x31,x21,x17	 x21:0x7fffff10 x17:0x0000001f x31=0x0421083a
      73645.000 ns	      7363	80001c7c	004d7533	and	x10,x26,x4	 x26:0xffffffff  x4:0x00000000 x10=0x00000000
      73665.000 ns	      7365	80001c80	29009b53	fmax.s	f22,f1,f16	  f1:0x80000000 f16:0xbefff7e0 f22=0x80000000
      73695.000 ns	      7368	80001c84	03237e33	remu	x28,x6,x18	  x6:0x00000000 x18:0x00000000 x28=0x00000000
      73715.000 ns	      7370	80001c88	7bb2b697	auipc	x13,0x7bb2b	 x13=0xfbb2cc88
      73725.000 ns	      7371	80001c8c	41cbd513	srai	x10,x23,0x1c	 x23:0x00000000 x10=0x00000000
      73745.000 ns	      7373	80001c90	283f0253	fmin.s	f4,f30,f3	 f30:0x7fc00000  f3:0xcf000410  f4=0xcf000410
      73775.000 ns	      7376	80001c94	03019233	mulh	x4,x3,x16	  x3:0x00000000 x16:0x00000004  x4=0x00000000
      73795.000 ns	      7378	80001c98	0087d6b3	srl	x13,x15,x8	 x15:0x00000000  x8:0x00000001 x13=0x00000000
      73805.000 ns	      7379	80001c9c	018f24b3	slt	x9,x30,x24	 x30:0x00000000 x24:0x00000000  x9=0x00000000
      73815.000 ns	      7380	80001ca0	01ad8e33	add	x28,x27,x26	 x27:0x00000000 x26:0xffffffff x28=0xffffffff
      73825.000 ns	      7381	80001ca4	01c762b3	or	x5,x14,x28	 x14:0x80041024 x28:0x00000000  x5=0xffffffff
      73845.000 ns	      7383	80001ca8	e00695d3	fclass.s	x11,f13	 f13:0x80000000 x11=0x00000008
      74215.000 ns	      7420	80001cac	0251e033	rem	x0,x3,x5	  x3:0x00000000  x5:0x00000000
      74245.000 ns	      7423	80001cb0	21948953	fsgnj.s	f18,f9,f25	  f9:0x7fc00000 f25:0xffc00000 f18=0xffc00000
      74615.000 ns	      7460	80001cb4	03a1c0b3	div	x1,x3,x26	  x3:0x00000000 x26:0xffffffff  x1=0x00000000
      74645.000 ns	      7463	80001cb8	d0101ed3	fcvt.s.wu	f29,x0	  x0:0x00000000 f29=0x00000000
      74675.000 ns	      7466	80001cbc	d002fbd3	fcvt.s.w	f23,x5	  x5:0xffffffff f23=0xbf800000
      74705.000 ns	      7469	80001cc0	d010f5d3	fcvt.s.wu	f11,x1	  x1:0x00000000 f11=0x00000000
      74735.000 ns	      7472	80001cc4	2153a8d3	fsgnjx.s	f17,f7,f21	  f7:0x80000000 f21:0x3efff7e0 f17=0x80000000
      74785.000 ns	      7477	80001cc8	01111153	fadd.s	f2,f2,f17	  f2:0x7fc00000 f17:0x7fc00000  f2=0x7fc00000
      74805.000 ns	      7479	80001ccc	00a6c033	xor	x0,x13,x10	 x13:0x00000000 x10:0x00000000
      74825.000 ns	      7481	80001cd0	d019f953	fcvt.s.wu	f18,x19	 x19:0x00000000 f18=0x00000000
      74855.000 ns	      7484	80001cd4	202da5d3	fsgnjx.s	f11,f27,f2	 f27:0x7fc00000  f2:0x7fc00000 f11=0x7fc00000
      74885.000 ns	      7487	80001cd8	c015f7d3	fcvt.wu.s	x15,f11	 f11:0x00000000 x15=0xffffffff
      74905.000 ns	      7489	80001cdc	0004e8b3	or	x17,x9,x0	  x9:0x00000000  x0:0x00000000 x17=0x00000000
      74925.000 ns	      7491	80001ce0	03028ab3	mul	x21,x5,x16	  x5:0xffffffff x16:0x00000004 x21=0xfffffffc
      74955.000 ns	      7494	80001ce4	033f4e33	div	x28,x30,x19	 x30:0x00000000 x19:0x00000000 x28=0xffffffff
      75005.000 ns	      7499	80001ce8	01f4c353	fadd.s	f6,f9,f31	  f9:0x7fc00000 f31:0x00000000  f6=0x7fc00000
      75035.000 ns	      7502	80001cec	200018d3	fsgnjn.s	f17,f0,f0	  f0:0xffc00000  f0:0xffc00000 f17=0x7fc00000
      75055.000 ns	      7504	80001cf0	98654c13	xori	x24,x10,-1658	 x10:0x00000000 x24=0xfffff986
      75065.000 ns	      7505	80001cf4	7fb16613	ori	x12,x2,2043	  x2:0x80040fe4 x12=0x80040fff
      75075.000 ns	      7506	80001cf8	0194b6b3	sltu	x13,x9,x25	  x9:0x00000000 x25:0xffffffff x13=0x00000001
      75085.000 ns	      7507	80001cfc	019dbfb3	sltu	x31,x27,x25	 x27:0x00000000 x25:0xffffffff x31=0x00000001
      75105.000 ns	      7509	80001d00	293a8c53	fmin.s	f24,f21,f19	 f21:0x3efff7e0 f19:0x7fc00000 f24=0x3efff7e0
      75135.000 ns	      7512	80001d04	217019d3	fsgnjn.s	f19,f0,f23	  f0:0xffc00000 f23:0xbf800000 f19=0x7fc00000
      75475.000 ns	      7546	80001d08	197af3d3	fdiv.s	f7,f21,f23	 f21:0x3efff7e0 f23:0xbf800000  f7=0xbe845aaa
      75495.000 ns	      7548	80001d0c	0031de13	srli	x28,x3,0x3	  x3:0x00000000 x28=0x00000000
      75855.000 ns	      7584	80001d10	03636fb3	rem	x31,x6,x22	  x6:0x00000000 x22:0x7fffffff x31=0x00000000
      75875.000 ns	      7586	80001d14	0035adb3	slt	x27,x11,x3	 x11:0x00000008  x3:0x00000000 x27=0x00000000
      75885.000 ns	      7587	80001d18	40310eb3	sub	x29,x2,x3	  x2:0x80040fe4  x3:0x00000000 x29=0x80040fe4
      75895.000 ns	      7588	80001d1c	002c5db3	srl	x27,x24,x2	 x24:0xfffff986  x2:0x80040fe4 x27=0x0fffff98
      75905.000 ns	      7589	80001d20	bd5d8613	addi	x12,x27,-1067	 x27:0x00000000 x12=0x0ffffb6d
      75925.000 ns	      7591	80001d24	21441853	fsgnjn.s	f16,f8,f20	  f8:0xcf000410 f20:0xffc00000 f16=0x4f000410
      75955.000 ns	      7594	80001d28	a1770653	fle.s	x12,f14,f23	 f14:0x80000000 f23:0xbf800000 x12=0x00000000
      76005.000 ns	      7599	80001d2c	0814fe53	fsub.s	f28,f9,f1	  f9:0x7fc00000  f1:0x80000000 f28=0x7fc00000
      76035.000 ns	      7602	80001d30	291a08d3	fmin.s	f17,f20,f17	 f20:0xffc00000 f17:0x7fc00000 f17=0x7fc00000
      76055.000 ns	      7604	80001d34	0078eab3	or	x21,x17,x7	 x17:0x00000000  x7:0x7fffffa0 x21=0x7fffffa0
      76075.000 ns	      7606	80001d38	f00c8f53	fmv.w.x	f30,x25	 x25:0xffffffff f30=0xffffffff
      76095.000 ns	      7608	80001d3c	017b9fb3	sll	x31,x23,x23	 x23:0x00000000 x23:0x00000000 x31=0x00000000
      76115.000 ns	      7610	80001d40	e0059453	fclass.s	x8,f11	 f11:0x7fc00000  x8=0x00000200
      76145.000 ns	      7613	80001d44	a171a653	feq.s	x12,f3,f23	  f3:0xcf000410 f23:0xbf800000 x12=0x00000000
      76165.000 ns	      7615	80001d48	060b6313	ori	x6,x22,96	 x22:0x7fffffff  x6=0x7fffffff
      76175.000 ns	      7616	80001d4c	b766ba13	sltiu	x20,x13,-1162	 x13:0x00000001 x20=0x00000001
      76185.000 ns	      7617	80001d50	00000013	addi	x0,x0,0	  x0:0x00000000
      76205.000 ns	      7619	80001d54	f00c8a53	fmv.w.x	f20,x25	 x25:0xffffffff f20=0xffffffff
      76235.000 ns	      7622	80001d58	03d01bb3	mulh	x23,x0,x29	  x0:0x00000000 x29:0x80040fe4 x23=0x00000000
      76275.000 ns	      7626	80001d5c	5804f6d3	fsqrt.s	f13,f9	  f9:0x7fc00000 f13=0x7fc00000
      76325.000 ns	      7631	80001d60	09cab2d3	fsub.s	f5,f21,f28	 f21:0x3efff7e0 f28:0x7fc00000  f5=0x7fc00000
      76345.000 ns	      7633	80001d64	7980af13	slti	x30,x1,1944	  x1:0x00000000 x30=0x00000001
      76355.000 ns	      7634	80001d68	710e2913	slti	x18,x28,1808	 x28:0x00000000 x18=0x00000001
      76385.000 ns	      7637	80001d6c	10dd7d53	fmul.s	f26,f26,f13	 f26:0x80000000 f13:0x7fc00000 f26=0x7fc00000
      76405.000 ns	      7639	80001d70	2de74213	xori	x4,x14,734	 x14:0x80041024  x4=0x800412fa
      76425.000 ns	      7641	80001d74	c00928d3	fcvt.w.s	x17,f18	 f18:0x00000000 x17=0x00000000
      76455.000 ns	      7644	80001d78	d00c2153	fcvt.s.w	f2,x24	 x24:0xfffff986  f2=0xc4cf4000
      76485.000 ns	      7647	80001d7c	e0021dd3	fclass.s	x27,f4	  f4:0xcf000410 x27=0x00000002
      76515.000 ns	      7650	80001d80	d01d79d3	fcvt.s.wu	f19,x26	 x26:0xffffffff f19=0x4f7fffff
      76545.000 ns	      7653	80001d84	21d01a53	fsgnjn.s	f20,f0,f29	  f0:0xffc00000 f29:0x00000000 f20=0xffc00000
      76565.000 ns	      7655	80001d88	001bd693	srli	x13,x23,0x1	 x23:0x00000000 x13=0x00000000
      76575.000 ns	      7656	80001d8c	c1a94d93	xori	x27,x18,-998	 x18:0x00000001 x27=0xfffffc1b
      76605.000 ns	      7659	80001d90	108e73d3	fmul.s	f7,f28,f8	 f28:0x7fc00000  f8:0xcf000410  f7=0x7fc00000
      76635.000 ns	      7662	80001d94	d007fdd3	fcvt.s.w	f27,x15	 x15:0xffffffff f27=0xbf800000
      76665.000 ns	      7665	80001d98	d005f1d3	fcvt.s.w	f3,x11	 x11:0x00000008  f3=0x41000000
      76685.000 ns	      7667	80001d9c	00000013	addi	x0,x0,0	  x0:0x00000000
      76695.000 ns	      7668	80001da0	88739d37	lui	x26,0x88739	 x26=0x88739000
      76705.000 ns	      7669	80001da4	a0daab93	slti	x23,x21,-1523	 x21:0x7fffffa0 x23=0x00000000
      76735.000 ns	      7672	80001da8	18b03253	fdiv.s	f4,f0,f11	  f0:0xffc00000 f11:0x7fc00000  f4=0x7fc00000
      76785.000 ns	      7677	80001dac	0072fb53	fadd.s	f22,f5,f7	  f5:0x7fc00000  f7:0x7fc00000 f22=0x7fc00000
      76805.000 ns	      7679	80001db0	015654b3	srl	x9,x12,x21	 x12:0x00000000 x21:0x7fffffa0  x9=0x00000000
      76815.000 ns	      7680	80001db4	00000013	addi	x0,x0,0	  x0:0x00000000
      76835.000 ns	      7682	80001db8	e0078ed3	fmv.x.w	x29,f15	 f15:0x80000000 x29=0x80000000
      76855.000 ns	      7684	80001dbc	01dd9693	slli	x13,x27,0x1d	 x27:0xfffffc1b x13=0x60000000
      76875.000 ns	      7686	80001dc0	a1c088d3	fle.s	x17,f1,f28	  f1:0x80000000 f28:0x7fc00000 x17=0x00000000
      76915.000 ns	      7690	80001dc4	10849cd3	fmul.s	f25,f9,f8	  f9:0x7fc00000  f8:0xcf000410 f25=0x7fc00000
      76935.000 ns	      7692	80001dc8	0053f4b3	and	x9,x7,x5	  x7:0x7fffffa0  x5:0xffffffff  x9=0x7fffffa0
      76955.000 ns	      7694	80001dcc	033222b3	mulhsu	x5,x4,x19	  x4:0x800412fa x19:0x00000000  x5=0x00000000
      77005.000 ns	      7699	80001dd0	092025d3	fsub.s	f11,f0,f18	  f0:0xffc00000 f18:0x00000000 f11=0x7fc00000
      77035.000 ns	      7702	80001dd4	021ec033	div	x0,x29,x1	 x29:0x80000000  x1:0x00000000
      77065.000 ns	      7705	80001dd8	21df82d3	fsgnj.s	f5,f31,f29	 f31:0x00000000 f29:0x00000000  f5=0x00000000
      77085.000 ns	      7707	80001ddc	86960293	addi	x5,x12,-1943	 x12:0x00000000  x5=0xfffff869
      77095.000 ns	      7708	80001de0	dc068f13	addi	x30,x13,-576	 x13:0x60000000 x30=0x5ffffdc0
      77115.000 ns	      7710	80001de4	29b113d3	fmax.s	f7,f2,f27	  f2:0xc4cf4000 f27:0xbf800000  f7=0xbf800000
      77135.000 ns	      7712	80001de8	40240233	sub	x4,x8,x2	  x8:0x00000200  x2:0x80040fe4  x4=0x7ffbf21c
      77495.000 ns	      7748	80001dec	03275cb3	divu	x25,x14,x18	 x14:0x80041024 x18:0x00000001 x25=0x80041024
      77525.000 ns	      7751	80001df0	a1d61ed3	flt.s	x29,f12,f29	 f12:0xffc00000 f29:0x00000000 x29=0x00000000
      77545.000 ns	      7753	80001df4	c9c8c417	auipc	x8,0xc9c8c	  x8=0x49c8ddf4
      77585.000 ns	      7757	80001df8	01cd93d3	fadd.s	f7,f27,f28	 f27:0xbf800000 f28:0x7fc00000  f7=0x7fc00000
      77605.000 ns	      7759	80001dfc	01ccdfb3	srl	x31,x25,x28	 x25:0x80041024 x28:0x00000000 x31=0x80041024
      77615.000 ns	      7760	80001e00	002599b3	sll	x19,x11,x2	 x11:0x00000008  x2:0x80040fe4 x19=0x00000080
      77625.000 ns	      7761	80001e04	01ff3533	sltu	x10,x30,x31	 x30:0x5ffffdc0 x31:0x00000000 x10=0x00000001
      77645.000 ns	      7763	80001e08	03deca33	div	x20,x29,x29	 x29:0x00000000 x29:0x00000000 x20=0xffffffff
      78015.000 ns	      7800	80001e0c	0295c433	div	x8,x11,x9	 x11:0x00000008  x9:0x7fffffa0  x8=0x00000000
      78355.000 ns	      7834	80001e10	19098cd3	fdiv.s	f25,f19,f16	 f19:0x4f7fffff f16:0x4f000410 f25=0x3f800000
      78375.000 ns	      7836	80001e14	01194bb3	xor	x23,x18,x17	 x18:0x00000001 x17:0x00000000 x23=0x00000001
      78395.000 ns	      7838	80001e18	e0050453	fmv.x.w	x8,f10	 f10:0x00000000  x8=0x00000000
      78425.000 ns	      7841	80001e1c	a19cafd3	feq.s	x31,f25,f25	 f25:0x3f800000 f25:0x3f800000 x31=0x00000001
      78455.000 ns	      7844	80001e20	c0123bd3	fcvt.wu.s	x23,f4	  f4:0x7fc00000 x23=0xffffffff
      78485.000 ns	      7847	80001e24	02a7a033	mulhsu	x0,x15,x10	 x15:0xffffffff x10:0x00000001
      78515.000 ns	      7850	80001e28	03b01433	mulh	x8,x0,x27	  x0:0x00000000 x27:0xfffffc1b  x8=0x00000000
      78545.000 ns	      7853	80001e2c	d00a7cd3	fcvt.s.w	f25,x20	 x20:0xffffffff f25=0xbf800000
      78565.000 ns	      7855	80001e30	00000013	addi	x0,x0,0	  x0:0x00000000
      78925.000 ns	      7891	80001e34	03814933	div	x18,x2,x24	  x2:0x80040fe4 x24:0xfffff986 x18=0x0013c2d8
      78945.000 ns	      7893	80001e38	40a48fb3	sub	x31,x9,x10	  x9:0x7fffffa0 x10:0x00000001 x31=0x7fffff9f
      78955.000 ns	      7894	80001e3c	00000013	addi	x0,x0,0	  x0:0x00000000
      78965.000 ns	      7895	80001e40	015e1a13	slli	x20,x28,0x15	 x28:0x00000000 x20=0x00000000
      78975.000 ns	      7896	80001e44	00000013	addi	x0,x0,0	  x0:0x00000000
      78995.000 ns	      7898	80001e48	a156a9d3	feq.s	x19,f13,f21	 f13:0x7fc00000 f21:0x3efff7e0 x19=0x00000000
      79025.000 ns	      7901	80001e4c	20302853	fsgnjx.s	f16,f0,f3	  f0:0xffc00000  f3:0x41000000 f16=0xffc00000
      79055.000 ns	      7904	80001e50	03d76ab3	rem	x21,x14,x29	 x14:0x80041024 x29:0x00000000 x21=0x80041024
      79085.000 ns	      7907	80001e54	c01ec7d3	fcvt.wu.s	x15,f29	 f29:0x00000000 x15=0x00000000
      79115.000 ns	      7910	80001e58	c01579d3	fcvt.wu.s	x19,f10	 f10:0x00000000 x19=0x00000000
      79485.000 ns	      7947	80001e5c	03f547b3	div	x15,x10,x31	 x10:0x00000001 x31:0x7fffff9f x15=0x00000000
      79505.000 ns	      7949	80001e60	ffa07993	andi	x19,x0,-6	  x0:0x00000000 x19=0x00000000
      79535.000 ns	      7952	80001e64	18a130d3	fdiv.s	f1,f2,f10	  f2:0xc4cf4000 f10:0x00000000  f1=0xff800000
      79575.000 ns	      7956	80001e68	10b773d3	fmul.s	f7,f14,f11	 f14:0x80000000 f11:0x7fc00000  f7=0x7fc00000
      79595.000 ns	      7958	80001e6c	40c5d7b3	sra	x15,x11,x12	 x11:0x00000008 x12:0x00000000 x15=0x00000008
      79635.000 ns	      7962	80001e70	013825d3	fadd.s	f11,f16,f19	 f16:0xffc00000 f19:0x4f7fffff f11=0x7fc00000
      79655.000 ns	      7964	80001e74	40058933	sub	x18,x11,x0	 x11:0x00000008  x0:0x00000000 x18=0x00000008
      79675.000 ns	      7966	80001e78	02778033	mul	x0,x15,x7	 x15:0x00000008  x7:0x7fffffa0
      79705.000 ns	      7969	80001e7c	029887b3	mul	x15,x17,x9	 x17:0x00000000  x9:0x7fffffa0 x15=0x00000000
      79725.000 ns	      7971	80001e80	40da5c33	sra	x24,x20,x13	 x20:0x00000000 x13:0x60000000 x24=0x00000000
      79745.000 ns	      7973	80001e84	c01fffd3	fcvt.wu.s	x31,f31	 f31:0x00000000 x31=0x00000000
      79775.000 ns	      7976	80001e88	d0157253	fcvt.s.wu	f4,x10	 x10:0x00000001  f4=0x3f800000
      79815.000 ns	      7980	80001e8c	18453f53	fdiv.s	f30,f10,f4	 f10:0x00000000  f4:0x7fc00000 f30=0x00000000
      79835.000 ns	      7982	80001e90	00136bb3	or	x23,x6,x1	  x6:0x7fffffff  x1:0x00000000 x23=0x7fffffff
      79845.000 ns	      7983	80001e94	0099de33	srl	x28,x19,x9	 x19:0x00000000  x9:0x7fffffa0 x28=0x00000000
      79855.000 ns	      7984	80001e98	00684b33	xor	x22,x16,x6	 x16:0x00000004  x6:0x7fffffff x22=0x7ffffffb
      79875.000 ns	      7986	80001e9c	029b9233	mulh	x4,x23,x9	 x23:0x7fffffff  x9:0x7fffffa0  x4=0x3fffffcf
      79895.000 ns	      7988	80001ea0	010869b3	or	x19,x16,x16	 x16:0x00000004 x16:0x00000004 x19=0x00000004
      79915.000 ns	      7990	80001ea4	c0187553	fcvt.wu.s	x10,f16	 f16:0xffc00000 x10=0xffffffff
      79935.000 ns	      7992	80001ea8	05c9de37	lui	x28,0x5c9d	 x28=0x05c9d000
      79945.000 ns	      7993	80001eac	75c233b7	lui	x7,0x75c23	  x7=0x75c23000
      79955.000 ns	      7994	80001eb0	00bf0fb3	add	x31,x30,x11	 x30:0x5ffffdc0 x11:0x00000008 x31=0x5ffffdc8
      79975.000 ns	      7996	80001eb4	219faa53	fsgnjx.s	f20,f31,f25	 f31:0x00000000 f25:0xbf800000 f20=0x80000000
      79995.000 ns	      7998	80001eb8	01a42fb3	slt	x31,x8,x26	  x8:0x00000000 x26:0x88739000 x31=0x00000000
      80005.000 ns	      7999	80001ebc	0096bfb3	sltu	x31,x13,x9	 x13:0x60000000  x9:0x7fffffa0 x31=0x00000001
      80015.000 ns	      8000	80001ec0	a7e9f513	andi	x10,x19,-1410	 x19:0x00000004 x10=0x00000004
      80045.000 ns	      8003	80001ec4	58017ad3	fsqrt.s	f21,f2	  f2:0xc4cf4000 f21=0x7fc00000
      80075.000 ns	      8006	80001ec8	02e31d33	mulh	x26,x6,x14	  x6:0x7fffffff x14:0x80041024 x26=0xc0020812
      80095.000 ns	      8008	80001ecc	c755fb13	andi	x22,x11,-907	 x11:0x00000008 x22=0x00000000
      80105.000 ns	      8009	80001ed0	0147ebb3	or	x23,x15,x20	 x15:0x00000000 x20:0x00000000 x23=0x00000000
      80125.000 ns	      8011	80001ed4	a15a02d3	fle.s	x5,f20,f21	 f20:0x80000000 f21:0x7fc00000  x5=0x00000000
      80165.000 ns	      8015	80001ed8	580af2d3	fsqrt.s	f5,f21	 f21:0x7fc00000  f5=0x7fc00000
      80195.000 ns	      8018	80001edc	d01ff253	fcvt.s.wu	f4,x31	 x31:0x00000001  f4=0x3f800000
      80215.000 ns	      8020	80001ee0	413bda13	srai	x20,x23,0x13	 x23:0x00000000 x20=0x00000000
      80235.000 ns	      8022	80001ee4	2195aed3	fsgnjx.s	f29,f11,f25	 f11:0x7fc00000 f25:0xbf800000 f29=0xffc00000
      80255.000 ns	      8024	80001ee8	00636033	or	x0,x6,x6	  x6:0x7fffffff  x6:0x7fffffff
      80275.000 ns	      8026	80001eec	f0008ed3	fmv.w.x	f29,x1	  x1:0x00000000 f29=0x00000000
      80305.000 ns	      8029	80001ef0	d00d8253	fcvt.s.w	f4,x27	 x27:0xfffffc1b  f4=0xc4794000
      80335.000 ns	      8032	80001ef4	039dbe33	mulhu	x28,x27,x25	 x27:0xfffffc1b x25:0x80041024 x28=0x80040e31
      80355.000 ns	      8034	80001ef8	41fd5c33	sra	x24,x26,x31	 x26:0xc0020812 x31:0x00000001 x24=0xe0010409
      80385.000 ns	      8037	80001efc	10737f53	fmul.s	f30,f6,f7	  f6:0x7fc00000  f7:0x7fc00000 f30=0x7fc00000
      80425.000 ns	      8041	80001f00	10147dd3	fmul.s	f27,f8,f1	  f8:0xcf000410  f1:0xff800000 f27=0x7f800000
      80445.000 ns	      8043	80001f04	be3fab13	slti	x22,x31,-1053	 x31:0x00000001 x22=0x00000000
      80465.000 ns	      8045	80001f08	02392db3	mulhsu	x27,x18,x3	 x18:0x00000008  x3:0x00000000 x27=0x00000000
      80485.000 ns	      8047	80001f0c	0199dfb3	srl	x31,x19,x25	 x19:0x00000004 x25:0x80041024 x31=0x00000000
      80495.000 ns	      8048	80001f10	01909033	sll	x0,x1,x25	  x1:0x00000000 x25:0x80041024
      80505.000 ns	      8049	80001f14	3b607f13	andi	x30,x0,950	  x0:0x00000000 x30=0x00000000
      80515.000 ns	      8050	80001f18	5b704697	auipc	x13,0x5b704	 x13=0xdb705f18
      80535.000 ns	      8052	80001f1c	20208bd3	fsgnj.s	f23,f1,f2	  f1:0xff800000  f2:0xc4cf4000 f23=0xff800000
      80565.000 ns	      8055	80001f20	21c00d53	fsgnj.s	f26,f0,f28	  f0:0xffc00000 f28:0x7fc00000 f26=0x7fc00000
      80595.000 ns	      8058	80001f24	c0011a53	fcvt.w.s	x20,f2	  f2:0xc4cf4000 x20=0xfffff986
      80635.000 ns	      8062	80001f28	11e37053	fmul.s	f0,f6,f30	  f6:0x7fc00000 f30:0x7fc00000  f0=0x7fc00000
      80975.000 ns	      8096	80001f2c	19317bd3	fdiv.s	f23,f2,f19	  f2:0xc4cf4000 f19:0x4f7fffff f23=0xb4cf4000
      80995.000 ns	      8098	80001f30	5a1ffd93	andi	x27,x31,1441	 x31:0x00000000 x27=0x00000000
      81005.000 ns	      8099	80001f34	40a05a13	srai	x20,x0,0xa	  x0:0x00000000 x20=0x00000000
      81045.000 ns	      8103	80001f38	005fab53	fadd.s	f22,f31,f5	 f31:0x00000000  f5:0x7fc00000 f22=0x7fc00000
      81075.000 ns	      8106	80001f3c	c01e7353	fcvt.wu.s	x6,f28	 f28:0x7fc00000  x6=0xffffffff
      81095.000 ns	      8108	80001f40	015435b3	sltu	x11,x8,x21	  x8:0x00000000 x21:0x80041024 x11=0x00000001
      81105.000 ns	      8109	80001f44	c519c313	xori	x6,x19,-943	 x19:0x00000004  x6=0xfffffc55
      81135.000 ns	      8112	80001f48	117cfa53	fmul.s	f20,f25,f23	 f25:0xbf800000 f23:0xb4cf4000 f20=0x34cf4000
      81165.000 ns	      8115	80001f4c	03bc7cb3	remu	x25,x24,x27	 x24:0xe0010409 x27:0x00000000 x25=0xe0010409
      81195.000 ns	      8118	80001f50	f0078b53	fmv.w.x	f22,x15	 x15:0x00000000 f22=0x00000000
      81225.000 ns	      8121	80001f54	a10c92d3	flt.s	x5,f25,f16	 f25:0xbf800000 f16:0xffc00000  x5=0x00000000
      81255.000 ns	      8124	80001f58	03f756b3	divu	x13,x14,x31	 x14:0x80041024 x31:0x00000000 x13=0xffffffff
      81275.000 ns	      8126	80001f5c	01a56fb3	or	x31,x10,x26	 x10:0x00000004 x26:0xc0020812 x31=0xc0020816
      81285.000 ns	      8127	80001f60	0db7dfb7	lui	x31,0xdb7d	 x31=0x0db7d000
      81295.000 ns	      8128	80001f64	0078a1b3	slt	x3,x17,x7	 x17:0x00000000  x7:0x75c23000  x3=0x00000001
      81305.000 ns	      8129	80001f68	78382f93	slti	x31,x16,1923	 x16:0x00000004 x31=0x00000001
      81665.000 ns	      8165	80001f6c	024878b3	remu	x17,x16,x4	 x16:0x00000004  x4:0x3fffffcf x17=0x00000004
      81685.000 ns	      8167	80001f70	69450293	addi	x5,x10,1684	 x10:0x00000004  x5=0x00000698
      81695.000 ns	      8168	80001f74	11778cb7	lui	x25,0x11778	 x25=0x11778000
      81705.000 ns	      8169	80001f78	01481cb3	sll	x25,x16,x20	 x16:0x00000004 x20:0x00000000 x25=0x00000004
      81735.000 ns	      8172	80001f7c	580af0d3	fsqrt.s	f1,f21	 f21:0x7fc00000  f1=0x7fc00000
      81755.000 ns	      8174	80001f80	009badb3	slt	x27,x23,x9	 x23:0x00000000  x9:0x7fffffa0 x27=0x00000001
      81765.000 ns	      8175	80001f84	01425d93	srli	x27,x4,0x14	  x4:0x3fffffcf x27=0x000003ff
      81775.000 ns	      8176	80001f88	40298e33	sub	x28,x19,x2	 x19:0x00000004  x2:0x80040fe4 x28=0x7ffbf020
      81805.000 ns	      8179	80001f8c	186e43d3	fdiv.s	f7,f28,f6	 f28:0x7fc00000  f6:0x7fc00000  f7=0x7fc00000
      81835.000 ns	      8182	80001f90	024b9233	mulh	x4,x23,x4	 x23:0x00000000  x4:0x3fffffcf  x4=0x00000000
      81865.000 ns	      8185	80001f94	e00503d3	fmv.x.w	x7,f10	 f10:0x00000000  x7=0x00000000
      81885.000 ns	      8187	80001f98	af7f7e93	andi	x29,x30,-1289	 x30:0x00000000 x29=0x00000000
      81915.000 ns	      8190	80001f9c	5806a453	fsqrt.s	f8,f13	 f13:0x7fc00000  f8=0x7fc00000
      81945.000 ns	      8193	80001fa0	029c29b3	mulhsu	x19,x24,x9	 x24:0xe0010409  x9:0x7fffffa0 x19=0xf0008210
      81965.000 ns	      8195	80001fa4	25aaad17	auipc	x26,0x25aaa	 x26=0xa5aabfa4
      81975.000 ns	      8196	80001fa8	4de17213	andi	x4,x2,1246	  x2:0x80040fe4  x4=0x000004c4
      81995.000 ns	      8198	80001fac	a05389d3	fle.s	x19,f7,f5	  f7:0x7fc00000  f5:0x7fc00000 x19=0x00000000
      82025.000 ns	      8201	80001fb0	f0018cd3	fmv.w.x	f25,x3	  x3:0x00000001 f25=0x00000001
      82065.000 ns	      8205	80001fb4	19abf3d3	fdiv.s	f7,f23,f26	 f23:0xb4cf4000 f26:0x7fc00000  f7=0x7fc00000
      82085.000 ns	      8207	80001fb8	012a5d93	srli	x27,x20,0x12	 x20:0x00000000 x27=0x00000000
      82095.000 ns	      8208	80001fbc	00b20933	add	x18,x4,x11	  x4:0x000004c4 x11:0x00000001 x18=0x000004c5
      82125.000 ns	      8211	80001fc0	580db153	fsqrt.s	f2,f27	 f27:0x7f800000  f2=0x7f800000
      82155.000 ns	      8214	80001fc4	03be5f33	divu	x30,x28,x27	 x28:0x7ffbf020 x27:0x00000000 x30=0xffffffff
      82175.000 ns	      8216	80001fc8	2b096b93	ori	x23,x18,688	 x18:0x000004c5 x23=0x000006f5
      82185.000 ns	      8217	80001fcc	002355b3	srl	x11,x6,x2	  x6:0xfffffc55  x2:0x80040fe4 x11=0x0fffffc5
      82225.000 ns	      8221	80001fd0	082cf1d3	fsub.s	f3,f25,f2	 f25:0x00000001  f2:0x7f800000  f3=0xff800000
      82255.000 ns	      8224	80001fd4	a0d2aad3	feq.s	x21,f5,f13	  f5:0x7fc00000 f13:0x7fc00000 x21=0x00000000
      82275.000 ns	      8226	80001fd8	68178a13	addi	x20,x15,1665	 x15:0x00000000 x20=0x00000681
      82295.000 ns	      8228	80001fdc	02bb0c33	mul	x24,x22,x11	 x22:0x00000000 x11:0x0fffffc5 x24=0x00000000
      82315.000 ns	      8230	80001fe0	6c758993	addi	x19,x11,1735	 x11:0x0fffffc5 x19=0x1000068c
      82335.000 ns	      8232	80001fe4	20529ed3	fsgnjn.s	f29,f5,f5	  f5:0x7fc00000  f5:0x7fc00000 f29=0xffc00000
      82365.000 ns	      8235	80001fe8	a026a5d3	feq.s	x11,f13,f2	 f13:0x7fc00000  f2:0x7f800000 x11=0x00000000
      82395.000 ns	      8238	80001fec	a0531d53	flt.s	x26,f6,f5	  f6:0x7fc00000  f5:0x7fc00000 x26=0x00000000
      82425.000 ns	      8241	80001ff0	e00684d3	fmv.x.w	x9,f13	 f13:0x7fc00000  x9=0x7fc00000
      82455.000 ns	      8244	80001ff4	20ba0253	fsgnj.s	f4,f20,f11	 f20:0x34cf4000 f11:0x7fc00000  f4=0x34cf4000
      82475.000 ns	      8246	80001ff8	411357b3	sra	x15,x6,x17	  x6:0xfffffc55 x17:0x00000004 x15=0xffffffc5
      82495.000 ns	      8248	80001ffc	a0121a53	flt.s	x20,f4,f1	  f4:0x34cf4000  f1:0x7fc00000 x20=0x00000000
      82515.000 ns	      8250	80002000	00d19a93	slli	x21,x3,0xd	  x3:0x00000001 x21=0x00002000
      82535.000 ns	      8252	80002004	28489f53	fmax.s	f30,f17,f4	 f17:0x7fc00000  f4:0x34cf4000 f30=0x34cf4000
      82565.000 ns	      8255	80002008	023e33b3	mulhu	x7,x28,x3	 x28:0x7ffbf020  x3:0x00000001  x7=0x00000000
      82585.000 ns	      8257	8000200c	01b3dab3	srl	x21,x7,x27	  x7:0x00000000 x27:0x00000000 x21=0x00000000
      82595.000 ns	      8258	80002010	041a8c93	addi	x25,x21,65	 x21:0x00002000 x25=0x00000041
      82615.000 ns	      8260	80002014	20471f53	fsgnjn.s	f30,f14,f4	 f14:0x80000000  f4:0x34cf4000 f30=0x80000000
      82635.000 ns	      8262	80002018	00000013	addi	x0,x0,0	  x0:0x00000000
      82645.000 ns	      8263	8000201c	015431b3	sltu	x3,x8,x21	  x8:0x00000000 x21:0x00000000  x3=0x00000000
      82655.000 ns	      8264	80002020	6e55bb37	lui	x22,0x6e55b	 x22=0x6e55b000
      82665.000 ns	      8265	80002024	41148db3	sub	x27,x9,x17	  x9:0x7fc00000 x17:0x00000004 x27=0x7fbffffc
      82675.000 ns	      8266	80002028	74b5ca93	xori	x21,x11,1867	 x11:0x00000000 x21=0x0000074b
      82685.000 ns	      8267	8000202c	0ca86b93	ori	x23,x16,202	 x16:0x00000004 x23=0x000000ce
      82695.000 ns	      8268	80002030	41005cb3	sra	x25,x0,x16	  x0:0x00000000 x16:0x00000004 x25=0x00000000
      82705.000 ns	      8269	80002034	006ea0b3	slt	x1,x29,x6	 x29:0x00000000  x6:0xfffffc55  x1=0x00000000
      82725.000 ns	      8271	80002038	d00517d3	fcvt.s.w	f15,x10	 x10:0x00000004 f15=0x40800000
      82745.000 ns	      8273	8000203c	40fcd7b3	sra	x15,x25,x15	 x25:0x00000000 x15:0xffffffc5 x15=0x00000000
      82755.000 ns	      8274	80002040	01265533	srl	x10,x12,x18	 x12:0x00000000 x18:0x000004c5 x10=0x00000000
      82795.000 ns	      8278	80002044	09147d53	fsub.s	f26,f8,f17	  f8:0x7fc00000 f17:0x7fc00000 f26=0x7fc00000
      82825.000 ns	      8281	80002048	21049453	fsgnjn.s	f8,f9,f16	  f9:0x7fc00000 f16:0xffc00000  f8=0x7fc00000
      82875.000 ns	      8286	8000204c	096a7253	fsub.s	f4,f20,f22	 f20:0x34cf4000 f22:0x00000000  f4=0x34cf4000
      82905.000 ns	      8289	80002050	0255af33	mulhsu	x30,x11,x5	 x11:0x00000000  x5:0x00000698 x30=0x00000000
      82935.000 ns	      8292	80002054	d001c9d3	fcvt.s.w	f19,x3	  x3:0x00000000 f19=0x00000000
      82965.000 ns	      8295	80002058	c0157bd3	fcvt.wu.s	x23,f10	 f10:0x00000000 x23=0x00000000
      82985.000 ns	      8297	8000205c	d5912913	slti	x18,x2,-679	  x2:0x80040fe4 x18=0x00000001
      83005.000 ns	      8299	80002060	c01890d3	fcvt.wu.s	x1,f17	 f17:0x7fc00000  x1=0xffffffff
      83035.000 ns	      8302	80002064	d005b353	fcvt.s.w	f6,x11	 x11:0x00000000  f6=0x00000000
      83065.000 ns	      8305	80002068	03de1333	mulh	x6,x28,x29	 x28:0x7ffbf020 x29:0x00000000  x6=0x00000000
      83115.000 ns	      8310	8000206c	01937853	fadd.s	f16,f6,f25	  f6:0x00000000 f25:0x00000001 f16=0x00000001
      83145.000 ns	      8313	80002070	d01b29d3	fcvt.s.wu	f19,x22	 x22:0x6e55b000 f19=0x4edcab60
      83175.000 ns	      8316	80002074	028a8233	mul	x4,x21,x8	 x21:0x0000074b  x8:0x00000000  x4=0x00000000
      83195.000 ns	      8318	80002078	41af5c13	srai	x24,x30,0x1a	 x30:0x00000000 x24=0x00000000
      83215.000 ns	      8320	8000207c	e00586d3	fmv.x.w	x13,f11	 f11:0x7fc00000 x13=0x7fc00000
      83245.000 ns	      8323	80002080	02766cb3	rem	x25,x12,x7	 x12:0x00000000  x7:0x00000000 x25=0x00000000
      83275.000 ns	      8326	80002084	206887d3	fsgnj.s	f15,f17,f6	 f17:0x7fc00000  f6:0x00000000 f15=0x7fc00000
      83295.000 ns	      8328	80002088	01d14e33	xor	x28,x2,x29	  x2:0x80040fe4 x29:0x00000000 x28=0x80040fe4
      83315.000 ns	      8330	8000208c	028aa6b3	mulhsu	x13,x21,x8	 x21:0x0000074b  x8:0x00000000 x13=0x00000000
      83365.000 ns	      8335	80002090	09487353	fsub.s	f6,f16,f20	 f16:0x00000001 f20:0x34cf4000  f6=0xb4cf4000
      83395.000 ns	      8338	80002094	e00c9ad3	fclass.s	x21,f25	 f25:0x00000001 x21=0x00000020
      83415.000 ns	      8340	80002098	012ea9b3	slt	x19,x29,x18	 x29:0x00000000 x18:0x00000001 x19=0x00000001
      83435.000 ns	      8342	8000209c	e00e1fd3	fclass.s	x31,f28	 f28:0x7fc00000 x31=0x00000200
      83455.000 ns	      8344	800020a0	0387f5b7	lui	x11,0x387f	 x11=0x0387f000
      83495.000 ns	      8348	800020a4	09167dd3	fsub.s	f27,f12,f17	 f12:0xffc00000 f17:0x7fc00000 f27=0x7fc00000
      83515.000 ns	      8350	800020a8	59f90d17	auipc	x26,0x59f90	 x26=0xd9f920a8
      83535.000 ns	      8352	800020ac	21bea753	fsgnjx.s	f14,f29,f27	 f29:0xffc00000 f27:0x7fc00000 f14=0xffc00000
      83555.000 ns	      8354	800020b0	01725193	srli	x3,x4,0x17	  x4:0x00000000  x3=0x00000000
      83585.000 ns	      8357	800020b4	580f73d3	fsqrt.s	f7,f30	 f30:0x80000000  f7=0x80000000
      83605.000 ns	      8359	800020b8	10e2c893	xori	x17,x5,270	  x5:0x00000698 x17=0x00000796
      83625.000 ns	      8361	800020bc	a106afd3	feq.s	x31,f13,f16	 f13:0x7fc00000 f16:0x00000001 x31=0x00000000
      83645.000 ns	      8363	800020c0	46fd6593	ori	x11,x26,1135	 x26:0xd9f920a8 x11=0xd9f924ef
      83665.000 ns	      8365	800020c4	03426ab3	rem	x21,x4,x20	  x4:0x00000000 x20:0x00000000 x21=0x00000000
      83685.000 ns	      8367	800020c8	68487e13	andi	x28,x16,1668	 x16:0x00000004 x28=0x00000004
      83705.000 ns	      8369	800020cc	03da0933	mul	x18,x20,x29	 x20:0x00000000 x29:0x00000000 x18=0x00000000
      83735.000 ns	      8372	800020d0	02db6bb3	rem	x23,x22,x13	 x22:0x6e55b000 x13:0x00000000 x23=0x6e55b000
      84105.000 ns	      8409	800020d4	030ce5b3	rem	x11,x25,x16	 x25:0x00000000 x16:0x00000004 x11=0x00000000
      84135.000 ns	      8412	800020d8	d0057d53	fcvt.s.w	f26,x10	 x10:0x00000000 f26=0x00000000
      84155.000 ns	      8414	800020dc	b8c03c13	sltiu	x24,x0,-1140	  x0:0x00000000 x24=0x00000001
      84165.000 ns	      8415	800020e0	05cfa013	slti	x0,x31,92	 x31:0x00000000
      84185.000 ns	      8417	800020e4	a1bf0f53	fle.s	x30,f30,f27	 f30:0x80000000 f27:0x7fc00000 x30=0x00000000
      84215.000 ns	      8420	800020e8	a0709d53	flt.s	x26,f1,f7	  f1:0x7fc00000  f7:0x80000000 x26=0x00000000
      84235.000 ns	      8422	800020ec	00e90533	add	x10,x18,x14	 x18:0x00000000 x14:0x80041024 x10=0x80041024
      84245.000 ns	      8423	800020f0	01d235b3	sltu	x11,x4,x29	  x4:0x00000000 x29:0x00000000 x11=0x00000000
      84255.000 ns	      8424	800020f4	01b6b933	sltu	x18,x13,x27	 x13:0x00000000 x27:0x7fbffffc x18=0x00000001
      84275.000 ns	      8426	800020f8	e00517d3	fclass.s	x15,f10	 f10:0x00000000 x15=0x00000010
      84305.000 ns	      8429	800020fc	021e9233	mulh	x4,x29,x1	 x29:0x00000000  x1:0xffffffff  x4=0x00000000
      84325.000 ns	      8431	80002100	019c98b3	sll	x17,x25,x25	 x25:0x00000000 x25:0x00000000 x17=0x00000000
      84335.000 ns	      8432	80002104	08cbe613	ori	x12,x23,140	 x23:0x6e55b000 x12=0x6e55b08c
      84345.000 ns	      8433	80002108	6c2dab13	slti	x22,x27,1730	 x27:0x7fbffffc x22=0x00000000
      84365.000 ns	      8435	8000210c	02f731b3	mulhu	x3,x14,x15	 x14:0x80041024 x15:0x00000010  x3=0x00000008
      84415.000 ns	      8440	80002110	09293dd3	fsub.s	f27,f18,f18	 f18:0x00000000 f18:0x00000000 f27=0x80000000
      84435.000 ns	      8442	80002114	83efc913	xori	x18,x31,-1986	 x31:0x00000000 x18=0xfffff83e
      84445.000 ns	      8443	80002118	ff8d8437	lui	x8,0xff8d8	  x8=0xff8d8000
      84465.000 ns	      8445	8000211c	03edaf33	mulhsu	x30,x27,x30	 x27:0x7fbffffc x30:0x00000000 x30=0x00000000
      84485.000 ns	      8447	80002120	41ae5eb3	sra	x29,x28,x26	 x28:0x00000004 x26:0x00000000 x29=0x00000004
      84495.000 ns	      8448	80002124	018a5613	srli	x12,x20,0x18	 x20:0x00000000 x12=0x00000000
      84515.000 ns	      8450	80002128	d004b8d3	fcvt.s.w	f17,x9	  x9:0x7fc00000 f17=0x4eff8000
      84545.000 ns	      8453	8000212c	a08896d3	flt.s	x13,f17,f8	 f17:0x7fc00000  f8:0x7fc00000 x13=0x00000000
      84565.000 ns	      8455	80002130	afbbbd13	sltiu	x26,x23,-1285	 x23:0x6e55b000 x26=0x00000001
      84575.000 ns	      8456	80002134	01276db3	or	x27,x14,x18	 x14:0x80041024 x18:0xfffff83e x27=0xfffff83e
      84585.000 ns	      8457	80002138	00596333	or	x6,x18,x5	 x18:0xfffff83e  x5:0x00000698  x6=0xfffffebe
      84595.000 ns	      8458	8000213c	06343f17	auipc	x30,0x6343	 x30=0x8634513c
      84615.000 ns	      8460	80002140	031498b3	mulh	x17,x9,x17	  x9:0x7fc00000 x17:0x00000000 x17=0x00000000
      84645.000 ns	      8463	80002144	02e83ab3	mulhu	x21,x16,x14	 x16:0x00000004 x14:0x80041024 x21=0x00000002
      84665.000 ns	      8465	80002148	00f77db3	and	x27,x14,x15	 x14:0x80041024 x15:0x00000010 x27=0x00000000
      84675.000 ns	      8466	8000214c	012fad33	slt	x26,x31,x18	 x31:0x00000000 x18:0xfffff83e x26=0x00000000
      84695.000 ns	      8468	80002150	21fb9053	fsgnjn.s	f0,f23,f31	 f23:0xb4cf4000 f31:0x00000000  f0=0xb4cf4000
      84715.000 ns	      8470	80002154	bcfc2213	slti	x4,x24,-1073	 x24:0x00000001  x4=0x00000000
      84725.000 ns	      8471	80002158	00919633	sll	x12,x3,x9	  x3:0x00000008  x9:0x7fc00000 x12=0x00000008
      85085.000 ns	      8507	8000215c	02f779b3	remu	x19,x14,x15	 x14:0x80041024 x15:0x00000010 x19=0x00000004
      85115.000 ns	      8510	80002160	285484d3	fmin.s	f9,f9,f5	  f9:0x7fc00000  f5:0x7fc00000  f9=0x7fc00000
      85155.000 ns	      8514	80002164	185ffed3	fdiv.s	f29,f31,f5	 f31:0x00000000  f5:0x7fc00000 f29=0x7fc00000
      85175.000 ns	      8516	80002168	00056c33	or	x24,x10,x0	 x10:0x80041024  x0:0x00000000 x24=0x80041024
      85185.000 ns	      8517	8000216c	010eda93	srli	x21,x29,0x10	 x29:0x00000004 x21=0x00000000
      85195.000 ns	      8518	80002170	01a51a37	lui	x20,0x1a51	 x20=0x01a51000
      85205.000 ns	      8519	80002174	4217aa93	slti	x21,x15,1057	 x15:0x00000010 x21=0x00000001
      85235.000 ns	      8522	80002178	1025f0d3	fmul.s	f1,f11,f2	 f11:0x7fc00000  f2:0x7f800000  f1=0x7fc00000
      85255.000 ns	      8524	8000217c	01084033	xor	x0,x16,x16	 x16:0x00000004 x16:0x00000004
      85285.000 ns	      8527	80002180	187024d3	fdiv.s	f9,f0,f7	  f0:0xb4cf4000  f7:0x80000000  f9=0x7f800000
      85325.000 ns	      8531	80002184	5801c453	fsqrt.s	f8,f3	  f3:0xff800000  f8=0x7fc00000
      85345.000 ns	      8533	80002188	011266b3	or	x13,x4,x17	  x4:0x00000000 x17:0x00000000 x13=0x00000000
      85355.000 ns	      8534	8000218c	01b296b3	sll	x13,x5,x27	  x5:0x00000698 x27:0x00000000 x13=0x00000698
      85375.000 ns	      8536	80002190	20769453	fsgnjn.s	f8,f13,f7	 f13:0x7fc00000  f7:0x80000000  f8=0x7fc00000
      85395.000 ns	      8538	80002194	16b76c93	ori	x25,x14,363	 x14:0x80041024 x25=0x8004116f
      85405.000 ns	      8539	80002198	01669893	slli	x17,x13,0x16	 x13:0x00000698 x17=0xa6000000
      85425.000 ns	      8541	8000219c	d00e7053	fcvt.s.w	f0,x28	 x28:0x00000004  f0=0x40800000
      85795.000 ns	      8578	800021a0	03294f33	div	x30,x18,x18	 x18:0xfffff83e x18:0xfffff83e x30=0x00000001
      85825.000 ns	      8581	800021a4	03cf35b3	mulhu	x11,x30,x28	 x30:0x8634513c x28:0x00000004 x11=0x00000000
      85845.000 ns	      8583	800021a8	01d99033	sll	x0,x19,x29	 x19:0x00000004 x29:0x00000004
      85855.000 ns	      8584	800021ac	003ff533	and	x10,x31,x3	 x31:0x00000000  x3:0x00000008 x10=0x00000000
      85875.000 ns	      8586	800021b0	03921433	mulh	x8,x4,x25	  x4:0x00000000 x25:0x8004116f  x8=0x00000000
      85905.000 ns	      8589	800021b4	20179053	fsgnjn.s	f0,f15,f1	 f15:0x7fc00000  f1:0x7fc00000  f0=0xffc00000
      87085.000 ns	      8707	800021b8	58027753	fsqrt.s	f14,f4	  f4:0x34cf4000 f14=0x39a2dfc9
      87105.000 ns	      8709	800021bc	01dddd33	srl	x26,x27,x29	 x27:0x00000000 x29:0x00000004 x26=0x00000000
      87125.000 ns	      8711	800021c0	e00b08d3	fmv.x.w	x17,f22	 f22:0x00000000 x17=0x00000000
      87145.000 ns	      8713	800021c4	01a75e33	srl	x28,x14,x26	 x14:0x80041024 x26:0x00000000 x28=0x80041024
      87155.000 ns	      8714	800021c8	005aa1b3	slt	x3,x21,x5	 x21:0x00000001  x5:0x00000698  x3=0x00000001
      87175.000 ns	      8716	800021cc	293782d3	fmin.s	f5,f15,f19	 f15:0x7fc00000 f19:0x4edcab60  f5=0x4edcab60
      87205.000 ns	      8719	800021d0	a10f2ed3	feq.s	x29,f30,f16	 f30:0x80000000 f16:0x00000001 x29=0x00000000
      87255.000 ns	      8724	800021d4	09f4fb53	fsub.s	f22,f9,f31	  f9:0x7f800000 f31:0x00000000 f22=0x7f800000
      87285.000 ns	      8727	800021d8	f00902d3	fmv.w.x	f5,x18	 x18:0xfffff83e  f5=0xfffff83e
      87655.000 ns	      8764	800021dc	03eb4db3	div	x27,x22,x30	 x22:0x00000000 x30:0x00000001 x27=0x00000000
      87675.000 ns	      8766	800021e0	0090a5b3	slt	x11,x1,x9	  x1:0xffffffff  x9:0x7fc00000 x11=0x00000001
      87715.000 ns	      8770	800021e4	08ecf553	fsub.s	f10,f25,f14	 f25:0x00000001 f14:0x39a2dfc9 f10=0xb9a2dfc9
      87745.000 ns	      8773	800021e8	21c31953	fsgnjn.s	f18,f6,f28	  f6:0xb4cf4000 f28:0x7fc00000 f18=0xb4cf4000
      87775.000 ns	      8776	800021ec	02758f33	mul	x30,x11,x7	 x11:0x00000001  x7:0x00000000 x30=0x00000000
      87795.000 ns	      8778	800021f0	6aad0a13	addi	x20,x26,1706	 x26:0x00000000 x20=0x000006aa
      87815.000 ns	      8780	800021f4	285a9653	fmax.s	f12,f21,f5	 f21:0x7fc00000  f5:0xfffff83e f12=0x7fc00000
      87845.000 ns	      8783	800021f8	a1482953	feq.s	x18,f16,f20	 f16:0x00000001 f20:0x34cf4000 x18=0x00000000
      87875.000 ns	      8786	800021fc	21522dd3	fsgnjx.s	f27,f4,f21	  f4:0x34cf4000 f21:0x7fc00000 f27=0x34cf4000
      87905.000 ns	      8789	80002200	e00983d3	fmv.x.w	x7,f19	 f19:0x4edcab60  x7=0x4edcab60
      87935.000 ns	      8792	80002204	02ae4e33	div	x28,x28,x10	 x28:0x80041024 x10:0x00000000 x28=0xffffffff
      87965.000 ns	      8795	80002208	02279ab3	mulh	x21,x15,x2	 x15:0x00000010  x2:0x80040fe4 x21=0xfffffff8
      88335.000 ns	      8832	8000220c	035dffb3	remu	x31,x27,x21	 x27:0x00000000 x21:0x00000001 x31=0x00000000
      88355.000 ns	      8834	80002210	0010dbb3	srl	x23,x1,x1	  x1:0xffffffff  x1:0xffffffff x23=0x00000001
      88365.000 ns	      8835	80002214	0fe264b7	lui	x9,0xfe26	  x9=0x0fe26000
      88375.000 ns	      8836	80002218	0012b7b3	sltu	x15,x5,x1	  x5:0x00000698  x1:0xffffffff x15=0x00000001
      88405.000 ns	      8839	8000221c	19a20c53	fdiv.s	f24,f4,f26	  f4:0x34cf4000 f26:0x00000000 f24=0x7f800000
      88425.000 ns	      8841	80002220	2408c413	xori	x8,x17,576	 x17:0x00000000  x8=0x00000240
      88445.000 ns	      8843	80002224	d00abcd3	fcvt.s.w	f25,x21	 x21:0xfffffff8 f25=0xc1000000
      88465.000 ns	      8845	80002228	01eb7333	and	x6,x22,x30	 x22:0x00000000 x30:0x00000000  x6=0x00000000
      88485.000 ns	      8847	8000222c	c012fe53	fcvt.wu.s	x28,f5	  f5:0xfffff83e x28=0xffffffff
      88505.000 ns	      8849	80002230	41475293	srai	x5,x14,0x14	 x14:0x80041024  x5=0xfffff800
      88525.000 ns	      8851	80002234	c01eafd3	fcvt.wu.s	x31,f29	 f29:0x7fc00000 x31=0xffffffff
      88895.000 ns	      8888	80002238	03ca74b3	remu	x9,x20,x28	 x20:0x000006aa x28:0xffffffff  x9=0x000006aa
      88915.000 ns	      8890	8000223c	01fe61b3	or	x3,x28,x31	 x28:0xffffffff x31:0xffffffff  x3=0xffffffff
      88925.000 ns	      8891	80002240	01a76f33	or	x30,x14,x26	 x14:0x80041024 x26:0x00000000 x30=0x80041024
      88945.000 ns	      8893	80002244	0252aeb3	mulhsu	x29,x5,x5	  x5:0xfffff800  x5:0xfffff800 x29=0xfffff800
      88965.000 ns	      8895	80002248	2e4f3093	sltiu	x1,x30,740	 x30:0x00000000  x1=0x00000000
      88985.000 ns	      8897	8000224c	e0011dd3	fclass.s	x27,f2	  f2:0x7f800000 x27=0x00000080
      89025.000 ns	      8901	80002250	115e79d3	fmul.s	f19,f28,f21	 f28:0x7fc00000 f21:0x7fc00000 f19=0x7fc00000
      89045.000 ns	      8903	80002254	1db30913	addi	x18,x6,475	  x6:0x00000000 x18=0x000001db
      89075.000 ns	      8906	80002258	11d84bd3	fmul.s	f23,f16,f29	 f16:0x00000001 f29:0x7fc00000 f23=0x7fc00000
      89095.000 ns	      8908	8000225c	40e05a33	sra	x20,x0,x14	  x0:0x00000000 x14:0x80041024 x20=0x00000000
      89105.000 ns	      8909	80002260	29217217	auipc	x4,0x29217	  x4=0xa9219260
      89115.000 ns	      8910	80002264	01b15a13	srli	x20,x2,0x1b	  x2:0x80040fe4 x20=0x00000010
      89145.000 ns	      8913	80002268	580e7353	fsqrt.s	f6,f28	 f28:0x7fc00000  f6=0x7fc00000
      89515.000 ns	      8950	8000226c	03d8d6b3	divu	x13,x17,x29	 x17:0x00000000 x29:0xfffff800 x13=0x00000000
      89555.000 ns	      8954	80002270	58043053	fsqrt.s	f0,f8	  f8:0x7fc00000  f0=0x7fc00000
      89585.000 ns	      8957	80002274	03edb1b3	mulhu	x3,x27,x30	 x27:0x00000080 x30:0x80041024  x3=0x00000040
      89605.000 ns	      8959	80002278	00a5cfb3	xor	x31,x11,x10	 x11:0x00000001 x10:0x00000000 x31=0x00000001
      89615.000 ns	      8960	8000227c	01d8d5b3	srl	x11,x17,x29	 x17:0x00000000 x29:0xfffff800 x11=0x00000000
      89635.000 ns	      8962	80002280	a0bb8f53	fle.s	x30,f23,f11	 f23:0x7fc00000 f11:0x7fc00000 x30=0x00000000
      89665.000 ns	      8965	80002284	21f708d3	fsgnj.s	f17,f14,f31	 f14:0x39a2dfc9 f31:0x00000000 f17=0x39a2dfc9
      89685.000 ns	      8967	80002288	01caa633	slt	x12,x21,x28	 x21:0xfffffff8 x28:0xffffffff x12=0x00000001
      89705.000 ns	      8969	8000228c	02f92fb3	mulhsu	x31,x18,x15	 x18:0x000001db x15:0x00000001 x31=0x00000000
      89725.000 ns	      8971	80002290	0015ec33	or	x24,x11,x1	 x11:0x00000000  x1:0x00000000 x24=0x00000000
      89745.000 ns	      8973	80002294	02ef3033	mulhu	x0,x30,x14	 x30:0x00000000 x14:0x80041024
      89765.000 ns	      8975	80002298	2ff6c693	xori	x13,x13,767	 x13:0x00000000 x13=0x000002ff
      90125.000 ns	      9011	8000229c	02e574b3	remu	x9,x10,x14	 x10:0x00000000 x14:0x80041024  x9=0x00000000
      90145.000 ns	      9013	800022a0	0145f7b3	and	x15,x11,x20	 x11:0x00000000 x20:0x00000010 x15=0x00000000
      90155.000 ns	      9014	800022a4	ce947d13	andi	x26,x8,-791	  x8:0x00000240 x26=0x00000040
      90185.000 ns	      9017	800022a8	10688e53	fmul.s	f28,f17,f6	 f17:0x39a2dfc9  f6:0x7fc00000 f28=0x7fc00000
      90205.000 ns	      9019	800022ac	418c56b3	sra	x13,x24,x24	 x24:0x00000000 x24:0x00000000 x13=0x00000000
      90225.000 ns	      9021	800022b0	0211b7b3	mulhu	x15,x3,x1	  x3:0x00000040  x1:0x00000000 x15=0x00000000
      90245.000 ns	      9023	800022b4	78ae01b7	lui	x3,0x78ae0	  x3=0x78ae0000
      90255.000 ns	      9024	800022b8	00000013	addi	x0,x0,0	  x0:0x00000000
      90275.000 ns	      9026	800022bc	213127d3	fsgnjx.s	f15,f2,f19	  f2:0x7f800000 f19:0x7fc00000 f15=0x7f800000
      90305.000 ns	      9029	800022c0	a1e223d3	feq.s	x7,f4,f30	  f4:0x34cf4000 f30:0x80000000  x7=0x00000000
      90335.000 ns	      9032	800022c4	03dcbbb3	mulhu	x23,x25,x29	 x25:0x8004116f x29:0xfffff800 x23=0x80040d6e
      90365.000 ns	      9035	800022c8	023a39b3	mulhu	x19,x20,x3	 x20:0x00000010  x3:0x78ae0000 x19=0x00000007
      90735.000 ns	      9072	800022cc	03357033	remu	x0,x10,x19	 x10:0x00000000 x19:0x00000004
      90755.000 ns	      9074	800022d0	01c8d6b3	srl	x13,x17,x28	 x17:0x00000000 x28:0xffffffff x13=0x00000000
      90775.000 ns	      9076	800022d4	210c0153	fsgnj.s	f2,f24,f16	 f24:0x7f800000 f16:0x00000001  f2=0x7f800000
      90795.000 ns	      9078	800022d8	e24f7db7	lui	x27,0xe24f7	 x27=0xe24f7000
      90805.000 ns	      9079	800022dc	31bc6d13	ori	x26,x24,795	 x24:0x00000000 x26=0x0000031b
      90815.000 ns	      9080	800022e0	001b5e13	srli	x28,x22,0x1	 x22:0x00000000 x28=0x00000000
      90835.000 ns	      9082	800022e4	021078b3	remu	x17,x0,x1	  x0:0x00000000  x1:0x00000000 x17=0x00000000
      90855.000 ns	      9084	800022e8	01698433	add	x8,x19,x22	 x19:0x00000007 x22:0x00000000  x8=0x00000007
      90865.000 ns	      9085	800022ec	410c5393	srai	x7,x24,0x10	 x24:0x00000000  x7=0x00000000
      90885.000 ns	      9087	800022f0	29b21053	fmax.s	f0,f4,f27	  f4:0x34cf4000 f27:0x34cf4000  f0=0x34cf4000
      90905.000 ns	      9089	800022f4	e2804393	xori	x7,x0,-472	  x0:0x00000000  x7=0xfffffe28
      90915.000 ns	      9090	800022f8	00f18ab3	add	x21,x3,x15	  x3:0x78ae0000 x15:0x00000000 x21=0x78ae0000
      90925.000 ns	      9091	800022fc	006e9bb3	sll	x23,x29,x6	 x29:0xfffff800  x6:0x00000000 x23=0xfffff800
      90945.000 ns	      9093	80002300	e00109d3	fmv.x.w	x19,f2	  f2:0x7f800000 x19=0x7f800000
      90965.000 ns	      9095	80002304	ca2f3e13	sltiu	x28,x30,-862	 x30:0x00000000 x28=0x00000001
      90985.000 ns	      9097	80002308	e0058dd3	fmv.x.w	x27,f11	 f11:0x7fc00000 x27=0x7fc00000
      91015.000 ns	      9100	8000230c	c0149353	fcvt.wu.s	x6,f9	  f9:0x7f800000  x6=0xffffffff
      91035.000 ns	      9102	80002310	00000013	addi	x0,x0,0	  x0:0x00000000
      91055.000 ns	      9104	80002314	d0017553	fcvt.s.w	f10,x2	  x2:0x80040fe4 f10=0xcefff7e0
      91075.000 ns	      9106	80002318	68ea7893	andi	x17,x20,1678	 x20:0x00000010 x17=0x00000000
      91095.000 ns	      9108	8000231c	02d38f33	mul	x30,x7,x13	  x7:0xfffffe28 x13:0x00000000 x30=0x00000000
      91125.000 ns	      9111	80002320	21b90853	fsgnj.s	f16,f18,f27	 f18:0xb4cf4000 f27:0x34cf4000 f16=0x34cf4000
      91145.000 ns	      9113	80002324	008b3db3	sltu	x27,x22,x8	 x22:0x00000000  x8:0x00000007 x27=0x00000001
      91155.000 ns	      9114	80002328	013b72b3	and	x5,x22,x19	 x22:0x00000000 x19:0x7f800000  x5=0x00000000
      91175.000 ns	      9116	8000232c	206823d3	fsgnjx.s	f7,f16,f6	 f16:0x34cf4000  f6:0x7fc00000  f7=0x34cf4000
      91195.000 ns	      9118	80002330	fd7a6b93	ori	x23,x20,-41	 x20:0x00000010 x23=0xffffffd7
      91215.000 ns	      9120	80002334	d01ff153	fcvt.s.wu	f2,x31	 x31:0x00000000  f2=0x00000000
      91235.000 ns	      9122	80002338	00c30b33	add	x22,x6,x12	  x6:0xffffffff x12:0x00000001 x22=0x00000000
      91245.000 ns	      9123	8000233c	4028db33	sra	x22,x17,x2	 x17:0x00000000  x2:0x80040fe4 x22=0x00000000
      91265.000 ns	      9125	80002340	034f04b3	mul	x9,x30,x20	 x30:0x00000000 x20:0x00000010  x9=0x00000000
      91295.000 ns	      9128	80002344	e00d9053	fclass.s	x0,f27	 f27:0x34cf4000
      91315.000 ns	      9130	80002348	97707b93	andi	x23,x0,-1673	  x0:0x00000000 x23=0x00000000
      91325.000 ns	      9131	8000234c	40898cb3	sub	x25,x19,x8	 x19:0x7f800000  x8:0x00000007 x25=0x7f7ffff9
      91345.000 ns	      9133	80002350	02ad4a33	div	x20,x26,x10	 x26:0x0000031b x10:0x00000000 x20=0xffffffff
      91365.000 ns	      9135	80002354	003cdc93	srli	x25,x25,0x3	 x25:0x8004116f x25=0x0fefffff
      91375.000 ns	      9136	80002358	91ed6037	lui	x0,0x91ed6	
      91395.000 ns	      9138	8000235c	c0039bd3	fcvt.w.s	x23,f7	  f7:0x34cf4000 x23=0x00000000
      91415.000 ns	      9140	80002360	00000013	addi	x0,x0,0	  x0:0x00000000
      91435.000 ns	      9142	80002364	03bea8b3	mulhsu	x17,x29,x27	 x29:0xfffff800 x27:0x00000001 x17=0xffffffff
      91465.000 ns	      9145	80002368	d0013ad3	fcvt.s.w	f21,x2	  x2:0x80040fe4 f21=0xcefff7e1
      91495.000 ns	      9148	8000236c	d003fe53	fcvt.s.w	f28,x7	  x7:0xfffffe28 f28=0xc3ec0000
      91525.000 ns	      9151	80002370	022b9933	mulh	x18,x23,x2	 x23:0x00000000  x2:0x80040fe4 x18=0x00000000
      91545.000 ns	      9153	80002374	400cdc13	srai	x24,x25,0x0	 x25:0x0fefffff x24=0x0fefffff
      91555.000 ns	      9154	80002378	406c5533	sra	x10,x24,x6	 x24:0x00000000  x6:0xffffffff x10=0x00000000
      91595.000 ns	      9158	8000237c	0827a853	fsub.s	f16,f15,f2	 f15:0x7f800000  f2:0x00000000 f16=0x7f800000
      91615.000 ns	      9160	80002380	00b0e9b3	or	x19,x1,x11	  x1:0x00000000 x11:0x00000000 x19=0x00000000
      91625.000 ns	      9161	80002384	00bf35b3	sltu	x11,x30,x11	 x30:0x00000000 x11:0x00000000 x11=0x00000000
      91665.000 ns	      9165	80002388	00cb79d3	fadd.s	f19,f22,f12	 f22:0x7f800000 f12:0x7fc00000 f19=0x7fc00000
      91685.000 ns	      9167	8000238c	003f1393	slli	x7,x30,0x3	 x30:0x00000000  x7=0x00000000
      91705.000 ns	      9169	80002390	d01cfed3	fcvt.s.wu	f29,x25	 x25:0x0fefffff f29=0x4d7effff
      91735.000 ns	      9172	80002394	a0839f53	flt.s	x30,f7,f8	  f7:0x34cf4000  f8:0x7fc00000 x30=0x00000000
      91765.000 ns	      9175	80002398	02db7cb3	remu	x25,x22,x13	 x22:0x00000000 x13:0x00000000 x25=0x00000000
      91785.000 ns	      9177	8000239c	01f05413	srli	x8,x0,0x1f	  x0:0x00000000  x8=0x00000000
      91795.000 ns	      9178	800023a0	00000013	addi	x0,x0,0	  x0:0x00000000
      91815.000 ns	      9180	800023a4	d0084853	fcvt.s.w	f16,x16	 x16:0x00000004 f16=0x40800000
      91845.000 ns	      9183	800023a8	037d11b3	mulh	x3,x26,x23	 x26:0x0000031b x23:0x00000000  x3=0x00000000
      91875.000 ns	      9186	800023ac	21f3a153	fsgnjx.s	f2,f7,f31	  f7:0x34cf4000 f31:0x00000000  f2=0x34cf4000
      91895.000 ns	      9188	800023b0	000256b3	srl	x13,x4,x0	  x4:0xa9219260  x0:0x00000000 x13=0xa9219260
      91905.000 ns	      9189	800023b4	00309593	slli	x11,x1,0x3	  x1:0x00000000 x11=0x00000000
      91925.000 ns	      9191	800023b8	02ba74b3	remu	x9,x20,x11	 x20:0xffffffff x11:0x00000000  x9=0xffffffff
      91955.000 ns	      9194	800023bc	20cb0dd3	fsgnj.s	f27,f22,f12	 f22:0x7f800000 f12:0x7fc00000 f27=0x7f800000
      91985.000 ns	      9197	800023c0	e00c0553	fmv.x.w	x10,f24	 f24:0x7f800000 x10=0x7f800000
      92015.000 ns	      9200	800023c4	c0048c53	fcvt.w.s	x24,f9	  f9:0x7f800000 x24=0x7fffffff
      92045.000 ns	      9203	800023c8	211b2cd3	fsgnjx.s	f25,f22,f17	 f22:0x7f800000 f17:0x39a2dfc9 f25=0x7f800000
      92065.000 ns	      9205	800023cc	87b93313	sltiu	x6,x18,-1925	 x18:0x00000000  x6=0x00000001
      92085.000 ns	      9207	800023d0	c019f253	fcvt.wu.s	x4,f19	 f19:0x7fc00000  x4=0xffffffff
      92105.000 ns	      9209	800023d4	41c1b493	sltiu	x9,x3,1052	  x3:0x00000000  x9=0x00000001
      93275.000 ns	      9326	800023d8	5803f9d3	fsqrt.s	f19,f7	  f7:0x34cf4000 f19=0x39a2dfc9
      93645.000 ns	      9363	800023dc	03c94f33	div	x30,x18,x28	 x18:0x00000000 x28:0x00000001 x30=0x00000000
      93675.000 ns	      9366	800023e0	020c00b3	mul	x1,x24,x0	 x24:0x7fffffff  x0:0x00000000  x1=0x00000000
      93695.000 ns	      9368	800023e4	41545e33	sra	x28,x8,x21	  x8:0x00000000 x21:0x78ae0000 x28=0x00000000
      93715.000 ns	      9370	800023e8	291e1c53	fmax.s	f24,f28,f17	 f28:0xc3ec0000 f17:0x39a2dfc9 f24=0x39a2dfc9
      93745.000 ns	      9373	800023ec	e0049053	fclass.s	x0,f9	  f9:0x7f800000
      93775.000 ns	      9376	800023f0	03f3c1b3	div	x3,x7,x31	  x7:0x00000000 x31:0x00000000  x3=0xffffffff
      93795.000 ns	      9378	800023f4	8db91217	auipc	x4,0x8db91	  x4=0x0db933f4
      93815.000 ns	      9380	800023f8	021f5eb3	divu	x29,x30,x1	 x30:0x00000000  x1:0x00000000 x29=0xffffffff
      93835.000 ns	      9382	800023fc	41e253b3	sra	x7,x4,x30	  x4:0xffffffff x30:0x00000000  x7=0x0db933f4
      93865.000 ns	      9385	80002400	580ca6d3	fsqrt.s	f13,f25	 f25:0x7f800000 f13=0x7f800000
      93885.000 ns	      9387	80002404	00437ab3	and	x21,x6,x4	  x6:0x00000001  x4:0x0db933f4 x21=0x00000000
      93895.000 ns	      9388	80002408	00000013	addi	x0,x0,0	  x0:0x00000000
      93915.000 ns	      9390	8000240c	02268bb3	mul	x23,x13,x2	 x13:0xa9219260  x2:0x80040fe4 x23=0xe2f9fd80
      93935.000 ns	      9392	80002410	41b48933	sub	x18,x9,x27	  x9:0x00000001 x27:0x00000001 x18=0x00000000
      93955.000 ns	      9394	80002414	f00a00d3	fmv.w.x	f1,x20	 x20:0xffffffff  f1=0xffffffff
      95005.000 ns	      9499	80002418	580a0553	fsqrt.s	f10,f20	 f20:0x34cf4000 f10=0x39a2dfc9
      95035.000 ns	      9502	8000241c	c00cbf53	fcvt.w.s	x30,f25	 f25:0x7f800000 x30=0x7fffffff
      95055.000 ns	      9504	80002420	00898c33	add	x24,x19,x8	 x19:0x00000000  x8:0x00000000 x24=0x00000000
      95095.000 ns	      9508	80002424	00b9b853	fadd.s	f16,f19,f11	 f19:0x39a2dfc9 f11:0x7fc00000 f16=0x7fc00000
      95125.000 ns	      9511	80002428	d00ffbd3	fcvt.s.w	f23,x31	 x31:0x00000000 f23=0x00000000
      95155.000 ns	      9514	8000242c	205fa753	fsgnjx.s	f14,f31,f5	 f31:0x00000000  f5:0xfffff83e f14=0x80000000
      95525.000 ns	      9551	80002430	023545b3	div	x11,x10,x3	 x10:0x7f800000  x3:0xffffffff x11=0x80800000
      95545.000 ns	      9553	80002434	b9e6eb37	lui	x22,0xb9e6e	 x22=0xb9e6e000
      95565.000 ns	      9555	80002438	c0070cd3	fcvt.w.s	x25,f14	 f14:0x80000000 x25=0x00000000
      95585.000 ns	      9557	8000243c	408a5f93	srai	x31,x20,0x8	 x20:0xffffffff x31=0xffffffff
      95595.000 ns	      9558	80002440	01fbacb3	slt	x25,x23,x31	 x23:0xe2f9fd80 x31:0x00000000 x25=0x00000001
      95605.000 ns	      9559	80002444	ae8ce093	ori	x1,x25,-1304	 x25:0x00000000  x1=0xfffffae9
      95615.000 ns	      9560	80002448	512d73b7	lui	x7,0x512d7	  x7=0x512d7000
      95625.000 ns	      9561	8000244c	01d73e33	sltu	x28,x14,x29	 x14:0x80041024 x29:0xffffffff x28=0x00000001
      95635.000 ns	      9562	80002450	01209db3	sll	x27,x1,x18	  x1:0xfffffae9 x18:0x00000000 x27=0xfffffae9
      95655.000 ns	      9564	80002454	c012fcd3	fcvt.wu.s	x25,f5	  f5:0xfffff83e x25=0xffffffff
      95675.000 ns	      9566	80002458	011e5213	srli	x4,x28,0x11	 x28:0x00000001  x4=0x00000000
      95685.000 ns	      9567	8000245c	016f71b3	and	x3,x30,x22	 x30:0x7fffffff x22:0xb9e6e000  x3=0x39e6e000
      95695.000 ns	      9568	80002460	413f87b3	sub	x15,x31,x19	 x31:0xffffffff x19:0x00000000 x15=0xffffffff
      95715.000 ns	      9570	80002464	d011f4d3	fcvt.s.wu	f9,x3	  x3:0xffffffff  f9=0x4e679b80
      95735.000 ns	      9572	80002468	01f9e033	or	x0,x19,x31	 x19:0x00000000 x31:0xffffffff
      96905.000 ns	      9689	8000246c	580ef653	fsqrt.s	f12,f29	 f29:0x4d7effff f12=0x46344f70
      96925.000 ns	      9691	80002470	02673197	auipc	x3,0x2673	  x3=0x82675470
      97285.000 ns	      9727	80002474	029ef0b3	remu	x1,x29,x9	 x29:0xffffffff  x9:0x00000001  x1=0x00000000
      97315.000 ns	      9730	80002478	033134b3	mulhu	x9,x2,x19	  x2:0x80040fe4 x19:0x00000000  x9=0x00000000
      97335.000 ns	      9732	8000247c	01d82c33	slt	x24,x16,x29	 x16:0x00000004 x29:0xffffffff x24=0x00000000
      97365.000 ns	      9735	80002480	1129f8d3	fmul.s	f17,f19,f18	 f19:0x39a2dfc9 f18:0xb4cf4000 f17=0xaf03dbab
      97395.000 ns	      9738	80002484	d01e9a53	fcvt.s.wu	f20,x29	 x29:0xffffffff f20=0x4f7fffff
      97415.000 ns	      9740	80002488	00614e33	xor	x28,x2,x6	  x2:0x80040fe4  x6:0x00000001 x28=0x80040fe5
      97775.000 ns	      9776	8000248c	030b6bb3	rem	x23,x22,x16	 x22:0xb9e6e000 x16:0x00000004 x23=0x00000000
      97805.000 ns	      9779	80002490	029ae333	rem	x6,x21,x9	 x21:0x00000000  x9:0x00000000  x6=0x00000000
      97835.000 ns	      9782	80002494	214104d3	fsgnj.s	f9,f2,f20	  f2:0x34cf4000 f20:0x4f7fffff  f9=0x34cf4000
      97855.000 ns	      9784	80002498	40bf8333	sub	x6,x31,x11	 x31:0xffffffff x11:0x80800000  x6=0x7f7fffff
      97875.000 ns	      9786	8000249c	28ad0cd3	fmin.s	f25,f26,f10	 f26:0x00000000 f10:0x39a2dfc9 f25=0x00000000
      97895.000 ns	      9788	800024a0	01db1d13	slli	x26,x22,0x1d	 x22:0xb9e6e000 x26=0x00000000
      97915.000 ns	      9790	800024a4	d00092d3	fcvt.s.w	f5,x1	  x1:0x00000000  f5=0x00000000
      97945.000 ns	      9793	800024a8	20329853	fsgnjn.s	f16,f5,f3	  f5:0xfffff83e  f3:0xff800000 f16=0x00000000
      97975.000 ns	      9796	800024ac	a19828d3	feq.s	x17,f16,f25	 f16:0x7fc00000 f25:0x00000000 x17=0x00000001
      98005.000 ns	      9799	800024b0	c0152353	fcvt.wu.s	x6,f10	 f10:0x39a2dfc9  x6=0x00000001
      98035.000 ns	      9802	800024b4	03810933	mul	x18,x2,x24	  x2:0x80040fe4 x24:0x00000000 x18=0x00000000
      98065.000 ns	      9805	800024b8	02188d33	mul	x26,x17,x1	 x17:0x00000001  x1:0x00000000 x26=0x00000000
      98095.000 ns	      9808	800024bc	e0068ed3	fmv.x.w	x29,f13	 f13:0x7f800000 x29=0x7f800000
      98125.000 ns	      9811	800024c0	c018f1d3	fcvt.wu.s	x3,f17	 f17:0xaf03dbab  x3=0x00000000
      98145.000 ns	      9813	800024c4	c5153d13	sltiu	x26,x10,-943	 x10:0x7f800000 x26=0x00000001
      98165.000 ns	      9815	800024c8	29001d53	fmax.s	f26,f0,f16	  f0:0x34cf4000 f16:0x00000000 f26=0x34cf4000
      98185.000 ns	      9817	800024cc	00ec6633	or	x12,x24,x14	 x24:0x00000000 x14:0x80041024 x12=0x80041024
      98215.000 ns	      9820	800024d0	19d6c1d3	fdiv.s	f3,f13,f29	 f13:0x7f800000 f29:0x4d7effff  f3=0x7f800000
      98245.000 ns	      9823	800024d4	29fa9553	fmax.s	f10,f21,f31	 f21:0xcefff7e1 f31:0x00000000 f10=0x00000000
      98265.000 ns	      9825	800024d8	00000013	addi	x0,x0,0	  x0:0x00000000
      98305.000 ns	      9829	800024dc	009e7853	fadd.s	f16,f28,f9	 f28:0xc3ec0000  f9:0x34cf4000 f16=0xc3ebffff
      98325.000 ns	      9831	800024e0	01a281b3	add	x3,x5,x26	  x5:0x00000000 x26:0x00000001  x3=0x00000001
      98345.000 ns	      9833	800024e4	0359d2b3	divu	x5,x19,x21	 x19:0x00000000 x21:0x00000000  x5=0xffffffff
      98375.000 ns	      9836	800024e8	03098e33	mul	x28,x19,x16	 x19:0x00000000 x16:0x00000004 x28=0x00000000
      98715.000 ns	      9870	800024ec	19d9c6d3	fdiv.s	f13,f19,f29	 f19:0x39a2dfc9 f29:0x4d7effff f13=0x2ba2dfca
      98735.000 ns	      9872	800024f0	0044df33	srl	x30,x9,x4	  x9:0x00000000  x4:0x00000000 x30=0x00000000
      98755.000 ns	      9874	800024f4	03ae2533	mulhsu	x10,x28,x26	 x28:0x00000000 x26:0x00000001 x10=0x00000000
      98785.000 ns	      9877	800024f8	d01ff8d3	fcvt.s.wu	f17,x31	 x31:0xffffffff f17=0x4f7fffff
      98815.000 ns	      9880	800024fc	20a30053	fsgnj.s	f0,f6,f10	  f6:0x7fc00000 f10:0x00000000  f0=0x7fc00000
      98845.000 ns	      9883	80002500	034099b3	mulh	x19,x1,x20	  x1:0x00000000 x20:0xffffffff x19=0x00000000
      98875.000 ns	      9886	80002504	034385b3	mul	x11,x7,x20	  x7:0x512d7000 x20:0xffffffff x11=0xaed29000
      98905.000 ns	      9889	80002508	290e8fd3	fmin.s	f31,f29,f16	 f29:0x4d7effff f16:0xc3ebffff f31=0xc3ebffff
      98935.000 ns	      9892	8000250c	a01b18d3	flt.s	x17,f22,f1	 f22:0x7f800000  f1:0xffffffff x17=0x00000000
      98955.000 ns	      9894	80002510	01ac32b3	sltu	x5,x24,x26	 x24:0x00000000 x26:0x00000001  x5=0x00000001
      98995.000 ns	      9898	80002514	085f2053	fsub.s	f0,f30,f5	 f30:0x80000000  f5:0x00000000  f0=0x80000000
      99015.000 ns	      9900	80002518	40260b33	sub	x22,x12,x2	 x12:0x80041024  x2:0x80040fe4 x22=0x00000040
      99025.000 ns	      9901	8000251c	01266b33	or	x22,x12,x18	 x12:0x80041024 x18:0x00000000 x22=0x80041024
      99035.000 ns	      9902	80002520	01e31e33	sll	x28,x6,x30	  x6:0x00000001 x30:0x00000000 x28=0x00000001
      99055.000 ns	      9904	80002524	e00685d3	fmv.x.w	x11,f13	 f13:0x2ba2dfca x11=0x2ba2dfca
      99085.000 ns	      9907	80002528	a0f5a253	feq.s	x4,f11,f15	 f11:0x7fc00000 f15:0x7f800000  x4=0x00000000
      99115.000 ns	      9910	8000252c	0290d2b3	divu	x5,x1,x9	  x1:0x00000000  x9:0x00000000  x5=0xffffffff
      99145.000 ns	      9913	80002530	d0052453	fcvt.s.w	f8,x10	 x10:0x00000000  f8=0x00000000
      99165.000 ns	      9915	80002534	016dfb33	and	x22,x27,x22	 x27:0xfffffae9 x22:0x80041024 x22=0x80041020
      99175.000 ns	      9916	80002538	01ebd7b3	srl	x15,x23,x30	 x23:0x00000000 x30:0x00000000 x15=0x00000000
      99185.000 ns	      9917	8000253c	7b0f6613	ori	x12,x30,1968	 x30:0x00000000 x12=0x000007b0
      99195.000 ns	      9918	80002540	017271b3	and	x3,x4,x23	  x4:0x00000000 x23:0x00000000  x3=0x00000000
      99205.000 ns	      9919	80002544	0184bf33	sltu	x30,x9,x24	  x9:0x00000000 x24:0x00000000 x30=0x00000000
      99215.000 ns	      9920	80002548	2ceb2793	slti	x15,x22,718	 x22:0x80041020 x15=0x00000001
      99225.000 ns	      9921	8000254c	006d9f33	sll	x30,x27,x6	 x27:0xfffffae9  x6:0x00000001 x30=0xfffff5d2
      99245.000 ns	      9923	80002550	a0b391d3	flt.s	x3,f7,f11	  f7:0x34cf4000 f11:0x7fc00000  x3=0x00000000
      99275.000 ns	      9926	80002554	0392ba33	mulhu	x20,x5,x25	  x5:0xffffffff x25:0xffffffff x20=0xfffffffe
      99295.000 ns	      9928	80002558	01742cb3	slt	x25,x8,x23	  x8:0x00000000 x23:0x00000000 x25=0x00000000
      99315.000 ns	      9930	8000255c	284617d3	fmax.s	f15,f12,f4	 f12:0x46344f70  f4:0x34cf4000 f15=0x46344f70
      99345.000 ns	      9933	80002560	021b4533	div	x10,x22,x1	 x22:0x80041020  x1:0x00000000 x10=0xffffffff
      99375.000 ns	      9936	80002564	d01c26d3	fcvt.s.wu	f13,x24	 x24:0x00000000 f13=0x00000000
      99405.000 ns	      9939	80002568	a0240653	fle.s	x12,f8,f2	  f8:0x00000000  f2:0x34cf4000 x12=0x00000001
      99435.000 ns	      9942	8000256c	a12e8653	fle.s	x12,f29,f18	 f29:0x4d7effff f18:0xb4cf4000 x12=0x00000000
      99465.000 ns	      9945	80002570	a19e21d3	feq.s	x3,f28,f25	 f28:0xc3ec0000 f25:0x00000000  x3=0x00000000
      99495.000 ns	      9948	80002574	21b2ab53	fsgnjx.s	f22,f5,f27	  f5:0x00000000 f27:0x7f800000 f22=0x00000000
      99515.000 ns	      9950	80002578	77186f93	ori	x31,x16,1905	 x16:0x00000004 x31=0x00000775
      99535.000 ns	      9952	8000257c	d01910d3	fcvt.s.wu	f1,x18	 x18:0x00000000  f1=0x00000000
      99555.000 ns	      9954	80002580	2e7d6593	ori	x11,x26,743	 x26:0x00000001 x11=0x000002e7
      99565.000 ns	      9955	80002584	83166d13	ori	x26,x12,-1999	 x12:0x00000000 x26=0xfffff831
      99575.000 ns	      9956	80002588	01d8cd33	xor	x26,x17,x29	 x17:0x00000000 x29:0x7f800000 x26=0x7f800000
      99585.000 ns	      9957	8000258c	014f1a33	sll	x20,x30,x20	 x30:0xfffff5d2 x20:0xfffffffe x20=0x80000000
      99605.000 ns	      9959	80002590	033c6633	rem	x12,x24,x19	 x24:0x00000000 x19:0x00000000 x12=0x00000000
      99625.000 ns	      9961	80002594	abf8f313	andi	x6,x17,-1345	 x17:0x00000000  x6=0x00000000
      99985.000 ns	      9997	80002598	03ec6f33	rem	x30,x24,x30	 x24:0x00000000 x30:0xfffff5d2 x30=0x00000000
     100015.000 ns	     10000	8000259c	c00fcb53	fcvt.w.s	x22,f31	 f31:0xc3ebffff x22=0xfffffe28
     100385.000 ns	     10037	800025a0	03b74b33	div	x22,x14,x27	 x14:0x80041024 x27:0xfffffae9 x22=0x0019251e
     100415.000 ns	     10040	800025a4	02936cb3	rem	x25,x6,x9	  x6:0x00000000  x9:0x00000000 x25=0x00000000
     100435.000 ns	     10042	800025a8	76686497	auipc	x9,0x76686	  x9=0xf66885a8
     100445.000 ns	     10043	800025ac	feb22a93	slti	x21,x4,-21	  x4:0x00000000 x21=0x00000000
     101615.000 ns	     10160	800025b0	5803f653	fsqrt.s	f12,f7	  f7:0x34cf4000 f12=0x39a2dfc9
     101985.000 ns	     10197	800025b4	0365d7b3	divu	x15,x11,x22	 x11:0x000002e7 x22:0x0019251e x15=0x00000000
     102005.000 ns	     10199	800025b8	40b8de13	srai	x28,x17,0xb	 x17:0x00000000 x28=0x00000000
     102025.000 ns	     10201	800025bc	e0068253	fmv.x.w	x4,f13	 f13:0x00000000  x4=0x00000000
     102395.000 ns	     10238	800025c0	03aff0b3	remu	x1,x31,x26	 x31:0x00000775 x26:0x7f800000  x1=0x00000775
     102415.000 ns	     10240	800025c4	41f18b33	sub	x22,x3,x31	  x3:0x00000000 x31:0x00000775 x22=0xfffff88b
     102445.000 ns	     10243	800025c8	10f03d53	fmul.s	f26,f0,f15	  f0:0x80000000 f15:0x46344f70 f26=0x80000000
     102465.000 ns	     10245	800025cc	01fb58b3	srl	x17,x22,x31	 x22:0x0019251e x31:0x00000775 x17=0x000007ff
     102485.000 ns	     10247	800025d0	211f16d3	fsgnjn.s	f13,f30,f17	 f30:0x80000000 f17:0x4f7fffff f13=0x80000000
     102505.000 ns	     10249	800025d4	41965fb3	sra	x31,x12,x25	 x12:0x00000000 x25:0x00000000 x31=0x00000000
     102525.000 ns	     10251	800025d8	c007f353	fcvt.w.s	x6,f15	 f15:0x46344f70  x6=0x00002d13
     102895.000 ns	     10288	800025dc	027948b3	div	x17,x18,x7	 x18:0x00000000  x7:0x512d7000 x17=0x00000000
     102925.000 ns	     10291	800025e0	022e8db3	mul	x27,x29,x2	 x29:0x7f800000  x2:0x80040fe4 x27=0x0e000000
     102955.000 ns	     10294	800025e4	a14e1f53	flt.s	x30,f28,f20	 f28:0xc3ec0000 f20:0x4f7fffff x30=0x00000001
     102975.000 ns	     10296	800025e8	003885b3	add	x11,x17,x3	 x17:0x00000000  x3:0x00000000 x11=0x00000000
     102995.000 ns	     10298	800025ec	e00808d3	fmv.x.w	x17,f16	 f16:0xc3ebffff x17=0xc3ebffff
     103015.000 ns	     10300	800025f0	00000013	addi	x0,x0,0	  x0:0x00000000
     103025.000 ns	     10301	800025f4	41ad0eb3	sub	x29,x26,x26	 x26:0x7f800000 x26:0x7f800000 x29=0x00000000
     103035.000 ns	     10302	800025f8	a8402513	slti	x10,x0,-1404	  x0:0x00000000 x10=0x00000000
     103045.000 ns	     10303	800025fc	b6450693	addi	x13,x10,-1180	 x10:0xffffffff x13=0xfffffb64
     103065.000 ns	     10305	80002600	f0018853	fmv.w.x	f16,x3	  x3:0x00000000 f16=0x00000000
     103085.000 ns	     10307	80002604	41765e13	srai	x28,x12,0x17	 x12:0x00000000 x28=0x00000000
     103095.000 ns	     10308	80002608	01eeec33	or	x24,x29,x30	 x29:0x00000000 x30:0x00000001 x24=0x00000001
     103455.000 ns	     10344	8000260c	022ec2b3	div	x5,x29,x2	 x29:0x00000000  x2:0x80040fe4  x5=0x00000000
     103475.000 ns	     10346	80002610	016b5f33	srl	x30,x22,x22	 x22:0xfffff88b x22:0xfffff88b x30=0x001fffff
     103485.000 ns	     10347	80002614	71680e13	addi	x28,x16,1814	 x16:0x00000004 x28=0x0000071a
     103495.000 ns	     10348	80002618	001c0a33	add	x20,x24,x1	 x24:0x00000001  x1:0x00000775 x20=0x00000776
     103505.000 ns	     10349	8000261c	aa3a4a93	xori	x21,x20,-1373	 x20:0x80000000 x21=0xfffffdd5
     103525.000 ns	     10351	80002620	03441d33	mulh	x26,x8,x20	  x8:0x00000000 x20:0x80000000 x26=0x00000000
     103555.000 ns	     10354	80002624	f0078e53	fmv.w.x	f28,x15	 x15:0x00000000 f28=0x00000000
     103575.000 ns	     10356	80002628	27658693	addi	x13,x11,630	 x11:0x00000000 x13=0x00000276
     103595.000 ns	     10358	8000262c	20f71ad3	fsgnjn.s	f21,f14,f15	 f14:0x80000000 f15:0x46344f70 f21=0x80000000
     103625.000 ns	     10361	80002630	02f711b3	mulh	x3,x14,x15	 x14:0x80041024 x15:0x00000000  x3=0x00000000
     103655.000 ns	     10364	80002634	212d05d3	fsgnj.s	f11,f26,f18	 f26:0x80000000 f18:0xb4cf4000 f11=0x80000000
     103685.000 ns	     10367	80002638	02a26eb3	rem	x29,x4,x10	  x4:0x00000000 x10:0x00000000 x29=0x00000000
     103715.000 ns	     10370	8000263c	a18080d3	fle.s	x1,f1,f24	  f1:0x00000000 f24:0x39a2dfc9  x1=0x00000001
     103745.000 ns	     10373	80002640	02233933	mulhu	x18,x6,x2	  x6:0x00002d13  x2:0x80040fe4 x18=0x0000168a
     104115.000 ns	     10410	80002644	026c67b3	rem	x15,x24,x6	 x24:0x00000001  x6:0x00002d13 x15=0x00000001
     104135.000 ns	     10412	80002648	400f5993	srai	x19,x30,0x0	 x30:0x001fffff x19=0x001fffff
     104145.000 ns	     10413	8000264c	7af2f913	andi	x18,x5,1967	  x5:0x00000000 x18=0x00000000
     104165.000 ns	     10415	80002650	c01a7f53	fcvt.wu.s	x30,f20	 f20:0x4f7fffff x30=0xffffff00
     104195.000 ns	     10418	80002654	03b91db3	mulh	x27,x18,x27	 x18:0x0000168a x27:0x0e000000 x27=0x00000000
     104215.000 ns	     10420	80002658	8f2fc293	xori	x5,x31,-1806	 x31:0x00000000  x5=0xfffff8f2
     104245.000 ns	     10423	8000265c	19e68c53	fdiv.s	f24,f13,f30	 f13:0x80000000 f30:0x80000000 f24=0x7fc00000
     104265.000 ns	     10425	80002660	8492e013	ori	x0,x5,-1975	  x5:0x00000000
     104285.000 ns	     10427	80002664	03b03cb3	mulhu	x25,x0,x27	  x0:0x00000000 x27:0x00000000 x25=0x00000000
     104315.000 ns	     10430	80002668	039a7ab3	remu	x21,x20,x25	 x20:0x00000776 x25:0x00000000 x21=0x00000776
     104345.000 ns	     10433	8000266c	036d9eb3	mulh	x29,x27,x22	 x27:0x00000000 x22:0xfffff88b x29=0x00000000
     104395.000 ns	     10438	80002670	00b1ced3	fadd.s	f29,f3,f11	  f3:0x7f800000 f11:0x80000000 f29=0x7f800000
     104425.000 ns	     10441	80002674	d015b453	fcvt.s.wu	f8,x11	 x11:0x00000000  f8=0x00000000
     104455.000 ns	     10444	80002678	03bdf033	remu	x0,x27,x27	 x27:0x00000000 x27:0x00000000
     104485.000 ns	     10447	8000267c	03a34eb3	div	x29,x6,x26	  x6:0x00002d13 x26:0x00000000 x29=0xffffffff
     104505.000 ns	     10449	80002680	d7603693	sltiu	x13,x0,-650	  x0:0x00000000 x13=0x00000001
     104515.000 ns	     10450	80002684	29fe6513	ori	x10,x28,671	 x28:0x0000071a x10=0x0000079f
     104535.000 ns	     10452	80002688	209fa053	fsgnjx.s	f0,f31,f9	 f31:0xc3ebffff  f9:0x34cf4000  f0=0xc3ebffff
     104555.000 ns	     10454	8000268c	00000013	addi	x0,x0,0	  x0:0x00000000
     104565.000 ns	     10455	80002690	535f0a97	auipc	x21,0x535f0	 x21=0xd35f2690
     104595.000 ns	     10458	80002694	109c7a53	fmul.s	f20,f24,f9	 f24:0x7fc00000  f9:0x34cf4000 f20=0x7fc00000
     104625.000 ns	     10461	80002698	02a43633	mulhu	x12,x8,x10	  x8:0x00000000 x10:0x0000079f x12=0x00000000
     104995.000 ns	     10498	8000269c	02e84d33	div	x26,x16,x14	 x16:0x00000004 x14:0x80041024 x26=0x00000000
     105015.000 ns	     10500	800026a0	40e1d613	srai	x12,x3,0xe	  x3:0x00000000 x12=0x00000000
     105035.000 ns	     10502	800026a4	29d01cd3	fmax.s	f25,f0,f29	  f0:0xc3ebffff f29:0x7f800000 f25=0x7f800000
     105065.000 ns	     10505	800026a8	c0192553	fcvt.wu.s	x10,f18	 f18:0xb4cf4000 x10=0x00000001
     105085.000 ns	     10507	800026ac	4033d013	srai	x0,x7,0x3	  x7:0x512d7000
     105095.000 ns	     10508	800026b0	01d51013	slli	x0,x10,0x1d	 x10:0x00000001
     105115.000 ns	     10510	800026b4	026c37b3	mulhu	x15,x24,x6	 x24:0x00000001  x6:0x00002d13 x15=0x00000000
     105145.000 ns	     10513	800026b8	02f60333	mul	x6,x12,x15	 x12:0x00000000 x15:0x00000001  x6=0x00000000
     105185.000 ns	     10517	800026bc	1994f153	fdiv.s	f2,f9,f25	  f9:0x34cf4000 f25:0x7f800000  f2=0x00000000
     105205.000 ns	     10519	800026c0	87400493	addi	x9,x0,-1932	  x0:0x00000000  x9=0xfffff874
     105215.000 ns	     10520	800026c4	015c9433	sll	x8,x25,x21	 x25:0x00000000 x21:0xd35f2690  x8=0x00000000
     105235.000 ns	     10522	800026c8	20351bd3	fsgnjn.s	f23,f10,f3	 f10:0x00000000  f3:0x7f800000 f23=0x80000000
     105255.000 ns	     10524	800026cc	48e9b913	sltiu	x18,x19,1166	 x19:0x001fffff x18=0x00000000
     105275.000 ns	     10526	800026d0	03ffa233	mulhsu	x4,x31,x31	 x31:0x00000000 x31:0x00000000  x4=0x00000000
     105295.000 ns	     10528	800026d4	002e1c33	sll	x24,x28,x2	 x28:0x0000071a  x2:0x80040fe4 x24=0x000071a0
     105305.000 ns	     10529	800026d8	01889093	slli	x1,x17,0x18	 x17:0xc3ebffff  x1=0xff000000
     105315.000 ns	     10530	800026dc	00929513	slli	x10,x5,0x9	  x5:0xfffff8f2 x10=0xfff1e400
     105345.000 ns	     10533	800026e0	19c2c6d3	fdiv.s	f13,f5,f28	  f5:0x00000000 f28:0x00000000 f13=0x7fc00000
     105365.000 ns	     10535	800026e4	40d40fb3	sub	x31,x8,x13	  x8:0x00000000 x13:0x00000001 x31=0xffffffff
     105375.000 ns	     10536	800026e8	00579193	slli	x3,x15,0x5	 x15:0x00000000  x3=0x00000000
     105385.000 ns	     10537	800026ec	79903913	sltiu	x18,x0,1945	  x0:0x00000000 x18=0x00000001
     105395.000 ns	     10538	800026f0	3738e413	ori	x8,x17,883	 x17:0xc3ebffff  x8=0xc3ebffff
     105405.000 ns	     10539	800026f4	f917cc13	xori	x24,x15,-111	 x15:0x00000000 x24=0xffffff91
     105425.000 ns	     10541	800026f8	295d9ad3	fmax.s	f21,f27,f21	 f27:0x7f800000 f21:0x80000000 f21=0x7f800000
     105445.000 ns	     10543	800026fc	00e38d33	add	x26,x7,x14	  x7:0x512d7000 x14:0x80041024 x26=0xd1318024
     105455.000 ns	     10544	80002700	014d1033	sll	x0,x26,x20	 x26:0x00000000 x20:0x00000776
     105475.000 ns	     10546	80002704	d01c7f53	fcvt.s.wu	f30,x24	 x24:0xffffff91 f30=0x4f7fffff
     105505.000 ns	     10549	80002708	c01b7a53	fcvt.wu.s	x20,f22	 f22:0x00000000 x20=0x00000000
     105525.000 ns	     10551	8000270c	00609fb3	sll	x31,x1,x6	  x1:0xff000000  x6:0x00000000 x31=0xff000000
     105545.000 ns	     10553	80002710	a04028d3	feq.s	x17,f0,f4	  f0:0xc3ebffff  f4:0x34cf4000 x17=0x00000000
     105575.000 ns	     10556	80002714	29fe01d3	fmin.s	f3,f28,f31	 f28:0x00000000 f31:0xc3ebffff  f3=0xc3ebffff
     105595.000 ns	     10558	80002718	014fc233	xor	x4,x31,x20	 x31:0xff000000 x20:0x00000000  x4=0xff000000
     105605.000 ns	     10559	8000271c	00000013	addi	x0,x0,0	  x0:0x00000000
     105625.000 ns	     10561	80002720	d01988d3	fcvt.s.wu	f17,x19	 x19:0x001fffff f17=0x49fffff8
     105655.000 ns	     10564	80002724	21532cd3	fsgnjx.s	f25,f6,f21	  f6:0x7fc00000 f21:0x7f800000 f25=0x7fc00000
     105685.000 ns	     10567	80002728	20fc0b53	fsgnj.s	f22,f24,f15	 f24:0x7fc00000 f15:0x46344f70 f22=0x7fc00000
     105705.000 ns	     10569	8000272c	013dd233	srl	x4,x27,x19	 x27:0x00000000 x19:0x001fffff  x4=0x00000000
     105725.000 ns	     10571	80002730	20ec94d3	fsgnjn.s	f9,f25,f14	 f25:0x7fc00000 f14:0x80000000  f9=0x7fc00000
     105745.000 ns	     10573	80002734	81e00213	addi	x4,x0,-2018	  x0:0x00000000  x4=0xfffff81e
     105755.000 ns	     10574	80002738	d4e9ff97	auipc	x31,0xd4e9f	 x31=0x54ea1738
     105775.000 ns	     10576	8000273c	a0b32453	feq.s	x8,f6,f11	  f6:0x7fc00000 f11:0x80000000  x8=0x00000000
     106145.000 ns	     10613	80002740	030746b3	div	x13,x14,x16	 x14:0x80041024 x16:0x00000004 x13=0xe0010409
     106175.000 ns	     10616	80002744	c0147ad3	fcvt.wu.s	x21,f8	  f8:0x00000000 x21=0x00000000
     106205.000 ns	     10619	80002748	0264e533	rem	x10,x9,x6	  x9:0xfffff874  x6:0x00000000 x10=0xfffff874
     106225.000 ns	     10621	8000274c	7101b913	sltiu	x18,x3,1808	  x3:0x00000000 x18=0x00000001
     106235.000 ns	     10622	80002750	00395993	srli	x19,x18,0x3	 x18:0x00000001 x19=0x00000000
     106275.000 ns	     10626	80002754	083afcd3	fsub.s	f25,f21,f3	 f21:0x7f800000  f3:0xc3ebffff f25=0x7f800000
     106295.000 ns	     10628	80002758	cc48ca13	xori	x20,x17,-828	 x17:0x00000000 x20=0xfffffcc4
     106315.000 ns	     10630	8000275c	a11685d3	fle.s	x11,f13,f17	 f13:0x7fc00000 f17:0x49fffff8 x11=0x00000000
     106335.000 ns	     10632	80002760	009fb533	sltu	x10,x31,x9	 x31:0x54ea1738  x9:0xfffff874 x10=0x00000001
     106345.000 ns	     10633	80002764	016b7f33	and	x30,x22,x22	 x22:0xfffff88b x22:0xfffff88b x30=0xfffff88b
     106355.000 ns	     10634	80002768	00000013	addi	x0,x0,0	  x0:0x00000000
     106375.000 ns	     10636	8000276c	20d9a853	fsgnjx.s	f16,f19,f13	 f19:0x39a2dfc9 f13:0x7fc00000 f16=0x39a2dfc9
     106405.000 ns	     10639	80002770	d00516d3	fcvt.s.w	f13,x10	 x10:0x00000001 f13=0x3f800000
     106435.000 ns	     10642	80002774	c00cbcd3	fcvt.w.s	x25,f25	 f25:0x7f800000 x25=0x7fffffff
     106465.000 ns	     10645	80002778	20762153	fsgnjx.s	f2,f12,f7	 f12:0x39a2dfc9  f7:0x34cf4000  f2=0x39a2dfc9
     106485.000 ns	     10647	8000277c	01dd5d93	srli	x27,x26,0x1d	 x26:0xd1318024 x27=0x00000006
     106495.000 ns	     10648	80002780	008ecf33	xor	x30,x29,x8	 x29:0xffffffff  x8:0x00000000 x30=0xffffffff
     106515.000 ns	     10650	80002784	02efaab3	mulhsu	x21,x31,x14	 x31:0x54ea1738 x14:0x80041024 x21=0x2a76649e
     106545.000 ns	     10653	80002788	03b419b3	mulh	x19,x8,x27	  x8:0x00000000 x27:0x00000006 x19=0x00000000
     106585.000 ns	     10657	8000278c	580d9dd3	fsqrt.s	f27,f27	 f27:0x7f800000 f27=0x7f800000
     106605.000 ns	     10659	80002790	003a4eb3	xor	x29,x20,x3	 x20:0xfffffcc4  x3:0x00000000 x29=0xfffffcc4
     106625.000 ns	     10661	80002794	023081b3	mul	x3,x1,x3	  x1:0xff000000  x3:0x00000000  x3=0x00000000
     106655.000 ns	     10664	80002798	035f8233	mul	x4,x31,x21	 x31:0x54ea1738 x21:0x2a76649e  x4=0xbd5c3490
     106695.000 ns	     10668	8000279c	19a4f753	fdiv.s	f14,f9,f26	  f9:0x7fc00000 f26:0x80000000 f14=0x7fc00000
     106725.000 ns	     10671	800027a0	a0728653	fle.s	x12,f5,f7	  f5:0x00000000  f7:0x34cf4000 x12=0x00000001
     106755.000 ns	     10674	800027a4	c0030953	fcvt.w.s	x18,f6	  f6:0x7fc00000 x18=0x7fffffff
     106785.000 ns	     10677	800027a8	21379ed3	fsgnjn.s	f29,f15,f19	 f15:0x46344f70 f19:0x39a2dfc9 f29=0xc6344f70
     106805.000 ns	     10679	800027ac	013c5233	srl	x4,x24,x19	 x24:0xffffff91 x19:0x00000000  x4=0xffffff91
     106815.000 ns	     10680	800027b0	00fe9f13	slli	x30,x29,0xf	 x29:0xfffffcc4 x30=0xfe620000
     106825.000 ns	     10681	800027b4	0183c3b3	xor	x7,x7,x24	  x7:0x512d7000 x24:0xffffff91  x7=0xaed28f91
     106845.000 ns	     10683	800027b8	d005f453	fcvt.s.w	f8,x11	 x11:0x00000000  f8=0x00000000
     106865.000 ns	     10685	800027bc	009e4933	xor	x18,x28,x9	 x28:0x0000071a  x9:0xfffff874 x18=0xffffff6e
     106885.000 ns	     10687	800027c0	02086eb3	rem	x29,x16,x0	 x16:0x00000004  x0:0x00000000 x29=0x00000004
     106935.000 ns	     10692	800027c4	01dd4bd3	fadd.s	f23,f26,f29	 f26:0x80000000 f29:0xc6344f70 f23=0xc6344f70
     106985.000 ns	     10697	800027c8	08b487d3	fsub.s	f15,f9,f11	  f9:0x7fc00000 f11:0x80000000 f15=0x7fc00000
     107035.000 ns	     10702	800027cc	08a87153	fsub.s	f2,f16,f10	 f16:0x39a2dfc9 f10:0x00000000  f2=0x39a2dfc9
     107055.000 ns	     10704	800027d0	006f9933	sll	x18,x31,x6	 x31:0x54ea1738  x6:0x00000000 x18=0x54ea1738
     107065.000 ns	     10705	800027d4	61c3cd93	xori	x27,x7,1564	  x7:0xaed28f91 x27=0xaed2898d
     107075.000 ns	     10706	800027d8	00096433	or	x8,x18,x0	 x18:0xffffff6e  x0:0x00000000  x8=0x54ea1738
     107405.000 ns	     10739	800027dc	197fc5d3	fdiv.s	f11,f31,f23	 f31:0xc3ebffff f23:0xc6344f70 f11=0x3cfeebd8
     107455.000 ns	     10744	800027e0	00c0ffd3	fadd.s	f31,f1,f12	  f1:0x00000000 f12:0x39a2dfc9 f31=0x39a2dfc9
     107495.000 ns	     10748	800027e4	11ad18d3	fmul.s	f17,f26,f26	 f26:0x80000000 f26:0x80000000 f17=0x00000000
     107545.000 ns	     10753	800027e8	08e84f53	fsub.s	f30,f16,f14	 f16:0x39a2dfc9 f14:0x7fc00000 f30=0x7fc00000
     107565.000 ns	     10755	800027ec	ac3d7437	lui	x8,0xac3d7	  x8=0xac3d7000
     107595.000 ns	     10758	800027f0	11b8f1d3	fmul.s	f3,f17,f27	 f17:0x00000000 f27:0x7f800000  f3=0x7fc00000
     107615.000 ns	     10760	800027f4	01a87533	and	x10,x16,x26	 x16:0x00000004 x26:0xd1318024 x10=0x00000004
     107975.000 ns	     10796	800027f8	03c24cb3	div	x25,x4,x28	  x4:0xffffff91 x28:0x0000071a x25=0x00000000
     108005.000 ns	     10799	800027fc	200e2e53	fsgnjx.s	f28,f28,f0	 f28:0x00000000  f0:0xc3ebffff f28=0x80000000
     108025.000 ns	     10801	80002800	00c0de13	srli	x28,x1,0xc	  x1:0xff000000 x28=0x000ff000
     108045.000 ns	     10803	80002804	a0df22d3	feq.s	x5,f30,f13	 f30:0x7fc00000 f13:0x3f800000  x5=0x00000000
     108075.000 ns	     10806	80002808	f0070b53	fmv.w.x	f22,x14	 x14:0x80041024 f22=0x80041024
     108095.000 ns	     10808	8000280c	007c8f33	add	x30,x25,x7	 x25:0x00000000  x7:0xaed28f91 x30=0xaed28f91
     108105.000 ns	     10809	80002810	008cd533	srl	x10,x25,x8	 x25:0x00000000  x8:0xac3d7000 x10=0x00000000
     108145.000 ns	     10813	80002814	013c81d3	fadd.s	f3,f25,f19	 f25:0x7f800000 f19:0x39a2dfc9  f3=0x7f800000
     108175.000 ns	     10816	80002818	c01f7bd3	fcvt.wu.s	x23,f30	 f30:0x7fc00000 x23=0xffffffff
     108205.000 ns	     10819	8000281c	c006f0d3	fcvt.w.s	x1,f13	 f13:0x3f800000  x1=0x00000001
     108225.000 ns	     10821	80002820	6e51b093	sltiu	x1,x3,1765	  x3:0x00000000  x1=0x00000001
     108235.000 ns	     10822	80002824	a3166493	ori	x9,x12,-1487	 x12:0x00000001  x9=0xfffffa31
     108255.000 ns	     10824	80002828	201692d3	fsgnjn.s	f5,f13,f1	 f13:0x3f800000  f1:0x00000000  f5=0xbf800000
     108275.000 ns	     10826	8000282c	ea86b293	sltiu	x5,x13,-344	 x13:0xe0010409  x5=0x00000001
     108295.000 ns	     10828	80002830	d0080953	fcvt.s.w	f18,x16	 x16:0x00000004 f18=0x40800000
     108325.000 ns	     10831	80002834	29a51f53	fmax.s	f30,f10,f26	 f10:0x00000000 f26:0x80000000 f30=0x00000000
     108695.000 ns	     10868	80002838	02715933	divu	x18,x2,x7	  x2:0x80040fe4  x7:0xaed28f91 x18=0x00000000
     108725.000 ns	     10871	8000283c	d01112d3	fcvt.s.wu	f5,x2	  x2:0x80040fe4  f5=0x4f00040f
     108755.000 ns	     10874	80002840	0326bfb3	mulhu	x31,x13,x18	 x13:0xe0010409 x18:0x00000000 x31=0x00000000
     108785.000 ns	     10877	80002844	03c3bdb3	mulhu	x27,x7,x28	  x7:0xaed28f91 x28:0x000ff000 x27=0x000ae23b
     108805.000 ns	     10879	80002848	c1858993	addi	x19,x11,-1000	 x11:0x00000000 x19=0xfffffc18
     108835.000 ns	     10882	8000284c	1075b953	fmul.s	f18,f11,f7	 f11:0x3cfeebd8  f7:0x34cf4000 f18=0x324e606f
     108865.000 ns	     10885	80002850	c003a253	fcvt.w.s	x4,f7	  f7:0x34cf4000  x4=0x00000000
     108885.000 ns	     10887	80002854	00000013	addi	x0,x0,0	  x0:0x00000000
     108905.000 ns	     10889	80002858	03410e33	mul	x28,x2,x20	  x2:0x80040fe4 x20:0xfffffcc4 x28=0xf2dc9a90
     108955.000 ns	     10894	8000285c	08852253	fsub.s	f4,f10,f8	 f10:0x00000000  f8:0x00000000  f4=0x80000000
     108985.000 ns	     10897	80002860	c00ff653	fcvt.w.s	x12,f31	 f31:0x39a2dfc9 x12=0x00000000
     109005.000 ns	     10899	80002864	007c3033	sltu	x0,x24,x7	 x24:0xffffff91  x7:0xaed28f91
     109015.000 ns	     10900	80002868	7e3402b7	lui	x5,0x7e340	  x5=0x7e340000
     109035.000 ns	     10902	8000286c	e00292d3	fclass.s	x5,f5	  f5:0x4f00040f  x5=0x00000040
     109405.000 ns	     10939	80002870	02ebcdb3	div	x27,x23,x14	 x23:0xffffffff x14:0x80041024 x27=0x00000000
     109435.000 ns	     10942	80002874	c01671d3	fcvt.wu.s	x3,f12	 f12:0x39a2dfc9  x3=0x00000000
     109465.000 ns	     10945	80002878	02d2ae33	mulhsu	x28,x5,x13	  x5:0x00000040 x13:0xe0010409 x28=0x00000038
     109485.000 ns	     10947	8000287c	0098d893	srli	x17,x17,0x9	 x17:0x00000000 x17=0x00000000
     109495.000 ns	     10948	80002880	00a11d13	slli	x26,x2,0xa	  x2:0x80040fe4 x26=0x103f9000
     109505.000 ns	     10949	80002884	34e7b293	sltiu	x5,x15,846	 x15:0x00000000  x5=0x00000001
     109525.000 ns	     10951	80002888	c01eaf53	fcvt.wu.s	x30,f29	 f29:0xc6344f70 x30=0x00002d14
     109545.000 ns	     10953	8000288c	00b9bd33	sltu	x26,x19,x11	 x19:0xfffffc18 x11:0x00000000 x26=0x00000000
     109565.000 ns	     10955	80002890	03afa233	mulhsu	x4,x31,x26	 x31:0x00000000 x26:0x103f9000  x4=0x00000000
     109595.000 ns	     10958	80002894	d00e2b53	fcvt.s.w	f22,x28	 x28:0x00000038 f22=0x42600000
     109965.000 ns	     10995	80002898	0376ce33	div	x28,x13,x23	 x13:0xe0010409 x23:0xffffffff x28=0x1ffefbf7
     109985.000 ns	     10997	8000289c	d1a385b7	lui	x11,0xd1a38	 x11=0xd1a38000
     110005.000 ns	     10999	800028a0	c00cff53	fcvt.w.s	x30,f25	 f25:0x7f800000 x30=0x7fffffff
     110025.000 ns	     11001	800028a4	db93ad93	slti	x27,x7,-583	  x7:0xaed28f91 x27=0x00000001
     110035.000 ns	     11002	800028a8	00519793	slli	x15,x3,0x5	  x3:0x00000000 x15=0x00000000
     110045.000 ns	     11003	800028ac	004ad913	srli	x18,x21,0x4	 x21:0x2a76649e x18=0x02a76649
     110065.000 ns	     11005	800028b0	03ab1933	mulh	x18,x22,x26	 x22:0xfffff88b x26:0x00000000 x18=0x00000000
     110085.000 ns	     11007	800028b4	00107ab3	and	x21,x0,x1	  x0:0x00000000  x1:0x00000001 x21=0x00000000
     110095.000 ns	     11008	800028b8	00000013	addi	x0,x0,0	  x0:0x00000000
     110105.000 ns	     11009	800028bc	4065dc13	srai	x24,x11,0x6	 x11:0xd1a38000 x24=0xff468e00
     110115.000 ns	     11010	800028c0	0005ad33	slt	x26,x11,x0	 x11:0xd1a38000  x0:0x00000000 x26=0x00000001
     110125.000 ns	     11011	800028c4	ed726f93	ori	x31,x4,-297	  x4:0x00000000 x31=0xfffffed7
     110135.000 ns	     11012	800028c8	bbe14793	xori	x15,x2,-1090	  x2:0x80040fe4 x15=0x7ffbf45a
     110145.000 ns	     11013	800028cc	01a75533	srl	x10,x14,x26	 x14:0x80041024 x26:0x00000001 x10=0x40020812
     110155.000 ns	     11014	800028d0	10788793	addi	x15,x17,263	 x17:0x00000000 x15=0x00000107
     110165.000 ns	     11015	800028d4	019a1a33	sll	x20,x20,x25	 x20:0xfffffcc4 x25:0x00000000 x20=0xfffffcc4
     110195.000 ns	     11018	800028d8	11cc75d3	fmul.s	f11,f24,f28	 f24:0x7fc00000 f28:0x80000000 f11=0x7fc00000
     110225.000 ns	     11021	800028dc	023612b3	mulh	x5,x12,x3	 x12:0x00000000  x3:0x00000000  x5=0x00000000
     110595.000 ns	     11058	800028e0	03cd7d33	remu	x26,x26,x28	 x26:0x00000001 x28:0x1ffefbf7 x26=0x00000001
     110625.000 ns	     11061	800028e4	024163b3	rem	x7,x2,x4	  x2:0x80040fe4  x4:0x00000000  x7=0x80040fe4
     110995.000 ns	     11098	800028e8	03a643b3	div	x7,x12,x26	 x12:0x00000000 x26:0x00000001  x7=0x00000000
     111015.000 ns	     11100	800028ec	ed1a2d97	auipc	x27,0xed1a2	 x27=0x6d1a48ec
     111025.000 ns	     11101	800028f0	8f018f13	addi	x30,x3,-1808	  x3:0x00000000 x30=0xfffff8f0
     111045.000 ns	     11103	800028f4	20ed1253	fsgnjn.s	f4,f26,f14	 f26:0x80000000 f14:0x7fc00000  f4=0x80000000
     111065.000 ns	     11105	800028f8	0169abb3	slt	x23,x19,x22	 x19:0xfffffc18 x22:0xfffff88b x23=0x00000000
     111085.000 ns	     11107	800028fc	c005ff53	fcvt.w.s	x30,f11	 f11:0x7fc00000 x30=0x7fffffff
     111105.000 ns	     11109	80002900	8575a393	slti	x7,x11,-1961	 x11:0xd1a38000  x7=0x00000001
     111125.000 ns	     11111	80002904	e00698d3	fclass.s	x17,f13	 f13:0x3f800000 x17=0x00000040
     111175.000 ns	     11116	80002908	0119bbd3	fadd.s	f23,f19,f17	 f19:0x39a2dfc9 f17:0x00000000 f23=0x39a2dfc9
     111225.000 ns	     11121	8000290c	002ac153	fadd.s	f2,f21,f2	 f21:0x7f800000  f2:0x39a2dfc9  f2=0x7f800000
     111245.000 ns	     11123	80002910	8c6ab193	sltiu	x3,x21,-1850	 x21:0x00000000  x3=0x00000001
     111255.000 ns	     11124	80002914	40c3d313	srai	x6,x7,0xc	  x7:0x00000001  x6=0x00000000
     111265.000 ns	     11125	80002918	00dd9933	sll	x18,x27,x13	 x27:0x6d1a48ec x13:0xe0010409 x18=0x3491d800
     111275.000 ns	     11126	8000291c	009474b3	and	x9,x8,x9	  x8:0xac3d7000  x9:0xfffffa31  x9=0xac3d7000
     111285.000 ns	     11127	80002920	00ad8eb3	add	x29,x27,x10	 x27:0x6d1a48ec x10:0x40020812 x29=0xad1c50fe
     111295.000 ns	     11128	80002924	01649d33	sll	x26,x9,x22	  x9:0xfffffa31 x22:0xfffff88b x26=0xeb800000
     111305.000 ns	     11129	80002928	007002b3	add	x5,x0,x7	  x0:0x00000000  x7:0x00000001  x5=0x00000001
     111325.000 ns	     11131	8000292c	02723bb3	mulhu	x23,x4,x7	  x4:0x00000000  x7:0x00000001 x23=0x00000000
     111345.000 ns	     11133	80002930	013857b3	srl	x15,x16,x19	 x16:0x00000004 x19:0xfffffc18 x15=0x00000000
     111365.000 ns	     11135	80002934	c001f653	fcvt.w.s	x12,f3	  f3:0x7f800000 x12=0x7fffffff
     111395.000 ns	     11138	80002938	026d4033	div	x0,x26,x6	 x26:0xeb800000  x6:0x00000000
     111415.000 ns	     11140	8000293c	2ff1d217	auipc	x4,0x2ff1d	  x4=0xaff1f93c
     111435.000 ns	     11142	80002940	a0fe2ed3	feq.s	x29,f28,f15	 f28:0x80000000 f15:0x7fc00000 x29=0x00000000
     111455.000 ns	     11144	80002944	09cdc193	xori	x3,x27,156	 x27:0x6d1a48ec  x3=0x6d1a4870
     111475.000 ns	     11146	80002948	026d16b3	mulh	x13,x26,x6	 x26:0xeb800000  x6:0x00000000 x13=0x00000000
     111505.000 ns	     11149	8000294c	218598d3	fsgnjn.s	f17,f11,f24	 f11:0x7fc00000 f24:0x7fc00000 f17=0xffc00000
     111525.000 ns	     11151	80002950	7d90e093	ori	x1,x1,2009	  x1:0x00000001  x1=0x000007d9
     111535.000 ns	     11152	80002954	00000013	addi	x0,x0,0	  x0:0x00000000
     111545.000 ns	     11153	80002958	006d2633	slt	x12,x26,x6	 x26:0xeb800000  x6:0x00000000 x12=0x00000001
     111555.000 ns	     11154	8000295c	01982333	slt	x6,x16,x25	 x16:0x00000004 x25:0x00000000  x6=0x00000000
     111565.000 ns	     11155	80002960	27f832b7	lui	x5,0x27f83	  x5=0x27f83000
     111575.000 ns	     11156	80002964	00000013	addi	x0,x0,0	  x0:0x00000000
     111585.000 ns	     11157	80002968	002ecf33	xor	x30,x29,x2	 x29:0x00000000  x2:0x80040fe4 x30=0x80040fe4
     111595.000 ns	     11158	8000296c	62a7a793	slti	x15,x15,1578	 x15:0x00000000 x15=0x00000001
     111625.000 ns	     11161	80002970	11414ed3	fmul.s	f29,f2,f20	  f2:0x7f800000 f20:0x7fc00000 f29=0x7fc00000
     111645.000 ns	     11163	80002974	00419433	sll	x8,x3,x4	  x3:0x6d1a4870  x4:0xaff1f93c  x8=0x00000000
     111665.000 ns	     11165	80002978	e00098d3	fclass.s	x17,f1	  f1:0x00000000 x17=0x00000010
     111685.000 ns	     11167	8000297c	09ea6313	ori	x6,x20,158	 x20:0xfffffcc4  x6=0xfffffcde
     111705.000 ns	     11169	80002980	a1c02a53	feq.s	x20,f0,f28	  f0:0xc3ebffff f28:0x80000000 x20=0x00000000
     111735.000 ns	     11172	80002984	0203ca33	div	x20,x7,x0	  x7:0x00000001  x0:0x00000000 x20=0xffffffff
     111765.000 ns	     11175	80002988	287816d3	fmax.s	f13,f16,f7	 f16:0x39a2dfc9  f7:0x34cf4000 f13=0x39a2dfc9
     112135.000 ns	     11212	8000298c	03a54bb3	div	x23,x10,x26	 x10:0x40020812 x26:0xeb800000 x23=0xfffffffd
     112155.000 ns	     11214	80002990	2f8ed037	lui	x0,0x2f8ed	
     112175.000 ns	     11216	80002994	200210d3	fsgnjn.s	f1,f4,f0	  f4:0x80000000  f0:0xc3ebffff  f1=0x00000000
     112195.000 ns	     11218	80002998	00000013	addi	x0,x0,0	  x0:0x00000000
     112205.000 ns	     11219	8000299c	2dedcb93	xori	x23,x27,734	 x27:0x6d1a48ec x23=0x6d1a4a32
     112225.000 ns	     11221	800029a0	c00d7dd3	fcvt.w.s	x27,f26	 f26:0x80000000 x27=0x00000000
     112255.000 ns	     11224	800029a4	f00901d3	fmv.w.x	f3,x18	 x18:0x3491d800  f3=0x3491d800
     112295.000 ns	     11228	800029a8	10377c53	fmul.s	f24,f14,f3	 f14:0x7fc00000  f3:0x7f800000 f24=0x7fc00000
     112315.000 ns	     11230	800029ac	495f76b7	lui	x13,0x495f7	 x13=0x495f7000
     112325.000 ns	     11231	800029b0	d7e27313	andi	x6,x4,-642	  x4:0xaff1f93c  x6=0xaff1f93c
     112355.000 ns	     11234	800029b4	19ea7a53	fdiv.s	f20,f20,f30	 f20:0x7fc00000 f30:0x00000000 f20=0x7fc00000
     112375.000 ns	     11236	800029b8	017b82b3	add	x5,x23,x23	 x23:0x6d1a4a32 x23:0x6d1a4a32  x5=0xda349464
     112395.000 ns	     11238	800029bc	213d9053	fsgnjn.s	f0,f27,f19	 f27:0x7f800000 f19:0x39a2dfc9  f0=0xff800000
     112445.000 ns	     11243	800029c0	00df4453	fadd.s	f8,f30,f13	 f30:0x00000000 f13:0x39a2dfc9  f8=0x39a2dfc9
     112475.000 ns	     11246	800029c4	28b59053	fmax.s	f0,f11,f11	 f11:0x7fc00000 f11:0x7fc00000  f0=0x7fc00000
     112495.000 ns	     11248	800029c8	00000013	addi	x0,x0,0	  x0:0x00000000
     112535.000 ns	     11252	800029cc	08c82bd3	fsub.s	f23,f16,f12	 f16:0x39a2dfc9 f12:0x39a2dfc9 f23=0x80000000
     112565.000 ns	     11255	800029d0	21c41d53	fsgnjn.s	f26,f8,f28	  f8:0x39a2dfc9 f28:0x80000000 f26=0x39a2dfc9
     112595.000 ns	     11258	800029d4	025c81b3	mul	x3,x25,x5	 x25:0x00000000  x5:0xda349464  x3=0x00000000
     112625.000 ns	     11261	800029d8	0270b933	mulhu	x18,x1,x7	  x1:0x000007d9  x7:0x00000001 x18=0x00000000
     112665.000 ns	     11265	800029dc	580c2453	fsqrt.s	f8,f24	 f24:0x7fc00000  f8=0x7fc00000
     112695.000 ns	     11268	800029e0	29e593d3	fmax.s	f7,f11,f30	 f11:0x7fc00000 f30:0x00000000  f7=0x00000000
     112725.000 ns	     11271	800029e4	d00902d3	fcvt.s.w	f5,x18	 x18:0x00000000  f5=0x00000000
     112755.000 ns	     11274	800029e8	213180d3	fsgnj.s	f1,f3,f19	  f3:0x3491d800 f19:0x39a2dfc9  f1=0x3491d800
     112805.000 ns	     11279	800029ec	09f17e53	fsub.s	f28,f2,f31	  f2:0x7f800000 f31:0x39a2dfc9 f28=0x7f800000
     112825.000 ns	     11281	800029f0	41ad0fb3	sub	x31,x26,x26	 x26:0xeb800000 x26:0xeb800000 x31=0x00000000
     112855.000 ns	     11284	800029f4	190ef5d3	fdiv.s	f11,f29,f16	 f29:0x7fc00000 f16:0x39a2dfc9 f11=0x7fc00000
     113225.000 ns	     11321	800029f8	02a45ab3	divu	x21,x8,x10	  x8:0x00000000 x10:0x40020812 x21=0x00000000
     113255.000 ns	     11324	800029fc	a1018053	fle.s	x0,f3,f16	  f3:0x3491d800 f16:0x39a2dfc9
     113275.000 ns	     11326	80002a00	01e15d33	srl	x26,x2,x30	  x2:0x80040fe4 x30:0x80040fe4 x26=0x080040fe
     113295.000 ns	     11328	80002a04	210c13d3	fsgnjn.s	f7,f24,f16	 f24:0x7fc00000 f16:0x39a2dfc9  f7=0xffc00000
     113325.000 ns	     11331	80002a08	a1df0553	fle.s	x10,f30,f29	 f30:0x00000000 f29:0x7fc00000 x10=0x00000000
     113375.000 ns	     11336	80002a0c	08927553	fsub.s	f10,f4,f9	  f4:0x80000000  f9:0x7fc00000 f10=0x7fc00000
     113405.000 ns	     11339	80002a10	210c1153	fsgnjn.s	f2,f24,f16	 f24:0x7fc00000 f16:0x39a2dfc9  f2=0xffc00000
     113435.000 ns	     11342	80002a14	21269ad3	fsgnjn.s	f21,f13,f18	 f13:0x39a2dfc9 f18:0x324e606f f21=0xb9a2dfc9
     113475.000 ns	     11346	80002a18	18a242d3	fdiv.s	f5,f4,f10	  f4:0x80000000 f10:0x7fc00000  f5=0x7fc00000
     113505.000 ns	     11349	80002a1c	03f0fc33	remu	x24,x1,x31	  x1:0x000007d9 x31:0x00000000 x24=0x000007d9
     113535.000 ns	     11352	80002a20	28b19f53	fmax.s	f30,f3,f11	  f3:0x3491d800 f11:0x7fc00000 f30=0x3491d800
     113565.000 ns	     11355	80002a24	0357ad33	mulhsu	x26,x15,x21	 x15:0x00000001 x21:0x00000000 x26=0x00000000
     113595.000 ns	     11358	80002a28	a1f48f53	fle.s	x30,f9,f31	  f9:0x7fc00000 f31:0x39a2dfc9 x30=0x00000000
     113625.000 ns	     11361	80002a2c	d007a3d3	fcvt.s.w	f7,x15	 x15:0x00000001  f7=0x3f800000
     113665.000 ns	     11365	80002a30	114d8b53	fmul.s	f22,f27,f20	 f27:0x7f800000 f20:0x7fc00000 f22=0x7fc00000
     113695.000 ns	     11368	80002a34	c01f1f53	fcvt.wu.s	x30,f30	 f30:0x3491d800 x30=0x00000000
     113715.000 ns	     11370	80002a38	9726bc13	sltiu	x24,x13,-1678	 x13:0x495f7000 x24=0x00000001
     113725.000 ns	     11371	80002a3c	015b6cb3	or	x25,x22,x21	 x22:0xfffff88b x21:0x00000000 x25=0xfffff88b
     113745.000 ns	     11373	80002a40	20660cd3	fsgnj.s	f25,f12,f6	 f12:0x39a2dfc9  f6:0x7fc00000 f25=0x39a2dfc9
     113775.000 ns	     11376	80002a44	20459553	fsgnjn.s	f10,f11,f4	 f11:0x7fc00000  f4:0x80000000 f10=0x7fc00000
     113795.000 ns	     11378	80002a48	2ed23613	sltiu	x12,x4,749	  x4:0xaff1f93c x12=0x00000000
     113805.000 ns	     11379	80002a4c	a0a06b17	auipc	x22,0xa0a06	 x22=0x20a08a4c
     113825.000 ns	     11381	80002a50	c00c40d3	fcvt.w.s	x1,f24	 f24:0x7fc00000  x1=0x7fffffff
     113855.000 ns	     11384	80002a54	a0a49cd3	flt.s	x25,f9,f10	  f9:0x7fc00000 f10:0x7fc00000 x25=0x00000000
     113875.000 ns	     11386	80002a58	01372e33	slt	x28,x14,x19	 x14:0x80041024 x19:0xfffffc18 x28=0x00000001
     113895.000 ns	     11388	80002a5c	280f8a53	fmin.s	f20,f31,f0	 f31:0x39a2dfc9  f0:0x7fc00000 f20=0x39a2dfc9
     113925.000 ns	     11391	80002a60	e00e1bd3	fclass.s	x23,f28	 f28:0x7f800000 x23=0x00000080
     113955.000 ns	     11394	80002a64	285510d3	fmax.s	f1,f10,f5	 f10:0x7fc00000  f5:0x7fc00000  f1=0x7fc00000
     113985.000 ns	     11397	80002a68	d015fbd3	fcvt.s.wu	f23,x11	 x11:0xd1a38000 f23=0x4f51a380
     114015.000 ns	     11400	80002a6c	020021b3	mulhsu	x3,x0,x0	  x0:0x00000000  x0:0x00000000  x3=0x00000000
     114045.000 ns	     11403	80002a70	a17e81d3	fle.s	x3,f29,f23	 f29:0x7fc00000 f23:0x4f51a380  x3=0x00000000
     114075.000 ns	     11406	80002a74	a05cafd3	feq.s	x31,f25,f5	 f25:0x39a2dfc9  f5:0x7fc00000 x31=0x00000000
     114105.000 ns	     11409	80002a78	03244bb3	div	x23,x8,x18	  x8:0x00000000 x18:0x00000000 x23=0xffffffff
     114125.000 ns	     11411	80002a7c	02505f17	auipc	x30,0x2505	 x30=0x82507a7c
     114485.000 ns	     11447	80002a80	029252b3	divu	x5,x4,x9	  x4:0xaff1f93c  x9:0xac3d7000  x5=0x00000001
     114505.000 ns	     11449	80002a84	00c160b3	or	x1,x2,x12	  x2:0x80040fe4 x12:0x00000000  x1=0x80040fe4
     114525.000 ns	     11451	80002a88	d0144dd3	fcvt.s.wu	f27,x8	  x8:0x00000000 f27=0x00000000
     114555.000 ns	     11454	80002a8c	a1a0ad53	feq.s	x26,f1,f26	  f1:0x7fc00000 f26:0x39a2dfc9 x26=0x00000000
     114605.000 ns	     11459	80002a90	00572ad3	fadd.s	f21,f14,f5	 f14:0x7fc00000  f5:0x7fc00000 f21=0x7fc00000
     114635.000 ns	     11462	80002a94	e0021dd3	fclass.s	x27,f4	  f4:0x80000000 x27=0x00000008
     114675.000 ns	     11466	80002a98	113648d3	fmul.s	f17,f12,f19	 f12:0x39a2dfc9 f19:0x39a2dfc9 f17=0x33cf3ffc
     114695.000 ns	     11468	80002a9c	4573ae13	slti	x28,x7,1111	  x7:0x00000001 x28=0x00000001
     115055.000 ns	     11504	80002aa0	03bb4bb3	div	x23,x22,x27	 x22:0x20a08a4c x27:0x00000008 x23=0x04141149
     115075.000 ns	     11506	80002aa4	01f580b3	add	x1,x11,x31	 x11:0xd1a38000 x31:0x00000000  x1=0xd1a38000
     115085.000 ns	     11507	80002aa8	00b48f33	add	x30,x9,x11	  x9:0xac3d7000 x11:0xd1a38000 x30=0x7de0f000
     115105.000 ns	     11509	80002aac	0308a8b3	mulhsu	x17,x17,x16	 x17:0x00000010 x16:0x00000004 x17=0x00000000
     115155.000 ns	     11514	80002ab0	0060b053	fadd.s	f0,f1,f6	  f1:0x7fc00000  f6:0x7fc00000  f0=0x7fc00000
     115175.000 ns	     11516	80002ab4	08670013	addi	x0,x14,134	 x14:0x80041024
     115205.000 ns	     11519	80002ab8	580174d3	fsqrt.s	f9,f2	  f2:0xffc00000  f9=0x7fc00000
     115255.000 ns	     11524	80002abc	009f9f53	fadd.s	f30,f31,f9	 f31:0x39a2dfc9  f9:0x7fc00000 f30=0x7fc00000
     115295.000 ns	     11528	80002ac0	10df7bd3	fmul.s	f23,f30,f13	 f30:0x3491d800 f13:0x39a2dfc9 f23=0x7fc00000
     115325.000 ns	     11531	80002ac4	037b17b3	mulh	x15,x22,x23	 x22:0x20a08a4c x23:0x04141149 x15=0x008510e7
     115365.000 ns	     11535	80002ac8	11109f53	fmul.s	f30,f1,f17	  f1:0x7fc00000 f17:0x33cf3ffc f30=0x7fc00000
     115385.000 ns	     11537	80002acc	0139c5b3	xor	x11,x19,x19	 x19:0xfffffc18 x19:0xfffffc18 x11=0x00000000
     115395.000 ns	     11538	80002ad0	01615693	srli	x13,x2,0x16	  x2:0x80040fe4 x13=0x00000200
     115405.000 ns	     11539	80002ad4	00607ab3	and	x21,x0,x6	  x0:0x00000000  x6:0xaff1f93c x21=0x00000000
     115425.000 ns	     11541	80002ad8	03d9a433	mulhsu	x8,x19,x29	 x19:0xfffffc18 x29:0x00000000  x8=0x00000000
     115445.000 ns	     11543	80002adc	00731f13	slli	x30,x6,0x7	  x6:0xaff1f93c x30=0xf8fc9e00
     115455.000 ns	     11544	80002ae0	000047b3	xor	x15,x0,x0	  x0:0x00000000  x0:0x00000000 x15=0x00000000
     115485.000 ns	     11547	80002ae4	18cb7fd3	fdiv.s	f31,f22,f12	 f22:0x7fc00000 f12:0x39a2dfc9 f31=0x7fc00000
     115525.000 ns	     11551	80002ae8	11b8cc53	fmul.s	f24,f17,f27	 f17:0x33cf3ffc f27:0x00000000 f24=0x00000000
     115895.000 ns	     11588	80002aec	030563b3	rem	x7,x10,x16	 x10:0x00000000 x16:0x00000004  x7=0x00000000
     115915.000 ns	     11590	80002af0	0037e033	or	x0,x15,x3	 x15:0x00000000  x3:0x00000000
     115935.000 ns	     11592	80002af4	03adeb33	rem	x22,x27,x26	 x27:0x00000008 x26:0x00000000 x22=0x00000008
     115965.000 ns	     11595	80002af8	295a88d3	fmin.s	f17,f21,f21	 f21:0x7fc00000 f21:0x7fc00000 f17=0x7fc00000
     115995.000 ns	     11598	80002afc	02348333	mul	x6,x9,x3	  x9:0xac3d7000  x3:0x00000000  x6=0x00000000
     116025.000 ns	     11601	80002b00	e00e84d3	fmv.x.w	x9,f29	 f29:0x7fc00000  x9=0x7fc00000
     116055.000 ns	     11604	80002b04	a1e10053	fle.s	x0,f2,f30	  f2:0xffc00000 f30:0x7fc00000
     116085.000 ns	     11607	80002b08	e0020bd3	fmv.x.w	x23,f4	  f4:0x80000000 x23=0x80000000
     117265.000 ns	     11725	80002b0c	580d0a53	fsqrt.s	f20,f26	 f26:0x39a2dfc9 f20=0x3c106329
     117285.000 ns	     11727	80002b10	c6babe13	sltiu	x28,x21,-917	 x21:0x00000000 x28=0x00000001
     117645.000 ns	     11763	80002b14	0363f633	remu	x12,x7,x22	  x7:0x00000000 x22:0x00000008 x12=0x00000000
     117695.000 ns	     11768	80002b18	017828d3	fadd.s	f17,f16,f23	 f16:0x39a2dfc9 f23:0x7fc00000 f17=0x7fc00000
     117715.000 ns	     11770	80002b1c	014509b3	add	x19,x10,x20	 x10:0x00000000 x20:0xffffffff x19=0xffffffff
     117725.000 ns	     11771	80002b20	bba4ac93	slti	x25,x9,-1094	  x9:0x7fc00000 x25=0x00000000
     117745.000 ns	     11773	80002b24	20c3af53	fsgnjx.s	f30,f7,f12	  f7:0x3f800000 f12:0x39a2dfc9 f30=0x3f800000
     117775.000 ns	     11776	80002b28	21939953	fsgnjn.s	f18,f7,f25	  f7:0x3f800000 f25:0x39a2dfc9 f18=0xbf800000
     117795.000 ns	     11778	80002b2c	41da0233	sub	x4,x20,x29	 x20:0xffffffff x29:0x00000000  x4=0xffffffff
     117805.000 ns	     11779	80002b30	405f0b33	sub	x22,x30,x5	 x30:0xf8fc9e00  x5:0x00000001 x22=0xf8fc9dff
     117845.000 ns	     11783	80002b34	093f94d3	fsub.s	f9,f31,f19	 f31:0x7fc00000 f19:0x39a2dfc9  f9=0x7fc00000
     118215.000 ns	     11820	80002b38	0303d3b3	divu	x7,x7,x16	  x7:0x00000000 x16:0x00000004  x7=0x00000000
     118235.000 ns	     11822	80002b3c	01a5f2b3	and	x5,x11,x26	 x11:0x00000000 x26:0x00000000  x5=0x00000000
     118255.000 ns	     11824	80002b40	c001a353	fcvt.w.s	x6,f3	  f3:0x3491d800  x6=0x00000000
     118275.000 ns	     11826	80002b44	b5332537	lui	x10,0xb5332	 x10=0xb5332000
     118285.000 ns	     11827	80002b48	cb608f93	addi	x31,x1,-842	  x1:0xd1a38000 x31=0xd1a37cb6
     118295.000 ns	     11828	80002b4c	41e55a93	srai	x21,x10,0x1e	 x10:0x00000000 x21=0xfffffffe
     118305.000 ns	     11829	80002b50	00cc8233	add	x4,x25,x12	 x25:0x00000000 x12:0x00000000  x4=0x00000000
     118325.000 ns	     11831	80002b54	210da0d3	fsgnjx.s	f1,f27,f16	 f27:0x00000000 f16:0x39a2dfc9  f1=0x00000000
     118355.000 ns	     11834	80002b58	20d403d3	fsgnj.s	f7,f8,f13	  f8:0x7fc00000 f13:0x39a2dfc9  f7=0x7fc00000
     118385.000 ns	     11837	80002b5c	f00f8653	fmv.w.x	f12,x31	 x31:0xd1a37cb6 f12=0xd1a37cb6
     118415.000 ns	     11840	80002b60	02f77eb3	remu	x29,x14,x15	 x14:0x80041024 x15:0x00000000 x29=0x80041024
     118445.000 ns	     11843	80002b64	21729cd3	fsgnjn.s	f25,f5,f23	  f5:0x7fc00000 f23:0x7fc00000 f25=0xffc00000
     118475.000 ns	     11846	80002b68	d003a3d3	fcvt.s.w	f7,x7	  x7:0x00000000  f7=0x00000000
     118495.000 ns	     11848	80002b6c	01ce66b3	or	x13,x28,x28	 x28:0x00000001 x28:0x00000001 x13=0x00000001
     118505.000 ns	     11849	80002b70	0140a6b3	slt	x13,x1,x20	  x1:0xd1a38000 x20:0xffffffff x13=0x00000001
     118515.000 ns	     11850	80002b74	85873eb7	lui	x29,0x85873	 x29=0x85873000
     118555.000 ns	     11854	80002b78	012c7253	fadd.s	f4,f24,f18	 f24:0x00000000 f18:0xbf800000  f4=0xbf800000
     118585.000 ns	     11857	80002b7c	d01519d3	fcvt.s.wu	f19,x10	 x10:0xb5332000 f19=0x4f353320
     118605.000 ns	     11859	80002b80	0189c933	xor	x18,x19,x24	 x19:0xffffffff x24:0x00000001 x18=0xfffffffe
     118635.000 ns	     11862	80002b84	11c774d3	fmul.s	f9,f14,f28	 f14:0x7fc00000 f28:0x7f800000  f9=0x7fc00000
     118665.000 ns	     11865	80002b88	217a85d3	fsgnj.s	f11,f21,f23	 f21:0x7fc00000 f23:0x7fc00000 f11=0x7fc00000
     118695.000 ns	     11868	80002b8c	21f61f53	fsgnjn.s	f30,f12,f31	 f12:0xd1a37cb6 f31:0x7fc00000 f30=0xd1a37cb6
     118715.000 ns	     11870	80002b90	4043b197	auipc	x3,0x4043b	  x3=0xc043db90
     118725.000 ns	     11871	80002b94	019640b3	xor	x1,x12,x25	 x12:0x00000000 x25:0x00000000  x1=0x00000000
     118745.000 ns	     11873	80002b98	02ada8b3	mulhsu	x17,x27,x10	 x27:0x00000008 x10:0xb5332000 x17=0x00000005
     118775.000 ns	     11876	80002b9c	027d6d33	rem	x26,x26,x7	 x26:0x00000000  x7:0x00000000 x26=0x00000000
     118795.000 ns	     11878	80002ba0	7667f913	andi	x18,x15,1894	 x15:0x00000000 x18=0x00000000
     118805.000 ns	     11879	80002ba4	00d51ab3	sll	x21,x10,x13	 x10:0xb5332000 x13:0x00000001 x21=0x6a664000
     118815.000 ns	     11880	80002ba8	82a2e493	ori	x9,x5,-2006	  x5:0x00000000  x9=0xfffff82a
     118825.000 ns	     11881	80002bac	009e2033	slt	x0,x28,x9	 x28:0x00000001  x9:0x7fc00000
     118835.000 ns	     11882	80002bb0	01383533	sltu	x10,x16,x19	 x16:0x00000004 x19:0xffffffff x10=0x00000001
     118845.000 ns	     11883	80002bb4	d7a86393	ori	x7,x16,-646	 x16:0x00000004  x7=0xfffffd7e
     118865.000 ns	     11885	80002bb8	21bc9f53	fsgnjn.s	f30,f25,f27	 f25:0xffc00000 f27:0x00000000 f30=0xffc00000
     118895.000 ns	     11888	80002bbc	a10d11d3	flt.s	x3,f26,f16	 f26:0x39a2dfc9 f16:0x39a2dfc9  x3=0x00000000
     118915.000 ns	     11890	80002bc0	d60c6037	lui	x0,0xd60c6	
     118935.000 ns	     11892	80002bc4	032610b3	mulh	x1,x12,x18	 x12:0x00000000 x18:0x00000000  x1=0x00000000
     118965.000 ns	     11895	80002bc8	21a18653	fsgnj.s	f12,f3,f26	  f3:0x3491d800 f26:0x39a2dfc9 f12=0x3491d800
     118985.000 ns	     11897	80002bcc	0186d993	srli	x19,x13,0x18	 x13:0x00000001 x19=0x00000000
     119005.000 ns	     11899	80002bd0	a01b9e53	flt.s	x28,f23,f1	 f23:0x7fc00000  f1:0x00000000 x28=0x00000000
     119025.000 ns	     11901	80002bd4	41128033	sub	x0,x5,x17	  x5:0x00000000 x17:0x00000005
     119035.000 ns	     11902	80002bd8	419789b3	sub	x19,x15,x25	 x15:0x00000000 x25:0x00000000 x19=0x00000000
     119045.000 ns	     11903	80002bdc	1954ef13	ori	x30,x9,405	  x9:0xfffff82a x30=0xfffff9bf
     119055.000 ns	     11904	80002be0	013f2033	slt	x0,x30,x19	 x30:0xf8fc9e00 x19:0x00000000
     119075.000 ns	     11906	80002be4	a1f02dd3	feq.s	x27,f0,f31	  f0:0x7fc00000 f31:0x7fc00000 x27=0x00000000
     119095.000 ns	     11908	80002be8	019e8db3	add	x27,x29,x25	 x29:0x85873000 x25:0x00000000 x27=0x85873000
     119105.000 ns	     11909	80002bec	000ac9b3	xor	x19,x21,x0	 x21:0x6a664000  x0:0x00000000 x19=0x6a664000
     119115.000 ns	     11910	80002bf0	01826233	or	x4,x4,x24	  x4:0x00000000 x24:0x00000001  x4=0x00000001
     119135.000 ns	     11912	80002bf4	03afc7b3	div	x15,x31,x26	 x31:0xd1a37cb6 x26:0x00000000 x15=0xffffffff
     119165.000 ns	     11915	80002bf8	021804b3	mul	x9,x16,x1	 x16:0x00000004  x1:0x00000000  x9=0x00000000
     119195.000 ns	     11918	80002bfc	026a8933	mul	x18,x21,x6	 x21:0x6a664000  x6:0x00000000 x18=0x00000000
     119225.000 ns	     11921	80002c00	d00c87d3	fcvt.s.w	f15,x25	 x25:0x00000000 f15=0x00000000
     119255.000 ns	     11924	80002c04	20189f53	fsgnjn.s	f30,f17,f1	 f17:0x7fc00000  f1:0x00000000 f30=0xffc00000
     119275.000 ns	     11926	80002c08	cfce61b7	lui	x3,0xcfce6	  x3=0xcfce6000
     119305.000 ns	     11929	80002c0c	108c88d3	fmul.s	f17,f25,f8	 f25:0xffc00000  f8:0x7fc00000 f17=0x7fc00000
     119325.000 ns	     11931	80002c10	01fabeb3	sltu	x29,x21,x31	 x21:0x6a664000 x31:0xd1a37cb6 x29=0x00000001
     119345.000 ns	     11933	80002c14	a0b50e53	fle.s	x28,f10,f11	 f10:0x7fc00000 f11:0x7fc00000 x28=0x00000000
     119365.000 ns	     11935	80002c18	01f821b3	slt	x3,x16,x31	 x16:0x00000004 x31:0xd1a37cb6  x3=0x00000000
     119375.000 ns	     11936	80002c1c	1b49fe13	andi	x28,x19,436	 x19:0x6a664000 x28=0x00000000
     119385.000 ns	     11937	80002c20	0009fd33	and	x26,x19,x0	 x19:0x6a664000  x0:0x00000000 x26=0x00000000
     119395.000 ns	     11938	80002c24	cfdd8213	addi	x4,x27,-771	 x27:0x85873000  x4=0x85872cfd
     119405.000 ns	     11939	80002c28	00d91313	slli	x6,x18,0xd	 x18:0x00000000  x6=0x00000000
     119765.000 ns	     11975	80002c2c	036adeb3	divu	x29,x21,x22	 x21:0x6a664000 x22:0xf8fc9dff x29=0x00000000
     119785.000 ns	     11977	80002c30	57c05097	auipc	x1,0x57c05	  x1=0xd7c07c30
     120145.000 ns	     12013	80002c34	02eb5333	divu	x6,x22,x14	 x22:0xf8fc9dff x14:0x80041024  x6=0x00000001
     120165.000 ns	     12015	80002c38	9e192493	slti	x9,x18,-1567	 x18:0x00000000  x9=0x00000000
     120175.000 ns	     12016	80002c3c	0044feb3	and	x29,x9,x4	  x9:0x00000000  x4:0x85872cfd x29=0x00000000
     121345.000 ns	     12133	80002c40	580a78d3	fsqrt.s	f17,f20	 f20:0x3c106329 f17=0x3d4c312e
     121365.000 ns	     12135	80002c44	00000013	addi	x0,x0,0	  x0:0x00000000
     121375.000 ns	     12136	80002c48	659b3013	sltiu	x0,x22,1625	 x22:0xf8fc9dff
     121385.000 ns	     12137	80002c4c	4088ddb3	sra	x27,x17,x8	 x17:0x00000005  x8:0x00000000 x27=0x00000005
     121745.000 ns	     12173	80002c50	034a7ab3	remu	x21,x20,x20	 x20:0xffffffff x20:0xffffffff x21=0x00000000
     121765.000 ns	     12175	80002c54	dc016f13	ori	x30,x2,-576	  x2:0x80040fe4 x30=0xffffffe4
     121785.000 ns	     12177	80002c58	20e41ed3	fsgnjn.s	f29,f8,f14	  f8:0x7fc00000 f14:0x7fc00000 f29=0xffc00000
     121825.000 ns	     12181	80002c5c	185919d3	fdiv.s	f19,f18,f5	 f18:0xbf800000  f5:0x7fc00000 f19=0x7fc00000
     121855.000 ns	     12184	80002c60	2048a4d3	fsgnjx.s	f9,f17,f4	 f17:0x3d4c312e  f4:0xbf800000  f9=0xbd4c312e
     121885.000 ns	     12187	80002c64	216b20d3	fsgnjx.s	f1,f22,f22	 f22:0x7fc00000 f22:0x7fc00000  f1=0x7fc00000
     121905.000 ns	     12189	80002c68	01271a93	slli	x21,x14,0x12	 x14:0x80041024 x21=0x40900000
     121925.000 ns	     12191	80002c6c	c004bed3	fcvt.w.s	x29,f9	  f9:0xbd4c312e x29=0x00000000
     121945.000 ns	     12193	80002c70	4a3a48b7	lui	x17,0x4a3a4	 x17=0x4a3a4000
     121975.000 ns	     12196	80002c74	580104d3	fsqrt.s	f9,f2	  f2:0xffc00000  f9=0x7fc00000
     122005.000 ns	     12199	80002c78	20fc2a53	fsgnjx.s	f20,f24,f15	 f24:0x00000000 f15:0x00000000 f20=0x00000000
     122035.000 ns	     12202	80002c7c	02fe35b3	mulhu	x11,x28,x15	 x28:0x00000000 x15:0xffffffff x11=0x00000000
     122075.000 ns	     12206	80002c80	1025f9d3	fmul.s	f19,f11,f2	 f11:0x7fc00000  f2:0xffc00000 f19=0x7fc00000
     122125.000 ns	     12211	80002c84	01917453	fadd.s	f8,f2,f25	  f2:0xffc00000 f25:0xffc00000  f8=0x7fc00000
     122155.000 ns	     12214	80002c88	03f83bb3	mulhu	x23,x16,x31	 x16:0x00000004 x31:0xd1a37cb6 x23=0x00000003
     122175.000 ns	     12216	80002c8c	01fbf0b3	and	x1,x23,x31	 x23:0x80000000 x31:0xd1a37cb6  x1=0x00000002
     122185.000 ns	     12217	80002c90	0127d793	srli	x15,x15,0x12	 x15:0xffffffff x15=0x00003fff
     122205.000 ns	     12219	80002c94	a1c926d3	feq.s	x13,f18,f28	 f18:0xbf800000 f28:0x7f800000 x13=0x00000000
     122235.000 ns	     12222	80002c98	e00704d3	fmv.x.w	x9,f14	 f14:0x7fc00000  x9=0x7fc00000
     122265.000 ns	     12225	80002c9c	023db2b3	mulhu	x5,x27,x3	 x27:0x00000005  x3:0x00000000  x5=0x00000000
     122295.000 ns	     12228	80002ca0	020b6a33	rem	x20,x22,x0	 x22:0xf8fc9dff  x0:0x00000000 x20=0xf8fc9dff
     122325.000 ns	     12231	80002ca4	02f63e33	mulhu	x28,x12,x15	 x12:0x00000000 x15:0x00003fff x28=0x00000000
     122355.000 ns	     12234	80002ca8	282a1bd3	fmax.s	f23,f20,f2	 f20:0x00000000  f2:0xffc00000 f23=0x00000000
     122375.000 ns	     12236	80002cac	41f0d293	srai	x5,x1,0x1f	  x1:0x00000002  x5=0x00000000
     122385.000 ns	     12237	80002cb0	007b78b3	and	x17,x22,x7	 x22:0xf8fc9dff  x7:0xfffffd7e x17=0xf8fc9d7e
     122745.000 ns	     12273	80002cb4	030efa33	remu	x20,x29,x16	 x29:0x00000000 x16:0x00000004 x20=0x00000000
     122775.000 ns	     12276	80002cb8	038392b3	mulh	x5,x7,x24	  x7:0xfffffd7e x24:0x00000001  x5=0xffffffff
     122795.000 ns	     12278	80002cbc	0115be33	sltu	x28,x11,x17	 x11:0x00000000 x17:0xf8fc9d7e x28=0x00000001
     122835.000 ns	     12282	80002cc0	012d3653	fadd.s	f12,f26,f18	 f26:0x39a2dfc9 f18:0xbf800000 f12=0xbf7feba4
     122865.000 ns	     12285	80002cc4	c014ac53	fcvt.wu.s	x24,f9	  f9:0x7fc00000 x24=0xffffffff
     122895.000 ns	     12288	80002cc8	f0030253	fmv.w.x	f4,x6	  x6:0x00000001  f4=0x00000001
     122915.000 ns	     12290	80002ccc	41b80933	sub	x18,x16,x27	 x16:0x00000004 x27:0x00000005 x18=0xffffffff
     122955.000 ns	     12294	80002cd0	0808bcd3	fsub.s	f25,f17,f0	 f17:0x3d4c312e  f0:0x7fc00000 f25=0x7fc00000
     122995.000 ns	     12298	80002cd4	19f63e53	fdiv.s	f28,f12,f31	 f12:0xbf7feba4 f31:0x7fc00000 f28=0x7fc00000
     123025.000 ns	     12301	80002cd8	c0157d53	fcvt.wu.s	x26,f10	 f10:0x7fc00000 x26=0xffffffff
     123045.000 ns	     12303	80002cdc	96146a17	auipc	x20,0x96146	 x20=0x16148cdc
     123075.000 ns	     12306	80002ce0	580c7553	fsqrt.s	f10,f24	 f24:0x00000000 f10=0x00000000
     123445.000 ns	     12343	80002ce4	024a6433	rem	x8,x20,x4	 x20:0x00000000  x4:0x85872cfd  x8=0x16148cdc
     123465.000 ns	     12345	80002ce8	01478533	add	x10,x15,x20	 x15:0x00003fff x20:0x16148cdc x10=0x1614ccdb
     123475.000 ns	     12346	80002cec	40dc5213	srai	x4,x24,0xd	 x24:0xffffffff  x4=0xffffffff
     123485.000 ns	     12347	80002cf0	0126db93	srli	x23,x13,0x12	 x13:0x00000000 x23=0x00000000
     123495.000 ns	     12348	80002cf4	006e5233	srl	x4,x28,x6	 x28:0x00000001  x6:0x00000001  x4=0x00000000
     123505.000 ns	     12349	80002cf8	e6a7c9b7	lui	x19,0xe6a7c	 x19=0xe6a7c000
     123525.000 ns	     12351	80002cfc	20722053	fsgnjx.s	f0,f4,f7	  f4:0x00000001  f7:0x00000000  f0=0x00000001
     123545.000 ns	     12353	80002d00	0055fe33	and	x28,x11,x5	 x11:0x00000000  x5:0xffffffff x28=0x00000000
     123565.000 ns	     12355	80002d04	02d28033	mul	x0,x5,x13	  x5:0xffffffff x13:0x00000000
     123595.000 ns	     12358	80002d08	02c586b3	mul	x13,x11,x12	 x11:0x00000000 x12:0x00000000 x13=0x00000000
     123615.000 ns	     12360	80002d0c	4019dc33	sra	x24,x19,x1	 x19:0xe6a7c000  x1:0x00000002 x24=0xf9a9f000
     123635.000 ns	     12362	80002d10	d0059053	fcvt.s.w	f0,x11	 x11:0x00000000  f0=0x00000000
     123685.000 ns	     12367	80002d14	0996f3d3	fsub.s	f7,f13,f25	 f13:0x39a2dfc9 f25:0x7fc00000  f7=0x7fc00000
     123715.000 ns	     12370	80002d18	020769b3	rem	x19,x14,x0	 x14:0x80041024  x0:0x00000000 x19=0x80041024
     123735.000 ns	     12372	80002d1c	00000013	addi	x0,x0,0	  x0:0x00000000
     123755.000 ns	     12374	80002d20	f00589d3	fmv.w.x	f19,x11	 x11:0x00000000 f19=0x00000000
     123775.000 ns	     12376	80002d24	c77b3493	sltiu	x9,x22,-905	 x22:0xf8fc9dff  x9=0x00000001
     123795.000 ns	     12378	80002d28	0270a933	mulhsu	x18,x1,x7	  x1:0x00000002  x7:0xfffffd7e x18=0x00000001
     123825.000 ns	     12381	80002d2c	d016c4d3	fcvt.s.wu	f9,x13	 x13:0x00000000  f9=0x00000000
     123845.000 ns	     12383	80002d30	57702193	slti	x3,x0,1399	  x0:0x00000000  x3=0x00000001
     124205.000 ns	     12419	80002d34	021bee33	rem	x28,x23,x1	 x23:0x00000000  x1:0x00000002 x28=0x00000000
     124245.000 ns	     12423	80002d38	580f2753	fsqrt.s	f14,f30	 f30:0xffc00000 f14=0x7fc00000
     124275.000 ns	     12426	80002d3c	a10ca653	feq.s	x12,f25,f16	 f25:0x7fc00000 f16:0x39a2dfc9 x12=0x00000000
     124295.000 ns	     12428	80002d40	8789ea93	ori	x21,x19,-1928	 x19:0x80041024 x21=0xfffff87c
     125385.000 ns	     12537	80002d44	580844d3	fsqrt.s	f9,f16	 f16:0x39a2dfc9  f9=0x3c106329
     125415.000 ns	     12540	80002d48	21c11cd3	fsgnjn.s	f25,f2,f28	  f2:0xffc00000 f28:0x7fc00000 f25=0xffc00000
     125435.000 ns	     12542	80002d4c	0106bd33	sltu	x26,x13,x16	 x13:0x00000000 x16:0x00000004 x26=0x00000001
     125455.000 ns	     12544	80002d50	a1b5add3	feq.s	x27,f11,f27	 f11:0x7fc00000 f27:0x00000000 x27=0x00000000
     125485.000 ns	     12547	80002d54	a18f8fd3	fle.s	x31,f31,f24	 f31:0x7fc00000 f24:0x00000000 x31=0x00000000
     125525.000 ns	     12551	80002d58	11bcf6d3	fmul.s	f13,f25,f27	 f25:0xffc00000 f27:0x00000000 f13=0x7fc00000
     125565.000 ns	     12555	80002d5c	18b0f153	fdiv.s	f2,f1,f11	  f1:0x7fc00000 f11:0x7fc00000  f2=0x7fc00000
     125585.000 ns	     12557	80002d60	08040693	addi	x13,x8,128	  x8:0x16148cdc x13=0x16148d5c
     125595.000 ns	     12558	80002d64	00000013	addi	x0,x0,0	  x0:0x00000000
     125605.000 ns	     12559	80002d68	8b761f37	lui	x30,0x8b761	 x30=0x8b761000
     125625.000 ns	     12561	80002d6c	28c803d3	fmin.s	f7,f16,f12	 f16:0x39a2dfc9 f12:0xbf7feba4  f7=0xbf7feba4
     125645.000 ns	     12563	80002d70	40e25c13	srai	x24,x4,0xe	  x4:0x00000000 x24=0x00000000
     125655.000 ns	     12564	80002d74	008fa033	slt	x0,x31,x8	 x31:0x00000000  x8:0x16148cdc
     125665.000 ns	     12565	80002d78	000bdd93	srli	x27,x23,0x0	 x23:0x00000000 x27=0x00000000
     125675.000 ns	     12566	80002d7c	839976b7	lui	x13,0x83997	 x13=0x83997000
     125685.000 ns	     12567	80002d80	01b87fb3	and	x31,x16,x27	 x16:0x00000004 x27:0x00000000 x31=0x00000000
     125705.000 ns	     12569	80002d84	e0041053	fclass.s	x0,f8	  f8:0x7fc00000
     125725.000 ns	     12571	80002d88	01aae9b3	or	x19,x21,x26	 x21:0xfffff87c x26:0x00000001 x19=0xfffff87d
     125745.000 ns	     12573	80002d8c	03f9e6b3	rem	x13,x19,x31	 x19:0x80041024 x31:0x00000000 x13=0xfffff87d
     125765.000 ns	     12575	80002d90	6ddd9b97	auipc	x23,0x6ddd9	 x23=0xedddbd90
     126125.000 ns	     12611	80002d94	0365fa33	remu	x20,x11,x22	 x11:0x00000000 x22:0xf8fc9dff x20=0x00000000
     126145.000 ns	     12613	80002d98	00cc9a13	slli	x20,x25,0xc	 x25:0x00000000 x20=0x00000000
     126155.000 ns	     12614	80002d9c	015341b3	xor	x3,x6,x21	  x6:0x00000001 x21:0xfffff87c  x3=0xfffff87d
     126165.000 ns	     12615	80002da0	416c0cb3	sub	x25,x24,x22	 x24:0x00000000 x22:0xf8fc9dff x25=0x07036201
     126175.000 ns	     12616	80002da4	00625d93	srli	x27,x4,0x6	  x4:0x00000000 x27=0x00000000
     126185.000 ns	     12617	80002da8	016c63b3	or	x7,x24,x22	 x24:0x00000000 x22:0xf8fc9dff  x7=0xf8fc9dff
     126195.000 ns	     12618	80002dac	00e21d13	slli	x26,x4,0xe	  x4:0x00000000 x26=0x00000000
     126555.000 ns	     12654	80002db0	03387a33	remu	x20,x16,x19	 x16:0x00000004 x19:0xfffff87d x20=0x00000004
     126575.000 ns	     12656	80002db4	21778b13	addi	x22,x15,535	 x15:0x00003fff x22=0x00004216
     126615.000 ns	     12660	80002db8	095f7dd3	fsub.s	f27,f30,f21	 f30:0xffc00000 f21:0x7fc00000 f27=0x7fc00000
     126635.000 ns	     12662	80002dbc	85fb1697	auipc	x13,0x85fb1	 x13=0x05fb3dbc
     126655.000 ns	     12664	80002dc0	02a98333	mul	x6,x19,x10	 x19:0xfffff87d x10:0x1614ccdb  x6=0x21c12eef
     127025.000 ns	     12701	80002dc4	02eadbb3	divu	x23,x21,x14	 x21:0xfffff87c x14:0x80041024 x23=0x00000001
     127045.000 ns	     12703	80002dc8	154e6e93	ori	x29,x28,340	 x28:0x00000000 x29=0x00000154
     127065.000 ns	     12705	80002dcc	202a8753	fsgnj.s	f14,f21,f2	 f21:0x7fc00000  f2:0x7fc00000 f14=0x7fc00000
     127085.000 ns	     12707	80002dd0	007a5513	srli	x10,x20,0x7	 x20:0x00000004 x10=0x00000000
     127105.000 ns	     12709	80002dd4	f0038b53	fmv.w.x	f22,x7	  x7:0xf8fc9dff f22=0xf8fc9dff
     127135.000 ns	     12712	80002dd8	a1990bd3	fle.s	x23,f18,f25	 f18:0xbf800000 f25:0xffc00000 x23=0x00000000
     127165.000 ns	     12715	80002ddc	029991b3	mulh	x3,x19,x9	 x19:0xfffff87d  x9:0x00000001  x3=0xffffffff
     127185.000 ns	     12717	80002de0	01ad0e33	add	x28,x26,x26	 x26:0x00000000 x26:0x00000000 x28=0x00000000
     127205.000 ns	     12719	80002de4	28d80e53	fmin.s	f28,f16,f13	 f16:0x39a2dfc9 f13:0x7fc00000 f28=0x39a2dfc9
     127225.000 ns	     12721	80002de8	00945033	srl	x0,x8,x9	  x8:0x16148cdc  x9:0x00000001
     127235.000 ns	     12722	80002dec	019f2fb3	slt	x31,x30,x25	 x30:0x8b761000 x25:0x07036201 x31=0x00000001
     127245.000 ns	     12723	80002df0	0170cf33	xor	x30,x1,x23	  x1:0x00000002 x23:0x00000000 x30=0x00000002
     127265.000 ns	     12725	80002df4	f0000853	fmv.w.x	f16,x0	  x0:0x00000000 f16=0x00000000
     127285.000 ns	     12727	80002df8	412c5433	sra	x8,x24,x18	 x24:0x00000000 x18:0x00000001  x8=0x00000000
     127325.000 ns	     12731	80002dfc	017371d3	fadd.s	f3,f6,f23	  f6:0x7fc00000 f23:0x00000000  f3=0x7fc00000
     127345.000 ns	     12733	80002e00	01f9bd33	sltu	x26,x19,x31	 x19:0xfffff87d x31:0x00000001 x26=0x00000000
     127355.000 ns	     12734	80002e04	00000013	addi	x0,x0,0	  x0:0x00000000
     127375.000 ns	     12736	80002e08	290208d3	fmin.s	f17,f4,f16	  f4:0x00000001 f16:0x00000000 f17=0x00000000
     127395.000 ns	     12738	80002e0c	378de237	lui	x4,0x378de	  x4=0x378de000
     127415.000 ns	     12740	80002e10	02f62533	mulhsu	x10,x12,x15	 x12:0x00000000 x15:0x00003fff x10=0x00000000
     127435.000 ns	     12742	80002e14	679d2f93	slti	x31,x26,1657	 x26:0x00000000 x31=0x00000001
     127465.000 ns	     12745	80002e18	188afe53	fdiv.s	f28,f21,f8	 f21:0x7fc00000  f8:0x7fc00000 f28=0x7fc00000
     127485.000 ns	     12747	80002e1c	abd5a237	lui	x4,0xabd5a	  x4=0xabd5a000
     127505.000 ns	     12749	80002e20	20b79b53	fsgnjn.s	f22,f15,f11	 f15:0x00000000 f11:0x7fc00000 f22=0x80000000
     127535.000 ns	     12752	80002e24	c014f253	fcvt.wu.s	x4,f9	  f9:0x3c106329  x4=0x00000000
     127565.000 ns	     12755	80002e28	02fd88b3	mul	x17,x27,x15	 x27:0x00000000 x15:0x00003fff x17=0x00000000
     127615.000 ns	     12760	80002e2c	08eb42d3	fsub.s	f5,f22,f14	 f22:0x80000000 f14:0x7fc00000  f5=0x7fc00000
     127985.000 ns	     12797	80002e30	03fb6bb3	rem	x23,x22,x31	 x22:0x00004216 x31:0x00000001 x23=0x00000000
     128015.000 ns	     12800	80002e34	a14a1353	flt.s	x6,f20,f20	 f20:0x00000000 f20:0x00000000  x6=0x00000000
     128045.000 ns	     12803	80002e38	f0030b53	fmv.w.x	f22,x6	  x6:0x21c12eef f22=0x00000000
     128065.000 ns	     12805	80002e3c	4ea03f93	sltiu	x31,x0,1258	  x0:0x00000000 x31=0x00000001
     128085.000 ns	     12807	80002e40	e00289d3	fmv.x.w	x19,f5	  f5:0x7fc00000 x19=0x7fc00000
     128115.000 ns	     12810	80002e44	d01af153	fcvt.s.wu	f2,x21	 x21:0xfffff87c  f2=0x4f7ffff8
     128145.000 ns	     12813	80002e48	e0039253	fclass.s	x4,f7	  f7:0xbf7feba4  x4=0x00000002
     128175.000 ns	     12816	80002e4c	21c29d53	fsgnjn.s	f26,f5,f28	  f5:0x7fc00000 f28:0x7fc00000 f26=0xffc00000
     128195.000 ns	     12818	80002e50	d871ad17	auipc	x26,0xd871a	 x26=0x5871ce50
     128215.000 ns	     12820	80002e54	21282a53	fsgnjx.s	f20,f16,f18	 f16:0x00000000 f18:0xbf800000 f20=0x80000000
     128235.000 ns	     12822	80002e58	01dd27b3	slt	x15,x26,x29	 x26:0x00000000 x29:0x00000154 x15=0x00000000
     128245.000 ns	     12823	80002e5c	41b15e93	srai	x29,x2,0x1b	  x2:0x80040fe4 x29=0xfffffff0
     128265.000 ns	     12825	80002e60	203b23d3	fsgnjx.s	f7,f22,f3	 f22:0x00000000  f3:0x7fc00000  f7=0x00000000
     128305.000 ns	     12829	80002e64	19097853	fdiv.s	f16,f18,f16	 f18:0xbf800000 f16:0x00000000 f16=0xff800000
     128335.000 ns	     12832	80002e68	03b2d9b3	divu	x19,x5,x27	  x5:0xffffffff x27:0x00000000 x19=0xffffffff
     128355.000 ns	     12834	80002e6c	002013b3	sll	x7,x0,x2	  x0:0x00000000  x2:0x80040fe4  x7=0x00000000
     128395.000 ns	     12838	80002e70	08bb78d3	fsub.s	f17,f22,f11	 f22:0x00000000 f11:0x7fc00000 f17=0x7fc00000
     128425.000 ns	     12841	80002e74	f0068e53	fmv.w.x	f28,x13	 x13:0x05fb3dbc f28=0x05fb3dbc
     128455.000 ns	     12844	80002e78	e00c8253	fmv.x.w	x4,f25	 f25:0xffc00000  x4=0xffc00000
     128495.000 ns	     12848	80002e7c	5806bf53	fsqrt.s	f30,f13	 f13:0x7fc00000 f30=0x7fc00000
     128535.000 ns	     12852	80002e80	19932553	fdiv.s	f10,f6,f25	  f6:0x7fc00000 f25:0xffc00000 f10=0x7fc00000
     128555.000 ns	     12854	80002e84	00bf2433	slt	x8,x30,x11	 x30:0x00000002 x11:0x00000000  x8=0x00000000
     128565.000 ns	     12855	80002e88	01900233	add	x4,x0,x25	  x0:0x00000000 x25:0x07036201  x4=0x07036201
     128925.000 ns	     12891	80002e8c	0248d7b3	divu	x15,x17,x4	 x17:0x00000000  x4:0xffc00000 x15=0x00000000
     128955.000 ns	     12894	80002e90	02bf6bb3	rem	x23,x30,x11	 x30:0x00000002 x11:0x00000000 x23=0x00000002
     128975.000 ns	     12896	80002e94	413e8033	sub	x0,x29,x19	 x29:0xfffffff0 x19:0xffffffff
     129335.000 ns	     12932	80002e98	029b71b3	remu	x3,x22,x9	 x22:0x00004216  x9:0x00000001  x3=0x00000000
     129365.000 ns	     12935	80002e9c	a0459353	flt.s	x6,f11,f4	 f11:0x7fc00000  f4:0x00000001  x6=0x00000000
     129385.000 ns	     12937	80002ea0	41225933	sra	x18,x4,x18	  x4:0x07036201 x18:0x00000001 x18=0x0381b100
     129395.000 ns	     12938	80002ea4	5c3ac413	xori	x8,x21,1475	 x21:0xfffff87c  x8=0xfffffdbf
     129405.000 ns	     12939	80002ea8	0034b9b3	sltu	x19,x9,x3	  x9:0x00000001  x3:0x00000000 x19=0x00000000
     129425.000 ns	     12941	80002eac	a1a418d3	flt.s	x17,f8,f26	  f8:0x7fc00000 f26:0xffc00000 x17=0x00000000
     129465.000 ns	     12945	80002eb0	580f7753	fsqrt.s	f14,f30	 f30:0x7fc00000 f14=0x7fc00000
     129485.000 ns	     12947	80002eb4	004eb533	sltu	x10,x29,x4	 x29:0xfffffff0  x4:0x07036201 x10=0x00000000
     129505.000 ns	     12949	80002eb8	d0198c53	fcvt.s.wu	f24,x19	 x19:0x00000000 f24=0x00000000
     129525.000 ns	     12951	80002ebc	00502393	slti	x7,x0,5	  x0:0x00000000  x7=0x00000001
     129535.000 ns	     12952	80002ec0	017f6b33	or	x22,x30,x23	 x30:0x00000002 x23:0x00000002 x22=0x00000002
     129555.000 ns	     12954	80002ec4	e00d9bd3	fclass.s	x23,f27	 f27:0x7fc00000 x23=0x00000200
     129585.000 ns	     12957	80002ec8	e00d0053	fmv.x.w	x0,f26	 f26:0xffc00000
     129605.000 ns	     12959	80002ecc	01493b33	sltu	x22,x18,x20	 x18:0x0381b100 x20:0x00000004 x22=0x00000000
     129625.000 ns	     12961	80002ed0	f0058653	fmv.w.x	f12,x11	 x11:0x00000000 f12=0x00000000
     129655.000 ns	     12964	80002ed4	0261c033	div	x0,x3,x6	  x3:0x00000000  x6:0x00000000
     129675.000 ns	     12966	80002ed8	41f687b3	sub	x15,x13,x31	 x13:0x05fb3dbc x31:0x00000001 x15=0x05fb3dbb
     129685.000 ns	     12967	80002edc	7b088a17	auipc	x20,0x7b088	 x20=0xfb08aedc
     129705.000 ns	     12969	80002ee0	29131cd3	fmax.s	f25,f6,f17	  f6:0x7fc00000 f17:0x7fc00000 f25=0x7fc00000
     129735.000 ns	     12972	80002ee4	0388f5b3	remu	x11,x17,x24	 x17:0x00000000 x24:0x00000000 x11=0x00000000
     129755.000 ns	     12974	80002ee8	00000013	addi	x0,x0,0	  x0:0x00000000
     129775.000 ns	     12976	80002eec	0332d9b3	divu	x19,x5,x19	  x5:0xffffffff x19:0x00000000 x19=0xffffffff
     129795.000 ns	     12978	80002ef0	409cdd13	srai	x26,x25,0x9	 x25:0x07036201 x26=0x000381b1
     129815.000 ns	     12980	80002ef4	a05427d3	feq.s	x15,f8,f5	  f8:0x7fc00000  f5:0x7fc00000 x15=0x00000000
     129845.000 ns	     12983	80002ef8	a0da8353	fle.s	x6,f21,f13	 f21:0x7fc00000 f13:0x7fc00000  x6=0x00000000
     129865.000 ns	     12985	80002efc	015767b3	or	x15,x14,x21	 x14:0x80041024 x21:0xfffff87c x15=0xfffff87c
     129875.000 ns	     12986	80002f00	00de9493	slli	x9,x29,0xd	 x29:0xfffffff0  x9=0xfffe0000
     129885.000 ns	     12987	80002f04	1d3f7e13	andi	x28,x30,467	 x30:0x00000002 x28=0x00000002
     129895.000 ns	     12988	80002f08	fbf8bcb7	lui	x25,0xfbf8b	 x25=0xfbf8b000
     129915.000 ns	     12990	80002f0c	03761933	mulh	x18,x12,x23	 x12:0x00000000 x23:0x00000200 x18=0x00000000
     129935.000 ns	     12992	80002f10	01f8b4b3	sltu	x9,x17,x31	 x17:0x00000000 x31:0x00000001  x9=0x00000001
     129955.000 ns	     12994	80002f14	d0082153	fcvt.s.w	f2,x16	 x16:0x00000004  f2=0x40800000
     130325.000 ns	     13031	80002f18	02e34f33	div	x30,x6,x14	  x6:0x00000000 x14:0x80041024 x30=0x00000000
     130345.000 ns	     13033	80002f1c	41f002b3	sub	x5,x0,x31	  x0:0x00000000 x31:0x00000001  x5=0xffffffff
     130355.000 ns	     13034	80002f20	01d065b3	or	x11,x0,x29	  x0:0x00000000 x29:0xfffffff0 x11=0xfffffff0
     130375.000 ns	     13036	80002f24	c00b78d3	fcvt.w.s	x17,f22	 f22:0x00000000 x17=0x00000000
     130425.000 ns	     13041	80002f28	08bc20d3	fsub.s	f1,f24,f11	 f24:0x00000000 f11:0x7fc00000  f1=0x7fc00000
     130465.000 ns	     13045	80002f2c	18d07753	fdiv.s	f14,f0,f13	  f0:0x00000000 f13:0x7fc00000 f14=0x7fc00000
     130485.000 ns	     13047	80002f30	00000013	addi	x0,x0,0	  x0:0x00000000
     130845.000 ns	     13083	80002f34	03f4f0b3	remu	x1,x9,x31	  x9:0x00000001 x31:0x00000001  x1=0x00000000
     130865.000 ns	     13085	80002f38	410bd793	srai	x15,x23,0x10	 x23:0x00000200 x15=0x00000000
     130885.000 ns	     13087	80002f3c	d014fa53	fcvt.s.wu	f20,x9	  x9:0x00000001 f20=0x3f800000
     130925.000 ns	     13091	80002f40	102e7453	fmul.s	f8,f28,f2	 f28:0x05fb3dbc  f2:0x40800000  f8=0x06fb3dbc
     130945.000 ns	     13093	80002f44	9d0b0593	addi	x11,x22,-1584	 x22:0x00000000 x11=0xfffff9d0
     131305.000 ns	     13129	80002f48	0357d633	divu	x12,x15,x21	 x15:0x00000000 x21:0xfffff87c x12=0x00000000
     131325.000 ns	     13131	80002f4c	00a595b3	sll	x11,x11,x10	 x11:0xfffffff0 x10:0x00000000 x11=0xfffff9d0
     131345.000 ns	     13133	80002f50	c01d7cd3	fcvt.wu.s	x25,f26	 f26:0xffc00000 x25=0xffffffff
     131365.000 ns	     13135	80002f54	40145993	srai	x19,x8,0x1	  x8:0xfffffdbf x19=0xfffffedf
     131375.000 ns	     13136	80002f58	cbd7b037	lui	x0,0xcbd7b	
     131385.000 ns	     13137	80002f5c	b20556b7	lui	x13,0xb2055	 x13=0xb2055000
     131405.000 ns	     13139	80002f60	e0000dd3	fmv.x.w	x27,f0	  f0:0x00000000 x27=0x00000000
     131435.000 ns	     13142	80002f64	e00803d3	fmv.x.w	x7,f16	 f16:0xff800000  x7=0xff800000
     131455.000 ns	     13144	80002f68	400959b3	sra	x19,x18,x0	 x18:0x00000000  x0:0x00000000 x19=0x00000000
     131465.000 ns	     13145	80002f6c	014ef633	and	x12,x29,x20	 x29:0xfffffff0 x20:0xfb08aedc x12=0xfb08aed0
     131485.000 ns	     13147	80002f70	028799b3	mulh	x19,x15,x8	 x15:0x00000000  x8:0xfffffdbf x19=0x00000000
     131505.000 ns	     13149	80002f74	12d78493	addi	x9,x15,301	 x15:0x00000000  x9=0x0000012d
     131535.000 ns	     13152	80002f78	5806f4d3	fsqrt.s	f9,f13	 f13:0x7fc00000  f9=0x7fc00000
     131565.000 ns	     13155	80002f7c	03c92bb3	mulhsu	x23,x18,x28	 x18:0x00000000 x28:0x00000002 x23=0x00000000
     131585.000 ns	     13157	80002f80	a11abc13	sltiu	x24,x21,-1519	 x21:0xfffff87c x24=0x00000001
     131605.000 ns	     13159	80002f84	027a21b3	mulhsu	x3,x20,x7	 x20:0xfb08aedc  x7:0xff800000  x3=0xfb0b2a84
     131625.000 ns	     13161	80002f88	011ad893	srli	x17,x21,0x11	 x21:0xfffff87c x17=0x00007fff
     131645.000 ns	     13163	80002f8c	a1c18bd3	fle.s	x23,f3,f28	  f3:0x7fc00000 f28:0x05fb3dbc x23=0x00000000
     131685.000 ns	     13167	80002f90	118ec953	fmul.s	f18,f29,f24	 f29:0xffc00000 f24:0x00000000 f18=0x7fc00000
     131705.000 ns	     13169	80002f94	5d41ec93	ori	x25,x3,1492	  x3:0xfb0b2a84 x25=0xfb0b2fd4
     131725.000 ns	     13171	80002f98	d01178d3	fcvt.s.wu	f17,x2	  x2:0x80040fe4 f17=0x4f00040f
     132095.000 ns	     13208	80002f9c	023c5ab3	divu	x21,x24,x3	 x24:0x00000001  x3:0xfb0b2a84 x21=0x00000000
     132125.000 ns	     13211	80002fa0	037aef33	rem	x30,x21,x23	 x21:0xfffff87c x23:0x00000000 x30=0x00000000
     132155.000 ns	     13214	80002fa4	f00a0bd3	fmv.w.x	f23,x20	 x20:0xfb08aedc f23=0xfb08aedc
     132175.000 ns	     13216	80002fa8	002cd193	srli	x3,x25,0x2	 x25:0xfb0b2fd4  x3=0x3ec2cbf5
     132195.000 ns	     13218	80002fac	29321d53	fmax.s	f26,f4,f19	  f4:0x00000001 f19:0x00000000 f26=0x00000001
     132235.000 ns	     13222	80002fb0	580e8c53	fsqrt.s	f24,f29	 f29:0xffc00000 f24=0x7fc00000
     132255.000 ns	     13224	80002fb4	00000013	addi	x0,x0,0	  x0:0x00000000
     132265.000 ns	     13225	80002fb8	f6316d13	ori	x26,x2,-157	  x2:0x80040fe4 x26=0xffffffe7
     132285.000 ns	     13227	80002fbc	29bf89d3	fmin.s	f19,f31,f27	 f31:0x7fc00000 f27:0x7fc00000 f19=0x7fc00000
     132315.000 ns	     13230	80002fc0	032a4333	div	x6,x20,x18	 x20:0xfb08aedc x18:0x00000000  x6=0xffffffff
     132335.000 ns	     13232	80002fc4	41fc0e33	sub	x28,x24,x31	 x24:0x00000001 x31:0x00000001 x28=0x00000000
     132345.000 ns	     13233	80002fc8	ae3d2e93	slti	x29,x26,-1309	 x26:0xffffffe7 x29=0x00000000
     132375.000 ns	     13236	80002fcc	580f25d3	fsqrt.s	f11,f30	 f30:0x7fc00000 f11=0x7fc00000
     132395.000 ns	     13238	80002fd0	004894b3	sll	x9,x17,x4	 x17:0x00007fff  x4:0x07036201  x9=0x0000fffe
     132405.000 ns	     13239	80002fd4	412ddf33	sra	x30,x27,x18	 x27:0x00000000 x18:0x00000000 x30=0x00000000
     132415.000 ns	     13240	80002fd8	40035293	srai	x5,x6,0x0	  x6:0xffffffff  x5=0xffffffff
     132425.000 ns	     13241	80002fdc	40138ab3	sub	x21,x7,x1	  x7:0xff800000  x1:0x00000000 x21=0xff800000
     132445.000 ns	     13243	80002fe0	e0020ed3	fmv.x.w	x29,f4	  f4:0x00000001 x29=0x00000001
     132465.000 ns	     13245	80002fe4	fc976d13	ori	x26,x14,-55	 x14:0x80041024 x26=0xffffffed
     132485.000 ns	     13247	80002fe8	02923b33	mulhu	x22,x4,x9	  x4:0x07036201  x9:0x0000fffe x22=0x00000703
     132515.000 ns	     13250	80002fec	02c198b3	mulh	x17,x3,x12	  x3:0x3ec2cbf5 x12:0xfb08aed0 x17=0xfec852f5
     132535.000 ns	     13252	80002ff0	005485b3	add	x11,x9,x5	  x9:0x0000fffe  x5:0xffffffff x11=0x0000fffd
     132555.000 ns	     13254	80002ff4	d019ca53	fcvt.s.wu	f20,x19	 x19:0x00000000 f20=0x00000000
     132575.000 ns	     13256	80002ff8	4084da33	sra	x20,x9,x8	  x9:0x0000fffe  x8:0xfffffdbf x20=0x00000000
     132585.000 ns	     13257	80002ffc	00000013	addi	x0,x0,0	  x0:0x00000000
     132595.000 ns	     13258	80003000	01bfc033	xor	x0,x31,x27	 x31:0x00000001 x27:0x00000000
     132615.000 ns	     13260	80003004	a02a1c53	flt.s	x24,f20,f2	 f20:0x00000000  f2:0x40800000 x24=0x00000001
     132645.000 ns	     13263	80003008	025a26b3	mulhsu	x13,x20,x5	 x20:0x00000000  x5:0xffffffff x13=0x00000000
     132665.000 ns	     13265	8000300c	018f2233	slt	x4,x30,x24	 x30:0x00000000 x24:0x00000001  x4=0x00000001
     132685.000 ns	     13267	80003010	c00f4653	fcvt.w.s	x12,f30	 f30:0x7fc00000 x12=0x7fffffff
     133865.000 ns	     13385	80003014	580232d3	fsqrt.s	f5,f4	  f4:0x00000001  f5=0x1f350483
     133895.000 ns	     13388	80003018	d01df2d3	fcvt.s.wu	f5,x27	 x27:0x00000000  f5=0x00000000
     133915.000 ns	     13390	8000301c	802da7b7	lui	x15,0x802da	 x15=0x802da000
     134275.000 ns	     13426	80003020	0264f333	remu	x6,x9,x6	  x9:0x0000fffe  x6:0xffffffff  x6=0x0000fffe
     134295.000 ns	     13428	80003024	012f2ab3	slt	x21,x30,x18	 x30:0x00000000 x18:0x00000000 x21=0x00000000
     134315.000 ns	     13430	80003028	0393b8b3	mulhu	x17,x7,x25	  x7:0xff800000 x25:0xfb0b2fd4 x17=0xfa8daa3c
     134335.000 ns	     13432	8000302c	f09759b7	lui	x19,0xf0975	 x19=0xf0975000
     134355.000 ns	     13434	80003030	a0779c53	flt.s	x24,f15,f7	 f15:0x00000000  f7:0x00000000 x24=0x00000000
     134395.000 ns	     13438	80003034	10c4ffd3	fmul.s	f31,f9,f12	  f9:0x7fc00000 f12:0x00000000 f31=0x7fc00000
     134425.000 ns	     13441	80003038	036d8233	mul	x4,x27,x22	 x27:0x00000000 x22:0x00000703  x4=0x00000000
     134445.000 ns	     13443	8000303c	a6bb0593	addi	x11,x22,-1429	 x22:0x00000703 x11=0x0000016e
     134455.000 ns	     13444	80003040	40d75013	srai	x0,x14,0xd	 x14:0x80041024
     134465.000 ns	     13445	80003044	00167e33	and	x28,x12,x1	 x12:0x7fffffff  x1:0x00000000 x28=0x00000000
     134495.000 ns	     13448	80003048	189505d3	fdiv.s	f11,f10,f9	 f10:0x7fc00000  f9:0x7fc00000 f11=0x7fc00000
     134535.000 ns	     13452	8000304c	1002c053	fmul.s	f0,f5,f0	  f5:0x00000000  f0:0x00000000  f0=0x00000000
     134905.000 ns	     13489	80003050	03a8ddb3	divu	x27,x17,x26	 x17:0xfa8daa3c x26:0xffffffed x27=0x00000000
     134925.000 ns	     13491	80003054	e9063593	sltiu	x11,x12,-368	 x12:0x7fffffff x11=0x00000001
     134935.000 ns	     13492	80003058	664fa193	slti	x3,x31,1636	 x31:0x00000001  x3=0x00000001
     134955.000 ns	     13494	8000305c	21e31cd3	fsgnjn.s	f25,f6,f30	  f6:0x7fc00000 f30:0x7fc00000 f25=0xffc00000
     134975.000 ns	     13496	80003060	00742bb3	slt	x23,x8,x7	  x8:0xfffffdbf  x7:0xff800000 x23=0x00000000
     134985.000 ns	     13497	80003064	013baf33	slt	x30,x23,x19	 x23:0x00000000 x19:0xf0975000 x30=0x00000000
     135005.000 ns	     13499	80003068	209ba0d3	fsgnjx.s	f1,f23,f9	 f23:0xfb08aedc  f9:0x7fc00000  f1=0xfb08aedc
     135025.000 ns	     13501	8000306c	39087e93	andi	x29,x16,912	 x16:0x00000004 x29=0x00000000
     135045.000 ns	     13503	80003070	a04696d3	flt.s	x13,f13,f4	 f13:0x7fc00000  f4:0x00000001 x13=0x00000000
     135075.000 ns	     13506	80003074	280c85d3	fmin.s	f11,f25,f0	 f25:0xffc00000  f0:0x00000000 f11=0x00000000
     135095.000 ns	     13508	80003078	00a21613	slli	x12,x4,0xa	  x4:0x00000000 x12=0x00000000
     135105.000 ns	     13509	8000307c	41bfd533	sra	x10,x31,x27	 x31:0x00000001 x27:0x00000000 x10=0x00000001
     135115.000 ns	     13510	80003080	01559913	slli	x18,x11,0x15	 x11:0x00000001 x18=0x00200000
     135135.000 ns	     13512	80003084	28a303d3	fmin.s	f7,f6,f10	  f6:0x7fc00000 f10:0x7fc00000  f7=0x7fc00000
     135155.000 ns	     13514	80003088	874a0613	addi	x12,x20,-1932	 x20:0x00000000 x12=0xfffff874
     135175.000 ns	     13516	8000308c	291c8c53	fmin.s	f24,f25,f17	 f25:0xffc00000 f17:0x4f00040f f24=0x4f00040f
     135195.000 ns	     13518	80003090	f44c8293	addi	x5,x25,-188	 x25:0xfb0b2fd4  x5=0xfb0b2f18
     135205.000 ns	     13519	80003094	afa8fb37	lui	x22,0xafa8f	 x22=0xafa8f000
     135225.000 ns	     13521	80003098	29fa01d3	fmin.s	f3,f20,f31	 f20:0x00000000 f31:0x7fc00000  f3=0x00000000
     135255.000 ns	     13524	8000309c	c0098c53	fcvt.w.s	x24,f19	 f19:0x7fc00000 x24=0x7fffffff
     135625.000 ns	     13561	800030a0	0224ebb3	rem	x23,x9,x2	  x9:0x0000fffe  x2:0x80040fe4 x23=0x0000fffe
     135655.000 ns	     13564	800030a4	29fe9a53	fmax.s	f20,f29,f31	 f29:0xffc00000 f31:0x7fc00000 f20=0x7fc00000
     135685.000 ns	     13567	800030a8	e00880d3	fmv.x.w	x1,f17	 f17:0x4f00040f  x1=0x4f00040f
     135715.000 ns	     13570	800030ac	297e8b53	fmin.s	f22,f29,f23	 f29:0xffc00000 f23:0xfb08aedc f22=0xfb08aedc
     135745.000 ns	     13573	800030b0	0284ba33	mulhu	x20,x9,x8	  x9:0x0000fffe  x8:0xfffffdbf x20=0x0000fffd
     135775.000 ns	     13576	800030b4	c01a2ad3	fcvt.wu.s	x21,f20	 f20:0x7fc00000 x21=0xffffffff
     135795.000 ns	     13578	800030b8	4729cb13	xori	x22,x19,1138	 x19:0xf0975000 x22=0xf0975472
     135805.000 ns	     13579	800030bc	767ae993	ori	x19,x21,1895	 x21:0xffffffff x19=0xffffffff
     135825.000 ns	     13581	800030c0	03ba2633	mulhsu	x12,x20,x27	 x20:0x0000fffd x27:0x00000000 x12=0x00000000
     135845.000 ns	     13583	800030c4	402b0933	sub	x18,x22,x2	 x22:0xf0975472  x2:0x80040fe4 x18=0x7093448e
     135855.000 ns	     13584	800030c8	403a0ab3	sub	x21,x20,x3	 x20:0x0000fffd  x3:0x00000001 x21=0x0000fffc
     135865.000 ns	     13585	800030cc	00999d33	sll	x26,x19,x9	 x19:0xffffffff  x9:0x0000fffe x26=0xc0000000
     135875.000 ns	     13586	800030d0	5cff0b13	addi	x22,x30,1487	 x30:0x00000000 x22=0x000005cf
     135905.000 ns	     13589	800030d4	18cd71d3	fdiv.s	f3,f26,f12	 f26:0x00000001 f12:0x00000000  f3=0x7f800000
     135935.000 ns	     13592	800030d8	0288a9b3	mulhsu	x19,x17,x8	 x17:0xfa8daa3c  x8:0xfffffdbf x19=0xfa8daa48
     136305.000 ns	     13629	800030dc	02e34c33	div	x24,x6,x14	  x6:0x0000fffe x14:0x80041024 x24=0x00000000
     136355.000 ns	     13634	800030e0	09bd27d3	fsub.s	f15,f26,f27	 f26:0x00000001 f27:0x7fc00000 f15=0x7fc00000
     136385.000 ns	     13637	800030e4	c018bed3	fcvt.wu.s	x29,f17	 f17:0x4f00040f x29=0x80040f00
     136415.000 ns	     13640	800030e8	d0147153	fcvt.s.wu	f2,x8	  x8:0xfffffdbf  f2=0x4f7ffffd
     136435.000 ns	     13642	800030ec	41220bb3	sub	x23,x4,x18	  x4:0x00000000 x18:0x7093448e x23=0x8f6cbb72
     136475.000 ns	     13646	800030f0	0149f453	fadd.s	f8,f19,f20	 f19:0x7fc00000 f20:0x7fc00000  f8=0x7fc00000
     136515.000 ns	     13650	800030f4	1006a553	fmul.s	f10,f13,f0	 f13:0x7fc00000  f0:0x00000000 f10=0x7fc00000
     136535.000 ns	     13652	800030f8	0bfa6613	ori	x12,x20,191	 x20:0x0000fffd x12=0x0000ffff
     136545.000 ns	     13653	800030fc	eb170c97	auipc	x25,0xeb170	 x25=0x6b1730fc
     136555.000 ns	     13654	80003100	01def4b3	and	x9,x29,x29	 x29:0x80040f00 x29:0x80040f00  x9=0x80040f00
     136575.000 ns	     13656	80003104	c01184d3	fcvt.wu.s	x9,f3	  f3:0x7f800000  x9=0xffffffff
     136595.000 ns	     13658	80003108	d280c893	xori	x17,x1,-728	  x1:0x4f00040f x17=0xb0fff927
     136615.000 ns	     13660	8000310c	a1a00053	fle.s	x0,f0,f26	  f0:0x00000000 f26:0x00000001
     136635.000 ns	     13662	80003110	96f3ab93	slti	x23,x7,-1681	  x7:0xff800000 x23=0x00000001
     136645.000 ns	     13663	80003114	e61b9497	auipc	x9,0xe61b9	  x9=0x661bc114
     136655.000 ns	     13664	80003118	0180ceb3	xor	x29,x1,x24	  x1:0x4f00040f x24:0x00000000 x29=0x4f00040f
     136665.000 ns	     13665	8000311c	004c9f93	slli	x31,x25,0x4	 x25:0x6b1730fc x31=0xb1730fc0
     136685.000 ns	     13667	80003120	21368fd3	fsgnj.s	f31,f13,f19	 f13:0x7fc00000 f19:0x7fc00000 f31=0x7fc00000
     136715.000 ns	     13670	80003124	03adb1b3	mulhu	x3,x27,x26	 x27:0x00000000 x26:0xc0000000  x3=0x00000000
     136735.000 ns	     13672	80003128	002b9293	slli	x5,x23,0x2	 x23:0x00000001  x5=0x00000004
     136765.000 ns	     13675	8000312c	187913d3	fdiv.s	f7,f18,f7	 f18:0x7fc00000  f7:0x7fc00000  f7=0x7fc00000
     136795.000 ns	     13678	80003130	29508f53	fmin.s	f30,f1,f21	  f1:0xfb08aedc f21:0x7fc00000 f30=0xfb08aedc
     136825.000 ns	     13681	80003134	e0059653	fclass.s	x12,f11	 f11:0x00000000 x12=0x00000010
     136845.000 ns	     13683	80003138	401955b3	sra	x11,x18,x1	 x18:0x7093448e  x1:0x4f00040f x11=0x0000e126
     136865.000 ns	     13685	8000313c	d0127153	fcvt.s.wu	f2,x4	  x4:0x00000000  f2=0x00000000
     136885.000 ns	     13687	80003140	40425093	srai	x1,x4,0x4	  x4:0x00000000  x1=0x00000000
     136895.000 ns	     13688	80003144	00a67233	and	x4,x12,x10	 x12:0x00000010 x10:0x00000001  x4=0x00000000
     136915.000 ns	     13690	80003148	214380d3	fsgnj.s	f1,f7,f20	  f7:0x7fc00000 f20:0x7fc00000  f1=0x7fc00000
     136955.000 ns	     13694	8000314c	58082053	fsqrt.s	f0,f16	 f16:0xff800000  f0=0x7fc00000
     136985.000 ns	     13697	80003150	024f9db3	mulh	x27,x31,x4	 x31:0xb1730fc0  x4:0x00000000 x27=0x00000000
     137005.000 ns	     13699	80003154	e0b36c93	ori	x25,x6,-501	  x6:0x0000fffe x25=0xffffffff
     137015.000 ns	     13700	80003158	968aca13	xori	x20,x21,-1688	 x21:0x0000fffc x20=0xffff0694
     137025.000 ns	     13701	8000315c	01e25993	srli	x19,x4,0x1e	  x4:0x00000000 x19=0x00000000
     137045.000 ns	     13703	80003160	031ab7b3	mulhu	x15,x21,x17	 x21:0x0000fffc x17:0xb0fff927 x15=0x0000b0fd
     137415.000 ns	     13740	80003164	03a5ef33	rem	x30,x11,x26	 x11:0x0000e126 x26:0xc0000000 x30=0x0000e126
     137435.000 ns	     13742	80003168	01be1893	slli	x17,x28,0x1b	 x28:0x00000000 x17=0x00000000
     137445.000 ns	     13743	8000316c	003ad493	srli	x9,x21,0x3	 x21:0x0000fffc  x9=0x00001fff
     137465.000 ns	     13745	80003170	a02b9e53	flt.s	x28,f23,f2	 f23:0xfb08aedc  f2:0x00000000 x28=0x00000001
     137485.000 ns	     13747	80003174	3c5bc213	xori	x4,x23,965	 x23:0x00000001  x4=0x000003c4
     137495.000 ns	     13748	80003178	c2607e93	andi	x29,x0,-986	  x0:0x00000000 x29=0x00000000
     137505.000 ns	     13749	8000317c	bebba893	slti	x17,x23,-1045	 x23:0x00000001 x17=0x00000000
     137525.000 ns	     13751	80003180	03873433	mulhu	x8,x14,x24	 x14:0x80041024 x24:0x00000000  x8=0x00000000
     137545.000 ns	     13753	80003184	00000013	addi	x0,x0,0	  x0:0x00000000
     137905.000 ns	     13789	80003188	0279ed33	rem	x26,x19,x7	 x19:0x00000000  x7:0xff800000 x26=0x00000000
     137925.000 ns	     13791	8000318c	01c47433	and	x8,x8,x28	  x8:0x00000000 x28:0x00000001  x8=0x00000000
     137945.000 ns	     13793	80003190	a04411d3	flt.s	x3,f8,f4	  f8:0x7fc00000  f4:0x00000001  x3=0x00000000
     138315.000 ns	     13830	80003194	02c85c33	divu	x24,x16,x12	 x16:0x00000004 x12:0x00000010 x24=0x00000000
     138345.000 ns	     13833	80003198	c0118dd3	fcvt.wu.s	x27,f3	  f3:0x7f800000 x27=0xffffffff
     138375.000 ns	     13836	8000319c	0250ad33	mulhsu	x26,x1,x5	  x1:0x00000000  x5:0x00000004 x26=0x00000000
     138395.000 ns	     13838	800031a0	00fb2cb3	slt	x25,x22,x15	 x22:0x000005cf x15:0x0000b0fd x25=0x00000001
     138405.000 ns	     13839	800031a4	e28c4b13	xori	x22,x24,-472	 x24:0x00000000 x22=0xfffffe28
     138425.000 ns	     13841	800031a8	f00e8153	fmv.w.x	f2,x29	 x29:0x00000000  f2=0x00000000
     138445.000 ns	     13843	800031ac	016dbfb3	sltu	x31,x27,x22	 x27:0xffffffff x22:0x000005cf x31=0x00000000
     138455.000 ns	     13844	800031b0	011bad33	slt	x26,x23,x17	 x23:0x00000001 x17:0x00000000 x26=0x00000000
     138475.000 ns	     13846	800031b4	c00778d3	fcvt.w.s	x17,f14	 f14:0x7fc00000 x17=0x7fffffff
     138505.000 ns	     13849	800031b8	c01b20d3	fcvt.wu.s	x1,f22	 f22:0xfb08aedc  x1=0x00000000
     138525.000 ns	     13851	800031bc	55037a93	andi	x21,x6,1360	  x6:0x0000fffe x21=0x00000550
     138545.000 ns	     13853	800031c0	02e58e33	mul	x28,x11,x14	 x11:0x0000e126 x14:0x80041024 x28=0x92ca0958
     138575.000 ns	     13856	800031c4	293689d3	fmin.s	f19,f13,f19	 f13:0x7fc00000 f19:0x7fc00000 f19=0x7fc00000
     138595.000 ns	     13858	800031c8	0150efb3	or	x31,x1,x21	  x1:0x00000000 x21:0x00000550 x31=0x00000550
     138615.000 ns	     13860	800031cc	29058253	fmin.s	f4,f11,f16	 f11:0x00000000 f16:0xff800000  f4=0xff800000
     138635.000 ns	     13862	800031d0	411ed9b3	sra	x19,x29,x17	 x29:0x00000000 x17:0x7fffffff x19=0x00000000
     138645.000 ns	     13863	800031d4	676cf693	andi	x13,x25,1654	 x25:0x00000001 x13=0x00000000
     138665.000 ns	     13865	800031d8	a1ea1ad3	flt.s	x21,f20,f30	 f20:0x7fc00000 f30:0xfb08aedc x21=0x00000000
     138685.000 ns	     13867	800031dc	0103d093	srli	x1,x7,0x10	  x7:0xff800000  x1=0x0000ff80
     138705.000 ns	     13869	800031e0	e0048e53	fmv.x.w	x28,f9	  f9:0x7fc00000 x28=0x7fc00000
     138725.000 ns	     13871	800031e4	01ea5c93	srli	x25,x20,0x1e	 x20:0xffff0694 x25=0x00000003
     138735.000 ns	     13872	800031e8	401c5493	srai	x9,x24,0x1	 x24:0x00000000  x9=0x00000000
     138745.000 ns	     13873	800031ec	413f5893	srai	x17,x30,0x13	 x30:0x0000e126 x17=0x00000000
     138765.000 ns	     13875	800031f0	0314a5b3	mulhsu	x11,x9,x17	  x9:0x00001fff x17:0x7fffffff x11=0x00000000
     138785.000 ns	     13877	800031f4	01151913	slli	x18,x10,0x11	 x10:0x00000001 x18=0x00020000
     138795.000 ns	     13878	800031f8	12d0be17	auipc	x28,0x12d0b	 x28=0x92d0e1f8
     138805.000 ns	     13879	800031fc	018b0bb3	add	x23,x22,x24	 x22:0xfffffe28 x24:0x00000000 x23=0xfffffe28
     138815.000 ns	     13880	80003200	4146dfb3	sra	x31,x13,x20	 x13:0x00000000 x20:0xffff0694 x31=0x00000000
     138825.000 ns	     13881	80003204	87786d97	auipc	x27,0x87786	 x27=0x07789204
     138835.000 ns	     13882	80003208	40b85e93	srai	x29,x16,0xb	 x16:0x00000004 x29=0x00000000
     138845.000 ns	     13883	8000320c	e61cca93	xori	x21,x25,-415	 x25:0x00000003 x21=0xfffffe62
     138855.000 ns	     13884	80003210	b8424a93	xori	x21,x4,-1148	  x4:0x000003c4 x21=0xfffff840
     138865.000 ns	     13885	80003214	409a0533	sub	x10,x20,x9	 x20:0xffff0694  x9:0x00000000 x10=0xffff0694
     138885.000 ns	     13887	80003218	0304bbb3	mulhu	x23,x9,x16	  x9:0x00000000 x16:0x00000004 x23=0x00000000
     138905.000 ns	     13889	8000321c	01117eb3	and	x29,x2,x17	  x2:0x80040fe4 x17:0x00000000 x29=0x00000000
     138915.000 ns	     13890	80003220	01aee3b3	or	x7,x29,x26	 x29:0x00000000 x26:0x00000000  x7=0x00000000
     138935.000 ns	     13892	80003224	a19527d3	feq.s	x15,f10,f25	 f10:0x7fc00000 f25:0xffc00000 x15=0x00000000
     138965.000 ns	     13895	80003228	021ba7b3	mulhsu	x15,x23,x1	 x23:0x00000000  x1:0x0000ff80 x15=0x00000000
     138995.000 ns	     13898	8000322c	21fba3d3	fsgnjx.s	f7,f23,f31	 f23:0xfb08aedc f31:0x7fc00000  f7=0xfb08aedc
     139045.000 ns	     13903	80003230	00fdfbd3	fadd.s	f23,f27,f15	 f27:0x7fc00000 f15:0x7fc00000 f23=0x7fc00000
     139075.000 ns	     13906	80003234	c01a25d3	fcvt.wu.s	x11,f20	 f20:0x7fc00000 x11=0xffffffff
     139095.000 ns	     13908	80003238	866861b7	lui	x3,0x86686	  x3=0x86686000
     139115.000 ns	     13910	8000323c	a02b19d3	flt.s	x19,f22,f2	 f22:0xfb08aedc  f2:0x00000000 x19=0x00000001
     139145.000 ns	     13913	80003240	a18f23d3	feq.s	x7,f30,f24	 f30:0xfb08aedc f24:0x4f00040f  x7=0x00000000
     139165.000 ns	     13915	80003244	008eaab3	slt	x21,x29,x8	 x29:0x00000000  x8:0x00000000 x21=0x00000000
     139525.000 ns	     13951	80003248	024c4933	div	x18,x24,x4	 x24:0x00000000  x4:0x000003c4 x18=0x00000000
     139545.000 ns	     13953	8000324c	013e1893	slli	x17,x28,0x13	 x28:0x92d0e1f8 x17=0x0fc00000
     139565.000 ns	     13955	80003250	a1a69653	flt.s	x12,f13,f26	 f13:0x7fc00000 f26:0x00000001 x12=0x00000000
     139595.000 ns	     13958	80003254	026093b3	mulh	x7,x1,x6	  x1:0x0000ff80  x6:0x0000fffe  x7=0x00000000
     139615.000 ns	     13960	80003258	00000013	addi	x0,x0,0	  x0:0x00000000
     139635.000 ns	     13962	8000325c	02f71533	mulh	x10,x14,x15	 x14:0x80041024 x15:0x00000000 x10=0x00000000
     139655.000 ns	     13964	80003260	81a66513	ori	x10,x12,-2022	 x12:0x00000000 x10=0xfffff81a
     139665.000 ns	     13965	80003264	00ab5b13	srli	x22,x22,0xa	 x22:0xfffffe28 x22=0x003fffff
     140025.000 ns	     14001	80003268	034760b3	rem	x1,x14,x20	 x14:0x80041024 x20:0xffff0694  x1=0xfffff6f4
     140045.000 ns	     14003	8000326c	40f351b3	sra	x3,x6,x15	  x6:0x0000fffe x15:0x00000000  x3=0x0000fffe
     140055.000 ns	     14004	80003270	41d20333	sub	x6,x4,x29	  x4:0x000003c4 x29:0x00000000  x6=0x000003c4
     140065.000 ns	     14005	80003274	8b599a97	auipc	x21,0x8b599	 x21=0x0b59c274
     140085.000 ns	     14007	80003278	0235beb3	mulhu	x29,x11,x3	 x11:0xffffffff  x3:0x0000fffe x29=0x0000fffd
     140115.000 ns	     14010	8000327c	a00183d3	fle.s	x7,f3,f0	  f3:0x7f800000  f0:0x7fc00000  x7=0x00000000
     140135.000 ns	     14012	80003280	01f9bfb3	sltu	x31,x19,x31	 x19:0x00000001 x31:0x00000000 x31=0x00000000
     140145.000 ns	     14013	80003284	4a12b193	sltiu	x3,x5,1185	  x5:0x00000004  x3=0x00000001
     140165.000 ns	     14015	80003288	f0088c53	fmv.w.x	f24,x17	 x17:0x0fc00000 f24=0x0fc00000
     140195.000 ns	     14018	8000328c	e0000ed3	fmv.x.w	x29,f0	  f0:0x7fc00000 x29=0x7fc00000
     140215.000 ns	     14020	80003290	41685a13	srai	x20,x16,0x16	 x16:0x00000004 x20=0x00000000
     140225.000 ns	     14021	80003294	0148a0b3	slt	x1,x17,x20	 x17:0x0fc00000 x20:0xffff0694  x1=0x00000000
     140235.000 ns	     14022	80003298	aa475b37	lui	x22,0xaa475	 x22=0xaa475000
     140265.000 ns	     14025	8000329c	580494d3	fsqrt.s	f9,f9	  f9:0x7fc00000  f9=0x7fc00000
     140285.000 ns	     14027	800032a0	005a9613	slli	x12,x21,0x5	 x21:0x0b59c274 x12=0x6b384e80
     140325.000 ns	     14031	800032a4	081671d3	fsub.s	f3,f12,f1	 f12:0x00000000  f1:0x7fc00000  f3=0x7fc00000
     140345.000 ns	     14033	800032a8	014c3333	sltu	x6,x24,x20	 x24:0x00000000 x20:0x00000000  x6=0x00000000
     140355.000 ns	     14034	800032ac	00000013	addi	x0,x0,0	  x0:0x00000000
     140375.000 ns	     14036	800032b0	d0134753	fcvt.s.wu	f14,x6	  x6:0x000003c4 f14=0x00000000
     140745.000 ns	     14073	800032b4	024fc933	div	x18,x31,x4	 x31:0x00000000  x4:0x000003c4 x18=0x00000000
     140765.000 ns	     14075	800032b8	09044cb7	lui	x25,0x9044	 x25=0x09044000
     140785.000 ns	     14077	800032bc	037699b3	mulh	x19,x13,x23	 x13:0x00000000 x23:0x00000000 x19=0x00000000
     140805.000 ns	     14079	800032c0	01288b33	add	x22,x17,x18	 x17:0x0fc00000 x18:0x00000000 x22=0x0fc00000
     140815.000 ns	     14080	800032c4	203e4393	xori	x7,x28,515	 x28:0x92d0e1f8  x7=0x92d0e3fb
     140825.000 ns	     14081	800032c8	c1b04513	xori	x10,x0,-997	  x0:0x00000000 x10=0xfffffc1b
     140845.000 ns	     14083	800032cc	f00c8b53	fmv.w.x	f22,x25	 x25:0x09044000 f22=0x09044000
     140885.000 ns	     14087	800032d0	103379d3	fmul.s	f19,f6,f3	  f6:0x7fc00000  f3:0x7fc00000 f19=0x7fc00000
     140915.000 ns	     14090	800032d4	20d309d3	fsgnj.s	f19,f6,f13	  f6:0x7fc00000 f13:0x7fc00000 f19=0x7fc00000
     140945.000 ns	     14093	800032d8	f00704d3	fmv.w.x	f9,x14	 x14:0x80041024  f9=0x80041024
     140975.000 ns	     14096	800032dc	28ab0ed3	fmin.s	f29,f22,f10	 f22:0x09044000 f10:0x7fc00000 f29=0x09044000
     141015.000 ns	     14100	800032e0	580173d3	fsqrt.s	f7,f2	  f2:0x00000000  f7=0x00000000
     141035.000 ns	     14102	800032e4	62dba413	slti	x8,x23,1581	 x23:0x00000000  x8=0x00000001
     141055.000 ns	     14104	800032e8	f00b8153	fmv.w.x	f2,x23	 x23:0x00000000  f2=0x00000000
     141075.000 ns	     14106	800032ec	bdb37213	andi	x4,x6,-1061	  x6:0x00000000  x4=0x00000000
     141085.000 ns	     14107	800032f0	01605233	srl	x4,x0,x22	  x0:0x00000000 x22:0x0fc00000  x4=0x00000000
     141105.000 ns	     14109	800032f4	281e84d3	fmin.s	f9,f29,f1	 f29:0x09044000  f1:0x7fc00000  f9=0x09044000
     141135.000 ns	     14112	800032f8	f00581d3	fmv.w.x	f3,x11	 x11:0xffffffff  f3=0xffffffff
     141155.000 ns	     14114	800032fc	0029afb3	slt	x31,x19,x2	 x19:0x00000000  x2:0x80040fe4 x31=0x00000000
     141175.000 ns	     14116	80003300	291595d3	fmax.s	f11,f11,f17	 f11:0x00000000 f17:0x4f00040f f11=0x4f00040f
     141205.000 ns	     14119	80003304	025ea4b3	mulhsu	x9,x29,x5	 x29:0x7fc00000  x5:0x00000004  x9=0x00000001
     141225.000 ns	     14121	80003308	cda6a393	slti	x7,x13,-806	 x13:0x00000000  x7=0x00000000
     141235.000 ns	     14122	8000330c	23fdb797	auipc	x15,0x23fdb	 x15=0xa3fde30c
     141255.000 ns	     14124	80003310	299f9753	fmax.s	f14,f31,f25	 f31:0x7fc00000 f25:0xffc00000 f14=0x7fc00000
     141275.000 ns	     14126	80003314	014cf4b3	and	x9,x25,x20	 x25:0x09044000 x20:0x00000000  x9=0x00000000
     141285.000 ns	     14127	80003318	adac6a93	ori	x21,x24,-1318	 x24:0x00000000 x21=0xfffffada
     141305.000 ns	     14129	8000331c	02495f33	divu	x30,x18,x4	 x18:0x00000000  x4:0x00000000 x30=0xffffffff
     141335.000 ns	     14132	80003320	20ed1ed3	fsgnjn.s	f29,f26,f14	 f26:0x00000001 f14:0x7fc00000 f29=0x80000001
     141355.000 ns	     14134	80003324	01419c93	slli	x25,x3,0x14	  x3:0x00000001 x25=0x00100000
     141365.000 ns	     14135	80003328	00e582b3	add	x5,x11,x14	 x11:0xffffffff x14:0x80041024  x5=0x80041023
     141375.000 ns	     14136	8000332c	8f6b5f97	auipc	x31,0x8f6b5	 x31=0x0f6b832c
     141385.000 ns	     14137	80003330	64718413	addi	x8,x3,1607	  x3:0x00000001  x8=0x00000648
     141405.000 ns	     14139	80003334	d0017853	fcvt.s.w	f16,x2	  x2:0x80040fe4 f16=0xcefff7e0
     141425.000 ns	     14141	80003338	005061b3	or	x3,x0,x5	  x0:0x00000000  x5:0x80041023  x3=0x80041023
     141445.000 ns	     14143	8000333c	a0b029d3	feq.s	x19,f0,f11	  f0:0x7fc00000 f11:0x4f00040f x19=0x00000000
     141475.000 ns	     14146	80003340	28450053	fmin.s	f0,f10,f4	 f10:0x7fc00000  f4:0xff800000  f0=0xff800000
     141505.000 ns	     14149	80003344	28ec0e53	fmin.s	f28,f24,f14	 f24:0x0fc00000 f14:0x7fc00000 f28=0x0fc00000
     141525.000 ns	     14151	80003348	01ce93b3	sll	x7,x29,x28	 x29:0x7fc00000 x28:0x92d0e1f8  x7=0x00000000
     141545.000 ns	     14153	8000334c	02ab0e33	mul	x28,x22,x10	 x22:0x0fc00000 x10:0xfffffc1b x28=0xa9400000
     141575.000 ns	     14156	80003350	020a3cb3	mulhu	x25,x20,x0	 x20:0x00000000  x0:0x00000000 x25=0x00000000
     141605.000 ns	     14159	80003354	c006f8d3	fcvt.w.s	x17,f13	 f13:0x7fc00000 x17=0x7fffffff
     141625.000 ns	     14161	80003358	e5157197	auipc	x3,0xe5157	  x3=0x6515a358
     141635.000 ns	     14162	8000335c	40d65193	srai	x3,x12,0xd	 x12:0x6b384e80  x3=0x000359c2
     141645.000 ns	     14163	80003360	0095df13	srli	x30,x11,0x9	 x11:0xffffffff x30=0x007fffff
     141665.000 ns	     14165	80003364	c00c19d3	fcvt.w.s	x19,f24	 f24:0x0fc00000 x19=0x00000000
     141695.000 ns	     14168	80003368	c01cfcd3	fcvt.wu.s	x25,f25	 f25:0xffc00000 x25=0xffffffff
     141715.000 ns	     14170	8000336c	41c88db3	sub	x27,x17,x28	 x17:0x7fffffff x28:0xa9400000 x27=0xd6bfffff
     141735.000 ns	     14172	80003370	03873a33	mulhu	x20,x14,x24	 x14:0x80041024 x24:0x00000000 x20=0x00000000
     141755.000 ns	     14174	80003374	00b03533	sltu	x10,x0,x11	  x0:0x00000000 x11:0xffffffff x10=0x00000001
     141795.000 ns	     14178	80003378	08be9b53	fsub.s	f22,f29,f11	 f29:0x80000001 f11:0x4f00040f f22=0xcf00040f
     141815.000 ns	     14180	8000337c	01a65093	srli	x1,x12,0x1a	 x12:0x6b384e80  x1=0x0000001a
     141825.000 ns	     14181	80003380	ee394d93	xori	x27,x18,-285	 x18:0x00000000 x27=0xfffffee3
     141855.000 ns	     14184	80003384	580373d3	fsqrt.s	f7,f6	  f6:0x7fc00000  f7=0x7fc00000
     141875.000 ns	     14186	80003388	b1ce2e93	slti	x29,x28,-1252	 x28:0xa9400000 x29=0x00000001
     141885.000 ns	     14187	8000338c	01b720b3	slt	x1,x14,x27	 x14:0x80041024 x27:0xfffffee3  x1=0x00000001
     141895.000 ns	     14188	80003390	015a2433	slt	x8,x20,x21	 x20:0x00000000 x21:0xfffffada  x8=0x00000000
     141915.000 ns	     14190	80003394	296b17d3	fmax.s	f15,f22,f22	 f22:0xcf00040f f22:0xcf00040f f15=0xcf00040f
     141945.000 ns	     14193	80003398	03c12a33	mulhsu	x20,x2,x28	  x2:0x80040fe4 x28:0xa9400000 x20=0xab62af81
     141975.000 ns	     14196	8000339c	d00cf9d3	fcvt.s.w	f19,x25	 x25:0xffffffff f19=0xbf800000
     142345.000 ns	     14233	800033a0	02c4c6b3	div	x13,x9,x12	  x9:0x00000000 x12:0x6b384e80 x13=0x00000000
     142365.000 ns	     14235	800033a4	008ca1b3	slt	x3,x25,x8	 x25:0xffffffff  x8:0x00000000  x3=0x00000001
     142395.000 ns	     14238	800033a8	1962fb53	fdiv.s	f22,f5,f22	  f5:0x00000000 f22:0xcf00040f f22=0x80000000
     142445.000 ns	     14243	800033ac	0851fad3	fsub.s	f21,f3,f5	  f3:0xffffffff  f5:0x00000000 f21=0x7fc00000
     142485.000 ns	     14247	800033b0	107cbed3	fmul.s	f29,f25,f7	 f25:0xffc00000  f7:0x7fc00000 f29=0x7fc00000
     142515.000 ns	     14250	800033b4	c002c2d3	fcvt.w.s	x5,f5	  f5:0x00000000  x5=0x00000000
     142535.000 ns	     14252	800033b8	01f45d33	srl	x26,x8,x31	  x8:0x00000000 x31:0x0f6b832c x26=0x00000000
     142555.000 ns	     14254	800033bc	03730cb3	mul	x25,x6,x23	  x6:0x00000000 x23:0x00000000 x25=0x00000000
     142585.000 ns	     14257	800033c0	d00442d3	fcvt.s.w	f5,x8	  x8:0x00000000  f5=0x00000000
     142605.000 ns	     14259	800033c4	01205613	srli	x12,x0,0x12	  x0:0x00000000 x12=0x00000000
     142615.000 ns	     14260	800033c8	41eb5a13	srai	x20,x22,0x1e	 x22:0x0fc00000 x20=0x00000000
     142635.000 ns	     14262	800033cc	a1780e53	fle.s	x28,f16,f23	 f16:0xcefff7e0 f23:0x7fc00000 x28=0x00000000
     142675.000 ns	     14266	800033d0	11977b53	fmul.s	f22,f14,f25	 f14:0x7fc00000 f25:0xffc00000 f22=0x7fc00000
     142695.000 ns	     14268	800033d4	f392fb93	andi	x23,x5,-199	  x5:0x00000000 x23=0x00000000
     142715.000 ns	     14270	800033d8	f0048c53	fmv.w.x	f24,x9	  x9:0x00000000 f24=0x00000000
     142745.000 ns	     14273	800033dc	e00d89d3	fmv.x.w	x19,f27	 f27:0x7fc00000 x19=0x7fc00000
     143115.000 ns	     14310	800033e0	03d04633	div	x12,x0,x29	  x0:0x00000000 x29:0x00000001 x12=0x00000000
     143145.000 ns	     14313	800033e4	e0021953	fclass.s	x18,f4	  f4:0xff800000 x18=0x00000001
     143185.000 ns	     14317	800033e8	185f8c53	fdiv.s	f24,f31,f5	 f31:0x7fc00000  f5:0x00000000 f24=0x7fc00000
     143555.000 ns	     14354	800033ec	02105fb3	divu	x31,x0,x1	  x0:0x00000000  x1:0x00000001 x31=0x00000000
     143575.000 ns	     14356	800033f0	51421337	lui	x6,0x51421	  x6=0x51421000
     143585.000 ns	     14357	800033f4	58063213	sltiu	x4,x12,1408	 x12:0x00000000  x4=0x00000001
     143605.000 ns	     14359	800033f8	a1541c53	flt.s	x24,f8,f21	  f8:0x7fc00000 f21:0x7fc00000 x24=0x00000000
     143625.000 ns	     14361	800033fc	c713e013	ori	x0,x7,-911	  x7:0x00000000
     143645.000 ns	     14363	80003400	e0088953	fmv.x.w	x18,f17	 f17:0x4f00040f x18=0x4f00040f
     144015.000 ns	     14400	80003404	021cd0b3	divu	x1,x25,x1	 x25:0x00000000  x1:0x00000001  x1=0x00000000
     144035.000 ns	     14402	80003408	01ae23b3	slt	x7,x28,x26	 x28:0x00000000 x26:0x00000000  x7=0x00000000
     144045.000 ns	     14403	8000340c	37c01797	auipc	x15,0x37c01	 x15=0xb7c0440c
     144055.000 ns	     14404	80003410	5d263593	sltiu	x11,x12,1490	 x12:0x00000000 x11=0x00000001
     144065.000 ns	     14405	80003414	99f42b13	slti	x22,x8,-1633	  x8:0x00000000 x22=0x00000000
     144085.000 ns	     14407	80003418	e00000d3	fmv.x.w	x1,f0	  f0:0xff800000  x1=0xff800000
     144105.000 ns	     14409	8000341c	a55bee17	auipc	x28,0xa55be	 x28=0x255c141c
     144125.000 ns	     14411	80003420	030f10b3	mulh	x1,x30,x16	 x30:0x007fffff x16:0x00000004  x1=0x00000000
     144145.000 ns	     14413	80003424	00000013	addi	x0,x0,0	  x0:0x00000000
     144155.000 ns	     14414	80003428	8e3f4493	xori	x9,x30,-1821	 x30:0x007fffff  x9=0xff80071c
     144175.000 ns	     14416	8000342c	d00efed3	fcvt.s.w	f29,x29	 x29:0x00000001 f29=0x3f800000
     144195.000 ns	     14418	80003430	307cab13	slti	x22,x25,775	 x25:0x00000000 x22=0x00000001
     144215.000 ns	     14420	80003434	02876cb3	rem	x25,x14,x8	 x14:0x80041024  x8:0x00000000 x25=0x80041024
     144245.000 ns	     14423	80003438	d010fcd3	fcvt.s.wu	f25,x1	  x1:0x00000000 f25=0x00000000
     144275.000 ns	     14426	8000343c	d008f053	fcvt.s.w	f0,x17	 x17:0x7fffffff  f0=0x4effffff
     144305.000 ns	     14429	80003440	038245b3	div	x11,x4,x24	  x4:0x00000001 x24:0x00000000 x11=0xffffffff
     144325.000 ns	     14431	80003444	00ca6933	or	x18,x20,x12	 x20:0x00000000 x12:0x00000000 x18=0x00000000
     144335.000 ns	     14432	80003448	f1372f97	auipc	x31,0xf1372	 x31=0x71375448
     144375.000 ns	     14436	8000344c	08e7fb53	fsub.s	f22,f15,f14	 f15:0xcf00040f f14:0x7fc00000 f22=0x7fc00000
     144745.000 ns	     14473	80003450	0244c2b3	div	x5,x9,x4	  x9:0xff80071c  x4:0x00000001  x5=0xff80071c
     144765.000 ns	     14475	80003454	1ace6c13	ori	x24,x28,428	 x28:0x255c141c x24=0x255c15bc
     144785.000 ns	     14477	80003458	03eb13b3	mulh	x7,x22,x30	 x22:0x00000001 x30:0x007fffff  x7=0x00000000
     144815.000 ns	     14480	8000345c	284290d3	fmax.s	f1,f5,f4	  f5:0x00000000  f4:0xff800000  f1=0x00000000
     144845.000 ns	     14483	80003460	c01cf653	fcvt.wu.s	x12,f25	 f25:0x00000000 x12=0x00000000
     144875.000 ns	     14486	80003464	29c48953	fmin.s	f18,f9,f28	  f9:0x09044000 f28:0x0fc00000 f18=0x09044000
     144905.000 ns	     14489	80003468	21610b53	fsgnj.s	f22,f2,f22	  f2:0x00000000 f22:0x7fc00000 f22=0x00000000
     144925.000 ns	     14491	8000346c	00000013	addi	x0,x0,0	  x0:0x00000000
     144965.000 ns	     14495	80003470	01c4fe53	fadd.s	f28,f9,f28	  f9:0x09044000 f28:0x0fc00000 f28=0x0fc00422
     144995.000 ns	     14498	80003474	02893e33	mulhu	x28,x18,x8	 x18:0x00000000  x8:0x00000000 x28=0x00000000
     145015.000 ns	     14500	80003478	008d26b3	slt	x13,x26,x8	 x26:0x00000000  x8:0x00000000 x13=0x00000000
     145045.000 ns	     14503	8000347c	19bfb4d3	fdiv.s	f9,f31,f27	 f31:0x7fc00000 f27:0x7fc00000  f9=0x7fc00000
     145075.000 ns	     14506	80003480	a0e60d53	fle.s	x26,f12,f14	 f12:0x00000000 f14:0x7fc00000 x26=0x00000000
     145095.000 ns	     14508	80003484	013f1c13	slli	x24,x30,0x13	 x30:0x007fffff x24=0xfff80000
     145115.000 ns	     14510	80003488	024f1bb3	mulh	x23,x30,x4	 x30:0x007fffff  x4:0x00000001 x23=0x00000000
     145135.000 ns	     14512	8000348c	00ddf433	and	x8,x27,x13	 x27:0xfffffee3 x13:0x00000000  x8=0x00000000
     145145.000 ns	     14513	80003490	000b05b3	add	x11,x22,x0	 x22:0x00000001  x0:0x00000000 x11=0x00000001
     145165.000 ns	     14515	80003494	d00971d3	fcvt.s.w	f3,x18	 x18:0x00000000  f3=0x00000000
     145215.000 ns	     14520	80003498	015afe53	fadd.s	f28,f21,f21	 f21:0x7fc00000 f21:0x7fc00000 f28=0x7fc00000
     145235.000 ns	     14522	8000349c	01b2db33	srl	x22,x5,x27	  x5:0xff80071c x27:0xfffffee3 x22=0x1ff000e3
     145255.000 ns	     14524	800034a0	033c3bb3	mulhu	x23,x24,x19	 x24:0xfff80000 x19:0x7fc00000 x23=0x7fbc0200
     145285.000 ns	     14527	800034a4	02349d33	mulh	x26,x9,x3	  x9:0xff80071c  x3:0x00000001 x26=0xffffffff
     145315.000 ns	     14530	800034a8	209826d3	fsgnjx.s	f13,f16,f9	 f16:0xcefff7e0  f9:0x7fc00000 f13=0xcefff7e0
     146495.000 ns	     14648	800034ac	5808a8d3	fsqrt.s	f17,f17	 f17:0x4f00040f f17=0x46b50a40
     146525.000 ns	     14651	800034b0	204693d3	fsgnjn.s	f7,f13,f4	 f13:0xcefff7e0  f4:0xff800000  f7=0x4efff7e0
     146545.000 ns	     14653	800034b4	7a61c613	xori	x12,x3,1958	  x3:0x00000001 x12=0x000007a7
     146555.000 ns	     14654	800034b8	0039fdb3	and	x27,x19,x3	 x19:0x7fc00000  x3:0x00000001 x27=0x00000000
     146565.000 ns	     14655	800034bc	00478233	add	x4,x15,x4	 x15:0xb7c0440c  x4:0x00000001  x4=0xb7c0440d
     146585.000 ns	     14657	800034c0	d00e0ed3	fcvt.s.w	f29,x28	 x28:0x00000000 f29=0x00000000
     146605.000 ns	     14659	800034c4	00109193	slli	x3,x1,0x1	  x1:0x00000000  x3=0x00000000
     146625.000 ns	     14661	800034c8	e00508d3	fmv.x.w	x17,f10	 f10:0x7fc00000 x17=0x7fc00000
     146645.000 ns	     14663	800034cc	414683b3	sub	x7,x13,x20	 x13:0x00000000 x20:0x00000000  x7=0x00000000
     147005.000 ns	     14699	800034d0	02f2fcb3	remu	x25,x5,x15	  x5:0xff80071c x15:0xb7c0440c x25=0x47bfc310
     147035.000 ns	     14702	800034d4	023252b3	divu	x5,x4,x3	  x4:0xb7c0440d  x3:0x00000000  x5=0xffffffff
     147055.000 ns	     14704	800034d8	99e0b517	auipc	x10,0x99e0b	 x10=0x19e0e4d8
     147075.000 ns	     14706	800034dc	c00582d3	fcvt.w.s	x5,f11	 f11:0x4f00040f  x5=0x7fffffff
     147445.000 ns	     14743	800034e0	02f1c5b3	div	x11,x3,x15	  x3:0x00000000 x15:0xb7c0440c x11=0x00000000
     147495.000 ns	     14748	800034e4	09259cd3	fsub.s	f25,f11,f18	 f11:0x4f00040f f18:0x09044000 f25=0x4f00040f
     147515.000 ns	     14750	800034e8	007e5313	srli	x6,x28,0x7	 x28:0x00000000  x6=0x00000000
     147525.000 ns	     14751	800034ec	5fe10897	auipc	x17,0x5fe10	 x17=0xdfe134ec
     147545.000 ns	     14753	800034f0	f0010953	fmv.w.x	f18,x2	  x2:0x80040fe4 f18=0x80040fe4
     147565.000 ns	     14755	800034f4	01bf55b3	srl	x11,x30,x27	 x30:0x007fffff x27:0x00000000 x11=0x007fffff
     147585.000 ns	     14757	800034f8	c01ff353	fcvt.wu.s	x6,f31	 f31:0x7fc00000  x6=0xffffffff
     147635.000 ns	     14762	800034fc	0954fbd3	fsub.s	f23,f9,f21	  f9:0x7fc00000 f21:0x7fc00000 f23=0x7fc00000
     147655.000 ns	     14764	80003500	40fa8633	sub	x12,x21,x15	 x21:0xfffffada x15:0xb7c0440c x12=0x483fb6ce
     147665.000 ns	     14765	80003504	008017b3	sll	x15,x0,x8	  x0:0x00000000  x8:0x00000000 x15=0x00000000
     147675.000 ns	     14766	80003508	4041df13	srai	x30,x3,0x4	  x3:0x00000000 x30=0x00000000
     147695.000 ns	     14768	8000350c	02f4dbb3	divu	x23,x9,x15	  x9:0xff80071c x15:0xb7c0440c x23=0xffffffff
     147725.000 ns	     14771	80003510	e00c0fd3	fmv.x.w	x31,f24	 f24:0x7fc00000 x31=0x7fc00000
     147755.000 ns	     14774	80003514	c01ef653	fcvt.wu.s	x12,f29	 f29:0x00000000 x12=0x00000000
     147785.000 ns	     14777	80003518	02c3e3b3	rem	x7,x7,x12	  x7:0x00000000 x12:0x483fb6ce  x7=0x00000000
     148155.000 ns	     14814	8000351c	022e5eb3	divu	x29,x28,x2	 x28:0x00000000  x2:0x80040fe4 x29=0x00000000
     148185.000 ns	     14817	80003520	20bd00d3	fsgnj.s	f1,f26,f11	 f26:0x00000001 f11:0x4f00040f  f1=0x00000001
     148215.000 ns	     14820	80003524	e0019ed3	fclass.s	x29,f3	  f3:0x00000000 x29=0x00000010
     148585.000 ns	     14857	80003528	03585a33	divu	x20,x16,x21	 x16:0x00000004 x21:0xfffffada x20=0x00000000
     148615.000 ns	     14860	8000352c	e00790d3	fclass.s	x1,f15	 f15:0xcf00040f  x1=0x00000002
     148635.000 ns	     14862	80003530	01bbca33	xor	x20,x23,x27	 x23:0xffffffff x27:0x00000000 x20=0xffffffff
     148655.000 ns	     14864	80003534	02930a33	mul	x20,x6,x9	  x6:0xffffffff  x9:0xff80071c x20=0x007ff8e4
     148675.000 ns	     14866	80003538	00b593b3	sll	x7,x11,x11	 x11:0x007fffff x11:0x007fffff  x7=0x80000000
     148685.000 ns	     14867	8000353c	012a03b3	add	x7,x20,x18	 x20:0x007ff8e4 x18:0x00000000  x7=0x007ff8e4
     148715.000 ns	     14870	80003540	19c896d3	fdiv.s	f13,f17,f28	 f17:0x46b50a40 f28:0x7fc00000 f13=0x7fc00000
     148745.000 ns	     14873	80003544	03c5dfb3	divu	x31,x11,x28	 x11:0x007fffff x28:0x00000000 x31=0xffffffff
     148765.000 ns	     14875	80003548	01ac6433	or	x8,x24,x26	 x24:0xfff80000 x26:0xffffffff  x8=0xffffffff
     148785.000 ns	     14877	8000354c	d01f3b53	fcvt.s.wu	f22,x30	 x30:0x00000000 f22=0x00000000
     148815.000 ns	     14880	80003550	21baa253	fsgnjx.s	f4,f21,f27	 f21:0x7fc00000 f27:0x7fc00000  f4=0x7fc00000
     148835.000 ns	     14882	80003554	007bec33	or	x24,x23,x7	 x23:0xffffffff  x7:0x007ff8e4 x24=0xffffffff
     148845.000 ns	     14883	80003558	41eb09b3	sub	x19,x22,x30	 x22:0x1ff000e3 x30:0x00000000 x19=0x1ff000e3
     148865.000 ns	     14885	8000355c	03b20333	mul	x6,x4,x27	  x4:0xb7c0440d x27:0x00000000  x6=0x00000000
     149235.000 ns	     14922	80003560	02b6c4b3	div	x9,x13,x11	 x13:0x00000000 x11:0x007fffff  x9=0x00000000
     149255.000 ns	     14924	80003564	00000013	addi	x0,x0,0	  x0:0x00000000
     149275.000 ns	     14926	80003568	038901b3	mul	x3,x18,x24	 x18:0x00000000 x24:0xffffffff  x3=0x00000000
     149305.000 ns	     14929	8000356c	286e0ad3	fmin.s	f21,f28,f6	 f28:0x7fc00000  f6:0x7fc00000 f21=0x7fc00000
     149325.000 ns	     14931	80003570	00d06c33	or	x24,x0,x13	  x0:0x00000000 x13:0x00000000 x24=0x00000000
     149335.000 ns	     14932	80003574	009f3bb3	sltu	x23,x30,x9	 x30:0x00000000  x9:0x00000000 x23=0x00000000
     149355.000 ns	     14934	80003578	c00bfbd3	fcvt.w.s	x23,f23	 f23:0x7fc00000 x23=0x7fffffff
     149375.000 ns	     14936	8000357c	da5cdf37	lui	x30,0xda5cd	 x30=0xda5cd000
     149385.000 ns	     14937	80003580	17564513	xori	x10,x12,373	 x12:0x00000000 x10=0x00000175
     149405.000 ns	     14939	80003584	0329e5b3	rem	x11,x19,x18	 x19:0x1ff000e3 x18:0x00000000 x11=0x1ff000e3
     149445.000 ns	     14943	80003588	58067b53	fsqrt.s	f22,f12	 f12:0x00000000 f22=0x00000000
     149815.000 ns	     14980	8000358c	0307c4b3	div	x9,x15,x16	 x15:0x00000000 x16:0x00000004  x9=0x00000000
     149835.000 ns	     14982	80003590	bbc12b97	auipc	x23,0xbbc12	 x23=0x3bc15590
     149855.000 ns	     14984	80003594	034e2eb3	mulhsu	x29,x28,x20	 x28:0x00000000 x20:0x007ff8e4 x29=0x00000000
     149905.000 ns	     14989	80003598	09c38cd3	fsub.s	f25,f7,f28	  f7:0x4efff7e0 f28:0x7fc00000 f25=0x7fc00000
     149925.000 ns	     14991	8000359c	b36f4537	lui	x10,0xb36f4	 x10=0xb36f4000
     149935.000 ns	     14992	800035a0	19c62293	slti	x5,x12,412	 x12:0x00000000  x5=0x00000001
     149945.000 ns	     14993	800035a4	412d8433	sub	x8,x27,x18	 x27:0x00000000 x18:0x00000000  x8=0x00000000
     149955.000 ns	     14994	800035a8	00e011b3	sll	x3,x0,x14	  x0:0x00000000 x14:0x80041024  x3=0x00000000
     149975.000 ns	     14996	800035ac	a0a787d3	fle.s	x15,f15,f10	 f15:0xcf00040f f10:0x7fc00000 x15=0x00000000
     149995.000 ns	     14998	800035b0	ed2f8293	addi	x5,x31,-302	 x31:0xffffffff  x5=0xfffffed1
     150005.000 ns	     14999	800035b4	01e8d913	srli	x18,x17,0x1e	 x17:0xdfe134ec x18=0x00000003
     150015.000 ns	     15000	800035b8	00f29eb3	sll	x29,x5,x15	  x5:0x00000001 x15:0x00000000 x29=0xfffffed1
     150025.000 ns	     15001	800035bc	aca9f013	andi	x0,x19,-1334	 x19:0x1ff000e3
     150035.000 ns	     15002	800035c0	40d0dd93	srai	x27,x1,0xd	  x1:0x00000002 x27=0x00000000
     150055.000 ns	     15004	800035c4	a0b9a3d3	feq.s	x7,f19,f11	 f19:0xbf800000 f11:0x4f00040f  x7=0x00000000
     150075.000 ns	     15006	800035c8	78f649b7	lui	x19,0x78f64	 x19=0x78f64000
     150085.000 ns	     15007	800035cc	40775893	srai	x17,x14,0x7	 x14:0x80041024 x17=0xff000820
     150105.000 ns	     15009	800035d0	a0a92453	feq.s	x8,f18,f10	 f18:0x80040fe4 f10:0x7fc00000  x8=0x00000000
     150145.000 ns	     15013	800035d4	11057bd3	fmul.s	f23,f10,f16	 f10:0x7fc00000 f16:0xcefff7e0 f23=0x7fc00000
     150175.000 ns	     15016	800035d8	21e816d3	fsgnjn.s	f13,f16,f30	 f16:0xcefff7e0 f30:0xfb08aedc f13=0x4efff7e0
     150195.000 ns	     15018	800035dc	00d53633	sltu	x12,x10,x13	 x10:0xb36f4000 x13:0x00000000 x12=0x00000000
     150215.000 ns	     15020	800035e0	a09c8053	fle.s	x0,f25,f9	 f25:0x7fc00000  f9:0x7fc00000
     150235.000 ns	     15022	800035e4	74500513	addi	x10,x0,1861	  x0:0x00000000 x10=0x00000745
     150245.000 ns	     15023	800035e8	bb922f13	slti	x30,x4,-1095	  x4:0xb7c0440d x30=0x00000001
     150255.000 ns	     15024	800035ec	a3086317	auipc	x6,0xa3086	  x6=0x230895ec
     150265.000 ns	     15025	800035f0	01bad2b3	srl	x5,x21,x27	 x21:0xfffffada x27:0x00000000  x5=0xfffffada
     150285.000 ns	     15027	800035f4	e00718d3	fclass.s	x17,f14	 f14:0x7fc00000 x17=0x00000200
     150315.000 ns	     15030	800035f8	e0019bd3	fclass.s	x23,f3	  f3:0x00000000 x23=0x00000010
     150345.000 ns	     15033	800035fc	a01da053	feq.s	x0,f27,f1	 f27:0x7fc00000  f1:0x00000001
     150715.000 ns	     15070	80003600	02a543b3	div	x7,x10,x10	 x10:0x00000745 x10:0x00000745  x7=0x00000001
     150745.000 ns	     15073	80003604	c0177fd3	fcvt.wu.s	x31,f14	 f14:0x7fc00000 x31=0xffffffff
     150765.000 ns	     15075	80003608	10edcc37	lui	x24,0x10edc	 x24=0x10edc000
     150785.000 ns	     15077	8000360c	03021cb3	mulh	x25,x4,x16	  x4:0xb7c0440d x16:0x00000004 x25=0xfffffffe
     150815.000 ns	     15080	80003610	02fa0fb3	mul	x31,x20,x15	 x20:0x007ff8e4 x15:0x00000000 x31=0x00000000
     150835.000 ns	     15082	80003614	00000013	addi	x0,x0,0	  x0:0x00000000
     150845.000 ns	     15083	80003618	84df7693	andi	x13,x30,-1971	 x30:0x00000001 x13=0x00000001
     150865.000 ns	     15085	8000361c	d01f7cd3	fcvt.s.wu	f25,x30	 x30:0x00000001 f25=0x3f800000
     150885.000 ns	     15087	80003620	409edc33	sra	x24,x29,x9	 x29:0xfffffed1  x9:0x00000000 x24=0xfffffed1
     150905.000 ns	     15089	80003624	20138fd3	fsgnj.s	f31,f7,f1	  f7:0x4efff7e0  f1:0x00000001 f31=0x4efff7e0
     150925.000 ns	     15091	80003628	28a99917	auipc	x18,0x28a99	 x18=0xa8a9c628
     150945.000 ns	     15093	8000362c	e00705d3	fmv.x.w	x11,f14	 f14:0x7fc00000 x11=0x7fc00000
     151315.000 ns	     15130	80003630	024efab3	remu	x21,x29,x4	 x29:0xfffffed1  x4:0xb7c0440d x21=0x483fbac4
     151685.000 ns	     15167	80003634	022af233	remu	x4,x21,x2	 x21:0xfffffada  x2:0x80040fe4  x4=0x483fbac4
     151705.000 ns	     15169	80003638	010d7cb3	and	x25,x26,x16	 x26:0xffffffff x16:0x00000004 x25=0x00000004
     151725.000 ns	     15171	8000363c	203d90d3	fsgnjn.s	f1,f27,f3	 f27:0x7fc00000  f3:0x00000000  f1=0xffc00000
     151755.000 ns	     15174	80003640	219e9e53	fsgnjn.s	f28,f29,f25	 f29:0x00000000 f25:0x3f800000 f28=0x80000000
     151775.000 ns	     15176	80003644	491d7d97	auipc	x27,0x491d7	 x27=0xc91da644
     151795.000 ns	     15178	80003648	0355a533	mulhsu	x10,x11,x21	 x11:0x7fc00000 x21:0x483fbac4 x10=0x240dcd73
     151835.000 ns	     15182	8000364c	188d7953	fdiv.s	f18,f26,f8	 f26:0x00000001  f8:0x7fc00000 f18=0x7fc00000
     151875.000 ns	     15186	80003650	18427f53	fdiv.s	f30,f4,f4	  f4:0x7fc00000  f4:0x7fc00000 f30=0x7fc00000
     151895.000 ns	     15188	80003654	41e25933	sra	x18,x4,x30	  x4:0x483fbac4 x30:0x00000001 x18=0x241fdd62
     152255.000 ns	     15224	80003658	039440b3	div	x1,x8,x25	  x8:0x00000000 x25:0x00000004  x1=0x00000000
     152295.000 ns	     15228	8000365c	580ab453	fsqrt.s	f8,f21	 f21:0x7fc00000  f8=0x7fc00000
     152315.000 ns	     15230	80003660	00efa433	slt	x8,x31,x14	 x31:0x00000000 x14:0x80041024  x8=0x00000000
     152325.000 ns	     15231	80003664	00000013	addi	x0,x0,0	  x0:0x00000000
     152335.000 ns	     15232	80003668	00c71513	slli	x10,x14,0xc	 x14:0x80041024 x10=0x41024000
     152345.000 ns	     15233	8000366c	00c53db3	sltu	x27,x10,x12	 x10:0x240dcd73 x12:0x00000000 x27=0x00000000
     152365.000 ns	     15235	80003670	02eeb433	mulhu	x8,x29,x14	 x29:0xfffffed1 x14:0x80041024  x8=0x80040f8c
     152395.000 ns	     15238	80003674	c01b76d3	fcvt.wu.s	x13,f22	 f22:0x00000000 x13=0x00000000
     152445.000 ns	     15243	80003678	019915d3	fadd.s	f11,f18,f25	 f18:0x7fc00000 f25:0x3f800000 f11=0x7fc00000
     152465.000 ns	     15245	8000367c	01f45e33	srl	x28,x8,x31	  x8:0x80040f8c x31:0x00000000 x28=0x80040f8c
     152475.000 ns	     15246	80003680	402bd0b3	sra	x1,x23,x2	 x23:0x00000010  x2:0x80040fe4  x1=0x00000001
     152485.000 ns	     15247	80003684	01dd5393	srli	x7,x26,0x1d	 x26:0xffffffff  x7=0x00000007
     152525.000 ns	     15251	80003688	092171d3	fsub.s	f3,f2,f18	  f2:0x00000000 f18:0x7fc00000  f3=0x7fc00000
     152545.000 ns	     15253	8000368c	40d50fb3	sub	x31,x10,x13	 x10:0x41024000 x13:0x00000000 x31=0x41024000
     152565.000 ns	     15255	80003690	294600d3	fmin.s	f1,f12,f20	 f12:0x00000000 f20:0x7fc00000  f1=0x00000000
     152585.000 ns	     15257	80003694	013d57b3	srl	x15,x26,x19	 x26:0xffffffff x19:0x78f64000 x15=0xffffffff
     152605.000 ns	     15259	80003698	02fea6b3	mulhsu	x13,x29,x15	 x29:0xfffffed1 x15:0x00000000 x13=0xfffffed1
     152635.000 ns	     15262	8000369c	29fc00d3	fmin.s	f1,f24,f31	 f24:0x7fc00000 f31:0x4efff7e0  f1=0x4efff7e0
     152655.000 ns	     15264	800036a0	54e73d93	sltiu	x27,x14,1358	 x14:0x80041024 x27=0x00000000
     152675.000 ns	     15266	800036a4	c00cf553	fcvt.w.s	x10,f25	 f25:0x3f800000 x10=0x00000001
     152705.000 ns	     15269	800036a8	200f03d3	fsgnj.s	f7,f30,f0	 f30:0x7fc00000  f0:0x4effffff  f7=0x7fc00000
     152735.000 ns	     15272	800036ac	a1e391d3	flt.s	x3,f7,f30	  f7:0x4efff7e0 f30:0x7fc00000  x3=0x00000000
     152765.000 ns	     15275	800036b0	a1732ad3	feq.s	x21,f6,f23	  f6:0x7fc00000 f23:0x7fc00000 x21=0x00000000
     152795.000 ns	     15278	800036b4	e00b06d3	fmv.x.w	x13,f22	 f22:0x00000000 x13=0x00000000
     152835.000 ns	     15282	800036b8	10c907d3	fmul.s	f15,f18,f12	 f18:0x7fc00000 f12:0x00000000 f15=0x7fc00000
     152875.000 ns	     15286	800036bc	19d192d3	fdiv.s	f5,f3,f29	  f3:0x7fc00000 f29:0x00000000  f5=0x7fc00000
     152895.000 ns	     15288	800036c0	62bf9c97	auipc	x25,0x62bf9	 x25=0xe2bfc6c0
     152915.000 ns	     15290	800036c4	285d8353	fmin.s	f6,f27,f5	 f27:0x7fc00000  f5:0x7fc00000  f6=0x7fc00000
     152945.000 ns	     15293	800036c8	03bf0bb3	mul	x23,x30,x27	 x30:0x00000001 x27:0x00000000 x23=0x00000000
     152975.000 ns	     15296	800036cc	a03b8053	fle.s	x0,f23,f3	 f23:0x7fc00000  f3:0x7fc00000
     153015.000 ns	     15300	800036d0	11c64bd3	fmul.s	f23,f12,f28	 f12:0x00000000 f28:0x80000000 f23=0x80000000
     153045.000 ns	     15303	800036d4	a04c2c53	feq.s	x24,f24,f4	 f24:0x7fc00000  f4:0x7fc00000 x24=0x00000000
     153075.000 ns	     15306	800036d8	a1beaf53	feq.s	x30,f29,f27	 f29:0x00000000 f27:0x7fc00000 x30=0x00000000
     153125.000 ns	     15311	800036dc	00213dd3	fadd.s	f27,f2,f2	  f2:0x00000000  f2:0x00000000 f27=0x00000000
     153155.000 ns	     15314	800036e0	d00dfbd3	fcvt.s.w	f23,x27	 x27:0x00000000 f23=0x00000000
     153175.000 ns	     15316	800036e4	01723ab3	sltu	x21,x4,x23	  x4:0x483fbac4 x23:0x00000000 x21=0x00000000
     153195.000 ns	     15318	800036e8	03272433	mulhsu	x8,x14,x18	 x14:0x80041024 x18:0x241fdd62  x8=0xedf0a415
     153215.000 ns	     15320	800036ec	59bf8937	lui	x18,0x59bf8	 x18=0x59bf8000
     153225.000 ns	     15321	800036f0	00815093	srli	x1,x2,0x8	  x2:0x80040fe4  x1=0x0080040f
     153245.000 ns	     15323	800036f4	d002ffd3	fcvt.s.w	f31,x5	  x5:0xfffffada f31=0xc4a4c000
     153275.000 ns	     15326	800036f8	03ecaa33	mulhsu	x20,x25,x30	 x25:0xe2bfc6c0 x30:0x00000000 x20=0x00000000
     153305.000 ns	     15329	800036fc	f00e0953	fmv.w.x	f18,x28	 x28:0x80040f8c f18=0x80040f8c
     153675.000 ns	     15366	80003700	024ccfb3	div	x31,x25,x4	 x25:0xe2bfc6c0  x4:0x483fbac4 x31=0x00000000
     154045.000 ns	     15403	80003704	0314e8b3	rem	x17,x9,x17	  x9:0x00000000 x17:0x00000200 x17=0x00000000
     154065.000 ns	     15405	80003708	5bf56693	ori	x13,x10,1471	 x10:0x00000001 x13=0x000005bf
     154075.000 ns	     15406	8000370c	bb0cc593	xori	x11,x25,-1104	 x25:0xe2bfc6c0 x11=0x1d403d70
     154095.000 ns	     15408	80003710	d0150053	fcvt.s.wu	f0,x10	 x10:0x00000001  f0=0x3f800000
     154115.000 ns	     15410	80003714	0abc6593	ori	x11,x24,171	 x24:0x00000000 x11=0x000000ab
     154135.000 ns	     15412	80003718	a1f60bd3	fle.s	x23,f12,f31	 f12:0x00000000 f31:0xc4a4c000 x23=0x00000000
     154165.000 ns	     15415	8000371c	e0009253	fclass.s	x4,f1	  f1:0x4efff7e0  x4=0x00000040
     154205.000 ns	     15419	80003720	58037e53	fsqrt.s	f28,f6	  f6:0x7fc00000 f28=0x7fc00000
     154225.000 ns	     15421	80003724	d5fa0e13	addi	x28,x20,-673	 x20:0x00000000 x28=0xfffffd5f
     154235.000 ns	     15422	80003728	00d28d33	add	x26,x5,x13	  x5:0xfffffada x13:0x000005bf x26=0x00000099
     154255.000 ns	     15424	8000372c	a0fca2d3	feq.s	x5,f25,f15	 f25:0x3f800000 f15:0x7fc00000  x5=0x00000000
     154285.000 ns	     15427	80003730	a13b99d3	flt.s	x19,f23,f19	 f23:0x00000000 f19:0xbf800000 x19=0x00000000
     154305.000 ns	     15429	80003734	00000013	addi	x0,x0,0	  x0:0x00000000
     154315.000 ns	     15430	80003738	010b8533	add	x10,x23,x16	 x23:0x00000000 x16:0x00000004 x10=0x00000004
     154335.000 ns	     15432	8000373c	03d80033	mul	x0,x16,x29	 x16:0x00000004 x29:0xfffffed1
     154355.000 ns	     15434	80003740	4026d313	srai	x6,x13,0x2	 x13:0x000005bf  x6=0x0000016f
     154375.000 ns	     15436	80003744	a10aaa53	feq.s	x20,f21,f16	 f21:0x7fc00000 f16:0xcefff7e0 x20=0x00000000
     154415.000 ns	     15440	80003748	115b7453	fmul.s	f8,f22,f21	 f22:0x00000000 f21:0x7fc00000  f8=0x7fc00000
     154435.000 ns	     15442	8000374c	8f93a913	slti	x18,x7,-1799	  x7:0x00000007 x18=0x00000000
     154445.000 ns	     15443	80003750	41f285b3	sub	x11,x5,x31	  x5:0x00000000 x31:0x00000000 x11=0x00000000
     154465.000 ns	     15445	80003754	a0481ad3	flt.s	x21,f16,f4	 f16:0xcefff7e0  f4:0x7fc00000 x21=0x00000000
     154485.000 ns	     15447	80003758	0049cb33	xor	x22,x19,x4	 x19:0x00000000  x4:0x00000040 x22=0x00000040
     154495.000 ns	     15448	8000375c	41898bb3	sub	x23,x19,x24	 x19:0x00000000 x24:0x00000000 x23=0x00000000
     154525.000 ns	     15451	80003760	580a05d3	fsqrt.s	f11,f20	 f20:0x7fc00000 f11=0x7fc00000
     154545.000 ns	     15453	80003764	01b53933	sltu	x18,x10,x27	 x10:0x00000004 x27:0x00000000 x18=0x00000000
     154585.000 ns	     15457	80003768	009ff353	fadd.s	f6,f31,f9	 f31:0xc4a4c000  f9:0x7fc00000  f6=0x7fc00000
     154605.000 ns	     15459	8000376c	01f41593	slli	x11,x8,0x1f	  x8:0xedf0a415 x11=0x80000000
     154635.000 ns	     15462	80003770	10f97ed3	fmul.s	f29,f18,f15	 f18:0x80040f8c f15:0x7fc00000 f29=0x7fc00000
     154655.000 ns	     15464	80003774	4b944b93	xori	x23,x8,1209	  x8:0xedf0a415 x23=0xedf0a0ac
     154675.000 ns	     15466	80003778	022b08b3	mul	x17,x22,x2	 x22:0x00000040  x2:0x80040fe4 x17=0x0103f900
     154695.000 ns	     15468	8000377c	01a458b3	srl	x17,x8,x26	  x8:0xedf0a415 x26:0x00000099 x17=0x00000076
     154715.000 ns	     15470	80003780	20941753	fsgnjn.s	f14,f8,f9	  f8:0x7fc00000  f9:0x7fc00000 f14=0xffc00000
     154735.000 ns	     15472	80003784	eb2ff693	andi	x13,x31,-334	 x31:0x00000000 x13=0x00000000
     154745.000 ns	     15473	80003788	b7d56793	ori	x15,x10,-1155	 x10:0x00000004 x15=0xfffffb7d
     155105.000 ns	     15509	8000378c	0277d2b3	divu	x5,x15,x7	 x15:0xffffffff  x7:0x00000007  x5=0x2492487f
     155125.000 ns	     15511	80003790	d069eb17	auipc	x22,0xd069e	 x22=0x506a1790
     155135.000 ns	     15512	80003794	136a6d13	ori	x26,x20,310	 x20:0x00000000 x26=0x00000136
     155155.000 ns	     15514	80003798	c00021d3	fcvt.w.s	x3,f0	  f0:0x3f800000  x3=0x00000001
     155185.000 ns	     15517	8000379c	e00a1653	fclass.s	x12,f20	 f20:0x7fc00000 x12=0x00000200
     155235.000 ns	     15522	800037a0	095203d3	fsub.s	f7,f4,f21	  f4:0x7fc00000 f21:0x7fc00000  f7=0x7fc00000
     155265.000 ns	     15525	800037a4	a070aed3	feq.s	x29,f1,f7	  f1:0x4efff7e0  f7:0x7fc00000 x29=0x00000000
     155315.000 ns	     15530	800037a8	08b07ad3	fsub.s	f21,f0,f11	  f0:0x3f800000 f11:0x7fc00000 f21=0x7fc00000
     155345.000 ns	     15533	800037ac	03fc4533	div	x10,x24,x31	 x24:0x00000000 x31:0x00000000 x10=0xffffffff
     155375.000 ns	     15536	800037b0	29ae0fd3	fmin.s	f31,f28,f26	 f28:0x7fc00000 f26:0x00000001 f31=0x00000001
     155745.000 ns	     15573	800037b4	02135f33	divu	x30,x6,x1	  x6:0x0000016f  x1:0x0080040f x30=0x00000000
     155765.000 ns	     15575	800037b8	00481f13	slli	x30,x16,0x4	 x16:0x00000004 x30=0x00000040
     155785.000 ns	     15577	800037bc	02065433	divu	x8,x12,x0	 x12:0x00000200  x0:0x00000000  x8=0xffffffff
     155815.000 ns	     15580	800037c0	a1271ed3	flt.s	x29,f14,f18	 f14:0xffc00000 f18:0x80040f8c x29=0x00000000
     155845.000 ns	     15583	800037c4	03cc07b3	mul	x15,x24,x28	 x24:0x00000000 x28:0xfffffd5f x15=0x00000000
     155875.000 ns	     15586	800037c8	a1870a53	fle.s	x20,f14,f24	 f14:0xffc00000 f24:0x7fc00000 x20=0x00000000
     155905.000 ns	     15589	800037cc	210e2553	fsgnjx.s	f10,f28,f16	 f28:0x7fc00000 f16:0xcefff7e0 f10=0xffc00000
     156275.000 ns	     15626	800037d0	023443b3	div	x7,x8,x3	  x8:0xffffffff  x3:0x00000001  x7=0xffffffff
     156305.000 ns	     15629	800037d4	02e781b3	mul	x3,x15,x14	 x15:0x00000000 x14:0x80041024  x3=0x00000000
     156675.000 ns	     15666	800037d8	0224ceb3	div	x29,x9,x2	  x9:0x00000000  x2:0x80040fe4 x29=0x00000000
     156695.000 ns	     15668	800037dc	01cadc33	srl	x24,x21,x28	 x21:0x00000000 x28:0xfffffd5f x24=0x00000000
     156705.000 ns	     15669	800037e0	006b5fb3	srl	x31,x22,x6	 x22:0x506a1790  x6:0x0000016f x31=0x0000a0d4
     156725.000 ns	     15671	800037e4	d01d4f53	fcvt.s.wu	f30,x26	 x26:0x00000136 f30=0x439b0000
     156755.000 ns	     15674	800037e8	29fd02d3	fmin.s	f5,f26,f31	 f26:0x00000001 f31:0x00000001  f5=0x00000001
     156785.000 ns	     15677	800037ec	216b0dd3	fsgnj.s	f27,f22,f22	 f22:0x00000000 f22:0x00000000 f27=0x00000000
     156805.000 ns	     15679	800037f0	1ae9f793	andi	x15,x19,430	 x19:0x00000000 x15=0x00000000
     156815.000 ns	     15680	800037f4	6ff34493	xori	x9,x6,1791	  x6:0x0000016f  x9=0x00000790
     156825.000 ns	     15681	800037f8	01ff29b3	slt	x19,x30,x31	 x30:0x00000040 x31:0x0000a0d4 x19=0x00000001
     156835.000 ns	     15682	800037fc	00000013	addi	x0,x0,0	  x0:0x00000000
     156845.000 ns	     15683	80003800	a24ce613	ori	x12,x25,-1500	 x25:0xe2bfc6c0 x12=0xfffffee4
     156865.000 ns	     15685	80003804	a1af21d3	feq.s	x3,f30,f26	 f30:0x439b0000 f26:0x00000001  x3=0x00000000
     156885.000 ns	     15687	80003808	00000013	addi	x0,x0,0	  x0:0x00000000
     156895.000 ns	     15688	8000380c	599bd997	auipc	x19,0x599bd	 x19=0xd99c080c
     156915.000 ns	     15690	80003810	034720b3	mulhsu	x1,x14,x20	 x14:0x80041024 x20:0x00000000  x1=0x00000000
     156945.000 ns	     15693	80003814	21671fd3	fsgnjn.s	f31,f14,f22	 f14:0xffc00000 f22:0x00000000 f31=0xffc00000
     157315.000 ns	     15730	80003818	03f04f33	div	x30,x0,x31	  x0:0x00000000 x31:0x0000a0d4 x30=0x00000000
     157335.000 ns	     15732	8000381c	382fa593	slti	x11,x31,898	 x31:0x0000a0d4 x11=0x00000000
     157345.000 ns	     15733	80003820	18905017	auipc	x0,0x18905	
     157365.000 ns	     15735	80003824	a0771ed3	flt.s	x29,f14,f7	 f14:0xffc00000  f7:0x7fc00000 x29=0x00000000
     157395.000 ns	     15738	80003828	e0098fd3	fmv.x.w	x31,f19	 f19:0xbf800000 x31=0xbf800000
     157415.000 ns	     15740	8000382c	5a2aff97	auipc	x31,0x5a2af	 x31=0xda2b282c
     157435.000 ns	     15742	80003830	a0ae2bd3	feq.s	x23,f28,f10	 f28:0x7fc00000 f10:0xffc00000 x23=0x00000000
     157465.000 ns	     15745	80003834	e00d1f53	fclass.s	x30,f26	 f26:0x00000001 x30=0x00000020
     157495.000 ns	     15748	80003838	c00d7a53	fcvt.w.s	x20,f26	 f26:0x00000001 x20=0x00000000
     157515.000 ns	     15750	8000383c	b0649f17	auipc	x30,0xb0649	 x30=0x3064c83c
     157555.000 ns	     15754	80003840	01d37c53	fadd.s	f24,f6,f29	  f6:0x7fc00000 f29:0x7fc00000 f24=0x7fc00000
     157575.000 ns	     15756	80003844	01161b13	slli	x22,x12,0x11	 x12:0xfffffee4 x22=0xfdc80000
     157595.000 ns	     15758	80003848	211d0dd3	fsgnj.s	f27,f26,f17	 f26:0x00000001 f17:0x46b50a40 f27=0x00000001
     157615.000 ns	     15760	8000384c	013aa2b3	slt	x5,x21,x19	 x21:0x00000000 x19:0xd99c080c  x5=0x00000000
     157625.000 ns	     15761	80003850	57af4b13	xori	x22,x30,1402	 x30:0x3064c83c x22=0x3064cd46
     157635.000 ns	     15762	80003854	01b77433	and	x8,x14,x27	 x14:0x80041024 x27:0x00000000  x8=0x00000000
     157655.000 ns	     15764	80003858	a0668d53	fle.s	x26,f13,f6	 f13:0x4efff7e0  f6:0x7fc00000 x26=0x00000000
     157675.000 ns	     15766	8000385c	e65ae513	ori	x10,x21,-411	 x21:0x00000000 x10=0xfffffe65
     157685.000 ns	     15767	80003860	41445593	srai	x11,x8,0x14	  x8:0x00000000 x11=0x00000000
     157695.000 ns	     15768	80003864	40715c13	srai	x24,x2,0x7	  x2:0x80040fe4 x24=0xff00081f
     157705.000 ns	     15769	80003868	41f38b33	sub	x22,x7,x31	  x7:0xffffffff x31:0xda2b282c x22=0x25d4d7d3
     157715.000 ns	     15770	8000386c	41118e33	sub	x28,x3,x17	  x3:0x00000000 x17:0x00000076 x28=0xffffff8a
     157745.000 ns	     15773	80003870	580efad3	fsqrt.s	f21,f29	 f29:0x7fc00000 f21=0x7fc00000
     157765.000 ns	     15775	80003874	27ca4093	xori	x1,x20,636	 x20:0x00000000  x1=0x0000027c
     157785.000 ns	     15777	80003878	2125a3d3	fsgnjx.s	f7,f11,f18	 f11:0x7fc00000 f18:0x80040f8c  f7=0xffc00000
     157815.000 ns	     15780	8000387c	c00efb53	fcvt.w.s	x22,f29	 f29:0x7fc00000 x22=0x7fffffff
     157845.000 ns	     15783	80003880	208b2dd3	fsgnjx.s	f27,f22,f8	 f22:0x00000000  f8:0x7fc00000 f27=0x00000000
     157875.000 ns	     15786	80003884	2084add3	fsgnjx.s	f27,f9,f8	  f9:0x7fc00000  f8:0x7fc00000 f27=0x7fc00000
     157895.000 ns	     15788	80003888	00000013	addi	x0,x0,0	  x0:0x00000000
     157915.000 ns	     15790	8000388c	d008f653	fcvt.s.w	f12,x17	 x17:0x00000076 f12=0x42ec0000
     158285.000 ns	     15827	80003890	029df333	remu	x6,x27,x9	 x27:0x00000000  x9:0x00000790  x6=0x00000000
     158305.000 ns	     15829	80003894	64e54693	xori	x13,x10,1614	 x10:0xfffffe65 x13=0xfffff82b
     158315.000 ns	     15830	80003898	00237933	and	x18,x6,x2	  x6:0x00000000  x2:0x80040fe4 x18=0x00000000
     158325.000 ns	     15831	8000389c	0019cb33	xor	x22,x19,x1	 x19:0xd99c080c  x1:0x0000027c x22=0xd99c0a70
     158335.000 ns	     15832	800038a0	5624fa93	andi	x21,x9,1378	  x9:0x00000790 x21=0x00000500
     158355.000 ns	     15834	800038a4	e00e04d3	fmv.x.w	x9,f28	 f28:0x7fc00000  x9=0x7fc00000
     158725.000 ns	     15871	800038a8	03f8e1b3	rem	x3,x17,x31	 x17:0x00000076 x31:0xda2b282c  x3=0x00000076
     158745.000 ns	     15873	800038ac	2b6fba93	sltiu	x21,x31,694	 x31:0xda2b282c x21=0x00000000
     158755.000 ns	     15874	800038b0	00000013	addi	x0,x0,0	  x0:0x00000000
     158765.000 ns	     15875	800038b4	cefaf493	andi	x9,x21,-785	 x21:0x00000500  x9=0x00000000
     158775.000 ns	     15876	800038b8	5c2c7013	andi	x0,x24,1474	 x24:0xff00081f
     159945.000 ns	     15993	800038bc	580c8bd3	fsqrt.s	f23,f25	 f25:0x3f800000 f23=0x3f7fffae
     159975.000 ns	     15996	800038c0	03949e33	mulh	x28,x9,x25	  x9:0x00000000 x25:0xe2bfc6c0 x28=0x00000000
     160005.000 ns	     15999	800038c4	02762a33	mulhsu	x20,x12,x7	 x12:0xfffffee4  x7:0xffffffff x20=0xfffffee4
     160025.000 ns	     16001	800038c8	214b6193	ori	x3,x22,532	 x22:0xd99c0a70  x3=0xd99c0a74
     160045.000 ns	     16003	800038cc	d0101753	fcvt.s.wu	f14,x0	  x0:0x00000000 f14=0x00000000
     160065.000 ns	     16005	800038d0	3161b293	sltiu	x5,x3,790	  x3:0x00000076  x5=0x00000000
     160085.000 ns	     16007	800038d4	a0c09e53	flt.s	x28,f1,f12	  f1:0x4efff7e0 f12:0x42ec0000 x28=0x00000000
     160115.000 ns	     16010	800038d8	29ac8c53	fmin.s	f24,f25,f26	 f25:0x3f800000 f26:0x00000001 f24=0x00000001
     160135.000 ns	     16012	800038dc	01d61633	sll	x12,x12,x29	 x12:0xfffffee4 x29:0x00000000 x12=0xfffffee4
     160145.000 ns	     16013	800038e0	00000013	addi	x0,x0,0	  x0:0x00000000
     160155.000 ns	     16014	800038e4	012d0233	add	x4,x26,x18	 x26:0x00000000 x18:0x00000000  x4=0x00000000
     160175.000 ns	     16016	800038e8	c005ff53	fcvt.w.s	x30,f11	 f11:0x7fc00000 x30=0x7fffffff
     160205.000 ns	     16019	800038ec	027c3933	mulhu	x18,x24,x7	 x24:0xff00081f  x7:0xffffffff x18=0xff00081e
     160225.000 ns	     16021	800038f0	5e8f3d13	sltiu	x26,x30,1512	 x30:0x7fffffff x26=0x00000000
     160235.000 ns	     16022	800038f4	22cf7893	andi	x17,x30,556	 x30:0x7fffffff x17=0x0000022c
     160245.000 ns	     16023	800038f8	00850a33	add	x20,x10,x8	 x10:0xfffffe65  x8:0x00000000 x20=0xfffffe65
     160275.000 ns	     16026	800038fc	105c8053	fmul.s	f0,f25,f5	 f25:0x3f800000  f5:0x00000001  f0=0x00000002
     160295.000 ns	     16028	80003900	e8057897	auipc	x17,0xe8057	 x17=0x6805a900
     160305.000 ns	     16029	80003904	01d71493	slli	x9,x14,0x1d	 x14:0x80041024  x9=0x80000000
     160325.000 ns	     16031	80003908	03689433	mulh	x8,x17,x22	 x17:0x0000022c x22:0xd99c0a70  x8=0xf0668af1
     160345.000 ns	     16033	8000390c	25f00d93	addi	x27,x0,607	  x0:0x00000000 x27=0x0000025f
     160365.000 ns	     16035	80003910	a1f79e53	flt.s	x28,f15,f31	 f15:0x7fc00000 f31:0xffc00000 x28=0x00000000
     160735.000 ns	     16072	80003914	03976eb3	rem	x29,x14,x25	 x14:0x80041024 x25:0xe2bfc6c0 x29=0xf504f524
     160755.000 ns	     16074	80003918	00bd6bb3	or	x23,x26,x11	 x26:0x00000000 x11:0x00000000 x23=0x00000000
     160765.000 ns	     16075	8000391c	40ca02b3	sub	x5,x20,x12	 x20:0xfffffe65 x12:0xfffffee4  x5=0xffffff81
     160785.000 ns	     16077	80003920	28f78a53	fmin.s	f20,f15,f15	 f15:0x7fc00000 f15:0x7fc00000 f20=0x7fc00000
     160835.000 ns	     16082	80003924	08b34853	fsub.s	f16,f6,f11	  f6:0x7fc00000 f11:0x7fc00000 f16=0x7fc00000
     160865.000 ns	     16085	80003928	029f14b3	mulh	x9,x30,x9	 x30:0x7fffffff  x9:0x80000000  x9=0xc0000000
     160885.000 ns	     16087	8000392c	e86d3513	sltiu	x10,x26,-378	 x26:0x00000000 x10=0x00000001
     160905.000 ns	     16089	80003930	e00688d3	fmv.x.w	x17,f13	 f13:0x4efff7e0 x17=0x4efff7e0
     161275.000 ns	     16126	80003934	03365eb3	divu	x29,x12,x19	 x12:0xfffffee4 x19:0xd99c080c x29=0x00000001
     161305.000 ns	     16129	80003938	c01ca2d3	fcvt.wu.s	x5,f25	 f25:0x3f800000  x5=0x00000001
     161335.000 ns	     16132	8000393c	a1ce09d3	fle.s	x19,f28,f28	 f28:0x7fc00000 f28:0x7fc00000 x19=0x00000000
     161355.000 ns	     16134	80003940	01d610b3	sll	x1,x12,x29	 x12:0xfffffee4 x29:0x00000001  x1=0xfffffdc8
     161385.000 ns	     16137	80003944	5807b9d3	fsqrt.s	f19,f15	 f15:0x7fc00000 f19=0x7fc00000
     161405.000 ns	     16139	80003948	40b18e33	sub	x28,x3,x11	  x3:0xd99c0a74 x11:0x00000000 x28=0xd99c0a74
     161415.000 ns	     16140	8000394c	40f55e13	srai	x28,x10,0xf	 x10:0x00000001 x28=0x00000000
     161425.000 ns	     16141	80003950	005a4eb3	xor	x29,x20,x5	 x20:0xfffffe65  x5:0x00000001 x29=0xfffffe64
     161435.000 ns	     16142	80003954	41550633	sub	x12,x10,x21	 x10:0x00000001 x21:0x00000000 x12=0x00000001
     161455.000 ns	     16144	80003958	20089a53	fsgnjn.s	f20,f17,f0	 f17:0x46b50a40  f0:0x00000002 f20=0xc6b50a40
     161475.000 ns	     16146	8000395c	00cc1e93	slli	x29,x24,0xc	 x24:0xff00081f x29=0x0081f000
     161495.000 ns	     16148	80003960	28cc07d3	fmin.s	f15,f24,f12	 f24:0x00000001 f12:0x42ec0000 f15=0x00000001
     161525.000 ns	     16151	80003964	f0030bd3	fmv.w.x	f23,x6	  x6:0x00000000 f23=0x00000000
     161545.000 ns	     16153	80003968	00000013	addi	x0,x0,0	  x0:0x00000000
     161565.000 ns	     16155	8000396c	036225b3	mulhsu	x11,x4,x22	  x4:0x00000000 x22:0xd99c0a70 x11=0x00000000
     161585.000 ns	     16157	80003970	006b3933	sltu	x18,x22,x6	 x22:0xd99c0a70  x6:0x00000000 x18=0x00000000
     161595.000 ns	     16158	80003974	01a7ae33	slt	x28,x15,x26	 x15:0x00000000 x26:0x00000000 x28=0x00000000
     161615.000 ns	     16160	80003978	f0000953	fmv.w.x	f18,x0	  x0:0x00000000 f18=0x00000000
     161635.000 ns	     16162	8000397c	00dc48b3	xor	x17,x24,x13	 x24:0xff00081f x13:0xfffff82b x17=0x00fff034
     161645.000 ns	     16163	80003980	7b437013	andi	x0,x6,1972	  x6:0x00000000
     161655.000 ns	     16164	80003984	41ab52b3	sra	x5,x22,x26	 x22:0xd99c0a70 x26:0x00000000  x5=0xd99c0a70
     161665.000 ns	     16165	80003988	f1244b13	xori	x22,x8,-238	  x8:0xf0668af1 x22=0x0f9975e3
     161675.000 ns	     16166	8000398c	000056b3	srl	x13,x0,x0	  x0:0x00000000  x0:0x00000000 x13=0x00000000
     161685.000 ns	     16167	80003990	01b42fb3	slt	x31,x8,x27	  x8:0xf0668af1 x27:0x0000025f x31=0x00000001
     161695.000 ns	     16168	80003994	1847c193	xori	x3,x15,388	 x15:0x00000000  x3=0x00000184
     161715.000 ns	     16170	80003998	035dfcb3	remu	x25,x27,x21	 x27:0x0000025f x21:0x00000000 x25=0x0000025f
     161735.000 ns	     16172	8000399c	b541c513	xori	x10,x3,-1196	  x3:0xd99c0a74 x10=0xfffffad0
     161755.000 ns	     16174	800039a0	039d8933	mul	x18,x27,x25	 x27:0x0000025f x25:0x0000025f x18=0x00059f41
     161785.000 ns	     16177	800039a4	02aaa433	mulhsu	x8,x21,x10	 x21:0x00000000 x10:0x00000001  x8=0x00000000
     161815.000 ns	     16180	800039a8	20ca1f53	fsgnjn.s	f30,f20,f12	 f20:0xc6b50a40 f12:0x42ec0000 f30=0xc6b50a40
     161865.000 ns	     16185	800039ac	093007d3	fsub.s	f15,f0,f19	  f0:0x00000002 f19:0x7fc00000 f15=0x7fc00000
     161885.000 ns	     16187	800039b0	b4074a13	xori	x20,x14,-1216	 x14:0x80041024 x20=0x7ffbeb64
     161905.000 ns	     16189	800039b4	21be8dd3	fsgnj.s	f27,f29,f27	 f29:0x7fc00000 f27:0x7fc00000 f27=0x7fc00000
     161925.000 ns	     16191	800039b8	40c80d33	sub	x26,x16,x12	 x16:0x00000004 x12:0x00000001 x26=0x00000003
     161935.000 ns	     16192	800039bc	018f09b3	add	x19,x30,x24	 x30:0x7fffffff x24:0xff00081f x19=0x7f00081e
     161955.000 ns	     16194	800039c0	28b79f53	fmax.s	f30,f15,f11	 f15:0x7fc00000 f11:0x7fc00000 f30=0x7fc00000
     161995.000 ns	     16198	800039c4	580d96d3	fsqrt.s	f13,f27	 f27:0x7fc00000 f13=0x7fc00000
     162015.000 ns	     16200	800039c8	cb974993	xori	x19,x14,-839	 x14:0x80041024 x19=0x7ffbec9d
     162025.000 ns	     16201	800039cc	01736633	or	x12,x6,x23	  x6:0x00000000 x23:0x00000000 x12=0x00000000
     162045.000 ns	     16203	800039d0	c0084dd3	fcvt.w.s	x27,f16	 f16:0x7fc00000 x27=0x7fffffff
     162075.000 ns	     16206	800039d4	20a08cd3	fsgnj.s	f25,f1,f10	  f1:0x4efff7e0 f10:0xffc00000 f25=0xcefff7e0
     162095.000 ns	     16208	800039d8	41c85413	srai	x8,x16,0x1c	 x16:0x00000004  x8=0x00000000
     162115.000 ns	     16210	800039dc	200b0953	fsgnj.s	f18,f22,f0	 f22:0x00000000  f0:0x00000002 f18=0x00000000
     162485.000 ns	     16247	800039e0	025bed33	rem	x26,x23,x5	 x23:0x00000000  x5:0xd99c0a70 x26=0x00000000
     162505.000 ns	     16249	800039e4	4064d233	sra	x4,x9,x6	  x9:0xc0000000  x6:0x00000000  x4=0xc0000000
     162525.000 ns	     16251	800039e8	c011f353	fcvt.wu.s	x6,f3	  f3:0x7fc00000  x6=0xffffffff
     162545.000 ns	     16253	800039ec	fce1f293	andi	x5,x3,-50	  x3:0x00000184  x5=0x00000184
     162555.000 ns	     16254	800039f0	bea4eb13	ori	x22,x9,-1046	  x9:0xc0000000 x22=0xfffffbea
     162565.000 ns	     16255	800039f4	13310513	addi	x10,x2,307	  x2:0x80040fe4 x10=0x80041117
     162585.000 ns	     16257	800039f8	f00a07d3	fmv.w.x	f15,x20	 x20:0x7ffbeb64 f15=0x7ffbeb64
     162635.000 ns	     16262	800039fc	08131053	fsub.s	f0,f6,f1	  f6:0x7fc00000  f1:0x4efff7e0  f0=0x7fc00000
     162655.000 ns	     16264	80003a00	7ced50b7	lui	x1,0x7ced5	  x1=0x7ced5000
     162685.000 ns	     16267	80003a04	5801f053	fsqrt.s	f0,f3	  f3:0x7fc00000  f0=0x7fc00000
     162715.000 ns	     16270	80003a08	201ea353	fsgnjx.s	f6,f29,f1	 f29:0x7fc00000  f1:0x4efff7e0  f6=0x7fc00000
     162745.000 ns	     16273	80003a0c	c01d7ad3	fcvt.wu.s	x21,f26	 f26:0x00000001 x21=0x00000000
     162765.000 ns	     16275	80003a10	7ba05597	auipc	x11,0x7ba05	 x11=0xfba08a10
     162785.000 ns	     16277	80003a14	d00ff953	fcvt.s.w	f18,x31	 x31:0x00000001 f18=0x3f800000
     162815.000 ns	     16280	80003a18	03209c33	mulh	x24,x1,x18	  x1:0x7ced5000 x18:0x00059f41 x24=0x0002be59
     162835.000 ns	     16282	80003a1c	40a089b3	sub	x19,x1,x10	  x1:0x7ced5000 x10:0x80041117 x19=0xfce93ee9
     162845.000 ns	     16283	80003a20	016dd533	srl	x10,x27,x22	 x27:0x7fffffff x22:0xfffffbea x10=0x001fffff
     162855.000 ns	     16284	80003a24	d1994593	xori	x11,x18,-743	 x18:0x00059f41 x11=0xfffa6258
     162865.000 ns	     16285	80003a28	01941bb3	sll	x23,x8,x25	  x8:0x00000000 x25:0x0000025f x23=0x00000000
     162875.000 ns	     16286	80003a2c	00218433	add	x8,x3,x2	  x3:0x00000184  x2:0x80040fe4  x8=0x80041168
     162885.000 ns	     16287	80003a30	013edc93	srli	x25,x29,0x13	 x29:0x0081f000 x25=0x00000010
     162895.000 ns	     16288	80003a34	414f8333	sub	x6,x31,x20	 x31:0x00000001 x20:0x7ffbeb64  x6=0x8004149d
     162915.000 ns	     16290	80003a38	031c0a33	mul	x20,x24,x17	 x24:0x0002be59 x17:0x00fff034 x20=0x2da91a14
     162945.000 ns	     16293	80003a3c	037a7ab3	remu	x21,x20,x23	 x20:0x7ffbeb64 x23:0x00000000 x21=0x2da91a14
     162965.000 ns	     16295	80003a40	007b9533	sll	x10,x23,x7	 x23:0x00000000  x7:0xffffffff x10=0x00000000
     162995.000 ns	     16298	80003a44	101ca453	fmul.s	f8,f25,f1	 f25:0xcefff7e0  f1:0x4efff7e0  f8=0xde7fefc1
     163015.000 ns	     16300	80003a48	ec58aa93	slti	x21,x17,-315	 x17:0x00fff034 x21=0x00000000
     163035.000 ns	     16302	80003a4c	02fb73b3	remu	x7,x22,x15	 x22:0xfffffbea x15:0x00000000  x7=0xfffffbea
     163085.000 ns	     16307	80003a50	00077ad3	fadd.s	f21,f14,f0	 f14:0x00000000  f0:0x7fc00000 f21=0x7fc00000
     163115.000 ns	     16310	80003a54	02e72bb3	mulhsu	x23,x14,x14	 x14:0x80041024 x14:0x80041024 x23=0xc0000010
     163135.000 ns	     16312	80003a58	49ce3c13	sltiu	x24,x28,1180	 x28:0x00000000 x24=0x00000001
     163155.000 ns	     16314	80003a5c	d00974d3	fcvt.s.w	f9,x18	 x18:0x00059f41  f9=0x48b3e820
     163185.000 ns	     16317	80003a60	28ce8253	fmin.s	f4,f29,f12	 f29:0x7fc00000 f12:0x42ec0000  f4=0x42ec0000
     163555.000 ns	     16354	80003a64	02b24f33	div	x30,x4,x11	  x4:0xc0000000 x11:0xfffa6258 x30=0x00000b65
     163575.000 ns	     16356	80003a68	0061d493	srli	x9,x3,0x6	  x3:0x00000184  x9=0x00000006
     163585.000 ns	     16357	80003a6c	0119a933	slt	x18,x19,x17	 x19:0xfce93ee9 x17:0x00fff034 x18=0x00000001
     163595.000 ns	     16358	80003a70	59cb8d13	addi	x26,x23,1436	 x23:0xc0000010 x26=0xc00005ac
     163605.000 ns	     16359	80003a74	000ec8b3	xor	x17,x29,x0	 x29:0x0081f000  x0:0x00000000 x17=0x0081f000
     163615.000 ns	     16360	80003a78	00210633	add	x12,x2,x2	  x2:0x80040fe4  x2:0x80040fe4 x12=0x00081fc8
     163635.000 ns	     16362	80003a7c	c00a2053	fcvt.w.s	x0,f20	 f20:0xc6b50a40
     163665.000 ns	     16365	80003a80	28289bd3	fmax.s	f23,f17,f2	 f17:0x46b50a40  f2:0x00000000 f23=0x46b50a40
     164035.000 ns	     16402	80003a84	034f43b3	div	x7,x30,x20	 x30:0x00000b65 x20:0x2da91a14  x7=0x00000000
     164055.000 ns	     16404	80003a88	00af8533	add	x10,x31,x10	 x31:0x00000001 x10:0x00000000 x10=0x00000001
     164095.000 ns	     16408	80003a8c	01e9a4d3	fadd.s	f9,f19,f30	 f19:0x7fc00000 f30:0x7fc00000  f9=0x7fc00000
     164145.000 ns	     16413	80003a90	0025f9d3	fadd.s	f19,f11,f2	 f11:0x7fc00000  f2:0x00000000 f19=0x7fc00000
     164165.000 ns	     16415	80003a94	41188f33	sub	x30,x17,x17	 x17:0x0081f000 x17:0x0081f000 x30=0x00000000
     164185.000 ns	     16417	80003a98	02532233	mulhsu	x4,x6,x5	  x6:0x8004149d  x5:0x00000184  x4=0xffffff3e
     164205.000 ns	     16419	80003a9c	00000013	addi	x0,x0,0	  x0:0x00000000
     164225.000 ns	     16421	80003aa0	02791b33	mulh	x22,x18,x7	 x18:0x00000001  x7:0x00000000 x22=0x00000000
     164245.000 ns	     16423	80003aa4	419389b3	sub	x19,x7,x25	  x7:0x00000000 x25:0x00000010 x19=0xfffffff0
     164265.000 ns	     16425	80003aa8	20699553	fsgnjn.s	f10,f19,f6	 f19:0x7fc00000  f6:0x7fc00000 f10=0xffc00000
     164285.000 ns	     16427	80003aac	018182b3	add	x5,x3,x24	  x3:0x00000184 x24:0x00000001  x5=0x00000185
     164295.000 ns	     16428	80003ab0	fbd33b13	sltiu	x22,x6,-67	  x6:0x8004149d x22=0x00000001
     164325.000 ns	     16431	80003ab4	19ffbad3	fdiv.s	f21,f31,f31	 f31:0xffc00000 f31:0xffc00000 f21=0x7fc00000
     164345.000 ns	     16433	80003ab8	41ec85b3	sub	x11,x25,x30	 x25:0x00000010 x30:0x00000000 x11=0x00000010
     164355.000 ns	     16434	80003abc	0053a633	slt	x12,x7,x5	  x7:0x00000000  x5:0x00000185 x12=0x00000001
     164375.000 ns	     16436	80003ac0	038689b3	mul	x19,x13,x24	 x13:0x00000000 x24:0x00000001 x19=0x00000000
     164405.000 ns	     16439	80003ac4	29a411d3	fmax.s	f3,f8,f26	  f8:0xde7fefc1 f26:0x00000001  f3=0x00000001
     164425.000 ns	     16441	80003ac8	404b0ab3	sub	x21,x22,x4	 x22:0x00000001  x4:0xffffff3e x21=0x000000c3
     164435.000 ns	     16442	80003acc	b40e7c13	andi	x24,x28,-1216	 x28:0x00000000 x24=0x00000000
     164475.000 ns	     16446	80003ad0	09a07bd3	fsub.s	f23,f0,f26	  f0:0x7fc00000 f26:0x00000001 f23=0x7fc00000
     164495.000 ns	     16448	80003ad4	c7cdb993	sltiu	x19,x27,-900	 x27:0x7fffffff x19=0x00000001
     164505.000 ns	     16449	80003ad8	e2ae7b13	andi	x22,x28,-470	 x28:0x00000000 x22=0x00000000
     164545.000 ns	     16453	80003adc	012bc353	fadd.s	f6,f23,f18	 f23:0x7fc00000 f18:0x3f800000  f6=0x7fc00000
     164585.000 ns	     16457	80003ae0	10fbf2d3	fmul.s	f5,f23,f15	 f23:0x7fc00000 f15:0x7ffbeb64  f5=0x7fc00000
     164625.000 ns	     16461	80003ae4	1996fed3	fdiv.s	f29,f13,f25	 f13:0x7fc00000 f25:0xcefff7e0 f29=0x7fc00000
     164655.000 ns	     16464	80003ae8	02d1a933	mulhsu	x18,x3,x13	  x3:0x00000184 x13:0x00000000 x18=0x00000000
     164675.000 ns	     16466	80003aec	00cf1a93	slli	x21,x30,0xc	 x30:0x00000000 x21=0x00000000
     164685.000 ns	     16467	80003af0	00211eb3	sll	x29,x2,x2	  x2:0x80040fe4  x2:0x80040fe4 x29=0x0040fe40
     164695.000 ns	     16468	80003af4	30f7ea93	ori	x21,x15,783	 x15:0x00000000 x21=0x0000030f
     164705.000 ns	     16469	80003af8	00a14db3	xor	x27,x2,x10	  x2:0x80040fe4 x10:0x00000001 x27=0x80040fe5
     164715.000 ns	     16470	80003afc	4d670493	addi	x9,x14,1238	 x14:0x80041024  x9=0x800414fa
     164725.000 ns	     16471	80003b00	01d3df13	srli	x30,x7,0x1d	  x7:0x00000000 x30=0x00000000
     164735.000 ns	     16472	80003b04	00034433	xor	x8,x6,x0	  x6:0x8004149d  x0:0x00000000  x8=0x8004149d
     164745.000 ns	     16473	80003b08	01b7ffb3	and	x31,x15,x27	 x15:0x00000000 x27:0x80040fe5 x31=0x00000000
     164755.000 ns	     16474	80003b0c	3430a613	slti	x12,x1,835	  x1:0x7ced5000 x12=0x00000000
     164765.000 ns	     16475	80003b10	c6b96997	auipc	x19,0xc6b96	 x19=0x46b99b10
     164775.000 ns	     16476	80003b14	006d1a93	slli	x21,x26,0x6	 x26:0xc00005ac x21=0x00016b00
     164785.000 ns	     16477	80003b18	0095c4b3	xor	x9,x11,x9	 x11:0x00000010  x9:0x800414fa  x9=0x800414ea
     164825.000 ns	     16481	80003b1c	0937c8d3	fsub.s	f17,f15,f19	 f15:0x7ffbeb64 f19:0x7fc00000 f17=0x7fc00000
     164855.000 ns	     16484	80003b20	a19e83d3	fle.s	x7,f29,f25	 f29:0x7fc00000 f25:0xcefff7e0  x7=0x00000000
     164875.000 ns	     16486	80003b24	5fde0a93	addi	x21,x28,1533	 x28:0x00000000 x21=0x000005fd
     164885.000 ns	     16487	80003b28	8f0ec093	xori	x1,x29,-1808	 x29:0x0040fe40  x1=0xffbf06b0
     164895.000 ns	     16488	80003b2c	00237ab3	and	x21,x6,x2	  x6:0x8004149d  x2:0x80040fe4 x21=0x80040484
     164905.000 ns	     16489	80003b30	41fcd8b3	sra	x17,x25,x31	 x25:0x00000010 x31:0x00000000 x17=0x00000010
     164925.000 ns	     16491	80003b34	e00711d3	fclass.s	x3,f14	 f14:0x00000000  x3=0x00000010
     164945.000 ns	     16493	80003b38	00a7cab3	xor	x21,x15,x10	 x15:0x00000000 x10:0x00000001 x21=0x00000001
     164955.000 ns	     16494	80003b3c	00e95e33	srl	x28,x18,x14	 x18:0x00000000 x14:0x80041024 x28=0x00000000
     164965.000 ns	     16495	80003b40	40628333	sub	x6,x5,x6	  x5:0x00000185  x6:0x8004149d  x6=0x7ffbece8
     164975.000 ns	     16496	80003b44	e0cde413	ori	x8,x27,-500	 x27:0x80040fe5  x8=0xffffffed
     164985.000 ns	     16497	80003b48	008fdc93	srli	x25,x31,0x8	 x31:0x00000000 x25=0x00000000
     165005.000 ns	     16499	80003b4c	210685d3	fsgnj.s	f11,f13,f16	 f13:0x7fc00000 f16:0x7fc00000 f11=0x7fc00000
     165035.000 ns	     16502	80003b50	20a31253	fsgnjn.s	f4,f6,f10	  f6:0x7fc00000 f10:0xffc00000  f4=0x7fc00000
     165055.000 ns	     16504	80003b54	9b69da97	auipc	x21,0x9b69d	 x21=0x1b6a0b54
     165085.000 ns	     16507	80003b58	58087153	fsqrt.s	f2,f16	 f16:0x7fc00000  f2=0x7fc00000
     165115.000 ns	     16510	80003b5c	a1e3add3	feq.s	x27,f7,f30	  f7:0xffc00000 f30:0x7fc00000 x27=0x00000000
     165155.000 ns	     16514	80003b60	110a18d3	fmul.s	f17,f20,f16	 f20:0xc6b50a40 f16:0x7fc00000 f17=0x7fc00000
     165185.000 ns	     16517	80003b64	d00a3b53	fcvt.s.w	f22,x20	 x20:0x2da91a14 f22=0x4e36a469
     165205.000 ns	     16519	80003b68	00000013	addi	x0,x0,0	  x0:0x00000000
     165225.000 ns	     16521	80003b6c	e0050b53	fmv.x.w	x22,f10	 f10:0xffc00000 x22=0xffc00000
     165245.000 ns	     16523	80003b70	00b38233	add	x4,x7,x11	  x7:0x00000000 x11:0x00000010  x4=0x00000010
     165265.000 ns	     16525	80003b74	02180933	mul	x18,x16,x1	 x16:0x00000004  x1:0xffbf06b0 x18=0xfefc1ac0
     165295.000 ns	     16528	80003b78	21e010d3	fsgnjn.s	f1,f0,f30	  f0:0x7fc00000 f30:0x7fc00000  f1=0xffc00000
     165315.000 ns	     16530	80003b7c	33f55b17	auipc	x22,0x33f55	 x22=0xb3f58b7c
     165335.000 ns	     16532	80003b80	a02f9453	flt.s	x8,f31,f2	 f31:0xffc00000  f2:0x7fc00000  x8=0x00000000
     165385.000 ns	     16537	80003b84	0944aad3	fsub.s	f21,f9,f20	  f9:0x7fc00000 f20:0xc6b50a40 f21=0x7fc00000
     165405.000 ns	     16539	80003b88	caa98c97	auipc	x25,0xcaa98	 x25=0x4aa9bb88
     165425.000 ns	     16541	80003b8c	29178353	fmin.s	f6,f15,f17	 f15:0x7ffbeb64 f17:0x7fc00000  f6=0x7fc00000
     166605.000 ns	     16659	80003b90	580c4ad3	fsqrt.s	f21,f24	 f24:0x00000001 f21=0x1f350483
     166625.000 ns	     16661	80003b94	c2e44993	xori	x19,x8,-978	  x8:0x00000000 x19=0xfffffc2e
     166645.000 ns	     16663	80003b98	e00b1c53	fclass.s	x24,f22	 f22:0x4e36a469 x24=0x00000040
     166675.000 ns	     16666	80003b9c	20a4a253	fsgnjx.s	f4,f9,f10	  f9:0x7fc00000 f10:0xffc00000  f4=0xffc00000
     166695.000 ns	     16668	80003ba0	00000013	addi	x0,x0,0	  x0:0x00000000
     166705.000 ns	     16669	80003ba4	00895e33	srl	x28,x18,x8	 x18:0xfefc1ac0  x8:0x00000000 x28=0xfefc1ac0
     167065.000 ns	     16705	80003ba8	031ad533	divu	x10,x21,x17	 x21:0x1b6a0b54 x17:0x00000010 x10=0x01b6a0b5
     167085.000 ns	     16707	80003bac	846e4293	xori	x5,x28,-1978	 x28:0x00000000  x5=0x0103e286
     167105.000 ns	     16709	80003bb0	208708d3	fsgnj.s	f17,f14,f8	 f14:0x00000000  f8:0xde7fefc1 f17=0x80000000
     167125.000 ns	     16711	80003bb4	8a48cb93	xori	x23,x17,-1884	 x17:0x00000010 x23=0xfffff8b4
     167135.000 ns	     16712	80003bb8	6fd66c17	auipc	x24,0x6fd66	 x24=0xefd69bb8
     167145.000 ns	     16713	80003bbc	ad70fb93	andi	x23,x1,-1321	  x1:0xffbf06b0 x23=0xffbf0290
     167165.000 ns	     16715	80003bc0	d01a7153	fcvt.s.wu	f2,x20	 x20:0x2da91a14  f2=0x4e36a468
     167185.000 ns	     16717	80003bc4	5ae9c993	xori	x19,x19,1454	 x19:0xfffffc2e x19=0xfffff980
     167195.000 ns	     16718	80003bc8	01fb9613	slli	x12,x23,0x1f	 x23:0xffbf0290 x12=0x00000000
     167205.000 ns	     16719	80003bcc	0151a033	slt	x0,x3,x21	  x3:0x00000010 x21:0x1b6a0b54
     167215.000 ns	     16720	80003bd0	017ba233	slt	x4,x23,x23	 x23:0xffbf0290 x23:0xffbf0290  x4=0x00000000
     167235.000 ns	     16722	80003bd4	20c79253	fsgnjn.s	f4,f15,f12	 f15:0x7ffbeb64 f12:0x42ec0000  f4=0xfffbeb64
     167255.000 ns	     16724	80003bd8	01643cb3	sltu	x25,x8,x22	  x8:0x00000000 x22:0xb3f58b7c x25=0x00000001
     167265.000 ns	     16725	80003bdc	000bd9b3	srl	x19,x23,x0	 x23:0xffbf0290  x0:0x00000000 x19=0xffbf0290
     167275.000 ns	     16726	80003be0	00fe2d33	slt	x26,x28,x15	 x28:0xfefc1ac0 x15:0x00000000 x26=0x00000001
     167295.000 ns	     16728	80003be4	c0131c53	fcvt.wu.s	x24,f6	  f6:0x7fc00000 x24=0xffffffff
     167325.000 ns	     16731	80003be8	c0024453	fcvt.w.s	x8,f4	  f4:0xfffbeb64  x8=0x7fffffff
     167355.000 ns	     16734	80003bec	037124b3	mulhsu	x9,x2,x23	  x2:0x80040fe4 x23:0xffbf0290  x9=0x80248d94
     167375.000 ns	     16736	80003bf0	00d511b3	sll	x3,x10,x13	 x10:0x01b6a0b5 x13:0x00000000  x3=0x01b6a0b5
     167385.000 ns	     16737	80003bf4	00000013	addi	x0,x0,0	  x0:0x00000000
     167395.000 ns	     16738	80003bf8	0053b7b3	sltu	x15,x7,x5	  x7:0x00000000  x5:0x0103e286 x15=0x00000001
     167415.000 ns	     16740	80003bfc	28920c53	fmin.s	f24,f4,f9	  f4:0xfffbeb64  f9:0x7fc00000 f24=0x7fc00000
     167445.000 ns	     16743	80003c00	e00e1353	fclass.s	x6,f28	 f28:0x7fc00000  x6=0x00000200
     167465.000 ns	     16745	80003c04	00a82333	slt	x6,x16,x10	 x16:0x00000004 x10:0x01b6a0b5  x6=0x00000001
     167485.000 ns	     16747	80003c08	03ed08b3	mul	x17,x26,x30	 x26:0x00000001 x30:0x00000000 x17=0x00000000
     167515.000 ns	     16750	80003c0c	a16d0ed3	fle.s	x29,f26,f22	 f26:0x00000001 f22:0x4e36a469 x29=0x00000001
     167535.000 ns	     16752	80003c10	7bf72193	slti	x3,x14,1983	 x14:0x80041024  x3=0x00000001
     167545.000 ns	     16753	80003c14	f602de97	auipc	x29,0xf602d	 x29=0x76030c14
     167565.000 ns	     16755	80003c18	21b704d3	fsgnj.s	f9,f14,f27	 f14:0x00000000 f27:0x7fc00000  f9=0x00000000
     167595.000 ns	     16758	80003c1c	28a78dd3	fmin.s	f27,f15,f10	 f15:0x7ffbeb64 f10:0xffc00000 f27=0x7fc00000
     167625.000 ns	     16761	80003c20	a105a1d3	feq.s	x3,f11,f16	 f11:0x7fc00000 f16:0x7fc00000  x3=0x00000000
     167665.000 ns	     16765	80003c24	58027053	fsqrt.s	f0,f4	  f4:0xfffbeb64  f0=0x7fc00000
     167685.000 ns	     16767	80003c28	110feb93	ori	x23,x31,272	 x31:0x00000000 x23=0x00000110
     167695.000 ns	     16768	80003c2c	01b57ab3	and	x21,x10,x27	 x10:0x01b6a0b5 x27:0x00000000 x21=0x00000000
     167705.000 ns	     16769	80003c30	009dfeb3	and	x29,x27,x9	 x27:0x00000000  x9:0x80248d94 x29=0x00000000
     167715.000 ns	     16770	80003c34	01958fb3	add	x31,x11,x25	 x11:0x00000010 x25:0x00000001 x31=0x00000011
     167735.000 ns	     16772	80003c38	a0310253	fle.s	x4,f2,f3	  f2:0x4e36a468  f3:0x00000001  x4=0x00000000
     167755.000 ns	     16774	80003c3c	41e35d13	srai	x26,x6,0x1e	  x6:0x00000001 x26=0x00000000
     167775.000 ns	     16776	80003c40	c010fcd3	fcvt.wu.s	x25,f1	  f1:0xffc00000 x25=0xffffffff
     167805.000 ns	     16779	80003c44	20a8a753	fsgnjx.s	f14,f17,f10	 f17:0x80000000 f10:0xffc00000 f14=0x00000000
     168175.000 ns	     16816	80003c48	030ef1b3	remu	x3,x29,x16	 x29:0x00000000 x16:0x00000004  x3=0x00000000
     168205.000 ns	     16819	80003c4c	02eabc33	mulhu	x24,x21,x14	 x21:0x00000000 x14:0x80041024 x24=0x00000000
     168225.000 ns	     16821	80003c50	0190f033	and	x0,x1,x25	  x1:0xffbf06b0 x25:0xffffffff
     168585.000 ns	     16857	80003c54	028fc433	div	x8,x31,x8	 x31:0x00000011  x8:0x7fffffff  x8=0x00000000
     168615.000 ns	     16860	80003c58	29bf1653	fmax.s	f12,f30,f27	 f30:0x7fc00000 f27:0x7fc00000 f12=0x7fc00000
     168665.000 ns	     16865	80003c5c	08caf153	fsub.s	f2,f21,f12	 f21:0x1f350483 f12:0x42ec0000  f2=0x7fc00000
     168695.000 ns	     16868	80003c60	21e622d3	fsgnjx.s	f5,f12,f30	 f12:0x7fc00000 f30:0x7fc00000  f5=0x7fc00000
     168715.000 ns	     16870	80003c64	414cd793	srai	x15,x25,0x14	 x25:0xffffffff x15=0xffffffff
     168725.000 ns	     16871	80003c68	00cb0533	add	x10,x22,x12	 x22:0xb3f58b7c x12:0x00000000 x10=0xb3f58b7c
     168745.000 ns	     16873	80003c6c	024a7db3	remu	x27,x20,x4	 x20:0x2da91a14  x4:0x00000000 x27=0x2da91a14
     168775.000 ns	     16876	80003c70	d01e7dd3	fcvt.s.wu	f27,x28	 x28:0xfefc1ac0 f27=0x4f7efc1a
     168795.000 ns	     16878	80003c74	00705613	srli	x12,x0,0x7	  x0:0x00000000 x12=0x00000000
     168825.000 ns	     16881	80003c78	10bd7d53	fmul.s	f26,f26,f11	 f26:0x00000001 f11:0x7fc00000 f26=0x7fc00000
     168845.000 ns	     16883	80003c7c	24e10f17	auipc	x30,0x24e10	 x30=0xa4e13c7c
     168855.000 ns	     16884	80003c80	002536b3	sltu	x13,x10,x2	 x10:0xb3f58b7c  x2:0x80040fe4 x13=0x00000000
     168865.000 ns	     16885	80003c84	abee7213	andi	x4,x28,-1346	 x28:0xfefc1ac0  x4=0xfefc1a80
     168895.000 ns	     16888	80003c88	19f7f6d3	fdiv.s	f13,f15,f31	 f15:0x7ffbeb64 f31:0xffc00000 f13=0x7fc00000
     168925.000 ns	     16891	80003c8c	a1a3a0d3	feq.s	x1,f7,f26	  f7:0xffc00000 f26:0x7fc00000  x1=0x00000000
     169295.000 ns	     16928	80003c90	032ef233	remu	x4,x29,x18	 x29:0x00000000 x18:0xfefc1ac0  x4=0x00000000
     169325.000 ns	     16931	80003c94	020cc333	div	x6,x25,x0	 x25:0xffffffff  x0:0x00000000  x6=0xffffffff
     169355.000 ns	     16934	80003c98	f00385d3	fmv.w.x	f11,x7	  x7:0x00000000 f11=0x00000000
     169385.000 ns	     16937	80003c9c	211f12d3	fsgnjn.s	f5,f30,f17	 f30:0x7fc00000 f17:0x80000000  f5=0x7fc00000
     169435.000 ns	     16942	80003ca0	00bc7653	fadd.s	f12,f24,f11	 f24:0x7fc00000 f11:0x00000000 f12=0x7fc00000
     169465.000 ns	     16945	80003ca4	c01cf1d3	fcvt.wu.s	x3,f25	 f25:0xcefff7e0  x3=0x7ffbf000
     169495.000 ns	     16948	80003ca8	e00886d3	fmv.x.w	x13,f17	 f17:0x80000000 x13=0x80000000
     169525.000 ns	     16951	80003cac	29799ad3	fmax.s	f21,f19,f23	 f19:0x7fc00000 f23:0x7fc00000 f21=0x7fc00000
     169545.000 ns	     16953	80003cb0	40428033	sub	x0,x5,x4	  x5:0x0103e286  x4:0x00000000
     169565.000 ns	     16955	80003cb4	d00d0e53	fcvt.s.w	f28,x26	 x26:0x00000000 f28=0x00000000
     169595.000 ns	     16958	80003cb8	f00008d3	fmv.w.x	f17,x0	  x0:0x00000000 f17=0x00000000
     169615.000 ns	     16960	80003cbc	01cfb9b3	sltu	x19,x31,x28	 x31:0x00000011 x28:0xfefc1ac0 x19=0x00000001
     169635.000 ns	     16962	80003cc0	295f0fd3	fmin.s	f31,f30,f21	 f30:0x7fc00000 f21:0x7fc00000 f31=0x7fc00000
     169675.000 ns	     16966	80003cc4	18300453	fdiv.s	f8,f0,f3	  f0:0x7fc00000  f3:0x00000001  f8=0x7fc00000
     169695.000 ns	     16968	80003cc8	17b9ed93	ori	x27,x19,379	 x19:0x00000001 x27=0x0000017b
     169715.000 ns	     16970	80003ccc	d016aad3	fcvt.s.wu	f21,x13	 x13:0x80000000 f21=0x4f000000
     169735.000 ns	     16972	80003cd0	00000013	addi	x0,x0,0	  x0:0x00000000
     169745.000 ns	     16973	80003cd4	f9bd8693	addi	x13,x27,-101	 x27:0x0000017b x13=0x00000116
     169775.000 ns	     16976	80003cd8	58031c53	fsqrt.s	f24,f6	  f6:0x7fc00000 f24=0x7fc00000
     169805.000 ns	     16979	80003cdc	a0192053	feq.s	x0,f18,f1	 f18:0x3f800000  f1:0xffc00000
     169825.000 ns	     16981	80003ce0	0bd10613	addi	x12,x2,189	  x2:0x80040fe4 x12=0x800410a1
     169835.000 ns	     16982	80003ce4	00000013	addi	x0,x0,0	  x0:0x00000000
     169855.000 ns	     16984	80003ce8	021049b3	div	x19,x0,x1	  x0:0x00000000  x1:0x00000000 x19=0xffffffff
     169875.000 ns	     16986	80003cec	77d6f313	andi	x6,x13,1917	 x13:0x00000116  x6=0x00000114
     169885.000 ns	     16987	80003cf0	0301fc97	auipc	x25,0x301f	 x25=0x83022cf0
     169905.000 ns	     16989	80003cf4	03867a33	remu	x20,x12,x24	 x12:0x800410a1 x24:0x00000000 x20=0x800410a1
     169925.000 ns	     16991	80003cf8	01252d33	slt	x26,x10,x18	 x10:0xb3f58b7c x18:0xfefc1ac0 x26=0x00000001
     169945.000 ns	     16993	80003cfc	a152a0d3	feq.s	x1,f5,f21	  f5:0x7fc00000 f21:0x4f000000  x1=0x00000000
     169965.000 ns	     16995	80003d00	009cf1b3	and	x3,x25,x9	 x25:0x83022cf0  x9:0x80248d94  x3=0x80000c90
     169985.000 ns	     16997	80003d04	207a9a53	fsgnjn.s	f20,f21,f7	 f21:0x4f000000  f7:0xffc00000 f20=0x4f000000
     170015.000 ns	     17000	80003d08	21f624d3	fsgnjx.s	f9,f12,f31	 f12:0x7fc00000 f31:0x7fc00000  f9=0x7fc00000
     170045.000 ns	     17003	80003d0c	e00406d3	fmv.x.w	x13,f8	  f8:0x7fc00000 x13=0x7fc00000
     170075.000 ns	     17006	80003d10	a1c529d3	feq.s	x19,f10,f28	 f10:0xffc00000 f28:0x00000000 x19=0x00000000
     170095.000 ns	     17008	80003d14	40b35ab3	sra	x21,x6,x11	  x6:0x00000114 x11:0x00000010 x21=0x00000000
     170105.000 ns	     17009	80003d18	5c78c293	xori	x5,x17,1479	 x17:0x00000000  x5=0x000005c7
     170125.000 ns	     17011	80003d1c	288c07d3	fmin.s	f15,f24,f8	 f24:0x7fc00000  f8:0x7fc00000 f15=0x7fc00000
     170155.000 ns	     17014	80003d20	28e60a53	fmin.s	f20,f12,f14	 f12:0x7fc00000 f14:0x00000000 f20=0x00000000
     170185.000 ns	     17017	80003d24	21c705d3	fsgnj.s	f11,f14,f28	 f14:0x00000000 f28:0x00000000 f11=0x00000000
     170215.000 ns	     17020	80003d28	e0068dd3	fmv.x.w	x27,f13	 f13:0x7fc00000 x27=0x7fc00000
     170245.000 ns	     17023	80003d2c	200621d3	fsgnjx.s	f3,f12,f0	 f12:0x7fc00000  f0:0x7fc00000  f3=0x7fc00000
     170265.000 ns	     17025	80003d30	40618cb3	sub	x25,x3,x6	  x3:0x80000c90  x6:0x00000114 x25=0x80000b7c
     170285.000 ns	     17027	80003d34	026323b3	mulhsu	x7,x6,x6	  x6:0x00000114  x6:0x00000114  x7=0x00000000
     170315.000 ns	     17030	80003d38	d00093d3	fcvt.s.w	f7,x1	  x1:0x00000000  f7=0x00000000
     170335.000 ns	     17032	80003d3c	4058d2b3	sra	x5,x17,x5	 x17:0x00000000  x5:0x000005c7  x5=0x00000000
     170355.000 ns	     17034	80003d40	03598b33	mul	x22,x19,x21	 x19:0x00000000 x21:0x00000000 x22=0x00000000
     170385.000 ns	     17037	80003d44	a1212953	feq.s	x18,f2,f18	  f2:0x7fc00000 f18:0x3f800000 x18=0x00000000
     170405.000 ns	     17039	80003d48	b5ff4293	xori	x5,x30,-1185	 x30:0xa4e13c7c  x5=0x5b1ec723
     170765.000 ns	     17075	80003d4c	03a4c033	div	x0,x9,x26	  x9:0x80248d94 x26:0x00000001
     170795.000 ns	     17078	80003d50	036ad8b3	divu	x17,x21,x22	 x21:0x00000000 x22:0x00000000 x17=0xffffffff
     170815.000 ns	     17080	80003d54	019652b3	srl	x5,x12,x25	 x12:0x800410a1 x25:0x80000b7c  x5=0x00000008
     170825.000 ns	     17081	80003d58	c99f0297	auipc	x5,0xc99f0	  x5=0x499f3d58
     170835.000 ns	     17082	80003d5c	417d0fb3	sub	x31,x26,x23	 x26:0x00000001 x23:0x00000110 x31=0xfffffef1
     170865.000 ns	     17085	80003d60	10c10b53	fmul.s	f22,f2,f12	  f2:0x7fc00000 f12:0x7fc00000 f22=0x7fc00000
     170885.000 ns	     17087	80003d64	ea86b993	sltiu	x19,x13,-344	 x13:0x7fc00000 x19=0x00000001
     170905.000 ns	     17089	80003d68	02903c33	mulhu	x24,x0,x9	  x0:0x00000000  x9:0x80248d94 x24=0x00000000
     170935.000 ns	     17092	80003d6c	027db8b3	mulhu	x17,x27,x7	 x27:0x7fc00000  x7:0x00000000 x17=0x00000000
     170975.000 ns	     17096	80003d70	18db7cd3	fdiv.s	f25,f22,f13	 f22:0x7fc00000 f13:0x7fc00000 f25=0x7fc00000
     171005.000 ns	     17099	80003d74	209b0bd3	fsgnj.s	f23,f22,f9	 f22:0x7fc00000  f9:0x7fc00000 f23=0x7fc00000
     171025.000 ns	     17101	80003d78	5a9b22b7	lui	x5,0x5a9b2	  x5=0x5a9b2000
     171035.000 ns	     17102	80003d7c	00dfd413	srli	x8,x31,0xd	 x31:0xfffffef1  x8=0x0007ffff
     171055.000 ns	     17104	80003d80	213e9453	fsgnjn.s	f8,f29,f19	 f29:0x7fc00000 f19:0x7fc00000  f8=0xffc00000
     171085.000 ns	     17107	80003d84	03c63db3	mulhu	x27,x12,x28	 x12:0x800410a1 x28:0xfefc1ac0 x27=0x7f8219e0
     171105.000 ns	     17109	80003d88	38442d13	slti	x26,x8,900	  x8:0x0007ffff x26=0x00000000
     171125.000 ns	     17111	80003d8c	c00671d3	fcvt.w.s	x3,f12	 f12:0x7fc00000  x3=0x7fffffff
     171145.000 ns	     17113	80003d90	01b13eb3	sltu	x29,x2,x27	  x2:0x80040fe4 x27:0x7f8219e0 x29=0x00000000
     171165.000 ns	     17115	80003d94	027bc933	div	x18,x23,x7	 x23:0x00000110  x7:0x00000000 x18=0xffffffff
     171185.000 ns	     17117	80003d98	b371b393	sltiu	x7,x3,-1225	  x3:0x7fffffff  x7=0x00000001
     171195.000 ns	     17118	80003d9c	00dc06b3	add	x13,x24,x13	 x24:0x00000000 x13:0x7fc00000 x13=0x7fc00000
     171215.000 ns	     17120	80003da0	021ee1b3	rem	x3,x29,x1	 x29:0x00000000  x1:0x00000000  x3=0x00000000
     171245.000 ns	     17123	80003da4	d000ccd3	fcvt.s.w	f25,x1	  x1:0x00000000 f25=0x00000000
     171275.000 ns	     17126	80003da8	028e3033	mulhu	x0,x28,x8	 x28:0xfefc1ac0  x8:0x0007ffff
     171295.000 ns	     17128	80003dac	002cb3b3	sltu	x7,x25,x2	 x25:0x80000b7c  x2:0x80040fe4  x7=0x00000001
     171305.000 ns	     17129	80003db0	00ce4933	xor	x18,x28,x12	 x28:0xfefc1ac0 x12:0x800410a1 x18=0x7ef80a61
     171315.000 ns	     17130	80003db4	d90eb313	sltiu	x6,x29,-624	 x29:0x00000000  x6=0x00000001
     171335.000 ns	     17132	80003db8	21bda3d3	fsgnjx.s	f7,f27,f27	 f27:0x4f7efc1a f27:0x4f7efc1a  f7=0x4f7efc1a
     171705.000 ns	     17169	80003dbc	02d2c033	div	x0,x5,x13	  x5:0x5a9b2000 x13:0x7fc00000
     171745.000 ns	     17173	80003dc0	5800fad3	fsqrt.s	f21,f1	  f1:0xffc00000 f21=0x7fc00000
     171775.000 ns	     17176	80003dc4	e0009ad3	fclass.s	x21,f1	  f1:0xffc00000 x21=0x00000200
     171795.000 ns	     17178	80003dc8	01799693	slli	x13,x19,0x17	 x19:0x00000001 x13=0x00800000
     171805.000 ns	     17179	80003dcc	a44b4293	xori	x5,x22,-1468	 x22:0x00000000  x5=0xfffffa44
     171825.000 ns	     17181	80003dd0	29209a53	fmax.s	f20,f1,f18	  f1:0xffc00000 f18:0x3f800000 f20=0x3f800000
     171845.000 ns	     17183	80003dd4	016d1f93	slli	x31,x26,0x16	 x26:0x00000000 x31=0x00000000
     171855.000 ns	     17184	80003dd8	0071acb3	slt	x25,x3,x7	  x3:0x00000000  x7:0x00000001 x25=0x00000001
     171865.000 ns	     17185	80003ddc	09af7e13	andi	x28,x30,154	 x30:0xa4e13c7c x28=0x00000018
     171875.000 ns	     17186	80003de0	416588b3	sub	x17,x11,x22	 x11:0x00000010 x22:0x00000000 x17=0x00000010
     171895.000 ns	     17188	80003de4	21c10ed3	fsgnj.s	f29,f2,f28	  f2:0x7fc00000 f28:0x00000000 f29=0x7fc00000
     171915.000 ns	     17190	80003de8	2eaf0537	lui	x10,0x2eaf0	 x10=0x2eaf0000
     171925.000 ns	     17191	80003dec	01ce84b3	add	x9,x29,x28	 x29:0x00000000 x28:0x00000018  x9=0x00000018
     172285.000 ns	     17227	80003df0	0329f233	remu	x4,x19,x18	 x19:0x00000001 x18:0x7ef80a61  x4=0x00000001
     172315.000 ns	     17230	80003df4	21902053	fsgnjx.s	f0,f0,f25	  f0:0x7fc00000 f25:0x00000000  f0=0x7fc00000
     172335.000 ns	     17232	80003df8	4a51ef93	ori	x31,x3,1189	  x3:0x00000000 x31=0x000004a5
     172355.000 ns	     17234	80003dfc	28cd8053	fmin.s	f0,f27,f12	 f27:0x4f7efc1a f12:0x7fc00000  f0=0x4f7efc1a
     172375.000 ns	     17236	80003e00	5b829997	auipc	x19,0x5b829	 x19=0xdb82ce00
     172385.000 ns	     17237	80003e04	cf8c3a13	sltiu	x20,x24,-776	 x24:0x00000000 x20=0x00000001
     172395.000 ns	     17238	80003e08	8ab98a37	lui	x20,0x8ab98	 x20=0x8ab98000
     172405.000 ns	     17239	80003e0c	00393b33	sltu	x22,x18,x3	 x18:0x7ef80a61  x3:0x00000000 x22=0x00000000
     172765.000 ns	     17275	80003e10	02dec6b3	div	x13,x29,x13	 x29:0x00000000 x13:0x00800000 x13=0x00000000
     172815.000 ns	     17280	80003e14	00e4c7d3	fadd.s	f15,f9,f14	  f9:0x7fc00000 f14:0x00000000 f15=0x7fc00000
     172835.000 ns	     17282	80003e18	83ac6417	auipc	x8,0x83ac6	  x8=0x03ac9e18
     172855.000 ns	     17284	80003e1c	28ab9353	fmax.s	f6,f23,f10	 f23:0x7fc00000 f10:0xffc00000  f6=0x7fc00000
     172885.000 ns	     17287	80003e20	020e1cb3	mulh	x25,x28,x0	 x28:0x00000018  x0:0x00000000 x25=0x00000000
     172915.000 ns	     17290	80003e24	f00e88d3	fmv.w.x	f17,x29	 x29:0x00000000 f17=0x00000000
     172945.000 ns	     17293	80003e28	21171fd3	fsgnjn.s	f31,f14,f17	 f14:0x00000000 f17:0x00000000 f31=0x80000000
     172965.000 ns	     17295	80003e2c	503d8893	addi	x17,x27,1283	 x27:0x7f8219e0 x17=0x7f821ee3
     172975.000 ns	     17296	80003e30	6f6dbf93	sltiu	x31,x27,1782	 x27:0x7f8219e0 x31=0x00000000
     173005.000 ns	     17299	80003e34	186ac853	fdiv.s	f16,f21,f6	 f21:0x7fc00000  f6:0x7fc00000 f16=0x7fc00000
     173055.000 ns	     17304	80003e38	08b57153	fsub.s	f2,f10,f11	 f10:0xffc00000 f11:0x00000000  f2=0x7fc00000
     173085.000 ns	     17307	80003e3c	20ee0ad3	fsgnj.s	f21,f28,f14	 f28:0x00000000 f14:0x00000000 f21=0x00000000
     173115.000 ns	     17310	80003e40	0355bd33	mulhu	x26,x11,x21	 x11:0x00000010 x21:0x00000200 x26=0x00000000
     173135.000 ns	     17312	80003e44	00850cb3	add	x25,x10,x8	 x10:0x2eaf0000  x8:0x03ac9e18 x25=0x325b9e18
     173155.000 ns	     17314	80003e48	295d0f53	fmin.s	f30,f26,f21	 f26:0x7fc00000 f21:0x00000000 f30=0x00000000
     173525.000 ns	     17351	80003e4c	03e0ecb3	rem	x25,x1,x30	  x1:0x00000000 x30:0xa4e13c7c x25=0x00000000
     173545.000 ns	     17353	80003e50	0b93fd13	andi	x26,x7,185	  x7:0x00000001 x26=0x00000001
     173555.000 ns	     17354	80003e54	00235bb3	srl	x23,x6,x2	  x6:0x00000001  x2:0x80040fe4 x23=0x00000000
     173595.000 ns	     17358	80003e58	095a46d3	fsub.s	f13,f20,f21	 f20:0x3f800000 f21:0x00000000 f13=0x3f800000
     173625.000 ns	     17361	80003e5c	f00809d3	fmv.w.x	f19,x16	 x16:0x00000004 f19=0x00000004
     173655.000 ns	     17364	80003e60	210a2ad3	fsgnjx.s	f21,f20,f16	 f20:0x3f800000 f16:0x7fc00000 f21=0x3f800000
     174025.000 ns	     17401	80003e64	02835eb3	divu	x29,x6,x8	  x6:0x00000001  x8:0x03ac9e18 x29=0x00000000
     174055.000 ns	     17404	80003e68	03043633	mulhu	x12,x8,x16	  x8:0x03ac9e18 x16:0x00000004 x12=0x00000000
     174085.000 ns	     17407	80003e6c	a0c923d3	feq.s	x7,f18,f12	 f18:0x3f800000 f12:0x7fc00000  x7=0x00000000
     174105.000 ns	     17409	80003e70	01a319b3	sll	x19,x6,x26	  x6:0x00000001 x26:0x00000001 x19=0x00000002
     174125.000 ns	     17411	80003e74	c01fcd53	fcvt.wu.s	x26,f31	 f31:0x80000000 x26=0x00000000
     174145.000 ns	     17413	80003e78	012feeb3	or	x29,x31,x18	 x31:0x00000000 x18:0x7ef80a61 x29=0x7ef80a61
     174165.000 ns	     17415	80003e7c	28759b53	fmax.s	f22,f11,f7	 f11:0x00000000  f7:0x4f7efc1a f22=0x4f7efc1a
     174195.000 ns	     17418	80003e80	e00897d3	fclass.s	x15,f17	 f17:0x00000000 x15=0x00000010
     174225.000 ns	     17421	80003e84	e0029d53	fclass.s	x26,f5	  f5:0x7fc00000 x26=0x00000200
     174245.000 ns	     17423	80003e88	cba74b13	xori	x22,x14,-838	 x14:0x80041024 x22=0x7ffbec9e
     174255.000 ns	     17424	80003e8c	01bae9b3	or	x19,x21,x27	 x21:0x00000200 x27:0x7f8219e0 x19=0x7f821be0
     174295.000 ns	     17428	80003e90	09a69253	fsub.s	f4,f13,f26	 f13:0x3f800000 f26:0x7fc00000  f4=0x7fc00000
     174325.000 ns	     17431	80003e94	e0040b53	fmv.x.w	x22,f8	  f8:0xffc00000 x22=0xffc00000
     174365.000 ns	     17435	80003e98	1965f353	fdiv.s	f6,f11,f22	 f11:0x00000000 f22:0x4f7efc1a  f6=0x00000000
     174395.000 ns	     17438	80003e9c	02db3933	mulhu	x18,x22,x13	 x22:0xffc00000 x13:0x00000000 x18=0x00000000
     174415.000 ns	     17440	80003ea0	41b9d333	sra	x6,x19,x27	 x19:0x7f821be0 x27:0x7f8219e0  x6=0x7f821be0
     174435.000 ns	     17442	80003ea4	03a49b33	mulh	x22,x9,x26	  x9:0x00000018 x26:0x00000200 x22=0x00000000
     174455.000 ns	     17444	80003ea8	23c4a313	slti	x6,x9,572	  x9:0x00000018  x6=0x00000001
     174475.000 ns	     17446	80003eac	02709533	mulh	x10,x1,x7	  x1:0x00000000  x7:0x00000000 x10=0x00000000
     174505.000 ns	     17449	80003eb0	02eb02b3	mul	x5,x22,x14	 x22:0x00000000 x14:0x80041024  x5=0x00000000
     174535.000 ns	     17452	80003eb4	c001a253	fcvt.w.s	x4,f3	  f3:0x7fc00000  x4=0x7fffffff
     174555.000 ns	     17454	80003eb8	019aaab3	slt	x21,x21,x25	 x21:0x00000200 x25:0x00000000 x21=0x00000000
     174565.000 ns	     17455	80003ebc	01965bb3	srl	x23,x12,x25	 x12:0x00000000 x25:0x00000000 x23=0x00000000
     174585.000 ns	     17457	80003ec0	f0048cd3	fmv.w.x	f25,x9	  x9:0x00000018 f25=0x00000018
     174615.000 ns	     17460	80003ec4	02ca3eb3	mulhu	x29,x20,x12	 x20:0x8ab98000 x12:0x00000000 x29=0x00000000
     174635.000 ns	     17462	80003ec8	f8f75517	auipc	x10,0xf8f75	 x10=0x78f78ec8
     174655.000 ns	     17464	80003ecc	035d6db3	rem	x27,x26,x21	 x26:0x00000200 x21:0x00000000 x27=0x00000200
     174675.000 ns	     17466	80003ed0	00675c13	srli	x24,x14,0x6	 x14:0x80041024 x24=0x02001040
     174685.000 ns	     17467	80003ed4	65144593	xori	x11,x8,1617	  x8:0x03ac9e18 x11=0x03ac9849
     174715.000 ns	     17470	80003ed8	105a7ad3	fmul.s	f21,f20,f5	 f20:0x3f800000  f5:0x7fc00000 f21=0x7fc00000
     174745.000 ns	     17473	80003edc	280b0e53	fmin.s	f28,f22,f0	 f22:0x4f7efc1a  f0:0x4f7efc1a f28=0x4f7efc1a
     174765.000 ns	     17475	80003ee0	009c72b3	and	x5,x24,x9	 x24:0x02001040  x9:0x00000018  x5=0x00000000
     174785.000 ns	     17477	80003ee4	c0020953	fcvt.w.s	x18,f4	  f4:0x7fc00000 x18=0x7fffffff
     174815.000 ns	     17480	80003ee8	28c48953	fmin.s	f18,f9,f12	  f9:0x7fc00000 f12:0x7fc00000 f18=0x7fc00000
     174835.000 ns	     17482	80003eec	005fa1b3	slt	x3,x31,x5	 x31:0x00000000  x5:0x00000000  x3=0x00000000
     174865.000 ns	     17485	80003ef0	580670d3	fsqrt.s	f1,f12	 f12:0x7fc00000  f1=0x7fc00000
     174885.000 ns	     17487	80003ef4	01bbefb3	or	x31,x23,x27	 x23:0x00000000 x27:0x00000200 x31=0x00000200
     174905.000 ns	     17489	80003ef8	e0009f53	fclass.s	x30,f1	  f1:0x7fc00000 x30=0x00000200
     174925.000 ns	     17491	80003efc	00bc3db3	sltu	x27,x24,x11	 x24:0x02001040 x11:0x03ac9849 x27=0x00000001
     174935.000 ns	     17492	80003f00	afb1f413	andi	x8,x3,-1285	  x3:0x00000000  x8=0x00000000
     174945.000 ns	     17493	80003f04	415fd333	sra	x6,x31,x21	 x31:0x00000200 x21:0x00000000  x6=0x00000200
     174965.000 ns	     17495	80003f08	028a4b33	div	x22,x20,x8	 x20:0x8ab98000  x8:0x03ac9e18 x22=0xffffffff
     174995.000 ns	     17498	80003f0c	02042433	mulhsu	x8,x8,x0	  x8:0x00000000  x0:0x00000000  x8=0x00000000
     175025.000 ns	     17501	80003f10	297f06d3	fmin.s	f13,f30,f23	 f30:0x00000000 f23:0x7fc00000 f13=0x00000000
     175055.000 ns	     17504	80003f14	f00a8653	fmv.w.x	f12,x21	 x21:0x00000000 f12=0x00000000
     175425.000 ns	     17541	80003f18	03117933	remu	x18,x2,x17	  x2:0x80040fe4 x17:0x7f821ee3 x18=0x0081f101
     175455.000 ns	     17544	80003f1c	f0028153	fmv.w.x	f2,x5	  x5:0x00000000  f2=0x00000000
     175485.000 ns	     17547	80003f20	02a808b3	mul	x17,x16,x10	 x16:0x00000004 x10:0x78f78ec8 x17=0xe3de3b20
     175505.000 ns	     17549	80003f24	a3e97193	andi	x3,x18,-1474	 x18:0x0081f101  x3=0x0081f000
     175515.000 ns	     17550	80003f28	00d440b3	xor	x1,x8,x13	  x8:0x00000000 x13:0x00000000  x1=0x00000000
     175535.000 ns	     17552	80003f2c	c00cf1d3	fcvt.w.s	x3,f25	 f25:0x00000018  x3=0x00000000
     175565.000 ns	     17555	80003f30	02742233	mulhsu	x4,x8,x7	  x8:0x00000000  x7:0x00000000  x4=0x00000000
     175595.000 ns	     17558	80003f34	a04203d3	fle.s	x7,f4,f4	  f4:0x7fc00000  f4:0x7fc00000  x7=0x00000000
     175615.000 ns	     17560	80003f38	01bd44b3	xor	x9,x26,x27	 x26:0x00000200 x27:0x00000001  x9=0x00000201
     175625.000 ns	     17561	80003f3c	31058d93	addi	x27,x11,784	 x11:0x03ac9849 x27=0x03ac9b59
     175635.000 ns	     17562	80003f40	0016e7b3	or	x15,x13,x1	 x13:0x00000000  x1:0x00000000 x15=0x00000000
     175645.000 ns	     17563	80003f44	00b22033	slt	x0,x4,x11	  x4:0x00000000 x11:0x03ac9849
     175665.000 ns	     17565	80003f48	024d1033	mulh	x0,x26,x4	 x26:0x00000200  x4:0x00000000
     175715.000 ns	     17570	80003f4c	00dcbfd3	fadd.s	f31,f25,f13	 f25:0x00000018 f13:0x00000000 f31=0x00000018
     175735.000 ns	     17572	80003f50	43507b13	andi	x22,x0,1077	  x0:0x00000000 x22=0x00000000
     175755.000 ns	     17574	80003f54	0208bb33	mulhu	x22,x17,x0	 x17:0xe3de3b20  x0:0x00000000 x22=0x00000000
     175805.000 ns	     17579	80003f58	01473bd3	fadd.s	f23,f14,f20	 f14:0x00000000 f20:0x3f800000 f23=0x3f800000
     175825.000 ns	     17581	80003f5c	41820633	sub	x12,x4,x24	  x4:0x00000000 x24:0x02001040 x12=0xfdffefc0
     175835.000 ns	     17582	80003f60	5a92bb13	sltiu	x22,x5,1449	  x5:0x00000000 x22=0x00000001
     175845.000 ns	     17583	80003f64	00eb89b3	add	x19,x23,x14	 x23:0x00000000 x14:0x80041024 x19=0x80041024
     175865.000 ns	     17585	80003f68	d016f3d3	fcvt.s.wu	f7,x13	 x13:0x00000000  f7=0x00000000
     175895.000 ns	     17588	80003f6c	02d1d6b3	divu	x13,x3,x13	  x3:0x00000000 x13:0x00000000 x13=0xffffffff
     175925.000 ns	     17591	80003f70	03e39033	mulh	x0,x7,x30	  x7:0x00000000 x30:0x00000200
     175945.000 ns	     17593	80003f74	018c1593	slli	x11,x24,0x18	 x24:0x02001040 x11=0x40000000
     175955.000 ns	     17594	80003f78	e0522193	slti	x3,x4,-507	  x4:0x00000000  x3=0x00000000
     175975.000 ns	     17596	80003f7c	c006fdd3	fcvt.w.s	x27,f13	 f13:0x00000000 x27=0x00000000
     176005.000 ns	     17599	80003f80	28761dd3	fmax.s	f27,f12,f7	 f12:0x00000000  f7:0x00000000 f27=0x00000000
     176025.000 ns	     17601	80003f84	014a1793	slli	x15,x20,0x14	 x20:0x8ab98000 x15=0x00000000
     176045.000 ns	     17603	80003f88	e0040953	fmv.x.w	x18,f8	  f8:0xffc00000 x18=0xffc00000
     176065.000 ns	     17605	80003f8c	c5222093	slti	x1,x4,-942	  x4:0x00000000  x1=0x00000000
     176085.000 ns	     17607	80003f90	21eea853	fsgnjx.s	f16,f29,f30	 f29:0x7fc00000 f30:0x00000000 f16=0x7fc00000
     176115.000 ns	     17610	80003f94	d019f1d3	fcvt.s.wu	f3,x19	 x19:0x80041024  f3=0x4f000410
     176145.000 ns	     17613	80003f98	03d29ab3	mulh	x21,x5,x29	  x5:0x00000000 x29:0x00000000 x21=0x00000000
     176165.000 ns	     17615	80003f9c	00c01b33	sll	x22,x0,x12	  x0:0x00000000 x12:0xfdffefc0 x22=0x00000000
     176175.000 ns	     17616	80003fa0	015285b3	add	x11,x5,x21	  x5:0x00000000 x21:0x00000000 x11=0x00000000
     176185.000 ns	     17617	80003fa4	24f43193	sltiu	x3,x8,591	  x8:0x00000000  x3=0x00000001
     176205.000 ns	     17619	80003fa8	e00319d3	fclass.s	x19,f6	  f6:0x00000000 x19=0x00000010
     176225.000 ns	     17621	80003fac	f6ea4a97	auipc	x21,0xf6ea4	 x21=0x76ea7fac
     176245.000 ns	     17623	80003fb0	283788d3	fmin.s	f17,f15,f3	 f15:0x7fc00000  f3:0x4f000410 f17=0x4f000410
     176275.000 ns	     17626	80003fb4	02c9b633	mulhu	x12,x19,x12	 x19:0x00000010 x12:0xfdffefc0 x12=0x0000000f
     176645.000 ns	     17663	80003fb8	0324c6b3	div	x13,x9,x18	  x9:0x00000201 x18:0xffc00000 x13=0x00000000
     176665.000 ns	     17665	80003fbc	00000013	addi	x0,x0,0	  x0:0x00000000
     176685.000 ns	     17667	80003fc0	f00f84d3	fmv.w.x	f9,x31	 x31:0x00000200  f9=0x00000200
     176705.000 ns	     17669	80003fc4	00a00633	add	x12,x0,x10	  x0:0x00000000 x10:0x78f78ec8 x12=0x78f78ec8
     176725.000 ns	     17671	80003fc8	e0059e53	fclass.s	x28,f11	 f11:0x00000000 x28=0x00000010
     176765.000 ns	     17675	80003fcc	1122f953	fmul.s	f18,f5,f18	  f5:0x7fc00000 f18:0x7fc00000 f18=0x7fc00000
     176785.000 ns	     17677	80003fd0	00798433	add	x8,x19,x7	 x19:0x00000010  x7:0x00000000  x8=0x00000010
     176805.000 ns	     17679	80003fd4	03bf92b3	mulh	x5,x31,x27	 x31:0x00000200 x27:0x00000000  x5=0x00000000
     176835.000 ns	     17682	80003fd8	d01110d3	fcvt.s.wu	f1,x2	  x2:0x80040fe4  f1=0x4f00040f
     177205.000 ns	     17719	80003fdc	02c5ea33	rem	x20,x11,x12	 x11:0x00000000 x12:0x78f78ec8 x20=0x00000000
     177235.000 ns	     17722	80003fe0	218205d3	fsgnj.s	f11,f4,f24	  f4:0x7fc00000 f24:0x7fc00000 f11=0x7fc00000
     177265.000 ns	     17725	80003fe4	c0042b53	fcvt.w.s	x22,f8	  f8:0xffc00000 x22=0x7fffffff
     177295.000 ns	     17728	80003fe8	e0030053	fmv.x.w	x0,f6	  f6:0x00000000
     177315.000 ns	     17730	80003fec	01a51a93	slli	x21,x10,0x1a	 x10:0x78f78ec8 x21=0x20000000
     177335.000 ns	     17732	80003ff0	a1cea353	feq.s	x6,f29,f28	 f29:0x7fc00000 f28:0x4f7efc1a  x6=0x00000000
     177355.000 ns	     17734	80003ff4	4cd38593	addi	x11,x7,1229	  x7:0x00000000 x11=0x000004cd
     177395.000 ns	     17738	80003ff8	094876d3	fsub.s	f13,f16,f20	 f16:0x7fc00000 f20:0x3f800000 f13=0x7fc00000
     177415.000 ns	     17740	80003ffc	00d106b3	add	x13,x2,x13	  x2:0x80040fe4 x13:0x00000000 x13=0x80040fe4
     177425.000 ns	     17741	80004000	0f0fc497	auipc	x9,0xf0fc	  x9=0x8f100000
     177445.000 ns	     17743	80004004	28bf03d3	fmin.s	f7,f30,f11	 f30:0x00000000 f11:0x7fc00000  f7=0x00000000
     177485.000 ns	     17747	80004008	18214653	fdiv.s	f12,f2,f2	  f2:0x00000000  f2:0x00000000 f12=0x7fc00000
     177515.000 ns	     17750	8000400c	e00f98d3	fclass.s	x17,f31	 f31:0x00000018 x17=0x00000020
     177535.000 ns	     17752	80004010	00d7f3b3	and	x7,x15,x13	 x15:0x00000000 x13:0x80040fe4  x7=0x00000000
     177555.000 ns	     17754	80004014	02c2a333	mulhsu	x6,x5,x12	  x5:0x00000000 x12:0x78f78ec8  x6=0x00000000
     177575.000 ns	     17756	80004018	00b06d33	or	x26,x0,x11	  x0:0x00000000 x11:0x000004cd x26=0x000004cd
     177595.000 ns	     17758	8000401c	211684d3	fsgnj.s	f9,f13,f17	 f13:0x7fc00000 f17:0x4f000410  f9=0x7fc00000
     177625.000 ns	     17761	80004020	28f21053	fmax.s	f0,f4,f15	  f4:0x7fc00000 f15:0x7fc00000  f0=0x7fc00000
     177645.000 ns	     17763	80004024	0137e9b3	or	x19,x15,x19	 x15:0x00000000 x19:0x00000010 x19=0x00000010
     177665.000 ns	     17765	80004028	03a43fb3	mulhu	x31,x8,x26	  x8:0x00000010 x26:0x000004cd x31=0x00000000
     177685.000 ns	     17767	8000402c	00a2a5b3	slt	x11,x5,x10	  x5:0x00000000 x10:0x78f78ec8 x11=0x00000001
     177695.000 ns	     17768	80004030	0186f2b3	and	x5,x13,x24	 x13:0x80040fe4 x24:0x02001040  x5=0x00000040
     177715.000 ns	     17770	80004034	29519bd3	fmax.s	f23,f3,f21	  f3:0x4f000410 f21:0x7fc00000 f23=0x4f000410
     177735.000 ns	     17772	80004038	002cf4b3	and	x9,x25,x2	 x25:0x00000000  x2:0x80040fe4  x9=0x00000000
     177765.000 ns	     17775	8000403c	189273d3	fdiv.s	f7,f4,f9	  f4:0x7fc00000  f9:0x7fc00000  f7=0x7fc00000
     177785.000 ns	     17777	80004040	7d1eac37	lui	x24,0x7d1ea	 x24=0x7d1ea000
     178145.000 ns	     17813	80004044	023677b3	remu	x15,x12,x3	 x12:0x78f78ec8  x3:0x00000001 x15=0x00000000
     178165.000 ns	     17815	80004048	013e8a33	add	x20,x29,x19	 x29:0x00000000 x19:0x00000010 x20=0x00000010
     178185.000 ns	     17817	8000404c	e0081ad3	fclass.s	x21,f16	 f16:0x7fc00000 x21=0x00000200
     178205.000 ns	     17819	80004050	0199dd93	srli	x27,x19,0x19	 x19:0x00000010 x27=0x00000000
     178245.000 ns	     17823	80004054	012dfad3	fadd.s	f21,f27,f18	 f27:0x00000000 f18:0x7fc00000 f21=0x7fc00000
     178275.000 ns	     17826	80004058	d01d7553	fcvt.s.wu	f10,x26	 x26:0x000004cd f10=0x4499a000
     178305.000 ns	     17829	8000405c	03bc8db3	mul	x27,x25,x27	 x25:0x00000000 x27:0x00000000 x27=0x00000000
     178325.000 ns	     17831	80004060	00000013	addi	x0,x0,0	  x0:0x00000000
     178345.000 ns	     17833	80004064	035c0cb3	mul	x25,x24,x21	 x24:0x7d1ea000 x21:0x00000200 x25=0x3d400000
     178385.000 ns	     17837	80004068	58068fd3	fsqrt.s	f31,f13	 f13:0x7fc00000 f31=0x7fc00000
     178425.000 ns	     17841	8000406c	5803c753	fsqrt.s	f14,f7	  f7:0x7fc00000 f14=0x7fc00000
     178455.000 ns	     17844	80004070	03161033	mulh	x0,x12,x17	 x12:0x78f78ec8 x17:0x00000020
     178485.000 ns	     17847	80004074	03ea89b3	mul	x19,x21,x30	 x21:0x00000200 x30:0x00000200 x19=0x00040000
     178505.000 ns	     17849	80004078	76e1a893	slti	x17,x3,1902	  x3:0x00000001 x17=0x00000001
     178515.000 ns	     17850	8000407c	00d1a1b3	slt	x3,x3,x13	  x3:0x00000001 x13:0x80040fe4  x3=0x00000000
     178525.000 ns	     17851	80004080	00cec2b3	xor	x5,x29,x12	 x29:0x00000000 x12:0x78f78ec8  x5=0x78f78ec8
     178545.000 ns	     17853	80004084	02f2c533	div	x10,x5,x15	  x5:0x00000040 x15:0x00000000 x10=0xffffffff
     178915.000 ns	     17890	80004088	0352df33	divu	x30,x5,x21	  x5:0x00000040 x21:0x00000200 x30=0x003c7bc7
     178945.000 ns	     17893	8000408c	03f98233	mul	x4,x19,x31	 x19:0x00040000 x31:0x00000000  x4=0x00000000
     178975.000 ns	     17896	80004090	28d29ed3	fmax.s	f29,f5,f13	  f5:0x7fc00000 f13:0x7fc00000 f29=0x7fc00000
     179005.000 ns	     17899	80004094	a0d080d3	fle.s	x1,f1,f13	  f1:0x4f00040f f13:0x7fc00000  x1=0x00000000
     179055.000 ns	     17904	80004098	096afb53	fsub.s	f22,f21,f22	 f21:0x7fc00000 f22:0x4f7efc1a f22=0x7fc00000
     179085.000 ns	     17907	8000409c	e0049953	fclass.s	x18,f9	  f9:0x7fc00000 x18=0x00000200
     179135.000 ns	     17912	800040a0	09fb7d53	fsub.s	f26,f22,f31	 f22:0x7fc00000 f31:0x7fc00000 f26=0x7fc00000
     179155.000 ns	     17914	800040a4	01af9613	slli	x12,x31,0x1a	 x31:0x00000000 x12=0x00000000
     179175.000 ns	     17916	800040a8	200f1bd3	fsgnjn.s	f23,f30,f0	 f30:0x00000000  f0:0x7fc00000 f23=0x80000000
     179195.000 ns	     17918	800040ac	011bd8b3	srl	x17,x23,x17	 x23:0x00000000 x17:0x00000001 x17=0x00000000
     179215.000 ns	     17920	800040b0	a02f22d3	feq.s	x5,f30,f2	 f30:0x00000000  f2:0x00000000  x5=0x00000001
     179235.000 ns	     17922	800040b4	012cdf33	srl	x30,x25,x18	 x25:0x3d400000 x18:0x00000200 x30=0x3d400000
     179275.000 ns	     17926	800040b8	094d7a53	fsub.s	f20,f26,f20	 f26:0x7fc00000 f20:0x3f800000 f20=0x7fc00000
     179305.000 ns	     17929	800040bc	e00192d3	fclass.s	x5,f3	  f3:0x4f000410  x5=0x00000040
     179345.000 ns	     17933	800040c0	1924f253	fdiv.s	f4,f9,f18	  f9:0x7fc00000 f18:0x7fc00000  f4=0x7fc00000
     179375.000 ns	     17936	800040c4	28ad18d3	fmax.s	f17,f26,f10	 f26:0x7fc00000 f10:0x4499a000 f17=0x4499a000
     179405.000 ns	     17939	800040c8	c00c78d3	fcvt.w.s	x17,f24	 f24:0x7fc00000 x17=0x7fffffff
     179425.000 ns	     17941	800040cc	008d1913	slli	x18,x26,0x8	 x26:0x000004cd x18=0x0004cd00
     179445.000 ns	     17943	800040d0	03d5bab3	mulhu	x21,x11,x29	 x11:0x00000001 x29:0x00000000 x21=0x00000000
     179485.000 ns	     17947	800040d4	19ec14d3	fdiv.s	f9,f24,f30	 f24:0x7fc00000 f30:0x00000000  f9=0x7fc00000
     179525.000 ns	     17951	800040d8	118e12d3	fmul.s	f5,f28,f24	 f28:0x4f7efc1a f24:0x7fc00000  f5=0x7fc00000
     179545.000 ns	     17953	800040dc	fc3e6913	ori	x18,x28,-61	 x28:0x00000010 x18=0xffffffd3
     179555.000 ns	     17954	800040e0	00000013	addi	x0,x0,0	  x0:0x00000000
     179585.000 ns	     17957	800040e4	1860b953	fdiv.s	f18,f1,f6	  f1:0x4f00040f  f6:0x00000000 f18=0x7f800000
     179605.000 ns	     17959	800040e8	0031b5b3	sltu	x11,x3,x3	  x3:0x00000000  x3:0x00000000 x11=0x00000000
     179615.000 ns	     17960	800040ec	00dd88b3	add	x17,x27,x13	 x27:0x00000000 x13:0x80040fe4 x17=0x80040fe4
     179635.000 ns	     17962	800040f0	0269a6b3	mulhsu	x13,x19,x6	 x19:0x00040000  x6:0x00000000 x13=0x00000000
     179665.000 ns	     17965	800040f4	d0127353	fcvt.s.wu	f6,x4	  x4:0x00000000  f6=0x00000000
     179685.000 ns	     17967	800040f8	0140bc33	sltu	x24,x1,x20	  x1:0x00000000 x20:0x00000010 x24=0x00000001
     179695.000 ns	     17968	800040fc	00beb233	sltu	x4,x29,x11	 x29:0x00000000 x11:0x00000000  x4=0x00000000
     179735.000 ns	     17972	80004100	08ed37d3	fsub.s	f15,f26,f14	 f26:0x7fc00000 f14:0x7fc00000 f15=0x7fc00000
     179755.000 ns	     17974	80004104	5a00bb13	sltiu	x22,x1,1440	  x1:0x00000000 x22=0x00000001
     179765.000 ns	     17975	80004108	7d7bc193	xori	x3,x23,2007	 x23:0x00000000  x3=0x000007d7
     179775.000 ns	     17976	8000410c	00dcd6b3	srl	x13,x25,x13	 x25:0x3d400000 x13:0x00000000 x13=0x3d400000
     179785.000 ns	     17977	80004110	0011b3b3	sltu	x7,x3,x1	  x3:0x00000000  x1:0x00000000  x7=0x00000000
     179805.000 ns	     17979	80004114	295a1c53	fmax.s	f24,f20,f21	 f20:0x7fc00000 f21:0x7fc00000 f24=0x7fc00000
     179835.000 ns	     17982	80004118	20da2cd3	fsgnjx.s	f25,f20,f13	 f20:0x7fc00000 f13:0x7fc00000 f25=0x7fc00000
     179855.000 ns	     17984	8000411c	41d25fb3	sra	x31,x4,x29	  x4:0x00000000 x29:0x00000000 x31=0x00000000
     179895.000 ns	     17988	80004120	08e57953	fsub.s	f18,f10,f14	 f10:0x4499a000 f14:0x7fc00000 f18=0x7fc00000
     179925.000 ns	     17991	80004124	c0058453	fcvt.w.s	x8,f11	 f11:0x7fc00000  x8=0x7fffffff
     179945.000 ns	     17993	80004128	be84ca93	xori	x21,x9,-1048	  x9:0x00000000 x21=0xfffffbe8
     179955.000 ns	     17994	8000412c	017c5013	srli	x0,x24,0x17	 x24:0x00000001
     179975.000 ns	     17996	80004130	0301bf33	mulhu	x30,x3,x16	  x3:0x000007d7 x16:0x00000004 x30=0x00000000
     180005.000 ns	     17999	80004134	a1c0aa53	feq.s	x20,f1,f28	  f1:0x4f00040f f28:0x4f7efc1a x20=0x00000000
     180035.000 ns	     18002	80004138	a1a10d53	fle.s	x26,f2,f26	  f2:0x00000000 f26:0x7fc00000 x26=0x00000000
     180055.000 ns	     18004	8000413c	00000013	addi	x0,x0,0	  x0:0x00000000
     180065.000 ns	     18005	80004140	0159d213	srli	x4,x19,0x15	 x19:0x00040000  x4=0x00000000
     180085.000 ns	     18007	80004144	28949a53	fmax.s	f20,f9,f9	  f9:0x7fc00000  f9:0x7fc00000 f20=0x7fc00000
     180105.000 ns	     18009	80004148	400f0ab3	sub	x21,x30,x0	 x30:0x00000000  x0:0x00000000 x21=0x00000000
     180115.000 ns	     18010	8000414c	00aa1d13	slli	x26,x20,0xa	 x20:0x00000000 x26=0x00000000
     180125.000 ns	     18011	80004150	0be63b93	sltiu	x23,x12,190	 x12:0x00000000 x23=0x00000001
     180135.000 ns	     18012	80004154	01e06fb3	or	x31,x0,x30	  x0:0x00000000 x30:0x00000000 x31=0x00000000
     180155.000 ns	     18014	80004158	292b8753	fmin.s	f14,f23,f18	 f23:0x80000000 f18:0x7fc00000 f14=0x80000000
     180185.000 ns	     18017	8000415c	a1410cd3	fle.s	x25,f2,f20	  f2:0x00000000 f20:0x7fc00000 x25=0x00000000
     180205.000 ns	     18019	80004160	93730093	addi	x1,x6,-1737	  x6:0x00000000  x1=0xfffff937
     180215.000 ns	     18020	80004164	48c2eb17	auipc	x22,0x48c2e	 x22=0xc8c32164
     180235.000 ns	     18022	80004168	f0070753	fmv.w.x	f14,x14	 x14:0x80041024 f14=0x80041024
     180275.000 ns	     18026	8000416c	18df8ad3	fdiv.s	f21,f31,f13	 f31:0x7fc00000 f13:0x7fc00000 f21=0x7fc00000
     180305.000 ns	     18029	80004170	c0117953	fcvt.wu.s	x18,f2	  f2:0x00000000 x18=0x00000000
     180335.000 ns	     18032	80004174	02b6eb33	rem	x22,x13,x11	 x13:0x3d400000 x11:0x00000000 x22=0x3d400000
     180355.000 ns	     18034	80004178	01e01993	slli	x19,x0,0x1e	  x0:0x00000000 x19=0x00000000
     180365.000 ns	     18035	8000417c	02046513	ori	x10,x8,32	  x8:0x7fffffff x10=0x7fffffff
     180405.000 ns	     18039	80004180	0820a553	fsub.s	f10,f1,f2	  f1:0x4f00040f  f2:0x00000000 f10=0x4f00040f
     180435.000 ns	     18042	80004184	039464b3	rem	x9,x8,x25	  x8:0x7fffffff x25:0x00000000  x9=0x7fffffff
     180455.000 ns	     18044	80004188	00a4d393	srli	x7,x9,0xa	  x9:0x00000000  x7=0x001fffff
     180475.000 ns	     18046	8000418c	29669b53	fmax.s	f22,f13,f22	 f13:0x7fc00000 f22:0x7fc00000 f22=0x7fc00000
     180505.000 ns	     18049	80004190	020c5933	divu	x18,x24,x0	 x24:0x00000001  x0:0x00000000 x18=0xffffffff
     180535.000 ns	     18052	80004194	e0001b53	fclass.s	x22,f0	  f0:0x7fc00000 x22=0x00000200
     180555.000 ns	     18054	80004198	0161bb33	sltu	x22,x3,x22	  x3:0x000007d7 x22:0x3d400000 x22=0x00000000
     180575.000 ns	     18056	8000419c	e00c9a53	fclass.s	x20,f25	 f25:0x7fc00000 x20=0x00000200
     180595.000 ns	     18058	800041a0	403ed893	srai	x17,x29,0x3	 x29:0x00000000 x17=0x00000000
     180605.000 ns	     18059	800041a4	b29dfb13	andi	x22,x27,-1239	 x27:0x00000000 x22=0x00000000
     180615.000 ns	     18060	800041a8	01dfe4b3	or	x9,x31,x29	 x31:0x00000000 x29:0x00000000  x9=0x00000000
     180635.000 ns	     18062	800041ac	c01ca1d3	fcvt.wu.s	x3,f25	 f25:0x7fc00000  x3=0xffffffff
     180655.000 ns	     18064	800041b0	9ed77213	andi	x4,x14,-1555	 x14:0x80041024  x4=0x80041024
     180675.000 ns	     18066	800041b4	02059b33	mulh	x22,x11,x0	 x11:0x00000000  x0:0x00000000 x22=0x00000000
     181855.000 ns	     18184	800041b8	5809c8d3	fsqrt.s	f17,f19	 f19:0x00000004 f17=0x1f350489
     181885.000 ns	     18187	800041bc	02b10c33	mul	x24,x2,x11	  x2:0x80040fe4 x11:0x00000000 x24=0x00000000
     181915.000 ns	     18190	800041c0	281684d3	fmin.s	f9,f13,f1	 f13:0x7fc00000  f1:0x4f00040f  f9=0x4f00040f
     181945.000 ns	     18193	800041c4	28c588d3	fmin.s	f17,f11,f12	 f11:0x7fc00000 f12:0x7fc00000 f17=0x7fc00000
     181965.000 ns	     18195	800041c8	8df68293	addi	x5,x13,-1825	 x13:0x3d400000  x5=0x3d3ff8df
     181985.000 ns	     18197	800041cc	e00c0e53	fmv.x.w	x28,f24	 f24:0x7fc00000 x28=0x7fc00000
     182025.000 ns	     18201	800041d0	11537953	fmul.s	f18,f6,f21	  f6:0x00000000 f21:0x7fc00000 f18=0x7fc00000
     182055.000 ns	     18204	800041d4	e00a99d3	fclass.s	x19,f21	 f21:0x7fc00000 x19=0x00000200
     182075.000 ns	     18206	800041d8	01b260b3	or	x1,x4,x27	  x4:0x80041024 x27:0x00000000  x1=0x80041024
     182085.000 ns	     18207	800041dc	01229613	slli	x12,x5,0x12	  x5:0x3d3ff8df x12=0xe37c0000
     182095.000 ns	     18208	800041e0	00d81a13	slli	x20,x16,0xd	 x16:0x00000004 x20=0x00008000
     182105.000 ns	     18209	800041e4	00bf4c33	xor	x24,x30,x11	 x30:0x00000000 x11:0x00000000 x24=0x00000000
     182125.000 ns	     18211	800041e8	e00608d3	fmv.x.w	x17,f12	 f12:0x7fc00000 x17=0x7fc00000
     182155.000 ns	     18214	800041ec	a16d1653	flt.s	x12,f26,f22	 f26:0x7fc00000 f22:0x7fc00000 x12=0x00000000
     182175.000 ns	     18216	800041f0	00015b33	srl	x22,x2,x0	  x2:0x80040fe4  x0:0x00000000 x22=0x80040fe4
     182205.000 ns	     18219	800041f4	580c8e53	fsqrt.s	f28,f25	 f25:0x7fc00000 f28=0x7fc00000
     182235.000 ns	     18222	800041f8	029bb9b3	mulhu	x19,x23,x9	 x23:0x00000001  x9:0x00000000 x19=0x00000000
     182265.000 ns	     18225	800041fc	20c12c53	fsgnjx.s	f24,f2,f12	  f2:0x00000000 f12:0x7fc00000 f24=0x00000000
     182285.000 ns	     18227	80004200	187c6213	ori	x4,x24,391	 x24:0x00000000  x4=0x00000187
     183345.000 ns	     18333	80004204	5801aed3	fsqrt.s	f29,f3	  f3:0x4f000410 f29=0x46b50a40
     183375.000 ns	     18336	80004208	212d1bd3	fsgnjn.s	f23,f26,f18	 f26:0x7fc00000 f18:0x7fc00000 f23=0xffc00000
     183405.000 ns	     18339	8000420c	e0039353	fclass.s	x6,f7	  f7:0x7fc00000  x6=0x00000200
     183425.000 ns	     18341	80004210	005d5b33	srl	x22,x26,x5	 x26:0x00000000  x5:0x3d3ff8df x22=0x00000000
     183445.000 ns	     18343	80004214	20c92cd3	fsgnjx.s	f25,f18,f12	 f18:0x7fc00000 f12:0x7fc00000 f25=0x7fc00000
     183485.000 ns	     18347	80004218	58077653	fsqrt.s	f12,f14	 f14:0x80041024 f12=0x7fc00000
     183515.000 ns	     18350	8000421c	02c95f33	divu	x30,x18,x12	 x18:0xffffffff x12:0x00000000 x30=0xffffffff
     183545.000 ns	     18353	80004220	20150cd3	fsgnj.s	f25,f10,f1	 f10:0x4f00040f  f1:0x4f00040f f25=0x4f00040f
     183565.000 ns	     18355	80004224	407e0533	sub	x10,x28,x7	 x28:0x7fc00000  x7:0x001fffff x10=0x7fa00001
     183585.000 ns	     18357	80004228	a159a0d3	feq.s	x1,f19,f21	 f19:0x00000004 f21:0x7fc00000  x1=0x00000000
     183605.000 ns	     18359	8000422c	fff67893	andi	x17,x12,-1	 x12:0x00000000 x17=0x00000000
     183625.000 ns	     18361	80004230	a19523d3	feq.s	x7,f10,f25	 f10:0x4f00040f f25:0x4f00040f  x7=0x00000001
     183995.000 ns	     18398	80004234	0322c333	div	x6,x5,x18	  x5:0x3d3ff8df x18:0xffffffff  x6=0xc2c00721
     184015.000 ns	     18400	80004238	ca6dbe93	sltiu	x29,x27,-858	 x27:0x00000000 x29=0x00000001
     184025.000 ns	     18401	8000423c	412a82b3	sub	x5,x21,x18	 x21:0x00000000 x18:0xffffffff  x5=0x00000001
     184035.000 ns	     18402	80004240	00245f93	srli	x31,x8,0x2	  x8:0x7fffffff x31=0x1fffffff
     184045.000 ns	     18403	80004244	00000013	addi	x0,x0,0	  x0:0x00000000
     184065.000 ns	     18405	80004248	d01cfad3	fcvt.s.wu	f21,x25	 x25:0x00000000 f21=0x00000000
     184095.000 ns	     18408	8000424c	280f9ad3	fmax.s	f21,f31,f0	 f31:0x7fc00000  f0:0x7fc00000 f21=0x7fc00000
     184125.000 ns	     18411	80004250	e00e1cd3	fclass.s	x25,f28	 f28:0x7fc00000 x25=0x00000200
     184175.000 ns	     18416	80004254	09f871d3	fsub.s	f3,f16,f31	 f16:0x7fc00000 f31:0x7fc00000  f3=0x7fc00000
     184205.000 ns	     18419	80004258	c00af553	fcvt.w.s	x10,f21	 f21:0x7fc00000 x10=0x7fffffff
     184235.000 ns	     18422	8000425c	03fc3d33	mulhu	x26,x24,x31	 x24:0x00000000 x31:0x1fffffff x26=0x00000000
     184275.000 ns	     18426	80004260	18a93753	fdiv.s	f14,f18,f10	 f18:0x7fc00000 f10:0x4f00040f f14=0x7fc00000
     184645.000 ns	     18463	80004264	03f842b3	div	x5,x16,x31	 x16:0x00000004 x31:0x1fffffff  x5=0x00000000
     184675.000 ns	     18466	80004268	29ab8b53	fmin.s	f22,f23,f26	 f23:0xffc00000 f26:0x7fc00000 f22=0x7fc00000
     184705.000 ns	     18469	8000426c	c00faf53	fcvt.w.s	x30,f31	 f31:0x7fc00000 x30=0x7fffffff
     184735.000 ns	     18472	80004270	28d51e53	fmax.s	f28,f10,f13	 f10:0x4f00040f f13:0x7fc00000 f28=0x4f00040f
     184765.000 ns	     18475	80004274	203b81d3	fsgnj.s	f3,f23,f3	 f23:0xffc00000  f3:0x7fc00000  f3=0x7fc00000
     184785.000 ns	     18477	80004278	4077db93	srai	x23,x15,0x7	 x15:0x00000000 x23=0x00000000
     184795.000 ns	     18478	8000427c	103b6193	ori	x3,x22,259	 x22:0x00000000  x3=0x00000103
     184815.000 ns	     18480	80004280	a0b902d3	fle.s	x5,f18,f11	 f18:0x7fc00000 f11:0x7fc00000  x5=0x00000000
     184835.000 ns	     18482	80004284	40565b33	sra	x22,x12,x5	 x12:0x00000000  x5:0x00000000 x22=0x00000000
     186005.000 ns	     18599	80004288	58050e53	fsqrt.s	f28,f10	 f10:0x4f00040f f28=0x46b50a40
     186025.000 ns	     18601	8000428c	01b95313	srli	x6,x18,0x1b	 x18:0xffffffff  x6=0x0000001f
     186045.000 ns	     18603	80004290	f00d0953	fmv.w.x	f18,x26	 x26:0x00000000 f18=0x00000000
     186065.000 ns	     18605	80004294	36c54897	auipc	x17,0x36c54	 x17=0xb6c58294
     186075.000 ns	     18606	80004298	007b87b3	add	x15,x23,x7	 x23:0x00000000  x7:0x00000001 x15=0x00000001
     186085.000 ns	     18607	8000429c	40745db3	sra	x27,x8,x7	  x8:0x7fffffff  x7:0x00000001 x27=0x3fffffff
     186105.000 ns	     18609	800042a0	20a12bd3	fsgnjx.s	f23,f2,f10	  f2:0x00000000 f10:0x4f00040f f23=0x00000000
     186475.000 ns	     18646	800042a4	0239c5b3	div	x11,x19,x3	 x19:0x00000000  x3:0x00000103 x11=0x00000000
     186495.000 ns	     18648	800042a8	00c39e33	sll	x28,x7,x12	  x7:0x00000001 x12:0x00000000 x28=0x00000001
     186515.000 ns	     18650	800042ac	02f01ab3	mulh	x21,x0,x15	  x0:0x00000000 x15:0x00000001 x21=0x00000000
     186545.000 ns	     18653	800042b0	20eea853	fsgnjx.s	f16,f29,f14	 f29:0x46b50a40 f14:0x7fc00000 f16=0x46b50a40
     186565.000 ns	     18655	800042b4	00000013	addi	x0,x0,0	  x0:0x00000000
     186575.000 ns	     18656	800042b8	002d57b3	srl	x15,x26,x2	 x26:0x00000000  x2:0x80040fe4 x15=0x00000000
     186595.000 ns	     18658	800042bc	034e02b3	mul	x5,x28,x20	 x28:0x00000001 x20:0x00008000  x5=0x00008000
     186615.000 ns	     18660	800042c0	86552513	slti	x10,x10,-1947	 x10:0x7fffffff x10=0x00000000
     186645.000 ns	     18663	800042c4	10eb33d3	fmul.s	f7,f22,f14	 f22:0x7fc00000 f14:0x7fc00000  f7=0x7fc00000
     186675.000 ns	     18666	800042c8	03efb7b3	mulhu	x15,x31,x30	 x31:0x1fffffff x30:0x7fffffff x15=0x0fffffff
     186695.000 ns	     18668	800042cc	006e5b33	srl	x22,x28,x6	 x28:0x00000001  x6:0x0000001f x22=0x00000000
     186715.000 ns	     18670	800042d0	c009fa53	fcvt.w.s	x20,f19	 f19:0x00000004 x20=0x00000000
     186735.000 ns	     18672	800042d4	40280433	sub	x8,x16,x2	 x16:0x00000004  x2:0x80040fe4  x8=0x7ffbf020
     186745.000 ns	     18673	800042d8	0081dd93	srli	x27,x3,0x8	  x3:0x00000103 x27=0x00000001
     186755.000 ns	     18674	800042dc	efe4bf13	sltiu	x30,x9,-258	  x9:0x00000000 x30=0x00000001
     186775.000 ns	     18676	800042e0	a0ba27d3	feq.s	x15,f20,f11	 f20:0x7fc00000 f11:0x7fc00000 x15=0x00000000
     186795.000 ns	     18678	800042e4	00b64ab3	xor	x21,x12,x11	 x12:0x00000000 x11:0x00000000 x21=0x00000000
     186815.000 ns	     18680	800042e8	29059653	fmax.s	f12,f11,f16	 f11:0x7fc00000 f16:0x46b50a40 f12=0x46b50a40
     186835.000 ns	     18682	800042ec	418e5c13	srai	x24,x28,0x18	 x28:0x00000001 x24=0x00000000
     186855.000 ns	     18684	800042f0	a16b9bd3	flt.s	x23,f23,f22	 f23:0x00000000 f22:0x7fc00000 x23=0x00000000
     186875.000 ns	     18686	800042f4	00171913	slli	x18,x14,0x1	 x14:0x80041024 x18=0x00082048
     186895.000 ns	     18688	800042f8	2049a053	fsgnjx.s	f0,f19,f4	 f19:0x00000004  f4:0x7fc00000  f0=0x00000004
     186915.000 ns	     18690	800042fc	01a01c93	slli	x25,x0,0x1a	  x0:0x00000000 x25=0x00000000
     186925.000 ns	     18691	80004300	71674a93	xori	x21,x14,1814	 x14:0x80041024 x21=0x80041732
     186935.000 ns	     18692	80004304	015f3a33	sltu	x20,x30,x21	 x30:0x00000001 x21:0x00000000 x20=0x00000001
     186955.000 ns	     18694	80004308	c014fe53	fcvt.wu.s	x28,f9	  f9:0x4f00040f x28=0x80040f00
     186985.000 ns	     18697	8000430c	03930f33	mul	x30,x6,x25	  x6:0x0000001f x25:0x00000000 x30=0x00000000
     187015.000 ns	     18700	80004310	a0cc10d3	flt.s	x1,f24,f12	 f24:0x00000000 f12:0x46b50a40  x1=0x00000001
     187045.000 ns	     18703	80004314	20452e53	fsgnjx.s	f28,f10,f4	 f10:0x4f00040f  f4:0x7fc00000 f28=0x4f00040f
     187065.000 ns	     18705	80004318	00000013	addi	x0,x0,0	  x0:0x00000000
     188235.000 ns	     18822	8000431c	5804fdd3	fsqrt.s	f27,f9	  f9:0x4f00040f f27=0x46b50a40
     188605.000 ns	     18859	80004320	03b76e33	rem	x28,x14,x27	 x14:0x80041024 x27:0x00000001 x28=0x00000000
     188635.000 ns	     18862	80004324	29a28fd3	fmin.s	f31,f5,f26	  f5:0x7fc00000 f26:0x7fc00000 f31=0x7fc00000
     188675.000 ns	     18866	80004328	580ffdd3	fsqrt.s	f27,f31	 f31:0x7fc00000 f27=0x7fc00000
     189045.000 ns	     18903	8000432c	02695db3	divu	x27,x18,x6	 x18:0x00082048  x6:0x0000001f x27=0x0000431b
     189065.000 ns	     18905	80004330	73efee93	ori	x29,x31,1854	 x31:0x1fffffff x29=0x1fffffff
     189085.000 ns	     18907	80004334	03e12933	mulhsu	x18,x2,x30	  x2:0x80040fe4 x30:0x00000000 x18=0x00000000
     189115.000 ns	     18910	80004338	29621c53	fmax.s	f24,f4,f22	  f4:0x7fc00000 f22:0x7fc00000 f24=0x7fc00000
     189135.000 ns	     18912	8000433c	400d5eb3	sra	x29,x26,x0	 x26:0x00000000  x0:0x00000000 x29=0x00000000
     189165.000 ns	     18915	80004340	11c98253	fmul.s	f4,f19,f28	 f19:0x00000004 f28:0x4f00040f  f4=0x0580040f
     189185.000 ns	     18917	80004344	00e33933	sltu	x18,x6,x14	  x6:0x0000001f x14:0x80041024 x18=0x00000001
     189195.000 ns	     18918	80004348	01620033	add	x0,x4,x22	  x4:0x00000187 x22:0x00000000
     190365.000 ns	     19035	8000434c	5804f0d3	fsqrt.s	f1,f9	  f9:0x4f00040f  f1=0x46b50a40
     190385.000 ns	     19037	80004350	017d9f93	slli	x31,x27,0x17	 x27:0x0000431b x31=0x8d800000
     190405.000 ns	     19039	80004354	a0dd9f53	flt.s	x30,f27,f13	 f27:0x7fc00000 f13:0x7fc00000 x30=0x00000000
     190425.000 ns	     19041	80004358	01f0d293	srli	x5,x1,0x1f	  x1:0x00000001  x5=0x00000000
     190455.000 ns	     19044	8000435c	1922fd53	fdiv.s	f26,f5,f18	  f5:0x7fc00000 f18:0x00000000 f26=0x7fc00000
     190475.000 ns	     19046	80004360	e17bab13	slti	x22,x23,-489	 x23:0x00000000 x22=0x00000000
     190485.000 ns	     19047	80004364	48754093	xori	x1,x10,1159	 x10:0x00000000  x1=0x00000487
     190505.000 ns	     19049	80004368	0364a9b3	mulhsu	x19,x9,x22	  x9:0x00000000 x22:0x00000000 x19=0x00000000
     190545.000 ns	     19053	8000436c	104cf253	fmul.s	f4,f25,f4	 f25:0x4f00040f  f4:0x0580040f  f4=0x1500081e
     190575.000 ns	     19056	80004370	03af9033	mulh	x0,x31,x26	 x31:0x8d800000 x26:0x00000000
     190595.000 ns	     19058	80004374	405bde13	srai	x28,x23,0x5	 x23:0x00000000 x28=0x00000000
     190615.000 ns	     19060	80004378	024913b3	mulh	x7,x18,x4	 x18:0x00000001  x4:0x00000187  x7=0x00000000
     190645.000 ns	     19063	8000437c	02e52d33	mulhsu	x26,x10,x14	 x10:0x00000000 x14:0x80041024 x26=0x00000000
     190675.000 ns	     19066	80004380	d01bf8d3	fcvt.s.wu	f17,x23	 x23:0x00000000 f17=0x00000000
     190695.000 ns	     19068	80004384	c82e0613	addi	x12,x28,-894	 x28:0x00000000 x12=0xfffffc82
     190715.000 ns	     19070	80004388	024b22b3	mulhsu	x5,x22,x4	 x22:0x00000000  x4:0x00000187  x5=0x00000000
     190735.000 ns	     19072	8000438c	0ce16a93	ori	x21,x2,206	  x2:0x80040fe4 x21=0x80040fee
     191905.000 ns	     19189	80004390	58052453	fsqrt.s	f8,f10	 f10:0x4f00040f  f8=0x46b50a40
     191925.000 ns	     19191	80004394	005fb5b3	sltu	x11,x31,x5	 x31:0x8d800000  x5:0x00000000 x11=0x00000000
     191935.000 ns	     19192	80004398	01443f33	sltu	x30,x8,x20	  x8:0x7ffbf020 x20:0x00000001 x30=0x00000000
     191945.000 ns	     19193	8000439c	00000013	addi	x0,x0,0	  x0:0x00000000
     191955.000 ns	     19194	800043a0	c35cca93	xori	x21,x25,-971	 x25:0x00000000 x21=0xfffffc35
     191965.000 ns	     19195	800043a4	42fea437	lui	x8,0x42fea	  x8=0x42fea000
     191975.000 ns	     19196	800043a8	01540cb3	add	x25,x8,x21	  x8:0x7ffbf020 x21:0x80040fee x25=0x42fe9c35
     191995.000 ns	     19198	800043ac	c01abe53	fcvt.wu.s	x28,f21	 f21:0x7fc00000 x28=0xffffffff
     193175.000 ns	     19316	800043b0	58047cd3	fsqrt.s	f25,f8	  f8:0x46b50a40 f25=0x43183a19
     194355.000 ns	     19434	800043b4	58099d53	fsqrt.s	f26,f19	 f19:0x00000004 f26=0x1f350489
     194375.000 ns	     19436	800043b8	dfac8317	auipc	x6,0xdfac8	  x6=0x5facc3b8
     194385.000 ns	     19437	800043bc	008a8a33	add	x20,x21,x8	 x21:0xfffffc35  x8:0x42fea000 x20=0x42fe9c35
     194405.000 ns	     19439	800043c0	d01b1d53	fcvt.s.wu	f26,x22	 x22:0x00000000 f26=0x00000000
     194425.000 ns	     19441	800043c4	a409dc17	auipc	x24,0xa409d	 x24=0x240a13c4
     194435.000 ns	     19442	800043c8	b56b2c13	slti	x24,x22,-1194	 x22:0x00000000 x24=0x00000000
     194445.000 ns	     19443	800043cc	002b8e33	add	x28,x23,x2	 x23:0x00000000  x2:0x80040fe4 x28=0x80040fe4
     194465.000 ns	     19445	800043d0	a1801d53	flt.s	x26,f0,f24	  f0:0x00000004 f24:0x7fc00000 x26=0x00000000
     194495.000 ns	     19448	800043d4	29f18cd3	fmin.s	f25,f3,f31	  f3:0x7fc00000 f31:0x7fc00000 f25=0x7fc00000
     194515.000 ns	     19450	800043d8	01f09ab3	sll	x21,x1,x31	  x1:0x00000487 x31:0x8d800000 x21=0x00000487
     194525.000 ns	     19451	800043dc	015193b3	sll	x7,x3,x21	  x3:0x00000103 x21:0xfffffc35  x7=0x00008180
     194565.000 ns	     19455	800043e0	01cd00d3	fadd.s	f1,f26,f28	 f26:0x00000000 f28:0x4f00040f  f1=0x4f00040f
     194595.000 ns	     19458	800043e4	29011153	fmax.s	f2,f2,f16	  f2:0x00000000 f16:0x46b50a40  f2=0x46b50a40
     194615.000 ns	     19460	800043e8	00bf3533	sltu	x10,x30,x11	 x30:0x00000000 x11:0x00000000 x10=0x00000000
     194625.000 ns	     19461	800043ec	521db513	sltiu	x10,x27,1313	 x27:0x0000431b x10=0x00000000
     194985.000 ns	     19497	800043f0	031a4eb3	div	x29,x20,x17	 x20:0x42fe9c35 x17:0xb6c58294 x29=0x00000000
     195005.000 ns	     19499	800043f4	c4cda2b7	lui	x5,0xc4cda	  x5=0xc4cda000
     195035.000 ns	     19502	800043f8	19a072d3	fdiv.s	f5,f0,f26	  f0:0x00000004 f26:0x00000000  f5=0x7f800000
     195055.000 ns	     19504	800043fc	017e5f33	srl	x30,x28,x23	 x28:0x80040fe4 x23:0x00000000 x30=0x80040fe4
     195075.000 ns	     19506	80004400	d0177e53	fcvt.s.wu	f28,x14	 x14:0x80041024 f28=0x4f000410
     195105.000 ns	     19509	80004404	03f131b3	mulhu	x3,x2,x31	  x2:0x80040fe4 x31:0x8d800000  x3=0x46c23ec8
     195475.000 ns	     19546	80004408	02434c33	div	x24,x6,x4	  x6:0x5facc3b8  x4:0x00000187 x24=0x003ea42e
     195495.000 ns	     19548	8000440c	00000013	addi	x0,x0,0	  x0:0x00000000
     195505.000 ns	     19549	80004410	01590c33	add	x24,x18,x21	 x18:0x00000001 x21:0x00000487 x24=0x00000488
     195525.000 ns	     19551	80004414	a0be96d3	flt.s	x13,f29,f11	 f29:0x46b50a40 f11:0x7fc00000 x13=0x00000000
     195555.000 ns	     19554	80004418	f00a8953	fmv.w.x	f18,x21	 x21:0x00000487 f18=0x00000487
     195605.000 ns	     19559	8000441c	08294e53	fsub.s	f28,f18,f2	 f18:0x00000000  f2:0x46b50a40 f28=0xc6b50a40
     195635.000 ns	     19562	80004420	c00c0553	fcvt.w.s	x10,f24	 f24:0x7fc00000 x10=0x7fffffff
     195665.000 ns	     19565	80004424	d017c653	fcvt.s.wu	f12,x15	 x15:0x00000000 f12=0x00000000
     195695.000 ns	     19568	80004428	03a049b3	div	x19,x0,x26	  x0:0x00000000 x26:0x00000000 x19=0xffffffff
     195735.000 ns	     19572	8000442c	1080fed3	fmul.s	f29,f1,f8	  f1:0x4f00040f  f8:0x46b50a40 f29=0x56350ffe
     195765.000 ns	     19575	80004430	02433fb3	mulhu	x31,x6,x4	  x6:0x5facc3b8  x4:0x00000187 x31=0x00000092
     195785.000 ns	     19577	80004434	00000013	addi	x0,x0,0	  x0:0x00000000
     195795.000 ns	     19578	80004438	69fec6b7	lui	x13,0x69fec	 x13=0x69fec000
     196155.000 ns	     19614	8000443c	03c87ab3	remu	x21,x16,x28	 x16:0x00000004 x28:0x80040fe4 x21=0x00000004
     196525.000 ns	     19651	80004440	02dcdd33	divu	x26,x25,x13	 x25:0x42fe9c35 x13:0x00000000 x26=0x00000000
     196895.000 ns	     19688	80004444	02625633	divu	x12,x4,x6	  x4:0x00000187  x6:0x5facc3b8 x12=0x00000000
     196915.000 ns	     19690	80004448	bc85e6b7	lui	x13,0xbc85e	 x13=0xbc85e000
     196925.000 ns	     19691	8000444c	00db79b3	and	x19,x22,x13	 x22:0x00000000 x13:0x69fec000 x19=0x00000000
     196935.000 ns	     19692	80004450	0166e4b3	or	x9,x13,x22	 x13:0x69fec000 x22:0x00000000  x9=0xbc85e000
     196945.000 ns	     19693	80004454	e57b3a93	sltiu	x21,x22,-425	 x22:0x00000000 x21=0x00000001
     196955.000 ns	     19694	80004458	5fc83f93	sltiu	x31,x16,1532	 x16:0x00000004 x31=0x00000001
     196965.000 ns	     19695	8000445c	011e0ab3	add	x21,x28,x17	 x28:0x80040fe4 x17:0xb6c58294 x21=0x36c99278
     196985.000 ns	     19697	80004460	a1c8a4d3	feq.s	x9,f17,f28	 f17:0x00000000 f28:0xc6b50a40  x9=0x00000000
     197005.000 ns	     19699	80004464	41095433	sra	x8,x18,x16	 x18:0x00000001 x16:0x00000004  x8=0x00000000
     197015.000 ns	     19700	80004468	416cd433	sra	x8,x25,x22	 x25:0x42fe9c35 x22:0x00000000  x8=0x42fe9c35
     197035.000 ns	     19702	8000446c	03f0b633	mulhu	x12,x1,x31	  x1:0x00000487 x31:0x00000001 x12=0x00000000
     197055.000 ns	     19704	80004470	001b59b3	srl	x19,x22,x1	 x22:0x00000000  x1:0x00000487 x19=0x00000000
     197065.000 ns	     19705	80004474	40595e93	srai	x29,x18,0x5	 x18:0x00000001 x29=0x00000000
     197095.000 ns	     19708	80004478	5808f153	fsqrt.s	f2,f17	 f17:0x00000000  f2=0x00000000
     197125.000 ns	     19711	8000447c	d01977d3	fcvt.s.wu	f15,x18	 x18:0x00000001 f15=0x3f800000
     197145.000 ns	     19713	80004480	00c36433	or	x8,x6,x12	  x6:0x5facc3b8 x12:0x00000000  x8=0x5facc3b8
     197155.000 ns	     19714	80004484	bb4c4593	xori	x11,x24,-1100	 x24:0x00000488 x11=0xffffff3c
     197175.000 ns	     19716	80004488	027c94b3	mulh	x9,x25,x7	 x25:0x42fe9c35  x7:0x00008180  x9=0x000021e3
     197195.000 ns	     19718	8000448c	00130033	add	x0,x6,x1	  x6:0x5facc3b8  x1:0x00000487
     197205.000 ns	     19719	80004490	0101e6b3	or	x13,x3,x16	  x3:0x46c23ec8 x16:0x00000004 x13=0x46c23ecc
     197215.000 ns	     19720	80004494	00000013	addi	x0,x0,0	  x0:0x00000000
     197225.000 ns	     19721	80004498	883d34b7	lui	x9,0x883d3	  x9=0x883d3000
     197265.000 ns	     19725	8000449c	08ff7453	fsub.s	f8,f30,f15	 f30:0x00000000 f15:0x3f800000  f8=0xbf800000
     197285.000 ns	     19727	800044a0	2583b237	lui	x4,0x2583b	  x4=0x2583b000
     197325.000 ns	     19731	800044a4	09c44d53	fsub.s	f26,f8,f28	  f8:0xbf800000 f28:0xc6b50a40 f26=0x46b50840
     197345.000 ns	     19733	800044a8	00d79d33	sll	x26,x15,x13	 x15:0x00000000 x13:0x46c23ecc x26=0x00000000
     197355.000 ns	     19734	800044ac	004d1693	slli	x13,x26,0x4	 x26:0x00000000 x13=0x00000000
     197715.000 ns	     19770	800044b0	03586eb3	rem	x29,x16,x21	 x16:0x00000004 x21:0x36c99278 x29=0x00000004
     197735.000 ns	     19772	800044b4	52f44a93	xori	x21,x8,1327	  x8:0x5facc3b8 x21=0x5facc697
     197745.000 ns	     19773	800044b8	b31a6d13	ori	x26,x20,-1231	 x20:0x42fe9c35 x26=0xffffff35
     197755.000 ns	     19774	800044bc	25b6f313	andi	x6,x13,603	 x13:0x00000000  x6=0x00000000
     197775.000 ns	     19776	800044c0	28271dd3	fmax.s	f27,f14,f2	 f14:0x7fc00000  f2:0x00000000 f27=0x00000000
     197825.000 ns	     19781	800044c4	002e7353	fadd.s	f6,f28,f2	 f28:0xc6b50a40  f2:0x00000000  f6=0xc6b50a40
     197845.000 ns	     19783	800044c8	01629533	sll	x10,x5,x22	  x5:0xc4cda000 x22:0x00000000 x10=0xc4cda000
     197865.000 ns	     19785	800044cc	e00a8453	fmv.x.w	x8,f21	 f21:0x7fc00000  x8=0x7fc00000
     198235.000 ns	     19822	800044d0	0216dd33	divu	x26,x13,x1	 x13:0x00000000  x1:0x00000487 x26=0x00000000
     198265.000 ns	     19825	800044d4	02a48233	mul	x4,x9,x10	  x9:0x883d3000 x10:0xc4cda000  x4=0xae000000
     198285.000 ns	     19827	800044d8	01b0e6b3	or	x13,x1,x27	  x1:0x00000487 x27:0x0000431b x13=0x0000479f
     198305.000 ns	     19829	800044dc	029a8cb3	mul	x25,x21,x9	 x21:0x5facc697  x9:0x883d3000 x25=0xef375000
     198335.000 ns	     19832	800044e0	e0068d53	fmv.x.w	x26,f13	 f13:0x7fc00000 x26=0x7fc00000
     198355.000 ns	     19834	800044e4	01435093	srli	x1,x6,0x14	  x6:0x00000000  x1=0x00000000
     198365.000 ns	     19835	800044e8	f6c4a593	slti	x11,x9,-148	  x9:0x883d3000 x11=0x00000001
     198375.000 ns	     19836	800044ec	409808b3	sub	x17,x16,x9	 x16:0x00000004  x9:0x883d3000 x17=0x77c2d004
     198385.000 ns	     19837	800044f0	2a4ee213	ori	x4,x29,676	 x29:0x00000004  x4=0x000002a4
     198405.000 ns	     19839	800044f4	a1da96d3	flt.s	x13,f21,f29	 f21:0x7fc00000 f29:0x56350ffe x13=0x00000000
     198445.000 ns	     19843	800044f8	19682453	fdiv.s	f8,f16,f22	 f16:0x46b50a40 f22:0x7fc00000  f8=0x7fc00000
     198465.000 ns	     19845	800044fc	7c727413	andi	x8,x4,1991	  x4:0x000002a4  x8=0x00000284
     198475.000 ns	     19846	80004500	51f80f13	addi	x30,x16,1311	 x16:0x00000004 x30=0x00000523
     198835.000 ns	     19882	80004504	03526533	rem	x10,x4,x21	  x4:0x000002a4 x21:0x5facc697 x10=0x000002a4
     198855.000 ns	     19884	80004508	0139dcb3	srl	x25,x19,x19	 x19:0x00000000 x19:0x00000000 x25=0x00000000
     198865.000 ns	     19885	8000450c	3bef0193	addi	x3,x30,958	 x30:0x00000523  x3=0x000008e1
     198885.000 ns	     19887	80004510	027c8333	mul	x6,x25,x7	 x25:0xef375000  x7:0x00008180  x6=0x00000000
     198915.000 ns	     19890	80004514	c0019fd3	fcvt.w.s	x31,f3	  f3:0x7fc00000 x31=0x7fffffff
     198935.000 ns	     19892	80004518	00000013	addi	x0,x0,0	  x0:0x00000000
     198945.000 ns	     19893	8000451c	ee647097	auipc	x1,0xee647	  x1=0x6e64b51c
     198955.000 ns	     19894	80004520	01c5f2b3	and	x5,x11,x28	 x11:0x00000001 x28:0x80040fe4  x5=0x00000000
     199315.000 ns	     19930	80004524	03cef7b3	remu	x15,x29,x28	 x29:0x00000004 x28:0x80040fe4 x15=0x00000004
     199335.000 ns	     19932	80004528	00bd0bb3	add	x23,x26,x11	 x26:0x7fc00000 x11:0x00000001 x23=0x7fc00001
     199345.000 ns	     19933	8000452c	00f21c33	sll	x24,x4,x15	  x4:0x000002a4 x15:0x00000004 x24=0x00002a40
     199365.000 ns	     19935	80004530	c0069fd3	fcvt.w.s	x31,f13	 f13:0x7fc00000 x31=0x7fffffff
     199395.000 ns	     19938	80004534	d0088253	fcvt.s.w	f4,x17	 x17:0x77c2d004  f4=0x4eef85a0
     199425.000 ns	     19941	80004538	e00f8d53	fmv.x.w	x26,f31	 f31:0x7fc00000 x26=0x7fc00000
     199795.000 ns	     19978	8000453c	02afd3b3	divu	x7,x31,x10	 x31:0x7fffffff x10:0x000002a4  x7=0x0030792e
     199825.000 ns	     19981	80004540	02d227b3	mulhsu	x15,x4,x13	  x4:0x000002a4 x13:0x00000000 x15=0x00000000
     199855.000 ns	     19984	80004544	d008fdd3	fcvt.s.w	f27,x17	 x17:0x77c2d004 f27=0x4eef85a0
     199875.000 ns	     19986	80004548	00e43533	sltu	x10,x8,x14	  x8:0x00000284 x14:0x80041024 x10=0x00000001
     199885.000 ns	     19987	8000454c	d57566b7	lui	x13,0xd5756	 x13=0xd5756000
     199895.000 ns	     19988	80004550	00b94533	xor	x10,x18,x11	 x18:0x00000001 x11:0x00000001 x10=0x00000000
     199915.000 ns	     19990	80004554	025fd633	divu	x12,x31,x5	 x31:0x7fffffff  x5:0x00000000 x12=0xffffffff
     199945.000 ns	     19993	80004558	f00b8ed3	fmv.w.x	f29,x23	 x23:0x7fc00001 f29=0x7fc00001
     199975.000 ns	     19996	8000455c	02952c33	mulhsu	x24,x10,x9	 x10:0x00000000  x9:0x883d3000 x24=0x00000000
     200005.000 ns	     19999	80004560	21889bd3	fsgnjn.s	f23,f17,f24	 f17:0x00000000 f24:0x7fc00000 f23=0x80000000
     200035.000 ns	     20002	80004564	e0098053	fmv.x.w	x0,f19	 f19:0x00000004
     200055.000 ns	     20004	80004568	01435f33	srl	x30,x6,x20	  x6:0x00000000 x20:0x42fe9c35 x30=0x00000000
     200065.000 ns	     20005	8000456c	0010db33	srl	x22,x1,x1	  x1:0x6e64b51c  x1:0x6e64b51c x22=0x00000006
     200075.000 ns	     20006	80004570	0077c933	xor	x18,x15,x7	 x15:0x00000000  x7:0x0030792e x18=0x0030792e
     200085.000 ns	     20007	80004574	0149e2b3	or	x5,x19,x20	 x19:0x00000000 x20:0x42fe9c35  x5=0x42fe9c35
     200105.000 ns	     20009	80004578	21258253	fsgnj.s	f4,f11,f18	 f11:0x7fc00000 f18:0x00000487  f4=0x7fc00000
     200125.000 ns	     20011	8000457c	011c4433	xor	x8,x24,x17	 x24:0x00000000 x17:0x77c2d004  x8=0x77c2d004
     200155.000 ns	     20014	80004580	11e1f853	fmul.s	f16,f3,f30	  f3:0x7fc00000 f30:0x00000000 f16=0x7fc00000
     200175.000 ns	     20016	80004584	6b7e4537	lui	x10,0x6b7e4	 x10=0x6b7e4000
     200535.000 ns	     20052	80004588	032a42b3	div	x5,x20,x18	 x20:0x42fe9c35 x18:0x0030792e  x5=0x00000161
     200565.000 ns	     20055	8000458c	0390b5b3	mulhu	x11,x1,x25	  x1:0x6e64b51c x25:0x00000000 x11=0x00000000
     200595.000 ns	     20058	80004590	d01fccd3	fcvt.s.wu	f25,x31	 x31:0x7fffffff f25=0x4f000000
     200625.000 ns	     20061	80004594	21790553	fsgnj.s	f10,f18,f23	 f18:0x00000487 f23:0x80000000 f10=0x80000487
     200655.000 ns	     20064	80004598	21069853	fsgnjn.s	f16,f13,f16	 f13:0x7fc00000 f16:0x7fc00000 f16=0xffc00000
     201025.000 ns	     20101	8000459c	022cdeb3	divu	x29,x25,x2	 x25:0x00000000  x2:0x80040fe4 x29=0x00000000
     201045.000 ns	     20103	800045a0	0071ec33	or	x24,x3,x7	  x3:0x000008e1  x7:0x0030792e x24=0x003079ef
     201055.000 ns	     20104	800045a4	00665413	srli	x8,x12,0x6	 x12:0xffffffff  x8=0x03ffffff
     201075.000 ns	     20106	800045a8	c0028dd3	fcvt.w.s	x27,f5	  f5:0x7f800000 x27=0x7fffffff
     201105.000 ns	     20109	800045ac	0382a433	mulhsu	x8,x5,x24	  x5:0x00000161 x24:0x003079ef  x8=0x00000000
     201125.000 ns	     20111	800045b0	010b9fb3	sll	x31,x23,x16	 x23:0x7fc00001 x16:0x00000004 x31=0xfc000010
     201155.000 ns	     20114	800045b4	19efb753	fdiv.s	f14,f31,f30	 f31:0x7fc00000 f30:0x00000000 f14=0x7fc00000
     201185.000 ns	     20117	800045b8	21a72c53	fsgnjx.s	f24,f14,f26	 f14:0x7fc00000 f26:0x46b50840 f24=0x7fc00000
     201215.000 ns	     20120	800045bc	e00f04d3	fmv.x.w	x9,f30	 f30:0x00000000  x9=0x00000000
     201245.000 ns	     20123	800045c0	20fe9753	fsgnjn.s	f14,f29,f15	 f29:0x7fc00001 f15:0x3f800000 f14=0xffc00001
     201275.000 ns	     20126	800045c4	c00d83d3	fcvt.w.s	x7,f27	 f27:0x4eef85a0  x7=0x77c2d000
     201295.000 ns	     20128	800045c8	d8a57097	auipc	x1,0xd8a57	  x1=0x58a5b5c8
     201305.000 ns	     20129	800045cc	01163033	sltu	x0,x12,x17	 x12:0xffffffff x17:0x77c2d004
     201325.000 ns	     20131	800045d0	03c029b3	mulhsu	x19,x0,x28	  x0:0x00000000 x28:0x80040fe4 x19=0x00000000
     201355.000 ns	     20134	800045d4	21a70a53	fsgnj.s	f20,f14,f26	 f14:0xffc00001 f26:0x46b50840 f20=0x7fc00001
     201385.000 ns	     20137	800045d8	d00bf453	fcvt.s.w	f8,x23	 x23:0x7fc00001  f8=0x4eff8000
     201405.000 ns	     20139	800045dc	39ea1037	lui	x0,0x39ea1	
     201425.000 ns	     20141	800045e0	03963433	mulhu	x8,x12,x25	 x12:0xffffffff x25:0x00000000  x8=0x00000000
     201795.000 ns	     20178	800045e4	03f1c9b3	div	x19,x3,x31	  x3:0x000008e1 x31:0xfc000010 x19=0x00000000
     201825.000 ns	     20181	800045e8	28eb0e53	fmin.s	f28,f22,f14	 f22:0x7fc00000 f14:0xffc00001 f28=0x7fc00000
     201875.000 ns	     20186	800045ec	01ea73d3	fadd.s	f7,f20,f30	 f20:0x7fc00001 f30:0x00000000  f7=0x7fc00000
     201905.000 ns	     20189	800045f0	c01f7553	fcvt.wu.s	x10,f30	 f30:0x00000000 x10=0x00000000
     201925.000 ns	     20191	800045f4	010271b3	and	x3,x4,x16	  x4:0x000002a4 x16:0x00000004  x3=0x00000004
     201935.000 ns	     20192	800045f8	00000013	addi	x0,x0,0	  x0:0x00000000
     201945.000 ns	     20193	800045fc	983fa593	slti	x11,x31,-1661	 x31:0xfc000010 x11=0x00000001
     201965.000 ns	     20195	80004600	0281eeb3	rem	x29,x3,x8	  x3:0x00000004  x8:0x00000000 x29=0x00000004
     201995.000 ns	     20198	80004604	02120333	mul	x6,x4,x1	  x4:0x000002a4  x1:0x58a5b5c8  x6=0x15940420
     202365.000 ns	     20235	80004608	0266fb33	remu	x22,x13,x6	 x13:0xd5756000  x6:0x00000000 x22=0x13413ae0
     202385.000 ns	     20237	8000460c	40af87b3	sub	x15,x31,x10	 x31:0xfc000010 x10:0x00000000 x15=0xfc000010
     202395.000 ns	     20238	80004610	86d74193	xori	x3,x14,-1939	 x14:0x80041024  x3=0x7ffbe849
     202405.000 ns	     20239	80004614	e6ff4193	xori	x3,x30,-401	 x30:0x00000000  x3=0xfffffe6f
     202415.000 ns	     20240	80004618	01b4f7b3	and	x15,x9,x27	  x9:0x00000000 x27:0x7fffffff x15=0x00000000
     202435.000 ns	     20242	8000461c	211619d3	fsgnjn.s	f19,f12,f17	 f12:0x00000000 f17:0x00000000 f19=0x80000000
     202465.000 ns	     20245	80004620	d016f753	fcvt.s.wu	f14,x13	 x13:0xd5756000 f14=0x4f557560
     202495.000 ns	     20248	80004624	d00facd3	fcvt.s.w	f25,x31	 x31:0xfc000010 f25=0xcc7ffffc
     202525.000 ns	     20251	80004628	e00e12d3	fclass.s	x5,f28	 f28:0x7fc00000  x5=0x00000200
     202545.000 ns	     20253	8000462c	01d21d93	slli	x27,x4,0x1d	  x4:0x000002a4 x27=0x80000000
     202555.000 ns	     20254	80004630	01e05413	srli	x8,x0,0x1e	  x0:0x00000000  x8=0x00000000
     202575.000 ns	     20256	80004634	02a1ffb3	remu	x31,x3,x10	  x3:0xfffffe6f x10:0x00000000 x31=0xfffffe6f
     202605.000 ns	     20259	80004638	d0108dd3	fcvt.s.wu	f27,x1	  x1:0x58a5b5c8 f27=0x4eb14b6c
     202625.000 ns	     20261	8000463c	4046d233	sra	x4,x13,x4	 x13:0xd5756000  x4:0x000002a4  x4=0xfd575600
     202635.000 ns	     20262	80004640	a5e26d13	ori	x26,x4,-1442	  x4:0x000002a4 x26=0xfffffe5e
     202675.000 ns	     20266	80004644	00b2fb53	fadd.s	f22,f5,f11	  f5:0x7f800000 f11:0x7fc00000 f22=0x7fc00000
     202695.000 ns	     20268	80004648	6f4f2013	slti	x0,x30,1780	 x30:0x00000000
     202715.000 ns	     20270	8000464c	c0170353	fcvt.wu.s	x6,f14	 f14:0x4f557560  x6=0xd5756000
     202735.000 ns	     20272	80004650	018fd093	srli	x1,x31,0x18	 x31:0xfffffe6f  x1=0x000000ff
     203095.000 ns	     20308	80004654	02e8e4b3	rem	x9,x17,x14	 x17:0x77c2d004 x14:0x80041024  x9=0x77c2d004
     203115.000 ns	     20310	80004658	14e66493	ori	x9,x12,334	 x12:0xffffffff  x9=0xffffffff
     203125.000 ns	     20311	8000465c	0068e9b3	or	x19,x17,x6	 x17:0x77c2d004  x6:0xd5756000 x19=0xf7f7f004
     203485.000 ns	     20347	80004660	027579b3	remu	x19,x10,x7	 x10:0x00000000  x7:0x77c2d000 x19=0x00000000
     203515.000 ns	     20350	80004664	200b9c53	fsgnjn.s	f24,f23,f0	 f23:0x80000000  f0:0x00000004 f24=0x80000000
     203885.000 ns	     20387	80004668	02e04433	div	x8,x0,x14	  x0:0x00000000 x14:0x80041024  x8=0x00000000
     203915.000 ns	     20390	8000466c	c00d1d53	fcvt.w.s	x26,f26	 f26:0x46b50840 x26=0x00005a84
     203945.000 ns	     20393	80004670	295884d3	fmin.s	f9,f17,f21	 f17:0x00000000 f21:0x7fc00000  f9=0x00000000
     203965.000 ns	     20395	80004674	418ddc93	srai	x25,x27,0x18	 x27:0x80000000 x25=0xffffff80
     203975.000 ns	     20396	80004678	404bd613	srai	x12,x23,0x4	 x23:0x7fc00001 x12=0x07fc0000
     203985.000 ns	     20397	8000467c	48fc2d93	slti	x27,x24,1167	 x24:0x003079ef x27=0x00000000
     204015.000 ns	     20400	80004680	580371d3	fsqrt.s	f3,f6	  f6:0xc6b50a40  f3=0x7fc00000
     204045.000 ns	     20403	80004684	02633db3	mulhu	x27,x6,x6	  x6:0xd5756000  x6:0xd5756000 x27=0xb1fc8790
     204075.000 ns	     20406	80004688	c01a1fd3	fcvt.wu.s	x31,f20	 f20:0x7fc00001 x31=0xffffffff
     204105.000 ns	     20409	8000468c	215b93d3	fsgnjn.s	f7,f23,f21	 f23:0x80000000 f21:0x7fc00000  f7=0x80000000
     204135.000 ns	     20412	80004690	a0a89b53	flt.s	x22,f17,f10	 f17:0x00000000 f10:0x80000487 x22=0x00000000
     204155.000 ns	     20414	80004694	00a68b33	add	x22,x13,x10	 x13:0xd5756000 x10:0x00000000 x22=0xd5756000
     204165.000 ns	     20415	80004698	a135f493	andi	x9,x11,-1517	 x11:0x00000001  x9=0x00000001
     204525.000 ns	     20451	8000469c	02b3e533	rem	x10,x7,x11	  x7:0x77c2d000 x11:0x00000001 x10=0x00000000
     204545.000 ns	     20453	800046a0	7d7d5a97	auipc	x21,0x7d7d5	 x21=0xfd7d96a0
     204905.000 ns	     20489	800046a4	030d6233	rem	x4,x26,x16	 x26:0x00005a84 x16:0x00000004  x4=0x00000000
     204935.000 ns	     20492	800046a8	28a09653	fmax.s	f12,f1,f10	  f1:0x4f00040f f10:0x80000487 f12=0x4f00040f
     204965.000 ns	     20495	800046ac	c0167ad3	fcvt.wu.s	x21,f12	 f12:0x00000000 x21=0x80040f00
     204995.000 ns	     20498	800046b0	e00e13d3	fclass.s	x7,f28	 f28:0x7fc00000  x7=0x00000200
     205015.000 ns	     20500	800046b4	33edf8b7	lui	x17,0x33edf	 x17=0x33edf000
     205375.000 ns	     20536	800046b8	02547d33	remu	x26,x8,x5	  x8:0x00000000  x5:0x00000200 x26=0x00000000
     205405.000 ns	     20539	800046bc	a1edac53	feq.s	x24,f27,f30	 f27:0x4eb14b6c f30:0x00000000 x24=0x00000000
     205435.000 ns	     20542	800046c0	02fe6bb3	rem	x23,x28,x15	 x28:0x80040fe4 x15:0x00000000 x23=0x80040fe4
     205465.000 ns	     20545	800046c4	a05226d3	feq.s	x13,f4,f5	  f4:0x7fc00000  f5:0x7f800000 x13=0x00000000
     205485.000 ns	     20547	800046c8	40ecdf93	srai	x31,x25,0xe	 x25:0xffffff80 x31=0xffffffff
     205495.000 ns	     20548	800046cc	018e71b3	and	x3,x28,x24	 x28:0x80040fe4 x24:0x00000000  x3=0x00000000
     205505.000 ns	     20549	800046d0	0059e2b3	or	x5,x19,x5	 x19:0x00000000  x5:0x00000200  x5=0x00000200
     205545.000 ns	     20553	800046d4	00362853	fadd.s	f16,f12,f3	 f12:0x4f00040f  f3:0x7fc00000 f16=0x7fc00000
     205575.000 ns	     20556	800046d8	e0020ed3	fmv.x.w	x29,f4	  f4:0x7fc00000 x29=0x7fc00000
     205595.000 ns	     20558	800046dc	be50a613	slti	x12,x1,-1051	  x1:0x000000ff x12=0x00000000
     205605.000 ns	     20559	800046e0	28a35997	auipc	x19,0x28a35	 x19=0xa8a396e0
     205625.000 ns	     20561	800046e4	022c3b33	mulhu	x22,x24,x2	 x24:0x00000000  x2:0x80040fe4 x22=0x00000000
     205645.000 ns	     20563	800046e8	40108233	sub	x4,x1,x1	  x1:0x000000ff  x1:0x000000ff  x4=0x00000000
     205665.000 ns	     20565	800046ec	d0171953	fcvt.s.wu	f18,x14	 x14:0x80041024 f18=0x4f000410
     205685.000 ns	     20567	800046f0	c0ab8793	addi	x15,x23,-1014	 x23:0x80040fe4 x15=0x80040bee
     205695.000 ns	     20568	800046f4	0151a033	slt	x0,x3,x21	  x3:0x00000000 x21:0x80040f00
     205715.000 ns	     20570	800046f8	a1c904d3	fle.s	x9,f18,f28	 f18:0x4f000410 f28:0x7fc00000  x9=0x00000000
     205735.000 ns	     20572	800046fc	6a474937	lui	x18,0x6a474	 x18=0x6a474000
     205745.000 ns	     20573	80004700	00000013	addi	x0,x0,0	  x0:0x00000000
     206105.000 ns	     20609	80004704	0374fbb3	remu	x23,x9,x23	  x9:0x00000000 x23:0x80040fe4 x23=0x00000000
     206125.000 ns	     20611	80004708	01ff63b3	or	x7,x30,x31	 x30:0x00000000 x31:0xffffffff  x7=0xffffffff
     206145.000 ns	     20613	8000470c	c00df4d3	fcvt.w.s	x9,f27	 f27:0x4eb14b6c  x9=0x58a5b600
     206165.000 ns	     20615	80004710	66ef3393	sltiu	x7,x30,1646	 x30:0x00000000  x7=0x00000001
     206175.000 ns	     20616	80004714	00000013	addi	x0,x0,0	  x0:0x00000000
     206185.000 ns	     20617	80004718	40f25633	sra	x12,x4,x15	  x4:0x00000000 x15:0x80040bee x12=0x00000000
     206195.000 ns	     20618	8000471c	0169dc33	srl	x24,x19,x22	 x19:0xa8a396e0 x22:0x00000000 x24=0xa8a396e0
     206555.000 ns	     20654	80004720	03055bb3	divu	x23,x10,x16	 x10:0x00000000 x16:0x00000004 x23=0x00000000
     206585.000 ns	     20657	80004724	c0027353	fcvt.w.s	x6,f4	  f4:0x7fc00000  x6=0x7fffffff
     206605.000 ns	     20659	80004728	00f4a933	slt	x18,x9,x15	  x9:0x58a5b600 x15:0x80040bee x18=0x00000000
     206625.000 ns	     20661	8000472c	21139653	fsgnjn.s	f12,f7,f17	  f7:0x80000000 f17:0x00000000 f12=0x80000000
     206655.000 ns	     20664	80004730	f00e0c53	fmv.w.x	f24,x28	 x28:0x80040fe4 f24=0x80040fe4
     206685.000 ns	     20667	80004734	a1e08ad3	fle.s	x21,f1,f30	  f1:0x4f00040f f30:0x00000000 x21=0x00000000
     206705.000 ns	     20669	80004738	ff8b6093	ori	x1,x22,-8	 x22:0x00000000  x1=0xfffffff8
     206715.000 ns	     20670	8000473c	63e1fa17	auipc	x20,0x63e1f	 x20=0xe3e2373c
     206725.000 ns	     20671	80004740	c82fb013	sltiu	x0,x31,-894	 x31:0xffffffff
     206735.000 ns	     20672	80004744	0036dcb3	srl	x25,x13,x3	 x13:0x00000000  x3:0x00000000 x25=0x00000000
     206755.000 ns	     20674	80004748	0280be33	mulhu	x28,x1,x8	  x1:0xfffffff8  x8:0x00000000 x28=0x00000000
     206775.000 ns	     20676	8000474c	405556b3	sra	x13,x10,x5	 x10:0x00000000  x5:0x00000200 x13=0x00000000
     206795.000 ns	     20678	80004750	a1152653	feq.s	x12,f10,f17	 f10:0x80000487 f17:0x00000000 x12=0x00000000
     206815.000 ns	     20680	80004754	00000013	addi	x0,x0,0	  x0:0x00000000
     206835.000 ns	     20682	80004758	e00414d3	fclass.s	x9,f8	  f8:0x4eff8000  x9=0x00000040
     206855.000 ns	     20684	8000475c	01961313	slli	x6,x12,0x19	 x12:0x00000000  x6=0x00000000
     206865.000 ns	     20685	80004760	0051e8b3	or	x17,x3,x5	  x3:0x00000000  x5:0x00000200 x17=0x00000200
     206905.000 ns	     20689	80004764	09dc4b53	fsub.s	f22,f24,f29	 f24:0x80040fe4 f29:0x7fc00001 f22=0x7fc00000
     206925.000 ns	     20691	80004768	f04a1637	lui	x12,0xf04a1	 x12=0xf04a1000
     206935.000 ns	     20692	8000476c	012444b3	xor	x9,x8,x18	  x8:0x00000000 x18:0x00000000  x9=0x00000000
     206955.000 ns	     20694	80004770	d01c2653	fcvt.s.wu	f12,x24	 x24:0xa8a396e0 f12=0x4f28a397
     207325.000 ns	     20731	80004774	03dccb33	div	x22,x25,x29	 x25:0x00000000 x29:0x7fc00000 x22=0x00000000
     207365.000 ns	     20735	80004778	18247353	fdiv.s	f6,f8,f2	  f8:0x4eff8000  f2:0x00000000  f6=0x7f800000
     207395.000 ns	     20738	8000477c	0242a1b3	mulhsu	x3,x5,x4	  x5:0x00000200  x4:0x00000000  x3=0x00000000
     207415.000 ns	     20740	80004780	68d1dd97	auipc	x27,0x68d1d	 x27=0xe8d21780
     207435.000 ns	     20742	80004784	20ca1153	fsgnjn.s	f2,f20,f12	 f20:0x7fc00001 f12:0x4f28a397  f2=0xffc00001
     207455.000 ns	     20744	80004788	616aab13	slti	x22,x21,1558	 x21:0x00000000 x22=0x00000001
     207465.000 ns	     20745	8000478c	006e7933	and	x18,x28,x6	 x28:0x00000000  x6:0x00000000 x18=0x00000000
     207505.000 ns	     20749	80004790	080279d3	fsub.s	f19,f4,f0	  f4:0x7fc00000  f0:0x00000004 f19=0x7fc00000
     207535.000 ns	     20752	80004794	02c02eb3	mulhsu	x29,x0,x12	  x0:0x00000000 x12:0xf04a1000 x29=0x00000000
     207585.000 ns	     20757	80004798	01492ad3	fadd.s	f21,f18,f20	 f18:0x4f000410 f20:0x7fc00001 f21=0x7fc00000
     207615.000 ns	     20760	8000479c	e00d1cd3	fclass.s	x25,f26	 f26:0x46b50840 x25=0x00000040
     207635.000 ns	     20762	800047a0	01004d33	xor	x26,x0,x16	  x0:0x00000000 x16:0x00000004 x26=0x00000004
     207655.000 ns	     20764	800047a4	295a92d3	fmax.s	f5,f21,f21	 f21:0x7fc00000 f21:0x7fc00000  f5=0x7fc00000
     207685.000 ns	     20767	800047a8	d01a1553	fcvt.s.wu	f10,x20	 x20:0xe3e2373c f10=0x4f63e237
     207715.000 ns	     20770	800047ac	d015fe53	fcvt.s.wu	f28,x11	 x11:0x00000001 f28=0x3f800000
     207745.000 ns	     20773	800047b0	e00f17d3	fclass.s	x15,f30	 f30:0x00000000 x15=0x00000010
     208115.000 ns	     20810	800047b4	0319f533	remu	x10,x19,x17	 x19:0xa8a396e0 x17:0x00000200 x10=0x000000e0
     208135.000 ns	     20812	800047b8	000ade93	srli	x29,x21,0x0	 x21:0x00000000 x29=0x00000000
     208145.000 ns	     20813	800047bc	41b8de33	sra	x28,x17,x27	 x17:0x00000200 x27:0xe8d21780 x28=0x00000200
     208155.000 ns	     20814	800047c0	006e7e33	and	x28,x28,x6	 x28:0x00000000  x6:0x00000000 x28=0x00000000
     208175.000 ns	     20816	800047c4	a14d8ad3	fle.s	x21,f27,f20	 f27:0x4eb14b6c f20:0x7fc00001 x21=0x00000000
     208225.000 ns	     20821	800047c8	08762ad3	fsub.s	f21,f12,f7	 f12:0x4f28a397  f7:0x80000000 f21=0x4f28a397
     208255.000 ns	     20824	800047cc	a0e701d3	fle.s	x3,f14,f14	 f14:0x4f557560 f14:0x4f557560  x3=0x00000001
     208285.000 ns	     20827	800047d0	f00885d3	fmv.w.x	f11,x17	 x17:0x00000200 f11=0x00000200
     208335.000 ns	     20832	800047d4	00748a53	fadd.s	f20,f9,f7	  f9:0x00000000  f7:0x80000000 f20=0x80000000
     208355.000 ns	     20834	800047d8	00d23933	sltu	x18,x4,x13	  x4:0x00000000 x13:0x00000000 x18=0x00000000
     208375.000 ns	     20836	800047dc	0348a233	mulhsu	x4,x17,x20	 x17:0x00000200 x20:0xe3e2373c  x4=0x000001c7
     208715.000 ns	     20870	800047e0	19ccfb53	fdiv.s	f22,f25,f28	 f25:0xcc7ffffc f28:0x3f800000 f22=0xcc7fff34
     208745.000 ns	     20873	800047e4	02ddf2b3	remu	x5,x27,x13	 x27:0xe8d21780 x13:0x00000000  x5=0xe8d21780
     209115.000 ns	     20910	800047e8	038ac433	div	x8,x21,x24	 x21:0x00000000 x24:0xa8a396e0  x8=0x00000000
     209145.000 ns	     20913	800047ec	c0069bd3	fcvt.w.s	x23,f13	 f13:0x7fc00000 x23=0x7fffffff
     209175.000 ns	     20916	800047f0	d00ba5d3	fcvt.s.w	f11,x23	 x23:0x00000000 f11=0x4f000000
     209205.000 ns	     20919	800047f4	03c5d433	divu	x8,x11,x28	 x11:0x00000001 x28:0x00000000  x8=0xffffffff
     209225.000 ns	     20921	800047f8	01897fb3	and	x31,x18,x24	 x18:0x00000000 x24:0xa8a396e0 x31=0x00000000
     209245.000 ns	     20923	800047fc	c00733d3	fcvt.w.s	x7,f14	 f14:0x4f557560  x7=0x7fffffff
     209265.000 ns	     20925	80004800	003106b3	add	x13,x2,x3	  x2:0x80040fe4  x3:0x00000001 x13=0x80040fe5
     209295.000 ns	     20928	80004804	10f90353	fmul.s	f6,f18,f15	 f18:0x4f000410 f15:0x3f800000  f6=0x4f000410
     209325.000 ns	     20931	80004808	035c04b3	mul	x9,x24,x21	 x24:0xa8a396e0 x21:0x00000000  x9=0x00000000
     209355.000 ns	     20934	8000480c	209207d3	fsgnj.s	f15,f4,f9	  f4:0x7fc00000  f9:0x00000000 f15=0x7fc00000
     209405.000 ns	     20939	80004810	00e32cd3	fadd.s	f25,f6,f14	  f6:0x4f000410 f14:0x4f557560 f25=0x4faabcb8
     209435.000 ns	     20942	80004814	c011f4d3	fcvt.wu.s	x9,f3	  f3:0x7fc00000  x9=0xffffffff
     209455.000 ns	     20944	80004818	405e5e93	srai	x29,x28,0x5	 x28:0x00000000 x29=0x00000000
     209465.000 ns	     20945	8000481c	40415293	srai	x5,x2,0x4	  x2:0x80040fe4  x5=0xf80040fe
     209475.000 ns	     20946	80004820	01781e93	slli	x29,x16,0x17	 x16:0x00000004 x29=0x02000000
     209495.000 ns	     20948	80004824	a0a29b53	flt.s	x22,f5,f10	  f5:0x7fc00000 f10:0x4f63e237 x22=0x00000000
     210675.000 ns	     21066	80004828	580dff53	fsqrt.s	f30,f27	 f27:0x4eb14b6c f30=0x4716a4db
     210705.000 ns	     21069	8000482c	20902853	fsgnjx.s	f16,f0,f9	  f0:0x00000004  f9:0x00000000 f16=0x00000004
     210725.000 ns	     21071	80004830	011b1913	slli	x18,x22,0x11	 x22:0x00000000 x18=0x00000000
     210735.000 ns	     21072	80004834	2d1eeb93	ori	x23,x29,721	 x29:0x02000000 x23=0x020002d1
     210755.000 ns	     21074	80004838	2193a3d3	fsgnjx.s	f7,f7,f25	  f7:0x80000000 f25:0x4faabcb8  f7=0x80000000
     211125.000 ns	     21111	8000483c	023045b3	div	x11,x0,x3	  x0:0x00000000  x3:0x00000001 x11=0x00000000
     211155.000 ns	     21114	80004840	02b366b3	rem	x13,x6,x11	  x6:0x00000000 x11:0x00000001 x13=0x00000000
     211175.000 ns	     21116	80004844	011bef33	or	x30,x23,x17	 x23:0x020002d1 x17:0x00000200 x30=0x020002d1
     211195.000 ns	     21118	80004848	a11a10d3	flt.s	x1,f20,f17	 f20:0x80000000 f17:0x00000000  x1=0x00000000
     211215.000 ns	     21120	8000484c	016e6fb3	or	x31,x28,x22	 x28:0x00000000 x22:0x00000000 x31=0x00000000
     211235.000 ns	     21122	80004850	f0028153	fmv.w.x	f2,x5	  x5:0xf80040fe  f2=0xf80040fe
     211285.000 ns	     21127	80004854	00c7bc53	fadd.s	f24,f15,f12	 f15:0x7fc00000 f12:0x4f28a397 f24=0x7fc00000
     211305.000 ns	     21129	80004858	dcd42293	slti	x5,x8,-563	  x8:0xffffffff  x5=0x00000000
     211315.000 ns	     21130	8000485c	0068f3b3	and	x7,x17,x6	 x17:0x00000200  x6:0x00000000  x7=0x00000000
     211325.000 ns	     21131	80004860	00d71b13	slli	x22,x14,0xd	 x14:0x80041024 x22=0x82048000
     211685.000 ns	     21167	80004864	03985333	divu	x6,x16,x25	 x16:0x00000004 x25:0x00000040  x6=0x00000000
     211715.000 ns	     21170	80004868	21310ad3	fsgnj.s	f21,f2,f19	  f2:0xf80040fe f19:0x7fc00000 f21=0x780040fe
     211745.000 ns	     21173	8000486c	216ea1d3	fsgnjx.s	f3,f29,f22	 f29:0x7fc00001 f22:0xcc7fff34  f3=0xffc00001
     212925.000 ns	     21291	80004870	58094153	fsqrt.s	f2,f18	 f18:0x4f000410  f2=0x46b50a40
     212955.000 ns	     21294	80004874	02be4ab3	div	x21,x28,x11	 x28:0x00000000 x11:0x00000000 x21=0xffffffff
     212975.000 ns	     21296	80004878	7084ee13	ori	x28,x9,1800	  x9:0xffffffff x28=0xffffffff
     212995.000 ns	     21298	8000487c	e00083d3	fmv.x.w	x7,f1	  f1:0x4f00040f  x7=0x4f00040f
     213045.000 ns	     21303	80004880	01257c53	fadd.s	f24,f10,f18	 f10:0x4f63e237 f18:0x4f000410 f24=0x4fb1f323
     213085.000 ns	     21307	80004884	180b9ad3	fdiv.s	f21,f23,f0	 f23:0x80000000  f0:0x00000004 f21=0x80000000
     213115.000 ns	     21310	80004888	c017cf53	fcvt.wu.s	x30,f15	 f15:0x7fc00000 x30=0xffffffff
     213135.000 ns	     21312	8000488c	01e39a13	slli	x20,x7,0x1e	  x7:0x4f00040f x20=0xc0000000
     213175.000 ns	     21316	80004890	01e0c353	fadd.s	f6,f1,f30	  f1:0x4f00040f f30:0x4716a4db  f6=0x4f0004a6
     213205.000 ns	     21319	80004894	03d401b3	mul	x3,x8,x29	  x8:0xffffffff x29:0x02000000  x3=0xfe000000
     213225.000 ns	     21321	80004898	00e5d7b3	srl	x15,x11,x14	 x11:0x00000000 x14:0x80041024 x15=0x00000000
     213235.000 ns	     21322	8000489c	00d22533	slt	x10,x4,x13	  x4:0x000001c7 x13:0x00000000 x10=0x00000000
     213245.000 ns	     21323	800048a0	aa077493	andi	x9,x14,-1376	 x14:0x80041024  x9=0x80041020
     213255.000 ns	     21324	800048a4	40df5893	srai	x17,x30,0xd	 x30:0xffffffff x17=0xffffffff
     213265.000 ns	     21325	800048a8	fc1350b7	lui	x1,0xfc135	  x1=0xfc135000
     213595.000 ns	     21358	800048ac	181d3bd3	fdiv.s	f23,f26,f1	 f26:0x46b50840  f1:0x4f00040f f23=0x36b50840
     213625.000 ns	     21361	800048b0	a11991d3	flt.s	x3,f19,f17	 f19:0x7fc00000 f17:0x00000000  x3=0x00000000
     213645.000 ns	     21363	800048b4	fe44cd13	xori	x26,x9,-28	  x9:0x80041020 x26=0x7ffbefc4
     213655.000 ns	     21364	800048b8	0175f4b3	and	x9,x11,x23	 x11:0x00000000 x23:0x020002d1  x9=0x00000000
     213675.000 ns	     21366	800048bc	03740ab3	mul	x21,x8,x23	  x8:0xffffffff x23:0x020002d1 x21=0xfdfffd2f
     213705.000 ns	     21369	800048c0	a02ba7d3	feq.s	x15,f23,f2	 f23:0x36b50840  f2:0x46b50a40 x15=0x00000000
     213735.000 ns	     21372	800048c4	a1a59f53	flt.s	x30,f11,f26	 f11:0x4f000000 f26:0x46b50840 x30=0x00000000
     213785.000 ns	     21377	800048c8	08e4ff53	fsub.s	f30,f9,f14	  f9:0x00000000 f14:0x4f557560 f30=0xcf557560
     214155.000 ns	     21414	800048cc	039bdd33	divu	x26,x23,x25	 x23:0x020002d1 x25:0x00000040 x26=0x0008000b
     214175.000 ns	     21416	800048d0	aeb8c213	xori	x4,x17,-1301	 x17:0xffffffff  x4=0x00000514
     214195.000 ns	     21418	800048d4	02034233	div	x4,x6,x0	  x6:0x00000000  x0:0x00000000  x4=0xffffffff
     214215.000 ns	     21420	800048d8	cefefc13	andi	x24,x29,-785	 x29:0x02000000 x24=0x02000000
     214235.000 ns	     21422	800048dc	029b84b3	mul	x9,x23,x9	 x23:0x020002d1  x9:0x00000000  x9=0x00000000
     214265.000 ns	     21425	800048e0	216d22d3	fsgnjx.s	f5,f26,f22	 f26:0x46b50840 f22:0xcc7fff34  f5=0xc6b50840
     214285.000 ns	     21427	800048e4	016c5893	srli	x17,x24,0x16	 x24:0x02000000 x17=0x00000008
     214305.000 ns	     21429	800048e8	025773b3	remu	x7,x14,x5	 x14:0x80041024  x5:0x00000000  x7=0x80041024
     214325.000 ns	     21431	800048ec	ba150e93	addi	x29,x10,-1119	 x10:0x00000000 x29=0xfffffba1
     214345.000 ns	     21433	800048f0	037410b3	mulh	x1,x8,x23	  x8:0xffffffff x23:0x020002d1  x1=0xffffffff
     214375.000 ns	     21436	800048f4	d0120f53	fcvt.s.wu	f30,x4	  x4:0xffffffff f30=0x4f800000
     214395.000 ns	     21438	800048f8	403bd0b3	sra	x1,x23,x3	 x23:0x020002d1  x3:0x00000000  x1=0x020002d1
     214405.000 ns	     21439	800048fc	003241b3	xor	x3,x4,x3	  x4:0xffffffff  x3:0x00000000  x3=0xffffffff
     214415.000 ns	     21440	80004900	a7892413	slti	x8,x18,-1416	 x18:0x00000000  x8=0x00000000
     214425.000 ns	     21441	80004904	41cd0cb3	sub	x25,x26,x28	 x26:0x0008000b x28:0xffffffff x25=0x0008000c
     214435.000 ns	     21442	80004908	41808ab3	sub	x21,x1,x24	  x1:0x020002d1 x24:0x02000000 x21=0x000002d1
     214445.000 ns	     21443	8000490c	004e1a33	sll	x20,x28,x4	 x28:0xffffffff  x4:0xffffffff x20=0x80000000
     214465.000 ns	     21445	80004910	e00c1653	fclass.s	x12,f24	 f24:0x4fb1f323 x12=0x00000040
     214495.000 ns	     21448	80004914	207924d3	fsgnjx.s	f9,f18,f7	 f18:0x4f000410  f7:0x80000000  f9=0xcf000410
     214545.000 ns	     21453	80004918	09cc8453	fsub.s	f8,f25,f28	 f25:0x4faabcb8 f28:0x3f800000  f8=0x4faabcb8
     214575.000 ns	     21456	8000491c	a0f59ed3	flt.s	x29,f11,f15	 f11:0x4f000000 f15:0x7fc00000 x29=0x00000000
     214605.000 ns	     21459	80004920	20f20dd3	fsgnj.s	f27,f4,f15	  f4:0x7fc00000 f15:0x7fc00000 f27=0x7fc00000
     214635.000 ns	     21462	80004924	29e810d3	fmax.s	f1,f16,f30	 f16:0x00000004 f30:0x4f800000  f1=0x4f800000
     214655.000 ns	     21464	80004928	00b15a33	srl	x20,x2,x11	  x2:0x80040fe4 x11:0x00000000 x20=0x80040fe4
     214665.000 ns	     21465	8000492c	001c53b3	srl	x7,x24,x1	 x24:0x02000000  x1:0x020002d1  x7=0x00000100
     214675.000 ns	     21466	80004930	f275ac93	slti	x25,x11,-217	 x11:0x00000000 x25=0x00000000
     214715.000 ns	     21470	80004934	09e57853	fsub.s	f16,f10,f30	 f10:0x4f63e237 f30:0x4f800000 f16=0xcde0ee40
     214735.000 ns	     21472	80004938	01809793	slli	x15,x1,0x18	  x1:0x020002d1 x15=0xd1000000
     214755.000 ns	     21474	8000493c	0367be33	mulhu	x28,x15,x22	 x15:0x00000000 x22:0x82048000 x28=0x6a25ac80
     214775.000 ns	     21476	80004940	b74d4913	xori	x18,x26,-1164	 x26:0x0008000b x18=0xfff7fb7f
     215135.000 ns	     21512	80004944	037c7cb3	remu	x25,x24,x23	 x24:0x02000000 x23:0x020002d1 x25=0x02000000
     215165.000 ns	     21515	80004948	20100953	fsgnj.s	f18,f0,f1	  f0:0x00000004  f1:0x4f800000 f18=0x00000004
     215195.000 ns	     21518	8000494c	a18a17d3	flt.s	x15,f20,f24	 f20:0x80000000 f24:0x4fb1f323 x15=0x00000001
     215245.000 ns	     21523	80004950	0153cfd3	fadd.s	f31,f7,f21	  f7:0x80000000 f21:0x80000000 f31=0x80000000
     215265.000 ns	     21525	80004954	00000013	addi	x0,x0,0	  x0:0x00000000
     215275.000 ns	     21526	80004958	00108fb3	add	x31,x1,x1	  x1:0x020002d1  x1:0x020002d1 x31=0x040005a2
     215295.000 ns	     21528	8000495c	e00f8353	fmv.x.w	x6,f31	 f31:0x80000000  x6=0x80000000
     215315.000 ns	     21530	80004960	0014ff33	and	x30,x9,x1	  x9:0x00000000  x1:0x020002d1 x30=0x00000000
     215645.000 ns	     21563	80004964	197541d3	fdiv.s	f3,f10,f23	 f10:0x4f63e237 f23:0x36b50840  f3=0x5820dad3
     215675.000 ns	     21566	80004968	a17da9d3	feq.s	x19,f27,f23	 f27:0x7fc00000 f23:0x36b50840 x19=0x00000000
     215705.000 ns	     21569	8000496c	2037ae53	fsgnjx.s	f28,f15,f3	 f15:0x7fc00000  f3:0x5820dad3 f28=0x7fc00000
     215725.000 ns	     21571	80004970	dfeac337	lui	x6,0xdfeac	  x6=0xdfeac000
     215745.000 ns	     21573	80004974	d0137453	fcvt.s.wu	f8,x6	  x6:0x80000000  f8=0x4f5feac0
     216115.000 ns	     21610	80004978	023f52b3	divu	x5,x30,x3	 x30:0x00000000  x3:0xffffffff  x5=0x00000000
     216145.000 ns	     21613	8000497c	a06315d3	flt.s	x11,f6,f6	  f6:0x4f0004a6  f6:0x4f0004a6 x11=0x00000000
     216175.000 ns	     21616	80004980	028028b3	mulhsu	x17,x0,x8	  x0:0x00000000  x8:0x00000000 x17=0x00000000
     216195.000 ns	     21618	80004984	00ad7c33	and	x24,x26,x10	 x26:0x0008000b x10:0x00000000 x24=0x00000000
     216215.000 ns	     21620	80004988	036f82b3	mul	x5,x31,x22	 x31:0x040005a2 x22:0x82048000  x5=0x5d590000
     216245.000 ns	     21623	8000498c	0215a6b3	mulhsu	x13,x11,x1	 x11:0x00000000  x1:0x020002d1 x13=0x00000000
     216275.000 ns	     21626	80004990	02859fb3	mulh	x31,x11,x8	 x11:0x00000000  x8:0x00000000 x31=0x00000000
     216305.000 ns	     21629	80004994	029e25b3	mulhsu	x11,x28,x9	 x28:0x6a25ac80  x9:0x00000000 x11=0x00000000
     216335.000 ns	     21632	80004998	29240e53	fmin.s	f28,f8,f18	  f8:0x4f5feac0 f18:0x00000004 f28=0x00000004
     216365.000 ns	     21635	8000499c	e0060353	fmv.x.w	x6,f12	 f12:0x4f28a397  x6=0x4f28a397
     216395.000 ns	     21638	800049a0	d00371d3	fcvt.s.w	f3,x6	  x6:0xdfeac000  f3=0x4e9e5147
     216415.000 ns	     21640	800049a4	b0e17393	andi	x7,x2,-1266	  x2:0x80040fe4  x7=0x80040b04
     216455.000 ns	     21644	800049a8	09ea44d3	fsub.s	f9,f20,f30	 f20:0x80000000 f30:0x4f800000  f9=0xcf800000
     216485.000 ns	     21647	800049ac	c01571d3	fcvt.wu.s	x3,f10	 f10:0x4f63e237  x3=0xe3e23700
     216515.000 ns	     21650	800049b0	03b9a8b3	mulhsu	x17,x19,x27	 x19:0x00000000 x27:0xe8d21780 x17=0x00000000
     216545.000 ns	     21653	800049b4	203b14d3	fsgnjn.s	f9,f22,f3	 f22:0xcc7fff34  f3:0x4e9e5147  f9=0xcc7fff34
     216575.000 ns	     21656	800049b8	28109cd3	fmax.s	f25,f1,f1	  f1:0x4f800000  f1:0x4f800000 f25=0x4f800000
     216605.000 ns	     21659	800049bc	e0080953	fmv.x.w	x18,f16	 f16:0xcde0ee40 x18=0xcde0ee40
     216635.000 ns	     21662	800049c0	d01bf353	fcvt.s.wu	f6,x23	 x23:0x020002d1  f6=0x4c0000b4
     216665.000 ns	     21665	800049c4	20fda253	fsgnjx.s	f4,f27,f15	 f27:0x7fc00000 f15:0x7fc00000  f4=0x7fc00000
     216685.000 ns	     21667	800049c8	0121a4b3	slt	x9,x3,x18	  x3:0xe3e23700 x18:0xcde0ee40  x9=0x00000000
     216705.000 ns	     21669	800049cc	035a86b3	mul	x13,x21,x21	 x21:0x000002d1 x21:0x000002d1 x13=0x0007eea1
     216735.000 ns	     21672	800049d0	a00fa253	feq.s	x4,f31,f0	 f31:0x80000000  f0:0x00000004  x4=0x00000000
     216765.000 ns	     21675	800049d4	d0049153	fcvt.s.w	f2,x9	  x9:0x00000000  f2=0x00000000
     216795.000 ns	     21678	800049d8	e0059fd3	fclass.s	x31,f11	 f11:0x4f000000 x31=0x00000040
     216825.000 ns	     21681	800049dc	d00b3853	fcvt.s.w	f16,x22	 x22:0x82048000 f16=0xcefbf700
     216845.000 ns	     21683	800049e0	9dee8f13	addi	x30,x29,-1570	 x29:0x00000000 x30=0xfffff9de
     216855.000 ns	     21684	800049e4	6b5cf0b7	lui	x1,0x6b5cf	  x1=0x6b5cf000
     216875.000 ns	     21686	800049e8	20d3af53	fsgnjx.s	f30,f7,f13	  f7:0x80000000 f13:0x7fc00000 f30=0x80000000
     216895.000 ns	     21688	800049ec	0192eab3	or	x21,x5,x25	  x5:0x5d590000 x25:0x02000000 x21=0x5f590000
     216905.000 ns	     21689	800049f0	407ad933	sra	x18,x21,x7	 x21:0x000002d1  x7:0x80040b04 x18=0x05f59000
     216925.000 ns	     21691	800049f4	03d0c6b3	div	x13,x1,x29	  x1:0x6b5cf000 x29:0x00000000 x13=0xffffffff
     216965.000 ns	     21695	800049f8	580a7653	fsqrt.s	f12,f20	 f20:0x80000000 f12=0x80000000
     216985.000 ns	     21697	800049fc	01b65893	srli	x17,x12,0x1b	 x12:0x00000040 x17=0x00000000
     217005.000 ns	     21699	80004a00	031678b3	remu	x17,x12,x17	 x12:0x00000040 x17:0x00000000 x17=0x00000040
     217035.000 ns	     21702	80004a04	02443fb3	mulhu	x31,x8,x4	  x8:0x00000000  x4:0x00000000 x31=0x00000000
     217055.000 ns	     21704	80004a08	00fa5fb3	srl	x31,x20,x15	 x20:0x80040fe4 x15:0x00000001 x31=0x400207f2
     217075.000 ns	     21706	80004a0c	21e71fd3	fsgnjn.s	f31,f14,f30	 f14:0x4f557560 f30:0x80000000 f31=0x4f557560
     217095.000 ns	     21708	80004a10	0096bc33	sltu	x24,x13,x9	 x13:0xffffffff  x9:0x00000000 x24=0x00000000
     217115.000 ns	     21710	80004a14	c01a0bd3	fcvt.wu.s	x23,f20	 f20:0x80000000 x23=0x00000000
     217165.000 ns	     21715	80004a18	086badd3	fsub.s	f27,f23,f6	 f23:0x36b50840  f6:0x4c0000b4 f27=0xcc0000b4
     217195.000 ns	     21718	80004a1c	021822b3	mulhsu	x5,x16,x1	 x16:0x00000004  x1:0x6b5cf000  x5=0x00000001
     217225.000 ns	     21721	80004a20	20939653	fsgnjn.s	f12,f7,f9	  f7:0x80000000  f9:0xcc7fff34 f12=0x00000000
     217255.000 ns	     21724	80004a24	20092653	fsgnjx.s	f12,f18,f0	 f18:0x00000004  f0:0x00000004 f12=0x00000004
     217275.000 ns	     21726	80004a28	00c79db3	sll	x27,x15,x12	 x15:0x00000001 x12:0x00000040 x27=0x00000001
     217295.000 ns	     21728	80004a2c	e00a0653	fmv.x.w	x12,f20	 f20:0x80000000 x12=0x80000000
     217315.000 ns	     21730	80004a30	40dc50b3	sra	x1,x24,x13	 x24:0x00000000 x13:0xffffffff  x1=0x00000000
     217335.000 ns	     21732	80004a34	a19d2ed3	feq.s	x29,f26,f25	 f26:0x46b50840 f25:0x4f800000 x29=0x00000000
     217365.000 ns	     21735	80004a38	c017b953	fcvt.wu.s	x18,f15	 f15:0x7fc00000 x18=0xffffffff
     217395.000 ns	     21738	80004a3c	a09f0c53	fle.s	x24,f30,f9	 f30:0x80000000  f9:0xcc7fff34 x24=0x00000000
     217765.000 ns	     21775	80004a40	02646bb3	rem	x23,x8,x6	  x8:0x00000000  x6:0x4f28a397 x23=0x00000000
     218135.000 ns	     21812	80004a44	027ecfb3	div	x31,x29,x7	 x29:0x00000000  x7:0x80040b04 x31=0x00000000
     218155.000 ns	     21814	80004a48	010852b3	srl	x5,x16,x16	 x16:0x00000004 x16:0x00000004  x5=0x00000000
     218195.000 ns	     21818	80004a4c	0180f953	fadd.s	f18,f1,f24	  f1:0x4f800000 f24:0x4fb1f323 f18=0x5018f991
     219375.000 ns	     21936	80004a50	58047053	fsqrt.s	f0,f8	  f8:0x4f5feac0  f0=0x471e554f
     219395.000 ns	     21938	80004a54	6e2fe613	ori	x12,x31,1762	 x31:0x00000000 x12=0x000006e2
     219415.000 ns	     21940	80004a58	203c1353	fsgnjn.s	f6,f24,f3	 f24:0x4fb1f323  f3:0x4e9e5147  f6=0xcfb1f323
     219445.000 ns	     21943	80004a5c	20c30e53	fsgnj.s	f28,f6,f12	  f6:0x4c0000b4 f12:0x00000004 f28=0x4fb1f323
     219475.000 ns	     21946	80004a60	a0c12053	feq.s	x0,f2,f12	  f2:0x00000000 f12:0x00000004
     219505.000 ns	     21949	80004a64	0284f233	remu	x4,x9,x8	  x9:0x00000000  x8:0x00000000  x4=0x00000000
     219535.000 ns	     21952	80004a68	e00482d3	fmv.x.w	x5,f9	  f9:0xcc7fff34  x5=0xcc7fff34
     219555.000 ns	     21954	80004a6c	000ead33	slt	x26,x29,x0	 x29:0x00000000  x0:0x00000000 x26=0x00000000
     219565.000 ns	     21955	80004a70	01ce12b3	sll	x5,x28,x28	 x28:0x6a25ac80 x28:0x6a25ac80  x5=0x6a25ac80
     219925.000 ns	     21991	80004a74	02cae633	rem	x12,x21,x12	 x21:0x5f590000 x12:0x000006e2 x12=0x00000504
     219955.000 ns	     21994	80004a78	e00c1d53	fclass.s	x26,f24	 f24:0x4fb1f323 x26=0x00000040
     219975.000 ns	     21996	80004a7c	67f6ef13	ori	x30,x13,1663	 x13:0xffffffff x30=0xffffffff
     219995.000 ns	     21998	80004a80	28650953	fmin.s	f18,f10,f6	 f10:0x4f63e237  f6:0xcfb1f323 f18=0xcfb1f323
     220025.000 ns	     22001	80004a84	29ef9ad3	fmax.s	f21,f31,f30	 f31:0x4f557560 f30:0x80000000 f21=0x4f557560
     220055.000 ns	     22004	80004a88	024daeb3	mulhsu	x29,x27,x4	 x27:0x00000001  x4:0x00000000 x29=0x00000000
     220085.000 ns	     22007	80004a8c	2030a7d3	fsgnjx.s	f15,f1,f3	  f1:0x4f800000  f3:0x4e9e5147 f15=0x4f800000
     220105.000 ns	     22009	80004a90	156e3413	sltiu	x8,x28,342	 x28:0x6a25ac80  x8=0x00000000
     220115.000 ns	     22010	80004a94	2850ffb7	lui	x31,0x2850f	 x31=0x2850f000
     220135.000 ns	     22012	80004a98	d01df553	fcvt.s.wu	f10,x27	 x27:0x00000001 f10=0x3f800000
     220155.000 ns	     22014	80004a9c	01a5c1b3	xor	x3,x11,x26	 x11:0x00000000 x26:0x00000040  x3=0x00000040
     220165.000 ns	     22015	80004aa0	c9a9c037	lui	x0,0xc9a9c	
     220185.000 ns	     22017	80004aa4	e00e1bd3	fclass.s	x23,f28	 f28:0x4fb1f323 x23=0x00000040
     220205.000 ns	     22019	80004aa8	fb792193	slti	x3,x18,-73	 x18:0xffffffff  x3=0x00000000
     220215.000 ns	     22020	80004aac	00000013	addi	x0,x0,0	  x0:0x00000000
     220225.000 ns	     22021	80004ab0	01a4fd33	and	x26,x9,x26	  x9:0x00000000 x26:0x00000040 x26=0x00000000
     220235.000 ns	     22022	80004ab4	00bd69b3	or	x19,x26,x11	 x26:0x00000040 x11:0x00000000 x19=0x00000000
     220245.000 ns	     22023	80004ab8	019e1913	slli	x18,x28,0x19	 x28:0x6a25ac80 x18=0x00000000
     220255.000 ns	     22024	80004abc	00e9d993	srli	x19,x19,0xe	 x19:0x00000000 x19=0x00000000
     220265.000 ns	     22025	80004ac0	40c0d393	srai	x7,x1,0xc	  x1:0x00000000  x7=0x00000000
     220625.000 ns	     22061	80004ac4	02db5c33	divu	x24,x22,x13	 x22:0x82048000 x13:0xffffffff x24=0x00000000
     220655.000 ns	     22064	80004ac8	e0050453	fmv.x.w	x8,f10	 f10:0x3f800000  x8=0x3f800000
     220995.000 ns	     22098	80004acc	19cbfed3	fdiv.s	f29,f23,f28	 f23:0x36b50840 f28:0x4fb1f323 f29=0x26350840
     221015.000 ns	     22100	80004ad0	0c71e613	ori	x12,x3,199	  x3:0x00000000 x12=0x000000c7
     221025.000 ns	     22101	80004ad4	47cea013	slti	x0,x29,1148	 x29:0x00000000
     221035.000 ns	     22102	80004ad8	6ec36093	ori	x1,x6,1772	  x6:0x4f28a397  x1=0x4f28a7ff
     221055.000 ns	     22104	80004adc	030701b3	mul	x3,x14,x16	 x14:0x80041024 x16:0x00000004  x3=0x00104090
     221075.000 ns	     22106	80004ae0	4011d033	sra	x0,x3,x1	  x3:0x00000000  x1:0x00000000
     221095.000 ns	     22108	80004ae4	205d9bd3	fsgnjn.s	f23,f27,f5	 f27:0xcc0000b4  f5:0xc6b50840 f23=0x4c0000b4
     221125.000 ns	     22111	80004ae8	292f0e53	fmin.s	f28,f30,f18	 f30:0x80000000 f18:0xcfb1f323 f28=0xcfb1f323
     221155.000 ns	     22114	80004aec	20a286d3	fsgnj.s	f13,f5,f10	  f5:0xc6b50840 f10:0x3f800000 f13=0x46b50840
     221185.000 ns	     22117	80004af0	287e0553	fmin.s	f10,f28,f7	 f28:0xcfb1f323  f7:0x80000000 f10=0xcfb1f323
     221215.000 ns	     22120	80004af4	0397a0b3	mulhsu	x1,x15,x25	 x15:0x00000001 x25:0x02000000  x1=0x00000000
     221245.000 ns	     22123	80004af8	a0251353	flt.s	x6,f10,f2	 f10:0xcfb1f323  f2:0x00000000  x6=0x00000001
     221285.000 ns	     22127	80004afc	10d4fb53	fmul.s	f22,f9,f13	  f9:0xcc7fff34 f13:0x46b50840 f22=0xd3b507b0
     221305.000 ns	     22129	80004b00	00f04033	xor	x0,x0,x15	  x0:0x00000000 x15:0x00000001
     221325.000 ns	     22131	80004b04	c012a653	fcvt.wu.s	x12,f5	  f5:0xc6b50840 x12=0x00005a85
     221345.000 ns	     22133	80004b08	5cdb6593	ori	x11,x22,1485	 x22:0x82048000 x11=0x820485cd
     221705.000 ns	     22169	80004b0c	03fae7b3	rem	x15,x21,x31	 x21:0x5f590000 x31:0x2850f000 x15=0x0eb72000
     221725.000 ns	     22171	80004b10	00000013	addi	x0,x0,0	  x0:0x00000000
     222895.000 ns	     22288	80004b14	5801b7d3	fsqrt.s	f15,f3	  f3:0x4e9e5147 f15=0x470e5a6b
     222925.000 ns	     22291	80004b18	208e9ad3	fsgnjn.s	f21,f29,f8	 f29:0x26350840  f8:0x4f5feac0 f21=0xa6350840
     222945.000 ns	     22293	80004b1c	00000013	addi	x0,x0,0	  x0:0x00000000
     222965.000 ns	     22295	80004b20	d0173bd3	fcvt.s.wu	f23,x14	 x14:0x80041024 f23=0x4f000411
     222985.000 ns	     22297	80004b24	006991b3	sll	x3,x19,x6	 x19:0x00000000  x6:0x00000001  x3=0x00000000
     223005.000 ns	     22299	80004b28	20b62c53	fsgnjx.s	f24,f12,f11	 f12:0x00000004 f11:0x4f000000 f24=0x00000004
     223045.000 ns	     22303	80004b2c	58050e53	fsqrt.s	f28,f10	 f10:0xcfb1f323 f28=0x7fc00000
     223075.000 ns	     22306	80004b30	02b902b3	mul	x5,x18,x11	 x18:0x00000000 x11:0x820485cd  x5=0x00000000
     223095.000 ns	     22308	80004b34	4c90f893	andi	x17,x1,1225	  x1:0x00000000 x17=0x00000000
     223105.000 ns	     22309	80004b38	00b00d33	add	x26,x0,x11	  x0:0x00000000 x11:0x820485cd x26=0x820485cd
     223125.000 ns	     22311	80004b3c	29a28553	fmin.s	f10,f5,f26	  f5:0xc6b50840 f26:0x46b50840 f10=0xc6b50840
     223145.000 ns	     22313	80004b40	4075d9b3	sra	x19,x11,x7	 x11:0x820485cd  x7:0x00000000 x19=0x820485cd
     223165.000 ns	     22315	80004b44	02b8a9b3	mulhsu	x19,x17,x11	 x17:0x00000000 x11:0x820485cd x19=0x00000000
     223185.000 ns	     22317	80004b48	4047d533	sra	x10,x15,x4	 x15:0x0eb72000  x4:0x00000000 x10=0x0eb72000
     223195.000 ns	     22318	80004b4c	2344e293	ori	x5,x9,564	  x9:0x00000000  x5=0x00000234
     223205.000 ns	     22319	80004b50	41ea5193	srai	x3,x20,0x1e	 x20:0x80040fe4  x3=0xfffffffe
     223225.000 ns	     22321	80004b54	e0049b53	fclass.s	x22,f9	  f9:0xcc7fff34 x22=0x00000002
     223255.000 ns	     22324	80004b58	03838a33	mul	x20,x7,x24	  x7:0x00000000 x24:0x00000000 x20=0x00000000
     223275.000 ns	     22326	80004b5c	c573c337	lui	x6,0xc573c	  x6=0xc573c000
     223295.000 ns	     22328	80004b60	d010b153	fcvt.s.wu	f2,x1	  x1:0x00000000  f2=0x00000000
     223635.000 ns	     22362	80004b64	1922f453	fdiv.s	f8,f5,f18	  f5:0xc6b50840 f18:0xcfb1f323  f8=0x36350840
     223655.000 ns	     22364	80004b68	01d91db3	sll	x27,x18,x29	 x18:0x00000000 x29:0x00000000 x27=0x00000000
     223675.000 ns	     22366	80004b6c	021b5333	divu	x6,x22,x1	 x22:0x00000002  x1:0x00000000  x6=0xffffffff
     223725.000 ns	     22371	80004b70	01db71d3	fadd.s	f3,f22,f29	 f22:0xd3b507b0 f29:0x26350840  f3=0xd3b507b0
     223745.000 ns	     22373	80004b74	00969393	slli	x7,x13,0x9	 x13:0xffffffff  x7=0xfffffe00
     223765.000 ns	     22375	80004b78	20388153	fsgnj.s	f2,f17,f3	 f17:0x00000000  f3:0xd3b507b0  f2=0x80000000
     223795.000 ns	     22378	80004b7c	c01cf953	fcvt.wu.s	x18,f25	 f25:0x4f800000 x18=0x00000000
     223825.000 ns	     22381	80004b80	e00b1453	fclass.s	x8,f22	 f22:0xd3b507b0  x8=0x00000002
     223855.000 ns	     22384	80004b84	28ee07d3	fmin.s	f15,f28,f14	 f28:0x7fc00000 f14:0x4f557560 f15=0x4f557560
     223885.000 ns	     22387	80004b88	c008ffd3	fcvt.w.s	x31,f17	 f17:0x00000000 x31=0x00000000
     223905.000 ns	     22389	80004b8c	1ddfcf13	xori	x30,x31,477	 x31:0x2850f000 x30=0x000001dd
     223925.000 ns	     22391	80004b90	a1a52953	feq.s	x18,f10,f26	 f10:0xc6b50840 f26:0x46b50840 x18=0x00000000
     223955.000 ns	     22394	80004b94	a0e4acd3	feq.s	x25,f9,f14	  f9:0xcc7fff34 f14:0x4f557560 x25=0x00000000
     223985.000 ns	     22397	80004b98	d00df3d3	fcvt.s.w	f7,x27	 x27:0x00000000  f7=0x00000000
     224025.000 ns	     22401	80004b9c	18613553	fdiv.s	f10,f2,f6	  f2:0x80000000  f6:0xcfb1f323 f10=0x00000000
     224055.000 ns	     22404	80004ba0	a02122d3	feq.s	x5,f2,f2	  f2:0x80000000  f2:0x80000000  x5=0x00000001
     224075.000 ns	     22406	80004ba4	70d08013	addi	x0,x1,1805	  x1:0x00000000
     224095.000 ns	     22408	80004ba8	027082b3	mul	x5,x1,x7	  x1:0x00000000  x7:0xfffffe00  x5=0x00000000
     224115.000 ns	     22410	80004bac	015d2333	slt	x6,x26,x21	 x26:0x820485cd x21:0x5f590000  x6=0x00000001
     224135.000 ns	     22412	80004bb0	03182eb3	mulhsu	x29,x16,x17	 x16:0x00000004 x17:0x00000000 x29=0x00000000
     224165.000 ns	     22415	80004bb4	03214bb3	div	x23,x2,x18	  x2:0x80040fe4 x18:0x00000000 x23=0xffffffff
     224185.000 ns	     22417	80004bb8	000b86b3	add	x13,x23,x0	 x23:0x00000040  x0:0x00000000 x13=0xffffffff
     224545.000 ns	     22453	80004bbc	02a45fb3	divu	x31,x8,x10	  x8:0x00000002 x10:0x0eb72000 x31=0x00000000
     224565.000 ns	     22455	80004bc0	002378b3	and	x17,x6,x2	  x6:0x00000001  x2:0x80040fe4 x17=0x00000000
     224585.000 ns	     22457	80004bc4	d0032ed3	fcvt.s.w	f29,x6	  x6:0x00000001 f29=0x3f800000
     224605.000 ns	     22459	80004bc8	006fa2b3	slt	x5,x31,x6	 x31:0x00000000  x6:0x00000001  x5=0x00000001
     224615.000 ns	     22460	80004bcc	01d109b3	add	x19,x2,x29	  x2:0x80040fe4 x29:0x00000000 x19=0x80040fe4
     224635.000 ns	     22462	80004bd0	20dea9d3	fsgnjx.s	f19,f29,f13	 f29:0x3f800000 f13:0x46b50840 f19=0x3f800000
     224655.000 ns	     22464	80004bd4	010abdb3	sltu	x27,x21,x16	 x21:0x5f590000 x16:0x00000004 x27=0x00000000
     224675.000 ns	     22466	80004bd8	20432253	fsgnjx.s	f4,f6,f4	  f6:0xcfb1f323  f4:0x7fc00000  f4=0xcfb1f323
     224705.000 ns	     22469	80004bdc	e00b80d3	fmv.x.w	x1,f23	 f23:0x4f000411  x1=0x4f000411
     224725.000 ns	     22471	80004be0	00b95533	srl	x10,x18,x11	 x18:0x00000000 x11:0x820485cd x10=0x00000000
     224735.000 ns	     22472	80004be4	3a1a2213	slti	x4,x20,929	 x20:0x00000000  x4=0x00000001
     224745.000 ns	     22473	80004be8	e0a96a93	ori	x21,x18,-502	 x18:0x00000000 x21=0xfffffe0a
     224765.000 ns	     22475	80004bec	a1fa11d3	flt.s	x3,f20,f31	 f20:0x80000000 f31:0x4f557560  x3=0x00000001
     224795.000 ns	     22478	80004bf0	e0020ad3	fmv.x.w	x21,f4	  f4:0xcfb1f323 x21=0xcfb1f323
     224825.000 ns	     22481	80004bf4	a00208d3	fle.s	x17,f4,f0	  f4:0xcfb1f323  f0:0x471e554f x17=0x00000001
     224845.000 ns	     22483	80004bf8	c030ca93	xori	x21,x1,-1021	  x1:0x4f000411 x21=0xb0fff812
     224855.000 ns	     22484	80004bfc	a7a2b893	sltiu	x17,x5,-1414	  x5:0x00000001 x17=0x00000001
     224875.000 ns	     22486	80004c00	e00805d3	fmv.x.w	x11,f16	 f16:0xcefbf700 x11=0xcefbf700
     224925.000 ns	     22491	80004c04	08747753	fsub.s	f14,f8,f7	  f8:0x36350840  f7:0x00000000 f14=0x36350840
     224945.000 ns	     22493	80004c08	00f0a6b3	slt	x13,x1,x15	  x1:0x4f000411 x15:0x0eb72000 x13=0x00000000
     224965.000 ns	     22495	80004c0c	29c782d3	fmin.s	f5,f15,f28	 f15:0x4f557560 f28:0x7fc00000  f5=0x4f557560
     224985.000 ns	     22497	80004c10	41255533	sra	x10,x10,x18	 x10:0x00000000 x18:0x00000000 x10=0x00000000
     225345.000 ns	     22533	80004c14	0308deb3	divu	x29,x17,x16	 x17:0x00000001 x16:0x00000004 x29=0x00000000
     225365.000 ns	     22535	80004c18	01530eb3	add	x29,x6,x21	  x6:0x00000001 x21:0xb0fff812 x29=0xb0fff813
     225375.000 ns	     22536	80004c1c	78eb3793	sltiu	x15,x22,1934	 x22:0x00000002 x15=0x00000001
     225395.000 ns	     22538	80004c20	a1841c53	flt.s	x24,f8,f24	  f8:0x36350840 f24:0x00000004 x24=0x00000000
     225415.000 ns	     22540	80004c24	004f1b33	sll	x22,x30,x4	 x30:0x000001dd  x4:0x00000001 x22=0x000003ba
     225435.000 ns	     22542	80004c28	02c434b3	mulhu	x9,x8,x12	  x8:0x00000002 x12:0x00005a85  x9=0x00000000
     225455.000 ns	     22544	80004c2c	c22ee593	ori	x11,x29,-990	 x29:0xb0fff813 x11=0xfffffc33
     225465.000 ns	     22545	80004c30	8853eab7	lui	x21,0x8853e	 x21=0x8853e000
     225485.000 ns	     22547	80004c34	2094aad3	fsgnjx.s	f21,f9,f9	  f9:0xcc7fff34  f9:0xcc7fff34 f21=0x4c7fff34
     225505.000 ns	     22549	80004c38	00ea9fb3	sll	x31,x21,x14	 x21:0xb0fff812 x14:0x80041024 x31=0x853e0000
     225515.000 ns	     22550	80004c3c	006090b3	sll	x1,x1,x6	  x1:0x4f000411  x6:0x00000001  x1=0x9e000822
     225535.000 ns	     22552	80004c40	a0e61d53	flt.s	x26,f12,f14	 f12:0x00000004 f14:0x36350840 x26=0x00000001
     225555.000 ns	     22554	80004c44	40f65393	srai	x7,x12,0xf	 x12:0x00005a85  x7=0x00000000
     225565.000 ns	     22555	80004c48	e0a92393	slti	x7,x18,-502	 x18:0x00000000  x7=0x00000000
     225585.000 ns	     22557	80004c4c	207295d3	fsgnjn.s	f11,f5,f7	  f5:0x4f557560  f7:0x00000000 f11=0xcf557560
     225635.000 ns	     22562	80004c50	09317f53	fsub.s	f30,f2,f19	  f2:0x80000000 f19:0x3f800000 f30=0xbf800000
     225685.000 ns	     22567	80004c54	0036c7d3	fadd.s	f15,f13,f3	 f13:0x46b50840  f3:0xd3b507b0 f15=0xd3b507b0
     225705.000 ns	     22569	80004c58	0111adb3	slt	x27,x3,x17	  x3:0x00000001 x17:0x00000001 x27=0x00000000
     226065.000 ns	     22605	80004c5c	02bd4233	div	x4,x26,x11	 x26:0x00000001 x11:0xfffffc33  x4=0x00000000
     226085.000 ns	     22607	80004c60	14235fb7	lui	x31,0x14235	 x31=0x14235000
     226095.000 ns	     22608	80004c64	bddab097	auipc	x1,0xbddab	  x1=0x3ddafc64
     226105.000 ns	     22609	80004c68	40ca0d33	sub	x26,x20,x12	 x20:0x00000000 x12:0x00005a85 x26=0xffffa57b
     226125.000 ns	     22611	80004c6c	a0488fd3	fle.s	x31,f17,f4	 f17:0x00000000  f4:0xcfb1f323 x31=0x00000000
     226145.000 ns	     22613	80004c70	009b1f33	sll	x30,x22,x9	 x22:0x000003ba  x9:0x00000000 x30=0x000003ba
     226165.000 ns	     22615	80004c74	a040add3	feq.s	x27,f1,f4	  f1:0x4f800000  f4:0xcfb1f323 x27=0x00000000
     226195.000 ns	     22618	80004c78	20d286d3	fsgnj.s	f13,f5,f13	  f5:0x4f557560 f13:0x46b50840 f13=0x4f557560
     226215.000 ns	     22620	80004c7c	01075a13	srli	x20,x14,0x10	 x14:0x80041024 x20=0x00008004
     226235.000 ns	     22622	80004c80	a0bd9c53	flt.s	x24,f27,f11	 f27:0xcc0000b4 f11:0xcf557560 x24=0x00000000
     226265.000 ns	     22625	80004c84	e00d8ed3	fmv.x.w	x29,f27	 f27:0xcc0000b4 x29=0xcc0000b4
     226285.000 ns	     22627	80004c88	f409fa93	andi	x21,x19,-192	 x19:0x80040fe4 x21=0x80040f40
     226305.000 ns	     22629	80004c8c	a0d80c53	fle.s	x24,f16,f13	 f16:0xcefbf700 f13:0x4f557560 x24=0x00000001
     226325.000 ns	     22631	80004c90	31cbed13	ori	x26,x23,796	 x23:0xffffffff x26=0xffffffff
     226335.000 ns	     22632	80004c94	00000013	addi	x0,x0,0	  x0:0x00000000
     226345.000 ns	     22633	80004c98	008f5f33	srl	x30,x30,x8	 x30:0x000003ba  x8:0x00000002 x30=0x000000ee
     226355.000 ns	     22634	80004c9c	41ffd3b3	sra	x7,x31,x31	 x31:0x00000000 x31:0x00000000  x7=0x00000000
     226375.000 ns	     22636	80004ca0	20b50553	fsgnj.s	f10,f10,f11	 f10:0x00000000 f11:0xcf557560 f10=0x80000000
     226395.000 ns	     22638	80004ca4	5be72e93	slti	x29,x14,1470	 x14:0x80041024 x29=0x00000001
     226405.000 ns	     22639	80004ca8	00000013	addi	x0,x0,0	  x0:0x00000000
     226425.000 ns	     22641	80004cac	f0030353	fmv.w.x	f6,x6	  x6:0x00000001  f6=0x00000001
     226455.000 ns	     22644	80004cb0	030236b3	mulhu	x13,x4,x16	  x4:0x00000000 x16:0x00000004 x13=0x00000000
     226485.000 ns	     22647	80004cb4	a13008d3	fle.s	x17,f0,f19	  f0:0x471e554f f19:0x3f800000 x17=0x00000000
     226505.000 ns	     22649	80004cb8	408802b3	sub	x5,x16,x8	 x16:0x00000004  x8:0x00000002  x5=0x00000002
     226515.000 ns	     22650	80004cbc	4110d993	srai	x19,x1,0x11	  x1:0x3ddafc64 x19=0x00001eed
     226535.000 ns	     22652	80004cc0	a1f207d3	fle.s	x15,f4,f31	  f4:0xcfb1f323 f31:0x4f557560 x15=0x00000001
     226565.000 ns	     22655	80004cc4	c00ef053	fcvt.w.s	x0,f29	 f29:0x3f800000
     226595.000 ns	     22658	80004cc8	a07a2953	feq.s	x18,f20,f7	 f20:0x80000000  f7:0x00000000 x18=0x00000001
     226625.000 ns	     22661	80004ccc	202c0bd3	fsgnj.s	f23,f24,f2	 f24:0x00000004  f2:0x80000000 f23=0x80000004
     226655.000 ns	     22664	80004cd0	29070953	fmin.s	f18,f14,f16	 f14:0x36350840 f16:0xcefbf700 f18=0xcefbf700
     226685.000 ns	     22667	80004cd4	f00187d3	fmv.w.x	f15,x3	  x3:0x00000001 f15=0x00000001
     226725.000 ns	     22671	80004cd8	5803fd53	fsqrt.s	f26,f7	  f7:0x00000000 f26=0x00000000
     226745.000 ns	     22673	80004cdc	0092dbb3	srl	x23,x5,x9	  x5:0x00000002  x9:0x00000000 x23=0x00000002
     227105.000 ns	     22709	80004ce0	0382c9b3	div	x19,x5,x24	  x5:0x00000002 x24:0x00000001 x19=0x00000002
     227125.000 ns	     22711	80004ce4	01382cb3	slt	x25,x16,x19	 x16:0x00000004 x19:0x00001eed x25=0x00000000
     227145.000 ns	     22713	80004ce8	297a9bd3	fmax.s	f23,f21,f23	 f21:0x4c7fff34 f23:0x80000004 f23=0x4c7fff34
     227175.000 ns	     22716	80004cec	03c92f33	mulhsu	x30,x18,x28	 x18:0x00000001 x28:0x6a25ac80 x30=0x00000000
     227225.000 ns	     22721	80004cf0	01992dd3	fadd.s	f27,f18,f25	 f18:0xcefbf700 f25:0x4f800000 f27=0x4f020480
     227595.000 ns	     22758	80004cf4	02c5fb33	remu	x22,x11,x12	 x11:0xfffffc33 x12:0x00005a85 x22=0x000032b8
     227625.000 ns	     22761	80004cf8	e00e9453	fclass.s	x8,f29	 f29:0x3f800000  x8=0x00000040
     227645.000 ns	     22763	80004cfc	0101a533	slt	x10,x3,x16	  x3:0x00000001 x16:0x00000004 x10=0x00000001
     227655.000 ns	     22764	80004d00	01fbee33	or	x28,x23,x31	 x23:0x00000002 x31:0x00000000 x28=0x00000002
     227685.000 ns	     22767	80004d04	19057a53	fdiv.s	f20,f10,f16	 f10:0x80000000 f16:0xcefbf700 f20=0x00000000
     227715.000 ns	     22770	80004d08	e00f83d3	fmv.x.w	x7,f31	 f31:0x4f557560  x7=0x4f557560
     227745.000 ns	     22773	80004d0c	a0b61e53	flt.s	x28,f12,f11	 f12:0x00000004 f11:0xcf557560 x28=0x00000000
     227765.000 ns	     22775	80004d10	65df37b7	lui	x15,0x65df3	 x15=0x65df3000
     227775.000 ns	     22776	80004d14	009510b3	sll	x1,x10,x9	 x10:0x00000001  x9:0x00000000  x1=0x00000001
     227785.000 ns	     22777	80004d18	419a0f33	sub	x30,x20,x25	 x20:0x00008004 x25:0x00000000 x30=0x00008004
     227795.000 ns	     22778	80004d1c	3bec8a13	addi	x20,x25,958	 x25:0x00000000 x20=0x000003be
     227815.000 ns	     22780	80004d20	d0049e53	fcvt.s.w	f28,x9	  x9:0x00000000 f28=0x00000000
     227835.000 ns	     22782	80004d24	0d862b13	slti	x22,x12,216	 x12:0x00005a85 x22=0x00000000
     227855.000 ns	     22784	80004d28	021ba233	mulhsu	x4,x23,x1	 x23:0x00000002  x1:0x00000001  x4=0x00000000
     227875.000 ns	     22786	80004d2c	011224b3	slt	x9,x4,x17	  x4:0x00000000 x17:0x00000000  x9=0x00000000
     227885.000 ns	     22787	80004d30	00746db3	or	x27,x8,x7	  x8:0x00000040  x7:0x4f557560 x27=0x4f557560
     227895.000 ns	     22788	80004d34	00ee1a13	slli	x20,x28,0xe	 x28:0x00000000 x20=0x00000000
     227915.000 ns	     22790	80004d38	03ab2033	mulhsu	x0,x22,x26	 x22:0x00000000 x26:0xffffffff
     227935.000 ns	     22792	80004d3c	41305f93	srai	x31,x0,0x13	  x0:0x00000000 x31=0x00000000
     227945.000 ns	     22793	80004d40	41d85413	srai	x8,x16,0x1d	 x16:0x00000004  x8=0x00000000
     227965.000 ns	     22795	80004d44	e0049dd3	fclass.s	x27,f9	  f9:0xcc7fff34 x27=0x00000002
     227985.000 ns	     22797	80004d48	8f0cac13	slti	x24,x25,-1808	 x25:0x00000000 x24=0x00000000
     228005.000 ns	     22799	80004d4c	03807e33	remu	x28,x0,x24	  x0:0x00000000 x24:0x00000001 x28=0x00000000
     228025.000 ns	     22801	80004d50	01fa6db3	or	x27,x20,x31	 x20:0x00000000 x31:0x00000000 x27=0x00000000
     228045.000 ns	     22803	80004d54	d003b353	fcvt.s.w	f6,x7	  x7:0x4f557560  f6=0x4e9eaaeb
     228065.000 ns	     22805	80004d58	4b510d93	addi	x27,x2,1205	  x2:0x80040fe4 x27=0x80041499
     228075.000 ns	     22806	80004d5c	9d9c7a93	andi	x21,x24,-1575	 x24:0x00000000 x21=0x00000000
     228095.000 ns	     22808	80004d60	286586d3	fmin.s	f13,f11,f6	 f11:0xcf557560  f6:0x4e9eaaeb f13=0xcf557560
     228115.000 ns	     22810	80004d64	95580413	addi	x8,x16,-1707	 x16:0x00000004  x8=0xfffff959
     228125.000 ns	     22811	80004d68	16eeae97	auipc	x29,0x16eea	 x29=0x96eeed68
     228135.000 ns	     22812	80004d6c	72a7b913	sltiu	x18,x15,1834	 x15:0x65df3000 x18=0x00000000
     228145.000 ns	     22813	80004d70	4031d5b3	sra	x11,x3,x3	  x3:0x00000001  x3:0x00000001 x11=0x00000000
     228155.000 ns	     22814	80004d74	00000013	addi	x0,x0,0	  x0:0x00000000
     228165.000 ns	     22815	80004d78	f6ecb213	sltiu	x4,x25,-146	 x25:0x00000000  x4=0x00000001
     228185.000 ns	     22817	80004d7c	a1d8a7d3	feq.s	x15,f17,f29	 f17:0x00000000 f29:0x3f800000 x15=0x00000000
     228225.000 ns	     22821	80004d80	19464753	fdiv.s	f14,f12,f20	 f12:0x00000004 f20:0x00000000 f14=0x7f800000
     228245.000 ns	     22823	80004d84	3765f313	andi	x6,x11,886	 x11:0x00000000  x6=0x00000000
     228265.000 ns	     22825	80004d88	c01f7dd3	fcvt.wu.s	x27,f30	 f30:0xbf800000 x27=0x00000001
     228305.000 ns	     22829	80004d8c	11aa2ad3	fmul.s	f21,f20,f26	 f20:0x00000000 f26:0x00000000 f21=0x00000000
     228335.000 ns	     22832	80004d90	a17a9953	flt.s	x18,f21,f23	 f21:0x4c7fff34 f23:0x4c7fff34 x18=0x00000001
     228365.000 ns	     22835	80004d94	282e8b53	fmin.s	f22,f29,f2	 f29:0x3f800000  f2:0x80000000 f22=0x80000000
     228385.000 ns	     22837	80004d98	005c5d13	srli	x26,x24,0x5	 x24:0x00000000 x26=0x00000000
     228405.000 ns	     22839	80004d9c	02171fb3	mulh	x31,x14,x1	 x14:0x80041024  x1:0x00000001 x31=0xffffffff
     228425.000 ns	     22841	80004da0	00a78c33	add	x24,x15,x10	 x15:0x00000000 x10:0x00000001 x24=0x00000001
     228445.000 ns	     22843	80004da4	201e90d3	fsgnjn.s	f1,f29,f1	 f29:0x3f800000  f1:0x4f800000  f1=0xbf800000
     228495.000 ns	     22848	80004da8	01099253	fadd.s	f4,f19,f16	 f19:0x3f800000 f16:0xcefbf700  f4=0xcefbf6ff
     228525.000 ns	     22851	80004dac	0267ebb3	rem	x23,x15,x6	 x15:0x00000000  x6:0x00000000 x23=0x00000000
     228545.000 ns	     22853	80004db0	01902933	slt	x18,x0,x25	  x0:0x00000000 x25:0x00000000 x18=0x00000000
     228555.000 ns	     22854	80004db4	607e8613	addi	x12,x29,1543	 x29:0x96eeed68 x12=0x96eef36f
     228565.000 ns	     22855	80004db8	b3ed3793	sltiu	x15,x26,-1218	 x26:0x00000000 x15=0x00000001
     228925.000 ns	     22891	80004dbc	0254dcb3	divu	x25,x9,x5	  x9:0x00000000  x5:0x00000002 x25=0x00000000
     228955.000 ns	     22894	80004dc0	21b921d3	fsgnjx.s	f3,f18,f27	 f18:0xcefbf700 f27:0x4f020480  f3=0xcefbf700
     228985.000 ns	     22897	80004dc4	c00c3fd3	fcvt.w.s	x31,f24	 f24:0x00000004 x31=0x00000000
     229005.000 ns	     22899	80004dc8	41f1d413	srai	x8,x3,0x1f	  x3:0x00000001  x8=0x00000000
     229045.000 ns	     22903	80004dcc	01a7b2d3	fadd.s	f5,f15,f26	 f15:0x00000001 f26:0x00000000  f5=0x00000001
     229065.000 ns	     22905	80004dd0	00a94db3	xor	x27,x18,x10	 x18:0x00000000 x10:0x00000001 x27=0x00000001
     229075.000 ns	     22906	80004dd4	015a18b3	sll	x17,x20,x21	 x20:0x00000000 x21:0x00000000 x17=0x00000000
     229085.000 ns	     22907	80004dd8	0121f933	and	x18,x3,x18	  x3:0x00000001 x18:0x00000000 x18=0x00000000
     229095.000 ns	     22908	80004ddc	00000013	addi	x0,x0,0	  x0:0x00000000
     229115.000 ns	     22910	80004de0	c000f953	fcvt.w.s	x18,f1	  f1:0xbf800000 x18=0x00000001
     229145.000 ns	     22913	80004de4	c0088fd3	fcvt.w.s	x31,f17	 f17:0x00000000 x31=0x00000000
     229175.000 ns	     22916	80004de8	210c9453	fsgnjn.s	f8,f25,f16	 f25:0x4f800000 f16:0xcefbf700  f8=0x4f800000
     229545.000 ns	     22953	80004dec	02ef59b3	divu	x19,x30,x14	 x30:0x00008004 x14:0x80041024 x19=0x00000000
     230725.000 ns	     23071	80004df0	580677d3	fsqrt.s	f15,f12	 f12:0x00000004 f15=0x1f350489
     230745.000 ns	     23073	80004df4	4012db33	sra	x22,x5,x1	  x5:0x00000002  x1:0x00000001 x22=0x00000001
     230765.000 ns	     23075	80004df8	a07f9453	flt.s	x8,f31,f7	 f31:0x4f557560  f7:0x00000000  x8=0x00000000
     230785.000 ns	     23077	80004dfc	df997eb7	lui	x29,0xdf997	 x29=0xdf997000
     230825.000 ns	     23081	80004e00	09237653	fsub.s	f12,f6,f18	  f6:0x4e9eaaeb f18:0xcefbf700 f12=0x4f4d50f5
     230845.000 ns	     23083	80004e04	014488b3	add	x17,x9,x20	  x9:0x00000000 x20:0x00000000 x17=0x00000000
     230865.000 ns	     23085	80004e08	0352cf33	div	x30,x5,x21	  x5:0x00000002 x21:0x00000000 x30=0xffffffff
     230885.000 ns	     23087	80004e0c	49024093	xori	x1,x4,1168	  x4:0x00000001  x1=0x00000491
     230895.000 ns	     23088	80004e10	4c206413	ori	x8,x0,1218	  x0:0x00000000  x8=0x000004c2
     231255.000 ns	     23124	80004e14	028ed233	divu	x4,x29,x8	 x29:0xdf997000  x8:0x00000000  x4=0x002eff0a
     231275.000 ns	     23126	80004e18	00d6fe33	and	x28,x13,x13	 x13:0x00000000 x13:0x00000000 x28=0x00000000
     231295.000 ns	     23128	80004e1c	a06b9653	flt.s	x12,f23,f6	 f23:0x4c7fff34  f6:0x4e9eaaeb x12=0x00000001
     231345.000 ns	     23133	80004e20	01de7cd3	fadd.s	f25,f28,f29	 f28:0x00000000 f29:0x3f800000 f25=0x3f800000
     231365.000 ns	     23135	80004e24	411eda33	sra	x20,x29,x17	 x29:0xdf997000 x17:0x00000000 x20=0xdf997000
     231375.000 ns	     23136	80004e28	0035ffb3	and	x31,x11,x3	 x11:0x00000000  x3:0x00000001 x31=0x00000000
     231385.000 ns	     23137	80004e2c	443cab97	auipc	x23,0x443ca	 x23=0xc43cee2c
     231395.000 ns	     23138	80004e30	010cdf13	srli	x30,x25,0x10	 x25:0x00000000 x30=0x00000000
     231415.000 ns	     23140	80004e34	e0040c53	fmv.x.w	x24,f8	  f8:0x4f800000 x24=0x4f800000
     231445.000 ns	     23143	80004e38	03317eb3	remu	x29,x2,x19	  x2:0x80040fe4 x19:0x00000000 x29=0x80040fe4
     231465.000 ns	     23145	80004e3c	00b386b3	add	x13,x7,x11	  x7:0x4f557560 x11:0x00000000 x13=0x4f557560
     231485.000 ns	     23147	80004e40	02e9b1b3	mulhu	x3,x19,x14	 x19:0x00000000 x14:0x80041024  x3=0x00000000
     231535.000 ns	     23152	80004e44	088aaf53	fsub.s	f30,f21,f8	 f21:0x00000000  f8:0x4f800000 f30=0xcf800000
     231565.000 ns	     23155	80004e48	c012f0d3	fcvt.wu.s	x1,f5	  f5:0x00000001  x1=0x00000000
     231935.000 ns	     23192	80004e4c	02c5ff33	remu	x30,x11,x12	 x11:0x00000000 x12:0x00000001 x30=0x00000000
     231955.000 ns	     23194	80004e50	01b70233	add	x4,x14,x27	 x14:0x80041024 x27:0x00000001  x4=0x80041025
     231965.000 ns	     23195	80004e54	f9064f37	lui	x30,0xf9064	 x30=0xf9064000
     231975.000 ns	     23196	80004e58	f3758193	addi	x3,x11,-201	 x11:0x00000000  x3=0xffffff37
     231995.000 ns	     23198	80004e5c	205fa6d3	fsgnjx.s	f13,f31,f5	 f31:0x4f557560  f5:0x00000001 f13=0x4f557560
     232025.000 ns	     23201	80004e60	c01b2e53	fcvt.wu.s	x28,f22	 f22:0x80000000 x28=0x00000000
     232045.000 ns	     23203	80004e64	d60af213	andi	x4,x21,-672	 x21:0x00000000  x4=0x00000000
     232055.000 ns	     23204	80004e68	01734f33	xor	x30,x6,x23	  x6:0x00000000 x23:0xc43cee2c x30=0xc43cee2c
     232085.000 ns	     23207	80004e6c	108187d3	fmul.s	f15,f3,f8	  f3:0xcefbf700  f8:0x4f800000 f15=0xdefbf700
     232105.000 ns	     23209	80004e70	010e5893	srli	x17,x28,0x10	 x28:0x00000000 x17=0x00000000
     232125.000 ns	     23211	80004e74	021e01b3	mul	x3,x28,x1	 x28:0x00000000  x1:0x00000000  x3=0x00000000
     232145.000 ns	     23213	80004e78	014e9c13	slli	x24,x29,0x14	 x29:0x80040fe4 x24=0xfe400000
     232155.000 ns	     23214	80004e7c	004143b3	xor	x7,x2,x4	  x2:0x80040fe4  x4:0x00000000  x7=0x80040fe4
     232165.000 ns	     23215	80004e80	00e188b3	add	x17,x3,x14	  x3:0x00000000 x14:0x80041024 x17=0x80041024
     232175.000 ns	     23216	80004e84	41f680b3	sub	x1,x13,x31	 x13:0x4f557560 x31:0x00000000  x1=0x4f557560
     232195.000 ns	     23218	80004e88	02dbafb3	mulhsu	x31,x23,x13	 x23:0xc43cee2c x13:0x4f557560 x31=0xed7ada54
     232225.000 ns	     23221	80004e8c	285b88d3	fmin.s	f17,f23,f5	 f23:0x4c7fff34  f5:0x00000001 f17=0x00000001
     232245.000 ns	     23223	80004e90	7d8be893	ori	x17,x23,2008	 x23:0xc43cee2c x17=0xc43ceffc
     232265.000 ns	     23225	80004e94	03b21d33	mulh	x26,x4,x27	  x4:0x00000000 x27:0x00000001 x26=0x00000000
     232285.000 ns	     23227	80004e98	01aa4b33	xor	x22,x20,x26	 x20:0xdf997000 x26:0x00000000 x22=0xdf997000
     232295.000 ns	     23228	80004e9c	017dd213	srli	x4,x27,0x17	 x27:0x00000001  x4=0x00000000
     232315.000 ns	     23230	80004ea0	025c0633	mul	x12,x24,x5	 x24:0xfe400000  x5:0x00000002 x12=0xfc800000
     232335.000 ns	     23232	80004ea4	398daf13	slti	x30,x27,920	 x27:0x00000001 x30=0x00000001
     232345.000 ns	     23233	80004ea8	00adc9b3	xor	x19,x27,x10	 x27:0x00000001 x10:0x00000001 x19=0x00000000
     232705.000 ns	     23269	80004eac	03146f33	rem	x30,x8,x17	  x8:0x000004c2 x17:0xc43ceffc x30=0x000004c2
     232735.000 ns	     23272	80004eb0	035776b3	remu	x13,x14,x21	 x14:0x80041024 x21:0x00000000 x13=0x80041024
     232765.000 ns	     23275	80004eb4	d0012353	fcvt.s.w	f6,x2	  x2:0x80040fe4  f6=0xcefff7e1
     232785.000 ns	     23277	80004eb8	fee6f193	andi	x3,x13,-18	 x13:0x80041024  x3=0x80041024
     232805.000 ns	     23279	80004ebc	c0117cd3	fcvt.wu.s	x25,f2	  f2:0x80000000 x25=0x00000000
     232835.000 ns	     23282	80004ec0	207023d3	fsgnjx.s	f7,f0,f7	  f0:0x471e554f  f7:0x00000000  f7=0x471e554f
     232865.000 ns	     23285	80004ec4	02f89db3	mulh	x27,x17,x15	 x17:0xc43ceffc x15:0x00000001 x27=0xffffffff
     232915.000 ns	     23290	80004ec8	00cf3a53	fadd.s	f20,f30,f12	 f30:0xcf800000 f12:0x4f4d50f5 f20=0xce4abc28
     232945.000 ns	     23293	80004ecc	a1bda353	feq.s	x6,f27,f27	 f27:0x4f020480 f27:0x4f020480  x6=0x00000001
     232975.000 ns	     23296	80004ed0	02086cb3	rem	x25,x16,x0	 x16:0x00000004  x0:0x00000000 x25=0x00000004
     233015.000 ns	     23300	80004ed4	10b97853	fmul.s	f16,f18,f11	 f18:0xcefbf700 f11:0xcf557560 f16=0x5ed21809
     233035.000 ns	     23302	80004ed8	01395d13	srli	x26,x18,0x13	 x18:0x00000001 x26=0x00000000
     233045.000 ns	     23303	80004edc	00f179b3	and	x19,x2,x15	  x2:0x80040fe4 x15:0x00000001 x19=0x00000000
     233055.000 ns	     23304	80004ee0	013ee5b3	or	x11,x29,x19	 x29:0x80040fe4 x19:0x00000000 x11=0x80040fe4
     233075.000 ns	     23306	80004ee4	d00e71d3	fcvt.s.w	f3,x28	 x28:0x00000000  f3=0x00000000
     233445.000 ns	     23343	80004ee8	02284fb3	div	x31,x16,x2	 x16:0x00000004  x2:0x80040fe4 x31=0x00000000
     233465.000 ns	     23345	80004eec	00371193	slli	x3,x14,0x3	 x14:0x80041024  x3=0x00208120
     233475.000 ns	     23346	80004ef0	01e31293	slli	x5,x6,0x1e	  x6:0x00000001  x5=0x40000000
     233495.000 ns	     23348	80004ef4	c002a4d3	fcvt.w.s	x9,f5	  f5:0x00000001  x9=0x00000000
     233515.000 ns	     23350	80004ef8	01440433	add	x8,x8,x20	  x8:0x000004c2 x20:0xdf997000  x8=0xdf9974c2
     233875.000 ns	     23386	80004efc	034c6033	rem	x0,x24,x20	 x24:0xfe400000 x20:0xdf997000
     233895.000 ns	     23388	80004f00	00000013	addi	x0,x0,0	  x0:0x00000000
     233905.000 ns	     23389	80004f04	005a15b3	sll	x11,x20,x5	 x20:0xdf997000  x5:0x40000000 x11=0xdf997000
     233925.000 ns	     23391	80004f08	03d89333	mulh	x6,x17,x29	 x17:0xc43ceffc x29:0x80040fe4  x6=0x1de09540
     233945.000 ns	     23393	80004f0c	40e45893	srai	x17,x8,0xe	  x8:0xdf9974c2 x17=0xffff7e65
     233955.000 ns	     23394	80004f10	01ee4eb3	xor	x29,x28,x30	 x28:0x00000000 x30:0x000004c2 x29=0x000004c2
     233965.000 ns	     23395	80004f14	00000013	addi	x0,x0,0	  x0:0x00000000
     233985.000 ns	     23397	80004f18	a129af53	feq.s	x30,f19,f18	 f19:0x3f800000 f18:0xcefbf700 x30=0x00000000
     234015.000 ns	     23400	80004f1c	f0058b53	fmv.w.x	f22,x11	 x11:0xdf997000 f22=0xdf997000
     234035.000 ns	     23402	80004f20	5afee293	ori	x5,x29,1455	 x29:0x000004c2  x5=0x000005ef
     234045.000 ns	     23403	80004f24	00273a33	sltu	x20,x14,x2	 x14:0x80041024  x2:0x80040fe4 x20=0x00000000
     234055.000 ns	     23404	80004f28	00000013	addi	x0,x0,0	  x0:0x00000000
     235225.000 ns	     23521	80004f2c	580022d3	fsqrt.s	f5,f0	  f0:0x471e554f  f5=0x42dfea2e
     235255.000 ns	     23524	80004f30	a1772253	feq.s	x4,f14,f23	 f14:0x7f800000 f23:0x4c7fff34  x4=0x00000000
     235275.000 ns	     23526	80004f34	fdc68937	lui	x18,0xfdc68	 x18=0xfdc68000
     235295.000 ns	     23528	80004f38	025285b3	mul	x11,x5,x5	  x5:0x000005ef  x5:0x000005ef x11=0x00233521
     235315.000 ns	     23530	80004f3c	01405fb3	srl	x31,x0,x20	  x0:0x00000000 x20:0x00000000 x31=0x00000000
     235345.000 ns	     23533	80004f40	580170d3	fsqrt.s	f1,f2	  f2:0x80000000  f1=0x80000000
     235365.000 ns	     23535	80004f44	003ad2b3	srl	x5,x21,x3	 x21:0x00000000  x3:0x00208120  x5=0x00000000
     235385.000 ns	     23537	80004f48	28459053	fmax.s	f0,f11,f4	 f11:0xcf557560  f4:0xcefbf6ff  f0=0xcefbf6ff
     235415.000 ns	     23540	80004f4c	0293cc33	div	x24,x7,x9	  x7:0x80040fe4  x9:0x00000000 x24=0xffffffff
     235435.000 ns	     23542	80004f50	00f0efb3	or	x31,x1,x15	  x1:0x4f557560 x15:0x00000001 x31=0x4f557561
     235455.000 ns	     23544	80004f54	28090c53	fmin.s	f24,f18,f0	 f18:0xcefbf700  f0:0xcefbf6ff f24=0xcefbf700
     235485.000 ns	     23547	80004f58	a179abd3	feq.s	x23,f19,f23	 f19:0x3f800000 f23:0x4c7fff34 x23=0x00000000
     235505.000 ns	     23549	80004f5c	01ca1e33	sll	x28,x20,x28	 x20:0x00000000 x28:0x00000000 x28=0x00000000
     235515.000 ns	     23550	80004f60	cfed3297	auipc	x5,0xcfed3	  x5=0x4fed7f60
     235525.000 ns	     23551	80004f64	41025cb3	sra	x25,x4,x16	  x4:0x00000000 x16:0x00000004 x25=0x00000000
     235555.000 ns	     23554	80004f68	1007b053	fmul.s	f0,f15,f0	 f15:0xdefbf700  f0:0xcefbf6ff  f0=0x6e77fe48
     235585.000 ns	     23557	80004f6c	a00b1553	flt.s	x10,f22,f0	 f22:0xdf997000  f0:0xcefbf6ff x10=0x00000001
     235605.000 ns	     23559	80004f70	0653ec97	auipc	x25,0x653e	 x25=0x86542f70
     235625.000 ns	     23561	80004f74	a12696d3	flt.s	x13,f13,f18	 f13:0x4f557560 f18:0xcefbf700 x13=0x00000000
     235655.000 ns	     23564	80004f78	28271b53	fmax.s	f22,f14,f2	 f14:0x7f800000  f2:0x80000000 f22=0x7f800000
     236025.000 ns	     23601	80004f7c	023341b3	div	x3,x6,x3	  x6:0x1de09540  x3:0x00208120  x3=0x000000eb
     236045.000 ns	     23603	80004f80	007fb6b3	sltu	x13,x31,x7	 x31:0x4f557561  x7:0x80040fe4 x13=0x00000001
     236055.000 ns	     23604	80004f84	67fc3917	auipc	x18,0x67fc3	 x18=0xe7fc7f84
     236075.000 ns	     23606	80004f88	c00c7ed3	fcvt.w.s	x29,f24	 f24:0xcefbf700 x29=0x7dfb8000
     236105.000 ns	     23609	80004f8c	e00b0953	fmv.x.w	x18,f22	 f22:0x7f800000 x18=0x7f800000
     236445.000 ns	     23643	80004f90	199cf6d3	fdiv.s	f13,f25,f25	 f25:0x3f800000 f25:0x3f800000 f13=0x3f7fff38
     236465.000 ns	     23645	80004f94	414c8fb3	sub	x31,x25,x20	 x25:0x86542f70 x20:0x00000000 x31=0x86542f70
     236475.000 ns	     23646	80004f98	00000013	addi	x0,x0,0	  x0:0x00000000
     236495.000 ns	     23648	80004f9c	e00392d3	fclass.s	x5,f7	  f7:0x471e554f  x5=0x00000040
     236515.000 ns	     23650	80004fa0	9b188c13	addi	x24,x17,-1615	 x17:0xffff7e65 x24=0xffff7816
     236535.000 ns	     23652	80004fa4	c01c7a53	fcvt.wu.s	x20,f24	 f24:0xcefbf700 x20=0x7dfb8000
     236565.000 ns	     23655	80004fa8	206287d3	fsgnj.s	f15,f5,f6	  f5:0x42dfea2e  f6:0xcefff7e1 f15=0xc2dfea2e
     236935.000 ns	     23692	80004fac	02c0ce33	div	x28,x1,x12	  x1:0x4f557560 x12:0xfc800000 x28=0xffffffea
     236955.000 ns	     23694	80004fb0	00e423b3	slt	x7,x8,x14	  x8:0xdf9974c2 x14:0x80041024  x7=0x00000000
     236975.000 ns	     23696	80004fb4	a0759d53	flt.s	x26,f11,f7	 f11:0xcf557560  f7:0x471e554f x26=0x00000001
     237005.000 ns	     23699	80004fb8	d01b7253	fcvt.s.wu	f4,x22	 x22:0xdf997000  f4=0x4f5f9970
     237025.000 ns	     23701	80004fbc	00000013	addi	x0,x0,0	  x0:0x00000000
     237035.000 ns	     23702	80004fc0	006aad33	slt	x26,x21,x6	 x21:0x00000000  x6:0x1de09540 x26=0x00000001
     237045.000 ns	     23703	80004fc4	014c1e33	sll	x28,x24,x20	 x24:0xffff7816 x20:0x7dfb8000 x28=0xffff7816
     237065.000 ns	     23705	80004fc8	037635b3	mulhu	x11,x12,x23	 x12:0xfc800000 x23:0x00000000 x11=0x00000000
     237095.000 ns	     23708	80004fcc	035f87b3	mul	x15,x31,x21	 x31:0x86542f70 x21:0x00000000 x15=0x00000000
     237465.000 ns	     23745	80004fd0	02aa49b3	div	x19,x20,x10	 x20:0x7dfb8000 x10:0x00000001 x19=0x7dfb8000
     237485.000 ns	     23747	80004fd4	49bd2b13	slti	x22,x26,1179	 x26:0x00000001 x22=0x00000001
     237505.000 ns	     23749	80004fd8	20141553	fsgnjn.s	f10,f8,f1	  f8:0x4f800000  f1:0x80000000 f10=0x4f800000
     237525.000 ns	     23751	80004fdc	6bfa7493	andi	x9,x20,1727	 x20:0x7dfb8000  x9=0x00000000
     237535.000 ns	     23752	80004fe0	c2172f13	slti	x30,x14,-991	 x14:0x80041024 x30=0x00000001
     237555.000 ns	     23754	80004fe4	e0019453	fclass.s	x8,f3	  f3:0x00000000  x8=0x00000010
     237585.000 ns	     23757	80004fe8	20289353	fsgnjn.s	f6,f17,f2	 f17:0x00000001  f2:0x80000000  f6=0x00000001
     237605.000 ns	     23759	80004fec	af8a7193	andi	x3,x20,-1288	 x20:0x7dfb8000  x3=0x7dfb8000
     237615.000 ns	     23760	80004ff0	d671e413	ori	x8,x3,-665	  x3:0x000000eb  x8=0xfffffd67
     237635.000 ns	     23762	80004ff4	a1fe1253	flt.s	x4,f28,f31	 f28:0x00000000 f31:0x4f557560  x4=0x00000001
     237655.000 ns	     23764	80004ff8	00b87933	and	x18,x16,x11	 x16:0x00000004 x11:0x00000000 x18=0x00000000
     237665.000 ns	     23765	80004ffc	3566cc13	xori	x24,x13,854	 x13:0x00000001 x24=0x00000357
     237675.000 ns	     23766	80005000	01b28d33	add	x26,x5,x27	  x5:0x00000040 x27:0xffffffff x26=0x0000003f
     237695.000 ns	     23768	80005004	d00a7053	fcvt.s.w	f0,x20	 x20:0x7dfb8000  f0=0x4efbf700
     237725.000 ns	     23771	80005008	20f910d3	fsgnjn.s	f1,f18,f15	 f18:0xcefbf700 f15:0xc2dfea2e  f1=0x4efbf700
     237745.000 ns	     23773	8000500c	cb6ba793	slti	x15,x23,-842	 x23:0x00000000 x15=0x00000000
     237755.000 ns	     23774	80005010	002f6eb3	or	x29,x30,x2	 x30:0x00000001  x2:0x80040fe4 x29=0x80040fe5
     237765.000 ns	     23775	80005014	00f98333	add	x6,x19,x15	 x19:0x7dfb8000 x15:0x00000000  x6=0x7dfb8000
     237775.000 ns	     23776	80005018	01f307b3	add	x15,x6,x31	  x6:0x1de09540 x31:0x86542f70 x15=0x044faf70
     238945.000 ns	     23893	8000501c	58034f53	fsqrt.s	f30,f6	  f6:0x00000001 f30=0x1f350483
     238975.000 ns	     23896	80005020	c001fcd3	fcvt.w.s	x25,f3	  f3:0x00000000 x25=0x00000000
     239345.000 ns	     23933	80005024	030a55b3	divu	x11,x20,x16	 x20:0x7dfb8000 x16:0x00000004 x11=0x1f7ee000
     239365.000 ns	     23935	80005028	015346b3	xor	x13,x6,x21	  x6:0x7dfb8000 x21:0x00000000 x13=0x7dfb8000
     239375.000 ns	     23936	8000502c	41e75593	srai	x11,x14,0x1e	 x14:0x80041024 x11=0xfffffffe
     239385.000 ns	     23937	80005030	b542ea93	ori	x21,x5,-1196	  x5:0x00000040 x21=0xfffffb54
     239415.000 ns	     23940	80005034	10f97853	fmul.s	f16,f18,f15	 f18:0xcefbf700 f15:0xc2dfea2e f16=0x525c62a6
     239455.000 ns	     23944	80005038	1825f9d3	fdiv.s	f19,f11,f2	 f11:0xcf557560  f2:0x80000000 f19=0x7f800000
     239475.000 ns	     23946	8000503c	00a9cd33	xor	x26,x19,x10	 x19:0x7dfb8000 x10:0x00000001 x26=0x7dfb8001
     239515.000 ns	     23950	80005040	08b92153	fsub.s	f2,f18,f11	 f18:0xcefbf700 f11:0xcf557560  f2=0x4eaef3c0
     239855.000 ns	     23984	80005044	198c8fd3	fdiv.s	f31,f25,f24	 f25:0x3f800000 f24:0xcefbf700 f31=0xb0000000
     239875.000 ns	     23986	80005048	814fa613	slti	x12,x31,-2028	 x31:0x86542f70 x12=0x00000001
     240235.000 ns	     24022	8000504c	0342eab3	rem	x21,x5,x20	  x5:0x00000040 x20:0x7dfb8000 x21=0x00000040
     240265.000 ns	     24025	80005050	e00b1ed3	fclass.s	x29,f22	 f22:0x7f800000 x29=0x00000080
     240295.000 ns	     24028	80005054	d00c7053	fcvt.s.w	f0,x24	 x24:0x00000357  f0=0x4455c000
     240315.000 ns	     24030	80005058	018728b3	slt	x17,x14,x24	 x14:0x80041024 x24:0x00000357 x17=0x00000001
     240335.000 ns	     24032	8000505c	20870ed3	fsgnj.s	f29,f14,f8	 f14:0x7f800000  f8:0x4f800000 f29=0x7f800000
     240355.000 ns	     24034	80005060	da414d13	xori	x26,x2,-604	  x2:0x80040fe4 x26=0x7ffbf240
     240395.000 ns	     24038	80005064	01567253	fadd.s	f4,f12,f21	 f12:0x4f4d50f5 f21:0x00000000  f4=0x4f4d50f5
     240425.000 ns	     24041	80005068	28fa1453	fmax.s	f8,f20,f15	 f20:0xce4abc28 f15:0xc2dfea2e  f8=0xc2dfea2e
     240445.000 ns	     24043	8000506c	12d93213	sltiu	x4,x18,301	 x18:0x00000000  x4=0x00000001
     240455.000 ns	     24044	80005070	002eecb3	or	x25,x29,x2	 x29:0x00000080  x2:0x80040fe4 x25=0x80040fe4
     240465.000 ns	     24045	80005074	00ed5b33	srl	x22,x26,x14	 x26:0x7ffbf240 x14:0x80041024 x22=0x07ffbf24
     240485.000 ns	     24047	80005078	0274f3b3	remu	x7,x9,x7	  x9:0x00000000  x7:0x00000000  x7=0x00000000
     240855.000 ns	     24084	8000507c	0233f9b3	remu	x19,x7,x3	  x7:0x00000000  x3:0x7dfb8000 x19=0x00000000
     240885.000 ns	     24087	80005080	02713033	mulhu	x0,x2,x7	  x2:0x80040fe4  x7:0x00000000
     240935.000 ns	     24092	80005084	01614153	fadd.s	f2,f2,f22	  f2:0x4eaef3c0 f22:0x7f800000  f2=0x7f800000
     241305.000 ns	     24129	80005088	03184633	div	x12,x16,x17	 x16:0x00000004 x17:0x00000001 x12=0x00000004
     242485.000 ns	     24247	8000508c	580339d3	fsqrt.s	f19,f6	  f6:0x00000001 f19=0x1f350483
     242505.000 ns	     24249	80005090	31f42013	slti	x0,x8,799	  x8:0xfffffd67
     242525.000 ns	     24251	80005094	d002f853	fcvt.s.w	f16,x5	  x5:0x00000040 f16=0x42800000
     242555.000 ns	     24254	80005098	283a1ed3	fmax.s	f29,f20,f3	 f20:0xce4abc28  f3:0x00000000 f29=0x00000000
     242585.000 ns	     24257	8000509c	d017c2d3	fcvt.s.wu	f5,x15	 x15:0x044faf70  f5=0x4c89f5ee
     242605.000 ns	     24259	800050a0	de771417	auipc	x8,0xde771	  x8=0x5e7760a0
     242625.000 ns	     24261	800050a4	20f192d3	fsgnjn.s	f5,f3,f15	  f3:0x00000000 f15:0xc2dfea2e  f5=0x00000000
     242655.000 ns	     24264	800050a8	e0018953	fmv.x.w	x18,f3	  f3:0x00000000 x18=0x00000000
     243025.000 ns	     24301	800050ac	035b4233	div	x4,x22,x21	 x22:0x07ffbf24 x21:0x00000040  x4=0x001ffefc
     243055.000 ns	     24304	800050b0	29d80ed3	fmin.s	f29,f16,f29	 f16:0x42800000 f29:0x00000000 f29=0x00000000
     243085.000 ns	     24307	800050b4	02fe1bb3	mulh	x23,x28,x15	 x28:0xffff7816 x15:0x044faf70 x23=0xfffffdb6
     243105.000 ns	     24309	800050b8	019533b3	sltu	x7,x10,x25	 x10:0x00000001 x25:0x80040fe4  x7=0x00000001
     243125.000 ns	     24311	800050bc	0363bfb3	mulhu	x31,x7,x22	  x7:0x00000000 x22:0x07ffbf24 x31=0x00000000
     243155.000 ns	     24314	800050c0	21122fd3	fsgnjx.s	f31,f4,f17	  f4:0x4f4d50f5 f17:0x00000001 f31=0x4f4d50f5
     243175.000 ns	     24316	800050c4	4107d513	srai	x10,x15,0x10	 x15:0x044faf70 x10=0x0000044f
     243195.000 ns	     24318	800050c8	d01c7dd3	fcvt.s.wu	f27,x24	 x24:0x00000357 f27=0x4455c000
     243225.000 ns	     24321	800050cc	287100d3	fmin.s	f1,f2,f7	  f2:0x7f800000  f7:0x471e554f  f1=0x471e554f
     243245.000 ns	     24323	800050d0	01b35233	srl	x4,x6,x27	  x6:0x7dfb8000 x27:0xffffffff  x4=0x00000000
     243265.000 ns	     24325	800050d4	037a32b3	mulhu	x5,x20,x23	 x20:0x7dfb8000 x23:0xfffffdb6  x5=0x7dfb7edf
     243285.000 ns	     24327	800050d8	015288b3	add	x17,x5,x21	  x5:0x00000040 x21:0x00000040 x17=0x7dfb7f1f
     243295.000 ns	     24328	800050dc	41d40cb3	sub	x25,x8,x29	  x8:0x5e7760a0 x29:0x00000080 x25=0x5e776020
     243335.000 ns	     24332	800050e0	08a77353	fsub.s	f6,f14,f10	 f14:0x7f800000 f10:0x4f800000  f6=0x7f800000
     243355.000 ns	     24334	800050e4	9777cd93	xori	x27,x15,-1673	 x15:0x044faf70 x27=0xfbb05607
     243375.000 ns	     24336	800050e8	d005fc53	fcvt.s.w	f24,x11	 x11:0xfffffffe f24=0xc0000000
     243405.000 ns	     24339	800050ec	217e87d3	fsgnj.s	f15,f29,f23	 f29:0x00000000 f23:0x4c7fff34 f15=0x00000000
     243425.000 ns	     24341	800050f0	016b5bb3	srl	x23,x22,x22	 x22:0x07ffbf24 x22:0x07ffbf24 x23=0x007ffbf2
     243445.000 ns	     24343	800050f4	d00a7fd3	fcvt.s.w	f31,x20	 x20:0x7dfb8000 f31=0x4efbf700
     243475.000 ns	     24346	800050f8	030ca2b3	mulhsu	x5,x25,x16	 x25:0x5e776020 x16:0x00000004  x5=0x00000001
     243525.000 ns	     24351	800050fc	08c809d3	fsub.s	f19,f16,f12	 f16:0x42800000 f12:0x4f4d50f5 f19=0xcf4d50f5
     243545.000 ns	     24353	80005100	001e8f33	add	x30,x29,x1	 x29:0x00000080  x1:0x4f557560 x30=0x4f5575e0
     243555.000 ns	     24354	80005104	41335693	srai	x13,x6,0x13	  x6:0x7dfb8000 x13=0x00000fbf
     243585.000 ns	     24357	80005108	58077353	fsqrt.s	f6,f14	 f14:0x7f800000  f6=0x7f800000
     243615.000 ns	     24360	8000510c	a1f49b53	flt.s	x22,f9,f31	  f9:0xcc7fff34 f31:0x4efbf700 x22=0x00000001
     243645.000 ns	     24363	80005110	03290433	mul	x8,x18,x18	 x18:0x00000000 x18:0x00000000  x8=0x00000000
     243675.000 ns	     24366	80005114	a0da89d3	fle.s	x19,f21,f13	 f21:0x00000000 f13:0x3f7fff38 x19=0x00000001
     243695.000 ns	     24368	80005118	dc2e6193	ori	x3,x28,-574	 x28:0xffff7816  x3=0xfffffdd6
     243705.000 ns	     24369	8000511c	009077b3	and	x15,x0,x9	  x0:0x00000000  x9:0x00000000 x15=0x00000000
     243725.000 ns	     24371	80005120	02be2fb3	mulhsu	x31,x28,x11	 x28:0xffff7816 x11:0xfffffffe x31=0xffff7816
     243745.000 ns	     24373	80005124	40765533	sra	x10,x12,x7	 x12:0x00000004  x7:0x00000001 x10=0x00000002
     243755.000 ns	     24374	80005128	680b6313	ori	x6,x22,1664	 x22:0x00000001  x6=0x00000681
     244115.000 ns	     24410	8000512c	0372cab3	div	x21,x5,x23	  x5:0x00000001 x23:0x007ffbf2 x21=0x00000000
     244135.000 ns	     24412	80005130	00000013	addi	x0,x0,0	  x0:0x00000000
     244495.000 ns	     24448	80005134	03bd4b33	div	x22,x26,x27	 x26:0x7ffbf240 x27:0xfbb05607 x22=0xffffffe3
     244545.000 ns	     24453	80005138	00daa4d3	fadd.s	f9,f21,f13	 f21:0x00000000 f13:0x3f7fff38  f9=0x3f7fff38
     244575.000 ns	     24456	8000513c	a0ae8ad3	fle.s	x21,f29,f10	 f29:0x00000000 f10:0x4f800000 x21=0x00000001
     244605.000 ns	     24459	80005140	c00f12d3	fcvt.w.s	x5,f30	 f30:0x1f350483  x5=0x00000000
     244635.000 ns	     24462	80005144	a1810553	fle.s	x10,f2,f24	  f2:0x7f800000 f24:0xc0000000 x10=0x00000000
     244655.000 ns	     24464	80005148	41245433	sra	x8,x8,x18	  x8:0x00000000 x18:0x00000000  x8=0x00000000
     244695.000 ns	     24468	8000514c	012e8953	fadd.s	f18,f29,f18	 f29:0x00000000 f18:0xcefbf700 f18=0xcefbf700
     244715.000 ns	     24470	80005150	410203b3	sub	x7,x4,x16	  x4:0x00000000 x16:0x00000004  x7=0xfffffffc
     244725.000 ns	     24471	80005154	99be0b17	auipc	x22,0x99be0	 x22=0x19be5154
     244745.000 ns	     24473	80005158	e00706d3	fmv.x.w	x13,f14	 f14:0x7f800000 x13=0x7f800000
     244775.000 ns	     24476	8000515c	03dfa9b3	mulhsu	x19,x31,x29	 x31:0xffff7816 x29:0x00000080 x19=0xffffffff
     244805.000 ns	     24479	80005160	212912d3	fsgnjn.s	f5,f18,f18	 f18:0xcefbf700 f18:0xcefbf700  f5=0x4efbf700
     244825.000 ns	     24481	80005164	40d48533	sub	x10,x9,x13	  x9:0x00000000 x13:0x7f800000 x10=0x80800000
     244835.000 ns	     24482	80005168	00875d93	srli	x27,x14,0x8	 x14:0x80041024 x27=0x00800410
     245195.000 ns	     24518	8000516c	0226e933	rem	x18,x13,x2	 x13:0x7f800000  x2:0x80040fe4 x18=0x7f800000
     245215.000 ns	     24520	80005170	c1e1fb13	andi	x22,x3,-994	  x3:0xfffffdd6 x22=0xfffffc16
     245225.000 ns	     24521	80005174	00000013	addi	x0,x0,0	  x0:0x00000000
     245235.000 ns	     24522	80005178	360c7b93	andi	x23,x24,864	 x24:0x00000357 x23=0x00000340
     245245.000 ns	     24523	8000517c	59382d13	slti	x26,x16,1427	 x16:0x00000004 x26=0x00000001
     245265.000 ns	     24525	80005180	29e10ed3	fmin.s	f29,f2,f30	  f2:0x7f800000 f30:0x1f350483 f29=0x1f350483
     245295.000 ns	     24528	80005184	c01775d3	fcvt.wu.s	x11,f14	 f14:0x7f800000 x11=0xffffffff
     245315.000 ns	     24530	80005188	408c0db3	sub	x27,x24,x8	 x24:0x00000357  x8:0x00000000 x27=0x00000357
     245325.000 ns	     24531	8000518c	01776633	or	x12,x14,x23	 x14:0x80041024 x23:0x00000340 x12=0x80041364
     245335.000 ns	     24532	80005190	7652a317	auipc	x6,0x7652a	  x6=0xf652f190
     245665.000 ns	     24565	80005194	18107753	fdiv.s	f14,f0,f1	  f0:0x4455c000  f1:0x471e554f f14=0x3cb9c7eb
     245685.000 ns	     24567	80005198	41acd793	srai	x15,x25,0x1a	 x25:0x5e776020 x15=0x00000017
     245695.000 ns	     24568	8000519c	014732b3	sltu	x5,x14,x20	 x14:0x80041024 x20:0x7dfb8000  x5=0x00000000
     245705.000 ns	     24569	800051a0	00f81213	slli	x4,x16,0xf	 x16:0x00000004  x4=0x00020000
     245715.000 ns	     24570	800051a4	0166deb3	srl	x29,x13,x22	 x13:0x7f800000 x22:0xfffffc16 x29=0x000001fe
     245735.000 ns	     24572	800051a8	c01e7c53	fcvt.wu.s	x24,f28	 f28:0x00000000 x24=0x00000000
     245765.000 ns	     24575	800051ac	037ba5b3	mulhsu	x11,x23,x23	 x23:0x00000340 x23:0x00000340 x11=0x00000000
     245785.000 ns	     24577	800051b0	007422b3	slt	x5,x8,x7	  x8:0x00000000  x7:0xfffffffc  x5=0x00000000
     245815.000 ns	     24580	800051b4	580d3653	fsqrt.s	f12,f26	 f26:0x00000000 f12=0x00000000
     245845.000 ns	     24583	800051b8	d0077353	fcvt.s.w	f6,x14	 x14:0x80041024  f6=0xcefff7df
     245865.000 ns	     24585	800051bc	172cd917	auipc	x18,0x172cd	 x18=0x972d21bc
     245875.000 ns	     24586	800051c0	017e0033	add	x0,x28,x23	 x28:0xffff7816 x23:0x00000340
     245885.000 ns	     24587	800051c4	1988e593	ori	x11,x17,408	 x17:0x7dfb7f1f x11=0x7dfb7f9f
     245905.000 ns	     24589	800051c8	f00382d3	fmv.w.x	f5,x7	  x7:0xfffffffc  f5=0xfffffffc
     245935.000 ns	     24592	800051cc	0287fab3	remu	x21,x15,x8	 x15:0x00000017  x8:0x00000000 x21=0x00000017
     245955.000 ns	     24594	800051d0	939a2c13	slti	x24,x20,-1735	 x20:0x7dfb8000 x24=0x00000000
     245985.000 ns	     24597	800051d4	102ef1d3	fmul.s	f3,f29,f2	 f29:0x1f350483  f2:0x7f800000  f3=0x7f800000
     246035.000 ns	     24602	800051d8	01e07753	fadd.s	f14,f0,f30	  f0:0x4455c000 f30:0x1f350483 f14=0x4455c000
     246055.000 ns	     24604	800051dc	004674b3	and	x9,x12,x4	 x12:0x80041364  x4:0x00020000  x9=0x00000000
     246075.000 ns	     24606	800051e0	020316b3	mulh	x13,x6,x0	  x6:0xf652f190  x0:0x00000000 x13=0x00000000
     246095.000 ns	     24608	800051e4	95433c97	auipc	x25,0x95433	 x25=0x154381e4
     246105.000 ns	     24609	800051e8	009387b3	add	x15,x7,x9	  x7:0xfffffffc  x9:0x00000000 x15=0xfffffffc
     246125.000 ns	     24611	800051ec	d01ef4d3	fcvt.s.wu	f9,x29	 x29:0x000001fe  f9=0x43ff0000
     246155.000 ns	     24614	800051f0	03211bb3	mulh	x23,x2,x18	  x2:0x80040fe4 x18:0x972d21bc x23=0x3467c554
     246175.000 ns	     24616	800051f4	00c96433	or	x8,x18,x12	 x18:0x972d21bc x12:0x80041364  x8=0x972d33fc
     246185.000 ns	     24617	800051f8	eebd7893	andi	x17,x26,-277	 x26:0x00000001 x17=0x00000001
     246215.000 ns	     24620	800051fc	11c3f7d3	fmul.s	f15,f7,f28	  f7:0x471e554f f28:0x00000000 f15=0x00000000
     246245.000 ns	     24623	80005200	d00cfd53	fcvt.s.w	f26,x25	 x25:0x154381e4 f26=0x4daa1c0f
     246275.000 ns	     24626	80005204	21c62353	fsgnjx.s	f6,f12,f28	 f12:0x00000000 f28:0x00000000  f6=0x00000000
     246645.000 ns	     24663	80005208	02b26fb3	rem	x31,x4,x11	  x4:0x00020000 x11:0x7dfb7f9f x31=0x00020000
     246665.000 ns	     24665	8000520c	0128d2b3	srl	x5,x17,x18	 x17:0x00000001 x18:0x972d21bc  x5=0x00000000
     246675.000 ns	     24666	80005210	00dc7e33	and	x28,x24,x13	 x24:0x00000000 x13:0x00000000 x28=0x00000000
     246685.000 ns	     24667	80005214	ab490b13	addi	x22,x18,-1356	 x18:0x972d21bc x22=0x972d1c70
     246705.000 ns	     24669	80005218	20a50ed3	fsgnj.s	f29,f10,f10	 f10:0x4f800000 f10:0x4f800000 f29=0x4f800000
     246735.000 ns	     24672	8000521c	0229b2b3	mulhu	x5,x19,x2	 x19:0xffffffff  x2:0x80040fe4  x5=0x80040fe3
     246755.000 ns	     24674	80005220	0093adb3	slt	x27,x7,x9	  x7:0xfffffffc  x9:0x00000000 x27=0x00000001
     246765.000 ns	     24675	80005224	009f2533	slt	x10,x30,x9	 x30:0x4f5575e0  x9:0x00000000 x10=0x00000000
     246775.000 ns	     24676	80005228	006a1a33	sll	x20,x20,x6	 x20:0x7dfb8000  x6:0xf652f190 x20=0x80000000
     246795.000 ns	     24678	8000522c	e0071a53	fclass.s	x20,f14	 f14:0x4455c000 x20=0x00000040
     246825.000 ns	     24681	80005230	f00308d3	fmv.w.x	f17,x6	  x6:0xf652f190 f17=0xf652f190
     246855.000 ns	     24684	80005234	c00bfbd3	fcvt.w.s	x23,f23	 f23:0x4c7fff34 x23=0x03fffcd0
     246885.000 ns	     24687	80005238	037f39b3	mulhu	x19,x30,x23	 x30:0x4f5575e0 x23:0x3467c554 x19=0x013d54da
     246915.000 ns	     24690	8000523c	d004fa53	fcvt.s.w	f20,x9	  x9:0x00000000 f20=0x00000000
     246935.000 ns	     24692	80005240	00000013	addi	x0,x0,0	  x0:0x00000000
     246945.000 ns	     24693	80005244	00000013	addi	x0,x0,0	  x0:0x00000000
     246965.000 ns	     24695	80005248	0252b433	mulhu	x8,x5,x5	  x5:0x80040fe3  x5:0x80040fe3  x8=0x40040ff3
     246985.000 ns	     24697	8000524c	a95a9c17	auipc	x24,0xa95a9	 x24=0x295ae24c
     247005.000 ns	     24699	80005250	d016fb53	fcvt.s.wu	f22,x13	 x13:0x00000000 f22=0x00000000
     247025.000 ns	     24701	80005254	41a4d533	sra	x10,x9,x26	  x9:0x00000000 x26:0x00000001 x10=0x00000000
     247045.000 ns	     24703	80005258	297606d3	fmin.s	f13,f12,f23	 f12:0x00000000 f23:0x4c7fff34 f13=0x00000000
     247415.000 ns	     24740	8000525c	0362eeb3	rem	x29,x5,x22	  x5:0x80040fe3 x22:0x972d1c70 x29=0xe8d6f373
     247435.000 ns	     24742	80005260	00000013	addi	x0,x0,0	  x0:0x00000000
     247455.000 ns	     24744	80005264	02d147b3	div	x15,x2,x13	  x2:0x80040fe4 x13:0x00000000 x15=0xffffffff
     247475.000 ns	     24746	80005268	113d8493	addi	x9,x27,275	 x27:0x00000001  x9=0x00000114
     247495.000 ns	     24748	8000526c	e0001a53	fclass.s	x20,f0	  f0:0x4455c000 x20=0x00000040
     247515.000 ns	     24750	80005270	cd61f093	andi	x1,x3,-810	  x3:0xfffffdd6  x1=0xfffffcd6
     247535.000 ns	     24752	80005274	a052a2d3	feq.s	x5,f5,f5	  f5:0xfffffffc  f5:0xfffffffc  x5=0x00000000
     247565.000 ns	     24755	80005278	a0eba3d3	feq.s	x7,f23,f14	 f23:0x4c7fff34 f14:0x4455c000  x7=0x00000000
     247605.000 ns	     24759	8000527c	19a2ffd3	fdiv.s	f31,f5,f26	  f5:0xfffffffc f26:0x4daa1c0f f31=0x7fc00000
     247625.000 ns	     24761	80005280	010d2a33	slt	x20,x26,x16	 x26:0x00000001 x16:0x00000004 x20=0x00000001
     247665.000 ns	     24765	80005284	095f25d3	fsub.s	f11,f30,f21	 f30:0x1f350483 f21:0x00000000 f11=0x1f350483
     247685.000 ns	     24767	80005288	0149d613	srli	x12,x19,0x14	 x19:0x013d54da x12=0x00000013
     247705.000 ns	     24769	8000528c	217b8853	fsgnj.s	f16,f23,f23	 f23:0x4c7fff34 f23:0x4c7fff34 f16=0x4c7fff34
     247735.000 ns	     24772	80005290	20628053	fsgnj.s	f0,f5,f6	  f5:0xfffffffc  f6:0x00000000  f0=0x7ffffffc
     247765.000 ns	     24775	80005294	020ec7b3	div	x15,x29,x0	 x29:0xe8d6f373  x0:0x00000000 x15=0xffffffff
     247795.000 ns	     24778	80005298	026d3a33	mulhu	x20,x26,x6	 x26:0x00000001  x6:0xf652f190 x20=0x00000000
     247825.000 ns	     24781	8000529c	218c8653	fsgnj.s	f12,f25,f24	 f25:0x3f800000 f24:0xc0000000 f12=0xbf800000
     247845.000 ns	     24783	800052a0	bf5e7793	andi	x15,x28,-1035	 x28:0x00000000 x15=0x00000000
     247855.000 ns	     24784	800052a4	63a82213	slti	x4,x16,1594	 x16:0x00000004  x4=0x00000001
     247875.000 ns	     24786	800052a8	d0017a53	fcvt.s.w	f20,x2	  x2:0x80040fe4 f20=0xcefff7e0
     247895.000 ns	     24788	800052ac	41b302b3	sub	x5,x6,x27	  x6:0xf652f190 x27:0x00000001  x5=0xf652f18f
     247905.000 ns	     24789	800052b0	006ec7b3	xor	x15,x29,x6	 x29:0xe8d6f373  x6:0xf652f190 x15=0x1e8402e3
     247915.000 ns	     24790	800052b4	158a2d13	slti	x26,x20,344	 x20:0x00000000 x26=0x00000001
     247935.000 ns	     24792	800052b8	21ec0fd3	fsgnj.s	f31,f24,f30	 f24:0xc0000000 f30:0x1f350483 f31=0x40000000
     247955.000 ns	     24794	800052bc	aa1bc093	xori	x1,x23,-1375	 x23:0x03fffcd0  x1=0xfc000671
     247965.000 ns	     24795	800052c0	00388333	add	x6,x17,x3	 x17:0x00000001  x3:0xfffffdd6  x6=0xfffffdd7
     247985.000 ns	     24797	800052c4	f0028cd3	fmv.w.x	f25,x5	  x5:0xf652f18f f25=0xf652f18f
     248005.000 ns	     24799	800052c8	689ee093	ori	x1,x29,1673	 x29:0xe8d6f373  x1=0xe8d6f7fb
     248025.000 ns	     24801	800052cc	a07808d3	fle.s	x17,f16,f7	 f16:0x4c7fff34  f7:0x471e554f x17=0x00000000
     248395.000 ns	     24838	800052d0	028ee533	rem	x10,x29,x8	 x29:0xe8d6f373  x8:0x40040ff3 x10=0xe8d6f373
     248425.000 ns	     24841	800052d4	0339abb3	mulhsu	x23,x19,x19	 x19:0x013d54da x19:0x013d54da x23=0x0001895b
     248455.000 ns	     24844	800052d8	c012fe53	fcvt.wu.s	x28,f5	  f5:0xfffffffc x28=0xffffffff
     248485.000 ns	     24847	800052dc	d0167553	fcvt.s.wu	f10,x12	 x12:0x00000013 f10=0x41980000
     248505.000 ns	     24849	800052e0	002dfb33	and	x22,x27,x2	 x27:0x00000001  x2:0x80040fe4 x22=0x00000000
     248545.000 ns	     24853	800052e4	0048fb53	fadd.s	f22,f17,f4	 f17:0xf652f190  f4:0x4f4d50f5 f22=0xf652f190
     248575.000 ns	     24856	800052e8	a0c21fd3	flt.s	x31,f4,f12	  f4:0x4f4d50f5 f12:0xbf800000 x31=0x00000000
     248605.000 ns	     24859	800052ec	d01ef2d3	fcvt.s.wu	f5,x29	 x29:0xe8d6f373  f5=0x4f68d6f3
     248625.000 ns	     24861	800052f0	4df1ae93	slti	x29,x3,1247	  x3:0xfffffdd6 x29=0x00000001
     248635.000 ns	     24862	800052f4	e3ec3c13	sltiu	x24,x24,-450	 x24:0x295ae24c x24=0x00000001
     248645.000 ns	     24863	800052f8	00f8a5b3	slt	x11,x17,x15	 x17:0x00000000 x15:0x1e8402e3 x11=0x00000001
     248665.000 ns	     24865	800052fc	e0048ed3	fmv.x.w	x29,f9	  f9:0x43ff0000 x29=0x43ff0000
     248685.000 ns	     24867	80005300	40eb5a93	srai	x21,x22,0xe	 x22:0x00000000 x21=0x00000000
     248705.000 ns	     24869	80005304	d01c72d3	fcvt.s.wu	f5,x24	 x24:0x00000001  f5=0x3f800000
     248725.000 ns	     24871	80005308	009e8d33	add	x26,x29,x9	 x29:0x43ff0000  x9:0x00000114 x26=0x43ff0114
     248735.000 ns	     24872	8000530c	00a43333	sltu	x6,x8,x10	  x8:0x40040ff3 x10:0xe8d6f373  x6=0x00000001
     249095.000 ns	     24908	80005310	03deecb3	rem	x25,x29,x29	 x29:0x43ff0000 x29:0x43ff0000 x25=0x00000000
     249145.000 ns	     24913	80005314	0092f953	fadd.s	f18,f5,f9	  f5:0x3f800000  f9:0x43ff0000 f18=0x43ff8000
     249165.000 ns	     24915	80005318	01591293	slli	x5,x18,0x15	 x18:0x972d21bc  x5=0x37800000
     249185.000 ns	     24917	8000531c	02b52fb3	mulhsu	x31,x10,x11	 x10:0xe8d6f373 x11:0x00000001 x31=0xffffffff
     249525.000 ns	     24951	80005320	189fb5d3	fdiv.s	f11,f31,f9	 f31:0x40000000  f9:0x43ff0000 f11=0x3bc1286a
     249545.000 ns	     24953	80005324	01380433	add	x8,x16,x19	 x16:0x00000004 x19:0x013d54da  x8=0x013d54de
     249905.000 ns	     24989	80005328	03e9d2b3	divu	x5,x19,x30	 x19:0x013d54da x30:0x4f5575e0  x5=0x00000000
     250245.000 ns	     25023	8000532c	197479d3	fdiv.s	f19,f8,f23	  f8:0xc2dfea2e f23:0x4c7fff34 f19=0xb5dfea2e
     250275.000 ns	     25026	80005330	d00b8253	fcvt.s.w	f4,x23	 x23:0x0001895b  f4=0x47c4ad80
     250295.000 ns	     25028	80005334	4bac8d93	addi	x27,x25,1210	 x25:0x00000000 x27=0x000004ba
     250315.000 ns	     25030	80005338	03b6bd33	mulhu	x26,x13,x27	 x13:0x00000000 x27:0x00000001 x26=0x00000000
     250345.000 ns	     25033	8000533c	d01f78d3	fcvt.s.wu	f17,x30	 x30:0x4f5575e0 f17=0x4e9eaaeb
     250715.000 ns	     25070	80005340	033df2b3	remu	x5,x27,x19	 x27:0x000004ba x19:0x013d54da  x5=0x000004ba
     250745.000 ns	     25073	80005344	a00121d3	feq.s	x3,f2,f0	  f2:0x7f800000  f0:0x7ffffffc  x3=0x00000000
     250775.000 ns	     25076	80005348	c0090b53	fcvt.w.s	x22,f18	 f18:0x43ff8000 x22=0x000001ff
     250795.000 ns	     25078	8000534c	0112a433	slt	x8,x5,x17	  x5:0x000004ba x17:0x00000000  x8=0x00000000
     250815.000 ns	     25080	80005350	21fe1453	fsgnjn.s	f8,f28,f31	 f28:0x00000000 f31:0x40000000  f8=0x80000000
     250845.000 ns	     25083	80005354	c00873d3	fcvt.w.s	x7,f16	 f16:0x4c7fff34  x7=0x03fffcd0
     250865.000 ns	     25085	80005358	57987693	andi	x13,x16,1401	 x16:0x00000004 x13=0x00000000
     250875.000 ns	     25086	8000535c	01263633	sltu	x12,x12,x18	 x12:0x00000013 x18:0x972d21bc x12=0x00000001
     250885.000 ns	     25087	80005360	403bd093	srai	x1,x23,0x3	 x23:0x0001895b  x1=0x0000312b
     250905.000 ns	     25089	80005364	e00b0b53	fmv.x.w	x22,f22	 f22:0xf652f190 x22=0xf652f190
     250925.000 ns	     25091	80005368	015b8633	add	x12,x23,x21	 x23:0x0001895b x21:0x00000000 x12=0x0001895b
     250955.000 ns	     25094	8000536c	580413d3	fsqrt.s	f7,f8	  f8:0x80000000  f7=0x80000000
     250975.000 ns	     25096	80005370	a1930f93	addi	x31,x6,-1511	  x6:0x00000001 x31=0xfffffa1a
     250995.000 ns	     25098	80005374	d01470d3	fcvt.s.wu	f1,x8	  x8:0x00000000  f1=0x00000000
     251025.000 ns	     25101	80005378	f00e0a53	fmv.w.x	f20,x28	 x28:0xffffffff f20=0xffffffff
     251045.000 ns	     25103	8000537c	92372c37	lui	x24,0x92372	 x24=0x92372000
     251055.000 ns	     25104	80005380	0139d1b3	srl	x3,x19,x19	 x19:0x013d54da x19:0x013d54da  x3=0x00000000
     251065.000 ns	     25105	80005384	00b72f33	slt	x30,x14,x11	 x14:0x80041024 x11:0x00000001 x30=0x00000001
     251075.000 ns	     25106	80005388	ab7b7013	andi	x0,x22,-1353	 x22:0xf652f190
     251085.000 ns	     25107	8000538c	418100b3	sub	x1,x2,x24	  x2:0x80040fe4 x24:0x92372000  x1=0xedccefe4
     251105.000 ns	     25109	80005390	207b2753	fsgnjx.s	f14,f22,f7	 f22:0xf652f190  f7:0x80000000 f14=0x7652f190
     251125.000 ns	     25111	80005394	41f55293	srai	x5,x10,0x1f	 x10:0xe8d6f373  x5=0xffffffff
     251155.000 ns	     25114	80005398	10ed36d3	fmul.s	f13,f26,f14	 f26:0x4daa1c0f f14:0x7652f190 f13=0x7f800000
     251185.000 ns	     25117	8000539c	c0093653	fcvt.w.s	x12,f18	 f18:0x43ff8000 x12=0x000001ff
     251205.000 ns	     25119	800053a0	0092da93	srli	x21,x5,0x9	  x5:0xffffffff x21=0x007fffff
     251235.000 ns	     25122	800053a4	110cfc53	fmul.s	f24,f25,f16	 f25:0xf652f18f f16:0x4c7fff34 f24=0xff800000
     251255.000 ns	     25124	800053a8	00000013	addi	x0,x0,0	  x0:0x00000000
     251265.000 ns	     25125	800053ac	b27d4913	xori	x18,x26,-1241	 x26:0x00000000 x18=0xfffffb27
     251285.000 ns	     25127	800053b0	c003fad3	fcvt.w.s	x21,f7	  f7:0x80000000 x21=0x00000000
     251315.000 ns	     25130	800053b4	039e9033	mulh	x0,x29,x25	 x29:0x43ff0000 x25:0x00000000
     251335.000 ns	     25132	800053b8	28887e13	andi	x28,x16,648	 x16:0x00000004 x28=0x00000000
     251355.000 ns	     25134	800053bc	f00a03d3	fmv.w.x	f7,x20	 x20:0x00000000  f7=0x00000000
     251375.000 ns	     25136	800053c0	01fcab33	slt	x22,x25,x31	 x25:0x00000000 x31:0xfffffa1a x22=0x00000000
     251415.000 ns	     25140	800053c4	013678d3	fadd.s	f17,f12,f19	 f12:0xbf800000 f19:0xb5dfea2e f17=0xbf80000d
     251445.000 ns	     25143	800053c8	c01740d3	fcvt.wu.s	x1,f14	 f14:0x7652f190  x1=0xffffffff
     251465.000 ns	     25145	800053cc	4a3ea313	slti	x6,x29,1187	 x29:0x43ff0000  x6=0x00000000
     251475.000 ns	     25146	800053d0	489e3017	auipc	x0,0x489e3	
     251485.000 ns	     25147	800053d4	53d9e093	ori	x1,x19,1341	 x19:0x013d54da  x1=0x013d55ff
     251505.000 ns	     25149	800053d8	02b283b3	mul	x7,x5,x11	  x5:0xffffffff x11:0x00000001  x7=0xffffffff
     251545.000 ns	     25153	800053dc	198b7e53	fdiv.s	f28,f22,f24	 f22:0xf652f190 f24:0xff800000 f28=0x00000000
     251575.000 ns	     25156	800053e0	a0e40f53	fle.s	x30,f8,f14	  f8:0x80000000 f14:0x7652f190 x30=0x00000001
     251595.000 ns	     25158	800053e4	ae340493	addi	x9,x8,-1309	  x8:0x00000000  x9=0xfffffae3
     251615.000 ns	     25160	800053e8	a1d28453	fle.s	x8,f5,f29	  f5:0x3f800000 f29:0x4f800000  x8=0x00000001
     251645.000 ns	     25163	800053ec	020659b3	divu	x19,x12,x0	 x12:0x000001ff  x0:0x00000000 x19=0xffffffff
     251665.000 ns	     25165	800053f0	408355b3	sra	x11,x6,x8	  x6:0x00000000  x8:0x00000001 x11=0x00000000
     251675.000 ns	     25166	800053f4	01f41cb3	sll	x25,x8,x31	  x8:0x00000001 x31:0xfffffa1a x25=0x04000000
     251685.000 ns	     25167	800053f8	404fd913	srai	x18,x31,0x4	 x31:0xfffffa1a x18=0xffffffa1
     251695.000 ns	     25168	800053fc	004f38b3	sltu	x17,x30,x4	 x30:0x00000001  x4:0x00000001 x17=0x00000000
     251715.000 ns	     25170	80005400	a1caa253	feq.s	x4,f21,f28	 f21:0x00000000 f28:0x00000000  x4=0x00000001
     251765.000 ns	     25175	80005404	08a2c553	fsub.s	f10,f5,f10	  f5:0x3f800000 f10:0x41980000 f10=0xc1900000
     251805.000 ns	     25179	80005408	5808f653	fsqrt.s	f12,f17	 f17:0xbf80000d f12=0x7fc00000
     251835.000 ns	     25182	8000540c	21c51853	fsgnjn.s	f16,f10,f28	 f10:0xc1900000 f28:0x00000000 f16=0xc1900000
     251865.000 ns	     25185	80005410	a1299cd3	flt.s	x25,f19,f18	 f19:0xb5dfea2e f18:0x43ff8000 x25=0x00000001
     251885.000 ns	     25187	80005414	793f7093	andi	x1,x30,1939	 x30:0x00000001  x1=0x00000001
     251905.000 ns	     25189	80005418	025d33b3	mulhu	x7,x26,x5	 x26:0x00000000  x5:0xffffffff  x7=0x00000000
     251925.000 ns	     25191	8000541c	00c15013	srli	x0,x2,0xc	  x2:0x80040fe4
     251945.000 ns	     25193	80005420	03546bb3	rem	x23,x8,x21	  x8:0x00000001 x21:0x00000000 x23=0x00000001
     251975.000 ns	     25196	80005424	20fa24d3	fsgnjx.s	f9,f20,f15	 f20:0xffffffff f15:0x00000000  f9=0xffffffff
     251995.000 ns	     25198	80005428	6c475097	auipc	x1,0x6c475	  x1=0xec47a428
     252005.000 ns	     25199	8000542c	0135a8b3	slt	x17,x11,x19	 x11:0x00000000 x19:0xffffffff x17=0x00000000
     252025.000 ns	     25201	80005430	e0081ed3	fclass.s	x29,f16	 f16:0xc1900000 x29=0x00000002
     252045.000 ns	     25203	80005434	00e53ab3	sltu	x21,x10,x14	 x10:0xe8d6f373 x14:0x80041024 x21=0x00000000
     252055.000 ns	     25204	80005438	008d1533	sll	x10,x26,x8	 x26:0x00000000  x8:0x00000001 x10=0x00000000
     252065.000 ns	     25205	8000543c	51f0c313	xori	x6,x1,1311	  x1:0xec47a428  x6=0xec47a137
     252085.000 ns	     25207	80005440	03a93db3	mulhu	x27,x18,x26	 x18:0xffffffa1 x26:0x00000000 x27=0x00000000
     252115.000 ns	     25210	80005444	02fc1033	mulh	x0,x24,x15	 x24:0x92372000 x15:0x1e8402e3
     252145.000 ns	     25213	80005448	0398a3b3	mulhsu	x7,x17,x25	 x17:0x00000000 x25:0x00000001  x7=0x00000000
     252195.000 ns	     25218	8000544c	0180f2d3	fadd.s	f5,f1,f24	  f1:0x00000000 f24:0xff800000  f5=0xff800000
     252215.000 ns	     25220	80005450	00b2f9b3	and	x19,x5,x11	  x5:0xffffffff x11:0x00000000 x19=0x00000000
     252235.000 ns	     25222	80005454	c00089d3	fcvt.w.s	x19,f1	  f1:0x00000000 x19=0x00000000
     252255.000 ns	     25224	80005458	003c8db3	add	x27,x25,x3	 x25:0x00000001  x3:0x00000000 x27=0x00000001
     252275.000 ns	     25226	8000545c	a1a19ed3	flt.s	x29,f3,f26	  f3:0x7f800000 f26:0x4daa1c0f x29=0x00000000
     252325.000 ns	     25231	80005460	092b7b53	fsub.s	f22,f22,f18	 f22:0xf652f190 f18:0x43ff8000 f22=0xf652f190
     252355.000 ns	     25234	80005464	e00709d3	fmv.x.w	x19,f14	 f14:0x7652f190 x19=0x7652f190
     252375.000 ns	     25236	80005468	14ba0d93	addi	x27,x20,331	 x20:0x00000000 x27=0x0000014b
     252385.000 ns	     25237	8000546c	d1c63f13	sltiu	x30,x12,-740	 x12:0x000001ff x30=0x00000001
     252395.000 ns	     25238	80005470	58c28197	auipc	x3,0x58c28	  x3=0xd8c2d470
     252415.000 ns	     25240	80005474	03e73d33	mulhu	x26,x14,x30	 x14:0x80041024 x30:0x00000001 x26=0x00000000
     252435.000 ns	     25242	80005478	bd974b93	xori	x23,x14,-1063	 x14:0x80041024 x23=0x7ffbebfd
     252455.000 ns	     25244	8000547c	284f9c53	fmax.s	f24,f31,f4	 f31:0x40000000  f4:0x47c4ad80 f24=0x47c4ad80
     252475.000 ns	     25246	80005480	00755db3	srl	x27,x10,x7	 x10:0x00000000  x7:0x00000000 x27=0x00000000
     252495.000 ns	     25248	80005484	a1efa053	feq.s	x0,f31,f30	 f31:0x40000000 f30:0x1f350483
     252525.000 ns	     25251	80005488	03052533	mulhsu	x10,x10,x16	 x10:0x00000000 x16:0x00000004 x10=0x00000000
     252555.000 ns	     25254	8000548c	20d78453	fsgnj.s	f8,f15,f13	 f15:0x00000000 f13:0x7f800000  f8=0x00000000
     252585.000 ns	     25257	80005490	02a648b3	div	x17,x12,x10	 x12:0x000001ff x10:0x00000000 x17=0xffffffff
     252605.000 ns	     25259	80005494	0170e233	or	x4,x1,x23	  x1:0xec47a428 x23:0x7ffbebfd  x4=0xffffeffd
     252625.000 ns	     25261	80005498	e00a1953	fclass.s	x18,f20	 f20:0xffffffff x18=0x00000200
     252665.000 ns	     25265	8000549c	18d1f753	fdiv.s	f14,f3,f13	  f3:0x7f800000 f13:0x7f800000 f14=0x7fc00000
     252685.000 ns	     25267	800054a0	0195f7b3	and	x15,x11,x25	 x11:0x00000000 x25:0x00000001 x15=0x00000000
     252705.000 ns	     25269	800054a4	20612c53	fsgnjx.s	f24,f2,f6	  f2:0x7f800000  f6:0x00000000 f24=0x7f800000
     252745.000 ns	     25273	800054a8	58042ed3	fsqrt.s	f29,f8	  f8:0x00000000 f29=0x00000000
     252765.000 ns	     25275	800054ac	00ba32b3	sltu	x5,x20,x11	 x20:0x00000000 x11:0x00000000  x5=0x00000000
     252785.000 ns	     25277	800054b0	200589d3	fsgnj.s	f19,f11,f0	 f11:0x3bc1286a  f0:0x7ffffffc f19=0x3bc1286a
     252805.000 ns	     25279	800054b4	47b7fc13	andi	x24,x15,1147	 x15:0x00000000 x24=0x00000000
     253135.000 ns	     25312	800054b8	19a20753	fdiv.s	f14,f4,f26	  f4:0x47c4ad80 f26:0x4daa1c0f f14=0x3944ad80
     253155.000 ns	     25314	800054bc	0082e2b3	or	x5,x5,x8	  x5:0x00000000  x8:0x00000001  x5=0x00000001
     253175.000 ns	     25316	800054c0	0312a933	mulhsu	x18,x5,x17	  x5:0x00000000 x17:0xffffffff x18=0x00000000
     253205.000 ns	     25319	800054c4	28750253	fmin.s	f4,f10,f7	 f10:0xc1900000  f7:0x00000000  f4=0xc1900000
     253235.000 ns	     25322	800054c8	027200b3	mul	x1,x4,x7	  x4:0xffffeffd  x7:0x00000000  x1=0x00000000
     253275.000 ns	     25326	800054cc	104bf253	fmul.s	f4,f23,f4	 f23:0x4c7fff34  f4:0xc1900000  f4=0xce8fff8d
     253295.000 ns	     25328	800054d0	2c4fe493	ori	x9,x31,708	 x31:0xfffffa1a  x9=0xfffffade
     253305.000 ns	     25329	800054d4	7cb08013	addi	x0,x1,1995	  x1:0x00000000
     253665.000 ns	     25365	800054d8	039ff9b3	remu	x19,x31,x25	 x31:0xfffffa1a x25:0x00000001 x19=0x00000000
     254035.000 ns	     25402	800054dc	02895933	divu	x18,x18,x8	 x18:0x00000000  x8:0x00000001 x18=0x00000000
     254065.000 ns	     25405	800054e0	03835eb3	divu	x29,x6,x24	  x6:0xec47a137 x24:0x00000000 x29=0xffffffff
     254085.000 ns	     25407	800054e4	98106793	ori	x15,x0,-1663	  x0:0x00000000 x15=0xfffff981
     254115.000 ns	     25410	800054e8	10bf8cd3	fmul.s	f25,f31,f11	 f31:0x40000000 f11:0x3bc1286a f25=0x3c41286a
     254135.000 ns	     25412	800054ec	00e1dbb3	srl	x23,x3,x14	  x3:0xd8c2d470 x14:0x80041024 x23=0x0d8c2d47
     254155.000 ns	     25414	800054f0	20702c53	fsgnjx.s	f24,f0,f7	  f0:0x7ffffffc  f7:0x00000000 f24=0x7ffffffc
     254175.000 ns	     25416	800054f4	4093d433	sra	x8,x7,x9	  x7:0x00000000  x9:0xfffffade  x8=0x00000000
     254195.000 ns	     25418	800054f8	03042233	mulhsu	x4,x8,x16	  x8:0x00000001 x16:0x00000004  x4=0x00000000
     254225.000 ns	     25421	800054fc	29be14d3	fmax.s	f9,f28,f27	 f28:0x00000000 f27:0x4455c000  f9=0x4455c000
     254245.000 ns	     25423	80005500	01c42ab3	slt	x21,x8,x28	  x8:0x00000000 x28:0x00000000 x21=0x00000000
     254255.000 ns	     25424	80005504	db487893	andi	x17,x16,-588	 x16:0x00000004 x17=0x00000004
     254275.000 ns	     25426	80005508	02cb1b33	mulh	x22,x22,x12	 x22:0x00000000 x12:0x000001ff x22=0x00000000
     254305.000 ns	     25429	8000550c	0224a433	mulhsu	x8,x9,x2	  x9:0xfffffade  x2:0x80040fe4  x8=0xfffffd6e
     254335.000 ns	     25432	80005510	a0ca89d3	fle.s	x19,f21,f12	 f21:0x00000000 f12:0x7fc00000 x19=0x00000000
     254365.000 ns	     25435	80005514	29d80453	fmin.s	f8,f16,f29	 f16:0xc1900000 f29:0x00000000  f8=0xc1900000
     254395.000 ns	     25438	80005518	0279c533	div	x10,x19,x7	 x19:0x00000000  x7:0x00000000 x10=0xffffffff
     254425.000 ns	     25441	8000551c	20fd2a53	fsgnjx.s	f20,f26,f15	 f26:0x4daa1c0f f15:0x00000000 f20=0x4daa1c0f
     254455.000 ns	     25444	80005520	f0058ed3	fmv.w.x	f29,x11	 x11:0x00000000 f29=0x00000000
     254825.000 ns	     25481	80005524	0371f933	remu	x18,x3,x23	  x3:0xd8c2d470 x23:0x0d8c2d47 x18=0x00000000
     254855.000 ns	     25484	80005528	03b588b3	mul	x17,x11,x27	 x11:0x00000000 x27:0x00000000 x17=0x00000000
     254885.000 ns	     25487	8000552c	2040a5d3	fsgnjx.s	f11,f1,f4	  f1:0x00000000  f4:0xce8fff8d f11=0x80000000
     254915.000 ns	     25490	80005530	02b58633	mul	x12,x11,x11	 x11:0x00000000 x11:0x00000000 x12=0x00000000
     255255.000 ns	     25524	80005534	18e473d3	fdiv.s	f7,f8,f14	  f8:0xc1900000 f14:0x3944ad80  f7=0xc7cb1b78
     255285.000 ns	     25527	80005538	215d9c53	fsgnjn.s	f24,f27,f21	 f27:0x4455c000 f21:0x00000000 f24=0xc455c000
     255325.000 ns	     25531	8000553c	11b07453	fmul.s	f8,f0,f27	  f0:0x7ffffffc f27:0x4455c000  f8=0x7fc00000
     255345.000 ns	     25533	80005540	96537893	andi	x17,x6,-1691	  x6:0xec47a137 x17=0xec47a125
     255385.000 ns	     25537	80005544	01238553	fadd.s	f10,f7,f18	  f7:0xc7cb1b78 f18:0x43ff8000 f10=0xc7ca1bf8
     255405.000 ns	     25539	80005548	885d8013	addi	x0,x27,-1915	 x27:0x00000000
     255425.000 ns	     25541	8000554c	0242a433	mulhsu	x8,x5,x4	  x5:0x00000001  x4:0x00000000  x8=0x00000000
     255455.000 ns	     25544	80005550	022c84b3	mul	x9,x25,x2	 x25:0x00000001  x2:0x80040fe4  x9=0x80040fe4
     255475.000 ns	     25546	80005554	00d98033	add	x0,x19,x13	 x19:0x00000000 x13:0x00000000
     255495.000 ns	     25548	80005558	c0047453	fcvt.w.s	x8,f8	  f8:0x7fc00000  x8=0x7fffffff
     255515.000 ns	     25550	8000555c	00deab33	slt	x22,x29,x13	 x29:0xffffffff x13:0x00000000 x22=0x00000001
     255535.000 ns	     25552	80005560	021854b3	divu	x9,x16,x1	 x16:0x00000004  x1:0x00000000  x9=0xffffffff
     255565.000 ns	     25555	80005564	c01f3353	fcvt.wu.s	x6,f30	 f30:0x1f350483  x6=0x00000000
     255595.000 ns	     25558	80005568	c0197453	fcvt.wu.s	x8,f18	 f18:0x43ff8000  x8=0x000001ff
     255615.000 ns	     25560	8000556c	00e4bb33	sltu	x22,x9,x14	  x9:0xffffffff x14:0x80041024 x22=0x00000000
     255635.000 ns	     25562	80005570	02728f33	mul	x30,x5,x7	  x5:0x00000001  x7:0x00000000 x30=0x00000000
     255665.000 ns	     25565	80005574	d00f7c53	fcvt.s.w	f24,x30	 x30:0x00000001 f24=0x00000000
     255695.000 ns	     25568	80005578	d01278d3	fcvt.s.wu	f17,x4	  x4:0x00000000 f17=0x00000000
     255735.000 ns	     25572	8000557c	19d772d3	fdiv.s	f5,f14,f29	 f14:0x3944ad80 f29:0x00000000  f5=0x7f800000
     255765.000 ns	     25575	80005580	03b71033	mulh	x0,x14,x27	 x14:0x80041024 x27:0x00000000
     255795.000 ns	     25578	80005584	29898d53	fmin.s	f26,f19,f24	 f19:0x3bc1286a f24:0x00000000 f26=0x00000000
     255815.000 ns	     25580	80005588	3b1f3293	sltiu	x5,x30,945	 x30:0x00000000  x5=0x00000001
     255835.000 ns	     25582	8000558c	0254a2b3	mulhsu	x5,x9,x5	  x9:0xffffffff  x5:0x00000001  x5=0xffffffff
     256175.000 ns	     25616	80005590	19f99853	fdiv.s	f16,f19,f31	 f19:0x3bc1286a f31:0x40000000 f16=0x3acd4c1a
     256545.000 ns	     25653	80005594	022666b3	rem	x13,x12,x2	 x12:0x00000000  x2:0x80040fe4 x13=0x00000000
     256565.000 ns	     25655	80005598	01013d33	sltu	x26,x2,x16	  x2:0x80040fe4 x16:0x00000004 x26=0x00000000
     256575.000 ns	     25656	8000559c	00869c13	slli	x24,x13,0x8	 x13:0x00000000 x24=0x00000000
     256585.000 ns	     25657	800055a0	407eda13	srai	x20,x29,0x7	 x29:0xffffffff x20=0xffffffff
     256595.000 ns	     25658	800055a4	009bd9b3	srl	x19,x23,x9	 x23:0x0d8c2d47  x9:0xffffffff x19=0x00000000
     256615.000 ns	     25660	800055a8	03708433	mul	x8,x1,x23	  x1:0x00000000 x23:0x0d8c2d47  x8=0x00000000
     256635.000 ns	     25662	800055ac	00ac0bb3	add	x23,x24,x10	 x24:0x00000000 x10:0xffffffff x23=0xffffffff
     256645.000 ns	     25663	800055b0	015e9d33	sll	x26,x29,x21	 x29:0xffffffff x21:0x00000000 x26=0xffffffff
     256665.000 ns	     25665	800055b4	28c01053	fmax.s	f0,f0,f12	  f0:0x7ffffffc f12:0x7fc00000  f0=0x7fc00000
     256695.000 ns	     25668	800055b8	d01df053	fcvt.s.wu	f0,x27	 x27:0x00000000  f0=0x00000000
     256715.000 ns	     25670	800055bc	00555393	srli	x7,x10,0x5	 x10:0xffffffff  x7=0x07ffffff
     256735.000 ns	     25672	800055c0	03aa8e33	mul	x28,x21,x26	 x21:0x00000000 x26:0xffffffff x28=0x00000000
     256755.000 ns	     25674	800055c4	1c0f3513	sltiu	x10,x30,448	 x30:0x00000000 x10=0x00000001
     256785.000 ns	     25677	800055c8	107efb53	fmul.s	f22,f29,f7	 f29:0x00000000  f7:0xc7cb1b78 f22=0x80000000
     256805.000 ns	     25679	800055cc	242ba293	slti	x5,x23,578	 x23:0xffffffff  x5=0x00000001
     256815.000 ns	     25680	800055d0	008e68b3	or	x17,x28,x8	 x28:0x00000000  x8:0x00000000 x17=0x00000000
     256825.000 ns	     25681	800055d4	0497f093	andi	x1,x15,73	 x15:0xfffff981  x1=0x00000001
     256845.000 ns	     25683	800055d8	29ae0453	fmin.s	f8,f28,f26	 f28:0x00000000 f26:0x00000000  f8=0x00000000
     256875.000 ns	     25686	800055dc	e0040ed3	fmv.x.w	x29,f8	  f8:0x7fc00000 x29=0x00000000
     256905.000 ns	     25689	800055e0	c0114653	fcvt.wu.s	x12,f2	  f2:0x7f800000 x12=0xffffffff
     256935.000 ns	     25692	800055e4	28349553	fmax.s	f10,f9,f3	  f9:0x4455c000  f3:0x7f800000 f10=0x7f800000
     256965.000 ns	     25695	800055e8	d01f17d3	fcvt.s.wu	f15,x30	 x30:0x00000000 f15=0x00000000
     256995.000 ns	     25698	800055ec	02791633	mulh	x12,x18,x7	 x18:0x00000000  x7:0x07ffffff x12=0x00000000
     257025.000 ns	     25701	800055f0	a01793d3	flt.s	x7,f15,f1	 f15:0x00000000  f1:0x00000000  x7=0x00000000
     257055.000 ns	     25704	800055f4	f00a09d3	fmv.w.x	f19,x20	 x20:0xffffffff f19=0xffffffff
     257105.000 ns	     25709	800055f8	085142d3	fsub.s	f5,f2,f5	  f2:0x7f800000  f5:0x7f800000  f5=0x80000000
     257135.000 ns	     25712	800055fc	03a2a1b3	mulhsu	x3,x5,x26	  x5:0x00000001 x26:0xffffffff  x3=0x00000000
     257155.000 ns	     25714	80005600	c6d84f93	xori	x31,x16,-915	 x16:0x00000004 x31=0xfffffc69
     257175.000 ns	     25716	80005604	02658e33	mul	x28,x11,x6	 x11:0x00000000  x6:0x00000000 x28=0x00000000
     257545.000 ns	     25753	80005608	03a2c533	div	x10,x5,x26	  x5:0x00000001 x26:0xffffffff x10=0xffffffff
     257575.000 ns	     25756	8000560c	c014f253	fcvt.wu.s	x4,f9	  f9:0x4455c000  x4=0x00000357
     257605.000 ns	     25759	80005610	036b5333	divu	x6,x22,x22	 x22:0x00000000 x22:0x00000000  x6=0xffffffff
     257625.000 ns	     25761	80005614	01da6fb3	or	x31,x20,x29	 x20:0xffffffff x29:0x00000000 x31=0xffffffff
     257635.000 ns	     25762	80005618	00a795b3	sll	x11,x15,x10	 x15:0xfffff981 x10:0xffffffff x11=0x80000000
     257665.000 ns	     25765	8000561c	5801f153	fsqrt.s	f2,f3	  f3:0x7f800000  f2=0x7f800000
     258035.000 ns	     25802	80005620	02124e33	div	x28,x4,x1	  x4:0x00000357  x1:0x00000001 x28=0x00000357
     258055.000 ns	     25804	80005624	418c5f93	srai	x31,x24,0x18	 x24:0x00000000 x31=0x00000000
     258065.000 ns	     25805	80005628	410cd913	srai	x18,x25,0x10	 x25:0x00000001 x18=0x00000000
     258085.000 ns	     25807	8000562c	d00dbd53	fcvt.s.w	f26,x27	 x27:0x00000000 f26=0x00000000
     258105.000 ns	     25809	80005630	419c0eb3	sub	x29,x24,x25	 x24:0x00000000 x25:0x00000001 x29=0xffffffff
     258465.000 ns	     25845	80005634	0210ddb3	divu	x27,x1,x1	  x1:0x00000001  x1:0x00000001 x27=0x00000001
     258485.000 ns	     25847	80005638	00f0a633	slt	x12,x1,x15	  x1:0x00000001 x15:0xfffff981 x12=0x00000000
     258495.000 ns	     25848	8000563c	937cb513	sltiu	x10,x25,-1737	 x25:0x00000001 x10=0x00000001
     258505.000 ns	     25849	80005640	00000013	addi	x0,x0,0	  x0:0x00000000
     258525.000 ns	     25851	80005644	c01ff653	fcvt.wu.s	x12,f31	 f31:0x40000000 x12=0x00000002
     258545.000 ns	     25853	80005648	013533b3	sltu	x7,x10,x19	 x10:0x00000001 x19:0x00000000  x7=0x00000000
     258565.000 ns	     25855	8000564c	02f5abb3	mulhsu	x23,x11,x15	 x11:0x80000000 x15:0xfffff981 x23=0x8000033f
     258615.000 ns	     25860	80005650	018f7d53	fadd.s	f26,f30,f24	 f30:0x1f350483 f24:0x00000000 f26=0x1f350483
     258635.000 ns	     25862	80005654	4060dfb3	sra	x31,x1,x6	  x1:0x00000001  x6:0xffffffff x31=0x00000000
     258645.000 ns	     25863	80005658	46092193	slti	x3,x18,1120	 x18:0x00000000  x3=0x00000001
     258655.000 ns	     25864	8000565c	41a25a33	sra	x20,x4,x26	  x4:0x00000357 x26:0xffffffff x20=0x00000000
     258665.000 ns	     25865	80005660	48346597	auipc	x11,0x48346	 x11=0xc834b660
     258675.000 ns	     25866	80005664	0167f8b3	and	x17,x15,x22	 x15:0xfffff981 x22:0x00000000 x17=0x00000000
     258695.000 ns	     25868	80005668	28c807d3	fmin.s	f15,f16,f12	 f16:0x3acd4c1a f12:0x7fc00000 f15=0x3acd4c1a
     258725.000 ns	     25871	8000566c	f00c0553	fmv.w.x	f10,x24	 x24:0x00000000 f10=0x00000000
     258755.000 ns	     25874	80005670	03cd06b3	mul	x13,x26,x28	 x26:0xffffffff x28:0x00000357 x13=0xfffffca9
     258775.000 ns	     25876	80005674	408184b3	sub	x9,x3,x8	  x3:0x00000001  x8:0x00000000  x9=0x00000001
     258785.000 ns	     25877	80005678	4174d293	srai	x5,x9,0x17	  x9:0xffffffff  x5=0x00000000
     258825.000 ns	     25881	8000567c	09a4bcd3	fsub.s	f25,f9,f26	  f9:0x4455c000 f26:0x1f350483 f25=0x4455c000
     258845.000 ns	     25883	80005680	3557b693	sltiu	x13,x15,853	 x15:0xfffff981 x13=0x00000000
     258865.000 ns	     25885	80005684	21f189d3	fsgnj.s	f19,f3,f31	  f3:0x7f800000 f31:0x40000000 f19=0x7f800000
     259235.000 ns	     25922	80005688	0306cdb3	div	x27,x13,x16	 x13:0xfffffca9 x16:0x00000004 x27=0x00000000
     260415.000 ns	     26040	8000568c	580d3d53	fsqrt.s	f26,f26	 f26:0x1f350483 f26=0x2effff26
     260435.000 ns	     26042	80005690	016201b3	add	x3,x4,x22	  x4:0x00000357 x22:0x00000000  x3=0x00000357
     260455.000 ns	     26044	80005694	a13b97d3	flt.s	x15,f23,f19	 f23:0x4c7fff34 f19:0x7f800000 x15=0x00000001
     260505.000 ns	     26049	80005698	09797a53	fsub.s	f20,f18,f23	 f18:0x43ff8000 f23:0x4c7fff34 f20=0xcc7ffeb4
     260535.000 ns	     26052	8000569c	d01db6d3	fcvt.s.wu	f13,x27	 x27:0x00000000 f13=0x00000000
     260555.000 ns	     26054	800056a0	016f1c33	sll	x24,x30,x22	 x30:0x00000000 x22:0x00000000 x24=0x00000000
     260595.000 ns	     26058	800056a4	01adc0d3	fadd.s	f1,f27,f26	 f27:0x4455c000 f26:0x2effff26  f1=0x4455c000
     260965.000 ns	     26095	800056a8	026dd3b3	divu	x7,x27,x6	 x27:0x00000000  x6:0xffffffff  x7=0x00000000
     260995.000 ns	     26098	800056ac	c00a0c53	fcvt.w.s	x24,f20	 f20:0xcc7ffeb4 x24=0xfc000530
     261015.000 ns	     26100	800056b0	004eabb3	slt	x23,x29,x4	 x29:0xffffffff  x4:0x00000357 x23=0x00000001
     261055.000 ns	     26104	800056b4	09cd7453	fsub.s	f8,f26,f28	 f26:0x2effff26 f28:0x00000000  f8=0x2effff26
     261085.000 ns	     26107	800056b8	0354b433	mulhu	x8,x9,x21	  x9:0x00000001 x21:0x00000000  x8=0x00000000
     261105.000 ns	     26109	800056bc	01c696b3	sll	x13,x13,x28	 x13:0x00000000 x28:0x00000357 x13=0x00000000
     261115.000 ns	     26110	800056c0	85a74913	xori	x18,x14,-1958	 x14:0x80041024 x18=0x7ffbe87e
     261135.000 ns	     26112	800056c4	f0080fd3	fmv.w.x	f31,x16	 x16:0x00000004 f31=0x00000004
     261155.000 ns	     26114	800056c8	00ea1a13	slli	x20,x20,0xe	 x20:0x00000000 x20=0x00000000
     261195.000 ns	     26118	800056cc	011719d3	fadd.s	f19,f14,f17	 f14:0x3944ad80 f17:0x00000000 f19=0x3944ad80
     261225.000 ns	     26121	800056d0	a1d28953	fle.s	x18,f5,f29	  f5:0x80000000 f29:0x00000000 x18=0x00000001
     261245.000 ns	     26123	800056d4	4ec2cf13	xori	x30,x5,1260	  x5:0x00000000 x30=0x000004ec
     261255.000 ns	     26124	800056d8	40995033	sra	x0,x18,x9	 x18:0x00000001  x9:0x00000001
     261275.000 ns	     26126	800056dc	29d90b53	fmin.s	f22,f18,f29	 f18:0x43ff8000 f29:0x00000000 f22=0x00000000
     261645.000 ns	     26163	800056e0	02fcfdb3	remu	x27,x25,x15	 x25:0x00000001 x15:0x00000001 x27=0x00000000
     261665.000 ns	     26165	800056e4	9af88993	addi	x19,x17,-1617	 x17:0x00000000 x19=0xfffff9af
     261685.000 ns	     26167	800056e8	2065a0d3	fsgnjx.s	f1,f11,f6	 f11:0x80000000  f6:0x00000000  f1=0x80000000
     261705.000 ns	     26169	800056ec	41398b33	sub	x22,x19,x19	 x19:0x00000000 x19:0x00000000 x22=0x00000000
     261715.000 ns	     26170	800056f0	01fd1db3	sll	x27,x26,x31	 x26:0xffffffff x31:0x00000000 x27=0xffffffff
     261725.000 ns	     26171	800056f4	76ebaf93	slti	x31,x23,1902	 x23:0x00000001 x31=0x00000001
     261745.000 ns	     26173	800056f8	a16f0c53	fle.s	x24,f30,f22	 f30:0x1f350483 f22:0x00000000 x24=0x00000000
     261775.000 ns	     26176	800056fc	e0050653	fmv.x.w	x12,f10	 f10:0x00000000 x12=0x00000000
     261805.000 ns	     26179	80005700	c00a3d53	fcvt.w.s	x26,f20	 f20:0xcc7ffeb4 x26=0xfc000530
     261825.000 ns	     26181	80005704	0163da93	srli	x21,x7,0x16	  x7:0x00000000 x21=0x00000000
     261845.000 ns	     26183	80005708	a1c78fd3	fle.s	x31,f15,f28	 f15:0x3acd4c1a f28:0x00000000 x31=0x00000000
     261875.000 ns	     26186	8000570c	03e61033	mulh	x0,x12,x30	 x12:0x00000000 x30:0x000004ec
     261895.000 ns	     26188	80005710	586623b7	lui	x7,0x58662	  x7=0x58662000
     261925.000 ns	     26191	80005714	190e8d53	fdiv.s	f26,f29,f16	 f29:0x00000000 f16:0x3acd4c1a f26=0x00000000
     261955.000 ns	     26194	80005718	a0cd98d3	flt.s	x17,f27,f12	 f27:0x4455c000 f12:0x7fc00000 x17=0x00000000
     261985.000 ns	     26197	8000571c	e0099653	fclass.s	x12,f19	 f19:0x3944ad80 x12=0x00000040
     262005.000 ns	     26199	80005720	888eaa13	slti	x20,x29,-1912	 x29:0xffffffff x20=0x00000000
     262015.000 ns	     26200	80005724	00326293	ori	x5,x4,3	  x4:0x00000357  x5=0x00000357
     262025.000 ns	     26201	80005728	00000013	addi	x0,x0,0	  x0:0x00000000
     262045.000 ns	     26203	8000572c	208a1ed3	fsgnjn.s	f29,f20,f8	 f20:0xcc7ffeb4  f8:0x2effff26 f29=0xcc7ffeb4
     262065.000 ns	     26205	80005730	00000013	addi	x0,x0,0	  x0:0x00000000
     262075.000 ns	     26206	80005734	1d388e13	addi	x28,x17,467	 x17:0x00000000 x28=0x000001d3
     262085.000 ns	     26207	80005738	2a2e3e13	sltiu	x28,x28,674	 x28:0x00000357 x28=0x00000001
     262095.000 ns	     26208	8000573c	014869b3	or	x19,x16,x20	 x16:0x00000004 x20:0x00000000 x19=0x00000004
     262115.000 ns	     26210	80005740	a0c524d3	feq.s	x9,f10,f12	 f10:0x00000000 f12:0x7fc00000  x9=0x00000000
     263295.000 ns	     26328	80005744	5804cf53	fsqrt.s	f30,f9	  f9:0x4455c000 f30=0x419724e3
     263315.000 ns	     26330	80005748	00fbcbb3	xor	x23,x23,x15	 x23:0x00000001 x15:0x00000001 x23=0x00000000
     263335.000 ns	     26332	8000574c	a15913d3	flt.s	x7,f18,f21	 f18:0x43ff8000 f21:0x00000000  x7=0x00000000
     263355.000 ns	     26334	80005750	017bbdb3	sltu	x27,x23,x23	 x23:0x00000001 x23:0x00000001 x27=0x00000000
     263365.000 ns	     26335	80005754	25cff413	andi	x8,x31,604	 x31:0x00000000  x8=0x00000000
     263375.000 ns	     26336	80005758	f175ed13	ori	x26,x11,-233	 x11:0xc834b660 x26=0xffffff77
     263385.000 ns	     26337	8000575c	40225b33	sra	x22,x4,x2	  x4:0x00000357  x2:0x80040fe4 x22=0x00000035
     263405.000 ns	     26339	80005760	21b99753	fsgnjn.s	f14,f19,f27	 f19:0x3944ad80 f27:0x4455c000 f14=0xb944ad80
     263425.000 ns	     26341	80005764	e7b28a97	auipc	x21,0xe7b28	 x21=0x67b2d764
     263435.000 ns	     26342	80005768	0093bb33	sltu	x22,x7,x9	  x7:0x00000000  x9:0x00000000 x22=0x00000000
     263465.000 ns	     26345	8000576c	10a9f453	fmul.s	f8,f19,f10	 f19:0x3944ad80 f10:0x00000000  f8=0x00000000
     263495.000 ns	     26348	80005770	c0151cd3	fcvt.wu.s	x25,f10	 f10:0x00000000 x25=0x00000000
     263515.000 ns	     26350	80005774	54245317	auipc	x6,0x54245	  x6=0xd424a774
     263525.000 ns	     26351	80005778	01b2b8b3	sltu	x17,x5,x27	  x5:0x00000357 x27:0x00000000 x17=0x00000000
     263535.000 ns	     26352	8000577c	41308633	sub	x12,x1,x19	  x1:0x00000001 x19:0x00000004 x12=0xfffffffd
     263555.000 ns	     26354	80005780	f00486d3	fmv.w.x	f13,x9	  x9:0x00000000 f13=0x00000000
     263585.000 ns	     26357	80005784	e00310d3	fclass.s	x1,f6	  f6:0x00000000  x1=0x00000010
     263615.000 ns	     26360	80005788	a1121453	flt.s	x8,f4,f17	  f4:0xce8fff8d f17:0x00000000  x8=0x00000001
     263645.000 ns	     26363	8000578c	e0038ed3	fmv.x.w	x29,f7	  f7:0xc7cb1b78 x29=0xc7cb1b78
     263675.000 ns	     26366	80005790	029bad33	mulhsu	x26,x23,x9	 x23:0x00000000  x9:0x00000000 x26=0x00000000
     263695.000 ns	     26368	80005794	00000013	addi	x0,x0,0	  x0:0x00000000
     263715.000 ns	     26370	80005798	c01072d3	fcvt.wu.s	x5,f0	  f0:0x00000000  x5=0x00000000
     263735.000 ns	     26372	8000579c	00fa61b3	or	x3,x20,x15	 x20:0x00000000 x15:0x00000001  x3=0x00000001
     263755.000 ns	     26374	800057a0	03222d33	mulhsu	x26,x4,x18	  x4:0x00000357 x18:0x00000001 x26=0x00000000
     263775.000 ns	     26376	800057a4	b98d7293	andi	x5,x26,-1128	 x26:0x00000000  x5=0x00000000
     263785.000 ns	     26377	800057a8	827d0593	addi	x11,x26,-2009	 x26:0x00000000 x11=0xfffff827
     263795.000 ns	     26378	800057ac	cac3b513	sltiu	x10,x7,-852	  x7:0x00000000 x10=0x00000001
     263815.000 ns	     26380	800057b0	028989b3	mul	x19,x19,x8	 x19:0x00000004  x8:0x00000001 x19=0x00000004
     263845.000 ns	     26383	800057b4	20a78953	fsgnj.s	f18,f15,f10	 f15:0x3acd4c1a f10:0x00000000 f18=0x3acd4c1a
     263875.000 ns	     26386	800057b8	a09622d3	feq.s	x5,f12,f9	 f12:0x7fc00000  f9:0x4455c000  x5=0x00000000
     263895.000 ns	     26388	800057bc	2d0c0313	addi	x6,x24,720	 x24:0x00000000  x6=0x000002d0
     263905.000 ns	     26389	800057c0	00000013	addi	x0,x0,0	  x0:0x00000000
     263915.000 ns	     26390	800057c4	01a7a933	slt	x18,x15,x26	 x15:0x00000001 x26:0x00000000 x18=0x00000000
     263935.000 ns	     26392	800057c8	0256bdb3	mulhu	x27,x13,x5	 x13:0x00000000  x5:0x00000000 x27=0x00000000
     263965.000 ns	     26395	800057cc	e0000f53	fmv.x.w	x30,f0	  f0:0x00000000 x30=0x00000000
     263985.000 ns	     26397	800057d0	0044a233	slt	x4,x9,x4	  x9:0x00000000  x4:0x00000357  x4=0x00000001
     263995.000 ns	     26398	800057d4	0064a9b3	slt	x19,x9,x6	  x9:0x00000000  x6:0x000002d0 x19=0x00000001
     264005.000 ns	     26399	800057d8	404388b3	sub	x17,x7,x4	  x7:0x00000000  x4:0x00000357 x17=0xffffffff
     264015.000 ns	     26400	800057dc	0054db93	srli	x23,x9,0x5	  x9:0x00000000 x23=0x00000000
     264375.000 ns	     26436	800057e0	02ffedb3	rem	x27,x31,x15	 x31:0x00000000 x15:0x00000001 x27=0x00000000
     264395.000 ns	     26438	800057e4	41205913	srai	x18,x0,0x12	  x0:0x00000000 x18=0x00000000
     264415.000 ns	     26440	800057e8	e00d9a53	fclass.s	x20,f27	 f27:0x4455c000 x20=0x00000040
     264445.000 ns	     26443	800057ec	293d9553	fmax.s	f10,f27,f19	 f27:0x4455c000 f19:0x3944ad80 f10=0x4455c000
     264465.000 ns	     26445	800057f0	012063b3	or	x7,x0,x18	  x0:0x00000000 x18:0x00000000  x7=0x00000000
     264485.000 ns	     26447	800057f4	03af0033	mul	x0,x30,x26	 x30:0x00000000 x26:0x00000000
     264515.000 ns	     26450	800057f8	e0060f53	fmv.x.w	x30,f12	 f12:0x7fc00000 x30=0x7fc00000
     264535.000 ns	     26452	800057fc	cf762a17	auipc	x20,0xcf762	 x20=0x4f7677fc
     264545.000 ns	     26453	80005800	0144dc33	srl	x24,x9,x20	  x9:0x00000000 x20:0x00000040 x24=0x00000000
     264555.000 ns	     26454	80005804	d3010313	addi	x6,x2,-720	  x2:0x80040fe4  x6=0x80040d14
     264915.000 ns	     26490	80005808	03d8eb33	rem	x22,x17,x29	 x17:0xffffffff x29:0xc7cb1b78 x22=0xffffffff
     264935.000 ns	     26492	8000580c	a5737c93	andi	x25,x6,-1449	  x6:0x000002d0 x25=0x80040814
     264945.000 ns	     26493	80005810	0008eab3	or	x21,x17,x0	 x17:0xffffffff  x0:0x00000000 x21=0xffffffff
     264965.000 ns	     26495	80005814	20278c53	fsgnj.s	f24,f15,f2	 f15:0x3acd4c1a  f2:0x7f800000 f24=0x3acd4c1a
     265005.000 ns	     26499	80005818	105bc453	fmul.s	f8,f23,f5	 f23:0x4c7fff34  f5:0x80000000  f8=0x80000000
     265035.000 ns	     26502	8000581c	d000c953	fcvt.s.w	f18,x1	  x1:0x00000010 f18=0x41800000
     265405.000 ns	     26539	80005820	02e065b3	rem	x11,x0,x14	  x0:0x00000000 x14:0x80041024 x11=0x00000000
     265435.000 ns	     26542	80005824	d0067653	fcvt.s.w	f12,x12	 x12:0xfffffffd f12=0xc0400000
     265465.000 ns	     26545	80005828	a15586d3	fle.s	x13,f11,f21	 f11:0x80000000 f21:0x00000000 x13=0x00000001
     265495.000 ns	     26548	8000582c	a0b924d3	feq.s	x9,f18,f11	 f18:0x41800000 f11:0x80000000  x9=0x00000000
     265515.000 ns	     26550	80005830	417357b3	sra	x15,x6,x23	  x6:0x80040d14 x23:0x00000000 x15=0x80040d14
     265525.000 ns	     26551	80005834	01081613	slli	x12,x16,0x10	 x16:0x00000004 x12=0x00040000
     265535.000 ns	     26552	80005838	006e96b3	sll	x13,x29,x6	 x29:0xc7cb1b78  x6:0x80040d14 x13=0xb7800000
     265555.000 ns	     26554	8000583c	02babb33	mulhu	x22,x21,x11	 x21:0xffffffff x11:0x00000000 x22=0x00000000
     265585.000 ns	     26557	80005840	2031afd3	fsgnjx.s	f31,f3,f3	  f3:0x7f800000  f3:0x7f800000 f31=0x7f800000
     265635.000 ns	     26562	80005844	00f3f3d3	fadd.s	f7,f7,f15	  f7:0xc7cb1b78 f15:0x3acd4c1a  f7=0xc7cb1b77
     266005.000 ns	     26599	80005848	0260ea33	rem	x20,x1,x6	  x1:0x00000010  x6:0x80040d14 x20=0x00000010
     266025.000 ns	     26601	8000584c	00f0cfb3	xor	x31,x1,x15	  x1:0x00000010 x15:0x80040d14 x31=0x80040d04
     266035.000 ns	     26602	80005850	019234b3	sltu	x9,x4,x25	  x4:0x00000001 x25:0x80040814  x9=0x00000001
     266055.000 ns	     26604	80005854	a0e520d3	feq.s	x1,f10,f14	 f10:0x4455c000 f14:0xb944ad80  x1=0x00000000
     266085.000 ns	     26607	80005858	e00a8253	fmv.x.w	x4,f21	 f21:0x00000000  x4=0x00000000
     266115.000 ns	     26610	8000585c	28d98dd3	fmin.s	f27,f19,f13	 f19:0x3944ad80 f13:0x00000000 f27=0x00000000
     266135.000 ns	     26612	80005860	41d681b3	sub	x3,x13,x29	 x13:0xb7800000 x29:0xc7cb1b78  x3=0xefb4e488
     266155.000 ns	     26614	80005864	284313d3	fmax.s	f7,f6,f4	  f6:0x00000000  f4:0xce8fff8d  f7=0x00000000
     266185.000 ns	     26617	80005868	02e73a33	mulhu	x20,x14,x14	 x14:0x80041024 x14:0x80041024 x20=0x40041034
     266215.000 ns	     26620	8000586c	29c71e53	fmax.s	f28,f14,f28	 f14:0xb944ad80 f28:0x00000000 f28=0x00000000
     266245.000 ns	     26623	80005870	21dd8553	fsgnj.s	f10,f27,f29	 f27:0x00000000 f29:0xcc7ffeb4 f10=0x80000000
     266275.000 ns	     26626	80005874	0349a3b3	mulhsu	x7,x19,x20	 x19:0x00000001 x20:0x40041034  x7=0x00000000
     266305.000 ns	     26629	80005878	024f5d33	divu	x26,x30,x4	 x30:0x7fc00000  x4:0x00000000 x26=0xffffffff
     266325.000 ns	     26631	8000587c	0207c613	xori	x12,x15,32	 x15:0x80040d14 x12=0x80040d34
     266335.000 ns	     26632	80005880	26428a13	addi	x20,x5,612	  x5:0x00000000 x20=0x00000264
     266355.000 ns	     26634	80005884	02a826b3	mulhsu	x13,x16,x10	 x16:0x00000004 x10:0x00000001 x13=0x00000000
     266385.000 ns	     26637	80005888	d0189f53	fcvt.s.wu	f30,x17	 x17:0xffffffff f30=0x4f7fffff
     266415.000 ns	     26640	8000588c	a0f31453	flt.s	x8,f6,f15	  f6:0x00000000 f15:0x3acd4c1a  x8=0x00000001
     266445.000 ns	     26643	80005890	023713b3	mulh	x7,x14,x3	 x14:0x80041024  x3:0xefb4e488  x7=0x08254b88
     267625.000 ns	     26761	80005894	58090ed3	fsqrt.s	f29,f18	 f18:0x41800000 f29=0x407fffae
     267645.000 ns	     26763	80005898	005d6c33	or	x24,x26,x5	 x26:0xffffffff  x5:0x00000000 x24=0xffffffff
     267655.000 ns	     26764	8000589c	01465d13	srli	x26,x12,0x14	 x12:0x80040d34 x26=0x00000800
     267665.000 ns	     26765	800058a0	01d255b3	srl	x11,x4,x29	  x4:0x00000000 x29:0xc7cb1b78 x11=0x00000000
     267685.000 ns	     26767	800058a4	203c2953	fsgnjx.s	f18,f24,f3	 f24:0x3acd4c1a  f3:0x7f800000 f18=0x3acd4c1a
     268055.000 ns	     26804	800058a8	03cef0b3	remu	x1,x29,x28	 x29:0xc7cb1b78 x28:0x00000001  x1=0x00000000
     268425.000 ns	     26841	800058ac	03d14333	div	x6,x2,x29	  x2:0x80040fe4 x29:0xc7cb1b78  x6=0x00000002
     268455.000 ns	     26844	800058b0	a1d683d3	fle.s	x7,f13,f29	 f13:0x00000000 f29:0x407fffae  x7=0x00000001
     268485.000 ns	     26847	800058b4	d00d19d3	fcvt.s.w	f19,x26	 x26:0x00000800 f19=0x45000000
     268515.000 ns	     26850	800058b8	28b40dd3	fmin.s	f27,f8,f11	  f8:0x80000000 f11:0x80000000 f27=0x80000000
     268545.000 ns	     26853	800058bc	29ec8bd3	fmin.s	f23,f25,f30	 f25:0x4455c000 f30:0x4f7fffff f23=0x4455c000
     268575.000 ns	     26856	800058c0	c008b253	fcvt.w.s	x4,f17	 f17:0x00000000  x4=0x00000000
     268605.000 ns	     26859	800058c4	e00984d3	fmv.x.w	x9,f19	 f19:0x45000000  x9=0x45000000
     268625.000 ns	     26861	800058c8	78004613	xori	x12,x0,1920	  x0:0x00000000 x12=0x00000780
     268635.000 ns	     26862	800058cc	41d7d413	srai	x8,x15,0x1d	 x15:0x80040d14  x8=0xfffffffc
     268655.000 ns	     26864	800058d0	29860753	fmin.s	f14,f12,f24	 f12:0xc0400000 f24:0x3acd4c1a f14=0xc0400000
     268685.000 ns	     26867	800058d4	e00314d3	fclass.s	x9,f6	  f6:0x00000000  x9=0x00000010
     268705.000 ns	     26869	800058d8	96287593	andi	x11,x16,-1694	 x16:0x00000004 x11=0x00000000
     268715.000 ns	     26870	800058dc	997c2a93	slti	x21,x24,-1641	 x24:0xffffffff x21=0x00000000
     268755.000 ns	     26874	800058e0	09d07053	fsub.s	f0,f0,f29	  f0:0x00000000 f29:0x407fffae  f0=0xc07fffae
     269125.000 ns	     26911	800058e4	03a6feb3	remu	x29,x13,x26	 x13:0x00000000 x26:0x00000800 x29=0x00000000
     269155.000 ns	     26914	800058e8	2059a8d3	fsgnjx.s	f17,f19,f5	 f19:0x45000000  f5:0x80000000 f17=0xc5000000
     269185.000 ns	     26917	800058ec	a102ac53	feq.s	x24,f5,f16	  f5:0x80000000 f16:0x3acd4c1a x24=0x00000000
     269215.000 ns	     26920	800058f0	02382433	mulhsu	x8,x16,x3	 x16:0x00000004  x3:0xefb4e488  x8=0x00000003
     269255.000 ns	     26924	800058f4	10407ed3	fmul.s	f29,f0,f4	  f0:0xc07fffae  f4:0xce8fff8d f29=0x4f8fff5f
     269285.000 ns	     26927	800058f8	c01cffd3	fcvt.wu.s	x31,f25	 f25:0x4455c000 x31=0x00000357
     269305.000 ns	     26929	800058fc	fec84393	xori	x7,x16,-20	 x16:0x00000004  x7=0xffffffe8
     269325.000 ns	     26931	80005900	035426b3	mulhsu	x13,x8,x21	  x8:0x00000003 x21:0x00000000 x13=0x00000000
     269345.000 ns	     26933	80005904	01152933	slt	x18,x10,x17	 x10:0x00000001 x17:0xffffffff x18=0x00000000
     269365.000 ns	     26935	80005908	a0958bd3	fle.s	x23,f11,f9	 f11:0x80000000  f9:0x4455c000 x23=0x00000001
     269735.000 ns	     26972	8000590c	02fec0b3	div	x1,x29,x15	 x29:0x00000000 x15:0x80040d14  x1=0x00000000
     269765.000 ns	     26975	80005910	213e85d3	fsgnj.s	f11,f29,f19	 f29:0x4f8fff5f f19:0x45000000 f11=0x4f8fff5f
     269795.000 ns	     26978	80005914	0309bab3	mulhu	x21,x19,x16	 x19:0x00000001 x16:0x00000004 x21=0x00000000
     269825.000 ns	     26981	80005918	e00b9c53	fclass.s	x24,f23	 f23:0x4455c000 x24=0x00000040
     270195.000 ns	     27018	8000591c	030c6633	rem	x12,x24,x16	 x24:0x00000000 x16:0x00000004 x12=0x00000000
     270215.000 ns	     27020	80005920	01865c33	srl	x24,x12,x24	 x12:0x00000780 x24:0x00000040 x24=0x00000000
     270255.000 ns	     27024	80005924	09510453	fsub.s	f8,f2,f21	  f2:0x7f800000 f21:0x00000000  f8=0x7f800000
     270285.000 ns	     27027	80005928	f0018bd3	fmv.w.x	f23,x3	  x3:0xefb4e488 f23=0xefb4e488
     270305.000 ns	     27029	8000592c	e0cb6893	ori	x17,x22,-500	 x22:0x00000000 x17=0xfffffe0c
     270325.000 ns	     27031	80005930	d0108dd3	fcvt.s.wu	f27,x1	  x1:0x00000000 f27=0x00000000
     270355.000 ns	     27034	80005934	03a89f33	mulh	x30,x17,x26	 x17:0xffffffff x26:0x00000800 x30=0xffffffff
     270375.000 ns	     27036	80005938	410384b3	sub	x9,x7,x16	  x7:0xffffffe8 x16:0x00000004  x9=0xffffffe4
     270385.000 ns	     27037	8000593c	9f7cf493	andi	x9,x25,-1545	 x25:0x80040814  x9=0x80040814
     270425.000 ns	     27041	80005940	095fa653	fsub.s	f12,f31,f21	 f31:0x7f800000 f21:0x00000000 f12=0x7f800000
     270445.000 ns	     27043	80005944	cec9bb93	sltiu	x23,x19,-788	 x19:0x00000001 x23=0x00000001
     270465.000 ns	     27045	80005948	c00d7d53	fcvt.w.s	x26,f26	 f26:0x00000000 x26=0x00000000
     270485.000 ns	     27047	8000594c	519e4b97	auipc	x23,0x519e4	 x23=0xd19e994c
     270495.000 ns	     27048	80005950	006dcf33	xor	x30,x27,x6	 x27:0x00000000  x6:0x00000002 x30=0x00000002
     270515.000 ns	     27050	80005954	21c62c53	fsgnjx.s	f24,f12,f28	 f12:0x7f800000 f28:0x00000000 f24=0x7f800000
     270545.000 ns	     27053	80005958	0203c033	div	x0,x7,x0	  x7:0xffffffe8  x0:0x00000000
     270575.000 ns	     27056	8000595c	03aadf33	divu	x30,x21,x26	 x21:0x00000000 x26:0x00000000 x30=0xffffffff
     270605.000 ns	     27059	80005960	28031c53	fmax.s	f24,f6,f0	  f6:0x00000000  f0:0xc07fffae f24=0x00000000
     270625.000 ns	     27061	80005964	231f0a97	auipc	x21,0x231f0	 x21=0xa31f5964
     270635.000 ns	     27062	80005968	40ec8db3	sub	x27,x25,x14	 x25:0x80040814 x14:0x80041024 x27=0xfffff7f0
     270655.000 ns	     27064	8000596c	024003b3	mul	x7,x0,x4	  x0:0x00000000  x4:0x00000000  x7=0x00000000
     270685.000 ns	     27067	80005970	0205cc33	div	x24,x11,x0	 x11:0x00000000  x0:0x00000000 x24=0xffffffff
     270735.000 ns	     27072	80005974	014642d3	fadd.s	f5,f12,f20	 f12:0x7f800000 f20:0xcc7ffeb4  f5=0x7f800000
     270755.000 ns	     27074	80005978	01111993	slli	x19,x2,0x11	  x2:0x80040fe4 x19=0x1fc80000
     270765.000 ns	     27075	8000597c	36a3f693	andi	x13,x7,874	  x7:0x00000000 x13=0x00000000
     270805.000 ns	     27079	80005980	0127fd53	fadd.s	f26,f15,f18	 f15:0x3acd4c1a f18:0x3acd4c1a f26=0x3b4d4c1a
     270825.000 ns	     27081	80005984	41640b33	sub	x22,x8,x22	  x8:0x00000003 x22:0x00000000 x22=0x00000003
     270845.000 ns	     27083	80005988	a07a2053	feq.s	x0,f20,f7	 f20:0xcc7ffeb4  f7:0x00000000
     270865.000 ns	     27085	8000598c	016441b3	xor	x3,x8,x22	  x8:0x00000003 x22:0x00000000  x3=0x00000000
     270885.000 ns	     27087	80005990	036923b3	mulhsu	x7,x18,x22	 x18:0x00000000 x22:0x00000003  x7=0x00000000
     270915.000 ns	     27090	80005994	02ef8f33	mul	x30,x31,x14	 x31:0x00000357 x14:0x80041024 x30=0x8d91e83c
     270945.000 ns	     27093	80005998	289f17d3	fmax.s	f15,f30,f9	 f30:0x4f7fffff  f9:0x4455c000 f15=0x4f7fffff
     270995.000 ns	     27098	8000599c	01a02153	fadd.s	f2,f0,f26	  f0:0xc07fffae f26:0x3b4d4c1a  f2=0xc07fcc5b
     271015.000 ns	     27100	800059a0	00ee9393	slli	x7,x29,0xe	 x29:0x00000000  x7=0x00000000
     271035.000 ns	     27102	800059a4	03d98d33	mul	x26,x19,x29	 x19:0x1fc80000 x29:0x00000000 x26=0x00000000
     271065.000 ns	     27105	800059a8	0324fc33	remu	x24,x9,x18	  x9:0x80040814 x18:0x00000000 x24=0x80040814
     271085.000 ns	     27107	800059ac	41f1d6b3	sra	x13,x3,x31	  x3:0x00000000 x31:0x00000357 x13=0x00000000
     271105.000 ns	     27109	800059b0	0357bc33	mulhu	x24,x15,x21	 x15:0x80040d14 x21:0xa31f5964 x24=0x51924184
     271125.000 ns	     27111	800059b4	b5afd537	lui	x10,0xb5afd	 x10=0xb5afd000
     271145.000 ns	     27113	800059b8	28e89053	fmax.s	f0,f17,f14	 f17:0xc5000000 f14:0xc0400000  f0=0xc0400000
     271175.000 ns	     27116	800059bc	202b9b53	fsgnjn.s	f22,f23,f2	 f23:0xefb4e488  f2:0xc07fcc5b f22=0x6fb4e488
     271205.000 ns	     27119	800059c0	c0190253	fcvt.wu.s	x4,f18	 f18:0x3acd4c1a  x4=0x00000000
     271235.000 ns	     27122	800059c4	d00afa53	fcvt.s.w	f20,x21	 x21:0xa31f5964 f20=0xceb9c14d
     271265.000 ns	     27125	800059c8	03623eb3	mulhu	x29,x4,x22	  x4:0x00000000 x22:0x00000003 x29=0x00000000
     271295.000 ns	     27128	800059cc	d01cf353	fcvt.s.wu	f6,x25	 x25:0x80040814  f6=0x4f000408
     271315.000 ns	     27130	800059d0	22e53d13	sltiu	x26,x10,558	 x10:0xb5afd000 x26=0x00000000
     271345.000 ns	     27133	800059d4	19dc7153	fdiv.s	f2,f24,f29	 f24:0x00000000 f29:0x4f8fff5f  f2=0x00000000
     271365.000 ns	     27135	800059d8	06e96413	ori	x8,x18,110	 x18:0x00000000  x8=0x0000006e
     271385.000 ns	     27137	800059dc	032e47b3	div	x15,x28,x18	 x28:0x00000001 x18:0x00000000 x15=0xffffffff
     271415.000 ns	     27140	800059e0	03160c33	mul	x24,x12,x17	 x12:0x00000000 x17:0xfffffe0c x24=0x00000000
     271445.000 ns	     27143	800059e4	214e20d3	fsgnjx.s	f1,f28,f20	 f28:0x00000000 f20:0xceb9c14d  f1=0x80000000
     271465.000 ns	     27145	800059e8	2d246d93	ori	x27,x8,722	  x8:0x0000006e x27=0x000002fe
     271475.000 ns	     27146	800059ec	018a5b93	srli	x23,x20,0x18	 x20:0x00000264 x23=0x00000000
     271485.000 ns	     27147	800059f0	f239e913	ori	x18,x19,-221	 x19:0x1fc80000 x18=0xffffff23
     271505.000 ns	     27149	800059f4	20be10d3	fsgnjn.s	f1,f28,f11	 f28:0x00000000 f11:0x4f8fff5f  f1=0x80000000
     271525.000 ns	     27151	800059f8	000ec9b3	xor	x19,x29,x0	 x29:0x00000000  x0:0x00000000 x19=0x00000000
     271535.000 ns	     27152	800059fc	40485633	sra	x12,x16,x4	 x16:0x00000004  x4:0x00000000 x12=0x00000004
     271565.000 ns	     27155	80005a00	580c18d3	fsqrt.s	f17,f24	 f24:0x00000000 f17=0x00000000
     271585.000 ns	     27157	80005a04	15df3c93	sltiu	x25,x30,349	 x30:0x8d91e83c x25=0x00000000
     271595.000 ns	     27158	80005a08	601031b7	lui	x3,0x60103	  x3=0x60103000
     271605.000 ns	     27159	80005a0c	41d4d333	sra	x6,x9,x29	  x9:0x80040814 x29:0x00000000  x6=0x80040814
     271615.000 ns	     27160	80005a10	01400ab3	add	x21,x0,x20	  x0:0x00000000 x20:0x00000264 x21=0x00000264
     271635.000 ns	     27162	80005a14	02b2bcb3	mulhu	x25,x5,x11	  x5:0x00000000 x11:0x00000000 x25=0x00000000
     271665.000 ns	     27165	80005a18	29e91453	fmax.s	f8,f18,f30	 f18:0x3acd4c1a f30:0x4f7fffff  f8=0x4f7fffff
     271695.000 ns	     27168	80005a1c	c00e0953	fcvt.w.s	x18,f28	 f28:0x00000000 x18=0x00000000
     271745.000 ns	     27173	80005a20	0979c753	fsub.s	f14,f19,f23	 f19:0x45000000 f23:0xefb4e488 f14=0x6fb4e488
     271775.000 ns	     27176	80005a24	03b7a2b3	mulhsu	x5,x15,x27	 x15:0xffffffff x27:0x000002fe  x5=0xffffffff
     271805.000 ns	     27179	80005a28	a0f92353	feq.s	x6,f18,f15	 f18:0x3acd4c1a f15:0x4f7fffff  x6=0x00000000
     271835.000 ns	     27182	80005a2c	028b03b3	mul	x7,x22,x8	 x22:0x00000003  x8:0x0000006e  x7=0x0000014a
     271865.000 ns	     27185	80005a30	299f1453	fmax.s	f8,f30,f25	 f30:0x4f7fffff f25:0x4455c000  f8=0x4f7fffff
     271885.000 ns	     27187	80005a34	018d0c33	add	x24,x26,x24	 x26:0x00000000 x24:0x00000000 x24=0x00000000
     271915.000 ns	     27190	80005a38	10217d53	fmul.s	f26,f2,f2	  f2:0x00000000  f2:0x00000000 f26=0x00000000
     271945.000 ns	     27193	80005a3c	d0010f53	fcvt.s.w	f30,x2	  x2:0x80040fe4 f30=0xcefff7e0
     271965.000 ns	     27195	80005a40	4037d913	srai	x18,x15,0x3	 x15:0xffffffff x18=0xffffffff
     272325.000 ns	     27231	80005a44	02a4e633	rem	x12,x9,x10	  x9:0x80040814 x10:0xb5afd000 x12=0xca543814
     272345.000 ns	     27233	80005a48	880d7e17	auipc	x28,0x880d7	 x28=0x080dca48
     272375.000 ns	     27236	80005a4c	58068dd3	fsqrt.s	f27,f13	 f13:0x00000000 f27=0x00000000
     272395.000 ns	     27238	80005a50	40aad993	srai	x19,x21,0xa	 x21:0x00000264 x19=0x00000000
     272405.000 ns	     27239	80005a54	88be7d97	auipc	x27,0x88be7	 x27=0x08beca54
     272425.000 ns	     27241	80005a58	a0cbadd3	feq.s	x27,f23,f12	 f23:0xefb4e488 f12:0x7f800000 x27=0x00000000
     272455.000 ns	     27244	80005a5c	c01ff7d3	fcvt.wu.s	x15,f31	 f31:0x7f800000 x15=0xffffffff
     272485.000 ns	     27247	80005a60	a09396d3	flt.s	x13,f7,f9	  f7:0x00000000  f9:0x4455c000 x13=0x00000001
     272505.000 ns	     27249	80005a64	00b7ceb3	xor	x29,x15,x11	 x15:0xffffffff x11:0x00000000 x29=0xffffffff
     272525.000 ns	     27251	80005a68	02d8b6b3	mulhu	x13,x17,x13	 x17:0xfffffe0c x13:0x00000001 x13=0x00000000
     272555.000 ns	     27254	80005a6c	20690953	fsgnj.s	f18,f18,f6	 f18:0x3acd4c1a  f6:0x4f000408 f18=0x3acd4c1a
     272575.000 ns	     27256	80005a70	00000013	addi	x0,x0,0	  x0:0x00000000
     272585.000 ns	     27257	80005a74	018fe633	or	x12,x31,x24	 x31:0x00000357 x24:0x00000000 x12=0x00000357
     272605.000 ns	     27259	80005a78	28181253	fmax.s	f4,f16,f1	 f16:0x3acd4c1a  f1:0x80000000  f4=0x3acd4c1a
     272625.000 ns	     27261	80005a7c	00b85c93	srli	x25,x16,0xb	 x16:0x00000004 x25=0x00000000
     272645.000 ns	     27263	80005a80	03a68633	mul	x12,x13,x26	 x13:0x00000000 x26:0x00000000 x12=0x00000000
     272675.000 ns	     27266	80005a84	d009fed3	fcvt.s.w	f29,x19	 x19:0x00000000 f29=0x00000000
     272695.000 ns	     27268	80005a88	0013b033	sltu	x0,x7,x1	  x7:0x0000014a  x1:0x00000000
     272715.000 ns	     27270	80005a8c	204b0253	fsgnj.s	f4,f22,f4	 f22:0x6fb4e488  f4:0x3acd4c1a  f4=0x6fb4e488
     272745.000 ns	     27273	80005a90	c00818d3	fcvt.w.s	x17,f16	 f16:0x3acd4c1a x17=0x00000000
     272775.000 ns	     27276	80005a94	a13c9a53	flt.s	x20,f25,f19	 f25:0x4455c000 f19:0x45000000 x20=0x00000001
     272795.000 ns	     27278	80005a98	007ed633	srl	x12,x29,x7	 x29:0xffffffff  x7:0x0000014a x12=0x003fffff
     272805.000 ns	     27279	80005a9c	008d6a33	or	x20,x26,x8	 x26:0x00000000  x8:0x0000006e x20=0x0000006e
     272815.000 ns	     27280	80005aa0	9b5af2b7	lui	x5,0x9b5af	  x5=0x9b5af000
     273175.000 ns	     27316	80005aa4	02edf2b3	remu	x5,x27,x14	 x27:0x00000000 x14:0x80041024  x5=0x00000000
     273195.000 ns	     27318	80005aa8	13a38513	addi	x10,x7,314	  x7:0x0000014a x10=0x00000284
     273215.000 ns	     27320	80005aac	f00c8cd3	fmv.w.x	f25,x25	 x25:0x00000000 f25=0x00000000
     273235.000 ns	     27322	80005ab0	01234933	xor	x18,x6,x18	  x6:0x00000000 x18:0xffffffff x18=0xffffffff
     274405.000 ns	     27439	80005ab4	58024f53	fsqrt.s	f30,f4	  f4:0x6fb4e488 f30=0x57982a3c
     274425.000 ns	     27441	80005ab8	00000013	addi	x0,x0,0	  x0:0x00000000
     274445.000 ns	     27443	80005abc	027b8c33	mul	x24,x23,x7	 x23:0x00000000  x7:0x0000014a x24=0x00000000
     274485.000 ns	     27447	80005ac0	11b9f2d3	fmul.s	f5,f19,f27	 f19:0x45000000 f27:0x00000000  f5=0x00000000
     274515.000 ns	     27450	80005ac4	02508db3	mul	x27,x1,x5	  x1:0x00000000  x5:0x00000000 x27=0x00000000
     274545.000 ns	     27453	80005ac8	202100d3	fsgnj.s	f1,f2,f2	  f2:0x00000000  f2:0x00000000  f1=0x00000000
     274565.000 ns	     27455	80005acc	c244c513	xori	x10,x9,-988	  x9:0x80040814 x10=0x7ffbf430
     274575.000 ns	     27456	80005ad0	002b3033	sltu	x0,x22,x2	 x22:0x00000003  x2:0x80040fe4
     274585.000 ns	     27457	80005ad4	9b567e93	andi	x29,x12,-1611	 x12:0x003fffff x29=0x003ff9b5
     274595.000 ns	     27458	80005ad8	40e4de33	sra	x28,x9,x14	  x9:0x80040814 x14:0x80041024 x28=0xf8004081
     274625.000 ns	     27461	80005adc	18aa4453	fdiv.s	f8,f20,f10	 f20:0xceb9c14d f10:0x80000000  f8=0x7f800000
     274995.000 ns	     27498	80005ae0	02f441b3	div	x3,x8,x15	  x8:0x0000006e x15:0xffffffff  x3=0xffffff92
     275015.000 ns	     27500	80005ae4	01876a33	or	x20,x14,x24	 x14:0x80041024 x24:0x00000000 x20=0x80041024
     275035.000 ns	     27502	80005ae8	21e008d3	fsgnj.s	f17,f0,f30	  f0:0xc0400000 f30:0x57982a3c f17=0x40400000
     275055.000 ns	     27504	80005aec	07cb8a93	addi	x21,x23,124	 x23:0x00000000 x21=0x0000007c
     275065.000 ns	     27505	80005af0	0149ad33	slt	x26,x19,x20	 x19:0x00000000 x20:0x80041024 x26=0x00000000
     275075.000 ns	     27506	80005af4	8e534793	xori	x15,x6,-1819	  x6:0x00000000 x15=0xfffff8e5
     275085.000 ns	     27507	80005af8	01a8cc33	xor	x24,x17,x26	 x17:0x00000000 x26:0x00000000 x24=0x00000000
     275105.000 ns	     27509	80005afc	a1d720d3	feq.s	x1,f14,f29	 f14:0x6fb4e488 f29:0x00000000  x1=0x00000000
     275135.000 ns	     27512	80005b00	c013f053	fcvt.wu.s	x0,f7	  f7:0x00000000
     275165.000 ns	     27515	80005b04	28f41bd3	fmax.s	f23,f8,f15	  f8:0x7f800000 f15:0x4f7fffff f23=0x7f800000
     275185.000 ns	     27517	80005b08	00000013	addi	x0,x0,0	  x0:0x00000000
     275205.000 ns	     27519	80005b0c	20da2ed3	fsgnjx.s	f29,f20,f13	 f20:0xceb9c14d f13:0x00000000 f29=0xceb9c14d
     275225.000 ns	     27521	80005b10	1fca0c93	addi	x25,x20,508	 x20:0x80041024 x25=0x80041220
     275245.000 ns	     27523	80005b14	29e89bd3	fmax.s	f23,f17,f30	 f17:0x40400000 f30:0x57982a3c f23=0x57982a3c
     275275.000 ns	     27526	80005b18	e0051953	fclass.s	x18,f10	 f10:0x80000000 x18=0x00000008
     275305.000 ns	     27529	80005b1c	030c95b3	mulh	x11,x25,x16	 x25:0x80041220 x16:0x00000004 x11=0xfffffffe
     275325.000 ns	     27531	80005b20	28398793	addi	x15,x19,643	 x19:0x00000000 x15=0x00000283
     275335.000 ns	     27532	80005b24	7034f893	andi	x17,x9,1795	  x9:0x80040814 x17=0x00000000
     275345.000 ns	     27533	80005b28	404eda93	srai	x21,x29,0x4	 x29:0x003ff9b5 x21=0x0003ff9b
     275355.000 ns	     27534	80005b2c	27552493	slti	x9,x10,629	 x10:0x7ffbf430  x9=0x00000000
     275375.000 ns	     27536	80005b30	a19408d3	fle.s	x17,f8,f25	  f8:0x7f800000 f25:0x00000000 x17=0x00000000
     275745.000 ns	     27573	80005b34	039667b3	rem	x15,x12,x25	 x12:0x003fffff x25:0x80041220 x15=0x003fffff
     275775.000 ns	     27576	80005b38	02d55b33	divu	x22,x10,x13	 x10:0x7ffbf430 x13:0x00000000 x22=0xffffffff
     275795.000 ns	     27578	80005b3c	41ac0a33	sub	x20,x24,x26	 x24:0x00000000 x26:0x00000000 x20=0x00000000
     275815.000 ns	     27580	80005b40	f00085d3	fmv.w.x	f11,x1	  x1:0x00000000 f11=0x00000000
     275845.000 ns	     27583	80005b44	21651bd3	fsgnjn.s	f23,f10,f22	 f10:0x80000000 f22:0x6fb4e488 f23=0x80000000
     275875.000 ns	     27586	80005b48	03c699b3	mulh	x19,x13,x28	 x13:0x00000000 x28:0xf8004081 x19=0x00000000
     275895.000 ns	     27588	80005b4c	00000013	addi	x0,x0,0	  x0:0x00000000
     275915.000 ns	     27590	80005b50	29a71fd3	fmax.s	f31,f14,f26	 f14:0x6fb4e488 f26:0x00000000 f31=0x6fb4e488
     275945.000 ns	     27593	80005b54	c0157653	fcvt.wu.s	x12,f10	 f10:0x80000000 x12=0x00000000
     275985.000 ns	     27597	80005b58	5805f353	fsqrt.s	f6,f11	 f11:0x00000000  f6=0x00000000
     276015.000 ns	     27600	80005b5c	21799e53	fsgnjn.s	f28,f19,f23	 f19:0x45000000 f23:0x80000000 f28=0x45000000
     276035.000 ns	     27602	80005b60	41e50bb3	sub	x23,x10,x30	 x10:0x7ffbf430 x30:0x8d91e83c x23=0xf26a0bf4
     276045.000 ns	     27603	80005b64	a313a513	slti	x10,x7,-1487	  x7:0x0000014a x10=0x00000000
     276055.000 ns	     27604	80005b68	40a15e13	srai	x28,x2,0xa	  x2:0x80040fe4 x28=0xffe00103
     276065.000 ns	     27605	80005b6c	01b09293	slli	x5,x1,0x1b	  x1:0x00000000  x5=0x00000000
     276085.000 ns	     27607	80005b70	c01dc053	fcvt.wu.s	x0,f27	 f27:0x00000000
     276115.000 ns	     27610	80005b74	0262f533	remu	x10,x5,x6	  x5:0x00000000  x6:0x00000000 x10=0x00000000
     276165.000 ns	     27615	80005b78	09857cd3	fsub.s	f25,f10,f24	 f10:0x80000000 f24:0x00000000 f25=0x80000000
     276185.000 ns	     27617	80005b7c	0115da93	srli	x21,x11,0x11	 x11:0xfffffffe x21=0x00007fff
     276195.000 ns	     27618	80005b80	406681b3	sub	x3,x13,x6	 x13:0x00000000  x6:0x00000000  x3=0x00000000
     276215.000 ns	     27620	80005b84	02dec033	div	x0,x29,x13	 x29:0x003ff9b5 x13:0x00000000
     276235.000 ns	     27622	80005b88	4137d9b3	sra	x19,x15,x19	 x15:0x003fffff x19:0x00000000 x19=0x003fffff
     276595.000 ns	     27658	80005b8c	02ef4b33	div	x22,x30,x14	 x30:0x8d91e83c x14:0x80041024 x22=0x00000000
     276615.000 ns	     27660	80005b90	00000013	addi	x0,x0,0	  x0:0x00000000
     276655.000 ns	     27664	80005b94	08852f53	fsub.s	f30,f10,f8	 f10:0x80000000  f8:0x7f800000 f30=0xff800000
     276685.000 ns	     27667	80005b98	211fa053	fsgnjx.s	f0,f31,f17	 f31:0x6fb4e488 f17:0x40400000  f0=0x6fb4e488
     276705.000 ns	     27669	80005b9c	013e3933	sltu	x18,x28,x19	 x28:0xffe00103 x19:0x003fffff x18=0x00000000
     276715.000 ns	     27670	80005ba0	418d5e93	srai	x29,x26,0x18	 x26:0x00000000 x29=0x00000000
     276735.000 ns	     27672	80005ba4	a1758ad3	fle.s	x21,f11,f23	 f11:0x00000000 f23:0x80000000 x21=0x00000001
     276765.000 ns	     27675	80005ba8	c00cbd53	fcvt.w.s	x26,f25	 f25:0x80000000 x26=0x00000000
     276785.000 ns	     27677	80005bac	409086b3	sub	x13,x1,x9	  x1:0x00000000  x9:0x00000000 x13=0x00000000
     276795.000 ns	     27678	80005bb0	00266a33	or	x20,x12,x2	 x12:0x00000000  x2:0x80040fe4 x20=0x80040fe4
     276805.000 ns	     27679	80005bb4	00739313	slli	x6,x7,0x7	  x7:0x0000014a  x6=0x0000a500
     276825.000 ns	     27681	80005bb8	28a306d3	fmin.s	f13,f6,f10	  f6:0x00000000 f10:0x80000000 f13=0x80000000
     276845.000 ns	     27683	80005bbc	005a9f13	slli	x30,x21,0x5	 x21:0x00000001 x30=0x00000020
     276855.000 ns	     27684	80005bc0	00651393	slli	x7,x10,0x6	 x10:0x00000000  x7=0x00000000
     276865.000 ns	     27685	80005bc4	8a4bcf13	xori	x30,x23,-1884	 x23:0xf26a0bf4 x30=0x0d95f350
     276905.000 ns	     27689	80005bc8	0097f6d3	fadd.s	f13,f15,f9	 f15:0x4f7fffff  f9:0x4455c000 f13=0x4f800001
     276945.000 ns	     27693	80005bcc	1189b053	fmul.s	f0,f19,f24	 f19:0x45000000 f24:0x00000000  f0=0x00000000
     276965.000 ns	     27695	80005bd0	669c7d13	andi	x26,x24,1641	 x24:0x00000000 x26=0x00000000
     276985.000 ns	     27697	80005bd4	02abecb3	rem	x25,x23,x10	 x23:0xf26a0bf4 x10:0x00000000 x25=0xf26a0bf4
     277015.000 ns	     27700	80005bd8	e00a0553	fmv.x.w	x10,f20	 f20:0xceb9c14d x10=0xceb9c14d
     277035.000 ns	     27702	80005bdc	dda42893	slti	x17,x8,-550	  x8:0x0000006e x17=0x00000000
     277055.000 ns	     27704	80005be0	e00c9553	fclass.s	x10,f25	 f25:0x80000000 x10=0x00000008
     277085.000 ns	     27707	80005be4	a12f8b53	fle.s	x22,f31,f18	 f31:0x6fb4e488 f18:0x3acd4c1a x22=0x00000000
     277115.000 ns	     27710	80005be8	03f88eb3	mul	x29,x17,x31	 x17:0x00000000 x31:0x00000357 x29=0x00000000
     277135.000 ns	     27712	80005bec	c4f610b7	lui	x1,0xc4f61	  x1=0xc4f61000
     277145.000 ns	     27713	80005bf0	00a3c0b3	xor	x1,x7,x10	  x7:0x00000000 x10:0x00000008  x1=0x00000008
     277165.000 ns	     27715	80005bf4	281d9053	fmax.s	f0,f27,f1	 f27:0x00000000  f1:0x00000000  f0=0x00000000
     277195.000 ns	     27718	80005bf8	a0268ed3	fle.s	x29,f13,f2	 f13:0x4f800001  f2:0x00000000 x29=0x00000000
     277225.000 ns	     27721	80005bfc	024d5d33	divu	x26,x26,x4	 x26:0x00000000  x4:0x00000000 x26=0xffffffff
     277255.000 ns	     27724	80005c00	29a50cd3	fmin.s	f25,f10,f26	 f10:0x80000000 f26:0x00000000 f25=0x80000000
     277295.000 ns	     27728	80005c04	180ab653	fdiv.s	f12,f21,f0	 f21:0x00000000  f0:0x00000000 f12=0x7fc00000
     277345.000 ns	     27733	80005c08	003e7b53	fadd.s	f22,f28,f3	 f28:0x45000000  f3:0x7f800000 f22=0x7f800000
     277375.000 ns	     27736	80005c0c	03dd1233	mulh	x4,x26,x29	 x26:0xffffffff x29:0x00000000  x4=0x00000000
     277415.000 ns	     27740	80005c10	11633053	fmul.s	f0,f6,f22	  f6:0x00000000 f22:0x7f800000  f0=0x7fc00000
     277435.000 ns	     27742	80005c14	bc41b293	sltiu	x5,x3,-1084	  x3:0x00000000  x5=0x00000001
     277455.000 ns	     27744	80005c18	e00e1dd3	fclass.s	x27,f28	 f28:0x45000000 x27=0x00000040
     277485.000 ns	     27747	80005c1c	a092ae53	feq.s	x28,f5,f9	  f5:0x00000000  f9:0x4455c000 x28=0x00000000
     277505.000 ns	     27749	80005c20	d8a62a13	slti	x20,x12,-630	 x12:0x00000000 x20=0x00000000
     277515.000 ns	     27750	80005c24	fbadaf13	slti	x30,x27,-70	 x27:0x00000040 x30=0x00000000
     277535.000 ns	     27752	80005c28	0244d4b3	divu	x9,x9,x4	  x9:0x00000000  x4:0x00000000  x9=0xffffffff
     277565.000 ns	     27755	80005c2c	d017fe53	fcvt.s.wu	f28,x15	 x15:0x003fffff f28=0x4a7ffffc
     277595.000 ns	     27758	80005c30	02a12d33	mulhsu	x26,x2,x10	  x2:0x80040fe4 x10:0x00000008 x26=0xfffffffc
     277625.000 ns	     27761	80005c34	28c78853	fmin.s	f16,f15,f12	 f15:0x4f7fffff f12:0x7fc00000 f16=0x4f7fffff
     277655.000 ns	     27764	80005c38	e00a06d3	fmv.x.w	x13,f20	 f20:0xceb9c14d x13=0xceb9c14d
     277685.000 ns	     27767	80005c3c	02e20bb3	mul	x23,x4,x14	  x4:0x00000000 x14:0x80041024 x23=0x00000000
     278055.000 ns	     27804	80005c40	03314db3	div	x27,x2,x19	  x2:0x80040fe4 x19:0x003fffff x27=0xfffffe01
     278075.000 ns	     27806	80005c44	006a5193	srli	x3,x20,0x6	 x20:0x00000000  x3=0x00000000
     278085.000 ns	     27807	80005c48	00e59333	sll	x6,x11,x14	 x11:0xfffffffe x14:0x80041024  x6=0xffffffe0
     278095.000 ns	     27808	80005c4c	ac854493	xori	x9,x10,-1336	 x10:0x00000008  x9=0xfffffac0
     278105.000 ns	     27809	80005c50	5faaed13	ori	x26,x21,1530	 x21:0x00000001 x26=0x000005fb
     278125.000 ns	     27811	80005c54	024316b3	mulh	x13,x6,x4	  x6:0xffffffe0  x4:0x00000000 x13=0x00000000
     278145.000 ns	     27813	80005c58	00bdd393	srli	x7,x27,0xb	 x27:0xfffffe01  x7=0x001fffff
     278155.000 ns	     27814	80005c5c	40bb6017	auipc	x0,0x40bb6	
     278165.000 ns	     27815	80005c60	41ca0333	sub	x6,x20,x28	 x20:0x00000000 x28:0x00000000  x6=0x00000000
     278185.000 ns	     27817	80005c64	02691ab3	mulh	x21,x18,x6	 x18:0x00000000  x6:0xffffffe0 x21=0x00000000
     278215.000 ns	     27820	80005c68	a0728953	fle.s	x18,f5,f7	  f5:0x00000000  f7:0x00000000 x18=0x00000001
     278235.000 ns	     27822	80005c6c	17de3513	sltiu	x10,x28,381	 x28:0x00000000 x10=0x00000001
     278595.000 ns	     27858	80005c70	03f4c6b3	div	x13,x9,x31	  x9:0xfffffac0 x31:0x00000357 x13=0xffffffff
     278625.000 ns	     27861	80005c74	c0033553	fcvt.w.s	x10,f6	  f6:0x00000000 x10=0x00000000
     278645.000 ns	     27863	80005c78	00ebd193	srli	x3,x23,0xe	 x23:0x00000000  x3=0x00000000
     278665.000 ns	     27865	80005c7c	c008fcd3	fcvt.w.s	x25,f17	 f17:0x40400000 x25=0x00000003
     279035.000 ns	     27902	80005c80	03386c33	rem	x24,x16,x19	 x16:0x00000004 x19:0x003fffff x24=0x00000004
     279065.000 ns	     27905	80005c84	0241a5b3	mulhsu	x11,x3,x4	  x3:0x00000000  x4:0x00000000 x11=0x00000000
     279085.000 ns	     27907	80005c88	159fee93	ori	x29,x31,345	 x31:0x00000357 x29=0x0000035f
     279105.000 ns	     27909	80005c8c	03989233	mulh	x4,x17,x25	 x17:0x00000000 x25:0x00000003  x4=0x00000000
     279125.000 ns	     27911	80005c90	2fd9ea93	ori	x21,x19,765	 x19:0x003fffff x21=0x003fffff
     279485.000 ns	     27947	80005c94	021de4b3	rem	x9,x27,x1	 x27:0xfffffe01  x1:0x00000008  x9=0xfffffff9
     279505.000 ns	     27949	80005c98	00da6d33	or	x26,x20,x13	 x20:0x00000000 x13:0xffffffff x26=0xffffffff
     279525.000 ns	     27951	80005c9c	f00886d3	fmv.w.x	f13,x17	 x17:0x00000000 f13=0x00000000
     279555.000 ns	     27954	80005ca0	022111b3	mulh	x3,x2,x2	  x2:0x80040fe4  x2:0x80040fe4  x3=0x3ffbf02c
     279575.000 ns	     27956	80005ca4	4064da13	srai	x20,x9,0x6	  x9:0xfffffff9 x20=0xffffffff
     279585.000 ns	     27957	80005ca8	01d0cc33	xor	x24,x1,x29	  x1:0x00000008 x29:0x0000035f x24=0x00000357
     279605.000 ns	     27959	80005cac	020f90b3	mulh	x1,x31,x0	 x31:0x00000357  x0:0x00000000  x1=0x00000000
     279625.000 ns	     27961	80005cb0	ced06293	ori	x5,x0,-787	  x0:0x00000000  x5=0xfffffced
     279635.000 ns	     27962	80005cb4	16d70093	addi	x1,x14,365	 x14:0x80041024  x1=0x80041191
     279645.000 ns	     27963	80005cb8	017f16b3	sll	x13,x30,x23	 x30:0x00000000 x23:0x00000000 x13=0x00000000
     279665.000 ns	     27965	80005cbc	f00d8cd3	fmv.w.x	f25,x27	 x27:0xfffffe01 f25=0xfffffe01
     279685.000 ns	     27967	80005cc0	001fdd93	srli	x27,x31,0x1	 x31:0x00000357 x27=0x000001ab
     279715.000 ns	     27970	80005cc4	580d93d3	fsqrt.s	f7,f27	 f27:0x00000000  f7=0x00000000
     279745.000 ns	     27973	80005cc8	20a70f53	fsgnj.s	f30,f14,f10	 f14:0x6fb4e488 f10:0x80000000 f30=0xefb4e488
     279765.000 ns	     27975	80005ccc	02a43bb7	lui	x23,0x2a43	 x23=0x02a43000
     279785.000 ns	     27977	80005cd0	a1f38b53	fle.s	x22,f7,f31	  f7:0x00000000 f31:0x6fb4e488 x22=0x00000001
     280155.000 ns	     28014	80005cd4	02374033	div	x0,x14,x3	 x14:0x80041024  x3:0x3ffbf02c
     280175.000 ns	     28016	80005cd8	ce292393	slti	x7,x18,-798	 x18:0x00000001  x7=0x00000000
     280205.000 ns	     28019	80005cdc	580b4fd3	fsqrt.s	f31,f22	 f22:0x7f800000 f31=0x7f800000
     280235.000 ns	     28022	80005ce0	a050aed3	feq.s	x29,f1,f5	  f1:0x00000000  f5:0x00000000 x29=0x00000001
     280255.000 ns	     28024	80005ce4	413a5213	srai	x4,x20,0x13	 x20:0xffffffff  x4=0xffffffff
     280295.000 ns	     28028	80005ce8	09423ad3	fsub.s	f21,f4,f20	  f4:0x6fb4e488 f20:0xceb9c14d f21=0x6fb4e488
     280325.000 ns	     28031	80005cec	e0041053	fclass.s	x0,f8	  f8:0x7f800000
     280345.000 ns	     28033	80005cf0	40cc8fb3	sub	x31,x25,x12	 x25:0x00000003 x12:0x00000000 x31=0x00000003
     280355.000 ns	     28034	80005cf4	00af9b13	slli	x22,x31,0xa	 x31:0x00000357 x22=0x00000c00
     280365.000 ns	     28035	80005cf8	7543ac97	auipc	x25,0x7543a	 x25=0xf543fcf8
     280395.000 ns	     28038	80005cfc	10aff0d3	fmul.s	f1,f31,f10	 f31:0x7f800000 f10:0x80000000  f1=0x7fc00000
     280415.000 ns	     28040	80005d00	7ec2ac13	slti	x24,x5,2028	  x5:0xfffffced x24=0x00000001
     280435.000 ns	     28042	80005d04	20b00ed3	fsgnj.s	f29,f0,f11	  f0:0x7fc00000 f11:0x00000000 f29=0x7fc00000
     280465.000 ns	     28045	80005d08	20421553	fsgnjn.s	f10,f4,f4	  f4:0x6fb4e488  f4:0x6fb4e488 f10=0xefb4e488
     280495.000 ns	     28048	80005d0c	21de21d3	fsgnjx.s	f3,f28,f29	 f28:0x4a7ffffc f29:0x7fc00000  f3=0x4a7ffffc
     280515.000 ns	     28050	80005d10	75acb617	auipc	x12,0x75acb	 x12=0xf5ad0d10
     280525.000 ns	     28051	80005d14	411bdd93	srai	x27,x23,0x11	 x23:0x02a43000 x27=0x00000152
     280535.000 ns	     28052	80005d18	00000013	addi	x0,x0,0	  x0:0x00000000
     280545.000 ns	     28053	80005d1c	007125b3	slt	x11,x2,x7	  x2:0x80040fe4  x7:0x00000000 x11=0x00000001
     280555.000 ns	     28054	80005d20	00145333	srl	x6,x8,x1	  x8:0x0000006e  x1:0x80041191  x6=0x00000000
     280565.000 ns	     28055	80005d24	00a1d6b3	srl	x13,x3,x10	  x3:0x3ffbf02c x10:0x00000000 x13=0x3ffbf02c
     280575.000 ns	     28056	80005d28	01b120b3	slt	x1,x2,x27	  x2:0x80040fe4 x27:0x00000152  x1=0x00000001
     280935.000 ns	     28092	80005d2c	0396e1b3	rem	x3,x13,x25	 x13:0x00000000 x25:0xf543fcf8  x3=0x0a4fe104
     281305.000 ns	     28129	80005d30	03f06ab3	rem	x21,x0,x31	  x0:0x00000000 x31:0x00000003 x21=0x00000000
     281325.000 ns	     28131	80005d34	0177d693	srli	x13,x15,0x17	 x15:0x003fffff x13=0x00000000
     281345.000 ns	     28133	80005d38	e0021c53	fclass.s	x24,f4	  f4:0x6fb4e488 x24=0x00000040
     281375.000 ns	     28136	80005d3c	c01bfd53	fcvt.wu.s	x26,f23	 f23:0x80000000 x26=0x00000000
     281405.000 ns	     28139	80005d40	21f00a53	fsgnj.s	f20,f0,f31	  f0:0x7fc00000 f31:0x7f800000 f20=0x7fc00000
     281435.000 ns	     28142	80005d44	292c8dd3	fmin.s	f27,f25,f18	 f25:0xfffffe01 f18:0x3acd4c1a f27=0x3acd4c1a
     281455.000 ns	     28144	80005d48	51ccb293	sltiu	x5,x25,1308	 x25:0xf543fcf8  x5=0x00000000
     281475.000 ns	     28146	80005d4c	c00eb453	fcvt.w.s	x8,f29	 f29:0x7fc00000  x8=0x7fffffff
     281495.000 ns	     28148	80005d50	43866bb7	lui	x23,0x43866	 x23=0x43866000
     281505.000 ns	     28149	80005d54	dedce693	ori	x13,x25,-531	 x25:0xf543fcf8 x13=0xfffffdfd
     281545.000 ns	     28153	80005d58	0969f7d3	fsub.s	f15,f19,f22	 f19:0x45000000 f22:0x7f800000 f15=0xff800000
     281565.000 ns	     28155	80005d5c	013abab3	sltu	x21,x21,x19	 x21:0x00000000 x19:0x003fffff x21=0x00000001
     281575.000 ns	     28156	80005d60	9834fb93	andi	x23,x9,-1661	  x9:0xfffffff9 x23=0xfffff981
     281595.000 ns	     28158	80005d64	03a67333	remu	x6,x12,x26	 x12:0xf5ad0d10 x26:0x00000000  x6=0xf5ad0d10
     281615.000 ns	     28160	80005d68	2d486d93	ori	x27,x16,724	 x16:0x00000004 x27=0x000002d4
     281635.000 ns	     28162	80005d6c	21509053	fsgnjn.s	f0,f1,f21	  f1:0x7fc00000 f21:0x6fb4e488  f0=0xffc00000
     281655.000 ns	     28164	80005d70	01c7bd33	sltu	x26,x15,x28	 x15:0x003fffff x28:0x00000000 x26=0x00000000
     281685.000 ns	     28167	80005d74	11df98d3	fmul.s	f17,f31,f29	 f31:0x7f800000 f29:0x7fc00000 f17=0x7fc00000
     281735.000 ns	     28172	80005d78	089b3853	fsub.s	f16,f22,f9	 f22:0x7f800000  f9:0x4455c000 f16=0x7f800000
     281765.000 ns	     28175	80005d7c	21de2653	fsgnjx.s	f12,f28,f29	 f28:0x4a7ffffc f29:0x7fc00000 f12=0x4a7ffffc
     281785.000 ns	     28177	80005d80	620cc393	xori	x7,x25,1568	 x25:0xf543fcf8  x7=0xf543fad8
     281805.000 ns	     28179	80005d84	c0047653	fcvt.w.s	x12,f8	  f8:0x7f800000 x12=0x7fffffff
     281835.000 ns	     28182	80005d88	d005b353	fcvt.s.w	f6,x11	 x11:0x00000001  f6=0x3f800000
     281855.000 ns	     28184	80005d8c	00ba9993	slli	x19,x21,0xb	 x21:0x00000001 x19=0x00000800
     282215.000 ns	     28220	80005d90	0299c9b3	div	x19,x19,x9	 x19:0x003fffff  x9:0xfffffff9 x19=0xfffffedc
     282235.000 ns	     28222	80005d94	01d466b3	or	x13,x8,x29	  x8:0x7fffffff x29:0x00000001 x13=0x7fffffff
     282255.000 ns	     28224	80005d98	e00682d3	fmv.x.w	x5,f13	 f13:0x00000000  x5=0x00000000
     282275.000 ns	     28226	80005d9c	ea63ed17	auipc	x26,0xea63e	 x26=0x6a643d9c
     282295.000 ns	     28228	80005da0	03132b33	mulhsu	x22,x6,x17	  x6:0xf5ad0d10 x17:0x00000000 x22=0x00000000
     282315.000 ns	     28230	80005da4	013457b3	srl	x15,x8,x19	  x8:0x7fffffff x19:0xfffffedc x15=0x00000007
     282325.000 ns	     28231	80005da8	0146b2b3	sltu	x5,x13,x20	 x13:0x7fffffff x20:0xffffffff  x5=0x00000001
     282685.000 ns	     28267	80005dac	02b7e4b3	rem	x9,x15,x11	 x15:0x003fffff x11:0x00000001  x9=0x00000000
     282705.000 ns	     28269	80005db0	f696c093	xori	x1,x13,-151	 x13:0x7fffffff  x1=0x80000096
     282725.000 ns	     28271	80005db4	207e82d3	fsgnj.s	f5,f29,f7	 f29:0x7fc00000  f7:0x00000000  f5=0x7fc00000
     282755.000 ns	     28274	80005db8	0302b4b3	mulhu	x9,x5,x16	  x5:0x00000001 x16:0x00000004  x9=0x00000000
     282785.000 ns	     28277	80005dbc	2096a253	fsgnjx.s	f4,f13,f9	 f13:0x00000000  f9:0x4455c000  f4=0x00000000
     282815.000 ns	     28280	80005dc0	a0f7a653	feq.s	x12,f15,f15	 f15:0xff800000 f15:0xff800000 x12=0x00000001
     282835.000 ns	     28282	80005dc4	f514e913	ori	x18,x9,-175	  x9:0x00000000 x18=0xffffff51
     282865.000 ns	     28285	80005dc8	1022f053	fmul.s	f0,f5,f2	  f5:0x7fc00000  f2:0x00000000  f0=0x7fc00000
     282895.000 ns	     28288	80005dcc	034587b3	mul	x15,x11,x20	 x11:0x00000001 x20:0xffffffff x15=0xffffffff
     282925.000 ns	     28291	80005dd0	2074af53	fsgnjx.s	f30,f9,f7	  f9:0x4455c000  f7:0x00000000 f30=0x4455c000
     282965.000 ns	     28295	80005dd4	107ef0d3	fmul.s	f1,f29,f7	 f29:0x7fc00000  f7:0x00000000  f1=0x7fc00000
     283335.000 ns	     28332	80005dd8	039e67b3	rem	x15,x28,x25	 x28:0x00000000 x25:0xf543fcf8 x15=0x00000000
     283375.000 ns	     28336	80005ddc	5805bed3	fsqrt.s	f29,f11	 f11:0x00000000 f29=0x00000000
     283405.000 ns	     28339	80005de0	02193bb3	mulhu	x23,x18,x1	 x18:0xffffff51  x1:0x80000096 x23=0x8000003e
     283435.000 ns	     28342	80005de4	29c596d3	fmax.s	f13,f11,f28	 f11:0x00000000 f28:0x4a7ffffc f13=0x4a7ffffc
     283455.000 ns	     28344	80005de8	4032dab3	sra	x21,x5,x3	  x5:0x00000001  x3:0x0a4fe104 x21=0x00000000
     283475.000 ns	     28346	80005dec	20010ad3	fsgnj.s	f21,f2,f0	  f2:0x00000000  f0:0x7fc00000 f21=0x00000000
     283505.000 ns	     28349	80005df0	e00902d3	fmv.x.w	x5,f18	 f18:0x3acd4c1a  x5=0x3acd4c1a
     283525.000 ns	     28351	80005df4	01774a33	xor	x20,x14,x23	 x14:0x80041024 x23:0x8000003e x20=0x0004101a
     283545.000 ns	     28353	80005df8	03d40a33	mul	x20,x8,x29	  x8:0x7fffffff x29:0x00000001 x20=0x7fffffff
     283565.000 ns	     28355	80005dfc	83e54913	xori	x18,x10,-1986	 x10:0x00000000 x18=0xfffff83e
     283575.000 ns	     28356	80005e00	00b1fab3	and	x21,x3,x11	  x3:0x0a4fe104 x11:0x00000001 x21=0x00000000
     283595.000 ns	     28358	80005e04	036fa0b3	mulhsu	x1,x31,x22	 x31:0x00000003 x22:0x00000000  x1=0x00000000
     283625.000 ns	     28361	80005e08	28e396d3	fmax.s	f13,f7,f14	  f7:0x00000000 f14:0x6fb4e488 f13=0x6fb4e488
     283655.000 ns	     28364	80005e0c	d00696d3	fcvt.s.w	f13,x13	 x13:0x7fffffff f13=0x4effffff
     283675.000 ns	     28366	80005e10	c8c84f13	xori	x30,x16,-884	 x16:0x00000004 x30=0xfffffc88
     283695.000 ns	     28368	80005e14	02056db3	rem	x27,x10,x0	 x10:0x00000000  x0:0x00000000 x27=0x00000000
     283715.000 ns	     28370	80005e18	41c75693	srai	x13,x14,0x1c	 x14:0x80041024 x13=0xfffffff8
     283725.000 ns	     28371	80005e1c	fbb47e97	auipc	x29,0xfbb47	 x29=0x7bb4ce1c
     283745.000 ns	     28373	80005e20	025a3ab3	mulhu	x21,x20,x5	 x20:0x7fffffff  x5:0x3acd4c1a x21=0x1d66a60c
     283775.000 ns	     28376	80005e24	d00d7e53	fcvt.s.w	f28,x26	 x26:0x6a643d9c f28=0x4ed4c87b
     283795.000 ns	     28378	80005e28	c5eff693	andi	x13,x31,-930	 x31:0x00000003 x13=0x00000002
     283815.000 ns	     28380	80005e2c	29ff0353	fmin.s	f6,f30,f31	 f30:0x4455c000 f31:0x7f800000  f6=0x4455c000
     283835.000 ns	     28382	80005e30	40e6db33	sra	x22,x13,x14	 x13:0xfffffff8 x14:0x80041024 x22=0x00000000
     283855.000 ns	     28384	80005e34	20aaa5d3	fsgnjx.s	f11,f21,f10	 f21:0x00000000 f10:0xefb4e488 f11=0x80000000
     283895.000 ns	     28388	80005e38	5802c653	fsqrt.s	f12,f5	  f5:0x7fc00000 f12=0x7fc00000
     283915.000 ns	     28390	80005e3c	56772793	slti	x15,x14,1383	 x14:0x80041024 x15=0x00000001
     283935.000 ns	     28392	80005e40	a13d1bd3	flt.s	x23,f26,f19	 f26:0x00000000 f19:0x45000000 x23=0x00000001
     283955.000 ns	     28394	80005e44	014e48b3	xor	x17,x28,x20	 x28:0x00000000 x20:0x7fffffff x17=0x7fffffff
     283965.000 ns	     28395	80005e48	018c4a13	xori	x20,x24,24	 x24:0x00000040 x20=0x00000058
     283975.000 ns	     28396	80005e4c	d1bba793	slti	x15,x23,-741	 x23:0x00000001 x15=0x00000000
     283985.000 ns	     28397	80005e50	ea3fcf93	xori	x31,x31,-349	 x31:0x00000003 x31=0xfffffea0
     284015.000 ns	     28400	80005e54	191479d3	fdiv.s	f19,f8,f17	  f8:0x7f800000 f17:0x7fc00000 f19=0x7fc00000
     284045.000 ns	     28403	80005e58	a07611d3	flt.s	x3,f12,f7	 f12:0x7fc00000  f7:0x00000000  x3=0x00000000
     284075.000 ns	     28406	80005e5c	20f0ae53	fsgnjx.s	f28,f1,f15	  f1:0x7fc00000 f15:0xff800000 f28=0xffc00000
     284095.000 ns	     28408	80005e60	017c18b3	sll	x17,x24,x23	 x24:0x00000040 x23:0x00000001 x17=0x00000080
     284115.000 ns	     28410	80005e64	e00f0b53	fmv.x.w	x22,f30	 f30:0x4455c000 x22=0x4455c000
     284165.000 ns	     28415	80005e68	01b4f453	fadd.s	f8,f9,f27	  f9:0x4455c000 f27:0x3acd4c1a  f8=0x4455c019
     284205.000 ns	     28419	80005e6c	10b2f253	fmul.s	f4,f5,f11	  f5:0x7fc00000 f11:0x80000000  f4=0x7fc00000
     284225.000 ns	     28421	80005e70	00b48bb3	add	x23,x9,x11	  x9:0x00000000 x11:0x00000001 x23=0x00000001
     284235.000 ns	     28422	80005e74	0078ae33	slt	x28,x17,x7	 x17:0x00000080  x7:0xf543fad8 x28=0x00000000
     284245.000 ns	     28423	80005e78	37bebd13	sltiu	x26,x29,891	 x29:0x7bb4ce1c x26=0x00000000
     284265.000 ns	     28425	80005e7c	a16f9fd3	flt.s	x31,f31,f22	 f31:0x7f800000 f22:0x7f800000 x31=0x00000000
     284305.000 ns	     28429	80005e80	19830153	fdiv.s	f2,f6,f24	  f6:0x4455c000 f24:0x00000000  f2=0x7f800000
     284335.000 ns	     28432	80005e84	a1279653	flt.s	x12,f15,f18	 f15:0xff800000 f18:0x3acd4c1a x12=0x00000001
     284355.000 ns	     28434	80005e88	01999bb3	sll	x23,x19,x25	 x19:0xfffffedc x25:0xf543fcf8 x23=0xdc000000
     284365.000 ns	     28435	80005e8c	002caa33	slt	x20,x25,x2	 x25:0xf543fcf8  x2:0x80040fe4 x20=0x00000000
     284375.000 ns	     28436	80005e90	01c35bb3	srl	x23,x6,x28	  x6:0xf5ad0d10 x28:0x00000000 x23=0xf5ad0d10
     284395.000 ns	     28438	80005e94	e0030e53	fmv.x.w	x28,f6	  f6:0x4455c000 x28=0x4455c000
     284415.000 ns	     28440	80005e98	e9bccd93	xori	x27,x25,-357	 x25:0xf543fcf8 x27=0x0abc0263
     284775.000 ns	     28476	80005e9c	027aee33	rem	x28,x21,x7	 x21:0x1d66a60c  x7:0xf543fad8 x28=0x07ee9bbc
     284805.000 ns	     28479	80005ea0	02298db3	mul	x27,x19,x2	 x19:0xfffffedc  x2:0x80040fe4 x27=0xfb5ddff0
     284835.000 ns	     28482	80005ea4	c00686d3	fcvt.w.s	x13,f13	 f13:0x4effffff x13=0x7fffff80
     284865.000 ns	     28485	80005ea8	c00b73d3	fcvt.w.s	x7,f22	 f22:0x7f800000  x7=0x7fffffff
     284885.000 ns	     28487	80005eac	0113d033	srl	x0,x7,x17	  x7:0xf543fad8 x17:0x00000080
     284895.000 ns	     28488	80005eb0	00af0a33	add	x20,x30,x10	 x30:0xfffffc88 x10:0x00000000 x20=0xfffffc88
     284915.000 ns	     28490	80005eb4	d009f353	fcvt.s.w	f6,x19	 x19:0xfffffedc  f6=0xc3920000
     284945.000 ns	     28493	80005eb8	a07daf53	feq.s	x30,f27,f7	 f27:0x3acd4c1a  f7:0x00000000 x30=0x00000000
     284965.000 ns	     28495	80005ebc	b915b937	lui	x18,0xb915b	 x18=0xb915b000
     284985.000 ns	     28497	80005ec0	a091aa53	feq.s	x20,f3,f9	  f3:0x4a7ffffc  f9:0x4455c000 x20=0x00000000
     285005.000 ns	     28499	80005ec4	1b464493	xori	x9,x12,436	 x12:0x00000001  x9=0x000001b5
     285365.000 ns	     28535	80005ec8	03d6e433	rem	x8,x13,x29	 x13:0x7fffff80 x29:0x7bb4ce1c  x8=0x044b3164
     285385.000 ns	     28537	80005ecc	00000013	addi	x0,x0,0	  x0:0x00000000
     285415.000 ns	     28540	80005ed0	580c7053	fsqrt.s	f0,f24	 f24:0x00000000  f0=0x00000000
     285435.000 ns	     28542	80005ed4	40200eb3	sub	x29,x0,x2	  x0:0x00000000  x2:0x80040fe4 x29=0x7ffbf01c
     285455.000 ns	     28544	80005ed8	e00c8b53	fmv.x.w	x22,f25	 f25:0xfffffe01 x22=0xfffffe01
     285485.000 ns	     28547	80005edc	a12d83d3	fle.s	x7,f27,f18	 f27:0x3acd4c1a f18:0x3acd4c1a  x7=0x00000001
     285505.000 ns	     28549	80005ee0	000677b3	and	x15,x12,x0	 x12:0x00000001  x0:0x00000000 x15=0x00000000
     285865.000 ns	     28585	80005ee4	0227c3b3	div	x7,x15,x2	 x15:0x00000000  x2:0x80040fe4  x7=0x00000000
     285885.000 ns	     28587	80005ee8	2ce87a93	andi	x21,x16,718	 x16:0x00000004 x21=0x00000004
     285895.000 ns	     28588	80005eec	cf97e313	ori	x6,x15,-775	 x15:0x00000000  x6=0xfffffcf9
     285905.000 ns	     28589	80005ef0	f2187237	lui	x4,0xf2187	  x4=0xf2187000
     285915.000 ns	     28590	80005ef4	874c3913	sltiu	x18,x24,-1932	 x24:0x00000040 x18=0x00000001
     285945.000 ns	     28593	80005ef8	1147a8d3	fmul.s	f17,f15,f20	 f15:0xff800000 f20:0x7fc00000 f17=0x7fc00000
     285965.000 ns	     28595	80005efc	0032e933	or	x18,x5,x3	  x5:0x3acd4c1a  x3:0x00000000 x18=0x3acd4c1a
     285975.000 ns	     28596	80005f00	5fd58613	addi	x12,x11,1533	 x11:0x00000001 x12=0x000005fe
     285995.000 ns	     28598	80005f04	a0720fd3	fle.s	x31,f4,f7	  f4:0x7fc00000  f7:0x00000000 x31=0x00000000
     286365.000 ns	     28635	80005f08	03d97bb3	remu	x23,x18,x29	 x18:0x3acd4c1a x29:0x7ffbf01c x23=0x3acd4c1a
     286385.000 ns	     28637	80005f0c	af429a37	lui	x20,0xaf429	 x20=0xaf429000
     286405.000 ns	     28639	80005f10	035a1eb3	mulh	x29,x20,x21	 x20:0x00000000 x21:0x00000004 x29=0xfffffffe
     286425.000 ns	     28641	80005f14	00429413	slli	x8,x5,0x4	  x5:0x3acd4c1a  x8=0xacd4c1a0
     286435.000 ns	     28642	80005f18	00b121b3	slt	x3,x2,x11	  x2:0x80040fe4 x11:0x00000001  x3=0x00000001
     286455.000 ns	     28644	80005f1c	d018bb53	fcvt.s.wu	f22,x17	 x17:0x00000080 f22=0x43000000
     286485.000 ns	     28647	80005f20	02333b33	mulhu	x22,x6,x3	  x6:0xfffffcf9  x3:0x00000000 x22=0x00000000
     286505.000 ns	     28649	80005f24	012a9333	sll	x6,x21,x18	 x21:0x00000004 x18:0x3acd4c1a  x6=0x10000000
     286515.000 ns	     28650	80005f28	34776497	auipc	x9,0x34776	  x9=0xb477bf28
     286525.000 ns	     28651	80005f2c	40d80c33	sub	x24,x16,x13	 x16:0x00000004 x13:0x7fffff80 x24=0x80000084
     286545.000 ns	     28653	80005f30	219a15d3	fsgnjn.s	f11,f20,f25	 f20:0x7fc00000 f25:0xfffffe01 f11=0x7fc00000
     287725.000 ns	     28771	80005f34	580dc7d3	fsqrt.s	f15,f27	 f27:0x3acd4c1a f15=0x3ca21ae4
     287755.000 ns	     28774	80005f38	027ec3b3	div	x7,x29,x7	 x29:0xfffffffe  x7:0x00000000  x7=0xffffffff
     287785.000 ns	     28777	80005f3c	a16b0bd3	fle.s	x23,f22,f22	 f22:0x43000000 f22:0x43000000 x23=0x00000001
     287805.000 ns	     28779	80005f40	40675c13	srai	x24,x14,0x6	 x14:0x80041024 x24=0xfe001040
     287825.000 ns	     28781	80005f44	29088cd3	fmin.s	f25,f17,f16	 f17:0x7fc00000 f16:0x7f800000 f25=0x7f800000
     287845.000 ns	     28783	80005f48	01c0ceb3	xor	x29,x1,x28	  x1:0x00000000 x28:0x07ee9bbc x29=0x07ee9bbc
     288205.000 ns	     28819	80005f4c	03334f33	div	x30,x6,x19	  x6:0x10000000 x19:0xfffffedc x30=0xfff1f8fd
     288235.000 ns	     28822	80005f50	28fa0553	fmin.s	f10,f20,f15	 f20:0x7fc00000 f15:0x3ca21ae4 f10=0x3ca21ae4
     288255.000 ns	     28824	80005f54	5f29a093	slti	x1,x19,1522	 x19:0xfffffedc  x1=0x00000001
     288265.000 ns	     28825	80005f58	bee74b93	xori	x23,x14,-1042	 x14:0x80041024 x23=0x7ffbebca
     288625.000 ns	     28861	80005f5c	02d9e5b3	rem	x11,x19,x13	 x19:0xfffffedc x13:0x7fffff80 x11=0xfffffedc
     288655.000 ns	     28864	80005f60	032ebc33	mulhu	x24,x29,x18	 x29:0x07ee9bbc x18:0x3acd4c1a x24=0x01d26bb6
     288695.000 ns	     28868	80005f64	114ac853	fmul.s	f16,f21,f20	 f21:0x00000000 f20:0x7fc00000 f16=0x7fc00000
     288725.000 ns	     28871	80005f68	a0ba1653	flt.s	x12,f20,f11	 f20:0x7fc00000 f11:0x7fc00000 x12=0x00000000
     288755.000 ns	     28874	80005f6c	02b699b3	mulh	x19,x13,x11	 x13:0x7fffff80 x11:0xfffffedc x19=0xffffff6e
     288805.000 ns	     28879	80005f70	09ab31d3	fsub.s	f3,f22,f26	 f22:0x43000000 f26:0x00000000  f3=0x43000000
     288835.000 ns	     28882	80005f74	d00b9853	fcvt.s.w	f16,x23	 x23:0x7ffbebca f16=0x4efff7d7
     288855.000 ns	     28884	80005f78	a71d8a13	addi	x20,x27,-1423	 x27:0xfb5ddff0 x20=0xfb5dda61
     288865.000 ns	     28885	80005f7c	41b20d33	sub	x26,x4,x27	  x4:0xf2187000 x27:0xfb5ddff0 x26=0xf6ba9010
     288885.000 ns	     28887	80005f80	2013a9d3	fsgnjx.s	f19,f7,f1	  f7:0x00000000  f1:0x7fc00000 f19=0x00000000
     288905.000 ns	     28889	80005f84	6f55a613	slti	x12,x11,1781	 x11:0xfffffedc x12=0x00000001
     289265.000 ns	     28925	80005f88	026ec0b3	div	x1,x29,x6	 x29:0x07ee9bbc  x6:0x10000000  x1=0x00000000
     289285.000 ns	     28927	80005f8c	008a64b3	or	x9,x20,x8	 x20:0xfb5dda61  x8:0xacd4c1a0  x9=0xffdddbe1
     289295.000 ns	     28928	80005f90	019754b3	srl	x9,x14,x25	 x14:0x80041024 x25:0xf543fcf8  x9=0x00000080
     289655.000 ns	     28964	80005f94	0230e033	rem	x0,x1,x3	  x1:0x00000000  x3:0x00000001
     289685.000 ns	     28967	80005f98	207da3d3	fsgnjx.s	f7,f27,f7	 f27:0x3acd4c1a  f7:0x00000000  f7=0x3acd4c1a
     289705.000 ns	     28969	80005f9c	00dcfbb3	and	x23,x25,x13	 x25:0xf543fcf8 x13:0x7fffff80 x23=0x7543fc80
     289725.000 ns	     28971	80005fa0	032ab933	mulhu	x18,x21,x18	 x21:0x00000004 x18:0x3acd4c1a x18=0x00000000
     289775.000 ns	     28976	80005fa4	00c07e53	fadd.s	f28,f0,f12	  f0:0x00000000 f12:0x7fc00000 f28=0x7fc00000
     289795.000 ns	     28978	80005fa8	0100be33	sltu	x28,x1,x16	  x1:0x00000000 x16:0x00000004 x28=0x00000001
     289815.000 ns	     28980	80005fac	c007f553	fcvt.w.s	x10,f15	 f15:0x3ca21ae4 x10=0x00000000
     289845.000 ns	     28983	80005fb0	d01d7553	fcvt.s.wu	f10,x26	 x26:0xf6ba9010 f10=0x4f76ba90
     289875.000 ns	     28986	80005fb4	02124d33	div	x26,x4,x1	  x4:0xf2187000  x1:0x00000000 x26=0xffffffff
     290245.000 ns	     29023	80005fb8	029be933	rem	x18,x23,x9	 x23:0x7543fc80  x9:0x00000080 x18=0x00000000
     290265.000 ns	     29025	80005fbc	40f489b3	sub	x19,x9,x15	  x9:0x00000080 x15:0x00000000 x19=0x00000080
     290285.000 ns	     29027	80005fc0	02460b33	mul	x22,x12,x4	 x12:0x00000001  x4:0xf2187000 x22=0xf2187000
     290315.000 ns	     29030	80005fc4	287a94d3	fmax.s	f9,f21,f7	 f21:0x00000000  f7:0x3acd4c1a  f9=0x3acd4c1a
     290345.000 ns	     29033	80005fc8	28039953	fmax.s	f18,f7,f0	  f7:0x3acd4c1a  f0:0x00000000 f18=0x3acd4c1a
     290375.000 ns	     29036	80005fcc	a0180fd3	fle.s	x31,f16,f1	 f16:0x4efff7d7  f1:0x7fc00000 x31=0x00000000
     290405.000 ns	     29039	80005fd0	03ddb7b3	mulhu	x15,x27,x29	 x27:0xfb5ddff0 x29:0x07ee9bbc x15=0x07c9db50
     290425.000 ns	     29041	80005fd4	009f8fb3	add	x31,x31,x9	 x31:0x00000000  x9:0x00000080 x31=0x00000080
     290465.000 ns	     29045	80005fd8	009ff7d3	fadd.s	f15,f31,f9	 f31:0x7f800000  f9:0x3acd4c1a f15=0x7f800000
     290485.000 ns	     29047	80005fdc	00000013	addi	x0,x0,0	  x0:0x00000000
     290495.000 ns	     29048	80005fe0	5d84c293	xori	x5,x9,1496	  x9:0x00000080  x5=0x00000558
     290525.000 ns	     29051	80005fe4	11a2ca53	fmul.s	f20,f5,f26	  f5:0x7fc00000 f26:0x00000000 f20=0x7fc00000
     290575.000 ns	     29056	80005fe8	00db8cd3	fadd.s	f25,f23,f13	 f23:0x80000000 f13:0x4effffff f25=0x4effffff
     290615.000 ns	     29060	80005fec	5807f953	fsqrt.s	f18,f15	 f15:0x7f800000 f18=0x7f800000
     290635.000 ns	     29062	80005ff0	33e62193	slti	x3,x12,830	 x12:0x00000001  x3=0x00000001
     290645.000 ns	     29063	80005ff4	35904297	auipc	x5,0x35904	  x5=0xb5909ff4
     290655.000 ns	     29064	80005ff8	a519f293	andi	x5,x19,-1455	 x19:0x00000080  x5=0x00000000
     290665.000 ns	     29065	80005ffc	00eb62b3	or	x5,x22,x14	 x22:0xf2187000 x14:0x80041024  x5=0xf21c7024
     290675.000 ns	     29066	80006000	01a858b3	srl	x17,x16,x26	 x16:0x00000004 x26:0xffffffff x17=0x00000000
     290695.000 ns	     29068	80006004	e0018cd3	fmv.x.w	x25,f3	  f3:0x43000000 x25=0x43000000
     290725.000 ns	     29071	80006008	03167c33	remu	x24,x12,x17	 x12:0x00000001 x17:0x00000080 x24=0x00000001
     290755.000 ns	     29074	8000600c	a0c600d3	fle.s	x1,f12,f12	 f12:0x7fc00000 f12:0x7fc00000  x1=0x00000000
     290775.000 ns	     29076	80006010	41975693	srai	x13,x14,0x19	 x14:0x80041024 x13=0xffffffc0
     290795.000 ns	     29078	80006014	f0090553	fmv.w.x	f10,x18	 x18:0x00000000 f10=0x00000000
     290825.000 ns	     29081	80006018	f00c0fd3	fmv.w.x	f31,x24	 x24:0x00000001 f31=0x00000001
     290845.000 ns	     29083	8000601c	0188c8b3	xor	x17,x17,x24	 x17:0x00000000 x24:0x00000001 x17=0x00000001
     290855.000 ns	     29084	80006020	6ae1b013	sltiu	x0,x3,1710	  x3:0x00000001
     290875.000 ns	     29086	80006024	213b1f53	fsgnjn.s	f30,f22,f19	 f22:0x43000000 f19:0x00000000 f30=0xc3000000
     290895.000 ns	     29088	80006028	0134b3b3	sltu	x7,x9,x19	  x9:0x00000080 x19:0x00000080  x7=0x00000000
     290925.000 ns	     29091	8000602c	1089c1d3	fmul.s	f3,f19,f8	 f19:0x00000000  f8:0x4455c019  f3=0x00000000
     290945.000 ns	     29093	80006030	019be233	or	x4,x23,x25	 x23:0x7543fc80 x25:0x43000000  x4=0x7743fc80
     290965.000 ns	     29095	80006034	02c435b3	mulhu	x11,x8,x12	  x8:0xacd4c1a0 x12:0x00000001 x11=0x00000000
     290985.000 ns	     29097	80006038	00e219b3	sll	x19,x4,x14	  x4:0xf2187000 x14:0x80041024 x19=0x743fc800
     291345.000 ns	     29133	8000603c	03846bb3	rem	x23,x8,x24	  x8:0xacd4c1a0 x24:0x00000001 x23=0x00000000
     291375.000 ns	     29136	80006040	d0101ad3	fcvt.s.wu	f21,x0	  x0:0x00000000 f21=0x00000000
     291395.000 ns	     29138	80006044	00099d13	slli	x26,x19,0x0	 x19:0x743fc800 x26=0x743fc800
     291405.000 ns	     29139	80006048	40030d33	sub	x26,x6,x0	  x6:0x10000000  x0:0x00000000 x26=0x10000000
     291425.000 ns	     29141	8000604c	031bb533	mulhu	x10,x23,x17	 x23:0x00000000 x17:0x00000001 x10=0x00000000
     291475.000 ns	     29146	80006050	082a7653	fsub.s	f12,f20,f2	 f20:0x7fc00000  f2:0x7f800000 f12=0x7fc00000
     291505.000 ns	     29149	80006054	f00f83d3	fmv.w.x	f7,x31	 x31:0x00000080  f7=0x00000080
     291525.000 ns	     29151	80006058	00d9ec33	or	x24,x19,x13	 x19:0x743fc800 x13:0xffffffc0 x24=0xffffffc0
     291545.000 ns	     29153	8000605c	218cabd3	fsgnjx.s	f23,f25,f24	 f25:0x4effffff f24:0x00000000 f23=0x4effffff
     291575.000 ns	     29156	80006060	e0001953	fclass.s	x18,f0	  f0:0x00000000 x18=0x00000010
     291625.000 ns	     29161	80006064	087e0853	fsub.s	f16,f28,f7	 f28:0x7fc00000  f7:0x00000080 f16=0x7fc00000
     291995.000 ns	     29198	80006068	024dc9b3	div	x19,x27,x4	 x27:0xfb5ddff0  x4:0x7743fc80 x19=0x00000000
     292015.000 ns	     29200	8000606c	0039d093	srli	x1,x19,0x3	 x19:0x743fc800  x1=0x00000000
     292025.000 ns	     29201	80006070	81803f13	sltiu	x30,x0,-2024	  x0:0x00000000 x30=0x00000001
     292045.000 ns	     29203	80006074	e00e9ad3	fclass.s	x21,f29	 f29:0x00000000 x21=0x00000010
     292065.000 ns	     29205	80006078	40985f13	srai	x30,x16,0x9	 x16:0x00000004 x30=0x00000000
     292075.000 ns	     29206	8000607c	40e00bb3	sub	x23,x0,x14	  x0:0x00000000 x14:0x80041024 x23=0x7ffbefdc
     292085.000 ns	     29207	80006080	b99dfd93	andi	x27,x27,-1127	 x27:0xfb5ddff0 x27=0xfb5ddb90
     292095.000 ns	     29208	80006084	01474e33	xor	x28,x14,x20	 x14:0x80041024 x20:0xfb5dda61 x28=0x7b59ca45
     292105.000 ns	     29209	80006088	0121d213	srli	x4,x3,0x12	  x3:0x00000001  x4=0x00000000
     292125.000 ns	     29211	8000608c	a1d79f53	flt.s	x30,f15,f29	 f15:0x7f800000 f29:0x00000000 x30=0x00000000
     292155.000 ns	     29214	80006090	03e7a1b3	mulhsu	x3,x15,x30	 x15:0x07c9db50 x30:0x00000000  x3=0x00000000
     292195.000 ns	     29218	80006094	5800a353	fsqrt.s	f6,f1	  f1:0x7fc00000  f6=0x7fc00000
     292225.000 ns	     29221	80006098	c01e7f53	fcvt.wu.s	x30,f28	 f28:0x7fc00000 x30=0xffffffff
     292255.000 ns	     29224	8000609c	20831853	fsgnjn.s	f16,f6,f8	  f6:0x7fc00000  f8:0x4455c019 f16=0xffc00000
     292285.000 ns	     29227	800060a0	200d23d3	fsgnjx.s	f7,f26,f0	 f26:0x00000000  f0:0x00000000  f7=0x00000000
     292305.000 ns	     29229	800060a4	01058c33	add	x24,x11,x16	 x11:0x00000000 x16:0x00000004 x24=0x00000004
     292325.000 ns	     29231	800060a8	037ea8b3	mulhsu	x17,x29,x23	 x29:0x07ee9bbc x23:0x7ffbefdc x17=0x03f72da3
     292345.000 ns	     29233	800060ac	01da1b93	slli	x23,x20,0x1d	 x20:0xfb5dda61 x23=0x20000000
     292355.000 ns	     29234	800060b0	00fd2433	slt	x8,x26,x15	 x26:0x10000000 x15:0x07c9db50  x8=0x00000000
     292365.000 ns	     29235	800060b4	83b4f1b7	lui	x3,0x83b4f	  x3=0x83b4f000
     292375.000 ns	     29236	800060b8	24b7b793	sltiu	x15,x15,587	 x15:0x07c9db50 x15=0x00000000
     292385.000 ns	     29237	800060bc	415a05b3	sub	x11,x20,x21	 x20:0xfb5dda61 x21:0x00000010 x11=0xfb5dda51
     292405.000 ns	     29239	800060c0	28971053	fmax.s	f0,f14,f9	 f14:0x6fb4e488  f9:0x3acd4c1a  f0=0x6fb4e488
     292425.000 ns	     29241	800060c4	c0ba0393	addi	x7,x20,-1013	 x20:0xfb5dda61  x7=0xfb5dd66c
     292785.000 ns	     29277	800060c8	02e8f0b3	remu	x1,x17,x14	 x17:0x03f72da3 x14:0x80041024  x1=0x03f72da3
     292805.000 ns	     29279	800060cc	015e92b3	sll	x5,x29,x21	 x29:0x07ee9bbc x21:0x00000010  x5=0x9bbc0000
     293165.000 ns	     29315	800060d0	0261da33	divu	x20,x3,x6	  x3:0x83b4f000  x6:0x10000000 x20=0x00000008
     293195.000 ns	     29318	800060d4	289d8d53	fmin.s	f26,f27,f9	 f27:0x3acd4c1a  f9:0x3acd4c1a f26=0x3acd4c1a
     293225.000 ns	     29321	800060d8	284407d3	fmin.s	f15,f8,f4	  f8:0x4455c019  f4:0x7fc00000 f15=0x4455c019
     293265.000 ns	     29325	800060dc	58027553	fsqrt.s	f10,f4	  f4:0x7fc00000 f10=0x7fc00000
     293295.000 ns	     29328	800060e0	028001b3	mul	x3,x0,x8	  x0:0x00000000  x8:0x00000000  x3=0x00000000
     293315.000 ns	     29330	800060e4	011ddd33	srl	x26,x27,x17	 x27:0xfb5ddb90 x17:0x03f72da3 x26=0x1f6bbb72
     293335.000 ns	     29332	800060e8	a182a0d3	feq.s	x1,f5,f24	  f5:0x7fc00000 f24:0x00000000  x1=0x00000000
     293705.000 ns	     29369	800060ec	03cfe6b3	rem	x13,x31,x28	 x31:0x00000080 x28:0x7b59ca45 x13=0x00000080
     293725.000 ns	     29371	800060f0	01209893	slli	x17,x1,0x12	  x1:0x00000000 x17=0x00000000
     293745.000 ns	     29373	800060f4	d019fcd3	fcvt.s.wu	f25,x19	 x19:0x00000000 f25=0x00000000
     293765.000 ns	     29375	800060f8	00e69333	sll	x6,x13,x14	 x13:0x00000080 x14:0x80041024  x6=0x00000800
     293775.000 ns	     29376	800060fc	0162c233	xor	x4,x5,x22	  x5:0x9bbc0000 x22:0xf2187000  x4=0x69a47000
     293785.000 ns	     29377	80006100	0150d193	srli	x3,x1,0x15	  x1:0x00000000  x3=0x00000000
     293815.000 ns	     29380	80006104	58084853	fsqrt.s	f16,f16	 f16:0xffc00000 f16=0x7fc00000
     293845.000 ns	     29383	80006108	021fb9b3	mulhu	x19,x31,x1	 x31:0x00000080  x1:0x00000000 x19=0x00000000
     293875.000 ns	     29386	8000610c	023def33	rem	x30,x27,x3	 x27:0xfb5ddb90  x3:0x00000000 x30=0xfb5ddb90
     293895.000 ns	     29388	80006110	a0e76a93	ori	x21,x14,-1522	 x14:0x80041024 x21=0xfffffa2e
     293915.000 ns	     29390	80006114	e00c0fd3	fmv.x.w	x31,f24	 f24:0x00000000 x31=0x00000000
     293965.000 ns	     29395	80006118	086a99d3	fsub.s	f19,f21,f6	 f21:0x00000000  f6:0x7fc00000 f19=0x7fc00000
     293985.000 ns	     29397	8000611c	01d5feb3	and	x29,x11,x29	 x11:0xfb5dda51 x29:0x07ee9bbc x29=0x034c9a10
     293995.000 ns	     29398	80006120	40b65eb3	sra	x29,x12,x11	 x12:0x00000001 x11:0xfb5dda51 x29=0x00000000
     294005.000 ns	     29399	80006124	0c8e6d17	auipc	x26,0xc8e6	 x26=0x8c8ec124
     294015.000 ns	     29400	80006128	58c6c493	xori	x9,x13,1420	 x13:0x00000080  x9=0x0000050c
     294035.000 ns	     29402	8000612c	c00078d3	fcvt.w.s	x17,f0	  f0:0x6fb4e488 x17=0x7fffffff
     294065.000 ns	     29405	80006130	a08f0f53	fle.s	x30,f30,f8	 f30:0xc3000000  f8:0x4455c019 x30=0x00000001
     294085.000 ns	     29407	80006134	ea0eb617	auipc	x12,0xea0eb	 x12=0x6a0f1134
     294095.000 ns	     29408	80006138	004f9013	slli	x0,x31,0x4	 x31:0x00000000
     294115.000 ns	     29410	8000613c	036f03b3	mul	x7,x30,x22	 x30:0x00000001 x22:0xf2187000  x7=0xf2187000
     294145.000 ns	     29413	80006140	21f4ab53	fsgnjx.s	f22,f9,f31	  f9:0x3acd4c1a f31:0x00000001 f22=0x3acd4c1a
     294175.000 ns	     29416	80006144	20d129d3	fsgnjx.s	f19,f2,f13	  f2:0x7f800000 f13:0x4effffff f19=0x7f800000
     294195.000 ns	     29418	80006148	41e85fb3	sra	x31,x16,x30	 x16:0x00000004 x30:0x00000001 x31=0x00000002
     294205.000 ns	     29419	8000614c	00b42433	slt	x8,x8,x11	  x8:0x00000000 x11:0xfb5dda51  x8=0x00000000
     294565.000 ns	     29455	80006150	02d9ddb3	divu	x27,x19,x13	 x19:0x00000000 x13:0x00000080 x27=0x00000000
     294595.000 ns	     29458	80006154	a0fc27d3	feq.s	x15,f24,f15	 f24:0x00000000 f15:0x4455c019 x15=0x00000000
     294615.000 ns	     29460	80006158	c47a8913	addi	x18,x21,-953	 x21:0xfffffa2e x18=0xfffff675
     294625.000 ns	     29461	8000615c	343b2b93	slti	x23,x22,835	 x22:0xf2187000 x23=0x00000001
     294655.000 ns	     29464	80006160	5801c3d3	fsqrt.s	f7,f3	  f3:0x00000000  f7=0x00000000
     294675.000 ns	     29466	80006164	01a74033	xor	x0,x14,x26	 x14:0x80041024 x26:0x8c8ec124
     294695.000 ns	     29468	80006168	03ebbfb3	mulhu	x31,x23,x30	 x23:0x00000001 x30:0x00000001 x31=0x00000000
     294725.000 ns	     29471	8000616c	e00612d3	fclass.s	x5,f12	 f12:0x7fc00000  x5=0x00000200
     294745.000 ns	     29473	80006170	41aad313	srai	x6,x21,0x1a	 x21:0xfffffa2e  x6=0xffffffff
     294765.000 ns	     29475	80006174	e00781d3	fmv.x.w	x3,f15	 f15:0x4455c019  x3=0x4455c019
     294785.000 ns	     29477	80006178	01974db3	xor	x27,x14,x25	 x14:0x80041024 x25:0x43000000 x27=0xc3041024
     294795.000 ns	     29478	8000617c	71187c13	andi	x24,x16,1809	 x16:0x00000004 x24=0x00000000
     294815.000 ns	     29480	80006180	033a2333	mulhsu	x6,x20,x19	 x20:0x00000008 x19:0x00000000  x6=0x00000000
     294835.000 ns	     29482	80006184	00c21d13	slli	x26,x4,0xc	  x4:0x69a47000 x26=0x47000000
     294845.000 ns	     29483	80006188	00b36617	auipc	x12,0xb36	 x12=0x80b3c188
     294855.000 ns	     29484	8000618c	89a5d217	auipc	x4,0x89a5d	  x4=0x09a6318c
     294865.000 ns	     29485	80006190	e971f313	andi	x6,x3,-361	  x3:0x4455c019  x6=0x4455c011
     294895.000 ns	     29488	80006194	5805f0d3	fsqrt.s	f1,f11	 f11:0x7fc00000  f1=0x7fc00000
     294915.000 ns	     29490	80006198	9a413413	sltiu	x8,x2,-1628	  x2:0x80040fe4  x8=0x00000001
     294935.000 ns	     29492	8000619c	02f4cb33	div	x22,x9,x15	  x9:0x0000050c x15:0x00000000 x22=0xffffffff
     294965.000 ns	     29495	800061a0	d0050cd3	fcvt.s.w	f25,x10	 x10:0x00000000 f25=0x00000000
     294985.000 ns	     29497	800061a4	000a6eb3	or	x29,x20,x0	 x20:0x00000008  x0:0x00000000 x29=0x00000008
     295005.000 ns	     29499	800061a8	200405d3	fsgnj.s	f11,f8,f0	  f8:0x4455c019  f0:0x6fb4e488 f11=0x4455c019
     295025.000 ns	     29501	800061ac	0151df13	srli	x30,x3,0x15	  x3:0x4455c019 x30=0x00000222
     295035.000 ns	     29502	800061b0	006a4433	xor	x8,x20,x6	 x20:0x00000008  x6:0x4455c011  x8=0x4455c019
     295055.000 ns	     29504	800061b4	292188d3	fmin.s	f17,f3,f18	  f3:0x00000000 f18:0x7f800000 f17=0x00000000
     295075.000 ns	     29506	800061b8	79a72693	slti	x13,x14,1946	 x14:0x80041024 x13=0x00000001
     295085.000 ns	     29507	800061bc	01a3d293	srli	x5,x7,0x1a	  x7:0xf2187000  x5=0x0000003c
     295095.000 ns	     29508	800061c0	0d5a4913	xori	x18,x20,213	 x20:0x00000008 x18=0x000000dd
     295105.000 ns	     29509	800061c4	01baf8b3	and	x17,x21,x27	 x21:0xfffffa2e x27:0xc3041024 x17=0xc3041024
     295115.000 ns	     29510	800061c8	011cbf33	sltu	x30,x25,x17	 x25:0x43000000 x17:0x7fffffff x30=0x00000001
     295135.000 ns	     29512	800061cc	02079a33	mulh	x20,x15,x0	 x15:0x00000000  x0:0x00000000 x20=0x00000000
     295155.000 ns	     29514	800061d0	00aeaab3	slt	x21,x29,x10	 x29:0x00000008 x10:0x00000000 x21=0x00000000
     295175.000 ns	     29516	800061d4	20c02c53	fsgnjx.s	f24,f0,f12	  f0:0x6fb4e488 f12:0x7fc00000 f24=0x6fb4e488
     295205.000 ns	     29519	800061d8	214d26d3	fsgnjx.s	f13,f26,f20	 f26:0x3acd4c1a f20:0x7fc00000 f13=0x3acd4c1a
     295225.000 ns	     29521	800061dc	41065cb3	sra	x25,x12,x16	 x12:0x80b3c188 x16:0x00000004 x25=0xf80b3c18
     295585.000 ns	     29557	800061e0	031c50b3	divu	x1,x24,x17	 x24:0x00000000 x17:0xc3041024  x1=0x00000000
     295605.000 ns	     29559	800061e4	41c8dbb3	sra	x23,x17,x28	 x17:0xc3041024 x28:0x7b59ca45 x23=0xfe182081
     295965.000 ns	     29595	800061e8	036ef9b3	remu	x19,x29,x22	 x29:0x00000008 x22:0xffffffff x19=0x00000008
     295995.000 ns	     29598	800061ec	c0167053	fcvt.wu.s	x0,f12	 f12:0x7fc00000
     296025.000 ns	     29601	800061f0	d00e72d3	fcvt.s.w	f5,x28	 x28:0x7b59ca45  f5=0x4ef6b394
     296045.000 ns	     29603	800061f4	00c81293	slli	x5,x16,0xc	 x16:0x00000004  x5=0x00004000
     296405.000 ns	     29639	800061f8	039ddb33	divu	x22,x27,x25	 x27:0xc3041024 x25:0xf80b3c18 x22=0x00000000
     296445.000 ns	     29643	800061fc	103609d3	fmul.s	f19,f12,f3	 f12:0x7fc00000  f3:0x00000000 f19=0x7fc00000
     296475.000 ns	     29646	80006200	d01a43d3	fcvt.s.wu	f7,x20	 x20:0x00000000  f7=0x00000000
     296505.000 ns	     29649	80006204	0387b1b3	mulhu	x3,x15,x24	 x15:0x00000000 x24:0x00000000  x3=0x00000000
     296535.000 ns	     29652	80006208	2170aad3	fsgnjx.s	f21,f1,f23	  f1:0x7fc00000 f23:0x4effffff f21=0x7fc00000
     296555.000 ns	     29654	8000620c	782d4693	xori	x13,x26,1922	 x26:0x47000000 x13=0x47000782
     296575.000 ns	     29656	80006210	20a70853	fsgnj.s	f16,f14,f10	 f14:0x6fb4e488 f10:0x7fc00000 f16=0x6fb4e488
     296615.000 ns	     29660	80006214	11634753	fmul.s	f14,f6,f22	  f6:0x7fc00000 f22:0x3acd4c1a f14=0x7fc00000
     296635.000 ns	     29662	80006218	01785fb3	srl	x31,x16,x23	 x16:0x00000004 x23:0xfe182081 x31=0x00000002
     296655.000 ns	     29664	8000621c	03162533	mulhsu	x10,x12,x17	 x12:0x80b3c188 x17:0xc3041024 x10=0x9f06e732
     296695.000 ns	     29668	80006220	5809c2d3	fsqrt.s	f5,f19	 f19:0x7fc00000  f5=0x7fc00000
     296725.000 ns	     29671	80006224	02f27c33	remu	x24,x4,x15	  x4:0x09a6318c x15:0x00000000 x24=0x09a6318c
     297095.000 ns	     29708	80006228	0220c933	div	x18,x1,x2	  x1:0x00000000  x2:0x80040fe4 x18=0x00000000
     297125.000 ns	     29711	8000622c	020dcab3	div	x21,x27,x0	 x27:0xc3041024  x0:0x00000000 x21=0xffffffff
     297145.000 ns	     29713	80006230	0016a333	slt	x6,x13,x1	 x13:0x47000782  x1:0x00000000  x6=0x00000000
     297155.000 ns	     29714	80006234	0121da13	srli	x20,x3,0x12	  x3:0x00000000 x20=0x00000000
     297165.000 ns	     29715	80006238	0115ef33	or	x30,x11,x17	 x11:0xfb5dda51 x17:0xc3041024 x30=0xfb5dda75
     297185.000 ns	     29717	8000623c	023547b3	div	x15,x10,x3	 x10:0x9f06e732  x3:0x00000000 x15=0xffffffff
     297205.000 ns	     29719	80006240	00464533	xor	x10,x12,x4	 x12:0x80b3c188  x4:0x09a6318c x10=0x8915f004
     297215.000 ns	     29720	80006244	41ff03b3	sub	x7,x30,x31	 x30:0xfb5dda75 x31:0x00000002  x7=0xfb5dda73
     297235.000 ns	     29722	80006248	a15c9553	flt.s	x10,f25,f21	 f25:0x00000000 f21:0x7fc00000 x10=0x00000000
     297265.000 ns	     29725	8000624c	034527b3	mulhsu	x15,x10,x20	 x10:0x8915f004 x20:0x00000000 x15=0x00000000
     297295.000 ns	     29728	80006250	e00293d3	fclass.s	x7,f5	  f5:0x7fc00000  x7=0x00000200
     297665.000 ns	     29765	80006254	0251ceb3	div	x29,x3,x5	  x3:0x00000000  x5:0x00004000 x29=0x00000000
     297685.000 ns	     29767	80006258	0102b4b3	sltu	x9,x5,x16	  x5:0x00004000 x16:0x00000004  x9=0x00000000
     297695.000 ns	     29768	8000625c	01075893	srli	x17,x14,0x10	 x14:0x80041024 x17=0x00008004
     297705.000 ns	     29769	80006260	0127ed33	or	x26,x15,x18	 x15:0x00000000 x18:0x00000000 x26=0x00000000
     297725.000 ns	     29771	80006264	21540a53	fsgnj.s	f20,f8,f21	  f8:0x4455c019 f21:0x7fc00000 f20=0x4455c019
     297755.000 ns	     29774	80006268	02a33fb3	mulhu	x31,x6,x10	  x6:0x00000000 x10:0x00000000 x31=0x00000000
     297795.000 ns	     29778	8000626c	11579253	fmul.s	f4,f15,f21	 f15:0x4455c019 f21:0x7fc00000  f4=0x7fc00000
     297815.000 ns	     29780	80006270	3bbf05b7	lui	x11,0x3bbf0	 x11=0x3bbf0000
     297845.000 ns	     29783	80006274	58031fd3	fsqrt.s	f31,f6	  f6:0x7fc00000 f31=0x7fc00000
     297865.000 ns	     29785	80006278	41e70bb3	sub	x23,x14,x30	 x14:0x80041024 x30:0xfb5dda75 x23=0x84a635af
     297885.000 ns	     29787	8000627c	031b10b3	mulh	x1,x22,x17	 x22:0x00000000 x17:0x00008004  x1=0x00000000
     297905.000 ns	     29789	80006280	013543b3	xor	x7,x10,x19	 x10:0x00000000 x19:0x00000008  x7=0x00000008
     297915.000 ns	     29790	80006284	01391fb3	sll	x31,x18,x19	 x18:0x00000000 x19:0x00000008 x31=0x00000000
     297925.000 ns	     29791	80006288	41bf0db3	sub	x27,x30,x27	 x30:0xfb5dda75 x27:0xc3041024 x27=0x3859ca51
     297935.000 ns	     29792	8000628c	72cf6293	ori	x5,x30,1836	 x30:0xfb5dda75  x5=0xfb5ddf7d
     297945.000 ns	     29793	80006290	34a68893	addi	x17,x13,842	 x13:0x47000782 x17=0x47000acc
     297965.000 ns	     29795	80006294	d005f853	fcvt.s.w	f16,x11	 x11:0x3bbf0000 f16=0x4e6efc00
     297985.000 ns	     29797	80006298	00a1b533	sltu	x10,x3,x10	  x3:0x00000000 x10:0x00000000 x10=0x00000000
     297995.000 ns	     29798	8000629c	00069293	slli	x5,x13,0x0	 x13:0x47000782  x5=0x47000782
     298005.000 ns	     29799	800062a0	00000013	addi	x0,x0,0	  x0:0x00000000
     298025.000 ns	     29801	800062a4	e0038ed3	fmv.x.w	x29,f7	  f7:0x00000000 x29=0x00000000
     298045.000 ns	     29803	800062a8	9eac0317	auipc	x6,0x9eac0	  x6=0x1eac62a8
     298055.000 ns	     29804	800062ac	9856a617	auipc	x12,0x9856a	 x12=0x185702ac
     298065.000 ns	     29805	800062b0	419fd193	srai	x3,x31,0x19	 x31:0x00000000  x3=0x00000000
     298105.000 ns	     29809	800062b4	09441153	fsub.s	f2,f8,f20	  f8:0x4455c019 f20:0x4455c019  f2=0x80000000
     298135.000 ns	     29812	800062b8	f00501d3	fmv.w.x	f3,x10	 x10:0x00000000  f3=0x00000000
     298165.000 ns	     29815	800062bc	02702a33	mulhsu	x20,x0,x7	  x0:0x00000000  x7:0x00000008 x20=0x00000000
     298185.000 ns	     29817	800062c0	01e2abb3	slt	x23,x5,x30	  x5:0x47000782 x30:0xfb5dda75 x23=0x00000000
     298205.000 ns	     29819	800062c4	20c60cd3	fsgnj.s	f25,f12,f12	 f12:0x7fc00000 f12:0x7fc00000 f25=0x7fc00000
     298235.000 ns	     29822	800062c8	f00f0bd3	fmv.w.x	f23,x30	 x30:0xfb5dda75 f23=0xfb5dda75
     298265.000 ns	     29825	800062cc	e00e1cd3	fclass.s	x25,f28	 f28:0x7fc00000 x25=0x00000200
     298295.000 ns	     29828	800062d0	21202fd3	fsgnjx.s	f31,f0,f18	  f0:0x6fb4e488 f18:0x7f800000 f31=0x6fb4e488
     298325.000 ns	     29831	800062d4	20709153	fsgnjn.s	f2,f1,f7	  f1:0x7fc00000  f7:0x00000000  f2=0xffc00000
     298375.000 ns	     29836	800062d8	0995a653	fsub.s	f12,f11,f25	 f11:0x4455c019 f25:0x7fc00000 f12=0x7fc00000
     298395.000 ns	     29838	800062dc	1c0bb493	sltiu	x9,x23,448	 x23:0x00000000  x9=0x00000001
     298405.000 ns	     29839	800062e0	01709793	slli	x15,x1,0x17	  x1:0x00000000 x15=0x00000000
     298415.000 ns	     29840	800062e4	00000013	addi	x0,x0,0	  x0:0x00000000
     298425.000 ns	     29841	800062e8	46073537	lui	x10,0x46073	 x10=0x46073000
     298435.000 ns	     29842	800062ec	1efb7513	andi	x10,x22,495	 x22:0x00000000 x10=0x00000000
     298445.000 ns	     29843	800062f0	019fbbb3	sltu	x23,x31,x25	 x31:0x00000000 x25:0x00000200 x23=0x00000001
     298485.000 ns	     29847	800062f4	00ac0cd3	fadd.s	f25,f24,f10	 f24:0x6fb4e488 f10:0x7fc00000 f25=0x7fc00000
     298515.000 ns	     29850	800062f8	f00d8153	fmv.w.x	f2,x27	 x27:0x3859ca51  f2=0x3859ca51
     298545.000 ns	     29853	800062fc	21a98a53	fsgnj.s	f20,f19,f26	 f19:0x7fc00000 f26:0x3acd4c1a f20=0x7fc00000
     298575.000 ns	     29856	80006300	020b05b3	mul	x11,x22,x0	 x22:0x00000000  x0:0x00000000 x11=0x00000000
     298605.000 ns	     29859	80006304	20c39353	fsgnjn.s	f6,f7,f12	  f7:0x00000000 f12:0x7fc00000  f6=0x80000000
     298975.000 ns	     29896	80006308	03967333	remu	x6,x12,x25	 x12:0x185702ac x25:0x00000200  x6=0x000000ac
     299005.000 ns	     29899	8000630c	28939853	fmax.s	f16,f7,f9	  f7:0x00000000  f9:0x3acd4c1a f16=0x3acd4c1a
     299035.000 ns	     29902	80006310	29e41153	fmax.s	f2,f8,f30	  f8:0x4455c019 f30:0xc3000000  f2=0x4455c019
     299065.000 ns	     29905	80006314	c003acd3	fcvt.w.s	x25,f7	  f7:0x00000000 x25=0x00000000
     299085.000 ns	     29907	80006318	001eaab3	slt	x21,x29,x1	 x29:0x00000000  x1:0x00000000 x21=0x00000000
     299095.000 ns	     29908	8000631c	0172b6b3	sltu	x13,x5,x23	  x5:0x47000782 x23:0x00000001 x13=0x00000000
     299115.000 ns	     29910	80006320	02356633	rem	x12,x10,x3	 x10:0x00000000  x3:0x00000000 x12=0x00000000
     299135.000 ns	     29912	80006324	4cc60893	addi	x17,x12,1228	 x12:0x185702ac x17=0x000004cc
     299165.000 ns	     29915	80006328	100a74d3	fmul.s	f9,f20,f0	 f20:0x7fc00000  f0:0x6fb4e488  f9=0x7fc00000
     299185.000 ns	     29917	8000632c	00000013	addi	x0,x0,0	  x0:0x00000000
     299205.000 ns	     29919	80006330	21532853	fsgnjx.s	f16,f6,f21	  f6:0x80000000 f21:0x7fc00000 f16=0x80000000
     299235.000 ns	     29922	80006334	030e2cb3	mulhsu	x25,x28,x16	 x28:0x7b59ca45 x16:0x00000004 x25=0x00000001
     299265.000 ns	     29925	80006338	0295abb3	mulhsu	x23,x11,x9	 x11:0x00000000  x9:0x00000001 x23=0x00000000
     299285.000 ns	     29927	8000633c	5241a317	auipc	x6,0x5241a	  x6=0xd242033c
     299295.000 ns	     29928	80006340	00000013	addi	x0,x0,0	  x0:0x00000000
     299305.000 ns	     29929	80006344	008f96b3	sll	x13,x31,x8	 x31:0x00000000  x8:0x4455c019 x13=0x00000000
     299345.000 ns	     29933	80006348	09a414d3	fsub.s	f9,f8,f26	  f8:0x4455c019 f26:0x3acd4c1a  f9=0x4455bfff
     299375.000 ns	     29936	8000634c	02c943b3	div	x7,x18,x12	 x18:0x00000000 x12:0x00000000  x7=0xffffffff
     299395.000 ns	     29938	80006350	01806ab3	or	x21,x0,x24	  x0:0x00000000 x24:0x09a6318c x21=0x09a6318c
     299405.000 ns	     29939	80006354	b49dbc13	sltiu	x24,x27,-1207	 x27:0x3859ca51 x24=0x00000001
     299425.000 ns	     29941	80006358	02ef0033	mul	x0,x30,x14	 x30:0xfb5dda75 x14:0x80041024
     299455.000 ns	     29944	8000635c	d005b4d3	fcvt.s.w	f9,x11	 x11:0x00000000  f9=0x00000000
     299485.000 ns	     29947	80006360	d00c7753	fcvt.s.w	f14,x24	 x24:0x00000001 f14=0x3f800000
     299515.000 ns	     29950	80006364	032d51b3	divu	x3,x26,x18	 x26:0x00000000 x18:0x00000000  x3=0xffffffff
     299535.000 ns	     29952	80006368	01bb0933	add	x18,x22,x27	 x22:0x00000000 x27:0x3859ca51 x18=0x3859ca51
     299565.000 ns	     29955	8000636c	192075d3	fdiv.s	f11,f0,f18	  f0:0x6fb4e488 f18:0x7f800000 f11=0x00000000
     299585.000 ns	     29957	80006370	bc2ff413	andi	x8,x31,-1086	 x31:0x00000000  x8=0x00000000
     299605.000 ns	     29959	80006374	a1d205d3	fle.s	x11,f4,f29	  f4:0x7fc00000 f29:0x00000000 x11=0x00000000
     299635.000 ns	     29962	80006378	a0c5a053	feq.s	x0,f11,f12	 f11:0x00000000 f12:0x7fc00000
     299655.000 ns	     29964	8000637c	41fb5213	srai	x4,x22,0x1f	 x22:0x00000000  x4=0x00000000
     299675.000 ns	     29966	80006380	02da0bb3	mul	x23,x20,x13	 x20:0x00000000 x13:0x00000000 x23=0x00000000
     300855.000 ns	     30084	80006384	580fa553	fsqrt.s	f10,f31	 f31:0x6fb4e488 f10=0x57982a3c
     300875.000 ns	     30086	80006388	40db5b33	sra	x22,x22,x13	 x22:0x00000000 x13:0x00000000 x22=0x00000000
     300885.000 ns	     30087	8000638c	975c8437	lui	x8,0x975c8	  x8=0x975c8000
     300895.000 ns	     30088	80006390	010df8b3	and	x17,x27,x16	 x27:0x3859ca51 x16:0x00000004 x17=0x00000000
     300905.000 ns	     30089	80006394	01eb8db3	add	x27,x23,x30	 x23:0x00000000 x30:0xfb5dda75 x27=0xfb5dda75
     300925.000 ns	     30091	80006398	21f627d3	fsgnjx.s	f15,f12,f31	 f12:0x7fc00000 f31:0x6fb4e488 f15=0x7fc00000
     300955.000 ns	     30094	8000639c	c00c06d3	fcvt.w.s	x13,f24	 f24:0x6fb4e488 x13=0x7fffffff
     300995.000 ns	     30098	800063a0	1846f9d3	fdiv.s	f19,f13,f4	 f13:0x3acd4c1a  f4:0x7fc00000 f19=0x7fc00000
     301035.000 ns	     30102	800063a4	5809ad53	fsqrt.s	f26,f19	 f19:0x7fc00000 f26=0x7fc00000
     301055.000 ns	     30104	800063a8	013f38b3	sltu	x17,x30,x19	 x30:0xfb5dda75 x19:0x00000008 x17=0x00000000
     301065.000 ns	     30105	800063ac	0115d9b3	srl	x19,x11,x17	 x11:0x00000000 x17:0x00000000 x19=0x00000000
     301425.000 ns	     30141	800063b0	028de533	rem	x10,x27,x8	 x27:0xfb5dda75  x8:0x975c8000 x10=0xfb5dda75
     301445.000 ns	     30143	800063b4	012e6333	or	x6,x28,x18	 x28:0x7b59ca45 x18:0x3859ca51  x6=0x7b59ca55
     301475.000 ns	     30146	800063b8	11014f53	fmul.s	f30,f2,f16	  f2:0x4455c019 f16:0x80000000 f30=0x80000000
     301845.000 ns	     30183	800063bc	0358dbb3	divu	x23,x17,x21	 x17:0x00000000 x21:0x09a6318c x23=0x00000000
     301865.000 ns	     30185	800063c0	00866e33	or	x28,x12,x8	 x12:0x00000000  x8:0x975c8000 x28=0x975c8000
     301875.000 ns	     30186	800063c4	00000013	addi	x0,x0,0	  x0:0x00000000
     301885.000 ns	     30187	800063c8	da81ff13	andi	x30,x3,-600	  x3:0xffffffff x30=0xfffffda8
     301905.000 ns	     30189	800063cc	039f9433	mulh	x8,x31,x25	 x31:0x00000000 x25:0x00000001  x8=0x00000000
     301935.000 ns	     30192	800063d0	21d62ad3	fsgnjx.s	f21,f12,f29	 f12:0x7fc00000 f29:0x00000000 f21=0x7fc00000
     301965.000 ns	     30195	800063d4	a1c6ac53	feq.s	x24,f13,f28	 f13:0x3acd4c1a f28:0x7fc00000 x24=0x00000000
     301985.000 ns	     30197	800063d8	00a904b3	add	x9,x18,x10	 x18:0x3859ca51 x10:0xfb5dda75  x9=0x33b7a4c6
     302005.000 ns	     30199	800063dc	e0008a53	fmv.x.w	x20,f1	  f1:0x7fc00000 x20=0x7fc00000
     302025.000 ns	     30201	800063e0	01f42033	slt	x0,x8,x31	  x8:0x00000000 x31:0x00000000
     302035.000 ns	     30202	800063e4	b2ff8c13	addi	x24,x31,-1233	 x31:0x00000000 x24=0xfffffb2f
     302055.000 ns	     30204	800063e8	e0069b53	fclass.s	x22,f13	 f13:0x3acd4c1a x22=0x00000040
     302085.000 ns	     30207	800063ec	02d9b633	mulhu	x12,x19,x13	 x19:0x00000000 x13:0x7fffffff x12=0x00000000
     302105.000 ns	     30209	800063f0	00097933	and	x18,x18,x0	 x18:0x3859ca51  x0:0x00000000 x18=0x00000000
     302465.000 ns	     30245	800063f4	02587e33	remu	x28,x16,x5	 x16:0x00000004  x5:0x47000782 x28=0x00000004
     302485.000 ns	     30247	800063f8	78188093	addi	x1,x17,1921	 x17:0x00000000  x1=0x00000781
     302505.000 ns	     30249	800063fc	e00200d3	fmv.x.w	x1,f4	  f4:0x7fc00000  x1=0x7fc00000
     302535.000 ns	     30252	80006400	d0142253	fcvt.s.wu	f4,x8	  x8:0x00000000  f4=0x00000000
     302565.000 ns	     30255	80006404	d0077e53	fcvt.s.w	f28,x14	 x14:0x80041024 f28=0xcefff7df
     302595.000 ns	     30258	80006408	a12c09d3	fle.s	x19,f24,f18	 f24:0x6fb4e488 f18:0x7f800000 x19=0x00000001
     302645.000 ns	     30263	8000640c	09ca3553	fsub.s	f10,f20,f28	 f20:0x7fc00000 f28:0xcefff7df f10=0x7fc00000
     303825.000 ns	     30381	80006410	5806b7d3	fsqrt.s	f15,f13	 f13:0x3acd4c1a f15=0x3ca21ae4
     303855.000 ns	     30384	80006414	02047533	remu	x10,x8,x0	  x8:0x00000000  x0:0x00000000 x10=0x00000000
     303885.000 ns	     30387	80006418	e00e86d3	fmv.x.w	x13,f29	 f29:0x00000000 x13=0x00000000
     303905.000 ns	     30389	8000641c	f729e613	ori	x12,x19,-142	 x19:0x00000001 x12=0xffffff73
     303925.000 ns	     30391	80006420	e0020453	fmv.x.w	x8,f4	  f4:0x00000000  x8=0x00000000
     303945.000 ns	     30393	80006424	05180b13	addi	x22,x16,81	 x16:0x00000004 x22=0x00000055
     303975.000 ns	     30396	80006428	11662f53	fmul.s	f30,f12,f22	 f12:0x7fc00000 f22:0x3acd4c1a f30=0x7fc00000
     303995.000 ns	     30398	8000642c	42f3d8b7	lui	x17,0x42f3d	 x17=0x42f3d000
     304015.000 ns	     30400	80006430	d0000753	fcvt.s.w	f14,x0	  x0:0x00000000 f14=0x00000000
     304045.000 ns	     30403	80006434	a1cc8b53	fle.s	x22,f25,f28	 f25:0x7fc00000 f28:0xcefff7df x22=0x00000000
     304065.000 ns	     30405	80006438	01a041b3	xor	x3,x0,x26	  x0:0x00000000 x26:0x00000000  x3=0x00000000
     304075.000 ns	     30406	8000643c	0031df93	srli	x31,x3,0x3	  x3:0xffffffff x31=0x00000000
     304095.000 ns	     30408	80006440	21cb89d3	fsgnj.s	f19,f23,f28	 f23:0xfb5dda75 f28:0xcefff7df f19=0xfb5dda75
     304125.000 ns	     30411	80006444	a01e2453	feq.s	x8,f28,f1	 f28:0xcefff7df  f1:0x7fc00000  x8=0x00000000
     304145.000 ns	     30413	80006448	90bfbc13	sltiu	x24,x31,-1781	 x31:0x00000000 x24=0x00000001
     304155.000 ns	     30414	8000644c	007e9933	sll	x18,x29,x7	 x29:0x00000000  x7:0xffffffff x18=0x00000000
     304165.000 ns	     30415	80006450	00429993	slli	x19,x5,0x4	  x5:0x47000782 x19=0x70007820
     304185.000 ns	     30417	80006454	e00389d3	fmv.x.w	x19,f7	  f7:0x00000000 x19=0x00000000
     304215.000 ns	     30420	80006458	a1478453	fle.s	x8,f15,f20	 f15:0x3ca21ae4 f20:0x7fc00000  x8=0x00000000
     304245.000 ns	     30423	8000645c	29f29253	fmax.s	f4,f5,f31	  f5:0x7fc00000 f31:0x6fb4e488  f4=0x6fb4e488
     304615.000 ns	     30460	80006460	039c46b3	div	x13,x24,x25	 x24:0x00000001 x25:0x00000001 x13=0x00000001
     304645.000 ns	     30463	80006464	21149553	fsgnjn.s	f10,f9,f17	  f9:0x00000000 f17:0x00000000 f10=0x80000000
     304675.000 ns	     30466	80006468	d01df9d3	fcvt.s.wu	f19,x27	 x27:0xfb5dda75 f19=0x4f7b5dda
     304705.000 ns	     30469	8000646c	e00e82d3	fmv.x.w	x5,f29	 f29:0x00000000  x5=0x00000000
     304735.000 ns	     30472	80006470	29ce09d3	fmin.s	f19,f28,f28	 f28:0xcefff7df f28:0xcefff7df f19=0xcefff7df
     304765.000 ns	     30475	80006474	215d0953	fsgnj.s	f18,f26,f21	 f26:0x7fc00000 f21:0x7fc00000 f18=0x7fc00000
     304795.000 ns	     30478	80006478	c01a7253	fcvt.wu.s	x4,f20	 f20:0x7fc00000  x4=0xffffffff
     304825.000 ns	     30481	8000647c	e0059c53	fclass.s	x24,f11	 f11:0x00000000 x24=0x00000010
     304845.000 ns	     30483	80006480	ebfe9f97	auipc	x31,0xebfe9	 x31=0x6bfef480
     304855.000 ns	     30484	80006484	01be1013	slli	x0,x28,0x1b	 x28:0x00000004
     304865.000 ns	     30485	80006488	01564bb3	xor	x23,x12,x21	 x12:0xffffff73 x21:0x09a6318c x23=0xf659ceff
     304875.000 ns	     30486	8000648c	f21759b7	lui	x19,0xf2175	 x19=0xf2175000
     304895.000 ns	     30488	80006490	a0efa053	feq.s	x0,f31,f14	 f31:0x6fb4e488 f14:0x00000000
     304915.000 ns	     30490	80006494	0189fc33	and	x24,x19,x24	 x19:0x00000000 x24:0x00000010 x24=0x00000000
     304925.000 ns	     30491	80006498	004bb533	sltu	x10,x23,x4	 x23:0xf659ceff  x4:0xffffffff x10=0x00000001
     304935.000 ns	     30492	8000649c	41a10033	sub	x0,x2,x26	  x2:0x80040fe4 x26:0x00000000
     304945.000 ns	     30493	800064a0	d2aaa213	slti	x4,x21,-726	 x21:0x09a6318c  x4=0x00000000
     304955.000 ns	     30494	800064a4	a1f76693	ori	x13,x14,-1505	 x14:0x80041024 x13=0xfffffa3f
     304965.000 ns	     30495	800064a8	004173b3	and	x7,x2,x4	  x2:0x80040fe4  x4:0xffffffff  x7=0x00000000
     304985.000 ns	     30497	800064ac	f0070dd3	fmv.w.x	f27,x14	 x14:0x80041024 f27=0x80041024
     305005.000 ns	     30499	800064b0	00000013	addi	x0,x0,0	  x0:0x00000000
     305035.000 ns	     30502	800064b4	5800bcd3	fsqrt.s	f25,f1	  f1:0x7fc00000 f25=0x7fc00000
     305085.000 ns	     30507	800064b8	01e278d3	fadd.s	f17,f4,f30	  f4:0x6fb4e488 f30:0x7fc00000 f17=0x7fc00000
     305115.000 ns	     30510	800064bc	0245ba33	mulhu	x20,x11,x4	 x11:0x00000000  x4:0x00000000 x20=0x00000000
     305145.000 ns	     30513	800064c0	c019c3d3	fcvt.wu.s	x7,f19	 f19:0xcefff7df  x7=0x7ffbef80
     305175.000 ns	     30516	800064c4	032d13b3	mulh	x7,x26,x18	 x26:0x00000000 x18:0x00000000  x7=0x00000000
     305195.000 ns	     30518	800064c8	00464233	xor	x4,x12,x4	 x12:0xffffff73  x4:0x00000000  x4=0xffffff73
     305225.000 ns	     30521	800064cc	11b4f553	fmul.s	f10,f9,f27	  f9:0x00000000 f27:0x80041024 f10=0x80000000
     305595.000 ns	     30558	800064d0	039d5433	divu	x8,x26,x25	 x26:0x00000000 x25:0x00000001  x8=0x00000000
     305615.000 ns	     30560	800064d4	00000013	addi	x0,x0,0	  x0:0x00000000
     305625.000 ns	     30561	800064d8	c1f50eb7	lui	x29,0xc1f50	 x29=0xc1f50000
     305635.000 ns	     30562	800064dc	813c3913	sltiu	x18,x24,-2029	 x24:0x00000000 x18=0x00000001
     305655.000 ns	     30564	800064e0	28348553	fmin.s	f10,f9,f3	  f9:0x00000000  f3:0x00000000 f10=0x00000000
     305675.000 ns	     30566	800064e4	01f39193	slli	x3,x7,0x1f	  x7:0x00000000  x3=0x00000000
     305685.000 ns	     30567	800064e8	3cdb2093	slti	x1,x22,973	 x22:0x00000000  x1=0x00000001
     305705.000 ns	     30569	800064ec	21328e53	fsgnj.s	f28,f5,f19	  f5:0x7fc00000 f19:0xcefff7df f28=0xffc00000
     305735.000 ns	     30572	800064f0	e00e13d3	fclass.s	x7,f28	 f28:0xcefff7df  x7=0x00000200
     305765.000 ns	     30575	800064f4	e00488d3	fmv.x.w	x17,f9	  f9:0x00000000 x17=0x00000000
     305795.000 ns	     30578	800064f8	c00fcd53	fcvt.w.s	x26,f31	 f31:0x6fb4e488 x26=0x7fffffff
     305815.000 ns	     30580	800064fc	01288f33	add	x30,x17,x18	 x17:0x00000000 x18:0x00000001 x30=0x00000001
     305825.000 ns	     30581	80006500	6179ec93	ori	x25,x19,1559	 x19:0xf2175000 x25=0xf2175617
     305835.000 ns	     30582	80006504	20b1c793	xori	x15,x3,523	  x3:0x00000000 x15=0x0000020b
     305865.000 ns	     30585	80006508	58087d53	fsqrt.s	f26,f16	 f16:0x80000000 f26=0x80000000
     305885.000 ns	     30587	8000650c	005950b3	srl	x1,x18,x5	 x18:0x00000001  x5:0x00000000  x1=0x00000001
     305905.000 ns	     30589	80006510	2066a2d3	fsgnjx.s	f5,f13,f6	 f13:0x3acd4c1a  f6:0x80000000  f5=0xbacd4c1a
     305935.000 ns	     30592	80006514	03253fb3	mulhu	x31,x10,x18	 x10:0x00000001 x18:0x00000001 x31=0x00000000
     305955.000 ns	     30594	80006518	017d1e93	slli	x29,x26,0x17	 x26:0x7fffffff x29=0xff800000
     305965.000 ns	     30595	8000651c	417bdcb3	sra	x25,x23,x23	 x23:0xf659ceff x23:0xf659ceff x25=0xffffffff
     305975.000 ns	     30596	80006520	a5decd93	xori	x27,x29,-1443	 x29:0xc1f50000 x27=0x007ffa5d
     305995.000 ns	     30598	80006524	02edb8b3	mulhu	x17,x27,x14	 x27:0xfb5dda75 x14:0x80041024 x17=0x003fff36
     306015.000 ns	     30600	80006528	86b85217	auipc	x4,0x86b85	  x4=0x06b8b528
     306035.000 ns	     30602	8000652c	0202ca33	div	x20,x5,x0	  x5:0x00000000  x0:0x00000000 x20=0xffffffff
     306065.000 ns	     30605	80006530	0363eeb3	rem	x29,x7,x22	  x7:0x00000200 x22:0x00000000 x29=0x00000200
     306095.000 ns	     30608	80006534	d014f953	fcvt.s.wu	f18,x9	  x9:0x33b7a4c6 f18=0x4e4ede93
     306115.000 ns	     30610	80006538	eafb0913	addi	x18,x22,-337	 x22:0x00000000 x18=0xfffffeaf
     306135.000 ns	     30612	8000653c	a1738ad3	fle.s	x21,f7,f23	  f7:0x00000000 f23:0xfb5dda75 x21=0x00000000
     306155.000 ns	     30614	80006540	fe1bef13	ori	x30,x23,-31	 x23:0xf659ceff x30=0xffffffff
     306175.000 ns	     30616	80006544	a1120553	fle.s	x10,f4,f17	  f4:0x6fb4e488 f17:0x7fc00000 x10=0x00000000
     306195.000 ns	     30618	80006548	00e52f33	slt	x30,x10,x14	 x10:0x00000001 x14:0x80041024 x30=0x00000000
     306215.000 ns	     30620	8000654c	031eb9b3	mulhu	x19,x29,x17	 x29:0x00000200 x17:0x003fff36 x19=0x00000000
     306235.000 ns	     30622	80006550	b4db7d93	andi	x27,x22,-1203	 x22:0x00000000 x27=0x00000000
     306255.000 ns	     30624	80006554	28eb9353	fmax.s	f6,f23,f14	 f23:0xfb5dda75 f14:0x00000000  f6=0x00000000
     306285.000 ns	     30627	80006558	033f7433	remu	x8,x30,x19	 x30:0x00000000 x19:0x00000000  x8=0x00000000
     306315.000 ns	     30630	8000655c	f00f05d3	fmv.w.x	f11,x30	 x30:0x00000000 f11=0x00000000
     306345.000 ns	     30633	80006560	036fa233	mulhsu	x4,x31,x22	 x31:0x00000000 x22:0x00000000  x4=0x00000000
     306375.000 ns	     30636	80006564	d00ffa53	fcvt.s.w	f20,x31	 x31:0x00000000 f20=0x00000000
     306405.000 ns	     30639	80006568	287e8d53	fmin.s	f26,f29,f7	 f29:0x00000000  f7:0x00000000 f26=0x00000000
     306435.000 ns	     30642	8000656c	d005ff53	fcvt.s.w	f30,x11	 x11:0x00000000 f30=0x00000000
     306455.000 ns	     30644	80006570	00dd2593	slti	x11,x26,13	 x26:0x7fffffff x11=0x00000000
     306495.000 ns	     30648	80006574	002cb953	fadd.s	f18,f25,f2	 f25:0x7fc00000  f2:0x4455c019 f18=0x7fc00000
     306525.000 ns	     30651	80006578	208fa053	fsgnjx.s	f0,f31,f8	 f31:0x6fb4e488  f8:0x4455c019  f0=0x6fb4e488
     306545.000 ns	     30653	8000657c	0010db13	srli	x22,x1,0x1	  x1:0x00000001 x22=0x00000000
     306565.000 ns	     30655	80006580	03355d33	divu	x26,x10,x19	 x10:0x00000000 x19:0x00000000 x26=0xffffffff
     306595.000 ns	     30658	80006584	e0088f53	fmv.x.w	x30,f17	 f17:0x7fc00000 x30=0x7fc00000
     306615.000 ns	     30660	80006588	0b38e413	ori	x8,x17,179	 x17:0x003fff36  x8=0x003fffb7
     306625.000 ns	     30661	8000658c	01741393	slli	x7,x8,0x17	  x8:0x00000000  x7=0xdb800000
     306645.000 ns	     30663	80006590	211b18d3	fsgnjn.s	f17,f22,f17	 f22:0x3acd4c1a f17:0x7fc00000 f17=0xbacd4c1a
     306675.000 ns	     30666	80006594	0393adb3	mulhsu	x27,x7,x25	  x7:0x00000200 x25:0xffffffff x27=0xdb800000
     306695.000 ns	     30668	80006598	3bf3f893	andi	x17,x7,959	  x7:0xdb800000 x17=0x00000000
     306705.000 ns	     30669	8000659c	40b75313	srai	x6,x14,0xb	 x14:0x80041024  x6=0xfff00082
     306715.000 ns	     30670	800065a0	d728bf97	auipc	x31,0xd728b	 x31=0x572915a0
     306735.000 ns	     30672	800065a4	0380dcb3	divu	x25,x1,x24	  x1:0x00000001 x24:0x00000000 x25=0xffffffff
     306775.000 ns	     30676	800065a8	10494c53	fmul.s	f24,f18,f4	 f18:0x7fc00000  f4:0x6fb4e488 f24=0x7fc00000
     306795.000 ns	     30678	800065ac	ea103313	sltiu	x6,x0,-351	  x0:0x00000000  x6=0x00000001
     306835.000 ns	     30682	800065b0	09a1b4d3	fsub.s	f9,f3,f26	  f3:0x00000000 f26:0x00000000  f9=0x80000000
     306865.000 ns	     30685	800065b4	d0147d53	fcvt.s.wu	f26,x8	  x8:0x003fffb7 f26=0x4a7ffedc
     306895.000 ns	     30688	800065b8	a0aba953	feq.s	x18,f23,f10	 f23:0xfb5dda75 f10:0x00000000 x18=0x00000000
     306915.000 ns	     30690	800065bc	b34b2c13	slti	x24,x22,-1228	 x22:0x00000000 x24=0x00000000
     307275.000 ns	     30726	800065c0	028d6933	rem	x18,x26,x8	 x26:0xffffffff  x8:0x003fffb7 x18=0xffffffff
     307305.000 ns	     30729	800065c4	026a32b3	mulhu	x5,x20,x6	 x20:0xffffffff  x6:0x00000001  x5=0x00000000
     307335.000 ns	     30732	800065c8	f00381d3	fmv.w.x	f3,x7	  x7:0xdb800000  f3=0xdb800000
     307355.000 ns	     30734	800065cc	016cd213	srli	x4,x25,0x16	 x25:0xffffffff  x4=0x000003ff
     307365.000 ns	     30735	800065d0	13c88b93	addi	x23,x17,316	 x17:0x00000000 x23=0x0000013c
     307375.000 ns	     30736	800065d4	3859ef37	lui	x30,0x3859e	 x30=0x3859e000
     307395.000 ns	     30738	800065d8	a13a95d3	flt.s	x11,f21,f19	 f21:0x7fc00000 f19:0xcefff7df x11=0x00000000
     307765.000 ns	     30775	800065dc	02e8f9b3	remu	x19,x17,x14	 x17:0x00000000 x14:0x80041024 x19=0x00000000
     307785.000 ns	     30777	800065e0	01bd59b3	srl	x19,x26,x27	 x26:0xffffffff x27:0xdb800000 x19=0xffffffff
     307795.000 ns	     30778	800065e4	417609b3	sub	x19,x12,x23	 x12:0xffffff73 x23:0x0000013c x19=0xfffffe37
     307805.000 ns	     30779	800065e8	01f1c5b3	xor	x11,x3,x31	  x3:0x00000000 x31:0x572915a0 x11=0x572915a0
     307815.000 ns	     30780	800065ec	0060ba33	sltu	x20,x1,x6	  x1:0x00000001  x6:0x00000001 x20=0x00000000
     307835.000 ns	     30782	800065f0	a1ec1d53	flt.s	x26,f24,f30	 f24:0x7fc00000 f30:0x00000000 x26=0x00000000
     307855.000 ns	     30784	800065f4	28e2d217	auipc	x4,0x28e2d	  x4=0xa8e335f4
     307895.000 ns	     30788	800065f8	0995ff53	fsub.s	f30,f11,f25	 f11:0x00000000 f25:0x7fc00000 f30=0x7fc00000
     307925.000 ns	     30791	800065fc	a0de08d3	fle.s	x17,f28,f13	 f28:0xffc00000 f13:0x3acd4c1a x17=0x00000000
     307955.000 ns	     30794	80006600	c00475d3	fcvt.w.s	x11,f8	  f8:0x4455c019 x11=0x00000357
     308325.000 ns	     30831	80006604	03ce43b3	div	x7,x28,x28	 x28:0x00000004 x28:0x00000004  x7=0x00000001
     308355.000 ns	     30834	80006608	29080553	fmin.s	f10,f16,f16	 f16:0x80000000 f16:0x80000000 f10=0x80000000
     308375.000 ns	     30836	8000660c	01fe1933	sll	x18,x28,x31	 x28:0x00000004 x31:0x572915a0 x18=0x00000004
     308395.000 ns	     30838	80006610	a1c920d3	feq.s	x1,f18,f28	 f18:0x7fc00000 f28:0xffc00000  x1=0x00000000
     308415.000 ns	     30840	80006614	7d980c17	auipc	x24,0x7d980	 x24=0xfd986614
     308425.000 ns	     30841	80006618	0e033e13	sltiu	x28,x6,224	  x6:0x00000001 x28=0x00000001
     308435.000 ns	     30842	8000661c	00685d93	srli	x27,x16,0x6	 x16:0x00000004 x27=0x00000000
     308455.000 ns	     30844	80006620	c0030dd3	fcvt.w.s	x27,f6	  f6:0x00000000 x27=0x00000000
     308505.000 ns	     30849	80006624	011585d3	fadd.s	f11,f11,f17	 f11:0x00000000 f17:0xbacd4c1a f11=0xbacd4c1a
     308535.000 ns	     30852	80006628	2116aad3	fsgnjx.s	f21,f13,f17	 f13:0x3acd4c1a f17:0xbacd4c1a f21=0xbacd4c1a
     308905.000 ns	     30889	8000662c	0393f1b3	remu	x3,x7,x25	  x7:0x00000001 x25:0xffffffff  x3=0x00000001
     308925.000 ns	     30891	80006630	710a8e93	addi	x29,x21,1808	 x21:0x00000000 x29=0x00000710
     308945.000 ns	     30893	80006634	d01935d3	fcvt.s.wu	f11,x18	 x18:0x00000004 f11=0x40800000
     308975.000 ns	     30896	80006638	20a92653	fsgnjx.s	f12,f18,f10	 f18:0x7fc00000 f10:0x80000000 f12=0xffc00000
     309025.000 ns	     30901	8000663c	00a6ffd3	fadd.s	f31,f13,f10	 f13:0x3acd4c1a f10:0x80000000 f31=0x3acd4c1a
     309045.000 ns	     30903	80006640	014cdd93	srli	x27,x25,0x14	 x25:0xffffffff x27=0x00000fff
     309055.000 ns	     30904	80006644	011bf4b3	and	x9,x23,x17	 x23:0x0000013c x17:0x00000000  x9=0x00000000
     309075.000 ns	     30906	80006648	d00836d3	fcvt.s.w	f13,x16	 x16:0x00000004 f13=0x40800000
     309105.000 ns	     30909	8000664c	a1d219d3	flt.s	x19,f4,f29	  f4:0x6fb4e488 f29:0x00000000 x19=0x00000000
     309125.000 ns	     30911	80006650	48f146b7	lui	x13,0x48f14	 x13=0x48f14000
     309135.000 ns	     30912	80006654	f909a393	slti	x7,x19,-112	 x19:0x00000000  x7=0x00000000
     309165.000 ns	     30915	80006658	10359553	fmul.s	f10,f11,f3	 f11:0x40800000  f3:0xdb800000 f10=0xdc800000
     309195.000 ns	     30918	8000665c	28859bd3	fmax.s	f23,f11,f8	 f11:0x40800000  f8:0x4455c019 f23=0x4455c019
     309225.000 ns	     30921	80006660	0367f633	remu	x12,x15,x22	 x15:0x0000020b x22:0x00000000 x12=0x0000020b
     309275.000 ns	     30926	80006664	099b7553	fsub.s	f10,f22,f25	 f22:0x3acd4c1a f25:0x7fc00000 f10=0x7fc00000
     309295.000 ns	     30928	80006668	40f45c13	srai	x24,x8,0xf	  x8:0x003fffb7 x24=0x0000007f
     309325.000 ns	     30931	8000666c	10cdff53	fmul.s	f30,f27,f12	 f27:0x80041024 f12:0xffc00000 f30=0x7fc00000
     309345.000 ns	     30933	80006670	00949633	sll	x12,x9,x9	  x9:0x00000000  x9:0x00000000 x12=0x00000000
     309355.000 ns	     30934	80006674	010b9db3	sll	x27,x23,x16	 x23:0x0000013c x16:0x00000004 x27=0x000013c0
     309375.000 ns	     30936	80006678	29cb8dd3	fmin.s	f27,f23,f28	 f23:0x4455c019 f28:0xffc00000 f27=0x4455c019
     309395.000 ns	     30938	8000667c	c73e0497	auipc	x9,0xc73e0	  x9=0x473e667c
     309435.000 ns	     30942	80006680	009aa953	fadd.s	f18,f21,f9	 f21:0xbacd4c1a  f9:0x80000000 f18=0xbacd4c1a
     309465.000 ns	     30945	80006684	02c051b3	divu	x3,x0,x12	  x0:0x00000000 x12:0x00000000  x3=0xffffffff
     309485.000 ns	     30947	80006688	41215eb3	sra	x29,x2,x18	  x2:0x80040fe4 x18:0x00000004 x29=0xf80040fe
     309495.000 ns	     30948	8000668c	0f56a093	slti	x1,x13,245	 x13:0x48f14000  x1=0x00000000
     309515.000 ns	     30950	80006690	e00f9cd3	fclass.s	x25,f31	 f31:0x3acd4c1a x25=0x00000040
     309535.000 ns	     30952	80006694	40d10533	sub	x10,x2,x13	  x2:0x80040fe4 x13:0x48f14000 x10=0x3712cfe4
     309545.000 ns	     30953	80006698	ef681bb7	lui	x23,0xef681	 x23=0xef681000
     310715.000 ns	     31070	8000669c	5805f3d3	fsqrt.s	f7,f11	 f11:0x40800000  f7=0x3fffffae
     310745.000 ns	     31073	800066a0	d01f80d3	fcvt.s.wu	f1,x31	 x31:0x572915a0  f1=0x4eae522b
     310775.000 ns	     31076	800066a4	02338fb3	mul	x31,x7,x3	  x7:0x00000000  x3:0xffffffff x31=0x00000000
     310805.000 ns	     31079	800066a8	e00e01d3	fmv.x.w	x3,f28	 f28:0xffc00000  x3=0xffc00000
     310825.000 ns	     31081	800066ac	00000013	addi	x0,x0,0	  x0:0x00000000
     310835.000 ns	     31082	800066b0	20529517	auipc	x10,0x20529	 x10=0xa052f6b0
     310845.000 ns	     31083	800066b4	01ed2933	slt	x18,x26,x30	 x26:0x00000000 x30:0x3859e000 x18=0x00000001
     310885.000 ns	     31087	800066b8	00ba7fd3	fadd.s	f31,f20,f11	 f20:0x00000000 f11:0x40800000 f31=0x40800000
     310905.000 ns	     31089	800066bc	41c25b33	sra	x22,x4,x28	  x4:0xa8e335f4 x28:0x00000001 x22=0xd4719afa
     310915.000 ns	     31090	800066c0	8e9d2393	slti	x7,x26,-1815	 x26:0x00000000  x7=0x00000000
     310925.000 ns	     31091	800066c4	40088b33	sub	x22,x17,x0	 x17:0x00000000  x0:0x00000000 x22=0x00000000
     310945.000 ns	     31093	800066c8	0358ea33	rem	x20,x17,x21	 x17:0x00000000 x21:0x00000000 x20=0x00000000
     310965.000 ns	     31095	800066cc	0145bbb3	sltu	x23,x11,x20	 x11:0x00000357 x20:0x00000000 x23=0x00000000
     310975.000 ns	     31096	800066d0	01359593	slli	x11,x11,0x13	 x11:0x00000357 x11=0x1ab80000
     310995.000 ns	     31098	800066d4	d01ff453	fcvt.s.wu	f8,x31	 x31:0x00000000  f8=0x00000000
     311015.000 ns	     31100	800066d8	00c55f93	srli	x31,x10,0xc	 x10:0xa052f6b0 x31=0x000a052f
     311025.000 ns	     31101	800066dc	65fa9e17	auipc	x28,0x65fa9	 x28=0xe5faf6dc
     311045.000 ns	     31103	800066e0	d009f453	fcvt.s.w	f8,x19	 x19:0x00000000  f8=0x00000000
     311065.000 ns	     31105	800066e4	00000013	addi	x0,x0,0	  x0:0x00000000
     311085.000 ns	     31107	800066e8	21a19d53	fsgnjn.s	f26,f3,f26	  f3:0xdb800000 f26:0x4a7ffedc f26=0xdb800000
     311105.000 ns	     31109	800066ec	df1b0c93	addi	x25,x22,-527	 x22:0x00000000 x25=0xfffffdf1
     311125.000 ns	     31111	800066f0	29d51053	fmax.s	f0,f10,f29	 f10:0x7fc00000 f29:0x00000000  f0=0x00000000
     311145.000 ns	     31113	800066f4	0009e7b3	or	x15,x19,x0	 x19:0x00000000  x0:0x00000000 x15=0x00000000
     311165.000 ns	     31115	800066f8	d002ba53	fcvt.s.w	f20,x5	  x5:0x00000000 f20=0x00000000
     311535.000 ns	     31152	800066fc	02b141b3	div	x3,x2,x11	  x2:0x80040fe4 x11:0x1ab80000  x3=0xfffffffc
     311905.000 ns	     31189	80006700	02314933	div	x18,x2,x3	  x2:0x80040fe4  x3:0xffc00000 x18=0x1ffefc07
     311935.000 ns	     31192	80006704	e00f1553	fclass.s	x10,f30	 f30:0x7fc00000 x10=0x00000200
     311965.000 ns	     31195	80006708	c0083053	fcvt.w.s	x0,f16	 f16:0x80000000
     311995.000 ns	     31198	8000670c	212e1853	fsgnjn.s	f16,f28,f18	 f28:0xffc00000 f18:0xbacd4c1a f16=0x7fc00000
     312025.000 ns	     31201	80006710	a0e88653	fle.s	x12,f17,f14	 f17:0xbacd4c1a f14:0x00000000 x12=0x00000001
     312045.000 ns	     31203	80006714	001e58b3	srl	x17,x28,x1	 x28:0xe5faf6dc  x1:0x00000000 x17=0xe5faf6dc
     312405.000 ns	     31239	80006718	02c76eb3	rem	x29,x14,x12	 x14:0x80041024 x12:0x00000001 x29=0x00000000
     312435.000 ns	     31242	8000671c	c00175d3	fcvt.w.s	x11,f2	  f2:0x4455c019 x11=0x00000357
     312455.000 ns	     31244	80006720	003fd7b3	srl	x15,x31,x3	 x31:0x000a052f  x3:0xfffffffc x15=0x00000000
     312475.000 ns	     31246	80006724	d00771d3	fcvt.s.w	f3,x14	 x14:0x80041024  f3=0xcefff7df
     312505.000 ns	     31249	80006728	d00d4853	fcvt.s.w	f16,x26	 x26:0x00000000 f16=0x00000000
     312525.000 ns	     31251	8000672c	7483cd17	auipc	x26,0x7483c	 x26=0xf484272c
     312545.000 ns	     31253	80006730	e00d8353	fmv.x.w	x6,f27	 f27:0x4455c019  x6=0x4455c019
     312575.000 ns	     31256	80006734	0372c1b3	div	x3,x5,x23	  x5:0x00000000 x23:0x00000000  x3=0xffffffff
     312605.000 ns	     31259	80006738	02c18333	mul	x6,x3,x12	  x3:0xfffffffc x12:0x00000001  x6=0xffffffff
     312625.000 ns	     31261	8000673c	00a3b9b3	sltu	x19,x7,x10	  x7:0x00000000 x10:0x00000200 x19=0x00000001
     312645.000 ns	     31263	80006740	28430bd3	fmin.s	f23,f6,f4	  f6:0x00000000  f4:0x6fb4e488 f23=0x00000000
     312665.000 ns	     31265	80006744	dbe52e13	slti	x28,x10,-578	 x10:0x00000200 x28=0x00000000
     312685.000 ns	     31267	80006748	c0047e53	fcvt.w.s	x28,f8	  f8:0x00000000 x28=0x00000000
     312705.000 ns	     31269	8000674c	8264cb13	xori	x22,x9,-2010	  x9:0x473e667c x22=0xb8c19e5a
     312725.000 ns	     31271	80006750	020de033	rem	x0,x27,x0	 x27:0x000013c0  x0:0x00000000
     312745.000 ns	     31273	80006754	01fd3433	sltu	x8,x26,x31	 x26:0xf484272c x31:0x000a052f  x8=0x00000000
     312755.000 ns	     31274	80006758	41e38db3	sub	x27,x7,x30	  x7:0x00000000 x30:0x3859e000 x27=0xc7a62000
     312765.000 ns	     31275	8000675c	0116a8b3	slt	x17,x13,x17	 x13:0x48f14000 x17:0xe5faf6dc x17=0x00000000
     312785.000 ns	     31277	80006760	e0031dd3	fclass.s	x27,f6	  f6:0x00000000 x27=0x00000010
     313155.000 ns	     31314	80006764	02d1d3b3	divu	x7,x3,x13	  x3:0xffffffff x13:0x48f14000  x7=0x00000003
     313185.000 ns	     31317	80006768	03dabbb3	mulhu	x23,x21,x29	 x21:0x00000000 x29:0x00000000 x23=0x00000000
     313205.000 ns	     31319	8000676c	00f7c1b3	xor	x3,x15,x15	 x15:0x00000000 x15:0x00000000  x3=0x00000000
     313215.000 ns	     31320	80006770	00000013	addi	x0,x0,0	  x0:0x00000000
     313225.000 ns	     31321	80006774	96f1ac97	auipc	x25,0x96f1a	 x25=0x16f20774
     313235.000 ns	     31322	80006778	01e72a33	slt	x20,x14,x30	 x14:0x80041024 x30:0x3859e000 x20=0x00000001
     313255.000 ns	     31324	8000677c	c017fb53	fcvt.wu.s	x22,f15	 f15:0x3ca21ae4 x22=0x00000000
     313275.000 ns	     31326	80006780	01c305b3	add	x11,x6,x28	  x6:0xffffffff x28:0x00000000 x11=0xffffffff
     313285.000 ns	     31327	80006784	b2048217	auipc	x4,0xb2048	  x4=0x3204e784
     313295.000 ns	     31328	80006788	007294b3	sll	x9,x5,x7	  x5:0x00000000  x7:0x00000003  x9=0x00000000
     313315.000 ns	     31330	8000678c	295d9653	fmax.s	f12,f27,f21	 f27:0x4455c019 f21:0xbacd4c1a f12=0x4455c019
     313345.000 ns	     31333	80006790	0231cfb3	div	x31,x3,x3	  x3:0x00000000  x3:0x00000000 x31=0xffffffff
     313375.000 ns	     31336	80006794	02c58a33	mul	x20,x11,x12	 x11:0xffffffff x12:0x00000001 x20=0xffffffff
     313405.000 ns	     31339	80006798	d012bfd3	fcvt.s.wu	f31,x5	  x5:0x00000000 f31=0x00000000
     313435.000 ns	     31342	8000679c	c005f0d3	fcvt.w.s	x1,f11	 f11:0x40800000  x1=0x00000004
     313465.000 ns	     31345	800067a0	29a08ad3	fmin.s	f21,f1,f26	  f1:0x4eae522b f26:0xdb800000 f21=0xdb800000
     313485.000 ns	     31347	800067a4	41ef5b13	srai	x22,x30,0x1e	 x30:0x3859e000 x22=0x00000000
     313505.000 ns	     31349	800067a8	a10d23d3	feq.s	x7,f26,f16	 f26:0xdb800000 f16:0x00000000  x7=0x00000000
     313525.000 ns	     31351	800067ac	018b9633	sll	x12,x23,x24	 x23:0x00000000 x24:0x0000007f x12=0x00000000
     313885.000 ns	     31387	800067b0	024b7fb3	remu	x31,x22,x4	 x22:0x00000000  x4:0x3204e784 x31=0x00000000
     313915.000 ns	     31390	800067b4	c001fd53	fcvt.w.s	x26,f3	  f3:0xcefff7df x26=0x7ffbef80
     313935.000 ns	     31392	800067b8	40a953b3	sra	x7,x18,x10	 x18:0x1ffefc07 x10:0x00000200  x7=0x1ffefc07
     313955.000 ns	     31394	800067bc	c0083353	fcvt.w.s	x6,f16	 f16:0x00000000  x6=0x00000000
     313975.000 ns	     31396	800067c0	99169f37	lui	x30,0x99169	 x30=0x99169000
     313995.000 ns	     31398	800067c4	a1e52053	feq.s	x0,f10,f30	 f10:0x7fc00000 f30:0x7fc00000
     314015.000 ns	     31400	800067c8	01a7fab3	and	x21,x15,x26	 x15:0x00000000 x26:0x7ffbef80 x21=0x00000000
     314025.000 ns	     31401	800067cc	3fb94193	xori	x3,x18,1019	 x18:0x1ffefc07  x3=0x1ffefffc
     314045.000 ns	     31403	800067d0	20a706d3	fsgnj.s	f13,f14,f10	 f14:0x00000000 f10:0x7fc00000 f13=0x00000000
     314065.000 ns	     31405	800067d4	40c9dd93	srai	x27,x19,0xc	 x19:0x00000001 x27=0x00000000
     314085.000 ns	     31407	800067d8	a1458a53	fle.s	x20,f11,f20	 f11:0x40800000 f20:0x00000000 x20=0x00000000
     314105.000 ns	     31409	800067dc	4125d9b3	sra	x19,x11,x18	 x11:0xffffffff x18:0x1ffefc07 x19=0xffffffff
     314125.000 ns	     31411	800067e0	025ac433	div	x8,x21,x5	 x21:0x00000000  x5:0x00000000  x8=0xffffffff
     314155.000 ns	     31414	800067e4	c0017053	fcvt.w.s	x0,f2	  f2:0x4455c019
     314175.000 ns	     31416	800067e8	01c45313	srli	x6,x8,0x1c	  x8:0xffffffff  x6=0x0000000f
     314195.000 ns	     31418	800067ec	c00478d3	fcvt.w.s	x17,f8	  f8:0x00000000 x17=0x00000000
     314235.000 ns	     31422	800067f0	10577153	fmul.s	f2,f14,f5	 f14:0x00000000  f5:0xbacd4c1a  f2=0x80000000
     314255.000 ns	     31424	800067f4	01f8f233	and	x4,x17,x31	 x17:0x00000000 x31:0x00000000  x4=0x00000000
     314615.000 ns	     31460	800067f8	02297d33	remu	x26,x18,x2	 x18:0x1ffefc07  x2:0x80040fe4 x26=0x1ffefc07
     314645.000 ns	     31463	800067fc	c00ccb53	fcvt.w.s	x22,f25	 f25:0x7fc00000 x22=0x7fffffff
     314675.000 ns	     31466	80006800	034149b3	div	x19,x2,x20	  x2:0x80040fe4 x20:0x00000000 x19=0xffffffff
     314695.000 ns	     31468	80006804	41f60533	sub	x10,x12,x31	 x12:0x00000000 x31:0x00000000 x10=0x00000000
     314715.000 ns	     31470	80006808	289e88d3	fmin.s	f17,f29,f9	 f29:0x00000000  f9:0x80000000 f17=0x80000000
     314745.000 ns	     31473	8000680c	e00a9a53	fclass.s	x20,f21	 f21:0xdb800000 x20=0x00000002
     314775.000 ns	     31476	80006810	d00c7553	fcvt.s.w	f10,x24	 x24:0x0000007f f10=0x42fe0000
     315145.000 ns	     31513	80006814	038f7e33	remu	x28,x30,x24	 x30:0x99169000 x24:0x0000007f x28=0x0000004c
     315165.000 ns	     31515	80006818	01996d33	or	x26,x18,x25	 x18:0x1ffefc07 x25:0x16f20774 x26=0x1ffeff77
     315185.000 ns	     31517	8000681c	d010f1d3	fcvt.s.wu	f3,x1	  x1:0x00000004  f3=0x40800000
     315205.000 ns	     31519	80006820	01fa00b3	add	x1,x20,x31	 x20:0x00000002 x31:0x00000000  x1=0x00000002
     315225.000 ns	     31521	80006824	03ce9ab3	mulh	x21,x29,x28	 x29:0x00000000 x28:0x0000004c x21=0x00000000
     315255.000 ns	     31524	80006828	29d01b53	fmax.s	f22,f0,f29	  f0:0x00000000 f29:0x00000000 f22=0x00000000
     315285.000 ns	     31527	8000682c	20981053	fsgnjn.s	f0,f16,f9	 f16:0x00000000  f9:0x80000000  f0=0x00000000
     315335.000 ns	     31532	80006830	0108fc53	fadd.s	f24,f17,f16	 f17:0x80000000 f16:0x00000000 f24=0x00000000
     315355.000 ns	     31534	80006834	91bdb417	auipc	x8,0x91bdb	  x8=0x11be1834
     315375.000 ns	     31536	80006838	e00608d3	fmv.x.w	x17,f12	 f12:0x4455c019 x17=0x4455c019
     315745.000 ns	     31573	8000683c	03cc6c33	rem	x24,x24,x28	 x24:0x0000007f x28:0x0000004c x24=0x00000033
     315775.000 ns	     31576	80006840	02f768b3	rem	x17,x14,x15	 x14:0x80041024 x15:0x00000000 x17=0x80041024
     315795.000 ns	     31578	80006844	9d4cc993	xori	x19,x25,-1580	 x25:0x16f20774 x19=0xe90dfea0
     315815.000 ns	     31580	80006848	f0008453	fmv.w.x	f8,x1	  x1:0x00000002  f8=0x00000002
     315835.000 ns	     31582	8000684c	00f079b3	and	x19,x0,x15	  x0:0x00000000 x15:0x00000000 x19=0x00000000
     315855.000 ns	     31584	80006850	a04226d3	feq.s	x13,f4,f4	  f4:0x6fb4e488  f4:0x6fb4e488 x13=0x00000001
     315875.000 ns	     31586	80006854	41075433	sra	x8,x14,x16	 x14:0x80041024 x16:0x00000004  x8=0xf8004102
     315905.000 ns	     31589	80006858	10a9f253	fmul.s	f4,f19,f10	 f19:0xcefff7df f10:0x42fe0000  f4=0xd27df7ef
     315945.000 ns	     31593	8000685c	190dfe53	fdiv.s	f28,f27,f16	 f27:0x4455c019 f16:0x00000000 f28=0x7f800000
     316315.000 ns	     31630	80006860	03a669b3	rem	x19,x12,x26	 x12:0x00000000 x26:0x1ffeff77 x19=0x00000000
     316345.000 ns	     31633	80006864	a1de9ed3	flt.s	x29,f29,f29	 f29:0x00000000 f29:0x00000000 x29=0x00000000
     316365.000 ns	     31635	80006868	004a3cb3	sltu	x25,x20,x4	 x20:0x00000002  x4:0x00000000 x25=0x00000000
     316385.000 ns	     31637	8000686c	20f216d3	fsgnjn.s	f13,f4,f15	  f4:0xd27df7ef f15:0x3ca21ae4 f13=0xd27df7ef
     316425.000 ns	     31641	80006870	580c9b53	fsqrt.s	f22,f25	 f25:0x7fc00000 f22=0x7fc00000
     316455.000 ns	     31644	80006874	d00577d3	fcvt.s.w	f15,x10	 x10:0x00000000 f15=0x00000000
     316475.000 ns	     31646	80006878	00769333	sll	x6,x13,x7	 x13:0x00000001  x7:0x1ffefc07  x6=0x00000080
     316485.000 ns	     31647	8000687c	bcd72197	auipc	x3,0xbcd72	  x3=0x3cd7887c
     316495.000 ns	     31648	80006880	8f63b217	auipc	x4,0x8f63b	  x4=0x0f641880
     316515.000 ns	     31650	80006884	a10c97d3	flt.s	x15,f25,f16	 f25:0x7fc00000 f16:0x00000000 x15=0x00000000
     316545.000 ns	     31653	80006888	d0120853	fcvt.s.wu	f16,x4	  x4:0x00000000 f16=0x4d764188
     316565.000 ns	     31655	8000688c	0016af33	slt	x30,x13,x1	 x13:0x00000001  x1:0x00000002 x30=0x00000001
     316585.000 ns	     31657	80006890	029bf4b3	remu	x9,x23,x9	 x23:0x00000000  x9:0x00000000  x9=0x00000000
     316615.000 ns	     31660	80006894	f0010b53	fmv.w.x	f22,x2	  x2:0x80040fe4 f22=0x80040fe4
     316635.000 ns	     31662	80006898	00000013	addi	x0,x0,0	  x0:0x00000000
     316995.000 ns	     31698	8000689c	023951b3	divu	x3,x18,x3	 x18:0x1ffefc07  x3:0x3cd7887c  x3=0x00000000
     317015.000 ns	     31700	800068a0	01b79d33	sll	x26,x15,x27	 x15:0x00000000 x27:0x00000000 x26=0x00000000
     317025.000 ns	     31701	800068a4	a994a393	slti	x7,x9,-1383	  x9:0x00000000  x7=0x00000000
     317055.000 ns	     31704	800068a8	11307053	fmul.s	f0,f0,f19	  f0:0x00000000 f19:0xcefff7df  f0=0x80000000
     317075.000 ns	     31706	800068ac	012f3bb3	sltu	x23,x30,x18	 x30:0x00000001 x18:0x1ffefc07 x23=0x00000001
     317095.000 ns	     31708	800068b0	a1312953	feq.s	x18,f2,f19	  f2:0x80000000 f19:0xcefff7df x18=0x00000000
     317145.000 ns	     31713	800068b4	0910f0d3	fsub.s	f1,f1,f17	  f1:0x4eae522b f17:0x80000000  f1=0x4eae522b
     317175.000 ns	     31716	800068b8	d00acf53	fcvt.s.w	f30,x21	 x21:0x00000000 f30=0x00000000
     317205.000 ns	     31719	800068bc	28890353	fmin.s	f6,f18,f8	 f18:0xbacd4c1a  f8:0x00000002  f6=0xbacd4c1a
     317225.000 ns	     31721	800068c0	411fda13	srai	x20,x31,0x11	 x31:0x00000000 x20=0x00000000
     317245.000 ns	     31723	800068c4	d0017ed3	fcvt.s.w	f29,x2	  x2:0x80040fe4 f29=0xcefff7e0
     317265.000 ns	     31725	800068c8	01dc98b3	sll	x17,x25,x29	 x25:0x00000000 x29:0x00000000 x17=0x00000000
     317285.000 ns	     31727	800068cc	038dbc33	mulhu	x24,x27,x24	 x27:0x00000000 x24:0x00000033 x24=0x00000000
     317315.000 ns	     31730	800068d0	d00c77d3	fcvt.s.w	f15,x24	 x24:0x00000033 f15=0x00000000
     317345.000 ns	     31733	800068d4	03051533	mulh	x10,x10,x16	 x10:0x00000000 x16:0x00000004 x10=0x00000000
     317375.000 ns	     31736	800068d8	a1c68ed3	fle.s	x29,f13,f28	 f13:0xd27df7ef f28:0x7f800000 x29=0x00000001
     317405.000 ns	     31739	800068dc	c0001ad3	fcvt.w.s	x21,f0	  f0:0x80000000 x21=0x00000000
     317445.000 ns	     31743	800068e0	18c01ad3	fdiv.s	f21,f0,f12	  f0:0x80000000 f12:0x4455c019 f21=0x80000000
     317485.000 ns	     31747	800068e4	198876d3	fdiv.s	f13,f16,f24	 f16:0x4d764188 f24:0x00000000 f13=0x7f800000
     317505.000 ns	     31749	800068e8	007d8333	add	x6,x27,x7	 x27:0x00000000  x7:0x00000000  x6=0x00000000
     317525.000 ns	     31751	800068ec	d000f053	fcvt.s.w	f0,x1	  x1:0x00000002  f0=0x40000000
     317565.000 ns	     31755	800068f0	19c37e53	fdiv.s	f28,f6,f28	  f6:0xbacd4c1a f28:0x7f800000 f28=0x80000000
     317595.000 ns	     31758	800068f4	206403d3	fsgnj.s	f7,f8,f6	  f8:0x00000002  f6:0xbacd4c1a  f7=0x80000002
     317615.000 ns	     31760	800068f8	40c1d3b3	sra	x7,x3,x12	  x3:0x00000000 x12:0x00000000  x7=0x00000000
     317635.000 ns	     31762	800068fc	d01b9153	fcvt.s.wu	f2,x23	 x23:0x00000001  f2=0x3f800000
     317665.000 ns	     31765	80006900	29ee05d3	fmin.s	f11,f28,f30	 f28:0x80000000 f30:0x00000000 f11=0x80000000
     317695.000 ns	     31768	80006904	02f7f2b3	remu	x5,x15,x15	 x15:0x00000000 x15:0x00000000  x5=0x00000000
     317715.000 ns	     31770	80006908	00641033	sll	x0,x8,x6	  x8:0xf8004102  x6:0x00000000
     317725.000 ns	     31771	8000690c	40548933	sub	x18,x9,x5	  x9:0x00000000  x5:0x00000000 x18=0x00000000
     317735.000 ns	     31772	80006910	00000013	addi	x0,x0,0	  x0:0x00000000
     317745.000 ns	     31773	80006914	38983e93	sltiu	x29,x16,905	 x16:0x00000004 x29=0x00000001
     317765.000 ns	     31775	80006918	a0c91653	flt.s	x12,f18,f12	 f18:0xbacd4c1a f12:0x4455c019 x12=0x00000001
     317785.000 ns	     31777	8000691c	003d2433	slt	x8,x26,x3	 x26:0x00000000  x3:0x00000000  x8=0x00000000
     317795.000 ns	     31778	80006920	79fcc297	auipc	x5,0x79fcc	  x5=0xf9fd2920
     317815.000 ns	     31780	80006924	289e8653	fmin.s	f12,f29,f9	 f29:0xcefff7e0  f9:0x80000000 f12=0xcefff7e0
     317845.000 ns	     31783	80006928	28091ad3	fmax.s	f21,f18,f0	 f18:0xbacd4c1a  f0:0x40000000 f21=0x40000000
     317875.000 ns	     31786	8000692c	e00698d3	fclass.s	x17,f13	 f13:0x7f800000 x17=0x00000080
     317895.000 ns	     31788	80006930	c4697f93	andi	x31,x18,-954	 x18:0x00000000 x31=0x00000000
     317915.000 ns	     31790	80006934	a0012b53	feq.s	x22,f2,f0	  f2:0x3f800000  f0:0x40000000 x22=0x00000000
     317935.000 ns	     31792	80006938	669c0213	addi	x4,x24,1641	 x24:0x00000000  x4=0x00000669
     317945.000 ns	     31793	8000693c	0031bab3	sltu	x21,x3,x3	  x3:0x00000000  x3:0x00000000 x21=0x00000000
     317955.000 ns	     31794	80006940	00f80db3	add	x27,x16,x15	 x16:0x00000004 x15:0x00000000 x27=0x00000004
     317975.000 ns	     31796	80006944	a0529cd3	flt.s	x25,f5,f5	  f5:0xbacd4c1a  f5:0xbacd4c1a x25=0x00000000
     318005.000 ns	     31799	80006948	0236e0b3	rem	x1,x13,x3	 x13:0x00000001  x3:0x00000000  x1=0x00000001
     318045.000 ns	     31803	8000694c	19cef2d3	fdiv.s	f5,f29,f28	 f29:0xcefff7e0 f28:0x80000000  f5=0x7f800000
     318075.000 ns	     31806	80006950	d006fb53	fcvt.s.w	f22,x13	 x13:0x00000001 f22=0x3f800000
     318105.000 ns	     31809	80006954	c0111353	fcvt.wu.s	x6,f2	  f2:0x3f800000  x6=0x00000001
     318135.000 ns	     31812	80006958	a0ca25d3	feq.s	x11,f20,f12	 f20:0x00000000 f12:0xcefff7e0 x11=0x00000000
     318155.000 ns	     31814	8000695c	00485db3	srl	x27,x16,x4	 x16:0x00000004  x4:0x00000669 x27=0x00000000
     318165.000 ns	     31815	80006960	00000013	addi	x0,x0,0	  x0:0x00000000
     318185.000 ns	     31817	80006964	e0071bd3	fclass.s	x23,f14	 f14:0x00000000 x23=0x00000010
     318215.000 ns	     31820	80006968	a11e0ed3	fle.s	x29,f28,f17	 f28:0x80000000 f17:0x80000000 x29=0x00000001
     318235.000 ns	     31822	8000696c	00ca1913	slli	x18,x20,0xc	 x20:0x00000000 x18=0x00000000
     318595.000 ns	     31858	80006970	02e747b3	div	x15,x14,x14	 x14:0x80041024 x14:0x80041024 x15=0x00000001
     318615.000 ns	     31860	80006974	40418eb3	sub	x29,x3,x4	  x3:0x00000000  x4:0x00000669 x29=0xfffff997
     318625.000 ns	     31861	80006978	018f12b3	sll	x5,x30,x24	 x30:0x00000001 x24:0x00000000  x5=0x00000001
     318635.000 ns	     31862	8000697c	018c07b3	add	x15,x24,x24	 x24:0x00000000 x24:0x00000000 x15=0x00000000
     318995.000 ns	     31898	80006980	021b77b3	remu	x15,x22,x1	 x22:0x00000000  x1:0x00000001 x15=0x00000000
     319015.000 ns	     31900	80006984	407783b3	sub	x7,x15,x7	 x15:0x00000001  x7:0x00000000  x7=0x00000000
     319035.000 ns	     31902	80006988	d01880d3	fcvt.s.wu	f1,x17	 x17:0x00000080  f1=0x43000000
     319055.000 ns	     31904	8000698c	00000013	addi	x0,x0,0	  x0:0x00000000
     319075.000 ns	     31906	80006990	e0001653	fclass.s	x12,f0	  f0:0x40000000 x12=0x00000040
     319105.000 ns	     31909	80006994	0380c8b3	div	x17,x1,x24	  x1:0x00000001 x24:0x00000000 x17=0xffffffff
     319125.000 ns	     31911	80006998	00dd75b3	and	x11,x26,x13	 x26:0x00000000 x13:0x00000001 x11=0x00000000
     320295.000 ns	     32028	8000699c	580dbc53	fsqrt.s	f24,f27	 f27:0x4455c019 f24=0x419724f3
     320345.000 ns	     32033	800069a0	082b7a53	fsub.s	f20,f22,f2	 f22:0x3f800000  f2:0x3f800000 f20=0x80000000
     320375.000 ns	     32036	800069a4	293499d3	fmax.s	f19,f9,f19	  f9:0x80000000 f19:0xcefff7df f19=0x80000000
     320395.000 ns	     32038	800069a8	31836493	ori	x9,x6,792	  x6:0x00000001  x9=0x00000319
     320405.000 ns	     32039	800069ac	95a48f93	addi	x31,x9,-1702	  x9:0x00000000 x31=0xfffffc73
     320415.000 ns	     32040	800069b0	09e73d37	lui	x26,0x9e73	 x26=0x09e73000
     320435.000 ns	     32042	800069b4	a0320b53	fle.s	x22,f4,f3	  f4:0xd27df7ef  f3:0x40800000 x22=0x00000001
     320465.000 ns	     32045	800069b8	02f72a33	mulhsu	x20,x14,x15	 x14:0x80041024 x15:0x00000000 x20=0x00000000
     320495.000 ns	     32048	800069bc	214daa53	fsgnjx.s	f20,f27,f20	 f27:0x4455c019 f20:0x80000000 f20=0xc455c019
     320525.000 ns	     32051	800069c0	024b91b3	mulh	x3,x23,x4	 x23:0x00000010  x4:0x00000669  x3=0x00000000
     320545.000 ns	     32053	800069c4	ebf94013	xori	x0,x18,-321	 x18:0x00000000
     320565.000 ns	     32055	800069c8	a0bca253	feq.s	x4,f25,f11	 f25:0x7fc00000 f11:0x80000000  x4=0x00000000
     320585.000 ns	     32057	800069cc	b7b22213	slti	x4,x4,-1157	  x4:0x00000669  x4=0x00000000
     320615.000 ns	     32060	800069d0	112c7e53	fmul.s	f28,f24,f18	 f24:0x419724f3 f18:0xbacd4c1a f28=0xbcf26b0a
     320635.000 ns	     32062	800069d4	01ff8ab3	add	x21,x31,x31	 x31:0xfffffc73 x31:0xfffffc73 x21=0xfffff8e6
     320655.000 ns	     32064	800069d8	a0ff8a53	fle.s	x20,f31,f15	 f31:0x00000000 f15:0x00000000 x20=0x00000001
     320685.000 ns	     32067	800069dc	02ade333	rem	x6,x27,x10	 x27:0x00000000 x10:0x00000000  x6=0x00000000
     320715.000 ns	     32070	800069e0	f00b85d3	fmv.w.x	f11,x23	 x23:0x00000010 f11=0x00000010
     320745.000 ns	     32073	800069e4	c0017553	fcvt.w.s	x10,f2	  f2:0x3f800000 x10=0x00000001
     320765.000 ns	     32075	800069e8	a850b893	sltiu	x17,x1,-1403	  x1:0x00000001 x17=0x00000001
     320805.000 ns	     32079	800069ec	08950053	fsub.s	f0,f10,f9	 f10:0x42fe0000  f9:0x80000000  f0=0x42fe0000
     320825.000 ns	     32081	800069f0	7e610617	auipc	x12,0x7e610	 x12=0xfe6169f0
     320835.000 ns	     32082	800069f4	b31de797	auipc	x15,0xb31de	 x15=0x331e49f4
     320855.000 ns	     32084	800069f8	d015a5d3	fcvt.s.wu	f11,x11	 x11:0x00000000 f11=0x00000000
     320875.000 ns	     32086	800069fc	00299f93	slli	x31,x19,0x2	 x19:0x00000000 x31=0x00000000
     320895.000 ns	     32088	80006a00	03d8beb3	mulhu	x29,x17,x29	 x17:0x00000001 x29:0xfffff997 x29=0x00000000
     320915.000 ns	     32090	80006a04	0092a2b3	slt	x5,x5,x9	  x5:0x00000001  x9:0x00000319  x5=0x00000001
     321275.000 ns	     32126	80006a08	03a4e2b3	rem	x5,x9,x26	  x9:0x00000319 x26:0x09e73000  x5=0x00000319
     321305.000 ns	     32129	80006a0c	f0058b53	fmv.w.x	f22,x11	 x11:0x00000000 f22=0x00000000
     321325.000 ns	     32131	80006a10	40e60ab3	sub	x21,x12,x14	 x12:0xfe6169f0 x14:0x80041024 x21=0x7e5d59cc
     321335.000 ns	     32132	80006a14	0069dbb3	srl	x23,x19,x6	 x19:0x00000000  x6:0x00000000 x23=0x00000000
     321375.000 ns	     32136	80006a18	0087fe53	fadd.s	f28,f15,f8	 f15:0x00000000  f8:0x00000002 f28=0x00000002
     321395.000 ns	     32138	80006a1c	0340b413	sltiu	x8,x1,52	  x1:0x00000001  x8=0x00000001
     321415.000 ns	     32140	80006a20	210623d3	fsgnjx.s	f7,f12,f16	 f12:0xcefff7e0 f16:0x4d764188  f7=0xcefff7e0
     321445.000 ns	     32143	80006a24	f00b84d3	fmv.w.x	f9,x23	 x23:0x00000000  f9=0x00000000
     321465.000 ns	     32145	80006a28	c7246493	ori	x9,x8,-910	  x8:0x00000001  x9=0xfffffc73
     321485.000 ns	     32147	80006a2c	29ec04d3	fmin.s	f9,f24,f30	 f24:0x419724f3 f30:0x00000000  f9=0x00000000
     321515.000 ns	     32150	80006a30	21670ed3	fsgnj.s	f29,f14,f22	 f14:0x00000000 f22:0x00000000 f29=0x00000000
     321545.000 ns	     32153	80006a34	f0088ed3	fmv.w.x	f29,x17	 x17:0x00000001 f29=0x00000001
     321575.000 ns	     32156	80006a38	d0144dd3	fcvt.s.wu	f27,x8	  x8:0x00000001 f27=0x3f800000
     321595.000 ns	     32158	80006a3c	013811b3	sll	x3,x16,x19	 x16:0x00000004 x19:0x00000000  x3=0x00000004
     321635.000 ns	     32162	80006a40	08a94153	fsub.s	f2,f18,f10	 f18:0xbacd4c1a f10:0x42fe0000  f2=0xc2fe00cd
     321655.000 ns	     32164	80006a44	00d99eb3	sll	x29,x19,x13	 x19:0x00000000 x13:0x00000001 x29=0x00000000
     321665.000 ns	     32165	80006a48	016cab33	slt	x22,x25,x22	 x25:0x00000000 x22:0x00000001 x22=0x00000001
     321685.000 ns	     32167	80006a4c	29e206d3	fmin.s	f13,f4,f30	  f4:0xd27df7ef f30:0x00000000 f13=0xd27df7ef
     321715.000 ns	     32170	80006a50	03ce8033	mul	x0,x29,x28	 x29:0x00000000 x28:0x0000004c
     321745.000 ns	     32173	80006a54	f00a03d3	fmv.w.x	f7,x20	 x20:0x00000001  f7=0x00000001
     321795.000 ns	     32178	80006a58	095b9d53	fsub.s	f26,f23,f21	 f23:0x00000000 f21:0x40000000 f26=0xc0000000
     321815.000 ns	     32180	80006a5c	80773593	sltiu	x11,x14,-2041	 x14:0x80041024 x11=0x00000001
     321825.000 ns	     32181	80006a60	d3977c37	lui	x24,0xd3977	 x24=0xd3977000
     321845.000 ns	     32183	80006a64	02850e33	mul	x28,x10,x8	 x10:0x00000001  x8:0x00000001 x28=0x00000001
     321875.000 ns	     32186	80006a68	03dc72b3	remu	x5,x24,x29	 x24:0x00000000 x29:0x00000000  x5=0xd3977000
     321905.000 ns	     32189	80006a6c	03890d33	mul	x26,x18,x24	 x18:0x00000000 x24:0xd3977000 x26=0x00000000
     321925.000 ns	     32191	80006a70	efb53493	sltiu	x9,x10,-261	 x10:0x00000001  x9=0x00000001
     321965.000 ns	     32195	80006a74	002c7353	fadd.s	f6,f24,f2	 f24:0x419724f3  f2:0xc2fe00cd  f6=0xc2d83790
     321985.000 ns	     32197	80006a78	537b6d13	ori	x26,x22,1335	 x22:0x00000001 x26=0x00000537
     321995.000 ns	     32198	80006a7c	00000013	addi	x0,x0,0	  x0:0x00000000
     322005.000 ns	     32199	80006a80	0198e5b3	or	x11,x17,x25	 x17:0x00000001 x25:0x00000000 x11=0x00000001
     322035.000 ns	     32202	80006a84	10f6add3	fmul.s	f27,f13,f15	 f13:0xd27df7ef f15:0x00000000 f27=0x80000000
     322055.000 ns	     32204	80006a88	419581b3	sub	x3,x11,x25	 x11:0x00000001 x25:0x00000000  x3=0x00000001
     322065.000 ns	     32205	80006a8c	7efe2a37	lui	x20,0x7efe2	 x20=0x7efe2000
     322085.000 ns	     32207	80006a90	037637b3	mulhu	x15,x12,x23	 x12:0xfe6169f0 x23:0x00000000 x15=0x00000000
     322115.000 ns	     32210	80006a94	e00a9053	fclass.s	x0,f21	 f21:0x40000000
     322145.000 ns	     32213	80006a98	29798353	fmin.s	f6,f19,f23	 f19:0x80000000 f23:0x00000000  f6=0x80000000
     322515.000 ns	     32250	80006a9c	03ebd1b3	divu	x3,x23,x30	 x23:0x00000000 x30:0x00000001  x3=0x00000000
     322545.000 ns	     32253	80006aa0	284f9cd3	fmax.s	f25,f31,f4	 f31:0x00000000  f4:0xd27df7ef f25=0x00000000
     322585.000 ns	     32257	80006aa4	106c74d3	fmul.s	f9,f24,f6	 f24:0x419724f3  f6:0x80000000  f9=0x80000000
     322605.000 ns	     32259	80006aa8	e0bb8693	addi	x13,x23,-501	 x23:0x00000000 x13=0xfffffe0b
     322615.000 ns	     32260	80006aac	402ad413	srai	x8,x21,0x2	 x21:0x7e5d59cc  x8=0x1f975673
     322635.000 ns	     32262	80006ab0	20e3a9d3	fsgnjx.s	f19,f7,f14	  f7:0x00000001 f14:0x00000000 f19=0x00000001
     322665.000 ns	     32265	80006ab4	e0001553	fclass.s	x10,f0	  f0:0x42fe0000 x10=0x00000040
     322685.000 ns	     32267	80006ab8	0031edb3	or	x27,x3,x3	  x3:0x00000000  x3:0x00000000 x27=0x00000000
     322705.000 ns	     32269	80006abc	02ff8eb3	mul	x29,x31,x15	 x31:0x00000000 x15:0x00000000 x29=0x00000000
     322725.000 ns	     32271	80006ac0	97acf013	andi	x0,x25,-1670	 x25:0x00000000
     322745.000 ns	     32273	80006ac4	a0c92cd3	feq.s	x25,f18,f12	 f18:0xbacd4c1a f12:0xcefff7e0 x25=0x00000000
     322775.000 ns	     32276	80006ac8	0378df33	divu	x30,x17,x23	 x17:0x00000001 x23:0x00000000 x30=0xffffffff
     322805.000 ns	     32279	80006acc	a18e9553	flt.s	x10,f29,f24	 f29:0x00000001 f24:0x419724f3 x10=0x00000001
     322835.000 ns	     32282	80006ad0	e0061d53	fclass.s	x26,f12	 f12:0xcefff7e0 x26=0x00000002
     322855.000 ns	     32284	80006ad4	406ad793	srai	x15,x21,0x6	 x21:0x7e5d59cc x15=0x01f97567
     322865.000 ns	     32285	80006ad8	a75fd317	auipc	x6,0xa75fd	  x6=0x27603ad8
     322875.000 ns	     32286	80006adc	00115c93	srli	x25,x2,0x1	  x2:0x80040fe4 x25=0x400207f2
     322895.000 ns	     32288	80006ae0	a1db01d3	fle.s	x3,f22,f29	 f22:0x00000000 f29:0x00000001  x3=0x00000001
     322915.000 ns	     32290	80006ae4	01ded493	srli	x9,x29,0x1d	 x29:0x00000000  x9=0x00000000
     322935.000 ns	     32292	80006ae8	a0c41ed3	flt.s	x29,f8,f12	  f8:0x00000002 f12:0xcefff7e0 x29=0x00000000
     322955.000 ns	     32294	80006aec	00ec1b93	slli	x23,x24,0xe	 x24:0xd3977000 x23=0xdc000000
     322975.000 ns	     32296	80006af0	e00986d3	fmv.x.w	x13,f19	 f19:0x00000001 x13=0x00000001
     323005.000 ns	     32299	80006af4	0209ba33	mulhu	x20,x19,x0	 x19:0x00000000  x0:0x00000000 x20=0x00000000
     323025.000 ns	     32301	80006af8	dd809097	auipc	x1,0xdd809	  x1=0x5d80faf8
     323035.000 ns	     32302	80006afc	003c57b3	srl	x15,x24,x3	 x24:0xd3977000  x3:0x00000001 x15=0x69cbb800
     323045.000 ns	     32303	80006b00	019b2eb3	slt	x29,x22,x25	 x22:0x00000001 x25:0x400207f2 x29=0x00000001
     323085.000 ns	     32307	80006b04	09929753	fsub.s	f14,f5,f25	  f5:0x7f800000 f25:0x00000000 f14=0x7f800000
     323455.000 ns	     32344	80006b08	02b545b3	div	x11,x10,x11	 x10:0x00000001 x11:0x00000001 x11=0x00000001
     323475.000 ns	     32346	80006b0c	018d32b3	sltu	x5,x26,x24	 x26:0x00000002 x24:0xd3977000  x5=0x00000001
     323515.000 ns	     32350	80006b10	087870d3	fsub.s	f1,f16,f7	 f16:0x4d764188  f7:0x00000001  f1=0x4d764188
     323545.000 ns	     32353	80006b14	c01f2cd3	fcvt.wu.s	x25,f30	 f30:0x00000000 x25=0x00000000
     323565.000 ns	     32355	80006b18	018348b3	xor	x17,x6,x24	  x6:0x27603ad8 x24:0xd3977000 x17=0xf4f74ad8
     323575.000 ns	     32356	80006b1c	00000013	addi	x0,x0,0	  x0:0x00000000
     323595.000 ns	     32358	80006b20	28ae9d53	fmax.s	f26,f29,f10	 f29:0x00000001 f10:0x42fe0000 f26=0x42fe0000
     323615.000 ns	     32360	80006b24	01d02db3	slt	x27,x0,x29	  x0:0x00000000 x29:0x00000001 x27=0x00000001
     323625.000 ns	     32361	80006b28	000bc933	xor	x18,x23,x0	 x23:0xdc000000  x0:0x00000000 x18=0xdc000000
     323645.000 ns	     32363	80006b2c	f0078553	fmv.w.x	f10,x15	 x15:0x69cbb800 f10=0x69cbb800
     323665.000 ns	     32365	80006b30	7151cc17	auipc	x24,0x7151c	 x24=0xf1522b30
     323675.000 ns	     32366	80006b34	007af1b3	and	x3,x21,x7	 x21:0x7e5d59cc  x7:0x00000000  x3=0x00000000
     323705.000 ns	     32369	80006b38	190df7d3	fdiv.s	f15,f27,f16	 f27:0x80000000 f16:0x4d764188 f15=0x80000000
     323725.000 ns	     32371	80006b3c	416bdcb3	sra	x25,x23,x22	 x23:0xdc000000 x22:0x00000001 x25=0xee000000
     323745.000 ns	     32373	80006b40	21fc0153	fsgnj.s	f2,f24,f31	 f24:0x419724f3 f31:0x00000000  f2=0x419724f3
     323775.000 ns	     32376	80006b44	21990353	fsgnj.s	f6,f18,f25	 f18:0xbacd4c1a f25:0x00000000  f6=0x3acd4c1a
     323795.000 ns	     32378	80006b48	00000013	addi	x0,x0,0	  x0:0x00000000
     323815.000 ns	     32380	80006b4c	02d232b3	mulhu	x5,x4,x13	  x4:0x00000000 x13:0x00000001  x5=0x00000000
     323845.000 ns	     32383	80006b50	f00501d3	fmv.w.x	f3,x10	 x10:0x00000001  f3=0x00000001
     323875.000 ns	     32386	80006b54	21a928d3	fsgnjx.s	f17,f18,f26	 f18:0xbacd4c1a f26:0x42fe0000 f17=0xbacd4c1a
     323905.000 ns	     32389	80006b58	03f0be33	mulhu	x28,x1,x31	  x1:0x5d80faf8 x31:0x00000000 x28=0x00000000
     323925.000 ns	     32391	80006b5c	ff61ef13	ori	x30,x3,-10	  x3:0x00000000 x30=0xfffffff6
     323945.000 ns	     32393	80006b60	c01673d3	fcvt.wu.s	x7,f12	 f12:0xcefff7e0  x7=0x7ffbf000
     323965.000 ns	     32395	80006b64	00588533	add	x10,x17,x5	 x17:0xf4f74ad8  x5:0x00000000 x10=0xf4f74ad8
     323975.000 ns	     32396	80006b68	01b94533	xor	x10,x18,x27	 x18:0xdc000000 x27:0x00000001 x10=0xdc000001
     323995.000 ns	     32398	80006b6c	03de8db3	mul	x27,x29,x29	 x29:0x00000001 x29:0x00000001 x27=0x00000001
     324025.000 ns	     32401	80006b70	213b8cd3	fsgnj.s	f25,f23,f19	 f23:0x00000000 f19:0x00000001 f25=0x00000000
     324055.000 ns	     32404	80006b74	29d71b53	fmax.s	f22,f14,f29	 f14:0x7f800000 f29:0x00000001 f22=0x7f800000
     324075.000 ns	     32406	80006b78	00000013	addi	x0,x0,0	  x0:0x00000000
     324085.000 ns	     32407	80006b7c	00cbc7b3	xor	x15,x23,x12	 x23:0xdc000000 x12:0xfe6169f0 x15=0x226169f0
     324105.000 ns	     32409	80006b80	a057a0d3	feq.s	x1,f15,f5	 f15:0x80000000  f5:0x7f800000  x1=0x00000000
     324135.000 ns	     32412	80006b84	a055a1d3	feq.s	x3,f11,f5	 f11:0x00000000  f5:0x7f800000  x3=0x00000000
     324155.000 ns	     32414	80006b88	016c1413	slli	x8,x24,0x16	 x24:0xf1522b30  x8=0xcc000000
     324515.000 ns	     32450	80006b8c	03df4633	div	x12,x30,x29	 x30:0xfffffff6 x29:0x00000001 x12=0xfffffff6
     324565.000 ns	     32455	80006b90	08f0fdd3	fsub.s	f27,f1,f15	  f1:0x4d764188 f15:0x80000000 f27=0x4d764188
     324585.000 ns	     32457	80006b94	01db79b3	and	x19,x22,x29	 x22:0x00000001 x29:0x00000001 x19=0x00000001
     324605.000 ns	     32459	80006b98	c00925d3	fcvt.w.s	x11,f18	 f18:0xbacd4c1a x11=0xffffffff
     324645.000 ns	     32463	80006b9c	58079553	fsqrt.s	f10,f15	 f15:0x80000000 f10=0x80000000
     324675.000 ns	     32466	80006ba0	c015fed3	fcvt.wu.s	x29,f11	 f11:0x00000000 x29=0x00000000
     324695.000 ns	     32468	80006ba4	0114beb3	sltu	x29,x9,x17	  x9:0x00000000 x17:0xf4f74ad8 x29=0x00000001
     325055.000 ns	     32504	80006ba8	03e8f6b3	remu	x13,x17,x30	 x17:0xf4f74ad8 x30:0xfffffff6 x13=0xf4f74ad8
     325085.000 ns	     32507	80006bac	a07285d3	fle.s	x11,f5,f7	  f5:0x7f800000  f7:0x00000001 x11=0x00000000
     325115.000 ns	     32510	80006bb0	a0bc28d3	feq.s	x17,f24,f11	 f24:0x419724f3 f11:0x00000000 x17=0x00000000
     325135.000 ns	     32512	80006bb4	db318313	addi	x6,x3,-589	  x3:0x00000000  x6=0xfffffdb3
     325165.000 ns	     32515	80006bb8	106749d3	fmul.s	f19,f14,f6	 f14:0x7f800000  f6:0x3acd4c1a f19=0x7f800000
     325195.000 ns	     32518	80006bbc	039135b3	mulhu	x11,x2,x25	  x2:0x80040fe4 x25:0xee000000 x11=0x7703c6c5
     325225.000 ns	     32521	80006bc0	03b40433	mul	x8,x8,x27	  x8:0xcc000000 x27:0x00000001  x8=0xcc000000
     325245.000 ns	     32523	80006bc4	dda18c93	addi	x25,x3,-550	  x3:0x00000000 x25=0xfffffdda
     325255.000 ns	     32524	80006bc8	407a52b3	sra	x5,x20,x7	 x20:0x00000000  x7:0x7ffbf000  x5=0x00000000
     325265.000 ns	     32525	80006bcc	a4fec013	xori	x0,x29,-1457	 x29:0x00000001
     325285.000 ns	     32527	80006bd0	e00987d3	fmv.x.w	x15,f19	 f19:0x7f800000 x15=0x7f800000
     325315.000 ns	     32530	80006bd4	d01a7053	fcvt.s.wu	f0,x20	 x20:0x00000000  f0=0x00000000
     325345.000 ns	     32533	80006bd8	d0151453	fcvt.s.wu	f8,x10	 x10:0xdc000001  f8=0x4f5c0000
     325365.000 ns	     32535	80006bdc	2f264f13	xori	x30,x12,754	 x12:0xfffffff6 x30=0xfffffd04
     325375.000 ns	     32536	80006be0	016bebb3	or	x23,x23,x22	 x23:0xdc000000 x22:0x00000001 x23=0xdc000001
     325735.000 ns	     32572	80006be4	02eae933	rem	x18,x21,x14	 x21:0x7e5d59cc x14:0x80041024 x18=0x7e5d59cc
     325755.000 ns	     32574	80006be8	115e3d93	sltiu	x27,x28,277	 x28:0x00000000 x27=0x00000001
     325775.000 ns	     32576	80006bec	02d48d33	mul	x26,x9,x13	  x9:0x00000000 x13:0xf4f74ad8 x26=0x00000000
     325805.000 ns	     32579	80006bf0	f00e0c53	fmv.w.x	f24,x28	 x28:0x00000000 f24=0x00000000
     326175.000 ns	     32616	80006bf4	03687233	remu	x4,x16,x22	 x16:0x00000004 x22:0x00000001  x4=0x00000000
     326205.000 ns	     32619	80006bf8	e0090c53	fmv.x.w	x24,f18	 f18:0xbacd4c1a x24=0xbacd4c1a
     326225.000 ns	     32621	80006bfc	96e44c13	xori	x24,x8,-1682	  x8:0xcc000000 x24=0x33fff96e
     326265.000 ns	     32625	80006c00	017a9dd3	fadd.s	f27,f21,f23	 f21:0x40000000 f23:0x00000000 f27=0x40000000
     326295.000 ns	     32628	80006c04	c002f5d3	fcvt.w.s	x11,f5	  f5:0x7f800000 x11=0x7fffffff
     326315.000 ns	     32630	80006c08	01989213	slli	x4,x17,0x19	 x17:0x00000000  x4=0x00000000
     326325.000 ns	     32631	80006c0c	7c838613	addi	x12,x7,1992	  x7:0x7ffbf000 x12=0x7ffbf7c8
     326335.000 ns	     32632	80006c10	005518b3	sll	x17,x10,x5	 x10:0xdc000001  x5:0x00000000 x17=0xdc000001
     326345.000 ns	     32633	80006c14	460e0313	addi	x6,x28,1120	 x28:0x00000000  x6=0x00000460
     326355.000 ns	     32634	80006c18	00839193	slli	x3,x7,0x8	  x7:0x7ffbf000  x3=0xfbf00000
     326365.000 ns	     32635	80006c1c	00e39013	slli	x0,x7,0xe	  x7:0x7ffbf000
     326385.000 ns	     32637	80006c20	d01d86d3	fcvt.s.wu	f13,x27	 x27:0x00000001 f13=0x3f800000
     326755.000 ns	     32674	80006c24	0399eab3	rem	x21,x19,x25	 x19:0x00000001 x25:0xfffffdda x21=0x00000001
     326785.000 ns	     32677	80006c28	292f1cd3	fmax.s	f25,f30,f18	 f30:0x00000000 f18:0xbacd4c1a f25=0x00000000
     326815.000 ns	     32680	80006c2c	c00df4d3	fcvt.w.s	x9,f27	 f27:0x40000000  x9=0x00000002
     326845.000 ns	     32683	80006c30	c013fbd3	fcvt.wu.s	x23,f7	  f7:0x00000001 x23=0x00000000
     326865.000 ns	     32685	80006c34	01d1d013	srli	x0,x3,0x1d	  x3:0xfbf00000
     326875.000 ns	     32686	80006c38	00c15bb3	srl	x23,x2,x12	  x2:0x80040fe4 x12:0x7ffbf7c8 x23=0x0080040f
     326885.000 ns	     32687	80006c3c	d3342c93	slti	x25,x8,-717	  x8:0xcc000000 x25=0x00000001
     326905.000 ns	     32689	80006c40	a1c12cd3	feq.s	x25,f2,f28	  f2:0x419724f3 f28:0x00000002 x25=0x00000000
     326955.000 ns	     32694	80006c44	08a5f2d3	fsub.s	f5,f11,f10	 f11:0x00000000 f10:0x80000000  f5=0x00000000
     326985.000 ns	     32697	80006c48	20d40553	fsgnj.s	f10,f8,f13	  f8:0x4f5c0000 f13:0x3f800000 f10=0x4f5c0000
     327015.000 ns	     32700	80006c4c	d0118cd3	fcvt.s.wu	f25,x3	  x3:0xfbf00000 f25=0x4f7bf000
     327045.000 ns	     32703	80006c50	f00a09d3	fmv.w.x	f19,x20	 x20:0x00000000 f19=0x00000000
     327075.000 ns	     32706	80006c54	29aa8b53	fmin.s	f22,f21,f26	 f21:0x40000000 f26:0x42fe0000 f22=0x40000000
     327105.000 ns	     32709	80006c58	a1f729d3	feq.s	x19,f14,f31	 f14:0x7f800000 f31:0x00000000 x19=0x00000000
     327135.000 ns	     32712	80006c5c	0317ad33	mulhsu	x26,x15,x17	 x15:0x7f800000 x17:0xdc000001 x26=0x6d920000
     327165.000 ns	     32715	80006c60	a19a80d3	fle.s	x1,f21,f25	 f21:0x40000000 f25:0x4f7bf000  x1=0x00000001
     327185.000 ns	     32717	80006c64	40e353b3	sra	x7,x6,x14	  x6:0x00000460 x14:0x80041024  x7=0x00000046
     327205.000 ns	     32719	80006c68	a09b0553	fle.s	x10,f22,f9	 f22:0x40000000  f9:0x80000000 x10=0x00000000
     327575.000 ns	     32756	80006c6c	028bc2b3	div	x5,x23,x8	 x23:0x0080040f  x8:0xcc000000  x5=0x00000000
     327595.000 ns	     32758	80006c70	0143cd33	xor	x26,x7,x20	  x7:0x00000046 x20:0x00000000 x26=0x00000046
     327605.000 ns	     32759	80006c74	01f702b3	add	x5,x14,x31	 x14:0x80041024 x31:0x00000000  x5=0x80041024
     327615.000 ns	     32760	80006c78	01f34db3	xor	x27,x6,x31	  x6:0x00000460 x31:0x00000000 x27=0x00000460
     327625.000 ns	     32761	80006c7c	01d35533	srl	x10,x6,x29	  x6:0x00000460 x29:0x00000001 x10=0x00000230
     327645.000 ns	     32763	80006c80	29868d53	fmin.s	f26,f13,f24	 f13:0x3f800000 f24:0x00000000 f26=0x00000000
     327665.000 ns	     32765	80006c84	41275333	sra	x6,x14,x18	 x14:0x80041024 x18:0x7e5d59cc  x6=0xfff80041
     327675.000 ns	     32766	80006c88	00472a33	slt	x20,x14,x4	 x14:0x80041024  x4:0x00000000 x20=0x00000001
     327695.000 ns	     32768	80006c8c	284884d3	fmin.s	f9,f17,f4	 f17:0xbacd4c1a  f4:0xd27df7ef  f9=0xd27df7ef
     327725.000 ns	     32771	80006c90	02a68533	mul	x10,x13,x10	 x13:0xf4f74ad8 x10:0x00000230 x10=0xdcf3b880
     327745.000 ns	     32773	80006c94	01441493	slli	x9,x8,0x14	  x8:0xcc000000  x9=0x00000000
     327755.000 ns	     32774	80006c98	00e5fc33	and	x24,x11,x14	 x11:0x7fffffff x14:0x80041024 x24=0x00041024
     327775.000 ns	     32776	80006c9c	03fa22b3	mulhsu	x5,x20,x31	 x20:0x00000001 x31:0x00000000  x5=0x00000000
     327795.000 ns	     32778	80006ca0	01216a33	or	x20,x2,x18	  x2:0x80040fe4 x18:0x7e5d59cc x20=0xfe5d5fec
     327805.000 ns	     32779	80006ca4	01d62db3	slt	x27,x12,x29	 x12:0x7ffbf7c8 x29:0x00000001 x27=0x00000000
     327825.000 ns	     32781	80006ca8	03839fb3	mulh	x31,x7,x24	  x7:0x00000046 x24:0x00041024 x31=0x00000000
     327855.000 ns	     32784	80006cac	f00e8253	fmv.w.x	f4,x29	 x29:0x00000001  f4=0x00000001
     327875.000 ns	     32786	80006cb0	00000013	addi	x0,x0,0	  x0:0x00000000
     327885.000 ns	     32787	80006cb4	00d6f1b3	and	x3,x13,x13	 x13:0xf4f74ad8 x13:0xf4f74ad8  x3=0xf4f74ad8
     327905.000 ns	     32789	80006cb8	02410d33	mul	x26,x2,x4	  x2:0x80040fe4  x4:0x00000000 x26=0x00000000
     327925.000 ns	     32791	80006cbc	011868b3	or	x17,x16,x17	 x16:0x00000004 x17:0xdc000001 x17=0xdc000005
     327935.000 ns	     32792	80006cc0	b7bf8013	addi	x0,x31,-1157	 x31:0x00000000
     328295.000 ns	     32828	80006cc4	02c565b3	rem	x11,x10,x12	 x10:0xdcf3b880 x12:0x7ffbf7c8 x11=0xdcf3b880
     328325.000 ns	     32831	80006cc8	209b0353	fsgnj.s	f6,f22,f9	 f22:0x40000000  f9:0xd27df7ef  f6=0xc0000000
     328355.000 ns	     32834	80006ccc	218e83d3	fsgnj.s	f7,f29,f24	 f29:0x00000001 f24:0x00000000  f7=0x00000001
     328385.000 ns	     32837	80006cd0	21271453	fsgnjn.s	f8,f14,f18	 f14:0x7f800000 f18:0xbacd4c1a  f8=0x7f800000
     328415.000 ns	     32840	80006cd4	03b1ffb3	remu	x31,x3,x27	  x3:0xf4f74ad8 x27:0x00000000 x31=0xf4f74ad8
     328445.000 ns	     32843	80006cd8	c00bbfd3	fcvt.w.s	x31,f23	 f23:0x00000000 x31=0x00000000
     328465.000 ns	     32845	80006cdc	412f8b33	sub	x22,x31,x18	 x31:0xf4f74ad8 x18:0x7e5d59cc x22=0x81a2a634
     328475.000 ns	     32846	80006ce0	0c702513	slti	x10,x0,199	  x0:0x00000000 x10=0x00000001
     328495.000 ns	     32848	80006ce4	21c606d3	fsgnj.s	f13,f12,f28	 f12:0xcefff7e0 f28:0x00000002 f13=0x4efff7e0
     328525.000 ns	     32851	80006ce8	20ef2a53	fsgnjx.s	f20,f30,f14	 f30:0x00000000 f14:0x7f800000 f20=0x00000000
     328555.000 ns	     32854	80006cec	c00377d3	fcvt.w.s	x15,f6	  f6:0xc0000000 x15=0x00000002
     328585.000 ns	     32857	80006cf0	20f50fd3	fsgnj.s	f31,f10,f15	 f10:0x4f5c0000 f15:0x80000000 f31=0xcf5c0000
     328615.000 ns	     32860	80006cf4	280680d3	fmin.s	f1,f13,f0	 f13:0x4efff7e0  f0:0x00000000  f1=0x00000000
     328635.000 ns	     32862	80006cf8	d5263213	sltiu	x4,x12,-686	 x12:0x7ffbf7c8  x4=0x00000001
     328675.000 ns	     32866	80006cfc	0124f453	fadd.s	f8,f9,f18	  f9:0xd27df7ef f18:0xbacd4c1a  f8=0xd27df7ef
     328705.000 ns	     32869	80006d00	039aea33	rem	x20,x21,x25	 x21:0x00000001 x25:0x00000000 x20=0x00000001
     328725.000 ns	     32871	80006d04	003340b3	xor	x1,x6,x3	  x6:0xfff80041  x3:0xf4f74ad8  x1=0x0b0f4a99
     328735.000 ns	     32872	80006d08	ff056193	ori	x3,x10,-16	 x10:0x00000001  x3=0xfffffff1
     328755.000 ns	     32874	80006d0c	21d60b53	fsgnj.s	f22,f12,f29	 f12:0xcefff7e0 f29:0x00000001 f22=0x4efff7e0
     328775.000 ns	     32876	80006d10	78182393	slti	x7,x16,1921	 x16:0x00000004  x7=0x00000001
     328795.000 ns	     32878	80006d14	020051b3	divu	x3,x0,x0	  x0:0x00000000  x0:0x00000000  x3=0xffffffff
     328815.000 ns	     32880	80006d18	011e2293	slti	x5,x28,17	 x28:0x00000000  x5=0x00000001
     328845.000 ns	     32883	80006d1c	10a43453	fmul.s	f8,f8,f10	  f8:0xd27df7ef f10:0x4f5c0000  f8=0xe25a4111
     328875.000 ns	     32886	80006d20	a04f12d3	flt.s	x5,f30,f4	 f30:0x00000000  f4:0x00000001  x5=0x00000001
     329245.000 ns	     32923	80006d24	03447933	remu	x18,x8,x20	  x8:0xcc000000 x20:0x00000001 x18=0x00000000
     329265.000 ns	     32925	80006d28	01021fb3	sll	x31,x4,x16	  x4:0x00000001 x16:0x00000004 x31=0x00000010
     329295.000 ns	     32928	80006d2c	1010b0d3	fmul.s	f1,f1,f1	  f1:0x00000000  f1:0x00000000  f1=0x00000000
     329315.000 ns	     32930	80006d30	01bd5b93	srli	x23,x26,0x1b	 x26:0x00000000 x23=0x00000000
     329355.000 ns	     32934	80006d34	094b1753	fsub.s	f14,f22,f20	 f22:0x4efff7e0 f20:0x00000000 f14=0x4efff7e0
     329395.000 ns	     32938	80006d38	101fa053	fmul.s	f0,f31,f1	 f31:0xcf5c0000  f1:0x00000000  f0=0x80000000
     329445.000 ns	     32943	80006d3c	01da42d3	fadd.s	f5,f20,f29	 f20:0x00000000 f29:0x00000001  f5=0x00000001
     329465.000 ns	     32945	80006d40	00af5033	srl	x0,x30,x10	 x30:0xfffffd04 x10:0x00000001
     329475.000 ns	     32946	80006d44	a460e197	auipc	x3,0xa460e	  x3=0x24614d44
     329485.000 ns	     32947	80006d48	01dfd4b3	srl	x9,x31,x29	 x31:0x00000010 x29:0x00000001  x9=0x00000008
     329495.000 ns	     32948	80006d4c	40c883b3	sub	x7,x17,x12	 x17:0xdc000005 x12:0x7ffbf7c8  x7=0x5c04083d
     329505.000 ns	     32949	80006d50	000e4e33	xor	x28,x28,x0	 x28:0x00000000  x0:0x00000000 x28=0x00000000
     329525.000 ns	     32951	80006d54	02d9a233	mulhsu	x4,x19,x13	 x19:0x00000000 x13:0xf4f74ad8  x4=0x00000000
     329555.000 ns	     32954	80006d58	03746033	rem	x0,x8,x23	  x8:0xcc000000 x23:0x00000000
     329575.000 ns	     32956	80006d5c	bce7c793	xori	x15,x15,-1074	 x15:0x00000002 x15=0xfffffbcc
     329595.000 ns	     32958	80006d60	c01b8fd3	fcvt.wu.s	x31,f23	 f23:0x00000000 x31=0x00000000
     329615.000 ns	     32960	80006d64	00911533	sll	x10,x2,x9	  x2:0x80040fe4  x9:0x00000008 x10=0x040fe400
     329635.000 ns	     32962	80006d68	21b70453	fsgnj.s	f8,f14,f27	 f14:0x4efff7e0 f27:0x40000000  f8=0x4efff7e0
     329665.000 ns	     32965	80006d6c	f0080dd3	fmv.w.x	f27,x16	 x16:0x00000004 f27=0x00000004
     330005.000 ns	     32999	80006d70	18441753	fdiv.s	f14,f8,f4	  f8:0x4efff7e0  f4:0x00000001 f14=0x7f800000
     330025.000 ns	     33001	80006d74	ed47ce93	xori	x29,x15,-300	 x15:0xfffffbcc x29=0x00000518
     330035.000 ns	     33002	80006d78	971c8693	addi	x13,x25,-1679	 x25:0x00000000 x13=0xfffff971
     330055.000 ns	     33004	80006d7c	e00981d3	fmv.x.w	x3,f19	 f19:0x00000000  x3=0x00000000
     330075.000 ns	     33006	80006d80	bea9a513	slti	x10,x19,-1046	 x19:0x00000000 x10=0x00000000
     330085.000 ns	     33007	80006d84	01aa1d93	slli	x27,x20,0x1a	 x20:0x00000001 x27=0x04000000
     330095.000 ns	     33008	80006d88	019a3533	sltu	x10,x20,x25	 x20:0x00000001 x25:0x00000000 x10=0x00000000
     330115.000 ns	     33010	80006d8c	f00c0953	fmv.w.x	f18,x24	 x24:0x00041024 f18=0x00041024
     330145.000 ns	     33013	80006d90	a0a49653	flt.s	x12,f9,f10	  f9:0xd27df7ef f10:0x4f5c0000 x12=0x00000001
     330175.000 ns	     33016	80006d94	d01f7e53	fcvt.s.wu	f28,x30	 x30:0xfffffd04 f28=0x4f7ffffd
     330195.000 ns	     33018	80006d98	0082db93	srli	x23,x5,0x8	  x5:0x00000001 x23=0x00000000
     330215.000 ns	     33020	80006d9c	025d17b3	mulh	x15,x26,x5	 x26:0x00000000  x5:0x00000001 x15=0x00000000
     330245.000 ns	     33023	80006da0	201083d3	fsgnj.s	f7,f1,f1	  f1:0x00000000  f1:0x00000000  f7=0x00000000
     330275.000 ns	     33026	80006da4	202b8353	fsgnj.s	f6,f23,f2	 f23:0x00000000  f2:0x419724f3  f6=0x00000000
     330295.000 ns	     33028	80006da8	01232ab3	slt	x21,x6,x18	  x6:0xfff80041 x18:0x00000000 x21=0x00000001
     330315.000 ns	     33030	80006dac	a0219dd3	flt.s	x27,f3,f2	  f3:0x00000001  f2:0x419724f3 x27=0x00000001
     330335.000 ns	     33032	80006db0	d8f94793	xori	x15,x18,-625	 x18:0x00000000 x15=0xfffffd8f
     330345.000 ns	     33033	80006db4	82470993	addi	x19,x14,-2012	 x14:0x80041024 x19=0x80040848
     330375.000 ns	     33036	80006db8	580f38d3	fsqrt.s	f17,f30	 f30:0x00000000 f17=0x00000000
     330395.000 ns	     33038	80006dbc	adf0a013	slti	x0,x1,-1313	  x1:0x0b0f4a99
     330405.000 ns	     33039	80006dc0	0155e633	or	x12,x11,x21	 x11:0xdcf3b880 x21:0x00000001 x12=0xdcf3b881
     330415.000 ns	     33040	80006dc4	bff96b93	ori	x23,x18,-1025	 x18:0x00000000 x23=0xfffffbff
     330425.000 ns	     33041	80006dc8	820d9e17	auipc	x28,0x820d9	 x28=0x020dfdc8
     330435.000 ns	     33042	80006dcc	7f593f13	sltiu	x30,x18,2037	 x18:0x00000000 x30=0x00000001
     330465.000 ns	     33045	80006dd0	108cfbd3	fmul.s	f23,f25,f8	 f25:0x4f7bf000  f8:0x4efff7e0 f23=0x5efbe801
     330495.000 ns	     33048	80006dd4	d01f78d3	fcvt.s.wu	f17,x30	 x30:0xfffffd04 f17=0x3f800000
     330525.000 ns	     33051	80006dd8	d01ff153	fcvt.s.wu	f2,x31	 x31:0x00000000  f2=0x00000000
     330545.000 ns	     33053	80006ddc	00cad6b3	srl	x13,x21,x12	 x21:0x00000001 x12:0xdcf3b881 x13=0x00000000
     330555.000 ns	     33054	80006de0	013f5bb3	srl	x23,x30,x19	 x30:0x00000001 x19:0x80040848 x23=0x00000000
     330565.000 ns	     33055	80006de4	015c45b3	xor	x11,x24,x21	 x24:0x00041024 x21:0x00000001 x11=0x00041025
     330575.000 ns	     33056	80006de8	3208e4b7	lui	x9,0x3208e	  x9=0x3208e000
     330595.000 ns	     33058	80006dec	a14aab53	feq.s	x22,f21,f20	 f21:0x40000000 f20:0x00000000 x22=0x00000000
     330625.000 ns	     33061	80006df0	c010f453	fcvt.wu.s	x8,f1	  f1:0x00000000  x8=0x00000000
     330645.000 ns	     33063	80006df4	00cf9e13	slli	x28,x31,0xc	 x31:0x00000000 x28=0x00000000
     330665.000 ns	     33065	80006df8	a07b10d3	flt.s	x1,f22,f7	 f22:0x4efff7e0  f7:0x00000000  x1=0x00000000
     331035.000 ns	     33102	80006dfc	022fecb3	rem	x25,x31,x2	 x31:0x00000000  x2:0x80040fe4 x25=0x00000000
     331065.000 ns	     33105	80006e00	d01e7f53	fcvt.s.wu	f30,x28	 x28:0x00000000 f30=0x00000000
     331095.000 ns	     33108	80006e04	e0080ad3	fmv.x.w	x21,f16	 f16:0x4d764188 x21=0x4d764188
     331145.000 ns	     33113	80006e08	007a1053	fadd.s	f0,f20,f7	 f20:0x00000000  f7:0x00000000  f0=0x00000000
     332325.000 ns	     33231	80006e0c	580e3ed3	fsqrt.s	f29,f28	 f28:0x4f7ffffd f29=0x47350460
     332355.000 ns	     33234	80006e10	d01b0753	fcvt.s.wu	f14,x22	 x22:0x00000000 f14=0x00000000
     332375.000 ns	     33236	80006e14	019b1413	slli	x8,x22,0x19	 x22:0x00000000  x8=0x00000000
     332395.000 ns	     33238	80006e18	039c8d33	mul	x26,x25,x25	 x25:0x00000000 x25:0x00000000 x26=0x00000000
     332435.000 ns	     33242	80006e1c	18ba22d3	fdiv.s	f5,f20,f11	 f20:0x00000000 f11:0x00000000  f5=0x7fc00000
     332465.000 ns	     33245	80006e20	c01f9453	fcvt.wu.s	x8,f31	 f31:0xcf5c0000  x8=0xdc000000
     332485.000 ns	     33247	80006e24	01151033	sll	x0,x10,x17	 x10:0x00000000 x17:0xdc000005
     332505.000 ns	     33249	80006e28	e0081cd3	fclass.s	x25,f16	 f16:0x4d764188 x25=0x00000040
     332535.000 ns	     33252	80006e2c	a09aa653	feq.s	x12,f21,f9	 f21:0x40000000  f9:0xd27df7ef x12=0x00000000
     332565.000 ns	     33255	80006e30	02f296b3	mulh	x13,x5,x15	  x5:0x00000001 x15:0xfffffd8f x13=0xffffffff
     332935.000 ns	     33292	80006e34	035dc0b3	div	x1,x27,x21	 x27:0x00000001 x21:0x4d764188  x1=0x00000000
     332955.000 ns	     33294	80006e38	4098d8b3	sra	x17,x17,x9	 x17:0xdc000005  x9:0x3208e000 x17=0xdc000005
     332965.000 ns	     33295	80006e3c	002688b3	add	x17,x13,x2	 x13:0xffffffff  x2:0x80040fe4 x17=0x80040fe3
     332975.000 ns	     33296	80006e40	01c816b3	sll	x13,x16,x28	 x16:0x00000004 x28:0x00000000 x13=0x00000004
     333335.000 ns	     33332	80006e44	0279c4b3	div	x9,x19,x7	 x19:0x80040848  x7:0x5c04083d  x9=0xffffffff
     333355.000 ns	     33334	80006e48	01fc8333	add	x6,x25,x31	 x25:0x00000040 x31:0x00000000  x6=0x00000040
     333715.000 ns	     33370	80006e4c	02b1fab3	remu	x21,x3,x11	  x3:0x00000000 x11:0x00041025 x21=0x00000000
     333735.000 ns	     33372	80006e50	00573533	sltu	x10,x14,x5	 x14:0x80041024  x5:0x00000001 x10=0x00000000
     333745.000 ns	     33373	80006e54	41dd5913	srai	x18,x26,0x1d	 x26:0x00000000 x18=0x00000000
     333765.000 ns	     33375	80006e58	e0011f53	fclass.s	x30,f2	  f2:0x00000000 x30=0x00000010
     333785.000 ns	     33377	80006e5c	0149cb33	xor	x22,x19,x20	 x19:0x80040848 x20:0x00000001 x22=0x80040849
     333805.000 ns	     33379	80006e60	e00e16d3	fclass.s	x13,f28	 f28:0x4f7ffffd x13=0x00000040
     333855.000 ns	     33384	80006e64	08d1fcd3	fsub.s	f25,f3,f13	  f3:0x00000001 f13:0x4efff7e0 f25=0xcefff7e0
     333875.000 ns	     33386	80006e68	431af193	andi	x3,x21,1073	 x21:0x00000000  x3=0x00000000
     333895.000 ns	     33388	80006e6c	a0fd0553	fle.s	x10,f26,f15	 f26:0x00000000 f15:0x80000000 x10=0x00000001
     333925.000 ns	     33391	80006e70	215326d3	fsgnjx.s	f13,f6,f21	  f6:0x00000000 f21:0x40000000 f13=0x00000000
     333955.000 ns	     33394	80006e74	0381b033	mulhu	x0,x3,x24	  x3:0x00000000 x24:0x00041024
     333975.000 ns	     33396	80006e78	01e208b3	add	x17,x4,x30	  x4:0x00000000 x30:0x00000010 x17=0x00000010
     333995.000 ns	     33398	80006e7c	a1258ed3	fle.s	x29,f11,f18	 f11:0x00000000 f18:0x00041024 x29=0x00000001
     334025.000 ns	     33401	80006e80	020c7bb3	remu	x23,x24,x0	 x24:0x00041024  x0:0x00000000 x23=0x00041024
     334045.000 ns	     33403	80006e84	00f96233	or	x4,x18,x15	 x18:0x00000000 x15:0xfffffd8f  x4=0xfffffd8f
     334065.000 ns	     33405	80006e88	03ffffb3	remu	x31,x31,x31	 x31:0x00000000 x31:0x00000000 x31=0x00000000
     334095.000 ns	     33408	80006e8c	c01c0c53	fcvt.wu.s	x24,f24	 f24:0x00000000 x24=0x00000000
     334125.000 ns	     33411	80006e90	20181353	fsgnjn.s	f6,f16,f1	 f16:0x4d764188  f1:0x00000000  f6=0xcd764188
     334175.000 ns	     33416	80006e94	091c31d3	fsub.s	f3,f24,f17	 f24:0x00000000 f17:0x3f800000  f3=0xbf800000
     334195.000 ns	     33418	80006e98	00bda1b3	slt	x3,x27,x11	 x27:0x00000001 x11:0x00041025  x3=0x00000001
     334555.000 ns	     33454	80006e9c	03eb57b3	divu	x15,x22,x30	 x22:0x80040849 x30:0x00000010 x15=0x08004084
     334575.000 ns	     33456	80006ea0	014615b3	sll	x11,x12,x20	 x12:0x00000000 x20:0x00000001 x11=0x00000000
     334595.000 ns	     33458	80006ea4	f00a8653	fmv.w.x	f12,x21	 x21:0x00000000 f12=0x00000000
     334625.000 ns	     33461	80006ea8	21942fd3	fsgnjx.s	f31,f8,f25	  f8:0x4efff7e0 f25:0xcefff7e0 f31=0xcefff7e0
     334645.000 ns	     33463	80006eac	0068fa33	and	x20,x17,x6	 x17:0x00000010  x6:0x00000040 x20=0x00000000
     334655.000 ns	     33464	80006eb0	b4776013	ori	x0,x14,-1209	 x14:0x80041024
     334675.000 ns	     33466	80006eb4	d007add3	fcvt.s.w	f27,x15	 x15:0x08004084 f27=0x4d000409
     334705.000 ns	     33469	80006eb8	c0104f53	fcvt.wu.s	x30,f0	  f0:0x00000000 x30=0x00000000
     334735.000 ns	     33472	80006ebc	d012a7d3	fcvt.s.wu	f15,x5	  x5:0x00000001 f15=0x3f800000
     334765.000 ns	     33475	80006ec0	d01678d3	fcvt.s.wu	f17,x12	 x12:0x00000000 f17=0x00000000
     334785.000 ns	     33477	80006ec4	003cd1b3	srl	x3,x25,x3	 x25:0x00000040  x3:0x00000001  x3=0x00000020
     334795.000 ns	     33478	80006ec8	d7508893	addi	x17,x1,-651	  x1:0x00000000 x17=0xfffffd75
     334815.000 ns	     33480	80006ecc	0287aab3	mulhsu	x21,x15,x8	 x15:0x08004084  x8:0xdc000000 x21=0x06e03771
     334835.000 ns	     33482	80006ed0	fbbc8313	addi	x6,x25,-69	 x25:0x00000040  x6=0xfffffffb
     334855.000 ns	     33484	80006ed4	211b10d3	fsgnjn.s	f1,f22,f17	 f22:0x4efff7e0 f17:0x00000000  f1=0xcefff7e0
     334885.000 ns	     33487	80006ed8	f00306d3	fmv.w.x	f13,x6	  x6:0x00000040 f13=0xfffffffb
     334915.000 ns	     33490	80006edc	022d20b3	mulhsu	x1,x26,x2	 x26:0x00000000  x2:0x80040fe4  x1=0x00000000
     334935.000 ns	     33492	80006ee0	002f8333	add	x6,x31,x2	 x31:0x00000000  x2:0x80040fe4  x6=0x80040fe4
     334945.000 ns	     33493	80006ee4	00f028b3	slt	x17,x0,x15	  x0:0x00000000 x15:0x08004084 x17=0x00000001
     334955.000 ns	     33494	80006ee8	2aae7693	andi	x13,x28,682	 x28:0x00000000 x13=0x00000000
     334965.000 ns	     33495	80006eec	f5034893	xori	x17,x6,-176	  x6:0x80040fe4 x17=0x7ffbf0b4
     334975.000 ns	     33496	80006ef0	29c1c397	auipc	x7,0x29c1c	  x7=0xa9c22ef0
     334985.000 ns	     33497	80006ef4	40c05013	srai	x0,x0,0xc	  x0:0x00000000
     335345.000 ns	     33533	80006ef8	03095fb3	divu	x31,x18,x16	 x18:0x00000000 x16:0x00000004 x31=0x00000000
     335365.000 ns	     33535	80006efc	0d70a493	slti	x9,x1,215	  x1:0x00000000  x9=0x00000001
     335385.000 ns	     33537	80006f00	a0501b53	flt.s	x22,f0,f5	  f0:0x00000000  f5:0x7fc00000 x22=0x00000000
     335415.000 ns	     33540	80006f04	0208a933	mulhsu	x18,x17,x0	 x17:0x7ffbf0b4  x0:0x00000000 x18=0x00000000
     335455.000 ns	     33544	80006f08	11ef2353	fmul.s	f6,f30,f30	 f30:0x00000000 f30:0x00000000  f6=0x00000000
     335485.000 ns	     33547	80006f0c	e00f0dd3	fmv.x.w	x27,f30	 f30:0x00000000 x27=0x00000000
     335505.000 ns	     33549	80006f10	01baf533	and	x10,x21,x27	 x21:0x06e03771 x27:0x00000001 x10=0x00000000
     335515.000 ns	     33550	80006f14	019e09b3	add	x19,x28,x25	 x28:0x00000000 x25:0x00000040 x19=0x00000040
     335525.000 ns	     33551	80006f18	0082d513	srli	x10,x5,0x8	  x5:0x00000001 x10=0x00000000
     335535.000 ns	     33552	80006f1c	409d5e33	sra	x28,x26,x9	 x26:0x00000000  x9:0x00000001 x28=0x00000000
     335545.000 ns	     33553	80006f20	385fbd17	auipc	x26,0x385fb	 x26=0xb8601f20
     335575.000 ns	     33556	80006f24	198eb853	fdiv.s	f16,f29,f24	 f29:0x47350460 f24:0x00000000 f16=0x7f800000
     335625.000 ns	     33561	80006f28	005f3753	fadd.s	f14,f30,f5	 f30:0x00000000  f5:0x7fc00000 f14=0x7fc00000
     335645.000 ns	     33563	80006f2c	14bf4d13	xori	x26,x30,331	 x30:0x00000000 x26=0x0000014b
     335665.000 ns	     33565	80006f30	d012fe53	fcvt.s.wu	f28,x5	  x5:0x00000001 f28=0x3f800000
     336005.000 ns	     33599	80006f34	188972d3	fdiv.s	f5,f18,f8	 f18:0x00041024  f8:0x4efff7e0  f5=0x00000000
     336025.000 ns	     33601	80006f38	84ac3413	sltiu	x8,x24,-1974	 x24:0x00000000  x8=0x00000001
     336035.000 ns	     33602	80006f3c	00000013	addi	x0,x0,0	  x0:0x00000000
     336045.000 ns	     33603	80006f40	01daaa33	slt	x20,x21,x29	 x21:0x06e03771 x29:0x00000001 x20=0x00000000
     336055.000 ns	     33604	80006f44	0147df13	srli	x30,x15,0x14	 x15:0x08004084 x30=0x00000080
     336415.000 ns	     33640	80006f48	03324d33	div	x26,x4,x19	  x4:0xfffffd8f x19:0x00000040 x26=0xfffffff7
     336445.000 ns	     33643	80006f4c	d01ffbd3	fcvt.s.wu	f23,x31	 x31:0x00000000 f23=0x00000000
     336475.000 ns	     33646	80006f50	d003bbd3	fcvt.s.w	f23,x7	  x7:0xa9c22ef0 f23=0xceac7ba3
     336515.000 ns	     33650	80006f54	11a8cbd3	fmul.s	f23,f17,f26	 f17:0x00000000 f26:0x00000000 f23=0x00000000
     336535.000 ns	     33652	80006f58	011698b3	sll	x17,x13,x17	 x13:0x00000000 x17:0x7ffbf0b4 x17=0x00000000
     337705.000 ns	     33769	80006f5c	5807a453	fsqrt.s	f8,f15	 f15:0x3f800000  f8=0x3f7fffae
     337725.000 ns	     33771	80006f60	41e1de13	srai	x28,x3,0x1e	  x3:0x00000020 x28=0x00000000
     337735.000 ns	     33772	80006f64	01077eb3	and	x29,x14,x16	 x14:0x80041024 x16:0x00000004 x29=0x00000004
     337755.000 ns	     33774	80006f68	20d62c53	fsgnjx.s	f24,f12,f13	 f12:0x00000000 f13:0xfffffffb f24=0x80000000
     337785.000 ns	     33777	80006f6c	f0058fd3	fmv.w.x	f31,x11	 x11:0x00000000 f31=0x00000000
     337815.000 ns	     33780	80006f70	03be2e33	mulhsu	x28,x28,x27	 x28:0x00000000 x27:0x00000000 x28=0x00000000
     337865.000 ns	     33785	80006f74	00aaacd3	fadd.s	f25,f21,f10	 f21:0x40000000 f10:0x4f5c0000 f25=0x4f5c0000
     337895.000 ns	     33788	80006f78	c011fe53	fcvt.wu.s	x28,f3	  f3:0xbf800000 x28=0x00000001
     337925.000 ns	     33791	80006f7c	c017f0d3	fcvt.wu.s	x1,f15	 f15:0x3f800000  x1=0x00000001
     337955.000 ns	     33794	80006f80	03902ab3	mulhsu	x21,x0,x25	  x0:0x00000000 x25:0x00000040 x21=0x00000000
     338325.000 ns	     33831	80006f84	037ee2b3	rem	x5,x29,x23	 x29:0x00000004 x23:0x00041024  x5=0x00000004
     338355.000 ns	     33834	80006f88	0304a6b3	mulhsu	x13,x9,x16	  x9:0x00000001 x16:0x00000004 x13=0x00000000
     338395.000 ns	     33838	80006f8c	58059e53	fsqrt.s	f28,f11	 f11:0x00000000 f28=0x00000000
     338435.000 ns	     33842	80006f90	119075d3	fmul.s	f11,f0,f25	  f0:0x00000000 f25:0x4f5c0000 f11=0x00000000
     338465.000 ns	     33845	80006f94	d005fcd3	fcvt.s.w	f25,x11	 x11:0x00000000 f25=0x00000000
     338485.000 ns	     33847	80006f98	40bd5393	srai	x7,x26,0xb	 x26:0xfffffff7  x7=0xffffffff
     338505.000 ns	     33849	80006f9c	d011ced3	fcvt.s.wu	f29,x3	  x3:0x00000020 f29=0x42000000
     338525.000 ns	     33851	80006fa0	008139b3	sltu	x19,x2,x8	  x2:0x80040fe4  x8:0x00000001 x19=0x00000000
     338535.000 ns	     33852	80006fa4	015685b3	add	x11,x13,x21	 x13:0x00000000 x21:0x00000000 x11=0x00000000
     338545.000 ns	     33853	80006fa8	1b43af93	slti	x31,x7,436	  x7:0xffffffff x31=0x00000001
     338555.000 ns	     33854	80006fac	01e537b3	sltu	x15,x10,x30	 x10:0x00000000 x30:0x00000080 x15=0x00000001
     338565.000 ns	     33855	80006fb0	e87098b7	lui	x17,0xe8709	 x17=0xe8709000
     338585.000 ns	     33857	80006fb4	02074a33	div	x20,x14,x0	 x14:0x80041024  x0:0x00000000 x20=0xffffffff
     338615.000 ns	     33860	80006fb8	0275a2b3	mulhsu	x5,x11,x7	 x11:0x00000000  x7:0xffffffff  x5=0x00000000
     338655.000 ns	     33864	80006fbc	1031f2d3	fmul.s	f5,f3,f3	  f3:0xbf800000  f3:0xbf800000  f5=0x3f800000
     339025.000 ns	     33901	80006fc0	03cce3b3	rem	x7,x25,x28	 x25:0x00000040 x28:0x00000001  x7=0x00000000
     339055.000 ns	     33904	80006fc4	d01982d3	fcvt.s.wu	f5,x19	 x19:0x00000000  f5=0x00000000
     339085.000 ns	     33907	80006fc8	a0bc81d3	fle.s	x3,f25,f11	 f25:0x00000000 f11:0x00000000  x3=0x00000001
     339115.000 ns	     33910	80006fcc	28269c53	fmax.s	f24,f13,f2	 f13:0xfffffffb  f2:0x00000000 f24=0x00000000
     339155.000 ns	     33914	80006fd0	10e41253	fmul.s	f4,f8,f14	  f8:0x3f7fffae f14:0x7fc00000  f4=0x7fc00000
     339185.000 ns	     33917	80006fd4	a0ada953	feq.s	x18,f27,f10	 f27:0x4d000409 f10:0x4f5c0000 x18=0x00000000
     339205.000 ns	     33919	80006fd8	10eaaa13	slti	x20,x21,270	 x21:0x00000000 x20=0x00000001
     339225.000 ns	     33921	80006fdc	a0b62ad3	feq.s	x21,f12,f11	 f12:0x00000000 f11:0x00000000 x21=0x00000001
     339245.000 ns	     33923	80006fe0	00d62333	slt	x6,x12,x13	 x12:0x00000000 x13:0x00000000  x6=0x00000000
     339255.000 ns	     33924	80006fe4	005bd8b3	srl	x17,x23,x5	 x23:0x00041024  x5:0x00000000 x17=0x00041024
     339265.000 ns	     33925	80006fe8	ccc14e13	xori	x28,x2,-820	  x2:0x80040fe4 x28=0x7ffbf328
     339275.000 ns	     33926	80006fec	004287b3	add	x15,x5,x4	  x5:0x00000000  x4:0xfffffd8f x15=0xfffffd8f
     339295.000 ns	     33928	80006ff0	f00804d3	fmv.w.x	f9,x16	 x16:0x00000004  f9=0x00000004
     339315.000 ns	     33930	80006ff4	41260633	sub	x12,x12,x18	 x12:0x00000000 x18:0x00000000 x12=0x00000000
     339355.000 ns	     33934	80006ff8	092afe53	fsub.s	f28,f21,f18	 f21:0x40000000 f18:0x00041024 f28=0x40000000
     339385.000 ns	     33937	80006ffc	a0f52353	feq.s	x6,f10,f15	 f10:0x4f5c0000 f15:0x3f800000  x6=0x00000000
     339405.000 ns	     33939	80007000	000837b3	sltu	x15,x16,x0	 x16:0x00000004  x0:0x00000000 x15=0x00000000
     339415.000 ns	     33940	80007004	01795e93	srli	x29,x18,0x17	 x18:0x00000000 x29=0x00000000
     339425.000 ns	     33941	80007008	745bf097	auipc	x1,0x745bf	  x1=0xf45c6008
     339435.000 ns	     33942	8000700c	01efe433	or	x8,x31,x30	 x31:0x00000001 x30:0x00000080  x8=0x00000081
     339445.000 ns	     33943	80007010	00485213	srli	x4,x16,0x4	 x16:0x00000004  x4=0x00000000
     339465.000 ns	     33945	80007014	0348aab3	mulhsu	x21,x17,x20	 x17:0x00041024 x20:0x00000001 x21=0x00000000
     339495.000 ns	     33948	80007018	e00996d3	fclass.s	x13,f19	 f19:0x00000000 x13=0x00000010
     339515.000 ns	     33950	8000701c	55463c13	sltiu	x24,x12,1364	 x12:0x00000000 x24=0x00000001
     339875.000 ns	     33986	80007020	02847fb3	remu	x31,x8,x8	  x8:0x00000081  x8:0x00000081 x31=0x00000000
     339895.000 ns	     33988	80007024	00e15893	srli	x17,x2,0xe	  x2:0x80040fe4 x17=0x00020010
     339905.000 ns	     33989	80007028	000b4a33	xor	x20,x22,x0	 x22:0x00000000  x0:0x00000000 x20=0x00000000
     339915.000 ns	     33990	8000702c	01efe433	or	x8,x31,x30	 x31:0x00000000 x30:0x00000080  x8=0x00000080
     339945.000 ns	     33993	80007030	580031d3	fsqrt.s	f3,f0	  f0:0x00000000  f3=0x00000000
     339965.000 ns	     33995	80007034	00a68bb3	add	x23,x13,x10	 x13:0x00000010 x10:0x00000000 x23=0x00000010
     339995.000 ns	     33998	80007038	183f78d3	fdiv.s	f17,f30,f3	 f30:0x00000000  f3:0x00000000 f17=0x7fc00000
     340015.000 ns	     34000	8000703c	41855613	srai	x12,x10,0x18	 x10:0x00000000 x12=0x00000000
     340025.000 ns	     34001	80007040	419808b3	sub	x17,x16,x25	 x16:0x00000004 x25:0x00000040 x17=0xffffffc4
     340035.000 ns	     34002	80007044	00000013	addi	x0,x0,0	  x0:0x00000000
     340045.000 ns	     34003	80007048	01f75a33	srl	x20,x14,x31	 x14:0x80041024 x31:0x00000000 x20=0x80041024
     340055.000 ns	     34004	8000704c	fbcafc13	andi	x24,x21,-68	 x21:0x00000000 x24=0x00000000
     340065.000 ns	     34005	80007050	030acb93	xori	x23,x21,48	 x21:0x00000000 x23=0x00000030
     340075.000 ns	     34006	80007054	00000013	addi	x0,x0,0	  x0:0x00000000
     340095.000 ns	     34008	80007058	a177a253	feq.s	x4,f15,f23	 f15:0x3f800000 f23:0x00000000  x4=0x00000000
     340145.000 ns	     34013	8000705c	018186d3	fadd.s	f13,f3,f24	  f3:0x00000000 f24:0x00000000 f13=0x00000000
     340165.000 ns	     34015	80007060	31d08513	addi	x10,x1,797	  x1:0xf45c6008 x10=0xf45c6325
     340185.000 ns	     34017	80007064	03e50233	mul	x4,x10,x30	 x10:0x00000000 x30:0x00000080  x4=0x2e319280
     340235.000 ns	     34022	80007068	08bbaa53	fsub.s	f20,f23,f11	 f23:0x00000000 f11:0x00000000 f20=0x80000000
     340265.000 ns	     34025	8000706c	d00ccb53	fcvt.s.w	f22,x25	 x25:0x00000040 f22=0x42800000
     340285.000 ns	     34027	80007070	00000013	addi	x0,x0,0	  x0:0x00000000
     340305.000 ns	     34029	80007074	a00509d3	fle.s	x19,f10,f0	 f10:0x4f5c0000  f0:0x00000000 x19=0x00000000
     340335.000 ns	     34032	80007078	e00410d3	fclass.s	x1,f8	  f8:0x3f7fffae  x1=0x00000040
     340375.000 ns	     34036	8000707c	18ed38d3	fdiv.s	f17,f26,f14	 f26:0x00000000 f14:0x7fc00000 f17=0x7fc00000
     340745.000 ns	     34073	80007080	02eed2b3	divu	x5,x29,x14	 x29:0x00000000 x14:0x80041024  x5=0x00000000
     340765.000 ns	     34075	80007084	0176dc93	srli	x25,x13,0x17	 x13:0x00000010 x25=0x00000000
     340775.000 ns	     34076	80007088	0a642a13	slti	x20,x8,166	  x8:0x00000080 x20=0x00000001
     340785.000 ns	     34077	8000708c	31efa613	slti	x12,x31,798	 x31:0x00000000 x12=0x00000001
     340805.000 ns	     34079	80007090	03ed39b3	mulhu	x19,x26,x30	 x26:0xfffffff7 x30:0x00000080 x19=0x0000007f
     340835.000 ns	     34082	80007094	03eab433	mulhu	x8,x21,x30	 x21:0x00000000 x30:0x00000080  x8=0x00000000
     340865.000 ns	     34085	80007098	a14e0ad3	fle.s	x21,f28,f20	 f28:0x40000000 f20:0x80000000 x21=0x00000000
     340895.000 ns	     34088	8000709c	03a09ab3	mulh	x21,x1,x26	  x1:0x00000040 x26:0xfffffff7 x21=0xffffffff
     340915.000 ns	     34090	800070a0	54bd3c93	sltiu	x25,x26,1355	 x26:0xfffffff7 x25=0x00000000
     340935.000 ns	     34092	800070a4	029f3eb3	mulhu	x29,x30,x9	 x30:0x00000080  x9:0x00000001 x29=0x00000000
     340965.000 ns	     34095	800070a8	02e39033	mulh	x0,x7,x14	  x7:0x00000000 x14:0x80041024
     341015.000 ns	     34100	800070ac	090c7153	fsub.s	f2,f24,f16	 f24:0x00000000 f16:0x7f800000  f2=0xff800000
     341385.000 ns	     34137	800070b0	030eda33	divu	x20,x29,x16	 x29:0x00000000 x16:0x00000004 x20=0x00000000
     341415.000 ns	     34140	800070b4	030c3a33	mulhu	x20,x24,x16	 x24:0x00000000 x16:0x00000004 x20=0x00000000
     341435.000 ns	     34142	800070b8	006beb33	or	x22,x23,x6	 x23:0x00000030  x6:0x00000000 x22=0x00000030
     341455.000 ns	     34144	800070bc	282f9553	fmax.s	f10,f31,f2	 f31:0x00000000  f2:0xff800000 f10=0x00000000
     341485.000 ns	     34147	800070c0	216692d3	fsgnjn.s	f5,f13,f22	 f13:0x00000000 f22:0x42800000  f5=0x80000000
     341505.000 ns	     34149	800070c4	da04e693	ori	x13,x9,-608	  x9:0x00000001 x13=0xfffffda1
     341525.000 ns	     34151	800070c8	c000f253	fcvt.w.s	x4,f1	  f1:0xcefff7e0  x4=0x7ffbf000
     341545.000 ns	     34153	800070cc	00000013	addi	x0,x0,0	  x0:0x00000000
     341555.000 ns	     34154	800070d0	006b1f13	slli	x30,x22,0x6	 x22:0x00000030 x30=0x00000c00
     341565.000 ns	     34155	800070d4	00000013	addi	x0,x0,0	  x0:0x00000000
     341585.000 ns	     34157	800070d8	02539233	mulh	x4,x7,x5	  x7:0x00000000  x5:0x00000000  x4=0x00000000
     341615.000 ns	     34160	800070dc	a02eae53	feq.s	x28,f29,f2	 f29:0x42000000  f2:0xff800000 x28=0x00000000
     341665.000 ns	     34165	800070e0	086fbb53	fsub.s	f22,f31,f6	 f31:0x00000000  f6:0x00000000 f22=0x80000000
     341685.000 ns	     34167	800070e4	21284b13	xori	x22,x16,530	 x16:0x00000004 x22=0x00000216
     341705.000 ns	     34169	800070e8	02464d33	div	x26,x12,x4	 x12:0x00000001  x4:0x00000000 x26=0xffffffff
     341725.000 ns	     34171	800070ec	237f9f17	auipc	x30,0x237f9	 x30=0xa38000ec
     341745.000 ns	     34173	800070f0	03269033	mulh	x0,x13,x18	 x13:0xfffffda1 x18:0x00000000
     341775.000 ns	     34176	800070f4	02151333	mulh	x6,x10,x1	 x10:0xf45c6325  x1:0x00000040  x6=0xfffffffd
     341795.000 ns	     34178	800070f8	7acf8413	addi	x8,x31,1964	 x31:0x00000000  x8=0x000007ac
     342155.000 ns	     34214	800070fc	02e66bb3	rem	x23,x12,x14	 x12:0x00000001 x14:0x80041024 x23=0x00000001
     342175.000 ns	     34216	80007100	412b85b3	sub	x11,x23,x18	 x23:0x00000030 x18:0x00000000 x11=0x00000001
     342185.000 ns	     34217	80007104	79468093	addi	x1,x13,1940	 x13:0xfffffda1  x1=0x00000535
     342205.000 ns	     34219	80007108	03d8aa33	mulhsu	x20,x17,x29	 x17:0xffffffc4 x29:0x00000000 x20=0x00000000
     342225.000 ns	     34221	8000710c	41095533	sra	x10,x18,x16	 x18:0x00000000 x16:0x00000004 x10=0x00000000
     342235.000 ns	     34222	80007110	41bfd193	srai	x3,x31,0x1b	 x31:0x00000000  x3=0x00000000
     342245.000 ns	     34223	80007114	00313433	sltu	x8,x2,x3	  x2:0x80040fe4  x3:0x00000001  x8=0x00000000
     342255.000 ns	     34224	80007118	00c8a1b3	slt	x3,x17,x12	 x17:0xffffffc4 x12:0x00000001  x3=0x00000001
     342275.000 ns	     34226	8000711c	20679953	fsgnjn.s	f18,f15,f6	 f15:0x3f800000  f6:0x00000000 f18=0xbf800000
     342295.000 ns	     34228	80007120	8ed41297	auipc	x5,0x8ed41	  x5=0x0ed48120
     342315.000 ns	     34230	80007124	d017f653	fcvt.s.wu	f12,x15	 x15:0x00000000 f12=0x00000000
     342335.000 ns	     34232	80007128	00d89db3	sll	x27,x17,x13	 x17:0xffffffc4 x13:0xfffffda1 x27=0xffffff88
     342355.000 ns	     34234	8000712c	e0021b53	fclass.s	x22,f4	  f4:0x7fc00000 x22=0x00000200
     342375.000 ns	     34236	80007130	01a51293	slli	x5,x10,0x1a	 x10:0x00000000  x5=0x00000000
     342395.000 ns	     34238	80007134	209d00d3	fsgnj.s	f1,f26,f9	 f26:0x00000000  f9:0x00000004  f1=0x00000000
     342765.000 ns	     34275	80007138	023d7bb3	remu	x23,x26,x3	 x26:0xffffffff  x3:0x00000001 x23=0x00000000
     342785.000 ns	     34277	8000713c	33548937	lui	x18,0x33548	 x18=0x33548000
     342795.000 ns	     34278	80007140	0013ccb3	xor	x25,x7,x1	  x7:0x00000000  x1:0x00000535 x25=0x00000535
     342815.000 ns	     34280	80007144	03239933	mulh	x18,x7,x18	  x7:0x00000000 x18:0x00000000 x18=0x00000000
     342835.000 ns	     34282	80007148	41a5d1b3	sra	x3,x11,x26	 x11:0x00000001 x26:0xffffffff  x3=0x00000000
     342845.000 ns	     34283	8000714c	0134b333	sltu	x6,x9,x19	  x9:0x00000001 x19:0x0000007f  x6=0x00000001
     342865.000 ns	     34285	80007150	d000f1d3	fcvt.s.w	f3,x1	  x1:0x00000535  f3=0x44a6a000
     342895.000 ns	     34288	80007154	c008f4d3	fcvt.w.s	x9,f17	 f17:0x7fc00000  x9=0x7fffffff
     342925.000 ns	     34291	80007158	292c8853	fmin.s	f16,f25,f18	 f25:0x00000000 f18:0xbf800000 f16=0xbf800000
     342945.000 ns	     34293	8000715c	b6f46613	ori	x12,x8,-1169	  x8:0x00000000 x12=0xfffffb6f
     342965.000 ns	     34295	80007160	e0058bd3	fmv.x.w	x23,f11	 f11:0x00000000 x23=0x00000000
     342985.000 ns	     34297	80007164	0185b9b3	sltu	x19,x11,x24	 x11:0x00000001 x24:0x00000000 x19=0x00000000
     343015.000 ns	     34300	80007168	10b8b453	fmul.s	f8,f17,f11	 f17:0x7fc00000 f11:0x00000000  f8=0x7fc00000
     343035.000 ns	     34302	8000716c	00ac27b3	slt	x15,x24,x10	 x24:0x00000000 x10:0x00000000 x15=0x00000000
     343055.000 ns	     34304	80007170	201e0bd3	fsgnj.s	f23,f28,f1	 f28:0x40000000  f1:0x00000000 f23=0x40000000
     343075.000 ns	     34306	80007174	004328b3	slt	x17,x6,x4	  x6:0x00000001  x4:0x00000000 x17=0x00000000
     343095.000 ns	     34308	80007178	28ea9cd3	fmax.s	f25,f21,f14	 f21:0x40000000 f14:0x7fc00000 f25=0x40000000
     343115.000 ns	     34310	8000717c	008997b3	sll	x15,x19,x8	 x19:0x00000000  x8:0x00000000 x15=0x00000000
     343145.000 ns	     34313	80007180	10a57453	fmul.s	f8,f10,f10	 f10:0x00000000 f10:0x00000000  f8=0x00000000
     343175.000 ns	     34316	80007184	c01912d3	fcvt.wu.s	x5,f18	 f18:0xbf800000  x5=0x00000001
     343195.000 ns	     34318	80007188	0105c0b3	xor	x1,x11,x16	 x11:0x00000001 x16:0x00000004  x1=0x00000005
     343215.000 ns	     34320	8000718c	a0bf0653	fle.s	x12,f30,f11	 f30:0x00000000 f11:0x00000000 x12=0x00000001
     343585.000 ns	     34357	80007190	039bcc33	div	x24,x23,x25	 x23:0x00000000 x25:0x00000535 x24=0x00000000
     343615.000 ns	     34360	80007194	d01a76d3	fcvt.s.wu	f13,x20	 x20:0x00000000 f13=0x00000000
     343645.000 ns	     34363	80007198	d00572d3	fcvt.s.w	f5,x10	 x10:0x00000000  f5=0x00000000
     343665.000 ns	     34365	8000719c	017cdd33	srl	x26,x25,x23	 x25:0x00000535 x23:0x00000000 x26=0x00000535
     343685.000 ns	     34367	800071a0	a14196d3	flt.s	x13,f3,f20	  f3:0x44a6a000 f20:0x80000000 x13=0x00000000
     343715.000 ns	     34370	800071a4	f00c0cd3	fmv.w.x	f25,x24	 x24:0x00000000 f25=0x00000000
     343745.000 ns	     34373	800071a8	c01e4653	fcvt.wu.s	x12,f28	 f28:0x40000000 x12=0x00000002
     343775.000 ns	     34376	800071ac	28619b53	fmax.s	f22,f3,f6	  f3:0x44a6a000  f6:0x00000000 f22=0x44a6a000
     343805.000 ns	     34379	800071b0	2114a0d3	fsgnjx.s	f1,f9,f17	  f9:0x00000004 f17:0x7fc00000  f1=0x00000004
     343845.000 ns	     34383	800071b4	11eeffd3	fmul.s	f31,f29,f30	 f29:0x42000000 f30:0x00000000 f31=0x00000000
     343875.000 ns	     34386	800071b8	21d0a853	fsgnjx.s	f16,f1,f29	  f1:0x00000004 f29:0x42000000 f16=0x00000004
     343895.000 ns	     34388	800071bc	00b03333	sltu	x6,x0,x11	  x0:0x00000000 x11:0x00000001  x6=0x00000001
     343915.000 ns	     34390	800071c0	28ae0053	fmin.s	f0,f28,f10	 f28:0x40000000 f10:0x00000000  f0=0x00000000
     343945.000 ns	     34393	800071c4	20111253	fsgnjn.s	f4,f2,f1	  f2:0xff800000  f1:0x00000004  f4=0xff800000
     343985.000 ns	     34397	800071c8	11487553	fmul.s	f10,f16,f20	 f16:0x00000004 f20:0x80000000 f10=0x80000000
     344015.000 ns	     34400	800071cc	209d8b53	fsgnj.s	f22,f27,f9	 f27:0x4d000409  f9:0x00000004 f22=0x4d000409
     344035.000 ns	     34402	800071d0	41d05293	srai	x5,x0,0x1d	  x0:0x00000000  x5=0x00000000
     344045.000 ns	     34403	800071d4	01605993	srli	x19,x0,0x16	  x0:0x00000000 x19=0x00000000
     344055.000 ns	     34404	800071d8	eefd4693	xori	x13,x26,-273	 x26:0x00000535 x13=0xfffffbda
     344065.000 ns	     34405	800071dc	00b8e8b3	or	x17,x17,x11	 x17:0x00000000 x11:0x00000001 x17=0x00000001
     344075.000 ns	     34406	800071e0	2f606f93	ori	x31,x0,758	  x0:0x00000000 x31=0x000002f6
     344095.000 ns	     34408	800071e4	280702d3	fmin.s	f5,f14,f0	 f14:0x7fc00000  f0:0x00000000  f5=0x00000000
     344125.000 ns	     34411	800071e8	029fa9b3	mulhsu	x19,x31,x9	 x31:0x00000000  x9:0x7fffffff x19=0x0000017a
     344495.000 ns	     34448	800071ec	030de0b3	rem	x1,x27,x16	 x27:0xffffff88 x16:0x00000004  x1=0x00000000
     344525.000 ns	     34451	800071f0	f00900d3	fmv.w.x	f1,x18	 x18:0x00000000  f1=0x00000000
     344895.000 ns	     34488	800071f4	02be5a33	divu	x20,x28,x11	 x28:0x00000000 x11:0x00000001 x20=0x00000000
     345265.000 ns	     34525	800071f8	03f5ccb3	div	x25,x11,x31	 x11:0x00000001 x31:0x000002f6 x25=0x00000000
     345285.000 ns	     34527	800071fc	013924b3	slt	x9,x18,x19	 x18:0x00000000 x19:0x0000017a  x9=0x00000001
     345325.000 ns	     34531	80007200	014942d3	fadd.s	f5,f18,f20	 f18:0xbf800000 f20:0x80000000  f5=0xbf800000
     345345.000 ns	     34533	80007204	c7e4c393	xori	x7,x9,-898	  x9:0x7fffffff  x7=0xfffffc7f
     345365.000 ns	     34535	80007208	c0067253	fcvt.w.s	x4,f12	 f12:0x00000000  x4=0x00000000
     345395.000 ns	     34538	8000720c	f00a83d3	fmv.w.x	f7,x21	 x21:0xffffffff  f7=0xffffffff
     345415.000 ns	     34540	80007210	b5626693	ori	x13,x4,-1194	  x4:0x00000000 x13=0xfffffb56
     345435.000 ns	     34542	80007214	d01973d3	fcvt.s.wu	f7,x18	 x18:0x00000000  f7=0x00000000
     345455.000 ns	     34544	80007218	010131b3	sltu	x3,x2,x16	  x2:0x80040fe4 x16:0x00000004  x3=0x00000000
     345465.000 ns	     34545	8000721c	00000013	addi	x0,x0,0	  x0:0x00000000
     345505.000 ns	     34549	80007220	003c9b53	fadd.s	f22,f25,f3	 f25:0x00000000  f3:0x44a6a000 f22=0x44a6a000
     345525.000 ns	     34551	80007224	40780233	sub	x4,x16,x7	 x16:0x00000004  x7:0xfffffc7f  x4=0x00000385
     345545.000 ns	     34553	80007228	029b8033	mul	x0,x23,x9	 x23:0x00000000  x9:0x00000001
     345915.000 ns	     34590	8000722c	02e6ecb3	rem	x25,x13,x14	 x13:0xfffffb56 x14:0x80041024 x25=0xfffffb56
     345955.000 ns	     34594	80007230	1011ced3	fmul.s	f29,f3,f1	  f3:0x44a6a000  f1:0x00000000 f29=0x00000000
     345995.000 ns	     34598	80007234	11f600d3	fmul.s	f1,f12,f31	 f12:0x00000000 f31:0x00000000  f1=0x00000000
     346015.000 ns	     34600	80007238	0181bdb3	sltu	x27,x3,x24	  x3:0x00000000 x24:0x00000000 x27=0x00000000
     346035.000 ns	     34602	8000723c	a13f96d3	flt.s	x13,f31,f19	 f31:0x00000000 f19:0x00000000 x13=0x00000000
     346065.000 ns	     34605	80007240	e00804d3	fmv.x.w	x9,f16	 f16:0x00000004  x9=0x00000004
     346085.000 ns	     34607	80007244	40245013	srai	x0,x8,0x2	  x8:0x00000000
     346095.000 ns	     34608	80007248	40085313	srai	x6,x16,0x0	 x16:0x00000004  x6=0x00000004
     346105.000 ns	     34609	8000724c	41770f33	sub	x30,x14,x23	 x14:0x80041024 x23:0x00000000 x30=0x80041024
     346115.000 ns	     34610	80007250	01229593	slli	x11,x5,0x12	  x5:0x00000000 x11=0x00000000
     346135.000 ns	     34612	80007254	0212ffb3	remu	x31,x5,x1	  x5:0x00000000  x1:0x00000000 x31=0x00000000
     346165.000 ns	     34615	80007258	c00d7e53	fcvt.w.s	x28,f26	 f26:0x00000000 x28=0x00000000
     346185.000 ns	     34617	8000725c	01eed513	srli	x10,x29,0x1e	 x29:0x00000000 x10=0x00000000
     346195.000 ns	     34618	80007260	09f0a993	slti	x19,x1,159	  x1:0x00000000 x19=0x00000001
     346205.000 ns	     34619	80007264	523b7313	andi	x6,x22,1315	 x22:0x00000200  x6=0x00000000
     346215.000 ns	     34620	80007268	000075b3	and	x11,x0,x0	  x0:0x00000000  x0:0x00000000 x11=0x00000000
     346575.000 ns	     34656	8000726c	02e25bb3	divu	x23,x4,x14	  x4:0x00000385 x14:0x80041024 x23=0x00000000
     346595.000 ns	     34658	80007270	0000fc33	and	x24,x1,x0	  x1:0x00000000  x0:0x00000000 x24=0x00000000
     346615.000 ns	     34660	80007274	c01a82d3	fcvt.wu.s	x5,f21	 f21:0x40000000  x5=0x00000002
     346645.000 ns	     34663	80007278	033918b3	mulh	x17,x18,x19	 x18:0x00000000 x19:0x00000001 x17=0x00000000
     346665.000 ns	     34665	8000727c	1f667313	andi	x6,x12,502	 x12:0x00000002  x6=0x00000002
     346685.000 ns	     34667	80007280	e0009e53	fclass.s	x28,f1	  f1:0x00000000 x28=0x00000010
     346715.000 ns	     34670	80007284	a1688cd3	fle.s	x25,f17,f22	 f17:0x7fc00000 f22:0x44a6a000 x25=0x00000000
     346745.000 ns	     34673	80007288	29b396d3	fmax.s	f13,f7,f27	  f7:0x00000000 f27:0x4d000409 f13=0x4d000409
     347115.000 ns	     34710	8000728c	03c55fb3	divu	x31,x10,x28	 x10:0x00000000 x28:0x00000010 x31=0x00000000
     347145.000 ns	     34713	80007290	a1212953	feq.s	x18,f2,f18	  f2:0xff800000 f18:0xbf800000 x18=0x00000000
     347165.000 ns	     34715	80007294	93712097	auipc	x1,0x93712	  x1=0x13719294
     347185.000 ns	     34717	80007298	29fe8053	fmin.s	f0,f29,f31	 f29:0x00000000 f31:0x00000000  f0=0x00000000
     347205.000 ns	     34719	8000729c	b7f57193	andi	x3,x10,-1153	 x10:0x00000000  x3=0x00000000
     347215.000 ns	     34720	800072a0	01e6c1b3	xor	x3,x13,x30	 x13:0x00000000 x30:0x80041024  x3=0x80041024
     347235.000 ns	     34722	800072a4	f00e0b53	fmv.w.x	f22,x28	 x28:0x00000010 f22=0x00000010
     347255.000 ns	     34724	800072a8	00c4b333	sltu	x6,x9,x12	  x9:0x00000004 x12:0x00000002  x6=0x00000000
     347265.000 ns	     34725	800072ac	019c1f93	slli	x31,x24,0x19	 x24:0x00000000 x31=0x00000000
     347275.000 ns	     34726	800072b0	f39e6d17	auipc	x26,0xf39e6	 x26=0x739ed2b0
     347285.000 ns	     34727	800072b4	00bd33b3	sltu	x7,x26,x11	 x26:0x00000535 x11:0x00000000  x7=0x00000000
     347305.000 ns	     34729	800072b8	c00475d3	fcvt.w.s	x11,f8	  f8:0x00000000 x11=0x00000000
     347355.000 ns	     34734	800072bc	09ee9253	fsub.s	f4,f29,f30	 f29:0x00000000 f30:0x00000000  f4=0x80000000
     347385.000 ns	     34737	800072c0	20ca2753	fsgnjx.s	f14,f20,f12	 f20:0x80000000 f12:0x00000000 f14=0x80000000
     347405.000 ns	     34739	800072c4	00a2d633	srl	x12,x5,x10	  x5:0x00000002 x10:0x00000000 x12=0x00000002
     347765.000 ns	     34775	800072c8	02c140b3	div	x1,x2,x12	  x2:0x80040fe4 x12:0x00000002  x1=0xc00207f2
     347795.000 ns	     34778	800072cc	a0882ad3	feq.s	x21,f16,f8	 f16:0x00000004  f8:0x00000000 x21=0x00000000
     347825.000 ns	     34781	800072d0	210c1cd3	fsgnjn.s	f25,f24,f16	 f24:0x00000000 f16:0x00000004 f25=0x80000000
     347855.000 ns	     34784	800072d4	298a89d3	fmin.s	f19,f21,f24	 f21:0x40000000 f24:0x00000000 f19=0x00000000
     347875.000 ns	     34786	800072d8	0186d233	srl	x4,x13,x24	 x13:0x00000000 x24:0x00000000  x4=0x00000000
     347885.000 ns	     34787	800072dc	00a14533	xor	x10,x2,x10	  x2:0x80040fe4 x10:0x00000000 x10=0x80040fe4
     347905.000 ns	     34789	800072e0	02eb1033	mulh	x0,x22,x14	 x22:0x00000200 x14:0x80041024
     347935.000 ns	     34792	800072e4	d00bf1d3	fcvt.s.w	f3,x23	 x23:0x00000000  f3=0x00000000
     347955.000 ns	     34794	800072e8	345c8093	addi	x1,x25,837	 x25:0x00000000  x1=0x00000345
     347975.000 ns	     34796	800072ec	282a81d3	fmin.s	f3,f21,f2	 f21:0x40000000  f2:0xff800000  f3=0xff800000
     347995.000 ns	     34798	800072f0	0077f3b3	and	x7,x15,x7	 x15:0x00000000  x7:0x00000000  x7=0x00000000
     348325.000 ns	     34831	800072f4	18fdf5d3	fdiv.s	f11,f27,f15	 f27:0x4d000409 f15:0x3f800000 f11=0x4d0003a5
     348345.000 ns	     34833	800072f8	01947f33	and	x30,x8,x25	  x8:0x00000000 x25:0x00000000 x30=0x00000000
     348365.000 ns	     34835	800072fc	03fbb933	mulhu	x18,x23,x31	 x23:0x00000000 x31:0x00000000 x18=0x00000000
     348395.000 ns	     34838	80007300	c00877d3	fcvt.w.s	x15,f16	 f16:0x00000004 x15=0x00000000
     348415.000 ns	     34840	80007304	40e25a13	srai	x20,x4,0xe	  x4:0x00000000 x20=0x00000000
     348425.000 ns	     34841	80007308	de6fca93	xori	x21,x31,-538	 x31:0x00000000 x21=0xfffffde6
     348435.000 ns	     34842	8000730c	01343b33	sltu	x22,x8,x19	  x8:0x00000000 x19:0x00000001 x22=0x00000001
     348445.000 ns	     34843	80007310	00749693	slli	x13,x9,0x7	  x9:0x00000004 x13=0x00000200
     348465.000 ns	     34845	80007314	21c815d3	fsgnjn.s	f11,f16,f28	 f16:0x00000004 f28:0x40000000 f11=0x80000004
     348495.000 ns	     34848	80007318	29e61ed3	fmax.s	f29,f12,f30	 f12:0x00000000 f30:0x00000000 f29=0x00000000
     348515.000 ns	     34850	8000731c	409459b3	sra	x19,x8,x9	  x8:0x00000000  x9:0x00000004 x19=0x00000000
     348535.000 ns	     34852	80007320	d010fa53	fcvt.s.wu	f20,x1	  x1:0x00000345 f20=0x44514000
     348565.000 ns	     34855	80007324	203c17d3	fsgnjn.s	f15,f24,f3	 f24:0x00000000  f3:0xff800000 f15=0x00000000
     348595.000 ns	     34858	80007328	c01547d3	fcvt.wu.s	x15,f10	 f10:0x80000000 x15=0x00000000
     348625.000 ns	     34861	8000732c	02aa3433	mulhu	x8,x20,x10	 x20:0x00000000 x10:0x80040fe4  x8=0x00000000
     348645.000 ns	     34863	80007330	00c02a33	slt	x20,x0,x12	  x0:0x00000000 x12:0x00000002 x20=0x00000001
     348655.000 ns	     34864	80007334	448b3d93	sltiu	x27,x22,1096	 x22:0x00000001 x27=0x00000001
     348675.000 ns	     34866	80007338	28191653	fmax.s	f12,f18,f1	 f18:0xbf800000  f1:0x00000000 f12=0x00000000
     348705.000 ns	     34869	8000733c	e00212d3	fclass.s	x5,f4	  f4:0x80000000  x5=0x00000008
     348735.000 ns	     34872	80007340	c00671d3	fcvt.w.s	x3,f12	 f12:0x00000000  x3=0x00000000
     348755.000 ns	     34874	80007344	32577b13	andi	x22,x14,805	 x14:0x80041024 x22=0x00000024
     348765.000 ns	     34875	80007348	00c43ab3	sltu	x21,x8,x12	  x8:0x00000000 x12:0x00000002 x21=0x00000001
     349125.000 ns	     34911	8000734c	0351e633	rem	x12,x3,x21	  x3:0x00000000 x21:0xfffffde6 x12=0x00000000
     349145.000 ns	     34913	80007350	00f79933	sll	x18,x15,x15	 x15:0x00000000 x15:0x00000000 x18=0x00000000
     349155.000 ns	     34914	80007354	74a53893	sltiu	x17,x10,1866	 x10:0x80040fe4 x17=0x00000000
     349165.000 ns	     34915	80007358	010888b3	add	x17,x17,x16	 x17:0x00000000 x16:0x00000004 x17=0x00000004
     349175.000 ns	     34916	8000735c	00e848b3	xor	x17,x16,x14	 x16:0x00000004 x14:0x80041024 x17=0x80041020
     349195.000 ns	     34918	80007360	a1b3ac53	feq.s	x24,f7,f27	  f7:0x00000000 f27:0x4d000409 x24=0x00000000
     349225.000 ns	     34921	80007364	e00518d3	fclass.s	x17,f10	 f10:0x80000000 x17=0x00000008
     349255.000 ns	     34924	80007368	030194b3	mulh	x9,x3,x16	  x3:0x00000000 x16:0x00000004  x9=0x00000000
     349275.000 ns	     34926	8000736c	54bab193	sltiu	x3,x21,1355	 x21:0x00000001  x3=0x00000001
     349295.000 ns	     34928	80007370	f00a08d3	fmv.w.x	f17,x20	 x20:0x00000001 f17=0x00000001
     349315.000 ns	     34930	80007374	01394bb3	xor	x23,x18,x19	 x18:0x00000000 x19:0x00000000 x23=0x00000000
     349335.000 ns	     34932	80007378	c0023353	fcvt.w.s	x6,f4	  f4:0x80000000  x6=0x00000000
     349355.000 ns	     34934	8000737c	af8ce537	lui	x10,0xaf8ce	 x10=0xaf8ce000
     349365.000 ns	     34935	80007380	232b2e93	slti	x29,x22,562	 x22:0x00000024 x29=0x00000001
     349405.000 ns	     34939	80007384	080cffd3	fsub.s	f31,f25,f0	 f25:0x80000000  f0:0x00000000 f31=0x80000000
     349435.000 ns	     34942	80007388	a0e586d3	fle.s	x13,f11,f14	 f11:0x80000004 f14:0x80000000 x13=0x00000001
     349465.000 ns	     34945	8000738c	28319c53	fmax.s	f24,f3,f3	  f3:0xff800000  f3:0xff800000 f24=0xff800000
     349485.000 ns	     34947	80007390	d05ae513	ori	x10,x21,-763	 x21:0x00000001 x10=0xfffffd05
     349495.000 ns	     34948	80007394	41255693	srai	x13,x10,0x12	 x10:0xaf8ce000 x13=0xffffffff
     349505.000 ns	     34949	80007398	791f6c13	ori	x24,x30,1937	 x30:0x00000000 x24=0x00000791
     349515.000 ns	     34950	8000739c	18267297	auipc	x5,0x18267	  x5=0x9826e39c
     349535.000 ns	     34952	800073a0	d018f8d3	fcvt.s.wu	f17,x17	 x17:0x00000008 f17=0x41000000
     349555.000 ns	     34954	800073a4	010fa1b3	slt	x3,x31,x16	 x31:0x00000000 x16:0x00000004  x3=0x00000001
     349565.000 ns	     34955	800073a8	46e13237	lui	x4,0x46e13	  x4=0x46e13000
     349585.000 ns	     34957	800073ac	f0098c53	fmv.w.x	f24,x19	 x19:0x00000000 f24=0x00000000
     349615.000 ns	     34960	800073b0	c012f253	fcvt.wu.s	x4,f5	  f5:0xbf800000  x4=0x00000001
     349645.000 ns	     34963	800073b4	a18315d3	flt.s	x11,f6,f24	  f6:0x00000000 f24:0x00000000 x11=0x00000000
     349685.000 ns	     34967	800073b8	117777d3	fmul.s	f15,f14,f23	 f14:0x80000000 f23:0x40000000 f15=0x80000000
     349715.000 ns	     34970	800073bc	03e1ec33	rem	x24,x3,x30	  x3:0x00000001 x30:0x00000000 x24=0x00000001
     349745.000 ns	     34973	800073c0	03d8a333	mulhsu	x6,x17,x29	 x17:0x00000008 x29:0x00000001  x6=0x00000000
     349765.000 ns	     34975	800073c4	0020d7b3	srl	x15,x1,x2	  x1:0x00000345  x2:0x80040fe4 x15=0x00000034
     349775.000 ns	     34976	800073c8	00841a33	sll	x20,x8,x8	  x8:0x00000000  x8:0x00000000 x20=0x00000000
     349785.000 ns	     34977	800073cc	be5edc37	lui	x24,0xbe5ed	 x24=0xbe5ed000
     349805.000 ns	     34979	800073d0	028bd9b3	divu	x19,x23,x8	 x23:0x00000000  x8:0x00000000 x19=0xffffffff
     349825.000 ns	     34981	800073d4	8a073593	sltiu	x11,x14,-1888	 x14:0x80041024 x11=0x00000001
     350155.000 ns	     35014	800073d8	1892fb53	fdiv.s	f22,f5,f9	  f5:0xbf800000  f9:0x00000004 f22=0xfe34b4b6
     350195.000 ns	     35018	800073dc	118d33d3	fmul.s	f7,f26,f24	 f26:0x00000000 f24:0x00000000  f7=0x00000000
     350235.000 ns	     35022	800073e0	580cc653	fsqrt.s	f12,f25	 f25:0x80000000 f12=0x80000000
     350265.000 ns	     35025	800073e4	e0091353	fclass.s	x6,f18	 f18:0xbf800000  x6=0x00000002
     350285.000 ns	     35027	800073e8	00000013	addi	x0,x0,0	  x0:0x00000000
     350295.000 ns	     35028	800073ec	01ec7f33	and	x30,x24,x30	 x24:0xbe5ed000 x30:0x00000000 x30=0x00000000
     350655.000 ns	     35064	800073f0	03317eb3	remu	x29,x2,x19	  x2:0x80040fe4 x19:0xffffffff x29=0x80040fe4
     350685.000 ns	     35067	800073f4	0287aeb3	mulhsu	x29,x15,x8	 x15:0x00000034  x8:0x00000000 x29=0x00000000
     350715.000 ns	     35070	800073f8	21c60053	fsgnj.s	f0,f12,f28	 f12:0x80000000 f28:0x40000000  f0=0x00000000
     350745.000 ns	     35073	800073fc	03c41333	mulh	x6,x8,x28	  x8:0x00000000 x28:0x00000010  x6=0x00000000
     350765.000 ns	     35075	80007400	0185c2b3	xor	x5,x11,x24	 x11:0x00000001 x24:0xbe5ed000  x5=0xbe5ed001
     350805.000 ns	     35079	80007404	080d96d3	fsub.s	f13,f27,f0	 f27:0x4d000409  f0:0x00000000 f13=0x4d000409
     350835.000 ns	     35082	80007408	a1d60ad3	fle.s	x21,f12,f29	 f12:0x80000000 f29:0x00000000 x21=0x00000001
     350865.000 ns	     35085	8000740c	21e78a53	fsgnj.s	f20,f15,f30	 f15:0x80000000 f30:0x00000000 f20=0x00000000
     350895.000 ns	     35088	80007410	20d89053	fsgnjn.s	f0,f17,f13	 f17:0x41000000 f13:0x4d000409  f0=0xc1000000
     350915.000 ns	     35090	80007414	017cc0b3	xor	x1,x25,x23	 x25:0x00000000 x23:0x00000000  x1=0x00000000
     350925.000 ns	     35091	80007418	003886b3	add	x13,x17,x3	 x17:0x00000008  x3:0x00000001 x13=0x00000009
     350935.000 ns	     35092	8000741c	00c845b3	xor	x11,x16,x12	 x16:0x00000004 x12:0x00000000 x11=0x00000004
     350955.000 ns	     35094	80007420	03ef3f33	mulhu	x30,x30,x30	 x30:0x00000000 x30:0x00000000 x30=0x00000000
     351325.000 ns	     35131	80007424	03077433	remu	x8,x14,x16	 x14:0x80041024 x16:0x00000004  x8=0x00000000
     351345.000 ns	     35133	80007428	b736b217	auipc	x4,0xb736b	  x4=0x37372428
     351385.000 ns	     35137	8000742c	091bf0d3	fsub.s	f1,f23,f17	 f23:0x40000000 f17:0x41000000  f1=0xc0c00000
     351405.000 ns	     35139	80007430	010cc433	xor	x8,x25,x16	 x25:0x00000000 x16:0x00000004  x8=0x00000004
     351415.000 ns	     35140	80007434	9268ab93	slti	x23,x17,-1754	 x17:0x00000008 x23=0x00000000
     351775.000 ns	     35176	80007438	0316d433	divu	x8,x13,x17	 x13:0x00000009 x17:0x00000008  x8=0x00000001
     351805.000 ns	     35179	8000743c	a0391253	flt.s	x4,f18,f3	 f18:0xbf800000  f3:0xff800000  x4=0x00000000
     351825.000 ns	     35181	80007440	01832333	slt	x6,x6,x24	  x6:0x00000000 x24:0xbe5ed000  x6=0x00000000
     351845.000 ns	     35183	80007444	20d21753	fsgnjn.s	f14,f4,f13	  f4:0x80000000 f13:0x4d000409 f14=0x80000000
     351875.000 ns	     35186	80007448	a0dc06d3	fle.s	x13,f24,f13	 f24:0x00000000 f13:0x4d000409 x13=0x00000001
     351905.000 ns	     35189	8000744c	28cd1dd3	fmax.s	f27,f26,f12	 f26:0x00000000 f12:0x80000000 f27=0x00000000
     351925.000 ns	     35191	80007450	e63b9317	auipc	x6,0xe63b9	  x6=0x663c0450
     351955.000 ns	     35194	80007454	19b83653	fdiv.s	f12,f16,f27	 f16:0x00000004 f27:0x00000000 f12=0x7f800000
     351975.000 ns	     35196	80007458	012611b3	sll	x3,x12,x18	 x12:0x00000000 x18:0x00000000  x3=0x00000000
     351995.000 ns	     35198	8000745c	a10b2b53	feq.s	x22,f22,f16	 f22:0xfe34b4b6 f16:0x00000004 x22=0x00000000
     352025.000 ns	     35201	80007460	21b1a753	fsgnjx.s	f14,f3,f27	  f3:0xff800000 f27:0x00000000 f14=0xff800000
     352065.000 ns	     35205	80007464	10db2d53	fmul.s	f26,f22,f13	 f22:0xfe34b4b6 f13:0x4d000409 f26=0xff800000
     352085.000 ns	     35207	80007468	01d751b3	srl	x3,x14,x29	 x14:0x80041024 x29:0x00000000  x3=0x80041024
     352115.000 ns	     35210	8000746c	1943f353	fdiv.s	f6,f7,f20	  f7:0x00000000 f20:0x00000000  f6=0x7fc00000
     352135.000 ns	     35212	80007470	00c3db13	srli	x22,x7,0xc	  x7:0x00000000 x22=0x00000000
     352175.000 ns	     35216	80007474	0186ff53	fadd.s	f30,f13,f24	 f13:0x4d000409 f24:0x00000000 f30=0x4d000409
     352215.000 ns	     35220	80007478	181cfdd3	fdiv.s	f27,f25,f1	 f25:0x80000000  f1:0xc0c00000 f27=0x00000000
     352245.000 ns	     35223	8000747c	039056b3	divu	x13,x0,x25	  x0:0x00000000 x25:0x00000000 x13=0xffffffff
     352275.000 ns	     35226	80007480	a0b4a9d3	feq.s	x19,f9,f11	  f9:0x00000004 f11:0x80000004 x19=0x00000000
     352295.000 ns	     35228	80007484	00db9f93	slli	x31,x23,0xd	 x23:0x00000000 x31=0x00000000
     352305.000 ns	     35229	80007488	00000013	addi	x0,x0,0	  x0:0x00000000
     352325.000 ns	     35231	8000748c	e00b8ad3	fmv.x.w	x21,f23	 f23:0x40000000 x21=0x40000000
     352355.000 ns	     35234	80007490	215924d3	fsgnjx.s	f9,f18,f21	 f18:0xbf800000 f21:0x40000000  f9=0xbf800000
     352375.000 ns	     35236	80007494	01ee1db3	sll	x27,x28,x30	 x28:0x00000010 x30:0x00000000 x27=0x00000010
     352395.000 ns	     35238	80007498	037f26b3	mulhsu	x13,x30,x23	 x30:0x00000000 x23:0x00000000 x13=0x00000000
     352425.000 ns	     35241	8000749c	c00935d3	fcvt.w.s	x11,f18	 f18:0xbf800000 x11=0xffffffff
     352475.000 ns	     35246	800074a0	08940fd3	fsub.s	f31,f8,f9	  f8:0x00000000  f9:0xbf800000 f31=0x3f800000
     352505.000 ns	     35249	800074a4	0202bf33	mulhu	x30,x5,x0	  x5:0xbe5ed001  x0:0x00000000 x30=0x00000000
     352525.000 ns	     35251	800074a8	40c95c13	srai	x24,x18,0xc	 x18:0x00000000 x24=0x00000000
     352535.000 ns	     35252	800074ac	9be58d13	addi	x26,x11,-1602	 x11:0xffffffff x26=0xfffff9bd
     352545.000 ns	     35253	800074b0	391fab93	slti	x23,x31,913	 x31:0x00000000 x23=0x00000001
     352565.000 ns	     35255	800074b4	297a8253	fmin.s	f4,f21,f23	 f21:0x40000000 f23:0x40000000  f4=0x40000000
     352595.000 ns	     35258	800074b8	038c4633	div	x12,x24,x24	 x24:0x00000000 x24:0x00000000 x12=0xffffffff
     352625.000 ns	     35261	800074bc	28d484d3	fmin.s	f9,f9,f13	  f9:0xbf800000 f13:0x4d000409  f9=0xbf800000
     352645.000 ns	     35263	800074c0	40b003b3	sub	x7,x0,x11	  x0:0x00000000 x11:0xffffffff  x7=0x00000001
     352665.000 ns	     35265	800074c4	03702eb3	mulhsu	x29,x0,x23	  x0:0x00000000 x23:0x00000001 x29=0x00000000
     352695.000 ns	     35268	800074c8	a06220d3	feq.s	x1,f4,f6	  f4:0x40000000  f6:0x7fc00000  x1=0x00000000
     352715.000 ns	     35270	800074cc	004ff5b3	and	x11,x31,x4	 x31:0x00000000  x4:0x00000000 x11=0x00000000
     353075.000 ns	     35306	800074d0	02307eb3	remu	x29,x0,x3	  x0:0x00000000  x3:0x80041024 x29=0x00000000
     353105.000 ns	     35309	800074d4	d0154d53	fcvt.s.wu	f26,x10	 x10:0xfffffd05 f26=0x4f7ffffd
     353125.000 ns	     35311	800074d8	9a557493	andi	x9,x10,-1627	 x10:0xfffffd05  x9=0xfffff905
     353155.000 ns	     35314	800074dc	114a1ad3	fmul.s	f21,f20,f20	 f20:0x00000000 f20:0x00000000 f21=0x00000000
     353175.000 ns	     35316	800074e0	5e317913	andi	x18,x2,1507	  x2:0x80040fe4 x18=0x000005e0
     353505.000 ns	     35349	800074e4	19e97c53	fdiv.s	f24,f18,f30	 f18:0xbf800000 f30:0x4d000409 f24=0xb1800000
     353525.000 ns	     35351	800074e8	007b37b3	sltu	x15,x22,x7	 x22:0x00000000  x7:0x00000001 x15=0x00000001
     353565.000 ns	     35355	800074ec	00722553	fadd.s	f10,f4,f7	  f4:0x40000000  f7:0x00000000 f10=0x40000000
     353585.000 ns	     35357	800074f0	01c11db3	sll	x27,x2,x28	  x2:0x80040fe4 x28:0x00000010 x27=0x0fe40000
     353595.000 ns	     35358	800074f4	3fbe2f93	slti	x31,x28,1019	 x28:0x00000010 x31=0x00000001
     353605.000 ns	     35359	800074f8	013d9d13	slli	x26,x27,0x13	 x27:0x00000010 x26=0x00000000
     353615.000 ns	     35360	800074fc	005c5b33	srl	x22,x24,x5	 x24:0x00000000  x5:0xbe5ed001 x22=0x00000000
     353635.000 ns	     35362	80007500	28af84d3	fmin.s	f9,f31,f10	 f31:0x3f800000 f10:0x40000000  f9=0x3f800000
     353655.000 ns	     35364	80007504	00000013	addi	x0,x0,0	  x0:0x00000000
     353665.000 ns	     35365	80007508	00000013	addi	x0,x0,0	  x0:0x00000000
     353695.000 ns	     35368	8000750c	18757f53	fdiv.s	f30,f10,f7	 f10:0x40000000  f7:0x00000000 f30=0x7f800000
     353735.000 ns	     35372	80007510	58059b53	fsqrt.s	f22,f11	 f11:0x80000004 f22=0x7fc00000
     353755.000 ns	     35374	80007514	411ddd13	srai	x26,x27,0x11	 x27:0x0fe40000 x26=0x000007f2
     353765.000 ns	     35375	80007518	41d656b3	sra	x13,x12,x29	 x12:0xffffffff x29:0x00000000 x13=0xffffffff
     353785.000 ns	     35377	8000751c	e0081a53	fclass.s	x20,f16	 f16:0x00000004 x20=0x00000020
     353815.000 ns	     35380	80007520	0255bab3	mulhu	x21,x11,x5	 x11:0x00000000  x5:0xbe5ed001 x21=0x00000000
     353835.000 ns	     35382	80007524	00560eb3	add	x29,x12,x5	 x12:0xffffffff  x5:0xbe5ed001 x29=0xbe5ed000
     353845.000 ns	     35383	80007528	0171c633	xor	x12,x3,x23	  x3:0x80041024 x23:0x00000001 x12=0x80041025
     353885.000 ns	     35387	8000752c	08e83b53	fsub.s	f22,f16,f14	 f16:0x00000004 f14:0xff800000 f22=0x7f800000
     354225.000 ns	     35421	80007530	180d7b53	fdiv.s	f22,f26,f0	 f26:0x4f7ffffd  f0:0xc1000000 f22=0xcdcd5dd0
     354245.000 ns	     35423	80007534	6f5000b7	lui	x1,0x6f500	  x1=0x6f500000
     354265.000 ns	     35425	80007538	28449bd3	fmax.s	f23,f9,f4	  f9:0x3f800000  f4:0x40000000 f23=0x40000000
     354285.000 ns	     35427	8000753c	0013de93	srli	x29,x7,0x1	  x7:0x00000001 x29=0x00000000
     354295.000 ns	     35428	80007540	410185b3	sub	x11,x3,x16	  x3:0x80041024 x16:0x00000004 x11=0x80041020
     354325.000 ns	     35431	80007544	10a87c53	fmul.s	f24,f16,f10	 f16:0x00000004 f10:0x40000000 f24=0x00000008
     354345.000 ns	     35433	80007548	4171d193	srai	x3,x3,0x17	  x3:0x80041024  x3=0xffffff00
     354355.000 ns	     35434	8000754c	0a22c293	xori	x5,x5,162	  x5:0xbe5ed001  x5=0xbe5ed0a3
     354375.000 ns	     35436	80007550	d00e7f53	fcvt.s.w	f30,x28	 x28:0x00000010 f30=0x41800000
     354395.000 ns	     35438	80007554	d76250b7	lui	x1,0xd7625	  x1=0xd7625000
     354425.000 ns	     35441	80007558	1143c2d3	fmul.s	f5,f7,f20	  f7:0x00000000 f20:0x00000000  f5=0x00000000
     354465.000 ns	     35445	8000755c	116af6d3	fmul.s	f13,f21,f22	 f21:0x00000000 f22:0xcdcd5dd0 f13=0x80000000
     354485.000 ns	     35447	80007560	b1b62313	slti	x6,x12,-1253	 x12:0x80041025  x6=0x00000001
     354495.000 ns	     35448	80007564	01ff5993	srli	x19,x30,0x1f	 x30:0x00000000 x19=0x00000000
     354525.000 ns	     35451	80007568	117e77d3	fmul.s	f15,f28,f23	 f28:0x40000000 f23:0x40000000 f15=0x40800000
     354865.000 ns	     35485	8000756c	196bffd3	fdiv.s	f31,f23,f22	 f23:0x40000000 f22:0xcdcd5dd0 f31=0xb1800000
     354885.000 ns	     35487	80007570	ae790493	addi	x9,x18,-1305	 x18:0x000005e0  x9=0x000000c7
     354895.000 ns	     35488	80007574	01cad293	srli	x5,x21,0x1c	 x21:0x00000000  x5=0x00000000
     354905.000 ns	     35489	80007578	00061793	slli	x15,x12,0x0	 x12:0x80041025 x15=0x80041025
     354915.000 ns	     35490	8000757c	00356bb3	or	x23,x10,x3	 x10:0xfffffd05  x3:0xffffff00 x23=0xffffff05
     354925.000 ns	     35491	80007580	00000013	addi	x0,x0,0	  x0:0x00000000
     354935.000 ns	     35492	80007584	72aff3b7	lui	x7,0x72aff	  x7=0x72aff000
     354945.000 ns	     35493	80007588	6be9f193	andi	x3,x19,1726	 x19:0x00000000  x3=0x00000000
     354965.000 ns	     35495	8000758c	03e29a33	mulh	x20,x5,x30	  x5:0x00000000 x30:0x00000000 x20=0x00000000
     354995.000 ns	     35498	80007590	02440fb3	mul	x31,x8,x4	  x8:0x00000001  x4:0x00000000 x31=0x00000000
     355015.000 ns	     35500	80007594	00167493	andi	x9,x12,1	 x12:0x80041025  x9=0x00000001
     355025.000 ns	     35501	80007598	019c20b3	slt	x1,x24,x25	 x24:0x00000000 x25:0x00000000  x1=0x00000000
     355035.000 ns	     35502	8000759c	01fd28b3	slt	x17,x26,x31	 x26:0x000007f2 x31:0x00000000 x17=0x00000000
     355055.000 ns	     35504	800075a0	024b6333	rem	x6,x22,x4	 x22:0x00000000  x4:0x00000000  x6=0x00000000
     355085.000 ns	     35507	800075a4	20cb1353	fsgnjn.s	f6,f22,f12	 f22:0xcdcd5dd0 f12:0x7f800000  f6=0xcdcd5dd0
     355455.000 ns	     35544	800075a8	02ba64b3	rem	x9,x20,x11	 x20:0x00000000 x11:0x80041020  x9=0x00000000
     355485.000 ns	     35547	800075ac	f0068053	fmv.w.x	f0,x13	 x13:0xffffffff  f0=0xffffffff
     355535.000 ns	     35552	800075b0	09ed73d3	fsub.s	f7,f26,f30	 f26:0x4f7ffffd f30:0x41800000  f7=0x4f7ffffc
     355555.000 ns	     35554	800075b4	01719e93	slli	x29,x3,0x17	  x3:0x00000000 x29=0x00000000
     355575.000 ns	     35556	800075b8	024188b3	mul	x17,x3,x4	  x3:0x00000000  x4:0x00000000 x17=0x00000000
     355605.000 ns	     35559	800075bc	d016f753	fcvt.s.wu	f14,x13	 x13:0xffffffff f14=0x4f7fffff
     355655.000 ns	     35564	800075c0	01cdb4d3	fadd.s	f9,f27,f28	 f27:0x00000000 f28:0x40000000  f9=0x40000000
     355675.000 ns	     35566	800075c4	01722d33	slt	x26,x4,x23	  x4:0x00000000 x23:0xffffff05 x26=0x00000000
     355695.000 ns	     35568	800075c8	e00e1ed3	fclass.s	x29,f28	 f28:0x40000000 x29=0x00000040
     356035.000 ns	     35602	800075cc	18b3f253	fdiv.s	f4,f7,f11	  f7:0x4f7ffffc f11:0x80000004  f4=0xff800000
     356055.000 ns	     35604	800075d0	00e719b3	sll	x19,x14,x14	 x14:0x80041024 x14:0x80041024 x19=0x00410240
     356065.000 ns	     35605	800075d4	0161da93	srli	x21,x3,0x16	  x3:0x00000000 x21=0x00000000
     356075.000 ns	     35606	800075d8	008ca6b3	slt	x13,x25,x8	 x25:0x00000000  x8:0x00000001 x13=0x00000001
     356095.000 ns	     35608	800075dc	0294af33	mulhsu	x30,x9,x9	  x9:0x00000000  x9:0x00000000 x30=0x00000000
     356125.000 ns	     35611	800075e0	291397d3	fmax.s	f15,f7,f17	  f7:0x4f7ffffc f17:0x41000000 f15=0x4f7ffffc
     356175.000 ns	     35616	800075e4	01dcfb53	fadd.s	f22,f25,f29	 f25:0x80000000 f29:0x00000000 f22=0x00000000
     356205.000 ns	     35619	800075e8	21fda753	fsgnjx.s	f14,f27,f31	 f27:0x00000000 f31:0xb1800000 f14=0x80000000
     356235.000 ns	     35622	800075ec	0386af33	mulhsu	x30,x13,x24	 x13:0x00000001 x24:0x00000000 x30=0x00000000
     356265.000 ns	     35625	800075f0	e0089253	fclass.s	x4,f17	 f17:0x41000000  x4=0x00000040
     356295.000 ns	     35628	800075f4	a0d18ed3	fle.s	x29,f3,f13	  f3:0xff800000 f13:0x80000000 x29=0x00000001
     356345.000 ns	     35633	800075f8	092519d3	fsub.s	f19,f10,f18	 f10:0x40000000 f18:0xbf800000 f19=0x40400000
     356715.000 ns	     35670	800075fc	033ce1b3	rem	x3,x25,x19	 x25:0x00000000 x19:0x00410240  x3=0x00000000
     356755.000 ns	     35674	80007600	18768653	fdiv.s	f12,f13,f7	 f13:0x80000000  f7:0x4f7ffffc f12=0x80000000
     356785.000 ns	     35677	80007604	c006a053	fcvt.w.s	x0,f13	 f13:0x80000000
     356805.000 ns	     35679	80007608	38878d37	lui	x26,0x38878	 x26=0x38878000
     356825.000 ns	     35681	8000760c	026ac9b3	div	x19,x21,x6	 x21:0x00000000  x6:0x00000000 x19=0xffffffff
     356855.000 ns	     35684	80007610	a0d89653	flt.s	x12,f17,f13	 f17:0x41000000 f13:0x80000000 x12=0x00000000
     356885.000 ns	     35687	80007614	032f98b3	mulh	x17,x31,x18	 x31:0x00000000 x18:0x000005e0 x17=0x00000000
     356925.000 ns	     35691	80007618	58071dd3	fsqrt.s	f27,f14	 f14:0x80000000 f27=0x80000000
     356945.000 ns	     35693	8000761c	00dfce33	xor	x28,x31,x13	 x31:0x00000000 x13:0x00000001 x28=0x00000001
     356965.000 ns	     35695	80007620	0352c9b3	div	x19,x5,x21	  x5:0x00000000 x21:0x00000000 x19=0xffffffff
     356995.000 ns	     35698	80007624	02570533	mul	x10,x14,x5	 x14:0x80041024  x5:0x00000000 x10=0x00000000
     357025.000 ns	     35701	80007628	d0127253	fcvt.s.wu	f4,x4	  x4:0x00000040  f4=0x42800000
     357045.000 ns	     35703	8000762c	009fe633	or	x12,x31,x9	 x31:0x00000000  x9:0x00000000 x12=0x00000000
     357405.000 ns	     35739	80007630	02b551b3	divu	x3,x10,x11	 x10:0x00000000 x11:0x80041020  x3=0x00000000
     357435.000 ns	     35742	80007634	c00ff4d3	fcvt.w.s	x9,f31	 f31:0xb1800000  x9=0x00000000
     357455.000 ns	     35744	80007638	01da7533	and	x10,x20,x29	 x20:0x00000000 x29:0x00000001 x10=0x00000000
     357495.000 ns	     35748	8000763c	0806c753	fsub.s	f14,f13,f0	 f13:0x80000000  f0:0xffffffff f14=0x7fc00000
     357525.000 ns	     35751	80007640	0356f9b3	remu	x19,x13,x21	 x13:0x00000001 x21:0x00000000 x19=0x00000001
     357555.000 ns	     35754	80007644	29841653	fmax.s	f12,f8,f24	  f8:0x00000000 f24:0x00000008 f12=0x00000008
     357585.000 ns	     35757	80007648	d00274d3	fcvt.s.w	f9,x4	  x4:0x00000040  f9=0x42800000
     357605.000 ns	     35759	8000764c	00167f33	and	x30,x12,x1	 x12:0x00000000  x1:0x00000000 x30=0x00000000
     357615.000 ns	     35760	80007650	00083233	sltu	x4,x16,x0	 x16:0x00000004  x0:0x00000000  x4=0x00000000
     357635.000 ns	     35762	80007654	a12487d3	fle.s	x15,f9,f18	  f9:0x42800000 f18:0xbf800000 x15=0x00000000
     358005.000 ns	     35799	80007658	028df8b3	remu	x17,x27,x8	 x27:0x0fe40000  x8:0x00000001 x17=0x00000000
     358045.000 ns	     35803	8000765c	10fbf6d3	fmul.s	f13,f23,f15	 f23:0x40000000 f15:0x4f7ffffc f13=0x4ffffffc
     358075.000 ns	     35806	80007660	035f0a33	mul	x20,x30,x21	 x30:0x00000000 x21:0x00000000 x20=0x00000000
     358105.000 ns	     35809	80007664	f0080f53	fmv.w.x	f30,x16	 x16:0x00000004 f30=0x00000004
     358125.000 ns	     35811	80007668	c5a59ab7	lui	x21,0xc5a59	 x21=0xc5a59000
     358485.000 ns	     35847	8000766c	03226033	rem	x0,x4,x18	  x4:0x00000000 x18:0x000005e0
     358515.000 ns	     35850	80007670	29289b53	fmax.s	f22,f17,f18	 f17:0x41000000 f18:0xbf800000 f22=0x41000000
     358535.000 ns	     35852	80007674	01a1d193	srli	x3,x3,0x1a	  x3:0x00000000  x3=0x00000000
     358555.000 ns	     35854	80007678	215b8d53	fsgnj.s	f26,f23,f21	 f23:0x40000000 f21:0x00000000 f26=0x40000000
     358575.000 ns	     35856	8000767c	414050b3	sra	x1,x0,x20	  x0:0x00000000 x20:0x00000000  x1=0x00000000
     358585.000 ns	     35857	80007680	00000013	addi	x0,x0,0	  x0:0x00000000
     358605.000 ns	     35859	80007684	f0060353	fmv.w.x	f6,x12	 x12:0x00000000  f6=0x00000000
     358635.000 ns	     35862	80007688	a16c1453	flt.s	x8,f24,f22	 f24:0x00000008 f22:0x41000000  x8=0x00000001
     358655.000 ns	     35864	8000768c	01457633	and	x12,x10,x20	 x10:0x00000000 x20:0x00000000 x12=0x00000000
     358665.000 ns	     35865	80007690	00229a93	slli	x21,x5,0x2	  x5:0x00000000 x21=0x00000000
     358685.000 ns	     35867	80007694	2089add3	fsgnjx.s	f27,f19,f8	 f19:0x40400000  f8:0x00000000 f27=0x40400000
     358725.000 ns	     35871	80007698	19307153	fdiv.s	f2,f0,f19	  f0:0xffffffff f19:0x40400000  f2=0x7fc00000
     358755.000 ns	     35874	8000769c	a1230e53	fle.s	x28,f6,f18	  f6:0x00000000 f18:0xbf800000 x28=0x00000000
     358775.000 ns	     35876	800076a0	00fac533	xor	x10,x21,x15	 x21:0x00000000 x15:0x00000000 x10=0x00000000
     359105.000 ns	     35909	800076a4	19f97053	fdiv.s	f0,f18,f31	 f18:0xbf800000 f31:0xb1800000  f0=0x4d34b4b6
     359135.000 ns	     35912	800076a8	0389ae33	mulhsu	x28,x19,x24	 x19:0x00000001 x24:0x00000000 x28=0x00000000
     359165.000 ns	     35915	800076ac	03db31b3	mulhu	x3,x22,x29	 x22:0x00000000 x29:0x00000001  x3=0x00000000
     359185.000 ns	     35917	800076b0	00b1bab3	sltu	x21,x3,x11	  x3:0x00000000 x11:0x80041020 x21=0x00000001
     359195.000 ns	     35918	800076b4	0002df13	srli	x30,x5,0x0	  x5:0x00000000 x30=0x00000000
     359205.000 ns	     35919	800076b8	45dfe617	auipc	x12,0x45dfe	 x12=0xc5e056b8
     359225.000 ns	     35921	800076bc	a15916d3	flt.s	x13,f18,f21	 f18:0xbf800000 f21:0x00000000 x13=0x00000001
     359245.000 ns	     35923	800076c0	4611d0b7	lui	x1,0x4611d	  x1=0x4611d000
     359255.000 ns	     35924	800076c4	0033b6b3	sltu	x13,x7,x3	  x7:0x72aff000  x3:0x00000000 x13=0x00000000
     359275.000 ns	     35926	800076c8	e0028253	fmv.x.w	x4,f5	  f5:0x00000000  x4=0x00000000
     359295.000 ns	     35928	800076cc	378e4913	xori	x18,x28,888	 x28:0x00000000 x18=0x00000378
     359315.000 ns	     35930	800076d0	03579fb3	mulh	x31,x15,x21	 x15:0x00000000 x21:0x00000001 x31=0x00000000
     359345.000 ns	     35933	800076d4	21c103d3	fsgnj.s	f7,f2,f28	  f2:0x7fc00000 f28:0x40000000  f7=0x7fc00000
     359365.000 ns	     35935	800076d8	011608b3	add	x17,x12,x17	 x12:0xc5e056b8 x17:0x00000000 x17=0xc5e056b8
     359725.000 ns	     35971	800076dc	03d56db3	rem	x27,x10,x29	 x10:0x00000000 x29:0x00000001 x27=0x00000000
     359745.000 ns	     35973	800076e0	01b0fa33	and	x20,x1,x27	  x1:0x4611d000 x27:0x0fe40000 x20=0x00000000
     359765.000 ns	     35975	800076e4	28d91bd3	fmax.s	f23,f18,f13	 f18:0xbf800000 f13:0x4ffffffc f23=0x4ffffffc
     359795.000 ns	     35978	800076e8	293510d3	fmax.s	f1,f10,f19	 f10:0x40000000 f19:0x40400000  f1=0x40400000
     359825.000 ns	     35981	800076ec	e00a07d3	fmv.x.w	x15,f20	 f20:0x00000000 x15=0x00000000
     359845.000 ns	     35983	800076f0	c59e6993	ori	x19,x28,-935	 x28:0x00000000 x19=0xfffffc59
     359865.000 ns	     35985	800076f4	02cd30b3	mulhu	x1,x26,x12	 x26:0x38878000 x12:0xc5e056b8  x1=0x2bb1cf36
     359885.000 ns	     35987	800076f8	00275cb3	srl	x25,x14,x2	 x14:0x80041024  x2:0x80040fe4 x25=0x08004102
     359905.000 ns	     35989	800076fc	e0029053	fclass.s	x0,f5	  f5:0x00000000
     359925.000 ns	     35991	80007700	418509b3	sub	x19,x10,x24	 x10:0x00000000 x24:0x00000000 x19=0x00000000
     359935.000 ns	     35992	80007704	012f9c33	sll	x24,x31,x18	 x31:0x00000000 x18:0x00000378 x24=0x00000000
     359955.000 ns	     35994	80007708	03df98b3	mulh	x17,x31,x29	 x31:0x00000000 x29:0x00000001 x17=0x00000000
     360005.000 ns	     35999	8000770c	012bfcd3	fadd.s	f25,f23,f18	 f23:0x4ffffffc f18:0xbf800000 f25=0x4ffffffb
     360025.000 ns	     36001	80007710	28a9cf13	xori	x30,x19,650	 x19:0x00000000 x30=0x0000028a
     360045.000 ns	     36003	80007714	029b1d33	mulh	x26,x22,x9	 x22:0x00000000  x9:0x00000000 x26=0x00000000
     360065.000 ns	     36005	80007718	013c5433	srl	x8,x24,x19	 x24:0x00000000 x19:0x00000000  x8=0x00000000
     360085.000 ns	     36007	8000771c	20c98453	fsgnj.s	f8,f19,f12	 f19:0x40400000 f12:0x00000008  f8=0x40400000
     360455.000 ns	     36044	80007720	032ecf33	div	x30,x29,x18	 x29:0x00000001 x18:0x00000378 x30=0x00000000
     360825.000 ns	     36081	80007724	037ae033	rem	x0,x21,x23	 x21:0x00000001 x23:0xffffff05
     360845.000 ns	     36083	80007728	1e5b8213	addi	x4,x23,485	 x23:0xffffff05  x4=0x000000ea
     360865.000 ns	     36085	8000772c	03011d33	mulh	x26,x2,x16	  x2:0x80040fe4 x16:0x00000004 x26=0xfffffffe
     360895.000 ns	     36088	80007730	e00e0953	fmv.x.w	x18,f28	 f28:0x40000000 x18=0x40000000
     360915.000 ns	     36090	80007734	405c5213	srai	x4,x24,0x5	 x24:0x00000000  x4=0x00000000
     362085.000 ns	     36207	80007738	58067053	fsqrt.s	f0,f12	 f12:0x00000008  f0=0x1f35048f
     362115.000 ns	     36210	8000773c	03f65c33	divu	x24,x12,x31	 x12:0xc5e056b8 x31:0x00000000 x24=0xffffffff
     362135.000 ns	     36212	80007740	931ded93	ori	x27,x27,-1743	 x27:0x00000000 x27=0xfffff931
     362155.000 ns	     36214	80007744	c00dbed3	fcvt.w.s	x29,f27	 f27:0x40400000 x29=0x00000003
     362175.000 ns	     36216	80007748	00a374b3	and	x9,x6,x10	  x6:0x00000000 x10:0x00000000  x9=0x00000000
     362195.000 ns	     36218	8000774c	c002f7d3	fcvt.w.s	x15,f5	  f5:0x00000000 x15=0x00000000
     362215.000 ns	     36220	80007750	00f527b3	slt	x15,x10,x15	 x10:0x00000000 x15:0x00000000 x15=0x00000000
     362235.000 ns	     36222	80007754	285412d3	fmax.s	f5,f8,f5	  f8:0x40400000  f5:0x00000000  f5=0x40400000
     362255.000 ns	     36224	80007758	0174c9b3	xor	x19,x9,x23	  x9:0x00000000 x23:0xffffff05 x19=0xffffff05
     362275.000 ns	     36226	8000775c	03c6ccb3	div	x25,x13,x28	 x13:0x00000000 x28:0x00000000 x25=0xffffffff
     362645.000 ns	     36263	80007760	037de2b3	rem	x5,x27,x23	 x27:0xfffff931 x23:0xffffff05  x5=0xffffff13
     362675.000 ns	     36266	80007764	02cb9b33	mulh	x22,x23,x12	 x23:0xffffff05 x12:0xc5e056b8 x22=0x00000038
     362695.000 ns	     36268	80007768	018b81b3	add	x3,x23,x24	 x23:0xffffff05 x24:0xffffffff  x3=0xffffff04
     362715.000 ns	     36270	8000776c	e0071953	fclass.s	x18,f14	 f14:0x7fc00000 x18=0x00000200
     362755.000 ns	     36274	80007770	1170ab53	fmul.s	f22,f1,f23	  f1:0x40400000 f23:0x4ffffffc f22=0x50bffffd
     362775.000 ns	     36276	80007774	411c55b3	sra	x11,x24,x17	 x24:0xffffffff x17:0x00000000 x11=0xffffffff
     363945.000 ns	     36393	80007778	580d73d3	fsqrt.s	f7,f26	 f26:0x40000000  f7=0x3f350482
     363975.000 ns	     36396	8000777c	20789953	fsgnjn.s	f18,f17,f7	 f17:0x41000000  f7:0x7fc00000 f18=0xc1000000
     363995.000 ns	     36398	80007780	1f164613	xori	x12,x12,497	 x12:0xc5e056b8 x12=0xc5e05749
     364015.000 ns	     36400	80007784	03b504b3	mul	x9,x10,x27	 x10:0x00000000 x27:0xfffff931  x9=0x00000000
     364045.000 ns	     36403	80007788	291801d3	fmin.s	f3,f16,f17	 f16:0x00000004 f17:0x41000000  f3=0x00000004
     364085.000 ns	     36407	8000778c	10400f53	fmul.s	f30,f0,f4	  f0:0x1f35048f  f4:0x42800000 f30=0x22350490
     364105.000 ns	     36409	80007790	0137d533	srl	x10,x15,x19	 x15:0x00000000 x19:0xffffff05 x10=0x00000000
     364115.000 ns	     36410	80007794	f7030a13	addi	x20,x6,-144	  x6:0x00000000 x20=0xffffff70
     364155.000 ns	     36414	80007798	00137fd3	fadd.s	f31,f6,f1	  f6:0x00000000  f1:0x40400000 f31=0x40400000
     364185.000 ns	     36417	8000779c	026e5eb3	divu	x29,x28,x6	 x28:0x00000000  x6:0x00000000 x29=0xffffffff
     364215.000 ns	     36420	800077a0	023b3eb3	mulhu	x29,x22,x3	 x22:0x00000038  x3:0xffffff04 x29=0x00000037
     364245.000 ns	     36423	800077a4	21aaab53	fsgnjx.s	f22,f21,f26	 f21:0x00000000 f26:0x40000000 f22=0x00000000
     364265.000 ns	     36425	800077a8	fdb28b13	addi	x22,x5,-37	  x5:0xffffff13 x22=0xfffffeee
     364275.000 ns	     36426	800077ac	010e1393	slli	x7,x28,0x10	 x28:0x00000000  x7=0x00000000
     364635.000 ns	     36462	800077b0	021af9b3	remu	x19,x21,x1	 x21:0x00000001  x1:0x2bb1cf36 x19=0x00000001
     364655.000 ns	     36464	800077b4	5181ec13	ori	x24,x3,1304	  x3:0xffffff04 x24=0xffffff1c
     364665.000 ns	     36465	800077b8	01cd08b3	add	x17,x26,x28	 x26:0xfffffffe x28:0x00000000 x17=0xfffffffe
     364685.000 ns	     36467	800077bc	c0163053	fcvt.wu.s	x0,f12	 f12:0x00000008
     364735.000 ns	     36472	800077c0	087a9d53	fsub.s	f26,f21,f7	 f21:0x00000000  f7:0x3f350482 f26=0xbf350482
     364755.000 ns	     36474	800077c4	b7893693	sltiu	x13,x18,-1160	 x18:0x00000200 x13=0x00000001
     364765.000 ns	     36475	800077c8	00000013	addi	x0,x0,0	  x0:0x00000000
     364775.000 ns	     36476	800077cc	9909f017	auipc	x0,0x9909f	
     364795.000 ns	     36478	800077d0	034d2bb3	mulhsu	x23,x26,x20	 x26:0xfffffffe x20:0xffffff70 x23=0xfffffffe
     364825.000 ns	     36481	800077d4	202d88d3	fsgnj.s	f17,f27,f2	 f27:0x40400000  f2:0x7fc00000 f17=0x40400000
     364855.000 ns	     36484	800077d8	a02083d3	fle.s	x7,f1,f2	  f1:0x40400000  f2:0x7fc00000  x7=0x00000000
     364895.000 ns	     36488	800077dc	111577d3	fmul.s	f15,f10,f17	 f10:0x40000000 f17:0x40400000 f15=0x40c00000
     364925.000 ns	     36491	800077e0	c00a25d3	fcvt.w.s	x11,f20	 f20:0x00000000 x11=0x00000000
     364955.000 ns	     36494	800077e4	f00085d3	fmv.w.x	f11,x1	  x1:0x2bb1cf36 f11=0x2bb1cf36
     364975.000 ns	     36496	800077e8	09e42d13	slti	x26,x8,158	  x8:0x00000000 x26=0x00000001
     364985.000 ns	     36497	800077ec	019da933	slt	x18,x27,x25	 x27:0xfffff931 x25:0xffffffff x18=0x00000001
     365005.000 ns	     36499	800077f0	21cd2c53	fsgnjx.s	f24,f26,f28	 f26:0xbf350482 f28:0x40000000 f24=0xbf350482
     365035.000 ns	     36502	800077f4	e00d1f53	fclass.s	x30,f26	 f26:0xbf350482 x30=0x00000002
     365055.000 ns	     36504	800077f8	00e1c233	xor	x4,x3,x14	  x3:0xffffff04 x14:0x80041024  x4=0x7ffbef20
     365075.000 ns	     36506	800077fc	026801b3	mul	x3,x16,x6	 x16:0x00000004  x6:0x00000000  x3=0x00000000
     365095.000 ns	     36508	80007800	015723b3	slt	x7,x14,x21	 x14:0x80041024 x21:0x00000001  x7=0x00000001
     365105.000 ns	     36509	80007804	c0606d17	auipc	x26,0xc0606	 x26=0x4060d804
     365115.000 ns	     36510	80007808	0048f5b3	and	x11,x17,x4	 x17:0xfffffffe  x4:0x7ffbef20 x11=0x7ffbef20
     365135.000 ns	     36512	8000780c	a0081ed3	flt.s	x29,f16,f0	 f16:0x00000004  f0:0x1f35048f x29=0x00000001
     365155.000 ns	     36514	80007810	504dfe13	andi	x28,x27,1284	 x27:0xfffff931 x28=0x00000100
     365165.000 ns	     36515	80007814	00f95913	srli	x18,x18,0xf	 x18:0x00000001 x18=0x00000000
     365175.000 ns	     36516	80007818	e79d6593	ori	x11,x26,-391	 x26:0x4060d804 x11=0xfffffe7d
     365535.000 ns	     36552	8000781c	03dbcf33	div	x30,x23,x29	 x23:0xfffffffe x29:0x00000001 x30=0xfffffffe
     365555.000 ns	     36554	80007820	01067633	and	x12,x12,x16	 x12:0xc5e05749 x16:0x00000004 x12=0x00000000
     365575.000 ns	     36556	80007824	03e699b3	mulh	x19,x13,x30	 x13:0x00000001 x30:0xfffffffe x19=0xffffffff
     365595.000 ns	     36558	80007828	827f0f93	addi	x31,x30,-2009	 x30:0xfffffffe x31=0xfffff825
     365605.000 ns	     36559	8000782c	4e8e8613	addi	x12,x29,1256	 x29:0x00000001 x12=0x000004e9
     365625.000 ns	     36561	80007830	027b39b3	mulhu	x19,x22,x7	 x22:0xfffffeee  x7:0x00000001 x19=0x00000000
     365645.000 ns	     36563	80007834	10136017	auipc	x0,0x10136	
     366005.000 ns	     36599	80007838	03c0ff33	remu	x30,x1,x28	  x1:0x2bb1cf36 x28:0x00000100 x30=0x00000036
     366025.000 ns	     36601	8000783c	017c8933	add	x18,x25,x23	 x25:0xffffffff x23:0xfffffffe x18=0xfffffffd
     366045.000 ns	     36603	80007840	f00403d3	fmv.w.x	f7,x8	  x8:0x00000000  f7=0x00000000
     366065.000 ns	     36605	80007844	009abf33	sltu	x30,x21,x9	 x21:0x00000001  x9:0x00000000 x30=0x00000000
     366085.000 ns	     36607	80007848	f0048d53	fmv.w.x	f26,x9	  x9:0x00000000 f26=0x00000000
     366105.000 ns	     36609	8000784c	871f7393	andi	x7,x30,-1935	 x30:0x00000036  x7=0x00000000
     366125.000 ns	     36611	80007850	03eb16b3	mulh	x13,x22,x30	 x22:0xfffffeee x30:0x00000000 x13=0x00000000
     366145.000 ns	     36613	80007854	00000013	addi	x0,x0,0	  x0:0x00000000
     366165.000 ns	     36615	80007858	289619d3	fmax.s	f19,f12,f9	 f12:0x00000008  f9:0x42800000 f19=0x42800000
     366195.000 ns	     36618	8000785c	d0089e53	fcvt.s.w	f28,x17	 x17:0xfffffffe f28=0xc0000000
     366225.000 ns	     36621	80007860	039286b3	mul	x13,x5,x25	  x5:0xffffff13 x25:0xffffffff x13=0x000000ed
     366245.000 ns	     36623	80007864	015d21b3	slt	x3,x26,x21	 x26:0x4060d804 x21:0x00000001  x3=0x00000000
     366255.000 ns	     36624	80007868	017f9f93	slli	x31,x31,0x17	 x31:0xfffff825 x31=0x12800000
     366295.000 ns	     36628	8000786c	08988ad3	fsub.s	f21,f17,f9	 f17:0x40400000  f9:0x42800000 f21=0xc2740000
     366315.000 ns	     36630	80007870	00305193	srli	x3,x0,0x3	  x0:0x00000000  x3=0x00000000
     366325.000 ns	     36631	80007874	4cf27c93	andi	x25,x4,1231	  x4:0x7ffbef20 x25=0x00000400
     366345.000 ns	     36633	80007878	a1e30653	fle.s	x12,f6,f30	  f6:0x00000000 f30:0x22350490 x12=0x00000001
     366365.000 ns	     36635	8000787c	417c82b3	sub	x5,x25,x23	 x25:0xffffffff x23:0xfffffffe  x5=0x00000402
     366385.000 ns	     36637	80007880	03c817b3	mulh	x15,x16,x28	 x16:0x00000004 x28:0x00000100 x15=0x00000000
     366415.000 ns	     36640	80007884	c0117e53	fcvt.wu.s	x28,f2	  f2:0x7fc00000 x28=0xffffffff
     366435.000 ns	     36642	80007888	011e7a33	and	x20,x28,x17	 x28:0x00000100 x17:0xfffffffe x20=0xfffffffe
     366455.000 ns	     36644	8000788c	02f258b3	divu	x17,x4,x15	  x4:0x7ffbef20 x15:0x00000000 x17=0xffffffff
     366485.000 ns	     36647	80007890	02ee30b3	mulhu	x1,x28,x14	 x28:0xffffffff x14:0x80041024  x1=0x80041023
     366505.000 ns	     36649	80007894	7289e213	ori	x4,x19,1832	 x19:0x00000000  x4=0x00000728
     366525.000 ns	     36651	80007898	209e2dd3	fsgnjx.s	f27,f28,f9	 f28:0xc0000000  f9:0x42800000 f27=0xc0000000
     366545.000 ns	     36653	8000789c	41555393	srai	x7,x10,0x15	 x10:0x00000000  x7=0x00000000
     366555.000 ns	     36654	800078a0	81014193	xori	x3,x2,-2032	  x2:0x80040fe4  x3=0x7ffbf7f4
     366575.000 ns	     36656	800078a4	a1922a53	feq.s	x20,f4,f25	  f4:0x42800000 f25:0x4ffffffb x20=0x00000000
     366595.000 ns	     36658	800078a8	413ade13	srai	x28,x21,0x13	 x21:0x00000001 x28=0x00000000
     366605.000 ns	     36659	800078ac	e02bcb13	xori	x22,x23,-510	 x23:0xfffffffe x22=0x000001fc
     366615.000 ns	     36660	800078b0	41c851b3	sra	x3,x16,x28	 x16:0x00000004 x28:0xffffffff  x3=0x00000004
     366975.000 ns	     36696	800078b4	032cf633	remu	x12,x25,x18	 x25:0x00000400 x18:0xfffffffd x12=0x00000400
     366995.000 ns	     36698	800078b8	011b9e93	slli	x29,x23,0x11	 x23:0xfffffffe x29=0xfffc0000
     367355.000 ns	     36734	800078bc	03b7f233	remu	x4,x15,x27	 x15:0x00000000 x27:0xfffff931  x4=0x00000000
     367375.000 ns	     36736	800078c0	00f35ab3	srl	x21,x6,x15	  x6:0x00000000 x15:0x00000000 x21=0x00000000
     367395.000 ns	     36738	800078c4	214c9153	fsgnjn.s	f2,f25,f20	 f25:0x4ffffffb f20:0x00000000  f2=0xcffffffb
     367425.000 ns	     36741	800078c8	216dab53	fsgnjx.s	f22,f27,f22	 f27:0xc0000000 f22:0x00000000 f22=0xc0000000
     367445.000 ns	     36743	800078cc	41c1d1b3	sra	x3,x3,x28	  x3:0x00000004 x28:0x00000000  x3=0x00000004
     367465.000 ns	     36745	800078d0	a1ac02d3	fle.s	x5,f24,f26	 f24:0xbf350482 f26:0x00000000  x5=0x00000001
     367485.000 ns	     36747	800078d4	014ab633	sltu	x12,x21,x20	 x21:0x00000000 x20:0x00000000 x12=0x00000000
     367495.000 ns	     36748	800078d8	bbf90d13	addi	x26,x18,-1089	 x18:0xfffffffd x26=0xfffffbbc
     367515.000 ns	     36750	800078dc	a05c96d3	flt.s	x13,f25,f5	 f25:0x4ffffffb  f5:0x40400000 x13=0x00000000
     367535.000 ns	     36752	800078e0	23e16d13	ori	x26,x2,574	  x2:0x80040fe4 x26=0x80040ffe
     367555.000 ns	     36754	800078e4	f0058053	fmv.w.x	f0,x11	 x11:0xfffffe7d  f0=0xfffffe7d
     367585.000 ns	     36757	800078e8	028f5eb3	divu	x29,x30,x8	 x30:0x00000000  x8:0x00000000 x29=0xffffffff
     367615.000 ns	     36760	800078ec	a15182d3	fle.s	x5,f3,f21	  f3:0x00000004 f21:0xc2740000  x5=0x00000000
     367635.000 ns	     36762	800078f0	94b6bc13	sltiu	x24,x13,-1717	 x13:0x00000000 x24=0x00000001
     367645.000 ns	     36763	800078f4	00f109b3	add	x19,x2,x15	  x2:0x80040fe4 x15:0x00000000 x19=0x80040fe4
     367665.000 ns	     36765	800078f8	d011f753	fcvt.s.wu	f14,x3	  x3:0x00000004 f14=0x40800000
     367685.000 ns	     36767	800078fc	40ad0e33	sub	x28,x26,x10	 x26:0x80040ffe x10:0x00000000 x28=0x80040ffe
     367695.000 ns	     36768	80007900	40140bb3	sub	x23,x8,x1	  x8:0x00000000  x1:0x80041023 x23=0x7ffbefdd
     367705.000 ns	     36769	80007904	6fa9d017	auipc	x0,0x6fa9d	
     367715.000 ns	     36770	80007908	01da9533	sll	x10,x21,x29	 x21:0x00000000 x29:0xffffffff x10=0x00000000
     367725.000 ns	     36771	8000790c	41ad8db3	sub	x27,x27,x26	 x27:0xfffff931 x26:0x80040ffe x27=0x7ffbe933
     367745.000 ns	     36773	80007910	c01d8353	fcvt.wu.s	x6,f27	 f27:0xc0000000  x6=0x00000002
     367775.000 ns	     36776	80007914	0358ad33	mulhsu	x26,x17,x21	 x17:0xffffffff x21:0x00000000 x26=0x00000000
     367805.000 ns	     36779	80007918	d0073453	fcvt.s.w	f8,x14	 x14:0x80041024  f8=0xcefff7e0
     367825.000 ns	     36781	8000791c	40f25ab3	sra	x21,x4,x15	  x4:0x00000000 x15:0x00000000 x21=0x00000000
     368185.000 ns	     36817	80007920	0338dfb3	divu	x31,x17,x19	 x17:0xffffffff x19:0x80040fe4 x31=0x00000001
     368205.000 ns	     36819	80007924	41fbd793	srai	x15,x23,0x1f	 x23:0x7ffbefdd x15=0x00000000
     368215.000 ns	     36820	80007928	01d2d913	srli	x18,x5,0x1d	  x5:0x00000000 x18=0x00000000
     368575.000 ns	     36856	8000792c	02ebff33	remu	x30,x23,x14	 x23:0x7ffbefdd x14:0x80041024 x30=0x7ffbefdd
     368605.000 ns	     36859	80007930	03651fb3	mulh	x31,x10,x22	 x10:0x00000000 x22:0x000001fc x31=0x00000000
     368635.000 ns	     36862	80007934	21a19c53	fsgnjn.s	f24,f3,f26	  f3:0x00000004 f26:0x00000000 f24=0x80000004
     369815.000 ns	     36980	80007938	58061653	fsqrt.s	f12,f12	 f12:0x00000008 f12=0x1f35048f
     369845.000 ns	     36983	8000793c	f0048853	fmv.w.x	f16,x9	  x9:0x00000000 f16=0x00000000
     369865.000 ns	     36985	80007940	23334293	xori	x5,x6,563	  x6:0x00000002  x5=0x00000231
     369875.000 ns	     36986	80007944	00e3ddb3	srl	x27,x7,x14	  x7:0x00000000 x14:0x80041024 x27=0x00000000
     369885.000 ns	     36987	80007948	00a7be33	sltu	x28,x15,x10	 x15:0x00000000 x10:0x00000000 x28=0x00000000
     369895.000 ns	     36988	8000794c	00fa5013	srli	x0,x20,0xf	 x20:0x00000000
     369905.000 ns	     36989	80007950	85e2c013	xori	x0,x5,-1954	  x5:0x00000231
     369915.000 ns	     36990	80007954	8a16c913	xori	x18,x13,-1887	 x13:0x00000000 x18=0xfffff8a1
     369935.000 ns	     36992	80007958	a1e4a7d3	feq.s	x15,f9,f30	  f9:0x42800000 f30:0x22350490 x15=0x00000000
     369955.000 ns	     36994	8000795c	00e6ecb3	or	x25,x13,x14	 x13:0x00000000 x14:0x80041024 x25=0x80041024
     369975.000 ns	     36996	80007960	21ff0ad3	fsgnj.s	f21,f30,f31	 f30:0x22350490 f31:0x40400000 f21=0x22350490
     370005.000 ns	     36999	80007964	d006f853	fcvt.s.w	f16,x13	 x13:0x00000000 f16=0x00000000
     370025.000 ns	     37001	80007968	019c9693	slli	x13,x25,0x19	 x25:0x80041024 x13=0x48000000
     370035.000 ns	     37002	8000796c	41a8d093	srai	x1,x17,0x1a	 x17:0xffffffff  x1=0xffffffff
     370045.000 ns	     37003	80007970	006861b3	or	x3,x16,x6	 x16:0x00000004  x6:0x00000002  x3=0x00000006
     370055.000 ns	     37004	80007974	df87a613	slti	x12,x15,-520	 x15:0x00000000 x12=0x00000000
     370065.000 ns	     37005	80007978	9b27bd93	sltiu	x27,x15,-1614	 x15:0x00000000 x27=0x00000001
     370075.000 ns	     37006	8000797c	0180f9b3	and	x19,x1,x24	  x1:0xffffffff x24:0x00000001 x19=0x00000001
     370085.000 ns	     37007	80007980	61ca0613	addi	x12,x20,1564	 x20:0x00000000 x12=0x0000061c
     370095.000 ns	     37008	80007984	00693633	sltu	x12,x18,x6	 x18:0xfffff8a1  x6:0x00000002 x12=0x00000000
     370455.000 ns	     37044	80007988	02bb5933	divu	x18,x22,x11	 x22:0x000001fc x11:0xfffffe7d x18=0x00000000
     370475.000 ns	     37046	8000798c	01eac533	xor	x10,x21,x30	 x21:0x00000000 x30:0x7ffbefdd x10=0x7ffbefdd
     370485.000 ns	     37047	80007990	404ad993	srai	x19,x21,0x4	 x21:0x00000000 x19=0x00000000
     370495.000 ns	     37048	80007994	011c4cb3	xor	x25,x24,x17	 x24:0x00000001 x17:0xffffffff x25=0xfffffffe
     370505.000 ns	     37049	80007998	406d5b13	srai	x22,x26,0x6	 x26:0x00000000 x22=0x00000000
     370525.000 ns	     37051	8000799c	02d1b333	mulhu	x6,x3,x13	  x3:0x00000006 x13:0x48000000  x6=0x00000001
     370555.000 ns	     37054	800079a0	e00a9953	fclass.s	x18,f21	 f21:0x22350490 x18=0x00000040
     370585.000 ns	     37057	800079a4	201516d3	fsgnjn.s	f13,f10,f1	 f10:0x40000000  f1:0x40400000 f13=0xc0000000
     370605.000 ns	     37059	800079a8	a32cfa93	andi	x21,x25,-1486	 x25:0xfffffffe x21=0xfffffa32
     370615.000 ns	     37060	800079ac	01d948b3	xor	x17,x18,x29	 x18:0x00000040 x29:0xffffffff x17=0xffffffbf
     370625.000 ns	     37061	800079b0	01b0c1b3	xor	x3,x1,x27	  x1:0xffffffff x27:0x00000001  x3=0xfffffffe
     370635.000 ns	     37062	800079b4	41e9d9b3	sra	x19,x19,x30	 x19:0x00000000 x30:0x7ffbefdd x19=0x00000000
     370655.000 ns	     37064	800079b8	21ee0653	fsgnj.s	f12,f28,f30	 f28:0xc0000000 f30:0x22350490 f12=0x40000000
     370685.000 ns	     37067	800079bc	20b29153	fsgnjn.s	f2,f5,f11	  f5:0x40400000 f11:0x2bb1cf36  f2=0xc0400000
     370705.000 ns	     37069	800079c0	008dd033	srl	x0,x27,x8	 x27:0x00000001  x8:0x00000000
     370725.000 ns	     37071	800079c4	03881fb3	mulh	x31,x16,x24	 x16:0x00000004 x24:0x00000001 x31=0x00000000
     370755.000 ns	     37074	800079c8	e00e1453	fclass.s	x8,f28	 f28:0xc0000000  x8=0x00000002
     370775.000 ns	     37076	800079cc	40ea5f13	srai	x30,x20,0xe	 x20:0x00000000 x30=0x00000000
     370785.000 ns	     37077	800079d0	00000013	addi	x0,x0,0	  x0:0x00000000
     370805.000 ns	     37079	800079d4	03672433	mulhsu	x8,x14,x22	 x14:0x80041024 x22:0x00000000  x8=0x00000000
     370835.000 ns	     37082	800079d8	d0087253	fcvt.s.w	f4,x16	 x16:0x00000004  f4=0x40800000
     370865.000 ns	     37085	800079dc	20448c53	fsgnj.s	f24,f9,f4	  f9:0x42800000  f4:0x42800000 f24=0x42800000
     370885.000 ns	     37087	800079e0	01d3e1b3	or	x3,x7,x29	  x7:0x00000000 x29:0xffffffff  x3=0xffffffff
     370905.000 ns	     37089	800079e4	d01b7453	fcvt.s.wu	f8,x22	 x22:0x00000000  f8=0x00000000
     370955.000 ns	     37094	800079e8	0964f853	fsub.s	f16,f9,f22	  f9:0x42800000 f22:0xc0000000 f16=0x42840000
     370985.000 ns	     37097	800079ec	d01bbed3	fcvt.s.wu	f29,x23	 x23:0x7ffbefdd f29=0x4efff7e0
     371005.000 ns	     37099	800079f0	7cc7c913	xori	x18,x15,1996	 x15:0x00000000 x18=0x000007cc
     371025.000 ns	     37101	800079f4	e0020d53	fmv.x.w	x26,f4	  f4:0x40800000 x26=0x40800000
     371045.000 ns	     37103	800079f8	39d4cf93	xori	x31,x9,925	  x9:0x00000000 x31=0x0000039d
     371055.000 ns	     37104	800079fc	13730593	addi	x11,x6,311	  x6:0x00000001 x11=0x00000138
     371095.000 ns	     37108	80007a00	08b04ed3	fsub.s	f29,f0,f11	  f0:0xfffffe7d f11:0x2bb1cf36 f29=0x7fc00000
     371125.000 ns	     37111	80007a04	f00e8cd3	fmv.w.x	f25,x29	 x29:0xffffffff f25=0xffffffff
     371155.000 ns	     37114	80007a08	c001fbd3	fcvt.w.s	x23,f3	  f3:0x00000004 x23=0x00000000
     371185.000 ns	     37117	80007a0c	a0b4aad3	feq.s	x21,f9,f11	  f9:0x42800000 f11:0x2bb1cf36 x21=0x00000000
     371215.000 ns	     37120	80007a10	285f1ed3	fmax.s	f29,f30,f5	 f30:0x22350490  f5:0x40400000 f29=0x40400000
     371245.000 ns	     37123	80007a14	29259253	fmax.s	f4,f11,f18	 f11:0x2bb1cf36 f18:0xc1000000  f4=0x2bb1cf36
     371265.000 ns	     37125	80007a18	003ebeb3	sltu	x29,x29,x3	 x29:0xffffffff  x3:0xffffffff x29=0x00000000
     371285.000 ns	     37127	80007a1c	d0197a53	fcvt.s.wu	f20,x18	 x18:0x000007cc f20=0x44f98000
     371315.000 ns	     37130	80007a20	c01396d3	fcvt.wu.s	x13,f7	  f7:0x00000000 x13=0x00000000
     371345.000 ns	     37133	80007a24	a1648cd3	fle.s	x25,f9,f22	  f9:0x42800000 f22:0xc0000000 x25=0x00000000
     371365.000 ns	     37135	80007a28	a6be8213	addi	x4,x29,-1429	 x29:0x00000000  x4=0xfffffa6b
     371385.000 ns	     37137	80007a2c	c00b34d3	fcvt.w.s	x9,f22	 f22:0xc0000000  x9=0xfffffffe
     371405.000 ns	     37139	80007a30	50b80017	auipc	x0,0x50b80	
     371415.000 ns	     37140	80007a34	01179bb3	sll	x23,x15,x17	 x15:0x00000000 x17:0xffffffbf x23=0x00000000
     371425.000 ns	     37141	80007a38	00ff5013	srli	x0,x30,0xf	 x30:0x00000000
     371435.000 ns	     37142	80007a3c	0174f5b3	and	x11,x9,x23	  x9:0xfffffffe x23:0x00000000 x11=0x00000000
     371445.000 ns	     37143	80007a40	017d5c13	srli	x24,x26,0x17	 x26:0x40800000 x24=0x00000081
     371455.000 ns	     37144	80007a44	00dd8c33	add	x24,x27,x13	 x27:0x00000001 x13:0x00000000 x24=0x00000001
     371475.000 ns	     37146	80007a48	020fa533	mulhsu	x10,x31,x0	 x31:0x0000039d  x0:0x00000000 x10=0x00000000
     371495.000 ns	     37148	80007a4c	409ad2b3	sra	x5,x21,x9	 x21:0x00000000  x9:0xfffffffe  x5=0x00000000
     371515.000 ns	     37150	80007a50	c0048a53	fcvt.w.s	x20,f9	  f9:0x42800000 x20=0x00000040
     371535.000 ns	     37152	80007a54	01dd9233	sll	x4,x27,x29	 x27:0x00000001 x29:0x00000000  x4=0x00000001
     371545.000 ns	     37153	80007a58	1faca213	slti	x4,x25,506	 x25:0x00000000  x4=0x00000001
     371565.000 ns	     37155	80007a5c	02bd9933	mulh	x18,x27,x11	 x27:0x00000001 x11:0x00000000 x18=0x00000000
     371905.000 ns	     37189	80007a60	18f10553	fdiv.s	f10,f2,f15	  f2:0xc0400000 f15:0x40c00000 f10=0xbedc1e88
     371925.000 ns	     37191	80007a64	69c12997	auipc	x19,0x69c12	 x19=0xe9c19a64
     371945.000 ns	     37193	80007a68	f0048553	fmv.w.x	f10,x9	  x9:0xfffffffe f10=0xfffffffe
     371965.000 ns	     37195	80007a6c	00c4e633	or	x12,x9,x12	  x9:0xfffffffe x12:0x00000000 x12=0xfffffffe
     371985.000 ns	     37197	80007a70	e0029ad3	fclass.s	x21,f5	  f5:0x40400000 x21=0x00000040
     372005.000 ns	     37199	80007a74	0156b033	sltu	x0,x13,x21	 x13:0x00000000 x21:0x00000000
     372365.000 ns	     37235	80007a78	02675b33	divu	x22,x14,x6	 x14:0x80041024  x6:0x00000001 x22=0x80041024
     372385.000 ns	     37237	80007a7c	04d48617	auipc	x12,0x4d48	 x12=0x84d4fa7c
     372405.000 ns	     37239	80007a80	02f4dcb3	divu	x25,x9,x15	  x9:0xfffffffe x15:0x00000000 x25=0xffffffff
     372435.000 ns	     37242	80007a84	f00e80d3	fmv.w.x	f1,x29	 x29:0x00000000  f1=0x00000000
     372455.000 ns	     37244	80007a88	ccdd2793	slti	x15,x26,-819	 x26:0x40800000 x15=0x00000000
     372475.000 ns	     37246	80007a8c	d0187753	fcvt.s.wu	f14,x16	 x16:0x00000004 f14=0x40800000
     372505.000 ns	     37249	80007a90	02d982b3	mul	x5,x19,x13	 x19:0xe9c19a64 x13:0x00000000  x5=0x00000000
     372875.000 ns	     37286	80007a94	038676b3	remu	x13,x12,x24	 x12:0x84d4fa7c x24:0x00000001 x13=0x00000000
     372895.000 ns	     37288	80007a98	00b142b3	xor	x5,x2,x11	  x2:0x80040fe4 x11:0x00000000  x5=0x80040fe4
     372915.000 ns	     37290	80007a9c	e00a0253	fmv.x.w	x4,f20	 f20:0x44f98000  x4=0x44f98000
     372945.000 ns	     37293	80007aa0	28749dd3	fmax.s	f27,f9,f7	  f9:0x42800000  f7:0x00000000 f27=0x42800000
     372965.000 ns	     37295	80007aa4	00f72c33	slt	x24,x14,x15	 x14:0x80041024 x15:0x00000000 x24=0x00000001
     373005.000 ns	     37299	80007aa8	09cdf7d3	fsub.s	f15,f27,f28	 f27:0x42800000 f28:0xc0000000 f15=0x42840000
     373025.000 ns	     37301	80007aac	5786ebb7	lui	x23,0x5786e	 x23=0x5786e000
     373045.000 ns	     37303	80007ab0	a0b0aad3	feq.s	x21,f1,f11	  f1:0x00000000 f11:0x2bb1cf36 x21=0x00000000
     373065.000 ns	     37305	80007ab4	1c12c013	xori	x0,x5,449	  x5:0x80040fe4
     373075.000 ns	     37306	80007ab8	419859b3	sra	x19,x16,x25	 x16:0x00000004 x25:0xffffffff x19=0x00000000
     373095.000 ns	     37308	80007abc	03418933	mul	x18,x3,x20	  x3:0xffffffff x20:0x00000040 x18=0xffffffc0
     373115.000 ns	     37310	80007ac0	2247e913	ori	x18,x15,548	 x15:0x00000000 x18=0x00000224
     373125.000 ns	     37311	80007ac4	00000013	addi	x0,x0,0	  x0:0x00000000
     373135.000 ns	     37312	80007ac8	41fa02b3	sub	x5,x20,x31	 x20:0x00000040 x31:0x0000039d  x5=0xfffffca3
     373145.000 ns	     37313	80007acc	4a63a597	auipc	x11,0x4a63a	 x11=0xca641acc
     373155.000 ns	     37314	80007ad0	3d197393	andi	x7,x18,977	 x18:0x00000224  x7=0x00000200
     373165.000 ns	     37315	80007ad4	32ff7e93	andi	x29,x30,815	 x30:0x00000000 x29=0x00000000
     373185.000 ns	     37317	80007ad8	a14c13d3	flt.s	x7,f24,f20	 f24:0x42800000 f20:0x44f98000  x7=0x00000001
     373205.000 ns	     37319	80007adc	dcc85f97	auipc	x31,0xdcc85	 x31=0x5cc8cadc
     373245.000 ns	     37323	80007ae0	09c074d3	fsub.s	f9,f0,f28	  f0:0xfffffe7d f28:0xc0000000  f9=0x7fc00000
     373265.000 ns	     37325	80007ae4	946bba93	sltiu	x21,x23,-1722	 x23:0x5786e000 x21=0x00000001
     373285.000 ns	     37327	80007ae8	c0197fd3	fcvt.wu.s	x31,f18	 f18:0xc1000000 x31=0x00000008
     373305.000 ns	     37329	80007aec	00000013	addi	x0,x0,0	  x0:0x00000000
     373325.000 ns	     37331	80007af0	c01a2253	fcvt.wu.s	x4,f20	 f20:0x44f98000  x4=0x000007cc
     373345.000 ns	     37333	80007af4	018a5e93	srli	x29,x20,0x18	 x20:0x00000040 x29=0x00000000
     373355.000 ns	     37334	80007af8	0065d513	srli	x10,x11,0x6	 x11:0xca641acc x10=0x0329906b
     373375.000 ns	     37336	80007afc	02fec9b3	div	x19,x29,x15	 x29:0x00000000 x15:0x00000000 x19=0xffffffff
     373405.000 ns	     37339	80007b00	0208b9b3	mulhu	x19,x17,x0	 x17:0xffffffbf  x0:0x00000000 x19=0x00000000
     373425.000 ns	     37341	80007b04	08492893	slti	x17,x18,132	 x18:0x00000224 x17=0x00000000
     373435.000 ns	     37342	80007b08	753dfb97	auipc	x23,0x753df	 x23=0xf53e6b08
     373465.000 ns	     37345	80007b0c	18111053	fdiv.s	f0,f2,f1	  f2:0xc0400000  f1:0x00000000  f0=0xff800000
     373495.000 ns	     37348	80007b10	20b80b53	fsgnj.s	f22,f16,f11	 f16:0x42840000 f11:0x2bb1cf36 f22=0x42840000
     373515.000 ns	     37350	80007b14	40f0d4b3	sra	x9,x1,x15	  x1:0xffffffff x15:0x00000000  x9=0xffffffff
     373525.000 ns	     37351	80007b18	019230b3	sltu	x1,x4,x25	  x4:0x000007cc x25:0xffffffff  x1=0x00000001
     373535.000 ns	     37352	80007b1c	be5ac213	xori	x4,x21,-1051	 x21:0x00000001  x4=0xfffffbe4
     373555.000 ns	     37354	80007b20	c00dffd3	fcvt.w.s	x31,f27	 f27:0x42800000 x31=0x00000040
     373575.000 ns	     37356	80007b24	019a3db3	sltu	x27,x20,x25	 x20:0x00000040 x25:0xffffffff x27=0x00000001
     373585.000 ns	     37357	80007b28	01ae4ab3	xor	x21,x28,x26	 x28:0x00000000 x26:0x40800000 x21=0x40800000
     373605.000 ns	     37359	80007b2c	028d5533	divu	x10,x26,x8	 x26:0x40800000  x8:0x00000000 x10=0xffffffff
     373945.000 ns	     37393	80007b30	195e3ed3	fdiv.s	f29,f28,f21	 f28:0xc0000000 f21:0x22350490 f29=0xdd34b4b6
     373975.000 ns	     37396	80007b34	03fa2433	mulhsu	x8,x20,x31	 x20:0x00000040 x31:0x00000040  x8=0x00000000
     373995.000 ns	     37398	80007b38	019499b3	sll	x19,x9,x25	  x9:0xffffffff x25:0xffffffff x19=0x80000000
     374015.000 ns	     37400	80007b3c	02ecb7b3	mulhu	x15,x25,x14	 x25:0xffffffff x14:0x80041024 x15=0x80041023
     374045.000 ns	     37403	80007b40	a0a7acd3	feq.s	x25,f15,f10	 f15:0x42840000 f10:0xfffffffe x25=0x00000000
     374075.000 ns	     37406	80007b44	0208fe33	remu	x28,x17,x0	 x17:0x00000000  x0:0x00000000 x28=0x00000000
     374125.000 ns	     37411	80007b48	009a7653	fadd.s	f12,f20,f9	 f20:0x44f98000  f9:0x7fc00000 f12=0x7fc00000
     374155.000 ns	     37414	80007b4c	d018f853	fcvt.s.wu	f16,x17	 x17:0x00000000 f16=0x00000000
     374185.000 ns	     37417	80007b50	a08f24d3	feq.s	x9,f30,f8	 f30:0x22350490  f8:0x00000000  x9=0x00000000
     374205.000 ns	     37419	80007b54	00f11633	sll	x12,x2,x15	  x2:0x80040fe4 x15:0x80041023 x12=0x00207f20
     374225.000 ns	     37421	80007b58	217d0fd3	fsgnj.s	f31,f26,f23	 f26:0x00000000 f23:0x4ffffffc f31=0x00000000
     374255.000 ns	     37424	80007b5c	e00e85d3	fmv.x.w	x11,f29	 f29:0xdd34b4b6 x11=0xdd34b4b6
     374285.000 ns	     37427	80007b60	21d5a1d3	fsgnjx.s	f3,f11,f29	 f11:0x2bb1cf36 f29:0xdd34b4b6  f3=0xabb1cf36
     374305.000 ns	     37429	80007b64	ad69c193	xori	x3,x19,-1322	 x19:0x80000000  x3=0x7ffffad6
     374315.000 ns	     37430	80007b68	01615613	srli	x12,x2,0x16	  x2:0x80040fe4 x12=0x00000200
     374325.000 ns	     37431	80007b6c	01269333	sll	x6,x13,x18	 x13:0x00000000 x18:0x00000224  x6=0x00000000
     374365.000 ns	     37435	80007b70	087eb3d3	fsub.s	f7,f29,f7	 f29:0xdd34b4b6  f7:0x00000000  f7=0xdd34b4b6
     374395.000 ns	     37438	80007b74	0299d533	divu	x10,x19,x9	 x19:0x80000000  x9:0x00000000 x10=0xffffffff
     374415.000 ns	     37440	80007b78	00dc6433	or	x8,x24,x13	 x24:0x00000001 x13:0x00000000  x8=0x00000001
     374425.000 ns	     37441	80007b7c	0106d933	srl	x18,x13,x16	 x13:0x00000000 x16:0x00000004 x18=0x00000000
     374445.000 ns	     37443	80007b80	e0050cd3	fmv.x.w	x25,f10	 f10:0xfffffffe x25=0xfffffffe
     374815.000 ns	     37480	80007b84	02ad7333	remu	x6,x26,x10	 x26:0x40800000 x10:0xffffffff  x6=0x40800000
     374835.000 ns	     37482	80007b88	82ccee13	ori	x28,x25,-2004	 x25:0xfffffffe x28=0xfffffffe
     374845.000 ns	     37483	80007b8c	4776b393	sltiu	x7,x13,1143	 x13:0x00000000  x7=0x00000001
     374865.000 ns	     37485	80007b90	e0000453	fmv.x.w	x8,f0	  f0:0xff800000  x8=0xff800000
     374885.000 ns	     37487	80007b94	01a8dbb3	srl	x23,x17,x26	 x17:0x00000000 x26:0x40800000 x23=0x00000000
     374925.000 ns	     37491	80007b98	001c18d3	fadd.s	f17,f24,f1	 f24:0x42800000  f1:0x00000000 f17=0x42800000
     374955.000 ns	     37494	80007b9c	03460e33	mul	x28,x12,x20	 x12:0x00000200 x20:0x00000040 x28=0x00008000
     374985.000 ns	     37497	80007ba0	034809b3	mul	x19,x16,x20	 x16:0x00000004 x20:0x00000040 x19=0x00000100
     375005.000 ns	     37499	80007ba4	005d9593	slli	x11,x27,0x5	 x27:0x00000001 x11=0x00000020
     375025.000 ns	     37501	80007ba8	e0020553	fmv.x.w	x10,f4	  f4:0x2bb1cf36 x10=0x2bb1cf36
     375045.000 ns	     37503	80007bac	4ef5b993	sltiu	x19,x11,1263	 x11:0xdd34b4b6 x19=0x00000001
     375055.000 ns	     37504	80007bb0	a100be97	auipc	x29,0xa100b	 x29=0x21012bb0
     375075.000 ns	     37506	80007bb4	039b23b3	mulhsu	x7,x22,x25	 x22:0x80041024 x25:0xfffffffe  x7=0x80041024
     375105.000 ns	     37509	80007bb8	20d51d53	fsgnjn.s	f26,f10,f13	 f10:0xfffffffe f13:0xc0000000 f26=0x7ffffffe
     375135.000 ns	     37512	80007bbc	208fa1d3	fsgnjx.s	f3,f31,f8	 f31:0x00000000  f8:0x00000000  f3=0x00000000
     375155.000 ns	     37514	80007bc0	40ab5493	srai	x9,x22,0xa	 x22:0x80041024  x9=0xffe00104
     375165.000 ns	     37515	80007bc4	ecd80c93	addi	x25,x16,-307	 x16:0x00000004 x25=0xfffffed1
     375175.000 ns	     37516	80007bc8	01a6fb33	and	x22,x13,x26	 x13:0x00000000 x26:0x40800000 x22=0x00000000
     375185.000 ns	     37517	80007bcc	01f4d193	srli	x3,x9,0x1f	  x9:0xffe00104  x3=0x00000001
     375195.000 ns	     37518	80007bd0	41f301b3	sub	x3,x6,x31	  x6:0x40800000 x31:0x00000040  x3=0x407fffc0
     375215.000 ns	     37520	80007bd4	e0019353	fclass.s	x6,f3	  f3:0x00000000  x6=0x00000010
     375235.000 ns	     37522	80007bd8	7e020c97	auipc	x25,0x7e020	 x25=0xfe027bd8
     375255.000 ns	     37524	80007bdc	a0e91053	flt.s	x0,f18,f14	 f18:0xc1000000 f14:0x40800000
     375285.000 ns	     37527	80007be0	281c0753	fmin.s	f14,f24,f1	 f24:0x42800000  f1:0x00000000 f14=0x00000000
     375315.000 ns	     37530	80007be4	21689f53	fsgnjn.s	f30,f17,f22	 f17:0x42800000 f22:0x42840000 f30=0xc2800000
     375335.000 ns	     37532	80007be8	01fc6533	or	x10,x24,x31	 x24:0x00000001 x31:0x00000040 x10=0x00000041
     375355.000 ns	     37534	80007bec	d01f28d3	fcvt.s.wu	f17,x30	 x30:0x00000000 f17=0x00000000
     375375.000 ns	     37536	80007bf0	002f2a33	slt	x20,x30,x2	 x30:0x00000000  x2:0x80040fe4 x20=0x00000000
     375385.000 ns	     37537	80007bf4	2928ca37	lui	x20,0x2928c	 x20=0x2928c000
     375395.000 ns	     37538	80007bf8	97086d97	auipc	x27,0x97086	 x27=0x1708dbf8
     375405.000 ns	     37539	80007bfc	010d67b3	or	x15,x26,x16	 x26:0x40800000 x16:0x00000004 x15=0x40800004
     375415.000 ns	     37540	80007c00	01068a33	add	x20,x13,x16	 x13:0x00000000 x16:0x00000004 x20=0x00000004
     375425.000 ns	     37541	80007c04	01c5d993	srli	x19,x11,0x1c	 x11:0x00000020 x19=0x00000000
     375455.000 ns	     37544	80007c08	580f91d3	fsqrt.s	f3,f31	 f31:0x00000000  f3=0x00000000
     375475.000 ns	     37546	80007c0c	9224e193	ori	x3,x9,-1758	  x9:0xffe00104  x3=0xfffff926
     375485.000 ns	     37547	80007c10	007903b3	add	x7,x18,x7	 x18:0x00000000  x7:0x80041024  x7=0x80041024
     375495.000 ns	     37548	80007c14	ce65b417	auipc	x8,0xce65b	  x8=0x4e662c14
     375505.000 ns	     37549	80007c18	00a18b33	add	x22,x3,x10	  x3:0xfffff926 x10:0x00000041 x22=0xfffff967
     375545.000 ns	     37553	80007c1c	00cd2ad3	fadd.s	f21,f26,f12	 f26:0x7ffffffe f12:0x7fc00000 f21=0x7fc00000
     375565.000 ns	     37555	80007c20	004ed693	srli	x13,x29,0x4	 x29:0x21012bb0 x13=0x021012bb
     375605.000 ns	     37559	80007c24	09f77ed3	fsub.s	f29,f14,f31	 f14:0x00000000 f31:0x00000000 f29=0x80000000
     375635.000 ns	     37562	80007c28	209712d3	fsgnjn.s	f5,f14,f9	 f14:0x00000000  f9:0x7fc00000  f5=0x80000000
     375655.000 ns	     37564	80007c2c	8c3ba493	slti	x9,x23,-1853	 x23:0x00000000  x9=0x00000000
     375665.000 ns	     37565	80007c30	0004e9b3	or	x19,x9,x0	  x9:0xffe00104  x0:0x00000000 x19=0x00000000
     375685.000 ns	     37567	80007c34	02459d33	mulh	x26,x11,x4	 x11:0x00000020  x4:0xfffffbe4 x26=0xffffffff
     375725.000 ns	     37571	80007c38	11a015d3	fmul.s	f11,f0,f26	  f0:0xff800000 f26:0x7ffffffe f11=0x7fc00000
     375745.000 ns	     37573	80007c3c	00a95c33	srl	x24,x18,x10	 x18:0x00000000 x10:0x00000041 x24=0x00000000
     375755.000 ns	     37574	80007c40	0037ca33	xor	x20,x15,x3	 x15:0x40800004  x3:0xfffff926 x20=0xbf7ff922
     375775.000 ns	     37576	80007c44	c0023d53	fcvt.w.s	x26,f4	  f4:0x2bb1cf36 x26=0x00000000
     375805.000 ns	     37579	80007c48	f00484d3	fmv.w.x	f9,x9	  x9:0x00000000  f9=0x00000000
     376175.000 ns	     37616	80007c4c	02d6ddb3	divu	x27,x13,x13	 x13:0x021012bb x13:0x021012bb x27=0x00000001
     376205.000 ns	     37619	80007c50	d0132ad3	fcvt.s.wu	f21,x6	  x6:0x00000010 f21=0x41800000
     376225.000 ns	     37621	80007c54	7e69a613	slti	x12,x19,2022	 x19:0x00000000 x12=0x00000001
     376235.000 ns	     37622	80007c58	0004c333	xor	x6,x9,x0	  x9:0x00000000  x0:0x00000000  x6=0x00000000
     376245.000 ns	     37623	80007c5c	00000013	addi	x0,x0,0	  x0:0x00000000
     376255.000 ns	     37624	80007c60	00263b33	sltu	x22,x12,x2	 x12:0x00000001  x2:0x80040fe4 x22=0x00000001
     376275.000 ns	     37626	80007c64	02479d33	mulh	x26,x15,x4	 x15:0x40800004  x4:0xfffffbe4 x26=0xfffffef6
     376305.000 ns	     37629	80007c68	204599d3	fsgnjn.s	f19,f11,f4	 f11:0x7fc00000  f4:0x2bb1cf36 f19=0xffc00000
     376335.000 ns	     37632	80007c6c	0388ebb3	rem	x23,x17,x24	 x17:0x00000000 x24:0x00000000 x23=0x00000000
     376365.000 ns	     37635	80007c70	e0030553	fmv.x.w	x10,f6	  f6:0x00000000 x10=0x00000000
     376395.000 ns	     37638	80007c74	d0047ad3	fcvt.s.w	f21,x8	  x8:0x4e662c14 f21=0x4e9ccc58
     376415.000 ns	     37640	80007c78	41485ab3	sra	x21,x16,x20	 x16:0x00000004 x20:0xbf7ff922 x21=0x00000001
     376425.000 ns	     37641	80007c7c	006ea8b3	slt	x17,x29,x6	 x29:0x21012bb0  x6:0x00000000 x17=0x00000000
     376435.000 ns	     37642	80007c80	00d0c533	xor	x10,x1,x13	  x1:0x00000001 x13:0x021012bb x10=0x021012ba
     376445.000 ns	     37643	80007c84	00350333	add	x6,x10,x3	 x10:0x00000000  x3:0xfffff926  x6=0x02100be0
     376465.000 ns	     37645	80007c88	29331d53	fmax.s	f26,f6,f19	  f6:0x00000000 f19:0xffc00000 f26=0x00000000
     376485.000 ns	     37647	80007c8c	01ba1eb3	sll	x29,x20,x27	 x20:0xbf7ff922 x27:0x00000001 x29=0x7efff244
     376495.000 ns	     37648	80007c90	017e8db3	add	x27,x29,x23	 x29:0x21012bb0 x23:0x00000000 x27=0x7efff244
     376515.000 ns	     37650	80007c94	e00c82d3	fmv.x.w	x5,f25	 f25:0xffffffff  x5=0xffffffff
     376885.000 ns	     37687	80007c98	0364d533	divu	x10,x9,x22	  x9:0x00000000 x22:0x00000001 x10=0x00000000
     376905.000 ns	     37689	80007c9c	015eff33	and	x30,x29,x21	 x29:0x7efff244 x21:0x00000001 x30=0x00000000
     376925.000 ns	     37691	80007ca0	d00dff53	fcvt.s.w	f30,x27	 x27:0x7efff244 f30=0x4efdffe4
     377295.000 ns	     37728	80007ca4	0301e2b3	rem	x5,x3,x16	  x3:0xfffff926 x16:0x00000004  x5=0xfffffffe
     377315.000 ns	     37730	80007ca8	616f2013	slti	x0,x30,1558	 x30:0x00000000
     377645.000 ns	     37763	80007cac	19b24453	fdiv.s	f8,f4,f27	  f4:0x2bb1cf36 f27:0x42800000  f8=0x287debf8
     377675.000 ns	     37766	80007cb0	e0089b53	fclass.s	x22,f17	 f17:0x00000000 x22=0x00000010
     377695.000 ns	     37768	80007cb4	01649b93	slli	x23,x9,0x16	  x9:0x00000000 x23=0x00000000
     377705.000 ns	     37769	80007cb8	0006c4b3	xor	x9,x13,x0	 x13:0x021012bb  x0:0x00000000  x9=0x021012bb
     377725.000 ns	     37771	80007cbc	a09b9bd3	flt.s	x23,f23,f9	 f23:0x4ffffffc  f9:0x00000000 x23=0x00000000
     377755.000 ns	     37774	80007cc0	d006b653	fcvt.s.w	f12,x13	 x13:0x021012bb f12=0x4c0404af
     378125.000 ns	     37811	80007cc4	0390e4b3	rem	x9,x1,x25	  x1:0x00000001 x25:0xfe027bd8  x9=0x00000001
     378145.000 ns	     37813	80007cc8	01a7d9b3	srl	x19,x15,x26	 x15:0x40800004 x26:0xfffffef6 x19=0x00000102
     378155.000 ns	     37814	80007ccc	e216c493	xori	x9,x13,-479	 x13:0x021012bb  x9=0xfdefec9a
     378515.000 ns	     37850	80007cd0	03dbdeb3	divu	x29,x23,x29	 x23:0x00000000 x29:0x7efff244 x29=0x00000000
     378535.000 ns	     37852	80007cd4	40178333	sub	x6,x15,x1	 x15:0x40800004  x1:0x00000001  x6=0x40800003
     378545.000 ns	     37853	80007cd8	00000013	addi	x0,x0,0	  x0:0x00000000
     378555.000 ns	     37854	80007cdc	9496e513	ori	x10,x13,-1719	 x13:0x021012bb x10=0xfffffbfb
     378575.000 ns	     37856	80007ce0	0378af33	mulhsu	x30,x17,x23	 x17:0x00000000 x23:0x00000000 x30=0x00000000
     378615.000 ns	     37860	80007ce4	19393a53	fdiv.s	f20,f18,f19	 f18:0xc1000000 f19:0xffc00000 f20=0x7fc00000
     378635.000 ns	     37862	80007ce8	b6b8c593	xori	x11,x17,-1173	 x17:0x00000000 x11=0xfffffb6b
     378655.000 ns	     37864	80007cec	a1688ed3	fle.s	x29,f17,f22	 f17:0x00000000 f22:0x42840000 x29=0x00000001
     378685.000 ns	     37867	80007cf0	21582fd3	fsgnjx.s	f31,f16,f21	 f16:0x00000000 f21:0x4e9ccc58 f31=0x00000000
     378715.000 ns	     37870	80007cf4	a0eb0453	fle.s	x8,f22,f14	 f22:0x42840000 f14:0x00000000  x8=0x00000000
     378755.000 ns	     37874	80007cf8	58080d53	fsqrt.s	f26,f16	 f16:0x00000000 f26=0x00000000
     378775.000 ns	     37876	80007cfc	4f9fce13	xori	x28,x31,1273	 x31:0x00000040 x28=0x000004b9
     378785.000 ns	     37877	80007d00	00f3da33	srl	x20,x7,x15	  x7:0x80041024 x15:0x40800004 x20=0x08004102
     378795.000 ns	     37878	80007d04	00dda8b3	slt	x17,x27,x13	 x27:0x7efff244 x13:0x021012bb x17=0x00000000
     378815.000 ns	     37880	80007d08	028b66b3	rem	x13,x22,x8	 x22:0x00000010  x8:0x00000000 x13=0x00000010
     378835.000 ns	     37882	80007d0c	004a2f33	slt	x30,x20,x4	 x20:0x08004102  x4:0xfffffbe4 x30=0x00000000
     378845.000 ns	     37883	80007d10	f0703413	sltiu	x8,x0,-249	  x0:0x00000000  x8=0x00000001
     378855.000 ns	     37884	80007d14	3f502393	slti	x7,x0,1013	  x0:0x00000000  x7=0x00000001
     378875.000 ns	     37886	80007d18	204591d3	fsgnjn.s	f3,f11,f4	 f11:0x7fc00000  f4:0x2bb1cf36  f3=0xffc00000
     378905.000 ns	     37889	80007d1c	20349553	fsgnjn.s	f10,f9,f3	  f9:0x00000000  f3:0x00000000 f10=0x00000000
     379275.000 ns	     37926	80007d20	036b5cb3	divu	x25,x22,x22	 x22:0x00000010 x22:0x00000010 x25=0x00000001
     379305.000 ns	     37929	80007d24	03610e33	mul	x28,x2,x22	  x2:0x80040fe4 x22:0x00000010 x28=0x0040fe40
     379325.000 ns	     37931	80007d28	9fbc2d93	slti	x27,x24,-1541	 x24:0x00000000 x27=0x00000000
     379335.000 ns	     37932	80007d2c	0102f0b3	and	x1,x5,x16	  x5:0xfffffffe x16:0x00000004  x1=0x00000004
     379355.000 ns	     37934	80007d30	0248a033	mulhsu	x0,x17,x4	 x17:0x00000000  x4:0xfffffbe4
     379725.000 ns	     37971	80007d34	026d5cb3	divu	x25,x26,x6	 x26:0xfffffef6  x6:0x40800003 x25=0x00000003
     379755.000 ns	     37974	80007d38	28b69a53	fmax.s	f20,f13,f11	 f13:0xc0000000 f11:0x7fc00000 f20=0xc0000000
     379785.000 ns	     37977	80007d3c	21c00053	fsgnj.s	f0,f0,f28	  f0:0xff800000 f28:0xc0000000  f0=0xff800000
     379805.000 ns	     37979	80007d40	414c52b3	sra	x5,x24,x20	 x24:0x00000000 x20:0x08004102  x5=0x00000000
     379825.000 ns	     37981	80007d44	f00f04d3	fmv.w.x	f9,x30	 x30:0x00000000  f9=0x00000000
     379845.000 ns	     37983	80007d48	aa61e193	ori	x3,x3,-1370	  x3:0xfffff926  x3=0xfffffba6
     379865.000 ns	     37985	80007d4c	c0097ed3	fcvt.w.s	x29,f18	 f18:0xc1000000 x29=0x00000008
     379895.000 ns	     37988	80007d50	20330953	fsgnj.s	f18,f6,f3	  f6:0x00000000  f3:0xffc00000 f18=0x80000000
     379915.000 ns	     37990	80007d54	00ee7933	and	x18,x28,x14	 x28:0x0040fe40 x14:0x80041024 x18=0x00001000
     379935.000 ns	     37992	80007d58	d005a853	fcvt.s.w	f16,x11	 x11:0xfffffb6b f16=0xc492a000
     379955.000 ns	     37994	80007d5c	016c9c13	slli	x24,x25,0x16	 x25:0x00000003 x24=0x00c00000
     379975.000 ns	     37996	80007d60	28a004d3	fmin.s	f9,f0,f10	  f0:0xff800000 f10:0x00000000  f9=0xff800000
     379995.000 ns	     37998	80007d64	93c8e293	ori	x5,x17,-1732	 x17:0x00000000  x5=0xfffff93c
     380015.000 ns	     38000	80007d68	28de1853	fmax.s	f16,f28,f13	 f28:0xc0000000 f13:0xc0000000 f16=0xc0000000
     380045.000 ns	     38003	80007d6c	29ee8f53	fmin.s	f30,f29,f30	 f29:0x80000000 f30:0x4efdffe4 f30=0x80000000
     380065.000 ns	     38005	80007d70	00e25393	srli	x7,x4,0xe	  x4:0xfffffbe4  x7=0x0003ffff
     380075.000 ns	     38006	80007d74	000913b3	sll	x7,x18,x0	 x18:0x00001000  x0:0x00000000  x7=0x00001000
     380095.000 ns	     38008	80007d78	03892bb3	mulhsu	x23,x18,x24	 x18:0x00001000 x24:0x00c00000 x23=0x0000000c
     380115.000 ns	     38010	80007d7c	01170bb3	add	x23,x14,x17	 x14:0x80041024 x17:0x00000000 x23=0x80041024
     380135.000 ns	     38012	80007d80	205da6d3	fsgnjx.s	f13,f27,f5	 f27:0x42800000  f5:0x80000000 f13=0xc2800000
     380165.000 ns	     38015	80007d84	20119853	fsgnjn.s	f16,f3,f1	  f3:0xffc00000  f1:0x00000000 f16=0xffc00000
     380195.000 ns	     38018	80007d88	21602653	fsgnjx.s	f12,f0,f22	  f0:0xff800000 f22:0x42840000 f12=0xff800000
     380215.000 ns	     38020	80007d8c	00c63bb3	sltu	x23,x12,x12	 x12:0x00000001 x12:0x00000001 x23=0x00000000
     380255.000 ns	     38024	80007d90	000070d3	fadd.s	f1,f0,f0	  f0:0xff800000  f0:0xff800000  f1=0x80000000
     380275.000 ns	     38026	80007d94	57690793	addi	x15,x18,1398	 x18:0x00001000 x15=0x00001576
     380295.000 ns	     38028	80007d98	285d12d3	fmax.s	f5,f26,f5	 f26:0x00000000  f5:0x80000000  f5=0x00000000
     380315.000 ns	     38030	80007d9c	40365ab3	sra	x21,x12,x3	 x12:0x00000001  x3:0xfffffba6 x21=0x00000000
     380335.000 ns	     38032	80007da0	a04e8453	fle.s	x8,f29,f4	 f29:0x80000000  f4:0x2bb1cf36  x8=0x00000001
     380365.000 ns	     38035	80007da4	d0128353	fcvt.s.wu	f6,x5	  x5:0xfffff93c  f6=0x4f7ffff9
     380385.000 ns	     38037	80007da8	00e2e993	ori	x19,x5,14	  x5:0xfffff93c x19=0xfffff93e
     380415.000 ns	     38040	80007dac	19af4a53	fdiv.s	f20,f30,f26	 f30:0x80000000 f26:0x00000000 f20=0x7fc00000
     380435.000 ns	     38042	80007db0	012cf533	and	x10,x25,x18	 x25:0x00000003 x18:0x00001000 x10=0x00000000
     380445.000 ns	     38043	80007db4	01618433	add	x8,x3,x22	  x3:0xfffffba6 x22:0x00000010  x8=0xfffffbb6
     380465.000 ns	     38045	80007db8	d00b7dd3	fcvt.s.w	f27,x22	 x22:0x00000010 f27=0x41800000
     380495.000 ns	     38048	80007dbc	f0010b53	fmv.w.x	f22,x2	  x2:0x80040fe4 f22=0x80040fe4
     380525.000 ns	     38051	80007dc0	02a9ddb3	divu	x27,x19,x10	 x19:0xfffff93e x10:0x00000000 x27=0xffffffff
     380545.000 ns	     38053	80007dc4	00fcfeb3	and	x29,x25,x15	 x25:0x00000003 x15:0x00001576 x29=0x00000002
     380555.000 ns	     38054	80007dc8	01b51913	slli	x18,x10,0x1b	 x10:0x00000000 x18=0x00000000
     380565.000 ns	     38055	80007dcc	01b95613	srli	x12,x18,0x1b	 x18:0x00001000 x12=0x00000000
     380585.000 ns	     38057	80007dd0	026817b3	mulh	x15,x16,x6	 x16:0x00000004  x6:0x40800003 x15=0x00000001
     380615.000 ns	     38060	80007dd4	02b0b0b3	mulhu	x1,x1,x11	  x1:0x00000004 x11:0xfffffb6b  x1=0x00000003
     380635.000 ns	     38062	80007dd8	01bb6ab3	or	x21,x22,x27	 x22:0x00000010 x27:0xffffffff x21=0xffffffff
     380645.000 ns	     38063	80007ddc	0192d9b3	srl	x19,x5,x25	  x5:0xfffff93c x25:0x00000003 x19=0x1fffff27
     380655.000 ns	     38064	80007de0	00cca033	slt	x0,x25,x12	 x25:0x00000003 x12:0x00000000
     380665.000 ns	     38065	80007de4	e3986313	ori	x6,x16,-455	 x16:0x00000004  x6=0xfffffe3d
     380685.000 ns	     38067	80007de8	a03e1553	flt.s	x10,f28,f3	 f28:0xc0000000  f3:0xffc00000 x10=0x00000000
     380705.000 ns	     38069	80007dec	005a40b3	xor	x1,x20,x5	 x20:0x08004102  x5:0xfffff93c  x1=0xf7ffb83e
     380735.000 ns	     38072	80007df0	18e9f0d3	fdiv.s	f1,f19,f14	 f19:0xffc00000 f14:0x00000000  f1=0x7fc00000
     380755.000 ns	     38074	80007df4	7d0c8313	addi	x6,x25,2000	 x25:0x00000003  x6=0x000007d3
     380765.000 ns	     38075	80007df8	0ac3cd93	xori	x27,x7,172	  x7:0x00001000 x27=0x000010ac
     380785.000 ns	     38077	80007dfc	203e03d3	fsgnj.s	f7,f28,f3	 f28:0xc0000000  f3:0xffc00000  f7=0xc0000000
     380815.000 ns	     38080	80007e00	f0028253	fmv.w.x	f4,x5	  x5:0xfffff93c  f4=0xfffff93c
     380845.000 ns	     38083	80007e04	02ca8bb3	mul	x23,x21,x12	 x21:0xffffffff x12:0x00000000 x23=0x00000000
     380865.000 ns	     38085	80007e08	01e12033	slt	x0,x2,x30	  x2:0x80040fe4 x30:0x00000000
     380885.000 ns	     38087	80007e0c	d00870d3	fcvt.s.w	f1,x16	 x16:0x00000004  f1=0x40800000
     380915.000 ns	     38090	80007e10	a1de8653	fle.s	x12,f29,f29	 f29:0x80000000 f29:0x80000000 x12=0x00000001
     381285.000 ns	     38127	80007e14	02976eb3	rem	x29,x14,x9	 x14:0x80041024  x9:0xfdefec9a x29=0xffe8c2d8
     381305.000 ns	     38129	80007e18	006e2bb3	slt	x23,x28,x6	 x28:0x0040fe40  x6:0x000007d3 x23=0x00000000
     381665.000 ns	     38165	80007e1c	02f840b3	div	x1,x16,x15	 x16:0x00000004 x15:0x00000001  x1=0x00000004
     382035.000 ns	     38202	80007e20	03635433	divu	x8,x6,x22	  x6:0x000007d3 x22:0x00000010  x8=0x0000007d
     382405.000 ns	     38239	80007e24	02d865b3	rem	x11,x16,x13	 x16:0x00000004 x13:0x00000010 x11=0x00000004
     382425.000 ns	     38241	80007e28	410ad513	srai	x10,x21,0x10	 x21:0xffffffff x10=0xffffffff
     382435.000 ns	     38242	80007e2c	b21aeb37	lui	x22,0xb21ae	 x22=0xb21ae000
     382455.000 ns	     38244	80007e30	f00a8753	fmv.w.x	f14,x21	 x21:0xffffffff f14=0xffffffff
     382485.000 ns	     38247	80007e34	e0068c53	fmv.x.w	x24,f13	 f13:0xc2800000 x24=0xc2800000
     382505.000 ns	     38249	80007e38	00a16333	or	x6,x2,x10	  x2:0x80040fe4 x10:0xffffffff  x6=0xffffffff
     382535.000 ns	     38252	80007e3c	1013fad3	fmul.s	f21,f7,f1	  f7:0xc0000000  f1:0x40800000 f21=0xc1000000
     382555.000 ns	     38254	80007e40	0138d0b3	srl	x1,x17,x19	 x17:0x00000000 x19:0x1fffff27  x1=0x00000000
     382585.000 ns	     38257	80007e44	183d44d3	fdiv.s	f9,f26,f3	 f26:0x00000000  f3:0xffc00000  f9=0x7fc00000
     382955.000 ns	     38294	80007e48	02e0e333	rem	x6,x1,x14	  x1:0x00000004 x14:0x80041024  x6=0x00000000
     382985.000 ns	     38297	80007e4c	a11f26d3	feq.s	x13,f30,f17	 f30:0x80000000 f17:0x00000000 x13=0x00000001
     383015.000 ns	     38300	80007e50	c00ff653	fcvt.w.s	x12,f31	 f31:0x00000000 x12=0x00000000
     383035.000 ns	     38302	80007e54	00fbcab3	xor	x21,x23,x15	 x23:0x00000000 x15:0x00000001 x21=0x00000001
     383055.000 ns	     38304	80007e58	02773fb3	mulhu	x31,x14,x7	 x14:0x80041024  x7:0x00001000 x31=0x00000800
     383085.000 ns	     38307	80007e5c	d0090e53	fcvt.s.w	f28,x18	 x18:0x00000000 f28=0x00000000
     383105.000 ns	     38309	80007e60	40500633	sub	x12,x0,x5	  x0:0x00000000  x5:0xfffff93c x12=0x000006c4
     383115.000 ns	     38310	80007e64	41ed8533	sub	x10,x27,x30	 x27:0x000010ac x30:0x00000000 x10=0x000010ac
     383135.000 ns	     38312	80007e68	d0118953	fcvt.s.wu	f18,x3	  x3:0xfffffba6 f18=0x4f7ffffc
     383165.000 ns	     38315	80007e6c	202a1fd3	fsgnjn.s	f31,f20,f2	 f20:0x7fc00000  f2:0xc0400000 f31=0x7fc00000
     383185.000 ns	     38317	80007e70	01913533	sltu	x10,x2,x25	  x2:0x80040fe4 x25:0x00000003 x10=0x00000000
     383195.000 ns	     38318	80007e74	e4fc2293	slti	x5,x24,-433	 x24:0xc2800000  x5=0x00000001
     383205.000 ns	     38319	80007e78	01facf33	xor	x30,x21,x31	 x21:0x00000001 x31:0x00000800 x30=0x00000801
     383215.000 ns	     38320	80007e7c	3ba10a17	auipc	x20,0x3ba10	 x20=0xbba17e7c
     383235.000 ns	     38322	80007e80	c00582d3	fcvt.w.s	x5,f11	 f11:0x7fc00000  x5=0x7fffffff
     383265.000 ns	     38325	80007e84	021b5bb3	divu	x23,x22,x1	 x22:0xb21ae000  x1:0x00000000 x23=0xffffffff
     383285.000 ns	     38327	80007e88	00f5de33	srl	x28,x11,x15	 x11:0x00000004 x15:0x00000001 x28=0x00000002
     383295.000 ns	     38328	80007e8c	016914b3	sll	x9,x18,x22	 x18:0x00000000 x22:0xb21ae000  x9=0x00000000
     383305.000 ns	     38329	80007e90	001c1233	sll	x4,x24,x1	 x24:0xc2800000  x1:0x00000000  x4=0xc2800000
     383315.000 ns	     38330	80007e94	01ad3533	sltu	x10,x26,x26	 x26:0xfffffef6 x26:0xfffffef6 x10=0x00000000
     383325.000 ns	     38331	80007e98	01019913	slli	x18,x3,0x10	  x3:0xfffffba6 x18=0xfba60000
     383335.000 ns	     38332	80007e9c	004911b3	sll	x3,x18,x4	 x18:0x00000000  x4:0xc2800000  x3=0xfba60000
     383375.000 ns	     38336	80007ea0	0159ffd3	fadd.s	f31,f19,f21	 f19:0xffc00000 f21:0xc1000000 f31=0x7fc00000
     383395.000 ns	     38338	80007ea4	00000013	addi	x0,x0,0	  x0:0x00000000
     383415.000 ns	     38340	80007ea8	a13f88d3	fle.s	x17,f31,f19	 f31:0x7fc00000 f19:0xffc00000 x17=0x00000000
     383445.000 ns	     38343	80007eac	0220adb3	mulhsu	x27,x1,x2	  x1:0x00000000  x2:0x80040fe4 x27=0x00000000
     383475.000 ns	     38346	80007eb0	a03923d3	feq.s	x7,f18,f3	 f18:0x4f7ffffc  f3:0xffc00000  x7=0x00000000
     383505.000 ns	     38349	80007eb4	a1978653	fle.s	x12,f15,f25	 f15:0x42840000 f25:0xffffffff x12=0x00000000
     383535.000 ns	     38352	80007eb8	f00a81d3	fmv.w.x	f3,x21	 x21:0x00000001  f3=0x00000001
     383905.000 ns	     38389	80007ebc	039aed33	rem	x26,x21,x25	 x21:0x00000001 x25:0x00000003 x26=0x00000001
     383935.000 ns	     38392	80007ec0	29ac8cd3	fmin.s	f25,f25,f26	 f25:0xffffffff f26:0x00000000 f25=0x00000000
     383975.000 ns	     38396	80007ec4	18447453	fdiv.s	f8,f8,f4	  f8:0x287debf8  f4:0xfffff93c  f8=0x7fc00000
     384005.000 ns	     38399	80007ec8	c015aed3	fcvt.wu.s	x29,f11	 f11:0x7fc00000 x29=0xffffffff
     384035.000 ns	     38402	80007ecc	a19aadd3	feq.s	x27,f21,f25	 f21:0xc1000000 f25:0x00000000 x27=0x00000000
     384055.000 ns	     38404	80007ed0	ac734513	xori	x10,x6,-1337	  x6:0x00000000 x10=0xfffffac7
     384065.000 ns	     38405	80007ed4	0163b633	sltu	x12,x7,x22	  x7:0x00000000 x22:0xb21ae000 x12=0x00000001
     384075.000 ns	     38406	80007ed8	0084dd33	srl	x26,x9,x8	  x9:0x00000000  x8:0x0000007d x26=0x00000000
     384095.000 ns	     38408	80007edc	28ef0953	fmin.s	f18,f30,f14	 f30:0x80000000 f14:0xffffffff f18=0x80000000
     384145.000 ns	     38413	80007ee0	09bf7153	fsub.s	f2,f30,f27	 f30:0x80000000 f27:0x41800000  f2=0xc1800000
     384175.000 ns	     38416	80007ee4	03742bb3	mulhsu	x23,x8,x23	  x8:0x0000007d x23:0xffffffff x23=0x0000007c
     384205.000 ns	     38419	80007ee8	c0197cd3	fcvt.wu.s	x25,f18	 f18:0x80000000 x25=0x00000000
     384575.000 ns	     38456	80007eec	028656b3	divu	x13,x12,x8	 x12:0x00000001  x8:0x0000007d x13=0x00000000
     384605.000 ns	     38459	80007ef0	0223bd33	mulhu	x26,x7,x2	  x7:0x00000000  x2:0x80040fe4 x26=0x00000000
     384645.000 ns	     38463	80007ef4	1037c2d3	fmul.s	f5,f15,f3	 f15:0x42840000  f3:0x00000001  f5=0x00000043
     384675.000 ns	     38466	80007ef8	a1808053	fle.s	x0,f1,f24	  f1:0x40800000 f24:0x42800000
     384695.000 ns	     38468	80007efc	0193e433	or	x8,x7,x25	  x7:0x00000000 x25:0x00000000  x8=0x00000000
     384705.000 ns	     38469	80007f00	9fb9e013	ori	x0,x19,-1541	 x19:0x1fffff27
     384725.000 ns	     38471	80007f04	03681cb3	mulh	x25,x16,x22	 x16:0x00000004 x22:0xb21ae000 x25=0xfffffffe
     384745.000 ns	     38473	80007f08	0588a397	auipc	x7,0x588a	  x7=0x85891f08
     384765.000 ns	     38475	80007f0c	e00f0053	fmv.x.w	x0,f30	 f30:0x80000000
     384785.000 ns	     38477	80007f10	01bfa433	slt	x8,x31,x27	 x31:0x00000800 x27:0x00000000  x8=0x00000000
     384795.000 ns	     38478	80007f14	f4a8f513	andi	x10,x17,-182	 x17:0x00000000 x10=0x00000000
     384805.000 ns	     38479	80007f18	75b16893	ori	x17,x2,1883	  x2:0x80040fe4 x17=0x80040fff
     385165.000 ns	     38515	80007f1c	0376c5b3	div	x11,x13,x23	 x13:0x00000000 x23:0x0000007c x11=0x00000000
     385205.000 ns	     38519	80007f20	11be3953	fmul.s	f18,f28,f27	 f28:0x00000000 f27:0x41800000 f18=0x00000000
     385225.000 ns	     38521	80007f24	00f589b3	add	x19,x11,x15	 x11:0x00000000 x15:0x00000001 x19=0x00000001
     385245.000 ns	     38523	80007f28	e0021953	fclass.s	x18,f4	  f4:0xfffff93c x18=0x00000200
     385275.000 ns	     38526	80007f2c	211511d3	fsgnjn.s	f3,f10,f17	 f10:0x00000000 f17:0x00000000  f3=0x80000000
     385315.000 ns	     38530	80007f30	116a7f53	fmul.s	f30,f20,f22	 f20:0x7fc00000 f22:0x80040fe4 f30=0x7fc00000
     385345.000 ns	     38533	80007f34	a1d41c53	flt.s	x24,f8,f29	  f8:0x7fc00000 f29:0x80000000 x24=0x00000000
     385365.000 ns	     38535	80007f38	0190a7b3	slt	x15,x1,x25	  x1:0x00000000 x25:0xfffffffe x15=0x00000000
     385375.000 ns	     38536	80007f3c	415c8033	sub	x0,x25,x21	 x25:0xfffffffe x21:0x00000001
     385395.000 ns	     38538	80007f40	e00983d3	fmv.x.w	x7,f19	 f19:0xffc00000  x7=0xffc00000
     385415.000 ns	     38540	80007f44	2b6df793	andi	x15,x27,694	 x27:0x00000000 x15=0x00000000
     385445.000 ns	     38543	80007f48	18377353	fdiv.s	f6,f14,f3	 f14:0xffffffff  f3:0x80000000  f6=0x7fc00000
     385465.000 ns	     38545	80007f4c	98c20413	addi	x8,x4,-1652	  x4:0xc2800000  x8=0xc27ff98c
     385825.000 ns	     38581	80007f50	02ee55b3	divu	x11,x28,x14	 x28:0x00000002 x14:0x80041024 x11=0x00000000
     385845.000 ns	     38583	80007f54	01815393	srli	x7,x2,0x18	  x2:0x80040fe4  x7=0x00000080
     385855.000 ns	     38584	80007f58	5de2ff13	andi	x30,x5,1502	  x5:0x7fffffff x30=0x000005de
     385865.000 ns	     38585	80007f5c	3558f793	andi	x15,x17,853	 x17:0x80040fff x15=0x00000355
     385905.000 ns	     38589	80007f60	09c4f953	fsub.s	f18,f9,f28	  f9:0x7fc00000 f28:0x00000000 f18=0x7fc00000
     385935.000 ns	     38592	80007f64	e0009653	fclass.s	x12,f1	  f1:0x40800000 x12=0x00000040
     385965.000 ns	     38595	80007f68	d01a7253	fcvt.s.wu	f4,x20	 x20:0xbba17e7c  f4=0x4f3ba17e
     385985.000 ns	     38597	80007f6c	0058dc93	srli	x25,x17,0x5	 x17:0x80040fff x25=0x0400207f
     385995.000 ns	     38598	80007f70	014ba7b3	slt	x15,x23,x20	 x23:0x0000007c x20:0xbba17e7c x15=0x00000000
     386355.000 ns	     38634	80007f74	028e5eb3	divu	x29,x28,x8	 x28:0x00000002  x8:0xc27ff98c x29=0x00000000
     386375.000 ns	     38636	80007f78	00a563b3	or	x7,x10,x10	 x10:0x00000000 x10:0x00000000  x7=0x00000000
     386415.000 ns	     38640	80007f7c	08b41dd3	fsub.s	f27,f8,f11	  f8:0x7fc00000 f11:0x7fc00000 f27=0x7fc00000
     386445.000 ns	     38643	80007f80	20f3add3	fsgnjx.s	f27,f7,f15	  f7:0xc0000000 f15:0x42840000 f27=0xc0000000
     386475.000 ns	     38646	80007f84	28d30bd3	fmin.s	f23,f6,f13	  f6:0x7fc00000 f13:0xc2800000 f23=0xc2800000
     386505.000 ns	     38649	80007f88	c01d97d3	fcvt.wu.s	x15,f27	 f27:0xc0000000 x15=0x00000002
     386525.000 ns	     38651	80007f8c	00000013	addi	x0,x0,0	  x0:0x00000000
     386545.000 ns	     38653	80007f90	d01fb453	fcvt.s.wu	f8,x31	 x31:0x00000800  f8=0x45000000
     386575.000 ns	     38656	80007f94	280a87d3	fmin.s	f15,f21,f0	 f21:0xc1000000  f0:0xff800000 f15=0xff800000
     386595.000 ns	     38658	80007f98	006628b3	slt	x17,x12,x6	 x12:0x00000040  x6:0x00000000 x17=0x00000000
     386605.000 ns	     38659	80007f9c	416585b3	sub	x11,x11,x22	 x11:0x00000000 x22:0xb21ae000 x11=0x4de52000
     386625.000 ns	     38661	80007fa0	03221ab3	mulh	x21,x4,x18	  x4:0xc2800000 x18:0x00000200 x21=0xffffff85
     386655.000 ns	     38664	80007fa4	02a22633	mulhsu	x12,x4,x10	  x4:0xc2800000 x10:0x00000000 x12=0x00000000
     386685.000 ns	     38667	80007fa8	a1d7a9d3	feq.s	x19,f15,f29	 f15:0xff800000 f29:0x80000000 x19=0x00000000
     386705.000 ns	     38669	80007fac	00d177b3	and	x15,x2,x13	  x2:0x80040fe4 x13:0x00000000 x15=0x00000000
     386715.000 ns	     38670	80007fb0	00430533	add	x10,x6,x4	  x6:0x00000000  x4:0xc2800000 x10=0xc2800000
     386745.000 ns	     38673	80007fb4	110474d3	fmul.s	f9,f8,f16	  f8:0x45000000 f16:0xffc00000  f9=0x7fc00000
     386775.000 ns	     38676	80007fb8	a0a19d53	flt.s	x26,f3,f10	  f3:0x80000000 f10:0x00000000 x26=0x00000000
     386805.000 ns	     38679	80007fbc	a08a2053	feq.s	x0,f20,f8	 f20:0x7fc00000  f8:0x45000000
     386825.000 ns	     38681	80007fc0	d92db493	sltiu	x9,x27,-622	 x27:0x00000000  x9=0x00000001
     386865.000 ns	     38685	80007fc4	0801fc53	fsub.s	f24,f3,f0	  f3:0x80000000  f0:0xff800000 f24=0x7f800000
     386885.000 ns	     38687	80007fc8	00c0b0b3	sltu	x1,x1,x12	  x1:0x00000000 x12:0x00000000  x1=0x00000000
     386905.000 ns	     38689	80007fcc	212b17d3	fsgnjn.s	f15,f22,f18	 f22:0x80040fe4 f18:0x7fc00000 f15=0x80040fe4
     386935.000 ns	     38692	80007fd0	03fc0533	mul	x10,x24,x31	 x24:0x00000000 x31:0x00000800 x10=0x00000000
     386965.000 ns	     38695	80007fd4	a1cf0ad3	fle.s	x21,f30,f28	 f30:0x7fc00000 f28:0x00000000 x21=0x00000000
     386995.000 ns	     38698	80007fd8	e00b1ed3	fclass.s	x29,f22	 f22:0x80040fe4 x29=0x00000004
     387365.000 ns	     38735	80007fdc	02b56b33	rem	x22,x10,x11	 x10:0x00000000 x11:0x4de52000 x22=0x00000000
     387395.000 ns	     38738	80007fe0	e0020cd3	fmv.x.w	x25,f4	  f4:0x4f3ba17e x25=0x4f3ba17e
     387415.000 ns	     38740	80007fe4	00000013	addi	x0,x0,0	  x0:0x00000000
     387435.000 ns	     38742	80007fe8	032288b3	mul	x17,x5,x18	  x5:0x7fffffff x18:0x00000200 x17=0xfffffe00
     387455.000 ns	     38744	80007fec	db433e93	sltiu	x29,x6,-588	  x6:0x00000000 x29=0x00000001
     387465.000 ns	     38745	80007ff0	412109b3	sub	x19,x2,x18	  x2:0x80040fe4 x18:0x00000200 x19=0x80040de4
     387475.000 ns	     38746	80007ff4	b5144493	xori	x9,x8,-1199	  x8:0xc27ff98c  x9=0x3d8002dd
     387495.000 ns	     38748	80007ff8	d01bf253	fcvt.s.wu	f4,x23	 x23:0x0000007c  f4=0x42f80000
     387525.000 ns	     38751	80007ffc	2097ae53	fsgnjx.s	f28,f15,f9	 f15:0x80040fe4  f9:0x7fc00000 f28=0x80040fe4
     387545.000 ns	     38753	80008000	7bc9fa93	andi	x21,x19,1980	 x19:0x80040de4 x21=0x000005a4
     387555.000 ns	     38754	80008004	41d0d033	sra	x0,x1,x29	  x1:0x00000000 x29:0x00000001
     387575.000 ns	     38756	80008008	21550753	fsgnj.s	f14,f10,f21	 f10:0x00000000 f21:0xc1000000 f14=0x80000000
     387605.000 ns	     38759	8000800c	e00789d3	fmv.x.w	x19,f15	 f15:0x80040fe4 x19=0x80040fe4
     387635.000 ns	     38762	80008010	207188d3	fsgnj.s	f17,f3,f7	  f3:0x80000000  f7:0xc0000000 f17=0x80000000
     387665.000 ns	     38765	80008014	c002ce53	fcvt.w.s	x28,f5	  f5:0x00000043 x28=0x00000000
     387695.000 ns	     38768	80008018	d00abad3	fcvt.s.w	f21,x21	 x21:0x000005a4 f21=0x44b48000
     387715.000 ns	     38770	8000801c	7f260d13	addi	x26,x12,2034	 x12:0x00000000 x26=0x000007f2
     387735.000 ns	     38772	80008020	e0019ed3	fclass.s	x29,f3	  f3:0x80000000 x29=0x00000008
     387755.000 ns	     38774	80008024	0c254b13	xori	x22,x10,194	 x10:0x00000000 x22=0x000000c2
     387775.000 ns	     38776	80008028	a1d90953	fle.s	x18,f18,f29	 f18:0x7fc00000 f29:0x80000000 x18=0x00000000
     387805.000 ns	     38779	8000802c	03f88ab3	mul	x21,x17,x31	 x17:0xfffffe00 x31:0x00000800 x21=0xfff00000
     387825.000 ns	     38781	80008030	01858233	add	x4,x11,x24	 x11:0x4de52000 x24:0x00000000  x4=0x4de52000
     387845.000 ns	     38783	80008034	20322853	fsgnjx.s	f16,f4,f3	  f4:0x42f80000  f3:0x80000000 f16=0xc2f80000
     387865.000 ns	     38785	80008038	0142a533	slt	x10,x5,x20	  x5:0x7fffffff x20:0xbba17e7c x10=0x00000000
     388225.000 ns	     38821	8000803c	0224f633	remu	x12,x9,x2	  x9:0x3d8002dd  x2:0x80040fe4 x12=0x3d8002dd
     388595.000 ns	     38858	80008040	02b57a33	remu	x20,x10,x11	 x10:0x00000000 x11:0x4de52000 x20=0x00000000
     388615.000 ns	     38860	80008044	01af9013	slli	x0,x31,0x1a	 x31:0x00000800
     388635.000 ns	     38862	80008048	023899b3	mulh	x19,x17,x3	 x17:0xfffffe00  x3:0xfba60000 x19=0x00000008
     388685.000 ns	     38867	8000804c	01669a53	fadd.s	f20,f13,f22	 f13:0xc2800000 f22:0x80040fe4 f20=0xc2800000
     388705.000 ns	     38869	80008050	ed9ccd93	xori	x27,x25,-295	 x25:0x4f3ba17e x27=0xb0c45fa7
     388715.000 ns	     38870	80008054	e85a3093	sltiu	x1,x20,-379	 x20:0x00000000  x1=0x00000001
     388725.000 ns	     38871	80008058	00000013	addi	x0,x0,0	  x0:0x00000000
     388745.000 ns	     38873	8000805c	e0001453	fclass.s	x8,f0	  f0:0xff800000  x8=0x00000001
     388775.000 ns	     38876	80008060	e00d9353	fclass.s	x6,f27	 f27:0xc0000000  x6=0x00000002
     389145.000 ns	     38913	80008064	03fc4333	div	x6,x24,x31	 x24:0x00000000 x31:0x00000800  x6=0x00000000
     389185.000 ns	     38917	80008068	58019ad3	fsqrt.s	f21,f3	  f3:0x80000000 f21=0x80000000
     389215.000 ns	     38920	8000806c	03fe32b3	mulhu	x5,x28,x31	 x28:0x00000000 x31:0x00000800  x5=0x00000000
     389245.000 ns	     38923	80008070	a05a9a53	flt.s	x20,f21,f5	 f21:0x80000000  f5:0x00000043 x20=0x00000001
     389265.000 ns	     38925	80008074	009e55b3	srl	x11,x28,x9	 x28:0x00000000  x9:0x3d8002dd x11=0x00000000
     389275.000 ns	     38926	80008078	0173ac33	slt	x24,x7,x23	  x7:0x00000000 x23:0x0000007c x24=0x00000001
     389295.000 ns	     38928	8000807c	c00d71d3	fcvt.w.s	x3,f26	 f26:0x00000000  x3=0x00000000
     389315.000 ns	     38930	80008080	418cd9b3	sra	x19,x25,x24	 x25:0x4f3ba17e x24:0x00000000 x19=0x279dd0bf
     389335.000 ns	     38932	80008084	029a8fb3	mul	x31,x21,x9	 x21:0xfff00000  x9:0x3d8002dd x31=0xd2300000
     389355.000 ns	     38934	80008088	0021f1b3	and	x3,x3,x2	  x3:0x00000000  x2:0x80040fe4  x3=0x00000000
     389375.000 ns	     38936	8000808c	a11529d3	feq.s	x19,f10,f17	 f10:0x00000000 f17:0x80000000 x19=0x00000001
     389405.000 ns	     38939	80008090	a1d3abd3	feq.s	x23,f7,f29	  f7:0xc0000000 f29:0x80000000 x23=0x00000000
     389435.000 ns	     38942	80008094	d0063ad3	fcvt.s.w	f21,x12	 x12:0x3d8002dd f21=0x4e76000c
     389465.000 ns	     38945	80008098	20970ed3	fsgnj.s	f29,f14,f9	 f14:0x80000000  f9:0x7fc00000 f29=0x00000000
     389515.000 ns	     38950	8000809c	00e677d3	fadd.s	f15,f12,f14	 f12:0xff800000 f14:0x80000000 f15=0xff800000
     389535.000 ns	     38952	800080a0	009aeab3	or	x21,x21,x9	 x21:0xfff00000  x9:0x3d8002dd x21=0xfff002dd
     389555.000 ns	     38954	800080a4	a11e14d3	flt.s	x9,f28,f17	 f28:0x80040fe4 f17:0x80000000  x9=0x00000001
     389585.000 ns	     38957	800080a8	c004cfd3	fcvt.w.s	x31,f9	  f9:0x7fc00000 x31=0x7fffffff
     389615.000 ns	     38960	800080ac	03d318b3	mulh	x17,x6,x29	  x6:0x00000000 x29:0x00000008 x17=0x00000000
     389635.000 ns	     38962	800080b0	00fffa33	and	x20,x31,x15	 x31:0x7fffffff x15:0x00000000 x20=0x00000000
     389645.000 ns	     38963	800080b4	010ad993	srli	x19,x21,0x10	 x21:0xfff002dd x19=0x0000fff0
     389665.000 ns	     38965	800080b8	289990d3	fmax.s	f1,f19,f9	 f19:0xffc00000  f9:0x7fc00000  f1=0x7fc00000
     389685.000 ns	     38967	800080bc	01b48033	add	x0,x9,x27	  x9:0x00000001 x27:0xb0c45fa7
     389705.000 ns	     38969	800080c0	c01cc1d3	fcvt.wu.s	x3,f25	 f25:0x00000000  x3=0x00000000
     389735.000 ns	     38972	800080c4	e00683d3	fmv.x.w	x7,f13	 f13:0xc2800000  x7=0xc2800000
     389755.000 ns	     38974	800080c8	bac9e913	ori	x18,x19,-1108	 x19:0x0000fff0 x18=0xfffffffc
     389775.000 ns	     38976	800080cc	e00f0e53	fmv.x.w	x28,f30	 f30:0x7fc00000 x28=0x7fc00000
     389795.000 ns	     38978	800080d0	a7b5ea13	ori	x20,x11,-1413	 x11:0x00000000 x20=0xfffffa7b
     389805.000 ns	     38979	800080d4	40dfdb33	sra	x22,x31,x13	 x31:0x7fffffff x13:0x00000000 x22=0x7fffffff
     389815.000 ns	     38980	800080d8	001a5d13	srli	x26,x20,0x1	 x20:0x00000000 x26=0x7ffffd3d
     389825.000 ns	     38981	800080dc	002604b3	add	x9,x12,x2	 x12:0x3d8002dd  x2:0x80040fe4  x9=0xbd8412c1
     389835.000 ns	     38982	800080e0	007083b3	add	x7,x1,x7	  x1:0x00000001  x7:0xc2800000  x7=0xc2800001
     389845.000 ns	     38983	800080e4	ba056b97	auipc	x23,0xba056	 x23=0x3a05e0e4
     389865.000 ns	     38985	800080e8	21daa7d3	fsgnjx.s	f15,f21,f29	 f21:0x4e76000c f29:0x00000000 f15=0x4e76000c
     389895.000 ns	     38988	800080ec	21880cd3	fsgnj.s	f25,f16,f24	 f16:0xc2f80000 f24:0x7f800000 f25=0x42f80000
     389915.000 ns	     38990	800080f0	bf8dae37	lui	x28,0xbf8da	 x28=0xbf8da000
     389925.000 ns	     38991	800080f4	01520933	add	x18,x4,x21	  x4:0x4de52000 x21:0xfff002dd x18=0x4dd522dd
     389945.000 ns	     38993	800080f8	c0022453	fcvt.w.s	x8,f4	  f4:0x42f80000  x8=0x0000007c
     389975.000 ns	     38996	800080fc	d001add3	fcvt.s.w	f27,x3	  x3:0x00000000 f27=0x00000000
     389995.000 ns	     38998	80008100	62c1a913	slti	x18,x3,1580	  x3:0x00000000 x18=0x00000001
     390035.000 ns	     39002	80008104	004c31d3	fadd.s	f3,f24,f4	 f24:0x7f800000  f4:0x42f80000  f3=0x7f800000
     390065.000 ns	     39005	80008108	e0000e53	fmv.x.w	x28,f0	  f0:0xff800000 x28=0xff800000
     390085.000 ns	     39007	8000810c	01f8f333	and	x6,x17,x31	 x17:0x00000000 x31:0x7fffffff  x6=0x00000000
     390105.000 ns	     39009	80008110	a06503d3	fle.s	x7,f10,f6	 f10:0x00000000  f6:0x7fc00000  x7=0x00000000
     390125.000 ns	     39011	80008114	43400b37	lui	x22,0x43400	 x22=0x43400000
     390145.000 ns	     39013	80008118	a10818d3	flt.s	x17,f16,f16	 f16:0xc2f80000 f16:0xc2f80000 x17=0x00000000
     390175.000 ns	     39016	8000811c	29c28553	fmin.s	f10,f5,f28	  f5:0x00000043 f28:0x80040fe4 f10=0x80040fe4
     390205.000 ns	     39019	80008120	0259b6b3	mulhu	x13,x19,x5	 x19:0x0000fff0  x5:0x00000000 x13=0x00000000
     390225.000 ns	     39021	80008124	22c0c893	xori	x17,x1,556	  x1:0x00000001 x17=0x0000022d
     390255.000 ns	     39024	80008128	10e0f953	fmul.s	f18,f1,f14	  f1:0x7fc00000 f14:0x80000000 f18=0x7fc00000
     390305.000 ns	     39029	8000812c	0896a453	fsub.s	f8,f13,f9	 f13:0xc2800000  f9:0x7fc00000  f8=0x7fc00000
     390355.000 ns	     39034	80008130	0131f1d3	fadd.s	f3,f3,f19	  f3:0x7f800000 f19:0xffc00000  f3=0x7fc00000
     390385.000 ns	     39037	80008134	216a97d3	fsgnjn.s	f15,f21,f22	 f21:0x4e76000c f22:0x80040fe4 f15=0x4e76000c
     390425.000 ns	     39041	80008138	5803ccd3	fsqrt.s	f25,f7	  f7:0xc0000000 f25=0x7fc00000
     390445.000 ns	     39043	8000813c	0036d613	srli	x12,x13,0x3	 x13:0x00000000 x12=0x00000000
     390465.000 ns	     39045	80008140	20178e53	fsgnj.s	f28,f15,f1	 f15:0x4e76000c  f1:0x7fc00000 f28=0x4e76000c
     390485.000 ns	     39047	80008144	417ed5b3	sra	x11,x29,x23	 x29:0x00000008 x23:0x3a05e0e4 x11=0x00000000
     390505.000 ns	     39049	80008148	d004aa53	fcvt.s.w	f20,x9	  x9:0xbd8412c1 f20=0xce84f7db
     390525.000 ns	     39051	8000814c	00e3e333	or	x6,x7,x14	  x7:0x00000000 x14:0x80041024  x6=0x80041024
     390535.000 ns	     39052	80008150	3e7e8913	addi	x18,x29,999	 x29:0x00000008 x18=0x000003ef
     390575.000 ns	     39056	80008154	009d74d3	fadd.s	f9,f26,f9	 f26:0x00000000  f9:0x7fc00000  f9=0x7fc00000
     390595.000 ns	     39058	80008158	93ec4213	xori	x4,x24,-1730	 x24:0x00000001  x4=0xfffff93f
     390615.000 ns	     39060	8000815c	203d0e53	fsgnj.s	f28,f26,f3	 f26:0x00000000  f3:0x7fc00000 f28=0x00000000
     390635.000 ns	     39062	80008160	405d5193	srai	x3,x26,0x5	 x26:0x7ffffd3d  x3=0x03ffffe9
     390665.000 ns	     39065	80008164	10799353	fmul.s	f6,f19,f7	 f19:0xffc00000  f7:0xc0000000  f6=0x7fc00000
     390685.000 ns	     39067	80008168	41b8d7b3	sra	x15,x17,x27	 x17:0x0000022d x27:0xb0c45fa7 x15=0x00000004
     390695.000 ns	     39068	8000816c	01c10cb3	add	x25,x2,x28	  x2:0x80040fe4 x28:0xff800000 x25=0x7f840fe4
     390725.000 ns	     39071	80008170	19ba03d3	fdiv.s	f7,f20,f27	 f20:0xce84f7db f27:0x00000000  f7=0xff800000
     390755.000 ns	     39074	80008174	215ca853	fsgnjx.s	f16,f25,f21	 f25:0x7fc00000 f21:0x4e76000c f16=0x7fc00000
     390775.000 ns	     39076	80008178	4119da33	sra	x20,x19,x17	 x19:0x0000fff0 x17:0x0000022d x20=0x00000007
     390795.000 ns	     39078	8000817c	027ad033	divu	x0,x21,x7	 x21:0xfff002dd  x7:0x00000000
     390835.000 ns	     39082	80008180	18f47453	fdiv.s	f8,f8,f15	  f8:0x7fc00000 f15:0x4e76000c  f8=0x7fc00000
     390855.000 ns	     39084	80008184	00cbf233	and	x4,x23,x12	 x23:0x3a05e0e4 x12:0x00000000  x4=0x00000000
     390865.000 ns	     39085	80008188	019f0633	add	x12,x30,x25	 x30:0x000005de x25:0x7f840fe4 x12=0x7f8415c2
     390875.000 ns	     39086	8000818c	00000013	addi	x0,x0,0	  x0:0x00000000
     390895.000 ns	     39088	80008190	a0dd21d3	feq.s	x3,f26,f13	 f26:0x00000000 f13:0xc2800000  x3=0x00000000
     390915.000 ns	     39090	80008194	00000013	addi	x0,x0,0	  x0:0x00000000
     390935.000 ns	     39092	80008198	027d9933	mulh	x18,x27,x7	 x27:0xb0c45fa7  x7:0x00000000 x18=0x00000000
     390975.000 ns	     39096	8000819c	185e3453	fdiv.s	f8,f28,f5	 f28:0x00000000  f5:0x00000043  f8=0x00000000
     390995.000 ns	     39098	800081a0	015ff3b3	and	x7,x31,x21	 x31:0x7fffffff x21:0xfff002dd  x7=0x7ff002dd
     391005.000 ns	     39099	800081a4	844ed697	auipc	x13,0x844ed	 x13=0x044f51a4
     391015.000 ns	     39100	800081a8	00000013	addi	x0,x0,0	  x0:0x00000000
     391025.000 ns	     39101	800081ac	4ea10c97	auipc	x25,0x4ea10	 x25=0xcea181ac
     391045.000 ns	     39103	800081b0	0200a233	mulhsu	x4,x1,x0	  x1:0x00000001  x0:0x00000000  x4=0x00000000
     391065.000 ns	     39105	800081b4	4028d633	sra	x12,x17,x2	 x17:0x0000022d  x2:0x80040fe4 x12=0x00000022
     391075.000 ns	     39106	800081b8	009c5593	srli	x11,x24,0x9	 x24:0x00000001 x11=0x00000000
     391095.000 ns	     39108	800081bc	c010cd53	fcvt.wu.s	x26,f1	  f1:0x7fc00000 x26=0xffffffff
     391125.000 ns	     39111	800081c0	21309ad3	fsgnjn.s	f21,f1,f19	  f1:0x7fc00000 f19:0xffc00000 f21=0x7fc00000
     391155.000 ns	     39114	800081c4	21ca2053	fsgnjx.s	f0,f20,f28	 f20:0xce84f7db f28:0x00000000  f0=0xce84f7db
     391185.000 ns	     39117	800081c8	03e6b7b3	mulhu	x15,x13,x30	 x13:0x044f51a4 x30:0x000005de x15=0x00000019
     391205.000 ns	     39119	800081cc	40ec09b3	sub	x19,x24,x14	 x24:0x00000001 x14:0x80041024 x19=0x7ffbefdd
     391215.000 ns	     39120	800081d0	010cabb3	slt	x23,x25,x16	 x25:0xcea181ac x16:0x00000004 x23=0x00000001
     391225.000 ns	     39121	800081d4	0001cd33	xor	x26,x3,x0	  x3:0x00000000  x0:0x00000000 x26=0x00000000
     391235.000 ns	     39122	800081d8	403b5093	srai	x1,x22,0x3	 x22:0x43400000  x1=0x08680000
     391275.000 ns	     39126	800081dc	009aa4d3	fadd.s	f9,f21,f9	 f21:0x7fc00000  f9:0x7fc00000  f9=0x7fc00000
     391305.000 ns	     39129	800081e0	02305eb3	divu	x29,x0,x3	  x0:0x00000000  x3:0x00000000 x29=0xffffffff
     391335.000 ns	     39132	800081e4	216484d3	fsgnj.s	f9,f9,f22	  f9:0x7fc00000 f22:0x80040fe4  f9=0xffc00000
     391385.000 ns	     39137	800081e8	081eb553	fsub.s	f10,f29,f1	 f29:0x00000000  f1:0x7fc00000 f10=0x7fc00000
     391405.000 ns	     39139	800081ec	00b167b3	or	x15,x2,x11	  x2:0x80040fe4 x11:0x00000000 x15=0x80040fe4
     391425.000 ns	     39141	800081f0	a0df9453	flt.s	x8,f31,f13	 f31:0x7fc00000 f13:0xc2800000  x8=0x00000000
     391445.000 ns	     39143	800081f4	e40fb517	auipc	x10,0xe40fb	 x10=0x641031f4
     391455.000 ns	     39144	800081f8	291e3217	auipc	x4,0x291e3	  x4=0xa91eb1f8
     391475.000 ns	     39146	800081fc	a0640b53	fle.s	x22,f8,f6	  f8:0x00000000  f6:0x7fc00000 x22=0x00000000
     391505.000 ns	     39149	80008200	02258d33	mul	x26,x11,x2	 x11:0x00000000  x2:0x80040fe4 x26=0x00000000
     391535.000 ns	     39152	80008204	e0080dd3	fmv.x.w	x27,f16	 f16:0x7fc00000 x27=0x7fc00000
     391905.000 ns	     39189	80008208	021ed6b3	divu	x13,x29,x1	 x29:0xffffffff  x1:0x08680000 x13=0x0000001e
     391945.000 ns	     39193	8000820c	10547153	fmul.s	f2,f8,f5	  f8:0x00000000  f5:0x00000043  f2=0x00000000
     391995.000 ns	     39198	80008210	009973d3	fadd.s	f7,f18,f9	 f18:0x7fc00000  f9:0xffc00000  f7=0x7fc00000
     392025.000 ns	     39201	80008214	215493d3	fsgnjn.s	f7,f9,f21	  f9:0xffc00000 f21:0x7fc00000  f7=0xffc00000
     392055.000 ns	     39204	80008218	a08c15d3	flt.s	x11,f24,f8	 f24:0x7f800000  f8:0x00000000 x11=0x00000000
     392075.000 ns	     39206	8000821c	d78ed8b7	lui	x17,0xd78ed	 x17=0xd78ed000
     392085.000 ns	     39207	80008220	7c164913	xori	x18,x12,1985	 x12:0x00000022 x18=0x000007e3
     392105.000 ns	     39209	80008224	c010fad3	fcvt.wu.s	x21,f1	  f1:0x7fc00000 x21=0xffffffff
     392135.000 ns	     39212	80008228	21112f53	fsgnjx.s	f30,f2,f17	  f2:0x00000000 f17:0x80000000 f30=0x80000000
     392165.000 ns	     39215	8000822c	20d18753	fsgnj.s	f14,f3,f13	  f3:0x7fc00000 f13:0xc2800000 f14=0xffc00000
     392195.000 ns	     39218	80008230	02973eb3	mulhu	x29,x14,x9	 x14:0x80041024  x9:0xbd8412c1 x29=0x5ec50b63
     392215.000 ns	     39220	80008234	0aa7ff13	andi	x30,x15,170	 x15:0x80040fe4 x30=0x000000a0
     392235.000 ns	     39222	80008238	d0047353	fcvt.s.w	f6,x8	  x8:0x00000000  f6=0x00000000
     392255.000 ns	     39224	8000823c	de9ff593	andi	x11,x31,-535	 x31:0x7fffffff x11=0x7ffffde9
     392265.000 ns	     39225	80008240	1c8d4c13	xori	x24,x26,456	 x26:0x00000000 x24=0x000001c8
     392285.000 ns	     39227	80008244	a1632bd3	feq.s	x23,f6,f22	  f6:0x00000000 f22:0x80040fe4 x23=0x00000000
     392305.000 ns	     39229	80008248	41d2d7b3	sra	x15,x5,x29	  x5:0x00000000 x29:0x5ec50b63 x15=0x00000000
     392315.000 ns	     39230	8000824c	79c12e13	slti	x28,x2,1948	  x2:0x80040fe4 x28=0x00000001
     392325.000 ns	     39231	80008250	0e888413	addi	x8,x17,232	 x17:0xd78ed000  x8=0xd78ed0e8
     392335.000 ns	     39232	80008254	01bc26b3	slt	x13,x24,x27	 x24:0x000001c8 x27:0x7fc00000 x13=0x00000001
     392375.000 ns	     39236	80008258	00fd7fd3	fadd.s	f31,f26,f15	 f26:0x00000000 f15:0x4e76000c f31=0x4e76000c
     392415.000 ns	     39240	8000825c	189afdd3	fdiv.s	f27,f21,f9	 f21:0x7fc00000  f9:0xffc00000 f27=0x7fc00000
     392435.000 ns	     39242	80008260	018b9e33	sll	x28,x23,x24	 x23:0x00000000 x24:0x000001c8 x28=0x00000000
     392445.000 ns	     39243	80008264	011b46b3	xor	x13,x22,x17	 x22:0x00000000 x17:0xd78ed000 x13=0xd78ed000
     392465.000 ns	     39245	80008268	e00a01d3	fmv.x.w	x3,f20	 f20:0xce84f7db  x3=0xce84f7db
     392495.000 ns	     39248	8000826c	e00588d3	fmv.x.w	x17,f11	 f11:0x7fc00000 x17=0x7fc00000
     392515.000 ns	     39250	80008270	40a90433	sub	x8,x18,x10	 x18:0x000007e3 x10:0x641031f4  x8=0x9befd5ef
     392535.000 ns	     39252	80008274	e00a9053	fclass.s	x0,f21	 f21:0x7fc00000
     392555.000 ns	     39254	80008278	41b889b3	sub	x19,x17,x27	 x17:0x7fc00000 x27:0x7fc00000 x19=0x00000000
     392585.000 ns	     39257	8000827c	187b7353	fdiv.s	f6,f22,f7	 f22:0x80040fe4  f7:0xffc00000  f6=0x7fc00000
     392605.000 ns	     39259	80008280	011a88b3	add	x17,x21,x17	 x21:0xffffffff x17:0x7fc00000 x17=0x7fbfffff
     392635.000 ns	     39262	80008284	102e4853	fmul.s	f16,f28,f2	 f28:0x00000000  f2:0x00000000 f16=0x00000000
     392655.000 ns	     39264	80008288	00000013	addi	x0,x0,0	  x0:0x00000000
     392675.000 ns	     39266	8000828c	034fae33	mulhsu	x28,x31,x20	 x31:0x7fffffff x20:0x00000007 x28=0x00000003
     392695.000 ns	     39268	80008290	c5ddd197	auipc	x3,0xc5ddd	  x3=0x45de5290
     392715.000 ns	     39270	80008294	f0088b53	fmv.w.x	f22,x17	 x17:0x7fbfffff f22=0x7fbfffff
     392735.000 ns	     39272	80008298	01ce11b3	sll	x3,x28,x28	 x28:0x00000003 x28:0x00000003  x3=0x00000018
     392745.000 ns	     39273	8000829c	00041cb3	sll	x25,x8,x0	  x8:0x9befd5ef  x0:0x00000000 x25=0x9befd5ef
     392765.000 ns	     39275	800082a0	c00945d3	fcvt.w.s	x11,f18	 f18:0x7fc00000 x11=0x7fffffff
     392785.000 ns	     39277	800082a4	0160c8b3	xor	x17,x1,x22	  x1:0x08680000 x22:0x00000000 x17=0x08680000
     392795.000 ns	     39278	800082a8	41885b33	sra	x22,x16,x24	 x16:0x00000004 x24:0x000001c8 x22=0x00000000
     392835.000 ns	     39282	800082ac	0999f653	fsub.s	f12,f19,f25	 f19:0xffc00000 f25:0x7fc00000 f12=0x7fc00000
     392855.000 ns	     39284	800082b0	00c79293	slli	x5,x15,0xc	 x15:0x00000000  x5=0x00000000
     392875.000 ns	     39286	800082b4	215419d3	fsgnjn.s	f19,f8,f21	  f8:0x00000000 f21:0x7fc00000 f19=0x80000000
     392895.000 ns	     39288	800082b8	90ed1f17	auipc	x30,0x90ed1	 x30=0x10ed92b8
     392905.000 ns	     39289	800082bc	4139d493	srai	x9,x19,0x13	 x19:0x00000000  x9=0x00000000
     392925.000 ns	     39291	800082c0	29800c53	fmin.s	f24,f0,f24	  f0:0xce84f7db f24:0x7f800000 f24=0xce84f7db
     392955.000 ns	     39294	800082c4	f0098c53	fmv.w.x	f24,x19	 x19:0x00000000 f24=0x00000000
     392985.000 ns	     39297	800082c8	21f60ed3	fsgnj.s	f29,f12,f31	 f12:0x7fc00000 f31:0x4e76000c f29=0x7fc00000
     393005.000 ns	     39299	800082cc	013836b3	sltu	x13,x16,x19	 x16:0x00000004 x19:0x00000000 x13=0x00000000
     393015.000 ns	     39300	800082d0	98857f93	andi	x31,x10,-1656	 x10:0x641031f4 x31=0x64103180
     393025.000 ns	     39301	800082d4	3574de97	auipc	x29,0x3574d	 x29=0xb57552d4
     393065.000 ns	     39305	800082d8	00f21dd3	fadd.s	f27,f4,f15	  f4:0x42f80000 f15:0x4e76000c f27=0x4e76000d
     393105.000 ns	     39309	800082dc	115ba0d3	fmul.s	f1,f23,f21	 f23:0xc2800000 f21:0x7fc00000  f1=0x7fc00000
     394285.000 ns	     39427	800082e0	580f85d3	fsqrt.s	f11,f31	 f31:0x4e76000c f11=0x46adf2ab
     394315.000 ns	     39430	800082e4	032325b3	mulhsu	x11,x6,x18	  x6:0x80041024 x18:0x000007e3 x11=0xfffffc0e
     394335.000 ns	     39432	800082e8	400fdb13	srai	x22,x31,0x0	 x31:0x64103180 x22=0x64103180
     394375.000 ns	     39436	800082ec	0170f653	fadd.s	f12,f1,f23	  f1:0x7fc00000 f23:0xc2800000 f12=0x7fc00000
     394395.000 ns	     39438	800082f0	019adf13	srli	x30,x21,0x19	 x21:0xffffffff x30=0x0000007f
     394415.000 ns	     39440	800082f4	c00615d3	fcvt.w.s	x11,f12	 f12:0x7fc00000 x11=0x7fffffff
     394785.000 ns	     39477	800082f8	03624633	div	x12,x4,x22	  x4:0xa91eb1f8 x22:0x64103180 x12=0x00000000
     394815.000 ns	     39480	800082fc	033fa633	mulhsu	x12,x31,x19	 x31:0x64103180 x19:0x00000000 x12=0x00000000
     394835.000 ns	     39482	80008300	0032e033	or	x0,x5,x3	  x5:0x00000000  x3:0x00000018
     394845.000 ns	     39483	80008304	71a3f693	andi	x13,x7,1818	  x7:0x7ff002dd x13=0x00000218
     394855.000 ns	     39484	80008308	40465d93	srai	x27,x12,0x4	 x12:0x00000000 x27=0x00000000
     394865.000 ns	     39485	8000830c	41d25db3	sra	x27,x4,x29	  x4:0xa91eb1f8 x29:0xb57552d4 x27=0xfffffa91
     394875.000 ns	     39486	80008310	6edb0613	addi	x12,x22,1773	 x22:0x64103180 x12=0x6410386d
     394895.000 ns	     39488	80008314	023420b3	mulhsu	x1,x8,x3	  x8:0x9befd5ef  x3:0x00000018  x1=0xfffffff6
     394925.000 ns	     39491	80008318	02999db3	mulh	x27,x19,x9	 x19:0x00000000  x9:0x00000000 x27=0x00000000
     394945.000 ns	     39493	8000831c	b377b013	sltiu	x0,x15,-1225	 x15:0x00000000
     394955.000 ns	     39494	80008320	871a8e93	addi	x29,x21,-1935	 x21:0xffffffff x29=0xfffff870
     394965.000 ns	     39495	80008324	01896b33	or	x22,x18,x24	 x18:0x000007e3 x24:0x000001c8 x22=0x000007eb
     395325.000 ns	     39531	80008328	03c37333	remu	x6,x6,x28	  x6:0x80041024 x28:0x00000003  x6=0x00000001
     395695.000 ns	     39568	8000832c	03f84533	div	x10,x16,x31	 x16:0x00000004 x31:0x64103180 x10=0x00000000
     395725.000 ns	     39571	80008330	036487b3	mul	x15,x9,x22	  x9:0x00000000 x22:0x000007eb x15=0x00000000
     395755.000 ns	     39574	80008334	03bf9933	mulh	x18,x31,x27	 x31:0x64103180 x27:0x00000000 x18=0x00000000
     395775.000 ns	     39576	80008338	015a8533	add	x10,x21,x21	 x21:0xffffffff x21:0xffffffff x10=0xfffffffe
     395785.000 ns	     39577	8000833c	00871a13	slli	x20,x14,0x8	 x14:0x80041024 x20=0x04102400
     395805.000 ns	     39579	80008340	03930eb3	mul	x29,x6,x25	  x6:0x00000001 x25:0x9befd5ef x29=0x9befd5ef
     395825.000 ns	     39581	80008344	db2b7c93	andi	x25,x22,-590	 x22:0x000007eb x25=0x000005a2
     395835.000 ns	     39582	80008348	01e09db3	sll	x27,x1,x30	  x1:0xfffffff6 x30:0x0000007f x27=0x00000000
     395855.000 ns	     39584	8000834c	d002f153	fcvt.s.w	f2,x5	  x5:0x00000000  f2=0x00000000
     396225.000 ns	     39621	80008350	023150b3	divu	x1,x2,x3	  x2:0x80040fe4  x3:0x00000018  x1=0x055580a9
     396255.000 ns	     39624	80008354	c01d7cd3	fcvt.wu.s	x25,f26	 f26:0x00000000 x25=0x00000000
     396275.000 ns	     39626	80008358	013f0eb3	add	x29,x30,x19	 x30:0x0000007f x19:0x00000000 x29=0x0000007f
     396285.000 ns	     39627	8000835c	418252b3	sra	x5,x4,x24	  x4:0xa91eb1f8 x24:0x000001c8  x5=0xffa91eb1
     396645.000 ns	     39663	80008360	031d7933	remu	x18,x26,x17	 x26:0x00000000 x17:0x08680000 x18=0x00000000
     396665.000 ns	     39665	80008364	0067f2b3	and	x5,x15,x6	 x15:0x00000000  x6:0x00000001  x5=0x00000000
     396695.000 ns	     39668	80008368	18d91553	fdiv.s	f10,f18,f13	 f18:0x7fc00000 f13:0xc2800000 f10=0x7fc00000
     396715.000 ns	     39670	8000836c	00ced013	srli	x0,x29,0xc	 x29:0x0000007f
     396725.000 ns	     39671	80008370	00e554b3	srl	x9,x10,x14	 x10:0xfffffffe x14:0x80041024  x9=0x0fffffff
     396745.000 ns	     39673	80008374	e0041a53	fclass.s	x20,f8	  f8:0x00000000 x20=0x00000010
     396765.000 ns	     39675	80008378	000add93	srli	x27,x21,0x0	 x21:0xffffffff x27=0xffffffff
     396785.000 ns	     39677	8000837c	203528d3	fsgnjx.s	f17,f10,f3	 f10:0x7fc00000  f3:0x7fc00000 f17=0x7fc00000
     397155.000 ns	     39714	80008380	023bdb33	divu	x22,x23,x3	 x23:0x00000000  x3:0x00000018 x22=0x00000000
     397525.000 ns	     39751	80008384	027876b3	remu	x13,x16,x7	 x16:0x00000004  x7:0x7ff002dd x13=0x00000004
     397555.000 ns	     39754	80008388	e0028d53	fmv.x.w	x26,f5	  f5:0x00000043 x26=0x00000043
     397595.000 ns	     39758	8000838c	18c60bd3	fdiv.s	f23,f12,f12	 f12:0x7fc00000 f12:0x7fc00000 f23=0x7fc00000
     397625.000 ns	     39761	80008390	035c2433	mulhsu	x8,x24,x21	 x24:0x000001c8 x21:0xffffffff  x8=0x000001c7
     397655.000 ns	     39764	80008394	210716d3	fsgnjn.s	f13,f14,f16	 f14:0xffc00000 f16:0x00000000 f13=0xffc00000
     397695.000 ns	     39768	80008398	185971d3	fdiv.s	f3,f18,f5	 f18:0x7fc00000  f5:0x00000043  f3=0x7fc00000
     398065.000 ns	     39805	8000839c	02c64633	div	x12,x12,x12	 x12:0x6410386d x12:0x6410386d x12=0x00000001
     398095.000 ns	     39808	800083a0	29f182d3	fmin.s	f5,f3,f31	  f3:0x7fc00000 f31:0x4e76000c  f5=0x4e76000c
     398135.000 ns	     39812	800083a4	117ef4d3	fmul.s	f9,f29,f23	 f29:0x7fc00000 f23:0x7fc00000  f9=0x7fc00000
     398165.000 ns	     39815	800083a8	c01bf2d3	fcvt.wu.s	x5,f23	 f23:0x7fc00000  x5=0xffffffff
     398185.000 ns	     39817	800083ac	4037dfb3	sra	x31,x15,x3	 x15:0x00000000  x3:0x00000018 x31=0x00000000
     398195.000 ns	     39818	800083b0	4ee70913	addi	x18,x14,1262	 x14:0x80041024 x18=0x80041512
     398205.000 ns	     39819	800083b4	3a2cad93	slti	x27,x25,930	 x25:0x00000000 x27=0x00000001
     398235.000 ns	     39822	800083b8	1182fd53	fmul.s	f26,f5,f24	  f5:0x4e76000c f24:0x00000000 f26=0x00000000
     398255.000 ns	     39824	800083bc	ca2bbab7	lui	x21,0xca2bb	 x21=0xca2bb000
     398265.000 ns	     39825	800083c0	40425493	srai	x9,x4,0x4	  x4:0xa91eb1f8  x9=0xfa91eb1f
     398275.000 ns	     39826	800083c4	01713eb3	sltu	x29,x2,x23	  x2:0x80040fe4 x23:0x00000000 x29=0x00000000
     398285.000 ns	     39827	800083c8	003abe33	sltu	x28,x21,x3	 x21:0xca2bb000  x3:0x00000018 x28=0x00000000
     398305.000 ns	     39829	800083cc	0255b033	mulhu	x0,x11,x5	 x11:0x7fffffff  x5:0xffffffff
     398675.000 ns	     39866	800083d0	02cff233	remu	x4,x31,x12	 x31:0x00000000 x12:0x00000001  x4=0x00000000
     398695.000 ns	     39868	800083d4	00c4da13	srli	x20,x9,0xc	  x9:0xfa91eb1f x20=0x000fa91e
     398705.000 ns	     39869	800083d8	3445fe13	andi	x28,x11,836	 x11:0x7fffffff x28=0x00000344
     398725.000 ns	     39871	800083dc	21741d53	fsgnjn.s	f26,f8,f23	  f8:0x00000000 f23:0x7fc00000 f26=0x80000000
     398745.000 ns	     39873	800083e0	011d59b3	srl	x19,x26,x17	 x26:0x00000043 x17:0x08680000 x19=0x00000043
     398755.000 ns	     39874	800083e4	0080dc33	srl	x24,x1,x8	  x1:0x055580a9  x8:0x000001c7 x24=0x000aab01
     399115.000 ns	     39910	800083e8	03a9f4b3	remu	x9,x19,x26	 x19:0x00000000 x26:0x00000043  x9=0x00000000
     399485.000 ns	     39947	800083ec	0221e6b3	rem	x13,x3,x2	  x3:0x00000018  x2:0x80040fe4 x13=0x00000018
     399505.000 ns	     39949	800083f0	00000013	addi	x0,x0,0	  x0:0x00000000
     399515.000 ns	     39950	800083f4	0153d993	srli	x19,x7,0x15	  x7:0x7ff002dd x19=0x000003ff
     399525.000 ns	     39951	800083f8	3b58cf93	xori	x31,x17,949	 x17:0x08680000 x31=0x086803b5
     399565.000 ns	     39955	800083fc	093bb353	fsub.s	f6,f23,f19	 f23:0x7fc00000 f19:0x80000000  f6=0x7fc00000
     399585.000 ns	     39957	80008400	0148eab3	or	x21,x17,x20	 x17:0x08680000 x20:0x000fa91e x21=0x086fa91e
     399595.000 ns	     39958	80008404	018cf5b3	and	x11,x25,x24	 x25:0x00000000 x24:0x000aab01 x11=0x00000000
     399615.000 ns	     39960	80008408	0362bf33	mulhu	x30,x5,x22	  x5:0xffffffff x22:0x00000000 x30=0x00000000
     399635.000 ns	     39962	8000840c	81020213	addi	x4,x4,-2032	  x4:0x00000000  x4=0xfffff810
     399645.000 ns	     39963	80008410	01dcd433	srl	x8,x25,x29	 x25:0x00000000 x29:0x00000000  x8=0x00000000
     399685.000 ns	     39967	80008414	002affd3	fadd.s	f31,f21,f2	 f21:0x7fc00000  f2:0x00000000 f31=0x7fc00000
     399705.000 ns	     39969	80008418	01aaea33	or	x20,x21,x26	 x21:0x086fa91e x26:0x00000043 x20=0x086fa95f
     399725.000 ns	     39971	8000841c	c018f9d3	fcvt.wu.s	x19,f17	 f17:0x7fc00000 x19=0xffffffff
     399745.000 ns	     39973	80008420	ce410a13	addi	x20,x2,-796	  x2:0x80040fe4 x20=0x80040cc8
     399765.000 ns	     39975	80008424	e00b0ed3	fmv.x.w	x29,f22	 f22:0x7fbfffff x29=0x7fbfffff
     399785.000 ns	     39977	80008428	00b9c333	xor	x6,x19,x11	 x19:0xffffffff x11:0x00000000  x6=0xffffffff
     399805.000 ns	     39979	8000842c	a18c17d3	flt.s	x15,f24,f24	 f24:0x00000000 f24:0x00000000 x15=0x00000000
     399825.000 ns	     39981	80008430	1c3bc693	xori	x13,x23,451	 x23:0x00000000 x13=0x000001c3
     399845.000 ns	     39983	80008434	21201253	fsgnjn.s	f4,f0,f18	  f0:0xce84f7db f18:0x7fc00000  f4=0xce84f7db
     399885.000 ns	     39987	80008438	114a7153	fmul.s	f2,f20,f20	 f20:0xce84f7db f20:0xce84f7db  f2=0x5d8a2114
     399905.000 ns	     39989	8000843c	003f80b3	add	x1,x31,x3	 x31:0x086803b5  x3:0x00000018  x1=0x086803cd
     399935.000 ns	     39992	80008440	110cc253	fmul.s	f4,f25,f16	 f25:0x7fc00000 f16:0x00000000  f4=0x7fc00000
     399965.000 ns	     39995	80008444	209e86d3	fsgnj.s	f13,f29,f9	 f29:0x7fc00000  f9:0x7fc00000 f13=0x7fc00000
     399995.000 ns	     39998	80008448	d00e2153	fcvt.s.w	f2,x28	 x28:0x00000344  f2=0x44510000
     400025.000 ns	     40001	8000844c	2103a153	fsgnjx.s	f2,f7,f16	  f7:0xffc00000 f16:0x00000000  f2=0xffc00000
     400055.000 ns	     40004	80008450	02e58c33	mul	x24,x11,x14	 x11:0x00000000 x14:0x80041024 x24=0x00000000
     400085.000 ns	     40007	80008454	d019f153	fcvt.s.wu	f2,x19	 x19:0xffffffff  f2=0x4f7fffff
     400105.000 ns	     40009	80008458	deb06e13	ori	x28,x0,-533	  x0:0x00000000 x28=0xfffffdeb
     400115.000 ns	     40010	8000845c	01d89693	slli	x13,x17,0x1d	 x17:0x08680000 x13=0x00000000
     400125.000 ns	     40011	80008460	f2a22593	slti	x11,x4,-214	  x4:0xfffff810 x11=0x00000001
     400145.000 ns	     40013	80008464	a18b0fd3	fle.s	x31,f22,f24	 f22:0x7fbfffff f24:0x00000000 x31=0x00000000
     400185.000 ns	     40017	80008468	580184d3	fsqrt.s	f9,f3	  f3:0x7fc00000  f9=0x7fc00000
     400205.000 ns	     40019	8000846c	00f63933	sltu	x18,x12,x15	 x12:0x00000001 x15:0x00000000 x18=0x00000000
     400565.000 ns	     40055	80008470	03df52b3	divu	x5,x30,x29	 x30:0x00000000 x29:0x7fbfffff  x5=0x00000000
     400595.000 ns	     40058	80008474	299f0d53	fmin.s	f26,f30,f25	 f30:0x80000000 f25:0x7fc00000 f26=0x80000000
     400615.000 ns	     40060	80008478	5227e4b7	lui	x9,0x5227e	  x9=0x5227e000
     400635.000 ns	     40062	8000847c	038aea33	rem	x20,x21,x24	 x21:0x086fa91e x24:0x00000000 x20=0x086fa91e
     400655.000 ns	     40064	80008480	c919c193	xori	x3,x19,-879	 x19:0xffffffff  x3=0x0000036e
     400665.000 ns	     40065	80008484	01965d93	srli	x27,x12,0x19	 x12:0x00000001 x27=0x00000000
     400675.000 ns	     40066	80008488	f090c313	xori	x6,x1,-247	  x1:0x086803cd  x6=0xf797fcc4
     400695.000 ns	     40068	8000848c	020e3b33	mulhu	x22,x28,x0	 x28:0xfffffdeb  x0:0x00000000 x22=0x00000000
     400715.000 ns	     40070	80008490	01654cb3	xor	x25,x10,x22	 x10:0xfffffffe x22:0x00000000 x25=0xfffffffe
     400735.000 ns	     40072	80008494	a1ef2fd3	feq.s	x31,f30,f30	 f30:0x80000000 f30:0x80000000 x31=0x00000001
     400755.000 ns	     40074	80008498	a0a9b613	sltiu	x12,x19,-1526	 x19:0xffffffff x12=0x00000000
     400775.000 ns	     40076	8000849c	02c55633	divu	x12,x10,x12	 x10:0xfffffffe x12:0x00000001 x12=0xffffffff
     400805.000 ns	     40079	800084a0	20381753	fsgnjn.s	f14,f16,f3	 f16:0x00000000  f3:0x7fc00000 f14=0x80000000
     400835.000 ns	     40082	800084a4	03971233	mulh	x4,x14,x25	 x14:0x80041024 x25:0xfffffffe  x4=0x00000000
     400885.000 ns	     40087	800084a8	01388353	fadd.s	f6,f17,f19	 f17:0x7fc00000 f19:0x80000000  f6=0x7fc00000
     401255.000 ns	     40124	800084ac	03f26fb3	rem	x31,x4,x31	  x4:0x00000000 x31:0x00000001 x31=0x00000000
     401285.000 ns	     40127	800084b0	d018f553	fcvt.s.wu	f10,x17	 x17:0x08680000 f10=0x4d068000
     401315.000 ns	     40130	800084b4	a1cd1e53	flt.s	x28,f26,f28	 f26:0x80000000 f28:0x00000000 x28=0x00000000
     401345.000 ns	     40133	800084b8	f00989d3	fmv.w.x	f19,x19	 x19:0xffffffff f19=0xffffffff
     401385.000 ns	     40137	800084bc	197473d3	fdiv.s	f7,f8,f23	  f8:0x00000000 f23:0x7fc00000  f7=0x7fc00000
     401415.000 ns	     40140	800084c0	21a61053	fsgnjn.s	f0,f12,f26	 f12:0x7fc00000 f26:0x80000000  f0=0x7fc00000
     401445.000 ns	     40143	800084c4	f00809d3	fmv.w.x	f19,x16	 x16:0x00000004 f19=0x00000004
     401465.000 ns	     40145	800084c8	aea9a993	slti	x19,x19,-1302	 x19:0xffffffff x19=0x00000000
     401485.000 ns	     40147	800084cc	02228ab3	mul	x21,x5,x2	  x5:0x00000000  x2:0x80040fe4 x21=0x00000000
     401505.000 ns	     40149	800084d0	5568ec13	ori	x24,x17,1366	 x17:0x08680000 x24=0x08680556
     401515.000 ns	     40150	800084d4	67c73893	sltiu	x17,x14,1660	 x14:0x80041024 x17=0x00000000
     401525.000 ns	     40151	800084d8	009a8eb3	add	x29,x21,x9	 x21:0x00000000  x9:0x5227e000 x29=0x5227e000
     401545.000 ns	     40153	800084dc	a04fa053	feq.s	x0,f31,f4	 f31:0x7fc00000  f4:0x7fc00000
     401565.000 ns	     40155	800084e0	01be9913	slli	x18,x29,0x1b	 x29:0x7fbfffff x18=0x00000000
     401585.000 ns	     40157	800084e4	d01af1d3	fcvt.s.wu	f3,x21	 x21:0x00000000  f3=0x00000000
     401615.000 ns	     40160	800084e8	f0078ad3	fmv.w.x	f21,x15	 x15:0x00000000 f21=0x00000000
     401635.000 ns	     40162	800084ec	10e47e93	andi	x29,x8,270	  x8:0x00000000 x29=0x00000000
     401645.000 ns	     40163	800084f0	04b96913	ori	x18,x18,75	 x18:0x00000000 x18=0x0000004b
     401665.000 ns	     40165	800084f4	c011b9d3	fcvt.wu.s	x19,f3	  f3:0x00000000 x19=0x00000000
     401685.000 ns	     40167	800084f8	df0d6613	ori	x12,x26,-528	 x26:0x00000043 x12=0xfffffdf3
     401695.000 ns	     40168	800084fc	3151a413	slti	x8,x3,789	  x3:0x0000036e  x8=0x00000000
     401715.000 ns	     40170	80008500	29c51253	fmax.s	f4,f10,f28	 f10:0x4d068000 f28:0x00000000  f4=0x4d068000
     401735.000 ns	     40172	80008504	1e973913	sltiu	x18,x14,489	 x14:0x80041024 x18=0x00000000
     402095.000 ns	     40208	80008508	02cdc433	div	x8,x27,x12	 x27:0x00000000 x12:0xfffffdf3  x8=0x00000000
     402125.000 ns	     40211	8000850c	20622b53	fsgnjx.s	f22,f4,f6	  f4:0x4d068000  f6:0x7fc00000 f22=0x4d068000
     402145.000 ns	     40213	80008510	a13d1337	lui	x6,0xa13d1	  x6=0xa13d1000
     402155.000 ns	     40214	80008514	01291313	slli	x6,x18,0x12	 x18:0x00000000  x6=0x00000000
     402175.000 ns	     40216	80008518	292a05d3	fmin.s	f11,f20,f18	 f20:0xce84f7db f18:0x7fc00000 f11=0xce84f7db
     402205.000 ns	     40219	8000851c	a1b225d3	feq.s	x11,f4,f27	  f4:0x4d068000 f27:0x4e76000d x11=0x00000000
     402225.000 ns	     40221	80008520	01f638b3	sltu	x17,x12,x31	 x12:0xfffffdf3 x31:0x00000000 x17=0x00000000
     402245.000 ns	     40223	80008524	03ac2633	mulhsu	x12,x24,x26	 x24:0x08680556 x26:0x00000043 x12=0x00000002
     402265.000 ns	     40225	80008528	00701f33	sll	x30,x0,x7	  x0:0x00000000  x7:0x7ff002dd x30=0x00000000
     402285.000 ns	     40227	8000852c	d0093f53	fcvt.s.w	f30,x18	 x18:0x00000000 f30=0x00000000
     402305.000 ns	     40229	80008530	b80f0693	addi	x13,x30,-1152	 x30:0x00000000 x13=0xfffffb80
     402325.000 ns	     40231	80008534	e0000e53	fmv.x.w	x28,f0	  f0:0x7fc00000 x28=0x7fc00000
     402355.000 ns	     40234	80008538	0379e4b3	rem	x9,x19,x23	 x19:0x00000000 x23:0x00000000  x9=0x00000000
     402375.000 ns	     40236	8000853c	00975b33	srl	x22,x14,x9	 x14:0x80041024  x9:0x5227e000 x22=0x80041024
     402395.000 ns	     40238	80008540	20c02cd3	fsgnjx.s	f25,f0,f12	  f0:0x7fc00000 f12:0x7fc00000 f25=0x7fc00000
     402765.000 ns	     40275	80008544	02ab6cb3	rem	x25,x22,x10	 x22:0x00000000 x10:0xfffffffe x25=0x00000000
     402785.000 ns	     40277	80008548	00895093	srli	x1,x18,0x8	 x18:0x00000000  x1=0x00000000
     402805.000 ns	     40279	8000854c	02473633	mulhu	x12,x14,x4	 x14:0x80041024  x4:0x00000000 x12=0x00000000
     402835.000 ns	     40282	80008550	03c2a633	mulhsu	x12,x5,x28	  x5:0x00000000 x28:0x7fc00000 x12=0x00000000
     402855.000 ns	     40284	80008554	00099f33	sll	x30,x19,x0	 x19:0x00000000  x0:0x00000000 x30=0x00000000
     402865.000 ns	     40285	80008558	964bc017	auipc	x0,0x964bc	
     402905.000 ns	     40289	8000855c	00e52dd3	fadd.s	f27,f10,f14	 f10:0x4d068000 f14:0x80000000 f27=0x4d068000
     402925.000 ns	     40291	80008560	e135c993	xori	x19,x11,-493	 x11:0x00000000 x19=0xfffffe13
     402935.000 ns	     40292	80008564	400ad533	sra	x10,x21,x0	 x21:0x00000000  x0:0x00000000 x10=0x00000000
     402955.000 ns	     40294	80008568	28649153	fmax.s	f2,f9,f6	  f9:0x7fc00000  f6:0x7fc00000  f2=0x7fc00000
     402975.000 ns	     40296	8000856c	007d8ab3	add	x21,x27,x7	 x27:0x00000000  x7:0x7ff002dd x21=0x7ff002dd
     402985.000 ns	     40297	80008570	40d0d013	srai	x0,x1,0xd	  x1:0x00000000
     403005.000 ns	     40299	80008574	20ed1e53	fsgnjn.s	f28,f26,f14	 f26:0x80000000 f14:0x80000000 f28=0x00000000
     403025.000 ns	     40301	80008578	f19e0d93	addi	x27,x28,-231	 x28:0x7fc00000 x27=0x7fbfff19
     403045.000 ns	     40303	8000857c	038402b3	mul	x5,x8,x24	  x8:0x00000000 x24:0x08680556  x5=0x00000000
     403075.000 ns	     40306	80008580	03d5bfb3	mulhu	x31,x11,x29	 x11:0x00000000 x29:0x00000000 x31=0x00000000
     403105.000 ns	     40309	80008584	02738fb3	mul	x31,x7,x7	  x7:0x7ff002dd  x7:0x7ff002dd x31=0xa46832c9
     403125.000 ns	     40311	80008588	015a2233	slt	x4,x20,x21	 x20:0x086fa91e x21:0x7ff002dd  x4=0x00000001
     403135.000 ns	     40312	8000858c	0014e5b3	or	x11,x9,x1	  x9:0x00000000  x1:0x00000000 x11=0x00000000
     403155.000 ns	     40314	80008590	a0028f53	fle.s	x30,f5,f0	  f5:0x4e76000c  f0:0x7fc00000 x30=0x00000000
     403185.000 ns	     40317	80008594	02067ab3	remu	x21,x12,x0	 x12:0x00000000  x0:0x00000000 x21=0x00000000
     403225.000 ns	     40321	80008598	10387753	fmul.s	f14,f16,f3	 f16:0x00000000  f3:0x00000000 f14=0x00000000
     403255.000 ns	     40324	8000859c	29608e53	fmin.s	f28,f1,f22	  f1:0x7fc00000 f22:0x4d068000 f28=0x4d068000
     403275.000 ns	     40326	800085a0	016366b3	or	x13,x6,x22	  x6:0x00000000 x22:0x80041024 x13=0x80041024
     403315.000 ns	     40330	800085a4	08223053	fsub.s	f0,f4,f2	  f4:0x4d068000  f2:0x7fc00000  f0=0x7fc00000
     403345.000 ns	     40333	800085a8	e0030fd3	fmv.x.w	x31,f6	  f6:0x7fc00000 x31=0x7fc00000
     403375.000 ns	     40336	800085ac	0247ad33	mulhsu	x26,x15,x4	 x15:0x00000000  x4:0x00000001 x26=0x00000000
     403405.000 ns	     40339	800085b0	d0157153	fcvt.s.wu	f2,x10	 x10:0x00000000  f2=0x00000000
     403435.000 ns	     40342	800085b4	03786cb3	rem	x25,x16,x23	 x16:0x00000004 x23:0x00000000 x25=0x00000004
     403465.000 ns	     40345	800085b8	029d61b3	rem	x3,x26,x9	 x26:0x00000000  x9:0x00000000  x3=0x00000000
     403485.000 ns	     40347	800085bc	0111db93	srli	x23,x3,0x11	  x3:0x0000036e x23=0x00000000
     403495.000 ns	     40348	800085c0	58873693	sltiu	x13,x14,1416	 x14:0x80041024 x13=0x00000000
     403515.000 ns	     40350	800085c4	c00b9453	fcvt.w.s	x8,f23	 f23:0x7fc00000  x8=0x7fffffff
     403565.000 ns	     40355	800085c8	09f2ce53	fsub.s	f28,f5,f31	  f5:0x4e76000c f31:0x7fc00000 f28=0x7fc00000
     403605.000 ns	     40359	800085cc	1821f853	fdiv.s	f16,f3,f2	  f3:0x00000000  f2:0x00000000 f16=0x7fc00000
     403625.000 ns	     40361	800085d0	01b88533	add	x10,x17,x27	 x17:0x00000000 x27:0x7fbfff19 x10=0x7fbfff19
     403645.000 ns	     40363	800085d4	21cb9e53	fsgnjn.s	f28,f23,f28	 f23:0x7fc00000 f28:0x7fc00000 f28=0xffc00000
     403665.000 ns	     40365	800085d8	01afc633	xor	x12,x31,x26	 x31:0x7fc00000 x26:0x00000000 x12=0x7fc00000
     403705.000 ns	     40369	800085dc	08b24fd3	fsub.s	f31,f4,f11	  f4:0x4d068000 f11:0xce84f7db f31=0x4e95c7db
     403725.000 ns	     40371	800085e0	0041b333	sltu	x6,x3,x4	  x3:0x00000000  x4:0x00000001  x6=0x00000001
     403745.000 ns	     40373	800085e4	03b334b3	mulhu	x9,x6,x27	  x6:0x00000000 x27:0x7fbfff19  x9=0x00000000
     403765.000 ns	     40375	800085e8	741cad93	slti	x27,x25,1857	 x25:0x00000004 x27=0x00000001
     403785.000 ns	     40377	800085ec	c001cb53	fcvt.w.s	x22,f3	  f3:0x00000000 x22=0x00000000
     403815.000 ns	     40380	800085f0	03e6d9b3	divu	x19,x13,x30	 x13:0x00000000 x30:0x00000000 x19=0xffffffff
     403845.000 ns	     40383	800085f4	a0e98353	fle.s	x6,f19,f14	 f19:0x00000004 f14:0x00000000  x6=0x00000000
     403895.000 ns	     40388	800085f8	083411d3	fsub.s	f3,f8,f3	  f8:0x00000000  f3:0x00000000  f3=0x80000000
     403915.000 ns	     40390	800085fc	404f0e33	sub	x28,x30,x4	 x30:0x00000000  x4:0x00000001 x28=0xffffffff
     403935.000 ns	     40392	80008600	e0079a53	fclass.s	x20,f15	 f15:0x4e76000c x20=0x00000040
     403965.000 ns	     40395	80008604	a1fe03d3	fle.s	x7,f28,f31	 f28:0xffc00000 f31:0x4e95c7db  x7=0x00000000
     403985.000 ns	     40397	80008608	50a9f613	andi	x12,x19,1290	 x19:0xffffffff x12=0x0000050a
     403995.000 ns	     40398	8000860c	01dc0033	add	x0,x24,x29	 x24:0x08680556 x29:0x00000000
     404005.000 ns	     40399	80008610	f7c4e293	ori	x5,x9,-132	  x9:0x00000000  x5=0xffffff7c
     404015.000 ns	     40400	80008614	dc66eeb7	lui	x29,0xdc66e	 x29=0xdc66e000
     404045.000 ns	     40403	80008618	192cc9d3	fdiv.s	f19,f25,f18	 f25:0x7fc00000 f18:0x7fc00000 f19=0x7fc00000
     404065.000 ns	     40405	8000861c	41310b33	sub	x22,x2,x19	  x2:0x80040fe4 x19:0xffffffff x22=0x80040fe5
     404105.000 ns	     40409	80008620	0860f853	fsub.s	f16,f1,f6	  f1:0x7fc00000  f6:0x7fc00000 f16=0x7fc00000
     404125.000 ns	     40411	80008624	01281333	sll	x6,x16,x18	 x16:0x00000004 x18:0x00000000  x6=0x00000004
     404135.000 ns	     40412	80008628	0071d1b3	srl	x3,x3,x7	  x3:0x00000000  x7:0x00000000  x3=0x00000000
     404155.000 ns	     40414	8000862c	031af7b3	remu	x15,x21,x17	 x21:0x00000000 x17:0x00000000 x15=0x00000000
     404185.000 ns	     40417	80008630	a1b301d3	fle.s	x3,f6,f27	  f6:0x7fc00000 f27:0x4d068000  x3=0x00000000
     404215.000 ns	     40420	80008634	032a96b3	mulh	x13,x21,x18	 x21:0x00000000 x18:0x00000000 x13=0x00000000
     404245.000 ns	     40423	80008638	213f90d3	fsgnjn.s	f1,f31,f19	 f31:0x4e95c7db f19:0x7fc00000  f1=0xce95c7db
     404275.000 ns	     40426	8000863c	d0164753	fcvt.s.wu	f14,x12	 x12:0x0000050a f14=0x44a14000
     404305.000 ns	     40429	80008640	029fe233	rem	x4,x31,x9	 x31:0x7fc00000  x9:0x00000000  x4=0x7fc00000
     404335.000 ns	     40432	80008644	02b8f2b3	remu	x5,x17,x11	 x17:0x00000000 x11:0x00000000  x5=0x00000000
     404355.000 ns	     40434	80008648	3ec1b013	sltiu	x0,x3,1004	  x3:0x00000000
     404375.000 ns	     40436	8000864c	c001a6d3	fcvt.w.s	x13,f3	  f3:0x80000000 x13=0x00000000
     404405.000 ns	     40439	80008650	02932e33	mulhsu	x28,x6,x9	  x6:0x00000004  x9:0x00000000 x28=0x00000000
     404425.000 ns	     40441	80008654	00568633	add	x12,x13,x5	 x13:0x00000000  x5:0x00000000 x12=0x00000000
     404465.000 ns	     40445	80008658	096878d3	fsub.s	f17,f16,f22	 f16:0x7fc00000 f22:0x4d068000 f17=0x7fc00000
     404495.000 ns	     40448	8000865c	21212053	fsgnjx.s	f0,f2,f18	  f2:0x00000000 f18:0x7fc00000  f0=0x00000000
     404515.000 ns	     40450	80008660	018285b3	add	x11,x5,x24	  x5:0x00000000 x24:0x08680556 x11=0x08680556
     404555.000 ns	     40454	80008664	08248cd3	fsub.s	f25,f9,f2	  f9:0x7fc00000  f2:0x00000000 f25=0x7fc00000
     404575.000 ns	     40456	80008668	97bbc393	xori	x7,x23,-1669	 x23:0x00000000  x7=0xfffff97b
     404595.000 ns	     40458	8000866c	e0039e53	fclass.s	x28,f7	  f7:0x7fc00000 x28=0x00000200
     404615.000 ns	     40460	80008670	5889ad93	slti	x27,x19,1416	 x19:0xffffffff x27=0x00000001
     404975.000 ns	     40496	80008674	0367d8b3	divu	x17,x15,x22	 x15:0x00000000 x22:0x80040fe5 x17=0x00000000
     404995.000 ns	     40498	80008678	00c1bb33	sltu	x22,x3,x12	  x3:0x00000000 x12:0x00000000 x22=0x00000000
     405005.000 ns	     40499	8000867c	01aa2633	slt	x12,x20,x26	 x20:0x00000040 x26:0x00000000 x12=0x00000000
     405015.000 ns	     40500	80008680	4125dab3	sra	x21,x11,x18	 x11:0x08680556 x18:0x00000000 x21=0x08680556
     405035.000 ns	     40502	80008684	0234eb33	rem	x22,x9,x3	  x9:0x00000000  x3:0x00000000 x22=0x00000000
     405065.000 ns	     40505	80008688	a181add3	feq.s	x27,f3,f24	  f3:0x80000000 f24:0x00000000 x27=0x00000001
     405095.000 ns	     40508	8000868c	a1e98dd3	fle.s	x27,f19,f30	 f19:0x7fc00000 f30:0x00000000 x27=0x00000000
     405115.000 ns	     40510	80008690	005df1b3	and	x3,x27,x5	 x27:0x00000001  x5:0x00000000  x3=0x00000000
     405125.000 ns	     40511	80008694	000a94b3	sll	x9,x21,x0	 x21:0x08680556  x0:0x00000000  x9=0x08680556
     405145.000 ns	     40513	80008698	a05e8e53	fle.s	x28,f29,f5	 f29:0x7fc00000  f5:0x4e76000c x28=0x00000000
     405165.000 ns	     40515	8000869c	402ad093	srai	x1,x21,0x2	 x21:0x08680556  x1=0x021a0155
     405175.000 ns	     40516	800086a0	0098bdb3	sltu	x27,x17,x9	 x17:0x00000000  x9:0x08680556 x27=0x00000001
     405185.000 ns	     40517	800086a4	75901617	auipc	x12,0x75901	 x12=0xf59096a4
     405545.000 ns	     40553	800086a8	0267df33	divu	x30,x15,x6	 x15:0x00000000  x6:0x00000004 x30=0x00000000
     405575.000 ns	     40556	800086ac	28020f53	fmin.s	f30,f4,f0	  f4:0x4d068000  f0:0x00000000 f30=0x00000000
     405605.000 ns	     40559	800086b0	a0002453	feq.s	x8,f0,f0	  f0:0x00000000  f0:0x00000000  x8=0x00000001
     405625.000 ns	     40561	800086b4	29e5d397	auipc	x7,0x29e5d	  x7=0xa9e656b4
     405645.000 ns	     40563	800086b8	2169a0d3	fsgnjx.s	f1,f19,f22	 f19:0x7fc00000 f22:0x4d068000  f1=0x7fc00000
     405665.000 ns	     40565	800086bc	0083be33	sltu	x28,x7,x8	  x7:0xfffff97b  x8:0x00000001 x28=0x00000000
     405675.000 ns	     40566	800086c0	b876bb13	sltiu	x22,x13,-1145	 x13:0x00000000 x22=0x00000001
     405685.000 ns	     40567	800086c4	b5aac413	xori	x8,x21,-1190	 x21:0x08680556  x8=0xf797fe0c
     405695.000 ns	     40568	800086c8	005940b3	xor	x1,x18,x5	 x18:0x00000000  x5:0x00000000  x1=0x00000000
     405715.000 ns	     40570	800086cc	28c30953	fmin.s	f18,f6,f12	  f6:0x7fc00000 f12:0x7fc00000 f18=0x7fc00000
     405735.000 ns	     40572	800086d0	00000013	addi	x0,x0,0	  x0:0x00000000
     405745.000 ns	     40573	800086d4	00342433	slt	x8,x8,x3	  x8:0xf797fe0c  x3:0x00000000  x8=0x00000001
     405765.000 ns	     40575	800086d8	c00efad3	fcvt.w.s	x21,f29	 f29:0x7fc00000 x21=0x7fffffff
     405785.000 ns	     40577	800086dc	003ad693	srli	x13,x21,0x3	 x21:0x08680556 x13=0x0fffffff
     405795.000 ns	     40578	800086e0	c3877213	andi	x4,x14,-968	 x14:0x80041024  x4=0x80041020
     405815.000 ns	     40580	800086e4	f0040453	fmv.w.x	f8,x8	  x8:0x00000001  f8=0x00000001
     405855.000 ns	     40584	800086e8	580f2c53	fsqrt.s	f24,f30	 f30:0x00000000 f24=0x00000000
     405875.000 ns	     40586	800086ec	cfcc2793	slti	x15,x24,-772	 x24:0x08680556 x15=0x00000000
     405895.000 ns	     40588	800086f0	02b0a3b3	mulhsu	x7,x1,x11	  x1:0x00000000 x11:0x08680556  x7=0x00000000
     405925.000 ns	     40591	800086f4	c01bc1d3	fcvt.wu.s	x3,f23	 f23:0x7fc00000  x3=0xffffffff
     405955.000 ns	     40594	800086f8	21dca753	fsgnjx.s	f14,f25,f29	 f25:0x7fc00000 f29:0x7fc00000 f14=0x7fc00000
     405975.000 ns	     40596	800086fc	00276933	or	x18,x14,x2	 x14:0x80041024  x2:0x80040fe4 x18=0x80041fe4
     405985.000 ns	     40597	80008700	01703233	sltu	x4,x0,x23	  x0:0x00000000 x23:0x00000000  x4=0x00000000
     406015.000 ns	     40600	80008704	180493d3	fdiv.s	f7,f9,f0	  f9:0x7fc00000  f0:0x00000000  f7=0x7fc00000
     406035.000 ns	     40602	80008708	018eb1b3	sltu	x3,x29,x24	 x29:0xdc66e000 x24:0x08680556  x3=0x00000000
     406045.000 ns	     40603	8000870c	40dd81b3	sub	x3,x27,x13	 x27:0x00000001 x13:0x0fffffff  x3=0xf0000002
     406055.000 ns	     40604	80008710	00f32033	slt	x0,x6,x15	  x6:0x00000004 x15:0x00000000
     406065.000 ns	     40605	80008714	00000013	addi	x0,x0,0	  x0:0x00000000
     406425.000 ns	     40641	80008718	02a4ff33	remu	x30,x9,x10	  x9:0x08680556 x10:0x7fbfff19 x30=0x08680556
     406455.000 ns	     40644	8000871c	02f800b3	mul	x1,x16,x15	 x16:0x00000004 x15:0x00000000  x1=0x00000000
     406485.000 ns	     40647	80008720	28891ad3	fmax.s	f21,f18,f8	 f18:0x7fc00000  f8:0x00000001 f21=0x00000001
     406515.000 ns	     40650	80008724	03699033	mulh	x0,x19,x22	 x19:0xffffffff x22:0x00000001
     406535.000 ns	     40652	80008728	01efe233	or	x4,x31,x30	 x31:0x7fc00000 x30:0x08680556  x4=0x7fe80556
     406545.000 ns	     40653	8000872c	00000013	addi	x0,x0,0	  x0:0x00000000
     406565.000 ns	     40655	80008730	a1eba253	feq.s	x4,f23,f30	 f23:0x7fc00000 f30:0x00000000  x4=0x00000000
     406585.000 ns	     40657	80008734	b14c7a13	andi	x20,x24,-1260	 x24:0x08680556 x20=0x08680114
     406605.000 ns	     40659	80008738	e0030dd3	fmv.x.w	x27,f6	  f6:0x7fc00000 x27=0x7fc00000
     406625.000 ns	     40661	8000873c	3df52e93	slti	x29,x10,991	 x10:0x7fbfff19 x29=0x00000000
     406985.000 ns	     40697	80008740	03e86f33	rem	x30,x16,x30	 x16:0x00000004 x30:0x08680556 x30=0x00000004
     407015.000 ns	     40700	80008744	292e9653	fmax.s	f12,f29,f18	 f29:0x7fc00000 f18:0x7fc00000 f12=0x7fc00000
     407035.000 ns	     40702	80008748	4c094c93	xori	x25,x18,1216	 x18:0x80041fe4 x25=0x80041b24
     407055.000 ns	     40704	8000874c	e00a8953	fmv.x.w	x18,f21	 f21:0x00000001 x18=0x00000001
     407085.000 ns	     40707	80008750	a0e095d3	flt.s	x11,f1,f14	  f1:0x7fc00000 f14:0x7fc00000 x11=0x00000000
     407135.000 ns	     40712	80008754	09b0be53	fsub.s	f28,f1,f27	  f1:0x7fc00000 f27:0x4d068000 f28=0x7fc00000
     407155.000 ns	     40714	80008758	4166d293	srai	x5,x13,0x16	 x13:0x0fffffff  x5=0x0000003f
     407165.000 ns	     40715	8000875c	00000013	addi	x0,x0,0	  x0:0x00000000
     407175.000 ns	     40716	80008760	831c6c37	lui	x24,0x831c6	 x24=0x831c6000
     407535.000 ns	     40752	80008764	02e54db3	div	x27,x10,x14	 x10:0x7fbfff19 x14:0x80041024 x27=0x00000000
     407575.000 ns	     40756	80008768	1889f653	fdiv.s	f12,f19,f8	 f19:0x7fc00000  f8:0x00000001 f12=0x7fc00000
     407595.000 ns	     40758	8000876c	b4fba497	auipc	x9,0xb4fba	  x9=0x34fc276c
     407605.000 ns	     40759	80008770	0063a333	slt	x6,x7,x6	  x7:0x00000000  x6:0x00000004  x6=0x00000001
     407615.000 ns	     40760	80008774	0117e933	or	x18,x15,x17	 x15:0x00000000 x17:0x00000000 x18=0x00000000
     407625.000 ns	     40761	80008778	b3a74517	auipc	x10,0xb3a74	 x10=0x33a7c778
     407635.000 ns	     40762	8000877c	01e94033	xor	x0,x18,x30	 x18:0x00000001 x30:0x00000004
     407645.000 ns	     40763	80008780	011e6333	or	x6,x28,x17	 x28:0x00000000 x17:0x00000000  x6=0x00000000
     407665.000 ns	     40765	80008784	023b1eb3	mulh	x29,x22,x3	 x22:0x00000001  x3:0xf0000002 x29=0xffffffff
     407695.000 ns	     40768	80008788	e00403d3	fmv.x.w	x7,f8	  f8:0x00000001  x7=0x00000001
     407725.000 ns	     40771	8000878c	2132a0d3	fsgnjx.s	f1,f5,f19	  f5:0x4e76000c f19:0x7fc00000  f1=0x4e76000c
     407755.000 ns	     40774	80008790	e00f0053	fmv.x.w	x0,f30	 f30:0x00000000
     407775.000 ns	     40776	80008794	01507933	and	x18,x0,x21	  x0:0x00000000 x21:0x7fffffff x18=0x00000000
     407795.000 ns	     40778	80008798	291316d3	fmax.s	f13,f6,f17	  f6:0x7fc00000 f17:0x7fc00000 f13=0x7fc00000
     407835.000 ns	     40782	8000879c	1027a0d3	fmul.s	f1,f15,f2	 f15:0x4e76000c  f2:0x00000000  f1=0x00000000
     407865.000 ns	     40785	800087a0	d0117e53	fcvt.s.wu	f28,x2	  x2:0x80040fe4 f28=0x4f00040f
     407885.000 ns	     40787	800087a4	013eb5b3	sltu	x11,x29,x19	 x29:0xffffffff x19:0xffffffff x11=0x00000000
     407915.000 ns	     40790	800087a8	1894fdd3	fdiv.s	f27,f9,f9	  f9:0x7fc00000  f9:0x7fc00000 f27=0x7fc00000
     407945.000 ns	     40793	800087ac	28d48bd3	fmin.s	f23,f9,f13	  f9:0x7fc00000 f13:0x7fc00000 f23=0x7fc00000
     407985.000 ns	     40797	800087b0	10191453	fmul.s	f8,f18,f1	 f18:0x7fc00000  f1:0x00000000  f8=0x7fc00000
     408355.000 ns	     40834	800087b4	033956b3	divu	x13,x18,x19	 x18:0x00000000 x19:0xffffffff x13=0x00000000
     408375.000 ns	     40836	800087b8	01435413	srli	x8,x6,0x14	  x6:0x00000000  x8=0x00000000
     408395.000 ns	     40838	800087bc	c00508d3	fcvt.w.s	x17,f10	 f10:0x4d068000 x17=0x08680000
     408425.000 ns	     40841	800087c0	204021d3	fsgnjx.s	f3,f0,f4	  f0:0x00000000  f4:0x4d068000  f3=0x00000000
     408445.000 ns	     40843	800087c4	a9ccb013	sltiu	x0,x25,-1380	 x25:0x80041b24
     408805.000 ns	     40879	800087c8	02aef1b3	remu	x3,x29,x10	 x29:0xffffffff x10:0x33a7c778  x3=0x3160e21f
     408855.000 ns	     40884	800087cc	08d1f2d3	fsub.s	f5,f3,f13	  f3:0x00000000 f13:0x7fc00000  f5=0x7fc00000
     408895.000 ns	     40888	800087d0	11bc0f53	fmul.s	f30,f24,f27	 f24:0x00000000 f27:0x7fc00000 f30=0x7fc00000
     408915.000 ns	     40890	800087d4	407cdc33	sra	x24,x25,x7	 x25:0x80041b24  x7:0x00000001 x24=0xc0020d92
     408925.000 ns	     40891	800087d8	01bf9993	slli	x19,x31,0x1b	 x31:0x7fc00000 x19=0x00000000
     408935.000 ns	     40892	800087dc	01e29693	slli	x13,x5,0x1e	  x5:0x0000003f x13=0xc0000000
     408955.000 ns	     40894	800087e0	02d83333	mulhu	x6,x16,x13	 x16:0x00000004 x13:0x00000000  x6=0x00000003
     408985.000 ns	     40897	800087e4	037ca333	mulhsu	x6,x25,x23	 x25:0x80041b24 x23:0x00000000  x6=0x00000000
     409005.000 ns	     40899	800087e8	01e23933	sltu	x18,x4,x30	  x4:0x00000000 x30:0x00000004 x18=0x00000001
     409035.000 ns	     40902	800087ec	11967a53	fmul.s	f20,f12,f25	 f12:0x7fc00000 f25:0x7fc00000 f20=0x7fc00000
     409055.000 ns	     40904	800087f0	0168d313	srli	x6,x17,0x16	 x17:0x08680000  x6=0x00000021
     409065.000 ns	     40905	800087f4	01b6a633	slt	x12,x13,x27	 x13:0xc0000000 x27:0x00000000 x12=0x00000001
     409075.000 ns	     40906	800087f8	01f887b3	add	x15,x17,x31	 x17:0x08680000 x31:0x7fc00000 x15=0x88280000
     409095.000 ns	     40908	800087fc	03cee933	rem	x18,x29,x28	 x29:0xffffffff x28:0x00000000 x18=0xffffffff
     409145.000 ns	     40913	80008800	0886ff53	fsub.s	f30,f13,f8	 f13:0x7fc00000  f8:0x7fc00000 f30=0x7fc00000
     409165.000 ns	     40915	80008804	001f1a33	sll	x20,x30,x1	 x30:0x00000004  x1:0x00000000 x20=0x00000004
     409185.000 ns	     40917	80008808	033133b3	mulhu	x7,x2,x19	  x2:0x80040fe4 x19:0x00000000  x7=0x00000000
     409215.000 ns	     40920	8000880c	02a68433	mul	x8,x13,x10	 x13:0xc0000000 x10:0x33a7c778  x8=0x00000000
     409235.000 ns	     40922	80008810	40015d33	sra	x26,x2,x0	  x2:0x80040fe4  x0:0x00000000 x26=0x80040fe4
     409245.000 ns	     40923	80008814	0169b4b3	sltu	x9,x19,x22	 x19:0x00000000 x22:0x00000001  x9=0x00000001
     409265.000 ns	     40925	80008818	a0cf0fd3	fle.s	x31,f30,f12	 f30:0x7fc00000 f12:0x7fc00000 x31=0x00000000
     409285.000 ns	     40927	8000881c	1ac32213	slti	x4,x6,428	  x6:0x00000021  x4=0x00000001
     409305.000 ns	     40929	80008820	a1bd98d3	flt.s	x17,f27,f27	 f27:0x7fc00000 f27:0x7fc00000 x17=0x00000000
     409325.000 ns	     40931	80008824	01bb5b33	srl	x22,x22,x27	 x22:0x00000001 x27:0x00000000 x22=0x00000001
     409335.000 ns	     40932	80008828	01e1d513	srli	x10,x3,0x1e	  x3:0x3160e21f x10=0x00000000
     409345.000 ns	     40933	8000882c	244dc613	xori	x12,x27,580	 x27:0x00000000 x12=0x00000244
     409355.000 ns	     40934	80008830	f5d4fe93	andi	x29,x9,-163	  x9:0x00000001 x29=0x00000001
     409365.000 ns	     40935	80008834	01481513	slli	x10,x16,0x14	 x16:0x00000004 x10=0x00400000
     409385.000 ns	     40937	80008838	f00186d3	fmv.w.x	f13,x3	  x3:0x3160e21f f13=0x3160e21f
     409415.000 ns	     40940	8000883c	c01ff0d3	fcvt.wu.s	x1,f31	 f31:0x4e95c7db  x1=0x4ae3ed80
     409435.000 ns	     40942	80008840	00cd2933	slt	x18,x26,x12	 x26:0x80040fe4 x12:0x00000244 x18=0x00000001
     409455.000 ns	     40944	80008844	0261acb3	mulhsu	x25,x3,x6	  x3:0x3160e21f  x6:0x00000021 x25=0x00000006
     409475.000 ns	     40946	80008848	18b0c613	xori	x12,x1,395	  x1:0x4ae3ed80 x12=0x4ae3ec0b
     409495.000 ns	     40948	8000884c	e0040ed3	fmv.x.w	x29,f8	  f8:0x7fc00000 x29=0x7fc00000
     409515.000 ns	     40950	80008850	00f95933	srl	x18,x18,x15	 x18:0x00000001 x15:0x88280000 x18=0x00000001
     409525.000 ns	     40951	80008854	71613893	sltiu	x17,x2,1814	  x2:0x80040fe4 x17=0x00000000
     409545.000 ns	     40953	80008858	d0017c53	fcvt.s.w	f24,x2	  x2:0x80040fe4 f24=0xcefff7e0
     409595.000 ns	     40958	8000885c	08d1f8d3	fsub.s	f17,f3,f13	  f3:0x00000000 f13:0x3160e21f f17=0xb160e21f
     409625.000 ns	     40961	80008860	e0041d53	fclass.s	x26,f8	  f8:0x7fc00000 x26=0x00000200
     409645.000 ns	     40963	80008864	01d54633	xor	x12,x10,x29	 x10:0x00400000 x29:0x7fc00000 x12=0x7f800000
     409655.000 ns	     40964	80008868	000417b3	sll	x15,x8,x0	  x8:0x00000000  x0:0x00000000 x15=0x00000000
     409675.000 ns	     40966	8000886c	03b00eb3	mul	x29,x0,x27	  x0:0x00000000 x27:0x00000000 x29=0x00000000
     409705.000 ns	     40969	80008870	a1a0ae53	feq.s	x28,f1,f26	  f1:0x00000000 f26:0x80000000 x28=0x00000001
     409745.000 ns	     40973	80008874	10b3f2d3	fmul.s	f5,f7,f11	  f7:0x7fc00000 f11:0xce84f7db  f5=0x7fc00000
     409765.000 ns	     40975	80008878	01bc50b3	srl	x1,x24,x27	 x24:0xc0020d92 x27:0x00000000  x1=0xc0020d92
     409775.000 ns	     40976	8000887c	0020e9b3	or	x19,x1,x2	  x1:0x4ae3ed80  x2:0x80040fe4 x19=0xc0060ff6
     409815.000 ns	     40980	80008880	09bc9fd3	fsub.s	f31,f25,f27	 f25:0x7fc00000 f27:0x7fc00000 f31=0x7fc00000
     409835.000 ns	     40982	80008884	01795893	srli	x17,x18,0x17	 x18:0x00000001 x17=0x00000000
     409855.000 ns	     40984	80008888	02885633	divu	x12,x16,x8	 x16:0x00000004  x8:0x00000000 x12=0xffffffff
     409875.000 ns	     40986	8000888c	405a8433	sub	x8,x21,x5	 x21:0x7fffffff  x5:0x0000003f  x8=0x7fffffc0
     409885.000 ns	     40987	80008890	1505a513	slti	x10,x11,336	 x11:0x00000000 x10=0x00000001
     409905.000 ns	     40989	80008894	282f0dd3	fmin.s	f27,f30,f2	 f30:0x7fc00000  f2:0x00000000 f27=0x00000000
     409955.000 ns	     40994	80008898	08164ed3	fsub.s	f29,f12,f1	 f12:0x7fc00000  f1:0x00000000 f29=0x7fc00000
     409975.000 ns	     40996	8000889c	f200e993	ori	x19,x1,-224	  x1:0xc0020d92 x19=0xffffffb2
     409985.000 ns	     40997	800088a0	0121e933	or	x18,x3,x18	  x3:0x3160e21f x18:0x00000001 x18=0x3160e21f
     410005.000 ns	     40999	800088a4	c00445d3	fcvt.w.s	x11,f8	  f8:0x7fc00000 x11=0x7fffffff
     410025.000 ns	     41001	800088a8	00a8ee33	or	x28,x17,x10	 x17:0x00000000 x10:0x00000001 x28=0x00000001
     410045.000 ns	     41003	800088ac	c00e72d3	fcvt.w.s	x5,f28	 f28:0x4f00040f  x5=0x7fffffff
     410075.000 ns	     41006	800088b0	e00793d3	fclass.s	x7,f15	 f15:0x4e76000c  x7=0x00000040
     410105.000 ns	     41009	800088b4	28da80d3	fmin.s	f1,f21,f13	 f21:0x00000001 f13:0x3160e21f  f1=0x00000001
     410125.000 ns	     41011	800088b8	00091633	sll	x12,x18,x0	 x18:0x3160e21f  x0:0x00000000 x12=0x3160e21f
     410135.000 ns	     41012	800088bc	c9bab093	sltiu	x1,x21,-869	 x21:0x7fffffff  x1=0x00000001
     410145.000 ns	     41013	800088c0	48a56a93	ori	x21,x10,1162	 x10:0x00000001 x21=0x0000048b
     410165.000 ns	     41015	800088c4	03d1bab3	mulhu	x21,x3,x29	  x3:0x3160e21f x29:0x00000000 x21=0x00000000
     410195.000 ns	     41018	800088c8	21b8acd3	fsgnjx.s	f25,f17,f27	 f17:0xb160e21f f27:0x00000000 f25=0xb160e21f
     410215.000 ns	     41020	800088cc	01d5b5b3	sltu	x11,x11,x29	 x11:0x7fffffff x29:0x00000000 x11=0x00000000
     410235.000 ns	     41022	800088d0	c0023fd3	fcvt.w.s	x31,f4	  f4:0x4d068000 x31=0x08680000
     410255.000 ns	     41024	800088d4	decf0e13	addi	x28,x30,-532	 x30:0x00000004 x28=0xfffffdf0
     410265.000 ns	     41025	800088d8	22782c93	slti	x25,x16,551	 x16:0x00000004 x25=0x00000001
     410285.000 ns	     41027	800088dc	a1d798d3	flt.s	x17,f15,f29	 f15:0x4e76000c f29:0x7fc00000 x17=0x00000000
     410305.000 ns	     41029	800088e0	40608b33	sub	x22,x1,x6	  x1:0x00000001  x6:0x00000021 x22=0xffffffe0
     410325.000 ns	     41031	800088e4	d019f4d3	fcvt.s.wu	f9,x19	 x19:0xffffffb2  f9=0x4f7fffff
     410345.000 ns	     41033	800088e8	0162e0b3	or	x1,x5,x22	  x5:0x7fffffff x22:0x00000001  x1=0xffffffff
     410355.000 ns	     41034	800088ec	ee3b3493	sltiu	x9,x22,-285	 x22:0xffffffe0  x9=0x00000000
     410385.000 ns	     41037	800088f0	194ba2d3	fdiv.s	f5,f23,f20	 f23:0x7fc00000 f20:0x7fc00000  f5=0x7fc00000
     410415.000 ns	     41040	800088f4	036fbab3	mulhu	x21,x31,x22	 x31:0x08680000 x22:0xffffffe0 x21=0x0867fffe
     410435.000 ns	     41042	800088f8	01c589b3	add	x19,x11,x28	 x11:0x00000000 x28:0xfffffdf0 x19=0xfffffdf0
     410445.000 ns	     41043	800088fc	aece8513	addi	x10,x29,-1300	 x29:0x00000000 x10=0xfffffaec
     410465.000 ns	     41045	80008900	c00eb3d3	fcvt.w.s	x7,f29	 f29:0x7fc00000  x7=0x7fffffff
     410495.000 ns	     41048	80008904	293493d3	fmax.s	f7,f9,f19	  f9:0x4f7fffff f19:0x7fc00000  f7=0x4f7fffff
     410525.000 ns	     41051	80008908	c002f653	fcvt.w.s	x12,f5	  f5:0x7fc00000 x12=0x7fffffff
     410895.000 ns	     41088	8000890c	02d9d033	divu	x0,x19,x13	 x19:0xfffffdf0 x13:0xc0000000
     410915.000 ns	     41090	80008910	01a61f33	sll	x30,x12,x26	 x12:0x7fffffff x26:0x00000200 x30=0x7fffffff
     410945.000 ns	     41093	80008914	11b07853	fmul.s	f16,f0,f27	  f0:0x00000000 f27:0x00000000 f16=0x00000000
     410965.000 ns	     41095	80008918	74c93d93	sltiu	x27,x18,1868	 x18:0x3160e21f x27=0x00000000
     410975.000 ns	     41096	8000891c	00b57933	and	x18,x10,x11	 x10:0xfffffaec x11:0x00000000 x18=0x00000000
     410995.000 ns	     41098	80008920	f0040953	fmv.w.x	f18,x8	  x8:0x7fffffc0 f18=0x7fffffc0
     411025.000 ns	     41101	80008924	031394b3	mulh	x9,x7,x17	  x7:0x7fffffff x17:0x00000000  x9=0x00000000
     411045.000 ns	     41103	80008928	408fd0b3	sra	x1,x31,x8	 x31:0x08680000  x8:0x7fffffc0  x1=0x08680000
     411055.000 ns	     41104	8000892c	010ed293	srli	x5,x29,0x10	 x29:0x00000000  x5=0x00000000
     411065.000 ns	     41105	80008930	01dae933	or	x18,x21,x29	 x21:0x0867fffe x29:0x00000000 x18=0x0867fffe
     411085.000 ns	     41107	80008934	02881533	mulh	x10,x16,x8	 x16:0x00000004  x8:0x7fffffc0 x10=0x00000001
     411105.000 ns	     41109	80008938	0027dab3	srl	x21,x15,x2	 x15:0x00000000  x2:0x80040fe4 x21=0x00000000
     411465.000 ns	     41145	8000893c	030df7b3	remu	x15,x27,x16	 x27:0x00000000 x16:0x00000004 x15=0x00000000
     411495.000 ns	     41148	80008940	d01343d3	fcvt.s.wu	f7,x6	  x6:0x00000021  f7=0x42040000
     411515.000 ns	     41150	80008944	41b45a93	srai	x21,x8,0x1b	  x8:0x7fffffc0 x21=0x0000000f
     411535.000 ns	     41152	80008948	c01617d3	fcvt.wu.s	x15,f12	 f12:0x7fc00000 x15=0xffffffff
     411585.000 ns	     41157	8000894c	01ab3453	fadd.s	f8,f22,f26	 f22:0x4d068000 f26:0x80000000  f8=0x4d068000
     411605.000 ns	     41159	80008950	417dd493	srai	x9,x27,0x17	 x27:0x00000000  x9=0x00000000
     411615.000 ns	     41160	80008954	00f10eb3	add	x29,x2,x15	  x2:0x80040fe4 x15:0xffffffff x29=0x80040fe3
     411645.000 ns	     41163	80008958	58037bd3	fsqrt.s	f23,f6	  f6:0x7fc00000 f23=0x7fc00000
     411665.000 ns	     41165	8000895c	00011d33	sll	x26,x2,x0	  x2:0x80040fe4  x0:0x00000000 x26=0x80040fe4
     412025.000 ns	     41201	80008960	0301fbb3	remu	x23,x3,x16	  x3:0x3160e21f x16:0x00000004 x23=0x00000003
     412045.000 ns	     41203	80008964	77980c13	addi	x24,x16,1913	 x16:0x00000004 x24=0x0000077d
     412065.000 ns	     41205	80008968	d003f953	fcvt.s.w	f18,x7	  x7:0x7fffffff f18=0x4effffff
     412085.000 ns	     41207	8000896c	016327b3	slt	x15,x6,x22	  x6:0x00000021 x22:0xffffffe0 x15=0x00000000
     412095.000 ns	     41208	80008970	00881b93	slli	x23,x16,0x8	 x16:0x00000004 x23=0x00000400
     412105.000 ns	     41209	80008974	028a8013	addi	x0,x21,40	 x21:0x0000000f
     412125.000 ns	     41211	80008978	03bb24b3	mulhsu	x9,x22,x27	 x22:0xffffffe0 x27:0x00000000  x9=0x00000000
     412145.000 ns	     41213	8000897c	00000013	addi	x0,x0,0	  x0:0x00000000
     412155.000 ns	     41214	80008980	4008db93	srai	x23,x17,0x0	 x17:0x00000000 x23=0x00000000
     412175.000 ns	     41216	80008984	02ca99b3	mulh	x19,x21,x12	 x21:0x0000000f x12:0x7fffffff x19=0x00000007
     412195.000 ns	     41218	80008988	00fc0e33	add	x28,x24,x15	 x24:0x0000077d x15:0x00000000 x28=0x0000077d
     412205.000 ns	     41219	8000898c	9eca0f13	addi	x30,x20,-1556	 x20:0x00000004 x30=0xfffff9f0
     412225.000 ns	     41221	80008990	02a0a333	mulhsu	x6,x1,x10	  x1:0x08680000 x10:0x00000001  x6=0x00000000
     412245.000 ns	     41223	80008994	41c506b3	sub	x13,x10,x28	 x10:0x00000001 x28:0x0000077d x13=0xfffff884
     412255.000 ns	     41224	80008998	00551393	slli	x7,x10,0x5	 x10:0x00000001  x7=0x00000020
     412275.000 ns	     41226	8000899c	02662333	mulhsu	x6,x12,x6	 x12:0x7fffffff  x6:0x00000000  x6=0x00000000
     412305.000 ns	     41229	800089a0	03f3af33	mulhsu	x30,x7,x31	  x7:0x7fffffff x31:0x08680000 x30=0x00000001
     412335.000 ns	     41232	800089a4	03ec0233	mul	x4,x24,x30	 x24:0x0000077d x30:0xfffff9f0  x4=0x0000077d
     412365.000 ns	     41235	800089a8	021f84b3	mul	x9,x31,x1	 x31:0x08680000  x1:0x08680000  x9=0x00000000
     412385.000 ns	     41237	800089ac	01f17a33	and	x20,x2,x31	  x2:0x80040fe4 x31:0x08680000 x20=0x00000000
     412405.000 ns	     41239	800089b0	a18a93d3	flt.s	x7,f21,f24	 f21:0x00000001 f24:0xcefff7e0  x7=0x00000000
     412435.000 ns	     41242	800089b4	c0158fd3	fcvt.wu.s	x31,f11	 f11:0xce84f7db x31=0x427bed80
     412475.000 ns	     41246	800089b8	1176c0d3	fmul.s	f1,f13,f23	 f13:0x3160e21f f23:0x7fc00000  f1=0x7fc00000
     412505.000 ns	     41249	800089bc	f0030bd3	fmv.w.x	f23,x6	  x6:0x00000000 f23=0x00000000
     412525.000 ns	     41251	800089c0	9ed84a17	auipc	x20,0x9ed84	 x20=0x1ed8c9c0
     412535.000 ns	     41252	800089c4	d51a4193	xori	x3,x20,-687	 x20:0x00000000  x3=0xe1273491
     412545.000 ns	     41253	800089c8	abb08393	addi	x7,x1,-1349	  x1:0x08680000  x7=0x0867fabb
     412905.000 ns	     41289	800089cc	02e77033	remu	x0,x14,x14	 x14:0x80041024 x14:0x80041024
     412925.000 ns	     41291	800089d0	0046eeb3	or	x29,x13,x4	 x13:0xfffff884  x4:0x0000077d x29=0xfffffffd
     412945.000 ns	     41293	800089d4	a14d1ad3	flt.s	x21,f26,f20	 f26:0x80000000 f20:0x7fc00000 x21=0x00000000
     412965.000 ns	     41295	800089d8	0197d2b3	srl	x5,x15,x25	 x15:0x00000000 x25:0x00000001  x5=0x00000000
     412975.000 ns	     41296	800089dc	01b3a7b3	slt	x15,x7,x27	  x7:0x0867fabb x27:0x00000000 x15=0x00000000
     412995.000 ns	     41298	800089e0	20c903d3	fsgnj.s	f7,f18,f12	 f18:0x4effffff f12:0x7fc00000  f7=0x4effffff
     413015.000 ns	     41300	800089e4	40525f13	srai	x30,x4,0x5	  x4:0x0000077d x30=0x0000003b
     413035.000 ns	     41302	800089e8	02b8c1b3	div	x3,x17,x11	 x17:0x00000000 x11:0x00000000  x3=0xffffffff
     413065.000 ns	     41305	800089ec	a0bf1353	flt.s	x6,f30,f11	 f30:0x7fc00000 f11:0xce84f7db  x6=0x00000000
     413095.000 ns	     41308	800089f0	e0060a53	fmv.x.w	x20,f12	 f12:0x7fc00000 x20=0x7fc00000
     413125.000 ns	     41311	800089f4	e00b8c53	fmv.x.w	x24,f23	 f23:0x00000000 x24=0x00000000
     413145.000 ns	     41313	800089f8	fbc4fa13	andi	x20,x9,-68	  x9:0x00000000 x20=0x00000000
     413165.000 ns	     41315	800089fc	e0099e53	fclass.s	x28,f19	 f19:0x7fc00000 x28=0x00000200
     414345.000 ns	     41433	80008a00	580972d3	fsqrt.s	f5,f18	 f18:0x4effffff  f5=0x473504ab
     414365.000 ns	     41435	80008a04	d9f93393	sltiu	x7,x18,-609	 x18:0x0867fffe  x7=0x00000001
     414725.000 ns	     41471	80008a08	02866a33	rem	x20,x12,x8	 x12:0x7fffffff  x8:0x7fffffc0 x20=0x0000003f
     414765.000 ns	     41475	80008a0c	10690753	fmul.s	f14,f18,f6	 f18:0x4effffff  f6:0x7fc00000 f14=0x7fc00000
     414785.000 ns	     41477	80008a10	47b9f093	andi	x1,x19,1147	 x19:0x00000007  x1=0x00000003
     414795.000 ns	     41478	80008a14	014d6eb3	or	x29,x26,x20	 x26:0x80040fe4 x20:0x0000003f x29=0x80040fff
     414805.000 ns	     41479	80008a18	75f64d13	xori	x26,x12,1887	 x12:0x7fffffff x26=0x7ffff8a0
     414815.000 ns	     41480	80008a1c	0f9ac513	xori	x10,x21,249	 x21:0x00000000 x10=0x000000f9
     414825.000 ns	     41481	80008a20	65a0af13	slti	x30,x1,1626	  x1:0x00000003 x30=0x00000001
     414835.000 ns	     41482	80008a24	ba679eb7	lui	x29,0xba679	 x29=0xba679000
     414855.000 ns	     41484	80008a28	c012fcd3	fcvt.wu.s	x25,f5	  f5:0x473504ab x25=0x0000b504
     414885.000 ns	     41487	80008a2c	03583933	mulhu	x18,x16,x21	 x16:0x00000004 x21:0x00000000 x18=0x00000000
     414915.000 ns	     41490	80008a30	a051a6d3	feq.s	x13,f3,f5	  f3:0x00000000  f5:0x473504ab x13=0x00000000
     414945.000 ns	     41493	80008a34	20528a53	fsgnj.s	f20,f5,f5	  f5:0x473504ab  f5:0x473504ab f20=0x473504ab
     414965.000 ns	     41495	80008a38	0120bb33	sltu	x22,x1,x18	  x1:0x00000003 x18:0x00000000 x22=0x00000000
     414975.000 ns	     41496	80008a3c	adc2ae13	slti	x28,x5,-1316	  x5:0x00000000 x28=0x00000000
     414995.000 ns	     41498	80008a40	29ac9453	fmax.s	f8,f25,f26	 f25:0xb160e21f f26:0x80000000  f8=0x80000000
     415015.000 ns	     41500	80008a44	c4a74e93	xori	x29,x14,-950	 x14:0x80041024 x29=0x7ffbec6e
     415035.000 ns	     41502	80008a48	20ae2853	fsgnjx.s	f16,f28,f10	 f28:0x4f00040f f10:0x4d068000 f16=0x4f00040f
     415055.000 ns	     41504	80008a4c	633aac93	slti	x25,x21,1587	 x21:0x00000000 x25=0x00000001
     415065.000 ns	     41505	80008a50	00000013	addi	x0,x0,0	  x0:0x00000000
     415075.000 ns	     41506	80008a54	008b78b3	and	x17,x22,x8	 x22:0x00000000  x8:0x7fffffc0 x17=0x00000000
     415095.000 ns	     41508	80008a58	a0e599d3	flt.s	x19,f11,f14	 f11:0xce84f7db f14:0x7fc00000 x19=0x00000000
     415145.000 ns	     41513	80008a5c	001eacd3	fadd.s	f25,f29,f1	 f29:0x7fc00000  f1:0x7fc00000 f25=0x7fc00000
     415165.000 ns	     41515	80008a60	de994b13	xori	x22,x18,-535	 x18:0x00000000 x22=0xfffffde9
     415175.000 ns	     41516	80008a64	b8ce4b97	auipc	x23,0xb8ce4	 x23=0x38ceca64
     415195.000 ns	     41518	80008a68	29ce9053	fmax.s	f0,f29,f28	 f29:0x7fc00000 f28:0x4f00040f  f0=0x4f00040f
     415565.000 ns	     41555	80008a6c	028c4f33	div	x30,x24,x8	 x24:0x00000000  x8:0x7fffffc0 x30=0x00000000
     415595.000 ns	     41558	80008a70	a06129d3	feq.s	x19,f2,f6	  f2:0x00000000  f6:0x7fc00000 x19=0x00000000
     415635.000 ns	     41562	80008a74	580ff353	fsqrt.s	f6,f31	 f31:0x7fc00000  f6=0x7fc00000
     415655.000 ns	     41564	80008a78	00000013	addi	x0,x0,0	  x0:0x00000000
     415675.000 ns	     41566	80008a7c	e0081353	fclass.s	x6,f16	 f16:0x4f00040f  x6=0x00000040
     415705.000 ns	     41569	80008a80	a090a353	feq.s	x6,f1,f9	  f1:0x7fc00000  f9:0x4f7fffff  x6=0x00000000
     415735.000 ns	     41572	80008a84	c01c7fd3	fcvt.wu.s	x31,f24	 f24:0xcefff7e0 x31=0x7ffbf000
     415765.000 ns	     41575	80008a88	f00f8c53	fmv.w.x	f24,x31	 x31:0x427bed80 f24=0x7ffbf000
     415785.000 ns	     41577	80008a8c	b1d48513	addi	x10,x9,-1251	  x9:0x00000000 x10=0xfffffb1d
     415795.000 ns	     41578	80008a90	0ea37613	andi	x12,x6,234	  x6:0x00000000 x12=0x00000000
     415815.000 ns	     41580	80008a94	a1e59453	flt.s	x8,f11,f30	 f11:0xce84f7db f30:0x7fc00000  x8=0x00000000
     415845.000 ns	     41583	80008a98	209d8253	fsgnj.s	f4,f27,f9	 f27:0x00000000  f9:0x4f7fffff  f4=0x00000000
     415865.000 ns	     41585	80008a9c	b1a0e913	ori	x18,x1,-1254	  x1:0x00000003 x18=0xfffffb1b
     415875.000 ns	     41586	80008aa0	66062437	lui	x8,0x66062	  x8=0x66062000
     415885.000 ns	     41587	80008aa4	01791513	slli	x10,x18,0x17	 x18:0x00000000 x10=0x8d800000
     415905.000 ns	     41589	80008aa8	d001f653	fcvt.s.w	f12,x3	  x3:0xffffffff f12=0xbf800000
     415925.000 ns	     41591	80008aac	2a89f793	andi	x15,x19,680	 x19:0x00000000 x15=0x00000000
     415945.000 ns	     41593	80008ab0	d012a0d3	fcvt.s.wu	f1,x5	  x5:0x00000000  f1=0x00000000
     415965.000 ns	     41595	80008ab4	3f883413	sltiu	x8,x16,1016	 x16:0x00000004  x8=0x00000001
     415985.000 ns	     41597	80008ab8	02f69c33	mulh	x24,x13,x15	 x13:0x00000000 x15:0x00000000 x24=0x00000000
     416355.000 ns	     41634	80008abc	03fbcb33	div	x22,x23,x31	 x23:0x38ceca64 x31:0x7ffbf000 x22=0x00000000
     416695.000 ns	     41668	80008ac0	19257dd3	fdiv.s	f27,f10,f18	 f10:0x4d068000 f18:0x4effffff f27=0x3d868000
     416725.000 ns	     41671	80008ac4	287505d3	fmin.s	f11,f10,f7	 f10:0x4d068000  f7:0x4effffff f11=0x4d068000
     416745.000 ns	     41673	80008ac8	b6128c13	addi	x24,x5,-1183	  x5:0x00000000 x24=0xfffffb61
     416755.000 ns	     41674	80008acc	46f6e293	ori	x5,x13,1135	 x13:0x00000000  x5=0x0000046f
     416775.000 ns	     41676	80008ad0	a04886d3	fle.s	x13,f17,f4	 f17:0xb160e21f  f4:0x00000000 x13=0x00000001
     416805.000 ns	     41679	80008ad4	02e9a033	mulhsu	x0,x19,x14	 x19:0x00000000 x14:0x80041024
     416855.000 ns	     41684	80008ad8	09a4b753	fsub.s	f14,f9,f26	  f9:0x4f7fffff f26:0x80000000 f14=0x4f7fffff
     416895.000 ns	     41688	80008adc	1825b5d3	fdiv.s	f11,f11,f2	 f11:0x4d068000  f2:0x00000000 f11=0x7f800000
     416915.000 ns	     41690	80008ae0	7c863213	sltiu	x4,x12,1992	 x12:0x00000000  x4=0x00000001
     416925.000 ns	     41691	80008ae4	01efd093	srli	x1,x31,0x1e	 x31:0x7ffbf000  x1=0x00000001
     418095.000 ns	     41808	80008ae8	5807fb53	fsqrt.s	f22,f15	 f15:0x4e76000c f22=0x46adf2ab
     418115.000 ns	     41810	80008aec	cf6722b7	lui	x5,0xcf672	  x5=0xcf672000
     418125.000 ns	     41811	80008af0	8713e493	ori	x9,x7,-1935	  x7:0x00000001  x9=0xfffff871
     418135.000 ns	     41812	80008af4	00ff0533	add	x10,x30,x15	 x30:0x00000000 x15:0x00000000 x10=0x00000000
     418145.000 ns	     41813	80008af8	417ed493	srai	x9,x29,0x17	 x29:0x7ffbec6e  x9=0x000000ff
     418155.000 ns	     41814	80008afc	9567c393	xori	x7,x15,-1706	 x15:0x00000000  x7=0xfffff956
     418165.000 ns	     41815	80008b00	675ef537	lui	x10,0x675ef	 x10=0x675ef000
     418185.000 ns	     41817	80008b04	a07a20d3	feq.s	x1,f20,f7	 f20:0x473504ab  f7:0x4effffff  x1=0x00000000
     418205.000 ns	     41819	80008b08	9c113413	sltiu	x8,x2,-1599	  x2:0x80040fe4  x8=0x00000001
     418235.000 ns	     41822	80008b0c	10f0f953	fmul.s	f18,f1,f15	  f1:0x00000000 f15:0x4e76000c f18=0x00000000
     418255.000 ns	     41824	80008b10	26dcbd93	sltiu	x27,x25,621	 x25:0x00000001 x27=0x00000001
     418295.000 ns	     41828	80008b14	09cb9f53	fsub.s	f30,f23,f28	 f23:0x00000000 f28:0x4f00040f f30=0xcf00040f
     418325.000 ns	     41831	80008b18	c00779d3	fcvt.w.s	x19,f14	 f14:0x4f7fffff x19=0x7fffffff
     418355.000 ns	     41834	80008b1c	e00481d3	fmv.x.w	x3,f9	  f9:0x4f7fffff  x3=0x4f7fffff
     418385.000 ns	     41837	80008b20	02bce933	rem	x18,x25,x11	 x25:0x00000001 x11:0x00000000 x18=0x00000001
     418405.000 ns	     41839	80008b24	01cb90b3	sll	x1,x23,x28	 x23:0x38ceca64 x28:0x00000000  x1=0x38ceca64
     418425.000 ns	     41841	80008b28	e00519d3	fclass.s	x19,f10	 f10:0x4d068000 x19=0x00000040
     418445.000 ns	     41843	80008b2c	01597e33	and	x28,x18,x21	 x18:0x00000001 x21:0x00000000 x28=0x00000000
     418455.000 ns	     41844	80008b30	00000013	addi	x0,x0,0	  x0:0x00000000
     418495.000 ns	     41848	80008b34	08e3a553	fsub.s	f10,f7,f14	  f7:0x4effffff f14:0x4f7fffff f10=0xceffffff
     418515.000 ns	     41850	80008b38	41e752b3	sra	x5,x14,x30	 x14:0x80041024 x30:0x00000000  x5=0x80041024
     418525.000 ns	     41851	80008b3c	40cfde93	srai	x29,x31,0xc	 x31:0x7ffbf000 x29=0x0007ffbf
     418535.000 ns	     41852	80008b40	00b955b3	srl	x11,x18,x11	 x18:0x00000001 x11:0x00000000 x11=0x00000001
     418565.000 ns	     41855	80008b44	5805fdd3	fsqrt.s	f27,f11	 f11:0x7f800000 f27=0x7f800000
     418585.000 ns	     41857	80008b48	8c195eb7	lui	x29,0x8c195	 x29=0x8c195000
     418595.000 ns	     41858	80008b4c	00ef9093	slli	x1,x31,0xe	 x31:0x7ffbf000  x1=0xfc000000
     418615.000 ns	     41860	80008b50	02372e33	mulhsu	x28,x14,x3	 x14:0x80041024  x3:0x4f7fffff x28=0xd8414303
     418645.000 ns	     41863	80008b54	02c978b3	remu	x17,x18,x12	 x18:0x00000001 x12:0x00000000 x17=0x00000001
     418675.000 ns	     41866	80008b58	e00c82d3	fmv.x.w	x5,f25	 f25:0x7fc00000  x5=0x7fc00000
     418695.000 ns	     41868	80008b5c	136e6093	ori	x1,x28,310	 x28:0xd8414303  x1=0xd8414337
     418715.000 ns	     41870	80008b60	03401bb3	mulh	x23,x0,x20	  x0:0x00000000 x20:0x0000003f x23=0x00000000
     418755.000 ns	     41874	80008b64	11c07ad3	fmul.s	f21,f0,f28	  f0:0x4f00040f f28:0x4f00040f f21=0x5e80081e
     418775.000 ns	     41876	80008b68	40f6d433	sra	x8,x13,x15	 x13:0x00000001 x15:0x00000000  x8=0x00000001
     418785.000 ns	     41877	80008b6c	00000013	addi	x0,x0,0	  x0:0x00000000
     418795.000 ns	     41878	80008b70	00bbfb33	and	x22,x23,x11	 x23:0x00000000 x11:0x00000001 x22=0x00000000
     418805.000 ns	     41879	80008b74	1d980a93	addi	x21,x16,473	 x16:0x00000004 x21=0x000001dd
     418815.000 ns	     41880	80008b78	80f1b7b7	lui	x15,0x80f1b	 x15=0x80f1b000
     418835.000 ns	     41882	80008b7c	d0149953	fcvt.s.wu	f18,x9	  x9:0x000000ff f18=0x437f0000
     418865.000 ns	     41885	80008b80	f00f0453	fmv.w.x	f8,x30	 x30:0x00000000  f8=0x00000000
     420045.000 ns	     42003	80008b84	5804f953	fsqrt.s	f18,f9	  f9:0x4f7fffff f18=0x47350461
     420075.000 ns	     42006	80008b88	f00384d3	fmv.w.x	f9,x7	  x7:0xfffff956  f9=0xfffff956
     420095.000 ns	     42008	80008b8c	41915213	srai	x4,x2,0x19	  x2:0x80040fe4  x4=0xffffffc0
     420115.000 ns	     42010	80008b90	293496d3	fmax.s	f13,f9,f19	  f9:0xfffff956 f19:0x7fc00000 f13=0x7fc00000
     420145.000 ns	     42013	80008b94	e0041e53	fclass.s	x28,f8	  f8:0x00000000 x28=0x00000010
     420195.000 ns	     42018	80008b98	09299dd3	fsub.s	f27,f19,f18	 f19:0x7fc00000 f18:0x47350461 f27=0x7fc00000
     420215.000 ns	     42020	80008b9c	00e12db3	slt	x27,x2,x14	  x2:0x80040fe4 x14:0x80041024 x27=0x00000001
     420235.000 ns	     42022	80008ba0	031911b3	mulh	x3,x18,x17	 x18:0x00000001 x17:0x00000001  x3=0x00000000
     420285.000 ns	     42027	80008ba4	0903fe53	fsub.s	f28,f7,f16	  f7:0x4effffff f16:0x4f00040f f28=0xc881e000
     420315.000 ns	     42030	80008ba8	284714d3	fmax.s	f9,f14,f4	 f14:0x4f7fffff  f4:0x00000000  f9=0x4f7fffff
     420335.000 ns	     42032	80008bac	2fd1e593	ori	x11,x3,765	  x3:0x00000000 x11=0x000002fd
     420355.000 ns	     42034	80008bb0	02dd0cb3	mul	x25,x26,x13	 x26:0x7ffff8a0 x13:0x00000001 x25=0x7ffff8a0
     420375.000 ns	     42036	80008bb4	406988b3	sub	x17,x19,x6	 x19:0x00000040  x6:0x00000000 x17=0x00000040
     420385.000 ns	     42037	80008bb8	e60ffa93	andi	x21,x31,-416	 x31:0x7ffbf000 x21=0x7ffbf000
     420395.000 ns	     42038	80008bbc	404d5e33	sra	x28,x26,x4	 x26:0x7ffff8a0  x4:0xffffffc0 x28=0x7ffff8a0
     420405.000 ns	     42039	80008bc0	e0e7c513	xori	x10,x15,-498	 x15:0x80f1b000 x10=0x7f0e4e0e
     420445.000 ns	     42043	80008bc4	018678d3	fadd.s	f17,f12,f24	 f12:0xbf800000 f24:0x7ffbf000 f17=0x7fc00000
     420465.000 ns	     42045	80008bc8	00125b33	srl	x22,x4,x1	  x4:0xffffffc0  x1:0xd8414337 x22=0x000001ff
     420475.000 ns	     42046	80008bcc	01d4deb3	srl	x29,x9,x29	  x9:0x000000ff x29:0x8c195000 x29=0x000000ff
     420495.000 ns	     42048	80008bd0	c00d71d3	fcvt.w.s	x3,f26	 f26:0x80000000  x3=0x00000000
     420525.000 ns	     42051	80008bd4	21209ad3	fsgnjn.s	f21,f1,f18	  f1:0x00000000 f18:0x47350461 f21=0x80000000
     420545.000 ns	     42053	80008bd8	002e7e33	and	x28,x28,x2	 x28:0x7ffff8a0  x2:0x80040fe4 x28=0x000408a0
     420555.000 ns	     42054	80008bdc	0043d913	srli	x18,x7,0x4	  x7:0xfffff956 x18=0x0fffff95
     420575.000 ns	     42056	80008be0	20430253	fsgnj.s	f4,f6,f4	  f6:0x7fc00000  f4:0x00000000  f4=0x7fc00000
     420605.000 ns	     42059	80008be4	c0124cd3	fcvt.wu.s	x25,f4	  f4:0x00000000 x25=0xffffffff
     420975.000 ns	     42096	80008be8	025cda33	divu	x20,x25,x5	 x25:0x7ffff8a0  x5:0x7fc00000 x20=0x00000002
     420995.000 ns	     42098	80008bec	005b7a33	and	x20,x22,x5	 x22:0x000001ff  x5:0x7fc00000 x20=0x00000000
     421005.000 ns	     42099	80008bf0	415a5a13	srai	x20,x20,0x15	 x20:0x00000002 x20=0x00000000
     421035.000 ns	     42102	80008bf4	10a38153	fmul.s	f2,f7,f10	  f7:0x4effffff f10:0xceffffff  f2=0xde7ffffe
     421055.000 ns	     42104	80008bf8	00ee6e33	or	x28,x28,x14	 x28:0x000408a0 x14:0x80041024 x28=0x800418a4
     421085.000 ns	     42107	80008bfc	580d74d3	fsqrt.s	f9,f26	 f26:0x80000000  f9=0x80000000
     421115.000 ns	     42110	80008c00	034747b3	div	x15,x14,x20	 x14:0x80041024 x20:0x00000000 x15=0xffffffff
     421135.000 ns	     42112	80008c04	fcb02393	slti	x7,x0,-53	  x0:0x00000000  x7=0x00000000
     421495.000 ns	     42148	80008c08	02195cb3	divu	x25,x18,x1	 x18:0x0fffff95  x1:0xd8414337 x25=0x00000000
     421525.000 ns	     42151	80008c0c	28d20f53	fmin.s	f30,f4,f13	  f4:0x7fc00000 f13:0x7fc00000 f30=0x7fc00000
     421555.000 ns	     42154	80008c10	a10114d3	flt.s	x9,f2,f16	  f2:0xde7ffffe f16:0x4f00040f  x9=0x00000001
     421575.000 ns	     42156	80008c14	0135b533	sltu	x10,x11,x19	 x11:0x000002fd x19:0x00000040 x10=0x00000000
     421605.000 ns	     42159	80008c18	580d2f53	fsqrt.s	f30,f26	 f26:0x80000000 f30=0x80000000
     421625.000 ns	     42161	80008c1c	ca574693	xori	x13,x14,-859	 x14:0x80041024 x13=0x7ffbec81
     421645.000 ns	     42163	80008c20	03bfa5b3	mulhsu	x11,x31,x27	 x31:0x7ffbf000 x27:0x00000001 x11=0x00000000
     421665.000 ns	     42165	80008c24	6085cd13	xori	x26,x11,1544	 x11:0x000002fd x26=0x00000608
     421675.000 ns	     42166	80008c28	41e3dbb3	sra	x23,x7,x30	  x7:0x00000000 x30:0x00000000 x23=0x00000000
     421695.000 ns	     42168	80008c2c	031e33b3	mulhu	x7,x28,x17	 x28:0x800418a4 x17:0x00000040  x7=0x00000020
     421725.000 ns	     42171	80008c30	20c31153	fsgnjn.s	f2,f6,f12	  f6:0x7fc00000 f12:0xbf800000  f2=0x7fc00000
     421745.000 ns	     42173	80008c34	01bc9d13	slli	x26,x25,0x1b	 x25:0x00000000 x26=0x00000000
     421755.000 ns	     42174	80008c38	8c7f2613	slti	x12,x30,-1849	 x30:0x00000000 x12=0x00000000
     421765.000 ns	     42175	80008c3c	804bcc13	xori	x24,x23,-2044	 x23:0x00000000 x24=0xfffff804
     421775.000 ns	     42176	80008c40	3404f593	andi	x11,x9,832	  x9:0x00000001 x11=0x00000000
     421785.000 ns	     42177	80008c44	18ef0337	lui	x6,0x18ef0	  x6=0x18ef0000
     421795.000 ns	     42178	80008c48	4183de93	srai	x29,x7,0x18	  x7:0x00000020 x29=0x00000000
     421815.000 ns	     42180	80008c4c	e0039653	fclass.s	x12,f7	  f7:0x4effffff x12=0x00000040
     421845.000 ns	     42183	80008c50	e0050f53	fmv.x.w	x30,f10	 f10:0xceffffff x30=0xceffffff
     422215.000 ns	     42220	80008c54	02efdeb3	divu	x29,x31,x14	 x31:0x7ffbf000 x14:0x80041024 x29=0x00000000
     422235.000 ns	     42222	80008c58	41a056b3	sra	x13,x0,x26	  x0:0x00000000 x26:0x00000000 x13=0x00000000
     422255.000 ns	     42224	80008c5c	e00d17d3	fclass.s	x15,f26	 f26:0x80000000 x15=0x00000008
     422295.000 ns	     42228	80008c60	1979a0d3	fdiv.s	f1,f19,f23	 f19:0x7fc00000 f23:0x00000000  f1=0x7fc00000
     422315.000 ns	     42230	80008c64	419ed4b3	sra	x9,x29,x25	 x29:0x00000000 x25:0x00000000  x9=0x00000000
     422675.000 ns	     42266	80008c68	0256edb3	rem	x27,x13,x5	 x13:0x00000000  x5:0x7fc00000 x27=0x00000000
     422705.000 ns	     42269	80008c6c	c00bc3d3	fcvt.w.s	x7,f23	 f23:0x00000000  x7=0x00000000
     422725.000 ns	     42271	80008c70	eab5ae13	slti	x28,x11,-341	 x11:0x00000000 x28=0x00000000
     422765.000 ns	     42275	80008c74	01307a53	fadd.s	f20,f0,f19	  f0:0x4f00040f f19:0x7fc00000 f20=0x7fc00000
     422795.000 ns	     42278	80008c78	f0070b53	fmv.w.x	f22,x14	 x14:0x80041024 f22=0x80041024
     422815.000 ns	     42280	80008c7c	00000013	addi	x0,x0,0	  x0:0x00000000
     422835.000 ns	     42282	80008c80	032a11b3	mulh	x3,x20,x18	 x20:0x00000000 x18:0x0fffff95  x3=0x00000000
     422855.000 ns	     42284	80008c84	550d2013	slti	x0,x26,1360	 x26:0x00000000
     422875.000 ns	     42286	80008c88	03c75033	divu	x0,x14,x28	 x14:0x80041024 x28:0x00000000
     422905.000 ns	     42289	80008c8c	024e2eb3	mulhsu	x29,x28,x4	 x28:0x00000000  x4:0xffffffc0 x29=0x00000000
     422935.000 ns	     42292	80008c90	0270a5b3	mulhsu	x11,x1,x7	  x1:0xd8414337  x7:0x00000000 x11=0x00000000
     422955.000 ns	     42294	80008c94	00bf20b3	slt	x1,x30,x11	 x30:0xceffffff x11:0x00000000  x1=0x00000001
     422995.000 ns	     42298	80008c98	0108cc53	fadd.s	f24,f17,f16	 f17:0x7fc00000 f16:0x4f00040f f24=0x7fc00000
     423025.000 ns	     42301	80008c9c	21d68c53	fsgnj.s	f24,f13,f29	 f13:0x7fc00000 f29:0x7fc00000 f24=0x7fc00000
     423045.000 ns	     42303	80008ca0	edca4e93	xori	x29,x20,-292	 x20:0x00000000 x29=0xfffffedc
     423405.000 ns	     42339	80008ca4	02507eb3	remu	x29,x0,x5	  x0:0x00000000  x5:0x7fc00000 x29=0x00000000
     423435.000 ns	     42342	80008ca8	21711253	fsgnjn.s	f4,f2,f23	  f2:0x7fc00000 f23:0x00000000  f4=0xffc00000
     423805.000 ns	     42379	80008cac	035e7c33	remu	x24,x28,x21	 x28:0x00000000 x21:0x7ffbf000 x24=0x00000000
     423825.000 ns	     42381	80008cb0	015717b3	sll	x15,x14,x21	 x14:0x80041024 x21:0x7ffbf000 x15=0x80041024
     423855.000 ns	     42384	80008cb4	118fa253	fmul.s	f4,f31,f24	 f31:0x7fc00000 f24:0x7fc00000  f4=0x7fc00000
     423875.000 ns	     42386	80008cb8	0093ee33	or	x28,x7,x9	  x7:0x00000000  x9:0x00000000 x28=0x00000000
     423895.000 ns	     42388	80008cbc	a1b922d3	feq.s	x5,f18,f27	 f18:0x47350461 f27:0x7fc00000  x5=0x00000000
     423925.000 ns	     42391	80008cc0	205f1053	fsgnjn.s	f0,f30,f5	 f30:0x80000000  f5:0x473504ab  f0=0x80000000
     423945.000 ns	     42393	80008cc4	003d12b3	sll	x5,x26,x3	 x26:0x00000000  x3:0x00000000  x5=0x00000000
     423955.000 ns	     42394	80008cc8	00e85793	srli	x15,x16,0xe	 x16:0x00000004 x15=0x00000000
     423975.000 ns	     42396	80008ccc	e00d88d3	fmv.x.w	x17,f27	 f27:0x7fc00000 x17=0x7fc00000
     424005.000 ns	     42399	80008cd0	29751353	fmax.s	f6,f10,f23	 f10:0xceffffff f23:0x00000000  f6=0x00000000
     424035.000 ns	     42402	80008cd4	f0010c53	fmv.w.x	f24,x2	  x2:0x80040fe4 f24=0x80040fe4
     424065.000 ns	     42405	80008cd8	d00af6d3	fcvt.s.w	f13,x21	 x21:0x7ffbf000 f13=0x4efff7e0
     424085.000 ns	     42407	80008cdc	bd62bf93	sltiu	x31,x5,-1066	  x5:0x00000000 x31=0x00000001
     424105.000 ns	     42409	80008ce0	21d907d3	fsgnj.s	f15,f18,f29	 f18:0x47350461 f29:0x7fc00000 f15=0x47350461
     424125.000 ns	     42411	80008ce4	00585a13	srli	x20,x16,0x5	 x16:0x00000004 x20=0x00000000
     424145.000 ns	     42413	80008ce8	293595d3	fmax.s	f11,f11,f19	 f11:0x7f800000 f19:0x7fc00000 f11=0x7f800000
     424175.000 ns	     42416	80008cec	209792d3	fsgnjn.s	f5,f15,f9	 f15:0x47350461  f9:0x80000000  f5=0x47350461
     424205.000 ns	     42419	80008cf0	035c83b3	mul	x7,x25,x21	 x25:0x00000000 x21:0x7ffbf000  x7=0x00000000
     424225.000 ns	     42421	80008cf4	00d76c33	or	x24,x14,x13	 x14:0x80041024 x13:0x00000000 x24=0x80041024
     424235.000 ns	     42422	80008cf8	015927b3	slt	x15,x18,x21	 x18:0x0fffff95 x21:0x7ffbf000 x15=0x00000001
     424245.000 ns	     42423	80008cfc	0f3349b7	lui	x19,0xf334	 x19=0x0f334000
     424255.000 ns	     42424	80008d00	01288fb3	add	x31,x17,x18	 x17:0x7fc00000 x18:0x0fffff95 x31=0x8fbfff95
     424275.000 ns	     42426	80008d04	021d1d33	mulh	x26,x26,x1	 x26:0x00000000  x1:0x00000001 x26=0x00000000
     424305.000 ns	     42429	80008d08	a109a0d3	feq.s	x1,f19,f16	 f19:0x7fc00000 f16:0x4f00040f  x1=0x00000000
     424325.000 ns	     42431	80008d0c	019f5913	srli	x18,x30,0x19	 x30:0xceffffff x18=0x00000067
     424335.000 ns	     42432	80008d10	57f2cf93	xori	x31,x5,1407	  x5:0x00000000 x31=0x0000057f
     424375.000 ns	     42436	80008d14	01d11553	fadd.s	f10,f2,f29	  f2:0x7fc00000 f29:0x7fc00000 f10=0x7fc00000
     424745.000 ns	     42473	80008d18	036cdf33	divu	x30,x25,x22	 x25:0x00000000 x22:0x000001ff x30=0x00000000
     424775.000 ns	     42476	80008d1c	f00a0bd3	fmv.w.x	f23,x20	 x20:0x00000000 f23=0x00000000
     424795.000 ns	     42478	80008d20	ad5fbd93	sltiu	x27,x31,-1323	 x31:0x0000057f x27=0x00000001
     424815.000 ns	     42480	80008d24	20622ad3	fsgnjx.s	f21,f4,f6	  f4:0x7fc00000  f6:0x00000000 f21=0x7fc00000
     424845.000 ns	     42483	80008d28	e0089d53	fclass.s	x26,f17	 f17:0x7fc00000 x26=0x00000200
     424865.000 ns	     42485	80008d2c	2887bb93	sltiu	x23,x15,648	 x15:0x00000001 x23=0x00000001
     424875.000 ns	     42486	80008d30	415fd413	srai	x8,x31,0x15	 x31:0x0000057f  x8=0x00000000
     424885.000 ns	     42487	80008d34	672fea13	ori	x20,x31,1650	 x31:0x0000057f x20=0x0000077f
     424895.000 ns	     42488	80008d38	01e79893	slli	x17,x15,0x1e	 x15:0x00000001 x17=0x40000000
     424905.000 ns	     42489	80008d3c	00000013	addi	x0,x0,0	  x0:0x00000000
     425265.000 ns	     42525	80008d40	031fd033	divu	x0,x31,x17	 x31:0x0000057f x17:0x7fc00000
     425295.000 ns	     42528	80008d44	02c40333	mul	x6,x8,x12	  x8:0x00000000 x12:0x00000040  x6=0x00000000
     425335.000 ns	     42532	80008d48	58020653	fsqrt.s	f12,f4	  f4:0x7fc00000 f12=0x7fc00000
     425355.000 ns	     42534	80008d4c	c58aa213	slti	x4,x21,-936	 x21:0x7ffbf000  x4=0x00000000
     425365.000 ns	     42535	80008d50	01da8a33	add	x20,x21,x29	 x21:0x7ffbf000 x29:0x00000000 x20=0x7ffbf000
     425395.000 ns	     42538	80008d54	19a409d3	fdiv.s	f19,f8,f26	  f8:0x00000000 f26:0x80000000 f19=0x7fc00000
     425425.000 ns	     42541	80008d58	027e98b3	mulh	x17,x29,x7	 x29:0x00000000  x7:0x00000000 x17=0x00000000
     425445.000 ns	     42543	80008d5c	5f3a4417	auipc	x8,0x5f3a4	  x8=0xdf3acd5c
     425465.000 ns	     42545	80008d60	a185a7d3	feq.s	x15,f11,f24	 f11:0x7f800000 f24:0x80040fe4 x15=0x00000000
     425505.000 ns	     42549	80008d64	18d4b453	fdiv.s	f8,f9,f13	  f9:0x80000000 f13:0x4efff7e0  f8=0x80000000
     425525.000 ns	     42551	80008d68	016d3c33	sltu	x24,x26,x22	 x26:0x00000200 x22:0x000001ff x24=0x00000000
     425885.000 ns	     42587	80008d6c	03b65f33	divu	x30,x12,x27	 x12:0x00000040 x27:0x00000001 x30=0x00000040
     425915.000 ns	     42590	80008d70	29cb9353	fmax.s	f6,f23,f28	 f23:0x00000000 f28:0xc881e000  f6=0x00000000
     425935.000 ns	     42592	80008d74	01e84033	xor	x0,x16,x30	 x16:0x00000004 x30:0x00000040
     425945.000 ns	     42593	80008d78	01b09393	slli	x7,x1,0x1b	  x1:0x00000000  x7=0x00000000
     427115.000 ns	     42710	80008d7c	580398d3	fsqrt.s	f17,f7	  f7:0x4effffff f17=0x473504ab
     427135.000 ns	     42712	80008d80	00702933	slt	x18,x0,x7	  x0:0x00000000  x7:0x00000000 x18=0x00000000
     427155.000 ns	     42714	80008d84	29e397d3	fmax.s	f15,f7,f30	  f7:0x4effffff f30:0x80000000 f15=0x4effffff
     427185.000 ns	     42717	80008d88	a15e8dd3	fle.s	x27,f29,f21	 f29:0x7fc00000 f21:0x7fc00000 x27=0x00000000
     427215.000 ns	     42720	80008d8c	c0193fd3	fcvt.wu.s	x31,f18	 f18:0x47350461 x31=0x0000b505
     427245.000 ns	     42723	80008d90	c015ca53	fcvt.wu.s	x20,f11	 f11:0x7f800000 x20=0xffffffff
     427275.000 ns	     42726	80008d94	c01abe53	fcvt.wu.s	x28,f21	 f21:0x7fc00000 x28=0xffffffff
     427295.000 ns	     42728	80008d98	07a8f013	andi	x0,x17,122	 x17:0x00000000
     427315.000 ns	     42730	80008d9c	29e401d3	fmin.s	f3,f8,f30	  f8:0x80000000 f30:0x80000000  f3=0x80000000
     427345.000 ns	     42733	80008da0	e00a88d3	fmv.x.w	x17,f21	 f21:0x7fc00000 x17=0x7fc00000
     427365.000 ns	     42735	80008da4	00ed12b3	sll	x5,x26,x14	 x26:0x00000200 x14:0x80041024  x5=0x00002000
     427375.000 ns	     42736	80008da8	004799b3	sll	x19,x15,x4	 x15:0x00000000  x4:0x00000000 x19=0x00000000
     427385.000 ns	     42737	80008dac	40bf8333	sub	x6,x31,x11	 x31:0x0000b505 x11:0x00000000  x6=0x0000b505
     427405.000 ns	     42739	80008db0	03b66e33	rem	x28,x12,x27	 x12:0x00000040 x27:0x00000000 x28=0x00000040
     427435.000 ns	     42742	80008db4	02e30eb3	mul	x29,x6,x14	  x6:0x00000000 x14:0x80041024 x29=0x5f7dc4b4
     427465.000 ns	     42745	80008db8	a1bb8053	fle.s	x0,f23,f27	 f23:0x00000000 f27:0x7fc00000
     427485.000 ns	     42747	80008dbc	f36906b7	lui	x13,0xf3690	 x13=0xf3690000
     427505.000 ns	     42749	80008dc0	039e9fb3	mulh	x31,x29,x25	 x29:0x5f7dc4b4 x25:0x00000000 x31=0x00000000
     427535.000 ns	     42752	80008dc4	024cebb3	rem	x23,x25,x4	 x25:0x00000000  x4:0x00000000 x23=0x00000000
     427565.000 ns	     42755	80008dc8	f0050853	fmv.w.x	f16,x10	 x10:0x00000000 f16=0x00000000
     427605.000 ns	     42759	80008dcc	18257a53	fdiv.s	f20,f10,f2	 f10:0x7fc00000  f2:0x7fc00000 f20=0x7fc00000
     427635.000 ns	     42762	80008dd0	2182a753	fsgnjx.s	f14,f5,f24	  f5:0x47350461 f24:0x80040fe4 f14=0xc7350461
     427665.000 ns	     42765	80008dd4	c00dcad3	fcvt.w.s	x21,f27	 f27:0x7fc00000 x21=0x7fffffff
     427685.000 ns	     42767	80008dd8	4087d633	sra	x12,x15,x8	 x15:0x00000000  x8:0xdf3acd5c x12=0x00000000
     427705.000 ns	     42769	80008ddc	286e8dd3	fmin.s	f27,f29,f6	 f29:0x7fc00000  f6:0x00000000 f27=0x00000000
     427725.000 ns	     42771	80008de0	21f63593	sltiu	x11,x12,543	 x12:0x00000040 x11=0x00000001
     427735.000 ns	     42772	80008de4	d04a8693	addi	x13,x21,-764	 x21:0x7fffffff x13=0x7ffffd03
     427745.000 ns	     42773	80008de8	e0d7fb93	andi	x23,x15,-499	 x15:0x00000000 x23=0x00000000
     427755.000 ns	     42774	80008dec	40d4d897	auipc	x17,0x40d4d	 x17=0xc0d55dec
     427765.000 ns	     42775	80008df0	8a1b3893	sltiu	x17,x22,-1887	 x22:0x000001ff x17=0x00000001
     427775.000 ns	     42776	80008df4	ad29c397	auipc	x7,0xad29c	  x7=0x2d2a4df4
     427785.000 ns	     42777	80008df8	00449b33	sll	x22,x9,x4	  x9:0x00000000  x4:0x00000000 x22=0x00000000
     427805.000 ns	     42779	80008dfc	c016a1d3	fcvt.wu.s	x3,f13	 f13:0x4efff7e0  x3=0x7ffbf000
     427845.000 ns	     42783	80008e00	11dafcd3	fmul.s	f25,f21,f29	 f21:0x7fc00000 f29:0x7fc00000 f25=0x7fc00000
     427875.000 ns	     42786	80008e04	02c40533	mul	x10,x8,x12	  x8:0xdf3acd5c x12:0x00000000 x10=0x00000000
     427895.000 ns	     42788	80008e08	00679793	slli	x15,x15,0x6	 x15:0x00000000 x15=0x00000000
     427915.000 ns	     42790	80008e0c	02096e33	rem	x28,x18,x0	 x18:0x00000000  x0:0x00000000 x28=0x00000000
     427935.000 ns	     42792	80008e10	01e92f33	slt	x30,x18,x30	 x18:0x00000000 x30:0x00000040 x30=0x00000001
     427945.000 ns	     42793	80008e14	016dbeb3	sltu	x29,x27,x22	 x27:0x00000000 x22:0x00000000 x29=0x00000000
     427955.000 ns	     42794	80008e18	64837e13	andi	x28,x6,1608	  x6:0x0000b505 x28=0x00000400
     427975.000 ns	     42796	80008e1c	a16795d3	flt.s	x11,f15,f22	 f15:0x4effffff f22:0x80041024 x11=0x00000000
     428015.000 ns	     42800	80008e20	108efb53	fmul.s	f22,f29,f8	 f29:0x7fc00000  f8:0x80000000 f22=0x7fc00000
     428045.000 ns	     42803	80008e24	28c79653	fmax.s	f12,f15,f12	 f15:0x4effffff f12:0x7fc00000 f12=0x4effffff
     428415.000 ns	     42840	80008e28	02754b33	div	x22,x10,x7	 x10:0x00000000  x7:0x2d2a4df4 x22=0x00000000
     428435.000 ns	     42842	80008e2c	b6b42b93	slti	x23,x8,-1173	  x8:0xdf3acd5c x23=0x00000001
     429605.000 ns	     42959	80008e30	5807fa53	fsqrt.s	f20,f15	 f15:0x4effffff f20=0x473504ab
     429635.000 ns	     42962	80008e34	d00ffbd3	fcvt.s.w	f23,x31	 x31:0x00000000 f23=0x00000000
     429665.000 ns	     42965	80008e38	d01ff2d3	fcvt.s.wu	f5,x31	 x31:0x00000000  f5=0x00000000
     429685.000 ns	     42967	80008e3c	000e84b3	add	x9,x29,x0	 x29:0x00000000  x0:0x00000000  x9=0x00000000
     429705.000 ns	     42969	80008e40	d00bf053	fcvt.s.w	f0,x23	 x23:0x00000001  f0=0x3f800000
     429725.000 ns	     42971	80008e44	98e00b37	lui	x22,0x98e00	 x22=0x98e00000
     430085.000 ns	     43007	80008e48	03e1d2b3	divu	x5,x3,x30	  x3:0x7ffbf000 x30:0x00000001  x5=0x7ffbf000
     430115.000 ns	     43010	80008e4c	e0028253	fmv.x.w	x4,f5	  f5:0x00000000  x4=0x00000000
     430145.000 ns	     43013	80008e50	f00381d3	fmv.w.x	f3,x7	  x7:0x2d2a4df4  f3=0x2d2a4df4
     430175.000 ns	     43016	80008e54	d01970d3	fcvt.s.wu	f1,x18	 x18:0x00000000  f1=0x00000000
     430205.000 ns	     43019	80008e58	f0030a53	fmv.w.x	f20,x6	  x6:0x0000b505 f20=0x0000b505
     430225.000 ns	     43021	80008e5c	af864d93	xori	x27,x12,-1288	 x12:0x00000000 x27=0xfffffaf8
     430245.000 ns	     43023	80008e60	027d26b3	mulhsu	x13,x26,x7	 x26:0x00000200  x7:0x2d2a4df4 x13=0x0000005a
     430275.000 ns	     43026	80008e64	02026c33	rem	x24,x4,x0	  x4:0x00000000  x0:0x00000000 x24=0x00000000
     430305.000 ns	     43029	80008e68	f00403d3	fmv.w.x	f7,x8	  x8:0xdf3acd5c  f7=0xdf3acd5c
     430675.000 ns	     43066	80008e6c	030667b3	rem	x15,x12,x16	 x12:0x00000000 x16:0x00000004 x15=0x00000000
     431045.000 ns	     43103	80008e70	03c05533	divu	x10,x0,x28	  x0:0x00000000 x28:0x00000400 x10=0x00000000
     431065.000 ns	     43105	80008e74	e1582413	slti	x8,x16,-491	 x16:0x00000004  x8=0x00000000
     432235.000 ns	     43222	80008e78	5807f153	fsqrt.s	f2,f15	 f15:0x4effffff  f2=0x473504ab
     432265.000 ns	     43225	80008e7c	c0124ed3	fcvt.wu.s	x29,f4	  f4:0x7fc00000 x29=0xffffffff
     432285.000 ns	     43227	80008e80	af4ba613	slti	x12,x23,-1292	 x23:0x00000001 x12=0x00000000
     432305.000 ns	     43229	80008e84	20a59ed3	fsgnjn.s	f29,f11,f10	 f11:0x7f800000 f10:0x7fc00000 f29=0xff800000
     432345.000 ns	     43233	80008e88	19b1f053	fdiv.s	f0,f3,f27	  f3:0x2d2a4df4 f27:0x00000000  f0=0x7f800000
     432385.000 ns	     43237	80008e8c	1137fcd3	fmul.s	f25,f15,f19	 f15:0x4effffff f19:0x7fc00000 f25=0x7fc00000
     432435.000 ns	     43242	80008e90	0963fed3	fsub.s	f29,f7,f22	  f7:0xdf3acd5c f22:0x7fc00000 f29=0x7fc00000
     432475.000 ns	     43246	80008e94	110eb653	fmul.s	f12,f29,f16	 f29:0xff800000 f16:0x00000000 f12=0x7fc00000
     432525.000 ns	     43251	80008e98	00e87ed3	fadd.s	f29,f16,f14	 f16:0x00000000 f14:0xc7350461 f29=0xc7350461
     432545.000 ns	     43253	80008e9c	010d8533	add	x10,x27,x16	 x27:0xfffffaf8 x16:0x00000004 x10=0xfffffafc
     432565.000 ns	     43255	80008ea0	f00c0953	fmv.w.x	f18,x24	 x24:0x00000000 f18=0x00000000
     432585.000 ns	     43257	80008ea4	014fda13	srli	x20,x31,0x14	 x31:0x00000000 x20=0x00000000
     432605.000 ns	     43259	80008ea8	217b0f53	fsgnj.s	f30,f22,f23	 f22:0x7fc00000 f23:0x00000000 f30=0x7fc00000
     432625.000 ns	     43261	80008eac	003060b3	or	x1,x0,x3	  x0:0x00000000  x3:0x7ffbf000  x1=0x7ffbf000
     432645.000 ns	     43263	80008eb0	c01218d3	fcvt.wu.s	x17,f4	  f4:0x7fc00000 x17=0xffffffff
     432665.000 ns	     43265	80008eb4	002be333	or	x6,x23,x2	 x23:0x00000001  x2:0x80040fe4  x6=0x80040fe5
     432695.000 ns	     43268	80008eb8	5805ff53	fsqrt.s	f30,f11	 f11:0x7f800000 f30=0x7f800000
     433065.000 ns	     43305	80008ebc	025fc9b3	div	x19,x31,x5	 x31:0x00000000  x5:0x7ffbf000 x19=0x00000000
     433435.000 ns	     43342	80008ec0	02db6db3	rem	x27,x22,x13	 x22:0x98e00000 x13:0x0000005a x27=0xffffffe2
     433455.000 ns	     43344	80008ec4	01079e13	slli	x28,x15,0x10	 x15:0x00000000 x28=0x00000000
     433475.000 ns	     43346	80008ec8	c01221d3	fcvt.wu.s	x3,f4	  f4:0x7fc00000  x3=0xffffffff
     433495.000 ns	     43348	80008ecc	6470f193	andi	x3,x1,1607	  x1:0x7ffbf000  x3=0x00000000
     433505.000 ns	     43349	80008ed0	00f09d13	slli	x26,x1,0xf	  x1:0x7ffbf000 x26=0xf8000000
     433515.000 ns	     43350	80008ed4	8dbf3893	sltiu	x17,x30,-1829	 x30:0x00000001 x17=0x00000001
     433535.000 ns	     43352	80008ed8	e00e0ed3	fmv.x.w	x29,f28	 f28:0xc881e000 x29=0xc881e000
     433555.000 ns	     43354	80008edc	e737a393	slti	x7,x15,-397	 x15:0x00000000  x7=0x00000000
     433575.000 ns	     43356	80008ee0	a0378bd3	fle.s	x23,f15,f3	 f15:0x4effffff  f3:0x2d2a4df4 x23=0x00000000
     433605.000 ns	     43359	80008ee4	029db5b3	mulhu	x11,x27,x9	 x27:0xffffffe2  x9:0x00000000 x11=0x00000000
     433635.000 ns	     43362	80008ee8	a1899453	flt.s	x8,f19,f24	 f19:0x7fc00000 f24:0x80040fe4  x8=0x00000000
     433665.000 ns	     43365	80008eec	03a72f33	mulhsu	x30,x14,x26	 x14:0x80041024 x26:0xf8000000 x30=0x8403efa2
     433685.000 ns	     43367	80008ef0	38ee3b13	sltiu	x22,x28,910	 x28:0x00000000 x22=0x00000001
     434045.000 ns	     43403	80008ef4	0261fdb3	remu	x27,x3,x6	  x3:0x00000000  x6:0x80040fe5 x27=0x00000000
     434065.000 ns	     43405	80008ef8	00b9a433	slt	x8,x19,x11	 x19:0x00000000 x11:0x00000000  x8=0x00000000
     434085.000 ns	     43407	80008efc	20b10dd3	fsgnj.s	f27,f2,f11	  f2:0x473504ab f11:0x7f800000 f27=0x473504ab
     434135.000 ns	     43412	80008f00	0140f453	fadd.s	f8,f1,f20	  f1:0x00000000 f20:0x0000b505  f8=0x0000b505
     434505.000 ns	     43449	80008f04	03046233	rem	x4,x8,x16	  x8:0x00000000 x16:0x00000004  x4=0x00000000
     434525.000 ns	     43451	80008f08	007767b3	or	x15,x14,x7	 x14:0x80041024  x7:0x00000000 x15=0x80041024
     434545.000 ns	     43453	80008f0c	d00849d3	fcvt.s.w	f19,x16	 x16:0x00000004 f19=0x40800000
     434565.000 ns	     43455	80008f10	01634bb3	xor	x23,x6,x22	  x6:0x80040fe5 x22:0x00000001 x23=0x80040fe4
     434575.000 ns	     43456	80008f14	000d5693	srli	x13,x26,0x0	 x26:0xf8000000 x13=0xf8000000
     434595.000 ns	     43458	80008f18	e00f87d3	fmv.x.w	x15,f31	 f31:0x7fc00000 x15=0x7fc00000
     434625.000 ns	     43461	80008f1c	d01a3cd3	fcvt.s.wu	f25,x20	 x20:0x00000000 f25=0x00000000
     434645.000 ns	     43463	80008f20	00e1ee33	or	x28,x3,x14	  x3:0x00000000 x14:0x80041024 x28=0x80041024
     434665.000 ns	     43465	80008f24	20fa1ed3	fsgnjn.s	f29,f20,f15	 f20:0x0000b505 f15:0x4effffff f29=0x8000b505
     434685.000 ns	     43467	80008f28	01ba6d33	or	x26,x20,x27	 x20:0x00000000 x27:0x00000000 x26=0x00000000
     434695.000 ns	     43468	80008f2c	3628bd37	lui	x26,0x3628b	 x26=0x3628b000
     434705.000 ns	     43469	80008f30	8d292913	slti	x18,x18,-1838	 x18:0x00000000 x18=0x00000000
     434735.000 ns	     43472	80008f34	11aea353	fmul.s	f6,f29,f26	 f29:0x8000b505 f26:0x80000000  f6=0x00000000
     434765.000 ns	     43475	80008f38	a12810d3	flt.s	x1,f16,f18	 f16:0x00000000 f18:0x00000000  x1=0x00000000
     434795.000 ns	     43478	80008f3c	d012a653	fcvt.s.wu	f12,x5	  x5:0x7ffbf000 f12=0x4efff7e0
     434825.000 ns	     43481	80008f40	021f78b3	remu	x17,x30,x1	 x30:0x8403efa2  x1:0x00000000 x17=0x8403efa2
     434855.000 ns	     43484	80008f44	03b583b3	mul	x7,x11,x27	 x11:0x00000000 x27:0x00000000  x7=0x00000000
     434875.000 ns	     43486	80008f48	d2bd56b7	lui	x13,0xd2bd5	 x13=0xd2bd5000
     434895.000 ns	     43488	80008f4c	a1fc0b53	fle.s	x22,f24,f31	 f24:0x80040fe4 f31:0x7fc00000 x22=0x00000000
     435265.000 ns	     43525	80008f50	02fbd7b3	divu	x15,x23,x15	 x23:0x80040fe4 x15:0x7fc00000 x15=0x00000001
     435295.000 ns	     43528	80008f54	d0007953	fcvt.s.w	f18,x0	  x0:0x00000000 f18=0x00000000
     435325.000 ns	     43531	80008f58	d0159ad3	fcvt.s.wu	f21,x11	 x11:0x00000000 f21=0x00000000
     435345.000 ns	     43533	80008f5c	00e8fa33	and	x20,x17,x14	 x17:0x8403efa2 x14:0x80041024 x20=0x80000020
     435355.000 ns	     43534	80008f60	e0c33a13	sltiu	x20,x6,-500	  x6:0x80040fe5 x20=0x00000001
     435365.000 ns	     43535	80008f64	bdeaea97	auipc	x21,0xbdeae	 x21=0x3deb6f64
     435395.000 ns	     43538	80008f68	580afdd3	fsqrt.s	f27,f21	 f21:0x00000000 f27=0x00000000
     435425.000 ns	     43541	80008f6c	d01ccad3	fcvt.s.wu	f21,x25	 x25:0x00000000 f21=0x00000000
     435445.000 ns	     43543	80008f70	66dcc593	xori	x11,x25,1645	 x25:0x00000000 x11=0x0000066d
     435465.000 ns	     43545	80008f74	29741853	fmax.s	f16,f8,f23	  f8:0x0000b505 f23:0x00000000 f16=0x0000b505
     435495.000 ns	     43548	80008f78	206a15d3	fsgnjn.s	f11,f20,f6	 f20:0x0000b505  f6:0x00000000 f11=0x8000b505
     435525.000 ns	     43551	80008f7c	c00802d3	fcvt.w.s	x5,f16	 f16:0x0000b505  x5=0x00000000
     435545.000 ns	     43553	80008f80	001a9533	sll	x10,x21,x1	 x21:0x3deb6f64  x1:0x00000000 x10=0x3deb6f64
     435565.000 ns	     43555	80008f84	e00490d3	fclass.s	x1,f9	  f9:0x80000000  x1=0x00000008
     435595.000 ns	     43558	80008f88	a1bf8a53	fle.s	x20,f31,f27	 f31:0x7fc00000 f27:0x00000000 x20=0x00000000
     435625.000 ns	     43561	80008f8c	03f2d533	divu	x10,x5,x31	  x5:0x00000000 x31:0x00000000 x10=0xffffffff
     435995.000 ns	     43598	80008f90	0210c4b3	div	x9,x1,x1	  x1:0x00000008  x1:0x00000008  x9=0x00000001
     436015.000 ns	     43600	80008f94	00000013	addi	x0,x0,0	  x0:0x00000000
     436025.000 ns	     43601	80008f98	0474bb93	sltiu	x23,x9,71	  x9:0x00000001 x23=0x00000001
     436385.000 ns	     43637	80008f9c	031bca33	div	x20,x23,x17	 x23:0x80040fe4 x17:0x8403efa2 x20=0x00000000
     436425.000 ns	     43641	80008fa0	580e7153	fsqrt.s	f2,f28	 f28:0xc881e000  f2=0x7fc00000
     436455.000 ns	     43644	80008fa4	a0369a53	flt.s	x20,f13,f3	 f13:0x4efff7e0  f3:0x2d2a4df4 x20=0x00000000
     436475.000 ns	     43646	80008fa8	01c5f033	and	x0,x11,x28	 x11:0x0000066d x28:0x80041024
     436835.000 ns	     43682	80008fac	02dfe7b3	rem	x15,x31,x13	 x31:0x00000000 x13:0xd2bd5000 x15=0x00000000
     436875.000 ns	     43686	80008fb0	580ef5d3	fsqrt.s	f11,f29	 f29:0x8000b505 f11=0x7fc00000
     436905.000 ns	     43689	80008fb4	29ee9ad3	fmax.s	f21,f29,f30	 f29:0x8000b505 f30:0x7f800000 f21=0x7f800000
     436935.000 ns	     43692	80008fb8	e00d0a53	fmv.x.w	x20,f26	 f26:0x80000000 x20=0x80000000
     436955.000 ns	     43694	80008fbc	017de233	or	x4,x27,x23	 x27:0x00000000 x23:0x00000001  x4=0x00000001
     436975.000 ns	     43696	80008fc0	286d1ad3	fmax.s	f21,f26,f6	 f26:0x80000000  f6:0x00000000 f21=0x00000000
     437005.000 ns	     43699	80008fc4	c010a253	fcvt.wu.s	x4,f1	  f1:0x00000000  x4=0x00000000
     437025.000 ns	     43701	80008fc8	6ca8c513	xori	x10,x17,1738	 x17:0x8403efa2 x10=0x8403e968
     437065.000 ns	     43705	80008fcc	08b27d53	fsub.s	f26,f4,f11	  f4:0x7fc00000 f11:0x7fc00000 f26=0x7fc00000
     437095.000 ns	     43708	80008fd0	d002f3d3	fcvt.s.w	f7,x5	  x5:0x00000000  f7=0x00000000
     437115.000 ns	     43710	80008fd4	afacfd93	andi	x27,x25,-1286	 x25:0x00000000 x27=0x00000000
     437135.000 ns	     43712	80008fd8	034a20b3	mulhsu	x1,x20,x20	 x20:0x80000000 x20:0x80000000  x1=0xc0000000
     437155.000 ns	     43714	80008fdc	0026a4b3	slt	x9,x13,x2	 x13:0xd2bd5000  x2:0x80040fe4  x9=0x00000000
     437165.000 ns	     43715	80008fe0	fe4e7e93	andi	x29,x28,-28	 x28:0x80041024 x29=0x80041024
     437175.000 ns	     43716	80008fe4	00f1db33	srl	x22,x3,x15	  x3:0x00000000 x15:0x00000000 x22=0x00000000
     437535.000 ns	     43752	80008fe8	03407a33	remu	x20,x0,x20	  x0:0x00000000 x20:0x80000000 x20=0x00000000
     437555.000 ns	     43754	80008fec	55d4a213	slti	x4,x9,1373	  x9:0x00000000  x4=0x00000001
     437565.000 ns	     43755	80008ff0	9ab64b93	xori	x23,x12,-1621	 x12:0x00000000 x23=0xfffff9ab
     437575.000 ns	     43756	80008ff4	01ce4db3	xor	x27,x28,x28	 x28:0x80041024 x28:0x80041024 x27=0x00000000
     437585.000 ns	     43757	80008ff8	017aebb3	or	x23,x21,x23	 x21:0x3deb6f64 x23:0x00000001 x23=0xffffffef
     437605.000 ns	     43759	80008ffc	a0e998d3	flt.s	x17,f19,f14	 f19:0x40800000 f14:0xc7350461 x17=0x00000000
     437975.000 ns	     43796	80009000	02214433	div	x8,x2,x2	  x2:0x80040fe4  x2:0x80040fe4  x8=0x00000001
     437995.000 ns	     43798	80009004	a2eac493	xori	x9,x21,-1490	 x21:0x3deb6f64  x9=0xc214954a
     438005.000 ns	     43799	80009008	01e10eb3	add	x29,x2,x30	  x2:0x80040fe4 x30:0x8403efa2 x29=0x0407ff86
     438025.000 ns	     43801	8000900c	20650153	fsgnj.s	f2,f10,f6	 f10:0x7fc00000  f6:0x00000000  f2=0x7fc00000
     438055.000 ns	     43804	80009010	025ce1b3	rem	x3,x25,x5	 x25:0x00000000  x5:0x00000000  x3=0x00000000
     438105.000 ns	     43809	80009014	0068fdd3	fadd.s	f27,f17,f6	 f17:0x473504ab  f6:0x00000000 f27=0x473504ab
     438125.000 ns	     43811	80009018	002326b3	slt	x13,x6,x2	  x6:0x80040fe5  x2:0x80040fe4 x13=0x00000000
     438145.000 ns	     43813	8000901c	289385d3	fmin.s	f11,f7,f9	  f7:0x00000000  f9:0x80000000 f11=0x80000000
     438165.000 ns	     43815	80009020	d9096b37	lui	x22,0xd9096	 x22=0xd9096000
     438185.000 ns	     43817	80009024	e00a8cd3	fmv.x.w	x25,f21	 f21:0x00000000 x25=0x00000000
     438205.000 ns	     43819	80009028	b524e293	ori	x5,x9,-1198	  x9:0xc214954a  x5=0xffffff5a
     438215.000 ns	     43820	8000902c	cd24c213	xori	x4,x9,-814	  x9:0xc214954a  x4=0x3deb6998
     438245.000 ns	     43823	80009030	58057953	fsqrt.s	f18,f10	 f10:0x7fc00000 f18=0x7fc00000
     438275.000 ns	     43826	80009034	a0a12dd3	feq.s	x27,f2,f10	  f2:0x7fc00000 f10:0x7fc00000 x27=0x00000000
     438295.000 ns	     43828	80009038	01fe99b3	sll	x19,x29,x31	 x29:0x0407ff86 x31:0x00000000 x19=0x0407ff86
     438315.000 ns	     43830	8000903c	d011fb53	fcvt.s.wu	f22,x3	  x3:0x00000000 f22=0x00000000
     438685.000 ns	     43867	80009040	03c246b3	div	x13,x4,x28	  x4:0x3deb6998 x28:0x80041024 x13=0x00000000
     438715.000 ns	     43870	80009044	20ec9353	fsgnjn.s	f6,f25,f14	 f25:0x00000000 f14:0xc7350461  f6=0x00000000
     438745.000 ns	     43873	80009048	d004f353	fcvt.s.w	f6,x9	  x9:0xc214954a  f6=0xce77adaa
     439115.000 ns	     43910	8000904c	0375ce33	div	x28,x11,x23	 x11:0x0000066d x23:0xffffffef x28=0xffffffa0
     439135.000 ns	     43912	80009050	54033613	sltiu	x12,x6,1344	  x6:0x80040fe5 x12=0x00000000
     439155.000 ns	     43914	80009054	20baa6d3	fsgnjx.s	f13,f21,f11	 f21:0x00000000 f11:0x80000000 f13=0x80000000
     439175.000 ns	     43916	80009058	40bad433	sra	x8,x21,x11	 x21:0x3deb6f64 x11:0x0000066d  x8=0x0001ef5b
     439195.000 ns	     43918	8000905c	a0d0a0d3	feq.s	x1,f1,f13	  f1:0x00000000 f13:0x80000000  x1=0x00000001
     439215.000 ns	     43920	80009060	9e9cba93	sltiu	x21,x25,-1559	 x25:0x00000000 x21=0x00000001
     439235.000 ns	     43922	80009064	292a8fd3	fmin.s	f31,f21,f18	 f21:0x00000000 f18:0x7fc00000 f31=0x00000000
     439275.000 ns	     43926	80009068	5804b353	fsqrt.s	f6,f9	  f9:0x80000000  f6=0x80000000
     439295.000 ns	     43928	8000906c	013ffab3	and	x21,x31,x19	 x31:0x00000000 x19:0x0407ff86 x21=0x00000000
     439315.000 ns	     43930	80009070	02cd7bb3	remu	x23,x26,x12	 x26:0x3628b000 x12:0x00000000 x23=0x3628b000
     439335.000 ns	     43932	80009074	01dddcb3	srl	x25,x27,x29	 x27:0x00000000 x29:0x0407ff86 x25=0x00000000
     439345.000 ns	     43933	80009078	01aeaa33	slt	x20,x29,x26	 x29:0x0407ff86 x26:0x3628b000 x20=0x00000001
     439355.000 ns	     43934	8000907c	01281e33	sll	x28,x16,x18	 x16:0x00000004 x18:0x00000000 x28=0x00000004
     439385.000 ns	     43937	80009080	580c7253	fsqrt.s	f4,f24	 f24:0x80040fe4  f4=0x7fc00000
     439405.000 ns	     43939	80009084	94064013	xori	x0,x12,-1728	 x12:0x00000000
     439415.000 ns	     43940	80009088	00000013	addi	x0,x0,0	  x0:0x00000000
     439435.000 ns	     43942	8000908c	a03720d3	feq.s	x1,f14,f3	 f14:0xc7350461  f3:0x2d2a4df4  x1=0x00000000
     439455.000 ns	     43944	80009090	4ce2ca13	xori	x20,x5,1230	  x5:0xffffff5a x20=0xfffffb94
     439465.000 ns	     43945	80009094	8523e193	ori	x3,x7,-1966	  x7:0x00000000  x3=0xfffff852
     439485.000 ns	     43947	80009098	d00e97d3	fcvt.s.w	f15,x29	 x29:0x0407ff86 f15=0x4c80fff0
     439515.000 ns	     43950	8000909c	d01af253	fcvt.s.wu	f4,x21	 x21:0x00000000  f4=0x00000000
     439545.000 ns	     43953	800090a0	28049c53	fmax.s	f24,f9,f0	  f9:0x80000000  f0:0x7f800000 f24=0x7f800000
     439565.000 ns	     43955	800090a4	7f9c6297	auipc	x5,0x7f9c6	  x5=0xff9cf0a4
     439585.000 ns	     43957	800090a8	c00aa9d3	fcvt.w.s	x19,f21	 f21:0x00000000 x19=0x00000000
     439605.000 ns	     43959	800090ac	00e3b533	sltu	x10,x7,x14	  x7:0x00000000 x14:0x80041024 x10=0x00000001
     439615.000 ns	     43960	800090b0	01cb4f33	xor	x30,x22,x28	 x22:0xd9096000 x28:0x00000004 x30=0xd9096004
     439625.000 ns	     43961	800090b4	00b2a1b3	slt	x3,x5,x11	  x5:0xff9cf0a4 x11:0x0000066d  x3=0x00000001
     439635.000 ns	     43962	800090b8	01316d33	or	x26,x2,x19	  x2:0x80040fe4 x19:0x00000000 x26=0x80040fe4
     439655.000 ns	     43964	800090bc	20681dd3	fsgnjn.s	f27,f16,f6	 f16:0x0000b505  f6:0x80000000 f27=0x0000b505
     439675.000 ns	     43966	800090c0	00997633	and	x12,x18,x9	 x18:0x00000000  x9:0xc214954a x12=0x00000000
     439695.000 ns	     43968	800090c4	29b784d3	fmin.s	f9,f15,f27	 f15:0x4c80fff0 f27:0x0000b505  f9=0x0000b505
     439725.000 ns	     43971	800090c8	21688953	fsgnj.s	f18,f17,f22	 f17:0x473504ab f22:0x00000000 f18=0x473504ab
     439765.000 ns	     43975	800090cc	108d7653	fmul.s	f12,f26,f8	 f26:0x7fc00000  f8:0x0000b505 f12=0x7fc00000
     439795.000 ns	     43978	800090d0	e0079953	fclass.s	x18,f15	 f15:0x4c80fff0 x18=0x00000040
     439815.000 ns	     43980	800090d4	412653b3	sra	x7,x12,x18	 x12:0x00000000 x18:0x00000000  x7=0x00000000
     439835.000 ns	     43982	800090d8	02248533	mul	x10,x9,x2	  x9:0xc214954a  x2:0x80040fe4 x10=0x643c4be8
     439865.000 ns	     43985	800090dc	f00586d3	fmv.w.x	f13,x11	 x11:0x0000066d f13=0x0000066d
     439895.000 ns	     43988	800090e0	035262b3	rem	x5,x4,x21	  x4:0x3deb6998 x21:0x00000000  x5=0x3deb6998
     439925.000 ns	     43991	800090e4	a0f120d3	feq.s	x1,f2,f15	  f2:0x7fc00000 f15:0x4c80fff0  x1=0x00000000
     439945.000 ns	     43993	800090e8	0074c433	xor	x8,x9,x7	  x9:0xc214954a  x7:0x00000000  x8=0xc214954a
     439955.000 ns	     43994	800090ec	1dc1f093	andi	x1,x3,476	  x3:0x00000001  x1=0x00000000
     439965.000 ns	     43995	800090f0	41008a33	sub	x20,x1,x16	  x1:0x00000000 x16:0x00000004 x20=0xfffffffc
     439985.000 ns	     43997	800090f4	d00972d3	fcvt.s.w	f5,x18	 x18:0x00000040  f5=0x42800000
     440015.000 ns	     44000	800090f8	e0049053	fclass.s	x0,f9	  f9:0x0000b505
     440045.000 ns	     44003	800090fc	f0060053	fmv.w.x	f0,x12	 x12:0x00000000  f0=0x00000000
     440085.000 ns	     44007	80009100	580cfbd3	fsqrt.s	f23,f25	 f25:0x00000000 f23=0x00000000
     440115.000 ns	     44010	80009104	028c1e33	mulh	x28,x24,x8	 x24:0x00000000  x8:0xc214954a x28=0x00000000
     440135.000 ns	     44012	80009108	00dd8fb3	add	x31,x27,x13	 x27:0x00000000 x13:0x00000000 x31=0x00000000
     440155.000 ns	     44014	8000910c	c01f9b53	fcvt.wu.s	x22,f31	 f31:0x00000000 x22=0x00000000
     440175.000 ns	     44016	80009110	003bdb93	srli	x23,x23,0x3	 x23:0x3628b000 x23=0x06c51600
     440185.000 ns	     44017	80009114	6898fb97	auipc	x23,0x6898f	 x23=0xe8998114
     440195.000 ns	     44018	80009118	0127bcb3	sltu	x25,x15,x18	 x15:0x00000000 x18:0x00000040 x25=0x00000001
     440205.000 ns	     44019	8000911c	01535613	srli	x12,x6,0x15	  x6:0x80040fe5 x12=0x00000400
     440225.000 ns	     44021	80009120	03f192b3	mulh	x5,x3,x31	  x3:0x00000001 x31:0x00000000  x5=0x00000000
     440245.000 ns	     44023	80009124	00c4de13	srli	x28,x9,0xc	  x9:0xc214954a x28=0x000c2149
     440255.000 ns	     44024	80009128	4baf4793	xori	x15,x30,1210	 x30:0xd9096004 x15=0xd90964be
     440265.000 ns	     44025	8000912c	01980cb3	add	x25,x16,x25	 x16:0x00000004 x25:0x00000001 x25=0x00000005
     440275.000 ns	     44026	80009130	a3328e13	addi	x28,x5,-1485	  x5:0x00000000 x28=0xfffffa33
     440285.000 ns	     44027	80009134	0109ad33	slt	x26,x19,x16	 x19:0x00000000 x16:0x00000004 x26=0x00000001
     440295.000 ns	     44028	80009138	0066fd33	and	x26,x13,x6	 x13:0x00000000  x6:0x80040fe5 x26=0x00000000
     440305.000 ns	     44029	8000913c	40c2d693	srai	x13,x5,0xc	  x5:0x00000000 x13=0x00000000
     440315.000 ns	     44030	80009140	4197dd33	sra	x26,x15,x25	 x15:0xd90964be x25:0x00000005 x26=0xfec84b25
     440325.000 ns	     44031	80009144	4162d7b3	sra	x15,x5,x22	  x5:0x00000000 x22:0x00000000 x15=0x00000000
     440345.000 ns	     44033	80009148	02d1deb3	divu	x29,x3,x13	  x3:0x00000001 x13:0x00000000 x29=0xffffffff
     440365.000 ns	     44035	8000914c	54810993	addi	x19,x2,1352	  x2:0x80040fe4 x19=0x8004152c
     440375.000 ns	     44036	80009150	004fd233	srl	x4,x31,x4	 x31:0x00000000  x4:0x3deb6998  x4=0x00000000
     440385.000 ns	     44037	80009154	40578ab3	sub	x21,x15,x5	 x15:0x00000000  x5:0x00000000 x21=0x00000000
     440405.000 ns	     44039	80009158	e0001d53	fclass.s	x26,f0	  f0:0x00000000 x26=0x00000010
     440425.000 ns	     44041	8000915c	41caddb3	sra	x27,x21,x28	 x21:0x00000000 x28:0xfffffa33 x27=0x00000000
     440435.000 ns	     44042	80009160	005c7b33	and	x22,x24,x5	 x24:0x00000000  x5:0x00000000 x22=0x00000000
     440445.000 ns	     44043	80009164	11f58997	auipc	x19,0x11f58	 x19=0x91f61164
     440455.000 ns	     44044	80009168	00a52db3	slt	x27,x10,x10	 x10:0x643c4be8 x10:0x643c4be8 x27=0x00000000
     440475.000 ns	     44046	8000916c	c0100ed3	fcvt.wu.s	x29,f0	  f0:0x00000000 x29=0x00000000
     440505.000 ns	     44049	80009170	02544e33	div	x28,x8,x5	  x8:0xc214954a  x5:0x00000000 x28=0xffffffff
     440525.000 ns	     44051	80009174	4a88ca13	xori	x20,x17,1192	 x17:0x00000000 x20=0x000004a8
     440535.000 ns	     44052	80009178	015bb433	sltu	x8,x23,x21	 x23:0xe8998114 x21:0x00000000  x8=0x00000000
     441705.000 ns	     44169	8000917c	58092cd3	fsqrt.s	f25,f18	 f18:0x473504ab f25=0x42ffff5c
     441735.000 ns	     44172	80009180	e00b9d53	fclass.s	x26,f23	 f23:0x00000000 x26=0x00000010
     441765.000 ns	     44175	80009184	020d6233	rem	x4,x26,x0	 x26:0x00000010  x0:0x00000000  x4=0x00000010
     441785.000 ns	     44177	80009188	4198df93	srai	x31,x17,0x19	 x17:0x00000000 x31=0x00000000
     441795.000 ns	     44178	8000918c	418dd6b3	sra	x13,x27,x24	 x27:0x00000000 x24:0x00000000 x13=0x00000000
     441805.000 ns	     44179	80009190	008329b3	slt	x19,x6,x8	  x6:0x80040fe5  x8:0x00000000 x19=0x00000001
     441815.000 ns	     44180	80009194	fed84393	xori	x7,x16,-19	 x16:0x00000004  x7=0xffffffe9
     441825.000 ns	     44181	80009198	5272a497	auipc	x9,0x5272a	  x9=0xd2733198
     441835.000 ns	     44182	8000919c	01db73b3	and	x7,x22,x29	 x22:0x00000000 x29:0x00000000  x7=0x00000000
     441845.000 ns	     44183	800091a0	019ac1b3	xor	x3,x21,x25	 x21:0x00000000 x25:0x00000005  x3=0x00000005
     441865.000 ns	     44185	800091a4	c00ba6d3	fcvt.w.s	x13,f23	 f23:0x00000000 x13=0x00000000
     442235.000 ns	     44222	800091a8	0236e5b3	rem	x11,x13,x3	 x13:0x00000000  x3:0x00000001 x11=0x00000000
     442255.000 ns	     44224	800091ac	0106aab3	slt	x21,x13,x16	 x13:0x00000000 x16:0x00000004 x21=0x00000001
     442275.000 ns	     44226	800091b0	039bbbb3	mulhu	x23,x23,x25	 x23:0xe8998114 x25:0x00000005 x23=0x00000004
     442295.000 ns	     44228	800091b4	01fe9193	slli	x3,x29,0x1f	 x29:0x00000000  x3=0x00000000
     442305.000 ns	     44229	800091b8	8e0ccc13	xori	x24,x25,-1824	 x25:0x00000005 x24=0xfffff8e5
     442315.000 ns	     44230	800091bc	2cbfa393	slti	x7,x31,715	 x31:0x00000000  x7=0x00000001
     442335.000 ns	     44232	800091c0	d011c6d3	fcvt.s.wu	f13,x3	  x3:0x00000000 f13=0x00000000
     442365.000 ns	     44235	800091c4	038b0033	mul	x0,x22,x24	 x22:0x00000000 x24:0xfffff8e5
     442385.000 ns	     44237	800091c8	010714b3	sll	x9,x14,x16	 x14:0x80041024 x16:0x00000004  x9=0x00410240
     442405.000 ns	     44239	800091cc	d0077553	fcvt.s.w	f10,x14	 x14:0x80041024 f10=0xcefff7df
     442425.000 ns	     44241	800091d0	007e5b33	srl	x22,x28,x7	 x28:0xffffffff  x7:0x00000001 x22=0x7fffffff
     442445.000 ns	     44243	800091d4	21ea2553	fsgnjx.s	f10,f20,f30	 f20:0x0000b505 f30:0x7f800000 f10=0x0000b505
     442465.000 ns	     44245	800091d8	cce3b213	sltiu	x4,x7,-818	  x7:0x00000001  x4=0x00000001
     442825.000 ns	     44281	800091dc	0342d5b3	divu	x11,x5,x20	  x5:0x00000000 x20:0x000004a8 x11=0x00000000
     442855.000 ns	     44284	800091e0	d0007cd3	fcvt.s.w	f25,x0	  x0:0x00000000 f25=0x00000000
     442875.000 ns	     44286	800091e4	014f3cb3	sltu	x25,x30,x20	 x30:0xd9096004 x20:0x000004a8 x25=0x00000000
     442895.000 ns	     44288	800091e8	d019c3d3	fcvt.s.wu	f7,x19	 x19:0x00000001  f7=0x3f800000
     442925.000 ns	     44291	800091ec	c00d3053	fcvt.w.s	x0,f26	 f26:0x7fc00000
     442945.000 ns	     44293	800091f0	3ea9f213	andi	x4,x19,1002	 x19:0x00000001  x4=0x00000000
     442955.000 ns	     44294	800091f4	4132d8b3	sra	x17,x5,x19	  x5:0x00000000 x19:0x00000001 x17=0x00000000
     442965.000 ns	     44295	800091f8	000ac0b3	xor	x1,x21,x0	 x21:0x00000001  x0:0x00000000  x1=0x00000001
     442975.000 ns	     44296	800091fc	01629933	sll	x18,x5,x22	  x5:0x00000000 x22:0x7fffffff x18=0x00000000
     442995.000 ns	     44298	80009200	215b2a53	fsgnjx.s	f20,f22,f21	 f22:0x00000000 f21:0x00000000 f20=0x00000000
     443025.000 ns	     44301	80009204	a1c78053	fle.s	x0,f15,f28	 f15:0x4c80fff0 f28:0xc881e000
     443055.000 ns	     44304	80009208	0325c233	div	x4,x11,x18	 x11:0x00000000 x18:0x00000000  x4=0xffffffff
     443085.000 ns	     44307	8000920c	c00201d3	fcvt.w.s	x3,f4	  f4:0x00000000  x3=0x00000000
     443135.000 ns	     44312	80009210	083e72d3	fsub.s	f5,f28,f3	 f28:0xc881e000  f3:0x2d2a4df4  f5=0xc881e000
     443155.000 ns	     44314	80009214	c3bc4997	auipc	x19,0xc3bc4	 x19=0x43bcd214
     443165.000 ns	     44315	80009218	aca34093	xori	x1,x6,-1334	  x6:0x80040fe5  x1=0x7ffbf52f
     443175.000 ns	     44316	8000921c	40e75a33	sra	x20,x14,x14	 x14:0x80041024 x14:0x80041024 x20=0xf8004102
     443185.000 ns	     44317	80009220	41a708b3	sub	x17,x14,x26	 x14:0x80041024 x26:0x00000010 x17=0x80041014
     443225.000 ns	     44321	80009224	0882c2d3	fsub.s	f5,f5,f8	  f5:0xc881e000  f8:0x0000b505  f5=0xc881e000
     443255.000 ns	     44324	80009228	02f743b3	div	x7,x14,x15	 x14:0x80041024 x15:0x00000000  x7=0xffffffff
     443275.000 ns	     44326	8000922c	01f64b33	xor	x22,x12,x31	 x12:0x00000400 x31:0x00000000 x22=0x00000400
     443285.000 ns	     44327	80009230	51150613	addi	x12,x10,1297	 x10:0x643c4be8 x12=0x643c50f9
     444455.000 ns	     44444	80009234	5808f853	fsqrt.s	f16,f17	 f17:0x473504ab f16=0x42ffff5c
     444485.000 ns	     44447	80009238	02b3b533	mulhu	x10,x7,x11	  x7:0xffffffff x11:0x00000000 x10=0x00000000
     444515.000 ns	     44450	8000923c	03f6f533	remu	x10,x13,x31	 x13:0x00000000 x31:0x00000000 x10=0x00000000
     444545.000 ns	     44453	80009240	03e61cb3	mulh	x25,x12,x30	 x12:0x643c50f9 x30:0xd9096004 x25=0xf0be7b61
     444575.000 ns	     44456	80009244	024fac33	mulhsu	x24,x31,x4	 x31:0x00000000  x4:0xffffffff x24=0x00000000
     444605.000 ns	     44459	80009248	c01abbd3	fcvt.wu.s	x23,f21	 f21:0x00000000 x23=0x00000000
     444635.000 ns	     44462	8000924c	a1f30553	fle.s	x10,f6,f31	  f6:0x80000000 f31:0x00000000 x10=0x00000001
     444665.000 ns	     44465	80009250	02d5d4b3	divu	x9,x11,x13	 x11:0x00000000 x13:0x00000000  x9=0xffffffff
     444685.000 ns	     44467	80009254	00272f33	slt	x30,x14,x2	 x14:0x80041024  x2:0x80040fe4 x30=0x00000000
     444705.000 ns	     44469	80009258	03d4ddb3	divu	x27,x9,x29	  x9:0xffffffff x29:0x00000000 x27=0xffffffff
     444725.000 ns	     44471	8000925c	8e7b7293	andi	x5,x22,-1817	 x22:0x00000400  x5=0x00000000
     444745.000 ns	     44473	80009260	e00a81d3	fmv.x.w	x3,f21	 f21:0x00000000  x3=0x00000000
     444785.000 ns	     44477	80009264	191f44d3	fdiv.s	f9,f30,f17	 f30:0x7f800000 f17:0x473504ab  f9=0x7f800000
     444805.000 ns	     44479	80009268	0039c533	xor	x10,x19,x3	 x19:0x43bcd214  x3:0x00000000 x10=0x43bcd214
     444815.000 ns	     44480	8000926c	00000013	addi	x0,x0,0	  x0:0x00000000
     444825.000 ns	     44481	80009270	00000013	addi	x0,x0,0	  x0:0x00000000
     444845.000 ns	     44483	80009274	023683b3	mul	x7,x13,x3	 x13:0x00000000  x3:0x00000000  x7=0x00000000
     444865.000 ns	     44485	80009278	01e6d413	srli	x8,x13,0x1e	 x13:0x00000000  x8=0x00000000
     444905.000 ns	     44489	8000927c	0843f6d3	fsub.s	f13,f7,f4	  f7:0x3f800000  f4:0x00000000 f13=0x3f800000
     444945.000 ns	     44493	80009280	111b72d3	fmul.s	f5,f22,f17	 f22:0x00000000 f17:0x473504ab  f5=0x00000000
     444965.000 ns	     44495	80009284	00000013	addi	x0,x0,0	  x0:0x00000000
     444975.000 ns	     44496	80009288	0056dd33	srl	x26,x13,x5	 x13:0x00000000  x5:0x00000000 x26=0x00000000
     444995.000 ns	     44498	8000928c	023f0d33	mul	x26,x30,x3	 x30:0x00000000  x3:0x00000000 x26=0x00000000
     445015.000 ns	     44500	80009290	00bfebb3	or	x23,x31,x11	 x31:0x00000000 x11:0x00000000 x23=0x00000000
     445025.000 ns	     44501	80009294	1a7955b7	lui	x11,0x1a795	 x11=0x1a795000
     445045.000 ns	     44503	80009298	c01c7453	fcvt.wu.s	x8,f24	 f24:0x7f800000  x8=0xffffffff
     445085.000 ns	     44507	8000929c	580772d3	fsqrt.s	f5,f14	 f14:0xc7350461  f5=0x7fc00000
     445105.000 ns	     44509	800092a0	040f31b7	lui	x3,0x40f3	  x3=0x040f3000
     445115.000 ns	     44510	800092a4	00371993	slli	x19,x14,0x3	 x14:0x80041024 x19=0x00208120
     445125.000 ns	     44511	800092a8	00ddac33	slt	x24,x27,x13	 x27:0xffffffff x13:0x00000000 x24=0x00000001
     445145.000 ns	     44513	800092ac	03221f33	mulh	x30,x4,x18	  x4:0xffffffff x18:0x00000000 x30=0x00000000
     445175.000 ns	     44516	800092b0	032031b3	mulhu	x3,x0,x18	  x0:0x00000000 x18:0x00000000  x3=0x00000000
     445195.000 ns	     44518	800092b4	01fbb4b3	sltu	x9,x23,x31	 x23:0x00000000 x31:0x00000000  x9=0x00000000
     445205.000 ns	     44519	800092b8	00194fb3	xor	x31,x18,x1	 x18:0x00000000  x1:0x7ffbf52f x31=0x7ffbf52f
     445225.000 ns	     44521	800092bc	a1581e53	flt.s	x28,f16,f21	 f16:0x42ffff5c f21:0x00000000 x28=0x00000000
     445265.000 ns	     44525	800092c0	119d70d3	fmul.s	f1,f26,f25	 f26:0x7fc00000 f25:0x00000000  f1=0x7fc00000
     445295.000 ns	     44528	800092c4	e00d9953	fclass.s	x18,f27	 f27:0x0000b505 x18=0x00000020
     445325.000 ns	     44531	800092c8	d01f3e53	fcvt.s.wu	f28,x30	 x30:0x00000000 f28=0x00000000
     445345.000 ns	     44533	800092cc	018356b3	srl	x13,x6,x24	  x6:0x80040fe5 x24:0x00000001 x13=0x400207f2
     445365.000 ns	     44535	800092d0	e00d1e53	fclass.s	x28,f26	 f26:0x7fc00000 x28=0x00000200
     445385.000 ns	     44537	800092d4	001b9013	slli	x0,x23,0x1	 x23:0x00000000
     445405.000 ns	     44539	800092d8	219b2453	fsgnjx.s	f8,f22,f25	 f22:0x00000000 f25:0x00000000  f8=0x00000000
     445425.000 ns	     44541	800092dc	00e7a033	slt	x0,x15,x14	 x15:0x00000000 x14:0x80041024
     445445.000 ns	     44543	800092e0	211111d3	fsgnjn.s	f3,f2,f17	  f2:0x7fc00000 f17:0x473504ab  f3=0xffc00000
     445465.000 ns	     44545	800092e4	41e1d9b3	sra	x19,x3,x30	  x3:0x00000000 x30:0x00000000 x19=0x00000000
     445485.000 ns	     44547	800092e8	21b3a1d3	fsgnjx.s	f3,f7,f27	  f7:0x3f800000 f27:0x0000b505  f3=0x3f800000
     445505.000 ns	     44549	800092ec	3b3e8213	addi	x4,x29,947	 x29:0x00000000  x4=0x000003b3
     445865.000 ns	     44585	800092f0	03b4f633	remu	x12,x9,x27	  x9:0x00000000 x27:0xffffffff x12=0x00000000
     445885.000 ns	     44587	800092f4	4aec3513	sltiu	x10,x24,1198	 x24:0x00000001 x10=0x00000001
     445905.000 ns	     44589	800092f8	a14d1bd3	flt.s	x23,f26,f20	 f26:0x7fc00000 f20:0x00000000 x23=0x00000000
     445925.000 ns	     44591	800092fc	42d38693	addi	x13,x7,1069	  x7:0x00000000 x13=0x0000042d
     445945.000 ns	     44593	80009300	218389d3	fsgnj.s	f19,f7,f24	  f7:0x3f800000 f24:0x7f800000 f19=0x3f800000
     445975.000 ns	     44596	80009304	28908a53	fmin.s	f20,f1,f9	  f1:0x7fc00000  f9:0x7f800000 f20=0x7f800000
     446005.000 ns	     44599	80009308	d00cf7d3	fcvt.s.w	f15,x25	 x25:0xf0be7b61 f15=0xcd741849
     446035.000 ns	     44602	8000930c	a1ab17d3	flt.s	x15,f22,f26	 f22:0x00000000 f26:0x7fc00000 x15=0x00000000
     446065.000 ns	     44605	80009310	e00a17d3	fclass.s	x15,f20	 f20:0x7f800000 x15=0x00000080
     446085.000 ns	     44607	80009314	01d6d7b3	srl	x15,x13,x29	 x13:0x0000042d x29:0x00000000 x15=0x0000042d
     446095.000 ns	     44608	80009318	000a7933	and	x18,x20,x0	 x20:0xf8004102  x0:0x00000000 x18=0x00000000
     446115.000 ns	     44610	8000931c	296715d3	fmax.s	f11,f14,f22	 f14:0xc7350461 f22:0x00000000 f11=0x00000000
     446145.000 ns	     44613	80009320	c014bc53	fcvt.wu.s	x24,f9	  f9:0x7f800000 x24=0xffffffff
     446175.000 ns	     44616	80009324	e00d12d3	fclass.s	x5,f26	 f26:0x7fc00000  x5=0x00000200
     446195.000 ns	     44618	80009328	3ec8f313	andi	x6,x17,1004	 x17:0x80041014  x6=0x00000004
     446205.000 ns	     44619	8000932c	40828d33	sub	x26,x5,x8	  x5:0x00000200  x8:0xffffffff x26=0x00000201
     446215.000 ns	     44620	80009330	00e87633	and	x12,x16,x14	 x16:0x00000004 x14:0x80041024 x12=0x00000004
     446235.000 ns	     44622	80009334	03d12cb3	mulhsu	x25,x2,x29	  x2:0x80040fe4 x29:0x00000000 x25=0x00000000
     446285.000 ns	     44627	80009338	083232d3	fsub.s	f5,f4,f3	  f4:0x00000000  f3:0x3f800000  f5=0xbf800000
     446315.000 ns	     44630	8000933c	f0040fd3	fmv.w.x	f31,x8	  x8:0xffffffff f31=0xffffffff
     446345.000 ns	     44633	80009340	f00c0f53	fmv.w.x	f30,x24	 x24:0xffffffff f30=0xffffffff
     446365.000 ns	     44635	80009344	409bdeb3	sra	x29,x23,x9	 x23:0x00000000  x9:0x00000000 x29=0x00000000
     446385.000 ns	     44637	80009348	e00a8dd3	fmv.x.w	x27,f21	 f21:0x00000000 x27=0x00000000
     446405.000 ns	     44639	8000934c	00000013	addi	x0,x0,0	  x0:0x00000000
     446415.000 ns	     44640	80009350	9cefb613	sltiu	x12,x31,-1586	 x31:0x7ffbf52f x12=0x00000001
     446435.000 ns	     44642	80009354	f0070753	fmv.w.x	f14,x14	 x14:0x80041024 f14=0x80041024
     446455.000 ns	     44644	80009358	e0b1e097	auipc	x1,0xe0b1e	  x1=0x60b27358
     446465.000 ns	     44645	8000935c	5559f3b7	lui	x7,0x5559f	  x7=0x5559f000
     446475.000 ns	     44646	80009360	01d288b3	add	x17,x5,x29	  x5:0x00000200 x29:0x00000000 x17=0x00000200
     446485.000 ns	     44647	80009364	5c093613	sltiu	x12,x18,1472	 x18:0x00000000 x12=0x00000001
     446505.000 ns	     44649	80009368	201f22d3	fsgnjx.s	f5,f30,f1	 f30:0xffffffff  f1:0x7fc00000  f5=0xffffffff
     446535.000 ns	     44652	8000936c	03265cb3	divu	x25,x12,x18	 x12:0x00000001 x18:0x00000000 x25=0xffffffff
     446565.000 ns	     44655	80009370	208f8953	fsgnj.s	f18,f31,f8	 f31:0xffffffff  f8:0x00000000 f18=0x7fffffff
     446935.000 ns	     44692	80009374	03aad0b3	divu	x1,x21,x26	 x21:0x00000001 x26:0x00000201  x1=0x00000000
     446965.000 ns	     44695	80009378	210d2353	fsgnjx.s	f6,f26,f16	 f26:0x7fc00000 f16:0x42ffff5c  f6=0x7fc00000
     446985.000 ns	     44697	8000937c	e6b76097	auipc	x1,0xe6b76	  x1=0x66b7f37c
     446995.000 ns	     44698	80009380	cbfc3793	sltiu	x15,x24,-833	 x24:0xffffffff x15=0x00000000
     447005.000 ns	     44699	80009384	4024d593	srai	x11,x9,0x2	  x9:0x00000000 x11=0x00000000
     447365.000 ns	     44735	80009388	022ae3b3	rem	x7,x21,x2	 x21:0x00000001  x2:0x80040fe4  x7=0x00000001
     447385.000 ns	     44737	8000938c	017d9293	slli	x5,x27,0x17	 x27:0x00000000  x5=0x00000000
     447395.000 ns	     44738	80009390	41d184b3	sub	x9,x3,x29	  x3:0x00000000 x29:0x00000000  x9=0x00000000
     447435.000 ns	     44742	80009394	0987f753	fsub.s	f14,f15,f24	 f15:0xcd741849 f24:0x7f800000 f14=0xff800000
     447465.000 ns	     44745	80009398	c002fe53	fcvt.w.s	x28,f5	  f5:0xffffffff x28=0x7fffffff
     447835.000 ns	     44782	8000939c	026af6b3	remu	x13,x21,x6	 x21:0x00000001  x6:0x00000004 x13=0x00000001
     447865.000 ns	     44785	800093a0	e0080d53	fmv.x.w	x26,f16	 f16:0x42ffff5c x26=0x42ffff5c
     447885.000 ns	     44787	800093a4	00cba333	slt	x6,x23,x12	 x23:0x00000000 x12:0x00000001  x6=0x00000001
     448245.000 ns	     44823	800093a8	0247d433	divu	x8,x15,x4	 x15:0x00000000  x4:0x000003b3  x8=0x00000000
     448265.000 ns	     44825	800093ac	00c41693	slli	x13,x8,0xc	  x8:0xffffffff x13=0x00000000
     448275.000 ns	     44826	800093b0	01174d33	xor	x26,x14,x17	 x14:0x80041024 x17:0x00000200 x26=0x80041224
     448295.000 ns	     44828	800093b4	a0029f53	flt.s	x30,f5,f0	  f5:0xffffffff  f0:0x00000000 x30=0x00000000
     448325.000 ns	     44831	800093b8	c014bcd3	fcvt.wu.s	x25,f9	  f9:0x7f800000 x25=0xffffffff
     448355.000 ns	     44834	800093bc	2024ac53	fsgnjx.s	f24,f9,f2	  f9:0x7f800000  f2:0x7fc00000 f24=0x7f800000
     448375.000 ns	     44836	800093c0	01a0c933	xor	x18,x1,x26	  x1:0x66b7f37c x26:0x80041224 x18=0xe6b3e158
     448395.000 ns	     44838	800093c4	c00470d3	fcvt.w.s	x1,f8	  f8:0x00000000  x1=0x00000000
     448425.000 ns	     44841	800093c8	03181433	mulh	x8,x16,x17	 x16:0x00000004 x17:0x00000200  x8=0x00000000
     448445.000 ns	     44843	800093cc	b6a6f613	andi	x12,x13,-1174	 x13:0x00000000 x12=0x00000000
     448455.000 ns	     44844	800093d0	41fb5d93	srai	x27,x22,0x1f	 x22:0x00000400 x27=0x00000000
     448465.000 ns	     44845	800093d4	4d3e8e13	addi	x28,x29,1235	 x29:0x00000000 x28=0x000004d3
     448495.000 ns	     44848	800093d8	19639bd3	fdiv.s	f23,f7,f22	  f7:0x3f800000 f22:0x00000000 f23=0x7f800000
     448515.000 ns	     44850	800093dc	506cb513	sltiu	x10,x25,1286	 x25:0xffffffff x10=0x00000000
     448525.000 ns	     44851	800093e0	00c473b3	and	x7,x8,x12	  x8:0x00000000 x12:0x00000000  x7=0x00000000
     448545.000 ns	     44853	800093e4	e0011dd3	fclass.s	x27,f2	  f2:0x7fc00000 x27=0x00000200
     448595.000 ns	     44858	800093e8	0017bcd3	fadd.s	f25,f15,f1	 f15:0xcd741849  f1:0x7fc00000 f25=0x7fc00000
     448615.000 ns	     44860	800093ec	0ae40993	addi	x19,x8,174	  x8:0x00000000 x19=0x000000ae
     448625.000 ns	     44861	800093f0	01ef5e13	srli	x28,x30,0x1e	 x30:0x00000000 x28=0x00000000
     448645.000 ns	     44863	800093f4	289a1b53	fmax.s	f22,f20,f9	 f20:0x7f800000  f9:0x7f800000 f22=0x7f800000
     448665.000 ns	     44865	800093f8	004ae233	or	x4,x21,x4	 x21:0x00000001  x4:0x000003b3  x4=0x000003b3
     448685.000 ns	     44867	800093fc	e0079053	fclass.s	x0,f15	 f15:0xcd741849
     448725.000 ns	     44871	80009400	5805aa53	fsqrt.s	f20,f11	 f11:0x00000000 f20=0x00000000
     448775.000 ns	     44876	80009404	008a2cd3	fadd.s	f25,f20,f8	 f20:0x7f800000  f8:0x00000000 f25=0x00000000
     448805.000 ns	     44879	80009408	02fbdb33	divu	x22,x23,x15	 x23:0x00000000 x15:0x00000000 x22=0xffffffff
     448825.000 ns	     44881	8000940c	00c31c33	sll	x24,x6,x12	  x6:0x00000001 x12:0x00000000 x24=0x00000001
     448835.000 ns	     44882	80009410	00000013	addi	x0,x0,0	  x0:0x00000000
     449195.000 ns	     44918	80009414	038a4233	div	x4,x20,x24	 x20:0xf8004102 x24:0xffffffff  x4=0xf8004102
     449215.000 ns	     44920	80009418	f14c6393	ori	x7,x24,-236	 x24:0x00000001  x7=0xffffff15
     449235.000 ns	     44922	8000941c	e0080c53	fmv.x.w	x24,f16	 f16:0x42ffff5c x24=0x42ffff5c
     449255.000 ns	     44924	80009420	a5a93613	sltiu	x12,x18,-1446	 x18:0xe6b3e158 x12=0x00000001
     449285.000 ns	     44927	80009424	103e7fd3	fmul.s	f31,f28,f3	 f28:0x00000000  f3:0x3f800000 f31=0x00000000
     449305.000 ns	     44929	80009428	41a7d9b3	sra	x19,x15,x26	 x15:0x00000000 x26:0x80041224 x19=0x00000000
     449325.000 ns	     44931	8000942c	03319633	mulh	x12,x3,x19	  x3:0x00000000 x19:0x000000ae x12=0x00000000
     449695.000 ns	     44968	80009430	03f37f33	remu	x30,x6,x31	  x6:0x00000001 x31:0x7ffbf52f x30=0x00000001
     449725.000 ns	     44971	80009434	a1dc06d3	fle.s	x13,f24,f29	 f24:0x7f800000 f29:0x8000b505 x13=0x00000000
     449745.000 ns	     44973	80009438	017f7cb3	and	x25,x30,x23	 x30:0x00000001 x23:0x00000000 x25=0x00000000
     449755.000 ns	     44974	8000943c	37ebc593	xori	x11,x23,894	 x23:0x00000000 x11=0x0000037e
     449765.000 ns	     44975	80009440	e2019337	lui	x6,0xe2019	  x6=0xe2019000
     449805.000 ns	     44979	80009444	00a4b1d3	fadd.s	f3,f9,f10	  f9:0x7f800000 f10:0x0000b505  f3=0x7f800000
     449835.000 ns	     44982	80009448	f0000853	fmv.w.x	f16,x0	  x0:0x00000000 f16=0x00000000
     449855.000 ns	     44984	8000944c	b17c0593	addi	x11,x24,-1257	 x24:0x42ffff5c x11=0x42fffa73
     449885.000 ns	     44987	80009450	1172c553	fmul.s	f10,f5,f23	  f5:0xffffffff f23:0x7f800000 f10=0x7fc00000
     449915.000 ns	     44990	80009454	0251d4b3	divu	x9,x3,x5	  x3:0x00000000  x5:0x00000000  x9=0xffffffff
     449945.000 ns	     44993	80009458	d00e8f53	fcvt.s.w	f30,x29	 x29:0x00000000 f30=0x00000000
     449965.000 ns	     44995	8000945c	01028933	add	x18,x5,x16	  x5:0x00000000 x16:0x00000004 x18=0x00000004
     449995.000 ns	     44998	80009460	10c720d3	fmul.s	f1,f14,f12	 f14:0xff800000 f12:0x7fc00000  f1=0x7fc00000
     450025.000 ns	     45001	80009464	a0dc8dd3	fle.s	x27,f25,f13	 f25:0x00000000 f13:0x3f800000 x27=0x00000001
     450045.000 ns	     45003	80009468	016e9a93	slli	x21,x29,0x16	 x29:0x00000000 x21=0x00000000
     451215.000 ns	     45120	8000946c	580df353	fsqrt.s	f6,f27	 f27:0x0000b505  f6=0x1f360480
     451235.000 ns	     45122	80009470	40958e33	sub	x28,x11,x9	 x11:0x42fffa73  x9:0xffffffff x28=0x42fffa74
     451245.000 ns	     45123	80009474	01fa7333	and	x6,x20,x31	 x20:0xf8004102 x31:0x7ffbf52f  x6=0x78004102
     451275.000 ns	     45126	80009478	186821d3	fdiv.s	f3,f16,f6	 f16:0x00000000  f6:0x1f360480  f3=0x00000000
     451305.000 ns	     45129	8000947c	02702633	mulhsu	x12,x0,x7	  x0:0x00000000  x7:0xffffff15 x12=0x00000000
     451325.000 ns	     45131	80009480	d9e92413	slti	x8,x18,-610	 x18:0x00000004  x8=0x00000000
     451345.000 ns	     45133	80009484	d01da3d3	fcvt.s.wu	f7,x27	 x27:0x00000001  f7=0x3f800000
     451375.000 ns	     45136	80009488	a1158ad3	fle.s	x21,f11,f17	 f11:0x00000000 f17:0x473504ab x21=0x00000001
     451395.000 ns	     45138	8000948c	c1d83913	sltiu	x18,x16,-995	 x16:0x00000004 x18=0x00000001
     451405.000 ns	     45139	80009490	01db4033	xor	x0,x22,x29	 x22:0xffffffff x29:0x00000000
     451425.000 ns	     45141	80009494	039885b3	mul	x11,x17,x25	 x17:0x00000200 x25:0x00000000 x11=0x00000000
     451445.000 ns	     45143	80009498	404d8fb3	sub	x31,x27,x4	 x27:0x00000001  x4:0xf8004102 x31=0x07ffbeff
     451805.000 ns	     45179	8000949c	036566b3	rem	x13,x10,x22	 x10:0x00000000 x22:0xffffffff x13=0x00000000
     451835.000 ns	     45182	800094a0	20662e53	fsgnjx.s	f28,f12,f6	 f12:0x7fc00000  f6:0x1f360480 f28=0x7fc00000
     451865.000 ns	     45185	800094a4	209b88d3	fsgnj.s	f17,f23,f9	 f23:0x7f800000  f9:0x7f800000 f17=0x7f800000
     451895.000 ns	     45188	800094a8	202a0953	fsgnj.s	f18,f20,f2	 f20:0x00000000  f2:0x7fc00000 f18=0x00000000
     451945.000 ns	     45193	800094ac	00ad7c53	fadd.s	f24,f26,f10	 f26:0x7fc00000 f10:0x7fc00000 f24=0x7fc00000
     451975.000 ns	     45196	800094b0	29171253	fmax.s	f4,f14,f17	 f14:0xff800000 f17:0x7f800000  f4=0x7f800000
     452005.000 ns	     45199	800094b4	c0061553	fcvt.w.s	x10,f12	 f12:0x7fc00000 x10=0x7fffffff
     452055.000 ns	     45204	800094b8	08078cd3	fsub.s	f25,f15,f0	 f15:0xcd741849  f0:0x00000000 f25=0xcd741849
     452075.000 ns	     45206	800094bc	0178fcb3	and	x25,x17,x23	 x17:0x00000200 x23:0x00000000 x25=0x00000000
     452105.000 ns	     45209	800094c0	5802f2d3	fsqrt.s	f5,f5	  f5:0xffffffff  f5=0x7fc00000
     452125.000 ns	     45211	800094c4	00274333	xor	x6,x14,x2	 x14:0x80041024  x2:0x80040fe4  x6=0x00001fc0
     452145.000 ns	     45213	800094c8	29588853	fmin.s	f16,f17,f21	 f17:0x7f800000 f21:0x00000000 f16=0x00000000
     452195.000 ns	     45218	800094cc	08e139d3	fsub.s	f19,f2,f14	  f2:0x7fc00000 f14:0xff800000 f19=0x7fc00000
     452215.000 ns	     45220	800094d0	e6842197	auipc	x3,0xe6842	  x3=0x6684b4d0
     452225.000 ns	     45221	800094d4	0135cfb3	xor	x31,x11,x19	 x11:0x00000000 x19:0x00000000 x31=0x00000000
     452235.000 ns	     45222	800094d8	01ea1533	sll	x10,x20,x30	 x20:0xf8004102 x30:0x00000001 x10=0xf0008204
     452255.000 ns	     45224	800094dc	c002bfd3	fcvt.w.s	x31,f5	  f5:0x7fc00000 x31=0x7fffffff
     452285.000 ns	     45227	800094e0	a07422d3	feq.s	x5,f8,f7	  f8:0x00000000  f7:0x3f800000  x5=0x00000000
     452315.000 ns	     45230	800094e4	206101d3	fsgnj.s	f3,f2,f6	  f2:0x7fc00000  f6:0x1f360480  f3=0x7fc00000
     452345.000 ns	     45233	800094e8	d01afd53	fcvt.s.wu	f26,x21	 x21:0x00000001 f26=0x3f800000
     452375.000 ns	     45236	800094ec	a00da2d3	feq.s	x5,f27,f0	 f27:0x0000b505  f0:0x00000000  x5=0x00000000
     452405.000 ns	     45239	800094f0	a104a4d3	feq.s	x9,f9,f16	  f9:0x7f800000 f16:0x00000000  x9=0x00000000
     452425.000 ns	     45241	800094f4	00ad1d13	slli	x26,x26,0xa	 x26:0x80041224 x26=0x10489000
     452435.000 ns	     45242	800094f8	015fdbb3	srl	x23,x31,x21	 x31:0x7fffffff x21:0x00000001 x23=0x3fffffff
     452455.000 ns	     45244	800094fc	d0082f53	fcvt.s.w	f30,x16	 x16:0x00000004 f30=0x40800000
     452475.000 ns	     45246	80009500	8c03e217	auipc	x4,0x8c03e	  x4=0x0c047500
     452495.000 ns	     45248	80009504	d0192453	fcvt.s.wu	f8,x18	 x18:0x00000001  f8=0x3f800000
     452525.000 ns	     45251	80009508	f0090b53	fmv.w.x	f22,x18	 x18:0x00000001 f22=0x00000001
     452555.000 ns	     45254	8000950c	20401053	fsgnjn.s	f0,f0,f4	  f0:0x00000000  f4:0x7f800000  f0=0x80000000
     452575.000 ns	     45256	80009510	00d38233	add	x4,x7,x13	  x7:0xffffff15 x13:0x00000000  x4=0xffffff15
     452585.000 ns	     45257	80009514	00f34eb3	xor	x29,x6,x15	  x6:0x00001fc0 x15:0x00000000 x29=0x00001fc0
     452595.000 ns	     45258	80009518	6be04b13	xori	x22,x0,1726	  x0:0x00000000 x22=0x000006be
     452605.000 ns	     45259	8000951c	00000013	addi	x0,x0,0	  x0:0x00000000
     452615.000 ns	     45260	80009520	4078d633	sra	x12,x17,x7	 x17:0x00000200  x7:0xffffff15 x12=0x00000000
     452625.000 ns	     45261	80009524	f3012013	slti	x0,x2,-208	  x2:0x80040fe4
     453795.000 ns	     45378	80009528	58047153	fsqrt.s	f2,f8	  f8:0x3f800000  f2=0x3f7fffae
     453825.000 ns	     45381	8000952c	d014fad3	fcvt.s.wu	f21,x9	  x9:0x00000000 f21=0x00000000
     453865.000 ns	     45385	80009530	117a78d3	fmul.s	f17,f20,f23	 f20:0x00000000 f23:0x7f800000 f17=0x7fc00000
     453885.000 ns	     45387	80009534	6d588a93	addi	x21,x17,1749	 x17:0x00000200 x21=0x000008d5
     453905.000 ns	     45389	80009538	c012c353	fcvt.wu.s	x6,f5	  f5:0x7fc00000  x6=0xffffffff
     453925.000 ns	     45391	8000953c	bd9efc13	andi	x24,x29,-1063	 x29:0x00001fc0 x24=0x00001bc0
     453935.000 ns	     45392	80009540	01778a33	add	x20,x15,x23	 x15:0x00000000 x23:0x3fffffff x20=0x3fffffff
     453945.000 ns	     45393	80009544	01d6e433	or	x8,x13,x29	 x13:0x00000000 x29:0x00001fc0  x8=0x00001fc0
     453985.000 ns	     45397	80009548	0134bad3	fadd.s	f21,f9,f19	  f9:0x7f800000 f19:0x7fc00000 f21=0x7fc00000
     454005.000 ns	     45399	8000954c	01d48633	add	x12,x9,x29	  x9:0x00000000 x29:0x00001fc0 x12=0x00001fc0
     454025.000 ns	     45401	80009550	21292fd3	fsgnjx.s	f31,f18,f18	 f18:0x00000000 f18:0x00000000 f31=0x00000000
     454045.000 ns	     45403	80009554	001a1333	sll	x6,x20,x1	 x20:0x3fffffff  x1:0x00000000  x6=0x3fffffff
     454405.000 ns	     45439	80009558	031047b3	div	x15,x0,x17	  x0:0x00000000 x17:0x00000200 x15=0x00000000
     454435.000 ns	     45442	8000955c	f00b8253	fmv.w.x	f4,x23	 x23:0x3fffffff  f4=0x3fffffff
     454455.000 ns	     45444	80009560	4166d893	srai	x17,x13,0x16	 x13:0x00000000 x17=0x00000000
     455625.000 ns	     45561	80009564	5803f7d3	fsqrt.s	f15,f7	  f7:0x3f800000 f15=0x3f7fffae
     455995.000 ns	     45598	80009568	03e5d233	divu	x4,x11,x30	 x11:0x00000000 x30:0x00000001  x4=0x00000000
     456025.000 ns	     45601	8000956c	c0029053	fcvt.w.s	x0,f5	  f5:0x7fc00000
     456045.000 ns	     45603	80009570	e45bf693	andi	x13,x23,-443	 x23:0x3fffffff x13=0x3ffffe45
     456055.000 ns	     45604	80009574	f378be13	sltiu	x28,x17,-201	 x17:0x00000000 x28=0x00000001
     456075.000 ns	     45606	80009578	c01ec1d3	fcvt.wu.s	x3,f29	 f29:0x8000b505  x3=0x00000000
     456095.000 ns	     45608	8000957c	db94fcb7	lui	x25,0xdb94f	 x25=0xdb94f000
     456115.000 ns	     45610	80009580	28cb0ed3	fmin.s	f29,f22,f12	 f22:0x00000001 f12:0x7fc00000 f29=0x00000001
     456135.000 ns	     45612	80009584	0c4a7f37	lui	x30,0xc4a7	 x30=0x0c4a7000
     456155.000 ns	     45614	80009588	f0040ed3	fmv.w.x	f29,x8	  x8:0x00001fc0 f29=0x00001fc0
     456175.000 ns	     45616	8000958c	01491cb3	sll	x25,x18,x20	 x18:0x00000001 x20:0x3fffffff x25=0x80000000
     456195.000 ns	     45618	80009590	a13b8fd3	fle.s	x31,f23,f19	 f23:0x7f800000 f19:0x7fc00000 x31=0x00000000
     456235.000 ns	     45622	80009594	196a76d3	fdiv.s	f13,f20,f22	 f20:0x00000000 f22:0x00000001 f13=0x00000000
     456265.000 ns	     45625	80009598	29d08cd3	fmin.s	f25,f1,f29	  f1:0x7fc00000 f29:0x00001fc0 f25=0x00001fc0
     456285.000 ns	     45627	8000959c	01c1f0b3	and	x1,x3,x28	  x3:0x00000000 x28:0x00000001  x1=0x00000000
     456305.000 ns	     45629	800095a0	f0020d53	fmv.w.x	f26,x4	  x4:0x00000000 f26=0x00000000
     456345.000 ns	     45633	800095a4	19cf48d3	fdiv.s	f17,f30,f28	 f30:0x40800000 f28:0x7fc00000 f17=0x7fc00000
     456375.000 ns	     45636	800095a8	024b1eb3	mulh	x29,x22,x4	 x22:0x000006be  x4:0x00000000 x29=0x00000000
     456405.000 ns	     45639	800095ac	d0104953	fcvt.s.wu	f18,x0	  x0:0x00000000 f18=0x00000000
     456425.000 ns	     45641	800095b0	0005f033	and	x0,x11,x0	 x11:0x00000000  x0:0x00000000
     456445.000 ns	     45643	800095b4	02e900b3	mul	x1,x18,x14	 x18:0x00000001 x14:0x80041024  x1=0x80041024
     456475.000 ns	     45646	800095b8	206e2c53	fsgnjx.s	f24,f28,f6	 f28:0x7fc00000  f6:0x1f360480 f24=0x7fc00000
     456505.000 ns	     45649	800095bc	2064a653	fsgnjx.s	f12,f9,f6	  f9:0x7f800000  f6:0x1f360480 f12=0x7f800000
     456555.000 ns	     45654	800095c0	08504c53	fsub.s	f24,f0,f5	  f0:0x80000000  f5:0x7fc00000 f24=0x7fc00000
     456585.000 ns	     45657	800095c4	a11a9d53	flt.s	x26,f21,f17	 f21:0x7fc00000 f17:0x7fc00000 x26=0x00000000
     456605.000 ns	     45659	800095c8	00e4f4b3	and	x9,x9,x14	  x9:0x00000000 x14:0x80041024  x9=0x00000000
     456625.000 ns	     45661	800095cc	023ad9b3	divu	x19,x21,x3	 x21:0x000008d5  x3:0x00000000 x19=0xffffffff
     456645.000 ns	     45663	800095d0	00dfe4b3	or	x9,x31,x13	 x31:0x00000000 x13:0x3ffffe45  x9=0x3ffffe45
     457005.000 ns	     45699	800095d4	0324e7b3	rem	x15,x9,x18	  x9:0x00000000 x18:0x00000001 x15=0x00000000
     457025.000 ns	     45701	800095d8	414cd2b3	sra	x5,x25,x20	 x25:0x80000000 x20:0x3fffffff  x5=0xffffffff
     457065.000 ns	     45705	800095dc	01a17dd3	fadd.s	f27,f2,f26	  f2:0x3f7fffae f26:0x00000000 f27=0x3f7fffae
     457085.000 ns	     45707	800095e0	01124e33	xor	x28,x4,x17	  x4:0x00000000 x17:0x00000000 x28=0x00000000
     457095.000 ns	     45708	800095e4	01384233	xor	x4,x16,x19	 x16:0x00000004 x19:0xffffffff  x4=0xfffffffb
     457455.000 ns	     45744	800095e8	025a6ab3	rem	x21,x20,x5	 x20:0x3fffffff  x5:0xffffffff x21=0x00000000
     457495.000 ns	     45748	800095ec	58067153	fsqrt.s	f2,f12	 f12:0x7f800000  f2=0x7f800000
     457525.000 ns	     45751	800095f0	c0092ad3	fcvt.w.s	x21,f18	 f18:0x00000000 x21=0x00000000
     457545.000 ns	     45753	800095f4	11fdcb93	xori	x23,x27,287	 x27:0x00000001 x23=0x0000011e
     457875.000 ns	     45786	800095f8	18ff7753	fdiv.s	f14,f30,f15	 f30:0x40800000 f15:0x3f7fffae f14=0x40ffff8a
     457895.000 ns	     45788	800095fc	8f8eed13	ori	x26,x29,-1800	 x29:0x00000000 x26=0xfffff8f8
     458255.000 ns	     45824	80009600	0241fbb3	remu	x23,x3,x4	  x3:0x00000000  x4:0xfffffffb x23=0x00000000
     458295.000 ns	     45828	80009604	11451ed3	fmul.s	f29,f10,f20	 f10:0x7fc00000 f20:0x00000000 f29=0x7fc00000
     458335.000 ns	     45832	80009608	18581253	fdiv.s	f4,f16,f5	 f16:0x00000000  f5:0x7fc00000  f4=0x7fc00000
     458365.000 ns	     45835	8000960c	031bc633	div	x12,x23,x17	 x23:0x00000000 x17:0x00000000 x12=0xffffffff
     458385.000 ns	     45837	80009610	01f689b3	add	x19,x13,x31	 x13:0x3ffffe45 x31:0x00000000 x19=0x3ffffe45
     458425.000 ns	     45841	80009614	014b9d53	fadd.s	f26,f23,f20	 f23:0x7f800000 f20:0x00000000 f26=0x7f800000
     458445.000 ns	     45843	80009618	40a30bb3	sub	x23,x6,x10	  x6:0x3fffffff x10:0xf0008204 x23=0x4fff7dfb
     458465.000 ns	     45845	8000961c	d019f353	fcvt.s.wu	f6,x19	 x19:0x3ffffe45  f6=0x4e7ffff9
     458485.000 ns	     45847	80009620	48c0af93	slti	x31,x1,1164	  x1:0x80041024 x31=0x00000001
     458495.000 ns	     45848	80009624	016b5693	srli	x13,x22,0x16	 x22:0x000006be x13=0x00000000
     458505.000 ns	     45849	80009628	4071d2b3	sra	x5,x3,x7	  x3:0x00000000  x7:0xffffff15  x5=0x00000000
     458525.000 ns	     45851	8000962c	20751253	fsgnjn.s	f4,f10,f7	 f10:0x7fc00000  f7:0x3f800000  f4=0xffc00000
     458545.000 ns	     45853	80009630	6f5aad93	slti	x27,x21,1781	 x21:0x00000000 x27=0x00000001
     458565.000 ns	     45855	80009634	a0af1353	flt.s	x6,f30,f10	 f30:0x40800000 f10:0x7fc00000  x6=0x00000000
     458595.000 ns	     45858	80009638	035739b3	mulhu	x19,x14,x21	 x14:0x80041024 x21:0x00000000 x19=0x00000000
     458625.000 ns	     45861	8000963c	a10f15d3	flt.s	x11,f30,f16	 f30:0x40800000 f16:0x00000000 x11=0x00000000
     458645.000 ns	     45863	80009640	00119333	sll	x6,x3,x1	  x3:0x00000000  x1:0x80041024  x6=0x00000000
     459005.000 ns	     45899	80009644	02426433	rem	x8,x4,x4	  x4:0xfffffffb  x4:0xfffffffb  x8=0x00000000
     459025.000 ns	     45901	80009648	00e33533	sltu	x10,x6,x14	  x6:0x00000000 x14:0x80041024 x10=0x00000001
     459045.000 ns	     45903	8000964c	20a69753	fsgnjn.s	f14,f13,f10	 f13:0x00000000 f10:0x7fc00000 f14=0x80000000
     459075.000 ns	     45906	80009650	035f4533	div	x10,x30,x21	 x30:0x0c4a7000 x21:0x00000000 x10=0xffffffff
     459095.000 ns	     45908	80009654	bf6a7293	andi	x5,x20,-1034	 x20:0x3fffffff  x5=0x3ffffbf6
     459105.000 ns	     45909	80009658	008b3633	sltu	x12,x22,x8	 x22:0x000006be  x8:0x00000000 x12=0x00000000
     459125.000 ns	     45911	8000965c	02bb6ab3	rem	x21,x22,x11	 x22:0x000006be x11:0x00000000 x21=0x000006be
     459165.000 ns	     45915	80009660	114d30d3	fmul.s	f1,f26,f20	 f26:0x7f800000 f20:0x00000000  f1=0x7fc00000
     459205.000 ns	     45919	80009664	11fc3d53	fmul.s	f26,f24,f31	 f24:0x7fc00000 f31:0x00000000 f26=0x7fc00000
     459225.000 ns	     45921	80009668	40ffd033	sra	x0,x31,x15	 x31:0x00000001 x15:0x00000000
     459245.000 ns	     45923	8000966c	03d88533	mul	x10,x17,x29	 x17:0x00000000 x29:0x00000000 x10=0x00000000
     459295.000 ns	     45928	80009670	096107d3	fsub.s	f15,f2,f22	  f2:0x7f800000 f22:0x00000001 f15=0x7f800000
     459665.000 ns	     45965	80009674	03285eb3	divu	x29,x16,x18	 x16:0x00000004 x18:0x00000001 x29=0x00000004
     459685.000 ns	     45967	80009678	406f02b3	sub	x5,x30,x6	 x30:0x0c4a7000  x6:0x00000000  x5=0x0c4a7000
     459715.000 ns	     45970	8000967c	10aa84d3	fmul.s	f9,f21,f10	 f21:0x7fc00000 f10:0x7fc00000  f9=0x7fc00000
     459745.000 ns	     45973	80009680	c0067653	fcvt.w.s	x12,f12	 f12:0x7f800000 x12=0x7fffffff
     459785.000 ns	     45977	80009684	58057353	fsqrt.s	f6,f10	 f10:0x7fc00000  f6=0x7fc00000
     459805.000 ns	     45979	80009688	336f8913	addi	x18,x31,822	 x31:0x00000001 x18=0x00000337
     459815.000 ns	     45980	8000968c	400d88b3	sub	x17,x27,x0	 x27:0x00000001  x0:0x00000000 x17=0x00000001
     459825.000 ns	     45981	80009690	41d35ab3	sra	x21,x6,x29	  x6:0x00000000 x29:0x00000004 x21=0x00000000
     459835.000 ns	     45982	80009694	007ddf93	srli	x31,x27,0x7	 x27:0x00000001 x31=0x00000000
     459845.000 ns	     45983	80009698	01be9a13	slli	x20,x29,0x1b	 x29:0x00000004 x20=0x20000000
     459865.000 ns	     45985	8000969c	a1e90f53	fle.s	x30,f18,f30	 f18:0x00000000 f30:0x40800000 x30=0x00000001
     459885.000 ns	     45987	800096a0	413e5a13	srai	x20,x28,0x13	 x28:0x00000000 x20=0x00000000
     460245.000 ns	     46023	800096a4	0296fc33	remu	x24,x13,x9	 x13:0x00000000  x9:0x3ffffe45 x24=0x00000000
     460265.000 ns	     46025	800096a8	e33fb693	sltiu	x13,x31,-461	 x31:0x00000000 x13=0x00000001
     460275.000 ns	     46026	800096ac	41ffd413	srai	x8,x31,0x1f	 x31:0x00000000  x8=0x00000000
     460285.000 ns	     46027	800096b0	402a5d93	srai	x27,x20,0x2	 x20:0x00000000 x27=0x00000000
     460315.000 ns	     46030	800096b4	183a77d3	fdiv.s	f15,f20,f3	 f20:0x00000000  f3:0x7fc00000 f15=0x7fc00000
     460345.000 ns	     46033	800096b8	e0019553	fclass.s	x10,f3	  f3:0x7fc00000 x10=0x00000200
     460365.000 ns	     46035	800096bc	40b3ce13	xori	x28,x7,1035	  x7:0xffffff15 x28=0xfffffb1e
     460375.000 ns	     46036	800096c0	008f4cb3	xor	x25,x30,x8	 x30:0x00000001  x8:0x00000000 x25=0x00000001
     460395.000 ns	     46038	800096c4	c0017cd3	fcvt.w.s	x25,f2	  f2:0x7f800000 x25=0x7fffffff
     460425.000 ns	     46041	800096c8	203f99d3	fsgnjn.s	f19,f31,f3	 f31:0x00000000  f3:0x7fc00000 f19=0x80000000
     460445.000 ns	     46043	800096cc	00c65433	srl	x8,x12,x12	 x12:0x7fffffff x12:0x7fffffff  x8=0x00000000
     460455.000 ns	     46044	800096d0	b773a193	slti	x3,x7,-1161	  x7:0xffffff15  x3=0x00000000
     460475.000 ns	     46046	800096d4	03e9bb33	mulhu	x22,x19,x30	 x19:0x00000000 x30:0x00000001 x22=0x00000000
     460495.000 ns	     46048	800096d8	203b0693	addi	x13,x22,515	 x22:0x000006be x13=0x00000203
     460515.000 ns	     46050	800096dc	20918953	fsgnj.s	f18,f3,f9	  f3:0x7fc00000  f9:0x7fc00000 f18=0x7fc00000
     460545.000 ns	     46053	800096e0	a16617d3	flt.s	x15,f12,f22	 f12:0x7f800000 f22:0x00000001 x15=0x00000000
     460575.000 ns	     46056	800096e4	21c01c53	fsgnjn.s	f24,f0,f28	  f0:0x80000000 f28:0x7fc00000 f24=0x80000000
     460595.000 ns	     46058	800096e8	400fdfb3	sra	x31,x31,x0	 x31:0x00000000  x0:0x00000000 x31=0x00000000
     460615.000 ns	     46060	800096ec	02f091b3	mulh	x3,x1,x15	  x1:0x80041024 x15:0x00000000  x3=0x00000000
     460635.000 ns	     46062	800096f0	00c2bcb3	sltu	x25,x5,x12	  x5:0x0c4a7000 x12:0x7fffffff x25=0x00000001
     460645.000 ns	     46063	800096f4	75002797	auipc	x15,0x75002	 x15=0xf500b6f4
     460665.000 ns	     46065	800096f8	0307b033	mulhu	x0,x15,x16	 x15:0x00000000 x16:0x00000004
     460685.000 ns	     46067	800096fc	5194c397	auipc	x7,0x5194c	  x7=0xd19556fc
     460705.000 ns	     46069	80009700	a1292b53	feq.s	x22,f18,f18	 f18:0x7fc00000 f18:0x7fc00000 x22=0x00000000
     460735.000 ns	     46072	80009704	a1ad29d3	feq.s	x19,f26,f26	 f26:0x7fc00000 f26:0x7fc00000 x19=0x00000000
     460755.000 ns	     46074	80009708	00471b33	sll	x22,x14,x4	 x14:0x80041024  x4:0xfffffffb x22=0x20000000
     460795.000 ns	     46078	8000970c	000276d3	fadd.s	f13,f4,f0	  f4:0xffc00000  f0:0x80000000 f13=0x7fc00000
     460825.000 ns	     46081	80009710	030f95b3	mulh	x11,x31,x16	 x31:0x00000000 x16:0x00000004 x11=0x00000000
     460855.000 ns	     46084	80009714	02bebeb3	mulhu	x29,x29,x11	 x29:0x00000004 x11:0x00000000 x29=0x00000000
     460875.000 ns	     46086	80009718	a82c4c93	xori	x25,x24,-1406	 x24:0x00000000 x25=0xfffffa82
     460885.000 ns	     46087	8000971c	35667393	andi	x7,x12,854	 x12:0x7fffffff  x7=0x00000356
     460905.000 ns	     46089	80009720	28ff0e53	fmin.s	f28,f30,f15	 f30:0x40800000 f15:0x7fc00000 f28=0x40800000
     460935.000 ns	     46092	80009724	021d9cb3	mulh	x25,x27,x1	 x27:0x00000000  x1:0x80041024 x25=0x00000000
     460955.000 ns	     46094	80009728	01b664b3	or	x9,x12,x27	 x12:0x7fffffff x27:0x00000000  x9=0x7fffffff
     460965.000 ns	     46095	8000972c	00b39913	slli	x18,x7,0xb	  x7:0x00000356 x18=0x001ab000
     460975.000 ns	     46096	80009730	00c89ab3	sll	x21,x17,x12	 x17:0x00000001 x12:0x7fffffff x21=0x80000000
     460995.000 ns	     46098	80009734	d01af2d3	fcvt.s.wu	f5,x21	 x21:0x00000000  f5=0x4f000000
     461045.000 ns	     46103	80009738	0157c2d3	fadd.s	f5,f15,f21	 f15:0x7fc00000 f21:0x7fc00000  f5=0x7fc00000
     461075.000 ns	     46106	8000973c	28580453	fmin.s	f8,f16,f5	 f16:0x00000000  f5:0x4f000000  f8=0x00000000
     461095.000 ns	     46108	80009740	400308b3	sub	x17,x6,x0	  x6:0x00000000  x0:0x00000000 x17=0x00000000
     461115.000 ns	     46110	80009744	202b8a53	fsgnj.s	f20,f23,f2	 f23:0x7f800000  f2:0x7f800000 f20=0x7f800000
     461145.000 ns	     46113	80009748	d00af853	fcvt.s.w	f16,x21	 x21:0x80000000 f16=0xcf000000
     461185.000 ns	     46117	8000974c	18c17553	fdiv.s	f10,f2,f12	  f2:0x7f800000 f12:0x7f800000 f10=0x7fc00000
     461215.000 ns	     46120	80009750	f00c8d53	fmv.w.x	f26,x25	 x25:0x00000000 f26=0x00000000
     461235.000 ns	     46122	80009754	001e28b3	slt	x17,x28,x1	 x28:0xfffffb1e  x1:0x80041024 x17=0x00000000
     461245.000 ns	     46123	80009758	00ba6eb3	or	x29,x20,x11	 x20:0x00000000 x11:0x00000000 x29=0x00000000
     461265.000 ns	     46125	8000975c	f00d09d3	fmv.w.x	f19,x26	 x26:0xfffff8f8 f19=0xfffff8f8
     461285.000 ns	     46127	80009760	40bfdc13	srai	x24,x31,0xb	 x31:0x00000000 x24=0x00000000
     461295.000 ns	     46128	80009764	00cd9193	slli	x3,x27,0xc	 x27:0x00000000  x3=0x00000000
     461305.000 ns	     46129	80009768	9b301a97	auipc	x21,0x9b301	 x21=0x1b30a768
     461325.000 ns	     46131	8000976c	034cc333	div	x6,x25,x20	 x25:0x00000000 x20:0x00000000  x6=0xffffffff
     461345.000 ns	     46133	80009770	8b902413	slti	x8,x0,-1863	  x0:0x00000000  x8=0x00000000
     461705.000 ns	     46169	80009774	022c7a33	remu	x20,x24,x2	 x24:0x00000000  x2:0x80040fe4 x20=0x00000000
     461735.000 ns	     46172	80009778	03183cb3	mulhu	x25,x16,x17	 x16:0x00000004 x17:0x00000000 x25=0x00000000
     461765.000 ns	     46175	8000977c	c0087ed3	fcvt.w.s	x29,f16	 f16:0xcf000000 x29=0x80000000
     461785.000 ns	     46177	80009780	00fcceb3	xor	x29,x25,x15	 x25:0x00000000 x15:0xf500b6f4 x29=0xf500b6f4
     461795.000 ns	     46178	80009784	f8a73893	sltiu	x17,x14,-118	 x14:0x80041024 x17=0x00000001
     461815.000 ns	     46180	80009788	282d1553	fmax.s	f10,f26,f2	 f26:0x00000000  f2:0x7f800000 f10=0x7f800000
     461865.000 ns	     46185	8000978c	0982f2d3	fsub.s	f5,f5,f24	  f5:0x7fc00000 f24:0x80000000  f5=0x7fc00000
     461885.000 ns	     46187	80009790	01569cb3	sll	x25,x13,x21	 x13:0x00000203 x21:0x1b30a768 x25=0x00020300
     461895.000 ns	     46188	80009794	06f3c693	xori	x13,x7,111	  x7:0x00000356 x13=0x00000339
     461905.000 ns	     46189	80009798	00ce2333	slt	x6,x28,x12	 x28:0xfffffb1e x12:0x7fffffff  x6=0x00000001
     461915.000 ns	     46190	8000979c	40b05493	srai	x9,x0,0xb	  x0:0x00000000  x9=0x00000000
     461935.000 ns	     46192	800097a0	c00ff8d3	fcvt.w.s	x17,f31	 f31:0x00000000 x17=0x00000000
     461985.000 ns	     46197	800097a4	01a845d3	fadd.s	f11,f16,f26	 f16:0xcf000000 f26:0x00000000 f11=0xcf000000
     462015.000 ns	     46200	800097a8	d0171b53	fcvt.s.wu	f22,x14	 x14:0x80041024 f22=0x4f000410
     462065.000 ns	     46205	800097ac	08ac30d3	fsub.s	f1,f24,f10	 f24:0x80000000 f10:0x7f800000  f1=0xff800000
     462095.000 ns	     46208	800097b0	e0069fd3	fclass.s	x31,f13	 f13:0x7fc00000 x31=0x00000200
     462125.000 ns	     46211	800097b4	e0000cd3	fmv.x.w	x25,f0	  f0:0x80000000 x25=0x80000000
     462155.000 ns	     46214	800097b8	a0342653	feq.s	x12,f8,f3	  f8:0x00000000  f3:0x7fc00000 x12=0x00000000
     462185.000 ns	     46217	800097bc	d00372d3	fcvt.s.w	f5,x6	  x6:0x00000001  f5=0x3f800000
     462205.000 ns	     46219	800097c0	0193b9b3	sltu	x19,x7,x25	  x7:0x00000356 x25:0x80000000 x19=0x00000001
     462215.000 ns	     46220	800097c4	00000013	addi	x0,x0,0	  x0:0x00000000
     462235.000 ns	     46222	800097c8	02305633	divu	x12,x0,x3	  x0:0x00000000  x3:0x00000000 x12=0xffffffff
     462265.000 ns	     46225	800097cc	c01513d3	fcvt.wu.s	x7,f10	 f10:0x7f800000  x7=0xffffffff
     462635.000 ns	     46262	800097d0	030d6d33	rem	x26,x26,x16	 x26:0xfffff8f8 x16:0x00000004 x26=0x00000000
     462665.000 ns	     46265	800097d4	d01ef253	fcvt.s.wu	f4,x29	 x29:0xf500b6f4  f4=0x4f7500b6
     462695.000 ns	     46268	800097d8	03ac96b3	mulh	x13,x25,x26	 x25:0x80000000 x26:0x00000000 x13=0x00000000
     462725.000 ns	     46271	800097dc	210920d3	fsgnjx.s	f1,f18,f16	 f18:0x7fc00000 f16:0xcf000000  f1=0xffc00000
     462755.000 ns	     46274	800097e0	c0137cd3	fcvt.wu.s	x25,f6	  f6:0x7fc00000 x25=0xffffffff
     462785.000 ns	     46277	800097e4	203c8853	fsgnj.s	f16,f25,f3	 f25:0x00001fc0  f3:0x7fc00000 f16=0x00001fc0
     462805.000 ns	     46279	800097e8	00351613	slli	x12,x10,0x3	 x10:0x00000200 x12=0x00001000
     462815.000 ns	     46280	800097ec	3377ed93	ori	x27,x15,823	 x15:0xf500b6f4 x27=0xf500b7f7
     462835.000 ns	     46282	800097f0	21a28353	fsgnj.s	f6,f5,f26	  f5:0x3f800000 f26:0x00000000  f6=0x3f800000
     462855.000 ns	     46284	800097f4	00000013	addi	x0,x0,0	  x0:0x00000000
     462895.000 ns	     46288	800097f8	08ab30d3	fsub.s	f1,f22,f10	 f22:0x4f000410 f10:0x7f800000  f1=0xff800000
     462925.000 ns	     46291	800097fc	a1891a53	flt.s	x20,f18,f24	 f18:0x7fc00000 f24:0x80000000 x20=0x00000000
     462945.000 ns	     46293	80009800	9a394013	xori	x0,x18,-1629	 x18:0x001ab000
     462965.000 ns	     46295	80009804	032937b3	mulhu	x15,x18,x18	 x18:0x001ab000 x18:0x001ab000 x15=0x000002c8
     462995.000 ns	     46298	80009808	21c3a4d3	fsgnjx.s	f9,f7,f28	  f7:0x3f800000 f28:0x40800000  f9=0x3f800000
     463015.000 ns	     46300	8000980c	01b3acb3	slt	x25,x7,x27	  x7:0xffffffff x27:0xf500b7f7 x25=0x00000000
     463035.000 ns	     46302	80009810	a0eea5d3	feq.s	x11,f29,f14	 f29:0x7fc00000 f14:0x80000000 x11=0x00000000
     463055.000 ns	     46304	80009814	dc2a7d93	andi	x27,x20,-574	 x20:0x00000000 x27=0x00000000
     463095.000 ns	     46308	80009818	09627553	fsub.s	f10,f4,f22	  f4:0x4f7500b6 f22:0x4f000410 f10=0x4ee9f94c
     463145.000 ns	     46313	8000981c	0042f1d3	fadd.s	f3,f5,f4	  f5:0x3f800000  f4:0x4f7500b6  f3=0x4f7500b6
     463165.000 ns	     46315	80009820	00b8a333	slt	x6,x17,x11	 x17:0x00000000 x11:0x00000000  x6=0x00000000
     463185.000 ns	     46317	80009824	a1c125d3	feq.s	x11,f2,f28	  f2:0x7f800000 f28:0x40800000 x11=0x00000000
     463555.000 ns	     46354	80009828	02fac8b3	div	x17,x21,x15	 x21:0x1b30a768 x15:0x000002c8 x17=0x0009c6b5
     463575.000 ns	     46356	8000982c	00000013	addi	x0,x0,0	  x0:0x00000000
     463595.000 ns	     46358	80009830	21a61753	fsgnjn.s	f14,f12,f26	 f12:0x7f800000 f26:0x00000000 f14=0xff800000
     463625.000 ns	     46361	80009834	d00777d3	fcvt.s.w	f15,x14	 x14:0x80041024 f15=0xcefff7df
     463655.000 ns	     46364	80009838	e0081c53	fclass.s	x24,f16	 f16:0x00001fc0 x24=0x00000020
     463685.000 ns	     46367	8000983c	d01c74d3	fcvt.s.wu	f9,x24	 x24:0x00000000  f9=0x42000000
     463715.000 ns	     46370	80009840	d0157053	fcvt.s.wu	f0,x10	 x10:0x00000200  f0=0x44000000
     463735.000 ns	     46372	80009844	cb32ad13	slti	x26,x5,-845	  x5:0x0c4a7000 x26=0x00000000
     463745.000 ns	     46373	80009848	629ffe13	andi	x28,x31,1577	 x31:0x00000200 x28=0x00000200
     463755.000 ns	     46374	8000984c	41ee8e33	sub	x28,x29,x30	 x29:0xf500b6f4 x30:0x00000001 x28=0xf500b6f3
     463765.000 ns	     46375	80009850	008f71b3	and	x3,x30,x8	 x30:0x00000001  x8:0x00000000  x3=0x00000000
     463775.000 ns	     46376	80009854	01745db3	srl	x27,x8,x23	  x8:0x00000000 x23:0x4fff7dfb x27=0x00000000
     463795.000 ns	     46378	80009858	20fe2853	fsgnjx.s	f16,f28,f15	 f28:0x40800000 f15:0xcefff7df f16=0xc0800000
     463825.000 ns	     46381	8000985c	f00981d3	fmv.w.x	f3,x19	 x19:0x00000001  f3=0x00000001
     463845.000 ns	     46383	80009860	bfdd4417	auipc	x8,0xbfdd4	  x8=0x3fddd860
     463855.000 ns	     46384	80009864	409a5bb3	sra	x23,x20,x9	 x20:0x00000000  x9:0x00000000 x23=0x00000000
     463875.000 ns	     46386	80009868	28f191d3	fmax.s	f3,f3,f15	  f3:0x00000001 f15:0xcefff7df  f3=0x00000001
     463905.000 ns	     46389	8000986c	02c38ab3	mul	x21,x7,x12	  x7:0xffffffff x12:0x00001000 x21=0xfffff000
     463925.000 ns	     46391	80009870	dea17593	andi	x11,x2,-534	  x2:0x80040fe4 x11=0x80040de0
     463945.000 ns	     46393	80009874	29d00853	fmin.s	f16,f0,f29	  f0:0x44000000 f29:0x7fc00000 f16=0x44000000
     463975.000 ns	     46396	80009878	29a31ed3	fmax.s	f29,f6,f26	  f6:0x3f800000 f26:0x00000000 f29=0x3f800000
     464025.000 ns	     46401	8000987c	01c7c653	fadd.s	f12,f15,f28	 f15:0xcefff7df f28:0x40800000 f12=0xcefff7df
     464045.000 ns	     46403	80009880	f6290d13	addi	x26,x18,-158	 x18:0x001ab000 x26=0x001aaf62
     464055.000 ns	     46404	80009884	0089cdb3	xor	x27,x19,x8	 x19:0x00000001  x8:0x3fddd860 x27=0x3fddd861
     464075.000 ns	     46406	80009888	d011b653	fcvt.s.wu	f12,x3	  x3:0x00000000 f12=0x00000000
     464115.000 ns	     46410	8000988c	197e83d3	fdiv.s	f7,f29,f23	 f29:0x3f800000 f23:0x7f800000  f7=0x00000000
     464135.000 ns	     46412	80009890	39bc8993	addi	x19,x25,923	 x25:0x00000000 x19=0x0000039b
     464155.000 ns	     46414	80009894	026eae33	mulhsu	x28,x29,x6	 x29:0xf500b6f4  x6:0x00000000 x28=0x00000000
     464185.000 ns	     46417	80009898	20540453	fsgnj.s	f8,f8,f5	  f8:0x00000000  f5:0x3f800000  f8=0x00000000
     464205.000 ns	     46419	8000989c	40d754b3	sra	x9,x14,x13	 x14:0x80041024 x13:0x00000000  x9=0x80041024
     464215.000 ns	     46420	800098a0	00369633	sll	x12,x13,x3	 x13:0x00000000  x3:0x00000000 x12=0x00000000
     464245.000 ns	     46423	800098a4	11e12353	fmul.s	f6,f2,f30	  f2:0x7f800000 f30:0x40800000  f6=0x7f800000
     464275.000 ns	     46426	800098a8	c00eced3	fcvt.w.s	x29,f29	 f29:0x3f800000 x29=0x00000001
     464295.000 ns	     46428	800098ac	008c2533	slt	x10,x24,x8	 x24:0x00000020  x8:0x3fddd860 x10=0x00000001
     464315.000 ns	     46430	800098b0	02ac0b33	mul	x22,x24,x10	 x24:0x00000020 x10:0x00000200 x22=0x00000020
     464335.000 ns	     46432	800098b4	01f69393	slli	x7,x13,0x1f	 x13:0x00000000  x7=0x00000000
     464375.000 ns	     46436	800098b8	0831c5d3	fsub.s	f11,f3,f3	  f3:0x00000001  f3:0x00000001 f11=0x80000000
     464395.000 ns	     46438	800098bc	00ed1a93	slli	x21,x26,0xe	 x26:0x001aaf62 x21=0xabd88000
     464415.000 ns	     46440	800098c0	d019f553	fcvt.s.wu	f10,x19	 x19:0x0000039b f10=0x4466c000
     464435.000 ns	     46442	800098c4	948bc693	xori	x13,x23,-1720	 x23:0x00000000 x13=0xfffff948
     464445.000 ns	     46443	800098c8	8d0a8893	addi	x17,x21,-1840	 x21:0xabd88000 x17=0xabd878d0
     464455.000 ns	     46444	800098cc	41c357b3	sra	x15,x6,x28	  x6:0x00000000 x28:0x00000000 x15=0x00000000
     464465.000 ns	     46445	800098d0	40945533	sra	x10,x8,x9	  x8:0x3fddd860  x9:0x80041024 x10=0x03fddd86
     464495.000 ns	     46448	800098d4	580c7253	fsqrt.s	f4,f24	 f24:0x80000000  f4=0x80000000
     464515.000 ns	     46450	800098d8	f606f013	andi	x0,x13,-160	 x13:0xfffff948
     464525.000 ns	     46451	800098dc	01f6c7b3	xor	x15,x13,x31	 x13:0xfffff948 x31:0x00000200 x15=0xfffffb48
     464535.000 ns	     46452	800098e0	1d02b537	lui	x10,0x1d02b	 x10=0x1d02b000
     464545.000 ns	     46453	800098e4	8fef7893	andi	x17,x30,-1794	 x30:0x00000001 x17=0x00000000
     464555.000 ns	     46454	800098e8	01f92a33	slt	x20,x18,x31	 x18:0x001ab000 x31:0x00000200 x20=0x00000000
     464565.000 ns	     46455	800098ec	c8327a93	andi	x21,x4,-893	  x4:0xfffffffb x21=0xfffffc83
     464585.000 ns	     46457	800098f0	f00a8a53	fmv.w.x	f20,x21	 x21:0xabd88000 f20=0xfffffc83
     464955.000 ns	     46494	800098f4	03bdfa33	remu	x20,x27,x27	 x27:0x3fddd861 x27:0x3fddd861 x20=0x00000000
     464995.000 ns	     46498	800098f8	58077b53	fsqrt.s	f22,f14	 f14:0xff800000 f22=0x7fc00000
     465025.000 ns	     46501	800098fc	c00bc253	fcvt.w.s	x4,f23	 f23:0x7f800000  x4=0x7fffffff
     465045.000 ns	     46503	80009900	01379293	slli	x5,x15,0x13	 x15:0xfffffb48  x5=0xda400000
     465055.000 ns	     46504	80009904	00a650b3	srl	x1,x12,x10	 x12:0x00000000 x10:0x1d02b000  x1=0x00000000
     465075.000 ns	     46506	80009908	0332bcb3	mulhu	x25,x5,x19	  x5:0x0c4a7000 x19:0x0000039b x25=0x00000312
     465105.000 ns	     46509	8000990c	a0449c53	flt.s	x24,f9,f4	  f9:0x42000000  f4:0x80000000 x24=0x00000000
     465475.000 ns	     46546	80009910	03ba65b3	rem	x11,x20,x27	 x20:0x00000000 x27:0x3fddd861 x11=0x00000000
     465505.000 ns	     46549	80009914	a0608cd3	fle.s	x25,f1,f6	  f1:0xff800000  f6:0x7f800000 x25=0x00000001
     465535.000 ns	     46552	80009918	e00293d3	fclass.s	x7,f5	  f5:0x3f800000  x7=0x00000040
     465905.000 ns	     46589	8000991c	030ff1b3	remu	x3,x31,x16	 x31:0x00000200 x16:0x00000004  x3=0x00000000
     465935.000 ns	     46592	80009920	c00b7d53	fcvt.w.s	x26,f22	 f22:0x7fc00000 x26=0x7fffffff
     465965.000 ns	     46595	80009924	034970b3	remu	x1,x18,x20	 x18:0x001ab000 x20:0x00000000  x1=0x001ab000
     465995.000 ns	     46598	80009928	200f86d3	fsgnj.s	f13,f31,f0	 f31:0x00000000  f0:0x44000000 f13=0x00000000
     466025.000 ns	     46601	8000992c	03233d33	mulhu	x26,x6,x18	  x6:0x00000000 x18:0x001ab000 x26=0x00000000
     466065.000 ns	     46605	80009930	187cf653	fdiv.s	f12,f25,f7	 f25:0x00001fc0  f7:0x00000000 f12=0x7f800000
     466095.000 ns	     46608	80009934	e0020f53	fmv.x.w	x30,f4	  f4:0x80000000 x30=0x80000000
     466125.000 ns	     46611	80009938	f00e80d3	fmv.w.x	f1,x29	 x29:0x00000001  f1=0x00000001
     466145.000 ns	     46613	8000993c	00bfb4b3	sltu	x9,x31,x11	 x31:0x00000200 x11:0x00000000  x9=0x00000000
     466155.000 ns	     46614	80009940	41ead3b3	sra	x7,x21,x30	 x21:0xfffffc83 x30:0x80000000  x7=0xfffffc83
     466185.000 ns	     46617	80009944	580b7c53	fsqrt.s	f24,f22	 f22:0x7fc00000 f24=0x7fc00000
     466215.000 ns	     46620	80009948	a09a9253	flt.s	x4,f21,f9	 f21:0x7fc00000  f9:0x42000000  x4=0x00000000
     466245.000 ns	     46623	8000994c	037c2033	mulhsu	x0,x24,x23	 x24:0x00000000 x23:0x00000000
     466265.000 ns	     46625	80009950	40925433	sra	x8,x4,x9	  x4:0x00000000  x9:0x00000000  x8=0x00000000
     466275.000 ns	     46626	80009954	0061b9b3	sltu	x19,x3,x6	  x3:0x00000000  x6:0x00000000 x19=0x00000000
     466295.000 ns	     46628	80009958	03e01933	mulh	x18,x0,x30	  x0:0x00000000 x30:0x80000000 x18=0x00000000
     466315.000 ns	     46630	8000995c	05db4a93	xori	x21,x22,93	 x22:0x00000020 x21=0x0000007d
     466325.000 ns	     46631	80009960	00000013	addi	x0,x0,0	  x0:0x00000000
     466685.000 ns	     46667	80009964	03fc6fb3	rem	x31,x24,x31	 x24:0x00000000 x31:0x00000200 x31=0x00000000
     466715.000 ns	     46670	80009968	a10818d3	flt.s	x17,f16,f16	 f16:0x44000000 f16:0x44000000 x17=0x00000000
     466745.000 ns	     46673	8000996c	288a18d3	fmax.s	f17,f20,f8	 f20:0xfffffc83  f8:0x00000000 f17=0x00000000
     466785.000 ns	     46677	80009970	10be4b53	fmul.s	f22,f28,f11	 f28:0x40800000 f11:0x80000000 f22=0x80000000
     466805.000 ns	     46679	80009974	bddbe413	ori	x8,x23,-1059	 x23:0x00000000  x8=0xfffffbdd
     466825.000 ns	     46681	80009978	d00225d3	fcvt.s.w	f11,x4	  x4:0x00000000 f11=0x00000000
     466855.000 ns	     46684	8000997c	a1b602d3	fle.s	x5,f12,f27	 f12:0x7f800000 f27:0x3f7fffae  x5=0x00000000
     466885.000 ns	     46687	80009980	d0088753	fcvt.s.w	f14,x17	 x17:0x00000000 f14=0x00000000
     466915.000 ns	     46690	80009984	d019c153	fcvt.s.wu	f2,x19	 x19:0x00000000  f2=0x00000000
     466945.000 ns	     46693	80009988	a0252a53	feq.s	x20,f10,f2	 f10:0x4466c000  f2:0x7f800000 x20=0x00000000
     466975.000 ns	     46696	8000998c	e00610d3	fclass.s	x1,f12	 f12:0x7f800000  x1=0x00000080
     467015.000 ns	     46700	80009990	19a2f953	fdiv.s	f18,f5,f26	  f5:0x3f800000 f26:0x00000000 f18=0x7f800000
     467055.000 ns	     46704	80009994	191c7853	fdiv.s	f16,f24,f17	 f24:0x7fc00000 f17:0x00000000 f16=0x7fc00000
     467085.000 ns	     46707	80009998	0358aeb3	mulhsu	x29,x17,x21	 x17:0x00000000 x21:0x0000007d x29=0x00000000
     467105.000 ns	     46709	8000999c	3d9e7493	andi	x9,x28,985	 x28:0x00000000  x9=0x00000000
     467125.000 ns	     46711	800099a0	e00610d3	fclass.s	x1,f12	 f12:0x7f800000  x1=0x00000080
     467145.000 ns	     46713	800099a4	00239b93	slli	x23,x7,0x2	  x7:0xfffffc83 x23=0xfffff20c
     467155.000 ns	     46714	800099a8	00b6d993	srli	x19,x13,0xb	 x13:0xfffff948 x19=0x001fffff
     467175.000 ns	     46716	800099ac	02561233	mulh	x4,x12,x5	 x12:0x00000000  x5:0x00000000  x4=0x00000000
     467195.000 ns	     46718	800099b0	831cb513	sltiu	x10,x25,-1999	 x25:0x00000001 x10=0x00000001
     467215.000 ns	     46720	800099b4	213318d3	fsgnjn.s	f17,f6,f19	  f6:0x7f800000 f19:0xfffff8f8 f17=0x7f800000
     467235.000 ns	     46722	800099b8	8ee60693	addi	x13,x12,-1810	 x12:0x00000000 x13=0xfffff8ee
     467245.000 ns	     46723	800099bc	00000013	addi	x0,x0,0	  x0:0x00000000
     467255.000 ns	     46724	800099c0	00a154b3	srl	x9,x2,x10	  x2:0x80040fe4 x10:0x00000001  x9=0x400207f2
     467265.000 ns	     46725	800099c4	bc3ff093	andi	x1,x31,-1085	 x31:0x00000000  x1=0x00000000
     467275.000 ns	     46726	800099c8	d9348493	addi	x9,x9,-621	  x9:0x00000000  x9=0x40020585
     467285.000 ns	     46727	800099cc	000a3f33	sltu	x30,x20,x0	 x20:0x00000000  x0:0x00000000 x30=0x00000000
     467295.000 ns	     46728	800099d0	015240b3	xor	x1,x4,x21	  x4:0x00000000 x21:0x0000007d  x1=0x0000007d
     467315.000 ns	     46730	800099d4	a1b61453	flt.s	x8,f12,f27	 f12:0x7f800000 f27:0x3f7fffae  x8=0x00000000
     467335.000 ns	     46732	800099d8	00d486b3	add	x13,x9,x13	  x9:0x40020585 x13:0xfffff8ee x13=0x4001fe73
     467355.000 ns	     46734	800099dc	21c42453	fsgnjx.s	f8,f8,f28	  f8:0x00000000 f28:0x40800000  f8=0x00000000
     467385.000 ns	     46737	800099e0	d01281d3	fcvt.s.wu	f3,x5	  x5:0x00000000  f3=0x00000000
     467415.000 ns	     46740	800099e4	c01cbbd3	fcvt.wu.s	x23,f25	 f25:0x00001fc0 x23=0x00000000
     467445.000 ns	     46743	800099e8	031601b3	mul	x3,x12,x17	 x12:0x00000000 x17:0x00000000  x3=0x00000000
     467475.000 ns	     46746	800099ec	d0023f53	fcvt.s.w	f30,x4	  x4:0x00000000 f30=0x00000000
     467495.000 ns	     46748	800099f0	015074b3	and	x9,x0,x21	  x0:0x00000000 x21:0x0000007d  x9=0x00000000
     467515.000 ns	     46750	800099f4	e0089553	fclass.s	x10,f17	 f17:0x7f800000 x10=0x00000080
     467885.000 ns	     46787	800099f8	0309c033	div	x0,x19,x16	 x19:0x001fffff x16:0x00000004
     467905.000 ns	     46789	800099fc	82063f93	sltiu	x31,x12,-2016	 x12:0x00000000 x31=0x00000001
     467915.000 ns	     46790	80009a00	419587b3	sub	x15,x11,x25	 x11:0x00000000 x25:0x00000001 x15=0xffffffff
     467925.000 ns	     46791	80009a04	0115f3b3	and	x7,x11,x17	 x11:0x00000000 x17:0x00000000  x7=0x00000000
     467935.000 ns	     46792	80009a08	338b5b37	lui	x22,0x338b5	 x22=0x338b5000
     467955.000 ns	     46794	80009a0c	f00100d3	fmv.w.x	f1,x2	  x2:0x80040fe4  f1=0x80040fe4
     467975.000 ns	     46796	80009a10	01cd5693	srli	x13,x26,0x1c	 x26:0x00000000 x13=0x00000000
     467985.000 ns	     46797	80009a14	64906f13	ori	x30,x0,1609	  x0:0x00000000 x30=0x00000649
     468005.000 ns	     46799	80009a18	030b1f33	mulh	x30,x22,x16	 x22:0x338b5000 x16:0x00000004 x30=0x00000000
     468025.000 ns	     46801	80009a1c	01d9c533	xor	x10,x19,x29	 x19:0x001fffff x29:0x00000000 x10=0x001fffff
     468045.000 ns	     46803	80009a20	a0062b53	feq.s	x22,f12,f0	 f12:0x7f800000  f0:0x44000000 x22=0x00000000
     468065.000 ns	     46805	80009a24	ad0fc993	xori	x19,x31,-1328	 x31:0x00000001 x19=0xfffffad1
     468085.000 ns	     46807	80009a28	029f92b3	mulh	x5,x31,x9	 x31:0x00000001  x9:0x00000000  x5=0x00000000
     468115.000 ns	     46810	80009a2c	02939d33	mulh	x26,x7,x9	  x7:0x00000000  x9:0x00000000 x26=0x00000000
     468145.000 ns	     46813	80009a30	03e01cb3	mulh	x25,x0,x30	  x0:0x00000000 x30:0x00000000 x25=0x00000000
     468165.000 ns	     46815	80009a34	00184cb3	xor	x25,x16,x1	 x16:0x00000004  x1:0x0000007d x25=0x00000079
     468205.000 ns	     46819	80009a38	08c3fb53	fsub.s	f22,f7,f12	  f7:0x00000000 f12:0x7f800000 f22=0xff800000
     468575.000 ns	     46856	80009a3c	02f2ca33	div	x20,x5,x15	  x5:0x00000000 x15:0xffffffff x20=0x00000000
     468595.000 ns	     46858	80009a40	5240e913	ori	x18,x1,1316	  x1:0x0000007d x18=0x0000057d
     468605.000 ns	     46859	80009a44	00967cb3	and	x25,x12,x9	 x12:0x00000000  x9:0x00000000 x25=0x00000000
     468635.000 ns	     46862	80009a48	10fea0d3	fmul.s	f1,f29,f15	 f29:0x3f800000 f15:0xcefff7df  f1=0xcefff7e0
     468655.000 ns	     46864	80009a4c	00226d33	or	x26,x4,x2	  x4:0x00000000  x2:0x80040fe4 x26=0x80040fe4
     468685.000 ns	     46867	80009a50	11807653	fmul.s	f12,f0,f24	  f0:0x44000000 f24:0x7fc00000 f12=0x7fc00000
     468715.000 ns	     46870	80009a54	21839953	fsgnjn.s	f18,f7,f24	  f7:0x00000000 f24:0x7fc00000 f18=0x80000000
     468745.000 ns	     46873	80009a58	03d1e3b3	rem	x7,x3,x29	  x3:0x00000000 x29:0x00000000  x7=0x00000000
     468775.000 ns	     46876	80009a5c	29f48353	fmin.s	f6,f9,f31	  f9:0x42000000 f31:0x00000000  f6=0x00000000
     468815.000 ns	     46880	80009a60	188ef2d3	fdiv.s	f5,f29,f8	 f29:0x3f800000  f8:0x00000000  f5=0x7f800000
     468835.000 ns	     46882	80009a64	07d3bf93	sltiu	x31,x7,125	  x7:0x00000000 x31=0x00000001
     468845.000 ns	     46883	80009a68	8cac0e93	addi	x29,x24,-1846	 x24:0x00000000 x29=0xfffff8ca
     468855.000 ns	     46884	80009a6c	d7448a17	auipc	x20,0xd7448	 x20=0x57451a6c
     468865.000 ns	     46885	80009a70	96716593	ori	x11,x2,-1689	  x2:0x80040fe4 x11=0xffffffe7
     468885.000 ns	     46887	80009a74	294595d3	fmax.s	f11,f11,f20	 f11:0x00000000 f20:0xfffffc83 f11=0x00000000
     468915.000 ns	     46890	80009a78	0373d8b3	divu	x17,x7,x23	  x7:0x00000000 x23:0x00000000 x17=0xffffffff
     468935.000 ns	     46892	80009a7c	13ed2c37	lui	x24,0x13ed2	 x24=0x13ed2000
     469295.000 ns	     46928	80009a80	02b97ab3	remu	x21,x18,x11	 x18:0x0000057d x11:0xffffffe7 x21=0x0000057d
     469325.000 ns	     46931	80009a84	c0077253	fcvt.w.s	x4,f14	 f14:0x00000000  x4=0x00000000
     469345.000 ns	     46933	80009a88	01181e13	slli	x28,x16,0x11	 x16:0x00000004 x28=0x00080000
     469365.000 ns	     46935	80009a8c	c002ccd3	fcvt.w.s	x25,f5	  f5:0x7f800000 x25=0x7fffffff
     469395.000 ns	     46938	80009a90	29e00353	fmin.s	f6,f0,f30	  f0:0x44000000 f30:0x00000000  f6=0x00000000
     469415.000 ns	     46940	80009a94	00da4cb3	xor	x25,x20,x13	 x20:0x57451a6c x13:0x00000000 x25=0x57451a6c
     469445.000 ns	     46943	80009a98	10ccc753	fmul.s	f14,f25,f12	 f25:0x00001fc0 f12:0x7fc00000 f14=0x7fc00000
     469465.000 ns	     46945	80009a9c	0058ec33	or	x24,x17,x5	 x17:0xffffffff  x5:0x00000000 x24=0xffffffff
     469485.000 ns	     46947	80009aa0	03e0ae33	mulhsu	x28,x1,x30	  x1:0x0000007d x30:0x00000000 x28=0x00000000
     469515.000 ns	     46950	80009aa4	03938a33	mul	x20,x7,x25	  x7:0x00000000 x25:0x57451a6c x20=0x00000000
     469545.000 ns	     46953	80009aa8	03619633	mulh	x12,x3,x22	  x3:0x00000000 x22:0x00000000 x12=0x00000000
     469565.000 ns	     46955	80009aac	00000013	addi	x0,x0,0	  x0:0x00000000
     469575.000 ns	     46956	80009ab0	8563ef93	ori	x31,x7,-1962	  x7:0x00000000 x31=0xfffff856
     469585.000 ns	     46957	80009ab4	00368333	add	x6,x13,x3	 x13:0x00000000  x3:0x00000000  x6=0x00000000
     469945.000 ns	     46993	80009ab8	0318f0b3	remu	x1,x17,x17	 x17:0xffffffff x17:0xffffffff  x1=0x00000000
     469965.000 ns	     46995	80009abc	00ed5633	srl	x12,x26,x14	 x26:0x80040fe4 x14:0x80041024 x12=0x080040fe
     469985.000 ns	     46997	80009ac0	284e00d3	fmin.s	f1,f28,f4	 f28:0x40800000  f4:0x80000000  f1=0x80000000
     470005.000 ns	     46999	80009ac4	418f5d93	srai	x27,x30,0x18	 x30:0x00000000 x27=0x00000000
     470015.000 ns	     47000	80009ac8	00b68033	add	x0,x13,x11	 x13:0x00000000 x11:0xffffffe7
     470045.000 ns	     47003	80009acc	580b7253	fsqrt.s	f4,f22	 f22:0xff800000  f4=0x7fc00000
     470065.000 ns	     47005	80009ad0	543cc497	auipc	x9,0x543cc	  x9=0xd43d5ad0
     470075.000 ns	     47006	80009ad4	4027d433	sra	x8,x15,x2	 x15:0xffffffff  x2:0x80040fe4  x8=0xffffffff
     470085.000 ns	     47007	80009ad8	ec7fcf13	xori	x30,x31,-313	 x31:0xfffff856 x30=0x00000691
     470115.000 ns	     47010	80009adc	1927fad3	fdiv.s	f21,f15,f18	 f15:0xcefff7df f18:0x80000000 f21=0x7f800000
     470145.000 ns	     47013	80009ae0	a02aa653	feq.s	x12,f21,f2	 f21:0x7fc00000  f2:0x00000000 x12=0x00000000
     470195.000 ns	     47018	80009ae4	0902f553	fsub.s	f10,f5,f16	  f5:0x7f800000 f16:0x7fc00000 f10=0x7fc00000
     470225.000 ns	     47021	80009ae8	299c9853	fmax.s	f16,f25,f25	 f25:0x00001fc0 f25:0x00001fc0 f16=0x00001fc0
     470245.000 ns	     47023	80009aec	c84c8593	addi	x11,x25,-892	 x25:0x57451a6c x11=0x574516f0
     470265.000 ns	     47025	80009af0	03c81d33	mulh	x26,x16,x28	 x16:0x00000004 x28:0x00000000 x26=0x00000000
     470295.000 ns	     47028	80009af4	d00af2d3	fcvt.s.w	f5,x21	 x21:0x0000057d  f5=0x44afa000
     470335.000 ns	     47032	80009af8	58077353	fsqrt.s	f6,f14	 f14:0x7fc00000  f6=0x7fc00000
     470385.000 ns	     47037	80009afc	010f7453	fadd.s	f8,f30,f16	 f30:0x00000000 f16:0x00001fc0  f8=0x00001fc0
     470405.000 ns	     47039	80009b00	991fb693	sltiu	x13,x31,-1647	 x31:0xfffff856 x13=0x00000001
     470425.000 ns	     47041	80009b04	29b51253	fmax.s	f4,f10,f27	 f10:0x7fc00000 f27:0x3f7fffae  f4=0x3f7fffae
     470455.000 ns	     47044	80009b08	03e70f33	mul	x30,x14,x30	 x14:0x80041024 x30:0x00000691 x30=0x9aadfc64
     470475.000 ns	     47046	80009b0c	00e0fdb3	and	x27,x1,x14	  x1:0x00000000 x14:0x80041024 x27=0x00000000
     470505.000 ns	     47049	80009b10	19a2f353	fdiv.s	f6,f5,f26	  f5:0x44afa000 f26:0x00000000  f6=0x7f800000
     470545.000 ns	     47053	80009b14	191074d3	fdiv.s	f9,f0,f17	  f0:0x44000000 f17:0x7f800000  f9=0x00000000
     470575.000 ns	     47056	80009b18	d00e9753	fcvt.s.w	f14,x29	 x29:0xfffff8ca f14=0xc4e6c000
     470605.000 ns	     47059	80009b1c	214114d3	fsgnjn.s	f9,f2,f20	  f2:0x00000000 f20:0xfffffc83  f9=0x00000000
     470625.000 ns	     47061	80009b20	0641b517	auipc	x10,0x641b	 x10=0x86424b20
     470645.000 ns	     47063	80009b24	02839533	mulh	x10,x7,x8	  x7:0x00000000  x8:0xffffffff x10=0x00000000
     470675.000 ns	     47066	80009b28	20960ed3	fsgnj.s	f29,f12,f9	 f12:0x7fc00000  f9:0x00000000 f29=0x7fc00000
     471855.000 ns	     47184	80009b2c	580046d3	fsqrt.s	f13,f0	  f0:0x44000000 f13=0x41350482
     471885.000 ns	     47187	80009b30	c014add3	fcvt.wu.s	x27,f9	  f9:0x00000000 x27=0x00000000
     471905.000 ns	     47189	80009b34	41a48997	auipc	x19,0x41a48	 x19=0xc1a51b34
     471925.000 ns	     47191	80009b38	a1428353	fle.s	x6,f5,f20	  f5:0x44afa000 f20:0xfffffc83  x6=0x00000000
     471945.000 ns	     47193	80009b3c	5a23e413	ori	x8,x7,1442	  x7:0x00000000  x8=0x000005a2
     472305.000 ns	     47229	80009b40	02efc9b3	div	x19,x31,x14	 x31:0xfffff856 x14:0x80041024 x19=0x00000000
     472345.000 ns	     47233	80009b44	5800f553	fsqrt.s	f10,f1	  f1:0x80000000 f10=0x80000000
     472375.000 ns	     47236	80009b48	c004f3d3	fcvt.w.s	x7,f9	  f9:0x00000000  x7=0x00000000
     472405.000 ns	     47239	80009b4c	c00508d3	fcvt.w.s	x17,f10	 f10:0x80000000 x17=0x00000000
     472425.000 ns	     47241	80009b50	40ae5d13	srai	x26,x28,0xa	 x28:0x00000000 x26=0x00000000
     472785.000 ns	     47277	80009b54	02f37933	remu	x18,x6,x15	  x6:0x00000000 x15:0xffffffff x18=0x00000000
     472815.000 ns	     47280	80009b58	20888fd3	fsgnj.s	f31,f17,f8	 f17:0x7f800000  f8:0x00001fc0 f31=0x7f800000
     472835.000 ns	     47282	80009b5c	0061d293	srli	x5,x3,0x6	  x3:0x00000000  x5=0x00000000
     472855.000 ns	     47284	80009b60	c00cf053	fcvt.w.s	x0,f25	 f25:0x00001fc0
     472895.000 ns	     47288	80009b64	10ba1753	fmul.s	f14,f20,f11	 f20:0xfffffc83 f11:0x00000000 f14=0x7fc00000
     472925.000 ns	     47291	80009b68	287a80d3	fmin.s	f1,f21,f7	 f21:0x7f800000  f7:0x00000000  f1=0x00000000
     472945.000 ns	     47293	80009b6c	19aa1f37	lui	x30,0x19aa1	 x30=0x19aa1000
     472985.000 ns	     47297	80009b70	0138bad3	fadd.s	f21,f17,f19	 f17:0x7f800000 f19:0xfffff8f8 f21=0x7fc00000
     473005.000 ns	     47299	80009b74	01e642b3	xor	x5,x12,x30	 x12:0x00000000 x30:0x9aadfc64  x5=0x19aa1000
     473025.000 ns	     47301	80009b78	28108ed3	fmin.s	f29,f1,f1	  f1:0x00000000  f1:0x00000000 f29=0x00000000
     473045.000 ns	     47303	80009b7c	4a0683b7	lui	x7,0x4a068	  x7=0x4a068000
     473055.000 ns	     47304	80009b80	121baeb7	lui	x29,0x121ba	 x29=0x121ba000
     473075.000 ns	     47306	80009b84	02a0dc33	divu	x24,x1,x10	  x1:0x00000000 x10:0x00000000 x24=0xffffffff
     473095.000 ns	     47308	80009b88	3f7b0493	addi	x9,x22,1015	 x22:0x00000000  x9=0x000003f7
     473115.000 ns	     47310	80009b8c	c01898d3	fcvt.wu.s	x17,f17	 f17:0x7f800000 x17=0xffffffff
     473135.000 ns	     47312	80009b90	a91eec13	ori	x24,x29,-1391	 x29:0x121ba000 x24=0xfffffa91
     473155.000 ns	     47314	80009b94	c01ec453	fcvt.wu.s	x8,f29	 f29:0x00000000  x8=0x00000000
     473185.000 ns	     47317	80009b98	e00315d3	fclass.s	x11,f6	  f6:0x7f800000 x11=0x00000080
     473215.000 ns	     47320	80009b9c	21e88c53	fsgnj.s	f24,f17,f30	 f17:0x7f800000 f30:0x00000000 f24=0x7f800000
     473245.000 ns	     47323	80009ba0	d0007153	fcvt.s.w	f2,x0	  x0:0x00000000  f2=0x00000000
     473265.000 ns	     47325	80009ba4	9dd9ac93	slti	x25,x19,-1571	 x19:0x00000000 x25=0x00000000
     473285.000 ns	     47327	80009ba8	03b5e033	rem	x0,x11,x27	 x11:0x00000080 x27:0x00000000
     473305.000 ns	     47329	80009bac	69180b13	addi	x22,x16,1681	 x16:0x00000004 x22=0x00000695
     473325.000 ns	     47331	80009bb0	03a8e7b3	rem	x15,x17,x26	 x17:0xffffffff x26:0x00000000 x15=0xffffffff
     473355.000 ns	     47334	80009bb4	202c86d3	fsgnj.s	f13,f25,f2	 f25:0x00001fc0  f2:0x00000000 f13=0x00001fc0
     473725.000 ns	     47371	80009bb8	02707db3	remu	x27,x0,x7	  x0:0x00000000  x7:0x4a068000 x27=0x00000000
     473745.000 ns	     47373	80009bbc	60d2e093	ori	x1,x5,1549	  x5:0x19aa1000  x1=0x19aa160d
     473755.000 ns	     47374	80009bc0	00000013	addi	x0,x0,0	  x0:0x00000000
     473765.000 ns	     47375	80009bc4	41c55f33	sra	x30,x10,x28	 x10:0x00000000 x28:0x00000000 x30=0x00000000
     473775.000 ns	     47376	80009bc8	407881b3	sub	x3,x17,x7	 x17:0xffffffff  x7:0x4a068000  x3=0xb5f97fff
     474135.000 ns	     47412	80009bcc	03d1d7b3	divu	x15,x3,x29	  x3:0x00000000 x29:0x121ba000 x15=0x0000000a
     474155.000 ns	     47414	80009bd0	01280333	add	x6,x16,x18	 x16:0x00000004 x18:0x00000000  x6=0x00000004
     474175.000 ns	     47416	80009bd4	c00dfbd3	fcvt.w.s	x23,f27	 f27:0x3f7fffae x23=0x00000000
     474225.000 ns	     47421	80009bd8	018ea653	fadd.s	f12,f29,f24	 f29:0x00000000 f24:0x7f800000 f12=0x7f800000
     474255.000 ns	     47424	80009bdc	02d68ab3	mul	x21,x13,x13	 x13:0x00000001 x13:0x00000001 x21=0x00000001
     474285.000 ns	     47427	80009be0	28220cd3	fmin.s	f25,f4,f2	  f4:0x3f7fffae  f2:0x00000000 f25=0x00000000
     474305.000 ns	     47429	80009be4	8e4aea97	auipc	x21,0x8e4ae	 x21=0x0e4b7be4
     474325.000 ns	     47431	80009be8	f00408d3	fmv.w.x	f17,x8	  x8:0x00000000 f17=0x00000000
     474355.000 ns	     47434	80009bec	e00c0fd3	fmv.x.w	x31,f24	 f24:0x7f800000 x31=0x7f800000
     474375.000 ns	     47436	80009bf0	45116993	ori	x19,x2,1105	  x2:0x80040fe4 x19=0x80040ff5
     474395.000 ns	     47438	80009bf4	030a8eb3	mul	x29,x21,x16	 x21:0x0e4b7be4 x16:0x00000004 x29=0x392def90
     474415.000 ns	     47440	80009bf8	0139b3b3	sltu	x7,x19,x19	 x19:0x00000000 x19:0x00000000  x7=0x00000000
     474445.000 ns	     47443	80009bfc	11397653	fmul.s	f12,f18,f19	 f18:0x80000000 f19:0xfffff8f8 f12=0x7fc00000
     474815.000 ns	     47480	80009c00	029675b3	remu	x11,x12,x9	 x12:0x00000000  x9:0x000003f7 x11=0x00000000
     474845.000 ns	     47483	80009c04	a16a8a53	fle.s	x20,f21,f22	 f21:0x7fc00000 f22:0xff800000 x20=0x00000000
     474865.000 ns	     47485	80009c08	419a86b3	sub	x13,x21,x25	 x21:0x0e4b7be4 x25:0x00000000 x13=0x0e4b7be4
     474895.000 ns	     47488	80009c0c	194040d3	fdiv.s	f1,f0,f20	  f0:0x44000000 f20:0xfffffc83  f1=0x7fc00000
     474915.000 ns	     47490	80009c10	f094e493	ori	x9,x9,-247	  x9:0x000003f7  x9=0xffffffff
     474925.000 ns	     47491	80009c14	f6fba8b7	lui	x17,0xf6fba	 x17=0xf6fba000
     474965.000 ns	     47495	80009c18	00b1ffd3	fadd.s	f31,f3,f11	  f3:0x00000000 f11:0x00000000 f31=0x00000000
     475005.000 ns	     47499	80009c1c	19a87353	fdiv.s	f6,f16,f26	 f16:0x00001fc0 f26:0x00000000  f6=0x7f800000
     475025.000 ns	     47501	80009c20	5c4a7e13	andi	x28,x20,1476	 x20:0x00000000 x28=0x00000000
     475045.000 ns	     47503	80009c24	c01d7653	fcvt.wu.s	x12,f26	 f26:0x00000000 x12=0x00000000
     475065.000 ns	     47505	80009c28	016d9b13	slli	x22,x27,0x16	 x27:0x00000000 x22=0x00000000
     475085.000 ns	     47507	80009c2c	02a079b3	remu	x19,x0,x10	  x0:0x00000000 x10:0x00000000 x19=0x00000000
     475105.000 ns	     47509	80009c30	7e5d6493	ori	x9,x26,2021	 x26:0x00000000  x9=0x000007e5
     475145.000 ns	     47513	80009c34	00791a53	fadd.s	f20,f18,f7	 f18:0x80000000  f7:0x00000000 f20=0x00000000
     475175.000 ns	     47516	80009c38	0389b933	mulhu	x18,x19,x24	 x19:0x00000000 x24:0xfffffa91 x18=0x00000000
     475195.000 ns	     47518	80009c3c	003ab8b3	sltu	x17,x21,x3	 x21:0x0e4b7be4  x3:0xb5f97fff x17=0x00000001
     475205.000 ns	     47519	80009c40	004256b3	srl	x13,x4,x4	  x4:0x00000000  x4:0x00000000 x13=0x00000000
     475215.000 ns	     47520	80009c44	41ca09b3	sub	x19,x20,x28	 x20:0x00000000 x28:0x00000000 x19=0x00000000
     475255.000 ns	     47524	80009c48	081d7753	fsub.s	f14,f26,f1	 f26:0x00000000  f1:0x7fc00000 f14=0x7fc00000
     475295.000 ns	     47528	80009c4c	19372c53	fdiv.s	f24,f14,f19	 f14:0x7fc00000 f19:0xfffff8f8 f24=0x7fc00000
     475325.000 ns	     47531	80009c50	a11b94d3	flt.s	x9,f23,f17	 f23:0x7f800000 f17:0x00000000  x9=0x00000000
     475355.000 ns	     47534	80009c54	02f93333	mulhu	x6,x18,x15	 x18:0x00000000 x15:0x0000000a  x6=0x00000000
     475375.000 ns	     47536	80009c58	8a987413	andi	x8,x16,-1879	 x16:0x00000004  x8=0x00000000
     475395.000 ns	     47538	80009c5c	21a22553	fsgnjx.s	f10,f4,f26	  f4:0x3f7fffae f26:0x00000000 f10=0x3f7fffae
     475415.000 ns	     47540	80009c60	01bed1b3	srl	x3,x29,x27	 x29:0x392def90 x27:0x00000000  x3=0x392def90
     475435.000 ns	     47542	80009c64	d0137ad3	fcvt.s.wu	f21,x6	  x6:0x00000000 f21=0x00000000
     475455.000 ns	     47544	80009c68	014e9613	slli	x12,x29,0x14	 x29:0x392def90 x12=0xf9000000
     475465.000 ns	     47545	80009c6c	bcfa9917	auipc	x18,0xbcfa9	 x18=0x3cfb2c6c
     475475.000 ns	     47546	80009c70	6dfe8f13	addi	x30,x29,1759	 x29:0x392def90 x30=0x392df66f
     475495.000 ns	     47548	80009c74	02e533b3	mulhu	x7,x10,x14	 x10:0x00000000 x14:0x80041024  x7=0x00000000
     475515.000 ns	     47550	80009c78	003e74b3	and	x9,x28,x3	 x28:0x00000000  x3:0x392def90  x9=0x00000000
     475525.000 ns	     47551	80009c7c	012fd213	srli	x4,x31,0x12	 x31:0x7f800000  x4=0x00001fe0
     475535.000 ns	     47552	80009c80	f9606013	ori	x0,x0,-106	  x0:0x00000000
     475545.000 ns	     47553	80009c84	b988b413	sltiu	x8,x17,-1128	 x17:0x00000001  x8=0x00000001
     475555.000 ns	     47554	80009c88	012a8cb3	add	x25,x21,x18	 x21:0x0e4b7be4 x18:0x3cfb2c6c x25=0x4b46a850
     475595.000 ns	     47558	80009c8c	01bf88d3	fadd.s	f17,f31,f27	 f31:0x00000000 f27:0x3f7fffae f17=0x3f7fffae
     475625.000 ns	     47561	80009c90	21182b53	fsgnjx.s	f22,f16,f17	 f16:0x00001fc0 f17:0x00000000 f22=0x00001fc0
     475655.000 ns	     47564	80009c94	e00618d3	fclass.s	x17,f12	 f12:0x7fc00000 x17=0x00000200
     475685.000 ns	     47567	80009c98	e00b8bd3	fmv.x.w	x23,f23	 f23:0x7f800000 x23=0x7f800000
     475705.000 ns	     47569	80009c9c	2db97693	andi	x13,x18,731	 x18:0x3cfb2c6c x13=0x00000048
     475715.000 ns	     47570	80009ca0	007d53b3	srl	x7,x26,x7	 x26:0x00000000  x7:0x00000000  x7=0x00000000
     475735.000 ns	     47572	80009ca4	290a13d3	fmax.s	f7,f20,f16	 f20:0x00000000 f16:0x00001fc0  f7=0x00001fc0
     475755.000 ns	     47574	80009ca8	a0078693	addi	x13,x15,-1536	 x15:0x0000000a x13=0xfffffa0a
     475775.000 ns	     47576	80009cac	c001cdd3	fcvt.w.s	x27,f3	  f3:0x00000000 x27=0x00000000
     475795.000 ns	     47578	80009cb0	01c3f033	and	x0,x7,x28	  x7:0x00000000 x28:0x00000000
     475825.000 ns	     47581	80009cb4	580b8ed3	fsqrt.s	f29,f23	 f23:0x7f800000 f29=0x7f800000
     475855.000 ns	     47584	80009cb8	c007f353	fcvt.w.s	x6,f15	 f15:0xcefff7df  x6=0x7ffbef80
     475885.000 ns	     47587	80009cbc	02c11633	mulh	x12,x2,x12	  x2:0x80040fe4 x12:0xf9000000 x12=0x037fe390
     475905.000 ns	     47589	80009cc0	00065393	srli	x7,x12,0x0	 x12:0xf9000000  x7=0x037fe390
     476265.000 ns	     47625	80009cc4	02c4cc33	div	x24,x9,x12	  x9:0x00000000 x12:0x037fe390 x24=0x00000000
     476285.000 ns	     47627	80009cc8	00a15193	srli	x3,x2,0xa	  x2:0x80040fe4  x3=0x00200103
     476305.000 ns	     47629	80009ccc	29b30553	fmin.s	f10,f6,f27	  f6:0x7f800000 f27:0x3f7fffae f10=0x3f7fffae
     476335.000 ns	     47632	80009cd0	29799153	fmax.s	f2,f19,f23	 f19:0xfffff8f8 f23:0x7f800000  f2=0x7f800000
     476365.000 ns	     47635	80009cd4	20411cd3	fsgnjn.s	f25,f2,f4	  f2:0x00000000  f4:0x3f7fffae f25=0xff800000
     476395.000 ns	     47638	80009cd8	e0020ed3	fmv.x.w	x29,f4	  f4:0x3f7fffae x29=0x3f7fffae
     476415.000 ns	     47640	80009cdc	40ef03b3	sub	x7,x30,x14	 x30:0x392df66f x14:0x80041024  x7=0xb929e64b
     476425.000 ns	     47641	80009ce0	f3333093	sltiu	x1,x6,-205	  x6:0x7ffbef80  x1=0x00000001
     476435.000 ns	     47642	80009ce4	015b5c93	srli	x25,x22,0x15	 x22:0x00000000 x25=0x00000000
     476445.000 ns	     47643	80009ce8	00a360b3	or	x1,x6,x10	  x6:0x7ffbef80 x10:0x00000000  x1=0x7ffbef80
     476485.000 ns	     47647	80009cec	08aef0d3	fsub.s	f1,f29,f10	 f29:0x7f800000 f10:0x3f7fffae  f1=0x7f800000
     476505.000 ns	     47649	80009cf0	01b58bb3	add	x23,x11,x27	 x11:0x00000000 x27:0x00000000 x23=0x00000000
     476525.000 ns	     47651	80009cf4	02860933	mul	x18,x12,x8	 x12:0x037fe390  x8:0x00000001 x18=0x037fe390
     476555.000 ns	     47654	80009cf8	a0c39bd3	flt.s	x23,f7,f12	  f7:0x00001fc0 f12:0x7fc00000 x23=0x00000000
     476585.000 ns	     47657	80009cfc	a1289353	flt.s	x6,f17,f18	 f17:0x3f7fffae f18:0x80000000  x6=0x00000000
     476605.000 ns	     47659	80009d00	00969cb3	sll	x25,x13,x9	 x13:0xfffffa0a  x9:0x00000000 x25=0xfffffa0a
     476625.000 ns	     47661	80009d04	20a884d3	fsgnj.s	f9,f17,f10	 f17:0x3f7fffae f10:0x3f7fffae  f9=0x3f7fffae
     476655.000 ns	     47664	80009d08	e0069cd3	fclass.s	x25,f13	 f13:0x00001fc0 x25=0x00000020
     476685.000 ns	     47667	80009d0c	02d73e33	mulhu	x28,x14,x13	 x14:0x80041024 x13:0xfffffa0a x28=0x80040d28
     476705.000 ns	     47669	80009d10	00f227b3	slt	x15,x4,x15	  x4:0x00001fe0 x15:0x0000000a x15=0x00000000
     476715.000 ns	     47670	80009d14	40415a93	srai	x21,x2,0x4	  x2:0x80040fe4 x21=0xf80040fe
     476735.000 ns	     47672	80009d18	f00908d3	fmv.w.x	f17,x18	 x18:0x037fe390 f17=0x037fe390
     476775.000 ns	     47676	80009d1c	11787353	fmul.s	f6,f16,f23	 f16:0x00001fc0 f23:0x7f800000  f6=0x7f800000
     476795.000 ns	     47678	80009d20	416b5e13	srai	x28,x22,0x16	 x22:0x00000000 x28=0x00000000
     477125.000 ns	     47711	80009d24	1803ced3	fdiv.s	f29,f7,f0	  f7:0x00001fc0  f0:0x44000000 f29=0x00000000
     477155.000 ns	     47714	80009d28	a1d30f53	fle.s	x30,f6,f29	  f6:0x7f800000 f29:0x7f800000 x30=0x00000000
     477185.000 ns	     47717	80009d2c	f0008253	fmv.w.x	f4,x1	  x1:0x7ffbef80  f4=0x7ffbef80
     477215.000 ns	     47720	80009d30	a03420d3	feq.s	x1,f8,f3	  f8:0x00001fc0  f3:0x00000000  x1=0x00000000
     477245.000 ns	     47723	80009d34	29db8753	fmin.s	f14,f23,f29	 f23:0x7f800000 f29:0x00000000 f14=0x00000000
     477615.000 ns	     47760	80009d38	03267cb3	remu	x25,x12,x18	 x12:0x037fe390 x18:0x037fe390 x25=0x00000000
     477645.000 ns	     47763	80009d3c	0386beb3	mulhu	x29,x13,x24	 x13:0xfffffa0a x24:0x00000000 x29=0x00000000
     477665.000 ns	     47765	80009d40	2daf0913	addi	x18,x30,730	 x30:0x00000000 x18=0x000002da
     477685.000 ns	     47767	80009d44	d0091353	fcvt.s.w	f6,x18	 x18:0x037fe390  f6=0x44368000
     477705.000 ns	     47769	80009d48	00bf6e33	or	x28,x30,x11	 x30:0x00000000 x11:0x00000000 x28=0x00000000
     477715.000 ns	     47770	80009d4c	60821037	lui	x0,0x60821	
     477755.000 ns	     47774	80009d50	081c99d3	fsub.s	f19,f25,f1	 f25:0xff800000  f1:0x7f800000 f19=0x80000000
     478125.000 ns	     47811	80009d54	03fddfb3	divu	x31,x27,x31	 x27:0x00000000 x31:0x7f800000 x31=0x00000000
     478155.000 ns	     47814	80009d58	02e71f33	mulh	x30,x14,x14	 x14:0x80041024 x14:0x80041024 x30=0x3ffbefec
     478175.000 ns	     47816	80009d5c	015b1193	slli	x3,x22,0x15	 x22:0x00000000  x3=0x00000000
     478185.000 ns	     47817	80009d60	4b1c7a13	andi	x20,x24,1201	 x24:0x00000000 x20=0x00000000
     478195.000 ns	     47818	80009d64	b5518f13	addi	x30,x3,-1195	  x3:0x00200103 x30=0xfffffb55
     478215.000 ns	     47820	80009d68	c013fcd3	fcvt.wu.s	x25,f7	  f7:0x00001fc0 x25=0x00000000
     478245.000 ns	     47823	80009d6c	e00293d3	fclass.s	x7,f5	  f5:0x44afa000  x7=0x00000040
     478265.000 ns	     47825	80009d70	00ff5ab3	srl	x21,x30,x15	 x30:0xfffffb55 x15:0x00000000 x21=0xfffffb55
     478275.000 ns	     47826	80009d74	41ac5f33	sra	x30,x24,x26	 x24:0x00000000 x26:0x00000000 x30=0x00000000
     478285.000 ns	     47827	80009d78	00cad293	srli	x5,x21,0xc	 x21:0xf80040fe  x5=0x000fffff
     478295.000 ns	     47828	80009d7c	41b1d413	srai	x8,x3,0x1b	  x3:0x00000000  x8=0x00000000
     478325.000 ns	     47831	80009d80	580ea0d3	fsqrt.s	f1,f29	 f29:0x00000000  f1=0x00000000
     478355.000 ns	     47834	80009d84	03fa6c33	rem	x24,x20,x31	 x20:0x00000000 x31:0x00000000 x24=0x00000000
     478385.000 ns	     47837	80009d88	a15399d3	flt.s	x19,f7,f21	  f7:0x00001fc0 f21:0x00000000 x19=0x00000000
     478415.000 ns	     47840	80009d8c	e0071653	fclass.s	x12,f14	 f14:0x00000000 x12=0x00000010
     478435.000 ns	     47842	80009d90	00000013	addi	x0,x0,0	  x0:0x00000000
     478445.000 ns	     47843	80009d94	0097f5b3	and	x11,x15,x9	 x15:0x00000000  x9:0x00000000 x11=0x00000000
     478455.000 ns	     47844	80009d98	41ca5093	srai	x1,x20,0x1c	 x20:0x00000000  x1=0x00000000
     478475.000 ns	     47846	80009d9c	a161a7d3	feq.s	x15,f3,f22	  f3:0x00000000 f22:0x00001fc0 x15=0x00000000
     479465.000 ns	     47945	80009da0	580543d3	fsqrt.s	f7,f10	 f10:0x3f7fffae  f7=0x3f35042a
     479485.000 ns	     47947	80009da4	011cc7b3	xor	x15,x25,x17	 x25:0x00000000 x17:0x00000200 x15=0x00000200
     479505.000 ns	     47949	80009da8	033233b3	mulhu	x7,x4,x19	  x4:0x00001fe0 x19:0x00000000  x7=0x00000000
     479525.000 ns	     47951	80009dac	007d5c33	srl	x24,x26,x7	 x26:0x00000000  x7:0x00000040 x24=0x00000000
     479535.000 ns	     47952	80009db0	3e287997	auipc	x19,0x3e287	 x19=0xbe290db0
     479565.000 ns	     47955	80009db4	19d27e53	fdiv.s	f28,f4,f29	  f4:0x7ffbef80 f29:0x00000000 f28=0x7fc00000
     479595.000 ns	     47958	80009db8	03e794b3	mulh	x9,x15,x30	 x15:0x00000200 x30:0x00000000  x9=0x00000000
     479625.000 ns	     47961	80009dbc	21e616d3	fsgnjn.s	f13,f12,f30	 f12:0x7fc00000 f30:0x00000000 f13=0xffc00000
     479645.000 ns	     47963	80009dc0	00936b33	or	x22,x6,x9	  x6:0x00000000  x9:0x00000000 x22=0x00000000
     479685.000 ns	     47967	80009dc4	096e49d3	fsub.s	f19,f28,f22	 f28:0x7fc00000 f22:0x00001fc0 f19=0x7fc00000
     479705.000 ns	     47969	80009dc8	41365fb3	sra	x31,x12,x19	 x12:0x00000010 x19:0xbe290db0 x31=0x00000000
     479725.000 ns	     47971	80009dcc	e0089bd3	fclass.s	x23,f17	 f17:0x037fe390 x23=0x00000040
     479745.000 ns	     47973	80009dd0	01e49633	sll	x12,x9,x30	  x9:0x00000000 x30:0x00000000 x12=0x00000000
     479775.000 ns	     47976	80009dd4	5806f553	fsqrt.s	f10,f13	 f13:0xffc00000 f10=0x7fc00000
     479805.000 ns	     47979	80009dd8	d017fdd3	fcvt.s.wu	f27,x15	 x15:0x00000200 f27=0x44000000
     479825.000 ns	     47981	80009ddc	017e1193	slli	x3,x28,0x17	 x28:0x00000000  x3=0x00000000
     479845.000 ns	     47983	80009de0	217622d3	fsgnjx.s	f5,f12,f23	 f12:0x7fc00000 f23:0x7f800000  f5=0x7fc00000
     479865.000 ns	     47985	80009de4	40485e33	sra	x28,x16,x4	 x16:0x00000004  x4:0x00001fe0 x28=0x00000004
     479885.000 ns	     47987	80009de8	03959d33	mulh	x26,x11,x25	 x11:0x00000000 x25:0x00000000 x26=0x00000000
     479915.000 ns	     47990	80009dec	027bb8b3	mulhu	x17,x23,x7	 x23:0x00000040  x7:0x00000000 x17=0x00000000
     480285.000 ns	     48027	80009df0	02e2c4b3	div	x9,x5,x14	  x5:0x000fffff x14:0x80041024  x9=0x00000000
     480305.000 ns	     48029	80009df4	4129c0b7	lui	x1,0x4129c	  x1=0x4129c000
     480315.000 ns	     48030	80009df8	a6518a93	addi	x21,x3,-1435	  x3:0x00000000 x21=0xfffffa65
     480335.000 ns	     48032	80009dfc	03e59033	mulh	x0,x11,x30	 x11:0x00000000 x30:0x00000000
     480365.000 ns	     48035	80009e00	0287f233	remu	x4,x15,x8	 x15:0x00000200  x8:0x00000000  x4=0x00000200
     480385.000 ns	     48037	80009e04	416307b3	sub	x15,x6,x22	  x6:0x00000000 x22:0x00000000 x15=0x00000000
     480395.000 ns	     48038	80009e08	40798e33	sub	x28,x19,x7	 x19:0xbe290db0  x7:0x00000000 x28=0xbe290db0
     480415.000 ns	     48040	80009e0c	a0dc2dd3	feq.s	x27,f24,f13	 f24:0x7fc00000 f13:0xffc00000 x27=0x00000000
     480445.000 ns	     48043	80009e10	e00799d3	fclass.s	x19,f15	 f15:0xcefff7df x19=0x00000002
     480495.000 ns	     48048	80009e14	00ce7ad3	fadd.s	f21,f28,f12	 f28:0x7fc00000 f12:0x7fc00000 f21=0x7fc00000
     480525.000 ns	     48051	80009e18	f00202d3	fmv.w.x	f5,x4	  x4:0x00000200  f5=0x00000200
     480545.000 ns	     48053	80009e1c	01997333	and	x6,x18,x25	 x18:0x000002da x25:0x00000000  x6=0x00000000
     480905.000 ns	     48089	80009e20	035173b3	remu	x7,x2,x21	  x2:0x80040fe4 x21:0xfffffa65  x7=0x80040fe4
     480925.000 ns	     48091	80009e24	e9600893	addi	x17,x0,-362	  x0:0x00000000 x17=0xfffffe96
     480935.000 ns	     48092	80009e28	40f75a13	srai	x20,x14,0xf	 x14:0x80041024 x20=0xffff0008
     480955.000 ns	     48094	80009e2c	21db9e53	fsgnjn.s	f28,f23,f29	 f23:0x7f800000 f29:0x00000000 f28=0xff800000
     480985.000 ns	     48097	80009e30	e0070dd3	fmv.x.w	x27,f14	 f14:0x00000000 x27=0x00000000
     481015.000 ns	     48100	80009e34	a1121bd3	flt.s	x23,f4,f17	  f4:0x7ffbef80 f17:0x037fe390 x23=0x00000000
     481045.000 ns	     48103	80009e38	02c1b6b3	mulhu	x13,x3,x12	  x3:0x00000000 x12:0x00000000 x13=0x00000000
     481075.000 ns	     48106	80009e3c	2117a453	fsgnjx.s	f8,f15,f17	 f15:0xcefff7df f17:0x037fe390  f8=0xcefff7df
     481095.000 ns	     48108	80009e40	01e6d3b3	srl	x7,x13,x30	 x13:0x00000000 x30:0x00000000  x7=0x00000000
     481115.000 ns	     48110	80009e44	e00119d3	fclass.s	x19,f2	  f2:0x7f800000 x19=0x00000080
     481145.000 ns	     48113	80009e48	e00410d3	fclass.s	x1,f8	  f8:0xcefff7df  x1=0x00000002
     481175.000 ns	     48116	80009e4c	02a71d33	mulh	x26,x14,x10	 x14:0x80041024 x10:0x00000000 x26=0x00000000
     481545.000 ns	     48153	80009e50	035640b3	div	x1,x12,x21	 x12:0x00000000 x21:0xfffffa65  x1=0x00000000
     481565.000 ns	     48155	80009e54	01dddf33	srl	x30,x27,x29	 x27:0x00000000 x29:0x00000000 x30=0x00000000
     481575.000 ns	     48156	80009e58	106f8993	addi	x19,x31,262	 x31:0x00000000 x19=0x00000106
     481595.000 ns	     48158	80009e5c	c01dfd53	fcvt.wu.s	x26,f27	 f27:0x44000000 x26=0x00000200
     481625.000 ns	     48161	80009e60	a0c72253	feq.s	x4,f14,f12	 f14:0x00000000 f12:0x7fc00000  x4=0x00000000
     481645.000 ns	     48163	80009e64	417f0033	sub	x0,x30,x23	 x30:0x00000000 x23:0x00000000
     481685.000 ns	     48167	80009e68	01d775d3	fadd.s	f11,f14,f29	 f14:0x00000000 f29:0x00000000 f11=0x00000000
     481705.000 ns	     48169	80009e6c	9023c613	xori	x12,x7,-1790	  x7:0x00000000 x12=0xfffff902
     481715.000 ns	     48170	80009e70	4104d033	sra	x0,x9,x16	  x9:0x00000000 x16:0x00000004
     481725.000 ns	     48171	80009e74	01a55d93	srli	x27,x10,0x1a	 x10:0x00000000 x27=0x00000000
     481735.000 ns	     48172	80009e78	c2793793	sltiu	x15,x18,-985	 x18:0x000002da x15=0x00000001
     481745.000 ns	     48173	80009e7c	706a2193	slti	x3,x20,1798	 x20:0xffff0008  x3=0x00000001
     481755.000 ns	     48174	80009e80	3eb1e617	auipc	x12,0x3eb1e	 x12=0xbeb27e80
     481765.000 ns	     48175	80009e84	012933b3	sltu	x7,x18,x18	 x18:0x000002da x18:0x000002da  x7=0x00000000
     481775.000 ns	     48176	80009e88	409d8d33	sub	x26,x27,x9	 x27:0x00000000  x9:0x00000000 x26=0x00000000
     481795.000 ns	     48178	80009e8c	0277fa33	remu	x20,x15,x7	 x15:0x00000001  x7:0x00000000 x20=0x00000001
     481815.000 ns	     48180	80009e90	4d9ffd93	andi	x27,x31,1241	 x31:0x00000000 x27=0x00000000
     481825.000 ns	     48181	80009e94	006d7233	and	x4,x26,x6	 x26:0x00000000  x6:0x00000000  x4=0x00000000
     481845.000 ns	     48183	80009e98	21bf9fd3	fsgnjn.s	f31,f31,f27	 f31:0x00000000 f27:0x44000000 f31=0x80000000
     481865.000 ns	     48185	80009e9c	67562197	auipc	x3,0x67562	  x3=0xe756be9c
     481895.000 ns	     48188	80009ea0	5801c053	fsqrt.s	f0,f3	  f3:0x00000000  f0=0x00000000
     481915.000 ns	     48190	80009ea4	009a5293	srli	x5,x20,0x9	 x20:0x00000001  x5=0x00000000
     481935.000 ns	     48192	80009ea8	c00d9fd3	fcvt.w.s	x31,f27	 f27:0x44000000 x31=0x00000200
     481955.000 ns	     48194	80009eac	00000817	auipc	x16,0x0	 x16=0x80009eac
     481965.000 ns	     48195	80009eb0	00c80813	addi	x16,x16,12	 x16:0x00000004 x16=0x80009eb8
     481975.000 ns	     48196	80009eb4	00080067	jalr	x0,x16,0	 x16:0x00000004
     482025.000 ns	     48201	80009eb8	00100193	addi	x3,x0,1	  x0:0x00000000  x3=0x00000001
     482035.000 ns	     48202	80009ebc	00000073	ecall	
     482045.000 ns	     48203	80009ec0	00036f17	auipc	x30,0x36	 x30=0x8003fec0
     482055.000 ns	     48204	80009ec4	143f2023	sw	x3,320(x30)	 x30:0x00000000  x3:0x00000001 PA:0xxxxxxxxx
     482075.000 ns	     48206	80009ec8	ff9ff06f	jal	x0,80009ec4	
     482125.000 ns	     48211	80009ec0	00036f17	auipc	x30,0x36	 x30=0x8003fec0
     482135.000 ns	     48212	80009ec4	143f2023	sw	x3,320(x30)	 x30:0x8003fec0  x3:0x00000001 PA:0xxxxxxxxx
     482155.000 ns	     48214	80009ec8	ff9ff06f	jal	x0,80009ec4	
     482205.000 ns	     48219	80009ec0	00036f17	auipc	x30,0x36	 x30=0x8003fec0
     482215.000 ns	     48220	80009ec4	143f2023	sw	x3,320(x30)	 x30:0x8003fec0  x3:0x00000001 PA:0xxxxxxxxx
     482235.000 ns	     48222	80009ec8	ff9ff06f	jal	x0,80009ec4	
     482285.000 ns	     48227	80009ec0	00036f17	auipc	x30,0x36	 x30=0x8003fec0
     482295.000 ns	     48228	80009ec4	143f2023	sw	x3,320(x30)	 x30:0x8003fec0  x3:0x00000001 PA:0xxxxxxxxx
     482315.000 ns	     48230	80009ec8	ff9ff06f	jal	x0,80009ec4	
     482365.000 ns	     48235	80009ec0	00036f17	auipc	x30,0x36	 x30=0x8003fec0
     482375.000 ns	     48236	80009ec4	143f2023	sw	x3,320(x30)	 x30:0x8003fec0  x3:0x00000001 PA:0xxxxxxxxx
     482395.000 ns	     48238	80009ec8	ff9ff06f	jal	x0,80009ec4	
     482445.000 ns	     48243	80009ec0	00036f17	auipc	x30,0x36	 x30=0x8003fec0
     482455.000 ns	     48244	80009ec4	143f2023	sw	x3,320(x30)	 x30:0x8003fec0  x3:0x00000001 PA:0xxxxxxxxx
     482475.000 ns	     48246	80009ec8	ff9ff06f	jal	x0,80009ec4	
     482525.000 ns	     48251	80009ec0	00036f17	auipc	x30,0x36	 x30=0x8003fec0
     482535.000 ns	     48252	80009ec4	143f2023	sw	x3,320(x30)	 x30:0x8003fec0  x3:0x00000001 PA:0xxxxxxxxx
     482555.000 ns	     48254	80009ec8	ff9ff06f	jal	x0,80009ec4	
     482605.000 ns	     48259	80009ec0	00036f17	auipc	x30,0x36	 x30=0x8003fec0
     482615.000 ns	     48260	80009ec4	143f2023	sw	x3,320(x30)	 x30:0x8003fec0  x3:0x00000001 PA:0xxxxxxxxx
     482635.000 ns	     48262	80009ec8	ff9ff06f	jal	x0,80009ec4	
     482685.000 ns	     48267	80009ec0	00036f17	auipc	x30,0x36	 x30=0x8003fec0
     482695.000 ns	     48268	80009ec4	143f2023	sw	x3,320(x30)	 x30:0x8003fec0  x3:0x00000001 PA:0xxxxxxxxx
     482715.000 ns	     48270	80009ec8	ff9ff06f	jal	x0,80009ec4	
     482765.000 ns	     48275	80009ec0	00036f17	auipc	x30,0x36	 x30=0x8003fec0
     482775.000 ns	     48276	80009ec4	143f2023	sw	x3,320(x30)	 x30:0x8003fec0  x3:0x00000001 PA:0xxxxxxxxx
     482795.000 ns	     48278	80009ec8	ff9ff06f	jal	x0,80009ec4	
     482845.000 ns	     48283	80009ec0	00036f17	auipc	x30,0x36	 x30=0x8003fec0
     482855.000 ns	     48284	80009ec4	143f2023	sw	x3,320(x30)	 x30:0x8003fec0  x3:0x00000001 PA:0xxxxxxxxx
     482875.000 ns	     48286	80009ec8	ff9ff06f	jal	x0,80009ec4	
     482925.000 ns	     48291	80009ec0	00036f17	auipc	x30,0x36	 x30=0x8003fec0
     482935.000 ns	     48292	80009ec4	143f2023	sw	x3,320(x30)	 x30:0x8003fec0  x3:0x00000001 PA:0xxxxxxxxx
     482955.000 ns	     48294	80009ec8	ff9ff06f	jal	x0,80009ec4	
     483005.000 ns	     48299	80009ec0	00036f17	auipc	x30,0x36	 x30=0x8003fec0
     483015.000 ns	     48300	80009ec4	143f2023	sw	x3,320(x30)	 x30:0x8003fec0  x3:0x00000001 PA:0xxxxxxxxx
     483035.000 ns	     48302	80009ec8	ff9ff06f	jal	x0,80009ec4	
     483085.000 ns	     48307	80009ec0	00036f17	auipc	x30,0x36	 x30=0x8003fec0
     483095.000 ns	     48308	80009ec4	143f2023	sw	x3,320(x30)	 x30:0x8003fec0  x3:0x00000001 PA:0xxxxxxxxx
     483115.000 ns	     48310	80009ec8	ff9ff06f	jal	x0,80009ec4	
     483165.000 ns	     48315	80009ec0	00036f17	auipc	x30,0x36	 x30=0x8003fec0
     483175.000 ns	     48316	80009ec4	143f2023	sw	x3,320(x30)	 x30:0x8003fec0  x3:0x00000001 PA:0xxxxxxxxx
     483195.000 ns	     48318	80009ec8	ff9ff06f	jal	x0,80009ec4	
     483245.000 ns	     48323	80009ec0	00036f17	auipc	x30,0x36	 x30=0x8003fec0
     483255.000 ns	     48324	80009ec4	143f2023	sw	x3,320(x30)	 x30:0x8003fec0  x3:0x00000001 PA:0xxxxxxxxx
     483275.000 ns	     48326	80009ec8	ff9ff06f	jal	x0,80009ec4	
     483325.000 ns	     48331	80009ec0	00036f17	auipc	x30,0x36	 x30=0x8003fec0
     483335.000 ns	     48332	80009ec4	143f2023	sw	x3,320(x30)	 x30:0x8003fec0  x3:0x00000001 PA:0xxxxxxxxx
     483355.000 ns	     48334	80009ec8	ff9ff06f	jal	x0,80009ec4	
     483405.000 ns	     48339	80009ec0	00036f17	auipc	x30,0x36	 x30=0x8003fec0
     483415.000 ns	     48340	80009ec4	143f2023	sw	x3,320(x30)	 x30:0x8003fec0  x3:0x00000001 PA:0xxxxxxxxx
     483435.000 ns	     48342	80009ec8	ff9ff06f	jal	x0,80009ec4	
     483485.000 ns	     48347	80009ec0	00036f17	auipc	x30,0x36	 x30=0x8003fec0
     483495.000 ns	     48348	80009ec4	143f2023	sw	x3,320(x30)	 x30:0x8003fec0  x3:0x00000001 PA:0xxxxxxxxx
     483515.000 ns	     48350	80009ec8	ff9ff06f	jal	x0,80009ec4	
     483565.000 ns	     48355	80009ec0	00036f17	auipc	x30,0x36	 x30=0x8003fec0
     483575.000 ns	     48356	80009ec4	143f2023	sw	x3,320(x30)	 x30:0x8003fec0  x3:0x00000001 PA:0xxxxxxxxx
     483595.000 ns	     48358	80009ec8	ff9ff06f	jal	x0,80009ec4	
     483645.000 ns	     48363	80009ec0	00036f17	auipc	x30,0x36	 x30=0x8003fec0
     483655.000 ns	     48364	80009ec4	143f2023	sw	x3,320(x30)	 x30:0x8003fec0  x3:0x00000001 PA:0xxxxxxxxx
     483675.000 ns	     48366	80009ec8	ff9ff06f	jal	x0,80009ec4	
     483725.000 ns	     48371	80009ec0	00036f17	auipc	x30,0x36	 x30=0x8003fec0
     483735.000 ns	     48372	80009ec4	143f2023	sw	x3,320(x30)	 x30:0x8003fec0  x3:0x00000001 PA:0xxxxxxxxx
     483755.000 ns	     48374	80009ec8	ff9ff06f	jal	x0,80009ec4	
     483805.000 ns	     48379	80009ec0	00036f17	auipc	x30,0x36	 x30=0x8003fec0
     483815.000 ns	     48380	80009ec4	143f2023	sw	x3,320(x30)	 x30:0x8003fec0  x3:0x00000001 PA:0xxxxxxxxx
     483835.000 ns	     48382	80009ec8	ff9ff06f	jal	x0,80009ec4	
     483885.000 ns	     48387	80009ec0	00036f17	auipc	x30,0x36	 x30=0x8003fec0
     483895.000 ns	     48388	80009ec4	143f2023	sw	x3,320(x30)	 x30:0x8003fec0  x3:0x00000001 PA:0xxxxxxxxx
     483915.000 ns	     48390	80009ec8	ff9ff06f	jal	x0,80009ec4	
     483965.000 ns	     48395	80009ec0	00036f17	auipc	x30,0x36	 x30=0x8003fec0
     483975.000 ns	     48396	80009ec4	143f2023	sw	x3,320(x30)	 x30:0x8003fec0  x3:0x00000001 PA:0xxxxxxxxx
     483995.000 ns	     48398	80009ec8	ff9ff06f	jal	x0,80009ec4	
     484045.000 ns	     48403	80009ec0	00036f17	auipc	x30,0x36	 x30=0x8003fec0
     484055.000 ns	     48404	80009ec4	143f2023	sw	x3,320(x30)	 x30:0x8003fec0  x3:0x00000001 PA:0xxxxxxxxx
     484075.000 ns	     48406	80009ec8	ff9ff06f	jal	x0,80009ec4	
     484125.000 ns	     48411	80009ec0	00036f17	auipc	x30,0x36	 x30=0x8003fec0
     484135.000 ns	     48412	80009ec4	143f2023	sw	x3,320(x30)	 x30:0x8003fec0  x3:0x00000001 PA:0xxxxxxxxx
     484155.000 ns	     48414	80009ec8	ff9ff06f	jal	x0,80009ec4	
     484205.000 ns	     48419	80009ec0	00036f17	auipc	x30,0x36	 x30=0x8003fec0
     484215.000 ns	     48420	80009ec4	143f2023	sw	x3,320(x30)	 x30:0x8003fec0  x3:0x00000001 PA:0xxxxxxxxx
     484235.000 ns	     48422	80009ec8	ff9ff06f	jal	x0,80009ec4	
     484285.000 ns	     48427	80009ec0	00036f17	auipc	x30,0x36	 x30=0x8003fec0
     484295.000 ns	     48428	80009ec4	143f2023	sw	x3,320(x30)	 x30:0x8003fec0  x3:0x00000001 PA:0xxxxxxxxx
     484315.000 ns	     48430	80009ec8	ff9ff06f	jal	x0,80009ec4	
     484365.000 ns	     48435	80009ec0	00036f17	auipc	x30,0x36	 x30=0x8003fec0
     484375.000 ns	     48436	80009ec4	143f2023	sw	x3,320(x30)	 x30:0x8003fec0  x3:0x00000001 PA:0xxxxxxxxx
     484395.000 ns	     48438	80009ec8	ff9ff06f	jal	x0,80009ec4	
     484445.000 ns	     48443	80009ec0	00036f17	auipc	x30,0x36	 x30=0x8003fec0
     484455.000 ns	     48444	80009ec4	143f2023	sw	x3,320(x30)	 x30:0x8003fec0  x3:0x00000001 PA:0xxxxxxxxx
     484475.000 ns	     48446	80009ec8	ff9ff06f	jal	x0,80009ec4	
     484525.000 ns	     48451	80009ec0	00036f17	auipc	x30,0x36	 x30=0x8003fec0
     484535.000 ns	     48452	80009ec4	143f2023	sw	x3,320(x30)	 x30:0x8003fec0  x3:0x00000001 PA:0xxxxxxxxx
     484555.000 ns	     48454	80009ec8	ff9ff06f	jal	x0,80009ec4	
     484605.000 ns	     48459	80009ec0	00036f17	auipc	x30,0x36	 x30=0x8003fec0
     484615.000 ns	     48460	80009ec4	143f2023	sw	x3,320(x30)	 x30:0x8003fec0  x3:0x00000001 PA:0xxxxxxxxx
     484635.000 ns	     48462	80009ec8	ff9ff06f	jal	x0,80009ec4	
     484685.000 ns	     48467	80009ec0	00036f17	auipc	x30,0x36	 x30=0x8003fec0
     484695.000 ns	     48468	80009ec4	143f2023	sw	x3,320(x30)	 x30:0x8003fec0  x3:0x00000001 PA:0xxxxxxxxx
     484715.000 ns	     48470	80009ec8	ff9ff06f	jal	x0,80009ec4	
     484765.000 ns	     48475	80009ec0	00036f17	auipc	x30,0x36	 x30=0x8003fec0
     484775.000 ns	     48476	80009ec4	143f2023	sw	x3,320(x30)	 x30:0x8003fec0  x3:0x00000001 PA:0xxxxxxxxx
     484795.000 ns	     48478	80009ec8	ff9ff06f	jal	x0,80009ec4	
     484845.000 ns	     48483	80009ec0	00036f17	auipc	x30,0x36	 x30=0x8003fec0
     484855.000 ns	     48484	80009ec4	143f2023	sw	x3,320(x30)	 x30:0x8003fec0  x3:0x00000001 PA:0xxxxxxxxx
     484875.000 ns	     48486	80009ec8	ff9ff06f	jal	x0,80009ec4	
     484925.000 ns	     48491	80009ec0	00036f17	auipc	x30,0x36	 x30=0x8003fec0
     484935.000 ns	     48492	80009ec4	143f2023	sw	x3,320(x30)	 x30:0x8003fec0  x3:0x00000001 PA:0xxxxxxxxx
     484955.000 ns	     48494	80009ec8	ff9ff06f	jal	x0,80009ec4	
     485005.000 ns	     48499	80009ec0	00036f17	auipc	x30,0x36	 x30=0x8003fec0
     485015.000 ns	     48500	80009ec4	143f2023	sw	x3,320(x30)	 x30:0x8003fec0  x3:0x00000001 PA:0xxxxxxxxx
     485035.000 ns	     48502	80009ec8	ff9ff06f	jal	x0,80009ec4	
     485085.000 ns	     48507	80009ec0	00036f17	auipc	x30,0x36	 x30=0x8003fec0
     485095.000 ns	     48508	80009ec4	143f2023	sw	x3,320(x30)	 x30:0x8003fec0  x3:0x00000001 PA:0xxxxxxxxx
     485115.000 ns	     48510	80009ec8	ff9ff06f	jal	x0,80009ec4	
     485165.000 ns	     48515	80009ec0	00036f17	auipc	x30,0x36	 x30=0x8003fec0
     485175.000 ns	     48516	80009ec4	143f2023	sw	x3,320(x30)	 x30:0x8003fec0  x3:0x00000001 PA:0xxxxxxxxx
     485195.000 ns	     48518	80009ec8	ff9ff06f	jal	x0,80009ec4	
     485245.000 ns	     48523	80009ec0	00036f17	auipc	x30,0x36	 x30=0x8003fec0
     485255.000 ns	     48524	80009ec4	143f2023	sw	x3,320(x30)	 x30:0x8003fec0  x3:0x00000001 PA:0xxxxxxxxx
     485275.000 ns	     48526	80009ec8	ff9ff06f	jal	x0,80009ec4	
     485325.000 ns	     48531	80009ec0	00036f17	auipc	x30,0x36	 x30=0x8003fec0
     485335.000 ns	     48532	80009ec4	143f2023	sw	x3,320(x30)	 x30:0x8003fec0  x3:0x00000001 PA:0xxxxxxxxx
     485355.000 ns	     48534	80009ec8	ff9ff06f	jal	x0,80009ec4	
     485405.000 ns	     48539	80009ec0	00036f17	auipc	x30,0x36	 x30=0x8003fec0
     485415.000 ns	     48540	80009ec4	143f2023	sw	x3,320(x30)	 x30:0x8003fec0  x3:0x00000001 PA:0xxxxxxxxx
     485435.000 ns	     48542	80009ec8	ff9ff06f	jal	x0,80009ec4	
     485485.000 ns	     48547	80009ec0	00036f17	auipc	x30,0x36	 x30=0x8003fec0
     485495.000 ns	     48548	80009ec4	143f2023	sw	x3,320(x30)	 x30:0x8003fec0  x3:0x00000001 PA:0xxxxxxxxx
     485515.000 ns	     48550	80009ec8	ff9ff06f	jal	x0,80009ec4	
     485565.000 ns	     48555	80009ec0	00036f17	auipc	x30,0x36	 x30=0x8003fec0
     485575.000 ns	     48556	80009ec4	143f2023	sw	x3,320(x30)	 x30:0x8003fec0  x3:0x00000001 PA:0xxxxxxxxx
     485595.000 ns	     48558	80009ec8	ff9ff06f	jal	x0,80009ec4	
     485645.000 ns	     48563	80009ec0	00036f17	auipc	x30,0x36	 x30=0x8003fec0
     485655.000 ns	     48564	80009ec4	143f2023	sw	x3,320(x30)	 x30:0x8003fec0  x3:0x00000001 PA:0xxxxxxxxx
     485675.000 ns	     48566	80009ec8	ff9ff06f	jal	x0,80009ec4	
     485725.000 ns	     48571	80009ec0	00036f17	auipc	x30,0x36	 x30=0x8003fec0
     485735.000 ns	     48572	80009ec4	143f2023	sw	x3,320(x30)	 x30:0x8003fec0  x3:0x00000001 PA:0xxxxxxxxx
     485755.000 ns	     48574	80009ec8	ff9ff06f	jal	x0,80009ec4	
     485805.000 ns	     48579	80009ec0	00036f17	auipc	x30,0x36	 x30=0x8003fec0
     485815.000 ns	     48580	80009ec4	143f2023	sw	x3,320(x30)	 x30:0x8003fec0  x3:0x00000001 PA:0xxxxxxxxx
     485835.000 ns	     48582	80009ec8	ff9ff06f	jal	x0,80009ec4	
     485885.000 ns	     48587	80009ec0	00036f17	auipc	x30,0x36	 x30=0x8003fec0
     485895.000 ns	     48588	80009ec4	143f2023	sw	x3,320(x30)	 x30:0x8003fec0  x3:0x00000001 PA:0xxxxxxxxx
     485915.000 ns	     48590	80009ec8	ff9ff06f	jal	x0,80009ec4	
     485965.000 ns	     48595	80009ec0	00036f17	auipc	x30,0x36	 x30=0x8003fec0
     485975.000 ns	     48596	80009ec4	143f2023	sw	x3,320(x30)	 x30:0x8003fec0  x3:0x00000001 PA:0xxxxxxxxx
     485995.000 ns	     48598	80009ec8	ff9ff06f	jal	x0,80009ec4	
     486045.000 ns	     48603	80009ec0	00036f17	auipc	x30,0x36	 x30=0x8003fec0
     486055.000 ns	     48604	80009ec4	143f2023	sw	x3,320(x30)	 x30:0x8003fec0  x3:0x00000001 PA:0xxxxxxxxx
     486075.000 ns	     48606	80009ec8	ff9ff06f	jal	x0,80009ec4	
     486125.000 ns	     48611	80009ec0	00036f17	auipc	x30,0x36	 x30=0x8003fec0
     486135.000 ns	     48612	80009ec4	143f2023	sw	x3,320(x30)	 x30:0x8003fec0  x3:0x00000001 PA:0xxxxxxxxx
     486155.000 ns	     48614	80009ec8	ff9ff06f	jal	x0,80009ec4	
     486205.000 ns	     48619	80009ec0	00036f17	auipc	x30,0x36	 x30=0x8003fec0
     486215.000 ns	     48620	80009ec4	143f2023	sw	x3,320(x30)	 x30:0x8003fec0  x3:0x00000001 PA:0xxxxxxxxx
     486235.000 ns	     48622	80009ec8	ff9ff06f	jal	x0,80009ec4	
     486285.000 ns	     48627	80009ec0	00036f17	auipc	x30,0x36	 x30=0x8003fec0
     486295.000 ns	     48628	80009ec4	143f2023	sw	x3,320(x30)	 x30:0x8003fec0  x3:0x00000001 PA:0xxxxxxxxx
     486315.000 ns	     48630	80009ec8	ff9ff06f	jal	x0,80009ec4	
     486365.000 ns	     48635	80009ec0	00036f17	auipc	x30,0x36	 x30=0x8003fec0
     486375.000 ns	     48636	80009ec4	143f2023	sw	x3,320(x30)	 x30:0x8003fec0  x3:0x00000001 PA:0xxxxxxxxx
     486395.000 ns	     48638	80009ec8	ff9ff06f	jal	x0,80009ec4	
     486445.000 ns	     48643	80009ec0	00036f17	auipc	x30,0x36	 x30=0x8003fec0
     486455.000 ns	     48644	80009ec4	143f2023	sw	x3,320(x30)	 x30:0x8003fec0  x3:0x00000001 PA:0xxxxxxxxx
     486475.000 ns	     48646	80009ec8	ff9ff06f	jal	x0,80009ec4	
     486525.000 ns	     48651	80009ec0	00036f17	auipc	x30,0x36	 x30=0x8003fec0
     486535.000 ns	     48652	80009ec4	143f2023	sw	x3,320(x30)	 x30:0x8003fec0  x3:0x00000001 PA:0xxxxxxxxx
     486555.000 ns	     48654	80009ec8	ff9ff06f	jal	x0,80009ec4	
     486605.000 ns	     48659	80009ec0	00036f17	auipc	x30,0x36	 x30=0x8003fec0
     486615.000 ns	     48660	80009ec4	143f2023	sw	x3,320(x30)	 x30:0x8003fec0  x3:0x00000001 PA:0xxxxxxxxx
     486635.000 ns	     48662	80009ec8	ff9ff06f	jal	x0,80009ec4	
     486685.000 ns	     48667	80009ec0	00036f17	auipc	x30,0x36	 x30=0x8003fec0
     486695.000 ns	     48668	80009ec4	143f2023	sw	x3,320(x30)	 x30:0x8003fec0  x3:0x00000001 PA:0xxxxxxxxx
     486715.000 ns	     48670	80009ec8	ff9ff06f	jal	x0,80009ec4	
     486765.000 ns	     48675	80009ec0	00036f17	auipc	x30,0x36	 x30=0x8003fec0
     486775.000 ns	     48676	80009ec4	143f2023	sw	x3,320(x30)	 x30:0x8003fec0  x3:0x00000001 PA:0xxxxxxxxx
     486795.000 ns	     48678	80009ec8	ff9ff06f	jal	x0,80009ec4	
     486845.000 ns	     48683	80009ec0	00036f17	auipc	x30,0x36	 x30=0x8003fec0
     486855.000 ns	     48684	80009ec4	143f2023	sw	x3,320(x30)	 x30:0x8003fec0  x3:0x00000001 PA:0xxxxxxxxx
     486875.000 ns	     48686	80009ec8	ff9ff06f	jal	x0,80009ec4	
     486925.000 ns	     48691	80009ec0	00036f17	auipc	x30,0x36	 x30=0x8003fec0
     486935.000 ns	     48692	80009ec4	143f2023	sw	x3,320(x30)	 x30:0x8003fec0  x3:0x00000001 PA:0xxxxxxxxx
     486955.000 ns	     48694	80009ec8	ff9ff06f	jal	x0,80009ec4	
     487005.000 ns	     48699	80009ec0	00036f17	auipc	x30,0x36	 x30=0x8003fec0
     487015.000 ns	     48700	80009ec4	143f2023	sw	x3,320(x30)	 x30:0x8003fec0  x3:0x00000001 PA:0xxxxxxxxx
     487035.000 ns	     48702	80009ec8	ff9ff06f	jal	x0,80009ec4	
     487085.000 ns	     48707	80009ec0	00036f17	auipc	x30,0x36	 x30=0x8003fec0
     487095.000 ns	     48708	80009ec4	143f2023	sw	x3,320(x30)	 x30:0x8003fec0  x3:0x00000001 PA:0xxxxxxxxx
     487115.000 ns	     48710	80009ec8	ff9ff06f	jal	x0,80009ec4	
     487165.000 ns	     48715	80009ec0	00036f17	auipc	x30,0x36	 x30=0x8003fec0
     487175.000 ns	     48716	80009ec4	143f2023	sw	x3,320(x30)	 x30:0x8003fec0  x3:0x00000001 PA:0xxxxxxxxx
     487195.000 ns	     48718	80009ec8	ff9ff06f	jal	x0,80009ec4	
     487245.000 ns	     48723	80009ec0	00036f17	auipc	x30,0x36	 x30=0x8003fec0
     487255.000 ns	     48724	80009ec4	143f2023	sw	x3,320(x30)	 x30:0x8003fec0  x3:0x00000001 PA:0xxxxxxxxx
     487275.000 ns	     48726	80009ec8	ff9ff06f	jal	x0,80009ec4	
     487325.000 ns	     48731	80009ec0	00036f17	auipc	x30,0x36	 x30=0x8003fec0
     487335.000 ns	     48732	80009ec4	143f2023	sw	x3,320(x30)	 x30:0x8003fec0  x3:0x00000001 PA:0xxxxxxxxx
     487355.000 ns	     48734	80009ec8	ff9ff06f	jal	x0,80009ec4	
     487405.000 ns	     48739	80009ec0	00036f17	auipc	x30,0x36	 x30=0x8003fec0
     487415.000 ns	     48740	80009ec4	143f2023	sw	x3,320(x30)	 x30:0x8003fec0  x3:0x00000001 PA:0xxxxxxxxx
     487435.000 ns	     48742	80009ec8	ff9ff06f	jal	x0,80009ec4	
     487485.000 ns	     48747	80009ec0	00036f17	auipc	x30,0x36	 x30=0x8003fec0
     487495.000 ns	     48748	80009ec4	143f2023	sw	x3,320(x30)	 x30:0x8003fec0  x3:0x00000001 PA:0xxxxxxxxx
     487515.000 ns	     48750	80009ec8	ff9ff06f	jal	x0,80009ec4	
     487565.000 ns	     48755	80009ec0	00036f17	auipc	x30,0x36	 x30=0x8003fec0
     487575.000 ns	     48756	80009ec4	143f2023	sw	x3,320(x30)	 x30:0x8003fec0  x3:0x00000001 PA:0xxxxxxxxx
     487595.000 ns	     48758	80009ec8	ff9ff06f	jal	x0,80009ec4	
     487645.000 ns	     48763	80009ec0	00036f17	auipc	x30,0x36	 x30=0x8003fec0
     487655.000 ns	     48764	80009ec4	143f2023	sw	x3,320(x30)	 x30:0x8003fec0  x3:0x00000001 PA:0xxxxxxxxx
     487675.000 ns	     48766	80009ec8	ff9ff06f	jal	x0,80009ec4	
     487725.000 ns	     48771	80009ec0	00036f17	auipc	x30,0x36	 x30=0x8003fec0
     487735.000 ns	     48772	80009ec4	143f2023	sw	x3,320(x30)	 x30:0x8003fec0  x3:0x00000001 PA:0xxxxxxxxx
     487755.000 ns	     48774	80009ec8	ff9ff06f	jal	x0,80009ec4	
     487805.000 ns	     48779	80009ec0	00036f17	auipc	x30,0x36	 x30=0x8003fec0
     487815.000 ns	     48780	80009ec4	143f2023	sw	x3,320(x30)	 x30:0x8003fec0  x3:0x00000001 PA:0xxxxxxxxx
     487835.000 ns	     48782	80009ec8	ff9ff06f	jal	x0,80009ec4	
     487885.000 ns	     48787	80009ec0	00036f17	auipc	x30,0x36	 x30=0x8003fec0
     487895.000 ns	     48788	80009ec4	143f2023	sw	x3,320(x30)	 x30:0x8003fec0  x3:0x00000001 PA:0xxxxxxxxx
     487915.000 ns	     48790	80009ec8	ff9ff06f	jal	x0,80009ec4	
     487965.000 ns	     48795	80009ec0	00036f17	auipc	x30,0x36	 x30=0x8003fec0
     487975.000 ns	     48796	80009ec4	143f2023	sw	x3,320(x30)	 x30:0x8003fec0  x3:0x00000001 PA:0xxxxxxxxx
     487995.000 ns	     48798	80009ec8	ff9ff06f	jal	x0,80009ec4	
     488045.000 ns	     48803	80009ec0	00036f17	auipc	x30,0x36	 x30=0x8003fec0
     488055.000 ns	     48804	80009ec4	143f2023	sw	x3,320(x30)	 x30:0x8003fec0  x3:0x00000001 PA:0xxxxxxxxx
     488075.000 ns	     48806	80009ec8	ff9ff06f	jal	x0,80009ec4	
     488125.000 ns	     48811	80009ec0	00036f17	auipc	x30,0x36	 x30=0x8003fec0
     488135.000 ns	     48812	80009ec4	143f2023	sw	x3,320(x30)	 x30:0x8003fec0  x3:0x00000001 PA:0xxxxxxxxx
     488155.000 ns	     48814	80009ec8	ff9ff06f	jal	x0,80009ec4	
     488205.000 ns	     48819	80009ec0	00036f17	auipc	x30,0x36	 x30=0x8003fec0
     488215.000 ns	     48820	80009ec4	143f2023	sw	x3,320(x30)	 x30:0x8003fec0  x3:0x00000001 PA:0xxxxxxxxx
     488235.000 ns	     48822	80009ec8	ff9ff06f	jal	x0,80009ec4	
     488285.000 ns	     48827	80009ec0	00036f17	auipc	x30,0x36	 x30=0x8003fec0
     488295.000 ns	     48828	80009ec4	143f2023	sw	x3,320(x30)	 x30:0x8003fec0  x3:0x00000001 PA:0xxxxxxxxx
     488315.000 ns	     48830	80009ec8	ff9ff06f	jal	x0,80009ec4	
     488365.000 ns	     48835	80009ec0	00036f17	auipc	x30,0x36	 x30=0x8003fec0
     488375.000 ns	     48836	80009ec4	143f2023	sw	x3,320(x30)	 x30:0x8003fec0  x3:0x00000001 PA:0xxxxxxxxx
     488395.000 ns	     48838	80009ec8	ff9ff06f	jal	x0,80009ec4	
     488445.000 ns	     48843	80009ec0	00036f17	auipc	x30,0x36	 x30=0x8003fec0
     488455.000 ns	     48844	80009ec4	143f2023	sw	x3,320(x30)	 x30:0x8003fec0  x3:0x00000001 PA:0xxxxxxxxx
     488475.000 ns	     48846	80009ec8	ff9ff06f	jal	x0,80009ec4	
     488525.000 ns	     48851	80009ec0	00036f17	auipc	x30,0x36	 x30=0x8003fec0
     488535.000 ns	     48852	80009ec4	143f2023	sw	x3,320(x30)	 x30:0x8003fec0  x3:0x00000001 PA:0xxxxxxxxx
     488555.000 ns	     48854	80009ec8	ff9ff06f	jal	x0,80009ec4	
     488605.000 ns	     48859	80009ec0	00036f17	auipc	x30,0x36	 x30=0x8003fec0
     488615.000 ns	     48860	80009ec4	143f2023	sw	x3,320(x30)	 x30:0x8003fec0  x3:0x00000001 PA:0xxxxxxxxx
     488635.000 ns	     48862	80009ec8	ff9ff06f	jal	x0,80009ec4	
     488685.000 ns	     48867	80009ec0	00036f17	auipc	x30,0x36	 x30=0x8003fec0
     488695.000 ns	     48868	80009ec4	143f2023	sw	x3,320(x30)	 x30:0x8003fec0  x3:0x00000001 PA:0xxxxxxxxx
     488715.000 ns	     48870	80009ec8	ff9ff06f	jal	x0,80009ec4	
     488765.000 ns	     48875	80009ec0	00036f17	auipc	x30,0x36	 x30=0x8003fec0
     488775.000 ns	     48876	80009ec4	143f2023	sw	x3,320(x30)	 x30:0x8003fec0  x3:0x00000001 PA:0xxxxxxxxx
     488795.000 ns	     48878	80009ec8	ff9ff06f	jal	x0,80009ec4	
     488845.000 ns	     48883	80009ec0	00036f17	auipc	x30,0x36	 x30=0x8003fec0
     488855.000 ns	     48884	80009ec4	143f2023	sw	x3,320(x30)	 x30:0x8003fec0  x3:0x00000001 PA:0xxxxxxxxx
     488875.000 ns	     48886	80009ec8	ff9ff06f	jal	x0,80009ec4	
     488925.000 ns	     48891	80009ec0	00036f17	auipc	x30,0x36	 x30=0x8003fec0
     488935.000 ns	     48892	80009ec4	143f2023	sw	x3,320(x30)	 x30:0x8003fec0  x3:0x00000001 PA:0xxxxxxxxx
     488955.000 ns	     48894	80009ec8	ff9ff06f	jal	x0,80009ec4	
     489005.000 ns	     48899	80009ec0	00036f17	auipc	x30,0x36	 x30=0x8003fec0
     489015.000 ns	     48900	80009ec4	143f2023	sw	x3,320(x30)	 x30:0x8003fec0  x3:0x00000001 PA:0xxxxxxxxx
     489035.000 ns	     48902	80009ec8	ff9ff06f	jal	x0,80009ec4	
     489085.000 ns	     48907	80009ec0	00036f17	auipc	x30,0x36	 x30=0x8003fec0
     489095.000 ns	     48908	80009ec4	143f2023	sw	x3,320(x30)	 x30:0x8003fec0  x3:0x00000001 PA:0xxxxxxxxx
     489115.000 ns	     48910	80009ec8	ff9ff06f	jal	x0,80009ec4	
     489165.000 ns	     48915	80009ec0	00036f17	auipc	x30,0x36	 x30=0x8003fec0
     489175.000 ns	     48916	80009ec4	143f2023	sw	x3,320(x30)	 x30:0x8003fec0  x3:0x00000001 PA:0xxxxxxxxx
     489195.000 ns	     48918	80009ec8	ff9ff06f	jal	x0,80009ec4	
     489245.000 ns	     48923	80009ec0	00036f17	auipc	x30,0x36	 x30=0x8003fec0
     489255.000 ns	     48924	80009ec4	143f2023	sw	x3,320(x30)	 x30:0x8003fec0  x3:0x00000001 PA:0xxxxxxxxx
     489275.000 ns	     48926	80009ec8	ff9ff06f	jal	x0,80009ec4	
     489325.000 ns	     48931	80009ec0	00036f17	auipc	x30,0x36	 x30=0x8003fec0
     489335.000 ns	     48932	80009ec4	143f2023	sw	x3,320(x30)	 x30:0x8003fec0  x3:0x00000001 PA:0xxxxxxxxx
     489355.000 ns	     48934	80009ec8	ff9ff06f	jal	x0,80009ec4	
     489405.000 ns	     48939	80009ec0	00036f17	auipc	x30,0x36	 x30=0x8003fec0
     489415.000 ns	     48940	80009ec4	143f2023	sw	x3,320(x30)	 x30:0x8003fec0  x3:0x00000001 PA:0xxxxxxxxx
     489435.000 ns	     48942	80009ec8	ff9ff06f	jal	x0,80009ec4	
     489485.000 ns	     48947	80009ec0	00036f17	auipc	x30,0x36	 x30=0x8003fec0
     489495.000 ns	     48948	80009ec4	143f2023	sw	x3,320(x30)	 x30:0x8003fec0  x3:0x00000001 PA:0xxxxxxxxx
     489515.000 ns	     48950	80009ec8	ff9ff06f	jal	x0,80009ec4	
     489565.000 ns	     48955	80009ec0	00036f17	auipc	x30,0x36	 x30=0x8003fec0
     489575.000 ns	     48956	80009ec4	143f2023	sw	x3,320(x30)	 x30:0x8003fec0  x3:0x00000001 PA:0xxxxxxxxx
     489595.000 ns	     48958	80009ec8	ff9ff06f	jal	x0,80009ec4	
     489645.000 ns	     48963	80009ec0	00036f17	auipc	x30,0x36	 x30=0x8003fec0
     489655.000 ns	     48964	80009ec4	143f2023	sw	x3,320(x30)	 x30:0x8003fec0  x3:0x00000001 PA:0xxxxxxxxx
     489675.000 ns	     48966	80009ec8	ff9ff06f	jal	x0,80009ec4	
     489725.000 ns	     48971	80009ec0	00036f17	auipc	x30,0x36	 x30=0x8003fec0
     489735.000 ns	     48972	80009ec4	143f2023	sw	x3,320(x30)	 x30:0x8003fec0  x3:0x00000001 PA:0xxxxxxxxx
     489755.000 ns	     48974	80009ec8	ff9ff06f	jal	x0,80009ec4	
     489805.000 ns	     48979	80009ec0	00036f17	auipc	x30,0x36	 x30=0x8003fec0
     489815.000 ns	     48980	80009ec4	143f2023	sw	x3,320(x30)	 x30:0x8003fec0  x3:0x00000001 PA:0xxxxxxxxx
     489835.000 ns	     48982	80009ec8	ff9ff06f	jal	x0,80009ec4	
     489885.000 ns	     48987	80009ec0	00036f17	auipc	x30,0x36	 x30=0x8003fec0
     489895.000 ns	     48988	80009ec4	143f2023	sw	x3,320(x30)	 x30:0x8003fec0  x3:0x00000001 PA:0xxxxxxxxx
     489915.000 ns	     48990	80009ec8	ff9ff06f	jal	x0,80009ec4	
     489965.000 ns	     48995	80009ec0	00036f17	auipc	x30,0x36	 x30=0x8003fec0
     489975.000 ns	     48996	80009ec4	143f2023	sw	x3,320(x30)	 x30:0x8003fec0  x3:0x00000001 PA:0xxxxxxxxx
     489995.000 ns	     48998	80009ec8	ff9ff06f	jal	x0,80009ec4	
     490045.000 ns	     49003	80009ec0	00036f17	auipc	x30,0x36	 x30=0x8003fec0
     490055.000 ns	     49004	80009ec4	143f2023	sw	x3,320(x30)	 x30:0x8003fec0  x3:0x00000001 PA:0xxxxxxxxx
     490075.000 ns	     49006	80009ec8	ff9ff06f	jal	x0,80009ec4	
     490125.000 ns	     49011	80009ec0	00036f17	auipc	x30,0x36	 x30=0x8003fec0
     490135.000 ns	     49012	80009ec4	143f2023	sw	x3,320(x30)	 x30:0x8003fec0  x3:0x00000001 PA:0xxxxxxxxx
     490155.000 ns	     49014	80009ec8	ff9ff06f	jal	x0,80009ec4	
     490205.000 ns	     49019	80009ec0	00036f17	auipc	x30,0x36	 x30=0x8003fec0
     490215.000 ns	     49020	80009ec4	143f2023	sw	x3,320(x30)	 x30:0x8003fec0  x3:0x00000001 PA:0xxxxxxxxx
     490235.000 ns	     49022	80009ec8	ff9ff06f	jal	x0,80009ec4	
     490285.000 ns	     49027	80009ec0	00036f17	auipc	x30,0x36	 x30=0x8003fec0
     490295.000 ns	     49028	80009ec4	143f2023	sw	x3,320(x30)	 x30:0x8003fec0  x3:0x00000001 PA:0xxxxxxxxx
     490315.000 ns	     49030	80009ec8	ff9ff06f	jal	x0,80009ec4	
     490365.000 ns	     49035	80009ec0	00036f17	auipc	x30,0x36	 x30=0x8003fec0
     490375.000 ns	     49036	80009ec4	143f2023	sw	x3,320(x30)	 x30:0x8003fec0  x3:0x00000001 PA:0xxxxxxxxx
     490395.000 ns	     49038	80009ec8	ff9ff06f	jal	x0,80009ec4	
     490445.000 ns	     49043	80009ec0	00036f17	auipc	x30,0x36	 x30=0x8003fec0
     490455.000 ns	     49044	80009ec4	143f2023	sw	x3,320(x30)	 x30:0x8003fec0  x3:0x00000001 PA:0xxxxxxxxx
     490475.000 ns	     49046	80009ec8	ff9ff06f	jal	x0,80009ec4	
     490525.000 ns	     49051	80009ec0	00036f17	auipc	x30,0x36	 x30=0x8003fec0
     490535.000 ns	     49052	80009ec4	143f2023	sw	x3,320(x30)	 x30:0x8003fec0  x3:0x00000001 PA:0xxxxxxxxx
     490555.000 ns	     49054	80009ec8	ff9ff06f	jal	x0,80009ec4	
     490605.000 ns	     49059	80009ec0	00036f17	auipc	x30,0x36	 x30=0x8003fec0
     490615.000 ns	     49060	80009ec4	143f2023	sw	x3,320(x30)	 x30:0x8003fec0  x3:0x00000001 PA:0xxxxxxxxx
     490635.000 ns	     49062	80009ec8	ff9ff06f	jal	x0,80009ec4	
     490685.000 ns	     49067	80009ec0	00036f17	auipc	x30,0x36	 x30=0x8003fec0
     490695.000 ns	     49068	80009ec4	143f2023	sw	x3,320(x30)	 x30:0x8003fec0  x3:0x00000001 PA:0xxxxxxxxx
     490715.000 ns	     49070	80009ec8	ff9ff06f	jal	x0,80009ec4	
     490765.000 ns	     49075	80009ec0	00036f17	auipc	x30,0x36	 x30=0x8003fec0
     490775.000 ns	     49076	80009ec4	143f2023	sw	x3,320(x30)	 x30:0x8003fec0  x3:0x00000001 PA:0xxxxxxxxx
     490795.000 ns	     49078	80009ec8	ff9ff06f	jal	x0,80009ec4	
     490845.000 ns	     49083	80009ec0	00036f17	auipc	x30,0x36	 x30=0x8003fec0
     490855.000 ns	     49084	80009ec4	143f2023	sw	x3,320(x30)	 x30:0x8003fec0  x3:0x00000001 PA:0xxxxxxxxx
     490875.000 ns	     49086	80009ec8	ff9ff06f	jal	x0,80009ec4	
     490925.000 ns	     49091	80009ec0	00036f17	auipc	x30,0x36	 x30=0x8003fec0
     490935.000 ns	     49092	80009ec4	143f2023	sw	x3,320(x30)	 x30:0x8003fec0  x3:0x00000001 PA:0xxxxxxxxx
     490955.000 ns	     49094	80009ec8	ff9ff06f	jal	x0,80009ec4	
     491005.000 ns	     49099	80009ec0	00036f17	auipc	x30,0x36	 x30=0x8003fec0
     491015.000 ns	     49100	80009ec4	143f2023	sw	x3,320(x30)	 x30:0x8003fec0  x3:0x00000001 PA:0xxxxxxxxx
     491035.000 ns	     49102	80009ec8	ff9ff06f	jal	x0,80009ec4	
     491085.000 ns	     49107	80009ec0	00036f17	auipc	x30,0x36	 x30=0x8003fec0
     491095.000 ns	     49108	80009ec4	143f2023	sw	x3,320(x30)	 x30:0x8003fec0  x3:0x00000001 PA:0xxxxxxxxx
     491115.000 ns	     49110	80009ec8	ff9ff06f	jal	x0,80009ec4	
     491165.000 ns	     49115	80009ec0	00036f17	auipc	x30,0x36	 x30=0x8003fec0
     491175.000 ns	     49116	80009ec4	143f2023	sw	x3,320(x30)	 x30:0x8003fec0  x3:0x00000001 PA:0xxxxxxxxx
     491195.000 ns	     49118	80009ec8	ff9ff06f	jal	x0,80009ec4	
     491245.000 ns	     49123	80009ec0	00036f17	auipc	x30,0x36	 x30=0x8003fec0
     491255.000 ns	     49124	80009ec4	143f2023	sw	x3,320(x30)	 x30:0x8003fec0  x3:0x00000001 PA:0xxxxxxxxx
     491275.000 ns	     49126	80009ec8	ff9ff06f	jal	x0,80009ec4	
     491325.000 ns	     49131	80009ec0	00036f17	auipc	x30,0x36	 x30=0x8003fec0
     491335.000 ns	     49132	80009ec4	143f2023	sw	x3,320(x30)	 x30:0x8003fec0  x3:0x00000001 PA:0xxxxxxxxx
     491355.000 ns	     49134	80009ec8	ff9ff06f	jal	x0,80009ec4	
     491405.000 ns	     49139	80009ec0	00036f17	auipc	x30,0x36	 x30=0x8003fec0
     491415.000 ns	     49140	80009ec4	143f2023	sw	x3,320(x30)	 x30:0x8003fec0  x3:0x00000001 PA:0xxxxxxxxx
     491435.000 ns	     49142	80009ec8	ff9ff06f	jal	x0,80009ec4	
     491485.000 ns	     49147	80009ec0	00036f17	auipc	x30,0x36	 x30=0x8003fec0
     491495.000 ns	     49148	80009ec4	143f2023	sw	x3,320(x30)	 x30:0x8003fec0  x3:0x00000001 PA:0xxxxxxxxx
     491515.000 ns	     49150	80009ec8	ff9ff06f	jal	x0,80009ec4	
     491565.000 ns	     49155	80009ec0	00036f17	auipc	x30,0x36	 x30=0x8003fec0
     491575.000 ns	     49156	80009ec4	143f2023	sw	x3,320(x30)	 x30:0x8003fec0  x3:0x00000001 PA:0xxxxxxxxx
     491595.000 ns	     49158	80009ec8	ff9ff06f	jal	x0,80009ec4	
     491645.000 ns	     49163	80009ec0	00036f17	auipc	x30,0x36	 x30=0x8003fec0
     491655.000 ns	     49164	80009ec4	143f2023	sw	x3,320(x30)	 x30:0x8003fec0  x3:0x00000001 PA:0xxxxxxxxx
     491675.000 ns	     49166	80009ec8	ff9ff06f	jal	x0,80009ec4	
     491725.000 ns	     49171	80009ec0	00036f17	auipc	x30,0x36	 x30=0x8003fec0
     491735.000 ns	     49172	80009ec4	143f2023	sw	x3,320(x30)	 x30:0x8003fec0  x3:0x00000001 PA:0xxxxxxxxx
     491755.000 ns	     49174	80009ec8	ff9ff06f	jal	x0,80009ec4	
     491805.000 ns	     49179	80009ec0	00036f17	auipc	x30,0x36	 x30=0x8003fec0
     491815.000 ns	     49180	80009ec4	143f2023	sw	x3,320(x30)	 x30:0x8003fec0  x3:0x00000001 PA:0xxxxxxxxx
     491835.000 ns	     49182	80009ec8	ff9ff06f	jal	x0,80009ec4	
     491885.000 ns	     49187	80009ec0	00036f17	auipc	x30,0x36	 x30=0x8003fec0
     491895.000 ns	     49188	80009ec4	143f2023	sw	x3,320(x30)	 x30:0x8003fec0  x3:0x00000001 PA:0xxxxxxxxx
     491915.000 ns	     49190	80009ec8	ff9ff06f	jal	x0,80009ec4	
     491965.000 ns	     49195	80009ec0	00036f17	auipc	x30,0x36	 x30=0x8003fec0
     491975.000 ns	     49196	80009ec4	143f2023	sw	x3,320(x30)	 x30:0x8003fec0  x3:0x00000001 PA:0xxxxxxxxx
     491995.000 ns	     49198	80009ec8	ff9ff06f	jal	x0,80009ec4	
     492045.000 ns	     49203	80009ec0	00036f17	auipc	x30,0x36	 x30=0x8003fec0
     492055.000 ns	     49204	80009ec4	143f2023	sw	x3,320(x30)	 x30:0x8003fec0  x3:0x00000001 PA:0xxxxxxxxx
     492075.000 ns	     49206	80009ec8	ff9ff06f	jal	x0,80009ec4	
     492125.000 ns	     49211	80009ec0	00036f17	auipc	x30,0x36	 x30=0x8003fec0
     492135.000 ns	     49212	80009ec4	143f2023	sw	x3,320(x30)	 x30:0x8003fec0  x3:0x00000001 PA:0xxxxxxxxx
     492155.000 ns	     49214	80009ec8	ff9ff06f	jal	x0,80009ec4	
     492205.000 ns	     49219	80009ec0	00036f17	auipc	x30,0x36	 x30=0x8003fec0
     492215.000 ns	     49220	80009ec4	143f2023	sw	x3,320(x30)	 x30:0x8003fec0  x3:0x00000001 PA:0xxxxxxxxx
     492235.000 ns	     49222	80009ec8	ff9ff06f	jal	x0,80009ec4	
     492285.000 ns	     49227	80009ec0	00036f17	auipc	x30,0x36	 x30=0x8003fec0
     492295.000 ns	     49228	80009ec4	143f2023	sw	x3,320(x30)	 x30:0x8003fec0  x3:0x00000001 PA:0xxxxxxxxx
     492315.000 ns	     49230	80009ec8	ff9ff06f	jal	x0,80009ec4	
     492365.000 ns	     49235	80009ec0	00036f17	auipc	x30,0x36	 x30=0x8003fec0
     492375.000 ns	     49236	80009ec4	143f2023	sw	x3,320(x30)	 x30:0x8003fec0  x3:0x00000001 PA:0xxxxxxxxx
     492395.000 ns	     49238	80009ec8	ff9ff06f	jal	x0,80009ec4	
     492445.000 ns	     49243	80009ec0	00036f17	auipc	x30,0x36	 x30=0x8003fec0
     492455.000 ns	     49244	80009ec4	143f2023	sw	x3,320(x30)	 x30:0x8003fec0  x3:0x00000001 PA:0xxxxxxxxx
     492475.000 ns	     49246	80009ec8	ff9ff06f	jal	x0,80009ec4	
     492525.000 ns	     49251	80009ec0	00036f17	auipc	x30,0x36	 x30=0x8003fec0
     492535.000 ns	     49252	80009ec4	143f2023	sw	x3,320(x30)	 x30:0x8003fec0  x3:0x00000001 PA:0xxxxxxxxx
     492555.000 ns	     49254	80009ec8	ff9ff06f	jal	x0,80009ec4	
     492605.000 ns	     49259	80009ec0	00036f17	auipc	x30,0x36	 x30=0x8003fec0
     492615.000 ns	     49260	80009ec4	143f2023	sw	x3,320(x30)	 x30:0x8003fec0  x3:0x00000001 PA:0xxxxxxxxx
     492635.000 ns	     49262	80009ec8	ff9ff06f	jal	x0,80009ec4	
     492685.000 ns	     49267	80009ec0	00036f17	auipc	x30,0x36	 x30=0x8003fec0
     492695.000 ns	     49268	80009ec4	143f2023	sw	x3,320(x30)	 x30:0x8003fec0  x3:0x00000001 PA:0xxxxxxxxx
     492715.000 ns	     49270	80009ec8	ff9ff06f	jal	x0,80009ec4	
     492765.000 ns	     49275	80009ec0	00036f17	auipc	x30,0x36	 x30=0x8003fec0
     492775.000 ns	     49276	80009ec4	143f2023	sw	x3,320(x30)	 x30:0x8003fec0  x3:0x00000001 PA:0xxxxxxxxx
     492795.000 ns	     49278	80009ec8	ff9ff06f	jal	x0,80009ec4	
     492845.000 ns	     49283	80009ec0	00036f17	auipc	x30,0x36	 x30=0x8003fec0
     492855.000 ns	     49284	80009ec4	143f2023	sw	x3,320(x30)	 x30:0x8003fec0  x3:0x00000001 PA:0xxxxxxxxx
     492875.000 ns	     49286	80009ec8	ff9ff06f	jal	x0,80009ec4	
     492925.000 ns	     49291	80009ec0	00036f17	auipc	x30,0x36	 x30=0x8003fec0
     492935.000 ns	     49292	80009ec4	143f2023	sw	x3,320(x30)	 x30:0x8003fec0  x3:0x00000001 PA:0xxxxxxxxx
     492955.000 ns	     49294	80009ec8	ff9ff06f	jal	x0,80009ec4	
     493005.000 ns	     49299	80009ec0	00036f17	auipc	x30,0x36	 x30=0x8003fec0
     493015.000 ns	     49300	80009ec4	143f2023	sw	x3,320(x30)	 x30:0x8003fec0  x3:0x00000001 PA:0xxxxxxxxx
     493035.000 ns	     49302	80009ec8	ff9ff06f	jal	x0,80009ec4	
     493085.000 ns	     49307	80009ec0	00036f17	auipc	x30,0x36	 x30=0x8003fec0
     493095.000 ns	     49308	80009ec4	143f2023	sw	x3,320(x30)	 x30:0x8003fec0  x3:0x00000001 PA:0xxxxxxxxx
     493115.000 ns	     49310	80009ec8	ff9ff06f	jal	x0,80009ec4	
     493165.000 ns	     49315	80009ec0	00036f17	auipc	x30,0x36	 x30=0x8003fec0
     493175.000 ns	     49316	80009ec4	143f2023	sw	x3,320(x30)	 x30:0x8003fec0  x3:0x00000001 PA:0xxxxxxxxx
     493195.000 ns	     49318	80009ec8	ff9ff06f	jal	x0,80009ec4	
     493245.000 ns	     49323	80009ec0	00036f17	auipc	x30,0x36	 x30=0x8003fec0
     493255.000 ns	     49324	80009ec4	143f2023	sw	x3,320(x30)	 x30:0x8003fec0  x3:0x00000001 PA:0xxxxxxxxx
     493275.000 ns	     49326	80009ec8	ff9ff06f	jal	x0,80009ec4	
     493325.000 ns	     49331	80009ec0	00036f17	auipc	x30,0x36	 x30=0x8003fec0
     493335.000 ns	     49332	80009ec4	143f2023	sw	x3,320(x30)	 x30:0x8003fec0  x3:0x00000001 PA:0xxxxxxxxx
     493355.000 ns	     49334	80009ec8	ff9ff06f	jal	x0,80009ec4	
     493405.000 ns	     49339	80009ec0	00036f17	auipc	x30,0x36	 x30=0x8003fec0
     493415.000 ns	     49340	80009ec4	143f2023	sw	x3,320(x30)	 x30:0x8003fec0  x3:0x00000001 PA:0xxxxxxxxx
     493435.000 ns	     49342	80009ec8	ff9ff06f	jal	x0,80009ec4	
     493485.000 ns	     49347	80009ec0	00036f17	auipc	x30,0x36	 x30=0x8003fec0
     493495.000 ns	     49348	80009ec4	143f2023	sw	x3,320(x30)	 x30:0x8003fec0  x3:0x00000001 PA:0xxxxxxxxx
     493515.000 ns	     49350	80009ec8	ff9ff06f	jal	x0,80009ec4	
     493565.000 ns	     49355	80009ec0	00036f17	auipc	x30,0x36	 x30=0x8003fec0
     493575.000 ns	     49356	80009ec4	143f2023	sw	x3,320(x30)	 x30:0x8003fec0  x3:0x00000001 PA:0xxxxxxxxx
     493595.000 ns	     49358	80009ec8	ff9ff06f	jal	x0,80009ec4	
     493645.000 ns	     49363	80009ec0	00036f17	auipc	x30,0x36	 x30=0x8003fec0
     493655.000 ns	     49364	80009ec4	143f2023	sw	x3,320(x30)	 x30:0x8003fec0  x3:0x00000001 PA:0xxxxxxxxx
     493675.000 ns	     49366	80009ec8	ff9ff06f	jal	x0,80009ec4	
     493725.000 ns	     49371	80009ec0	00036f17	auipc	x30,0x36	 x30=0x8003fec0
     493735.000 ns	     49372	80009ec4	143f2023	sw	x3,320(x30)	 x30:0x8003fec0  x3:0x00000001 PA:0xxxxxxxxx
     493755.000 ns	     49374	80009ec8	ff9ff06f	jal	x0,80009ec4	
     493805.000 ns	     49379	80009ec0	00036f17	auipc	x30,0x36	 x30=0x8003fec0
     493815.000 ns	     49380	80009ec4	143f2023	sw	x3,320(x30)	 x30:0x8003fec0  x3:0x00000001 PA:0xxxxxxxxx
     493835.000 ns	     49382	80009ec8	ff9ff06f	jal	x0,80009ec4	
     493885.000 ns	     49387	80009ec0	00036f17	auipc	x30,0x36	 x30=0x8003fec0
     493895.000 ns	     49388	80009ec4	143f2023	sw	x3,320(x30)	 x30:0x8003fec0  x3:0x00000001 PA:0xxxxxxxxx
     493915.000 ns	     49390	80009ec8	ff9ff06f	jal	x0,80009ec4	
     493965.000 ns	     49395	80009ec0	00036f17	auipc	x30,0x36	 x30=0x8003fec0
     493975.000 ns	     49396	80009ec4	143f2023	sw	x3,320(x30)	 x30:0x8003fec0  x3:0x00000001 PA:0xxxxxxxxx
     493995.000 ns	     49398	80009ec8	ff9ff06f	jal	x0,80009ec4	
     494045.000 ns	     49403	80009ec0	00036f17	auipc	x30,0x36	 x30=0x8003fec0
     494055.000 ns	     49404	80009ec4	143f2023	sw	x3,320(x30)	 x30:0x8003fec0  x3:0x00000001 PA:0xxxxxxxxx
     494075.000 ns	     49406	80009ec8	ff9ff06f	jal	x0,80009ec4	
     494125.000 ns	     49411	80009ec0	00036f17	auipc	x30,0x36	 x30=0x8003fec0
     494135.000 ns	     49412	80009ec4	143f2023	sw	x3,320(x30)	 x30:0x8003fec0  x3:0x00000001 PA:0xxxxxxxxx
     494155.000 ns	     49414	80009ec8	ff9ff06f	jal	x0,80009ec4	
     494205.000 ns	     49419	80009ec0	00036f17	auipc	x30,0x36	 x30=0x8003fec0
     494215.000 ns	     49420	80009ec4	143f2023	sw	x3,320(x30)	 x30:0x8003fec0  x3:0x00000001 PA:0xxxxxxxxx
     494235.000 ns	     49422	80009ec8	ff9ff06f	jal	x0,80009ec4	
     494285.000 ns	     49427	80009ec0	00036f17	auipc	x30,0x36	 x30=0x8003fec0
     494295.000 ns	     49428	80009ec4	143f2023	sw	x3,320(x30)	 x30:0x8003fec0  x3:0x00000001 PA:0xxxxxxxxx
     494315.000 ns	     49430	80009ec8	ff9ff06f	jal	x0,80009ec4	
     494365.000 ns	     49435	80009ec0	00036f17	auipc	x30,0x36	 x30=0x8003fec0
     494375.000 ns	     49436	80009ec4	143f2023	sw	x3,320(x30)	 x30:0x8003fec0  x3:0x00000001 PA:0xxxxxxxxx
     494395.000 ns	     49438	80009ec8	ff9ff06f	jal	x0,80009ec4	
     494445.000 ns	     49443	80009ec0	00036f17	auipc	x30,0x36	 x30=0x8003fec0
     494455.000 ns	     49444	80009ec4	143f2023	sw	x3,320(x30)	 x30:0x8003fec0  x3:0x00000001 PA:0xxxxxxxxx
     494475.000 ns	     49446	80009ec8	ff9ff06f	jal	x0,80009ec4	
     494525.000 ns	     49451	80009ec0	00036f17	auipc	x30,0x36	 x30=0x8003fec0
     494535.000 ns	     49452	80009ec4	143f2023	sw	x3,320(x30)	 x30:0x8003fec0  x3:0x00000001 PA:0xxxxxxxxx
     494555.000 ns	     49454	80009ec8	ff9ff06f	jal	x0,80009ec4	
     494605.000 ns	     49459	80009ec0	00036f17	auipc	x30,0x36	 x30=0x8003fec0
     494615.000 ns	     49460	80009ec4	143f2023	sw	x3,320(x30)	 x30:0x8003fec0  x3:0x00000001 PA:0xxxxxxxxx
     494635.000 ns	     49462	80009ec8	ff9ff06f	jal	x0,80009ec4	
     494685.000 ns	     49467	80009ec0	00036f17	auipc	x30,0x36	 x30=0x8003fec0
     494695.000 ns	     49468	80009ec4	143f2023	sw	x3,320(x30)	 x30:0x8003fec0  x3:0x00000001 PA:0xxxxxxxxx
     494715.000 ns	     49470	80009ec8	ff9ff06f	jal	x0,80009ec4	
     494765.000 ns	     49475	80009ec0	00036f17	auipc	x30,0x36	 x30=0x8003fec0
     494775.000 ns	     49476	80009ec4	143f2023	sw	x3,320(x30)	 x30:0x8003fec0  x3:0x00000001 PA:0xxxxxxxxx
     494795.000 ns	     49478	80009ec8	ff9ff06f	jal	x0,80009ec4	
     494845.000 ns	     49483	80009ec0	00036f17	auipc	x30,0x36	 x30=0x8003fec0
     494855.000 ns	     49484	80009ec4	143f2023	sw	x3,320(x30)	 x30:0x8003fec0  x3:0x00000001 PA:0xxxxxxxxx
     494875.000 ns	     49486	80009ec8	ff9ff06f	jal	x0,80009ec4	
     494925.000 ns	     49491	80009ec0	00036f17	auipc	x30,0x36	 x30=0x8003fec0
     494935.000 ns	     49492	80009ec4	143f2023	sw	x3,320(x30)	 x30:0x8003fec0  x3:0x00000001 PA:0xxxxxxxxx
     494955.000 ns	     49494	80009ec8	ff9ff06f	jal	x0,80009ec4	
     495005.000 ns	     49499	80009ec0	00036f17	auipc	x30,0x36	 x30=0x8003fec0
     495015.000 ns	     49500	80009ec4	143f2023	sw	x3,320(x30)	 x30:0x8003fec0  x3:0x00000001 PA:0xxxxxxxxx
     495035.000 ns	     49502	80009ec8	ff9ff06f	jal	x0,80009ec4	
     495085.000 ns	     49507	80009ec0	00036f17	auipc	x30,0x36	 x30=0x8003fec0
     495095.000 ns	     49508	80009ec4	143f2023	sw	x3,320(x30)	 x30:0x8003fec0  x3:0x00000001 PA:0xxxxxxxxx
     495115.000 ns	     49510	80009ec8	ff9ff06f	jal	x0,80009ec4	
     495165.000 ns	     49515	80009ec0	00036f17	auipc	x30,0x36	 x30=0x8003fec0
     495175.000 ns	     49516	80009ec4	143f2023	sw	x3,320(x30)	 x30:0x8003fec0  x3:0x00000001 PA:0xxxxxxxxx
     495195.000 ns	     49518	80009ec8	ff9ff06f	jal	x0,80009ec4	
     495245.000 ns	     49523	80009ec0	00036f17	auipc	x30,0x36	 x30=0x8003fec0
     495255.000 ns	     49524	80009ec4	143f2023	sw	x3,320(x30)	 x30:0x8003fec0  x3:0x00000001 PA:0xxxxxxxxx
     495275.000 ns	     49526	80009ec8	ff9ff06f	jal	x0,80009ec4	
     495325.000 ns	     49531	80009ec0	00036f17	auipc	x30,0x36	 x30=0x8003fec0
     495335.000 ns	     49532	80009ec4	143f2023	sw	x3,320(x30)	 x30:0x8003fec0  x3:0x00000001 PA:0xxxxxxxxx
     495355.000 ns	     49534	80009ec8	ff9ff06f	jal	x0,80009ec4	
     495405.000 ns	     49539	80009ec0	00036f17	auipc	x30,0x36	 x30=0x8003fec0
     495415.000 ns	     49540	80009ec4	143f2023	sw	x3,320(x30)	 x30:0x8003fec0  x3:0x00000001 PA:0xxxxxxxxx
     495435.000 ns	     49542	80009ec8	ff9ff06f	jal	x0,80009ec4	
     495485.000 ns	     49547	80009ec0	00036f17	auipc	x30,0x36	 x30=0x8003fec0
     495495.000 ns	     49548	80009ec4	143f2023	sw	x3,320(x30)	 x30:0x8003fec0  x3:0x00000001 PA:0xxxxxxxxx
     495515.000 ns	     49550	80009ec8	ff9ff06f	jal	x0,80009ec4	
     495565.000 ns	     49555	80009ec0	00036f17	auipc	x30,0x36	 x30=0x8003fec0
     495575.000 ns	     49556	80009ec4	143f2023	sw	x3,320(x30)	 x30:0x8003fec0  x3:0x00000001 PA:0xxxxxxxxx
     495595.000 ns	     49558	80009ec8	ff9ff06f	jal	x0,80009ec4	
     495645.000 ns	     49563	80009ec0	00036f17	auipc	x30,0x36	 x30=0x8003fec0
     495655.000 ns	     49564	80009ec4	143f2023	sw	x3,320(x30)	 x30:0x8003fec0  x3:0x00000001 PA:0xxxxxxxxx
     495675.000 ns	     49566	80009ec8	ff9ff06f	jal	x0,80009ec4	
     495725.000 ns	     49571	80009ec0	00036f17	auipc	x30,0x36	 x30=0x8003fec0
     495735.000 ns	     49572	80009ec4	143f2023	sw	x3,320(x30)	 x30:0x8003fec0  x3:0x00000001 PA:0xxxxxxxxx
     495755.000 ns	     49574	80009ec8	ff9ff06f	jal	x0,80009ec4	
     495805.000 ns	     49579	80009ec0	00036f17	auipc	x30,0x36	 x30=0x8003fec0
     495815.000 ns	     49580	80009ec4	143f2023	sw	x3,320(x30)	 x30:0x8003fec0  x3:0x00000001 PA:0xxxxxxxxx
     495835.000 ns	     49582	80009ec8	ff9ff06f	jal	x0,80009ec4	
     495885.000 ns	     49587	80009ec0	00036f17	auipc	x30,0x36	 x30=0x8003fec0
     495895.000 ns	     49588	80009ec4	143f2023	sw	x3,320(x30)	 x30:0x8003fec0  x3:0x00000001 PA:0xxxxxxxxx
     495915.000 ns	     49590	80009ec8	ff9ff06f	jal	x0,80009ec4	
     495965.000 ns	     49595	80009ec0	00036f17	auipc	x30,0x36	 x30=0x8003fec0
     495975.000 ns	     49596	80009ec4	143f2023	sw	x3,320(x30)	 x30:0x8003fec0  x3:0x00000001 PA:0xxxxxxxxx
     495995.000 ns	     49598	80009ec8	ff9ff06f	jal	x0,80009ec4	
     496045.000 ns	     49603	80009ec0	00036f17	auipc	x30,0x36	 x30=0x8003fec0
     496055.000 ns	     49604	80009ec4	143f2023	sw	x3,320(x30)	 x30:0x8003fec0  x3:0x00000001 PA:0xxxxxxxxx
     496075.000 ns	     49606	80009ec8	ff9ff06f	jal	x0,80009ec4	
     496125.000 ns	     49611	80009ec0	00036f17	auipc	x30,0x36	 x30=0x8003fec0
     496135.000 ns	     49612	80009ec4	143f2023	sw	x3,320(x30)	 x30:0x8003fec0  x3:0x00000001 PA:0xxxxxxxxx
     496155.000 ns	     49614	80009ec8	ff9ff06f	jal	x0,80009ec4	
     496205.000 ns	     49619	80009ec0	00036f17	auipc	x30,0x36	 x30=0x8003fec0
     496215.000 ns	     49620	80009ec4	143f2023	sw	x3,320(x30)	 x30:0x8003fec0  x3:0x00000001 PA:0xxxxxxxxx
     496235.000 ns	     49622	80009ec8	ff9ff06f	jal	x0,80009ec4	
     496285.000 ns	     49627	80009ec0	00036f17	auipc	x30,0x36	 x30=0x8003fec0
     496295.000 ns	     49628	80009ec4	143f2023	sw	x3,320(x30)	 x30:0x8003fec0  x3:0x00000001 PA:0xxxxxxxxx
     496315.000 ns	     49630	80009ec8	ff9ff06f	jal	x0,80009ec4	
     496365.000 ns	     49635	80009ec0	00036f17	auipc	x30,0x36	 x30=0x8003fec0
     496375.000 ns	     49636	80009ec4	143f2023	sw	x3,320(x30)	 x30:0x8003fec0  x3:0x00000001 PA:0xxxxxxxxx
     496395.000 ns	     49638	80009ec8	ff9ff06f	jal	x0,80009ec4	
     496445.000 ns	     49643	80009ec0	00036f17	auipc	x30,0x36	 x30=0x8003fec0
     496455.000 ns	     49644	80009ec4	143f2023	sw	x3,320(x30)	 x30:0x8003fec0  x3:0x00000001 PA:0xxxxxxxxx
     496475.000 ns	     49646	80009ec8	ff9ff06f	jal	x0,80009ec4	
     496525.000 ns	     49651	80009ec0	00036f17	auipc	x30,0x36	 x30=0x8003fec0
     496535.000 ns	     49652	80009ec4	143f2023	sw	x3,320(x30)	 x30:0x8003fec0  x3:0x00000001 PA:0xxxxxxxxx
     496555.000 ns	     49654	80009ec8	ff9ff06f	jal	x0,80009ec4	
     496605.000 ns	     49659	80009ec0	00036f17	auipc	x30,0x36	 x30=0x8003fec0
     496615.000 ns	     49660	80009ec4	143f2023	sw	x3,320(x30)	 x30:0x8003fec0  x3:0x00000001 PA:0xxxxxxxxx
     496635.000 ns	     49662	80009ec8	ff9ff06f	jal	x0,80009ec4	
     496685.000 ns	     49667	80009ec0	00036f17	auipc	x30,0x36	 x30=0x8003fec0
     496695.000 ns	     49668	80009ec4	143f2023	sw	x3,320(x30)	 x30:0x8003fec0  x3:0x00000001 PA:0xxxxxxxxx
     496715.000 ns	     49670	80009ec8	ff9ff06f	jal	x0,80009ec4	
     496765.000 ns	     49675	80009ec0	00036f17	auipc	x30,0x36	 x30=0x8003fec0
     496775.000 ns	     49676	80009ec4	143f2023	sw	x3,320(x30)	 x30:0x8003fec0  x3:0x00000001 PA:0xxxxxxxxx
     496795.000 ns	     49678	80009ec8	ff9ff06f	jal	x0,80009ec4	
     496845.000 ns	     49683	80009ec0	00036f17	auipc	x30,0x36	 x30=0x8003fec0
     496855.000 ns	     49684	80009ec4	143f2023	sw	x3,320(x30)	 x30:0x8003fec0  x3:0x00000001 PA:0xxxxxxxxx
     496875.000 ns	     49686	80009ec8	ff9ff06f	jal	x0,80009ec4	
     496925.000 ns	     49691	80009ec0	00036f17	auipc	x30,0x36	 x30=0x8003fec0
     496935.000 ns	     49692	80009ec4	143f2023	sw	x3,320(x30)	 x30:0x8003fec0  x3:0x00000001 PA:0xxxxxxxxx
     496955.000 ns	     49694	80009ec8	ff9ff06f	jal	x0,80009ec4	
     497005.000 ns	     49699	80009ec0	00036f17	auipc	x30,0x36	 x30=0x8003fec0
     497015.000 ns	     49700	80009ec4	143f2023	sw	x3,320(x30)	 x30:0x8003fec0  x3:0x00000001 PA:0xxxxxxxxx
     497035.000 ns	     49702	80009ec8	ff9ff06f	jal	x0,80009ec4	
     497085.000 ns	     49707	80009ec0	00036f17	auipc	x30,0x36	 x30=0x8003fec0
     497095.000 ns	     49708	80009ec4	143f2023	sw	x3,320(x30)	 x30:0x8003fec0  x3:0x00000001 PA:0xxxxxxxxx
     497115.000 ns	     49710	80009ec8	ff9ff06f	jal	x0,80009ec4	
     497165.000 ns	     49715	80009ec0	00036f17	auipc	x30,0x36	 x30=0x8003fec0
     497175.000 ns	     49716	80009ec4	143f2023	sw	x3,320(x30)	 x30:0x8003fec0  x3:0x00000001 PA:0xxxxxxxxx
     497195.000 ns	     49718	80009ec8	ff9ff06f	jal	x0,80009ec4	
     497245.000 ns	     49723	80009ec0	00036f17	auipc	x30,0x36	 x30=0x8003fec0
     497255.000 ns	     49724	80009ec4	143f2023	sw	x3,320(x30)	 x30:0x8003fec0  x3:0x00000001 PA:0xxxxxxxxx
     497275.000 ns	     49726	80009ec8	ff9ff06f	jal	x0,80009ec4	
     497325.000 ns	     49731	80009ec0	00036f17	auipc	x30,0x36	 x30=0x8003fec0
     497335.000 ns	     49732	80009ec4	143f2023	sw	x3,320(x30)	 x30:0x8003fec0  x3:0x00000001 PA:0xxxxxxxxx
     497355.000 ns	     49734	80009ec8	ff9ff06f	jal	x0,80009ec4	
     497405.000 ns	     49739	80009ec0	00036f17	auipc	x30,0x36	 x30=0x8003fec0
     497415.000 ns	     49740	80009ec4	143f2023	sw	x3,320(x30)	 x30:0x8003fec0  x3:0x00000001 PA:0xxxxxxxxx
     497435.000 ns	     49742	80009ec8	ff9ff06f	jal	x0,80009ec4	
     497485.000 ns	     49747	80009ec0	00036f17	auipc	x30,0x36	 x30=0x8003fec0
     497495.000 ns	     49748	80009ec4	143f2023	sw	x3,320(x30)	 x30:0x8003fec0  x3:0x00000001 PA:0xxxxxxxxx
     497515.000 ns	     49750	80009ec8	ff9ff06f	jal	x0,80009ec4	
     497565.000 ns	     49755	80009ec0	00036f17	auipc	x30,0x36	 x30=0x8003fec0
     497575.000 ns	     49756	80009ec4	143f2023	sw	x3,320(x30)	 x30:0x8003fec0  x3:0x00000001 PA:0xxxxxxxxx
     497595.000 ns	     49758	80009ec8	ff9ff06f	jal	x0,80009ec4	
     497645.000 ns	     49763	80009ec0	00036f17	auipc	x30,0x36	 x30=0x8003fec0
     497655.000 ns	     49764	80009ec4	143f2023	sw	x3,320(x30)	 x30:0x8003fec0  x3:0x00000001 PA:0xxxxxxxxx
     497675.000 ns	     49766	80009ec8	ff9ff06f	jal	x0,80009ec4	
     497725.000 ns	     49771	80009ec0	00036f17	auipc	x30,0x36	 x30=0x8003fec0
     497735.000 ns	     49772	80009ec4	143f2023	sw	x3,320(x30)	 x30:0x8003fec0  x3:0x00000001 PA:0xxxxxxxxx
     497755.000 ns	     49774	80009ec8	ff9ff06f	jal	x0,80009ec4	
     497805.000 ns	     49779	80009ec0	00036f17	auipc	x30,0x36	 x30=0x8003fec0
     497815.000 ns	     49780	80009ec4	143f2023	sw	x3,320(x30)	 x30:0x8003fec0  x3:0x00000001 PA:0xxxxxxxxx
     497835.000 ns	     49782	80009ec8	ff9ff06f	jal	x0,80009ec4	
     497885.000 ns	     49787	80009ec0	00036f17	auipc	x30,0x36	 x30=0x8003fec0
     497895.000 ns	     49788	80009ec4	143f2023	sw	x3,320(x30)	 x30:0x8003fec0  x3:0x00000001 PA:0xxxxxxxxx
     497915.000 ns	     49790	80009ec8	ff9ff06f	jal	x0,80009ec4	
     497965.000 ns	     49795	80009ec0	00036f17	auipc	x30,0x36	 x30=0x8003fec0
     497975.000 ns	     49796	80009ec4	143f2023	sw	x3,320(x30)	 x30:0x8003fec0  x3:0x00000001 PA:0xxxxxxxxx
     497995.000 ns	     49798	80009ec8	ff9ff06f	jal	x0,80009ec4	
     498045.000 ns	     49803	80009ec0	00036f17	auipc	x30,0x36	 x30=0x8003fec0
     498055.000 ns	     49804	80009ec4	143f2023	sw	x3,320(x30)	 x30:0x8003fec0  x3:0x00000001 PA:0xxxxxxxxx
     498075.000 ns	     49806	80009ec8	ff9ff06f	jal	x0,80009ec4	
     498125.000 ns	     49811	80009ec0	00036f17	auipc	x30,0x36	 x30=0x8003fec0
     498135.000 ns	     49812	80009ec4	143f2023	sw	x3,320(x30)	 x30:0x8003fec0  x3:0x00000001 PA:0xxxxxxxxx
     498155.000 ns	     49814	80009ec8	ff9ff06f	jal	x0,80009ec4	
     498205.000 ns	     49819	80009ec0	00036f17	auipc	x30,0x36	 x30=0x8003fec0
     498215.000 ns	     49820	80009ec4	143f2023	sw	x3,320(x30)	 x30:0x8003fec0  x3:0x00000001 PA:0xxxxxxxxx
     498235.000 ns	     49822	80009ec8	ff9ff06f	jal	x0,80009ec4	
     498285.000 ns	     49827	80009ec0	00036f17	auipc	x30,0x36	 x30=0x8003fec0
     498295.000 ns	     49828	80009ec4	143f2023	sw	x3,320(x30)	 x30:0x8003fec0  x3:0x00000001 PA:0xxxxxxxxx
     498315.000 ns	     49830	80009ec8	ff9ff06f	jal	x0,80009ec4	
     498365.000 ns	     49835	80009ec0	00036f17	auipc	x30,0x36	 x30=0x8003fec0
     498375.000 ns	     49836	80009ec4	143f2023	sw	x3,320(x30)	 x30:0x8003fec0  x3:0x00000001 PA:0xxxxxxxxx
     498395.000 ns	     49838	80009ec8	ff9ff06f	jal	x0,80009ec4	
     498445.000 ns	     49843	80009ec0	00036f17	auipc	x30,0x36	 x30=0x8003fec0
     498455.000 ns	     49844	80009ec4	143f2023	sw	x3,320(x30)	 x30:0x8003fec0  x3:0x00000001 PA:0xxxxxxxxx
     498475.000 ns	     49846	80009ec8	ff9ff06f	jal	x0,80009ec4	
     498525.000 ns	     49851	80009ec0	00036f17	auipc	x30,0x36	 x30=0x8003fec0
     498535.000 ns	     49852	80009ec4	143f2023	sw	x3,320(x30)	 x30:0x8003fec0  x3:0x00000001 PA:0xxxxxxxxx
     498555.000 ns	     49854	80009ec8	ff9ff06f	jal	x0,80009ec4	
     498605.000 ns	     49859	80009ec0	00036f17	auipc	x30,0x36	 x30=0x8003fec0
     498615.000 ns	     49860	80009ec4	143f2023	sw	x3,320(x30)	 x30:0x8003fec0  x3:0x00000001 PA:0xxxxxxxxx
     498635.000 ns	     49862	80009ec8	ff9ff06f	jal	x0,80009ec4	
     498685.000 ns	     49867	80009ec0	00036f17	auipc	x30,0x36	 x30=0x8003fec0
     498695.000 ns	     49868	80009ec4	143f2023	sw	x3,320(x30)	 x30:0x8003fec0  x3:0x00000001 PA:0xxxxxxxxx
     498715.000 ns	     49870	80009ec8	ff9ff06f	jal	x0,80009ec4	
     498765.000 ns	     49875	80009ec0	00036f17	auipc	x30,0x36	 x30=0x8003fec0
     498775.000 ns	     49876	80009ec4	143f2023	sw	x3,320(x30)	 x30:0x8003fec0  x3:0x00000001 PA:0xxxxxxxxx
     498795.000 ns	     49878	80009ec8	ff9ff06f	jal	x0,80009ec4	
     498845.000 ns	     49883	80009ec0	00036f17	auipc	x30,0x36	 x30=0x8003fec0
     498855.000 ns	     49884	80009ec4	143f2023	sw	x3,320(x30)	 x30:0x8003fec0  x3:0x00000001 PA:0xxxxxxxxx
     498875.000 ns	     49886	80009ec8	ff9ff06f	jal	x0,80009ec4	
     498925.000 ns	     49891	80009ec0	00036f17	auipc	x30,0x36	 x30=0x8003fec0
     498935.000 ns	     49892	80009ec4	143f2023	sw	x3,320(x30)	 x30:0x8003fec0  x3:0x00000001 PA:0xxxxxxxxx
     498955.000 ns	     49894	80009ec8	ff9ff06f	jal	x0,80009ec4	
     499005.000 ns	     49899	80009ec0	00036f17	auipc	x30,0x36	 x30=0x8003fec0
     499015.000 ns	     49900	80009ec4	143f2023	sw	x3,320(x30)	 x30:0x8003fec0  x3:0x00000001 PA:0xxxxxxxxx
     499035.000 ns	     49902	80009ec8	ff9ff06f	jal	x0,80009ec4	
     499085.000 ns	     49907	80009ec0	00036f17	auipc	x30,0x36	 x30=0x8003fec0
     499095.000 ns	     49908	80009ec4	143f2023	sw	x3,320(x30)	 x30:0x8003fec0  x3:0x00000001 PA:0xxxxxxxxx
     499115.000 ns	     49910	80009ec8	ff9ff06f	jal	x0,80009ec4	
     499165.000 ns	     49915	80009ec0	00036f17	auipc	x30,0x36	 x30=0x8003fec0
     499175.000 ns	     49916	80009ec4	143f2023	sw	x3,320(x30)	 x30:0x8003fec0  x3:0x00000001 PA:0xxxxxxxxx
     499195.000 ns	     49918	80009ec8	ff9ff06f	jal	x0,80009ec4	
     499245.000 ns	     49923	80009ec0	00036f17	auipc	x30,0x36	 x30=0x8003fec0
     499255.000 ns	     49924	80009ec4	143f2023	sw	x3,320(x30)	 x30:0x8003fec0  x3:0x00000001 PA:0xxxxxxxxx
     499275.000 ns	     49926	80009ec8	ff9ff06f	jal	x0,80009ec4	
     499325.000 ns	     49931	80009ec0	00036f17	auipc	x30,0x36	 x30=0x8003fec0
     499335.000 ns	     49932	80009ec4	143f2023	sw	x3,320(x30)	 x30:0x8003fec0  x3:0x00000001 PA:0xxxxxxxxx
     499355.000 ns	     49934	80009ec8	ff9ff06f	jal	x0,80009ec4	
     499405.000 ns	     49939	80009ec0	00036f17	auipc	x30,0x36	 x30=0x8003fec0
     499415.000 ns	     49940	80009ec4	143f2023	sw	x3,320(x30)	 x30:0x8003fec0  x3:0x00000001 PA:0xxxxxxxxx
     499435.000 ns	     49942	80009ec8	ff9ff06f	jal	x0,80009ec4	
     499485.000 ns	     49947	80009ec0	00036f17	auipc	x30,0x36	 x30=0x8003fec0
     499495.000 ns	     49948	80009ec4	143f2023	sw	x3,320(x30)	 x30:0x8003fec0  x3:0x00000001 PA:0xxxxxxxxx
     499515.000 ns	     49950	80009ec8	ff9ff06f	jal	x0,80009ec4	
     499565.000 ns	     49955	80009ec0	00036f17	auipc	x30,0x36	 x30=0x8003fec0
     499575.000 ns	     49956	80009ec4	143f2023	sw	x3,320(x30)	 x30:0x8003fec0  x3:0x00000001 PA:0xxxxxxxxx
     499595.000 ns	     49958	80009ec8	ff9ff06f	jal	x0,80009ec4	
     499645.000 ns	     49963	80009ec0	00036f17	auipc	x30,0x36	 x30=0x8003fec0
     499655.000 ns	     49964	80009ec4	143f2023	sw	x3,320(x30)	 x30:0x8003fec0  x3:0x00000001 PA:0xxxxxxxxx
     499675.000 ns	     49966	80009ec8	ff9ff06f	jal	x0,80009ec4	
     499725.000 ns	     49971	80009ec0	00036f17	auipc	x30,0x36	 x30=0x8003fec0
     499735.000 ns	     49972	80009ec4	143f2023	sw	x3,320(x30)	 x30:0x8003fec0  x3:0x00000001 PA:0xxxxxxxxx
     499755.000 ns	     49974	80009ec8	ff9ff06f	jal	x0,80009ec4	
     499805.000 ns	     49979	80009ec0	00036f17	auipc	x30,0x36	 x30=0x8003fec0
     499815.000 ns	     49980	80009ec4	143f2023	sw	x3,320(x30)	 x30:0x8003fec0  x3:0x00000001 PA:0xxxxxxxxx
     499835.000 ns	     49982	80009ec8	ff9ff06f	jal	x0,80009ec4	
     499885.000 ns	     49987	80009ec0	00036f17	auipc	x30,0x36	 x30=0x8003fec0
     499895.000 ns	     49988	80009ec4	143f2023	sw	x3,320(x30)	 x30:0x8003fec0  x3:0x00000001 PA:0xxxxxxxxx
     499915.000 ns	     49990	80009ec8	ff9ff06f	jal	x0,80009ec4	
     499965.000 ns	     49995	80009ec0	00036f17	auipc	x30,0x36	 x30=0x8003fec0
     499975.000 ns	     49996	80009ec4	143f2023	sw	x3,320(x30)	 x30:0x8003fec0  x3:0x00000001 PA:0xxxxxxxxx
