		Time			Cycle	PC		Insn	Decoded instruction	Register and memory contents
         65.000 ns	         5	80000000	f14022f3	csrrs	x5,mhartid,x0	  x0:0x00000000  x5=0xffffff14
         75.000 ns	         6	80000004	00000313	addi	x6,x0,0	  x0:0x00000000  x6=0x00000000
         85.000 ns	         7	80000008	00628263	beq	x5,x6,8000000c	  x5:0x00000000  x6:0x00000000
         95.000 ns	         8	8000000c	00000797	auipc	x15,0x0	 x15=0x8000000c
        105.000 ns	         9	80000010	00c78793	addi	x15,x15,12	 x15:0x00000000 x15=0x80000018
        115.000 ns	        10	80000014	00078067	jalr	x0,x15,0	 x15:0x00000000
        165.000 ns	        15	80000018	400013b7	lui	x7,0x40001	  x7=0x40001000
        175.000 ns	        16	8000001c	12038393	addi	x7,x7,288	  x7:0x00000000  x7=0x40001120
        185.000 ns	        17	80000020	30139073	csrrw	x0,misa,x7	  x7:0x00000000
        195.000 ns	        18	80000024	00041317	auipc	x6,0x41	  x6=0x80041024
        205.000 ns	        19	80000028	00030313	addi	x6,x6,0	  x6:0x00000000  x6=0x80041024
        215.000 ns	        20	8000002c	0000b397	auipc	x7,0xb	  x7=0x8000b02c
        225.000 ns	        21	80000030	8a438393	addi	x7,x7,-1884	  x7:0x40001120  x7=0x8000a8d0
        235.000 ns	        22	80000034	0013e393	ori	x7,x7,1	  x7:0x40001120  x7=0x8000a8d1
        245.000 ns	        23	80000038	30539073	csrrw	x0,mtvec,x7	  x7:0x8000b02c
        255.000 ns	        24	8000003c	00000397	auipc	x7,0x0	  x7=0x8000003c
        265.000 ns	        25	80000040	02838393	addi	x7,x7,40	  x7:0x8000a8d1  x7=0x80000064
        275.000 ns	        26	80000044	34139073	csrrw	x0,mepc,x7	  x7:0x8000a8d1
        285.000 ns	        27	80000048	00000013	addi	x0,x0,0	  x0:0x00000000
        295.000 ns	        28	8000004c	000043b7	lui	x7,0x4	  x7=0x00004000
        305.000 ns	        29	80000050	80038393	addi	x7,x7,-2048	  x7:0x80000064  x7=0x00003800
        315.000 ns	        30	80000054	30039073	csrrw	x0,mstatus,x7	  x7:0x80000064
        325.000 ns	        31	80000058	00000393	addi	x7,x0,0	  x0:0x00000000  x7=0x00000000
        335.000 ns	        32	8000005c	30439073	csrrw	x0,mie,x7	  x7:0x00003800
        345.000 ns	        33	80000060	30200073	mret	
        355.000 ns	        34	80000064	0037e3b7	lui	x7,0x37e	  x7=0x0037e000
        365.000 ns	        35	80000068	abd38393	addi	x7,x7,-1347	  x7:0x00000000  x7=0x0037dabd
        385.000 ns	        37	8000006c	f0038053	fmv.w.x	f0,x7	  x7:0x00000000  f0=0x0037dabd
        405.000 ns	        39	80000070	ff8003b7	lui	x7,0xff800	  x7=0xff800000
        425.000 ns	        41	80000074	f00380d3	fmv.w.x	f1,x7	  x7:0x0037dabd  f1=0xff800000
        445.000 ns	        43	80000078	7f8003b7	lui	x7,0x7f800	  x7=0x7f800000
        465.000 ns	        45	8000007c	f0038153	fmv.w.x	f2,x7	  x7:0xff800000  f2=0x7f800000
        485.000 ns	        47	80000080	7fc003b7	lui	x7,0x7fc00	  x7=0x7fc00000
        505.000 ns	        49	80000084	f00381d3	fmv.w.x	f3,x7	  x7:0x7f800000  f3=0x7fc00000
        525.000 ns	        51	80000088	800003b7	lui	x7,0x80000	  x7=0x80000000
        545.000 ns	        53	8000008c	f0038253	fmv.w.x	f4,x7	  x7:0x7fc00000  f4=0x80000000
        565.000 ns	        55	80000090	800003b7	lui	x7,0x80000	  x7=0x80000000
        585.000 ns	        57	80000094	f00382d3	fmv.w.x	f5,x7	  x7:0x80000000  f5=0x80000000
        605.000 ns	        59	80000098	7f8003b7	lui	x7,0x7f800	  x7=0x7f800000
        615.000 ns	        60	8000009c	00138393	addi	x7,x7,1	  x7:0x80000000  x7=0x7f800001
        635.000 ns	        62	800000a0	f0038353	fmv.w.x	f6,x7	  x7:0x80000000  f6=0x7f800001
        655.000 ns	        64	800000a4	7fc003b7	lui	x7,0x7fc00	  x7=0x7fc00000
        675.000 ns	        66	800000a8	f00383d3	fmv.w.x	f7,x7	  x7:0x7f800001  f7=0x7fc00000
        695.000 ns	        68	800000ac	11e7e3b7	lui	x7,0x11e7e	  x7=0x11e7e000
        705.000 ns	        69	800000b0	ca338393	addi	x7,x7,-861	  x7:0x7fc00000  x7=0x11e7dca3
        725.000 ns	        71	800000b4	f0038453	fmv.w.x	f8,x7	  x7:0x7fc00000  f8=0x11e7dca3
        745.000 ns	        73	800000b8	800003b7	lui	x7,0x80000	  x7=0x80000000
        765.000 ns	        75	800000bc	f00384d3	fmv.w.x	f9,x7	  x7:0x11e7dca3  f9=0x80000000
        785.000 ns	        77	800000c0	7fc003b7	lui	x7,0x7fc00	  x7=0x7fc00000
        805.000 ns	        79	800000c4	f0038553	fmv.w.x	f10,x7	  x7:0x80000000 f10=0x7fc00000
        825.000 ns	        81	800000c8	089173b7	lui	x7,0x8917	  x7=0x08917000
        835.000 ns	        82	800000cc	0c138393	addi	x7,x7,193	  x7:0x7fc00000  x7=0x089170c1
        855.000 ns	        84	800000d0	f00385d3	fmv.w.x	f11,x7	  x7:0x7fc00000 f11=0x089170c1
        875.000 ns	        86	800000d4	4971b3b7	lui	x7,0x4971b	  x7=0x4971b000
        885.000 ns	        87	800000d8	27a38393	addi	x7,x7,634	  x7:0x089170c1  x7=0x4971b27a
        905.000 ns	        89	800000dc	f0038653	fmv.w.x	f12,x7	  x7:0x089170c1 f12=0x4971b27a
        925.000 ns	        91	800000e0	ff8003b7	lui	x7,0xff800	  x7=0xff800000
        945.000 ns	        93	800000e4	f00386d3	fmv.w.x	f13,x7	  x7:0x4971b27a f13=0xff800000
        965.000 ns	        95	800000e8	7f8003b7	lui	x7,0x7f800	  x7=0x7f800000
        985.000 ns	        97	800000ec	f0038753	fmv.w.x	f14,x7	  x7:0xff800000 f14=0x7f800000
       1005.000 ns	        99	800000f0	7f8003b7	lui	x7,0x7f800	  x7=0x7f800000
       1015.000 ns	       100	800000f4	fff38393	addi	x7,x7,-1	  x7:0x7f800000  x7=0x7f7fffff
       1035.000 ns	       102	800000f8	f00387d3	fmv.w.x	f15,x7	  x7:0x7f800000 f15=0x7f7fffff
       1055.000 ns	       104	800000fc	ff8003b7	lui	x7,0xff800	  x7=0xff800000
       1065.000 ns	       105	80000100	fff38393	addi	x7,x7,-1	  x7:0x7f7fffff  x7=0xff7fffff
       1085.000 ns	       107	80000104	f0038853	fmv.w.x	f16,x7	  x7:0x7f7fffff f16=0xff7fffff
       1105.000 ns	       109	80000108	00000393	addi	x7,x0,0	  x0:0x00000000  x7=0x00000000
       1125.000 ns	       111	8000010c	f00388d3	fmv.w.x	f17,x7	  x7:0xff7fffff f17=0x00000000
       1145.000 ns	       113	80000110	800003b7	lui	x7,0x80000	  x7=0x80000000
       1165.000 ns	       115	80000114	f0038953	fmv.w.x	f18,x7	  x7:0x00000000 f18=0x80000000
       1185.000 ns	       117	80000118	00bb03b7	lui	x7,0xbb0	  x7=0x00bb0000
       1195.000 ns	       118	8000011c	19438393	addi	x7,x7,404	  x7:0x80000000  x7=0x00bb0194
       1215.000 ns	       120	80000120	f00389d3	fmv.w.x	f19,x7	  x7:0x80000000 f19=0x00bb0194
       1235.000 ns	       122	80000124	8025c3b7	lui	x7,0x8025c	  x7=0x8025c000
       1245.000 ns	       123	80000128	a9438393	addi	x7,x7,-1388	  x7:0x00bb0194  x7=0x8025ba94
       1265.000 ns	       125	8000012c	f0038a53	fmv.w.x	f20,x7	  x7:0x00bb0194 f20=0x8025ba94
       1285.000 ns	       127	80000130	ff8003b7	lui	x7,0xff800	  x7=0xff800000
       1295.000 ns	       128	80000134	fff38393	addi	x7,x7,-1	  x7:0x8025ba94  x7=0xff7fffff
       1315.000 ns	       130	80000138	f0038ad3	fmv.w.x	f21,x7	  x7:0x8025ba94 f21=0xff7fffff
       1335.000 ns	       132	8000013c	ff8003b7	lui	x7,0xff800	  x7=0xff800000
       1345.000 ns	       133	80000140	fff38393	addi	x7,x7,-1	  x7:0xff7fffff  x7=0xff7fffff
       1365.000 ns	       135	80000144	f0038b53	fmv.w.x	f22,x7	  x7:0xff7fffff f22=0xff7fffff
       1385.000 ns	       137	80000148	00000393	addi	x7,x0,0	  x0:0x00000000  x7=0x00000000
       1405.000 ns	       139	8000014c	f0038bd3	fmv.w.x	f23,x7	  x7:0xff7fffff f23=0x00000000
       1425.000 ns	       141	80000150	ff8003b7	lui	x7,0xff800	  x7=0xff800000
       1445.000 ns	       143	80000154	f0038c53	fmv.w.x	f24,x7	  x7:0x00000000 f24=0xff800000
       1465.000 ns	       145	80000158	caf3a3b7	lui	x7,0xcaf3a	  x7=0xcaf3a000
       1475.000 ns	       146	8000015c	e7338393	addi	x7,x7,-397	  x7:0xff800000  x7=0xcaf39e73
       1495.000 ns	       148	80000160	f0038cd3	fmv.w.x	f25,x7	  x7:0xff800000 f25=0xcaf39e73
       1515.000 ns	       150	80000164	ff8003b7	lui	x7,0xff800	  x7=0xff800000
       1525.000 ns	       151	80000168	fff38393	addi	x7,x7,-1	  x7:0xcaf39e73  x7=0xff7fffff
       1545.000 ns	       153	8000016c	f0038d53	fmv.w.x	f26,x7	  x7:0xcaf39e73 f26=0xff7fffff
       1565.000 ns	       155	80000170	ff8003b7	lui	x7,0xff800	  x7=0xff800000
       1575.000 ns	       156	80000174	fff38393	addi	x7,x7,-1	  x7:0xff7fffff  x7=0xff7fffff
       1595.000 ns	       158	80000178	f0038dd3	fmv.w.x	f27,x7	  x7:0xff7fffff f27=0xff7fffff
       1615.000 ns	       160	8000017c	807f53b7	lui	x7,0x807f5	  x7=0x807f5000
       1625.000 ns	       161	80000180	bb638393	addi	x7,x7,-1098	  x7:0xff7fffff  x7=0x807f4bb6
       1645.000 ns	       163	80000184	f0038e53	fmv.w.x	f28,x7	  x7:0xff7fffff f28=0x807f4bb6
       1665.000 ns	       165	80000188	7f8003b7	lui	x7,0x7f800	  x7=0x7f800000
       1675.000 ns	       166	8000018c	00138393	addi	x7,x7,1	  x7:0x807f4bb6  x7=0x7f800001
       1695.000 ns	       168	80000190	f0038ed3	fmv.w.x	f29,x7	  x7:0x807f4bb6 f29=0x7f800001
       1715.000 ns	       170	80000194	800003b7	lui	x7,0x80000	  x7=0x80000000
       1735.000 ns	       172	80000198	f0038f53	fmv.w.x	f30,x7	  x7:0x7f800001 f30=0x80000000
       1755.000 ns	       174	8000019c	ff8003b7	lui	x7,0xff800	  x7=0xff800000
       1775.000 ns	       176	800001a0	f0038fd3	fmv.w.x	f31,x7	  x7:0x80000000 f31=0xff800000
       1795.000 ns	       178	800001a4	0021d073	csrrwi	x0,frm,3	
       1805.000 ns	       179	800001a8	80000037	lui	x0,0x80000	
       1815.000 ns	       180	800001ac	00000013	addi	x0,x0,0	  x0:0x00000000
       1825.000 ns	       181	800001b0	00000093	addi	x1,x0,0	  x0:0x00000000  x1=0x00000000
       1835.000 ns	       182	800001b4	00000113	addi	x2,x0,0	  x0:0x00000000  x2=0x00000000
       1845.000 ns	       183	800001b8	00000193	addi	x3,x0,0	  x0:0x00000000  x3=0x00000000
       1855.000 ns	       184	800001bc	00600213	addi	x4,x0,6	  x0:0x00000000  x4=0x00000006
       1865.000 ns	       185	800001c0	ffc982b7	lui	x5,0xffc98	  x5=0xffc98000
       1875.000 ns	       186	800001c4	09b28293	addi	x5,x5,155	  x5:0xffffff14  x5=0xffc9809b
       1885.000 ns	       187	800001c8	800003b7	lui	x7,0x80000	  x7=0x80000000
       1895.000 ns	       188	800001cc	00000413	addi	x8,x0,0	  x0:0x00000000  x8=0x00000000
       1905.000 ns	       189	800001d0	00000493	addi	x9,x0,0	  x0:0x00000000  x9=0x00000000
       1915.000 ns	       190	800001d4	00f00513	addi	x10,x0,15	  x0:0x00000000 x10=0x0000000f
       1925.000 ns	       191	800001d8	f55b55b7	lui	x11,0xf55b5	 x11=0xf55b5000
       1935.000 ns	       192	800001dc	d4058593	addi	x11,x11,-704	 x11:0x00000000 x11=0xf55b4d40
       1945.000 ns	       193	800001e0	00000613	addi	x12,x0,0	  x0:0x00000000 x12=0x00000000
       1955.000 ns	       194	800001e4	d86256b7	lui	x13,0xd8625	 x13=0xd8625000
       1965.000 ns	       195	800001e8	19568693	addi	x13,x13,405	 x13:0x00000000 x13=0xd8625195
       1975.000 ns	       196	800001ec	80000737	lui	x14,0x80000	 x14=0x80000000
       1985.000 ns	       197	800001f0	00200793	addi	x15,x0,2	  x0:0x00000000 x15=0x00000002
       1995.000 ns	       198	800001f4	80000837	lui	x16,0x80000	 x16=0x80000000
       2005.000 ns	       199	800001f8	00a00893	addi	x17,x0,10	  x0:0x00000000 x17=0x0000000a
       2015.000 ns	       200	800001fc	71672937	lui	x18,0x71672	 x18=0x71672000
       2025.000 ns	       201	80000200	3f490913	addi	x18,x18,1012	 x18:0x00000000 x18=0x716723f4
       2035.000 ns	       202	80000204	00700993	addi	x19,x0,7	  x0:0x00000000 x19=0x00000007
       2045.000 ns	       203	80000208	80000a37	lui	x20,0x80000	 x20=0x80000000
       2055.000 ns	       204	8000020c	f7f73ab7	lui	x21,0xf7f73	 x21=0xf7f73000
       2065.000 ns	       205	80000210	209a8a93	addi	x21,x21,521	 x21:0x00000000 x21=0xf7f73209
       2075.000 ns	       206	80000214	ff1e3b37	lui	x22,0xff1e3	 x22=0xff1e3000
       2085.000 ns	       207	80000218	3b7b0b13	addi	x22,x22,951	 x22:0x00000000 x22=0xff1e33b7
       2095.000 ns	       208	8000021c	00000b93	addi	x23,x0,0	  x0:0x00000000 x23=0x00000000
       2105.000 ns	       209	80000220	3e393c37	lui	x24,0x3e393	 x24=0x3e393000
       2115.000 ns	       210	80000224	ae1c0c13	addi	x24,x24,-1311	 x24:0x00000000 x24=0x3e392ae1
       2125.000 ns	       211	80000228	00c00c93	addi	x25,x0,12	  x0:0x00000000 x25=0x0000000c
       2135.000 ns	       212	8000022c	00100d13	addi	x26,x0,1	  x0:0x00000000 x26=0x00000001
       2145.000 ns	       213	80000230	00000d93	addi	x27,x0,0	  x0:0x00000000 x27=0x00000000
       2155.000 ns	       214	80000234	a60e0eb7	lui	x29,0xa60e0	 x29=0xa60e0000
       2165.000 ns	       215	80000238	fbfe8e93	addi	x29,x29,-65	 x29:0x00000000 x29=0xa60dffbf
       2175.000 ns	       216	8000023c	00e00f13	addi	x30,x0,14	  x0:0x00000000 x30=0x0000000e
       2185.000 ns	       217	80000240	80000fb7	lui	x31,0x80000	 x31=0x80000000
       2195.000 ns	       218	80000244	00041e17	auipc	x28,0x41	 x28=0x80041244
       2205.000 ns	       219	80000248	da0e0e13	addi	x28,x28,-608	 x28:0x00000000 x28=0x80040fe4
       2225.000 ns	       221	8000024c	02dd1eb3	mulh	x29,x26,x13	 x26:0x00000001 x13:0xd8625195 x29=0xffffffff
       2255.000 ns	       224	80000250	0256beb3	mulhu	x29,x13,x5	 x13:0xd8625195  x5:0xffc9809b x29=0xd8344129
       2275.000 ns	       226	80000254	4cf32893	slti	x17,x6,1231	  x6:0x80041024 x17=0x00000001
       2285.000 ns	       227	80000258	86983013	sltiu	x0,x16,-1943	 x16:0x80000000
       2645.000 ns	       263	8000025c	026ce433	rem	x8,x25,x6	 x25:0x0000000c  x6:0x80041024  x8=0x0000000c
       2665.000 ns	       265	80000260	9e5ca497	auipc	x9,0x9e5ca	  x9=0x1e5ca260
       2695.000 ns	       268	80000264	5802b753	fsqrt.s	f14,f5	  f5:0x80000000 f14=0x80000000
       2735.000 ns	       272	80000268	11d17653	fmul.s	f12,f2,f29	  f2:0x7f800000 f29:0x7f800001 f12=0x7fc00000
       2755.000 ns	       274	8000026c	416101b3	sub	x3,x2,x22	  x2:0x00000000 x22:0xff1e33b7  x3=0x00e1cc49
       2775.000 ns	       276	80000270	03ac92b3	mulh	x5,x25,x26	 x25:0x0000000c x26:0x00000001  x5=0x00000000
       2795.000 ns	       278	80000274	01eaefb3	or	x31,x21,x30	 x21:0xf7f73209 x30:0x0000000e x31=0xf7f7320f
       2815.000 ns	       280	80000278	02c2c8b3	div	x17,x5,x12	  x5:0x00000000 x12:0x00000000 x17=0xffffffff
       2835.000 ns	       282	8000027c	01d61f33	sll	x30,x12,x29	 x12:0x00000000 x29:0xd8344129 x30=0x00000000
       2855.000 ns	       284	80000280	a12bac53	feq.s	x24,f23,f18	 f23:0x00000000 f18:0x80000000 x24=0x00000001
       2885.000 ns	       287	80000284	a1e70953	fle.s	x18,f14,f30	 f14:0x80000000 f30:0x80000000 x18=0x00000001
       2915.000 ns	       290	80000288	f0050c53	fmv.w.x	f24,x10	 x10:0x0000000f f24=0x0000000f
       2945.000 ns	       293	8000028c	28dc9a53	fmax.s	f20,f25,f13	 f25:0xcaf39e73 f13:0xff800000 f20=0xcaf39e73
       2975.000 ns	       296	80000290	a19ea953	feq.s	x18,f29,f25	 f29:0x7f800001 f25:0xcaf39e73 x18=0x00000000
       2995.000 ns	       298	80000294	87822897	auipc	x17,0x87822	 x17=0x07822294
       3025.000 ns	       301	80000298	580c9d53	fsqrt.s	f26,f25	 f25:0xcaf39e73 f26=0x7fc00000
       3065.000 ns	       305	8000029c	182bcdd3	fdiv.s	f27,f23,f2	 f23:0x00000000  f2:0x7f800000 f27=0x00000000
       3095.000 ns	       308	800002a0	e00c84d3	fmv.x.w	x9,f25	 f25:0xcaf39e73  x9=0xcaf39e73
       3115.000 ns	       310	800002a4	e93a7093	andi	x1,x20,-365	 x20:0x80000000  x1=0x80000000
       3125.000 ns	       311	800002a8	01a41893	slli	x17,x8,0x1a	  x8:0x0000000c x17=0x30000000
       3155.000 ns	       314	800002ac	58077bd3	fsqrt.s	f23,f14	 f14:0x80000000 f23=0x80000000
       3185.000 ns	       317	800002b0	03cd05b3	mul	x11,x26,x28	 x26:0x00000001 x28:0x80040fe4 x11=0x80040fe4
       3205.000 ns	       319	800002b4	01909193	slli	x3,x1,0x19	  x1:0x80000000  x3=0x00000000
       3225.000 ns	       321	800002b8	a14caa53	feq.s	x20,f25,f20	 f25:0xcaf39e73 f20:0xcaf39e73 x20=0x00000001
       3255.000 ns	       324	800002bc	210e9253	fsgnjn.s	f4,f29,f16	 f29:0x7f800001 f16:0xff7fffff  f4=0x7f800001
       3285.000 ns	       327	800002c0	03e46533	rem	x10,x8,x30	  x8:0x0000000c x30:0x00000000 x10=0x0000000c
       3315.000 ns	       330	800002c4	f0028a53	fmv.w.x	f20,x5	  x5:0x00000000 f20=0x00000000
       3335.000 ns	       332	800002c8	007870b3	and	x1,x16,x7	 x16:0x80000000  x7:0x80000000  x1=0x80000000
       3355.000 ns	       334	800002cc	f00f8c53	fmv.w.x	f24,x31	 x31:0xf7f7320f f24=0xf7f7320f
       3395.000 ns	       338	800002d0	580bcf53	fsqrt.s	f30,f23	 f23:0x80000000 f30=0x80000000
       3425.000 ns	       341	800002d4	a12915d3	flt.s	x11,f18,f18	 f18:0x80000000 f18:0x80000000 x11=0x00000000
       3445.000 ns	       343	800002d8	ab53ea13	ori	x20,x7,-1355	  x7:0x80000000 x20=0xfffffab5
       3465.000 ns	       345	800002dc	21e1ab53	fsgnjx.s	f22,f3,f30	  f3:0x7fc00000 f30:0x80000000 f22=0xffc00000
       3485.000 ns	       347	800002e0	00000013	addi	x0,x0,0	  x0:0x00000000
       3505.000 ns	       349	800002e4	290f90d3	fmax.s	f1,f31,f16	 f31:0xff800000 f16:0xff7fffff  f1=0xff7fffff
       3535.000 ns	       352	800002e8	c003fa53	fcvt.w.s	x20,f7	  f7:0x7fc00000 x20=0x7fffffff
       3555.000 ns	       354	800002ec	00f2dab3	srl	x21,x5,x15	  x5:0x00000000 x15:0x00000002 x21=0x00000000
       3565.000 ns	       355	800002f0	e00bbb13	sltiu	x22,x23,-512	 x23:0x00000000 x22=0x00000001
       3575.000 ns	       356	800002f4	00000013	addi	x0,x0,0	  x0:0x00000000
       3595.000 ns	       358	800002f8	e00303d3	fmv.x.w	x7,f6	  f6:0x7f800001  x7=0x7f800001
       3645.000 ns	       363	800002fc	087970d3	fsub.s	f1,f18,f7	 f18:0x80000000  f7:0x7fc00000  f1=0x7fc00000
       3695.000 ns	       368	80000300	00fe0653	fadd.s	f12,f28,f15	 f28:0x807f4bb6 f15:0x7f7fffff f12=0x7f7fffff
       3725.000 ns	       371	80000304	d018fbd3	fcvt.s.wu	f23,x17	 x17:0x30000000 f23=0x4e400000
       3745.000 ns	       373	80000308	004d3cb3	sltu	x25,x26,x4	 x26:0x00000001  x4:0x00000006 x25=0x00000001
       3765.000 ns	       375	8000030c	21bf2953	fsgnjx.s	f18,f30,f27	 f30:0x80000000 f27:0x00000000 f18=0x80000000
       3795.000 ns	       378	80000310	20e89553	fsgnjn.s	f10,f17,f14	 f17:0x00000000 f14:0x80000000 f10=0x00000000
       3825.000 ns	       381	80000314	21b50953	fsgnj.s	f18,f10,f27	 f10:0x7fc00000 f27:0x00000000 f18=0x00000000
       3865.000 ns	       385	80000318	1148f9d3	fmul.s	f19,f17,f20	 f17:0x00000000 f20:0x00000000 f19=0x00000000
       3895.000 ns	       388	8000031c	f00803d3	fmv.w.x	f7,x16	 x16:0x80000000  f7=0x80000000
       4265.000 ns	       425	80000320	03faf233	remu	x4,x21,x31	 x21:0x00000000 x31:0xf7f7320f  x4=0x00000000
       4295.000 ns	       428	80000324	a15a20d3	feq.s	x1,f20,f21	 f20:0x00000000 f21:0xff7fffff  x1=0x00000000
       4315.000 ns	       430	80000328	01598733	add	x14,x19,x21	 x19:0x00000007 x21:0x00000000 x14=0x00000007
       4325.000 ns	       431	8000032c	810df037	lui	x0,0x810df	
       4345.000 ns	       433	80000330	a1f01cd3	flt.s	x25,f0,f31	  f0:0x0037dabd f31:0xff800000 x25=0x00000000
       4365.000 ns	       435	80000334	009403b3	add	x7,x8,x9	  x8:0x0000000c  x9:0xcaf39e73  x7=0xcaf39e7f
       4395.000 ns	       438	80000338	193dfc53	fdiv.s	f24,f27,f19	 f27:0x00000000 f19:0x00000000 f24=0x7fc00000
       4445.000 ns	       443	8000033c	09077353	fsub.s	f6,f14,f16	 f14:0x80000000 f16:0xff7fffff  f6=0x7f7fffff
       4465.000 ns	       445	80000340	fb107393	andi	x7,x0,-79	  x0:0x00000000  x7=0x00000000
       4475.000 ns	       446	80000344	00a42833	slt	x16,x8,x10	  x8:0x0000000c x10:0x0000000c x16=0x00000000
       4485.000 ns	       447	80000348	005eb633	sltu	x12,x29,x5	 x29:0xd8344129  x5:0x00000000 x12=0x00000000
       4495.000 ns	       448	8000034c	0132b9b3	sltu	x19,x5,x19	  x5:0x00000000 x19:0x00000007 x19=0x00000001
       4525.000 ns	       451	80000350	580775d3	fsqrt.s	f11,f14	 f14:0x80000000 f11=0x80000000
       4545.000 ns	       453	80000354	d1affb13	andi	x22,x31,-742	 x31:0xf7f7320f x22=0xf7f7300a
       4565.000 ns	       455	80000358	d017fb53	fcvt.s.wu	f22,x15	 x15:0x00000002 f22=0x40000000
       4585.000 ns	       457	8000035c	18c34893	xori	x17,x6,396	  x6:0x80041024 x17=0x800411a8
       4605.000 ns	       459	80000360	c00cc8d3	fcvt.w.s	x17,f25	 f25:0xcaf39e73 x17=0xff8630c6
       4625.000 ns	       461	80000364	a3e356b7	lui	x13,0xa3e35	 x13=0xa3e35000
       4645.000 ns	       463	80000368	02cfab33	mulhsu	x22,x31,x12	 x31:0xf7f7320f x12:0x00000000 x22=0x00000000
       4675.000 ns	       466	8000036c	a13e23d3	feq.s	x7,f28,f19	 f28:0x807f4bb6 f19:0x00000000  x7=0x00000000
       4705.000 ns	       469	80000370	c00b3f53	fcvt.w.s	x30,f22	 f22:0x40000000 x30=0x00000002
       4745.000 ns	       473	80000374	194002d3	fdiv.s	f5,f0,f20	  f0:0x0037dabd f20:0x00000000  f5=0x7f800000
       4775.000 ns	       476	80000378	029cb5b3	mulhu	x11,x25,x9	 x25:0x00000000  x9:0xcaf39e73 x11=0x00000000
       4805.000 ns	       479	8000037c	03bff933	remu	x18,x31,x27	 x31:0xf7f7320f x27:0x00000000 x18=0xf7f7320f
       4835.000 ns	       482	80000380	29199a53	fmax.s	f20,f19,f17	 f19:0x00000000 f17:0x00000000 f20=0x00000000
       4855.000 ns	       484	80000384	55f36f93	ori	x31,x6,1375	  x6:0x80041024 x31=0x8004157f
       4895.000 ns	       488	80000388	01b97153	fadd.s	f2,f18,f27	 f18:0x00000000 f27:0x00000000  f2=0x00000000
       4915.000 ns	       490	8000038c	7ca04f93	xori	x31,x0,1994	  x0:0x00000000 x31=0x000007ca
       4935.000 ns	       492	80000390	032782b3	mul	x5,x15,x18	 x15:0x00000002 x18:0xf7f7320f  x5=0xefee641e
       4955.000 ns	       494	80000394	89f80f13	addi	x30,x16,-1889	 x16:0x00000000 x30=0xfffff89f
       4975.000 ns	       496	80000398	03701db3	mulh	x27,x0,x23	  x0:0x00000000 x23:0x00000000 x27=0x00000000
       4995.000 ns	       498	8000039c	af12d897	auipc	x17,0xaf12d	 x17=0x2f12d39c
       5015.000 ns	       500	800003a0	02bde3b3	rem	x7,x27,x11	 x27:0x00000000 x11:0x00000000  x7=0x00000000
       5385.000 ns	       537	800003a4	032b4733	div	x14,x22,x18	 x22:0x00000000 x18:0xf7f7320f x14=0x00000000
       5405.000 ns	       539	800003a8	c7a2e513	ori	x10,x5,-902	  x5:0xefee641e x10=0xfffffc7e
       5415.000 ns	       540	800003ac	009dd3b3	srl	x7,x27,x9	 x27:0x00000000  x9:0xcaf39e73  x7=0x00000000
       5435.000 ns	       542	800003b0	21cba253	fsgnjx.s	f4,f23,f28	 f23:0x4e400000 f28:0x807f4bb6  f4=0xce400000
       5465.000 ns	       545	800003b4	28770653	fmin.s	f12,f14,f7	 f14:0x80000000  f7:0x80000000 f12=0x80000000
       5485.000 ns	       547	800003b8	00000013	addi	x0,x0,0	  x0:0x00000000
       5495.000 ns	       548	800003bc	007b49b3	xor	x19,x22,x7	 x22:0x00000000  x7:0x00000000 x19=0x00000000
       5515.000 ns	       550	800003c0	2092af53	fsgnjx.s	f30,f5,f9	  f5:0x7f800000  f9:0x80000000 f30=0xff800000
       5545.000 ns	       553	800003c4	a1238bd3	fle.s	x23,f7,f18	  f7:0x80000000 f18:0x00000000 x23=0x00000001
       5575.000 ns	       556	800003c8	a17224d3	feq.s	x9,f4,f23	  f4:0xce400000 f23:0x4e400000  x9=0x00000000
       5605.000 ns	       559	800003cc	02582fb3	mulhsu	x31,x16,x5	 x16:0x00000000  x5:0xefee641e x31=0x00000000
       5625.000 ns	       561	800003d0	8c3f2a37	lui	x20,0x8c3f2	 x20=0x8c3f2000
       5645.000 ns	       563	800003d4	d003c553	fcvt.s.w	f10,x7	  x7:0x00000000 f10=0x00000000
       5675.000 ns	       566	800003d8	20338c53	fsgnj.s	f24,f7,f3	  f7:0x80000000  f3:0x7fc00000 f24=0x00000000
       5695.000 ns	       568	800003dc	40235733	sra	x14,x6,x2	  x6:0x80041024  x2:0x00000000 x14=0x80041024
       5715.000 ns	       570	800003e0	21052c53	fsgnjx.s	f24,f10,f16	 f10:0x00000000 f16:0xff7fffff f24=0x80000000
       5745.000 ns	       573	800003e4	c00e7853	fcvt.w.s	x16,f28	 f28:0x807f4bb6 x16=0x00000000
       5775.000 ns	       576	800003e8	03959533	mulh	x10,x11,x25	 x11:0x00000000 x25:0x00000000 x10=0x00000000
       5805.000 ns	       579	800003ec	21b794d3	fsgnjn.s	f9,f15,f27	 f15:0x7f7fffff f27:0x00000000  f9=0xff7fffff
       5835.000 ns	       582	800003f0	d009f8d3	fcvt.s.w	f17,x19	 x19:0x00000000 f17=0x00000000
       5875.000 ns	       586	800003f4	580efad3	fsqrt.s	f21,f29	 f29:0x7f800001 f21=0x7fc00000
       5905.000 ns	       589	800003f8	c00249d3	fcvt.w.s	x19,f4	  f4:0xce400000 x19=0xd0000000
       5935.000 ns	       592	800003fc	020b72b3	remu	x5,x22,x0	 x22:0x00000000  x0:0x00000000  x5=0x00000000
       5965.000 ns	       595	80000400	29e91153	fmax.s	f2,f18,f30	 f18:0x00000000 f30:0xff800000  f2=0x00000000
       5995.000 ns	       598	80000404	03de1ab3	mulh	x21,x28,x29	 x28:0x80040fe4 x29:0xd8344129 x21=0x13e53dc4
       6015.000 ns	       600	80000408	fe0a2993	slti	x19,x20,-32	 x20:0x8c3f2000 x19=0x00000001
       6035.000 ns	       602	8000040c	03be43b3	div	x7,x28,x27	 x28:0x80040fe4 x27:0x00000000  x7=0xffffffff
       6065.000 ns	       605	80000410	03352833	mulhsu	x16,x10,x19	 x10:0x00000000 x19:0xd0000000 x16=0x00000000
       6085.000 ns	       607	80000414	418a2293	slti	x5,x20,1048	 x20:0x8c3f2000  x5=0x00000001
       6105.000 ns	       609	80000418	e00b9053	fclass.s	x0,f23	 f23:0x4e400000
       6125.000 ns	       611	8000041c	011befb3	or	x31,x23,x17	 x23:0x00000001 x17:0x2f12d39c x31=0x2f12d39d
       6145.000 ns	       613	80000420	20c79d53	fsgnjn.s	f26,f15,f12	 f15:0x7f7fffff f12:0x80000000 f26=0x7f7fffff
       6195.000 ns	       618	80000424	0914f8d3	fsub.s	f17,f9,f17	  f9:0xff7fffff f17:0x00000000 f17=0xff7fffff
       6225.000 ns	       621	80000428	d00ab653	fcvt.s.w	f12,x21	 x21:0x13e53dc4 f12=0x4d9f29ef
       6255.000 ns	       624	8000042c	035a33b3	mulhu	x7,x20,x21	 x20:0x8c3f2000 x21:0x13e53dc4  x7=0x0ae645ae
       6285.000 ns	       627	80000430	28421f53	fmax.s	f30,f4,f4	  f4:0xce400000  f4:0xce400000 f30=0xce400000
       6315.000 ns	       630	80000434	28f41ad3	fmax.s	f21,f8,f15	  f8:0x11e7dca3 f15:0x7f7fffff f21=0x7f7fffff
       6335.000 ns	       632	80000438	01927433	and	x8,x4,x25	  x4:0x00000000 x25:0x00000000  x8=0x00000000
       6345.000 ns	       633	8000043c	00c1aeb3	slt	x29,x3,x12	  x3:0x00000000 x12:0x00000000 x29=0x00000000
       6365.000 ns	       635	80000440	03779633	mulh	x12,x15,x23	 x15:0x00000002 x23:0x00000001 x12=0x00000000
       6385.000 ns	       637	80000444	40890433	sub	x8,x18,x8	 x18:0xf7f7320f  x8:0x00000000  x8=0xf7f7320f
       6395.000 ns	       638	80000448	00b0c4b3	xor	x9,x1,x11	  x1:0x00000000 x11:0x00000000  x9=0x00000000
       6405.000 ns	       639	8000044c	00391633	sll	x12,x18,x3	 x18:0xf7f7320f  x3:0x00000000 x12=0xf7f7320f
       6435.000 ns	       642	80000450	580f3453	fsqrt.s	f8,f30	 f30:0xce400000  f8=0x7fc00000
       6455.000 ns	       644	80000454	01f223b3	slt	x7,x4,x31	  x4:0x00000000 x31:0x2f12d39d  x7=0x00000001
       6475.000 ns	       646	80000458	03d1efb3	rem	x31,x3,x29	  x3:0x00000000 x29:0x00000000 x31=0x00000000
       6505.000 ns	       649	8000045c	03909d33	mulh	x26,x1,x25	  x1:0x00000000 x25:0x00000000 x26=0x00000000
       6535.000 ns	       652	80000460	d008ced3	fcvt.s.w	f29,x17	 x17:0x2f12d39c f29=0x4e3c4b4e
       6555.000 ns	       654	80000464	54be3293	sltiu	x5,x28,1355	 x28:0x80040fe4  x5=0x00000000
       6575.000 ns	       656	80000468	a0cb91d3	flt.s	x3,f23,f12	 f23:0x4e400000 f12:0x4d9f29ef  x3=0x00000000
       6605.000 ns	       659	8000046c	2148a153	fsgnjx.s	f2,f17,f20	 f17:0xff7fffff f20:0x00000000  f2=0xff7fffff
       6625.000 ns	       661	80000470	41045e93	srai	x29,x8,0x10	  x8:0xf7f7320f x29=0xfffff7f7
       6635.000 ns	       662	80000474	01f0cf33	xor	x30,x1,x31	  x1:0x00000000 x31:0x00000000 x30=0x00000000
       6655.000 ns	       664	80000478	039d2033	mulhsu	x0,x26,x25	 x26:0x00000000 x25:0x00000000
       6675.000 ns	       666	8000047c	00c1d113	srli	x2,x3,0xc	  x3:0x00000000  x2=0x00000000
       6695.000 ns	       668	80000480	a158a2d3	feq.s	x5,f17,f21	 f17:0xff7fffff f21:0x7f7fffff  x5=0x00000000
       6715.000 ns	       670	80000484	61dacb93	xori	x23,x21,1565	 x21:0x13e53dc4 x23=0x13e53bd9
       6725.000 ns	       671	80000488	002b2b33	slt	x22,x22,x2	 x22:0x00000000  x2:0x00000000 x22=0x00000000
       6735.000 ns	       672	8000048c	4b0c0013	addi	x0,x24,1200	 x24:0x00000001
       6755.000 ns	       674	80000490	02a6afb3	mulhsu	x31,x13,x10	 x13:0xa3e35000 x10:0x00000000 x31=0x00000000
       6775.000 ns	       676	80000494	01149693	slli	x13,x9,0x11	  x9:0x00000000 x13=0x00000000
       6795.000 ns	       678	80000498	29a39953	fmax.s	f18,f7,f26	  f7:0x80000000 f26:0x7f7fffff f18=0x7f7fffff
       6815.000 ns	       680	8000049c	549c6413	ori	x8,x24,1353	 x24:0x00000001  x8=0x00000549
       6825.000 ns	       681	800004a0	014f56b3	srl	x13,x30,x20	 x30:0x00000000 x20:0x8c3f2000 x13=0x00000000
       6835.000 ns	       682	800004a4	01a574b3	and	x9,x10,x26	 x10:0x00000000 x26:0x00000000  x9=0x00000000
       6845.000 ns	       683	800004a8	00a68db3	add	x27,x13,x10	 x13:0x00000000 x10:0x00000000 x27=0x00000000
       6865.000 ns	       685	800004ac	c010f753	fcvt.wu.s	x14,f1	  f1:0x7fc00000 x14=0xffffffff
       6895.000 ns	       688	800004b0	020e16b3	mulh	x13,x28,x0	 x28:0x80040fe4  x0:0x00000000 x13=0x00000000
       6925.000 ns	       691	800004b4	21522ad3	fsgnjx.s	f21,f4,f21	  f4:0xce400000 f21:0x7f7fffff f21=0xce400000
       6945.000 ns	       693	800004b8	bf8c1217	auipc	x4,0xbf8c1	  x4=0x3f8c14b8
       6965.000 ns	       695	800004bc	21632753	fsgnjx.s	f14,f6,f22	  f6:0x7f7fffff f22:0x40000000 f14=0x7f7fffff
       6995.000 ns	       698	800004c0	02499cb3	mulh	x25,x19,x4	 x19:0x00000001  x4:0x00000000 x25=0x00000000
       7045.000 ns	       703	800004c4	00cc0453	fadd.s	f8,f24,f12	 f24:0x80000000 f12:0x4d9f29ef  f8=0x4d9f29ef
       7075.000 ns	       706	800004c8	28d68653	fmin.s	f12,f13,f13	 f13:0xff800000 f13:0xff800000 f12=0xff800000
       7115.000 ns	       710	800004cc	5806f1d3	fsqrt.s	f3,f13	 f13:0xff800000  f3=0x7fc00000
       7145.000 ns	       713	800004d0	c00d4b53	fcvt.w.s	x22,f26	 f26:0x7f7fffff x22=0x7fffffff
       7175.000 ns	       716	800004d4	28900bd3	fmin.s	f23,f0,f9	  f0:0x0037dabd  f9:0xff7fffff f23=0xff7fffff
       7205.000 ns	       719	800004d8	d01f95d3	fcvt.s.wu	f11,x31	 x31:0x00000000 f11=0x00000000
       7235.000 ns	       722	800004dc	03ae90b3	mulh	x1,x29,x26	 x29:0xfffff7f7 x26:0x00000000  x1=0x00000000
       7255.000 ns	       724	800004e0	01cd89b3	add	x19,x27,x28	 x27:0x00000000 x28:0x80040fe4 x19=0x80040fe4
       7265.000 ns	       725	800004e4	97eca913	slti	x18,x25,-1666	 x25:0x00000000 x18=0x00000000
       7285.000 ns	       727	800004e8	281d9153	fmax.s	f2,f27,f1	 f27:0x00000000  f1:0x7fc00000  f2=0x00000000
       7305.000 ns	       729	800004ec	4174d893	srai	x17,x9,0x17	  x9:0x00000000 x17=0x00000000
       7325.000 ns	       731	800004f0	e00f0953	fmv.x.w	x18,f30	 f30:0xce400000 x18=0xce400000
       7355.000 ns	       734	800004f4	f0038dd3	fmv.w.x	f27,x7	  x7:0x00000001 f27=0x00000001
       7375.000 ns	       736	800004f8	00e6d5b3	srl	x11,x13,x14	 x13:0x00000000 x14:0xffffffff x11=0x00000000
       7395.000 ns	       738	800004fc	a141aad3	feq.s	x21,f3,f20	  f3:0x7fc00000 f20:0x00000000 x21=0x00000000
       7415.000 ns	       740	80000500	414fdfb3	sra	x31,x31,x20	 x31:0x00000000 x20:0x8c3f2000 x31=0x00000000
       7435.000 ns	       742	80000504	031ae633	rem	x12,x21,x17	 x21:0x00000000 x17:0x00000000 x12=0x00000000
       7455.000 ns	       744	80000508	0d02f093	andi	x1,x5,208	  x5:0x00000000  x1=0x00000000
       7465.000 ns	       745	8000050c	82dfbf93	sltiu	x31,x31,-2003	 x31:0x00000000 x31=0x00000001
       7485.000 ns	       747	80000510	c00ff953	fcvt.w.s	x18,f31	 f31:0xff800000 x18=0x80000000
       8665.000 ns	       865	80000514	58079153	fsqrt.s	f2,f15	 f15:0x7f7fffff  f2=0x5f350461
       8695.000 ns	       868	80000518	20462153	fsgnjx.s	f2,f12,f4	 f12:0xff800000  f4:0xce400000  f2=0x7f800000
       8725.000 ns	       871	8000051c	d017b8d3	fcvt.s.wu	f17,x15	 x15:0x00000002 f17=0x40000000
       8745.000 ns	       873	80000520	0d8e0213	addi	x4,x28,216	 x28:0x80040fe4  x4=0x800410bc
       8765.000 ns	       875	80000524	e00e93d3	fclass.s	x7,f29	 f29:0x4e3c4b4e  x7=0x00000040
       8785.000 ns	       877	80000528	002f50b3	srl	x1,x30,x2	 x30:0x00000000  x2:0x00000000  x1=0x00000000
       8815.000 ns	       880	8000052c	1985f053	fdiv.s	f0,f11,f24	 f11:0x00000000 f24:0x80000000  f0=0x7fc00000
       8845.000 ns	       883	80000530	02ac4433	div	x8,x24,x10	 x24:0x00000001 x10:0x00000000  x8=0xffffffff
       8875.000 ns	       886	80000534	c00d7f53	fcvt.w.s	x30,f26	 f26:0x7f7fffff x30=0x7fffffff
       8905.000 ns	       889	80000538	f00a0f53	fmv.w.x	f30,x20	 x20:0x8c3f2000 f30=0x8c3f2000
       8925.000 ns	       891	8000053c	403dd913	srai	x18,x27,0x3	 x27:0x00000000 x18=0x00000000
       8945.000 ns	       893	80000540	201fa553	fsgnjx.s	f10,f31,f1	 f31:0xff800000  f1:0x7fc00000 f10=0xff800000
       8975.000 ns	       896	80000544	c0047fd3	fcvt.w.s	x31,f8	  f8:0x4d9f29ef x31=0x13e53de0
       9345.000 ns	       933	80000548	03e656b3	divu	x13,x12,x30	 x12:0x00000000 x30:0x7fffffff x13=0x00000000
       9375.000 ns	       936	8000054c	c01dff53	fcvt.wu.s	x30,f27	 f27:0x00000001 x30=0x00000000
       9395.000 ns	       938	80000550	16841ab7	lui	x21,0x16841	 x21=0x16841000
       9415.000 ns	       940	80000554	a0ff9453	flt.s	x8,f31,f15	 f31:0xff800000 f15:0x7f7fffff  x8=0x00000001
       9435.000 ns	       942	80000558	0197b4b3	sltu	x9,x15,x25	 x15:0x00000002 x25:0x00000000  x9=0x00000000
       9445.000 ns	       943	8000055c	016d56b3	srl	x13,x26,x22	 x26:0x00000000 x22:0x7fffffff x13=0x00000000
       9465.000 ns	       945	80000560	02a769b3	rem	x19,x14,x10	 x14:0xffffffff x10:0x00000000 x19=0xffffffff
       9495.000 ns	       948	80000564	a040ac53	feq.s	x24,f1,f4	  f1:0x7fc00000  f4:0xce400000 x24=0x00000000
       9515.000 ns	       950	80000568	e4547437	lui	x8,0xe4547	  x8=0xe4547000
       9535.000 ns	       952	8000056c	0228f4b3	remu	x9,x17,x2	 x17:0x00000000  x2:0x00000000  x9=0x00000000
       9555.000 ns	       954	80000570	f7bf0997	auipc	x19,0xf7bf0	 x19=0x77bf0570
       9565.000 ns	       955	80000574	c65c3c13	sltiu	x24,x24,-923	 x24:0x00000000 x24=0x00000001
       9575.000 ns	       956	80000578	00cbd1b3	srl	x3,x23,x12	 x23:0x13e53bd9 x12:0x00000000  x3=0x13e53bd9
       9615.000 ns	       960	8000057c	08060853	fsub.s	f16,f12,f0	 f12:0xff800000  f0:0x7fc00000 f16=0x7fc00000
       9645.000 ns	       963	80000580	027e3933	mulhu	x18,x28,x7	 x28:0x80040fe4  x7:0x00000040 x18=0x00000020
       9665.000 ns	       965	80000584	00343733	sltu	x14,x8,x3	  x8:0xe4547000  x3:0x13e53bd9 x14=0x00000000
       9685.000 ns	       967	80000588	03e4d1b3	divu	x3,x9,x30	  x9:0x00000000 x30:0x00000000  x3=0xffffffff
       9715.000 ns	       970	8000058c	d0127e53	fcvt.s.wu	f28,x4	  x4:0x800410bc f28=0x4f000410
       9745.000 ns	       973	80000590	28130a53	fmin.s	f20,f6,f1	  f6:0x7f7fffff  f1:0x7fc00000 f20=0x7f7fffff
       9765.000 ns	       975	80000594	00d12f33	slt	x30,x2,x13	  x2:0x00000000 x13:0x00000000 x30=0x00000000
       9805.000 ns	       979	80000598	00f92dd3	fadd.s	f27,f18,f15	 f18:0x7f7fffff f15:0x7f7fffff f27=0x7f800000
       9825.000 ns	       981	8000059c	f77c0b93	addi	x23,x24,-137	 x24:0x00000001 x23=0xffffff78
       9845.000 ns	       983	800005a0	020986b3	mul	x13,x19,x0	 x19:0x77bf0570  x0:0x00000000 x13=0x00000000
       9865.000 ns	       985	800005a4	001190b3	sll	x1,x3,x1	  x3:0xffffffff  x1:0x00000000  x1=0xffffffff
       9905.000 ns	       989	800005a8	08218ad3	fsub.s	f21,f3,f2	  f3:0x7fc00000  f2:0x7f800000 f21=0x7fc00000
       9935.000 ns	       992	800005ac	02c45433	divu	x8,x8,x12	  x8:0xe4547000 x12:0x00000000  x8=0xffffffff
       9965.000 ns	       995	800005b0	296d1ad3	fmax.s	f21,f26,f22	 f26:0x7f7fffff f22:0x40000000 f21=0x7f7fffff
       9995.000 ns	       998	800005b4	e00d05d3	fmv.x.w	x11,f26	 f26:0x7f7fffff x11=0x7f7fffff
      10025.000 ns	      1001	800005b8	c00f8b53	fcvt.w.s	x22,f31	 f31:0xff800000 x22=0x80000000
      10045.000 ns	      1003	800005bc	0150c233	xor	x4,x1,x21	  x1:0xffffffff x21:0x16841000  x4=0xe97befff
      10065.000 ns	      1005	800005c0	f0050353	fmv.w.x	f6,x10	 x10:0x00000000  f6=0x00000000
      10085.000 ns	      1007	800005c4	b7491997	auipc	x19,0xb7491	 x19=0x374915c4
      10095.000 ns	      1008	800005c8	3a415f17	auipc	x30,0x3a415	 x30=0xba4155c8
      10105.000 ns	      1009	800005cc	00a6e533	or	x10,x13,x10	 x13:0x00000000 x10:0x00000000 x10=0x00000000
      10125.000 ns	      1011	800005d0	e0098dd3	fmv.x.w	x27,f19	 f19:0x00000000 x27=0x00000000
      10145.000 ns	      1013	800005d4	01989bb3	sll	x23,x17,x25	 x17:0x00000000 x25:0x00000000 x23=0x00000000
      10155.000 ns	      1014	800005d8	aef97d13	andi	x26,x18,-1297	 x18:0x00000020 x26=0x00000020
      10165.000 ns	      1015	800005dc	41a0d013	srai	x0,x1,0x1a	  x1:0xffffffff
      10175.000 ns	      1016	800005e0	ebdf0993	addi	x19,x30,-323	 x30:0xba4155c8 x19=0xba415485
      10195.000 ns	      1018	800005e4	a1dc9ed3	flt.s	x29,f25,f29	 f25:0xcaf39e73 f29:0x4e3c4b4e x29=0x00000001
      10215.000 ns	      1020	800005e8	01119013	slli	x0,x3,0x11	  x3:0xffffffff
      10225.000 ns	      1021	800005ec	93b23b97	auipc	x23,0x93b23	 x23=0x13b235ec
      10235.000 ns	      1022	800005f0	018dbc33	sltu	x24,x27,x24	 x27:0x00000000 x24:0x00000001 x24=0x00000001
      10255.000 ns	      1024	800005f4	c0159053	fcvt.wu.s	x0,f11	 f11:0x00000000
      10275.000 ns	      1026	800005f8	00cfc8b3	xor	x17,x31,x12	 x31:0x13e53de0 x12:0x00000000 x17=0x13e53de0
      10285.000 ns	      1027	800005fc	2e638d13	addi	x26,x7,742	  x7:0x00000040 x26=0x00000326
      10305.000 ns	      1029	80000600	c00cb853	fcvt.w.s	x16,f25	 f25:0xcaf39e73 x16=0xff8630c7
      10335.000 ns	      1032	80000604	a15f1653	flt.s	x12,f30,f21	 f30:0x8c3f2000 f21:0x7f7fffff x12=0x00000001
      10365.000 ns	      1035	80000608	03b99b33	mulh	x22,x19,x27	 x19:0xba415485 x27:0x00000000 x22=0x00000000
      10385.000 ns	      1037	8000060c	002a5693	srli	x13,x20,0x2	 x20:0x8c3f2000 x13=0x230fc800
      10395.000 ns	      1038	80000610	00649193	slli	x3,x9,0x6	  x9:0x00000000  x3=0x00000000
      10405.000 ns	      1039	80000614	00119e93	slli	x29,x3,0x1	  x3:0xffffffff x29=0x00000000
      10425.000 ns	      1041	80000618	c00792d3	fcvt.w.s	x5,f15	 f15:0x7f7fffff  x5=0x7fffffff
      10445.000 ns	      1043	8000061c	f8933b13	sltiu	x22,x6,-119	  x6:0x80041024 x22=0x00000001
      10455.000 ns	      1044	80000620	60d53217	auipc	x4,0x60d53	  x4=0xe0d53620
      10475.000 ns	      1046	80000624	a13aaa53	feq.s	x20,f21,f19	 f21:0x7f7fffff f19:0x00000000 x20=0x00000000
      10505.000 ns	      1049	80000628	02aae1b3	rem	x3,x21,x10	 x21:0x16841000 x10:0x00000000  x3=0x16841000
      10525.000 ns	      1051	8000062c	0005e4b3	or	x9,x11,x0	 x11:0x7f7fffff  x0:0x00000000  x9=0x7f7fffff
      10555.000 ns	      1054	80000630	199ffdd3	fdiv.s	f27,f31,f25	 f31:0xff800000 f25:0xcaf39e73 f27=0x7f800000
      10585.000 ns	      1057	80000634	0336bdb3	mulhu	x27,x13,x19	 x13:0x230fc800 x19:0xba415485 x27=0x198269e5
      10605.000 ns	      1059	80000638	00f70cb3	add	x25,x14,x15	 x14:0x00000000 x15:0x00000002 x25=0x00000002
      10625.000 ns	      1061	8000063c	a0049a53	flt.s	x20,f9,f0	  f9:0xff7fffff  f0:0x7fc00000 x20=0x00000000
      10645.000 ns	      1063	80000640	4144df33	sra	x30,x9,x20	  x9:0x7f7fffff x20:0x00000000 x30=0x7f7fffff
      11005.000 ns	      1099	80000644	030354b3	divu	x9,x6,x16	  x6:0x80041024 x16:0xff8630c7  x9=0x00000000
      11025.000 ns	      1101	80000648	013724b3	slt	x9,x14,x19	 x14:0x00000000 x19:0xba415485  x9=0x00000000
      11035.000 ns	      1102	8000064c	ba5cad13	slti	x26,x25,-1115	 x25:0x00000002 x26=0x00000000
      11365.000 ns	      1135	80000650	19dca553	fdiv.s	f10,f25,f29	 f25:0xcaf39e73 f29:0x4e3c4b4e f10=0xbbf39e74
      11735.000 ns	      1172	80000654	024ee633	rem	x12,x29,x4	 x29:0x00000000  x4:0xe0d53620 x12=0x00000000
      11765.000 ns	      1175	80000658	a06616d3	flt.s	x13,f12,f6	 f12:0xff800000  f6:0x00000000 x13=0x00000001
      11805.000 ns	      1179	8000065c	580323d3	fsqrt.s	f7,f6	  f6:0x00000000  f7=0x00000000
      11835.000 ns	      1182	80000660	213690d3	fsgnjn.s	f1,f13,f19	 f13:0xff800000 f19:0x00000000  f1=0xff800000
      11855.000 ns	      1184	80000664	40185413	srai	x8,x16,0x1	 x16:0xff8630c7  x8=0xffc31863
      11895.000 ns	      1188	80000668	01407553	fadd.s	f10,f0,f20	  f0:0x7fc00000 f20:0x7f7fffff f10=0x7fc00000
      11925.000 ns	      1191	8000066c	21200d53	fsgnj.s	f26,f0,f18	  f0:0x7fc00000 f18:0x7f7fffff f26=0x7fc00000
      11955.000 ns	      1194	80000670	03112c33	mulhsu	x24,x2,x17	  x2:0x00000000 x17:0x13e53de0 x24=0x00000000
      11985.000 ns	      1197	80000674	a1128c53	fle.s	x24,f5,f17	  f5:0x7f800000 f17:0x40000000 x24=0x00000000
      12005.000 ns	      1199	80000678	0138f0b3	and	x1,x17,x19	 x17:0x13e53de0 x19:0xba415485  x1=0x12411480
      12025.000 ns	      1201	8000067c	21a112d3	fsgnjn.s	f5,f2,f26	  f2:0x7f800000 f26:0x7fc00000  f5=0xff800000
      12065.000 ns	      1205	80000680	10014e53	fmul.s	f28,f2,f0	  f2:0x7f800000  f0:0x7fc00000 f28=0x7fc00000
      12085.000 ns	      1207	80000684	01297033	and	x0,x18,x18	 x18:0x00000020 x18:0x00000020
      12105.000 ns	      1209	80000688	c00af053	fcvt.w.s	x0,f21	 f21:0x7f7fffff
      12475.000 ns	      1246	8000068c	0258e633	rem	x12,x17,x5	 x17:0x13e53de0  x5:0x7fffffff x12=0x13e53de0
      12505.000 ns	      1249	80000690	28e217d3	fmax.s	f15,f4,f14	  f4:0xce400000 f14:0x7f7fffff f15=0x7f7fffff
      12525.000 ns	      1251	80000694	0086d733	srl	x14,x13,x8	 x13:0x00000001  x8:0xffc31863 x14=0x00000000
      12545.000 ns	      1253	80000698	035111b3	mulh	x3,x2,x21	  x2:0x00000000 x21:0x16841000  x3=0x00000000
      12565.000 ns	      1255	8000069c	be40ba93	sltiu	x21,x1,-1052	  x1:0x12411480 x21=0x00000001
      12585.000 ns	      1257	800006a0	29ae82d3	fmin.s	f5,f29,f26	 f29:0x4e3c4b4e f26:0x7fc00000  f5=0x4e3c4b4e
      12605.000 ns	      1259	800006a4	c955a297	auipc	x5,0xc955a	  x5=0x4955a6a4
      12615.000 ns	      1260	800006a8	07fde397	auipc	x7,0x7fde	  x7=0x87fde6a8
      12635.000 ns	      1262	800006ac	281380d3	fmin.s	f1,f7,f1	  f7:0x00000000  f1:0xff800000  f1=0xff800000
      12665.000 ns	      1265	800006b0	20ca1953	fsgnjn.s	f18,f20,f12	 f20:0x7f7fffff f12:0xff800000 f18=0x7f7fffff
      12685.000 ns	      1267	800006b4	764b8713	addi	x14,x23,1892	 x23:0x13b235ec x14=0x13b23d50
      12695.000 ns	      1268	800006b8	40435693	srai	x13,x6,0x4	  x6:0x80041024 x13=0xf8004102
      12715.000 ns	      1270	800006bc	d013f1d3	fcvt.s.wu	f3,x7	  x7:0x87fde6a8  f3=0x4f07fde6
      12735.000 ns	      1272	800006c0	0183adb3	slt	x27,x7,x24	  x7:0x87fde6a8 x24:0x00000000 x27=0x00000001
      12755.000 ns	      1274	800006c4	e0079753	fclass.s	x14,f15	 f15:0x7f7fffff x14=0x00000040
      12775.000 ns	      1276	800006c8	0042f6b3	and	x13,x5,x4	  x5:0x4955a6a4  x4:0xe0d53620 x13=0x40552620
      12805.000 ns	      1279	800006cc	11f18d53	fmul.s	f26,f3,f31	  f3:0x4f07fde6 f31:0xff800000 f26=0xff800000
      12835.000 ns	      1282	800006d0	21141853	fsgnjn.s	f16,f8,f17	  f8:0x4d9f29ef f17:0x40000000 f16=0xcd9f29ef
      12855.000 ns	      1284	800006d4	a886cf13	xori	x30,x13,-1400	 x13:0x40552620 x30=0xbfaadca8
      12875.000 ns	      1286	800006d8	c00fc4d3	fcvt.w.s	x9,f31	 f31:0xff800000  x9=0x80000000
      12895.000 ns	      1288	800006dc	6b61e297	auipc	x5,0x6b61e	  x5=0xeb61e6dc
      12905.000 ns	      1289	800006e0	42963293	sltiu	x5,x12,1065	 x12:0x13e53de0  x5=0x00000000
      12915.000 ns	      1290	800006e4	00645f93	srli	x31,x8,0x6	  x8:0xffc31863 x31=0x03ff0c61
      12935.000 ns	      1292	800006e8	a1549ad3	flt.s	x21,f9,f21	  f9:0xff7fffff f21:0x7f7fffff x21=0x00000001
      12965.000 ns	      1295	800006ec	f0058f53	fmv.w.x	f30,x11	 x11:0x7f7fffff f30=0x7f7fffff
      12995.000 ns	      1298	800006f0	f0070953	fmv.w.x	f18,x14	 x14:0x00000040 f18=0x00000040
      13025.000 ns	      1301	800006f4	c000fcd3	fcvt.w.s	x25,f1	  f1:0xff800000 x25=0x80000000
      13055.000 ns	      1304	800006f8	211d2cd3	fsgnjx.s	f25,f26,f17	 f26:0xff800000 f17:0x40000000 f25=0xff800000
      13085.000 ns	      1307	800006fc	28d004d3	fmin.s	f9,f0,f13	  f0:0x7fc00000 f13:0xff800000  f9=0xff800000
      13105.000 ns	      1309	80000700	01c9e2b3	or	x5,x19,x28	 x19:0xba415485 x28:0x80040fe4  x5=0xba455fe5
      13125.000 ns	      1311	80000704	a1fe10d3	flt.s	x1,f28,f31	 f28:0x7fc00000 f31:0xff800000  x1=0x00000000
      13145.000 ns	      1313	80000708	415a8c33	sub	x24,x21,x21	 x21:0x00000001 x21:0x00000001 x24=0x00000000
      13155.000 ns	      1314	8000070c	4c8a2937	lui	x18,0x4c8a2	 x18=0x4c8a2000
      13195.000 ns	      1318	80000710	01be41d3	fadd.s	f3,f28,f27	 f28:0x7fc00000 f27:0x7f800000  f3=0x7fc00000
      13215.000 ns	      1320	80000714	0243d897	auipc	x17,0x243d	 x17=0x8243d714
      13235.000 ns	      1322	80000718	28fd0353	fmin.s	f6,f26,f15	 f26:0xff800000 f15:0x7f7fffff  f6=0xff800000
      13265.000 ns	      1325	8000071c	029d12b3	mulh	x5,x26,x9	 x26:0x00000000  x9:0x80000000  x5=0x00000000
      13285.000 ns	      1327	80000720	41895c33	sra	x24,x18,x24	 x18:0x4c8a2000 x24:0x00000000 x24=0x4c8a2000
      13645.000 ns	      1363	80000724	02c260b3	rem	x1,x4,x12	  x4:0xe0d53620 x12:0x13e53de0  x1=0xf4ba7400
      13665.000 ns	      1365	80000728	ff0fd237	lui	x4,0xff0fd	  x4=0xff0fd000
      13685.000 ns	      1367	8000072c	e00c09d3	fmv.x.w	x19,f24	 f24:0x80000000 x19=0x80000000
      13705.000 ns	      1369	80000730	01005e93	srli	x29,x0,0x10	  x0:0x00000000 x29=0x00000000
      13715.000 ns	      1370	80000734	427bf813	andi	x16,x23,1063	 x23:0x13b235ec x16=0x00000424
      13735.000 ns	      1372	80000738	a0340ad3	fle.s	x21,f8,f3	  f8:0x4d9f29ef  f3:0x7fc00000 x21=0x00000000
      14105.000 ns	      1409	8000073c	03117d33	remu	x26,x2,x17	  x2:0x00000000 x17:0x8243d714 x26=0x00000000
      14135.000 ns	      1412	80000740	f00385d3	fmv.w.x	f11,x7	  x7:0x87fde6a8 f11=0x87fde6a8
      14165.000 ns	      1415	80000744	215c0853	fsgnj.s	f16,f24,f21	 f24:0x80000000 f21:0x7f7fffff f16=0x00000000
      14205.000 ns	      1419	80000748	117d4bd3	fmul.s	f23,f26,f23	 f26:0xff800000 f23:0xff7fffff f23=0x7f800000
      14225.000 ns	      1421	8000074c	00c308b3	add	x17,x6,x12	  x6:0x80041024 x12:0x13e53de0 x17=0x93e94e04
      14245.000 ns	      1423	80000750	213408d3	fsgnj.s	f17,f8,f19	  f8:0x4d9f29ef f19:0x00000000 f17=0x4d9f29ef
      14265.000 ns	      1425	80000754	3a0bfa13	andi	x20,x23,928	 x23:0x13b235ec x20=0x000001a0
      14285.000 ns	      1427	80000758	e0049a53	fclass.s	x20,f9	  f9:0xff800000 x20=0x00000001
      14305.000 ns	      1429	8000075c	00effb33	and	x22,x31,x14	 x31:0x03ff0c61 x14:0x00000040 x22=0x00000040
      14325.000 ns	      1431	80000760	209718d3	fsgnjn.s	f17,f14,f9	 f14:0x7f7fffff  f9:0xff800000 f17=0x7f7fffff
      14345.000 ns	      1433	80000764	00e2d413	srli	x8,x5,0xe	  x5:0x00000000  x8=0x00000000
      14365.000 ns	      1435	80000768	207a92d3	fsgnjn.s	f5,f21,f7	 f21:0x7f7fffff  f7:0x00000000  f5=0xff7fffff
      14395.000 ns	      1438	8000076c	03dd7bb3	remu	x23,x26,x29	 x26:0x00000000 x29:0x00000000 x23=0x00000000
      14415.000 ns	      1440	80000770	001cd013	srli	x0,x25,0x1	 x25:0x80000000
      14425.000 ns	      1441	80000774	01913c33	sltu	x24,x2,x25	  x2:0x00000000 x25:0x80000000 x24=0x00000001
      14445.000 ns	      1443	80000778	02719f33	mulh	x30,x3,x7	  x3:0x00000000  x7:0x87fde6a8 x30=0x00000000
      14465.000 ns	      1445	8000077c	007b15b3	sll	x11,x22,x7	 x22:0x00000040  x7:0x87fde6a8 x11=0x00004000
      14475.000 ns	      1446	80000780	01415933	srl	x18,x2,x20	  x2:0x00000000 x20:0x00000001 x18=0x00000000
      14505.000 ns	      1449	80000784	580cf5d3	fsqrt.s	f11,f25	 f25:0xff800000 f11=0x7fc00000
      14525.000 ns	      1451	80000788	0124d533	srl	x10,x9,x18	  x9:0x80000000 x18:0x4c8a2000 x10=0x80000000
      14535.000 ns	      1452	8000078c	eaf38e93	addi	x29,x7,-337	  x7:0x87fde6a8 x29=0x87fde557
      14565.000 ns	      1455	80000790	580d1553	fsqrt.s	f10,f26	 f26:0xff800000 f10=0x7fc00000
      14595.000 ns	      1458	80000794	d01cf753	fcvt.s.wu	f14,x25	 x25:0x80000000 f14=0x4f000000
      14615.000 ns	      1460	80000798	00000013	addi	x0,x0,0	  x0:0x00000000
      14635.000 ns	      1462	8000079c	02481fb3	mulh	x31,x16,x4	 x16:0x00000424  x4:0xff0fd000 x31=0xfffffffc
      14665.000 ns	      1465	800007a0	21ee2253	fsgnjx.s	f4,f28,f30	 f28:0x7fc00000 f30:0x7f7fffff  f4=0x7fc00000
      14685.000 ns	      1467	800007a4	40860bb3	sub	x23,x12,x8	 x12:0x13e53de0  x8:0x00000000 x23=0x13e53de0
      14695.000 ns	      1468	800007a8	00697eb3	and	x29,x18,x6	 x18:0x00000000  x6:0x80041024 x29=0x00000000
      14715.000 ns	      1470	800007ac	a133af53	feq.s	x30,f7,f19	  f7:0x00000000 f19:0x00000000 x30=0x00000001
      14735.000 ns	      1472	800007b0	00acd033	srl	x0,x25,x10	 x25:0x80000000 x10:0x80000000
      14775.000 ns	      1476	800007b4	010111d3	fadd.s	f3,f2,f16	  f2:0x7f800000 f16:0x00000000  f3=0x7f800000
      14805.000 ns	      1479	800007b8	f00a8453	fmv.w.x	f8,x21	 x21:0x00000000  f8=0x00000000
      14835.000 ns	      1482	800007bc	21bc88d3	fsgnj.s	f17,f25,f27	 f25:0xff800000 f27:0x7f800000 f17=0x7f800000
      14865.000 ns	      1485	800007c0	032c98b3	mulh	x17,x25,x18	 x25:0x80000000 x18:0x00000000 x17=0x00000000
      14895.000 ns	      1488	800007c4	02f52bb3	mulhsu	x23,x10,x15	 x10:0x80000000 x15:0x00000002 x23=0xffffffff
      14915.000 ns	      1490	800007c8	91164a93	xori	x21,x12,-1775	 x12:0x13e53de0 x21=0xec1ac4f1
      14925.000 ns	      1491	800007cc	00dadeb3	srl	x29,x21,x13	 x21:0x00000000 x13:0x40552620 x29=0xec1ac4f1
      14935.000 ns	      1492	800007d0	010650b3	srl	x1,x12,x16	 x12:0x13e53de0 x16:0x00000424  x1=0x013e53de
      14955.000 ns	      1494	800007d4	02a82433	mulhsu	x8,x16,x10	 x16:0x00000424 x10:0x80000000  x8=0x00000212
      14975.000 ns	      1496	800007d8	8d15ea97	auipc	x21,0x8d15e	 x21=0x0d15e7d8
      14995.000 ns	      1498	800007dc	03da0833	mul	x16,x20,x29	 x20:0x00000001 x29:0xec1ac4f1 x16=0xec1ac4f1
      15025.000 ns	      1501	800007e0	21c881d3	fsgnj.s	f3,f17,f28	 f17:0x7f800000 f28:0x7fc00000  f3=0x7f800000
      15045.000 ns	      1503	800007e4	400cdd33	sra	x26,x25,x0	 x25:0x80000000  x0:0x00000000 x26=0x80000000
      15055.000 ns	      1504	800007e8	00f206b3	add	x13,x4,x15	  x4:0xff0fd000 x15:0x00000002 x13=0xff0fd002
      15075.000 ns	      1506	800007ec	a0bc9f53	flt.s	x30,f25,f11	 f25:0xff800000 f11:0x7fc00000 x30=0x00000000
      15095.000 ns	      1508	800007f0	00000013	addi	x0,x0,0	  x0:0x00000000
      15105.000 ns	      1509	800007f4	01426c33	or	x24,x4,x20	  x4:0xff0fd000 x20:0x00000001 x24=0xff0fd001
      15135.000 ns	      1512	800007f8	10cff1d3	fmul.s	f3,f31,f12	 f31:0xff800000 f12:0xff800000  f3=0x7f800000
      15155.000 ns	      1514	800007fc	018c9a33	sll	x20,x25,x24	 x25:0x80000000 x24:0x00000001 x20=0x00000000
      15175.000 ns	      1516	80000800	a0a62cd3	feq.s	x25,f12,f10	 f12:0xff800000 f10:0x7fc00000 x25=0x00000000
      15195.000 ns	      1518	80000804	007f9913	slli	x18,x31,0x7	 x31:0xfffffffc x18=0xfffffe00
      15235.000 ns	      1522	80000808	00d02ed3	fadd.s	f29,f0,f13	  f0:0x7fc00000 f13:0xff800000 f29=0x7fc00000
      15285.000 ns	      1527	8000080c	01c6f853	fadd.s	f16,f13,f28	 f13:0xff800000 f28:0x7fc00000 f16=0x7fc00000
      15315.000 ns	      1530	80000810	026b3fb3	mulhu	x31,x22,x6	 x22:0x00000040  x6:0x80041024 x31=0x00000020
      15335.000 ns	      1532	80000814	00000013	addi	x0,x0,0	  x0:0x00000000
      15355.000 ns	      1534	80000818	20fd00d3	fsgnj.s	f1,f26,f15	 f26:0xff800000 f15:0x7f7fffff  f1=0x7f800000
      15385.000 ns	      1537	8000081c	a0252453	feq.s	x8,f10,f2	 f10:0x7fc00000  f2:0x7f800000  x8=0x00000000
      15415.000 ns	      1540	80000820	293c88d3	fmin.s	f17,f25,f19	 f25:0xff800000 f19:0x00000000 f17=0xff800000
      15435.000 ns	      1542	80000824	7c068b93	addi	x23,x13,1984	 x13:0xff0fd002 x23=0xff0fd7c2
      15455.000 ns	      1544	80000828	29d503d3	fmin.s	f7,f10,f29	 f10:0x7fc00000 f29:0x7fc00000  f7=0x7fc00000
      15475.000 ns	      1546	8000082c	003b79b3	and	x19,x22,x3	 x22:0x00000040  x3:0x00000000 x19=0x00000000
      15485.000 ns	      1547	80000830	00dccdb3	xor	x27,x25,x13	 x25:0x00000000 x13:0xff0fd002 x27=0xff0fd002
      15495.000 ns	      1548	80000834	010c1933	sll	x18,x24,x16	 x24:0xff0fd001 x16:0xec1ac4f1 x18=0xa0020000
      15505.000 ns	      1549	80000838	0067b133	sltu	x2,x15,x6	 x15:0x00000002  x6:0x80041024  x2=0x00000001
      15515.000 ns	      1550	8000083c	0066b033	sltu	x0,x13,x6	 x13:0xff0fd002  x6:0x80041024
      15535.000 ns	      1552	80000840	c0092653	fcvt.w.s	x12,f18	 f18:0x00000040 x12=0x00000000
      15565.000 ns	      1555	80000844	031a32b3	mulhu	x5,x20,x17	 x20:0x00000000 x17:0x00000000  x5=0x00000000
      15605.000 ns	      1559	80000848	1830bfd3	fdiv.s	f31,f1,f3	  f1:0x7f800000  f3:0x7f800000 f31=0x7fc00000
      15635.000 ns	      1562	8000084c	28a28153	fmin.s	f2,f5,f10	  f5:0xff7fffff f10:0x7fc00000  f2=0xff7fffff
      15665.000 ns	      1565	80000850	20eb2553	fsgnjx.s	f10,f22,f14	 f22:0x40000000 f14:0x4f000000 f10=0x40000000
      15695.000 ns	      1568	80000854	201395d3	fsgnjn.s	f11,f7,f1	  f7:0x7fc00000  f1:0x7f800000 f11=0xffc00000
      15725.000 ns	      1571	80000858	29a818d3	fmax.s	f17,f16,f26	 f16:0x7fc00000 f26:0xff800000 f17=0xff800000
      15755.000 ns	      1574	8000085c	e0008153	fmv.x.w	x2,f1	  f1:0x7f800000  x2=0x7f800000
      15785.000 ns	      1577	80000860	e00002d3	fmv.x.w	x5,f0	  f0:0x7fc00000  x5=0x7fc00000
      15805.000 ns	      1579	80000864	01e9dc33	srl	x24,x19,x30	 x19:0x00000000 x30:0x00000000 x24=0x00000000
      15815.000 ns	      1580	80000868	006e08b3	add	x17,x28,x6	 x28:0x80040fe4  x6:0x80041024 x17=0x00082008
      15825.000 ns	      1581	8000086c	5b993993	sltiu	x19,x18,1465	 x18:0xa0020000 x19=0x00000000
      15835.000 ns	      1582	80000870	01440b33	add	x22,x8,x20	  x8:0x00000000 x20:0x00000000 x22=0x00000000
      15855.000 ns	      1584	80000874	29a30953	fmin.s	f18,f6,f26	  f6:0xff800000 f26:0xff800000 f18=0xff800000
      15875.000 ns	      1586	80000878	e6726fb7	lui	x31,0xe6726	 x31=0xe6726000
      16235.000 ns	      1622	8000087c	0326f3b3	remu	x7,x13,x18	 x13:0xff0fd002 x18:0xa0020000  x7=0x5f0dd002
      16265.000 ns	      1625	80000880	28940ad3	fmin.s	f21,f8,f9	  f8:0x00000000  f9:0xff800000 f21=0xff800000
      16635.000 ns	      1662	80000884	031fc233	div	x4,x31,x17	 x31:0xe6726000 x17:0x00082008  x4=0xfffffcdb
      16655.000 ns	      1664	80000888	e6df2813	slti	x16,x30,-403	 x30:0x00000000 x16=0x00000000
      16675.000 ns	      1666	8000088c	a0588053	fle.s	x0,f17,f5	 f17:0xff800000  f5:0xff7fffff
      16695.000 ns	      1668	80000890	846af413	andi	x8,x21,-1978	 x21:0x0d15e7d8  x8=0x0d15e040
      16705.000 ns	      1669	80000894	00f50733	add	x14,x10,x15	 x10:0x80000000 x15:0x00000002 x14=0x80000002
      16725.000 ns	      1671	80000898	c0087a53	fcvt.w.s	x20,f16	 f16:0x7fc00000 x20=0x7fffffff
      16745.000 ns	      1673	8000089c	01e6aa33	slt	x20,x13,x30	 x13:0xff0fd002 x30:0x00000000 x20=0x00000001
      16755.000 ns	      1674	800008a0	412683b3	sub	x7,x13,x18	 x13:0xff0fd002 x18:0xa0020000  x7=0x5f0dd002
      16775.000 ns	      1676	800008a4	a0799053	flt.s	x0,f19,f7	 f19:0x00000000  f7:0x7fc00000
      16825.000 ns	      1681	800008a8	0031f2d3	fadd.s	f5,f3,f3	  f3:0x7f800000  f3:0x7f800000  f5=0x00000000
      16845.000 ns	      1683	800008ac	0143c533	xor	x10,x7,x20	  x7:0x5f0dd002 x20:0x00000001 x10=0x5f0dd003
      16855.000 ns	      1684	800008b0	01e71893	slli	x17,x14,0x1e	 x14:0x80000002 x17=0x80000000
      16865.000 ns	      1685	800008b4	c7b57b13	andi	x22,x10,-901	 x10:0x80000000 x22=0x5f0dd003
      16895.000 ns	      1688	800008b8	188d1353	fdiv.s	f6,f26,f8	 f26:0xff800000  f8:0x00000000  f6=0xff800000
      16945.000 ns	      1693	800008bc	00e9f6d3	fadd.s	f13,f19,f14	 f19:0x00000000 f14:0x4f000000 f13=0x4f000000
      16975.000 ns	      1696	800008c0	035c2833	mulhsu	x16,x24,x21	 x24:0x00000000 x21:0x0d15e7d8 x16=0x00000000
      17005.000 ns	      1699	800008c4	29168bd3	fmin.s	f23,f13,f17	 f13:0x4f000000 f17:0xff800000 f23=0xff800000
      17025.000 ns	      1701	800008c8	32654497	auipc	x9,0x32654	  x9=0xb26548c8
      17055.000 ns	      1704	800008cc	18134453	fdiv.s	f8,f6,f1	  f6:0xff800000  f1:0x7f800000  f8=0x7fc00000
      17085.000 ns	      1707	800008d0	f0070bd3	fmv.w.x	f23,x14	 x14:0x80000002 f23=0x80000002
      17105.000 ns	      1709	800008d4	000c55b3	srl	x11,x24,x0	 x24:0x00000000  x0:0x00000000 x11=0x00000000
      17125.000 ns	      1711	800008d8	a1319cd3	flt.s	x25,f3,f19	  f3:0x7f800000 f19:0x00000000 x25=0x00000000
      17145.000 ns	      1713	800008dc	01e446b3	xor	x13,x8,x30	  x8:0x0d15e040 x30:0x00000000 x13=0x0d15e040
      17155.000 ns	      1714	800008e0	c2f70097	auipc	x1,0xc2f70	  x1=0x42f708e0
      17185.000 ns	      1717	800008e4	11480cd3	fmul.s	f25,f16,f20	 f16:0x7fc00000 f20:0x7f7fffff f25=0x7fc00000
      17205.000 ns	      1719	800008e8	00000013	addi	x0,x0,0	  x0:0x00000000
      17215.000 ns	      1720	800008ec	013fd593	srli	x11,x31,0x13	 x31:0xe6726000 x11=0x00001cce
      17225.000 ns	      1721	800008f0	00447033	and	x0,x8,x4	  x8:0x0d15e040  x4:0xfffffcdb
      17245.000 ns	      1723	800008f4	e0088553	fmv.x.w	x10,f17	 f17:0xff800000 x10=0xff800000
      17275.000 ns	      1726	800008f8	d01f99d3	fcvt.s.wu	f19,x31	 x31:0xe6726000 f19=0x4f667260
      17305.000 ns	      1729	800008fc	d004c853	fcvt.s.w	f16,x9	  x9:0xb26548c8 f16=0xce9b356e
      17335.000 ns	      1732	80000900	215a15d3	fsgnjn.s	f11,f20,f21	 f20:0x7f7fffff f21:0xff800000 f11=0x7f7fffff
      17355.000 ns	      1734	80000904	be40deb7	lui	x29,0xbe40d	 x29=0xbe40d000
      17365.000 ns	      1735	80000908	00b19cb3	sll	x25,x3,x11	  x3:0x00000000 x11:0x00001cce x25=0x00000000
      17385.000 ns	      1737	8000090c	f0050053	fmv.w.x	f0,x10	 x10:0xff800000  f0=0xff800000
      17415.000 ns	      1740	80000910	e0089253	fclass.s	x4,f17	 f17:0xff800000  x4=0x00000001
      17785.000 ns	      1777	80000914	03737433	remu	x8,x6,x23	  x6:0x80041024 x23:0xff0fd7c2  x8=0x80041024
      17805.000 ns	      1779	80000918	0098dc13	srli	x24,x17,0x9	 x17:0x80000000 x24=0x00400000
      17825.000 ns	      1781	8000091c	03a91ab3	mulh	x21,x18,x26	 x18:0xa0020000 x26:0x80000000 x21=0x2fff0000
      17845.000 ns	      1783	80000920	01103bb3	sltu	x23,x0,x17	  x0:0x00000000 x17:0x80000000 x23=0x00000001
      18205.000 ns	      1819	80000924	034c6033	rem	x0,x24,x20	 x24:0x00400000 x20:0x00000001
      18235.000 ns	      1822	80000928	21cfa5d3	fsgnjx.s	f11,f31,f28	 f31:0x7fc00000 f28:0x7fc00000 f11=0x7fc00000
      18255.000 ns	      1824	8000092c	90f0cf93	xori	x31,x1,-1777	  x1:0x42f708e0 x31=0xbd08f1ef
      18275.000 ns	      1826	80000930	e00d02d3	fmv.x.w	x5,f26	 f26:0xff800000  x5=0xff800000
      18325.000 ns	      1831	80000934	015d7c53	fadd.s	f24,f26,f21	 f26:0xff800000 f21:0xff800000 f24=0x80000000
      18375.000 ns	      1836	80000938	0148f9d3	fadd.s	f19,f17,f20	 f17:0xff800000 f20:0x7f7fffff f19=0xff800000
      18405.000 ns	      1839	8000093c	21610d53	fsgnj.s	f26,f2,f22	  f2:0xff7fffff f22:0x40000000 f26=0x7f7fffff
      18425.000 ns	      1841	80000940	0137e0b3	or	x1,x15,x19	 x15:0x00000002 x19:0x00000000  x1=0x00000002
      18435.000 ns	      1842	80000944	00cc5293	srli	x5,x24,0xc	 x24:0x00400000  x5=0x00000400
      18455.000 ns	      1844	80000948	a11f1553	flt.s	x10,f30,f17	 f30:0x7f7fffff f17:0xff800000 x10=0x00000000
      18485.000 ns	      1847	8000094c	f0058153	fmv.w.x	f2,x11	 x11:0x00001cce  f2=0x00001cce
      18505.000 ns	      1849	80000950	40e489b3	sub	x19,x9,x14	  x9:0xb26548c8 x14:0x80000002 x19=0x326548c6
      18525.000 ns	      1851	80000954	219924d3	fsgnjx.s	f9,f18,f25	 f18:0xff800000 f25:0x7fc00000  f9=0xff800000
      18545.000 ns	      1853	80000958	01b2c9b3	xor	x19,x5,x27	  x5:0x00000400 x27:0xff0fd002 x19=0xff0fd402
      18555.000 ns	      1854	8000095c	9b1d6d13	ori	x26,x26,-1615	 x26:0x80000000 x26=0xfffff9b1
      18565.000 ns	      1855	80000960	489c3993	sltiu	x19,x24,1161	 x24:0x00400000 x19=0x00000000
      18595.000 ns	      1858	80000964	5800bad3	fsqrt.s	f21,f1	  f1:0x7f800000 f21=0x7f800000
      18615.000 ns	      1860	80000968	73787393	andi	x7,x16,1847	 x16:0x00000000  x7=0x00000000
      18625.000 ns	      1861	8000096c	8e976413	ori	x8,x14,-1815	 x14:0x80000002  x8=0xfffff8eb
      18645.000 ns	      1863	80000970	d017f5d3	fcvt.s.wu	f11,x15	 x15:0x00000002 f11=0x40000000
      18675.000 ns	      1866	80000974	027b4733	div	x14,x22,x7	 x22:0x5f0dd003  x7:0x00000000 x14=0xffffffff
      18695.000 ns	      1868	80000978	7ec69697	auipc	x13,0x7ec69	 x13=0xfec69978
      18735.000 ns	      1872	8000097c	09d080d3	fsub.s	f1,f1,f29	  f1:0x7f800000 f29:0x7fc00000  f1=0x7fc00000
      18785.000 ns	      1877	80000980	09977b53	fsub.s	f22,f14,f25	 f14:0x4f000000 f25:0x7fc00000 f22=0x7fc00000
      18805.000 ns	      1879	80000984	00c21593	slli	x11,x4,0xc	  x4:0x00000001 x11=0x00001000
      18825.000 ns	      1881	80000988	02169fb3	mulh	x31,x13,x1	 x13:0xfec69978  x1:0x00000002 x31=0xffffffff
      18855.000 ns	      1884	8000098c	29278853	fmin.s	f16,f15,f18	 f15:0x7f7fffff f18:0xff800000 f16=0xff800000
      18875.000 ns	      1886	80000990	417704b3	sub	x9,x14,x23	 x14:0xffffffff x23:0x00000001  x9=0xfffffffe
      18885.000 ns	      1887	80000994	00351593	slli	x11,x10,0x3	 x10:0x00000000 x11=0x00000000
      19735.000 ns	      1972	80000998	5805f053	fsqrt.s	f0,f11	 f11:0x40000000  f0=0x3f350482
      19775.000 ns	      1976	8000099c	19661dd3	fdiv.s	f27,f12,f22	 f12:0xff800000 f22:0x7fc00000 f27=0x7fc00000
      19825.000 ns	      1981	800009a0	09f7fe53	fsub.s	f28,f15,f31	 f15:0x7f7fffff f31:0x7fc00000 f28=0x7fc00000
      19855.000 ns	      1984	800009a4	a09e2953	feq.s	x18,f28,f9	 f28:0x7fc00000  f9:0xff800000 x18=0x00000000
      19885.000 ns	      1987	800009a8	29350cd3	fmin.s	f25,f10,f19	 f10:0x40000000 f19:0xff800000 f25=0xff800000
      19915.000 ns	      1990	800009ac	a15e9a53	flt.s	x20,f29,f21	 f29:0x7fc00000 f21:0x7f800000 x20=0x00000000
      19935.000 ns	      1992	800009b0	41ee84b3	sub	x9,x29,x30	 x29:0xbe40d000 x30:0x00000000  x9=0xbe40d000
      19945.000 ns	      1993	800009b4	7c09ea13	ori	x20,x19,1984	 x19:0x00000000 x20=0x000007c0
      19955.000 ns	      1994	800009b8	412a5293	srai	x5,x20,0x12	 x20:0x00000000  x5=0x00000000
      19975.000 ns	      1996	800009bc	027c5c33	divu	x24,x24,x7	 x24:0x00400000  x7:0x00000000 x24=0xffffffff
      20005.000 ns	      1999	800009c0	02cd8033	mul	x0,x27,x12	 x27:0xff0fd002 x12:0x00000000
      20025.000 ns	      2001	800009c4	00342f33	slt	x30,x8,x3	  x8:0xfffff8eb  x3:0x00000000 x30=0x00000001
      20045.000 ns	      2003	800009c8	a0e18fd3	fle.s	x31,f3,f14	  f3:0x7f800000 f14:0x4f000000 x31=0x00000000
      20075.000 ns	      2006	800009cc	a06593d3	flt.s	x7,f11,f6	 f11:0x40000000  f6:0xff800000  x7=0x00000000
      20095.000 ns	      2008	800009d0	971eef37	lui	x30,0x971ee	 x30=0x971ee000
      20115.000 ns	      2010	800009d4	a0058153	fle.s	x2,f11,f0	 f11:0x40000000  f0:0x3f350482  x2=0x00000000
      20135.000 ns	      2012	800009d8	402ed413	srai	x8,x29,0x2	 x29:0xbe40d000  x8=0xef903400
      20145.000 ns	      2013	800009dc	41f854b3	sra	x9,x16,x31	 x16:0x00000000 x31:0x00000000  x9=0x00000000
      20155.000 ns	      2014	800009e0	0098c233	xor	x4,x17,x9	 x17:0x80000000  x9:0xbe40d000  x4=0x80000000
      20165.000 ns	      2015	800009e4	d1a33693	sltiu	x13,x6,-742	  x6:0x80041024 x13=0x00000001
      20185.000 ns	      2017	800009e8	e0018a53	fmv.x.w	x20,f3	  f3:0x7f800000 x20=0x7f800000
      20215.000 ns	      2020	800009ec	02588ab3	mul	x21,x17,x5	 x17:0x80000000  x5:0x00000000 x21=0x00000000
      20235.000 ns	      2022	800009f0	14943593	sltiu	x11,x8,329	  x8:0xef903400 x11=0x00000000
      20255.000 ns	      2024	800009f4	e0050f53	fmv.x.w	x30,f10	 f10:0x40000000 x30=0x40000000
      20285.000 ns	      2027	800009f8	02ee1d33	mulh	x26,x28,x14	 x28:0x80040fe4 x14:0xffffffff x26=0x00000000
      20315.000 ns	      2030	800009fc	e00989d3	fmv.x.w	x19,f19	 f19:0xff800000 x19=0xff800000
      20355.000 ns	      2034	80000a00	192ac353	fdiv.s	f6,f21,f18	 f21:0x7f800000 f18:0xff800000  f6=0x7fc00000
      20375.000 ns	      2036	80000a04	23870397	auipc	x7,0x23870	  x7=0xa3870a04
      20395.000 ns	      2038	80000a08	e00c0d53	fmv.x.w	x26,f24	 f24:0x80000000 x26=0x80000000
      20425.000 ns	      2041	80000a0c	287d1c53	fmax.s	f24,f26,f7	 f26:0x7f7fffff  f7:0x7fc00000 f24=0x7f7fffff
      20445.000 ns	      2043	80000a10	00e66933	or	x18,x12,x14	 x12:0x00000000 x14:0xffffffff x18=0xffffffff
      20455.000 ns	      2044	80000a14	1f816913	ori	x18,x2,504	  x2:0x00000000 x18=0x000001f8
      20465.000 ns	      2045	80000a18	93cf0113	addi	x2,x30,-1732	 x30:0x40000000  x2=0x3ffff93c
      20485.000 ns	      2047	80000a1c	037dad33	mulhsu	x26,x27,x23	 x27:0xff0fd002 x23:0x00000001 x26=0xffffffff
      20505.000 ns	      2049	80000a20	5448bf13	sltiu	x30,x17,1348	 x17:0x80000000 x30=0x00000000
      20515.000 ns	      2050	80000a24	53f96197	auipc	x3,0x53f96	  x3=0xd3f96a24
      20535.000 ns	      2052	80000a28	201a99d3	fsgnjn.s	f19,f21,f1	 f21:0x7f800000  f1:0x7fc00000 f19=0xff800000
      20565.000 ns	      2055	80000a2c	d01c41d3	fcvt.s.wu	f3,x24	 x24:0xffffffff  f3=0x4f800000
      20585.000 ns	      2057	80000a30	01f1da93	srli	x21,x3,0x1f	  x3:0xd3f96a24 x21=0x00000001
      20605.000 ns	      2059	80000a34	a1f72c53	feq.s	x24,f14,f31	 f14:0x4f000000 f31:0x7fc00000 x24=0x00000000
      20635.000 ns	      2062	80000a38	20df95d3	fsgnjn.s	f11,f31,f13	 f31:0x7fc00000 f13:0x4f000000 f11=0xffc00000
      20665.000 ns	      2065	80000a3c	a1b715d3	flt.s	x11,f14,f27	 f14:0x4f000000 f27:0x7fc00000 x11=0x00000000
      20685.000 ns	      2067	80000a40	00000013	addi	x0,x0,0	  x0:0x00000000
      20695.000 ns	      2068	80000a44	00913db3	sltu	x27,x2,x9	  x2:0x3ffff93c  x9:0x00000000 x27=0x00000000
      20715.000 ns	      2070	80000a48	028794b3	mulh	x9,x15,x8	 x15:0x00000002  x8:0xef903400  x9=0xffffffff
      20735.000 ns	      2072	80000a4c	91268913	addi	x18,x13,-1774	 x13:0x00000001 x18=0xfffff913
      20765.000 ns	      2075	80000a50	110ff1d3	fmul.s	f3,f31,f16	 f31:0x7fc00000 f16:0xff800000  f3=0x7fc00000
      20805.000 ns	      2079	80000a54	580c94d3	fsqrt.s	f9,f25	 f25:0xff800000  f9=0x7fc00000
      20825.000 ns	      2081	80000a58	012775b3	and	x11,x14,x18	 x14:0xffffffff x18:0xfffff913 x11=0xfffff913
      20835.000 ns	      2082	80000a5c	008e1213	slli	x4,x28,0x8	 x28:0x80040fe4  x4=0x040fe400
      20855.000 ns	      2084	80000a60	289804d3	fmin.s	f9,f16,f9	 f16:0xff800000  f9:0x7fc00000  f9=0xff800000
      20875.000 ns	      2086	80000a64	01d0c0b3	xor	x1,x1,x29	  x1:0x00000002 x29:0xbe40d000  x1=0xbe40d002
      20885.000 ns	      2087	80000a68	ede5b693	sltiu	x13,x11,-290	 x11:0xfffff913 x13=0x00000001
      20905.000 ns	      2089	80000a6c	f00d89d3	fmv.w.x	f19,x27	 x27:0x00000000 f19=0x00000000
      21275.000 ns	      2126	80000a70	03cc63b3	rem	x7,x24,x28	 x24:0x00000000 x28:0x80040fe4  x7=0x00000000
      21305.000 ns	      2129	80000a74	02b41433	mulh	x8,x8,x11	  x8:0xef903400 x11:0xfffff913  x8=0x00000071
      21335.000 ns	      2132	80000a78	c01371d3	fcvt.wu.s	x3,f6	  f6:0x7fc00000  x3=0xffffffff
      21355.000 ns	      2134	80000a7c	01b55013	srli	x0,x10,0x1b	 x10:0x00000000
      21365.000 ns	      2135	80000a80	e31e0a93	addi	x21,x28,-463	 x28:0x80040fe4 x21=0x80040e15
      21385.000 ns	      2137	80000a84	c01d7453	fcvt.wu.s	x8,f26	 f26:0x7f7fffff  x8=0xffffffff
      21405.000 ns	      2139	80000a88	01297093	andi	x1,x18,18	 x18:0xfffff913  x1=0x00000012
      21435.000 ns	      2142	80000a8c	5804fad3	fsqrt.s	f21,f9	  f9:0xff800000 f21=0x7fc00000
      21465.000 ns	      2145	80000a90	c012ff53	fcvt.wu.s	x30,f5	  f5:0x00000000 x30=0x00000000
      21495.000 ns	      2148	80000a94	211c9fd3	fsgnjn.s	f31,f25,f17	 f25:0xff800000 f17:0xff800000 f31=0x7f800000
      21515.000 ns	      2150	80000a98	00000013	addi	x0,x0,0	  x0:0x00000000
      21525.000 ns	      2151	80000a9c	6234b717	auipc	x14,0x6234b	 x14=0xe234ba9c
      21535.000 ns	      2152	80000aa0	413cd233	sra	x4,x25,x19	 x25:0x00000000 x19:0xff800000  x4=0x00000000
      21555.000 ns	      2154	80000aa4	292403d3	fmin.s	f7,f8,f18	  f8:0x7fc00000 f18:0xff800000  f7=0xff800000
      21575.000 ns	      2156	80000aa8	0160fbb3	and	x23,x1,x22	  x1:0x00000012 x22:0x5f0dd003 x23=0x00000002
      21585.000 ns	      2157	80000aac	ded62b13	slti	x22,x12,-531	 x12:0x00000000 x22=0x00000000
      21605.000 ns	      2159	80000ab0	293995d3	fmax.s	f11,f19,f19	 f19:0x00000000 f19:0x00000000 f11=0x00000000
      21625.000 ns	      2161	80000ab4	003df433	and	x8,x27,x3	 x27:0x00000000  x3:0xffffffff  x8=0x00000000
      21635.000 ns	      2162	80000ab8	77e07f13	andi	x30,x0,1918	  x0:0x00000000 x30=0x00000000
      21645.000 ns	      2163	80000abc	00d79b13	slli	x22,x15,0xd	 x15:0x00000002 x22=0x00004000
      21665.000 ns	      2165	80000ac0	e00e1253	fclass.s	x4,f28	 f28:0x7fc00000  x4=0x00000200
      21685.000 ns	      2167	80000ac4	db4c4913	xori	x18,x24,-588	 x24:0x00000000 x18=0xfffffdb4
      22045.000 ns	      2203	80000ac8	031d5f33	divu	x30,x26,x17	 x26:0xffffffff x17:0x80000000 x30=0x00000001
      22065.000 ns	      2205	80000acc	00db8933	add	x18,x23,x13	 x23:0x00000002 x13:0x00000001 x18=0x00000003
      22075.000 ns	      2206	80000ad0	e1da2b93	slti	x23,x20,-483	 x20:0x7f800000 x23=0x00000000
      22085.000 ns	      2207	80000ad4	01849f13	slli	x30,x9,0x18	  x9:0xffffffff x30=0xff000000
      22105.000 ns	      2209	80000ad8	d00ac6d3	fcvt.s.w	f13,x21	 x21:0x80040e15 f13=0xcefff7e4
      22135.000 ns	      2212	80000adc	02da3733	mulhu	x14,x20,x13	 x20:0x7f800000 x13:0x00000001 x14=0x00000000
      22165.000 ns	      2215	80000ae0	a0b303d3	fle.s	x7,f6,f11	  f6:0x7fc00000 f11:0x00000000  x7=0x00000000
      22195.000 ns	      2218	80000ae4	f00d0f53	fmv.w.x	f30,x26	 x26:0xffffffff f30=0xffffffff
      22225.000 ns	      2221	80000ae8	a1072153	feq.s	x2,f14,f16	 f14:0x4f000000 f16:0xff800000  x2=0x00000000
      22255.000 ns	      2224	80000aec	02492833	mulhsu	x16,x18,x4	 x18:0x00000003  x4:0x00000200 x16=0x00000000
      22285.000 ns	      2227	80000af0	a09a8ed3	fle.s	x29,f21,f9	 f21:0x7fc00000  f9:0xff800000 x29=0x00000000
      22305.000 ns	      2229	80000af4	ee6ef093	andi	x1,x29,-282	 x29:0xbe40d000  x1=0x00000000
      22325.000 ns	      2231	80000af8	28fd19d3	fmax.s	f19,f26,f15	 f26:0x7f7fffff f15:0x7f7fffff f19=0x7f7fffff
      23505.000 ns	      2349	80000afc	58057c53	fsqrt.s	f24,f10	 f10:0x40000000 f24=0x3f350482
      23525.000 ns	      2351	80000b00	01078a33	add	x20,x15,x16	 x15:0x00000002 x16:0x00000000 x20=0x00000002
      23545.000 ns	      2353	80000b04	037ef2b3	remu	x5,x29,x23	 x29:0x00000000 x23:0x00000000  x5=0x00000000
      23565.000 ns	      2355	80000b08	ad5bb093	sltiu	x1,x23,-1323	 x23:0x00000000  x1=0x00000001
      23585.000 ns	      2357	80000b0c	e00c0b53	fmv.x.w	x22,f24	 f24:0x3f350482 x22=0x3f350482
      23615.000 ns	      2360	80000b10	e00903d3	fmv.x.w	x7,f18	 f18:0xff800000  x7=0xff800000
      23645.000 ns	      2363	80000b14	d0009bd3	fcvt.s.w	f23,x1	  x1:0x00000001 f23=0x3f800000
      23665.000 ns	      2365	80000b18	002c0133	add	x2,x24,x2	 x24:0x00000000  x2:0x00000000  x2=0x00000000
      23675.000 ns	      2366	80000b1c	29b62093	slti	x1,x12,667	 x12:0x00000000  x1=0x00000001
      23685.000 ns	      2367	80000b20	01a7f033	and	x0,x15,x26	 x15:0x00000002 x26:0xffffffff
      23705.000 ns	      2369	80000b24	02d73933	mulhu	x18,x14,x13	 x14:0x00000000 x13:0x00000001 x18=0x00000000
      23735.000 ns	      2372	80000b28	20feae53	fsgnjx.s	f28,f29,f15	 f29:0x7fc00000 f15:0x7f7fffff f28=0x7fc00000
      23755.000 ns	      2374	80000b2c	00eccdb3	xor	x27,x25,x14	 x25:0x00000000 x14:0x00000000 x27=0x00000000
      23795.000 ns	      2378	80000b30	0998fdd3	fsub.s	f27,f17,f25	 f17:0xff800000 f25:0xff800000 f27=0x00000000
      23815.000 ns	      2380	80000b34	00667d33	and	x26,x12,x6	 x12:0x00000000  x6:0x80041024 x26=0x00000000
      23825.000 ns	      2381	80000b38	00000013	addi	x0,x0,0	  x0:0x00000000
      23835.000 ns	      2382	80000b3c	cce3c893	xori	x17,x7,-818	  x7:0xff800000 x17=0x007ffcce
      23855.000 ns	      2384	80000b40	c0130f53	fcvt.wu.s	x30,f6	  f6:0x7fc00000 x30=0xffffffff
      23885.000 ns	      2387	80000b44	a1c1a253	feq.s	x4,f3,f28	  f3:0x7fc00000 f28:0x7fc00000  x4=0x00000000
      23905.000 ns	      2389	80000b48	41515c13	srai	x24,x2,0x15	  x2:0x00000000 x24=0x00000000
      23915.000 ns	      2390	80000b4c	00c8d913	srli	x18,x17,0xc	 x17:0x007ffcce x18=0x000007ff
      23925.000 ns	      2391	80000b50	d5888013	addi	x0,x17,-680	 x17:0x007ffcce
      25095.000 ns	      2508	80000b54	5809f6d3	fsqrt.s	f13,f19	 f19:0x7f7fffff f13=0x5f350461
      25115.000 ns	      2510	80000b58	00369413	slli	x8,x13,0x3	 x13:0x00000001  x8=0x00000008
      25135.000 ns	      2512	80000b5c	20dca7d3	fsgnjx.s	f15,f25,f13	 f25:0xff800000 f13:0x5f350461 f15=0xff800000
      25155.000 ns	      2514	80000b60	002433b3	sltu	x7,x8,x2	  x8:0x00000000  x2:0x00000000  x7=0x00000000
      25165.000 ns	      2515	80000b64	000342b3	xor	x5,x6,x0	  x6:0x80041024  x0:0x00000000  x5=0x80041024
      25175.000 ns	      2516	80000b68	0f92e617	auipc	x12,0xf92e	 x12=0x8f92eb68
      25535.000 ns	      2552	80000b6c	03cb7b33	remu	x22,x22,x28	 x22:0x3f350482 x28:0x80040fe4 x22=0x3f350482
      25555.000 ns	      2554	80000b70	01460f33	add	x30,x12,x20	 x12:0x00000000 x20:0x00000002 x30=0x8f92eb6a
      25585.000 ns	      2557	80000b74	11d133d3	fmul.s	f7,f2,f29	  f2:0x00001cce f29:0x7fc00000  f7=0x7fc00000
      25605.000 ns	      2559	80000b78	36846113	ori	x2,x8,872	  x8:0x00000008  x2=0x00000368
      25615.000 ns	      2560	80000b7c	00af1d93	slli	x27,x30,0xa	 x30:0x8f92eb6a x27=0x4bada800
      25635.000 ns	      2562	80000b80	03970d33	mul	x26,x14,x25	 x14:0x00000000 x25:0x00000000 x26=0x00000000
      25675.000 ns	      2566	80000b84	18e0fcd3	fdiv.s	f25,f1,f14	  f1:0x7fc00000 f14:0x4f000000 f25=0x7fc00000
      25705.000 ns	      2569	80000b88	e00e1553	fclass.s	x10,f28	 f28:0x7fc00000 x10=0x00000200
      26075.000 ns	      2606	80000b8c	02987733	remu	x14,x16,x9	 x16:0x00000000  x9:0xffffffff x14=0x00000000
      26105.000 ns	      2609	80000b90	02786733	rem	x14,x16,x7	 x16:0x00000000  x7:0x00000000 x14=0x00000000
      26155.000 ns	      2614	80000b94	01b4a5d3	fadd.s	f11,f9,f27	  f9:0xff800000 f27:0x00000000 f11=0xff800000
      26175.000 ns	      2616	80000b98	00f76133	or	x2,x14,x15	 x14:0x00000000 x15:0x00000002  x2=0x00000002
      26535.000 ns	      2652	80000b9c	029ffeb3	remu	x29,x31,x9	 x31:0x00000000  x9:0xffffffff x29=0x00000000
      26565.000 ns	      2655	80000ba0	f0050853	fmv.w.x	f16,x10	 x10:0x00000200 f16=0x00000200
      26595.000 ns	      2658	80000ba4	a03323d3	feq.s	x7,f6,f3	  f6:0x7fc00000  f3:0x7fc00000  x7=0x00000000
      26615.000 ns	      2660	80000ba8	408288b3	sub	x17,x5,x8	  x5:0x80041024  x8:0x00000008 x17=0x8004101c
      26635.000 ns	      2662	80000bac	a1949653	flt.s	x12,f9,f25	  f9:0xff800000 f25:0x7fc00000 x12=0x00000000
      26665.000 ns	      2665	80000bb0	f00a0ed3	fmv.w.x	f29,x20	 x20:0x00000002 f29=0x00000002
      26685.000 ns	      2667	80000bb4	00736bb3	or	x23,x6,x7	  x6:0x80041024  x7:0x00000000 x23=0x80041024
      26695.000 ns	      2668	80000bb8	008321b3	slt	x3,x6,x8	  x6:0x80041024  x8:0x00000008  x3=0x00000001
      26715.000 ns	      2670	80000bbc	21c5a253	fsgnjx.s	f4,f11,f28	 f11:0xff800000 f28:0x7fc00000  f4=0xff800000
      26745.000 ns	      2673	80000bc0	e00f01d3	fmv.x.w	x3,f30	 f30:0xffffffff  x3=0xffffffff
      26775.000 ns	      2676	80000bc4	02ab85b3	mul	x11,x23,x10	 x23:0x80041024 x10:0x00000200 x11=0x08204800
      26805.000 ns	      2679	80000bc8	a0231c53	flt.s	x24,f6,f2	  f6:0x7fc00000  f2:0x00001cce x24=0x00000000
      27175.000 ns	      2716	80000bcc	021d5933	divu	x18,x26,x1	 x26:0x00000000  x1:0x00000001 x18=0x00000000
      27195.000 ns	      2718	80000bd0	d4a36a93	ori	x21,x6,-694	  x6:0x80041024 x21=0xfffffd6e
      27215.000 ns	      2720	80000bd4	c0108c53	fcvt.wu.s	x24,f1	  f1:0x7fc00000 x24=0xffffffff
      27255.000 ns	      2724	80000bd8	11dbf1d3	fmul.s	f3,f23,f29	 f23:0x3f800000 f29:0x00000002  f3=0x00000002
      27285.000 ns	      2727	80000bdc	295a0353	fmin.s	f6,f20,f21	 f20:0x7f7fffff f21:0x7fc00000  f6=0x7f7fffff
      27305.000 ns	      2729	80000be0	a5a44293	xori	x5,x8,-1446	  x8:0x00000008  x5=0xfffffa52
      27315.000 ns	      2730	80000be4	01cbb133	sltu	x2,x23,x28	 x23:0x80041024 x28:0x80040fe4  x2=0x00000000
      27325.000 ns	      2731	80000be8	00675613	srli	x12,x14,0x6	 x14:0x00000000 x12=0x00000000
      27335.000 ns	      2732	80000bec	fdcfe417	auipc	x8,0xfdcfe	  x8=0x7dcfebec
      27355.000 ns	      2734	80000bf0	02085ab3	divu	x21,x16,x0	 x16:0x00000000  x0:0x00000000 x21=0xffffffff
      27385.000 ns	      2737	80000bf4	e0038ad3	fmv.x.w	x21,f7	  f7:0x7fc00000 x21=0x7fc00000
      27405.000 ns	      2739	80000bf8	365a5837	lui	x16,0x365a5	 x16=0x365a5000
      27425.000 ns	      2741	80000bfc	a12098d3	flt.s	x17,f1,f18	  f1:0x7fc00000 f18:0xff800000 x17=0x00000000
      27445.000 ns	      2743	80000c00	01d4ccb3	xor	x25,x9,x29	  x9:0xffffffff x29:0x00000000 x25=0xffffffff
      27465.000 ns	      2745	80000c04	28e794d3	fmax.s	f9,f15,f14	 f15:0xff800000 f14:0x4f000000  f9=0x4f000000
      27495.000 ns	      2748	80000c08	c0127f53	fcvt.wu.s	x30,f4	  f4:0xff800000 x30=0x00000000
      27525.000 ns	      2751	80000c0c	d00c8053	fcvt.s.w	f0,x25	 x25:0xffffffff  f0=0xbf800000
      27555.000 ns	      2754	80000c10	c00171d3	fcvt.w.s	x3,f2	  f2:0x00001cce  x3=0x00000000
      27575.000 ns	      2756	80000c14	012de633	or	x12,x27,x18	 x27:0x4bada800 x18:0x00000000 x12=0x4bada800
      27585.000 ns	      2757	80000c18	0077f3b3	and	x7,x15,x7	 x15:0x00000002  x7:0x00000000  x7=0x00000000
      27605.000 ns	      2759	80000c1c	02650533	mul	x10,x10,x6	 x10:0x00000200  x6:0x80041024 x10=0x08204800
      27625.000 ns	      2761	80000c20	018a0033	add	x0,x20,x24	 x20:0x00000002 x24:0xffffffff
      27635.000 ns	      2762	80000c24	01bfe233	or	x4,x31,x27	 x31:0x00000000 x27:0x4bada800  x4=0x4bada800
      27645.000 ns	      2763	80000c28	018ede93	srli	x29,x29,0x18	 x29:0x00000000 x29=0x00000000
      27655.000 ns	      2764	80000c2c	01ea1893	slli	x17,x20,0x1e	 x20:0x00000002 x17=0x80000000
      27675.000 ns	      2766	80000c30	c00d0ed3	fcvt.w.s	x29,f26	 f26:0x7f7fffff x29=0x7fffffff
      27725.000 ns	      2771	80000c34	00eafdd3	fadd.s	f27,f21,f14	 f21:0x7fc00000 f14:0x4f000000 f27=0x7fc00000
      27755.000 ns	      2774	80000c38	284a0553	fmin.s	f10,f20,f4	 f20:0x7f7fffff  f4:0xff800000 f10=0xff800000
      27805.000 ns	      2779	80000c3c	01367f53	fadd.s	f30,f12,f19	 f12:0xff800000 f19:0x7f7fffff f30=0xff800000
      27835.000 ns	      2782	80000c40	a0d9a8d3	feq.s	x17,f19,f13	 f19:0x7f7fffff f13:0x5f350461 x17=0x00000000
      27865.000 ns	      2785	80000c44	e00c0cd3	fmv.x.w	x25,f24	 f24:0x3f350482 x25=0x3f350482
      27885.000 ns	      2787	80000c48	002c5713	srli	x14,x24,0x2	 x24:0xffffffff x14=0x3fffffff
      27905.000 ns	      2789	80000c4c	e00e19d3	fclass.s	x19,f28	 f28:0x7fc00000 x19=0x00000200
      27925.000 ns	      2791	80000c50	4128d913	srai	x18,x17,0x12	 x17:0x00000000 x18=0x00000000
      27935.000 ns	      2792	80000c54	33a42237	lui	x4,0x33a42	  x4=0x33a42000
      27945.000 ns	      2793	80000c58	00cfddb3	srl	x27,x31,x12	 x31:0x00000000 x12:0x4bada800 x27=0x00000000
      27965.000 ns	      2795	80000c5c	037a15b3	mulh	x11,x20,x23	 x20:0x00000002 x23:0x80041024 x11=0xffffffff
      27985.000 ns	      2797	80000c60	d25d0a13	addi	x20,x26,-731	 x26:0x00000000 x20=0xfffffd25
      28345.000 ns	      2833	80000c64	02f1c6b3	div	x13,x3,x15	  x3:0x00000000 x15:0x00000002 x13=0x00000000
      28375.000 ns	      2836	80000c68	02384733	div	x14,x16,x3	 x16:0x365a5000  x3:0x00000000 x14=0xffffffff
      28405.000 ns	      2839	80000c6c	e0048f53	fmv.x.w	x30,f9	  f9:0x4f000000 x30=0x4f000000
      28425.000 ns	      2841	80000c70	00a88b33	add	x22,x17,x10	 x17:0x00000000 x10:0x08204800 x22=0x08204800
      28465.000 ns	      2845	80000c74	0968c253	fsub.s	f4,f17,f22	 f17:0xff800000 f22:0x7fc00000  f4=0x7fc00000
      28485.000 ns	      2847	80000c78	99c87013	andi	x0,x16,-1636	 x16:0x365a5000
      28495.000 ns	      2848	80000c7c	1f98a393	slti	x7,x17,505	 x17:0x00000000  x7=0x00000001
      28515.000 ns	      2850	80000c80	21db0453	fsgnj.s	f8,f22,f29	 f22:0x7fc00000 f29:0x00000002  f8=0x7fc00000
      28535.000 ns	      2852	80000c84	47910493	addi	x9,x2,1145	  x2:0x00000000  x9=0x00000479
      28555.000 ns	      2854	80000c88	02a33c33	mulhu	x24,x6,x10	  x6:0x80041024 x10:0x08204800 x24=0x04104504
      28575.000 ns	      2856	80000c8c	3e573a93	sltiu	x21,x14,997	 x14:0xffffffff x21=0x00000000
      28595.000 ns	      2858	80000c90	d01f4853	fcvt.s.wu	f16,x30	 x30:0x4f000000 f16=0x4e9e0000
      28615.000 ns	      2860	80000c94	f46b5d17	auipc	x26,0xf46b5	 x26=0x746b5c94
      28635.000 ns	      2862	80000c98	29b995d3	fmax.s	f11,f19,f27	 f19:0x7f7fffff f27:0x7fc00000 f11=0x7f7fffff
      28655.000 ns	      2864	80000c9c	001dd633	srl	x12,x27,x1	 x27:0x00000000  x1:0x00000001 x12=0x00000000
      28665.000 ns	      2865	80000ca0	01d75293	srli	x5,x14,0x1d	 x14:0xffffffff  x5=0x00000007
      28675.000 ns	      2866	80000ca4	01d3bf13	sltiu	x30,x7,29	  x7:0x00000001 x30=0x00000001
      28695.000 ns	      2868	80000ca8	02e7b4b3	mulhu	x9,x15,x14	 x15:0x00000002 x14:0xffffffff  x9=0x00000001
      28725.000 ns	      2871	80000cac	21ac1cd3	fsgnjn.s	f25,f24,f26	 f24:0x3f350482 f26:0x7f7fffff f25=0xbf350482
      29095.000 ns	      2908	80000cb0	03c24233	div	x4,x4,x28	  x4:0x33a42000 x28:0x80040fe4  x4=0x00000000
      29115.000 ns	      2910	80000cb4	01efd213	srli	x4,x31,0x1e	 x31:0x00000000  x4=0x00000000
      29125.000 ns	      2911	80000cb8	01e47a33	and	x20,x8,x30	  x8:0x7dcfebec x30:0x00000001 x20=0x00000000
      29145.000 ns	      2913	80000cbc	03d1acb3	mulhsu	x25,x3,x29	  x3:0x00000000 x29:0x7fffffff x25=0x00000000
      29165.000 ns	      2915	80000cc0	407dd393	srai	x7,x27,0x7	 x27:0x00000000  x7=0x00000000
      29175.000 ns	      2916	80000cc4	01ceea33	or	x20,x29,x28	 x29:0x7fffffff x28:0x80040fe4 x20=0xffffffff
      29185.000 ns	      2917	80000cc8	00ea41b3	xor	x3,x20,x14	 x20:0x00000000 x14:0xffffffff  x3=0x00000000
      29195.000 ns	      2918	80000ccc	017cb6b3	sltu	x13,x25,x23	 x25:0x00000000 x23:0x80041024 x13=0x00000001
      29205.000 ns	      2919	80000cd0	004d1cb3	sll	x25,x26,x4	 x26:0x746b5c94  x4:0x00000000 x25=0x746b5c94
      29215.000 ns	      2920	80000cd4	41bf89b3	sub	x19,x31,x27	 x31:0x00000000 x27:0x00000000 x19=0x00000000
      29225.000 ns	      2921	80000cd8	01edc033	xor	x0,x27,x30	 x27:0x00000000 x30:0x00000001
      29255.000 ns	      2924	80000cdc	580e7bd3	fsqrt.s	f23,f28	 f28:0x7fc00000 f23=0x7fc00000
      29275.000 ns	      2926	80000ce0	011de533	or	x10,x27,x17	 x27:0x00000000 x17:0x00000000 x10=0x00000000
      29285.000 ns	      2927	80000ce4	653c50b7	lui	x1,0x653c5	  x1=0x653c5000
      29295.000 ns	      2928	80000ce8	01905493	srli	x9,x0,0x19	  x0:0x00000000  x9=0x00000000
      29315.000 ns	      2930	80000cec	20ae2553	fsgnjx.s	f10,f28,f10	 f28:0x7fc00000 f10:0xff800000 f10=0xffc00000
      29685.000 ns	      2967	80000cf0	025a60b3	rem	x1,x20,x5	 x20:0xffffffff  x5:0x00000007  x1=0xffffffff
      29705.000 ns	      2969	80000cf4	40f95a33	sra	x20,x18,x15	 x18:0x00000000 x15:0x00000002 x20=0x00000000
      29735.000 ns	      2972	80000cf8	19fcf3d3	fdiv.s	f7,f25,f31	 f25:0xbf350482 f31:0x7f800000  f7=0x80000000
      29765.000 ns	      2975	80000cfc	e0080c53	fmv.x.w	x24,f16	 f16:0x4e9e0000 x24=0x4e9e0000
      29795.000 ns	      2978	80000d00	209ea853	fsgnjx.s	f16,f29,f9	 f29:0x00000002  f9:0x4f000000 f16=0x00000002
      29815.000 ns	      2980	80000d04	00d01893	slli	x17,x0,0xd	  x0:0x00000000 x17=0x00000000
      29825.000 ns	      2981	80000d08	0054a633	slt	x12,x9,x5	  x9:0x00000000  x5:0x00000007 x12=0x00000001
      29865.000 ns	      2985	80000d0c	00e44753	fadd.s	f14,f8,f14	  f8:0x7fc00000 f14:0x4f000000 f14=0x7fc00000
      29895.000 ns	      2988	80000d10	a1dc1d53	flt.s	x26,f24,f29	 f24:0x3f350482 f29:0x00000002 x26=0x00000000
      29945.000 ns	      2993	80000d14	0103ffd3	fadd.s	f31,f7,f16	  f7:0x80000000 f16:0x00000002 f31=0x00000002
      29965.000 ns	      2995	80000d18	019eddb3	srl	x27,x29,x25	 x29:0x7fffffff x25:0x746b5c94 x27=0x000007ff
      29975.000 ns	      2996	80000d1c	0c84ba13	sltiu	x20,x9,200	  x9:0x00000000 x20=0x00000001
      29985.000 ns	      2997	80000d20	018638b3	sltu	x17,x12,x24	 x12:0x00000001 x24:0x4e9e0000 x17=0x00000001
      29995.000 ns	      2998	80000d24	00380433	add	x8,x16,x3	 x16:0x365a5000  x3:0x00000000  x8=0x365a5000
      30015.000 ns	      3000	80000d28	a1c78c53	fle.s	x24,f15,f28	 f15:0xff800000 f28:0x7fc00000 x24=0x00000000
      30035.000 ns	      3002	80000d2c	00c6e733	or	x14,x13,x12	 x13:0x00000001 x12:0x00000001 x14=0x00000001
      30045.000 ns	      3003	80000d30	40b80233	sub	x4,x16,x11	 x16:0x365a5000 x11:0xffffffff  x4=0x365a5001
      30055.000 ns	      3004	80000d34	009490b3	sll	x1,x9,x9	  x9:0x00000000  x9:0x00000000  x1=0x00000000
      30415.000 ns	      3040	80000d38	037eeb33	rem	x22,x29,x23	 x29:0x7fffffff x23:0x80041024 x22=0x00041023
      30785.000 ns	      3077	80000d3c	03d7ebb3	rem	x23,x15,x29	 x15:0x00000002 x29:0x7fffffff x23=0x00000002
      30805.000 ns	      3079	80000d40	aa81f613	andi	x12,x3,-1368	  x3:0x00000000 x12=0x00000000
      30825.000 ns	      3081	80000d44	29929cd3	fmax.s	f25,f5,f25	  f5:0x00000000 f25:0xbf350482 f25=0x00000000
      30845.000 ns	      3083	80000d48	40410eb3	sub	x29,x2,x4	  x2:0x00000000  x4:0x365a5001 x29=0xc9a5afff
      30865.000 ns	      3085	80000d4c	027236b3	mulhu	x13,x4,x7	  x4:0x365a5001  x7:0x00000000 x13=0x00000000
      30895.000 ns	      3088	80000d50	29db89d3	fmin.s	f19,f23,f29	 f23:0x7fc00000 f29:0x00000002 f19=0x00000002
      30915.000 ns	      3090	80000d54	784419b7	lui	x19,0x78441	 x19=0x78441000
      30925.000 ns	      3091	80000d58	00000013	addi	x0,x0,0	  x0:0x00000000
      30935.000 ns	      3092	80000d5c	a7f62613	slti	x12,x12,-1409	 x12:0x00000000 x12=0x00000000
      30945.000 ns	      3093	80000d60	00000013	addi	x0,x0,0	  x0:0x00000000
      30965.000 ns	      3095	80000d64	c0192ad3	fcvt.wu.s	x21,f18	 f18:0xff800000 x21=0x00000000
      30995.000 ns	      3098	80000d68	028310b3	mulh	x1,x6,x8	  x6:0x80041024  x8:0x365a5000  x1=0xe4d3b4d6
      31365.000 ns	      3135	80000d6c	033772b3	remu	x5,x14,x19	 x14:0x00000001 x19:0x78441000  x5=0x00000001
      31385.000 ns	      3137	80000d70	018b7f33	and	x30,x22,x24	 x22:0x00041023 x24:0x00000000 x30=0x00000000
      31405.000 ns	      3139	80000d74	e0040753	fmv.x.w	x14,f8	  f8:0x7fc00000 x14=0x7fc00000
      31455.000 ns	      3144	80000d78	08b90d53	fsub.s	f26,f18,f11	 f18:0xff800000 f11:0x7f7fffff f26=0xff800000
      31475.000 ns	      3146	80000d7c	00314833	xor	x16,x2,x3	  x2:0x00000000  x3:0x00000000 x16=0x00000000
      31495.000 ns	      3148	80000d80	d00bbfd3	fcvt.s.w	f31,x23	 x23:0x00000002 f31=0x40000000
      31515.000 ns	      3150	80000d84	401e0d33	sub	x26,x28,x1	 x28:0x80040fe4  x1:0xe4d3b4d6 x26=0x9b305b0e
      31535.000 ns	      3152	80000d88	200b0cd3	fsgnj.s	f25,f22,f0	 f22:0x7fc00000  f0:0xbf800000 f25=0xffc00000
      31555.000 ns	      3154	80000d8c	41898cb3	sub	x25,x19,x24	 x19:0x78441000 x24:0x00000000 x25=0x78441000
      31565.000 ns	      3155	80000d90	40c2b897	auipc	x17,0x40c2b	 x17=0xc0c2bd90
      31575.000 ns	      3156	80000d94	00321b33	sll	x22,x4,x3	  x4:0x365a5001  x3:0x00000000 x22=0x365a5001
      31585.000 ns	      3157	80000d98	00df1e93	slli	x29,x30,0xd	 x30:0x00000000 x29=0x00000000
      31605.000 ns	      3159	80000d9c	d0097453	fcvt.s.w	f8,x18	 x18:0x00000000  f8=0x00000000
      31625.000 ns	      3161	80000da0	005d5433	srl	x8,x26,x5	 x26:0x9b305b0e  x5:0x00000001  x8=0x4d982d87
      31645.000 ns	      3163	80000da4	e0078153	fmv.x.w	x2,f15	 f15:0xff800000  x2=0xff800000
      31665.000 ns	      3165	80000da8	0073ef33	or	x30,x7,x7	  x7:0x00000000  x7:0x00000000 x30=0x00000000
      31685.000 ns	      3167	80000dac	a07e29d3	feq.s	x19,f28,f7	 f28:0x7fc00000  f7:0x80000000 x19=0x00000000
      31715.000 ns	      3170	80000db0	290d19d3	fmax.s	f19,f26,f16	 f26:0xff800000 f16:0x00000002 f19=0x00000002
      31745.000 ns	      3173	80000db4	207a1bd3	fsgnjn.s	f23,f20,f7	 f20:0x7f7fffff  f7:0x80000000 f23=0x7f7fffff
      31785.000 ns	      3177	80000db8	116072d3	fmul.s	f5,f0,f22	  f0:0xbf800000 f22:0x7fc00000  f5=0x7fc00000
      31805.000 ns	      3179	80000dbc	40ed53b3	sra	x7,x26,x14	 x26:0x9b305b0e x14:0x7fc00000  x7=0x9b305b0e
      31825.000 ns	      3181	80000dc0	213ea4d3	fsgnjx.s	f9,f29,f19	 f29:0x00000002 f19:0x00000002  f9=0x00000002
      31855.000 ns	      3184	80000dc4	03cf0d33	mul	x26,x30,x28	 x30:0x00000000 x28:0x80040fe4 x26=0x00000000
      31875.000 ns	      3186	80000dc8	1a82c113	xori	x2,x5,424	  x5:0x00000001  x2=0x000001a9
      31885.000 ns	      3187	80000dcc	f21bfb93	andi	x23,x23,-223	 x23:0x00000002 x23=0x00000000
      31895.000 ns	      3188	80000dd0	01106613	ori	x12,x0,17	  x0:0x00000000 x12=0x00000011
      31915.000 ns	      3190	80000dd4	284c0c53	fmin.s	f24,f24,f4	 f24:0x3f350482  f4:0x7fc00000 f24=0x3f350482
      31935.000 ns	      3192	80000dd8	1ee9ec13	ori	x24,x19,494	 x19:0x00000000 x24=0x000001ee
      31945.000 ns	      3193	80000ddc	00000013	addi	x0,x0,0	  x0:0x00000000
      31965.000 ns	      3195	80000de0	e0009a53	fclass.s	x20,f1	  f1:0x7fc00000 x20=0x00000200
      31995.000 ns	      3198	80000de4	d0007ed3	fcvt.s.w	f29,x0	  x0:0x00000000 f29=0x00000000
      32025.000 ns	      3201	80000de8	02085733	divu	x14,x16,x0	 x16:0x00000000  x0:0x00000000 x14=0xffffffff
      32045.000 ns	      3203	80000dec	3526bc93	sltiu	x25,x13,850	 x13:0x00000000 x25=0x00000001
      32065.000 ns	      3205	80000df0	02fb2c33	mulhsu	x24,x22,x15	 x22:0x365a5001 x15:0x00000002 x24=0x00000000
      32085.000 ns	      3207	80000df4	003e3433	sltu	x8,x28,x3	 x28:0x80040fe4  x3:0x00000000  x8=0x00000000
      32105.000 ns	      3209	80000df8	29a31f53	fmax.s	f30,f6,f26	  f6:0x7f7fffff f26:0xff800000 f30=0x7f7fffff
      32125.000 ns	      3211	80000dfc	9d094d37	lui	x26,0x9d094	 x26=0x9d094000
      32145.000 ns	      3213	80000e00	e00f9153	fclass.s	x2,f31	 f31:0x40000000  x2=0x00000040
      32165.000 ns	      3215	80000e04	01e402b3	add	x5,x8,x30	  x8:0x00000000 x30:0x00000000  x5=0x00000000
      32175.000 ns	      3216	80000e08	4161db33	sra	x22,x3,x22	  x3:0x00000000 x22:0x365a5001 x22=0x00000000
      32185.000 ns	      3217	80000e0c	1bb646b7	lui	x13,0x1bb64	 x13=0x1bb64000
      32195.000 ns	      3218	80000e10	0edd6d37	lui	x26,0xedd6	 x26=0x0edd6000
      32215.000 ns	      3220	80000e14	e00d19d3	fclass.s	x19,f26	 f26:0xff800000 x19=0x00000001
      32245.000 ns	      3223	80000e18	f0078153	fmv.w.x	f2,x15	 x15:0x00000002  f2=0x00000002
      32275.000 ns	      3226	80000e1c	a06098d3	flt.s	x17,f1,f6	  f1:0x7fc00000  f6:0x7f7fffff x17=0x00000000
      32295.000 ns	      3228	80000e20	015a5733	srl	x14,x20,x21	 x20:0x00000200 x21:0x00000000 x14=0x00000200
      32315.000 ns	      3230	80000e24	02db92b3	mulh	x5,x23,x13	 x23:0x00000000 x13:0x1bb64000  x5=0x00000000
      32345.000 ns	      3233	80000e28	205c23d3	fsgnjx.s	f7,f24,f5	 f24:0x3f350482  f5:0x7fc00000  f7=0x3f350482
      32365.000 ns	      3235	80000e2c	409ddd93	srai	x27,x27,0x9	 x27:0x000007ff x27=0x00000003
      32375.000 ns	      3236	80000e30	40fb8133	sub	x2,x23,x15	 x23:0x00000000 x15:0x00000002  x2=0xfffffffe
      32385.000 ns	      3237	80000e34	0ea7c093	xori	x1,x15,234	 x15:0x00000002  x1=0x000000e8
      32405.000 ns	      3239	80000e38	c008f753	fcvt.w.s	x14,f17	 f17:0xff800000 x14=0x80000000
      32455.000 ns	      3244	80000e3c	092f7ed3	fsub.s	f29,f30,f18	 f30:0x7f7fffff f18:0xff800000 f29=0x7f800000
      32475.000 ns	      3246	80000e40	01ef0733	add	x14,x30,x30	 x30:0x00000000 x30:0x00000000 x14=0x00000000
      32485.000 ns	      3247	80000e44	d6ff8613	addi	x12,x31,-657	 x31:0x00000000 x12=0xfffffd6f
      32495.000 ns	      3248	80000e48	01baeeb3	or	x29,x21,x27	 x21:0x00000000 x27:0x00000003 x29=0x00000003
      32505.000 ns	      3249	80000e4c	4d88aa93	slti	x21,x17,1240	 x17:0x00000000 x21=0x00000001
      32515.000 ns	      3250	80000e50	00516433	or	x8,x2,x5	  x2:0xfffffffe  x5:0x00000000  x8=0xfffffffe
      32525.000 ns	      3251	80000e54	1fc66917	auipc	x18,0x1fc66	 x18=0x9fc66e54
      32545.000 ns	      3253	80000e58	a1079053	flt.s	x0,f15,f16	 f15:0xff800000 f16:0x00000002
      32565.000 ns	      3255	80000e5c	019732b3	sltu	x5,x14,x25	 x14:0x00000000 x25:0x00000001  x5=0x00000001
      32575.000 ns	      3256	80000e60	0169ff33	and	x30,x19,x22	 x19:0x00000001 x22:0x00000000 x30=0x00000000
      32595.000 ns	      3258	80000e64	e0050253	fmv.x.w	x4,f10	 f10:0xffc00000  x4=0xffc00000
      32615.000 ns	      3260	80000e68	ed5ca613	slti	x12,x25,-299	 x25:0x00000001 x12=0x00000000
      32635.000 ns	      3262	80000e6c	285f82d3	fmin.s	f5,f31,f5	 f31:0x40000000  f5:0x7fc00000  f5=0x40000000
      32655.000 ns	      3264	80000e70	00064633	xor	x12,x12,x0	 x12:0xfffffd6f  x0:0x00000000 x12=0x00000000
      32675.000 ns	      3266	80000e74	e0059ad3	fclass.s	x21,f11	 f11:0x7f7fffff x21=0x00000040
      32715.000 ns	      3270	80000e78	199d7ed3	fdiv.s	f29,f26,f25	 f26:0xff800000 f25:0xffc00000 f29=0x7fc00000
      33085.000 ns	      3307	80000e7c	02f4ca33	div	x20,x9,x15	  x9:0x00000000 x15:0x00000002 x20=0x00000000
      33105.000 ns	      3309	80000e80	407ed413	srai	x8,x29,0x7	 x29:0x00000003  x8=0x00000000
      33115.000 ns	      3310	80000e84	01869633	sll	x12,x13,x24	 x13:0x1bb64000 x24:0x00000000 x12=0x1bb64000
      33135.000 ns	      3312	80000e88	28231453	fmax.s	f8,f6,f2	  f6:0x7f7fffff  f2:0x00000002  f8=0x7f7fffff
      33155.000 ns	      3314	80000e8c	8651b097	auipc	x1,0x8651b	  x1=0x0651be8c
      33185.000 ns	      3317	80000e90	180224d3	fdiv.s	f9,f4,f0	  f4:0x7fc00000  f0:0xbf800000  f9=0x7fc00000
      33205.000 ns	      3319	80000e94	009bb233	sltu	x4,x23,x9	 x23:0x00000000  x9:0x00000000  x4=0x00000000
      33565.000 ns	      3355	80000e98	03cec133	div	x2,x29,x28	 x29:0x00000003 x28:0x80040fe4  x2=0x00000000
      33605.000 ns	      3359	80000e9c	10c5f6d3	fmul.s	f13,f11,f12	 f11:0x7f7fffff f12:0xff800000 f13=0xff800000
      33625.000 ns	      3361	80000ea0	009e8b33	add	x22,x29,x9	 x29:0x00000003  x9:0x00000000 x22=0x00000003
      33645.000 ns	      3363	80000ea4	03b03733	mulhu	x14,x0,x27	  x0:0x00000000 x27:0x00000003 x14=0x00000000
      33675.000 ns	      3366	80000ea8	e00298d3	fclass.s	x17,f5	  f5:0x40000000 x17=0x00000040
      33695.000 ns	      3368	80000eac	01d36c33	or	x24,x6,x29	  x6:0x80041024 x29:0x00000003 x24=0x80041027
      33705.000 ns	      3369	80000eb0	bd4eb717	auipc	x14,0xbd4eb	 x14=0x3d4ebeb0
      33715.000 ns	      3370	80000eb4	dc2db513	sltiu	x10,x27,-574	 x27:0x00000003 x10=0x00000001
      33725.000 ns	      3371	80000eb8	3b5f66b7	lui	x13,0x3b5f6	 x13=0x3b5f6000
      33745.000 ns	      3373	80000ebc	289187d3	fmin.s	f15,f3,f9	  f3:0x00000002  f9:0x7fc00000 f15=0x00000002
      33775.000 ns	      3376	80000ec0	a0bd2bd3	feq.s	x23,f26,f11	 f26:0xff800000 f11:0x7f7fffff x23=0x00000000
      33805.000 ns	      3379	80000ec4	a1042a53	feq.s	x20,f8,f16	  f8:0x7f7fffff f16:0x00000002 x20=0x00000000
      33855.000 ns	      3384	80000ec8	018a71d3	fadd.s	f3,f20,f24	 f20:0x7f7fffff f24:0x3f350482  f3=0x7f7fffff
      33875.000 ns	      3386	80000ecc	37758897	auipc	x17,0x37758	 x17=0xb7758ecc
      33895.000 ns	      3388	80000ed0	29690a53	fmin.s	f20,f18,f22	 f18:0xff800000 f22:0x7fc00000 f20=0xff800000
      33915.000 ns	      3390	80000ed4	01a15033	srl	x0,x2,x26	  x2:0x00000000 x26:0x0edd6000
      33925.000 ns	      3391	80000ed8	9af42b13	slti	x22,x8,-1617	  x8:0x00000000 x22=0x00000000
      33945.000 ns	      3393	80000edc	02264833	div	x16,x12,x2	 x12:0x1bb64000  x2:0x00000000 x16=0xffffffff
      33975.000 ns	      3396	80000ee0	20701753	fsgnjn.s	f14,f0,f7	  f0:0xbf800000  f7:0x3f350482 f14=0xbf800000
      34005.000 ns	      3399	80000ee4	a01a2953	feq.s	x18,f20,f1	 f20:0xff800000  f1:0x7fc00000 x18=0x00000000
      34025.000 ns	      3401	80000ee8	000d0533	add	x10,x26,x0	 x26:0x0edd6000  x0:0x00000000 x10=0x0edd6000
      34045.000 ns	      3403	80000eec	29929153	fmax.s	f2,f5,f25	  f5:0x40000000 f25:0xffc00000  f2=0x40000000
      34075.000 ns	      3406	80000ef0	d014c9d3	fcvt.s.wu	f19,x9	  x9:0x00000000 f19=0x00000000
      34095.000 ns	      3408	80000ef4	01291c93	slli	x25,x18,0x12	 x18:0x00000000 x25=0x00000000
      34105.000 ns	      3409	80000ef8	dd144c93	xori	x25,x8,-559	  x8:0x00000000 x25=0xfffffdd1
      34115.000 ns	      3410	80000efc	411e8c33	sub	x24,x29,x17	 x29:0x00000003 x17:0xb7758ecc x24=0x488a7137
      34135.000 ns	      3412	80000f00	d00442d3	fcvt.s.w	f5,x8	  x8:0x00000000  f5=0x00000000
      34165.000 ns	      3415	80000f04	03bcad33	mulhsu	x26,x25,x27	 x25:0xfffffdd1 x27:0x00000003 x26=0xffffffff
      34195.000 ns	      3418	80000f08	20708453	fsgnj.s	f8,f1,f7	  f1:0x7fc00000  f7:0x3f350482  f8=0x7fc00000
      34225.000 ns	      3421	80000f0c	a0e820d3	feq.s	x1,f16,f14	 f16:0x00000002 f14:0xbf800000  x1=0x00000000
      34255.000 ns	      3424	80000f10	037ab3b3	mulhu	x7,x21,x23	 x21:0x00000040 x23:0x00000000  x7=0x00000000
      34625.000 ns	      3461	80000f14	03bc5033	divu	x0,x24,x27	 x24:0x488a7137 x27:0x00000003
      34655.000 ns	      3464	80000f18	a092a4d3	feq.s	x9,f5,f9	  f5:0x00000000  f9:0x7fc00000  x9=0x00000000
      34685.000 ns	      3467	80000f1c	027ff9b3	remu	x19,x31,x7	 x31:0x00000000  x7:0x00000000 x19=0x00000000
      34735.000 ns	      3472	80000f20	09288cd3	fsub.s	f25,f17,f18	 f17:0xff800000 f18:0xff800000 f25=0x00000000
      34765.000 ns	      3475	80000f24	a1cb95d3	flt.s	x11,f23,f28	 f23:0x7f7fffff f28:0x7fc00000 x11=0x00000000
      34785.000 ns	      3477	80000f28	0015c833	xor	x16,x11,x1	 x11:0xffffffff  x1:0x00000000 x16=0x00000000
      34805.000 ns	      3479	80000f2c	a0db04d3	fle.s	x9,f22,f13	 f22:0x7fc00000 f13:0xff800000  x9=0x00000000
      34835.000 ns	      3482	80000f30	21b497d3	fsgnjn.s	f15,f9,f27	  f9:0x7fc00000 f27:0x7fc00000 f15=0xffc00000
      34865.000 ns	      3485	80000f34	209327d3	fsgnjx.s	f15,f6,f9	  f6:0x7f7fffff  f9:0x7fc00000 f15=0x7f7fffff
      34885.000 ns	      3487	80000f38	41228c33	sub	x24,x5,x18	  x5:0x00000001 x18:0x00000000 x24=0x00000001
      34895.000 ns	      3488	80000f3c	8dec7b17	auipc	x22,0x8dec7	 x22=0x0dec7f3c
      34905.000 ns	      3489	80000f40	00000013	addi	x0,x0,0	  x0:0x00000000
      34915.000 ns	      3490	80000f44	6ee12d93	slti	x27,x2,1774	  x2:0x00000000 x27=0x00000001
      34945.000 ns	      3493	80000f48	10e5f4d3	fmul.s	f9,f11,f14	 f11:0x7f7fffff f14:0xbf800000  f9=0xff800000
      34965.000 ns	      3495	80000f4c	00000013	addi	x0,x0,0	  x0:0x00000000
      34995.000 ns	      3498	80000f50	19d7c5d3	fdiv.s	f11,f15,f29	 f15:0x7f7fffff f29:0x7fc00000 f11=0x7fc00000
      35015.000 ns	      3500	80000f54	009a1193	slli	x3,x20,0x9	 x20:0x00000000  x3=0x00000000
      35035.000 ns	      3502	80000f58	d0182353	fcvt.s.wu	f6,x16	 x16:0x00000000  f6=0x00000000
      35055.000 ns	      3504	80000f5c	40df0bb3	sub	x23,x30,x13	 x30:0x00000000 x13:0x3b5f6000 x23=0xc4a0a000
      35065.000 ns	      3505	80000f60	2b3f00b7	lui	x1,0x2b3f0	  x1=0x2b3f0000
      35075.000 ns	      3506	80000f64	40b1d613	srai	x12,x3,0xb	  x3:0x00000000 x12=0x00000000
      35095.000 ns	      3508	80000f68	a1718a53	fle.s	x20,f3,f23	  f3:0x7f7fffff f23:0x7f7fffff x20=0x00000001
      35115.000 ns	      3510	80000f6c	403d5fb3	sra	x31,x26,x3	 x26:0xffffffff  x3:0x00000000 x31=0xffffffff
      35135.000 ns	      3512	80000f70	032286b3	mul	x13,x5,x18	  x5:0x00000001 x18:0x00000000 x13=0x00000000
      35505.000 ns	      3549	80000f74	02a7d433	divu	x8,x15,x10	 x15:0x00000002 x10:0x0edd6000  x8=0x00000000
      35535.000 ns	      3552	80000f78	d00c7dd3	fcvt.s.w	f27,x24	 x24:0x00000001 f27=0x3f800000
      35555.000 ns	      3554	80000f7c	59600693	addi	x13,x0,1430	  x0:0x00000000 x13=0x00000596
      35575.000 ns	      3556	80000f80	214ca5d3	fsgnjx.s	f11,f25,f20	 f25:0x00000000 f20:0xff800000 f11=0x80000000
      35605.000 ns	      3559	80000f84	20e919d3	fsgnjn.s	f19,f18,f14	 f18:0xff800000 f14:0xbf800000 f19=0x7f800000
      35635.000 ns	      3562	80000f88	022ce4b3	rem	x9,x25,x2	 x25:0xfffffdd1  x2:0x00000000  x9=0xfffffdd1
      35655.000 ns	      3564	80000f8c	20333393	sltiu	x7,x6,515	  x6:0x80041024  x7=0x00000000
      35665.000 ns	      3565	80000f90	010dd293	srli	x5,x27,0x10	 x27:0x00000001  x5=0x00000000
      35685.000 ns	      3567	80000f94	03e20733	mul	x14,x4,x30	  x4:0x00000000 x30:0x00000000 x14=0x00000000
      35715.000 ns	      3570	80000f98	f00a00d3	fmv.w.x	f1,x20	 x20:0x00000001  f1=0x00000001
      35755.000 ns	      3574	80000f9c	118940d3	fmul.s	f1,f18,f24	 f18:0xff800000 f24:0x3f350482  f1=0xff800000
      35775.000 ns	      3576	80000fa0	5ebb7613	andi	x12,x22,1515	 x22:0x0dec7f3c x12=0x00000528
      35785.000 ns	      3577	80000fa4	016e71b3	and	x3,x28,x22	 x28:0x80040fe4 x22:0x0dec7f3c  x3=0x00040f24
      35795.000 ns	      3578	80000fa8	b8b89b37	lui	x22,0xb8b89	 x22=0xb8b89000
      35805.000 ns	      3579	80000fac	92a3c593	xori	x11,x7,-1750	  x7:0x00000000 x11=0xfffff92a
      35815.000 ns	      3580	80000fb0	012d0533	add	x10,x26,x18	 x26:0xffffffff x18:0x00000000 x10=0xffffffff
      35835.000 ns	      3582	80000fb4	a0c3aad3	feq.s	x21,f7,f12	  f7:0x3f350482 f12:0xff800000 x21=0x00000000
      35865.000 ns	      3585	80000fb8	219e1cd3	fsgnjn.s	f25,f28,f25	 f28:0x7fc00000 f25:0x00000000 f25=0xffc00000
      35885.000 ns	      3587	80000fbc	01825d13	srli	x26,x4,0x18	  x4:0x00000000 x26=0x00000000
      35905.000 ns	      3589	80000fc0	c01df8d3	fcvt.wu.s	x17,f27	 f27:0x3f800000 x17=0x00000001
      35925.000 ns	      3591	80000fc4	00409013	slli	x0,x1,0x4	  x1:0x2b3f0000
      35945.000 ns	      3593	80000fc8	c01cafd3	fcvt.wu.s	x31,f25	 f25:0xffc00000 x31=0xffffffff
      35985.000 ns	      3597	80000fcc	10b7a953	fmul.s	f18,f15,f11	 f15:0x7f7fffff f11:0x80000000 f18=0x80000000
      36035.000 ns	      3602	80000fd0	015bad53	fadd.s	f26,f23,f21	 f23:0x7f7fffff f21:0x7fc00000 f26=0x7fc00000
      36055.000 ns	      3604	80000fd4	ed62b093	sltiu	x1,x5,-298	  x5:0x00000000  x1=0x00000001
      36075.000 ns	      3606	80000fd8	0280f533	remu	x10,x1,x8	  x1:0x2b3f0000  x8:0x00000000 x10=0x00000001
      36095.000 ns	      3608	80000fdc	92847c93	andi	x25,x8,-1752	  x8:0x00000000 x25=0x00000000
      36105.000 ns	      3609	80000fe0	fe068013	addi	x0,x13,-32	 x13:0x00000596
      36135.000 ns	      3612	80000fe4	19161453	fdiv.s	f8,f12,f17	 f12:0xff800000 f17:0xff800000  f8=0x7fc00000
      36155.000 ns	      3614	80000fe8	279a8993	addi	x19,x21,633	 x21:0x00000000 x19=0x00000279
      36175.000 ns	      3616	80000fec	c0057153	fcvt.w.s	x2,f10	 f10:0xffc00000  x2=0x7fffffff
      36195.000 ns	      3618	80000ff0	24a46c13	ori	x24,x8,586	  x8:0x00000000 x24=0x0000024a
      36205.000 ns	      3619	80000ff4	0038cdb3	xor	x27,x17,x3	 x17:0x00000001  x3:0x00040f24 x27=0x00040f25
      36215.000 ns	      3620	80000ff8	84ed2c13	slti	x24,x26,-1970	 x26:0x00000000 x24=0x00000000
      36225.000 ns	      3621	80000ffc	000d1d13	slli	x26,x26,0x0	 x26:0x00000000 x26=0x00000000
      36255.000 ns	      3624	80001000	11bea453	fmul.s	f8,f29,f27	 f29:0x7fc00000 f27:0x3f800000  f8=0x7fc00000
      36275.000 ns	      3626	80001004	0165feb3	and	x29,x11,x22	 x11:0xfffff92a x22:0xb8b89000 x29=0xb8b89000
      36295.000 ns	      3628	80001008	d0189d53	fcvt.s.wu	f26,x17	 x17:0x00000001 f26=0x3f800000
      36315.000 ns	      3630	8000100c	41c45d33	sra	x26,x8,x28	  x8:0x00000000 x28:0x80040fe4 x26=0x00000000
      36325.000 ns	      3631	80001010	6048fc93	andi	x25,x17,1540	 x17:0x00000001 x25=0x00000000
      36335.000 ns	      3632	80001014	01c15b13	srli	x22,x2,0x1c	  x2:0x7fffffff x22=0x00000007
      36345.000 ns	      3633	80001018	4cad6913	ori	x18,x26,1226	 x26:0x00000000 x18=0x000004ca
      36365.000 ns	      3635	8000101c	e0001b53	fclass.s	x22,f0	  f0:0xbf800000 x22=0x00000002
      36395.000 ns	      3638	80001020	a1b2a053	feq.s	x0,f5,f27	  f5:0x00000000 f27:0x3f800000
      36415.000 ns	      3640	80001024	006b43b3	xor	x7,x22,x6	 x22:0x00000002  x6:0x80041024  x7=0x80041026
      36435.000 ns	      3642	80001028	03120fb3	mul	x31,x4,x17	  x4:0x00000000 x17:0x00000001 x31=0x00000000
      36455.000 ns	      3644	8000102c	012b6d33	or	x26,x22,x18	 x22:0x00000002 x18:0x000004ca x26=0x000004ca
      36475.000 ns	      3646	80001030	29019953	fmax.s	f18,f3,f16	  f3:0x7f7fffff f16:0x00000002 f18=0x7f7fffff
      36505.000 ns	      3649	80001034	035e8f33	mul	x30,x29,x21	 x29:0xb8b89000 x21:0x00000000 x30=0x00000000
      36535.000 ns	      3652	80001038	a05ca453	feq.s	x8,f25,f5	 f25:0xffc00000  f5:0x00000000  x8=0x00000000
      36555.000 ns	      3654	8000103c	017556b3	srl	x13,x10,x23	 x10:0x00000001 x23:0xc4a0a000 x13=0x00000001
      36595.000 ns	      3658	80001040	008784d3	fadd.s	f9,f15,f8	 f15:0x7f7fffff  f8:0x7fc00000  f9=0x7fc00000
      36615.000 ns	      3660	80001044	8d9beb93	ori	x23,x23,-1831	 x23:0xc4a0a000 x23=0xfffff8d9
      36625.000 ns	      3661	80001048	8ce20737	lui	x14,0x8ce20	 x14=0x8ce20000
      36655.000 ns	      3664	8000104c	11174d53	fmul.s	f26,f14,f17	 f14:0xbf800000 f17:0xff800000 f26=0x7f800000
      36685.000 ns	      3667	80001050	0344a533	mulhsu	x10,x9,x20	  x9:0xfffffdd1 x20:0x00000001 x10=0xffffffff
      36705.000 ns	      3669	80001054	00abdc33	srl	x24,x23,x10	 x23:0xfffff8d9 x10:0x00000001 x24=0x00000001
      36715.000 ns	      3670	80001058	79968fb7	lui	x31,0x79968	 x31=0x79968000
      36755.000 ns	      3674	8000105c	00d1bed3	fadd.s	f29,f3,f13	  f3:0x7f7fffff f13:0xff800000 f29=0xff800000
      36785.000 ns	      3677	80001060	29ce16d3	fmax.s	f13,f28,f28	 f28:0x7fc00000 f28:0x7fc00000 f13=0x7fc00000
      37155.000 ns	      3714	80001064	02d74533	div	x10,x14,x13	 x14:0x8ce20000 x13:0x00000001 x10=0x8ce20000
      37175.000 ns	      3716	80001068	00e132b3	sltu	x5,x2,x14	  x2:0x7fffffff x14:0x8ce20000  x5=0x00000001
      37185.000 ns	      3717	8000106c	00e35613	srli	x12,x6,0xe	  x6:0x80041024 x12=0x00020010
      37195.000 ns	      3718	80001070	000fa233	slt	x4,x31,x0	 x31:0x79968000  x0:0x00000000  x4=0x00000000
      37205.000 ns	      3719	80001074	9d2e9b17	auipc	x22,0x9d2e9	 x22=0x1d2ea074
      37215.000 ns	      3720	80001078	f990eb13	ori	x22,x1,-103	  x1:0x00000001 x22=0xffffff99
      37575.000 ns	      3756	8000107c	0269edb3	rem	x27,x19,x6	 x19:0x00000279  x6:0x80041024 x27=0x00000279
      37605.000 ns	      3759	80001080	20c61ed3	fsgnjn.s	f29,f12,f12	 f12:0xff800000 f12:0xff800000 f29=0x7f800000
      37635.000 ns	      3762	80001084	c0107953	fcvt.wu.s	x18,f0	  f0:0xbf800000 x18=0x00000001
      37655.000 ns	      3764	80001088	000043b3	xor	x7,x0,x0	  x0:0x00000000  x0:0x00000000  x7=0x00000000
      37685.000 ns	      3767	8000108c	1929f1d3	fdiv.s	f3,f19,f18	 f19:0x7f800000 f18:0x7f7fffff  f3=0x7f800000
      37715.000 ns	      3770	80001090	028ad833	divu	x16,x21,x8	 x21:0x00000000  x8:0x00000000 x16=0xffffffff
      37735.000 ns	      3772	80001094	12de0db7	lui	x27,0x12de0	 x27=0x12de0000
      37755.000 ns	      3774	80001098	a01599d3	flt.s	x19,f11,f1	 f11:0x80000000  f1:0xff800000 x19=0x00000000
      37795.000 ns	      3778	8000109c	1879b2d3	fdiv.s	f5,f19,f7	 f19:0x7f800000  f7:0x3f350482  f5=0x7f800000
      37815.000 ns	      3780	800010a0	40b07a13	andi	x20,x0,1035	  x0:0x00000000 x20=0x00000000
      37825.000 ns	      3781	800010a4	ccc0a013	slti	x0,x1,-820	  x1:0x00000001
      37835.000 ns	      3782	800010a8	405edf13	srai	x30,x29,0x5	 x29:0xb8b89000 x30=0xfdc5c480
      37855.000 ns	      3784	800010ac	20dd2453	fsgnjx.s	f8,f26,f13	 f26:0x7f800000 f13:0x7fc00000  f8=0x7f800000
      37875.000 ns	      3786	800010b0	0070afb3	slt	x31,x1,x7	  x1:0x00000001  x7:0x00000000 x31=0x00000000
      37895.000 ns	      3788	800010b4	d00e0f53	fcvt.s.w	f30,x28	 x28:0x80040fe4 f30=0xcefff7e0
      38265.000 ns	      3825	800010b8	036b6733	rem	x14,x22,x22	 x22:0xffffff99 x22:0xffffff99 x14=0x00000000
      38295.000 ns	      3828	800010bc	0343cbb3	div	x23,x7,x20	  x7:0x00000000 x20:0x00000000 x23=0xffffffff
      38325.000 ns	      3831	800010c0	d01b7053	fcvt.s.wu	f0,x22	 x22:0xffffff99  f0=0x4f7fffff
      38355.000 ns	      3834	800010c4	f00806d3	fmv.w.x	f13,x16	 x16:0xffffffff f13=0xffffffff
      38385.000 ns	      3837	800010c8	020eda33	divu	x20,x29,x0	 x29:0xb8b89000  x0:0x00000000 x20=0xffffffff
      38425.000 ns	      3841	800010cc	580e3fd3	fsqrt.s	f31,f28	 f28:0x7fc00000 f31=0x7fc00000
      38445.000 ns	      3843	800010d0	00f9de93	srli	x29,x19,0xf	 x19:0x00000000 x29=0x00000000
      38465.000 ns	      3845	800010d4	a02011d3	flt.s	x3,f0,f2	  f0:0x4f7fffff  f2:0x40000000  x3=0x00000000
      38495.000 ns	      3848	800010d8	28389053	fmax.s	f0,f17,f3	 f17:0xff800000  f3:0x7f800000  f0=0x7f800000
      38515.000 ns	      3850	800010dc	00f01033	sll	x0,x0,x15	  x0:0x00000000 x15:0x00000002
      38535.000 ns	      3852	800010e0	f00c03d3	fmv.w.x	f7,x24	 x24:0x00000001  f7=0x00000001
      38555.000 ns	      3854	800010e4	01013a33	sltu	x20,x2,x16	  x2:0x7fffffff x16:0xffffffff x20=0x00000001
      38565.000 ns	      3855	800010e8	00fb70b3	and	x1,x22,x15	 x22:0xffffff99 x15:0x00000002  x1=0x00000000
      38575.000 ns	      3856	800010ec	411153b3	sra	x7,x2,x17	  x2:0x7fffffff x17:0x00000001  x7=0x3fffffff
      38595.000 ns	      3858	800010f0	a1c625d3	feq.s	x11,f12,f28	 f12:0xff800000 f28:0x7fc00000 x11=0x00000000
      38965.000 ns	      3895	800010f4	0374f533	remu	x10,x9,x23	  x9:0xfffffdd1 x23:0xffffffff x10=0xfffffdd1
      38995.000 ns	      3898	800010f8	c00806d3	fcvt.w.s	x13,f16	 f16:0x00000002 x13=0x00000000
      39015.000 ns	      3900	800010fc	40980db3	sub	x27,x16,x9	 x16:0xffffffff  x9:0xfffffdd1 x27=0x0000022e
      39375.000 ns	      3936	80001100	03e0e3b3	rem	x7,x1,x30	  x1:0x00000000 x30:0xfdc5c480  x7=0x00000000
      39405.000 ns	      3939	80001104	c00a7053	fcvt.w.s	x0,f20	 f20:0xff800000
      39425.000 ns	      3941	80001108	00000013	addi	x0,x0,0	  x0:0x00000000
      39435.000 ns	      3942	8000110c	e13f5d37	lui	x26,0xe13f5	 x26=0xe13f5000
      39445.000 ns	      3943	80001110	00000013	addi	x0,x0,0	  x0:0x00000000
      39465.000 ns	      3945	80001114	21778d53	fsgnj.s	f26,f15,f23	 f15:0x7f7fffff f23:0x7f7fffff f26=0x7f7fffff
      39835.000 ns	      3982	80001118	0300ea33	rem	x20,x1,x16	  x1:0x00000000 x16:0xffffffff x20=0x00000000
      39855.000 ns	      3984	8000111c	d61bcd13	xori	x26,x23,-671	 x23:0xffffffff x26=0x0000029e
      39875.000 ns	      3986	80001120	28071dd3	fmax.s	f27,f14,f0	 f14:0xbf800000  f0:0x7f800000 f27=0x7f800000
      39895.000 ns	      3988	80001124	00000013	addi	x0,x0,0	  x0:0x00000000
      39915.000 ns	      3990	80001128	a01e2ed3	feq.s	x29,f28,f1	 f28:0x7fc00000  f1:0xff800000 x29=0x00000000
      39935.000 ns	      3992	8000112c	405e5413	srai	x8,x28,0x5	 x28:0x80040fe4  x8=0xfc00207f
      39955.000 ns	      3994	80001130	02cabb33	mulhu	x22,x21,x12	 x21:0x00000000 x12:0x00020010 x22=0x00000000
      39975.000 ns	      3996	80001134	00405913	srli	x18,x0,0x4	  x0:0x00000000 x18=0x00000000
      39995.000 ns	      3998	80001138	e00188d3	fmv.x.w	x17,f3	  f3:0x7f800000 x17=0x7f800000
      40025.000 ns	      4001	8000113c	e00f1b53	fclass.s	x22,f30	 f30:0xcefff7e0 x22=0x00000002
      40045.000 ns	      4003	80001140	2c297093	andi	x1,x18,706	 x18:0x00000000  x1=0x00000000
      40055.000 ns	      4004	80001144	a25a3513	sltiu	x10,x20,-1499	 x20:0x00000000 x10=0x00000001
      40075.000 ns	      4006	80001148	e00a8cd3	fmv.x.w	x25,f21	 f21:0x7fc00000 x25=0x7fc00000
      40105.000 ns	      4009	8000114c	a066add3	feq.s	x27,f13,f6	 f13:0xffffffff  f6:0x00000000 x27=0x00000000
      40135.000 ns	      4012	80001150	f00b04d3	fmv.w.x	f9,x22	 x22:0x00000002  f9=0x00000002
      40165.000 ns	      4015	80001154	d00e71d3	fcvt.s.w	f3,x28	 x28:0x80040fe4  f3=0xcefff7e0
      40185.000 ns	      4017	80001158	84f18913	addi	x18,x3,-1969	  x3:0x00000000 x18=0xfffff84f
      40205.000 ns	      4019	8000115c	c00999d3	fcvt.w.s	x19,f19	 f19:0x7f800000 x19=0x7fffffff
      40235.000 ns	      4022	80001160	a0f89853	flt.s	x16,f17,f15	 f17:0xff800000 f15:0x7f7fffff x16=0x00000001
      40255.000 ns	      4024	80001164	977a82b7	lui	x5,0x977a8	  x5=0x977a8000
      40275.000 ns	      4026	80001168	03569eb3	mulh	x29,x13,x21	 x13:0x00000000 x21:0x00000000 x29=0x00000000
      40295.000 ns	      4028	8000116c	ac994613	xori	x12,x18,-1335	 x18:0xfffff84f x12=0x00000286
      40315.000 ns	      4030	80001170	c01a3ad3	fcvt.wu.s	x21,f20	 f20:0xff800000 x21=0x00000000
      40345.000 ns	      4033	80001174	034ad1b3	divu	x3,x21,x20	 x21:0x00000000 x20:0x00000000  x3=0xffffffff
      40715.000 ns	      4070	80001178	03e5d433	divu	x8,x11,x30	 x11:0x00000000 x30:0xfdc5c480  x8=0x00000000
      40745.000 ns	      4073	8000117c	d01924d3	fcvt.s.wu	f9,x18	 x18:0xfffff84f  f9=0x4f7ffff9
      40775.000 ns	      4076	80001180	03dd5a33	divu	x20,x26,x29	 x26:0x0000029e x29:0x00000000 x20=0xffffffff
      40795.000 ns	      4078	80001184	4000dd93	srai	x27,x1,0x0	  x1:0x00000000 x27=0x00000000
      40815.000 ns	      4080	80001188	d01674d3	fcvt.s.wu	f9,x12	 x12:0x00000286  f9=0x44218000
      41185.000 ns	      4117	8000118c	034c5fb3	divu	x31,x24,x20	 x24:0x00000001 x20:0xffffffff x31=0x00000000
      41215.000 ns	      4120	80001190	d00dc2d3	fcvt.s.w	f5,x27	 x27:0x00000000  f5=0x00000000
      41245.000 ns	      4123	80001194	c00b3c53	fcvt.w.s	x24,f22	 f22:0x7fc00000 x24=0x7fffffff
      41275.000 ns	      4126	80001198	e0038b53	fmv.x.w	x22,f7	  f7:0x00000001 x22=0x00000001
      41305.000 ns	      4129	8000119c	29ed9053	fmax.s	f0,f27,f30	 f27:0x7f800000 f30:0xcefff7e0  f0=0x7f800000
      41325.000 ns	      4131	800011a0	84f6c513	xori	x10,x13,-1969	 x13:0x00000000 x10=0xfffff84f
      41335.000 ns	      4132	800011a4	0191eab3	or	x21,x3,x25	  x3:0xffffffff x25:0x7fc00000 x21=0xffffffff
      41355.000 ns	      4134	800011a8	f00f8c53	fmv.w.x	f24,x31	 x31:0x00000000 f24=0x00000000
      41385.000 ns	      4137	800011ac	e0061fd3	fclass.s	x31,f12	 f12:0xff800000 x31=0x00000001
      41425.000 ns	      4141	800011b0	101a4a53	fmul.s	f20,f20,f1	 f20:0xff800000  f1:0xff800000 f20=0x7f800000
      41455.000 ns	      4144	800011b4	29db98d3	fmax.s	f17,f23,f29	 f23:0x7f7fffff f29:0x7f800000 f17=0x7f800000
      41505.000 ns	      4149	800011b8	09f1ff53	fsub.s	f30,f3,f31	  f3:0xcefff7e0 f31:0x7fc00000 f30=0x7fc00000
      41535.000 ns	      4152	800011bc	e00a82d3	fmv.x.w	x5,f21	 f21:0x7fc00000  x5=0x7fc00000
      41555.000 ns	      4154	800011c0	0051e533	or	x10,x3,x5	  x3:0xffffffff  x5:0x977a8000 x10=0xffffffff
      41565.000 ns	      4155	800011c4	41688833	sub	x16,x17,x22	 x17:0x7f800000 x22:0x00000001 x16=0x7f7fffff
      41585.000 ns	      4157	800011c8	02d823b3	mulhsu	x7,x16,x13	 x16:0x00000001 x13:0x00000000  x7=0x00000000
      41615.000 ns	      4160	800011cc	c00c09d3	fcvt.w.s	x19,f24	 f24:0x00000000 x19=0x00000000
      41635.000 ns	      4162	800011d0	01538a33	add	x20,x7,x21	  x7:0x00000000 x21:0xffffffff x20=0xffffffff
      41655.000 ns	      4164	800011d4	21c21fd3	fsgnjn.s	f31,f4,f28	  f4:0x7fc00000 f28:0x7fc00000 f31=0xffc00000
      41675.000 ns	      4166	800011d8	008660b3	or	x1,x12,x8	 x12:0x00000286  x8:0x00000000  x1=0x00000286
      41695.000 ns	      4168	800011dc	c010fdd3	fcvt.wu.s	x27,f1	  f1:0xff800000 x27=0x00000000
      42065.000 ns	      4205	800011e0	036645b3	div	x11,x12,x22	 x12:0x00000286 x22:0x00000001 x11=0x00000286
      42435.000 ns	      4242	800011e4	0228dc33	divu	x24,x17,x2	 x17:0x7f800000  x2:0x7fffffff x24=0x00000000
      42455.000 ns	      4244	800011e8	01acc733	xor	x14,x25,x26	 x25:0x7fc00000 x26:0x0000029e x14=0x7fc0029e
      42465.000 ns	      4245	800011ec	e24e8813	addi	x16,x29,-476	 x29:0x00000000 x16=0xfffffe24
      42475.000 ns	      4246	800011f0	dc803a93	sltiu	x21,x0,-568	  x0:0x00000000 x21=0x00000001
      42505.000 ns	      4249	800011f4	10e97ed3	fmul.s	f29,f18,f14	 f18:0x7f7fffff f14:0xbf800000 f29=0xff800000
      42525.000 ns	      4251	800011f8	e4b8c913	xori	x18,x17,-437	 x17:0x7f800000 x18=0x807ffe4b
      42885.000 ns	      4287	800011fc	02564133	div	x2,x12,x5	 x12:0x00000286  x5:0x7fc00000  x2=0x00000000
      42905.000 ns	      4289	80001200	ede54593	xori	x11,x10,-290	 x10:0xffffffff x11=0x00000121
      42925.000 ns	      4291	80001204	e0050053	fmv.x.w	x0,f10	 f10:0xffc00000
      42945.000 ns	      4293	80001208	41955393	srai	x7,x10,0x19	 x10:0xffffffff  x7=0xffffffff
      42955.000 ns	      4294	8000120c	001e9713	slli	x14,x29,0x1	 x29:0x00000000 x14=0x00000000
      42965.000 ns	      4295	80001210	21e88a13	addi	x20,x17,542	 x17:0x7f800000 x20=0x7f80021e
      42985.000 ns	      4297	80001214	218396d3	fsgnjn.s	f13,f7,f24	  f7:0x00000001 f24:0x00000000 f13=0x80000001
      43015.000 ns	      4300	80001218	28c41ed3	fmax.s	f29,f8,f12	  f8:0x7f800000 f12:0xff800000 f29=0x7f800000
      43035.000 ns	      4302	8000121c	b480ac13	slti	x24,x1,-1208	  x1:0x00000286 x24=0x00000000
      43045.000 ns	      4303	80001220	00185833	srl	x16,x16,x1	 x16:0xfffffe24  x1:0x00000286 x16=0x03fffff8
      43065.000 ns	      4305	80001224	a1fba2d3	feq.s	x5,f23,f31	 f23:0x7f7fffff f31:0xffc00000  x5=0x00000000
      43085.000 ns	      4307	80001228	a802eeb7	lui	x29,0xa802e	 x29=0xa802e000
      43125.000 ns	      4311	8000122c	0893fa53	fsub.s	f20,f7,f9	  f7:0x00000001  f9:0x44218000 f20=0xc4218000
      43155.000 ns	      4314	80001230	d0094553	fcvt.s.w	f10,x18	 x18:0x807ffe4b f10=0xceff0003
      43195.000 ns	      4318	80001234	115b9853	fmul.s	f16,f23,f21	 f23:0x7f7fffff f21:0x7fc00000 f16=0x7fc00000
      43235.000 ns	      4322	80001238	104598d3	fmul.s	f17,f11,f4	 f11:0x80000000  f4:0x7fc00000 f17=0x7fc00000
      43255.000 ns	      4324	8000123c	0162a033	slt	x0,x5,x22	  x5:0x00000000 x22:0x00000001
      43275.000 ns	      4326	80001240	c010bbd3	fcvt.wu.s	x23,f1	  f1:0xff800000 x23=0x00000000
      43295.000 ns	      4328	80001244	41690d33	sub	x26,x18,x22	 x18:0x807ffe4b x22:0x00000001 x26=0x807ffe4a
      43315.000 ns	      4330	80001248	e0019053	fclass.s	x0,f3	  f3:0xcefff7e0
      43345.000 ns	      4333	8000124c	036f3833	mulhu	x16,x30,x22	 x30:0xfdc5c480 x22:0x00000001 x16=0x00000000
      43365.000 ns	      4335	80001250	40790133	sub	x2,x18,x7	 x18:0x807ffe4b  x7:0xffffffff  x2=0x807ffe4c
      43385.000 ns	      4337	80001254	e0070d53	fmv.x.w	x26,f14	 f14:0xbf800000 x26=0xbf800000
      43415.000 ns	      4340	80001258	c0042c53	fcvt.w.s	x24,f8	  f8:0x7f800000 x24=0x7fffffff
      43435.000 ns	      4342	8000125c	41358db3	sub	x27,x11,x19	 x11:0x00000121 x19:0x00000000 x27=0x00000121
      43445.000 ns	      4343	80001260	418d0633	sub	x12,x26,x24	 x26:0xbf800000 x24:0x7fffffff x12=0x3f800001
      43465.000 ns	      4345	80001264	f00a8c53	fmv.w.x	f24,x21	 x21:0x00000001 f24=0x00000001
      43485.000 ns	      4347	80001268	0081d2b3	srl	x5,x3,x8	  x3:0xffffffff  x8:0x00000000  x5=0xffffffff
      43505.000 ns	      4349	8000126c	c00b4bd3	fcvt.w.s	x23,f22	 f22:0x7fc00000 x23=0x7fffffff
      44685.000 ns	      4467	80001270	580c2553	fsqrt.s	f10,f24	 f24:0x00000001 f10=0x1f350483
      44715.000 ns	      4470	80001274	21e614d3	fsgnjn.s	f9,f12,f30	 f12:0xff800000 f30:0x7fc00000  f9=0xff800000
      44735.000 ns	      4472	80001278	371f7593	andi	x11,x30,881	 x30:0xfdc5c480 x11=0x00000000
      44755.000 ns	      4474	8000127c	02e4e833	rem	x16,x9,x14	  x9:0xfffffdd1 x14:0x00000000 x16=0xfffffdd1
      44785.000 ns	      4477	80001280	29868553	fmin.s	f10,f13,f24	 f13:0x80000001 f24:0x00000001 f10=0x80000001
      44805.000 ns	      4479	80001284	417706b3	sub	x13,x14,x23	 x14:0x00000000 x23:0x7fffffff x13=0x80000001
      44815.000 ns	      4480	80001288	41538eb3	sub	x29,x7,x21	  x7:0xffffffff x21:0x00000001 x29=0xfffffffe
      44845.000 ns	      4483	8000128c	580aacd3	fsqrt.s	f25,f21	 f21:0x7fc00000 f25=0x7fc00000
      44865.000 ns	      4485	80001290	004369b3	or	x19,x6,x4	  x6:0x80041024  x4:0x00000000 x19=0x80041024
      44885.000 ns	      4487	80001294	02493bb3	mulhu	x23,x18,x4	 x18:0x807ffe4b  x4:0x00000000 x23=0x00000000
      44905.000 ns	      4489	80001298	bf565d17	auipc	x26,0xbf565	 x26=0x3f566298
      44925.000 ns	      4491	8000129c	29d99c53	fmax.s	f24,f19,f29	 f19:0x7f800000 f29:0x7f800000 f24=0x7f800000
      44955.000 ns	      4494	800012a0	209f8253	fsgnj.s	f4,f31,f9	 f31:0xffc00000  f9:0xff800000  f4=0xffc00000
      44975.000 ns	      4496	800012a4	419684b3	sub	x9,x13,x25	 x13:0x80000001 x25:0x7fc00000  x9=0x00400001
      44995.000 ns	      4498	800012a8	e0069653	fclass.s	x12,f13	 f13:0x80000001 x12=0x00000004
      45015.000 ns	      4500	800012ac	0091b533	sltu	x10,x3,x9	  x3:0xffffffff  x9:0xfffffdd1 x10=0x00000000
      45035.000 ns	      4502	800012b0	a0790053	fle.s	x0,f18,f7	 f18:0x7f7fffff  f7:0x00000001
      45085.000 ns	      4507	800012b4	01b5afd3	fadd.s	f31,f11,f27	 f11:0x80000000 f27:0x7f800000 f31=0x7f800000
      45115.000 ns	      4510	800012b8	201492d3	fsgnjn.s	f5,f9,f1	  f9:0xff800000  f1:0xff800000  f5=0x7f800000
      45145.000 ns	      4513	800012bc	c00539d3	fcvt.w.s	x19,f10	 f10:0x80000001 x19=0x00000000
      45175.000 ns	      4516	800012c0	0297a8b3	mulhsu	x17,x15,x9	 x15:0x00000002  x9:0x00400001 x17=0x00000000
      45545.000 ns	      4553	800012c4	0276f6b3	remu	x13,x13,x7	 x13:0x80000001  x7:0xffffffff x13=0x80000001
      45595.000 ns	      4558	800012c8	0959f953	fsub.s	f18,f19,f21	 f19:0x7f800000 f21:0x7fc00000 f18=0x7fc00000
      45625.000 ns	      4561	800012cc	21431e53	fsgnjn.s	f28,f6,f20	  f6:0x00000000 f20:0xc4218000 f28=0x00000000
      45645.000 ns	      4563	800012d0	016f29b3	slt	x19,x30,x22	 x30:0xfdc5c480 x22:0x00000001 x19=0x00000001
      45655.000 ns	      4564	800012d4	01511f33	sll	x30,x2,x21	  x2:0x807ffe4c x21:0x00000001 x30=0x00fffc98
      45665.000 ns	      4565	800012d8	01eb5c33	srl	x24,x22,x30	 x22:0x00000001 x30:0xfdc5c480 x24=0x00000000
      45675.000 ns	      4566	800012dc	01b11c93	slli	x25,x2,0x1b	  x2:0x807ffe4c x25=0x60000000
      45685.000 ns	      4567	800012e0	0060dc13	srli	x24,x1,0x6	  x1:0x00000286 x24=0x0000000a
      45715.000 ns	      4570	800012e4	19f97c53	fdiv.s	f24,f18,f31	 f18:0x7fc00000 f31:0x7f800000 f24=0x7fc00000
      45755.000 ns	      4574	800012e8	11ee77d3	fmul.s	f15,f28,f30	 f28:0x00000000 f30:0x7fc00000 f15=0x7fc00000
      45785.000 ns	      4577	800012ec	e00b0ad3	fmv.x.w	x21,f22	 f22:0x7fc00000 x21=0x7fc00000
      45805.000 ns	      4579	800012f0	35e7b293	sltiu	x5,x15,862	 x15:0x00000002  x5=0x00000001
      45815.000 ns	      4580	800012f4	007065b3	or	x11,x0,x7	  x0:0x00000000  x7:0xffffffff x11=0xffffffff
      45825.000 ns	      4581	800012f8	01af15b3	sll	x11,x30,x26	 x30:0x00fffc98 x26:0x3f566298 x11=0x98000000
      45845.000 ns	      4583	800012fc	a07b9b53	flt.s	x22,f23,f7	 f23:0x7f7fffff  f7:0x00000001 x22=0x00000000
      45865.000 ns	      4585	80001300	00000013	addi	x0,x0,0	  x0:0x00000000
      45885.000 ns	      4587	80001304	d0167853	fcvt.s.wu	f16,x12	 x12:0x00000004 f16=0x40800000
      45925.000 ns	      4591	80001308	10b180d3	fmul.s	f1,f3,f11	  f3:0xcefff7e0 f11:0x80000000  f1=0x00000000
      45955.000 ns	      4594	8000130c	c0010a53	fcvt.w.s	x20,f2	  f2:0x40000000 x20=0x00000002
      45985.000 ns	      4597	80001310	f0050b53	fmv.w.x	f22,x10	 x10:0x00000000 f22=0x00000000
      46005.000 ns	      4599	80001314	01924eb3	xor	x29,x4,x25	  x4:0x00000000 x25:0x60000000 x29=0x60000000
      46015.000 ns	      4600	80001318	68814d13	xori	x26,x2,1672	  x2:0x807ffe4c x26=0x807ff8c4
      46035.000 ns	      4602	8000131c	287f08d3	fmin.s	f17,f30,f7	 f30:0x7fc00000  f7:0x00000001 f17=0x00000001
      46055.000 ns	      4604	80001320	402f5993	srai	x19,x30,0x2	 x30:0x00fffc98 x19=0x003fff26
      46085.000 ns	      4607	80001324	58018953	fsqrt.s	f18,f3	  f3:0xcefff7e0 f18=0x7fc00000
      46105.000 ns	      4609	80001328	1a87a613	slti	x12,x15,424	 x15:0x00000002 x12=0x00000001
      46115.000 ns	      4610	8000132c	002020b3	slt	x1,x0,x2	  x0:0x00000000  x2:0x807ffe4c  x1=0x00000000
      46135.000 ns	      4612	80001330	0318e233	rem	x4,x17,x17	 x17:0x00000000 x17:0x00000000  x4=0x00000000
      46165.000 ns	      4615	80001334	c008b553	fcvt.w.s	x10,f17	 f17:0x00000001 x10=0x00000000
      46185.000 ns	      4617	80001338	002662b3	or	x5,x12,x2	 x12:0x00000001  x2:0x807ffe4c  x5=0x807ffe4d
      46195.000 ns	      4618	8000133c	0073d033	srl	x0,x7,x7	  x7:0xffffffff  x7:0xffffffff
      46555.000 ns	      4654	80001340	039e4fb3	div	x31,x28,x25	 x28:0x80040fe4 x25:0x60000000 x31=0xffffffff
      46575.000 ns	      4656	80001344	000a04b3	add	x9,x20,x0	 x20:0x00000002  x0:0x00000000  x9=0x00000002
      46585.000 ns	      4657	80001348	402109b3	sub	x19,x2,x2	  x2:0x807ffe4c  x2:0x807ffe4c x19=0x00000000
      46595.000 ns	      4658	8000134c	a7bd4193	xori	x3,x26,-1413	 x26:0x807ff8c4  x3=0x7f8002bf
      46605.000 ns	      4659	80001350	001002b3	add	x5,x0,x1	  x0:0x00000000  x1:0x00000000  x5=0x00000000
      46615.000 ns	      4660	80001354	00f71533	sll	x10,x14,x15	 x14:0x00000000 x15:0x00000002 x10=0x00000000
      46625.000 ns	      4661	80001358	98ad6513	ori	x10,x26,-1654	 x26:0x807ff8c4 x10=0xfffff9ce
      46645.000 ns	      4663	8000135c	c0197dd3	fcvt.wu.s	x27,f18	 f18:0x7fc00000 x27=0xffffffff
      46665.000 ns	      4665	80001360	41310033	sub	x0,x2,x19	  x2:0x807ffe4c x19:0x00000000
      46675.000 ns	      4666	80001364	65b06393	ori	x7,x0,1627	  x0:0x00000000  x7=0x0000065b
      47845.000 ns	      4783	80001368	580874d3	fsqrt.s	f9,f16	 f16:0x40800000  f9=0x3fffffae
      47865.000 ns	      4785	8000136c	0196bf33	sltu	x30,x13,x25	 x13:0x80000001 x25:0x60000000 x30=0x00000000
      47875.000 ns	      4786	80001370	a9308e93	addi	x29,x1,-1389	  x1:0x00000000 x29=0xfffffa93
      47915.000 ns	      4790	80001374	096df2d3	fsub.s	f5,f27,f22	 f27:0x7f800000 f22:0x00000000  f5=0x7f800000
      47945.000 ns	      4793	80001378	02ff1eb3	mulh	x29,x30,x15	 x30:0x00000000 x15:0x00000002 x29=0x00000000
      47965.000 ns	      4795	8000137c	3b0ee813	ori	x16,x29,944	 x29:0xfffffa93 x16=0x000003b0
      47975.000 ns	      4796	80001380	40068733	sub	x14,x13,x0	 x13:0x80000001  x0:0x00000000 x14=0x80000001
      47985.000 ns	      4797	80001384	011ad633	srl	x12,x21,x17	 x21:0x7fc00000 x17:0x00000000 x12=0x7fc00000
      48345.000 ns	      4833	80001388	023158b3	divu	x17,x2,x3	  x2:0x807ffe4c  x3:0x7f8002bf x17=0x00000001
      48375.000 ns	      4836	8000138c	036d8933	mul	x18,x27,x22	 x27:0xffffffff x22:0x00000000 x18=0x00000000
      48405.000 ns	      4839	80001390	29881853	fmax.s	f16,f16,f24	 f16:0x40800000 f24:0x7fc00000 f16=0x40800000
      48435.000 ns	      4842	80001394	f0080ad3	fmv.w.x	f21,x16	 x16:0x000003b0 f21=0x000003b0
      48455.000 ns	      4844	80001398	d0534913	xori	x18,x6,-763	  x6:0x80041024 x18=0x7ffbed21
      48475.000 ns	      4846	8000139c	29b30bd3	fmin.s	f23,f6,f27	  f6:0x00000000 f27:0x7f800000 f23=0x00000000
      48505.000 ns	      4849	800013a0	03708033	mul	x0,x1,x23	  x1:0x00000000 x23:0x00000000
      48525.000 ns	      4851	800013a4	01e71c33	sll	x24,x14,x30	 x14:0x80000001 x30:0x00000000 x24=0x80000001
      48535.000 ns	      4852	800013a8	41edd8b3	sra	x17,x27,x30	 x27:0xffffffff x30:0x00000000 x17=0xffffffff
      48895.000 ns	      4888	800013ac	03276733	rem	x14,x14,x18	 x14:0x80000001 x18:0x7ffbed21 x14=0xfffbed22
      48925.000 ns	      4891	800013b0	f0018a53	fmv.w.x	f20,x3	  x3:0x7f8002bf f20=0x7f8002bf
      48965.000 ns	      4895	800013b4	58027b53	fsqrt.s	f22,f4	  f4:0xffc00000 f22=0x7fc00000
      48985.000 ns	      4897	800013b8	00c65b33	srl	x22,x12,x12	 x12:0x7fc00000 x12:0x7fc00000 x22=0x7fc00000
      48995.000 ns	      4898	800013bc	5709c1b7	lui	x3,0x5709c	  x3=0x5709c000
      49015.000 ns	      4900	800013c0	02fdad33	mulhsu	x26,x27,x15	 x27:0xffffffff x15:0x00000002 x26=0xffffffff
      49045.000 ns	      4903	800013c4	f0060c53	fmv.w.x	f24,x12	 x12:0x7fc00000 f24=0x7fc00000
      49065.000 ns	      4905	800013c8	4063d113	srai	x2,x7,0x6	  x7:0x0000065b  x2=0x00000019
      49075.000 ns	      4906	800013cc	01dda1b3	slt	x3,x27,x29	 x27:0xffffffff x29:0x00000000  x3=0x00000001
      49095.000 ns	      4908	800013d0	a0700bd3	fle.s	x23,f0,f7	  f0:0x7f800000  f7:0x00000001 x23=0x00000000
      49115.000 ns	      4910	800013d4	4cd68493	addi	x9,x13,1229	 x13:0x80000001  x9=0x800004ce
      49125.000 ns	      4911	800013d8	44084693	xori	x13,x16,1088	 x16:0x000003b0 x13=0x000007f0
      49145.000 ns	      4913	800013dc	d0061953	fcvt.s.w	f18,x12	 x12:0x7fc00000 f18=0x4eff8000
      49515.000 ns	      4950	800013e0	0223e3b3	rem	x7,x7,x2	  x7:0x0000065b  x2:0x00000019  x7=0x00000002
      49545.000 ns	      4953	800013e4	e0000753	fmv.x.w	x14,f0	  f0:0x7f800000 x14=0x7f800000
      49565.000 ns	      4955	800013e8	ec0cb193	sltiu	x3,x25,-320	 x25:0x60000000  x3=0x00000001
      49575.000 ns	      4956	800013ec	006b9f93	slli	x31,x23,0x6	 x23:0x00000000 x31=0x00000000
      49595.000 ns	      4958	800013f0	21ef9b53	fsgnjn.s	f22,f31,f30	 f31:0x7f800000 f30:0x7fc00000 f22=0xff800000
      49615.000 ns	      4960	800013f4	3fa2a913	slti	x18,x5,1018	  x5:0x00000000 x18=0x00000001
      49625.000 ns	      4961	800013f8	da552ab7	lui	x21,0xda552	 x21=0xda552000
      49635.000 ns	      4962	800013fc	01808db3	add	x27,x1,x24	  x1:0x00000000 x24:0x80000001 x27=0x80000001
      49655.000 ns	      4964	80001400	20f3ae53	fsgnjx.s	f28,f7,f15	  f7:0x00000001 f15:0x7fc00000 f28=0x00000001
      49685.000 ns	      4967	80001404	d015fad3	fcvt.s.wu	f21,x11	 x11:0x98000000 f21=0x4f180000
      49705.000 ns	      4969	80001408	002b66b3	or	x13,x22,x2	 x22:0x7fc00000  x2:0x00000019 x13=0x7fc00019
      49725.000 ns	      4971	8000140c	c0159dd3	fcvt.wu.s	x27,f11	 f11:0x80000000 x27=0x00000000
      49755.000 ns	      4974	80001410	03f21a33	mulh	x20,x4,x31	  x4:0x00000000 x31:0x00000000 x20=0x00000000
      50125.000 ns	      5011	80001414	0390f533	remu	x10,x1,x25	  x1:0x00000000 x25:0x60000000 x10=0x00000000
      50155.000 ns	      5014	80001418	03a02433	mulhsu	x8,x0,x26	  x0:0x00000000 x26:0xffffffff  x8=0x00000000
      50175.000 ns	      5016	8000141c	e2a3b493	sltiu	x9,x7,-470	  x7:0x00000002  x9=0x00000001
      50195.000 ns	      5018	80001420	a0af9f53	flt.s	x30,f31,f10	 f31:0x7f800000 f10:0x80000001 x30=0x00000000
      50235.000 ns	      5022	80001424	5809a6d3	fsqrt.s	f13,f19	 f19:0x7f800000 f13=0x7f800000
      50255.000 ns	      5024	80001428	00bd5b13	srli	x22,x26,0xb	 x26:0xffffffff x22=0x001fffff
      50285.000 ns	      5027	8000142c	11eeb4d3	fmul.s	f9,f29,f30	 f29:0x7f800000 f30:0x7fc00000  f9=0x7fc00000
      50335.000 ns	      5032	80001430	018f8253	fadd.s	f4,f31,f24	 f31:0x7f800000 f24:0x7fc00000  f4=0x7fc00000
      50365.000 ns	      5035	80001434	024e79b3	remu	x19,x28,x4	 x28:0x80040fe4  x4:0x00000000 x19=0x80040fe4
      50385.000 ns	      5037	80001438	25a47693	andi	x13,x8,602	  x8:0x00000000 x13=0x00000000
      50395.000 ns	      5038	8000143c	01007633	and	x12,x0,x16	  x0:0x00000000 x16:0x000003b0 x12=0x00000000
      50415.000 ns	      5040	80001440	294a0053	fmin.s	f0,f20,f20	 f20:0x7f8002bf f20:0x7f8002bf  f0=0x7fc00000
      50445.000 ns	      5043	80001444	a149a553	feq.s	x10,f19,f20	 f19:0x7f800000 f20:0x7f8002bf x10=0x00000000
      50465.000 ns	      5045	80001448	4059d733	sra	x14,x19,x5	 x19:0x80040fe4  x5:0x00000000 x14=0x80040fe4
      50475.000 ns	      5046	8000144c	d9dcf993	andi	x19,x25,-611	 x25:0x60000000 x19=0x60000000
      50515.000 ns	      5050	80001450	01ed8253	fadd.s	f4,f27,f30	 f27:0x7f800000 f30:0x7fc00000  f4=0x7fc00000
      50535.000 ns	      5052	80001454	e58abdb7	lui	x27,0xe58ab	 x27=0xe58ab000
      50555.000 ns	      5054	80001458	e00e9a53	fclass.s	x20,f29	 f29:0x7f800000 x20=0x00000080
      50585.000 ns	      5057	8000145c	f00e0dd3	fmv.w.x	f27,x28	 x28:0x80040fe4 f27=0x80040fe4
      50605.000 ns	      5059	80001460	17328c93	addi	x25,x5,371	  x5:0x00000000 x25=0x00000173
      50625.000 ns	      5061	80001464	c01caf53	fcvt.wu.s	x30,f25	 f25:0x7fc00000 x30=0xffffffff
      50995.000 ns	      5098	80001468	022b5833	divu	x16,x22,x2	 x22:0x001fffff  x2:0x00000019 x16=0x000147ae
      51035.000 ns	      5102	8000146c	18dd47d3	fdiv.s	f15,f26,f13	 f26:0x7f7fffff f13:0x7f800000 f15=0x00000000
      51055.000 ns	      5104	80001470	0156c6b3	xor	x13,x13,x21	 x13:0x00000000 x21:0xda552000 x13=0xda552000
      51085.000 ns	      5107	80001474	58023a53	fsqrt.s	f20,f4	  f4:0x7fc00000 f20=0x7fc00000
      51115.000 ns	      5110	80001478	c01e3453	fcvt.wu.s	x8,f28	 f28:0x00000001  x8=0x00000000
      51135.000 ns	      5112	8000147c	0196e5b3	or	x11,x13,x25	 x13:0xda552000 x25:0x00000173 x11=0xda552173
      51155.000 ns	      5114	80001480	e0078853	fmv.x.w	x16,f15	 f15:0x00000000 x16=0x00000000
      51195.000 ns	      5118	80001484	58058353	fsqrt.s	f6,f11	 f11:0x80000000  f6=0x80000000
      51225.000 ns	      5121	80001488	f00b8b53	fmv.w.x	f22,x23	 x23:0x00000000 f22=0x00000000
      51275.000 ns	      5126	8000148c	01aef7d3	fadd.s	f15,f29,f26	 f29:0x7f800000 f26:0x7f7fffff f15=0x7f800000
      51305.000 ns	      5129	80001490	29080d53	fmin.s	f26,f16,f16	 f16:0x40800000 f16:0x40800000 f26=0x40800000
      51335.000 ns	      5132	80001494	026bad33	mulhsu	x26,x23,x6	 x23:0x00000000  x6:0x80041024 x26=0x00000000
      51365.000 ns	      5135	80001498	f00600d3	fmv.w.x	f1,x12	 x12:0x00000000  f1=0x00000000
      51385.000 ns	      5137	8000149c	00da4c33	xor	x24,x20,x13	 x20:0x00000080 x13:0xda552000 x24=0xda552080
      51425.000 ns	      5141	800014a0	007fc1d3	fadd.s	f3,f31,f7	 f31:0x7f800000  f7:0x00000001  f3=0x7f800000
      51445.000 ns	      5143	800014a4	00e8cc33	xor	x24,x17,x14	 x17:0xffffffff x14:0x80040fe4 x24=0x7ffbf01b
      51465.000 ns	      5145	800014a8	02add5b3	divu	x11,x27,x10	 x27:0xe58ab000 x10:0x00000000 x11=0xffffffff
      51485.000 ns	      5147	800014ac	0151cfb3	xor	x31,x3,x21	  x3:0x00000001 x21:0xda552000 x31=0xda552001
      51505.000 ns	      5149	800014b0	03eb04b3	mul	x9,x22,x30	 x22:0x001fffff x30:0xffffffff  x9=0xffe00001
      51525.000 ns	      5151	800014b4	00abbdb3	sltu	x27,x23,x10	 x23:0x00000000 x10:0x00000000 x27=0x00000000
      51545.000 ns	      5153	800014b8	a06e24d3	feq.s	x9,f28,f6	 f28:0x00000001  f6:0x80000000  x9=0x00000000
      51565.000 ns	      5155	800014bc	3c766d13	ori	x26,x12,967	 x12:0x00000000 x26=0x000003c7
      51585.000 ns	      5157	800014c0	e0000b53	fmv.x.w	x22,f0	  f0:0x7fc00000 x22=0x7fc00000
      51605.000 ns	      5159	800014c4	00c15db3	srl	x27,x2,x12	  x2:0x00000019 x12:0x00000000 x27=0x00000019
      51615.000 ns	      5160	800014c8	6ba4f393	andi	x7,x9,1722	  x9:0x00000000  x7=0x00000000
      51625.000 ns	      5161	800014cc	00000013	addi	x0,x0,0	  x0:0x00000000
      51645.000 ns	      5163	800014d0	025aa1b3	mulhsu	x3,x21,x5	 x21:0xda552000  x5:0x00000000  x3=0x00000000
      51675.000 ns	      5166	800014d4	d019c3d3	fcvt.s.wu	f7,x19	 x19:0x60000000  f7=0x4ec00000
      51705.000 ns	      5169	800014d8	a1a52bd3	feq.s	x23,f10,f26	 f10:0x80000001 f26:0x40800000 x23=0x00000000
      51725.000 ns	      5171	800014dc	018912b3	sll	x5,x18,x24	 x18:0x00000001 x24:0x7ffbf01b  x5=0x08000000
      51745.000 ns	      5173	800014e0	d00a7ad3	fcvt.s.w	f21,x20	 x20:0x00000080 f21=0x43000000
      51775.000 ns	      5176	800014e4	f0058dd3	fmv.w.x	f27,x11	 x11:0xffffffff f27=0xffffffff
      51795.000 ns	      5178	800014e8	00813033	sltu	x0,x2,x8	  x2:0x00000019  x8:0x00000000
      51805.000 ns	      5179	800014ec	f93d0e93	addi	x29,x26,-109	 x26:0x000003c7 x29=0x0000035a
      51825.000 ns	      5181	800014f0	a1669d53	flt.s	x26,f13,f22	 f13:0x7f800000 f22:0x00000000 x26=0x00000000
      51845.000 ns	      5183	800014f4	015318b3	sll	x17,x6,x21	  x6:0x80041024 x21:0xda552000 x17=0x80041024
      52205.000 ns	      5219	800014f8	02bb59b3	divu	x19,x22,x11	 x22:0x7fc00000 x11:0xffffffff x19=0x00000000
      52245.000 ns	      5223	800014fc	109fc7d3	fmul.s	f15,f31,f9	 f31:0x7f800000  f9:0x7fc00000 f15=0x7fc00000
      52275.000 ns	      5226	80001500	d0193ad3	fcvt.s.wu	f21,x18	 x18:0x00000001 f21=0x3f800000
      52295.000 ns	      5228	80001504	c9c82113	slti	x2,x16,-868	 x16:0x00000000  x2=0x00000000
      52305.000 ns	      5229	80001508	6c732b93	slti	x23,x6,1735	  x6:0x80041024 x23=0x00000001
      52315.000 ns	      5230	8000150c	b87c6193	ori	x3,x24,-1145	 x24:0x7ffbf01b  x3=0xfffffb9f
      52335.000 ns	      5232	80001510	c003ccd3	fcvt.w.s	x25,f7	  f7:0x4ec00000 x25=0x60000000
      52365.000 ns	      5235	80001514	a09e1553	flt.s	x10,f28,f9	 f28:0x00000001  f9:0x7fc00000 x10=0x00000000
      52385.000 ns	      5237	80001518	01ad9d13	slli	x26,x27,0x1a	 x27:0x00000019 x26=0x64000000
      52405.000 ns	      5239	8000151c	02c7db33	divu	x22,x15,x12	 x15:0x00000002 x12:0x00000000 x22=0xffffffff
      52435.000 ns	      5242	80001520	290b1853	fmax.s	f16,f22,f16	 f22:0x00000000 f16:0x40800000 f16=0x40800000
      52455.000 ns	      5244	80001524	00582c33	slt	x24,x16,x5	 x16:0x00000000  x5:0x08000000 x24=0x00000001
      52465.000 ns	      5245	80001528	f3bba293	slti	x5,x23,-197	 x23:0x00000001  x5=0x00000000
      52825.000 ns	      5281	8000152c	03b45c33	divu	x24,x8,x27	  x8:0x00000000 x27:0x00000019 x24=0x00000000
      52855.000 ns	      5284	80001530	a0c62753	feq.s	x14,f12,f12	 f12:0xff800000 f12:0xff800000 x14=0x00000001
      52875.000 ns	      5286	80001534	012133b3	sltu	x7,x2,x18	  x2:0x00000000 x18:0x00000001  x7=0x00000001
      52885.000 ns	      5287	80001538	00b15493	srli	x9,x2,0xb	  x2:0x00000000  x9=0x00000000
      52905.000 ns	      5289	8000153c	a1af80d3	fle.s	x1,f31,f26	 f31:0x7f800000 f26:0x40800000  x1=0x00000000
      52935.000 ns	      5292	80001540	e0019653	fclass.s	x12,f3	  f3:0x7f800000 x12=0x00000080
      52965.000 ns	      5295	80001544	f0048bd3	fmv.w.x	f23,x9	  x9:0x00000000 f23=0x00000000
      52985.000 ns	      5297	80001548	0115cdb3	xor	x27,x11,x17	 x11:0xffffffff x17:0x80041024 x27=0x7ffbefdb
      53005.000 ns	      5299	8000154c	e0021453	fclass.s	x8,f4	  f4:0x7fc00000  x8=0x00000200
      53025.000 ns	      5301	80001550	0144d233	srl	x4,x9,x20	  x9:0x00000000 x20:0x00000080  x4=0x00000000
      53045.000 ns	      5303	80001554	f0038f53	fmv.w.x	f30,x7	  x7:0x00000001 f30=0x00000001
      53065.000 ns	      5305	80001558	a52e6d93	ori	x27,x28,-1454	 x28:0x80040fe4 x27=0xfffffff6
      53075.000 ns	      5306	8000155c	958fcc93	xori	x25,x31,-1704	 x31:0xda552001 x25=0x25aad959
      53095.000 ns	      5308	80001560	a1f59fd3	flt.s	x31,f11,f31	 f11:0x80000000 f31:0x7f800000 x31=0x00000001
      53125.000 ns	      5311	80001564	0338d033	divu	x0,x17,x19	 x17:0x80041024 x19:0x00000000
      53145.000 ns	      5313	80001568	0f2c34b7	lui	x9,0xf2c3	  x9=0x0f2c3000
      53185.000 ns	      5317	8000156c	004a7653	fadd.s	f12,f20,f4	 f20:0x7fc00000  f4:0x7fc00000 f12=0x7fc00000
      53205.000 ns	      5319	80001570	656d5817	auipc	x16,0x656d5	 x16=0xe56d6570
      53225.000 ns	      5321	80001574	29c08cd3	fmin.s	f25,f1,f28	  f1:0x00000000 f28:0x00000001 f25=0x00000000
      53255.000 ns	      5324	80001578	02403133	mulhu	x2,x0,x4	  x0:0x00000000  x4:0x00000000  x2=0x00000000
      53275.000 ns	      5326	8000157c	dea5cf93	xori	x31,x11,-534	 x11:0xffffffff x31=0x00000215
      53295.000 ns	      5328	80001580	d00ac8d3	fcvt.s.w	f17,x21	 x21:0xda552000 f17=0xce16ab80
      53315.000 ns	      5330	80001584	01a24f33	xor	x30,x4,x26	  x4:0x00000000 x26:0x64000000 x30=0x64000000
      53325.000 ns	      5331	80001588	01f90633	add	x12,x18,x31	 x18:0x00000001 x31:0x00000215 x12=0x00000216
      53345.000 ns	      5333	8000158c	d017f6d3	fcvt.s.wu	f13,x15	 x15:0x00000002 f13=0x40000000
      53365.000 ns	      5335	80001590	295c4d93	xori	x27,x24,661	 x24:0x00000000 x27=0x00000295
      53385.000 ns	      5337	80001594	c01871d3	fcvt.wu.s	x3,f16	 f16:0x40800000  x3=0x00000004
      53755.000 ns	      5374	80001598	02bc7233	remu	x4,x24,x11	 x24:0x00000000 x11:0xffffffff  x4=0x00000000
      53775.000 ns	      5376	8000159c	019184b3	add	x9,x3,x25	  x3:0x00000004 x25:0x25aad959  x9=0x25aad95d
      53785.000 ns	      5377	800015a0	00ed6033	or	x0,x26,x14	 x26:0x64000000 x14:0x00000001
      53805.000 ns	      5379	800015a4	20552ed3	fsgnjx.s	f29,f10,f5	 f10:0x80000001  f5:0x7f800000 f29=0x80000001
      53825.000 ns	      5381	800015a8	385e6113	ori	x2,x28,901	 x28:0x80040fe4  x2=0x80040fe5
      53835.000 ns	      5382	800015ac	41fcd393	srai	x7,x25,0x1f	 x25:0x25aad959  x7=0x00000000
      53845.000 ns	      5383	800015b0	d378b893	sltiu	x17,x17,-713	 x17:0x80041024 x17=0x00000001
      53865.000 ns	      5385	800015b4	a1622953	feq.s	x18,f4,f22	  f4:0x7fc00000 f22:0x00000000 x18=0x00000000
      53885.000 ns	      5387	800015b8	00ebe4b3	or	x9,x23,x14	 x23:0x00000001 x14:0x00000001  x9=0x00000001
      53915.000 ns	      5390	800015bc	58029d53	fsqrt.s	f26,f5	  f5:0x7f800000 f26=0x7f800000
      53935.000 ns	      5392	800015c0	0056c633	xor	x12,x13,x5	 x13:0xda552000  x5:0x00000000 x12=0xda552000
      53955.000 ns	      5394	800015c4	024f80b3	mul	x1,x31,x4	 x31:0x00000215  x4:0x00000000  x1=0x00000000
      53985.000 ns	      5397	800015c8	c00c48d3	fcvt.w.s	x17,f24	 f24:0x7fc00000 x17=0x7fffffff
      54005.000 ns	      5399	800015cc	b4bdb513	sltiu	x10,x27,-1205	 x27:0x00000295 x10=0x00000001
      54015.000 ns	      5400	800015d0	4070d513	srai	x10,x1,0x7	  x1:0x00000000 x10=0x00000000
      54055.000 ns	      5404	800015d4	008bf053	fadd.s	f0,f23,f8	 f23:0x00000000  f8:0x7f800000  f0=0x7f800000
      54095.000 ns	      5408	800015d8	1867b753	fdiv.s	f14,f15,f6	 f15:0x7fc00000  f6:0x80000000 f14=0x7fc00000
      54115.000 ns	      5410	800015dc	40d7d613	srai	x12,x15,0xd	 x15:0x00000002 x12=0x00000000
      54125.000 ns	      5411	800015e0	00a65a93	srli	x21,x12,0xa	 x12:0xda552000 x21=0x00000000
      54145.000 ns	      5413	800015e4	21949153	fsgnjn.s	f2,f9,f25	  f9:0x7fc00000 f25:0x00000000  f2=0xffc00000
      55055.000 ns	      5504	800015e8	580f3bd3	fsqrt.s	f23,f30	 f30:0x00000001 f23=0x1f350483
      55075.000 ns	      5506	800015ec	0057e533	or	x10,x15,x5	 x15:0x00000002  x5:0x00000000 x10=0x00000002
      55105.000 ns	      5509	800015f0	58043453	fsqrt.s	f8,f8	  f8:0x7f800000  f8=0x7f800000
      55135.000 ns	      5512	800015f4	29bd1bd3	fmax.s	f23,f26,f27	 f26:0x7f800000 f27:0xffffffff f23=0x7f800000
      55175.000 ns	      5516	800015f8	19760cd3	fdiv.s	f25,f12,f23	 f12:0x7fc00000 f23:0x1f350483 f25=0x7fc00000
      55205.000 ns	      5519	800015fc	d0140bd3	fcvt.s.wu	f23,x8	  x8:0x00000200 f23=0x44000000
      55225.000 ns	      5521	80001600	00447bb3	and	x23,x8,x4	  x8:0x00000200  x4:0x00000000 x23=0x00000000
      55235.000 ns	      5522	80001604	5dc6c613	xori	x12,x13,1500	 x13:0xda552000 x12=0xda5525dc
      55255.000 ns	      5524	80001608	03d82bb3	mulhsu	x23,x16,x29	 x16:0xe56d6570 x29:0x0000035a x23=0xffffffa6
      55275.000 ns	      5526	8000160c	00000013	addi	x0,x0,0	  x0:0x00000000
      55295.000 ns	      5528	80001610	039d13b3	mulh	x7,x26,x25	 x26:0x64000000 x25:0x25aad959  x7=0x0eb6bce6
      55325.000 ns	      5531	80001614	29aa0253	fmin.s	f4,f20,f26	 f20:0x7fc00000 f26:0x7f800000  f4=0x7f800000
      55345.000 ns	      5533	80001618	00000013	addi	x0,x0,0	  x0:0x00000000
      55375.000 ns	      5536	8000161c	19987953	fdiv.s	f18,f16,f25	 f16:0x40800000 f25:0x7fc00000 f18=0x7fc00000
      55745.000 ns	      5573	80001620	027655b3	divu	x11,x12,x7	 x12:0xda5525dc  x7:0x0eb6bce6 x11=0x0000000e
      55765.000 ns	      5575	80001624	1a024993	xori	x19,x4,416	  x4:0x00000000 x19=0x000001a0
      55775.000 ns	      5576	80001628	011481b3	add	x3,x9,x17	  x9:0x00000001 x17:0x7fffffff  x3=0x80000000
      55795.000 ns	      5578	8000162c	c012aed3	fcvt.wu.s	x29,f5	  f5:0x7f800000 x29=0xffffffff
      55825.000 ns	      5581	80001630	203c1153	fsgnjn.s	f2,f24,f3	 f24:0x7fc00000  f3:0x7f800000  f2=0xffc00000
      55855.000 ns	      5584	80001634	f00502d3	fmv.w.x	f5,x10	 x10:0x00000002  f5=0x00000002
      56225.000 ns	      5621	80001638	03e955b3	divu	x11,x18,x30	 x18:0x00000000 x30:0x64000000 x11=0x00000000
      56255.000 ns	      5624	8000163c	02020bb3	mul	x23,x4,x0	  x4:0x00000000  x0:0x00000000 x23=0x00000000
      57435.000 ns	      5742	80001640	580e7053	fsqrt.s	f0,f28	 f28:0x00000001  f0=0x1f350483
      57455.000 ns	      5744	80001644	00987633	and	x12,x16,x9	 x16:0xe56d6570  x9:0x00000001 x12=0x00000000
      57475.000 ns	      5746	80001648	039b0433	mul	x8,x22,x25	 x22:0xffffffff x25:0x25aad959  x8=0xda5526a7
      57505.000 ns	      5749	8000164c	a11795d3	flt.s	x11,f15,f17	 f15:0x7fc00000 f17:0xce16ab80 x11=0x00000000
      57525.000 ns	      5751	80001650	404bdb13	srai	x22,x23,0x4	 x23:0x00000000 x22=0x00000000
      57535.000 ns	      5752	80001654	01d78c33	add	x24,x15,x29	 x15:0x00000002 x29:0xffffffff x24=0x00000001
      57555.000 ns	      5754	80001658	a0668bd3	fle.s	x23,f13,f6	 f13:0x40000000  f6:0x80000000 x23=0x00000000
      57575.000 ns	      5756	8000165c	00ec2833	slt	x16,x24,x14	 x24:0x00000000 x14:0x00000001 x16=0x00000000
      57595.000 ns	      5758	80001660	030c01b3	mul	x3,x24,x16	 x24:0x00000001 x16:0xe56d6570  x3=0x00000000
      57625.000 ns	      5761	80001664	d014b4d3	fcvt.s.wu	f9,x9	  x9:0x00000001  f9=0x3f800000
      57655.000 ns	      5764	80001668	0266a0b3	mulhsu	x1,x13,x6	 x13:0xda552000  x6:0x80041024  x1=0xed29f6f4
      57685.000 ns	      5767	8000166c	038d9cb3	mulh	x25,x27,x24	 x27:0x00000295 x24:0x00000001 x25=0x00000000
      57705.000 ns	      5769	80001670	018d9413	slli	x8,x27,0x18	 x27:0x00000295  x8=0x95000000
      57745.000 ns	      5773	80001674	09dbc7d3	fsub.s	f15,f23,f29	 f23:0x44000000 f29:0x80000001 f15=0x44000000
      57775.000 ns	      5776	80001678	293904d3	fmin.s	f9,f18,f19	 f18:0x7fc00000 f19:0x7f800000  f9=0x7f800000
      57795.000 ns	      5778	8000167c	00000013	addi	x0,x0,0	  x0:0x00000000
      57815.000 ns	      5780	80001680	289b83d3	fmin.s	f7,f23,f9	 f23:0x44000000  f9:0x7f800000  f7=0x44000000
      57835.000 ns	      5782	80001684	010a0d33	add	x26,x20,x16	 x20:0x00000080 x16:0x00000000 x26=0x00000080
      57845.000 ns	      5783	80001688	00a5f6b3	and	x13,x11,x10	 x11:0x00000000 x10:0x00000002 x13=0x00000000
      57855.000 ns	      5784	8000168c	22ccbc13	sltiu	x24,x25,556	 x25:0x00000000 x24=0x00000001
      57865.000 ns	      5785	80001690	af705b17	auipc	x22,0xaf705	 x22=0x2f706690
      57875.000 ns	      5786	80001694	01c8ffb3	and	x31,x17,x28	 x17:0x7fffffff x28:0x80040fe4 x31=0x00040fe4
      57885.000 ns	      5787	80001698	0096acb3	slt	x25,x13,x9	 x13:0x00000000  x9:0x00000001 x25=0x00000001
      57905.000 ns	      5789	8000169c	020fc2b3	div	x5,x31,x0	 x31:0x00000215  x0:0x00000000  x5=0xffffffff
      57935.000 ns	      5792	800016a0	d011fe53	fcvt.s.wu	f28,x3	  x3:0x00000000 f28=0x00000000
      57965.000 ns	      5795	800016a4	20379453	fsgnjn.s	f8,f15,f3	 f15:0x44000000  f3:0x7f800000  f8=0xc4000000
      57995.000 ns	      5798	800016a8	a13106d3	fle.s	x13,f2,f19	  f2:0xffc00000 f19:0x7f800000 x13=0x00000000
      58025.000 ns	      5801	800016ac	03280db3	mul	x27,x16,x18	 x16:0x00000000 x18:0x00000000 x27=0x00000000
      58055.000 ns	      5804	800016b0	0265b5b3	mulhu	x11,x11,x6	 x11:0x00000000  x6:0x80041024 x11=0x00000000
      58075.000 ns	      5806	800016b4	00a6f633	and	x12,x13,x10	 x13:0x00000000 x10:0x00000002 x12=0x00000000
      58085.000 ns	      5807	800016b8	403bd693	srai	x13,x23,0x3	 x23:0x00000000 x13=0x00000000
      58105.000 ns	      5809	800016bc	d01d4ad3	fcvt.s.wu	f21,x26	 x26:0x00000080 f21=0x43000000
      58125.000 ns	      5811	800016c0	4101d433	sra	x8,x3,x16	  x3:0x00000000 x16:0x00000000  x8=0x00000000
      58145.000 ns	      5813	800016c4	03fea733	mulhsu	x14,x29,x31	 x29:0xffffffff x31:0x00040fe4 x14=0xffffffff
      58175.000 ns	      5816	800016c8	d01af8d3	fcvt.s.wu	f17,x21	 x21:0x00000000 f17=0x00000000
      58205.000 ns	      5819	800016cc	f00a0953	fmv.w.x	f18,x20	 x20:0x00000080 f18=0x00000080
      58225.000 ns	      5821	800016d0	1caa3c13	sltiu	x24,x20,458	 x20:0x00000080 x24=0x00000001
      58245.000 ns	      5823	800016d4	21330b53	fsgnj.s	f22,f6,f19	  f6:0x80000000 f19:0x7f800000 f22=0x00000000
      58265.000 ns	      5825	800016d8	003a16b3	sll	x13,x20,x3	 x20:0x00000080  x3:0x00000000 x13=0x00000080
      58305.000 ns	      5829	800016dc	006b9f53	fadd.s	f30,f23,f6	 f23:0x44000000  f6:0x80000000 f30=0x44000000
      58325.000 ns	      5831	800016e0	e91c3513	sltiu	x10,x24,-367	 x24:0x00000001 x10=0x00000001
      58335.000 ns	      5832	800016e4	794ac813	xori	x16,x21,1940	 x21:0x00000000 x16=0x00000794
      58355.000 ns	      5834	800016e8	d0039053	fcvt.s.w	f0,x7	  x7:0x0eb6bce6  f0=0x4d6b6bce
      58375.000 ns	      5836	800016ec	01ee8933	add	x18,x29,x30	 x29:0xffffffff x30:0x64000000 x18=0x63ffffff
      58395.000 ns	      5838	800016f0	e00b1853	fclass.s	x16,f22	 f22:0x00000000 x16=0x00000010
      58765.000 ns	      5875	800016f4	03fa6ab3	rem	x21,x20,x31	 x20:0x00000080 x31:0x00040fe4 x21=0x00000080
      58785.000 ns	      5877	800016f8	5425c713	xori	x14,x11,1346	 x11:0x00000000 x14=0x00000542
      58795.000 ns	      5878	800016fc	01eff133	and	x2,x31,x30	 x31:0x00040fe4 x30:0x64000000  x2=0x00000000
      58825.000 ns	      5881	80001700	182198d3	fdiv.s	f17,f3,f2	  f3:0x7f800000  f2:0xffc00000 f17=0x7fc00000
      58855.000 ns	      5884	80001704	03f6b633	mulhu	x12,x13,x31	 x13:0x00000080 x31:0x00040fe4 x12=0x00000000
      58885.000 ns	      5887	80001708	027616b3	mulh	x13,x12,x7	 x12:0x00000000  x7:0x0eb6bce6 x13=0x00000000
      58905.000 ns	      5889	8000170c	40725633	sra	x12,x4,x7	  x4:0x00000000  x7:0x0eb6bce6 x12=0x00000000
      59265.000 ns	      5925	80001710	03a9f4b3	remu	x9,x19,x26	 x19:0x000001a0 x26:0x00000080  x9=0x00000020
      59285.000 ns	      5927	80001714	008ccb33	xor	x22,x25,x8	 x25:0x00000001  x8:0x00000000 x22=0x00000001
      59295.000 ns	      5928	80001718	00f70ab3	add	x21,x14,x15	 x14:0x00000542 x15:0x00000002 x21=0x00000544
      59305.000 ns	      5929	8000171c	f63cc693	xori	x13,x25,-157	 x25:0x00000001 x13=0xffffff62
      59325.000 ns	      5931	80001720	d0150653	fcvt.s.wu	f12,x10	 x10:0x00000001 f12=0x3f800000
      59365.000 ns	      5935	80001724	1911c053	fdiv.s	f0,f3,f17	  f3:0x7f800000 f17:0x7fc00000  f0=0x7fc00000
      59735.000 ns	      5972	80001728	034aceb3	div	x29,x21,x20	 x21:0x00000544 x20:0x00000080 x29=0x0000000a
      59755.000 ns	      5974	8000172c	000cbf33	sltu	x30,x25,x0	 x25:0x00000001  x0:0x00000000 x30=0x00000000
      59765.000 ns	      5975	80001730	013ea933	slt	x18,x29,x19	 x29:0x0000000a x19:0x000001a0 x18=0x00000001
      59785.000 ns	      5977	80001734	a15c1953	flt.s	x18,f24,f21	 f24:0x7fc00000 f21:0x43000000 x18=0x00000000
      59805.000 ns	      5979	80001738	cf72a213	slti	x4,x5,-777	  x5:0xffffffff  x4=0x00000000
      59815.000 ns	      5980	8000173c	01c8e833	or	x16,x17,x28	 x17:0x7fffffff x28:0x80040fe4 x16=0xffffffff
      59825.000 ns	      5981	80001740	019bd2b3	srl	x5,x23,x25	 x23:0x00000000 x25:0x00000001  x5=0x00000000
      59845.000 ns	      5983	80001744	0242c3b3	div	x7,x5,x4	  x5:0xffffffff  x4:0x00000000  x7=0xffffffff
      59865.000 ns	      5985	80001748	88e30a13	addi	x20,x6,-1906	  x6:0x80041024 x20=0x800408b2
      59905.000 ns	      5989	8000174c	01550f53	fadd.s	f30,f10,f21	 f10:0x80000001 f21:0x43000000 f30=0x43000000
      59925.000 ns	      5991	80001750	005ed993	srli	x19,x29,0x5	 x29:0x0000000a x19=0x00000000
      59935.000 ns	      5992	80001754	01d0bdb3	sltu	x27,x1,x29	  x1:0xed29f6f4 x29:0x0000000a x27=0x00000000
      59955.000 ns	      5994	80001758	a0e89b53	flt.s	x22,f17,f14	 f17:0x7fc00000 f14:0x7fc00000 x22=0x00000000
      59995.000 ns	      5998	8000175c	580ff953	fsqrt.s	f18,f31	 f31:0x7f800000 f18=0x7f800000
      60015.000 ns	      6000	80001760	003ac533	xor	x10,x21,x3	 x21:0x00000544  x3:0x00000000 x10=0x00000544
      60025.000 ns	      6001	80001764	296d7b37	lui	x22,0x296d7	 x22=0x296d7000
      60045.000 ns	      6003	80001768	20948ed3	fsgnj.s	f29,f9,f9	  f9:0x7f800000  f9:0x7f800000 f29=0x7f800000
      60075.000 ns	      6006	8000176c	205f9553	fsgnjn.s	f10,f31,f5	 f31:0x7f800000  f5:0x00000002 f10=0xff800000
      60105.000 ns	      6009	80001770	a0958753	fle.s	x14,f11,f9	 f11:0x80000000  f9:0x7f800000 x14=0x00000001
      60125.000 ns	      6011	80001774	40a3d033	sra	x0,x7,x10	  x7:0xffffffff x10:0x00000544
      60135.000 ns	      6012	80001778	00837033	and	x0,x6,x8	  x6:0x80041024  x8:0x00000000
      60155.000 ns	      6014	8000177c	032fc8b3	div	x17,x31,x18	 x31:0x00040fe4 x18:0x00000000 x17=0xffffffff
      60175.000 ns	      6016	80001780	007c1b33	sll	x22,x24,x7	 x24:0x00000001  x7:0xffffffff x22=0x80000000
      60205.000 ns	      6019	80001784	10122253	fmul.s	f4,f4,f1	  f4:0x7f800000  f1:0x00000000  f4=0x7fc00000
      60235.000 ns	      6022	80001788	e00081d3	fmv.x.w	x3,f1	  f1:0x00000000  x3=0x00000000
      60275.000 ns	      6026	8000178c	190a05d3	fdiv.s	f11,f20,f16	 f20:0x7fc00000 f16:0x40800000 f11=0x7fc00000
      60295.000 ns	      6028	80001790	00000013	addi	x0,x0,0	  x0:0x00000000
      60305.000 ns	      6029	80001794	00000013	addi	x0,x0,0	  x0:0x00000000
      60315.000 ns	      6030	80001798	01da1513	slli	x10,x20,0x1d	 x20:0x800408b2 x10=0x40000000
      60335.000 ns	      6032	8000179c	02bab2b3	mulhu	x5,x21,x11	 x21:0x00000544 x11:0x00000000  x5=0x00000000
      60365.000 ns	      6035	800017a0	a0208253	fle.s	x4,f1,f2	  f1:0x00000000  f2:0xffc00000  x4=0x00000000
      60385.000 ns	      6037	800017a4	0cf5e913	ori	x18,x11,207	 x11:0x00000000 x18=0x000000cf
      60405.000 ns	      6039	800017a8	03b32d33	mulhsu	x26,x6,x27	  x6:0x80041024 x27:0x00000000 x26=0x00000000
      60425.000 ns	      6041	800017ac	00dd89b3	add	x19,x27,x13	 x27:0x00000000 x13:0xffffff62 x19=0xffffff62
      60435.000 ns	      6042	800017b0	9b502113	slti	x2,x0,-1611	  x0:0x00000000  x2=0x00000000
      60445.000 ns	      6043	800017b4	00000013	addi	x0,x0,0	  x0:0x00000000
      60465.000 ns	      6045	800017b8	a09b9753	flt.s	x14,f23,f9	 f23:0x44000000  f9:0x7f800000 x14=0x00000001
      60485.000 ns	      6047	800017bc	0054a4b3	slt	x9,x9,x5	  x9:0x00000020  x5:0x00000000  x9=0x00000000
      60505.000 ns	      6049	800017c0	f00708d3	fmv.w.x	f17,x14	 x14:0x00000001 f17=0x00000001
      60525.000 ns	      6051	800017c4	00f2c0b3	xor	x1,x5,x15	  x5:0x00000000 x15:0x00000002  x1=0x00000002
      60545.000 ns	      6053	800017c8	20ee0a53	fsgnj.s	f20,f28,f14	 f28:0x00000000 f14:0x7fc00000 f20=0x00000000
      60575.000 ns	      6056	800017cc	f0070253	fmv.w.x	f4,x14	 x14:0x00000001  f4=0x00000001
      60605.000 ns	      6059	800017d0	21de9ad3	fsgnjn.s	f21,f29,f29	 f29:0x7f800000 f29:0x7f800000 f21=0xff800000
      60625.000 ns	      6061	800017d4	04e6dcb7	lui	x25,0x4e6d	 x25=0x04e6d000
      60635.000 ns	      6062	800017d8	3ca4f717	auipc	x14,0x3ca4f	 x14=0xbca507d8
      60645.000 ns	      6063	800017dc	8c039417	auipc	x8,0x8c039	  x8=0x0c03a7dc
      60655.000 ns	      6064	800017e0	41aa5fb3	sra	x31,x20,x26	 x20:0x800408b2 x26:0x00000000 x31=0x800408b2
      60675.000 ns	      6066	800017e4	217a2253	fsgnjx.s	f4,f20,f23	 f20:0x00000000 f23:0x44000000  f4=0x00000000
      60705.000 ns	      6069	800017e8	03361eb3	mulh	x29,x12,x19	 x12:0x00000000 x19:0xffffff62 x29=0x00000000
      60735.000 ns	      6072	800017ec	02c4c533	div	x10,x9,x12	  x9:0x00000000 x12:0x00000000 x10=0xffffffff
      60765.000 ns	      6075	800017f0	e0059c53	fclass.s	x24,f11	 f11:0x7fc00000 x24=0x00000200
      60785.000 ns	      6077	800017f4	006f5a13	srli	x20,x30,0x6	 x30:0x00000000 x20=0x00000000
      60805.000 ns	      6079	800017f8	21e0ab53	fsgnjx.s	f22,f1,f30	  f1:0x00000000 f30:0x43000000 f22=0x00000000
      60835.000 ns	      6082	800017fc	021ab2b3	mulhu	x5,x21,x1	 x21:0x00000544  x1:0x00000002  x5=0x00000000
      60865.000 ns	      6085	80001800	02653633	mulhu	x12,x10,x6	 x10:0xffffffff  x6:0x80041024 x12=0x80041023
      60885.000 ns	      6087	80001804	c3ba8613	addi	x12,x21,-965	 x21:0x00000544 x12=0x0000017f
      60895.000 ns	      6088	80001808	0075b9b3	sltu	x19,x11,x7	 x11:0x00000000  x7:0xffffffff x19=0x00000001
      60915.000 ns	      6090	8000180c	20209ed3	fsgnjn.s	f29,f1,f2	  f1:0x00000000  f2:0xffc00000 f29=0x00000000
      60935.000 ns	      6092	80001810	21a06a93	ori	x21,x0,538	  x0:0x00000000 x21=0x0000021a
      60955.000 ns	      6094	80001814	035499b3	mulh	x19,x9,x21	  x9:0x00000000 x21:0x00000544 x19=0x00000000
      60985.000 ns	      6097	80001818	a05083d3	fle.s	x7,f1,f5	  f1:0x00000000  f5:0x00000002  x7=0x00000001
      61015.000 ns	      6100	8000181c	d01996d3	fcvt.s.wu	f13,x19	 x19:0x00000000 f13=0x00000000
      61045.000 ns	      6103	80001820	d011a9d3	fcvt.s.wu	f19,x3	  x3:0x00000000 f19=0x00000000
      61065.000 ns	      6105	80001824	01eb9293	slli	x5,x23,0x1e	 x23:0x00000000  x5=0x00000000
      61085.000 ns	      6107	80001828	037a78b3	remu	x17,x20,x23	 x20:0x00000000 x23:0x00000000 x17=0x00000000
      61105.000 ns	      6109	8000182c	00b288b3	add	x17,x5,x11	  x5:0x00000000 x11:0x00000000 x17=0x00000000
      61115.000 ns	      6110	80001830	40d88a33	sub	x20,x17,x13	 x17:0x00000000 x13:0xffffff62 x20=0x0000009e
      61125.000 ns	      6111	80001834	4116db33	sra	x22,x13,x17	 x13:0xffffff62 x17:0x00000000 x22=0xffffff62
      61145.000 ns	      6113	80001838	d0020b53	fcvt.s.w	f22,x4	  x4:0x00000000 f22=0x00000000
      61175.000 ns	      6116	8000183c	c00df5d3	fcvt.w.s	x11,f27	 f27:0xffffffff x11=0x7fffffff
      61205.000 ns	      6119	80001840	28c81453	fmax.s	f8,f16,f12	 f16:0x40800000 f12:0x3f800000  f8=0x40800000
      61225.000 ns	      6121	80001844	7e503817	auipc	x16,0x7e503	 x16=0xfe504844
      61235.000 ns	      6122	80001848	01f3d413	srli	x8,x7,0x1f	  x7:0x00000001  x8=0x00000000
      61255.000 ns	      6124	8000184c	02993233	mulhu	x4,x18,x9	 x18:0x000000cf  x9:0x00000000  x4=0x00000000
      61295.000 ns	      6128	80001850	580a85d3	fsqrt.s	f11,f21	 f21:0xff800000 f11=0x7fc00000
      61325.000 ns	      6131	80001854	e00693d3	fclass.s	x7,f13	 f13:0x00000000  x7=0x00000010
      61375.000 ns	      6136	80001858	01e543d3	fadd.s	f7,f10,f30	 f10:0xff800000 f30:0x43000000  f7=0xff800000
      61395.000 ns	      6138	8000185c	406f5b13	srai	x22,x30,0x6	 x30:0x00000000 x22=0x00000000
      61405.000 ns	      6139	80001860	85c9e813	ori	x16,x19,-1956	 x19:0x00000000 x16=0xfffff85c
      61415.000 ns	      6140	80001864	40d3dd13	srai	x26,x7,0xd	  x7:0x00000010 x26=0x00000000
      61425.000 ns	      6141	80001868	000fc233	xor	x4,x31,x0	 x31:0x800408b2  x0:0x00000000  x4=0x800408b2
      61435.000 ns	      6142	8000186c	01156833	or	x16,x10,x17	 x10:0xffffffff x17:0x00000000 x16=0xffffffff
      61455.000 ns	      6144	80001870	d007a1d3	fcvt.s.w	f3,x15	 x15:0x00000002  f3=0x40000000
      61485.000 ns	      6147	80001874	02849b33	mulh	x22,x9,x8	  x9:0x00000000  x8:0x00000000 x22=0x00000000
      61515.000 ns	      6150	80001878	29b01f53	fmax.s	f30,f0,f27	  f0:0x7fc00000 f27:0xffffffff f30=0x7fc00000
      61535.000 ns	      6152	8000187c	00000013	addi	x0,x0,0	  x0:0x00000000
      61555.000 ns	      6154	80001880	024cbc33	mulhu	x24,x25,x4	 x25:0x04e6d000  x4:0x800408b2 x24=0x02737bc5
      61585.000 ns	      6157	80001884	a17603d3	fle.s	x7,f12,f23	 f12:0x3f800000 f23:0x44000000  x7=0x00000001
      61605.000 ns	      6159	80001888	000f40b3	xor	x1,x30,x0	 x30:0x00000000  x0:0x00000000  x1=0x00000000
      61625.000 ns	      6161	8000188c	03adc4b3	div	x9,x27,x26	 x27:0x00000000 x26:0x00000000  x9=0xffffffff
      61675.000 ns	      6166	80001890	00c3f8d3	fadd.s	f17,f7,f12	  f7:0xff800000 f12:0x3f800000 f17=0xff800000
      61705.000 ns	      6169	80001894	c01879d3	fcvt.wu.s	x19,f16	 f16:0x40800000 x19=0x00000004
      61725.000 ns	      6171	80001898	41fe5db3	sra	x27,x28,x31	 x28:0x80040fe4 x31:0x800408b2 x27=0xffffe001
      62085.000 ns	      6207	8000189c	034c7a33	remu	x20,x24,x20	 x24:0x02737bc5 x20:0x0000009e x20=0x00000061
      62115.000 ns	      6210	800018a0	c0144ed3	fcvt.wu.s	x29,f8	  f8:0x40800000 x29=0x00000004
      62155.000 ns	      6214	800018a4	18dc7fd3	fdiv.s	f31,f24,f13	 f24:0x7fc00000 f13:0x00000000 f31=0x7fc00000
      62185.000 ns	      6217	800018a8	031a63b3	rem	x7,x20,x17	 x20:0x00000061 x17:0x00000000  x7=0x00000061
      62215.000 ns	      6220	800018ac	03ef1733	mulh	x14,x30,x30	 x30:0x00000000 x30:0x00000000 x14=0x00000000
      62245.000 ns	      6223	800018b0	024a34b3	mulhu	x9,x20,x4	 x20:0x00000061  x4:0x800408b2  x9=0x00000030
      62265.000 ns	      6225	800018b4	00000013	addi	x0,x0,0	  x0:0x00000000
      62275.000 ns	      6226	800018b8	9d0e2c13	slti	x24,x28,-1584	 x28:0x80040fe4 x24=0x00000001
      62285.000 ns	      6227	800018bc	89e4b593	sltiu	x11,x9,-1890	  x9:0x00000030 x11=0x00000001
      62295.000 ns	      6228	800018c0	4139d8b3	sra	x17,x19,x19	 x19:0x00000004 x19:0x00000004 x17=0x00000000
      62305.000 ns	      6229	800018c4	3239a593	slti	x11,x19,803	 x19:0x00000004 x11=0x00000001
      62315.000 ns	      6230	800018c8	01aa2cb3	slt	x25,x20,x26	 x20:0x00000061 x26:0x00000000 x25=0x00000000
      62345.000 ns	      6233	800018cc	113da4d3	fmul.s	f9,f27,f19	 f27:0xffffffff f19:0x00000000  f9=0x7fc00000
      62365.000 ns	      6235	800018d0	012aa6b3	slt	x13,x21,x18	 x21:0x0000021a x18:0x000000cf x13=0x00000000
      62385.000 ns	      6237	800018d4	f00b0dd3	fmv.w.x	f27,x22	 x22:0x00000000 f27=0x00000000
      62415.000 ns	      6240	800018d8	02962eb3	mulhsu	x29,x12,x9	 x12:0x0000017f  x9:0x00000030 x29=0x00000000
      62445.000 ns	      6243	800018dc	21d12c53	fsgnjx.s	f24,f2,f29	  f2:0xffc00000 f29:0x00000000 f24=0xffc00000
      62465.000 ns	      6245	800018e0	00a3fd33	and	x26,x7,x10	  x7:0x00000061 x10:0xffffffff x26=0x00000061
      62475.000 ns	      6246	800018e4	00925d93	srli	x27,x4,0x9	  x4:0x800408b2 x27=0x00400204
      62495.000 ns	      6248	800018e8	d0027f53	fcvt.s.w	f30,x4	  x4:0x800408b2 f30=0xcefff7ee
      62515.000 ns	      6250	800018ec	000c66b3	or	x13,x24,x0	 x24:0x00000001  x0:0x00000000 x13=0x00000001
      62875.000 ns	      6286	800018f0	027952b3	divu	x5,x18,x7	 x18:0x000000cf  x7:0x00000061  x5=0x00000002
      62895.000 ns	      6288	800018f4	00965233	srl	x4,x12,x9	 x12:0x0000017f  x9:0x00000030  x4=0x00000000
      62915.000 ns	      6290	800018f8	d01274d3	fcvt.s.wu	f9,x4	  x4:0x800408b2  f9=0x00000000
      62945.000 ns	      6293	800018fc	0346a9b3	mulhsu	x19,x13,x20	 x13:0x00000001 x20:0x00000061 x19=0x00000000
      63315.000 ns	      6330	80001900	03f94a33	div	x20,x18,x31	 x18:0x000000cf x31:0x800408b2 x20=0x00000000
      63345.000 ns	      6333	80001904	a1d72c53	feq.s	x24,f14,f29	 f14:0x7fc00000 f29:0x00000000 x24=0x00000000
      63375.000 ns	      6336	80001908	a1ff0553	fle.s	x10,f30,f31	 f30:0xcefff7ee f31:0x7fc00000 x10=0x00000000
      63395.000 ns	      6338	8000190c	d28c3a17	auipc	x20,0xd28c3	 x20=0x528c490c
      63415.000 ns	      6340	80001910	28671953	fmax.s	f18,f14,f6	 f14:0x7fc00000  f6:0x80000000 f18=0x80000000
      63435.000 ns	      6342	80001914	00e7c433	xor	x8,x15,x14	 x15:0x00000002 x14:0x00000000  x8=0x00000002
      63455.000 ns	      6344	80001918	029104b3	mul	x9,x2,x9	  x2:0x00000000  x9:0x00000030  x9=0x00000000
      63475.000 ns	      6346	8000191c	0091de93	srli	x29,x3,0x9	  x3:0x00000000 x29=0x00000000
      63485.000 ns	      6347	80001920	00c18fb3	add	x31,x3,x12	  x3:0x00000000 x12:0x0000017f x31=0x0000017f
      63505.000 ns	      6349	80001924	214a1753	fsgnjn.s	f14,f20,f20	 f20:0x00000000 f20:0x00000000 f14=0x80000000
      63535.000 ns	      6352	80001928	e0070753	fmv.x.w	x14,f14	 f14:0x7fc00000 x14=0x80000000
      63565.000 ns	      6355	8000192c	f0010fd3	fmv.w.x	f31,x2	  x2:0x00000000 f31=0x00000000
      63595.000 ns	      6358	80001930	298a91d3	fmax.s	f3,f21,f24	 f21:0xff800000 f24:0xffc00000  f3=0xff800000
      63625.000 ns	      6361	80001934	a1a4af53	feq.s	x30,f9,f26	  f9:0x00000000 f26:0x7f800000 x30=0x00000000
      63655.000 ns	      6364	80001938	d0199553	fcvt.s.wu	f10,x19	 x19:0x00000000 f10=0x00000000
      63685.000 ns	      6367	8000193c	20931fd3	fsgnjn.s	f31,f6,f9	  f6:0x80000000  f9:0x00000000 f31=0x80000000
      63715.000 ns	      6370	80001940	a06a1553	flt.s	x10,f20,f6	 f20:0x00000000  f6:0x80000000 x10=0x00000000
      63745.000 ns	      6373	80001944	033a5933	divu	x18,x20,x19	 x20:0x528c490c x19:0x00000000 x18=0xffffffff
      63775.000 ns	      6376	80001948	291d9d53	fmax.s	f26,f27,f17	 f27:0x00000000 f17:0xff800000 f26=0x00000000
      63805.000 ns	      6379	8000194c	d008c953	fcvt.s.w	f18,x17	 x17:0x00000000 f18=0x00000000
      63825.000 ns	      6381	80001950	9f806713	ori	x14,x0,-1544	  x0:0x00000000 x14=0xfffff9f8
      63845.000 ns	      6383	80001954	e0020fd3	fmv.x.w	x31,f4	  f4:0x00000000 x31=0x00000000
      63865.000 ns	      6385	80001958	905ee013	ori	x0,x29,-1787	 x29:0x00000000
      63875.000 ns	      6386	8000195c	416ade93	srai	x29,x21,0x16	 x21:0x0000021a x29=0x00000000
      63895.000 ns	      6388	80001960	a0dd10d3	flt.s	x1,f26,f13	 f26:0x00000000 f13:0x00000000  x1=0x00000000
      63925.000 ns	      6391	80001964	28379653	fmax.s	f12,f15,f3	 f15:0x44000000  f3:0xff800000 f12=0x44000000
      63955.000 ns	      6394	80001968	a1169b53	flt.s	x22,f13,f17	 f13:0x00000000 f17:0xff800000 x22=0x00000000
      63985.000 ns	      6397	8000196c	d00c4ad3	fcvt.s.w	f21,x24	 x24:0x00000000 f21=0x00000000
      64355.000 ns	      6434	80001970	02fa5bb3	divu	x23,x20,x15	 x20:0x528c490c x15:0x00000002 x23=0x29462486
      64375.000 ns	      6436	80001974	01c8f5b3	and	x11,x17,x28	 x17:0x00000000 x28:0x80040fe4 x11=0x00000000
      64415.000 ns	      6440	80001978	0171f553	fadd.s	f10,f3,f23	  f3:0xff800000 f23:0x44000000 f10=0xff800000
      64435.000 ns	      6442	8000197c	e5c18393	addi	x7,x3,-420	  x3:0x00000000  x7=0xfffffe5c
      64455.000 ns	      6444	80001980	d01d0353	fcvt.s.wu	f6,x26	 x26:0x00000061  f6=0x42c20000
      64475.000 ns	      6446	80001984	d107e497	auipc	x9,0xd107e	  x9=0x5107f984
      64485.000 ns	      6447	80001988	006150b3	srl	x1,x2,x6	  x2:0x00000000  x6:0x80041024  x1=0x00000000
      64495.000 ns	      6448	8000198c	b4c54237	lui	x4,0xb4c54	  x4=0xb4c54000
      64515.000 ns	      6450	80001990	d002f353	fcvt.s.w	f6,x5	  x5:0x00000002  f6=0x40000000
      64535.000 ns	      6452	80001994	7f224a97	auipc	x21,0x7f224	 x21=0xff225994
      64555.000 ns	      6454	80001998	0264afb3	mulhsu	x31,x9,x6	  x9:0x5107f984  x6:0x80041024 x31=0x288545fd
      64585.000 ns	      6457	8000199c	21f085d3	fsgnj.s	f11,f1,f31	  f1:0x00000000 f31:0x80000000 f11=0x80000000
      64605.000 ns	      6459	800019a0	ab956f93	ori	x31,x10,-1351	 x10:0x00000000 x31=0xfffffab9
      64615.000 ns	      6460	800019a4	00b37133	and	x2,x6,x11	  x6:0x80041024 x11:0x00000000  x2=0x00000000
      64635.000 ns	      6462	800019a8	d01d2a53	fcvt.s.wu	f20,x26	 x26:0x00000061 f20=0x42c20000
      64655.000 ns	      6464	800019ac	3f690613	addi	x12,x18,1014	 x18:0xffffffff x12=0x000003f5
      64675.000 ns	      6466	800019b0	03d186b3	mul	x13,x3,x29	  x3:0x00000000 x29:0x00000000 x13=0x00000000
      64705.000 ns	      6469	800019b4	21751a53	fsgnjn.s	f20,f10,f23	 f10:0xff800000 f23:0x44000000 f20=0xff800000
      64725.000 ns	      6471	800019b8	00a41493	slli	x9,x8,0xa	  x8:0x00000002  x9=0x00000800
      64735.000 ns	      6472	800019bc	01d92533	slt	x10,x18,x29	 x18:0xffffffff x29:0x00000000 x10=0x00000001
      64745.000 ns	      6473	800019c0	00881713	slli	x14,x16,0x8	 x16:0xffffffff x14=0xffffff00
      64755.000 ns	      6474	800019c4	418a5b93	srai	x23,x20,0x18	 x20:0x528c490c x23=0x00000052
      64775.000 ns	      6476	800019c8	d00071d3	fcvt.s.w	f3,x0	  x0:0x00000000  f3=0x00000000
      64795.000 ns	      6478	800019cc	01ebd713	srli	x14,x23,0x1e	 x23:0x29462486 x14=0x00000000
      64805.000 ns	      6479	800019d0	f99a6d93	ori	x27,x20,-103	 x20:0x528c490c x27=0xffffff9d
      64835.000 ns	      6482	800019d4	580ffd53	fsqrt.s	f26,f31	 f31:0x80000000 f26=0x80000000
      64855.000 ns	      6484	800019d8	41f28433	sub	x8,x5,x31	  x5:0x00000002 x31:0xfffffab9  x8=0x00000549
      64865.000 ns	      6485	800019dc	2b4d8d13	addi	x26,x27,692	 x27:0xffffff9d x26=0x00000251
      65225.000 ns	      6521	800019e0	026a6633	rem	x12,x20,x6	 x20:0x528c490c  x6:0x80041024 x12=0x528c490c
      65245.000 ns	      6523	800019e4	011555b3	srl	x11,x10,x17	 x10:0x00000001 x17:0x00000000 x11=0x00000001
      65265.000 ns	      6525	800019e8	037a9833	mulh	x16,x21,x23	 x21:0xff225994 x23:0x00000052 x16=0xffffffff
      65295.000 ns	      6528	800019ec	29518753	fmin.s	f14,f3,f21	  f3:0x00000000 f21:0x00000000 f14=0x00000000
      65315.000 ns	      6530	800019f0	01e9bbb3	sltu	x23,x19,x30	 x19:0x00000000 x30:0x00000000 x23=0x00000000
      65325.000 ns	      6531	800019f4	40408db3	sub	x27,x1,x4	  x1:0x00000000  x4:0xb4c54000 x27=0x4b3ac000
      65335.000 ns	      6532	800019f8	01c3f3b3	and	x7,x7,x28	  x7:0xfffffe5c x28:0x80040fe4  x7=0x80040e44
      65355.000 ns	      6534	800019fc	c00ef2d3	fcvt.w.s	x5,f29	 f29:0x00000000  x5=0x00000000
      65385.000 ns	      6537	80001a00	03d6afb3	mulhsu	x31,x13,x29	 x13:0x00000000 x29:0x00000000 x31=0x00000000
      65415.000 ns	      6540	80001a04	0282adb3	mulhsu	x27,x5,x8	  x5:0x00000000  x8:0x00000549 x27=0x00000000
      65445.000 ns	      6543	80001a08	02b53b33	mulhu	x22,x10,x11	 x10:0x00000001 x11:0x00000001 x22=0x00000000
      65475.000 ns	      6546	80001a0c	207590d3	fsgnjn.s	f1,f11,f7	 f11:0x80000000  f7:0xff800000  f1=0x00000000
      65505.000 ns	      6549	80001a10	a1d78253	fle.s	x4,f15,f29	 f15:0x44000000 f29:0x00000000  x4=0x00000000
      65525.000 ns	      6551	80001a14	417e5cb3	sra	x25,x28,x23	 x28:0x80040fe4 x23:0x00000000 x25=0x80040fe4
      65545.000 ns	      6553	80001a18	29659ed3	fmax.s	f29,f11,f22	 f11:0x80000000 f22:0x00000000 f29=0x00000000
      65575.000 ns	      6556	80001a1c	29940ed3	fmin.s	f29,f8,f25	  f8:0x40800000 f25:0x7fc00000 f29=0x40800000
      65595.000 ns	      6558	80001a20	00000013	addi	x0,x0,0	  x0:0x00000000
      65605.000 ns	      6559	80001a24	010890b3	sll	x1,x17,x16	 x17:0x00000000 x16:0xffffffff  x1=0x00000000
      65615.000 ns	      6560	80001a28	00b2b833	sltu	x16,x5,x11	  x5:0x00000000 x11:0x00000001 x16=0x00000001
      65645.000 ns	      6563	80001a2c	580aff53	fsqrt.s	f30,f21	 f21:0x00000000 f30=0x00000000
      65675.000 ns	      6566	80001a30	20b4a753	fsgnjx.s	f14,f9,f11	  f9:0x00000000 f11:0x80000000 f14=0x80000000
      65705.000 ns	      6569	80001a34	c01f7d53	fcvt.wu.s	x26,f30	 f30:0x00000000 x26=0x00000000
      65735.000 ns	      6572	80001a38	f00c8dd3	fmv.w.x	f27,x25	 x25:0x80040fe4 f27=0x80040fe4
      65755.000 ns	      6574	80001a3c	a8c65097	auipc	x1,0xa8c65	  x1=0x28c66a3c
      65775.000 ns	      6576	80001a40	03896a33	rem	x20,x18,x24	 x18:0xffffffff x24:0x00000000 x20=0xffffffff
      65805.000 ns	      6579	80001a44	20fb0053	fsgnj.s	f0,f22,f15	 f22:0x00000000 f15:0x44000000  f0=0x00000000
      65835.000 ns	      6582	80001a48	037ba033	mulhsu	x0,x23,x23	 x23:0x00000000 x23:0x00000000
      65855.000 ns	      6584	80001a4c	01703733	sltu	x14,x0,x23	  x0:0x00000000 x23:0x00000000 x14=0x00000000
      66215.000 ns	      6620	80001a50	03c2f6b3	remu	x13,x5,x28	  x5:0x00000000 x28:0x80040fe4 x13=0x00000000
      66235.000 ns	      6622	80001a54	962e8893	addi	x17,x29,-1694	 x29:0x00000000 x17=0xfffff962
      66245.000 ns	      6623	80001a58	39d78113	addi	x2,x15,925	 x15:0x00000002  x2=0x0000039f
      66255.000 ns	      6624	80001a5c	d0e04813	xori	x16,x0,-754	  x0:0x00000000 x16=0xfffffd0e
      66265.000 ns	      6625	80001a60	8d09fd17	auipc	x26,0x8d09f	 x26=0x0d0a0a60
      67435.000 ns	      6742	80001a64	58087153	fsqrt.s	f2,f16	 f16:0x40800000  f2=0x3fffffae
      67455.000 ns	      6744	80001a68	90d45717	auipc	x14,0x90d45	 x14=0x10d46a68
      67465.000 ns	      6745	80001a6c	c4b53513	sltiu	x10,x10,-949	 x10:0x00000001 x10=0x00000001
      67475.000 ns	      6746	80001a70	27518013	addi	x0,x3,629	  x3:0x00000000
      67495.000 ns	      6748	80001a74	02fe0033	mul	x0,x28,x15	 x28:0x80040fe4 x15:0x00000002
      67525.000 ns	      6751	80001a78	e00c03d3	fmv.x.w	x7,f24	 f24:0xffc00000  x7=0xffc00000
      67545.000 ns	      6753	80001a7c	0055da33	srl	x20,x11,x5	 x11:0x00000001  x5:0x00000000 x20=0x00000001
      67555.000 ns	      6754	80001a80	00000013	addi	x0,x0,0	  x0:0x00000000
      67565.000 ns	      6755	80001a84	0053ec33	or	x24,x7,x5	  x7:0xffc00000  x5:0x00000000 x24=0xffc00000
      67595.000 ns	      6758	80001a88	11247bd3	fmul.s	f23,f8,f18	  f8:0x40800000 f18:0x00000000 f23=0x00000000
      67615.000 ns	      6760	80001a8c	012e66b3	or	x13,x28,x18	 x28:0x80040fe4 x18:0xffffffff x13=0xffffffff
      67635.000 ns	      6762	80001a90	219d1ed3	fsgnjn.s	f29,f26,f25	 f26:0x80000000 f25:0x7fc00000 f29=0x80000000
      67685.000 ns	      6767	80001a94	00f13753	fadd.s	f14,f2,f15	  f2:0x3fffffae f15:0x44000000 f14=0x44008000
      67705.000 ns	      6769	80001a98	010eb933	sltu	x18,x29,x16	 x29:0x00000000 x16:0xfffffd0e x18=0x00000001
      68065.000 ns	      6805	80001a9c	032e62b3	rem	x5,x28,x18	 x28:0x80040fe4 x18:0xffffffff  x5=0x00000000
      68085.000 ns	      6807	80001aa0	00b05393	srli	x7,x0,0xb	  x0:0x00000000  x7=0x00000000
      68125.000 ns	      6811	80001aa4	09e00ad3	fsub.s	f21,f0,f30	  f0:0x00000000 f30:0x00000000 f21=0x80000000
      68155.000 ns	      6814	80001aa8	e00f8dd3	fmv.x.w	x27,f31	 f31:0x80000000 x27=0x80000000
      68175.000 ns	      6816	80001aac	919ef813	andi	x16,x29,-1767	 x29:0x00000000 x16=0x00000000
      68195.000 ns	      6818	80001ab0	a03f8653	fle.s	x12,f31,f3	 f31:0x80000000  f3:0x00000000 x12=0x00000001
      68215.000 ns	      6820	80001ab4	a85b2b93	slti	x23,x22,-1403	 x22:0x00000000 x23=0x00000000
      68575.000 ns	      6856	80001ab8	034bd4b3	divu	x9,x23,x20	 x23:0x00000000 x20:0x00000001  x9=0x00000000
      68595.000 ns	      6858	80001abc	63bebd13	sltiu	x26,x29,1595	 x29:0x00000000 x26=0x00000001
      68605.000 ns	      6859	80001ac0	01d3af33	slt	x30,x7,x29	  x7:0x00000000 x29:0x00000000 x30=0x00000000
      68615.000 ns	      6860	80001ac4	01ac2533	slt	x10,x24,x26	 x24:0xffc00000 x26:0x0d0a0a60 x10=0x00000001
      68625.000 ns	      6861	80001ac8	00031cb3	sll	x25,x6,x0	  x6:0x80041024  x0:0x00000000 x25=0x80041024
      68635.000 ns	      6862	80001acc	01619f33	sll	x30,x3,x22	  x3:0x00000000 x22:0x00000000 x30=0x00000000
      68655.000 ns	      6864	80001ad0	d0159653	fcvt.s.wu	f12,x11	 x11:0x00000001 f12=0x3f800000
      68685.000 ns	      6867	80001ad4	d01dcfd3	fcvt.s.wu	f31,x27	 x27:0x80000000 f31=0x4f000000
      68705.000 ns	      6869	80001ad8	00000013	addi	x0,x0,0	  x0:0x00000000
      68715.000 ns	      6870	80001adc	41bdd913	srai	x18,x27,0x1b	 x27:0x80000000 x18=0xfffffff0
      68725.000 ns	      6871	80001ae0	015dd2b3	srl	x5,x27,x21	 x27:0x80000000 x21:0xff225994  x5=0x00000800
      68745.000 ns	      6873	80001ae4	e00e93d3	fclass.s	x7,f29	 f29:0x80000000  x7=0x00000008
      68765.000 ns	      6875	80001ae8	006c7533	and	x10,x24,x6	 x24:0xffc00000  x6:0x80041024 x10=0x80000000
      68785.000 ns	      6877	80001aec	0269b633	mulhu	x12,x19,x6	 x19:0x00000000  x6:0x80041024 x12=0x00000000
      68815.000 ns	      6880	80001af0	02852633	mulhsu	x12,x10,x8	 x10:0x00000001  x8:0x00000549 x12=0xfffffd5b
      69185.000 ns	      6917	80001af4	0381fc33	remu	x24,x3,x24	  x3:0x00000000 x24:0xffc00000 x24=0x00000000
      69205.000 ns	      6919	80001af8	90778393	addi	x7,x15,-1785	 x15:0x00000002  x7=0xfffff909
      69225.000 ns	      6921	80001afc	d01948d3	fcvt.s.wu	f17,x18	 x18:0xfffffff0 f17=0x4f800000
      69255.000 ns	      6924	80001b00	02f9bab3	mulhu	x21,x19,x15	 x19:0x00000000 x15:0x00000002 x21=0x00000000
      69275.000 ns	      6926	80001b04	08876613	ori	x12,x14,136	 x14:0x10d46a68 x12=0x10d46ae8
      69295.000 ns	      6928	80001b08	c01640d3	fcvt.wu.s	x1,f12	 f12:0x3f800000  x1=0x00000001
      69325.000 ns	      6931	80001b0c	210081d3	fsgnj.s	f3,f1,f16	  f1:0x00000000 f16:0x40800000  f3=0x00000000
      69345.000 ns	      6933	80001b10	0055d3b3	srl	x7,x11,x5	 x11:0x00000001  x5:0x00000800  x7=0x00000001
      69365.000 ns	      6935	80001b14	20832153	fsgnjx.s	f2,f6,f8	  f6:0x40000000  f8:0x40800000  f2=0x40000000
      69385.000 ns	      6937	80001b18	41078c33	sub	x24,x15,x16	 x15:0x00000002 x16:0x00000000 x24=0x00000002
      69415.000 ns	      6940	80001b1c	58098153	fsqrt.s	f2,f19	 f19:0x00000000  f2=0x00000000
      69435.000 ns	      6942	80001b20	01276fb3	or	x31,x14,x18	 x14:0x10d46a68 x18:0xfffffff0 x31=0xfffffff8
      69445.000 ns	      6943	80001b24	00414833	xor	x16,x2,x4	  x2:0x0000039f  x4:0x00000000 x16=0x0000039f
      69475.000 ns	      6946	80001b28	104320d3	fmul.s	f1,f6,f4	  f6:0x40000000  f4:0x00000000  f1=0x00000000
      69495.000 ns	      6948	80001b2c	d5477893	andi	x17,x14,-684	 x14:0x10d46a68 x17=0x10d46840
      69505.000 ns	      6949	80001b30	0025d533	srl	x10,x11,x2	 x11:0x00000001  x2:0x0000039f x10=0x00000000
      69515.000 ns	      6950	80001b34	f70fa593	slti	x11,x31,-144	 x31:0xfffffff8 x11=0x00000000
      69525.000 ns	      6951	80001b38	2c9b7593	andi	x11,x22,713	 x22:0x00000000 x11=0x00000000
      69535.000 ns	      6952	80001b3c	01f8ab33	slt	x22,x17,x31	 x17:0x10d46840 x31:0xfffffff8 x22=0x00000000
      69545.000 ns	      6953	80001b40	00000013	addi	x0,x0,0	  x0:0x00000000
      69565.000 ns	      6955	80001b44	29cf1a53	fmax.s	f20,f30,f28	 f30:0x00000000 f28:0x00000000 f20=0x00000000
      69585.000 ns	      6957	80001b48	01413bb3	sltu	x23,x2,x20	  x2:0x0000039f x20:0x00000001 x23=0x00000000
      69625.000 ns	      6961	80001b4c	012b4253	fadd.s	f4,f22,f18	 f22:0x00000000 f18:0x00000000  f4=0x00000000
      69645.000 ns	      6963	80001b50	55b0e613	ori	x12,x1,1371	  x1:0x00000001 x12=0x0000055b
      69665.000 ns	      6965	80001b54	c00a48d3	fcvt.w.s	x17,f20	 f20:0x00000000 x17=0x00000000
      69685.000 ns	      6967	80001b58	918aec13	ori	x24,x21,-1768	 x21:0x00000000 x24=0xfffff918
      69695.000 ns	      6968	80001b5c	016b6b33	or	x22,x22,x22	 x22:0x00000000 x22:0x00000000 x22=0x00000000
      70055.000 ns	      7004	80001b60	02f75b33	divu	x22,x14,x15	 x14:0x10d46a68 x15:0x00000002 x22=0x086a3534
      70085.000 ns	      7007	80001b64	c0147553	fcvt.wu.s	x10,f8	  f8:0x40800000 x10=0x00000004
      70105.000 ns	      7009	80001b68	00b9acb3	slt	x25,x19,x11	 x19:0x00000000 x11:0x00000000 x25=0x00000000
      70125.000 ns	      7011	80001b6c	c00a0153	fcvt.w.s	x2,f20	 f20:0x00000000  x2=0x00000000
      70155.000 ns	      7014	80001b70	d01d75d3	fcvt.s.wu	f11,x26	 x26:0x00000001 f11=0x3f800000
      70185.000 ns	      7017	80001b74	f0018353	fmv.w.x	f6,x3	  x3:0x00000000  f6=0x00000000
      70215.000 ns	      7020	80001b78	02aa3933	mulhu	x18,x20,x10	 x20:0x00000001 x10:0x00000004 x18=0x00000000
      70245.000 ns	      7023	80001b7c	03362533	mulhsu	x10,x12,x19	 x12:0x0000055b x19:0x00000000 x10=0x00000000
      70275.000 ns	      7026	80001b80	a0d59fd3	flt.s	x31,f11,f13	 f11:0x3f800000 f13:0x00000000 x31=0x00000000
      70305.000 ns	      7029	80001b84	03775b33	divu	x22,x14,x23	 x14:0x10d46a68 x23:0x00000000 x22=0xffffffff
      70325.000 ns	      7031	80001b88	01a2c2b3	xor	x5,x5,x26	  x5:0x00000800 x26:0x00000001  x5=0x00000801
      70335.000 ns	      7032	80001b8c	00f95e93	srli	x29,x18,0xf	 x18:0x00000000 x29=0x00000000
      70355.000 ns	      7034	80001b90	d00898d3	fcvt.s.w	f17,x17	 x17:0x00000000 f17=0x00000000
      70385.000 ns	      7037	80001b94	c0067ad3	fcvt.w.s	x21,f12	 f12:0x3f800000 x21=0x00000001
      70405.000 ns	      7039	80001b98	00b81fb3	sll	x31,x16,x11	 x16:0x0000039f x11:0x00000000 x31=0x0000039f
      70445.000 ns	      7043	80001b9c	08792c53	fsub.s	f24,f18,f7	 f18:0x00000000  f7:0xff800000 f24=0x7f800000
      70475.000 ns	      7046	80001ba0	d00176d3	fcvt.s.w	f13,x2	  x2:0x00000000 f13=0x00000000
      70505.000 ns	      7049	80001ba4	03d59b33	mulh	x22,x11,x29	 x11:0x00000000 x29:0x00000000 x22=0x00000000
      70555.000 ns	      7054	80001ba8	0916f9d3	fsub.s	f19,f13,f17	 f13:0x00000000 f17:0x00000000 f19=0x80000000
      70585.000 ns	      7057	80001bac	a13f12d3	flt.s	x5,f30,f19	 f30:0x00000000 f19:0x00000000  x5=0x00000000
      70635.000 ns	      7062	80001bb0	08d8c753	fsub.s	f14,f17,f13	 f17:0x00000000 f13:0x00000000 f14=0x80000000
      70655.000 ns	      7064	80001bb4	00471c33	sll	x24,x14,x4	 x14:0x10d46a68  x4:0x00000000 x24=0x10d46a68
      70675.000 ns	      7066	80001bb8	0281b3b3	mulhu	x7,x3,x8	  x3:0x00000000  x8:0x00000549  x7=0x00000000
      70715.000 ns	      7070	80001bbc	106a8053	fmul.s	f0,f21,f6	 f21:0x80000000  f6:0x00000000  f0=0x80000000
      70735.000 ns	      7072	80001bc0	ae112b93	slti	x23,x2,-1311	  x2:0x00000000 x23=0x00000000
      70745.000 ns	      7073	80001bc4	4071dbb3	sra	x23,x3,x7	  x3:0x00000000  x7:0x00000000 x23=0x00000000
      70755.000 ns	      7074	80001bc8	015adbb3	srl	x23,x21,x21	 x21:0x00000001 x21:0x00000001 x23=0x00000000
      70765.000 ns	      7075	80001bcc	01c7a133	slt	x2,x15,x28	 x15:0x00000002 x28:0x80040fe4  x2=0x00000000
      70775.000 ns	      7076	80001bd0	0192fa33	and	x20,x5,x25	  x5:0x00000000 x25:0x00000000 x20=0x00000000
      70785.000 ns	      7077	80001bd4	01bca833	slt	x16,x25,x27	 x25:0x00000000 x27:0x80000000 x16=0x00000000
      70805.000 ns	      7079	80001bd8	215892d3	fsgnjn.s	f5,f17,f21	 f17:0x00000000 f21:0x80000000  f5=0x00000000
      70825.000 ns	      7081	80001bdc	cbfcf193	andi	x3,x25,-833	 x25:0x00000000  x3=0x00000000
      70845.000 ns	      7083	80001be0	02d316b3	mulh	x13,x6,x13	  x6:0x80041024 x13:0xffffffff x13=0x00000000
      70875.000 ns	      7086	80001be4	e0079153	fclass.s	x2,f15	 f15:0x44000000  x2=0x00000040
      70895.000 ns	      7088	80001be8	004b9d93	slli	x27,x23,0x4	 x23:0x00000000 x27=0x00000000
      70915.000 ns	      7090	80001bec	f00088d3	fmv.w.x	f17,x1	  x1:0x00000001 f17=0x00000001
      70935.000 ns	      7092	80001bf0	011fd633	srl	x12,x31,x17	 x31:0x0000039f x17:0x00000000 x12=0x0000039f
      70955.000 ns	      7094	80001bf4	03cc23b3	mulhsu	x7,x24,x28	 x24:0x10d46a68 x28:0x80040fe4  x7=0x086a7991
      70975.000 ns	      7096	80001bf8	00d3b833	sltu	x16,x7,x13	  x7:0x00000000 x13:0x00000000 x16=0x00000000
      70995.000 ns	      7098	80001bfc	29cd1153	fmax.s	f2,f26,f28	 f26:0x80000000 f28:0x00000000  f2=0x00000000
      71015.000 ns	      7100	80001c00	0026fd33	and	x26,x13,x2	 x13:0x00000000  x2:0x00000040 x26=0x00000000
      71035.000 ns	      7102	80001c04	a1a4a9d3	feq.s	x19,f9,f26	  f9:0x00000000 f26:0x80000000 x19=0x00000001
      71055.000 ns	      7104	80001c08	003adf33	srl	x30,x21,x3	 x21:0x00000001  x3:0x00000000 x30=0x00000001
      71065.000 ns	      7105	80001c0c	01ac1ab3	sll	x21,x24,x26	 x24:0x10d46a68 x26:0x00000000 x21=0x10d46a68
      71085.000 ns	      7107	80001c10	20be8953	fsgnj.s	f18,f29,f11	 f29:0x80000000 f11:0x3f800000 f18=0x00000000
      71105.000 ns	      7109	80001c14	f65ea493	slti	x9,x29,-155	 x29:0x00000000  x9=0x00000000
      71115.000 ns	      7110	80001c18	016d1693	slli	x13,x26,0x16	 x26:0x00000000 x13=0x00000000
      71125.000 ns	      7111	80001c1c	1f5c6413	ori	x8,x24,501	 x24:0x10d46a68  x8=0x10d46bfd
      71155.000 ns	      7114	80001c20	18c32bd3	fdiv.s	f23,f6,f12	  f6:0x00000000 f12:0x3f800000 f23=0x00000000
      71205.000 ns	      7119	80001c24	09a2a7d3	fsub.s	f15,f5,f26	  f5:0x00000000 f26:0x80000000 f15=0x00000000
      71225.000 ns	      7121	80001c28	78d58013	addi	x0,x11,1933	 x11:0x00000000
      71235.000 ns	      7122	80001c2c	c114c913	xori	x18,x9,-1007	  x9:0x00000000 x18=0xfffffc11
      71255.000 ns	      7124	80001c30	204b9253	fsgnjn.s	f4,f23,f4	 f23:0x00000000  f4:0x00000000  f4=0x80000000
      71275.000 ns	      7126	80001c34	0157bbb3	sltu	x23,x15,x21	 x15:0x00000002 x21:0x10d46a68 x23=0x00000001
      71285.000 ns	      7127	80001c38	006051b3	srl	x3,x0,x6	  x0:0x00000000  x6:0x80041024  x3=0x00000000
      71305.000 ns	      7129	80001c3c	f00205d3	fmv.w.x	f11,x4	  x4:0x00000000 f11=0x00000000
      71335.000 ns	      7132	80001c40	284e97d3	fmax.s	f15,f29,f4	 f29:0x80000000  f4:0x80000000 f15=0x80000000
      71365.000 ns	      7135	80001c44	21fa95d3	fsgnjn.s	f11,f21,f31	 f21:0x80000000 f31:0x4f000000 f11=0x80000000
      71735.000 ns	      7172	80001c48	028ddbb3	divu	x23,x27,x8	 x27:0x00000000  x8:0x10d46bfd x23=0x00000000
      71765.000 ns	      7175	80001c4c	03d5a633	mulhsu	x12,x11,x29	 x11:0x00000000 x29:0x00000000 x12=0x00000000
      71785.000 ns	      7177	80001c50	010cdcb3	srl	x25,x25,x16	 x25:0x00000000 x16:0x00000000 x25=0x00000000
      71795.000 ns	      7178	80001c54	41585f33	sra	x30,x16,x21	 x16:0x00000000 x21:0x10d46a68 x30=0x00000000
      71805.000 ns	      7179	80001c58	01685613	srli	x12,x16,0x16	 x16:0x00000000 x12=0x00000000
      71815.000 ns	      7180	80001c5c	01e05b13	srli	x22,x0,0x1e	  x0:0x00000000 x22=0x00000000
      71835.000 ns	      7182	80001c60	c01a7053	fcvt.wu.s	x0,f20	 f20:0x00000000
      71855.000 ns	      7184	80001c64	00da21b3	slt	x3,x20,x13	 x20:0x00000000 x13:0x00000000  x3=0x00000000
      71865.000 ns	      7185	80001c68	84e07c13	andi	x24,x0,-1970	  x0:0x00000000 x24=0x00000000
      71905.000 ns	      7189	80001c6c	0191fbd3	fadd.s	f23,f3,f25	  f3:0x00000000 f25:0x7fc00000 f23=0x7fc00000
      71925.000 ns	      7191	80001c70	990dc893	xori	x17,x27,-1648	 x27:0x00000000 x17=0xfffff990
      71935.000 ns	      7192	80001c74	d7932613	slti	x12,x6,-647	  x6:0x80041024 x12=0x00000001
      71945.000 ns	      7193	80001c78	00c45213	srli	x4,x8,0xc	  x8:0x10d46bfd  x4=0x00010d46
      71965.000 ns	      7195	80001c7c	20a42953	fsgnjx.s	f18,f8,f10	  f8:0x40800000 f10:0xff800000 f18=0xc0800000
      72335.000 ns	      7232	80001c80	02145f33	divu	x30,x8,x1	  x8:0x10d46bfd  x1:0x00000001 x30=0x10d46bfd
      72365.000 ns	      7235	80001c84	28c68ed3	fmin.s	f29,f13,f12	 f13:0x00000000 f12:0x3f800000 f29=0x00000000
      72395.000 ns	      7238	80001c88	296611d3	fmax.s	f3,f12,f22	 f12:0x3f800000 f22:0x00000000  f3=0x3f800000
      72425.000 ns	      7241	80001c8c	a1448fd3	fle.s	x31,f9,f20	  f9:0x00000000 f20:0x00000000 x31=0x00000001
      72465.000 ns	      7245	80001c90	580772d3	fsqrt.s	f5,f14	 f14:0x80000000  f5=0x80000000
      72495.000 ns	      7248	80001c94	d01825d3	fcvt.s.wu	f11,x16	 x16:0x00000000 f11=0x00000000
      72525.000 ns	      7251	80001c98	d01b87d3	fcvt.s.wu	f15,x23	 x23:0x00000000 f15=0x00000000
      72545.000 ns	      7253	80001c9c	005a5393	srli	x7,x20,0x5	 x20:0x00000000  x7=0x00000000
      72555.000 ns	      7254	80001ca0	80259417	auipc	x8,0x80259	  x8=0x0025aca0
      72565.000 ns	      7255	80001ca4	00d45413	srli	x8,x8,0xd	  x8:0x10d46bfd  x8=0x0000012d
      72595.000 ns	      7258	80001ca8	18dabcd3	fdiv.s	f25,f21,f13	 f21:0x80000000 f13:0x00000000 f25=0x7fc00000
      72625.000 ns	      7261	80001cac	a1ed0bd3	fle.s	x23,f26,f30	 f26:0x80000000 f30:0x00000000 x23=0x00000001
      72655.000 ns	      7264	80001cb0	029b5bb3	divu	x23,x22,x9	 x22:0x00000000  x9:0x00000000 x23=0xffffffff
      72695.000 ns	      7268	80001cb4	185e07d3	fdiv.s	f15,f28,f5	 f28:0x00000000  f5:0x80000000 f15=0x7fc00000
      72715.000 ns	      7270	80001cb8	01bb5f13	srli	x30,x22,0x1b	 x22:0x00000000 x30=0x00000000
      72755.000 ns	      7274	80001cbc	00b4f6d3	fadd.s	f13,f9,f11	  f9:0x00000000 f11:0x00000000 f13=0x00000000
      72785.000 ns	      7277	80001cc0	03927cb3	remu	x25,x4,x25	  x4:0x00010d46 x25:0x00000000 x25=0x00010d46
      72805.000 ns	      7279	80001cc4	419203b3	sub	x7,x4,x25	  x4:0x00010d46 x25:0x00000000  x7=0x00000000
      72835.000 ns	      7282	80001cc8	18ccfed3	fdiv.s	f29,f25,f12	 f25:0x7fc00000 f12:0x3f800000 f29=0x7fc00000
      72855.000 ns	      7284	80001ccc	41f35a13	srai	x20,x6,0x1f	  x6:0x80041024 x20=0xffffffff
      72865.000 ns	      7285	80001cd0	01167c33	and	x24,x12,x17	 x12:0x00000001 x17:0xfffff990 x24=0x00000000
      72885.000 ns	      7287	80001cd4	294288d3	fmin.s	f17,f5,f20	  f5:0x80000000 f20:0x00000000 f17=0x80000000
      72915.000 ns	      7290	80001cd8	28e61953	fmax.s	f18,f12,f14	 f12:0x3f800000 f14:0x80000000 f18=0x3f800000
      72935.000 ns	      7292	80001cdc	40910933	sub	x18,x2,x9	  x2:0x00000040  x9:0x00000000 x18=0x00000040
      72945.000 ns	      7293	80001ce0	4180d913	srai	x18,x1,0x18	  x1:0x00000001 x18=0x00000000
      72955.000 ns	      7294	80001ce4	4180d713	srai	x14,x1,0x18	  x1:0x00000001 x14=0x00000000
      72965.000 ns	      7295	80001ce8	74efec93	ori	x25,x31,1870	 x31:0x00000001 x25=0x0000074f
      72975.000 ns	      7296	80001cec	01687f33	and	x30,x16,x22	 x16:0x00000000 x22:0x00000000 x30=0x00000000
      72985.000 ns	      7297	80001cf0	01fd1ab3	sll	x21,x26,x31	 x26:0x00000000 x31:0x00000001 x21=0x00000000
      73005.000 ns	      7299	80001cf4	03884bb3	div	x23,x16,x24	 x16:0x00000000 x24:0x00000000 x23=0xffffffff
      73035.000 ns	      7302	80001cf8	02eb2633	mulhsu	x12,x22,x14	 x22:0x00000000 x14:0x00000000 x12=0x00000000
      73055.000 ns	      7304	80001cfc	5186ac93	slti	x25,x13,1304	 x13:0x00000000 x25=0x00000001
      73075.000 ns	      7306	80001d00	a0281753	flt.s	x14,f16,f2	 f16:0x40800000  f2:0x00000000 x14=0x00000000
      73445.000 ns	      7343	80001d04	028b6d33	rem	x26,x22,x8	 x22:0x00000000  x8:0x0000012d x26=0x00000000
      73475.000 ns	      7346	80001d08	e00d94d3	fclass.s	x9,f27	 f27:0x80040fe4  x9=0x00000004
      73505.000 ns	      7349	80001d0c	28ed9953	fmax.s	f18,f27,f14	 f27:0x80040fe4 f14:0x80000000 f18=0x80000000
      73555.000 ns	      7354	80001d10	0019f4d3	fadd.s	f9,f19,f1	 f19:0x80000000  f1:0x00000000  f9=0x00000000
      73575.000 ns	      7356	80001d14	007a1e93	slli	x29,x20,0x7	 x20:0xffffffff x29=0xffffff80
      73595.000 ns	      7358	80001d18	c00a75d3	fcvt.w.s	x11,f20	 f20:0x00000000 x11=0x00000000
      73615.000 ns	      7360	80001d1c	4bf04713	xori	x14,x0,1215	  x0:0x00000000 x14=0x000004bf
      73635.000 ns	      7362	80001d20	29811153	fmax.s	f2,f2,f24	  f2:0x00000000 f24:0x7f800000  f2=0x7f800000
      73665.000 ns	      7365	80001d24	20f8a153	fsgnjx.s	f2,f17,f15	 f17:0x80000000 f15:0x7fc00000  f2=0x80000000
      73695.000 ns	      7368	80001d28	c00520d3	fcvt.w.s	x1,f10	 f10:0xff800000  x1=0x80000000
      74065.000 ns	      7405	80001d2c	022a5b33	divu	x22,x20,x2	 x20:0xffffffff  x2:0x00000040 x22=0x03ffffff
      74095.000 ns	      7408	80001d30	03c735b3	mulhu	x11,x14,x28	 x14:0x000004bf x28:0x80040fe4 x11=0x0000025f
      74115.000 ns	      7410	80001d34	7cee60b7	lui	x1,0x7cee6	  x1=0x7cee6000
      74145.000 ns	      7413	80001d38	117a09d3	fmul.s	f19,f20,f23	 f20:0x00000000 f23:0x7fc00000 f19=0x7fc00000
      74175.000 ns	      7416	80001d3c	206815d3	fsgnjn.s	f11,f16,f6	 f16:0x40800000  f6:0x00000000 f11=0xc0800000
      74205.000 ns	      7419	80001d40	20719b53	fsgnjn.s	f22,f3,f7	  f3:0x3f800000  f7:0xff800000 f22=0x3f800000
      74235.000 ns	      7422	80001d44	0386c533	div	x10,x13,x24	 x13:0x00000000 x24:0x00000000 x10=0xffffffff
      74255.000 ns	      7424	80001d48	00000013	addi	x0,x0,0	  x0:0x00000000
      74265.000 ns	      7425	80001d4c	e0862b13	slti	x22,x12,-504	 x12:0x00000000 x22=0x00000000
      74285.000 ns	      7427	80001d50	d01577d3	fcvt.s.wu	f15,x10	 x10:0xffffffff f15=0x4f7fffff
      74655.000 ns	      7464	80001d54	028850b3	divu	x1,x16,x8	 x16:0x00000000  x8:0x0000012d  x1=0x00000000
      74685.000 ns	      7467	80001d58	e00298d3	fclass.s	x17,f5	  f5:0x80000000 x17=0x00000008
      74705.000 ns	      7469	80001d5c	00505db3	srl	x27,x0,x5	  x0:0x00000000  x5:0x00000000 x27=0x00000000
      74725.000 ns	      7471	80001d60	03bccb33	div	x22,x25,x27	 x25:0x00000001 x27:0x00000000 x22=0xffffffff
      74755.000 ns	      7474	80001d64	d0127053	fcvt.s.wu	f0,x4	  x4:0x00010d46  f0=0x4786a300
      74785.000 ns	      7477	80001d68	e00a0dd3	fmv.x.w	x27,f20	 f20:0x00000000 x27=0x00000000
      74805.000 ns	      7479	80001d6c	9215bf13	sltiu	x30,x11,-1759	 x11:0x0000025f x30=0x00000001
      74815.000 ns	      7480	80001d70	61be7393	andi	x7,x28,1563	 x28:0x80040fe4  x7=0x00000600
      74835.000 ns	      7482	80001d74	e0021553	fclass.s	x10,f4	  f4:0x80000000 x10=0x00000008
      74855.000 ns	      7484	80001d78	3c200493	addi	x9,x0,962	  x0:0x00000000  x9=0x000003c2
      74865.000 ns	      7485	80001d7c	2df57c13	andi	x24,x10,735	 x10:0x00000008 x24=0x00000008
      75225.000 ns	      7521	80001d80	0341e133	rem	x2,x3,x20	  x3:0x00000000 x20:0xffffffff  x2=0x00000000
      75255.000 ns	      7524	80001d84	a020a3d3	feq.s	x7,f1,f2	  f1:0x00000000  f2:0x80000000  x7=0x00000001
      75285.000 ns	      7527	80001d88	02e2a8b3	mulhsu	x17,x5,x14	  x5:0x00000000 x14:0x000004bf x17=0x00000000
      75315.000 ns	      7530	80001d8c	f00e8e53	fmv.w.x	f28,x29	 x29:0xffffff80 f28=0xffffff80
      75685.000 ns	      7567	80001d90	02a57bb3	remu	x23,x10,x10	 x10:0x00000008 x10:0x00000008 x23=0x00000000
      76055.000 ns	      7604	80001d94	033b6a33	rem	x20,x22,x19	 x22:0xffffffff x19:0x00000001 x20=0x00000000
      76075.000 ns	      7606	80001d98	47d66113	ori	x2,x12,1149	 x12:0x00000000  x2=0x0000047d
      76095.000 ns	      7608	80001d9c	a13a8253	fle.s	x4,f21,f19	 f21:0x80000000 f19:0x7fc00000  x4=0x00000000
      76125.000 ns	      7611	80001da0	29731bd3	fmax.s	f23,f6,f23	  f6:0x00000000 f23:0x7fc00000 f23=0x00000000
      76165.000 ns	      7615	80001da4	580af753	fsqrt.s	f14,f21	 f21:0x80000000 f14=0x80000000
      76195.000 ns	      7618	80001da8	020d5933	divu	x18,x26,x0	 x26:0x00000000  x0:0x00000000 x18=0xffffffff
      76225.000 ns	      7621	80001dac	02831133	mulh	x2,x6,x8	  x6:0x80041024  x8:0x0000012d  x2=0xffffff69
      76245.000 ns	      7623	80001db0	5a0af593	andi	x11,x21,1440	 x21:0x00000000 x11=0x00000000
      76265.000 ns	      7625	80001db4	219386d3	fsgnj.s	f13,f7,f25	  f7:0xff800000 f25:0x7fc00000 f13=0x7f800000
      76295.000 ns	      7628	80001db8	f00c8b53	fmv.w.x	f22,x25	 x25:0x00000001 f22=0x00000001
      76325.000 ns	      7631	80001dbc	e00d1ad3	fclass.s	x21,f26	 f26:0x80000000 x21=0x00000008
      76355.000 ns	      7634	80001dc0	e0068253	fmv.x.w	x4,f13	 f13:0x7f800000  x4=0x7f800000
      76375.000 ns	      7636	80001dc4	41db09b3	sub	x19,x22,x29	 x22:0xffffffff x29:0xffffff80 x19=0x0000007f
      76395.000 ns	      7638	80001dc8	e0020953	fmv.x.w	x18,f4	  f4:0x80000000 x18=0x80000000
      76415.000 ns	      7640	80001dcc	018e1693	slli	x13,x28,0x18	 x28:0x80040fe4 x13=0xe4000000
      76455.000 ns	      7644	80001dd0	01859c53	fadd.s	f24,f11,f24	 f11:0xc0800000 f24:0x7f800000 f24=0x7f800000
      76475.000 ns	      7646	80001dd4	9732b217	auipc	x4,0x9732b	  x4=0x1732cdd4
      76485.000 ns	      7647	80001dd8	41b35993	srai	x19,x6,0x1b	  x6:0x80041024 x19=0xfffffff0
      76495.000 ns	      7648	80001ddc	0164c5b3	xor	x11,x9,x22	  x9:0x000003c2 x22:0xffffffff x11=0xfffffc3d
      76515.000 ns	      7650	80001de0	02678fb3	mul	x31,x15,x6	 x15:0x00000002  x6:0x80041024 x31=0x00082048
      76545.000 ns	      7653	80001de4	a04d01d3	fle.s	x3,f26,f4	 f26:0x80000000  f4:0x80000000  x3=0x00000001
      76565.000 ns	      7655	80001de8	014fb4b3	sltu	x9,x31,x20	 x31:0x00082048 x20:0x00000000  x9=0x00000000
      76585.000 ns	      7657	80001dec	e00b9dd3	fclass.s	x27,f23	 f23:0x00000000 x27=0x00000010
      76605.000 ns	      7659	80001df0	001cdd13	srli	x26,x25,0x1	 x25:0x00000001 x26=0x00000000
      76625.000 ns	      7661	80001df4	29f70d53	fmin.s	f26,f14,f31	 f14:0x80000000 f31:0x4f000000 f26=0x80000000
      76645.000 ns	      7663	80001df8	d8156d13	ori	x26,x10,-639	 x10:0x00000008 x26=0xfffffd89
      76665.000 ns	      7665	80001dfc	028e34b3	mulhu	x9,x28,x8	 x28:0x80040fe4  x8:0x0000012d  x9=0x00000096
      76685.000 ns	      7667	80001e00	01f65113	srli	x2,x12,0x1f	 x12:0x00000000  x2=0x00000000
      76695.000 ns	      7668	80001e04	00471933	sll	x18,x14,x4	 x14:0x000004bf  x4:0x1732cdd4 x18=0x4bf00000
      76715.000 ns	      7670	80001e08	d00c8ad3	fcvt.s.w	f21,x25	 x25:0x00000001 f21=0x3f800000
      77085.000 ns	      7707	80001e0c	039eda33	divu	x20,x29,x25	 x29:0xffffff80 x25:0x00000001 x20=0xffffff80
      77105.000 ns	      7709	80001e10	01b05bb3	srl	x23,x0,x27	  x0:0x00000000 x27:0x00000010 x23=0x00000000
      77115.000 ns	      7710	80001e14	405ddd33	sra	x26,x27,x5	 x27:0x00000010  x5:0x00000000 x26=0x00000010
      77135.000 ns	      7712	80001e18	c000f753	fcvt.w.s	x14,f1	  f1:0x00000000 x14=0x00000000
      77165.000 ns	      7715	80001e1c	a1cb10d3	flt.s	x1,f22,f28	 f22:0x00000001 f28:0xffffff80  x1=0x00000000
      77195.000 ns	      7718	80001e20	a1f22dd3	feq.s	x27,f4,f31	  f4:0x80000000 f31:0x4f000000 x27=0x00000000
      77215.000 ns	      7720	80001e24	c1b73193	sltiu	x3,x14,-997	 x14:0x00000000  x3=0x00000001
      77255.000 ns	      7724	80001e28	00c877d3	fadd.s	f15,f16,f12	 f16:0x40800000 f12:0x3f800000 f15=0x40a00000
      77275.000 ns	      7726	80001e2c	0057c4b3	xor	x9,x15,x5	 x15:0x00000002  x5:0x00000000  x9=0x00000002
      77295.000 ns	      7728	80001e30	21c18ed3	fsgnj.s	f29,f3,f28	  f3:0x3f800000 f28:0xffffff80 f29=0xbf800000
      77325.000 ns	      7731	80001e34	a1239153	flt.s	x2,f7,f18	  f7:0xff800000 f18:0x80000000  x2=0x00000001
      77345.000 ns	      7733	80001e38	01601193	slli	x3,x0,0x16	  x0:0x00000000  x3=0x00000000
      77355.000 ns	      7734	80001e3c	417cd713	srai	x14,x25,0x17	 x25:0x00000001 x14=0x00000000
      77375.000 ns	      7736	80001e40	21e990d3	fsgnjn.s	f1,f19,f30	 f19:0x7fc00000 f30:0x00000000  f1=0xffc00000
      77395.000 ns	      7738	80001e44	88fd3493	sltiu	x9,x26,-1905	 x26:0x00000010  x9=0x00000001
      77415.000 ns	      7740	80001e48	d0147153	fcvt.s.wu	f2,x8	  x8:0x0000012d  f2=0x43968000
      77435.000 ns	      7742	80001e4c	017903b3	add	x7,x18,x23	 x18:0x4bf00000 x23:0x00000000  x7=0x4bf00000
      77455.000 ns	      7744	80001e50	0378c933	div	x18,x17,x23	 x17:0x00000000 x23:0x00000000 x18=0xffffffff
      77485.000 ns	      7747	80001e54	a13098d3	flt.s	x17,f1,f19	  f1:0xffc00000 f19:0x7fc00000 x17=0x00000000
      77505.000 ns	      7749	80001e58	0b520a17	auipc	x20,0xb520	 x20=0x8b521e58
      77515.000 ns	      7750	80001e5c	016a33b3	sltu	x7,x20,x22	 x20:0xffffff80 x22:0xffffffff  x7=0x00000001
      77535.000 ns	      7752	80001e60	d01c06d3	fcvt.s.wu	f13,x24	 x24:0x00000008 f13=0x41000000
      77555.000 ns	      7754	80001e64	40885f13	srai	x30,x16,0x8	 x16:0x00000000 x30=0x00000000
      77575.000 ns	      7756	80001e68	218e0153	fsgnj.s	f2,f28,f24	 f28:0xffffff80 f24:0x7f800000  f2=0x7fffff80
      77595.000 ns	      7758	80001e6c	01654cb3	xor	x25,x10,x22	 x10:0x00000008 x22:0xffffffff x25=0xfffffff7
      77625.000 ns	      7761	80001e70	58049153	fsqrt.s	f2,f9	  f9:0x00000000  f2=0x00000000
      77995.000 ns	      7798	80001e74	0229c133	div	x2,x19,x2	 x19:0xfffffff0  x2:0x00000001  x2=0xfffffff0
      78025.000 ns	      7801	80001e78	d0031ed3	fcvt.s.w	f29,x6	  x6:0x80041024 f29=0xcefff7df
      78055.000 ns	      7804	80001e7c	c00d70d3	fcvt.w.s	x1,f26	 f26:0x80000000  x1=0x00000000
      78085.000 ns	      7807	80001e80	d0007853	fcvt.s.w	f16,x0	  x0:0x00000000 f16=0x00000000
      78115.000 ns	      7810	80001e84	216e2553	fsgnjx.s	f10,f28,f22	 f28:0xffffff80 f22:0x00000001 f10=0xffffff80
      78135.000 ns	      7812	80001e88	ef168193	addi	x3,x13,-271	 x13:0xe4000000  x3=0xe3fffef1
      78145.000 ns	      7813	80001e8c	00836a33	or	x20,x6,x8	  x6:0x80041024  x8:0x0000012d x20=0x8004112d
      78155.000 ns	      7814	80001e90	014aa6b3	slt	x13,x21,x20	 x21:0x00000008 x20:0x8b521e58 x13=0x00000000
      78175.000 ns	      7816	80001e94	e00e8ad3	fmv.x.w	x21,f29	 f29:0xcefff7df x21=0xcefff7df
      78205.000 ns	      7819	80001e98	215b1f53	fsgnjn.s	f30,f22,f21	 f22:0x00000001 f21:0x3f800000 f30=0x80000001
      78225.000 ns	      7821	80001e9c	251c5617	auipc	x12,0x251c5	 x12=0xa51c6e9c
      78245.000 ns	      7823	80001ea0	f00280d3	fmv.w.x	f1,x5	  x5:0x00000000  f1=0x00000000
      78275.000 ns	      7826	80001ea4	02e7bb33	mulhu	x22,x15,x14	 x15:0x00000002 x14:0x00000000 x22=0x00000000
      78305.000 ns	      7829	80001ea8	037082b3	mul	x5,x1,x23	  x1:0x00000000 x23:0x00000000  x5=0x00000000
      78325.000 ns	      7831	80001eac	01a24ab3	xor	x21,x4,x26	  x4:0x1732cdd4 x26:0x00000010 x21=0x1732cdc4
      78335.000 ns	      7832	80001eb0	97b7b993	sltiu	x19,x15,-1669	 x15:0x00000002 x19=0x00000001
      78345.000 ns	      7833	80001eb4	01ce1ab3	sll	x21,x28,x28	 x28:0x80040fe4 x28:0x80040fe4 x21=0x0040fe40
      78365.000 ns	      7835	80001eb8	023a8ab3	mul	x21,x21,x3	 x21:0x1732cdc4  x3:0xe3fffef1 x21=0xbb32da40
      78405.000 ns	      7839	80001ebc	580ef353	fsqrt.s	f6,f29	 f29:0xcefff7df  f6=0x7fc00000
      78425.000 ns	      7841	80001ec0	018d3c33	sltu	x24,x26,x24	 x26:0x00000010 x24:0x00000008 x24=0x00000000
      78435.000 ns	      7842	80001ec4	bf4e8b13	addi	x22,x29,-1036	 x29:0xffffff80 x22=0xfffffb74
      78455.000 ns	      7844	80001ec8	29468a53	fmin.s	f20,f13,f20	 f13:0x41000000 f20:0x00000000 f20=0x00000000
      78475.000 ns	      7846	80001ecc	010c8033	add	x0,x25,x16	 x25:0xfffffff7 x16:0x00000000
      78485.000 ns	      7847	80001ed0	e4f97413	andi	x8,x18,-433	 x18:0xffffffff  x8=0xfffffe4f
      78495.000 ns	      7848	80001ed4	d310cb93	xori	x23,x1,-719	  x1:0x00000000 x23=0xfffffd31
      78505.000 ns	      7849	80001ed8	ff0d65b7	lui	x11,0xff0d6	 x11=0xff0d6000
      78515.000 ns	      7850	80001edc	019c6833	or	x16,x24,x25	 x24:0x00000000 x25:0xfffffff7 x16=0xfffffff7
      78525.000 ns	      7851	80001ee0	00405f93	srli	x31,x0,0x4	  x0:0x00000000 x31=0x00000000
      78535.000 ns	      7852	80001ee4	07c6c637	lui	x12,0x7c6c	 x12=0x07c6c000
      78545.000 ns	      7853	80001ee8	00000013	addi	x0,x0,0	  x0:0x00000000
      78575.000 ns	      7856	80001eec	5808a253	fsqrt.s	f4,f17	 f17:0x80000000  f4=0x80000000
      78595.000 ns	      7858	80001ef0	2d3a3037	lui	x0,0x2d3a3	
      79545.000 ns	      7953	80001ef4	58019153	fsqrt.s	f2,f3	  f3:0x3f800000  f2=0x3f7fffae
      79575.000 ns	      7956	80001ef8	20c7a9d3	fsgnjx.s	f19,f15,f12	 f15:0x40a00000 f12:0x3f800000 f19=0x40a00000
      79605.000 ns	      7959	80001efc	a19e2ad3	feq.s	x21,f28,f25	 f28:0xffffff80 f25:0x7fc00000 x21=0x00000000
      79625.000 ns	      7961	80001f00	0142bc33	sltu	x24,x5,x20	  x5:0x00000000 x20:0x8004112d x24=0x00000001
      79645.000 ns	      7963	80001f04	a00d0ed3	fle.s	x29,f26,f0	 f26:0x80000000  f0:0x4786a300 x29=0x00000001
      79675.000 ns	      7966	80001f08	c0169bd3	fcvt.wu.s	x23,f13	 f13:0x41000000 x23=0x00000008
      79705.000 ns	      7969	80001f0c	21ab0453	fsgnj.s	f8,f22,f26	 f22:0x00000001 f26:0x80000000  f8=0x80000001
      79725.000 ns	      7971	80001f10	c9a94213	xori	x4,x18,-870	 x18:0xffffffff  x4=0x00000365
      79735.000 ns	      7972	80001f14	40c00833	sub	x16,x0,x12	  x0:0x00000000 x12:0x07c6c000 x16=0xf8394000
      79755.000 ns	      7974	80001f18	f0098ed3	fmv.w.x	f29,x19	 x19:0x00000001 f29=0x00000001
      79775.000 ns	      7976	80001f1c	0d102697	auipc	x13,0xd102	 x13=0x8d103f1c
      79785.000 ns	      7977	80001f20	00e70833	add	x16,x14,x14	 x14:0x00000000 x14:0x00000000 x16=0x00000000
      79805.000 ns	      7979	80001f24	203808d3	fsgnj.s	f17,f16,f3	 f16:0x00000000  f3:0x3f800000 f17=0x00000000
      80175.000 ns	      8016	80001f28	036cebb3	rem	x23,x25,x22	 x25:0xfffffff7 x22:0xfffffb74 x23=0xfffffff7
      80195.000 ns	      8018	80001f2c	01916433	or	x8,x2,x25	  x2:0xfffffff0 x25:0xfffffff7  x8=0xfffffff7
      80205.000 ns	      8019	80001f30	010613b3	sll	x7,x12,x16	 x12:0x07c6c000 x16:0x00000000  x7=0x07c6c000
      80215.000 ns	      8020	80001f34	009a9a33	sll	x20,x21,x9	 x21:0x00000000  x9:0x00000001 x20=0x00000000
      81385.000 ns	      8137	80001f38	580abed3	fsqrt.s	f29,f21	 f21:0x3f800000 f29=0x3f7fffae
      81755.000 ns	      8174	80001f3c	022e71b3	remu	x3,x28,x2	 x28:0x80040fe4  x2:0xfffffff0  x3=0x80040fe4
      81775.000 ns	      8176	80001f40	01d5b6b3	sltu	x13,x11,x29	 x11:0xff0d6000 x29:0x00000001 x13=0x00000000
      81795.000 ns	      8178	80001f44	29e39653	fmax.s	f12,f7,f30	  f7:0xff800000 f30:0x80000001 f12=0x80000001
      81815.000 ns	      8180	80001f48	bb3e4a13	xori	x20,x28,-1101	 x28:0x80040fe4 x20=0x7ffbf457
      81835.000 ns	      8182	80001f4c	021c8c33	mul	x24,x25,x1	 x25:0xfffffff7  x1:0x00000000 x24=0x00000000
      81855.000 ns	      8184	80001f50	000c7733	and	x14,x24,x0	 x24:0x00000001  x0:0x00000000 x14=0x00000000
      81895.000 ns	      8188	80001f54	09e378d3	fsub.s	f17,f6,f30	  f6:0x7fc00000 f30:0x80000001 f17=0x7fc00000
      81915.000 ns	      8190	80001f58	dde97913	andi	x18,x18,-546	 x18:0xffffffff x18=0xfffffdde
      81925.000 ns	      8191	80001f5c	00000013	addi	x0,x0,0	  x0:0x00000000
      81945.000 ns	      8193	80001f60	f00f05d3	fmv.w.x	f11,x30	 x30:0x00000000 f11=0x00000000
      81975.000 ns	      8196	80001f64	a0d018d3	flt.s	x17,f0,f13	  f0:0x4786a300 f13:0x41000000 x17=0x00000000
      82005.000 ns	      8199	80001f68	28479753	fmax.s	f14,f15,f4	 f15:0x40a00000  f4:0x80000000 f14=0x40a00000
      82025.000 ns	      8201	80001f6c	00000013	addi	x0,x0,0	  x0:0x00000000
      82035.000 ns	      8202	80001f70	0082d5b3	srl	x11,x5,x8	  x5:0x00000000  x8:0xfffffff7 x11=0x00000000
      82055.000 ns	      8204	80001f74	286e0453	fmin.s	f8,f28,f6	 f28:0xffffff80  f6:0x7fc00000  f8=0x7fc00000
      82075.000 ns	      8206	80001f78	e0130f13	addi	x30,x6,-511	  x6:0x80041024 x30=0x80040e25
      82085.000 ns	      8207	80001f7c	b0544db7	lui	x27,0xb0544	 x27=0xb0544000
      82095.000 ns	      8208	80001f80	01bc83b3	add	x7,x25,x27	 x25:0xfffffff7 x27:0x00000000  x7=0xb0543ff7
      82105.000 ns	      8209	80001f84	6ef9f993	andi	x19,x19,1775	 x19:0x00000001 x19=0x00000001
      82115.000 ns	      8210	80001f88	c8586593	ori	x11,x16,-891	 x16:0x00000000 x11=0xfffffc85
      82125.000 ns	      8211	80001f8c	9039f893	andi	x17,x19,-1789	 x19:0x00000001 x17=0x00000001
      82145.000 ns	      8213	80001f90	a0d98953	fle.s	x18,f19,f13	 f19:0x40a00000 f13:0x41000000 x18=0x00000001
      82165.000 ns	      8215	80001f94	c29d7413	andi	x8,x26,-983	 x26:0x00000010  x8=0x00000000
      82525.000 ns	      8251	80001f98	03baf933	remu	x18,x21,x27	 x21:0x00000000 x27:0xb0544000 x18=0x00000000
      82545.000 ns	      8253	80001f9c	002f2ab3	slt	x21,x30,x2	 x30:0x80040e25  x2:0xfffffff0 x21=0x00000001
      82555.000 ns	      8254	80001fa0	220faf93	slti	x31,x31,544	 x31:0x00000000 x31=0x00000001
      82565.000 ns	      8255	80001fa4	01c104b3	add	x9,x2,x28	  x2:0xfffffff0 x28:0x80040fe4  x9=0x80040fd4
      82585.000 ns	      8257	80001fa8	02832d33	mulhsu	x26,x6,x8	  x6:0x80041024  x8:0x00000000 x26=0x00000000
      82605.000 ns	      8259	80001fac	00c7dab3	srl	x21,x15,x12	 x15:0x00000002 x12:0x07c6c000 x21=0x00000002
      82615.000 ns	      8260	80001fb0	405a5db3	sra	x27,x20,x5	 x20:0x7ffbf457  x5:0x00000000 x27=0x7ffbf457
      82625.000 ns	      8261	80001fb4	0148d6b3	srl	x13,x17,x20	 x17:0x00000001 x20:0x7ffbf457 x13=0x00000000
      82635.000 ns	      8262	80001fb8	00366fb3	or	x31,x12,x3	 x12:0x07c6c000  x3:0x80040fe4 x31=0x87c6cfe4
      82995.000 ns	      8298	80001fbc	02a2c0b3	div	x1,x5,x10	  x5:0x00000000 x10:0x00000008  x1=0x00000000
      83015.000 ns	      8300	80001fc0	0058f533	and	x10,x17,x5	 x17:0x00000001  x5:0x00000000 x10=0x00000000
      83055.000 ns	      8304	80001fc4	010587d3	fadd.s	f15,f11,f16	 f11:0x00000000 f16:0x00000000 f15=0x00000000
      83085.000 ns	      8307	80001fc8	e0008d53	fmv.x.w	x26,f1	  f1:0x00000000 x26=0x00000000
      83125.000 ns	      8311	80001fcc	18bbf553	fdiv.s	f10,f23,f11	 f23:0x00000000 f11:0x00000000 f10=0x7fc00000
      83145.000 ns	      8313	80001fd0	01109113	slli	x2,x1,0x11	  x1:0x00000000  x2=0x00000000
      83155.000 ns	      8314	80001fd4	e8283813	sltiu	x16,x16,-382	 x16:0x00000000 x16=0x00000001
      83165.000 ns	      8315	80001fd8	476630b7	lui	x1,0x47663	  x1=0x47663000
      83175.000 ns	      8316	80001fdc	63c0c217	auipc	x4,0x63c0c	  x4=0xe3c0dfdc
      83185.000 ns	      8317	80001fe0	8d716c93	ori	x25,x2,-1833	  x2:0x00000000 x25=0xfffff8d7
      83195.000 ns	      8318	80001fe4	01f47233	and	x4,x8,x31	  x8:0x00000000 x31:0x87c6cfe4  x4=0x00000000
      83205.000 ns	      8319	80001fe8	01720133	add	x2,x4,x23	  x4:0xe3c0dfdc x23:0xfffffff7  x2=0xfffffff7
      83245.000 ns	      8323	80001fec	08053fd3	fsub.s	f31,f10,f0	 f10:0x7fc00000  f0:0x4786a300 f31=0x7fc00000
      83265.000 ns	      8325	80001ff0	0033b533	sltu	x10,x7,x3	  x7:0xb0543ff7  x3:0x80040fe4 x10=0x00000000
      83285.000 ns	      8327	80001ff4	c012f8d3	fcvt.wu.s	x17,f5	  f5:0x80000000 x17=0x00000000
      84465.000 ns	      8445	80001ff8	58077dd3	fsqrt.s	f27,f14	 f14:0x40a00000 f27=0x400f1b8f
      84495.000 ns	      8448	80001ffc	02080733	mul	x14,x16,x0	 x16:0x00000001  x0:0x00000000 x14=0x00000000
      84535.000 ns	      8452	80002000	105571d3	fmul.s	f3,f10,f5	 f10:0x7fc00000  f5:0x80000000  f3=0x7fc00000
      84555.000 ns	      8454	80002004	018bcc33	xor	x24,x23,x24	 x23:0xfffffff7 x24:0x00000000 x24=0xfffffff7
      84575.000 ns	      8456	80002008	295d8cd3	fmin.s	f25,f27,f21	 f27:0x400f1b8f f21:0x3f800000 f25=0x3f800000
      84945.000 ns	      8493	8000200c	03dfd9b3	divu	x19,x31,x29	 x31:0x87c6cfe4 x29:0x00000001 x19=0x87c6cfe4
      84965.000 ns	      8495	80002010	a562af37	lui	x30,0xa562a	 x30=0xa562a000
      84985.000 ns	      8497	80002014	e0021853	fclass.s	x16,f4	  f4:0x80000000 x16=0x00000008
      85005.000 ns	      8499	80002018	00067d33	and	x26,x12,x0	 x12:0x07c6c000  x0:0x00000000 x26=0x00000000
      85015.000 ns	      8500	8000201c	01a3d813	srli	x16,x7,0x1a	  x7:0xb0543ff7 x16=0x0000002c
      85025.000 ns	      8501	80002020	71ddbd13	sltiu	x26,x27,1821	 x27:0x7ffbf457 x26=0x00000000
      85055.000 ns	      8504	80002024	112477d3	fmul.s	f15,f8,f18	  f8:0x7fc00000 f18:0x80000000 f15=0x7fc00000
      85085.000 ns	      8507	80002028	299e9a53	fmax.s	f20,f29,f25	 f29:0x3f7fffae f25:0x3f800000 f20=0x3f800000
      85115.000 ns	      8510	8000202c	032c30b3	mulhu	x1,x24,x18	 x24:0xfffffff7 x18:0x00000000  x1=0x00000000
      85135.000 ns	      8512	80002030	01ba1213	slli	x4,x20,0x1b	 x20:0x7ffbf457  x4=0xb8000000
      85155.000 ns	      8514	80002034	28fe1b53	fmax.s	f22,f28,f15	 f28:0xffffff80 f15:0x7fc00000 f22=0x7fc00000
      85185.000 ns	      8517	80002038	21e58953	fsgnj.s	f18,f11,f30	 f11:0x00000000 f30:0x80000001 f18=0x80000000
      85215.000 ns	      8520	8000203c	a0fba653	feq.s	x12,f23,f15	 f23:0x00000000 f15:0x7fc00000 x12=0x00000000
      85235.000 ns	      8522	80002040	4f3e4417	auipc	x8,0x4f3e4	  x8=0xcf3e6040
      85265.000 ns	      8525	80002044	18d5f5d3	fdiv.s	f11,f11,f13	 f11:0x00000000 f13:0x41000000 f11=0x00000000
      85295.000 ns	      8528	80002048	03dcb033	mulhu	x0,x25,x29	 x25:0xfffff8d7 x29:0x00000001
      85325.000 ns	      8531	8000204c	21ad1f53	fsgnjn.s	f30,f26,f26	 f26:0x80000000 f26:0x80000000 f30=0x00000000
      85355.000 ns	      8534	80002050	a14808d3	fle.s	x17,f16,f20	 f16:0x00000000 f20:0x3f800000 x17=0x00000001
      85385.000 ns	      8537	80002054	02a4d433	divu	x8,x9,x10	  x9:0x80040fd4 x10:0x00000000  x8=0xffffffff
      85415.000 ns	      8540	80002058	a0db26d3	feq.s	x13,f22,f13	 f22:0x7fc00000 f13:0x41000000 x13=0x00000000
      85445.000 ns	      8543	8000205c	02148eb3	mul	x29,x9,x1	  x9:0x80040fd4  x1:0x00000000 x29=0x00000000
      85475.000 ns	      8546	80002060	03471733	mulh	x14,x14,x20	 x14:0x00000000 x20:0x7ffbf457 x14=0x00000000
      85495.000 ns	      8548	80002064	0046a1b3	slt	x3,x13,x4	 x13:0x00000000  x4:0xb8000000  x3=0x00000000
      85515.000 ns	      8550	80002068	21c782d3	fsgnj.s	f5,f15,f28	 f15:0x7fc00000 f28:0xffffff80  f5=0xffc00000
      85535.000 ns	      8552	8000206c	e7190a13	addi	x20,x18,-399	 x18:0x00000000 x20=0xfffffe71
      85545.000 ns	      8553	80002070	00af0633	add	x12,x30,x10	 x30:0xa562a000 x10:0x00000000 x12=0xa562a000
      85555.000 ns	      8554	80002074	01c5da13	srli	x20,x11,0x1c	 x11:0xfffffc85 x20=0x0000000f
      85565.000 ns	      8555	80002078	7c1a7993	andi	x19,x20,1985	 x20:0xfffffe71 x19=0x00000001
      85585.000 ns	      8557	8000207c	e0081f53	fclass.s	x30,f16	 f16:0x00000000 x30=0x00000010
      85605.000 ns	      8559	80002080	01c87eb3	and	x29,x16,x28	 x16:0x0000002c x28:0x80040fe4 x29=0x00000024
      85615.000 ns	      8560	80002084	00e59a93	slli	x21,x11,0xe	 x11:0xfffffc85 x21=0xff214000
      85635.000 ns	      8562	80002088	29dd0f53	fmin.s	f30,f26,f29	 f26:0x80000000 f29:0x3f7fffae f30=0x80000000
      85655.000 ns	      8564	8000208c	00ded6b3	srl	x13,x29,x13	 x29:0x00000024 x13:0x00000000 x13=0x00000024
      85685.000 ns	      8567	80002090	18a07153	fdiv.s	f2,f0,f10	  f0:0x4786a300 f10:0x7fc00000  f2=0x7fc00000
      85705.000 ns	      8569	80002094	00000013	addi	x0,x0,0	  x0:0x00000000
      85735.000 ns	      8572	80002098	113c9a53	fmul.s	f20,f25,f19	 f25:0x3f800000 f19:0x40a00000 f20=0x40a00000
      85765.000 ns	      8575	8000209c	c01f32d3	fcvt.wu.s	x5,f30	 f30:0x80000000  x5=0x00000000
      85785.000 ns	      8577	800020a0	94f72693	slti	x13,x14,-1713	 x14:0x00000000 x13=0x00000000
      85805.000 ns	      8579	800020a4	c0147fd3	fcvt.wu.s	x31,f8	  f8:0x7fc00000 x31=0xffffffff
      85825.000 ns	      8581	800020a8	00000013	addi	x0,x0,0	  x0:0x00000000
      85835.000 ns	      8582	800020ac	fd10cb37	lui	x22,0xfd10c	 x22=0xfd10c000
      85865.000 ns	      8585	800020b0	1831c2d3	fdiv.s	f5,f3,f3	  f3:0x7fc00000  f3:0x7fc00000  f5=0x7fc00000
      85895.000 ns	      8588	800020b4	a01f82d3	fle.s	x5,f31,f1	 f31:0x7fc00000  f1:0x00000000  x5=0x00000000
      85915.000 ns	      8590	800020b8	412c5213	srai	x4,x24,0x12	 x24:0xfffffff7  x4=0xffffffff
      85935.000 ns	      8592	800020bc	c0150ad3	fcvt.wu.s	x21,f10	 f10:0x7fc00000 x21=0xffffffff
      85965.000 ns	      8595	800020c0	038705b3	mul	x11,x14,x24	 x14:0x00000000 x24:0xfffffff7 x11=0x00000000
      85985.000 ns	      8597	800020c4	01b23233	sltu	x4,x4,x27	  x4:0xffffffff x27:0x7ffbf457  x4=0x00000000
      86005.000 ns	      8599	800020c8	c0167153	fcvt.wu.s	x2,f12	 f12:0x80000001  x2=0x00000000
      86025.000 ns	      8601	800020cc	412cdf93	srai	x31,x25,0x12	 x25:0xfffff8d7 x31=0xffffffff
      86035.000 ns	      8602	800020d0	008f3ab3	sltu	x21,x30,x8	 x30:0x00000010  x8:0xffffffff x21=0x00000001
      86055.000 ns	      8604	800020d4	a148a1d3	feq.s	x3,f17,f20	 f17:0x7fc00000 f20:0x40a00000  x3=0x00000000
      86085.000 ns	      8607	800020d8	02f52433	mulhsu	x8,x10,x15	 x10:0x00000000 x15:0x00000002  x8=0x00000000
      86125.000 ns	      8611	800020dc	1921f6d3	fdiv.s	f13,f3,f18	  f3:0x7fc00000 f18:0x80000000 f13=0x7fc00000
      86155.000 ns	      8614	800020e0	d01540d3	fcvt.s.wu	f1,x10	 x10:0x00000000  f1=0x00000000
      86175.000 ns	      8616	800020e4	33e10013	addi	x0,x2,830	  x2:0x00000000
      86185.000 ns	      8617	800020e8	0018d293	srli	x5,x17,0x1	 x17:0x00000001  x5=0x00000000
      86205.000 ns	      8619	800020ec	02125ab3	divu	x21,x4,x1	  x4:0x00000000  x1:0x00000000 x21=0xffffffff
      86225.000 ns	      8621	800020f0	00000013	addi	x0,x0,0	  x0:0x00000000
      86245.000 ns	      8623	800020f4	c00e2b53	fcvt.w.s	x22,f28	 f28:0xffffff80 x22=0x7fffffff
      86275.000 ns	      8626	800020f8	02493cb3	mulhu	x25,x18,x4	 x18:0x00000000  x4:0x00000000 x25=0x00000000
      86305.000 ns	      8629	800020fc	f0018953	fmv.w.x	f18,x3	  x3:0x00000000 f18=0x00000000
      86325.000 ns	      8631	80002100	b9f7fc93	andi	x25,x15,-1121	 x15:0x00000002 x25=0x00000002
      86335.000 ns	      8632	80002104	885c34b7	lui	x9,0x885c3	  x9=0x885c3000
      86665.000 ns	      8665	80002108	18cef153	fdiv.s	f2,f29,f12	 f29:0x3f7fffae f12:0x80000001  f2=0xfe34b47c
      86705.000 ns	      8669	8000210c	11467f53	fmul.s	f30,f12,f20	 f12:0x80000001 f20:0x40a00000 f30=0x80000006
      86725.000 ns	      8671	80002110	c387e417	auipc	x8,0xc387e	  x8=0x43880110
      86735.000 ns	      8672	80002114	0047b533	sltu	x10,x15,x4	 x15:0x00000002  x4:0x00000000 x10=0x00000000
      86745.000 ns	      8673	80002118	40038bb3	sub	x23,x7,x0	  x7:0xb0543ff7  x0:0x00000000 x23=0xb0543ff7
      86755.000 ns	      8674	8000211c	414e5813	srai	x16,x28,0x14	 x28:0x80040fe4 x16=0xfffff800
      86765.000 ns	      8675	80002120	63a70e93	addi	x29,x14,1594	 x14:0x00000000 x29=0x0000063a
      86785.000 ns	      8677	80002124	a10882d3	fle.s	x5,f17,f16	 f17:0x7fc00000 f16:0x00000000  x5=0x00000000
      86815.000 ns	      8680	80002128	a1e910d3	flt.s	x1,f18,f30	 f18:0x00000000 f30:0x80000006  x1=0x00000000
      86845.000 ns	      8683	8000212c	20718253	fsgnj.s	f4,f3,f7	  f3:0x7fc00000  f7:0xff800000  f4=0xffc00000
      86865.000 ns	      8685	80002130	01bedc13	srli	x24,x29,0x1b	 x29:0x0000063a x24=0x00000000
      87225.000 ns	      8721	80002134	0291fbb3	remu	x23,x3,x9	  x3:0x00000000  x9:0x885c3000 x23=0x00000000
      87255.000 ns	      8724	80002138	038c8633	mul	x12,x25,x24	 x25:0x00000002 x24:0xfffffff7 x12=0x00000000
      87275.000 ns	      8726	8000213c	0079b9b3	sltu	x19,x19,x7	 x19:0x00000001  x7:0xb0543ff7 x19=0x00000001
      87295.000 ns	      8728	80002140	20ad1153	fsgnjn.s	f2,f26,f10	 f26:0x80000000 f10:0x7fc00000  f2=0x80000000
      87325.000 ns	      8731	80002144	020c64b3	rem	x9,x24,x0	 x24:0x00000000  x0:0x00000000  x9=0x00000000
      87345.000 ns	      8733	80002148	650d8a13	addi	x20,x27,1616	 x27:0x7ffbf457 x20=0x7ffbfaa7
      87365.000 ns	      8735	8000214c	03ba88b3	mul	x17,x21,x27	 x21:0xffffffff x27:0x7ffbf457 x17=0x80040ba9
      87385.000 ns	      8737	80002150	010d0f33	add	x30,x26,x16	 x26:0x00000000 x16:0xfffff800 x30=0xfffff800
      87405.000 ns	      8739	80002154	d010fed3	fcvt.s.wu	f29,x1	  x1:0x00000000 f29=0x00000000
      87435.000 ns	      8742	80002158	d00af653	fcvt.s.w	f12,x21	 x21:0xffffffff f12=0xbf800000
      87455.000 ns	      8744	8000215c	002aacb3	slt	x25,x21,x2	 x21:0xffffffff  x2:0x00000000 x25=0x00000001
      87485.000 ns	      8747	80002160	192b76d3	fdiv.s	f13,f22,f18	 f22:0x7fc00000 f18:0x00000000 f13=0x7fc00000
      87505.000 ns	      8749	80002164	01265c33	srl	x24,x12,x18	 x12:0x00000000 x18:0x00000000 x24=0x00000000
      87515.000 ns	      8750	80002168	01601913	slli	x18,x0,0x16	  x0:0x00000000 x18=0x00000000
      87525.000 ns	      8751	8000216c	0004b2b3	sltu	x5,x9,x0	  x9:0x00000000  x0:0x00000000  x5=0x00000000
      87545.000 ns	      8753	80002170	e00b1a53	fclass.s	x20,f22	 f22:0x7fc00000 x20=0x00000200
      87575.000 ns	      8756	80002174	a11581d3	fle.s	x3,f11,f17	 f11:0x00000000 f17:0x7fc00000  x3=0x00000000
      87605.000 ns	      8759	80002178	219d84d3	fsgnj.s	f9,f27,f25	 f27:0x400f1b8f f25:0x3f800000  f9=0x400f1b8f
      87625.000 ns	      8761	8000217c	0179adb3	slt	x27,x19,x23	 x19:0x00000001 x23:0x00000000 x27=0x00000000
      87645.000 ns	      8763	80002180	e0029cd3	fclass.s	x25,f5	  f5:0x7fc00000 x25=0x00000200
      87665.000 ns	      8765	80002184	58486b13	ori	x22,x16,1412	 x16:0xfffff800 x22=0xfffffd84
      87685.000 ns	      8767	80002188	c019fa53	fcvt.wu.s	x20,f19	 f19:0x40a00000 x20=0x00000005
      87705.000 ns	      8769	8000218c	d7aef293	andi	x5,x29,-646	 x29:0x0000063a  x5=0x0000043a
      87725.000 ns	      8771	80002190	f00c8553	fmv.w.x	f10,x25	 x25:0x00000200 f10=0x00000200
      87755.000 ns	      8774	80002194	28281653	fmax.s	f12,f16,f2	 f16:0x00000000  f2:0x80000000 f12=0x00000000
      87775.000 ns	      8776	80002198	41be0133	sub	x2,x28,x27	 x28:0x80040fe4 x27:0x00000000  x2=0x80040fe4
      87785.000 ns	      8777	8000219c	0152c4b3	xor	x9,x5,x21	  x5:0x0000043a x21:0xffffffff  x9=0xfffffbc5
      87805.000 ns	      8779	800021a0	e0031753	fclass.s	x14,f6	  f6:0x7fc00000 x14=0x00000200
      87835.000 ns	      8782	800021a4	21111953	fsgnjn.s	f18,f2,f17	  f2:0x80000000 f17:0x7fc00000 f18=0x80000000
      88205.000 ns	      8819	800021a8	029d6d33	rem	x26,x26,x9	 x26:0x00000000  x9:0xfffffbc5 x26=0x00000000
      88225.000 ns	      8821	800021ac	c3ec2e93	slti	x29,x24,-962	 x24:0x00000000 x29=0x00000000
      88235.000 ns	      8822	800021b0	0166d113	srli	x2,x13,0x16	 x13:0x00000000  x2=0x00000000
      88255.000 ns	      8824	800021b4	a1802ad3	feq.s	x21,f0,f24	  f0:0x4786a300 f24:0x7f800000 x21=0x00000000
      88275.000 ns	      8826	800021b8	0ff5b013	sltiu	x0,x11,255	 x11:0x00000000
      88285.000 ns	      8827	800021bc	86968093	addi	x1,x13,-1943	 x13:0x00000000  x1=0xfffff869
      88295.000 ns	      8828	800021c0	005f5d33	srl	x26,x30,x5	 x30:0xfffff800  x5:0x0000043a x26=0x0000003f
      88335.000 ns	      8832	800021c4	01b28053	fadd.s	f0,f5,f27	  f5:0x7fc00000 f27:0x400f1b8f  f0=0x7fc00000
      88375.000 ns	      8836	800021c8	19d69553	fdiv.s	f10,f13,f29	 f13:0x7fc00000 f29:0x00000000 f10=0x7fc00000
      88395.000 ns	      8838	800021cc	01675cb3	srl	x25,x14,x22	 x14:0x00000200 x22:0xfffffd84 x25=0x00000020
      88755.000 ns	      8874	800021d0	03076933	rem	x18,x14,x16	 x14:0x00000200 x16:0xfffff800 x18=0x00000200
      88785.000 ns	      8877	800021d4	c00270d3	fcvt.w.s	x1,f4	  f4:0xffc00000  x1=0x7fffffff
      88835.000 ns	      8882	800021d8	00bd9bd3	fadd.s	f23,f27,f11	 f27:0x400f1b8f f11:0x00000000 f23=0x400f1b8f
      88865.000 ns	      8885	800021dc	290802d3	fmin.s	f5,f16,f16	 f16:0x00000000 f16:0x00000000  f5=0x00000000
      88895.000 ns	      8888	800021e0	028535b3	mulhu	x11,x10,x8	 x10:0x00000000  x8:0x43880110 x11=0x00000000
      88915.000 ns	      8890	800021e4	a4a7f993	andi	x19,x15,-1462	 x15:0x00000002 x19=0x00000002
      88935.000 ns	      8892	800021e8	214995d3	fsgnjn.s	f11,f19,f20	 f19:0x40a00000 f20:0x40a00000 f11=0xc0a00000
      88965.000 ns	      8895	800021ec	d01672d3	fcvt.s.wu	f5,x12	 x12:0x00000000  f5=0x00000000
      88985.000 ns	      8897	800021f0	3a47ac93	slti	x25,x15,932	 x15:0x00000002 x25=0x00000001
      89005.000 ns	      8899	800021f4	c010a1d3	fcvt.wu.s	x3,f1	  f1:0x00000000  x3=0x00000000
      89025.000 ns	      8901	800021f8	35b13913	sltiu	x18,x2,859	  x2:0x00000000 x18=0x00000001
      89045.000 ns	      8903	800021fc	2095a6d3	fsgnjx.s	f13,f11,f9	 f11:0xc0a00000  f9:0x400f1b8f f13=0xc0a00000
      89065.000 ns	      8905	80002200	40968533	sub	x10,x13,x9	 x13:0x00000000  x9:0xfffffbc5 x10=0x0000043b
      89075.000 ns	      8906	80002204	01313db3	sltu	x27,x2,x19	  x2:0x00000000 x19:0x00000002 x27=0x00000001
      89085.000 ns	      8907	80002208	4186d1b3	sra	x3,x13,x24	 x13:0x00000000 x24:0x00000000  x3=0x00000000
      89105.000 ns	      8909	8000220c	20a49cd3	fsgnjn.s	f25,f9,f10	  f9:0x400f1b8f f10:0x7fc00000 f25=0xc00f1b8f
      89145.000 ns	      8913	80002210	19f5a953	fdiv.s	f18,f11,f31	 f11:0xc0a00000 f31:0x7fc00000 f18=0x7fc00000
      89165.000 ns	      8915	80002214	0035dc33	srl	x24,x11,x3	 x11:0x00000000  x3:0x00000000 x24=0x00000000
      89175.000 ns	      8916	80002218	008dfcb3	and	x25,x27,x8	 x27:0x00000001  x8:0x43880110 x25=0x00000000
      89205.000 ns	      8919	8000221c	58030253	fsqrt.s	f4,f6	  f6:0x7fc00000  f4=0x7fc00000
      89235.000 ns	      8922	80002220	28ed09d3	fmin.s	f19,f26,f14	 f26:0x80000000 f14:0x40a00000 f19=0x80000000
      89285.000 ns	      8927	80002224	01b8f5d3	fadd.s	f11,f17,f27	 f17:0x7fc00000 f27:0x400f1b8f f11=0x7fc00000
      89315.000 ns	      8930	80002228	a0e1acd3	feq.s	x25,f3,f14	  f3:0x7fc00000 f14:0x40a00000 x25=0x00000000
      89335.000 ns	      8932	8000222c	0104df13	srli	x30,x9,0x10	  x9:0xfffffbc5 x30=0x0000ffff
      89345.000 ns	      8933	80002230	0158e433	or	x8,x17,x21	 x17:0x80040ba9 x21:0x00000000  x8=0x80040ba9
      89365.000 ns	      8935	80002234	f0010953	fmv.w.x	f18,x2	  x2:0x00000000 f18=0x00000000
      89395.000 ns	      8938	80002238	d01b72d3	fcvt.s.wu	f5,x22	 x22:0xfffffd84  f5=0x4f7ffffd
      89425.000 ns	      8941	8000223c	0320a4b3	mulhsu	x9,x1,x18	  x1:0x7fffffff x18:0x00000001  x9=0x00000000
      89455.000 ns	      8944	80002240	d0134ad3	fcvt.s.wu	f21,x6	  x6:0x80041024 f21=0x4f000410
      89485.000 ns	      8947	80002244	c01f0c53	fcvt.wu.s	x24,f30	 f30:0x80000006 x24=0x00000000
      89505.000 ns	      8949	80002248	01ac9613	slli	x12,x25,0x1a	 x25:0x00000000 x12=0x00000000
      89525.000 ns	      8951	8000224c	038548b3	div	x17,x10,x24	 x10:0x0000043b x24:0x00000000 x17=0xffffffff
      89545.000 ns	      8953	80002250	fff4aa13	slti	x20,x9,-1	  x9:0x00000000 x20=0x00000000
      89565.000 ns	      8955	80002254	e00b0dd3	fmv.x.w	x27,f22	 f22:0x7fc00000 x27=0x7fc00000
      89595.000 ns	      8958	80002258	a05ea5d3	feq.s	x11,f29,f5	 f29:0x00000000  f5:0x4f7ffffd x11=0x00000000
      89615.000 ns	      8960	8000225c	503aa093	slti	x1,x21,1283	 x21:0x00000000  x1=0x00000001
      89635.000 ns	      8962	80002260	e00a19d3	fclass.s	x19,f20	 f20:0x40a00000 x19=0x00000040
      89665.000 ns	      8965	80002264	c0167153	fcvt.wu.s	x2,f12	 f12:0x00000000  x2=0x00000000
      89695.000 ns	      8968	80002268	e0029853	fclass.s	x16,f5	  f5:0x4f7ffffd x16=0x00000040
      89715.000 ns	      8970	8000226c	40ac89b3	sub	x19,x25,x10	 x25:0x00000000 x10:0x0000043b x19=0xfffffbc5
      89735.000 ns	      8972	80002270	200e1f53	fsgnjn.s	f30,f28,f0	 f28:0xffffff80  f0:0x7fc00000 f30=0xffffff80
      89785.000 ns	      8977	80002274	013e4e53	fadd.s	f28,f28,f19	 f28:0xffffff80 f19:0x80000000 f28=0x7fc00000
      90155.000 ns	      9014	80002278	026d55b3	divu	x11,x26,x6	 x26:0x0000003f  x6:0x80041024 x11=0x00000000
      90525.000 ns	      9051	8000227c	03e9c2b3	div	x5,x19,x30	 x19:0xfffffbc5 x30:0x0000ffff  x5=0x00000000
      90555.000 ns	      9054	80002280	e0039fd3	fclass.s	x31,f7	  f7:0xff800000 x31=0x00000001
      90575.000 ns	      9056	80002284	6722e913	ori	x18,x5,1650	  x5:0x00000000 x18=0x00000672
      90585.000 ns	      9057	80002288	0008ba33	sltu	x20,x17,x0	 x17:0xffffffff  x0:0x00000000 x20=0x00000000
      90625.000 ns	      9061	8000228c	09a373d3	fsub.s	f7,f6,f26	  f6:0x7fc00000 f26:0x80000000  f7=0x7fc00000
      90645.000 ns	      9063	80002290	008804b3	add	x9,x16,x8	 x16:0x00000040  x8:0x80040ba9  x9=0x80040be9
      90665.000 ns	      9065	80002294	03c212b3	mulh	x5,x4,x28	  x4:0x00000000 x28:0x80040fe4  x5=0x00000000
      90685.000 ns	      9067	80002298	83bfcf93	xori	x31,x31,-1989	 x31:0x00000001 x31=0xfffff83a
      90695.000 ns	      9068	8000229c	f0eaf293	andi	x5,x21,-242	 x21:0x00000000  x5=0x00000000
      90715.000 ns	      9070	800022a0	02bf4f33	div	x30,x30,x11	 x30:0x0000ffff x11:0x00000000 x30=0xffffffff
      90745.000 ns	      9073	800022a4	c01ca453	fcvt.wu.s	x8,f25	 f25:0xc00f1b8f  x8=0x00000003
      90765.000 ns	      9075	800022a8	bb43ca93	xori	x21,x7,-1100	  x7:0xb0543ff7 x21=0x4fabc443
      90785.000 ns	      9077	800022ac	e0048753	fmv.x.w	x14,f9	  f9:0x400f1b8f x14=0x400f1b8f
      90815.000 ns	      9080	800022b0	20e22ed3	fsgnjx.s	f29,f4,f14	  f4:0x7fc00000 f14:0x40a00000 f29=0x7fc00000
      90835.000 ns	      9082	800022b4	bf81ac17	auipc	x24,0xbf81a	 x24=0x3f81c2b4
      90855.000 ns	      9084	800022b8	03118cb3	mul	x25,x3,x17	  x3:0x00000000 x17:0xffffffff x25=0x00000000
      90885.000 ns	      9087	800022bc	a03803d3	fle.s	x7,f16,f3	 f16:0x00000000  f3:0x7fc00000  x7=0x00000000
      90905.000 ns	      9089	800022c0	87143a13	sltiu	x20,x8,-1935	  x8:0x00000003 x20=0x00000001
      90915.000 ns	      9090	800022c4	01a00fb3	add	x31,x0,x26	  x0:0x00000000 x26:0x0000003f x31=0x0000003f
      90935.000 ns	      9092	800022c8	c016cbd3	fcvt.wu.s	x23,f13	 f13:0xc0a00000 x23=0x00000005
      90955.000 ns	      9094	800022cc	01d63db3	sltu	x27,x12,x29	 x12:0x00000000 x29:0x00000000 x27=0x00000000
      90965.000 ns	      9095	800022d0	ba2bcf93	xori	x31,x23,-1118	 x23:0x00000005 x31=0xfffffba7
      90985.000 ns	      9097	800022d4	d01834d3	fcvt.s.wu	f9,x16	 x16:0x00000040  f9=0x42800000
      91015.000 ns	      9100	800022d8	023e08b3	mul	x17,x28,x3	 x28:0x80040fe4  x3:0x00000000 x17=0x00000000
      91045.000 ns	      9103	800022dc	d009b453	fcvt.s.w	f8,x19	 x19:0xfffffbc5  f8=0xc4876000
      91075.000 ns	      9106	800022e0	f0098bd3	fmv.w.x	f23,x19	 x19:0xfffffbc5 f23=0xfffffbc5
      91095.000 ns	      9108	800022e4	4093db93	srai	x23,x7,0x9	  x7:0x00000000 x23=0x00000000
      91115.000 ns	      9110	800022e8	290e0c53	fmin.s	f24,f28,f16	 f28:0x7fc00000 f16:0x00000000 f24=0x00000000
      91145.000 ns	      9113	800022ec	03cfb133	mulhu	x2,x31,x28	 x31:0xfffffba7 x28:0x80040fe4  x2=0x80040db7
      91175.000 ns	      9116	800022f0	03d8b733	mulhu	x14,x17,x29	 x17:0x00000000 x29:0x00000000 x14=0x00000000
      91225.000 ns	      9121	800022f4	09acc753	fsub.s	f14,f25,f26	 f25:0xc00f1b8f f26:0x80000000 f14=0xc00f1b8f
      91245.000 ns	      9123	800022f8	90547093	andi	x1,x8,-1787	  x8:0x00000003  x1=0x00000001
      91255.000 ns	      9124	800022fc	01045413	srli	x8,x8,0x10	  x8:0x00000003  x8=0x00000000
      91275.000 ns	      9126	80002300	d0197553	fcvt.s.wu	f10,x18	 x18:0x00000672 f10=0x44ce4000
      91295.000 ns	      9128	80002304	00000013	addi	x0,x0,0	  x0:0x00000000
      91305.000 ns	      9129	80002308	00a3bb33	sltu	x22,x7,x10	  x7:0x00000000 x10:0x0000043b x22=0x00000001
      91315.000 ns	      9130	8000230c	08cb7393	andi	x7,x22,140	 x22:0xfffffd84  x7=0x00000000
      91335.000 ns	      9132	80002310	c0073553	fcvt.w.s	x10,f14	 f14:0xc00f1b8f x10=0xfffffffe
      91355.000 ns	      9134	80002314	01f2cbb3	xor	x23,x5,x31	  x5:0x00000000 x31:0xfffffba7 x23=0xfffffba7
      91365.000 ns	      9135	80002318	7c51ec17	auipc	x24,0x7c51e	 x24=0xfc520318
      91405.000 ns	      9139	8000231c	0072bbd3	fadd.s	f23,f5,f7	  f5:0x4f7ffffd  f7:0x7fc00000 f23=0x7fc00000
      91435.000 ns	      9142	80002320	a14ea1d3	feq.s	x3,f29,f20	 f29:0x7fc00000 f20:0x40a00000  x3=0x00000000
      91455.000 ns	      9144	80002324	fe1fc517	auipc	x10,0xfe1fc	 x10=0x7e1fe324
      91465.000 ns	      9145	80002328	40245f33	sra	x30,x8,x2	  x8:0x00000000  x2:0x80040db7 x30=0x00000000
      91485.000 ns	      9147	8000232c	020ed233	divu	x4,x29,x0	 x29:0x00000000  x0:0x00000000  x4=0xffffffff
      91515.000 ns	      9150	80002330	c01ebd53	fcvt.wu.s	x26,f29	 f29:0x7fc00000 x26=0xffffffff
      91555.000 ns	      9154	80002334	19644ed3	fdiv.s	f29,f8,f22	  f8:0xc4876000 f22:0x7fc00000 f29=0x7fc00000
      91585.000 ns	      9157	80002338	29f28f53	fmin.s	f30,f5,f31	  f5:0x4f7ffffd f31:0x7fc00000 f30=0x4f7ffffd
      91605.000 ns	      9159	8000233c	00000013	addi	x0,x0,0	  x0:0x00000000
      91625.000 ns	      9161	80002340	02e5fbb3	remu	x23,x11,x14	 x11:0x00000000 x14:0x00000000 x23=0x00000000
      91655.000 ns	      9164	80002344	036204b3	mul	x9,x4,x22	  x4:0xffffffff x22:0x00000001  x9=0xffffffff
      91675.000 ns	      9166	80002348	22d0a393	slti	x7,x1,557	  x1:0x00000001  x7=0x00000001
      91705.000 ns	      9169	8000234c	580078d3	fsqrt.s	f17,f0	  f0:0x7fc00000 f17=0x7fc00000
      91725.000 ns	      9171	80002350	00948433	add	x8,x9,x9	  x9:0xffffffff  x9:0xffffffff  x8=0xfffffffe
      91735.000 ns	      9172	80002354	006172b3	and	x5,x2,x6	  x2:0x80040db7  x6:0x80041024  x5=0x80040024
      91745.000 ns	      9173	80002358	00320ab3	add	x21,x4,x3	  x4:0xffffffff  x3:0x00000000 x21=0xffffffff
      91765.000 ns	      9175	8000235c	c014f1d3	fcvt.wu.s	x3,f9	  f9:0x42800000  x3=0x00000040
      91815.000 ns	      9180	80002360	0913ffd3	fsub.s	f31,f7,f17	  f7:0x7fc00000 f17:0x7fc00000 f31=0x7fc00000
      91835.000 ns	      9182	80002364	01be9893	slli	x17,x29,0x1b	 x29:0x00000000 x17=0x00000000
      91845.000 ns	      9183	80002368	2f168913	addi	x18,x13,753	 x13:0x00000000 x18=0x000002f1
      91865.000 ns	      9185	8000236c	f00d8b53	fmv.w.x	f22,x27	 x27:0x00000000 f22=0x00000000
      91895.000 ns	      9188	80002370	213b2d53	fsgnjx.s	f26,f22,f19	 f22:0x7fc00000 f19:0x80000000 f26=0x80000000
      91915.000 ns	      9190	80002374	017e1ab3	sll	x21,x28,x23	 x28:0x80040fe4 x23:0x00000000 x21=0x80040fe4
      91935.000 ns	      9192	80002378	a11f0ed3	fle.s	x29,f30,f17	 f30:0x4f7ffffd f17:0x7fc00000 x29=0x00000000
      91985.000 ns	      9197	8000237c	09ecfcd3	fsub.s	f25,f25,f30	 f25:0xc00f1b8f f30:0x4f7ffffd f25=0xcf7ffffd
      92025.000 ns	      9201	80002380	18d198d3	fdiv.s	f17,f3,f13	  f3:0x7fc00000 f13:0xc0a00000 f17=0x7fc00000
      92055.000 ns	      9204	80002384	20420fd3	fsgnj.s	f31,f4,f4	  f4:0x7fc00000  f4:0x7fc00000 f31=0x7fc00000
      92105.000 ns	      9209	80002388	017dfc53	fadd.s	f24,f27,f23	 f27:0x400f1b8f f23:0x7fc00000 f24=0x7fc00000
      92125.000 ns	      9211	8000238c	7c43f1b7	lui	x3,0x7c43f	  x3=0x7c43f000
      92145.000 ns	      9213	80002390	e00f0cd3	fmv.x.w	x25,f30	 f30:0x4f7ffffd x25=0x4f7ffffd
      92195.000 ns	      9218	80002394	082c7153	fsub.s	f2,f24,f2	 f24:0x7fc00000  f2:0x80000000  f2=0x7fc00000
      92225.000 ns	      9221	80002398	d007cfd3	fcvt.s.w	f31,x15	 x15:0x00000002 f31=0x40000000
      92245.000 ns	      9223	8000239c	007c8533	add	x10,x25,x7	 x25:0x4f7ffffd  x7:0x00000001 x10=0x4f7ffffe
      92265.000 ns	      9225	800023a0	e0070ad3	fmv.x.w	x21,f14	 f14:0xc00f1b8f x21=0xc00f1b8f
      92305.000 ns	      9229	800023a4	185e2353	fdiv.s	f6,f28,f5	 f28:0x7fc00000  f5:0x4f7ffffd  f6=0x7fc00000
      92335.000 ns	      9232	800023a8	024bad33	mulhsu	x26,x23,x4	 x23:0x00000000  x4:0xffffffff x26=0x00000000
      92355.000 ns	      9234	800023ac	0161ed33	or	x26,x3,x22	  x3:0x7c43f000 x22:0x00000001 x26=0x7c43f001
      92395.000 ns	      9238	800023b0	00f8bd53	fadd.s	f26,f17,f15	 f17:0x7fc00000 f15:0x7fc00000 f26=0x7fc00000
      92445.000 ns	      9243	800023b4	0943ba53	fsub.s	f20,f7,f20	  f7:0x7fc00000 f20:0x40a00000 f20=0x7fc00000
      92475.000 ns	      9246	800023b8	031ccbb3	div	x23,x25,x17	 x25:0x4f7ffffd x17:0x00000000 x23=0xffffffff
      92845.000 ns	      9283	800023bc	034a6bb3	rem	x23,x20,x20	 x20:0x00000001 x20:0x00000001 x23=0x00000000
      92875.000 ns	      9286	800023c0	28231753	fmax.s	f14,f6,f2	  f6:0x7fc00000  f2:0x7fc00000 f14=0x7fc00000
      92905.000 ns	      9289	800023c4	e00b8bd3	fmv.x.w	x23,f23	 f23:0x7fc00000 x23=0x7fc00000
      92935.000 ns	      9292	800023c8	025028b3	mulhsu	x17,x0,x5	  x0:0x00000000  x5:0x80040024 x17=0x00000000
      92955.000 ns	      9294	800023cc	03708837	lui	x16,0x3708	 x16=0x03708000
      92965.000 ns	      9295	800023d0	3781e493	ori	x9,x3,888	  x3:0x7c43f000  x9=0x7c43f378
      92975.000 ns	      9296	800023d4	d89e61b7	lui	x3,0xd89e6	  x3=0xd89e6000
      92995.000 ns	      9298	800023d8	03b47db3	remu	x27,x8,x27	  x8:0xfffffffe x27:0x00000000 x27=0xfffffffe
      93025.000 ns	      9301	800023dc	0333a0b3	mulhsu	x1,x7,x19	  x7:0x00000001 x19:0xfffffbc5  x1=0x00000000
      93055.000 ns	      9304	800023e0	e00205d3	fmv.x.w	x11,f4	  f4:0x7fc00000 x11=0x7fc00000
      93085.000 ns	      9307	800023e4	02eacb33	div	x22,x21,x14	 x21:0xc00f1b8f x14:0x00000000 x22=0xffffffff
      93455.000 ns	      9344	800023e8	03266133	rem	x2,x12,x18	 x12:0x00000000 x18:0x000002f1  x2=0x00000000
      93825.000 ns	      9381	800023ec	02ff54b3	divu	x9,x30,x15	 x30:0x00000000 x15:0x00000002  x9=0x00000000
      93845.000 ns	      9383	800023f0	41c25db3	sra	x27,x4,x28	  x4:0xffffffff x28:0x80040fe4 x27=0xffffffff
      93855.000 ns	      9384	800023f4	0100fbb3	and	x23,x1,x16	  x1:0x00000000 x16:0x03708000 x23=0x00000000
      93875.000 ns	      9386	800023f8	d0032fd3	fcvt.s.w	f31,x6	  x6:0x80041024 f31=0xcefff7e0
      93905.000 ns	      9389	800023fc	030c1033	mulh	x0,x24,x16	 x24:0xfc520318 x16:0x03708000
      93925.000 ns	      9391	80002400	b49b4b93	xori	x23,x22,-1207	 x22:0xffffffff x23=0x000004b6
      93935.000 ns	      9392	80002404	405d5913	srai	x18,x26,0x5	 x26:0x7c43f001 x18=0x03e21f80
      93975.000 ns	      9396	80002408	09589e53	fsub.s	f28,f17,f21	 f17:0x7fc00000 f21:0x4f000410 f28=0x7fc00000
      93995.000 ns	      9398	8000240c	4092da33	sra	x20,x5,x9	  x5:0x80040024  x9:0x00000000 x20=0x80040024
      94005.000 ns	      9399	80002410	01bd3033	sltu	x0,x26,x27	 x26:0x7c43f001 x27:0xffffffff
      94365.000 ns	      9435	80002414	02ad6733	rem	x14,x26,x10	 x26:0x7c43f001 x10:0x4f7ffffe x14=0x2cc3f003
      94385.000 ns	      9437	80002418	51aba393	slti	x7,x23,1306	 x23:0x000004b6  x7=0x00000001
      94405.000 ns	      9439	8000241c	02eba2b3	mulhsu	x5,x23,x14	 x23:0x000004b6 x14:0x2cc3f003  x5=0x000000d2
      94425.000 ns	      9441	80002420	01b211b3	sll	x3,x4,x27	  x4:0xffffffff x27:0xffffffff  x3=0x80000000
      94445.000 ns	      9443	80002424	c0142453	fcvt.wu.s	x8,f8	  f8:0xc4876000  x8=0x0000043b
      94475.000 ns	      9446	80002428	a0c39c53	flt.s	x24,f7,f12	  f7:0x7fc00000 f12:0x00000000 x24=0x00000000
      94505.000 ns	      9449	8000242c	a0799ed3	flt.s	x29,f19,f7	 f19:0x80000000  f7:0x7fc00000 x29=0x00000000
      94525.000 ns	      9451	80002430	5ced4893	xori	x17,x26,1486	 x26:0x7c43f001 x17=0x7c43f5cf
      94545.000 ns	      9453	80002434	d01f7ed3	fcvt.s.wu	f29,x30	 x30:0x00000000 f29=0x00000000
      94575.000 ns	      9456	80002438	c000ff53	fcvt.w.s	x30,f1	  f1:0x00000000 x30=0x00000000
      94615.000 ns	      9460	8000243c	18431053	fdiv.s	f0,f6,f4	  f6:0x7fc00000  f4:0x7fc00000  f0=0x7fc00000
      94655.000 ns	      9464	80002440	5808bbd3	fsqrt.s	f23,f17	 f17:0x7fc00000 f23=0x7fc00000
      94675.000 ns	      9466	80002444	41cd55b3	sra	x11,x26,x28	 x26:0x7c43f001 x28:0x80040fe4 x11=0x07c43f00
      94705.000 ns	      9469	80002448	1989a3d3	fdiv.s	f7,f19,f24	 f19:0x80000000 f24:0x7fc00000  f7=0x7fc00000
      94725.000 ns	      9471	8000244c	2f4f2d13	slti	x26,x30,756	 x30:0x00000000 x26=0x00000001
      95085.000 ns	      9507	80002450	026363b3	rem	x7,x6,x6	  x6:0x80041024  x6:0x80041024  x7=0x00000000
      95115.000 ns	      9510	80002454	29ff8153	fmin.s	f2,f31,f31	 f31:0xcefff7e0 f31:0xcefff7e0  f2=0xcefff7e0
      95135.000 ns	      9512	80002458	01e160b3	or	x1,x2,x30	  x2:0x00000000 x30:0x00000000  x1=0x00000000
      95155.000 ns	      9514	8000245c	d008a6d3	fcvt.s.w	f13,x17	 x17:0x7c43f5cf f13=0x4ef887ec
      95175.000 ns	      9516	80002460	41008633	sub	x12,x1,x16	  x1:0x00000000 x16:0x03708000 x12=0xfc8f8000
      95195.000 ns	      9518	80002464	2073a953	fsgnjx.s	f18,f7,f7	  f7:0x7fc00000  f7:0x7fc00000 f18=0x7fc00000
      95215.000 ns	      9520	80002468	0018f6b3	and	x13,x17,x1	 x17:0x7c43f5cf  x1:0x00000000 x13=0x00000000
      95545.000 ns	      9553	8000246c	1856fad3	fdiv.s	f21,f13,f5	 f13:0x4ef887ec  f5:0x4f7ffffd f21=0x3ef887ec
      95565.000 ns	      9555	80002470	01cd8c33	add	x24,x27,x28	 x27:0xffffffff x28:0x80040fe4 x24=0x80040fe3
      95575.000 ns	      9556	80002474	01d4b733	sltu	x14,x9,x29	  x9:0x00000000 x29:0x00000000 x14=0x00000000
      95595.000 ns	      9558	80002478	c01bffd3	fcvt.wu.s	x31,f23	 f23:0x7fc00000 x31=0xffffffff
      95625.000 ns	      9561	8000247c	20bb1453	fsgnjn.s	f8,f22,f11	 f22:0x00000000 f11:0x7fc00000  f8=0x80000000
      95645.000 ns	      9563	80002480	00000013	addi	x0,x0,0	  x0:0x00000000
      95655.000 ns	      9564	80002484	5f197193	andi	x3,x18,1521	 x18:0x03e21f80  x3=0x00000580
      95665.000 ns	      9565	80002488	00819613	slli	x12,x3,0x8	  x3:0x80000000 x12=0x00058000
      95685.000 ns	      9567	8000248c	02169eb3	mulh	x29,x13,x1	 x13:0x00000000  x1:0x00000000 x29=0x00000000
      95705.000 ns	      9569	80002490	6a03f513	andi	x10,x7,1696	  x7:0x00000000 x10=0x00000000
      95725.000 ns	      9571	80002494	c00890d3	fcvt.w.s	x1,f17	 f17:0x7fc00000  x1=0x7fffffff
      95745.000 ns	      9573	80002498	416e8cb3	sub	x25,x29,x22	 x29:0x00000000 x22:0xffffffff x25=0x00000001
      95755.000 ns	      9574	8000249c	3a2af417	auipc	x8,0x3a2af	  x8=0xba2b149c
      95775.000 ns	      9576	800024a0	20748153	fsgnj.s	f2,f9,f7	  f9:0x42800000  f7:0x7fc00000  f2=0x42800000
      95815.000 ns	      9580	800024a4	18487453	fdiv.s	f8,f16,f4	 f16:0x00000000  f4:0x7fc00000  f8=0x7fc00000
      95835.000 ns	      9582	800024a8	005962b3	or	x5,x18,x5	 x18:0x03e21f80  x5:0x000000d2  x5=0x03e21fd2
      95855.000 ns	      9584	800024ac	d002f8d3	fcvt.s.w	f17,x5	  x5:0x000000d2 f17=0x4c7887f4
      95875.000 ns	      9586	800024b0	0082d3b3	srl	x7,x5,x8	  x5:0x000000d2  x8:0xba2b149c  x7=0x00000000
      95885.000 ns	      9587	800024b4	009a76b3	and	x13,x20,x9	 x20:0x80040024  x9:0x00000000 x13=0x00000000
      95905.000 ns	      9589	800024b8	d009ba53	fcvt.s.w	f20,x19	 x19:0xfffffbc5 f20=0xc4876000
      95925.000 ns	      9591	800024bc	4098d033	sra	x0,x17,x9	 x17:0x7c43f5cf  x9:0x00000000
      95945.000 ns	      9593	800024c0	212e8f53	fsgnj.s	f30,f29,f18	 f29:0x00000000 f18:0x7fc00000 f30=0x00000000
      95975.000 ns	      9596	800024c4	03728533	mul	x10,x5,x23	  x5:0x03e21fd2 x23:0x000004b6 x10=0x4b41e74c
      96345.000 ns	      9633	800024c8	036c56b3	divu	x13,x24,x22	 x24:0x80040fe3 x22:0xffffffff x13=0x00000000
      96365.000 ns	      9635	800024cc	00749733	sll	x14,x9,x7	  x9:0x00000000  x7:0x00000000 x14=0x00000000
      96385.000 ns	      9637	800024d0	20852053	fsgnjx.s	f0,f10,f8	 f10:0x44ce4000  f8:0x7fc00000  f0=0x44ce4000
      96405.000 ns	      9639	800024d4	c1d33017	auipc	x0,0xc1d33	
      96765.000 ns	      9675	800024d8	035761b3	rem	x3,x14,x21	 x14:0x00000000 x21:0xc00f1b8f  x3=0x00000000
      97135.000 ns	      9712	800024dc	02fb5fb3	divu	x31,x22,x15	 x22:0xffffffff x15:0x00000002 x31=0x7fffffff
      97185.000 ns	      9717	800024e0	00697fd3	fadd.s	f31,f18,f6	 f18:0x7fc00000  f6:0x7fc00000 f31=0x7fc00000
      97205.000 ns	      9719	800024e4	32f78a93	addi	x21,x15,815	 x15:0x00000002 x21=0x00000331
      97215.000 ns	      9720	800024e8	09d2ed13	ori	x26,x5,157	  x5:0x03e21fd2 x26=0x03e21fdf
      97225.000 ns	      9721	800024ec	282d2c93	slti	x25,x26,642	 x26:0x00000001 x25=0x00000000
      97235.000 ns	      9722	800024f0	00000013	addi	x0,x0,0	  x0:0x00000000
      97255.000 ns	      9724	800024f4	d0171753	fcvt.s.wu	f14,x14	 x14:0x00000000 f14=0x00000000
      97285.000 ns	      9727	800024f8	205225d3	fsgnjx.s	f11,f4,f5	  f4:0x7fc00000  f5:0x4f7ffffd f11=0x7fc00000
      97305.000 ns	      9729	800024fc	ebd9c693	xori	x13,x19,-323	 x19:0xfffffbc5 x13=0x00000578
      97315.000 ns	      9730	80002500	01553733	sltu	x14,x10,x21	 x10:0x4b41e74c x21:0x00000331 x14=0x00000000
      97335.000 ns	      9732	80002504	204a89d3	fsgnj.s	f19,f21,f4	 f21:0x3ef887ec  f4:0x7fc00000 f19=0x3ef887ec
      97355.000 ns	      9734	80002508	4168df93	srai	x31,x17,0x16	 x17:0x7c43f5cf x31=0x000001f1
      97375.000 ns	      9736	8000250c	021410b3	mulh	x1,x8,x1	  x8:0xba2b149c  x1:0x7fffffff  x1=0xdd158a4e
      97405.000 ns	      9739	80002510	e00d9853	fclass.s	x16,f27	 f27:0x400f1b8f x16=0x00000040
      97425.000 ns	      9741	80002514	41fbd233	sra	x4,x23,x31	 x23:0x000004b6 x31:0x000001f1  x4=0x00000000
      97445.000 ns	      9743	80002518	f00e83d3	fmv.w.x	f7,x29	 x29:0x00000000  f7=0x00000000
      97475.000 ns	      9746	8000251c	a027acd3	feq.s	x25,f15,f2	 f15:0x7fc00000  f2:0x42800000 x25=0x00000000
      97495.000 ns	      9748	80002520	00f91d33	sll	x26,x18,x15	 x18:0x03e21f80 x15:0x00000002 x26=0x0f887e00
      97515.000 ns	      9750	80002524	03fc0a33	mul	x20,x24,x31	 x24:0x80040fe3 x31:0x000001f1 x20=0x87e2d7b3
      97535.000 ns	      9752	80002528	002fa1b3	slt	x3,x31,x2	 x31:0x000001f1  x2:0x00000000  x3=0x00000000
      97565.000 ns	      9755	8000252c	110c8bd3	fmul.s	f23,f25,f16	 f25:0xcf7ffffd f16:0x00000000 f23=0x80000000
      97585.000 ns	      9757	80002530	00dd5db3	srl	x27,x26,x13	 x26:0x0f887e00 x13:0x00000578 x27=0x0000000f
      97605.000 ns	      9759	80002534	c01a34d3	fcvt.wu.s	x9,f20	 f20:0xc4876000  x9=0x0000043b
      97645.000 ns	      9763	80002538	108ffbd3	fmul.s	f23,f31,f8	 f31:0x7fc00000  f8:0x7fc00000 f23=0x7fc00000
      97675.000 ns	      9766	8000253c	d017fad3	fcvt.s.wu	f21,x15	 x15:0x00000002 f21=0x40000000
      97705.000 ns	      9769	80002540	c0153153	fcvt.wu.s	x2,f10	 f10:0x44ce4000  x2=0x00000672
      97725.000 ns	      9771	80002544	0101b9b3	sltu	x19,x3,x16	  x3:0x00000000 x16:0x00000040 x19=0x00000001
      97735.000 ns	      9772	80002548	00f40233	add	x4,x8,x15	  x8:0xba2b149c x15:0x00000002  x4=0xba2b149e
      97755.000 ns	      9774	8000254c	038681b3	mul	x3,x13,x24	 x13:0x00000578 x24:0x80040fe3  x3=0x1636e168
      97775.000 ns	      9776	80002550	d5e4ce93	xori	x29,x9,-674	  x9:0x0000043b x29=0xfffff965
      97795.000 ns	      9778	80002554	e0039453	fclass.s	x8,f7	  f7:0x00000000  x8=0x00000010
      97815.000 ns	      9780	80002558	40158c33	sub	x24,x11,x1	 x11:0x07c43f00  x1:0xdd158a4e x24=0x2aaeb4b2
      97835.000 ns	      9782	8000255c	d00c7e53	fcvt.s.w	f28,x24	 x24:0x80040fe3 f28=0x4e2abad2
      97855.000 ns	      9784	80002560	aea6f137	lui	x2,0xaea6f	  x2=0xaea6f000
      97885.000 ns	      9787	80002564	103f0553	fmul.s	f10,f30,f3	 f30:0x00000000  f3:0x7fc00000 f10=0x7fc00000
      98255.000 ns	      9824	80002568	0302c633	div	x12,x5,x16	  x5:0x03e21fd2 x16:0x00000040 x12=0x000f887f
      98275.000 ns	      9826	8000256c	c36ae613	ori	x12,x21,-970	 x21:0x00000331 x12=0xffffff37
      98285.000 ns	      9827	80002570	54427013	andi	x0,x4,1348	  x4:0xba2b149e
      98305.000 ns	      9829	80002574	215612d3	fsgnjn.s	f5,f12,f21	 f12:0x00000000 f21:0x40000000  f5=0x80000000
      98335.000 ns	      9832	80002578	212d96d3	fsgnjn.s	f13,f27,f18	 f27:0x400f1b8f f18:0x7fc00000 f13=0xc00f1b8f
      98365.000 ns	      9835	8000257c	c008c153	fcvt.w.s	x2,f17	 f17:0x4c7887f4  x2=0x03e21fd0
      98385.000 ns	      9837	80002580	00283033	sltu	x0,x16,x2	 x16:0x00000040  x2:0xaea6f000
      98395.000 ns	      9838	80002584	0191c6b3	xor	x13,x3,x25	  x3:0x1636e168 x25:0x00000000 x13=0x1636e168
      98405.000 ns	      9839	80002588	0113cd33	xor	x26,x7,x17	  x7:0x00000000 x17:0x7c43f5cf x26=0x7c43f5cf
      98425.000 ns	      9841	8000258c	03ebdcb3	divu	x25,x23,x30	 x23:0x000004b6 x30:0x00000000 x25=0xffffffff
      98455.000 ns	      9844	80002590	f00586d3	fmv.w.x	f13,x11	 x11:0x07c43f00 f13=0x07c43f00
      98825.000 ns	      9881	80002594	026ae4b3	rem	x9,x21,x6	 x21:0x00000331  x6:0x80041024  x9=0x00000331
      98855.000 ns	      9884	80002598	d01ec2d3	fcvt.s.wu	f5,x29	 x29:0xfffff965  f5=0x4f7ffff9
      98905.000 ns	      9889	8000259c	01b505d3	fadd.s	f11,f10,f27	 f10:0x7fc00000 f27:0x400f1b8f f11=0x7fc00000
      98935.000 ns	      9892	800025a0	0248a633	mulhsu	x12,x17,x4	 x17:0x7c43f5cf  x4:0xba2b149e x12=0x5a5e4a04
      98965.000 ns	      9895	800025a4	d00b74d3	fcvt.s.w	f9,x22	 x22:0xffffffff  f9=0xbf800000
      98995.000 ns	      9898	800025a8	d0027053	fcvt.s.w	f0,x4	  x4:0xba2b149e  f0=0xce8ba9d6
      99025.000 ns	      9901	800025ac	d01df4d3	fcvt.s.wu	f9,x27	 x27:0x0000000f  f9=0x41700000
      99055.000 ns	      9904	800025b0	a11d24d3	feq.s	x9,f26,f17	 f26:0x7fc00000 f17:0x4c7887f4  x9=0x00000000
      99085.000 ns	      9907	800025b4	c00174d3	fcvt.w.s	x9,f2	  f2:0x42800000  x9=0x00000040
      99125.000 ns	      9911	800025b8	198801d3	fdiv.s	f3,f16,f24	 f16:0x00000000 f24:0x7fc00000  f3=0x7fc00000
      99145.000 ns	      9913	800025bc	df6d4013	xori	x0,x26,-522	 x26:0x7c43f5cf
      99155.000 ns	      9914	800025c0	0030f433	and	x8,x1,x3	  x1:0xdd158a4e  x3:0x1636e168  x8=0x14148048
      99165.000 ns	      9915	800025c4	00454eb3	xor	x29,x10,x4	 x10:0x4b41e74c  x4:0xba2b149e x29=0xf16af3d2
      99195.000 ns	      9918	800025c8	192272d3	fdiv.s	f5,f4,f18	  f4:0x7fc00000 f18:0x7fc00000  f5=0x7fc00000
      99215.000 ns	      9920	800025cc	24177137	lui	x2,0x24177	  x2=0x24177000
      99235.000 ns	      9922	800025d0	d018f853	fcvt.s.wu	f16,x17	 x17:0x7c43f5cf f16=0x4ef887eb
      99255.000 ns	      9924	800025d4	04a74db7	lui	x27,0x4a74	 x27=0x04a74000
      99615.000 ns	      9960	800025d8	03436db3	rem	x27,x6,x20	  x6:0x80041024 x20:0x87e2d7b3 x27=0xf8213871
      99985.000 ns	      9997	800025dc	03adcab3	div	x21,x27,x26	 x27:0x0000000f x26:0x7c43f5cf x21=0x00000000
     100005.000 ns	      9999	800025e0	2441af13	slti	x30,x3,580	  x3:0x1636e168 x30=0x00000000
     100035.000 ns	     10002	800025e4	185b9bd3	fdiv.s	f23,f23,f5	 f23:0x7fc00000  f5:0x7fc00000 f23=0x7fc00000
     100055.000 ns	     10004	800025e8	01845393	srli	x7,x8,0x18	  x8:0x14148048  x7=0x00000014
     100085.000 ns	     10007	800025ec	1164ae53	fmul.s	f28,f9,f22	  f9:0x41700000 f22:0x00000000 f28=0x00000000
     100455.000 ns	     10044	800025f0	02f4ccb3	div	x25,x9,x15	  x9:0x00000040 x15:0x00000002 x25=0x00000020
     100485.000 ns	     10047	800025f4	0366ad33	mulhsu	x26,x13,x22	 x13:0x1636e168 x22:0xffffffff x26=0x1636e167
     100515.000 ns	     10050	800025f8	e0089ed3	fclass.s	x29,f17	 f17:0x4c7887f4 x29=0x00000040
     100535.000 ns	     10052	800025fc	2db12513	slti	x10,x2,731	  x2:0x24177000 x10=0x00000000
     100555.000 ns	     10054	80002600	21479653	fsgnjn.s	f12,f15,f20	 f15:0x7fc00000 f20:0xc4876000 f12=0x7fc00000
     100575.000 ns	     10056	80002604	00c9e833	or	x16,x19,x12	 x19:0x00000001 x12:0x5a5e4a04 x16=0x5a5e4a05
     100585.000 ns	     10057	80002608	40710633	sub	x12,x2,x7	  x2:0x24177000  x7:0x00000014 x12=0x24176fec
     100605.000 ns	     10059	8000260c	28b11953	fmax.s	f18,f2,f11	  f2:0x42800000 f11:0x7fc00000 f18=0x42800000
     100635.000 ns	     10062	80002610	0254a133	mulhsu	x2,x9,x5	  x9:0x00000040  x5:0x03e21fd2  x2=0x00000000
     100665.000 ns	     10065	80002614	021aba33	mulhu	x20,x21,x1	 x21:0x00000000  x1:0xdd158a4e x20=0x00000000
     100695.000 ns	     10068	80002618	28191cd3	fmax.s	f25,f18,f1	 f18:0x42800000  f1:0x00000000 f25=0x42800000
     100725.000 ns	     10071	8000261c	02c514b3	mulh	x9,x10,x12	 x10:0x00000000 x12:0x24176fec  x9=0x00000000
     100745.000 ns	     10073	80002620	01105d33	srl	x26,x0,x17	  x0:0x00000000 x17:0x7c43f5cf x26=0x00000000
     100755.000 ns	     10074	80002624	194b8013	addi	x0,x23,404	 x23:0x000004b6
     100775.000 ns	     10076	80002628	a1ba1d53	flt.s	x26,f20,f27	 f20:0xc4876000 f27:0x400f1b8f x26=0x00000001
     100825.000 ns	     10081	8000262c	003ef753	fadd.s	f14,f29,f3	 f29:0x00000000  f3:0x7fc00000 f14=0x7fc00000
     100855.000 ns	     10084	80002630	f0040353	fmv.w.x	f6,x8	  x8:0x14148048  f6=0x14148048
     100885.000 ns	     10087	80002634	03168133	mul	x2,x13,x17	 x13:0x1636e168 x17:0x7c43f5cf  x2=0xda50cb18
     100915.000 ns	     10090	80002638	025799b3	mulh	x19,x15,x5	 x15:0x00000002  x5:0x03e21fd2 x19=0x00000000
     100945.000 ns	     10093	8000263c	28db1953	fmax.s	f18,f22,f13	 f22:0x00000000 f13:0x07c43f00 f18=0x07c43f00
     100965.000 ns	     10095	80002640	8c7f4c93	xori	x25,x30,-1849	 x30:0x00000000 x25=0xfffff8c7
     100985.000 ns	     10097	80002644	2124a3d3	fsgnjx.s	f7,f9,f18	  f9:0x41700000 f18:0x07c43f00  f7=0x41700000
     101015.000 ns	     10100	80002648	2143ae53	fsgnjx.s	f28,f7,f20	  f7:0x00000000 f20:0xc4876000 f28=0xc1700000
     101035.000 ns	     10102	8000264c	00906033	or	x0,x0,x9	  x0:0x00000000  x9:0x00000000
     101395.000 ns	     10138	80002650	02266cb3	rem	x25,x12,x2	 x12:0x24176fec  x2:0xda50cb18 x25=0x24176fec
     101415.000 ns	     10140	80002654	003b9d33	sll	x26,x23,x3	 x23:0x000004b6  x3:0x1636e168 x26=0x0004b600
     101435.000 ns	     10142	80002658	28ff0553	fmin.s	f10,f30,f15	 f30:0x00000000 f15:0x7fc00000 f10=0x00000000
     101455.000 ns	     10144	8000265c	0098d0b3	srl	x1,x17,x9	 x17:0x7c43f5cf  x9:0x00000000  x1=0x7c43f5cf
     101475.000 ns	     10146	80002660	20a11153	fsgnjn.s	f2,f2,f10	  f2:0x42800000 f10:0x00000000  f2=0xc2800000
     101495.000 ns	     10148	80002664	b55ebe93	sltiu	x29,x29,-1195	 x29:0x00000040 x29=0x00000001
     101515.000 ns	     10150	80002668	d013ccd3	fcvt.s.wu	f25,x7	  x7:0x00000014 f25=0x41a00000
     101545.000 ns	     10153	8000266c	200ba1d3	fsgnjx.s	f3,f23,f0	 f23:0x7fc00000  f0:0xce8ba9d6  f3=0xffc00000
     101585.000 ns	     10157	80002670	19dd73d3	fdiv.s	f7,f26,f29	 f26:0x7fc00000 f29:0x00000000  f7=0x7fc00000
     101625.000 ns	     10161	80002674	10dc0e53	fmul.s	f28,f24,f13	 f24:0x7fc00000 f13:0x07c43f00 f28=0x7fc00000
     101645.000 ns	     10163	80002678	010fda13	srli	x20,x31,0x10	 x31:0x000001f1 x20=0x00000000
     101655.000 ns	     10164	8000267c	d1a8e193	ori	x3,x17,-742	 x17:0x7c43f5cf  x3=0xfffffddf
     101665.000 ns	     10165	80002680	1a7f6897	auipc	x17,0x1a7f6	 x17=0x9a7f8680
     101685.000 ns	     10167	80002684	a17490d3	flt.s	x1,f9,f23	  f9:0x41700000 f23:0x7fc00000  x1=0x00000000
     101705.000 ns	     10169	80002688	01a5dc33	srl	x24,x11,x26	 x11:0x07c43f00 x26:0x0004b600 x24=0x07c43f00
     101715.000 ns	     10170	8000268c	000ef8b3	and	x17,x29,x0	 x29:0x00000001  x0:0x00000000 x17=0x00000000
     101735.000 ns	     10172	80002690	29ef91d3	fmax.s	f3,f31,f30	 f31:0x7fc00000 f30:0x00000000  f3=0x00000000
     101755.000 ns	     10174	80002694	4026d833	sra	x16,x13,x2	 x13:0x1636e168  x2:0xda50cb18 x16=0x00000016
     101765.000 ns	     10175	80002698	00895833	srl	x16,x18,x8	 x18:0x03e21f80  x8:0x14148048 x16=0x0003e21f
     101775.000 ns	     10176	8000269c	01921eb3	sll	x29,x4,x25	  x4:0xba2b149e x25:0x24176fec x29=0xb149e000
     101785.000 ns	     10177	800026a0	0042b0b3	sltu	x1,x5,x4	  x5:0x03e21fd2  x4:0xba2b149e  x1=0x00000001
     101795.000 ns	     10178	800026a4	013ff6b3	and	x13,x31,x19	 x31:0x000001f1 x19:0x00000000 x13=0x00000000
     101805.000 ns	     10179	800026a8	001a9133	sll	x2,x21,x1	 x21:0x00000000  x1:0x00000000  x2=0x00000000
     101825.000 ns	     10181	800026ac	02518833	mul	x16,x3,x5	  x3:0xfffffddf  x5:0x03e21fd2 x16=0xbb9a41ee
     101845.000 ns	     10183	800026b0	4144dd33	sra	x26,x9,x20	  x9:0x00000000 x20:0x00000000 x26=0x00000000
     101855.000 ns	     10184	800026b4	711fb993	sltiu	x19,x31,1809	 x31:0x000001f1 x19=0x00000001
     101875.000 ns	     10186	800026b8	212c29d3	fsgnjx.s	f19,f24,f18	 f24:0x7fc00000 f18:0x07c43f00 f19=0x7fc00000
     101895.000 ns	     10188	800026bc	266ed497	auipc	x9,0x266ed	  x9=0xa66ef6bc
     101925.000 ns	     10191	800026c0	1984b4d3	fdiv.s	f9,f9,f24	  f9:0x41700000 f24:0x7fc00000  f9=0x7fc00000
     101955.000 ns	     10194	800026c4	03eb8d33	mul	x26,x23,x30	 x23:0x000004b6 x30:0x00000000 x26=0x00000000
     101975.000 ns	     10196	800026c8	d328cd93	xori	x27,x17,-718	 x17:0x00000000 x27=0xfffffd32
     101985.000 ns	     10197	800026cc	409ed993	srai	x19,x29,0x9	 x29:0xb149e000 x19=0xffd8a4f0
     102005.000 ns	     10199	800026d0	e00e99d3	fclass.s	x19,f29	 f29:0x00000000 x19=0x00000010
     102035.000 ns	     10202	800026d4	a1f60bd3	fle.s	x23,f12,f31	 f12:0x7fc00000 f31:0x7fc00000 x23=0x00000000
     102055.000 ns	     10204	800026d8	518dbf93	sltiu	x31,x27,1304	 x27:0xfffffd32 x31=0x00000000
     102075.000 ns	     10206	800026dc	c00df3d3	fcvt.w.s	x7,f27	 f27:0x400f1b8f  x7=0x00000002
     102095.000 ns	     10208	800026e0	401fd513	srai	x10,x31,0x1	 x31:0x000001f1 x10=0x00000000
     102105.000 ns	     10209	800026e4	00849233	sll	x4,x9,x8	  x9:0xa66ef6bc  x8:0x14148048  x4=0x6ef6bc00
     102125.000 ns	     10211	800026e8	03e993b3	mulh	x7,x19,x30	 x19:0x00000010 x30:0x00000000  x7=0x00000000
     102145.000 ns	     10213	800026ec	58d16113	ori	x2,x2,1421	  x2:0x00000000  x2=0x0000058d
     102155.000 ns	     10214	800026f0	5afaec13	ori	x24,x21,1455	 x21:0x00000000 x24=0x000005af
     102175.000 ns	     10216	800026f4	206b13d3	fsgnjn.s	f7,f22,f6	 f22:0x00000000  f6:0x14148048  f7=0x80000000
     102205.000 ns	     10219	800026f8	a150ab53	feq.s	x22,f1,f21	  f1:0x00000000 f21:0x40000000 x22=0x00000000
     102255.000 ns	     10224	800026fc	0057f953	fadd.s	f18,f15,f5	 f15:0x7fc00000  f5:0x7fc00000 f18=0x7fc00000
     102285.000 ns	     10227	80002700	280c83d3	fmin.s	f7,f25,f0	 f25:0x41a00000  f0:0xce8ba9d6  f7=0xce8ba9d6
     102305.000 ns	     10229	80002704	01df3633	sltu	x12,x30,x29	 x30:0x00000000 x29:0xb149e000 x12=0x00000001
     102325.000 ns	     10231	80002708	e00d0a53	fmv.x.w	x20,f26	 f26:0x7fc00000 x20=0x7fc00000
     102355.000 ns	     10234	8000270c	28ba9b53	fmax.s	f22,f21,f11	 f21:0x40000000 f11:0x7fc00000 f22=0x40000000
     102375.000 ns	     10236	80002710	ddf22913	slti	x18,x4,-545	  x4:0x6ef6bc00 x18=0x00000000
     102395.000 ns	     10238	80002714	289a92d3	fmax.s	f5,f21,f9	 f21:0x40000000  f9:0x7fc00000  f5=0x40000000
     102425.000 ns	     10241	80002718	29c219d3	fmax.s	f19,f4,f28	  f4:0x7fc00000 f28:0x7fc00000 f19=0x7fc00000
     102455.000 ns	     10244	8000271c	c01774d3	fcvt.wu.s	x9,f14	 f14:0x7fc00000  x9=0xffffffff
     102825.000 ns	     10281	80002720	025ddb33	divu	x22,x27,x5	 x27:0xfffffd32  x5:0x03e21fd2 x22=0x00000041
     102855.000 ns	     10284	80002724	21911853	fsgnjn.s	f16,f2,f25	  f2:0xc2800000 f25:0x41a00000 f16=0xc2800000
     102905.000 ns	     10289	80002728	01c17253	fadd.s	f4,f2,f28	  f2:0xc2800000 f28:0x7fc00000  f4=0x7fc00000
     102935.000 ns	     10292	8000272c	a17e9753	flt.s	x14,f29,f23	 f29:0x00000000 f23:0x7fc00000 x14=0x00000000
     102965.000 ns	     10295	80002730	0327dab3	divu	x21,x15,x18	 x15:0x00000002 x18:0x00000000 x21=0xffffffff
     103335.000 ns	     10332	80002734	038bd033	divu	x0,x23,x24	 x23:0x00000000 x24:0x000005af
     103355.000 ns	     10334	80002738	0172e933	or	x18,x5,x23	  x5:0x03e21fd2 x23:0x00000000 x18=0x03e21fd2
     103365.000 ns	     10335	8000273c	0ac7ce93	xori	x29,x15,172	 x15:0x00000002 x29=0x000000ae
     103375.000 ns	     10336	80002740	82920693	addi	x13,x4,-2007	  x4:0x6ef6bc00 x13=0x6ef6b429
     103385.000 ns	     10337	80002744	1b67f893	andi	x17,x15,438	 x15:0x00000002 x17=0x00000002
     103395.000 ns	     10338	80002748	a6163fb7	lui	x31,0xa6163	 x31=0xa6163000
     103415.000 ns	     10340	8000274c	03722533	mulhsu	x10,x4,x23	  x4:0x6ef6bc00 x23:0x00000000 x10=0x00000000
     103445.000 ns	     10343	80002750	290f81d3	fmin.s	f3,f31,f16	 f31:0x7fc00000 f16:0xc2800000  f3=0xc2800000
     103475.000 ns	     10346	80002754	d009c6d3	fcvt.s.w	f13,x19	 x19:0x00000010 f13=0x41800000
     103495.000 ns	     10348	80002758	003d0833	add	x16,x26,x3	 x26:0x00000000  x3:0xfffffddf x16=0xfffffddf
     103515.000 ns	     10350	8000275c	e0030753	fmv.x.w	x14,f6	  f6:0x14148048 x14=0x14148048
     103535.000 ns	     10352	80002760	e7af65b7	lui	x11,0xe7af6	 x11=0xe7af6000
     103555.000 ns	     10354	80002764	215c95d3	fsgnjn.s	f11,f25,f21	 f25:0x41a00000 f21:0x40000000 f11=0xc1a00000
     103925.000 ns	     10391	80002768	029973b3	remu	x7,x18,x9	 x18:0x03e21fd2  x9:0xffffffff  x7=0x03e21fd2
     103945.000 ns	     10393	8000276c	01989693	slli	x13,x17,0x19	 x17:0x00000002 x13=0x04000000
     103955.000 ns	     10394	80002770	00d47133	and	x2,x8,x13	  x8:0x14148048 x13:0x6ef6b429  x2=0x04000000
     103965.000 ns	     10395	80002774	006d4eb3	xor	x29,x26,x6	 x26:0x00000000  x6:0x80041024 x29=0x80041024
     103975.000 ns	     10396	80002778	84610213	addi	x4,x2,-1978	  x2:0x0000058d  x4=0x03fff846
     103985.000 ns	     10397	8000277c	ac9dff13	andi	x30,x27,-1335	 x27:0xfffffd32 x30=0xfffff800
     103995.000 ns	     10398	80002780	00000013	addi	x0,x0,0	  x0:0x00000000
     104015.000 ns	     10400	80002784	21ad0053	fsgnj.s	f0,f26,f26	 f26:0x7fc00000 f26:0x7fc00000  f0=0x7fc00000
     104045.000 ns	     10403	80002788	28f30353	fmin.s	f6,f6,f15	  f6:0x14148048 f15:0x7fc00000  f6=0x14148048
     104075.000 ns	     10406	8000278c	a0c391d3	flt.s	x3,f7,f12	  f7:0xce8ba9d6 f12:0x7fc00000  x3=0x00000000
     104095.000 ns	     10408	80002790	f9b9d5b7	lui	x11,0xf9b9d	 x11=0xf9b9d000
     104105.000 ns	     10409	80002794	013ee233	or	x4,x29,x19	 x29:0x80041024 x19:0x00000010  x4=0x80041034
     104115.000 ns	     10410	80002798	00000013	addi	x0,x0,0	  x0:0x00000000
     104135.000 ns	     10412	8000279c	211f07d3	fsgnj.s	f15,f30,f17	 f30:0x00000000 f17:0x4c7887f4 f15=0x00000000
     104505.000 ns	     10449	800027a0	03d8deb3	divu	x29,x17,x29	 x17:0x00000002 x29:0x80041024 x29=0x00000000
     104525.000 ns	     10451	800027a4	00573bb3	sltu	x23,x14,x5	 x14:0x14148048  x5:0x03e21fd2 x23=0x00000000
     104545.000 ns	     10453	800027a8	d0107753	fcvt.s.wu	f14,x0	  x0:0x00000000 f14=0x00000000
     104565.000 ns	     10455	800027ac	e864b913	sltiu	x18,x9,-378	  x9:0xffffffff x18=0x00000000
     104585.000 ns	     10457	800027b0	02034c33	div	x24,x6,x0	  x6:0x80041024  x0:0x00000000 x24=0xffffffff
     104615.000 ns	     10460	800027b4	029da833	mulhsu	x16,x27,x9	 x27:0xfffffd32  x9:0xffffffff x16=0xfffffd32
     104655.000 ns	     10464	800027b8	19b7f353	fdiv.s	f6,f15,f27	 f15:0x00000000 f27:0x400f1b8f  f6=0x00000000
     104675.000 ns	     10466	800027bc	01f3d413	srli	x8,x7,0x1f	  x7:0x03e21fd2  x8=0x00000000
     104695.000 ns	     10468	800027c0	28e00453	fmin.s	f8,f0,f14	  f0:0x7fc00000 f14:0x00000000  f8=0x00000000
     104715.000 ns	     10470	800027c4	40688533	sub	x10,x17,x6	 x17:0x00000002  x6:0x80041024 x10=0x7ffbefde
     104725.000 ns	     10471	800027c8	e1a7e817	auipc	x16,0xe1a7e	 x16=0x61a807c8
     104735.000 ns	     10472	800027cc	00000013	addi	x0,x0,0	  x0:0x00000000
     104745.000 ns	     10473	800027d0	0133cab3	xor	x21,x7,x19	  x7:0x03e21fd2 x19:0x00000010 x21=0x03e21fc2
     104755.000 ns	     10474	800027d4	01d520b3	slt	x1,x10,x29	 x10:0x7ffbefde x29:0x00000000  x1=0x00000000
     104775.000 ns	     10476	800027d8	032d3ab3	mulhu	x21,x26,x18	 x26:0x00000000 x18:0x00000000 x21=0x00000000
     104825.000 ns	     10481	800027dc	09447e53	fsub.s	f28,f8,f20	  f8:0x00000000 f20:0xc4876000 f28=0x44876000
     104875.000 ns	     10486	800027e0	011b8a53	fadd.s	f20,f23,f17	 f23:0x7fc00000 f17:0x4c7887f4 f20=0x7fc00000
     105245.000 ns	     10523	800027e4	03ee69b3	rem	x19,x28,x30	 x28:0x80040fe4 x30:0xfffff800 x19=0xffffffe4
     105265.000 ns	     10525	800027e8	01659f33	sll	x30,x11,x22	 x11:0xf9b9d000 x22:0x00000041 x30=0xf373a000
     105275.000 ns	     10526	800027ec	69dfb693	sltiu	x13,x31,1693	 x31:0xa6163000 x13=0x00000000
     105285.000 ns	     10527	800027f0	011c0ab3	add	x21,x24,x17	 x24:0xffffffff x17:0x00000002 x21=0x00000001
     105325.000 ns	     10531	800027f4	0836a5d3	fsub.s	f11,f13,f3	 f13:0x41800000  f3:0xc2800000 f11=0x42a00000
     105345.000 ns	     10533	800027f8	2a92a193	slti	x3,x5,681	  x5:0x03e21fd2  x3=0x00000000
     105365.000 ns	     10535	800027fc	d005fcd3	fcvt.s.w	f25,x11	 x11:0xf9b9d000 f25=0xccc8c600
     105395.000 ns	     10538	80002800	2109a153	fsgnjx.s	f2,f19,f16	 f19:0x7fc00000 f16:0xc2800000  f2=0xffc00000
     105415.000 ns	     10540	80002804	39591c17	auipc	x24,0x39591	 x24=0xb9593804
     105425.000 ns	     10541	80002808	00765b33	srl	x22,x12,x7	 x12:0x00000001  x7:0x03e21fd2 x22=0x00000000
     105435.000 ns	     10542	8000280c	f947a713	slti	x14,x15,-108	 x15:0x00000002 x14=0x00000000
     105795.000 ns	     10578	80002810	02c94c33	div	x24,x18,x12	 x18:0x00000000 x12:0x00000001 x24=0x00000000
     105825.000 ns	     10581	80002814	28c80753	fmin.s	f14,f16,f12	 f16:0xc2800000 f12:0x7fc00000 f14=0xc2800000
     105855.000 ns	     10584	80002818	02c68a33	mul	x20,x13,x12	 x13:0x00000000 x12:0x00000001 x20=0x00000000
     105875.000 ns	     10586	8000281c	40f6d5b3	sra	x11,x13,x15	 x13:0x00000000 x15:0x00000002 x11=0x00000000
     105895.000 ns	     10588	80002820	203b1d53	fsgnjn.s	f26,f22,f3	 f22:0x40000000  f3:0xc2800000 f26=0x40000000
     105915.000 ns	     10590	80002824	fe4b0f93	addi	x31,x22,-28	 x22:0x00000000 x31=0xffffffe4
     105935.000 ns	     10592	80002828	21ea93d3	fsgnjn.s	f7,f21,f30	 f21:0x40000000 f30:0x00000000  f7=0xc0000000
     105965.000 ns	     10595	8000282c	03267133	remu	x2,x12,x18	 x12:0x00000001 x18:0x00000000  x2=0x00000001
     105985.000 ns	     10597	80002830	00115f33	srl	x30,x2,x1	  x2:0x04000000  x1:0x00000000 x30=0x00000001
     106005.000 ns	     10599	80002834	e00a14d3	fclass.s	x9,f20	 f20:0x7fc00000  x9=0x00000200
     106035.000 ns	     10602	80002838	f00c0953	fmv.w.x	f18,x24	 x24:0x00000000 f18=0x00000000
     106065.000 ns	     10605	8000283c	e00f0d53	fmv.x.w	x26,f30	 f30:0x00000000 x26=0x00000000
     106095.000 ns	     10608	80002840	0257b133	mulhu	x2,x15,x5	 x15:0x00000002  x5:0x03e21fd2  x2=0x00000000
     106125.000 ns	     10611	80002844	a1a12653	feq.s	x12,f2,f26	  f2:0xffc00000 f26:0x40000000 x12=0x00000000
     106175.000 ns	     10616	80002848	00f409d3	fadd.s	f19,f8,f15	  f8:0x00000000 f15:0x00000000 f19=0x00000000
     106205.000 ns	     10619	8000284c	29cb1653	fmax.s	f12,f22,f28	 f22:0x40000000 f28:0x44876000 f12=0x44876000
     106225.000 ns	     10621	80002850	2f147097	auipc	x1,0x2f147	  x1=0xaf149850
     106245.000 ns	     10623	80002854	a0a385d3	fle.s	x11,f7,f10	  f7:0xc0000000 f10:0x00000000 x11=0x00000001
     106265.000 ns	     10625	80002858	8981c193	xori	x3,x3,-1896	  x3:0x00000000  x3=0xfffff898
     106285.000 ns	     10627	8000285c	c00932d3	fcvt.w.s	x5,f18	 f18:0x00000000  x5=0x00000000
     106315.000 ns	     10630	80002860	a0f882d3	fle.s	x5,f17,f15	 f17:0x4c7887f4 f15:0x00000000  x5=0x00000000
     106335.000 ns	     10632	80002864	1710f513	andi	x10,x1,369	  x1:0xaf149850 x10=0x00000050
     106345.000 ns	     10633	80002868	8c88eb13	ori	x22,x17,-1848	 x17:0x00000002 x22=0xfffff8ca
     106355.000 ns	     10634	8000286c	00a1bd33	sltu	x26,x3,x10	  x3:0xfffff898 x10:0x7ffbefde x26=0x00000000
     106375.000 ns	     10636	80002870	02c398b3	mulh	x17,x7,x12	  x7:0x03e21fd2 x12:0x00000000 x17=0x00000000
     106405.000 ns	     10639	80002874	035239b3	mulhu	x19,x4,x21	  x4:0x80041034 x21:0x00000001 x19=0x00000000
     106425.000 ns	     10641	80002878	012258b3	srl	x17,x4,x18	  x4:0x80041034 x18:0x00000000 x17=0x80041034
     106785.000 ns	     10677	8000287c	0216dfb3	divu	x31,x13,x1	 x13:0x00000000  x1:0xaf149850 x31=0x00000000
     106825.000 ns	     10681	80002880	11d0a153	fmul.s	f2,f1,f29	  f1:0x00000000 f29:0x00000000  f2=0x00000000
     106845.000 ns	     10683	80002884	00e84ab3	xor	x21,x16,x14	 x16:0x61a807c8 x14:0x00000000 x21=0x61a807c8
     106865.000 ns	     10685	80002888	02a915b3	mulh	x11,x18,x10	 x18:0x00000000 x10:0x00000050 x11=0x00000000
     106895.000 ns	     10688	8000288c	a16b10d3	flt.s	x1,f22,f22	 f22:0x40000000 f22:0x40000000  x1=0x00000000
     106925.000 ns	     10691	80002890	215295d3	fsgnjn.s	f11,f5,f21	  f5:0x40000000 f21:0x40000000 f11=0xc0000000
     107295.000 ns	     10728	80002894	0318ceb3	div	x29,x17,x17	 x17:0x80041034 x17:0x80041034 x29=0x00000001
     107325.000 ns	     10731	80002898	29929653	fmax.s	f12,f5,f25	  f5:0x40000000 f25:0xccc8c600 f12=0x40000000
     107355.000 ns	     10734	8000289c	f0008dd3	fmv.w.x	f27,x1	  x1:0x00000000 f27=0x00000000
     107385.000 ns	     10737	800028a0	d010f1d3	fcvt.s.wu	f3,x1	  x1:0x00000000  f3=0x00000000
     107405.000 ns	     10739	800028a4	414708b3	sub	x17,x14,x20	 x14:0x00000000 x20:0x00000000 x17=0x00000000
     107425.000 ns	     10741	800028a8	e00818d3	fclass.s	x17,f16	 f16:0xc2800000 x17=0x00000002
     107445.000 ns	     10743	800028ac	01ea81b3	add	x3,x21,x30	 x21:0x61a807c8 x30:0x00000001  x3=0x61a807c9
     107485.000 ns	     10747	800028b0	09e94dd3	fsub.s	f27,f18,f30	 f18:0x00000000 f30:0x00000000 f27=0x80000000
     107535.000 ns	     10752	800028b4	01f7f5d3	fadd.s	f11,f15,f31	 f15:0x00000000 f31:0x7fc00000 f11=0x7fc00000
     107555.000 ns	     10754	800028b8	8b188293	addi	x5,x17,-1871	 x17:0x00000002  x5=0xfffff8b3
     107575.000 ns	     10756	800028bc	c016f453	fcvt.wu.s	x8,f13	 f13:0x41800000  x8=0x00000010
     107595.000 ns	     10758	800028c0	0022d093	srli	x1,x5,0x2	  x5:0x00000000  x1=0x3ffffe2c
     107615.000 ns	     10760	800028c4	025f3eb3	mulhu	x29,x30,x5	 x30:0x00000001  x5:0xfffff8b3 x29=0x00000000
     107635.000 ns	     10762	800028c8	460cac93	slti	x25,x25,1120	 x25:0x24176fec x25=0x00000000
     107645.000 ns	     10763	800028cc	9e170c13	addi	x24,x14,-1567	 x14:0x00000000 x24=0xfffff9e1
     107665.000 ns	     10765	800028d0	027e11b3	mulh	x3,x28,x7	 x28:0x80040fe4  x7:0x03e21fd2  x3=0xfe0effdd
     107695.000 ns	     10768	800028d4	034724b3	mulhsu	x9,x14,x20	 x14:0x00000000 x20:0x00000000  x9=0x00000000
     107715.000 ns	     10770	800028d8	7d23f193	andi	x3,x7,2002	  x7:0x03e21fd2  x3=0x000007d2
     108885.000 ns	     10887	800028dc	58067653	fsqrt.s	f12,f12	 f12:0x40000000 f12=0x3f350482
     108915.000 ns	     10890	800028e0	a10405d3	fle.s	x11,f8,f16	  f8:0x00000000 f16:0xc2800000 x11=0x00000000
     108945.000 ns	     10893	800028e4	a12a2853	feq.s	x16,f20,f18	 f20:0x7fc00000 f18:0x00000000 x16=0x00000000
     108965.000 ns	     10895	800028e8	000aef33	or	x30,x21,x0	 x21:0x61a807c8  x0:0x00000000 x30=0x61a807c8
     108975.000 ns	     10896	800028ec	00ef5c93	srli	x25,x30,0xe	 x30:0x00000001 x25=0x000186a0
     108985.000 ns	     10897	800028f0	00ccb633	sltu	x12,x25,x12	 x25:0x00000000 x12:0x00000000 x12=0x00000000
     109005.000 ns	     10899	800028f4	215ea3d3	fsgnjx.s	f7,f29,f21	 f29:0x00000000 f21:0x40000000  f7=0x00000000
     109025.000 ns	     10901	800028f8	009d5513	srli	x10,x26,0x9	 x26:0x00000000 x10=0x00000000
     109045.000 ns	     10903	800028fc	a06caad3	feq.s	x21,f25,f6	 f25:0xccc8c600  f6:0x00000000 x21=0x00000000
     109065.000 ns	     10905	80002900	ca0c3593	sltiu	x11,x24,-864	 x24:0xfffff9e1 x11=0x00000001
     109085.000 ns	     10907	80002904	20a89ad3	fsgnjn.s	f21,f17,f10	 f17:0x4c7887f4 f10:0x00000000 f21=0xcc7887f4
     109105.000 ns	     10909	80002908	fd935c37	lui	x24,0xfd935	 x24=0xfd935000
     109135.000 ns	     10912	8000290c	1193f5d3	fmul.s	f11,f7,f25	  f7:0x00000000 f25:0xccc8c600 f11=0x80000000
     109165.000 ns	     10915	80002910	c01d8fd3	fcvt.wu.s	x31,f27	 f27:0x80000000 x31=0x00000000
     109185.000 ns	     10917	80002914	0052d693	srli	x13,x5,0x5	  x5:0xfffff8b3 x13=0x07ffffc5
     109195.000 ns	     10918	80002918	00eab033	sltu	x0,x21,x14	 x21:0x00000000 x14:0x00000000
     109215.000 ns	     10920	8000291c	d01afcd3	fcvt.s.wu	f25,x21	 x21:0x00000000 f25=0x00000000
     109265.000 ns	     10925	80002920	0016f1d3	fadd.s	f3,f13,f1	 f13:0x41800000  f1:0x00000000  f3=0x41800000
     109305.000 ns	     10929	80002924	19bd2853	fdiv.s	f16,f26,f27	 f26:0x40000000 f27:0x80000000 f16=0xff800000
     109335.000 ns	     10932	80002928	f00a8ed3	fmv.w.x	f29,x21	 x21:0x00000000 f29=0x00000000
     109365.000 ns	     10935	8000292c	a157a953	feq.s	x18,f15,f21	 f15:0x00000000 f21:0xcc7887f4 x18=0x00000000
     109385.000 ns	     10937	80002930	011b8733	add	x14,x23,x17	 x23:0x00000000 x17:0x00000002 x14=0x00000002
     109395.000 ns	     10938	80002934	0070cf33	xor	x30,x1,x7	  x1:0x3ffffe2c  x7:0x03e21fd2 x30=0x3c1de1fe
     109405.000 ns	     10939	80002938	dce52c13	slti	x24,x10,-562	 x10:0x00000000 x24=0x00000000
     109415.000 ns	     10940	8000293c	003d50b3	srl	x1,x26,x3	 x26:0x00000000  x3:0x000007d2  x1=0x00000000
     109425.000 ns	     10941	80002940	01091c13	slli	x24,x18,0x10	 x18:0x00000000 x24=0x00000000
     109455.000 ns	     10944	80002944	580973d3	fsqrt.s	f7,f18	 f18:0x00000000  f7=0x00000000
     109485.000 ns	     10947	80002948	2182a2d3	fsgnjx.s	f5,f5,f24	  f5:0x40000000 f24:0x7fc00000  f5=0x40000000
     109515.000 ns	     10950	8000294c	c00f4bd3	fcvt.w.s	x23,f30	 f30:0x00000000 x23=0x00000000
     109545.000 ns	     10953	80002950	a022afd3	feq.s	x31,f5,f2	  f5:0x40000000  f2:0x00000000 x31=0x00000000
     109575.000 ns	     10956	80002954	a03a9cd3	flt.s	x25,f21,f3	 f21:0xcc7887f4  f3:0x41800000 x25=0x00000001
     109605.000 ns	     10959	80002958	02709ab3	mulh	x21,x1,x7	  x1:0x00000000  x7:0x03e21fd2 x21=0x00000000
     109635.000 ns	     10962	8000295c	0309d933	divu	x18,x19,x16	 x19:0x00000000 x16:0x00000000 x18=0xffffffff
     109655.000 ns	     10964	80002960	0060f433	and	x8,x1,x6	  x1:0x00000000  x6:0x80041024  x8=0x00000000
     109675.000 ns	     10966	80002964	29ef89d3	fmin.s	f19,f31,f30	 f31:0x7fc00000 f30:0x00000000 f19=0x00000000
     109705.000 ns	     10969	80002968	d016fed3	fcvt.s.wu	f29,x13	 x13:0x07ffffc5 f29=0x4cfffff8
     109745.000 ns	     10973	8000296c	5800f1d3	fsqrt.s	f3,f1	  f1:0x00000000  f3=0x00000000
     109775.000 ns	     10976	80002970	02210fb3	mul	x31,x2,x2	  x2:0x00000000  x2:0x00000000 x31=0x00000000
     109805.000 ns	     10979	80002974	f00380d3	fmv.w.x	f1,x7	  x7:0x03e21fd2  f1=0x03e21fd2
     110175.000 ns	     11016	80002978	025ceab3	rem	x21,x25,x5	 x25:0x00000001  x5:0xfffff8b3 x21=0x00000001
     110195.000 ns	     11018	8000297c	40cfdfb3	sra	x31,x31,x12	 x31:0x00000000 x12:0x00000000 x31=0x00000000
     110215.000 ns	     11020	80002980	e00d01d3	fmv.x.w	x3,f26	 f26:0x40000000  x3=0x40000000
     110245.000 ns	     11023	80002984	20e52553	fsgnjx.s	f10,f10,f14	 f10:0x00000000 f14:0xc2800000 f10=0x80000000
     110265.000 ns	     11025	80002988	ee69f013	andi	x0,x19,-282	 x19:0x00000000
     110285.000 ns	     11027	8000298c	d0009f53	fcvt.s.w	f30,x1	  x1:0x00000000 f30=0x00000000
     110305.000 ns	     11029	80002990	c32ca413	slti	x8,x25,-974	 x25:0x00000001  x8=0x00000000
     110315.000 ns	     11030	80002994	283ced13	ori	x26,x25,643	 x25:0x00000001 x26=0x00000283
     110325.000 ns	     11031	80002998	0012d993	srli	x19,x5,0x1	  x5:0xfffff8b3 x19=0x7ffffc59
     110335.000 ns	     11032	8000299c	0129c9b3	xor	x19,x19,x18	 x19:0x00000000 x18:0xffffffff x19=0x800003a6
     110345.000 ns	     11033	800029a0	00604233	xor	x4,x0,x6	  x0:0x00000000  x6:0x80041024  x4=0x80041024
     110365.000 ns	     11035	800029a4	02de0fb3	mul	x31,x28,x13	 x28:0x80040fe4 x13:0x07ffffc5 x31=0x9f105674
     110385.000 ns	     11037	800029a8	010eb8b3	sltu	x17,x29,x16	 x29:0x00000000 x16:0x00000000 x17=0x00000000
     110745.000 ns	     11073	800029ac	03e45f33	divu	x30,x8,x30	  x8:0x00000000 x30:0x3c1de1fe x30=0x00000000
     110775.000 ns	     11076	800029b0	e00f8b53	fmv.x.w	x22,f31	 f31:0x7fc00000 x22=0x7fc00000
     110805.000 ns	     11079	800029b4	02e8ac33	mulhsu	x24,x17,x14	 x17:0x00000000 x14:0x00000002 x24=0x00000000
     110835.000 ns	     11082	800029b8	299780d3	fmin.s	f1,f15,f25	 f15:0x00000000 f25:0x00000000  f1=0x00000000
     110855.000 ns	     11084	800029bc	00825b33	srl	x22,x4,x8	  x4:0x80041024  x8:0x00000000 x22=0x80041024
     110865.000 ns	     11085	800029c0	01a862b3	or	x5,x16,x26	 x16:0x00000000 x26:0x00000283  x5=0x00000283
     110875.000 ns	     11086	800029c4	017aaa33	slt	x20,x21,x23	 x21:0x00000001 x23:0x00000000 x20=0x00000000
     110895.000 ns	     11088	800029c8	a10720d3	feq.s	x1,f14,f16	 f14:0xc2800000 f16:0xff800000  x1=0x00000000
     110915.000 ns	     11090	800029cc	27c42497	auipc	x9,0x27c42	  x9=0xa7c449cc
     110935.000 ns	     11092	800029d0	f00006d3	fmv.w.x	f13,x0	  x0:0x00000000 f13=0x00000000
     110955.000 ns	     11094	800029d4	013551b3	srl	x3,x10,x19	 x10:0x00000000 x19:0x800003a6  x3=0x00000000
     110965.000 ns	     11095	800029d8	01b2ea33	or	x20,x5,x27	  x5:0x00000283 x27:0xfffffd32 x20=0xffffffb3
     110985.000 ns	     11097	800029dc	21040cd3	fsgnj.s	f25,f8,f16	  f8:0x00000000 f16:0xff800000 f25=0x80000000
     111025.000 ns	     11101	800029e0	5801f4d3	fsqrt.s	f9,f3	  f3:0x00000000  f9=0x00000000
     111045.000 ns	     11103	800029e4	015c1a13	slli	x20,x24,0x15	 x24:0x00000000 x20=0x00000000
     111055.000 ns	     11104	800029e8	08c00293	addi	x5,x0,140	  x0:0x00000000  x5=0x0000008c
     111075.000 ns	     11106	800029ec	0288b3b3	mulhu	x7,x17,x8	 x17:0x00000000  x8:0x00000000  x7=0x00000000
     111095.000 ns	     11108	800029f0	a6616737	lui	x14,0xa6616	 x14=0xa6616000
     111115.000 ns	     11110	800029f4	02c67a33	remu	x20,x12,x12	 x12:0x00000000 x12:0x00000000 x20=0x00000000
     111145.000 ns	     11113	800029f8	02faa2b3	mulhsu	x5,x21,x15	 x21:0x00000001 x15:0x00000002  x5=0x00000000
     111195.000 ns	     11118	800029fc	0914b453	fsub.s	f8,f9,f17	  f9:0x00000000 f17:0x4c7887f4  f8=0xcc7887f4
     111215.000 ns	     11120	80002a00	01c36bb3	or	x23,x6,x28	  x6:0x80041024 x28:0x80040fe4 x23=0x80041fe4
     111225.000 ns	     11121	80002a04	00ef1193	slli	x3,x30,0xe	 x30:0x00000000  x3=0x00000000
     111235.000 ns	     11122	80002a08	410e0cb3	sub	x25,x28,x16	 x28:0x80040fe4 x16:0x00000000 x25=0x80040fe4
     111255.000 ns	     11124	80002a0c	030785b3	mul	x11,x15,x16	 x15:0x00000002 x16:0x00000000 x11=0x00000000
     111275.000 ns	     11126	80002a10	001fb433	sltu	x8,x31,x1	 x31:0x9f105674  x1:0x00000000  x8=0x00000000
     111285.000 ns	     11127	80002a14	01179493	slli	x9,x15,0x11	 x15:0x00000002  x9=0x00040000
     111295.000 ns	     11128	80002a18	00c7d133	srl	x2,x15,x12	 x15:0x00000002 x12:0x00000000  x2=0x00000002
     111315.000 ns	     11130	80002a1c	e00d0053	fmv.x.w	x0,f26	 f26:0x40000000
     111345.000 ns	     11133	80002a20	03b02fb3	mulhsu	x31,x0,x27	  x0:0x00000000 x27:0xfffffd32 x31=0x00000000
     111395.000 ns	     11138	80002a24	0990f7d3	fsub.s	f15,f1,f25	  f1:0x00000000 f25:0x80000000 f15=0x00000000
     111765.000 ns	     11175	80002a28	02924733	div	x14,x4,x9	  x4:0x80041024  x9:0x00040000 x14=0xffffe002
     111785.000 ns	     11177	80002a2c	409356b3	sra	x13,x6,x9	  x6:0x80041024  x9:0x00040000 x13=0x80041024
     111795.000 ns	     11178	80002a30	00000013	addi	x0,x0,0	  x0:0x00000000
     111815.000 ns	     11180	80002a34	c00f7f53	fcvt.w.s	x30,f30	 f30:0x00000000 x30=0x00000000
     111845.000 ns	     11183	80002a38	f00b8953	fmv.w.x	f18,x23	 x23:0x80041fe4 f18=0x80041fe4
     111865.000 ns	     11185	80002a3c	74b07c93	andi	x25,x0,1867	  x0:0x00000000 x25=0x00000000
     111895.000 ns	     11188	80002a40	191f39d3	fdiv.s	f19,f30,f17	 f30:0x00000000 f17:0x4c7887f4 f19=0x00000000
     111925.000 ns	     11191	80002a44	03a39633	mulh	x12,x7,x26	  x7:0x00000000 x26:0x00000283 x12=0x00000000
     111955.000 ns	     11194	80002a48	2029ad53	fsgnjx.s	f26,f19,f2	 f19:0x00000000  f2:0x00000000 f26=0x00000000
     111985.000 ns	     11197	80002a4c	e00f8553	fmv.x.w	x10,f31	 f31:0x7fc00000 x10=0x7fc00000
     112005.000 ns	     11199	80002a50	410ad633	sra	x12,x21,x16	 x21:0x00000001 x16:0x00000000 x12=0x00000001
     112015.000 ns	     11200	80002a54	400e5013	srai	x0,x28,0x0	 x28:0x80040fe4
     112025.000 ns	     11201	80002a58	01a25eb3	srl	x29,x4,x26	  x4:0x80041024 x26:0x00000283 x29=0x10008204
     112045.000 ns	     11203	80002a5c	f00b88d3	fmv.w.x	f17,x23	 x23:0x80041fe4 f17=0x80041fe4
     112075.000 ns	     11206	80002a60	c011b253	fcvt.wu.s	x4,f3	  f3:0x00000000  x4=0x00000000
     112105.000 ns	     11209	80002a64	e0028853	fmv.x.w	x16,f5	  f5:0x40000000 x16=0x40000000
     112135.000 ns	     11212	80002a68	02d89cb3	mulh	x25,x17,x13	 x17:0x00000000 x13:0x80041024 x25=0x00000000
     112505.000 ns	     11249	80002a6c	037051b3	divu	x3,x0,x23	  x0:0x00000000 x23:0x80041fe4  x3=0x00000000
     112875.000 ns	     11286	80002a70	0307ec33	rem	x24,x15,x16	 x15:0x00000002 x16:0x40000000 x24=0x00000002
     112895.000 ns	     11288	80002a74	007f9b33	sll	x22,x31,x7	 x31:0x00000000  x7:0x00000000 x22=0x00000000
     112935.000 ns	     11292	80002a78	081c02d3	fsub.s	f5,f24,f1	 f24:0x7fc00000  f1:0x00000000  f5=0x7fc00000
     112955.000 ns	     11294	80002a7c	01efdd33	srl	x26,x31,x30	 x31:0x00000000 x30:0x00000000 x26=0x00000000
     112975.000 ns	     11296	80002a80	21572353	fsgnjx.s	f6,f14,f21	 f14:0xc2800000 f21:0xcc7887f4  f6=0x42800000
     112995.000 ns	     11298	80002a84	117508b7	lui	x17,0x11750	 x17=0x11750000
     113015.000 ns	     11300	80002a88	a05cacd3	feq.s	x25,f25,f5	 f25:0x80000000  f5:0x7fc00000 x25=0x00000000
     113045.000 ns	     11303	80002a8c	e0028fd3	fmv.x.w	x31,f5	  f5:0x7fc00000 x31=0x7fc00000
     113075.000 ns	     11306	80002a90	e00210d3	fclass.s	x1,f4	  f4:0x7fc00000  x1=0x00000200
     113105.000 ns	     11309	80002a94	21240353	fsgnj.s	f6,f8,f18	  f8:0xcc7887f4 f18:0x80041fe4  f6=0xcc7887f4
     113125.000 ns	     11311	80002a98	019ebeb3	sltu	x29,x29,x25	 x29:0x10008204 x25:0x00000000 x29=0x00000000
     113145.000 ns	     11313	80002a9c	c011f653	fcvt.wu.s	x12,f3	  f3:0x00000000 x12=0x00000000
     113165.000 ns	     11315	80002aa0	015a5eb3	srl	x29,x20,x21	 x20:0x00000000 x21:0x00000001 x29=0x00000000
     113175.000 ns	     11316	80002aa4	011bc4b3	xor	x9,x23,x17	 x23:0x80041fe4 x17:0x11750000  x9=0x91711fe4
     113185.000 ns	     11317	80002aa8	49e28613	addi	x12,x5,1182	  x5:0x00000000 x12=0x0000049e
     113205.000 ns	     11319	80002aac	02390733	mul	x14,x18,x3	 x18:0xffffffff  x3:0x00000000 x14=0x00000000
     113235.000 ns	     11322	80002ab0	027d8db3	mul	x27,x27,x7	 x27:0xfffffd32  x7:0x00000000 x27=0x00000000
     113265.000 ns	     11325	80002ab4	d0037853	fcvt.s.w	f16,x6	  x6:0x80041024 f16=0xcefff7df
     113285.000 ns	     11327	80002ab8	00dfd5b3	srl	x11,x31,x13	 x31:0x7fc00000 x13:0x80041024 x11=0x07fc0000
     113295.000 ns	     11328	80002abc	41776393	ori	x7,x14,1047	 x14:0x00000000  x7=0x00000417
     113315.000 ns	     11330	80002ac0	d01878d3	fcvt.s.wu	f17,x16	 x16:0x40000000 f17=0x4e800000
     113345.000 ns	     11333	80002ac4	e00e0453	fmv.x.w	x8,f28	 f28:0x44876000  x8=0x44876000
     113375.000 ns	     11336	80002ac8	03a96933	rem	x18,x18,x26	 x18:0xffffffff x26:0x00000000 x18=0xffffffff
     113415.000 ns	     11340	80002acc	19887853	fdiv.s	f16,f16,f24	 f16:0xcefff7df f24:0x7fc00000 f16=0x7fc00000
     113445.000 ns	     11343	80002ad0	d0009c53	fcvt.s.w	f24,x1	  x1:0x00000200 f24=0x44000000
     113465.000 ns	     11345	80002ad4	dd737c13	andi	x24,x6,-553	  x6:0x80041024 x24=0x80041004
     113485.000 ns	     11347	80002ad8	d00ffb53	fcvt.s.w	f22,x31	 x31:0x7fc00000 f22=0x4eff8000
     113505.000 ns	     11349	80002adc	0164bf33	sltu	x30,x9,x22	  x9:0x91711fe4 x22:0x00000000 x30=0x00000000
     113515.000 ns	     11350	80002ae0	41c8d193	srai	x3,x17,0x1c	 x17:0x11750000  x3=0x00000001
     113525.000 ns	     11351	80002ae4	2650b517	auipc	x10,0x2650b	 x10=0xa650dae4
     113535.000 ns	     11352	80002ae8	c22fab93	slti	x23,x31,-990	 x31:0x7fc00000 x23=0x00000000
     113545.000 ns	     11353	80002aec	38cdb993	sltiu	x19,x27,908	 x27:0x00000000 x19=0x00000001
     113565.000 ns	     11355	80002af0	e0008d53	fmv.x.w	x26,f1	  f1:0x00000000 x26=0x00000000
     113585.000 ns	     11357	80002af4	a89cc413	xori	x8,x25,-1399	 x25:0x00000000  x8=0xfffffa89
     113595.000 ns	     11358	80002af8	00b01593	slli	x11,x0,0xb	  x0:0x00000000 x11=0x00000000
     113605.000 ns	     11359	80002afc	01360c33	add	x24,x12,x19	 x12:0x0000049e x19:0x00000001 x24=0x0000049f
     113625.000 ns	     11361	80002b00	d00d70d3	fcvt.s.w	f1,x26	 x26:0x00000000  f1=0x00000000
     113645.000 ns	     11363	80002b04	0119a6b3	slt	x13,x19,x17	 x19:0x00000001 x17:0x11750000 x13=0x00000001
     113665.000 ns	     11365	80002b08	29f90353	fmin.s	f6,f18,f31	 f18:0x80041fe4 f31:0x7fc00000  f6=0x80041fe4
     113685.000 ns	     11367	80002b0c	007b7733	and	x14,x22,x7	 x22:0x00000000  x7:0x00000417 x14=0x00000000
     113695.000 ns	     11368	80002b10	00000013	addi	x0,x0,0	  x0:0x00000000
     113705.000 ns	     11369	80002b14	40b70db3	sub	x27,x14,x11	 x14:0x00000000 x11:0x00000000 x27=0x00000000
     113715.000 ns	     11370	80002b18	e9721217	auipc	x4,0xe9721	  x4=0x69723b18
     113725.000 ns	     11371	80002b1c	007b6733	or	x14,x22,x7	 x22:0x00000000  x7:0x00000417 x14=0x00000417
     113765.000 ns	     11375	80002b20	01a57ad3	fadd.s	f21,f10,f26	 f10:0x80000000 f26:0x00000000 f21=0x00000000
     113785.000 ns	     11377	80002b24	011c1db3	sll	x27,x24,x17	 x24:0x0000049f x17:0x11750000 x27=0x0000049f
     113805.000 ns	     11379	80002b28	a1b3a9d3	feq.s	x19,f7,f27	  f7:0x00000000 f27:0x80000000 x19=0x00000001
     114175.000 ns	     11416	80002b2c	02d26eb3	rem	x29,x4,x13	  x4:0x69723b18 x13:0x00000001 x29=0x00000000
     114205.000 ns	     11419	80002b30	a0a40bd3	fle.s	x23,f8,f10	  f8:0xcc7887f4 f10:0x80000000 x23=0x00000001
     114255.000 ns	     11424	80002b34	0031f253	fadd.s	f4,f3,f3	  f3:0x00000000  f3:0x00000000  f4=0x00000000
     114275.000 ns	     11426	80002b38	bd606bb7	lui	x23,0xbd606	 x23=0xbd606000
     115445.000 ns	     11543	80002b3c	580c12d3	fsqrt.s	f5,f24	 f24:0x44000000  f5=0x41350482
     115465.000 ns	     11545	80002b40	c4818193	addi	x3,x3,-952	  x3:0x00000001  x3=0xfffffc49
     115485.000 ns	     11547	80002b44	c009fbd3	fcvt.w.s	x23,f19	 f19:0x00000000 x23=0x00000000
     115515.000 ns	     11550	80002b48	c01b0bd3	fcvt.wu.s	x23,f22	 f22:0x4eff8000 x23=0x7fc00000
     115545.000 ns	     11553	80002b4c	034bd733	divu	x14,x23,x20	 x23:0x00000000 x20:0x00000000 x14=0xffffffff
     115575.000 ns	     11556	80002b50	03fc34b3	mulhu	x9,x24,x31	 x24:0x0000049f x31:0x7fc00000  x9=0x0000024e
     115595.000 ns	     11558	80002b54	b596bb93	sltiu	x23,x13,-1191	 x13:0x00000001 x23=0x00000001
     115615.000 ns	     11560	80002b58	02b89533	mulh	x10,x17,x11	 x17:0x11750000 x11:0x00000000 x10=0x00000000
     115635.000 ns	     11562	80002b5c	01d766b3	or	x13,x14,x29	 x14:0xffffffff x29:0x00000000 x13=0xffffffff
     116805.000 ns	     11679	80002b60	580e78d3	fsqrt.s	f17,f28	 f28:0x44876000 f17=0x4203a297
     116835.000 ns	     11682	80002b64	d00d9653	fcvt.s.w	f12,x27	 x27:0x0000049f f12=0x4493e000
     116865.000 ns	     11685	80002b68	209813d3	fsgnjn.s	f7,f16,f9	 f16:0x7fc00000  f9:0x00000000  f7=0xffc00000
     116885.000 ns	     11687	80002b6c	41cd51b3	sra	x3,x26,x28	 x26:0x00000000 x28:0x80040fe4  x3=0x00000000
     117245.000 ns	     11723	80002b70	026cf9b3	remu	x19,x25,x6	 x25:0x00000000  x6:0x80041024 x19=0x00000000
     117265.000 ns	     11725	80002b74	9425cc93	xori	x25,x11,-1726	 x11:0x00000000 x25=0xfffff942
     117285.000 ns	     11727	80002b78	210f80d3	fsgnj.s	f1,f31,f16	 f31:0x7fc00000 f16:0x7fc00000  f1=0x7fc00000
     117305.000 ns	     11729	80002b7c	41175413	srai	x8,x14,0x11	 x14:0xffffffff  x8=0xffffffff
     117315.000 ns	     11730	80002b80	409dd733	sra	x14,x27,x9	 x27:0x0000049f  x9:0x0000024e x14=0x00000000
     117325.000 ns	     11731	80002b84	00903fb3	sltu	x31,x0,x9	  x0:0x00000000  x9:0x0000024e x31=0x00000001
     117335.000 ns	     11732	80002b88	008c3833	sltu	x16,x24,x8	 x24:0x0000049f  x8:0xffffffff x16=0x00000001
     117345.000 ns	     11733	80002b8c	80728c13	addi	x24,x5,-2041	  x5:0x00000000 x24=0xfffff807
     117355.000 ns	     11734	80002b90	40b60833	sub	x16,x12,x11	 x12:0x0000049e x11:0x00000000 x16=0x0000049e
     117365.000 ns	     11735	80002b94	0198bd33	sltu	x26,x17,x25	 x17:0x11750000 x25:0xfffff942 x26=0x00000001
     117385.000 ns	     11737	80002b98	a1118753	fle.s	x14,f3,f17	  f3:0x00000000 f17:0x4203a297 x14=0x00000001
     117415.000 ns	     11740	80002b9c	d0044153	fcvt.s.w	f2,x8	  x8:0xffffffff  f2=0xbf800000
     117435.000 ns	     11742	80002ba0	4d1fbb93	sltiu	x23,x31,1233	 x31:0x00000001 x23=0x00000001
     117455.000 ns	     11744	80002ba4	a0461153	flt.s	x2,f12,f4	 f12:0x4493e000  f4:0x00000000  x2=0x00000000
     117495.000 ns	     11748	80002ba8	10b99e53	fmul.s	f28,f19,f11	 f19:0x00000000 f11:0x80000000 f28=0x80000000
     117525.000 ns	     11751	80002bac	20189153	fsgnjn.s	f2,f17,f1	 f17:0x4203a297  f1:0x7fc00000  f2=0xc203a297
     117565.000 ns	     11755	80002bb0	184c73d3	fdiv.s	f7,f24,f4	 f24:0x44000000  f4:0x00000000  f7=0x7f800000
     117595.000 ns	     11758	80002bb4	c0157a53	fcvt.wu.s	x20,f10	 f10:0x80000000 x20=0x00000000
     117625.000 ns	     11761	80002bb8	a1b10fd3	fle.s	x31,f2,f27	  f2:0xc203a297 f27:0x80000000 x31=0x00000001
     117655.000 ns	     11764	80002bbc	29c09853	fmax.s	f16,f1,f28	  f1:0x7fc00000 f28:0x80000000 f16=0x80000000
     117685.000 ns	     11767	80002bc0	21421153	fsgnjn.s	f2,f4,f20	  f4:0x00000000 f20:0x7fc00000  f2=0x80000000
     117725.000 ns	     11771	80002bc4	5809f1d3	fsqrt.s	f3,f19	 f19:0x00000000  f3=0x00000000
     117755.000 ns	     11774	80002bc8	a11009d3	fle.s	x19,f0,f17	  f0:0x7fc00000 f17:0x4203a297 x19=0x00000000
     117785.000 ns	     11777	80002bcc	214886d3	fsgnj.s	f13,f17,f20	 f17:0x4203a297 f20:0x7fc00000 f13=0x4203a297
     118155.000 ns	     11814	80002bd0	03b769b3	rem	x19,x14,x27	 x14:0x00000001 x27:0x0000049f x19=0x00000001
     118175.000 ns	     11816	80002bd4	0c96e093	ori	x1,x13,201	 x13:0xffffffff  x1=0xffffffff
     118185.000 ns	     11817	80002bd8	01ff4933	xor	x18,x30,x31	 x30:0x00000000 x31:0x00000001 x18=0x00000001
     118545.000 ns	     11853	80002bdc	03ccebb3	rem	x23,x25,x28	 x25:0xfffff942 x28:0x80040fe4 x23=0xfffff942
     118575.000 ns	     11856	80002be0	f00d0a53	fmv.w.x	f20,x26	 x26:0x00000001 f20=0x00000001
     118605.000 ns	     11859	80002be4	02108c33	mul	x24,x1,x1	  x1:0xffffffff  x1:0xffffffff x24=0x00000001
     118635.000 ns	     11862	80002be8	03648733	mul	x14,x9,x22	  x9:0x0000024e x22:0x00000000 x14=0x00000000
     118665.000 ns	     11865	80002bec	037995b3	mulh	x11,x19,x23	 x19:0x00000001 x23:0xfffff942 x11=0xffffffff
     118695.000 ns	     11868	80002bf0	284e96d3	fmax.s	f13,f29,f4	 f29:0x4cfffff8  f4:0x00000000 f13=0x4cfffff8
     118725.000 ns	     11871	80002bf4	21540553	fsgnj.s	f10,f8,f21	  f8:0xcc7887f4 f21:0x00000000 f10=0x4c7887f4
     118765.000 ns	     11875	80002bf8	580e7553	fsqrt.s	f10,f28	 f28:0x80000000 f10=0x80000000
     118785.000 ns	     11877	80002bfc	53e27f17	auipc	x30,0x53e27	 x30=0xd3e29bfc
     118805.000 ns	     11879	80002c00	21572cd3	fsgnjx.s	f25,f14,f21	 f14:0xc2800000 f21:0x00000000 f25=0xc2800000
     118835.000 ns	     11882	80002c04	29c08153	fmin.s	f2,f1,f28	  f1:0x7fc00000 f28:0x80000000  f2=0x80000000
     118885.000 ns	     11887	80002c08	09e34ed3	fsub.s	f29,f6,f30	  f6:0x80041fe4 f30:0x00000000 f29=0x80041fe4
     118915.000 ns	     11890	80002c0c	a04c1bd3	flt.s	x23,f24,f4	 f24:0x44000000  f4:0x00000000 x23=0x00000000
     118935.000 ns	     11892	80002c10	6e36ab13	slti	x22,x13,1763	 x13:0xffffffff x22=0x00000001
     118955.000 ns	     11894	80002c14	039895b3	mulh	x11,x17,x25	 x17:0x11750000 x25:0xfffff942 x11=0xffffff8a
     118985.000 ns	     11897	80002c18	030b1233	mulh	x4,x22,x16	 x22:0x00000000 x16:0x0000049e  x4=0x00000000
     119355.000 ns	     11934	80002c1c	039a6cb3	rem	x25,x20,x25	 x20:0x00000000 x25:0xfffff942 x25=0x00000000
     119385.000 ns	     11937	80002c20	d0023f53	fcvt.s.w	f30,x4	  x4:0x00000000 f30=0x00000000
     119415.000 ns	     11940	80002c24	a0542a53	feq.s	x20,f8,f5	  f8:0xcc7887f4  f5:0x41350482 x20=0x00000000
     119445.000 ns	     11943	80002c28	213f0a53	fsgnj.s	f20,f30,f19	 f30:0x00000000 f19:0x00000000 f20=0x00000000
     119465.000 ns	     11945	80002c2c	01179013	slli	x0,x15,0x11	 x15:0x00000002
     119485.000 ns	     11947	80002c30	213e84d3	fsgnj.s	f9,f29,f19	 f29:0x80041fe4 f19:0x00000000  f9=0x00041fe4
     119505.000 ns	     11949	80002c34	0142c233	xor	x4,x5,x20	  x5:0x00000000 x20:0x00000000  x4=0x00000000
     119525.000 ns	     11951	80002c38	21df80d3	fsgnj.s	f1,f31,f29	 f31:0x7fc00000 f29:0x80041fe4  f1=0xffc00000
     119895.000 ns	     11988	80002c3c	026f5933	divu	x18,x30,x6	 x30:0xd3e29bfc  x6:0x80041024 x18=0x00000001
     119915.000 ns	     11990	80002c40	4edfff93	andi	x31,x31,1261	 x31:0x00000001 x31=0x00000001
     119935.000 ns	     11992	80002c44	02c51db3	mulh	x27,x10,x12	 x10:0x00000000 x12:0x0000049e x27=0x00000000
     119955.000 ns	     11994	80002c48	41aa8eb3	sub	x29,x21,x26	 x21:0x00000001 x26:0x00000001 x29=0x00000000
     119995.000 ns	     11998	80002c4c	010b7953	fadd.s	f18,f22,f16	 f22:0x4eff8000 f16:0x80000000 f18=0x4eff8000
     120015.000 ns	     12000	80002c50	413659b3	sra	x19,x12,x19	 x12:0x0000049e x19:0x00000001 x19=0x0000024f
     120025.000 ns	     12001	80002c54	8e478917	auipc	x18,0x8e478	 x18=0x0e47ac54
     120045.000 ns	     12003	80002c58	e00781d3	fmv.x.w	x3,f15	 f15:0x00000000  x3=0x00000000
     120065.000 ns	     12005	80002c5c	00534933	xor	x18,x6,x5	  x6:0x80041024  x5:0x00000000 x18=0x80041024
     120075.000 ns	     12006	80002c60	8ae1c693	xori	x13,x3,-1874	  x3:0x00000000 x13=0xfffff8ae
     120095.000 ns	     12008	80002c64	d0013d53	fcvt.s.w	f26,x2	  x2:0x00000000 f26=0x00000000
     120135.000 ns	     12012	80002c68	58020cd3	fsqrt.s	f25,f4	  f4:0x00000000 f25=0x00000000
     120505.000 ns	     12049	80002c6c	0356e133	rem	x2,x13,x21	 x13:0xfffff8ae x21:0x00000001  x2=0x00000000
     120525.000 ns	     12051	80002c70	0077cbb3	xor	x23,x15,x7	 x15:0x00000002  x7:0x00000417 x23=0x00000415
     120545.000 ns	     12053	80002c74	a1470053	fle.s	x0,f14,f20	 f14:0xc2800000 f20:0x00000000
     120565.000 ns	     12055	80002c78	001f60b3	or	x1,x30,x1	 x30:0xd3e29bfc  x1:0xffffffff  x1=0xffffffff
     120605.000 ns	     12059	80002c7c	096a73d3	fsub.s	f7,f20,f22	 f20:0x00000000 f22:0x4eff8000  f7=0xceff8000
     120635.000 ns	     12062	80002c80	03ba62b3	rem	x5,x20,x27	 x20:0x00000000 x27:0x00000000  x5=0x00000000
     120655.000 ns	     12064	80002c84	010091b3	sll	x3,x1,x16	  x1:0xffffffff x16:0x0000049e  x3=0xc0000000
     120675.000 ns	     12066	80002c88	215f09d3	fsgnj.s	f19,f30,f21	 f30:0x00000000 f21:0x00000000 f19=0x00000000
     120725.000 ns	     12071	80002c8c	003b7553	fadd.s	f10,f22,f3	 f22:0x4eff8000  f3:0x00000000 f10=0x4eff8000
     120755.000 ns	     12074	80002c90	a1848a53	fle.s	x20,f9,f24	  f9:0x00041fe4 f24:0x44000000 x20=0x00000001
     120785.000 ns	     12077	80002c94	28321a53	fmax.s	f20,f4,f3	  f4:0x00000000  f3:0x00000000 f20=0x00000000
     120805.000 ns	     12079	80002c98	00393f33	sltu	x30,x18,x3	 x18:0x80041024  x3:0xc0000000 x30=0x00000001
     120825.000 ns	     12081	80002c9c	02f118b3	mulh	x17,x2,x15	  x2:0x00000000 x15:0x00000002 x17=0x00000000
     120855.000 ns	     12084	80002ca0	c01a7853	fcvt.wu.s	x16,f20	 f20:0x00000000 x16=0x00000000
     120895.000 ns	     12088	80002ca4	58082553	fsqrt.s	f10,f16	 f16:0x80000000 f10=0x80000000
     120925.000 ns	     12091	80002ca8	29d69a53	fmax.s	f20,f13,f29	 f13:0x4cfffff8 f29:0x80041fe4 f20=0x4cfffff8
     120945.000 ns	     12093	80002cac	40ac0c33	sub	x24,x24,x10	 x24:0x00000001 x10:0x00000000 x24=0x00000001
     120955.000 ns	     12094	80002cb0	0681c513	xori	x10,x3,104	  x3:0xc0000000 x10=0xc0000068
     120965.000 ns	     12095	80002cb4	00a05f33	srl	x30,x0,x10	  x0:0x00000000 x10:0x00000000 x30=0x00000000
     120975.000 ns	     12096	80002cb8	0130a6b3	slt	x13,x1,x19	  x1:0xffffffff x19:0x0000024f x13=0x00000001
     120985.000 ns	     12097	80002cbc	2eef4893	xori	x17,x30,750	 x30:0x00000001 x17=0x000002ee
     120995.000 ns	     12098	80002cc0	00a924b3	slt	x9,x18,x10	 x18:0x80041024 x10:0xc0000068  x9=0x00000001
     121015.000 ns	     12100	80002cc4	281d9b53	fmax.s	f22,f27,f1	 f27:0x80000000  f1:0xffc00000 f22=0x80000000
     121035.000 ns	     12102	80002cc8	bb390093	addi	x1,x18,-1101	 x18:0x80041024  x1=0x80040bd7
     121045.000 ns	     12103	80002ccc	010e6433	or	x8,x28,x16	 x28:0x80040fe4 x16:0x00000000  x8=0x80040fe4
     121065.000 ns	     12105	80002cd0	e0090b53	fmv.x.w	x22,f18	 f18:0x4eff8000 x22=0x4eff8000
     121085.000 ns	     12107	80002cd4	0a5a3a37	lui	x20,0xa5a3	 x20=0x0a5a3000
     121105.000 ns	     12109	80002cd8	2003a053	fsgnjx.s	f0,f7,f0	  f7:0xceff8000  f0:0x7fc00000  f0=0xceff8000
     121135.000 ns	     12112	80002cdc	025546b3	div	x13,x10,x5	 x10:0xc0000068  x5:0x00000000 x13=0xffffffff
     121165.000 ns	     12115	80002ce0	20459053	fsgnjn.s	f0,f11,f4	 f11:0x80000000  f4:0x00000000  f0=0x80000000
     121195.000 ns	     12118	80002ce4	02988a33	mul	x20,x17,x9	 x17:0x000002ee  x9:0x00000001 x20=0x000002ee
     121215.000 ns	     12120	80002ce8	f0220e93	addi	x29,x4,-254	  x4:0x00000000 x29=0xffffff02
     121545.000 ns	     12153	80002cec	188897d3	fdiv.s	f15,f17,f8	 f17:0x4203a297  f8:0xcc7887f4 f15=0xb503a298
     121565.000 ns	     12155	80002cf0	016b6cb3	or	x25,x22,x22	 x22:0x4eff8000 x22:0x4eff8000 x25=0x4eff8000
     121585.000 ns	     12157	80002cf4	d011ffd3	fcvt.s.wu	f31,x3	  x3:0xc0000000 f31=0x4f400000
     121615.000 ns	     12160	80002cf8	03ac0fb3	mul	x31,x24,x26	 x24:0x00000001 x26:0x00000001 x31=0x00000001
     121635.000 ns	     12162	80002cfc	01a91eb3	sll	x29,x18,x26	 x18:0x80041024 x26:0x00000001 x29=0x00082048
     121655.000 ns	     12164	80002d00	a1d92d53	feq.s	x26,f18,f29	 f18:0x4eff8000 f29:0x80041fe4 x26=0x00000000
     121685.000 ns	     12167	80002d04	e0051cd3	fclass.s	x25,f10	 f10:0x80000000 x25=0x00000008
     121715.000 ns	     12170	80002d08	28fb89d3	fmin.s	f19,f23,f15	 f23:0x7fc00000 f15:0xb503a298 f19=0xb503a298
     121735.000 ns	     12172	80002d0c	7ca67417	auipc	x8,0x7ca67	  x8=0xfca69d0c
     121745.000 ns	     12173	80002d10	41cdd433	sra	x8,x27,x28	 x27:0x00000000 x28:0x80040fe4  x8=0x00000000
     121755.000 ns	     12174	80002d14	00b55813	srli	x16,x10,0xb	 x10:0xc0000068 x16=0x00180000
     121775.000 ns	     12176	80002d18	21049653	fsgnjn.s	f12,f9,f16	  f9:0x00041fe4 f16:0x80000000 f12=0x00041fe4
     121805.000 ns	     12179	80002d1c	d00f3853	fcvt.s.w	f16,x30	 x30:0x00000000 f16=0x00000000
     121825.000 ns	     12181	80002d20	1119f213	andi	x4,x19,273	 x19:0x0000024f  x4=0x00000001
     121845.000 ns	     12183	80002d24	20651953	fsgnjn.s	f18,f10,f6	 f10:0x80000000  f6:0x80041fe4 f18=0x00000000
     121865.000 ns	     12185	80002d28	00000013	addi	x0,x0,0	  x0:0x00000000
     121885.000 ns	     12187	80002d2c	d00549d3	fcvt.s.w	f19,x10	 x10:0xc0000068 f19=0xce7ffffe
     121915.000 ns	     12190	80002d30	d00f1cd3	fcvt.s.w	f25,x30	 x30:0x00000000 f25=0x00000000
     121935.000 ns	     12192	80002d34	0c90bf93	sltiu	x31,x1,201	  x1:0x80040bd7 x31=0x00000000
     121945.000 ns	     12193	80002d38	8bfc6213	ori	x4,x24,-1857	 x24:0x00000001  x4=0xfffff8bf
     121955.000 ns	     12194	80002d3c	00ab3733	sltu	x14,x22,x10	 x22:0x4eff8000 x10:0xc0000068 x14=0x00000001
     121995.000 ns	     12198	80002d40	0096c053	fadd.s	f0,f13,f9	 f13:0x4cfffff8  f9:0x00041fe4  f0=0x4cfffff8
     122015.000 ns	     12200	80002d44	013ecfb3	xor	x31,x29,x19	 x29:0x00082048 x19:0x0000024f x31=0x00082207
     122035.000 ns	     12202	80002d48	c0054953	fcvt.w.s	x18,f10	 f10:0x80000000 x18=0x00000000
     122085.000 ns	     12207	80002d4c	01e59bd3	fadd.s	f23,f11,f30	 f11:0x80000000 f30:0x00000000 f23=0x00000000
     122115.000 ns	     12210	80002d50	e0051953	fclass.s	x18,f10	 f10:0x80000000 x18=0x00000008
     122145.000 ns	     12213	80002d54	29229853	fmax.s	f16,f5,f18	  f5:0x41350482 f18:0x00000000 f16=0x41350482
     122175.000 ns	     12216	80002d58	d01bf0d3	fcvt.s.wu	f1,x23	 x23:0x00000415  f1=0x4482a000
     122215.000 ns	     12220	80002d5c	1018f4d3	fmul.s	f9,f17,f1	 f17:0x4203a297  f1:0xffc00000  f9=0x470655ac
     123395.000 ns	     12338	80002d60	580ff8d3	fsqrt.s	f17,f31	 f31:0x4f400000 f17=0x4707c3ac
     123415.000 ns	     12340	80002d64	013e54b3	srl	x9,x28,x19	 x28:0x80040fe4 x19:0x0000024f  x9=0x00010008
     123445.000 ns	     12343	80002d68	10c33ed3	fmul.s	f29,f6,f12	  f6:0x80041fe4 f12:0x00041fe4 f29=0x80000000
     123475.000 ns	     12346	80002d6c	03543db3	mulhu	x27,x8,x21	  x8:0x00000000 x21:0x00000001 x27=0x00000000
     123515.000 ns	     12350	80002d70	5809f453	fsqrt.s	f8,f19	 f19:0xce7ffffe  f8=0x7fc00000
     123545.000 ns	     12353	80002d74	a02705d3	fle.s	x11,f14,f2	 f14:0xc2800000  f2:0x80000000 x11=0x00000001
     123575.000 ns	     12356	80002d78	021a16b3	mulh	x13,x20,x1	 x20:0x000002ee  x1:0x80040bd7 x13=0xfffffe89
     123595.000 ns	     12358	80002d7c	61388393	addi	x7,x17,1555	 x17:0x000002ee  x7=0x00000901
     123605.000 ns	     12359	80002d80	0185da93	srli	x21,x11,0x18	 x11:0x00000001 x21=0x00000000
     123615.000 ns	     12360	80002d84	004a30b3	sltu	x1,x20,x4	 x20:0x000002ee  x4:0xfffff8bf  x1=0x00000001
     123635.000 ns	     12362	80002d88	03f3ab33	mulhsu	x22,x7,x31	  x7:0x00000901 x31:0x00082207 x22=0x00000000
     124655.000 ns	     12464	80002d8c	5808ffd3	fsqrt.s	f31,f17	 f17:0x4707c3ac f31=0x42bfff60
     124685.000 ns	     12467	80002d90	c0007853	fcvt.w.s	x16,f0	  f0:0x4cfffff8 x16=0x07ffffc0
     124705.000 ns	     12469	80002d94	41e85f13	srai	x30,x16,0x1e	 x16:0x00180000 x30=0x00000000
     124725.000 ns	     12471	80002d98	a0f888d3	fle.s	x17,f17,f15	 f17:0x4707c3ac f15:0xb503a298 x17=0x00000000
     124745.000 ns	     12473	80002d9c	01f59c13	slli	x24,x11,0x1f	 x11:0x00000001 x24=0x80000000
     124765.000 ns	     12475	80002da0	28a485d3	fmin.s	f11,f9,f10	  f9:0x470655ac f10:0x80000000 f11=0x80000000
     124785.000 ns	     12477	80002da4	003f9993	slli	x19,x31,0x3	 x31:0x00082207 x19=0x00411038
     125955.000 ns	     12594	80002da8	58029453	fsqrt.s	f8,f5	  f5:0x41350482  f8=0x3fffff22
     125985.000 ns	     12597	80002dac	a1eaa6d3	feq.s	x13,f21,f30	 f21:0x00000000 f30:0x00000000 x13=0x00000001
     126005.000 ns	     12599	80002db0	008f2b33	slt	x22,x30,x8	 x30:0x00000000  x8:0x00000000 x22=0x00000000
     126025.000 ns	     12601	80002db4	e0029053	fclass.s	x0,f5	  f5:0x41350482
     126055.000 ns	     12604	80002db8	d0057cd3	fcvt.s.w	f25,x10	 x10:0xc0000068 f25=0xce7ffffe
     126075.000 ns	     12606	80002dbc	0117e9b3	or	x19,x15,x17	 x15:0x00000002 x17:0x00000000 x19=0x00000002
     126085.000 ns	     12607	80002dc0	77837393	andi	x7,x6,1912	  x6:0x80041024  x7=0x00000020
     126095.000 ns	     12608	80002dc4	cff29f17	auipc	x30,0xcff29	 x30=0x4ff2bdc4
     126105.000 ns	     12609	80002dc8	96ec0b13	addi	x22,x24,-1682	 x24:0x80000000 x22=0x7ffff96e
     126115.000 ns	     12610	80002dcc	0162db33	srl	x22,x5,x22	  x5:0x00000000 x22:0x00000000 x22=0x00000000
     126145.000 ns	     12613	80002dd0	5809fcd3	fsqrt.s	f25,f19	 f19:0xce7ffffe f25=0x7fc00000
     126165.000 ns	     12615	80002dd4	5a59e713	ori	x14,x19,1445	 x19:0x00000002 x14=0x000005a7
     126205.000 ns	     12619	80002dd8	00c6f8d3	fadd.s	f17,f13,f12	 f13:0x4cfffff8 f12:0x00041fe4 f17=0x4cfffff8
     126235.000 ns	     12622	80002ddc	e00989d3	fmv.x.w	x19,f19	 f19:0xce7ffffe x19=0xce7ffffe
     126265.000 ns	     12625	80002de0	d004f7d3	fcvt.s.w	f15,x9	  x9:0x00010008 f15=0x47800400
     126295.000 ns	     12628	80002de4	02a23033	mulhu	x0,x4,x10	  x4:0xfffff8bf x10:0xc0000068
     126315.000 ns	     12630	80002de8	01e8feb3	and	x29,x17,x30	 x17:0x00000000 x30:0x4ff2bdc4 x29=0x00000000
     126335.000 ns	     12632	80002dec	e0099153	fclass.s	x2,f19	 f19:0xce7ffffe  x2=0x00000002
     126355.000 ns	     12634	80002df0	40c25713	srai	x14,x4,0xc	  x4:0xfffff8bf x14=0xffffffff
     126375.000 ns	     12636	80002df4	202b8c53	fsgnj.s	f24,f23,f2	 f23:0x00000000  f2:0x80000000 f24=0x80000000
     126395.000 ns	     12638	80002df8	004072b3	and	x5,x0,x4	  x0:0x00000000  x4:0xfffff8bf  x5=0x00000000
     126415.000 ns	     12640	80002dfc	a03f9c53	flt.s	x24,f31,f3	 f31:0x42bfff60  f3:0x00000000 x24=0x00000000
     126445.000 ns	     12643	80002e00	a0eb0ad3	fle.s	x21,f22,f14	 f22:0x80000000 f14:0xc2800000 x21=0x00000000
     126475.000 ns	     12646	80002e04	03f2adb3	mulhsu	x27,x5,x31	  x5:0x00000000 x31:0x00082207 x27=0x00000000
     126505.000 ns	     12649	80002e08	a1811ad3	flt.s	x21,f2,f24	  f2:0x80000000 f24:0x80000000 x21=0x00000000
     126525.000 ns	     12651	80002e0c	d77e8a37	lui	x20,0xd77e8	 x20=0xd77e8000
     126565.000 ns	     12655	80002e10	00063653	fadd.s	f12,f12,f0	 f12:0x00041fe4  f0:0x4cfffff8 f12=0x4cfffff8
     126595.000 ns	     12658	80002e14	d00cfad3	fcvt.s.w	f21,x25	 x25:0x00000008 f21=0x41000000
     126615.000 ns	     12660	80002e18	002cd113	srli	x2,x25,0x2	 x25:0x00000008  x2=0x00000002
     126635.000 ns	     12662	80002e1c	a1470dd3	fle.s	x27,f14,f20	 f14:0xc2800000 f20:0x4cfffff8 x27=0x00000001
     126655.000 ns	     12664	80002e20	c1705d37	lui	x26,0xc1705	 x26=0xc1705000
     126665.000 ns	     12665	80002e24	7373c093	xori	x1,x7,1847	  x7:0x00000020  x1=0x00000717
     126675.000 ns	     12666	80002e28	41448db3	sub	x27,x9,x20	  x9:0x00010008 x20:0xd77e8000 x27=0x28828008
     126685.000 ns	     12667	80002e2c	97d23613	sltiu	x12,x4,-1667	  x4:0xfffff8bf x12=0x00000001
     126705.000 ns	     12669	80002e30	024f8533	mul	x10,x31,x4	 x31:0x00082207  x4:0xfffff8bf x10=0xc5012b39
     126725.000 ns	     12671	80002e34	006f1f13	slli	x30,x30,0x6	 x30:0x4ff2bdc4 x30=0xfcaf7100
     126765.000 ns	     12675	80002e38	09977453	fsub.s	f8,f14,f25	 f14:0xc2800000 f25:0x7fc00000  f8=0x7fc00000
     126795.000 ns	     12678	80002e3c	a02802d3	fle.s	x5,f16,f2	 f16:0x41350482  f2:0x80000000  x5=0x00000000
     126815.000 ns	     12680	80002e40	00df9ab3	sll	x21,x31,x13	 x31:0x00082207 x13:0x00000001 x21=0x0010440e
     126835.000 ns	     12682	80002e44	c0051953	fcvt.w.s	x18,f10	 f10:0x80000000 x18=0x00000000
     126855.000 ns	     12684	80002e48	00fd35b3	sltu	x11,x26,x15	 x26:0xc1705000 x15:0x00000002 x11=0x00000000
     126875.000 ns	     12686	80002e4c	200a28d3	fsgnjx.s	f17,f20,f0	 f20:0x4cfffff8  f0:0x4cfffff8 f17=0x4cfffff8
     126895.000 ns	     12688	80002e50	01536c33	or	x24,x6,x21	  x6:0x80041024 x21:0x0010440e x24=0x8014542e
     126915.000 ns	     12690	80002e54	02660eb3	mul	x29,x12,x6	 x12:0x00000001  x6:0x80041024 x29=0x80041024
     126935.000 ns	     12692	80002e58	003cb933	sltu	x18,x25,x3	 x25:0x00000008  x3:0xc0000000 x18=0x00000001
     126955.000 ns	     12694	80002e5c	02e21fb3	mulh	x31,x4,x14	  x4:0xfffff8bf x14:0xffffffff x31=0x00000000
     126985.000 ns	     12697	80002e60	2177a853	fsgnjx.s	f16,f15,f23	 f15:0x47800400 f23:0x00000000 f16=0x47800400
     127355.000 ns	     12734	80002e64	0338dcb3	divu	x25,x17,x19	 x17:0x00000000 x19:0xce7ffffe x25=0x00000000
     127375.000 ns	     12736	80002e68	01647c33	and	x24,x8,x22	  x8:0x00000000 x22:0x00000000 x24=0x00000000
     127385.000 ns	     12737	80002e6c	a622fb17	auipc	x22,0xa622f	 x22=0x26231e6c
     127405.000 ns	     12739	80002e70	c01331d3	fcvt.wu.s	x3,f6	  f6:0x80041fe4  x3=0x00000000
     127435.000 ns	     12742	80002e74	02933a33	mulhu	x20,x6,x9	  x6:0x80041024  x9:0x00010008 x20=0x00008008
     127475.000 ns	     12746	80002e78	580f4f53	fsqrt.s	f30,f30	 f30:0x00000000 f30=0x00000000
     127515.000 ns	     12750	80002e7c	102e04d3	fmul.s	f9,f28,f2	 f28:0x80000000  f2:0x80000000  f9=0x00000000
     127545.000 ns	     12753	80002e80	e00d9b53	fclass.s	x22,f27	 f27:0x80000000 x22=0x00000008
     127565.000 ns	     12755	80002e84	00710433	add	x8,x2,x7	  x2:0x00000002  x7:0x00000020  x8=0x00000022
     127585.000 ns	     12757	80002e88	027c9db3	mulh	x27,x25,x7	 x25:0x00000000  x7:0x00000020 x27=0x00000000
     127615.000 ns	     12760	80002e8c	027e36b3	mulhu	x13,x28,x7	 x28:0x80040fe4  x7:0x00000020 x13=0x00000010
     127645.000 ns	     12763	80002e90	d00620d3	fcvt.s.w	f1,x12	 x12:0x00000001  f1=0x3f800000
     127675.000 ns	     12766	80002e94	e00f8bd3	fmv.x.w	x23,f31	 f31:0x42bfff60 x23=0x42bfff60
     127695.000 ns	     12768	80002e98	00595093	srli	x1,x18,0x5	 x18:0x00000001  x1=0x00000000
     127705.000 ns	     12769	80002e9c	7c2aad93	slti	x27,x21,1986	 x21:0x0010440e x27=0x00000000
     127715.000 ns	     12770	80002ea0	01fcb033	sltu	x0,x25,x31	 x25:0x00000000 x31:0x00000000
     128075.000 ns	     12806	80002ea4	02a266b3	rem	x13,x4,x10	  x4:0xfffff8bf x10:0xc5012b39 x13=0xfffff8bf
     128095.000 ns	     12808	80002ea8	40875fb3	sra	x31,x14,x8	 x14:0xffffffff  x8:0x00000022 x31=0xffffffff
     128115.000 ns	     12810	80002eac	28c116d3	fmax.s	f13,f2,f12	  f2:0x80000000 f12:0x4cfffff8 f13=0x4cfffff8
     128145.000 ns	     12813	80002eb0	c0062fd3	fcvt.w.s	x31,f12	 f12:0x4cfffff8 x31=0x07ffffc0
     128165.000 ns	     12815	80002eb4	0132abb3	slt	x23,x5,x19	  x5:0x00000000 x19:0xce7ffffe x23=0x00000000
     128175.000 ns	     12816	80002eb8	41925eb3	sra	x29,x4,x25	  x4:0xfffff8bf x25:0x00000000 x29=0xfffff8bf
     128195.000 ns	     12818	80002ebc	023b85b3	mul	x11,x23,x3	 x23:0x42bfff60  x3:0x00000000 x11=0x00000000
     128225.000 ns	     12821	80002ec0	c0197fd3	fcvt.wu.s	x31,f18	 f18:0x00000000 x31=0x00000000
     128255.000 ns	     12824	80002ec4	e0059553	fclass.s	x10,f11	 f11:0x80000000 x10=0x00000008
     128275.000 ns	     12826	80002ec8	8d610013	addi	x0,x2,-1834	  x2:0x00000002
     128285.000 ns	     12827	80002ecc	00449213	slli	x4,x9,0x4	  x9:0x00010008  x4=0x00100080
     128295.000 ns	     12828	80002ed0	00000013	addi	x0,x0,0	  x0:0x00000000
     128315.000 ns	     12830	80002ed4	f0028753	fmv.w.x	f14,x5	  x5:0x00000000 f14=0x00000000
     128335.000 ns	     12832	80002ed8	00fec0b3	xor	x1,x29,x15	 x29:0xfffff8bf x15:0x00000002  x1=0xfffff8bd
     128695.000 ns	     12868	80002edc	029acfb3	div	x31,x21,x9	 x21:0x0010440e  x9:0x00010008 x31=0x00000010
     128715.000 ns	     12870	80002ee0	2917ab13	slti	x22,x15,657	 x15:0x00000002 x22=0x00000001
     128735.000 ns	     12872	80002ee4	286e9a53	fmax.s	f20,f29,f6	 f29:0x80000000  f6:0x80041fe4 f20=0x80000000
     128755.000 ns	     12874	80002ee8	405781b3	sub	x3,x15,x5	 x15:0x00000002  x5:0x00000000  x3=0x00000002
     128775.000 ns	     12876	80002eec	21d88353	fsgnj.s	f6,f17,f29	 f17:0x4cfffff8 f29:0x80000000  f6=0xccfffff8
     128815.000 ns	     12880	80002ef0	580efdd3	fsqrt.s	f27,f29	 f29:0x80000000 f27=0x80000000
     128835.000 ns	     12882	80002ef4	01c45893	srli	x17,x8,0x1c	  x8:0x00000022 x17=0x00000000
     128845.000 ns	     12883	80002ef8	406cd813	srai	x16,x25,0x6	 x25:0x00000000 x16=0x00000000
     128865.000 ns	     12885	80002efc	e0011953	fclass.s	x18,f2	  f2:0x80000000 x18=0x00000008
     128895.000 ns	     12888	80002f00	a1b4a5d3	feq.s	x11,f9,f27	  f9:0x00000000 f27:0x80000000 x11=0x00000001
     128915.000 ns	     12890	80002f04	0150bf33	sltu	x30,x1,x21	  x1:0xfffff8bd x21:0x0010440e x30=0x00000000
     128925.000 ns	     12891	80002f08	01091513	slli	x10,x18,0x10	 x18:0x00000008 x10=0x00080000
     128945.000 ns	     12893	80002f0c	a1028f53	fle.s	x30,f5,f16	  f5:0x41350482 f16:0x47800400 x30=0x00000001
     128975.000 ns	     12896	80002f10	034c8033	mul	x0,x25,x20	 x25:0x00000000 x20:0x00008008
     128995.000 ns	     12898	80002f14	11c296b7	lui	x13,0x11c29	 x13=0x11c29000
     129005.000 ns	     12899	80002f18	da4159b7	lui	x19,0xda415	 x19=0xda415000
     129045.000 ns	     12903	80002f1c	01b47153	fadd.s	f2,f8,f27	  f8:0x7fc00000 f27:0x80000000  f2=0x7fc00000
     129065.000 ns	     12905	80002f20	46a2e493	ori	x9,x5,1130	  x5:0x00000000  x9=0x0000046a
     129085.000 ns	     12907	80002f24	d0047953	fcvt.s.w	f18,x8	  x8:0x00000022 f18=0x42080000
     129115.000 ns	     12910	80002f28	0332abb3	mulhsu	x23,x5,x19	  x5:0x00000000 x19:0xda415000 x23=0x00000000
     129135.000 ns	     12912	80002f2c	00c79933	sll	x18,x15,x12	 x15:0x00000002 x12:0x00000001 x18=0x00000004
     129155.000 ns	     12914	80002f30	e00f9cd3	fclass.s	x25,f31	 f31:0x42bfff60 x25=0x00000040
     129185.000 ns	     12917	80002f34	2013a553	fsgnjx.s	f10,f7,f1	  f7:0xceff8000  f1:0x3f800000 f10=0xceff8000
     129205.000 ns	     12919	80002f38	400e0933	sub	x18,x28,x0	 x28:0x80040fe4  x0:0x00000000 x18=0x80040fe4
     129215.000 ns	     12920	80002f3c	01565933	srl	x18,x12,x21	 x12:0x00000001 x21:0x0010440e x18=0x00000000
     129225.000 ns	     12921	80002f40	01922833	slt	x16,x4,x25	  x4:0x00100080 x25:0x00000040 x16=0x00000000
     129245.000 ns	     12923	80002f44	03786733	rem	x14,x16,x23	 x16:0x00000000 x23:0x00000000 x14=0x00000000
     129275.000 ns	     12926	80002f48	d0138353	fcvt.s.wu	f6,x7	  x7:0x00000020  f6=0x42000000
     129295.000 ns	     12928	80002f4c	93e3a993	slti	x19,x7,-1730	  x7:0x00000020 x19=0x00000000
     129305.000 ns	     12929	80002f50	408802b3	sub	x5,x16,x8	 x16:0x00000000  x8:0x00000022  x5=0xffffffde
     129345.000 ns	     12933	80002f54	000fa6d3	fadd.s	f13,f31,f0	 f31:0x42bfff60  f0:0x4cfffff8 f13=0x4d000001
     129375.000 ns	     12936	80002f58	c0129253	fcvt.wu.s	x4,f5	  f5:0x41350482  x4=0x0000000b
     129405.000 ns	     12939	80002f5c	039a1cb3	mulh	x25,x20,x25	 x20:0x00008008 x25:0x00000040 x25=0x00000000
     129425.000 ns	     12941	80002f60	00b9c733	xor	x14,x19,x11	 x19:0x00000000 x11:0x00000001 x14=0x00000001
     129435.000 ns	     12942	80002f64	00e081b3	add	x3,x1,x14	  x1:0xfffff8bd x14:0x00000000  x3=0xfffff8be
     129455.000 ns	     12944	80002f68	e00c96d3	fclass.s	x13,f25	 f25:0x7fc00000 x13=0x00000200
     129825.000 ns	     12981	80002f6c	02525cb3	divu	x25,x4,x5	  x4:0x0000000b  x5:0xffffffde x25=0x00000000
     129855.000 ns	     12984	80002f70	03029c33	mulh	x24,x5,x16	  x5:0xffffffde x16:0x00000000 x24=0x00000000
     129875.000 ns	     12986	80002f74	606173b7	lui	x7,0x60617	  x7=0x60617000
     129885.000 ns	     12987	80002f78	00d17433	and	x8,x2,x13	  x2:0x00000002 x13:0x00000200  x8=0x00000000
     129895.000 ns	     12988	80002f7c	41dd05b3	sub	x11,x26,x29	 x26:0xc1705000 x29:0xfffff8bf x11=0xc1705741
     129935.000 ns	     12992	80002f80	0038f9d3	fadd.s	f19,f17,f3	 f17:0x4cfffff8  f3:0x00000000 f19=0x4cfffff8
     129955.000 ns	     12994	80002f84	00159013	slli	x0,x11,0x1	 x11:0x00000001
     129975.000 ns	     12996	80002f88	c00ff953	fcvt.w.s	x18,f31	 f31:0x42bfff60 x18=0x0000005f
     130345.000 ns	     13033	80002f8c	02a8ccb3	div	x25,x17,x10	 x17:0x00000000 x10:0x00080000 x25=0x00000000
     130365.000 ns	     13035	80002f90	2a8883b7	lui	x7,0x2a888	  x7=0x2a888000
     130385.000 ns	     13037	80002f94	03e01eb3	mulh	x29,x0,x30	  x0:0x00000000 x30:0x00000001 x29=0x00000000
     130405.000 ns	     13039	80002f98	00d09cb3	sll	x25,x1,x13	  x1:0xfffff8bd x13:0x00000200 x25=0xfffff8bd
     130425.000 ns	     13041	80002f9c	e00014d3	fclass.s	x9,f0	  f0:0x4cfffff8  x9=0x00000040
     130465.000 ns	     13045	80002fa0	580ef653	fsqrt.s	f12,f29	 f29:0x80000000 f12=0x80000000
     130835.000 ns	     13082	80002fa4	03eaf933	remu	x18,x21,x30	 x21:0x0010440e x30:0x00000001 x18=0x00000000
     130855.000 ns	     13084	80002fa8	01679513	slli	x10,x15,0x16	 x15:0x00000002 x10=0x00800000
     130875.000 ns	     13086	80002fac	039f0a33	mul	x20,x30,x25	 x30:0x00000001 x25:0xfffff8bd x20=0xfffff8bd
     130905.000 ns	     13089	80002fb0	e0091753	fclass.s	x14,f18	 f18:0x42080000 x14=0x00000040
     130925.000 ns	     13091	80002fb4	5063f693	andi	x13,x7,1286	  x7:0x2a888000 x13=0x00000000
     130935.000 ns	     13092	80002fb8	01af43b3	xor	x7,x30,x26	 x30:0x00000001 x26:0xc1705000  x7=0xc1705001
     130955.000 ns	     13094	80002fbc	037fa9b3	mulhsu	x19,x31,x23	 x31:0x00000010 x23:0x00000000 x19=0x00000000
     130985.000 ns	     13097	80002fc0	a002aad3	feq.s	x21,f5,f0	  f5:0x41350482  f0:0x4cfffff8 x21=0x00000000
     131015.000 ns	     13100	80002fc4	026c2933	mulhsu	x18,x24,x6	 x24:0x00000000  x6:0x80041024 x18=0x00000000
     131045.000 ns	     13103	80002fc8	21142753	fsgnjx.s	f14,f8,f17	  f8:0x7fc00000 f17:0x4cfffff8 f14=0x7fc00000
     131075.000 ns	     13106	80002fcc	c00271d3	fcvt.w.s	x3,f4	  f4:0x00000000  x3=0x00000000
     132255.000 ns	     13224	80002fd0	5809c453	fsqrt.s	f8,f19	 f19:0x4cfffff8  f8=0x463504a8
     132275.000 ns	     13226	80002fd4	01e9ebb3	or	x23,x19,x30	 x19:0x00000000 x30:0x00000001 x23=0x00000001
     132295.000 ns	     13228	80002fd8	29861f53	fmax.s	f30,f12,f24	 f12:0x80000000 f24:0x80000000 f30=0x80000000
     132325.000 ns	     13231	80002fdc	a19780d3	fle.s	x1,f15,f25	 f15:0x47800400 f25:0x7fc00000  x1=0x00000000
     133505.000 ns	     13349	80002fe0	580974d3	fsqrt.s	f9,f18	 f18:0x42080000  f9=0x404054b4
     133535.000 ns	     13352	80002fe4	e00e9dd3	fclass.s	x27,f29	 f29:0x80000000 x27=0x00000008
     133555.000 ns	     13354	80002fe8	002e2733	slt	x14,x28,x2	 x28:0x80040fe4  x2:0x00000002 x14=0x00000001
     133565.000 ns	     13355	80002fec	41105293	srai	x5,x0,0x11	  x0:0x00000000  x5=0x00000000
     133895.000 ns	     13388	80002ff0	18708c53	fdiv.s	f24,f1,f7	  f1:0x3f800000  f7:0xceff8000 f24=0xb0000000
     133915.000 ns	     13390	80002ff4	2f4b4813	xori	x16,x22,756	 x22:0x00000001 x16=0x000002f5
     133935.000 ns	     13392	80002ff8	280685d3	fmin.s	f11,f13,f0	 f13:0x4d000001  f0:0x4cfffff8 f11=0x4cfffff8
     133965.000 ns	     13395	80002ffc	28d909d3	fmin.s	f19,f18,f13	 f18:0x42080000 f13:0x4d000001 f19=0x42080000
     133985.000 ns	     13397	80003000	f3d5a693	slti	x13,x11,-195	 x11:0xc1705741 x13=0x00000001
     134005.000 ns	     13399	80003004	28b686d3	fmin.s	f13,f13,f11	 f13:0x4d000001 f11:0x4cfffff8 f13=0x4cfffff8
     134035.000 ns	     13402	80003008	20741fd3	fsgnjn.s	f31,f8,f7	  f8:0x463504a8  f7:0xceff8000 f31=0x463504a8
     134065.000 ns	     13405	8000300c	a05c0ed3	fle.s	x29,f24,f5	 f24:0xb0000000  f5:0x41350482 x29=0x00000001
     134435.000 ns	     13442	80003010	03b0e5b3	rem	x11,x1,x27	  x1:0x00000000 x27:0x00000008 x11=0x00000000
     134465.000 ns	     13445	80003014	a1cd0cd3	fle.s	x25,f26,f28	 f26:0x00000000 f28:0x80000000 x25=0x00000001
     134495.000 ns	     13448	80003018	03a92633	mulhsu	x12,x18,x26	 x18:0x00000000 x26:0xc1705000 x12=0x00000000
     134525.000 ns	     13451	8000301c	20a08353	fsgnj.s	f6,f1,f10	  f1:0x3f800000 f10:0xceff8000  f6=0xbf800000
     134545.000 ns	     13453	80003020	40f0d0b3	sra	x1,x1,x15	  x1:0x00000000 x15:0x00000002  x1=0x00000000
     134555.000 ns	     13454	80003024	00000013	addi	x0,x0,0	  x0:0x00000000
     134575.000 ns	     13456	80003028	21e88053	fsgnj.s	f0,f17,f30	 f17:0x4cfffff8 f30:0x80000000  f0=0xccfffff8
     134615.000 ns	     13460	8000302c	19ce4b53	fdiv.s	f22,f28,f28	 f28:0x80000000 f28:0x80000000 f22=0x7fc00000
     134645.000 ns	     13463	80003030	0359c933	div	x18,x19,x21	 x19:0x00000000 x21:0x00000000 x18=0xffffffff
     134665.000 ns	     13465	80003034	76ab0b13	addi	x22,x22,1898	 x22:0x00000001 x22=0x0000076b
     134685.000 ns	     13467	80003038	20999cd3	fsgnjn.s	f25,f19,f9	 f19:0x42080000  f9:0x404054b4 f25=0xc2080000
     134705.000 ns	     13469	8000303c	018af433	and	x8,x21,x24	 x21:0x00000000 x24:0x00000000  x8=0x00000000
     134715.000 ns	     13470	80003040	01b982b3	add	x5,x19,x27	 x19:0x00000000 x27:0x00000008  x5=0x00000008
     134735.000 ns	     13472	80003044	21112753	fsgnjx.s	f14,f2,f17	  f2:0x7fc00000 f17:0x4cfffff8 f14=0x7fc00000
     134755.000 ns	     13474	80003048	7e682a13	slti	x20,x16,2022	 x16:0x000002f5 x20=0x00000001
     134765.000 ns	     13475	8000304c	004051b3	srl	x3,x0,x4	  x0:0x00000000  x4:0x0000000b  x3=0x00000000
     134775.000 ns	     13476	80003050	6ca38513	addi	x10,x7,1738	  x7:0xc1705001 x10=0xc17056cb
     134795.000 ns	     13478	80003054	f00900d3	fmv.w.x	f1,x18	 x18:0xffffffff  f1=0xffffffff
     134825.000 ns	     13481	80003058	02c6e533	rem	x10,x13,x12	 x13:0x00000001 x12:0x00000000 x10=0x00000001
     134875.000 ns	     13486	8000305c	090bf353	fsub.s	f6,f23,f16	 f23:0x00000000 f16:0x47800400  f6=0xc7800400
     135245.000 ns	     13523	80003060	02926bb3	rem	x23,x4,x9	  x4:0x0000000b  x9:0x00000040 x23=0x0000000b
     135275.000 ns	     13526	80003064	d01cfe53	fcvt.s.wu	f28,x25	 x25:0x00000001 f28=0x3f800000
     135325.000 ns	     13531	80003068	0013f3d3	fadd.s	f7,f7,f1	  f7:0xceff8000  f1:0xffffffff  f7=0x7fc00000
     135345.000 ns	     13533	8000306c	01ab5db3	srl	x27,x22,x26	 x22:0x0000076b x26:0xc1705000 x27=0x0000076b
     135365.000 ns	     13535	80003070	c00cf3d3	fcvt.w.s	x7,f25	 f25:0xc2080000  x7=0x00000022
     135385.000 ns	     13537	80003074	01c69913	slli	x18,x13,0x1c	 x13:0x00000001 x18=0x10000000
     135405.000 ns	     13539	80003078	d0030153	fcvt.s.w	f2,x6	  x6:0x80041024  f2=0xcefff7df
     135435.000 ns	     13542	8000307c	f00904d3	fmv.w.x	f9,x18	 x18:0xffffffff  f9=0x10000000
     135455.000 ns	     13544	80003080	5ec2a993	slti	x19,x5,1516	  x5:0x00000008 x19=0x00000001
     135815.000 ns	     13580	80003084	02d5ddb3	divu	x27,x11,x13	 x11:0x00000000 x13:0x00000001 x27=0x00000000
     135835.000 ns	     13582	80003088	40108733	sub	x14,x1,x1	  x1:0x00000000  x1:0x00000000 x14=0x00000000
     135855.000 ns	     13584	8000308c	294983d3	fmin.s	f7,f19,f20	 f19:0x42080000 f20:0x80000000  f7=0x80000000
     135885.000 ns	     13587	80003090	e00289d3	fmv.x.w	x19,f5	  f5:0x41350482 x19=0x41350482
     135905.000 ns	     13589	80003094	00839b93	slli	x23,x7,0x8	  x7:0x00000022 x23=0x00002200
     135915.000 ns	     13590	80003098	621e3c93	sltiu	x25,x28,1569	 x28:0x80040fe4 x25=0x00000000
     135935.000 ns	     13592	8000309c	c00afad3	fcvt.w.s	x21,f21	 f21:0x41000000 x21=0x00000008
     135965.000 ns	     13595	800030a0	a09c8953	fle.s	x18,f25,f9	 f25:0xc2080000  f9:0x10000000 x18=0x00000001
     135995.000 ns	     13598	800030a4	21d58553	fsgnj.s	f10,f11,f29	 f11:0x4cfffff8 f29:0x80000000 f10=0xccfffff8
     136015.000 ns	     13600	800030a8	a4893493	sltiu	x9,x18,-1464	 x18:0x00000001  x9=0x00000001
     136035.000 ns	     13602	800030ac	e00714d3	fclass.s	x9,f14	 f14:0x7fc00000  x9=0x00000200
     136065.000 ns	     13605	800030b0	02828233	mul	x4,x5,x8	  x5:0x00000008  x8:0x00000000  x4=0x00000000
     136095.000 ns	     13608	800030b4	a0e009d3	fle.s	x19,f0,f14	  f0:0xccfffff8 f14:0x7fc00000 x19=0x00000000
     136125.000 ns	     13611	800030b8	e00c8653	fmv.x.w	x12,f25	 f25:0xc2080000 x12=0xc2080000
     136155.000 ns	     13614	800030bc	03b50d33	mul	x26,x10,x27	 x10:0x00000001 x27:0x00000000 x26=0x00000000
     136205.000 ns	     13619	800030c0	08779fd3	fsub.s	f31,f15,f7	 f15:0x47800400  f7:0x80000000 f31=0x47800400
     136225.000 ns	     13621	800030c4	40bc5193	srai	x3,x24,0xb	 x24:0x00000000  x3=0x00000000
     136235.000 ns	     13622	800030c8	002af3b3	and	x7,x21,x2	 x21:0x00000008  x2:0x00000002  x7=0x00000000
     136265.000 ns	     13625	800030cc	580cf653	fsqrt.s	f12,f25	 f25:0xc2080000 f12=0x7fc00000
     137405.000 ns	     13739	800030d0	5807cc53	fsqrt.s	f24,f15	 f15:0x47800400 f24=0x438001d8
     137435.000 ns	     13742	800030d4	a0a99253	flt.s	x4,f19,f10	 f19:0x42080000 f10:0xccfffff8  x4=0x00000000
     137485.000 ns	     13747	800030d8	08e7f153	fsub.s	f2,f15,f14	 f15:0x47800400 f14:0x7fc00000  f2=0x7fc00000
     137515.000 ns	     13750	800030dc	c013f4d3	fcvt.wu.s	x9,f7	  f7:0x80000000  x9=0x00000000
     137545.000 ns	     13753	800030e0	205c2c53	fsgnjx.s	f24,f24,f5	 f24:0x438001d8  f5:0x41350482 f24=0x438001d8
     137575.000 ns	     13756	800030e4	202aa353	fsgnjx.s	f6,f21,f2	 f21:0x41000000  f2:0x7fc00000  f6=0x41000000
     137605.000 ns	     13759	800030e8	f0028153	fmv.w.x	f2,x5	  x5:0x00000008  f2=0x00000008
     137975.000 ns	     13796	800030ec	03fe5eb3	divu	x29,x28,x31	 x28:0x80040fe4 x31:0x00000010 x29=0x080040fe
     137995.000 ns	     13798	800030f0	41bc8233	sub	x4,x25,x27	 x25:0x00000000 x27:0x00000000  x4=0x00000000
     138005.000 ns	     13799	800030f4	01b15cb3	srl	x25,x2,x27	  x2:0x00000002 x27:0x00000000 x25=0x00000002
     138025.000 ns	     13801	800030f8	a10c8053	fle.s	x0,f25,f16	 f25:0xc2080000 f16:0x47800400
     138045.000 ns	     13803	800030fc	9b71dd37	lui	x26,0x9b71d	 x26=0x9b71d000
     138055.000 ns	     13804	80003100	007d2233	slt	x4,x26,x7	 x26:0x00000000  x7:0x00000000  x4=0x00000001
     138075.000 ns	     13806	80003104	21dfa353	fsgnjx.s	f6,f31,f29	 f31:0x47800400 f29:0x80000000  f6=0xc7800400
     138105.000 ns	     13809	80003108	217226d3	fsgnjx.s	f13,f4,f23	  f4:0x00000000 f23:0x00000000 f13=0x00000000
     138125.000 ns	     13811	8000310c	013e6633	or	x12,x28,x19	 x28:0x80040fe4 x19:0x00000000 x12=0x80040fe4
     138145.000 ns	     13813	80003110	f00a0dd3	fmv.w.x	f27,x20	 x20:0x00000001 f27=0x00000001
     138175.000 ns	     13816	80003114	e00b8f53	fmv.x.w	x30,f23	 f23:0x00000000 x30=0x00000000
     138205.000 ns	     13819	80003118	c00df9d3	fcvt.w.s	x19,f27	 f27:0x00000001 x19=0x00000000
     138225.000 ns	     13821	8000311c	00b7c2b3	xor	x5,x15,x11	 x15:0x00000002 x11:0x00000000  x5=0x00000002
     138255.000 ns	     13824	80003120	1197f453	fmul.s	f8,f15,f25	 f15:0x47800400 f25:0xc2080000  f8=0xca080440
     138285.000 ns	     13827	80003124	285a84d3	fmin.s	f9,f21,f5	 f21:0x41000000  f5:0x41350482  f9=0x41000000
     138315.000 ns	     13830	80003128	d01cffd3	fcvt.s.wu	f31,x25	 x25:0x00000002 f31=0x40000000
     138345.000 ns	     13833	8000312c	c0153453	fcvt.wu.s	x8,f10	 f10:0xccfffff8  x8=0x07ffffc0
     138365.000 ns	     13835	80003130	97a7e613	ori	x12,x15,-1670	 x15:0x00000002 x12=0xfffff97a
     138385.000 ns	     13837	80003134	021efeb3	remu	x29,x29,x1	 x29:0x080040fe  x1:0x00000000 x29=0x080040fe
     138405.000 ns	     13839	80003138	d07d0017	auipc	x0,0xd07d0	
     138415.000 ns	     13840	8000313c	01d29cb3	sll	x25,x5,x29	  x5:0x00000002 x29:0x080040fe x25=0x80000000
     138455.000 ns	     13844	80003140	09dc48d3	fsub.s	f17,f24,f29	 f24:0x438001d8 f29:0x80000000 f17=0x438001d8
     138475.000 ns	     13846	80003144	005c6433	or	x8,x24,x5	 x24:0x00000000  x5:0x00000002  x8=0x00000002
     138485.000 ns	     13847	80003148	9a6a0d93	addi	x27,x20,-1626	 x20:0x00000001 x27=0xfffff9a7
     138495.000 ns	     13848	8000314c	01e80133	add	x2,x16,x30	 x16:0x000002f5 x30:0x00000000  x2=0x000002f5
     138515.000 ns	     13850	80003150	21571653	fsgnjn.s	f12,f14,f21	 f14:0x7fc00000 f21:0x41000000 f12=0xffc00000
     138535.000 ns	     13852	80003154	bf5b2f13	slti	x30,x22,-1035	 x22:0x0000076b x30=0x00000000
     138545.000 ns	     13853	80003158	01d53633	sltu	x12,x10,x29	 x10:0x00000001 x29:0x080040fe x12=0x00000001
     138555.000 ns	     13854	8000315c	3c963613	sltiu	x12,x12,969	 x12:0xfffff97a x12=0x00000001
     138915.000 ns	     13890	80003160	036ec2b3	div	x5,x29,x22	 x29:0x080040fe x22:0x0000076b  x5=0x0001141e
     138965.000 ns	     13895	80003164	005d3453	fadd.s	f8,f26,f5	 f26:0x00000000  f5:0x41350482  f8=0x41350482
     140145.000 ns	     14013	80003168	580e1e53	fsqrt.s	f28,f28	 f28:0x3f800000 f28=0x3f7fffae
     140175.000 ns	     14016	8000316c	d0123753	fcvt.s.wu	f14,x4	  x4:0x00000001 f14=0x3f800000
     140195.000 ns	     14018	80003170	d64b4493	xori	x9,x22,-668	 x22:0x0000076b  x9=0xfffffa0f
     140205.000 ns	     14019	80003174	01c91033	sll	x0,x18,x28	 x18:0x00000001 x28:0x80040fe4
     140215.000 ns	     14020	80003178	018d9d33	sll	x26,x27,x24	 x27:0xfffff9a7 x24:0x00000000 x26=0xfffff9a7
     140235.000 ns	     14022	8000317c	e00119d3	fclass.s	x19,f2	  f2:0x00000008 x19=0x00000020
     140255.000 ns	     14024	80003180	01d74fb3	xor	x31,x14,x29	 x14:0x00000000 x29:0x080040fe x31=0x080040fe
     140275.000 ns	     14026	80003184	a12ba953	feq.s	x18,f23,f18	 f23:0x00000000 f18:0x42080000 x18=0x00000000
     140295.000 ns	     14028	80003188	00a282b3	add	x5,x5,x10	  x5:0x0001141e x10:0x00000001  x5=0x0001141f
     140305.000 ns	     14029	8000318c	40d3d013	srai	x0,x7,0xd	  x7:0x00000000
     140335.000 ns	     14032	80003190	18222d53	fdiv.s	f26,f4,f2	  f4:0x00000000  f2:0x00000008 f26=0x00000000
     140355.000 ns	     14034	80003194	6ade7e93	andi	x29,x28,1709	 x28:0x80040fe4 x29=0x000006a4
     140715.000 ns	     14070	80003198	022b4b33	div	x22,x22,x2	 x22:0x0000076b  x2:0x000002f5 x22=0x00000002
     140745.000 ns	     14073	8000319c	217da6d3	fsgnjx.s	f13,f27,f23	 f27:0x00000001 f23:0x00000000 f13=0x00000001
     140775.000 ns	     14076	800031a0	a1809553	flt.s	x10,f1,f24	  f1:0xffffffff f24:0x438001d8 x10=0x00000000
     140795.000 ns	     14078	800031a4	008ad513	srli	x10,x21,0x8	 x21:0x00000008 x10=0x00000000
     140815.000 ns	     14080	800031a8	f0080c53	fmv.w.x	f24,x16	 x16:0x000002f5 f24=0x000002f5
     141185.000 ns	     14117	800031ac	02fadcb3	divu	x25,x21,x15	 x21:0x00000008 x15:0x00000002 x25=0x00000004
     141215.000 ns	     14120	800031b0	a1512453	feq.s	x8,f2,f21	  f2:0x00000008 f21:0x41000000  x8=0x00000000
     141235.000 ns	     14122	800031b4	00bbe6b3	or	x13,x23,x11	 x23:0x00002200 x11:0x00000000 x13=0x00002200
     141245.000 ns	     14123	800031b8	01831893	slli	x17,x6,0x18	  x6:0x80041024 x17=0x24000000
     141255.000 ns	     14124	800031bc	40ab5993	srai	x19,x22,0xa	 x22:0x00000002 x19=0x00000000
     141585.000 ns	     14157	800031c0	1916fa53	fdiv.s	f20,f13,f17	 f13:0x00000001 f17:0x438001d8 f20=0x00000000
     141605.000 ns	     14159	800031c4	e5cc0393	addi	x7,x24,-420	 x24:0x00000000  x7=0xfffffe5c
     141615.000 ns	     14160	800031c8	c7a9ab13	slti	x22,x19,-902	 x19:0x00000000 x22=0x00000000
     141635.000 ns	     14162	800031cc	a1a4af53	feq.s	x30,f9,f26	  f9:0x41000000 f26:0x00000000 x30=0x00000000
     141665.000 ns	     14165	800031d0	033a40b3	div	x1,x20,x19	 x20:0x00000001 x19:0x00000000  x1=0xffffffff
     141705.000 ns	     14169	800031d4	196a7c53	fdiv.s	f24,f20,f22	 f20:0x00000000 f22:0x7fc00000 f24=0x7fc00000
     141735.000 ns	     14172	800031d8	02ce1d33	mulh	x26,x28,x12	 x28:0x80040fe4 x12:0x00000001 x26=0xffffffff
     141765.000 ns	     14175	800031dc	f00605d3	fmv.w.x	f11,x12	 x12:0x00000001 f11=0x00000001
     141785.000 ns	     14177	800031e0	01855b33	srl	x22,x10,x24	 x10:0x00000000 x24:0x00000000 x22=0x00000000
     141795.000 ns	     14178	800031e4	00f57433	and	x8,x10,x15	 x10:0x00000000 x15:0x00000002  x8=0x00000000
     141815.000 ns	     14180	800031e8	02898533	mul	x10,x19,x8	 x19:0x00000000  x8:0x00000000 x10=0x00000000
     141835.000 ns	     14182	800031ec	00dc5213	srli	x4,x24,0xd	 x24:0x00000000  x4=0x00000000
     142195.000 ns	     14218	800031f0	03b669b3	rem	x19,x12,x27	 x12:0x00000001 x27:0xfffff9a7 x19=0x00000001
     142225.000 ns	     14221	800031f4	2083a2d3	fsgnjx.s	f5,f7,f8	  f7:0x80000000  f8:0x41350482  f5=0x80000000
     142245.000 ns	     14223	800031f8	b3129737	lui	x14,0xb3129	 x14=0xb3129000
     142265.000 ns	     14225	800031fc	0328d3b3	divu	x7,x17,x18	 x17:0x24000000 x18:0x00000000  x7=0xffffffff
     142295.000 ns	     14228	80003200	c0032bd3	fcvt.w.s	x23,f6	  f6:0xc7800400 x23=0xfffefff8
     142325.000 ns	     14231	80003204	d00b7f53	fcvt.s.w	f30,x22	 x22:0x00000000 f30=0x00000000
     142355.000 ns	     14234	80003208	021f8833	mul	x16,x31,x1	 x31:0x080040fe  x1:0xffffffff x16=0xf7ffbf02
     142385.000 ns	     14237	8000320c	20430dd3	fsgnj.s	f27,f6,f4	  f6:0xc7800400  f4:0x00000000 f27=0x47800400
     142755.000 ns	     14274	80003210	03d64033	div	x0,x12,x29	 x12:0x00000001 x29:0x000006a4
     142775.000 ns	     14276	80003214	00e586b3	add	x13,x11,x14	 x11:0x00000000 x14:0xb3129000 x13=0xb3129000
     142785.000 ns	     14277	80003218	00005b93	srli	x23,x0,0x0	  x0:0x00000000 x23=0x00000000
     142795.000 ns	     14278	8000321c	b40e8213	addi	x4,x29,-1216	 x29:0x000006a4  x4=0x000001e4
     142805.000 ns	     14279	80003220	750a3c93	sltiu	x25,x20,1872	 x20:0x00000001 x25=0x00000001
     142815.000 ns	     14280	80003224	bf98b237	lui	x4,0xbf98b	  x4=0xbf98b000
     143175.000 ns	     14316	80003228	034fdd33	divu	x26,x31,x20	 x31:0x080040fe x20:0x00000001 x26=0x080040fe
     143545.000 ns	     14353	8000322c	0258f9b3	remu	x19,x17,x5	 x17:0x24000000  x5:0x0001141f x19=0x00007560
     143595.000 ns	     14358	80003230	0803f153	fsub.s	f2,f7,f0	  f7:0x80000000  f0:0xccfffff8  f2=0x4cfffff8
     143635.000 ns	     14362	80003234	198330d3	fdiv.s	f1,f6,f24	  f6:0xc7800400 f24:0x7fc00000  f1=0x7fc00000
     143665.000 ns	     14365	80003238	03d123b3	mulhsu	x7,x2,x29	  x2:0x000002f5 x29:0x000006a4  x7=0x00000000
     143695.000 ns	     14368	8000323c	e00796d3	fclass.s	x13,f15	 f15:0x47800400 x13=0x00000040
     143715.000 ns	     14370	80003240	1d980e93	addi	x29,x16,473	 x16:0xf7ffbf02 x29=0xf7ffc0db
     143725.000 ns	     14371	80003244	00000013	addi	x0,x0,0	  x0:0x00000000
     143735.000 ns	     14372	80003248	8b3bac93	slti	x25,x23,-1869	 x23:0x00000000 x25=0x00000000
     143745.000 ns	     14373	8000324c	7941f193	andi	x3,x3,1940	  x3:0x00000000  x3=0x00000000
     143755.000 ns	     14374	80003250	006391b3	sll	x3,x7,x6	  x7:0x00000000  x6:0x80041024  x3=0x00000000
     143765.000 ns	     14375	80003254	d8717713	andi	x14,x2,-633	  x2:0x000002f5 x14=0x00000085
     143785.000 ns	     14377	80003258	02386bb3	rem	x23,x16,x3	 x16:0xf7ffbf02  x3:0x00000000 x23=0xf7ffbf02
     143815.000 ns	     14380	8000325c	287b0ed3	fmin.s	f29,f22,f7	 f22:0x7fc00000  f7:0x80000000 f29=0x80000000
     143845.000 ns	     14383	80003260	03c891b3	mulh	x3,x17,x28	 x17:0x24000000 x28:0x80040fe4  x3=0xee00923c
     143865.000 ns	     14385	80003264	d9094513	xori	x10,x18,-624	 x18:0x00000000 x10=0xfffffd90
     143885.000 ns	     14387	80003268	e00401d3	fmv.x.w	x3,f8	  f8:0x41350482  x3=0x41350482
     143905.000 ns	     14389	8000326c	40e6d393	srai	x7,x13,0xe	 x13:0x00000040  x7=0x00000000
     143915.000 ns	     14390	80003270	a0b90a93	addi	x21,x18,-1525	 x18:0x00000000 x21=0xfffffa0b
     143945.000 ns	     14393	80003274	1017f2d3	fmul.s	f5,f15,f1	 f15:0x47800400  f1:0x7fc00000  f5=0x7fc00000
     144315.000 ns	     14430	80003278	021af133	remu	x2,x21,x1	 x21:0x00000008  x1:0xffffffff  x2=0xfffffa0b
     144335.000 ns	     14432	8000327c	00da5393	srli	x7,x20,0xd	 x20:0x00000001  x7=0x00000000
     144345.000 ns	     14433	80003280	00ad8033	add	x0,x27,x10	 x27:0xfffff9a7 x10:0xfffffd90
     144375.000 ns	     14436	80003284	19c673d3	fdiv.s	f7,f12,f28	 f12:0xffc00000 f28:0x3f7fffae  f7=0x7fc00000
     144405.000 ns	     14439	80003288	c00cba53	fcvt.w.s	x20,f25	 f25:0xc2080000 x20=0xffffffde
     144435.000 ns	     14442	8000328c	c01995d3	fcvt.wu.s	x11,f19	 f19:0x42080000 x11=0x00000022
     144465.000 ns	     14445	80003290	a1c312d3	flt.s	x5,f6,f28	  f6:0xc7800400 f28:0x3f7fffae  x5=0x00000001
     144495.000 ns	     14448	80003294	02e12b33	mulhsu	x22,x2,x14	  x2:0xfffffa0b x14:0x00000085 x22=0xffffffff
     144515.000 ns	     14450	80003298	e3fdfb37	lui	x22,0xe3fdf	 x22=0xe3fdf000
     144525.000 ns	     14451	8000329c	013dcbb3	xor	x23,x27,x19	 x27:0xfffff9a7 x19:0x00007560 x23=0xffff8cc7
     144545.000 ns	     14453	800032a0	f0080253	fmv.w.x	f4,x16	 x16:0xf7ffbf02  f4=0xf7ffbf02
     144565.000 ns	     14455	800032a4	01e45c93	srli	x25,x8,0x1e	  x8:0x00000000 x25=0x00000000
     144575.000 ns	     14456	800032a8	01af5393	srli	x7,x30,0x1a	 x30:0x00000000  x7=0x00000000
     144595.000 ns	     14458	800032ac	f0038ad3	fmv.w.x	f21,x7	  x7:0x00000000 f21=0x00000000
     144615.000 ns	     14460	800032b0	68f60b93	addi	x23,x12,1679	 x12:0x00000001 x23=0x00000690
     144635.000 ns	     14462	800032b4	297792d3	fmax.s	f5,f15,f23	 f15:0x47800400 f23:0x00000000  f5=0x47800400
     144655.000 ns	     14464	800032b8	4153d693	srai	x13,x7,0x15	  x7:0x00000000 x13=0x00000000
     144665.000 ns	     14465	800032bc	40005413	srai	x8,x0,0x0	  x0:0x00000000  x8=0x00000000
     144685.000 ns	     14467	800032c0	28c31653	fmax.s	f12,f6,f12	  f6:0xc7800400 f12:0xffc00000 f12=0xc7800400
     144715.000 ns	     14470	800032c4	28c786d3	fmin.s	f13,f15,f12	 f15:0x47800400 f12:0xffc00000 f13=0xc7800400
     144745.000 ns	     14473	800032c8	21aa1a53	fsgnjn.s	f20,f20,f26	 f20:0x00000000 f26:0x00000000 f20=0x80000000
     145925.000 ns	     14591	800032cc	580849d3	fsqrt.s	f19,f16	 f16:0x47800400 f19=0x438001d8
     145945.000 ns	     14593	800032d0	00473433	sltu	x8,x14,x4	 x14:0x00000085  x4:0xbf98b000  x8=0x00000001
     145955.000 ns	     14594	800032d4	00d450b3	srl	x1,x8,x13	  x8:0x00000000 x13:0x00000000  x1=0x00000001
     145975.000 ns	     14596	800032d8	292f9f53	fmax.s	f30,f31,f18	 f31:0x40000000 f18:0x42080000 f30=0x42080000
     145995.000 ns	     14598	800032dc	8bd1a213	slti	x4,x3,-1859	  x3:0x41350482  x4=0x00000000
     146005.000 ns	     14599	800032e0	41a25633	sra	x12,x4,x26	  x4:0xbf98b000 x26:0x080040fe x12=0x00000000
     146045.000 ns	     14603	800032e4	08753fd3	fsub.s	f31,f10,f7	 f10:0xccfffff8  f7:0x7fc00000 f31=0x7fc00000
     146075.000 ns	     14606	800032e8	d0064153	fcvt.s.w	f2,x12	 x12:0x00000001  f2=0x00000000
     146445.000 ns	     14643	800032ec	031ec433	div	x8,x29,x17	 x29:0xf7ffc0db x17:0x24000000  x8=0x00000000
     146465.000 ns	     14645	800032f0	ef9cf393	andi	x7,x25,-263	 x25:0x00000000  x7=0x00000000
     146485.000 ns	     14647	800032f4	e00a1fd3	fclass.s	x31,f20	 f20:0x80000000 x31=0x00000008
     146505.000 ns	     14649	800032f8	b4d52c13	slti	x24,x10,-1203	 x10:0xfffffd90 x24=0x00000000
     146525.000 ns	     14651	800032fc	02fbb733	mulhu	x14,x23,x15	 x23:0x00000690 x15:0x00000002 x14=0x00000000
     146545.000 ns	     14653	80003300	01d9d733	srl	x14,x19,x29	 x19:0x00007560 x29:0xf7ffc0db x14=0x00000000
     146555.000 ns	     14654	80003304	00e7d1b3	srl	x3,x15,x14	 x15:0x00000002 x14:0x00000000  x3=0x00000002
     146575.000 ns	     14656	80003308	e00d8953	fmv.x.w	x18,f27	 f27:0x47800400 x18=0x47800400
     146595.000 ns	     14658	8000330c	018c8133	add	x2,x25,x24	 x25:0x00000000 x24:0x00000000  x2=0x00000000
     146615.000 ns	     14660	80003310	289e13d3	fmax.s	f7,f28,f9	 f28:0x3f7fffae  f9:0x41000000  f7=0x41000000
     146645.000 ns	     14663	80003314	d00d7c53	fcvt.s.w	f24,x26	 x26:0x080040fe f24=0x4d00040f
     146675.000 ns	     14666	80003318	20fb9dd3	fsgnjn.s	f27,f23,f15	 f23:0x00000000 f15:0x47800400 f27=0x80000000
     146695.000 ns	     14668	8000331c	406ad2b3	sra	x5,x21,x6	 x21:0xfffffa0b  x6:0x80041024  x5=0xffffffa0
     146715.000 ns	     14670	80003320	a19da653	feq.s	x12,f27,f25	 f27:0x80000000 f25:0xc2080000 x12=0x00000000
     146735.000 ns	     14672	80003324	006e7ab3	and	x21,x28,x6	 x28:0x80040fe4  x6:0x80041024 x21=0x80040024
     146755.000 ns	     14674	80003328	e00d00d3	fmv.x.w	x1,f26	 f26:0x00000000  x1=0x00000000
     147125.000 ns	     14711	8000332c	033cf633	remu	x12,x25,x19	 x25:0x00000000 x19:0x00007560 x12=0x00000000
     147155.000 ns	     14714	80003330	28370153	fmin.s	f2,f14,f3	 f14:0x3f800000  f3:0x00000000  f2=0x00000000
     147185.000 ns	     14717	80003334	c0057cd3	fcvt.w.s	x25,f10	 f10:0xccfffff8 x25=0x07ffffc0
     147215.000 ns	     14720	80003338	d01e7653	fcvt.s.wu	f12,x28	 x28:0x80040fe4 f12=0x4f00040f
     147245.000 ns	     14723	8000333c	a1592fd3	feq.s	x31,f18,f21	 f18:0x42080000 f21:0x00000000 x31=0x00000000
     147265.000 ns	     14725	80003340	000ddc33	srl	x24,x27,x0	 x27:0xfffff9a7  x0:0x00000000 x24=0xfffff9a7
     147285.000 ns	     14727	80003344	02f42db3	mulhsu	x27,x8,x15	  x8:0x00000000 x15:0x00000002 x27=0x00000000
     147315.000 ns	     14730	80003348	d0159853	fcvt.s.wu	f16,x11	 x11:0x00000022 f16=0x42080000
     147345.000 ns	     14733	8000334c	29ff1453	fmax.s	f8,f30,f31	 f30:0x42080000 f31:0x7fc00000  f8=0x42080000
     147375.000 ns	     14736	80003350	29860ad3	fmin.s	f21,f12,f24	 f12:0x4f00040f f24:0x4d00040f f21=0x4d00040f
     147405.000 ns	     14739	80003354	d0053fd3	fcvt.s.w	f31,x10	 x10:0xfffffd90 f31=0xc41c0000
     147425.000 ns	     14741	80003358	017d2833	slt	x16,x26,x23	 x26:0x080040fe x23:0x00000690 x16=0x00000000
     147445.000 ns	     14743	8000335c	03a58bb3	mul	x23,x11,x26	 x11:0x00000022 x26:0x080040fe x23=0x1008a1bc
     147465.000 ns	     14745	80003360	0030d833	srl	x16,x1,x3	  x1:0x00000000  x3:0x00000002 x16=0x00000000
     147505.000 ns	     14749	80003364	083f15d3	fsub.s	f11,f30,f3	 f30:0x42080000  f3:0x00000000 f11=0x42080000
     147535.000 ns	     14752	80003368	280517d3	fmax.s	f15,f10,f0	 f10:0xccfffff8  f0:0xccfffff8 f15=0xccfffff8
     147585.000 ns	     14757	8000336c	0115acd3	fadd.s	f25,f11,f17	 f11:0x42080000 f17:0x438001d8 f25=0x439101d8
     147615.000 ns	     14760	80003370	e0079bd3	fclass.s	x23,f15	 f15:0xccfffff8 x23=0x00000002
     147645.000 ns	     14763	80003374	02285833	divu	x16,x16,x2	 x16:0x00000000  x2:0x00000000 x16=0xffffffff
     147665.000 ns	     14765	80003378	591a2993	slti	x19,x20,1425	 x20:0xffffffde x19=0x00000001
     147675.000 ns	     14766	8000337c	012f8133	add	x2,x31,x18	 x31:0x00000000 x18:0x47800400  x2=0x47800400
     147695.000 ns	     14768	80003380	d015f0d3	fcvt.s.wu	f1,x11	 x11:0x00000022  f1=0x42080000
     147725.000 ns	     14771	80003384	e0021ad3	fclass.s	x21,f4	  f4:0xf7ffbf02 x21=0x00000002
     147745.000 ns	     14773	80003388	be2ba393	slti	x7,x23,-1054	 x23:0x00000002  x7=0x00000000
     147755.000 ns	     14774	8000338c	01c7fa33	and	x20,x15,x28	 x15:0x00000002 x28:0x80040fe4 x20=0x00000000
     147765.000 ns	     14775	80003390	ce1a6413	ori	x8,x20,-799	 x20:0xffffffde  x8=0xfffffce1
     147775.000 ns	     14776	80003394	01675913	srli	x18,x14,0x16	 x14:0x00000000 x18=0x00000000
     147785.000 ns	     14777	80003398	bf448b13	addi	x22,x9,-1036	  x9:0xfffffa0f x22=0xfffff603
     147805.000 ns	     14779	8000339c	03487433	remu	x8,x16,x20	 x16:0xffffffff x20:0x00000000  x8=0xffffffff
     148985.000 ns	     14897	800033a0	58044d53	fsqrt.s	f26,f8	  f8:0x42080000 f26=0x404054b4
     149015.000 ns	     14900	800033a4	0319af33	mulhsu	x30,x19,x17	 x19:0x00000001 x17:0x24000000 x30=0x00000000
     149035.000 ns	     14902	800033a8	01132a33	slt	x20,x6,x17	  x6:0x80041024 x17:0x24000000 x20=0x00000001
     149045.000 ns	     14903	800033ac	01cc1f13	slli	x30,x24,0x1c	 x24:0xfffff9a7 x30=0x70000000
     149055.000 ns	     14904	800033b0	94c18f13	addi	x30,x3,-1716	  x3:0x00000002 x30=0xfffff94e
     149075.000 ns	     14906	800033b4	a0c223d3	feq.s	x7,f4,f12	  f4:0xf7ffbf02 f12:0x4f00040f  x7=0x00000000
     150255.000 ns	     15024	800033b8	58070253	fsqrt.s	f4,f14	 f14:0x3f800000  f4=0x3f7fffae
     150275.000 ns	     15026	800033bc	a654ba13	sltiu	x20,x9,-1435	  x9:0xfffffa0f x20=0x00000001
     150305.000 ns	     15029	800033c0	1901f553	fdiv.s	f10,f3,f16	  f3:0x00000000 f16:0x42080000 f10=0x00000000
     150325.000 ns	     15031	800033c4	001013b3	sll	x7,x0,x1	  x0:0x00000000  x1:0x00000000  x7=0x00000000
     150655.000 ns	     15064	800033c8	184caad3	fdiv.s	f21,f25,f4	 f25:0x439101d8  f4:0x3f7fffae f21=0x44110195
     150685.000 ns	     15067	800033cc	03ea85b3	mul	x11,x21,x30	 x21:0x00000002 x30:0xfffff94e x11=0xfffff29c
     150715.000 ns	     15070	800033d0	293216d3	fmax.s	f13,f4,f19	  f4:0x3f7fffae f19:0x438001d8 f13=0x438001d8
     150745.000 ns	     15073	800033d4	20cf1d53	fsgnjn.s	f26,f30,f12	 f30:0x42080000 f12:0x4f00040f f26=0xc2080000
     150775.000 ns	     15076	800033d8	02105633	divu	x12,x0,x1	  x0:0x00000000  x1:0x00000000 x12=0xffffffff
     150795.000 ns	     15078	800033dc	00992ab3	slt	x21,x18,x9	 x18:0x00000000  x9:0xfffffa0f x21=0x00000000
     150805.000 ns	     15079	800033e0	400305b3	sub	x11,x6,x0	  x6:0x80041024  x0:0x00000000 x11=0x80041024
     150825.000 ns	     15081	800033e4	21a88f53	fsgnj.s	f30,f17,f26	 f17:0x438001d8 f26:0xc2080000 f30=0xc38001d8
     151195.000 ns	     15118	800033e8	03dee133	rem	x2,x29,x29	 x29:0xf7ffc0db x29:0xf7ffc0db  x2=0x00000000
     151225.000 ns	     15121	800033ec	f0048cd3	fmv.w.x	f25,x9	  x9:0xfffffa0f f25=0xfffffa0f
     151255.000 ns	     15124	800033f0	c0187f53	fcvt.wu.s	x30,f16	 f16:0x42080000 x30=0x00000022
     151285.000 ns	     15127	800033f4	d0097953	fcvt.s.w	f18,x18	 x18:0x00000000 f18=0x00000000
     151305.000 ns	     15129	800033f8	00d50fb3	add	x31,x10,x13	 x10:0xfffffd90 x13:0x00000000 x31=0xfffffd90
     151315.000 ns	     15130	800033fc	edde1197	auipc	x3,0xedde1	  x3=0x6dde43fc
     151335.000 ns	     15132	80003400	a0559ad3	flt.s	x21,f11,f5	 f11:0x42080000  f5:0x47800400 x21=0x00000001
     151365.000 ns	     15135	80003404	c01772d3	fcvt.wu.s	x5,f14	 f14:0x3f800000  x5=0x00000001
     151385.000 ns	     15137	80003408	01256f33	or	x30,x10,x18	 x10:0xfffffd90 x18:0x00000000 x30=0xfffffd90
     151405.000 ns	     15139	8000340c	c002b653	fcvt.w.s	x12,f5	  f5:0x47800400 x12=0x00010008
     151425.000 ns	     15141	80003410	015c92b3	sll	x5,x25,x21	 x25:0x07ffffc0 x21:0x00000001  x5=0x0fffff80
     151445.000 ns	     15143	80003414	02eb76b3	remu	x13,x22,x14	 x22:0xfffff603 x14:0x00000000 x13=0xfffff603
     151475.000 ns	     15146	80003418	a1cdac53	feq.s	x24,f27,f28	 f27:0x80000000 f28:0x3f7fffae x24=0x00000000
     151495.000 ns	     15148	8000341c	b8e57c13	andi	x24,x10,-1138	 x10:0xfffffd90 x24=0xfffff980
     151505.000 ns	     15149	80003420	b35691b7	lui	x3,0xb3569	  x3=0xb3569000
     151515.000 ns	     15150	80003424	005ddfb3	srl	x31,x27,x5	 x27:0x00000000  x5:0x0fffff80 x31=0x00000000
     151525.000 ns	     15151	80003428	01eed733	srl	x14,x29,x30	 x29:0xf7ffc0db x30:0xfffffd90 x14=0x0000f7ff
     151545.000 ns	     15153	8000342c	c009fd53	fcvt.w.s	x26,f19	 f19:0x438001d8 x26=0x00000100
     151565.000 ns	     15155	80003430	57a12f93	slti	x31,x2,1402	  x2:0x00000000 x31=0x00000001
     151585.000 ns	     15157	80003434	026d9633	mulh	x12,x27,x6	 x27:0x00000000  x6:0x80041024 x12=0x00000000
     151615.000 ns	     15160	80003438	206b21d3	fsgnjx.s	f3,f22,f6	 f22:0x7fc00000  f6:0xc7800400  f3=0xffc00000
     151645.000 ns	     15163	8000343c	d001cc53	fcvt.s.w	f24,x3	  x3:0xb3569000 f24=0xce9952e0
     151675.000 ns	     15166	80003440	21668c53	fsgnj.s	f24,f13,f22	 f13:0x438001d8 f22:0x7fc00000 f24=0x438001d8
     152045.000 ns	     15203	80003444	03a2e3b3	rem	x7,x5,x26	  x5:0x0fffff80 x26:0x00000100  x7=0x00000080
     152075.000 ns	     15206	80003448	e0068c53	fmv.x.w	x24,f13	 f13:0x438001d8 x24=0x438001d8
     152105.000 ns	     15209	8000344c	023129b3	mulhsu	x19,x2,x3	  x2:0x00000000  x3:0xb3569000 x19=0x00000000
     152135.000 ns	     15212	80003450	a04a0453	fle.s	x8,f20,f4	 f20:0x80000000  f4:0x3f7fffae  x8=0x00000001
     152155.000 ns	     15214	80003454	409c86b3	sub	x13,x25,x9	 x25:0x07ffffc0  x9:0xfffffa0f x13=0x080005b1
     153325.000 ns	     15331	80003458	58082cd3	fsqrt.s	f25,f16	 f16:0x42080000 f25=0x404054b4
     153345.000 ns	     15333	8000345c	bcfc3b93	sltiu	x23,x24,-1073	 x24:0x438001d8 x23=0x00000001
     153365.000 ns	     15335	80003460	21ed13d3	fsgnjn.s	f7,f26,f30	 f26:0xc2080000 f30:0xc38001d8  f7=0x42080000
     153735.000 ns	     15372	80003464	0371deb3	divu	x29,x3,x23	  x3:0xb3569000 x23:0x00000002 x29=0xb3569000
     153765.000 ns	     15375	80003468	e00d00d3	fmv.x.w	x1,f26	 f26:0xc2080000  x1=0xc2080000
     153785.000 ns	     15377	8000346c	019cc433	xor	x8,x25,x25	 x25:0x07ffffc0 x25:0x07ffffc0  x8=0x00000000
     153795.000 ns	     15378	80003470	40285d33	sra	x26,x16,x2	 x16:0xffffffff  x2:0x00000000 x26=0xffffffff
     153835.000 ns	     15382	80003474	0050f853	fadd.s	f16,f1,f5	  f1:0x42080000  f5:0x47800400 f16=0x47801500
     154205.000 ns	     15419	80003478	021c73b3	remu	x7,x24,x1	 x24:0x438001d8  x1:0xc2080000  x7=0x438001d8
     154245.000 ns	     15423	8000347c	5807ff53	fsqrt.s	f30,f15	 f15:0xccfffff8 f30=0x7fc00000
     154275.000 ns	     15426	80003480	c010fcd3	fcvt.wu.s	x25,f1	  f1:0x42080000 x25=0x00000022
     154295.000 ns	     15428	80003484	b0d57bb7	lui	x23,0xb0d57	 x23=0xb0d57000
     154305.000 ns	     15429	80003488	00000013	addi	x0,x0,0	  x0:0x00000000
     154315.000 ns	     15430	8000348c	0023aeb3	slt	x29,x7,x2	  x7:0x438001d8  x2:0x00000000 x29=0x00000000
     154335.000 ns	     15432	80003490	025423b3	mulhsu	x7,x8,x5	  x8:0x00000000  x5:0x0fffff80  x7=0x00000000
     154365.000 ns	     15435	80003494	29758bd3	fmin.s	f23,f11,f23	 f11:0x42080000 f23:0x00000000 f23=0x00000000
     154395.000 ns	     15438	80003498	0206c4b3	div	x9,x13,x0	 x13:0x080005b1  x0:0x00000000  x9=0xffffffff
     154765.000 ns	     15475	8000349c	03fc71b3	remu	x3,x24,x31	 x24:0x438001d8 x31:0x00000001  x3=0x00000000
     154785.000 ns	     15477	800034a0	002d9833	sll	x16,x27,x2	 x27:0x00000000  x2:0x00000000 x16=0x00000000
     154805.000 ns	     15479	800034a4	02c2ebb3	rem	x23,x5,x12	  x5:0x0fffff80 x12:0x00000000 x23=0x0fffff80
     154855.000 ns	     15484	800034a8	08ae93d3	fsub.s	f7,f29,f10	 f29:0x80000000 f10:0x00000000  f7=0x80000000
     154885.000 ns	     15487	800034ac	e00d8f53	fmv.x.w	x30,f27	 f27:0x80000000 x30=0x80000000
     154915.000 ns	     15490	800034b0	29300553	fmin.s	f10,f0,f19	  f0:0xccfffff8 f19:0x438001d8 f10=0xccfffff8
     154935.000 ns	     15492	800034b4	40455933	sra	x18,x10,x4	 x10:0xfffffd90  x4:0x00000000 x18=0xfffffd90
     155295.000 ns	     15528	800034b8	03f046b3	div	x13,x0,x31	  x0:0x00000000 x31:0x00000001 x13=0x00000000
     155335.000 ns	     15532	800034bc	11bb18d3	fmul.s	f17,f22,f27	 f22:0x7fc00000 f27:0x80000000 f17=0x7fc00000
     155705.000 ns	     15569	800034c0	03c2d8b3	divu	x17,x5,x28	  x5:0x0fffff80 x28:0x80040fe4 x17=0x00000000
     155735.000 ns	     15572	800034c4	a1e08ed3	fle.s	x29,f1,f30	  f1:0x42080000 f30:0x7fc00000 x29=0x00000000
     155755.000 ns	     15574	800034c8	41e704b3	sub	x9,x14,x30	 x14:0x0000f7ff x30:0x80000000  x9=0x8000f7ff
     155795.000 ns	     15578	800034cc	010b7a53	fadd.s	f20,f22,f16	 f22:0x7fc00000 f16:0x47801500 f20=0x7fc00000
     155815.000 ns	     15580	800034d0	00000013	addi	x0,x0,0	  x0:0x00000000
     155825.000 ns	     15581	800034d4	e6760013	addi	x0,x12,-409	 x12:0x00000000
     155835.000 ns	     15582	800034d8	003df0b3	and	x1,x27,x3	 x27:0x00000000  x3:0x00000000  x1=0x00000000
     155855.000 ns	     15584	800034dc	e0008f53	fmv.x.w	x30,f1	  f1:0x42080000 x30=0x42080000
     155875.000 ns	     15586	800034e0	01a60bb3	add	x23,x12,x26	 x12:0x00000000 x26:0xffffffff x23=0xffffffff
     155885.000 ns	     15587	800034e4	00000013	addi	x0,x0,0	  x0:0x00000000
     155895.000 ns	     15588	800034e8	8d682d93	slti	x27,x16,-1834	 x16:0x00000000 x27=0x00000000
     155905.000 ns	     15589	800034ec	96a1a613	slti	x12,x3,-1686	  x3:0x00000000 x12=0x00000000
     155915.000 ns	     15590	800034f0	006f9233	sll	x4,x31,x6	 x31:0x00000001  x6:0x80041024  x4=0x00000010
     155925.000 ns	     15591	800034f4	00e1c0b3	xor	x1,x3,x14	  x3:0x00000000 x14:0x0000f7ff  x1=0x0000f7ff
     155945.000 ns	     15593	800034f8	022820b3	mulhsu	x1,x16,x2	 x16:0x00000000  x2:0x00000000  x1=0x00000000
     155965.000 ns	     15595	800034fc	222faf93	slti	x31,x31,546	 x31:0x00000001 x31=0x00000001
     155985.000 ns	     15597	80003500	a04d1d53	flt.s	x26,f26,f4	 f26:0xc2080000  f4:0x3f7fffae x26=0x00000001
     156015.000 ns	     15600	80003504	e0018dd3	fmv.x.w	x27,f3	  f3:0xffc00000 x27=0xffc00000
     156385.000 ns	     15637	80003508	02917d33	remu	x26,x2,x9	  x2:0x00000000  x9:0x8000f7ff x26=0x00000000
     156405.000 ns	     15639	8000350c	76d36a93	ori	x21,x6,1901	  x6:0x80041024 x21=0x8004176d
     156425.000 ns	     15641	80003510	c0027953	fcvt.w.s	x18,f4	  f4:0x3f7fffae x18=0x00000000
     156475.000 ns	     15646	80003514	09e500d3	fsub.s	f1,f10,f30	 f10:0xccfffff8 f30:0x7fc00000  f1=0x7fc00000
     156495.000 ns	     15648	80003518	011ccd33	xor	x26,x25,x17	 x25:0x00000022 x17:0x00000000 x26=0x00000022
     156515.000 ns	     15650	8000351c	030910b3	mulh	x1,x18,x16	 x18:0x00000000 x16:0x00000000  x1=0x00000000
     156535.000 ns	     15652	80003520	00c579b3	and	x19,x10,x12	 x10:0xfffffd90 x12:0x00000000 x19=0x00000000
     156555.000 ns	     15654	80003524	280a8e53	fmin.s	f28,f21,f0	 f21:0x44110195  f0:0xccfffff8 f28=0xccfffff8
     156895.000 ns	     15688	80003528	186422d3	fdiv.s	f5,f8,f6	  f8:0x42080000  f6:0xc7800400  f5=0xb9d5a17c
     156915.000 ns	     15690	8000352c	58967493	andi	x9,x12,1417	 x12:0x00000000  x9=0x00000000
     156945.000 ns	     15693	80003530	1116f053	fmul.s	f0,f13,f17	 f13:0x438001d8 f17:0x7fc00000  f0=0x7fc00000
     156965.000 ns	     15695	80003534	398ea113	slti	x2,x29,920	 x29:0x00000000  x2=0x00000001
     156975.000 ns	     15696	80003538	01a45cb3	srl	x25,x8,x26	  x8:0x00000000 x26:0x00000022 x25=0x00000000
     157335.000 ns	     15732	8000353c	03b45a33	divu	x20,x8,x27	  x8:0x00000000 x27:0xffc00000 x20=0x00000000
     157355.000 ns	     15734	80003540	0cc38513	addi	x10,x7,204	  x7:0x00000000 x10=0x000000cc
     157685.000 ns	     15767	80003544	18b40a53	fdiv.s	f20,f8,f11	  f8:0x42080000 f11:0x42080000 f20=0x3f087398
     157705.000 ns	     15769	80003548	78a7fe93	andi	x29,x15,1930	 x15:0x00000002 x29=0x00000002
     157725.000 ns	     15771	8000354c	d0047e53	fcvt.s.w	f28,x8	  x8:0x00000000 f28=0x00000000
     157745.000 ns	     15773	80003550	0098f533	and	x10,x17,x9	 x17:0x00000000  x9:0x00000000 x10=0x00000000
     157755.000 ns	     15774	80003554	1ba43d93	sltiu	x27,x8,442	  x8:0x00000000 x27=0x00000001
     157775.000 ns	     15776	80003558	a07b0ed3	fle.s	x29,f22,f7	 f22:0x7fc00000  f7:0x80000000 x29=0x00000000
     157805.000 ns	     15779	8000355c	02c9f1b3	remu	x3,x19,x12	 x19:0x00000000 x12:0x00000000  x3=0x00000000
     157855.000 ns	     15784	80003560	093ff1d3	fsub.s	f3,f31,f19	 f31:0xc41c0000 f19:0x438001d8  f3=0xc45c00ec
     158225.000 ns	     15821	80003564	025cc233	div	x4,x25,x5	 x25:0x00000000  x5:0x0fffff80  x4=0x00000000
     158245.000 ns	     15823	80003568	01d356b3	srl	x13,x6,x29	  x6:0x80041024 x29:0x00000000 x13=0x80041024
     158265.000 ns	     15825	8000356c	e0069c53	fclass.s	x24,f13	 f13:0x438001d8 x24=0x00000040
     158295.000 ns	     15828	80003570	d013ced3	fcvt.s.wu	f29,x7	  x7:0x00000000 f29=0x00000000
     158345.000 ns	     15833	80003574	09e0fdd3	fsub.s	f27,f1,f30	  f1:0x7fc00000 f30:0x7fc00000 f27=0x7fc00000
     158365.000 ns	     15835	80003578	01585bb3	srl	x23,x16,x21	 x16:0x00000000 x21:0x8004176d x23=0x00000000
     158385.000 ns	     15837	8000357c	e0091153	fclass.s	x2,f18	 f18:0x00000000  x2=0x00000010
     158415.000 ns	     15840	80003580	03153ab3	mulhu	x21,x10,x17	 x10:0x00000000 x17:0x00000000 x21=0x00000000
     158445.000 ns	     15843	80003584	028926b3	mulhsu	x13,x18,x8	 x18:0x00000000  x8:0x00000000 x13=0x00000000
     158465.000 ns	     15845	80003588	00f04033	xor	x0,x0,x15	  x0:0x00000000 x15:0x00000002
     158485.000 ns	     15847	8000358c	02331a33	mulh	x20,x6,x3	  x6:0x80041024  x3:0x00000000 x20=0x00000000
     158505.000 ns	     15849	80003590	a12e3593	sltiu	x11,x28,-1518	 x28:0x80040fe4 x11=0x00000001
     158525.000 ns	     15851	80003594	c007f0d3	fcvt.w.s	x1,f15	 f15:0xccfffff8  x1=0x07ffffc0
     158545.000 ns	     15853	80003598	0992b993	sltiu	x19,x5,153	  x5:0x0fffff80 x19=0x00000000
     158905.000 ns	     15889	8000359c	03f0fd33	remu	x26,x1,x31	  x1:0x07ffffc0 x31:0x00000001 x26=0x00000000
     158925.000 ns	     15891	800035a0	00bb26b3	slt	x13,x22,x11	 x22:0xfffff603 x11:0x00000001 x13=0x00000001
     158935.000 ns	     15892	800035a4	db322a13	slti	x20,x4,-589	  x4:0x00000000 x20=0x00000000
     158945.000 ns	     15893	800035a8	01125633	srl	x12,x4,x17	  x4:0x00000000 x17:0x00000000 x12=0x00000000
     158955.000 ns	     15894	800035ac	0033aa33	slt	x20,x7,x3	  x7:0x00000000  x3:0x00000000 x20=0x00000000
     158975.000 ns	     15896	800035b0	0356d733	divu	x14,x13,x21	 x13:0x00000001 x21:0x00000000 x14=0xffffffff
     158995.000 ns	     15898	800035b4	01a5e5b3	or	x11,x11,x26	 x11:0x00000001 x26:0x00000000 x11=0x00000001
     159015.000 ns	     15900	800035b8	286a1cd3	fmax.s	f25,f20,f6	 f20:0x3f087398  f6:0xc7800400 f25=0x3f087398
     159035.000 ns	     15902	800035bc	e6b88293	addi	x5,x17,-405	 x17:0x00000000  x5=0xfffffe6b
     159065.000 ns	     15905	800035c0	19e5cd53	fdiv.s	f26,f11,f30	 f11:0x42080000 f30:0x7fc00000 f26=0x7fc00000
     159095.000 ns	     15908	800035c4	032cdfb3	divu	x31,x25,x18	 x25:0x00000000 x18:0x00000000 x31=0xffffffff
     159125.000 ns	     15911	800035c8	a12c89d3	fle.s	x19,f25,f18	 f25:0x3f087398 f18:0x00000000 x19=0x00000000
     159145.000 ns	     15913	800035cc	00866833	or	x16,x12,x8	 x12:0x00000000  x8:0x00000000 x16=0x00000000
     159155.000 ns	     15914	800035d0	01289c33	sll	x24,x17,x18	 x17:0x00000000 x18:0x00000000 x24=0x00000000
     159165.000 ns	     15915	800035d4	011ad393	srli	x7,x21,0x11	 x21:0x00000000  x7=0x00000000
     159495.000 ns	     15948	800035d8	1942f5d3	fdiv.s	f11,f5,f20	  f5:0xb9d5a17c f20:0x3f087398 f11=0xba486616
     159525.000 ns	     15951	800035dc	e0000153	fmv.x.w	x2,f0	  f0:0x7fc00000  x2=0x7fc00000
     159545.000 ns	     15953	800035e0	0106df13	srli	x30,x13,0x10	 x13:0x00000001 x30=0x00000000
     159555.000 ns	     15954	800035e4	001ed6b3	srl	x13,x29,x1	 x29:0x00000000  x1:0x07ffffc0 x13=0x00000000
     159565.000 ns	     15955	800035e8	00ab9d33	sll	x26,x23,x10	 x23:0x00000000 x10:0x00000000 x26=0x00000000
     159585.000 ns	     15957	800035ec	20d08553	fsgnj.s	f10,f1,f13	  f1:0x7fc00000 f13:0x438001d8 f10=0x7fc00000
     159605.000 ns	     15959	800035f0	3d108093	addi	x1,x1,977	  x1:0x07ffffc0  x1=0x08000391
     159645.000 ns	     15963	800035f4	0176aad3	fadd.s	f21,f13,f23	 f13:0x438001d8 f23:0x00000000 f21=0x438001d8
     159665.000 ns	     15965	800035f8	9d25f693	andi	x13,x11,-1582	 x11:0x00000001 x13=0x00000000
     160025.000 ns	     16001	800035fc	022ffb33	remu	x22,x31,x2	 x31:0xffffffff  x2:0x7fc00000 x22=0x007fffff
     160045.000 ns	     16003	80003600	64039197	auipc	x3,0x64039	  x3=0xe403c600
     160055.000 ns	     16004	80003604	8de57c13	andi	x24,x10,-1826	 x10:0x00000000 x24=0x00000000
     160065.000 ns	     16005	80003608	001a8eb3	add	x29,x21,x1	 x21:0x00000000  x1:0x08000391 x29=0x08000391
     160075.000 ns	     16006	8000360c	6468fe97	auipc	x29,0x6468f	 x29=0xe469260c
     160095.000 ns	     16008	80003610	a08aa053	feq.s	x0,f21,f8	 f21:0x438001d8  f8:0x42080000
     160115.000 ns	     16010	80003614	00ae1eb3	sll	x29,x28,x10	 x28:0x80040fe4 x10:0x00000000 x29=0x80040fe4
     160135.000 ns	     16012	80003618	031e0d33	mul	x26,x28,x17	 x28:0x80040fe4 x17:0x00000000 x26=0x00000000
     160165.000 ns	     16015	8000361c	f00b83d3	fmv.w.x	f7,x23	 x23:0x00000000  f7=0x00000000
     160185.000 ns	     16017	80003620	8ae2f397	auipc	x7,0x8ae2f	  x7=0x0ae32620
     160195.000 ns	     16018	80003624	162fc393	xori	x7,x31,354	 x31:0xffffffff  x7=0xfffffe9d
     160205.000 ns	     16019	80003628	41645933	sra	x18,x8,x22	  x8:0x00000000 x22:0x007fffff x18=0x00000000
     160215.000 ns	     16020	8000362c	01cb9433	sll	x8,x23,x28	 x23:0x00000000 x28:0x80040fe4  x8=0x00000000
     160225.000 ns	     16021	80003630	01ad1f33	sll	x30,x26,x26	 x26:0x00000000 x26:0x00000000 x30=0x00000000
     160245.000 ns	     16023	80003634	032b4533	div	x10,x22,x18	 x22:0x007fffff x18:0x00000000 x10=0xffffffff
     160265.000 ns	     16025	80003638	01095fb3	srl	x31,x18,x16	 x18:0x00000000 x16:0x00000000 x31=0x00000000
     160285.000 ns	     16027	8000363c	02229a33	mulh	x20,x5,x2	  x5:0xfffffe6b  x2:0x7fc00000 x20=0xffffff35
     160305.000 ns	     16029	80003640	00289133	sll	x2,x17,x2	 x17:0x00000000  x2:0x7fc00000  x2=0x00000000
     160325.000 ns	     16031	80003644	032ddb33	divu	x22,x27,x18	 x27:0x00000001 x18:0x00000000 x22=0xffffffff
     160345.000 ns	     16033	80003648	011494b3	sll	x9,x9,x17	  x9:0x00000000 x17:0x00000000  x9=0x00000000
     160365.000 ns	     16035	8000364c	d010a5d3	fcvt.s.wu	f11,x1	  x1:0x08000391 f11=0x4d00003a
     160385.000 ns	     16037	80003650	01829bb3	sll	x23,x5,x24	  x5:0xfffffe6b x24:0x00000000 x23=0xfffffe6b
     160405.000 ns	     16039	80003654	02778233	mul	x4,x15,x7	 x15:0x00000002  x7:0xfffffe9d  x4=0xfffffd3a
     160435.000 ns	     16042	80003658	d0147553	fcvt.s.wu	f10,x8	  x8:0x00000000 f10=0x00000000
     160455.000 ns	     16044	8000365c	4deea837	lui	x16,0x4deea	 x16=0x4deea000
     160465.000 ns	     16045	80003660	00990233	add	x4,x18,x9	 x18:0x00000000  x9:0x00000000  x4=0x00000000
     160475.000 ns	     16046	80003664	c6767613	andi	x12,x12,-921	 x12:0x00000000 x12=0x00000000
     160485.000 ns	     16047	80003668	228d7113	andi	x2,x26,552	 x26:0x00000000  x2=0x00000000
     160505.000 ns	     16049	8000366c	028c42b3	div	x5,x24,x8	 x24:0x00000000  x8:0x00000000  x5=0xffffffff
     160535.000 ns	     16052	80003670	20b48653	fsgnj.s	f12,f9,f11	  f9:0x41000000 f11:0x4d00003a f12=0x41000000
     160555.000 ns	     16054	80003674	0101d213	srli	x4,x3,0x10	  x3:0xe403c600  x4=0x0000e403
     160575.000 ns	     16056	80003678	a0180c53	fle.s	x24,f16,f1	 f16:0x47801500  f1:0x7fc00000 x24=0x00000000
     160605.000 ns	     16059	8000367c	d001fad3	fcvt.s.w	f21,x3	  x3:0xe403c600 f21=0xcddfe1d0
     160635.000 ns	     16062	80003680	e00b0253	fmv.x.w	x4,f22	 f22:0x7fc00000  x4=0x7fc00000
     160665.000 ns	     16065	80003684	20e89bd3	fsgnjn.s	f23,f17,f14	 f17:0x7fc00000 f14:0x3f800000 f23=0xffc00000
     160685.000 ns	     16067	80003688	01253533	sltu	x10,x10,x18	 x10:0xffffffff x18:0x00000000 x10=0x00000000
     161045.000 ns	     16103	8000368c	036eff33	remu	x30,x29,x22	 x29:0x80040fe4 x22:0xffffffff x30=0x80040fe4
     161075.000 ns	     16106	80003690	d000aad3	fcvt.s.w	f21,x1	  x1:0x08000391 f21=0x4d00003a
     161095.000 ns	     16108	80003694	0149d433	srl	x8,x19,x20	 x19:0x00000000 x20:0xffffff35  x8=0x00000000
     161125.000 ns	     16111	80003698	1155c753	fmul.s	f14,f11,f21	 f11:0x4d00003a f21:0x4d00003a f14=0x5a800074
     161145.000 ns	     16113	8000369c	01579533	sll	x10,x15,x21	 x15:0x00000002 x21:0x00000000 x10=0x00000002
     161165.000 ns	     16115	800036a0	d00803d3	fcvt.s.w	f7,x16	 x16:0x4deea000  f7=0x4e9bdd40
     161195.000 ns	     16118	800036a4	03f614b3	mulh	x9,x12,x31	 x12:0x00000000 x31:0x00000000  x9=0x00000000
     161215.000 ns	     16120	800036a8	01c51d93	slli	x27,x10,0x1c	 x10:0x00000002 x27=0x20000000
     161225.000 ns	     16121	800036ac	005d5d93	srli	x27,x26,0x5	 x26:0x00000000 x27=0x00000000
     161245.000 ns	     16123	800036b0	20289c53	fsgnjn.s	f24,f17,f2	 f17:0x7fc00000  f2:0x00000000 f24=0xffc00000
     161265.000 ns	     16125	800036b4	00feca33	xor	x20,x29,x15	 x29:0x80040fe4 x15:0x00000002 x20=0x80040fe6
     161305.000 ns	     16129	800036b8	0036fad3	fadd.s	f21,f13,f3	 f13:0x438001d8  f3:0xc45c00ec f21=0xc41c0000
     161345.000 ns	     16133	800036bc	10b5cc53	fmul.s	f24,f11,f11	 f11:0x4d00003a f11:0x4d00003a f24=0x5a800074
     161375.000 ns	     16136	800036c0	02740eb3	mul	x29,x8,x7	  x8:0x00000000  x7:0xfffffe9d x29=0x00000000
     161405.000 ns	     16139	800036c4	a065a3d3	feq.s	x7,f11,f6	 f11:0x4d00003a  f6:0xc7800400  x7=0x00000000
     161435.000 ns	     16142	800036c8	027f1d33	mulh	x26,x30,x7	 x30:0x80040fe4  x7:0xfffffe9d x26=0x00000000
     161455.000 ns	     16144	800036cc	00e87fb3	and	x31,x16,x14	 x16:0x4deea000 x14:0xffffffff x31=0x4deea000
     161475.000 ns	     16146	800036d0	e0021b53	fclass.s	x22,f4	  f4:0x3f7fffae x22=0x00000040
     161845.000 ns	     16183	800036d4	030e6a33	rem	x20,x28,x16	 x28:0x80040fe4 x16:0x4deea000 x20=0xcdf2afe4
     161875.000 ns	     16186	800036d8	29dd8753	fmin.s	f14,f27,f29	 f27:0x7fc00000 f29:0x00000000 f14=0x00000000
     161895.000 ns	     16188	800036dc	98fd6097	auipc	x1,0x98fd6	  x1=0x18fd96dc
     161905.000 ns	     16189	800036e0	009dad33	slt	x26,x27,x9	 x27:0x00000000  x9:0x00000000 x26=0x00000000
     161935.000 ns	     16192	800036e4	116772d3	fmul.s	f5,f14,f22	 f14:0x00000000 f22:0x7fc00000  f5=0x7fc00000
     161965.000 ns	     16195	800036e8	a1060d53	fle.s	x26,f12,f16	 f12:0x41000000 f16:0x47801500 x26=0x00000001
     161985.000 ns	     16197	800036ec	df516c93	ori	x25,x2,-523	  x2:0x00000000 x25=0xfffffdf5
     162005.000 ns	     16199	800036f0	20ca8d53	fsgnj.s	f26,f21,f12	 f21:0xc41c0000 f12:0x41000000 f26=0x441c0000
     162035.000 ns	     16202	800036f4	038e9933	mulh	x18,x29,x24	 x29:0x00000000 x24:0x00000000 x18=0x00000000
     162055.000 ns	     16204	800036f8	01a07233	and	x4,x0,x26	  x0:0x00000000 x26:0x00000001  x4=0x00000000
     162065.000 ns	     16205	800036fc	018f50b3	srl	x1,x30,x24	 x30:0x80040fe4 x24:0x00000000  x1=0x80040fe4
     162075.000 ns	     16206	80003700	40335d13	srai	x26,x6,0x3	  x6:0x80041024 x26=0xf0008204
     162095.000 ns	     16208	80003704	02228633	mul	x12,x5,x2	  x5:0xffffffff  x2:0x00000000 x12=0x00000000
     162115.000 ns	     16210	80003708	aca082b7	lui	x5,0xaca08	  x5=0xaca08000
     162125.000 ns	     16211	8000370c	1731a713	slti	x14,x3,371	  x3:0xe403c600 x14=0x00000001
     162135.000 ns	     16212	80003710	01a90933	add	x18,x18,x26	 x18:0x00000000 x26:0xf0008204 x18=0xf0008204
     162155.000 ns	     16214	80003714	e0030453	fmv.x.w	x8,f6	  f6:0xc7800400  x8=0xc7800400
     162185.000 ns	     16217	80003718	214617d3	fsgnjn.s	f15,f12,f20	 f12:0x41000000 f20:0x3f087398 f15=0xc1000000
     162205.000 ns	     16219	8000371c	00081eb3	sll	x29,x16,x0	 x16:0x4deea000  x0:0x00000000 x29=0x4deea000
     162215.000 ns	     16220	80003720	00e5e3b3	or	x7,x11,x14	 x11:0x00000001 x14:0x00000001  x7=0x00000001
     162235.000 ns	     16222	80003724	d01cfa53	fcvt.s.wu	f20,x25	 x25:0xfffffdf5 f20=0x4f7ffffd
     162255.000 ns	     16224	80003728	0167dc13	srli	x24,x15,0x16	 x15:0x00000002 x24=0x00000000
     162265.000 ns	     16225	8000372c	680cbc13	sltiu	x24,x25,1664	 x25:0xfffffdf5 x24=0x00000000
     162285.000 ns	     16227	80003730	20102a53	fsgnjx.s	f20,f0,f1	  f0:0x7fc00000  f1:0x7fc00000 f20=0x7fc00000
     162315.000 ns	     16230	80003734	21179553	fsgnjn.s	f10,f15,f17	 f15:0xc1000000 f17:0x7fc00000 f10=0xc1000000
     162335.000 ns	     16232	80003738	007dd533	srl	x10,x27,x7	 x27:0x00000000  x7:0x00000001 x10=0x00000000
     162355.000 ns	     16234	8000373c	206d1553	fsgnjn.s	f10,f26,f6	 f26:0x441c0000  f6:0xc7800400 f10=0x441c0000
     162375.000 ns	     16236	80003740	41b7d913	srai	x18,x15,0x1b	 x15:0x00000002 x18=0x00000000
     162395.000 ns	     16238	80003744	e00b9253	fclass.s	x4,f23	 f23:0xffc00000  x4=0x00000200
     163575.000 ns	     16356	80003748	58043753	fsqrt.s	f14,f8	  f8:0x42080000 f14=0x404054b4
     163595.000 ns	     16358	8000374c	019966b3	or	x13,x18,x25	 x18:0x00000000 x25:0xfffffdf5 x13=0xfffffdf5
     163615.000 ns	     16360	80003750	a12a80d3	fle.s	x1,f21,f18	 f21:0xc41c0000 f18:0x00000000  x1=0x00000001
     163635.000 ns	     16362	80003754	38359397	auipc	x7,0x38359	  x7=0xb835c754
     163655.000 ns	     16364	80003758	03fa8eb3	mul	x29,x21,x31	 x21:0x00000000 x31:0x4deea000 x29=0x00000000
     163685.000 ns	     16367	8000375c	0331f4b3	remu	x9,x3,x19	  x3:0xe403c600 x19:0x00000000  x9=0xe403c600
     163715.000 ns	     16370	80003760	d001fdd3	fcvt.s.w	f27,x3	  x3:0xe403c600 f27=0xcddfe1d0
     163735.000 ns	     16372	80003764	234ae397	auipc	x7,0x234ae	  x7=0xa34b1764
     163745.000 ns	     16373	80003768	01815b93	srli	x23,x2,0x18	  x2:0x00000000 x23=0x00000000
     163765.000 ns	     16375	8000376c	d0182b53	fcvt.s.wu	f22,x16	 x16:0x4deea000 f22=0x4e9bdd40
     163785.000 ns	     16377	80003770	50dbac13	slti	x24,x23,1293	 x23:0xfffffe6b x24=0x00000001
     163795.000 ns	     16378	80003774	00000013	addi	x0,x0,0	  x0:0x00000000
     163815.000 ns	     16380	80003778	03bcf8b3	remu	x17,x25,x27	 x25:0xfffffdf5 x27:0x00000000 x17=0xfffffdf5
     163845.000 ns	     16383	8000377c	03215133	divu	x2,x2,x18	  x2:0x00000000 x18:0x00000000  x2=0xffffffff
     163865.000 ns	     16385	80003780	008e5e93	srli	x29,x28,0x8	 x28:0x80040fe4 x29=0x0080040f
     163875.000 ns	     16386	80003784	4703f117	auipc	x2,0x4703f	  x2=0xc7042784
     163885.000 ns	     16387	80003788	cacf4b13	xori	x22,x30,-852	 x30:0x80040fe4 x22=0x7ffbf348
     163905.000 ns	     16389	8000378c	f00980d3	fmv.w.x	f1,x19	 x19:0x00000000  f1=0x00000000
     163935.000 ns	     16392	80003790	a02d1553	flt.s	x10,f26,f2	 f26:0x441c0000  f2:0x00000000 x10=0x00000000
     163955.000 ns	     16394	80003794	00000013	addi	x0,x0,0	  x0:0x00000000
     163985.000 ns	     16397	80003798	110d9253	fmul.s	f4,f27,f16	 f27:0xcddfe1d0 f16:0x47801500  f4=0xd5e0068b
     164005.000 ns	     16399	8000379c	015d4b33	xor	x22,x26,x21	 x26:0xf0008204 x21:0x00000000 x22=0xf0008204
     164035.000 ns	     16402	800037a0	102cff53	fmul.s	f30,f25,f2	 f25:0x3f087398  f2:0x00000000 f30=0x00000000
     164065.000 ns	     16405	800037a4	206da753	fsgnjx.s	f14,f27,f6	 f27:0xcddfe1d0  f6:0xc7800400 f14=0x4ddfe1d0
     164085.000 ns	     16407	800037a8	00485513	srli	x10,x16,0x4	 x16:0x4deea000 x10=0x04deea00
     164115.000 ns	     16410	800037ac	19f8f1d3	fdiv.s	f3,f17,f31	 f17:0x7fc00000 f31:0xc41c0000  f3=0x7fc00000
     164135.000 ns	     16412	800037b0	0129e233	or	x4,x19,x18	 x19:0x00000000 x18:0x00000000  x4=0x00000000
     164155.000 ns	     16414	800037b4	20c90653	fsgnj.s	f12,f18,f12	 f18:0x00000000 f12:0x41000000 f12=0x00000000
     164175.000 ns	     16416	800037b8	41668533	sub	x10,x13,x22	 x13:0xfffffdf5 x22:0xf0008204 x10=0x0fff7bf1
     164195.000 ns	     16418	800037bc	29431bd3	fmax.s	f23,f6,f20	  f6:0xc7800400 f20:0x7fc00000 f23=0xc7800400
     165375.000 ns	     16536	800037c0	5809f953	fsqrt.s	f18,f19	 f19:0x438001d8 f18=0x418000c4
     165395.000 ns	     16538	800037c4	00000013	addi	x0,x0,0	  x0:0x00000000
     165755.000 ns	     16574	800037c8	0391fb33	remu	x22,x3,x25	  x3:0xe403c600 x25:0xfffffdf5 x22=0xe403c600
     165775.000 ns	     16576	800037cc	00d658b3	srl	x17,x12,x13	 x12:0x00000000 x13:0xfffffdf5 x17=0x00000000
     165795.000 ns	     16578	800037d0	c01374d3	fcvt.wu.s	x9,f6	  f6:0xc7800400  x9=0x00010008
     165815.000 ns	     16580	800037d4	01435d93	srli	x27,x6,0x14	  x6:0x80041024 x27=0x00000800
     165825.000 ns	     16581	800037d8	019fdab3	srl	x21,x31,x25	 x31:0x4deea000 x25:0xfffffdf5 x21=0x0000026f
     165835.000 ns	     16582	800037dc	41b1dbb3	sra	x23,x3,x27	  x3:0xe403c600 x27:0x00000000 x23=0xe403c600
     165845.000 ns	     16583	800037e0	a1560813	addi	x16,x12,-1515	 x12:0x00000000 x16=0xfffffa15
     165855.000 ns	     16584	800037e4	4117d933	sra	x18,x15,x17	 x15:0x00000002 x17:0x00000000 x18=0x00000002
     165875.000 ns	     16586	800037e8	e0068c53	fmv.x.w	x24,f13	 f13:0x438001d8 x24=0x438001d8
     165905.000 ns	     16589	800037ec	d0179ed3	fcvt.s.wu	f29,x15	 x15:0x00000002 f29=0x40000000
     165935.000 ns	     16592	800037f0	c01d2653	fcvt.wu.s	x12,f26	 f26:0x441c0000 x12=0x00000270
     165955.000 ns	     16594	800037f4	00195233	srl	x4,x18,x1	 x18:0x00000002  x1:0x00000001  x4=0x00000001
     165965.000 ns	     16595	800037f8	8cde6093	ori	x1,x28,-1843	 x28:0x80040fe4  x1=0xffffffed
     165975.000 ns	     16596	800037fc	01f56633	or	x12,x10,x31	 x10:0x0fff7bf1 x31:0x4deea000 x12=0x4ffffbf1
     165995.000 ns	     16598	80003800	21580f53	fsgnj.s	f30,f16,f21	 f16:0x47801500 f21:0xc41c0000 f30=0xc7801500
     166025.000 ns	     16601	80003804	02ee8133	mul	x2,x29,x14	 x29:0x0080040f x14:0x00000001  x2=0x0080040f
     166045.000 ns	     16603	80003808	014b6133	or	x2,x22,x20	 x22:0xe403c600 x20:0xcdf2afe4  x2=0xedf3efe4
     166055.000 ns	     16604	8000380c	4021d633	sra	x12,x3,x2	  x3:0xe403c600  x2:0x0080040f x12=0xfe403c60
     166075.000 ns	     16606	80003810	a176af53	feq.s	x30,f13,f23	 f13:0x438001d8 f23:0xc7800400 x30=0x00000000
     166105.000 ns	     16609	80003814	d014f053	fcvt.s.wu	f0,x9	  x9:0x00010008  f0=0x47800400
     166125.000 ns	     16611	80003818	00359533	sll	x10,x11,x3	 x11:0x00000001  x3:0xe403c600 x10=0x00000001
     166135.000 ns	     16612	8000381c	0069ffb3	and	x31,x19,x6	 x19:0x00000000  x6:0x80041024 x31=0x00000000
     166145.000 ns	     16613	80003820	011142b3	xor	x5,x2,x17	  x2:0xedf3efe4 x17:0x00000000  x5=0xedf3efe4
     166165.000 ns	     16615	80003824	21690653	fsgnj.s	f12,f18,f22	 f18:0x418000c4 f22:0x4e9bdd40 f12=0x418000c4
     166195.000 ns	     16618	80003828	f00e04d3	fmv.w.x	f9,x28	 x28:0x80040fe4  f9=0x80040fe4
     166245.000 ns	     16623	8000382c	00abb553	fadd.s	f10,f23,f10	 f23:0xc7800400 f10:0x441c0000 f10=0xc77d9800
     166275.000 ns	     16626	80003830	a13989d3	fle.s	x19,f19,f19	 f19:0x438001d8 f19:0x438001d8 x19=0x00000001
     166325.000 ns	     16631	80003834	017372d3	fadd.s	f5,f6,f23	  f6:0xc7800400 f23:0xc7800400  f5=0xc8000400
     166695.000 ns	     16668	80003838	02617633	remu	x12,x2,x6	  x2:0xedf3efe4  x6:0x80041024 x12=0x6defdfc0
     166725.000 ns	     16671	8000383c	e0060553	fmv.x.w	x10,f12	 f12:0x418000c4 x10=0x418000c4
     166745.000 ns	     16673	80003840	007f6b33	or	x22,x30,x7	 x30:0x00000000  x7:0xa34b1764 x22=0xa34b1764
     166755.000 ns	     16674	80003844	018661b3	or	x3,x12,x24	 x12:0x6defdfc0 x24:0x438001d8  x3=0x6fefdfd8
     166765.000 ns	     16675	80003848	00454eb3	xor	x29,x10,x4	 x10:0x418000c4  x4:0x00000001 x29=0x418000c5
     166785.000 ns	     16677	8000384c	03f34fb3	div	x31,x6,x31	  x6:0x80041024 x31:0x00000000 x31=0xffffffff
     167155.000 ns	     16714	80003850	03bfd833	divu	x16,x31,x27	 x31:0x00000000 x27:0x00000800 x16=0x001fffff
     167175.000 ns	     16716	80003854	00bcc2b3	xor	x5,x25,x11	 x25:0xfffffdf5 x11:0x00000001  x5=0xfffffdf4
     167195.000 ns	     16718	80003858	297802d3	fmin.s	f5,f16,f23	 f16:0x47801500 f23:0xc7800400  f5=0xc7800400
     167225.000 ns	     16721	8000385c	d0087ed3	fcvt.s.w	f29,x16	 x16:0x001fffff f29=0x49fffff8
     167255.000 ns	     16724	80003860	293b1753	fmax.s	f14,f22,f19	 f22:0x4e9bdd40 f19:0x438001d8 f14=0x4e9bdd40
     167285.000 ns	     16727	80003864	d0107353	fcvt.s.wu	f6,x0	  x0:0x00000000  f6=0x00000000
     167315.000 ns	     16730	80003868	a0d980d3	fle.s	x1,f19,f13	 f19:0x438001d8 f13:0x438001d8  x1=0x00000001
     167345.000 ns	     16733	8000386c	e0038853	fmv.x.w	x16,f7	  f7:0x4e9bdd40 x16=0x4e9bdd40
     167365.000 ns	     16735	80003870	8ce73113	sltiu	x2,x14,-1842	 x14:0x00000001  x2=0x00000001
     167375.000 ns	     16736	80003874	00431393	slli	x7,x6,0x4	  x6:0x80041024  x7=0x00410240
     167385.000 ns	     16737	80003878	40bf55b3	sra	x11,x30,x11	 x30:0x00000000 x11:0x00000001 x11=0x00000000
     167745.000 ns	     16773	8000387c	03ad41b3	div	x3,x26,x26	 x26:0xf0008204 x26:0xf0008204  x3=0x00000001
     167785.000 ns	     16777	80003880	11030f53	fmul.s	f30,f6,f16	  f6:0x00000000 f16:0x47801500 f30=0x00000000
     167815.000 ns	     16780	80003884	02912db3	mulhsu	x27,x2,x9	  x2:0x00000001  x9:0x00010008 x27=0x00000000
     167845.000 ns	     16783	80003888	026faa33	mulhsu	x20,x31,x6	 x31:0xffffffff  x6:0x80041024 x20=0xffffffff
     168185.000 ns	     16817	8000388c	19687f53	fdiv.s	f30,f16,f22	 f16:0x47801500 f22:0x4e9bdd40 f30=0x38001500
     169365.000 ns	     16935	80003890	580601d3	fsqrt.s	f3,f12	 f12:0x418000c4  f3=0x4080003a
     169735.000 ns	     16972	80003894	03f87733	remu	x14,x16,x31	 x16:0x4e9bdd40 x31:0xffffffff x14=0x4e9bdd40
     169765.000 ns	     16975	80003898	e0030653	fmv.x.w	x12,f6	  f6:0x00000000 x12=0x00000000
     169795.000 ns	     16978	8000389c	037f8733	mul	x14,x31,x23	 x31:0xffffffff x23:0xe403c600 x14=0x1bfc3a00
     169815.000 ns	     16980	800038a0	e6265617	auipc	x12,0xe6265	 x12=0x662688a0
     169835.000 ns	     16982	800038a4	21f02053	fsgnjx.s	f0,f0,f31	  f0:0x47800400 f31:0xc41c0000  f0=0xc7800400
     169865.000 ns	     16985	800038a8	21819ad3	fsgnjn.s	f21,f3,f24	  f3:0x4080003a f24:0x5a800074 f21=0xc080003a
     169895.000 ns	     16988	800038ac	c01379d3	fcvt.wu.s	x19,f6	  f6:0x00000000 x19=0x00000000
     170265.000 ns	     17025	800038b0	02d0c833	div	x16,x1,x13	  x1:0x00000001 x13:0xfffffdf5 x16=0x00000000
     170295.000 ns	     17028	800038b4	a0248ad3	fle.s	x21,f9,f2	  f9:0x80040fe4  f2:0x00000000 x21=0x00000001
     170315.000 ns	     17030	800038b8	d4d13093	sltiu	x1,x2,-691	  x2:0x00000001  x1=0x00000001
     170335.000 ns	     17032	800038bc	022793b3	mulh	x7,x15,x2	 x15:0x00000002  x2:0x00000001  x7=0x00000000
     170365.000 ns	     17035	800038c0	d000f1d3	fcvt.s.w	f3,x1	  x1:0x00000001  f3=0x3f800000
     170395.000 ns	     17038	800038c4	20a2aa53	fsgnjx.s	f20,f5,f10	  f5:0xc7800400 f10:0xc77d9800 f20=0x47800400
     170415.000 ns	     17040	800038c8	011b11b3	sll	x3,x22,x17	 x22:0xa34b1764 x17:0x00000000  x3=0xa34b1764
     170435.000 ns	     17042	800038cc	284d85d3	fmin.s	f11,f27,f4	 f27:0xcddfe1d0  f4:0xd5e0068b f11=0xd5e0068b
     170805.000 ns	     17079	800038d0	0280e2b3	rem	x5,x1,x8	  x1:0x00000001  x8:0xc7800400  x5=0x00000001
     170825.000 ns	     17081	800038d4	00d8f0b3	and	x1,x17,x13	 x17:0x00000000 x13:0xfffffdf5  x1=0x00000000
     170845.000 ns	     17083	800038d8	020ebc33	mulhu	x24,x29,x0	 x29:0x418000c5  x0:0x00000000 x24=0x00000000
     170865.000 ns	     17085	800038dc	00eb99b3	sll	x19,x23,x14	 x23:0xe403c600 x14:0x1bfc3a00 x19=0xe403c600
     170875.000 ns	     17086	800038e0	4177d733	sra	x14,x15,x23	 x15:0x00000002 x23:0xe403c600 x14=0x00000002
     170915.000 ns	     17090	800038e4	01487cd3	fadd.s	f25,f16,f20	 f16:0x47801500 f20:0x47800400 f25=0x48000c80
     170935.000 ns	     17092	800038e8	0175dab3	srl	x21,x11,x23	 x11:0x00000000 x23:0xe403c600 x21=0x00000000
     170955.000 ns	     17094	800038ec	f0038ad3	fmv.w.x	f21,x7	  x7:0x00000000 f21=0x00000000
     170985.000 ns	     17097	800038f0	201512d3	fsgnjn.s	f5,f10,f1	 f10:0xc77d9800  f1:0x00000000  f5=0xc77d9800
     171015.000 ns	     17100	800038f4	a01c2c53	feq.s	x24,f24,f1	 f24:0x5a800074  f1:0x00000000 x24=0x00000000
     171035.000 ns	     17102	800038f8	00d5ccb3	xor	x25,x11,x13	 x11:0x00000000 x13:0xfffffdf5 x25=0xfffffdf5
     171045.000 ns	     17103	800038fc	008634b3	sltu	x9,x12,x8	 x12:0x662688a0  x8:0xc7800400  x9=0x00000001
     171055.000 ns	     17104	80003900	d3988613	addi	x12,x17,-711	 x17:0x00000000 x12=0xfffffd39
     171075.000 ns	     17106	80003904	a098a5d3	feq.s	x11,f17,f9	 f17:0x7fc00000  f9:0x80040fe4 x11=0x00000000
     171445.000 ns	     17143	80003908	02394933	div	x18,x18,x3	 x18:0x00000002  x3:0xa34b1764 x18=0x00000000
     171815.000 ns	     17180	8000390c	03ff4933	div	x18,x30,x31	 x30:0x00000000 x31:0xffffffff x18=0x00000000
     171865.000 ns	     17185	80003910	09a5f6d3	fsub.s	f13,f11,f26	 f11:0xd5e0068b f26:0x441c0000 f13=0xd5e0068b
     172235.000 ns	     17222	80003914	03cdcc33	div	x24,x27,x28	 x27:0x00000000 x28:0x80040fe4 x24=0x00000000
     172265.000 ns	     17225	80003918	c01baf53	fcvt.wu.s	x30,f23	 f23:0xc7800400 x30=0x00010008
     172285.000 ns	     17227	8000391c	4a2fac93	slti	x25,x31,1186	 x31:0xffffffff x25=0x00000001
     172295.000 ns	     17228	80003920	311de093	ori	x1,x27,785	 x27:0x00000000  x1=0x00000311
     172315.000 ns	     17230	80003924	20d6a7d3	fsgnjx.s	f15,f13,f13	 f13:0xd5e0068b f13:0xd5e0068b f15=0x55e0068b
     172335.000 ns	     17232	80003928	01c1e133	or	x2,x3,x28	  x3:0xa34b1764 x28:0x80040fe4  x2=0xa34f1fe4
     172355.000 ns	     17234	8000392c	c00272d3	fcvt.w.s	x5,f4	  f4:0xd5e0068b  x5=0x80000000
     172375.000 ns	     17236	80003930	0171c0b3	xor	x1,x3,x23	  x3:0xa34b1764 x23:0xe403c600  x1=0x4748d164
     172405.000 ns	     17239	80003934	58037553	fsqrt.s	f10,f6	  f6:0x00000000 f10=0x00000000
     172435.000 ns	     17242	80003938	f0068453	fmv.w.x	f8,x13	 x13:0xfffffdf5  f8=0xfffffdf5
     172455.000 ns	     17244	8000393c	30325a97	auipc	x21,0x30325	 x21=0xb032893c
     172785.000 ns	     17277	80003940	1909b6d3	fdiv.s	f13,f19,f16	 f19:0x438001d8 f16:0x47801500 f13=0x3b49c51c
     172805.000 ns	     17279	80003944	dcc214b7	lui	x9,0xdcc21	  x9=0xdcc21000
     172815.000 ns	     17280	80003948	018e2033	slt	x0,x28,x24	 x28:0x80040fe4 x24:0x00000000
     172825.000 ns	     17281	8000394c	00e60a33	add	x20,x12,x14	 x12:0xfffffd39 x14:0x00000002 x20=0xfffffd3b
     172845.000 ns	     17283	80003950	a1e58553	fle.s	x10,f11,f30	 f11:0xd5e0068b f30:0x38001500 x10=0x00000001
     172875.000 ns	     17286	80003954	a03a28d3	feq.s	x17,f20,f3	 f20:0x47800400  f3:0x3f800000 x17=0x00000000
     172905.000 ns	     17289	80003958	214029d3	fsgnjx.s	f19,f0,f20	  f0:0xc7800400 f20:0x47800400 f19=0xc7800400
     172925.000 ns	     17291	8000395c	c93318b7	lui	x17,0xc9331	 x17=0xc9331000
     172945.000 ns	     17293	80003960	f00f89d3	fmv.w.x	f19,x31	 x31:0xffffffff f19=0xffffffff
     172965.000 ns	     17295	80003964	0150b133	sltu	x2,x1,x21	  x1:0x4748d164 x21:0xb032893c  x2=0x00000001
     172975.000 ns	     17296	80003968	1f45a713	slti	x14,x11,500	 x11:0x00000000 x14=0x00000001
     173015.000 ns	     17300	8000396c	080b9453	fsub.s	f8,f23,f0	 f23:0xc7800400  f0:0xc7800400  f8=0x00000000
     173045.000 ns	     17303	80003970	02f69833	mulh	x16,x13,x15	 x13:0xfffffdf5 x15:0x00000002 x16=0xffffffff
     173065.000 ns	     17305	80003974	5ad86293	ori	x5,x16,1453	 x16:0x00000000  x5=0xffffffff
     173075.000 ns	     17306	80003978	00215db3	srl	x27,x2,x2	  x2:0x00000001  x2:0x00000001 x27=0x00000000
     173085.000 ns	     17307	8000397c	009a3db3	sltu	x27,x20,x9	 x20:0xfffffd3b  x9:0xdcc21000 x27=0x00000000
     173105.000 ns	     17309	80003980	21452e53	fsgnjx.s	f28,f10,f20	 f10:0x00000000 f20:0x47800400 f28=0x00000000
     173125.000 ns	     17311	80003984	f7c53213	sltiu	x4,x10,-132	 x10:0x00000001  x4=0x00000001
     173145.000 ns	     17313	80003988	e00f0a53	fmv.x.w	x20,f30	 f30:0x38001500 x20=0x38001500
     173175.000 ns	     17316	8000398c	a1832253	feq.s	x4,f6,f24	  f6:0x00000000 f24:0x5a800074  x4=0x00000000
     173195.000 ns	     17318	80003990	00fc4833	xor	x16,x24,x15	 x24:0x00000000 x15:0x00000002 x16=0x00000002
     173235.000 ns	     17322	80003994	0132f453	fadd.s	f8,f5,f19	  f5:0xc77d9800 f19:0xffffffff  f8=0x7fc00000
     173265.000 ns	     17325	80003998	024d1433	mulh	x8,x26,x4	 x26:0xf0008204  x4:0x00000000  x8=0x00000000
     173285.000 ns	     17327	8000399c	dc95df17	auipc	x30,0xdc95d	 x30=0x5c96099c
     173305.000 ns	     17329	800039a0	a0b62fd3	feq.s	x31,f12,f11	 f12:0x418000c4 f11:0xd5e0068b x31=0x00000000
     173325.000 ns	     17331	800039a4	00212b33	slt	x22,x2,x2	  x2:0x00000001  x2:0x00000001 x22=0x00000000
     173345.000 ns	     17333	800039a8	02581d33	mulh	x26,x16,x5	 x16:0x00000002  x5:0xffffffff x26=0xffffffff
     173365.000 ns	     17335	800039ac	00a59633	sll	x12,x11,x10	 x11:0x00000000 x10:0x00000001 x12=0x00000000
     173375.000 ns	     17336	800039b0	00ae7ab3	and	x21,x28,x10	 x28:0x80040fe4 x10:0x00000001 x21=0x00000000
     173395.000 ns	     17338	800039b4	a1b3acd3	feq.s	x25,f7,f27	  f7:0x4e9bdd40 f27:0xcddfe1d0 x25=0x00000000
     173415.000 ns	     17340	800039b8	000d8633	add	x12,x27,x0	 x27:0x00000000  x0:0x00000000 x12=0x00000000
     173435.000 ns	     17342	800039bc	c0091fd3	fcvt.w.s	x31,f18	 f18:0x418000c4 x31=0x00000010
     173485.000 ns	     17347	800039c0	0079f053	fadd.s	f0,f19,f7	 f19:0xffffffff  f7:0x4e9bdd40  f0=0x7fc00000
     173505.000 ns	     17349	800039c4	011746b3	xor	x13,x14,x17	 x14:0x00000001 x17:0xc9331000 x13=0xc9331001
     173525.000 ns	     17351	800039c8	d016f1d3	fcvt.s.wu	f3,x13	 x13:0xfffffdf5  f3=0x4f493310
     173545.000 ns	     17353	800039cc	41e98133	sub	x2,x19,x30	 x19:0xe403c600 x30:0x5c96099c  x2=0x876dbc64
     173565.000 ns	     17355	800039d0	21939ad3	fsgnjn.s	f21,f7,f25	  f7:0x4e9bdd40 f25:0x48000c80 f21=0xce9bdd40
     173595.000 ns	     17358	800039d4	d0163153	fcvt.s.wu	f2,x12	 x12:0x00000000  f2=0x00000000
     173625.000 ns	     17361	800039d8	e0048253	fmv.x.w	x4,f9	  f9:0x80040fe4  x4=0x80040fe4
     173655.000 ns	     17364	800039dc	d01bf753	fcvt.s.wu	f14,x23	 x23:0xe403c600 f14=0x4f6403c6
     173685.000 ns	     17367	800039e0	03bca133	mulhsu	x2,x25,x27	 x25:0x00000000 x27:0x00000000  x2=0x00000000
     173705.000 ns	     17369	800039e4	41f14ab7	lui	x21,0x41f14	 x21=0x41f14000
     173725.000 ns	     17371	800039e8	a0338c53	fle.s	x24,f7,f3	  f7:0x4e9bdd40  f3:0x4f493310 x24=0x00000001
     173765.000 ns	     17375	800039ec	115a1c53	fmul.s	f24,f20,f21	 f20:0x47800400 f21:0xce9bdd40 f24=0xd69be21e
     173795.000 ns	     17378	800039f0	a1ab25d3	feq.s	x11,f22,f26	 f22:0x4e9bdd40 f26:0x441c0000 x11=0x00000000
     173815.000 ns	     17380	800039f4	000e99b3	sll	x19,x29,x0	 x29:0x418000c5  x0:0x00000000 x19=0x418000c5
     174985.000 ns	     17497	800039f8	58083153	fsqrt.s	f2,f16	 f16:0x47801500  f2=0x43800a57
     175005.000 ns	     17499	800039fc	373961b7	lui	x3,0x37396	  x3=0x37396000
     175025.000 ns	     17501	80003a00	03e731b3	mulhu	x3,x14,x30	 x14:0x00000001 x30:0x5c96099c  x3=0x00000000
     175055.000 ns	     17504	80003a04	c01aff53	fcvt.wu.s	x30,f21	 f21:0xce9bdd40 x30=0x4deea000
     175075.000 ns	     17506	80003a08	8657e193	ori	x3,x15,-1947	 x15:0x00000002  x3=0xfffff867
     175085.000 ns	     17507	80003a0c	1b2f7e93	andi	x29,x30,434	 x30:0x4deea000 x29=0x00000000
     175115.000 ns	     17510	80003a10	11690453	fmul.s	f8,f18,f22	 f18:0x418000c4 f22:0x4e9bdd40  f8=0x509bde2e
     175145.000 ns	     17513	80003a14	03478cb3	mul	x25,x15,x20	 x15:0x00000002 x20:0x38001500 x25=0x70002a00
     175165.000 ns	     17515	80003a18	009bb6b3	sltu	x13,x23,x9	 x23:0xe403c600  x9:0xdcc21000 x13=0x00000000
     175175.000 ns	     17516	80003a1c	01ee2833	slt	x16,x28,x30	 x28:0x80040fe4 x30:0x4deea000 x16=0x00000001
     175185.000 ns	     17517	80003a20	01cce2b3	or	x5,x25,x28	 x25:0x70002a00 x28:0x80040fe4  x5=0xf0042fe4
     175215.000 ns	     17520	80003a24	580c7653	fsqrt.s	f12,f24	 f24:0xd69be21e f12=0x7fc00000
     175235.000 ns	     17522	80003a28	01ca5293	srli	x5,x20,0x1c	 x20:0x38001500  x5=0x00000003
     175255.000 ns	     17524	80003a2c	d0197753	fcvt.s.wu	f14,x18	 x18:0x00000000 f14=0x00000000
     175275.000 ns	     17526	80003a30	00009433	sll	x8,x1,x0	  x1:0x4748d164  x0:0x00000000  x8=0x4748d164
     175295.000 ns	     17528	80003a34	f00883d3	fmv.w.x	f7,x17	 x17:0xc9331000  f7=0xc9331000
     175315.000 ns	     17530	80003a38	00b89d93	slli	x27,x17,0xb	 x17:0xc9331000 x27=0x98800000
     175325.000 ns	     17531	80003a3c	0113feb3	and	x29,x7,x17	  x7:0x00000000 x17:0xc9331000 x29=0x00000000
     175685.000 ns	     17567	80003a40	031f7bb3	remu	x23,x30,x17	 x30:0x4deea000 x17:0xc9331000 x23=0x4deea000
     176055.000 ns	     17604	80003a44	028be3b3	rem	x7,x23,x8	 x23:0xe403c600  x8:0x4748d164  x7=0x06a5ce9c
     176085.000 ns	     17607	80003a48	21a89353	fsgnjn.s	f6,f17,f26	 f17:0x7fc00000 f26:0x441c0000  f6=0xffc00000
     176135.000 ns	     17612	80003a4c	012daa53	fadd.s	f20,f27,f18	 f27:0xcddfe1d0 f18:0x418000c4 f20=0xcddfe1d0
     176155.000 ns	     17614	80003a50	003e33b3	sltu	x7,x28,x3	 x28:0x80040fe4  x3:0xfffff867  x7=0x00000001
     176165.000 ns	     17615	80003a54	4083dd93	srai	x27,x7,0x8	  x7:0x06a5ce9c x27=0x00000000
     176205.000 ns	     17619	80003a58	08f3f553	fsub.s	f10,f7,f15	  f7:0xc9331000 f15:0x55e0068b f10=0xd5e0068b
     176225.000 ns	     17621	80003a5c	7e193b97	auipc	x23,0x7e193	 x23=0xfe196a5c
     176245.000 ns	     17623	80003a60	f00f0353	fmv.w.x	f6,x30	 x30:0x4deea000  f6=0x4deea000
     176265.000 ns	     17625	80003a64	001cdf93	srli	x31,x25,0x1	 x25:0x70002a00 x31=0x38001500
     176285.000 ns	     17627	80003a68	03d960b3	rem	x1,x18,x29	 x18:0x00000000 x29:0x00000000  x1=0x00000000
     176305.000 ns	     17629	80003a6c	764a1b17	auipc	x22,0x764a1	 x22=0xf64a4a6c
     176315.000 ns	     17630	80003a70	00000013	addi	x0,x0,0	  x0:0x00000000
     177485.000 ns	     17747	80003a74	58069053	fsqrt.s	f0,f13	 f13:0x3b49c51c  f0=0x3d0eac41
     177505.000 ns	     17749	80003a78	00f935b3	sltu	x11,x18,x15	 x18:0x00000000 x15:0x00000002 x11=0x00000001
     177865.000 ns	     17785	80003a7c	03e34bb3	div	x23,x6,x30	  x6:0x80041024 x30:0x4deea000 x23=0xffffffff
     177905.000 ns	     17789	80003a80	58052ed3	fsqrt.s	f29,f10	 f10:0xd5e0068b f29=0x7fc00000
     177935.000 ns	     17792	80003a84	03e89bb3	mulh	x23,x17,x30	 x17:0xc9331000 x30:0x4deea000 x23=0xef514708
     177965.000 ns	     17795	80003a88	03881f33	mulh	x30,x16,x24	 x16:0x00000001 x24:0x00000001 x30=0x00000000
     177985.000 ns	     17797	80003a8c	2f765d17	auipc	x26,0x2f765	 x26=0xaf768a8c
     178005.000 ns	     17799	80003a90	204793d3	fsgnjn.s	f7,f15,f4	 f15:0x55e0068b  f4:0xd5e0068b  f7=0x55e0068b
     178025.000 ns	     17801	80003a94	001c1993	slli	x19,x24,0x1	 x24:0x00000001 x19=0x00000002
     178035.000 ns	     17802	80003a98	005dc8b3	xor	x17,x27,x5	 x27:0x00000000  x5:0x00000003 x17=0x00000003
     178055.000 ns	     17804	80003a9c	028a23b3	mulhsu	x7,x20,x8	 x20:0x38001500  x8:0x4748d164  x7=0x0f97f3a6
     178075.000 ns	     17806	80003aa0	41990833	sub	x16,x18,x25	 x18:0x00000000 x25:0x70002a00 x16=0x8fffd600
     178095.000 ns	     17808	80003aa4	03538933	mul	x18,x7,x21	  x7:0x0f97f3a6 x21:0x41f14000 x18=0x822f8000
     178115.000 ns	     17810	80003aa8	4af2ef13	ori	x30,x5,1199	  x5:0x00000003 x30=0x000004af
     178135.000 ns	     17812	80003aac	a1068253	fle.s	x4,f13,f16	 f13:0x3b49c51c f16:0x47801500  x4=0x00000001
     178155.000 ns	     17814	80003ab0	01db9f33	sll	x30,x23,x29	 x23:0xef514708 x29:0x00000000 x30=0xef514708
     178175.000 ns	     17816	80003ab4	21ed8c53	fsgnj.s	f24,f27,f30	 f27:0xcddfe1d0 f30:0x38001500 f24=0x4ddfe1d0
     178545.000 ns	     17853	80003ab8	02f14db3	div	x27,x2,x15	  x2:0x00000000 x15:0x00000002 x27=0x00000000
     178565.000 ns	     17855	80003abc	013b0ab3	add	x21,x22,x19	 x22:0xf64a4a6c x19:0x00000002 x21=0xf64a4a6e
     178585.000 ns	     17857	80003ac0	a1fa26d3	feq.s	x13,f20,f31	 f20:0xcddfe1d0 f31:0xc41c0000 x13=0x00000000
     178955.000 ns	     17894	80003ac4	02507d33	remu	x26,x0,x5	  x0:0x00000000  x5:0x00000003 x26=0x00000000
     178985.000 ns	     17897	80003ac8	d01a2253	fcvt.s.wu	f4,x20	 x20:0x38001500  f4=0x4e600054
     179015.000 ns	     17900	80003acc	285895d3	fmax.s	f11,f17,f5	 f17:0x7fc00000  f5:0xc77d9800 f11=0xc77d9800
     179045.000 ns	     17903	80003ad0	20629e53	fsgnjn.s	f28,f5,f6	  f5:0xc77d9800  f6:0x4deea000 f28=0xc77d9800
     179065.000 ns	     17905	80003ad4	00e29533	sll	x10,x5,x14	  x5:0x00000003 x14:0x00000001 x10=0x00000006
     179075.000 ns	     17906	80003ad8	99dee097	auipc	x1,0x99dee	  x1=0x19df1ad8
     179085.000 ns	     17907	80003adc	c32d6913	ori	x18,x26,-974	 x26:0x00000000 x18=0xfffffc32
     179105.000 ns	     17909	80003ae0	a0f210d3	flt.s	x1,f4,f15	  f4:0x4e600054 f15:0x55e0068b  x1=0x00000001
     179135.000 ns	     17912	80003ae4	28ae12d3	fmax.s	f5,f28,f10	 f28:0xc77d9800 f10:0xd5e0068b  f5=0xc77d9800
     179165.000 ns	     17915	80003ae8	2043a953	fsgnjx.s	f18,f7,f4	  f7:0x55e0068b  f4:0x4e600054 f18=0x55e0068b
     179215.000 ns	     17920	80003aec	0021f753	fadd.s	f14,f3,f2	  f3:0x4f493310  f2:0x43800a57 f14=0x4f493311
     179235.000 ns	     17922	80003af0	00435db3	srl	x27,x6,x4	  x6:0x80041024  x4:0x00000001 x27=0x40020812
     179595.000 ns	     17958	80003af4	03655033	divu	x0,x10,x22	 x10:0x00000006 x22:0xf64a4a6c
     179625.000 ns	     17961	80003af8	21ed1853	fsgnjn.s	f16,f26,f30	 f26:0x441c0000 f30:0x38001500 f16=0xc41c0000
     179995.000 ns	     17998	80003afc	037bd5b3	divu	x11,x23,x23	 x23:0xef514708 x23:0xef514708 x11=0x00000001
     180025.000 ns	     18001	80003b00	02d1eab3	rem	x21,x3,x13	  x3:0xfffff867 x13:0x00000000 x21=0xfffff867
     180045.000 ns	     18003	80003b04	a3de4513	xori	x10,x28,-1475	 x28:0x80040fe4 x10=0x7ffbf5d9
     180085.000 ns	     18007	80003b08	093fced3	fsub.s	f29,f31,f19	 f31:0xc41c0000 f19:0xffffffff f29=0x7fc00000
     180115.000 ns	     18010	80003b0c	c008a153	fcvt.w.s	x2,f17	 f17:0x7fc00000  x2=0x7fffffff
     180145.000 ns	     18013	80003b10	02902433	mulhsu	x8,x0,x9	  x0:0x00000000  x9:0xdcc21000  x8=0x00000000
     180185.000 ns	     18017	80003b14	1199f5d3	fmul.s	f11,f19,f25	 f19:0xffffffff f25:0x48000c80 f11=0x7fc00000
     180215.000 ns	     18020	80003b18	03d008b3	mul	x17,x0,x29	  x0:0x00000000 x29:0x00000000 x17=0x00000000
     180245.000 ns	     18023	80003b1c	a19b9b53	flt.s	x22,f23,f25	 f23:0xc7800400 f25:0x48000c80 x22=0x00000001
     180265.000 ns	     18025	80003b20	41970233	sub	x4,x14,x25	 x14:0x00000001 x25:0x70002a00  x4=0x8fffd601
     180285.000 ns	     18027	80003b24	031379b3	remu	x19,x6,x17	  x6:0x80041024 x17:0x00000000 x19=0x80041024
     180305.000 ns	     18029	80003b28	00000013	addi	x0,x0,0	  x0:0x00000000
     180325.000 ns	     18031	80003b2c	282981d3	fmin.s	f3,f19,f2	 f19:0xffffffff  f2:0x43800a57  f3=0x43800a57
     180345.000 ns	     18033	80003b30	ad36ba13	sltiu	x20,x13,-1325	 x13:0x00000000 x20=0x00000001
     180355.000 ns	     18034	80003b34	014286b3	add	x13,x5,x20	  x5:0x00000003 x20:0x38001500 x13=0x00000004
     180365.000 ns	     18035	80003b38	00749033	sll	x0,x9,x7	  x9:0xdcc21000  x7:0x0f97f3a6
     180405.000 ns	     18039	80003b3c	01bef553	fadd.s	f10,f29,f27	 f29:0x7fc00000 f27:0xcddfe1d0 f10=0x7fc00000
     180435.000 ns	     18042	80003b40	e00102d3	fmv.x.w	x5,f2	  f2:0x43800a57  x5=0x43800a57
     180775.000 ns	     18076	80003b44	18eb10d3	fdiv.s	f1,f22,f14	 f22:0x4e9bdd40 f14:0x4f493311  f1=0x3e9bdd40
     180805.000 ns	     18079	80003b48	030facb3	mulhsu	x25,x31,x16	 x31:0x38001500 x16:0x8fffd600 x25=0x1f80029f
     180825.000 ns	     18081	80003b4c	0068fa33	and	x20,x17,x6	 x17:0x00000000  x6:0x80041024 x20=0x00000000
     180835.000 ns	     18082	80003b50	1ae32d13	slti	x26,x6,430	  x6:0x80041024 x26=0x00000001
     180845.000 ns	     18083	80003b54	00abd913	srli	x18,x23,0xa	 x23:0xef514708 x18=0x003bd451
     180865.000 ns	     18085	80003b58	213790d3	fsgnjn.s	f1,f15,f19	 f15:0x55e0068b f19:0xffffffff  f1=0x55e0068b
     180885.000 ns	     18087	80003b5c	0051bab3	sltu	x21,x3,x5	  x3:0xfffff867  x5:0x43800a57 x21=0x00000000
     180905.000 ns	     18089	80003b60	f00108d3	fmv.w.x	f17,x2	  x2:0x7fffffff f17=0x7fffffff
     180925.000 ns	     18091	80003b64	3644af17	auipc	x30,0x3644a	 x30=0xb644db64
     180945.000 ns	     18093	80003b68	e00805d3	fmv.x.w	x11,f16	 f16:0xc41c0000 x11=0xc41c0000
     180965.000 ns	     18095	80003b6c	413c5f93	srai	x31,x24,0x13	 x24:0x00000001 x31=0x00000000
     180985.000 ns	     18097	80003b70	d01a0ad3	fcvt.s.wu	f21,x20	 x20:0x00000000 f21=0x00000000
     181355.000 ns	     18134	80003b74	0253eb33	rem	x22,x7,x5	  x7:0x0f97f3a6  x5:0x43800a57 x22=0x0f97f3a6
     181375.000 ns	     18136	80003b78	00000013	addi	x0,x0,0	  x0:0x00000000
     181395.000 ns	     18138	80003b7c	f00a8e53	fmv.w.x	f28,x21	 x21:0x00000000 f28=0x00000000
     181425.000 ns	     18141	80003b80	a0d52dd3	feq.s	x27,f10,f13	 f10:0x7fc00000 f13:0x3b49c51c x27=0x00000000
     181455.000 ns	     18144	80003b84	03c5a9b3	mulhsu	x19,x11,x28	 x11:0xc41c0000 x28:0x80040fe4 x19=0xe20d0cb8
     181485.000 ns	     18147	80003b88	e00f8dd3	fmv.x.w	x27,f31	 f31:0xc41c0000 x27=0xc41c0000
     181515.000 ns	     18150	80003b8c	03148f33	mul	x30,x9,x17	  x9:0xdcc21000 x17:0x00000000 x30=0x00000000
     181545.000 ns	     18153	80003b90	a08d14d3	flt.s	x9,f26,f8	 f26:0x441c0000  f8:0x509bde2e  x9=0x00000001
     181565.000 ns	     18155	80003b94	a585ec13	ori	x24,x11,-1448	 x11:0xc41c0000 x24=0xfffffa58
     181575.000 ns	     18156	80003b98	403356b3	sra	x13,x6,x3	  x6:0x80041024  x3:0xfffff867 x13=0xff000820
     181595.000 ns	     18158	80003b9c	21a825d3	fsgnjx.s	f11,f16,f26	 f16:0xc41c0000 f26:0x441c0000 f11=0xc41c0000
     181625.000 ns	     18161	80003ba0	a1dc9c53	flt.s	x24,f25,f29	 f25:0x48000c80 f29:0x7fc00000 x24=0x00000000
     181655.000 ns	     18164	80003ba4	d018afd3	fcvt.s.wu	f31,x17	 x17:0x00000000 f31=0x00000000
     181675.000 ns	     18166	80003ba8	00e79a93	slli	x21,x15,0xe	 x15:0x00000002 x21=0x00008000
     181685.000 ns	     18167	80003bac	3d87b6b7	lui	x13,0x3d87b	 x13=0x3d87b000
     181705.000 ns	     18169	80003bb0	21ba1c53	fsgnjn.s	f24,f20,f27	 f20:0xcddfe1d0 f27:0xcddfe1d0 f24=0x4ddfe1d0
     181735.000 ns	     18172	80003bb4	d00d7ad3	fcvt.s.w	f21,x26	 x26:0x00000001 f21=0x3f800000
     181755.000 ns	     18174	80003bb8	2d9dc613	xori	x12,x27,729	 x27:0xc41c0000 x12=0xc41c02d9
     181775.000 ns	     18176	80003bbc	d005fa53	fcvt.s.w	f20,x11	 x11:0xc41c0000 f20=0xce6f9000
     182145.000 ns	     18213	80003bc0	0362eb33	rem	x22,x5,x22	  x5:0x43800a57 x22:0x0f97f3a6 x22=0x05203bbf
     182515.000 ns	     18250	80003bc4	03614433	div	x8,x2,x22	  x2:0x7fffffff x22:0x0f97f3a6  x8=0x00000018
     182535.000 ns	     18252	80003bc8	00ded413	srli	x8,x29,0xd	 x29:0x00000000  x8=0x00000000
     182555.000 ns	     18254	80003bcc	037219b3	mulh	x19,x4,x23	  x4:0x8fffd601 x23:0xef514708 x19=0x074c73a9
     182925.000 ns	     18291	80003bd0	0392d433	divu	x8,x5,x25	  x5:0x43800a57 x25:0x1f80029f  x8=0x00000002
     183295.000 ns	     18328	80003bd4	0273d233	divu	x4,x7,x7	  x7:0x0f97f3a6  x7:0x0f97f3a6  x4=0x00000001
     183665.000 ns	     18365	80003bd8	02db4933	div	x18,x22,x13	 x22:0x05203bbf x13:0x3d87b000 x18=0x00000000
     183685.000 ns	     18367	80003bdc	c9012a97	auipc	x21,0xc9012	 x21=0x49015bdc
     183695.000 ns	     18368	80003be0	0170ec33	or	x24,x1,x23	  x1:0x00000001 x23:0xef514708 x24=0xef514709
     183705.000 ns	     18369	80003be4	7cb3a213	slti	x4,x7,1995	  x7:0x0f97f3a6  x4=0x00000000
     183715.000 ns	     18370	80003be8	01bd9393	slli	x7,x27,0x1b	 x27:0xc41c0000  x7=0x00000000
     183735.000 ns	     18372	80003bec	c01ef3d3	fcvt.wu.s	x7,f29	 f29:0x7fc00000  x7=0xffffffff
     183755.000 ns	     18374	80003bf0	00ef2533	slt	x10,x30,x14	 x30:0x00000000 x14:0x00000001 x10=0x00000001
     183765.000 ns	     18375	80003bf4	01799233	sll	x4,x19,x23	 x19:0x074c73a9 x23:0xef514708  x4=0x4c73a900
     183795.000 ns	     18378	80003bf8	58087ed3	fsqrt.s	f29,f16	 f16:0xc41c0000 f29=0x7fc00000
     184165.000 ns	     18415	80003bfc	03ab75b3	remu	x11,x22,x26	 x22:0x05203bbf x26:0x00000001 x11=0x00000000
     184185.000 ns	     18417	80003c00	00efb933	sltu	x18,x31,x14	 x31:0x00000000 x14:0x00000001 x18=0x00000001
     184205.000 ns	     18419	80003c04	c01b1bd3	fcvt.wu.s	x23,f22	 f22:0x4e9bdd40 x23=0x4deea000
     184545.000 ns	     18453	80003c08	194df6d3	fdiv.s	f13,f27,f20	 f27:0xcddfe1d0 f20:0xce6f9000 f13=0x3edfe1d0
     184565.000 ns	     18455	80003c0c	174c7b93	andi	x23,x24,372	 x24:0xef514709 x23=0x00000100
     184575.000 ns	     18456	80003c10	11daa693	slti	x13,x21,285	 x21:0x49015bdc x13=0x00000000
     184935.000 ns	     18492	80003c14	038f55b3	divu	x11,x30,x24	 x30:0x00000000 x24:0xef514709 x11=0x00000000
     185275.000 ns	     18526	80003c18	18177a53	fdiv.s	f20,f14,f1	 f14:0x4f493311  f1:0x55e0068b f20=0x38c93312
     185305.000 ns	     18529	80003c1c	0379a6b3	mulhsu	x13,x19,x23	 x19:0x074c73a9 x23:0x00000100 x13=0x00000007
     185325.000 ns	     18531	80003c20	00c39113	slli	x2,x7,0xc	  x7:0xffffffff  x2=0xfffff000
     185345.000 ns	     18533	80003c24	e0049453	fclass.s	x8,f9	  f9:0x80040fe4  x8=0x00000004
     185375.000 ns	     18536	80003c28	a0fb26d3	feq.s	x13,f22,f15	 f22:0x4e9bdd40 f15:0x55e0068b x13=0x00000000
     185415.000 ns	     18540	80003c2c	1028bdd3	fmul.s	f27,f17,f2	 f17:0x7fffffff  f2:0x43800a57 f27=0x7fc00000
     185435.000 ns	     18542	80003c30	4fed8893	addi	x17,x27,1278	 x27:0xc41c0000 x17=0xc41c04fe
     185445.000 ns	     18543	80003c34	00e3ec33	or	x24,x7,x14	  x7:0xffffffff x14:0x00000001 x24=0xffffffff
     185455.000 ns	     18544	80003c38	01d35d93	srli	x27,x6,0x1d	  x6:0x80041024 x27=0x00000004
     185475.000 ns	     18546	80003c3c	d00df0d3	fcvt.s.w	f1,x27	 x27:0xc41c0000  f1=0x40800000
     185505.000 ns	     18549	80003c40	a0961cd3	flt.s	x25,f12,f9	 f12:0x7fc00000  f9:0x80040fe4 x25=0x00000000
     185525.000 ns	     18551	80003c44	01b9a433	slt	x8,x19,x27	 x19:0x074c73a9 x27:0x00000004  x8=0x00000000
     185545.000 ns	     18553	80003c48	020322b3	mulhsu	x5,x6,x0	  x6:0x80041024  x0:0x00000000  x5=0x00000000
     185565.000 ns	     18555	80003c4c	91cb4297	auipc	x5,0x91cb4	  x5=0x11cb7c4c
     185585.000 ns	     18557	80003c50	20429753	fsgnjn.s	f14,f5,f4	  f5:0xc77d9800  f4:0x4e600054 f14=0xc77d9800
     185605.000 ns	     18559	80003c54	01f9eab3	or	x21,x19,x31	 x19:0x074c73a9 x31:0x00000000 x21=0x074c73a9
     185645.000 ns	     18563	80003c58	01917a53	fadd.s	f20,f2,f25	  f2:0x43800a57 f25:0x48000c80 f20=0x48004c85
     185665.000 ns	     18565	80003c5c	408f03b3	sub	x7,x30,x8	 x30:0x00000000  x8:0x00000000  x7=0x00000000
     185685.000 ns	     18567	80003c60	a11d81d3	fle.s	x3,f27,f17	 f27:0x7fc00000 f17:0x7fffffff  x3=0x00000000
     185715.000 ns	     18570	80003c64	20c80ad3	fsgnj.s	f21,f16,f12	 f16:0xc41c0000 f12:0x7fc00000 f21=0x441c0000
     185745.000 ns	     18573	80003c68	297c13d3	fmax.s	f7,f24,f23	 f24:0x4ddfe1d0 f23:0xc7800400  f7=0x4ddfe1d0
     185785.000 ns	     18577	80003c6c	5809f8d3	fsqrt.s	f17,f19	 f19:0xffffffff f17=0x7fc00000
     186155.000 ns	     18614	80003c70	033e4a33	div	x20,x28,x19	 x28:0x80040fe4 x19:0x074c73a9 x20=0xffffffef
     186185.000 ns	     18617	80003c74	a16714d3	flt.s	x9,f14,f22	 f14:0xc77d9800 f22:0x4e9bdd40  x9=0x00000001
     186205.000 ns	     18619	80003c78	6f073593	sltiu	x11,x14,1776	 x14:0x00000001 x11=0x00000001
     186225.000 ns	     18621	80003c7c	d00fbd53	fcvt.s.w	f26,x31	 x31:0x00000000 f26=0x00000000
     186245.000 ns	     18623	80003c80	01d61113	slli	x2,x12,0x1d	 x12:0xc41c02d9  x2=0x20000000
     186285.000 ns	     18627	80003c84	00370553	fadd.s	f10,f14,f3	 f14:0xc77d9800  f3:0x43800a57 f10=0xc77c97eb
     186315.000 ns	     18630	80003c88	c00c7c53	fcvt.w.s	x24,f24	 f24:0x4ddfe1d0 x24=0x1bfc3a00
     187495.000 ns	     18748	80003c8c	580f41d3	fsqrt.s	f3,f30	 f30:0x38001500  f3=0x3b352234
     187515.000 ns	     18750	80003c90	4c568993	addi	x19,x13,1221	 x13:0x00000000 x19=0x000004c5
     187535.000 ns	     18752	80003c94	03853433	mulhu	x8,x10,x24	 x10:0x00000001 x24:0x1bfc3a00  x8=0x00000000
     187565.000 ns	     18755	80003c98	21c62953	fsgnjx.s	f18,f12,f28	 f12:0x7fc00000 f28:0x00000000 f18=0x7fc00000
     187595.000 ns	     18758	80003c9c	d001ff53	fcvt.s.w	f30,x3	  x3:0x00000000 f30=0x00000000
     187615.000 ns	     18760	80003ca0	0003d733	srl	x14,x7,x0	  x7:0x00000000  x0:0x00000000 x14=0x00000000
     187655.000 ns	     18764	80003ca4	006efe53	fadd.s	f28,f29,f6	 f29:0x7fc00000  f6:0x4deea000 f28=0x7fc00000
     187675.000 ns	     18766	80003ca8	a6f96913	ori	x18,x18,-1425	 x18:0x00000001 x18=0xfffffa6f
     187685.000 ns	     18767	80003cac	00da1233	sll	x4,x20,x13	 x20:0xffffffef x13:0x00000000  x4=0xffffffef
     187705.000 ns	     18769	80003cb0	c003fad3	fcvt.w.s	x21,f7	  f7:0x4ddfe1d0 x21=0x1bfc3a00
     187735.000 ns	     18772	80003cb4	a00c8853	fle.s	x16,f25,f0	 f25:0x48000c80  f0:0x3d0eac41 x16=0x00000000
     187765.000 ns	     18775	80003cb8	03d88db3	mul	x27,x17,x29	 x17:0xc41c04fe x29:0x00000000 x27=0x00000000
     187785.000 ns	     18777	80003cbc	40eddd93	srai	x27,x27,0xe	 x27:0x00000004 x27=0x00000000
     187795.000 ns	     18778	80003cc0	419c83b3	sub	x7,x25,x25	 x25:0x00000000 x25:0x00000000  x7=0x00000000
     188155.000 ns	     18814	80003cc4	02594633	div	x12,x18,x5	 x18:0xfffffa6f  x5:0x11cb7c4c x12=0x00000000
     188185.000 ns	     18817	80003cc8	03ba20b3	mulhsu	x1,x20,x27	 x20:0xffffffef x27:0x00000000  x1=0x00000000
     188215.000 ns	     18820	80003ccc	a04b2d53	feq.s	x26,f22,f4	 f22:0x4e9bdd40  f4:0x4e600054 x26=0x00000000
     188245.000 ns	     18823	80003cd0	a0210453	fle.s	x8,f2,f2	  f2:0x43800a57  f2:0x43800a57  x8=0x00000001
     188285.000 ns	     18827	80003cd4	1054f2d3	fmul.s	f5,f9,f5	  f9:0x80040fe4  f5:0xc77d9800  f5=0x0600c3b9
     188315.000 ns	     18830	80003cd8	d01f4853	fcvt.s.wu	f16,x30	 x30:0x00000000 f16=0x00000000
     188335.000 ns	     18832	80003cdc	00e5f6b3	and	x13,x11,x14	 x11:0x00000001 x14:0x00000000 x13=0x00000000
     188345.000 ns	     18833	80003ce0	f12b0a93	addi	x21,x22,-238	 x22:0x05203bbf x21=0x05203ad1
     188365.000 ns	     18835	80003ce4	c0007b53	fcvt.w.s	x22,f0	  f0:0x3d0eac41 x22=0x00000000
     188395.000 ns	     18838	80003ce8	0235a733	mulhsu	x14,x11,x3	 x11:0x00000001  x3:0x00000000 x14=0x00000000
     188415.000 ns	     18840	80003cec	c4469517	auipc	x10,0xc4469	 x10=0x4446ccec
     188435.000 ns	     18842	80003cf0	03402bb3	mulhsu	x23,x0,x20	  x0:0x00000000 x20:0xffffffef x23=0x00000000
     188465.000 ns	     18845	80003cf4	21288ed3	fsgnj.s	f29,f17,f18	 f17:0x7fc00000 f18:0x7fc00000 f29=0x7fc00000
     188495.000 ns	     18848	80003cf8	03098b33	mul	x22,x19,x16	 x19:0x000004c5 x16:0x00000000 x22=0x00000000
     188525.000 ns	     18851	80003cfc	e00e0d53	fmv.x.w	x26,f28	 f28:0x7fc00000 x26=0x7fc00000
     188555.000 ns	     18854	80003d00	a00b9153	flt.s	x2,f23,f0	 f23:0xc7800400  f0:0x3d0eac41  x2=0x00000001
     188575.000 ns	     18856	80003d04	00265b33	srl	x22,x12,x2	 x12:0x00000000  x2:0x20000000 x22=0x00000000
     188905.000 ns	     18889	80003d08	18650bd3	fdiv.s	f23,f10,f6	 f10:0xc77c97eb  f6:0x4deea000 f23=0xb8fc97ec
     188945.000 ns	     18893	80003d0c	112a7253	fmul.s	f4,f20,f18	 f20:0x48004c85 f18:0x7fc00000  f4=0x7fc00000
     188965.000 ns	     18895	80003d10	01327fb3	and	x31,x4,x19	  x4:0xffffffef x19:0x000004c5 x31=0x000004c5
     188985.000 ns	     18897	80003d14	a0c6ab53	feq.s	x22,f13,f12	 f13:0x3edfe1d0 f12:0x7fc00000 x22=0x00000000
     189015.000 ns	     18900	80003d18	03ebe4b3	rem	x9,x23,x30	 x23:0x00000000 x30:0x00000000  x9=0x00000000
     189035.000 ns	     18902	80003d1c	00c41693	slli	x13,x8,0xc	  x8:0x00000001 x13=0x00001000
     189045.000 ns	     18903	80003d20	413f06b3	sub	x13,x30,x19	 x30:0x00000000 x19:0x000004c5 x13=0xfffffb3b
     189055.000 ns	     18904	80003d24	b9f36993	ori	x19,x6,-1121	  x6:0x80041024 x19=0xfffffbbf
     189065.000 ns	     18905	80003d28	00000013	addi	x0,x0,0	  x0:0x00000000
     189075.000 ns	     18906	80003d2c	006f45b3	xor	x11,x30,x6	 x30:0x00000000  x6:0x80041024 x11=0x80041024
     189085.000 ns	     18907	80003d30	012dec33	or	x24,x27,x18	 x27:0x00000000 x18:0xfffffa6f x24=0xfffffa6f
     189095.000 ns	     18908	80003d34	00000013	addi	x0,x0,0	  x0:0x00000000
     189115.000 ns	     18910	80003d38	a1d0a953	feq.s	x18,f1,f29	  f1:0x40800000 f29:0x7fc00000 x18=0x00000000
     189145.000 ns	     18913	80003d3c	f0048453	fmv.w.x	f8,x9	  x9:0x00000000  f8=0x00000000
     189175.000 ns	     18916	80003d40	039bdab3	divu	x21,x23,x25	 x23:0x00000000 x25:0x00000000 x21=0xffffffff
     189205.000 ns	     18919	80003d44	29d90153	fmin.s	f2,f18,f29	 f18:0x7fc00000 f29:0x7fc00000  f2=0x7fc00000
     189235.000 ns	     18922	80003d48	03778cb3	mul	x25,x15,x23	 x15:0x00000002 x23:0x00000000 x25=0x00000000
     189255.000 ns	     18924	80003d4c	014c3b33	sltu	x22,x24,x20	 x24:0xfffffa6f x20:0xffffffef x22=0x00000001
     189265.000 ns	     18925	80003d50	56750117	auipc	x2,0x56750	  x2=0xd6753d50
     189285.000 ns	     18927	80003d54	a04c05d3	fle.s	x11,f24,f4	 f24:0x4ddfe1d0  f4:0x7fc00000 x11=0x00000000
     189305.000 ns	     18929	80003d58	00619b13	slli	x22,x3,0x6	  x3:0x00000000 x22=0x00000000
     189315.000 ns	     18930	80003d5c	0003df93	srli	x31,x7,0x0	  x7:0x00000000 x31=0x00000000
     189335.000 ns	     18932	80003d60	e00194d3	fclass.s	x9,f3	  f3:0x3b352234  x9=0x00000040
     189365.000 ns	     18935	80003d64	d012a853	fcvt.s.wu	f16,x5	  x5:0x11cb7c4c f16=0x4d8e5be3
     189395.000 ns	     18938	80003d68	28721f53	fmax.s	f30,f4,f7	  f4:0x7fc00000  f7:0x4ddfe1d0 f30=0x4ddfe1d0
     189415.000 ns	     18940	80003d6c	7f56f893	andi	x17,x13,2037	 x13:0xfffffb3b x17=0x00000331
     189425.000 ns	     18941	80003d70	3ee9f393	andi	x7,x19,1006	 x19:0xfffffbbf  x7=0x000003ae
     189435.000 ns	     18942	80003d74	0174e9b3	or	x19,x9,x23	  x9:0x00000040 x23:0x00000000 x19=0x00000040
     189445.000 ns	     18943	80003d78	404e5013	srai	x0,x28,0x4	 x28:0x80040fe4
     189465.000 ns	     18945	80003d7c	d00cf3d3	fcvt.s.w	f7,x25	 x25:0x00000000  f7=0x00000000
     189495.000 ns	     18948	80003d80	03b42cb3	mulhsu	x25,x8,x27	  x8:0x00000001 x27:0x00000000 x25=0x00000000
     189515.000 ns	     18950	80003d84	416f53b3	sra	x7,x30,x22	 x30:0x00000000 x22:0x00000000  x7=0x00000000
     189535.000 ns	     18952	80003d88	02e20ab3	mul	x21,x4,x14	  x4:0xffffffef x14:0x00000000 x21=0x00000000
     189555.000 ns	     18954	80003d8c	41e08fb3	sub	x31,x1,x30	  x1:0x00000000 x30:0x00000000 x31=0x00000000
     189565.000 ns	     18955	80003d90	009e5533	srl	x10,x28,x9	 x28:0x80040fe4  x9:0x00000040 x10=0x80040fe4
     189575.000 ns	     18956	80003d94	7b457413	andi	x8,x10,1972	 x10:0x4446ccec  x8=0x000007a4
     189585.000 ns	     18957	80003d98	002ddb93	srli	x23,x27,0x2	 x27:0x00000000 x23=0x00000000
     189605.000 ns	     18959	80003d9c	a0411053	flt.s	x0,f2,f4	  f2:0x7fc00000  f4:0x7fc00000
     189625.000 ns	     18961	80003da0	406bdb33	sra	x22,x23,x6	 x23:0x00000000  x6:0x80041024 x22=0x00000000
     189635.000 ns	     18962	80003da4	401f5d13	srai	x26,x30,0x1	 x30:0x00000000 x26=0x00000000
     189655.000 ns	     18964	80003da8	f0088053	fmv.w.x	f0,x17	 x17:0x00000331  f0=0x00000331
     189695.000 ns	     18968	80003dac	5809fbd3	fsqrt.s	f23,f19	 f19:0xffffffff f23=0x7fc00000
     189745.000 ns	     18973	80003db0	08de8fd3	fsub.s	f31,f29,f13	 f29:0x7fc00000 f13:0x3edfe1d0 f31=0x7fc00000
     189785.000 ns	     18977	80003db4	19edb6d3	fdiv.s	f13,f27,f30	 f27:0x7fc00000 f30:0x4ddfe1d0 f13=0x7fc00000
     189805.000 ns	     18979	80003db8	d4fc4393	xori	x7,x24,-689	 x24:0xfffffa6f  x7=0x00000720
     189835.000 ns	     18982	80003dbc	117b3dd3	fmul.s	f27,f22,f23	 f22:0x4e9bdd40 f23:0x7fc00000 f27=0x7fc00000
     189865.000 ns	     18985	80003dc0	a18f0153	fle.s	x2,f30,f24	 f30:0x4ddfe1d0 f24:0x4ddfe1d0  x2=0x00000001
     189895.000 ns	     18988	80003dc4	036124b3	mulhsu	x9,x2,x22	  x2:0xd6753d50 x22:0x00000000  x9=0x00000000
     189925.000 ns	     18991	80003dc8	f0098753	fmv.w.x	f14,x19	 x19:0x00000040 f14=0x00000040
     189955.000 ns	     18994	80003dcc	e00911d3	fclass.s	x3,f18	 f18:0x7fc00000  x3=0x00000200
     189975.000 ns	     18996	80003dd0	01ab3cb3	sltu	x25,x22,x26	 x22:0x00000000 x26:0x00000000 x25=0x00000000
     189985.000 ns	     18997	80003dd4	6194b813	sltiu	x16,x9,1561	  x9:0x00000000 x16=0x00000001
     190005.000 ns	     18999	80003dd8	03e5bdb3	mulhu	x27,x11,x30	 x11:0x00000000 x30:0x00000000 x27=0x00000000
     190045.000 ns	     19003	80003ddc	58059053	fsqrt.s	f0,f11	 f11:0xc41c0000  f0=0x7fc00000
     190065.000 ns	     19005	80003de0	2cc401b7	lui	x3,0x2cc40	  x3=0x2cc40000
     190075.000 ns	     19006	80003de4	b189fd13	andi	x26,x19,-1256	 x19:0x00000040 x26=0x00000000
     191185.000 ns	     19117	80003de8	580f7d53	fsqrt.s	f26,f30	 f30:0x4ddfe1d0 f26=0x46a94893
     191215.000 ns	     19120	80003dec	e00d1fd3	fclass.s	x31,f26	 f26:0x00000000 x31=0x00000040
     191245.000 ns	     19123	80003df0	c01d0ad3	fcvt.wu.s	x21,f26	 f26:0x46a94893 x21=0x000054a4
     191265.000 ns	     19125	80003df4	0068ddb3	srl	x27,x17,x6	 x17:0x00000331  x6:0x80041024 x27=0x00000033
     191285.000 ns	     19127	80003df8	d008afd3	fcvt.s.w	f31,x17	 x17:0x00000331 f31=0x444c4000
     191305.000 ns	     19129	80003dfc	002f9c93	slli	x25,x31,0x2	 x31:0x00000040 x25=0x00000100
     191315.000 ns	     19130	80003e00	4152d093	srai	x1,x5,0x15	  x5:0x11cb7c4c  x1=0x0000008e
     191325.000 ns	     19131	80003e04	00808a33	add	x20,x1,x8	  x1:0x00000000  x8:0x000007a4 x20=0x00000832
     191355.000 ns	     19134	80003e08	106f4dd3	fmul.s	f27,f30,f6	 f30:0x4ddfe1d0  f6:0x4deea000 f27=0x5c50afdd
     191385.000 ns	     19137	80003e0c	d00684d3	fcvt.s.w	f9,x13	 x13:0xfffffb3b  f9=0xc498a000
     191405.000 ns	     19139	80003e10	00ae5eb3	srl	x29,x28,x10	 x28:0x80040fe4 x10:0x80040fe4 x29=0x080040fe
     191425.000 ns	     19141	80003e14	216427d3	fsgnjx.s	f15,f8,f22	  f8:0x00000000 f22:0x4e9bdd40 f15=0x00000000
     191445.000 ns	     19143	80003e18	008ac2b3	xor	x5,x21,x8	 x21:0x000054a4  x8:0x000007a4  x5=0x00005300
     191485.000 ns	     19147	80003e1c	0962fdd3	fsub.s	f27,f5,f22	  f5:0x0600c3b9 f22:0x4e9bdd40 f27=0xce9bdd40
     191505.000 ns	     19149	80003e20	cd209237	lui	x4,0xcd209	  x4=0xcd209000
     191525.000 ns	     19151	80003e24	f00508d3	fmv.w.x	f17,x10	 x10:0x80040fe4 f17=0x80040fe4
     191545.000 ns	     19153	80003e28	a4d48213	addi	x4,x9,-1459	  x9:0x00000000  x4=0xfffffa4d
     191555.000 ns	     19154	80003e2c	9db77613	andi	x12,x14,-1573	 x14:0x00000000 x12=0x00000000
     191565.000 ns	     19155	80003e30	00f0c3b3	xor	x7,x1,x15	  x1:0x0000008e x15:0x00000002  x7=0x0000008c
     192735.000 ns	     19272	80003e34	58077cd3	fsqrt.s	f25,f14	 f14:0x00000040 f25=0x1f3504de
     192755.000 ns	     19274	80003e38	01762133	slt	x2,x12,x23	 x12:0x00000000 x23:0x00000000  x2=0x00000000
     192765.000 ns	     19275	80003e3c	01a01b33	sll	x22,x0,x26	  x0:0x00000000 x26:0x00000000 x22=0x00000000
     192775.000 ns	     19276	80003e40	c16fff13	andi	x30,x31,-1002	 x31:0x00000040 x30=0x00000000
     192785.000 ns	     19277	80003e44	19597b93	andi	x23,x18,405	 x18:0x00000000 x23=0x00000000
     192795.000 ns	     19278	80003e48	40b886b3	sub	x13,x17,x11	 x17:0x00000331 x11:0x00000000 x13=0x00000331
     192805.000 ns	     19279	80003e4c	00811193	slli	x3,x2,0x8	  x2:0x00000000  x3=0x00000000
     192815.000 ns	     19280	80003e50	52c63597	auipc	x11,0x52c63	 x11=0xd2c66e50
     192825.000 ns	     19281	80003e54	add7eb93	ori	x23,x15,-1315	 x15:0x00000002 x23=0xfffffadf
     192845.000 ns	     19283	80003e58	e0058c53	fmv.x.w	x24,f11	 f11:0xc41c0000 x24=0xc41c0000
     192875.000 ns	     19286	80003e5c	e00680d3	fmv.x.w	x1,f13	 f13:0x7fc00000  x1=0x7fc00000
     192915.000 ns	     19290	80003e60	19e410d3	fdiv.s	f1,f8,f30	  f8:0x00000000 f30:0x4ddfe1d0  f1=0x00000000
     192955.000 ns	     19294	80003e64	114df353	fmul.s	f6,f27,f20	 f27:0xce9bdd40 f20:0x48004c85  f6=0xd71c3a6e
     192975.000 ns	     19296	80003e68	01396d33	or	x26,x18,x19	 x18:0x00000000 x19:0x00000040 x26=0x00000040
     192995.000 ns	     19298	80003e6c	d00025d3	fcvt.s.w	f11,x0	  x0:0x00000000 f11=0x00000000
     193025.000 ns	     19301	80003e70	a0d485d3	fle.s	x11,f9,f13	  f9:0xc498a000 f13:0x7fc00000 x11=0x00000000
     193055.000 ns	     19304	80003e74	c01d0b53	fcvt.wu.s	x22,f26	 f26:0x46a94893 x22=0x000054a4
     193085.000 ns	     19307	80003e78	a1980fd3	fle.s	x31,f16,f25	 f16:0x4d8e5be3 f25:0x1f3504de x31=0x00000000
     193105.000 ns	     19309	80003e7c	00b3b533	sltu	x10,x7,x11	  x7:0x0000008c x11:0x00000000 x10=0x00000000
     193125.000 ns	     19311	80003e80	205fadd3	fsgnjx.s	f27,f31,f5	 f31:0x444c4000  f5:0x0600c3b9 f27=0x444c4000
     193145.000 ns	     19313	80003e84	20e6fd93	andi	x27,x13,526	 x13:0x00000331 x27=0x00000200
     193165.000 ns	     19315	80003e88	028b1133	mulh	x2,x22,x8	 x22:0x000054a4  x8:0x000007a4  x2=0x00000000
     193195.000 ns	     19318	80003e8c	a0bc95d3	flt.s	x11,f25,f11	 f25:0x1f3504de f11:0x00000000 x11=0x00000000
     193225.000 ns	     19321	80003e90	030ab1b3	mulhu	x3,x21,x16	 x21:0x000054a4 x16:0x00000001  x3=0x00000000
     193245.000 ns	     19323	80003e94	0015f5b3	and	x11,x11,x1	 x11:0x00000000  x1:0x7fc00000 x11=0x00000000
     193605.000 ns	     19359	80003e98	03cefab3	remu	x21,x29,x28	 x29:0x080040fe x28:0x80040fe4 x21=0x080040fe
     193625.000 ns	     19361	80003e9c	00281ab3	sll	x21,x16,x2	 x16:0x00000001  x2:0x00000000 x21=0x00000001
     193635.000 ns	     19362	80003ea0	008c83b3	add	x7,x25,x8	 x25:0x00000100  x8:0x000007a4  x7=0x000008a4
     193655.000 ns	     19364	80003ea4	e0039bd3	fclass.s	x23,f7	  f7:0x00000000 x23=0x00000010
     193675.000 ns	     19366	80003ea8	019436b3	sltu	x13,x8,x25	  x8:0x000007a4 x25:0x00000100 x13=0x00000000
     193695.000 ns	     19368	80003eac	e0020bd3	fmv.x.w	x23,f4	  f4:0x7fc00000 x23=0x7fc00000
     193725.000 ns	     19371	80003eb0	c01c75d3	fcvt.wu.s	x11,f24	 f24:0x4ddfe1d0 x11=0x1bfc3a00
     193745.000 ns	     19373	80003eb4	a50b4813	xori	x16,x22,-1456	 x22:0x000054a4 x16=0xffffaef4
     193765.000 ns	     19375	80003eb8	e0060d53	fmv.x.w	x26,f12	 f12:0x7fc00000 x26=0x7fc00000
     193785.000 ns	     19377	80003ebc	7df4ad93	slti	x27,x9,2015	  x9:0x00000000 x27=0x00000001
     193805.000 ns	     19379	80003ec0	03f0a833	mulhsu	x16,x1,x31	  x1:0x7fc00000 x31:0x00000000 x16=0x00000000
     193825.000 ns	     19381	80003ec4	98abcf37	lui	x30,0x98abc	 x30=0x98abc000
     193845.000 ns	     19383	80003ec8	c01b7fd3	fcvt.wu.s	x31,f22	 f22:0x4e9bdd40 x31=0x4deea000
     193865.000 ns	     19385	80003ecc	00000013	addi	x0,x0,0	  x0:0x00000000
     193905.000 ns	     19389	80003ed0	01177cd3	fadd.s	f25,f14,f17	 f14:0x00000040 f17:0x80040fe4 f25=0x80040fa4
     193945.000 ns	     19393	80003ed4	10e57853	fmul.s	f16,f10,f14	 f10:0xc77c97eb f14:0x00000040 f16=0x803f25fa
     193965.000 ns	     19395	80003ed8	00f509b3	add	x19,x10,x15	 x10:0x00000000 x15:0x00000002 x19=0x00000002
     193975.000 ns	     19396	80003edc	011502b3	add	x5,x10,x17	 x10:0x00000000 x17:0x00000331  x5=0x00000331
     193995.000 ns	     19398	80003ee0	d018ced3	fcvt.s.wu	f29,x17	 x17:0x00000331 f29=0x444c4000
     194025.000 ns	     19401	80003ee4	280619d3	fmax.s	f19,f12,f0	 f12:0x7fc00000  f0:0x7fc00000 f19=0x7fc00000
     194045.000 ns	     19403	80003ee8	00eb85b3	add	x11,x23,x14	 x23:0x7fc00000 x14:0x00000000 x11=0x7fc00000
     194055.000 ns	     19404	80003eec	8098abb7	lui	x23,0x8098a	 x23=0x8098a000
     194065.000 ns	     19405	80003ef0	009e6033	or	x0,x28,x9	 x28:0x80040fe4  x9:0x00000000
     194085.000 ns	     19407	80003ef4	0205d0b3	divu	x1,x11,x0	 x11:0x7fc00000  x0:0x00000000  x1=0xffffffff
     194115.000 ns	     19410	80003ef8	03fe3bb3	mulhu	x23,x28,x31	 x28:0x80040fe4 x31:0x4deea000 x23=0x26f88c90
     194135.000 ns	     19412	80003efc	017b15b3	sll	x11,x22,x23	 x22:0x000054a4 x23:0x8098a000 x11=0x54a40000
     194155.000 ns	     19414	80003f00	2168a753	fsgnjx.s	f14,f17,f22	 f17:0x80040fe4 f22:0x4e9bdd40 f14=0x80040fe4
     194195.000 ns	     19418	80003f04	1846abd3	fdiv.s	f23,f13,f4	 f13:0x7fc00000  f4:0x7fc00000 f23=0x7fc00000
     194215.000 ns	     19420	80003f08	017d5433	srl	x8,x26,x23	 x26:0x7fc00000 x23:0x26f88c90  x8=0x00007fc0
     194225.000 ns	     19421	80003f0c	0d479017	auipc	x0,0xd479	
     194245.000 ns	     19423	80003f10	a1af1953	flt.s	x18,f30,f26	 f30:0x4ddfe1d0 f26:0x46a94893 x18=0x00000000
     195425.000 ns	     19541	80003f14	580dab53	fsqrt.s	f22,f27	 f27:0x444c4000 f22=0x41906d2f
     195445.000 ns	     19543	80003f18	00ce8bb3	add	x23,x29,x12	 x29:0x080040fe x12:0x00000000 x23=0x080040fe
     195455.000 ns	     19544	80003f1c	00470d33	add	x26,x14,x4	 x14:0x00000000  x4:0xfffffa4d x26=0xfffffa4d
     195815.000 ns	     19580	80003f20	031bd633	divu	x12,x23,x17	 x23:0x26f88c90 x17:0x00000331 x12=0x000281cd
     195835.000 ns	     19582	80003f24	adf2cd13	xori	x26,x5,-1313	  x5:0x00000331 x26=0xfffff9ee
     195865.000 ns	     19585	80003f28	18ae2253	fdiv.s	f4,f28,f10	 f28:0x7fc00000 f10:0xc77c97eb  f4=0x7fc00000
     195885.000 ns	     19587	80003f2c	0150da13	srli	x20,x1,0x15	  x1:0xffffffff x20=0x000007ff
     195895.000 ns	     19588	80003f30	28223713	sltiu	x14,x4,642	  x4:0xfffffa4d x14=0x00000000
     195905.000 ns	     19589	80003f34	eaaa0e93	addi	x29,x20,-342	 x20:0x00000832 x29=0x000006a9
     195915.000 ns	     19590	80003f38	0038f733	and	x14,x17,x3	 x17:0x00000331  x3:0x00000000 x14=0x00000000
     195945.000 ns	     19593	80003f3c	18127fd3	fdiv.s	f31,f4,f1	  f4:0x7fc00000  f1:0x00000000 f31=0x7fc00000
     195975.000 ns	     19596	80003f40	a11c0b53	fle.s	x22,f24,f17	 f24:0x4ddfe1d0 f17:0x80040fe4 x22=0x00000000
     195995.000 ns	     19598	80003f44	018ad093	srli	x1,x21,0x18	 x21:0x00000001  x1=0x00000000
     196005.000 ns	     19599	80003f48	40fd5b13	srai	x22,x26,0xf	 x26:0xfffff9ee x22=0xffffffff
     196365.000 ns	     19635	80003f4c	0266cfb3	div	x31,x13,x6	 x13:0x00000000  x6:0x80041024 x31=0x00000000
     196395.000 ns	     19638	80003f50	20a098d3	fsgnjn.s	f17,f1,f10	  f1:0x00000000 f10:0xc77c97eb f17=0x00000000
     196415.000 ns	     19640	80003f54	00000013	addi	x0,x0,0	  x0:0x00000000
     196435.000 ns	     19642	80003f58	e0068253	fmv.x.w	x4,f13	 f13:0x7fc00000  x4=0x7fc00000
     196465.000 ns	     19645	80003f5c	204721d3	fsgnjx.s	f3,f14,f4	 f14:0x80040fe4  f4:0x7fc00000  f3=0x80040fe4
     196485.000 ns	     19647	80003f60	0048d513	srli	x10,x17,0x4	 x17:0x00000331 x10=0x00000033
     196505.000 ns	     19649	80003f64	218f9453	fsgnjn.s	f8,f31,f24	 f31:0x7fc00000 f24:0x4ddfe1d0  f8=0xffc00000
     196525.000 ns	     19651	80003f68	de1b9737	lui	x14,0xde1b9	 x14=0xde1b9000
     196545.000 ns	     19653	80003f6c	d012fcd3	fcvt.s.wu	f25,x5	  x5:0x00000331 f25=0x444c4000
     196565.000 ns	     19655	80003f70	0002d413	srli	x8,x5,0x0	  x5:0x00000331  x8=0x00000331
     196585.000 ns	     19657	80003f74	a0860b53	fle.s	x22,f12,f8	 f12:0x7fc00000  f8:0xffc00000 x22=0x00000000
     196615.000 ns	     19660	80003f78	28cf84d3	fmin.s	f9,f31,f12	 f31:0x7fc00000 f12:0x7fc00000  f9=0x7fc00000
     196645.000 ns	     19663	80003f7c	e00a81d3	fmv.x.w	x3,f21	 f21:0x441c0000  x3=0x441c0000
     196665.000 ns	     19665	80003f80	402301b3	sub	x3,x6,x2	  x6:0x80041024  x2:0x00000000  x3=0x80041024
     196675.000 ns	     19666	80003f84	de622a17	auipc	x20,0xde622	 x20=0x5e625f84
     196695.000 ns	     19668	80003f88	203e8553	fsgnj.s	f10,f29,f3	 f29:0x444c4000  f3:0x80040fe4 f10=0xc44c4000
     196715.000 ns	     19670	80003f8c	d2bddd97	auipc	x27,0xd2bdd	 x27=0x52be0f8c
     196735.000 ns	     19672	80003f90	c01b45d3	fcvt.wu.s	x11,f22	 f22:0x41906d2f x11=0x00000012
     196755.000 ns	     19674	80003f94	002e2fb3	slt	x31,x28,x2	 x28:0x80040fe4  x2:0x00000000 x31=0x00000001
     196775.000 ns	     19676	80003f98	d0047e53	fcvt.s.w	f28,x8	  x8:0x00000331 f28=0x444c4000
     196805.000 ns	     19679	80003f9c	29328bd3	fmin.s	f23,f5,f19	  f5:0x0600c3b9 f19:0x7fc00000 f23=0x0600c3b9
     196835.000 ns	     19682	80003fa0	e00b14d3	fclass.s	x9,f22	 f22:0x41906d2f  x9=0x00000040
     196875.000 ns	     19686	80003fa4	18862dd3	fdiv.s	f27,f12,f8	 f12:0x7fc00000  f8:0xffc00000 f27=0x7fc00000
     196905.000 ns	     19689	80003fa8	20b388d3	fsgnj.s	f17,f7,f11	  f7:0x00000000 f11:0x00000000 f17=0x00000000
     196925.000 ns	     19691	80003fac	00d326b3	slt	x13,x6,x13	  x6:0x80041024 x13:0x00000000 x13=0x00000001
     196945.000 ns	     19693	80003fb0	e00c8ad3	fmv.x.w	x21,f25	 f25:0x444c4000 x21=0x444c4000
     196965.000 ns	     19695	80003fb4	01b743b3	xor	x7,x14,x27	 x14:0xde1b9000 x27:0x52be0f8c  x7=0x8ca59f8c
     196985.000 ns	     19697	80003fb8	212d8253	fsgnj.s	f4,f27,f18	 f27:0x7fc00000 f18:0x7fc00000  f4=0x7fc00000
     197015.000 ns	     19700	80003fbc	d00f86d3	fcvt.s.w	f13,x31	 x31:0x00000001 f13=0x3f800000
     197045.000 ns	     19703	80003fc0	d008b153	fcvt.s.w	f2,x17	 x17:0x00000331  f2=0x444c4000
     197065.000 ns	     19705	80003fc4	e9ebff93	andi	x31,x23,-354	 x23:0x080040fe x31=0x0800409e
     197085.000 ns	     19707	80003fc8	d01d7253	fcvt.s.wu	f4,x26	 x26:0xfffff9ee  f4=0x4f7ffff9
     198265.000 ns	     19825	80003fcc	580c2a53	fsqrt.s	f20,f24	 f24:0x4ddfe1d0 f20=0x46a94893
     198295.000 ns	     19828	80003fd0	c01fac53	fcvt.wu.s	x24,f31	 f31:0x7fc00000 x24=0xffffffff
     198315.000 ns	     19830	80003fd4	0153da93	srli	x21,x7,0x15	  x7:0x8ca59f8c x21=0x00000465
     198325.000 ns	     19831	80003fd8	0064e233	or	x4,x9,x6	  x9:0x00000040  x6:0x80041024  x4=0x80041064
     198335.000 ns	     19832	80003fdc	00c1a533	slt	x10,x3,x12	  x3:0x80041024 x12:0x000281cd x10=0x00000001
     198355.000 ns	     19834	80003fe0	e00081d3	fmv.x.w	x3,f1	  f1:0x00000000  x3=0x00000000
     198375.000 ns	     19836	80003fe4	01850a33	add	x20,x10,x24	 x10:0x00000033 x24:0xffffffff x20=0x00000000
     198735.000 ns	     19872	80003fe8	0330d733	divu	x14,x1,x19	  x1:0x00000000 x19:0x00000002 x14=0x00000000
     198755.000 ns	     19874	80003fec	003975b3	and	x11,x18,x3	 x18:0x00000000  x3:0x00000000 x11=0x00000000
     198775.000 ns	     19876	80003ff0	21b52e53	fsgnjx.s	f28,f10,f27	 f10:0xc44c4000 f27:0x7fc00000 f28=0xc44c4000
     198795.000 ns	     19878	80003ff4	01d53eb3	sltu	x29,x10,x29	 x10:0x00000001 x29:0x000006a9 x29=0x00000001
     198805.000 ns	     19879	80003ff8	009e2833	slt	x16,x28,x9	 x28:0x80040fe4  x9:0x00000040 x16=0x00000001
     198845.000 ns	     19883	80003ffc	08252a53	fsub.s	f20,f10,f2	 f10:0xc44c4000  f2:0x444c4000 f20=0xc4cc4000
     198865.000 ns	     19885	80004000	37127037	lui	x0,0x37127	
     198875.000 ns	     19886	80004004	4011da13	srai	x20,x3,0x1	  x3:0x00000000 x20=0x00000000
     198895.000 ns	     19888	80004008	c00af5d3	fcvt.w.s	x11,f21	 f21:0x441c0000 x11=0x00000270
     198925.000 ns	     19891	8000400c	a10428d3	feq.s	x17,f8,f16	  f8:0xffc00000 f16:0x803f25fa x17=0x00000000
     198955.000 ns	     19894	80004010	c00949d3	fcvt.w.s	x19,f18	 f18:0x7fc00000 x19=0x7fffffff
     198975.000 ns	     19896	80004014	34ab8a93	addi	x21,x23,842	 x23:0x080040fe x21=0x08004448
     198995.000 ns	     19898	80004018	283a95d3	fmax.s	f11,f21,f3	 f21:0x441c0000  f3:0x80040fe4 f11=0x441c0000
     199045.000 ns	     19903	8000401c	08e47053	fsub.s	f0,f8,f14	  f8:0xffc00000 f14:0x80040fe4  f0=0x7fc00000
     199075.000 ns	     19906	80004020	d01c9e53	fcvt.s.wu	f28,x25	 x25:0x00000100 f28=0x43800000
     199115.000 ns	     19910	80004024	580ff6d3	fsqrt.s	f13,f31	 f31:0x7fc00000 f13=0x7fc00000
     199135.000 ns	     19912	80004028	a51aab93	slti	x23,x21,-1455	 x21:0x08004448 x23=0x00000000
     199145.000 ns	     19913	8000402c	41110db3	sub	x27,x2,x17	  x2:0x00000000 x17:0x00000000 x27=0x00000000
     199155.000 ns	     19914	80004030	5f0bb513	sltiu	x10,x23,1520	 x23:0x080040fe x10=0x00000001
     199165.000 ns	     19915	80004034	e7d20813	addi	x16,x4,-387	  x4:0x80041064 x16=0x80040ee1
     199185.000 ns	     19917	80004038	e0008553	fmv.x.w	x10,f1	  f1:0x00000000 x10=0x00000000
     199225.000 ns	     19921	8000403c	58033453	fsqrt.s	f8,f6	  f6:0xd71c3a6e  f8=0x7fc00000
     199255.000 ns	     19924	80004040	29fc8053	fmin.s	f0,f25,f31	 f25:0x444c4000 f31:0x7fc00000  f0=0x444c4000
     199275.000 ns	     19926	80004044	01be91b3	sll	x3,x29,x27	 x29:0x00000001 x27:0x00000000  x3=0x00000001
     199295.000 ns	     19928	80004048	d007f6d3	fcvt.s.w	f13,x15	 x15:0x00000002 f13=0x40000000
     199325.000 ns	     19931	8000404c	d012f653	fcvt.s.wu	f12,x5	  x5:0x00000331 f12=0x444c4000
     199365.000 ns	     19935	80004050	119f7f53	fmul.s	f30,f30,f25	 f30:0x4ddfe1d0 f25:0x444c4000 f30=0x52b29fea
     199385.000 ns	     19937	80004054	e091f393	andi	x7,x3,-503	  x3:0x00000001  x7=0x00000001
     199405.000 ns	     19939	80004058	02162833	mulhsu	x16,x12,x1	 x12:0x000281cd  x1:0x00000000 x16=0x00000000
     199775.000 ns	     19976	8000405c	0245f6b3	remu	x13,x11,x4	 x11:0x00000270  x4:0x80041064 x13=0x00000270
     200145.000 ns	     20013	80004060	02585ab3	divu	x21,x16,x5	 x16:0x00000000  x5:0x00000331 x21=0x00000000
     200165.000 ns	     20015	80004064	3dfa2113	slti	x2,x20,991	 x20:0x00000000  x2=0x00000001
     200185.000 ns	     20017	80004068	f00c8a53	fmv.w.x	f20,x25	 x25:0x00000100 f20=0x00000100
     200215.000 ns	     20020	8000406c	28dd84d3	fmin.s	f9,f27,f13	 f27:0x7fc00000 f13:0x40000000  f9=0x40000000
     200585.000 ns	     20057	80004070	03e1f033	remu	x0,x3,x30	  x3:0x00000001 x30:0x98abc000
     200615.000 ns	     20060	80004074	d01bf3d3	fcvt.s.wu	f7,x23	 x23:0x00000000  f7=0x00000000
     200985.000 ns	     20097	80004078	02b3deb3	divu	x29,x7,x11	  x7:0x00000001 x11:0x00000270 x29=0x00000000
     201015.000 ns	     20100	8000407c	020f6c33	rem	x24,x30,x0	 x30:0x98abc000  x0:0x00000000 x24=0x98abc000
     201045.000 ns	     20103	80004080	29e507d3	fmin.s	f15,f10,f30	 f10:0xc44c4000 f30:0x52b29fea f15=0xc44c4000
     201095.000 ns	     20108	80004084	017998d3	fadd.s	f17,f19,f23	 f19:0x7fc00000 f23:0x0600c3b9 f17=0x7fc00000
     201125.000 ns	     20111	80004088	0215d4b3	divu	x9,x11,x1	 x11:0x00000270  x1:0x00000000  x9=0xffffffff
     201155.000 ns	     20114	8000408c	a0438a53	fle.s	x20,f7,f4	  f7:0x00000000  f4:0x4f7ffff9 x20=0x00000001
     201195.000 ns	     20118	80004090	19544053	fdiv.s	f0,f8,f21	  f8:0x7fc00000 f21:0x441c0000  f0=0x7fc00000
     201215.000 ns	     20120	80004094	8d59f913	andi	x18,x19,-1835	 x19:0x7fffffff x18=0x7ffff8d5
     201235.000 ns	     20122	80004098	c0057853	fcvt.w.s	x16,f10	 f10:0xc44c4000 x16=0x00000331
     201255.000 ns	     20124	8000409c	ae1c4197	auipc	x3,0xae1c4	  x3=0x2e1c809c
     201275.000 ns	     20126	800040a0	c00d03d3	fcvt.w.s	x7,f26	 f26:0x46a94893  x7=0x000054a4
     201295.000 ns	     20128	800040a4	5a473593	sltiu	x11,x14,1444	 x14:0x00000000 x11=0x00000001
     201315.000 ns	     20130	800040a8	d00ca4d3	fcvt.s.w	f9,x25	 x25:0x00000100  f9=0x43800000
     201345.000 ns	     20133	800040ac	d0157553	fcvt.s.wu	f10,x10	 x10:0x00000000 f10=0x00000000
     201375.000 ns	     20136	800040b0	289789d3	fmin.s	f19,f15,f9	 f15:0xc44c4000  f9:0x43800000 f19=0xc44c4000
     201395.000 ns	     20138	800040b4	175f2d93	slti	x27,x30,373	 x30:0x98abc000 x27=0x00000001
     201405.000 ns	     20139	800040b8	9d6c0c93	addi	x25,x24,-1578	 x24:0x98abc000 x25=0x98abb9d6
     201425.000 ns	     20141	800040bc	29790153	fmin.s	f2,f18,f23	 f18:0x7fc00000 f23:0x0600c3b9  f2=0x0600c3b9
     201445.000 ns	     20143	800040c0	770c7593	andi	x11,x24,1904	 x24:0x98abc000 x11=0x00000000
     202615.000 ns	     20260	800040c4	580b75d3	fsqrt.s	f11,f22	 f22:0x41906d2f f11=0x4087f6ef
     202635.000 ns	     20262	800040c8	00894eb3	xor	x29,x18,x8	 x18:0x7ffff8d5  x8:0x00000331 x29=0x7ffffbe4
     202645.000 ns	     20263	800040cc	bccf0113	addi	x2,x30,-1076	 x30:0x98abc000  x2=0x98abbbcc
     202655.000 ns	     20264	800040d0	41b98433	sub	x8,x19,x27	 x19:0x7fffffff x27:0x00000001  x8=0x7ffffffe
     202675.000 ns	     20266	800040d4	02982c33	mulhsu	x24,x16,x9	 x16:0x00000331  x9:0xffffffff x24=0x00000330
     202695.000 ns	     20268	800040d8	00e803b3	add	x7,x16,x14	 x16:0x00000331 x14:0x00000000  x7=0x00000331
     202715.000 ns	     20270	800040dc	0275ad33	mulhsu	x26,x11,x7	 x11:0x00000000  x7:0x000054a4 x26=0x00000000
     202745.000 ns	     20273	800040e0	21c78e53	fsgnj.s	f28,f15,f28	 f15:0xc44c4000 f28:0x43800000 f28=0x444c4000
     202775.000 ns	     20276	800040e4	a1ae0253	fle.s	x4,f28,f26	 f28:0x43800000 f26:0x46a94893  x4=0x00000001
     202805.000 ns	     20279	800040e8	20d31553	fsgnjn.s	f10,f6,f13	  f6:0xd71c3a6e f13:0x40000000 f10=0xd71c3a6e
     202825.000 ns	     20281	800040ec	00ffceb3	xor	x29,x31,x15	 x31:0x0800409e x15:0x00000002 x29=0x0800409c
     202845.000 ns	     20283	800040f0	d01f8fd3	fcvt.s.wu	f31,x31	 x31:0x0800409e f31=0x4d00040a
     202865.000 ns	     20285	800040f4	0127c833	xor	x16,x15,x18	 x15:0x00000002 x18:0x7ffff8d5 x16=0x7ffff8d7
     202885.000 ns	     20287	800040f8	212e1cd3	fsgnjn.s	f25,f28,f18	 f28:0x444c4000 f18:0x7fc00000 f25=0xc44c4000
     202915.000 ns	     20290	800040fc	d0089ad3	fcvt.s.w	f21,x17	 x17:0x00000000 f21=0x00000000
     202945.000 ns	     20293	80004100	03eb9433	mulh	x8,x23,x30	 x23:0x00000000 x30:0x98abc000  x8=0x00000000
     202985.000 ns	     20297	80004104	195af353	fdiv.s	f6,f21,f21	 f21:0x00000000 f21:0x00000000  f6=0x7fc00000
     203005.000 ns	     20299	80004108	6a250413	addi	x8,x10,1698	 x10:0x00000000  x8=0x000006a2
     203015.000 ns	     20300	8000410c	004ad4b3	srl	x9,x21,x4	 x21:0x00000000  x4:0x00000001  x9=0x00000000
     203035.000 ns	     20302	80004110	a04a2653	feq.s	x12,f20,f4	 f20:0x00000100  f4:0x4f7ffff9 x12=0x00000000
     203055.000 ns	     20304	80004114	01bd1ab3	sll	x21,x26,x27	 x26:0x00000000 x27:0x00000001 x21=0x00000000
     203075.000 ns	     20306	80004118	039e25b3	mulhsu	x11,x28,x25	 x28:0x80040fe4 x25:0x98abb9d6 x11=0xb3ac8f3d
     203105.000 ns	     20309	8000411c	02936133	rem	x2,x6,x9	  x6:0x80041024  x9:0x00000000  x2=0x80041024
     203135.000 ns	     20312	80004120	20d18bd3	fsgnj.s	f23,f3,f13	  f3:0x80040fe4 f13:0x40000000 f23=0x00040fe4
     203165.000 ns	     20315	80004124	a1351b53	flt.s	x22,f10,f19	 f10:0xd71c3a6e f19:0xc44c4000 x22=0x00000001
     203185.000 ns	     20317	80004128	c132b913	sltiu	x18,x5,-1005	  x5:0x00000331 x18=0x00000001
     203545.000 ns	     20353	8000412c	02f2eb33	rem	x22,x5,x15	  x5:0x00000331 x15:0x00000002 x22=0x00000001
     203565.000 ns	     20355	80004130	e9597093	andi	x1,x18,-363	 x18:0x7ffff8d5  x1=0x00000001
     203585.000 ns	     20357	80004134	a031a253	feq.s	x4,f3,f3	  f3:0x80040fe4  f3:0x80040fe4  x4=0x00000001
     203605.000 ns	     20359	80004138	412edd33	sra	x26,x29,x18	 x29:0x0800409c x18:0x00000001 x26=0x0400204e
     203625.000 ns	     20361	8000413c	a01c0653	fle.s	x12,f24,f1	 f24:0x4ddfe1d0  f1:0x00000000 x12=0x00000000
     203645.000 ns	     20363	80004140	407e52b3	sra	x5,x28,x7	 x28:0x80040fe4  x7:0x00000331  x5=0xffffc002
     203685.000 ns	     20367	80004144	090ff1d3	fsub.s	f3,f31,f16	 f31:0x4d00040a f16:0x803f25fa  f3=0x4d00040a
     203715.000 ns	     20370	80004148	03089733	mulh	x14,x17,x16	 x17:0x00000000 x16:0x7ffff8d7 x14=0x00000000
     203745.000 ns	     20373	8000414c	c01d7ed3	fcvt.wu.s	x29,f26	 f26:0x46a94893 x29=0x000054a4
     203765.000 ns	     20375	80004150	7883fb13	andi	x22,x7,1928	  x7:0x00000331 x22=0x00000300
     203785.000 ns	     20377	80004154	a0348d53	fle.s	x26,f9,f3	  f9:0x43800000  f3:0x4d00040a x26=0x00000001
     203825.000 ns	     20381	80004158	11dfbd53	fmul.s	f26,f31,f29	 f31:0x4d00040a f29:0x444c4000 f26=0x51cc4672
     203845.000 ns	     20383	8000415c	00abbbb3	sltu	x23,x23,x10	 x23:0x00000000 x10:0x00000000 x23=0x00000000
     203865.000 ns	     20385	80004160	03dc9833	mulh	x16,x25,x29	 x25:0x98abb9d6 x29:0x000054a4 x16=0xffffddd6
     203885.000 ns	     20387	80004164	df4a3213	sltiu	x4,x20,-524	 x20:0x00000001  x4=0x00000001
     203895.000 ns	     20388	80004168	0160bfb3	sltu	x31,x1,x22	  x1:0x00000001 x22:0x00000300 x31=0x00000001
     203905.000 ns	     20389	8000416c	75d4b513	sltiu	x10,x9,1885	  x9:0x00000000 x10=0x00000001
     203915.000 ns	     20390	80004170	b1762e93	slti	x29,x12,-1257	 x12:0x00000000 x29=0x00000000
     203925.000 ns	     20391	80004174	00c29033	sll	x0,x5,x12	  x5:0xffffc002 x12:0x00000000
     203935.000 ns	     20392	80004178	417353b3	sra	x7,x6,x23	  x6:0x80041024 x23:0x00000000  x7=0x80041024
     203955.000 ns	     20394	8000417c	c01cc6d3	fcvt.wu.s	x13,f25	 f25:0xc44c4000 x13=0x00000331
     203975.000 ns	     20396	80004180	0057d9b3	srl	x19,x15,x5	 x15:0x00000002  x5:0xffffc002 x19=0x00000000
     203995.000 ns	     20398	80004184	a1ca8553	fle.s	x10,f21,f28	 f21:0x00000000 f28:0x444c4000 x10=0x00000001
     204025.000 ns	     20401	80004188	030d9c33	mulh	x24,x27,x16	 x27:0x00000001 x16:0xffffddd6 x24=0xffffffff
     204045.000 ns	     20403	8000418c	b0bcad37	lui	x26,0xb0bca	 x26=0xb0bca000
     204085.000 ns	     20407	80004190	09719a53	fsub.s	f20,f3,f23	  f3:0x4d00040a f23:0x00040fe4 f20=0x4d00040a
     204115.000 ns	     20410	80004194	a0f9a853	feq.s	x16,f19,f15	 f19:0xc44c4000 f15:0xc44c4000 x16=0x00000001
     204145.000 ns	     20413	80004198	d017f0d3	fcvt.s.wu	f1,x15	 x15:0x00000002  f1=0x40000000
     204165.000 ns	     20415	8000419c	007732b3	sltu	x5,x14,x7	 x14:0x00000000  x7:0x80041024  x5=0x00000001
     204175.000 ns	     20416	800041a0	41c7dbb3	sra	x23,x15,x28	 x15:0x00000002 x28:0x80040fe4 x23=0x00000000
     204215.000 ns	     20420	800041a4	0887a953	fsub.s	f18,f15,f8	 f15:0xc44c4000  f8:0x7fc00000 f18=0x7fc00000
     204245.000 ns	     20423	800041a8	20c78b53	fsgnj.s	f22,f15,f12	 f15:0xc44c4000 f12:0x444c4000 f22=0x444c4000
     204295.000 ns	     20428	800041ac	0965a253	fsub.s	f4,f11,f22	 f11:0x4087f6ef f22:0x41906d2f  f4=0xc44b3013
     204315.000 ns	     20430	800041b0	a0647397	auipc	x7,0xa0647	  x7=0x2064b1b0
     204325.000 ns	     20431	800041b4	80e8ac13	slti	x24,x17,-2034	 x17:0x00000000 x24=0x00000000
     204345.000 ns	     20433	800041b8	a10d9c53	flt.s	x24,f27,f16	 f27:0x7fc00000 f16:0x803f25fa x24=0x00000000
     204375.000 ns	     20436	800041bc	207d8953	fsgnj.s	f18,f27,f7	 f27:0x7fc00000  f7:0x00000000 f18=0x7fc00000
     204405.000 ns	     20439	800041c0	023b89b3	mul	x19,x23,x3	 x23:0x00000000  x3:0x2e1c809c x19=0x00000000
     204425.000 ns	     20441	800041c4	b1aac713	xori	x14,x21,-1254	 x21:0x00000000 x14=0xfffffb1a
     204445.000 ns	     20443	800041c8	c017a453	fcvt.wu.s	x8,f15	 f15:0xc44c4000  x8=0x00000331
     204475.000 ns	     20446	800041cc	d0072853	fcvt.s.w	f16,x14	 x14:0x00000000 f16=0xc49cc000
     204525.000 ns	     20451	800041d0	01017153	fadd.s	f2,f2,f16	  f2:0x0600c3b9 f16:0x803f25fa  f2=0xc49cc000
     204555.000 ns	     20454	800041d4	a19c1553	flt.s	x10,f24,f25	 f24:0x4ddfe1d0 f25:0xc44c4000 x10=0x00000000
     204575.000 ns	     20456	800041d8	c2fa6013	ori	x0,x20,-977	 x20:0x00000001
     204595.000 ns	     20458	800041dc	a11521d3	feq.s	x3,f10,f17	 f10:0xd71c3a6e f17:0x7fc00000  x3=0x00000000
     204965.000 ns	     20495	800041e0	025e72b3	remu	x5,x28,x5	 x28:0x80040fe4  x5:0x00000001  x5=0x00000000
     204985.000 ns	     20497	800041e4	01197ab3	and	x21,x18,x17	 x18:0x00000001 x17:0x00000000 x21=0x00000000
     205345.000 ns	     20533	800041e8	022276b3	remu	x13,x4,x2	  x4:0x00000001  x2:0x80041024 x13=0x00000001
     205365.000 ns	     20535	800041ec	001d5a93	srli	x21,x26,0x1	 x26:0xb0bca000 x21=0x585e5000
     205375.000 ns	     20536	800041f0	98306413	ori	x8,x0,-1661	  x0:0x00000000  x8=0xfffff983
     205395.000 ns	     20538	800041f4	201191d3	fsgnjn.s	f3,f3,f1	  f3:0x4d00040a  f1:0x40000000  f3=0xcd00040a
     205415.000 ns	     20540	800041f8	01e506b3	add	x13,x10,x30	 x10:0x00000000 x30:0x98abc000 x13=0x98abc000
     205425.000 ns	     20541	800041fc	00000013	addi	x0,x0,0	  x0:0x00000000
     205435.000 ns	     20542	80004200	00671293	slli	x5,x14,0x6	 x14:0xfffffb1a  x5=0xfffec680
     205445.000 ns	     20543	80004204	b48f1937	lui	x18,0xb48f1	 x18=0xb48f1000
     205475.000 ns	     20546	80004208	105f2253	fmul.s	f4,f30,f5	 f30:0x52b29fea  f5:0x0600c3b9  f4=0x1933b10b
     205505.000 ns	     20549	8000420c	a04d8a53	fle.s	x20,f27,f4	 f27:0x7fc00000  f4:0xc44b3013 x20=0x00000000
     205535.000 ns	     20552	80004210	29b586d3	fmin.s	f13,f11,f27	 f11:0x4087f6ef f27:0x7fc00000 f13=0x4087f6ef
     205575.000 ns	     20556	80004214	11b69953	fmul.s	f18,f13,f27	 f13:0x40000000 f27:0x7fc00000 f18=0x7fc00000
     205595.000 ns	     20558	80004218	2d22d237	lui	x4,0x2d22d	  x4=0x2d22d000
     205955.000 ns	     20594	8000421c	024b6533	rem	x10,x22,x4	 x22:0x00000300  x4:0x00000001 x10=0x00000300
     205975.000 ns	     20596	80004220	00df3ab3	sltu	x21,x30,x13	 x30:0x98abc000 x13:0x98abc000 x21=0x00000000
     205985.000 ns	     20597	80004224	00000013	addi	x0,x0,0	  x0:0x00000000
     205995.000 ns	     20598	80004228	40aa86b3	sub	x13,x21,x10	 x21:0x585e5000 x10:0x00000300 x13=0xfffffd00
     206015.000 ns	     20600	8000422c	03357c33	remu	x24,x10,x19	 x10:0x00000300 x19:0x00000000 x24=0x00000300
     206035.000 ns	     20602	80004230	013eb3b3	sltu	x7,x29,x19	 x29:0x00000000 x19:0x00000000  x7=0x00000000
     206045.000 ns	     20603	80004234	1af2e637	lui	x12,0x1af2e	 x12=0x1af2e000
     206055.000 ns	     20604	80004238	406fd413	srai	x8,x31,0x6	 x31:0x00000001  x8=0x00000000
     206065.000 ns	     20605	8000423c	7a981097	auipc	x1,0x7a981	  x1=0xfa98523c
     206075.000 ns	     20606	80004240	01f11293	slli	x5,x2,0x1f	  x2:0x80041024  x5=0x00000000
     206085.000 ns	     20607	80004244	57ffc893	xori	x17,x31,1407	 x31:0x00000001 x17=0x0000057e
     206125.000 ns	     20611	80004248	01607953	fadd.s	f18,f0,f22	  f0:0x7fc00000 f22:0x444c4000 f18=0x7fc00000
     206175.000 ns	     20616	8000424c	015511d3	fadd.s	f3,f10,f21	 f10:0xd71c3a6e f21:0x00000000  f3=0xd71c3a6e
     206195.000 ns	     20618	80004250	caf36693	ori	x13,x6,-849	  x6:0x80041024 x13=0xfffffcaf
     206225.000 ns	     20621	80004254	10c68bd3	fmul.s	f23,f13,f12	 f13:0x4087f6ef f12:0x444c4000 f23=0x4558f588
     206255.000 ns	     20624	80004258	03d25bb3	divu	x23,x4,x29	  x4:0x2d22d000 x29:0x00000000 x23=0xffffffff
     206275.000 ns	     20626	8000425c	416c5b93	srai	x23,x24,0x16	 x24:0x00000300 x23=0x00000000
     206285.000 ns	     20627	80004260	00d81633	sll	x12,x16,x13	 x16:0x00000001 x13:0xfffffcaf x12=0x00008000
     206295.000 ns	     20628	80004264	49917093	andi	x1,x2,1177	  x2:0x80041024  x1=0x00000000
     206315.000 ns	     20630	80004268	291d9153	fmax.s	f2,f27,f17	 f27:0x7fc00000 f17:0x7fc00000  f2=0x7fc00000
     206335.000 ns	     20632	8000426c	40325613	srai	x12,x4,0x3	  x4:0x2d22d000 x12=0x05a45a00
     206355.000 ns	     20634	80004270	03cd1833	mulh	x16,x26,x28	 x26:0xb0bca000 x28:0x80040fe4 x16=0x27a06e06
     206375.000 ns	     20636	80004274	017a0133	add	x2,x20,x23	 x20:0x00000000 x23:0x00000000  x2=0x00000000
     206385.000 ns	     20637	80004278	001e3d33	sltu	x26,x28,x1	 x28:0x80040fe4  x1:0x00000000 x26=0x00000000
     206405.000 ns	     20639	8000427c	c009b853	fcvt.w.s	x16,f19	 f19:0xc44c4000 x16=0xfffffccf
     206425.000 ns	     20641	80004280	01fb0d33	add	x26,x22,x31	 x22:0x00000300 x31:0x00000001 x26=0x00000301
     206435.000 ns	     20642	80004284	012528b3	slt	x17,x10,x18	 x10:0x00000300 x18:0xb48f1000 x17=0x00000000
     206445.000 ns	     20643	80004288	40f20833	sub	x16,x4,x15	  x4:0x2d22d000 x15:0x00000002 x16=0x2d22cffe
     206475.000 ns	     20646	8000428c	10a691d3	fmul.s	f3,f13,f10	 f13:0x4087f6ef f10:0xd71c3a6e  f3=0xd825f304
     206505.000 ns	     20649	80004290	a0bda553	feq.s	x10,f27,f11	 f27:0x7fc00000 f11:0x4087f6ef x10=0x00000000
     206525.000 ns	     20651	80004294	00479293	slli	x5,x15,0x4	 x15:0x00000002  x5=0x00000020
     206545.000 ns	     20653	80004298	e00486d3	fmv.x.w	x13,f9	  f9:0x43800000 x13=0x43800000
     206565.000 ns	     20655	8000429c	01ff65b3	or	x11,x30,x31	 x30:0x98abc000 x31:0x00000001 x11=0x98abc001
     206575.000 ns	     20656	800042a0	20bfa113	slti	x2,x31,523	 x31:0x00000001  x2=0x00000001
     206595.000 ns	     20658	800042a4	c0107753	fcvt.wu.s	x14,f0	  f0:0x7fc00000 x14=0xffffffff
     206615.000 ns	     20660	800042a8	af9e4613	xori	x12,x28,-1287	 x28:0x80040fe4 x12=0x7ffbf51d
     206625.000 ns	     20661	800042ac	01e94233	xor	x4,x18,x30	 x18:0xb48f1000 x30:0x98abc000  x4=0x2c24d000
     206655.000 ns	     20664	800042b0	58079e53	fsqrt.s	f28,f15	 f15:0xc44c4000 f28=0x7fc00000
     206675.000 ns	     20666	800042b4	00bc9193	slli	x3,x25,0xb	 x25:0x98abb9d6  x3=0x5dceb000
     206685.000 ns	     20667	800042b8	7748ab13	slti	x22,x17,1908	 x17:0x00000000 x22=0x00000001
     206695.000 ns	     20668	800042bc	4e3ff197	auipc	x3,0x4e3ff	  x3=0xce4032bc
     206715.000 ns	     20670	800042c0	20e18553	fsgnj.s	f10,f3,f14	  f3:0xd825f304 f14:0x80040fe4 f10=0xd825f304
     206735.000 ns	     20672	800042c4	6eec6613	ori	x12,x24,1774	 x24:0x00000300 x12=0x000007ee
     206775.000 ns	     20676	800042c8	01c7f153	fadd.s	f2,f15,f28	 f15:0xc44c4000 f28:0x7fc00000  f2=0x7fc00000
     206805.000 ns	     20679	800042cc	c017fed3	fcvt.wu.s	x29,f15	 f15:0xc44c4000 x29=0x00000331
     206825.000 ns	     20681	800042d0	01065893	srli	x17,x12,0x10	 x12:0x000007ee x17=0x00000000
     206845.000 ns	     20683	800042d4	21372dd3	fsgnjx.s	f27,f14,f19	 f14:0x80040fe4 f19:0xc44c4000 f27=0x00040fe4
     206865.000 ns	     20685	800042d8	0095abb3	slt	x23,x11,x9	 x11:0x98abc001  x9:0x00000000 x23=0x00000001
     206875.000 ns	     20686	800042dc	40408933	sub	x18,x1,x4	  x1:0x00000000  x4:0x2c24d000 x18=0xd3db3000
     206885.000 ns	     20687	800042e0	017a0633	add	x12,x20,x23	 x20:0x00000000 x23:0x00000000 x12=0x00000001
     206895.000 ns	     20688	800042e4	1667ab13	slti	x22,x15,358	 x15:0x00000002 x22=0x00000001
     206915.000 ns	     20690	800042e8	a0cb2d53	feq.s	x26,f22,f12	 f22:0x444c4000 f12:0x444c4000 x26=0x00000001
     206945.000 ns	     20693	800042ec	03463eb3	mulhu	x29,x12,x20	 x12:0x00000001 x20:0x00000000 x29=0x00000000
     206975.000 ns	     20696	800042f0	032eadb3	mulhsu	x27,x29,x18	 x29:0x00000331 x18:0xd3db3000 x27=0x00000000
     206995.000 ns	     20698	800042f4	ffcda993	slti	x19,x27,-4	 x27:0x00000001 x19=0x00000000
     207025.000 ns	     20701	800042f8	18807cd3	fdiv.s	f25,f0,f8	  f0:0x7fc00000  f8:0x7fc00000 f25=0x7fc00000
     207045.000 ns	     20703	800042fc	0140f133	and	x2,x1,x20	  x1:0x00000000 x20:0x00000000  x2=0x00000000
     207065.000 ns	     20705	80004300	a1020a53	fle.s	x20,f4,f16	  f4:0x1933b10b f16:0xc49cc000 x20=0x00000000
     207095.000 ns	     20708	80004304	21f317d3	fsgnjn.s	f15,f6,f31	  f6:0x7fc00000 f31:0x4d00040a f15=0xffc00000
     207125.000 ns	     20711	80004308	02499a33	mulh	x20,x19,x4	 x19:0x00000000  x4:0x2c24d000 x20=0x00000000
     207155.000 ns	     20714	8000430c	a00f2b53	feq.s	x22,f30,f0	 f30:0x52b29fea  f0:0x7fc00000 x22=0x00000000
     207185.000 ns	     20717	80004310	29249853	fmax.s	f16,f9,f18	  f9:0x43800000 f18:0x7fc00000 f16=0x43800000
     207555.000 ns	     20754	80004314	02697cb3	remu	x25,x18,x6	 x18:0xd3db3000  x6:0x80041024 x25=0x53d71fdc
     207575.000 ns	     20756	80004318	7a6d6393	ori	x7,x26,1958	 x26:0x00000001  x7=0x000007a7
     207595.000 ns	     20758	8000431c	29410353	fmin.s	f6,f2,f20	  f2:0x7fc00000 f20:0x4d00040a  f6=0x4d00040a
     207625.000 ns	     20761	80004320	a0649f53	flt.s	x30,f9,f6	  f9:0x43800000  f6:0x7fc00000 x30=0x00000001
     207645.000 ns	     20763	80004324	00ee5b93	srli	x23,x28,0xe	 x28:0x80040fe4 x23=0x00020010
     207665.000 ns	     20765	80004328	20d21a53	fsgnjn.s	f20,f4,f13	  f4:0x1933b10b f13:0x4087f6ef f20=0x9933b10b
     207685.000 ns	     20767	8000432c	a1482217	auipc	x4,0xa1482	  x4=0x2148632c
     208045.000 ns	     20803	80004330	03e56eb3	rem	x29,x10,x30	 x10:0x00000000 x30:0x00000001 x29=0x00000000
     208065.000 ns	     20805	80004334	c3756b13	ori	x22,x10,-969	 x10:0x00000000 x22=0xfffffc37
     208085.000 ns	     20807	80004338	e0049753	fclass.s	x14,f9	  f9:0x43800000 x14=0x00000040
     208425.000 ns	     20841	8000433c	18b6aa53	fdiv.s	f20,f13,f11	 f13:0x4087f6ef f11:0x4087f6ef f20=0x3f084b64
     208455.000 ns	     20844	80004340	a06f9b53	flt.s	x22,f31,f6	 f31:0x4d00040a  f6:0x4d00040a x22=0x00000000
     208475.000 ns	     20846	80004344	8af66913	ori	x18,x12,-1873	 x12:0x00000001 x18=0xfffff8af
     208485.000 ns	     20847	80004348	41ef85b3	sub	x11,x31,x30	 x31:0x00000001 x30:0x00000001 x11=0x00000000
     208495.000 ns	     20848	8000434c	00b714b3	sll	x9,x14,x11	 x14:0x00000040 x11:0x98abc001  x9=0x00000040
     208515.000 ns	     20850	80004350	a1f394d3	flt.s	x9,f7,f31	  f7:0x00000000 f31:0x4d00040a  x9=0x00000001
     208545.000 ns	     20853	80004354	d009fad3	fcvt.s.w	f21,x19	 x19:0x00000000 f21=0x00000000
     208565.000 ns	     20855	80004358	8b7b8197	auipc	x3,0x8b7b8	  x3=0x0b7bc358
     208605.000 ns	     20859	8000435c	08f47dd3	fsub.s	f27,f8,f15	  f8:0x7fc00000 f15:0xffc00000 f27=0x7fc00000
     208625.000 ns	     20861	80004360	00507633	and	x12,x0,x5	  x0:0x00000000  x5:0x00000020 x12=0x00000000
     208635.000 ns	     20862	80004364	01729c93	slli	x25,x5,0x17	  x5:0x00000020 x25=0x10000000
     208645.000 ns	     20863	80004368	001292b3	sll	x5,x5,x1	  x5:0x00000020  x1:0x00000000  x5=0x00000020
     208665.000 ns	     20865	8000436c	204e8e53	fsgnj.s	f28,f29,f4	 f29:0x444c4000  f4:0x1933b10b f28=0x444c4000
     208695.000 ns	     20868	80004370	203393d3	fsgnjn.s	f7,f7,f3	  f7:0x00000000  f3:0xd825f304  f7=0x00000000
     208725.000 ns	     20871	80004374	e00a8fd3	fmv.x.w	x31,f21	 f21:0x00000000 x31=0x00000000
     208755.000 ns	     20874	80004378	e0050fd3	fmv.x.w	x31,f10	 f10:0xd825f304 x31=0xd825f304
     208795.000 ns	     20878	8000437c	58057e53	fsqrt.s	f28,f10	 f10:0xd825f304 f28=0x7fc00000
     208815.000 ns	     20880	80004380	0e1f4093	xori	x1,x30,225	 x30:0x00000001  x1=0x000000e0
     209175.000 ns	     20916	80004384	030ae4b3	rem	x9,x21,x16	 x21:0x00000000 x16:0x2d22cffe  x9=0x00000000
     209195.000 ns	     20918	80004388	83544113	xori	x2,x8,-1995	  x8:0x00000000  x2=0xfffff835
     209215.000 ns	     20920	8000438c	031ef133	remu	x2,x29,x17	 x29:0x00000000 x17:0x00000000  x2=0x00000000
     209235.000 ns	     20922	80004390	2427d937	lui	x18,0x2427d	 x18=0x2427d000
     209265.000 ns	     20925	80004394	58072ad3	fsqrt.s	f21,f14	 f14:0x80040fe4 f21=0x7fc00000
     209295.000 ns	     20928	80004398	02613133	mulhu	x2,x2,x6	  x2:0x00000000  x6:0x80041024  x2=0x00000000
     209325.000 ns	     20931	8000439c	287687d3	fmin.s	f15,f13,f7	 f13:0x4087f6ef  f7:0x00000000 f15=0x00000000
     209345.000 ns	     20933	800043a0	00000013	addi	x0,x0,0	  x0:0x00000000
     209375.000 ns	     20936	800043a4	182f4453	fdiv.s	f8,f30,f2	 f30:0x52b29fea  f2:0x7fc00000  f8=0x7fc00000
     209395.000 ns	     20938	800043a8	254d3d13	sltiu	x26,x26,596	 x26:0x00000001 x26=0x00000001
     209405.000 ns	     20939	800043ac	a7288293	addi	x5,x17,-1422	 x17:0x00000000  x5=0xfffffa72
     209425.000 ns	     20941	800043b0	29098453	fmin.s	f8,f19,f16	 f19:0xc44c4000 f16:0x43800000  f8=0xc44c4000
     209445.000 ns	     20943	800043b4	7a18cb93	xori	x23,x17,1953	 x17:0x00000000 x23=0x000007a1
     209455.000 ns	     20944	800043b8	59be3513	sltiu	x10,x28,1435	 x28:0x80040fe4 x10=0x00000000
     210405.000 ns	     21039	800043bc	58009353	fsqrt.s	f6,f1	  f1:0x40000000  f6=0x3f350482
     210435.000 ns	     21042	800043c0	d01bf053	fcvt.s.wu	f0,x23	 x23:0x000007a1  f0=0x44f42000
     210465.000 ns	     21045	800043c4	02a094b3	mulh	x9,x1,x10	  x1:0x000000e0 x10:0x00000000  x9=0x00000000
     210495.000 ns	     21048	800043c8	20352653	fsgnjx.s	f12,f10,f3	 f10:0xd825f304  f3:0xd825f304 f12=0x5825f304
     210515.000 ns	     21050	800043cc	01ded413	srli	x8,x29,0x1d	 x29:0x00000000  x8=0x00000000
     210525.000 ns	     21051	800043d0	fadb04b7	lui	x9,0xfadb0	  x9=0xfadb0000
     210535.000 ns	     21052	800043d4	003a1d93	slli	x27,x20,0x3	 x20:0x00000000 x27=0x00000000
     210555.000 ns	     21054	800043d8	f0018c53	fmv.w.x	f24,x3	  x3:0x0b7bc358 f24=0x0b7bc358
     210585.000 ns	     21057	800043dc	e00a1153	fclass.s	x2,f20	 f20:0x3f084b64  x2=0x00000040
     210615.000 ns	     21060	800043e0	e0090253	fmv.x.w	x4,f18	 f18:0x7fc00000  x4=0x7fc00000
     210635.000 ns	     21062	800043e4	40d65733	sra	x14,x12,x13	 x12:0x00000000 x13:0x43800000 x14=0x00000000
     210645.000 ns	     21063	800043e8	d4a13497	auipc	x9,0xd4a13	  x9=0x54a173e8
     210655.000 ns	     21064	800043ec	40a10fb3	sub	x31,x2,x10	  x2:0x00000040 x10:0x00000000 x31=0x00000040
     210675.000 ns	     21066	800043f0	f0028d53	fmv.w.x	f26,x5	  x5:0xfffffa72 f26=0xfffffa72
     210695.000 ns	     21068	800043f4	004e9893	slli	x17,x29,0x4	 x29:0x00000000 x17=0x00000000
     210705.000 ns	     21069	800043f8	01a65733	srl	x14,x12,x26	 x12:0x00000000 x26:0x00000001 x14=0x00000000
     210715.000 ns	     21070	800043fc	019825b3	slt	x11,x16,x25	 x16:0x2d22cffe x25:0x10000000 x11=0x00000000
     210735.000 ns	     21072	80004400	c01cf8d3	fcvt.wu.s	x17,f25	 f25:0x7fc00000 x17=0xffffffff
     210755.000 ns	     21074	80004404	01ea5db3	srl	x27,x20,x30	 x20:0x00000000 x30:0x00000001 x27=0x00000000
     210775.000 ns	     21076	80004408	a19a9bd3	flt.s	x23,f21,f25	 f21:0x7fc00000 f25:0x7fc00000 x23=0x00000000
     210795.000 ns	     21078	8000440c	4192d533	sra	x10,x5,x25	  x5:0xfffffa72 x25:0x10000000 x10=0xfffffa72
     210815.000 ns	     21080	80004410	028afbb3	remu	x23,x21,x8	 x21:0x00000000  x8:0x00000000 x23=0x00000000
     210845.000 ns	     21083	80004414	e00f88d3	fmv.x.w	x17,f31	 f31:0x4d00040a x17=0x4d00040a
     210865.000 ns	     21085	80004418	016506b3	add	x13,x10,x22	 x10:0xfffffa72 x22:0x00000000 x13=0xfffffa72
     210875.000 ns	     21086	8000441c	00cc39b3	sltu	x19,x24,x12	 x24:0x00000300 x12:0x00000000 x19=0x00000000
     210885.000 ns	     21087	80004420	011e3fb3	sltu	x31,x28,x17	 x28:0x80040fe4 x17:0x4d00040a x31=0x00000000
     210895.000 ns	     21088	80004424	1204b613	sltiu	x12,x9,288	  x9:0x54a173e8 x12=0x00000000
     210915.000 ns	     21090	80004428	a1cf9553	flt.s	x10,f31,f28	 f31:0x4d00040a f28:0x7fc00000 x10=0x00000000
     210945.000 ns	     21093	8000442c	027d3b33	mulhu	x22,x26,x7	 x26:0x00000001  x7:0x000007a7 x22=0x00000000
     210975.000 ns	     21096	80004430	c0073dd3	fcvt.w.s	x27,f14	 f14:0x80040fe4 x27=0x00000000
     211005.000 ns	     21099	80004434	28b21e53	fmax.s	f28,f4,f11	  f4:0x1933b10b f11:0x4087f6ef f28=0x4087f6ef
     212185.000 ns	     21217	80004438	580b39d3	fsqrt.s	f19,f22	 f22:0x444c4000 f19=0x41906d2f
     212205.000 ns	     21219	8000443c	ade1a993	slti	x19,x3,-1314	  x3:0x0b7bc358 x19=0x00000000
     212225.000 ns	     21221	80004440	e0060453	fmv.x.w	x8,f12	 f12:0x5825f304  x8=0x5825f304
     212245.000 ns	     21223	80004444	18d03a93	sltiu	x21,x0,397	  x0:0x00000000 x21=0x00000001
     212255.000 ns	     21224	80004448	00399533	sll	x10,x19,x3	 x19:0x00000000  x3:0x0b7bc358 x10=0x00000000
     212285.000 ns	     21227	8000444c	1918b753	fdiv.s	f14,f17,f17	 f17:0x7fc00000 f17:0x7fc00000 f14=0x7fc00000
     212305.000 ns	     21229	80004450	40fa5233	sra	x4,x20,x15	 x20:0x00000000 x15:0x00000002  x4=0x00000000
     212315.000 ns	     21230	80004454	40735533	sra	x10,x6,x7	  x6:0x80041024  x7:0x000007a7 x10=0xff000820
     212345.000 ns	     21233	80004458	5803c653	fsqrt.s	f12,f7	  f7:0x00000000 f12=0x00000000
     212375.000 ns	     21236	8000445c	f0000c53	fmv.w.x	f24,x0	  x0:0x00000000 f24=0x00000000
     212395.000 ns	     21238	80004460	01279513	slli	x10,x15,0x12	 x15:0x00000002 x10=0x00080000
     212405.000 ns	     21239	80004464	b0dbe913	ori	x18,x23,-1267	 x23:0x00000000 x18=0xfffffb0d
     212425.000 ns	     21241	80004468	e00a02d3	fmv.x.w	x5,f20	 f20:0x3f084b64  x5=0x3f084b64
     212455.000 ns	     21244	8000446c	02c975b3	remu	x11,x18,x12	 x18:0x2427d000 x12:0x00000000 x11=0xfffffb0d
     212485.000 ns	     21247	80004470	21e39e53	fsgnjn.s	f28,f7,f30	  f7:0x00000000 f30:0x52b29fea f28=0x80000000
     212505.000 ns	     21249	80004474	fc93f813	andi	x16,x7,-55	  x7:0x000007a7 x16=0x00000781
     212525.000 ns	     21251	80004478	d0137353	fcvt.s.wu	f6,x6	  x6:0x80041024  f6=0x4f000410
     212545.000 ns	     21253	8000447c	fd48a293	slti	x5,x17,-44	 x17:0x4d00040a  x5=0x00000000
     212905.000 ns	     21289	80004480	035b5f33	divu	x30,x22,x21	 x22:0x00000000 x21:0x00000001 x30=0x00000000
     213275.000 ns	     21326	80004484	02df6eb3	rem	x29,x30,x13	 x30:0x00000001 x13:0xfffffa72 x29=0x00000000
     213295.000 ns	     21328	80004488	018672b3	and	x5,x12,x24	 x12:0x00000000 x24:0x00000300  x5=0x00000000
     213315.000 ns	     21330	8000448c	025cfd33	remu	x26,x25,x5	 x25:0x10000000  x5:0x00000000 x26=0x10000000
     213335.000 ns	     21332	80004490	01f44bb3	xor	x23,x8,x31	  x8:0x5825f304 x31:0x00000000 x23=0x5825f304
     213355.000 ns	     21334	80004494	282a0653	fmin.s	f12,f20,f2	 f20:0x3f084b64  f2:0x7fc00000 f12=0x3f084b64
     213375.000 ns	     21336	80004498	01515a93	srli	x21,x2,0x15	  x2:0x00000040 x21=0x00000000
     213385.000 ns	     21337	8000449c	c217c613	xori	x12,x15,-991	 x15:0x00000002 x12=0xfffffc23
     213405.000 ns	     21339	800044a0	c01f9253	fcvt.wu.s	x4,f31	 f31:0x4d00040a  x4=0x080040a0
     213445.000 ns	     21343	800044a4	18e074d3	fdiv.s	f9,f0,f14	  f0:0x44f42000 f14:0x7fc00000  f9=0x7fc00000
     213495.000 ns	     21348	800044a8	006df4d3	fadd.s	f9,f27,f6	 f27:0x7fc00000  f6:0x4f000410  f9=0x7fc00000
     213515.000 ns	     21350	800044ac	00000013	addi	x0,x0,0	  x0:0x00000000
     213525.000 ns	     21351	800044b0	e9bda693	slti	x13,x27,-357	 x27:0x00000000 x13=0x00000000
     213535.000 ns	     21352	800044b4	018a6033	or	x0,x20,x24	 x20:0x00000000 x24:0x00000300
     213555.000 ns	     21354	800044b8	02e7ff33	remu	x30,x15,x14	 x15:0x00000002 x14:0x00000000 x30=0x00000002
     213575.000 ns	     21356	800044bc	ea13f193	andi	x3,x7,-351	  x7:0x000007a7  x3=0x000006a1
     213585.000 ns	     21357	800044c0	41a10d33	sub	x26,x2,x26	  x2:0x00000040 x26:0x10000000 x26=0xf0000040
     213595.000 ns	     21358	800044c4	b74c7897	auipc	x17,0xb74c7	 x17=0x374cb4c4
     213605.000 ns	     21359	800044c8	00e1ad33	slt	x26,x3,x14	  x3:0x000006a1 x14:0x00000000 x26=0x00000000
     213615.000 ns	     21360	800044cc	00189ab3	sll	x21,x17,x1	 x17:0x4d00040a  x1:0x000000e0 x21=0x374cb4c4
     213645.000 ns	     21363	800044d0	191c8bd3	fdiv.s	f23,f25,f17	 f25:0x7fc00000 f17:0x7fc00000 f23=0x7fc00000
     213665.000 ns	     21365	800044d4	406b5f93	srai	x31,x22,0x6	 x22:0x00000000 x31=0x00000000
     213685.000 ns	     21367	800044d8	d00e0053	fcvt.s.w	f0,x28	 x28:0x80040fe4  f0=0xcefff7e0
     214055.000 ns	     21404	800044dc	02255733	divu	x14,x10,x2	 x10:0x00080000  x2:0x00000040 x14=0x00002000
     214085.000 ns	     21407	800044e0	21df0053	fsgnj.s	f0,f30,f29	 f30:0x52b29fea f29:0x444c4000  f0=0x52b29fea
     214105.000 ns	     21409	800044e4	41bd0c33	sub	x24,x26,x27	 x26:0x00000000 x27:0x00000000 x24=0x00000000
     214115.000 ns	     21410	800044e8	f5157413	andi	x8,x10,-175	 x10:0x00080000  x8=0x00080000
     214135.000 ns	     21412	800044ec	a19c9f53	flt.s	x30,f25,f25	 f25:0x7fc00000 f25:0x7fc00000 x30=0x00000000
     214155.000 ns	     21414	800044f0	8e277697	auipc	x13,0x8e277	 x13=0x0e27b4f0
     214175.000 ns	     21416	800044f4	03cfab33	mulhsu	x22,x31,x28	 x31:0x00000000 x28:0x80040fe4 x22=0x00000000
     215355.000 ns	     21534	800044f8	5806fad3	fsqrt.s	f21,f13	 f13:0x4087f6ef f21=0x4003ebe4
     215375.000 ns	     21536	800044fc	6892f393	andi	x7,x5,1673	  x5:0x00000000  x7=0x00000000
     215405.000 ns	     21539	80004500	11ebf5d3	fmul.s	f11,f23,f30	 f23:0x7fc00000 f30:0x52b29fea f11=0x7fc00000
     215455.000 ns	     21544	80004504	011280d3	fadd.s	f1,f5,f17	  f5:0x0600c3b9 f17:0x7fc00000  f1=0x7fc00000
     215475.000 ns	     21546	80004508	01056033	or	x0,x10,x16	 x10:0x00080000 x16:0x00000781
     215485.000 ns	     21547	8000450c	40f65cb3	sra	x25,x12,x15	 x12:0xfffffc23 x15:0x00000002 x25=0xffffff08
     215505.000 ns	     21549	80004510	d01fa553	fcvt.s.wu	f10,x31	 x31:0x00000000 f10=0x00000000
     215525.000 ns	     21551	80004514	9d0c3093	sltiu	x1,x24,-1584	 x24:0x00000000  x1=0x00000001
     215545.000 ns	     21553	80004518	c018c2d3	fcvt.wu.s	x5,f17	 f17:0x7fc00000  x5=0xffffffff
     215575.000 ns	     21556	8000451c	f00400d3	fmv.w.x	f1,x8	  x8:0x00080000  f1=0x00080000
     215595.000 ns	     21558	80004520	004125b3	slt	x11,x2,x4	  x2:0x00000040  x4:0x080040a0 x11=0x00000001
     215615.000 ns	     21560	80004524	c00f1253	fcvt.w.s	x4,f30	 f30:0x52b29fea  x4=0x7fffffff
     215985.000 ns	     21597	80004528	0219eb33	rem	x22,x19,x1	 x19:0x00000000  x1:0x00000001 x22=0x00000000
     216005.000 ns	     21599	8000452c	006879b3	and	x19,x16,x6	 x16:0x00000781  x6:0x80041024 x19=0x00000000
     216025.000 ns	     21601	80004530	037702b3	mul	x5,x14,x23	 x14:0x00002000 x23:0x5825f304  x5=0xbe608000
     216045.000 ns	     21603	80004534	00a15293	srli	x5,x2,0xa	  x2:0x00000040  x5=0x00000000
     216065.000 ns	     21605	80004538	204882d3	fsgnj.s	f5,f17,f4	 f17:0x7fc00000  f4:0x1933b10b  f5=0x7fc00000
     216085.000 ns	     21607	8000453c	01a6feb3	and	x29,x13,x26	 x13:0x0e27b4f0 x26:0x00000000 x29=0x00000000
     216105.000 ns	     21609	80004540	f00d8453	fmv.w.x	f8,x27	 x27:0x00000000  f8=0x00000000
     216125.000 ns	     21611	80004544	1de31417	auipc	x8,0x1de31	  x8=0x9de35544
     216135.000 ns	     21612	80004548	00795393	srli	x7,x18,0x7	 x18:0xfffffb0d  x7=0x01fffff6
     216145.000 ns	     21613	8000454c	1fae6393	ori	x7,x28,506	 x28:0x80040fe4  x7=0x80040ffe
     216185.000 ns	     21617	80004550	09bef9d3	fsub.s	f19,f29,f27	 f29:0x444c4000 f27:0x7fc00000 f19=0x7fc00000
     216215.000 ns	     21620	80004554	e00f88d3	fmv.x.w	x17,f31	 f31:0x4d00040a x17=0x4d00040a
     216585.000 ns	     21657	80004558	03515c33	divu	x24,x2,x21	  x2:0x00000040 x21:0x374cb4c4 x24=0x00000000
     216615.000 ns	     21660	8000455c	a1c9a153	feq.s	x2,f19,f28	 f19:0x7fc00000 f28:0x80000000  x2=0x00000000
     216635.000 ns	     21662	80004560	41540db3	sub	x27,x8,x21	  x8:0x9de35544 x21:0x374cb4c4 x27=0x6696a080
     216655.000 ns	     21664	80004564	03846eb3	rem	x29,x8,x24	  x8:0x9de35544 x24:0x00000000 x29=0x9de35544
     216675.000 ns	     21666	80004568	00000013	addi	x0,x0,0	  x0:0x00000000
     216685.000 ns	     21667	8000456c	da546c13	ori	x24,x8,-603	  x8:0x9de35544 x24=0xfffffde5
     216705.000 ns	     21669	80004570	d0134c53	fcvt.s.wu	f24,x6	  x6:0x80041024 f24=0x4f000410
     216735.000 ns	     21672	80004574	e0051ad3	fclass.s	x21,f10	 f10:0x00000000 x21=0x00000010
     216765.000 ns	     21675	80004578	029d10b3	mulh	x1,x26,x9	 x26:0x00000000  x9:0x54a173e8  x1=0x00000000
     216795.000 ns	     21678	8000457c	a1198253	fle.s	x4,f19,f17	 f19:0x7fc00000 f17:0x7fc00000  x4=0x00000000
     216815.000 ns	     21680	80004580	019509b3	add	x19,x10,x25	 x10:0x00080000 x25:0xffffff08 x19=0x0007ff08
     216835.000 ns	     21682	80004584	a0e294d3	flt.s	x9,f5,f14	  f5:0x7fc00000 f14:0x7fc00000  x9=0x00000000
     216865.000 ns	     21685	80004588	f0038853	fmv.w.x	f16,x7	  x7:0x80040ffe f16=0x80040ffe
     216905.000 ns	     21689	8000458c	18ce31d3	fdiv.s	f3,f28,f12	 f28:0x80000000 f12:0x3f084b64  f3=0x80000000
     216935.000 ns	     21692	80004590	d00545d3	fcvt.s.w	f11,x10	 x10:0x00080000 f11=0x49000000
     216965.000 ns	     21695	80004594	03930933	mul	x18,x6,x25	  x6:0x80041024 x25:0xffffff08 x18=0xfc105d20
     216995.000 ns	     21698	80004598	0343c633	div	x12,x7,x20	  x7:0x80040ffe x20:0x00000000 x12=0xffffffff
     217025.000 ns	     21701	8000459c	29029ed3	fmax.s	f29,f5,f16	  f5:0x7fc00000 f16:0x80040ffe f29=0x80040ffe
     217055.000 ns	     21704	800045a0	025da1b3	mulhsu	x3,x27,x5	 x27:0x6696a080  x5:0x00000000  x3=0x00000000
     217085.000 ns	     21707	800045a4	29ae02d3	fmin.s	f5,f28,f26	 f28:0x80000000 f26:0xfffffa72  f5=0x80000000
     217115.000 ns	     21710	800045a8	21131ad3	fsgnjn.s	f21,f6,f17	  f6:0x4f000410 f17:0x7fc00000 f21=0xcf000410
     217135.000 ns	     21712	800045ac	018d1693	slli	x13,x26,0x18	 x26:0x00000000 x13=0x00000000
     217165.000 ns	     21715	800045b0	10b2ffd3	fmul.s	f31,f5,f11	  f5:0x80000000 f11:0x49000000 f31=0x80000000
     217535.000 ns	     21752	800045b4	0379c4b3	div	x9,x19,x23	 x19:0x0007ff08 x23:0x5825f304  x9=0x00000000
     217565.000 ns	     21755	800045b8	03406833	rem	x16,x0,x20	  x0:0x00000000 x20:0x00000000 x16=0x00000000
     217595.000 ns	     21758	800045bc	283f16d3	fmax.s	f13,f30,f3	 f30:0x52b29fea  f3:0x80000000 f13=0x52b29fea
     217615.000 ns	     21760	800045c0	000f71b3	and	x3,x30,x0	 x30:0x00000000  x0:0x00000000  x3=0x00000000
     217625.000 ns	     21761	800045c4	7ce2f413	andi	x8,x5,1998	  x5:0x00000000  x8=0x00000000
     217635.000 ns	     21762	800045c8	0098dbb3	srl	x23,x17,x9	 x17:0x4d00040a  x9:0x00000000 x23=0x4d00040a
     217655.000 ns	     21764	800045cc	21f60d53	fsgnj.s	f26,f12,f31	 f12:0x3f084b64 f31:0x80000000 f26=0xbf084b64
     217675.000 ns	     21766	800045d0	01e171b3	and	x3,x2,x30	  x2:0x00000000 x30:0x00000000  x3=0x00000000
     217695.000 ns	     21768	800045d4	034faab3	mulhsu	x21,x31,x20	 x31:0x00000000 x20:0x00000000 x21=0x00000000
     217725.000 ns	     21771	800045d8	a0188453	fle.s	x8,f17,f1	 f17:0x7fc00000  f1:0x00080000  x8=0x00000000
     217755.000 ns	     21774	800045dc	297d9053	fmax.s	f0,f27,f23	 f27:0x7fc00000 f23:0x7fc00000  f0=0x7fc00000
     217785.000 ns	     21777	800045e0	a04fa1d3	feq.s	x3,f31,f4	 f31:0x80000000  f4:0x1933b10b  x3=0x00000000
     217805.000 ns	     21779	800045e4	01ee7c33	and	x24,x28,x30	 x28:0x80040fe4 x30:0x00000000 x24=0x00000000
     217835.000 ns	     21782	800045e8	11a5ffd3	fmul.s	f31,f11,f26	 f11:0x49000000 f26:0xbf084b64 f31=0xc8884b64
     217875.000 ns	     21786	800045ec	10f24ed3	fmul.s	f29,f4,f15	  f4:0x1933b10b f15:0x00000000 f29=0x00000000
     217895.000 ns	     21788	800045f0	50966a13	ori	x20,x12,1289	 x12:0xffffffff x20=0xffffffff
     217915.000 ns	     21790	800045f4	a13d21d3	feq.s	x3,f26,f19	 f26:0xbf084b64 f19:0x7fc00000  x3=0x00000000
     217935.000 ns	     21792	800045f8	00496b33	or	x22,x18,x4	 x18:0xfc105d20  x4:0x00000000 x22=0xfc105d20
     217945.000 ns	     21793	800045fc	017988b3	add	x17,x19,x23	 x19:0x0007ff08 x23:0x4d00040a x17=0x4d080312
     217965.000 ns	     21795	80004600	c00170d3	fcvt.w.s	x1,f2	  f2:0x7fc00000  x1=0x7fffffff
     217995.000 ns	     21798	80004604	29588053	fmin.s	f0,f17,f21	 f17:0x7fc00000 f21:0xcf000410  f0=0xcf000410
     218025.000 ns	     21801	80004608	20508253	fsgnj.s	f4,f1,f5	  f1:0x00080000  f5:0x80000000  f4=0x80080000
     218045.000 ns	     21803	8000460c	00e19db3	sll	x27,x3,x14	  x3:0x00000000 x14:0x00002000 x27=0x00000000
     218055.000 ns	     21804	80004610	0060e3b3	or	x7,x1,x6	  x1:0x7fffffff  x6:0x80041024  x7=0xffffffff
     218075.000 ns	     21806	80004614	29f28ad3	fmin.s	f21,f5,f31	  f5:0x80000000 f31:0xc8884b64 f21=0xc8884b64
     218095.000 ns	     21808	80004618	0b9fa193	slti	x3,x31,185	 x31:0x00000000  x3=0x00000001
     218115.000 ns	     21810	8000461c	a0d72dd3	feq.s	x27,f14,f13	 f14:0x7fc00000 f13:0x52b29fea x27=0x00000000
     218135.000 ns	     21812	80004620	40025f93	srai	x31,x4,0x0	  x4:0x00000000 x31=0x00000000
     218145.000 ns	     21813	80004624	01419593	slli	x11,x3,0x14	  x3:0x00000001 x11=0x00100000
     218155.000 ns	     21814	80004628	a8d2e913	ori	x18,x5,-1395	  x5:0x00000000 x18=0xfffffa8d
     218515.000 ns	     21850	8000462c	02aadb33	divu	x22,x21,x10	 x21:0x00000000 x10:0x00080000 x22=0x00000000
     218545.000 ns	     21853	80004630	e00f0553	fmv.x.w	x10,f30	 f30:0x52b29fea x10=0x52b29fea
     218565.000 ns	     21855	80004634	016645b3	xor	x11,x12,x22	 x12:0xffffffff x22:0x00000000 x11=0xffffffff
     218575.000 ns	     21856	80004638	01368c33	add	x24,x13,x19	 x13:0x00000000 x19:0x0007ff08 x24=0x0007ff08
     218585.000 ns	     21857	8000463c	f2364413	xori	x8,x12,-221	 x12:0xffffffff  x8=0x000000dc
     218595.000 ns	     21858	80004640	bc013c13	sltiu	x24,x2,-1088	  x2:0x00000000 x24=0x00000001
     218615.000 ns	     21860	80004644	e00c8953	fmv.x.w	x18,f25	 f25:0x7fc00000 x18=0x7fc00000
     218655.000 ns	     21864	80004648	10367ad3	fmul.s	f21,f12,f3	 f12:0x3f084b64  f3:0x80000000 f21=0x80000000
     218685.000 ns	     21867	8000464c	a154af53	feq.s	x30,f9,f21	  f9:0x7fc00000 f21:0xc8884b64 x30=0x00000000
     218715.000 ns	     21870	80004650	029c9933	mulh	x18,x25,x9	 x25:0xffffff08  x9:0x00000000 x18=0x00000000
     218745.000 ns	     21873	80004654	03f59933	mulh	x18,x11,x31	 x11:0xffffffff x31:0x00000000 x18=0x00000000
     218775.000 ns	     21876	80004658	28e392d3	fmax.s	f5,f7,f14	  f7:0x00000000 f14:0x7fc00000  f5=0x00000000
     218795.000 ns	     21878	8000465c	406f01b3	sub	x3,x30,x6	 x30:0x00000000  x6:0x80041024  x3=0x7ffbefdc
     218815.000 ns	     21880	80004660	29781453	fmax.s	f8,f16,f23	 f16:0x80040ffe f23:0x7fc00000  f8=0x80040ffe
     218845.000 ns	     21883	80004664	a0439cd3	flt.s	x25,f7,f4	  f7:0x00000000  f4:0x80080000 x25=0x00000000
     218865.000 ns	     21885	80004668	41065093	srai	x1,x12,0x10	 x12:0xffffffff  x1=0xffffffff
     218895.000 ns	     21888	8000466c	185ea953	fdiv.s	f18,f29,f5	 f29:0x00000000  f5:0x00000000 f18=0x7fc00000
     218915.000 ns	     21890	80004670	00219813	slli	x16,x3,0x2	  x3:0x7ffbefdc x16=0xffefbf70
     218935.000 ns	     21892	80004674	a0cb1653	flt.s	x12,f22,f12	 f22:0x444c4000 f12:0x3f084b64 x12=0x00000000
     218955.000 ns	     21894	80004678	00a76f33	or	x30,x14,x10	 x14:0x00002000 x10:0x52b29fea x30=0x52b2bfea
     218975.000 ns	     21896	8000467c	d0137a53	fcvt.s.wu	f20,x6	  x6:0x80041024 f20=0x4f000410
     218995.000 ns	     21898	80004680	6c3fcc37	lui	x24,0x6c3fc	 x24=0x6c3fc000
     219005.000 ns	     21899	80004684	016b8633	add	x12,x23,x22	 x23:0x4d00040a x22:0x00000000 x12=0x4d00040a
     219025.000 ns	     21901	80004688	0395f1b3	remu	x3,x11,x25	 x11:0xffffffff x25:0x00000000  x3=0xffffffff
     219045.000 ns	     21903	8000468c	00cb4c33	xor	x24,x22,x12	 x22:0x00000000 x12:0x00000000 x24=0x4d00040a
     219055.000 ns	     21904	80004690	cd192a13	slti	x20,x18,-815	 x18:0x00000000 x20=0x00000000
     219075.000 ns	     21906	80004694	a0a48153	fle.s	x2,f9,f10	  f9:0x7fc00000 f10:0x00000000  x2=0x00000000
     219105.000 ns	     21909	80004698	a1f080d3	fle.s	x1,f1,f31	  f1:0x00080000 f31:0xc8884b64  x1=0x00000000
     219125.000 ns	     21911	8000469c	00000013	addi	x0,x0,0	  x0:0x00000000
     219485.000 ns	     21947	800046a0	0306fbb3	remu	x23,x13,x16	 x13:0x00000000 x16:0xffefbf70 x23=0x00000000
     219515.000 ns	     21950	800046a4	032341b3	div	x3,x6,x18	  x6:0x80041024 x18:0x00000000  x3=0xffffffff
     219535.000 ns	     21952	800046a8	00000013	addi	x0,x0,0	  x0:0x00000000
     219545.000 ns	     21953	800046ac	01ecacb3	slt	x25,x25,x30	 x25:0x00000000 x30:0x52b2bfea x25=0x00000001
     219555.000 ns	     21954	800046b0	000ea433	slt	x8,x29,x0	 x29:0x9de35544  x0:0x00000000  x8=0x00000001
     219595.000 ns	     21958	800046b4	08693ad3	fsub.s	f21,f18,f6	 f18:0x7fc00000  f6:0x4f000410 f21=0x7fc00000
     219635.000 ns	     21962	800046b8	19bfba53	fdiv.s	f20,f31,f27	 f31:0xc8884b64 f27:0x7fc00000 f20=0x7fc00000
     219655.000 ns	     21964	800046bc	41cfd593	srai	x11,x31,0x1c	 x31:0x00000000 x11=0x00000000
     219665.000 ns	     21965	800046c0	5104bb13	sltiu	x22,x9,1296	  x9:0x00000000 x22=0x00000001
     219685.000 ns	     21967	800046c4	a0ae23d3	feq.s	x7,f28,f10	 f28:0x80000000 f10:0x00000000  x7=0x00000001
     219705.000 ns	     21969	800046c8	03a9f593	andi	x11,x19,58	 x19:0x0007ff08 x11=0x00000008
     219725.000 ns	     21971	800046cc	e00013d3	fclass.s	x7,f0	  f0:0xcf000410  x7=0x00000002
     219745.000 ns	     21973	800046d0	00fdc433	xor	x8,x27,x15	 x27:0x00000000 x15:0x00000002  x8=0x00000002
     219765.000 ns	     21975	800046d4	d01474d3	fcvt.s.wu	f9,x8	  x8:0x00000001  f9=0x40000000
     219785.000 ns	     21977	800046d8	c41f3917	auipc	x18,0xc41f3	 x18=0x441f76d8
     219805.000 ns	     21979	800046dc	03fe2733	mulhsu	x14,x28,x31	 x28:0x80040fe4 x31:0x00000000 x14=0x00000000
     219825.000 ns	     21981	800046e0	20856993	ori	x19,x10,520	 x10:0x52b29fea x19=0x52b29fea
     219845.000 ns	     21983	800046e4	e0090ad3	fmv.x.w	x21,f18	 f18:0x7fc00000 x21=0x7fc00000
     219875.000 ns	     21986	800046e8	20d70353	fsgnj.s	f6,f14,f13	 f14:0x7fc00000 f13:0x52b29fea  f6=0x7fc00000
     219905.000 ns	     21989	800046ec	29e68ad3	fmin.s	f21,f13,f30	 f13:0x52b29fea f30:0x52b29fea f21=0x52b29fea
     219945.000 ns	     21993	800046f0	105c88d3	fmul.s	f17,f25,f5	 f25:0x7fc00000  f5:0x00000000 f17=0x7fc00000
     219965.000 ns	     21995	800046f4	01c93cb3	sltu	x25,x18,x28	 x18:0x441f76d8 x28:0x80040fe4 x25=0x00000001
     219975.000 ns	     21996	800046f8	40300db3	sub	x27,x0,x3	  x0:0x00000000  x3:0xffffffff x27=0x00000001
     219985.000 ns	     21997	800046fc	e239e6b7	lui	x13,0xe239e	 x13=0xe239e000
     220345.000 ns	     22033	80004700	0390eb33	rem	x22,x1,x25	  x1:0x00000000 x25:0x00000001 x22=0x00000000
     220375.000 ns	     22036	80004704	e00a1653	fclass.s	x12,f20	 f20:0x7fc00000 x12=0x00000200
     220395.000 ns	     22038	80004708	131f2c13	slti	x24,x30,305	 x30:0x52b2bfea x24=0x00000000
     220415.000 ns	     22040	8000470c	025233b3	mulhu	x7,x4,x5	  x4:0x00000000  x5:0x00000000  x7=0x00000000
     220445.000 ns	     22043	80004710	a1ad1f53	flt.s	x30,f26,f26	 f26:0xbf084b64 f26:0xbf084b64 x30=0x00000000
     220475.000 ns	     22046	80004714	f00983d3	fmv.w.x	f7,x19	 x19:0x52b29fea  f7=0x52b29fea
     220495.000 ns	     22048	80004718	c328a2b7	lui	x5,0xc328a	  x5=0xc328a000
     220505.000 ns	     22049	8000471c	400e5ab3	sra	x21,x28,x0	 x28:0x80040fe4  x0:0x00000000 x21=0x80040fe4
     220525.000 ns	     22051	80004720	c0084153	fcvt.w.s	x2,f16	 f16:0x80040ffe  x2=0x00000000
     220545.000 ns	     22053	80004724	417b80b3	sub	x1,x23,x23	 x23:0x00000000 x23:0x00000000  x1=0x00000000
     220555.000 ns	     22054	80004728	40975a13	srai	x20,x14,0x9	 x14:0x00000000 x20=0x00000000
     220575.000 ns	     22056	8000472c	f0070053	fmv.w.x	f0,x14	 x14:0x00000000  f0=0x00000000
     220595.000 ns	     22058	80004730	01335c13	srli	x24,x6,0x13	  x6:0x80041024 x24=0x00001000
     220615.000 ns	     22060	80004734	21641853	fsgnjn.s	f16,f8,f22	  f8:0x80040ffe f22:0x444c4000 f16=0x80040ffe
     220645.000 ns	     22063	80004738	a092a253	feq.s	x4,f5,f9	  f5:0x00000000  f9:0x40000000  x4=0x00000000
     220665.000 ns	     22065	8000473c	04031737	lui	x14,0x4031	 x14=0x04031000
     220695.000 ns	     22068	80004740	1837f1d3	fdiv.s	f3,f15,f3	 f15:0x00000000  f3:0x80000000  f3=0x7fc00000
     220725.000 ns	     22071	80004744	0301b533	mulhu	x10,x3,x16	  x3:0xffffffff x16:0xffefbf70 x10=0xffefbf6f
     220755.000 ns	     22074	80004748	21181dd3	fsgnjn.s	f27,f16,f17	 f16:0x80040ffe f17:0x7fc00000 f27=0x80040ffe
     220775.000 ns	     22076	8000474c	3cac3d37	lui	x26,0x3cac3	 x26=0x3cac3000
     220785.000 ns	     22077	80004750	4f87ee93	ori	x29,x15,1272	 x15:0x00000002 x29=0x000004fa
     220795.000 ns	     22078	80004754	01d9d133	srl	x2,x19,x29	 x19:0x52b29fea x29:0x9de35544  x2=0x00000014
     220815.000 ns	     22080	80004758	e00686d3	fmv.x.w	x13,f13	 f13:0x52b29fea x13=0x52b29fea
     220835.000 ns	     22082	8000475c	f04f2c93	slti	x25,x30,-252	 x30:0x00000000 x25=0x00000000
     220855.000 ns	     22084	80004760	a1b30b53	fle.s	x22,f6,f27	  f6:0x7fc00000 f27:0x80040ffe x22=0x00000000
     220875.000 ns	     22086	80004764	9e0978b7	lui	x17,0x9e097	 x17=0x9e097000
     220895.000 ns	     22088	80004768	21b79ad3	fsgnjn.s	f21,f15,f27	 f15:0x00000000 f27:0x80040ffe f21=0x00000000
     220925.000 ns	     22091	8000476c	21670d53	fsgnj.s	f26,f14,f22	 f14:0x7fc00000 f22:0x444c4000 f26=0x7fc00000
     220945.000 ns	     22093	80004770	000a3bb3	sltu	x23,x20,x0	 x20:0x00000000  x0:0x00000000 x23=0x00000000
     220965.000 ns	     22095	80004774	216b04d3	fsgnj.s	f9,f22,f22	 f22:0x444c4000 f22:0x444c4000  f9=0x444c4000
     220985.000 ns	     22097	80004778	01b5e833	or	x16,x11,x27	 x11:0x00000008 x27:0x00000001 x16=0x00000009
     221005.000 ns	     22099	8000477c	d0147453	fcvt.s.wu	f8,x8	  x8:0x00000002  f8=0x40000000
     221035.000 ns	     22102	80004780	03409b33	mulh	x22,x1,x20	  x1:0x00000000 x20:0x00000000 x22=0x00000000
     221055.000 ns	     22104	80004784	4f647013	andi	x0,x8,1270	  x8:0x00000002
     221065.000 ns	     22105	80004788	00c801b3	add	x3,x16,x12	 x16:0x00000009 x12:0x00000200  x3=0x00000209
     221105.000 ns	     22109	8000478c	013b1053	fadd.s	f0,f22,f19	 f22:0x444c4000 f19:0x7fc00000  f0=0x7fc00000
     221155.000 ns	     22114	80004790	091cc253	fsub.s	f4,f25,f17	 f25:0x7fc00000 f17:0x7fc00000  f4=0x7fc00000
     221185.000 ns	     22117	80004794	028baf33	mulhsu	x30,x23,x8	 x23:0x00000000  x8:0x00000002 x30=0x00000000
     221215.000 ns	     22120	80004798	e0029553	fclass.s	x10,f5	  f5:0x00000000 x10=0x00000010
     221245.000 ns	     22123	8000479c	f0010cd3	fmv.w.x	f25,x2	  x2:0x00000014 f25=0x00000014
     221275.000 ns	     22126	800047a0	a07621d3	feq.s	x3,f12,f7	 f12:0x3f084b64  f7:0x52b29fea  x3=0x00000000
     221295.000 ns	     22128	800047a4	01a1f733	and	x14,x3,x26	  x3:0x00000209 x26:0x3cac3000 x14=0x00000000
     221305.000 ns	     22129	800047a8	40ef06b3	sub	x13,x30,x14	 x30:0x00000000 x14:0x04031000 x13=0x00000000
     221335.000 ns	     22132	800047ac	580a7bd3	fsqrt.s	f23,f20	 f20:0x7fc00000 f23=0x7fc00000
     221355.000 ns	     22134	800047b0	009f1493	slli	x9,x30,0x9	 x30:0x00000000  x9=0x00000000
     221365.000 ns	     22135	800047b4	0fe6cc93	xori	x25,x13,254	 x13:0x00000000 x25=0x000000fe
     221375.000 ns	     22136	800047b8	005e6bb3	or	x23,x28,x5	 x28:0x80040fe4  x5:0xc328a000 x23=0xc32cafe4
     221385.000 ns	     22137	800047bc	40f85393	srai	x7,x16,0xf	 x16:0x00000009  x7=0x00000000
     221395.000 ns	     22138	800047c0	016cb133	sltu	x2,x25,x22	 x25:0x000000fe x22:0x00000000  x2=0x00000000
     221405.000 ns	     22139	800047c4	006268b3	or	x17,x4,x6	  x4:0x00000000  x6:0x80041024 x17=0x80041024
     221425.000 ns	     22141	800047c8	d0120ad3	fcvt.s.wu	f21,x4	  x4:0x00000000 f21=0x00000000
     221445.000 ns	     22143	800047cc	41888633	sub	x12,x17,x24	 x17:0x9e097000 x24:0x00001000 x12=0x80040024
     221465.000 ns	     22145	800047d0	e0021553	fclass.s	x10,f4	  f4:0x7fc00000 x10=0x00000200
     221835.000 ns	     22182	800047d4	03cc5ab3	divu	x21,x24,x28	 x24:0x00001000 x28:0x80040fe4 x21=0x00000000
     221855.000 ns	     22184	800047d8	0013dd93	srli	x27,x7,0x1	  x7:0x00000000 x27=0x00000000
     221875.000 ns	     22186	800047dc	f00c8753	fmv.w.x	f14,x25	 x25:0x000000fe f14=0x000000fe
     221895.000 ns	     22188	800047e0	40b65613	srai	x12,x12,0xb	 x12:0x80040024 x12=0xfff00080
     221915.000 ns	     22190	800047e4	20f398d3	fsgnjn.s	f17,f7,f15	  f7:0x52b29fea f15:0x00000000 f17=0xd2b29fea
     221945.000 ns	     22193	800047e8	f00a09d3	fmv.w.x	f19,x20	 x20:0x00000000 f19=0x00000000
     221975.000 ns	     22196	800047ec	03c0a1b3	mulhsu	x3,x1,x28	  x1:0x00000000 x28:0x80040fe4  x3=0x00000000
     222345.000 ns	     22233	800047f0	026fd0b3	divu	x1,x31,x6	 x31:0x00000000  x6:0x80041024  x1=0x00000000
     222385.000 ns	     22237	800047f4	1927f953	fdiv.s	f18,f15,f18	 f15:0x00000000 f18:0x7fc00000 f18=0x7fc00000
     222405.000 ns	     22239	800047f8	01585a33	srl	x20,x16,x21	 x16:0x00000009 x21:0x00000000 x20=0x00000009
     222415.000 ns	     22240	800047fc	43320b17	auipc	x22,0x43320	 x22=0xc33247fc
     222435.000 ns	     22242	80004800	0344b5b3	mulhu	x11,x9,x20	  x9:0x00000000 x20:0x00000000 x11=0x00000000
     222455.000 ns	     22244	80004804	00000013	addi	x0,x0,0	  x0:0x00000000
     222465.000 ns	     22245	80004808	881fe617	auipc	x12,0x881fe	 x12=0x08202808
     222475.000 ns	     22246	8000480c	0195fa33	and	x20,x11,x25	 x11:0x00000000 x25:0x000000fe x20=0x00000000
     222485.000 ns	     22247	80004810	00551413	slli	x8,x10,0x5	 x10:0x00000200  x8=0x00004000
     222495.000 ns	     22248	80004814	074ab013	sltiu	x0,x21,116	 x21:0x00000000
     222505.000 ns	     22249	80004818	40938633	sub	x12,x7,x9	  x7:0x00000000  x9:0x00000000 x12=0x00000000
     222515.000 ns	     22250	8000481c	416f0433	sub	x8,x30,x22	 x30:0x00000000 x22:0xc33247fc  x8=0x3ccdb804
     223685.000 ns	     22367	80004820	5805f9d3	fsqrt.s	f19,f11	 f11:0x49000000 f19=0x43b50482
     223705.000 ns	     22369	80004824	01bc1213	slli	x4,x24,0x1b	 x24:0x00001000  x4=0x00000000
     223725.000 ns	     22371	80004828	e00a1a53	fclass.s	x20,f20	 f20:0x7fc00000 x20=0x00000200
     223765.000 ns	     22375	8000482c	58057353	fsqrt.s	f6,f10	 f10:0x00000000  f6=0x00000000
     223785.000 ns	     22377	80004830	00000013	addi	x0,x0,0	  x0:0x00000000
     223795.000 ns	     22378	80004834	016f8eb3	add	x29,x31,x22	 x31:0x00000000 x22:0xc33247fc x29=0xc33247fc
     223805.000 ns	     22379	80004838	fd998213	addi	x4,x19,-39	 x19:0x52b29fea  x4=0x52b29fc3
     223825.000 ns	     22381	8000483c	d009aed3	fcvt.s.w	f29,x19	 x19:0x52b29fea f29=0x4ea56540
     223855.000 ns	     22384	80004840	f00a0253	fmv.w.x	f4,x20	 x20:0x00000200  f4=0x00000200
     223875.000 ns	     22386	80004844	d2daf213	andi	x4,x21,-723	 x21:0x00000000  x4=0x00000000
     223885.000 ns	     22387	80004848	f5700a37	lui	x20,0xf5700	 x20=0xf5700000
     223905.000 ns	     22389	8000484c	c0147253	fcvt.wu.s	x4,f8	  f8:0x40000000  x4=0x00000002
     223935.000 ns	     22392	80004850	a0060fd3	fle.s	x31,f12,f0	 f12:0x3f084b64  f0:0x7fc00000 x31=0x00000000
     223965.000 ns	     22395	80004854	a14291d3	flt.s	x3,f5,f20	  f5:0x00000000 f20:0x7fc00000  x3=0x00000000
     223985.000 ns	     22397	80004858	0189b8b3	sltu	x17,x19,x24	 x19:0x52b29fea x24:0x00001000 x17=0x00000000
     223995.000 ns	     22398	8000485c	a4d894b7	lui	x9,0xa4d89	  x9=0xa4d89000
     224005.000 ns	     22399	80004860	0fe7ff93	andi	x31,x15,254	 x15:0x00000002 x31=0x00000002
     224015.000 ns	     22400	80004864	00d924b3	slt	x9,x18,x13	 x18:0x441f76d8 x13:0x00000000  x9=0x00000000
     224045.000 ns	     22403	80004868	18a59353	fdiv.s	f6,f11,f10	 f11:0x49000000 f10:0x00000000  f6=0x7f800000
     224075.000 ns	     22406	8000486c	a1d39a53	flt.s	x20,f7,f29	  f7:0x52b29fea f29:0x4ea56540 x20=0x00000000
     224105.000 ns	     22409	80004870	d00efed3	fcvt.s.w	f29,x29	 x29:0xc33247fc f29=0xce7336e0
     224135.000 ns	     22412	80004874	03a93a33	mulhu	x20,x18,x26	 x18:0x441f76d8 x26:0x3cac3000 x20=0x102531c4
     224155.000 ns	     22414	80004878	007f5d93	srli	x27,x30,0x7	 x30:0x00000000 x27=0x00000000
     224175.000 ns	     22416	8000487c	a0329053	flt.s	x0,f5,f3	  f5:0x00000000  f3:0x7fc00000
     224205.000 ns	     22419	80004880	a1d61ad3	flt.s	x21,f12,f29	 f12:0x3f084b64 f29:0xce7336e0 x21=0x00000000
     224235.000 ns	     22422	80004884	c00a7fd3	fcvt.w.s	x31,f20	 f20:0x7fc00000 x31=0x7fffffff
     224275.000 ns	     22426	80004888	19a078d3	fdiv.s	f17,f0,f26	  f0:0x7fc00000 f26:0x7fc00000 f17=0x7fc00000
     224305.000 ns	     22429	8000488c	02190ab3	mul	x21,x18,x1	 x18:0x441f76d8  x1:0x00000000 x21=0x00000000
     224335.000 ns	     22432	80004890	03693bb3	mulhu	x23,x18,x22	 x18:0x441f76d8 x22:0xc33247fc x23=0x33f158d3
     224365.000 ns	     22435	80004894	20ab09d3	fsgnj.s	f19,f22,f10	 f22:0x444c4000 f10:0x00000000 f19=0x444c4000
     224735.000 ns	     22472	80004898	0262e033	rem	x0,x5,x6	  x5:0xc328a000  x6:0x80041024
     224765.000 ns	     22475	8000489c	e0089553	fclass.s	x10,f17	 f17:0x7fc00000 x10=0x00000200
     224795.000 ns	     22478	800048a0	a12610d3	flt.s	x1,f12,f18	 f12:0x3f084b64 f18:0x7fc00000  x1=0x00000000
     224815.000 ns	     22480	800048a4	00c97533	and	x10,x18,x12	 x18:0x441f76d8 x12:0x00000000 x10=0x00000000
     224825.000 ns	     22481	800048a8	002e5513	srli	x10,x28,0x2	 x28:0x80040fe4 x10=0x200103f9
     224845.000 ns	     22483	800048ac	c0147f53	fcvt.wu.s	x30,f8	  f8:0x40000000 x30=0x00000002
     225215.000 ns	     22520	800048b0	03edda33	divu	x20,x27,x30	 x27:0x00000000 x30:0x00000000 x20=0x00000000
     225235.000 ns	     22522	800048b4	41aa85b3	sub	x11,x21,x26	 x21:0x00000000 x26:0x3cac3000 x11=0xc353d000
     225255.000 ns	     22524	800048b8	a0ec1c53	flt.s	x24,f24,f14	 f24:0x4f000410 f14:0x000000fe x24=0x00000000
     225275.000 ns	     22526	800048bc	6a014b97	auipc	x23,0x6a014	 x23=0xea0188bc
     225285.000 ns	     22527	800048c0	6c6c7413	andi	x8,x24,1734	 x24:0x00000000  x8=0x00000000
     225305.000 ns	     22529	800048c4	21c792d3	fsgnjn.s	f5,f15,f28	 f15:0x00000000 f28:0x80000000  f5=0x00000000
     225325.000 ns	     22531	800048c8	2e516993	ori	x19,x2,741	  x2:0x00000000 x19=0x000002e5
     225365.000 ns	     22535	800048cc	0983aa53	fsub.s	f20,f7,f24	  f7:0x52b29fea f24:0x4f000410 f20=0x52b19fe1
     225395.000 ns	     22538	800048d0	e00601d3	fmv.x.w	x3,f12	 f12:0x3f084b64  x3=0x3f084b64
     225425.000 ns	     22541	800048d4	e00b90d3	fclass.s	x1,f23	 f23:0x7fc00000  x1=0x00000200
     225765.000 ns	     22575	800048d8	1985ad53	fdiv.s	f26,f11,f24	 f11:0x49000000 f24:0x4f000410 f26=0x39000000
     225815.000 ns	     22580	800048dc	099d1d53	fsub.s	f26,f26,f25	 f26:0x7fc00000 f25:0x00000014 f26=0x39000000
     225845.000 ns	     22583	800048e0	29a71853	fmax.s	f16,f14,f26	 f14:0x000000fe f26:0x39000000 f16=0x39000000
     225865.000 ns	     22585	800048e4	1dcf4a93	xori	x21,x30,476	 x30:0x00000002 x21=0x000001de
     225875.000 ns	     22586	800048e8	41f68133	sub	x2,x13,x31	 x13:0x00000000 x31:0x7fffffff  x2=0x80000001
     225885.000 ns	     22587	800048ec	011f0a33	add	x20,x30,x17	 x30:0x00000002 x17:0x00000000 x20=0x00000002
     226245.000 ns	     22623	800048f0	03997a33	remu	x20,x18,x25	 x18:0x441f76d8 x25:0x000000fe x20=0x00000068
     226265.000 ns	     22625	800048f4	00000013	addi	x0,x0,0	  x0:0x00000000
     226305.000 ns	     22629	800048f8	09a17253	fsub.s	f4,f2,f26	  f2:0x7fc00000 f26:0x39000000  f4=0x7fc00000
     226335.000 ns	     22632	800048fc	a0182d53	feq.s	x26,f16,f1	 f16:0x39000000  f1:0x00080000 x26=0x00000000
     226705.000 ns	     22669	80004900	02a9f2b3	remu	x5,x19,x10	 x19:0x000002e5 x10:0x200103f9  x5=0x000002e5
     226725.000 ns	     22671	80004904	01cf4b33	xor	x22,x30,x28	 x30:0x00000002 x28:0x80040fe4 x22=0x80040fe6
     226735.000 ns	     22672	80004908	00894233	xor	x4,x18,x8	 x18:0x441f76d8  x8:0x00000000  x4=0x441f76d8
     226755.000 ns	     22674	8000490c	a12ba3d3	feq.s	x7,f23,f18	 f23:0x7fc00000 f18:0x7fc00000  x7=0x00000000
     226805.000 ns	     22679	80004910	09fb73d3	fsub.s	f7,f22,f31	 f22:0x444c4000 f31:0xc8884b64  f7=0x4888b184
     226835.000 ns	     22682	80004914	029d9933	mulh	x18,x27,x9	 x27:0x00000000  x9:0x00000000 x18=0x00000000
     226855.000 ns	     22684	80004918	fbf27593	andi	x11,x4,-65	  x4:0x441f76d8 x11=0x441f7698
     226865.000 ns	     22685	8000491c	4026d493	srai	x9,x13,0x2	 x13:0x00000000  x9=0x00000000
     226885.000 ns	     22687	80004920	029eabb3	mulhsu	x23,x29,x9	 x29:0xc33247fc  x9:0x00000000 x23=0x00000000
     226915.000 ns	     22690	80004924	a12a9053	flt.s	x0,f21,f18	 f21:0x00000000 f18:0x7fc00000
     226945.000 ns	     22693	80004928	03b6e0b3	rem	x1,x13,x27	 x13:0x00000000 x27:0x00000000  x1=0x00000000
     226975.000 ns	     22696	8000492c	e00c8c53	fmv.x.w	x24,f25	 f25:0x00000014 x24=0x00000014
     227005.000 ns	     22699	80004930	2056a4d3	fsgnjx.s	f9,f13,f5	 f13:0x52b29fea  f5:0x00000000  f9=0x52b29fea
     227025.000 ns	     22701	80004934	40875b33	sra	x22,x14,x8	 x14:0x00000000  x8:0x00000000 x22=0x00000000
     227045.000 ns	     22703	80004938	021ad833	divu	x16,x21,x1	 x21:0x000001de  x1:0x00000000 x16=0xffffffff
     227385.000 ns	     22737	8000493c	194d80d3	fdiv.s	f1,f27,f20	 f27:0x80040ffe f20:0x52b19fe1  f1=0x80000000
     227415.000 ns	     22740	80004940	033eb5b3	mulhu	x11,x29,x19	 x29:0xc33247fc x19:0x000002e5 x11=0x00000235
     227435.000 ns	     22742	80004944	0081e933	or	x18,x3,x8	  x3:0x3f084b64  x8:0x00000000 x18=0x3f084b64
     227445.000 ns	     22743	80004948	c9fc22b7	lui	x5,0xc9fc2	  x5=0xc9fc2000
     227465.000 ns	     22745	8000494c	c0067753	fcvt.w.s	x14,f12	 f12:0x3f084b64 x14=0x00000000
     227495.000 ns	     22748	80004950	02182c33	mulhsu	x24,x16,x1	 x16:0xffffffff  x1:0x00000000 x24=0x00000000
     227525.000 ns	     22751	80004954	21f9a853	fsgnjx.s	f16,f19,f31	 f19:0x444c4000 f31:0xc8884b64 f16=0xc44c4000
     227545.000 ns	     22753	80004958	40c05a93	srai	x21,x0,0xc	  x0:0x00000000 x21=0x00000000
     227565.000 ns	     22755	8000495c	20619bd3	fsgnjn.s	f23,f3,f6	  f3:0x7fc00000  f6:0x7f800000 f23=0xffc00000
     227585.000 ns	     22757	80004960	41add2b3	sra	x5,x27,x26	 x27:0x00000000 x26:0x00000000  x5=0x00000000
     227595.000 ns	     22758	80004964	5e657613	andi	x12,x10,1510	 x10:0x200103f9 x12=0x000001e0
     227955.000 ns	     22794	80004968	03dfe233	rem	x4,x31,x29	 x31:0x7fffffff x29:0xc33247fc  x4=0x06648ff7
     228005.000 ns	     22799	8000496c	082201d3	fsub.s	f3,f4,f2	  f4:0x7fc00000  f2:0x7fc00000  f3=0x7fc00000
     228025.000 ns	     22801	80004970	010e38b3	sltu	x17,x28,x16	 x28:0x80040fe4 x16:0xffffffff x17=0x00000001
     228035.000 ns	     22802	80004974	72717437	lui	x8,0x72717	  x8=0x72717000
     228395.000 ns	     22838	80004978	039a5b33	divu	x22,x20,x25	 x20:0x00000068 x25:0x000000fe x22=0x00000000
     228415.000 ns	     22840	8000497c	01671b93	slli	x23,x14,0x16	 x14:0x00000000 x23=0x00000000
     228425.000 ns	     22841	80004980	0181f4b3	and	x9,x3,x24	  x3:0x3f084b64 x24:0x00000000  x9=0x00000000
     228435.000 ns	     22842	80004984	01ee9433	sll	x8,x29,x30	 x29:0xc33247fc x30:0x00000002  x8=0x0cc91ff0
     228445.000 ns	     22843	80004988	f0616913	ori	x18,x2,-250	  x2:0x80000001 x18=0xffffff07
     228465.000 ns	     22845	8000498c	024520b3	mulhsu	x1,x10,x4	 x10:0x200103f9  x4:0x06648ff7  x1=0x00cc987c
     228835.000 ns	     22882	80004990	030d50b3	divu	x1,x26,x16	 x26:0x00000000 x16:0xffffffff  x1=0x00000000
     228865.000 ns	     22885	80004994	2157a653	fsgnjx.s	f12,f15,f21	 f15:0x00000000 f21:0x00000000 f12=0x00000000
     228895.000 ns	     22888	80004998	d01c92d3	fcvt.s.wu	f5,x25	 x25:0x000000fe  f5=0x437e0000
     228915.000 ns	     22890	8000499c	01599113	slli	x2,x19,0x15	 x19:0x000002e5  x2=0x5ca00000
     228935.000 ns	     22892	800049a0	c00072d3	fcvt.w.s	x5,f0	  f0:0x7fc00000  x5=0x7fffffff
     228955.000 ns	     22894	800049a4	0067bc33	sltu	x24,x15,x6	 x15:0x00000002  x6:0x80041024 x24=0x00000001
     228965.000 ns	     22895	800049a8	0653fa93	andi	x21,x7,101	  x7:0x00000000 x21=0x00000000
     228985.000 ns	     22897	800049ac	a04e9453	flt.s	x8,f29,f4	 f29:0xce7336e0  f4:0x7fc00000  x8=0x00000000
     229005.000 ns	     22899	800049b0	0089c1b3	xor	x3,x19,x8	 x19:0x000002e5  x8:0x0cc91ff0  x3=0x000002e5
     229025.000 ns	     22901	800049b4	29a79353	fmax.s	f6,f15,f26	 f15:0x00000000 f26:0x39000000  f6=0x39000000
     229055.000 ns	     22904	800049b8	02edf6b3	remu	x13,x27,x14	 x27:0x00000000 x14:0x00000000 x13=0x00000000
     229105.000 ns	     22909	800049bc	098f3a53	fsub.s	f20,f30,f24	 f30:0x52b29fea f24:0x4f000410 f20=0x52b19fe2
     229135.000 ns	     22912	800049c0	a1b519d3	flt.s	x19,f10,f27	 f10:0x00000000 f27:0x80040ffe x19=0x00000000
     229155.000 ns	     22914	800049c4	0158e633	or	x12,x17,x21	 x17:0x00000001 x21:0x00000000 x12=0x00000001
     229165.000 ns	     22915	800049c8	00f546b3	xor	x13,x10,x15	 x10:0x200103f9 x15:0x00000002 x13=0x200103fb
     229185.000 ns	     22917	800049cc	03b24f33	div	x30,x4,x27	  x4:0x06648ff7 x27:0x00000000 x30=0xffffffff
     229225.000 ns	     22921	800049d0	113ea353	fmul.s	f6,f29,f19	 f29:0xce7336e0 f19:0x444c4000  f6=0xd3420c89
     229255.000 ns	     22924	800049d4	d00ea9d3	fcvt.s.w	f19,x29	 x29:0xc33247fc f19=0xce7336e1
     229275.000 ns	     22926	800049d8	00add493	srli	x9,x27,0xa	 x27:0x00000000  x9=0x00000000
     229295.000 ns	     22928	800049dc	209892d3	fsgnjn.s	f5,f17,f9	 f17:0x7fc00000  f9:0x52b29fea  f5=0xffc00000
     229315.000 ns	     22930	800049e0	c2e3e593	ori	x11,x7,-978	  x7:0x00000000 x11=0xfffffc2e
     229355.000 ns	     22934	800049e4	0948aa53	fsub.s	f20,f17,f20	 f17:0x7fc00000 f20:0x52b19fe2 f20=0x7fc00000
     229375.000 ns	     22936	800049e8	7ed74e93	xori	x29,x14,2029	 x14:0x00000000 x29=0x000007ed
     229395.000 ns	     22938	800049ec	e0011d53	fclass.s	x26,f2	  f2:0x7fc00000 x26=0x00000200
     229425.000 ns	     22941	800049f0	28100ed3	fmin.s	f29,f0,f1	  f0:0x7fc00000  f1:0x80000000 f29=0x80000000
     229445.000 ns	     22943	800049f4	01ccb9b3	sltu	x19,x25,x28	 x25:0x000000fe x28:0x80040fe4 x19=0x00000001
     229455.000 ns	     22944	800049f8	d46da913	slti	x18,x27,-698	 x27:0x00000000 x18=0x00000000
     229465.000 ns	     22945	800049fc	01c23d33	sltu	x26,x4,x28	  x4:0x06648ff7 x28:0x80040fe4 x26=0x00000001
     229485.000 ns	     22947	80004a00	020fef33	rem	x30,x31,x0	 x31:0x7fffffff  x0:0x00000000 x30=0x7fffffff
     229515.000 ns	     22950	80004a04	d01f7853	fcvt.s.wu	f16,x30	 x30:0xffffffff f16=0x4effffff
     229545.000 ns	     22953	80004a08	d00e3c53	fcvt.s.w	f24,x28	 x28:0x80040fe4 f24=0xcefff7e1
     229565.000 ns	     22955	80004a0c	f1f88193	addi	x3,x17,-225	 x17:0x00000001  x3=0xffffff20
     229925.000 ns	     22991	80004a10	03a06633	rem	x12,x0,x26	  x0:0x00000000 x26:0x00000001 x12=0x00000000
     229945.000 ns	     22993	80004a14	019edfb3	srl	x31,x29,x25	 x29:0x000007ed x25:0x000000fe x31=0x00000000
     229955.000 ns	     22994	80004a18	d71a8e93	addi	x29,x21,-655	 x21:0x00000000 x29=0xfffffd71
     229965.000 ns	     22995	80004a1c	405682b3	sub	x5,x13,x5	 x13:0x200103fb  x5:0x7fffffff  x5=0xa00103fc
     229975.000 ns	     22996	80004a20	005455b3	srl	x11,x8,x5	  x8:0x00000000  x5:0x7fffffff x11=0x00000000
     229985.000 ns	     22997	80004a24	cd0b2a13	slti	x20,x22,-816	 x22:0x00000000 x20=0x00000000
     229995.000 ns	     22998	80004a28	00eb8d33	add	x26,x23,x14	 x23:0x00000000 x14:0x00000000 x26=0x00000000
     230005.000 ns	     22999	80004a2c	001d5c13	srli	x24,x26,0x1	 x26:0x00000001 x24=0x00000000
     230025.000 ns	     23001	80004a30	212a9a53	fsgnjn.s	f20,f21,f18	 f21:0x00000000 f18:0x7fc00000 f20=0x80000000
     230045.000 ns	     23003	80004a34	007f85b3	add	x11,x31,x7	 x31:0x00000000  x7:0x00000000 x11=0x00000000
     230055.000 ns	     23004	80004a38	00daabb3	slt	x23,x21,x13	 x21:0x00000000 x13:0x200103fb x23=0x00000001
     230065.000 ns	     23005	80004a3c	af900113	addi	x2,x0,-1287	  x0:0x00000000  x2=0xfffffaf9
     230095.000 ns	     23008	80004a40	1908f253	fdiv.s	f4,f17,f16	 f17:0x7fc00000 f16:0x4effffff  f4=0x7fc00000
     230125.000 ns	     23011	80004a44	e0090ad3	fmv.x.w	x21,f18	 f18:0x7fc00000 x21=0x7fc00000
     230145.000 ns	     23013	80004a48	00eab1b3	sltu	x3,x21,x14	 x21:0x00000000 x14:0x00000000  x3=0x00000000
     230155.000 ns	     23014	80004a4c	27602293	slti	x5,x0,630	  x0:0x00000000  x5=0x00000001
     230165.000 ns	     23015	80004a50	40a0ddb3	sra	x27,x1,x10	  x1:0x00000000 x10:0x200103f9 x27=0x00000000
     230175.000 ns	     23016	80004a54	52b2b393	sltiu	x7,x5,1323	  x5:0xa00103fc  x7=0x00000001
     230185.000 ns	     23017	80004a58	00641213	slli	x4,x8,0x6	  x8:0x00000000  x4=0x00000000
     230195.000 ns	     23018	80004a5c	012a5f13	srli	x30,x20,0x12	 x20:0x00000000 x30=0x00000000
     230215.000 ns	     23020	80004a60	a0d92553	feq.s	x10,f18,f13	 f18:0x7fc00000 f13:0x52b29fea x10=0x00000000
     230235.000 ns	     23022	80004a64	445cf193	andi	x3,x25,1093	 x25:0x000000fe  x3=0x00000044
     230265.000 ns	     23025	80004a68	58088753	fsqrt.s	f14,f17	 f17:0x7fc00000 f14=0x7fc00000
     230285.000 ns	     23027	80004a6c	4120dfb3	sra	x31,x1,x18	  x1:0x00000000 x18:0x00000000 x31=0x00000000
     230305.000 ns	     23029	80004a70	28f897d3	fmax.s	f15,f17,f15	 f17:0x7fc00000 f15:0x00000000 f15=0x00000000
     230335.000 ns	     23032	80004a74	d01c22d3	fcvt.s.wu	f5,x24	 x24:0x00000000  f5=0x00000000
     230355.000 ns	     23034	80004a78	01d56133	or	x2,x10,x29	 x10:0x00000000 x29:0xfffffd71  x2=0xfffffd71
     230715.000 ns	     23070	80004a7c	03917533	remu	x10,x2,x25	  x2:0xfffffaf9 x25:0x000000fe x10=0x0000007b
     230745.000 ns	     23073	80004a80	024ca633	mulhsu	x12,x25,x4	 x25:0x000000fe  x4:0x00000000 x12=0x00000000
     230765.000 ns	     23075	80004a84	016f6eb3	or	x29,x30,x22	 x30:0x00000000 x22:0x00000000 x29=0x00000000
     230785.000 ns	     23077	80004a88	0285c4b3	div	x9,x11,x8	 x11:0x00000000  x8:0x00000000  x9=0xffffffff
     230815.000 ns	     23080	80004a8c	0214ec33	rem	x24,x9,x1	  x9:0x00000000  x1:0x00000000 x24=0xffffffff
     230845.000 ns	     23083	80004a90	e0068ad3	fmv.x.w	x21,f13	 f13:0x52b29fea x21=0x52b29fea
     230865.000 ns	     23085	80004a94	af91a413	slti	x8,x3,-1287	  x3:0x00000044  x8=0x00000000
     230875.000 ns	     23086	80004a98	008706b3	add	x13,x14,x8	 x14:0x00000000  x8:0x00000000 x13=0x00000000
     230885.000 ns	     23087	80004a9c	00f2c033	xor	x0,x5,x15	  x5:0x00000001 x15:0x00000002
     230905.000 ns	     23089	80004aa0	a0448d53	fle.s	x26,f9,f4	  f9:0x52b29fea  f4:0x7fc00000 x26=0x00000000
     230935.000 ns	     23092	80004aa4	c0061653	fcvt.w.s	x12,f12	 f12:0x00000000 x12=0x00000000
     230975.000 ns	     23096	80004aa8	115cf6d3	fmul.s	f13,f25,f21	 f25:0x00000014 f21:0x00000000 f13=0x00000000
     230995.000 ns	     23098	80004aac	012c1833	sll	x16,x24,x18	 x24:0xffffffff x18:0x00000000 x16=0xffffffff
     231015.000 ns	     23100	80004ab0	e00a0b53	fmv.x.w	x22,f20	 f20:0x80000000 x22=0x80000000
     231045.000 ns	     23103	80004ab4	c00771d3	fcvt.w.s	x3,f14	 f14:0x7fc00000  x3=0x7fffffff
     231075.000 ns	     23106	80004ab8	0243c1b3	div	x3,x7,x4	  x7:0x00000001  x4:0x00000000  x3=0xffffffff
     232255.000 ns	     23224	80004abc	580f75d3	fsqrt.s	f11,f30	 f30:0x52b29fea f11=0x49173540
     232275.000 ns	     23226	80004ac0	4978ff13	andi	x30,x17,1175	 x17:0x00000001 x30=0x00000001
     232285.000 ns	     23227	80004ac4	df2b3617	auipc	x12,0xdf2b3	 x12=0x5f2b7ac4
     232305.000 ns	     23229	80004ac8	e0000b53	fmv.x.w	x22,f0	  f0:0x7fc00000 x22=0x7fc00000
     232325.000 ns	     23231	80004acc	1c57fc13	andi	x24,x15,453	 x15:0x00000002 x24=0x00000000
     232345.000 ns	     23233	80004ad0	a00318d3	flt.s	x17,f6,f0	  f6:0xd3420c89  f0:0x7fc00000 x17=0x00000000
     232365.000 ns	     23235	80004ad4	00a77cb3	and	x25,x14,x10	 x14:0x00000000 x10:0x0000007b x25=0x00000000
     232395.000 ns	     23238	80004ad8	114e8a53	fmul.s	f20,f29,f20	 f29:0x80000000 f20:0x80000000 f20=0x00000000
     232415.000 ns	     23240	80004adc	82aa7a13	andi	x20,x20,-2006	 x20:0x00000000 x20=0x00000000
     232435.000 ns	     23242	80004ae0	21570f53	fsgnj.s	f30,f14,f21	 f14:0x7fc00000 f21:0x00000000 f30=0x7fc00000
     232455.000 ns	     23244	80004ae4	01e9abb3	slt	x23,x19,x30	 x19:0x00000001 x30:0x00000001 x23=0x00000000
     232475.000 ns	     23246	80004ae8	a17ca9d3	feq.s	x19,f25,f23	 f25:0x00000014 f23:0xffc00000 x19=0x00000000
     232495.000 ns	     23248	80004aec	1d5b4f13	xori	x30,x22,469	 x22:0x7fc00000 x30=0x7fc001d5
     232515.000 ns	     23250	80004af0	d00bf953	fcvt.s.w	f18,x23	 x23:0x00000000 f18=0x00000000
     232545.000 ns	     23253	80004af4	288a8153	fmin.s	f2,f21,f8	 f21:0x00000000  f8:0x40000000  f2=0x00000000
     232565.000 ns	     23255	80004af8	e0a80493	addi	x9,x16,-502	 x16:0xffffffff  x9=0xfffffe09
     232575.000 ns	     23256	80004afc	751e0013	addi	x0,x28,1873	 x28:0x80040fe4
     232585.000 ns	     23257	80004b00	01332d33	slt	x26,x6,x19	  x6:0x80041024 x19:0x00000000 x26=0x00000001
     232595.000 ns	     23258	80004b04	01132c33	slt	x24,x6,x17	  x6:0x80041024 x17:0x00000000 x24=0x00000001
     232605.000 ns	     23259	80004b08	efffcb93	xori	x23,x31,-257	 x31:0x00000000 x23=0xfffffeff
     232625.000 ns	     23261	80004b0c	a17b26d3	feq.s	x13,f22,f23	 f22:0x444c4000 f23:0xffc00000 x13=0x00000000
     232655.000 ns	     23264	80004b10	a16c8253	fle.s	x4,f25,f22	 f25:0x00000014 f22:0x444c4000  x4=0x00000001
     232675.000 ns	     23266	80004b14	d617a417	auipc	x8,0xd617a	  x8=0x5617eb14
     232695.000 ns	     23268	80004b18	21ed29d3	fsgnjx.s	f19,f26,f30	 f26:0x39000000 f30:0x7fc00000 f19=0x39000000
     232725.000 ns	     23271	80004b1c	296213d3	fmax.s	f7,f4,f22	  f4:0x7fc00000 f22:0x444c4000  f7=0x444c4000
     232745.000 ns	     23273	80004b20	01da5533	srl	x10,x20,x29	 x20:0x00000000 x29:0x00000000 x10=0x00000000
     232755.000 ns	     23274	80004b24	e438c693	xori	x13,x17,-445	 x17:0x00000000 x13=0xfffffe43
     233115.000 ns	     23310	80004b28	02f649b3	div	x19,x12,x15	 x12:0x5f2b7ac4 x15:0x00000002 x19=0x2f95bd62
     233135.000 ns	     23312	80004b2c	016000b3	add	x1,x0,x22	  x0:0x00000000 x22:0x7fc00000  x1=0x7fc00000
     233145.000 ns	     23313	80004b30	99df11b7	lui	x3,0x99df1	  x3=0x99df1000
     233155.000 ns	     23314	80004b34	f4c4ddb7	lui	x27,0xf4c4d	 x27=0xf4c4d000
     233165.000 ns	     23315	80004b38	01a09f33	sll	x30,x1,x26	  x1:0x7fc00000 x26:0x00000001 x30=0xff800000
     233205.000 ns	     23319	80004b3c	019bfdd3	fadd.s	f27,f23,f25	 f23:0xffc00000 f25:0x00000014 f27=0x7fc00000
     233225.000 ns	     23321	80004b40	fa2ead13	slti	x26,x29,-94	 x29:0x00000000 x26=0x00000000
     233235.000 ns	     23322	80004b44	592d1617	auipc	x12,0x592d1	 x12=0xd92d5b44
     233245.000 ns	     23323	80004b48	00d88c33	add	x24,x17,x13	 x17:0x00000000 x13:0xfffffe43 x24=0xfffffe43
     233255.000 ns	     23324	80004b4c	9469c193	xori	x3,x19,-1722	 x19:0x2f95bd62  x3=0xd06a4424
     233265.000 ns	     23325	80004b50	015e09b3	add	x19,x28,x21	 x28:0x80040fe4 x21:0x52b29fea x19=0xd2b6afce
     233275.000 ns	     23326	80004b54	01c862b3	or	x5,x16,x28	 x16:0xffffffff x28:0x80040fe4  x5=0xffffffff
     233295.000 ns	     23328	80004b58	c012a8d3	fcvt.wu.s	x17,f5	  f5:0x00000000 x17=0x00000000
     233315.000 ns	     23330	80004b5c	009c8db3	add	x27,x25,x9	 x25:0x00000000  x9:0xfffffe09 x27=0xfffffe09
     233325.000 ns	     23331	80004b60	00031b33	sll	x22,x6,x0	  x6:0x80041024  x0:0x00000000 x22=0x80041024
     233685.000 ns	     23367	80004b64	03e96fb3	rem	x31,x18,x30	 x18:0x00000000 x30:0xff800000 x31=0x00000000
     234055.000 ns	     23404	80004b68	0362d733	divu	x14,x5,x22	  x5:0xffffffff x22:0x7fc00000 x14=0x00000001
     234075.000 ns	     23406	80004b6c	40908933	sub	x18,x1,x9	  x1:0x7fc00000  x9:0xfffffe09 x18=0x7fc001f7
     234095.000 ns	     23408	80004b70	a0df8ed3	fle.s	x29,f31,f13	 f31:0xc8884b64 f13:0x00000000 x29=0x00000001
     234115.000 ns	     23410	80004b74	01aa1933	sll	x18,x20,x26	 x20:0x00000000 x26:0x00000000 x18=0x00000000
     234135.000 ns	     23412	80004b78	20402353	fsgnjx.s	f6,f0,f4	  f0:0x7fc00000  f4:0x7fc00000  f6=0x7fc00000
     234165.000 ns	     23415	80004b7c	a1009d53	flt.s	x26,f1,f16	  f1:0x80000000 f16:0x4effffff x26=0x00000001
     234185.000 ns	     23417	80004b80	00b07433	and	x8,x0,x11	  x0:0x00000000 x11:0x00000000  x8=0x00000000
     234195.000 ns	     23418	80004b84	c5386493	ori	x9,x16,-941	 x16:0xffffffff  x9=0xffffffff
     234205.000 ns	     23419	80004b88	0172df33	srl	x30,x5,x23	  x5:0xffffffff x23:0xfffffeff x30=0x00000001
     234225.000 ns	     23421	80004b8c	a14d28d3	feq.s	x17,f26,f20	 f26:0x39000000 f20:0x00000000 x17=0x00000000
     234255.000 ns	     23424	80004b90	20ab18d3	fsgnjn.s	f17,f22,f10	 f22:0x444c4000 f10:0x00000000 f17=0xc44c4000
     234275.000 ns	     23426	80004b94	01b61e93	slli	x29,x12,0x1b	 x12:0xd92d5b44 x29=0x20000000
     234285.000 ns	     23427	80004b98	00463d33	sltu	x26,x12,x4	 x12:0xd92d5b44  x4:0x00000001 x26=0x00000000
     234295.000 ns	     23428	80004b9c	01979393	slli	x7,x15,0x19	 x15:0x00000002  x7=0x04000000
     234315.000 ns	     23430	80004ba0	20bd8d53	fsgnj.s	f26,f27,f11	 f27:0x7fc00000 f11:0x49173540 f26=0x7fc00000
     234345.000 ns	     23433	80004ba4	284516d3	fmax.s	f13,f10,f4	 f10:0x00000000  f4:0x7fc00000 f13=0x00000000
     234375.000 ns	     23436	80004ba8	d009f153	fcvt.s.w	f2,x19	 x19:0xd2b6afce  f2=0xce352540
     234745.000 ns	     23473	80004bac	033f7833	remu	x16,x30,x19	 x30:0x00000001 x19:0xd2b6afce x16=0x00000001
     234785.000 ns	     23477	80004bb0	113798d3	fmul.s	f17,f15,f19	 f15:0x00000000 f19:0x39000000 f17=0x00000000
     234835.000 ns	     23482	80004bb4	08aa7353	fsub.s	f6,f20,f10	 f20:0x00000000 f10:0x00000000  f6=0x80000000
     234855.000 ns	     23484	80004bb8	40350cb3	sub	x25,x10,x3	 x10:0x00000000  x3:0xd06a4424 x25=0x2f95bbdc
     234875.000 ns	     23486	80004bbc	03c00d33	mul	x26,x0,x28	  x0:0x00000000 x28:0x80040fe4 x26=0x00000000
     234905.000 ns	     23489	80004bc0	a0d391d3	flt.s	x3,f7,f13	  f7:0x444c4000 f13:0x00000000  x3=0x00000000
     234955.000 ns	     23494	80004bc4	00118253	fadd.s	f4,f3,f1	  f3:0x7fc00000  f1:0x80000000  f4=0x7fc00000
     234975.000 ns	     23496	80004bc8	41060b33	sub	x22,x12,x16	 x12:0xd92d5b44 x16:0x00000001 x22=0xd92d5b43
     236145.000 ns	     23613	80004bcc	5805fdd3	fsqrt.s	f27,f11	 f11:0x49173540 f27=0x43d5d684
     236175.000 ns	     23616	80004bd0	a12c2953	feq.s	x18,f24,f18	 f24:0xcefff7e1 f18:0x00000000 x18=0x00000000
     236215.000 ns	     23620	80004bd4	102474d3	fmul.s	f9,f8,f2	  f8:0x40000000  f2:0xce352540  f9=0xceb52540
     236235.000 ns	     23622	80004bd8	0051b9b3	sltu	x19,x3,x5	  x3:0x00000000  x5:0xffffffff x19=0x00000001
     236245.000 ns	     23623	80004bdc	412353b3	sra	x7,x6,x18	  x6:0x80041024 x18:0x00000000  x7=0x80041024
     236265.000 ns	     23625	80004be0	a151a1d3	feq.s	x3,f3,f21	  f3:0x7fc00000 f21:0x00000000  x3=0x00000000
     236295.000 ns	     23628	80004be4	d001fdd3	fcvt.s.w	f27,x3	  x3:0x00000000 f27=0x00000000
     236345.000 ns	     23633	80004be8	09547dd3	fsub.s	f27,f8,f21	  f8:0x40000000 f21:0x00000000 f27=0x40000000
     236375.000 ns	     23636	80004bec	02ba80b3	mul	x1,x21,x11	 x21:0x52b29fea x11:0x00000000  x1=0x00000000
     236745.000 ns	     23673	80004bf0	029bfd33	remu	x26,x23,x9	 x23:0xfffffeff  x9:0xffffffff x26=0xfffffeff
     236775.000 ns	     23676	80004bf4	d0053453	fcvt.s.w	f8,x10	 x10:0x00000000  f8=0x00000000
     237145.000 ns	     23713	80004bf8	0368c133	div	x2,x17,x22	 x17:0x00000000 x22:0xd92d5b43  x2=0x00000000
     237165.000 ns	     23715	80004bfc	05942613	slti	x12,x8,89	  x8:0x00000000 x12=0x00000001
     237185.000 ns	     23717	80004c00	a0a09f53	flt.s	x30,f1,f10	  f1:0x80000000 f10:0x00000000 x30=0x00000000
     237205.000 ns	     23719	80004c04	009a1733	sll	x14,x20,x9	 x20:0x00000000  x9:0xffffffff x14=0x00000000
     237225.000 ns	     23721	80004c08	028ef2b3	remu	x5,x29,x8	 x29:0x20000000  x8:0x00000000  x5=0x20000000
     237265.000 ns	     23725	80004c0c	184b7b53	fdiv.s	f22,f22,f4	 f22:0x444c4000  f4:0x7fc00000 f22=0x7fc00000
     237295.000 ns	     23728	80004c10	024bb0b3	mulhu	x1,x23,x4	 x23:0xfffffeff  x4:0x00000001  x1=0x00000000
     237315.000 ns	     23730	80004c14	01e8da13	srli	x20,x17,0x1e	 x17:0x00000000 x20=0x00000000
     237345.000 ns	     23733	80004c18	19ae0653	fdiv.s	f12,f28,f26	 f28:0x80000000 f26:0x7fc00000 f12=0x7fc00000
     237375.000 ns	     23736	80004c1c	02930033	mul	x0,x6,x9	  x6:0x80041024  x9:0xffffffff
     237405.000 ns	     23739	80004c20	21b106d3	fsgnj.s	f13,f2,f27	  f2:0xce352540 f27:0x40000000 f13=0x4e352540
     237425.000 ns	     23741	80004c24	010c0837	lui	x16,0x10c0	 x16=0x010c0000
     237445.000 ns	     23743	80004c28	e00d16d3	fclass.s	x13,f26	 f26:0x7fc00000 x13=0x00000200
     237475.000 ns	     23746	80004c2c	a00ba6d3	feq.s	x13,f23,f0	 f23:0xffc00000  f0:0x7fc00000 x13=0x00000000
     237495.000 ns	     23748	80004c30	003c5bb3	srl	x23,x24,x3	 x24:0xfffffe43  x3:0x00000000 x23=0xfffffe43
     237515.000 ns	     23750	80004c34	d01a70d3	fcvt.s.wu	f1,x20	 x20:0x00000000  f1=0x00000000
     237535.000 ns	     23752	80004c38	00f26bb3	or	x23,x4,x15	  x4:0x00000001 x15:0x00000002 x23=0x00000003
     237545.000 ns	     23753	80004c3c	0079c533	xor	x10,x19,x7	 x19:0x00000001  x7:0x80041024 x10=0x80041025
     237565.000 ns	     23755	80004c40	a16d25d3	feq.s	x11,f26,f22	 f26:0x7fc00000 f22:0x7fc00000 x11=0x00000000
     237595.000 ns	     23758	80004c44	e0068dd3	fmv.x.w	x27,f13	 f13:0x4e352540 x27=0x4e352540
     237615.000 ns	     23760	80004c48	004d2f33	slt	x30,x26,x4	 x26:0xfffffeff  x4:0x00000001 x30=0x00000001
     237625.000 ns	     23761	80004c4c	009373b3	and	x7,x6,x9	  x6:0x80041024  x9:0xffffffff  x7=0x80041024
     237635.000 ns	     23762	80004c50	015521b3	slt	x3,x10,x21	 x10:0x80041025 x21:0x52b29fea  x3=0x00000001
     237655.000 ns	     23764	80004c54	21c287d3	fsgnj.s	f15,f5,f28	  f5:0x00000000 f28:0x80000000 f15=0x80000000
     237685.000 ns	     23767	80004c58	036132b3	mulhu	x5,x2,x22	  x2:0x00000000 x22:0xd92d5b43  x5=0x00000000
     237715.000 ns	     23770	80004c5c	f0058253	fmv.w.x	f4,x11	 x11:0x00000000  f4=0x00000000
     237735.000 ns	     23772	80004c60	05769637	lui	x12,0x5769	 x12=0x05769000
     237745.000 ns	     23773	80004c64	00000013	addi	x0,x0,0	  x0:0x00000000
     237755.000 ns	     23774	80004c68	419f8fb3	sub	x31,x31,x25	 x31:0x00000000 x25:0x2f95bbdc x31=0xd06a4424
     237775.000 ns	     23776	80004c6c	2164a653	fsgnjx.s	f12,f9,f22	  f9:0xceb52540 f22:0x7fc00000 f12=0xceb52540
     237805.000 ns	     23779	80004c70	d0127bd3	fcvt.s.wu	f23,x4	  x4:0x00000001 f23=0x3f800000
     237835.000 ns	     23782	80004c74	c00a76d3	fcvt.w.s	x13,f20	 f20:0x00000000 x13=0x00000000
     237855.000 ns	     23784	80004c78	7889f093	andi	x1,x19,1928	 x19:0x00000001  x1=0x00000000
     237875.000 ns	     23786	80004c7c	c0167d53	fcvt.wu.s	x26,f12	 f12:0xceb52540 x26=0x5a92a000
     237905.000 ns	     23789	80004c80	200f2653	fsgnjx.s	f12,f30,f0	 f30:0x7fc00000  f0:0x7fc00000 f12=0x7fc00000
     237935.000 ns	     23792	80004c84	29599853	fmax.s	f16,f19,f21	 f19:0x39000000 f21:0x00000000 f16=0x39000000
     237955.000 ns	     23794	80004c88	a963e497	auipc	x9,0xa963e	  x9=0x29642c88
     237975.000 ns	     23796	80004c8c	02923833	mulhu	x16,x4,x9	  x4:0x00000001  x9:0xffffffff x16=0x00000000
     238005.000 ns	     23799	80004c90	03b89fb3	mulh	x31,x17,x27	 x17:0x00000000 x27:0x4e352540 x31=0x00000000
     238025.000 ns	     23801	80004c94	40338533	sub	x10,x7,x3	  x7:0x80041024  x3:0x00000001 x10=0x80041023
     238035.000 ns	     23802	80004c98	00d7c6b3	xor	x13,x15,x13	 x15:0x00000002 x13:0x00000000 x13=0x00000002
     238045.000 ns	     23803	80004c9c	5459f513	andi	x10,x19,1349	 x19:0x00000001 x10=0x00000001
     238065.000 ns	     23805	80004ca0	28269953	fmax.s	f18,f13,f2	 f13:0x4e352540  f2:0xce352540 f18=0x4e352540
     238085.000 ns	     23807	80004ca4	01ed6733	or	x14,x26,x30	 x26:0x5a92a000 x30:0x00000001 x14=0x5a92a001
     238105.000 ns	     23809	80004ca8	e00108d3	fmv.x.w	x17,f2	  f2:0xce352540 x17=0xce352540
     238125.000 ns	     23811	80004cac	41f402b3	sub	x5,x8,x31	  x8:0x00000000 x31:0x00000000  x5=0x00000000
     238135.000 ns	     23812	80004cb0	01d65bb3	srl	x23,x12,x29	 x12:0x05769000 x29:0x20000000 x23=0x05769000
     238145.000 ns	     23813	80004cb4	01fa5e93	srli	x29,x20,0x1f	 x20:0x00000000 x29=0x00000000
     238165.000 ns	     23815	80004cb8	21f78153	fsgnj.s	f2,f15,f31	 f15:0x80000000 f31:0xc8884b64  f2=0x80000000
     238215.000 ns	     23820	80004cbc	086afe53	fsub.s	f28,f21,f6	 f21:0x00000000  f6:0x80000000 f28=0x00000000
     238245.000 ns	     23823	80004cc0	200422d3	fsgnjx.s	f5,f8,f0	  f8:0x00000000  f0:0x7fc00000  f5=0x00000000
     238265.000 ns	     23825	80004cc4	00e97133	and	x2,x18,x14	 x18:0x00000000 x14:0x5a92a001  x2=0x00000000
     238285.000 ns	     23827	80004cc8	d00a7ad3	fcvt.s.w	f21,x20	 x20:0x00000000 f21=0x00000000
     238315.000 ns	     23830	80004ccc	02e500b3	mul	x1,x10,x14	 x10:0x00000001 x14:0x5a92a001  x1=0x5a92a001
     238685.000 ns	     23867	80004cd0	03ca5b33	divu	x22,x20,x28	 x20:0x00000000 x28:0x80040fe4 x22=0x00000000
     238715.000 ns	     23870	80004cd4	f0028cd3	fmv.w.x	f25,x5	  x5:0x00000000 f25=0x00000000
     238735.000 ns	     23872	80004cd8	019b5033	srl	x0,x22,x25	 x22:0x00000000 x25:0x2f95bbdc
     238755.000 ns	     23874	80004cdc	a072a453	feq.s	x8,f5,f7	  f5:0x00000000  f7:0x444c4000  x8=0x00000000
     238775.000 ns	     23876	80004ce0	6983c993	xori	x19,x7,1688	  x7:0x80041024 x19=0x800416bc
     238785.000 ns	     23877	80004ce4	90c36093	ori	x1,x6,-1780	  x6:0x80041024  x1=0xfffff92c
     238805.000 ns	     23879	80004ce8	a1ba83d3	fle.s	x7,f21,f27	 f21:0x00000000 f27:0x40000000  x7=0x00000001
     238825.000 ns	     23881	80004cec	4e64c593	xori	x11,x9,1254	  x9:0x29642c88 x11=0x2964286e
     238835.000 ns	     23882	80004cf0	0198a0b3	slt	x1,x17,x25	 x17:0xce352540 x25:0x2f95bbdc  x1=0x00000001
     238855.000 ns	     23884	80004cf4	02901c33	mulh	x24,x0,x9	  x0:0x00000000  x9:0x29642c88 x24=0x00000000
     238885.000 ns	     23887	80004cf8	02d28b33	mul	x22,x5,x13	  x5:0x00000000 x13:0x00000002 x22=0x00000000
     238905.000 ns	     23889	80004cfc	01ce2eb3	slt	x29,x28,x28	 x28:0x80040fe4 x28:0x80040fe4 x29=0x00000000
     238915.000 ns	     23890	80004d00	4121db93	srai	x23,x3,0x12	  x3:0x00000001 x23=0x00000000
     238935.000 ns	     23892	80004d04	20fa0553	fsgnj.s	f10,f20,f15	 f20:0x00000000 f15:0x80000000 f10=0x80000000
     238965.000 ns	     23895	80004d08	d0131b53	fcvt.s.wu	f22,x6	  x6:0x80041024 f22=0x4f000410
     238995.000 ns	     23898	80004d0c	28611453	fmax.s	f8,f2,f6	  f2:0x80000000  f6:0x80000000  f8=0x80000000
     239025.000 ns	     23901	80004d10	287918d3	fmax.s	f17,f18,f7	 f18:0x4e352540  f7:0x444c4000 f17=0x4e352540
     239065.000 ns	     23905	80004d14	580e7b53	fsqrt.s	f22,f28	 f28:0x00000000 f22=0x00000000
     239085.000 ns	     23907	80004d18	00000013	addi	x0,x0,0	  x0:0x00000000
     239095.000 ns	     23908	80004d1c	6431ff13	andi	x30,x3,1603	  x3:0x00000001 x30=0x00000001
     239115.000 ns	     23910	80004d20	a0f905d3	fle.s	x11,f18,f15	 f18:0x4e352540 f15:0x80000000 x11=0x00000000
     239145.000 ns	     23913	80004d24	c00b93d3	fcvt.w.s	x7,f23	 f23:0x3f800000  x7=0x00000001
     239175.000 ns	     23916	80004d28	037b14b3	mulh	x9,x22,x23	 x22:0x00000000 x23:0x00000000  x9=0x00000000
     239195.000 ns	     23918	80004d2c	01a81413	slli	x8,x16,0x1a	 x16:0x00000000  x8=0x00000000
     239215.000 ns	     23920	80004d30	280e10d3	fmax.s	f1,f28,f0	 f28:0x00000000  f0:0x7fc00000  f1=0x00000000
     239235.000 ns	     23922	80004d34	00492fb3	slt	x31,x18,x4	 x18:0x00000000  x4:0x00000001 x31=0x00000001
     239255.000 ns	     23924	80004d38	02575fb3	divu	x31,x14,x5	 x14:0x5a92a001  x5:0x00000000 x31=0xffffffff
     239285.000 ns	     23927	80004d3c	20622753	fsgnjx.s	f14,f4,f6	  f4:0x00000000  f6:0x80000000 f14=0x80000000
     239305.000 ns	     23929	80004d40	00b72033	slt	x0,x14,x11	 x14:0x5a92a001 x11:0x00000000
     239315.000 ns	     23930	80004d44	4038dc93	srai	x25,x17,0x3	 x17:0xce352540 x25=0xf9c6a4a8
     239675.000 ns	     23966	80004d48	03b6e833	rem	x16,x13,x27	 x13:0x00000002 x27:0x4e352540 x16=0x00000002
     240045.000 ns	     24003	80004d4c	02d7c5b3	div	x11,x15,x13	 x15:0x00000002 x13:0x00000002 x11=0x00000001
     240075.000 ns	     24006	80004d50	02208933	mul	x18,x1,x2	  x1:0x00000001  x2:0x00000000 x18=0x00000000
     240095.000 ns	     24008	80004d54	00000013	addi	x0,x0,0	  x0:0x00000000
     240115.000 ns	     24010	80004d58	29691ad3	fmax.s	f21,f18,f22	 f18:0x4e352540 f22:0x00000000 f21=0x4e352540
     240135.000 ns	     24012	80004d5c	e0be23b7	lui	x7,0xe0be2	  x7=0xe0be2000
     240155.000 ns	     24014	80004d60	03e5a233	mulhsu	x4,x11,x30	 x11:0x00000001 x30:0x00000001  x4=0x00000000
     240175.000 ns	     24016	80004d64	25172b17	auipc	x22,0x25172	 x22=0xa5176d64
     240205.000 ns	     24019	80004d68	1024c3d3	fmul.s	f7,f9,f2	  f9:0xceb52540  f2:0x80000000  f7=0x00000000
     240225.000 ns	     24021	80004d6c	003c60b3	or	x1,x24,x3	 x24:0x00000000  x3:0x00000001  x1=0x00000001
     240235.000 ns	     24022	80004d70	00000013	addi	x0,x0,0	  x0:0x00000000
     240255.000 ns	     24024	80004d74	28dc19d3	fmax.s	f19,f24,f13	 f24:0xcefff7e1 f13:0x4e352540 f19=0x4e352540
     240275.000 ns	     24026	80004d78	408bdfb3	sra	x31,x23,x8	 x23:0x00000000  x8:0x00000000 x31=0x00000000
     240635.000 ns	     24062	80004d7c	02fd72b3	remu	x5,x26,x15	 x26:0x5a92a000 x15:0x00000002  x5=0x00000000
     240655.000 ns	     24064	80004d80	00f3b433	sltu	x8,x7,x15	  x7:0xe0be2000 x15:0x00000002  x8=0x00000000
     240665.000 ns	     24065	80004d84	01c4bb33	sltu	x22,x9,x28	  x9:0x00000000 x28:0x80040fe4 x22=0x00000001
     240685.000 ns	     24067	80004d88	a01520d3	feq.s	x1,f10,f1	 f10:0x80000000  f1:0x00000000  x1=0x00000001
     240705.000 ns	     24069	80004d8c	8018bf93	sltiu	x31,x17,-2047	 x17:0xce352540 x31=0x00000001
     240715.000 ns	     24070	80004d90	01ef5a13	srli	x20,x30,0x1e	 x30:0x00000001 x20=0x00000000
     241075.000 ns	     24106	80004d94	02f954b3	divu	x9,x18,x15	 x18:0x00000000 x15:0x00000002  x9=0x00000000
     241445.000 ns	     24143	80004d98	03004533	div	x10,x0,x16	  x0:0x00000000 x16:0x00000002 x10=0x00000000
     241465.000 ns	     24145	80004d9c	009e7eb3	and	x29,x28,x9	 x28:0x80040fe4  x9:0x00000000 x29=0x00000000
     241485.000 ns	     24147	80004da0	a05a9653	flt.s	x12,f21,f5	 f21:0x4e352540  f5:0x00000000 x12=0x00000000
     241505.000 ns	     24149	80004da4	eeebcc13	xori	x24,x23,-274	 x23:0x00000000 x24=0xfffffeee
     241525.000 ns	     24151	80004da8	290a8d53	fmin.s	f26,f21,f16	 f21:0x4e352540 f16:0x39000000 f26=0x39000000
     241895.000 ns	     24188	80004dac	03047033	remu	x0,x8,x16	  x8:0x00000000 x16:0x00000002
     241925.000 ns	     24191	80004db0	d0157953	fcvt.s.wu	f18,x10	 x10:0x00000000 f18=0x00000000
     241955.000 ns	     24194	80004db4	0291bab3	mulhu	x21,x3,x9	  x3:0x00000001  x9:0x00000000 x21=0x00000000
     241985.000 ns	     24197	80004db8	28191e53	fmax.s	f28,f18,f1	 f18:0x00000000  f1:0x00000000 f28=0x00000000
     242005.000 ns	     24199	80004dbc	00ebc1b3	xor	x3,x23,x14	 x23:0x00000000 x14:0x5a92a001  x3=0x5a92a001
     242025.000 ns	     24201	80004dc0	030eb033	mulhu	x0,x29,x16	 x29:0x00000000 x16:0x00000002
     242045.000 ns	     24203	80004dc4	835f8d93	addi	x27,x31,-1995	 x31:0x00000001 x27=0xfffff836
     242405.000 ns	     24239	80004dc8	03a57833	remu	x16,x10,x26	 x10:0x00000000 x26:0x5a92a000 x16=0x00000000
     242425.000 ns	     24241	80004dcc	0043d493	srli	x9,x7,0x4	  x7:0xe0be2000  x9=0x0e0be200
     242785.000 ns	     24277	80004dd0	0233e933	rem	x18,x7,x3	  x7:0xe0be2000  x3:0x5a92a001 x18=0xe0be2000
     242815.000 ns	     24280	80004dd4	a09facd3	feq.s	x25,f31,f9	 f31:0xc8884b64  f9:0xceb52540 x25=0x00000000
     242845.000 ns	     24283	80004dd8	021c1db3	mulh	x27,x24,x1	 x24:0xfffffeee  x1:0x00000001 x27=0xffffffff
     242865.000 ns	     24285	80004ddc	007ddd33	srl	x26,x27,x7	 x27:0xfffff836  x7:0xe0be2000 x26=0xffffffff
     242905.000 ns	     24289	80004de0	01cc02d3	fadd.s	f5,f24,f28	 f24:0xcefff7e1 f28:0x00000000  f5=0xcefff7e1
     242925.000 ns	     24291	80004de4	3c6e3d17	auipc	x26,0x3c6e3	 x26=0xbc6e7de4
     242945.000 ns	     24293	80004de8	a1cd86d3	fle.s	x13,f27,f28	 f27:0x40000000 f28:0x00000000 x13=0x00000000
     242985.000 ns	     24297	80004dec	18a1c4d3	fdiv.s	f9,f3,f10	  f3:0x7fc00000 f10:0x80000000  f9=0x7fc00000
     243005.000 ns	     24299	80004df0	0051a433	slt	x8,x3,x5	  x3:0x5a92a001  x5:0x00000000  x8=0x00000000
     243025.000 ns	     24301	80004df4	d01c2553	fcvt.s.wu	f10,x24	 x24:0xfffffeee f10=0x4f7fffff
     243045.000 ns	     24303	80004df8	d00e7f13	andi	x30,x28,-768	 x28:0x80040fe4 x30=0x80040d00
     243065.000 ns	     24305	80004dfc	298b9153	fmax.s	f2,f23,f24	 f23:0x3f800000 f24:0xcefff7e1  f2=0x3f800000
     243435.000 ns	     24342	80004e00	03e872b3	remu	x5,x16,x30	 x16:0x00000000 x30:0x00000001  x5=0x00000000
     243455.000 ns	     24344	80004e04	01fbbfb3	sltu	x31,x23,x31	 x23:0x00000000 x31:0x00000001 x31=0x00000001
     243465.000 ns	     24345	80004e08	0195b633	sltu	x12,x11,x25	 x11:0x00000001 x25:0x00000000 x12=0x00000000
     243475.000 ns	     24346	80004e0c	40e104b3	sub	x9,x2,x14	  x2:0x00000000 x14:0x5a92a001  x9=0xa56d5fff
     243485.000 ns	     24347	80004e10	41e95733	sra	x14,x18,x30	 x18:0xe0be2000 x30:0x80040d00 x14=0xe0be2000
     243525.000 ns	     24351	80004e14	08822b53	fsub.s	f22,f4,f8	  f4:0x00000000  f8:0x80000000 f22=0x00000000
     243555.000 ns	     24354	80004e18	a1ee90d3	flt.s	x1,f29,f30	 f29:0x80000000 f30:0x7fc00000  x1=0x00000000
     243585.000 ns	     24357	80004e1c	a141afd3	feq.s	x31,f3,f20	  f3:0x7fc00000 f20:0x00000000 x31=0x00000000
     243605.000 ns	     24359	80004e20	0196b533	sltu	x10,x13,x25	 x13:0x00000000 x25:0x00000000 x10=0x00000000
     243625.000 ns	     24361	80004e24	d00d7753	fcvt.s.w	f14,x26	 x26:0xbc6e7de4 f14=0xce872304
     243645.000 ns	     24363	80004e28	401e8db3	sub	x27,x29,x1	 x29:0x00000000  x1:0x00000000 x27=0x00000000
     243665.000 ns	     24365	80004e2c	28470553	fmin.s	f10,f14,f4	 f14:0xce872304  f4:0x00000000 f10=0xce872304
     243695.000 ns	     24368	80004e30	c018f0d3	fcvt.wu.s	x1,f17	 f17:0x4e352540  x1=0x2d495000
     243715.000 ns	     24370	80004e34	00e34eb3	xor	x29,x6,x14	  x6:0x80041024 x14:0xe0be2000 x29=0x60ba3024
     243735.000 ns	     24372	80004e38	03ad8133	mul	x2,x27,x26	 x27:0x00000000 x26:0xbc6e7de4  x2=0x00000000
     243765.000 ns	     24375	80004e3c	03fe0033	mul	x0,x28,x31	 x28:0x80040fe4 x31:0x00000000
     243785.000 ns	     24377	80004e40	f4827f93	andi	x31,x4,-184	  x4:0x00000000 x31=0x00000000
     243795.000 ns	     24378	80004e44	01d4f6b3	and	x13,x9,x29	  x9:0xa56d5fff x29:0x60ba3024 x13=0x20281024
     243805.000 ns	     24379	80004e48	33f32e93	slti	x29,x6,831	  x6:0x80041024 x29=0x00000001
     243825.000 ns	     24381	80004e4c	034b7d33	remu	x26,x22,x20	 x22:0x00000001 x20:0x00000000 x26=0x00000001
     243845.000 ns	     24383	80004e50	312cac93	slti	x25,x25,786	 x25:0x00000000 x25=0x00000001
     243855.000 ns	     24384	80004e54	22597f93	andi	x31,x18,549	 x18:0xe0be2000 x31=0x00000000
     243875.000 ns	     24386	80004e58	026b04b3	mul	x9,x22,x6	 x22:0x00000001  x6:0x80041024  x9=0x80041024
     243905.000 ns	     24389	80004e5c	c019a453	fcvt.wu.s	x8,f19	 f19:0x4e352540  x8=0x2d495000
     243925.000 ns	     24391	80004e60	37710f13	addi	x30,x2,887	  x2:0x00000000 x30=0x00000377
     243935.000 ns	     24392	80004e64	41340233	sub	x4,x8,x19	  x8:0x2d495000 x19:0x800416bc  x4=0xad453944
     243975.000 ns	     24396	80004e68	08e3fad3	fsub.s	f21,f7,f14	  f7:0x00000000 f14:0xce872304 f21=0x4e872304
     244005.000 ns	     24399	80004e6c	02d5b3b3	mulhu	x7,x11,x13	 x11:0x00000001 x13:0x20281024  x7=0x00000000
     244035.000 ns	     24402	80004e70	03f7b833	mulhu	x16,x15,x31	 x15:0x00000002 x31:0x00000000 x16=0x00000000
     244055.000 ns	     24404	80004e74	00d77cb3	and	x25,x14,x13	 x14:0xe0be2000 x13:0x20281024 x25=0x20280000
     244065.000 ns	     24405	80004e78	d1e92a13	slti	x20,x18,-738	 x18:0xe0be2000 x20=0x00000001
     244075.000 ns	     24406	80004e7c	562e3f93	sltiu	x31,x28,1378	 x28:0x80040fe4 x31=0x00000000
     244095.000 ns	     24408	80004e80	037c98b3	mulh	x17,x25,x23	 x25:0x20280000 x23:0x00000000 x17=0x00000000
     244125.000 ns	     24411	80004e84	c0132a53	fcvt.wu.s	x20,f6	  f6:0x80000000 x20=0x00000000
     244155.000 ns	     24414	80004e88	212400d3	fsgnj.s	f1,f8,f18	  f8:0x80000000 f18:0x00000000  f1=0x00000000
     244175.000 ns	     24416	80004e8c	0004f5b3	and	x11,x9,x0	  x9:0x80041024  x0:0x00000000 x11=0x00000000
     244195.000 ns	     24418	80004e90	c01122d3	fcvt.wu.s	x5,f2	  f2:0x3f800000  x5=0x00000001
     244215.000 ns	     24420	80004e94	01f35633	srl	x12,x6,x31	  x6:0x80041024 x31:0x00000000 x12=0x80041024
     244225.000 ns	     24421	80004e98	01117733	and	x14,x2,x17	  x2:0x00000000 x17:0x00000000 x14=0x00000000
     244255.000 ns	     24424	80004e9c	18db1ad3	fdiv.s	f21,f22,f13	 f22:0x00000000 f13:0x4e352540 f21=0x00000000
     244295.000 ns	     24428	80004ea0	194ffb53	fdiv.s	f22,f31,f20	 f31:0xc8884b64 f20:0x00000000 f22=0xff800000
     244325.000 ns	     24431	80004ea4	e00c85d3	fmv.x.w	x11,f25	 f25:0x00000000 x11=0x00000000
     244355.000 ns	     24434	80004ea8	0200bb33	mulhu	x22,x1,x0	  x1:0x2d495000  x0:0x00000000 x22=0x00000000
     244385.000 ns	     24437	80004eac	a1942c53	feq.s	x24,f8,f25	  f8:0x80000000 f25:0x00000000 x24=0x00000001
     244405.000 ns	     24439	80004eb0	41b8d593	srai	x11,x17,0x1b	 x17:0x00000000 x11=0x00000000
     244415.000 ns	     24440	80004eb4	402fe513	ori	x10,x31,1026	 x31:0x00000000 x10=0x00000402
     244745.000 ns	     24473	80004eb8	191daad3	fdiv.s	f21,f27,f17	 f27:0x40000000 f17:0x4e352540 f21=0x31000000
     244765.000 ns	     24475	80004ebc	abf63593	sltiu	x11,x12,-1345	 x12:0x80041024 x11=0x00000001
     244785.000 ns	     24477	80004ec0	f0068bd3	fmv.w.x	f23,x13	 x13:0x20281024 f23=0x20281024
     244805.000 ns	     24479	80004ec4	0162de93	srli	x29,x5,0x16	  x5:0x00000001 x29=0x00000000
     244815.000 ns	     24480	80004ec8	9e0d4913	xori	x18,x26,-1568	 x26:0x00000001 x18=0xfffff9e1
     244825.000 ns	     24481	80004ecc	4198d113	srai	x2,x17,0x19	 x17:0x00000000  x2=0x00000000
     244845.000 ns	     24483	80004ed0	206b0553	fsgnj.s	f10,f22,f6	 f22:0xff800000  f6:0x80000000 f10=0xff800000
     244865.000 ns	     24485	80004ed4	c399b513	sltiu	x10,x19,-967	 x19:0x800416bc x10=0x00000001
     244885.000 ns	     24487	80004ed8	f0000553	fmv.w.x	f10,x0	  x0:0x00000000 f10=0x00000000
     244905.000 ns	     24489	80004edc	40105633	sra	x12,x0,x1	  x0:0x00000000  x1:0x2d495000 x12=0x00000000
     244925.000 ns	     24491	80004ee0	a10015d3	flt.s	x11,f0,f16	  f0:0x7fc00000 f16:0x39000000 x11=0x00000000
     244955.000 ns	     24494	80004ee4	f0078b53	fmv.w.x	f22,x15	 x15:0x00000002 f22=0x00000002
     244975.000 ns	     24496	80004ee8	16a4af93	slti	x31,x9,362	  x9:0x80041024 x31=0x00000001
     244995.000 ns	     24498	80004eec	20c191d3	fsgnjn.s	f3,f3,f12	  f3:0x7fc00000 f12:0x7fc00000  f3=0xffc00000
     245015.000 ns	     24500	80004ef0	41015533	sra	x10,x2,x16	  x2:0x00000000 x16:0x00000000 x10=0x00000000
     245035.000 ns	     24502	80004ef4	d01239d3	fcvt.s.wu	f19,x4	  x4:0xad453944 f19=0x4f2d453a
     245055.000 ns	     24504	80004ef8	0121a0b3	slt	x1,x3,x18	  x3:0x5a92a001 x18:0xfffff9e1  x1=0x00000000
     245065.000 ns	     24505	80004efc	cd682d93	slti	x27,x16,-810	 x16:0x00000000 x27=0x00000000
     245085.000 ns	     24507	80004f00	02381533	mulh	x10,x16,x3	 x16:0x00000000  x3:0x5a92a001 x10=0x00000000
     245105.000 ns	     24509	80004f04	01b9ed33	or	x26,x19,x27	 x19:0x800416bc x27:0x00000000 x26=0x800416bc
     245115.000 ns	     24510	80004f08	00046133	or	x2,x8,x0	  x8:0x2d495000  x0:0x00000000  x2=0x2d495000
     245125.000 ns	     24511	80004f0c	01472433	slt	x8,x14,x20	 x14:0x00000000 x20:0x00000000  x8=0x00000000
     245135.000 ns	     24512	80004f10	00496bb3	or	x23,x18,x4	 x18:0xfffff9e1  x4:0xad453944 x23=0xfffff9e5
     245145.000 ns	     24513	80004f14	00031133	sll	x2,x6,x0	  x6:0x80041024  x0:0x00000000  x2=0x80041024
     245165.000 ns	     24515	80004f18	e0029b53	fclass.s	x22,f5	  f5:0xcefff7e1 x22=0x00000002
     245185.000 ns	     24517	80004f1c	016150b3	srl	x1,x2,x22	  x2:0x2d495000 x22:0x00000000  x1=0x20010409
     245195.000 ns	     24518	80004f20	00dc9013	slli	x0,x25,0xd	 x25:0x20280000
     245205.000 ns	     24519	80004f24	00768933	add	x18,x13,x7	 x13:0x20281024  x7:0x00000000 x18=0x20281024
     245215.000 ns	     24520	80004f28	01cdcfb3	xor	x31,x27,x28	 x27:0x00000000 x28:0x80040fe4 x31=0x80040fe4
     245225.000 ns	     24521	80004f2c	9aebfb93	andi	x23,x23,-1618	 x23:0xfffff9e5 x23=0xfffff9a4
     245245.000 ns	     24523	80004f30	028286b3	mul	x13,x5,x8	  x5:0x00000001  x8:0x00000000 x13=0x00000000
     245275.000 ns	     24526	80004f34	21560953	fsgnj.s	f18,f12,f21	 f12:0x7fc00000 f21:0x31000000 f18=0x7fc00000
     245295.000 ns	     24528	80004f38	0023f133	and	x2,x7,x2	  x7:0x00000000  x2:0x80041024  x2=0x00000000
     245305.000 ns	     24529	80004f3c	4014d633	sra	x12,x9,x1	  x9:0x80041024  x1:0x20010409 x12=0xffc00208
     245325.000 ns	     24531	80004f40	e00e1753	fclass.s	x14,f28	 f28:0x00000000 x14=0x00000010
     245345.000 ns	     24533	80004f44	00d19033	sll	x0,x3,x13	  x3:0x5a92a001 x13:0x00000000
     245365.000 ns	     24535	80004f48	02ba09b3	mul	x19,x20,x11	 x20:0x00000000 x11:0x00000000 x19=0x00000000
     245415.000 ns	     24540	80004f4c	08349b53	fsub.s	f22,f9,f3	  f9:0x7fc00000  f3:0xffc00000 f22=0x7fc00000
     245445.000 ns	     24543	80004f50	e0011453	fclass.s	x8,f2	  f2:0x3f800000  x8=0x00000040
     245475.000 ns	     24546	80004f54	d019bbd3	fcvt.s.wu	f23,x19	 x19:0x00000000 f23=0x00000000
     245845.000 ns	     24583	80004f58	032bfb33	remu	x22,x23,x18	 x23:0xfffff9a4 x18:0x20281024 x22=0x1ee788a8
     245875.000 ns	     24586	80004f5c	a13c1053	flt.s	x0,f24,f19	 f24:0xcefff7e1 f19:0x4f2d453a
     245905.000 ns	     24589	80004f60	e0030753	fmv.x.w	x14,f6	  f6:0x80000000 x14=0x80000000
     247085.000 ns	     24707	80004f64	580989d3	fsqrt.s	f19,f19	 f19:0x4f2d453a f19=0x46f50a3c
     247115.000 ns	     24710	80004f68	0301a533	mulhsu	x10,x3,x16	  x3:0x5a92a001 x16:0x00000000 x10=0x00000000
     247145.000 ns	     24713	80004f6c	a08516d3	flt.s	x13,f10,f8	 f10:0x00000000  f8:0x80000000 x13=0x00000000
     247175.000 ns	     24716	80004f70	d00df5d3	fcvt.s.w	f11,x27	 x27:0x00000000 f11=0x00000000
     247205.000 ns	     24719	80004f74	a15199d3	flt.s	x19,f3,f21	  f3:0xffc00000 f21:0x31000000 x19=0x00000000
     247575.000 ns	     24756	80004f78	02f06ab3	rem	x21,x0,x15	  x0:0x00000000 x15:0x00000002 x21=0x00000000
     247625.000 ns	     24761	80004f7c	09ef1ad3	fsub.s	f21,f30,f30	 f30:0x7fc00000 f30:0x7fc00000 f21=0x7fc00000
     247655.000 ns	     24764	80004f80	20fa0ad3	fsgnj.s	f21,f20,f15	 f20:0x00000000 f15:0x80000000 f21=0x80000000
     247685.000 ns	     24767	80004f84	e00d08d3	fmv.x.w	x17,f26	 f26:0x39000000 x17=0x39000000
     247725.000 ns	     24771	80004f88	580ab3d3	fsqrt.s	f7,f21	 f21:0x80000000  f7=0x80000000
     247745.000 ns	     24773	80004f8c	4e1c6113	ori	x2,x24,1249	 x24:0x00000001  x2=0x000004e1
     248105.000 ns	     24809	80004f90	03a95733	divu	x14,x18,x26	 x18:0x20281024 x26:0x800416bc x14=0x00000000
     248135.000 ns	     24812	80004f94	21c09d53	fsgnjn.s	f26,f1,f28	  f1:0x00000000 f28:0x00000000 f26=0x80000000
     248165.000 ns	     24815	80004f98	d01ebdd3	fcvt.s.wu	f27,x29	 x29:0x00000000 f27=0x00000000
     248195.000 ns	     24818	80004f9c	03642b33	mulhsu	x22,x8,x22	  x8:0x00000040 x22:0x1ee788a8 x22=0x00000007
     248225.000 ns	     24821	80004fa0	21732ad3	fsgnjx.s	f21,f6,f23	  f6:0x80000000 f23:0x00000000 f21=0x80000000
     248255.000 ns	     24824	80004fa4	a08f1053	flt.s	x0,f30,f8	 f30:0x7fc00000  f8:0x80000000
     248275.000 ns	     24826	80004fa8	016c8d33	add	x26,x25,x22	 x25:0x20280000 x22:0x00000007 x26=0x20280007
     248285.000 ns	     24827	80004fac	01e3a733	slt	x14,x7,x30	  x7:0x00000000 x30:0x00000377 x14=0x00000001
     248295.000 ns	     24828	80004fb0	0107b033	sltu	x0,x15,x16	 x15:0x00000002 x16:0x00000000
     248305.000 ns	     24829	80004fb4	40c35bb3	sra	x23,x6,x12	  x6:0x80041024 x12:0xffc00208 x23=0xff800410
     248325.000 ns	     24831	80004fb8	a12e8053	fle.s	x0,f29,f18	 f29:0x80000000 f18:0x7fc00000
     248345.000 ns	     24833	80004fbc	01107033	and	x0,x0,x17	  x0:0x00000000 x17:0x39000000
     248365.000 ns	     24835	80004fc0	030d39b3	mulhu	x19,x26,x16	 x26:0x20280007 x16:0x00000000 x19=0x00000000
     248395.000 ns	     24838	80004fc4	020ca1b3	mulhsu	x3,x25,x0	 x25:0x20280000  x0:0x00000000  x3=0x00000000
     248435.000 ns	     24842	80004fc8	58042453	fsqrt.s	f8,f8	  f8:0x80000000  f8=0x80000000
     248475.000 ns	     24846	80004fcc	19678c53	fdiv.s	f24,f15,f22	 f15:0x80000000 f22:0x7fc00000 f24=0x7fc00000
     248505.000 ns	     24849	80004fd0	21a99dd3	fsgnjn.s	f27,f19,f26	 f19:0x46f50a3c f26:0x80000000 f27=0x46f50a3c
     248545.000 ns	     24853	80004fd4	18a8c9d3	fdiv.s	f19,f17,f10	 f17:0x4e352540 f10:0x00000000 f19=0x7f800000
     248565.000 ns	     24855	80004fd8	00099193	slli	x3,x19,0x0	 x19:0x00000000  x3=0x00000000
     248585.000 ns	     24857	80004fdc	a0478f53	fle.s	x30,f15,f4	 f15:0x80000000  f4:0x00000000 x30=0x00000001
     248615.000 ns	     24860	80004fe0	f00008d3	fmv.w.x	f17,x0	  x0:0x00000000 f17=0x00000000
     248635.000 ns	     24862	80004fe4	4007deb3	sra	x29,x15,x0	 x15:0x00000002  x0:0x00000000 x29=0x00000002
     248645.000 ns	     24863	80004fe8	52dc8a37	lui	x20,0x52dc8	 x20=0x52dc8000
     248665.000 ns	     24865	80004fec	21110953	fsgnj.s	f18,f2,f17	  f2:0x3f800000 f17:0x00000000 f18=0x3f800000
     248695.000 ns	     24868	80004ff0	28ed9953	fmax.s	f18,f27,f14	 f27:0x46f50a3c f14:0xce872304 f18=0x46f50a3c
     248715.000 ns	     24870	80004ff4	00000013	addi	x0,x0,0	  x0:0x00000000
     248725.000 ns	     24871	80004ff8	44b2ce93	xori	x29,x5,1099	  x5:0x00000001 x29=0x0000044a
     248735.000 ns	     24872	80004ffc	004d1293	slli	x5,x26,0x4	 x26:0x20280007  x5=0x02800070
     248745.000 ns	     24873	80005000	00000013	addi	x0,x0,0	  x0:0x00000000
     249105.000 ns	     24909	80005004	02105bb3	divu	x23,x0,x1	  x0:0x00000000  x1:0x20010409 x23=0x00000000
     249475.000 ns	     24946	80005008	026241b3	div	x3,x4,x6	  x4:0xad453944  x6:0x80041024  x3=0x00000000
     249495.000 ns	     24948	8000500c	00000013	addi	x0,x0,0	  x0:0x00000000
     249515.000 ns	     24950	80005010	c0047cd3	fcvt.w.s	x25,f8	  f8:0x80000000 x25=0x00000000
     249545.000 ns	     24953	80005014	e00e0d53	fmv.x.w	x26,f28	 f28:0x00000000 x26=0x00000000
     249565.000 ns	     24955	80005018	04c3a493	slti	x9,x7,76	  x7:0x00000000  x9=0x00000001
     249575.000 ns	     24956	8000501c	00000013	addi	x0,x0,0	  x0:0x00000000
     249585.000 ns	     24957	80005020	017f5413	srli	x8,x30,0x17	 x30:0x00000001  x8=0x00000000
     249595.000 ns	     24958	80005024	014d9413	slli	x8,x27,0x14	 x27:0x00000000  x8=0x00000000
     249605.000 ns	     24959	80005028	00aee533	or	x10,x29,x10	 x29:0x0000044a x10:0x00000000 x10=0x0000044a
     249625.000 ns	     24961	8000502c	02026533	rem	x10,x4,x0	  x4:0xad453944  x0:0x00000000 x10=0xad453944
     249665.000 ns	     24965	80005030	5807f6d3	fsqrt.s	f13,f15	 f15:0x80000000 f13=0x80000000
     250035.000 ns	     25002	80005034	0328f4b3	remu	x9,x17,x18	 x17:0x39000000 x18:0x20281024  x9=0x18d7efdc
     250065.000 ns	     25005	80005038	0270f5b3	remu	x11,x1,x7	  x1:0x20010409  x7:0x00000000 x11=0x20010409
     250085.000 ns	     25007	8000503c	eb1fc913	xori	x18,x31,-335	 x31:0x80040fe4 x18=0x7ffbf155
     250105.000 ns	     25009	80005040	d009f5d3	fcvt.s.w	f11,x19	 x19:0x00000000 f11=0x00000000
     250125.000 ns	     25011	80005044	23748413	addi	x8,x9,567	  x9:0x18d7efdc  x8=0x18d7f213
     250145.000 ns	     25013	80005048	a0ab0853	fle.s	x16,f22,f10	 f22:0x7fc00000 f10:0x00000000 x16=0x00000000
     250165.000 ns	     25015	8000504c	01c1f633	and	x12,x3,x28	  x3:0x00000000 x28:0x80040fe4 x12=0x00000000
     250175.000 ns	     25016	80005050	e56d4093	xori	x1,x26,-426	 x26:0x00000000  x1=0xfffffe56
     250185.000 ns	     25017	80005054	cbbf7093	andi	x1,x30,-837	 x30:0x00000001  x1=0x00000001
     250195.000 ns	     25018	80005058	9a93bb93	sltiu	x23,x7,-1623	  x7:0x00000000 x23=0x00000001
     250555.000 ns	     25054	8000505c	038ffcb3	remu	x25,x31,x24	 x31:0x80040fe4 x24:0x00000001 x25=0x00000000
     250575.000 ns	     25056	80005060	0169bfb3	sltu	x31,x19,x22	 x19:0x00000000 x22:0x00000007 x31=0x00000001
     250605.000 ns	     25059	80005064	11954a53	fmul.s	f20,f10,f25	 f10:0x00000000 f25:0x00000000 f20=0x00000000
     250625.000 ns	     25061	80005068	01131c93	slli	x25,x6,0x11	  x6:0x80041024 x25=0x20480000
     250635.000 ns	     25062	8000506c	17ce0d93	addi	x27,x28,380	 x28:0x80040fe4 x27=0x80041160
     250645.000 ns	     25063	80005070	a1099637	lui	x12,0xa1099	 x12=0xa1099000
     250655.000 ns	     25064	80005074	ba96ab13	slti	x22,x13,-1111	 x13:0x00000000 x22=0x00000000
     250665.000 ns	     25065	80005078	1e98c997	auipc	x19,0x1e98c	 x19=0x9e991078
     250675.000 ns	     25066	8000507c	fa21e413	ori	x8,x3,-94	  x3:0x00000000  x8=0xffffffa2
     250685.000 ns	     25067	80005080	28c44393	xori	x7,x8,652	  x8:0x18d7f213  x7=0xfffffd2e
     250705.000 ns	     25069	80005084	03460733	mul	x14,x12,x20	 x12:0xa1099000 x20:0x52dc8000 x14=0x88000000
     250735.000 ns	     25072	80005088	02d500b3	mul	x1,x10,x13	 x10:0xad453944 x13:0x00000000  x1=0x00000000
     250755.000 ns	     25074	8000508c	1c8cec13	ori	x24,x25,456	 x25:0x20480000 x24=0x204801c8
     250775.000 ns	     25076	80005090	a1a00b53	fle.s	x22,f0,f26	  f0:0x7fc00000 f26:0x80000000 x22=0x00000000
     250805.000 ns	     25079	80005094	a1af0ad3	fle.s	x21,f30,f26	 f30:0x7fc00000 f26:0x80000000 x21=0x00000000
     250825.000 ns	     25081	80005098	7b6a0d37	lui	x26,0x7b6a0	 x26=0x7b6a0000
     251185.000 ns	     25117	8000509c	039bd6b3	divu	x13,x23,x25	 x23:0x00000001 x25:0x20480000 x13=0x00000000
     251205.000 ns	     25119	800050a0	41bedc93	srai	x25,x29,0x1b	 x29:0x0000044a x25=0x00000000
     251565.000 ns	     25155	800050a4	03294d33	div	x26,x18,x18	 x18:0x7ffbf155 x18:0x7ffbf155 x26=0x00000001
     251595.000 ns	     25158	800050a8	20e41953	fsgnjn.s	f18,f8,f14	  f8:0x80000000 f14:0xce872304 f18=0x00000000
     251625.000 ns	     25161	800050ac	03572033	mulhsu	x0,x14,x21	 x14:0x88000000 x21:0x00000000
     251655.000 ns	     25164	800050b0	a0921a53	flt.s	x20,f4,f9	  f4:0x00000000  f9:0x7fc00000 x20=0x00000000
     251685.000 ns	     25167	800050b4	02749233	mulh	x4,x9,x7	  x9:0x18d7efdc  x7:0xfffffd2e  x4=0xffffffb9
     251735.000 ns	     25172	800050b8	00547dd3	fadd.s	f27,f8,f5	  f8:0x80000000  f5:0xcefff7e1 f27=0xcefff7e1
     251755.000 ns	     25174	800050bc	aad78513	addi	x10,x15,-1363	 x15:0x00000002 x10=0xfffffaaf
     251765.000 ns	     25175	800050c0	40828833	sub	x16,x5,x8	  x5:0x02800070  x8:0xffffffa2 x16=0x028000ce
     251775.000 ns	     25176	800050c4	41d106b3	sub	x13,x2,x29	  x2:0x000004e1 x29:0x0000044a x13=0x00000097
     251795.000 ns	     25178	800050c8	0206a433	mulhsu	x8,x13,x0	 x13:0x00000000  x0:0x00000000  x8=0x00000000
     251815.000 ns	     25180	800050cc	5c1d4b93	xori	x23,x26,1473	 x26:0x00000001 x23=0x000005c0
     251835.000 ns	     25182	800050d0	f0050053	fmv.w.x	f0,x10	 x10:0xfffffaaf  f0=0xfffffaaf
     251855.000 ns	     25184	800050d4	00aff3b3	and	x7,x31,x10	 x31:0x00000001 x10:0xfffffaaf  x7=0x00000001
     251895.000 ns	     25188	800050d8	08d8f953	fsub.s	f18,f17,f13	 f17:0x00000000 f13:0x80000000 f18=0x00000000
     251915.000 ns	     25190	800050dc	00d66633	or	x12,x12,x13	 x12:0xa1099000 x13:0x00000097 x12=0xa1099097
     251925.000 ns	     25191	800050e0	01131213	slli	x4,x6,0x11	  x6:0x80041024  x4=0x20480000
     251935.000 ns	     25192	800050e4	d73d2413	slti	x8,x26,-653	 x26:0x00000001  x8=0x00000000
     251965.000 ns	     25195	800050e8	10214e53	fmul.s	f28,f2,f2	  f2:0x3f800000  f2:0x3f800000 f28=0x3f800000
     252005.000 ns	     25199	800050ec	10757253	fmul.s	f4,f10,f7	 f10:0x00000000  f7:0x80000000  f4=0x80000000
     252025.000 ns	     25201	800050f0	01a413b3	sll	x7,x8,x26	  x8:0x00000000 x26:0x00000001  x7=0x00000000
     252035.000 ns	     25202	800050f4	4104d293	srai	x5,x9,0x10	  x9:0x18d7efdc  x5=0x000018d7
     252045.000 ns	     25203	800050f8	0121cc33	xor	x24,x3,x18	  x3:0x00000000 x18:0x7ffbf155 x24=0x7ffbf155
     252055.000 ns	     25204	800050fc	016450b3	srl	x1,x8,x22	  x8:0x00000000 x22:0x00000000  x1=0x00000000
     252075.000 ns	     25206	80005100	e00102d3	fmv.x.w	x5,f2	  f2:0x3f800000  x5=0x3f800000
     252445.000 ns	     25243	80005104	032ef5b3	remu	x11,x29,x18	 x29:0x0000044a x18:0x7ffbf155 x11=0x0000044a
     252475.000 ns	     25246	80005108	e0031953	fclass.s	x18,f6	  f6:0x80000000 x18=0x00000008
     252495.000 ns	     25248	8000510c	c857e713	ori	x14,x15,-891	 x15:0x00000002 x14=0xfffffc87
     252855.000 ns	     25284	80005110	0257d6b3	divu	x13,x15,x5	 x15:0x00000002  x5:0x3f800000 x13=0x00000000
     252875.000 ns	     25286	80005114	007f2833	slt	x16,x30,x7	 x30:0x00000001  x7:0x00000000 x16=0x00000000
     252885.000 ns	     25287	80005118	40b7d393	srai	x7,x15,0xb	 x15:0x00000002  x7=0x00000000
     252905.000 ns	     25289	8000511c	212daa53	fsgnjx.s	f20,f27,f18	 f27:0xcefff7e1 f18:0x00000000 f20=0xcefff7e1
     252925.000 ns	     25291	80005120	01ccf233	and	x4,x25,x28	 x25:0x00000000 x28:0x80040fe4  x4=0x00000000
     252945.000 ns	     25293	80005124	e00605d3	fmv.x.w	x11,f12	 f12:0x7fc00000 x11=0x7fc00000
     252965.000 ns	     25295	80005128	0f4b2e93	slti	x29,x22,244	 x22:0x00000000 x29=0x00000001
     252985.000 ns	     25297	8000512c	a13e13d3	flt.s	x7,f28,f19	 f28:0x3f800000 f19:0x7f800000  x7=0x00000001
     253015.000 ns	     25300	80005130	029b9b33	mulh	x22,x23,x9	 x23:0x000005c0  x9:0x18d7efdc x22=0x0000008e
     253035.000 ns	     25302	80005134	015f4ab3	xor	x21,x30,x21	 x30:0x00000001 x21:0x00000000 x21=0x00000001
     253065.000 ns	     25305	80005138	115eb4d3	fmul.s	f9,f29,f21	 f29:0x80000000 f21:0x80000000  f9=0x00000000
     253095.000 ns	     25308	8000513c	f00b87d3	fmv.w.x	f15,x23	 x23:0x000005c0 f15=0x000005c0
     253125.000 ns	     25311	80005140	210ea9d3	fsgnjx.s	f19,f29,f16	 f29:0x80000000 f16:0x39000000 f19=0x80000000
     253145.000 ns	     25313	80005144	419900b3	sub	x1,x18,x25	 x18:0x00000008 x25:0x00000000  x1=0x00000008
     253505.000 ns	     25349	80005148	03c9ef33	rem	x30,x19,x28	 x19:0x9e991078 x28:0x80040fe4 x30=0x9e991078
     253545.000 ns	     25353	8000514c	580593d3	fsqrt.s	f7,f11	 f11:0x00000000  f7=0x00000000
     253575.000 ns	     25356	80005150	02043033	mulhu	x0,x8,x0	  x8:0x00000000  x0:0x00000000
     253605.000 ns	     25359	80005154	a0ee0c53	fle.s	x24,f28,f14	 f28:0x3f800000 f14:0xce872304 x24=0x00000000
     253635.000 ns	     25362	80005158	2156a753	fsgnjx.s	f14,f13,f21	 f13:0x80000000 f21:0x80000000 f14=0x00000000
     253675.000 ns	     25366	8000515c	10faf453	fmul.s	f8,f21,f15	 f21:0x80000000 f15:0x000005c0  f8=0x80000000
     253705.000 ns	     25369	80005160	02fd2cb3	mulhsu	x25,x26,x15	 x26:0x00000001 x15:0x00000002 x25=0x00000000
     253735.000 ns	     25372	80005164	02fa0bb3	mul	x23,x20,x15	 x20:0x00000000 x15:0x00000002 x23=0x00000000
     254105.000 ns	     25409	80005168	02f65533	divu	x10,x12,x15	 x12:0xa1099097 x15:0x00000002 x10=0x5084c84b
     254135.000 ns	     25412	8000516c	c0141c53	fcvt.wu.s	x24,f8	  f8:0x80000000 x24=0x00000000
     254155.000 ns	     25414	80005170	a0000713	addi	x14,x0,-1536	  x0:0x00000000 x14=0xfffffa00
     254165.000 ns	     25415	80005174	01f8d713	srli	x14,x17,0x1f	 x17:0x39000000 x14=0x00000000
     254185.000 ns	     25417	80005178	a1ec01d3	fle.s	x3,f24,f30	 f24:0x7fc00000 f30:0x7fc00000  x3=0x00000000
     254205.000 ns	     25419	8000517c	41ee8eb3	sub	x29,x29,x30	 x29:0x00000001 x30:0x9e991078 x29=0x6166ef89
     254245.000 ns	     25423	80005180	004b7453	fadd.s	f8,f22,f4	 f22:0x7fc00000  f4:0x80000000  f8=0x7fc00000
     254275.000 ns	     25426	80005184	03734433	div	x8,x6,x23	  x6:0x80041024 x23:0x00000000  x8=0xffffffff
     254305.000 ns	     25429	80005188	e0099953	fclass.s	x18,f19	 f19:0x80000000 x18=0x00000008
     254335.000 ns	     25432	8000518c	200e0353	fsgnj.s	f6,f28,f0	 f28:0x3f800000  f0:0xfffffaaf  f6=0xbf800000
     254355.000 ns	     25434	80005190	40078c33	sub	x24,x15,x0	 x15:0x00000002  x0:0x00000000 x24=0x00000002
     254375.000 ns	     25436	80005194	21291553	fsgnjn.s	f10,f18,f18	 f18:0x00000000 f18:0x00000000 f10=0x80000000
     254425.000 ns	     25441	80005198	00c17153	fadd.s	f2,f2,f12	  f2:0x3f800000 f12:0x7fc00000  f2=0x7fc00000
     254445.000 ns	     25443	8000519c	41290233	sub	x4,x18,x18	 x18:0x00000008 x18:0x00000008  x4=0x00000000
     254805.000 ns	     25479	800051a0	03e3c433	div	x8,x7,x30	  x7:0x00000001 x30:0x9e991078  x8=0x00000000
     254835.000 ns	     25482	800051a4	020a5eb3	divu	x29,x20,x0	 x20:0x00000000  x0:0x00000000 x29=0xffffffff
     254885.000 ns	     25487	800051a8	01b075d3	fadd.s	f11,f0,f27	  f0:0xfffffaaf f27:0xcefff7e1 f11=0x7fc00000
     254905.000 ns	     25489	800051ac	b24efdb7	lui	x27,0xb24ef	 x27=0xb24ef000
     254915.000 ns	     25490	800051b0	221e7993	andi	x19,x28,545	 x28:0x80040fe4 x19=0x00000220
     254925.000 ns	     25491	800051b4	d6cf6193	ori	x3,x30,-660	 x30:0x9e991078  x3=0xfffffd7c
     254945.000 ns	     25493	800051b8	f0088fd3	fmv.w.x	f31,x17	 x17:0x39000000 f31=0x39000000
     254975.000 ns	     25496	800051bc	c0158ad3	fcvt.wu.s	x21,f11	 f11:0x7fc00000 x21=0xffffffff
     255345.000 ns	     25533	800051c0	033df433	remu	x8,x27,x19	 x27:0xb24ef000 x19:0x00000220  x8=0x000000e0
     255365.000 ns	     25535	800051c4	c68c3413	sltiu	x8,x24,-920	 x24:0x00000002  x8=0x00000001
     255385.000 ns	     25537	800051c8	c00a8653	fcvt.w.s	x12,f21	 f21:0x80000000 x12=0x00000000
     255755.000 ns	     25574	800051cc	03577b33	remu	x22,x14,x21	 x14:0x00000000 x21:0xffffffff x22=0x00000000
     255785.000 ns	     25577	800051d0	21231d53	fsgnjn.s	f26,f6,f18	  f6:0xbf800000 f18:0x00000000 f26=0xbf800000
     255805.000 ns	     25579	800051d4	40b8d5b3	sra	x11,x17,x11	 x17:0x39000000 x11:0x7fc00000 x11=0x39000000
     255815.000 ns	     25580	800051d8	010b1593	slli	x11,x22,0x10	 x22:0x00000000 x11=0x00000000
     255825.000 ns	     25581	800051dc	0154c733	xor	x14,x9,x21	  x9:0x18d7efdc x21:0xffffffff x14=0xe7281023
     255835.000 ns	     25582	800051e0	ad97b513	sltiu	x10,x15,-1319	 x15:0x00000002 x10=0x00000001
     255845.000 ns	     25583	800051e4	01ed7233	and	x4,x26,x30	 x26:0x00000001 x30:0x9e991078  x4=0x00000000
     255855.000 ns	     25584	800051e8	410b09b3	sub	x19,x22,x16	 x22:0x00000000 x16:0x00000000 x19=0x00000000
     255875.000 ns	     25586	800051ec	d00c1cd3	fcvt.s.w	f25,x24	 x24:0x00000002 f25=0x40000000
     255895.000 ns	     25588	800051f0	a9478293	addi	x5,x15,-1388	 x15:0x00000002  x5=0xfffffa96
     255925.000 ns	     25591	800051f4	19a0f153	fdiv.s	f2,f1,f26	  f1:0x00000000 f26:0xbf800000  f2=0x80000000
     255945.000 ns	     25593	800051f8	00000013	addi	x0,x0,0	  x0:0x00000000
     255965.000 ns	     25595	800051fc	03b593b3	mulh	x7,x11,x27	 x11:0x00000000 x27:0xb24ef000  x7=0x00000000
     255985.000 ns	     25597	80005200	c19e6c13	ori	x24,x28,-999	 x28:0x80040fe4 x24=0xfffffffd
     256015.000 ns	     25600	80005204	106e72d3	fmul.s	f5,f28,f6	 f28:0x3f800000  f6:0xbf800000  f5=0xbf800000
     256045.000 ns	     25603	80005208	20779d53	fsgnjn.s	f26,f15,f7	 f15:0x000005c0  f7:0x00000000 f26=0x800005c0
     256065.000 ns	     25605	8000520c	086c7537	lui	x10,0x86c7	 x10=0x086c7000
     256105.000 ns	     25609	80005210	0164add3	fadd.s	f27,f9,f22	  f9:0x00000000 f22:0x7fc00000 f27=0x7fc00000
     256125.000 ns	     25611	80005214	4632e993	ori	x19,x5,1123	  x5:0xfffffa96 x19=0xfffffef7
     256145.000 ns	     25613	80005218	031081b3	mul	x3,x1,x17	  x1:0x00000008 x17:0x39000000  x3=0xc8000000
     256515.000 ns	     25650	8000521c	02177633	remu	x12,x14,x1	 x14:0xe7281023  x1:0x00000008 x12=0x00000003
     256545.000 ns	     25653	80005220	216a8e53	fsgnj.s	f28,f21,f22	 f21:0x80000000 f22:0x7fc00000 f28=0x00000000
     256575.000 ns	     25656	80005224	037b53b3	divu	x7,x22,x23	 x22:0x00000000 x23:0x00000000  x7=0xffffffff
     256595.000 ns	     25658	80005228	00ce1c13	slli	x24,x28,0xc	 x28:0x80040fe4 x24=0x40fe4000
     256605.000 ns	     25659	8000522c	01e09113	slli	x2,x1,0x1e	  x1:0x00000008  x2=0x00000000
     256615.000 ns	     25660	80005230	dcdd3513	sltiu	x10,x26,-563	 x26:0x00000001 x10=0x00000001
     256625.000 ns	     25661	80005234	406ddeb3	sra	x29,x27,x6	 x27:0xb24ef000  x6:0x80041024 x29=0xfb24ef00
     256665.000 ns	     25665	80005238	011df053	fadd.s	f0,f27,f17	 f27:0x7fc00000 f17:0x00000000  f0=0x7fc00000
     256705.000 ns	     25669	8000523c	58020f53	fsqrt.s	f30,f4	  f4:0x80000000 f30=0x80000000
     256725.000 ns	     25671	80005240	01ca45b3	xor	x11,x20,x28	 x20:0x00000000 x28:0x80040fe4 x11=0x80040fe4
     256745.000 ns	     25673	80005244	a0121ed3	flt.s	x29,f4,f1	  f4:0x80000000  f1:0x00000000 x29=0x00000000
     256775.000 ns	     25676	80005248	037d06b3	mul	x13,x26,x23	 x26:0x00000001 x23:0x00000000 x13=0x00000000
     256795.000 ns	     25678	8000524c	01a0c9b3	xor	x19,x1,x26	  x1:0x00000008 x26:0x00000001 x19=0x00000009
     256805.000 ns	     25679	80005250	008ab0b3	sltu	x1,x21,x8	 x21:0xffffffff  x8:0x00000001  x1=0x00000000
     256825.000 ns	     25681	80005254	03380833	mul	x16,x16,x19	 x16:0x00000000 x19:0xfffffef7 x16=0x00000000
     256845.000 ns	     25683	80005258	e4587b93	andi	x23,x16,-443	 x16:0x00000000 x23=0x00000000
     256865.000 ns	     25685	8000525c	20d39b53	fsgnjn.s	f22,f7,f13	  f7:0x00000000 f13:0x80000000 f22=0x00000000
     256895.000 ns	     25688	80005260	d00a7a53	fcvt.s.w	f20,x20	 x20:0x00000000 f20=0x00000000
     256935.000 ns	     25692	80005264	11954453	fmul.s	f8,f10,f25	 f10:0x80000000 f25:0x40000000  f8=0x80000000
     256965.000 ns	     25695	80005268	02018d33	mul	x26,x3,x0	  x3:0xc8000000  x0:0x00000000 x26=0x00000000
     256995.000 ns	     25698	8000526c	02a500b3	mul	x1,x10,x10	 x10:0x00000001 x10:0x00000001  x1=0x00000001
     257015.000 ns	     25700	80005270	be4f8a93	addi	x21,x31,-1052	 x31:0x00000001 x21=0xfffffbe5
     257025.000 ns	     25701	80005274	03d4b413	sltiu	x8,x9,61	  x9:0x18d7efdc  x8=0x00000000
     257055.000 ns	     25704	80005278	1869f4d3	fdiv.s	f9,f19,f6	 f19:0x80000000  f6:0xbf800000  f9=0x00000000
     257075.000 ns	     25706	8000527c	41efd693	srai	x13,x31,0x1e	 x31:0x00000001 x13=0x00000000
     257085.000 ns	     25707	80005280	00000013	addi	x0,x0,0	  x0:0x00000000
     257105.000 ns	     25709	80005284	a0050f53	fle.s	x30,f10,f0	 f10:0x80000000  f0:0x7fc00000 x30=0x00000000
     257125.000 ns	     25711	80005288	00c2f4b3	and	x9,x5,x12	  x5:0xfffffa96 x12:0x00000003  x9=0x00000002
     257165.000 ns	     25715	8000528c	01887953	fadd.s	f18,f16,f24	 f16:0x39000000 f24:0x7fc00000 f18=0x7fc00000
     257195.000 ns	     25718	80005290	a0332553	feq.s	x10,f6,f3	  f6:0xbf800000  f3:0xffc00000 x10=0x00000000
     257225.000 ns	     25721	80005294	a02b2a53	feq.s	x20,f22,f2	 f22:0x00000000  f2:0x80000000 x20=0x00000001
     257245.000 ns	     25723	80005298	018bebb3	or	x23,x23,x24	 x23:0x00000000 x24:0x40fe4000 x23=0x40fe4000
     257605.000 ns	     25759	8000529c	02f24eb3	div	x29,x4,x15	  x4:0x00000000 x15:0x00000002 x29=0x00000000
     257625.000 ns	     25761	800052a0	00088db3	add	x27,x17,x0	 x17:0x39000000  x0:0x00000000 x27=0x39000000
     257635.000 ns	     25762	800052a4	0006eeb3	or	x29,x13,x0	 x13:0x00000000  x0:0x00000000 x29=0x00000000
     257655.000 ns	     25764	800052a8	02f036b3	mulhu	x13,x0,x15	  x0:0x00000000 x15:0x00000002 x13=0x00000000
     257675.000 ns	     25766	800052ac	009e9813	slli	x16,x29,0x9	 x29:0x00000000 x16=0x00000000
     257685.000 ns	     25767	800052b0	97be6213	ori	x4,x28,-1669	 x28:0x80040fe4  x4=0xffffffff
     257695.000 ns	     25768	800052b4	4070dd13	srai	x26,x1,0x7	  x1:0x00000001 x26=0x00000000
     257705.000 ns	     25769	800052b8	002bdc93	srli	x25,x23,0x2	 x23:0x40fe4000 x25=0x103f9000
     257735.000 ns	     25772	800052bc	58017553	fsqrt.s	f10,f2	  f2:0x80000000 f10=0x80000000
     257755.000 ns	     25774	800052c0	406cc493	xori	x9,x25,1030	 x25:0x00000000  x9=0x103f9406
     257785.000 ns	     25777	800052c4	580df5d3	fsqrt.s	f11,f27	 f27:0x7fc00000 f11=0x7fc00000
     257815.000 ns	     25780	800052c8	282417d3	fmax.s	f15,f8,f2	  f8:0x80000000  f2:0x80000000 f15=0x80000000
     257835.000 ns	     25782	800052cc	57f7f293	andi	x5,x15,1407	 x15:0x00000002  x5=0x00000002
     257845.000 ns	     25783	800052d0	6b7c6413	ori	x8,x24,1719	 x24:0x40fe4000  x8=0x40fe46b7
     257865.000 ns	     25785	800052d4	d013b553	fcvt.s.wu	f10,x7	  x7:0xffffffff f10=0x4f800000
     257885.000 ns	     25787	800052d8	87bf2593	slti	x11,x30,-1925	 x30:0x00000000 x11=0x00000000
     257905.000 ns	     25789	800052dc	03afacb3	mulhsu	x25,x31,x26	 x31:0x00000001 x26:0x00000000 x25=0x00000000
     257935.000 ns	     25792	800052e0	29c58a53	fmin.s	f20,f11,f28	 f11:0x7fc00000 f28:0x00000000 f20=0x00000000
     257955.000 ns	     25794	800052e4	004a1f93	slli	x31,x20,0x4	 x20:0x00000001 x31=0x00000010
     257995.000 ns	     25798	800052e8	0025f753	fadd.s	f14,f11,f2	 f11:0x7fc00000  f2:0x80000000 f14=0x7fc00000
     258015.000 ns	     25800	800052ec	01c109b3	add	x19,x2,x28	  x2:0x00000000 x28:0x80040fe4 x19=0x80040fe4
     258035.000 ns	     25802	800052f0	02aec133	div	x2,x29,x10	 x29:0x00000000 x10:0x00000000  x2=0xffffffff
     258055.000 ns	     25804	800052f4	009c8233	add	x4,x25,x9	 x25:0x00000000  x9:0x103f9406  x4=0x103f9406
     258075.000 ns	     25806	800052f8	e0000fd3	fmv.x.w	x31,f0	  f0:0x7fc00000 x31=0x7fc00000
     258105.000 ns	     25809	800052fc	e00399d3	fclass.s	x19,f7	  f7:0x00000000 x19=0x00000010
     258135.000 ns	     25812	80005300	026e1233	mulh	x4,x28,x6	 x28:0x80040fe4  x6:0x80041024  x4=0x3ffbf00c
     258175.000 ns	     25816	80005304	10fea353	fmul.s	f6,f29,f15	 f29:0x80000000 f15:0x80000000  f6=0x00000000
     258195.000 ns	     25818	80005308	40545733	sra	x14,x8,x5	  x8:0x40fe46b7  x5:0x00000002 x14=0x103f91ad
     258205.000 ns	     25819	8000530c	404b5393	srai	x7,x22,0x4	 x22:0x00000000  x7=0x00000000
     258225.000 ns	     25821	80005310	a04d13d3	flt.s	x7,f26,f4	 f26:0x800005c0  f4:0x80000000  x7=0x00000001
     258255.000 ns	     25824	80005314	d0107ad3	fcvt.s.wu	f21,x0	  x0:0x00000000 f21=0x00000000
     258275.000 ns	     25826	80005318	003196b3	sll	x13,x3,x3	  x3:0xc8000000  x3:0xc8000000 x13=0xc8000000
     258295.000 ns	     25828	8000531c	02ef0233	mul	x4,x30,x14	 x30:0x00000000 x14:0x103f91ad  x4=0x00000000
     258325.000 ns	     25831	80005320	d00675d3	fcvt.s.w	f11,x12	 x12:0x00000003 f11=0x40400000
     258345.000 ns	     25833	80005324	0cbe4b13	xori	x22,x28,203	 x28:0x80040fe4 x22=0x80040f2f
     258355.000 ns	     25834	80005328	0150d193	srli	x3,x1,0x15	  x1:0x00000001  x3=0x00000000
     258365.000 ns	     25835	8000532c	014a2833	slt	x16,x20,x20	 x20:0x00000001 x20:0x00000001 x16=0x00000000
     258395.000 ns	     25838	80005330	58071853	fsqrt.s	f16,f14	 f14:0x7fc00000 f16=0x7fc00000
     258425.000 ns	     25841	80005334	02a5f1b3	remu	x3,x11,x10	 x11:0x00000000 x10:0x00000000  x3=0x00000000
     258445.000 ns	     25843	80005338	40e90bb3	sub	x23,x18,x14	 x18:0x00000008 x14:0x103f91ad x23=0xefc06e5b
     258805.000 ns	     25879	8000533c	02954f33	div	x30,x10,x9	 x10:0x00000000  x9:0x103f9406 x30=0x00000000
     258835.000 ns	     25882	80005340	022986b3	mul	x13,x19,x2	 x19:0x00000010  x2:0xffffffff x13=0xfffffff0
     258855.000 ns	     25884	80005344	41428433	sub	x8,x5,x20	  x5:0x00000002 x20:0x00000001  x8=0x00000001
     258875.000 ns	     25886	80005348	200588d3	fsgnj.s	f17,f11,f0	 f11:0x40400000  f0:0x7fc00000 f17=0x40400000
     258905.000 ns	     25889	8000534c	c01df8d3	fcvt.wu.s	x17,f27	 f27:0x7fc00000 x17=0xffffffff
     258925.000 ns	     25891	80005350	01157f33	and	x30,x10,x17	 x10:0x00000000 x17:0x39000000 x30=0x00000000
     258935.000 ns	     25892	80005354	00503833	sltu	x16,x0,x5	  x0:0x00000000  x5:0x00000002 x16=0x00000001
     258965.000 ns	     25895	80005358	58091bd3	fsqrt.s	f23,f18	 f18:0x7fc00000 f23=0x7fc00000
     258985.000 ns	     25897	8000535c	00000013	addi	x0,x0,0	  x0:0x00000000
     258995.000 ns	     25898	80005360	00706fb3	or	x31,x0,x7	  x0:0x00000000  x7:0x00000001 x31=0x00000001
     259355.000 ns	     25934	80005364	038f74b3	remu	x9,x30,x24	 x30:0x00000000 x24:0x40fe4000  x9=0x00000000
     259385.000 ns	     25937	80005368	03b73fb3	mulhu	x31,x14,x27	 x14:0x103f91ad x27:0x39000000 x31=0x039e276f
     259405.000 ns	     25939	8000536c	34de9eb7	lui	x29,0x34de9	 x29=0x34de9000
     259425.000 ns	     25941	80005370	a17099d3	flt.s	x19,f1,f23	  f1:0x00000000 f23:0x7fc00000 x19=0x00000000
     259455.000 ns	     25944	80005374	03f40533	mul	x10,x8,x31	  x8:0x00000001 x31:0x039e276f x10=0x039e276f
     259485.000 ns	     25947	80005378	20252253	fsgnjx.s	f4,f10,f2	 f10:0x4f800000  f2:0x80000000  f4=0xcf800000
     259505.000 ns	     25949	8000537c	5c450213	addi	x4,x10,1476	 x10:0x039e276f  x4=0x039e2d33
     259525.000 ns	     25951	80005380	f00d04d3	fmv.w.x	f9,x26	 x26:0x00000000  f9=0x00000000
     259545.000 ns	     25953	80005384	004eaa33	slt	x20,x29,x4	 x29:0x34de9000  x4:0x00000000 x20=0x00000000
     259585.000 ns	     25957	80005388	08bff4d3	fsub.s	f9,f31,f11	 f31:0x39000000 f11:0x40400000  f9=0xc03ffe00
     259615.000 ns	     25960	8000538c	29d88fd3	fmin.s	f31,f17,f29	 f17:0x40400000 f29:0x80000000 f31=0x80000000
     259645.000 ns	     25963	80005390	a06aaf53	feq.s	x30,f21,f6	 f21:0x00000000  f6:0x00000000 x30=0x00000001
     259675.000 ns	     25966	80005394	033febb3	rem	x23,x31,x19	 x31:0x039e276f x19:0x00000000 x23=0x039e276f
     259705.000 ns	     25969	80005398	f00b8dd3	fmv.w.x	f27,x23	 x23:0xefc06e5b f27=0x039e276f
     259725.000 ns	     25971	8000539c	00855f13	srli	x30,x10,0x8	 x10:0x039e276f x30=0x00039e27
     259745.000 ns	     25973	800053a0	030fb9b3	mulhu	x19,x31,x16	 x31:0x039e276f x16:0x00000001 x19=0x00000000
     259775.000 ns	     25976	800053a4	a014add3	feq.s	x27,f9,f1	  f9:0xc03ffe00  f1:0x00000000 x27=0x00000000
     259795.000 ns	     25978	800053a8	008d5693	srli	x13,x26,0x8	 x26:0x00000000 x13=0x00000000
     259805.000 ns	     25979	800053ac	010402b3	add	x5,x8,x16	  x8:0x00000001 x16:0x00000001  x5=0x00000002
     259825.000 ns	     25981	800053b0	f0090553	fmv.w.x	f10,x18	 x18:0x00000008 f10=0x00000008
     259855.000 ns	     25984	800053b4	e00e8553	fmv.x.w	x10,f29	 f29:0x80000000 x10=0x80000000
     259885.000 ns	     25987	800053b8	02130b33	mul	x22,x6,x1	  x6:0x80041024  x1:0x00000001 x22=0x80041024
     259905.000 ns	     25989	800053bc	1abf0b97	auipc	x23,0x1abf0	 x23=0x9abf53bc
     259915.000 ns	     25990	800053c0	41ee5233	sra	x4,x28,x30	 x28:0x80040fe4 x30:0x00039e27  x4=0xff00081f
     259945.000 ns	     25993	800053c4	1108f553	fmul.s	f10,f17,f16	 f17:0x40400000 f16:0x7fc00000 f10=0x7fc00000
     259965.000 ns	     25995	800053c8	40d58bb3	sub	x23,x11,x13	 x11:0x00000000 x13:0x00000000 x23=0x00000000
     259975.000 ns	     25996	800053cc	5cd05017	auipc	x0,0x5cd05	
     259985.000 ns	     25997	800053d0	007bdf13	srli	x30,x23,0x7	 x23:0x9abf53bc x30=0x00000000
     259995.000 ns	     25998	800053d4	013a3cb3	sltu	x25,x20,x19	 x20:0x00000000 x19:0x00000000 x25=0x00000000
     260015.000 ns	     26000	800053d8	033b92b3	mulh	x5,x23,x19	 x23:0x00000000 x19:0x00000000  x5=0x00000000
     260035.000 ns	     26002	800053dc	2f1c0993	addi	x19,x24,753	 x24:0x40fe4000 x19=0x40fe42f1
     260045.000 ns	     26003	800053e0	00777133	and	x2,x14,x7	 x14:0x103f91ad  x7:0x00000001  x2=0x00000001
     260055.000 ns	     26004	800053e4	09cdb517	auipc	x10,0x9cdb	 x10=0x89ce03e4
     260065.000 ns	     26005	800053e8	008c9533	sll	x10,x25,x8	 x25:0x00000000  x8:0x00000001 x10=0x00000000
     260085.000 ns	     26007	800053ec	e00f9453	fclass.s	x8,f31	 f31:0x80000000  x8=0x00000008
     260105.000 ns	     26009	800053f0	00a971b3	and	x3,x18,x10	 x18:0x00000008 x10:0x89ce03e4  x3=0x00000000
     260115.000 ns	     26010	800053f4	000c19b3	sll	x19,x24,x0	 x24:0x40fe4000  x0:0x00000000 x19=0x40fe4000
     260135.000 ns	     26012	800053f8	e0078853	fmv.x.w	x16,f15	 f15:0x80000000 x16=0x80000000
     260165.000 ns	     26015	800053fc	e00a1653	fclass.s	x12,f20	 f20:0x00000000 x12=0x00000010
     260195.000 ns	     26018	80005400	29889253	fmax.s	f4,f17,f24	 f17:0x40400000 f24:0x7fc00000  f4=0x40400000
     260225.000 ns	     26021	80005404	e00b0953	fmv.x.w	x18,f22	 f22:0x00000000 x18=0x00000000
     260245.000 ns	     26023	80005408	00000013	addi	x0,x0,0	  x0:0x00000000
     260255.000 ns	     26024	8000540c	c932e193	ori	x3,x5,-877	  x5:0x00000000  x3=0xfffffc93
     260285.000 ns	     26027	80005410	18de1cd3	fdiv.s	f25,f28,f13	 f28:0x00000000 f13:0x80000000 f25=0x7fc00000
     260335.000 ns	     26032	80005414	0941fc53	fsub.s	f24,f3,f20	  f3:0xffc00000 f20:0x00000000 f24=0x7fc00000
     260385.000 ns	     26037	80005418	01f8c8d3	fadd.s	f17,f17,f31	 f17:0x40400000 f31:0x80000000 f17=0x40400000
     260415.000 ns	     26040	8000541c	29fa1fd3	fmax.s	f31,f20,f31	 f20:0x00000000 f31:0x80000000 f31=0x00000000
     260445.000 ns	     26043	80005420	e0081553	fclass.s	x10,f16	 f16:0x7fc00000 x10=0x00000200
     260475.000 ns	     26046	80005424	a0d59d53	flt.s	x26,f11,f13	 f11:0x40400000 f13:0x80000000 x26=0x00000000
     260505.000 ns	     26049	80005428	e0079fd3	fclass.s	x31,f15	 f15:0x80000000 x31=0x00000008
     260535.000 ns	     26052	8000542c	0349cf33	div	x30,x19,x20	 x19:0x40fe4000 x20:0x00000000 x30=0xffffffff
     260575.000 ns	     26056	80005430	188ffad3	fdiv.s	f21,f31,f8	 f31:0x00000000  f8:0x80000000 f21=0x7fc00000
     260595.000 ns	     26058	80005434	b2013f93	sltiu	x31,x2,-1248	  x2:0x00000001 x31=0x00000001
     260615.000 ns	     26060	80005438	03c48633	mul	x12,x9,x28	  x9:0x00000000 x28:0x80040fe4 x12=0x00000000
     260645.000 ns	     26063	8000543c	03f898b3	mulh	x17,x17,x31	 x17:0xffffffff x31:0x00000008 x17=0xffffffff
     260665.000 ns	     26065	80005440	00c8e8b3	or	x17,x17,x12	 x17:0xffffffff x12:0x00000000 x17=0xffffffff
     260675.000 ns	     26066	80005444	00c48733	add	x14,x9,x12	  x9:0x00000000 x12:0x00000000 x14=0x00000000
     260695.000 ns	     26068	80005448	29a39ad3	fmax.s	f21,f7,f26	  f7:0x00000000 f26:0x800005c0 f21=0x00000000
     260715.000 ns	     26070	8000544c	00505a93	srli	x21,x0,0x5	  x0:0x00000000 x21=0x00000000
     261075.000 ns	     26106	80005450	024fd633	divu	x12,x31,x4	 x31:0x00000001  x4:0xff00081f x12=0x00000000
     261105.000 ns	     26109	80005454	286584d3	fmin.s	f9,f11,f6	 f11:0x40400000  f6:0x00000000  f9=0x00000000
     261135.000 ns	     26112	80005458	0337bf33	mulhu	x30,x15,x19	 x15:0x00000002 x19:0x40fe4000 x30=0x00000000
     261165.000 ns	     26115	8000545c	0375b433	mulhu	x8,x11,x23	 x11:0x00000000 x23:0x00000000  x8=0x00000000
     261185.000 ns	     26117	80005460	01eb9d93	slli	x27,x23,0x1e	 x23:0x00000000 x27=0x00000000
     261205.000 ns	     26119	80005464	d018f2d3	fcvt.s.wu	f5,x17	 x17:0xffffffff  f5=0x4f7fffff
     261235.000 ns	     26122	80005468	03fb8733	mul	x14,x23,x31	 x23:0x00000000 x31:0x00000001 x14=0x00000000
     261255.000 ns	     26124	8000546c	01cda533	slt	x10,x27,x28	 x27:0x00000000 x28:0x80040fe4 x10=0x00000000
     261265.000 ns	     26125	80005470	32570717	auipc	x14,0x32570	 x14=0xb2575470
     261285.000 ns	     26127	80005474	d00c03d3	fcvt.s.w	f7,x24	 x24:0x40fe4000  f7=0x4e81fc80
     261325.000 ns	     26131	80005478	18c79bd3	fdiv.s	f23,f15,f12	 f15:0x80000000 f12:0x7fc00000 f23=0x7fc00000
     261355.000 ns	     26134	8000547c	e0081c53	fclass.s	x24,f16	 f16:0x7fc00000 x24=0x00000200
     261385.000 ns	     26137	80005480	a13e2c53	feq.s	x24,f28,f19	 f28:0x00000000 f19:0x80000000 x24=0x00000001
     261405.000 ns	     26139	80005484	00000013	addi	x0,x0,0	  x0:0x00000000
     261415.000 ns	     26140	80005488	00ff4c33	xor	x24,x30,x15	 x30:0x00000000 x15:0x00000002 x24=0x00000002
     261435.000 ns	     26142	8000548c	a169ab53	feq.s	x22,f19,f22	 f19:0x80000000 f22:0x00000000 x22=0x00000001
     261465.000 ns	     26145	80005490	f0020c53	fmv.w.x	f24,x4	  x4:0xff00081f f24=0xff00081f
     261485.000 ns	     26147	80005494	8b4e2b93	slti	x23,x28,-1868	 x28:0x80040fe4 x23=0x00000001
     261515.000 ns	     26150	80005498	1058f8d3	fmul.s	f17,f17,f5	 f17:0x40400000  f5:0x4f7fffff f17=0x503fffff
     261545.000 ns	     26153	8000549c	200b2253	fsgnjx.s	f4,f22,f0	 f22:0x00000000  f0:0x7fc00000  f4=0x00000000
     261595.000 ns	     26158	800054a0	09f943d3	fsub.s	f7,f18,f31	 f18:0x7fc00000 f31:0x00000000  f7=0x7fc00000
     261625.000 ns	     26161	800054a4	0293d833	divu	x16,x7,x9	  x7:0x00000001  x9:0x00000000 x16=0xffffffff
     261645.000 ns	     26163	800054a8	00000013	addi	x0,x0,0	  x0:0x00000000
     261675.000 ns	     26166	800054ac	11adb153	fmul.s	f2,f27,f26	 f27:0x039e276f f26:0x800005c0  f2=0x80000000
     261705.000 ns	     26169	800054b0	0340f733	remu	x14,x1,x20	  x1:0x00000001 x20:0x00000000 x14=0x00000001
     261725.000 ns	     26171	800054b4	00eb4533	xor	x10,x22,x14	 x22:0x00000001 x14:0xb2575470 x10=0x00000000
     261745.000 ns	     26173	800054b8	e00e0bd3	fmv.x.w	x23,f28	 f28:0x00000000 x23=0x00000000
     261775.000 ns	     26176	800054bc	0370e633	rem	x12,x1,x23	  x1:0x00000001 x23:0x00000001 x12=0x00000001
     262145.000 ns	     26213	800054c0	026ee933	rem	x18,x29,x6	 x29:0x34de9000  x6:0x80041024 x18=0x34de9000
     262175.000 ns	     26216	800054c4	a0269053	flt.s	x0,f13,f2	 f13:0x80000000  f2:0x80000000
     262195.000 ns	     26218	800054c8	00f92933	slt	x18,x18,x15	 x18:0x34de9000 x15:0x00000002 x18=0x00000000
     262555.000 ns	     26254	800054cc	02fae1b3	rem	x3,x21,x15	 x21:0x00000000 x15:0x00000002  x3=0x00000000
     262925.000 ns	     26291	800054d0	036b55b3	divu	x11,x22,x22	 x22:0x00000001 x22:0x00000001 x11=0x00000001
     262965.000 ns	     26295	800054d4	580973d3	fsqrt.s	f7,f18	 f18:0x7fc00000  f7=0x7fc00000
     262995.000 ns	     26298	800054d8	c01e7c53	fcvt.wu.s	x24,f28	 f28:0x00000000 x24=0x00000000
     263015.000 ns	     26300	800054dc	014c28b3	slt	x17,x24,x20	 x24:0x00000002 x20:0x00000000 x17=0x00000000
     263055.000 ns	     26304	800054e0	091f0d53	fsub.s	f26,f30,f17	 f30:0x80000000 f17:0x503fffff f26=0xd03fffff
     263085.000 ns	     26307	800054e4	c00cf553	fcvt.w.s	x10,f25	 f25:0x7fc00000 x10=0x7fffffff
     263105.000 ns	     26309	800054e8	004416b3	sll	x13,x8,x4	  x8:0x00000000  x4:0xff00081f x13=0x00000000
     263135.000 ns	     26312	800054ec	10b10053	fmul.s	f0,f2,f11	  f2:0x80000000 f11:0x40400000  f0=0x80000000
     263155.000 ns	     26314	800054f0	f519c217	auipc	x4,0xf519c	  x4=0x751a14f0
     263165.000 ns	     26315	800054f4	0c5e01b7	lui	x3,0xc5e0	  x3=0x0c5e0000
     263175.000 ns	     26316	800054f8	01561893	slli	x17,x12,0x15	 x12:0x00000001 x17=0x00200000
     263195.000 ns	     26318	800054fc	e0061bd3	fclass.s	x23,f12	 f12:0x7fc00000 x23=0x00000200
     263215.000 ns	     26320	80005500	00c54cb3	xor	x25,x10,x12	 x10:0x7fffffff x12:0x00000001 x25=0x7ffffffe
     263225.000 ns	     26321	80005504	e00a4113	xori	x2,x20,-512	 x20:0x00000000  x2=0xfffffe00
     263255.000 ns	     26324	80005508	10ee7753	fmul.s	f14,f28,f14	 f28:0x00000000 f14:0x7fc00000 f14=0x7fc00000
     263275.000 ns	     26326	8000550c	00ff9633	sll	x12,x31,x15	 x31:0x00000001 x15:0x00000002 x12=0x00000004
     263305.000 ns	     26329	80005510	580d03d3	fsqrt.s	f7,f26	 f26:0xd03fffff  f7=0x7fc00000
     263325.000 ns	     26331	80005514	00000013	addi	x0,x0,0	  x0:0x00000000
     263335.000 ns	     26332	80005518	5881b1b7	lui	x3,0x5881b	  x3=0x5881b000
     263345.000 ns	     26333	8000551c	001dd093	srli	x1,x27,0x1	 x27:0x00000000  x1=0x00000000
     263355.000 ns	     26334	80005520	00ed56b3	srl	x13,x26,x14	 x26:0x00000000 x14:0x00000001 x13=0x00000000
     263385.000 ns	     26337	80005524	580a78d3	fsqrt.s	f17,f20	 f20:0x00000000 f17=0x00000000
     263405.000 ns	     26339	80005528	00000013	addi	x0,x0,0	  x0:0x00000000
     263425.000 ns	     26341	8000552c	28d19cd3	fmax.s	f25,f3,f13	  f3:0xffc00000 f13:0x80000000 f25=0x80000000
     263445.000 ns	     26343	80005530	38868f13	addi	x30,x13,904	 x13:0x00000000 x30=0x00000388
     263455.000 ns	     26344	80005534	cd25c293	xori	x5,x11,-814	 x11:0x00000001  x5=0xfffffcd3
     263465.000 ns	     26345	80005538	24157393	andi	x7,x10,577	 x10:0x7fffffff  x7=0x00000241
     263485.000 ns	     26347	8000553c	d01b7bd3	fcvt.s.wu	f23,x22	 x22:0x00000001 f23=0x3f800000
     263535.000 ns	     26352	80005540	09731d53	fsub.s	f26,f6,f23	  f6:0x00000000 f23:0x7fc00000 f26=0xbf800000
     263565.000 ns	     26355	80005544	a11395d3	flt.s	x11,f7,f17	  f7:0x7fc00000 f17:0x00000000 x11=0x00000000
     263585.000 ns	     26357	80005548	f2570637	lui	x12,0xf2570	 x12=0xf2570000
     263615.000 ns	     26360	8000554c	11977bd3	fmul.s	f23,f14,f25	 f14:0x7fc00000 f25:0x80000000 f23=0x7fc00000
     263645.000 ns	     26363	80005550	029f63b3	rem	x7,x30,x9	 x30:0x00000388  x9:0x00000000  x7=0x00000388
     263665.000 ns	     26365	80005554	41c25b33	sra	x22,x4,x28	  x4:0x751a14f0 x28:0x80040fe4 x22=0x0751a14f
     263685.000 ns	     26367	80005558	c0068cd3	fcvt.w.s	x25,f13	 f13:0x80000000 x25=0x00000000
     263705.000 ns	     26369	8000555c	006dfab3	and	x21,x27,x6	 x27:0x00000000  x6:0x80041024 x21=0x00000000
     264065.000 ns	     26405	80005560	0235dfb3	divu	x31,x11,x3	 x11:0x00000000  x3:0x5881b000 x31=0x00000000
     264115.000 ns	     26410	80005564	00c371d3	fadd.s	f3,f6,f12	  f6:0x00000000 f12:0x7fc00000  f3=0x7fc00000
     264135.000 ns	     26412	80005568	4cde7293	andi	x5,x28,1229	 x28:0x80040fe4  x5=0x000004c4
     264175.000 ns	     26416	8000556c	0082be53	fadd.s	f28,f5,f8	  f5:0x4f7fffff  f8:0x80000000 f28=0x4f7fffff
     264195.000 ns	     26418	80005570	2d348213	addi	x4,x9,723	  x9:0x00000000  x4=0x000002d3
     264215.000 ns	     26420	80005574	02eb32b3	mulhu	x5,x22,x14	 x22:0x0751a14f x14:0x00000001  x5=0x00000000
     264245.000 ns	     26423	80005578	29519ed3	fmax.s	f29,f3,f21	  f3:0x7fc00000 f21:0x00000000 f29=0x00000000
     264275.000 ns	     26426	8000557c	d00a7553	fcvt.s.w	f10,x20	 x20:0x00000000 f10=0x00000000
     264305.000 ns	     26429	80005580	a0768cd3	fle.s	x25,f13,f7	 f13:0x80000000  f7:0x7fc00000 x25=0x00000000
     264335.000 ns	     26432	80005584	217a2553	fsgnjx.s	f10,f20,f23	 f20:0x00000000 f23:0x7fc00000 f10=0x00000000
     264375.000 ns	     26436	80005588	183efe53	fdiv.s	f28,f29,f3	 f29:0x00000000  f3:0x7fc00000 f28=0x7fc00000
     264405.000 ns	     26439	8000558c	02d6abb3	mulhsu	x23,x13,x13	 x13:0x00000000 x13:0x00000000 x23=0x00000000
     264435.000 ns	     26442	80005590	f00e0453	fmv.w.x	f8,x28	 x28:0x80040fe4  f8=0x80040fe4
     264485.000 ns	     26447	80005594	0996c4d3	fsub.s	f9,f13,f25	 f13:0x80000000 f25:0x80000000  f9=0x00000000
     264505.000 ns	     26449	80005598	4059d4b3	sra	x9,x19,x5	 x19:0x40fe4000  x5:0x00000000  x9=0x40fe4000
     264515.000 ns	     26450	8000559c	00000013	addi	x0,x0,0	  x0:0x00000000
     264545.000 ns	     26453	800055a0	18a4f153	fdiv.s	f2,f9,f10	  f9:0x00000000 f10:0x00000000  f2=0x7fc00000
     264565.000 ns	     26455	800055a4	015a2f33	slt	x30,x20,x21	 x20:0x00000000 x21:0x00000000 x30=0x00000000
     264575.000 ns	     26456	800055a8	d9163b13	sltiu	x22,x12,-623	 x12:0xf2570000 x22=0x00000001
     264595.000 ns	     26458	800055ac	20aa87d3	fsgnj.s	f15,f21,f10	 f21:0x00000000 f10:0x00000000 f15=0x00000000
     264625.000 ns	     26461	800055b0	0382fc33	remu	x24,x5,x24	  x5:0x00000000 x24:0x00000000 x24=0x00000000
     264645.000 ns	     26463	800055b4	01b134b3	sltu	x9,x2,x27	  x2:0xfffffe00 x27:0x00000000  x9=0x00000000
     264665.000 ns	     26465	800055b8	d007af53	fcvt.s.w	f30,x15	 x15:0x00000002 f30=0x40000000
     264685.000 ns	     26467	800055bc	17d74e93	xori	x29,x14,381	 x14:0x00000001 x29=0x0000017c
     264695.000 ns	     26468	800055c0	00f353b3	srl	x7,x6,x15	  x6:0x80041024 x15:0x00000002  x7=0x20010409
     264715.000 ns	     26470	800055c4	a0b7a453	feq.s	x8,f15,f11	 f15:0x00000000 f11:0x40400000  x8=0x00000000
     264735.000 ns	     26472	800055c8	00de9393	slli	x7,x29,0xd	 x29:0x0000017c  x7=0x002f8000
     264755.000 ns	     26474	800055cc	025d3fb3	mulhu	x31,x26,x5	 x26:0x00000000  x5:0x00000000 x31=0x00000000
     264775.000 ns	     26476	800055d0	d9ef18b7	lui	x17,0xd9ef1	 x17=0xd9ef1000
     264785.000 ns	     26477	800055d4	9b6f6237	lui	x4,0x9b6f6	  x4=0x9b6f6000
     264805.000 ns	     26479	800055d8	21e3ae53	fsgnjx.s	f28,f7,f30	  f7:0x7fc00000 f30:0x40000000 f28=0x7fc00000
     264825.000 ns	     26481	800055dc	c337aa17	auipc	x20,0xc337a	 x20=0x4337f5dc
     264835.000 ns	     26482	800055e0	40f08bb3	sub	x23,x1,x15	  x1:0x00000000 x15:0x00000002 x23=0xfffffffe
     264845.000 ns	     26483	800055e4	01c61533	sll	x10,x12,x28	 x12:0xf2570000 x28:0x80040fe4 x10=0x25700000
     264855.000 ns	     26484	800055e8	6662ba37	lui	x20,0x6662b	 x20=0x6662b000
     264865.000 ns	     26485	800055ec	ad397693	andi	x13,x18,-1325	 x18:0x00000000 x13=0x00000000
     264875.000 ns	     26486	800055f0	40ef56b3	sra	x13,x30,x14	 x30:0x00000000 x14:0x00000001 x13=0x00000000
     264895.000 ns	     26488	800055f4	20771053	fsgnjn.s	f0,f14,f7	 f14:0x7fc00000  f7:0x7fc00000  f0=0xffc00000
     264915.000 ns	     26490	800055f8	0190da13	srli	x20,x1,0x19	  x1:0x00000000 x20=0x00000000
     265275.000 ns	     26526	800055fc	022241b3	div	x3,x4,x2	  x4:0x9b6f6000  x2:0xfffffe00  x3=0x00324850
     265325.000 ns	     26531	80005600	09002853	fsub.s	f16,f0,f16	  f0:0xffc00000 f16:0x7fc00000 f16=0x7fc00000
     265365.000 ns	     26535	80005604	191e1ad3	fdiv.s	f21,f28,f17	 f28:0x7fc00000 f17:0x00000000 f21=0x7fc00000
     265385.000 ns	     26537	80005608	01e25c13	srli	x24,x4,0x1e	  x4:0x9b6f6000 x24=0x00000002
     265395.000 ns	     26538	8000560c	0121c733	xor	x14,x3,x18	  x3:0x00324850 x18:0x00000000 x14=0x00324850
     265415.000 ns	     26540	80005610	d00a3553	fcvt.s.w	f10,x20	 x20:0x00000000 f10=0x00000000
     265445.000 ns	     26543	80005614	210c2bd3	fsgnjx.s	f23,f24,f16	 f24:0xff00081f f16:0x7fc00000 f23=0xff00081f
     265475.000 ns	     26546	80005618	02cc38b3	mulhu	x17,x24,x12	 x24:0x00000002 x12:0xf2570000 x17=0x00000001
     265495.000 ns	     26548	8000561c	00709813	slli	x16,x1,0x7	  x1:0x00000000 x16=0x00000000
     265505.000 ns	     26549	80005620	4996ac13	slti	x24,x13,1177	 x13:0x00000000 x24=0x00000001
     265515.000 ns	     26550	80005624	011ed493	srli	x9,x29,0x11	 x29:0x0000017c  x9=0x00000000
     265525.000 ns	     26551	80005628	00000013	addi	x0,x0,0	  x0:0x00000000
     265535.000 ns	     26552	8000562c	00a9b633	sltu	x12,x19,x10	 x19:0x40fe4000 x10:0x25700000 x12=0x00000000
     265555.000 ns	     26554	80005630	a0249553	flt.s	x10,f9,f2	  f9:0x00000000  f2:0x7fc00000 x10=0x00000000
     265585.000 ns	     26557	80005634	c0168b53	fcvt.wu.s	x22,f13	 f13:0x80000000 x22=0x00000000
     265615.000 ns	     26560	80005638	d006f753	fcvt.s.w	f14,x13	 x13:0x00000000 f14=0x00000000
     265635.000 ns	     26562	8000563c	95f5e417	auipc	x8,0x95f5e	  x8=0x15f6363c
     265645.000 ns	     26563	80005640	00000013	addi	x0,x0,0	  x0:0x00000000
     265655.000 ns	     26564	80005644	53bbc993	xori	x19,x23,1339	 x23:0xfffffffe x19=0xfffffac5
     265675.000 ns	     26566	80005648	0399cbb3	div	x23,x19,x25	 x19:0x40fe4000 x25:0x00000000 x23=0xffffffff
     265705.000 ns	     26569	8000564c	a001abd3	feq.s	x23,f3,f0	  f3:0x7fc00000  f0:0xffc00000 x23=0x00000000
     265735.000 ns	     26572	80005650	c01a7053	fcvt.wu.s	x0,f20	 f20:0x00000000
     265755.000 ns	     26574	80005654	365a3213	sltiu	x4,x20,869	 x20:0x00000000  x4=0x00000001
     265775.000 ns	     26576	80005658	291d0e53	fmin.s	f28,f26,f17	 f26:0xbf800000 f17:0x00000000 f28=0xbf800000
     265795.000 ns	     26578	8000565c	012d44b3	xor	x9,x26,x18	 x26:0x00000000 x18:0x00000000  x9=0x00000000
     265805.000 ns	     26579	80005660	009e3533	sltu	x10,x28,x9	 x28:0x80040fe4  x9:0x00000000 x10=0x00000000
     265815.000 ns	     26580	80005664	54f26f93	ori	x31,x4,1359	  x4:0x00000001 x31=0x0000054f
     265835.000 ns	     26582	80005668	03b0cab3	div	x21,x1,x27	  x1:0x00000000 x27:0x00000000 x21=0xffffffff
     266205.000 ns	     26619	8000566c	02754fb3	div	x31,x10,x7	 x10:0x00000000  x7:0x002f8000 x31=0x00000000
     266225.000 ns	     26621	80005670	40cd5b13	srai	x22,x26,0xc	 x26:0x00000000 x22=0x00000000
     266235.000 ns	     26622	80005674	00496933	or	x18,x18,x4	 x18:0x00000000  x4:0x00000001 x18=0x00000001
     266255.000 ns	     26624	80005678	c01972d3	fcvt.wu.s	x5,f18	 f18:0x7fc00000  x5=0xffffffff
     266275.000 ns	     26626	8000567c	01efc733	xor	x14,x31,x30	 x31:0x00000000 x30:0x00000000 x14=0x00000000
     266295.000 ns	     26628	80005680	21848e53	fsgnj.s	f28,f9,f24	  f9:0x00000000 f24:0xff00081f f28=0x80000000
     266315.000 ns	     26630	80005684	01d515b3	sll	x11,x10,x29	 x10:0x00000000 x29:0x0000017c x11=0x00000000
     266335.000 ns	     26632	80005688	29ec9753	fmax.s	f14,f25,f30	 f25:0x80000000 f30:0x40000000 f14=0x40000000
     266705.000 ns	     26669	8000568c	03cd7cb3	remu	x25,x26,x28	 x26:0x00000000 x28:0x80040fe4 x25=0x00000000
     266735.000 ns	     26672	80005690	d009f753	fcvt.s.w	f14,x19	 x19:0xfffffac5 f14=0xc4a76000
     266765.000 ns	     26675	80005694	02ec0eb3	mul	x29,x24,x14	 x24:0x00000001 x14:0x00000000 x29=0x00000000
     266795.000 ns	     26678	80005698	03f04733	div	x14,x0,x31	  x0:0x00000000 x31:0x00000000 x14=0xffffffff
     266825.000 ns	     26681	8000569c	028f16b3	mulh	x13,x30,x8	 x30:0x00000000  x8:0x15f6363c x13=0x00000000
     266855.000 ns	     26684	800056a0	037d4eb3	div	x29,x26,x23	 x26:0x00000000 x23:0x00000000 x29=0xffffffff
     266875.000 ns	     26686	800056a4	9be73937	lui	x18,0x9be73	 x18=0x9be73000
     266885.000 ns	     26687	800056a8	0090bab3	sltu	x21,x1,x9	  x1:0x00000000  x9:0x00000000 x21=0x00000000
     266905.000 ns	     26689	800056ac	28920753	fmin.s	f14,f4,f9	  f4:0x00000000  f9:0x00000000 f14=0x00000000
     266955.000 ns	     26694	800056b0	01343753	fadd.s	f14,f8,f19	  f8:0x80040fe4 f19:0x80000000 f14=0x80040fe4
     266975.000 ns	     26696	800056b4	0194a0b3	slt	x1,x9,x25	  x9:0x00000000 x25:0x00000000  x1=0x00000000
     266985.000 ns	     26697	800056b8	01fb9813	slli	x16,x23,0x1f	 x23:0x00000000 x16=0x00000000
     267005.000 ns	     26699	800056bc	a1ba0a53	fle.s	x20,f20,f27	 f20:0x00000000 f27:0x039e276f x20=0x00000001
     267035.000 ns	     26702	800056c0	e0028053	fmv.x.w	x0,f5	  f5:0x4f7fffff
     267055.000 ns	     26704	800056c4	4167d993	srai	x19,x15,0x16	 x15:0x00000002 x19=0x00000000
     267065.000 ns	     26705	800056c8	00b2c633	xor	x12,x5,x11	  x5:0xffffffff x11:0x00000000 x12=0xffffffff
     267085.000 ns	     26707	800056cc	02ec16b3	mulh	x13,x24,x14	 x24:0x00000001 x14:0xffffffff x13=0xffffffff
     267115.000 ns	     26710	800056d0	e0000753	fmv.x.w	x14,f0	  f0:0xffc00000 x14=0xffc00000
     267145.000 ns	     26713	800056d4	03ad93b3	mulh	x7,x27,x26	 x27:0x00000000 x26:0x00000000  x7=0x00000000
     267175.000 ns	     26716	800056d8	a044afd3	feq.s	x31,f9,f4	  f9:0x00000000  f4:0x00000000 x31=0x00000001
     267205.000 ns	     26719	800056dc	29810fd3	fmin.s	f31,f2,f24	  f2:0x7fc00000 f24:0xff00081f f31=0xff00081f
     267255.000 ns	     26724	800056e0	01cbf7d3	fadd.s	f15,f23,f28	 f23:0xff00081f f28:0x80000000 f15=0xff00081f
     267275.000 ns	     26726	800056e4	00000013	addi	x0,x0,0	  x0:0x00000000
     267285.000 ns	     26727	800056e8	014b5293	srli	x5,x22,0x14	 x22:0x00000000  x5=0x00000000
     267295.000 ns	     26728	800056ec	4345ceb7	lui	x29,0x4345c	 x29=0x4345c000
     267305.000 ns	     26729	800056f0	00521a93	slli	x21,x4,0x5	  x4:0x00000001 x21=0x00000020
     267315.000 ns	     26730	800056f4	73f36393	ori	x7,x6,1855	  x6:0x80041024  x7=0x8004173f
     267335.000 ns	     26732	800056f8	031ba233	mulhsu	x4,x23,x17	 x23:0x00000000 x17:0x00000001  x4=0x00000000
     267365.000 ns	     26735	800056fc	e0051553	fclass.s	x10,f10	 f10:0x00000000 x10=0x00000010
     267395.000 ns	     26738	80005700	28d19e53	fmax.s	f28,f3,f13	  f3:0x7fc00000 f13:0x80000000 f28=0x80000000
     267425.000 ns	     26741	80005704	a11a1853	flt.s	x16,f20,f17	 f20:0x00000000 f17:0x00000000 x16=0x00000000
     267445.000 ns	     26743	80005708	6c8c4493	xori	x9,x24,1736	 x24:0x00000001  x9=0x000006c9
     267465.000 ns	     26745	8000570c	033c2933	mulhsu	x18,x24,x19	 x24:0x00000001 x19:0x00000000 x18=0x00000000
     267485.000 ns	     26747	80005710	79b83f93	sltiu	x31,x16,1947	 x16:0x00000000 x31=0x00000001
     267505.000 ns	     26749	80005714	a1f29b53	flt.s	x22,f5,f31	  f5:0x4f7fffff f31:0xff00081f x22=0x00000000
     267525.000 ns	     26751	80005718	c9a062b7	lui	x5,0xc9a06	  x5=0xc9a06000
     267545.000 ns	     26753	8000571c	a0cc9053	flt.s	x0,f25,f12	 f25:0x80000000 f12:0x7fc00000
     267575.000 ns	     26756	80005720	e00a0ed3	fmv.x.w	x29,f20	 f20:0x00000000 x29=0x00000000
     267625.000 ns	     26761	80005724	09b6f5d3	fsub.s	f11,f13,f27	 f13:0x80000000 f27:0x039e276f f11=0x839e276f
     267655.000 ns	     26764	80005728	a00fafd3	feq.s	x31,f31,f0	 f31:0xff00081f  f0:0xffc00000 x31=0x00000000
     267675.000 ns	     26766	8000572c	017bf3b3	and	x7,x23,x23	 x23:0x00000000 x23:0x00000000  x7=0x00000000
     267695.000 ns	     26768	80005730	a17b83d3	fle.s	x7,f23,f23	 f23:0xff00081f f23:0xff00081f  x7=0x00000001
     267745.000 ns	     26773	80005734	01af0853	fadd.s	f16,f30,f26	 f30:0x40000000 f26:0xbf800000 f16=0x3f800000
     267775.000 ns	     26776	80005738	02382bb3	mulhsu	x23,x16,x3	 x16:0x00000000  x3:0x00324850 x23=0x00000000
     267795.000 ns	     26778	8000573c	a4117813	andi	x16,x2,-1471	  x2:0xfffffe00 x16=0xfffffa00
     267825.000 ns	     26781	80005740	580b71d3	fsqrt.s	f3,f22	 f22:0x00000000  f3=0x00000000
     267845.000 ns	     26783	80005744	e3483213	sltiu	x4,x16,-460	 x16:0x00000000  x4=0x00000001
     267865.000 ns	     26785	80005748	023d25b3	mulhsu	x11,x26,x3	 x26:0x00000000  x3:0x00324850 x11=0x00000000
     267885.000 ns	     26787	8000574c	01507733	and	x14,x0,x21	  x0:0x00000000 x21:0x00000020 x14=0x00000000
     267905.000 ns	     26789	80005750	c0007cd3	fcvt.w.s	x25,f0	  f0:0xffc00000 x25=0x7fffffff
     267925.000 ns	     26791	80005754	401c5833	sra	x16,x24,x1	 x24:0x00000001  x1:0x00000000 x16=0x00000001
     267945.000 ns	     26793	80005758	02197eb3	remu	x29,x18,x1	 x18:0x00000000  x1:0x00000000 x29=0x00000000
     267975.000 ns	     26796	8000575c	21290e53	fsgnj.s	f28,f18,f18	 f18:0x7fc00000 f18:0x7fc00000 f28=0x7fc00000
     267995.000 ns	     26798	80005760	01fae133	or	x2,x21,x31	 x21:0x00000020 x31:0x00000000  x2=0x00000020
     268025.000 ns	     26801	80005764	580c9353	fsqrt.s	f6,f25	 f25:0x80000000  f6=0x80000000
     268045.000 ns	     26803	80005768	ed860993	addi	x19,x12,-296	 x12:0xffffffff x19=0xfffffed7
     268055.000 ns	     26804	8000576c	0de67813	andi	x16,x12,222	 x12:0xffffffff x16=0x000000de
     268075.000 ns	     26806	80005770	a1f58f53	fle.s	x30,f11,f31	 f11:0x839e276f f31:0xff00081f x30=0x00000000
     268095.000 ns	     26808	80005774	41c65cb3	sra	x25,x12,x28	 x12:0xffffffff x28:0x80040fe4 x25=0xffffffff
     268135.000 ns	     26812	80005778	000df5d3	fadd.s	f11,f27,f0	 f27:0x039e276f  f0:0xffc00000 f11=0x7fc00000
     268165.000 ns	     26815	8000577c	a0d0a053	feq.s	x0,f1,f13	  f1:0x00000000 f13:0x80000000
     268195.000 ns	     26818	80005780	c00bf553	fcvt.w.s	x10,f23	 f23:0xff00081f x10=0x80000000
     268225.000 ns	     26821	80005784	29831053	fmax.s	f0,f6,f24	  f6:0x80000000 f24:0xff00081f  f0=0x80000000
     268255.000 ns	     26824	80005788	20a30253	fsgnj.s	f4,f6,f10	  f6:0x80000000 f10:0x00000000  f4=0x00000000
     268275.000 ns	     26826	8000578c	408a5233	sra	x4,x20,x8	 x20:0x00000001  x8:0x15f6363c  x4=0x00000000
     268295.000 ns	     26828	80005790	20ce8f53	fsgnj.s	f30,f29,f12	 f29:0x00000000 f12:0x7fc00000 f30=0x00000000
     268325.000 ns	     26831	80005794	d0090053	fcvt.s.w	f0,x18	 x18:0x00000000  f0=0x00000000
     268345.000 ns	     26833	80005798	0000d3b3	srl	x7,x1,x0	  x1:0x00000000  x0:0x00000000  x7=0x00000000
     268365.000 ns	     26835	8000579c	036d4433	div	x8,x26,x22	 x26:0x00000000 x22:0x00000000  x8=0xffffffff
     268395.000 ns	     26838	800057a0	021b2433	mulhsu	x8,x22,x1	 x22:0x00000000  x1:0x00000000  x8=0x00000000
     268415.000 ns	     26840	800057a4	00e5a5b3	slt	x11,x11,x14	 x11:0x00000000 x14:0x00000000 x11=0x00000000
     268425.000 ns	     26841	800057a8	01c0d4b3	srl	x9,x1,x28	  x1:0x00000000 x28:0x80040fe4  x9=0x00000000
     268435.000 ns	     26842	800057ac	015761b3	or	x3,x14,x21	 x14:0x00000000 x21:0x00000020  x3=0x00000020
     268455.000 ns	     26844	800057b0	d00a48d3	fcvt.s.w	f17,x20	 x20:0x00000001 f17=0x3f800000
     268475.000 ns	     26846	800057b4	00529433	sll	x8,x5,x5	  x5:0xc9a06000  x5:0xc9a06000  x8=0xc9a06000
     268485.000 ns	     26847	800057b8	f2400013	addi	x0,x0,-220	  x0:0x00000000
     268495.000 ns	     26848	800057bc	4022d133	sra	x2,x5,x2	  x5:0xc9a06000  x2:0x00000020  x2=0xc9a06000
     268515.000 ns	     26850	800057c0	037978b3	remu	x17,x18,x23	 x18:0x00000000 x23:0x00000000 x17=0x00000000
     269695.000 ns	     26968	800057c4	580dffd3	fsqrt.s	f31,f27	 f27:0x039e276f f31=0x210e479a
     269715.000 ns	     26970	800057c8	002064b3	or	x9,x0,x2	  x0:0x00000000  x2:0xc9a06000  x9=0xc9a06000
     269735.000 ns	     26972	800057cc	02ecba33	mulhu	x20,x25,x14	 x25:0xffffffff x14:0x00000000 x20=0x00000000
     269755.000 ns	     26974	800057d0	015d1033	sll	x0,x26,x21	 x26:0x00000000 x21:0x00000020
     269795.000 ns	     26978	800057d4	014f31d3	fadd.s	f3,f30,f20	 f30:0x00000000 f20:0x00000000  f3=0x00000000
     269835.000 ns	     26982	800057d8	109772d3	fmul.s	f5,f14,f9	 f14:0x80040fe4  f9:0x00000000  f5=0x80000000
     269855.000 ns	     26984	800057dc	01100d33	add	x26,x0,x17	  x0:0x00000000 x17:0x00000000 x26=0x00000000
     269865.000 ns	     26985	800057e0	00e420b3	slt	x1,x8,x14	  x8:0xc9a06000 x14:0x00000000  x1=0x00000001
     269885.000 ns	     26987	800057e4	a0042053	feq.s	x0,f8,f0	  f8:0x80040fe4  f0:0x00000000
     269925.000 ns	     26991	800057e8	19c449d3	fdiv.s	f19,f8,f28	  f8:0x80040fe4 f28:0x7fc00000 f19=0x7fc00000
     269945.000 ns	     26993	800057ec	01a91f33	sll	x30,x18,x26	 x18:0x00000000 x26:0x00000000 x30=0x00000000
     269985.000 ns	     26997	800057f0	098ff553	fsub.s	f10,f31,f24	 f31:0x210e479a f24:0xff00081f f10=0x7f00081f
     270015.000 ns	     27000	800057f4	20839f53	fsgnjn.s	f30,f7,f8	  f7:0x7fc00000  f8:0x80040fe4 f30=0x7fc00000
     270035.000 ns	     27002	800057f8	c5496393	ori	x7,x18,-940	 x18:0x00000000  x7=0xfffffc54
     270045.000 ns	     27003	800057fc	409b5813	srai	x16,x22,0x9	 x22:0x00000000 x16=0x00000000
     270055.000 ns	     27004	80005800	00000013	addi	x0,x0,0	  x0:0x00000000
     270065.000 ns	     27005	80005804	00daacb3	slt	x25,x21,x13	 x21:0x00000020 x13:0xffffffff x25=0x00000000
     270075.000 ns	     27006	80005808	3902d6b7	lui	x13,0x3902d	 x13=0x3902d000
     270085.000 ns	     27007	8000580c	00cb5293	srli	x5,x22,0xc	 x22:0x00000000  x5=0x00000000
     270105.000 ns	     27009	80005810	a1211b53	flt.s	x22,f2,f18	  f2:0x7fc00000 f18:0x7fc00000 x22=0x00000000
     270125.000 ns	     27011	80005814	019bcab3	xor	x21,x23,x25	 x23:0x00000000 x25:0x00000000 x21=0x00000000
     270135.000 ns	     27012	80005818	00a3ad33	slt	x26,x7,x10	  x7:0xfffffc54 x10:0x80000000 x26=0x00000000
     270155.000 ns	     27014	8000581c	0356a0b3	mulhsu	x1,x13,x21	 x13:0x3902d000 x21:0x00000020  x1=0x00000000
     270185.000 ns	     27017	80005820	02b62d33	mulhsu	x26,x12,x11	 x12:0xffffffff x11:0x00000000 x26=0x00000000
     270215.000 ns	     27020	80005824	a1181953	flt.s	x18,f16,f17	 f16:0x3f800000 f17:0x3f800000 x18=0x00000000
     270245.000 ns	     27023	80005828	d01676d3	fcvt.s.wu	f13,x12	 x12:0xffffffff f13=0x4f7fffff
     270265.000 ns	     27025	8000582c	01462eb3	slt	x29,x12,x20	 x12:0xffffffff x20:0x00000000 x29=0x00000001
     270285.000 ns	     27027	80005830	a0d913d3	flt.s	x7,f18,f13	 f18:0x7fc00000 f13:0x4f7fffff  x7=0x00000000
     270305.000 ns	     27029	80005834	00653a13	sltiu	x20,x10,6	 x10:0x80000000 x20=0x00000000
     270325.000 ns	     27031	80005838	02a18ab3	mul	x21,x3,x10	  x3:0x00000020 x10:0x80000000 x21=0x00000000
     270345.000 ns	     27033	8000583c	7fa06093	ori	x1,x0,2042	  x0:0x00000000  x1=0x000007fa
     270375.000 ns	     27036	80005840	1084ffd3	fmul.s	f31,f9,f8	  f9:0x00000000  f8:0x80040fe4 f31=0x80000000
     270395.000 ns	     27038	80005844	01f45f33	srl	x30,x8,x31	  x8:0xc9a06000 x31:0x00000000 x30=0xc9a06000
     270415.000 ns	     27040	80005848	a1a39a53	flt.s	x20,f7,f26	  f7:0x7fc00000 f26:0xbf800000 x20=0x00000000
     270435.000 ns	     27042	8000584c	7abab413	sltiu	x8,x21,1963	 x21:0x00000000  x8=0x00000001
     270445.000 ns	     27043	80005850	41a3dc93	srai	x25,x7,0x1a	  x7:0x00000000 x25=0x00000000
     270465.000 ns	     27045	80005854	0253fab3	remu	x21,x7,x5	  x7:0x00000000  x5:0x00000000 x21=0x00000000
     270485.000 ns	     27047	80005858	01ffd6b3	srl	x13,x31,x31	 x31:0x00000000 x31:0x00000000 x13=0x00000000
     270515.000 ns	     27050	8000585c	5804b553	fsqrt.s	f10,f9	  f9:0x00000000 f10=0x00000000
     270535.000 ns	     27052	80005860	ae778b93	addi	x23,x15,-1305	 x15:0x00000002 x23=0xfffffae9
     270555.000 ns	     27054	80005864	e0068c53	fmv.x.w	x24,f13	 f13:0x4f7fffff x24=0x4f7fffff
     270585.000 ns	     27057	80005868	202018d3	fsgnjn.s	f17,f0,f2	  f0:0x00000000  f2:0x7fc00000 f17=0x80000000
     270605.000 ns	     27059	8000586c	01265633	srl	x12,x12,x18	 x12:0xffffffff x18:0x00000000 x12=0xffffffff
     270625.000 ns	     27061	80005870	a0b523d3	feq.s	x7,f10,f11	 f10:0x00000000 f11:0x7fc00000  x7=0x00000000
     270645.000 ns	     27063	80005874	01dc9393	slli	x7,x25,0x1d	 x25:0x00000000  x7=0x00000000
     270655.000 ns	     27064	80005878	003c74b3	and	x9,x24,x3	 x24:0x4f7fffff  x3:0x00000020  x9=0x00000020
     270665.000 ns	     27065	8000587c	c3388913	addi	x18,x17,-973	 x17:0x00000000 x18=0xfffffc33
     270685.000 ns	     27067	80005880	d01776d3	fcvt.s.wu	f13,x14	 x14:0x00000000 f13=0x00000000
     270705.000 ns	     27069	80005884	00a8acb3	slt	x25,x17,x10	 x17:0x00000000 x10:0x80000000 x25=0x00000000
     270725.000 ns	     27071	80005888	a14681d3	fle.s	x3,f13,f20	 f13:0x00000000 f20:0x00000000  x3=0x00000001
     270745.000 ns	     27073	8000588c	f8d09017	auipc	x0,0xf8d09	
     270765.000 ns	     27075	80005890	027d0d33	mul	x26,x26,x7	 x26:0x00000000  x7:0x00000000 x26=0x00000000
     270795.000 ns	     27078	80005894	e0058853	fmv.x.w	x16,f11	 f11:0x7fc00000 x16=0x7fc00000
     270825.000 ns	     27081	80005898	f0078353	fmv.w.x	f6,x15	 x15:0x00000002  f6=0x00000002
     270845.000 ns	     27083	8000589c	71f21e97	auipc	x29,0x71f21	 x29=0xf1f2689c
     270855.000 ns	     27084	800058a0	f1c12093	slti	x1,x2,-228	  x2:0xc9a06000  x1=0x00000001
     270865.000 ns	     27085	800058a4	005f5213	srli	x4,x30,0x5	 x30:0xc9a06000  x4=0x064d0300
     270885.000 ns	     27087	800058a8	e00109d3	fmv.x.w	x19,f2	  f2:0x7fc00000 x19=0x7fc00000
     270935.000 ns	     27092	800058ac	003dba53	fadd.s	f20,f27,f3	 f27:0x039e276f  f3:0x00000000 f20=0x039e276f
     270955.000 ns	     27094	800058b0	01824ab3	xor	x21,x4,x24	  x4:0x064d0300 x24:0x4f7fffff x21=0x4932fcff
     270965.000 ns	     27095	800058b4	0059cdb3	xor	x27,x19,x5	 x19:0x7fc00000  x5:0x00000000 x27=0x7fc00000
     270995.000 ns	     27098	800058b8	5808f153	fsqrt.s	f2,f17	 f17:0x80000000  f2=0x80000000
     271025.000 ns	     27101	800058bc	c0187853	fcvt.wu.s	x16,f16	 f16:0x3f800000 x16=0x00000001
     271055.000 ns	     27104	800058c0	a0dfaa53	feq.s	x20,f31,f13	 f31:0x80000000 f13:0x00000000 x20=0x00000001
     271075.000 ns	     27106	800058c4	01b5ccb3	xor	x25,x11,x27	 x11:0x00000000 x27:0x7fc00000 x25=0x7fc00000
     271095.000 ns	     27108	800058c8	e00f88d3	fmv.x.w	x17,f31	 f31:0x80000000 x17=0x80000000
     271115.000 ns	     27110	800058cc	01f51d13	slli	x26,x10,0x1f	 x10:0x80000000 x26=0x00000000
     271475.000 ns	     27146	800058d0	033572b3	remu	x5,x10,x19	 x10:0x80000000 x19:0x7fc00000  x5=0x00400000
     271495.000 ns	     27148	800058d4	bb637713	andi	x14,x6,-1098	  x6:0x80041024 x14=0x80041024
     271855.000 ns	     27184	800058d8	034840b3	div	x1,x16,x20	 x16:0x00000001 x20:0x00000001  x1=0x00000001
     271885.000 ns	     27187	800058dc	f0018453	fmv.w.x	f8,x3	  x3:0x00000001  f8=0x00000001
     271905.000 ns	     27189	800058e0	01d9bbb3	sltu	x23,x19,x29	 x19:0x7fc00000 x29:0xf1f2689c x23=0x00000001
     271925.000 ns	     27191	800058e4	f00d8e53	fmv.w.x	f28,x27	 x27:0x7fc00000 f28=0x7fc00000
     272295.000 ns	     27228	800058e8	039e5433	divu	x8,x28,x25	 x28:0x80040fe4 x25:0x7fc00000  x8=0x00000001
     272335.000 ns	     27232	800058ec	189f7f53	fdiv.s	f30,f30,f9	 f30:0x7fc00000  f9:0x00000000 f30=0x7fc00000
     272365.000 ns	     27235	800058f0	21f50ad3	fsgnj.s	f21,f10,f31	 f10:0x00000000 f31:0x80000000 f21=0x80000000
     272735.000 ns	     27272	800058f4	035beab3	rem	x21,x23,x21	 x23:0x00000001 x21:0x4932fcff x21=0x00000001
     272775.000 ns	     27276	800058f8	19c14953	fdiv.s	f18,f2,f28	  f2:0x80000000 f28:0x7fc00000 f18=0x7fc00000
     272805.000 ns	     27279	800058fc	20f202d3	fsgnj.s	f5,f4,f15	  f4:0x00000000 f15:0xff00081f  f5=0x80000000
     272825.000 ns	     27281	80005900	7b183693	sltiu	x13,x16,1969	 x16:0x00000001 x13=0x00000001
     272835.000 ns	     27282	80005904	00000013	addi	x0,x0,0	  x0:0x00000000
     272855.000 ns	     27284	80005908	02821fb3	mulh	x31,x4,x8	  x4:0x064d0300  x8:0x00000001 x31=0x00000000
     272875.000 ns	     27286	8000590c	0046c2b3	xor	x5,x13,x4	 x13:0x00000001  x4:0x064d0300  x5=0x064d0301
     272895.000 ns	     27288	80005910	d01dcad3	fcvt.s.wu	f21,x27	 x27:0x7fc00000 f21=0x4eff8000
     272925.000 ns	     27291	80005914	201a8d53	fsgnj.s	f26,f21,f1	 f21:0x80000000  f1:0x00000000 f26=0x4eff8000
     272955.000 ns	     27294	80005918	a17423d3	feq.s	x7,f8,f23	  f8:0x00000001 f23:0xff00081f  x7=0x00000000
     273325.000 ns	     27331	8000591c	0396d4b3	divu	x9,x13,x25	 x13:0x00000001 x25:0x7fc00000  x9=0x00000000
     273345.000 ns	     27333	80005920	a24e2d13	slti	x26,x28,-1500	 x28:0x80040fe4 x26=0x00000001
     273355.000 ns	     27334	80005924	0441b913	sltiu	x18,x3,68	  x3:0x00000001 x18=0x00000001
     273365.000 ns	     27335	80005928	e26ca413	slti	x8,x25,-474	 x25:0x7fc00000  x8=0x00000000
     273385.000 ns	     27337	8000592c	022f0533	mul	x10,x30,x2	 x30:0xc9a06000  x2:0xc9a06000 x10=0x24000000
     273415.000 ns	     27340	80005930	e00d1fd3	fclass.s	x31,f26	 f26:0x4eff8000 x31=0x00000040
     273435.000 ns	     27342	80005934	01828633	add	x12,x5,x24	  x5:0x064d0301 x24:0x4f7fffff x12=0x55cd0300
     273455.000 ns	     27344	80005938	02db3933	mulhu	x18,x22,x13	 x22:0x00000000 x13:0x00000001 x18=0x00000000
     273485.000 ns	     27347	8000593c	f0000dd3	fmv.w.x	f27,x0	  x0:0x00000000 f27=0x00000000
     273505.000 ns	     27349	80005940	626e7c13	andi	x24,x28,1574	 x28:0x80040fe4 x24=0x00000624
     273865.000 ns	     27385	80005944	02617ab3	remu	x21,x2,x6	  x2:0xc9a06000  x6:0x80041024 x21=0x499c4fdc
     273885.000 ns	     27387	80005948	017f60b3	or	x1,x30,x23	 x30:0xc9a06000 x23:0x00000001  x1=0xc9a06001
     273895.000 ns	     27388	8000594c	00594bb3	xor	x23,x18,x5	 x18:0x00000000  x5:0x064d0301 x23=0x064d0301
     273905.000 ns	     27389	80005950	402adc33	sra	x24,x21,x2	 x21:0x499c4fdc  x2:0xc9a06000 x24=0x499c4fdc
     273915.000 ns	     27390	80005954	7a70e617	auipc	x12,0x7a70e	 x12=0xfa713954
     273925.000 ns	     27391	80005958	6d19f513	andi	x10,x19,1745	 x19:0x7fc00000 x10=0x00000000
     273945.000 ns	     27393	8000595c	e00f0153	fmv.x.w	x2,f30	 f30:0x7fc00000  x2=0x7fc00000
     273975.000 ns	     27396	80005960	20aaa9d3	fsgnjx.s	f19,f21,f10	 f21:0x4eff8000 f10:0x00000000 f19=0x4eff8000
     274005.000 ns	     27399	80005964	208b0253	fsgnj.s	f4,f22,f8	 f22:0x00000000  f8:0x00000001  f4=0x00000000
     274025.000 ns	     27401	80005968	0130f693	andi	x13,x1,19	  x1:0xc9a06001 x13=0x00000001
     274045.000 ns	     27403	8000596c	c0147553	fcvt.wu.s	x10,f8	  f8:0x00000001 x10=0x00000000
     274065.000 ns	     27405	80005970	00b5aa33	slt	x20,x11,x11	 x11:0x00000000 x11:0x00000000 x20=0x00000000
     274085.000 ns	     27407	80005974	03c19d33	mulh	x26,x3,x28	  x3:0x00000001 x28:0x80040fe4 x26=0xffffffff
     274115.000 ns	     27410	80005978	c00f33d3	fcvt.w.s	x7,f30	 f30:0x7fc00000  x7=0x7fffffff
     274485.000 ns	     27447	8000597c	03b446b3	div	x13,x8,x27	  x8:0x00000000 x27:0x7fc00000 x13=0x00000000
     274515.000 ns	     27450	80005980	a11ea853	feq.s	x16,f29,f17	 f29:0x00000000 f17:0x80000000 x16=0x00000001
     274885.000 ns	     27487	80005984	0316d3b3	divu	x7,x13,x17	 x13:0x00000000 x17:0x80000000  x7=0x00000000
     274915.000 ns	     27490	80005988	29829353	fmax.s	f6,f5,f24	  f5:0x80000000 f24:0xff00081f  f6=0x80000000
     274945.000 ns	     27493	8000598c	e00c80d3	fmv.x.w	x1,f25	 f25:0x80000000  x1=0x80000000
     274965.000 ns	     27495	80005990	f43dc993	xori	x19,x27,-189	 x27:0x7fc00000 x19=0x803fff43
     274975.000 ns	     27496	80005994	01fb1433	sll	x8,x22,x31	 x22:0x00000000 x31:0x00000040  x8=0x00000000
     275005.000 ns	     27499	80005998	113436d3	fmul.s	f13,f8,f19	  f8:0x00000001 f19:0x4eff8000 f13=0x047f8001
     275035.000 ns	     27502	8000599c	a19f9653	flt.s	x12,f31,f25	 f31:0x80000000 f25:0x80000000 x12=0x00000000
     275055.000 ns	     27504	800059a0	415bdb93	srai	x23,x23,0x15	 x23:0x064d0301 x23=0x00000032
     275075.000 ns	     27506	800059a4	a03b20d3	feq.s	x1,f22,f3	 f22:0x00000000  f3:0x00000000  x1=0x00000001
     275115.000 ns	     27510	800059a8	1850f3d3	fdiv.s	f7,f1,f5	  f1:0x00000000  f5:0x80000000  f7=0x7fc00000
     275145.000 ns	     27513	800059ac	d01d10d3	fcvt.s.wu	f1,x26	 x26:0xffffffff  f1=0x4f7fffff
     275165.000 ns	     27515	800059b0	00000013	addi	x0,x0,0	  x0:0x00000000
     275525.000 ns	     27551	800059b4	030044b3	div	x9,x0,x16	  x0:0x00000000 x16:0x00000001  x9=0x00000000
     275545.000 ns	     27553	800059b8	41c1ddb3	sra	x27,x3,x28	  x3:0x00000001 x28:0x80040fe4 x27=0x00000000
     275565.000 ns	     27555	800059bc	0301bab3	mulhu	x21,x3,x16	  x3:0x00000001 x16:0x00000001 x21=0x00000000
     275595.000 ns	     27558	800059c0	d00aff53	fcvt.s.w	f30,x21	 x21:0x499c4fdc f30=0x00000000
     275615.000 ns	     27560	800059c4	fab22713	slti	x14,x4,-85	  x4:0x064d0300 x14=0x00000000
     275625.000 ns	     27561	800059c8	ef81ee93	ori	x29,x3,-264	  x3:0x00000001 x29=0xfffffef9
     275635.000 ns	     27562	800059cc	005741b3	xor	x3,x14,x5	 x14:0x80041024  x5:0x064d0301  x3=0x064d0301
     275655.000 ns	     27564	800059d0	e00708d3	fmv.x.w	x17,f14	 f14:0x80040fe4 x17=0x80040fe4
     275675.000 ns	     27566	800059d4	010d6f33	or	x30,x26,x16	 x26:0xffffffff x16:0x00000001 x30=0xffffffff
     275705.000 ns	     27569	800059d8	193ec8d3	fdiv.s	f17,f29,f19	 f29:0x00000000 f19:0x4eff8000 f17=0x00000000
     275725.000 ns	     27571	800059dc	00000013	addi	x0,x0,0	  x0:0x00000000
     275735.000 ns	     27572	800059e0	5f4c8413	addi	x8,x25,1524	 x25:0x7fc00000  x8=0x7fc005f4
     275755.000 ns	     27574	800059e4	0272feb3	remu	x29,x5,x7	  x5:0x064d0301  x7:0x00000000 x29=0x064d0301
     275795.000 ns	     27578	800059e8	5802f353	fsqrt.s	f6,f5	  f5:0x80000000  f6=0x80000000
     275815.000 ns	     27580	800059ec	6efaf6b7	lui	x13,0x6efaf	 x13=0x6efaf000
     275835.000 ns	     27582	800059f0	03aab833	mulhu	x16,x21,x26	 x21:0x00000000 x26:0xffffffff x16=0x00000000
     275865.000 ns	     27585	800059f4	02e4b233	mulhu	x4,x9,x14	  x9:0x00000000 x14:0x00000000  x4=0x00000000
     275885.000 ns	     27587	800059f8	01a106b3	add	x13,x2,x26	  x2:0x7fc00000 x26:0xffffffff x13=0x7fbfffff
     275905.000 ns	     27589	800059fc	f00f06d3	fmv.w.x	f13,x30	 x30:0xffffffff f13=0xffffffff
     275955.000 ns	     27594	80005a00	00d697d3	fadd.s	f15,f13,f13	 f13:0x047f8001 f13:0x047f8001 f15=0x7fc00000
     275975.000 ns	     27596	80005a04	01183cb3	sltu	x25,x16,x17	 x16:0x00000000 x17:0x80040fe4 x25=0x00000001
     275995.000 ns	     27598	80005a08	02b2a9b3	mulhsu	x19,x5,x11	  x5:0x064d0301 x11:0x00000000 x19=0x00000000
     276035.000 ns	     27602	80005a0c	11302053	fmul.s	f0,f0,f19	  f0:0x00000000 f19:0x4eff8000  f0=0x00000000
     276055.000 ns	     27604	80005a10	0ab62293	slti	x5,x12,171	 x12:0x00000000  x5=0x00000001
     276075.000 ns	     27606	80005a14	e0030d53	fmv.x.w	x26,f6	  f6:0x80000000 x26=0x80000000
     276105.000 ns	     27609	80005a18	f00d89d3	fmv.w.x	f19,x27	 x27:0x00000000 f19=0x00000000
     276135.000 ns	     27612	80005a1c	03ea9fb3	mulh	x31,x21,x30	 x21:0x00000000 x30:0xffffffff x31=0x00000000
     276185.000 ns	     27617	80005a20	096bf2d3	fsub.s	f5,f23,f22	 f23:0xff00081f f22:0x00000000  f5=0xff00081f
     276235.000 ns	     27622	80005a24	090796d3	fsub.s	f13,f15,f16	 f15:0x7fc00000 f16:0x3f800000 f13=0x7fc00000
     276265.000 ns	     27625	80005a28	0226a5b3	mulhsu	x11,x13,x2	 x13:0x7fbfffff  x2:0x7fc00000 x11=0x3fc00fff
     276305.000 ns	     27629	80005a2c	18057e53	fdiv.s	f28,f10,f0	 f10:0x00000000  f0:0x00000000 f28=0x7fc00000
     276355.000 ns	     27634	80005a30	008979d3	fadd.s	f19,f18,f8	 f18:0x7fc00000  f8:0x00000001 f19=0x7fc00000
     276375.000 ns	     27636	80005a34	00000013	addi	x0,x0,0	  x0:0x00000000
     276395.000 ns	     27638	80005a38	e0079d53	fclass.s	x26,f15	 f15:0x7fc00000 x26=0x00000200
     276425.000 ns	     27641	80005a3c	e0069153	fclass.s	x2,f13	 f13:0x7fc00000  x2=0x00000200
     276445.000 ns	     27643	80005a40	00000013	addi	x0,x0,0	  x0:0x00000000
     276455.000 ns	     27644	80005a44	7d88fa13	andi	x20,x17,2008	 x17:0x80040fe4 x20=0x000007c0
     276475.000 ns	     27646	80005a48	21499653	fsgnjn.s	f12,f19,f20	 f19:0x7fc00000 f20:0x039e276f f12=0xffc00000
     276495.000 ns	     27648	80005a4c	6c643113	sltiu	x2,x8,1734	  x8:0x7fc005f4  x2=0x00000000
     276515.000 ns	     27650	80005a50	208b03d3	fsgnj.s	f7,f22,f8	 f22:0x00000000  f8:0x00000001  f7=0x00000000
     276545.000 ns	     27653	80005a54	28eb8853	fmin.s	f16,f23,f14	 f23:0xff00081f f14:0x80040fe4 f16=0xff00081f
     276565.000 ns	     27655	80005a58	01599c33	sll	x24,x19,x21	 x19:0x00000000 x21:0x00000000 x24=0x00000000
     276585.000 ns	     27657	80005a5c	e0021553	fclass.s	x10,f4	  f4:0x00000000 x10=0x00000010
     276605.000 ns	     27659	80005a60	00505513	srli	x10,x0,0x5	  x0:0x00000000 x10=0x00000000
     276615.000 ns	     27660	80005a64	10cc2913	slti	x18,x24,268	 x24:0x00000000 x18=0x00000001
     276625.000 ns	     27661	80005a68	01ff75b3	and	x11,x30,x31	 x30:0xffffffff x31:0x00000000 x11=0x00000000
     276645.000 ns	     27663	80005a6c	20461353	fsgnjn.s	f6,f12,f4	 f12:0xffc00000  f4:0x00000000  f6=0xffc00000
     277015.000 ns	     27700	80005a70	03206fb3	rem	x31,x0,x18	  x0:0x00000000 x18:0x00000001 x31=0x00000000
     277035.000 ns	     27702	80005a74	00579393	slli	x7,x15,0x5	 x15:0x00000002  x7=0x00000040
     277045.000 ns	     27703	80005a78	00f68cb3	add	x25,x13,x15	 x13:0x7fbfffff x15:0x00000002 x25=0x7fc00001
     277065.000 ns	     27705	80005a7c	02f91633	mulh	x12,x18,x15	 x18:0x00000001 x15:0x00000002 x12=0x00000000
     277085.000 ns	     27707	80005a80	8d3ab893	sltiu	x17,x21,-1837	 x21:0x00000000 x17=0x00000001
     277095.000 ns	     27708	80005a84	57364c13	xori	x24,x12,1395	 x12:0x00000000 x24=0x00000573
     277115.000 ns	     27710	80005a88	c01693d3	fcvt.wu.s	x7,f13	 f13:0x7fc00000  x7=0xffffffff
     277135.000 ns	     27712	80005a8c	001b3733	sltu	x14,x22,x1	 x22:0x00000000  x1:0x00000001 x14=0x00000001
     277145.000 ns	     27713	80005a90	409dd613	srai	x12,x27,0x9	 x27:0x00000000 x12=0x00000000
     277155.000 ns	     27714	80005a94	003d04b3	add	x9,x26,x3	 x26:0x00000200  x3:0x064d0301  x9=0x064d0501
     277175.000 ns	     27716	80005a98	031c2533	mulhsu	x10,x24,x17	 x24:0x00000573 x17:0x00000001 x10=0x00000000
     277195.000 ns	     27718	80005a9c	41865433	sra	x8,x12,x24	 x12:0x00000000 x24:0x00000573  x8=0x00000000
     277205.000 ns	     27719	80005aa0	01030833	add	x16,x6,x16	  x6:0x80041024 x16:0x00000000 x16=0x80041024
     277225.000 ns	     27721	80005aa4	29971253	fmax.s	f4,f14,f25	 f14:0x80040fe4 f25:0x80000000  f4=0x80000000
     277245.000 ns	     27723	80005aa8	00000013	addi	x0,x0,0	  x0:0x00000000
     277275.000 ns	     27726	80005aac	10c8f353	fmul.s	f6,f17,f12	 f17:0x00000000 f12:0xffc00000  f6=0x7fc00000
     277645.000 ns	     27763	80005ab0	0219ffb3	remu	x31,x19,x1	 x19:0x00000000  x1:0x00000001 x31=0x00000000
     277665.000 ns	     27765	80005ab4	97394f37	lui	x30,0x97394	 x30=0x97394000
     277685.000 ns	     27767	80005ab8	0211a2b3	mulhsu	x5,x3,x1	  x3:0x064d0301  x1:0x00000001  x5=0x00000000
     277725.000 ns	     27771	80005abc	58037b53	fsqrt.s	f22,f6	  f6:0x7fc00000 f22=0x7fc00000
     277755.000 ns	     27774	80005ac0	03f4ffb3	remu	x31,x9,x31	  x9:0x064d0501 x31:0x00000000 x31=0x064d0501
     277785.000 ns	     27777	80005ac4	024e0233	mul	x4,x28,x4	 x28:0x80040fe4  x4:0x00000000  x4=0x00000000
     277815.000 ns	     27780	80005ac8	210f0153	fsgnj.s	f2,f30,f16	 f30:0x00000000 f16:0xff00081f  f2=0x80000000
     277835.000 ns	     27782	80005acc	87ee8893	addi	x17,x29,-1922	 x29:0x064d0301 x17=0x064cfb7f
     277855.000 ns	     27784	80005ad0	e0000f53	fmv.x.w	x30,f0	  f0:0x00000000 x30=0x00000000
     277885.000 ns	     27787	80005ad4	d0113753	fcvt.s.wu	f14,x2	  x2:0x00000000 f14=0x00000000
     277905.000 ns	     27789	80005ad8	00eb0733	add	x14,x22,x14	 x22:0x00000000 x14:0x00000001 x14=0x00000001
     277925.000 ns	     27791	80005adc	20310453	fsgnj.s	f8,f2,f3	  f2:0x80000000  f3:0x00000000  f8=0x00000000
     277945.000 ns	     27793	80005ae0	41f85113	srai	x2,x16,0x1f	 x16:0x80041024  x2=0xffffffff
     277965.000 ns	     27795	80005ae4	290293d3	fmax.s	f7,f5,f16	  f5:0xff00081f f16:0xff00081f  f7=0xff00081f
     277995.000 ns	     27798	80005ae8	a19f9253	flt.s	x4,f31,f25	 f31:0x80000000 f25:0x80000000  x4=0x00000000
     278015.000 ns	     27800	80005aec	40c251b3	sra	x3,x4,x12	  x4:0x00000000 x12:0x00000000  x3=0x00000000
     278035.000 ns	     27802	80005af0	0374acb3	mulhsu	x25,x9,x23	  x9:0x064d0501 x23:0x00000032 x25=0x00000001
     278055.000 ns	     27804	80005af4	7ebbaf93	slti	x31,x23,2027	 x23:0x00000032 x31=0x00000001
     278065.000 ns	     27805	80005af8	011bccb3	xor	x25,x23,x17	 x23:0x00000032 x17:0x064cfb7f x25=0x064cfb4d
     278085.000 ns	     27807	80005afc	0337b0b3	mulhu	x1,x15,x19	 x15:0x00000002 x19:0x00000000  x1=0x00000000
     278455.000 ns	     27844	80005b00	0272d9b3	divu	x19,x5,x7	  x5:0x00000000  x7:0xffffffff x19=0x00000000
     278485.000 ns	     27847	80005b04	02bfadb3	mulhsu	x27,x31,x11	 x31:0x00000001 x11:0x00000000 x27=0x00000000
     278515.000 ns	     27850	80005b08	035a30b3	mulhu	x1,x20,x21	 x20:0x000007c0 x21:0x00000000  x1=0x00000000
     278535.000 ns	     27852	80005b0c	011e8b33	add	x22,x29,x17	 x29:0x064d0301 x17:0x064cfb7f x22=0x0c99fe80
     278545.000 ns	     27853	80005b10	01e87133	and	x2,x16,x30	 x16:0x80041024 x30:0x00000000  x2=0x00000000
     278565.000 ns	     27855	80005b14	20a22853	fsgnjx.s	f16,f4,f10	  f4:0x80000000 f10:0x00000000 f16=0x80000000
     278585.000 ns	     27857	80005b18	e6ab8513	addi	x10,x23,-406	 x23:0x00000032 x10=0xfffffe9c
     278605.000 ns	     27859	80005b1c	292b8953	fmin.s	f18,f23,f18	 f23:0xff00081f f18:0x7fc00000 f18=0xff00081f
     278635.000 ns	     27862	80005b20	202a0f53	fsgnj.s	f30,f20,f2	 f20:0x039e276f  f2:0x80000000 f30=0x839e276f
     278655.000 ns	     27864	80005b24	00000013	addi	x0,x0,0	  x0:0x00000000
     278665.000 ns	     27865	80005b28	01346c33	or	x24,x8,x19	  x8:0x00000000 x19:0x00000000 x24=0x00000000
     278675.000 ns	     27866	80005b2c	01e75a13	srli	x20,x14,0x1e	 x14:0x00000001 x20=0x00000000
     278685.000 ns	     27867	80005b30	0041da33	srl	x20,x3,x4	  x3:0x00000000  x4:0x00000000 x20=0x00000000
     278705.000 ns	     27869	80005b34	02d78133	mul	x2,x15,x13	 x15:0x00000002 x13:0x7fbfffff  x2=0xff7ffffe
     278725.000 ns	     27871	80005b38	4137d093	srai	x1,x15,0x13	 x15:0x00000002  x1=0x00000000
     278745.000 ns	     27873	80005b3c	201608d3	fsgnj.s	f17,f12,f1	 f12:0xffc00000  f1:0x4f7fffff f17=0x7fc00000
     278775.000 ns	     27876	80005b40	29491053	fmax.s	f0,f18,f20	 f18:0xff00081f f20:0x039e276f  f0=0x039e276f
     278805.000 ns	     27879	80005b44	034ff033	remu	x0,x31,x20	 x31:0x00000001 x20:0x00000000
     278835.000 ns	     27882	80005b48	028e8733	mul	x14,x29,x8	 x29:0x064d0301  x8:0x00000000 x14=0x00000000
     278865.000 ns	     27885	80005b4c	d0173dd3	fcvt.s.wu	f27,x14	 x14:0x00000001 f27=0x00000000
     278915.000 ns	     27890	80005b50	089b7153	fsub.s	f2,f22,f9	 f22:0x7fc00000  f9:0x00000000  f2=0x7fc00000
     278945.000 ns	     27893	80005b54	e00a1bd3	fclass.s	x23,f20	 f20:0x039e276f x23=0x00000040
     278965.000 ns	     27895	80005b58	40900a33	sub	x20,x0,x9	  x0:0x00000000  x9:0x064d0501 x20=0xf9b2faff
     278975.000 ns	     27896	80005b5c	012542b3	xor	x5,x10,x18	 x10:0xfffffe9c x18:0x00000001  x5=0xfffffe9d
     278985.000 ns	     27897	80005b60	41665a13	srai	x20,x12,0x16	 x12:0x00000000 x20=0x00000000
     278995.000 ns	     27898	80005b64	402c5013	srai	x0,x24,0x2	 x24:0x00000000
     279005.000 ns	     27899	80005b68	822e2b13	slti	x22,x28,-2014	 x28:0x80040fe4 x22=0x00000001
     279015.000 ns	     27900	80005b6c	009250b3	srl	x1,x4,x9	  x4:0x00000000  x9:0x064d0501  x1=0x00000000
     279035.000 ns	     27902	80005b70	203827d3	fsgnjx.s	f15,f16,f3	 f16:0x80000000  f3:0x00000000 f15=0x80000000
     279065.000 ns	     27905	80005b74	a01e8753	fle.s	x14,f29,f1	 f29:0x00000000  f1:0x4f7fffff x14=0x00000001
     279095.000 ns	     27908	80005b78	20e20dd3	fsgnj.s	f27,f4,f14	  f4:0x80000000 f14:0x00000000 f27=0x00000000
     279115.000 ns	     27910	80005b7c	00ab81b3	add	x3,x23,x10	 x23:0x00000040 x10:0xfffffe9c  x3=0xfffffedc
     279125.000 ns	     27911	80005b80	00633db3	sltu	x27,x6,x6	  x6:0x80041024  x6:0x80041024 x27=0x00000000
     279485.000 ns	     27947	80005b84	03294a33	div	x20,x18,x18	 x18:0x00000001 x18:0x00000001 x20=0x00000001
     279505.000 ns	     27949	80005b88	cee00f13	addi	x30,x0,-786	  x0:0x00000000 x30=0xfffffcee
     279515.000 ns	     27950	80005b8c	00000013	addi	x0,x0,0	  x0:0x00000000
     279525.000 ns	     27951	80005b90	404a0ab3	sub	x21,x20,x4	 x20:0x00000001  x4:0x00000000 x21=0x00000001
     279545.000 ns	     27953	80005b94	e0000bd3	fmv.x.w	x23,f0	  f0:0x039e276f x23=0x039e276f
     279565.000 ns	     27955	80005b98	01fe9b13	slli	x22,x29,0x1f	 x29:0x064d0301 x22=0x80000000
     279585.000 ns	     27957	80005b9c	c007fa53	fcvt.w.s	x20,f15	 f15:0x80000000 x20=0x00000000
     279615.000 ns	     27960	80005ba0	f00e0753	fmv.w.x	f14,x28	 x28:0x80040fe4 f14=0x80040fe4
     279645.000 ns	     27963	80005ba4	20c99f53	fsgnjn.s	f30,f19,f12	 f19:0x7fc00000 f12:0xffc00000 f30=0x7fc00000
     279665.000 ns	     27965	80005ba8	0151e933	or	x18,x3,x21	  x3:0xfffffedc x21:0x00000001 x18=0xfffffedd
     279695.000 ns	     27968	80005bac	1990b8d3	fdiv.s	f17,f1,f25	  f1:0x4f7fffff f25:0x80000000 f17=0xff800000
     279725.000 ns	     27971	80005bb0	20d901d3	fsgnj.s	f3,f18,f13	 f18:0xff00081f f13:0x7fc00000  f3=0x7f00081f
     279755.000 ns	     27974	80005bb4	d01d73d3	fcvt.s.wu	f7,x26	 x26:0x00000200  f7=0x44000000
     279785.000 ns	     27977	80005bb8	206b11d3	fsgnjn.s	f3,f22,f6	 f22:0x7fc00000  f6:0x7fc00000  f3=0xffc00000
     279805.000 ns	     27979	80005bbc	41bedab3	sra	x21,x29,x27	 x29:0x064d0301 x27:0x00000000 x21=0x064d0301
     279815.000 ns	     27980	80005bc0	40dcdd93	srai	x27,x25,0xd	 x25:0x064cfb4d x27=0x00003267
     279835.000 ns	     27982	80005bc4	f0090dd3	fmv.w.x	f27,x18	 x18:0xfffffedd f27=0xfffffedd
     279865.000 ns	     27985	80005bc8	205696d3	fsgnjn.s	f13,f13,f5	 f13:0x7fc00000  f5:0xff00081f f13=0x7fc00000
     279885.000 ns	     27987	80005bcc	f45a4e93	xori	x29,x20,-187	 x20:0x00000000 x29=0xffffff45
     279895.000 ns	     27988	80005bd0	01744cb3	xor	x25,x8,x23	  x8:0x00000000 x23:0x039e276f x25=0x039e276f
     279915.000 ns	     27990	80005bd4	e00090d3	fclass.s	x1,f1	  f1:0x4f7fffff  x1=0x00000040
     279935.000 ns	     27992	80005bd8	00000013	addi	x0,x0,0	  x0:0x00000000
     279955.000 ns	     27994	80005bdc	03e28633	mul	x12,x5,x30	  x5:0xfffffe9d x30:0xfffffcee x12=0x000441f6
     279975.000 ns	     27996	80005be0	29945437	lui	x8,0x29945	  x8=0x29945000
     279995.000 ns	     27998	80005be4	21982353	fsgnjx.s	f6,f16,f25	 f16:0x80000000 f25:0x80000000  f6=0x00000000
     280015.000 ns	     28000	80005be8	415bdb33	sra	x22,x23,x21	 x23:0x039e276f x21:0x064d0301 x22=0x01cf13b7
     280025.000 ns	     28001	80005bec	01d81133	sll	x2,x16,x29	 x16:0x80041024 x29:0xffffff45  x2=0x00820480
     280035.000 ns	     28002	80005bf0	014183b3	add	x7,x3,x20	  x3:0xfffffedc x20:0x00000000  x7=0xfffffedc
     280055.000 ns	     28004	80005bf4	e00e1d53	fclass.s	x26,f28	 f28:0x7fc00000 x26=0x00000200
     280085.000 ns	     28007	80005bf8	022fa9b3	mulhsu	x19,x31,x2	 x31:0x00000001  x2:0x00820480 x19=0x00000000
     280115.000 ns	     28010	80005bfc	21512553	fsgnjx.s	f10,f2,f21	  f2:0x7fc00000 f21:0x4eff8000 f10=0x7fc00000
     280145.000 ns	     28013	80005c00	20190cd3	fsgnj.s	f25,f18,f1	 f18:0xff00081f  f1:0x4f7fffff f25=0x7f00081f
     280175.000 ns	     28016	80005c04	a1542bd3	feq.s	x23,f8,f21	  f8:0x00000000 f21:0x4eff8000 x23=0x00000000
     280205.000 ns	     28019	80005c08	020990b3	mulh	x1,x19,x0	 x19:0x00000000  x0:0x00000000  x1=0x00000000
     280235.000 ns	     28022	80005c0c	a112a3d3	feq.s	x7,f5,f17	  f5:0xff00081f f17:0xff800000  x7=0x00000000
     280265.000 ns	     28025	80005c10	0383fd33	remu	x26,x7,x24	  x7:0xfffffedc x24:0x00000000 x26=0x00000000
     280295.000 ns	     28028	80005c14	29c80f53	fmin.s	f30,f16,f28	 f16:0x80000000 f28:0x7fc00000 f30=0x80000000
     280325.000 ns	     28031	80005c18	21fb9fd3	fsgnjn.s	f31,f23,f31	 f23:0xff00081f f31:0x80000000 f31=0x7f00081f
     280355.000 ns	     28034	80005c1c	038caa33	mulhsu	x20,x25,x24	 x25:0x039e276f x24:0x00000000 x20=0x00000000
     280375.000 ns	     28036	80005c20	cc301037	lui	x0,0xcc301	
     280395.000 ns	     28038	80005c24	21219a53	fsgnjn.s	f20,f3,f18	  f3:0xffc00000 f18:0xff00081f f20=0x7fc00000
     280415.000 ns	     28040	80005c28	8fcfa5b7	lui	x11,0x8fcfa	 x11=0x8fcfa000
     280435.000 ns	     28042	80005c2c	2056a653	fsgnjx.s	f12,f13,f5	 f13:0x7fc00000  f5:0xff00081f f12=0xffc00000
     280475.000 ns	     28046	80005c30	19b5a0d3	fdiv.s	f1,f11,f27	 f11:0x7fc00000 f27:0xfffffedd  f1=0x7fc00000
     280495.000 ns	     28048	80005c34	311e6937	lui	x18,0x311e6	 x18=0x311e6000
     280515.000 ns	     28050	80005c38	d000f4d3	fcvt.s.w	f9,x1	  x1:0x00000000  f9=0x00000000
     280535.000 ns	     28052	80005c3c	01c6db93	srli	x23,x13,0x1c	 x13:0x7fbfffff x23=0x00000007
     280555.000 ns	     28054	80005c40	c00c7a53	fcvt.w.s	x20,f24	 f24:0xff00081f x20=0x80000000
     280585.000 ns	     28057	80005c44	d01e02d3	fcvt.s.wu	f5,x28	 x28:0x80040fe4  f5=0x4f000410
     280605.000 ns	     28059	80005c48	23db3413	sltiu	x8,x22,573	 x22:0x01cf13b7  x8=0x00000000
     280615.000 ns	     28060	80005c4c	fbcf6913	ori	x18,x30,-68	 x30:0xfffffcee x18=0xfffffffe
     280975.000 ns	     28096	80005c50	03e15633	divu	x12,x2,x30	  x2:0x00820480 x30:0xfffffcee x12=0x00000000
     281005.000 ns	     28099	80005c54	a063a853	feq.s	x16,f7,f6	  f7:0x44000000  f6:0x00000000 x16=0x00000000
     281035.000 ns	     28102	80005c58	0334ec33	rem	x24,x9,x19	  x9:0x064d0501 x19:0x00000000 x24=0x064d0501
     281055.000 ns	     28104	80005c5c	01b6fcb3	and	x25,x13,x27	 x13:0x7fbfffff x27:0x00003267 x25=0x00003267
     281065.000 ns	     28105	80005c60	41485cb3	sra	x25,x16,x20	 x16:0x00000000 x20:0x80000000 x25=0x00000000
     281075.000 ns	     28106	80005c64	01a11a93	slli	x21,x2,0x1a	  x2:0x00820480 x21=0x00000000
     281085.000 ns	     28107	80005c68	008266b3	or	x13,x4,x8	  x4:0x00000000  x8:0x00000000 x13=0x00000000
     281445.000 ns	     28143	80005c6c	03df58b3	divu	x17,x30,x29	 x30:0xfffffcee x29:0xffffff45 x17=0x00000000
     281475.000 ns	     28146	80005c70	21d896d3	fsgnjn.s	f13,f17,f29	 f17:0xff800000 f29:0x00000000 f13=0xff800000
     281505.000 ns	     28149	80005c74	21b28353	fsgnj.s	f6,f5,f27	  f5:0x4f000410 f27:0xfffffedd  f6=0xcf000410
     281535.000 ns	     28152	80005c78	d01f82d3	fcvt.s.wu	f5,x31	 x31:0x00000001  f5=0x3f800000
     281555.000 ns	     28154	80005c7c	00000013	addi	x0,x0,0	  x0:0x00000000
     281575.000 ns	     28156	80005c80	21aa8853	fsgnj.s	f16,f21,f26	 f21:0x4eff8000 f26:0x4eff8000 f16=0x4eff8000
     281595.000 ns	     28158	80005c84	7a709217	auipc	x4,0x7a709	  x4=0xfa70ec84
     281605.000 ns	     28159	80005c88	0051c3b3	xor	x7,x3,x5	  x3:0xfffffedc  x5:0xfffffe9d  x7=0x00000041
     281615.000 ns	     28160	80005c8c	00a2dc33	srl	x24,x5,x10	  x5:0xfffffe9d x10:0xfffffe9c x24=0x0000000f
     281635.000 ns	     28162	80005c90	a0ebaf53	feq.s	x30,f23,f14	 f23:0xff00081f f14:0x80040fe4 x30=0x00000000
     281655.000 ns	     28164	80005c94	ed5d2a13	slti	x20,x26,-299	 x26:0x00000000 x20=0x00000000
     281675.000 ns	     28166	80005c98	e00a9d53	fclass.s	x26,f21	 f21:0x4eff8000 x26=0x00000040
     281705.000 ns	     28169	80005c9c	d004fb53	fcvt.s.w	f22,x9	  x9:0x064d0501 f22=0x4cc9a0a0
     281735.000 ns	     28172	80005ca0	a1321ad3	flt.s	x21,f4,f19	  f4:0x80000000 f19:0x7fc00000 x21=0x00000000
     281765.000 ns	     28175	80005ca4	e00b99d3	fclass.s	x19,f23	 f23:0xff00081f x19=0x00000002
     281785.000 ns	     28177	80005ca8	44eb3513	sltiu	x10,x22,1102	 x22:0x01cf13b7 x10=0x00000000
     281795.000 ns	     28178	80005cac	3e39fa93	andi	x21,x19,995	 x19:0x00000002 x21=0x00000002
     281815.000 ns	     28180	80005cb0	21c92ad3	fsgnjx.s	f21,f18,f28	 f18:0xff00081f f28:0x7fc00000 f21=0xff00081f
     281845.000 ns	     28183	80005cb4	a01c14d3	flt.s	x9,f24,f1	 f24:0xff00081f  f1:0x7fc00000  x9=0x00000000
     281865.000 ns	     28185	80005cb8	017c42b3	xor	x5,x24,x23	 x24:0x0000000f x23:0x00000007  x5=0x00000008
     281885.000 ns	     28187	80005cbc	02194b33	div	x22,x18,x1	 x18:0xfffffffe  x1:0x00000000 x22=0xffffffff
     281915.000 ns	     28190	80005cc0	21f99e53	fsgnjn.s	f28,f19,f31	 f19:0x7fc00000 f31:0x7f00081f f28=0xffc00000
     281935.000 ns	     28192	80005cc4	89f56497	auipc	x9,0x89f56	  x9=0x09f5bcc4
     281955.000 ns	     28194	80005cc8	02f605b3	mul	x11,x12,x15	 x12:0x00000000 x15:0x00000002 x11=0x00000000
     281975.000 ns	     28196	80005ccc	0172aab3	slt	x21,x5,x23	  x5:0x00000008 x23:0x00000007 x21=0x00000000
     282305.000 ns	     28229	80005cd0	18703f53	fdiv.s	f30,f0,f7	  f0:0x039e276f  f7:0x44000000 f30=0x7ef54d5a
     282335.000 ns	     28232	80005cd4	03fc3d33	mulhu	x26,x24,x31	 x24:0x0000000f x31:0x00000001 x26=0x00000000
     282705.000 ns	     28269	80005cd8	03dc5a33	divu	x20,x24,x29	 x24:0x0000000f x29:0xffffff45 x20=0x00000000
     282725.000 ns	     28271	80005cdc	00961b93	slli	x23,x12,0x9	 x12:0x00000000 x23=0x00000000
     282745.000 ns	     28273	80005ce0	039e3433	mulhu	x8,x28,x25	 x28:0x80040fe4 x25:0x00000000  x8=0x00000000
     282775.000 ns	     28276	80005ce4	03a90133	mul	x2,x18,x26	 x18:0xfffffffe x26:0x00000000  x2=0x00000000
     282795.000 ns	     28278	80005ce8	a0502e93	slti	x29,x0,-1531	  x0:0x00000000 x29=0x00000000
     282815.000 ns	     28280	80005cec	c004a953	fcvt.w.s	x18,f9	  f9:0x00000000 x18=0x00000000
     282835.000 ns	     28282	80005cf0	00ab73b3	and	x7,x22,x10	 x22:0xffffffff x10:0x00000000  x7=0x00000000
     282845.000 ns	     28283	80005cf4	f901b393	sltiu	x7,x3,-112	  x3:0xfffffedc  x7=0x00000001
     282855.000 ns	     28284	80005cf8	05f32013	slti	x0,x6,95	  x6:0x80041024
     282865.000 ns	     28285	80005cfc	2e90bcb7	lui	x25,0x2e90b	 x25=0x2e90b000
     282885.000 ns	     28287	80005d00	a0e31053	flt.s	x0,f6,f14	  f6:0xcf000410 f14:0x80040fe4
     282925.000 ns	     28291	80005d04	1118cfd3	fmul.s	f31,f17,f17	 f17:0xff800000 f17:0xff800000 f31=0x7f800000
     282945.000 ns	     28293	80005d08	089cf213	andi	x4,x25,137	 x25:0x2e90b000  x4=0x00000000
     282955.000 ns	     28294	80005d0c	44c609b7	lui	x19,0x44c60	 x19=0x44c60000
     283315.000 ns	     28330	80005d10	03ce6a33	rem	x20,x28,x28	 x28:0x80040fe4 x28:0x80040fe4 x20=0x00000000
     283345.000 ns	     28333	80005d14	c01d09d3	fcvt.wu.s	x19,f26	 f26:0x4eff8000 x19=0x7fc00000
     283365.000 ns	     28335	80005d18	0132d193	srli	x3,x5,0x13	  x5:0x00000008  x3=0x00000000
     283375.000 ns	     28336	80005d1c	015c6033	or	x0,x24,x21	 x24:0x0000000f x21:0x00000000
     283395.000 ns	     28338	80005d20	c004f9d3	fcvt.w.s	x19,f9	  f9:0x00000000 x19=0x00000000
     283415.000 ns	     28340	80005d24	01bf6933	or	x18,x30,x27	 x30:0x00000000 x27:0x00003267 x18=0x00003267
     283425.000 ns	     28341	80005d28	05efcc13	xori	x24,x31,94	 x31:0x00000001 x24=0x0000005f
     283435.000 ns	     28342	80005d2c	9d8ad197	auipc	x3,0x9d8ad	  x3=0x1d8b2d2c
     283465.000 ns	     28345	80005d30	184accd3	fdiv.s	f25,f21,f4	 f21:0xff00081f  f4:0x80000000 f25=0x7f800000
     283835.000 ns	     28382	80005d34	03f1edb3	rem	x27,x3,x31	  x3:0x00000000 x31:0x00000001 x27=0x00000000
     283855.000 ns	     28384	80005d38	40af5c13	srai	x24,x30,0xa	 x30:0x00000000 x24=0x00000000
     283875.000 ns	     28386	80005d3c	e00c13d3	fclass.s	x7,f24	 f24:0xff00081f  x7=0x00000002
     283895.000 ns	     28388	80005d40	01f2a633	slt	x12,x5,x31	  x5:0x00000008 x31:0x00000001 x12=0x00000000
     283905.000 ns	     28389	80005d44	01921893	slli	x17,x4,0x19	  x4:0x00000000 x17=0x00000000
     284235.000 ns	     28422	80005d48	18ef78d3	fdiv.s	f17,f30,f14	 f30:0x7ef54d5a f14:0x80040fe4 f17=0xff800000
     284255.000 ns	     28424	80005d4c	007b9c93	slli	x25,x23,0x7	 x23:0x00000000 x25=0x00000000
     284275.000 ns	     28426	80005d50	286205d3	fmin.s	f11,f4,f6	  f4:0x80000000  f6:0xcf000410 f11=0xcf000410
     284305.000 ns	     28429	80005d54	a1c5a3d3	feq.s	x7,f11,f28	 f11:0x7fc00000 f28:0xffc00000  x7=0x00000000
     284335.000 ns	     28432	80005d58	a0d52553	feq.s	x10,f10,f13	 f10:0x7fc00000 f13:0xff800000 x10=0x00000000
     284365.000 ns	     28435	80005d5c	d00e7f53	fcvt.s.w	f30,x28	 x28:0x80040fe4 f30=0xcefff7e0
     284415.000 ns	     28440	80005d60	01b1fad3	fadd.s	f21,f3,f27	  f3:0xffc00000 f27:0xfffffedd f21=0x7fc00000
     284435.000 ns	     28442	80005d64	c845b893	sltiu	x17,x11,-892	 x11:0x00000000 x17=0x00000001
     284455.000 ns	     28444	80005d68	28dc0dd3	fmin.s	f27,f24,f13	 f24:0xff00081f f13:0xff800000 f27=0xff800000
     284475.000 ns	     28446	80005d6c	017282b3	add	x5,x5,x23	  x5:0x00000008 x23:0x00000000  x5=0x00000008
     284495.000 ns	     28448	80005d70	03a88833	mul	x16,x17,x26	 x17:0x00000001 x26:0x00000000 x16=0x00000000
     284515.000 ns	     28450	80005d74	01cfd393	srli	x7,x31,0x1c	 x31:0x00000001  x7=0x00000000
     284535.000 ns	     28452	80005d78	d00c3d53	fcvt.s.w	f26,x24	 x24:0x00000000 f26=0x00000000
     284555.000 ns	     28454	80005d7c	016696b3	sll	x13,x13,x22	 x13:0x00000000 x22:0xffffffff x13=0x00000000
     284575.000 ns	     28456	80005d80	21350053	fsgnj.s	f0,f10,f19	 f10:0x7fc00000 f19:0x7fc00000  f0=0x7fc00000
     284605.000 ns	     28459	80005d84	e00898d3	fclass.s	x17,f17	 f17:0xff800000 x17=0x00000001
     284635.000 ns	     28462	80005d88	02da52b3	divu	x5,x20,x13	 x20:0x00000000 x13:0x00000000  x5=0xffffffff
     285815.000 ns	     28580	80005d8c	580b3653	fsqrt.s	f12,f22	 f22:0x4cc9a0a0 f12=0x4620a64e
     285835.000 ns	     28582	80005d90	01d258b3	srl	x17,x4,x29	  x4:0x00000000 x29:0x00000000 x17=0x00000000
     285855.000 ns	     28584	80005d94	03d04833	div	x16,x0,x29	  x0:0x00000000 x29:0x00000000 x16=0xffffffff
     285885.000 ns	     28587	80005d98	f00d0253	fmv.w.x	f4,x26	 x26:0x00000000  f4=0x00000000
     285905.000 ns	     28589	80005d9c	40348a33	sub	x20,x9,x3	  x9:0x09f5bcc4  x3:0x1d8b2d2c x20=0xec6a8f98
     286265.000 ns	     28625	80005da0	02f373b3	remu	x7,x6,x15	  x6:0x80041024 x15:0x00000002  x7=0x00000000
     286295.000 ns	     28628	80005da4	29971e53	fmax.s	f28,f14,f25	 f14:0x80040fe4 f25:0x7f800000 f28=0x7f800000
     286315.000 ns	     28630	80005da8	01e15133	srl	x2,x2,x30	  x2:0x00000000 x30:0x00000000  x2=0x00000000
     286335.000 ns	     28632	80005dac	027bb033	mulhu	x0,x23,x7	 x23:0x00000000  x7:0x00000000
     286355.000 ns	     28634	80005db0	01b891b3	sll	x3,x17,x27	 x17:0x00000000 x27:0x00000000  x3=0x00000000
     286375.000 ns	     28636	80005db4	a1d32c53	feq.s	x24,f6,f29	  f6:0xcf000410 f29:0x00000000 x24=0x00000000
     286395.000 ns	     28638	80005db8	01d7f633	and	x12,x15,x29	 x15:0x00000002 x29:0x00000000 x12=0x00000000
     286405.000 ns	     28639	80005dbc	00653933	sltu	x18,x10,x6	 x10:0x00000000  x6:0x80041024 x18=0x00000001
     286425.000 ns	     28641	80005dc0	03e3d833	divu	x16,x7,x30	  x7:0x00000000 x30:0x00000000 x16=0xffffffff
     286455.000 ns	     28644	80005dc4	c004f953	fcvt.w.s	x18,f9	  f9:0x00000000 x18=0x00000000
     286485.000 ns	     28647	80005dc8	21481753	fsgnjn.s	f14,f16,f20	 f16:0x4eff8000 f20:0x7fc00000 f14=0xceff8000
     286525.000 ns	     28651	80005dcc	580133d3	fsqrt.s	f7,f2	  f2:0x7fc00000  f7=0x7fc00000
     286545.000 ns	     28653	80005dd0	010e1893	slli	x17,x28,0x10	 x28:0x80040fe4 x17=0x0fe40000
     286555.000 ns	     28654	80005dd4	47427293	andi	x5,x4,1140	  x4:0x00000000  x5=0x00000000
     286565.000 ns	     28655	80005dd8	4b534a13	xori	x20,x6,1205	  x6:0x80041024 x20=0x80041491
     286585.000 ns	     28657	80005ddc	026631b3	mulhu	x3,x12,x6	 x12:0x00000000  x6:0x80041024  x3=0x00000000
     286605.000 ns	     28659	80005de0	baa12617	auipc	x12,0xbaa12	 x12=0x3aa17de0
     286625.000 ns	     28661	80005de4	21a1a6d3	fsgnjx.s	f13,f3,f26	  f3:0xffc00000 f26:0x00000000 f13=0xffc00000
     286665.000 ns	     28665	80005de8	18d07a53	fdiv.s	f20,f0,f13	  f0:0x7fc00000 f13:0xff800000 f20=0x7fc00000
     286685.000 ns	     28667	80005dec	0176d593	srli	x11,x13,0x17	 x13:0x00000000 x11=0x00000000
     286705.000 ns	     28669	80005df0	21360a53	fsgnj.s	f20,f12,f19	 f12:0x4620a64e f19:0x7fc00000 f20=0x4620a64e
     286755.000 ns	     28674	80005df4	08b6b353	fsub.s	f6,f13,f11	 f13:0xffc00000 f11:0xcf000410  f6=0x7fc00000
     286775.000 ns	     28676	80005df8	00035693	srli	x13,x6,0x0	  x6:0x80041024 x13=0x80041024
     286785.000 ns	     28677	80005dfc	013216b3	sll	x13,x4,x19	  x4:0x00000000 x19:0x00000000 x13=0x00000000
     286805.000 ns	     28679	80005e00	0279acb3	mulhsu	x25,x19,x7	 x19:0x00000000  x7:0x00000000 x25=0x00000000
     286835.000 ns	     28682	80005e04	02dbe6b3	rem	x13,x23,x13	 x23:0x00000000 x13:0x80041024 x13=0x00000000
     286865.000 ns	     28685	80005e08	29940753	fmin.s	f14,f8,f25	  f8:0x00000000 f25:0x7f800000 f14=0x00000000
     286915.000 ns	     28690	80005e0c	01007853	fadd.s	f16,f0,f16	  f0:0x7fc00000 f16:0x4eff8000 f16=0x7fc00000
     286955.000 ns	     28694	80005e10	111f82d3	fmul.s	f5,f31,f17	 f31:0x7f800000 f17:0xff800000  f5=0xff800000
     286975.000 ns	     28696	80005e14	01210d33	add	x26,x2,x18	  x2:0x00000000 x18:0x00000000 x26=0x00000000
     286985.000 ns	     28697	80005e18	00e3ea33	or	x20,x7,x14	  x7:0x00000000 x14:0x00000001 x20=0x00000001
     286995.000 ns	     28698	80005e1c	00000013	addi	x0,x0,0	  x0:0x00000000
     287005.000 ns	     28699	80005e20	5b2b0b93	addi	x23,x22,1458	 x22:0xffffffff x23=0x000005b1
     287015.000 ns	     28700	80005e24	00384cb3	xor	x25,x16,x3	 x16:0xffffffff  x3:0x00000000 x25=0xffffffff
     287035.000 ns	     28702	80005e28	20548553	fsgnj.s	f10,f9,f5	  f9:0x00000000  f5:0xff800000 f10=0x80000000
     287065.000 ns	     28705	80005e2c	02a24bb3	div	x23,x4,x10	  x4:0x00000000 x10:0x00000000 x23=0xffffffff
     287085.000 ns	     28707	80005e30	00e27133	and	x2,x4,x14	  x4:0x00000000 x14:0x00000001  x2=0x00000000
     287105.000 ns	     28709	80005e34	0281b1b3	mulhu	x3,x3,x8	  x3:0x00000000  x8:0x00000000  x3=0x00000000
     287135.000 ns	     28712	80005e38	037e1cb3	mulh	x25,x28,x23	 x28:0x80040fe4 x23:0xffffffff x25=0x00000000
     287155.000 ns	     28714	80005e3c	01ac1fb3	sll	x31,x24,x26	 x24:0x00000000 x26:0x00000000 x31=0x00000000
     287175.000 ns	     28716	80005e40	03ec22b3	mulhsu	x5,x24,x30	 x24:0x00000000 x30:0x00000000  x5=0x00000000
     287195.000 ns	     28718	80005e44	3f1c2f93	slti	x31,x24,1009	 x24:0x00000000 x31=0x00000001
     287215.000 ns	     28720	80005e48	207d2d53	fsgnjx.s	f26,f26,f7	 f26:0x00000000  f7:0x7fc00000 f26=0x00000000
     287235.000 ns	     28722	80005e4c	009cfa33	and	x20,x25,x9	 x25:0x00000000  x9:0x09f5bcc4 x20=0x00000000
     287245.000 ns	     28723	80005e50	41ba5a93	srai	x21,x20,0x1b	 x20:0x00000001 x21=0x00000000
     287265.000 ns	     28725	80005e54	a1f30f53	fle.s	x30,f6,f31	  f6:0x7fc00000 f31:0x7f800000 x30=0x00000000
     287285.000 ns	     28727	80005e58	9147a217	auipc	x4,0x9147a	  x4=0x1147fe58
     287295.000 ns	     28728	80005e5c	40dd0933	sub	x18,x26,x13	 x26:0x00000000 x13:0x00000000 x18=0x00000000
     287315.000 ns	     28730	80005e60	03ef66b3	rem	x13,x30,x30	 x30:0x00000000 x30:0x00000000 x13=0x00000000
     287335.000 ns	     28732	80005e64	01b3c0b3	xor	x1,x7,x27	  x7:0x00000000 x27:0x00000000  x1=0x00000000
     287355.000 ns	     28734	80005e68	03620bb3	mul	x23,x4,x22	  x4:0x1147fe58 x22:0xffffffff x23=0xeeb801a8
     287375.000 ns	     28736	80005e6c	7cedfe93	andi	x29,x27,1998	 x27:0x00000000 x29=0x00000000
     287395.000 ns	     28738	80005e70	290a1e53	fmax.s	f28,f20,f16	 f20:0x4620a64e f16:0x7fc00000 f28=0x4620a64e
     287415.000 ns	     28740	80005e74	57e9a813	slti	x16,x19,1406	 x19:0x00000000 x16=0x00000001
     287425.000 ns	     28741	80005e78	01326ab3	or	x21,x4,x19	  x4:0x1147fe58 x19:0x00000000 x21=0x1147fe58
     287435.000 ns	     28742	80005e7c	00269913	slli	x18,x13,0x2	 x13:0x00000000 x18=0x00000000
     287455.000 ns	     28744	80005e80	a1729153	flt.s	x2,f5,f23	  f5:0xff800000 f23:0xff00081f  x2=0x00000001
     287495.000 ns	     28748	80005e84	580dc153	fsqrt.s	f2,f27	 f27:0xff800000  f2=0x7fc00000
     287865.000 ns	     28785	80005e88	02274cb3	div	x25,x14,x2	 x14:0x00000001  x2:0x00000001 x25=0x00000001
     287895.000 ns	     28788	80005e8c	d01ff653	fcvt.s.wu	f12,x31	 x31:0x00000001 f12=0x3f800000
     287925.000 ns	     28791	80005e90	28361f53	fmax.s	f30,f12,f3	 f12:0x4620a64e  f3:0xffc00000 f30=0x3f800000
     287955.000 ns	     28794	80005e94	20952153	fsgnjx.s	f2,f10,f9	 f10:0x80000000  f9:0x00000000  f2=0x80000000
     287985.000 ns	     28797	80005e98	03068d33	mul	x26,x13,x16	 x13:0x00000000 x16:0x00000001 x26=0x00000000
     288015.000 ns	     28800	80005e9c	d001c353	fcvt.s.w	f6,x3	  x3:0x00000000  f6=0x00000000
     288045.000 ns	     28803	80005ea0	28b40153	fmin.s	f2,f8,f11	  f8:0x00000000 f11:0xcf000410  f2=0xcf000410
     288075.000 ns	     28806	80005ea4	28e506d3	fmin.s	f13,f10,f14	 f10:0x80000000 f14:0x00000000 f13=0x80000000
     288105.000 ns	     28809	80005ea8	c00d83d3	fcvt.w.s	x7,f27	 f27:0xff800000  x7=0x80000000
     288125.000 ns	     28811	80005eac	7f8b8893	addi	x17,x23,2040	 x23:0xeeb801a8 x17=0xeeb809a0
     288145.000 ns	     28813	80005eb0	210727d3	fsgnjx.s	f15,f14,f16	 f14:0x00000000 f16:0x7fc00000 f15=0x00000000
     288175.000 ns	     28816	80005eb4	d01ffd53	fcvt.s.wu	f26,x31	 x31:0x00000001 f26=0x3f800000
     288195.000 ns	     28818	80005eb8	414a0933	sub	x18,x20,x20	 x20:0x00000000 x20:0x00000000 x18=0x00000000
     288205.000 ns	     28819	80005ebc	abd12d93	slti	x27,x2,-1347	  x2:0x00000001 x27=0x00000000
     288215.000 ns	     28820	80005ec0	adf3af97	auipc	x31,0xadf3a	 x31=0x2df3fec0
     288225.000 ns	     28821	80005ec4	cdfe8f93	addi	x31,x29,-801	 x29:0x00000000 x31=0xfffffcdf
     288245.000 ns	     28823	80005ec8	d003ba53	fcvt.s.w	f20,x7	  x7:0x80000000 f20=0xcf000000
     288265.000 ns	     28825	80005ecc	00eac933	xor	x18,x21,x14	 x21:0x1147fe58 x14:0x00000001 x18=0x1147fe59
     288285.000 ns	     28827	80005ed0	f00f8053	fmv.w.x	f0,x31	 x31:0xfffffcdf  f0=0xfffffcdf
     288315.000 ns	     28830	80005ed4	283e1053	fmax.s	f0,f28,f3	 f28:0x4620a64e  f3:0xffc00000  f0=0x4620a64e
     288335.000 ns	     28832	80005ed8	00806a33	or	x20,x0,x8	  x0:0x00000000  x8:0x00000000 x20=0x00000000
     288345.000 ns	     28833	80005edc	01a3f9b3	and	x19,x7,x26	  x7:0x80000000 x26:0x00000000 x19=0x00000000
     288365.000 ns	     28835	80005ee0	295e8a53	fmin.s	f20,f29,f21	 f29:0x00000000 f21:0x7fc00000 f20=0x00000000
     288385.000 ns	     28837	80005ee4	003da833	slt	x16,x27,x3	 x27:0x00000000  x3:0x00000000 x16=0x00000000
     288395.000 ns	     28838	80005ee8	1203b493	sltiu	x9,x7,288	  x7:0x80000000  x9=0x00000000
     288415.000 ns	     28840	80005eec	034b9db3	mulh	x27,x23,x20	 x23:0xeeb801a8 x20:0x00000000 x27=0x00000000
     288445.000 ns	     28843	80005ef0	a0a413d3	flt.s	x7,f8,f10	  f8:0x00000000 f10:0x80000000  x7=0x00000000
     288475.000 ns	     28846	80005ef4	034b6533	rem	x10,x22,x20	 x22:0xffffffff x20:0x00000000 x10=0xffffffff
     288495.000 ns	     28848	80005ef8	01cc1297	auipc	x5,0x1cc1	  x5=0x81cc6ef8
     288505.000 ns	     28849	80005efc	0113d013	srli	x0,x7,0x11	  x7:0x00000000
     288525.000 ns	     28851	80005f00	02191db3	mulh	x27,x18,x1	 x18:0x1147fe59  x1:0x00000000 x27=0x00000000
     288555.000 ns	     28854	80005f04	03f12eb3	mulhsu	x29,x2,x31	  x2:0x00000001 x31:0xfffffcdf x29=0x00000000
     288585.000 ns	     28857	80005f08	20da86d3	fsgnj.s	f13,f21,f13	 f21:0x7fc00000 f13:0x80000000 f13=0xffc00000
     288605.000 ns	     28859	80005f0c	407104b3	sub	x9,x2,x7	  x2:0x00000001  x7:0x00000000  x9=0x00000001
     288645.000 ns	     28863	80005f10	09f5b253	fsub.s	f4,f11,f31	 f11:0xcf000410 f31:0x7f800000  f4=0xff800000
     289015.000 ns	     28900	80005f14	03c0f833	remu	x16,x1,x28	  x1:0x00000000 x28:0x80040fe4 x16=0x00000000
     289035.000 ns	     28902	80005f18	23d81d97	auipc	x27,0x23d81	 x27=0xa3d86f18
     289045.000 ns	     28903	80005f1c	00d681b3	add	x3,x13,x13	 x13:0x00000000 x13:0x00000000  x3=0x00000000
     289065.000 ns	     28905	80005f20	c008f5d3	fcvt.w.s	x11,f17	 f17:0xff800000 x11=0x80000000
     289095.000 ns	     28908	80005f24	e00004d3	fmv.x.w	x9,f0	  f0:0x4620a64e  x9=0x4620a64e
     289125.000 ns	     28911	80005f28	a0caac53	feq.s	x24,f21,f12	 f21:0x7fc00000 f12:0x3f800000 x24=0x00000000
     289155.000 ns	     28914	80005f2c	d019c353	fcvt.s.wu	f6,x19	 x19:0x00000000  f6=0x00000000
     289175.000 ns	     28916	80005f30	5a1a2913	slti	x18,x20,1441	 x20:0x00000000 x18=0x00000001
     289185.000 ns	     28917	80005f34	019a92b3	sll	x5,x21,x25	 x21:0x1147fe58 x25:0x00000001  x5=0x228ffcb0
     289205.000 ns	     28919	80005f38	02e420b3	mulhsu	x1,x8,x14	  x8:0x00000000 x14:0x00000001  x1=0x00000000
     289225.000 ns	     28921	80005f3c	41e306b3	sub	x13,x6,x30	  x6:0x80041024 x30:0x00000000 x13=0x80041024
     289245.000 ns	     28923	80005f40	a1c820d3	feq.s	x1,f16,f28	 f16:0x7fc00000 f28:0x4620a64e  x1=0x00000000
     289265.000 ns	     28925	80005f44	f07e6613	ori	x12,x28,-249	 x28:0x80040fe4 x12=0xffffffe7
     289285.000 ns	     28927	80005f48	28c28253	fmin.s	f4,f5,f12	  f5:0xff800000 f12:0x3f800000  f4=0xff800000
     289305.000 ns	     28929	80005f4c	e587e013	ori	x0,x15,-424	 x15:0x00000002
     289325.000 ns	     28931	80005f50	a1de90d3	flt.s	x1,f29,f29	 f29:0x00000000 f29:0x00000000  x1=0x00000000
     289365.000 ns	     28935	80005f54	5809fb53	fsqrt.s	f22,f19	 f19:0x7fc00000 f22=0x7fc00000
     289395.000 ns	     28938	80005f58	29170753	fmin.s	f14,f14,f17	 f14:0x00000000 f17:0xff800000 f14=0xff800000
     289425.000 ns	     28941	80005f5c	28728453	fmin.s	f8,f5,f7	  f5:0xff800000  f7:0x7fc00000  f8=0xff800000
     289445.000 ns	     28943	80005f60	014dc833	xor	x16,x27,x20	 x27:0xa3d86f18 x20:0x00000000 x16=0xa3d86f18
     289455.000 ns	     28944	80005f64	e13c7d37	lui	x26,0xe13c7	 x26=0xe13c7000
     289465.000 ns	     28945	80005f68	c7c77293	andi	x5,x14,-900	 x14:0x00000001  x5=0x00000000
     289485.000 ns	     28947	80005f6c	02f935b3	mulhu	x11,x18,x15	 x18:0x00000001 x15:0x00000002 x11=0x00000000
     289515.000 ns	     28950	80005f70	a04e83d3	fle.s	x7,f29,f4	 f29:0x00000000  f4:0xff800000  x7=0x00000000
     289535.000 ns	     28952	80005f74	00000013	addi	x0,x0,0	  x0:0x00000000
     289555.000 ns	     28954	80005f78	c00671d3	fcvt.w.s	x3,f12	 f12:0x3f800000  x3=0x00000001
     289585.000 ns	     28957	80005f7c	299504d3	fmin.s	f9,f10,f25	 f10:0x80000000 f25:0x7f800000  f9=0x80000000
     289615.000 ns	     28960	80005f80	03263533	mulhu	x10,x12,x18	 x12:0xffffffe7 x18:0x00000001 x10=0x00000000
     289645.000 ns	     28963	80005f84	d01896d3	fcvt.s.wu	f13,x17	 x17:0xeeb809a0 f13=0x4f6eb809
     289675.000 ns	     28966	80005f88	022e84b3	mul	x9,x29,x2	 x29:0x00000000  x2:0x00000001  x9=0x00000000
     289705.000 ns	     28969	80005f8c	02b70c33	mul	x24,x14,x11	 x14:0x00000001 x11:0x00000000 x24=0x00000000
     289735.000 ns	     28972	80005f90	d0041ed3	fcvt.s.w	f29,x8	  x8:0x00000000 f29=0x00000000
     289755.000 ns	     28974	80005f94	7f696693	ori	x13,x18,2038	 x18:0x00000001 x13=0x000007f7
     289775.000 ns	     28976	80005f98	21850053	fsgnj.s	f0,f10,f24	 f10:0x80000000 f24:0xff00081f  f0=0x80000000
     289795.000 ns	     28978	80005f9c	f57824b7	lui	x9,0xf5782	  x9=0xf5782000
     289815.000 ns	     28980	80005fa0	28430fd3	fmin.s	f31,f6,f4	  f6:0x00000000  f4:0xff800000 f31=0xff800000
     289845.000 ns	     28983	80005fa4	d0107ed3	fcvt.s.wu	f29,x0	  x0:0x00000000 f29=0x00000000
     289885.000 ns	     28987	80005fa8	11d39753	fmul.s	f14,f7,f29	  f7:0x7fc00000 f29:0x00000000 f14=0x7fc00000
     289915.000 ns	     28990	80005fac	2034ab53	fsgnjx.s	f22,f9,f3	  f9:0x80000000  f3:0xffc00000 f22=0x00000000
     289935.000 ns	     28992	80005fb0	003e0eb3	add	x29,x28,x3	 x28:0x80040fe4  x3:0x00000001 x29=0x80040fe5
     290295.000 ns	     29028	80005fb4	03785f33	divu	x30,x16,x23	 x16:0xa3d86f18 x23:0xeeb801a8 x30=0x00000000
     290325.000 ns	     29031	80005fb8	e0039953	fclass.s	x18,f7	  f7:0x7fc00000 x18=0x00000200
     290345.000 ns	     29033	80005fbc	00c0beb3	sltu	x29,x1,x12	  x1:0x00000000 x12:0xffffffe7 x29=0x00000001
     290355.000 ns	     29034	80005fc0	00a9f3b3	and	x7,x19,x10	 x19:0x00000000 x10:0x00000000  x7=0x00000000
     290375.000 ns	     29036	80005fc4	d0020553	fcvt.s.w	f10,x4	  x4:0x1147fe58 f10=0x4d8a3ff2
     290405.000 ns	     29039	80005fc8	29d599d3	fmax.s	f19,f11,f29	 f11:0xcf000410 f29:0x00000000 f19=0x00000000
     290435.000 ns	     29042	80005fcc	033805b3	mul	x11,x16,x19	 x16:0xa3d86f18 x19:0x00000000 x11=0x00000000
     290455.000 ns	     29044	80005fd0	012d5693	srli	x13,x26,0x12	 x26:0xe13c7000 x13=0x0000384f
     290475.000 ns	     29046	80005fd4	29df0053	fmin.s	f0,f30,f29	 f30:0x3f800000 f29:0x00000000  f0=0x00000000
     290845.000 ns	     29083	80005fd8	03acf8b3	remu	x17,x25,x26	 x25:0x00000001 x26:0xe13c7000 x17=0x00000001
     290865.000 ns	     29085	80005fdc	1fc97b93	andi	x23,x18,508	 x18:0x00000200 x23=0x00000000
     290885.000 ns	     29087	80005fe0	e0058c53	fmv.x.w	x24,f11	 f11:0xcf000410 x24=0xcf000410
     290915.000 ns	     29090	80005fe4	e00c0dd3	fmv.x.w	x27,f24	 f24:0xff00081f x27=0xff00081f
     290945.000 ns	     29093	80005fe8	21338a53	fsgnj.s	f20,f7,f19	  f7:0x7fc00000 f19:0x00000000 f20=0x7fc00000
     290975.000 ns	     29096	80005fec	217006d3	fsgnj.s	f13,f0,f23	  f0:0x00000000 f23:0xff00081f f13=0x80000000
     290995.000 ns	     29098	80005ff0	c7007993	andi	x19,x0,-912	  x0:0x00000000 x19=0x00000000
     291015.000 ns	     29100	80005ff4	037b9633	mulh	x12,x23,x23	 x23:0x00000000 x23:0x00000000 x12=0x00000000
     291055.000 ns	     29104	80005ff8	196df5d3	fdiv.s	f11,f27,f22	 f27:0xff800000 f22:0x00000000 f11=0xff800000
     291085.000 ns	     29107	80005ffc	02b62b33	mulhsu	x22,x12,x11	 x12:0x00000000 x11:0x00000000 x22=0x00000000
     291115.000 ns	     29110	80006000	03bca433	mulhsu	x8,x25,x27	 x25:0x00000001 x27:0xff00081f  x8=0x00000000
     291135.000 ns	     29112	80006004	eab43117	auipc	x2,0xeab43	  x2=0x6ab49004
     291155.000 ns	     29114	80006008	c0017c53	fcvt.w.s	x24,f2	  f2:0xcf000410 x24=0x80000000
     291185.000 ns	     29117	8000600c	28570253	fmin.s	f4,f14,f5	 f14:0x7fc00000  f5:0xff800000  f4=0xff800000
     291235.000 ns	     29122	80006010	00b17753	fadd.s	f14,f2,f11	  f2:0xcf000410 f11:0xff800000 f14=0xff800000
     291265.000 ns	     29125	80006014	208aa253	fsgnjx.s	f4,f21,f8	 f21:0x7fc00000  f8:0xff800000  f4=0xffc00000
     291285.000 ns	     29127	80006018	00a5eab3	or	x21,x11,x10	 x11:0x00000000 x10:0x00000000 x21=0x00000000
     291295.000 ns	     29128	8000601c	0000f8b3	and	x17,x1,x0	  x1:0x00000000  x0:0x00000000 x17=0x00000000
     291325.000 ns	     29131	80006020	580ea153	fsqrt.s	f2,f29	 f29:0x00000000  f2=0x00000000
     291355.000 ns	     29134	80006024	03788433	mul	x8,x17,x23	 x17:0x00000001 x23:0x00000000  x8=0x00000000
     291375.000 ns	     29136	80006028	000fc933	xor	x18,x31,x0	 x31:0xfffffcdf  x0:0x00000000 x18=0xfffffcdf
     291385.000 ns	     29137	8000602c	4136d913	srai	x18,x13,0x13	 x13:0x0000384f x18=0x00000000
     291405.000 ns	     29139	80006030	034cfdb3	remu	x27,x25,x20	 x25:0x00000001 x20:0x00000000 x27=0x00000001
     291425.000 ns	     29141	80006034	cfa79137	lui	x2,0xcfa79	  x2=0xcfa79000
     291445.000 ns	     29143	80006038	a0e091d3	flt.s	x3,f1,f14	  f1:0x7fc00000 f14:0xff800000  x3=0x00000000
     291475.000 ns	     29146	8000603c	a13c20d3	feq.s	x1,f24,f19	 f24:0xff00081f f19:0x00000000  x1=0x00000000
     291505.000 ns	     29149	80006040	2170a3d3	fsgnjx.s	f7,f1,f23	  f1:0x7fc00000 f23:0xff00081f  f7=0xffc00000
     291535.000 ns	     29152	80006044	a12d9153	flt.s	x2,f27,f18	 f27:0xff800000 f18:0xff00081f  x2=0x00000001
     291585.000 ns	     29157	80006048	0925c453	fsub.s	f8,f11,f18	 f11:0xff800000 f18:0xff00081f  f8=0xff800000
     291615.000 ns	     29160	8000604c	c01d8dd3	fcvt.wu.s	x27,f27	 f27:0xff800000 x27=0x00000000
     291635.000 ns	     29162	80006050	006c60b3	or	x1,x24,x6	 x24:0x80000000  x6:0x80041024  x1=0x80041024
     291655.000 ns	     29164	80006054	21c70b53	fsgnj.s	f22,f14,f28	 f14:0xff800000 f28:0x4620a64e f22=0x7f800000
     291675.000 ns	     29166	80006058	42766017	auipc	x0,0x42766	
     291695.000 ns	     29168	8000605c	c0133ad3	fcvt.wu.s	x21,f6	  f6:0x00000000 x21=0x00000000
     291715.000 ns	     29170	80006060	01409493	slli	x9,x1,0x14	  x1:0x80041024  x9=0x02400000
     291725.000 ns	     29171	80006064	38750417	auipc	x8,0x38750	  x8=0xb8756064
     291745.000 ns	     29173	80006068	03ae8fb3	mul	x31,x29,x26	 x29:0x00000001 x26:0xe13c7000 x31=0xe13c7000
     291765.000 ns	     29175	8000606c	99524113	xori	x2,x4,-1643	  x4:0x1147fe58  x2=0xeeb807cd
     291775.000 ns	     29176	80006070	19e36493	ori	x9,x6,414	  x6:0x80041024  x9=0x800411be
     291795.000 ns	     29178	80006074	a118a4d3	feq.s	x9,f17,f17	 f17:0xff800000 f17:0xff800000  x9=0x00000001
     291825.000 ns	     29181	80006078	28b48e53	fmin.s	f28,f9,f11	  f9:0x80000000 f11:0xff800000 f28=0xff800000
     292195.000 ns	     29218	8000607c	03a242b3	div	x5,x4,x26	  x4:0x1147fe58 x26:0xe13c7000  x5=0x00000000
     292225.000 ns	     29221	80006080	02331ab3	mulh	x21,x6,x3	  x6:0x80041024  x3:0x00000000 x21=0x00000000
     292255.000 ns	     29224	80006084	c00ff753	fcvt.w.s	x14,f31	 f31:0xff800000 x14=0x80000000
     292305.000 ns	     29229	80006088	009f7cd3	fadd.s	f25,f30,f9	 f30:0x3f800000  f9:0x80000000 f25=0x3f800000
     292325.000 ns	     29231	8000608c	f4d0fd13	andi	x26,x1,-179	  x1:0x80041024 x26=0x80041004
     292345.000 ns	     29233	80006090	29f193d3	fmax.s	f7,f3,f31	  f3:0xffc00000 f31:0xff800000  f7=0xff800000
     292365.000 ns	     29235	80006094	000f16b3	sll	x13,x30,x0	 x30:0x00000000  x0:0x00000000 x13=0x00000000
     292375.000 ns	     29236	80006098	410e5893	srai	x17,x28,0x10	 x28:0x80040fe4 x17=0xffff8004
     292395.000 ns	     29238	8000609c	a1e31ad3	flt.s	x21,f6,f30	  f6:0x00000000 f30:0x3f800000 x21=0x00000001
     292445.000 ns	     29243	800060a0	003ef653	fadd.s	f12,f29,f3	 f29:0x00000000  f3:0xffc00000 f12=0x7fc00000
     292465.000 ns	     29245	800060a4	c5340993	addi	x19,x8,-941	  x8:0xb8756064 x19=0xb8755cb7
     292485.000 ns	     29247	800060a8	20398353	fsgnj.s	f6,f19,f3	 f19:0x00000000  f3:0xffc00000  f6=0x80000000
     292535.000 ns	     29252	800060ac	087b7653	fsub.s	f12,f22,f7	 f22:0x7f800000  f7:0xff800000 f12=0x00000000
     292565.000 ns	     29255	800060b0	20a62753	fsgnjx.s	f14,f12,f10	 f12:0x7fc00000 f10:0x4d8a3ff2 f14=0x00000000
     292585.000 ns	     29257	800060b4	40dadd33	sra	x26,x21,x13	 x21:0x00000001 x13:0x00000000 x26=0x00000001
     292595.000 ns	     29258	800060b8	01e15b93	srli	x23,x2,0x1e	  x2:0xeeb807cd x23=0x00000003
     292605.000 ns	     29259	800060bc	002e6733	or	x14,x28,x2	 x28:0x80040fe4  x2:0xeeb807cd x14=0xeebc0fed
     292625.000 ns	     29261	800060c0	20292253	fsgnjx.s	f4,f18,f2	 f18:0xff00081f  f2:0x00000000  f4=0xff00081f
     292655.000 ns	     29264	800060c4	e00399d3	fclass.s	x19,f7	  f7:0xff800000 x19=0x00000001
     292685.000 ns	     29267	800060c8	21a0af53	fsgnjx.s	f30,f1,f26	  f1:0x7fc00000 f26:0x3f800000 f30=0x7fc00000
     292715.000 ns	     29270	800060cc	03299bb3	mulh	x23,x19,x18	 x19:0x00000001 x18:0x00000000 x23=0x00000000
     292735.000 ns	     29272	800060d0	012223b3	slt	x7,x4,x18	  x4:0x1147fe58 x18:0x00000000  x7=0x00000000
     292745.000 ns	     29273	800060d4	33282b93	slti	x23,x16,818	 x16:0xa3d86f18 x23=0x00000001
     292775.000 ns	     29276	800060d8	103af453	fmul.s	f8,f21,f3	 f21:0x7fc00000  f3:0xffc00000  f8=0x7fc00000
     292795.000 ns	     29278	800060dc	0138dc93	srli	x25,x17,0x13	 x17:0xffff8004 x25=0x00001fff
     292815.000 ns	     29280	800060e0	21db8e53	fsgnj.s	f28,f23,f29	 f23:0xff00081f f29:0x00000000 f28=0x7f00081f
     292845.000 ns	     29283	800060e4	d002f153	fcvt.s.w	f2,x5	  x5:0x00000000  f2=0x00000000
     293215.000 ns	     29320	800060e8	0245f6b3	remu	x13,x11,x4	 x11:0x00000000  x4:0x1147fe58 x13=0x00000000
     293235.000 ns	     29322	800060ec	005219b3	sll	x19,x4,x5	  x4:0x1147fe58  x5:0x00000000 x19=0x1147fe58
     293245.000 ns	     29323	800060f0	002cdcb3	srl	x25,x25,x2	 x25:0x00001fff  x2:0xeeb807cd x25=0x00000000
     293255.000 ns	     29324	800060f4	41d556b3	sra	x13,x10,x29	 x10:0x00000000 x29:0x00000001 x13=0x00000000
     293265.000 ns	     29325	800060f8	087af197	auipc	x3,0x87af	  x3=0x887b50f8
     293275.000 ns	     29326	800060fc	df3a8817	auipc	x16,0xdf3a8	 x16=0x5f3ae0fc
     293285.000 ns	     29327	80006100	0357ef13	ori	x30,x15,53	 x15:0x00000002 x30=0x00000037
     293645.000 ns	     29363	80006104	030845b3	div	x11,x16,x16	 x16:0xa3d86f18 x16:0xa3d86f18 x11=0x00000001
     293665.000 ns	     29365	80006108	1ced9a37	lui	x20,0x1ced9	 x20=0x1ced9000
     293675.000 ns	     29366	8000610c	0d8fbd13	sltiu	x26,x31,216	 x31:0xe13c7000 x26=0x00000000
     293695.000 ns	     29368	80006110	c018fdd3	fcvt.wu.s	x27,f17	 f17:0xff800000 x27=0x00000000
     293725.000 ns	     29371	80006114	a11520d3	feq.s	x1,f10,f17	 f10:0x4d8a3ff2 f17:0xff800000  x1=0x00000000
     293745.000 ns	     29373	80006118	0128b433	sltu	x8,x17,x18	 x17:0xffff8004 x18:0x00000000  x8=0x00000000
     293755.000 ns	     29374	8000611c	00000013	addi	x0,x0,0	  x0:0x00000000
     293775.000 ns	     29376	80006120	20092ad3	fsgnjx.s	f21,f18,f0	 f18:0xff00081f  f0:0x00000000 f21=0xff00081f
     293805.000 ns	     29379	80006124	02b296b3	mulh	x13,x5,x11	  x5:0x00000000 x11:0x00000001 x13=0x00000000
     293825.000 ns	     29381	80006128	f7697b13	andi	x22,x18,-138	 x18:0x00000000 x22=0x00000000
     293835.000 ns	     29382	8000612c	bee78597	auipc	x11,0xbee78	 x11=0x3ee7e12c
     293855.000 ns	     29384	80006130	20b028d3	fsgnjx.s	f17,f0,f11	  f0:0x00000000 f11:0xff800000 f17=0x80000000
     293875.000 ns	     29386	80006134	00eb3633	sltu	x12,x22,x14	 x22:0x00000000 x14:0xeebc0fed x12=0x00000001
     293895.000 ns	     29388	80006138	c01f75d3	fcvt.wu.s	x11,f30	 f30:0x7fc00000 x11=0xffffffff
     293925.000 ns	     29391	8000613c	e0000ed3	fmv.x.w	x29,f0	  f0:0x00000000 x29=0x00000000
     293955.000 ns	     29394	80006140	215d9b53	fsgnjn.s	f22,f27,f21	 f27:0xff800000 f21:0xff00081f f22=0x7f800000
     293985.000 ns	     29397	80006144	c014af53	fcvt.wu.s	x30,f9	  f9:0x80000000 x30=0x00000000
     294005.000 ns	     29399	80006148	00b2b5b3	sltu	x11,x5,x11	  x5:0x00000000 x11:0xffffffff x11=0x00000001
     294015.000 ns	     29400	8000614c	00cf0833	add	x16,x30,x12	 x30:0x00000000 x12:0x00000001 x16=0x00000001
     294025.000 ns	     29401	80006150	017c9133	sll	x2,x25,x23	 x25:0x00000000 x23:0x00000001  x2=0x00000000
     294045.000 ns	     29403	80006154	0210f133	remu	x2,x1,x1	  x1:0x00000000  x1:0x00000000  x2=0x00000000
     294075.000 ns	     29406	80006158	d0167753	fcvt.s.wu	f14,x12	 x12:0x00000001 f14=0x3f800000
     294095.000 ns	     29408	8000615c	40a1d813	srai	x16,x3,0xa	  x3:0x887b50f8 x16=0xffe21ed4
     294105.000 ns	     29409	80006160	01f02cb3	slt	x25,x0,x31	  x0:0x00000000 x31:0xe13c7000 x25=0x00000000
     294125.000 ns	     29411	80006164	03f583b3	mul	x7,x11,x31	 x11:0x00000001 x31:0xe13c7000  x7=0xe13c7000
     294155.000 ns	     29414	80006168	2157a053	fsgnjx.s	f0,f15,f21	 f15:0x00000000 f21:0xff00081f  f0=0x80000000
     294185.000 ns	     29417	8000616c	21e82a53	fsgnjx.s	f20,f16,f30	 f16:0x7fc00000 f30:0x7fc00000 f20=0x7fc00000
     294205.000 ns	     29419	80006170	40720133	sub	x2,x4,x7	  x4:0x1147fe58  x7:0xe13c7000  x2=0x300b8e58
     294215.000 ns	     29420	80006174	d2efe293	ori	x5,x31,-722	 x31:0xe13c7000  x5=0xfffffd2e
     294235.000 ns	     29422	80006178	20d425d3	fsgnjx.s	f11,f8,f13	  f8:0x7fc00000 f13:0x80000000 f11=0xffc00000
     294265.000 ns	     29425	8000617c	e0051453	fclass.s	x8,f10	 f10:0x4d8a3ff2  x8=0x00000040
     294285.000 ns	     29427	80006180	842bce93	xori	x29,x23,-1982	 x23:0x00000001 x29=0xfffff843
     294315.000 ns	     29430	80006184	5802bad3	fsqrt.s	f21,f5	  f5:0xff800000 f21=0x7fc00000
     294345.000 ns	     29433	80006188	f00686d3	fmv.w.x	f13,x13	 x13:0x00000000 f13=0x00000000
     294365.000 ns	     29435	8000618c	3c59ec13	ori	x24,x19,965	 x19:0x1147fe58 x24=0x1147ffdd
     294375.000 ns	     29436	80006190	a7240d13	addi	x26,x8,-1422	  x8:0x00000040 x26=0xfffffab2
     294395.000 ns	     29438	80006194	d01f95d3	fcvt.s.wu	f11,x31	 x31:0xe13c7000 f11=0x4f613c70
     294415.000 ns	     29440	80006198	005d1b33	sll	x22,x26,x5	 x26:0x00000000  x5:0xfffffd2e x22=0xfeac8000
     294445.000 ns	     29443	8000619c	580e8953	fsqrt.s	f18,f29	 f29:0x00000000 f18=0x00000000
     294465.000 ns	     29445	800061a0	41378d33	sub	x26,x15,x19	 x15:0x00000002 x19:0x1147fe58 x26=0xeeb801aa
     294475.000 ns	     29446	800061a4	011f4ab3	xor	x21,x30,x17	 x30:0x00000000 x17:0xffff8004 x21=0xffff8004
     294835.000 ns	     29482	800061a8	031d58b3	divu	x17,x26,x17	 x26:0xfffffab2 x17:0xffff8004 x17=0x00000000
     295205.000 ns	     29519	800061ac	037adeb3	divu	x29,x21,x23	 x21:0x00000001 x23:0x00000001 x29=0xffff8004
     295225.000 ns	     29521	800061b0	41c10833	sub	x16,x2,x28	  x2:0x300b8e58 x28:0x80040fe4 x16=0xb0077e74
     295235.000 ns	     29522	800061b4	00995f33	srl	x30,x18,x9	 x18:0x00000000  x9:0x00000001 x30=0x00000000
     295255.000 ns	     29524	800061b8	e00f02d3	fmv.x.w	x5,f30	 f30:0x7fc00000  x5=0x7fc00000
     295285.000 ns	     29527	800061bc	020ce5b3	rem	x11,x25,x0	 x25:0x00000000  x0:0x00000000 x11=0x00000000
     295315.000 ns	     29530	800061c0	03e03633	mulhu	x12,x0,x30	  x0:0x00000000 x30:0x00000000 x12=0x00000000
     295365.000 ns	     29535	800061c4	000e78d3	fadd.s	f17,f28,f0	 f28:0x7f00081f  f0:0x80000000 f17=0x7f00081f
     295395.000 ns	     29538	800061c8	021bd933	divu	x18,x23,x1	 x23:0x00000001  x1:0x00000000 x18=0xffffffff
     295415.000 ns	     29540	800061cc	008b3db3	sltu	x27,x22,x8	 x22:0xfeac8000  x8:0x00000040 x27=0x00000000
     295775.000 ns	     29576	800061d0	0249d833	divu	x16,x19,x4	 x19:0x1147fe58  x4:0x1147fe58 x16=0x00000001
     296145.000 ns	     29613	800061d4	02534933	div	x18,x6,x5	  x6:0x80041024  x5:0x7fc00000 x18=0xffffffff
     296195.000 ns	     29618	800061d8	00e3fb53	fadd.s	f22,f7,f14	  f7:0xff800000 f14:0x3f800000 f22=0xff800000
     296225.000 ns	     29621	800061dc	a09d0f53	fle.s	x30,f26,f9	 f26:0x3f800000  f9:0x80000000 x30=0x00000000
     296595.000 ns	     29658	800061e0	02577d33	remu	x26,x14,x5	 x14:0xeebc0fed  x5:0x7fc00000 x26=0x6efc0fed
     296615.000 ns	     29660	800061e4	41b35c13	srai	x24,x6,0x1b	  x6:0x80041024 x24=0xfffffff0
     296625.000 ns	     29661	800061e8	016438b3	sltu	x17,x8,x22	  x8:0x00000040 x22:0xfeac8000 x17=0x00000001
     296645.000 ns	     29663	800061ec	a1d49c53	flt.s	x24,f9,f29	  f9:0x80000000 f29:0x00000000 x24=0x00000000
     296685.000 ns	     29667	800061f0	1174b153	fmul.s	f2,f9,f23	  f9:0x80000000 f23:0xff00081f  f2=0x00000000
     296715.000 ns	     29670	800061f4	f00d8253	fmv.w.x	f4,x27	 x27:0x00000000  f4=0x00000000
     296735.000 ns	     29672	800061f8	00000013	addi	x0,x0,0	  x0:0x00000000
     296755.000 ns	     29674	800061fc	d00875d3	fcvt.s.w	f11,x16	 x16:0x00000001 f11=0x3f800000
     296775.000 ns	     29676	80006200	01490fb3	add	x31,x18,x20	 x18:0xffffffff x20:0x1ced9000 x31=0x1ced8fff
     296795.000 ns	     29678	80006204	c0072c53	fcvt.w.s	x24,f14	 f14:0x3f800000 x24=0x00000001
     296835.000 ns	     29682	80006208	580bf853	fsqrt.s	f16,f23	 f23:0xff00081f f16=0x7fc00000
     296855.000 ns	     29684	8000620c	619e2493	slti	x9,x28,1561	 x28:0x80040fe4  x9=0x00000001
     296875.000 ns	     29686	80006210	025c8fb3	mul	x31,x25,x5	 x25:0x00000000  x5:0x7fc00000 x31=0x00000000
     296895.000 ns	     29688	80006214	00dfab33	slt	x22,x31,x13	 x31:0x1ced8fff x13:0x00000000 x22=0x00000000
     296915.000 ns	     29690	80006218	289781d3	fmin.s	f3,f15,f9	 f15:0x00000000  f9:0x80000000  f3=0x80000000
     296945.000 ns	     29693	8000621c	207f9f53	fsgnjn.s	f30,f31,f7	 f31:0xff800000  f7:0xff800000 f30=0x7f800000
     296975.000 ns	     29696	80006220	0322a033	mulhsu	x0,x5,x18	  x5:0x7fc00000 x18:0xffffffff
     296995.000 ns	     29698	80006224	0019d913	srli	x18,x19,0x1	 x19:0x1147fe58 x18=0x08a3ff2c
     297035.000 ns	     29702	80006228	01760953	fadd.s	f18,f12,f23	 f12:0x00000000 f23:0xff00081f f18=0xff00081f
     297065.000 ns	     29705	8000622c	f00109d3	fmv.w.x	f19,x2	  x2:0x300b8e58 f19=0x300b8e58
     297085.000 ns	     29707	80006230	01f16533	or	x10,x2,x31	  x2:0x300b8e58 x31:0x00000000 x10=0x300b8e58
     297105.000 ns	     29709	80006234	d01e9853	fcvt.s.wu	f16,x29	 x29:0xffff8004 f16=0x4f7fff80
     297125.000 ns	     29711	80006238	01375513	srli	x10,x14,0x13	 x14:0xeebc0fed x10=0x00001dd7
     297135.000 ns	     29712	8000623c	01e87f33	and	x30,x16,x30	 x16:0x00000001 x30:0x00000000 x30=0x00000000
     297155.000 ns	     29714	80006240	21dfa053	fsgnjx.s	f0,f31,f29	 f31:0xff800000 f29:0x00000000  f0=0xff800000
     297175.000 ns	     29716	80006244	009293b3	sll	x7,x5,x9	  x5:0x7fc00000  x9:0x00000001  x7=0xff800000
     297195.000 ns	     29718	80006248	035f9533	mulh	x10,x31,x21	 x31:0x00000000 x21:0xffff8004 x10=0x00000000
     297245.000 ns	     29723	8000624c	0055cbd3	fadd.s	f23,f11,f5	 f11:0x3f800000  f5:0xff800000 f23=0xff800000
     297265.000 ns	     29725	80006250	e07d6437	lui	x8,0xe07d6	  x8=0xe07d6000
     297625.000 ns	     29761	80006254	03185733	divu	x14,x16,x17	 x16:0x00000001 x17:0x00000001 x14=0x00000001
     297655.000 ns	     29764	80006258	0335a833	mulhsu	x16,x11,x19	 x11:0x00000000 x19:0x1147fe58 x16=0x00000000
     297675.000 ns	     29766	8000625c	3f17e993	ori	x19,x15,1009	 x15:0x00000002 x19=0x000003f3
     297685.000 ns	     29767	80006260	00000013	addi	x0,x0,0	  x0:0x00000000
     297695.000 ns	     29768	80006264	9f632213	slti	x4,x6,-1546	  x6:0x80041024  x4=0x00000001
     297715.000 ns	     29770	80006268	a0d202d3	fle.s	x5,f4,f13	  f4:0x00000000 f13:0x00000000  x5=0x00000001
     297735.000 ns	     29772	8000626c	c2633c93	sltiu	x25,x6,-986	  x6:0x80041024 x25=0x00000001
     297765.000 ns	     29775	80006270	5807f253	fsqrt.s	f4,f15	 f15:0x00000000  f4=0x00000000
     297785.000 ns	     29777	80006274	00029f93	slli	x31,x5,0x0	  x5:0x00000001 x31=0x00000001
     297805.000 ns	     29779	80006278	03f7bf33	mulhu	x30,x15,x31	 x15:0x00000002 x31:0x00000000 x30=0x00000000
     297835.000 ns	     29782	8000627c	024193b3	mulh	x7,x3,x4	  x3:0x887b50f8  x4:0x00000001  x7=0xffffffff
     297855.000 ns	     29784	80006280	00221813	slli	x16,x4,0x2	  x4:0x00000001 x16=0x00000004
     297875.000 ns	     29786	80006284	a17d2953	feq.s	x18,f26,f23	 f26:0x3f800000 f23:0xff800000 x18=0x00000000
     297905.000 ns	     29789	80006288	e00f8f53	fmv.x.w	x30,f31	 f31:0xff800000 x30=0xff800000
     297935.000 ns	     29792	8000628c	03133633	mulhu	x12,x6,x17	  x6:0x80041024 x17:0x00000001 x12=0x00000000
     297975.000 ns	     29796	80006290	11c6fed3	fmul.s	f29,f13,f28	 f13:0x00000000 f28:0x7f00081f f29=0x00000000
     298025.000 ns	     29801	80006294	00da9253	fadd.s	f4,f21,f13	 f21:0x7fc00000 f13:0x00000000  f4=0x7fc00000
     298045.000 ns	     29803	80006298	00477833	and	x16,x14,x4	 x14:0x00000001  x4:0x00000001 x16=0x00000001
     298055.000 ns	     29804	8000629c	0ac70097	auipc	x1,0xac70	  x1=0x8ac7629c
     298065.000 ns	     29805	800062a0	891da613	slti	x12,x27,-1903	 x27:0x00000000 x12=0x00000000
     298075.000 ns	     29806	800062a4	01219d13	slli	x26,x3,0x12	  x3:0x887b50f8 x26=0x43e00000
     298095.000 ns	     29808	800062a8	28cd06d3	fmin.s	f13,f26,f12	 f26:0x3f800000 f12:0x00000000 f13=0x00000000
     298125.000 ns	     29811	800062ac	287f0253	fmin.s	f4,f30,f7	 f30:0x7f800000  f7:0xff800000  f4=0xff800000
     298155.000 ns	     29814	800062b0	28831d53	fmax.s	f26,f6,f8	  f6:0x80000000  f8:0x7fc00000 f26=0x80000000
     298175.000 ns	     29816	800062b4	01b38f33	add	x30,x7,x27	  x7:0xffffffff x27:0x00000000 x30=0xffffffff
     298195.000 ns	     29818	800062b8	a0ac0653	fle.s	x12,f24,f10	 f24:0xff00081f f10:0x4d8a3ff2 x12=0x00000001
     298215.000 ns	     29820	800062bc	40d95633	sra	x12,x18,x13	 x18:0x00000000 x13:0x00000000 x12=0x00000000
     298245.000 ns	     29823	800062c0	102f3c53	fmul.s	f24,f30,f2	 f30:0x7f800000  f2:0x00000000 f24=0x7fc00000
     298275.000 ns	     29826	800062c4	022d19b3	mulh	x19,x26,x2	 x26:0x43e00000  x2:0x300b8e58 x19=0x0cbd105d
     298295.000 ns	     29828	800062c8	8e3cf113	andi	x2,x25,-1821	 x25:0x00000001  x2=0x00000001
     298305.000 ns	     29829	800062cc	c2183213	sltiu	x4,x16,-991	 x16:0x00000001  x4=0x00000001
     298325.000 ns	     29831	800062d0	c009fd53	fcvt.w.s	x26,f19	 f19:0x300b8e58 x26=0x00000000
     298345.000 ns	     29833	800062d4	007c8833	add	x16,x25,x7	 x25:0x00000001  x7:0xffffffff x16=0x00000000
     298365.000 ns	     29835	800062d8	294803d3	fmin.s	f7,f16,f20	 f16:0x4f7fff80 f20:0x7fc00000  f7=0x4f7fff80
     298415.000 ns	     29840	800062dc	092b7dd3	fsub.s	f27,f22,f18	 f22:0xff800000 f18:0xff00081f f27=0xff800000
     298435.000 ns	     29842	800062e0	7830b493	sltiu	x9,x1,1923	  x1:0x8ac7629c  x9=0x00000000
     298455.000 ns	     29844	800062e4	e0021d53	fclass.s	x26,f4	  f4:0xff800000 x26=0x00000001
     298485.000 ns	     29847	800062e8	a00d9cd3	flt.s	x25,f27,f0	 f27:0xff800000  f0:0xff800000 x25=0x00000000
     298505.000 ns	     29849	800062ec	0007b933	sltu	x18,x15,x0	 x15:0x00000002  x0:0x00000000 x18=0x00000000
     298515.000 ns	     29850	800062f0	00f61cb3	sll	x25,x12,x15	 x12:0x00000000 x15:0x00000002 x25=0x00000000
     298535.000 ns	     29852	800062f4	29d00953	fmin.s	f18,f0,f29	  f0:0xff800000 f29:0x00000000 f18=0xff800000
     298565.000 ns	     29855	800062f8	e0031f53	fclass.s	x30,f6	  f6:0x80000000 x30=0x00000008
     298585.000 ns	     29857	800062fc	41c3d813	srai	x16,x7,0x1c	  x7:0xffffffff x16=0xffffffff
     298595.000 ns	     29858	80006300	014493b3	sll	x7,x9,x20	  x9:0x00000000 x20:0x1ced9000  x7=0x00000000
     298625.000 ns	     29861	80006304	5800f453	fsqrt.s	f8,f1	  f1:0x7fc00000  f8=0x7fc00000
     298645.000 ns	     29863	80006308	00529a93	slli	x21,x5,0x5	  x5:0x00000001 x21=0x00000020
     298655.000 ns	     29864	8000630c	54a3c693	xori	x13,x7,1354	  x7:0x00000000 x13=0x0000054a
     298665.000 ns	     29865	80006310	00e0b033	sltu	x0,x1,x14	  x1:0x8ac7629c x14:0x00000001
     298705.000 ns	     29869	80006314	08397553	fsub.s	f10,f18,f3	 f18:0xff800000  f3:0x80000000 f10=0xff800000
     298735.000 ns	     29872	80006318	026ab4b3	mulhu	x9,x21,x6	 x21:0x00000020  x6:0x80041024  x9=0x00000010
     298765.000 ns	     29875	8000631c	e0010a53	fmv.x.w	x20,f2	  f2:0x00000000 x20=0x00000000
     298795.000 ns	     29878	80006320	e00a0853	fmv.x.w	x16,f20	 f20:0x7fc00000 x16=0x7fc00000
     298815.000 ns	     29880	80006324	00ef1713	slli	x14,x30,0xe	 x30:0x00000008 x14=0x00020000
     298835.000 ns	     29882	80006328	03965cb3	divu	x25,x12,x25	 x12:0x00000000 x25:0x00000000 x25=0xffffffff
     298855.000 ns	     29884	8000632c	008d5d13	srli	x26,x26,0x8	 x26:0x00000001 x26=0x00000000
     298865.000 ns	     29885	80006330	0117a733	slt	x14,x15,x17	 x15:0x00000002 x17:0x00000001 x14=0x00000000
     299225.000 ns	     29921	80006334	021ddbb3	divu	x23,x27,x1	 x27:0x00000000  x1:0x8ac7629c x23=0x00000000
     299245.000 ns	     29923	80006338	c4597897	auipc	x17,0xc4597	 x17=0x4459d338
     299275.000 ns	     29926	8000633c	10637c53	fmul.s	f24,f6,f6	  f6:0x80000000  f6:0x80000000 f24=0x00000000
     299295.000 ns	     29928	80006340	007f3eb3	sltu	x29,x30,x7	 x30:0x00000008  x7:0x00000000 x29=0x00000000
     299305.000 ns	     29929	80006344	00e1cdb3	xor	x27,x3,x14	  x3:0x887b50f8 x14:0x00000000 x27=0x887b50f8
     299325.000 ns	     29931	80006348	a04faf53	feq.s	x30,f31,f4	 f31:0xff800000  f4:0xff800000 x30=0x00000001
     299355.000 ns	     29934	8000634c	20c98c53	fsgnj.s	f24,f19,f12	 f19:0x300b8e58 f12:0x00000000 f24=0x300b8e58
     299375.000 ns	     29936	80006350	00a95493	srli	x9,x18,0xa	 x18:0x00000000  x9=0x00000000
     299395.000 ns	     29938	80006354	03e1bbb3	mulhu	x23,x3,x30	  x3:0x887b50f8 x30:0x00000001 x23=0x00000000
     299415.000 ns	     29940	80006358	05793e93	sltiu	x29,x18,87	 x18:0x00000000 x29=0x00000001
     299435.000 ns	     29942	8000635c	a14d2753	feq.s	x14,f26,f20	 f26:0x80000000 f20:0x7fc00000 x14=0x00000000
     299475.000 ns	     29946	80006360	10ec7e53	fmul.s	f28,f24,f14	 f24:0x300b8e58 f14:0x3f800000 f28=0x300b8e58
     299495.000 ns	     29948	80006364	004754b3	srl	x9,x14,x4	 x14:0x00000000  x4:0x00000001  x9=0x00000000
     299515.000 ns	     29950	80006368	20e428d3	fsgnjx.s	f17,f8,f14	  f8:0x7fc00000 f14:0x3f800000 f17=0x7fc00000
     299555.000 ns	     29954	8000636c	10e57553	fmul.s	f10,f10,f14	 f10:0xff800000 f14:0x3f800000 f10=0xff800000
     299575.000 ns	     29956	80006370	0055f6b3	and	x13,x11,x5	 x11:0x00000000  x5:0x00000001 x13=0x00000000
     299595.000 ns	     29958	80006374	21bbae53	fsgnjx.s	f28,f23,f27	 f23:0xff800000 f27:0xff800000 f28=0x7f800000
     299625.000 ns	     29961	80006378	033aaab3	mulhsu	x21,x21,x19	 x21:0x00000020 x19:0x0cbd105d x21=0x00000001
     299645.000 ns	     29963	8000637c	01c12233	slt	x4,x2,x28	  x2:0x00000001 x28:0x80040fe4  x4=0x00000000
     299665.000 ns	     29965	80006380	d0067553	fcvt.s.w	f10,x12	 x12:0x00000000 f10=0x00000000
     299685.000 ns	     29967	80006384	4e878893	addi	x17,x15,1256	 x15:0x00000002 x17=0x000004ea
     299705.000 ns	     29969	80006388	020e4533	div	x10,x28,x0	 x28:0x80040fe4  x0:0x00000000 x10=0xffffffff
     299735.000 ns	     29972	8000638c	e00a0853	fmv.x.w	x16,f20	 f20:0x7fc00000 x16=0x7fc00000
     299755.000 ns	     29974	80006390	d8cdbd13	sltiu	x26,x27,-628	 x27:0x887b50f8 x26=0x00000001
     299765.000 ns	     29975	80006394	01a74cb3	xor	x25,x14,x26	 x14:0x00000000 x26:0x00000000 x25=0x00000001
     299775.000 ns	     29976	80006398	00000013	addi	x0,x0,0	  x0:0x00000000
     299785.000 ns	     29977	8000639c	6a0c2213	slti	x4,x24,1696	 x24:0x00000001  x4=0x00000001
     299805.000 ns	     29979	800063a0	2128add3	fsgnjx.s	f27,f17,f18	 f17:0x7fc00000 f18:0xff800000 f27=0xffc00000
     299835.000 ns	     29982	800063a4	03b3a6b3	mulhsu	x13,x7,x27	  x7:0x00000000 x27:0x887b50f8 x13=0x00000000
     299865.000 ns	     29985	800063a8	e0040b53	fmv.x.w	x22,f8	  f8:0x7fc00000 x22=0x7fc00000
     299905.000 ns	     29989	800063ac	10a7a853	fmul.s	f16,f15,f10	 f15:0x00000000 f10:0x00000000 f16=0x00000000
     299925.000 ns	     29991	800063b0	a1101197	auipc	x3,0xa1101	  x3=0x211073b0
     299945.000 ns	     29993	800063b4	f0038553	fmv.w.x	f10,x7	  x7:0x00000000 f10=0x00000000
     299975.000 ns	     29996	800063b8	29b31453	fmax.s	f8,f6,f27	  f6:0x80000000 f27:0xffc00000  f8=0x80000000
     299995.000 ns	     29998	800063bc	00c5f133	and	x2,x11,x12	 x11:0x00000000 x12:0x00000000  x2=0x00000000
     300015.000 ns	     30000	800063c0	0208d8b3	divu	x17,x17,x0	 x17:0x000004ea  x0:0x00000000 x17=0xffffffff
     300035.000 ns	     30002	800063c4	00efcab3	xor	x21,x31,x14	 x31:0x00000001 x14:0x00000000 x21=0x00000001
     300055.000 ns	     30004	800063c8	e0081753	fclass.s	x14,f16	 f16:0x00000000 x14=0x00000010
     300075.000 ns	     30006	800063cc	01a853b3	srl	x7,x16,x26	 x16:0x7fc00000 x26:0x00000001  x7=0x3fe00000
     300085.000 ns	     30007	800063d0	00477fb3	and	x31,x14,x4	 x14:0x00000010  x4:0x00000001 x31=0x00000000
     300095.000 ns	     30008	800063d4	014702b3	add	x5,x14,x20	 x14:0x00000010 x20:0x00000000  x5=0x00000010
     300105.000 ns	     30009	800063d8	00c7e5b3	or	x11,x15,x12	 x15:0x00000002 x12:0x00000000 x11=0x00000002
     300115.000 ns	     30010	800063dc	41d2d013	srai	x0,x5,0x1d	  x5:0x00000001
     300125.000 ns	     30011	800063e0	40cd03b3	sub	x7,x26,x12	 x26:0x00000001 x12:0x00000000  x7=0x00000001
     300135.000 ns	     30012	800063e4	0199fab3	and	x21,x19,x25	 x19:0x0cbd105d x25:0x00000001 x21=0x00000001
     300155.000 ns	     30014	800063e8	03c20eb3	mul	x29,x4,x28	  x4:0x00000001 x28:0x80040fe4 x29=0x80040fe4
     300185.000 ns	     30017	800063ec	e0098753	fmv.x.w	x14,f19	 f19:0x300b8e58 x14=0x300b8e58
     300215.000 ns	     30020	800063f0	03edb9b3	mulhu	x19,x27,x30	 x27:0x887b50f8 x30:0x00000001 x19=0x00000000
     300255.000 ns	     30024	800063f4	580e4d53	fsqrt.s	f26,f28	 f28:0x7f800000 f26=0x7f800000
     300305.000 ns	     30029	800063f8	08ef77d3	fsub.s	f15,f30,f14	 f30:0x7f800000 f14:0x3f800000 f15=0x7f800000
     300335.000 ns	     30032	800063fc	d0147153	fcvt.s.wu	f2,x8	  x8:0xe07d6000  f2=0x4f607d60
     300365.000 ns	     30035	80006400	20159b53	fsgnjn.s	f22,f11,f1	 f11:0x3f800000  f1:0x7fc00000 f22=0xbf800000
     300415.000 ns	     30040	80006404	09d41ed3	fsub.s	f29,f8,f29	  f8:0x80000000 f29:0x00000000 f29=0x80000000
     300435.000 ns	     30042	80006408	322a5937	lui	x18,0x322a5	 x18=0x322a5000
     300445.000 ns	     30043	8000640c	005dd0b3	srl	x1,x27,x5	 x27:0x887b50f8  x5:0x00000010  x1=0x0000887b
     300465.000 ns	     30045	80006410	21fa25d3	fsgnjx.s	f11,f20,f31	 f20:0x7fc00000 f31:0xff800000 f11=0xffc00000
     300485.000 ns	     30047	80006414	000aca33	xor	x20,x21,x0	 x21:0x00000001  x0:0x00000000 x20=0x00000001
     300505.000 ns	     30049	80006418	28dd9753	fmax.s	f14,f27,f13	 f27:0xffc00000 f13:0x00000000 f14=0x00000000
     300525.000 ns	     30051	8000641c	a8c6aa93	slti	x21,x13,-1396	 x13:0x00000000 x21=0x00000000
     300535.000 ns	     30052	80006420	00511733	sll	x14,x2,x5	  x2:0x00000000  x5:0x00000010 x14=0x00000000
     300575.000 ns	     30056	80006424	0008fa53	fadd.s	f20,f17,f0	 f17:0x7fc00000  f0:0xff800000 f20=0x7fc00000
     300595.000 ns	     30058	80006428	018d53b3	srl	x7,x26,x24	 x26:0x00000001 x24:0x00000001  x7=0x00000000
     300955.000 ns	     30094	8000642c	03c0d133	divu	x2,x1,x28	  x1:0x0000887b x28:0x80040fe4  x2=0x00000000
     300975.000 ns	     30096	80006430	175c4bb7	lui	x23,0x175c4	 x23=0x175c4000
     300985.000 ns	     30097	80006434	00000013	addi	x0,x0,0	  x0:0x00000000
     300995.000 ns	     30098	80006438	4ec98893	addi	x17,x19,1260	 x19:0x00000000 x17=0x000004ec
     301015.000 ns	     30100	8000643c	026411b3	mulh	x3,x8,x6	  x8:0xe07d6000  x6:0x80041024  x3=0x0fc0cff8
     301385.000 ns	     30137	80006440	02b0ecb3	rem	x25,x1,x11	  x1:0x0000887b x11:0x00000002 x25=0x00000001
     301405.000 ns	     30139	80006444	0193d4b3	srl	x9,x7,x25	  x7:0x00000000 x25:0x00000001  x9=0x00000000
     301425.000 ns	     30141	80006448	a1352cd3	feq.s	x25,f10,f19	 f10:0x00000000 f19:0x300b8e58 x25=0x00000000
     301455.000 ns	     30144	8000644c	e0078853	fmv.x.w	x16,f15	 f15:0x7f800000 x16=0x7f800000
     301485.000 ns	     30147	80006450	a1a3a053	feq.s	x0,f7,f26	  f7:0x4f7fff80 f26:0x7f800000
     301515.000 ns	     30150	80006454	c010ffd3	fcvt.wu.s	x31,f1	  f1:0x7fc00000 x31=0xffffffff
     301565.000 ns	     30155	80006458	0030f353	fadd.s	f6,f1,f3	  f1:0x7fc00000  f3:0x80000000  f6=0x7fc00000
     301595.000 ns	     30158	8000645c	f00105d3	fmv.w.x	f11,x2	  x2:0x00000000 f11=0x00000000
     301635.000 ns	     30162	80006460	580bc5d3	fsqrt.s	f11,f23	 f23:0xff800000 f11=0x7fc00000
     301665.000 ns	     30165	80006464	020baeb3	mulhsu	x29,x23,x0	 x23:0x175c4000  x0:0x00000000 x29=0x00000000
     301685.000 ns	     30167	80006468	004c96b3	sll	x13,x25,x4	 x25:0x00000000  x4:0x00000001 x13=0x00000000
     301695.000 ns	     30168	8000646c	40715ab3	sra	x21,x2,x7	  x2:0x00000000  x7:0x00000000 x21=0x00000000
     301705.000 ns	     30169	80006470	012851b3	srl	x3,x16,x18	 x16:0x7f800000 x18:0x322a5000  x3=0x7f800000
     301725.000 ns	     30171	80006474	033f38b3	mulhu	x17,x30,x19	 x30:0x00000001 x19:0x00000000 x17=0x00000000
     301755.000 ns	     30174	80006478	a01102d3	fle.s	x5,f2,f1	  f2:0x4f607d60  f1:0x7fc00000  x5=0x00000000
     301775.000 ns	     30176	8000647c	00e14f13	xori	x30,x2,14	  x2:0x00000000 x30=0x0000000e
     301785.000 ns	     30177	80006480	00149293	slli	x5,x9,0x1	  x9:0x00000000  x5=0x00000000
     301805.000 ns	     30179	80006484	20a020d3	fsgnjx.s	f1,f0,f10	  f0:0xff800000 f10:0x00000000  f1=0xff800000
     301825.000 ns	     30181	80006488	00883c33	sltu	x24,x16,x8	 x16:0x7f800000  x8:0xe07d6000 x24=0x00000001
     301855.000 ns	     30184	8000648c	110476d3	fmul.s	f13,f8,f16	  f8:0x80000000 f16:0x00000000 f13=0x80000000
     301885.000 ns	     30187	80006490	28949353	fmax.s	f6,f9,f9	  f9:0x80000000  f9:0x80000000  f6=0x80000000
     301905.000 ns	     30189	80006494	40125133	sra	x2,x4,x1	  x4:0x00000001  x1:0x0000887b  x2=0x00000000
     301915.000 ns	     30190	80006498	00fdceb3	xor	x29,x27,x15	 x27:0x887b50f8 x15:0x00000002 x29=0x887b50fa
     301925.000 ns	     30191	8000649c	00ce5413	srli	x8,x28,0xc	 x28:0x80040fe4  x8=0x00080040
     301935.000 ns	     30192	800064a0	01b55413	srli	x8,x10,0x1b	 x10:0xffffffff  x8=0x0000001f
     301955.000 ns	     30194	800064a4	02efeb33	rem	x22,x31,x14	 x31:0xffffffff x14:0x00000000 x22=0xffffffff
     302005.000 ns	     30199	800064a8	09517c53	fsub.s	f24,f2,f21	  f2:0x4f607d60 f21:0x7fc00000 f24=0x7fc00000
     302025.000 ns	     30201	800064ac	01eda2b3	slt	x5,x27,x30	 x27:0x887b50f8 x30:0x0000000e  x5=0x00000001
     302035.000 ns	     30202	800064b0	01b51393	slli	x7,x10,0x1b	 x10:0xffffffff  x7=0xf8000000
     302055.000 ns	     30204	800064b4	f00384d3	fmv.w.x	f9,x7	  x7:0x00000000  f9=0xf8000000
     302085.000 ns	     30207	800064b8	c0030153	fcvt.w.s	x2,f6	  f6:0x80000000  x2=0x00000000
     302115.000 ns	     30210	800064bc	03ec99b3	mulh	x19,x25,x30	 x25:0x00000000 x30:0x0000000e x19=0x00000000
     302485.000 ns	     30247	800064c0	030079b3	remu	x19,x0,x16	  x0:0x00000000 x16:0x7f800000 x19=0x00000000
     302515.000 ns	     30250	800064c4	a0389ad3	flt.s	x21,f17,f3	 f17:0x7fc00000  f3:0x80000000 x21=0x00000000
     302535.000 ns	     30252	800064c8	6cd4c193	xori	x3,x9,1741	  x9:0x00000000  x3=0x000006cd
     302555.000 ns	     30254	800064cc	20ed26d3	fsgnjx.s	f13,f26,f14	 f26:0x7f800000 f14:0x00000000 f13=0x7f800000
     302605.000 ns	     30259	800064d0	085694d3	fsub.s	f9,f13,f5	 f13:0x80000000  f5:0xff800000  f9=0x00000000
     302625.000 ns	     30261	800064d4	019dffb3	and	x31,x27,x25	 x27:0x887b50f8 x25:0x00000000 x31=0x00000000
     302645.000 ns	     30263	800064d8	e00a96d3	fclass.s	x13,f21	 f21:0x7fc00000 x13=0x00000200
     302665.000 ns	     30265	800064dc	415101b3	sub	x3,x2,x21	  x2:0x00000000 x21:0x00000000  x3=0x00000000
     302675.000 ns	     30266	800064e0	00000013	addi	x0,x0,0	  x0:0x00000000
     302695.000 ns	     30268	800064e4	030a8633	mul	x12,x21,x16	 x21:0x00000000 x16:0x7f800000 x12=0x00000000
     302735.000 ns	     30272	800064e8	580b7453	fsqrt.s	f8,f22	 f22:0xbf800000  f8=0x7fc00000
     302765.000 ns	     30275	800064ec	e0079b53	fclass.s	x22,f15	 f15:0x7f800000 x22=0x00000080
     302785.000 ns	     30277	800064f0	1fdee493	ori	x9,x29,509	 x29:0x887b50fa  x9=0x887b51ff
     302795.000 ns	     30278	800064f4	44896ab7	lui	x21,0x44896	 x21=0x44896000
     302805.000 ns	     30279	800064f8	01d5f6b3	and	x13,x11,x29	 x11:0x00000002 x29:0x887b50fa x13=0x00000002
     302815.000 ns	     30280	800064fc	20db5b97	auipc	x23,0x20db5	 x23=0xa0dbb4fc
     302825.000 ns	     30281	80006500	017b9693	slli	x13,x23,0x17	 x23:0x175c4000 x13=0x7e000000
     302835.000 ns	     30282	80006504	00000013	addi	x0,x0,0	  x0:0x00000000
     302855.000 ns	     30284	80006508	e0038c53	fmv.x.w	x24,f7	  f7:0x4f7fff80 x24=0x4f7fff80
     302885.000 ns	     30287	8000650c	d0167a53	fcvt.s.wu	f20,x12	 x12:0x00000000 f20=0x00000000
     302905.000 ns	     30289	80006510	01a0d8b3	srl	x17,x1,x26	  x1:0x0000887b x26:0x00000001 x17=0x0000443d
     302945.000 ns	     30293	80006514	007b7f53	fadd.s	f30,f22,f7	 f22:0xbf800000  f7:0x4f7fff80 f30=0x4f7fff7f
     302965.000 ns	     30295	80006518	01b066b3	or	x13,x0,x27	  x0:0x00000000 x27:0x887b50f8 x13=0x887b50f8
     302995.000 ns	     30298	8000651c	580ec0d3	fsqrt.s	f1,f29	 f29:0x80000000  f1=0x80000000
     303015.000 ns	     30300	80006520	017adfb3	srl	x31,x21,x23	 x21:0x44896000 x23:0xa0dbb4fc x31=0x00000004
     303035.000 ns	     30302	80006524	21031e53	fsgnjn.s	f28,f6,f16	  f6:0x80000000 f16:0x00000000 f28=0x80000000
     303065.000 ns	     30305	80006528	02e17cb3	remu	x25,x2,x14	  x2:0x00000000 x14:0x00000000 x25=0x00000000
     303085.000 ns	     30307	8000652c	41bdd733	sra	x14,x27,x27	 x27:0x887b50f8 x27:0x887b50f8 x14=0xffffff88
     303105.000 ns	     30309	80006530	e0099cd3	fclass.s	x25,f19	 f19:0x300b8e58 x25=0x00000040
     303135.000 ns	     30312	80006534	e00a9153	fclass.s	x2,f21	 f21:0x7fc00000  x2=0x00000200
     303165.000 ns	     30315	80006538	02109db3	mulh	x27,x1,x1	  x1:0x0000887b  x1:0x0000887b x27=0x00000000
     303185.000 ns	     30317	8000653c	01d3d1b3	srl	x3,x7,x29	  x7:0xf8000000 x29:0x887b50fa  x3=0x0000003e
     303195.000 ns	     30318	80006540	00933b33	sltu	x22,x6,x9	  x6:0x80041024  x9:0x887b51ff x22=0x00000001
     303205.000 ns	     30319	80006544	01cf3b33	sltu	x22,x30,x28	 x30:0x0000000e x28:0x80040fe4 x22=0x00000001
     303245.000 ns	     30323	80006548	006e30d3	fadd.s	f1,f28,f6	 f28:0x80000000  f6:0x80000000  f1=0x80000000
     303295.000 ns	     30328	8000654c	01527253	fadd.s	f4,f4,f21	  f4:0xff800000 f21:0x7fc00000  f4=0x7fc00000
     303315.000 ns	     30330	80006550	0e2a2697	auipc	x13,0xe2a2	 x13=0x8e2a8550
     303325.000 ns	     30331	80006554	01752db3	slt	x27,x10,x23	 x10:0xffffffff x23:0xa0dbb4fc x27=0x00000000
     303335.000 ns	     30332	80006558	544ec093	xori	x1,x29,1348	 x29:0x887b50fa  x1=0x887b55be
     303355.000 ns	     30334	8000655c	206f2c53	fsgnjx.s	f24,f30,f6	 f30:0x4f7fff7f  f6:0x80000000 f24=0xcf7fff7f
     303375.000 ns	     30336	80006560	00ba0ab3	add	x21,x20,x11	 x20:0x00000001 x11:0x00000002 x21=0x00000003
     303395.000 ns	     30338	80006564	d00c29d3	fcvt.s.w	f19,x24	 x24:0x4f7fff80 f19=0x4e9effff
     303445.000 ns	     30343	80006568	01540053	fadd.s	f0,f8,f21	  f8:0x7fc00000 f21:0x7fc00000  f0=0x7fc00000
     303815.000 ns	     30380	8000656c	03017233	remu	x4,x2,x16	  x2:0x00000200 x16:0x7f800000  x4=0x00000200
     304185.000 ns	     30417	80006570	0289e6b3	rem	x13,x19,x8	 x19:0x00000000  x8:0x0000001f x13=0x00000000
     304215.000 ns	     30420	80006574	a0d912d3	flt.s	x5,f18,f13	 f18:0xff800000 f13:0x7f800000  x5=0x00000001
     304245.000 ns	     30423	80006578	d00f1753	fcvt.s.w	f14,x30	 x30:0x0000000e f14=0x41600000
     304275.000 ns	     30426	8000657c	e0040bd3	fmv.x.w	x23,f8	  f8:0x7fc00000 x23=0x7fc00000
     304295.000 ns	     30428	80006580	c462a893	slti	x17,x5,-954	  x5:0x00000001 x17=0x00000000
     304335.000 ns	     30432	80006584	010474d3	fadd.s	f9,f8,f16	  f8:0x7fc00000 f16:0x00000000  f9=0x7fc00000
     304365.000 ns	     30435	80006588	03319933	mulh	x18,x3,x19	  x3:0x0000003e x19:0x00000000 x18=0x00000000
     304385.000 ns	     30437	8000658c	4043dfb3	sra	x31,x7,x4	  x7:0xf8000000  x4:0x00000200 x31=0xf8000000
     304405.000 ns	     30439	80006590	02daeab3	rem	x21,x21,x13	 x21:0x00000003 x13:0x00000000 x21=0x00000003
     304445.000 ns	     30443	80006594	18307253	fdiv.s	f4,f0,f3	  f0:0x7fc00000  f3:0x80000000  f4=0x7fc00000
     304465.000 ns	     30445	80006598	65f80413	addi	x8,x16,1631	 x16:0x7f800000  x8=0x7f80065f
     304475.000 ns	     30446	8000659c	98a6bf17	auipc	x30,0x98a6b	 x30=0x18a7159c
     304495.000 ns	     30448	800065a0	a0db0153	fle.s	x2,f22,f13	 f22:0xbf800000 f13:0x7f800000  x2=0x00000001
     304515.000 ns	     30450	800065a4	0069ac33	slt	x24,x19,x6	 x19:0x00000000  x6:0x80041024 x24=0x00000000
     304525.000 ns	     30451	800065a8	012706b3	add	x13,x14,x18	 x14:0xffffff88 x18:0x00000000 x13=0xffffff88
     304535.000 ns	     30452	800065ac	01ec28b3	slt	x17,x24,x30	 x24:0x4f7fff80 x30:0x18a7159c x17=0x00000001
     304545.000 ns	     30453	800065b0	01ab3113	sltiu	x2,x22,26	 x22:0x00000001  x2=0x00000001
     304555.000 ns	     30454	800065b4	40458933	sub	x18,x11,x4	 x11:0x00000002  x4:0x00000200 x18=0xfffffe02
     304575.000 ns	     30456	800065b8	024ebbb3	mulhu	x23,x29,x4	 x29:0x887b50fa  x4:0x00000200 x23=0x00000110
     304605.000 ns	     30459	800065bc	21792853	fsgnjx.s	f16,f18,f23	 f18:0xff800000 f23:0xff800000 f16=0x7f800000
     304645.000 ns	     30463	800065c0	10277753	fmul.s	f14,f14,f2	 f14:0x41600000  f2:0x4f607d60 f14=0x51446db4
     304665.000 ns	     30465	800065c4	581db493	sltiu	x9,x27,1409	 x27:0x00000000  x9=0x00000001
     304675.000 ns	     30466	800065c8	0106da33	srl	x20,x13,x16	 x13:0xffffff88 x16:0x7f800000 x20=0xffffff88
     304685.000 ns	     30467	800065cc	40828d33	sub	x26,x5,x8	  x5:0x00000001  x8:0x7f80065f x26=0x807ff9a2
     304715.000 ns	     30470	800065d0	18dc7fd3	fdiv.s	f31,f24,f13	 f24:0xcf7fff7f f13:0x7f800000 f31=0x80000000
     304735.000 ns	     30472	800065d4	00000013	addi	x0,x0,0	  x0:0x00000000
     304755.000 ns	     30474	800065d8	03b366b3	rem	x13,x6,x27	  x6:0x80041024 x27:0x00000000 x13=0x80041024
     304775.000 ns	     30476	800065dc	015965b3	or	x11,x18,x21	 x18:0xfffffe02 x21:0x00000003 x11=0xfffffe03
     304785.000 ns	     30477	800065e0	003ddfb3	srl	x31,x27,x3	 x27:0x00000000  x3:0x0000003e x31=0x00000000
     304795.000 ns	     30478	800065e4	00000013	addi	x0,x0,0	  x0:0x00000000
     304815.000 ns	     30480	800065e8	e00605d3	fmv.x.w	x11,f12	 f12:0x00000000 x11=0x00000000
     304835.000 ns	     30482	800065ec	00760233	add	x4,x12,x7	 x12:0x00000000  x7:0xf8000000  x4=0xf8000000
     304845.000 ns	     30483	800065f0	00abd613	srli	x12,x23,0xa	 x23:0x00000110 x12=0x00000000
     304855.000 ns	     30484	800065f4	01943f33	sltu	x30,x8,x25	  x8:0x7f80065f x25:0x00000040 x30=0x00000000
     304875.000 ns	     30486	800065f8	21f6a1d3	fsgnjx.s	f3,f13,f31	 f13:0x7f800000 f31:0x80000000  f3=0xff800000
     304895.000 ns	     30488	800065fc	41e3d593	srai	x11,x7,0x1e	  x7:0xf8000000 x11=0xffffffff
     304915.000 ns	     30490	80006600	03488933	mul	x18,x17,x20	 x17:0x00000001 x20:0xffffff88 x18=0xffffff88
     304935.000 ns	     30492	80006604	00f49733	sll	x14,x9,x15	  x9:0x00000001 x15:0x00000002 x14=0x00000004
     304955.000 ns	     30494	80006608	d0087853	fcvt.s.w	f16,x16	 x16:0x7f800000 f16=0x4eff0000
     304985.000 ns	     30497	8000660c	a1caafd3	feq.s	x31,f21,f28	 f21:0x7fc00000 f28:0x80000000 x31=0x00000000
     305005.000 ns	     30499	80006610	01657cb3	and	x25,x10,x22	 x10:0xffffffff x22:0x00000001 x25=0x00000001
     305365.000 ns	     30535	80006614	023ad8b3	divu	x17,x21,x3	 x21:0x00000003  x3:0x0000003e x17=0x00000000
     305385.000 ns	     30537	80006618	00c44bb3	xor	x23,x8,x12	  x8:0x7f80065f x12:0x00000000 x23=0x7f80065f
     305395.000 ns	     30538	8000661c	375c7c13	andi	x24,x24,885	 x24:0x00000000 x24=0x00000000
     305755.000 ns	     30574	80006620	037f41b3	div	x3,x30,x23	 x30:0x00000000 x23:0x00000110  x3=0x00000000
     305775.000 ns	     30576	80006624	845306b7	lui	x13,0x84530	 x13=0x84530000
     305795.000 ns	     30578	80006628	02678db3	mul	x27,x15,x6	 x15:0x00000002  x6:0x80041024 x27=0x00082048
     305825.000 ns	     30581	8000662c	a1d681d3	fle.s	x3,f13,f29	 f13:0x7f800000 f29:0x80000000  x3=0x00000000
     305865.000 ns	     30585	80006630	18ea87d3	fdiv.s	f15,f21,f14	 f21:0x7fc00000 f14:0x51446db4 f15=0x7fc00000
     305885.000 ns	     30587	80006634	00569993	slli	x19,x13,0x5	 x13:0x84530000 x19=0x8a600000
     305895.000 ns	     30588	80006638	004f6033	or	x0,x30,x4	 x30:0x00000000  x4:0xf8000000
     305915.000 ns	     30590	8000663c	d014b1d3	fcvt.s.wu	f3,x9	  x9:0x00000001  f3=0x3f800000
     305945.000 ns	     30593	80006640	a0b895d3	flt.s	x11,f17,f11	 f17:0x7fc00000 f11:0x7fc00000 x11=0x00000000
     305975.000 ns	     30596	80006644	c00c4fd3	fcvt.w.s	x31,f24	 f24:0xcf7fff7f x31=0x80000000
     305995.000 ns	     30598	80006648	01f583b3	add	x7,x11,x31	 x11:0x00000000 x31:0x00000000  x7=0x80000000
     306005.000 ns	     30599	8000664c	01924033	xor	x0,x4,x25	  x4:0xf8000000 x25:0x00000001
     306035.000 ns	     30602	80006650	188ef953	fdiv.s	f18,f29,f8	 f29:0x80000000  f8:0x7fc00000 f18=0x7fc00000
     306055.000 ns	     30604	80006654	019b4a33	xor	x20,x22,x25	 x22:0x00000001 x25:0x00000001 x20=0x00000000
     306415.000 ns	     30640	80006658	03b2c2b3	div	x5,x5,x27	  x5:0x00000001 x27:0x00082048  x5=0x00000000
     306435.000 ns	     30642	8000665c	520a2037	lui	x0,0x520a2	
     306445.000 ns	     30643	80006660	96ffe093	ori	x1,x31,-1681	 x31:0x80000000  x1=0xfffff96f
     306485.000 ns	     30647	80006664	087f7d53	fsub.s	f26,f30,f7	 f30:0x4f7fff7f  f7:0x4f7fff80 f26=0xc3800000
     306515.000 ns	     30650	80006668	d00e1dd3	fcvt.s.w	f27,x28	 x28:0x80040fe4 f27=0xcefff7e0
     306535.000 ns	     30652	8000666c	000b1813	slli	x16,x22,0x0	 x22:0x00000001 x16=0x00000001
     306565.000 ns	     30655	80006670	11da7953	fmul.s	f18,f20,f29	 f20:0x00000000 f29:0x80000000 f18=0x80000000
     306595.000 ns	     30658	80006674	021a99b3	mulh	x19,x21,x1	 x21:0x00000003  x1:0xfffff96f x19=0xffffffff
     306625.000 ns	     30661	80006678	03eb7933	remu	x18,x22,x30	 x22:0x00000001 x30:0x00000000 x18=0x00000001
     306665.000 ns	     30665	8000667c	580b30d3	fsqrt.s	f1,f22	 f22:0xbf800000  f1=0x7fc00000
     306695.000 ns	     30668	80006680	d015bfd3	fcvt.s.wu	f31,x11	 x11:0x00000000 f31=0x00000000
     307065.000 ns	     30705	80006684	02fa5533	divu	x10,x20,x15	 x20:0x00000000 x15:0x00000002 x10=0x00000000
     307085.000 ns	     30707	80006688	01329513	slli	x10,x5,0x13	  x5:0x00000000 x10=0x00000000
     307105.000 ns	     30709	8000668c	d01b7c53	fcvt.s.wu	f24,x22	 x22:0x00000001 f24=0x3f800000
     307125.000 ns	     30711	80006690	00b0f2b3	and	x5,x1,x11	  x1:0xfffff96f x11:0x00000000  x5=0x00000000
     307485.000 ns	     30747	80006694	037468b3	rem	x17,x8,x23	  x8:0x7f80065f x23:0x7f80065f x17=0x00000000
     307505.000 ns	     30749	80006698	0113a033	slt	x0,x7,x17	  x7:0x80000000 x17:0x00000000
     307515.000 ns	     30750	8000669c	012aac33	slt	x24,x21,x18	 x21:0x00000003 x18:0x00000001 x24=0x00000000
     307555.000 ns	     30754	800066a0	09983bd3	fsub.s	f23,f16,f25	 f16:0x4eff0000 f25:0x3f800000 f23=0x4eff0000
     307585.000 ns	     30757	800066a4	e00703d3	fmv.x.w	x7,f14	 f14:0x51446db4  x7=0x51446db4
     307615.000 ns	     30760	800066a8	a0ce1ed3	flt.s	x29,f28,f12	 f28:0x80000000 f12:0x00000000 x29=0x00000000
     307985.000 ns	     30797	800066ac	0225f3b3	remu	x7,x11,x2	 x11:0x00000000  x2:0x00000001  x7=0x00000000
     308355.000 ns	     30834	800066b0	030eda33	divu	x20,x29,x16	 x29:0x00000000 x16:0x00000001 x20=0x00000000
     308385.000 ns	     30837	800066b4	03ab94b3	mulh	x9,x23,x26	 x23:0x7f80065f x26:0x807ff9a2  x9=0xc07fb9a7
     308405.000 ns	     30839	800066b8	f0141037	lui	x0,0xf0141	
     308425.000 ns	     30841	800066bc	f0010853	fmv.w.x	f16,x2	  x2:0x00000001 f16=0x00000001
     308445.000 ns	     30843	800066c0	00000013	addi	x0,x0,0	  x0:0x00000000
     308455.000 ns	     30844	800066c4	40f55893	srai	x17,x10,0xf	 x10:0x00000000 x17=0x00000000
     308815.000 ns	     30880	800066c8	03027533	remu	x10,x4,x16	  x4:0xf8000000 x16:0x00000001 x10=0x00000000
     308835.000 ns	     30882	800066cc	406251b3	sra	x3,x4,x6	  x4:0xf8000000  x6:0x80041024  x3=0xff800000
     308845.000 ns	     30883	800066d0	401282b3	sub	x5,x5,x1	  x5:0x00000000  x1:0xfffff96f  x5=0x00000691
     308865.000 ns	     30885	800066d4	a0391453	flt.s	x8,f18,f3	 f18:0x80000000  f3:0x3f800000  x8=0x00000001
     308895.000 ns	     30888	800066d8	03f41db3	mulh	x27,x8,x31	  x8:0x7f80065f x31:0x80000000 x27=0xffffffff
     308915.000 ns	     30890	800066dc	00325893	srli	x17,x4,0x3	  x4:0xf8000000 x17=0x1f000000
     308935.000 ns	     30892	800066e0	e00f85d3	fmv.x.w	x11,f31	 f31:0x00000000 x11=0x00000000
     308955.000 ns	     30894	800066e4	f0cdbf13	sltiu	x30,x27,-244	 x27:0xffffffff x30=0x00000000
     308965.000 ns	     30895	800066e8	019bb233	sltu	x4,x23,x25	 x23:0x7f80065f x25:0x00000001  x4=0x00000000
     308985.000 ns	     30897	800066ec	033a3233	mulhu	x4,x20,x19	 x20:0x00000000 x19:0xffffffff  x4=0x00000000
     309005.000 ns	     30899	800066f0	0197f6b3	and	x13,x15,x25	 x15:0x00000002 x25:0x00000001 x13=0x00000000
     309025.000 ns	     30901	800066f4	e0051453	fclass.s	x8,f10	 f10:0x00000000  x8=0x00000010
     309045.000 ns	     30903	800066f8	40125db3	sra	x27,x4,x1	  x4:0x00000000  x1:0xfffff96f x27=0x00000000
     309055.000 ns	     30904	800066fc	79d4ef93	ori	x31,x9,1949	  x9:0xc07fb9a7 x31=0xc07fbfbf
     309065.000 ns	     30905	80006700	00f5cb33	xor	x22,x11,x15	 x11:0x00000000 x15:0x00000002 x22=0x00000002
     309085.000 ns	     30907	80006704	f00f0953	fmv.w.x	f18,x30	 x30:0x00000000 f18=0x00000000
     309115.000 ns	     30910	80006708	212c9e53	fsgnjn.s	f28,f25,f18	 f25:0x3f800000 f18:0x80000000 f28=0xbf800000
     309135.000 ns	     30912	8000670c	ee907913	andi	x18,x0,-279	  x0:0x00000000 x18=0x00000000
     309155.000 ns	     30914	80006710	c01eb753	fcvt.wu.s	x14,f29	 f29:0x80000000 x14=0x00000000
     309185.000 ns	     30917	80006714	e00b1753	fclass.s	x14,f22	 f22:0xbf800000 x14=0x00000002
     309205.000 ns	     30919	80006718	ee3e4013	xori	x0,x28,-285	 x28:0x80040fe4
     309215.000 ns	     30920	8000671c	9079cf93	xori	x31,x19,-1785	 x19:0xffffffff x31=0x000006f8
     309235.000 ns	     30922	80006720	a1958f53	fle.s	x30,f11,f25	 f11:0x7fc00000 f25:0x3f800000 x30=0x00000000
     309255.000 ns	     30924	80006724	01c7d533	srl	x10,x15,x28	 x15:0x00000002 x28:0x80040fe4 x10=0x00000000
     309275.000 ns	     30926	80006728	296516d3	fmax.s	f13,f10,f22	 f10:0x00000000 f22:0xbf800000 f13=0x00000000
     309305.000 ns	     30929	8000672c	037ab2b3	mulhu	x5,x21,x23	 x21:0x00000003 x23:0x7f80065f  x5=0x00000001
     309325.000 ns	     30931	80006730	407403b3	sub	x7,x8,x7	  x8:0x00000010  x7:0x00000000  x7=0x00000010
     309335.000 ns	     30932	80006734	eaa849b7	lui	x19,0xeaa84	 x19=0xeaa84000
     309345.000 ns	     30933	80006738	be892893	slti	x17,x18,-1048	 x18:0x00000000 x17=0x00000000
     309365.000 ns	     30935	8000673c	21bca453	fsgnjx.s	f8,f25,f27	 f25:0x3f800000 f27:0xcefff7e0  f8=0xbf800000
     309395.000 ns	     30938	80006740	02413ab3	mulhu	x21,x2,x4	  x2:0x00000001  x4:0x00000000 x21=0x00000000
     309415.000 ns	     30940	80006744	8666c197	auipc	x3,0x8666c	  x3=0x06672744
     309425.000 ns	     30941	80006748	405d8933	sub	x18,x27,x5	 x27:0x00000000  x5:0x00000001 x18=0xffffffff
     309785.000 ns	     30977	8000674c	02946b33	rem	x22,x8,x9	  x8:0x00000010  x9:0xc07fb9a7 x22=0x00000010
     309825.000 ns	     30981	80006750	19e2ced3	fdiv.s	f29,f5,f30	  f5:0xff800000 f30:0x4f7fff7f f29=0xff800000
     309855.000 ns	     30984	80006754	03f08d33	mul	x26,x1,x31	  x1:0xfffff96f x31:0x000006f8 x26=0xffd23d88
     309875.000 ns	     30986	80006758	01285cb3	srl	x25,x16,x18	 x16:0x00000001 x18:0xffffffff x25=0x00000000
     309885.000 ns	     30987	8000675c	51434d37	lui	x26,0x51434	 x26=0x51434000
     309895.000 ns	     30988	80006760	00000013	addi	x0,x0,0	  x0:0x00000000
     309925.000 ns	     30991	80006764	58037553	fsqrt.s	f10,f6	  f6:0x80000000 f10=0x80000000
     309945.000 ns	     30993	80006768	01a3d633	srl	x12,x7,x26	  x7:0x00000010 x26:0x51434000 x12=0x00000010
     309955.000 ns	     30994	8000676c	01763833	sltu	x16,x12,x23	 x12:0x00000000 x23:0x7f80065f x16=0x00000001
     309995.000 ns	     30998	80006770	092370d3	fsub.s	f1,f6,f18	  f6:0x80000000 f18:0x00000000  f1=0x80000000
     310035.000 ns	     31002	80006774	10e072d3	fmul.s	f5,f0,f14	  f0:0x7fc00000 f14:0x51446db4  f5=0x7fc00000
     310065.000 ns	     31005	80006778	032bb2b3	mulhu	x5,x23,x18	 x23:0x7f80065f x18:0xffffffff  x5=0x7f80065e
     310085.000 ns	     31007	8000677c	7c52bc93	sltiu	x25,x5,1989	  x5:0x00000001 x25=0x00000000
     310095.000 ns	     31008	80006780	46564193	xori	x3,x12,1125	 x12:0x00000010  x3=0x00000475
     310105.000 ns	     31009	80006784	ff59c237	lui	x4,0xff59c	  x4=0xff59c000
     310125.000 ns	     31011	80006788	02c49533	mulh	x10,x9,x12	  x9:0xc07fb9a7 x12:0x00000010 x10=0xfffffffc
     310145.000 ns	     31013	8000678c	40b0dbb3	sra	x23,x1,x11	  x1:0xfffff96f x11:0x00000000 x23=0xfffff96f
     310165.000 ns	     31015	80006790	a1969bd3	flt.s	x23,f13,f25	 f13:0x00000000 f25:0x3f800000 x23=0x00000001
     310185.000 ns	     31017	80006794	b8c5b213	sltiu	x4,x11,-1140	 x11:0x00000000  x4=0x00000001
     310215.000 ns	     31020	80006798	580e9fd3	fsqrt.s	f31,f29	 f29:0xff800000 f31=0x7fc00000
     310245.000 ns	     31023	8000679c	28e818d3	fmax.s	f17,f16,f14	 f16:0x00000001 f14:0x51446db4 f17=0x51446db4
     310615.000 ns	     31060	800067a0	0222e133	rem	x2,x5,x2	  x5:0x7f80065e  x2:0x00000001  x2=0x00000000
     310635.000 ns	     31062	800067a4	01ac59b3	srl	x19,x24,x26	 x24:0x00000000 x26:0x51434000 x19=0x00000000
     310645.000 ns	     31063	800067a8	0110e4b3	or	x9,x1,x17	  x1:0xfffff96f x17:0x00000000  x9=0xfffff96f
     310655.000 ns	     31064	800067ac	0072e5b3	or	x11,x5,x7	  x5:0x7f80065e  x7:0x00000010 x11=0x7f80065e
     310675.000 ns	     31066	800067b0	031d32b3	mulhu	x5,x26,x17	 x26:0x51434000 x17:0x00000000  x5=0x00000000
     310695.000 ns	     31068	800067b4	006a4d33	xor	x26,x20,x6	 x20:0x00000000  x6:0x80041024 x26=0x80041024
     310735.000 ns	     31072	800067b8	01c7f753	fadd.s	f14,f15,f28	 f15:0x7fc00000 f28:0xbf800000 f14=0x7fc00000
     310755.000 ns	     31074	800067bc	2fbe0c13	addi	x24,x28,763	 x28:0x80040fe4 x24=0x800412df
     310765.000 ns	     31075	800067c0	5cc5f993	andi	x19,x11,1484	 x11:0x7f80065e x19=0x0000044c
     310775.000 ns	     31076	800067c4	410a8a33	sub	x20,x21,x16	 x21:0x00000000 x16:0x00000001 x20=0xffffffff
     310785.000 ns	     31077	800067c8	41865a93	srai	x21,x12,0x18	 x12:0x00000010 x21=0x00000000
     310805.000 ns	     31079	800067cc	281702d3	fmin.s	f5,f14,f1	 f14:0x7fc00000  f1:0x80000000  f5=0x80000000
     310855.000 ns	     31084	800067d0	09883253	fsub.s	f4,f16,f24	 f16:0x00000001 f24:0x3f800000  f4=0xbf800000
     310875.000 ns	     31086	800067d4	00000013	addi	x0,x0,0	  x0:0x00000000
     310895.000 ns	     31088	800067d8	a052a6d3	feq.s	x13,f5,f5	  f5:0x80000000  f5:0x80000000 x13=0x00000001
     310915.000 ns	     31090	800067dc	00000013	addi	x0,x0,0	  x0:0x00000000
     310935.000 ns	     31092	800067e0	c0097ad3	fcvt.w.s	x21,f18	 f18:0x00000000 x21=0x00000000
     310965.000 ns	     31095	800067e4	0309a833	mulhsu	x16,x19,x16	 x19:0x0000044c x16:0x00000001 x16=0x00000000
     310995.000 ns	     31098	800067e8	02438b33	mul	x22,x7,x4	  x7:0x00000010  x4:0x00000001 x22=0x00000010
     311025.000 ns	     31101	800067ec	e00806d3	fmv.x.w	x13,f16	 f16:0x00000001 x13=0x00000001
     311045.000 ns	     31103	800067f0	406809b3	sub	x19,x16,x6	 x16:0x00000000  x6:0x80041024 x19=0x7ffbefdc
     311065.000 ns	     31105	800067f4	28089b53	fmax.s	f22,f17,f0	 f17:0x51446db4  f0:0x7fc00000 f22=0x51446db4
     311095.000 ns	     31108	800067f8	e0000cd3	fmv.x.w	x25,f0	  f0:0x7fc00000 x25=0x7fc00000
     311115.000 ns	     31110	800067fc	01e250b3	srl	x1,x4,x30	  x4:0x00000001 x30:0x00000000  x1=0x00000001
     311125.000 ns	     31111	80006800	414881b3	sub	x3,x17,x20	 x17:0x00000000 x20:0xffffffff  x3=0x00000001
     311135.000 ns	     31112	80006804	006ad933	srl	x18,x21,x6	 x21:0x00000000  x6:0x80041024 x18=0x00000000
     311155.000 ns	     31114	80006808	03226733	rem	x14,x4,x18	  x4:0x00000001 x18:0xffffffff x14=0x00000001
     311185.000 ns	     31117	8000680c	03463533	mulhu	x10,x12,x20	 x12:0x00000010 x20:0xffffffff x10=0x0000000f
     311215.000 ns	     31120	80006810	a03d29d3	feq.s	x19,f26,f3	 f26:0xc3800000  f3:0x3f800000 x19=0x00000000
     311235.000 ns	     31122	80006814	cb8e1717	auipc	x14,0xcb8e1	 x14=0x4b8e7814
     311245.000 ns	     31123	80006818	85abab37	lui	x22,0x85aba	 x22=0x85aba000
     311265.000 ns	     31125	8000681c	a061aed3	feq.s	x29,f3,f6	  f3:0x3f800000  f6:0x80000000 x29=0x00000000
     311295.000 ns	     31128	80006820	037d2033	mulhsu	x0,x26,x23	 x26:0x80041024 x23:0x00000001
     311325.000 ns	     31131	80006824	030e5cb3	divu	x25,x28,x16	 x28:0x80040fe4 x16:0x00000000 x25=0xffffffff
     311355.000 ns	     31134	80006828	a17394d3	flt.s	x9,f7,f23	  f7:0x4f7fff80 f23:0x4eff0000  x9=0x00000000
     311375.000 ns	     31136	8000682c	01489d33	sll	x26,x17,x20	 x17:0x00000000 x20:0xffffffff x26=0x00000000
     311405.000 ns	     31139	80006830	11e67ad3	fmul.s	f21,f12,f30	 f12:0x00000000 f30:0x4f7fff7f f21=0x00000000
     311435.000 ns	     31142	80006834	20fd2ed3	fsgnjx.s	f29,f26,f15	 f26:0xc3800000 f15:0x7fc00000 f29=0xc3800000
     311455.000 ns	     31144	80006838	00000013	addi	x0,x0,0	  x0:0x00000000
     311495.000 ns	     31148	8000683c	093bf6d3	fsub.s	f13,f23,f19	 f23:0x4eff0000 f19:0x4e9effff f13=0x4e400002
     311515.000 ns	     31150	80006840	00ed8d33	add	x26,x27,x14	 x27:0x00000000 x14:0x4b8e7814 x26=0x4b8e7814
     311535.000 ns	     31152	80006844	29860653	fmin.s	f12,f12,f24	 f12:0x00000000 f24:0x3f800000 f12=0x00000000
     311555.000 ns	     31154	80006848	40a9dc93	srai	x25,x19,0xa	 x19:0x00000000 x25=0x00000000
     311575.000 ns	     31156	8000684c	a1460bd3	fle.s	x23,f12,f20	 f12:0x00000000 f20:0x00000000 x23=0x00000001
     311595.000 ns	     31158	80006850	00055093	srli	x1,x10,0x0	 x10:0x0000000f  x1=0x0000000f
     311605.000 ns	     31159	80006854	36522d13	slti	x26,x4,869	  x4:0x00000001 x26=0x00000001
     311615.000 ns	     31160	80006858	b7d22813	slti	x16,x4,-1155	  x4:0x00000001 x16=0x00000000
     311635.000 ns	     31162	8000685c	21298ed3	fsgnj.s	f29,f19,f18	 f19:0x4e9effff f18:0x00000000 f29=0x4e9effff
     311655.000 ns	     31164	80006860	40ea5733	sra	x14,x20,x14	 x20:0xffffffff x14:0x4b8e7814 x14=0xffffffff
     311675.000 ns	     31166	80006864	20559753	fsgnjn.s	f14,f11,f5	 f11:0x7fc00000  f5:0x80000000 f14=0x7fc00000
     312045.000 ns	     31203	80006868	02dcceb3	div	x29,x25,x13	 x25:0x00000000 x13:0x00000001 x29=0x00000000
     312085.000 ns	     31207	8000686c	18d97553	fdiv.s	f10,f18,f13	 f18:0x00000000 f13:0x4e400002 f10=0x00000000
     312105.000 ns	     31209	80006870	0116b3b3	sltu	x7,x13,x17	 x13:0x00000001 x17:0x00000000  x7=0x00000000
     312125.000 ns	     31211	80006874	21560c53	fsgnj.s	f24,f12,f21	 f12:0x00000000 f21:0x00000000 f24=0x00000000
     312145.000 ns	     31213	80006878	01e35293	srli	x5,x6,0x1e	  x6:0x80041024  x5=0x00000002
     312165.000 ns	     31215	8000687c	a1f32753	feq.s	x14,f6,f31	  f6:0x80000000 f31:0x7fc00000 x14=0x00000000
     312185.000 ns	     31217	80006880	0fc814b7	lui	x9,0xfc81	  x9=0x0fc81000
     312205.000 ns	     31219	80006884	a0032bd3	feq.s	x23,f6,f0	  f6:0x80000000  f0:0x7fc00000 x23=0x00000000
     312225.000 ns	     31221	80006888	01222d33	slt	x26,x4,x18	  x4:0x00000001 x18:0x00000000 x26=0x00000000
     312235.000 ns	     31222	8000688c	49f519b7	lui	x19,0x49f51	 x19=0x49f51000
     312255.000 ns	     31224	80006890	a0a98953	fle.s	x18,f19,f10	 f19:0x4e9effff f10:0x00000000 x18=0x00000000
     312625.000 ns	     31261	80006894	02807933	remu	x18,x0,x8	  x0:0x00000000  x8:0x00000010 x18=0x00000000
     312655.000 ns	     31264	80006898	d00744d3	fcvt.s.w	f9,x14	 x14:0x00000000  f9=0x00000000
     313025.000 ns	     31301	8000689c	0364df33	divu	x30,x9,x22	  x9:0x0fc81000 x22:0x85aba000 x30=0x00000000
     313045.000 ns	     31303	800068a0	01161c93	slli	x25,x12,0x11	 x12:0x00000010 x25=0x00200000
     313055.000 ns	     31304	800068a4	003f9713	slli	x14,x31,0x3	 x31:0x000006f8 x14=0x000037c0
     313095.000 ns	     31308	800068a8	096a97d3	fsub.s	f15,f21,f22	 f21:0x00000000 f22:0x51446db4 f15=0xd1446db4
     313125.000 ns	     31311	800068ac	20769f53	fsgnjn.s	f30,f13,f7	 f13:0x4e400002  f7:0x4f7fff80 f30=0xce400002
     313145.000 ns	     31313	800068b0	cd0ff413	andi	x8,x31,-816	 x31:0x000006f8  x8=0x000004d0
     313155.000 ns	     31314	800068b4	017005b3	add	x11,x0,x23	  x0:0x00000000 x23:0x00000000 x11=0x00000000
     313165.000 ns	     31315	800068b8	235bf593	andi	x11,x23,565	 x23:0x00000000 x11=0x00000000
     313185.000 ns	     31317	800068bc	28db90d3	fmax.s	f1,f23,f13	 f23:0x4eff0000 f13:0x4e400002  f1=0x4eff0000
     313235.000 ns	     31322	800068c0	09fe7453	fsub.s	f8,f28,f31	 f28:0xbf800000 f31:0x7fc00000  f8=0x7fc00000
     313285.000 ns	     31327	800068c4	012df4d3	fadd.s	f9,f27,f18	 f27:0xcefff7e0 f18:0x00000000  f9=0xcefff7e0
     313305.000 ns	     31329	800068c8	41168eb3	sub	x29,x13,x17	 x13:0x00000001 x17:0x00000000 x29=0x00000001
     313315.000 ns	     31330	800068cc	01f8c8b3	xor	x17,x17,x31	 x17:0x00000000 x31:0x000006f8 x17=0x000006f8
     313325.000 ns	     31331	800068d0	5b642013	slti	x0,x8,1462	  x8:0x000004d0
     313335.000 ns	     31332	800068d4	40aedc13	srai	x24,x29,0xa	 x29:0x00000001 x24=0x00000000
     313355.000 ns	     31334	800068d8	a014a0d3	feq.s	x1,f9,f1	  f9:0xcefff7e0  f1:0x4eff0000  x1=0x00000000
     313385.000 ns	     31337	800068dc	f0078253	fmv.w.x	f4,x15	 x15:0x00000002  f4=0x00000002
     313435.000 ns	     31342	800068e0	08fc7553	fsub.s	f10,f24,f15	 f24:0x00000000 f15:0xd1446db4 f10=0x51446db4
     313455.000 ns	     31344	800068e4	94e96493	ori	x9,x18,-1714	 x18:0x00000000  x9=0xfffff94e
     313495.000 ns	     31348	800068e8	00f84b53	fadd.s	f22,f16,f15	 f16:0x00000001 f15:0xd1446db4 f22=0xd1446db4
     313545.000 ns	     31353	800068ec	095f1ad3	fsub.s	f21,f30,f21	 f30:0xce400002 f21:0x00000000 f21=0xce400002
     313915.000 ns	     31390	800068f0	0269cbb3	div	x23,x19,x6	 x19:0x49f51000  x6:0x80041024 x23=0x00000000
     313945.000 ns	     31393	800068f4	02899833	mulh	x16,x19,x8	 x19:0x49f51000  x8:0x000004d0 x16=0x00000163
     313965.000 ns	     31395	800068f8	e88b8393	addi	x7,x23,-376	 x23:0x00000000  x7=0xfffffe88
     313995.000 ns	     31398	800068fc	1822f3d3	fdiv.s	f7,f5,f2	  f5:0x80000000  f2:0x4f607d60  f7=0x80000000
     314025.000 ns	     31401	80006900	a0241ed3	flt.s	x29,f8,f2	  f8:0x7fc00000  f2:0x4f607d60 x29=0x00000000
     314055.000 ns	     31404	80006904	28e19753	fmax.s	f14,f3,f14	  f3:0x3f800000 f14:0x7fc00000 f14=0x3f800000
     314085.000 ns	     31407	80006908	a1fba653	feq.s	x12,f23,f31	 f23:0x4eff0000 f31:0x7fc00000 x12=0x00000000
     314105.000 ns	     31409	8000690c	83870993	addi	x19,x14,-1992	 x14:0x000037c0 x19=0x00002ff8
     314115.000 ns	     31410	80006910	40a504b3	sub	x9,x10,x10	 x10:0x0000000f x10:0x0000000f  x9=0x00000000
     314125.000 ns	     31411	80006914	01351a93	slli	x21,x10,0x13	 x10:0x0000000f x21=0x00780000
     314135.000 ns	     31412	80006918	00183f33	sltu	x30,x16,x1	 x16:0x00000163  x1:0x00000000 x30=0x00000000
     314175.000 ns	     31416	8000691c	00a40cd3	fadd.s	f25,f8,f10	  f8:0x7fc00000 f10:0x51446db4 f25=0x7fc00000
     314195.000 ns	     31418	80006920	1125cd13	xori	x26,x11,274	 x11:0x00000000 x26=0x00000112
     314205.000 ns	     31419	80006924	01d11d33	sll	x26,x2,x29	  x2:0x00000000 x29:0x00000000 x26=0x00000000
     314225.000 ns	     31421	80006928	21b50ad3	fsgnj.s	f21,f10,f27	 f10:0x51446db4 f27:0xcefff7e0 f21=0xd1446db4
     314255.000 ns	     31424	8000692c	02ca5433	divu	x8,x20,x12	 x20:0xffffffff x12:0x00000000  x8=0xffffffff
     314285.000 ns	     31427	80006930	29bf84d3	fmin.s	f9,f31,f27	 f31:0x7fc00000 f27:0xcefff7e0  f9=0xcefff7e0
     314305.000 ns	     31429	80006934	50ada817	auipc	x16,0x50ada	 x16=0xd0ae0934
     314325.000 ns	     31431	80006938	d00c7d53	fcvt.s.w	f26,x24	 x24:0x00000000 f26=0x00000000
     314355.000 ns	     31434	8000693c	29480653	fmin.s	f12,f16,f20	 f16:0x00000001 f20:0x00000000 f12=0x00000000
     314375.000 ns	     31436	80006940	f92420b7	lui	x1,0xf9242	  x1=0xf9242000
     314395.000 ns	     31438	80006944	d00846d3	fcvt.s.w	f13,x16	 x16:0xd0ae0934 f13=0xce3d47db
     314445.000 ns	     31443	80006948	01ac26d3	fadd.s	f13,f24,f26	 f24:0x00000000 f26:0x00000000 f13=0x00000000
     314475.000 ns	     31446	8000694c	c0163d53	fcvt.wu.s	x26,f12	 f12:0x00000000 x26=0x00000000
     314495.000 ns	     31448	80006950	00b59233	sll	x4,x11,x11	 x11:0x00000000 x11:0x00000000  x4=0x00000000
     314505.000 ns	     31449	80006954	7c703193	sltiu	x3,x0,1991	  x0:0x00000000  x3=0x00000001
     314515.000 ns	     31450	80006958	00923433	sltu	x8,x4,x9	  x4:0x00000001  x9:0x00000000  x8=0x00000000
     314535.000 ns	     31452	8000695c	023f3033	mulhu	x0,x30,x3	 x30:0x00000000  x3:0x00000001
     314555.000 ns	     31454	80006960	40aa00b3	sub	x1,x20,x10	 x20:0xffffffff x10:0x0000000f  x1=0xfffffff0
     314575.000 ns	     31456	80006964	026c8b33	mul	x22,x25,x6	 x25:0x00200000  x6:0x80041024 x22=0x04800000
     315755.000 ns	     31574	80006968	58074b53	fsqrt.s	f22,f14	 f14:0x3f800000 f22=0x3f7fffae
     315785.000 ns	     31577	8000696c	02160833	mul	x16,x12,x1	 x12:0x00000000  x1:0xfffffff0 x16=0x00000000
     315815.000 ns	     31580	80006970	20890653	fsgnj.s	f12,f18,f8	 f18:0x00000000  f8:0x7fc00000 f12=0x00000000
     315845.000 ns	     31583	80006974	03f18eb3	mul	x29,x3,x31	  x3:0x00000001 x31:0x000006f8 x29=0x000006f8
     315885.000 ns	     31587	80006978	18effbd3	fdiv.s	f23,f31,f14	 f31:0x7fc00000 f14:0x3f800000 f23=0x7fc00000
     315905.000 ns	     31589	8000697c	41085f33	sra	x30,x16,x16	 x16:0x00000000 x16:0x00000000 x30=0x00000000
     315925.000 ns	     31591	80006980	e0069753	fclass.s	x14,f13	 f13:0x00000000 x14=0x00000010
     315945.000 ns	     31593	80006984	426fb393	sltiu	x7,x31,1062	 x31:0x000006f8  x7=0x00000000
     315985.000 ns	     31597	80006988	092531d3	fsub.s	f3,f10,f18	 f10:0x51446db4 f18:0x00000000  f3=0x51446db4
     316005.000 ns	     31599	8000698c	006d7633	and	x12,x26,x6	 x26:0x00000000  x6:0x80041024 x12=0x00000000
     316015.000 ns	     31600	80006990	00d790b3	sll	x1,x15,x13	 x15:0x00000002 x13:0x00000001  x1=0x00000004
     316025.000 ns	     31601	80006994	41395bb3	sra	x23,x18,x19	 x18:0x00000000 x19:0x00002ff8 x23=0x00000000
     316035.000 ns	     31602	80006998	ddc26f13	ori	x30,x4,-548	  x4:0x00000000 x30=0xfffffddc
     316055.000 ns	     31604	8000699c	211ea5d3	fsgnjx.s	f11,f29,f17	 f29:0x4e9effff f17:0x51446db4 f11=0x4e9effff
     316085.000 ns	     31607	800069a0	03cf8433	mul	x8,x31,x28	 x31:0x000006f8 x28:0x80040fe4  x8=0x1c4ebce0
     316125.000 ns	     31611	800069a4	11fca4d3	fmul.s	f9,f25,f31	 f25:0x7fc00000 f31:0x7fc00000  f9=0x7fc00000
     316145.000 ns	     31613	800069a8	00551033	sll	x0,x10,x5	 x10:0x0000000f  x5:0x00000002
     316165.000 ns	     31615	800069ac	0278d533	divu	x10,x17,x7	 x17:0x000006f8  x7:0x00000000 x10=0xffffffff
     316185.000 ns	     31617	800069b0	00aac9b3	xor	x19,x21,x10	 x21:0x00780000 x10:0x0000000f x19=0xff87ffff
     316195.000 ns	     31618	800069b4	01fa5233	srl	x4,x20,x31	 x20:0xffffffff x31:0x000006f8  x4=0x000000ff
     316205.000 ns	     31619	800069b8	0025d1b3	srl	x3,x11,x2	 x11:0x00000000  x2:0x00000000  x3=0x00000000
     316215.000 ns	     31620	800069bc	3ec75497	auipc	x9,0x3ec75	  x9=0xbec7b9bc
     316225.000 ns	     31621	800069c0	00bae033	or	x0,x21,x11	 x21:0x00780000 x11:0x00000000
     316235.000 ns	     31622	800069c4	41040a33	sub	x20,x8,x16	  x8:0x1c4ebce0 x16:0x00000000 x20=0x1c4ebce0
     316245.000 ns	     31623	800069c8	4d407693	andi	x13,x0,1236	  x0:0x00000000 x13=0x00000000
     316275.000 ns	     31626	800069cc	18063a53	fdiv.s	f20,f12,f0	 f12:0x00000000  f0:0x7fc00000 f20=0x7fc00000
     316295.000 ns	     31628	800069d0	00000013	addi	x0,x0,0	  x0:0x00000000
     316315.000 ns	     31630	800069d4	037d30b3	mulhu	x1,x26,x23	 x26:0x00000000 x23:0x00000000  x1=0x00000000
     316335.000 ns	     31632	800069d8	01a2e633	or	x12,x5,x26	  x5:0x00000002 x26:0x00000000 x12=0x00000002
     316365.000 ns	     31635	800069dc	5807fdd3	fsqrt.s	f27,f15	 f15:0xd1446db4 f27=0x7fc00000
     316395.000 ns	     31638	800069e0	c010c1d3	fcvt.wu.s	x3,f1	  f1:0x4eff0000  x3=0x7f800000
     316415.000 ns	     31640	800069e4	01a3e0b3	or	x1,x7,x26	  x7:0x00000000 x26:0x00000000  x1=0x00000000
     316435.000 ns	     31642	800069e8	29cf1053	fmax.s	f0,f30,f28	 f30:0xce400002 f28:0xbf800000  f0=0xbf800000
     316805.000 ns	     31679	800069ec	02abc1b3	div	x3,x23,x10	 x23:0x00000000 x10:0xffffffff  x3=0x00000000
     316855.000 ns	     31684	800069f0	01f2f8d3	fadd.s	f17,f5,f31	  f5:0x80000000 f31:0x7fc00000 f17=0x7fc00000
     316885.000 ns	     31687	800069f4	033fa233	mulhsu	x4,x31,x19	 x31:0x000006f8 x19:0xff87ffff  x4=0x000006f4
     316935.000 ns	     31692	800069f8	0058a953	fadd.s	f18,f17,f5	 f17:0x7fc00000  f5:0x80000000 f18=0x7fc00000
     316965.000 ns	     31695	800069fc	c003b0d3	fcvt.w.s	x1,f7	  f7:0x80000000  x1=0x00000000
     317005.000 ns	     31699	80006a00	580e1553	fsqrt.s	f10,f28	 f28:0xbf800000 f10=0x7fc00000
     317025.000 ns	     31701	80006a04	00d61d33	sll	x26,x12,x13	 x12:0x00000002 x13:0x00000000 x26=0x00000002
     317065.000 ns	     31705	80006a08	09d22353	fsub.s	f6,f4,f29	  f4:0x00000002 f29:0x4e9effff  f6=0xce9effff
     317085.000 ns	     31707	80006a0c	43214d93	xori	x27,x2,1074	  x2:0x00000000 x27=0x00000432
     317095.000 ns	     31708	80006a10	00492bb3	slt	x23,x18,x4	 x18:0x00000000  x4:0x000006f4 x23=0x00000001
     317115.000 ns	     31710	80006a14	c008f5d3	fcvt.w.s	x11,f17	 f17:0x7fc00000 x11=0x7fffffff
     317135.000 ns	     31712	80006a18	0093d533	srl	x10,x7,x9	  x7:0x00000000  x9:0xbec7b9bc x10=0x00000000
     317145.000 ns	     31713	80006a1c	009039b3	sltu	x19,x0,x9	  x0:0x00000000  x9:0xbec7b9bc x19=0x00000001
     317165.000 ns	     31715	80006a20	02291eb3	mulh	x29,x18,x2	 x18:0x00000000  x2:0x00000000 x29=0x00000000
     317195.000 ns	     31718	80006a24	217c15d3	fsgnjn.s	f11,f24,f23	 f24:0x00000000 f23:0x7fc00000 f11=0x80000000
     317215.000 ns	     31720	80006a28	004b1013	slli	x0,x22,0x4	 x22:0x04800000
     317235.000 ns	     31722	80006a2c	d0027553	fcvt.s.w	f10,x4	  x4:0x000006f4 f10=0x44de8000
     317255.000 ns	     31724	80006a30	21043d93	sltiu	x27,x8,528	  x8:0x1c4ebce0 x27=0x00000000
     317265.000 ns	     31725	80006a34	01b49013	slli	x0,x9,0x1b	  x9:0xbec7b9bc
     317305.000 ns	     31729	80006a38	083e1853	fsub.s	f16,f28,f3	 f28:0xbf800000  f3:0x51446db4 f16=0xd1446db4
     317325.000 ns	     31731	80006a3c	0018df13	srli	x30,x17,0x1	 x17:0x000006f8 x30=0x0000037c
     317345.000 ns	     31733	80006a40	023edeb3	divu	x29,x29,x3	 x29:0x00000000  x3:0x00000000 x29=0xffffffff
     317375.000 ns	     31736	80006a44	c003fad3	fcvt.w.s	x21,f7	  f7:0x80000000 x21=0x00000000
     317405.000 ns	     31739	80006a48	037b23b3	mulhsu	x7,x22,x23	 x22:0x04800000 x23:0x00000001  x7=0x00000000
     317425.000 ns	     31741	80006a4c	00bb4d93	xori	x27,x22,11	 x22:0x04800000 x27=0x0480000b
     317435.000 ns	     31742	80006a50	019460b3	or	x1,x8,x25	  x8:0x1c4ebce0 x25:0x00200000  x1=0x1c6ebce0
     317445.000 ns	     31743	80006a54	41a0dbb3	sra	x23,x1,x26	  x1:0x00000000 x26:0x00000002 x23=0x071baf38
     317465.000 ns	     31745	80006a58	d00d3653	fcvt.s.w	f12,x26	 x26:0x00000002 f12=0x40000000
     317485.000 ns	     31747	80006a5c	e63e2a93	slti	x21,x28,-413	 x28:0x80040fe4 x21=0x00000001
     318655.000 ns	     31864	80006a60	58027e53	fsqrt.s	f28,f4	  f4:0x00000002 f28=0x1f350483
     318705.000 ns	     31869	80006a64	098df3d3	fsub.s	f7,f27,f24	 f27:0x7fc00000 f24:0x00000000  f7=0x7fc00000
     318725.000 ns	     31871	80006a68	015850b3	srl	x1,x16,x21	 x16:0x00000000 x21:0x00000001  x1=0x00000000
     318745.000 ns	     31873	80006a6c	a0cca9d3	feq.s	x19,f25,f12	 f25:0x7fc00000 f12:0x40000000 x19=0x00000000
     318765.000 ns	     31875	80006a70	419b08b3	sub	x17,x22,x25	 x22:0x04800000 x25:0x00200000 x17=0x04600000
     318785.000 ns	     31877	80006a74	03b98f33	mul	x30,x19,x27	 x19:0x00000000 x27:0x0480000b x30=0x00000000
     318815.000 ns	     31880	80006a78	023333b3	mulhu	x7,x6,x3	  x6:0x80041024  x3:0x00000000  x7=0x00000000
     318835.000 ns	     31882	80006a7c	00b2c433	xor	x8,x5,x11	  x5:0x00000002 x11:0x7fffffff  x8=0x7ffffffd
     318855.000 ns	     31884	80006a80	02103733	mulhu	x14,x0,x1	  x0:0x00000000  x1:0x00000000 x14=0x00000000
     319225.000 ns	     31921	80006a84	02944233	div	x4,x8,x9	  x8:0x1c4ebce0  x9:0xbec7b9bc  x4=0xffffffff
     319255.000 ns	     31924	80006a88	e0059153	fclass.s	x2,f11	 f11:0x80000000  x2=0x00000008
     319285.000 ns	     31927	80006a8c	d01212d3	fcvt.s.wu	f5,x4	  x4:0xffffffff  f5=0x4f7fffff
     319315.000 ns	     31930	80006a90	20cfac53	fsgnjx.s	f24,f31,f12	 f31:0x7fc00000 f12:0x40000000 f24=0x7fc00000
     319345.000 ns	     31933	80006a94	032b4933	div	x18,x22,x18	 x22:0x04800000 x18:0x00000000 x18=0xffffffff
     319375.000 ns	     31936	80006a98	e0091853	fclass.s	x16,f18	 f18:0x7fc00000 x16=0x00000200
     319405.000 ns	     31939	80006a9c	03e53c33	mulhu	x24,x10,x30	 x10:0x00000000 x30:0x00000000 x24=0x00000000
     319455.000 ns	     31944	80006aa0	0082f453	fadd.s	f8,f5,f8	  f5:0x4f7fffff  f8:0x7fc00000  f8=0x7fc00000
     319475.000 ns	     31946	80006aa4	db9bb193	sltiu	x3,x23,-583	 x23:0x071baf38  x3=0x00000001
     319485.000 ns	     31947	80006aa8	4149deb3	sra	x29,x19,x20	 x19:0x00000000 x20:0x1c4ebce0 x29=0x00000000
     319515.000 ns	     31950	80006aac	194d11d3	fdiv.s	f3,f26,f20	 f26:0x00000000 f20:0x7fc00000  f3=0x7fc00000
     319535.000 ns	     31952	80006ab0	01758c33	add	x24,x11,x23	 x11:0x7fffffff x23:0x071baf38 x24=0x871baf37
     319545.000 ns	     31953	80006ab4	41ad02b3	sub	x5,x26,x26	 x26:0x00000002 x26:0x00000002  x5=0x00000000
     319555.000 ns	     31954	80006ab8	01b8a033	slt	x0,x17,x27	 x17:0x04600000 x27:0x0480000b
     319585.000 ns	     31957	80006abc	10dab3d3	fmul.s	f7,f21,f13	 f21:0xd1446db4 f13:0x00000000  f7=0x80000000
     319635.000 ns	     31962	80006ac0	09440cd3	fsub.s	f25,f8,f20	  f8:0x7fc00000 f20:0x7fc00000 f25=0x7fc00000
     319665.000 ns	     31965	80006ac4	a16b86d3	fle.s	x13,f23,f22	 f23:0x7fc00000 f22:0x3f7fffae x13=0x00000000
     319685.000 ns	     31967	80006ac8	01ecb0b3	sltu	x1,x25,x30	 x25:0x00200000 x30:0x00000000  x1=0x00000000
     319705.000 ns	     31969	80006acc	03a42fb3	mulhsu	x31,x8,x26	  x8:0x7ffffffd x26:0x00000002 x31=0x00000000
     319725.000 ns	     31971	80006ad0	00986db3	or	x27,x16,x9	 x16:0x00000200  x9:0xbec7b9bc x27=0xbec7bbbc
     319735.000 ns	     31972	80006ad4	01021633	sll	x12,x4,x16	  x4:0xffffffff x16:0x00000200 x12=0xffffffff
     319755.000 ns	     31974	80006ad8	21948ed3	fsgnj.s	f29,f9,f25	  f9:0x7fc00000 f25:0x7fc00000 f29=0x7fc00000
     319785.000 ns	     31977	80006adc	21e0a0d3	fsgnjx.s	f1,f1,f30	  f1:0x4eff0000 f30:0xce400002  f1=0xceff0000
     319815.000 ns	     31980	80006ae0	02eb2eb3	mulhsu	x29,x22,x14	 x22:0x04800000 x14:0x00000000 x29=0x00000000
     319835.000 ns	     31982	80006ae4	01f69493	slli	x9,x13,0x1f	 x13:0x00000000  x9=0x00000000
     319845.000 ns	     31983	80006ae8	34c78e93	addi	x29,x15,844	 x15:0x00000002 x29=0x0000034e
     319855.000 ns	     31984	80006aec	fbb50013	addi	x0,x10,-69	 x10:0x00000000
     319875.000 ns	     31986	80006af0	e00b85d3	fmv.x.w	x11,f23	 f23:0x7fc00000 x11=0x7fc00000
     319895.000 ns	     31988	80006af4	01fb2d33	slt	x26,x22,x31	 x22:0x04800000 x31:0x00000000 x26=0x00000000
     319905.000 ns	     31989	80006af8	3ae6cc13	xori	x24,x13,942	 x13:0x00000000 x24=0x000003ae
     319915.000 ns	     31990	80006afc	54e08013	addi	x0,x1,1358	  x1:0x00000000
     319935.000 ns	     31992	80006b00	206c2dd3	fsgnjx.s	f27,f24,f6	 f24:0x7fc00000  f6:0xce9effff f27=0xffc00000
     319955.000 ns	     31994	80006b04	01a48033	add	x0,x9,x26	  x9:0x00000000 x26:0x00000000
     319975.000 ns	     31996	80006b08	03a37cb3	remu	x25,x6,x26	  x6:0x80041024 x26:0x00000000 x25=0x80041024
     319995.000 ns	     31998	80006b0c	01d8db13	srli	x22,x17,0x1d	 x17:0x04600000 x22=0x00000000
     320005.000 ns	     31999	80006b10	a94b0113	addi	x2,x22,-1388	 x22:0x04800000  x2=0xfffffa94
     320365.000 ns	     32035	80006b14	03c96533	rem	x10,x18,x28	 x18:0xffffffff x28:0x80040fe4 x10=0xffffffff
     320385.000 ns	     32037	80006b18	01b4bcb3	sltu	x25,x9,x27	  x9:0x00000000 x27:0xbec7bbbc x25=0x00000001
     320395.000 ns	     32038	80006b1c	69d848b7	lui	x17,0x69d84	 x17=0x69d84000
     320415.000 ns	     32040	80006b20	03f4ea33	rem	x20,x9,x31	  x9:0x00000000 x31:0x00000000 x20=0x00000000
     320435.000 ns	     32042	80006b24	40665533	sra	x10,x12,x6	 x12:0xffffffff  x6:0x80041024 x10=0xffffffff
     320445.000 ns	     32043	80006b28	41520d33	sub	x26,x4,x21	  x4:0xffffffff x21:0x00000001 x26=0xfffffffe
     320465.000 ns	     32045	80006b2c	d0147653	fcvt.s.wu	f12,x8	  x8:0x7ffffffd f12=0x4effffff
     320485.000 ns	     32047	80006b30	00000013	addi	x0,x0,0	  x0:0x00000000
     320495.000 ns	     32048	80006b34	01238533	add	x10,x7,x18	  x7:0x00000000 x18:0xffffffff x10=0xffffffff
     320505.000 ns	     32049	80006b38	40750033	sub	x0,x10,x7	 x10:0xffffffff  x7:0x00000000
     320525.000 ns	     32051	80006b3c	21cfaed3	fsgnjx.s	f29,f31,f28	 f31:0x7fc00000 f28:0x1f350483 f29=0x7fc00000
     320565.000 ns	     32055	80006b40	11777653	fmul.s	f12,f14,f23	 f14:0x3f800000 f23:0x7fc00000 f12=0x7fc00000
     320585.000 ns	     32057	80006b44	00d5d293	srli	x5,x11,0xd	 x11:0x7fc00000  x5=0x0003fe00
     320605.000 ns	     32059	80006b48	d0167c53	fcvt.s.wu	f24,x12	 x12:0xffffffff f24=0x4f7fffff
     320625.000 ns	     32061	80006b4c	6ddc0093	addi	x1,x24,1757	 x24:0x000003ae  x1=0x00000a8b
     320635.000 ns	     32062	80006b50	aab88193	addi	x3,x17,-1365	 x17:0x69d84000  x3=0x69d83aab
     320665.000 ns	     32065	80006b54	19b2f953	fdiv.s	f18,f5,f27	  f5:0x4f7fffff f27:0xffc00000 f18=0x7fc00000
     320705.000 ns	     32069	80006b58	5801c9d3	fsqrt.s	f19,f3	  f3:0x7fc00000 f19=0x7fc00000
     320745.000 ns	     32073	80006b5c	5800f0d3	fsqrt.s	f1,f1	  f1:0xceff0000  f1=0x7fc00000
     321845.000 ns	     32183	80006b60	580c7253	fsqrt.s	f4,f24	 f24:0x4f7fffff  f4=0x47350461
     321865.000 ns	     32185	80006b64	01df1913	slli	x18,x30,0x1d	 x30:0x00000000 x18=0x00000000
     321885.000 ns	     32187	80006b68	a0e694d3	flt.s	x9,f13,f14	 f13:0x00000000 f14:0x3f800000  x9=0x00000001
     321915.000 ns	     32190	80006b6c	29839453	fmax.s	f8,f7,f24	  f7:0x80000000 f24:0x4f7fffff  f8=0x4f7fffff
     321945.000 ns	     32193	80006b70	02b8b6b3	mulhu	x13,x17,x11	 x17:0x69d84000 x11:0x7fc00000 x13=0x34d1a9f0
     321965.000 ns	     32195	80006b74	00e28eb3	add	x29,x5,x14	  x5:0x0003fe00 x14:0x00000000 x29=0x0003fe00
     321985.000 ns	     32197	80006b78	c0087b53	fcvt.w.s	x22,f16	 f16:0xd1446db4 x22=0x80000000
     322015.000 ns	     32200	80006b7c	2160abd3	fsgnjx.s	f23,f1,f22	  f1:0x7fc00000 f22:0x3f7fffae f23=0x7fc00000
     322045.000 ns	     32203	80006b80	a0b72cd3	feq.s	x25,f14,f11	 f14:0x3f800000 f11:0x80000000 x25=0x00000000
     322065.000 ns	     32205	80006b84	01f011b3	sll	x3,x0,x31	  x0:0x00000000 x31:0x00000000  x3=0x00000000
     322085.000 ns	     32207	80006b88	e00e1953	fclass.s	x18,f28	 f28:0x1f350483 x18=0x00000040
     322105.000 ns	     32209	80006b8c	01311113	slli	x2,x2,0x13	  x2:0xfffffa94  x2=0xd4a00000
     322125.000 ns	     32211	80006b90	c010c2d3	fcvt.wu.s	x5,f1	  f1:0x7fc00000  x5=0xffffffff
     322155.000 ns	     32214	80006b94	28449153	fmax.s	f2,f9,f4	  f9:0x7fc00000  f4:0x47350461  f2=0x47350461
     322175.000 ns	     32216	80006b98	019941b3	xor	x3,x18,x25	 x18:0x00000040 x25:0x00000000  x3=0x00000040
     322195.000 ns	     32218	80006b9c	e0050c53	fmv.x.w	x24,f10	 f10:0x44de8000 x24=0x44de8000
     322225.000 ns	     32221	80006ba0	d01621d3	fcvt.s.wu	f3,x12	 x12:0xffffffff  f3=0x4f800000
     322245.000 ns	     32223	80006ba4	ccb7a193	slti	x3,x15,-821	 x15:0x00000002  x3=0x00000000
     322255.000 ns	     32224	80006ba8	016c31b3	sltu	x3,x24,x22	 x24:0x44de8000 x22:0x80000000  x3=0x00000001
     322265.000 ns	     32225	80006bac	00fe9733	sll	x14,x29,x15	 x29:0x0003fe00 x15:0x00000002 x14=0x000ff800
     322285.000 ns	     32227	80006bb0	c014bd53	fcvt.wu.s	x26,f9	  f9:0x7fc00000 x26=0xffffffff
     322305.000 ns	     32229	80006bb4	81ddde97	auipc	x29,0x81ddd	 x29=0x01de3bb4
     322335.000 ns	     32232	80006bb8	11e8c0d3	fmul.s	f1,f17,f30	 f17:0x7fc00000 f30:0xce400002  f1=0x7fc00000
     322355.000 ns	     32234	80006bbc	0151cbb3	xor	x23,x3,x21	  x3:0x00000001 x21:0x00000001 x23=0x00000000
     322365.000 ns	     32235	80006bc0	01dca8b3	slt	x17,x25,x29	 x25:0x00000000 x29:0x01de3bb4 x17=0x00000001
     322375.000 ns	     32236	80006bc4	87b18017	auipc	x0,0x87b18	
     322415.000 ns	     32240	80006bc8	015179d3	fadd.s	f19,f2,f21	  f2:0x47350461 f21:0xd1446db4 f19=0xd1446da8
     322435.000 ns	     32242	80006bcc	017f1613	slli	x12,x30,0x17	 x30:0x00000000 x12=0x00000000
     322445.000 ns	     32243	80006bd0	01e29093	slli	x1,x5,0x1e	  x5:0xffffffff  x1=0xc0000000
     322465.000 ns	     32245	80006bd4	29f50c53	fmin.s	f24,f10,f31	 f10:0x44de8000 f31:0x7fc00000 f24=0x44de8000
     322485.000 ns	     32247	80006bd8	008cd693	srli	x13,x25,0x8	 x25:0x00000000 x13=0x00000000
     322505.000 ns	     32249	80006bdc	03fcd4b3	divu	x9,x25,x31	 x25:0x00000000 x31:0x00000000  x9=0xffffffff
     322535.000 ns	     32252	80006be0	a18408d3	fle.s	x17,f8,f24	  f8:0x4f7fffff f24:0x44de8000 x17=0x00000000
     322555.000 ns	     32254	80006be4	01fbf933	and	x18,x23,x31	 x23:0x00000000 x31:0x00000000 x18=0x00000000
     322565.000 ns	     32255	80006be8	fda34d97	auipc	x27,0xfda34	 x27=0x7da3abe8
     322575.000 ns	     32256	80006bec	007fa3b3	slt	x7,x31,x7	 x31:0x00000000  x7:0x00000000  x7=0x00000000
     322935.000 ns	     32292	80006bf0	02e5c9b3	div	x19,x11,x14	 x11:0x7fc00000 x14:0x000ff800 x19=0x00000800
     323305.000 ns	     32329	80006bf4	03a776b3	remu	x13,x14,x26	 x14:0x000ff800 x26:0xffffffff x13=0x000ff800
     323335.000 ns	     32332	80006bf8	a0999ed3	flt.s	x29,f19,f9	 f19:0xd1446da8  f9:0x7fc00000 x29=0x00000000
     323365.000 ns	     32335	80006bfc	20981a53	fsgnjn.s	f20,f16,f9	 f16:0xd1446db4  f9:0x7fc00000 f20=0xd1446db4
     323395.000 ns	     32338	80006c00	0309b3b3	mulhu	x7,x19,x16	 x19:0x00000800 x16:0x00000200  x7=0x00000000
     323415.000 ns	     32340	80006c04	19b8c217	auipc	x4,0x19b8c	  x4=0x99b92c04
     323445.000 ns	     32343	80006c08	580a7f53	fsqrt.s	f30,f20	 f20:0xd1446db4 f30=0x7fc00000
     323475.000 ns	     32346	80006c0c	0277f433	remu	x8,x15,x7	 x15:0x00000002  x7:0x00000000  x8=0x00000002
     323495.000 ns	     32348	80006c10	40a85c33	sra	x24,x16,x10	 x16:0x00000200 x10:0xffffffff x24=0x00000000
     323535.000 ns	     32352	80006c14	0869c5d3	fsub.s	f11,f19,f6	 f19:0xd1446da8  f6:0xce9effff f11=0xd13f75a8
     324585.000 ns	     32457	80006c18	58077f53	fsqrt.s	f30,f14	 f14:0x3f800000 f30=0x3f7fffae
     324625.000 ns	     32461	80006c1c	580a7a53	fsqrt.s	f20,f20	 f20:0xd1446db4 f20=0x7fc00000
     324645.000 ns	     32463	80006c20	0b3e4093	xori	x1,x28,179	 x28:0x80040fe4  x1=0x80040f57
     325005.000 ns	     32499	80006c24	035adab3	divu	x21,x21,x21	 x21:0x00000001 x21:0x00000001 x21=0x00000001
     325045.000 ns	     32503	80006c28	10967453	fmul.s	f8,f12,f9	 f12:0x7fc00000  f9:0x7fc00000  f8=0x7fc00000
     325075.000 ns	     32506	80006c2c	21c8a8d3	fsgnjx.s	f17,f17,f28	 f17:0x7fc00000 f28:0x1f350483 f17=0x7fc00000
     325105.000 ns	     32509	80006c30	d00cc8d3	fcvt.s.w	f17,x25	 x25:0x00000000 f17=0x00000000
     325445.000 ns	     32543	80006c34	18587b53	fdiv.s	f22,f16,f5	 f16:0xd1446db4  f5:0x4f7fffff f22=0xc1446db4
     325465.000 ns	     32545	80006c38	63cca4b7	lui	x9,0x63cca	  x9=0x63cca000
     325475.000 ns	     32546	80006c3c	3aa66893	ori	x17,x12,938	 x12:0x00000000 x17=0x000003aa
     325835.000 ns	     32582	80006c40	03b74733	div	x14,x14,x27	 x14:0x000ff800 x27:0x7da3abe8 x14=0x00000000
     325855.000 ns	     32584	80006c44	01180db3	add	x27,x16,x17	 x16:0x00000200 x17:0x00000000 x27=0x000005aa
     325865.000 ns	     32585	80006c48	00ac8133	add	x2,x25,x10	 x25:0x00000000 x10:0xffffffff  x2=0xffffffff
     326225.000 ns	     32621	80006c4c	026d73b3	remu	x7,x26,x6	 x26:0xffffffff  x6:0x80041024  x7=0x7ffbefdb
     326255.000 ns	     32624	80006c50	a1760053	fle.s	x0,f12,f23	 f12:0x7fc00000 f23:0x7fc00000
     326285.000 ns	     32627	80006c54	284d8c53	fmin.s	f24,f27,f4	 f27:0xffc00000  f4:0x47350461 f24=0x47350461
     326305.000 ns	     32629	80006c58	0108b033	sltu	x0,x17,x16	 x17:0x000003aa x16:0x00000200
     326325.000 ns	     32631	80006c5c	29121d53	fmax.s	f26,f4,f17	  f4:0x47350461 f17:0x00000000 f26=0x47350461
     326345.000 ns	     32633	80006c60	004f1d13	slli	x26,x30,0x4	 x30:0x00000000 x26=0x00000000
     326355.000 ns	     32634	80006c64	81be7c93	andi	x25,x28,-2021	 x28:0x80040fe4 x25=0x80040800
     326395.000 ns	     32638	80006c68	0124fd53	fadd.s	f26,f9,f18	  f9:0x7fc00000 f18:0x7fc00000 f26=0x7fc00000
     326765.000 ns	     32675	80006c6c	02415733	divu	x14,x2,x4	  x2:0xffffffff  x4:0x99b92c04 x14=0x00000001
     326785.000 ns	     32677	80006c70	006b9813	slli	x16,x23,0x6	 x23:0x00000000 x16=0x00000000
     326805.000 ns	     32679	80006c74	02e89533	mulh	x10,x17,x14	 x17:0x000003aa x14:0x00000001 x10=0x00000000
     326855.000 ns	     32684	80006c78	01c207d3	fadd.s	f15,f4,f28	  f4:0x47350461 f28:0x1f350483 f15=0x47350461
     326895.000 ns	     32688	80006c7c	18ddfb53	fdiv.s	f22,f27,f13	 f27:0xffc00000 f13:0x00000000 f22=0x7fc00000
     326915.000 ns	     32690	80006c80	2c66ad93	slti	x27,x13,710	 x13:0x000ff800 x27=0x00000000
     326925.000 ns	     32691	80006c84	d8177093	andi	x1,x14,-639	 x14:0x00000001  x1=0x00000001
     326935.000 ns	     32692	80006c88	00219013	slli	x0,x3,0x2	  x3:0x00000001
     326945.000 ns	     32693	80006c8c	18073f93	sltiu	x31,x14,384	 x14:0x00000001 x31=0x00000001
     326965.000 ns	     32695	80006c90	c0119d53	fcvt.wu.s	x26,f3	  f3:0x4f800000 x26=0x00000000
     326995.000 ns	     32698	80006c94	02e6a533	mulhsu	x10,x13,x14	 x13:0x000ff800 x14:0x00000001 x10=0x00000000
     327015.000 ns	     32700	80006c98	00b03733	sltu	x14,x0,x11	  x0:0x00000000 x11:0x7fc00000 x14=0x00000001
     327375.000 ns	     32736	80006c9c	03f64f33	div	x30,x12,x31	 x12:0x00000000 x31:0x00000001 x30=0x00000000
     327395.000 ns	     32738	80006ca0	752cbb13	sltiu	x22,x25,1874	 x25:0x80040800 x22=0x00000000
     327415.000 ns	     32740	80006ca4	a0e48dd3	fle.s	x27,f9,f14	  f9:0x7fc00000 f14:0x3f800000 x27=0x00000000
     327445.000 ns	     32743	80006ca8	20829353	fsgnjn.s	f6,f5,f8	  f5:0x4f7fffff  f8:0x7fc00000  f6=0xcf7fffff
     327485.000 ns	     32747	80006cac	195a73d3	fdiv.s	f7,f20,f21	 f20:0x7fc00000 f21:0xd1446db4  f7=0x7fc00000
     327515.000 ns	     32750	80006cb0	02adcfb3	div	x31,x27,x10	 x27:0x00000000 x10:0x00000000 x31=0xffffffff
     327535.000 ns	     32752	80006cb4	01bc5393	srli	x7,x24,0x1b	 x24:0x00000000  x7=0x00000000
     327555.000 ns	     32754	80006cb8	d019ac53	fcvt.s.wu	f24,x19	 x19:0x00000800 f24=0x45000000
     327585.000 ns	     32757	80006cbc	c017f853	fcvt.wu.s	x16,f15	 f15:0x47350461 x16=0x0000b504
     327615.000 ns	     32760	80006cc0	28749453	fmax.s	f8,f9,f7	  f9:0x7fc00000  f7:0x7fc00000  f8=0x7fc00000
     327665.000 ns	     32765	80006cc4	01e97b53	fadd.s	f22,f18,f30	 f18:0x7fc00000 f30:0x3f7fffae f22=0x7fc00000
     327705.000 ns	     32769	80006cc8	580971d3	fsqrt.s	f3,f18	 f18:0x7fc00000  f3=0x7fc00000
     327735.000 ns	     32772	80006ccc	021e35b3	mulhu	x11,x28,x1	 x28:0x80040fe4  x1:0x00000001 x11=0x00000000
     327755.000 ns	     32774	80006cd0	001399b3	sll	x19,x7,x1	  x7:0x00000000  x1:0x00000001 x19=0x00000000
     327765.000 ns	     32775	80006cd4	01a1c633	xor	x12,x3,x26	  x3:0x00000001 x26:0x00000000 x12=0x00000001
     327785.000 ns	     32777	80006cd8	e0010bd3	fmv.x.w	x23,f2	  f2:0x47350461 x23=0x47350461
     327815.000 ns	     32780	80006cdc	c0002253	fcvt.w.s	x4,f0	  f0:0xbf800000  x4=0xffffffff
     327845.000 ns	     32783	80006ce0	f0018ed3	fmv.w.x	f29,x3	  x3:0x00000001 f29=0x00000001
     327865.000 ns	     32785	80006ce4	3eec7a93	andi	x21,x24,1006	 x24:0x00000000 x21=0x00000000
     327885.000 ns	     32787	80006ce8	d01ccb53	fcvt.s.wu	f22,x25	 x25:0x80040800 f22=0x4f000408
     327925.000 ns	     32791	80006cec	11fff4d3	fmul.s	f9,f31,f31	 f31:0x7fc00000 f31:0x7fc00000  f9=0x7fc00000
     327955.000 ns	     32794	80006cf0	d0197353	fcvt.s.wu	f6,x18	 x18:0x00000000  f6=0x00000000
     327975.000 ns	     32796	80006cf4	015b1593	slli	x11,x22,0x15	 x22:0x00000000 x11=0x00000000
     327985.000 ns	     32797	80006cf8	4191ddb3	sra	x27,x3,x25	  x3:0x00000001 x25:0x80040800 x27=0x00000001
     327995.000 ns	     32798	80006cfc	015e6fb3	or	x31,x28,x21	 x28:0x80040fe4 x21:0x00000000 x31=0x80040fe4
     328025.000 ns	     32801	80006d00	18320fd3	fdiv.s	f31,f4,f3	  f4:0x47350461  f3:0x7fc00000 f31=0x7fc00000
     328055.000 ns	     32804	80006d04	c014f9d3	fcvt.wu.s	x19,f9	  f9:0x7fc00000 x19=0xffffffff
     328075.000 ns	     32806	80006d08	2684bb17	auipc	x22,0x2684b	 x22=0xa6851d08
     328085.000 ns	     32807	80006d0c	6045b813	sltiu	x16,x11,1540	 x11:0x00000000 x16=0x00000001
     328095.000 ns	     32808	80006d10	4005d213	srai	x4,x11,0x0	 x11:0x00000000  x4=0x00000000
     328105.000 ns	     32809	80006d14	01e43533	sltu	x10,x8,x30	  x8:0x00000002 x30:0x00000000 x10=0x00000000
     328135.000 ns	     32812	80006d18	58068ad3	fsqrt.s	f21,f13	 f13:0x00000000 f21=0x00000000
     328165.000 ns	     32815	80006d1c	d01a3fd3	fcvt.s.wu	f31,x20	 x20:0x00000000 f31=0x00000000
     328205.000 ns	     32819	80006d20	19f1f1d3	fdiv.s	f3,f3,f31	  f3:0x7fc00000 f31:0x7fc00000  f3=0x7fc00000
     328225.000 ns	     32821	80006d24	01f050b3	srl	x1,x0,x31	  x0:0x00000000 x31:0x80040fe4  x1=0x00000000
     328235.000 ns	     32822	80006d28	00c140b3	xor	x1,x2,x12	  x2:0xffffffff x12:0x00000001  x1=0xfffffffe
     328245.000 ns	     32823	80006d2c	01a81a93	slli	x21,x16,0x1a	 x16:0x00000001 x21=0x04000000
     328265.000 ns	     32825	80006d30	c0184953	fcvt.wu.s	x18,f16	 f16:0xd1446db4 x18=0x00000000
     328285.000 ns	     32827	80006d34	006e3533	sltu	x10,x28,x6	 x28:0x80040fe4  x6:0x80041024 x10=0x00000001
     328295.000 ns	     32828	80006d38	01c47c33	and	x24,x8,x28	  x8:0x00000002 x28:0x80040fe4 x24=0x00000000
     328315.000 ns	     32830	80006d3c	d00b70d3	fcvt.s.w	f1,x22	 x22:0xa6851d08  f1=0xceb2f5c5
     328335.000 ns	     32832	80006d40	00ae0bb3	add	x23,x28,x10	 x28:0x80040fe4 x10:0x00000001 x23=0x80040fe5
     328355.000 ns	     32834	80006d44	a026acd3	feq.s	x25,f13,f2	 f13:0x00000000  f2:0x47350461 x25=0x00000000
     328385.000 ns	     32837	80006d48	c00941d3	fcvt.w.s	x3,f18	 f18:0x7fc00000  x3=0x7fffffff
     328405.000 ns	     32839	80006d4c	01462db3	slt	x27,x12,x20	 x12:0x00000001 x20:0x00000000 x27=0x00000000
     328425.000 ns	     32841	80006d50	201e1653	fsgnjn.s	f12,f28,f1	 f28:0x1f350483  f1:0xceb2f5c5 f12=0x1f350483
     328455.000 ns	     32844	80006d54	214ba4d3	fsgnjx.s	f9,f23,f20	 f23:0x7fc00000 f20:0x7fc00000  f9=0x7fc00000
     328475.000 ns	     32846	80006d58	53fc0d93	addi	x27,x24,1343	 x24:0x00000000 x27=0x0000053f
     328485.000 ns	     32847	80006d5c	004725b3	slt	x11,x14,x4	 x14:0x00000001  x4:0x00000000 x11=0x00000000
     328495.000 ns	     32848	80006d60	40085fb3	sra	x31,x16,x0	 x16:0x00000001  x0:0x00000000 x31=0x00000001
     328515.000 ns	     32850	80006d64	03ecbc33	mulhu	x24,x25,x30	 x25:0x00000000 x30:0x00000000 x24=0x00000000
     328545.000 ns	     32853	80006d68	a0ee0153	fle.s	x2,f28,f14	 f28:0x1f350483 f14:0x3f800000  x2=0x00000001
     328575.000 ns	     32856	80006d6c	c00e7ad3	fcvt.w.s	x21,f28	 f28:0x1f350483 x21=0x00000000
     328595.000 ns	     32858	80006d70	89258693	addi	x13,x11,-1902	 x11:0x00000000 x13=0xfffff892
     328955.000 ns	     32894	80006d74	03687d33	remu	x26,x16,x22	 x16:0x00000001 x22:0xa6851d08 x26=0x00000001
     328975.000 ns	     32896	80006d78	00000013	addi	x0,x0,0	  x0:0x00000000
     328995.000 ns	     32898	80006d7c	28b911d3	fmax.s	f3,f18,f11	 f18:0x7fc00000 f11:0xd13f75a8  f3=0xd13f75a8
     329035.000 ns	     32902	80006d80	1048c553	fmul.s	f10,f17,f4	 f17:0x00000000  f4:0x47350461 f10=0x00000000
     329405.000 ns	     32939	80006d84	02d5f533	remu	x10,x11,x13	 x11:0x00000000 x13:0xfffff892 x10=0x00000000
     329425.000 ns	     32941	80006d88	4184d813	srai	x16,x9,0x18	  x9:0x63cca000 x16=0x00000063
     329435.000 ns	     32942	80006d8c	010b7eb3	and	x29,x22,x16	 x22:0xa6851d08 x16:0x00000001 x29=0x00000000
     329445.000 ns	     32943	80006d90	8e6fbf13	sltiu	x30,x31,-1818	 x31:0x00000001 x30=0x00000001
     329465.000 ns	     32945	80006d94	a03289d3	fle.s	x19,f5,f3	  f5:0x4f7fffff  f3:0xd13f75a8 x19=0x00000000
     329485.000 ns	     32947	80006d98	016ff933	and	x18,x31,x22	 x31:0x00000001 x22:0xa6851d08 x18=0x00000000
     329495.000 ns	     32948	80006d9c	7deb6513	ori	x10,x22,2014	 x22:0xa6851d08 x10=0xa6851fde
     329505.000 ns	     32949	80006da0	400f0fb3	sub	x31,x30,x0	 x30:0x00000001  x0:0x00000000 x31=0x00000001
     329515.000 ns	     32950	80006da4	012b2433	slt	x8,x22,x18	 x22:0xa6851d08 x18:0x00000000  x8=0x00000001
     329535.000 ns	     32952	80006da8	217727d3	fsgnjx.s	f15,f14,f23	 f14:0x3f800000 f23:0x7fc00000 f15=0x3f800000
     329555.000 ns	     32954	80006dac	40938b33	sub	x22,x7,x9	  x7:0x00000000  x9:0x63cca000 x22=0x9c336000
     329565.000 ns	     32955	80006db0	00000013	addi	x0,x0,0	  x0:0x00000000
     329575.000 ns	     32956	80006db4	01a6dc13	srli	x24,x13,0x1a	 x13:0xfffff892 x24=0x0000003f
     329595.000 ns	     32958	80006db8	c018f4d3	fcvt.wu.s	x9,f17	 f17:0x00000000  x9=0x00000000
     329625.000 ns	     32961	80006dbc	03341833	mulh	x16,x8,x19	  x8:0x00000001 x19:0x00000000 x16=0x00000000
     329655.000 ns	     32964	80006dc0	02479d33	mulh	x26,x15,x4	 x15:0x00000002  x4:0x00000000 x26=0x00000000
     329675.000 ns	     32966	80006dc4	bc493c13	sltiu	x24,x18,-1084	 x18:0x00000000 x24=0x00000001
     329685.000 ns	     32967	80006dc8	014ed4b3	srl	x9,x29,x20	 x29:0x00000000 x20:0x00000000  x9=0x00000000
     329725.000 ns	     32971	80006dcc	091e87d3	fsub.s	f15,f29,f17	 f29:0x00000001 f17:0x00000000 f15=0x00000001
     329755.000 ns	     32974	80006dd0	02872d33	mulhsu	x26,x14,x8	 x14:0x00000001  x8:0x00000001 x26=0x00000000
     329775.000 ns	     32976	80006dd4	957abd37	lui	x26,0x957ab	 x26=0x957ab000
     329785.000 ns	     32977	80006dd8	413ad233	sra	x4,x21,x19	 x21:0x00000000 x19:0x00000000  x4=0x00000000
     329805.000 ns	     32979	80006ddc	c0197c53	fcvt.wu.s	x24,f18	 f18:0x7fc00000 x24=0xffffffff
     330175.000 ns	     33016	80006de0	026edc33	divu	x24,x29,x6	 x29:0x00000000  x6:0x80041024 x24=0x00000000
     330225.000 ns	     33021	80006de4	00cc1853	fadd.s	f16,f24,f12	 f24:0x45000000 f12:0x1f350483 f16=0x45000000
     330255.000 ns	     33024	80006de8	a0b38b53	fle.s	x22,f7,f11	  f7:0x7fc00000 f11:0xd13f75a8 x22=0x00000000
     330285.000 ns	     33027	80006dec	03067233	remu	x4,x12,x16	 x12:0x00000001 x16:0x00000000  x4=0x00000001
     330305.000 ns	     33029	80006df0	00379bb3	sll	x23,x15,x3	 x15:0x00000002  x3:0x7fffffff x23=0x00000000
     330315.000 ns	     33030	80006df4	00c78a33	add	x20,x15,x12	 x15:0x00000002 x12:0x00000001 x20=0x00000003
     330325.000 ns	     33031	80006df8	0006f233	and	x4,x13,x0	 x13:0xfffff892  x0:0x00000000  x4=0x00000000
     330335.000 ns	     33032	80006dfc	41af0533	sub	x10,x30,x26	 x30:0x00000001 x26:0x957ab000 x10=0x6a855001
     330355.000 ns	     33034	80006e00	c01f48d3	fcvt.wu.s	x17,f30	 f30:0x3f7fffae x17=0x00000001
     330385.000 ns	     33037	80006e04	f0058653	fmv.w.x	f12,x11	 x11:0x00000000 f12=0x00000000
     330405.000 ns	     33039	80006e08	00079eb3	sll	x29,x15,x0	 x15:0x00000002  x0:0x00000000 x29=0x00000002
     330425.000 ns	     33041	80006e0c	d0047ad3	fcvt.s.w	f21,x8	  x8:0x00000001 f21=0x3f800000
     330445.000 ns	     33043	80006e10	00000013	addi	x0,x0,0	  x0:0x00000000
     330465.000 ns	     33045	80006e14	038f38b3	mulhu	x17,x30,x24	 x30:0x00000001 x24:0x00000000 x17=0x00000000
     330485.000 ns	     33047	80006e18	01324533	xor	x10,x4,x19	  x4:0x00000000 x19:0x00000000 x10=0x00000000
     330495.000 ns	     33048	80006e1c	00000013	addi	x0,x0,0	  x0:0x00000000
     330515.000 ns	     33050	80006e20	e00a8553	fmv.x.w	x10,f21	 f21:0x3f800000 x10=0x3f800000
     330555.000 ns	     33054	80006e24	1178f553	fmul.s	f10,f17,f23	 f17:0x00000000 f23:0x7fc00000 f10=0x7fc00000
     330575.000 ns	     33056	80006e28	01dce9b3	or	x19,x25,x29	 x25:0x00000000 x29:0x00000002 x19=0x00000002
     330935.000 ns	     33092	80006e2c	03496433	rem	x8,x18,x20	 x18:0x00000000 x20:0x00000003  x8=0x00000000
     330955.000 ns	     33094	80006e30	402153b3	sra	x7,x2,x2	  x2:0x00000001  x2:0x00000001  x7=0x00000000
     330975.000 ns	     33096	80006e34	28e91553	fmax.s	f10,f18,f14	 f18:0x7fc00000 f14:0x3f800000 f10=0x3f800000
     330995.000 ns	     33098	80006e38	010473b3	and	x7,x8,x16	  x8:0x00000000 x16:0x00000000  x7=0x00000000
     331005.000 ns	     33099	80006e3c	41f65833	sra	x16,x12,x31	 x12:0x00000001 x31:0x00000001 x16=0x00000000
     331025.000 ns	     33101	80006e40	20801ed3	fsgnjn.s	f29,f0,f8	  f0:0xbf800000  f8:0x7fc00000 f29=0xbf800000
     331055.000 ns	     33104	80006e44	29919b53	fmax.s	f22,f3,f25	  f3:0xd13f75a8 f25:0x7fc00000 f22=0xd13f75a8
     331085.000 ns	     33107	80006e48	032b4d33	div	x26,x22,x18	 x22:0x00000000 x18:0x00000000 x26=0xffffffff
     331115.000 ns	     33110	80006e4c	d016f653	fcvt.s.wu	f12,x13	 x13:0xfffff892 f12=0x4f7ffff8
     331145.000 ns	     33113	80006e50	29471153	fmax.s	f2,f14,f20	 f14:0x3f800000 f20:0x7fc00000  f2=0x3f800000
     331515.000 ns	     33150	80006e54	02caebb3	rem	x23,x21,x12	 x21:0x00000000 x12:0x00000001 x23=0x00000000
     331545.000 ns	     33153	80006e58	f00706d3	fmv.w.x	f13,x14	 x14:0x00000001 f13=0x00000001
     331585.000 ns	     33157	80006e5c	10dfa5d3	fmul.s	f11,f31,f13	 f31:0x00000000 f13:0x00000000 f11=0x00000000
     331955.000 ns	     33194	80006e60	02da75b3	remu	x11,x20,x13	 x20:0x00000003 x13:0xfffff892 x11=0x00000003
     331975.000 ns	     33196	80006e64	007f9f93	slli	x31,x31,0x7	 x31:0x00000001 x31=0x00000080
     331995.000 ns	     33198	80006e68	20082d53	fsgnjx.s	f26,f16,f0	 f16:0x45000000  f0:0xbf800000 f26=0xc5000000
     332025.000 ns	     33201	80006e6c	0202bfb3	mulhu	x31,x5,x0	  x5:0xffffffff  x0:0x00000000 x31=0x00000000
     332045.000 ns	     33203	80006e70	4095d133	sra	x2,x11,x9	 x11:0x00000003  x9:0x00000000  x2=0x00000003
     332065.000 ns	     33205	80006e74	02ec3c33	mulhu	x24,x24,x14	 x24:0x00000000 x14:0x00000001 x24=0x00000000
     332085.000 ns	     33207	80006e78	012d55b3	srl	x11,x26,x18	 x26:0xffffffff x18:0x00000000 x11=0xffffffff
     332105.000 ns	     33209	80006e7c	c01d7d53	fcvt.wu.s	x26,f26	 f26:0xc5000000 x26=0x00000800
     332125.000 ns	     33211	80006e80	01f52733	slt	x14,x10,x31	 x10:0x3f800000 x31:0x00000000 x14=0x00000000
     332135.000 ns	     33212	80006e84	01916cb3	or	x25,x2,x25	  x2:0x00000003 x25:0x00000000 x25=0x00000003
     332155.000 ns	     33214	80006e88	20fd1453	fsgnjn.s	f8,f26,f15	 f26:0xc5000000 f15:0x00000001  f8=0xc5000000
     332175.000 ns	     33216	80006e8c	00c475b3	and	x11,x8,x12	  x8:0x00000000 x12:0x00000001 x11=0x00000000
     332185.000 ns	     33217	80006e90	00ac9433	sll	x8,x25,x10	 x25:0x00000003 x10:0x3f800000  x8=0x00000003
     333355.000 ns	     33334	80006e94	5806a753	fsqrt.s	f14,f13	 f13:0x00000001 f14=0x1f350483
     333375.000 ns	     33336	80006e98	417ed633	sra	x12,x29,x23	 x29:0x00000002 x23:0x00000000 x12=0x00000002
     333395.000 ns	     33338	80006e9c	035f66b3	rem	x13,x30,x21	 x30:0x00000001 x21:0x00000000 x13=0x00000001
     333425.000 ns	     33341	80006ea0	201c9253	fsgnjn.s	f4,f25,f1	 f25:0x7fc00000  f1:0xceb2f5c5  f4=0x7fc00000
     333455.000 ns	     33344	80006ea4	21098253	fsgnj.s	f4,f19,f16	 f19:0xd1446da8 f16:0x45000000  f4=0x51446da8
     333485.000 ns	     33347	80006ea8	c00e7253	fcvt.w.s	x4,f28	 f28:0x1f350483  x4=0x00000000
     333515.000 ns	     33350	80006eac	28a31ad3	fmax.s	f21,f6,f10	  f6:0x00000000 f10:0x3f800000 f21=0x3f800000
     333535.000 ns	     33352	80006eb0	00395fb3	srl	x31,x18,x3	 x18:0x00000000  x3:0x7fffffff x31=0x00000000
     333545.000 ns	     33353	80006eb4	6fbb2493	slti	x9,x22,1787	 x22:0x00000000  x9=0x00000001
     333575.000 ns	     33356	80006eb8	1010fdd3	fmul.s	f27,f1,f1	  f1:0xceb2f5c5  f1:0xceb2f5c5 f27=0x5dfa3564
     333605.000 ns	     33359	80006ebc	c00f0953	fcvt.w.s	x18,f30	 f30:0x3f7fffae x18=0x00000001
     333625.000 ns	     33361	80006ec0	01cda733	slt	x14,x27,x28	 x27:0x0000053f x28:0x80040fe4 x14=0x00000000
     333635.000 ns	     33362	80006ec4	01e23433	sltu	x8,x4,x30	  x4:0x00000000 x30:0x00000001  x8=0x00000001
     333655.000 ns	     33364	80006ec8	21388053	fsgnj.s	f0,f17,f19	 f17:0x00000000 f19:0xd1446da8  f0=0x80000000
     333685.000 ns	     33367	80006ecc	e00a9453	fclass.s	x8,f21	 f21:0x3f800000  x8=0x00000040
     333705.000 ns	     33369	80006ed0	832bce93	xori	x29,x23,-1998	 x23:0x00000000 x29=0xfffff832
     333725.000 ns	     33371	80006ed4	02152ab3	mulhsu	x21,x10,x1	 x10:0x3f800000  x1:0xfffffffe x21=0x3f7fffff
     333765.000 ns	     33375	80006ed8	19faa153	fdiv.s	f2,f21,f31	 f21:0x3f800000 f31:0x00000000  f2=0x7f800000
     333785.000 ns	     33377	80006edc	01d35513	srli	x10,x6,0x1d	  x6:0x80041024 x10=0x00000004
     333805.000 ns	     33379	80006ee0	213d8bd3	fsgnj.s	f23,f27,f19	 f27:0x5dfa3564 f19:0xd1446da8 f23=0xddfa3564
     333825.000 ns	     33381	80006ee4	40ca8033	sub	x0,x21,x12	 x21:0x3f7fffff x12:0x00000002
     333845.000 ns	     33383	80006ee8	e00995d3	fclass.s	x11,f19	 f19:0xd1446da8 x11=0x00000002
     333865.000 ns	     33385	80006eec	6a1b4b13	xori	x22,x22,1697	 x22:0x00000000 x22=0x000006a1
     334225.000 ns	     33421	80006ef0	0285cf33	div	x30,x11,x8	 x11:0x00000002  x8:0x00000040 x30=0x00000000
     334255.000 ns	     33424	80006ef4	037b8433	mul	x8,x23,x23	 x23:0x00000000 x23:0x00000000  x8=0x00000000
     334285.000 ns	     33427	80006ef8	c007fb53	fcvt.w.s	x22,f15	 f15:0x00000001 x22=0x00000000
     334315.000 ns	     33430	80006efc	d008fcd3	fcvt.s.w	f25,x17	 x17:0x00000000 f25=0x00000000
     334335.000 ns	     33432	80006f00	01a00433	add	x8,x0,x26	  x0:0x00000000 x26:0x00000800  x8=0x00000800
     334355.000 ns	     33434	80006f04	c01ea553	fcvt.wu.s	x10,f29	 f29:0xbf800000 x10=0x00000001
     334405.000 ns	     33439	80006f08	09cd3253	fsub.s	f4,f26,f28	 f26:0xc5000000 f28:0x1f350483  f4=0xc5000000
     334425.000 ns	     33441	80006f0c	0050deb3	srl	x29,x1,x5	  x1:0xfffffffe  x5:0xffffffff x29=0x00000001
     334455.000 ns	     33444	80006f10	5804fc53	fsqrt.s	f24,f9	  f9:0x7fc00000 f24=0x7fc00000
     334485.000 ns	     33447	80006f14	c00413d3	fcvt.w.s	x7,f8	  f8:0xc5000000  x7=0xfffff800
     334515.000 ns	     33450	80006f18	d01cf753	fcvt.s.wu	f14,x25	 x25:0x00000003 f14=0x40400000
     334545.000 ns	     33453	80006f1c	28450a53	fmin.s	f20,f10,f4	 f10:0x3f800000  f4:0xc5000000 f20=0xc5000000
     334585.000 ns	     33457	80006f20	10cc21d3	fmul.s	f3,f24,f12	 f24:0x7fc00000 f12:0x4f7ffff8  f3=0x7fc00000
     334615.000 ns	     33460	80006f24	28660e53	fmin.s	f28,f12,f6	 f12:0x4f7ffff8  f6:0x00000000 f28=0x00000000
     334635.000 ns	     33462	80006f28	6b2a3b93	sltiu	x23,x20,1714	 x20:0x00000003 x23=0x00000001
     334645.000 ns	     33463	80006f2c	6a066c13	ori	x24,x12,1696	 x12:0x00000002 x24=0x000006a2
     334655.000 ns	     33464	80006f30	01e95f33	srl	x30,x18,x30	 x18:0x00000001 x30:0x00000000 x30=0x00000001
     334675.000 ns	     33466	80006f34	a146afd3	feq.s	x31,f13,f20	 f13:0x00000001 f20:0xc5000000 x31=0x00000000
     335045.000 ns	     33503	80006f38	02956933	rem	x18,x10,x9	 x10:0x00000001  x9:0x00000001 x18=0x00000000
     335065.000 ns	     33505	80006f3c	4139d133	sra	x2,x19,x19	 x19:0x00000002 x19:0x00000002  x2=0x00000000
     335075.000 ns	     33506	80006f40	0971b893	sltiu	x17,x3,151	  x3:0x7fffffff x17=0x00000000
     335095.000 ns	     33508	80006f44	027714b3	mulh	x9,x14,x7	 x14:0x00000000  x7:0xfffff800  x9=0x00000000
     335115.000 ns	     33510	80006f48	4002d833	sra	x16,x5,x0	  x5:0xffffffff  x0:0x00000000 x16=0xffffffff
     335125.000 ns	     33511	80006f4c	018d18b3	sll	x17,x26,x24	 x26:0x00000800 x24:0x000006a2 x17=0x00002000
     335145.000 ns	     33513	80006f50	286c9a53	fmax.s	f20,f25,f6	 f25:0x00000000  f6:0x00000000 f20=0x00000000
     335175.000 ns	     33516	80006f54	e00983d3	fmv.x.w	x7,f19	 f19:0xd1446da8  x7=0xd1446da8
     335195.000 ns	     33518	80006f58	001198b3	sll	x17,x3,x1	  x3:0x7fffffff  x1:0xfffffffe x17=0xc0000000
     335205.000 ns	     33519	80006f5c	00aae1b3	or	x3,x21,x10	 x21:0x3f7fffff x10:0x00000001  x3=0x3f7fffff
     335215.000 ns	     33520	80006f60	0173d833	srl	x16,x7,x23	  x7:0xd1446da8 x23:0x00000001 x16=0x68a236d4
     335235.000 ns	     33522	80006f64	a1b30fd3	fle.s	x31,f6,f27	  f6:0x00000000 f27:0x5dfa3564 x31=0x00000001
     335575.000 ns	     33556	80006f68	1810ba53	fdiv.s	f20,f1,f1	  f1:0xceb2f5c5  f1:0xceb2f5c5 f20=0x3f32f5c6
     335595.000 ns	     33558	80006f6c	4a060e93	addi	x29,x12,1184	 x12:0x00000002 x29=0x000004a2
     335615.000 ns	     33560	80006f70	c0067cd3	fcvt.w.s	x25,f12	 f12:0x4f7ffff8 x25=0x7fffffff
     335635.000 ns	     33562	80006f74	14570b13	addi	x22,x14,325	 x14:0x00000000 x22=0x00000145
     335645.000 ns	     33563	80006f78	41b9d933	sra	x18,x19,x27	 x19:0x00000002 x27:0x0000053f x18=0x00000000
     335655.000 ns	     33564	80006f7c	be00a613	slti	x12,x1,-1056	  x1:0xfffffffe x12=0x00000000
     335685.000 ns	     33567	80006f80	19943953	fdiv.s	f18,f8,f25	  f8:0xc5000000 f25:0x00000000 f18=0xff800000
     335705.000 ns	     33569	80006f84	00000013	addi	x0,x0,0	  x0:0x00000000
     335715.000 ns	     33570	80006f88	5e437613	andi	x12,x6,1508	  x6:0x80041024 x12=0x00000024
     335735.000 ns	     33572	80006f8c	28bb0ed3	fmin.s	f29,f22,f11	 f22:0xd13f75a8 f11:0x00000000 f29=0xd13f75a8
     335755.000 ns	     33574	80006f90	011658b3	srl	x17,x12,x17	 x12:0x00000000 x17:0xc0000000 x17=0x00000024
     335765.000 ns	     33575	80006f94	011921b3	slt	x3,x18,x17	 x18:0x00000000 x17:0xc0000000  x3=0x00000001
     335775.000 ns	     33576	80006f98	2019a693	slti	x13,x19,513	 x19:0x00000002 x13=0x00000001
     335785.000 ns	     33577	80006f9c	4003ddb3	sra	x27,x7,x0	  x7:0xd1446da8  x0:0x00000000 x27=0xd1446da8
     335795.000 ns	     33578	80006fa0	5482fab7	lui	x21,0x5482f	 x21=0x5482f000
     335815.000 ns	     33580	80006fa4	a1b525d3	feq.s	x11,f10,f27	 f10:0x3f800000 f27:0x5dfa3564 x11=0x00000000
     335835.000 ns	     33582	80006fa8	01b500b3	add	x1,x10,x27	 x10:0x00000001 x27:0xd1446da8  x1=0xd1446da9
     336165.000 ns	     33615	80006fac	18fefb53	fdiv.s	f22,f29,f15	 f29:0xd13f75a8 f15:0x00000001 f22=0xff800000
     336195.000 ns	     33618	80006fb0	0342b1b3	mulhu	x3,x5,x20	  x5:0xffffffff x20:0x00000003  x3=0x00000002
     336565.000 ns	     33655	80006fb4	02d5c3b3	div	x7,x11,x13	 x11:0x00000000 x13:0x00000001  x7=0x00000000
     336595.000 ns	     33658	80006fb8	213fab53	fsgnjx.s	f22,f31,f19	 f31:0x00000000 f19:0xd1446da8 f22=0x80000000
     336635.000 ns	     33662	80006fbc	10293053	fmul.s	f0,f18,f2	 f18:0xff800000  f2:0x7f800000  f0=0xff800000
     336665.000 ns	     33665	80006fc0	e00a9cd3	fclass.s	x25,f21	 f21:0x3f800000 x25=0x00000040
     336685.000 ns	     33667	80006fc4	00f76233	or	x4,x14,x15	 x14:0x00000000 x15:0x00000002  x4=0x00000002
     336695.000 ns	     33668	80006fc8	00000013	addi	x0,x0,0	  x0:0x00000000
     336705.000 ns	     33669	80006fcc	008de033	or	x0,x27,x8	 x27:0xd1446da8  x8:0x00000800
     336725.000 ns	     33671	80006fd0	21071353	fsgnjn.s	f6,f14,f16	 f14:0x40400000 f16:0x45000000  f6=0xc0400000
     336745.000 ns	     33673	80006fd4	00ac5c13	srli	x24,x24,0xa	 x24:0x000006a2 x24=0x00000001
     336765.000 ns	     33675	80006fd8	a19b9ad3	flt.s	x21,f23,f25	 f23:0xddfa3564 f25:0x00000000 x21=0x00000001
     336795.000 ns	     33678	80006fdc	e0090153	fmv.x.w	x2,f18	 f18:0xff800000  x2=0xff800000
     336845.000 ns	     33683	80006fe0	016770d3	fadd.s	f1,f14,f22	 f14:0x40400000 f22:0x80000000  f1=0x40400000
     336875.000 ns	     33686	80006fe4	d0032ad3	fcvt.s.w	f21,x6	  x6:0x80041024 f21=0xcefff7e0
     336895.000 ns	     33688	80006fe8	4f69c293	xori	x5,x19,1270	 x19:0x00000002  x5=0x000004f4
     336905.000 ns	     33689	80006fec	01d86cb3	or	x25,x16,x29	 x16:0x68a236d4 x29:0x000004a2 x25=0x68a236f6
     336915.000 ns	     33690	80006ff0	aae04f13	xori	x30,x0,-1362	  x0:0x00000000 x30=0xfffffaae
     336935.000 ns	     33692	80006ff4	a1fe91d3	flt.s	x3,f29,f31	 f29:0xd13f75a8 f31:0x00000000  x3=0x00000001
     336965.000 ns	     33695	80006ff8	c00cc2d3	fcvt.w.s	x5,f25	 f25:0x00000000  x5=0x00000000
     337335.000 ns	     33732	80006ffc	02aec833	div	x16,x29,x10	 x29:0x000004a2 x10:0x00000001 x16=0x000004a2
     337365.000 ns	     33735	80007000	215723d3	fsgnjx.s	f7,f14,f21	 f14:0x40400000 f21:0xcefff7e0  f7=0xc0400000
     337385.000 ns	     33737	80007004	b96cd037	lui	x0,0xb96cd	
     337395.000 ns	     33738	80007008	01871013	slli	x0,x14,0x18	 x14:0x00000000
     337405.000 ns	     33739	8000700c	41078633	sub	x12,x15,x16	 x15:0x00000002 x16:0x000004a2 x12=0xfffffb60
     337415.000 ns	     33740	80007010	e11a3d13	sltiu	x26,x20,-495	 x20:0x00000003 x26=0x00000001
     337435.000 ns	     33742	80007014	209c0dd3	fsgnj.s	f27,f24,f9	 f24:0x7fc00000  f9:0x7fc00000 f27=0x7fc00000
     337455.000 ns	     33744	80007018	01fcc5b3	xor	x11,x25,x31	 x25:0x68a236f6 x31:0x00000001 x11=0x68a236f7
     337815.000 ns	     33780	8000701c	021b6cb3	rem	x25,x22,x1	 x22:0x00000145  x1:0xd1446da9 x25=0x00000145
     337865.000 ns	     33785	80007020	085b7c53	fsub.s	f24,f22,f5	 f22:0x80000000  f5:0x4f7fffff f24=0xcf7fffff
     337895.000 ns	     33788	80007024	02803533	mulhu	x10,x0,x8	  x0:0x00000000  x8:0x00000800 x10=0x00000000
     337915.000 ns	     33790	80007028	41375a13	srai	x20,x14,0x13	 x14:0x00000000 x20=0x00000000
     337925.000 ns	     33791	8000702c	003eabb3	slt	x23,x29,x3	 x29:0x000004a2  x3:0x00000001 x23=0x00000000
     337935.000 ns	     33792	80007030	440dae93	slti	x29,x27,1088	 x27:0xd1446da8 x29=0x00000001
     337955.000 ns	     33794	80007034	e00a9f53	fclass.s	x30,f21	 f21:0xcefff7e0 x30=0x00000002
     337975.000 ns	     33796	80007038	41e6d733	sra	x14,x13,x30	 x13:0x00000001 x30:0xfffffaae x14=0x00000000
     337995.000 ns	     33798	8000703c	a08990d3	flt.s	x1,f19,f8	 f19:0xd1446da8  f8:0xc5000000  x1=0x00000001
     338015.000 ns	     33800	80007040	409c5d13	srai	x26,x24,0x9	 x24:0x00000001 x26=0x00000000
     338035.000 ns	     33802	80007044	20340ad3	fsgnj.s	f21,f8,f3	  f8:0xc5000000  f3:0x7fc00000 f21=0x45000000
     338055.000 ns	     33804	80007048	011245b3	xor	x11,x4,x17	  x4:0x00000002 x17:0x00000024 x11=0x00000026
     338075.000 ns	     33806	8000704c	d00e79d3	fcvt.s.w	f19,x28	 x28:0x80040fe4 f19=0xcefff7e0
     338445.000 ns	     33843	80007050	03f7cc33	div	x24,x15,x31	 x15:0x00000002 x31:0x00000001 x24=0x00000002
     338465.000 ns	     33845	80007054	40ce0fb3	sub	x31,x28,x12	 x28:0x80040fe4 x12:0xfffffb60 x31=0x80041484
     338475.000 ns	     33846	80007058	00ac3d33	sltu	x26,x24,x10	 x24:0x00000002 x10:0x00000000 x26=0x00000000
     338485.000 ns	     33847	8000705c	a136c093	xori	x1,x13,-1517	 x13:0x00000001  x1=0xfffffa12
     338505.000 ns	     33849	80007060	a0f78bd3	fle.s	x23,f15,f15	 f15:0x00000001 f15:0x00000001 x23=0x00000001
     338535.000 ns	     33852	80007064	a0848953	fle.s	x18,f9,f8	  f9:0x7fc00000  f8:0xc5000000 x18=0x00000000
     338555.000 ns	     33854	80007068	27822493	slti	x9,x4,632	  x4:0x00000002  x9=0x00000001
     338565.000 ns	     33855	8000706c	dffda913	slti	x18,x27,-513	 x27:0xd1446da8 x18=0x00000001
     338575.000 ns	     33856	80007070	976a4b93	xori	x23,x20,-1674	 x20:0x00000000 x23=0xfffff976
     338595.000 ns	     33858	80007074	027a23b3	mulhsu	x7,x20,x7	 x20:0x00000000  x7:0x00000000  x7=0x00000000
     338625.000 ns	     33861	80007078	287d8953	fmin.s	f18,f27,f7	 f27:0x7fc00000  f7:0xc0400000 f18=0xc0400000
     338645.000 ns	     33863	8000707c	0091d1b3	srl	x3,x3,x9	  x3:0x00000001  x9:0x00000001  x3=0x00000000
     338655.000 ns	     33864	80007080	597b04b7	lui	x9,0x597b0	  x9=0x597b0000
     338665.000 ns	     33865	80007084	011518b3	sll	x17,x10,x17	 x10:0x00000000 x17:0x00000024 x17=0x00000000
     338675.000 ns	     33866	80007088	1819ee93	ori	x29,x19,385	 x19:0x00000002 x29=0x00000183
     338685.000 ns	     33867	8000708c	48197513	andi	x10,x18,1153	 x18:0x00000001 x10=0x00000001
     338695.000 ns	     33868	80007090	a8e83993	sltiu	x19,x16,-1394	 x16:0x000004a2 x19=0x00000001
     338705.000 ns	     33869	80007094	017a9813	slli	x16,x21,0x17	 x21:0x00000001 x16=0x00800000
     338715.000 ns	     33870	80007098	68537737	lui	x14,0x68537	 x14=0x68537000
     338735.000 ns	     33872	8000709c	020e0eb3	mul	x29,x28,x0	 x28:0x80040fe4  x0:0x00000000 x29=0x00000000
     338765.000 ns	     33875	800070a0	03d05133	divu	x2,x0,x29	  x0:0x00000000 x29:0x00000183  x2=0xffffffff
     338785.000 ns	     33877	800070a4	013a4533	xor	x10,x20,x19	 x20:0x00000000 x19:0x00000001 x10=0x00000001
     338795.000 ns	     33878	800070a8	018476b3	and	x13,x8,x24	  x8:0x00000800 x24:0x00000002 x13=0x00000000
     338805.000 ns	     33879	800070ac	f7814e97	auipc	x29,0xf7814	 x29=0x7781b0ac
     338825.000 ns	     33881	800070b0	2094ad53	fsgnjx.s	f26,f9,f9	  f9:0x7fc00000  f9:0x7fc00000 f26=0x7fc00000
     338855.000 ns	     33884	800070b4	a02e1bd3	flt.s	x23,f28,f2	 f28:0x00000000  f2:0x7f800000 x23=0x00000001
     338905.000 ns	     33889	800070b8	094679d3	fsub.s	f19,f12,f20	 f12:0x4f7ffff8 f20:0x3f32f5c6 f19=0x4f7ffff7
     338935.000 ns	     33892	800070bc	c00f75d3	fcvt.w.s	x11,f30	 f30:0x3f7fffae x11=0x00000000
     338965.000 ns	     33895	800070c0	28cf9b53	fmax.s	f22,f31,f12	 f31:0x00000000 f12:0x4f7ffff8 f22=0x4f7ffff8
     338985.000 ns	     33897	800070c4	11cced93	ori	x27,x25,284	 x25:0x00000145 x27=0x0000015d
     339005.000 ns	     33899	800070c8	a18f05d3	fle.s	x11,f30,f24	 f30:0x3f7fffae f24:0xcf7fffff x11=0x00000000
     339375.000 ns	     33936	800070cc	0384c433	div	x8,x9,x24	  x9:0x597b0000 x24:0x00000002  x8=0x2cbd8000
     339745.000 ns	     33973	800070d0	03744033	div	x0,x8,x23	  x8:0x00000800 x23:0x00000001
     339775.000 ns	     33976	800070d4	21e526d3	fsgnjx.s	f13,f10,f30	 f10:0x3f800000 f30:0x3f7fffae f13=0x3f800000
     339815.000 ns	     33980	800070d8	10ebadd3	fmul.s	f27,f23,f14	 f23:0xddfa3564 f14:0x40400000 f27=0xdebba80b
     339845.000 ns	     33983	800070dc	28e207d3	fmin.s	f15,f4,f14	  f4:0xc5000000 f14:0x40400000 f15=0xc5000000
     339875.000 ns	     33986	800070e0	02d15c33	divu	x24,x2,x13	  x2:0xffffffff x13:0x00000000 x24=0xffffffff
     339895.000 ns	     33988	800070e4	0044eab3	or	x21,x9,x4	  x9:0x597b0000  x4:0x00000002 x21=0x597b0002
     339905.000 ns	     33989	800070e8	1a629417	auipc	x8,0x1a629	  x8=0x9a6300e8
     339925.000 ns	     33991	800070ec	f00b0453	fmv.w.x	f8,x22	 x22:0x00000145  f8=0x00000145
     339955.000 ns	     33994	800070f0	210d1ed3	fsgnjn.s	f29,f26,f16	 f26:0x7fc00000 f16:0x45000000 f29=0xffc00000
     340005.000 ns	     33999	800070f4	01ae8953	fadd.s	f18,f29,f26	 f29:0xd13f75a8 f26:0x7fc00000 f18=0x7fc00000
     340025.000 ns	     34001	800070f8	00e0ff33	and	x30,x1,x14	  x1:0xfffffa12 x14:0x68537000 x30=0x68537000
     340035.000 ns	     34002	800070fc	40ffd233	sra	x4,x31,x15	 x31:0x80041484 x15:0x00000002  x4=0xe0010521
     340055.000 ns	     34004	80007100	e00f9253	fclass.s	x4,f31	 f31:0x00000000  x4=0x00000010
     340085.000 ns	     34007	80007104	20ce1953	fsgnjn.s	f18,f28,f12	 f28:0x00000000 f12:0x4f7ffff8 f18=0x80000000
     340105.000 ns	     34009	80007108	4104dc13	srai	x24,x9,0x10	  x9:0x597b0000 x24=0x0000597b
     340115.000 ns	     34010	8000710c	00000013	addi	x0,x0,0	  x0:0x00000000
     340155.000 ns	     34014	80007110	0972f0d3	fsub.s	f1,f5,f23	  f5:0x4f7fffff f23:0xddfa3564  f1=0x5dfa3564
     340185.000 ns	     34017	80007114	03119a33	mulh	x20,x3,x17	  x3:0x00000000 x17:0x00000000 x20=0x00000000
     340205.000 ns	     34019	80007118	018143b3	xor	x7,x2,x24	  x2:0xffffffff x24:0x0000597b  x7=0xffffa684
     340225.000 ns	     34021	8000711c	d0160a53	fcvt.s.wu	f20,x12	 x12:0xfffffb60 f20=0x4f7ffffb
     340255.000 ns	     34024	80007120	f00f04d3	fmv.w.x	f9,x30	 x30:0x68537000  f9=0x68537000
     340275.000 ns	     34026	80007124	c6c8a917	auipc	x18,0xc6c8a	 x18=0x46c91124
     340635.000 ns	     34062	80007128	02f95633	divu	x12,x18,x15	 x18:0x00000001 x15:0x00000002 x12=0x23648892
     340655.000 ns	     34064	8000712c	4148d693	srai	x13,x17,0x14	 x17:0x00000000 x13=0x00000000
     340675.000 ns	     34066	80007130	f00e8253	fmv.w.x	f4,x29	 x29:0x7781b0ac  f4=0x7781b0ac
     340725.000 ns	     34071	80007134	08202e53	fsub.s	f28,f0,f2	  f0:0xff800000  f2:0x7f800000 f28=0x80000000
     340745.000 ns	     34073	80007138	7f4b6a17	auipc	x20,0x7f4b6	 x20=0xff4bd138
     340755.000 ns	     34074	8000713c	0170dfb3	srl	x31,x1,x23	  x1:0xfffffa12 x23:0x00000001 x31=0x7ffffd09
     340765.000 ns	     34075	80007140	01531813	slli	x16,x6,0x15	  x6:0x80041024 x16=0x04800000
     340785.000 ns	     34077	80007144	02d1a033	mulhsu	x0,x3,x13	  x3:0x00000000 x13:0x00000000
     340815.000 ns	     34080	80007148	28700fd3	fmin.s	f31,f0,f7	  f0:0xff800000  f7:0xc0400000 f31=0xff800000
     340845.000 ns	     34083	8000714c	29b013d3	fmax.s	f7,f0,f27	  f0:0xff800000 f27:0xdebba80b  f7=0xdebba80b
     340875.000 ns	     34086	80007150	03293d33	mulhu	x26,x18,x18	 x18:0x46c91124 x18:0x46c91124 x26=0x1392934b
     340895.000 ns	     34088	80007154	f7d1a593	slti	x11,x3,-131	  x3:0x00000000 x11=0x00000000
     340905.000 ns	     34089	80007158	40980733	sub	x14,x16,x9	 x16:0x04800000  x9:0x597b0000 x14=0xab050000
     340925.000 ns	     34091	8000715c	a1621453	flt.s	x8,f4,f22	  f4:0x7781b0ac f22:0x4f7ffff8  x8=0x00000000
     340955.000 ns	     34094	80007160	d0134ed3	fcvt.s.wu	f29,x6	  x6:0x80041024 f29=0x4f000410
     340975.000 ns	     34096	80007164	53466f13	ori	x30,x12,1332	 x12:0x23648892 x30=0x23648db6
     340985.000 ns	     34097	80007168	747c0613	addi	x12,x24,1863	 x24:0x0000597b x12=0x000060c2
     340995.000 ns	     34098	8000716c	004e9fb3	sll	x31,x29,x4	 x29:0x7781b0ac  x4:0x00000010 x31=0xb0ac0000
     341035.000 ns	     34102	80007170	08721ad3	fsub.s	f21,f4,f7	  f4:0x7781b0ac  f7:0xdebba80b f21=0x7781b0ac
     341055.000 ns	     34104	80007174	00bc5893	srli	x17,x24,0xb	 x24:0x0000597b x17=0x0000000b
     341075.000 ns	     34106	80007178	031db2b3	mulhu	x5,x27,x17	 x27:0x0000015d x17:0x00000000  x5=0x00000000
     341095.000 ns	     34108	8000717c	00572fb3	slt	x31,x14,x5	 x14:0xab050000  x5:0x00000000 x31=0x00000001
     341115.000 ns	     34110	80007180	a03126d3	feq.s	x13,f2,f3	  f2:0x7f800000  f3:0x7fc00000 x13=0x00000000
     341145.000 ns	     34113	80007184	218a2553	fsgnjx.s	f10,f20,f24	 f20:0x4f7ffffb f24:0xcf7fffff f10=0xcf7ffffb
     341175.000 ns	     34116	80007188	f00708d3	fmv.w.x	f17,x14	 x14:0xab050000 f17=0xab050000
     341205.000 ns	     34119	8000718c	f00a8a53	fmv.w.x	f20,x21	 x21:0x597b0002 f20=0x597b0002
     341245.000 ns	     34123	80007190	111877d3	fmul.s	f15,f16,f17	 f16:0x45000000 f17:0xab050000 f15=0xb0850000
     341265.000 ns	     34125	80007194	01505833	srl	x16,x0,x21	  x0:0x00000000 x21:0x597b0002 x16=0x00000000
     341275.000 ns	     34126	80007198	017f13b3	sll	x7,x30,x23	 x30:0x23648db6 x23:0x00000001  x7=0x46c91b6c
     341295.000 ns	     34128	8000719c	0353bdb3	mulhu	x27,x7,x21	  x7:0xffffa684 x21:0x597b0002 x27=0x18bded29
     341315.000 ns	     34130	800071a0	01637233	and	x4,x6,x22	  x6:0x80041024 x22:0x00000145  x4=0x00000004
     341335.000 ns	     34132	800071a4	e0059a53	fclass.s	x20,f11	 f11:0x00000000 x20=0x00000010
     341365.000 ns	     34135	800071a8	d0143153	fcvt.s.wu	f2,x8	  x8:0x00000000  f2=0x00000000
     341385.000 ns	     34137	800071ac	012d56b3	srl	x13,x26,x18	 x26:0x1392934b x18:0x46c91124 x13=0x01392934
     341405.000 ns	     34139	800071b0	023d4f33	div	x30,x26,x3	 x26:0x1392934b  x3:0x00000000 x30=0xffffffff
     341425.000 ns	     34141	800071b4	006948b3	xor	x17,x18,x6	 x18:0x46c91124  x6:0x80041024 x17=0xc6cd0100
     341435.000 ns	     34142	800071b8	412dda13	srai	x20,x27,0x12	 x27:0x18bded29 x20=0x0000062f
     341455.000 ns	     34144	800071bc	c014cc53	fcvt.wu.s	x24,f9	  f9:0x68537000 x24=0xffffffff
     341475.000 ns	     34146	800071c0	0041c4b3	xor	x9,x3,x4	  x3:0x00000000  x4:0x00000004  x9=0x00000004
     341835.000 ns	     34182	800071c4	0268fab3	remu	x21,x17,x6	 x17:0xc6cd0100  x6:0x80041024 x21=0x46c8f0dc
     341855.000 ns	     34184	800071c8	53671617	auipc	x12,0x53671	 x12=0xd36781c8
     341875.000 ns	     34186	800071cc	d00c75d3	fcvt.s.w	f11,x24	 x24:0xffffffff f11=0xbf800000
     341915.000 ns	     34190	800071d0	109cfc53	fmul.s	f24,f25,f9	 f25:0x00000000  f9:0x68537000 f24=0x00000000
     341945.000 ns	     34193	800071d4	03281833	mulh	x16,x16,x18	 x16:0x00000000 x18:0x46c91124 x16=0x00000000
     341965.000 ns	     34195	800071d8	006c5c13	srli	x24,x24,0x6	 x24:0xffffffff x24=0x03ffffff
     341985.000 ns	     34197	800071dc	28b69653	fmax.s	f12,f13,f11	 f13:0x3f800000 f11:0xbf800000 f12=0x3f800000
     342015.000 ns	     34200	800071e0	03cc3fb3	mulhu	x31,x24,x28	 x24:0xffffffff x28:0x80040fe4 x31=0x0200103f
     342035.000 ns	     34202	800071e4	7d9aef17	auipc	x30,0x7d9ae	 x30=0xfd9b51e4
     342045.000 ns	     34203	800071e8	bee43d93	sltiu	x27,x8,-1042	  x8:0x00000000 x27=0x00000001
     342055.000 ns	     34204	800071ec	01b11933	sll	x18,x2,x27	  x2:0xffffffff x27:0x18bded29 x18=0xfffffffe
     342065.000 ns	     34205	800071f0	40e15db3	sra	x27,x2,x14	  x2:0xffffffff x14:0xab050000 x27=0xffffffff
     342085.000 ns	     34207	800071f4	e0028dd3	fmv.x.w	x27,f5	  f5:0x4f7fffff x27=0x4f7fffff
     342115.000 ns	     34210	800071f8	21448dd3	fsgnj.s	f27,f9,f20	  f9:0x68537000 f20:0x597b0002 f27=0x68537000
     342145.000 ns	     34213	800071fc	298118d3	fmax.s	f17,f2,f24	  f2:0x00000000 f24:0x00000000 f17=0x00000000
     342175.000 ns	     34216	80007200	a16b9c53	flt.s	x24,f23,f22	 f23:0xddfa3564 f22:0x4f7ffff8 x24=0x00000001
     342545.000 ns	     34253	80007204	03acf0b3	remu	x1,x25,x26	 x25:0x00000145 x26:0x1392934b  x1=0x00000145
     342575.000 ns	     34256	80007208	2159a8d3	fsgnjx.s	f17,f19,f21	 f19:0x4f7ffff7 f21:0x7781b0ac f17=0x4f7ffff7
     342595.000 ns	     34258	8000720c	01e5ef33	or	x30,x11,x30	 x11:0x00000000 x30:0xfd9b51e4 x30=0xfd9b51e4
     342605.000 ns	     34259	80007210	01570a33	add	x20,x14,x21	 x14:0xab050000 x21:0x46c8f0dc x20=0xf1cdf0dc
     342645.000 ns	     34263	80007214	0993fd53	fsub.s	f26,f7,f25	  f7:0xdebba80b f25:0x00000000 f26=0xdebba80b
     342665.000 ns	     34265	80007218	45c7f413	andi	x8,x15,1116	 x15:0x00000002  x8=0x00000000
     342685.000 ns	     34267	8000721c	a026a0d3	feq.s	x1,f13,f2	 f13:0x3f800000  f2:0x00000000  x1=0x00000000
     342705.000 ns	     34269	80007220	f5452417	auipc	x8,0xf5452	  x8=0x75459220
     342725.000 ns	     34271	80007224	02118633	mul	x12,x3,x1	  x3:0x00000000  x1:0x00000000 x12=0x00000000
     342775.000 ns	     34276	80007228	095a73d3	fsub.s	f7,f20,f21	 f20:0x597b0002 f21:0x7781b0ac  f7=0xf781b0ac
     343145.000 ns	     34313	8000722c	0248e3b3	rem	x7,x17,x4	 x17:0xc6cd0100  x4:0x00000004  x7=0x00000000
     343165.000 ns	     34315	80007230	d07ad697	auipc	x13,0xd07ad	 x13=0x507b4230
     343175.000 ns	     34316	80007234	00235393	srli	x7,x6,0x2	  x6:0x80041024  x7=0x20010409
     343185.000 ns	     34317	80007238	00000013	addi	x0,x0,0	  x0:0x00000000
     343205.000 ns	     34319	8000723c	e00588d3	fmv.x.w	x17,f11	 f11:0xbf800000 x17=0xbf800000
     343225.000 ns	     34321	80007240	e1ad46b7	lui	x13,0xe1ad4	 x13=0xe1ad4000
     343235.000 ns	     34322	80007244	018b2133	slt	x2,x22,x24	 x22:0x00000145 x24:0x00000001  x2=0x00000000
     343245.000 ns	     34323	80007248	40ced2b3	sra	x5,x29,x12	 x29:0x7781b0ac x12:0x00000000  x5=0x7781b0ac
     343255.000 ns	     34324	8000724c	006e56b3	srl	x13,x28,x6	 x28:0x80040fe4  x6:0x80041024 x13=0x080040fe
     343285.000 ns	     34327	80007250	113d70d3	fmul.s	f1,f26,f19	 f26:0xdebba80b f19:0x4f7ffff7  f1=0xeebba804
     343315.000 ns	     34330	80007254	0329aeb3	mulhsu	x29,x19,x18	 x19:0x00000001 x18:0xfffffffe x29=0x00000000
     343335.000 ns	     34332	80007258	00575733	srl	x14,x14,x5	 x14:0xab050000  x5:0x7781b0ac x14=0x000ab050
     343355.000 ns	     34334	8000725c	c00f26d3	fcvt.w.s	x13,f30	 f30:0x3f7fffae x13=0x00000000
     343375.000 ns	     34336	80007260	005f1833	sll	x16,x30,x5	 x30:0xfd9b51e4  x5:0x7781b0ac x16=0xb51e4000
     343395.000 ns	     34338	80007264	02dbf4b3	remu	x9,x23,x13	 x23:0x00000001 x13:0x00000000  x9=0x00000001
     344575.000 ns	     34456	80007268	580b12d3	fsqrt.s	f5,f22	 f22:0x4f7ffff8  f5=0x4735045d
     344605.000 ns	     34459	8000726c	e0071a53	fclass.s	x20,f14	 f14:0x40400000 x20=0x00000040
     344625.000 ns	     34461	80007270	200ac813	xori	x16,x21,512	 x21:0x46c8f0dc x16=0x46c8f2dc
     344635.000 ns	     34462	80007274	f5d57b13	andi	x22,x10,-163	 x10:0x00000001 x22=0x00000001
     344645.000 ns	     34463	80007278	4044d393	srai	x7,x9,0x4	  x9:0x00000001  x7=0x00000000
     344665.000 ns	     34465	8000727c	02bc6ab3	rem	x21,x24,x11	 x24:0x00000001 x11:0x00000000 x21=0x00000001
     344695.000 ns	     34468	80007280	027c3cb3	mulhu	x25,x24,x7	 x24:0x00000001  x7:0x20010409 x25=0x00000000
     344725.000 ns	     34471	80007284	d010f1d3	fcvt.s.wu	f3,x1	  x1:0x00000000  f3=0x00000000
     344745.000 ns	     34473	80007288	0e65e417	auipc	x8,0xe65e	  x8=0x8e665288
     344755.000 ns	     34474	8000728c	a0c43897	auipc	x17,0xa0c43	 x17=0x20c4a28c
     344775.000 ns	     34476	80007290	031a2833	mulhsu	x16,x20,x17	 x20:0x00000040 x17:0xbf800000 x16=0x00000008
     345145.000 ns	     34513	80007294	02e260b3	rem	x1,x4,x14	  x4:0x00000004 x14:0x000ab050  x1=0x00000004
     345185.000 ns	     34517	80007298	119549d3	fmul.s	f19,f10,f25	 f10:0xcf7ffffb f25:0x00000000 f19=0x80000000
     345215.000 ns	     34520	8000729c	d01702d3	fcvt.s.wu	f5,x14	 x14:0x000ab050  f5=0x492b0500
     345245.000 ns	     34523	800072a0	d00b3d53	fcvt.s.w	f26,x22	 x22:0x00000001 f26=0x3f800000
     345275.000 ns	     34526	800072a4	e0028cd3	fmv.x.w	x25,f5	  f5:0x492b0500 x25=0x492b0500
     345295.000 ns	     34528	800072a8	000849b3	xor	x19,x16,x0	 x16:0x00000008  x0:0x00000000 x19=0x00000008
     345315.000 ns	     34530	800072ac	d006ccd3	fcvt.s.w	f25,x13	 x13:0x00000000 f25=0x00000000
     345335.000 ns	     34532	800072b0	efb9dfb7	lui	x31,0xefb9d	 x31=0xefb9d000
     345345.000 ns	     34533	800072b4	01178cb3	add	x25,x15,x17	 x15:0x00000002 x17:0x20c4a28c x25=0x20c4a28e
     345705.000 ns	     34569	800072b8	035bcbb3	div	x23,x23,x21	 x23:0x00000001 x21:0x00000001 x23=0x00000001
     345735.000 ns	     34572	800072bc	d004f9d3	fcvt.s.w	f19,x9	  x9:0x00000001 f19=0x3f800000
     345755.000 ns	     34574	800072c0	b973f113	andi	x2,x7,-1129	  x7:0x00000000  x2=0x00000000
     345775.000 ns	     34576	800072c4	e00c0153	fmv.x.w	x2,f24	 f24:0x00000000  x2=0x00000000
     345795.000 ns	     34578	800072c8	01f4c633	xor	x12,x9,x31	  x9:0x00000001 x31:0xefb9d000 x12=0xefb9d001
     346155.000 ns	     34614	800072cc	02836fb3	rem	x31,x6,x8	  x6:0x80041024  x8:0x8e665288 x31=0xf19dbd9c
     346185.000 ns	     34617	800072d0	a16b22d3	feq.s	x5,f22,f22	 f22:0x4f7ffff8 f22:0x4f7ffff8  x5=0x00000001
     346205.000 ns	     34619	800072d4	40d282b3	sub	x5,x5,x13	  x5:0x7781b0ac x13:0x00000000  x5=0x00000001
     346225.000 ns	     34621	800072d8	02dd4633	div	x12,x26,x13	 x26:0x1392934b x13:0x00000000 x12=0xffffffff
     346245.000 ns	     34623	800072dc	7d434013	xori	x0,x6,2004	  x6:0x80041024
     346255.000 ns	     34624	800072e0	01324233	xor	x4,x4,x19	  x4:0x00000004 x19:0x00000008  x4=0x0000000c
     346615.000 ns	     34660	800072e4	03256bb3	rem	x23,x10,x18	 x10:0x00000001 x18:0xfffffffe x23=0x00000001
     346985.000 ns	     34697	800072e8	0312fab3	remu	x21,x5,x17	  x5:0x00000001 x17:0x20c4a28c x21=0x00000001
     347005.000 ns	     34699	800072ec	013f1d13	slli	x26,x30,0x13	 x30:0xfd9b51e4 x26=0x8f200000
     347015.000 ns	     34700	800072f0	00000013	addi	x0,x0,0	  x0:0x00000000
     347045.000 ns	     34703	800072f4	188c3753	fdiv.s	f14,f24,f8	 f24:0x00000000  f8:0x00000145 f14=0x00000000
     347065.000 ns	     34705	800072f8	0187a9b3	slt	x19,x15,x24	 x15:0x00000002 x24:0x00000001 x19=0x00000000
     347425.000 ns	     34741	800072fc	039cea33	rem	x20,x25,x25	 x25:0x20c4a28e x25:0x20c4a28e x20=0x00000000
     347455.000 ns	     34744	80007300	20aa8653	fsgnj.s	f12,f21,f10	 f21:0x7781b0ac f10:0xcf7ffffb f12=0xf781b0ac
     347485.000 ns	     34747	80007304	283b07d3	fmin.s	f15,f22,f3	 f22:0x4f7ffff8  f3:0x00000000 f15=0x00000000
     347505.000 ns	     34749	80007308	01f59493	slli	x9,x11,0x1f	 x11:0x00000000  x9=0x00000000
     347525.000 ns	     34751	8000730c	d009bed3	fcvt.s.w	f29,x19	 x19:0x00000000 f29=0x00000000
     347545.000 ns	     34753	80007310	00763db3	sltu	x27,x12,x7	 x12:0xffffffff  x7:0x00000000 x27=0x00000000
     347555.000 ns	     34754	80007314	7ba24693	xori	x13,x4,1978	  x4:0x0000000c x13=0x000007b6
     347565.000 ns	     34755	80007318	31ea7413	andi	x8,x20,798	 x20:0x00000000  x8=0x00000000
     347585.000 ns	     34757	8000731c	c00133d3	fcvt.w.s	x7,f2	  f2:0x00000000  x7=0x00000000
     347615.000 ns	     34760	80007320	a01682d3	fle.s	x5,f13,f1	 f13:0x3f800000  f1:0xeebba804  x5=0x00000000
     347645.000 ns	     34763	80007324	022e4fb3	div	x31,x28,x2	 x28:0x80040fe4  x2:0x00000000 x31=0xffffffff
     347675.000 ns	     34766	80007328	d00007d3	fcvt.s.w	f15,x0	  x0:0x00000000 f15=0x00000000
     347725.000 ns	     34771	8000732c	00697b53	fadd.s	f22,f18,f6	 f18:0x80000000  f6:0xc0400000 f22=0xc0400000
     347775.000 ns	     34776	80007330	09bf3b53	fsub.s	f22,f30,f27	 f30:0x3f7fffae f27:0x68537000 f22=0xe8537000
     347825.000 ns	     34781	80007334	019cac53	fadd.s	f24,f25,f25	 f25:0x00000000 f25:0x00000000 f24=0x00000000
     347855.000 ns	     34784	80007338	e00e9053	fclass.s	x0,f29	 f29:0x00000000
     347875.000 ns	     34786	8000733c	0018b1b3	sltu	x3,x17,x1	 x17:0x20c4a28c  x1:0x00000004  x3=0x00000000
     347895.000 ns	     34788	80007340	02239eb3	mulh	x29,x7,x2	  x7:0x00000000  x2:0x00000000 x29=0x00000000
     347925.000 ns	     34791	80007344	209c2bd3	fsgnjx.s	f23,f24,f9	 f24:0x00000000  f9:0x68537000 f23=0x00000000
     347955.000 ns	     34794	80007348	a187a053	feq.s	x0,f15,f24	 f15:0x00000000 f24:0x00000000
     347985.000 ns	     34797	8000734c	a16da0d3	feq.s	x1,f27,f22	 f27:0x68537000 f22:0xe8537000  x1=0x00000000
     348015.000 ns	     34800	80007350	215d26d3	fsgnjx.s	f13,f26,f21	 f26:0x3f800000 f21:0x7781b0ac f13=0x3f800000
     348045.000 ns	     34803	80007354	02c2b6b3	mulhu	x13,x5,x12	  x5:0x00000000 x12:0xffffffff x13=0x00000000
     348075.000 ns	     34806	80007358	033950b3	divu	x1,x18,x19	 x18:0xfffffffe x19:0x00000000  x1=0xffffffff
     348095.000 ns	     34808	8000735c	8fc63697	auipc	x13,0x8fc63	 x13=0x0fc6a35c
     348455.000 ns	     34844	80007360	036be8b3	rem	x17,x23,x22	 x23:0x00000001 x22:0x00000001 x17=0x00000000
     348825.000 ns	     34881	80007364	037a6b33	rem	x22,x20,x23	 x20:0x00000000 x23:0x00000001 x22=0x00000000
     348855.000 ns	     34884	80007368	02d1b9b3	mulhu	x19,x3,x13	  x3:0x00000000 x13:0x0fc6a35c x19=0x00000000
     348885.000 ns	     34887	8000736c	f00c8653	fmv.w.x	f12,x25	 x25:0x20c4a28e f12=0x20c4a28e
     348915.000 ns	     34890	80007370	a08f2ed3	feq.s	x29,f30,f8	 f30:0x3f7fffae  f8:0x00000145 x29=0x00000000
     348955.000 ns	     34894	80007374	10587853	fmul.s	f16,f16,f5	 f16:0x45000000  f5:0x492b0500 f16=0x4eab0500
     348985.000 ns	     34897	80007378	29721cd3	fmax.s	f25,f4,f23	  f4:0x7781b0ac f23:0x00000000 f25=0x7781b0ac
     349005.000 ns	     34899	8000737c	01dbe233	or	x4,x23,x29	 x23:0x00000001 x29:0x00000000  x4=0x00000001
     349045.000 ns	     34903	80007380	00251553	fadd.s	f10,f10,f2	 f10:0xcf7ffffb  f2:0x00000000 f10=0xcf7ffffb
     349065.000 ns	     34905	80007384	007d9113	slli	x2,x27,0x7	 x27:0x00000000  x2=0x00000000
     349085.000 ns	     34907	80007388	027858b3	divu	x17,x16,x7	 x16:0x00000008  x7:0x00000000 x17=0xffffffff
     349105.000 ns	     34909	8000738c	002cf5b3	and	x11,x25,x2	 x25:0x20c4a28e  x2:0x00000000 x11=0x00000000
     349115.000 ns	     34910	80007390	01541d33	sll	x26,x8,x21	  x8:0x00000000 x21:0x00000001 x26=0x00000000
     349135.000 ns	     34912	80007394	a0e90dd3	fle.s	x27,f18,f14	 f18:0x80000000 f14:0x00000000 x27=0x00000001
     349155.000 ns	     34914	80007398	0026cd33	xor	x26,x13,x2	 x13:0x0fc6a35c  x2:0x00000000 x26=0x0fc6a35c
     349175.000 ns	     34916	8000739c	f00c07d3	fmv.w.x	f15,x24	 x24:0x00000001 f15=0x00000001
     349205.000 ns	     34919	800073a0	21538653	fsgnj.s	f12,f7,f21	  f7:0xf781b0ac f21:0x7781b0ac f12=0x7781b0ac
     349235.000 ns	     34922	800073a4	281a1ad3	fmax.s	f21,f20,f1	 f20:0x597b0002  f1:0xeebba804 f21=0x597b0002
     349575.000 ns	     34956	800073a8	18747153	fdiv.s	f2,f8,f7	  f8:0x00000145  f7:0xf781b0ac  f2=0x80000000
     349605.000 ns	     34959	800073ac	20a12253	fsgnjx.s	f4,f2,f10	  f2:0x00000000 f10:0xcf7ffffb  f4=0x00000000
     349975.000 ns	     34996	800073b0	0391dc33	divu	x24,x3,x25	  x3:0x00000000 x25:0x20c4a28e x24=0x00000000
     350005.000 ns	     34999	800073b4	c00dfed3	fcvt.w.s	x29,f27	 f27:0x68537000 x29=0x7fffffff
     350035.000 ns	     35002	800073b8	c007f1d3	fcvt.w.s	x3,f15	 f15:0x00000001  x3=0x00000000
     350405.000 ns	     35039	800073bc	03faed33	rem	x26,x21,x31	 x21:0x00000001 x31:0xffffffff x26=0x00000000
     350435.000 ns	     35042	800073c0	29a91353	fmax.s	f6,f18,f26	 f18:0x80000000 f26:0x3f800000  f6=0x3f800000
     350455.000 ns	     35044	800073c4	5bffed13	ori	x26,x31,1471	 x31:0xffffffff x26=0xffffffff
     350465.000 ns	     35045	800073c8	98ad8493	addi	x9,x27,-1654	 x27:0x00000001  x9=0xfffff98b
     350475.000 ns	     35046	800073cc	01881993	slli	x19,x16,0x18	 x16:0x00000008 x19=0x08000000
     350495.000 ns	     35048	800073d0	a17e0753	fle.s	x14,f28,f23	 f28:0x80000000 f23:0x00000000 x14=0x00000001
     350515.000 ns	     35050	800073d4	01039133	sll	x2,x7,x16	  x7:0x00000000 x16:0x00000008  x2=0x00000000
     350555.000 ns	     35054	800073d8	09db1ad3	fsub.s	f21,f22,f29	 f22:0xe8537000 f29:0x00000000 f21=0xe8537000
     350605.000 ns	     35059	800073dc	09c47653	fsub.s	f12,f8,f28	  f8:0x00000145 f28:0x80000000 f12=0x00000145
     350625.000 ns	     35061	800073e0	01daa133	slt	x2,x21,x29	 x21:0x00000001 x29:0x7fffffff  x2=0x00000001
     350665.000 ns	     35065	800073e4	095dfdd3	fsub.s	f27,f27,f21	 f27:0x68537000 f21:0xe8537000 f27=0x68d37000
     350685.000 ns	     35067	800073e8	719fa637	lui	x12,0x719fa	 x12=0x719fa000
     350695.000 ns	     35068	800073ec	003f33b3	sltu	x7,x30,x3	 x30:0xfd9b51e4  x3:0x00000000  x7=0x00000000
     350725.000 ns	     35071	800073f0	189c7fd3	fdiv.s	f31,f24,f9	 f24:0x00000000  f9:0x68537000 f31=0x00000000
     350745.000 ns	     35073	800073f4	6e573113	sltiu	x2,x14,1765	 x14:0x00000001  x2=0x00000001
     350755.000 ns	     35074	800073f8	00c4bd33	sltu	x26,x9,x12	  x9:0xfffff98b x12:0x719fa000 x26=0x00000000
     350775.000 ns	     35076	800073fc	03aedf33	divu	x30,x29,x26	 x29:0x7fffffff x26:0xffffffff x30=0xffffffff
     350805.000 ns	     35079	80007400	293c03d3	fmin.s	f7,f24,f19	 f24:0x00000000 f19:0x3f800000  f7=0x00000000
     351175.000 ns	     35116	80007404	02f6f033	remu	x0,x13,x15	 x13:0x0fc6a35c x15:0x00000002
     351205.000 ns	     35119	80007408	29e71a53	fmax.s	f20,f14,f30	 f14:0x00000000 f30:0x3f7fffae f20=0x3f7fffae
     351225.000 ns	     35121	8000740c	16dffeb7	lui	x29,0x16dff	 x29=0x16dff000
     351245.000 ns	     35123	80007410	a1b32dd3	feq.s	x27,f6,f27	  f6:0x3f800000 f27:0x68d37000 x27=0x00000000
     351265.000 ns	     35125	80007414	00000013	addi	x0,x0,0	  x0:0x00000000
     351275.000 ns	     35126	80007418	8fe86113	ori	x2,x16,-1794	 x16:0x00000008  x2=0xfffff8fe
     351295.000 ns	     35128	8000741c	021a39b3	mulhu	x19,x20,x1	 x20:0x00000000  x1:0xffffffff x19=0x00000000
     351315.000 ns	     35130	80007420	5ab8cc93	xori	x25,x17,1451	 x17:0xffffffff x25=0xfffffa54
     351335.000 ns	     35132	80007424	02472bb3	mulhsu	x23,x14,x4	 x14:0x00000001  x4:0x00000001 x23=0x00000000
     351355.000 ns	     35134	80007428	f035c137	lui	x2,0xf035c	  x2=0xf035c000
     351375.000 ns	     35136	8000742c	a13d0a53	fle.s	x20,f26,f19	 f26:0x3f800000 f19:0x3f800000 x20=0x00000001
     351395.000 ns	     35138	80007430	38fdc993	xori	x19,x27,911	 x27:0x00000000 x19=0x0000038f
     351405.000 ns	     35139	80007434	01da8d33	add	x26,x21,x29	 x21:0x00000001 x29:0x16dff000 x26=0x16dff001
     351425.000 ns	     35141	80007438	c01274d3	fcvt.wu.s	x9,f4	  f4:0x00000000  x9=0x00000000
     351445.000 ns	     35143	8000743c	00b39713	slli	x14,x7,0xb	  x7:0x00000000 x14=0x00000000
     351455.000 ns	     35144	80007440	005a6db3	or	x27,x20,x5	 x20:0x00000001  x5:0x00000000 x27=0x00000001
     351475.000 ns	     35146	80007444	a1308d53	fle.s	x26,f1,f19	  f1:0xeebba804 f19:0x3f800000 x26=0x00000001
     351525.000 ns	     35151	80007448	09dc22d3	fsub.s	f5,f24,f29	 f24:0x00000000 f29:0x00000000  f5=0x80000000
     351895.000 ns	     35188	8000744c	03495a33	divu	x20,x18,x20	 x18:0xfffffffe x20:0x00000001 x20=0xfffffffe
     351925.000 ns	     35191	80007450	a1189cd3	flt.s	x25,f17,f17	 f17:0x4f7ffff7 f17:0x4f7ffff7 x25=0x00000000
     351955.000 ns	     35194	80007454	298c0553	fmin.s	f10,f24,f24	 f24:0x00000000 f24:0x00000000 f10=0x00000000
     351975.000 ns	     35196	80007458	011b9b13	slli	x22,x23,0x11	 x23:0x00000000 x22=0x00000000
     351985.000 ns	     35197	8000745c	de48b613	sltiu	x12,x17,-540	 x17:0xffffffff x12=0x00000000
     352005.000 ns	     35199	80007460	d0068dd3	fcvt.s.w	f27,x13	 x13:0x0fc6a35c f27=0x4d7c6a35
     352025.000 ns	     35201	80007464	00439593	slli	x11,x7,0x4	  x7:0x00000000 x11=0x00000000
     352065.000 ns	     35205	80007468	01cf8453	fadd.s	f8,f31,f28	 f31:0x00000000 f28:0x80000000  f8=0x80000000
     352085.000 ns	     35207	8000746c	00dfc933	xor	x18,x31,x13	 x31:0xffffffff x13:0x0fc6a35c x18=0xf0395ca3
     352105.000 ns	     35209	80007470	c004b9d3	fcvt.w.s	x19,f9	  f9:0x68537000 x19=0x7fffffff
     352125.000 ns	     35211	80007474	5cdc6413	ori	x8,x24,1485	 x24:0x00000000  x8=0x000005cd
     352145.000 ns	     35213	80007478	d005f1d3	fcvt.s.w	f3,x11	 x11:0x00000000  f3=0x00000000
     352175.000 ns	     35216	8000747c	f00f82d3	fmv.w.x	f5,x31	 x31:0xffffffff  f5=0xffffffff
     352195.000 ns	     35218	80007480	e5930593	addi	x11,x6,-423	  x6:0x80041024 x11=0x80040e7d
     352225.000 ns	     35221	80007484	580c72d3	fsqrt.s	f5,f24	 f24:0x00000000  f5=0x00000000
     352245.000 ns	     35223	80007488	00a84433	xor	x8,x16,x10	 x16:0x00000008 x10:0x00000001  x8=0x00000009
     352265.000 ns	     35225	8000748c	02f715b3	mulh	x11,x14,x15	 x14:0x00000000 x15:0x00000002 x11=0x00000000
     352295.000 ns	     35228	80007490	28879653	fmax.s	f12,f15,f8	 f15:0x00000001  f8:0x80000000 f12=0x00000001
     352315.000 ns	     35230	80007494	016c22b3	slt	x5,x24,x22	 x24:0x00000000 x22:0x00000000  x5=0x00000000
     352335.000 ns	     35232	80007498	a15d10d3	flt.s	x1,f26,f21	 f26:0x3f800000 f21:0xe8537000  x1=0x00000000
     352355.000 ns	     35234	8000749c	898c6493	ori	x9,x24,-1896	 x24:0x00000000  x9=0xfffff898
     352365.000 ns	     35235	800074a0	e5453d13	sltiu	x26,x10,-428	 x10:0x00000001 x26=0x00000001
     352375.000 ns	     35236	800074a4	17b13893	sltiu	x17,x2,379	  x2:0xf035c000 x17=0x00000000
     352385.000 ns	     35237	800074a8	00c79133	sll	x2,x15,x12	 x15:0x00000002 x12:0x00000000  x2=0x00000002
     352405.000 ns	     35239	800074ac	020168b3	rem	x17,x2,x0	  x2:0xf035c000  x0:0x00000000 x17=0x00000002
     352425.000 ns	     35241	800074b0	f4868493	addi	x9,x13,-184	 x13:0x0fc6a35c  x9=0x0fc6a2a4
     352445.000 ns	     35243	800074b4	02f388b3	mul	x17,x7,x15	  x7:0x00000000 x15:0x00000002 x17=0x00000000
     352815.000 ns	     35280	800074b8	034dea33	rem	x20,x27,x20	 x27:0x00000001 x20:0xfffffffe x20=0x00000001
     352845.000 ns	     35283	800074bc	a05a8a53	fle.s	x20,f21,f5	 f21:0xe8537000  f5:0x00000000 x20=0x00000001
     352865.000 ns	     35285	800074c0	00000013	addi	x0,x0,0	  x0:0x00000000
     352875.000 ns	     35286	800074c4	0069d233	srl	x4,x19,x6	 x19:0x7fffffff  x6:0x80041024  x4=0x07ffffff
     352885.000 ns	     35287	800074c8	60edf017	auipc	x0,0x60edf	
     352905.000 ns	     35289	800074cc	20da18d3	fsgnjn.s	f17,f20,f13	 f20:0x3f7fffae f13:0x3f800000 f17=0xbf7fffae
     352935.000 ns	     35292	800074d0	03529db3	mulh	x27,x5,x21	  x5:0x00000000 x21:0x00000001 x27=0x00000000
     352965.000 ns	     35295	800074d4	d012fb53	fcvt.s.wu	f22,x5	  x5:0x00000000 f22=0x00000000
     353015.000 ns	     35300	800074d8	00978ad3	fadd.s	f21,f15,f9	 f15:0x00000001  f9:0x68537000 f21=0x68537000
     353045.000 ns	     35303	800074dc	a0028953	fle.s	x18,f5,f0	  f5:0x00000000  f0:0xff800000 x18=0x00000000
     353095.000 ns	     35308	800074e0	09d17ad3	fsub.s	f21,f2,f29	  f2:0x80000000 f29:0x00000000 f21=0x80000000
     353125.000 ns	     35311	800074e4	e00084d3	fmv.x.w	x9,f1	  f1:0xeebba804  x9=0xeebba804
     353155.000 ns	     35314	800074e8	a0822dd3	feq.s	x27,f4,f8	  f4:0x00000000  f8:0x80000000 x27=0x00000001
     353205.000 ns	     35319	800074ec	089a20d3	fsub.s	f1,f20,f9	 f20:0x3f7fffae  f9:0x68537000  f1=0xe8537000
     353255.000 ns	     35324	800074f0	00a9f953	fadd.s	f18,f19,f10	 f19:0x3f800000 f10:0x00000000 f18=0x3f800000
     353285.000 ns	     35327	800074f4	217e27d3	fsgnjx.s	f15,f28,f23	 f28:0x80000000 f23:0x00000000 f15=0x80000000
     353305.000 ns	     35329	800074f8	415501b3	sub	x3,x10,x21	 x10:0x00000001 x21:0x00000001  x3=0x00000000
     353325.000 ns	     35331	800074fc	c00a78d3	fcvt.w.s	x17,f20	 f20:0x3f7fffae x17=0x00000000
     353345.000 ns	     35333	80007500	002c1893	slli	x17,x24,0x2	 x24:0x00000000 x17=0x00000000
     353365.000 ns	     35335	80007504	020ebab3	mulhu	x21,x29,x0	 x29:0x16dff000  x0:0x00000000 x21=0x00000000
     353395.000 ns	     35338	80007508	03442d33	mulhsu	x26,x8,x20	  x8:0x00000009 x20:0x00000001 x26=0x00000000
     353425.000 ns	     35341	8000750c	023ec6b3	div	x13,x29,x3	 x29:0x16dff000  x3:0x00000000 x13=0xffffffff
     353455.000 ns	     35344	80007510	29dd90d3	fmax.s	f1,f27,f29	 f27:0x4d7c6a35 f29:0x00000000  f1=0x4d7c6a35
     353825.000 ns	     35381	80007514	03b1e6b3	rem	x13,x3,x27	  x3:0x00000000 x27:0x00000001 x13=0x00000000
     353845.000 ns	     35383	80007518	00881093	slli	x1,x16,0x8	 x16:0x00000008  x1=0x00000800
     353855.000 ns	     35384	8000751c	40bf5233	sra	x4,x30,x11	 x30:0xffffffff x11:0x00000000  x4=0xffffffff
     353875.000 ns	     35386	80007520	e0070d53	fmv.x.w	x26,f14	 f14:0x00000000 x26=0x00000000
     353895.000 ns	     35388	80007524	f21f7813	andi	x16,x30,-223	 x30:0xffffffff x16=0xffffff21
     353905.000 ns	     35389	80007528	01eaffb3	and	x31,x21,x30	 x21:0x00000000 x30:0xffffffff x31=0x00000000
     353925.000 ns	     35391	8000752c	e00392d3	fclass.s	x5,f7	  f7:0x00000000  x5=0x00000010
     353955.000 ns	     35394	80007530	a1591bd3	flt.s	x23,f18,f21	 f18:0x3f800000 f21:0x80000000 x23=0x00000000
     353975.000 ns	     35396	80007534	3058fa13	andi	x20,x17,773	 x17:0x00000000 x20=0x00000000
     353995.000 ns	     35398	80007538	02c674b3	remu	x9,x12,x12	 x12:0x00000000 x12:0x00000000  x9=0x00000000
     354015.000 ns	     35400	8000753c	41b05193	srai	x3,x0,0x1b	  x0:0x00000000  x3=0x00000000
     354025.000 ns	     35401	80007540	b5554813	xori	x16,x10,-1195	 x10:0x00000001 x16=0xfffffb54
     354045.000 ns	     35403	80007544	29558c53	fmin.s	f24,f11,f21	 f11:0xbf800000 f21:0x80000000 f24=0xbf800000
     354415.000 ns	     35440	80007548	026b78b3	remu	x17,x22,x6	 x22:0x00000000  x6:0x80041024 x17=0x00000000
     354445.000 ns	     35443	8000754c	d014fb53	fcvt.s.wu	f22,x9	  x9:0x00000000 f22=0x00000000
     354475.000 ns	     35446	80007550	d00b30d3	fcvt.s.w	f1,x22	 x22:0x00000000  f1=0x00000000
     354505.000 ns	     35449	80007554	28f21ed3	fmax.s	f29,f4,f15	  f4:0x00000000 f15:0x80000000 f29=0x00000000
     354535.000 ns	     35452	80007558	20360c53	fsgnj.s	f24,f12,f3	 f12:0x00000001  f3:0x00000000 f24=0x00000001
     354555.000 ns	     35454	8000755c	ab970a13	addi	x20,x14,-1351	 x14:0x00000000 x20=0xfffffab9
     354565.000 ns	     35455	80007560	86d43093	sltiu	x1,x8,-1939	  x8:0x00000009  x1=0x00000001
     354575.000 ns	     35456	80007564	00ae2c33	slt	x24,x28,x10	 x28:0x80040fe4 x10:0x00000001 x24=0x00000001
     354595.000 ns	     35458	80007568	28d208d3	fmin.s	f17,f4,f13	  f4:0x00000000 f13:0x3f800000 f17=0x00000000
     354615.000 ns	     35460	8000756c	00ced4b3	srl	x9,x29,x12	 x29:0x16dff000 x12:0x00000000  x9=0x16dff000
     354625.000 ns	     35461	80007570	00473133	sltu	x2,x14,x4	 x14:0x00000000  x4:0xffffffff  x2=0x00000001
     354645.000 ns	     35463	80007574	d01679d3	fcvt.s.wu	f19,x12	 x12:0x00000000 f19=0x00000000
     354665.000 ns	     35465	80007578	01af8eb3	add	x29,x31,x26	 x31:0x00000000 x26:0x00000000 x29=0x00000000
     354675.000 ns	     35466	8000757c	8c6cfb13	andi	x22,x25,-1850	 x25:0x00000000 x22=0x00000000
     354695.000 ns	     35468	80007580	020a2433	mulhsu	x8,x20,x0	 x20:0xfffffab9  x0:0x00000000  x8=0x00000000
     354745.000 ns	     35473	80007584	085fbfd3	fsub.s	f31,f31,f5	 f31:0x00000000  f5:0x00000000 f31=0x80000000
     354775.000 ns	     35476	80007588	023aba33	mulhu	x20,x21,x3	 x21:0x00000000  x3:0x00000000 x20=0x00000000
     354795.000 ns	     35478	8000758c	40138bb3	sub	x23,x7,x1	  x7:0x00000000  x1:0x00000001 x23=0xffffffff
     354815.000 ns	     35480	80007590	d0169253	fcvt.s.wu	f4,x13	 x13:0x00000000  f4=0x00000000
     354835.000 ns	     35482	80007594	01f8d133	srl	x2,x17,x31	 x17:0x00000000 x31:0x00000000  x2=0x00000000
     354845.000 ns	     35483	80007598	00cf3733	sltu	x14,x30,x12	 x30:0xffffffff x12:0x00000000 x14=0x00000000
     354855.000 ns	     35484	8000759c	01d4fab3	and	x21,x9,x29	  x9:0x16dff000 x29:0x00000000 x21=0x00000000
     354865.000 ns	     35485	800075a0	00aa0cb3	add	x25,x20,x10	 x20:0x00000000 x10:0x00000001 x25=0x00000001
     354875.000 ns	     35486	800075a4	00a93b33	sltu	x22,x18,x10	 x18:0x00000000 x10:0x00000001 x22=0x00000001
     354885.000 ns	     35487	800075a8	012b0db3	add	x27,x22,x18	 x22:0x00000000 x18:0x00000000 x27=0x00000001
     354905.000 ns	     35489	800075ac	20da1bd3	fsgnjn.s	f23,f20,f13	 f20:0x3f7fffae f13:0x3f800000 f23=0xbf7fffae
     354925.000 ns	     35491	800075b0	000ddd33	srl	x26,x27,x0	 x27:0x00000001  x0:0x00000000 x26=0x00000001
     354965.000 ns	     35495	800075b4	00787a53	fadd.s	f20,f16,f7	 f16:0x4eab0500  f7:0x00000000 f20=0x4eab0500
     354985.000 ns	     35497	800075b8	00b982b3	add	x5,x19,x11	 x19:0x7fffffff x11:0x00000000  x5=0x7fffffff
     354995.000 ns	     35498	800075bc	41915cb3	sra	x25,x2,x25	  x2:0x00000000 x25:0x00000001 x25=0x00000000
     355015.000 ns	     35500	800075c0	025ca3b3	mulhsu	x7,x25,x5	 x25:0x00000001  x5:0x00000010  x7=0x00000000
     355035.000 ns	     35502	800075c4	017e1193	slli	x3,x28,0x17	 x28:0x80040fe4  x3=0xf2000000
     355075.000 ns	     35506	800075c8	093271d3	fsub.s	f3,f4,f19	  f4:0x00000000 f19:0x00000000  f3=0x80000000
     355095.000 ns	     35508	800075cc	59b1a413	slti	x8,x3,1435	  x3:0x00000000  x8=0x00000001
     355455.000 ns	     35544	800075d0	021b44b3	div	x9,x22,x1	 x22:0x00000001  x1:0x00000001  x9=0x00000001
     355485.000 ns	     35547	800075d4	029a18b3	mulh	x17,x20,x9	 x20:0x00000000  x9:0x16dff000 x17=0x00000000
     355515.000 ns	     35550	800075d8	2159ad53	fsgnjx.s	f26,f19,f21	 f19:0x00000000 f21:0x80000000 f26=0x80000000
     355535.000 ns	     35552	800075dc	00c44fb3	xor	x31,x8,x12	  x8:0x00000001 x12:0x00000000 x31=0x00000001
     355545.000 ns	     35553	800075e0	1c9322b7	lui	x5,0x1c932	  x5=0x1c932000
     355555.000 ns	     35554	800075e4	017f9393	slli	x7,x31,0x17	 x31:0x00000000  x7=0x00800000
     355565.000 ns	     35555	800075e8	33414613	xori	x12,x2,820	  x2:0x00000000 x12=0x00000334
     355575.000 ns	     35556	800075ec	011eb833	sltu	x16,x29,x17	 x29:0x00000000 x17:0x00000000 x16=0x00000000
     355585.000 ns	     35557	800075f0	00000013	addi	x0,x0,0	  x0:0x00000000
     355605.000 ns	     35559	800075f4	201024d3	fsgnjx.s	f9,f0,f1	  f0:0xff800000  f1:0x00000000  f9=0xff800000
     355625.000 ns	     35561	800075f8	010c68b3	or	x17,x24,x16	 x24:0x00000001 x16:0x00000000 x17=0x00000001
     355985.000 ns	     35597	800075fc	03e242b3	div	x5,x4,x30	  x4:0xffffffff x30:0xffffffff  x5=0x00000001
     356015.000 ns	     35600	80007600	02d81f33	mulh	x30,x16,x13	 x16:0x00000000 x13:0x00000000 x30=0x00000000
     356035.000 ns	     35602	80007604	31c0d017	auipc	x0,0x31c0d	
     356055.000 ns	     35604	80007608	a08b8453	fle.s	x8,f23,f8	 f23:0xbf7fffae  f8:0x80000000  x8=0x00000001
     356075.000 ns	     35606	8000760c	01438d33	add	x26,x7,x20	  x7:0x00800000 x20:0x00000000 x26=0x00800000
     356085.000 ns	     35607	80007610	00a8c433	xor	x8,x17,x10	 x17:0x00000001 x10:0x00000001  x8=0x00000000
     356105.000 ns	     35609	80007614	a0fd28d3	feq.s	x17,f26,f15	 f26:0x80000000 f15:0x80000000 x17=0x00000001
     356125.000 ns	     35611	80007618	27a6d197	auipc	x3,0x27a6d	  x3=0xa7a74618
     356135.000 ns	     35612	8000761c	f392c617	auipc	x12,0xf392c	 x12=0x7393361c
     356145.000 ns	     35613	80007620	13104b93	xori	x23,x0,305	  x0:0x00000000 x23=0x00000131
     356185.000 ns	     35617	80007624	00c7f853	fadd.s	f16,f15,f12	 f15:0x80000000 f12:0x00000001 f16=0x00000001
     356205.000 ns	     35619	80007628	01fb2433	slt	x8,x22,x31	 x22:0x00000001 x31:0x00000001  x8=0x00000000
     356225.000 ns	     35621	8000762c	20c20553	fsgnj.s	f10,f4,f12	  f4:0x00000000 f12:0x00000001 f10=0x00000000
     356255.000 ns	     35624	80007630	e0039b53	fclass.s	x22,f7	  f7:0x00000000 x22=0x00000010
     356285.000 ns	     35627	80007634	29721853	fmax.s	f16,f4,f23	  f4:0x00000000 f23:0xbf7fffae f16=0x00000000
     356305.000 ns	     35629	80007638	01566d33	or	x26,x12,x21	 x12:0x7393361c x21:0x00000000 x26=0x7393361c
     356315.000 ns	     35630	8000763c	e929cf93	xori	x31,x19,-366	 x19:0x7fffffff x31=0x8000016d
     356345.000 ns	     35633	80007640	11fc7e53	fmul.s	f28,f24,f31	 f24:0x00000001 f31:0x80000000 f28=0x80000000
     356375.000 ns	     35636	80007644	03e91fb3	mulh	x31,x18,x30	 x18:0x00000000 x30:0x00000000 x31=0x00000000
     356405.000 ns	     35639	80007648	c001f3d3	fcvt.w.s	x7,f3	  f3:0x80000000  x7=0x00000000
     356435.000 ns	     35642	8000764c	02ec89b3	mul	x19,x25,x14	 x25:0x00000000 x14:0x00000000 x19=0x00000000
     356455.000 ns	     35644	80007650	b9b5ad13	slti	x26,x11,-1125	 x11:0x00000000 x26=0x00000000
     356475.000 ns	     35646	80007654	21b3a2d3	fsgnjx.s	f5,f7,f27	  f7:0x00000000 f27:0x4d7c6a35  f5=0x00000000
     356495.000 ns	     35648	80007658	41c70533	sub	x10,x14,x28	 x14:0x00000000 x28:0x80040fe4 x10=0x7ffbf01c
     356515.000 ns	     35650	8000765c	c01a95d3	fcvt.wu.s	x11,f21	 f21:0x80000000 x11=0x00000000
     356545.000 ns	     35653	80007660	a1171a53	flt.s	x20,f14,f17	 f14:0x00000000 f17:0x00000000 x20=0x00000000
     356575.000 ns	     35656	80007664	03dd78b3	remu	x17,x26,x29	 x26:0x00000000 x29:0x00000000 x17=0x00000000
     356615.000 ns	     35660	80007668	10667053	fmul.s	f0,f12,f6	 f12:0x00000001  f6:0x3f800000  f0=0x00000002
     356635.000 ns	     35662	8000766c	7fdac293	xori	x5,x21,2045	 x21:0x00000000  x5=0x000007fd
     356645.000 ns	     35663	80007670	01456d33	or	x26,x10,x20	 x10:0x7ffbf01c x20:0x00000000 x26=0x7ffbf01c
     356685.000 ns	     35667	80007674	088b14d3	fsub.s	f9,f22,f8	 f22:0x00000000  f8:0x80000000  f9=0x00000000
     356715.000 ns	     35670	80007678	039b6433	rem	x8,x22,x25	 x22:0x00000010 x25:0x00000000  x8=0x00000010
     356735.000 ns	     35672	8000767c	003c8233	add	x4,x25,x3	 x25:0x00000000  x3:0xa7a74618  x4=0xa7a74618
     356755.000 ns	     35674	80007680	02faa5b3	mulhsu	x11,x21,x15	 x21:0x00000000 x15:0x00000002 x11=0x00000000
     356775.000 ns	     35676	80007684	3d9d7297	auipc	x5,0x3d9d7	  x5=0xbd9de684
     356805.000 ns	     35679	80007688	1193f4d3	fmul.s	f9,f7,f25	  f7:0x00000000 f25:0x7781b0ac  f9=0x00000000
     356825.000 ns	     35681	8000768c	fad32a93	slti	x21,x6,-83	  x6:0x80041024 x21=0x00000001
     357185.000 ns	     35717	80007690	0238c1b3	div	x3,x17,x3	 x17:0x00000000  x3:0xa7a74618  x3=0x00000000
     357215.000 ns	     35720	80007694	02d9a8b3	mulhsu	x17,x19,x13	 x19:0x00000000 x13:0x00000000 x17=0x00000000
     357265.000 ns	     35725	80007698	090a4cd3	fsub.s	f25,f20,f16	 f20:0x4eab0500 f16:0x00000000 f25=0x4eab0500
     357285.000 ns	     35727	8000769c	32a56037	lui	x0,0x32a56	
     357305.000 ns	     35729	800076a0	c014fcd3	fcvt.wu.s	x25,f9	  f9:0x00000000 x25=0x00000000
     357335.000 ns	     35732	800076a4	03541433	mulh	x8,x8,x21	  x8:0x00000010 x21:0x00000001  x8=0x00000000
     358515.000 ns	     35850	800076a8	580329d3	fsqrt.s	f19,f6	  f6:0x3f800000 f19=0x3f7fffae
     358535.000 ns	     35852	800076ac	00a11233	sll	x4,x2,x10	  x2:0x00000000 x10:0x7ffbf01c  x4=0x00000000
     358545.000 ns	     35853	800076b0	0121a9b3	slt	x19,x3,x18	  x3:0x00000000 x18:0x00000000 x19=0x00000000
     358565.000 ns	     35855	800076b4	f0030253	fmv.w.x	f4,x6	  x6:0x80041024  f4=0x80041024
     358595.000 ns	     35858	800076b8	026b0133	mul	x2,x22,x6	 x22:0x00000010  x6:0x80041024  x2=0x00410240
     358615.000 ns	     35860	800076bc	0083ddb3	srl	x27,x7,x8	  x7:0x00000000  x8:0x00000000 x27=0x00000000
     358635.000 ns	     35862	800076c0	c018f853	fcvt.wu.s	x16,f17	 f17:0x00000000 x16=0x00000000
     358675.000 ns	     35866	800076c4	58084bd3	fsqrt.s	f23,f16	 f16:0x00000000 f23=0x00000000
     359045.000 ns	     35903	800076c8	035cec33	rem	x24,x25,x21	 x25:0x00000000 x21:0x00000001 x24=0x00000000
     359075.000 ns	     35906	800076cc	a1baa4d3	feq.s	x9,f21,f27	 f21:0x80000000 f27:0x4d7c6a35  x9=0x00000000
     359115.000 ns	     35910	800076d0	10ad3ad3	fmul.s	f21,f26,f10	 f26:0x80000000 f10:0x00000000 f21=0x80000000
     359485.000 ns	     35947	800076d4	036cd833	divu	x16,x25,x22	 x25:0x00000000 x22:0x00000010 x16=0x00000000
     359515.000 ns	     35950	800076d8	204f1f53	fsgnjn.s	f30,f30,f4	 f30:0x3f7fffae  f4:0x80041024 f30=0x3f7fffae
     359545.000 ns	     35953	800076dc	03b3fb33	remu	x22,x7,x27	  x7:0x00000000 x27:0x00000000 x22=0x00000000
     359565.000 ns	     35955	800076e0	0078e633	or	x12,x17,x7	 x17:0x00000000  x7:0x00000000 x12=0x00000000
     359575.000 ns	     35956	800076e4	016139b3	sltu	x19,x2,x22	  x2:0x00410240 x22:0x00000000 x19=0x00000000
     359595.000 ns	     35958	800076e8	20191a53	fsgnjn.s	f20,f18,f1	 f18:0x3f800000  f1:0x00000000 f20=0xbf800000
     359625.000 ns	     35961	800076ec	d00e7c53	fcvt.s.w	f24,x28	 x28:0x80040fe4 f24=0xcefff7e0
     359655.000 ns	     35964	800076f0	e0000ad3	fmv.x.w	x21,f0	  f0:0x00000002 x21=0x00000002
     359675.000 ns	     35966	800076f4	00ad71b3	and	x3,x26,x10	 x26:0x7ffbf01c x10:0x7ffbf01c  x3=0x7ffbf01c
     359685.000 ns	     35967	800076f8	ea982093	slti	x1,x16,-343	 x16:0x00000000  x1=0x00000000
     359705.000 ns	     35969	800076fc	029034b3	mulhu	x9,x0,x9	  x0:0x00000000  x9:0x00000000  x9=0x00000000
     359735.000 ns	     35972	80007700	03920233	mul	x4,x4,x25	  x4:0x00000000 x25:0x00000000  x4=0x00000000
     360915.000 ns	     36090	80007704	58003ed3	fsqrt.s	f29,f0	  f0:0x00000002 f29=0x1f350483
     360945.000 ns	     36093	80007708	28ea1f53	fmax.s	f30,f20,f14	 f20:0xbf800000 f14:0x00000000 f30=0x00000000
     360965.000 ns	     36095	8000770c	015c6c33	or	x24,x24,x21	 x24:0x00000000 x21:0x00000002 x24=0x00000002
     360995.000 ns	     36098	80007710	111afdd3	fmul.s	f27,f21,f17	 f21:0x80000000 f17:0x00000000 f27=0x80000000
     361035.000 ns	     36102	80007714	10b40b53	fmul.s	f22,f8,f11	  f8:0x80000000 f11:0xbf800000 f22=0x00000000
     361065.000 ns	     36105	80007718	f00a86d3	fmv.w.x	f13,x21	 x21:0x00000002 f13=0x00000002
     361085.000 ns	     36107	8000771c	411e5033	sra	x0,x28,x17	 x28:0x80040fe4 x17:0x00000000
     361095.000 ns	     36108	80007720	01a09e93	slli	x29,x1,0x1a	  x1:0x00000000 x29=0x00000000
     361105.000 ns	     36109	80007724	01aedab3	srl	x21,x29,x26	 x29:0x00000000 x26:0x7ffbf01c x21=0x00000000
     361115.000 ns	     36110	80007728	01ecd8b3	srl	x17,x25,x30	 x25:0x00000000 x30:0x00000000 x17=0x00000000
     361135.000 ns	     36112	8000772c	c0189dd3	fcvt.wu.s	x27,f17	 f17:0x00000000 x27=0x00000000
     361165.000 ns	     36115	80007730	21109753	fsgnjn.s	f14,f1,f17	  f1:0x00000000 f17:0x00000000 f14=0x80000000
     361185.000 ns	     36117	80007734	01170db3	add	x27,x14,x17	 x14:0x00000000 x17:0x00000000 x27=0x00000000
     361195.000 ns	     36118	80007738	012756b3	srl	x13,x14,x18	 x14:0x00000000 x18:0x00000000 x13=0x00000000
     361215.000 ns	     36120	8000773c	29c40953	fmin.s	f18,f8,f28	  f8:0x80000000 f28:0x80000000 f18=0x80000000
     361245.000 ns	     36123	80007740	a14c2f53	feq.s	x30,f24,f20	 f24:0xcefff7e0 f20:0xbf800000 x30=0x00000000
     361275.000 ns	     36126	80007744	c00bb8d3	fcvt.w.s	x17,f23	 f23:0x00000000 x17=0x00000000
     361305.000 ns	     36129	80007748	024ae733	rem	x14,x21,x4	 x21:0x00000000  x4:0x00000000 x14=0x00000000
     361335.000 ns	     36132	8000774c	21d88753	fsgnj.s	f14,f17,f29	 f17:0x00000000 f29:0x1f350483 f14=0x00000000
     361355.000 ns	     36134	80007750	01b2cfb3	xor	x31,x5,x27	  x5:0xbd9de684 x27:0x00000000 x31=0xbd9de684
     361365.000 ns	     36135	80007754	01cc0633	add	x12,x24,x28	 x24:0x00000002 x28:0x80040fe4 x12=0x80040fe6
     361375.000 ns	     36136	80007758	01173833	sltu	x16,x14,x17	 x14:0x00000000 x17:0x00000000 x16=0x00000000
     361735.000 ns	     36172	8000775c	02686433	rem	x8,x16,x6	 x16:0x00000000  x6:0x80041024  x8=0x00000000
     361775.000 ns	     36176	80007760	18b47ad3	fdiv.s	f21,f8,f11	  f8:0x80000000 f11:0xbf800000 f21=0x00000000
     361805.000 ns	     36179	80007764	205b9353	fsgnjn.s	f6,f23,f5	 f23:0x00000000  f5:0x00000000  f6=0x80000000
     361835.000 ns	     36182	80007768	a1ac1c53	flt.s	x24,f24,f26	 f24:0xcefff7e0 f26:0x80000000 x24=0x00000001
     361865.000 ns	     36185	8000776c	02218c33	mul	x24,x3,x2	  x3:0x7ffbf01c  x2:0x00410240 x24=0xedf83f00
     361885.000 ns	     36187	80007770	97283393	sltiu	x7,x16,-1678	 x16:0x00000000  x7=0x00000001
     361895.000 ns	     36188	80007774	01e294b3	sll	x9,x5,x30	  x5:0xbd9de684 x30:0x00000000  x9=0xbd9de684
     361915.000 ns	     36190	80007778	032e3c33	mulhu	x24,x28,x18	 x28:0x80040fe4 x18:0x00000000 x24=0x00000000
     361935.000 ns	     36192	8000777c	16c20937	lui	x18,0x16c20	 x18=0x16c20000
     361955.000 ns	     36194	80007780	c00aa4d3	fcvt.w.s	x9,f21	 f21:0x00000000  x9=0x00000000
     361985.000 ns	     36197	80007784	0214d3b3	divu	x7,x9,x1	  x9:0xbd9de684  x1:0x00000000  x7=0xffffffff
     362015.000 ns	     36200	80007788	c0047053	fcvt.w.s	x0,f8	  f8:0x80000000
     362045.000 ns	     36203	8000778c	e00b9553	fclass.s	x10,f23	 f23:0x00000000 x10=0x00000010
     362085.000 ns	     36207	80007790	5807c1d3	fsqrt.s	f3,f15	 f15:0x80000000  f3=0x80000000
     362105.000 ns	     36209	80007794	5404b293	sltiu	x5,x9,1344	  x9:0x00000000  x5=0x00000001
     362125.000 ns	     36211	80007798	02fb9233	mulh	x4,x23,x15	 x23:0x00000131 x15:0x00000002  x4=0x00000000
     362155.000 ns	     36214	8000779c	20dc0cd3	fsgnj.s	f25,f24,f13	 f24:0xcefff7e0 f13:0x00000002 f25=0x4efff7e0
     362185.000 ns	     36217	800077a0	03844533	div	x10,x8,x24	  x8:0x00000000 x24:0x00000000 x10=0xffffffff
     362215.000 ns	     36220	800077a4	02559433	mulh	x8,x11,x5	 x11:0x00000000  x5:0x00000001  x8=0x00000000
     362255.000 ns	     36224	800077a8	197b39d3	fdiv.s	f19,f22,f23	 f22:0x00000000 f23:0x00000000 f19=0x7fc00000
     362275.000 ns	     36226	800077ac	00fb5613	srli	x12,x22,0xf	 x22:0x00000000 x12=0x00000000
     362295.000 ns	     36228	800077b0	e00e95d3	fclass.s	x11,f29	 f29:0x1f350483 x11=0x00000040
     362325.000 ns	     36231	800077b4	c01cb8d3	fcvt.wu.s	x17,f25	 f25:0x4efff7e0 x17=0x7ffbf000
     362345.000 ns	     36233	800077b8	00c30f33	add	x30,x6,x12	  x6:0x80041024 x12:0x00000000 x30=0x80041024
     362355.000 ns	     36234	800077bc	011c9113	slli	x2,x25,0x11	 x25:0x00000000  x2=0x00000000
     362375.000 ns	     36236	800077c0	034840b3	div	x1,x16,x20	 x16:0x00000000 x20:0x00000000  x1=0xffffffff
     362395.000 ns	     36238	800077c4	004ee233	or	x4,x29,x4	 x29:0x00000000  x4:0x00000000  x4=0x00000000
     362415.000 ns	     36240	800077c8	281e99d3	fmax.s	f19,f29,f1	 f29:0x1f350483  f1:0x00000000 f19=0x1f350483
     362435.000 ns	     36242	800077cc	60a3c913	xori	x18,x7,1546	  x7:0xffffffff x18=0xfffff9f5
     362445.000 ns	     36243	800077d0	296de917	auipc	x18,0x296de	 x18=0xa96e57d0
     362455.000 ns	     36244	800077d4	405bd533	sra	x10,x23,x5	 x23:0x00000131  x5:0x00000001 x10=0x00000098
     362465.000 ns	     36245	800077d8	40038733	sub	x14,x7,x0	  x7:0xffffffff  x0:0x00000000 x14=0xffffffff
     362475.000 ns	     36246	800077dc	00f6d013	srli	x0,x13,0xf	 x13:0x00000000
     362485.000 ns	     36247	800077e0	08bab113	sltiu	x2,x21,139	 x21:0x00000000  x2=0x00000001
     362495.000 ns	     36248	800077e4	26b73193	sltiu	x3,x14,619	 x14:0xffffffff  x3=0x00000000
     362515.000 ns	     36250	800077e8	e00a06d3	fmv.x.w	x13,f20	 f20:0xbf800000 x13=0xbf800000
     362545.000 ns	     36253	800077ec	a10092d3	flt.s	x5,f1,f16	  f1:0x00000000 f16:0x00000000  x5=0x00000000
     362575.000 ns	     36256	800077f0	03429eb3	mulh	x29,x5,x20	  x5:0x00000001 x20:0x00000000 x29=0x00000000
     362605.000 ns	     36259	800077f4	02537c33	remu	x24,x6,x5	  x6:0x80041024  x5:0x00000000 x24=0x80041024
     362635.000 ns	     36262	800077f8	201f2153	fsgnjx.s	f2,f30,f1	 f30:0x00000000  f1:0x00000000  f2=0x00000000
     362655.000 ns	     36264	800077fc	186d8b13	addi	x22,x27,390	 x27:0x00000000 x22=0x00000186
     362695.000 ns	     36268	80007800	00661853	fadd.s	f16,f12,f6	 f12:0x00000001  f6:0x80000000 f16=0x00000001
     362725.000 ns	     36271	80007804	a0f30953	fle.s	x18,f6,f15	  f6:0x80000000 f15:0x80000000 x18=0x00000001
     362745.000 ns	     36273	80007808	41bb5513	srai	x10,x22,0x1b	 x22:0x00000186 x10=0x00000000
     362755.000 ns	     36274	8000780c	01f8cd33	xor	x26,x17,x31	 x17:0x7ffbf000 x31:0xbd9de684 x26=0xc2661684
     362775.000 ns	     36276	80007810	e0040053	fmv.x.w	x0,f8	  f8:0x80000000
     362795.000 ns	     36278	80007814	e6522993	slti	x19,x4,-411	  x4:0x00000000 x19=0x00000000
     362815.000 ns	     36280	80007818	c01d8c53	fcvt.wu.s	x24,f27	 f27:0x80000000 x24=0x00000000
     362835.000 ns	     36282	8000781c	95158913	addi	x18,x11,-1711	 x11:0x00000040 x18=0xfffff991
     362855.000 ns	     36284	80007820	206a81d3	fsgnj.s	f3,f21,f6	 f21:0x00000000  f6:0x80000000  f3=0x80000000
     362875.000 ns	     36286	80007824	1601e197	auipc	x3,0x1601e	  x3=0x96025824
     362885.000 ns	     36287	80007828	d2540c93	addi	x25,x8,-731	  x8:0x00000000 x25=0xfffffd25
     363245.000 ns	     36323	8000782c	03265033	divu	x0,x12,x18	 x12:0x00000000 x18:0xfffff991
     363265.000 ns	     36325	80007830	dd953d97	auipc	x27,0xdd953	 x27=0x5d95a830
     363275.000 ns	     36326	80007834	4083d633	sra	x12,x7,x8	  x7:0xffffffff  x8:0x00000000 x12=0xffffffff
     363295.000 ns	     36328	80007838	21d403d3	fsgnj.s	f7,f8,f29	  f8:0x80000000 f29:0x1f350483  f7=0x00000000
     363315.000 ns	     36330	8000783c	01387fb3	and	x31,x16,x19	 x16:0x00000000 x19:0x00000000 x31=0x00000000
     363325.000 ns	     36331	80007840	5299c413	xori	x8,x19,1321	 x19:0x00000000  x8=0x00000529
     363345.000 ns	     36333	80007844	d00fb2d3	fcvt.s.w	f5,x31	 x31:0xbd9de684  f5=0x00000000
     363375.000 ns	     36336	80007848	2060a253	fsgnjx.s	f4,f1,f6	  f1:0x00000000  f6:0x80000000  f4=0x80000000
     363415.000 ns	     36340	8000784c	1169f4d3	fmul.s	f9,f19,f22	 f19:0x1f350483 f22:0x00000000  f9=0x00000000
     363435.000 ns	     36342	80007850	40d08fb3	sub	x31,x1,x13	  x1:0xffffffff x13:0xbf800000 x31=0x407fffff
     363455.000 ns	     36344	80007854	c0089d53	fcvt.w.s	x26,f17	 f17:0x00000000 x26=0x00000000
     363475.000 ns	     36346	80007858	40a9d213	srai	x4,x19,0xa	 x19:0x00000000  x4=0x00000000
     363485.000 ns	     36347	8000785c	0102d713	srli	x14,x5,0x10	  x5:0x00000000 x14=0x00000000
     363495.000 ns	     36348	80007860	a57a2813	slti	x16,x20,-1449	 x20:0x00000000 x16=0x00000000
     363505.000 ns	     36349	80007864	0128d0b3	srl	x1,x17,x18	 x17:0x7ffbf000 x18:0xfffff991  x1=0x00003ffd
     363515.000 ns	     36350	80007868	afd32c93	slti	x25,x6,-1283	  x6:0x80041024 x25=0x00000001
     363525.000 ns	     36351	8000786c	01010ab3	add	x21,x2,x16	  x2:0x00000001 x16:0x00000000 x21=0x00000001
     363545.000 ns	     36353	80007870	a1d895d3	flt.s	x11,f17,f29	 f17:0x00000000 f29:0x1f350483 x11=0x00000001
     363915.000 ns	     36390	80007874	0225fab3	remu	x21,x11,x2	 x11:0x00000040  x2:0x00000001 x21=0x00000000
     363945.000 ns	     36393	80007878	21f78453	fsgnj.s	f8,f15,f31	 f15:0x80000000 f31:0x80000000  f8=0x80000000
     363975.000 ns	     36396	8000787c	21d303d3	fsgnj.s	f7,f6,f29	  f6:0x80000000 f29:0x1f350483  f7=0x00000000
     364005.000 ns	     36399	80007880	c00a1fd3	fcvt.w.s	x31,f20	 f20:0xbf800000 x31=0xffffffff
     364025.000 ns	     36401	80007884	4138db13	srai	x22,x17,0x13	 x17:0x7ffbf000 x22=0x00000fff
     364045.000 ns	     36403	80007888	e0048d53	fmv.x.w	x26,f9	  f9:0x00000000 x26=0x00000000
     364065.000 ns	     36405	8000788c	0118d0b3	srl	x1,x17,x17	 x17:0x7ffbf000 x17:0x7ffbf000  x1=0x7ffbf000
     364085.000 ns	     36407	80007890	f0050553	fmv.w.x	f10,x10	 x10:0x00000000 f10=0x00000000
     364115.000 ns	     36410	80007894	20278d53	fsgnj.s	f26,f15,f2	 f15:0x80000000  f2:0x00000000 f26=0x00000000
     364485.000 ns	     36447	80007898	03fae033	rem	x0,x21,x31	 x21:0x00000000 x31:0xffffffff
     364825.000 ns	     36481	8000789c	193c8e53	fdiv.s	f28,f25,f19	 f25:0x4efff7e0 f19:0x1f350483 f28=0x6f34aefa
     364845.000 ns	     36483	800078a0	008bbab3	sltu	x21,x23,x8	 x23:0x00000131  x8:0x00000529 x21=0x00000001
     364865.000 ns	     36485	800078a4	a121a4d3	feq.s	x9,f3,f18	  f3:0x80000000 f18:0x80000000  x9=0x00000001
     364895.000 ns	     36488	800078a8	21d892d3	fsgnjn.s	f5,f17,f29	 f17:0x00000000 f29:0x1f350483  f5=0x80000000
     364925.000 ns	     36491	800078ac	e0001cd3	fclass.s	x25,f0	  f0:0x00000002 x25=0x00000020
     364965.000 ns	     36495	800078b0	580b7353	fsqrt.s	f6,f22	 f22:0x00000000  f6=0x00000000
     364985.000 ns	     36497	800078b4	9fed6bb7	lui	x23,0x9fed6	 x23=0x9fed6000
     364995.000 ns	     36498	800078b8	45443537	lui	x10,0x45443	 x10=0x45443000
     365005.000 ns	     36499	800078bc	40a98db3	sub	x27,x19,x10	 x19:0x00000000 x10:0x00000000 x27=0xbabbd000
     365025.000 ns	     36501	800078c0	28c694d3	fmax.s	f9,f13,f12	 f13:0x00000002 f12:0x00000001  f9=0x00000002
     365055.000 ns	     36504	800078c4	29b10653	fmin.s	f12,f2,f27	  f2:0x00000000 f27:0x80000000 f12=0x80000000
     365085.000 ns	     36507	800078c8	e00b9bd3	fclass.s	x23,f23	 f23:0x00000000 x23=0x00000010
     365105.000 ns	     36509	800078cc	5b333013	sltiu	x0,x6,1459	  x6:0x80041024
     365115.000 ns	     36510	800078d0	0014f833	and	x16,x9,x1	  x9:0x00000001  x1:0x7ffbf000 x16=0x00000000
     366105.000 ns	     36609	800078d4	580e0fd3	fsqrt.s	f31,f28	 f28:0x6f34aefa f31=0x56ff862e
     366135.000 ns	     36612	800078d8	216d87d3	fsgnj.s	f15,f27,f22	 f27:0x80000000 f22:0x00000000 f15=0x00000000
     366505.000 ns	     36649	800078dc	031ccd33	div	x26,x25,x17	 x25:0x00000020 x17:0x7ffbf000 x26=0x00000000
     366525.000 ns	     36651	800078e0	41a2d833	sra	x16,x5,x26	  x5:0x00000000 x26:0x00000000 x16=0x00000000
     366545.000 ns	     36653	800078e4	289c9553	fmax.s	f10,f25,f9	 f25:0x4efff7e0  f9:0x00000002 f10=0x4efff7e0
     366575.000 ns	     36656	800078e8	2021a553	fsgnjx.s	f10,f3,f2	  f3:0x80000000  f2:0x00000000 f10=0x80000000
     366595.000 ns	     36658	800078ec	d4bee1b7	lui	x3,0xd4bee	  x3=0xd4bee000
     366605.000 ns	     36659	800078f0	00298233	add	x4,x19,x2	 x19:0x00000000  x2:0x00000001  x4=0x00000001
     366615.000 ns	     36660	800078f4	55e47493	andi	x9,x8,1374	  x8:0x00000529  x9=0x00000508
     366625.000 ns	     36661	800078f8	00869b13	slli	x22,x13,0x8	 x13:0xbf800000 x22=0x80000000
     366635.000 ns	     36662	800078fc	a23cc613	xori	x12,x25,-1501	 x25:0x00000020 x12=0xfffffa03
     366645.000 ns	     36663	80007900	00000013	addi	x0,x0,0	  x0:0x00000000
     366665.000 ns	     36665	80007904	203b9253	fsgnjn.s	f4,f23,f3	 f23:0x00000000  f3:0x80000000  f4=0x00000000
     367035.000 ns	     36702	80007908	029bdf33	divu	x30,x23,x9	 x23:0x00000010  x9:0x00000508 x30=0x00000000
     367075.000 ns	     36706	8000790c	191b7053	fdiv.s	f0,f22,f17	 f22:0x00000000 f17:0x00000000  f0=0x7fc00000
     367125.000 ns	     36711	80007910	01a9f3d3	fadd.s	f7,f19,f26	 f19:0x1f350483 f26:0x00000000  f7=0x1f350483
     367145.000 ns	     36713	80007914	3783a217	auipc	x4,0x3783a	  x4=0xb7841914
     367155.000 ns	     36714	80007918	93703a97	auipc	x21,0x93703	 x21=0x1370a918
     367165.000 ns	     36715	8000791c	00206ab3	or	x21,x0,x2	  x0:0x00000000  x2:0x00000001 x21=0x00000001
     367195.000 ns	     36718	80007920	10d0ff53	fmul.s	f30,f1,f13	  f1:0x00000000 f13:0x00000002 f30=0x00000000
     367225.000 ns	     36721	80007924	03c31db3	mulh	x27,x6,x28	  x6:0x80041024 x28:0x80040fe4 x27=0x3ffbf00c
     367255.000 ns	     36724	80007928	292f19d3	fmax.s	f19,f30,f18	 f30:0x00000000 f18:0x80000000 f19=0x00000000
     367285.000 ns	     36727	8000792c	28bd94d3	fmax.s	f9,f27,f11	 f27:0x80000000 f11:0xbf800000  f9=0x80000000
     367315.000 ns	     36730	80007930	d0194c53	fcvt.s.wu	f24,x18	 x18:0xfffff991 f24=0x4f7ffffa
     367345.000 ns	     36733	80007934	02e881b3	mul	x3,x17,x14	 x17:0x7ffbf000 x14:0x00000000  x3=0x00000000
     367375.000 ns	     36736	80007938	e0068bd3	fmv.x.w	x23,f13	 f13:0x00000002 x23=0x00000002
     367395.000 ns	     36738	8000793c	e714a393	slti	x7,x9,-399	  x9:0x00000508  x7=0x00000000
     367425.000 ns	     36741	80007940	190625d3	fdiv.s	f11,f12,f16	 f12:0x80000000 f16:0x00000001 f11=0x80000000
     367445.000 ns	     36743	80007944	016b5db3	srl	x27,x22,x22	 x22:0x80000000 x22:0x80000000 x27=0x80000000
     367455.000 ns	     36744	80007948	451ebc93	sltiu	x25,x29,1105	 x29:0x00000000 x25=0x00000001
     367485.000 ns	     36747	8000794c	58027353	fsqrt.s	f6,f4	  f4:0x00000000  f6=0x00000000
     367505.000 ns	     36749	80007950	8ecdb997	auipc	x19,0x8ecdb	 x19=0x0ece2950
     367515.000 ns	     36750	80007954	cbc26b93	ori	x23,x4,-836	  x4:0xb7841914 x23=0xfffffdbc
     367535.000 ns	     36752	80007958	a1638b53	fle.s	x22,f7,f22	  f7:0x1f350483 f22:0x00000000 x22=0x00000000
     367555.000 ns	     36754	8000795c	0090a3b3	slt	x7,x1,x9	  x1:0x7ffbf000  x9:0x00000508  x7=0x00000000
     367565.000 ns	     36755	80007960	80d48413	addi	x8,x9,-2035	  x9:0x00000508  x8=0xfffffd15
     367575.000 ns	     36756	80007964	9886b413	sltiu	x8,x13,-1656	 x13:0xbf800000  x8=0x00000001
     367585.000 ns	     36757	80007968	0057db93	srli	x23,x15,0x5	 x15:0x00000002 x23=0x00000000
     367605.000 ns	     36759	8000796c	a0ec1fd3	flt.s	x31,f24,f14	 f24:0x4f7ffffa f14:0x00000000 x31=0x00000000
     367635.000 ns	     36762	80007970	c00bfbd3	fcvt.w.s	x23,f23	 f23:0x00000000 x23=0x00000000
     367655.000 ns	     36764	80007974	7100f413	andi	x8,x1,1808	  x1:0x7ffbf000  x8=0x00000000
     367665.000 ns	     36765	80007978	00c35993	srli	x19,x6,0xc	  x6:0x80041024 x19=0x00080041
     367685.000 ns	     36767	8000797c	027a96b3	mulh	x13,x21,x7	 x21:0x00000001  x7:0x00000000 x13=0x00000000
     367705.000 ns	     36769	80007980	018a94b3	sll	x9,x21,x24	 x21:0x00000001 x24:0x00000000  x9=0x00000001
     367715.000 ns	     36770	80007984	00bf2a33	slt	x20,x30,x11	 x30:0x00000000 x11:0x00000001 x20=0x00000001
     367725.000 ns	     36771	80007988	c8846413	ori	x8,x8,-888	  x8:0x00000000  x8=0xfffffc88
     367745.000 ns	     36773	8000798c	287c05d3	fmin.s	f11,f24,f7	 f24:0x4f7ffffa  f7:0x1f350483 f11=0x1f350483
     367775.000 ns	     36776	80007990	a1c0aa53	feq.s	x20,f1,f28	  f1:0x00000000 f28:0x6f34aefa x20=0x00000000
     367805.000 ns	     36779	80007994	c015fd53	fcvt.wu.s	x26,f11	 f11:0x1f350483 x26=0x00000000
     367825.000 ns	     36781	80007998	33c3a593	slti	x11,x7,828	  x7:0x00000000 x11=0x00000001
     367845.000 ns	     36783	8000799c	a08a9853	flt.s	x16,f21,f8	 f21:0x00000000  f8:0x80000000 x16=0x00000000
     367875.000 ns	     36786	800079a0	281d91d3	fmax.s	f3,f27,f1	 f27:0x80000000  f1:0x00000000  f3=0x00000000
     367895.000 ns	     36788	800079a4	00189a93	slli	x21,x17,0x1	 x17:0x7ffbf000 x21=0xfff7e000
     367905.000 ns	     36789	800079a8	017bb3b3	sltu	x7,x23,x23	 x23:0x00000000 x23:0x00000000  x7=0x00000000
     367915.000 ns	     36790	800079ac	006eceb3	xor	x29,x29,x6	 x29:0x00000000  x6:0x80041024 x29=0x80041024
     367925.000 ns	     36791	800079b0	8828b613	sltiu	x12,x17,-1918	 x17:0x7ffbf000 x12=0x00000001
     367935.000 ns	     36792	800079b4	09aceb17	auipc	x22,0x9ace	 x22=0x89ad59b4
     367955.000 ns	     36794	800079b8	21d0aed3	fsgnjx.s	f29,f1,f29	  f1:0x00000000 f29:0x1f350483 f29=0x00000000
     368325.000 ns	     36831	800079bc	021b63b3	rem	x7,x22,x1	 x22:0x00000000  x1:0x7ffbf000  x7=0x89ad59b4
     368345.000 ns	     36833	800079c0	41a75b13	srai	x22,x14,0x1a	 x14:0x00000000 x22=0x00000000
     368365.000 ns	     36835	800079c4	e00f0653	fmv.x.w	x12,f30	 f30:0x00000000 x12=0x00000000
     368395.000 ns	     36838	800079c8	c003bdd3	fcvt.w.s	x27,f7	  f7:0x1f350483 x27=0x00000000
     368425.000 ns	     36841	800079cc	a0d52cd3	feq.s	x25,f10,f13	 f10:0x80000000 f13:0x00000002 x25=0x00000000
     368445.000 ns	     36843	800079d0	005cb8b3	sltu	x17,x25,x5	 x25:0x00000001  x5:0x00000000 x17=0x00000000
     368465.000 ns	     36845	800079d4	024690b3	mulh	x1,x13,x4	 x13:0x00000000  x4:0xb7841914  x1=0x00000000
     368485.000 ns	     36847	800079d8	00000013	addi	x0,x0,0	  x0:0x00000000
     368495.000 ns	     36848	800079dc	41a25d13	srai	x26,x4,0x1a	  x4:0xb7841914 x26=0xffffffed
     368535.000 ns	     36852	800079e0	08e204d3	fsub.s	f9,f4,f14	  f4:0x00000000 f14:0x00000000  f9=0x80000000
     368585.000 ns	     36857	800079e4	0989f753	fsub.s	f14,f19,f24	 f19:0x00000000 f24:0x4f7ffffa f14=0xcf7ffffa
     368615.000 ns	     36860	800079e8	c00a7fd3	fcvt.w.s	x31,f20	 f20:0xbf800000 x31=0x00000001
     368645.000 ns	     36863	800079ec	a0a5ad53	feq.s	x26,f11,f10	 f11:0x1f350483 f10:0x80000000 x26=0x00000000
     368675.000 ns	     36866	800079f0	02aa9a33	mulh	x20,x21,x10	 x21:0xfff7e000 x10:0x45443000 x20=0xfffdcd35
     368695.000 ns	     36868	800079f4	00671f13	slli	x30,x14,0x6	 x14:0x00000000 x30=0x00000000
     368715.000 ns	     36870	800079f8	a176a2d3	feq.s	x5,f13,f23	 f13:0x00000002 f23:0x00000000  x5=0x00000000
     368735.000 ns	     36872	800079fc	41fc85b3	sub	x11,x25,x31	 x25:0x00000000 x31:0x00000001 x11=0xffffffff
     368745.000 ns	     36873	80007a00	001b88b3	add	x17,x23,x1	 x23:0x00000000  x1:0x00000000 x17=0x00000000
     368765.000 ns	     36875	80007a04	20871553	fsgnjn.s	f10,f14,f8	 f14:0xcf7ffffa  f8:0x80000000 f10=0x4f7ffffa
     369135.000 ns	     36912	80007a08	034f74b3	remu	x9,x30,x20	 x30:0x00000000 x20:0xfffdcd35  x9=0x00000000
     369155.000 ns	     36914	80007a0c	00c453b3	srl	x7,x8,x12	  x8:0xfffffc88 x12:0x00000000  x7=0xfffffc88
     369175.000 ns	     36916	80007a10	e00f9753	fclass.s	x14,f31	 f31:0x56ff862e x14=0x00000040
     369195.000 ns	     36918	80007a14	01515b13	srli	x22,x2,0x15	  x2:0x00000001 x22=0x00000000
     369205.000 ns	     36919	80007a18	00a472b3	and	x5,x8,x10	  x8:0xfffffc88 x10:0x45443000  x5=0x45443000
     369215.000 ns	     36920	80007a1c	410edf93	srai	x31,x29,0x10	 x29:0x80041024 x31=0xffff8004
     369235.000 ns	     36922	80007a20	28c986d3	fmin.s	f13,f19,f12	 f19:0x00000000 f12:0x80000000 f13=0x80000000
     369265.000 ns	     36925	80007a24	c0027453	fcvt.w.s	x8,f4	  f4:0x00000000  x8=0x00000000
     369305.000 ns	     36929	80007a28	580248d3	fsqrt.s	f17,f4	  f4:0x00000000 f17=0x00000000
     369325.000 ns	     36931	80007a2c	ea643c13	sltiu	x24,x8,-346	  x8:0x00000000 x24=0x00000001
     369345.000 ns	     36933	80007a30	e0031c53	fclass.s	x24,f6	  f6:0x00000000 x24=0x00000010
     369365.000 ns	     36935	80007a34	00f5a6b3	slt	x13,x11,x15	 x11:0xffffffff x15:0x00000002 x13=0x00000001
     369385.000 ns	     36937	80007a38	023ae433	rem	x8,x21,x3	 x21:0xfff7e000  x3:0x00000000  x8=0xfff7e000
     369405.000 ns	     36939	80007a3c	01100633	add	x12,x0,x17	  x0:0x00000000 x17:0x00000000 x12=0x00000000
     369415.000 ns	     36940	80007a40	006f9c13	slli	x24,x31,0x6	 x31:0xffff8004 x24=0xffe00100
     369435.000 ns	     36942	80007a44	a03f0d53	fle.s	x26,f30,f3	 f30:0x00000000  f3:0x00000000 x26=0x00000001
     369455.000 ns	     36944	80007a48	758b3093	sltiu	x1,x22,1880	 x22:0x00000000  x1=0x00000001
     369475.000 ns	     36946	80007a4c	c006f5d3	fcvt.w.s	x11,f13	 f13:0x80000000 x11=0x00000000
     369495.000 ns	     36948	80007a50	01dadb93	srli	x23,x21,0x1d	 x21:0xfff7e000 x23=0x00000007
     369505.000 ns	     36949	80007a54	009cc5b3	xor	x11,x25,x9	 x25:0x00000000  x9:0x00000000 x11=0x00000000
     369525.000 ns	     36951	80007a58	037e90b3	mulh	x1,x29,x23	 x29:0x80041024 x23:0x00000000  x1=0xfffffffc
     369545.000 ns	     36953	80007a5c	00cdd113	srli	x2,x27,0xc	 x27:0x00000000  x2=0x00000000
     369565.000 ns	     36955	80007a60	a1949453	flt.s	x8,f9,f25	  f9:0x80000000 f25:0x4efff7e0  x8=0x00000001
     369595.000 ns	     36958	80007a64	a17806d3	fle.s	x13,f16,f23	 f16:0x00000001 f23:0x00000000 x13=0x00000000
     369625.000 ns	     36961	80007a68	02b80fb3	mul	x31,x16,x11	 x16:0x00000000 x11:0x00000000 x31=0x00000000
     369655.000 ns	     36964	80007a6c	03197ab3	remu	x21,x18,x17	 x18:0xfffff991 x17:0x00000000 x21=0xfffff991
     369995.000 ns	     36998	80007a70	18b870d3	fdiv.s	f1,f16,f11	 f16:0x00000001 f11:0x1f350483  f1=0x1534b4b7
     370045.000 ns	     37003	80007a74	0191ff53	fadd.s	f30,f3,f25	  f3:0x00000000 f25:0x4efff7e0 f30=0x4efff7e0
     370075.000 ns	     37006	80007a78	a1ee2653	feq.s	x12,f28,f30	 f28:0x6f34aefa f30:0x00000000 x12=0x00000000
     370095.000 ns	     37008	80007a7c	009bd013	srli	x0,x23,0x9	 x23:0x00000007
     370115.000 ns	     37010	80007a80	a0961bd3	flt.s	x23,f12,f9	 f12:0x80000000  f9:0x80000000 x23=0x00000000
     370135.000 ns	     37012	80007a84	01797533	and	x10,x18,x23	 x18:0xfffff991 x23:0x00000007 x10=0x00000000
     370155.000 ns	     37014	80007a88	e00f09d3	fmv.x.w	x19,f30	 f30:0x4efff7e0 x19=0x4efff7e0
     370175.000 ns	     37016	80007a8c	00b48133	add	x2,x9,x11	  x9:0x00000000 x11:0x00000000  x2=0x00000000
     370185.000 ns	     37017	80007a90	005216b3	sll	x13,x4,x5	  x4:0xb7841914  x5:0x45443000 x13=0xb7841914
     370195.000 ns	     37018	80007a94	30a27913	andi	x18,x4,778	  x4:0xb7841914 x18=0x00000100
     370205.000 ns	     37019	80007a98	0052bab3	sltu	x21,x5,x5	  x5:0x45443000  x5:0x45443000 x21=0x00000000
     370215.000 ns	     37020	80007a9c	ddbb8c13	addi	x24,x23,-549	 x23:0x00000000 x24=0xfffffddb
     370225.000 ns	     37021	80007aa0	f5586093	ori	x1,x16,-171	 x16:0x00000000  x1=0xffffff55
     370245.000 ns	     37023	80007aa4	036e7833	remu	x16,x28,x22	 x28:0x80040fe4 x22:0x00000000 x16=0x80040fe4
     370275.000 ns	     37026	80007aa8	e00404d3	fmv.x.w	x9,f8	  f8:0x80000000  x9=0x80000000
     370295.000 ns	     37028	80007aac	00d6b0b3	sltu	x1,x13,x13	 x13:0xb7841914 x13:0xb7841914  x1=0x00000000
     370315.000 ns	     37030	80007ab0	296d0453	fmin.s	f8,f26,f22	 f26:0x00000000 f22:0x00000000  f8=0x00000000
     370345.000 ns	     37033	80007ab4	022e8cb3	mul	x25,x29,x2	 x29:0x80041024  x2:0x00000000 x25=0x00000000
     370365.000 ns	     37035	80007ab8	970e2093	slti	x1,x28,-1680	 x28:0x80040fe4  x1=0x00000001
     370375.000 ns	     37036	80007abc	0084e733	or	x14,x9,x8	  x9:0x80000000  x8:0x00000001 x14=0x80000001
     370385.000 ns	     37037	80007ac0	40da5f33	sra	x30,x20,x13	 x20:0xfffdcd35 x13:0xb7841914 x30=0xffffffff
     370395.000 ns	     37038	80007ac4	01e902b3	add	x5,x18,x30	 x18:0x00000100 x30:0x00000000  x5=0x000000ff
     370405.000 ns	     37039	80007ac8	00000013	addi	x0,x0,0	  x0:0x00000000
     370415.000 ns	     37040	80007acc	004f3933	sltu	x18,x30,x4	 x30:0xffffffff  x4:0xb7841914 x18=0x00000000
     370435.000 ns	     37042	80007ad0	a1c481d3	fle.s	x3,f9,f28	  f9:0x80000000 f28:0x6f34aefa  x3=0x00000001
     370465.000 ns	     37045	80007ad4	c0177d53	fcvt.wu.s	x26,f14	 f14:0xcf7ffffa x26=0xfffffa00
     370485.000 ns	     37047	80007ad8	012a7c33	and	x24,x20,x18	 x20:0xfffdcd35 x18:0x00000000 x24=0x00000000
     370505.000 ns	     37049	80007adc	d007f9d3	fcvt.s.w	f19,x15	 x15:0x00000002 f19=0x40000000
     370525.000 ns	     37051	80007ae0	01a92eb3	slt	x29,x18,x26	 x18:0x00000000 x26:0xfffffa00 x29=0x00000000
     370535.000 ns	     37052	80007ae4	be721cb7	lui	x25,0xbe721	 x25=0xbe721000
     370555.000 ns	     37054	80007ae8	d0198c53	fcvt.s.wu	f24,x19	 x19:0x4efff7e0 f24=0x4e9dfff0
     370585.000 ns	     37057	80007aec	028823b3	mulhsu	x7,x16,x8	 x16:0x80040fe4  x8:0x00000001  x7=0xffffffff
     370605.000 ns	     37059	80007af0	409dda93	srai	x21,x27,0x9	 x27:0x00000000 x21=0x00000000
     370625.000 ns	     37061	80007af4	02a0a933	mulhsu	x18,x1,x10	  x1:0x00000001 x10:0x00000000 x18=0x00000000
     370655.000 ns	     37064	80007af8	a1618dd3	fle.s	x27,f3,f22	  f3:0x00000000 f22:0x00000000 x27=0x00000001
     370685.000 ns	     37067	80007afc	03c5adb3	mulhsu	x27,x11,x28	 x11:0x00000000 x28:0x80040fe4 x27=0x00000000
     370715.000 ns	     37070	80007b00	02328733	mul	x14,x5,x3	  x5:0x000000ff  x3:0x00000001 x14=0x000000ff
     370735.000 ns	     37072	80007b04	005c9633	sll	x12,x25,x5	 x25:0xbe721000  x5:0x000000ff x12=0x00000000
     370745.000 ns	     37073	80007b08	014ac9b3	xor	x19,x21,x20	 x21:0x00000000 x20:0xfffdcd35 x19=0xfffdcd35
     370775.000 ns	     37076	80007b0c	102ef8d3	fmul.s	f17,f29,f2	 f29:0x00000000  f2:0x00000000 f17=0x00000000
     370805.000 ns	     37079	80007b10	e0031653	fclass.s	x12,f6	  f6:0x00000000 x12=0x00000010
     370835.000 ns	     37082	80007b14	e00e0a53	fmv.x.w	x20,f28	 f28:0x6f34aefa x20=0x6f34aefa
     370865.000 ns	     37085	80007b18	d0007e53	fcvt.s.w	f28,x0	  x0:0x00000000 f28=0x00000000
     370885.000 ns	     37087	80007b1c	01d74bb3	xor	x23,x14,x29	 x14:0x000000ff x29:0x00000000 x23=0x000000ff
     370895.000 ns	     37088	80007b20	c2a3cd93	xori	x27,x7,-982	  x7:0xffffffff x27=0x000003d5
     370935.000 ns	     37092	80007b24	01a671d3	fadd.s	f3,f12,f26	 f12:0x80000000 f26:0x00000000  f3=0x00000000
     370955.000 ns	     37094	80007b28	6882ee93	ori	x29,x5,1672	  x5:0x000000ff x29=0x000006ff
     370975.000 ns	     37096	80007b2c	d0118653	fcvt.s.wu	f12,x3	  x3:0x00000001 f12=0x3f800000
     371005.000 ns	     37099	80007b30	039820b3	mulhsu	x1,x16,x25	 x16:0x80040fe4 x25:0xbe721000  x1=0xa0c9fd9a
     371035.000 ns	     37102	80007b34	02ed8433	mul	x8,x27,x14	 x27:0x000003d5 x14:0x000000ff  x8=0x0003d12b
     371065.000 ns	     37105	80007b38	20de0dd3	fsgnj.s	f27,f28,f13	 f28:0x00000000 f13:0x80000000 f27=0x80000000
     371095.000 ns	     37108	80007b3c	20320353	fsgnj.s	f6,f4,f3	  f4:0x00000000  f3:0x00000000  f6=0x00000000
     371115.000 ns	     37110	80007b40	407d5eb3	sra	x29,x26,x7	 x26:0xfffffa00  x7:0xffffffff x29=0xffffffff
     371135.000 ns	     37112	80007b44	d0039753	fcvt.s.w	f14,x7	  x7:0xffffffff f14=0xbf800000
     371165.000 ns	     37115	80007b48	295a1253	fmax.s	f4,f20,f21	 f20:0xbf800000 f21:0x00000000  f4=0x00000000
     371185.000 ns	     37117	80007b4c	40cc5a13	srai	x20,x24,0xc	 x24:0x00000000 x20=0x00000000
     371205.000 ns	     37119	80007b50	03522733	mulhsu	x14,x4,x21	  x4:0xb7841914 x21:0x00000000 x14=0x00000000
     371225.000 ns	     37121	80007b54	73ab8913	addi	x18,x23,1850	 x23:0x000000ff x18=0x00000839
     371235.000 ns	     37122	80007b58	0138d5b3	srl	x11,x17,x19	 x17:0x00000000 x19:0xfffdcd35 x11=0x00000000
     371275.000 ns	     37126	80007b5c	00ee0553	fadd.s	f10,f28,f14	 f28:0x00000000 f14:0xbf800000 f10=0xbf800000
     371305.000 ns	     37129	80007b60	034b8fb3	mul	x31,x23,x20	 x23:0x000000ff x20:0x00000000 x31=0x00000000
     371335.000 ns	     37132	80007b64	02ee2d33	mulhsu	x26,x28,x14	 x28:0x80040fe4 x14:0x00000000 x26=0x00000000
     371365.000 ns	     37135	80007b68	02295733	divu	x14,x18,x2	 x18:0x00000839  x2:0x00000000 x14=0xffffffff
     371395.000 ns	     37138	80007b6c	e00119d3	fclass.s	x19,f2	  f2:0x00000000 x19=0x00000010
     371415.000 ns	     37140	80007b70	00922f33	slt	x30,x4,x9	  x4:0xb7841914  x9:0x80000000 x30=0x00000000
     371425.000 ns	     37141	80007b74	006652b3	srl	x5,x12,x6	 x12:0x00000010  x6:0x80041024  x5=0x00000001
     371465.000 ns	     37145	80007b78	01424353	fadd.s	f6,f4,f20	  f4:0x00000000 f20:0xbf800000  f6=0xbf800000
     371495.000 ns	     37148	80007b7c	296b1653	fmax.s	f12,f22,f22	 f22:0x00000000 f22:0x00000000 f12=0x00000000
     371515.000 ns	     37150	80007b80	498f2693	slti	x13,x30,1176	 x30:0x00000000 x13=0x00000001
     371555.000 ns	     37154	80007b84	01f67c53	fadd.s	f24,f12,f31	 f12:0x00000000 f31:0x56ff862e f24=0x56ff862e
     371585.000 ns	     37157	80007b88	e00c83d3	fmv.x.w	x7,f25	 f25:0x4efff7e0  x7=0x4efff7e0
     371605.000 ns	     37159	80007b8c	01a0afb3	slt	x31,x1,x26	  x1:0xa0c9fd9a x26:0x00000000 x31=0x00000001
     371615.000 ns	     37160	80007b90	01ce4c33	xor	x24,x28,x28	 x28:0x80040fe4 x28:0x80040fe4 x24=0x00000000
     371635.000 ns	     37162	80007b94	022ddc33	divu	x24,x27,x2	 x27:0x000003d5  x2:0x00000000 x24=0xffffffff
     371655.000 ns	     37164	80007b98	00000013	addi	x0,x0,0	  x0:0x00000000
     371675.000 ns	     37166	80007b9c	03d69cb3	mulh	x25,x13,x29	 x13:0x00000001 x29:0xffffffff x25=0xffffffff
     371695.000 ns	     37168	80007ba0	01c96933	or	x18,x18,x28	 x18:0x00000839 x28:0x80040fe4 x18=0x80040ffd
     371705.000 ns	     37169	80007ba4	018fedb3	or	x27,x31,x24	 x31:0x00000001 x24:0xffffffff x27=0xffffffff
     371725.000 ns	     37171	80007ba8	c01f74d3	fcvt.wu.s	x9,f30	 f30:0x4efff7e0  x9=0x7ffbf000
     371745.000 ns	     37173	80007bac	40eb5933	sra	x18,x22,x14	 x22:0x00000000 x14:0xffffffff x18=0x00000000
     371765.000 ns	     37175	80007bb0	282412d3	fmax.s	f5,f8,f2	  f8:0x00000000  f2:0x00000000  f5=0x00000000
     371795.000 ns	     37178	80007bb4	c016f1d3	fcvt.wu.s	x3,f13	 f13:0x80000000  x3=0x00000000
     371815.000 ns	     37180	80007bb8	c55fe813	ori	x16,x31,-939	 x31:0x00000001 x16=0xfffffc55
     371835.000 ns	     37182	80007bbc	294016d3	fmax.s	f13,f0,f20	  f0:0x7fc00000 f20:0xbf800000 f13=0xbf800000
     371865.000 ns	     37185	80007bc0	d01bb853	fcvt.s.wu	f16,x23	 x23:0x000000ff f16=0x437f0000
     371885.000 ns	     37187	80007bc4	40188cb3	sub	x25,x17,x1	 x17:0x00000000  x1:0xa0c9fd9a x25=0x5f360266
     371905.000 ns	     37189	80007bc8	21d79553	fsgnjn.s	f10,f15,f29	 f15:0x00000000 f29:0x00000000 f10=0x80000000
     371925.000 ns	     37191	80007bcc	014ff533	and	x10,x31,x20	 x31:0x00000001 x20:0x00000000 x10=0x00000000
     371945.000 ns	     37193	80007bd0	f0048353	fmv.w.x	f6,x9	  x9:0x7ffbf000  f6=0x7ffbf000
     371965.000 ns	     37195	80007bd4	0065c733	xor	x14,x11,x6	 x11:0x00000000  x6:0x80041024 x14=0x80041024
     371975.000 ns	     37196	80007bd8	c732b493	sltiu	x9,x5,-909	  x5:0x00000001  x9=0x00000001
     371985.000 ns	     37197	80007bdc	1a1a3393	sltiu	x7,x20,417	 x20:0x00000000  x7=0x00000001
     371995.000 ns	     37198	80007be0	001774b3	and	x9,x14,x1	 x14:0x80041024  x1:0xa0c9fd9a  x9=0x80001000
     372005.000 ns	     37199	80007be4	00fed0b3	srl	x1,x29,x15	 x29:0xffffffff x15:0x00000002  x1=0x3fffffff
     372365.000 ns	     37235	80007be8	02cd4633	div	x12,x26,x12	 x26:0x00000000 x12:0x00000010 x12=0x00000000
     372385.000 ns	     37237	80007bec	5af93613	sltiu	x12,x18,1455	 x18:0x00000000 x12=0x00000001
     372405.000 ns	     37239	80007bf0	e0099253	fclass.s	x4,f19	 f19:0x40000000  x4=0x00000040
     372435.000 ns	     37242	80007bf4	a03d26d3	feq.s	x13,f26,f3	 f26:0x00000000  f3:0x00000000 x13=0x00000001
     372455.000 ns	     37244	80007bf8	40550b33	sub	x22,x10,x5	 x10:0x00000000  x5:0x00000001 x22=0xffffffff
     372475.000 ns	     37246	80007bfc	c00f3cd3	fcvt.w.s	x25,f30	 f30:0x4efff7e0 x25=0x7ffbf000
     372505.000 ns	     37249	80007c00	a0be9753	flt.s	x14,f29,f11	 f29:0x00000000 f11:0x1f350483 x14=0x00000001
     372535.000 ns	     37252	80007c04	e00a1953	fclass.s	x18,f20	 f20:0xbf800000 x18=0x00000002
     372565.000 ns	     37255	80007c08	e0010f53	fmv.x.w	x30,f2	  f2:0x00000000 x30=0x00000000
     372585.000 ns	     37257	80007c0c	4098d1b3	sra	x3,x17,x9	 x17:0x00000000  x9:0x80001000  x3=0x00000000
     372945.000 ns	     37293	80007c10	02177db3	remu	x27,x14,x1	 x14:0x00000001  x1:0x3fffffff x27=0x00000001
     373315.000 ns	     37330	80007c14	03047033	remu	x0,x8,x16	  x8:0x0003d12b x16:0xfffffc55
     373335.000 ns	     37332	80007c18	a7690813	addi	x16,x18,-1418	 x18:0x00000002 x16=0xfffffa78
     373695.000 ns	     37368	80007c1c	02cb50b3	divu	x1,x22,x12	 x22:0xffffffff x12:0x00000001  x1=0xffffffff
     373715.000 ns	     37370	80007c20	41b1e193	ori	x3,x3,1051	  x3:0x00000000  x3=0x0000041b
     373725.000 ns	     37371	80007c24	402c5293	srai	x5,x24,0x2	 x24:0xffffffff  x5=0xffffffff
     373735.000 ns	     37372	80007c28	00e8c4b3	xor	x9,x17,x14	 x17:0x00000000 x14:0x00000001  x9=0x00000001
     374095.000 ns	     37408	80007c2c	02d9fc33	remu	x24,x19,x13	 x19:0x00000010 x13:0x00000001 x24=0x00000000
     374115.000 ns	     37410	80007c30	8bb1c893	xori	x17,x3,-1861	  x3:0x0000041b x17=0xfffffca0
     374145.000 ns	     37413	80007c34	182078d3	fdiv.s	f17,f0,f2	  f0:0x7fc00000  f2:0x00000000 f17=0x7fc00000
     374175.000 ns	     37416	80007c38	e00e8753	fmv.x.w	x14,f29	 f29:0x00000000 x14=0x00000000
     374195.000 ns	     37418	80007c3c	001d1933	sll	x18,x26,x1	 x26:0x00000000  x1:0xffffffff x18=0x00000000
     374205.000 ns	     37419	80007c40	2abc7513	andi	x10,x24,683	 x24:0x00000000 x10=0x00000000
     374235.000 ns	     37422	80007c44	580672d3	fsqrt.s	f5,f12	 f12:0x00000000  f5=0x00000000
     374265.000 ns	     37425	80007c48	c0037d53	fcvt.w.s	x26,f6	  f6:0x7ffbf000 x26=0x7fffffff
     374295.000 ns	     37428	80007c4c	c003f0d3	fcvt.w.s	x1,f7	  f7:0x1f350483  x1=0x00000000
     374635.000 ns	     37462	80007c50	18b0b1d3	fdiv.s	f3,f1,f11	  f1:0x1534b4b7 f11:0x1f350483  f3=0x357f1d40
     375005.000 ns	     37499	80007c54	030b5d33	divu	x26,x22,x16	 x22:0xffffffff x16:0xfffffa78 x26=0x00000001
     375035.000 ns	     37502	80007c58	291a01d3	fmin.s	f3,f20,f17	 f20:0xbf800000 f17:0x7fc00000  f3=0xbf800000
     375065.000 ns	     37505	80007c5c	207b02d3	fsgnj.s	f5,f22,f7	 f22:0x00000000  f7:0x1f350483  f5=0x00000000
     375095.000 ns	     37508	80007c60	20978453	fsgnj.s	f8,f15,f9	 f15:0x00000000  f9:0x80000000  f8=0x80000000
     375115.000 ns	     37510	80007c64	00d25593	srli	x11,x4,0xd	  x4:0x00000040 x11=0x00000000
     375135.000 ns	     37512	80007c68	c0029dd3	fcvt.w.s	x27,f5	  f5:0x00000000 x27=0x00000000
     375175.000 ns	     37516	80007c6c	187eaad3	fdiv.s	f21,f29,f7	 f29:0x00000000  f7:0x1f350483 f21=0x00000000
     375195.000 ns	     37518	80007c70	0048d193	srli	x3,x17,0x4	 x17:0xfffffca0  x3=0x0fffffca
     375235.000 ns	     37522	80007c74	09a8ab53	fsub.s	f22,f17,f26	 f17:0x7fc00000 f26:0x00000000 f22=0x7fc00000
     375265.000 ns	     37525	80007c78	a05e86d3	fle.s	x13,f29,f5	 f29:0x00000000  f5:0x00000000 x13=0x00000001
     375285.000 ns	     37527	80007c7c	be983b13	sltiu	x22,x16,-1047	 x16:0xfffffa78 x22=0x00000001
     375645.000 ns	     37563	80007c80	039d6a33	rem	x20,x26,x25	 x26:0x00000001 x25:0x7ffbf000 x20=0x00000001
     375675.000 ns	     37566	80007c84	d01520d3	fcvt.s.wu	f1,x10	 x10:0x00000000  f1=0x00000000
     375715.000 ns	     37570	80007c88	19c1fbd3	fdiv.s	f23,f3,f28	  f3:0xbf800000 f28:0x00000000 f23=0xff800000
     375735.000 ns	     37572	80007c8c	010b30b3	sltu	x1,x22,x16	 x22:0x00000001 x16:0xfffffa78  x1=0x00000001
     375765.000 ns	     37575	80007c90	58034bd3	fsqrt.s	f23,f6	  f6:0x7ffbf000 f23=0x7fc00000
     375795.000 ns	     37578	80007c94	020759b3	divu	x19,x14,x0	 x14:0x00000000  x0:0x00000000 x19=0xffffffff
     375825.000 ns	     37581	80007c98	29b615d3	fmax.s	f11,f12,f27	 f12:0x00000000 f27:0x80000000 f11=0x00000000
     375855.000 ns	     37584	80007c9c	0317abb3	mulhsu	x23,x15,x17	 x15:0x00000002 x17:0xfffffca0 x23=0x00000001
     375885.000 ns	     37587	80007ca0	a0c00053	fle.s	x0,f0,f12	  f0:0x7fc00000 f12:0x00000000
     375905.000 ns	     37589	80007ca4	01563b33	sltu	x22,x12,x21	 x12:0x00000001 x21:0x00000000 x22=0x00000000
     375915.000 ns	     37590	80007ca8	00c0d393	srli	x7,x1,0xc	  x1:0x00000001  x7=0x00000000
     375925.000 ns	     37591	80007cac	01aeda93	srli	x21,x29,0x1a	 x29:0xffffffff x21=0x0000003f
     376285.000 ns	     37627	80007cb0	028e7033	remu	x0,x28,x8	 x28:0x80040fe4  x8:0x0003d12b
     376335.000 ns	     37632	80007cb4	08ea26d3	fsub.s	f13,f20,f14	 f20:0xbf800000 f14:0xbf800000 f13=0x00000000
     376355.000 ns	     37634	80007cb8	064c4d93	xori	x27,x24,100	 x24:0x00000000 x27=0x00000064
     376375.000 ns	     37636	80007cbc	e00318d3	fclass.s	x17,f6	  f6:0x7ffbf000 x17=0x00000200
     376395.000 ns	     37638	80007cc0	4a6f2193	slti	x3,x30,1190	 x30:0x00000000  x3=0x00000001
     376415.000 ns	     37640	80007cc4	a1b40bd3	fle.s	x23,f8,f27	  f8:0x80000000 f27:0x80000000 x23=0x00000001
     376435.000 ns	     37642	80007cc8	00000013	addi	x0,x0,0	  x0:0x00000000
     376445.000 ns	     37643	80007ccc	00d1ee93	ori	x29,x3,13	  x3:0x00000001 x29=0x0000000d
     376805.000 ns	     37679	80007cd0	039853b3	divu	x7,x16,x25	 x16:0xfffffa78 x25:0x7ffbf000  x7=0x00000002
     376835.000 ns	     37682	80007cd4	20dbabd3	fsgnjx.s	f23,f23,f13	 f23:0x7fc00000 f13:0x00000000 f23=0x7fc00000
     376855.000 ns	     37684	80007cd8	9b4df493	andi	x9,x27,-1612	 x27:0x00000064  x9=0x00000024
     377215.000 ns	     37720	80007cdc	0286e1b3	rem	x3,x13,x8	 x13:0x00000001  x8:0x0003d12b  x3=0x00000001
     377245.000 ns	     37723	80007ce0	038252b3	divu	x5,x4,x24	  x4:0x00000040 x24:0x00000000  x5=0xffffffff
     377615.000 ns	     37760	80007ce4	034c7433	remu	x8,x24,x20	 x24:0x00000000 x20:0x00000001  x8=0x00000000
     377655.000 ns	     37764	80007ce8	114474d3	fmul.s	f9,f8,f20	  f8:0x80000000 f20:0xbf800000  f9=0x00000000
     377675.000 ns	     37766	80007cec	00000013	addi	x0,x0,0	  x0:0x00000000
     377685.000 ns	     37767	80007cf0	01d15693	srli	x13,x2,0x1d	  x2:0x00000000 x13=0x00000000
     377705.000 ns	     37769	80007cf4	214b01d3	fsgnj.s	f3,f22,f20	 f22:0x7fc00000 f20:0xbf800000  f3=0xffc00000
     377735.000 ns	     37772	80007cf8	204190d3	fsgnjn.s	f1,f3,f4	  f3:0xbf800000  f4:0x00000000  f1=0xffc00000
     377775.000 ns	     37776	80007cfc	18629e53	fdiv.s	f28,f5,f6	  f5:0x00000000  f6:0x7ffbf000 f28=0x7fc00000
     377795.000 ns	     37778	80007d00	b73da537	lui	x10,0xb73da	 x10=0xb73da000
     377805.000 ns	     37779	80007d04	01e19933	sll	x18,x3,x30	  x3:0x00000001 x30:0x00000000 x18=0x00000001
     377815.000 ns	     37780	80007d08	009c66b3	or	x13,x24,x9	 x24:0x00000000  x9:0x00000024 x13=0x00000024
     377835.000 ns	     37782	80007d0c	03dcaf33	mulhsu	x30,x25,x29	 x25:0x7ffbf000 x29:0x0000000d x30=0x00000006
     377865.000 ns	     37785	80007d10	a1c11a53	flt.s	x20,f2,f28	  f2:0x00000000 f28:0x7fc00000 x20=0x00000000
     377885.000 ns	     37787	80007d14	00000013	addi	x0,x0,0	  x0:0x00000000
     377905.000 ns	     37789	80007d18	d0050153	fcvt.s.w	f2,x10	 x10:0xb73da000  f2=0xce9184c0
     377935.000 ns	     37792	80007d1c	e0018153	fmv.x.w	x2,f3	  f3:0xffc00000  x2=0xffc00000
     377955.000 ns	     37794	80007d20	00095d13	srli	x26,x18,0x0	 x18:0x00000001 x26=0x00000001
     377995.000 ns	     37798	80007d24	00cff453	fadd.s	f8,f31,f12	 f31:0x56ff862e f12:0x00000000  f8=0x56ff862e
     378015.000 ns	     37800	80007d28	401a55b3	sra	x11,x20,x1	 x20:0x00000000  x1:0x00000001 x11=0x00000000
     378025.000 ns	     37801	80007d2c	9ee90e93	addi	x29,x18,-1554	 x18:0x00000001 x29=0xfffff9ef
     378385.000 ns	     37837	80007d30	02acd233	divu	x4,x25,x10	 x25:0x7ffbf000 x10:0xb73da000  x4=0x00000000
     378415.000 ns	     37840	80007d34	e0061853	fclass.s	x16,f12	 f12:0x00000000 x16=0x00000010
     378435.000 ns	     37842	80007d38	fb1cb213	sltiu	x4,x25,-79	 x25:0x7ffbf000  x4=0x00000001
     378455.000 ns	     37844	80007d3c	a19d84d3	fle.s	x9,f27,f25	 f27:0x80000000 f25:0x4efff7e0  x9=0x00000001
     378475.000 ns	     37846	80007d40	019cf2b3	and	x5,x25,x25	 x25:0x7ffbf000 x25:0x7ffbf000  x5=0x7ffbf000
     378835.000 ns	     37882	80007d44	02466133	rem	x2,x12,x4	 x12:0x00000001  x4:0x00000001  x2=0x00000000
     378865.000 ns	     37885	80007d48	02bc5db3	divu	x27,x24,x11	 x24:0x00000000 x11:0x00000000 x27=0xffffffff
     378895.000 ns	     37888	80007d4c	e00c1c53	fclass.s	x24,f24	 f24:0x56ff862e x24=0x00000040
     378925.000 ns	     37891	80007d50	d0119253	fcvt.s.wu	f4,x3	  x3:0x00000001  f4=0x3f800000
     378955.000 ns	     37894	80007d54	e00c13d3	fclass.s	x7,f24	 f24:0x56ff862e  x7=0x00000040
     378985.000 ns	     37897	80007d58	03d31fb3	mulh	x31,x6,x29	  x6:0x80041024 x29:0xfffff9ef x31=0x00000308
     379005.000 ns	     37899	80007d5c	83ccca17	auipc	x20,0x83ccc	 x20=0x03cd3d5c
     379015.000 ns	     37900	80007d60	01b32f33	slt	x30,x6,x27	  x6:0x80041024 x27:0xffffffff x30=0x00000001
     379025.000 ns	     37901	80007d64	01974533	xor	x10,x14,x25	 x14:0x00000000 x25:0x7ffbf000 x10=0x7ffbf000
     379035.000 ns	     37902	80007d68	402fdd33	sra	x26,x31,x2	 x31:0x00000308  x2:0x00000000 x26=0x00000308
     379075.000 ns	     37906	80007d6c	08e3a1d3	fsub.s	f3,f7,f14	  f7:0x1f350483 f14:0xbf800000  f3=0x3f800000
     379095.000 ns	     37908	80007d70	41545d93	srai	x27,x8,0x15	  x8:0x00000000 x27=0x00000000
     379105.000 ns	     37909	80007d74	019f5513	srli	x10,x30,0x19	 x30:0x00000001 x10=0x00000000
     379115.000 ns	     37910	80007d78	05a5c217	auipc	x4,0x5a5c	  x4=0x85a63d78
     379125.000 ns	     37911	80007d7c	00480833	add	x16,x16,x4	 x16:0x00000010  x4:0x00000001 x16=0x85a63d88
     379135.000 ns	     37912	80007d80	01a105b3	add	x11,x2,x26	  x2:0x00000000 x26:0x00000308 x11=0x00000308
     379145.000 ns	     37913	80007d84	0054deb3	srl	x29,x9,x5	  x9:0x00000001  x5:0x7ffbf000 x29=0x00000001
     379155.000 ns	     37914	80007d88	5ad2c137	lui	x2,0x5ad2c	  x2=0x5ad2c000
     379165.000 ns	     37915	80007d8c	01147c33	and	x24,x8,x17	  x8:0x00000000 x17:0x00000200 x24=0x00000000
     379195.000 ns	     37918	80007d90	100e7853	fmul.s	f16,f28,f0	 f28:0x7fc00000  f0:0x7fc00000 f16=0x7fc00000
     379225.000 ns	     37921	80007d94	a15a8953	fle.s	x18,f21,f21	 f21:0x00000000 f21:0x00000000 x18=0x00000001
     379245.000 ns	     37923	80007d98	011074b3	and	x9,x0,x17	  x0:0x00000000 x17:0x00000200  x9=0x00000000
     379265.000 ns	     37925	80007d9c	036d0633	mul	x12,x26,x22	 x26:0x00000308 x22:0x00000000 x12=0x00000000
     379285.000 ns	     37927	80007da0	0086a133	slt	x2,x13,x8	 x13:0x00000024  x8:0x00000000  x2=0x00000000
     379305.000 ns	     37929	80007da4	c01f9ed3	fcvt.wu.s	x29,f31	 f31:0x56ff862e x29=0xffffffff
     379325.000 ns	     37931	80007da8	405850b3	sra	x1,x16,x5	 x16:0x85a63d88  x5:0x7ffbf000  x1=0x85a63d88
     379335.000 ns	     37932	80007dac	7ec83b97	auipc	x23,0x7ec83	 x23=0xfec8adac
     379345.000 ns	     37933	80007db0	013786b3	add	x13,x15,x19	 x15:0x00000002 x19:0xffffffff x13=0x00000001
     379365.000 ns	     37935	80007db4	02cb92b3	mulh	x5,x23,x12	 x23:0x00000001 x12:0x00000000  x5=0x00000000
     379395.000 ns	     37938	80007db8	205a0b53	fsgnj.s	f22,f20,f5	 f20:0xbf800000  f5:0x00000000 f22=0x3f800000
     379415.000 ns	     37940	80007dbc	009a1713	slli	x14,x20,0x9	 x20:0x03cd3d5c x14=0x9a7ab800
     379425.000 ns	     37941	80007dc0	010d2a33	slt	x20,x26,x16	 x26:0x00000308 x16:0x85a63d88 x20=0x00000000
     379435.000 ns	     37942	80007dc4	d99b2a13	slti	x20,x22,-615	 x22:0x00000000 x20=0x00000000
     379455.000 ns	     37944	80007dc8	283b09d3	fmin.s	f19,f22,f3	 f22:0x3f800000  f3:0x3f800000 f19=0x3f800000
     379475.000 ns	     37946	80007dcc	41e95eb3	sra	x29,x18,x30	 x18:0x00000001 x30:0x00000001 x29=0x00000000
     379505.000 ns	     37949	80007dd0	1050f653	fmul.s	f12,f1,f5	  f1:0xffc00000  f5:0x00000000 f12=0x7fc00000
     379525.000 ns	     37951	80007dd4	40395b13	srai	x22,x18,0x3	 x18:0x00000001 x22=0x00000000
     379535.000 ns	     37952	80007dd8	010ed6b3	srl	x13,x29,x16	 x29:0x00000000 x16:0x85a63d88 x13=0x00000000
     379545.000 ns	     37953	80007ddc	4ee7bb93	sltiu	x23,x15,1262	 x15:0x00000002 x23=0x00000001
     379555.000 ns	     37954	80007de0	93088293	addi	x5,x17,-1744	 x17:0x00000200  x5=0xfffffb30
     379575.000 ns	     37956	80007de4	e00c1653	fclass.s	x12,f24	 f24:0x56ff862e x12=0x00000040
     379605.000 ns	     37959	80007de8	20b284d3	fsgnj.s	f9,f5,f11	  f5:0x00000000 f11:0x00000000  f9=0x00000000
     379635.000 ns	     37962	80007dec	025120b3	mulhsu	x1,x2,x5	  x2:0x00000000  x5:0xfffffb30  x1=0x00000000
     379665.000 ns	     37965	80007df0	c0157ad3	fcvt.wu.s	x21,f10	 f10:0x80000000 x21=0x00000000
     379685.000 ns	     37967	80007df4	002cd133	srl	x2,x25,x2	 x25:0x7ffbf000  x2:0x00000000  x2=0x7ffbf000
     380045.000 ns	     38003	80007df8	02f3f733	remu	x14,x7,x15	  x7:0x00000040 x15:0x00000002 x14=0x00000000
     380075.000 ns	     38006	80007dfc	e00e11d3	fclass.s	x3,f28	 f28:0x7fc00000  x3=0x00000200
     380105.000 ns	     38009	80007e00	0350ec33	rem	x24,x1,x21	  x1:0x00000000 x21:0x00000000 x24=0x00000000
     380135.000 ns	     38012	80007e04	e00f1ad3	fclass.s	x21,f30	 f30:0x4efff7e0 x21=0x00000040
     380155.000 ns	     38014	80007e08	00d5f633	and	x12,x11,x13	 x11:0x00000308 x13:0x00000000 x12=0x00000000
     380195.000 ns	     38018	80007e0c	00c1aad3	fadd.s	f21,f3,f12	  f3:0x3f800000 f12:0x7fc00000 f21=0x7fc00000
     380565.000 ns	     38055	80007e10	02635cb3	divu	x25,x6,x6	  x6:0x80041024  x6:0x80041024 x25=0x00000001
     380585.000 ns	     38057	80007e14	41018fb3	sub	x31,x3,x16	  x3:0x00000200 x16:0x85a63d88 x31=0x7a59c478
     380615.000 ns	     38060	80007e18	195a96d3	fdiv.s	f13,f21,f21	 f21:0x7fc00000 f21:0x7fc00000 f13=0x7fc00000
     380635.000 ns	     38062	80007e1c	a31fc493	xori	x9,x31,-1487	 x31:0x00000308  x9=0x85a63e49
     380655.000 ns	     38064	80007e20	02f982b3	mul	x5,x19,x15	 x19:0xffffffff x15:0x00000002  x5=0xfffffffe
     380685.000 ns	     38067	80007e24	e00916d3	fclass.s	x13,f18	 f18:0x80000000 x13=0x00000008
     380705.000 ns	     38069	80007e28	08c04493	xori	x9,x0,140	  x0:0x00000000  x9=0x0000008c
     380725.000 ns	     38071	80007e2c	a00c23d3	feq.s	x7,f24,f0	 f24:0x56ff862e  f0:0x7fc00000  x7=0x00000000
     380755.000 ns	     38074	80007e30	f0090a53	fmv.w.x	f20,x18	 x18:0x00000001 f20=0x00000001
     380785.000 ns	     38077	80007e34	03ed34b3	mulhu	x9,x26,x30	 x26:0x00000308 x30:0x00000001  x9=0x00000000
     380825.000 ns	     38081	80007e38	10837f53	fmul.s	f30,f6,f8	  f6:0x7ffbf000  f8:0x56ff862e f30=0x7fc00000
     380855.000 ns	     38084	80007e3c	f00503d3	fmv.w.x	f7,x10	 x10:0x00000000  f7=0x00000000
     380875.000 ns	     38086	80007e40	65dab117	auipc	x2,0x65dab	  x2=0xe5db2e40
     380885.000 ns	     38087	80007e44	e3748f93	addi	x31,x9,-457	  x9:0x00000000 x31=0xfffffe37
     380895.000 ns	     38088	80007e48	ff020897	auipc	x17,0xff020	 x17=0x7f027e48
     380915.000 ns	     38090	80007e4c	03fd12b3	mulh	x5,x26,x31	 x26:0x00000308 x31:0x7a59c478  x5=0xffffffff
     380935.000 ns	     38092	80007e50	01ea1093	slli	x1,x20,0x1e	 x20:0x00000000  x1=0x00000000
     380945.000 ns	     38093	80007e54	000cdc93	srli	x25,x25,0x0	 x25:0x00000001 x25=0x00000001
     380955.000 ns	     38094	80007e58	725a3b93	sltiu	x23,x20,1829	 x20:0x00000000 x23=0x00000001
     380965.000 ns	     38095	80007e5c	a4ad2093	slti	x1,x26,-1462	 x26:0x00000308  x1=0x00000000
     380975.000 ns	     38096	80007e60	003868b3	or	x17,x16,x3	 x16:0x85a63d88  x3:0x00000200 x17=0x85a63f88
     380995.000 ns	     38098	80007e64	a068a2d3	feq.s	x5,f17,f6	 f17:0x7fc00000  f6:0x7ffbf000  x5=0x00000000
     381015.000 ns	     38100	80007e68	b6a6b013	sltiu	x0,x13,-1174	 x13:0x00000008
     381025.000 ns	     38101	80007e6c	00000013	addi	x0,x0,0	  x0:0x00000000
     381045.000 ns	     38103	80007e70	21c2a7d3	fsgnjx.s	f15,f5,f28	  f5:0x00000000 f28:0x7fc00000 f15=0x00000000
     381065.000 ns	     38105	80007e74	01cefbb3	and	x23,x29,x28	 x29:0x00000000 x28:0x80040fe4 x23=0x00000000
     381075.000 ns	     38106	80007e78	01883db3	sltu	x27,x16,x24	 x16:0x85a63d88 x24:0x00000000 x27=0x00000000
     381085.000 ns	     38107	80007e7c	00b452b3	srl	x5,x8,x11	  x8:0x00000000 x11:0x00000308  x5=0x00000000
     381095.000 ns	     38108	80007e80	00825b93	srli	x23,x4,0x8	  x4:0x85a63d78 x23=0x0085a63d
     381105.000 ns	     38109	80007e84	01cbe433	or	x8,x23,x28	 x23:0x00000000 x28:0x80040fe4  x8=0x8085affd
     381125.000 ns	     38111	80007e88	f00287d3	fmv.w.x	f15,x5	  x5:0x00000000 f15=0x00000000
     381145.000 ns	     38113	80007e8c	00000013	addi	x0,x0,0	  x0:0x00000000
     381165.000 ns	     38115	80007e90	21381e53	fsgnjn.s	f28,f16,f19	 f16:0x7fc00000 f19:0x3f800000 f28=0xffc00000
     381195.000 ns	     38118	80007e94	0267b633	mulhu	x12,x15,x6	 x15:0x00000002  x6:0x80041024 x12=0x00000001
     381245.000 ns	     38123	80007e98	00cff753	fadd.s	f14,f31,f12	 f31:0x56ff862e f12:0x7fc00000 f14=0x7fc00000
     381265.000 ns	     38125	80007e9c	01c47233	and	x4,x8,x28	  x8:0x8085affd x28:0x80040fe4  x4=0x80040fe4
     381285.000 ns	     38127	80007ea0	a05a1c53	flt.s	x24,f20,f5	 f20:0x00000001  f5:0x00000000 x24=0x00000000
     381305.000 ns	     38129	80007ea4	018d0933	add	x18,x26,x24	 x26:0x00000308 x24:0x00000000 x18=0x00000308
     381315.000 ns	     38130	80007ea8	0062ff33	and	x30,x5,x6	  x5:0x00000000  x6:0x80041024 x30=0x00000000
     381325.000 ns	     38131	80007eac	009a0db3	add	x27,x20,x9	 x20:0x00000000  x9:0x00000000 x27=0x00000000
     381335.000 ns	     38132	80007eb0	41078b33	sub	x22,x15,x16	 x15:0x00000002 x16:0x85a63d88 x22=0x7a59c27a
     381345.000 ns	     38133	80007eb4	49dfb813	sltiu	x16,x31,1181	 x31:0xfffffe37 x16=0x00000000
     381355.000 ns	     38134	80007eb8	00685c13	srli	x24,x16,0x6	 x16:0x85a63d88 x24=0x00000000
     381375.000 ns	     38136	80007ebc	a04c0ed3	fle.s	x29,f24,f4	 f24:0x56ff862e  f4:0x3f800000 x29=0x00000000
     381395.000 ns	     38138	80007ec0	d5423213	sltiu	x4,x4,-684	  x4:0x80040fe4  x4=0x00000001
     381415.000 ns	     38140	80007ec4	02f4beb3	mulhu	x29,x9,x15	  x9:0x00000000 x15:0x00000002 x29=0x00000000
     381435.000 ns	     38142	80007ec8	01b76db3	or	x27,x14,x27	 x14:0x00000000 x27:0x00000000 x27=0x00000000
     381455.000 ns	     38144	80007ecc	03c133b3	mulhu	x7,x2,x28	  x2:0xe5db2e40 x28:0x80040fe4  x7=0x72f13cd1
     381495.000 ns	     38148	80007ed0	580d92d3	fsqrt.s	f5,f27	 f27:0x80000000  f5=0x80000000
     382635.000 ns	     38262	80007ed4	5801fbd3	fsqrt.s	f23,f3	  f3:0x3f800000 f23=0x3f7fffae
     382665.000 ns	     38265	80007ed8	d009f7d3	fcvt.s.w	f15,x19	 x19:0xffffffff f15=0xbf800000
     382685.000 ns	     38267	80007edc	02a43393	sltiu	x7,x8,42	  x8:0x8085affd  x7=0x00000000
     382705.000 ns	     38269	80007ee0	c01cf753	fcvt.wu.s	x14,f25	 f25:0x4efff7e0 x14=0x7ffbf000
     382725.000 ns	     38271	80007ee4	012ee033	or	x0,x29,x18	 x29:0x00000000 x18:0x00000308
     382735.000 ns	     38272	80007ee8	017f3bb3	sltu	x23,x30,x23	 x30:0x00000000 x23:0x0085a63d x23=0x00000001
     383095.000 ns	     38308	80007eec	024efc33	remu	x24,x29,x4	 x29:0x00000000  x4:0x00000001 x24=0x00000000
     383125.000 ns	     38311	80007ef0	29748d53	fmin.s	f26,f9,f23	  f9:0x00000000 f23:0x3f7fffae f26=0x00000000
     383155.000 ns	     38314	80007ef4	030e9733	mulh	x14,x29,x16	 x29:0x00000000 x16:0x00000000 x14=0x00000000
     383185.000 ns	     38317	80007ef8	29710dd3	fmin.s	f27,f2,f23	  f2:0xce9184c0 f23:0x3f7fffae f27=0xce9184c0
     383215.000 ns	     38320	80007efc	e00f8fd3	fmv.x.w	x31,f31	 f31:0x56ff862e x31=0x56ff862e
     383235.000 ns	     38322	80007f00	2942fe93	andi	x29,x5,660	  x5:0x00000000 x29=0x00000000
     383255.000 ns	     38324	80007f04	20c789d3	fsgnj.s	f19,f15,f12	 f15:0xbf800000 f12:0x7fc00000 f19=0x3f800000
     383275.000 ns	     38326	80007f08	ffb90193	addi	x3,x18,-5	 x18:0x00000308  x3=0x00000303
     383285.000 ns	     38327	80007f0c	50192893	slti	x17,x18,1281	 x18:0x00000308 x17=0x00000001
     383295.000 ns	     38328	80007f10	436c3293	sltiu	x5,x24,1078	 x24:0x00000000  x5=0x00000001
     383305.000 ns	     38329	80007f14	3b208397	auipc	x7,0x3b208	  x7=0xbb20ff14
     383315.000 ns	     38330	80007f18	8b524713	xori	x14,x4,-1867	  x4:0x00000001 x14=0xfffff8b4
     383335.000 ns	     38332	80007f1c	d01db953	fcvt.s.wu	f18,x27	 x27:0x00000000 f18=0x00000000
     383385.000 ns	     38337	80007f20	08ea3bd3	fsub.s	f23,f20,f14	 f20:0x00000001 f14:0x7fc00000 f23=0x7fc00000
     383405.000 ns	     38339	80007f24	01faab33	slt	x22,x21,x31	 x21:0x00000040 x31:0x56ff862e x22=0x00000001
     383445.000 ns	     38343	80007f28	0886f953	fsub.s	f18,f13,f8	 f13:0x7fc00000  f8:0x56ff862e f18=0x7fc00000
     383475.000 ns	     38346	80007f2c	d0080453	fcvt.s.w	f8,x16	 x16:0x00000000  f8=0x00000000
     383495.000 ns	     38348	80007f30	00116fb3	or	x31,x2,x1	  x2:0xe5db2e40  x1:0x00000000 x31=0xe5db2e40
     383515.000 ns	     38350	80007f34	29dd85d3	fmin.s	f11,f27,f29	 f27:0xce9184c0 f29:0x00000000 f11=0xce9184c0
     383535.000 ns	     38352	80007f38	01baf133	and	x2,x21,x27	 x21:0x00000040 x27:0x00000000  x2=0x00000000
     383555.000 ns	     38354	80007f3c	0384a233	mulhsu	x4,x9,x24	  x9:0x00000000 x24:0x00000000  x4=0x00000000
     383925.000 ns	     38391	80007f40	0283c6b3	div	x13,x7,x8	  x7:0xbb20ff14  x8:0x8085affd x13=0x00000000
     383955.000 ns	     38394	80007f44	286193d3	fmax.s	f7,f3,f6	  f3:0x3f800000  f6:0x7ffbf000  f7=0x3f800000
     383975.000 ns	     38396	80007f48	01081413	slli	x8,x16,0x10	 x16:0x00000000  x8=0x00000000
     383995.000 ns	     38398	80007f4c	03808eb3	mul	x29,x1,x24	  x1:0x00000000 x24:0x00000000 x29=0x00000000
     384015.000 ns	     38400	80007f50	0121beb3	sltu	x29,x3,x18	  x3:0x00000303 x18:0x00000308 x29=0x00000001
     384035.000 ns	     38402	80007f54	c01b1c53	fcvt.wu.s	x24,f22	 f22:0x3f800000 x24=0x00000001
     384065.000 ns	     38405	80007f58	f00b86d3	fmv.w.x	f13,x23	 x23:0x00000001 f13=0x00000001
     384095.000 ns	     38408	80007f5c	a0e08d53	fle.s	x26,f1,f14	  f1:0xffc00000 f14:0x7fc00000 x26=0x00000000
     384115.000 ns	     38410	80007f60	011de4b3	or	x9,x27,x17	 x27:0x00000000 x17:0x00000001  x9=0x00000001
     384125.000 ns	     38411	80007f64	000f6cb3	or	x25,x30,x0	 x30:0x00000000  x0:0x00000000 x25=0x00000000
     384145.000 ns	     38413	80007f68	03489b33	mulh	x22,x17,x20	 x17:0x00000001 x20:0x00000000 x22=0x00000000
     384165.000 ns	     38415	80007f6c	03d0fd13	andi	x26,x1,61	  x1:0x00000000 x26=0x00000000
     384185.000 ns	     38417	80007f70	a103a953	feq.s	x18,f7,f16	  f7:0x3f800000 f16:0x7fc00000 x18=0x00000000
     384205.000 ns	     38419	80007f74	3ef85f37	lui	x30,0x3ef85	 x30=0x3ef85000
     384215.000 ns	     38420	80007f78	3f5af593	andi	x11,x21,1013	 x21:0x00000040 x11=0x00000040
     384225.000 ns	     38421	80007f7c	004d3db3	sltu	x27,x26,x4	 x26:0x00000000  x4:0x00000000 x27=0x00000000
     384585.000 ns	     38457	80007f80	0356fdb3	remu	x27,x13,x21	 x13:0x00000000 x21:0x00000040 x27=0x00000000
     384615.000 ns	     38460	80007f84	d011f6d3	fcvt.s.wu	f13,x3	  x3:0x00000303 f13=0x4440c000
     384985.000 ns	     38497	80007f88	02fbd133	divu	x2,x23,x15	 x23:0x00000001 x15:0x00000002  x2=0x00000000
     385015.000 ns	     38500	80007f8c	026939b3	mulhu	x19,x18,x6	 x18:0x00000000  x6:0x80041024 x19=0x00000000
     385035.000 ns	     38502	80007f90	41828bb3	sub	x23,x5,x24	  x5:0x00000001 x24:0x00000001 x23=0x00000000
     385045.000 ns	     38503	80007f94	9c53eb93	ori	x23,x7,-1595	  x7:0xbb20ff14 x23=0xffffffd5
     385065.000 ns	     38505	80007f98	a1e203d3	fle.s	x7,f4,f30	  f4:0x3f800000 f30:0x7fc00000  x7=0x00000000
     385095.000 ns	     38508	80007f9c	0273e5b3	rem	x11,x7,x7	  x7:0xbb20ff14  x7:0xbb20ff14 x11=0x00000000
     385135.000 ns	     38512	80007fa0	10dc72d3	fmul.s	f5,f24,f13	 f24:0x56ff862e f13:0x4440c000  f5=0x5bc06447
     385165.000 ns	     38515	80007fa4	287a9fd3	fmax.s	f31,f21,f7	 f21:0x7fc00000  f7:0x3f800000 f31=0x3f800000
     385195.000 ns	     38518	80007fa8	0340ecb3	rem	x25,x1,x20	  x1:0x00000000 x20:0x00000000 x25=0x00000000
     385215.000 ns	     38520	80007fac	e989ba13	sltiu	x20,x19,-360	 x19:0x00000000 x20=0x00000001
     385225.000 ns	     38521	80007fb0	00f31613	slli	x12,x6,0xf	  x6:0x80041024 x12=0x08120000
     385245.000 ns	     38523	80007fb4	03bb2ab3	mulhsu	x21,x22,x27	 x22:0x00000000 x27:0x00000000 x21=0x00000000
     385265.000 ns	     38525	80007fb8	00bc2c93	slti	x25,x24,11	 x24:0x00000001 x25=0x00000001
     385285.000 ns	     38527	80007fbc	a078ab53	feq.s	x22,f17,f7	 f17:0x7fc00000  f7:0x3f800000 x22=0x00000000
     385305.000 ns	     38529	80007fc0	404e5c33	sra	x24,x28,x4	 x28:0x80040fe4  x4:0x00000000 x24=0x80040fe4
     385315.000 ns	     38530	80007fc4	5bf2e893	ori	x17,x5,1471	  x5:0x00000001 x17=0x000005bf
     385325.000 ns	     38531	80007fc8	00ccaab3	slt	x21,x25,x12	 x25:0x00000001 x12:0x08120000 x21=0x00000001
     385335.000 ns	     38532	80007fcc	416dd993	srai	x19,x27,0x16	 x27:0x00000000 x19=0x00000000
     385695.000 ns	     38568	80007fd0	03804c33	div	x24,x0,x24	  x0:0x00000000 x24:0x80040fe4 x24=0x00000000
     385715.000 ns	     38570	80007fd4	00000013	addi	x0,x0,0	  x0:0x00000000
     385725.000 ns	     38571	80007fd8	91416a13	ori	x20,x2,-1772	  x2:0x00000000 x20=0xfffff914
     385735.000 ns	     38572	80007fdc	b2a6c713	xori	x14,x13,-1238	 x13:0x00000000 x14=0xfffffb2a
     385745.000 ns	     38573	80007fe0	4caf0513	addi	x10,x30,1226	 x30:0x3ef85000 x10=0x3ef854ca
     385755.000 ns	     38574	80007fe4	00204f33	xor	x30,x0,x2	  x0:0x00000000  x2:0x00000000 x30=0x00000000
     385765.000 ns	     38575	80007fe8	004a71b3	and	x3,x20,x4	 x20:0xfffff914  x4:0x00000000  x3=0x00000000
     385785.000 ns	     38577	80007fec	03ef51b3	divu	x3,x30,x30	 x30:0x3ef85000 x30:0x3ef85000  x3=0xffffffff
     385805.000 ns	     38579	80007ff0	01e16f33	or	x30,x2,x30	  x2:0x00000000 x30:0x00000000 x30=0x00000000
     385815.000 ns	     38580	80007ff4	428f2693	slti	x13,x30,1064	 x30:0x00000000 x13=0x00000001
     385825.000 ns	     38581	80007ff8	9f450297	auipc	x5,0x9f450	  x5=0x1f457ff8
     385835.000 ns	     38582	80007ffc	4178d533	sra	x10,x17,x23	 x17:0x000005bf x23:0xffffffd5 x10=0x00000000
     385845.000 ns	     38583	80008000	bf3d2b93	slti	x23,x26,-1037	 x26:0x00000000 x23=0x00000000
     385885.000 ns	     38587	80008004	09d430d3	fsub.s	f1,f8,f29	  f8:0x00000000 f29:0x00000000  f1=0x80000000
     385925.000 ns	     38591	80008008	18977a53	fdiv.s	f20,f14,f9	 f14:0x7fc00000  f9:0x00000000 f20=0x7fc00000
     385945.000 ns	     38593	8000800c	40535f93	srai	x31,x6,0x5	  x6:0x80041024 x31=0xfc002081
     385955.000 ns	     38594	80008010	444a3893	sltiu	x17,x20,1092	 x20:0xfffff914 x17=0x00000000
     385975.000 ns	     38596	80008014	0242ceb3	div	x29,x5,x4	  x5:0x1f457ff8  x4:0x00000000 x29=0xffffffff
     385995.000 ns	     38598	80008018	69f47813	andi	x16,x8,1695	  x8:0x00000000 x16=0x00000000
     386005.000 ns	     38599	8000801c	412cdb13	srai	x22,x25,0x12	 x25:0x00000001 x22=0x00000000
     386045.000 ns	     38603	80008020	0997b2d3	fsub.s	f5,f15,f25	 f15:0xbf800000 f25:0x4efff7e0  f5=0xcefff7e0
     386065.000 ns	     38605	80008024	20d74593	xori	x11,x14,525	 x14:0xfffffb2a x11=0xfffff927
     386075.000 ns	     38606	80008028	00409393	slli	x7,x1,0x4	  x1:0x00000000  x7=0x00000000
     386105.000 ns	     38609	8000802c	19544853	fdiv.s	f16,f8,f21	  f8:0x00000000 f21:0x7fc00000 f16=0x7fc00000
     386135.000 ns	     38612	80008030	d01a7fd3	fcvt.s.wu	f31,x20	 x20:0xfffff914 f31=0x4f7ffff9
     386155.000 ns	     38614	80008034	41735fb3	sra	x31,x6,x23	  x6:0x80041024 x23:0x00000000 x31=0x80041024
     386175.000 ns	     38616	80008038	02abc433	div	x8,x23,x10	 x23:0x00000000 x10:0x00000000  x8=0xffffffff
     386195.000 ns	     38618	8000803c	01e25d93	srli	x27,x4,0x1e	  x4:0x00000000 x27=0x00000000
     386215.000 ns	     38620	80008040	c006fc53	fcvt.w.s	x24,f13	 f13:0x4440c000 x24=0x00000303
     386235.000 ns	     38622	80008044	0142d9b3	srl	x19,x5,x20	  x5:0x1f457ff8 x20:0xfffff914 x19=0x000001f4
     386245.000 ns	     38623	80008048	59b26913	ori	x18,x4,1435	  x4:0x00000000 x18=0x0000059b
     386255.000 ns	     38624	8000804c	014c2733	slt	x14,x24,x20	 x24:0x00000303 x20:0xfffff914 x14=0x00000000
     386275.000 ns	     38626	80008050	20bb1bd3	fsgnjn.s	f23,f22,f11	 f22:0x3f800000 f11:0xce9184c0 f23=0x3f800000
     386295.000 ns	     38628	80008054	4147d733	sra	x14,x15,x20	 x15:0x00000002 x20:0xfffff914 x14=0x00000000
     386315.000 ns	     38630	80008058	205a10d3	fsgnjn.s	f1,f20,f5	 f20:0x7fc00000  f5:0xcefff7e0  f1=0x7fc00000
     386345.000 ns	     38633	8000805c	e0069c53	fclass.s	x24,f13	 f13:0x4440c000 x24=0x00000040
     386395.000 ns	     38638	80008060	08ca74d3	fsub.s	f9,f20,f12	 f20:0x7fc00000 f12:0x7fc00000  f9=0x7fc00000
     386415.000 ns	     38640	80008064	6265af93	slti	x31,x11,1574	 x11:0xfffff927 x31=0x00000001
     386445.000 ns	     38643	80008068	198ab7d3	fdiv.s	f15,f21,f24	 f21:0x7fc00000 f24:0x56ff862e f15=0x7fc00000
     386475.000 ns	     38646	8000806c	a1e920d3	feq.s	x1,f18,f30	 f18:0x7fc00000 f30:0x7fc00000  x1=0x00000000
     386505.000 ns	     38649	80008070	296d9653	fmax.s	f12,f27,f22	 f27:0xce9184c0 f22:0x3f800000 f12=0x3f800000
     386525.000 ns	     38651	80008074	01e5d2b3	srl	x5,x11,x30	 x11:0xfffff927 x30:0x00000000  x5=0xfffff927
     386535.000 ns	     38652	80008078	01ab8cb3	add	x25,x23,x26	 x23:0x00000000 x26:0x00000000 x25=0x00000000
     386545.000 ns	     38653	8000807c	40f353b3	sra	x7,x6,x15	  x6:0x80041024 x15:0x00000002  x7=0xe0010409
     386555.000 ns	     38654	80008080	013e8133	add	x2,x29,x19	 x29:0xffffffff x19:0x000001f4  x2=0x000001f3
     386565.000 ns	     38655	80008084	7b53a093	slti	x1,x7,1973	  x7:0x00000000  x1=0x00000001
     386575.000 ns	     38656	80008088	40fb5893	srai	x17,x22,0xf	 x22:0x00000000 x17=0x00000000
     386595.000 ns	     38658	8000808c	d001f953	fcvt.s.w	f18,x3	  x3:0xffffffff f18=0xbf800000
     386625.000 ns	     38661	80008090	e00f98d3	fclass.s	x17,f31	 f31:0x4f7ffff9 x17=0x00000040
     386655.000 ns	     38664	80008094	d00eadd3	fcvt.s.w	f27,x29	 x29:0xffffffff f27=0xbf800000
     387835.000 ns	     38782	80008098	5806f5d3	fsqrt.s	f11,f13	 f13:0x4440c000 f11=0x41884b6e
     387855.000 ns	     38784	8000809c	01bd18b3	sll	x17,x26,x27	 x26:0x00000000 x27:0x00000000 x17=0x00000000
     387865.000 ns	     38785	800080a0	41e789b3	sub	x19,x15,x30	 x15:0x00000002 x30:0x00000000 x19=0x00000002
     387905.000 ns	     38789	800080a4	09ed0353	fsub.s	f6,f26,f30	 f26:0x00000000 f30:0x7fc00000  f6=0x7fc00000
     387935.000 ns	     38792	800080a8	f0090fd3	fmv.w.x	f31,x18	 x18:0x0000059b f31=0x0000059b
     387965.000 ns	     38795	800080ac	02c60bb3	mul	x23,x12,x12	 x12:0x08120000 x12:0x08120000 x23=0x00000000
     387985.000 ns	     38797	800080b0	007e5f13	srli	x30,x28,0x7	 x28:0x80040fe4 x30=0x0100081f
     388345.000 ns	     38833	800080b4	02fcd533	divu	x10,x25,x15	 x25:0x00000000 x15:0x00000002 x10=0x00000000
     388375.000 ns	     38836	800080b8	29338453	fmin.s	f8,f7,f19	  f7:0x3f800000 f19:0x3f800000  f8=0x3f800000
     388395.000 ns	     38838	800080bc	0197d093	srli	x1,x15,0x19	 x15:0x00000002  x1=0x00000000
     388405.000 ns	     38839	800080c0	00000013	addi	x0,x0,0	  x0:0x00000000
     388425.000 ns	     38841	800080c4	a0c1a0d3	feq.s	x1,f3,f12	  f3:0x3f800000 f12:0x3f800000  x1=0x00000001
     388445.000 ns	     38843	800080c8	017a3533	sltu	x10,x20,x23	 x20:0xfffff914 x23:0x00000000 x10=0x00000000
     388455.000 ns	     38844	800080cc	002c55b3	srl	x11,x24,x2	 x24:0x00000040  x2:0x000001f3 x11=0x00000000
     388465.000 ns	     38845	800080d0	574ae893	ori	x17,x21,1396	 x21:0x00000001 x17=0x00000575
     388485.000 ns	     38847	800080d4	d015fa53	fcvt.s.wu	f20,x11	 x11:0xfffff927 f20=0x00000000
     388505.000 ns	     38849	800080d8	4118d533	sra	x10,x17,x17	 x17:0x00000000 x17:0x00000000 x10=0x00000000
     388515.000 ns	     38850	800080dc	00000013	addi	x0,x0,0	  x0:0x00000000
     388525.000 ns	     38851	800080e0	40be02b3	sub	x5,x28,x11	 x28:0x80040fe4 x11:0x00000000  x5=0x80040fe4
     388535.000 ns	     38852	800080e4	01ad9a33	sll	x20,x27,x26	 x27:0x00000000 x26:0x00000000 x20=0x00000000
     388545.000 ns	     38853	800080e8	00c61b33	sll	x22,x12,x12	 x12:0x08120000 x12:0x08120000 x22=0x08120000
     388555.000 ns	     38854	800080ec	005c79b3	and	x19,x24,x5	 x24:0x00000040  x5:0x80040fe4 x19=0x00000040
     388565.000 ns	     38855	800080f0	01f17db3	and	x27,x2,x31	  x2:0x000001f3 x31:0x00000001 x27=0x00000001
     388575.000 ns	     38856	800080f4	00b1af37	lui	x30,0xb1a	 x30=0x00b1a000
     388585.000 ns	     38857	800080f8	009d6133	or	x2,x26,x9	 x26:0x00000000  x9:0x00000001  x2=0x00000001
     388605.000 ns	     38859	800080fc	21a88d53	fsgnj.s	f26,f17,f26	 f17:0x7fc00000 f26:0x00000000 f26=0x7fc00000
     388635.000 ns	     38862	80008100	a0e99dd3	flt.s	x27,f19,f14	 f19:0x3f800000 f14:0x7fc00000 x27=0x00000000
     389005.000 ns	     38899	80008104	0234ddb3	divu	x27,x9,x3	  x9:0x00000001  x3:0xffffffff x27=0x00000000
     389025.000 ns	     38901	80008108	e783ec37	lui	x24,0xe783e	 x24=0xe783e000
     389045.000 ns	     38903	8000810c	024e7d33	remu	x26,x28,x4	 x28:0x80040fe4  x4:0x00000000 x26=0x80040fe4
     389075.000 ns	     38906	80008110	21640953	fsgnj.s	f18,f8,f22	  f8:0x3f800000 f22:0x3f800000 f18=0x3f800000
     389105.000 ns	     38909	80008114	a0d980d3	fle.s	x1,f19,f13	 f19:0x3f800000 f13:0x4440c000  x1=0x00000001
     389135.000 ns	     38912	80008118	02a5beb3	mulhu	x29,x11,x10	 x11:0x00000000 x10:0x00000000 x29=0x00000000
     389165.000 ns	     38915	8000811c	02338633	mul	x12,x7,x3	  x7:0xe0010409  x3:0xffffffff x12=0x1ffefbf7
     389195.000 ns	     38918	80008120	e00203d3	fmv.x.w	x7,f4	  f4:0x3f800000  x7=0x3f800000
     390375.000 ns	     39036	80008124	5803c6d3	fsqrt.s	f13,f7	  f7:0x3f800000 f13=0x3f7fffae
     390425.000 ns	     39041	80008128	014a8653	fadd.s	f12,f21,f20	 f21:0x7fc00000 f20:0x00000000 f12=0x7fc00000
     390475.000 ns	     39046	8000812c	09fe25d3	fsub.s	f11,f28,f31	 f28:0xffc00000 f31:0x0000059b f11=0x7fc00000
     390505.000 ns	     39049	80008130	e0009d53	fclass.s	x26,f1	  f1:0x7fc00000 x26=0x00000200
     390535.000 ns	     39052	80008134	d004a853	fcvt.s.w	f16,x9	  x9:0x00000001 f16=0x3f800000
     390565.000 ns	     39055	80008138	03262533	mulhsu	x10,x12,x18	 x12:0x1ffefbf7 x18:0x0000059b x10=0x000000b3
     390595.000 ns	     39058	8000813c	20ca0ed3	fsgnj.s	f29,f20,f12	 f20:0x00000000 f12:0x7fc00000 f29=0x00000000
     390615.000 ns	     39060	80008140	0113e1b3	or	x3,x7,x17	  x7:0x3f800000 x17:0x00000575  x3=0x3f800575
     390625.000 ns	     39061	80008144	00e036b3	sltu	x13,x0,x14	  x0:0x00000000 x14:0x00000000 x13=0x00000000
     390645.000 ns	     39063	80008148	d00970d3	fcvt.s.w	f1,x18	 x18:0x0000059b  f1=0x44b36000
     390665.000 ns	     39065	8000814c	4e23a713	slti	x14,x7,1250	  x7:0x3f800000 x14=0x00000000
     390685.000 ns	     39067	80008150	03da9533	mulh	x10,x21,x29	 x21:0x00000001 x29:0x00000000 x10=0x00000000
     390735.000 ns	     39072	80008154	097972d3	fsub.s	f5,f18,f23	 f18:0x3f800000 f23:0x3f800000  f5=0x80000000
     391105.000 ns	     39109	80008158	035ddfb3	divu	x31,x27,x21	 x27:0x00000000 x21:0x00000001 x31=0x00000000
     391125.000 ns	     39111	8000815c	01e1f6b3	and	x13,x3,x30	  x3:0x3f800575 x30:0x00b1a000 x13=0x00800000
     391145.000 ns	     39113	80008160	f0010dd3	fmv.w.x	f27,x2	  x2:0x00000001 f27=0x00000001
     391165.000 ns	     39115	80008164	00000013	addi	x0,x0,0	  x0:0x00000000
     391175.000 ns	     39116	80008168	e0313293	sltiu	x5,x2,-509	  x2:0x00000001  x5=0x00000001
     391195.000 ns	     39118	8000816c	d01a70d3	fcvt.s.wu	f1,x20	 x20:0x00000000  f1=0x00000000
     391225.000 ns	     39121	80008170	f0028fd3	fmv.w.x	f31,x5	  x5:0x80040fe4 f31=0x00000001
     391255.000 ns	     39124	80008174	21f81153	fsgnjn.s	f2,f16,f31	 f16:0x3f800000 f31:0x0000059b  f2=0xbf800000
     391285.000 ns	     39127	80008178	2018acd3	fsgnjx.s	f25,f17,f1	 f17:0x7fc00000  f1:0x00000000 f25=0x7fc00000
     391305.000 ns	     39129	8000817c	419b58b3	sra	x17,x22,x25	 x22:0x08120000 x25:0x00000000 x17=0x08120000
     391315.000 ns	     39130	80008180	0091d233	srl	x4,x3,x9	  x3:0x3f800575  x9:0x00000001  x4=0x1fc002ba
     391325.000 ns	     39131	80008184	e1558693	addi	x13,x11,-491	 x11:0x00000000 x13=0xfffffe15
     391335.000 ns	     39132	80008188	150dfd13	andi	x26,x27,336	 x27:0x00000000 x26=0x00000000
     391355.000 ns	     39134	8000818c	03343733	mulhu	x14,x8,x19	  x8:0xffffffff x19:0x00000040 x14=0x0000003f
     391375.000 ns	     39136	80008190	010a2d33	slt	x26,x20,x16	 x20:0x00000000 x16:0x00000000 x26=0x00000000
     391395.000 ns	     39138	80008194	02acab33	mulhsu	x22,x25,x10	 x25:0x00000000 x10:0x00000000 x22=0x00000000
     391415.000 ns	     39140	80008198	01c7b2b3	sltu	x5,x15,x28	 x15:0x00000002 x28:0x80040fe4  x5=0x00000001
     391435.000 ns	     39142	8000819c	d0069ed3	fcvt.s.w	f29,x13	 x13:0xfffffe15 f29=0xc3f58000
     391455.000 ns	     39144	800081a0	00495133	srl	x2,x18,x4	 x18:0x0000059b  x4:0x1fc002ba  x2=0x00000000
     391475.000 ns	     39146	800081a4	03502733	mulhsu	x14,x0,x21	  x0:0x00000000 x21:0x00000001 x14=0x00000000
     391845.000 ns	     39183	800081a8	032ed6b3	divu	x13,x29,x18	 x29:0x00000000 x18:0x0000059b x13=0x00000000
     391865.000 ns	     39185	800081ac	02542013	slti	x0,x8,37	  x8:0xffffffff
     391885.000 ns	     39187	800081b0	c0001cd3	fcvt.w.s	x25,f0	  f0:0x7fc00000 x25=0x7fffffff
     392225.000 ns	     39221	800081b4	183878d3	fdiv.s	f17,f16,f3	 f16:0x3f800000  f3:0x3f800000 f17=0x3f7fff38
     392245.000 ns	     39223	800081b8	01824133	xor	x2,x4,x24	  x4:0x1fc002ba x24:0xe783e000  x2=0xf843e2ba
     392255.000 ns	     39224	800081bc	01c4ceb3	xor	x29,x9,x28	  x9:0x00000001 x28:0x80040fe4 x29=0x80040fe5
     392265.000 ns	     39225	800081c0	1f03ce93	xori	x29,x7,496	  x7:0x3f800000 x29=0x3f8001f0
     392275.000 ns	     39226	800081c4	0038b533	sltu	x10,x17,x3	 x17:0x08120000  x3:0x3f800575 x10=0x00000001
     392295.000 ns	     39228	800081c8	e00d98d3	fclass.s	x17,f27	 f27:0x00000001 x17=0x00000020
     392325.000 ns	     39231	800081cc	03ad95b3	mulh	x11,x27,x26	 x27:0x00000000 x26:0x00000000 x11=0x00000000
     392345.000 ns	     39233	800081d0	019fe3b3	or	x7,x31,x25	 x31:0x00000000 x25:0x7fffffff  x7=0x7fffffff
     392355.000 ns	     39234	800081d4	40ecdeb3	sra	x29,x25,x14	 x25:0x7fffffff x14:0x00000000 x29=0x7fffffff
     392375.000 ns	     39236	800081d8	02891cb3	mulh	x25,x18,x8	 x18:0x0000059b  x8:0xffffffff x25=0xffffffff
     392395.000 ns	     39238	800081dc	00000013	addi	x0,x0,0	  x0:0x00000000
     392405.000 ns	     39239	800081e0	01026033	or	x0,x4,x16	  x4:0x1fc002ba x16:0x00000000
     392415.000 ns	     39240	800081e4	010b1ab3	sll	x21,x22,x16	 x22:0x00000000 x16:0x00000000 x21=0x00000000
     392425.000 ns	     39241	800081e8	00c60533	add	x10,x12,x12	 x12:0x1ffefbf7 x12:0x1ffefbf7 x10=0x3ffdf7ee
     392435.000 ns	     39242	800081ec	09114913	xori	x18,x2,145	  x2:0xf843e2ba x18=0xf843e22b
     392455.000 ns	     39244	800081f0	a13314d3	flt.s	x9,f6,f19	  f6:0x7fc00000 f19:0x3f800000  x9=0x00000000
     392475.000 ns	     39246	800081f4	00f74433	xor	x8,x14,x15	 x14:0x00000000 x15:0x00000002  x8=0x00000002
     392485.000 ns	     39247	800081f8	007a1733	sll	x14,x20,x7	 x20:0x00000000  x7:0x7fffffff x14=0x00000000
     392505.000 ns	     39249	800081fc	026c34b3	mulhu	x9,x24,x6	 x24:0xe783e000  x6:0x80041024  x9=0x73c59ca8
     392545.000 ns	     39253	80008200	58017cd3	fsqrt.s	f25,f2	  f2:0xbf800000 f25=0x7fc00000
     392565.000 ns	     39255	80008204	e63d0613	addi	x12,x26,-413	 x26:0x00000000 x12=0xfffffe63
     392575.000 ns	     39256	80008208	00000013	addi	x0,x0,0	  x0:0x00000000
     392585.000 ns	     39257	8000820c	018aa8b3	slt	x17,x21,x24	 x21:0x00000000 x24:0xe783e000 x17=0x00000000
     392595.000 ns	     39258	80008210	417703b3	sub	x7,x14,x23	 x14:0x00000000 x23:0x00000000  x7=0x00000000
     392615.000 ns	     39260	80008214	a17f0653	fle.s	x12,f30,f23	 f30:0x7fc00000 f23:0x3f800000 x12=0x00000000
     392635.000 ns	     39262	80008218	7c83d297	auipc	x5,0x7c83d	  x5=0xfc845218
     392655.000 ns	     39264	8000821c	02cc7cb3	remu	x25,x24,x12	 x24:0xe783e000 x12:0x00000000 x25=0xe783e000
     392685.000 ns	     39267	80008220	e00f8953	fmv.x.w	x18,f31	 f31:0x00000001 x18=0x00000001
     392715.000 ns	     39270	80008224	02e566b3	rem	x13,x10,x14	 x10:0x3ffdf7ee x14:0x00000000 x13=0x3ffdf7ee
     392755.000 ns	     39274	80008228	18de7dd3	fdiv.s	f27,f28,f13	 f28:0xffc00000 f13:0x3f7fffae f27=0x7fc00000
     393125.000 ns	     39311	8000822c	022c5433	divu	x8,x24,x2	 x24:0xe783e000  x2:0xf843e2ba  x8=0x00000000
     393155.000 ns	     39314	80008230	c011fb53	fcvt.wu.s	x22,f3	  f3:0x3f800000 x22=0x00000001
     393185.000 ns	     39317	80008234	293508d3	fmin.s	f17,f10,f19	 f10:0x80000000 f19:0x3f800000 f17=0x80000000
     393555.000 ns	     39354	80008238	038475b3	remu	x11,x8,x24	  x8:0x00000000 x24:0xe783e000 x11=0x00000000
     393585.000 ns	     39357	8000823c	c01175d3	fcvt.wu.s	x11,f2	  f2:0xbf800000 x11=0x00000001
     393615.000 ns	     39360	80008240	0290b4b3	mulhu	x9,x1,x9	  x1:0x00000001  x9:0x73c59ca8  x9=0x00000000
     393645.000 ns	     39363	80008244	0348d2b3	divu	x5,x17,x20	 x17:0x00000000 x20:0x00000000  x5=0xffffffff
     393675.000 ns	     39366	80008248	e0001ed3	fclass.s	x29,f0	  f0:0x7fc00000 x29=0x00000200
     393695.000 ns	     39368	8000824c	e1193913	sltiu	x18,x18,-495	 x18:0x00000001 x18=0x00000001
     393715.000 ns	     39370	80008250	283b86d3	fmin.s	f13,f23,f3	 f23:0x3f800000  f3:0x3f800000 f13=0x3f800000
     393735.000 ns	     39372	80008254	015e1d93	slli	x27,x28,0x15	 x28:0x80040fe4 x27=0xfc800000
     393745.000 ns	     39373	80008258	c7114813	xori	x16,x2,-911	  x2:0xf843e2ba x16=0x07bc1ecb
     394075.000 ns	     39406	8000825c	18211d53	fdiv.s	f26,f2,f2	  f2:0xbf800000  f2:0xbf800000 f26=0x3f045ede
     394095.000 ns	     39408	80008260	400b03b3	sub	x7,x22,x0	 x22:0x00000001  x0:0x00000000  x7=0x00000001
     394115.000 ns	     39410	80008264	c00afbd3	fcvt.w.s	x23,f21	 f21:0x7fc00000 x23=0x7fffffff
     394135.000 ns	     39412	80008268	0022db13	srli	x22,x5,0x2	  x5:0xffffffff x22=0x3fffffff
     394155.000 ns	     39414	8000826c	03a15733	divu	x14,x2,x26	  x2:0xf843e2ba x26:0x00000000 x14=0xffffffff
     394175.000 ns	     39416	80008270	00000013	addi	x0,x0,0	  x0:0x00000000
     394195.000 ns	     39418	80008274	29c80b53	fmin.s	f22,f16,f28	 f16:0x3f800000 f28:0xffc00000 f22=0x3f800000
     394245.000 ns	     39423	80008278	09c429d3	fsub.s	f19,f8,f28	  f8:0x3f800000 f28:0xffc00000 f19=0x7fc00000
     394615.000 ns	     39460	8000827c	021663b3	rem	x7,x12,x1	 x12:0x00000000  x1:0x00000001  x7=0x00000000
     394635.000 ns	     39462	80008280	41640d33	sub	x26,x8,x22	  x8:0x00000000 x22:0x3fffffff x26=0xc0000001
     394645.000 ns	     39463	80008284	009558b3	srl	x17,x10,x9	 x10:0x3ffdf7ee  x9:0x00000000 x17=0x3ffdf7ee
     394665.000 ns	     39465	80008288	0311aa33	mulhsu	x20,x3,x17	  x3:0x3f800575 x17:0x00000000 x20=0x0fdf805c
     394695.000 ns	     39468	8000828c	0286f833	remu	x16,x13,x8	 x13:0x3ffdf7ee  x8:0x00000000 x16=0x3ffdf7ee
     394725.000 ns	     39471	80008290	03343633	mulhu	x12,x8,x19	  x8:0x00000000 x19:0x00000040 x12=0x00000000
     394755.000 ns	     39474	80008294	e0061b53	fclass.s	x22,f12	 f12:0x7fc00000 x22=0x00000200
     394795.000 ns	     39478	80008298	19bcabd3	fdiv.s	f23,f25,f27	 f25:0x7fc00000 f27:0x7fc00000 f23=0x7fc00000
     394815.000 ns	     39480	8000829c	417d81b3	sub	x3,x27,x23	 x27:0xfc800000 x23:0x7fffffff  x3=0x7c800001
     394845.000 ns	     39483	800082a0	5809f4d3	fsqrt.s	f9,f19	 f19:0x7fc00000  f9=0x7fc00000
     394865.000 ns	     39485	800082a4	006fb733	sltu	x14,x31,x6	 x31:0x00000000  x6:0x80041024 x14=0x00000001
     394875.000 ns	     39486	800082a8	272efa13	andi	x20,x29,626	 x29:0x00000200 x20=0x00000200
     394895.000 ns	     39488	800082ac	f0020853	fmv.w.x	f16,x4	  x4:0x1fc002ba f16=0x1fc002ba
     394935.000 ns	     39492	800082b0	10a38553	fmul.s	f10,f7,f10	  f7:0x3f800000 f10:0x80000000 f10=0x80000000
     394965.000 ns	     39495	800082b4	e0019553	fclass.s	x10,f3	  f3:0x3f800000 x10=0x00000040
     394995.000 ns	     39498	800082b8	204595d3	fsgnjn.s	f11,f11,f4	 f11:0x7fc00000  f4:0x3f800000 f11=0xffc00000
     395025.000 ns	     39501	800082bc	c00ccbd3	fcvt.w.s	x23,f25	 f25:0x7fc00000 x23=0x7fffffff
     395055.000 ns	     39504	800082c0	20d39f53	fsgnjn.s	f30,f7,f13	  f7:0x3f800000 f13:0x3f800000 f30=0xbf800000
     395085.000 ns	     39507	800082c4	026a9833	mulh	x16,x21,x6	 x21:0x00000000  x6:0x80041024 x16=0x00000000
     395115.000 ns	     39510	800082c8	21e81353	fsgnjn.s	f6,f16,f30	 f16:0x1fc002ba f30:0xbf800000  f6=0x1fc002ba
     395145.000 ns	     39513	800082cc	200f8153	fsgnj.s	f2,f31,f0	 f31:0x00000001  f0:0x7fc00000  f2=0x00000001
     395165.000 ns	     39515	800082d0	00e531b3	sltu	x3,x10,x14	 x10:0x00000040 x14:0x00000001  x3=0x00000000
     395205.000 ns	     39519	800082d4	0926f353	fsub.s	f6,f13,f18	 f13:0x3f800000 f18:0x3f800000  f6=0x80000000
     395235.000 ns	     39522	800082d8	0281dd33	divu	x26,x3,x8	  x3:0x7c800001  x8:0x00000000 x26=0xffffffff
     395255.000 ns	     39524	800082dc	41e90833	sub	x16,x18,x30	 x18:0x00000001 x30:0x00b1a000 x16=0xff4e6001
     395295.000 ns	     39528	800082e0	013039d3	fadd.s	f19,f0,f19	  f0:0x7fc00000 f19:0x7fc00000 f19=0x7fc00000
     396475.000 ns	     39646	800082e4	58047953	fsqrt.s	f18,f8	  f8:0x3f800000 f18=0x3f7fffae
     396495.000 ns	     39648	800082e8	01ee9c13	slli	x24,x29,0x1e	 x29:0x00000200 x24=0x00000000
     396505.000 ns	     39649	800082ec	890f2f13	slti	x30,x30,-1904	 x30:0x00b1a000 x30=0x00000000
     396525.000 ns	     39651	800082f0	e0041fd3	fclass.s	x31,f8	  f8:0x3f800000 x31=0x00000040
     396545.000 ns	     39653	800082f4	008056b3	srl	x13,x0,x8	  x0:0x00000000  x8:0x00000000 x13=0x00000000
     396565.000 ns	     39655	800082f8	215c0553	fsgnj.s	f10,f24,f21	 f24:0x56ff862e f21:0x7fc00000 f10=0x56ff862e
     396595.000 ns	     39658	800082fc	02823833	mulhu	x16,x4,x8	  x4:0x1fc002ba  x8:0x00000000 x16=0x00000000
     396625.000 ns	     39661	80008300	209b89d3	fsgnj.s	f19,f23,f9	 f23:0x7fc00000  f9:0x7fc00000 f19=0x7fc00000
     396645.000 ns	     39663	80008304	70b06013	ori	x0,x0,1803	  x0:0x00000000
     396675.000 ns	     39666	80008308	11c372d3	fmul.s	f5,f6,f28	  f6:0x80000000 f28:0xffc00000  f5=0x7fc00000
     396705.000 ns	     39669	8000830c	02beac33	mulhsu	x24,x29,x11	 x29:0x00000200 x11:0x00000001 x24=0x00000000
     396725.000 ns	     39671	80008310	01aaf513	andi	x10,x21,26	 x21:0x00000000 x10=0x00000000
     396745.000 ns	     39673	80008314	f00d8653	fmv.w.x	f12,x27	 x27:0xfc800000 f12=0xfc800000
     396765.000 ns	     39675	80008318	41915533	sra	x10,x2,x25	  x2:0xf843e2ba x25:0xe783e000 x10=0xf843e2ba
     396775.000 ns	     39676	8000831c	002d5c33	srl	x24,x26,x2	 x26:0xffffffff  x2:0xf843e2ba x24=0x0000003f
     396785.000 ns	     39677	80008320	0128b033	sltu	x0,x17,x18	 x17:0x3ffdf7ee x18:0x00000001
     396805.000 ns	     39679	80008324	203203d3	fsgnj.s	f7,f4,f3	  f4:0x3f800000  f3:0x3f800000  f7=0x3f800000
     396835.000 ns	     39682	80008328	209f28d3	fsgnjx.s	f17,f30,f9	 f30:0xbf800000  f9:0x7fc00000 f17=0xbf800000
     397205.000 ns	     39719	8000832c	03d3f833	remu	x16,x7,x29	  x7:0x00000000 x29:0x00000200 x16=0x00000000
     397225.000 ns	     39721	80008330	00fe3633	sltu	x12,x28,x15	 x28:0x80040fe4 x15:0x00000002 x12=0x00000000
     397245.000 ns	     39723	80008334	28260053	fmin.s	f0,f12,f2	 f12:0xfc800000  f2:0x00000001  f0=0xfc800000
     397265.000 ns	     39725	80008338	004fb4b3	sltu	x9,x31,x4	 x31:0x00000040  x4:0x1fc002ba  x9=0x00000001
     397275.000 ns	     39726	8000833c	4059df33	sra	x30,x19,x5	 x19:0x00000040  x5:0xffffffff x30=0x00000000
     397295.000 ns	     39728	80008340	2072a8d3	fsgnjx.s	f17,f5,f7	  f5:0x7fc00000  f7:0x3f800000 f17=0x7fc00000
     397325.000 ns	     39731	80008344	21c1a953	fsgnjx.s	f18,f3,f28	  f3:0x3f800000 f28:0xffc00000 f18=0xbf800000
     397345.000 ns	     39733	80008348	5c557893	andi	x17,x10,1477	 x10:0xf843e2ba x17=0x00000080
     397355.000 ns	     39734	8000834c	bfe37c93	andi	x25,x6,-1026	  x6:0x80041024 x25=0x80041024
     397715.000 ns	     39770	80008350	02646033	rem	x0,x8,x6	  x8:0x00000000  x6:0x80041024
     398085.000 ns	     39807	80008354	0258c3b3	div	x7,x17,x5	 x17:0x00000080  x5:0xffffffff  x7=0xffffff80
     398105.000 ns	     39809	80008358	0165a2b3	slt	x5,x11,x22	 x11:0x00000001 x22:0x00000200  x5=0x00000001
     398115.000 ns	     39810	8000835c	40c20b33	sub	x22,x4,x12	  x4:0x1fc002ba x12:0x00000000 x22=0x1fc002ba
     398125.000 ns	     39811	80008360	2ca1fd93	andi	x27,x3,714	  x3:0x00000000 x27=0x00000000
     398135.000 ns	     39812	80008364	f2cd4513	xori	x10,x26,-212	 x26:0xffffffff x10=0x000000d3
     398145.000 ns	     39813	80008368	401e5f13	srai	x30,x28,0x1	 x28:0x80040fe4 x30=0xc00207f2
     398175.000 ns	     39816	8000836c	18eac053	fdiv.s	f0,f21,f14	 f21:0x7fc00000 f14:0x7fc00000  f0=0x7fc00000
     398205.000 ns	     39819	80008370	02960133	mul	x2,x12,x9	 x12:0x00000000  x9:0x00000001  x2=0x00000000
     398235.000 ns	     39822	80008374	208686d3	fsgnj.s	f13,f13,f8	 f13:0x3f800000  f8:0x3f800000 f13=0x3f800000
     398255.000 ns	     39824	80008378	01693433	sltu	x8,x18,x22	 x18:0x00000001 x22:0x1fc002ba  x8=0x00000001
     398265.000 ns	     39825	8000837c	b7e4c697	auipc	x13,0xb7e4c	 x13=0x37e5437c
     398295.000 ns	     39828	80008380	580f26d3	fsqrt.s	f13,f30	 f30:0xbf800000 f13=0x7fc00000
     398325.000 ns	     39831	80008384	0367a733	mulhsu	x14,x15,x22	 x15:0x00000002 x22:0x1fc002ba x14=0x00000000
     398355.000 ns	     39834	80008388	035906b3	mul	x13,x18,x21	 x18:0x00000001 x21:0x00000000 x13=0x00000000
     398375.000 ns	     39836	8000838c	01b49093	slli	x1,x9,0x1b	  x9:0x00000001  x1=0x08000000
     398395.000 ns	     39838	80008390	038384b3	mul	x9,x7,x24	  x7:0xffffff80 x24:0x0000003f  x9=0xffffe080
     398435.000 ns	     39842	80008394	10854ad3	fmul.s	f21,f10,f8	 f10:0x56ff862e  f8:0x3f800000 f21=0x56ff862e
     398805.000 ns	     39879	80008398	02bbe8b3	rem	x17,x23,x11	 x23:0x7fffffff x11:0x00000001 x17=0x00000000
     398825.000 ns	     39881	8000839c	410d8ab3	sub	x21,x27,x16	 x27:0x00000000 x16:0x00000000 x21=0x00000000
     398835.000 ns	     39882	800083a0	008d0733	add	x14,x26,x8	 x26:0xffffffff  x8:0x00000001 x14=0x00000000
     398855.000 ns	     39884	800083a4	28da11d3	fmax.s	f3,f20,f13	 f20:0x00000000 f13:0x7fc00000  f3=0x00000000
     398875.000 ns	     39886	800083a8	118f4a13	xori	x20,x30,280	 x30:0xc00207f2 x20=0xc00206ea
     398885.000 ns	     39887	800083ac	011483b3	add	x7,x9,x17	  x9:0xffffe080 x17:0x00000000  x7=0xffffe080
     398895.000 ns	     39888	800083b0	d704ea93	ori	x21,x9,-656	  x9:0xffffe080 x21=0xfffffdf0
     398905.000 ns	     39889	800083b4	00cf0633	add	x12,x30,x12	 x30:0xc00207f2 x12:0x00000000 x12=0xc00207f2
     398945.000 ns	     39893	800083b8	08503553	fsub.s	f10,f0,f5	  f0:0x7fc00000  f5:0x7fc00000 f10=0x7fc00000
     398965.000 ns	     39895	800083bc	f3480593	addi	x11,x16,-204	 x16:0x00000000 x11=0xffffff34
     398985.000 ns	     39897	800083c0	f0008353	fmv.w.x	f6,x1	  x1:0x08000000  f6=0x08000000
     399005.000 ns	     39899	800083c4	18f34693	xori	x13,x6,399	  x6:0x80041024 x13=0x800411ab
     399015.000 ns	     39900	800083c8	00083cb3	sltu	x25,x16,x0	 x16:0x00000000  x0:0x00000000 x25=0x00000000
     399035.000 ns	     39902	800083cc	21b9add3	fsgnjx.s	f27,f19,f27	 f19:0x7fc00000 f27:0x7fc00000 f27=0x7fc00000
     399055.000 ns	     39904	800083d0	6f9d9997	auipc	x19,0x6f9d9	 x19=0xef9e13d0
     399065.000 ns	     39905	800083d4	00b1da33	srl	x20,x3,x11	  x3:0x00000000 x11:0xffffff34 x20=0x00000000
     399085.000 ns	     39907	800083d8	214723d3	fsgnjx.s	f7,f14,f20	 f14:0x7fc00000 f20:0x00000000  f7=0x7fc00000
     399115.000 ns	     39910	800083dc	215293d3	fsgnjn.s	f7,f5,f21	  f5:0x7fc00000 f21:0x56ff862e  f7=0xffc00000
     399135.000 ns	     39912	800083e0	a1ecfa93	andi	x21,x25,-1506	 x25:0x00000000 x21=0x00000000
     399145.000 ns	     39913	800083e4	0036da93	srli	x21,x13,0x3	 x13:0x800411ab x21=0x10008235
     399165.000 ns	     39915	800083e8	c0192053	fcvt.wu.s	x0,f18	 f18:0xbf800000
     399185.000 ns	     39917	800083ec	01602f33	slt	x30,x0,x22	  x0:0x00000000 x22:0x1fc002ba x30=0x00000001
     399195.000 ns	     39918	800083f0	00701193	slli	x3,x0,0x7	  x0:0x00000000  x3=0x00000000
     399205.000 ns	     39919	800083f4	014008b3	add	x17,x0,x20	  x0:0x00000000 x20:0x00000000 x17=0x00000000
     399235.000 ns	     39922	800083f8	580cbfd3	fsqrt.s	f31,f25	 f25:0x7fc00000 f31=0x7fc00000
     399255.000 ns	     39924	800083fc	013253b3	srl	x7,x4,x19	  x4:0x1fc002ba x19:0xef9e13d0  x7=0x00001fc0
     399265.000 ns	     39925	80008400	01fc53b3	srl	x7,x24,x31	 x24:0x0000003f x31:0x00000040  x7=0x0000003f
     399295.000 ns	     39928	80008404	19a5b653	fdiv.s	f12,f11,f26	 f11:0xffc00000 f26:0x3f045ede f12=0x7fc00000
     399325.000 ns	     39931	80008408	f00b0b53	fmv.w.x	f22,x22	 x22:0x1fc002ba f22=0x1fc002ba
     399355.000 ns	     39934	8000840c	0235cfb3	div	x31,x11,x3	 x11:0xffffff34  x3:0x00000000 x31=0xffffffff
     399375.000 ns	     39936	80008410	63156413	ori	x8,x10,1585	 x10:0x000000d3  x8=0x000006f3
     399395.000 ns	     39938	80008414	e0080653	fmv.x.w	x12,f16	 f16:0x1fc002ba x12=0x1fc002ba
     399425.000 ns	     39941	80008418	29b006d3	fmin.s	f13,f0,f27	  f0:0x7fc00000 f27:0x7fc00000 f13=0x7fc00000
     399455.000 ns	     39944	8000841c	039ffab3	remu	x21,x31,x25	 x31:0xffffffff x25:0x00000000 x21=0xffffffff
     399485.000 ns	     39947	80008420	f00300d3	fmv.w.x	f1,x6	  x6:0x80041024  f1=0x80041024
     399855.000 ns	     39984	80008424	03e063b3	rem	x7,x0,x30	  x0:0x00000000 x30:0x00000001  x7=0x00000000
     399875.000 ns	     39986	80008428	01674a33	xor	x20,x14,x22	 x14:0x00000000 x22:0x1fc002ba x20=0x1fc002ba
     399885.000 ns	     39987	8000842c	32e7a197	auipc	x3,0x32e7a	  x3=0xb2e8242c
     399915.000 ns	     39990	80008430	190e7753	fdiv.s	f14,f28,f16	 f28:0xffc00000 f16:0x1fc002ba f14=0x7fc00000
     399945.000 ns	     39993	80008434	02711633	mulh	x12,x2,x7	  x2:0x00000000  x7:0x00000000 x12=0x00000000
     399965.000 ns	     39995	80008438	bcf32713	slti	x14,x6,-1073	  x6:0x80041024 x14=0x00000001
     399975.000 ns	     39996	8000843c	002d5093	srli	x1,x26,0x2	 x26:0xffffffff  x1=0x3fffffff
     399995.000 ns	     39998	80008440	21d727d3	fsgnjx.s	f15,f14,f29	 f14:0x7fc00000 f29:0xc3f58000 f15=0xffc00000
     400035.000 ns	     40002	80008444	19760ed3	fdiv.s	f29,f12,f23	 f12:0x7fc00000 f23:0x7fc00000 f29=0x7fc00000
     400055.000 ns	     40004	80008448	1ecb4693	xori	x13,x22,492	 x22:0x1fc002ba x13=0x1fc00356
     400065.000 ns	     40005	8000844c	40f25593	srai	x11,x4,0xf	  x4:0x1fc002ba x11=0x00003f80
     400085.000 ns	     40007	80008450	03109433	mulh	x8,x1,x17	  x1:0x3fffffff x17:0x00000000  x8=0x00000000
     400125.000 ns	     40011	80008454	5803f1d3	fsqrt.s	f3,f7	  f7:0xffc00000  f3=0x7fc00000
     400155.000 ns	     40014	80008458	e00c09d3	fmv.x.w	x19,f24	 f24:0x56ff862e x19=0x56ff862e
     400185.000 ns	     40017	8000845c	03012ab3	mulhsu	x21,x2,x16	  x2:0x00000000 x16:0x00000000 x21=0x00000000
     400215.000 ns	     40020	80008460	f00d8bd3	fmv.w.x	f23,x27	 x27:0x00000000 f23=0x00000000
     400235.000 ns	     40022	80008464	01518fb3	add	x31,x3,x21	  x3:0xb2e8242c x21:0x00000000 x31=0xb2e8242c
     400255.000 ns	     40024	80008468	d01bf9d3	fcvt.s.wu	f19,x23	 x23:0x7fffffff f19=0x4effffff
     400275.000 ns	     40026	8000846c	0120d693	srli	x13,x1,0x12	  x1:0x3fffffff x13=0x00000fff
     400295.000 ns	     40028	80008470	d00c18d3	fcvt.s.w	f17,x24	 x24:0x0000003f f17=0x427c0000
     400315.000 ns	     40030	80008474	0145bc33	sltu	x24,x11,x20	 x11:0x00003f80 x20:0x1fc002ba x24=0x00000001
     400335.000 ns	     40032	80008478	d0037853	fcvt.s.w	f16,x6	  x6:0x80041024 f16=0xcefff7df
     400355.000 ns	     40034	8000847c	01c4cc33	xor	x24,x9,x28	  x9:0xffffe080 x28:0x80040fe4 x24=0x7ffbef64
     400375.000 ns	     40036	80008480	035c2eb3	mulhsu	x29,x24,x21	 x24:0x00000001 x21:0x00000000 x29=0x00000000
     400395.000 ns	     40038	80008484	006256b3	srl	x13,x4,x6	  x4:0x1fc002ba  x6:0x80041024 x13=0x01fc002b
     400405.000 ns	     40039	80008488	21373293	sltiu	x5,x14,531	 x14:0x00000001  x5=0x00000001
     400425.000 ns	     40041	8000848c	202b8fd3	fsgnj.s	f31,f23,f2	 f23:0x00000000  f2:0x00000001 f31=0x00000000
     400455.000 ns	     40044	80008490	e0018953	fmv.x.w	x18,f3	  f3:0x7fc00000 x18=0x7fc00000
     400485.000 ns	     40047	80008494	a15e9a53	flt.s	x20,f29,f21	 f29:0x7fc00000 f21:0x56ff862e x20=0x00000000
     400505.000 ns	     40049	80008498	01c93c33	sltu	x24,x18,x28	 x18:0x7fc00000 x28:0x80040fe4 x24=0x00000001
     400515.000 ns	     40050	8000849c	0010a1b3	slt	x3,x1,x1	  x1:0x3fffffff  x1:0x3fffffff  x3=0x00000000
     400525.000 ns	     40051	800084a0	0096d013	srli	x0,x13,0x9	 x13:0x01fc002b
     400535.000 ns	     40052	800084a4	30f6a713	slti	x14,x13,783	 x13:0x01fc002b x14=0x00000000
     400555.000 ns	     40054	800084a8	e00f1053	fclass.s	x0,f30	 f30:0xbf800000
     400585.000 ns	     40057	800084ac	d0150f53	fcvt.s.wu	f30,x10	 x10:0x000000d3 f30=0x43530000
     400615.000 ns	     40060	800084b0	21262753	fsgnjx.s	f14,f12,f18	 f12:0x7fc00000 f18:0xbf800000 f14=0xffc00000
     400635.000 ns	     40062	800084b4	88de7993	andi	x19,x28,-1907	 x28:0x80040fe4 x19=0x80040884
     400645.000 ns	     40063	800084b8	01ebb533	sltu	x10,x23,x30	 x23:0x7fffffff x30:0x00000001 x10=0x00000000
     400665.000 ns	     40065	800084bc	a1db2bd3	feq.s	x23,f22,f29	 f22:0x1fc002ba f29:0x7fc00000 x23=0x00000000
     400695.000 ns	     40068	800084c0	295d17d3	fmax.s	f15,f26,f21	 f26:0x3f045ede f21:0x56ff862e f15=0x56ff862e
     400725.000 ns	     40071	800084c4	f00f0553	fmv.w.x	f10,x30	 x30:0x00000001 f10=0x00000001
     400745.000 ns	     40073	800084c8	01e2b0b3	sltu	x1,x5,x30	  x5:0x00000001 x30:0x00000001  x1=0x00000000
     400755.000 ns	     40074	800084cc	0016f0b3	and	x1,x13,x1	 x13:0x01fc002b  x1:0x3fffffff  x1=0x00000000
     400765.000 ns	     40075	800084d0	7dd99117	auipc	x2,0x7dd99	  x2=0xfdda14d0
     400805.000 ns	     40079	800084d4	099f7453	fsub.s	f8,f30,f25	 f30:0x43530000 f25:0x7fc00000  f8=0x7fc00000
     400835.000 ns	     40082	800084d8	c011add3	fcvt.wu.s	x27,f3	  f3:0x7fc00000 x27=0xffffffff
     400865.000 ns	     40085	800084dc	299906d3	fmin.s	f13,f18,f25	 f18:0xbf800000 f25:0x7fc00000 f13=0xbf800000
     400895.000 ns	     40088	800084e0	035596b3	mulh	x13,x11,x21	 x11:0x00003f80 x21:0x00000000 x13=0x00000000
     400915.000 ns	     40090	800084e4	64b213b7	lui	x7,0x64b21	  x7=0x64b21000
     400935.000 ns	     40092	800084e8	e00a0753	fmv.x.w	x14,f20	 f20:0x00000000 x14=0x00000000
     400965.000 ns	     40095	800084ec	29db1b53	fmax.s	f22,f22,f29	 f22:0x1fc002ba f29:0x7fc00000 f22=0x1fc002ba
     400995.000 ns	     40098	800084f0	a13200d3	fle.s	x1,f4,f19	  f4:0x3f800000 f19:0x4effffff  x1=0x00000001
     401025.000 ns	     40101	800084f4	21008ed3	fsgnj.s	f29,f1,f16	  f1:0x80041024 f16:0xcefff7df f29=0x80041024
     401055.000 ns	     40104	800084f8	d01b7fd3	fcvt.s.wu	f31,x22	 x22:0x1fc002ba f31=0x4dfe0015
     401075.000 ns	     40106	800084fc	f9ea0a13	addi	x20,x20,-98	 x20:0x00000000 x20=0xffffff9e
     401085.000 ns	     40107	80008500	d00ec113	xori	x2,x29,-768	 x29:0x00000000  x2=0xfffffd00
     401105.000 ns	     40109	80008504	e00c1953	fclass.s	x18,f24	 f24:0x56ff862e x18=0x00000040
     401125.000 ns	     40111	80008508	00ddd913	srli	x18,x27,0xd	 x27:0xffffffff x18=0x0007ffff
     401135.000 ns	     40112	8000850c	4159d693	srai	x13,x19,0x15	 x19:0x80040884 x13=0xfffffc00
     401155.000 ns	     40114	80008510	c018fc53	fcvt.wu.s	x24,f17	 f17:0x427c0000 x24=0x0000003f
     402335.000 ns	     40232	80008514	580f14d3	fsqrt.s	f9,f30	 f30:0x43530000  f9=0x41153313
     402365.000 ns	     40235	80008518	a15824d3	feq.s	x9,f16,f21	 f16:0xcefff7df f21:0x56ff862e  x9=0x00000000
     402395.000 ns	     40238	8000851c	c0047ad3	fcvt.w.s	x21,f8	  f8:0x7fc00000 x21=0x7fffffff
     402415.000 ns	     40240	80008520	01c04233	xor	x4,x0,x28	  x0:0x00000000 x28:0x80040fe4  x4=0x80040fe4
     402435.000 ns	     40242	80008524	039e64b3	rem	x9,x28,x25	 x28:0x80040fe4 x25:0x00000000  x9=0x80040fe4
     402475.000 ns	     40246	80008528	10eb87d3	fmul.s	f15,f23,f14	 f23:0x00000000 f14:0xffc00000 f15=0x7fc00000
     402495.000 ns	     40248	8000852c	93160d13	addi	x26,x12,-1743	 x12:0x00000000 x26=0xfffff931
     402505.000 ns	     40249	80008530	00da9bb3	sll	x23,x21,x13	 x21:0x7fffffff x13:0xfffffc00 x23=0x7fffffff
     403675.000 ns	     40366	80008534	580d0ad3	fsqrt.s	f21,f26	 f26:0x3f045ede f21=0x3ebb32c0
     403705.000 ns	     40369	80008538	c014f0d3	fcvt.wu.s	x1,f9	  f9:0x41153313  x1=0x00000009
     403745.000 ns	     40373	8000853c	114d8253	fmul.s	f4,f27,f20	 f27:0x7fc00000 f20:0x00000000  f4=0x7fc00000
     403775.000 ns	     40376	80008540	c01148d3	fcvt.wu.s	x17,f2	  f2:0x00000001 x17=0x00000000
     403795.000 ns	     40378	80008544	9dcce193	ori	x3,x25,-1572	 x25:0x00000000  x3=0xfffff9dc
     403805.000 ns	     40379	80008548	004ca433	slt	x8,x25,x4	 x25:0x00000000  x4:0x80040fe4  x8=0x00000000
     403815.000 ns	     40380	8000854c	45b06a37	lui	x20,0x45b06	 x20=0x45b06000
     403825.000 ns	     40381	80008550	cd15e813	ori	x16,x11,-815	 x11:0x00003f80 x16=0xffffffd1
     403845.000 ns	     40383	80008554	29fb93d3	fmax.s	f7,f23,f31	 f23:0x00000000 f31:0x4dfe0015  f7=0x4dfe0015
     403875.000 ns	     40386	80008558	026a8d33	mul	x26,x21,x6	 x21:0x7fffffff  x6:0x80041024 x26=0x7ffbefdc
     403905.000 ns	     40389	8000855c	f0018453	fmv.w.x	f8,x3	  x3:0xfffff9dc  f8=0xfffff9dc
     403935.000 ns	     40392	80008560	291b9053	fmax.s	f0,f23,f17	 f23:0x00000000 f17:0x427c0000  f0=0x427c0000
     403955.000 ns	     40394	80008564	4093dcb3	sra	x25,x7,x9	  x7:0x64b21000  x9:0x80040fe4 x25=0x064b2100
     403965.000 ns	     40395	80008568	008c2b33	slt	x22,x24,x8	 x24:0x0000003f  x8:0x00000000 x22=0x00000000
     403975.000 ns	     40396	8000856c	41060933	sub	x18,x12,x16	 x12:0x00000000 x16:0xffffffd1 x18=0x0000002f
     403995.000 ns	     40398	80008570	a1871953	flt.s	x18,f14,f24	 f14:0xffc00000 f24:0x56ff862e x18=0x00000000
     404015.000 ns	     40400	80008574	41a658b3	sra	x17,x12,x26	 x12:0x00000000 x26:0x7ffbefdc x17=0x00000000
     404035.000 ns	     40402	80008578	a0e91153	flt.s	x2,f18,f14	 f18:0xbf800000 f14:0xffc00000  x2=0x00000000
     404065.000 ns	     40405	8000857c	286d9353	fmax.s	f6,f27,f6	 f27:0x7fc00000  f6:0x08000000  f6=0x08000000
     404085.000 ns	     40407	80008580	01724eb3	xor	x29,x4,x23	  x4:0x80040fe4 x23:0x7fffffff x29=0xfffbf01b
     404125.000 ns	     40411	80008584	0943f5d3	fsub.s	f11,f7,f20	  f7:0x4dfe0015 f20:0x00000000 f11=0x4dfe0015
     404155.000 ns	     40414	80008588	209e19d3	fsgnjn.s	f19,f28,f9	 f28:0xffc00000  f9:0x41153313 f19=0xffc00000
     404195.000 ns	     40418	8000858c	102b4b53	fmul.s	f22,f22,f2	 f22:0x1fc002ba  f2:0x00000001 f22=0x00000001
     404565.000 ns	     40455	80008590	02ba44b3	div	x9,x20,x11	 x20:0x45b06000 x11:0x00003f80  x9=0x000118f3
     404595.000 ns	     40458	80008594	a13715d3	flt.s	x11,f14,f19	 f14:0xffc00000 f19:0xffc00000 x11=0x00000000
     404625.000 ns	     40461	80008598	2042aa53	fsgnjx.s	f20,f5,f4	  f5:0x7fc00000  f4:0x7fc00000 f20=0x7fc00000
     404665.000 ns	     40465	8000859c	197377d3	fdiv.s	f15,f6,f23	  f6:0x08000000 f23:0x00000000 f15=0x7f800000
     404695.000 ns	     40468	800085a0	e0038bd3	fmv.x.w	x23,f7	  f7:0x4dfe0015 x23=0x4dfe0015
     404735.000 ns	     40472	800085a4	183420d3	fdiv.s	f1,f8,f3	  f8:0xfffff9dc  f3:0x7fc00000  f1=0x7fc00000
     404765.000 ns	     40475	800085a8	03d1a5b3	mulhsu	x11,x3,x29	  x3:0xfffff9dc x29:0xfffbf01b x11=0xfffff9dc
     404795.000 ns	     40478	800085ac	a1369053	flt.s	x0,f13,f19	 f13:0xbf800000 f19:0xffc00000
     404815.000 ns	     40480	800085b0	00000013	addi	x0,x0,0	  x0:0x00000000
     404825.000 ns	     40481	800085b4	011c9b13	slli	x22,x25,0x11	 x25:0x064b2100 x22=0x42000000
     404835.000 ns	     40482	800085b8	01ac5db3	srl	x27,x24,x26	 x24:0x0000003f x26:0x7ffbefdc x27=0x00000000
     404865.000 ns	     40485	800085bc	105a7a53	fmul.s	f20,f20,f5	 f20:0x7fc00000  f5:0x7fc00000 f20=0x7fc00000
     404895.000 ns	     40488	800085c0	e00f8fd3	fmv.x.w	x31,f31	 f31:0x4dfe0015 x31=0x4dfe0015
     404925.000 ns	     40491	800085c4	20622453	fsgnjx.s	f8,f4,f6	  f4:0x7fc00000  f6:0x08000000  f8=0x7fc00000
     404965.000 ns	     40495	800085c8	19487e53	fdiv.s	f28,f16,f20	 f16:0xcefff7df f20:0x7fc00000 f28=0x7fc00000
     404995.000 ns	     40498	800085cc	29a602d3	fmin.s	f5,f12,f26	 f12:0x7fc00000 f26:0x3f045ede  f5=0x3f045ede
     405015.000 ns	     40500	800085d0	00aec2b3	xor	x5,x29,x10	 x29:0xfffbf01b x10:0x00000000  x5=0xfffbf01b
     405025.000 ns	     40501	800085d4	4071d993	srai	x19,x3,0x7	  x3:0xfffff9dc x19=0xfffffff3
     405045.000 ns	     40503	800085d8	a1942ad3	feq.s	x21,f8,f25	  f8:0x7fc00000 f25:0x7fc00000 x21=0x00000000
     405075.000 ns	     40506	800085dc	287c8853	fmin.s	f16,f25,f7	 f25:0x7fc00000  f7:0x4dfe0015 f16=0x4dfe0015
     405095.000 ns	     40508	800085e0	006d3833	sltu	x16,x26,x6	 x26:0x7ffbefdc  x6:0x80041024 x16=0x00000001
     405115.000 ns	     40510	800085e4	a1b7aa53	feq.s	x20,f15,f27	 f15:0x7f800000 f27:0x7fc00000 x20=0x00000000
     405145.000 ns	     40513	800085e8	f0068953	fmv.w.x	f18,x13	 x13:0xfffffc00 f18=0xfffffc00
     405175.000 ns	     40516	800085ec	03c70b33	mul	x22,x14,x28	 x14:0x00000000 x28:0x80040fe4 x22=0x00000000
     405205.000 ns	     40519	800085f0	c013bc53	fcvt.wu.s	x24,f7	  f7:0x4dfe0015 x24=0x1fc002a0
     405235.000 ns	     40522	800085f4	21b92053	fsgnjx.s	f0,f18,f27	 f18:0xfffffc00 f27:0x7fc00000  f0=0xfffffc00
     405255.000 ns	     40524	800085f8	e1c56f37	lui	x30,0xe1c56	 x30=0xe1c56000
     405265.000 ns	     40525	800085fc	96502913	slti	x18,x0,-1691	  x0:0x00000000 x18=0x00000000
     405275.000 ns	     40526	80008600	b7eea237	lui	x4,0xb7eea	  x4=0xb7eea000
     405285.000 ns	     40527	80008604	3f9f18b7	lui	x17,0x3f9f1	 x17=0x3f9f1000
     405305.000 ns	     40529	80008608	038ea0b3	mulhsu	x1,x29,x24	 x29:0xfffbf01b x24:0x1fc002a0  x1=0xffff7f07
     405325.000 ns	     40531	8000860c	18b7ad97	auipc	x27,0x18b7a	 x27=0x98b8260c
     405345.000 ns	     40533	80008610	d003c353	fcvt.s.w	f6,x7	  x7:0x64b21000  f6=0x4ec96420
     405365.000 ns	     40535	80008614	09727513	andi	x10,x4,151	  x4:0xb7eea000 x10=0x00000000
     405385.000 ns	     40537	80008618	f00a0853	fmv.w.x	f16,x20	 x20:0x00000000 f16=0x00000000
     405415.000 ns	     40540	8000861c	03e20bb3	mul	x23,x4,x30	  x4:0xb7eea000 x30:0xe1c56000 x23=0x9c000000
     405785.000 ns	     40577	80008620	024c6b33	rem	x22,x24,x4	 x24:0x1fc002a0  x4:0xb7eea000 x22=0x1fc002a0
     405805.000 ns	     40579	80008624	00c31ab3	sll	x21,x6,x12	  x6:0x80041024 x12:0x00000000 x21=0x80041024
     405815.000 ns	     40580	80008628	41e45413	srai	x8,x8,0x1e	  x8:0x00000000  x8=0x00000000
     405825.000 ns	     40581	8000862c	a3ec3513	sltiu	x10,x24,-1474	 x24:0x1fc002a0 x10=0x00000001
     406185.000 ns	     40617	80008630	0385fc33	remu	x24,x11,x24	 x11:0xfffff9dc x24:0x1fc002a0 x24=0x01ffe4dc
     406215.000 ns	     40620	80008634	a0659853	flt.s	x16,f11,f6	 f11:0x4dfe0015  f6:0x4ec96420 x16=0x00000001
     406265.000 ns	     40625	80008638	013d2053	fadd.s	f0,f26,f19	 f26:0x3f045ede f19:0xffc00000  f0=0x7fc00000
     406295.000 ns	     40628	8000863c	c0143153	fcvt.wu.s	x2,f8	  f8:0x7fc00000  x2=0xffffffff
     406315.000 ns	     40630	80008640	41dada33	sra	x20,x21,x29	 x21:0x80041024 x29:0xfffbf01b x20=0xfffffff0
     406335.000 ns	     40632	80008644	d014a053	fcvt.s.wu	f0,x9	  x9:0x000118f3  f0=0x478c7980
     406355.000 ns	     40634	80008648	008c3c33	sltu	x24,x24,x8	 x24:0x01ffe4dc  x8:0x00000000 x24=0x00000000
     406375.000 ns	     40636	8000864c	e00f0d53	fmv.x.w	x26,f30	 f30:0x43530000 x26=0x43530000
     406745.000 ns	     40673	80008650	033f7d33	remu	x26,x30,x19	 x30:0xe1c56000 x19:0xfffffff3 x26=0xe1c56000
     406785.000 ns	     40677	80008654	10f209d3	fmul.s	f19,f4,f15	  f4:0x7fc00000 f15:0x7f800000 f19=0x7fc00000
     406805.000 ns	     40679	80008658	001ecdb3	xor	x27,x29,x1	 x29:0xfffbf01b  x1:0xffff7f07 x27=0x00048f1c
     406815.000 ns	     40680	8000865c	404e5893	srai	x17,x28,0x4	 x28:0x80040fe4 x17=0xf80040fe
     406825.000 ns	     40681	80008660	0182c433	xor	x8,x5,x24	  x5:0xfffbf01b x24:0x00000000  x8=0xfffbf01b
     406845.000 ns	     40683	80008664	02b4afb3	mulhsu	x31,x9,x11	  x9:0x000118f3 x11:0xfffff9dc x31=0x000118f2
     406865.000 ns	     40685	80008668	c06caf93	slti	x31,x25,-1018	 x25:0x064b2100 x31=0x00000000
     406875.000 ns	     40686	8000866c	40d4d993	srai	x19,x9,0xd	  x9:0x000118f3 x19=0x00000008
     406895.000 ns	     40688	80008670	f00101d3	fmv.w.x	f3,x2	  x2:0xffffffff  f3=0xffffffff
     406915.000 ns	     40690	80008674	406a8d33	sub	x26,x21,x6	 x21:0x80041024  x6:0x80041024 x26=0x00000000
     407275.000 ns	     40726	80008678	02357033	remu	x0,x10,x3	 x10:0x00000001  x3:0xfffff9dc
     407295.000 ns	     40728	8000867c	dfaf4917	auipc	x18,0xdfaf4	 x18=0x5fafc67c
     407305.000 ns	     40729	80008680	e4814b93	xori	x23,x2,-440	  x2:0xffffffff x23=0x000001b7
     407665.000 ns	     40765	80008684	037ed3b3	divu	x7,x29,x23	 x29:0xfffbf01b x23:0x9c000000  x7=0x00954686
     407695.000 ns	     40768	80008688	a01e1c53	flt.s	x24,f28,f1	 f28:0x7fc00000  f1:0x7fc00000 x24=0x00000000
     407725.000 ns	     40771	8000868c	02a025b3	mulhsu	x11,x0,x10	  x0:0x00000000 x10:0x00000001 x11=0x00000000
     407755.000 ns	     40774	80008690	03a6c4b3	div	x9,x13,x26	 x13:0xfffffc00 x26:0x00000000  x9=0xffffffff
     407805.000 ns	     40779	80008694	0872b953	fsub.s	f18,f5,f7	  f5:0x3f045ede  f7:0x4dfe0015 f18=0xcdfe0014
     407835.000 ns	     40782	80008698	0281a733	mulhsu	x14,x3,x8	  x3:0xfffff9dc  x8:0xfffbf01b x14=0xfffff9dc
     407865.000 ns	     40785	8000869c	c01225d3	fcvt.wu.s	x11,f4	  f4:0x7fc00000 x11=0xffffffff
     407885.000 ns	     40787	800086a0	013db733	sltu	x14,x27,x19	 x27:0x00048f1c x19:0x00000008 x14=0x00000000
     407905.000 ns	     40789	800086a4	e00181d3	fmv.x.w	x3,f3	  f3:0xffffffff  x3=0xffffffff
     407935.000 ns	     40792	800086a8	03313733	mulhu	x14,x2,x19	  x2:0xffffffff x19:0x00000008 x14=0x00000007
     407985.000 ns	     40797	800086ac	008f8b53	fadd.s	f22,f31,f8	 f31:0x4dfe0015  f8:0x7fc00000 f22=0x7fc00000
     408015.000 ns	     40800	800086b0	20139d53	fsgnjn.s	f26,f7,f1	  f7:0x4dfe0015  f1:0x7fc00000 f26=0xcdfe0015
     408035.000 ns	     40802	800086b4	00000013	addi	x0,x0,0	  x0:0x00000000
     409205.000 ns	     40919	800086b8	580ffe53	fsqrt.s	f28,f31	 f31:0x4dfe0015 f28=0x46b44f64
     409235.000 ns	     40922	800086bc	e0010253	fmv.x.w	x4,f2	  f2:0x00000001  x4=0x00000001
     409255.000 ns	     40924	800086c0	012cc933	xor	x18,x25,x18	 x25:0x064b2100 x18:0x5fafc67c x18=0x59e4e77c
     409265.000 ns	     40925	800086c4	360ff493	andi	x9,x31,864	 x31:0x00000000  x9=0x00000000
     409275.000 ns	     40926	800086c8	011181b3	add	x3,x3,x17	  x3:0xffffffff x17:0xf80040fe  x3=0xf80040fd
     409295.000 ns	     40928	800086cc	21358bd3	fsgnj.s	f23,f11,f19	 f11:0x4dfe0015 f19:0x7fc00000 f23=0x4dfe0015
     409315.000 ns	     40930	800086d0	0142df93	srli	x31,x5,0x14	  x5:0xfffbf01b x31=0x00000fff
     409335.000 ns	     40932	800086d4	a065a9d3	feq.s	x19,f11,f6	 f11:0x4dfe0015  f6:0x4ec96420 x19=0x00000000
     409365.000 ns	     40935	800086d8	a11401d3	fle.s	x3,f8,f17	  f8:0x7fc00000 f17:0x427c0000  x3=0x00000000
     409385.000 ns	     40937	800086dc	4f342213	slti	x4,x8,1267	  x8:0xfffbf01b  x4=0x00000001
     409395.000 ns	     40938	800086e0	a506b913	sltiu	x18,x13,-1456	 x13:0xfffffc00 x18=0x00000000
     409415.000 ns	     40940	800086e4	201b2553	fsgnjx.s	f10,f22,f1	 f22:0x7fc00000  f1:0x7fc00000 f10=0x7fc00000
     409445.000 ns	     40943	800086e8	213c2053	fsgnjx.s	f0,f24,f19	 f24:0x56ff862e f19:0x7fc00000  f0=0x56ff862e
     409465.000 ns	     40945	800086ec	000736b3	sltu	x13,x14,x0	 x14:0x00000007  x0:0x00000000 x13=0x00000000
     409495.000 ns	     40948	800086f0	104e1bd3	fmul.s	f23,f28,f4	 f28:0x46b44f64  f4:0x7fc00000 f23=0x7fc00000
     409525.000 ns	     40951	800086f4	20fba753	fsgnjx.s	f14,f23,f15	 f23:0x4dfe0015 f15:0x7f800000 f14=0x7fc00000
     409555.000 ns	     40954	800086f8	02baaeb3	mulhsu	x29,x21,x11	 x21:0x80041024 x11:0xffffffff x29=0x80041024
     409585.000 ns	     40957	800086fc	20669dd3	fsgnjn.s	f27,f13,f6	 f13:0xbf800000  f6:0x4ec96420 f27=0xbf800000
     409615.000 ns	     40960	80008700	a1caa453	feq.s	x8,f21,f28	 f21:0x3ebb32c0 f28:0x46b44f64  x8=0x00000000
     409645.000 ns	     40963	80008704	d0197353	fcvt.s.wu	f6,x18	 x18:0x00000000  f6=0x00000000
     410015.000 ns	     41000	80008708	022dfd33	remu	x26,x27,x2	 x27:0x00048f1c  x2:0xffffffff x26=0x00048f1c
     410045.000 ns	     41003	8000870c	e00119d3	fclass.s	x19,f2	  f2:0x00000001 x19=0x00000020
     410065.000 ns	     41005	80008710	5b503713	sltiu	x14,x0,1461	  x0:0x00000000 x14=0x00000001
     410085.000 ns	     41007	80008714	a1bb9953	flt.s	x18,f23,f27	 f23:0x7fc00000 f27:0xbf800000 x18=0x00000000
     410105.000 ns	     41009	80008718	00000013	addi	x0,x0,0	  x0:0x00000000
     410125.000 ns	     41011	8000871c	208e8b53	fsgnj.s	f22,f29,f8	 f29:0x80041024  f8:0x7fc00000 f22=0x00041024
     410145.000 ns	     41013	80008720	c513a617	auipc	x12,0xc513a	 x12=0x45142720
     410165.000 ns	     41015	80008724	21238953	fsgnj.s	f18,f7,f18	  f7:0x4dfe0015 f18:0xcdfe0014 f18=0xcdfe0015
     410185.000 ns	     41017	80008728	01d48533	add	x10,x9,x29	  x9:0x00000000 x29:0x80041024 x10=0x80041024
     410205.000 ns	     41019	8000872c	20d39bd3	fsgnjn.s	f23,f7,f13	  f7:0x4dfe0015 f13:0xbf800000 f23=0x4dfe0015
     410235.000 ns	     41022	80008730	a0608bd3	fle.s	x23,f1,f6	  f1:0x7fc00000  f6:0x00000000 x23=0x00000000
     410265.000 ns	     41025	80008734	c0070d53	fcvt.w.s	x26,f14	 f14:0x7fc00000 x26=0x7fffffff
     410285.000 ns	     41027	80008738	00ea1713	slli	x14,x20,0xe	 x20:0xfffffff0 x14=0xfffc0000
     410305.000 ns	     41029	8000873c	28d31553	fmax.s	f10,f6,f13	  f6:0x00000000 f13:0xbf800000 f10=0x00000000
     410325.000 ns	     41031	80008740	41d48a33	sub	x20,x9,x29	  x9:0x00000000 x29:0x80041024 x20=0x7ffbefdc
     410345.000 ns	     41033	80008744	02d615b3	mulh	x11,x12,x13	 x12:0x45142720 x13:0x00000000 x11=0x00000000
     410385.000 ns	     41037	80008748	580473d3	fsqrt.s	f7,f8	  f8:0x7fc00000  f7=0x7fc00000
     410415.000 ns	     41040	8000874c	03b01033	mulh	x0,x0,x27	  x0:0x00000000 x27:0x00048f1c
     410785.000 ns	     41077	80008750	02176bb3	rem	x23,x14,x1	 x14:0xfffc0000  x1:0xffff7f07 x23=0xffff86cf
     410805.000 ns	     41079	80008754	0031ffb3	and	x31,x3,x3	  x3:0x00000000  x3:0x00000000 x31=0x00000000
     410825.000 ns	     41081	80008758	03911ab3	mulh	x21,x2,x25	  x2:0xffffffff x25:0x064b2100 x21=0xffffffff
     410865.000 ns	     41085	8000875c	580c9ad3	fsqrt.s	f21,f25	 f25:0x7fc00000 f21=0x7fc00000
     410885.000 ns	     41087	80008760	01439b33	sll	x22,x7,x20	  x7:0x00954686 x20:0x7ffbefdc x22=0x60000000
     410905.000 ns	     41089	80008764	29261c53	fmax.s	f24,f12,f18	 f12:0x7fc00000 f18:0xcdfe0015 f24=0xcdfe0015
     410925.000 ns	     41091	80008768	002e9c93	slli	x25,x29,0x2	 x29:0x80041024 x25=0x00104090
     411285.000 ns	     41127	8000876c	03994cb3	div	x25,x18,x25	 x18:0x00000000 x25:0x064b2100 x25=0x00000000
     411305.000 ns	     41129	80008770	00e0f1b3	and	x3,x1,x14	  x1:0xffff7f07 x14:0xfffc0000  x3=0xfffc0000
     411315.000 ns	     41130	80008774	36165b97	auipc	x23,0x36165	 x23=0xb616d774
     411345.000 ns	     41133	80008778	111b38d3	fmul.s	f17,f22,f17	 f22:0x00041024 f17:0x427c0000 f17=0x007ff8dd
     411385.000 ns	     41137	8000877c	18e8ac53	fdiv.s	f24,f17,f14	 f17:0x427c0000 f14:0x7fc00000 f24=0x7fc00000
     411405.000 ns	     41139	80008780	41c75913	srai	x18,x14,0x1c	 x14:0xfffc0000 x18=0xffffffff
     411435.000 ns	     41142	80008784	190efe53	fdiv.s	f28,f29,f16	 f29:0x80041024 f16:0x00000000 f28=0xff800000
     411465.000 ns	     41145	80008788	e0019dd3	fclass.s	x27,f3	  f3:0xffffffff x27=0x00000200
     411495.000 ns	     41148	8000878c	a01b2453	feq.s	x8,f22,f1	 f22:0x00041024  f1:0x7fc00000  x8=0x00000000
     411525.000 ns	     41151	80008790	29be1953	fmax.s	f18,f28,f27	 f28:0xff800000 f27:0xbf800000 f18=0xbf800000
     411545.000 ns	     41153	80008794	00b5ecb3	or	x25,x11,x11	 x11:0x00000000 x11:0x00000000 x25=0x00000000
     411555.000 ns	     41154	80008798	40845433	sra	x8,x8,x8	  x8:0x00000000  x8:0x00000000  x8=0x00000000
     411565.000 ns	     41155	8000879c	0156c833	xor	x16,x13,x21	 x13:0x00000000 x21:0xffffffff x16=0xffffffff
     411575.000 ns	     41156	800087a0	ee37cc93	xori	x25,x15,-285	 x15:0x00000002 x25=0xfffffee1
     411595.000 ns	     41158	800087a4	21a29f53	fsgnjn.s	f30,f5,f26	  f5:0x3f045ede f26:0xcdfe0015 f30=0x3f045ede
     411615.000 ns	     41160	800087a8	015e0533	add	x10,x28,x21	 x28:0x80040fe4 x21:0xffffffff x10=0x80040fe3
     411625.000 ns	     41161	800087ac	003f9e93	slli	x29,x31,0x3	 x31:0x00000000 x29=0x00000000
     411635.000 ns	     41162	800087b0	013c1133	sll	x2,x24,x19	 x24:0x00000000 x19:0x00000020  x2=0x00000000
     411655.000 ns	     41164	800087b4	a0b093d3	flt.s	x7,f1,f11	  f1:0x7fc00000 f11:0x4dfe0015  x7=0x00000000
     411675.000 ns	     41166	800087b8	01899c33	sll	x24,x19,x24	 x19:0x00000020 x24:0x00000000 x24=0x00000020
     411685.000 ns	     41167	800087bc	00a09213	slli	x4,x1,0xa	  x1:0xffff7f07  x4=0xfdfc1c00
     411695.000 ns	     41168	800087c0	002265b3	or	x11,x4,x2	  x4:0x00000001  x2:0x00000000 x11=0xfdfc1c00
     411705.000 ns	     41169	800087c4	40045b93	srai	x23,x8,0x0	  x8:0x00000000 x23=0x00000000
     411725.000 ns	     41171	800087c8	e0021253	fclass.s	x4,f4	  f4:0x7fc00000  x4=0x00000200
     411745.000 ns	     41173	800087cc	c97ce193	ori	x3,x25,-873	 x25:0xfffffee1  x3=0xfffffef7
     411765.000 ns	     41175	800087d0	21bf1a53	fsgnjn.s	f20,f30,f27	 f30:0x3f045ede f27:0xbf800000 f20=0x3f045ede
     411795.000 ns	     41178	800087d4	c0183653	fcvt.wu.s	x12,f16	 f16:0x00000000 x12=0x00000000
     411845.000 ns	     41183	800087d8	09601753	fsub.s	f14,f0,f22	  f0:0x56ff862e f22:0x00041024 f14=0x56ff862e
     411875.000 ns	     41186	800087dc	28c10653	fmin.s	f12,f2,f12	  f2:0x00000001 f12:0x7fc00000 f12=0x00000001
     411905.000 ns	     41189	800087e0	29069253	fmax.s	f4,f13,f16	 f13:0xbf800000 f16:0x00000000  f4=0x00000000
     411935.000 ns	     41192	800087e4	036f3cb3	mulhu	x25,x30,x22	 x30:0xe1c56000 x22:0x60000000 x25=0x54aa0400
     411955.000 ns	     41194	800087e8	c1c523b7	lui	x7,0xc1c52	  x7=0xc1c52000
     411965.000 ns	     41195	800087ec	5af53013	sltiu	x0,x10,1455	 x10:0x80040fe3
     412325.000 ns	     41231	800087f0	03037033	remu	x0,x6,x16	  x6:0x80041024 x16:0xffffffff
     412355.000 ns	     41234	800087f4	204311d3	fsgnjn.s	f3,f6,f4	  f6:0x00000000  f4:0x00000000  f3=0x80000000
     412385.000 ns	     41237	800087f8	020dc1b3	div	x3,x27,x0	 x27:0x00000200  x0:0x00000000  x3=0xffffffff
     412415.000 ns	     41240	800087fc	20d49ad3	fsgnjn.s	f21,f9,f13	  f9:0x41153313 f13:0xbf800000 f21=0x41153313
     412445.000 ns	     41243	80008800	03899a33	mulh	x20,x19,x24	 x19:0x00000020 x24:0x00000020 x20=0x00000000
     412465.000 ns	     41245	80008804	2b683b93	sltiu	x23,x16,694	 x16:0xffffffff x23=0x00000000
     412485.000 ns	     41247	80008808	e00702d3	fmv.x.w	x5,f14	 f14:0x56ff862e  x5=0x56ff862e
     412855.000 ns	     41284	8000880c	03e54433	div	x8,x10,x30	 x10:0x80040fe3 x30:0xe1c56000  x8=0x00000004
     412875.000 ns	     41286	80008810	4d064d93	xori	x27,x12,1232	 x12:0x00000000 x27=0x000004d0
     412895.000 ns	     41288	80008814	02265a33	divu	x20,x12,x2	 x12:0x00000000  x2:0x00000000 x20=0xffffffff
     414075.000 ns	     41406	80008818	58064753	fsqrt.s	f14,f12	 f12:0x00000001 f14=0x1f350483
     414095.000 ns	     41408	8000881c	cacab513	sltiu	x10,x21,-852	 x21:0xffffffff x10=0x00000000
     414105.000 ns	     41409	80008820	41fbd133	sra	x2,x23,x31	 x23:0x00000000 x31:0x00000000  x2=0x00000000
     414115.000 ns	     41410	80008824	6211ec13	ori	x24,x3,1569	  x3:0xffffffff x24=0xffffffff
     414155.000 ns	     41414	80008828	013871d3	fadd.s	f3,f16,f19	 f16:0x00000000 f19:0x7fc00000  f3=0x7fc00000
     414175.000 ns	     41416	8000882c	3cf50117	auipc	x2,0x3cf50	  x2=0xbcf5882c
     414185.000 ns	     41417	80008830	dcfa7893	andi	x17,x20,-561	 x20:0xffffffff x17=0xfffffdcf
     414205.000 ns	     41419	80008834	21469053	fsgnjn.s	f0,f13,f20	 f13:0xbf800000 f20:0x3f045ede  f0=0xbf800000
     414225.000 ns	     41421	80008838	00cb9e93	slli	x29,x23,0xc	 x23:0x00000000 x29=0x00000000
     414235.000 ns	     41422	8000883c	0086b6b3	sltu	x13,x13,x8	 x13:0x00000000  x8:0x00000004 x13=0x00000001
     414245.000 ns	     41423	80008840	00b19233	sll	x4,x3,x11	  x3:0xffffffff x11:0xfdfc1c00  x4=0xffffffff
     414255.000 ns	     41424	80008844	401683b3	sub	x7,x13,x1	 x13:0x00000000  x1:0xffff7f07  x7=0x000080fa
     414275.000 ns	     41426	80008848	284b1a53	fmax.s	f20,f22,f4	 f22:0x00041024  f4:0x00000000 f20=0x00041024
     414305.000 ns	     41429	8000884c	29278e53	fmin.s	f28,f15,f18	 f15:0x7f800000 f18:0xbf800000 f28=0xbf800000
     414335.000 ns	     41432	80008850	02c77ab3	remu	x21,x14,x12	 x14:0xfffc0000 x12:0x00000000 x21=0xfffc0000
     414355.000 ns	     41434	80008854	413e6513	ori	x10,x28,1043	 x28:0x80040fe4 x10=0x80040ff7
     414365.000 ns	     41435	80008858	41fb8a33	sub	x20,x23,x31	 x23:0x00000000 x31:0x00000000 x20=0x00000000
     414385.000 ns	     41437	8000885c	284500d3	fmin.s	f1,f10,f4	 f10:0x00000000  f4:0x00000000  f1=0x00000000
     414415.000 ns	     41440	80008860	0202c6b3	div	x13,x5,x0	  x5:0x56ff862e  x0:0x00000000 x13=0xffffffff
     414435.000 ns	     41442	80008864	0132a833	slt	x16,x5,x19	  x5:0x56ff862e x19:0x00000020 x16=0x00000000
     414445.000 ns	     41443	80008868	05bce693	ori	x13,x25,91	 x25:0x54aa0400 x13=0x54aa045b
     414455.000 ns	     41444	8000886c	01a08fb3	add	x31,x1,x26	  x1:0xffff7f07 x26:0x7fffffff x31=0x7fff7f06
     414475.000 ns	     41446	80008870	283c9c53	fmax.s	f24,f25,f3	 f25:0x7fc00000  f3:0x7fc00000 f24=0x7fc00000
     414495.000 ns	     41448	80008874	40cb59b3	sra	x19,x22,x12	 x22:0x60000000 x12:0x00000000 x19=0x60000000
     414505.000 ns	     41449	80008878	4054de93	srai	x29,x9,0x5	  x9:0x00000000 x29=0x00000000
     414525.000 ns	     41451	8000887c	20e688d3	fsgnj.s	f17,f13,f14	 f13:0xbf800000 f14:0x1f350483 f17=0x3f800000
     415705.000 ns	     41569	80008880	5805f453	fsqrt.s	f8,f11	 f11:0x4dfe0015  f8=0x46b44f64
     415735.000 ns	     41572	80008884	205506d3	fsgnj.s	f13,f10,f5	 f10:0x00000000  f5:0x3f045ede f13=0x00000000
     416915.000 ns	     41690	80008888	580b70d3	fsqrt.s	f1,f22	 f22:0x00041024  f1=0x1f3ac36a
     416935.000 ns	     41692	8000888c	f5872893	slti	x17,x14,-168	 x14:0xfffc0000 x17=0x00000001
     416945.000 ns	     41693	80008890	4176d893	srai	x17,x13,0x17	 x13:0x54aa045b x17=0x000000a9
     416955.000 ns	     41694	80008894	00d3df13	srli	x30,x7,0xd	  x7:0x000080fa x30=0x00000004
     416975.000 ns	     41696	80008898	29810853	fmin.s	f16,f2,f24	  f2:0x00000001 f24:0x7fc00000 f16=0x00000001
     417345.000 ns	     41733	8000889c	027e6ab3	rem	x21,x28,x7	 x28:0x80040fe4  x7:0x000080fa x21=0xffffa2ba
     417375.000 ns	     41736	800088a0	03110fb3	mul	x31,x2,x17	  x2:0xbcf5882c x17:0x000000a9 x31=0xbe16e50c
     417395.000 ns	     41738	800088a4	003d5013	srli	x0,x26,0x3	 x26:0x7fffffff
     417415.000 ns	     41740	800088a8	213b29d3	fsgnjx.s	f19,f22,f19	 f22:0x00041024 f19:0x7fc00000 f19=0x00041024
     417445.000 ns	     41743	800088ac	2193a753	fsgnjx.s	f14,f7,f25	  f7:0x7fc00000 f25:0x7fc00000 f14=0x7fc00000
     417465.000 ns	     41745	800088b0	00390a33	add	x20,x18,x3	 x18:0xffffffff  x3:0xffffffff x20=0xfffffffe
     417485.000 ns	     41747	800088b4	037504b3	mul	x9,x10,x23	 x10:0x80040ff7 x23:0x00000000  x9=0x00000000
     417515.000 ns	     41750	800088b8	026b1733	mulh	x14,x22,x6	 x22:0x60000000  x6:0x80041024 x14=0xd001860d
     417535.000 ns	     41752	800088bc	41ce0133	sub	x2,x28,x28	 x28:0x80040fe4 x28:0x80040fe4  x2=0x00000000
     417895.000 ns	     41788	800088c0	038b6133	rem	x2,x22,x24	 x22:0x60000000 x24:0xffffffff  x2=0x00000000
     417925.000 ns	     41791	800088c4	29018d53	fmin.s	f26,f3,f16	  f3:0x7fc00000 f16:0x00000001 f26=0x00000001
     417955.000 ns	     41794	800088c8	d017f4d3	fcvt.s.wu	f9,x15	 x15:0x00000002  f9=0x40000000
     417985.000 ns	     41797	800088cc	e0050553	fmv.x.w	x10,f10	 f10:0x00000000 x10=0x00000000
     418005.000 ns	     41799	800088d0	41455b93	srai	x23,x10,0x14	 x10:0x80040ff7 x23=0x00000000
     418025.000 ns	     41801	800088d4	a19513d3	flt.s	x7,f10,f25	 f10:0x00000000 f25:0x7fc00000  x7=0x00000000
     418045.000 ns	     41803	800088d8	0195feb3	and	x29,x11,x25	 x11:0xfdfc1c00 x25:0x54aa0400 x29=0x54a80400
     418055.000 ns	     41804	800088dc	40b901b3	sub	x3,x18,x11	 x18:0xffffffff x11:0xfdfc1c00  x3=0x0203e3ff
     418065.000 ns	     41805	800088e0	41ac50b3	sra	x1,x24,x26	 x24:0xffffffff x26:0x7fffffff  x1=0xffffffff
     418425.000 ns	     41841	800088e4	0396d9b3	divu	x19,x13,x25	 x13:0x54aa045b x25:0x54aa0400 x19=0x00000001
     418445.000 ns	     41843	800088e8	01532633	slt	x12,x6,x21	  x6:0x80041024 x21:0xffffa2ba x12=0x00000001
     418475.000 ns	     41846	800088ec	1070fdd3	fmul.s	f27,f1,f7	  f1:0x1f3ac36a  f7:0x7fc00000 f27=0x7fc00000
     418505.000 ns	     41849	800088f0	02ab01b3	mul	x3,x22,x10	 x22:0x60000000 x10:0x00000000  x3=0x00000000
     418535.000 ns	     41852	800088f4	a0a99653	flt.s	x12,f19,f10	 f19:0x00041024 f10:0x00000000 x12=0x00000000
     418555.000 ns	     41854	800088f8	db814617	auipc	x12,0xdb814	 x12=0x5b81c8f8
     418575.000 ns	     41856	800088fc	20ab2fd3	fsgnjx.s	f31,f22,f10	 f22:0x00041024 f10:0x00000000 f31=0x00041024
     418605.000 ns	     41859	80008900	c00f7a53	fcvt.w.s	x20,f30	 f30:0x3f045ede x20=0x00000000
     418625.000 ns	     41861	80008904	00995db3	srl	x27,x18,x9	 x18:0xffffffff  x9:0x00000000 x27=0xffffffff
     418645.000 ns	     41863	80008908	28df11d3	fmax.s	f3,f30,f13	 f30:0x3f045ede f13:0x00000000  f3=0x3f045ede
     418675.000 ns	     41866	8000890c	02eba633	mulhsu	x12,x23,x14	 x23:0x00000000 x14:0xd001860d x12=0x00000000
     418695.000 ns	     41868	80008910	01f39193	slli	x3,x7,0x1f	  x7:0x00000000  x3=0x00000000
     418715.000 ns	     41870	80008914	039986b3	mul	x13,x19,x25	 x19:0x00000001 x25:0x54aa0400 x13=0x54aa0400
     419085.000 ns	     41907	80008918	035ae9b3	rem	x19,x21,x21	 x21:0xffffa2ba x21:0xffffa2ba x19=0x00000000
     419135.000 ns	     41912	8000891c	082130d3	fsub.s	f1,f2,f2	  f2:0x00000001  f2:0x00000001  f1=0x80000000
     419155.000 ns	     41914	80008920	01ba7db3	and	x27,x20,x27	 x20:0x00000000 x27:0xffffffff x27=0x00000000
     419175.000 ns	     41916	80008924	02d62233	mulhsu	x4,x12,x13	 x12:0x00000000 x13:0x54aa0400  x4=0x00000000
     419205.000 ns	     41919	80008928	c01ec653	fcvt.wu.s	x12,f29	 f29:0x80041024 x12=0x00000000
     419245.000 ns	     41923	8000892c	58027f53	fsqrt.s	f30,f4	  f4:0x00000000 f30=0x00000000
     419275.000 ns	     41926	80008930	29e697d3	fmax.s	f15,f13,f30	 f13:0x00000000 f30:0x3f045ede f15=0x00000000
     419645.000 ns	     41963	80008934	0353e8b3	rem	x17,x7,x21	  x7:0x00000000 x21:0xffffa2ba x17=0x00000000
     419685.000 ns	     41967	80008938	58027ed3	fsqrt.s	f29,f4	  f4:0x00000000 f29=0x00000000
     419715.000 ns	     41970	8000893c	d015a5d3	fcvt.s.wu	f11,x11	 x11:0xfdfc1c00 f11=0x4f7dfc1c
     419745.000 ns	     41973	80008940	028dacb3	mulhsu	x25,x27,x8	 x27:0x00000000  x8:0x00000004 x25=0x00000000
     419765.000 ns	     41975	80008944	0184c833	xor	x16,x9,x24	  x9:0x00000000 x24:0xffffffff x16=0xffffffff
     419785.000 ns	     41977	80008948	a0c78a53	fle.s	x20,f15,f12	 f15:0x00000000 f12:0x00000001 x20=0x00000001
     419805.000 ns	     41979	8000894c	016d9093	slli	x1,x27,0x16	 x27:0x00000000  x1=0x00000000
     419835.000 ns	     41982	80008950	18df71d3	fdiv.s	f3,f30,f13	 f30:0x00000000 f13:0x00000000  f3=0x7fc00000
     419875.000 ns	     41986	80008954	10d871d3	fmul.s	f3,f16,f13	 f16:0x00000001 f13:0x00000000  f3=0x00000000
     419905.000 ns	     41989	80008958	20d2ab53	fsgnjx.s	f22,f5,f13	  f5:0x3f045ede f13:0x00000000 f22=0x3f045ede
     419935.000 ns	     41992	8000895c	e00c0453	fmv.x.w	x8,f24	 f24:0x7fc00000  x8=0x7fc00000
     419955.000 ns	     41994	80008960	6c097b13	andi	x22,x18,1728	 x18:0xffffffff x22=0x000006c0
     419985.000 ns	     41997	80008964	18ea84d3	fdiv.s	f9,f21,f14	 f21:0x41153313 f14:0x7fc00000  f9=0x7fc00000
     420015.000 ns	     42000	80008968	21c69cd3	fsgnjn.s	f25,f13,f28	 f13:0x00000000 f28:0xbf800000 f25=0x00000000
     420035.000 ns	     42002	8000896c	61e426b7	lui	x13,0x61e42	 x13=0x61e42000
     420045.000 ns	     42003	80008970	13350613	addi	x12,x10,307	 x10:0x00000000 x12=0x00000133
     420055.000 ns	     42004	80008974	008c32b3	sltu	x5,x24,x8	 x24:0xffffffff  x8:0x7fc00000  x5=0x00000000
     421225.000 ns	     42121	80008978	580acad3	fsqrt.s	f21,f21	 f21:0x41153313 f21=0x3fd2ff5c
     421265.000 ns	     42125	8000897c	1013a2d3	fmul.s	f5,f7,f1	  f7:0x7fc00000  f1:0x80000000  f5=0x7fc00000
     421315.000 ns	     42130	80008980	0818a653	fsub.s	f12,f17,f1	 f17:0x3f800000  f1:0x80000000 f12=0x3f800000
     421345.000 ns	     42133	80008984	20839e53	fsgnjn.s	f28,f7,f8	  f7:0x7fc00000  f8:0x46b44f64 f28=0xffc00000
     421395.000 ns	     42138	80008988	00d43653	fadd.s	f12,f8,f13	  f8:0x46b44f64 f13:0x00000000 f12=0x46b44f64
     421425.000 ns	     42141	8000898c	f00f8d53	fmv.w.x	f26,x31	 x31:0xbe16e50c f26=0xbe16e50c
     421445.000 ns	     42143	80008990	01902bb3	slt	x23,x0,x25	  x0:0x00000000 x25:0x00000000 x23=0x00000000
     421455.000 ns	     42144	80008994	0115db33	srl	x22,x11,x17	 x11:0xfdfc1c00 x17:0x00000000 x22=0xfdfc1c00
     421475.000 ns	     42146	80008998	f00186d3	fmv.w.x	f13,x3	  x3:0x00000000 f13=0x00000000
     421495.000 ns	     42148	8000899c	55730d93	addi	x27,x6,1367	  x6:0x80041024 x27=0x8004157b
     421515.000 ns	     42150	800089a0	036d8fb3	mul	x31,x27,x22	 x27:0x00000000 x22:0xfdfc1c00 x31=0x266d7400
     421535.000 ns	     42152	800089a4	4f1b7593	andi	x11,x22,1265	 x22:0xfdfc1c00 x11=0x00000400
     421545.000 ns	     42153	800089a8	0020f933	and	x18,x1,x2	  x1:0x00000000  x2:0x00000000 x18=0x00000000
     421905.000 ns	     42189	800089ac	02d7feb3	remu	x29,x15,x13	 x15:0x00000002 x13:0x61e42000 x29=0x00000002
     422275.000 ns	     42226	800089b0	03ca6fb3	rem	x31,x20,x28	 x20:0x00000001 x28:0x80040fe4 x31=0x00000001
     422645.000 ns	     42263	800089b4	02885fb3	divu	x31,x16,x8	 x16:0xffffffff  x8:0x7fc00000 x31=0x00000002
     422695.000 ns	     42268	800089b8	09ed2753	fsub.s	f14,f26,f30	 f26:0xbe16e50c f30:0x00000000 f14=0xbe16e50c
     422725.000 ns	     42271	800089bc	c00d1ed3	fcvt.w.s	x29,f26	 f26:0xbe16e50c x29=0x00000000
     422755.000 ns	     42274	800089c0	02db1733	mulh	x14,x22,x13	 x22:0xfdfc1c00 x13:0x61e42000 x14=0xff3abae4
     422785.000 ns	     42277	800089c4	28be9353	fmax.s	f6,f29,f11	 f29:0x00000000 f11:0x4f7dfc1c  f6=0x4f7dfc1c
     422815.000 ns	     42280	800089c8	0321fc33	remu	x24,x3,x18	  x3:0x00000000 x18:0x00000000 x24=0x00000000
     422845.000 ns	     42283	800089cc	20bb06d3	fsgnj.s	f13,f22,f11	 f22:0x3f045ede f11:0x4f7dfc1c f13=0x3f045ede
     422865.000 ns	     42285	800089d0	92aa3893	sltiu	x17,x20,-1750	 x20:0x00000001 x17=0x00000001
     422875.000 ns	     42286	800089d4	40de5733	sra	x14,x28,x13	 x28:0x80040fe4 x13:0x61e42000 x14=0x80040fe4
     423235.000 ns	     42322	800089d8	03fad033	divu	x0,x21,x31	 x21:0xffffa2ba x31:0x00000002
     423265.000 ns	     42325	800089dc	02079ab3	mulh	x21,x15,x0	 x15:0x00000002  x0:0x00000000 x21=0x00000000
     423305.000 ns	     42329	800089e0	10431f53	fmul.s	f30,f6,f4	  f6:0x4f7dfc1c  f4:0x00000000 f30=0x00000000
     423335.000 ns	     42332	800089e4	2047a2d3	fsgnjx.s	f5,f15,f4	 f15:0x00000000  f4:0x00000000  f5=0x00000000
     423365.000 ns	     42335	800089e8	c000cad3	fcvt.w.s	x21,f1	  f1:0x80000000 x21=0x00000000
     423395.000 ns	     42338	800089ec	201e08d3	fsgnj.s	f17,f28,f1	 f28:0xffc00000  f1:0x80000000 f17=0xffc00000
     423415.000 ns	     42340	800089f0	01691f33	sll	x30,x18,x22	 x18:0x00000000 x22:0xfdfc1c00 x30=0x00000000
     423425.000 ns	     42341	800089f4	8c9c3e93	sltiu	x29,x24,-1847	 x24:0x00000000 x29=0x00000001
     423435.000 ns	     42342	800089f8	01cfa033	slt	x0,x31,x28	 x31:0x00000002 x28:0x80040fe4
     423455.000 ns	     42344	800089fc	0254b533	mulhu	x10,x9,x5	  x9:0x00000000  x5:0x00000000 x10=0x00000000
     423475.000 ns	     42346	80008a00	40445013	srai	x0,x8,0x4	  x8:0x7fc00000
     423485.000 ns	     42347	80008a04	010df3b3	and	x7,x27,x16	 x27:0x8004157b x16:0xffffffff  x7=0x8004157b
     423495.000 ns	     42348	80008a08	01fb9813	slli	x16,x23,0x1f	 x23:0x00000000 x16=0x00000000
     423515.000 ns	     42350	80008a0c	d0198653	fcvt.s.wu	f12,x19	 x19:0x00000000 f12=0x00000000
     423535.000 ns	     42352	80008a10	01456c33	or	x24,x10,x20	 x10:0x00000000 x20:0x00000001 x24=0x00000001
     423555.000 ns	     42354	80008a14	21f61c53	fsgnjn.s	f24,f12,f31	 f12:0x00000000 f31:0x00041024 f24=0x80000000
     423575.000 ns	     42356	80008a18	be396613	ori	x12,x18,-1053	 x18:0x00000000 x12=0xfffffbe3
     423595.000 ns	     42358	80008a1c	20e92dd3	fsgnjx.s	f27,f18,f14	 f18:0xbf800000 f14:0xbe16e50c f27=0x3f800000
     423615.000 ns	     42360	80008a20	00033eb3	sltu	x29,x6,x0	  x6:0x80041024  x0:0x00000000 x29=0x00000000
     423635.000 ns	     42362	80008a24	d0197bd3	fcvt.s.wu	f23,x18	 x18:0x00000000 f23=0x00000000
     423665.000 ns	     42365	80008a28	20e78ed3	fsgnj.s	f29,f15,f14	 f15:0x00000000 f14:0xbe16e50c f29=0x80000000
     423685.000 ns	     42367	80008a2c	00060433	add	x8,x12,x0	 x12:0xfffffbe3  x0:0x00000000  x8=0xfffffbe3
     423695.000 ns	     42368	80008a30	00fbac33	slt	x24,x23,x15	 x23:0x00000000 x15:0x00000002 x24=0x00000001
     423715.000 ns	     42370	80008a34	a07a0ad3	fle.s	x21,f20,f7	 f20:0x00041024  f7:0x7fc00000 x21=0x00000000
     423745.000 ns	     42373	80008a38	c00dfed3	fcvt.w.s	x29,f27	 f27:0x3f800000 x29=0x00000001
     423765.000 ns	     42375	80008a3c	00000013	addi	x0,x0,0	  x0:0x00000000
     423805.000 ns	     42379	80008a40	01f7f8d3	fadd.s	f17,f15,f31	 f15:0x00000000 f31:0x00041024 f17=0x00041024
     423825.000 ns	     42381	80008a44	00429bb3	sll	x23,x5,x4	  x5:0x00000000  x4:0x00000000 x23=0x00000000
     423845.000 ns	     42383	80008a48	294593d3	fmax.s	f7,f11,f20	 f11:0x4f7dfc1c f20:0x00041024  f7=0x4f7dfc1c
     425025.000 ns	     42501	80008a4c	580406d3	fsqrt.s	f13,f8	  f8:0x46b44f64 f13=0x4317eb75
     425395.000 ns	     42538	80008a50	02d276b3	remu	x13,x4,x13	  x4:0x00000000 x13:0x61e42000 x13=0x00000000
     425415.000 ns	     42540	80008a54	016e29b3	slt	x19,x28,x22	 x28:0x80040fe4 x22:0xfdfc1c00 x19=0x00000001
     425425.000 ns	     42541	80008a58	ca18b693	sltiu	x13,x17,-863	 x17:0x00000001 x13=0x00000001
     425435.000 ns	     42542	80008a5c	6dc18013	addi	x0,x3,1756	  x3:0x00000000
     425445.000 ns	     42543	80008a60	b8194593	xori	x11,x18,-1151	 x18:0x00000000 x11=0xfffffb81
     425775.000 ns	     42576	80008a64	19f033d3	fdiv.s	f7,f0,f31	  f0:0xbf800000 f31:0x00041024  f7=0xfe34b4b6
     425805.000 ns	     42579	80008a68	02d8b1b3	mulhu	x3,x17,x13	 x17:0x00000001 x13:0x00000001  x3=0x00000000
     426175.000 ns	     42616	80008a6c	03c47533	remu	x10,x8,x28	  x8:0xfffffbe3 x28:0x80040fe4 x10=0x7ffbebff
     426195.000 ns	     42618	80008a70	00ac2d33	slt	x26,x24,x10	 x24:0x00000001 x10:0x00000000 x26=0x00000001
     426225.000 ns	     42621	80008a74	10567653	fmul.s	f12,f12,f5	 f12:0x00000000  f5:0x00000000 f12=0x00000000
     426245.000 ns	     42623	80008a78	00b30d33	add	x26,x6,x11	  x6:0x80041024 x11:0xfffffb81 x26=0x80040ba5
     426255.000 ns	     42624	80008a7c	01fdd513	srli	x10,x27,0x1f	 x27:0x8004157b x10=0x00000001
     426265.000 ns	     42625	80008a80	7d5c2693	slti	x13,x24,2005	 x24:0x00000001 x13=0x00000001
     426285.000 ns	     42627	80008a84	c011f853	fcvt.wu.s	x16,f3	  f3:0x00000000 x16=0x00000000
     426315.000 ns	     42630	80008a88	203e9fd3	fsgnjn.s	f31,f29,f3	 f29:0x80000000  f3:0x00000000 f31=0x80000000
     426345.000 ns	     42633	80008a8c	21fc28d3	fsgnjx.s	f17,f24,f31	 f24:0x80000000 f31:0x00041024 f17=0x00000000
     426715.000 ns	     42670	80008a90	03cb4033	div	x0,x22,x28	 x22:0xfdfc1c00 x28:0x80040fe4
     427085.000 ns	     42707	80008a94	028c6f33	rem	x30,x24,x8	 x24:0x00000001  x8:0xfffffbe3 x30=0x00000001
     427115.000 ns	     42710	80008a98	02baaeb3	mulhsu	x29,x21,x11	 x21:0x00000000 x11:0xfffffb81 x29=0x00000000
     427145.000 ns	     42713	80008a9c	f00a0453	fmv.w.x	f8,x20	 x20:0x00000001  f8=0x00000001
     427165.000 ns	     42715	80008aa0	00431213	slli	x4,x6,0x4	  x6:0x80041024  x4=0x00410240
     427175.000 ns	     42716	80008aa4	0142db93	srli	x23,x5,0x14	  x5:0x00000000 x23=0x00000000
     427195.000 ns	     42718	80008aa8	28e50ed3	fmin.s	f29,f10,f14	 f10:0x00000000 f14:0xbe16e50c f29=0xbe16e50c
     427215.000 ns	     42720	80008aac	001ad133	srl	x2,x21,x1	 x21:0x00000000  x1:0x00000000  x2=0x00000000
     427225.000 ns	     42721	80008ab0	01a64bb3	xor	x23,x12,x26	 x12:0xfffffbe3 x26:0x80040ba5 x23=0x7ffbf046
     427245.000 ns	     42723	80008ab4	c00bfad3	fcvt.w.s	x21,f23	 f23:0x00000000 x21=0x00000000
     427265.000 ns	     42725	80008ab8	01e64133	xor	x2,x12,x30	 x12:0xfffffbe3 x30:0x00000001  x2=0xfffffbe2
     427625.000 ns	     42761	80008abc	02677eb3	remu	x29,x14,x6	 x14:0x80040fe4  x6:0x80041024 x29=0x80040fe4
     427645.000 ns	     42763	80008ac0	00000013	addi	x0,x0,0	  x0:0x00000000
     427665.000 ns	     42765	80008ac4	d004fcd3	fcvt.s.w	f25,x9	  x9:0x00000000 f25=0x00000000
     427705.000 ns	     42769	80008ac8	10c5fc53	fmul.s	f24,f11,f12	 f11:0x4f7dfc1c f12:0x00000000 f24=0x00000000
     427725.000 ns	     42771	80008acc	006440b3	xor	x1,x8,x6	  x8:0xfffffbe3  x6:0x80041024  x1=0x7ffbebc7
     427745.000 ns	     42773	80008ad0	28a91e53	fmax.s	f28,f18,f10	 f18:0xbf800000 f10:0x00000000 f28=0x00000000
     427765.000 ns	     42775	80008ad4	00ff5c13	srli	x24,x30,0xf	 x30:0x00000001 x24=0x00000000
     427775.000 ns	     42776	80008ad8	cbce0437	lui	x8,0xcbce0	  x8=0xcbce0000
     427795.000 ns	     42778	80008adc	03a60433	mul	x8,x12,x26	 x12:0xfffffbe3 x26:0x80040ba5  x8=0x6f5c1a4f
     427825.000 ns	     42781	80008ae0	c013f9d3	fcvt.wu.s	x19,f7	  f7:0xfe34b4b6 x19=0x00000000
     427855.000 ns	     42784	80008ae4	28468353	fmin.s	f6,f13,f4	 f13:0x4317eb75  f4:0x00000000  f6=0x00000000
     427875.000 ns	     42786	80008ae8	01244eb3	xor	x29,x8,x18	  x8:0x6f5c1a4f x18:0x00000000 x29=0x6f5c1a4f
     427895.000 ns	     42788	80008aec	297c94d3	fmax.s	f9,f25,f23	 f25:0x00000000 f23:0x00000000  f9=0x00000000
     427915.000 ns	     42790	80008af0	010b2733	slt	x14,x22,x16	 x22:0xfdfc1c00 x16:0x00000000 x14=0x00000001
     427935.000 ns	     42792	80008af4	d0037fd3	fcvt.s.w	f31,x6	  x6:0x80041024 f31=0xcefff7df
     427965.000 ns	     42795	80008af8	21621d53	fsgnjn.s	f26,f4,f22	  f4:0x00000000 f22:0x3f045ede f26=0x80000000
     427995.000 ns	     42798	80008afc	e0090953	fmv.x.w	x18,f18	 f18:0xbf800000 x18=0xbf800000
     428365.000 ns	     42835	80008b00	03bce033	rem	x0,x25,x27	 x25:0x00000000 x27:0x8004157b
     428385.000 ns	     42837	80008b04	c1f1c913	xori	x18,x3,-993	  x3:0x00000000 x18=0xfffffc1f
     428395.000 ns	     42838	80008b08	007d2733	slt	x14,x26,x7	 x26:0x80040ba5  x7:0x8004157b x14=0x00000001
     428405.000 ns	     42839	80008b0c	01e25c93	srli	x25,x4,0x1e	  x4:0x00410240 x25=0x00000000
     428765.000 ns	     42875	80008b10	037f4533	div	x10,x30,x23	 x30:0x00000001 x23:0x7ffbf046 x10=0x00000000
     428795.000 ns	     42878	80008b14	206414d3	fsgnjn.s	f9,f8,f6	  f8:0x00000001  f6:0x00000000  f9=0x80000001
     428825.000 ns	     42881	80008b18	20399153	fsgnjn.s	f2,f19,f3	 f19:0x00041024  f3:0x00000000  f2=0x80041024
     428845.000 ns	     42883	80008b1c	015d1c13	slli	x24,x26,0x15	 x26:0x80040ba5 x24=0x74a00000
     428855.000 ns	     42884	80008b20	cd452a13	slti	x20,x10,-812	 x10:0x00000000 x20=0x00000000
     428865.000 ns	     42885	80008b24	00000013	addi	x0,x0,0	  x0:0x00000000
     428875.000 ns	     42886	80008b28	761dfd13	andi	x26,x27,1889	 x27:0x8004157b x26=0x00000561
     428885.000 ns	     42887	80008b2c	017656b3	srl	x13,x12,x23	 x12:0xfffffbe3 x23:0x7ffbf046 x13=0x03ffffef
     428905.000 ns	     42889	80008b30	03bfbdb3	mulhu	x27,x31,x27	 x31:0x00000002 x27:0x8004157b x27=0x00000001
     428925.000 ns	     42891	80008b34	01a560b3	or	x1,x10,x26	 x10:0x00000000 x26:0x00000561  x1=0x00000561
     428935.000 ns	     42892	80008b38	01f94c33	xor	x24,x18,x31	 x18:0xfffffc1f x31:0x00000002 x24=0xfffffc1d
     428945.000 ns	     42893	80008b3c	01e51593	slli	x11,x10,0x1e	 x10:0x00000000 x11=0x00000000
     428965.000 ns	     42895	80008b40	293c94d3	fmax.s	f9,f25,f19	 f25:0x00000000 f19:0x00041024  f9=0x00041024
     429335.000 ns	     42932	80008b44	03f4e133	rem	x2,x9,x31	  x9:0x00000000 x31:0x00000002  x2=0x00000000
     429365.000 ns	     42935	80008b48	c009fcd3	fcvt.w.s	x25,f19	 f19:0x00041024 x25=0x00000000
     429385.000 ns	     42937	80008b4c	40e23213	sltiu	x4,x4,1038	  x4:0x00410240  x4=0x00000000
     429405.000 ns	     42939	80008b50	a13024d3	feq.s	x9,f0,f19	  f0:0xbf800000 f19:0x00041024  x9=0x00000000
     429775.000 ns	     42976	80008b54	03a2da33	divu	x20,x5,x26	  x5:0x00000000 x26:0x00000561 x20=0x00000000
     429805.000 ns	     42979	80008b58	a1dc1d53	flt.s	x26,f24,f29	 f24:0x00000000 f29:0xbe16e50c x26=0x00000000
     429825.000 ns	     42981	80008b5c	00ee9113	slli	x2,x29,0xe	 x29:0x6f5c1a4f  x2=0x0693c000
     429835.000 ns	     42982	80008b60	015a2433	slt	x8,x20,x21	 x20:0x00000000 x21:0x00000000  x8=0x00000000
     429845.000 ns	     42983	80008b64	01e070b3	and	x1,x0,x30	  x0:0x00000000 x30:0x00000001  x1=0x00000000
     429865.000 ns	     42985	80008b68	f00d0dd3	fmv.w.x	f27,x26	 x26:0x00000000 f27=0x00000000
     429895.000 ns	     42988	80008b6c	21762d53	fsgnjx.s	f26,f12,f23	 f12:0x00000000 f23:0x00000000 f26=0x00000000
     429925.000 ns	     42991	80008b70	29489b53	fmax.s	f22,f17,f20	 f17:0x00000000 f20:0x00041024 f22=0x00041024
     429955.000 ns	     42994	80008b74	21cb8c53	fsgnj.s	f24,f23,f28	 f23:0x00000000 f28:0x00000000 f24=0x00000000
     429985.000 ns	     42997	80008b78	a06e01d3	fle.s	x3,f28,f6	 f28:0x00000000  f6:0x00000000  x3=0x00000001
     430015.000 ns	     43000	80008b7c	e0001dd3	fclass.s	x27,f0	  f0:0xbf800000 x27=0x00000002
     430045.000 ns	     43003	80008b80	035f96b3	mulh	x13,x31,x21	 x31:0x00000002 x21:0x00000000 x13=0x00000000
     430065.000 ns	     43005	80008b84	015016b3	sll	x13,x0,x21	  x0:0x00000000 x21:0x00000000 x13=0x00000000
     430085.000 ns	     43007	80008b88	20369b53	fsgnjn.s	f22,f13,f3	 f13:0x4317eb75  f3:0x00000000 f22=0xc317eb75
     430115.000 ns	     43010	80008b8c	29f50a53	fmin.s	f20,f10,f31	 f10:0x00000000 f31:0xcefff7df f20=0xcefff7df
     430135.000 ns	     43012	80008b90	01137633	and	x12,x6,x17	  x6:0x80041024 x17:0x00000001 x12=0x00000000
     430175.000 ns	     43016	80008b94	00854ed3	fadd.s	f29,f10,f8	 f10:0x00000000  f8:0x00000001 f29=0x00000001
     430205.000 ns	     43019	80008b98	03a666b3	rem	x13,x12,x26	 x12:0xfffffbe3 x26:0x00000000 x13=0x00000000
     430225.000 ns	     43021	80008b9c	006859b3	srl	x19,x16,x6	 x16:0x00000000  x6:0x80041024 x19=0x00000000
     430235.000 ns	     43022	80008ba0	01898cb3	add	x25,x19,x24	 x19:0x00000000 x24:0xfffffc1d x25=0xfffffc1d
     430245.000 ns	     43023	80008ba4	01f8e233	or	x4,x17,x31	 x17:0x00000001 x31:0x00000002  x4=0x00000003
     430265.000 ns	     43025	80008ba8	2181af53	fsgnjx.s	f30,f3,f24	  f3:0x00000000 f24:0x00000000 f30=0x00000000
     430295.000 ns	     43028	80008bac	03a83bb3	mulhu	x23,x16,x26	 x16:0x00000000 x26:0x00000000 x23=0x00000000
     430325.000 ns	     43031	80008bb0	a07e0cd3	fle.s	x25,f28,f7	 f28:0x00000000  f7:0xfe34b4b6 x25=0x00000000
     430345.000 ns	     43033	80008bb4	41535893	srai	x17,x6,0x15	  x6:0x80041024 x17=0xfffffc00
     430355.000 ns	     43034	80008bb8	002c5893	srli	x17,x24,0x2	 x24:0xfffffc1d x17=0x3fffff07
     430365.000 ns	     43035	80008bbc	16ec0093	addi	x1,x24,366	 x24:0xfffffc1d  x1=0xfffffd8b
     430375.000 ns	     43036	80008bc0	00e5bfb3	sltu	x31,x11,x14	 x11:0x00000000 x14:0x00000001 x31=0x00000001
     430395.000 ns	     43038	80008bc4	280f0ad3	fmin.s	f21,f30,f0	 f30:0x00000000  f0:0xbf800000 f21=0xbf800000
     430425.000 ns	     43041	80008bc8	206880d3	fsgnj.s	f1,f17,f6	 f17:0x00000000  f6:0x00000000  f1=0x00000000
     430455.000 ns	     43044	80008bcc	02f718b3	mulh	x17,x14,x15	 x14:0x00000001 x15:0x00000002 x17=0x00000000
     430485.000 ns	     43047	80008bd0	e0020953	fmv.x.w	x18,f4	  f4:0x00000000 x18=0x00000000
     430505.000 ns	     43049	80008bd4	74437d93	andi	x27,x6,1860	  x6:0x80041024 x27=0x00000004
     430525.000 ns	     43051	80008bd8	283c1a53	fmax.s	f20,f24,f3	 f24:0x00000000  f3:0x00000000 f20=0x00000000
     430555.000 ns	     43054	80008bdc	a0eda8d3	feq.s	x17,f27,f14	 f27:0x00000000 f14:0xbe16e50c x17=0x00000000
     430575.000 ns	     43056	80008be0	019fccb3	xor	x25,x31,x25	 x31:0x00000001 x25:0x00000000 x25=0x00000001
     430595.000 ns	     43058	80008be4	29d28d53	fmin.s	f26,f5,f29	  f5:0x00000000 f29:0x00000001 f26=0x00000000
     430625.000 ns	     43061	80008be8	02870a33	mul	x20,x14,x8	 x14:0x00000001  x8:0x00000000 x20=0x00000000
     430645.000 ns	     43063	80008bec	41058633	sub	x12,x11,x16	 x11:0x00000000 x16:0x00000000 x12=0x00000000
     430655.000 ns	     43064	80008bf0	007080b3	add	x1,x1,x7	  x1:0xfffffd8b  x7:0x8004157b  x1=0x80041306
     430665.000 ns	     43065	80008bf4	d1047ab7	lui	x21,0xd1047	 x21=0xd1047000
     430675.000 ns	     43066	80008bf8	ace16a13	ori	x20,x2,-1330	  x2:0x0693c000 x20=0xffffface
     430695.000 ns	     43068	80008bfc	c002f8d3	fcvt.w.s	x17,f5	  f5:0x00000000 x17=0x00000000
     430715.000 ns	     43070	80008c00	1b610493	addi	x9,x2,438	  x2:0x0693c000  x9=0x0693c1b6
     430755.000 ns	     43074	80008c04	08c6fc53	fsub.s	f24,f13,f12	 f13:0x4317eb75 f12:0x00000000 f24=0x4317eb75
     430775.000 ns	     43076	80008c08	00f4c5b3	xor	x11,x9,x15	  x9:0x00000000 x15:0x00000002 x11=0x0693c1b4
     430815.000 ns	     43080	80008c0c	084d2cd3	fsub.s	f25,f26,f4	 f26:0x00000000  f4:0x00000000 f25=0x80000000
     430845.000 ns	     43083	80008c10	03e4a633	mulhsu	x12,x9,x30	  x9:0x0693c1b6 x30:0x00000001 x12=0x00000000
     430865.000 ns	     43085	80008c14	010b3b33	sltu	x22,x22,x16	 x22:0xfdfc1c00 x16:0x00000000 x22=0x00000000
     430875.000 ns	     43086	80008c18	00ee4cb3	xor	x25,x28,x14	 x28:0x80040fe4 x14:0x00000001 x25=0x80040fe5
     430895.000 ns	     43088	80008c1c	e00209d3	fmv.x.w	x19,f4	  f4:0x00000000 x19=0x00000000
     430925.000 ns	     43091	80008c20	03157433	remu	x8,x10,x17	 x10:0x00000000 x17:0x00000000  x8=0x00000000
     430945.000 ns	     43093	80008c24	41c75693	srai	x13,x14,0x1c	 x14:0x00000001 x13=0x00000000
     430955.000 ns	     43094	80008c28	000c7233	and	x4,x24,x0	 x24:0xfffffc1d  x0:0x00000000  x4=0x00000000
     430965.000 ns	     43095	80008c2c	e9b33413	sltiu	x8,x6,-357	  x6:0x80041024  x8=0x00000001
     430975.000 ns	     43096	80008c30	4736e2b7	lui	x5,0x4736e	  x5=0x4736e000
     431005.000 ns	     43099	80008c34	11af2b53	fmul.s	f22,f30,f26	 f30:0x00000000 f26:0x00000000 f22=0x00000000
     431025.000 ns	     43101	80008c38	56d6c293	xori	x5,x13,1389	 x13:0x00000000  x5=0x0000056d
     431045.000 ns	     43103	80008c3c	2025a5d3	fsgnjx.s	f11,f11,f2	 f11:0x4f7dfc1c  f2:0x80041024 f11=0xcf7dfc1c
     431065.000 ns	     43105	80008c40	010be2b3	or	x5,x23,x16	 x23:0x00000000 x16:0x00000000  x5=0x00000000
     431075.000 ns	     43106	80008c44	005e9113	slli	x2,x29,0x5	 x29:0x6f5c1a4f  x2=0xeb8349e0
     431435.000 ns	     43142	80008c48	02e961b3	rem	x3,x18,x14	 x18:0x00000000 x14:0x00000001  x3=0x00000000
     431465.000 ns	     43145	80008c4c	a1e32453	feq.s	x8,f6,f30	  f6:0x00000000 f30:0x00000000  x8=0x00000001
     431485.000 ns	     43147	80008c50	004b4433	xor	x8,x22,x4	 x22:0x00000000  x4:0x00000000  x8=0x00000000
     431505.000 ns	     43149	80008c54	a16510d3	flt.s	x1,f10,f22	 f10:0x00000000 f22:0x00000000  x1=0x00000000
     431525.000 ns	     43151	80008c58	00011c33	sll	x24,x2,x0	  x2:0xeb8349e0  x0:0x00000000 x24=0xeb8349e0
     431545.000 ns	     43153	80008c5c	c015f8d3	fcvt.wu.s	x17,f11	 f11:0xcf7dfc1c x17=0xfdfc1c00
     431575.000 ns	     43156	80008c60	29631253	fmax.s	f4,f6,f22	  f6:0x00000000 f22:0x00000000  f4=0x00000000
     431605.000 ns	     43159	80008c64	e00e11d3	fclass.s	x3,f28	 f28:0x00000000  x3=0x00000010
     431625.000 ns	     43161	80008c68	9407ca17	auipc	x20,0x9407c	 x20=0x14084c68
     431635.000 ns	     43162	80008c6c	00096c33	or	x24,x18,x0	 x18:0x00000000  x0:0x00000000 x24=0x00000000
     431655.000 ns	     43164	80008c70	a1681853	flt.s	x16,f16,f22	 f16:0x00000001 f22:0x00000000 x16=0x00000000
     431675.000 ns	     43166	80008c74	01075ab3	srl	x21,x14,x16	 x14:0x00000001 x16:0x00000000 x21=0x00000001
     431695.000 ns	     43168	80008c78	e0049d53	fclass.s	x26,f9	  f9:0x00041024 x26=0x00000020
     431715.000 ns	     43170	80008c7c	ba234493	xori	x9,x6,-1118	  x6:0x80041024  x9=0x7ffbeb86
     431725.000 ns	     43171	80008c80	41e75c33	sra	x24,x14,x30	 x14:0x00000001 x30:0x00000001 x24=0x00000000
     431735.000 ns	     43172	80008c84	00038733	add	x14,x7,x0	  x7:0x8004157b  x0:0x00000000 x14=0x8004157b
     431745.000 ns	     43173	80008c88	00000013	addi	x0,x0,0	  x0:0x00000000
     431755.000 ns	     43174	80008c8c	00497eb3	and	x29,x18,x4	 x18:0x00000000  x4:0x00000000 x29=0x00000000
     431765.000 ns	     43175	80008c90	4a37ee93	ori	x29,x15,1187	 x15:0x00000002 x29=0x000004a3
     431775.000 ns	     43176	80008c94	f717f417	auipc	x8,0xf717f	  x8=0x77187c94
     431785.000 ns	     43177	80008c98	00000013	addi	x0,x0,0	  x0:0x00000000
     431795.000 ns	     43178	80008c9c	007aa933	slt	x18,x21,x7	 x21:0x00000001  x7:0x8004157b x18=0x00000000
     431805.000 ns	     43179	80008ca0	d1010f93	addi	x31,x2,-752	  x2:0xeb8349e0 x31=0xeb8346f0
     431815.000 ns	     43180	80008ca4	d1dbe593	ori	x11,x23,-739	 x23:0x00000000 x11=0xfffffd1d
     431825.000 ns	     43181	80008ca8	6c034e97	auipc	x29,0x6c034	 x29=0xec03cca8
     431845.000 ns	     43183	80008cac	02f69ab3	mulh	x21,x13,x15	 x13:0x00000000 x15:0x00000002 x21=0x00000000
     431875.000 ns	     43186	80008cb0	d001c5d3	fcvt.s.w	f11,x3	  x3:0x00000010 f11=0x41800000
     431905.000 ns	     43189	80008cb4	201c9b53	fsgnjn.s	f22,f25,f1	 f25:0x80000000  f1:0x00000000 f22=0x80000000
     431925.000 ns	     43191	80008cb8	0086db93	srli	x23,x13,0x8	 x13:0x00000000 x23=0x00000000
     431935.000 ns	     43192	80008cbc	80eec413	xori	x8,x29,-2034	 x29:0xec03cca8  x8=0x13fc34a6
     431965.000 ns	     43195	80008cc0	5801fa53	fsqrt.s	f20,f3	  f3:0x00000000 f20=0x00000000
     432015.000 ns	     43200	80008cc4	00e5fd53	fadd.s	f26,f11,f14	 f11:0x41800000 f14:0xbe16e50c f26=0x417da46a
     432045.000 ns	     43203	80008cc8	d0158453	fcvt.s.wu	f8,x11	 x11:0xfffffd1d  f8=0x4f7ffffd
     432075.000 ns	     43206	80008ccc	d0158053	fcvt.s.wu	f0,x11	 x11:0xfffffd1d  f0=0x4f7ffffd
     432095.000 ns	     43208	80008cd0	eb085b17	auipc	x22,0xeb085	 x22=0x6b08dcd0
     432115.000 ns	     43210	80008cd4	20ca1cd3	fsgnjn.s	f25,f20,f12	 f20:0x00000000 f12:0x00000000 f25=0x80000000
     432145.000 ns	     43213	80008cd8	a19704d3	fle.s	x9,f14,f25	 f14:0xbe16e50c f25:0x80000000  x9=0x00000001
     432165.000 ns	     43215	80008cdc	00000013	addi	x0,x0,0	  x0:0x00000000
     432525.000 ns	     43251	80008ce0	0278eb33	rem	x22,x17,x7	 x17:0xfdfc1c00  x7:0x8004157b x22=0xfdfc1c00
     432545.000 ns	     43253	80008ce4	012e9713	slli	x14,x29,0x12	 x29:0xec03cca8 x14=0x32a00000
     432565.000 ns	     43255	80008ce8	032789b3	mul	x19,x15,x18	 x15:0x00000002 x18:0x00000000 x19=0x00000000
     432595.000 ns	     43258	80008cec	e00398d3	fclass.s	x17,f7	  f7:0xfe34b4b6 x17=0x00000002
     432615.000 ns	     43260	80008cf0	00a79693	slli	x13,x15,0xa	 x15:0x00000002 x13=0x00000800
     432625.000 ns	     43261	80008cf4	014e9213	slli	x4,x29,0x14	 x29:0xec03cca8  x4=0xca800000
     432635.000 ns	     43262	80008cf8	003855b3	srl	x11,x16,x3	 x16:0x00000000  x3:0x00000010 x11=0x00000000
     432645.000 ns	     43263	80008cfc	01faed33	or	x26,x21,x31	 x21:0x00000000 x31:0xeb8346f0 x26=0xeb8346f0
     432655.000 ns	     43264	80008d00	f1ccab13	slti	x22,x25,-228	 x25:0x80040fe5 x22=0x00000001
     432665.000 ns	     43265	80008d04	01e74cb3	xor	x25,x14,x30	 x14:0x32a00000 x30:0x00000001 x25=0x32a00001
     432685.000 ns	     43267	80008d08	0359cc33	div	x24,x19,x21	 x19:0x00000000 x21:0x00000000 x24=0xffffffff
     432705.000 ns	     43269	80008d0c	aea97893	andi	x17,x18,-1302	 x18:0x00000000 x17=0x00000000
     432725.000 ns	     43271	80008d10	216aad53	fsgnjx.s	f26,f21,f22	 f21:0xbf800000 f22:0x80000000 f26=0x3f800000
     432755.000 ns	     43274	80008d14	d015f453	fcvt.s.wu	f8,x11	 x11:0x00000000  f8=0x00000000
     432775.000 ns	     43276	80008d18	415dde93	srai	x29,x27,0x15	 x27:0x00000004 x29=0x00000000
     432785.000 ns	     43277	80008d1c	01be92b3	sll	x5,x29,x27	 x29:0xec03cca8 x27:0x00000004  x5=0x00000000
     432795.000 ns	     43278	80008d20	007f6733	or	x14,x30,x7	 x30:0x00000001  x7:0x8004157b x14=0x8004157b
     432805.000 ns	     43279	80008d24	01338a33	add	x20,x7,x19	  x7:0x8004157b x19:0x00000000 x20=0x8004157b
     432825.000 ns	     43281	80008d28	213d2953	fsgnjx.s	f18,f26,f19	 f26:0x3f800000 f19:0x00041024 f18=0x3f800000
     432845.000 ns	     43283	80008d2c	22cbfc13	andi	x24,x23,556	 x23:0x00000000 x24=0x00000000
     432865.000 ns	     43285	80008d30	d0137453	fcvt.s.wu	f8,x6	  x6:0x80041024  f8=0x4f000410
     432885.000 ns	     43287	80008d34	04a13013	sltiu	x0,x2,74	  x2:0xeb8349e0
     432905.000 ns	     43289	80008d38	20412ed3	fsgnjx.s	f29,f2,f4	  f2:0x80041024  f4:0x00000000 f29=0x80041024
     432935.000 ns	     43292	80008d3c	e0029cd3	fclass.s	x25,f5	  f5:0x00000000 x25=0x00000010
     432955.000 ns	     43294	80008d40	40b0d3b3	sra	x7,x1,x11	  x1:0x00000000 x11:0x00000000  x7=0x00000000
     432985.000 ns	     43297	80008d44	182ca753	fdiv.s	f14,f25,f2	 f25:0x80000000  f2:0x80041024 f14=0x00000000
     433005.000 ns	     43299	80008d48	947ac813	xori	x16,x21,-1721	 x21:0x00000000 x16=0xfffff947
     433365.000 ns	     43335	80008d4c	028454b3	divu	x9,x8,x8	  x8:0x13fc34a6  x8:0x13fc34a6  x9=0x00000001
     433385.000 ns	     43337	80008d50	9ed0ea93	ori	x21,x1,-1555	  x1:0x00000000 x21=0xfffff9ed
     433395.000 ns	     43338	80008d54	00000013	addi	x0,x0,0	  x0:0x00000000
     433415.000 ns	     43340	80008d58	d01ffa53	fcvt.s.wu	f20,x31	 x31:0xeb8346f0 f20=0x4f6b8346
     433445.000 ns	     43343	80008d5c	a0e50153	fle.s	x2,f10,f14	 f10:0x00000000 f14:0x00000000  x2=0x00000001
     433475.000 ns	     43346	80008d60	f00707d3	fmv.w.x	f15,x14	 x14:0x8004157b f15=0x8004157b
     433495.000 ns	     43348	80008d64	40218c93	addi	x25,x3,1026	  x3:0x00000010 x25=0x00000412
     433505.000 ns	     43349	80008d68	edcfa5b7	lui	x11,0xedcfa	 x11=0xedcfa000
     433515.000 ns	     43350	80008d6c	01ec9f33	sll	x30,x25,x30	 x25:0x00000010 x30:0x00000001 x30=0x00000824
     433525.000 ns	     43351	80008d70	01022bb3	slt	x23,x4,x16	  x4:0xca800000 x16:0xfffff947 x23=0x00000001
     433535.000 ns	     43352	80008d74	00dc3933	sltu	x18,x24,x13	 x24:0x00000000 x13:0x00000800 x18=0x00000001
     433895.000 ns	     43388	80008d78	02834c33	div	x24,x6,x8	  x6:0x80041024  x8:0x13fc34a6 x24=0xfffffffa
     433945.000 ns	     43393	80008d7c	015cfd53	fadd.s	f26,f25,f21	 f25:0x80000000 f21:0xbf800000 f26=0xbf800000
     433965.000 ns	     43395	80008d80	aa8d3093	sltiu	x1,x26,-1368	 x26:0xeb8346f0  x1=0x00000001
     435135.000 ns	     43512	80008d84	58091a53	fsqrt.s	f20,f18	 f18:0x3f800000 f20=0x3f7fffae
     435155.000 ns	     43514	80008d88	00e629b3	slt	x19,x12,x14	 x12:0x00000000 x14:0x8004157b x19=0x00000000
     435165.000 ns	     43515	80008d8c	00439fb3	sll	x31,x7,x4	  x7:0x00000000  x4:0xca800000 x31=0x00000000
     435185.000 ns	     43517	80008d90	205a2453	fsgnjx.s	f8,f20,f5	 f20:0x3f7fffae  f5:0x00000000  f8=0x3f7fffae
     435205.000 ns	     43519	80008d94	002c5833	srl	x16,x24,x2	 x24:0xfffffffa  x2:0x00000001 x16=0x7ffffffd
     435215.000 ns	     43520	80008d98	019d5a33	srl	x20,x26,x25	 x26:0xeb8346f0 x25:0x00000412 x20=0x00003ae0
     435225.000 ns	     43521	80008d9c	fd81fb93	andi	x23,x3,-40	  x3:0x00000010 x23=0x00000010
     435585.000 ns	     43557	80008da0	039cc9b3	div	x19,x25,x25	 x25:0x00000412 x25:0x00000412 x19=0x00000001
     435605.000 ns	     43559	80008da4	418a89b3	sub	x19,x21,x24	 x21:0xfffff9ed x24:0xfffffffa x19=0xfffff9f3
     435625.000 ns	     43561	80008da8	a1be2b53	feq.s	x22,f28,f27	 f28:0x00000000 f27:0x00000000 x22=0x00000001
     435645.000 ns	     43563	80008dac	b2f0cf97	auipc	x31,0xb2f0c	 x31=0x32f14dac
     435665.000 ns	     43565	80008db0	c008b4d3	fcvt.w.s	x9,f17	 f17:0x00000000  x9=0x00000000
     435695.000 ns	     43568	80008db4	02521833	mulh	x16,x4,x5	  x4:0xca800000  x5:0x00000000 x16=0x00000000
     435725.000 ns	     43571	80008db8	e00b88d3	fmv.x.w	x17,f23	 f23:0x00000000 x17=0x00000000
     435745.000 ns	     43573	80008dbc	400c8633	sub	x12,x25,x0	 x25:0x00000412  x0:0x00000000 x12=0x00000412
     435755.000 ns	     43574	80008dc0	403105b3	sub	x11,x2,x3	  x2:0x00000001  x3:0x00000010 x11=0xfffffff1
     435775.000 ns	     43576	80008dc4	d01f7f53	fcvt.s.wu	f30,x30	 x30:0x00000824 f30=0x45024000
     435805.000 ns	     43579	80008dc8	d01f0fd3	fcvt.s.wu	f31,x30	 x30:0x00000824 f31=0x45024000
     435825.000 ns	     43581	80008dcc	00000013	addi	x0,x0,0	  x0:0x00000000
     435845.000 ns	     43583	80008dd0	e00b0bd3	fmv.x.w	x23,f22	 f22:0x80000000 x23=0x80000000
     435875.000 ns	     43586	80008dd4	29249fd3	fmax.s	f31,f9,f18	  f9:0x00041024 f18:0x3f800000 f31=0x3f800000
     435905.000 ns	     43589	80008dd8	02a6b733	mulhu	x14,x13,x10	 x13:0x00000800 x10:0x00000000 x14=0x00000000
     435925.000 ns	     43591	80008ddc	01834133	xor	x2,x6,x24	  x6:0x80041024 x24:0xfffffffa  x2=0x7ffbefde
     436285.000 ns	     43627	80008de0	037ce0b3	rem	x1,x25,x23	 x25:0x00000412 x23:0x80000000  x1=0x00000412
     436655.000 ns	     43664	80008de4	033b76b3	remu	x13,x22,x19	 x22:0x00000001 x19:0xfffff9f3 x13=0x00000001
     436685.000 ns	     43667	80008de8	a09e1153	flt.s	x2,f28,f9	 f28:0x00000000  f9:0x00041024  x2=0x00000001
     436715.000 ns	     43670	80008dec	285b96d3	fmax.s	f13,f23,f5	 f23:0x00000000  f5:0x00000000 f13=0x00000000
     436745.000 ns	     43673	80008df0	a0312053	feq.s	x0,f2,f3	  f2:0x80041024  f3:0x00000000
     436775.000 ns	     43676	80008df4	0393a933	mulhsu	x18,x7,x25	  x7:0x00000000 x25:0x00000412 x18=0x00000000
     436825.000 ns	     43681	80008df8	01068dd3	fadd.s	f27,f13,f16	 f13:0x00000000 f16:0x00000001 f27=0x00000001
     438005.000 ns	     43799	80008dfc	580fa8d3	fsqrt.s	f17,f31	 f31:0x3f800000 f17=0x3f7fffae
     438375.000 ns	     43836	80008e00	02676833	rem	x16,x14,x6	 x14:0x00000000  x6:0x80041024 x16=0x00000000
     438405.000 ns	     43839	80008e04	e0000a53	fmv.x.w	x20,f0	  f0:0x4f7ffffd x20=0x4f7ffffd
     438745.000 ns	     43873	80008e08	1903f4d3	fdiv.s	f9,f7,f16	  f7:0xfe34b4b6 f16:0x00000001  f9=0xff800000
     438785.000 ns	     43877	80008e0c	118749d3	fmul.s	f19,f14,f24	 f14:0x00000000 f24:0x4317eb75 f19=0x00000000
     438815.000 ns	     43880	80008e10	a0501dd3	flt.s	x27,f0,f5	  f0:0x4f7ffffd  f5:0x00000000 x27=0x00000000
     438835.000 ns	     43882	80008e14	01292633	slt	x12,x18,x18	 x18:0x00000000 x18:0x00000000 x12=0x00000000
     438845.000 ns	     43883	80008e18	413f53b3	sra	x7,x30,x19	 x30:0x00000824 x19:0xfffff9f3  x7=0x00000000
     438865.000 ns	     43885	80008e1c	02767533	remu	x10,x12,x7	 x12:0x00000412  x7:0x00000000 x10=0x00000000
     438895.000 ns	     43888	80008e20	280a97d3	fmax.s	f15,f21,f0	 f21:0xbf800000  f0:0x4f7ffffd f15=0x4f7ffffd
     439265.000 ns	     43925	80008e24	022de1b3	rem	x3,x27,x2	 x27:0x00000000  x2:0x00000001  x3=0x00000000
     439285.000 ns	     43927	80008e28	026f2917	auipc	x18,0x26f2	 x18=0x826fae28
     439305.000 ns	     43929	80008e2c	031ded33	rem	x26,x27,x17	 x27:0x00000000 x17:0x00000000 x26=0x00000000
     439335.000 ns	     43932	80008e30	f00e8153	fmv.w.x	f2,x29	 x29:0x00000000  f2=0x00000000
     439355.000 ns	     43934	80008e34	016f9633	sll	x12,x31,x22	 x31:0x32f14dac x22:0x00000001 x12=0x65e29b58
     439375.000 ns	     43936	80008e38	033880b3	mul	x1,x17,x19	 x17:0x00000000 x19:0xfffff9f3  x1=0x00000000
     439405.000 ns	     43939	80008e3c	c01d7f53	fcvt.wu.s	x30,f26	 f26:0xbf800000 x30=0x00000001
     439435.000 ns	     43942	80008e40	f00a0d53	fmv.w.x	f26,x20	 x20:0x4f7ffffd f26=0x4f7ffffd
     439455.000 ns	     43944	80008e44	00569713	slli	x14,x13,0x5	 x13:0x00000001 x14=0x00000020
     439465.000 ns	     43945	80008e48	01f6a733	slt	x14,x13,x31	 x13:0x00000001 x31:0x32f14dac x14=0x00000001
     439475.000 ns	     43946	80008e4c	d463c013	xori	x0,x7,-698	  x7:0x00000000
     439835.000 ns	     43982	80008e50	02d2ddb3	divu	x27,x5,x13	  x5:0x00000000 x13:0x00000001 x27=0x00000000
     439865.000 ns	     43985	80008e54	d01215d3	fcvt.s.wu	f11,x4	  x4:0xca800000 f11=0x4f4a8000
     439885.000 ns	     43987	80008e58	40995233	sra	x4,x18,x9	 x18:0x826fae28  x9:0x00000000  x4=0x826fae28
     440245.000 ns	     44023	80008e5c	022cfbb3	remu	x23,x25,x2	 x25:0x00000412  x2:0x00000001 x23=0x00000000
     440275.000 ns	     44026	80008e60	0270c0b3	div	x1,x1,x7	  x1:0x00000000  x7:0x00000000  x1=0xffffffff
     440295.000 ns	     44028	80008e64	400f0d33	sub	x26,x30,x0	 x30:0x00000001  x0:0x00000000 x26=0x00000001
     440625.000 ns	     44061	80008e68	19202ed3	fdiv.s	f29,f0,f18	  f0:0x4f7ffffd f18:0x3f800000 f29=0x4f7fff35
     440645.000 ns	     44063	80008e6c	28fc6113	ori	x2,x24,655	 x24:0xfffffffa  x2=0xffffffff
     440685.000 ns	     44067	80008e70	0929c853	fsub.s	f16,f19,f18	 f19:0x00000000 f18:0x3f800000 f16=0xbf800000
     440715.000 ns	     44070	80008e74	a1f92f53	feq.s	x30,f18,f31	 f18:0x3f800000 f31:0x3f800000 x30=0x00000001
     440735.000 ns	     44072	80008e78	0158d513	srli	x10,x17,0x15	 x17:0x00000000 x10=0x00000000
     440745.000 ns	     44073	80008e7c	bb1db393	sltiu	x7,x27,-1103	 x27:0x00000000  x7=0x00000001
     440765.000 ns	     44075	80008e80	d00ef4d3	fcvt.s.w	f9,x29	 x29:0x00000000  f9=0x00000000
     440785.000 ns	     44077	80008e84	5f976493	ori	x9,x14,1529	 x14:0x00000001  x9=0x000005f9
     440795.000 ns	     44078	80008e88	01a31113	slli	x2,x6,0x1a	  x6:0x80041024  x2=0x90000000
     440815.000 ns	     44080	80008e8c	28d68ad3	fmin.s	f21,f13,f13	 f13:0x00000000 f13:0x00000000 f21=0x00000000
     440845.000 ns	     44083	80008e90	285b10d3	fmax.s	f1,f22,f5	 f22:0x80000000  f5:0x00000000  f1=0x00000000
     440875.000 ns	     44086	80008e94	28760453	fmin.s	f8,f12,f7	 f12:0x00000000  f7:0xfe34b4b6  f8=0xfe34b4b6
     441245.000 ns	     44123	80008e98	03284233	div	x4,x16,x18	 x16:0x00000000 x18:0x826fae28  x4=0x00000000
     441265.000 ns	     44125	80008e9c	00000013	addi	x0,x0,0	  x0:0x00000000
     441285.000 ns	     44127	80008ea0	024662b3	rem	x5,x12,x4	 x12:0x65e29b58  x4:0x00000000  x5=0x65e29b58
     441305.000 ns	     44129	80008ea4	f6390913	addi	x18,x18,-157	 x18:0x826fae28 x18=0x826fad8b
     441315.000 ns	     44130	80008ea8	40e30eb3	sub	x29,x6,x14	  x6:0x80041024 x14:0x00000001 x29=0x80041023
     441325.000 ns	     44131	80008eac	b215cc37	lui	x24,0xb215c	 x24=0xb215c000
     441345.000 ns	     44133	80008eb0	030a2c33	mulhsu	x24,x20,x16	 x20:0x4f7ffffd x16:0x00000000 x24=0x00000000
     441375.000 ns	     44136	80008eb4	28c39ed3	fmax.s	f29,f7,f12	  f7:0xfe34b4b6 f12:0x00000000 f29=0x00000000
     441395.000 ns	     44138	80008eb8	54847a13	andi	x20,x8,1352	  x8:0x13fc34a6 x20=0x00000400
     441415.000 ns	     44140	80008ebc	031df6b3	remu	x13,x27,x17	 x27:0x00000000 x17:0x00000000 x13=0x00000000
     441445.000 ns	     44143	80008ec0	d00373d3	fcvt.s.w	f7,x6	  x6:0x80041024  f7=0xcefff7df
     441475.000 ns	     44146	80008ec4	d0092cd3	fcvt.s.w	f25,x18	 x18:0x826fad8b f25=0xcefb20a5
     441505.000 ns	     44149	80008ec8	a08c2c53	feq.s	x24,f24,f8	 f24:0x4317eb75  f8:0xfe34b4b6 x24=0x00000000
     441535.000 ns	     44152	80008ecc	20ba21d3	fsgnjx.s	f3,f20,f11	 f20:0x3f7fffae f11:0x4f4a8000  f3=0x3f7fffae
     441555.000 ns	     44154	80008ed0	4338f193	andi	x3,x17,1075	 x17:0x00000000  x3=0x00000000
     441575.000 ns	     44156	80008ed4	e00300d3	fmv.x.w	x1,f6	  f6:0x00000000  x1=0x00000000
     441605.000 ns	     44159	80008ed8	0211bab3	mulhu	x21,x3,x1	  x3:0x00000000  x1:0xffffffff x21=0x00000000
     441655.000 ns	     44164	80008edc	0890c453	fsub.s	f8,f1,f9	  f1:0x00000000  f9:0x00000000  f8=0x80000000
     442835.000 ns	     44282	80008ee0	58059dd3	fsqrt.s	f27,f11	 f11:0x4f4a8000 f27=0x470f3067
     442855.000 ns	     44284	80008ee4	20e2c013	xori	x0,x5,526	  x5:0x65e29b58
     442875.000 ns	     44286	80008ee8	035bad33	mulhsu	x26,x23,x21	 x23:0x00000000 x21:0x00000000 x26=0x00000000
     442895.000 ns	     44288	80008eec	54f40c13	addi	x24,x8,1359	  x8:0x13fc34a6 x24=0x13fc39f5
     442905.000 ns	     44289	80008ef0	b9bdae93	slti	x29,x27,-1125	 x27:0x00000000 x29=0x00000000
     442925.000 ns	     44291	80008ef4	28501453	fmax.s	f8,f0,f5	  f0:0x4f7ffffd  f5:0x00000000  f8=0x4f7ffffd
     443295.000 ns	     44328	80008ef8	02e55f33	divu	x30,x10,x14	 x10:0x00000000 x14:0x00000001 x30=0x00000000
     443315.000 ns	     44330	80008efc	edc46893	ori	x17,x8,-292	  x8:0x13fc34a6 x17=0xfffffefe
     443355.000 ns	     44334	80008f00	083ef353	fsub.s	f6,f29,f3	 f29:0x00000000  f3:0x3f7fffae  f6=0xbf7fffae
     443405.000 ns	     44339	80008f04	081636d3	fsub.s	f13,f12,f1	 f12:0x00000000  f1:0x00000000 f13=0x80000000
     443425.000 ns	     44341	80008f08	00b3ffb3	and	x31,x7,x11	  x7:0x00000001 x11:0xfffffff1 x31=0x00000001
     443435.000 ns	     44342	80008f0c	0164d1b3	srl	x3,x9,x22	  x9:0x000005f9 x22:0x00000001  x3=0x000002fc
     443445.000 ns	     44343	80008f10	a451af13	slti	x30,x3,-1467	  x3:0x00000000 x30=0x00000000
     443455.000 ns	     44344	80008f14	016d9093	slli	x1,x27,0x16	 x27:0x00000000  x1=0x00000000
     443465.000 ns	     44345	80008f18	01e8ec33	or	x24,x17,x30	 x17:0xfffffefe x30:0x00000000 x24=0xfffffefe
     443505.000 ns	     44349	80008f1c	017fc2d3	fadd.s	f5,f31,f23	 f31:0x3f800000 f23:0x00000000  f5=0x3f800000
     443525.000 ns	     44351	80008f20	9798bd13	sltiu	x26,x17,-1671	 x17:0xfffffefe x26=0x00000000
     443535.000 ns	     44352	80008f24	01b272b3	and	x5,x4,x27	  x4:0x00000000 x27:0x00000000  x5=0x00000000
     443555.000 ns	     44354	80008f28	035a2d33	mulhsu	x26,x20,x21	 x20:0x00000400 x21:0x00000000 x26=0x00000000
     443585.000 ns	     44357	80008f2c	02209db3	mulh	x27,x1,x2	  x1:0x00000000  x2:0x90000000 x27=0x00000000
     443605.000 ns	     44359	80008f30	62d34593	xori	x11,x6,1581	  x6:0x80041024 x11=0x80041609
     443615.000 ns	     44360	80008f34	01e863b3	or	x7,x16,x30	 x16:0x00000000 x30:0x00000000  x7=0x00000000
     443645.000 ns	     44363	80008f38	580178d3	fsqrt.s	f17,f2	  f2:0x00000000 f17=0x00000000
     443665.000 ns	     44365	80008f3c	013590b3	sll	x1,x11,x19	 x11:0x80041609 x19:0xfffff9f3  x1=0xb0480000
     443675.000 ns	     44366	80008f40	b36cfc13	andi	x24,x25,-1226	 x25:0x00000412 x24=0x00000012
     443695.000 ns	     44368	80008f44	03a182b3	mul	x5,x3,x26	  x3:0x000002fc x26:0x00000000  x5=0x00000000
     443725.000 ns	     44371	80008f48	02231cb3	mulh	x25,x6,x2	  x6:0x80041024  x2:0x90000000 x25=0x37fe38f0
     443755.000 ns	     44374	80008f4c	02af69b3	rem	x19,x30,x10	 x30:0x00000000 x10:0x00000000 x19=0x00000000
     443775.000 ns	     44376	80008f50	016601b3	add	x3,x12,x22	 x12:0x65e29b58 x22:0x00000001  x3=0x65e29b59
     443795.000 ns	     44378	80008f54	a10da753	feq.s	x14,f27,f16	 f27:0x470f3067 f16:0xbf800000 x14=0x00000000
     443815.000 ns	     44380	80008f58	41678d33	sub	x26,x15,x22	 x15:0x00000002 x22:0x00000001 x26=0x00000001
     443835.000 ns	     44382	80008f5c	c0187d53	fcvt.wu.s	x26,f16	 f16:0xbf800000 x26=0x00000001
     443855.000 ns	     44384	80008f60	01a845b3	xor	x11,x16,x26	 x16:0x00000000 x26:0x00000000 x11=0x00000001
     443865.000 ns	     44385	80008f64	00000013	addi	x0,x0,0	  x0:0x00000000
     443905.000 ns	     44389	80008f68	085934d3	fsub.s	f9,f18,f5	 f18:0x3f800000  f5:0x3f800000  f9=0x80000000
     443935.000 ns	     44392	80008f6c	d00d3453	fcvt.s.w	f8,x26	 x26:0x00000001  f8=0x3f800000
     443955.000 ns	     44394	80008f70	01743233	sltu	x4,x8,x23	  x8:0x13fc34a6 x23:0x00000000  x4=0x00000000
     443975.000 ns	     44396	80008f74	f00200d3	fmv.w.x	f1,x4	  x4:0x00000000  f1=0x00000000
     444005.000 ns	     44399	80008f78	c01df753	fcvt.wu.s	x14,f27	 f27:0x470f3067 x14=0x00008f30
     444045.000 ns	     44403	80008f7c	580af1d3	fsqrt.s	f3,f21	 f21:0x00000000  f3=0x00000000
     444075.000 ns	     44406	80008f80	f00b0653	fmv.w.x	f12,x22	 x22:0x00000001 f12=0x00000001
     444105.000 ns	     44409	80008f84	f0078ed3	fmv.w.x	f29,x15	 x15:0x00000002 f29=0x00000002
     444135.000 ns	     44412	80008f88	031f23b3	mulhsu	x7,x30,x17	 x30:0x00000000 x17:0xfffffefe  x7=0x00000000
     444505.000 ns	     44449	80008f8c	032ac3b3	div	x7,x21,x18	 x21:0x00000000 x18:0x826fad8b  x7=0x00000000
     444535.000 ns	     44452	80008f90	d01e7253	fcvt.s.wu	f4,x28	 x28:0x80040fe4  f4=0x4f00040f
     444905.000 ns	     44489	80008f94	02137933	remu	x18,x6,x1	  x6:0x80041024  x1:0xb0480000 x18=0x80041024
     444925.000 ns	     44491	80008f98	00000013	addi	x0,x0,0	  x0:0x00000000
     444945.000 ns	     44493	80008f9c	e0041553	fclass.s	x10,f8	  f8:0x3f800000 x10=0x00000040
     444965.000 ns	     44495	80008fa0	942d0a13	addi	x20,x26,-1726	 x26:0x00000001 x20=0xfffff943
     444995.000 ns	     44498	80008fa4	18d3f153	fdiv.s	f2,f7,f13	  f7:0xcefff7df f13:0x80000000  f2=0x7f800000
     445025.000 ns	     44501	80008fa8	c0127053	fcvt.wu.s	x0,f4	  f4:0x4f00040f
     445395.000 ns	     44538	80008fac	03f04033	div	x0,x0,x31	  x0:0x00000000 x31:0x00000001
     445415.000 ns	     44540	80008fb0	73490413	addi	x8,x18,1844	 x18:0x80041024  x8=0x80041758
     445425.000 ns	     44541	80008fb4	40f65b93	srai	x23,x12,0xf	 x12:0x65e29b58 x23=0x0000cbc5
     445445.000 ns	     44543	80008fb8	e0001953	fclass.s	x18,f0	  f0:0x4f7ffffd x18=0x00000040
     445475.000 ns	     44546	80008fbc	e0069b53	fclass.s	x22,f13	 f13:0x80000000 x22=0x00000008
     445505.000 ns	     44549	80008fc0	d006f353	fcvt.s.w	f6,x13	 x13:0x00000000  f6=0x00000000
     445525.000 ns	     44551	80008fc4	0008d233	srl	x4,x17,x0	 x17:0xfffffefe  x0:0x00000000  x4=0xfffffefe
     445535.000 ns	     44552	80008fc8	98fc6a93	ori	x21,x24,-1649	 x24:0x00000012 x21=0xfffff99f
     445545.000 ns	     44553	80008fcc	007323b3	slt	x7,x6,x7	  x6:0x80041024  x7:0x00000000  x7=0x00000001
     445555.000 ns	     44554	80008fd0	400e5db3	sra	x27,x28,x0	 x28:0x80040fe4  x0:0x00000000 x27=0x80040fe4
     445565.000 ns	     44555	80008fd4	013d8b33	add	x22,x27,x19	 x27:0x00000000 x19:0x00000000 x22=0x80040fe4
     445585.000 ns	     44557	80008fd8	a10d9253	flt.s	x4,f27,f16	 f27:0x470f3067 f16:0xbf800000  x4=0x00000000
     445605.000 ns	     44559	80008fdc	01014eb3	xor	x29,x2,x16	  x2:0x90000000 x16:0x00000000 x29=0x90000000
     445615.000 ns	     44560	80008fe0	bf28e393	ori	x7,x17,-1038	 x17:0xfffffefe  x7=0xfffffffe
     445625.000 ns	     44561	80008fe4	00000013	addi	x0,x0,0	  x0:0x00000000
     445635.000 ns	     44562	80008fe8	01245133	srl	x2,x8,x18	  x8:0x80041758 x18:0x00000040  x2=0x80041758
     445655.000 ns	     44564	80008fec	a1ccafd3	feq.s	x31,f25,f28	 f25:0xcefb20a5 f28:0x00000000 x31=0x00000000
     445675.000 ns	     44566	80008ff0	008b00b3	add	x1,x22,x8	 x22:0x80040fe4  x8:0x80041758  x1=0x0008273c
     445695.000 ns	     44568	80008ff4	c00ac5d3	fcvt.w.s	x11,f21	 f21:0x00000000 x11=0x00000000
     445715.000 ns	     44570	80008ff8	0171b433	sltu	x8,x3,x23	  x3:0x65e29b59 x23:0x0000cbc5  x8=0x00000000
     445735.000 ns	     44572	80008ffc	213793d3	fsgnjn.s	f7,f15,f19	 f15:0x4f7ffffd f19:0x00000000  f7=0xcf7ffffd
     445755.000 ns	     44574	80009000	43e43093	sltiu	x1,x8,1086	  x8:0x80041758  x1=0x00000001
     445785.000 ns	     44577	80009004	18be70d3	fdiv.s	f1,f28,f11	 f28:0x00000000 f11:0x4f4a8000  f1=0x00000000
     445815.000 ns	     44580	80009008	022a9933	mulh	x18,x21,x2	 x21:0xfffff99f  x2:0x80041758 x18=0x00000330
     445845.000 ns	     44583	8000900c	29188353	fmin.s	f6,f17,f17	 f17:0x00000000 f17:0x00000000  f6=0x00000000
     445875.000 ns	     44586	80009010	a1471ad3	flt.s	x21,f14,f20	 f14:0x00000000 f20:0x3f7fffae x21=0x00000001
     445905.000 ns	     44589	80009014	030cc9b3	div	x19,x25,x16	 x25:0x37fe38f0 x16:0x00000000 x19=0xffffffff
     445955.000 ns	     44594	80009018	018a89d3	fadd.s	f19,f21,f24	 f21:0x00000000 f24:0x4317eb75 f19=0x4317eb75
     445985.000 ns	     44597	8000901c	200b1253	fsgnjn.s	f4,f22,f0	 f22:0x80000000  f0:0x4f7ffffd  f4=0x80000000
     446005.000 ns	     44599	80009020	06dcf193	andi	x3,x25,109	 x25:0x37fe38f0  x3=0x00000060
     446365.000 ns	     44635	80009024	03a3ccb3	div	x25,x7,x26	  x7:0xfffffffe x26:0x00000001 x25=0xfffffffe
     446395.000 ns	     44638	80009028	c00b38d3	fcvt.w.s	x17,f22	 f22:0x80000000 x17=0x00000000
     446425.000 ns	     44641	8000902c	c01340d3	fcvt.wu.s	x1,f6	  f6:0x00000000  x1=0x00000000
     446795.000 ns	     44678	80009030	022de833	rem	x16,x27,x2	 x27:0x80040fe4  x2:0x80041758 x16=0xfffff88c
     446815.000 ns	     44680	80009034	9823c2b7	lui	x5,0x9823c	  x5=0x9823c000
     446835.000 ns	     44682	80009038	d014b7d3	fcvt.s.wu	f15,x9	  x9:0x000005f9 f15=0x44bf2000
     446885.000 ns	     44687	8000903c	01fe41d3	fadd.s	f3,f28,f31	 f28:0x00000000 f31:0x3f800000  f3=0x3f800000
     446905.000 ns	     44689	80009040	54992813	slti	x16,x18,1353	 x18:0x00000330 x16=0x00000001
     446925.000 ns	     44691	80009044	02e33bb3	mulhu	x23,x6,x14	  x6:0x80041024 x14:0x00008f30 x23=0x0000479a
     446945.000 ns	     44693	80009048	caac2993	slti	x19,x24,-854	 x24:0x00000012 x19=0x00000000
     446955.000 ns	     44694	8000904c	00891cb3	sll	x25,x18,x8	 x18:0x00000330  x8:0x00000000 x25=0x00000330
     446975.000 ns	     44696	80009050	a0e202d3	fle.s	x5,f4,f14	  f4:0x80000000 f14:0x00000000  x5=0x00000001
     447005.000 ns	     44699	80009054	c01719d3	fcvt.wu.s	x19,f14	 f14:0x00000000 x19=0x00000000
     447035.000 ns	     44702	80009058	c010f5d3	fcvt.wu.s	x11,f1	  f1:0x00000000 x11=0x00000000
     447065.000 ns	     44705	8000905c	287e90d3	fmax.s	f1,f29,f7	 f29:0x00000002  f7:0xcf7ffffd  f1=0x00000002
     447085.000 ns	     44707	80009060	41485613	srai	x12,x16,0x14	 x16:0x00000001 x12=0x00000000
     447105.000 ns	     44709	80009064	29971dd3	fmax.s	f27,f14,f25	 f14:0x00000000 f25:0xcefb20a5 f27=0x00000000
     447125.000 ns	     44711	80009068	018a5c33	srl	x24,x20,x24	 x20:0xfffff943 x24:0x00000012 x24=0x00003fff
     447155.000 ns	     44714	8000906c	184597d3	fdiv.s	f15,f11,f4	 f11:0x4f4a8000  f4:0x80000000 f15=0xff800000
     447205.000 ns	     44719	80009070	092cb6d3	fsub.s	f13,f25,f18	 f25:0xcefb20a5 f18:0x3f800000 f13=0xcefb20a5
     447225.000 ns	     44721	80009074	7b5218b7	lui	x17,0x7b521	 x17=0x7b521000
     447245.000 ns	     44723	80009078	a138abd3	feq.s	x23,f17,f19	 f17:0x00000000 f19:0x4317eb75 x23=0x00000000
     447275.000 ns	     44726	8000907c	03490f33	mul	x30,x18,x20	 x18:0x00000330 x20:0xfffff943 x30=0xffea8590
     447295.000 ns	     44728	80009080	4df94293	xori	x5,x18,1247	 x18:0x00000330  x5=0x000007ef
     447315.000 ns	     44730	80009084	03c13c33	mulhu	x24,x2,x28	  x2:0x80041758 x28:0x80040fe4 x24=0x400413ae
     447345.000 ns	     44733	80009088	03dd81b3	mul	x3,x27,x29	 x27:0x80040fe4 x29:0x90000000  x3=0x40000000
     447375.000 ns	     44736	8000908c	21388253	fsgnj.s	f4,f17,f19	 f17:0x00000000 f19:0x4317eb75  f4=0x00000000
     447395.000 ns	     44738	80009090	1a91ca93	xori	x21,x3,425	  x3:0x40000000 x21=0x400001a9
     447415.000 ns	     44740	80009094	217d2ad3	fsgnjx.s	f21,f26,f23	 f26:0x4f7ffffd f23:0x00000000 f21=0x4f7ffffd
     447465.000 ns	     44745	80009098	008ebed3	fadd.s	f29,f29,f8	 f29:0x00000002  f8:0x3f800000 f29=0x3f800000
     447495.000 ns	     44748	8000909c	020cc133	div	x2,x25,x0	 x25:0x00000330  x0:0x00000000  x2=0xffffffff
     447525.000 ns	     44751	800090a0	a0fb0ad3	fle.s	x21,f22,f15	 f22:0x80000000 f15:0xff800000 x21=0x00000000
     447555.000 ns	     44754	800090a4	03fa4433	div	x8,x20,x31	 x20:0xfffff943 x31:0x00000000  x8=0xffffffff
     447585.000 ns	     44757	800090a8	a0880fd3	fle.s	x31,f16,f8	 f16:0xbf800000  f8:0x3f800000 x31=0x00000001
     447615.000 ns	     44760	800090ac	03551cb3	mulh	x25,x10,x21	 x10:0x00000040 x21:0x00000000 x25=0x00000000
     447635.000 ns	     44762	800090b0	01925233	srl	x4,x4,x25	  x4:0x00000000 x25:0x00000330  x4=0x00000000
     447645.000 ns	     44763	800090b4	01ab9c93	slli	x25,x23,0x1a	 x23:0x00000000 x25=0x00000000
     447665.000 ns	     44765	800090b8	21cea653	fsgnjx.s	f12,f29,f28	 f29:0x3f800000 f28:0x00000000 f12=0x3f800000
     447705.000 ns	     44769	800090bc	11a9a2d3	fmul.s	f5,f19,f26	 f19:0x4317eb75 f26:0x4f7ffffd  f5=0x5317eb73
     447725.000 ns	     44771	800090c0	129c9f97	auipc	x31,0x129c9	 x31=0x929d20c0
     447735.000 ns	     44772	800090c4	0b4af613	andi	x12,x21,180	 x21:0x00000000 x12=0x00000000
     447745.000 ns	     44773	800090c8	00a3dcb3	srl	x25,x7,x10	  x7:0xfffffffe x10:0x00000040 x25=0xfffffffe
     447765.000 ns	     44775	800090cc	29a80c53	fmin.s	f24,f16,f26	 f16:0xbf800000 f26:0x4f7ffffd f24=0xbf800000
     447795.000 ns	     44778	800090d0	a1b92453	feq.s	x8,f18,f27	 f18:0x3f800000 f27:0x00000000  x8=0x00000000
     447815.000 ns	     44780	800090d4	01cdf9b3	and	x19,x27,x28	 x27:0x80040fe4 x28:0x80040fe4 x19=0x80040fe4
     447835.000 ns	     44782	800090d8	c01e3453	fcvt.wu.s	x8,f28	 f28:0x00000000  x8=0x00000000
     447865.000 ns	     44785	800090dc	02d57633	remu	x12,x10,x13	 x10:0x00000040 x13:0x00000000 x12=0x00000040
     448235.000 ns	     44822	800090e0	03636733	rem	x14,x6,x22	  x6:0x80041024 x22:0x80040fe4 x14=0x80041024
     448265.000 ns	     44825	800090e4	a1419fd3	flt.s	x31,f3,f20	  f3:0x3f800000 f20:0x3f7fffae x31=0x00000000
     448295.000 ns	     44828	800090e8	f00b0253	fmv.w.x	f4,x22	 x22:0x80040fe4  f4=0x80040fe4
     448325.000 ns	     44831	800090ec	c015f453	fcvt.wu.s	x8,f11	 f11:0x4f4a8000  x8=0xca800000
     448355.000 ns	     44834	800090f0	20ffa8d3	fsgnjx.s	f17,f31,f15	 f31:0x3f800000 f15:0xff800000 f17=0xbf800000
     448725.000 ns	     44871	800090f4	03e7d4b3	divu	x9,x15,x30	 x15:0x00000002 x30:0xffea8590  x9=0x00000000
     448745.000 ns	     44873	800090f8	41978bb3	sub	x23,x15,x25	 x15:0x00000002 x25:0xfffffffe x23=0x00000004
     448755.000 ns	     44874	800090fc	00c0ff33	and	x30,x1,x12	  x1:0x00000000 x12:0x00000040 x30=0x00000000
     448775.000 ns	     44876	80009100	a187a153	feq.s	x2,f15,f24	 f15:0xff800000 f24:0xbf800000  x2=0x00000000
     448795.000 ns	     44878	80009104	c57a7c93	andi	x25,x20,-937	 x20:0xfffff943 x25=0xfffff843
     448805.000 ns	     44879	80009108	01ccd713	srli	x14,x25,0x1c	 x25:0xfffffffe x14=0x0000000f
     448825.000 ns	     44881	8000910c	02ea0033	mul	x0,x20,x14	 x20:0xfffff943 x14:0x80041024
     448845.000 ns	     44883	80009110	03534817	auipc	x16,0x3534	 x16=0x8353d110
     448855.000 ns	     44884	80009114	011d2033	slt	x0,x26,x17	 x26:0x00000001 x17:0x7b521000
     448865.000 ns	     44885	80009118	c85aba93	sltiu	x21,x21,-891	 x21:0x00000000 x21=0x00000001
     448895.000 ns	     44888	8000911c	5803b5d3	fsqrt.s	f11,f7	  f7:0xcf7ffffd f11=0x7fc00000
     448915.000 ns	     44890	80009120	00a04d33	xor	x26,x0,x10	  x0:0x00000000 x10:0x00000040 x26=0x00000040
     448925.000 ns	     44891	80009124	90d1f093	andi	x1,x3,-1779	  x3:0x40000000  x1=0x40000000
     448945.000 ns	     44893	80009128	c0107553	fcvt.wu.s	x10,f0	  f0:0x4f7ffffd x10=0xfffffd00
     448975.000 ns	     44896	8000912c	29b495d3	fmax.s	f11,f9,f27	  f9:0x80000000 f27:0x00000000 f11=0x00000000
     450035.000 ns	     45002	80009130	580a73d3	fsqrt.s	f7,f20	 f20:0x3f7fffae  f7=0x3f35042a
     450065.000 ns	     45005	80009134	2192a8d3	fsgnjx.s	f17,f5,f25	  f5:0x5317eb73 f25:0xcefb20a5 f17=0xd317eb73
     450085.000 ns	     45007	80009138	0158c233	xor	x4,x17,x21	 x17:0x7b521000 x21:0x00000001  x4=0x7b521001
     450095.000 ns	     45008	8000913c	668b2613	slti	x12,x22,1640	 x22:0x80040fe4 x12=0x00000001
     450115.000 ns	     45010	80009140	c006fb53	fcvt.w.s	x22,f13	 f13:0xcefb20a5 x22=0x7d905280
     450485.000 ns	     45047	80009144	03cc6a33	rem	x20,x24,x28	 x24:0x400413ae x28:0x80040fe4 x20=0x400413ae
     450505.000 ns	     45049	80009148	2000e397	auipc	x7,0x2000e	  x7=0xa0017148
     450515.000 ns	     45050	8000914c	003a2233	slt	x4,x20,x3	 x20:0x400413ae  x3:0x40000000  x4=0x00000000
     450555.000 ns	     45054	80009150	001bf7d3	fadd.s	f15,f23,f1	 f23:0x00000000  f1:0x00000002 f15=0x00000002
     450575.000 ns	     45056	80009154	31464293	xori	x5,x12,788	 x12:0x00000001  x5=0x00000315
     450585.000 ns	     45057	80009158	01cca633	slt	x12,x25,x28	 x25:0xfffff843 x28:0x80040fe4 x12=0x00000000
     450945.000 ns	     45093	8000915c	02555033	divu	x0,x10,x5	 x10:0xfffffd00  x5:0x000007ef
     450975.000 ns	     45096	80009160	29d28053	fmin.s	f0,f5,f29	  f5:0x5317eb73 f29:0x3f800000  f0=0x3f800000
     451005.000 ns	     45099	80009164	0202e5b3	rem	x11,x5,x0	  x5:0x00000315  x0:0x00000000 x11=0x00000315
     451055.000 ns	     45104	80009168	01c3fb53	fadd.s	f22,f7,f28	  f7:0x3f35042a f28:0x00000000 f22=0x3f35042a
     451085.000 ns	     45107	8000916c	c012c2d3	fcvt.wu.s	x5,f5	  f5:0x5317eb73  x5=0xffffffff
     451105.000 ns	     45109	80009170	c9874613	xori	x12,x14,-872	 x14:0x0000000f x12=0xfffffc97
     451125.000 ns	     45111	80009174	20c7a553	fsgnjx.s	f10,f15,f12	 f15:0x00000002 f12:0x3f800000 f10=0x00000002
     451145.000 ns	     45113	80009178	bbd35117	auipc	x2,0xbbd35	  x2=0x3bd3e178
     451165.000 ns	     45115	8000917c	03e168b3	rem	x17,x2,x30	  x2:0x00000000 x30:0x00000000 x17=0x3bd3e178
     451195.000 ns	     45118	80009180	21d9a3d3	fsgnjx.s	f7,f19,f29	 f19:0x4317eb75 f29:0x3f800000  f7=0x4317eb75
     451235.000 ns	     45122	80009184	580e7753	fsqrt.s	f14,f28	 f28:0x00000000 f14=0x00000000
     451275.000 ns	     45126	80009188	115e08d3	fmul.s	f17,f28,f21	 f28:0x00000000 f21:0x4f7ffffd f17=0x00000000
     451315.000 ns	     45130	8000918c	18657353	fdiv.s	f6,f10,f6	 f10:0x00000002  f6:0x00000000  f6=0x7f800000
     451335.000 ns	     45132	80009190	0312c213	xori	x4,x5,49	  x5:0xffffffff  x4=0xffffffce
     451365.000 ns	     45135	80009194	1196fd53	fmul.s	f26,f13,f25	 f13:0xcefb20a5 f25:0xcefb20a5 f26=0x5e765908
     451385.000 ns	     45137	80009198	0001d1b3	srl	x3,x3,x0	  x3:0x40000000  x0:0x00000000  x3=0x40000000
     451405.000 ns	     45139	8000919c	0391b833	mulhu	x16,x3,x25	  x3:0x40000000 x25:0xfffff843 x16=0x3ffffe10
     451425.000 ns	     45141	800091a0	0008e1b3	or	x3,x17,x0	 x17:0x3bd3e178  x0:0x00000000  x3=0x3bd3e178
     451445.000 ns	     45143	800091a4	c00e3fd3	fcvt.w.s	x31,f28	 f28:0x00000000 x31=0x00000000
     451475.000 ns	     45146	800091a8	f0018e53	fmv.w.x	f28,x3	  x3:0x40000000 f28=0x3bd3e178
     451495.000 ns	     45148	800091ac	004c7f33	and	x30,x24,x4	 x24:0x400413ae  x4:0xffffffce x30=0x4004138e
     451505.000 ns	     45149	800091b0	c9ba4693	xori	x13,x20,-869	 x20:0x400413ae x13=0xbffbef35
     451865.000 ns	     45185	800091b4	021473b3	remu	x7,x8,x1	  x8:0xca800000  x1:0x40000000  x7=0x0a800000
     451895.000 ns	     45188	800091b8	296a0bd3	fmin.s	f23,f20,f22	 f20:0x3f7fffae f22:0x3f35042a f23=0x3f35042a
     451925.000 ns	     45191	800091bc	d004fb53	fcvt.s.w	f22,x9	  x9:0x00000000 f22=0x00000000
     451975.000 ns	     45196	800091c0	002176d3	fadd.s	f13,f2,f2	  f2:0x7f800000  f2:0x7f800000 f13=0x00000000
     452005.000 ns	     45199	800091c4	d01d76d3	fcvt.s.wu	f13,x26	 x26:0x00000040 f13=0x42800000
     452055.000 ns	     45204	800091c8	0861fed3	fsub.s	f29,f3,f6	  f3:0x3f800000  f6:0x7f800000 f29=0xff800000
     452085.000 ns	     45207	800091cc	219e0053	fsgnj.s	f0,f28,f25	 f28:0x3bd3e178 f25:0xcefb20a5  f0=0xbbd3e178
     452105.000 ns	     45209	800091d0	f730e5b7	lui	x11,0xf730e	 x11=0xf730e000
     452125.000 ns	     45211	800091d4	a19cacd3	feq.s	x25,f25,f25	 f25:0xcefb20a5 f25:0xcefb20a5 x25=0x00000001
     452155.000 ns	     45214	800091d8	c01bfbd3	fcvt.wu.s	x23,f23	 f23:0x3f35042a x23=0x00000000
     452175.000 ns	     45216	800091dc	63aaf213	andi	x4,x21,1594	 x21:0x00000001  x4=0x00000000
     452195.000 ns	     45218	800091e0	036ba3b3	mulhsu	x7,x23,x22	 x23:0x00000000 x22:0x7d905280  x7=0x00000000
     452235.000 ns	     45222	800091e4	10f17253	fmul.s	f4,f2,f15	  f2:0x7f800000 f15:0x00000002  f4=0x7f800000
     452285.000 ns	     45227	800091e8	00e6f053	fadd.s	f0,f13,f14	 f13:0x42800000 f14:0x00000000  f0=0x42800000
     452315.000 ns	     45230	800091ec	c00f41d3	fcvt.w.s	x3,f30	 f30:0x45024000  x3=0x00000824
     452335.000 ns	     45232	800091f0	5257cd93	xori	x27,x15,1317	 x15:0x00000002 x27=0x00000527
     452355.000 ns	     45234	800091f4	03b018b3	mulh	x17,x0,x27	  x0:0x00000000 x27:0x80040fe4 x17=0x00000000
     452385.000 ns	     45237	800091f8	031070b3	remu	x1,x0,x17	  x0:0x00000000 x17:0x3bd3e178  x1=0x00000000
     452405.000 ns	     45239	800091fc	d2614393	xori	x7,x2,-730	  x2:0x3bd3e178  x7=0xc42c1c5e
     452425.000 ns	     45241	80009200	a02a9c53	flt.s	x24,f21,f2	 f21:0x4f7ffffd  f2:0x7f800000 x24=0x00000001
     452445.000 ns	     45243	80009204	00e063b3	or	x7,x0,x14	  x0:0x00000000 x14:0x0000000f  x7=0x0000000f
     452485.000 ns	     45247	80009208	09ef7cd3	fsub.s	f25,f30,f30	 f30:0x45024000 f30:0x45024000 f25=0x80000000
     452515.000 ns	     45250	8000920c	02117bb3	remu	x23,x2,x1	  x2:0x3bd3e178  x1:0x00000000 x23=0x3bd3e178
     452545.000 ns	     45253	80009210	d01cb953	fcvt.s.wu	f18,x25	 x25:0x00000001 f18=0x3f800000
     452575.000 ns	     45256	80009214	03f51733	mulh	x14,x10,x31	 x10:0xfffffd00 x31:0x00000000 x14=0x00000000
     452595.000 ns	     45258	80009218	b0e6a213	slti	x4,x13,-1266	 x13:0xbffbef35  x4=0x00000001
     452615.000 ns	     45260	8000921c	d00770d3	fcvt.s.w	f1,x14	 x14:0x00000000  f1=0x00000000
     452635.000 ns	     45262	80009220	c218e613	ori	x12,x17,-991	 x17:0x00000000 x12=0xfffffc21
     452655.000 ns	     45264	80009224	21d92c53	fsgnjx.s	f24,f18,f29	 f18:0x3f800000 f29:0xff800000 f24=0xbf800000
     452685.000 ns	     45267	80009228	200a0e53	fsgnj.s	f28,f20,f0	 f20:0x3f7fffae  f0:0x42800000 f28=0x3f7fffae
     452715.000 ns	     45270	8000922c	03f29033	mulh	x0,x5,x31	  x5:0xffffffff x31:0x00000000
     452745.000 ns	     45273	80009230	28d00d53	fmin.s	f26,f0,f13	  f0:0x42800000 f13:0x42800000 f26=0x42800000
     452765.000 ns	     45275	80009234	014de533	or	x10,x27,x20	 x27:0x00000527 x20:0x400413ae x10=0x400417af
     452785.000 ns	     45277	80009238	a0db2953	feq.s	x18,f22,f13	 f22:0x00000000 f13:0x42800000 x18=0x00000000
     452805.000 ns	     45279	8000923c	00cc0c33	add	x24,x24,x12	 x24:0x00000001 x12:0xfffffc21 x24=0xfffffc22
     452815.000 ns	     45280	80009240	406b06b3	sub	x13,x22,x6	 x22:0x7d905280  x6:0x80041024 x13=0xfd8c425c
     453175.000 ns	     45316	80009244	02f15db3	divu	x27,x2,x15	  x2:0x3bd3e178 x15:0x00000002 x27=0x1de9f0bc
     453195.000 ns	     45318	80009248	70fd8213	addi	x4,x27,1807	 x27:0x00000527  x4=0x1de9f7cb
     453205.000 ns	     45319	8000924c	01a7c0b3	xor	x1,x15,x26	 x15:0x00000002 x26:0x00000040  x1=0x00000042
     453215.000 ns	     45320	80009250	00000013	addi	x0,x0,0	  x0:0x00000000
     453575.000 ns	     45356	80009254	02dadbb3	divu	x23,x21,x13	 x21:0x00000001 x13:0xfd8c425c x23=0x00000000
     453605.000 ns	     45359	80009258	c00371d3	fcvt.w.s	x3,f6	  f6:0x7f800000  x3=0x7fffffff
     453635.000 ns	     45362	8000925c	219d9853	fsgnjn.s	f16,f27,f25	 f27:0x00000000 f25:0x80000000 f16=0x00000000
     453675.000 ns	     45366	80009260	1904f8d3	fdiv.s	f17,f9,f16	  f9:0x80000000 f16:0xbf800000 f17=0x7fc00000
     453695.000 ns	     45368	80009264	967d8c17	auipc	x24,0x967d8	 x24=0x167e1264
     453715.000 ns	     45370	80009268	a00f8553	fle.s	x10,f31,f0	 f31:0x3f800000  f0:0x42800000 x10=0x00000001
     454055.000 ns	     45404	8000926c	180a0e53	fdiv.s	f28,f20,f0	 f20:0x3f7fffae  f0:0x42800000 f28=0x3c36ca4d
     454075.000 ns	     45406	80009270	57b0e493	ori	x9,x1,1403	  x1:0x00000042  x9=0x0000057b
     454085.000 ns	     45407	80009274	41f201b3	sub	x3,x4,x31	  x4:0x1de9f7cb x31:0x00000000  x3=0x1de9f7cb
     454105.000 ns	     45409	80009278	e0021ad3	fclass.s	x21,f4	  f4:0x7f800000 x21=0x00000080
     454125.000 ns	     45411	8000927c	00d91d33	sll	x26,x18,x13	 x18:0x00000000 x13:0xfd8c425c x26=0x00000000
     454485.000 ns	     45447	80009280	02d7d133	divu	x2,x15,x13	 x15:0x00000002 x13:0xfd8c425c  x2=0x00000000
     454515.000 ns	     45450	80009284	02e569b3	rem	x19,x10,x14	 x10:0x00000001 x14:0x00000000 x19=0x00000001
     454535.000 ns	     45452	80009288	00171893	slli	x17,x14,0x1	 x14:0x00000000 x17=0x00000000
     454545.000 ns	     45453	8000928c	a9fb2a97	auipc	x21,0xa9fb2	 x21=0x29fbb28c
     454565.000 ns	     45455	80009290	d00b9fd3	fcvt.s.w	f31,x23	 x23:0x00000000 f31=0x00000000
     454595.000 ns	     45458	80009294	29688653	fmin.s	f12,f17,f22	 f17:0x7fc00000 f22:0x00000000 f12=0x00000000
     454615.000 ns	     45460	80009298	6482a917	auipc	x18,0x6482a	 x18=0xe4833298
     454635.000 ns	     45462	8000929c	02cb86b3	mul	x13,x23,x12	 x23:0x00000000 x12:0xfffffc21 x13=0x00000000
     454665.000 ns	     45465	800092a0	d01afdd3	fcvt.s.wu	f27,x21	 x21:0x29fbb28c f27=0x4e27eeca
     454685.000 ns	     45467	800092a4	099ac713	xori	x14,x21,153	 x21:0x29fbb28c x14=0x29fbb215
     454705.000 ns	     45469	800092a8	f00a0dd3	fmv.w.x	f27,x20	 x20:0x400413ae f27=0x400413ae
     454725.000 ns	     45471	800092ac	018ed513	srli	x10,x29,0x18	 x29:0x90000000 x10=0x00000090
     454735.000 ns	     45472	800092b0	f6877a93	andi	x21,x14,-152	 x14:0x29fbb215 x21=0x29fbb200
     455095.000 ns	     45508	800092b4	032043b3	div	x7,x0,x18	  x0:0x00000000 x18:0xe4833298  x7=0x00000000
     455115.000 ns	     45510	800092b8	40025113	srai	x2,x4,0x0	  x4:0x1de9f7cb  x2=0x1de9f7cb
     455135.000 ns	     45512	800092bc	29c805d3	fmin.s	f11,f16,f28	 f16:0x00000000 f28:0x3c36ca4d f11=0x00000000
     455175.000 ns	     45516	800092c0	18cc75d3	fdiv.s	f11,f24,f12	 f24:0xbf800000 f12:0x00000000 f11=0xff800000
     455195.000 ns	     45518	800092c4	3a5f6c93	ori	x25,x30,933	 x30:0x4004138e x25=0x400413af
     455215.000 ns	     45520	800092c8	e00e0853	fmv.x.w	x16,f28	 f28:0x3c36ca4d x16=0x3c36ca4d
     455245.000 ns	     45523	800092cc	f00a8e53	fmv.w.x	f28,x21	 x21:0x29fbb200 f28=0x29fbb200
     455275.000 ns	     45526	800092d0	c0054ad3	fcvt.w.s	x21,f10	 f10:0x00000002 x21=0x00000000
     455305.000 ns	     45529	800092d4	c00275d3	fcvt.w.s	x11,f4	  f4:0x7f800000 x11=0x7fffffff
     455325.000 ns	     45531	800092d8	00000013	addi	x0,x0,0	  x0:0x00000000
     455335.000 ns	     45532	800092dc	019af5b3	and	x11,x21,x25	 x21:0x00000000 x25:0x400413af x11=0x00000000
     455345.000 ns	     45533	800092e0	00fdb3b3	sltu	x7,x27,x15	 x27:0x1de9f0bc x15:0x00000002  x7=0x00000000
     455355.000 ns	     45534	800092e4	017bcd33	xor	x26,x23,x23	 x23:0x00000000 x23:0x00000000 x26=0x00000000
     455375.000 ns	     45536	800092e8	219bacd3	fsgnjx.s	f25,f23,f25	 f23:0x3f35042a f25:0x80000000 f25=0xbf35042a
     455395.000 ns	     45538	800092ec	03d90713	addi	x14,x18,61	 x18:0xe4833298 x14=0xe48332d5
     455415.000 ns	     45540	800092f0	a1c18553	fle.s	x10,f3,f28	  f3:0x3f800000 f28:0x29fbb200 x10=0x00000000
     455435.000 ns	     45542	800092f4	00193db3	sltu	x27,x18,x1	 x18:0xe4833298  x1:0x00000042 x27=0x00000000
     455795.000 ns	     45578	800092f8	03ee5cb3	divu	x25,x28,x30	 x28:0x80040fe4 x30:0x4004138e x25=0x00000001
     455815.000 ns	     45580	800092fc	86cda093	slti	x1,x27,-1940	 x27:0x1de9f0bc  x1=0x00000000
     455845.000 ns	     45583	80009300	580efad3	fsqrt.s	f21,f29	 f29:0xff800000 f21=0x7fc00000
     455875.000 ns	     45586	80009304	f0038053	fmv.w.x	f0,x7	  x7:0x00000000  f0=0x00000000
     455905.000 ns	     45589	80009308	a06a0cd3	fle.s	x25,f20,f6	 f20:0x3f7fffae  f6:0x7f800000 x25=0x00000001
     455925.000 ns	     45591	8000930c	01bdcc33	xor	x24,x27,x27	 x27:0x00000000 x27:0x00000000 x24=0x00000000
     455935.000 ns	     45592	80009310	0160d693	srli	x13,x1,0x16	  x1:0x00000000 x13=0x00000000
     455955.000 ns	     45594	80009314	030a12b3	mulh	x5,x20,x16	 x20:0x400413ae x16:0x3c36ca4d  x5=0x0f0ea80f
     455975.000 ns	     45596	80009318	019446b3	xor	x13,x8,x25	  x8:0xca800000 x25:0x00000001 x13=0xca800001
     455995.000 ns	     45598	8000931c	c0197ed3	fcvt.wu.s	x29,f18	 f18:0x3f800000 x29=0x00000001
     456365.000 ns	     45635	80009320	02cad133	divu	x2,x21,x12	 x21:0x00000000 x12:0xfffffc21  x2=0x00000000
     456385.000 ns	     45637	80009324	a1e02013	slti	x0,x0,-1506	  x0:0x00000000
     456395.000 ns	     45638	80009328	2963c4b7	lui	x9,0x2963c	  x9=0x2963c000
     456405.000 ns	     45639	8000932c	41f60833	sub	x16,x12,x31	 x12:0xfffffc21 x31:0x00000000 x16=0xfffffc21
     456415.000 ns	     45640	80009330	01d060b3	or	x1,x0,x29	  x0:0x00000000 x29:0x00000001  x1=0x00000001
     456425.000 ns	     45641	80009334	009cd693	srli	x13,x25,0x9	 x25:0x00000001 x13=0x00000000
     456435.000 ns	     45642	80009338	01c5e1b3	or	x3,x11,x28	 x11:0x00000000 x28:0x80040fe4  x3=0x80040fe4
     456445.000 ns	     45643	8000933c	00fb63b3	or	x7,x22,x15	 x22:0x7d905280 x15:0x00000002  x7=0x7d905282
     456485.000 ns	     45647	80009340	09d02053	fsub.s	f0,f0,f29	  f0:0x00000000 f29:0xff800000  f0=0x7f800000
     456515.000 ns	     45650	80009344	c00d7553	fcvt.w.s	x10,f26	 f26:0x42800000 x10=0x00000040
     456545.000 ns	     45653	80009348	03af0ab3	mul	x21,x30,x26	 x30:0x4004138e x26:0x00000000 x21=0x00000000
     456565.000 ns	     45655	8000934c	014ef2b3	and	x5,x29,x20	 x29:0x00000001 x20:0x400413ae  x5=0x00000000
     456575.000 ns	     45656	80009350	7d2d4b93	xori	x23,x26,2002	 x26:0x00000000 x23=0x000007d2
     456585.000 ns	     45657	80009354	3255ea17	auipc	x20,0x3255e	 x20=0xb2567354
     456595.000 ns	     45658	80009358	09cef293	andi	x5,x29,156	 x29:0x00000001  x5=0x00000000
     456615.000 ns	     45660	8000935c	a122a9d3	feq.s	x19,f5,f18	  f5:0x5317eb73 f18:0x3f800000 x19=0x00000000
     456635.000 ns	     45662	80009360	01a8ebb3	or	x23,x17,x26	 x17:0x00000000 x26:0x00000000 x23=0x00000000
     456645.000 ns	     45663	80009364	c8e97193	andi	x3,x18,-882	 x18:0xe4833298  x3=0xe4833088
     456655.000 ns	     45664	80009368	01f97533	and	x10,x18,x31	 x18:0xe4833298 x31:0x00000000 x10=0x00000000
     457015.000 ns	     45700	8000936c	02945db3	divu	x27,x8,x9	  x8:0xca800000  x9:0x2963c000 x27=0x00000004
     457035.000 ns	     45702	80009370	003fd3b3	srl	x7,x31,x3	 x31:0x00000000  x3:0xe4833088  x7=0x00000000
     457045.000 ns	     45703	80009374	40c98bb3	sub	x23,x19,x12	 x19:0x00000000 x12:0xfffffc21 x23=0x000003df
     457065.000 ns	     45705	80009378	28e218d3	fmax.s	f17,f4,f14	  f4:0x7f800000 f14:0x00000000 f17=0x7f800000
     457085.000 ns	     45707	8000937c	b2d3a713	slti	x14,x7,-1235	  x7:0x00000000 x14=0x00000000
     457445.000 ns	     45743	80009380	02f54933	div	x18,x10,x15	 x10:0x00000000 x15:0x00000002 x18=0x00000000
     457495.000 ns	     45748	80009384	00cf4653	fadd.s	f12,f30,f12	 f30:0x45024000 f12:0x00000000 f12=0x45024000
     457865.000 ns	     45785	80009388	03c74a33	div	x20,x14,x28	 x14:0x00000000 x28:0x80040fe4 x20=0x00000000
     457895.000 ns	     45788	8000938c	a1cb9453	flt.s	x8,f23,f28	 f23:0x3f35042a f28:0x29fbb200  x8=0x00000000
     457935.000 ns	     45792	80009390	10d20cd3	fmul.s	f25,f4,f13	  f4:0x7f800000 f13:0x42800000 f25=0x7f800000
     457955.000 ns	     45794	80009394	002218b3	sll	x17,x4,x2	  x4:0x1de9f7cb  x2:0x00000000 x17=0x1de9f7cb
     457965.000 ns	     45795	80009398	9646ce93	xori	x29,x13,-1692	 x13:0x00000000 x29=0xfffff964
     458005.000 ns	     45799	8000939c	01fdacd3	fadd.s	f25,f27,f31	 f27:0x400413ae f31:0x00000000 f25=0x400413ae
     458035.000 ns	     45802	800093a0	a1c9a053	feq.s	x0,f19,f28	 f19:0x4317eb75 f28:0x29fbb200
     458055.000 ns	     45804	800093a4	00000013	addi	x0,x0,0	  x0:0x00000000
     458065.000 ns	     45805	800093a8	8310f193	andi	x3,x1,-1999	  x1:0x00000001  x3=0x00000001
     458075.000 ns	     45806	800093ac	40c08433	sub	x8,x1,x12	  x1:0x00000001 x12:0xfffffc21  x8=0x000003e0
     458105.000 ns	     45809	800093b0	1010b3d3	fmul.s	f7,f1,f1	  f1:0x00000000  f1:0x00000000  f7=0x00000000
     458135.000 ns	     45812	800093b4	a1032853	feq.s	x16,f6,f16	  f6:0x7f800000 f16:0x00000000 x16=0x00000000
     458165.000 ns	     45815	800093b8	d0127cd3	fcvt.s.wu	f25,x4	  x4:0x1de9f7cb f25=0x4def4fbe
     458185.000 ns	     45817	800093bc	21bbaf13	slti	x30,x23,539	 x23:0x000003df x30=0x00000000
     458195.000 ns	     45818	800093c0	36cfacb7	lui	x25,0x36cfa	 x25=0x36cfa000
     458215.000 ns	     45820	800093c4	02298433	mul	x8,x19,x2	 x19:0x00000000  x2:0x00000000  x8=0x00000000
     458265.000 ns	     45825	800093c8	0958ba53	fsub.s	f20,f17,f21	 f17:0x7f800000 f21:0x7fc00000 f20=0x7fc00000
     458285.000 ns	     45827	800093cc	5c8a8593	addi	x11,x21,1480	 x21:0x00000000 x11=0x000005c8
     458305.000 ns	     45829	800093d0	e00489d3	fmv.x.w	x19,f9	  f9:0x80000000 x19=0x80000000
     458325.000 ns	     45831	800093d4	008d7b33	and	x22,x26,x8	 x26:0x00000000  x8:0x00000000 x22=0x00000000
     458335.000 ns	     45832	800093d8	010f8033	add	x0,x31,x16	 x31:0x00000000 x16:0x00000000
     458365.000 ns	     45835	800093dc	1108f653	fmul.s	f12,f17,f16	 f17:0x7f800000 f16:0x00000000 f12=0x7fc00000
     458415.000 ns	     45840	800093e0	01e07053	fadd.s	f0,f0,f30	  f0:0x7f800000 f30:0x45024000  f0=0x7f800000
     458435.000 ns	     45842	800093e4	41470d33	sub	x26,x14,x20	 x14:0x00000000 x20:0x00000000 x26=0x00000000
     458445.000 ns	     45843	800093e8	00151213	slli	x4,x10,0x1	 x10:0x00000000  x4=0x00000000
     458455.000 ns	     45844	800093ec	29d290b7	lui	x1,0x29d29	  x1=0x29d29000
     458465.000 ns	     45845	800093f0	40065d93	srai	x27,x12,0x0	 x12:0xfffffc21 x27=0xfffffc21
     458475.000 ns	     45846	800093f4	400e5813	srai	x16,x28,0x0	 x28:0x80040fe4 x16=0x80040fe4
     458485.000 ns	     45847	800093f8	011f8fb3	add	x31,x31,x17	 x31:0x00000000 x17:0x1de9f7cb x31=0x1de9f7cb
     458495.000 ns	     45848	800093fc	3d006c93	ori	x25,x0,976	  x0:0x00000000 x25=0x000003d0
     458505.000 ns	     45849	80009400	ffbd3a93	sltiu	x21,x26,-5	 x26:0x00000000 x21=0x00000001
     458525.000 ns	     45851	80009404	02bc2c33	mulhsu	x24,x24,x11	 x24:0x00000000 x11:0x000005c8 x24=0x00000000
     458545.000 ns	     45853	80009408	4057d233	sra	x4,x15,x5	 x15:0x00000002  x5:0x00000000  x4=0x00000002
     458565.000 ns	     45855	8000940c	027a83b3	mul	x7,x21,x7	 x21:0x00000001  x7:0x00000000  x7=0x00000000
     458585.000 ns	     45857	80009410	a32aec93	ori	x25,x21,-1486	 x21:0x00000001 x25=0xfffffa33
     458605.000 ns	     45859	80009414	03ed7733	remu	x14,x26,x30	 x26:0x00000000 x30:0x00000000 x14=0x00000000
     458635.000 ns	     45862	80009418	c01c7953	fcvt.wu.s	x18,f24	 f24:0xbf800000 x18=0x00000001
     458665.000 ns	     45865	8000941c	298a0bd3	fmin.s	f23,f20,f24	 f20:0x7fc00000 f24:0xbf800000 f23=0xbf800000
     459035.000 ns	     45902	80009420	03297cb3	remu	x25,x18,x18	 x18:0x00000001 x18:0x00000001 x25=0x00000000
     459055.000 ns	     45904	80009424	01f75413	srli	x8,x14,0x1f	 x14:0x00000000  x8=0x00000000
     459085.000 ns	     45907	80009428	11c07c53	fmul.s	f24,f0,f28	  f0:0x7f800000 f28:0x29fbb200 f24=0x7f800000
     459105.000 ns	     45909	8000942c	698e7813	andi	x16,x28,1688	 x28:0x80040fe4 x16=0x00000680
     459115.000 ns	     45910	80009430	bbb0d097	auipc	x1,0xbbb0d	  x1=0x3bb16430
     459125.000 ns	     45911	80009434	01c1eb33	or	x22,x3,x28	  x3:0x00000001 x28:0x80040fe4 x22=0x80040fe5
     459145.000 ns	     45913	80009438	a1001153	flt.s	x2,f0,f16	  f0:0x7f800000 f16:0x00000000  x2=0x00000000
     459165.000 ns	     45915	8000943c	0fe1b013	sltiu	x0,x3,254	  x3:0x00000001
     459185.000 ns	     45917	80009440	d01af653	fcvt.s.wu	f12,x21	 x21:0x00000001 f12=0x3f800000
     459205.000 ns	     45919	80009444	41078cb3	sub	x25,x15,x16	 x15:0x00000002 x16:0x00000680 x25=0xfffff982
     459225.000 ns	     45921	80009448	02128fb3	mul	x31,x5,x1	  x5:0x00000000  x1:0x3bb16430 x31=0x00000000
     459245.000 ns	     45923	8000944c	50c03513	sltiu	x10,x0,1292	  x0:0x00000000 x10=0x00000001
     459265.000 ns	     45925	80009450	03070933	mul	x18,x14,x16	 x14:0x00000000 x16:0x00000680 x18=0x00000000
     459295.000 ns	     45928	80009454	f00506d3	fmv.w.x	f13,x10	 x10:0x00000000 f13=0x00000001
     459325.000 ns	     45931	80009458	c0020553	fcvt.w.s	x10,f4	  f4:0x7f800000 x10=0x7fffffff
     459355.000 ns	     45934	8000945c	288680d3	fmin.s	f1,f13,f8	 f13:0x00000001  f8:0x3f800000  f1=0x00000001
     459385.000 ns	     45937	80009460	a1b406d3	fle.s	x13,f8,f27	  f8:0x3f800000 f27:0x400413ae x13=0x00000001
     459415.000 ns	     45940	80009464	a09c0ed3	fle.s	x29,f24,f9	 f24:0x7f800000  f9:0x80000000 x29=0x00000000
     459445.000 ns	     45943	80009468	02e231b3	mulhu	x3,x4,x14	  x4:0x00000002 x14:0x00000000  x3=0x00000000
     459465.000 ns	     45945	8000946c	016032b3	sltu	x5,x0,x22	  x0:0x00000000 x22:0x80040fe5  x5=0x00000001
     459475.000 ns	     45946	80009470	00ad6fb3	or	x31,x26,x10	 x26:0x00000000 x10:0x7fffffff x31=0x7fffffff
     459485.000 ns	     45947	80009474	01a21613	slli	x12,x4,0x1a	  x4:0x00000002 x12=0x08000000
     459505.000 ns	     45949	80009478	f00c80d3	fmv.w.x	f1,x25	 x25:0xfffff982  f1=0xfffff982
     459535.000 ns	     45952	8000947c	21ff0953	fsgnj.s	f18,f30,f31	 f30:0x45024000 f31:0x00000000 f18=0x45024000
     459555.000 ns	     45954	80009480	01329413	slli	x8,x5,0x13	  x5:0x00000001  x8=0x00080000
     459575.000 ns	     45956	80009484	c00ffad3	fcvt.w.s	x21,f31	 f31:0x00000000 x21=0x00000000
     459945.000 ns	     45993	80009488	03385833	divu	x16,x16,x19	 x16:0x00000680 x19:0x80000000 x16=0x00000000
     459975.000 ns	     45996	8000948c	d00d39d3	fcvt.s.w	f19,x26	 x26:0x00000000 f19=0x00000000
     459995.000 ns	     45998	80009490	019e14b3	sll	x9,x28,x25	 x28:0x80040fe4 x25:0xfffff982  x9=0x00103f90
     460015.000 ns	     46000	80009494	a17800d3	fle.s	x1,f16,f23	 f16:0x00000000 f23:0xbf800000  x1=0x00000000
     460035.000 ns	     46002	80009498	01f30db3	add	x27,x6,x31	  x6:0x80041024 x31:0x7fffffff x27=0x00041023
     460055.000 ns	     46004	8000949c	a196a5d3	feq.s	x11,f13,f25	 f13:0x00000001 f25:0x4def4fbe x11=0x00000000
     460075.000 ns	     46006	800094a0	00e010b3	sll	x1,x0,x14	  x0:0x00000000 x14:0x00000000  x1=0x00000000
     460435.000 ns	     46042	800094a4	024cf9b3	remu	x19,x25,x4	 x25:0xfffff982  x4:0x00000002 x19=0x00000000
     460485.000 ns	     46047	800094a8	013eb4d3	fadd.s	f9,f29,f19	 f29:0xff800000 f19:0x00000000  f9=0xff800000
     460515.000 ns	     46050	800094ac	21f51bd3	fsgnjn.s	f23,f10,f31	 f10:0x00000002 f31:0x00000000 f23=0x80000002
     460535.000 ns	     46052	800094b0	c40a6713	ori	x14,x20,-960	 x20:0x00000000 x14=0xfffffc40
     460555.000 ns	     46054	800094b4	200680d3	fsgnj.s	f1,f13,f0	 f13:0x00000001  f0:0x7f800000  f1=0x00000001
     460575.000 ns	     46056	800094b8	009b1713	slli	x14,x22,0x9	 x22:0x80040fe5 x14=0x081fca00
     460585.000 ns	     46057	800094bc	01458f33	add	x30,x11,x20	 x11:0x00000000 x20:0x00000000 x30=0x00000000
     460605.000 ns	     46059	800094c0	21290bd3	fsgnj.s	f23,f18,f18	 f18:0x45024000 f18:0x45024000 f23=0x45024000
     460635.000 ns	     46062	800094c4	21d18a53	fsgnj.s	f20,f3,f29	  f3:0x3f800000 f29:0xff800000 f20=0xbf800000
     460655.000 ns	     46064	800094c8	00155d93	srli	x27,x10,0x1	 x10:0x7fffffff x27=0x3fffffff
     460665.000 ns	     46065	800094cc	0037f3b3	and	x7,x15,x3	 x15:0x00000002  x3:0x00000000  x7=0x00000000
     460675.000 ns	     46066	800094d0	1ab4b013	sltiu	x0,x9,427	  x9:0x00103f90
     460685.000 ns	     46067	800094d4	00419bb3	sll	x23,x3,x4	  x3:0x00000000  x4:0x00000002 x23=0x00000000
     460695.000 ns	     46068	800094d8	216d8297	auipc	x5,0x216d8	  x5=0xa16e14d8
     460705.000 ns	     46069	800094dc	00f9c1b3	xor	x3,x19,x15	 x19:0x00000000 x15:0x00000002  x3=0x00000002
     460725.000 ns	     46071	800094e0	a12c86d3	fle.s	x13,f25,f18	 f25:0x4def4fbe f18:0x45024000 x13=0x00000000
     460755.000 ns	     46074	800094e4	e00b1653	fclass.s	x12,f22	 f22:0x00000000 x12=0x00000010
     460785.000 ns	     46077	800094e8	29778553	fmin.s	f10,f15,f23	 f15:0x00000002 f23:0x45024000 f10=0x00000002
     460815.000 ns	     46080	800094ec	e00a84d3	fmv.x.w	x9,f21	 f21:0x7fc00000  x9=0x7fc00000
     460835.000 ns	     46082	800094f0	41fa5eb3	sra	x29,x20,x31	 x20:0x00000000 x31:0x7fffffff x29=0x00000000
     460845.000 ns	     46083	800094f4	00adef33	or	x30,x27,x10	 x27:0x3fffffff x10:0x7fffffff x30=0x7fffffff
     460885.000 ns	     46087	800094f8	005e0753	fadd.s	f14,f28,f5	 f28:0x29fbb200  f5:0x5317eb73 f14=0x5317eb73
     460905.000 ns	     46089	800094fc	01b28fb3	add	x31,x5,x27	  x5:0xa16e14d8 x27:0x3fffffff x31=0xe16e14d7
     461265.000 ns	     46125	80009500	02a76133	rem	x2,x14,x10	 x14:0x081fca00 x10:0x7fffffff  x2=0x081fca00
     461285.000 ns	     46127	80009504	0065f033	and	x0,x11,x6	 x11:0x00000000  x6:0x80041024
     461305.000 ns	     46129	80009508	d01173d3	fcvt.s.wu	f7,x2	  x2:0x081fca00  f7=0x4d01fca0
     461325.000 ns	     46131	8000950c	5871b217	auipc	x4,0x5871b	  x4=0xd872450c
     461345.000 ns	     46133	80009510	03fea533	mulhsu	x10,x29,x31	 x29:0x00000000 x31:0xe16e14d7 x10=0x00000000
     461365.000 ns	     46135	80009514	00c753b3	srl	x7,x14,x12	 x14:0x081fca00 x12:0x00000010  x7=0x0000081f
     461385.000 ns	     46137	80009518	20bc85d3	fsgnj.s	f11,f25,f11	 f25:0x4def4fbe f11:0xff800000 f11=0xcdef4fbe
     461415.000 ns	     46140	8000951c	e0031153	fclass.s	x2,f6	  f6:0x7f800000  x2=0x00000080
     461445.000 ns	     46143	80009520	d0177553	fcvt.s.wu	f10,x14	 x14:0x081fca00 f10=0x4d01fca0
     461475.000 ns	     46146	80009524	21491f53	fsgnjn.s	f30,f18,f20	 f18:0x45024000 f20:0xbf800000 f30=0x45024000
     461505.000 ns	     46149	80009528	f00782d3	fmv.w.x	f5,x15	 x15:0x00000002  f5=0x00000002
     461535.000 ns	     46152	8000952c	03de4433	div	x8,x28,x29	 x28:0x80040fe4 x29:0x00000000  x8=0xffffffff
     461565.000 ns	     46155	80009530	d00a3253	fcvt.s.w	f4,x20	 x20:0x00000000  f4=0x00000000
     461905.000 ns	     46189	80009534	18b67553	fdiv.s	f10,f12,f11	 f12:0x3f800000 f11:0xcdef4fbe f10=0xb1000000
     461925.000 ns	     46191	80009538	01bc12b3	sll	x5,x24,x27	 x24:0x00000000 x27:0x3fffffff  x5=0x00000000
     461955.000 ns	     46194	8000953c	101cfe53	fmul.s	f28,f25,f1	 f25:0x4def4fbe  f1:0x00000001 f28=0x036f4fbf
     461985.000 ns	     46197	80009540	a1de1a53	flt.s	x20,f28,f29	 f28:0x29fbb200 f29:0xff800000 x20=0x00000000
     462005.000 ns	     46199	80009544	009500b3	add	x1,x10,x9	 x10:0x00000000  x9:0x7fc00000  x1=0x7fc00000
     462035.000 ns	     46202	80009548	10697ed3	fmul.s	f29,f18,f6	 f18:0x45024000  f6:0x7f800000 f29=0x7f800000
     462065.000 ns	     46205	8000954c	a0439853	flt.s	x16,f7,f4	  f7:0x4d01fca0  f4:0x00000000 x16=0x00000000
     462085.000 ns	     46207	80009550	5a2fca13	xori	x20,x31,1442	 x31:0xe16e14d7 x20=0xe16e1175
     462095.000 ns	     46208	80009554	00000013	addi	x0,x0,0	  x0:0x00000000
     462115.000 ns	     46210	80009558	c0017653	fcvt.w.s	x12,f2	  f2:0x7f800000 x12=0x7fffffff
     462145.000 ns	     46213	8000955c	03291a33	mulh	x20,x18,x18	 x18:0x00000000 x18:0x00000000 x20=0x00000000
     462185.000 ns	     46217	80009560	1889fa53	fdiv.s	f20,f19,f8	 f19:0x00000000  f8:0x3f800000 f20=0x00000000
     462205.000 ns	     46219	80009564	0114feb3	and	x29,x9,x17	  x9:0x7fc00000 x17:0x1de9f7cb x29=0x1dc00000
     462225.000 ns	     46221	80009568	c0073c53	fcvt.w.s	x24,f14	 f14:0x5317eb73 x24=0x7fffffff
     462245.000 ns	     46223	8000956c	412cdab3	sra	x21,x25,x18	 x25:0xfffff982 x18:0x00000000 x21=0xfffff982
     462265.000 ns	     46225	80009570	f0078853	fmv.w.x	f16,x15	 x15:0x00000002 f16=0x00000002
     462285.000 ns	     46227	80009574	00f182b3	add	x5,x3,x15	  x3:0x00000002 x15:0x00000002  x5=0x00000004
     462305.000 ns	     46229	80009578	e0069253	fclass.s	x4,f13	 f13:0x00000001  x4=0x00000020
     462325.000 ns	     46231	8000957c	df973013	sltiu	x0,x14,-519	 x14:0x081fca00
     462345.000 ns	     46233	80009580	20588153	fsgnj.s	f2,f17,f5	 f17:0x7f800000  f5:0x00000002  f2=0x7f800000
     462365.000 ns	     46235	80009584	89a6b297	auipc	x5,0x89a6b	  x5=0x09a74584
     462385.000 ns	     46237	80009588	032dc933	div	x18,x27,x18	 x27:0x3fffffff x18:0x00000000 x18=0xffffffff
     462405.000 ns	     46239	8000958c	013efb33	and	x22,x29,x19	 x29:0x1dc00000 x19:0x00000000 x22=0x00000000
     462415.000 ns	     46240	80009590	354d7393	andi	x7,x26,852	 x26:0x00000000  x7=0x00000000
     462455.000 ns	     46244	80009594	017cf653	fadd.s	f12,f25,f23	 f25:0x4def4fbe f23:0x45024000 f12=0x4def4fff
     462825.000 ns	     46281	80009598	03bb43b3	div	x7,x22,x27	 x22:0x00000000 x27:0x3fffffff  x7=0x00000000
     462855.000 ns	     46284	8000959c	d01541d3	fcvt.s.wu	f3,x10	 x10:0x00000000  f3=0x00000000
     463195.000 ns	     46318	800095a0	1972f553	fdiv.s	f10,f5,f23	  f5:0x00000002 f23:0x45024000 f10=0x00000000
     463225.000 ns	     46321	800095a4	e00a1953	fclass.s	x18,f20	 f20:0x00000000 x18=0x00000010
     463255.000 ns	     46324	800095a8	a10da6d3	feq.s	x13,f27,f16	 f27:0x400413ae f16:0x00000002 x13=0x00000000
     463275.000 ns	     46326	800095ac	d9844893	xori	x17,x8,-616	  x8:0xffffffff x17=0x00000267
     463295.000 ns	     46328	800095b0	21cba253	fsgnjx.s	f4,f23,f28	 f23:0x45024000 f28:0x036f4fbf  f4=0x45024000
     463345.000 ns	     46333	800095b4	089539d3	fsub.s	f19,f10,f9	 f10:0x00000000  f9:0xff800000 f19=0x7f800000
     463395.000 ns	     46338	800095b8	086a7353	fsub.s	f6,f20,f6	 f20:0x00000000  f6:0x7f800000  f6=0xff800000
     463765.000 ns	     46375	800095bc	02884ab3	div	x21,x16,x8	 x16:0x00000000  x8:0xffffffff x21=0x00000000
     463795.000 ns	     46378	800095c0	28fc19d3	fmax.s	f19,f24,f15	 f24:0x7f800000 f15:0x00000002 f19=0x7f800000
     463825.000 ns	     46381	800095c4	f00d0e53	fmv.w.x	f28,x26	 x26:0x00000000 f28=0x00000000
     463845.000 ns	     46383	800095c8	4a76c917	auipc	x18,0x4a76c	 x18=0xca7755c8
     464205.000 ns	     46419	800095cc	025ef9b3	remu	x19,x29,x5	 x29:0x1dc00000  x5:0x09a74584 x19=0x00ca2f74
     464235.000 ns	     46422	800095d0	030390b3	mulh	x1,x7,x16	  x7:0x00000000 x16:0x00000000  x1=0x00000000
     464265.000 ns	     46425	800095d4	201eabd3	fsgnjx.s	f23,f29,f1	 f29:0x7f800000  f1:0x00000001 f23=0x7f800000
     464295.000 ns	     46428	800095d8	a11c8853	fle.s	x16,f25,f17	 f25:0x4def4fbe f17:0x7f800000 x16=0x00000001
     464325.000 ns	     46431	800095dc	214b9c53	fsgnjn.s	f24,f23,f20	 f23:0x7f800000 f20:0x00000000 f24=0xff800000
     464355.000 ns	     46434	800095e0	21332cd3	fsgnjx.s	f25,f6,f19	  f6:0xff800000 f19:0x7f800000 f25=0xff800000
     464385.000 ns	     46437	800095e4	e0000053	fmv.x.w	x0,f0	  f0:0x7f800000
     464415.000 ns	     46440	800095e8	21e20853	fsgnj.s	f16,f4,f30	  f4:0x45024000 f30:0x45024000 f16=0x45024000
     464435.000 ns	     46442	800095ec	010260b3	or	x1,x4,x16	  x4:0x00000020 x16:0x00000001  x1=0x00000021
     464445.000 ns	     46443	800095f0	40c6db93	srai	x23,x13,0xc	 x13:0x00000000 x23=0x00000000
     464485.000 ns	     46447	800095f4	01c57d53	fadd.s	f26,f10,f28	 f10:0x00000000 f28:0x00000000 f26=0x00000000
     464855.000 ns	     46484	800095f8	031868b3	rem	x17,x16,x17	 x16:0x00000001 x17:0x00000267 x17=0x00000001
     464905.000 ns	     46489	800095fc	00127a53	fadd.s	f20,f4,f1	  f4:0x45024000  f1:0x00000001 f20=0x45024000
     464935.000 ns	     46492	80009600	0377bc33	mulhu	x24,x15,x23	 x15:0x00000002 x23:0x00000000 x24=0x00000000
     464955.000 ns	     46494	80009604	27a27c13	andi	x24,x4,634	  x4:0x00000020 x24=0x00000020
     464975.000 ns	     46496	80009608	d0027653	fcvt.s.w	f12,x4	  x4:0x00000020 f12=0x42000000
     464995.000 ns	     46498	8000960c	005a2833	slt	x16,x20,x5	 x20:0x00000000  x5:0x09a74584 x16=0x00000001
     465025.000 ns	     46501	80009610	18fa8cd3	fdiv.s	f25,f21,f15	 f21:0x7fc00000 f15:0x00000002 f25=0x7fc00000
     465055.000 ns	     46504	80009614	e0059f53	fclass.s	x30,f11	 f11:0xcdef4fbe x30=0x00000002
     465085.000 ns	     46507	80009618	03300433	mul	x8,x0,x19	  x0:0x00000000 x19:0x00ca2f74  x8=0x00000000
     465115.000 ns	     46510	8000961c	03f420b3	mulhsu	x1,x8,x31	  x8:0xffffffff x31:0xe16e14d7  x1=0x00000000
     465145.000 ns	     46513	80009620	d013ffd3	fcvt.s.wu	f31,x7	  x7:0x00000000 f31=0x00000000
     465165.000 ns	     46515	80009624	00b4d233	srl	x4,x9,x11	  x9:0x7fc00000 x11:0x00000000  x4=0x7fc00000
     465175.000 ns	     46516	80009628	ebb4a717	auipc	x14,0xebb4a	 x14=0x6bb53628
     465195.000 ns	     46518	8000962c	024aacb3	mulhsu	x25,x21,x4	 x21:0x00000000  x4:0x00000020 x25=0x00000000
     465215.000 ns	     46520	80009630	15d4b737	lui	x14,0x15d4b	 x14=0x15d4b000
     465225.000 ns	     46521	80009634	559df193	andi	x3,x27,1369	 x27:0x3fffffff  x3=0x00000559
     465245.000 ns	     46523	80009638	20c22e53	fsgnjx.s	f28,f4,f12	  f4:0x45024000 f12:0x42000000 f28=0x45024000
     465275.000 ns	     46526	8000963c	201b2d53	fsgnjx.s	f26,f22,f1	 f22:0x00000000  f1:0x00000001 f26=0x00000000
     465305.000 ns	     46529	80009640	e0061a53	fclass.s	x20,f12	 f12:0x42000000 x20=0x00000040
     465325.000 ns	     46531	80009644	4d958493	addi	x9,x11,1241	 x11:0x00000000  x9=0x000004d9
     465345.000 ns	     46533	80009648	c01b7653	fcvt.wu.s	x12,f22	 f22:0x00000000 x12=0x00000000
     465375.000 ns	     46536	8000964c	f0048253	fmv.w.x	f4,x9	  x9:0x7fc00000  f4=0x000004d9
     465405.000 ns	     46539	80009650	29e001d3	fmin.s	f3,f0,f30	  f0:0x7f800000 f30:0x45024000  f3=0x45024000
     465435.000 ns	     46542	80009654	a0990a53	fle.s	x20,f18,f9	 f18:0x45024000  f9:0xff800000 x20=0x00000000
     465465.000 ns	     46545	80009658	03411533	mulh	x10,x2,x20	  x2:0x00000080 x20:0x00000040 x10=0x00000000
     465495.000 ns	     46548	8000965c	0382b233	mulhu	x4,x5,x24	  x5:0x09a74584 x24:0x00000020  x4=0x00000001
     465525.000 ns	     46551	80009660	e0041cd3	fclass.s	x25,f8	  f8:0x3f800000 x25=0x00000040
     465545.000 ns	     46553	80009664	004e5eb3	srl	x29,x28,x4	 x28:0x80040fe4  x4:0x00000001 x29=0x400207f2
     465585.000 ns	     46557	80009668	09d42dd3	fsub.s	f27,f8,f29	  f8:0x3f800000 f29:0x7f800000 f27=0xff800000
     465615.000 ns	     46560	8000966c	c013b553	fcvt.wu.s	x10,f7	  f7:0x4d01fca0 x10=0x081fca00
     465645.000 ns	     46563	80009670	212f82d3	fsgnj.s	f5,f31,f18	 f31:0x00000000 f18:0x45024000  f5=0x00000000
     465665.000 ns	     46565	80009674	01098133	add	x2,x19,x16	 x19:0x00ca2f74 x16:0x00000001  x2=0x00ca2f75
     465675.000 ns	     46566	80009678	002bff33	and	x30,x23,x2	 x23:0x00000000  x2:0x00000080 x30=0x00000000
     465685.000 ns	     46567	8000967c	475d8413	addi	x8,x27,1141	 x27:0x3fffffff  x8=0x40000474
     465695.000 ns	     46568	80009680	0046d113	srli	x2,x13,0x4	 x13:0x00000000  x2=0x00000000
     465705.000 ns	     46569	80009684	00f65d93	srli	x27,x12,0xf	 x12:0x00000000 x27=0x00000000
     465735.000 ns	     46572	80009688	191673d3	fdiv.s	f7,f12,f17	 f12:0x42000000 f17:0x7f800000  f7=0x00000000
     465755.000 ns	     46574	8000968c	57cc0d13	addi	x26,x24,1404	 x24:0x00000020 x26=0x0000059c
     465775.000 ns	     46576	80009690	c015a553	fcvt.wu.s	x10,f11	 f11:0xcdef4fbe x10=0x1de9f7c0
     465795.000 ns	     46578	80009694	0069b6b3	sltu	x13,x19,x6	 x19:0x00ca2f74  x6:0x80041024 x13=0x00000001
     465805.000 ns	     46579	80009698	26abc637	lui	x12,0x26abc	 x12=0x26abc000
     465815.000 ns	     46580	8000969c	00000013	addi	x0,x0,0	  x0:0x00000000
     465835.000 ns	     46582	800096a0	281018d3	fmax.s	f17,f0,f1	  f0:0x7f800000  f1:0x00000001 f17=0x7f800000
     465855.000 ns	     46584	800096a4	40c7d713	srai	x14,x15,0xc	 x15:0x00000002 x14=0x00000000
     465875.000 ns	     46586	800096a8	026d2633	mulhsu	x12,x26,x6	 x26:0x0000059c  x6:0x80041024 x12=0x000002ce
     465895.000 ns	     46588	800096ac	dd30b593	sltiu	x11,x1,-557	  x1:0x00000000 x11=0x00000001
     465905.000 ns	     46589	800096b0	013aabb3	slt	x23,x21,x19	 x21:0x00000000 x19:0x00ca2f74 x23=0x00000001
     465915.000 ns	     46590	800096b4	01f63a33	sltu	x20,x12,x31	 x12:0x000002ce x31:0xe16e14d7 x20=0x00000001
     465935.000 ns	     46592	800096b8	29f89953	fmax.s	f18,f17,f31	 f17:0x7f800000 f31:0x00000000 f18=0x7f800000
     465955.000 ns	     46594	800096bc	01fafbb3	and	x23,x21,x31	 x21:0x00000000 x31:0xe16e14d7 x23=0x00000000
     465965.000 ns	     46595	800096c0	0057a0b3	slt	x1,x15,x5	 x15:0x00000002  x5:0x09a74584  x1=0x00000001
     465975.000 ns	     46596	800096c4	105ef693	andi	x13,x29,261	 x29:0x400207f2 x13=0x00000100
     466335.000 ns	     46632	800096c8	03c4c6b3	div	x13,x9,x28	  x9:0x000004d9 x28:0x80040fe4 x13=0x00000000
     466365.000 ns	     46635	800096cc	02293fb3	mulhu	x31,x18,x2	 x18:0xca7755c8  x2:0x00000000 x31=0x00000000
     466395.000 ns	     46638	800096d0	21e38f53	fsgnj.s	f30,f7,f30	  f7:0x00000000 f30:0x45024000 f30=0x00000000
     466415.000 ns	     46640	800096d4	000d1913	slli	x18,x26,0x0	 x26:0x0000059c x18=0x0000059c
     466425.000 ns	     46641	800096d8	00b90fb3	add	x31,x18,x11	 x18:0xca7755c8 x11:0x00000001 x31=0x0000059d
     466445.000 ns	     46643	800096dc	200c8153	fsgnj.s	f2,f25,f0	 f25:0x7fc00000  f0:0x7f800000  f2=0x7fc00000
     466465.000 ns	     46645	800096e0	a0e9b393	sltiu	x7,x19,-1522	 x19:0x00ca2f74  x7=0x00000001
     466475.000 ns	     46646	800096e4	00fe5d93	srli	x27,x28,0xf	 x28:0x80040fe4 x27=0x00010008
     466485.000 ns	     46647	800096e8	301e2f13	slti	x30,x28,769	 x28:0x80040fe4 x30=0x00000001
     466515.000 ns	     46650	800096ec	18e973d3	fdiv.s	f7,f18,f14	 f18:0x7f800000 f14:0x5317eb73  f7=0x7f800000
     466535.000 ns	     46652	800096f0	01931433	sll	x8,x6,x25	  x6:0x80041024 x25:0x00000040  x8=0x80041024
     466545.000 ns	     46653	800096f4	00195113	srli	x2,x18,0x1	 x18:0x0000059c  x2=0x000002ce
     466585.000 ns	     46657	800096f8	0111b553	fadd.s	f10,f3,f17	  f3:0x45024000 f17:0x7f800000 f10=0x7f800000
     466605.000 ns	     46659	800096fc	82db4c13	xori	x24,x22,-2003	 x22:0x00000000 x24=0xfffff82d
     466625.000 ns	     46661	80009700	a0ae0653	fle.s	x12,f28,f10	 f28:0x45024000 f10:0x7f800000 x12=0x00000001
     466645.000 ns	     46663	80009704	010b1733	sll	x14,x22,x16	 x22:0x00000000 x16:0x00000001 x14=0x00000000
     466655.000 ns	     46664	80009708	010050b3	srl	x1,x0,x16	  x0:0x00000000 x16:0x00000001  x1=0x00000000
     466665.000 ns	     46665	8000970c	01dcfcb3	and	x25,x25,x29	 x25:0x00000040 x29:0x400207f2 x25=0x00000040
     466685.000 ns	     46667	80009710	28708f53	fmin.s	f30,f1,f7	  f1:0x00000001  f7:0x7f800000 f30=0x00000001
     466715.000 ns	     46670	80009714	a0428b53	fle.s	x22,f5,f4	  f5:0x00000000  f4:0x000004d9 x22=0x00000001
     466745.000 ns	     46673	80009718	c00d4453	fcvt.w.s	x8,f26	 f26:0x00000000  x8=0x00000000
     466775.000 ns	     46676	8000971c	a0dd0cd3	fle.s	x25,f26,f13	 f26:0x00000000 f13:0x00000001 x25=0x00000001
     466795.000 ns	     46678	80009720	01814b33	xor	x22,x2,x24	  x2:0x000002ce x24:0xfffff82d x22=0xfffffae3
     466805.000 ns	     46679	80009724	54aff137	lui	x2,0x54aff	  x2=0x54aff000
     466815.000 ns	     46680	80009728	f6c1e537	lui	x10,0xf6c1e	 x10=0xf6c1e000
     466825.000 ns	     46681	8000972c	006a9d93	slli	x27,x21,0x6	 x21:0x00000000 x27=0x00000000
     466845.000 ns	     46683	80009730	035f3833	mulhu	x16,x30,x21	 x30:0x00000001 x21:0x00000000 x16=0x00000000
     466875.000 ns	     46686	80009734	c01da6d3	fcvt.wu.s	x13,f27	 f27:0xff800000 x13=0x00000000
     466895.000 ns	     46688	80009738	0191d093	srli	x1,x3,0x19	  x3:0x00000559  x1=0x00000000
     466935.000 ns	     46692	8000973c	09b21ed3	fsub.s	f29,f4,f27	  f4:0x000004d9 f27:0xff800000 f29=0x7f800000
     466965.000 ns	     46695	80009740	d0004153	fcvt.s.w	f2,x0	  x0:0x00000000  f2=0x00000000
     466995.000 ns	     46698	80009744	02799d33	mulh	x26,x19,x7	 x19:0x00ca2f74  x7:0x00000001 x26=0x00000000
     467015.000 ns	     46700	80009748	41bfd733	sra	x14,x31,x27	 x31:0x0000059d x27:0x00000000 x14=0x0000059d
     467025.000 ns	     46701	8000974c	00332a33	slt	x20,x6,x3	  x6:0x80041024  x3:0x00000559 x20=0x00000001
     467035.000 ns	     46702	80009750	41a55433	sra	x8,x10,x26	 x10:0xf6c1e000 x26:0x00000000  x8=0xf6c1e000
     467045.000 ns	     46703	80009754	3cb80a93	addi	x21,x16,971	 x16:0x00000000 x21=0x000003cb
     467065.000 ns	     46705	80009758	a1018c53	fle.s	x24,f3,f16	  f3:0x45024000 f16:0x45024000 x24=0x00000001
     467085.000 ns	     46707	8000975c	01771913	slli	x18,x14,0x17	 x14:0x0000059d x18=0xce800000
     467095.000 ns	     46708	80009760	406180b3	sub	x1,x3,x6	  x3:0x00000559  x6:0x80041024  x1=0x7ffbf535
     467105.000 ns	     46709	80009764	b865e997	auipc	x19,0xb865e	 x19=0x38667764
     467115.000 ns	     46710	80009768	6e94f737	lui	x14,0x6e94f	 x14=0x6e94f000
     467135.000 ns	     46712	8000976c	02b73933	mulhu	x18,x14,x11	 x14:0x0000059d x11:0x00000001 x18=0x00000000
     467505.000 ns	     46749	80009770	0317ecb3	rem	x25,x15,x17	 x15:0x00000002 x17:0x00000001 x25=0x00000000
     467525.000 ns	     46751	80009774	00c95693	srli	x13,x18,0xc	 x18:0x00000000 x13=0x00000000
     467545.000 ns	     46753	80009778	20172b53	fsgnjx.s	f22,f14,f1	 f14:0x5317eb73  f1:0x00000001 f22=0x5317eb73
     467585.000 ns	     46757	8000977c	19b93f53	fdiv.s	f30,f18,f27	 f18:0x7f800000 f27:0xff800000 f30=0x7fc00000
     467605.000 ns	     46759	80009780	016973b3	and	x7,x18,x22	 x18:0x00000000 x22:0xfffffae3  x7=0x00000000
     467615.000 ns	     46760	80009784	c144ec93	ori	x25,x9,-1004	  x9:0x000004d9 x25=0xfffffcdd
     467625.000 ns	     46761	80009788	00294ab3	xor	x21,x18,x2	 x18:0x00000000  x2:0x54aff000 x21=0x54aff000
     467985.000 ns	     46797	8000978c	0210cdb3	div	x27,x1,x1	  x1:0x7ffbf535  x1:0x7ffbf535 x27=0x00000001
     468035.000 ns	     46802	80009790	08e0a4d3	fsub.s	f9,f1,f14	  f1:0x00000001 f14:0x5317eb73  f9=0xd317eb73
     468055.000 ns	     46804	80009794	7894ab93	slti	x23,x9,1929	  x9:0x000004d9 x23=0x00000001
     468075.000 ns	     46806	80009798	e00811d3	fclass.s	x3,f16	 f16:0x45024000  x3=0x00000040
     468105.000 ns	     46809	8000979c	c010fbd3	fcvt.wu.s	x23,f1	  f1:0x00000001 x23=0x00000000
     468135.000 ns	     46812	800097a0	c0163a53	fcvt.wu.s	x20,f12	 f12:0x42000000 x20=0x00000020
     468165.000 ns	     46815	800097a4	a05c1fd3	flt.s	x31,f24,f5	 f24:0xff800000  f5:0x00000000 x31=0x00000001
     468185.000 ns	     46817	800097a8	01cf5613	srli	x12,x30,0x1c	 x30:0x00000001 x12=0x00000000
     468195.000 ns	     46818	800097ac	00e33cb3	sltu	x25,x6,x14	  x6:0x80041024 x14:0x6e94f000 x25=0x00000000
     468205.000 ns	     46819	800097b0	003918b3	sll	x17,x18,x3	 x18:0x00000000  x3:0x00000040 x17=0x00000000
     468225.000 ns	     46821	800097b4	02f8bb33	mulhu	x22,x17,x15	 x17:0x00000001 x15:0x00000002 x22=0x00000000
     468245.000 ns	     46823	800097b8	010442b3	xor	x5,x8,x16	  x8:0xf6c1e000 x16:0x00000000  x5=0xf6c1e000
     468265.000 ns	     46825	800097bc	20ab2953	fsgnjx.s	f18,f22,f10	 f22:0x5317eb73 f10:0x7f800000 f18=0x5317eb73
     468285.000 ns	     46827	800097c0	114bad13	slti	x26,x23,276	 x23:0x00000000 x26=0x00000001
     468305.000 ns	     46829	800097c4	29c59553	fmax.s	f10,f11,f28	 f11:0xcdef4fbe f28:0x45024000 f10=0x45024000
     468335.000 ns	     46832	800097c8	f0070b53	fmv.w.x	f22,x14	 x14:0x6e94f000 f22=0x6e94f000
     468355.000 ns	     46834	800097cc	01bb9493	slli	x9,x23,0x1b	 x23:0x00000000  x9=0x00000000
     468365.000 ns	     46835	800097d0	0054d213	srli	x4,x9,0x5	  x9:0x000004d9  x4=0x00000000
     468725.000 ns	     46871	800097d4	03f5dcb3	divu	x25,x11,x31	 x11:0x00000001 x31:0x00000001 x25=0x00000001
     468755.000 ns	     46874	800097d8	214e20d3	fsgnjx.s	f1,f28,f20	 f28:0x45024000 f20:0x45024000  f1=0x45024000
     468775.000 ns	     46876	800097dc	00762033	slt	x0,x12,x7	 x12:0x00000000  x7:0x00000000
     468785.000 ns	     46877	800097e0	00b57633	and	x12,x10,x11	 x10:0xf6c1e000 x11:0x00000001 x12=0x00000000
     468795.000 ns	     46878	800097e4	40f053b3	sra	x7,x0,x15	  x0:0x00000000 x15:0x00000002  x7=0x00000000
     468805.000 ns	     46879	800097e8	41700c33	sub	x24,x0,x23	  x0:0x00000000 x23:0x00000000 x24=0x00000000
     468815.000 ns	     46880	800097ec	01efafb3	slt	x31,x31,x30	 x31:0x00000001 x30:0x00000001 x31=0x00000000
     468825.000 ns	     46881	800097f0	f2997013	andi	x0,x18,-215	 x18:0x00000000
     468835.000 ns	     46882	800097f4	00490eb3	add	x29,x18,x4	 x18:0x00000000  x4:0x00000000 x29=0x00000000
     468855.000 ns	     46884	800097f8	038e4fb3	div	x31,x28,x24	 x28:0x80040fe4 x24:0x00000000 x31=0xffffffff
     468875.000 ns	     46886	800097fc	00e125b3	slt	x11,x2,x14	  x2:0x54aff000 x14:0x6e94f000 x11=0x00000001
     468885.000 ns	     46887	80009800	00195493	srli	x9,x18,0x1	 x18:0x00000000  x9=0x00000000
     468905.000 ns	     46889	80009804	02ca6fb3	rem	x31,x20,x12	 x20:0x00000020 x12:0x00000000 x31=0x00000020
     468925.000 ns	     46891	80009808	00ed1c13	slli	x24,x26,0xe	 x26:0x00000001 x24=0x00004000
     468945.000 ns	     46893	8000980c	02058c33	mul	x24,x11,x0	 x11:0x00000001  x0:0x00000000 x24=0x00000000
     468975.000 ns	     46896	80009810	a16d00d3	fle.s	x1,f26,f22	 f26:0x00000000 f22:0x6e94f000  x1=0x00000001
     469345.000 ns	     46933	80009814	0333ceb3	div	x29,x7,x19	  x7:0x00000000 x19:0x38667764 x29=0x00000000
     469365.000 ns	     46935	80009818	00c56d33	or	x26,x10,x12	 x10:0xf6c1e000 x12:0x00000000 x26=0xf6c1e000
     469385.000 ns	     46937	8000981c	20f718d3	fsgnjn.s	f17,f14,f15	 f14:0x5317eb73 f15:0x00000002 f17=0xd317eb73
     469405.000 ns	     46939	80009820	405108b3	sub	x17,x2,x5	  x2:0x54aff000  x5:0xf6c1e000 x17=0x5dee1000
     469425.000 ns	     46941	80009824	e00a9153	fclass.s	x2,f21	 f21:0x7fc00000  x2=0x00000200
     469445.000 ns	     46943	80009828	0101cab3	xor	x21,x3,x16	  x3:0x00000040 x16:0x00000000 x21=0x00000040
     469455.000 ns	     46944	8000982c	000f5ab3	srl	x21,x30,x0	 x30:0x00000001  x0:0x00000000 x21=0x00000001
     469475.000 ns	     46946	80009830	a1970553	fle.s	x10,f14,f25	 f14:0x5317eb73 f25:0x7fc00000 x10=0x00000000
     469525.000 ns	     46951	80009834	00f148d3	fadd.s	f17,f2,f15	  f2:0x00000000 f15:0x00000002 f17=0x00000002
     469555.000 ns	     46954	80009838	21b507d3	fsgnj.s	f15,f10,f27	 f10:0x45024000 f27:0xff800000 f15=0xc5024000
     469605.000 ns	     46959	8000983c	099879d3	fsub.s	f19,f16,f25	 f16:0x45024000 f25:0x7fc00000 f19=0x7fc00000
     469625.000 ns	     46961	80009840	a2f69997	auipc	x19,0xa2f69	 x19=0x22f72840
     469635.000 ns	     46962	80009844	0160d833	srl	x16,x1,x22	  x1:0x00000001 x22:0x00000000 x16=0x00000001
     469655.000 ns	     46964	80009848	f0068753	fmv.w.x	f14,x13	 x13:0x00000000 f14=0x00000000
     469685.000 ns	     46967	8000984c	e00f95d3	fclass.s	x11,f31	 f31:0x00000000 x11=0x00000010
     469705.000 ns	     46969	80009850	b9d62f17	auipc	x30,0xb9d62	 x30=0x39d6b850
     469715.000 ns	     46970	80009854	40b78cb3	sub	x25,x15,x11	 x15:0x00000002 x11:0x00000010 x25=0xfffffff2
     469725.000 ns	     46971	80009858	e69b8c13	addi	x24,x23,-407	 x23:0x00000000 x24=0xfffffe69
     469735.000 ns	     46972	8000985c	a1907f13	andi	x30,x0,-1511	  x0:0x00000000 x30=0x00000000
     469745.000 ns	     46973	80009860	40fd5113	srai	x2,x26,0xf	 x26:0xf6c1e000  x2=0xffffed83
     469755.000 ns	     46974	80009864	01a11eb3	sll	x29,x2,x26	  x2:0x00000200 x26:0xf6c1e000 x29=0xffffed83
     469765.000 ns	     46975	80009868	00701593	slli	x11,x0,0x7	  x0:0x00000000 x11=0x00000000
     469785.000 ns	     46977	8000986c	299612d3	fmax.s	f5,f12,f25	 f12:0x42000000 f25:0x7fc00000  f5=0x42000000
     469805.000 ns	     46979	80009870	00b52533	slt	x10,x10,x11	 x10:0x00000000 x11:0x00000010 x10=0x00000000
     469815.000 ns	     46980	80009874	00bdccb3	xor	x25,x27,x11	 x27:0x00000001 x11:0x00000000 x25=0x00000001
     469825.000 ns	     46981	80009878	448b3893	sltiu	x17,x22,1096	 x22:0x00000000 x17=0x00000001
     469835.000 ns	     46982	8000987c	00e36733	or	x14,x6,x14	  x6:0x80041024 x14:0x6e94f000 x14=0xee94f024
     469865.000 ns	     46985	80009880	580cfd53	fsqrt.s	f26,f25	 f25:0x7fc00000 f26=0x7fc00000
     469885.000 ns	     46987	80009884	00d73b33	sltu	x22,x14,x13	 x14:0x6e94f000 x13:0x00000000 x22=0x00000000
     470245.000 ns	     47023	80009888	026ee833	rem	x16,x29,x6	 x29:0xffffed83  x6:0x80041024 x16=0xffffed83
     470275.000 ns	     47026	8000988c	c00ec1d3	fcvt.w.s	x3,f29	 f29:0x7f800000  x3=0x7fffffff
     470305.000 ns	     47029	80009890	c0147d53	fcvt.wu.s	x26,f8	  f8:0x3f800000 x26=0x00000001
     470335.000 ns	     47032	80009894	a083a753	feq.s	x14,f7,f8	  f7:0x7f800000  f8:0x3f800000 x14=0x00000000
     470355.000 ns	     47034	80009898	00338bb3	add	x23,x7,x3	  x7:0x00000000  x3:0x7fffffff x23=0x7fffffff
     470375.000 ns	     47036	8000989c	0386b033	mulhu	x0,x13,x24	 x13:0x00000000 x24:0xfffffe69
     470395.000 ns	     47038	800098a0	00a19413	slli	x8,x3,0xa	  x3:0x7fffffff  x8=0xfffffc00
     470425.000 ns	     47041	800098a4	11397dd3	fmul.s	f27,f18,f19	 f18:0x5317eb73 f19:0x7fc00000 f27=0x7fc00000
     470445.000 ns	     47043	800098a8	3d330693	addi	x13,x6,979	  x6:0x80041024 x13=0x800413f7
     470455.000 ns	     47044	800098ac	b824cb93	xori	x23,x9,-1150	  x9:0x00000000 x23=0xfffffb82
     470465.000 ns	     47045	800098b0	418ed633	sra	x12,x29,x24	 x29:0xffffed83 x24:0xfffffe69 x12=0xfffffff6
     470475.000 ns	     47046	800098b4	0c0909b7	lui	x19,0xc090	 x19=0x0c090000
     470485.000 ns	     47047	800098b8	00000013	addi	x0,x0,0	  x0:0x00000000
     470495.000 ns	     47048	800098bc	48168393	addi	x7,x13,1153	 x13:0x800413f7  x7=0x80041878
     470505.000 ns	     47049	800098c0	0136d193	srli	x3,x13,0x13	 x13:0x800413f7  x3=0x00001000
     470515.000 ns	     47050	800098c4	00000013	addi	x0,x0,0	  x0:0x00000000
     470535.000 ns	     47052	800098c8	023d09b3	mul	x19,x26,x3	 x26:0x00000001  x3:0x7fffffff x19=0x00001000
     470555.000 ns	     47054	800098cc	01ef92b3	sll	x5,x31,x30	 x31:0x00000020 x30:0x00000000  x5=0x00000020
     470565.000 ns	     47055	800098d0	344cbc17	auipc	x24,0x344cb	 x24=0xb44d48d0
     470575.000 ns	     47056	800098d4	84c6ec93	ori	x25,x13,-1972	 x13:0x800413f7 x25=0xfffffbff
     470905.000 ns	     47089	800098d8	1811f5d3	fdiv.s	f11,f3,f1	  f3:0x45024000  f1:0x45024000 f11=0x3f664234
     470935.000 ns	     47092	800098dc	20a02a53	fsgnjx.s	f20,f0,f10	  f0:0x7f800000 f10:0x45024000 f20=0x7f800000
     470955.000 ns	     47094	800098e0	0f922b13	slti	x22,x4,249	  x4:0x00000000 x22=0x00000001
     470965.000 ns	     47095	800098e4	0e90ef93	ori	x31,x1,233	  x1:0x00000001 x31=0x000000e9
     470975.000 ns	     47096	800098e8	007d9113	slli	x2,x27,0x7	 x27:0x00000001  x2=0x00000080
     470985.000 ns	     47097	800098ec	00a64db3	xor	x27,x12,x10	 x12:0xfffffff6 x10:0x00000000 x27=0xfffffff6
     471005.000 ns	     47099	800098f0	e0080653	fmv.x.w	x12,f16	 f16:0x45024000 x12=0x45024000
     471025.000 ns	     47101	800098f4	40120633	sub	x12,x4,x1	  x4:0x00000000  x1:0x00000001 x12=0xffffffff
     471385.000 ns	     47137	800098f8	02fc7433	remu	x8,x24,x15	 x24:0xb44d48d0 x15:0x00000002  x8=0x00000000
     471405.000 ns	     47139	800098fc	62330113	addi	x2,x6,1571	  x6:0x80041024  x2=0x80041647
     471415.000 ns	     47140	80009900	011ad0b3	srl	x1,x21,x17	 x21:0x00000001 x17:0x00000001  x1=0x00000000
     471425.000 ns	     47141	80009904	66410893	addi	x17,x2,1636	  x2:0x00000080 x17=0x80041cab
     471445.000 ns	     47143	80009908	c019ccd3	fcvt.wu.s	x25,f19	 f19:0x7fc00000 x25=0xffffffff
     471485.000 ns	     47147	8000990c	10c47e53	fmul.s	f28,f8,f12	  f8:0x3f800000 f12:0x42000000 f28=0x42000000
     471505.000 ns	     47149	80009910	01864cb3	xor	x25,x12,x24	 x12:0xffffffff x24:0xb44d48d0 x25=0x4bb2b72f
     471515.000 ns	     47150	80009914	01b91f13	slli	x30,x18,0x1b	 x18:0x00000000 x30=0x00000000
     471525.000 ns	     47151	80009918	01aa65b3	or	x11,x20,x26	 x20:0x00000020 x26:0x00000001 x11=0x00000021
     471885.000 ns	     47187	8000991c	031edfb3	divu	x31,x29,x17	 x29:0xffffed83 x17:0x80041cab x31=0x00000001
     471915.000 ns	     47190	80009920	28261c53	fmax.s	f24,f12,f2	 f12:0x42000000  f2:0x00000000 f24=0x42000000
     471945.000 ns	     47193	80009924	2157a3d3	fsgnjx.s	f7,f15,f21	 f15:0xc5024000 f21:0x7fc00000  f7=0xc5024000
     471975.000 ns	     47196	80009928	e00b05d3	fmv.x.w	x11,f22	 f22:0x6e94f000 x11=0x6e94f000
     471995.000 ns	     47198	8000992c	01645c33	srl	x24,x8,x22	  x8:0x00000000 x22:0x00000001 x24=0x00000000
     472015.000 ns	     47200	80009930	c012f1d3	fcvt.wu.s	x3,f5	  f5:0x42000000  x3=0x00000020
     472045.000 ns	     47203	80009934	02bdb8b3	mulhu	x17,x27,x11	 x27:0xfffffff6 x11:0x6e94f000 x17=0x6e94effb
     472075.000 ns	     47206	80009938	d01673d3	fcvt.s.wu	f7,x12	 x12:0xffffffff  f7=0x4f7fffff
     472105.000 ns	     47209	8000993c	a19223d3	feq.s	x7,f4,f25	  f4:0x000004d9 f25:0x7fc00000  x7=0x00000000
     472135.000 ns	     47212	80009940	0262a533	mulhsu	x10,x5,x6	  x5:0x00000020  x6:0x80041024 x10=0x00000010
     472155.000 ns	     47214	80009944	54a09037	lui	x0,0x54a09	
     472165.000 ns	     47215	80009948	013edd33	srl	x26,x29,x19	 x29:0xffffed83 x19:0x00001000 x26=0xffffed83
     472185.000 ns	     47217	8000994c	20320753	fsgnj.s	f14,f4,f3	  f4:0x000004d9  f3:0x45024000 f14=0x000004d9
     472215.000 ns	     47220	80009950	f00e8dd3	fmv.w.x	f27,x29	 x29:0xffffed83 f27=0xffffed83
     472245.000 ns	     47223	80009954	0266aeb3	mulhsu	x29,x13,x6	 x13:0x800413f7  x6:0x80041024 x29=0xc00001fa
     472615.000 ns	     47260	80009958	03d3f9b3	remu	x19,x7,x29	  x7:0x00000000 x29:0xffffed83 x19=0x00000000
     472645.000 ns	     47263	8000995c	d0033f53	fcvt.s.w	f30,x6	  x6:0x80041024 f30=0xcefff7e0
     472695.000 ns	     47268	80009960	09a87053	fsub.s	f0,f16,f26	 f16:0x45024000 f26:0x7fc00000  f0=0x7fc00000
     472725.000 ns	     47271	80009964	c000f053	fcvt.w.s	x0,f1	  f1:0x45024000
     472755.000 ns	     47274	80009968	d014f0d3	fcvt.s.wu	f1,x9	  x9:0x00000000  f1=0x00000000
     472775.000 ns	     47276	8000996c	f304f697	auipc	x13,0xf304f	 x13=0x7305896c
     472785.000 ns	     47277	80009970	ea553113	sltiu	x2,x10,-347	 x10:0x00000010  x2=0x00000001
     472825.000 ns	     47281	80009974	09c821d3	fsub.s	f3,f16,f28	 f16:0x45024000 f28:0x42000000  f3=0x45004000
     472875.000 ns	     47286	80009978	01c47353	fadd.s	f6,f8,f28	  f8:0x3f800000 f28:0x42000000  f6=0x42040000
     472895.000 ns	     47288	8000997c	01571eb3	sll	x29,x14,x21	 x14:0x00000000 x21:0x00000001 x29=0x00000000
     472905.000 ns	     47289	80009980	001615b3	sll	x11,x12,x1	 x12:0xffffffff  x1:0x00000000 x11=0xffffffff
     472915.000 ns	     47290	80009984	953a6493	ori	x9,x20,-1709	 x20:0x00000020  x9=0xfffff973
     472925.000 ns	     47291	80009988	40cc0393	addi	x7,x24,1036	 x24:0x00000000  x7=0x0000040c
     472945.000 ns	     47293	8000998c	03758433	mul	x8,x11,x23	 x11:0xffffffff x23:0xfffffb82  x8=0x0000047e
     472975.000 ns	     47296	80009990	28e595d3	fmax.s	f11,f11,f14	 f11:0x3f664234 f14:0x000004d9 f11=0x3f664234
     472995.000 ns	     47298	80009994	bed9a113	slti	x2,x19,-1043	 x19:0x00000000  x2=0x00000000
     473005.000 ns	     47299	80009998	f7c0f213	andi	x4,x1,-132	  x1:0x00000000  x4=0x00000000
     473025.000 ns	     47301	8000999c	033cf5b3	remu	x11,x25,x19	 x25:0x4bb2b72f x19:0x00000000 x11=0x4bb2b72f
     473055.000 ns	     47304	800099a0	02f90ab3	mul	x21,x18,x15	 x18:0x00000000 x15:0x00000002 x21=0x00000000
     473085.000 ns	     47307	800099a4	298f89d3	fmin.s	f19,f31,f24	 f31:0x00000000 f24:0x42000000 f19=0x00000000
     473115.000 ns	     47310	800099a8	e00e8153	fmv.x.w	x2,f29	 f29:0x7f800000  x2=0x7f800000
     473135.000 ns	     47312	800099ac	01fe8633	add	x12,x29,x31	 x29:0x00000000 x31:0x00000001 x12=0x00000001
     473145.000 ns	     47313	800099b0	00ed71b3	and	x3,x26,x14	 x26:0xffffed83 x14:0x00000000  x3=0x00000000
     473155.000 ns	     47314	800099b4	01855913	srli	x18,x10,0x18	 x10:0x00000010 x18=0x00000000
     473165.000 ns	     47315	800099b8	4167da13	srai	x20,x15,0x16	 x15:0x00000002 x20=0x00000000
     473175.000 ns	     47316	800099bc	0150da33	srl	x20,x1,x21	  x1:0x00000000 x21:0x00000000 x20=0x00000000
     473535.000 ns	     47352	800099c0	0362dc33	divu	x24,x5,x22	  x5:0x00000020 x22:0x00000001 x24=0x00000020
     473565.000 ns	     47355	800099c4	a0cd2ed3	feq.s	x29,f26,f12	 f26:0x7fc00000 f12:0x42000000 x29=0x00000000
     473585.000 ns	     47357	800099c8	6e7e3613	sltiu	x12,x28,1767	 x28:0x80040fe4 x12=0x00000000
     473595.000 ns	     47358	800099cc	08956b13	ori	x22,x10,137	 x10:0x00000010 x22=0x00000099
     473605.000 ns	     47359	800099d0	25262293	slti	x5,x12,594	 x12:0x00000001  x5=0x00000001
     473615.000 ns	     47360	800099d4	002dd133	srl	x2,x27,x2	 x27:0xfffffff6  x2:0x7f800000  x2=0xfffffff6
     473625.000 ns	     47361	800099d8	00cda9b3	slt	x19,x27,x12	 x27:0xfffffff6 x12:0x00000000 x19=0x00000001
     473645.000 ns	     47363	800099dc	e00989d3	fmv.x.w	x19,f19	 f19:0x00000000 x19=0x00000000
     473675.000 ns	     47366	800099e0	03c42db3	mulhsu	x27,x8,x28	  x8:0x0000047e x28:0x80040fe4 x27=0x0000023f
     473705.000 ns	     47369	800099e4	0268a8b3	mulhsu	x17,x17,x6	 x17:0x6e94effb  x6:0x80041024 x17=0x374c394a
     473725.000 ns	     47371	800099e8	3b16ab93	slti	x23,x13,945	 x13:0x7305896c x23=0x00000000
     473745.000 ns	     47373	800099ec	031d8033	mul	x0,x27,x17	 x27:0x0000023f x17:0x374c394a
     473775.000 ns	     47376	800099f0	c00a72d3	fcvt.w.s	x5,f20	 f20:0x7f800000  x5=0x7fffffff
     473825.000 ns	     47381	800099f4	09328c53	fsub.s	f24,f5,f19	  f5:0x42000000 f19:0x00000000 f24=0x42000000
     473845.000 ns	     47383	800099f8	160d0913	addi	x18,x26,352	 x26:0xffffed83 x18=0xffffeee3
     473855.000 ns	     47384	800099fc	0038ef33	or	x30,x17,x3	 x17:0x374c394a  x3:0x00000000 x30=0x374c394a
     473885.000 ns	     47387	80009a00	10f84f53	fmul.s	f30,f16,f15	 f16:0x45024000 f15:0xc5024000 f30=0xca848a20
     473915.000 ns	     47390	80009a04	f0068e53	fmv.w.x	f28,x13	 x13:0x7305896c f28=0x7305896c
     473945.000 ns	     47393	80009a08	a12c09d3	fle.s	x19,f24,f18	 f24:0x42000000 f18:0x5317eb73 x19=0x00000001
     474315.000 ns	     47430	80009a0c	036decb3	rem	x25,x27,x22	 x27:0x0000023f x22:0x00000099 x25=0x00000074
     474335.000 ns	     47432	80009a10	7985bb17	auipc	x22,0x7985b	 x22=0xf9864a10
     474355.000 ns	     47434	80009a14	2199aa53	fsgnjx.s	f20,f19,f25	 f19:0x00000000 f25:0x7fc00000 f20=0x00000000
     474375.000 ns	     47436	80009a18	301234b7	lui	x9,0x30123	  x9=0x30123000
     474395.000 ns	     47438	80009a1c	023351b3	divu	x3,x6,x3	  x6:0x80041024  x3:0x00000000  x3=0xffffffff
     474425.000 ns	     47441	80009a20	d015bbd3	fcvt.s.wu	f23,x11	 x11:0x4bb2b72f f23=0x4e97656f
     474445.000 ns	     47443	80009a24	c4904113	xori	x2,x0,-951	  x0:0x00000000  x2=0xfffffc49
     474805.000 ns	     47479	80009a28	022c6bb3	rem	x23,x24,x2	 x24:0x00000020  x2:0xfffffff6 x23=0x00000020
     475175.000 ns	     47516	80009a2c	029c5ab3	divu	x21,x24,x9	 x24:0x00000020  x9:0x30123000 x21=0x00000000
     475205.000 ns	     47519	80009a30	c00bf1d3	fcvt.w.s	x3,f23	 f23:0x4e97656f  x3=0x4bb2b780
     475225.000 ns	     47521	80009a34	04867b13	andi	x22,x12,72	 x12:0x00000000 x22=0x00000000
     475235.000 ns	     47522	80009a38	41e18c33	sub	x24,x3,x30	  x3:0x4bb2b780 x30:0x374c394a x24=0x14667e36
     475245.000 ns	     47523	80009a3c	1423f893	andi	x17,x7,322	  x7:0x0000040c x17=0x00000000
     475255.000 ns	     47524	80009a40	015ee1b3	or	x3,x29,x21	 x29:0x00000000 x21:0x00000000  x3=0x00000000
     475265.000 ns	     47525	80009a44	4138dc93	srai	x25,x17,0x13	 x17:0x374c394a x25=0x00000000
     475305.000 ns	     47529	80009a48	086ec653	fsub.s	f12,f29,f6	 f29:0x7f800000  f6:0x42040000 f12=0x7f800000
     475325.000 ns	     47531	80009a4c	418a5693	srai	x13,x20,0x18	 x20:0x00000000 x13=0x00000000
     475335.000 ns	     47532	80009a50	fb20ff17	auipc	x30,0xfb20f	 x30=0x7b218a50
     475345.000 ns	     47533	80009a54	85b74993	xori	x19,x14,-1957	 x14:0x00000000 x19=0xfffff85b
     475355.000 ns	     47534	80009a58	01881493	slli	x9,x16,0x18	 x16:0xffffed83  x9=0x83000000
     475365.000 ns	     47535	80009a5c	00ae1993	slli	x19,x28,0xa	 x28:0x80040fe4 x19=0x103f9000
     475375.000 ns	     47536	80009a60	c5282713	slti	x14,x16,-942	 x16:0xffffed83 x14=0x00000001
     475385.000 ns	     47537	80009a64	407b8233	sub	x4,x23,x7	 x23:0x00000020  x7:0x0000040c  x4=0xfffffc14
     475405.000 ns	     47539	80009a68	03663233	mulhu	x4,x12,x22	 x12:0x00000000 x22:0x00000000  x4=0x00000000
     475435.000 ns	     47542	80009a6c	a1119953	flt.s	x18,f3,f17	  f3:0x45004000 f17:0x00000002 x18=0x00000000
     475475.000 ns	     47546	80009a70	100e0253	fmul.s	f4,f28,f0	 f28:0x7305896c  f0:0x7fc00000  f4=0x7fc00000
     475505.000 ns	     47549	80009a74	e0040453	fmv.x.w	x8,f8	  f8:0x3f800000  x8=0x3f800000
     475525.000 ns	     47551	80009a78	01180733	add	x14,x16,x17	 x16:0xffffed83 x17:0x00000000 x14=0xffffed83
     475545.000 ns	     47553	80009a7c	212a0fd3	fsgnj.s	f31,f20,f18	 f20:0x00000000 f18:0x5317eb73 f31=0x00000000
     475595.000 ns	     47558	80009a80	0883fed3	fsub.s	f29,f7,f8	  f7:0x4f7fffff  f8:0x3f800000 f29=0x4f7ffffe
     475625.000 ns	     47561	80009a84	a0552b53	feq.s	x22,f10,f5	 f10:0x45024000  f5:0x42000000 x22=0x00000000
     475995.000 ns	     47598	80009a88	02a073b3	remu	x7,x0,x10	  x0:0x00000000 x10:0x00000010  x7=0x00000000
     476015.000 ns	     47600	80009a8c	01cc6933	or	x18,x24,x28	 x24:0x14667e36 x28:0x80040fe4 x18=0x94667ff6
     476035.000 ns	     47602	80009a90	02548533	mul	x10,x9,x5	  x9:0x83000000  x5:0x7fffffff x10=0x7d000000
     476065.000 ns	     47605	80009a94	d00f9653	fcvt.s.w	f12,x31	 x31:0x00000001 f12=0x3f800000
     476095.000 ns	     47608	80009a98	a132a653	feq.s	x12,f5,f19	  f5:0x42000000 f19:0x00000000 x12=0x00000000
     476145.000 ns	     47613	80009a9c	0121fa53	fadd.s	f20,f3,f18	  f3:0x45004000 f18:0x5317eb73 f20=0x5317eb73
     476175.000 ns	     47616	80009aa0	d00fbdd3	fcvt.s.w	f27,x31	 x31:0x00000001 f27=0x3f800000
     476205.000 ns	     47619	80009aa4	021be4b3	rem	x9,x23,x1	 x23:0x00000020  x1:0x00000000  x9=0x00000020
     476225.000 ns	     47621	80009aa8	01cddb93	srli	x23,x27,0x1c	 x27:0x0000023f x23=0x00000000
     476235.000 ns	     47622	80009aac	41770fb3	sub	x31,x14,x23	 x14:0xffffed83 x23:0x00000020 x31=0xffffed83
     476245.000 ns	     47623	80009ab0	01ac5733	srl	x14,x24,x26	 x24:0x14667e36 x26:0xffffed83 x14=0x028ccfc6
     476255.000 ns	     47624	80009ab4	00000013	addi	x0,x0,0	  x0:0x00000000
     476265.000 ns	     47625	80009ab8	00642db3	slt	x27,x8,x6	  x8:0x3f800000  x6:0x80041024 x27=0x00000000
     476295.000 ns	     47628	80009abc	100a82d3	fmul.s	f5,f21,f0	 f21:0x7fc00000  f0:0x7fc00000  f5=0x7fc00000
     476325.000 ns	     47631	80009ac0	02749cb3	mulh	x25,x9,x7	  x9:0x00000020  x7:0x00000000 x25=0x00000000
     476665.000 ns	     47665	80009ac4	189e85d3	fdiv.s	f11,f29,f9	 f29:0x4f7ffffe  f9:0xd317eb73 f11=0xbb7ffffe
     476695.000 ns	     47668	80009ac8	21ff2353	fsgnjx.s	f6,f30,f31	 f30:0xca848a20 f31:0x00000000  f6=0xca848a20
     476725.000 ns	     47671	80009acc	03e41bb3	mulh	x23,x8,x30	  x8:0x3f800000 x30:0x7b218a50 x23=0x1e8ad1ce
     476755.000 ns	     47674	80009ad0	a0a3acd3	feq.s	x25,f7,f10	  f7:0x4f7fffff f10:0x45024000 x25=0x00000000
     476775.000 ns	     47676	80009ad4	00410eb3	add	x29,x2,x4	  x2:0xfffffc49  x4:0x00000000 x29=0xfffffc49
     476795.000 ns	     47678	80009ad8	d01521d3	fcvt.s.wu	f3,x10	 x10:0x7d000000  f3=0x4efa0000
     476815.000 ns	     47680	80009adc	01f85b13	srli	x22,x16,0x1f	 x16:0xffffed83 x22=0x00000001
     476835.000 ns	     47682	80009ae0	28849bd3	fmax.s	f23,f9,f8	  f9:0xd317eb73  f8:0x3f800000 f23=0x3f800000
     476865.000 ns	     47685	80009ae4	d00b7753	fcvt.s.w	f14,x22	 x22:0x00000000 f14=0x3f800000
     476895.000 ns	     47688	80009ae8	29f38253	fmin.s	f4,f7,f31	  f7:0x4f7fffff f31:0x00000000  f4=0x00000000
     476915.000 ns	     47690	80009aec	00a793b3	sll	x7,x15,x10	 x15:0x00000002 x10:0x7d000000  x7=0x00000002
     476925.000 ns	     47691	80009af0	85f38293	addi	x5,x7,-1953	  x7:0x00000000  x5=0xfffff861
     476935.000 ns	     47692	80009af4	188bf513	andi	x10,x23,392	 x23:0x1e8ad1ce x10=0x00000188
     476955.000 ns	     47694	80009af8	e0081253	fclass.s	x4,f16	 f16:0x45024000  x4=0x00000040
     477005.000 ns	     47699	80009afc	09cca8d3	fsub.s	f17,f25,f28	 f25:0x7fc00000 f28:0x7305896c f17=0x7fc00000
     477035.000 ns	     47702	80009b00	21149053	fsgnjn.s	f0,f9,f17	  f9:0xd317eb73 f17:0x00000002  f0=0xd317eb73
     477065.000 ns	     47705	80009b04	d0130c53	fcvt.s.wu	f24,x6	  x6:0x80041024 f24=0x4f000410
     477095.000 ns	     47708	80009b08	d0012753	fcvt.s.w	f14,x2	  x2:0xfffffc49 f14=0xc46dc000
     477125.000 ns	     47711	80009b0c	e00e9453	fclass.s	x8,f29	 f29:0x4f7ffffe  x8=0x00000040
     477155.000 ns	     47714	80009b10	d004b9d3	fcvt.s.w	f19,x9	  x9:0x00000020 f19=0x42000000
     477185.000 ns	     47717	80009b14	03a409b3	mul	x19,x8,x26	  x8:0x00000040 x26:0xffffed83 x19=0xfffb60c0
     477215.000 ns	     47720	80009b18	f00302d3	fmv.w.x	f5,x6	  x6:0x80041024  f5=0x80041024
     477245.000 ns	     47723	80009b1c	e0091f53	fclass.s	x30,f18	 f18:0x5317eb73 x30=0x00000040
     477265.000 ns	     47725	80009b20	00fff033	and	x0,x31,x15	 x31:0xffffed83 x15:0x00000002
     477275.000 ns	     47726	80009b24	01d83a33	sltu	x20,x16,x29	 x16:0xffffed83 x29:0xfffffc49 x20=0x00000001
     477295.000 ns	     47728	80009b28	e0079153	fclass.s	x2,f15	 f15:0xc5024000  x2=0x00000002
     477325.000 ns	     47731	80009b2c	e0099053	fclass.s	x0,f19	 f19:0x42000000
     477355.000 ns	     47734	80009b30	a1ffac53	feq.s	x24,f31,f31	 f31:0x00000000 f31:0x00000000 x24=0x00000001
     477375.000 ns	     47736	80009b34	5b590c13	addi	x24,x18,1461	 x18:0x94667ff6 x24=0x946685ab
     477385.000 ns	     47737	80009b38	011ce833	or	x16,x25,x17	 x25:0x00000000 x17:0x00000000 x16=0x00000000
     477395.000 ns	     47738	80009b3c	7f108397	auipc	x7,0x7f108	  x7=0xff111b3c
     477415.000 ns	     47740	80009b40	d00647d3	fcvt.s.w	f15,x12	 x12:0x00000000 f15=0x00000000
     477445.000 ns	     47743	80009b44	03b21b33	mulh	x22,x4,x27	  x4:0x00000040 x27:0x00000000 x22=0x00000000
     477475.000 ns	     47746	80009b48	20b6a2d3	fsgnjx.s	f5,f13,f11	 f13:0x00000001 f11:0xbb7ffffe  f5=0x80000001
     477845.000 ns	     47783	80009b4c	03fbd9b3	divu	x19,x23,x31	 x23:0x1e8ad1ce x31:0xffffed83 x19=0x00000000
     477875.000 ns	     47786	80009b50	20c185d3	fsgnj.s	f11,f3,f12	  f3:0x4efa0000 f12:0x3f800000 f11=0x4efa0000
     477905.000 ns	     47789	80009b54	03b24a33	div	x20,x4,x27	  x4:0x00000040 x27:0x00000000 x20=0xffffffff
     477925.000 ns	     47791	80009b58	0170d0b3	srl	x1,x1,x23	  x1:0x00000000 x23:0x1e8ad1ce  x1=0x00000000
     477945.000 ns	     47793	80009b5c	e00f0fd3	fmv.x.w	x31,f30	 f30:0xca848a20 x31=0xca848a20
     477965.000 ns	     47795	80009b60	00317433	and	x8,x2,x3	  x2:0x00000002  x3:0x00000000  x8=0x00000000
     478325.000 ns	     47831	80009b64	03a1d633	divu	x12,x3,x26	  x3:0x00000000 x26:0xffffed83 x12=0x00000000
     478345.000 ns	     47833	80009b68	c7fdc993	xori	x19,x27,-897	 x27:0x00000000 x19=0xfffffc7f
     478365.000 ns	     47835	80009b6c	a19289d3	fle.s	x19,f5,f25	  f5:0x80000001 f25:0x7fc00000 x19=0x00000000
     478395.000 ns	     47838	80009b70	d003f1d3	fcvt.s.w	f3,x7	  x7:0xff111b3c  f3=0xcb6ee4c4
     478425.000 ns	     47841	80009b74	d001fb53	fcvt.s.w	f22,x3	  x3:0x00000000 f22=0x00000000
     478455.000 ns	     47844	80009b78	d007c4d3	fcvt.s.w	f9,x15	 x15:0x00000002  f9=0x40000000
     478475.000 ns	     47846	80009b7c	082a8713	addi	x14,x21,130	 x21:0x00000000 x14=0x00000082
     478485.000 ns	     47847	80009b80	407a5a13	srai	x20,x20,0x7	 x20:0xffffffff x20=0xffffffff
     478505.000 ns	     47849	80009b84	c00ef153	fcvt.w.s	x2,f29	 f29:0x4f7ffffe  x2=0x7fffffff
     478525.000 ns	     47851	80009b88	160489b7	lui	x19,0x16048	 x19=0x16048000
     478535.000 ns	     47852	80009b8c	01eb5413	srli	x8,x22,0x1e	 x22:0x00000000  x8=0x00000000
     478565.000 ns	     47855	80009b90	183fc0d3	fdiv.s	f1,f31,f3	 f31:0x00000000  f3:0xcb6ee4c4  f1=0x80000000
     478585.000 ns	     47857	80009b94	00000013	addi	x0,x0,0	  x0:0x00000000
     478605.000 ns	     47859	80009b98	c018fad3	fcvt.wu.s	x21,f17	 f17:0x7fc00000 x21=0xffffffff
     478625.000 ns	     47861	80009b9c	c021b593	sltiu	x11,x3,-1022	  x3:0x00000000 x11=0x00000001
     478645.000 ns	     47863	80009ba0	e00119d3	fclass.s	x19,f2	  f2:0x00000000 x19=0x00000010
     478675.000 ns	     47866	80009ba4	d013fe53	fcvt.s.wu	f28,x7	  x7:0xff111b3c f28=0x4f7f111b
     478695.000 ns	     47868	80009ba8	015842b3	xor	x5,x16,x21	 x16:0x00000000 x21:0xffffffff  x5=0xffffffff
     479055.000 ns	     47904	80009bac	026178b3	remu	x17,x2,x6	  x2:0x7fffffff  x6:0x80041024 x17=0x7fffffff
     479085.000 ns	     47907	80009bb0	a04a1653	flt.s	x12,f20,f4	 f20:0x5317eb73  f4:0x00000000 x12=0x00000000
     479105.000 ns	     47909	80009bb4	d9cebf13	sltiu	x30,x29,-612	 x29:0xfffffc49 x30=0x00000001
     479125.000 ns	     47911	80009bb8	28418fd3	fmin.s	f31,f3,f4	  f3:0xcb6ee4c4  f4:0x00000000 f31=0xcb6ee4c4
     479145.000 ns	     47913	80009bbc	d6c8ec93	ori	x25,x17,-660	 x17:0x7fffffff x25=0xffffffff
     479155.000 ns	     47914	80009bc0	0092d893	srli	x17,x5,0x9	  x5:0xffffffff x17=0x007fffff
     479175.000 ns	     47916	80009bc4	c0043a53	fcvt.w.s	x20,f8	  f8:0x3f800000 x20=0x00000001
     479195.000 ns	     47918	80009bc8	00000013	addi	x0,x0,0	  x0:0x00000000
     479205.000 ns	     47919	80009bcc	00000013	addi	x0,x0,0	  x0:0x00000000
     479215.000 ns	     47920	80009bd0	00000013	addi	x0,x0,0	  x0:0x00000000
     479255.000 ns	     47924	80009bd4	0078ab53	fadd.s	f22,f17,f7	 f17:0x7fc00000  f7:0x4f7fffff f22=0x7fc00000
     479275.000 ns	     47926	80009bd8	40e9d433	sra	x8,x19,x14	 x19:0x00000010 x14:0x00000082  x8=0x00000004
     479285.000 ns	     47927	80009bdc	ce4d6993	ori	x19,x26,-796	 x26:0xffffed83 x19=0xfffffde7
     479615.000 ns	     47960	80009be0	187547d3	fdiv.s	f15,f10,f7	 f10:0x45024000  f7:0x4f7fffff f15=0x35024000
     479645.000 ns	     47963	80009be4	c01c7453	fcvt.wu.s	x8,f24	 f24:0x4f000410  x8=0x80041000
     480015.000 ns	     48000	80009be8	03eadab3	divu	x21,x21,x30	 x21:0xffffffff x30:0x00000001 x21=0xffffffff
     480045.000 ns	     48003	80009bec	d00313d3	fcvt.s.w	f7,x6	  x6:0x80041024  f7=0xcefff7df
     480075.000 ns	     48006	80009bf0	03e51933	mulh	x18,x10,x30	 x10:0x00000188 x30:0x00000001 x18=0x00000000
     480415.000 ns	     48040	80009bf4	18e87e53	fdiv.s	f28,f16,f14	 f16:0x45024000 f14:0xc46dc000 f28=0xc0752560
     480435.000 ns	     48042	80009bf8	dfc36513	ori	x10,x6,-516	  x6:0x80041024 x10=0xfffffdfc
     480445.000 ns	     48043	80009bfc	f4b2f393	andi	x7,x5,-181	  x5:0xffffffff  x7=0xffffff4b
     480455.000 ns	     48044	80009c00	01499db3	sll	x27,x19,x20	 x19:0xfffffde7 x20:0x00000001 x27=0xfffffbce
     480815.000 ns	     48080	80009c04	03cef3b3	remu	x7,x29,x28	 x29:0xfffffc49 x28:0x80040fe4  x7=0x7ffbec65
     480835.000 ns	     48082	80009c08	add07a13	andi	x20,x0,-1315	  x0:0x00000000 x20=0x00000000
     480855.000 ns	     48084	80009c0c	e00a9cd3	fclass.s	x25,f21	 f21:0x7fc00000 x25=0x00000200
     480885.000 ns	     48087	80009c10	e0009953	fclass.s	x18,f1	  f1:0x80000000 x18=0x00000008
     480915.000 ns	     48090	80009c14	d0057653	fcvt.s.w	f12,x10	 x10:0xfffffdfc f12=0xc4010000
     480945.000 ns	     48093	80009c18	a03d2d53	feq.s	x26,f26,f3	 f26:0x7fc00000  f3:0xcb6ee4c4 x26=0x00000000
     480995.000 ns	     48098	80009c1c	01a5f953	fadd.s	f18,f11,f26	 f11:0x4efa0000 f26:0x7fc00000 f18=0x7fc00000
     481025.000 ns	     48101	80009c20	299789d3	fmin.s	f19,f15,f25	 f15:0x35024000 f25:0x7fc00000 f19=0x35024000
     481055.000 ns	     48104	80009c24	036eb233	mulhu	x4,x29,x22	 x29:0xfffffc49 x22:0x00000000  x4=0x00000000
     481085.000 ns	     48107	80009c28	a0679bd3	flt.s	x23,f15,f6	 f15:0x35024000  f6:0xca848a20 x23=0x00000000
     481105.000 ns	     48109	80009c2c	77f0c393	xori	x7,x1,1919	  x1:0x00000000  x7=0x0000077f
     481125.000 ns	     48111	80009c30	e00110d3	fclass.s	x1,f2	  f2:0x00000000  x1=0x00000010
     481145.000 ns	     48113	80009c34	18070993	addi	x19,x14,384	 x14:0x00000082 x19=0x00000202
     481165.000 ns	     48115	80009c38	299600d3	fmin.s	f1,f12,f25	 f12:0xc4010000 f25:0x7fc00000  f1=0xc4010000
     481185.000 ns	     48117	80009c3c	531dbb93	sltiu	x23,x27,1329	 x27:0xfffffbce x23=0x00000000
     481205.000 ns	     48119	80009c40	a1e78553	fle.s	x10,f15,f30	 f15:0x35024000 f30:0xca848a20 x10=0x00000000
     481225.000 ns	     48121	80009c44	dbc3bf93	sltiu	x31,x7,-580	  x7:0x0000077f x31=0x00000001
     481235.000 ns	     48122	80009c48	0124b3b3	sltu	x7,x9,x18	  x9:0x00000020 x18:0x00000008  x7=0x00000000
     481255.000 ns	     48124	80009c4c	d00c2753	fcvt.s.w	f14,x24	 x24:0x946685ab f14=0xced732f5
     481275.000 ns	     48126	80009c50	0117b8b3	sltu	x17,x15,x17	 x15:0x00000002 x17:0x007fffff x17=0x00000001
     481285.000 ns	     48127	80009c54	40f0da93	srai	x21,x1,0xf	  x1:0x00000010 x21=0x00000000
     481295.000 ns	     48128	80009c58	f2d73917	auipc	x18,0xf2d73	 x18=0x72d7cc58
     481305.000 ns	     48129	80009c5c	15b84493	xori	x9,x16,347	 x16:0x00000000  x9=0x0000015b
     481315.000 ns	     48130	80009c60	01a0dd93	srli	x27,x1,0x1a	  x1:0x00000010 x27=0x00000000
     481325.000 ns	     48131	80009c64	4037d633	sra	x12,x15,x3	 x15:0x00000002  x3:0x00000000 x12=0x00000002
     481355.000 ns	     48134	80009c68	10201b53	fmul.s	f22,f0,f2	  f0:0xd317eb73  f2:0x00000000 f22=0x80000000
     481375.000 ns	     48136	80009c6c	01f17bb3	and	x23,x2,x31	  x2:0x7fffffff x31:0x00000001 x23=0x00000001
     481395.000 ns	     48138	80009c70	02af0f33	mul	x30,x30,x10	 x30:0x00000001 x10:0x00000000 x30=0x00000000
     481425.000 ns	     48141	80009c74	03a79533	mulh	x10,x15,x26	 x15:0x00000002 x26:0x00000000 x10=0x00000000
     481795.000 ns	     48178	80009c78	033649b3	div	x19,x12,x19	 x12:0x00000002 x19:0x00000202 x19=0x00000000
     481815.000 ns	     48180	80009c7c	418786b3	sub	x13,x15,x24	 x15:0x00000002 x24:0x946685ab x13=0x6b997a57
     481825.000 ns	     48181	80009c80	00000013	addi	x0,x0,0	  x0:0x00000000
     481845.000 ns	     48183	80009c84	c01599d3	fcvt.wu.s	x19,f11	 f11:0x4efa0000 x19=0x7d000000
     481875.000 ns	     48186	80009c88	29058f53	fmin.s	f30,f11,f16	 f11:0x4efa0000 f16:0x45024000 f30=0x45024000
     481905.000 ns	     48189	80009c8c	a12c8c53	fle.s	x24,f25,f18	 f25:0x7fc00000 f18:0x7fc00000 x24=0x00000000
     482275.000 ns	     48226	80009c90	03f6edb3	rem	x27,x13,x31	 x13:0x6b997a57 x31:0x00000001 x27=0x00000000
     482305.000 ns	     48229	80009c94	29f502d3	fmin.s	f5,f10,f31	 f10:0x45024000 f31:0xcb6ee4c4  f5=0xcb6ee4c4
     482325.000 ns	     48231	80009c98	01bdd593	srli	x11,x27,0x1b	 x27:0x00000000 x11=0x00000000
     482335.000 ns	     48232	80009c9c	41728c13	addi	x24,x5,1047	  x5:0xffffffff x24=0x00000416
     482355.000 ns	     48234	80009ca0	02b954b3	divu	x9,x18,x11	 x18:0x72d7cc58 x11:0x00000001  x9=0xffffffff
     482375.000 ns	     48236	80009ca4	863bf613	andi	x12,x23,-1949	 x23:0x00000001 x12=0x00000001
     482395.000 ns	     48238	80009ca8	2003a1d3	fsgnjx.s	f3,f7,f0	  f7:0xcefff7df  f0:0xd317eb73  f3=0x4efff7df
     482415.000 ns	     48240	80009cac	002b1813	slli	x16,x22,0x2	 x22:0x00000000 x16=0x00000000
     482425.000 ns	     48241	80009cb0	40e652b3	sra	x5,x12,x14	 x12:0x00000001 x14:0x00000082  x5=0x00000000
     482435.000 ns	     48242	80009cb4	01866833	or	x16,x12,x24	 x12:0x00000001 x24:0x00000416 x16=0x00000417
     482455.000 ns	     48244	80009cb8	a1419153	flt.s	x2,f3,f20	  f3:0x4efff7df f20:0x5317eb73  x2=0x00000001
     482825.000 ns	     48281	80009cbc	0334d433	divu	x8,x9,x19	  x9:0xffffffff x19:0x7d000000  x8=0x00000002
     482855.000 ns	     48284	80009cc0	020b6db3	rem	x27,x22,x0	 x22:0x00000000  x0:0x00000000 x27=0x00000000
     482875.000 ns	     48286	80009cc4	008113b3	sll	x7,x2,x8	  x2:0x00000001  x8:0x00000002  x7=0x00000004
     482885.000 ns	     48287	80009cc8	a3a4c593	xori	x11,x9,-1478	  x9:0xffffffff x11=0x000005c5
     482905.000 ns	     48289	80009ccc	e0011053	fclass.s	x0,f2	  f2:0x00000000
     482925.000 ns	     48291	80009cd0	0158d513	srli	x10,x17,0x15	 x17:0x00000001 x10=0x00000000
     482945.000 ns	     48293	80009cd4	2117ac53	fsgnjx.s	f24,f15,f17	 f15:0x35024000 f17:0x7fc00000 f24=0x35024000
     482975.000 ns	     48296	80009cd8	f00d8453	fmv.w.x	f8,x27	 x27:0x00000000  f8=0x00000000
     482995.000 ns	     48298	80009cdc	00436bb3	or	x23,x6,x4	  x6:0x80041024  x4:0x00000000 x23=0x80041024
     483015.000 ns	     48300	80009ce0	e0031ad3	fclass.s	x21,f6	  f6:0xca848a20 x21=0x00000002
     483045.000 ns	     48303	80009ce4	020831b3	mulhu	x3,x16,x0	 x16:0x00000417  x0:0x00000000  x3=0x00000000
     483075.000 ns	     48306	80009ce8	e00690d3	fclass.s	x1,f13	 f13:0x00000001  x1=0x00000020
     483105.000 ns	     48309	80009cec	a1a60053	fle.s	x0,f12,f26	 f12:0xc4010000 f26:0x7fc00000
     483125.000 ns	     48311	80009cf0	00000013	addi	x0,x0,0	  x0:0x00000000
     483145.000 ns	     48313	80009cf4	a1549ed3	flt.s	x29,f9,f21	  f9:0x40000000 f21:0x7fc00000 x29=0x00000000
     483165.000 ns	     48315	80009cf8	40a75993	srai	x19,x14,0xa	 x14:0x00000082 x19=0x00000000
     483175.000 ns	     48316	80009cfc	efa68437	lui	x8,0xefa68	  x8=0xefa68000
     483185.000 ns	     48317	80009d00	017770b3	and	x1,x14,x23	 x14:0x00000082 x23:0x80041024  x1=0x00000000
     483205.000 ns	     48319	80009d04	d0120bd3	fcvt.s.wu	f23,x4	  x4:0x00000000 f23=0x00000000
     483225.000 ns	     48321	80009d08	d37ac237	lui	x4,0xd37ac	  x4=0xd37ac000
     483265.000 ns	     48325	80009d0c	01c01953	fadd.s	f18,f0,f28	  f0:0xd317eb73 f28:0xc0752560 f18=0xd317eb73
     483295.000 ns	     48328	80009d10	c00e7453	fcvt.w.s	x8,f28	 f28:0xc0752560  x8=0x00000003
     483315.000 ns	     48330	80009d14	c7cf0cb7	lui	x25,0xc7cf0	 x25=0xc7cf0000
     483335.000 ns	     48332	80009d18	e0020253	fmv.x.w	x4,f4	  f4:0x00000000  x4=0x00000000
     483355.000 ns	     48334	80009d1c	99463813	sltiu	x16,x12,-1644	 x12:0x00000001 x16=0x00000001
     483365.000 ns	     48335	80009d20	00baddb3	srl	x27,x21,x11	 x21:0x00000002 x11:0x000005c5 x27=0x00000000
     483385.000 ns	     48337	80009d24	03aa5133	divu	x2,x20,x26	 x20:0x00000000 x26:0x00000000  x2=0xffffffff
     483405.000 ns	     48339	80009d28	011c3cb3	sltu	x25,x24,x17	 x24:0x00000416 x17:0x00000001 x25=0x00000000
     483415.000 ns	     48340	80009d2c	01d545b3	xor	x11,x10,x29	 x10:0x00000000 x29:0x00000000 x11=0x00000000
     483455.000 ns	     48344	80009d30	001bf853	fadd.s	f16,f23,f1	 f23:0x00000000  f1:0xc4010000 f16=0xc4010000
     483475.000 ns	     48346	80009d34	41c751b3	sra	x3,x14,x28	 x14:0x00000082 x28:0x80040fe4  x3=0x00000008
     483495.000 ns	     48348	80009d38	20da1d53	fsgnjn.s	f26,f20,f13	 f20:0x5317eb73 f13:0x00000001 f26=0xd317eb73
     483525.000 ns	     48351	80009d3c	034c2b33	mulhsu	x22,x24,x20	 x24:0x00000416 x20:0x00000000 x22=0x00000000
     483545.000 ns	     48353	80009d40	00fd93b3	sll	x7,x27,x15	 x27:0x00000000 x15:0x00000002  x7=0x00000000
     483565.000 ns	     48355	80009d44	e0008bd3	fmv.x.w	x23,f1	  f1:0xc4010000 x23=0xc4010000
     483595.000 ns	     48358	80009d48	0342c3b3	div	x7,x5,x20	  x5:0x00000000 x20:0x00000000  x7=0xffffffff
     483625.000 ns	     48361	80009d4c	a05586d3	fle.s	x13,f11,f5	 f11:0x4efa0000  f5:0xcb6ee4c4 x13=0x00000000
     483645.000 ns	     48363	80009d50	01bd1533	sll	x10,x26,x27	 x26:0x00000000 x27:0x00000000 x10=0x00000000
     483655.000 ns	     48364	80009d54	004a9433	sll	x8,x21,x4	 x21:0x00000002  x4:0x00000000  x8=0x00000002
     483675.000 ns	     48366	80009d58	296e0053	fmin.s	f0,f28,f22	 f28:0xc0752560 f22:0x80000000  f0=0xc0752560
     483695.000 ns	     48368	80009d5c	a1690113	addi	x2,x18,-1514	 x18:0x72d7cc58  x2=0x72d7c66e
     483705.000 ns	     48369	80009d60	013416b3	sll	x13,x8,x19	  x8:0x00000002 x19:0x00000000 x13=0x00000002
     483725.000 ns	     48371	80009d64	02642933	mulhsu	x18,x8,x6	  x8:0x00000002  x6:0x80041024 x18=0x00000001
     483765.000 ns	     48375	80009d68	11ed2353	fmul.s	f6,f26,f30	 f26:0xd317eb73 f30:0x45024000  f6=0xd89a9717
     483795.000 ns	     48378	80009d6c	211d92d3	fsgnjn.s	f5,f27,f17	 f27:0x3f800000 f17:0x7fc00000  f5=0xbf800000
     483825.000 ns	     48381	80009d70	20aba1d3	fsgnjx.s	f3,f23,f10	 f23:0x00000000 f10:0x45024000  f3=0x00000000
     483845.000 ns	     48383	80009d74	01dd9433	sll	x8,x27,x29	 x27:0x00000000 x29:0x00000000  x8=0x00000000
     483865.000 ns	     48385	80009d78	e00808d3	fmv.x.w	x17,f16	 f16:0xc4010000 x17=0xc4010000
     483895.000 ns	     48388	80009d7c	d01ff853	fcvt.s.wu	f16,x31	 x31:0x00000001 f16=0x3f800000
     483915.000 ns	     48390	80009d80	4249b193	sltiu	x3,x19,1060	 x19:0x00000000  x3=0x00000001
     483925.000 ns	     48391	80009d84	0061c4b3	xor	x9,x3,x6	  x3:0x00000008  x6:0x80041024  x9=0x80041025
     483955.000 ns	     48394	80009d88	115713d3	fmul.s	f7,f14,f21	 f14:0xced732f5 f21:0x7fc00000  f7=0x7fc00000
     483985.000 ns	     48397	80009d8c	f00400d3	fmv.w.x	f1,x8	  x8:0x00000000  f1=0x00000000
     484005.000 ns	     48399	80009d90	01f63733	sltu	x14,x12,x31	 x12:0x00000001 x31:0x00000001 x14=0x00000000
     484025.000 ns	     48401	80009d94	c00cfed3	fcvt.w.s	x29,f25	 f25:0x7fc00000 x29=0x7fffffff
     484055.000 ns	     48404	80009d98	283589d3	fmin.s	f19,f11,f3	 f11:0x4efa0000  f3:0x00000000 f19=0x00000000
     484085.000 ns	     48407	80009d9c	e0078a53	fmv.x.w	x20,f15	 f15:0x35024000 x20=0x35024000
     484105.000 ns	     48409	80009da0	7e7b6293	ori	x5,x22,2023	 x22:0x00000000  x5=0x000007e7
     484125.000 ns	     48411	80009da4	e0078ed3	fmv.x.w	x29,f15	 f15:0x35024000 x29=0x35024000
     484145.000 ns	     48413	80009da8	4d008a13	addi	x20,x1,1232	  x1:0x00000000 x20=0x000004d0
     484165.000 ns	     48415	80009dac	c00da453	fcvt.w.s	x8,f27	 f27:0x3f800000  x8=0x00000001
     484185.000 ns	     48417	80009db0	011b8f33	add	x30,x23,x17	 x23:0xc4010000 x17:0xc4010000 x30=0x88020000
     484205.000 ns	     48419	80009db4	288916d3	fmax.s	f13,f18,f8	 f18:0xd317eb73  f8:0x00000000 f13=0x00000000
     484575.000 ns	     48456	80009db8	032deab3	rem	x21,x27,x18	 x27:0x00000000 x18:0x00000001 x21=0x00000000
     484615.000 ns	     48460	80009dbc	18ecf5d3	fdiv.s	f11,f25,f14	 f25:0x7fc00000 f14:0xced732f5 f11=0x7fc00000
     484645.000 ns	     48463	80009dc0	20560853	fsgnj.s	f16,f12,f5	 f12:0xc4010000  f5:0xbf800000 f16=0xc4010000
     484675.000 ns	     48466	80009dc4	c0157d53	fcvt.wu.s	x26,f10	 f10:0x45024000 x26=0x00000824
     484705.000 ns	     48469	80009dc8	f00908d3	fmv.w.x	f17,x18	 x18:0x00000001 f17=0x00000001
     484735.000 ns	     48472	80009dcc	02ba9fb3	mulh	x31,x21,x11	 x21:0x00000000 x11:0x00000000 x31=0x00000000
     484765.000 ns	     48475	80009dd0	d00f7853	fcvt.s.w	f16,x30	 x30:0x88020000 f16=0xceeffc00
     484785.000 ns	     48477	80009dd4	ff4d5c97	auipc	x25,0xff4d5	 x25=0x7f4dedd4
     484795.000 ns	     48478	80009dd8	0010d0b3	srl	x1,x1,x1	  x1:0x00000000  x1:0x00000000  x1=0x00000000
     484815.000 ns	     48480	80009ddc	03803733	mulhu	x14,x0,x24	  x0:0x00000000 x24:0x00000416 x14=0x00000000
     484845.000 ns	     48483	80009de0	e0059c53	fclass.s	x24,f11	 f11:0x7fc00000 x24=0x00000200
     484875.000 ns	     48486	80009de4	03557933	remu	x18,x10,x21	 x10:0x00000000 x21:0x00000000 x18=0x00000000
     484895.000 ns	     48488	80009de8	01ffb1b3	sltu	x3,x31,x31	 x31:0x00000000 x31:0x00000000  x3=0x00000000
     484915.000 ns	     48490	80009dec	c016f5d3	fcvt.wu.s	x11,f13	 f13:0x00000000 x11=0x00000000
     484935.000 ns	     48492	80009df0	00000013	addi	x0,x0,0	  x0:0x00000000
     484945.000 ns	     48493	80009df4	00fe75b3	and	x11,x28,x15	 x28:0x80040fe4 x15:0x00000002 x11=0x00000000
     484955.000 ns	     48494	80009df8	007a6ab3	or	x21,x20,x7	 x20:0x000004d0  x7:0xffffffff x21=0xffffffff
     484965.000 ns	     48495	80009dfc	01defdb3	and	x27,x29,x29	 x29:0x35024000 x29:0x35024000 x27=0x35024000
     484975.000 ns	     48496	80009e00	ca1ab193	sltiu	x3,x21,-863	 x21:0x00000000  x3=0x00000000
     486145.000 ns	     48613	80009e04	580a7053	fsqrt.s	f0,f20	 f20:0x5317eb73  f0=0x48d6d830
     486165.000 ns	     48615	80009e08	2f822293	slti	x5,x4,760	  x4:0x00000000  x5=0x00000001
     486175.000 ns	     48616	80009e0c	01be7fb3	and	x31,x28,x27	 x28:0x80040fe4 x27:0x35024000 x31=0x00000000
     486195.000 ns	     48618	80009e10	29ee0753	fmin.s	f14,f28,f30	 f28:0xc0752560 f30:0x45024000 f14=0xc0752560
     486225.000 ns	     48621	80009e14	2008a5d3	fsgnjx.s	f11,f17,f0	 f17:0x00000001  f0:0x48d6d830 f11=0x00000001
     487405.000 ns	     48739	80009e18	5807a353	fsqrt.s	f6,f15	 f15:0x35024000  f6=0x39b83312
     487435.000 ns	     48742	80009e1c	0216bfb3	mulhu	x31,x13,x1	 x13:0x00000002  x1:0x00000000 x31=0x00000000
     487455.000 ns	     48744	80009e20	86b8a693	slti	x13,x17,-1941	 x17:0xc4010000 x13=0x00000001
     487485.000 ns	     48747	80009e24	182877d3	fdiv.s	f15,f16,f2	 f16:0xceeffc00  f2:0x00000000 f15=0xff800000
     487515.000 ns	     48750	80009e28	28b09653	fmax.s	f12,f1,f11	  f1:0x00000000 f11:0x00000001 f12=0x00000001
     487545.000 ns	     48753	80009e2c	2006ac53	fsgnjx.s	f24,f13,f0	 f13:0x00000000  f0:0x48d6d830 f24=0x00000000
     488725.000 ns	     48871	80009e30	5804f453	fsqrt.s	f8,f9	  f9:0x40000000  f8=0x3f350482
     488745.000 ns	     48873	80009e34	0a8176b7	lui	x13,0xa817	 x13=0x0a817000
     488765.000 ns	     48875	80009e38	022505b3	mul	x11,x10,x2	 x10:0x00000000  x2:0x72d7c66e x11=0x00000000
     488795.000 ns	     48878	80009e3c	c016a0d3	fcvt.wu.s	x1,f13	 f13:0x00000000  x1=0x00000000
     488845.000 ns	     48883	80009e40	006409d3	fadd.s	f19,f8,f6	  f8:0x3f350482  f6:0x39b83312 f19=0x3f351b88
     488875.000 ns	     48886	80009e44	28159fd3	fmax.s	f31,f11,f1	 f11:0x00000001  f1:0x00000000 f31=0x00000001
     488905.000 ns	     48889	80009e48	e0070653	fmv.x.w	x12,f14	 f14:0xc0752560 x12=0xc0752560
     488935.000 ns	     48892	80009e4c	d004f7d3	fcvt.s.w	f15,x9	  x9:0x80041025 f15=0xcefff7df
     488965.000 ns	     48895	80009e50	02133833	mulhu	x16,x6,x1	  x6:0x80041024  x1:0x00000000 x16=0x00000000
     488995.000 ns	     48898	80009e54	c01170d3	fcvt.wu.s	x1,f2	  f2:0x00000000  x1=0x00000000
     489015.000 ns	     48900	80009e58	3f152813	slti	x16,x10,1009	 x10:0x00000000 x16=0x00000001
     489025.000 ns	     48901	80009e5c	4140dbb3	sra	x23,x1,x20	  x1:0x00000000 x20:0x000004d0 x23=0x00000000
     489045.000 ns	     48903	80009e60	d012c053	fcvt.s.wu	f0,x5	  x5:0x00000001  f0=0x3f800000
     489065.000 ns	     48905	80009e64	01339b33	sll	x22,x7,x19	  x7:0xffffffff x19:0x00000000 x22=0xffffffff
     489085.000 ns	     48907	80009e68	217b0c53	fsgnj.s	f24,f22,f23	 f22:0x80000000 f23:0x00000000 f24=0x00000000
     489105.000 ns	     48909	80009e6c	01759d33	sll	x26,x11,x23	 x11:0x00000000 x23:0x00000000 x26=0x00000000
     489125.000 ns	     48911	80009e70	03108eb3	mul	x29,x1,x17	  x1:0x00000000 x17:0xc4010000 x29=0x00000000
     489495.000 ns	     48948	80009e74	02f3f8b3	remu	x17,x7,x15	  x7:0xffffffff x15:0x00000002 x17=0x00000001
     489515.000 ns	     48950	80009e78	017cd593	srli	x11,x25,0x17	 x25:0x7f4dedd4 x11=0x000000fe
     489535.000 ns	     48952	80009e7c	c0182553	fcvt.wu.s	x10,f16	 f16:0xceeffc00 x10=0x77fe0000
     489565.000 ns	     48955	80009e80	a0229453	flt.s	x8,f5,f2	  f5:0xbf800000  f2:0x00000000  x8=0x00000001
     489595.000 ns	     48958	80009e84	d017f553	fcvt.s.wu	f10,x15	 x15:0x00000002 f10=0x40000000
     489625.000 ns	     48961	80009e88	a1b526d3	feq.s	x13,f10,f27	 f10:0x45024000 f27:0x3f800000 x13=0x00000000
     489645.000 ns	     48963	80009e8c	00000797	auipc	x15,0x0	 x15=0x80009e8c
     489655.000 ns	     48964	80009e90	00c78793	addi	x15,x15,12	 x15:0x00000002 x15=0x80009e98
     489665.000 ns	     48965	80009e94	00078067	jalr	x0,x15,0	 x15:0x00000002
     489715.000 ns	     48970	80009e98	00100193	addi	x3,x0,1	  x0:0x00000000  x3=0x00000001
     489725.000 ns	     48971	80009e9c	00000073	ecall	
     489735.000 ns	     48972	80009ea0	00036f17	auipc	x30,0x36	 x30=0x8003fea0
     489745.000 ns	     48973	80009ea4	163f2023	sw	x3,352(x30)	 x30:0x88020000  x3:0x00000001 PA:0xxxxxxxxx
     489765.000 ns	     48975	80009ea8	ff9ff06f	jal	x0,80009ea4	
     489815.000 ns	     48980	80009ea0	00036f17	auipc	x30,0x36	 x30=0x8003fea0
     489825.000 ns	     48981	80009ea4	163f2023	sw	x3,352(x30)	 x30:0x8003fea0  x3:0x00000001 PA:0xxxxxxxxx
     489845.000 ns	     48983	80009ea8	ff9ff06f	jal	x0,80009ea4	
     489895.000 ns	     48988	80009ea0	00036f17	auipc	x30,0x36	 x30=0x8003fea0
     489905.000 ns	     48989	80009ea4	163f2023	sw	x3,352(x30)	 x30:0x8003fea0  x3:0x00000001 PA:0xxxxxxxxx
     489925.000 ns	     48991	80009ea8	ff9ff06f	jal	x0,80009ea4	
     489975.000 ns	     48996	80009ea0	00036f17	auipc	x30,0x36	 x30=0x8003fea0
     489985.000 ns	     48997	80009ea4	163f2023	sw	x3,352(x30)	 x30:0x8003fea0  x3:0x00000001 PA:0xxxxxxxxx
     490005.000 ns	     48999	80009ea8	ff9ff06f	jal	x0,80009ea4	
     490055.000 ns	     49004	80009ea0	00036f17	auipc	x30,0x36	 x30=0x8003fea0
     490065.000 ns	     49005	80009ea4	163f2023	sw	x3,352(x30)	 x30:0x8003fea0  x3:0x00000001 PA:0xxxxxxxxx
     490085.000 ns	     49007	80009ea8	ff9ff06f	jal	x0,80009ea4	
     490135.000 ns	     49012	80009ea0	00036f17	auipc	x30,0x36	 x30=0x8003fea0
     490145.000 ns	     49013	80009ea4	163f2023	sw	x3,352(x30)	 x30:0x8003fea0  x3:0x00000001 PA:0xxxxxxxxx
     490165.000 ns	     49015	80009ea8	ff9ff06f	jal	x0,80009ea4	
     490215.000 ns	     49020	80009ea0	00036f17	auipc	x30,0x36	 x30=0x8003fea0
     490225.000 ns	     49021	80009ea4	163f2023	sw	x3,352(x30)	 x30:0x8003fea0  x3:0x00000001 PA:0xxxxxxxxx
     490245.000 ns	     49023	80009ea8	ff9ff06f	jal	x0,80009ea4	
     490295.000 ns	     49028	80009ea0	00036f17	auipc	x30,0x36	 x30=0x8003fea0
     490305.000 ns	     49029	80009ea4	163f2023	sw	x3,352(x30)	 x30:0x8003fea0  x3:0x00000001 PA:0xxxxxxxxx
     490325.000 ns	     49031	80009ea8	ff9ff06f	jal	x0,80009ea4	
     490375.000 ns	     49036	80009ea0	00036f17	auipc	x30,0x36	 x30=0x8003fea0
     490385.000 ns	     49037	80009ea4	163f2023	sw	x3,352(x30)	 x30:0x8003fea0  x3:0x00000001 PA:0xxxxxxxxx
     490405.000 ns	     49039	80009ea8	ff9ff06f	jal	x0,80009ea4	
     490455.000 ns	     49044	80009ea0	00036f17	auipc	x30,0x36	 x30=0x8003fea0
     490465.000 ns	     49045	80009ea4	163f2023	sw	x3,352(x30)	 x30:0x8003fea0  x3:0x00000001 PA:0xxxxxxxxx
     490485.000 ns	     49047	80009ea8	ff9ff06f	jal	x0,80009ea4	
     490535.000 ns	     49052	80009ea0	00036f17	auipc	x30,0x36	 x30=0x8003fea0
     490545.000 ns	     49053	80009ea4	163f2023	sw	x3,352(x30)	 x30:0x8003fea0  x3:0x00000001 PA:0xxxxxxxxx
     490565.000 ns	     49055	80009ea8	ff9ff06f	jal	x0,80009ea4	
     490615.000 ns	     49060	80009ea0	00036f17	auipc	x30,0x36	 x30=0x8003fea0
     490625.000 ns	     49061	80009ea4	163f2023	sw	x3,352(x30)	 x30:0x8003fea0  x3:0x00000001 PA:0xxxxxxxxx
     490645.000 ns	     49063	80009ea8	ff9ff06f	jal	x0,80009ea4	
     490695.000 ns	     49068	80009ea0	00036f17	auipc	x30,0x36	 x30=0x8003fea0
     490705.000 ns	     49069	80009ea4	163f2023	sw	x3,352(x30)	 x30:0x8003fea0  x3:0x00000001 PA:0xxxxxxxxx
     490725.000 ns	     49071	80009ea8	ff9ff06f	jal	x0,80009ea4	
     490775.000 ns	     49076	80009ea0	00036f17	auipc	x30,0x36	 x30=0x8003fea0
     490785.000 ns	     49077	80009ea4	163f2023	sw	x3,352(x30)	 x30:0x8003fea0  x3:0x00000001 PA:0xxxxxxxxx
     490805.000 ns	     49079	80009ea8	ff9ff06f	jal	x0,80009ea4	
     490855.000 ns	     49084	80009ea0	00036f17	auipc	x30,0x36	 x30=0x8003fea0
     490865.000 ns	     49085	80009ea4	163f2023	sw	x3,352(x30)	 x30:0x8003fea0  x3:0x00000001 PA:0xxxxxxxxx
     490885.000 ns	     49087	80009ea8	ff9ff06f	jal	x0,80009ea4	
     490935.000 ns	     49092	80009ea0	00036f17	auipc	x30,0x36	 x30=0x8003fea0
     490945.000 ns	     49093	80009ea4	163f2023	sw	x3,352(x30)	 x30:0x8003fea0  x3:0x00000001 PA:0xxxxxxxxx
     490965.000 ns	     49095	80009ea8	ff9ff06f	jal	x0,80009ea4	
     491015.000 ns	     49100	80009ea0	00036f17	auipc	x30,0x36	 x30=0x8003fea0
     491025.000 ns	     49101	80009ea4	163f2023	sw	x3,352(x30)	 x30:0x8003fea0  x3:0x00000001 PA:0xxxxxxxxx
     491045.000 ns	     49103	80009ea8	ff9ff06f	jal	x0,80009ea4	
     491095.000 ns	     49108	80009ea0	00036f17	auipc	x30,0x36	 x30=0x8003fea0
     491105.000 ns	     49109	80009ea4	163f2023	sw	x3,352(x30)	 x30:0x8003fea0  x3:0x00000001 PA:0xxxxxxxxx
     491125.000 ns	     49111	80009ea8	ff9ff06f	jal	x0,80009ea4	
     491175.000 ns	     49116	80009ea0	00036f17	auipc	x30,0x36	 x30=0x8003fea0
     491185.000 ns	     49117	80009ea4	163f2023	sw	x3,352(x30)	 x30:0x8003fea0  x3:0x00000001 PA:0xxxxxxxxx
     491205.000 ns	     49119	80009ea8	ff9ff06f	jal	x0,80009ea4	
     491255.000 ns	     49124	80009ea0	00036f17	auipc	x30,0x36	 x30=0x8003fea0
     491265.000 ns	     49125	80009ea4	163f2023	sw	x3,352(x30)	 x30:0x8003fea0  x3:0x00000001 PA:0xxxxxxxxx
     491285.000 ns	     49127	80009ea8	ff9ff06f	jal	x0,80009ea4	
     491335.000 ns	     49132	80009ea0	00036f17	auipc	x30,0x36	 x30=0x8003fea0
     491345.000 ns	     49133	80009ea4	163f2023	sw	x3,352(x30)	 x30:0x8003fea0  x3:0x00000001 PA:0xxxxxxxxx
     491365.000 ns	     49135	80009ea8	ff9ff06f	jal	x0,80009ea4	
     491415.000 ns	     49140	80009ea0	00036f17	auipc	x30,0x36	 x30=0x8003fea0
     491425.000 ns	     49141	80009ea4	163f2023	sw	x3,352(x30)	 x30:0x8003fea0  x3:0x00000001 PA:0xxxxxxxxx
     491445.000 ns	     49143	80009ea8	ff9ff06f	jal	x0,80009ea4	
     491495.000 ns	     49148	80009ea0	00036f17	auipc	x30,0x36	 x30=0x8003fea0
     491505.000 ns	     49149	80009ea4	163f2023	sw	x3,352(x30)	 x30:0x8003fea0  x3:0x00000001 PA:0xxxxxxxxx
     491525.000 ns	     49151	80009ea8	ff9ff06f	jal	x0,80009ea4	
     491575.000 ns	     49156	80009ea0	00036f17	auipc	x30,0x36	 x30=0x8003fea0
     491585.000 ns	     49157	80009ea4	163f2023	sw	x3,352(x30)	 x30:0x8003fea0  x3:0x00000001 PA:0xxxxxxxxx
     491605.000 ns	     49159	80009ea8	ff9ff06f	jal	x0,80009ea4	
     491655.000 ns	     49164	80009ea0	00036f17	auipc	x30,0x36	 x30=0x8003fea0
     491665.000 ns	     49165	80009ea4	163f2023	sw	x3,352(x30)	 x30:0x8003fea0  x3:0x00000001 PA:0xxxxxxxxx
     491685.000 ns	     49167	80009ea8	ff9ff06f	jal	x0,80009ea4	
     491735.000 ns	     49172	80009ea0	00036f17	auipc	x30,0x36	 x30=0x8003fea0
     491745.000 ns	     49173	80009ea4	163f2023	sw	x3,352(x30)	 x30:0x8003fea0  x3:0x00000001 PA:0xxxxxxxxx
     491765.000 ns	     49175	80009ea8	ff9ff06f	jal	x0,80009ea4	
     491815.000 ns	     49180	80009ea0	00036f17	auipc	x30,0x36	 x30=0x8003fea0
     491825.000 ns	     49181	80009ea4	163f2023	sw	x3,352(x30)	 x30:0x8003fea0  x3:0x00000001 PA:0xxxxxxxxx
     491845.000 ns	     49183	80009ea8	ff9ff06f	jal	x0,80009ea4	
     491895.000 ns	     49188	80009ea0	00036f17	auipc	x30,0x36	 x30=0x8003fea0
     491905.000 ns	     49189	80009ea4	163f2023	sw	x3,352(x30)	 x30:0x8003fea0  x3:0x00000001 PA:0xxxxxxxxx
     491925.000 ns	     49191	80009ea8	ff9ff06f	jal	x0,80009ea4	
     491975.000 ns	     49196	80009ea0	00036f17	auipc	x30,0x36	 x30=0x8003fea0
     491985.000 ns	     49197	80009ea4	163f2023	sw	x3,352(x30)	 x30:0x8003fea0  x3:0x00000001 PA:0xxxxxxxxx
     492005.000 ns	     49199	80009ea8	ff9ff06f	jal	x0,80009ea4	
     492055.000 ns	     49204	80009ea0	00036f17	auipc	x30,0x36	 x30=0x8003fea0
     492065.000 ns	     49205	80009ea4	163f2023	sw	x3,352(x30)	 x30:0x8003fea0  x3:0x00000001 PA:0xxxxxxxxx
     492085.000 ns	     49207	80009ea8	ff9ff06f	jal	x0,80009ea4	
     492135.000 ns	     49212	80009ea0	00036f17	auipc	x30,0x36	 x30=0x8003fea0
     492145.000 ns	     49213	80009ea4	163f2023	sw	x3,352(x30)	 x30:0x8003fea0  x3:0x00000001 PA:0xxxxxxxxx
     492165.000 ns	     49215	80009ea8	ff9ff06f	jal	x0,80009ea4	
     492215.000 ns	     49220	80009ea0	00036f17	auipc	x30,0x36	 x30=0x8003fea0
     492225.000 ns	     49221	80009ea4	163f2023	sw	x3,352(x30)	 x30:0x8003fea0  x3:0x00000001 PA:0xxxxxxxxx
     492245.000 ns	     49223	80009ea8	ff9ff06f	jal	x0,80009ea4	
     492295.000 ns	     49228	80009ea0	00036f17	auipc	x30,0x36	 x30=0x8003fea0
     492305.000 ns	     49229	80009ea4	163f2023	sw	x3,352(x30)	 x30:0x8003fea0  x3:0x00000001 PA:0xxxxxxxxx
     492325.000 ns	     49231	80009ea8	ff9ff06f	jal	x0,80009ea4	
     492375.000 ns	     49236	80009ea0	00036f17	auipc	x30,0x36	 x30=0x8003fea0
     492385.000 ns	     49237	80009ea4	163f2023	sw	x3,352(x30)	 x30:0x8003fea0  x3:0x00000001 PA:0xxxxxxxxx
     492405.000 ns	     49239	80009ea8	ff9ff06f	jal	x0,80009ea4	
     492455.000 ns	     49244	80009ea0	00036f17	auipc	x30,0x36	 x30=0x8003fea0
     492465.000 ns	     49245	80009ea4	163f2023	sw	x3,352(x30)	 x30:0x8003fea0  x3:0x00000001 PA:0xxxxxxxxx
     492485.000 ns	     49247	80009ea8	ff9ff06f	jal	x0,80009ea4	
     492535.000 ns	     49252	80009ea0	00036f17	auipc	x30,0x36	 x30=0x8003fea0
     492545.000 ns	     49253	80009ea4	163f2023	sw	x3,352(x30)	 x30:0x8003fea0  x3:0x00000001 PA:0xxxxxxxxx
     492565.000 ns	     49255	80009ea8	ff9ff06f	jal	x0,80009ea4	
     492615.000 ns	     49260	80009ea0	00036f17	auipc	x30,0x36	 x30=0x8003fea0
     492625.000 ns	     49261	80009ea4	163f2023	sw	x3,352(x30)	 x30:0x8003fea0  x3:0x00000001 PA:0xxxxxxxxx
     492645.000 ns	     49263	80009ea8	ff9ff06f	jal	x0,80009ea4	
     492695.000 ns	     49268	80009ea0	00036f17	auipc	x30,0x36	 x30=0x8003fea0
     492705.000 ns	     49269	80009ea4	163f2023	sw	x3,352(x30)	 x30:0x8003fea0  x3:0x00000001 PA:0xxxxxxxxx
     492725.000 ns	     49271	80009ea8	ff9ff06f	jal	x0,80009ea4	
     492775.000 ns	     49276	80009ea0	00036f17	auipc	x30,0x36	 x30=0x8003fea0
     492785.000 ns	     49277	80009ea4	163f2023	sw	x3,352(x30)	 x30:0x8003fea0  x3:0x00000001 PA:0xxxxxxxxx
     492805.000 ns	     49279	80009ea8	ff9ff06f	jal	x0,80009ea4	
     492855.000 ns	     49284	80009ea0	00036f17	auipc	x30,0x36	 x30=0x8003fea0
     492865.000 ns	     49285	80009ea4	163f2023	sw	x3,352(x30)	 x30:0x8003fea0  x3:0x00000001 PA:0xxxxxxxxx
     492885.000 ns	     49287	80009ea8	ff9ff06f	jal	x0,80009ea4	
     492935.000 ns	     49292	80009ea0	00036f17	auipc	x30,0x36	 x30=0x8003fea0
     492945.000 ns	     49293	80009ea4	163f2023	sw	x3,352(x30)	 x30:0x8003fea0  x3:0x00000001 PA:0xxxxxxxxx
     492965.000 ns	     49295	80009ea8	ff9ff06f	jal	x0,80009ea4	
     493015.000 ns	     49300	80009ea0	00036f17	auipc	x30,0x36	 x30=0x8003fea0
     493025.000 ns	     49301	80009ea4	163f2023	sw	x3,352(x30)	 x30:0x8003fea0  x3:0x00000001 PA:0xxxxxxxxx
     493045.000 ns	     49303	80009ea8	ff9ff06f	jal	x0,80009ea4	
     493095.000 ns	     49308	80009ea0	00036f17	auipc	x30,0x36	 x30=0x8003fea0
     493105.000 ns	     49309	80009ea4	163f2023	sw	x3,352(x30)	 x30:0x8003fea0  x3:0x00000001 PA:0xxxxxxxxx
     493125.000 ns	     49311	80009ea8	ff9ff06f	jal	x0,80009ea4	
     493175.000 ns	     49316	80009ea0	00036f17	auipc	x30,0x36	 x30=0x8003fea0
     493185.000 ns	     49317	80009ea4	163f2023	sw	x3,352(x30)	 x30:0x8003fea0  x3:0x00000001 PA:0xxxxxxxxx
     493205.000 ns	     49319	80009ea8	ff9ff06f	jal	x0,80009ea4	
     493255.000 ns	     49324	80009ea0	00036f17	auipc	x30,0x36	 x30=0x8003fea0
     493265.000 ns	     49325	80009ea4	163f2023	sw	x3,352(x30)	 x30:0x8003fea0  x3:0x00000001 PA:0xxxxxxxxx
     493285.000 ns	     49327	80009ea8	ff9ff06f	jal	x0,80009ea4	
     493335.000 ns	     49332	80009ea0	00036f17	auipc	x30,0x36	 x30=0x8003fea0
     493345.000 ns	     49333	80009ea4	163f2023	sw	x3,352(x30)	 x30:0x8003fea0  x3:0x00000001 PA:0xxxxxxxxx
     493365.000 ns	     49335	80009ea8	ff9ff06f	jal	x0,80009ea4	
     493415.000 ns	     49340	80009ea0	00036f17	auipc	x30,0x36	 x30=0x8003fea0
     493425.000 ns	     49341	80009ea4	163f2023	sw	x3,352(x30)	 x30:0x8003fea0  x3:0x00000001 PA:0xxxxxxxxx
     493445.000 ns	     49343	80009ea8	ff9ff06f	jal	x0,80009ea4	
     493495.000 ns	     49348	80009ea0	00036f17	auipc	x30,0x36	 x30=0x8003fea0
     493505.000 ns	     49349	80009ea4	163f2023	sw	x3,352(x30)	 x30:0x8003fea0  x3:0x00000001 PA:0xxxxxxxxx
     493525.000 ns	     49351	80009ea8	ff9ff06f	jal	x0,80009ea4	
     493575.000 ns	     49356	80009ea0	00036f17	auipc	x30,0x36	 x30=0x8003fea0
     493585.000 ns	     49357	80009ea4	163f2023	sw	x3,352(x30)	 x30:0x8003fea0  x3:0x00000001 PA:0xxxxxxxxx
     493605.000 ns	     49359	80009ea8	ff9ff06f	jal	x0,80009ea4	
     493655.000 ns	     49364	80009ea0	00036f17	auipc	x30,0x36	 x30=0x8003fea0
     493665.000 ns	     49365	80009ea4	163f2023	sw	x3,352(x30)	 x30:0x8003fea0  x3:0x00000001 PA:0xxxxxxxxx
     493685.000 ns	     49367	80009ea8	ff9ff06f	jal	x0,80009ea4	
     493735.000 ns	     49372	80009ea0	00036f17	auipc	x30,0x36	 x30=0x8003fea0
     493745.000 ns	     49373	80009ea4	163f2023	sw	x3,352(x30)	 x30:0x8003fea0  x3:0x00000001 PA:0xxxxxxxxx
     493765.000 ns	     49375	80009ea8	ff9ff06f	jal	x0,80009ea4	
     493815.000 ns	     49380	80009ea0	00036f17	auipc	x30,0x36	 x30=0x8003fea0
     493825.000 ns	     49381	80009ea4	163f2023	sw	x3,352(x30)	 x30:0x8003fea0  x3:0x00000001 PA:0xxxxxxxxx
     493845.000 ns	     49383	80009ea8	ff9ff06f	jal	x0,80009ea4	
     493895.000 ns	     49388	80009ea0	00036f17	auipc	x30,0x36	 x30=0x8003fea0
     493905.000 ns	     49389	80009ea4	163f2023	sw	x3,352(x30)	 x30:0x8003fea0  x3:0x00000001 PA:0xxxxxxxxx
     493925.000 ns	     49391	80009ea8	ff9ff06f	jal	x0,80009ea4	
     493975.000 ns	     49396	80009ea0	00036f17	auipc	x30,0x36	 x30=0x8003fea0
     493985.000 ns	     49397	80009ea4	163f2023	sw	x3,352(x30)	 x30:0x8003fea0  x3:0x00000001 PA:0xxxxxxxxx
     494005.000 ns	     49399	80009ea8	ff9ff06f	jal	x0,80009ea4	
     494055.000 ns	     49404	80009ea0	00036f17	auipc	x30,0x36	 x30=0x8003fea0
     494065.000 ns	     49405	80009ea4	163f2023	sw	x3,352(x30)	 x30:0x8003fea0  x3:0x00000001 PA:0xxxxxxxxx
     494085.000 ns	     49407	80009ea8	ff9ff06f	jal	x0,80009ea4	
     494135.000 ns	     49412	80009ea0	00036f17	auipc	x30,0x36	 x30=0x8003fea0
     494145.000 ns	     49413	80009ea4	163f2023	sw	x3,352(x30)	 x30:0x8003fea0  x3:0x00000001 PA:0xxxxxxxxx
     494165.000 ns	     49415	80009ea8	ff9ff06f	jal	x0,80009ea4	
     494215.000 ns	     49420	80009ea0	00036f17	auipc	x30,0x36	 x30=0x8003fea0
     494225.000 ns	     49421	80009ea4	163f2023	sw	x3,352(x30)	 x30:0x8003fea0  x3:0x00000001 PA:0xxxxxxxxx
     494245.000 ns	     49423	80009ea8	ff9ff06f	jal	x0,80009ea4	
     494295.000 ns	     49428	80009ea0	00036f17	auipc	x30,0x36	 x30=0x8003fea0
     494305.000 ns	     49429	80009ea4	163f2023	sw	x3,352(x30)	 x30:0x8003fea0  x3:0x00000001 PA:0xxxxxxxxx
     494325.000 ns	     49431	80009ea8	ff9ff06f	jal	x0,80009ea4	
     494375.000 ns	     49436	80009ea0	00036f17	auipc	x30,0x36	 x30=0x8003fea0
     494385.000 ns	     49437	80009ea4	163f2023	sw	x3,352(x30)	 x30:0x8003fea0  x3:0x00000001 PA:0xxxxxxxxx
     494405.000 ns	     49439	80009ea8	ff9ff06f	jal	x0,80009ea4	
     494455.000 ns	     49444	80009ea0	00036f17	auipc	x30,0x36	 x30=0x8003fea0
     494465.000 ns	     49445	80009ea4	163f2023	sw	x3,352(x30)	 x30:0x8003fea0  x3:0x00000001 PA:0xxxxxxxxx
     494485.000 ns	     49447	80009ea8	ff9ff06f	jal	x0,80009ea4	
     494535.000 ns	     49452	80009ea0	00036f17	auipc	x30,0x36	 x30=0x8003fea0
     494545.000 ns	     49453	80009ea4	163f2023	sw	x3,352(x30)	 x30:0x8003fea0  x3:0x00000001 PA:0xxxxxxxxx
     494565.000 ns	     49455	80009ea8	ff9ff06f	jal	x0,80009ea4	
     494615.000 ns	     49460	80009ea0	00036f17	auipc	x30,0x36	 x30=0x8003fea0
     494625.000 ns	     49461	80009ea4	163f2023	sw	x3,352(x30)	 x30:0x8003fea0  x3:0x00000001 PA:0xxxxxxxxx
     494645.000 ns	     49463	80009ea8	ff9ff06f	jal	x0,80009ea4	
     494695.000 ns	     49468	80009ea0	00036f17	auipc	x30,0x36	 x30=0x8003fea0
     494705.000 ns	     49469	80009ea4	163f2023	sw	x3,352(x30)	 x30:0x8003fea0  x3:0x00000001 PA:0xxxxxxxxx
     494725.000 ns	     49471	80009ea8	ff9ff06f	jal	x0,80009ea4	
     494775.000 ns	     49476	80009ea0	00036f17	auipc	x30,0x36	 x30=0x8003fea0
     494785.000 ns	     49477	80009ea4	163f2023	sw	x3,352(x30)	 x30:0x8003fea0  x3:0x00000001 PA:0xxxxxxxxx
     494805.000 ns	     49479	80009ea8	ff9ff06f	jal	x0,80009ea4	
     494855.000 ns	     49484	80009ea0	00036f17	auipc	x30,0x36	 x30=0x8003fea0
     494865.000 ns	     49485	80009ea4	163f2023	sw	x3,352(x30)	 x30:0x8003fea0  x3:0x00000001 PA:0xxxxxxxxx
     494885.000 ns	     49487	80009ea8	ff9ff06f	jal	x0,80009ea4	
     494935.000 ns	     49492	80009ea0	00036f17	auipc	x30,0x36	 x30=0x8003fea0
     494945.000 ns	     49493	80009ea4	163f2023	sw	x3,352(x30)	 x30:0x8003fea0  x3:0x00000001 PA:0xxxxxxxxx
     494965.000 ns	     49495	80009ea8	ff9ff06f	jal	x0,80009ea4	
     495015.000 ns	     49500	80009ea0	00036f17	auipc	x30,0x36	 x30=0x8003fea0
     495025.000 ns	     49501	80009ea4	163f2023	sw	x3,352(x30)	 x30:0x8003fea0  x3:0x00000001 PA:0xxxxxxxxx
     495045.000 ns	     49503	80009ea8	ff9ff06f	jal	x0,80009ea4	
     495095.000 ns	     49508	80009ea0	00036f17	auipc	x30,0x36	 x30=0x8003fea0
     495105.000 ns	     49509	80009ea4	163f2023	sw	x3,352(x30)	 x30:0x8003fea0  x3:0x00000001 PA:0xxxxxxxxx
     495125.000 ns	     49511	80009ea8	ff9ff06f	jal	x0,80009ea4	
     495175.000 ns	     49516	80009ea0	00036f17	auipc	x30,0x36	 x30=0x8003fea0
     495185.000 ns	     49517	80009ea4	163f2023	sw	x3,352(x30)	 x30:0x8003fea0  x3:0x00000001 PA:0xxxxxxxxx
     495205.000 ns	     49519	80009ea8	ff9ff06f	jal	x0,80009ea4	
     495255.000 ns	     49524	80009ea0	00036f17	auipc	x30,0x36	 x30=0x8003fea0
     495265.000 ns	     49525	80009ea4	163f2023	sw	x3,352(x30)	 x30:0x8003fea0  x3:0x00000001 PA:0xxxxxxxxx
     495285.000 ns	     49527	80009ea8	ff9ff06f	jal	x0,80009ea4	
     495335.000 ns	     49532	80009ea0	00036f17	auipc	x30,0x36	 x30=0x8003fea0
     495345.000 ns	     49533	80009ea4	163f2023	sw	x3,352(x30)	 x30:0x8003fea0  x3:0x00000001 PA:0xxxxxxxxx
     495365.000 ns	     49535	80009ea8	ff9ff06f	jal	x0,80009ea4	
     495415.000 ns	     49540	80009ea0	00036f17	auipc	x30,0x36	 x30=0x8003fea0
     495425.000 ns	     49541	80009ea4	163f2023	sw	x3,352(x30)	 x30:0x8003fea0  x3:0x00000001 PA:0xxxxxxxxx
     495445.000 ns	     49543	80009ea8	ff9ff06f	jal	x0,80009ea4	
     495495.000 ns	     49548	80009ea0	00036f17	auipc	x30,0x36	 x30=0x8003fea0
     495505.000 ns	     49549	80009ea4	163f2023	sw	x3,352(x30)	 x30:0x8003fea0  x3:0x00000001 PA:0xxxxxxxxx
     495525.000 ns	     49551	80009ea8	ff9ff06f	jal	x0,80009ea4	
     495575.000 ns	     49556	80009ea0	00036f17	auipc	x30,0x36	 x30=0x8003fea0
     495585.000 ns	     49557	80009ea4	163f2023	sw	x3,352(x30)	 x30:0x8003fea0  x3:0x00000001 PA:0xxxxxxxxx
     495605.000 ns	     49559	80009ea8	ff9ff06f	jal	x0,80009ea4	
     495655.000 ns	     49564	80009ea0	00036f17	auipc	x30,0x36	 x30=0x8003fea0
     495665.000 ns	     49565	80009ea4	163f2023	sw	x3,352(x30)	 x30:0x8003fea0  x3:0x00000001 PA:0xxxxxxxxx
     495685.000 ns	     49567	80009ea8	ff9ff06f	jal	x0,80009ea4	
     495735.000 ns	     49572	80009ea0	00036f17	auipc	x30,0x36	 x30=0x8003fea0
     495745.000 ns	     49573	80009ea4	163f2023	sw	x3,352(x30)	 x30:0x8003fea0  x3:0x00000001 PA:0xxxxxxxxx
     495765.000 ns	     49575	80009ea8	ff9ff06f	jal	x0,80009ea4	
     495815.000 ns	     49580	80009ea0	00036f17	auipc	x30,0x36	 x30=0x8003fea0
     495825.000 ns	     49581	80009ea4	163f2023	sw	x3,352(x30)	 x30:0x8003fea0  x3:0x00000001 PA:0xxxxxxxxx
     495845.000 ns	     49583	80009ea8	ff9ff06f	jal	x0,80009ea4	
     495895.000 ns	     49588	80009ea0	00036f17	auipc	x30,0x36	 x30=0x8003fea0
     495905.000 ns	     49589	80009ea4	163f2023	sw	x3,352(x30)	 x30:0x8003fea0  x3:0x00000001 PA:0xxxxxxxxx
     495925.000 ns	     49591	80009ea8	ff9ff06f	jal	x0,80009ea4	
     495975.000 ns	     49596	80009ea0	00036f17	auipc	x30,0x36	 x30=0x8003fea0
     495985.000 ns	     49597	80009ea4	163f2023	sw	x3,352(x30)	 x30:0x8003fea0  x3:0x00000001 PA:0xxxxxxxxx
     496005.000 ns	     49599	80009ea8	ff9ff06f	jal	x0,80009ea4	
     496055.000 ns	     49604	80009ea0	00036f17	auipc	x30,0x36	 x30=0x8003fea0
     496065.000 ns	     49605	80009ea4	163f2023	sw	x3,352(x30)	 x30:0x8003fea0  x3:0x00000001 PA:0xxxxxxxxx
     496085.000 ns	     49607	80009ea8	ff9ff06f	jal	x0,80009ea4	
     496135.000 ns	     49612	80009ea0	00036f17	auipc	x30,0x36	 x30=0x8003fea0
     496145.000 ns	     49613	80009ea4	163f2023	sw	x3,352(x30)	 x30:0x8003fea0  x3:0x00000001 PA:0xxxxxxxxx
     496165.000 ns	     49615	80009ea8	ff9ff06f	jal	x0,80009ea4	
     496215.000 ns	     49620	80009ea0	00036f17	auipc	x30,0x36	 x30=0x8003fea0
     496225.000 ns	     49621	80009ea4	163f2023	sw	x3,352(x30)	 x30:0x8003fea0  x3:0x00000001 PA:0xxxxxxxxx
     496245.000 ns	     49623	80009ea8	ff9ff06f	jal	x0,80009ea4	
     496295.000 ns	     49628	80009ea0	00036f17	auipc	x30,0x36	 x30=0x8003fea0
     496305.000 ns	     49629	80009ea4	163f2023	sw	x3,352(x30)	 x30:0x8003fea0  x3:0x00000001 PA:0xxxxxxxxx
     496325.000 ns	     49631	80009ea8	ff9ff06f	jal	x0,80009ea4	
     496375.000 ns	     49636	80009ea0	00036f17	auipc	x30,0x36	 x30=0x8003fea0
     496385.000 ns	     49637	80009ea4	163f2023	sw	x3,352(x30)	 x30:0x8003fea0  x3:0x00000001 PA:0xxxxxxxxx
     496405.000 ns	     49639	80009ea8	ff9ff06f	jal	x0,80009ea4	
     496455.000 ns	     49644	80009ea0	00036f17	auipc	x30,0x36	 x30=0x8003fea0
     496465.000 ns	     49645	80009ea4	163f2023	sw	x3,352(x30)	 x30:0x8003fea0  x3:0x00000001 PA:0xxxxxxxxx
     496485.000 ns	     49647	80009ea8	ff9ff06f	jal	x0,80009ea4	
     496535.000 ns	     49652	80009ea0	00036f17	auipc	x30,0x36	 x30=0x8003fea0
     496545.000 ns	     49653	80009ea4	163f2023	sw	x3,352(x30)	 x30:0x8003fea0  x3:0x00000001 PA:0xxxxxxxxx
     496565.000 ns	     49655	80009ea8	ff9ff06f	jal	x0,80009ea4	
     496615.000 ns	     49660	80009ea0	00036f17	auipc	x30,0x36	 x30=0x8003fea0
     496625.000 ns	     49661	80009ea4	163f2023	sw	x3,352(x30)	 x30:0x8003fea0  x3:0x00000001 PA:0xxxxxxxxx
     496645.000 ns	     49663	80009ea8	ff9ff06f	jal	x0,80009ea4	
     496695.000 ns	     49668	80009ea0	00036f17	auipc	x30,0x36	 x30=0x8003fea0
     496705.000 ns	     49669	80009ea4	163f2023	sw	x3,352(x30)	 x30:0x8003fea0  x3:0x00000001 PA:0xxxxxxxxx
     496725.000 ns	     49671	80009ea8	ff9ff06f	jal	x0,80009ea4	
     496775.000 ns	     49676	80009ea0	00036f17	auipc	x30,0x36	 x30=0x8003fea0
     496785.000 ns	     49677	80009ea4	163f2023	sw	x3,352(x30)	 x30:0x8003fea0  x3:0x00000001 PA:0xxxxxxxxx
     496805.000 ns	     49679	80009ea8	ff9ff06f	jal	x0,80009ea4	
     496855.000 ns	     49684	80009ea0	00036f17	auipc	x30,0x36	 x30=0x8003fea0
     496865.000 ns	     49685	80009ea4	163f2023	sw	x3,352(x30)	 x30:0x8003fea0  x3:0x00000001 PA:0xxxxxxxxx
     496885.000 ns	     49687	80009ea8	ff9ff06f	jal	x0,80009ea4	
     496935.000 ns	     49692	80009ea0	00036f17	auipc	x30,0x36	 x30=0x8003fea0
     496945.000 ns	     49693	80009ea4	163f2023	sw	x3,352(x30)	 x30:0x8003fea0  x3:0x00000001 PA:0xxxxxxxxx
     496965.000 ns	     49695	80009ea8	ff9ff06f	jal	x0,80009ea4	
     497015.000 ns	     49700	80009ea0	00036f17	auipc	x30,0x36	 x30=0x8003fea0
     497025.000 ns	     49701	80009ea4	163f2023	sw	x3,352(x30)	 x30:0x8003fea0  x3:0x00000001 PA:0xxxxxxxxx
     497045.000 ns	     49703	80009ea8	ff9ff06f	jal	x0,80009ea4	
     497095.000 ns	     49708	80009ea0	00036f17	auipc	x30,0x36	 x30=0x8003fea0
     497105.000 ns	     49709	80009ea4	163f2023	sw	x3,352(x30)	 x30:0x8003fea0  x3:0x00000001 PA:0xxxxxxxxx
     497125.000 ns	     49711	80009ea8	ff9ff06f	jal	x0,80009ea4	
     497175.000 ns	     49716	80009ea0	00036f17	auipc	x30,0x36	 x30=0x8003fea0
     497185.000 ns	     49717	80009ea4	163f2023	sw	x3,352(x30)	 x30:0x8003fea0  x3:0x00000001 PA:0xxxxxxxxx
     497205.000 ns	     49719	80009ea8	ff9ff06f	jal	x0,80009ea4	
     497255.000 ns	     49724	80009ea0	00036f17	auipc	x30,0x36	 x30=0x8003fea0
     497265.000 ns	     49725	80009ea4	163f2023	sw	x3,352(x30)	 x30:0x8003fea0  x3:0x00000001 PA:0xxxxxxxxx
     497285.000 ns	     49727	80009ea8	ff9ff06f	jal	x0,80009ea4	
     497335.000 ns	     49732	80009ea0	00036f17	auipc	x30,0x36	 x30=0x8003fea0
     497345.000 ns	     49733	80009ea4	163f2023	sw	x3,352(x30)	 x30:0x8003fea0  x3:0x00000001 PA:0xxxxxxxxx
     497365.000 ns	     49735	80009ea8	ff9ff06f	jal	x0,80009ea4	
     497415.000 ns	     49740	80009ea0	00036f17	auipc	x30,0x36	 x30=0x8003fea0
     497425.000 ns	     49741	80009ea4	163f2023	sw	x3,352(x30)	 x30:0x8003fea0  x3:0x00000001 PA:0xxxxxxxxx
     497445.000 ns	     49743	80009ea8	ff9ff06f	jal	x0,80009ea4	
     497495.000 ns	     49748	80009ea0	00036f17	auipc	x30,0x36	 x30=0x8003fea0
     497505.000 ns	     49749	80009ea4	163f2023	sw	x3,352(x30)	 x30:0x8003fea0  x3:0x00000001 PA:0xxxxxxxxx
     497525.000 ns	     49751	80009ea8	ff9ff06f	jal	x0,80009ea4	
     497575.000 ns	     49756	80009ea0	00036f17	auipc	x30,0x36	 x30=0x8003fea0
     497585.000 ns	     49757	80009ea4	163f2023	sw	x3,352(x30)	 x30:0x8003fea0  x3:0x00000001 PA:0xxxxxxxxx
     497605.000 ns	     49759	80009ea8	ff9ff06f	jal	x0,80009ea4	
     497655.000 ns	     49764	80009ea0	00036f17	auipc	x30,0x36	 x30=0x8003fea0
     497665.000 ns	     49765	80009ea4	163f2023	sw	x3,352(x30)	 x30:0x8003fea0  x3:0x00000001 PA:0xxxxxxxxx
     497685.000 ns	     49767	80009ea8	ff9ff06f	jal	x0,80009ea4	
     497735.000 ns	     49772	80009ea0	00036f17	auipc	x30,0x36	 x30=0x8003fea0
     497745.000 ns	     49773	80009ea4	163f2023	sw	x3,352(x30)	 x30:0x8003fea0  x3:0x00000001 PA:0xxxxxxxxx
     497765.000 ns	     49775	80009ea8	ff9ff06f	jal	x0,80009ea4	
     497815.000 ns	     49780	80009ea0	00036f17	auipc	x30,0x36	 x30=0x8003fea0
     497825.000 ns	     49781	80009ea4	163f2023	sw	x3,352(x30)	 x30:0x8003fea0  x3:0x00000001 PA:0xxxxxxxxx
     497845.000 ns	     49783	80009ea8	ff9ff06f	jal	x0,80009ea4	
     497895.000 ns	     49788	80009ea0	00036f17	auipc	x30,0x36	 x30=0x8003fea0
     497905.000 ns	     49789	80009ea4	163f2023	sw	x3,352(x30)	 x30:0x8003fea0  x3:0x00000001 PA:0xxxxxxxxx
     497925.000 ns	     49791	80009ea8	ff9ff06f	jal	x0,80009ea4	
     497975.000 ns	     49796	80009ea0	00036f17	auipc	x30,0x36	 x30=0x8003fea0
     497985.000 ns	     49797	80009ea4	163f2023	sw	x3,352(x30)	 x30:0x8003fea0  x3:0x00000001 PA:0xxxxxxxxx
     498005.000 ns	     49799	80009ea8	ff9ff06f	jal	x0,80009ea4	
     498055.000 ns	     49804	80009ea0	00036f17	auipc	x30,0x36	 x30=0x8003fea0
     498065.000 ns	     49805	80009ea4	163f2023	sw	x3,352(x30)	 x30:0x8003fea0  x3:0x00000001 PA:0xxxxxxxxx
     498085.000 ns	     49807	80009ea8	ff9ff06f	jal	x0,80009ea4	
     498135.000 ns	     49812	80009ea0	00036f17	auipc	x30,0x36	 x30=0x8003fea0
     498145.000 ns	     49813	80009ea4	163f2023	sw	x3,352(x30)	 x30:0x8003fea0  x3:0x00000001 PA:0xxxxxxxxx
     498165.000 ns	     49815	80009ea8	ff9ff06f	jal	x0,80009ea4	
     498215.000 ns	     49820	80009ea0	00036f17	auipc	x30,0x36	 x30=0x8003fea0
     498225.000 ns	     49821	80009ea4	163f2023	sw	x3,352(x30)	 x30:0x8003fea0  x3:0x00000001 PA:0xxxxxxxxx
     498245.000 ns	     49823	80009ea8	ff9ff06f	jal	x0,80009ea4	
     498295.000 ns	     49828	80009ea0	00036f17	auipc	x30,0x36	 x30=0x8003fea0
     498305.000 ns	     49829	80009ea4	163f2023	sw	x3,352(x30)	 x30:0x8003fea0  x3:0x00000001 PA:0xxxxxxxxx
     498325.000 ns	     49831	80009ea8	ff9ff06f	jal	x0,80009ea4	
     498375.000 ns	     49836	80009ea0	00036f17	auipc	x30,0x36	 x30=0x8003fea0
     498385.000 ns	     49837	80009ea4	163f2023	sw	x3,352(x30)	 x30:0x8003fea0  x3:0x00000001 PA:0xxxxxxxxx
     498405.000 ns	     49839	80009ea8	ff9ff06f	jal	x0,80009ea4	
     498455.000 ns	     49844	80009ea0	00036f17	auipc	x30,0x36	 x30=0x8003fea0
     498465.000 ns	     49845	80009ea4	163f2023	sw	x3,352(x30)	 x30:0x8003fea0  x3:0x00000001 PA:0xxxxxxxxx
     498485.000 ns	     49847	80009ea8	ff9ff06f	jal	x0,80009ea4	
     498535.000 ns	     49852	80009ea0	00036f17	auipc	x30,0x36	 x30=0x8003fea0
     498545.000 ns	     49853	80009ea4	163f2023	sw	x3,352(x30)	 x30:0x8003fea0  x3:0x00000001 PA:0xxxxxxxxx
     498565.000 ns	     49855	80009ea8	ff9ff06f	jal	x0,80009ea4	
     498615.000 ns	     49860	80009ea0	00036f17	auipc	x30,0x36	 x30=0x8003fea0
     498625.000 ns	     49861	80009ea4	163f2023	sw	x3,352(x30)	 x30:0x8003fea0  x3:0x00000001 PA:0xxxxxxxxx
     498645.000 ns	     49863	80009ea8	ff9ff06f	jal	x0,80009ea4	
     498695.000 ns	     49868	80009ea0	00036f17	auipc	x30,0x36	 x30=0x8003fea0
     498705.000 ns	     49869	80009ea4	163f2023	sw	x3,352(x30)	 x30:0x8003fea0  x3:0x00000001 PA:0xxxxxxxxx
     498725.000 ns	     49871	80009ea8	ff9ff06f	jal	x0,80009ea4	
     498775.000 ns	     49876	80009ea0	00036f17	auipc	x30,0x36	 x30=0x8003fea0
     498785.000 ns	     49877	80009ea4	163f2023	sw	x3,352(x30)	 x30:0x8003fea0  x3:0x00000001 PA:0xxxxxxxxx
     498805.000 ns	     49879	80009ea8	ff9ff06f	jal	x0,80009ea4	
     498855.000 ns	     49884	80009ea0	00036f17	auipc	x30,0x36	 x30=0x8003fea0
     498865.000 ns	     49885	80009ea4	163f2023	sw	x3,352(x30)	 x30:0x8003fea0  x3:0x00000001 PA:0xxxxxxxxx
     498885.000 ns	     49887	80009ea8	ff9ff06f	jal	x0,80009ea4	
     498935.000 ns	     49892	80009ea0	00036f17	auipc	x30,0x36	 x30=0x8003fea0
     498945.000 ns	     49893	80009ea4	163f2023	sw	x3,352(x30)	 x30:0x8003fea0  x3:0x00000001 PA:0xxxxxxxxx
     498965.000 ns	     49895	80009ea8	ff9ff06f	jal	x0,80009ea4	
     499015.000 ns	     49900	80009ea0	00036f17	auipc	x30,0x36	 x30=0x8003fea0
     499025.000 ns	     49901	80009ea4	163f2023	sw	x3,352(x30)	 x30:0x8003fea0  x3:0x00000001 PA:0xxxxxxxxx
     499045.000 ns	     49903	80009ea8	ff9ff06f	jal	x0,80009ea4	
     499095.000 ns	     49908	80009ea0	00036f17	auipc	x30,0x36	 x30=0x8003fea0
     499105.000 ns	     49909	80009ea4	163f2023	sw	x3,352(x30)	 x30:0x8003fea0  x3:0x00000001 PA:0xxxxxxxxx
     499125.000 ns	     49911	80009ea8	ff9ff06f	jal	x0,80009ea4	
     499175.000 ns	     49916	80009ea0	00036f17	auipc	x30,0x36	 x30=0x8003fea0
     499185.000 ns	     49917	80009ea4	163f2023	sw	x3,352(x30)	 x30:0x8003fea0  x3:0x00000001 PA:0xxxxxxxxx
     499205.000 ns	     49919	80009ea8	ff9ff06f	jal	x0,80009ea4	
     499255.000 ns	     49924	80009ea0	00036f17	auipc	x30,0x36	 x30=0x8003fea0
     499265.000 ns	     49925	80009ea4	163f2023	sw	x3,352(x30)	 x30:0x8003fea0  x3:0x00000001 PA:0xxxxxxxxx
     499285.000 ns	     49927	80009ea8	ff9ff06f	jal	x0,80009ea4	
     499335.000 ns	     49932	80009ea0	00036f17	auipc	x30,0x36	 x30=0x8003fea0
     499345.000 ns	     49933	80009ea4	163f2023	sw	x3,352(x30)	 x30:0x8003fea0  x3:0x00000001 PA:0xxxxxxxxx
     499365.000 ns	     49935	80009ea8	ff9ff06f	jal	x0,80009ea4	
     499415.000 ns	     49940	80009ea0	00036f17	auipc	x30,0x36	 x30=0x8003fea0
     499425.000 ns	     49941	80009ea4	163f2023	sw	x3,352(x30)	 x30:0x8003fea0  x3:0x00000001 PA:0xxxxxxxxx
     499445.000 ns	     49943	80009ea8	ff9ff06f	jal	x0,80009ea4	
     499495.000 ns	     49948	80009ea0	00036f17	auipc	x30,0x36	 x30=0x8003fea0
     499505.000 ns	     49949	80009ea4	163f2023	sw	x3,352(x30)	 x30:0x8003fea0  x3:0x00000001 PA:0xxxxxxxxx
     499525.000 ns	     49951	80009ea8	ff9ff06f	jal	x0,80009ea4	
     499575.000 ns	     49956	80009ea0	00036f17	auipc	x30,0x36	 x30=0x8003fea0
     499585.000 ns	     49957	80009ea4	163f2023	sw	x3,352(x30)	 x30:0x8003fea0  x3:0x00000001 PA:0xxxxxxxxx
     499605.000 ns	     49959	80009ea8	ff9ff06f	jal	x0,80009ea4	
     499655.000 ns	     49964	80009ea0	00036f17	auipc	x30,0x36	 x30=0x8003fea0
     499665.000 ns	     49965	80009ea4	163f2023	sw	x3,352(x30)	 x30:0x8003fea0  x3:0x00000001 PA:0xxxxxxxxx
     499685.000 ns	     49967	80009ea8	ff9ff06f	jal	x0,80009ea4	
     499735.000 ns	     49972	80009ea0	00036f17	auipc	x30,0x36	 x30=0x8003fea0
     499745.000 ns	     49973	80009ea4	163f2023	sw	x3,352(x30)	 x30:0x8003fea0  x3:0x00000001 PA:0xxxxxxxxx
     499765.000 ns	     49975	80009ea8	ff9ff06f	jal	x0,80009ea4	
     499815.000 ns	     49980	80009ea0	00036f17	auipc	x30,0x36	 x30=0x8003fea0
     499825.000 ns	     49981	80009ea4	163f2023	sw	x3,352(x30)	 x30:0x8003fea0  x3:0x00000001 PA:0xxxxxxxxx
     499845.000 ns	     49983	80009ea8	ff9ff06f	jal	x0,80009ea4	
     499895.000 ns	     49988	80009ea0	00036f17	auipc	x30,0x36	 x30=0x8003fea0
     499905.000 ns	     49989	80009ea4	163f2023	sw	x3,352(x30)	 x30:0x8003fea0  x3:0x00000001 PA:0xxxxxxxxx
     499925.000 ns	     49991	80009ea8	ff9ff06f	jal	x0,80009ea4	
     499975.000 ns	     49996	80009ea0	00036f17	auipc	x30,0x36	 x30=0x8003fea0
     499985.000 ns	     49997	80009ea4	163f2023	sw	x3,352(x30)	 x30:0x8003fea0  x3:0x00000001 PA:0xxxxxxxxx
