		Time			Cycle	PC		Insn	Decoded instruction	Register and memory contents
         65.000 ns	         5	80000000	f14022f3	csrrs	x5,mhartid,x0	  x0:0x00000000  x5=0xffffff14
         75.000 ns	         6	80000004	00000313	addi	x6,x0,0	  x0:0x00000000  x6=0x00000000
         85.000 ns	         7	80000008	00628263	beq	x5,x6,8000000c	  x5:0x00000000  x6:0x00000000
         95.000 ns	         8	8000000c	00000d97	auipc	x27,0x0	 x27=0x8000000c
        105.000 ns	         9	80000010	00cd8d93	addi	x27,x27,12	 x27:0x00000000 x27=0x80000018
        115.000 ns	        10	80000014	000d8067	jalr	x0,x27,0	 x27:0x00000000
        165.000 ns	        15	80000018	40001eb7	lui	x29,0x40001	 x29=0x40001000
        175.000 ns	        16	8000001c	120e8e93	addi	x29,x29,288	 x29:0x00000000 x29=0x40001120
        185.000 ns	        17	80000020	301e9073	csrrw	x0,misa,x29	 x29:0x00000000
        195.000 ns	        18	80000024	00041f97	auipc	x31,0x41	 x31=0x80041024
        205.000 ns	        19	80000028	000f8f93	addi	x31,x31,0	 x31:0x00000000 x31=0x80041024
        215.000 ns	        20	8000002c	0000be97	auipc	x29,0xb	 x29=0x8000b02c
        225.000 ns	        21	80000030	8d4e8e93	addi	x29,x29,-1836	 x29:0x40001120 x29=0x8000a900
        235.000 ns	        22	80000034	001eee93	ori	x29,x29,1	 x29:0x40001120 x29=0x8000a901
        245.000 ns	        23	80000038	305e9073	csrrw	x0,mtvec,x29	 x29:0x8000b02c
        255.000 ns	        24	8000003c	00000e97	auipc	x29,0x0	 x29=0x8000003c
        265.000 ns	        25	80000040	028e8e93	addi	x29,x29,40	 x29:0x8000a901 x29=0x80000064
        275.000 ns	        26	80000044	341e9073	csrrw	x0,mepc,x29	 x29:0x8000a901
        285.000 ns	        27	80000048	00000013	addi	x0,x0,0	  x0:0x00000000
        295.000 ns	        28	8000004c	00004eb7	lui	x29,0x4	 x29=0x00004000
        305.000 ns	        29	80000050	800e8e93	addi	x29,x29,-2048	 x29:0x80000064 x29=0x00003800
        315.000 ns	        30	80000054	300e9073	csrrw	x0,mstatus,x29	 x29:0x80000064
        325.000 ns	        31	80000058	00000e93	addi	x29,x0,0	  x0:0x00000000 x29=0x00000000
        335.000 ns	        32	8000005c	304e9073	csrrw	x0,mie,x29	 x29:0x00003800
        345.000 ns	        33	80000060	30200073	mret	
        355.000 ns	        34	80000064	ff800eb7	lui	x29,0xff800	 x29=0xff800000
        365.000 ns	        35	80000068	fffe8e93	addi	x29,x29,-1	 x29:0x00000000 x29=0xff7fffff
        385.000 ns	        37	8000006c	f00e8053	fmv.w.x	f0,x29	 x29:0x00000000  f0=0xff7fffff
        405.000 ns	        39	80000070	dbe00eb7	lui	x29,0xdbe00	 x29=0xdbe00000
        415.000 ns	        40	80000074	6cde8e93	addi	x29,x29,1741	 x29:0xff7fffff x29=0xdbe006cd
        435.000 ns	        42	80000078	f00e80d3	fmv.w.x	f1,x29	 x29:0xff7fffff  f1=0xdbe006cd
        455.000 ns	        44	8000007c	7fc00eb7	lui	x29,0x7fc00	 x29=0x7fc00000
        475.000 ns	        46	80000080	f00e8153	fmv.w.x	f2,x29	 x29:0xdbe006cd  f2=0x7fc00000
        495.000 ns	        48	80000084	80000eb7	lui	x29,0x80000	 x29=0x80000000
        515.000 ns	        50	80000088	f00e81d3	fmv.w.x	f3,x29	 x29:0x7fc00000  f3=0x80000000
        535.000 ns	        52	8000008c	ff800eb7	lui	x29,0xff800	 x29=0xff800000
        555.000 ns	        54	80000090	f00e8253	fmv.w.x	f4,x29	 x29:0x80000000  f4=0xff800000
        575.000 ns	        56	80000094	002bceb7	lui	x29,0x2bc	 x29=0x002bc000
        585.000 ns	        57	80000098	e7ee8e93	addi	x29,x29,-386	 x29:0xff800000 x29=0x002bbe7e
        605.000 ns	        59	8000009c	f00e82d3	fmv.w.x	f5,x29	 x29:0xff800000  f5=0x002bbe7e
        625.000 ns	        61	800000a0	7f800eb7	lui	x29,0x7f800	 x29=0x7f800000
        635.000 ns	        62	800000a4	001e8e93	addi	x29,x29,1	 x29:0x002bbe7e x29=0x7f800001
        655.000 ns	        64	800000a8	f00e8353	fmv.w.x	f6,x29	 x29:0x002bbe7e  f6=0x7f800001
        675.000 ns	        66	800000ac	804f7eb7	lui	x29,0x804f7	 x29=0x804f7000
        685.000 ns	        67	800000b0	b96e8e93	addi	x29,x29,-1130	 x29:0x7f800001 x29=0x804f6b96
        705.000 ns	        69	800000b4	f00e83d3	fmv.w.x	f7,x29	 x29:0x7f800001  f7=0x804f6b96
        725.000 ns	        71	800000b8	8060feb7	lui	x29,0x8060f	 x29=0x8060f000
        735.000 ns	        72	800000bc	3b6e8e93	addi	x29,x29,950	 x29:0x804f6b96 x29=0x8060f3b6
        755.000 ns	        74	800000c0	f00e8453	fmv.w.x	f8,x29	 x29:0x804f6b96  f8=0x8060f3b6
        775.000 ns	        76	800000c4	7fc00eb7	lui	x29,0x7fc00	 x29=0x7fc00000
        795.000 ns	        78	800000c8	f00e84d3	fmv.w.x	f9,x29	 x29:0x8060f3b6  f9=0x7fc00000
        815.000 ns	        80	800000cc	7f800eb7	lui	x29,0x7f800	 x29=0x7f800000
        825.000 ns	        81	800000d0	001e8e93	addi	x29,x29,1	 x29:0x7fc00000 x29=0x7f800001
        845.000 ns	        83	800000d4	f00e8553	fmv.w.x	f10,x29	 x29:0x7fc00000 f10=0x7f800001
        865.000 ns	        85	800000d8	00799eb7	lui	x29,0x799	 x29=0x00799000
        875.000 ns	        86	800000dc	eaee8e93	addi	x29,x29,-338	 x29:0x7f800001 x29=0x00798eae
        895.000 ns	        88	800000e0	f00e85d3	fmv.w.x	f11,x29	 x29:0x7f800001 f11=0x00798eae
        915.000 ns	        90	800000e4	00000e93	addi	x29,x0,0	  x0:0x00000000 x29=0x00000000
        935.000 ns	        92	800000e8	f00e8653	fmv.w.x	f12,x29	 x29:0x00798eae f12=0x00000000
        955.000 ns	        94	800000ec	ce0a1eb7	lui	x29,0xce0a1	 x29=0xce0a1000
        965.000 ns	        95	800000f0	fb8e8e93	addi	x29,x29,-72	 x29:0x00000000 x29=0xce0a0fb8
        985.000 ns	        97	800000f4	f00e86d3	fmv.w.x	f13,x29	 x29:0x00000000 f13=0xce0a0fb8
       1005.000 ns	        99	800000f8	7fc00eb7	lui	x29,0x7fc00	 x29=0x7fc00000
       1025.000 ns	       101	800000fc	f00e8753	fmv.w.x	f14,x29	 x29:0xce0a0fb8 f14=0x7fc00000
       1045.000 ns	       103	80000100	92b7aeb7	lui	x29,0x92b7a	 x29=0x92b7a000
       1055.000 ns	       104	80000104	ce4e8e93	addi	x29,x29,-796	 x29:0x7fc00000 x29=0x92b79ce4
       1075.000 ns	       106	80000108	f00e87d3	fmv.w.x	f15,x29	 x29:0x7fc00000 f15=0x92b79ce4
       1095.000 ns	       108	8000010c	80000eb7	lui	x29,0x80000	 x29=0x80000000
       1115.000 ns	       110	80000110	f00e8853	fmv.w.x	f16,x29	 x29:0x92b79ce4 f16=0x80000000
       1135.000 ns	       112	80000114	80000eb7	lui	x29,0x80000	 x29=0x80000000
       1155.000 ns	       114	80000118	f00e88d3	fmv.w.x	f17,x29	 x29:0x80000000 f17=0x80000000
       1175.000 ns	       116	8000011c	7f800eb7	lui	x29,0x7f800	 x29=0x7f800000
       1185.000 ns	       117	80000120	001e8e93	addi	x29,x29,1	 x29:0x80000000 x29=0x7f800001
       1205.000 ns	       119	80000124	f00e8953	fmv.w.x	f18,x29	 x29:0x80000000 f18=0x7f800001
       1225.000 ns	       121	80000128	ff800eb7	lui	x29,0xff800	 x29=0xff800000
       1235.000 ns	       122	8000012c	fffe8e93	addi	x29,x29,-1	 x29:0x7f800001 x29=0xff7fffff
       1255.000 ns	       124	80000130	f00e89d3	fmv.w.x	f19,x29	 x29:0x7f800001 f19=0xff7fffff
       1275.000 ns	       126	80000134	7fc00eb7	lui	x29,0x7fc00	 x29=0x7fc00000
       1295.000 ns	       128	80000138	f00e8a53	fmv.w.x	f20,x29	 x29:0xff7fffff f20=0x7fc00000
       1315.000 ns	       130	8000013c	b01b1eb7	lui	x29,0xb01b1	 x29=0xb01b1000
       1325.000 ns	       131	80000140	13ce8e93	addi	x29,x29,316	 x29:0x7fc00000 x29=0xb01b113c
       1345.000 ns	       133	80000144	f00e8ad3	fmv.w.x	f21,x29	 x29:0x7fc00000 f21=0xb01b113c
       1365.000 ns	       135	80000148	7f800eb7	lui	x29,0x7f800	 x29=0x7f800000
       1375.000 ns	       136	8000014c	001e8e93	addi	x29,x29,1	 x29:0xb01b113c x29=0x7f800001
       1395.000 ns	       138	80000150	f00e8b53	fmv.w.x	f22,x29	 x29:0xb01b113c f22=0x7f800001
       1415.000 ns	       140	80000154	ff800eb7	lui	x29,0xff800	 x29=0xff800000
       1435.000 ns	       142	80000158	f00e8bd3	fmv.w.x	f23,x29	 x29:0x7f800001 f23=0xff800000
       1455.000 ns	       144	8000015c	0049feb7	lui	x29,0x49f	 x29=0x0049f000
       1465.000 ns	       145	80000160	da4e8e93	addi	x29,x29,-604	 x29:0xff800000 x29=0x0049eda4
       1485.000 ns	       147	80000164	f00e8c53	fmv.w.x	f24,x29	 x29:0xff800000 f24=0x0049eda4
       1505.000 ns	       149	80000168	41661eb7	lui	x29,0x41661	 x29=0x41661000
       1515.000 ns	       150	8000016c	c51e8e93	addi	x29,x29,-943	 x29:0x0049eda4 x29=0x41660c51
       1535.000 ns	       152	80000170	f00e8cd3	fmv.w.x	f25,x29	 x29:0x0049eda4 f25=0x41660c51
       1555.000 ns	       154	80000174	80000eb7	lui	x29,0x80000	 x29=0x80000000
       1575.000 ns	       156	80000178	f00e8d53	fmv.w.x	f26,x29	 x29:0x41660c51 f26=0x80000000
       1595.000 ns	       158	8000017c	80286eb7	lui	x29,0x80286	 x29=0x80286000
       1605.000 ns	       159	80000180	55de8e93	addi	x29,x29,1373	 x29:0x80000000 x29=0x8028655d
       1625.000 ns	       161	80000184	f00e8dd3	fmv.w.x	f27,x29	 x29:0x80000000 f27=0x8028655d
       1645.000 ns	       163	80000188	9b102eb7	lui	x29,0x9b102	 x29=0x9b102000
       1655.000 ns	       164	8000018c	fafe8e93	addi	x29,x29,-81	 x29:0x8028655d x29=0x9b101faf
       1675.000 ns	       166	80000190	f00e8e53	fmv.w.x	f28,x29	 x29:0x8028655d f28=0x9b101faf
       1695.000 ns	       168	80000194	807b3eb7	lui	x29,0x807b3	 x29=0x807b3000
       1705.000 ns	       169	80000198	ac9e8e93	addi	x29,x29,-1335	 x29:0x9b101faf x29=0x807b2ac9
       1725.000 ns	       171	8000019c	f00e8ed3	fmv.w.x	f29,x29	 x29:0x9b101faf f29=0x807b2ac9
       1745.000 ns	       173	800001a0	fc947eb7	lui	x29,0xfc947	 x29=0xfc947000
       1755.000 ns	       174	800001a4	ebae8e93	addi	x29,x29,-326	 x29:0x807b2ac9 x29=0xfc946eba
       1775.000 ns	       176	800001a8	f00e8f53	fmv.w.x	f30,x29	 x29:0x807b2ac9 f30=0xfc946eba
       1795.000 ns	       178	800001ac	ff800eb7	lui	x29,0xff800	 x29=0xff800000
       1815.000 ns	       180	800001b0	f00e8fd3	fmv.w.x	f31,x29	 x29:0xfc946eba f31=0xff800000
       1835.000 ns	       182	800001b4	0020d073	csrrwi	x0,frm,1	
       1845.000 ns	       183	800001b8	00000013	addi	x0,x0,0	  x0:0x00000000
       1855.000 ns	       184	800001bc	00f00093	addi	x1,x0,15	  x0:0x00000000  x1=0x0000000f
       1865.000 ns	       185	800001c0	f57d0137	lui	x2,0xf57d0	  x2=0xf57d0000
       1875.000 ns	       186	800001c4	79910113	addi	x2,x2,1945	  x2:0x00000000  x2=0xf57d0799
       1885.000 ns	       187	800001c8	59faf1b7	lui	x3,0x59faf	  x3=0x59faf000
       1895.000 ns	       188	800001cc	31418193	addi	x3,x3,788	  x3:0x00000000  x3=0x59faf314
       1905.000 ns	       189	800001d0	f8827237	lui	x4,0xf8827	  x4=0xf8827000
       1915.000 ns	       190	800001d4	b8c20213	addi	x4,x4,-1140	  x4:0x00000000  x4=0xf8826b8c
       1925.000 ns	       191	800001d8	800002b7	lui	x5,0x80000	  x5=0x80000000
       1935.000 ns	       192	800001dc	cf8d7337	lui	x6,0xcf8d7	  x6=0xcf8d7000
       1945.000 ns	       193	800001e0	aab30313	addi	x6,x6,-1365	  x6:0x00000000  x6=0xcf8d6aab
       1955.000 ns	       194	800001e4	a82493b7	lui	x7,0xa8249	  x7=0xa8249000
       1965.000 ns	       195	800001e8	16138393	addi	x7,x7,353	  x7:0x00000000  x7=0xa8249161
       1975.000 ns	       196	800001ec	80000437	lui	x8,0x80000	  x8=0x80000000
       1985.000 ns	       197	800001f0	0814c4b7	lui	x9,0x814c	  x9=0x0814c000
       1995.000 ns	       198	800001f4	e2948493	addi	x9,x9,-471	  x9:0x00000000  x9=0x0814be29
       2005.000 ns	       199	800001f8	80000537	lui	x10,0x80000	 x10=0x80000000
       2015.000 ns	       200	800001fc	00000593	addi	x11,x0,0	  x0:0x00000000 x11=0x00000000
       2025.000 ns	       201	80000200	fc1e9637	lui	x12,0xfc1e9	 x12=0xfc1e9000
       2035.000 ns	       202	80000204	3d060613	addi	x12,x12,976	 x12:0x00000000 x12=0xfc1e93d0
       2045.000 ns	       203	80000208	a92726b7	lui	x13,0xa9272	 x13=0xa9272000
       2055.000 ns	       204	8000020c	6f268693	addi	x13,x13,1778	 x13:0x00000000 x13=0xa92726f2
       2065.000 ns	       205	80000210	00900713	addi	x14,x0,9	  x0:0x00000000 x14=0x00000009
       2075.000 ns	       206	80000214	fb2727b7	lui	x15,0xfb272	 x15=0xfb272000
       2085.000 ns	       207	80000218	d2f78793	addi	x15,x15,-721	 x15:0x00000000 x15=0xfb271d2f
       2095.000 ns	       208	8000021c	9b00a8b7	lui	x17,0x9b00a	 x17=0x9b00a000
       2105.000 ns	       209	80000220	02e88893	addi	x17,x17,46	 x17:0x00000000 x17=0x9b00a02e
       2115.000 ns	       210	80000224	e753a937	lui	x18,0xe753a	 x18=0xe753a000
       2125.000 ns	       211	80000228	bdc90913	addi	x18,x18,-1060	 x18:0x00000000 x18=0xe7539bdc
       2135.000 ns	       212	8000022c	800009b7	lui	x19,0x80000	 x19=0x80000000
       2145.000 ns	       213	80000230	8973aa37	lui	x20,0x8973a	 x20=0x8973a000
       2155.000 ns	       214	80000234	28ca0a13	addi	x20,x20,652	 x20:0x00000000 x20=0x8973a28c
       2165.000 ns	       215	80000238	00000a93	addi	x21,x0,0	  x0:0x00000000 x21=0x00000000
       2175.000 ns	       216	8000023c	00000b13	addi	x22,x0,0	  x0:0x00000000 x22=0x00000000
       2185.000 ns	       217	80000240	f8fe0bb7	lui	x23,0xf8fe0	 x23=0xf8fe0000
       2195.000 ns	       218	80000244	23ab8b93	addi	x23,x23,570	 x23:0x00000000 x23=0xf8fe023a
       2205.000 ns	       219	80000248	72d25c37	lui	x24,0x72d25	 x24=0x72d25000
       2215.000 ns	       220	8000024c	23fc0c13	addi	x24,x24,575	 x24:0x00000000 x24=0x72d2523f
       2225.000 ns	       221	80000250	00000c93	addi	x25,x0,0	  x0:0x00000000 x25=0x00000000
       2235.000 ns	       222	80000254	8d766d37	lui	x26,0x8d766	 x26=0x8d766000
       2245.000 ns	       223	80000258	17ed0d13	addi	x26,x26,382	 x26:0x00000000 x26=0x8d76617e
       2255.000 ns	       224	8000025c	00e00d93	addi	x27,x0,14	  x0:0x00000000 x27=0x0000000e
       2265.000 ns	       225	80000260	f214ee37	lui	x28,0xf214e	 x28=0xf214e000
       2275.000 ns	       226	80000264	2d0e0e13	addi	x28,x28,720	 x28:0x00000000 x28=0xf214e2d0
       2285.000 ns	       227	80000268	cc19feb7	lui	x29,0xcc19f	 x29=0xcc19f000
       2295.000 ns	       228	8000026c	7ffe8e93	addi	x29,x29,2047	 x29:0xff800000 x29=0xcc19f7ff
       2305.000 ns	       229	80000270	83c79f37	lui	x30,0x83c79	 x30=0x83c79000
       2315.000 ns	       230	80000274	677f0f13	addi	x30,x30,1655	 x30:0x00000000 x30=0x83c79677
       2325.000 ns	       231	80000278	00041817	auipc	x16,0x41	 x16=0x80041278
       2335.000 ns	       232	8000027c	d6c80813	addi	x16,x16,-660	 x16:0x00000000 x16=0x80040fe4
       2365.000 ns	       235	80000280	19cfffd3	fdiv.s	f31,f31,f28	 f31:0xff800000 f28:0x9b101faf f31=0x7f800000
       2395.000 ns	       238	80000284	e0028a53	fmv.x.w	x20,f5	  f5:0x002bbe7e x20=0x002bbe7e
       2425.000 ns	       241	80000288	a1ed20d3	feq.s	x1,f26,f30	 f26:0x80000000 f30:0xfc946eba  x1=0x00000000
       2445.000 ns	       243	8000028c	011a64b3	or	x9,x20,x17	 x20:0x002bbe7e x17:0x9b00a02e  x9=0x9b2bbe7e
       2475.000 ns	       246	80000290	19752ed3	fdiv.s	f29,f10,f23	 f10:0x7f800001 f23:0xff800000 f29=0x7fc00000
       2495.000 ns	       248	80000294	012c2eb3	slt	x29,x24,x18	 x24:0x72d2523f x18:0xe7539bdc x29=0x00000000
       2525.000 ns	       251	80000298	11db78d3	fmul.s	f17,f22,f29	 f22:0x7f800001 f29:0x7fc00000 f17=0x7fc00000
       2545.000 ns	       253	8000029c	010191b3	sll	x3,x3,x16	  x3:0x59faf314 x16:0x80040fe4  x3=0x9faf3140
       2555.000 ns	       254	800002a0	01ed1c93	slli	x25,x26,0x1e	 x26:0x8d76617e x25=0x80000000
       2575.000 ns	       256	800002a4	0390aa33	mulhsu	x20,x1,x25	  x1:0x00000000 x25:0x00000000 x20=0x00000000
       2625.000 ns	       261	800002a8	08d5ab53	fsub.s	f22,f11,f13	 f11:0x00798eae f13:0xce0a0fb8 f22=0x4e0a0fb8
       2645.000 ns	       263	800002ac	01097033	and	x0,x18,x16	 x18:0xe7539bdc x16:0x80040fe4
       2665.000 ns	       265	800002b0	d01af853	fcvt.s.wu	f16,x21	 x21:0x00000000 f16=0x00000000
       2685.000 ns	       267	800002b4	410ede13	srai	x28,x29,0x10	 x29:0x00000000 x28=0x00000000
       2705.000 ns	       269	800002b8	a01207d3	fle.s	x15,f4,f1	  f4:0xff800000  f1:0xdbe006cd x15=0x00000001
       2735.000 ns	       272	800002bc	e0021bd3	fclass.s	x23,f4	  f4:0xff800000 x23=0x00000001
       2785.000 ns	       277	800002c0	08277a53	fsub.s	f20,f14,f2	 f14:0x7fc00000  f2:0x7fc00000 f20=0x7fc00000
       2805.000 ns	       279	800002c4	ddd06493	ori	x9,x0,-547	  x0:0x00000000  x9=0xfffffddd
       2825.000 ns	       281	800002c8	d0087153	fcvt.s.w	f2,x16	 x16:0x80040fe4  f2=0xcefff7e0
       2855.000 ns	       284	800002cc	a02b27d3	feq.s	x15,f22,f2	 f22:0x4e0a0fb8  f2:0x7fc00000 x15=0x00000000
       2895.000 ns	       288	800002d0	19261753	fdiv.s	f14,f12,f18	 f12:0x00000000 f18:0x7f800001 f14=0x7fc00000
       2915.000 ns	       290	800002d4	00ceda13	srli	x20,x29,0xc	 x29:0x00000000 x20=0x00000000
       2935.000 ns	       292	800002d8	283f15d3	fmax.s	f11,f30,f3	 f30:0xfc946eba  f3:0x80000000 f11=0x80000000
       3305.000 ns	       329	800002dc	02e6e233	rem	x4,x13,x14	 x13:0xa92726f2 x14:0x00000009  x4=0xfffffffb
       3325.000 ns	       331	800002e0	019af333	and	x6,x21,x25	 x21:0x00000000 x25:0x80000000  x6=0x00000000
       3355.000 ns	       334	800002e4	1083fdd3	fmul.s	f27,f7,f8	  f7:0x804f6b96  f8:0x8060f3b6 f27=0x00000000
       3375.000 ns	       336	800002e8	00000013	addi	x0,x0,0	  x0:0x00000000
       3395.000 ns	       338	800002ec	29e412d3	fmax.s	f5,f8,f30	  f8:0x8060f3b6 f30:0xfc946eba  f5=0x8060f3b6
       3425.000 ns	       341	800002f0	214625d3	fsgnjx.s	f11,f12,f20	 f12:0x00000000 f20:0x7fc00000 f11=0x00000000
       3445.000 ns	       343	800002f4	00000013	addi	x0,x0,0	  x0:0x00000000
       3465.000 ns	       345	800002f8	a0a7a553	feq.s	x10,f15,f10	 f15:0x92b79ce4 f10:0x7f800001 x10=0x00000000
       3485.000 ns	       347	800002fc	d802ed17	auipc	x26,0xd802e	 x26=0x5802e2fc
       3495.000 ns	       348	80000300	61a18713	addi	x14,x3,1562	  x3:0x9faf3140 x14=0x9faf375a
       3515.000 ns	       350	80000304	d00affd3	fcvt.s.w	f31,x21	 x21:0x00000000 f31=0x00000000
       3545.000 ns	       353	80000308	03938cb3	mul	x25,x7,x25	  x7:0xa8249161 x25:0x80000000 x25=0x80000000
       3565.000 ns	       355	8000030c	613d5897	auipc	x17,0x613d5	 x17=0xe13d530c
       3585.000 ns	       357	80000310	03a512b3	mulh	x5,x10,x26	 x10:0x00000000 x26:0x5802e2fc  x5=0x00000000
       3625.000 ns	       361	80000314	580f7b53	fsqrt.s	f22,f30	 f30:0xfc946eba f22=0x7fc00000
       3645.000 ns	       363	80000318	01e91013	slli	x0,x18,0x1e	 x18:0xe7539bdc
       3655.000 ns	       364	8000031c	019ffb33	and	x22,x31,x25	 x31:0x80041024 x25:0x80000000 x22=0x80000000
       3665.000 ns	       365	80000320	01fd0f33	add	x30,x26,x31	 x26:0x5802e2fc x31:0x80041024 x30=0xd806f320
       3675.000 ns	       366	80000324	ffec7793	andi	x15,x24,-2	 x24:0x72d2523f x15=0x72d2523e
       3715.000 ns	       370	80000328	0114bfd3	fadd.s	f31,f9,f17	  f9:0x7fc00000 f17:0x7fc00000 f31=0x7fc00000
       3745.000 ns	       373	8000032c	294f85d3	fmin.s	f11,f31,f20	 f31:0x00000000 f20:0x7fc00000 f11=0x7fc00000
       3775.000 ns	       376	80000330	025e4d33	div	x26,x28,x5	 x28:0x00000000  x5:0x00000000 x26=0xffffffff
       3825.000 ns	       381	80000334	094ff0d3	fsub.s	f1,f31,f20	 f31:0x7fc00000 f20:0x7fc00000  f1=0x7fc00000
       3855.000 ns	       384	80000338	e00b1ed3	fclass.s	x29,f22	 f22:0x7fc00000 x29=0x00000200
       3875.000 ns	       386	8000033c	44822a13	slti	x20,x4,1096	  x4:0xfffffffb x20=0x00000001
       3915.000 ns	       390	80000340	086d7053	fsub.s	f0,f26,f6	 f26:0x80000000  f6:0x7f800001  f0=0x7fc00000
       3955.000 ns	       394	80000344	58084fd3	fsqrt.s	f31,f16	 f16:0x00000000 f31=0x00000000
       3985.000 ns	       397	80000348	217f2d53	fsgnjx.s	f26,f30,f23	 f30:0xfc946eba f23:0xff800000 f26=0x7c946eba
       4355.000 ns	       434	8000034c	0244c033	div	x0,x9,x4	  x9:0xfffffddd  x4:0xfffffffb
       4725.000 ns	       471	80000350	0298c7b3	div	x15,x17,x9	 x17:0xe13d530c  x9:0xfffffddd x15=0x000e6567
       4755.000 ns	       474	80000354	e00d03d3	fmv.x.w	x7,f26	 f26:0x7c946eba  x7=0x7c946eba
       4775.000 ns	       476	80000358	d0bf0293	addi	x5,x30,-757	 x30:0xd806f320  x5=0xd806f02b
       5135.000 ns	       512	8000035c	0325f3b3	remu	x7,x11,x18	 x11:0x00000000 x18:0xe7539bdc  x7=0x00000000
       5165.000 ns	       515	80000360	d00938d3	fcvt.s.w	f17,x18	 x18:0xe7539bdc f17=0xcdc56322
       5535.000 ns	       552	80000364	03dae533	rem	x10,x21,x29	 x21:0x00000000 x29:0x00000200 x10=0x00000000
       5565.000 ns	       555	80000368	21bea553	fsgnjx.s	f10,f29,f27	 f29:0x7fc00000 f27:0x00000000 f10=0x7fc00000
       5595.000 ns	       558	8000036c	a16a0ad3	fle.s	x21,f20,f22	 f20:0x7fc00000 f22:0x7fc00000 x21=0x00000000
       5625.000 ns	       561	80000370	0311a233	mulhsu	x4,x3,x17	  x3:0x9faf3140 x17:0xe13d530c  x4=0xab41e7c9
       5665.000 ns	       565	80000374	1173f2d3	fmul.s	f5,f7,f23	  f7:0x804f6b96 f23:0xff800000  f5=0x7f800000
       5685.000 ns	       567	80000378	018bdf33	srl	x30,x23,x24	 x23:0x00000001 x24:0x72d2523f x30=0x00000000
       6045.000 ns	       603	8000037c	023ece33	div	x28,x29,x3	 x29:0x00000200  x3:0x9faf3140 x28=0x00000000
       6065.000 ns	       605	80000380	40465e33	sra	x28,x12,x4	 x12:0xfc1e93d0  x4:0xab41e7c9 x28=0xfffe0f49
       6075.000 ns	       606	80000384	4032d693	srai	x13,x5,0x3	  x5:0xd806f02b x13=0xfb00de05
       6095.000 ns	       608	80000388	21609453	fsgnjn.s	f8,f1,f22	  f1:0x7fc00000 f22:0x7fc00000  f8=0xffc00000
       6125.000 ns	       611	8000038c	02cd3933	mulhu	x18,x26,x12	 x26:0xffffffff x12:0xfc1e93d0 x18=0xfc1e93cf
       6165.000 ns	       615	80000390	185d4053	fdiv.s	f0,f26,f5	 f26:0x7c946eba  f5:0x7f800000  f0=0x00000000
       6185.000 ns	       617	80000394	00875533	srl	x10,x14,x8	 x14:0x9faf375a  x8:0x80000000 x10=0x9faf375a
       6205.000 ns	       619	80000398	e0080553	fmv.x.w	x10,f16	 f16:0x00000000 x10=0x00000000
       6225.000 ns	       621	8000039c	0bc13993	sltiu	x19,x2,188	  x2:0xf57d0799 x19=0x00000000
       6245.000 ns	       623	800003a0	218921d3	fsgnjx.s	f3,f18,f24	 f18:0x7f800001 f24:0x0049eda4  f3=0x7f800001
       6265.000 ns	       625	800003a4	019376b3	and	x13,x6,x25	  x6:0x00000000 x25:0x80000000 x13=0x00000000
       6285.000 ns	       627	800003a8	027c7233	remu	x4,x24,x7	 x24:0x72d2523f  x7:0x00000000  x4=0x72d2523f
       6315.000 ns	       630	800003ac	21f393d3	fsgnjn.s	f7,f7,f31	  f7:0x804f6b96 f31:0x00000000  f7=0x804f6b96
       6355.000 ns	       634	800003b0	58037f53	fsqrt.s	f30,f6	  f6:0x7f800001 f30=0x7fc00000
       6385.000 ns	       637	800003b4	c00d7a53	fcvt.w.s	x20,f26	 f26:0x7c946eba x20=0x7fffffff
       6405.000 ns	       639	800003b8	97580d13	addi	x26,x16,-1675	 x16:0x80040fe4 x26=0x80040959
       6415.000 ns	       640	800003bc	005112b3	sll	x5,x2,x5	  x2:0xf57d0799  x5:0xd806f02b  x5=0xe83cc800
       6435.000 ns	       642	800003c0	02de5a33	divu	x20,x28,x13	 x28:0xfffe0f49 x13:0x00000000 x20=0xffffffff
       6455.000 ns	       644	800003c4	001d5293	srli	x5,x26,0x1	 x26:0x80040959  x5=0x400204ac
       6475.000 ns	       646	800003c8	03ec65b3	rem	x11,x24,x30	 x24:0x72d2523f x30:0x00000000 x11=0x72d2523f
       6505.000 ns	       649	800003cc	21a2acd3	fsgnjx.s	f25,f5,f26	  f5:0x7f800000 f26:0x7c946eba f25=0x7f800000
       6525.000 ns	       651	800003d0	00bab9b3	sltu	x19,x21,x11	 x21:0x00000000 x11:0x72d2523f x19=0x00000001
       6545.000 ns	       653	800003d4	e00214d3	fclass.s	x9,f4	  f4:0xff800000  x9=0x00000001
       6565.000 ns	       655	800003d8	5366b3b7	lui	x7,0x5366b	  x7=0x5366b000
       6585.000 ns	       657	800003dc	024fb3b3	mulhu	x7,x31,x4	 x31:0x80041024  x4:0x72d2523f  x7=0x396afba6
       6625.000 ns	       661	800003e0	1005fe53	fmul.s	f28,f11,f0	 f11:0x7fc00000  f0:0x00000000 f28=0x7fc00000
       6645.000 ns	       663	800003e4	000e9c13	slli	x24,x29,0x0	 x29:0x00000200 x24=0x00000200
       6655.000 ns	       664	800003e8	402658b3	sra	x17,x12,x2	 x12:0xfc1e93d0  x2:0xf57d0799 x17=0xfffffffe
       6695.000 ns	       668	800003ec	08a2a453	fsub.s	f8,f5,f10	  f5:0x7f800000 f10:0x7fc00000  f8=0x7fc00000
       6715.000 ns	       670	800003f0	16e12c93	slti	x25,x2,366	  x2:0xf57d0799 x25=0x00000001
       6725.000 ns	       671	800003f4	00000013	addi	x0,x0,0	  x0:0x00000000
       6735.000 ns	       672	800003f8	002e64b3	or	x9,x28,x2	 x28:0xfffe0f49  x2:0xf57d0799  x9=0xffff0fd9
       6745.000 ns	       673	800003fc	5be6bd13	sltiu	x26,x13,1470	 x13:0x00000000 x26=0x00000001
       6755.000 ns	       674	80000400	b1344a37	lui	x20,0xb1344	 x20=0xb1344000
       6775.000 ns	       676	80000404	a1e2aed3	feq.s	x29,f5,f30	  f5:0x7f800000 f30:0x7fc00000 x29=0x00000000
       6795.000 ns	       678	80000408	01378033	add	x0,x15,x19	 x15:0x000e6567 x19:0x00000001
       6815.000 ns	       680	8000040c	211f9b53	fsgnjn.s	f22,f31,f17	 f31:0x00000000 f17:0xcdc56322 f22=0x00000000
       6835.000 ns	       682	80000410	93b28413	addi	x8,x5,-1733	  x5:0x400204ac  x8=0x4001fde7
       6845.000 ns	       683	80000414	00a6b1b3	sltu	x3,x13,x10	 x13:0x00000000 x10:0x00000000  x3=0x00000000
       6865.000 ns	       685	80000418	c00b75d3	fcvt.w.s	x11,f22	 f22:0x00000000 x11=0x00000000
       6895.000 ns	       688	8000041c	2030a9d3	fsgnjx.s	f19,f1,f3	  f1:0x7fc00000  f3:0x7f800001 f19=0x7fc00000
       6925.000 ns	       691	80000420	f00f80d3	fmv.w.x	f1,x31	 x31:0x80041024  f1=0x80041024
       6955.000 ns	       694	80000424	c0007e53	fcvt.w.s	x28,f0	  f0:0x00000000 x28=0x00000000
       6975.000 ns	       696	80000428	01779933	sll	x18,x15,x23	 x15:0x000e6567 x23:0x00000001 x18=0x001ccace
       6985.000 ns	       697	8000042c	41d08933	sub	x18,x1,x29	  x1:0x00000000 x29:0x00000000 x18=0x00000000
       7345.000 ns	       733	80000430	025dd033	divu	x0,x27,x5	 x27:0x0000000e  x5:0x400204ac
       7375.000 ns	       736	80000434	21f801d3	fsgnj.s	f3,f16,f31	 f16:0x00000000 f31:0x00000000  f3=0x00000000
       7395.000 ns	       738	80000438	01bca033	slt	x0,x25,x27	 x25:0x00000001 x27:0x0000000e
       7405.000 ns	       739	8000043c	015dc233	xor	x4,x27,x21	 x27:0x0000000e x21:0x00000000  x4=0x0000000e
       7415.000 ns	       740	80000440	bfe96893	ori	x17,x18,-1026	 x18:0x00000000 x17=0xfffffbfe
       7445.000 ns	       743	80000444	18e384d3	fdiv.s	f9,f7,f14	  f7:0x804f6b96 f14:0x7fc00000  f9=0x7fc00000
       7465.000 ns	       745	80000448	7d6e6893	ori	x17,x28,2006	 x28:0x00000000 x17=0x000007d6
       7485.000 ns	       747	8000044c	281318d3	fmax.s	f17,f6,f1	  f6:0x7f800001  f1:0x80041024 f17=0x80041024
       7515.000 ns	       750	80000450	c00873d3	fcvt.w.s	x7,f16	 f16:0x00000000  x7=0x00000000
       7565.000 ns	       755	80000454	08f4f9d3	fsub.s	f19,f9,f15	  f9:0x7fc00000 f15:0x92b79ce4 f19=0x7fc00000
       7595.000 ns	       758	80000458	03dc3f33	mulhu	x30,x24,x29	 x24:0x00000200 x29:0x00000000 x30=0x00000000
       7635.000 ns	       762	8000045c	186972d3	fdiv.s	f5,f18,f6	 f18:0x7f800001  f6:0x7f800001  f5=0x7fc00000
       7665.000 ns	       765	80000460	a1d10b53	fle.s	x22,f2,f29	  f2:0xcefff7e0 f29:0x7fc00000 x22=0x00000000
       7685.000 ns	       767	80000464	93d57e93	andi	x29,x10,-1731	 x10:0x00000000 x29=0x00000000
       7705.000 ns	       769	80000468	02a364b3	rem	x9,x6,x10	  x6:0x00000000 x10:0x00000000  x9=0x00000000
       7725.000 ns	       771	8000046c	0084d6b3	srl	x13,x9,x8	  x9:0xffff0fd9  x8:0x4001fde7 x13=0x00000000
       7745.000 ns	       773	80000470	212521d3	fsgnjx.s	f3,f10,f18	 f10:0x7fc00000 f18:0x7f800001  f3=0x7fc00000
       7775.000 ns	       776	80000474	025f1433	mulh	x8,x30,x5	 x30:0x00000000  x5:0x400204ac  x8=0x00000000
       7795.000 ns	       778	80000478	5f587b13	andi	x22,x16,1525	 x16:0x80040fe4 x22=0x000005e4
       7805.000 ns	       779	8000047c	01271c93	slli	x25,x14,0x12	 x14:0x9faf375a x25=0xdd680000
       7825.000 ns	       781	80000480	03dfd533	divu	x10,x31,x29	 x31:0x80041024 x29:0x00000000 x10=0xffffffff
       7845.000 ns	       783	80000484	00000013	addi	x0,x0,0	  x0:0x00000000
       7855.000 ns	       784	80000488	0191dbb3	srl	x23,x3,x25	  x3:0x00000000 x25:0xdd680000 x23=0x00000000
       7875.000 ns	       786	8000048c	c00579d3	fcvt.w.s	x19,f10	 f10:0x7fc00000 x19=0x7fffffff
       7895.000 ns	       788	80000490	01d7e3b3	or	x7,x15,x29	 x15:0x000e6567 x29:0x00000000  x7=0x000e6567
       7905.000 ns	       789	80000494	00ad8233	add	x4,x27,x10	 x27:0x0000000e x10:0xffffffff  x4=0x0000000d
       7925.000 ns	       791	80000498	a14aa7d3	feq.s	x15,f21,f20	 f21:0xb01b113c f20:0x7fc00000 x15=0x00000000
       7965.000 ns	       795	8000049c	58077553	fsqrt.s	f10,f14	 f14:0x7fc00000 f10=0x7fc00000
       7985.000 ns	       797	800004a0	411d5313	srai	x6,x26,0x11	 x26:0x00000001  x6=0x00000000
       8005.000 ns	       799	800004a4	028277b3	remu	x15,x4,x8	  x4:0x0000000d  x8:0x00000000 x15=0x0000000d
       8035.000 ns	       802	800004a8	28740fd3	fmin.s	f31,f8,f7	  f8:0x7fc00000  f7:0x804f6b96 f31=0x804f6b96
       8405.000 ns	       839	800004ac	03997ab3	remu	x21,x18,x25	 x18:0x00000000 x25:0xdd680000 x21=0x00000000
       8425.000 ns	       841	800004b0	003bbf33	sltu	x30,x23,x3	 x23:0x00000000  x3:0x00000000 x30=0x00000000
       8465.000 ns	       845	800004b4	0807bed3	fsub.s	f29,f15,f0	 f15:0x92b79ce4  f0:0x00000000 f29=0x92b79ce4
       8485.000 ns	       847	800004b8	b1d05b37	lui	x22,0xb1d05	 x22=0xb1d05000
       8505.000 ns	       849	800004bc	0376ca33	div	x20,x13,x23	 x13:0x00000000 x23:0x00000000 x20=0xffffffff
       8525.000 ns	       851	800004c0	8e1ae337	lui	x6,0x8e1ae	  x6=0x8e1ae000
       8535.000 ns	       852	800004c4	01cbd313	srli	x6,x23,0x1c	 x23:0x00000000  x6=0x00000000
       8545.000 ns	       853	800004c8	41308133	sub	x2,x1,x19	  x1:0x00000000 x19:0x7fffffff  x2=0x80000001
       8555.000 ns	       854	800004cc	017cc2b3	xor	x5,x25,x23	 x25:0xdd680000 x23:0x00000000  x5=0xdd680000
       8575.000 ns	       856	800004d0	28421353	fmax.s	f6,f4,f4	  f4:0xff800000  f4:0xff800000  f6=0xff800000
       8595.000 ns	       858	800004d4	01cecd33	xor	x26,x29,x28	 x29:0x00000000 x28:0x00000000 x26=0x00000000
       8955.000 ns	       894	800004d8	02c35933	divu	x18,x6,x12	  x6:0x00000000 x12:0xfc1e93d0 x18=0x00000000
       9005.000 ns	       899	800004dc	084b7f53	fsub.s	f30,f22,f4	 f22:0x00000000  f4:0xff800000 f30=0x7f800000
       9035.000 ns	       902	800004e0	20de89d3	fsgnj.s	f19,f29,f13	 f29:0x92b79ce4 f13:0xce0a0fb8 f19=0x92b79ce4
       9065.000 ns	       905	800004e4	29e694d3	fmax.s	f9,f13,f30	 f13:0xce0a0fb8 f30:0x7f800000  f9=0x7f800000
       9095.000 ns	       908	800004e8	c0161753	fcvt.wu.s	x14,f12	 f12:0x00000000 x14=0x00000000
       9125.000 ns	       911	800004ec	f00c0753	fmv.w.x	f14,x24	 x24:0x00000200 f14=0x00000200
       9145.000 ns	       913	800004f0	007fb4b3	sltu	x9,x31,x7	 x31:0x80041024  x7:0x000e6567  x9=0x00000000
       9165.000 ns	       915	800004f4	03c7d2b3	divu	x5,x15,x28	 x15:0x0000000d x28:0x00000000  x5=0xffffffff
       9195.000 ns	       918	800004f8	e0009453	fclass.s	x8,f1	  f1:0x80041024  x8=0x00000004
       9225.000 ns	       921	800004fc	d0007b53	fcvt.s.w	f22,x0	  x0:0x00000000 f22=0x00000000
       9245.000 ns	       923	80000500	01720633	add	x12,x4,x23	  x4:0x0000000d x23:0x00000000 x12=0x0000000d
       9265.000 ns	       925	80000504	a1f588d3	fle.s	x17,f11,f31	 f11:0x7fc00000 f31:0x804f6b96 x17=0x00000000
       9635.000 ns	       962	80000508	02c243b3	div	x7,x4,x12	  x4:0x0000000d x12:0xfc1e93d0  x7=0x00000001
       9665.000 ns	       965	8000050c	03755d33	divu	x26,x10,x23	 x10:0xffffffff x23:0x00000000 x26=0xffffffff
       9685.000 ns	       967	80000510	416ddab3	sra	x21,x27,x22	 x27:0x0000000e x22:0xb1d05000 x21=0x0000000e
       9695.000 ns	       968	80000514	01a472b3	and	x5,x8,x26	  x8:0x00000004 x26:0xffffffff  x5=0x00000004
       9705.000 ns	       969	80000518	01f51c93	slli	x25,x10,0x1f	 x10:0xffffffff x25=0x80000000
       9725.000 ns	       971	8000051c	c0067e53	fcvt.w.s	x28,f12	 f12:0x00000000 x28=0x00000000
       9745.000 ns	       973	80000520	008f4233	xor	x4,x30,x8	 x30:0x00000000  x8:0x00000004  x4=0x00000004
       9755.000 ns	       974	80000524	01287733	and	x14,x16,x18	 x16:0x80040fe4 x18:0x00000000 x14=0x00000000
       9765.000 ns	       975	80000528	0195eab3	or	x21,x11,x25	 x11:0x00000000 x25:0x80000000 x21=0x80000000
       9775.000 ns	       976	8000052c	01ba1693	slli	x13,x20,0x1b	 x20:0xffffffff x13=0xf8000000
       9785.000 ns	       977	80000530	e316f797	auipc	x15,0xe316f	 x15=0x6316f530
       9795.000 ns	       978	80000534	00ead893	srli	x17,x21,0xe	 x21:0x80000000 x17=0x00020000
       9805.000 ns	       979	80000538	f5192b13	slti	x22,x18,-175	 x18:0x00000000 x22=0x00000000
       9815.000 ns	       980	8000053c	01c09a93	slli	x21,x1,0x1c	  x1:0x00000000 x21=0x00000000
       9825.000 ns	       981	80000540	01395593	srli	x11,x18,0x13	 x18:0x00000000 x11=0x00000000
       9845.000 ns	       983	80000544	20612553	fsgnjx.s	f10,f2,f6	  f2:0xcefff7e0  f6:0xff800000 f10=0x4efff7e0
       9865.000 ns	       985	80000548	01c1bab3	sltu	x21,x3,x28	  x3:0x00000000 x28:0x00000000 x21=0x00000000
       9875.000 ns	       986	8000054c	94a67a93	andi	x21,x12,-1718	 x12:0x0000000d x21=0x00000008
       9885.000 ns	       987	80000550	94806b17	auipc	x22,0x94806	 x22=0x14806550
       9905.000 ns	       989	80000554	a15497d3	flt.s	x15,f9,f21	  f9:0x7f800000 f21:0xb01b113c x15=0x00000000
       9925.000 ns	       991	80000558	8d68b917	auipc	x18,0x8d68b	 x18=0x0d68b558
       9945.000 ns	       993	8000055c	29599c53	fmax.s	f24,f19,f21	 f19:0x92b79ce4 f21:0xb01b113c f24=0x92b79ce4
       9975.000 ns	       996	80000560	216d14d3	fsgnjn.s	f9,f26,f22	 f26:0x7c946eba f22:0x00000000  f9=0xfc946eba
       9995.000 ns	       998	80000564	637d0e93	addi	x29,x26,1591	 x26:0xffffffff x29=0x00000636
      10015.000 ns	      1000	80000568	a1980553	fle.s	x10,f16,f25	 f16:0x00000000 f25:0x7f800000 x10=0x00000001
      10035.000 ns	      1002	8000056c	00000013	addi	x0,x0,0	  x0:0x00000000
      10045.000 ns	      1003	80000570	6ecacf37	lui	x30,0x6ecac	 x30=0x6ecac000
      10055.000 ns	      1004	80000574	4098e113	ori	x2,x17,1033	 x17:0x00020000  x2=0x00020409
      10075.000 ns	      1006	80000578	d01a72d3	fcvt.s.wu	f5,x20	 x20:0xffffffff  f5=0x4f7fffff
      10095.000 ns	      1008	8000057c	006c9f13	slli	x30,x25,0x6	 x25:0x80000000 x30=0x00000000
      10105.000 ns	      1009	80000580	00846933	or	x18,x8,x8	  x8:0x00000004  x8:0x00000004 x18=0x00000004
      10115.000 ns	      1010	80000584	01165bb3	srl	x23,x12,x17	 x12:0x0000000d x17:0x00020000 x23=0x0000000d
      10125.000 ns	      1011	80000588	007d7633	and	x12,x26,x7	 x26:0xffffffff  x7:0x00000001 x12=0x00000001
      10135.000 ns	      1012	8000058c	c3942893	slti	x17,x8,-967	  x8:0x00000004 x17=0x00000000
      10495.000 ns	      1048	80000590	03d070b3	remu	x1,x0,x29	  x0:0x00000000 x29:0x00000636  x1=0x00000000
      10525.000 ns	      1051	80000594	02a88d33	mul	x26,x17,x10	 x17:0x00020000 x10:0x00000001 x26=0x00000000
      10545.000 ns	      1053	80000598	7a7e44b7	lui	x9,0x7a7e4	  x9=0x7a7e4000
      10575.000 ns	      1056	8000059c	18b2f853	fdiv.s	f16,f5,f11	  f5:0x4f7fffff f11:0x7fc00000 f16=0x7fc00000
      10595.000 ns	      1058	800005a0	004ad993	srli	x19,x21,0x4	 x21:0x00000008 x19=0x00000000
      10615.000 ns	      1060	800005a4	d01132d3	fcvt.s.wu	f5,x2	  x2:0x00020409  f5=0x48010240
      10645.000 ns	      1063	800005a8	a04805d3	fle.s	x11,f16,f4	 f16:0x7fc00000  f4:0xff800000 x11=0x00000000
      11015.000 ns	      1100	800005ac	022057b3	divu	x15,x0,x2	  x0:0x00000000  x2:0x00020409 x15=0x00000000
      11045.000 ns	      1103	800005b0	d015f3d3	fcvt.s.wu	f7,x11	 x11:0x00000000  f7=0x00000000
      11075.000 ns	      1106	800005b4	20fd0153	fsgnj.s	f2,f26,f15	 f26:0x7c946eba f15:0x92b79ce4  f2=0xfc946eba
      11095.000 ns	      1108	800005b8	d5e12393	slti	x7,x2,-674	  x2:0x00020409  x7=0x00000000
      11115.000 ns	      1110	800005bc	28fe12d3	fmax.s	f5,f28,f15	 f28:0x7fc00000 f15:0x92b79ce4  f5=0x92b79ce4
      11145.000 ns	      1113	800005c0	02716e33	rem	x28,x2,x7	  x2:0x00020409  x7:0x00000001 x28=0x00020409
      11165.000 ns	      1115	800005c4	01725c33	srl	x24,x4,x23	  x4:0x00000004 x23:0x0000000d x24=0x00000000
      11175.000 ns	      1116	800005c8	00000013	addi	x0,x0,0	  x0:0x00000000
      11185.000 ns	      1117	800005cc	01829393	slli	x7,x5,0x18	  x5:0x00000004  x7=0x04000000
      11195.000 ns	      1118	800005d0	00965113	srli	x2,x12,0x9	 x12:0x00000001  x2=0x00000000
      11205.000 ns	      1119	800005d4	407bd933	sra	x18,x23,x7	 x23:0x0000000d  x7:0x00000000 x18=0x0000000d
      11225.000 ns	      1121	800005d8	e00b02d3	fmv.x.w	x5,f22	 f22:0x00000000  x5=0x00000000
      11255.000 ns	      1124	800005dc	e00d0553	fmv.x.w	x10,f26	 f26:0x7c946eba x10=0x7c946eba
      11285.000 ns	      1127	800005e0	c0090d53	fcvt.w.s	x26,f18	 f18:0x7f800001 x26=0x7fffffff
      11305.000 ns	      1129	800005e4	00000013	addi	x0,x0,0	  x0:0x00000000
      11325.000 ns	      1131	800005e8	c00b9d53	fcvt.w.s	x26,f23	 f23:0xff800000 x26=0x80000000
      11355.000 ns	      1134	800005ec	d01540d3	fcvt.s.wu	f1,x10	 x10:0x7c946eba  f1=0x4ef928dd
      11385.000 ns	      1137	800005f0	e00007d3	fmv.x.w	x15,f0	  f0:0x00000000 x15=0x00000000
      11425.000 ns	      1141	800005f4	10b1bdd3	fmul.s	f27,f3,f11	  f3:0x7fc00000 f11:0x7fc00000 f27=0x7fc00000
      11455.000 ns	      1144	800005f8	02c115b3	mulh	x11,x2,x12	  x2:0x00000000 x12:0x00000001 x11=0x00000000
      11475.000 ns	      1146	800005fc	01c769b3	or	x19,x14,x28	 x14:0x00000000 x28:0x00020409 x19=0x00020409
      11485.000 ns	      1147	80000600	00e05193	srli	x3,x0,0xe	  x0:0x00000000  x3=0x00000000
      11505.000 ns	      1149	80000604	030b2133	mulhsu	x2,x22,x16	 x22:0x14806550 x16:0x80040fe4  x2=0x0a4085ef
      11535.000 ns	      1152	80000608	a06e12d3	flt.s	x5,f28,f6	 f28:0x7fc00000  f6:0xff800000  x5=0x00000000
      11555.000 ns	      1154	8000060c	40eb5533	sra	x10,x22,x14	 x22:0x14806550 x14:0x00000000 x10=0x14806550
      11915.000 ns	      1190	80000610	0348d533	divu	x10,x17,x20	 x17:0x00000000 x20:0xffffffff x10=0x00000000
      11935.000 ns	      1192	80000614	3db36c93	ori	x25,x6,987	  x6:0x00000000 x25=0x000003db
      11945.000 ns	      1193	80000618	009bce33	xor	x28,x23,x9	 x23:0x0000000d  x9:0x7a7e4000 x28=0x7a7e400d
      11965.000 ns	      1195	8000061c	a0f789d3	fle.s	x19,f15,f15	 f15:0x92b79ce4 f15:0x92b79ce4 x19=0x00000001
      11995.000 ns	      1198	80000620	a10f8553	fle.s	x10,f31,f16	 f31:0x804f6b96 f16:0x7fc00000 x10=0x00000000
      12015.000 ns	      1200	80000624	00273533	sltu	x10,x14,x2	 x14:0x00000000  x2:0x0a4085ef x10=0x00000001
      12045.000 ns	      1203	80000628	10b77b53	fmul.s	f22,f14,f11	 f14:0x00000200 f11:0x7fc00000 f22=0x7fc00000
      12065.000 ns	      1205	8000062c	9a516c13	ori	x24,x2,-1627	  x2:0x0a4085ef x24=0xfffffdef
      12085.000 ns	      1207	80000630	027e3b33	mulhu	x22,x28,x7	 x28:0x7a7e400d  x7:0x04000000 x22=0x01e9f900
      12135.000 ns	      1212	80000634	0137fa53	fadd.s	f20,f15,f19	 f15:0x92b79ce4 f19:0x92b79ce4 f20=0x93379ce4
      12155.000 ns	      1214	80000638	009582b3	add	x5,x11,x9	 x11:0x00000000  x9:0x7a7e4000  x5=0x7a7e4000
      12515.000 ns	      1250	8000063c	03017c33	remu	x24,x2,x16	  x2:0x0a4085ef x16:0x80040fe4 x24=0x0a4085ef
      12535.000 ns	      1252	80000640	00ab1b33	sll	x22,x22,x10	 x22:0x01e9f900 x10:0x00000001 x22=0x03d3f200
      12545.000 ns	      1253	80000644	01bc30b3	sltu	x1,x24,x27	 x24:0x0a4085ef x27:0x0000000e  x1=0x00000000
      12555.000 ns	      1254	80000648	2a1ce993	ori	x19,x25,673	 x25:0x000003db x19=0x000003fb
      12565.000 ns	      1255	8000064c	b0d87713	andi	x14,x16,-1267	 x16:0x80040fe4 x14=0x80040b04
      12895.000 ns	      1288	80000650	19317653	fdiv.s	f12,f2,f19	  f2:0xfc946eba f19:0x92b79ce4 f12=0x7f800000
      12925.000 ns	      1291	80000654	d01b8853	fcvt.s.wu	f16,x23	 x23:0x0000000d f16=0x41500000
      12945.000 ns	      1293	80000658	3fcd3e93	sltiu	x29,x26,1020	 x26:0x80000000 x29=0x00000000
      12965.000 ns	      1295	8000065c	023af733	remu	x14,x21,x3	 x21:0x00000008  x3:0x00000000 x14=0x00000008
      12995.000 ns	      1298	80000660	d005fbd3	fcvt.s.w	f23,x11	 x11:0x00000000 f23=0x00000000
      13365.000 ns	      1335	80000664	037cfbb3	remu	x23,x25,x23	 x25:0x000003db x23:0x0000000d x23=0x0000000c
      13395.000 ns	      1338	80000668	032eb0b3	mulhu	x1,x29,x18	 x29:0x00000000 x18:0x0000000d  x1=0x00000000
      13765.000 ns	      1375	8000066c	02c84bb3	div	x23,x16,x12	 x16:0x80040fe4 x12:0x00000001 x23=0x80040fe4
      13795.000 ns	      1378	80000670	f00000d3	fmv.w.x	f1,x0	  x0:0x00000000  f1=0x00000000
      13815.000 ns	      1380	80000674	33208613	addi	x12,x1,818	  x1:0x00000000 x12=0x00000332
      13835.000 ns	      1382	80000678	d002fed3	fcvt.s.w	f29,x5	  x5:0x7a7e4000 f29=0x4ef4fc80
      13855.000 ns	      1384	8000067c	971ce2b7	lui	x5,0x971ce	  x5=0x971ce000
      13865.000 ns	      1385	80000680	80bec993	xori	x19,x29,-2037	 x29:0x00000000 x19=0xfffff80b
      13875.000 ns	      1386	80000684	1c8caa13	slti	x20,x25,456	 x25:0x000003db x20=0x00000000
      14235.000 ns	      1422	80000688	03cfcbb3	div	x23,x31,x28	 x31:0x80041024 x28:0x7a7e400d x23=0xffffffff
      14255.000 ns	      1424	8000068c	016ee233	or	x4,x29,x22	 x29:0x00000000 x22:0x03d3f200  x4=0x03d3f200
      14265.000 ns	      1425	80000690	40198233	sub	x4,x19,x1	 x19:0xfffff80b  x1:0x00000000  x4=0xfffff80b
      14275.000 ns	      1426	80000694	3a6f3213	sltiu	x4,x30,934	 x30:0x00000000  x4=0x00000001
      14295.000 ns	      1428	80000698	0222aeb3	mulhsu	x29,x5,x2	  x5:0x971ce000  x2:0x0a4085ef x29=0xfbccb118
      14325.000 ns	      1431	8000069c	a19ca753	feq.s	x14,f25,f25	 f25:0x7f800000 f25:0x7f800000 x14=0x00000001
      14345.000 ns	      1433	800006a0	00000013	addi	x0,x0,0	  x0:0x00000000
      14365.000 ns	      1435	800006a4	c002aed3	fcvt.w.s	x29,f5	  f5:0x92b79ce4 x29=0x00000000
      14385.000 ns	      1437	800006a8	0053bd33	sltu	x26,x7,x5	  x7:0x04000000  x5:0x971ce000 x26=0x00000001
      14395.000 ns	      1438	800006ac	001d70b3	and	x1,x26,x1	 x26:0x80000000  x1:0x00000000  x1=0x00000000
      14405.000 ns	      1439	800006b0	eabce493	ori	x9,x25,-341	 x25:0x000003db  x9=0xfffffffb
      14425.000 ns	      1441	800006b4	20d720d3	fsgnjx.s	f1,f14,f13	 f14:0x00000200 f13:0xce0a0fb8  f1=0x80000200
      14445.000 ns	      1443	800006b8	2f278797	auipc	x15,0x2f278	 x15=0xaf2786b8
      14455.000 ns	      1444	800006bc	41f1dab3	sra	x21,x3,x31	  x3:0x00000000 x31:0x80041024 x21=0x00000000
      14465.000 ns	      1445	800006c0	32dc3313	sltiu	x6,x24,813	 x24:0x0a4085ef  x6=0x00000000
      14475.000 ns	      1446	800006c4	000776b3	and	x13,x14,x0	 x14:0x00000001  x0:0x00000000 x13=0x00000000
      14495.000 ns	      1448	800006c8	d00176d3	fcvt.s.w	f13,x2	  x2:0x0a4085ef f13=0x4d24085e
      14525.000 ns	      1451	800006cc	e00802d3	fmv.x.w	x5,f16	 f16:0x41500000  x5=0x41500000
      14555.000 ns	      1454	800006d0	026411b3	mulh	x3,x8,x6	  x8:0x00000004  x6:0x00000000  x3=0x00000000
      14595.000 ns	      1458	800006d4	1891fd53	fdiv.s	f26,f3,f9	  f3:0x7fc00000  f9:0xfc946eba f26=0x7fc00000
      14615.000 ns	      1460	800006d8	4063db13	srai	x22,x7,0x6	  x7:0x04000000 x22=0x00100000
      14625.000 ns	      1461	800006dc	41895c93	srai	x25,x18,0x18	 x18:0x0000000d x25=0x00000000
      14985.000 ns	      1497	800006e0	038be2b3	rem	x5,x23,x24	 x23:0xffffffff x24:0x0a4085ef  x5=0xffffffff
      15005.000 ns	      1499	800006e4	01b19933	sll	x18,x3,x27	  x3:0x00000000 x27:0x0000000e x18=0x00000000
      15015.000 ns	      1500	800006e8	00000013	addi	x0,x0,0	  x0:0x00000000
      15035.000 ns	      1502	800006ec	217ba2d3	fsgnjx.s	f5,f23,f23	 f23:0x00000000 f23:0x00000000  f5=0x00000000
      15055.000 ns	      1504	800006f0	01615713	srli	x14,x2,0x16	  x2:0x0a4085ef x14=0x00000029
      15065.000 ns	      1505	800006f4	00f6d113	srli	x2,x13,0xf	 x13:0x00000000  x2=0x00000000
      15085.000 ns	      1507	800006f8	a0b59cd3	flt.s	x25,f11,f11	 f11:0x7fc00000 f11:0x7fc00000 x25=0x00000000
      15115.000 ns	      1510	800006fc	a11c1353	flt.s	x6,f24,f17	 f24:0x92b79ce4 f17:0x80041024  x6=0x00000001
      15135.000 ns	      1512	80000700	01fa9bb3	sll	x23,x21,x31	 x21:0x00000000 x31:0x80041024 x23=0x00000000
      15175.000 ns	      1516	80000704	09e37cd3	fsub.s	f25,f6,f30	  f6:0xff800000 f30:0x7f800000 f25=0x80000000
      15195.000 ns	      1518	80000708	4100dbb3	sra	x23,x1,x16	  x1:0x00000000 x16:0x80040fe4 x23=0x00000000
      15215.000 ns	      1520	8000070c	284782d3	fmin.s	f5,f15,f4	 f15:0x92b79ce4  f4:0xff800000  f5=0xff800000
      15245.000 ns	      1523	80000710	28560953	fmin.s	f18,f12,f5	 f12:0x7f800000  f5:0x00000000 f18=0xff800000
      15265.000 ns	      1525	80000714	0156f133	and	x2,x13,x21	 x13:0x00000000 x21:0x00000000  x2=0x00000000
      15275.000 ns	      1526	80000718	00000013	addi	x0,x0,0	  x0:0x00000000
      15315.000 ns	      1530	8000071c	08441f53	fsub.s	f30,f8,f4	  f8:0x7fc00000  f4:0xff800000 f30=0x7fc00000
      15335.000 ns	      1532	80000720	410d06b3	sub	x13,x26,x16	 x26:0x00000001 x16:0x80040fe4 x13=0x7ffbf01d
      15355.000 ns	      1534	80000724	0237fd33	remu	x26,x15,x3	 x15:0xaf2786b8  x3:0x00000000 x26=0xaf2786b8
      15395.000 ns	      1538	80000728	11ab7b53	fmul.s	f22,f22,f26	 f22:0x7fc00000 f26:0x7fc00000 f22=0x7fc00000
      15415.000 ns	      1540	8000072c	41bcd5b3	sra	x11,x25,x27	 x25:0x00000000 x27:0x0000000e x11=0x00000000
      15425.000 ns	      1541	80000730	030d3197	auipc	x3,0x30d3	  x3=0x830d3730
      15445.000 ns	      1543	80000734	f00702d3	fmv.w.x	f5,x14	 x14:0x00000029  f5=0x00000029
      15495.000 ns	      1548	80000738	0925ad53	fsub.s	f26,f11,f18	 f11:0x7fc00000 f18:0xff800000 f26=0x7fc00000
      15515.000 ns	      1550	8000073c	01ecb1b3	sltu	x3,x25,x30	 x25:0x00000000 x30:0x00000000  x3=0x00000000
      15535.000 ns	      1552	80000740	03d63e33	mulhu	x28,x12,x29	 x12:0x00000332 x29:0x00000000 x28=0x00000000
      15555.000 ns	      1554	80000744	4044d013	srai	x0,x9,0x4	  x9:0xfffffffb
      15575.000 ns	      1556	80000748	292a15d3	fmax.s	f11,f20,f18	 f20:0x93379ce4 f18:0xff800000 f11=0x93379ce4
      15595.000 ns	      1558	8000074c	f0a66337	lui	x6,0xf0a66	  x6=0xf0a66000
      15605.000 ns	      1559	80000750	00cef233	and	x4,x29,x12	 x29:0x00000000 x12:0x00000332  x4=0x00000000
      15615.000 ns	      1560	80000754	007422b3	slt	x5,x8,x7	  x8:0x00000004  x7:0x04000000  x5=0x00000001
      15635.000 ns	      1562	80000758	c011f153	fcvt.wu.s	x2,f3	  f3:0x7fc00000  x2=0xffffffff
      16005.000 ns	      1599	8000075c	02a7da33	divu	x20,x15,x10	 x15:0xaf2786b8 x10:0x00000001 x20=0xaf2786b8
      16035.000 ns	      1602	80000760	21988353	fsgnj.s	f6,f17,f25	 f17:0x80041024 f25:0x80000000  f6=0x80041024
      16065.000 ns	      1605	80000764	d00e1753	fcvt.s.w	f14,x28	 x28:0x00000000 f14=0x00000000
      16095.000 ns	      1608	80000768	d0009a53	fcvt.s.w	f20,x1	  x1:0x00000000 f20=0x00000000
      16115.000 ns	      1610	8000076c	01ec3d33	sltu	x26,x24,x30	 x24:0x0a4085ef x30:0x00000000 x26=0x00000000
      16135.000 ns	      1612	80000770	a1ee11d3	flt.s	x3,f28,f30	 f28:0x7fc00000 f30:0x7fc00000  x3=0x00000000
      16155.000 ns	      1614	80000774	00663333	sltu	x6,x12,x6	 x12:0x00000332  x6:0xf0a66000  x6=0x00000001
      16165.000 ns	      1615	80000778	9a95c913	xori	x18,x11,-1623	 x11:0x00000000 x18=0xfffff9a9
      16175.000 ns	      1616	8000077c	00185513	srli	x10,x16,0x1	 x16:0x80040fe4 x10=0x400207f2
      16195.000 ns	      1618	80000780	02b20a33	mul	x20,x4,x11	  x4:0x00000000 x11:0x00000000 x20=0x00000000
      16215.000 ns	      1620	80000784	b6a98d13	addi	x26,x19,-1174	 x19:0xfffff80b x26=0xfffff375
      16235.000 ns	      1622	80000788	21e022d3	fsgnjx.s	f5,f0,f30	  f0:0x00000000 f30:0x7fc00000  f5=0x00000000
      16265.000 ns	      1625	8000078c	20902253	fsgnjx.s	f4,f0,f9	  f0:0x00000000  f9:0xfc946eba  f4=0x80000000
      16295.000 ns	      1628	80000790	022413b3	mulh	x7,x8,x2	  x8:0x00000004  x2:0xffffffff  x7=0xffffffff
      16665.000 ns	      1665	80000794	033a68b3	rem	x17,x20,x19	 x20:0x00000000 x19:0xfffff80b x17=0x00000000
      16685.000 ns	      1667	80000798	40ce5693	srai	x13,x28,0xc	 x28:0x00000000 x13=0x00000000
      16705.000 ns	      1669	8000079c	a008a6d3	feq.s	x13,f17,f0	 f17:0x80041024  f0:0x00000000 x13=0x00000000
      16725.000 ns	      1671	800007a0	404a0933	sub	x18,x20,x4	 x20:0x00000000  x4:0x00000000 x18=0x00000000
      16745.000 ns	      1673	800007a4	f00f86d3	fmv.w.x	f13,x31	 x31:0x80041024 f13=0x80041024
      16775.000 ns	      1676	800007a8	215e19d3	fsgnjn.s	f19,f28,f21	 f28:0x7fc00000 f21:0xb01b113c f19=0x7fc00000
      16805.000 ns	      1679	800007ac	d000fe53	fcvt.s.w	f28,x1	  x1:0x00000000 f28=0x00000000
      16835.000 ns	      1682	800007b0	295a13d3	fmax.s	f7,f20,f21	 f20:0x00000000 f21:0xb01b113c  f7=0x00000000
      16865.000 ns	      1685	800007b4	02454d33	div	x26,x10,x4	 x10:0x400207f2  x4:0x00000000 x26=0xffffffff
      16895.000 ns	      1688	800007b8	d01f73d3	fcvt.s.wu	f7,x30	 x30:0x00000000  f7=0x00000000
      16925.000 ns	      1691	800007bc	d0097253	fcvt.s.w	f4,x18	 x18:0x00000000  f4=0x00000000
      16975.000 ns	      1696	800007c0	09c570d3	fsub.s	f1,f10,f28	 f10:0x4efff7e0 f28:0x00000000  f1=0x4efff7e0
      17015.000 ns	      1700	800007c4	5809f2d3	fsqrt.s	f5,f19	 f19:0x7fc00000  f5=0x7fc00000
      17035.000 ns	      1702	800007c8	407bdd13	srai	x26,x23,0x7	 x23:0x00000000 x26=0x00000000
      17045.000 ns	      1703	800007cc	00000013	addi	x0,x0,0	  x0:0x00000000
      17055.000 ns	      1704	800007d0	80b2ae13	slti	x28,x5,-2037	  x5:0x00000001 x28=0x00000000
      17075.000 ns	      1706	800007d4	e00198d3	fclass.s	x17,f3	  f3:0x7fc00000 x17=0x00000200
      17095.000 ns	      1708	800007d8	01eed0b3	srl	x1,x29,x30	 x29:0x00000000 x30:0x00000000  x1=0x00000000
      17115.000 ns	      1710	800007dc	e00308d3	fmv.x.w	x17,f6	  f6:0x80041024 x17=0x80041024
      17135.000 ns	      1712	800007e0	0094d693	srli	x13,x9,0x9	  x9:0xfffffffb x13=0x007fffff
      17145.000 ns	      1713	800007e4	6ec46c13	ori	x24,x8,1772	  x8:0x00000004 x24=0x000006ec
      17165.000 ns	      1715	800007e8	e0061153	fclass.s	x2,f12	 f12:0x7f800000  x2=0x00000080
      17185.000 ns	      1717	800007ec	5c2c6193	ori	x3,x24,1474	 x24:0x0a4085ef  x3=0x000007ee
      17195.000 ns	      1718	800007f0	6f67c293	xori	x5,x15,1782	 x15:0xaf2786b8  x5=0xaf27804e
      17205.000 ns	      1719	800007f4	0015f033	and	x0,x11,x1	 x11:0x00000000  x1:0x00000000
      17225.000 ns	      1721	800007f8	021664b3	rem	x9,x12,x1	 x12:0x00000332  x1:0x00000000  x9=0x00000332
      17275.000 ns	      1726	800007fc	09d84d53	fsub.s	f26,f16,f29	 f16:0x41500000 f29:0x4ef4fc80 f26=0xcef4fc80
      17295.000 ns	      1728	80000800	01ddecb3	or	x25,x27,x29	 x27:0x0000000e x29:0x00000000 x25=0x0000000e
      17305.000 ns	      1729	80000804	414b8333	sub	x6,x23,x20	 x23:0x00000000 x20:0x00000000  x6=0x00000000
      17315.000 ns	      1730	80000808	001edb93	srli	x23,x29,0x1	 x29:0x00000000 x23=0x00000000
      17335.000 ns	      1732	8000080c	e00110d3	fclass.s	x1,f2	  f2:0xfc946eba  x1=0x00000002
      17365.000 ns	      1735	80000810	28998ed3	fmin.s	f29,f19,f9	 f19:0x7fc00000  f9:0xfc946eba f29=0xfc946eba
      17385.000 ns	      1737	80000814	f1f6ce13	xori	x28,x13,-225	 x13:0x007fffff x28=0xff8000e0
      17395.000 ns	      1738	80000818	007b9433	sll	x8,x23,x7	 x23:0x00000000  x7:0xffffffff  x8=0x00000000
      17405.000 ns	      1739	8000081c	016ad893	srli	x17,x21,0x16	 x21:0x00000000 x17=0x00000000
      17415.000 ns	      1740	80000820	fe5935b7	lui	x11,0xfe593	 x11=0xfe593000
      17435.000 ns	      1742	80000824	a1fa90d3	flt.s	x1,f21,f31	 f21:0xb01b113c f31:0x804f6b96  x1=0x00000001
      17455.000 ns	      1744	80000828	75064493	xori	x9,x12,1872	 x12:0x00000332  x9=0x00000462
      17815.000 ns	      1780	8000082c	0369deb3	divu	x29,x19,x22	 x19:0xfffff80b x22:0x00100000 x29=0x00000fff
      17845.000 ns	      1783	80000830	02e92ab3	mulhsu	x21,x18,x14	 x18:0x00000000 x14:0x00000029 x21=0x00000000
      17875.000 ns	      1786	80000834	03da2bb3	mulhsu	x23,x20,x29	 x20:0x00000000 x29:0x00000fff x23=0x00000000
      17905.000 ns	      1789	80000838	03cc9533	mulh	x10,x25,x28	 x25:0x0000000e x28:0xff8000e0 x10=0xffffffff
      17925.000 ns	      1791	8000083c	0122d313	srli	x6,x5,0x12	  x5:0xaf27804e  x6=0x00002bc9
      17935.000 ns	      1792	80000840	4df57a93	andi	x21,x10,1247	 x10:0xffffffff x21=0x000004df
      17955.000 ns	      1794	80000844	c019fcd3	fcvt.wu.s	x25,f19	 f19:0x7fc00000 x25=0xffffffff
      17975.000 ns	      1796	80000848	2b01c7b7	lui	x15,0x2b01c	 x15=0x2b01c000
      17985.000 ns	      1797	8000084c	41dfda33	sra	x20,x31,x29	 x31:0x80041024 x29:0x00000fff x20=0xffffffff
      17995.000 ns	      1798	80000850	c539b913	sltiu	x18,x19,-941	 x19:0xfffff80b x18=0x00000001
      18035.000 ns	      1802	80000854	090679d3	fsub.s	f19,f12,f16	 f12:0x7f800000 f16:0x41500000 f19=0x7f800000
      18075.000 ns	      1806	80000858	5807be53	fsqrt.s	f28,f15	 f15:0x92b79ce4 f28=0x7fc00000
      18105.000 ns	      1809	8000085c	29410753	fmin.s	f14,f2,f20	  f2:0xfc946eba f20:0x00000000 f14=0xfc946eba
      18125.000 ns	      1811	80000860	40c3d5b3	sra	x11,x7,x12	  x7:0xffffffff x12:0x00000332 x11=0xffffffff
      18135.000 ns	      1812	80000864	5589ab93	slti	x23,x19,1368	 x19:0xfffff80b x23=0x00000001
      18145.000 ns	      1813	80000868	40970cb3	sub	x25,x14,x9	 x14:0x00000029  x9:0x00000462 x25=0xfffffbc7
      18165.000 ns	      1815	8000086c	d016f6d3	fcvt.s.wu	f13,x13	 x13:0x007fffff f13=0x4afffffe
      18185.000 ns	      1817	80000870	7beba0b7	lui	x1,0x7beba	  x1=0x7beba000
      18195.000 ns	      1818	80000874	de9d0393	addi	x7,x26,-535	 x26:0x00000000  x7=0xfffffde9
      18555.000 ns	      1854	80000878	0257da33	divu	x20,x15,x5	 x15:0x2b01c000  x5:0xaf27804e x20=0x00000000
      18575.000 ns	      1856	8000087c	00000013	addi	x0,x0,0	  x0:0x00000000
      18585.000 ns	      1857	80000880	00a05c93	srli	x25,x0,0xa	  x0:0x00000000 x25=0x00000000
      18625.000 ns	      1861	80000884	08acf153	fsub.s	f2,f25,f10	 f25:0x80000000 f10:0x4efff7e0  f2=0xcefff7e0
      18655.000 ns	      1864	80000888	03b8a0b3	mulhsu	x1,x17,x27	 x17:0x00000000 x27:0x0000000e  x1=0x00000000
      18675.000 ns	      1866	8000088c	33a9f293	andi	x5,x19,826	 x19:0xfffff80b  x5=0x0000000a
      18695.000 ns	      1868	80000890	219f18d3	fsgnjn.s	f17,f30,f25	 f30:0x7fc00000 f25:0x80000000 f17=0x7fc00000
      18715.000 ns	      1870	80000894	ba8ee193	ori	x3,x29,-1112	 x29:0x00000fff  x3=0xffffffff
      18745.000 ns	      1873	80000898	18fcf553	fdiv.s	f10,f25,f15	 f25:0x80000000 f15:0x92b79ce4 f10=0x00000000
      18775.000 ns	      1876	8000089c	03690933	mul	x18,x18,x22	 x18:0x00000001 x22:0x00100000 x18=0x00100000
      18795.000 ns	      1878	800008a0	41f48733	sub	x14,x9,x31	  x9:0x00000462 x31:0x80041024 x14=0x7ffbf43e
      18805.000 ns	      1879	800008a4	41e20933	sub	x18,x4,x30	  x4:0x00000000 x30:0x00000000 x18=0x00000000
      18815.000 ns	      1880	800008a8	00a7a633	slt	x12,x15,x10	 x15:0x2b01c000 x10:0xffffffff x12=0x00000000
      18835.000 ns	      1882	800008ac	03a0df33	divu	x30,x1,x26	  x1:0x00000000 x26:0x00000000 x30=0xffffffff
      18875.000 ns	      1886	800008b0	182279d3	fdiv.s	f19,f4,f2	  f4:0x00000000  f2:0xcefff7e0 f19=0x80000000
      18905.000 ns	      1889	800008b4	287e9553	fmax.s	f10,f29,f7	 f29:0xfc946eba  f7:0x00000000 f10=0x00000000
      18935.000 ns	      1892	800008b8	d012b2d3	fcvt.s.wu	f5,x5	  x5:0x0000000a  f5=0x41200000
      18955.000 ns	      1894	800008bc	2473e197	auipc	x3,0x2473e	  x3=0xa473e8bc
      18975.000 ns	      1896	800008c0	a019a953	feq.s	x18,f19,f1	 f19:0x80000000  f1:0x4efff7e0 x18=0x00000000
      19005.000 ns	      1899	800008c4	28678853	fmin.s	f16,f15,f6	 f15:0x92b79ce4  f6:0x80041024 f16=0x92b79ce4
      19035.000 ns	      1902	800008c8	f00e0253	fmv.w.x	f4,x28	 x28:0xff8000e0  f4=0xff8000e0
      19065.000 ns	      1905	800008cc	20f59553	fsgnjn.s	f10,f11,f15	 f11:0x93379ce4 f15:0x92b79ce4 f10=0x13379ce4
      19095.000 ns	      1908	800008d0	036f99b3	mulh	x19,x31,x22	 x31:0x80041024 x22:0x00100000 x19=0xfff80041
      19125.000 ns	      1911	800008d4	0274acb3	mulhsu	x25,x9,x7	  x9:0x00000462  x7:0xfffffde9 x25=0x00000461
      19155.000 ns	      1914	800008d8	28f20a53	fmin.s	f20,f4,f15	  f4:0xff8000e0 f15:0x92b79ce4 f20=0x92b79ce4
      19175.000 ns	      1916	800008dc	01c8d433	srl	x8,x17,x28	 x17:0x00000000 x28:0xff8000e0  x8=0x00000000
      19185.000 ns	      1917	800008e0	97e03013	sltiu	x0,x0,-1666	  x0:0x00000000
      19205.000 ns	      1919	800008e4	026808b3	mul	x17,x16,x6	 x16:0x80040fe4  x6:0x00002bc9 x17=0x31dbc604
      19235.000 ns	      1922	800008e8	21712153	fsgnjx.s	f2,f2,f23	  f2:0xcefff7e0 f23:0x00000000  f2=0xcefff7e0
      19265.000 ns	      1925	800008ec	293f1953	fmax.s	f18,f30,f19	 f30:0x7fc00000 f19:0x80000000 f18=0x80000000
      19295.000 ns	      1928	800008f0	02e191b3	mulh	x3,x3,x14	  x3:0xa473e8bc x14:0x7ffbf43e  x3=0xd23b66c2
      19315.000 ns	      1930	800008f4	01b0bc33	sltu	x24,x1,x27	  x1:0x00000000 x27:0x0000000e x24=0x00000001
      19335.000 ns	      1932	800008f8	20d29453	fsgnjn.s	f8,f5,f13	  f5:0x41200000 f13:0x4afffffe  f8=0xc1200000
      19355.000 ns	      1934	800008fc	010cd713	srli	x14,x25,0x10	 x25:0x00000461 x14=0x00000000
      19365.000 ns	      1935	80000900	407c5693	srai	x13,x24,0x7	 x24:0x00000001 x13=0x00000000
      19375.000 ns	      1936	80000904	01fd5c13	srli	x24,x26,0x1f	 x26:0x00000000 x24=0x00000000
      19735.000 ns	      1972	80000908	022cc3b3	div	x7,x25,x2	 x25:0x00000461  x2:0x00000080  x7=0x00000008
      19765.000 ns	      1975	8000090c	a12101d3	fle.s	x3,f2,f18	  f2:0xcefff7e0 f18:0x80000000  x3=0x00000001
      19795.000 ns	      1978	80000910	e00e0ad3	fmv.x.w	x21,f28	 f28:0x7fc00000 x21=0x7fc00000
      19815.000 ns	      1980	80000914	0009c533	xor	x10,x19,x0	 x19:0xfff80041  x0:0x00000000 x10=0xfff80041
      19835.000 ns	      1982	80000918	29419f53	fmax.s	f30,f3,f20	  f3:0x7fc00000 f20:0x92b79ce4 f30=0x92b79ce4
      19855.000 ns	      1984	8000091c	43ee6393	ori	x7,x28,1086	 x28:0xff8000e0  x7=0xff8004fe
      19875.000 ns	      1986	80000920	d006b153	fcvt.s.w	f2,x13	 x13:0x00000000  f2=0x00000000
      19905.000 ns	      1989	80000924	28179c53	fmax.s	f24,f15,f1	 f15:0x92b79ce4  f1:0x4efff7e0 f24=0x4efff7e0
      19925.000 ns	      1991	80000928	002ae8b3	or	x17,x21,x2	 x21:0x7fc00000  x2:0x00000080 x17=0x7fc00080
      19945.000 ns	      1993	8000092c	029a94b3	mulh	x9,x21,x9	 x21:0x7fc00000  x9:0x00000462  x9=0x0000022f
      19965.000 ns	      1995	80000930	41613113	sltiu	x2,x2,1046	  x2:0x00000080  x2=0x00000001
      19975.000 ns	      1996	80000934	d01e0b13	addi	x22,x28,-767	 x28:0xff8000e0 x22=0xff7ffde1
      19995.000 ns	      1998	80000938	20f80253	fsgnj.s	f4,f16,f15	 f16:0x92b79ce4 f15:0x92b79ce4  f4=0x92b79ce4
      20015.000 ns	      2000	8000093c	41295513	srai	x10,x18,0x12	 x18:0x00000000 x10=0x00000000
      20025.000 ns	      2001	80000940	615f4e13	xori	x28,x30,1557	 x30:0xffffffff x28=0xfffff9ea
      20045.000 ns	      2003	80000944	0344ecb3	rem	x25,x9,x20	  x9:0x0000022f x20:0x00000000 x25=0x0000022f
      20065.000 ns	      2005	80000948	42392e13	slti	x28,x18,1059	 x18:0x00000000 x28=0x00000001
      20085.000 ns	      2007	8000094c	030b02b3	mul	x5,x22,x16	 x22:0xff7ffde1 x16:0x80040fe4  x5=0x85624b64
      20105.000 ns	      2009	80000950	33182013	slti	x0,x16,817	 x16:0x80040fe4
      20115.000 ns	      2010	80000954	4dc97a17	auipc	x20,0x4dc97	 x20=0xcdc97954
      20135.000 ns	      2012	80000958	20991bd3	fsgnjn.s	f23,f18,f9	 f18:0x80000000  f9:0xfc946eba f23=0x00000000
      20155.000 ns	      2014	8000095c	41d7d1b3	sra	x3,x15,x29	 x15:0x2b01c000 x29:0x00000fff  x3=0x00000000
      20165.000 ns	      2015	80000960	41b5d2b3	sra	x5,x11,x27	 x11:0xffffffff x27:0x0000000e  x5=0xffffffff
      20185.000 ns	      2017	80000964	28200c53	fmin.s	f24,f0,f2	  f0:0x00000000  f2:0x00000000 f24=0x00000000
      20205.000 ns	      2019	80000968	42213217	auipc	x4,0x42213	  x4=0xc2213968
      20225.000 ns	      2021	8000096c	20a020d3	fsgnjx.s	f1,f0,f10	  f0:0x00000000 f10:0x13379ce4  f1=0x00000000
      20245.000 ns	      2023	80000970	40f6d133	sra	x2,x13,x15	 x13:0x00000000 x15:0x2b01c000  x2=0x00000000
      20255.000 ns	      2024	80000974	00ecdcb3	srl	x25,x25,x14	 x25:0x0000022f x14:0x00000000 x25=0x0000022f
      20285.000 ns	      2027	80000978	108a7053	fmul.s	f0,f20,f8	 f20:0x92b79ce4  f8:0xc1200000  f0=0x1465841e
      20305.000 ns	      2029	8000097c	016331b3	sltu	x3,x6,x22	  x6:0x00002bc9 x22:0xff7ffde1  x3=0x00000001
      20315.000 ns	      2030	80000980	01885a13	srli	x20,x16,0x18	 x16:0x80040fe4 x20=0x00000080
      20325.000 ns	      2031	80000984	000775b3	and	x11,x14,x0	 x14:0x00000000  x0:0x00000000 x11=0x00000000
      20345.000 ns	      2033	80000988	c0080653	fcvt.w.s	x12,f16	 f16:0x92b79ce4 x12=0x00000000
      20375.000 ns	      2036	8000098c	f0028cd3	fmv.w.x	f25,x5	  x5:0xffffffff f25=0xffffffff
      20405.000 ns	      2039	80000990	28939dd3	fmax.s	f27,f7,f9	  f7:0x00000000  f9:0xfc946eba f27=0x00000000
      20425.000 ns	      2041	80000994	007b5a13	srli	x20,x22,0x7	 x22:0xff7ffde1 x20=0x01fefffb
      20445.000 ns	      2043	80000998	21638753	fsgnj.s	f14,f7,f22	  f7:0x00000000 f22:0x7fc00000 f14=0x00000000
      20475.000 ns	      2046	8000099c	02d06c33	rem	x24,x0,x13	  x0:0x00000000 x13:0x00000000 x24=0x00000000
      20495.000 ns	      2048	800009a0	01829713	slli	x14,x5,0x18	  x5:0xffffffff x14=0xff000000
      20515.000 ns	      2050	800009a4	c0152e53	fcvt.wu.s	x28,f10	 f10:0x13379ce4 x28=0x00000000
      20535.000 ns	      2052	800009a8	34103193	sltiu	x3,x0,833	  x0:0x00000000  x3=0x00000001
      20555.000 ns	      2054	800009ac	297614d3	fmax.s	f9,f12,f23	 f12:0x7f800000 f23:0x00000000  f9=0x7f800000
      20585.000 ns	      2057	800009b0	02b107b3	mul	x15,x2,x11	  x2:0x00000000 x11:0x00000000 x15=0x00000000
      20625.000 ns	      2061	800009b4	19331353	fdiv.s	f6,f6,f19	  f6:0x80041024 f19:0x80000000  f6=0x7f800000
      20655.000 ns	      2064	800009b8	203ea453	fsgnjx.s	f8,f29,f3	 f29:0xfc946eba  f3:0x7fc00000  f8=0xfc946eba
      20675.000 ns	      2066	800009bc	8abd3537	lui	x10,0x8abd3	 x10=0x8abd3000
      20685.000 ns	      2067	800009c0	01d13b33	sltu	x22,x2,x29	  x2:0x00000000 x29:0x00000fff x22=0x00000001
      20705.000 ns	      2069	800009c4	a1b09bd3	flt.s	x23,f1,f27	  f1:0x00000000 f27:0x00000000 x23=0x00000000
      20735.000 ns	      2072	800009c8	032bf5b3	remu	x11,x23,x18	 x23:0x00000001 x18:0x00000000 x11=0x00000000
      20765.000 ns	      2075	800009cc	a14f9353	flt.s	x6,f31,f20	 f31:0x804f6b96 f20:0x92b79ce4  x6=0x00000000
      20785.000 ns	      2077	800009d0	41c80e33	sub	x28,x16,x28	 x16:0x80040fe4 x28:0x00000000 x28=0x80040fe4
      20795.000 ns	      2078	800009d4	004ebeb3	sltu	x29,x29,x4	 x29:0x00000fff  x4:0xc2213968 x29=0x00000001
      20805.000 ns	      2079	800009d8	46c8ac13	slti	x24,x17,1132	 x17:0x7fc00080 x24=0x00000000
      21165.000 ns	      2115	800009dc	02ecf733	remu	x14,x25,x14	 x25:0x0000022f x14:0xff000000 x14=0x0000022f
      21195.000 ns	      2118	800009e0	a0821c53	flt.s	x24,f4,f8	  f4:0x92b79ce4  f8:0xfc946eba x24=0x00000000
      21215.000 ns	      2120	800009e4	00a073b3	and	x7,x0,x10	  x0:0x00000000 x10:0x8abd3000  x7=0x00000000
      21235.000 ns	      2122	800009e8	a04697d3	flt.s	x15,f13,f4	 f13:0x4afffffe  f4:0x92b79ce4 x15=0x00000000
      21605.000 ns	      2159	800009ec	03fddeb3	divu	x29,x27,x31	 x27:0x0000000e x31:0x80041024 x29=0x00000000
      21625.000 ns	      2161	800009f0	ae5cb337	lui	x6,0xae5cb	  x6=0xae5cb000
      21645.000 ns	      2163	800009f4	a0030253	fle.s	x4,f6,f0	  f6:0x7f800000  f0:0x1465841e  x4=0x00000000
      21675.000 ns	      2166	800009f8	c00dfc53	fcvt.w.s	x24,f27	 f27:0x00000000 x24=0x00000000
      21705.000 ns	      2169	800009fc	029e30b3	mulhu	x1,x28,x9	 x28:0x80040fe4  x9:0x0000022f  x1=0x00000117
      21755.000 ns	      2174	80000a00	01e618d3	fadd.s	f17,f12,f30	 f12:0x7f800000 f30:0x92b79ce4 f17=0x7f800000
      21775.000 ns	      2176	80000a04	0180c4b3	xor	x9,x1,x24	  x1:0x00000117 x24:0x00000000  x9=0x00000117
      21795.000 ns	      2178	80000a08	a1c30ed3	fle.s	x29,f6,f28	  f6:0x7f800000 f28:0x7fc00000 x29=0x00000000
      21815.000 ns	      2180	80000a0c	40ec83b3	sub	x7,x25,x14	 x25:0x0000022f x14:0x0000022f  x7=0x00000000
      21835.000 ns	      2182	80000a10	a111a2d3	feq.s	x5,f3,f17	  f3:0x7fc00000 f17:0x7f800000  x5=0x00000000
      21855.000 ns	      2184	80000a14	01d82e33	slt	x28,x16,x29	 x16:0x80040fe4 x29:0x00000000 x28=0x00000001
      21885.000 ns	      2187	80000a18	108b16d3	fmul.s	f13,f22,f8	 f22:0x7fc00000  f8:0xfc946eba f13=0x7fc00000
      21915.000 ns	      2190	80000a1c	a1c48753	fle.s	x14,f9,f28	  f9:0x7f800000 f28:0x7fc00000 x14=0x00000000
      21955.000 ns	      2194	80000a20	196cf4d3	fdiv.s	f9,f25,f22	 f25:0xffffffff f22:0x7fc00000  f9=0x7fc00000
      21985.000 ns	      2197	80000a24	c0110d53	fcvt.wu.s	x26,f2	  f2:0x00000000 x26=0x00000000
      22025.000 ns	      2201	80000a28	181dc653	fdiv.s	f12,f27,f1	 f27:0x00000000  f1:0x00000000 f12=0x7fc00000
      22055.000 ns	      2204	80000a2c	a0c19a53	flt.s	x20,f3,f12	  f3:0x7fc00000 f12:0x7f800000 x20=0x00000000
      22075.000 ns	      2206	80000a30	01d51bb3	sll	x23,x10,x29	 x10:0x8abd3000 x29:0x00000000 x23=0x8abd3000
      22095.000 ns	      2208	80000a34	d00f8ed3	fcvt.s.w	f29,x31	 x31:0x80041024 f29=0xcefff7df
      22125.000 ns	      2211	80000a38	03d5c733	div	x14,x11,x29	 x11:0x00000000 x29:0x00000000 x14=0xffffffff
      22155.000 ns	      2214	80000a3c	d002f6d3	fcvt.s.w	f13,x5	  x5:0x00000000 f13=0x00000000
      22175.000 ns	      2216	80000a40	008d36b3	sltu	x13,x26,x8	 x26:0x00000000  x8:0x00000000 x13=0x00000000
      22195.000 ns	      2218	80000a44	29fb9653	fmax.s	f12,f23,f31	 f23:0x00000000 f31:0x804f6b96 f12=0x00000000
      22225.000 ns	      2221	80000a48	2164ae53	fsgnjx.s	f28,f9,f22	  f9:0x7fc00000 f22:0x7fc00000 f28=0x7fc00000
      22255.000 ns	      2224	80000a4c	c000c5d3	fcvt.w.s	x11,f1	  f1:0x00000000 x11=0x00000000
      22275.000 ns	      2226	80000a50	0088cc33	xor	x24,x17,x8	 x17:0x7fc00080  x8:0x00000000 x24=0x7fc00080
      22305.000 ns	      2229	80000a54	10e5a6d3	fmul.s	f13,f11,f14	 f11:0x93379ce4 f14:0x00000000 f13=0x80000000
      22325.000 ns	      2231	80000a58	0179f633	and	x12,x19,x23	 x19:0xfff80041 x23:0x8abd3000 x12=0x8ab80000
      22345.000 ns	      2233	80000a5c	20b7a653	fsgnjx.s	f12,f15,f11	 f15:0x92b79ce4 f11:0x93379ce4 f12=0x12b79ce4
      22375.000 ns	      2236	80000a60	d00fc0d3	fcvt.s.w	f1,x31	 x31:0x80041024  f1=0xcefff7e0
      22395.000 ns	      2238	80000a64	0194a2b3	slt	x5,x9,x25	  x9:0x00000117 x25:0x0000022f  x5=0x00000001
      22405.000 ns	      2239	80000a68	4017d493	srai	x9,x15,0x1	 x15:0x00000000  x9=0x00000000
      22415.000 ns	      2240	80000a6c	01c5a533	slt	x10,x11,x28	 x11:0x00000000 x28:0x00000001 x10=0x00000001
      22445.000 ns	      2243	80000a70	112932d3	fmul.s	f5,f18,f18	 f18:0x80000000 f18:0x80000000  f5=0x00000000
      22475.000 ns	      2246	80000a74	027a1533	mulh	x10,x20,x7	 x20:0x00000000  x7:0x00000000 x10=0x00000000
      22505.000 ns	      2249	80000a78	d008fbd3	fcvt.s.w	f23,x17	 x17:0x7fc00080 f23=0x4eff8001
      22535.000 ns	      2252	80000a7c	f00c84d3	fmv.w.x	f9,x25	 x25:0x0000022f  f9=0x0000022f
      22555.000 ns	      2254	80000a80	002033b3	sltu	x7,x0,x2	  x0:0x00000000  x2:0x00000000  x7=0x00000000
      22565.000 ns	      2255	80000a84	bf68e493	ori	x9,x17,-1034	 x17:0x7fc00080  x9=0xfffffbf6
      22585.000 ns	      2257	80000a88	292413d3	fmax.s	f7,f8,f18	  f8:0xfc946eba f18:0x80000000  f7=0x80000000
      22615.000 ns	      2260	80000a8c	030425b3	mulhsu	x11,x8,x16	  x8:0x00000000 x16:0x80040fe4 x11=0x00000000
      22645.000 ns	      2263	80000a90	c0147d53	fcvt.wu.s	x26,f8	  f8:0xfc946eba x26=0x00000000
      22665.000 ns	      2265	80000a94	3d112913	slti	x18,x2,977	  x2:0x00000000 x18=0x00000001
      22685.000 ns	      2267	80000a98	a088a453	feq.s	x8,f17,f8	 f17:0x7f800000  f8:0xfc946eba  x8=0x00000000
      22705.000 ns	      2269	80000a9c	0066b2b3	sltu	x5,x13,x6	 x13:0x00000000  x6:0xae5cb000  x5=0x00000001
      22715.000 ns	      2270	80000aa0	00a195b3	sll	x11,x3,x10	  x3:0x00000001 x10:0x00000000 x11=0x00000001
      22725.000 ns	      2271	80000aa4	405a5f33	sra	x30,x20,x5	 x20:0x00000000  x5:0x00000001 x30=0x00000000
      22735.000 ns	      2272	80000aa8	9d79bf13	sltiu	x30,x19,-1577	 x19:0xfff80041 x30=0x00000001
      23095.000 ns	      2308	80000aac	0236fb33	remu	x22,x13,x3	 x13:0x00000000  x3:0x00000001 x22=0x00000000
      23115.000 ns	      2310	80000ab0	0179c3b3	xor	x7,x19,x23	 x19:0xfff80041 x23:0x8abd3000  x7=0x75453041
      23125.000 ns	      2311	80000ab4	40d55613	srai	x12,x10,0xd	 x10:0x00000000 x12=0x00000000
      23145.000 ns	      2313	80000ab8	022b8033	mul	x0,x23,x2	 x23:0x8abd3000  x2:0x00000000
      23195.000 ns	      2318	80000abc	09344353	fsub.s	f6,f8,f19	  f8:0xfc946eba f19:0x80000000  f6=0xfc946eba
      23215.000 ns	      2320	80000ac0	40180eb3	sub	x29,x16,x1	 x16:0x80040fe4  x1:0x00000117 x29=0x80040ecd
      23225.000 ns	      2321	80000ac4	b548f897	auipc	x17,0xb548f	 x17=0x3548fac4
      23245.000 ns	      2323	80000ac8	a01692d3	flt.s	x5,f13,f1	 f13:0x80000000  f1:0xcefff7e0  x5=0x00000000
      23265.000 ns	      2325	80000acc	8a681a17	auipc	x20,0x8a681	 x20=0x0a681acc
      23285.000 ns	      2327	80000ad0	20ac8ed3	fsgnj.s	f29,f25,f10	 f25:0xffffffff f10:0x13379ce4 f29=0x7fffffff
      23315.000 ns	      2330	80000ad4	d01b7353	fcvt.s.wu	f6,x22	 x22:0x00000000  f6=0x00000000
      23335.000 ns	      2332	80000ad8	0189ac33	slt	x24,x19,x24	 x19:0xfff80041 x24:0x7fc00080 x24=0x00000001
      23695.000 ns	      2368	80000adc	035fe233	rem	x4,x31,x21	 x31:0x80041024 x21:0x7fc00000  x4=0xffc41024
      23725.000 ns	      2371	80000ae0	c01972d3	fcvt.wu.s	x5,f18	 f18:0x80000000  x5=0x00000000
      23755.000 ns	      2374	80000ae4	f00f00d3	fmv.w.x	f1,x30	 x30:0x00000001  f1=0x00000001
      23795.000 ns	      2378	80000ae8	11cf92d3	fmul.s	f5,f31,f28	 f31:0x804f6b96 f28:0x7fc00000  f5=0x7fc00000
      23815.000 ns	      2380	80000aec	35dbe993	ori	x19,x23,861	 x23:0x8abd3000 x19=0x8abd335d
      23835.000 ns	      2382	80000af0	d0014ed3	fcvt.s.w	f29,x2	  x2:0x00000000 f29=0x00000000
      23855.000 ns	      2384	80000af4	01e5b0b3	sltu	x1,x11,x30	 x11:0x00000001 x30:0x00000001  x1=0x00000000
      23875.000 ns	      2386	80000af8	a029a453	feq.s	x8,f19,f2	 f19:0x80000000  f2:0x00000000  x8=0x00000001
      23895.000 ns	      2388	80000afc	014302b3	add	x5,x6,x20	  x6:0xae5cb000 x20:0x0a681acc  x5=0xb8c4cacc
      23905.000 ns	      2389	80000b00	41ce5e93	srai	x29,x28,0x1c	 x28:0x00000001 x29=0x00000000
      23925.000 ns	      2391	80000b04	213a9953	fsgnjn.s	f18,f21,f19	 f21:0xb01b113c f19:0x80000000 f18=0x301b113c
      24295.000 ns	      2428	80000b08	039842b3	div	x5,x16,x25	 x16:0x80040fe4 x25:0x0000022f  x5=0xffc56368
      24325.000 ns	      2431	80000b0c	0223a533	mulhsu	x10,x7,x2	  x7:0x75453041  x2:0x00000000 x10=0x00000000
      24345.000 ns	      2433	80000b10	00a32c33	slt	x24,x6,x10	  x6:0xae5cb000 x10:0x00000000 x24=0x00000001
      24355.000 ns	      2434	80000b14	91f1c593	xori	x11,x3,-1761	  x3:0x00000001 x11=0xfffff91e
      24375.000 ns	      2436	80000b18	20642a53	fsgnjx.s	f20,f8,f6	  f8:0xfc946eba  f6:0x00000000 f20=0xfc946eba
      24415.000 ns	      2440	80000b1c	10f7ced3	fmul.s	f29,f15,f15	 f15:0x92b79ce4 f15:0x92b79ce4 f29=0x6603b1ae
      24785.000 ns	      2477	80000b20	02bce1b3	rem	x3,x25,x11	 x25:0x0000022f x11:0xfffff91e  x3=0x0000022f
      25125.000 ns	      2511	80000b24	19d478d3	fdiv.s	f17,f8,f29	  f8:0xfc946eba f29:0x6603b1ae f17=0xd5946eba
      25145.000 ns	      2513	80000b28	2df289b7	lui	x19,0x2df28	 x19=0x2df28000
      25165.000 ns	      2515	80000b2c	a043a153	feq.s	x2,f7,f4	  f7:0x80000000  f4:0x92b79ce4  x2=0x00000000
      25195.000 ns	      2518	80000b30	0392ab33	mulhsu	x22,x5,x25	  x5:0xffc56368 x25:0x0000022f x22=0xffffffff
      25225.000 ns	      2521	80000b34	a1150e53	fle.s	x28,f10,f17	 f10:0x13379ce4 f17:0xd5946eba x28=0x00000000
      25255.000 ns	      2524	80000b38	a1052353	feq.s	x6,f10,f16	 f10:0x13379ce4 f16:0x92b79ce4  x6=0x00000000
      25275.000 ns	      2526	80000b3c	00f36c33	or	x24,x6,x15	  x6:0xae5cb000 x15:0x00000000 x24=0x00000000
      25305.000 ns	      2529	80000b40	1834f253	fdiv.s	f4,f9,f3	  f9:0x0000022f  f3:0x7fc00000  f4=0x7fc00000
      25335.000 ns	      2532	80000b44	c007fed3	fcvt.w.s	x29,f15	 f15:0x92b79ce4 x29=0x00000000
      25355.000 ns	      2534	80000b48	00000013	addi	x0,x0,0	  x0:0x00000000
      25365.000 ns	      2535	80000b4c	4095d613	srai	x12,x11,0x9	 x11:0xfffff91e x12=0xfffffffc
      25405.000 ns	      2539	80000b50	09117853	fsub.s	f16,f2,f17	  f2:0x00000000 f17:0xd5946eba f16=0x55946eba
      25435.000 ns	      2542	80000b54	03c04d33	div	x26,x0,x28	  x0:0x00000000 x28:0x00000000 x26=0xffffffff
      25455.000 ns	      2544	80000b58	ebbefc13	andi	x24,x29,-325	 x29:0x00000000 x24=0x00000000
      25465.000 ns	      2545	80000b5c	01cbdf33	srl	x30,x23,x28	 x23:0x8abd3000 x28:0x00000000 x30=0x8abd3000
      25475.000 ns	      2546	80000b60	41045e13	srai	x28,x8,0x10	  x8:0x00000001 x28=0x00000000
      25495.000 ns	      2548	80000b64	e00391d3	fclass.s	x3,f7	  f7:0x80000000  x3=0x00000008
      25515.000 ns	      2550	80000b68	4098d233	sra	x4,x17,x9	 x17:0x3548fac4  x9:0xfffffbf6  x4=0x000000d5
      25535.000 ns	      2552	80000b6c	02b20433	mul	x8,x4,x11	  x4:0xffc41024 x11:0xfffff91e  x8=0xfffa45f6
      25565.000 ns	      2555	80000b70	03cadcb3	divu	x25,x21,x28	 x21:0x7fc00000 x28:0x00000000 x25=0xffffffff
      25585.000 ns	      2557	80000b74	0026fc33	and	x24,x13,x2	 x13:0x00000000  x2:0x00000000 x24=0x00000000
      25605.000 ns	      2559	80000b78	2056aed3	fsgnjx.s	f29,f13,f5	 f13:0x80000000  f5:0x7fc00000 f29=0x80000000
      25635.000 ns	      2562	80000b7c	026e5733	divu	x14,x28,x6	 x28:0x00000000  x6:0x00000000 x14=0xffffffff
      25665.000 ns	      2565	80000b80	02593f33	mulhu	x30,x18,x5	 x18:0x00000001  x5:0xffc56368 x30=0x00000000
      25695.000 ns	      2568	80000b84	29340753	fmin.s	f14,f8,f19	  f8:0xfc946eba f19:0x80000000 f14=0xfc946eba
      25725.000 ns	      2571	80000b88	20b087d3	fsgnj.s	f15,f1,f11	  f1:0x00000001 f11:0x93379ce4 f15=0x80000001
      26095.000 ns	      2608	80000b8c	0310d333	divu	x6,x1,x17	  x1:0x00000000 x17:0x3548fac4  x6=0x00000000
      26145.000 ns	      2613	80000b90	097d87d3	fsub.s	f15,f27,f23	 f27:0x00000000 f23:0x4eff8001 f15=0xceff8001
      26165.000 ns	      2615	80000b94	97856c13	ori	x24,x10,-1672	 x10:0x00000000 x24=0xfffff978
      26175.000 ns	      2616	80000b98	00000013	addi	x0,x0,0	  x0:0x00000000
      26185.000 ns	      2617	80000b9c	0179f133	and	x2,x19,x23	 x19:0x2df28000 x23:0x8abd3000  x2=0x08b00000
      26205.000 ns	      2619	80000ba0	023c82b3	mul	x5,x25,x3	 x25:0xffffffff  x3:0x00000008  x5=0xfffffff8
      26225.000 ns	      2621	80000ba4	fc223713	sltiu	x14,x4,-62	  x4:0x000000d5 x14=0x00000001
      26245.000 ns	      2623	80000ba8	21732553	fsgnjx.s	f10,f6,f23	  f6:0x00000000 f23:0x4eff8001 f10=0x00000000
      26265.000 ns	      2625	80000bac	01608eb3	add	x29,x1,x22	  x1:0x00000000 x22:0xffffffff x29=0xffffffff
      26285.000 ns	      2627	80000bb0	02493533	mulhu	x10,x18,x4	 x18:0x00000001  x4:0x000000d5 x10=0x00000000
      26305.000 ns	      2629	80000bb4	009dfd33	and	x26,x27,x9	 x27:0x0000000e  x9:0xfffffbf6 x26=0x00000006
      26315.000 ns	      2630	80000bb8	01895a33	srl	x20,x18,x24	 x18:0x00000001 x24:0xfffff978 x20=0x00000000
      26335.000 ns	      2632	80000bbc	d0117bd3	fcvt.s.wu	f23,x2	  x2:0x08b00000 f23=0x4d0b0000
      26385.000 ns	      2637	80000bc0	085afe53	fsub.s	f28,f21,f5	 f21:0xb01b113c  f5:0x7fc00000 f28=0x7fc00000
      26415.000 ns	      2640	80000bc4	03b03c33	mulhu	x24,x0,x27	  x0:0x00000000 x27:0x0000000e x24=0x00000000
      26465.000 ns	      2645	80000bc8	08bac553	fsub.s	f10,f21,f11	 f21:0xb01b113c f11:0x93379ce4 f10=0xb01b113c
      26495.000 ns	      2648	80000bcc	d01b2bd3	fcvt.s.wu	f23,x22	 x22:0xffffffff f23=0x4f800000
      26515.000 ns	      2650	80000bd0	d8cc4c13	xori	x24,x24,-628	 x24:0x00000000 x24=0xfffffd8c
      26525.000 ns	      2651	80000bd4	61670393	addi	x7,x14,1558	 x14:0x00000001  x7=0x00000617
      26545.000 ns	      2653	80000bd8	c0037353	fcvt.w.s	x6,f6	  f6:0x00000000  x6=0x00000000
      26595.000 ns	      2658	80000bdc	003211d3	fadd.s	f3,f4,f3	  f4:0x7fc00000  f3:0x7fc00000  f3=0x7fc00000
      26615.000 ns	      2660	80000be0	001acb33	xor	x22,x21,x1	 x21:0x7fc00000  x1:0x00000000 x22=0x7fc00000
      26625.000 ns	      2661	80000be4	07ca6413	ori	x8,x20,124	 x20:0x00000000  x8=0x0000007c
      26645.000 ns	      2663	80000be8	c014f1d3	fcvt.wu.s	x3,f9	  f9:0x0000022f  x3=0x00000000
      26675.000 ns	      2666	80000bec	f0078cd3	fmv.w.x	f25,x15	 x15:0x00000000 f25=0x00000000
      26695.000 ns	      2668	80000bf0	198ef593	andi	x11,x29,408	 x29:0xffffffff x11=0x00000198
      26705.000 ns	      2669	80000bf4	c8bc9997	auipc	x19,0xc8bc9	 x19=0x48bc9bf4
      26725.000 ns	      2671	80000bf8	e0009053	fclass.s	x0,f1	  f1:0x00000001
      26755.000 ns	      2674	80000bfc	023533b3	mulhu	x7,x10,x3	 x10:0x00000000  x3:0x00000000  x7=0x00000000
      26785.000 ns	      2677	80000c00	219b06d3	fsgnj.s	f13,f22,f25	 f22:0x7fc00000 f25:0x00000000 f13=0x7fc00000
      26815.000 ns	      2680	80000c04	202a9253	fsgnjn.s	f4,f21,f2	 f21:0xb01b113c  f2:0x00000000  f4=0xb01b113c
      26845.000 ns	      2683	80000c08	03df3f33	mulhu	x30,x30,x29	 x30:0x00000000 x29:0xffffffff x30=0x00000000
      26865.000 ns	      2685	80000c0c	01b694b3	sll	x9,x13,x27	 x13:0x00000000 x27:0x0000000e  x9=0x00000000
      26885.000 ns	      2687	80000c10	f00a89d3	fmv.w.x	f19,x21	 x21:0x7fc00000 f19=0x7fc00000
      26905.000 ns	      2689	80000c14	0dc1b013	sltiu	x0,x3,220	  x3:0x00000000
      26925.000 ns	      2691	80000c18	c0187753	fcvt.wu.s	x14,f16	 f16:0x55946eba x14=0xffffffff
      26945.000 ns	      2693	80000c1c	00932b33	slt	x22,x6,x9	  x6:0x00000000  x9:0x00000000 x22=0x00000000
      26985.000 ns	      2697	80000c20	00101253	fadd.s	f4,f0,f1	  f0:0x1465841e  f1:0x00000001  f4=0x1465841e
      27005.000 ns	      2699	80000c24	3ea90993	addi	x19,x18,1002	 x18:0x00000001 x19=0x000003eb
      27025.000 ns	      2701	80000c28	a0550b53	fle.s	x22,f10,f5	 f10:0xb01b113c  f5:0x7fc00000 x22=0x00000000
      27045.000 ns	      2703	80000c2c	4043d013	srai	x0,x7,0x4	  x7:0x00000000
      27065.000 ns	      2705	80000c30	a13a20d3	feq.s	x1,f20,f19	 f20:0xfc946eba f19:0x7fc00000  x1=0x00000000
      27085.000 ns	      2707	80000c34	0101ccb3	xor	x25,x3,x16	  x3:0x00000000 x16:0x80040fe4 x25=0x80040fe4
      27105.000 ns	      2709	80000c38	a0b313d3	flt.s	x7,f6,f11	  f6:0x00000000 f11:0x93379ce4  x7=0x00000000
      27135.000 ns	      2712	80000c3c	e0069553	fclass.s	x10,f13	 f13:0x7fc00000 x10=0x00000200
      27155.000 ns	      2714	80000c40	00000013	addi	x0,x0,0	  x0:0x00000000
      27175.000 ns	      2716	80000c44	a0091453	flt.s	x8,f18,f0	 f18:0x301b113c  f0:0x1465841e  x8=0x00000000
      27195.000 ns	      2718	80000c48	01e15713	srli	x14,x2,0x1e	  x2:0x08b00000 x14=0x00000000
      27215.000 ns	      2720	80000c4c	a0a40a53	fle.s	x20,f8,f10	  f8:0xfc946eba f10:0xb01b113c x20=0x00000001
      27235.000 ns	      2722	80000c50	00000013	addi	x0,x0,0	  x0:0x00000000
      27255.000 ns	      2724	80000c54	e0091cd3	fclass.s	x25,f18	 f18:0x301b113c x25=0x00000040
      27285.000 ns	      2727	80000c58	284a8a53	fmin.s	f20,f21,f4	 f21:0xb01b113c  f4:0x1465841e f20=0xb01b113c
      27305.000 ns	      2729	80000c5c	4dbe7313	andi	x6,x28,1243	 x28:0x00000000  x6=0x00000000
      27315.000 ns	      2730	80000c60	1b55a913	slti	x18,x11,437	 x11:0x00000198 x18=0x00000001
      27325.000 ns	      2731	80000c64	710bb013	sltiu	x0,x23,1808	 x23:0x8abd3000
      27335.000 ns	      2732	80000c68	0106da33	srl	x20,x13,x16	 x13:0x00000000 x16:0x80040fe4 x20=0x00000000
      27345.000 ns	      2733	80000c6c	0ae90b13	addi	x22,x18,174	 x18:0x00000001 x22=0x000000af
      27365.000 ns	      2735	80000c70	c013f953	fcvt.wu.s	x18,f7	  f7:0x80000000 x18=0x00000000
      27395.000 ns	      2738	80000c74	e0010ad3	fmv.x.w	x21,f2	  f2:0x00000000 x21=0x00000000
      27415.000 ns	      2740	80000c78	400d3e93	sltiu	x29,x26,1024	 x26:0x00000006 x29=0x00000001
      27435.000 ns	      2742	80000c7c	02cebbb3	mulhu	x23,x29,x12	 x29:0xffffffff x12:0xfffffffc x23=0x00000000
      27465.000 ns	      2745	80000c80	a0601ed3	flt.s	x29,f0,f6	  f0:0x1465841e  f6:0x00000000 x29=0x00000000
      27485.000 ns	      2747	80000c84	3088fd13	andi	x26,x17,776	 x17:0x3548fac4 x26=0x00000200
      27495.000 ns	      2748	80000c88	00000013	addi	x0,x0,0	  x0:0x00000000
      27505.000 ns	      2749	80000c8c	00000013	addi	x0,x0,0	  x0:0x00000000
      27525.000 ns	      2751	80000c90	295090d3	fmax.s	f1,f1,f21	  f1:0x00000001 f21:0xb01b113c  f1=0x00000001
      27565.000 ns	      2755	80000c94	580e7a53	fsqrt.s	f20,f28	 f28:0x7fc00000 f20=0x7fc00000
      27585.000 ns	      2757	80000c98	409ad713	srai	x14,x21,0x9	 x21:0x00000000 x14=0x00000000
      27595.000 ns	      2758	80000c9c	7f7c9997	auipc	x19,0x7f7c9	 x19=0xff7c9c9c
      27605.000 ns	      2759	80000ca0	b8077493	andi	x9,x14,-1152	 x14:0x00000000  x9=0x00000000
      27615.000 ns	      2760	80000ca4	00be97b3	sll	x15,x29,x11	 x29:0x00000000 x11:0x00000198 x15=0x00000000
      27645.000 ns	      2763	80000ca8	58077ad3	fsqrt.s	f21,f14	 f14:0xfc946eba f21=0x7fc00000
      27675.000 ns	      2766	80000cac	a10829d3	feq.s	x19,f16,f16	 f16:0x55946eba f16:0x55946eba x19=0x00000001
      27695.000 ns	      2768	80000cb0	0165f933	and	x18,x11,x22	 x11:0x00000198 x22:0x000000af x18=0x00000088
      27715.000 ns	      2770	80000cb4	02ed5e33	divu	x28,x26,x14	 x26:0x00000200 x14:0x00000000 x28=0xffffffff
      27745.000 ns	      2773	80000cb8	020e58b3	divu	x17,x28,x0	 x28:0x00000000  x0:0x00000000 x17=0xffffffff
      27765.000 ns	      2775	80000cbc	a8fd37b7	lui	x15,0xa8fd3	 x15=0xa8fd3000
      27785.000 ns	      2777	80000cc0	02ae3633	mulhu	x12,x28,x10	 x28:0xffffffff x10:0x00000200 x12=0x000001ff
      27815.000 ns	      2780	80000cc4	d014c953	fcvt.s.wu	f18,x9	  x9:0x00000000 f18=0x00000000
      27845.000 ns	      2783	80000cc8	032eb933	mulhu	x18,x29,x18	 x29:0x00000000 x18:0x00000088 x18=0x00000000
      27895.000 ns	      2788	80000ccc	089afb53	fsub.s	f22,f21,f9	 f21:0x7fc00000  f9:0x0000022f f22=0x7fc00000
      27915.000 ns	      2790	80000cd0	000da8b3	slt	x17,x27,x0	 x27:0x0000000e  x0:0x00000000 x17=0x00000000
      27935.000 ns	      2792	80000cd4	f0028f53	fmv.w.x	f30,x5	  x5:0xfffffff8 f30=0xfffffff8
      27955.000 ns	      2794	80000cd8	875e7113	andi	x2,x28,-1931	 x28:0xffffffff  x2=0xfffff875
      27975.000 ns	      2796	80000cdc	023e0333	mul	x6,x28,x3	 x28:0xffffffff  x3:0x00000000  x6=0x00000000
      28015.000 ns	      2800	80000ce0	18d830d3	fdiv.s	f1,f16,f13	 f16:0x55946eba f13:0x7fc00000  f1=0x7fc00000
      28045.000 ns	      2803	80000ce4	209ea3d3	fsgnjx.s	f7,f29,f9	 f29:0x80000000  f9:0x0000022f  f7=0x80000000
      28065.000 ns	      2805	80000ce8	016aa033	slt	x0,x21,x22	 x21:0x00000000 x22:0x000000af
      28075.000 ns	      2806	80000cec	00000013	addi	x0,x0,0	  x0:0x00000000
      28095.000 ns	      2808	80000cf0	21e71253	fsgnjn.s	f4,f14,f30	 f14:0xfc946eba f30:0xfffffff8  f4=0x7c946eba
      28115.000 ns	      2810	80000cf4	81ea7e13	andi	x28,x20,-2018	 x20:0x00000000 x28=0x00000000
      28125.000 ns	      2811	80000cf8	01e09993	slli	x19,x1,0x1e	  x1:0x00000000 x19=0x00000000
      28135.000 ns	      2812	80000cfc	00000013	addi	x0,x0,0	  x0:0x00000000
      28155.000 ns	      2814	80000d00	f00382d3	fmv.w.x	f5,x7	  x7:0x00000000  f5=0x00000000
      28185.000 ns	      2817	80000d04	d012bad3	fcvt.s.wu	f21,x5	  x5:0xfffffff8 f21=0x4f800000
      28555.000 ns	      2854	80000d08	02bc6e33	rem	x28,x24,x11	 x24:0xfffffd8c x11:0x00000198 x28=0xffffff24
      28575.000 ns	      2856	80000d0c	01219793	slli	x15,x3,0x12	  x3:0x00000000 x15=0x00000000
      28585.000 ns	      2857	80000d10	00eaba33	sltu	x20,x21,x14	 x21:0x00000000 x14:0x00000000 x20=0x00000000
      28595.000 ns	      2858	80000d14	006dd213	srli	x4,x27,0x6	 x27:0x0000000e  x4=0x00000000
      28605.000 ns	      2859	80000d18	00cb9313	slli	x6,x23,0xc	 x23:0x00000000  x6=0x00000000
      28625.000 ns	      2861	80000d1c	a1e70753	fle.s	x14,f14,f30	 f14:0xfc946eba f30:0xfffffff8 x14=0x00000000
      28645.000 ns	      2863	80000d20	f75b5917	auipc	x18,0xf75b5	 x18=0x775b5d20
      28655.000 ns	      2864	80000d24	0063f1b3	and	x3,x7,x6	  x7:0x00000000  x6:0x00000000  x3=0x00000000
      28665.000 ns	      2865	80000d28	018f6133	or	x2,x30,x24	 x30:0x00000000 x24:0xfffffd8c  x2=0xfffffd8c
      28675.000 ns	      2866	80000d2c	80fa0113	addi	x2,x20,-2033	 x20:0x00000000  x2=0xfffff80f
      28705.000 ns	      2869	80000d30	1181ae53	fmul.s	f28,f3,f24	  f3:0x7fc00000 f24:0x00000000 f28=0x7fc00000
      28725.000 ns	      2871	80000d34	0e2aee17	auipc	x28,0xe2ae	 x28=0x8e2aed34
      29055.000 ns	      2904	80000d38	19757e53	fdiv.s	f28,f10,f23	 f10:0xb01b113c f23:0x4f800000 f28=0x9f9b113c
      29085.000 ns	      2907	80000d3c	03acb2b3	mulhu	x5,x25,x26	 x25:0x00000040 x26:0x00000200  x5=0x00000000
      29115.000 ns	      2910	80000d40	d013f653	fcvt.s.wu	f12,x7	  x7:0x00000000 f12=0x00000000
      29145.000 ns	      2913	80000d44	200f8fd3	fsgnj.s	f31,f31,f0	 f31:0x804f6b96  f0:0x1465841e f31=0x004f6b96
      29165.000 ns	      2915	80000d48	003ac5b3	xor	x11,x21,x3	 x21:0x00000000  x3:0x00000000 x11=0x00000000
      29175.000 ns	      2916	80000d4c	002a9eb3	sll	x29,x21,x2	 x21:0x00000000  x2:0xfffff80f x29=0x00000000
      29185.000 ns	      2917	80000d50	00630ab3	add	x21,x6,x6	  x6:0x00000000  x6:0x00000000 x21=0x00000000
      29195.000 ns	      2918	80000d54	20bf2013	slti	x0,x30,523	 x30:0x00000000
      29205.000 ns	      2919	80000d58	008b5d33	srl	x26,x22,x8	 x22:0x000000af  x8:0x00000000 x26=0x000000af
      29215.000 ns	      2920	80000d5c	ba77ebb7	lui	x23,0xba77e	 x23=0xba77e000
      29235.000 ns	      2922	80000d60	d007f653	fcvt.s.w	f12,x15	 x15:0x00000000 f12=0x00000000
      29255.000 ns	      2924	80000d64	00df21b3	slt	x3,x30,x13	 x30:0x00000000 x13:0x00000000  x3=0x00000000
      29275.000 ns	      2926	80000d68	d0103353	fcvt.s.wu	f6,x0	  x0:0x00000000  f6=0x00000000
      29295.000 ns	      2928	80000d6c	a6e43b17	auipc	x22,0xa6e43	 x22=0x26e43d6c
      29305.000 ns	      2929	80000d70	01868633	add	x12,x13,x24	 x13:0x00000000 x24:0xfffffd8c x12=0xfffffd8c
      29325.000 ns	      2931	80000d74	03dc78b3	remu	x17,x24,x29	 x24:0xfffffd8c x29:0x00000000 x17=0xfffffd8c
      29355.000 ns	      2934	80000d78	21410153	fsgnj.s	f2,f2,f20	  f2:0x00000000 f20:0x7fc00000  f2=0x00000000
      29375.000 ns	      2936	80000d7c	43f3f313	andi	x6,x7,1087	  x7:0x00000000  x6=0x00000000
      29395.000 ns	      2938	80000d80	0234b233	mulhu	x4,x9,x3	  x9:0x00000000  x3:0x00000000  x4=0x00000000
      29445.000 ns	      2943	80000d84	00f00f53	fadd.s	f30,f0,f15	  f0:0x1465841e f15:0xceff8001 f30=0xceff8001
      30625.000 ns	      3061	80000d88	580afdd3	fsqrt.s	f27,f21	 f21:0x4f800000 f27=0x477fffae
      30645.000 ns	      3063	80000d8c	00b0e933	or	x18,x1,x11	  x1:0x00000000 x11:0x00000000 x18=0x00000000
      30665.000 ns	      3065	80000d90	290e1853	fmax.s	f16,f28,f16	 f28:0x9f9b113c f16:0x55946eba f16=0x55946eba
      30685.000 ns	      3067	80000d94	6f4a4113	xori	x2,x20,1780	 x20:0x00000000  x2=0x000006f4
      30705.000 ns	      3069	80000d98	20c61b53	fsgnjn.s	f22,f12,f12	 f12:0x00000000 f12:0x00000000 f22=0x80000000
      30725.000 ns	      3071	80000d9c	00b6a6b3	slt	x13,x13,x11	 x13:0x00000000 x11:0x00000000 x13=0x00000000
      30745.000 ns	      3073	80000da0	02f806b3	mul	x13,x16,x15	 x16:0x80040fe4 x15:0x00000000 x13=0x00000000
      30775.000 ns	      3076	80000da4	2076a953	fsgnjx.s	f18,f13,f7	 f13:0x7fc00000  f7:0x80000000 f18=0xffc00000
      30815.000 ns	      3080	80000da8	19827953	fdiv.s	f18,f4,f24	  f4:0x7c946eba f24:0x00000000 f18=0x7f800000
      30835.000 ns	      3082	80000dac	409b5513	srai	x10,x22,0x9	 x22:0x26e43d6c x10=0x0013721e
      30845.000 ns	      3083	80000db0	51ae63b7	lui	x7,0x51ae6	  x7=0x51ae6000
      30865.000 ns	      3085	80000db4	d00ffe53	fcvt.s.w	f28,x31	 x31:0x80041024 f28=0xcefff7df
      30895.000 ns	      3088	80000db8	03a9beb3	mulhu	x29,x19,x26	 x19:0x00000000 x26:0x000000af x29=0x00000000
      30945.000 ns	      3093	80000dbc	01718053	fadd.s	f0,f3,f23	  f3:0x7fc00000 f23:0x4f800000  f0=0x7fc00000
      30975.000 ns	      3096	80000dc0	c0037ed3	fcvt.w.s	x29,f6	  f6:0x00000000 x29=0x00000000
      30995.000 ns	      3098	80000dc4	9f692d37	lui	x26,0x9f692	 x26=0x9f692000
      31015.000 ns	      3100	80000dc8	215c9ad3	fsgnjn.s	f21,f25,f21	 f25:0x00000000 f21:0x4f800000 f21=0x80000000
      31045.000 ns	      3103	80000dcc	200982d3	fsgnj.s	f5,f19,f0	 f19:0x7fc00000  f0:0x7fc00000  f5=0x7fc00000
      31065.000 ns	      3105	80000dd0	b5e18b13	addi	x22,x3,-1186	  x3:0x00000000 x22=0xfffffb5e
      31085.000 ns	      3107	80000dd4	28b415d3	fmax.s	f11,f8,f11	  f8:0xfc946eba f11:0x93379ce4 f11=0x93379ce4
      31115.000 ns	      3110	80000dd8	d0111353	fcvt.s.wu	f6,x2	  x2:0x000006f4  f6=0x44de8000
      31135.000 ns	      3112	80000ddc	ae0f22b7	lui	x5,0xae0f2	  x5=0xae0f2000
      31155.000 ns	      3114	80000de0	02e41b33	mulh	x22,x8,x14	  x8:0x00000000 x14:0x00000000 x22=0x00000000
      31205.000 ns	      3119	80000de4	0939ced3	fsub.s	f29,f19,f19	 f19:0x7fc00000 f19:0x7fc00000 f29=0x7fc00000
      31225.000 ns	      3121	80000de8	0076d213	srli	x4,x13,0x7	 x13:0x00000000  x4=0x00000000
      31245.000 ns	      3123	80000dec	d0127653	fcvt.s.wu	f12,x4	  x4:0x00000000 f12=0x00000000
      31265.000 ns	      3125	80000df0	007ca4b3	slt	x9,x25,x7	 x25:0x00000040  x7:0x51ae6000  x9=0x00000001
      31285.000 ns	      3127	80000df4	03678cb3	mul	x25,x15,x22	 x15:0x00000000 x22:0x00000000 x25=0x00000000
      31305.000 ns	      3129	80000df8	cf377093	andi	x1,x14,-781	 x14:0x00000000  x1=0x00000000
      31315.000 ns	      3130	80000dfc	01a79e33	sll	x28,x15,x26	 x15:0x00000000 x26:0x9f692000 x28=0x00000000
      31325.000 ns	      3131	80000e00	f7310313	addi	x6,x2,-141	  x2:0x000006f4  x6=0x00000667
      31345.000 ns	      3133	80000e04	03cf3e33	mulhu	x28,x30,x28	 x30:0x00000000 x28:0x8e2aed34 x28=0x00000000
      31365.000 ns	      3135	80000e08	40225ab3	sra	x21,x4,x2	  x4:0x00000000  x2:0x000006f4 x21=0x00000000
      31385.000 ns	      3137	80000e0c	023cbd33	mulhu	x26,x25,x3	 x25:0x00000000  x3:0x00000000 x26=0x00000000
      31425.000 ns	      3141	80000e10	102c9ed3	fmul.s	f29,f25,f2	 f25:0x00000000  f2:0x00000000 f29=0x00000000
      31455.000 ns	      3144	80000e14	d0064453	fcvt.s.w	f8,x12	 x12:0xfffffd8c  f8=0xc41d0000
      31485.000 ns	      3147	80000e18	d00a37d3	fcvt.s.w	f15,x20	 x20:0x00000000 f15=0x00000000
      31515.000 ns	      3150	80000e1c	c013cf53	fcvt.wu.s	x30,f7	  f7:0x80000000 x30=0x00000000
      31545.000 ns	      3153	80000e20	03d7d733	divu	x14,x15,x29	 x15:0x00000000 x29:0x00000000 x14=0xffffffff
      31575.000 ns	      3156	80000e24	c0027d53	fcvt.w.s	x26,f4	  f4:0x7c946eba x26=0x7fffffff
      31595.000 ns	      3158	80000e28	42b86e93	ori	x29,x16,1067	 x16:0x80040fe4 x29=0x80040fef
      31605.000 ns	      3159	80000e2c	005be733	or	x14,x23,x5	 x23:0xba77e000  x5:0xae0f2000 x14=0xbe7fe000
      31625.000 ns	      3161	80000e30	02163d33	mulhu	x26,x12,x1	 x12:0xfffffd8c  x1:0x00000000 x26=0x00000000
      31655.000 ns	      3164	80000e34	f0088c53	fmv.w.x	f24,x17	 x17:0xfffffd8c f24=0xfffffd8c
      31675.000 ns	      3166	80000e38	61b4c093	xori	x1,x9,1563	  x9:0x00000001  x1=0x0000061a
      31705.000 ns	      3169	80000e3c	19fb7653	fdiv.s	f12,f22,f31	 f22:0x80000000 f31:0x004f6b96 f12=0x80000000
      31735.000 ns	      3172	80000e40	c0030c53	fcvt.w.s	x24,f6	  f6:0x44de8000 x24=0x000006f4
      31765.000 ns	      3175	80000e44	e00f0cd3	fmv.x.w	x25,f30	 f30:0xceff8001 x25=0xceff8001
      31805.000 ns	      3179	80000e48	18a3fa53	fdiv.s	f20,f7,f10	  f7:0x80000000 f10:0xb01b113c f20=0x00000000
      31835.000 ns	      3182	80000e4c	e0061d53	fclass.s	x26,f12	 f12:0x80000000 x26=0x00000008
      31855.000 ns	      3184	80000e50	ffa0ca13	xori	x20,x1,-6	  x1:0x0000061a x20=0xfffff9e0
      31865.000 ns	      3185	80000e54	410a0233	sub	x4,x20,x16	 x20:0x00000000 x16:0x80040fe4  x4=0x7ffbe9fc
      31885.000 ns	      3187	80000e58	03468eb3	mul	x29,x13,x20	 x13:0x00000000 x20:0x00000000 x29=0x00000000
      31915.000 ns	      3190	80000e5c	c007bd53	fcvt.w.s	x26,f15	 f15:0x00000000 x26=0x00000000
      31935.000 ns	      3192	80000e60	001a7ab3	and	x21,x20,x1	 x20:0xfffff9e0  x1:0x0000061a x21=0x00000000
      31955.000 ns	      3194	80000e64	c01fa453	fcvt.wu.s	x8,f31	 f31:0x004f6b96  x8=0x00000000
      31985.000 ns	      3197	80000e68	a1ad92d3	flt.s	x5,f27,f26	 f27:0x477fffae f26:0xcef4fc80  x5=0x00000000
      32015.000 ns	      3200	80000e6c	20259fd3	fsgnjn.s	f31,f11,f2	 f11:0x93379ce4  f2:0x00000000 f31=0x93379ce4
      32035.000 ns	      3202	80000e70	01e7f9b3	and	x19,x15,x30	 x15:0x00000000 x30:0x00000000 x19=0x00000000
      32055.000 ns	      3204	80000e74	c00b0253	fcvt.w.s	x4,f22	 f22:0x80000000  x4=0x00000000
      32085.000 ns	      3207	80000e78	e0018cd3	fmv.x.w	x25,f3	  f3:0x7fc00000 x25=0x7fc00000
      32115.000 ns	      3210	80000e7c	20298a53	fsgnj.s	f20,f19,f2	 f19:0x7fc00000  f2:0x00000000 f20=0x7fc00000
      32135.000 ns	      3212	80000e80	fb0d5397	auipc	x7,0xfb0d5	  x7=0x7b0d5e80
      32155.000 ns	      3214	80000e84	206e81d3	fsgnj.s	f3,f29,f6	 f29:0x00000000  f6:0x44de8000  f3=0x00000000
      32175.000 ns	      3216	80000e88	018a1033	sll	x0,x20,x24	 x20:0xfffff9e0 x24:0x000006f4
      32195.000 ns	      3218	80000e8c	03620e33	mul	x28,x4,x22	  x4:0x00000000 x22:0x00000000 x28=0x00000000
      32215.000 ns	      3220	80000e90	412b8433	sub	x8,x23,x18	 x23:0xba77e000 x18:0x00000000  x8=0xba77e000
      32225.000 ns	      3221	80000e94	a7b3ae37	lui	x28,0xa7b3a	 x28=0xa7b3a000
      32245.000 ns	      3223	80000e98	c004f353	fcvt.w.s	x6,f9	  f9:0x0000022f  x6=0x00000000
      32265.000 ns	      3225	80000e9c	5f566513	ori	x10,x12,1525	 x12:0xfffffd8c x10=0xfffffdfd
      32275.000 ns	      3226	80000ea0	010faab3	slt	x21,x31,x16	 x31:0x80041024 x16:0x80040fe4 x21=0x00000000
      32295.000 ns	      3228	80000ea4	d0090953	fcvt.s.w	f18,x18	 x18:0x00000000 f18=0x00000000
      32315.000 ns	      3230	80000ea8	7a79ec13	ori	x24,x19,1959	 x19:0x00000000 x24=0x000007a7
      32325.000 ns	      3231	80000eac	3301f093	andi	x1,x3,816	  x3:0x00000000  x1=0x00000000
      32335.000 ns	      3232	80000eb0	006b9133	sll	x2,x23,x6	 x23:0xba77e000  x6:0x00000000  x2=0xba77e000
      32345.000 ns	      3233	80000eb4	010c9293	slli	x5,x25,0x10	 x25:0x7fc00000  x5=0x00000000
      32365.000 ns	      3235	80000eb8	29bb95d3	fmax.s	f11,f23,f27	 f23:0x4f800000 f27:0x477fffae f11=0x4f800000
      32395.000 ns	      3238	80000ebc	21a980d3	fsgnj.s	f1,f19,f26	 f19:0x7fc00000 f26:0xcef4fc80  f1=0xffc00000
      32425.000 ns	      3241	80000ec0	28a216d3	fmax.s	f13,f4,f10	  f4:0x7c946eba f10:0xb01b113c f13=0x7c946eba
      32455.000 ns	      3244	80000ec4	20491353	fsgnjn.s	f6,f18,f4	 f18:0x00000000  f4:0x7c946eba  f6=0x80000000
      32795.000 ns	      3278	80000ec8	19c48953	fdiv.s	f18,f9,f28	  f9:0x0000022f f28:0xcefff7df f18=0x80000000
      32815.000 ns	      3280	80000ecc	e0196413	ori	x8,x18,-511	 x18:0x00000000  x8=0xfffffe01
      32835.000 ns	      3282	80000ed0	a0a1a5d3	feq.s	x11,f3,f10	  f3:0x00000000 f10:0xb01b113c x11=0x00000000
      32865.000 ns	      3285	80000ed4	c00770d3	fcvt.w.s	x1,f14	 f14:0xfc946eba  x1=0x80000000
      32895.000 ns	      3288	80000ed8	e0078f53	fmv.x.w	x30,f15	 f15:0x00000000 x30=0x00000000
      32925.000 ns	      3291	80000edc	d00e3853	fcvt.s.w	f16,x28	 x28:0xa7b3a000 f16=0xceb098c0
      32945.000 ns	      3293	80000ee0	400fdf33	sra	x30,x31,x0	 x31:0x80041024  x0:0x00000000 x30=0x80041024
      32965.000 ns	      3295	80000ee4	c0110a53	fcvt.wu.s	x20,f2	  f2:0x00000000 x20=0x00000000
      32985.000 ns	      3297	80000ee8	def995b7	lui	x11,0xdef99	 x11=0xdef99000
      32995.000 ns	      3298	80000eec	012170b3	and	x1,x2,x18	  x2:0xba77e000 x18:0x00000000  x1=0x00000000
      33005.000 ns	      3299	80000ef0	00c68c33	add	x24,x13,x12	 x13:0x00000000 x12:0xfffffd8c x24=0xfffffd8c
      33015.000 ns	      3300	80000ef4	abea0c93	addi	x25,x20,-1346	 x20:0x00000000 x25=0xfffffabe
      33035.000 ns	      3302	80000ef8	c0194953	fcvt.wu.s	x18,f18	 f18:0x80000000 x18=0x00000000
      33055.000 ns	      3304	80000efc	00b24133	xor	x2,x4,x11	  x4:0x00000000 x11:0xdef99000  x2=0xdef99000
      33065.000 ns	      3305	80000f00	3c1f2613	slti	x12,x30,961	 x30:0x80041024 x12=0x00000001
      33085.000 ns	      3307	80000f04	c001fc53	fcvt.w.s	x24,f3	  f3:0x00000000 x24=0x00000000
      33105.000 ns	      3309	80000f08	f43a6c13	ori	x24,x20,-189	 x20:0x00000000 x24=0xffffff43
      33125.000 ns	      3311	80000f0c	021ffc33	remu	x24,x31,x1	 x31:0x80041024  x1:0x00000000 x24=0x80041024
      33165.000 ns	      3315	80000f10	19cc4fd3	fdiv.s	f31,f24,f28	 f24:0xfffffd8c f28:0xcefff7df f31=0x7fc00000
      33195.000 ns	      3318	80000f14	03a29cb3	mulh	x25,x5,x26	  x5:0x00000000 x26:0x00000000 x25=0x00000000
      33225.000 ns	      3321	80000f18	e00992d3	fclass.s	x5,f19	 f19:0x7fc00000  x5=0x00000200
      33245.000 ns	      3323	80000f1c	01fcf633	and	x12,x25,x31	 x25:0x00000000 x31:0x80041024 x12=0x00000000
      33255.000 ns	      3324	80000f20	00b01cb3	sll	x25,x0,x11	  x0:0x00000000 x11:0xdef99000 x25=0x00000000
      33275.000 ns	      3326	80000f24	03924eb3	div	x29,x4,x25	  x4:0x00000000 x25:0x00000000 x29=0xffffffff
      33305.000 ns	      3329	80000f28	0394d633	divu	x12,x9,x25	  x9:0x00000001 x25:0x00000000 x12=0xffffffff
      33325.000 ns	      3331	80000f2c	012f5333	srl	x6,x30,x18	 x30:0x80041024 x18:0x00000000  x6=0x80041024
      33335.000 ns	      3332	80000f30	6e987913	andi	x18,x16,1769	 x16:0x80040fe4 x18=0x000006e0
      33345.000 ns	      3333	80000f34	012c1b13	slli	x22,x24,0x12	 x24:0x80041024 x22=0x40900000
      33365.000 ns	      3335	80000f38	c0070cd3	fcvt.w.s	x25,f14	 f14:0xfc946eba x25=0x80000000
      33395.000 ns	      3338	80000f3c	20350553	fsgnj.s	f10,f10,f3	 f10:0xb01b113c  f3:0x00000000 f10=0x301b113c
      33425.000 ns	      3341	80000f40	e00d15d3	fclass.s	x11,f26	 f26:0xcef4fc80 x11=0x00000002
      33455.000 ns	      3344	80000f44	294886d3	fmin.s	f13,f17,f20	 f17:0xd5946eba f20:0x7fc00000 f13=0xd5946eba
      33485.000 ns	      3347	80000f48	02dafa33	remu	x20,x21,x13	 x21:0x00000000 x13:0x00000000 x20=0x00000000
      33505.000 ns	      3349	80000f4c	00fb8bb3	add	x23,x23,x15	 x23:0xba77e000 x15:0x00000000 x23=0xba77e000
      33515.000 ns	      3350	80000f50	00c46a33	or	x20,x8,x12	  x8:0xfffffe01 x12:0xffffffff x20=0xffffffff
      33555.000 ns	      3354	80000f54	0966f4d3	fsub.s	f9,f13,f22	 f13:0xd5946eba f22:0x80000000  f9=0xd5946eba
      33585.000 ns	      3357	80000f58	a0b394d3	flt.s	x9,f7,f11	  f7:0x80000000 f11:0x4f800000  x9=0x00000001
      33635.000 ns	      3362	80000f5c	0149fc53	fadd.s	f24,f19,f20	 f19:0x7fc00000 f20:0x7fc00000 f24=0x7fc00000
      33665.000 ns	      3365	80000f60	03c02f33	mulhsu	x30,x0,x28	  x0:0x00000000 x28:0xa7b3a000 x30=0x00000000
      33685.000 ns	      3367	80000f64	008ea633	slt	x12,x29,x8	 x29:0xffffffff  x8:0xfffffe01 x12=0x00000000
      33695.000 ns	      3368	80000f68	00ae5933	srl	x18,x28,x10	 x28:0xa7b3a000 x10:0xfffffdfd x18=0x00000005
      33715.000 ns	      3370	80000f6c	02025cb3	divu	x25,x4,x0	  x4:0x00000000  x0:0x00000000 x25=0xffffffff
      33745.000 ns	      3373	80000f70	c0098ed3	fcvt.w.s	x29,f19	 f19:0x7fc00000 x29=0x7fffffff
      34115.000 ns	      3410	80000f74	038eecb3	rem	x25,x29,x24	 x29:0xffffffff x24:0x80041024 x25=0x00041023
      34485.000 ns	      3447	80000f78	03794333	div	x6,x18,x23	 x18:0x00000005 x23:0xba77e000  x6=0x00000000
      34515.000 ns	      3450	80000f7c	e0059953	fclass.s	x18,f11	 f11:0x4f800000 x18=0x00000040
      34535.000 ns	      3452	80000f80	40a1df33	sra	x30,x3,x10	  x3:0x00000000 x10:0xfffffdfd x30=0x00000000
      34555.000 ns	      3454	80000f84	a12823d3	feq.s	x7,f16,f18	 f16:0xceb098c0 f18:0x80000000  x7=0x00000000
      34575.000 ns	      3456	80000f88	01a86533	or	x10,x16,x26	 x16:0x80040fe4 x26:0x00000000 x10=0x80040fe4
      34595.000 ns	      3458	80000f8c	e0040953	fmv.x.w	x18,f8	  f8:0xc41d0000 x18=0xc41d0000
      34625.000 ns	      3461	80000f90	e00614d3	fclass.s	x9,f12	 f12:0x80000000  x9=0x00000008
      34655.000 ns	      3464	80000f94	d008fd53	fcvt.s.w	f26,x17	 x17:0xfffffd8c f26=0xc41d0000
      34675.000 ns	      3466	80000f98	e0d17093	andi	x1,x2,-499	  x2:0xdef99000  x1=0xdef99000
      34695.000 ns	      3468	80000f9c	022e12b3	mulh	x5,x28,x2	 x28:0xa7b3a000  x2:0xdef99000  x5=0x0b6410cb
      34715.000 ns	      3470	80000fa0	013c79b3	and	x19,x24,x19	 x24:0x80041024 x19:0x00000000 x19=0x00000000
      34735.000 ns	      3472	80000fa4	21122cd3	fsgnjx.s	f25,f4,f17	  f4:0x7c946eba f17:0xd5946eba f25=0xfc946eba
      34765.000 ns	      3475	80000fa8	c0134c53	fcvt.wu.s	x24,f6	  f6:0x80000000 x24=0x00000000
      34795.000 ns	      3478	80000fac	21d00953	fsgnj.s	f18,f0,f29	  f0:0x7fc00000 f29:0x00000000 f18=0x7fc00000
      34845.000 ns	      3483	80000fb0	01fcfe53	fadd.s	f28,f25,f31	 f25:0xfc946eba f31:0x7fc00000 f28=0x7fc00000
      35215.000 ns	      3520	80000fb4	03147e33	remu	x28,x8,x17	  x8:0xfffffe01 x17:0xfffffd8c x28=0x00000075
      35235.000 ns	      3522	80000fb8	a764e313	ori	x6,x9,-1418	  x9:0x00000008  x6=0xfffffa7e
      35255.000 ns	      3524	80000fbc	e0030f53	fmv.x.w	x30,f6	  f6:0x80000000 x30=0x80000000
      35285.000 ns	      3527	80000fc0	03f53eb3	mulhu	x29,x10,x31	 x10:0x80040fe4 x31:0x80041024 x29=0x40041014
      35315.000 ns	      3530	80000fc4	02ced633	divu	x12,x29,x12	 x29:0x7fffffff x12:0x00000000 x12=0xffffffff
      35335.000 ns	      3532	80000fc8	60b52c93	slti	x25,x10,1547	 x10:0x80040fe4 x25=0x00000001
      35355.000 ns	      3534	80000fcc	29028a53	fmin.s	f20,f5,f16	  f5:0x7fc00000 f16:0xceb098c0 f20=0xceb098c0
      35385.000 ns	      3537	80000fd0	02b2b733	mulhu	x14,x5,x11	  x5:0x0b6410cb x11:0x00000002 x14=0x00000000
      35415.000 ns	      3540	80000fd4	02369933	mulh	x18,x13,x3	 x13:0x00000000  x3:0x00000000 x18=0x00000000
      35435.000 ns	      3542	80000fd8	41bf0c33	sub	x24,x30,x27	 x30:0x80000000 x27:0x0000000e x24=0x7ffffff2
      35455.000 ns	      3544	80000fdc	20d71e53	fsgnjn.s	f28,f14,f13	 f14:0xfc946eba f13:0xd5946eba f28=0x7c946eba
      35485.000 ns	      3547	80000fe0	0378b1b3	mulhu	x3,x17,x23	 x17:0xfffffd8c x23:0xba77e000  x3=0xba77de36
      35515.000 ns	      3550	80000fe4	21001753	fsgnjn.s	f14,f0,f16	  f0:0x7fc00000 f16:0xceb098c0 f14=0x7fc00000
      35545.000 ns	      3553	80000fe8	e00f19d3	fclass.s	x19,f30	 f30:0xceff8001 x19=0x00000002
      35565.000 ns	      3555	80000fec	00141333	sll	x6,x8,x1	  x8:0xfffffe01  x1:0xdef99000  x6=0xfffffe01
      35575.000 ns	      3556	80000ff0	0175d133	srl	x2,x11,x23	 x11:0x00000002 x23:0xba77e000  x2=0x00000002
      35585.000 ns	      3557	80000ff4	01b2ac33	slt	x24,x5,x27	  x5:0x0b6410cb x27:0x0000000e x24=0x00000000
      35605.000 ns	      3559	80000ff8	030706b3	mul	x13,x14,x16	 x14:0x00000000 x16:0x80040fe4 x13=0x00000000
      35635.000 ns	      3562	80000ffc	218b8b53	fsgnj.s	f22,f23,f24	 f23:0x4f800000 f24:0x7fc00000 f22=0x4f800000
      35655.000 ns	      3564	80001000	634c6e13	ori	x28,x24,1588	 x24:0x00000000 x28=0x00000634
      36015.000 ns	      3600	80001004	03cce2b3	rem	x5,x25,x28	 x25:0x00000001 x28:0x00000075  x5=0x00000001
      36035.000 ns	      3602	80001008	1156ae13	slti	x28,x13,277	 x13:0x00000000 x28=0x00000001
      36045.000 ns	      3603	8000100c	31272a13	slti	x20,x14,786	 x14:0x00000000 x20=0x00000001
      36065.000 ns	      3605	80001010	a144a5d3	feq.s	x11,f9,f20	  f9:0xd5946eba f20:0xceb098c0 x11=0x00000000
      36435.000 ns	      3642	80001014	0231d433	divu	x8,x3,x3	  x3:0xba77de36  x3:0xba77de36  x8=0x00000001
      36465.000 ns	      3645	80001018	295b8653	fmin.s	f12,f23,f21	 f23:0x4f800000 f21:0x80000000 f12=0x80000000
      36495.000 ns	      3648	8000101c	289303d3	fmin.s	f7,f6,f9	  f6:0x80000000  f9:0xd5946eba  f7=0xd5946eba
      36545.000 ns	      3653	80001020	08f9f353	fsub.s	f6,f19,f15	 f19:0x7fc00000 f15:0x00000000  f6=0x7fc00000
      36915.000 ns	      3690	80001024	03d4c5b3	div	x11,x9,x29	  x9:0x00000008 x29:0x40041014 x11=0x00000000
      36945.000 ns	      3693	80001028	28c68953	fmin.s	f18,f13,f12	 f13:0xd5946eba f12:0x80000000 f18=0xd5946eba
      36975.000 ns	      3696	8000102c	038825b3	mulhsu	x11,x16,x24	 x16:0x80040fe4 x24:0x00000000 x11=0x00000000
      37005.000 ns	      3699	80001030	a1cd8d53	fle.s	x26,f27,f28	 f27:0x477fffae f28:0x7c946eba x26=0x00000001
      37025.000 ns	      3701	80001034	f8b22797	auipc	x15,0xf8b22	 x15=0x78b23034
      37045.000 ns	      3703	80001038	c00bf2d3	fcvt.w.s	x5,f23	 f23:0x4f800000  x5=0x7fffffff
      37075.000 ns	      3706	8000103c	29e680d3	fmin.s	f1,f13,f30	 f13:0xd5946eba f30:0xceff8001  f1=0xd5946eba
      37095.000 ns	      3708	80001040	9af56993	ori	x19,x10,-1617	 x10:0x80040fe4 x19=0xffffffef
      37115.000 ns	      3710	80001044	284f8f53	fmin.s	f30,f31,f4	 f31:0x7fc00000  f4:0x7c946eba f30=0x7c946eba
      37135.000 ns	      3712	80001048	019bb9b3	sltu	x19,x23,x25	 x23:0xba77e000 x25:0x00000001 x19=0x00000000
      37155.000 ns	      3714	8000104c	02de5033	divu	x0,x28,x13	 x28:0x00000001 x13:0x00000000
      37185.000 ns	      3717	80001050	e00e8c53	fmv.x.w	x24,f29	 f29:0x00000000 x24=0x00000000
      37205.000 ns	      3719	80001054	001a5a13	srli	x20,x20,0x1	 x20:0x00000001 x20=0x00000000
      37215.000 ns	      3720	80001058	016129b3	slt	x19,x2,x22	  x2:0x00000002 x22:0x40900000 x19=0x00000001
      37225.000 ns	      3721	8000105c	0165a733	slt	x14,x11,x22	 x11:0x00000000 x22:0x40900000 x14=0x00000001
      37585.000 ns	      3757	80001060	03914433	div	x8,x2,x25	  x2:0x00000002 x25:0x00000001  x8=0x00000002
      37615.000 ns	      3760	80001064	a17117d3	flt.s	x15,f2,f23	  f2:0x00000000 f23:0x4f800000 x15=0x00000001
      37635.000 ns	      3762	80001068	014b9793	slli	x15,x23,0x14	 x23:0xba77e000 x15=0x00000000
      37995.000 ns	      3798	8000106c	0269e733	rem	x14,x19,x6	 x19:0x00000001  x6:0xfffffe01 x14=0x00000001
      38025.000 ns	      3801	80001070	03708433	mul	x8,x1,x23	  x1:0xdef99000 x23:0xba77e000  x8=0x4e000000
      38045.000 ns	      3803	80001074	8326bc93	sltiu	x25,x13,-1998	 x13:0x00000000 x25=0x00000001
      38065.000 ns	      3805	80001078	a1529753	flt.s	x14,f5,f21	  f5:0x7fc00000 f21:0x80000000 x14=0x00000000
      38085.000 ns	      3807	8000107c	01290c33	add	x24,x18,x18	 x18:0x00000000 x18:0x00000000 x24=0x00000000
      38095.000 ns	      3808	80001080	f76d0193	addi	x3,x26,-138	 x26:0x00000001  x3=0xffffff77
      38115.000 ns	      3810	80001084	21242cd3	fsgnjx.s	f25,f8,f18	  f8:0xc41d0000 f18:0xd5946eba f25=0x441d0000
      39295.000 ns	      3928	80001088	5805cb53	fsqrt.s	f22,f11	 f11:0x4f800000 f22=0x477fffae
      39315.000 ns	      3930	8000108c	400b06b3	sub	x13,x22,x0	 x22:0x40900000  x0:0x00000000 x13=0x40900000
      39335.000 ns	      3932	80001090	a01f03d3	fle.s	x7,f30,f1	 f30:0x7c946eba  f1:0xd5946eba  x7=0x00000000
      39365.000 ns	      3935	80001094	e0000f53	fmv.x.w	x30,f0	  f0:0x7fc00000 x30=0x7fc00000
      39385.000 ns	      3937	80001098	a5e6b613	sltiu	x12,x13,-1442	 x13:0x40900000 x12=0x00000001
      39405.000 ns	      3939	8000109c	e0038953	fmv.x.w	x18,f7	  f7:0xd5946eba x18=0xd5946eba
      39425.000 ns	      3941	800010a0	00af92b3	sll	x5,x31,x10	 x31:0x80041024 x10:0x80040fe4  x5=0x00410240
      39435.000 ns	      3942	800010a4	01f25a93	srli	x21,x4,0x1f	  x4:0x00000000 x21=0x00000000
      39455.000 ns	      3944	800010a8	21679a53	fsgnjn.s	f20,f15,f22	 f15:0x00000000 f22:0x477fffae f20=0x80000000
      39485.000 ns	      3947	800010ac	03e92533	mulhsu	x10,x18,x30	 x18:0xd5946eba x30:0x7fc00000 x10=0xead4d241
      39505.000 ns	      3949	800010b0	0103beb3	sltu	x29,x7,x16	  x7:0x00000000 x16:0x80040fe4 x29=0x00000001
      39545.000 ns	      3953	800010b4	00a922d3	fadd.s	f5,f18,f10	 f18:0xd5946eba f10:0x301b113c  f5=0xd5946eba
      39575.000 ns	      3956	800010b8	02ba6bb3	rem	x23,x20,x11	 x20:0x00000000 x11:0x00000000 x23=0x00000000
      39945.000 ns	      3993	800010bc	03b54233	div	x4,x10,x27	 x10:0xead4d241 x27:0x0000000e  x4=0xfe7cea73
      39975.000 ns	      3996	800010c0	02bcc4b3	div	x9,x25,x11	 x25:0x00000001 x11:0x00000000  x9=0xffffffff
      40015.000 ns	      4000	800010c4	182b39d3	fdiv.s	f19,f22,f2	 f22:0x477fffae  f2:0x00000000 f19=0x7f800000
      40035.000 ns	      4002	800010c8	00000013	addi	x0,x0,0	  x0:0x00000000
      40055.000 ns	      4004	800010cc	0364a8b3	mulhsu	x17,x9,x22	  x9:0xffffffff x22:0x40900000 x17=0xffffffff
      40075.000 ns	      4006	800010d0	0036b033	sltu	x0,x13,x3	 x13:0x40900000  x3:0xffffff77
      40085.000 ns	      4007	800010d4	e35a2113	slti	x2,x20,-459	 x20:0x00000000  x2=0x00000000
      40095.000 ns	      4008	800010d8	b0c1db17	auipc	x22,0xb0c1d	 x22=0x30c1e0d8
      40105.000 ns	      4009	800010dc	4107d213	srai	x4,x15,0x10	 x15:0x00000000  x4=0x00000000
      40465.000 ns	      4045	800010e0	03f8fbb3	remu	x23,x17,x31	 x17:0xffffffff x31:0x80041024 x23=0x7ffbefdb
      40515.000 ns	      4050	800010e4	003298d3	fadd.s	f17,f5,f3	  f5:0xd5946eba  f3:0x00000000 f17=0xd5946eba
      40545.000 ns	      4053	800010e8	e0031e53	fclass.s	x28,f6	  f6:0x7fc00000 x28=0x00000200
      40575.000 ns	      4056	800010ec	29d71cd3	fmax.s	f25,f14,f29	 f14:0x7fc00000 f29:0x00000000 f25=0x00000000
      40595.000 ns	      4058	800010f0	8dd96a93	ori	x21,x18,-1827	 x18:0xd5946eba x21=0xfffffeff
      40605.000 ns	      4059	800010f4	b46e2613	slti	x12,x28,-1210	 x28:0x00000200 x12=0x00000000
      40625.000 ns	      4061	800010f8	02c965b3	rem	x11,x18,x12	 x18:0xd5946eba x12:0x00000001 x11=0xd5946eba
      40995.000 ns	      4098	800010fc	032b6c33	rem	x24,x22,x18	 x22:0x30c1e0d8 x18:0xd5946eba x24=0x06564f92
      41365.000 ns	      4135	80001100	03c77bb3	remu	x23,x14,x28	 x14:0x00000000 x28:0x00000200 x23=0x00000000
      41385.000 ns	      4137	80001104	00cad193	srli	x3,x21,0xc	 x21:0xfffffeff  x3=0x000fffff
      41425.000 ns	      4141	80001108	017942d3	fadd.s	f5,f18,f23	 f18:0xd5946eba f23:0x4f800000  f5=0xd59466ba
      41445.000 ns	      4143	8000110c	01c097b3	sll	x15,x1,x28	  x1:0xdef99000 x28:0x00000200 x15=0xdef99000
      41455.000 ns	      4144	80001110	408ad3b3	sra	x7,x21,x8	 x21:0xfffffeff  x8:0x4e000000  x7=0xfffffeff
      41465.000 ns	      4145	80001114	00000013	addi	x0,x0,0	  x0:0x00000000
      41475.000 ns	      4146	80001118	413b07b3	sub	x15,x22,x19	 x22:0x30c1e0d8 x19:0x00000001 x15=0x30c1e0d7
      41485.000 ns	      4147	8000111c	c1a3c213	xori	x4,x7,-998	  x7:0xfffffeff  x4=0x000002e5
      41505.000 ns	      4149	80001120	c0101bd3	fcvt.wu.s	x23,f0	  f0:0x7fc00000 x23=0xffffffff
      41555.000 ns	      4154	80001124	01011dd3	fadd.s	f27,f2,f16	  f2:0x00000000 f16:0xceb098c0 f27=0xceb098c0
      41585.000 ns	      4157	80001128	03db91b3	mulh	x3,x23,x29	 x23:0xffffffff x29:0x00000001  x3=0xffffffff
      41605.000 ns	      4159	8000112c	40ab5cb3	sra	x25,x22,x10	 x22:0x30c1e0d8 x10:0xead4d241 x25=0x1860f06c
      41635.000 ns	      4162	80001130	10bac153	fmul.s	f2,f21,f11	 f21:0x80000000 f11:0x4f800000  f2=0x80000000
      41665.000 ns	      4165	80001134	a10f1a53	flt.s	x20,f30,f16	 f30:0x7c946eba f16:0xceb098c0 x20=0x00000000
      41685.000 ns	      4167	80001138	bfa67e13	andi	x28,x12,-1030	 x12:0x00000000 x28=0x00000000
      41705.000 ns	      4169	8000113c	a0a483d3	fle.s	x7,f9,f10	  f9:0xd5946eba f10:0x301b113c  x7=0x00000001
      41735.000 ns	      4172	80001140	a1631453	flt.s	x8,f6,f22	  f6:0x7fc00000 f22:0x477fffae  x8=0x00000000
      41765.000 ns	      4175	80001144	c004a253	fcvt.w.s	x4,f9	  f9:0xd5946eba  x4=0x80000000
      41815.000 ns	      4180	80001148	0958a7d3	fsub.s	f15,f17,f21	 f17:0xd5946eba f21:0x80000000 f15=0xd5946eba
      41835.000 ns	      4182	8000114c	1862b013	sltiu	x0,x5,390	  x5:0x00410240
      41845.000 ns	      4183	80001150	40dc81b3	sub	x3,x25,x13	 x25:0x1860f06c x13:0x40900000  x3=0xd7d0f06c
      41865.000 ns	      4185	80001154	02a33c33	mulhu	x24,x6,x10	  x6:0xfffffe01 x10:0xead4d241 x24=0xead4d06c
      41885.000 ns	      4187	80001158	404a5b33	sra	x22,x20,x4	 x20:0x00000000  x4:0x80000000 x22=0x00000000
      41895.000 ns	      4188	8000115c	0133e7b3	or	x15,x7,x19	  x7:0x00000001 x19:0x00000001 x15=0x00000001
      41905.000 ns	      4189	80001160	00e6c4b3	xor	x9,x13,x14	 x13:0x40900000 x14:0x00000000  x9=0x40900000
      41915.000 ns	      4190	80001164	00000013	addi	x0,x0,0	  x0:0x00000000
      41935.000 ns	      4192	80001168	d00f0b53	fcvt.s.w	f22,x30	 x30:0x7fc00000 f22=0x4eff8000
      41955.000 ns	      4194	8000116c	00045c13	srli	x24,x8,0x0	  x8:0x00000000 x24=0x00000000
      41975.000 ns	      4196	80001170	f00007d3	fmv.w.x	f15,x0	  x0:0x00000000 f15=0x00000000
      42025.000 ns	      4201	80001174	082e7c53	fsub.s	f24,f28,f2	 f28:0x7c946eba  f2:0x80000000 f24=0x7c946eba
      42055.000 ns	      4204	80001178	f00d8853	fmv.w.x	f16,x27	 x27:0x0000000e f16=0x0000000e
      42075.000 ns	      4206	8000117c	404c5d13	srai	x26,x24,0x4	 x24:0x00000000 x26=0x00000000
      42115.000 ns	      4210	80001180	0049f453	fadd.s	f8,f19,f4	 f19:0x7f800000  f4:0x7c946eba  f8=0x7f800000
      42165.000 ns	      4215	80001184	0193cdd3	fadd.s	f27,f7,f25	  f7:0xd5946eba f25:0x00000000 f27=0xd5946eba
      42185.000 ns	      4217	80001188	012bc2b3	xor	x5,x23,x18	 x23:0xffffffff x18:0xd5946eba  x5=0x2a6b9145
      42195.000 ns	      4218	8000118c	e55cc093	xori	x1,x25,-427	 x25:0x1860f06c  x1=0xe79f0e39
      42215.000 ns	      4220	80001190	f0048c53	fmv.w.x	f24,x9	  x9:0x40900000 f24=0x40900000
      42235.000 ns	      4222	80001194	cb05ce93	xori	x29,x11,-848	 x11:0xd5946eba x29=0x2a6b920a
      42245.000 ns	      4223	80001198	00229eb3	sll	x29,x5,x2	  x5:0x2a6b9145  x2:0x00000000 x29=0x2a6b9145
      42255.000 ns	      4224	8000119c	01b3b7b3	sltu	x15,x7,x27	  x7:0x00000001 x27:0x0000000e x15=0x00000001
      42275.000 ns	      4226	800011a0	21768d53	fsgnj.s	f26,f13,f23	 f13:0xd5946eba f23:0x4f800000 f26=0x55946eba
      42295.000 ns	      4228	800011a4	41665033	sra	x0,x12,x22	 x12:0x00000000 x22:0x00000000
      42305.000 ns	      4229	800011a8	88cb88b7	lui	x17,0x88cb8	 x17=0x88cb8000
      42325.000 ns	      4231	800011ac	a19d1ed3	flt.s	x29,f26,f25	 f26:0x55946eba f25:0x00000000 x29=0x00000000
      42345.000 ns	      4233	800011b0	01a0ad33	slt	x26,x1,x26	  x1:0xe79f0e39 x26:0x00000000 x26=0x00000001
      42355.000 ns	      4234	800011b4	01183233	sltu	x4,x16,x17	 x16:0x80040fe4 x17:0x88cb8000  x4=0x00000001
      42375.000 ns	      4236	800011b8	f0040753	fmv.w.x	f14,x8	  x8:0x00000000 f14=0x00000000
      42405.000 ns	      4239	800011bc	d00f7dd3	fcvt.s.w	f27,x30	 x30:0x7fc00000 f27=0x4eff8000
      42425.000 ns	      4241	800011c0	010c1bb3	sll	x23,x24,x16	 x24:0x00000000 x16:0x80040fe4 x23=0x00000000
      42785.000 ns	      4277	800011c4	03554e33	div	x28,x10,x21	 x10:0xead4d241 x21:0xfffffeff x28=0x00151617
      42815.000 ns	      4280	800011c8	213e24d3	fsgnjx.s	f9,f28,f19	 f28:0x7c946eba f19:0x7f800000  f9=0x7c946eba
      42835.000 ns	      4282	800011cc	e99172b7	lui	x5,0xe9917	  x5=0xe9917000
      42855.000 ns	      4284	800011d0	a0d38353	fle.s	x6,f7,f13	  f7:0xd5946eba f13:0xd5946eba  x6=0x00000001
      42885.000 ns	      4287	800011d4	28a90cd3	fmin.s	f25,f18,f10	 f18:0xd5946eba f10:0x301b113c f25=0xd5946eba
      42915.000 ns	      4290	800011d8	28941053	fmax.s	f0,f8,f9	  f8:0x7f800000  f9:0x7c946eba  f0=0x7f800000
      42945.000 ns	      4293	800011dc	c01d9253	fcvt.wu.s	x4,f27	 f27:0x4eff8000  x4=0x7fc00000
      42995.000 ns	      4298	800011e0	00c4f3d3	fadd.s	f7,f9,f12	  f9:0x7c946eba f12:0x80000000  f7=0x7c946eba
      43015.000 ns	      4300	800011e4	16512e13	slti	x28,x2,357	  x2:0x00000000 x28=0x00000001
      43025.000 ns	      4301	800011e8	00251e13	slli	x28,x10,0x2	 x10:0xead4d241 x28=0xab534904
      43035.000 ns	      4302	800011ec	d4f38113	addi	x2,x7,-689	  x7:0x00000001  x2=0xfffffd50
      43045.000 ns	      4303	800011f0	0e8f7113	andi	x2,x30,232	 x30:0x7fc00000  x2=0x00000000
      43055.000 ns	      4304	800011f4	017fdb33	srl	x22,x31,x23	 x31:0x80041024 x23:0x00000000 x22=0x80041024
      43065.000 ns	      4305	800011f8	b5823893	sltiu	x17,x4,-1192	  x4:0x7fc00000 x17=0x00000001
      43075.000 ns	      4306	800011fc	a3f60893	addi	x17,x12,-1473	 x12:0x00000000 x17=0xfffffa3f
      43085.000 ns	      4307	80001200	00d395b3	sll	x11,x7,x13	  x7:0x00000001 x13:0x40900000 x11=0x00000001
      43095.000 ns	      4308	80001204	00480f33	add	x30,x16,x4	 x16:0x80040fe4  x4:0x7fc00000 x30=0xffc40fe4
      43105.000 ns	      4309	80001208	408c03b3	sub	x7,x24,x8	 x24:0x00000000  x8:0x00000000  x7=0x00000000
      43125.000 ns	      4311	8000120c	e0049553	fclass.s	x10,f9	  f9:0x7c946eba x10=0x00000040
      43145.000 ns	      4313	80001210	a0d18f13	addi	x30,x3,-1523	  x3:0xd7d0f06c x30=0xd7d0ea79
      43165.000 ns	      4315	80001214	e0028553	fmv.x.w	x10,f5	  f5:0xd59466ba x10=0xd59466ba
      43195.000 ns	      4318	80001218	03440ab3	mul	x21,x8,x20	  x8:0x00000000 x20:0x00000000 x21=0x00000000
      43215.000 ns	      4320	8000121c	00000013	addi	x0,x0,0	  x0:0x00000000
      43225.000 ns	      4321	80001220	4c3a3e93	sltiu	x29,x20,1219	 x20:0x00000000 x29=0x00000001
      43235.000 ns	      4322	80001224	00251913	slli	x18,x10,0x2	 x10:0xd59466ba x18=0x56519ae8
      43255.000 ns	      4324	80001228	c006fc53	fcvt.w.s	x24,f13	 f13:0xd5946eba x24=0x80000000
      43275.000 ns	      4326	8000122c	00aabd33	sltu	x26,x21,x10	 x21:0x00000000 x10:0xd59466ba x26=0x00000001
      43305.000 ns	      4329	80001230	18434753	fdiv.s	f14,f6,f4	  f6:0x7fc00000  f4:0x7c946eba f14=0x7fc00000
      43325.000 ns	      4331	80001234	00000013	addi	x0,x0,0	  x0:0x00000000
      43355.000 ns	      4334	80001238	580477d3	fsqrt.s	f15,f8	  f8:0x7f800000 f15=0x7f800000
      43385.000 ns	      4337	8000123c	0239a633	mulhsu	x12,x19,x3	 x19:0x00000001  x3:0xd7d0f06c x12=0x00000000
      43415.000 ns	      4340	80001240	a05a9f53	flt.s	x30,f21,f5	 f21:0x80000000  f5:0xd59466ba x30=0x00000000
      43435.000 ns	      4342	80001244	01676733	or	x14,x14,x22	 x14:0x00000000 x22:0x80041024 x14=0x80041024
      43795.000 ns	      4378	80001248	02647b33	remu	x22,x8,x6	  x8:0x00000000  x6:0x00000001 x22=0x00000000
      43825.000 ns	      4381	8000124c	025abb33	mulhu	x22,x21,x5	 x21:0x00000000  x5:0xe9917000 x22=0x00000000
      43855.000 ns	      4384	80001250	03bd24b3	mulhsu	x9,x26,x27	 x26:0x00000001 x27:0x0000000e  x9=0x00000000
      43875.000 ns	      4386	80001254	0022a133	slt	x2,x5,x2	  x5:0xe9917000  x2:0x00000000  x2=0x00000001
      44235.000 ns	      4422	80001258	02e6d933	divu	x18,x13,x14	 x13:0x40900000 x14:0x80041024 x18=0x00000000
      44255.000 ns	      4424	8000125c	4181d633	sra	x12,x3,x24	  x3:0xd7d0f06c x24:0x80000000 x12=0xd7d0f06c
      44265.000 ns	      4425	80001260	d424e293	ori	x5,x9,-702	  x9:0x00000000  x5=0xfffffd42
      44275.000 ns	      4426	80001264	40468733	sub	x14,x13,x4	 x13:0x40900000  x4:0x7fc00000 x14=0xc0d00000
      44305.000 ns	      4429	80001268	1110a5d3	fmul.s	f11,f1,f17	  f1:0xd5946eba f17:0xd5946eba f11=0x6bac206d
      44325.000 ns	      4431	8000126c	7211b493	sltiu	x9,x3,1825	  x3:0xd7d0f06c  x9=0x00000000
      44345.000 ns	      4433	80001270	e00483d3	fmv.x.w	x7,f9	  f9:0x7c946eba  x7=0x7c946eba
      44365.000 ns	      4435	80001274	00d570b3	and	x1,x10,x13	 x10:0xd59466ba x13:0x40900000  x1=0x40900000
      44405.000 ns	      4439	80001278	08597353	fsub.s	f6,f18,f5	 f18:0xd5946eba  f5:0xd59466ba  f6=0xcf800000
      44435.000 ns	      4442	8000127c	296413d3	fmax.s	f7,f8,f22	  f8:0x7f800000 f22:0x4eff8000  f7=0x7f800000
      44465.000 ns	      4445	80001280	20f72853	fsgnjx.s	f16,f14,f15	 f14:0x7fc00000 f15:0x7f800000 f16=0x7fc00000
      44485.000 ns	      4447	80001284	41af02b3	sub	x5,x30,x26	 x30:0x00000000 x26:0x00000001  x5=0xffffffff
      44505.000 ns	      4449	80001288	a0b38ad3	fle.s	x21,f7,f11	  f7:0x7f800000 f11:0x6bac206d x21=0x00000000
      44535.000 ns	      4452	8000128c	d0097753	fcvt.s.w	f14,x18	 x18:0x00000000 f14=0x00000000
      44585.000 ns	      4457	80001290	0902f753	fsub.s	f14,f5,f16	  f5:0xd59466ba f16:0x7fc00000 f14=0x7fc00000
      44615.000 ns	      4460	80001294	029ab8b3	mulhu	x17,x21,x9	 x21:0x00000000  x9:0x00000000 x17=0x00000000
      44635.000 ns	      4462	80001298	7cd03213	sltiu	x4,x0,1997	  x0:0x00000000  x4=0x00000001
      44675.000 ns	      4466	8000129c	08ef7853	fsub.s	f16,f30,f14	 f30:0x7c946eba f14:0x7fc00000 f16=0x7fc00000
      44705.000 ns	      4469	800012a0	2144add3	fsgnjx.s	f27,f9,f20	  f9:0x7c946eba f20:0x80000000 f27=0xfc946eba
      44725.000 ns	      4471	800012a4	ad0220b7	lui	x1,0xad022	  x1=0xad022000
      45085.000 ns	      4507	800012a8	0397cf33	div	x30,x15,x25	 x15:0x00000001 x25:0x1860f06c x30=0x00000000
      45115.000 ns	      4510	800012ac	a026a5d3	feq.s	x11,f13,f2	 f13:0xd5946eba  f2:0x80000000 x11=0x00000000
      45145.000 ns	      4513	800012b0	20402053	fsgnjx.s	f0,f0,f4	  f0:0x7f800000  f4:0x7c946eba  f0=0x7f800000
      45515.000 ns	      4550	800012b4	0226e7b3	rem	x15,x13,x2	 x13:0x40900000  x2:0x00000001 x15=0x00000000
      45545.000 ns	      4553	800012b8	c0093453	fcvt.w.s	x8,f18	 f18:0xd5946eba  x8=0x80000000
      45575.000 ns	      4556	800012bc	21b710d3	fsgnjn.s	f1,f14,f27	 f14:0x7fc00000 f27:0xfc946eba  f1=0x7fc00000
      45605.000 ns	      4559	800012c0	e0078353	fmv.x.w	x6,f15	 f15:0x7f800000  x6=0x7f800000
      45625.000 ns	      4561	800012c4	007c43b3	xor	x7,x24,x7	 x24:0x80000000  x7:0x7c946eba  x7=0xfc946eba
      45635.000 ns	      4562	800012c8	f7857b93	andi	x23,x10,-136	 x10:0xd59466ba x23=0xd5946638
      45665.000 ns	      4565	800012cc	1002f0d3	fmul.s	f1,f5,f0	  f5:0xd59466ba  f0:0x7f800000  f1=0xff800000
      46035.000 ns	      4602	800012d0	027a6733	rem	x14,x20,x7	 x20:0x00000000  x7:0xfc946eba x14=0x00000000
      46065.000 ns	      4605	800012d4	208dabd3	fsgnjx.s	f23,f27,f8	 f27:0xfc946eba  f8:0x7f800000 f23=0xfc946eba
      46085.000 ns	      4607	800012d8	01f023b3	slt	x7,x0,x31	  x0:0x00000000 x31:0x80041024  x7=0x00000000
      46095.000 ns	      4608	800012dc	a1197f13	andi	x30,x18,-1519	 x18:0x00000000 x30=0x00000000
      46105.000 ns	      4609	800012e0	000be2b3	or	x5,x23,x0	 x23:0xd5946638  x0:0x00000000  x5=0xd5946638
      46125.000 ns	      4611	800012e4	c012f0d3	fcvt.wu.s	x1,f5	  f5:0xd59466ba  x1=0x00000000
      46465.000 ns	      4645	800012e8	19123e53	fdiv.s	f28,f4,f17	  f4:0x7c946eba f17:0xd5946eba f28=0xe6146eba
      46485.000 ns	      4647	800012ec	6861b737	lui	x14,0x6861b	 x14=0x6861b000
      46505.000 ns	      4649	800012f0	02b79433	mulh	x8,x15,x11	 x15:0x00000000 x11:0x00000000  x8=0x00000000
      46525.000 ns	      4651	800012f4	003aa933	slt	x18,x21,x3	 x21:0x00000000  x3:0xd7d0f06c x18=0x00000000
      46535.000 ns	      4652	800012f8	82afce93	xori	x29,x31,-2006	 x31:0x80041024 x29=0x7ffbe80e
      46545.000 ns	      4653	800012fc	4045d113	srai	x2,x11,0x4	 x11:0x00000000  x2=0x00000000
      46565.000 ns	      4655	80001300	a0eb8953	fle.s	x18,f23,f14	 f23:0xfc946eba f14:0x7fc00000 x18=0x00000000
      47745.000 ns	      4773	80001304	580575d3	fsqrt.s	f11,f10	 f10:0x301b113c f11=0x375b4bc0
      47775.000 ns	      4776	80001308	a1219553	flt.s	x10,f3,f18	  f3:0x00000000 f18:0xd5946eba x10=0x00000000
      47805.000 ns	      4779	8000130c	a0159753	flt.s	x14,f11,f1	 f11:0x375b4bc0  f1:0xff800000 x14=0x00000000
      47825.000 ns	      4781	80001310	410fd0b3	sra	x1,x31,x16	 x31:0x80041024 x16:0x80040fe4  x1=0xf8004102
      47835.000 ns	      4782	80001314	30daa893	slti	x17,x21,781	 x21:0x00000000 x17=0x00000001
      47845.000 ns	      4783	80001318	01a4d6b3	srl	x13,x9,x26	  x9:0x00000000 x26:0x00000001 x13=0x00000000
      48205.000 ns	      4819	8000131c	02c65ab3	divu	x21,x12,x12	 x12:0xd7d0f06c x12:0xd7d0f06c x21=0x00000001
      48575.000 ns	      4856	80001320	03a763b3	rem	x7,x14,x26	 x14:0x00000000 x26:0x00000001  x7=0x00000000
      48605.000 ns	      4859	80001324	a003a3d3	feq.s	x7,f7,f0	  f7:0x7f800000  f0:0x7f800000  x7=0x00000001
      48655.000 ns	      4864	80001328	00f42b53	fadd.s	f22,f8,f15	  f8:0x7f800000 f15:0x7f800000 f22=0x00000000
      48675.000 ns	      4866	8000132c	002b01b3	add	x3,x22,x2	 x22:0x00000000  x2:0x00000000  x3=0x00000000
      48695.000 ns	      4868	80001330	21e402d3	fsgnj.s	f5,f8,f30	  f8:0x7f800000 f30:0x7c946eba  f5=0x7f800000
      48725.000 ns	      4871	80001334	0303a3b3	mulhsu	x7,x7,x16	  x7:0x00000001 x16:0x80040fe4  x7=0x00000000
      48745.000 ns	      4873	80001338	00d8b933	sltu	x18,x17,x13	 x17:0x00000001 x13:0x00000000 x18=0x00000000
      48755.000 ns	      4874	8000133c	c2830513	addi	x10,x6,-984	  x6:0x7f800000 x10=0x7f7ffc28
      48765.000 ns	      4875	80001340	009cf6b3	and	x13,x25,x9	 x25:0x1860f06c  x9:0x00000000 x13=0x00000000
      48775.000 ns	      4876	80001344	01cac5b3	xor	x11,x21,x28	 x21:0x00000001 x28:0xab534904 x11=0xab534905
      48785.000 ns	      4877	80001348	b14d2c93	slti	x25,x26,-1260	 x26:0x00000001 x25=0x00000000
      48795.000 ns	      4878	8000134c	00000013	addi	x0,x0,0	  x0:0x00000000
      48805.000 ns	      4879	80001350	015d01b3	add	x3,x26,x21	 x26:0x00000001 x21:0x00000001  x3=0x00000002
      48835.000 ns	      4882	80001354	18163d53	fdiv.s	f26,f12,f1	 f12:0x80000000  f1:0xff800000 f26=0x00000000
      48855.000 ns	      4884	80001358	0021d413	srli	x8,x3,0x2	  x3:0x00000000  x8=0x00000000
      48895.000 ns	      4888	8000135c	019bafd3	fadd.s	f31,f23,f25	 f23:0xfc946eba f25:0xd5946eba f31=0xfc946eba
      48935.000 ns	      4892	80001360	580176d3	fsqrt.s	f13,f2	  f2:0x80000000 f13=0x80000000
      48985.000 ns	      4897	80001364	011176d3	fadd.s	f13,f2,f17	  f2:0x80000000 f17:0xd5946eba f13=0xd5946eba
      49035.000 ns	      4902	80001368	01692053	fadd.s	f0,f18,f22	 f18:0xd5946eba f22:0x00000000  f0=0xd5946eba
      49065.000 ns	      4905	8000136c	d0057e53	fcvt.s.w	f28,x10	 x10:0x7f7ffc28 f28=0x4efefff8
      49095.000 ns	      4908	80001370	20228353	fsgnj.s	f6,f5,f2	  f5:0x7f800000  f2:0x80000000  f6=0xff800000
      49115.000 ns	      4910	80001374	01c03ab3	sltu	x21,x0,x28	  x0:0x00000000 x28:0xab534904 x21=0x00000001
      49475.000 ns	      4946	80001378	0252e9b3	rem	x19,x5,x5	  x5:0xd5946638  x5:0xd5946638 x19=0x00000000
      49505.000 ns	      4949	8000137c	a0b4a8d3	feq.s	x17,f9,f11	  f9:0x7c946eba f11:0x375b4bc0 x17=0x00000000
      49535.000 ns	      4952	80001380	e00b8d53	fmv.x.w	x26,f23	 f23:0xfc946eba x26=0xfc946eba
      49575.000 ns	      4956	80001384	11ab4a53	fmul.s	f20,f22,f26	 f22:0x00000000 f26:0x00000000 f20=0x00000000
      49595.000 ns	      4958	80001388	6617c417	auipc	x8,0x6617c	  x8=0xe617d388
      49615.000 ns	      4960	8000138c	21768c53	fsgnj.s	f24,f13,f23	 f13:0xd5946eba f23:0xfc946eba f24=0xd5946eba
      49645.000 ns	      4963	80001390	e00a8d53	fmv.x.w	x26,f21	 f21:0x80000000 x26=0x80000000
      49665.000 ns	      4965	80001394	41c6d2b3	sra	x5,x13,x28	 x13:0x00000000 x28:0xab534904  x5=0x00000000
      49685.000 ns	      4967	80001398	e00b1ad3	fclass.s	x21,f22	 f22:0x00000000 x21=0x00000010
      49715.000 ns	      4970	8000139c	e0021353	fclass.s	x6,f4	  f4:0x7c946eba  x6=0x00000040
      49745.000 ns	      4973	800013a0	21ef8bd3	fsgnj.s	f23,f31,f30	 f31:0xfc946eba f30:0x7c946eba f23=0x7c946eba
      50115.000 ns	      5010	800013a4	03026733	rem	x14,x4,x16	  x4:0x00000001 x16:0x80040fe4 x14=0x00000001
      50145.000 ns	      5013	800013a8	034621b3	mulhsu	x3,x12,x20	 x12:0xd7d0f06c x20:0x00000000  x3=0x00000000
      50175.000 ns	      5016	800013ac	28881e53	fmax.s	f28,f16,f8	 f16:0x7fc00000  f8:0x7f800000 f28=0x7f800000
      50205.000 ns	      5019	800013b0	a01518d3	flt.s	x17,f10,f1	 f10:0x301b113c  f1:0xff800000 x17=0x00000000
      50235.000 ns	      5022	800013b4	022f51b3	divu	x3,x30,x2	 x30:0x00000000  x2:0x00000000  x3=0xffffffff
      50605.000 ns	      5059	800013b8	02ce73b3	remu	x7,x28,x12	 x28:0xab534904 x12:0xd7d0f06c  x7=0xab534904
      50625.000 ns	      5061	800013bc	0fbf6513	ori	x10,x30,251	 x30:0x00000000 x10=0x000000fb
      50635.000 ns	      5062	800013c0	409fde93	srai	x29,x31,0x9	 x31:0x80041024 x29=0xffc00208
      50645.000 ns	      5063	800013c4	016b5ab3	srl	x21,x22,x22	 x22:0x00000000 x22:0x00000000 x21=0x00000000
      50665.000 ns	      5065	800013c8	02bd0e33	mul	x28,x26,x11	 x26:0x80000000 x11:0xab534905 x28=0x80000000
      50685.000 ns	      5067	800013cc	0092f133	and	x2,x5,x9	  x5:0x00000000  x9:0x00000000  x2=0x00000000
      50695.000 ns	      5068	800013d0	3026ca97	auipc	x21,0x3026c	 x21=0xb026d3d0
      50705.000 ns	      5069	800013d4	00c27b33	and	x22,x4,x12	  x4:0x00000001 x12:0xd7d0f06c x22=0x00000000
      50715.000 ns	      5070	800013d8	003ea9b3	slt	x19,x29,x3	 x29:0xffc00208  x3:0xffffffff x19=0x00000001
      50735.000 ns	      5072	800013dc	e00409d3	fmv.x.w	x19,f8	  f8:0x7f800000 x19=0x7f800000
      50755.000 ns	      5074	800013e0	0087beb3	sltu	x29,x15,x8	 x15:0x00000000  x8:0xe617d388 x29=0x00000001
      50775.000 ns	      5076	800013e4	a092aa53	feq.s	x20,f5,f9	  f5:0x7f800000  f9:0x7c946eba x20=0x00000000
      50795.000 ns	      5078	800013e8	fe103293	sltiu	x5,x0,-31	  x0:0x00000000  x5=0x00000001
      50815.000 ns	      5080	800013ec	a1380ad3	fle.s	x21,f16,f19	 f16:0x7fc00000 f19:0x7f800000 x21=0x00000000
      50855.000 ns	      5084	800013f0	108e82d3	fmul.s	f5,f29,f8	 f29:0x00000000  f8:0x7f800000  f5=0x7fc00000
      50885.000 ns	      5087	800013f4	208e25d3	fsgnjx.s	f11,f28,f8	 f28:0x7f800000  f8:0x7f800000 f11=0x7f800000
      50905.000 ns	      5089	800013f8	01a45213	srli	x4,x8,0x1a	  x8:0xe617d388  x4=0x00000039
      50945.000 ns	      5093	800013fc	083977d3	fsub.s	f15,f18,f3	 f18:0xd5946eba  f3:0x00000000 f15=0xd5946eba
      50965.000 ns	      5095	80001400	a6b5eb37	lui	x22,0xa6b5e	 x22=0xa6b5e000
      50985.000 ns	      5097	80001404	d008b553	fcvt.s.w	f10,x17	 x17:0x00000000 f10=0x00000000
      51355.000 ns	      5134	80001408	030bfab3	remu	x21,x23,x16	 x23:0xd5946638 x16:0x80040fe4 x21=0x55905654
      51375.000 ns	      5136	8000140c	00c9c333	xor	x6,x19,x12	 x19:0x7f800000 x12:0xd7d0f06c  x6=0xa850f06c
      51385.000 ns	      5137	80001410	008b7bb3	and	x23,x22,x8	 x22:0xa6b5e000  x8:0xe617d388 x23=0xa615c000
      51405.000 ns	      5139	80001414	c01c8f53	fcvt.wu.s	x30,f25	 f25:0xd5946eba x30=0x00000000
      51425.000 ns	      5141	80001418	017ca233	slt	x4,x25,x23	 x25:0x00000000 x23:0xd5946638  x4=0x00000000
      51435.000 ns	      5142	8000141c	01f27c33	and	x24,x4,x31	  x4:0x00000039 x31:0x80041024 x24=0x00000000
      51455.000 ns	      5144	80001420	28ea9953	fmax.s	f18,f21,f14	 f21:0x80000000 f14:0x7fc00000 f18=0x80000000
      51495.000 ns	      5148	80001424	10537a53	fmul.s	f20,f6,f5	  f6:0xff800000  f5:0x7fc00000 f20=0x7fc00000
      51525.000 ns	      5151	80001428	e0068cd3	fmv.x.w	x25,f13	 f13:0xd5946eba x25=0xd5946eba
      51555.000 ns	      5154	8000142c	c008f7d3	fcvt.w.s	x15,f17	 f17:0xd5946eba x15=0x80000000
      51575.000 ns	      5156	80001430	0189deb3	srl	x29,x19,x24	 x19:0x7f800000 x24:0x00000000 x29=0x7f800000
      51585.000 ns	      5157	80001434	38313913	sltiu	x18,x2,899	  x2:0x00000000 x18=0x00000001
      51605.000 ns	      5159	80001438	21a08253	fsgnj.s	f4,f1,f26	  f1:0xff800000 f26:0x00000000  f4=0x7f800000
      51635.000 ns	      5162	8000143c	a0e90a53	fle.s	x20,f18,f14	 f18:0x80000000 f14:0x7fc00000 x20=0x00000000
      51675.000 ns	      5166	80001440	1104f0d3	fmul.s	f1,f9,f16	  f9:0x7c946eba f16:0x7fc00000  f1=0x7fc00000
      51705.000 ns	      5169	80001444	c013a953	fcvt.wu.s	x18,f7	  f7:0x7f800000 x18=0xffffffff
      51725.000 ns	      5171	80001448	24b8e313	ori	x6,x17,587	 x17:0x00000000  x6=0x0000024b
      51745.000 ns	      5173	8000144c	29f98853	fmin.s	f16,f19,f31	 f19:0x7f800000 f31:0xfc946eba f16=0xfc946eba
      51765.000 ns	      5175	80001450	41b0d433	sra	x8,x1,x27	  x1:0xf8004102 x27:0x0000000e  x8=0xffffe001
      51775.000 ns	      5176	80001454	017bdc33	srl	x24,x23,x23	 x23:0xa615c000 x23:0xa615c000 x24=0xa615c000
      51785.000 ns	      5177	80001458	00f9d193	srli	x3,x19,0xf	 x19:0x7f800000  x3=0x0000ff00
      51805.000 ns	      5179	8000145c	d0113fd3	fcvt.s.wu	f31,x2	  x2:0x00000000 f31=0x00000000
      51835.000 ns	      5182	80001460	03edceb3	div	x29,x27,x30	 x27:0x0000000e x30:0x00000000 x29=0xffffffff
      51855.000 ns	      5184	80001464	000243b3	xor	x7,x4,x0	  x4:0x00000000  x0:0x00000000  x7=0x00000000
      51885.000 ns	      5187	80001468	11fe2853	fmul.s	f16,f28,f31	 f28:0x7f800000 f31:0x00000000 f16=0x7fc00000
      51905.000 ns	      5189	8000146c	c6664313	xori	x6,x12,-922	 x12:0xd7d0f06c  x6=0x282f0c0a
      51925.000 ns	      5191	80001470	20d30d53	fsgnj.s	f26,f6,f13	  f6:0xff800000 f13:0xd5946eba f26=0xff800000
      52295.000 ns	      5228	80001474	032ecd33	div	x26,x29,x18	 x29:0xffffffff x18:0xffffffff x26=0x00000001
      52315.000 ns	      5230	80001478	003aabb3	slt	x23,x21,x3	 x21:0x55905654  x3:0x0000ff00 x23=0x00000000
      52325.000 ns	      5231	8000147c	0134cbb3	xor	x23,x9,x19	  x9:0x00000000 x19:0x7f800000 x23=0x7f800000
      52355.000 ns	      5234	80001480	191ffdd3	fdiv.s	f27,f31,f17	 f31:0x00000000 f17:0xd5946eba f27=0x80000000
      52385.000 ns	      5237	80001484	0223c5b3	div	x11,x7,x2	  x7:0x00000000  x2:0x00000000 x11=0xffffffff
      52405.000 ns	      5239	80001488	886b8593	addi	x11,x23,-1914	 x23:0x7f800000 x11=0x7f7ff886
      52425.000 ns	      5241	8000148c	d01bf653	fcvt.s.wu	f12,x23	 x23:0x7f800000 f12=0x4eff0000
      52455.000 ns	      5244	80001490	a07e2253	feq.s	x4,f28,f7	 f28:0x7f800000  f7:0x7f800000  x4=0x00000001
      52485.000 ns	      5247	80001494	03a03ab3	mulhu	x21,x0,x26	  x0:0x00000000 x26:0x00000001 x21=0x00000000
      52505.000 ns	      5249	80001498	01bd4e33	xor	x28,x26,x27	 x26:0x00000001 x27:0x0000000e x28=0x0000000f
      52525.000 ns	      5251	8000149c	0202abb3	mulhsu	x23,x5,x0	  x5:0x00000001  x0:0x00000000 x23=0x00000000
      52545.000 ns	      5253	800014a0	2a63f413	andi	x8,x7,678	  x7:0x00000000  x8=0x00000000
      52905.000 ns	      5289	800014a4	02455c33	divu	x24,x10,x4	 x10:0x000000fb  x4:0x00000001 x24=0x000000fb
      52935.000 ns	      5292	800014a8	29781553	fmax.s	f10,f16,f23	 f16:0x7fc00000 f23:0x7c946eba f10=0x7c946eba
      52965.000 ns	      5295	800014ac	295206d3	fmin.s	f13,f4,f21	  f4:0x7f800000 f21:0x80000000 f13=0x80000000
      52995.000 ns	      5298	800014b0	a0828e53	fle.s	x28,f5,f8	  f5:0x7fc00000  f8:0x7f800000 x28=0x00000000
      53015.000 ns	      5300	800014b4	aa09b213	sltiu	x4,x19,-1376	 x19:0x7f800000  x4=0x00000001
      53035.000 ns	      5302	800014b8	21fc87d3	fsgnj.s	f15,f25,f31	 f25:0xd5946eba f31:0x00000000 f15=0x55946eba
      53055.000 ns	      5304	800014bc	01b2a033	slt	x0,x5,x27	  x5:0x00000001 x27:0x0000000e
      53075.000 ns	      5306	800014c0	03151bb3	mulh	x23,x10,x17	 x10:0x000000fb x17:0x00000000 x23=0x00000000
      53095.000 ns	      5308	800014c4	00e7b0b3	sltu	x1,x15,x14	 x15:0x80000000 x14:0x00000001  x1=0x00000000
      53105.000 ns	      5309	800014c8	000889b3	add	x19,x17,x0	 x17:0x00000000  x0:0x00000000 x19=0x00000000
      53115.000 ns	      5310	800014cc	c93d3a13	sltiu	x20,x26,-877	 x26:0x00000001 x20=0x00000001
      53125.000 ns	      5311	800014d0	41d3d893	srai	x17,x7,0x1d	  x7:0x00000000 x17=0x00000000
      53135.000 ns	      5312	800014d4	017a2e33	slt	x28,x20,x23	 x20:0x00000000 x23:0x00000000 x28=0x00000000
      53155.000 ns	      5314	800014d8	036b8d33	mul	x26,x23,x22	 x23:0x00000000 x22:0xa6b5e000 x26=0x00000000
      53185.000 ns	      5317	800014dc	a1359cd3	flt.s	x25,f11,f19	 f11:0x7f800000 f19:0x7f800000 x25=0x00000000
      53205.000 ns	      5319	800014e0	41a7d993	srai	x19,x15,0x1a	 x15:0x80000000 x19=0xffffffe0
      53215.000 ns	      5320	800014e4	eabd17b7	lui	x15,0xeabd1	 x15=0xeabd1000
      53225.000 ns	      5321	800014e8	db604313	xori	x6,x0,-586	  x0:0x00000000  x6=0xfffffdb6
      53245.000 ns	      5323	800014ec	e00d15d3	fclass.s	x11,f26	 f26:0xff800000 x11=0x00000001
      53275.000 ns	      5326	800014f0	29f711d3	fmax.s	f3,f14,f31	 f14:0x7fc00000 f31:0x00000000  f3=0x00000000
      53295.000 ns	      5328	800014f4	4340f497	auipc	x9,0x4340f	  x9=0xc34104f4
      53305.000 ns	      5329	800014f8	3a84ae93	slti	x29,x9,936	  x9:0x00000000 x29=0x00000001
      53315.000 ns	      5330	800014fc	011865b3	or	x11,x16,x17	 x16:0x80040fe4 x17:0x00000000 x11=0x80040fe4
      53325.000 ns	      5331	80001500	01245993	srli	x19,x8,0x12	  x8:0x00000000 x19=0x00000000
      53335.000 ns	      5332	80001504	306bb313	sltiu	x6,x23,774	 x23:0x00000000  x6=0x00000001
      53355.000 ns	      5334	80001508	c007f4d3	fcvt.w.s	x9,f15	 f15:0x55946eba  x9=0x7fffffff
      53375.000 ns	      5336	8000150c	0aca8693	addi	x13,x21,172	 x21:0x00000000 x13=0x000000ac
      53395.000 ns	      5338	80001510	036912b3	mulh	x5,x18,x22	 x18:0xffffffff x22:0xa6b5e000  x5=0x00000000
      53425.000 ns	      5341	80001514	025c5733	divu	x14,x24,x5	 x24:0x000000fb  x5:0x00000001 x14=0xffffffff
      53455.000 ns	      5344	80001518	02285333	divu	x6,x16,x2	 x16:0x80040fe4  x2:0x00000000  x6=0xffffffff
      53475.000 ns	      5346	8000151c	415bd293	srai	x5,x23,0x15	 x23:0x00000000  x5=0x00000000
      53485.000 ns	      5347	80001520	0142c5b3	xor	x11,x5,x20	  x5:0x00000000 x20:0x00000001 x11=0x00000001
      53495.000 ns	      5348	80001524	c6770697	auipc	x13,0xc6770	 x13=0x46771524
      53505.000 ns	      5349	80001528	00661233	sll	x4,x12,x6	 x12:0xd7d0f06c  x6:0xffffffff  x4=0x00000000
      53525.000 ns	      5351	8000152c	c000cbd3	fcvt.w.s	x23,f1	  f1:0x7fc00000 x23=0x7fffffff
      53545.000 ns	      5353	80001530	014e1b93	slli	x23,x28,0x14	 x28:0x00000000 x23=0x00000000
      53555.000 ns	      5354	80001534	00000013	addi	x0,x0,0	  x0:0x00000000
      53565.000 ns	      5355	80001538	d8538d13	addi	x26,x7,-635	  x7:0x00000000 x26=0xfffffd85
      53585.000 ns	      5357	8000153c	c00e0b53	fcvt.w.s	x22,f28	 f28:0x7f800000 x22=0x7fffffff
      53615.000 ns	      5360	80001540	212d82d3	fsgnj.s	f5,f27,f18	 f27:0x80000000 f18:0x80000000  f5=0x80000000
      53635.000 ns	      5362	80001544	00000013	addi	x0,x0,0	  x0:0x00000000
      53645.000 ns	      5363	80001548	40c9d133	sra	x2,x19,x12	 x19:0x00000000 x12:0xd7d0f06c  x2=0x00000000
      53655.000 ns	      5364	8000154c	542c3e93	sltiu	x29,x24,1346	 x24:0x000000fb x29=0x00000001
      53675.000 ns	      5366	80001550	a1de04d3	fle.s	x9,f28,f29	 f28:0x7f800000 f29:0x00000000  x9=0x00000000
      53705.000 ns	      5369	80001554	02f2aeb3	mulhsu	x29,x5,x15	  x5:0x00000000 x15:0xeabd1000 x29=0x00000000
      53735.000 ns	      5372	80001558	0357ba33	mulhu	x20,x15,x21	 x15:0xeabd1000 x21:0x00000000 x20=0x00000000
      53765.000 ns	      5375	8000155c	c000f6d3	fcvt.w.s	x13,f1	  f1:0x7fc00000 x13=0x7fffffff
      53795.000 ns	      5378	80001560	a02d95d3	flt.s	x11,f27,f2	 f27:0x80000000  f2:0x80000000 x11=0x00000000
      53825.000 ns	      5381	80001564	0223a233	mulhsu	x4,x7,x2	  x7:0x00000000  x2:0x00000000  x4=0x00000000
      53855.000 ns	      5384	80001568	a0659753	flt.s	x14,f11,f6	 f11:0x7f800000  f6:0xff800000 x14=0x00000000
      53875.000 ns	      5386	8000156c	03d3bb13	sltiu	x22,x7,61	  x7:0x00000000 x22=0x00000001
      53885.000 ns	      5387	80001570	408f56b3	sra	x13,x30,x8	 x30:0x00000000  x8:0x00000000 x13=0x00000000
      53895.000 ns	      5388	80001574	bd8e6013	ori	x0,x28,-1064	 x28:0x00000000
      53925.000 ns	      5391	80001578	188893d3	fdiv.s	f7,f17,f8	 f17:0xd5946eba  f8:0x7f800000  f7=0x80000000
      53945.000 ns	      5393	8000157c	01393f33	sltu	x30,x18,x19	 x18:0xffffffff x19:0x00000000 x30=0x00000000
      53955.000 ns	      5394	80001580	009f4eb3	xor	x29,x30,x9	 x30:0x00000000  x9:0x00000000 x29=0x00000000
      53965.000 ns	      5395	80001584	e6582213	slti	x4,x16,-411	 x16:0x80040fe4  x4=0x00000001
      53985.000 ns	      5397	80001588	a10b93d3	flt.s	x7,f23,f16	 f23:0x7c946eba f16:0x7fc00000  x7=0x00000000
      54035.000 ns	      5402	8000158c	08db1c53	fsub.s	f24,f22,f13	 f22:0x00000000 f13:0x80000000 f24=0x00000000
      54055.000 ns	      5404	80001590	019a1013	slli	x0,x20,0x19	 x20:0x00000000
      54075.000 ns	      5406	80001594	f00005d3	fmv.w.x	f11,x0	  x0:0x00000000 f11=0x00000000
      54095.000 ns	      5408	80001598	414b8233	sub	x4,x23,x20	 x23:0x00000000 x20:0x00000000  x4=0x00000000
      54115.000 ns	      5410	8000159c	d0193453	fcvt.s.wu	f8,x18	 x18:0xffffffff  f8=0x4f800000
      54145.000 ns	      5413	800015a0	02363f33	mulhu	x30,x12,x3	 x12:0xd7d0f06c  x3:0x0000ff00 x30=0x0000d6f9
      54175.000 ns	      5416	800015a4	c01a8953	fcvt.wu.s	x18,f21	 f21:0x80000000 x18=0x00000000
      54205.000 ns	      5419	800015a8	02fa27b3	mulhsu	x15,x20,x15	 x20:0x00000000 x15:0xeabd1000 x15=0x00000000
      54225.000 ns	      5421	800015ac	95be7b93	andi	x23,x28,-1701	 x28:0x00000000 x23=0x00000000
      54235.000 ns	      5422	800015b0	41b95b13	srai	x22,x18,0x1b	 x18:0x00000000 x22=0x00000000
      54245.000 ns	      5423	800015b4	d7920093	addi	x1,x4,-647	  x4:0x00000000  x1=0xfffffd79
      54265.000 ns	      5425	800015b8	a0260ed3	fle.s	x29,f12,f2	 f12:0x4eff0000  f2:0x80000000 x29=0x00000000
      54285.000 ns	      5427	800015bc	01f19c33	sll	x24,x3,x31	  x3:0x0000ff00 x31:0x80041024 x24=0x000ff000
      54295.000 ns	      5428	800015c0	012c04b3	add	x9,x24,x18	 x24:0x000000fb x18:0x00000000  x9=0x000ff000
      54655.000 ns	      5464	800015c4	02156eb3	rem	x29,x10,x1	 x10:0x000000fb  x1:0xfffffd79 x29=0x000000fb
      54675.000 ns	      5466	800015c8	c9d10a13	addi	x20,x2,-867	  x2:0x00000000 x20=0xfffffc9d
      54685.000 ns	      5467	800015cc	41fe5993	srai	x19,x28,0x1f	 x28:0x00000000 x19=0x00000000
      54695.000 ns	      5468	800015d0	40cb5b13	srai	x22,x22,0xc	 x22:0x00000000 x22=0x00000000
      55055.000 ns	      5504	800015d4	03f1eb33	rem	x22,x3,x31	  x3:0x0000ff00 x31:0x80041024 x22=0x0000ff00
      55075.000 ns	      5506	800015d8	41a9da33	sra	x20,x19,x26	 x19:0x00000000 x26:0xfffffd85 x20=0x00000000
      55115.000 ns	      5510	800015dc	0936ac53	fsub.s	f24,f13,f19	 f13:0x80000000 f19:0x7f800000 f24=0xff800000
      55145.000 ns	      5513	800015e0	d012ab53	fcvt.s.wu	f22,x5	  x5:0x00000000 f22=0x00000000
      55175.000 ns	      5516	800015e4	29608fd3	fmin.s	f31,f1,f22	  f1:0x7fc00000 f22:0x00000000 f31=0x00000000
      55205.000 ns	      5519	800015e8	035ded33	rem	x26,x27,x21	 x27:0x0000000e x21:0x00000000 x26=0x0000000e
      55225.000 ns	      5521	800015ec	31015bb7	lui	x23,0x31015	 x23=0x31015000
      55265.000 ns	      5525	800015f0	015888d3	fadd.s	f17,f17,f21	 f17:0xd5946eba f21:0x80000000 f17=0xd5946eba
      55295.000 ns	      5528	800015f4	e00415d3	fclass.s	x11,f8	  f8:0x4f800000 x11=0x00000040
      55315.000 ns	      5530	800015f8	00086433	or	x8,x16,x0	 x16:0x80040fe4  x0:0x00000000  x8=0x80040fe4
      55325.000 ns	      5531	800015fc	1e37fc93	andi	x25,x15,483	 x15:0x00000000 x25=0x00000000
      55655.000 ns	      5564	80001600	19967bd3	fdiv.s	f23,f12,f25	 f12:0x4eff0000 f25:0xd5946eba f23=0xb87f0000
      55675.000 ns	      5566	80001604	a3160793	addi	x15,x12,-1487	 x12:0xd7d0f06c x15=0xd7d0ea9d
      55705.000 ns	      5569	80001608	580ff953	fsqrt.s	f18,f31	 f31:0x00000000 f18=0x00000000
      55735.000 ns	      5572	8000160c	a0741c53	flt.s	x24,f8,f7	  f8:0x4f800000  f7:0x80000000 x24=0x00000000
      55755.000 ns	      5574	80001610	007890b3	sll	x1,x17,x7	 x17:0x00000000  x7:0x00000000  x1=0x00000000
      55775.000 ns	      5576	80001614	a19da4d3	feq.s	x9,f27,f25	 f27:0x80000000 f25:0xd5946eba  x9=0x00000000
      55795.000 ns	      5578	80001618	40b3dbb3	sra	x23,x7,x11	  x7:0x00000000 x11:0x00000040 x23=0x00000000
      56155.000 ns	      5614	8000161c	023b4a33	div	x20,x22,x3	 x22:0x0000ff00  x3:0x0000ff00 x20=0x00000001
      56185.000 ns	      5617	80001620	e00b1b53	fclass.s	x22,f22	 f22:0x00000000 x22=0x00000010
      56215.000 ns	      5620	80001624	a01801d3	fle.s	x3,f16,f1	 f16:0x7fc00000  f1:0x7fc00000  x3=0x00000000
      56255.000 ns	      5624	80001628	1009b7d3	fmul.s	f15,f19,f0	 f19:0x7f800000  f0:0xd5946eba f15=0xff800000
      56285.000 ns	      5627	8000162c	f00f8353	fmv.w.x	f6,x31	 x31:0x80041024  f6=0x80041024
      56305.000 ns	      5629	80001630	8ad1b013	sltiu	x0,x3,-1875	  x3:0x00000000
      56325.000 ns	      5631	80001634	a19793d3	flt.s	x7,f15,f25	 f15:0xff800000 f25:0xd5946eba  x7=0x00000001
      56355.000 ns	      5634	80001638	025b5b33	divu	x22,x22,x5	 x22:0x00000010  x5:0x00000000 x22=0xffffffff
      56385.000 ns	      5637	8000163c	21a011d3	fsgnjn.s	f3,f0,f26	  f0:0xd5946eba f26:0xff800000  f3=0x55946eba
      56405.000 ns	      5639	80001640	01520f33	add	x30,x4,x21	  x4:0x00000000 x21:0x00000000 x30=0x00000000
      56425.000 ns	      5641	80001644	c016fed3	fcvt.wu.s	x29,f13	 f13:0x80000000 x29=0x00000000
      56445.000 ns	      5643	80001648	009465b3	or	x11,x8,x9	  x8:0x80040fe4  x9:0x00000000 x11=0x80040fe4
      56465.000 ns	      5645	8000164c	03d77bb3	remu	x23,x14,x29	 x14:0x00000000 x29:0x00000000 x23=0x00000000
      56485.000 ns	      5647	80001650	40b45e33	sra	x28,x8,x11	  x8:0x80040fe4 x11:0x00000040 x28=0xf80040fe
      57655.000 ns	      5764	80001654	58048453	fsqrt.s	f8,f9	  f9:0x7c946eba  f8=0x5e09d65d
      57695.000 ns	      5768	80001658	58077053	fsqrt.s	f0,f14	 f14:0x7fc00000  f0=0x7fc00000
      57715.000 ns	      5770	8000165c	407e0a33	sub	x20,x28,x7	 x28:0xf80040fe  x7:0x00000001 x20=0xf80040fd
      57725.000 ns	      5771	80001660	19cf0997	auipc	x19,0x19cf0	 x19=0x99cf1660
      57735.000 ns	      5772	80001664	00000013	addi	x0,x0,0	  x0:0x00000000
      57745.000 ns	      5773	80001668	005d39b3	sltu	x19,x26,x5	 x26:0x0000000e  x5:0x00000000 x19=0x00000000
      57755.000 ns	      5774	8000166c	4fddc493	xori	x9,x27,1277	 x27:0x0000000e  x9=0x000004f3
      57775.000 ns	      5776	80001670	e00e9ad3	fclass.s	x21,f29	 f29:0x00000000 x21=0x00000010
      57795.000 ns	      5778	80001674	41c95093	srai	x1,x18,0x1c	 x18:0x00000000  x1=0x00000000
      57815.000 ns	      5780	80001678	029d9d33	mulh	x26,x27,x9	 x27:0x0000000e  x9:0x000004f3 x26=0x00000000
      57835.000 ns	      5782	8000167c	00fba9b3	slt	x19,x23,x15	 x23:0x00000000 x15:0xd7d0ea9d x19=0x00000000
      57845.000 ns	      5783	80001680	4f658493	addi	x9,x11,1270	 x11:0x80040fe4  x9=0x800414da
      57885.000 ns	      5787	80001684	09a1f2d3	fsub.s	f5,f3,f26	  f3:0x55946eba f26:0xff800000  f5=0x7f800000
      57905.000 ns	      5789	80001688	0186d293	srli	x5,x13,0x18	 x13:0x00000000  x5=0x00000000
      57915.000 ns	      5790	8000168c	480ab913	sltiu	x18,x21,1152	 x21:0x00000010 x18=0x00000001
      57935.000 ns	      5792	80001690	20a188d3	fsgnj.s	f17,f3,f10	  f3:0x55946eba f10:0x7c946eba f17=0x55946eba
      57965.000 ns	      5795	80001694	a07310d3	flt.s	x1,f6,f7	  f6:0x80041024  f7:0x80000000  x1=0x00000001
      57995.000 ns	      5798	80001698	c015f553	fcvt.wu.s	x10,f11	 f11:0x00000000 x10=0x00000000
      58015.000 ns	      5800	8000169c	d4fc4e17	auipc	x28,0xd4fc4	 x28=0x54fc569c
      58025.000 ns	      5801	800016a0	ab37be93	sltiu	x29,x15,-1357	 x15:0xd7d0ea9d x29=0x00000001
      58035.000 ns	      5802	800016a4	00bb02b3	add	x5,x22,x11	 x22:0xffffffff x11:0x80040fe4  x5=0x80040fe3
      58045.000 ns	      5803	800016a8	412fd693	srai	x13,x31,0x12	 x31:0x80041024 x13=0xffffe001
      58055.000 ns	      5804	800016ac	72562a93	slti	x21,x12,1829	 x12:0xd7d0f06c x21=0x00000001
      58065.000 ns	      5805	800016b0	00e96433	or	x8,x18,x14	 x18:0x00000001 x14:0x00000000  x8=0x00000001
      58085.000 ns	      5807	800016b4	d00af3d3	fcvt.s.w	f7,x21	 x21:0x00000010  f7=0x3f800000
      58105.000 ns	      5809	800016b8	0105c1b3	xor	x3,x11,x16	 x11:0x80040fe4 x16:0x80040fe4  x3=0x00000000
      58125.000 ns	      5811	800016bc	289e0453	fmin.s	f8,f28,f9	 f28:0x7f800000  f9:0x7c946eba  f8=0x7c946eba
      58155.000 ns	      5814	800016c0	0287a1b3	mulhsu	x3,x15,x8	 x15:0xd7d0ea9d  x8:0x00000001  x3=0xffffffff
      58195.000 ns	      5818	800016c4	11188a53	fmul.s	f20,f17,f17	 f17:0x55946eba f17:0x55946eba f20=0x6bac206e
      58215.000 ns	      5820	800016c8	00000013	addi	x0,x0,0	  x0:0x00000000
      58255.000 ns	      5824	800016cc	01217dd3	fadd.s	f27,f2,f18	  f2:0x80000000 f18:0x00000000 f27=0x00000000
      58275.000 ns	      5826	800016d0	cf652717	auipc	x14,0xcf652	 x14=0x4f6536d0
      58285.000 ns	      5827	800016d4	40580333	sub	x6,x16,x5	 x16:0x80040fe4  x5:0x80040fe3  x6=0x00000001
      58295.000 ns	      5828	800016d8	e60f8f37	lui	x30,0xe60f8	 x30=0xe60f8000
      58315.000 ns	      5830	800016dc	e00f89d3	fmv.x.w	x19,f31	 f31:0x00000000 x19=0x00000000
      58335.000 ns	      5832	800016e0	6665b313	sltiu	x6,x11,1638	 x11:0x80040fe4  x6=0x00000000
      58345.000 ns	      5833	800016e4	2a1c8713	addi	x14,x25,673	 x25:0x00000000 x14=0x000002a1
      58355.000 ns	      5834	800016e8	66ce6197	auipc	x3,0x66ce6	  x3=0xe6ce76e8
      58385.000 ns	      5837	800016ec	102e09d3	fmul.s	f19,f28,f2	 f28:0x7f800000  f2:0x80000000 f19=0x7fc00000
      58435.000 ns	      5842	800016f0	00b9f2d3	fadd.s	f5,f19,f11	 f19:0x7f800000 f11:0x00000000  f5=0x7fc00000
      58465.000 ns	      5845	800016f4	20b42053	fsgnjx.s	f0,f8,f11	  f8:0x7c946eba f11:0x00000000  f0=0x7c946eba
      58835.000 ns	      5882	800016f8	02796133	rem	x2,x18,x7	 x18:0x00000001  x7:0x00000001  x2=0x00000000
      58865.000 ns	      5885	800016fc	a1c98253	fle.s	x4,f19,f28	 f19:0x7fc00000 f28:0x7f800000  x4=0x00000000
      58905.000 ns	      5889	80001700	112a74d3	fmul.s	f9,f20,f18	 f20:0x6bac206e f18:0x00000000  f9=0x00000000
      58925.000 ns	      5891	80001704	01e454b3	srl	x9,x8,x30	  x8:0x00000001 x30:0xe60f8000  x9=0x00000001
      58965.000 ns	      5895	80001708	01311953	fadd.s	f18,f2,f19	  f2:0x80000000 f19:0x7fc00000 f18=0x7fc00000
      58995.000 ns	      5898	8000170c	e0021f53	fclass.s	x30,f4	  f4:0x7f800000 x30=0x00000080
      59015.000 ns	      5900	80001710	8739ac93	slti	x25,x19,-1933	 x19:0x00000000 x25=0x00000000
      59025.000 ns	      5901	80001714	00ff91b3	sll	x3,x31,x15	 x31:0x80041024 x15:0xd7d0ea9d  x3=0x80000000
      59045.000 ns	      5903	80001718	037195b3	mulh	x11,x3,x23	  x3:0xe6ce76e8 x23:0x00000000 x11=0x00000000
      59065.000 ns	      5905	8000171c	579d8637	lui	x12,0x579d8	 x12=0x579d8000
      59085.000 ns	      5907	80001720	a0c280d3	fle.s	x1,f5,f12	  f5:0x7fc00000 f12:0x4eff0000  x1=0x00000000
      59115.000 ns	      5910	80001724	a0212353	feq.s	x6,f2,f2	  f2:0x80000000  f2:0x80000000  x6=0x00000001
      59135.000 ns	      5912	80001728	01f166b3	or	x13,x2,x31	  x2:0x00000000 x31:0x80041024 x13=0x80041024
      59155.000 ns	      5914	8000172c	02639033	mulh	x0,x7,x6	  x7:0x00000001  x6:0x00000001
      59185.000 ns	      5917	80001730	c0009d53	fcvt.w.s	x26,f1	  f1:0x7fc00000 x26=0x7fffffff
      59555.000 ns	      5954	80001734	03cc6033	rem	x0,x24,x28	 x24:0x00000000 x28:0x54fc569c
      59575.000 ns	      5956	80001738	85252793	slti	x15,x10,-1966	 x10:0x00000000 x15=0x00000000
      59595.000 ns	      5958	8000173c	d0147953	fcvt.s.wu	f18,x8	  x8:0x00000001 f18=0x3f800000
      59965.000 ns	      5995	80001740	02874033	div	x0,x14,x8	 x14:0x000002a1  x8:0x00000001
      59995.000 ns	      5998	80001744	c012f053	fcvt.wu.s	x0,f5	  f5:0x7fc00000
      60015.000 ns	      6000	80001748	7c58f913	andi	x18,x17,1989	 x17:0x00000000 x18=0x00000000
      60025.000 ns	      6001	8000174c	011da033	slt	x0,x27,x17	 x27:0x0000000e x17:0x00000000
      60035.000 ns	      6002	80001750	00f51013	slli	x0,x10,0xf	 x10:0x00000000
      60055.000 ns	      6004	80001754	02672e33	mulhsu	x28,x14,x6	 x14:0x000002a1  x6:0x00000001 x28=0x00000000
      60085.000 ns	      6007	80001758	20e5a7d3	fsgnjx.s	f15,f11,f14	 f11:0x00000000 f14:0x7fc00000 f15=0x00000000
      60115.000 ns	      6010	8000175c	c008fb53	fcvt.w.s	x22,f17	 f17:0x55946eba x22=0x7fffffff
      60155.000 ns	      6014	80001760	193785d3	fdiv.s	f11,f15,f19	 f15:0x00000000 f19:0x7fc00000 f11=0x7fc00000
      60195.000 ns	      6018	80001764	18d87153	fdiv.s	f2,f16,f13	 f16:0x7fc00000 f13:0x80000000  f2=0x7fc00000
      60225.000 ns	      6021	80001768	210e85d3	fsgnj.s	f11,f29,f16	 f29:0x00000000 f16:0x7fc00000 f11=0x00000000
      60275.000 ns	      6026	8000176c	01aa78d3	fadd.s	f17,f20,f26	 f20:0x6bac206e f26:0xff800000 f17=0xff800000
      60305.000 ns	      6029	80001770	20321253	fsgnjn.s	f4,f4,f3	  f4:0x7f800000  f3:0x55946eba  f4=0xff800000
      60325.000 ns	      6031	80001774	00bfcd33	xor	x26,x31,x11	 x31:0x80041024 x11:0x00000000 x26=0x80041024
      60345.000 ns	      6033	80001778	20f59a53	fsgnjn.s	f20,f11,f15	 f11:0x00000000 f15:0x00000000 f20=0x80000000
      60365.000 ns	      6035	8000177c	410a5a33	sra	x20,x20,x16	 x20:0xf80040fd x16:0x80040fe4 x20=0xff80040f
      60375.000 ns	      6036	80001780	419b01b3	sub	x3,x22,x25	 x22:0x7fffffff x25:0x00000000  x3=0x7fffffff
      60395.000 ns	      6038	80001784	a1481e53	flt.s	x28,f16,f20	 f16:0x7fc00000 f20:0x80000000 x28=0x00000000
      60425.000 ns	      6041	80001788	03ce80b3	mul	x1,x29,x28	 x29:0x00000001 x28:0x00000000  x1=0x00000000
      60455.000 ns	      6044	8000178c	03309cb3	mulh	x25,x1,x19	  x1:0x00000000 x19:0x00000000 x25=0x00000000
      60485.000 ns	      6047	80001790	038dccb3	div	x25,x27,x24	 x27:0x0000000e x24:0x00000000 x25=0xffffffff
      60505.000 ns	      6049	80001794	00000013	addi	x0,x0,0	  x0:0x00000000
      60515.000 ns	      6050	80001798	003f64b3	or	x9,x30,x3	 x30:0x00000080  x3:0x7fffffff  x9=0x7fffffff
      60525.000 ns	      6051	8000179c	00ffa633	slt	x12,x31,x15	 x31:0x80041024 x15:0x00000000 x12=0x00000001
      60885.000 ns	      6087	800017a0	0392ccb3	div	x25,x5,x25	  x5:0x80040fe3 x25:0xffffffff x25=0x7ffbf01d
      60915.000 ns	      6090	800017a4	29308b53	fmin.s	f22,f1,f19	  f1:0x7fc00000 f19:0x7fc00000 f22=0x7fc00000
      62095.000 ns	      6208	800017a8	580384d3	fsqrt.s	f9,f7	  f7:0x3f800000  f9=0x3f7fffae
      62115.000 ns	      6210	800017ac	49064ab7	lui	x21,0x49064	 x21=0x49064000
      62125.000 ns	      6211	800017b0	96205417	auipc	x8,0x96205	  x8=0x162067b0
      62145.000 ns	      6213	800017b4	e0009f53	fclass.s	x30,f1	  f1:0x7fc00000 x30=0x00000200
      62175.000 ns	      6216	800017b8	e00198d3	fclass.s	x17,f3	  f3:0x55946eba x17=0x00000040
      62195.000 ns	      6218	800017bc	01a88033	add	x0,x17,x26	 x17:0x00000000 x26:0x80041024
      62215.000 ns	      6220	800017c0	28cd9cd3	fmax.s	f25,f27,f12	 f27:0x00000000 f12:0x4eff0000 f25=0x4eff0000
      62235.000 ns	      6222	800017c4	e2a46b13	ori	x22,x8,-470	  x8:0x162067b0 x22=0xffffffba
      62255.000 ns	      6224	800017c8	28aa9553	fmax.s	f10,f21,f10	 f21:0x80000000 f10:0x7c946eba f10=0x7c946eba
      62275.000 ns	      6226	800017cc	40b204b3	sub	x9,x4,x11	  x4:0x00000000 x11:0x00000000  x9=0x00000000
      62285.000 ns	      6227	800017d0	41b101b3	sub	x3,x2,x27	  x2:0x00000000 x27:0x0000000e  x3=0xfffffff2
      62295.000 ns	      6228	800017d4	01f8f7b3	and	x15,x17,x31	 x17:0x00000040 x31:0x80041024 x15=0x00000000
      62305.000 ns	      6229	800017d8	015190b3	sll	x1,x3,x21	  x3:0x7fffffff x21:0x49064000  x1=0xfffffff2
      62325.000 ns	      6231	800017dc	03f18e33	mul	x28,x3,x31	  x3:0xfffffff2 x31:0x80041024 x28=0xffc71e08
      62345.000 ns	      6233	800017e0	58a07a13	andi	x20,x0,1418	  x0:0x00000000 x20=0x00000000
      62365.000 ns	      6235	800017e4	c01209d3	fcvt.wu.s	x19,f4	  f4:0xff800000 x19=0x00000000
      62395.000 ns	      6238	800017e8	c0160b53	fcvt.wu.s	x22,f12	 f12:0x4eff0000 x22=0x7f800000
      62425.000 ns	      6241	800017ec	030533b3	mulhu	x7,x10,x16	 x10:0x00000000 x16:0x80040fe4  x7=0x00000000
      62445.000 ns	      6243	800017f0	000e0533	add	x10,x28,x0	 x28:0xffc71e08  x0:0x00000000 x10=0xffc71e08
      62475.000 ns	      6246	800017f4	580bf5d3	fsqrt.s	f11,f23	 f23:0xb87f0000 f11=0x7fc00000
      62505.000 ns	      6249	800017f8	e00f0353	fmv.x.w	x6,f30	 f30:0x7c946eba  x6=0x7c946eba
      62525.000 ns	      6251	800017fc	00029113	slli	x2,x5,0x0	  x5:0x80040fe3  x2=0x80040fe3
      62535.000 ns	      6252	80001800	0072f433	and	x8,x5,x7	  x5:0x80040fe3  x7:0x00000000  x8=0x00000000
      62555.000 ns	      6254	80001804	d00af953	fcvt.s.w	f18,x21	 x21:0x49064000 f18=0x4e920c80
      62925.000 ns	      6291	80001808	02cde533	rem	x10,x27,x12	 x27:0x0000000e x12:0x00000001 x10=0x00000000
      62955.000 ns	      6294	8000180c	a13da553	feq.s	x10,f27,f19	 f27:0x00000000 f19:0x7fc00000 x10=0x00000000
      62975.000 ns	      6296	80001810	26ff2cb7	lui	x25,0x26ff2	 x25=0x26ff2000
      62995.000 ns	      6298	80001814	d0034953	fcvt.s.w	f18,x6	  x6:0x7c946eba f18=0x4ef928dd
      63015.000 ns	      6300	80001818	0130de13	srli	x28,x1,0x13	  x1:0xfffffff2 x28=0x00001fff
      63035.000 ns	      6302	8000181c	d00e1bd3	fcvt.s.w	f23,x28	 x28:0xffc71e08 f23=0x45fff800
      63065.000 ns	      6305	80001820	c00c93d3	fcvt.w.s	x7,f25	 f25:0x4eff0000  x7=0x7f800000
      63435.000 ns	      6342	80001824	0358d433	divu	x8,x17,x21	 x17:0x00000040 x21:0x49064000  x8=0x00000000
      63475.000 ns	      6346	80001828	111cacd3	fmul.s	f25,f25,f17	 f25:0x4eff0000 f17:0xff800000 f25=0xff800000
      63505.000 ns	      6349	8000182c	d0032bd3	fcvt.s.w	f23,x6	  x6:0x7c946eba f23=0x4ef928de
      63525.000 ns	      6351	80001830	005c9013	slli	x0,x25,0x5	 x25:0x26ff2000
      63545.000 ns	      6353	80001834	e00f0953	fmv.x.w	x18,f30	 f30:0x7c946eba x18=0x7c946eba
      63585.000 ns	      6357	80001838	183c78d3	fdiv.s	f17,f24,f3	 f24:0xff800000  f3:0x55946eba f17=0xff800000
      63615.000 ns	      6360	8000183c	0222a433	mulhsu	x8,x5,x2	  x5:0x80040fe3  x2:0x80040fe3  x8=0xc0000010
      63645.000 ns	      6363	80001840	020bfeb3	remu	x29,x23,x0	 x23:0x00000000  x0:0x00000000 x29=0x00000000
      63665.000 ns	      6365	80001844	00ac5193	srli	x3,x24,0xa	 x24:0x00000000  x3=0x00000000
      63675.000 ns	      6366	80001848	0047c4b3	xor	x9,x15,x4	 x15:0x00000000  x4:0x00000000  x9=0x00000000
      63685.000 ns	      6367	8000184c	cbf6f093	andi	x1,x13,-833	 x13:0x80041024  x1=0x80041024
      63695.000 ns	      6368	80001850	5596b593	sltiu	x11,x13,1369	 x13:0x80041024 x11=0x00000000
      63705.000 ns	      6369	80001854	012ed3b3	srl	x7,x29,x18	 x29:0x00000000 x18:0x7c946eba  x7=0x00000000
      63725.000 ns	      6371	80001858	215f8e53	fsgnj.s	f28,f31,f21	 f31:0x00000000 f21:0x80000000 f28=0x80000000
      63745.000 ns	      6373	8000185c	41a2db33	sra	x22,x5,x26	  x5:0x80040fe3 x26:0x80041024 x22=0xf80040fe
      63755.000 ns	      6374	80001860	46a9ac93	slti	x25,x19,1130	 x19:0x00000000 x25=0x00000001
      63775.000 ns	      6376	80001864	039413b3	mulh	x7,x8,x25	  x8:0xc0000010 x25:0x26ff2000  x7=0xffffffff
      63805.000 ns	      6379	80001868	033251b3	divu	x3,x4,x19	  x4:0x00000000 x19:0x00000000  x3=0xffffffff
      63825.000 ns	      6381	8000186c	006937b3	sltu	x15,x18,x6	 x18:0x7c946eba  x6:0x7c946eba x15=0x00000000
      63845.000 ns	      6383	80001870	a18409d3	fle.s	x19,f8,f24	  f8:0x7c946eba f24:0xff800000 x19=0x00000000
      63875.000 ns	      6386	80001874	020ea733	mulhsu	x14,x29,x0	 x29:0x00000000  x0:0x00000000 x14=0x00000000
      63905.000 ns	      6389	80001878	02ab34b3	mulhu	x9,x22,x10	 x22:0xf80040fe x10:0x00000000  x9=0x00000000
      63935.000 ns	      6392	8000187c	21571f53	fsgnjn.s	f30,f14,f21	 f14:0x7fc00000 f21:0x80000000 f30=0x7fc00000
      64305.000 ns	      6429	80001880	02316233	rem	x4,x2,x3	  x2:0x80040fe3  x3:0xffffffff  x4=0x00000000
      64325.000 ns	      6431	80001884	012149b3	xor	x19,x2,x18	  x2:0x80040fe3 x18:0x7c946eba x19=0xfc906159
      64355.000 ns	      6434	80001888	1096f153	fmul.s	f2,f13,f9	 f13:0x80000000  f9:0x3f7fffae  f2=0x80000000
      64385.000 ns	      6437	8000188c	03303b33	mulhu	x22,x0,x19	  x0:0x00000000 x19:0x00000000 x22=0x00000000
      64415.000 ns	      6440	80001890	e0081e53	fclass.s	x28,f16	 f16:0x7fc00000 x28=0x00000200
      64445.000 ns	      6443	80001894	d00a0fd3	fcvt.s.w	f31,x20	 x20:0x00000000 f31=0x00000000
      64475.000 ns	      6446	80001898	a1e515d3	flt.s	x11,f10,f30	 f10:0x7c946eba f30:0x7fc00000 x11=0x00000000
      64505.000 ns	      6449	8000189c	21791053	fsgnjn.s	f0,f18,f23	 f18:0x4ef928dd f23:0x4ef928de  f0=0xcef928dd
      64555.000 ns	      6454	800018a0	00007d53	fadd.s	f26,f0,f0	  f0:0x7c946eba  f0:0x7c946eba f26=0xcf7928dd
      64585.000 ns	      6457	800018a4	21c18853	fsgnj.s	f16,f3,f28	  f3:0x55946eba f28:0x80000000 f16=0xd5946eba
      64605.000 ns	      6459	800018a8	00f09e13	slli	x28,x1,0xf	  x1:0x80041024 x28=0x08120000
      64615.000 ns	      6460	800018ac	014c5193	srli	x3,x24,0x14	 x24:0x00000000  x3=0x00000000
      64625.000 ns	      6461	800018b0	0031d033	srl	x0,x3,x3	  x3:0xffffffff  x3:0xffffffff
      64645.000 ns	      6463	800018b4	20c723d3	fsgnjx.s	f7,f14,f12	 f14:0x7fc00000 f12:0x4eff0000  f7=0x7fc00000
      64675.000 ns	      6466	800018b8	284d1753	fmax.s	f14,f26,f4	 f26:0xcf7928dd  f4:0xff800000 f14=0xcf7928dd
      64695.000 ns	      6468	800018bc	00000013	addi	x0,x0,0	  x0:0x00000000
      64715.000 ns	      6470	800018c0	03aa0eb3	mul	x29,x20,x26	 x20:0x00000000 x26:0x80041024 x29=0x00000000
      64745.000 ns	      6473	800018c4	297f83d3	fmin.s	f7,f31,f23	 f31:0x00000000 f23:0x4ef928de  f7=0x00000000
      64775.000 ns	      6476	800018c8	21b00853	fsgnj.s	f16,f0,f27	  f0:0xcef928dd f27:0x00000000 f16=0x4ef928dd
      64805.000 ns	      6479	800018cc	021dbeb3	mulhu	x29,x27,x1	 x27:0x0000000e  x1:0x80041024 x29=0x00000007
      64825.000 ns	      6481	800018d0	0e6a8e13	addi	x28,x21,230	 x21:0x49064000 x28=0x490640e6
      64845.000 ns	      6483	800018d4	02a61d33	mulh	x26,x12,x10	 x12:0x00000001 x10:0x00000000 x26=0x00000000
      64875.000 ns	      6486	800018d8	d01392d3	fcvt.s.wu	f5,x7	  x7:0xffffffff  f5=0x4f7fffff
      64895.000 ns	      6488	800018dc	f02b3793	sltiu	x15,x22,-254	 x22:0x00000000 x15=0x00000001
      64915.000 ns	      6490	800018e0	03e4b9b3	mulhu	x19,x9,x30	  x9:0x00000000 x30:0x00000200 x19=0x00000000
      64955.000 ns	      6494	800018e4	11430953	fmul.s	f18,f6,f20	  f6:0x80041024 f20:0x80000000 f18=0x00000000
      64975.000 ns	      6496	800018e8	01b57533	and	x10,x10,x27	 x10:0x00000000 x27:0x0000000e x10=0x00000000
      64995.000 ns	      6498	800018ec	e00e9cd3	fclass.s	x25,f29	 f29:0x00000000 x25=0x00000010
      65015.000 ns	      6500	800018f0	794afb17	auipc	x22,0x794af	 x22=0xf94b08f0
      65035.000 ns	      6502	800018f4	c0099b53	fcvt.w.s	x22,f19	 f19:0x7fc00000 x22=0x7fffffff
      65055.000 ns	      6504	800018f8	4134d4b3	sra	x9,x9,x19	  x9:0x00000000 x19:0x00000000  x9=0x00000000
      65065.000 ns	      6505	800018fc	002ebab3	sltu	x21,x29,x2	 x29:0x00000007  x2:0x80040fe3 x21=0x00000001
      65085.000 ns	      6507	80001900	02057c33	remu	x24,x10,x0	 x10:0x00000000  x0:0x00000000 x24=0x00000000
      65105.000 ns	      6509	80001904	c358b213	sltiu	x4,x17,-971	 x17:0x00000040  x4=0x00000001
      65125.000 ns	      6511	80001908	02b13333	mulhu	x6,x2,x11	  x2:0x80040fe3 x11:0x00000000  x6=0x00000000
      65145.000 ns	      6513	8000190c	0030d4b3	srl	x9,x1,x3	  x1:0x80041024  x3:0x00000000  x9=0x80041024
      65155.000 ns	      6514	80001910	00000013	addi	x0,x0,0	  x0:0x00000000
      65165.000 ns	      6515	80001914	00000013	addi	x0,x0,0	  x0:0x00000000
      65175.000 ns	      6516	80001918	68e7be97	auipc	x29,0x68e7b	 x29=0xe8e7c918
      65195.000 ns	      6518	8000191c	02983e33	mulhu	x28,x16,x9	 x16:0x80040fe4  x9:0x80041024 x28=0x40041014
      65215.000 ns	      6520	80001920	f5752493	slti	x9,x10,-169	 x10:0x00000000  x9=0x00000000
      65225.000 ns	      6521	80001924	546d2793	slti	x15,x26,1350	 x26:0x00000000 x15=0x00000001
      65235.000 ns	      6522	80001928	00bbc233	xor	x4,x23,x11	 x23:0x00000000 x11:0x00000000  x4=0x00000000
      65245.000 ns	      6523	8000192c	00b6cb33	xor	x22,x13,x11	 x13:0x80041024 x11:0x00000000 x22=0x80041024
      65265.000 ns	      6525	80001930	e0030ed3	fmv.x.w	x29,f6	  f6:0x80041024 x29=0x80041024
      65295.000 ns	      6528	80001934	c015f253	fcvt.wu.s	x4,f11	 f11:0x7fc00000  x4=0xffffffff
      65315.000 ns	      6530	80001938	b582be93	sltiu	x29,x5,-1192	  x5:0x80040fe3 x29=0x00000001
      65325.000 ns	      6531	8000193c	a3f9a713	slti	x14,x19,-1473	 x19:0x00000000 x14=0x00000000
      65345.000 ns	      6533	80001940	a17ea153	feq.s	x2,f29,f23	 f29:0x00000000 f23:0x4ef928de  x2=0x00000000
      65375.000 ns	      6536	80001944	e00a9553	fclass.s	x10,f21	 f21:0x80000000 x10=0x00000008
      65405.000 ns	      6539	80001948	21a195d3	fsgnjn.s	f11,f3,f26	  f3:0x55946eba f26:0xcf7928dd f11=0x55946eba
      65775.000 ns	      6576	8000194c	03124933	div	x18,x4,x17	  x4:0xffffffff x17:0x00000040 x18=0x00000000
      65795.000 ns	      6578	80001950	013da9b3	slt	x19,x27,x19	 x27:0x0000000e x19:0x00000000 x19=0x00000000
      65815.000 ns	      6580	80001954	c016fe53	fcvt.wu.s	x28,f13	 f13:0x80000000 x28=0x00000000
      65865.000 ns	      6585	80001958	09edf753	fsub.s	f14,f27,f30	 f27:0x00000000 f30:0x7fc00000 f14=0x7fc00000
      65895.000 ns	      6588	8000195c	c01f7053	fcvt.wu.s	x0,f30	 f30:0x7fc00000
      65925.000 ns	      6591	80001960	21e1a1d3	fsgnjx.s	f3,f3,f30	  f3:0x55946eba f30:0x7fc00000  f3=0x55946eba
      65945.000 ns	      6593	80001964	4183d8b3	sra	x17,x7,x24	  x7:0xffffffff x24:0x00000000 x17=0xffffffff
      66305.000 ns	      6629	80001968	024158b3	divu	x17,x2,x4	  x2:0x00000000  x4:0xffffffff x17=0x00000000
      66355.000 ns	      6634	8000196c	081d7cd3	fsub.s	f25,f26,f1	 f26:0xcf7928dd  f1:0x7fc00000 f25=0x7fc00000
      66395.000 ns	      6638	80001970	5806a953	fsqrt.s	f18,f13	 f13:0x80000000 f18=0x80000000
      66415.000 ns	      6640	80001974	82090113	addi	x2,x18,-2016	 x18:0x00000000  x2=0xfffff820
      66425.000 ns	      6641	80001978	00188333	add	x6,x17,x1	 x17:0x00000000  x1:0x80041024  x6=0x80041024
      66445.000 ns	      6643	8000197c	d00429d3	fcvt.s.w	f19,x8	  x8:0xc0000010 f19=0xce800000
      66465.000 ns	      6645	80001980	411ed893	srai	x17,x29,0x11	 x29:0x00000001 x17=0x00000000
      66485.000 ns	      6647	80001984	d002fa53	fcvt.s.w	f20,x5	  x5:0x80040fe3 f20=0xcefff7e0
      66515.000 ns	      6650	80001988	e0088353	fmv.x.w	x6,f17	 f17:0xff800000  x6=0xff800000
      66545.000 ns	      6653	8000198c	a0b48c53	fle.s	x24,f9,f11	  f9:0x3f7fffae f11:0x55946eba x24=0x00000001
      66575.000 ns	      6656	80001990	03702c33	mulhsu	x24,x0,x23	  x0:0x00000000 x23:0x00000000 x24=0x00000000
      66595.000 ns	      6658	80001994	009ed533	srl	x10,x29,x9	 x29:0x00000001  x9:0x00000000 x10=0x00000001
      66615.000 ns	      6660	80001998	29880053	fmin.s	f0,f16,f24	 f16:0x4ef928dd f24:0xff800000  f0=0xff800000
      66635.000 ns	      6662	8000199c	529f6c93	ori	x25,x30,1321	 x30:0x00000200 x25=0x00000729
      66655.000 ns	      6664	800019a0	20269e53	fsgnjn.s	f28,f13,f2	 f13:0x80000000  f2:0x80000000 f28=0x00000000
      66685.000 ns	      6667	800019a4	e00c0e53	fmv.x.w	x28,f24	 f24:0xff800000 x28=0xff800000
      66715.000 ns	      6670	800019a8	28950d53	fmin.s	f26,f10,f9	 f10:0x7c946eba  f9:0x3f7fffae f26=0x3f7fffae
      66745.000 ns	      6673	800019ac	02ee2b33	mulhsu	x22,x28,x14	 x28:0xff800000 x14:0x00000000 x22=0x00000000
      66765.000 ns	      6675	800019b0	ef903f13	sltiu	x30,x0,-263	  x0:0x00000000 x30=0x00000001
      66775.000 ns	      6676	800019b4	41ac57b3	sra	x15,x24,x26	 x24:0x00000000 x26:0x00000000 x15=0x00000000
      66795.000 ns	      6678	800019b8	21fe8853	fsgnj.s	f16,f29,f31	 f29:0x00000000 f31:0x00000000 f16=0x00000000
      66815.000 ns	      6680	800019bc	b1d5b713	sltiu	x14,x11,-1251	 x11:0x00000000 x14=0x00000001
      66835.000 ns	      6682	800019c0	e00d9053	fclass.s	x0,f27	 f27:0x00000000
      66865.000 ns	      6685	800019c4	a0b1ab53	feq.s	x22,f3,f11	  f3:0x55946eba f11:0x55946eba x22=0x00000001
      67235.000 ns	      6722	800019c8	02614633	div	x12,x2,x6	  x2:0xfffff820  x6:0xff800000 x12=0x00000000
      67255.000 ns	      6724	800019cc	ce647913	andi	x18,x8,-794	  x8:0xc0000010 x18=0xc0000000
      67275.000 ns	      6726	800019d0	a1021753	flt.s	x14,f4,f16	  f4:0xff800000 f16:0x00000000 x14=0x00000001
      67305.000 ns	      6729	800019d4	02bdb333	mulhu	x6,x27,x11	 x27:0x0000000e x11:0x00000000  x6=0x00000000
      67325.000 ns	      6731	800019d8	008a8c33	add	x24,x21,x8	 x21:0x00000001  x8:0xc0000010 x24=0xc0000011
      67345.000 ns	      6733	800019dc	03298133	mul	x2,x19,x18	 x19:0x00000000 x18:0xc0000000  x2=0x00000000
      67375.000 ns	      6736	800019e0	e0068cd3	fmv.x.w	x25,f13	 f13:0x80000000 x25=0x80000000
      67405.000 ns	      6739	800019e4	a0fe9a53	flt.s	x20,f29,f15	 f29:0x00000000 f15:0x00000000 x20=0x00000000
      67425.000 ns	      6741	800019e8	01e2c933	xor	x18,x5,x30	  x5:0x80040fe3 x30:0x00000001 x18=0x80040fe2
      67435.000 ns	      6742	800019ec	0140a9b3	slt	x19,x1,x20	  x1:0x80041024 x20:0x00000000 x19=0x00000001
      67455.000 ns	      6744	800019f0	217c95d3	fsgnjn.s	f11,f25,f23	 f25:0x7fc00000 f23:0x4ef928de f11=0xffc00000
      67825.000 ns	      6781	800019f4	03c3cab3	div	x21,x7,x28	  x7:0xffffffff x28:0xff800000 x21=0x00000000
      67855.000 ns	      6784	800019f8	217a9853	fsgnjn.s	f16,f21,f23	 f21:0x80000000 f23:0x4ef928de f16=0x80000000
      67875.000 ns	      6786	800019fc	9e94fa13	andi	x20,x9,-1559	  x9:0x00000000 x20=0x00000000
      67885.000 ns	      6787	80001a00	008e69b3	or	x19,x28,x8	 x28:0xff800000  x8:0xc0000010 x19=0xff800010
      69055.000 ns	      6904	80001a04	58057b53	fsqrt.s	f22,f10	 f10:0x7c946eba f22=0x5e09d65d
      69075.000 ns	      6906	80001a08	00000013	addi	x0,x0,0	  x0:0x00000000
      69095.000 ns	      6908	80001a0c	a0598cd3	fle.s	x25,f19,f5	 f19:0xce800000  f5:0x4f7fffff x25=0x00000001
      69115.000 ns	      6910	80001a10	01a8bcb3	sltu	x25,x17,x26	 x17:0x00000000 x26:0x00000000 x25=0x00000000
      69125.000 ns	      6911	80001a14	ea974593	xori	x11,x14,-343	 x14:0x00000001 x11=0xfffffea8
      69135.000 ns	      6912	80001a18	a79595b7	lui	x11,0xa7959	 x11=0xa7959000
      69175.000 ns	      6916	80001a1c	08687f53	fsub.s	f30,f16,f6	 f16:0x80000000  f6:0x80041024 f30=0x00041024
      69195.000 ns	      6918	80001a20	4b8bfa93	andi	x21,x23,1208	 x23:0x00000000 x21=0x00000000
      69215.000 ns	      6920	80001a24	a01e95d3	flt.s	x11,f29,f1	 f29:0x00000000  f1:0x7fc00000 x11=0x00000000
      69265.000 ns	      6925	80001a28	00a90ed3	fadd.s	f29,f18,f10	 f18:0x80000000 f10:0x7c946eba f29=0x7c946eba
      69285.000 ns	      6927	80001a2c	09972e93	slti	x29,x14,153	 x14:0x00000001 x29=0x00000001
      69305.000 ns	      6929	80001a30	203591d3	fsgnjn.s	f3,f11,f3	 f11:0xffc00000  f3:0x55946eba  f3=0xffc00000
      69325.000 ns	      6931	80001a34	01c763b3	or	x7,x14,x28	 x14:0x00000001 x28:0xff800000  x7=0xff800001
      69345.000 ns	      6933	80001a38	f0058a53	fmv.w.x	f20,x11	 x11:0x00000000 f20=0x00000000
      69365.000 ns	      6935	80001a3c	00746133	or	x2,x8,x7	  x8:0xc0000010  x7:0xffffffff  x2=0xff800011
      69375.000 ns	      6936	80001a40	41ce5593	srai	x11,x28,0x1c	 x28:0xff800000 x11=0xffffffff
      69395.000 ns	      6938	80001a44	036ab8b3	mulhu	x17,x21,x22	 x21:0x00000000 x22:0x00000001 x17=0x00000000
      69435.000 ns	      6942	80001a48	114dfed3	fmul.s	f29,f27,f20	 f27:0x00000000 f20:0x00000000 f29=0x00000000
      69455.000 ns	      6944	80001a4c	00000013	addi	x0,x0,0	  x0:0x00000000
      69475.000 ns	      6946	80001a50	a1471cd3	flt.s	x25,f14,f20	 f14:0x7fc00000 f20:0x00000000 x25=0x00000000
      69505.000 ns	      6949	80001a54	e0078153	fmv.x.w	x2,f15	 f15:0x00000000  x2=0x00000000
      69525.000 ns	      6951	80001a58	01bc8e33	add	x28,x25,x27	 x25:0x00000000 x27:0x0000000e x28=0x0000000e
      69535.000 ns	      6952	80001a5c	cb314113	xori	x2,x2,-845	  x2:0x00000000  x2=0xfffffcb3
      69545.000 ns	      6953	80001a60	96003193	sltiu	x3,x0,-1696	  x0:0x00000000  x3=0x00000001
      69555.000 ns	      6954	80001a64	7f252a13	slti	x20,x10,2034	 x10:0x00000001 x20=0x00000001
      69575.000 ns	      6956	80001a68	213880d3	fsgnj.s	f1,f17,f19	 f17:0xff800000 f19:0xce800000  f1=0xff800000
      69595.000 ns	      6958	80001a6c	00911613	slli	x12,x2,0x9	  x2:0xfffffcb3 x12=0xfff96600
      69605.000 ns	      6959	80001a70	00fa2233	slt	x4,x20,x15	 x20:0x00000001 x15:0x00000000  x4=0x00000000
      69625.000 ns	      6961	80001a74	21b614d3	fsgnjn.s	f9,f12,f27	 f12:0x4eff0000 f27:0x00000000  f9=0xceff0000
      69645.000 ns	      6963	80001a78	79eec013	xori	x0,x29,1950	 x29:0x00000001
      69655.000 ns	      6964	80001a7c	011b85b3	add	x11,x23,x17	 x23:0x00000000 x17:0x00000000 x11=0x00000000
      69665.000 ns	      6965	80001a80	c44ccf13	xori	x30,x25,-956	 x25:0x00000000 x30=0xfffffc44
      70025.000 ns	      7001	80001a84	02c0ef33	rem	x30,x1,x12	  x1:0x80041024 x12:0xfff96600 x30=0xffff9e24
      70045.000 ns	      7003	80001a88	018048b3	xor	x17,x0,x24	  x0:0x00000000 x24:0xc0000011 x17=0xc0000011
      70055.000 ns	      7004	80001a8c	40cc5b93	srai	x23,x24,0xc	 x24:0xc0000011 x23=0xfffc0000
      70075.000 ns	      7006	80001a90	02740b33	mul	x22,x8,x7	  x8:0xc0000010  x7:0xff800001 x22=0xb8000010
      70095.000 ns	      7008	80001a94	b3162b13	slti	x22,x12,-1231	 x12:0xfff96600 x22=0x00000001
      70115.000 ns	      7010	80001a98	03d1a333	mulhsu	x6,x3,x29	  x3:0x00000001 x29:0x00000001  x6=0x00000000
      70145.000 ns	      7013	80001a9c	a16b1653	flt.s	x12,f22,f22	 f22:0x5e09d65d f22:0x5e09d65d x12=0x00000000
      70175.000 ns	      7016	80001aa0	03533f33	mulhu	x30,x6,x21	  x6:0x00000000 x21:0x00000000 x30=0x00000000
      70205.000 ns	      7019	80001aa4	29a09753	fmax.s	f14,f1,f26	  f1:0xff800000 f26:0x3f7fffae f14=0x3f7fffae
      70225.000 ns	      7021	80001aa8	0197fd33	and	x26,x15,x25	 x15:0x00000000 x25:0x00000000 x26=0x00000000
      70245.000 ns	      7023	80001aac	e0071ad3	fclass.s	x21,f14	 f14:0x3f7fffae x21=0x00000040
      70275.000 ns	      7026	80001ab0	2155ab53	fsgnjx.s	f22,f11,f21	 f11:0xffc00000 f21:0x80000000 f22=0x7fc00000
      70295.000 ns	      7028	80001ab4	03898f13	addi	x30,x19,56	 x19:0xff800010 x30=0xff800048
      70315.000 ns	      7030	80001ab8	28d80fd3	fmin.s	f31,f16,f13	 f16:0x80000000 f13:0x80000000 f31=0x80000000
      70345.000 ns	      7033	80001abc	033d29b3	mulhsu	x19,x26,x19	 x26:0x00000000 x19:0xff800010 x19=0x00000000
      70365.000 ns	      7035	80001ac0	1424df37	lui	x30,0x1424d	 x30=0x1424d000
      70375.000 ns	      7036	80001ac4	41985093	srai	x1,x16,0x19	 x16:0x80040fe4  x1=0xffffffc0
      70395.000 ns	      7038	80001ac8	f00f8dd3	fmv.w.x	f27,x31	 x31:0x80041024 f27=0x80041024
      70425.000 ns	      7041	80001acc	288a1353	fmax.s	f6,f20,f8	 f20:0x00000000  f8:0x7c946eba  f6=0x7c946eba
      70455.000 ns	      7044	80001ad0	e00b1c53	fclass.s	x24,f22	 f22:0x7fc00000 x24=0x00000200
      70495.000 ns	      7048	80001ad4	11d51553	fmul.s	f10,f10,f29	 f10:0x7c946eba f29:0x00000000 f10=0x00000000
      70525.000 ns	      7051	80001ad8	03a097b3	mulh	x15,x1,x26	  x1:0xffffffc0 x26:0x00000000 x15=0x00000000
      70545.000 ns	      7053	80001adc	6624da97	auipc	x21,0x6624d	 x21=0xe624eadc
      70555.000 ns	      7054	80001ae0	01ab5933	srl	x18,x22,x26	 x22:0x00000001 x26:0x00000000 x18=0x00000001
      70565.000 ns	      7055	80001ae4	e72d2113	slti	x2,x26,-398	 x26:0x00000000  x2=0x00000000
      70575.000 ns	      7056	80001ae8	410c8f33	sub	x30,x25,x16	 x25:0x00000000 x16:0x80040fe4 x30=0x7ffbf01c
      70595.000 ns	      7058	80001aec	02892733	mulhsu	x14,x18,x8	 x18:0x00000001  x8:0xc0000010 x14=0x00000000
      70625.000 ns	      7061	80001af0	2177a8d3	fsgnjx.s	f17,f15,f23	 f15:0x00000000 f23:0x4ef928de f17=0x00000000
      70655.000 ns	      7064	80001af4	d01f74d3	fcvt.s.wu	f9,x30	 x30:0x7ffbf01c  f9=0x4efff7e0
      70685.000 ns	      7067	80001af8	a0e18a53	fle.s	x20,f3,f14	  f3:0xffc00000 f14:0x3f7fffae x20=0x00000000
      70725.000 ns	      7071	80001afc	5806f4d3	fsqrt.s	f9,f13	 f13:0x80000000  f9=0x80000000
      70755.000 ns	      7074	80001b00	e00e13d3	fclass.s	x7,f28	 f28:0x00000000  x7=0x00000010
      70775.000 ns	      7076	80001b04	400fdcb3	sra	x25,x31,x0	 x31:0x80041024  x0:0x00000000 x25=0x80041024
      70785.000 ns	      7077	80001b08	010f5913	srli	x18,x30,0x10	 x30:0x7ffbf01c x18=0x00007ffb
      71145.000 ns	      7113	80001b0c	030dde33	divu	x28,x27,x16	 x27:0x0000000e x16:0x80040fe4 x28=0x00000000
      71165.000 ns	      7115	80001b10	01fa4f33	xor	x30,x20,x31	 x20:0x00000000 x31:0x80041024 x30=0x80041024
      71175.000 ns	      7116	80001b14	40a3d093	srai	x1,x7,0xa	  x7:0x00000010  x1=0x00000000
      71535.000 ns	      7152	80001b18	0270d5b3	divu	x11,x1,x7	  x1:0xffffffc0  x7:0x00000010 x11=0x00000000
      71555.000 ns	      7154	80001b1c	40fb0cb3	sub	x25,x22,x15	 x22:0x00000001 x15:0x00000000 x25=0x00000001
      71575.000 ns	      7156	80001b20	28ef1953	fmax.s	f18,f30,f14	 f30:0x00041024 f14:0x3f7fffae f18=0x3f7fffae
      71605.000 ns	      7159	80001b24	0383b333	mulhu	x6,x7,x24	  x7:0x00000010 x24:0x00000200  x6=0x00000000
      71625.000 ns	      7161	80001b28	7013a893	slti	x17,x7,1793	  x7:0x00000010 x17=0x00000001
      71645.000 ns	      7163	80001b2c	e0051553	fclass.s	x10,f10	 f10:0x00000000 x10=0x00000010
      71675.000 ns	      7166	80001b30	f00380d3	fmv.w.x	f1,x7	  x7:0x00000010  f1=0x00000010
      71715.000 ns	      7170	80001b34	104515d3	fmul.s	f11,f10,f4	 f10:0x00000000  f4:0xff800000 f11=0x7fc00000
      71745.000 ns	      7173	80001b38	e0029f53	fclass.s	x30,f5	  f5:0x4f7fffff x30=0x00000040
      71795.000 ns	      7178	80001b3c	00390ed3	fadd.s	f29,f18,f3	 f18:0x3f7fffae  f3:0xffc00000 f29=0x7fc00000
      71825.000 ns	      7181	80001b40	d0112a53	fcvt.s.wu	f20,x2	  x2:0x00000000 f20=0x00000000
      71845.000 ns	      7183	80001b44	01395213	srli	x4,x18,0x13	 x18:0x00007ffb  x4=0x00000000
      71865.000 ns	      7185	80001b48	21002d53	fsgnjx.s	f26,f0,f16	  f0:0xff800000 f16:0x80000000 f26=0x7f800000
      71885.000 ns	      7187	80001b4c	01f0cb33	xor	x22,x1,x31	  x1:0x00000000 x31:0x80041024 x22=0x80041024
      71905.000 ns	      7189	80001b50	20f681d3	fsgnj.s	f3,f13,f15	 f13:0x80000000 f15:0x00000000  f3=0x00000000
      71925.000 ns	      7191	80001b54	cc482e13	slti	x28,x16,-828	 x16:0x80040fe4 x28=0x00000001
      71945.000 ns	      7193	80001b58	20211453	fsgnjn.s	f8,f2,f2	  f2:0x80000000  f2:0x80000000  f8=0x00000000
      71965.000 ns	      7195	80001b5c	fd9e7e13	andi	x28,x28,-39	 x28:0x00000000 x28=0x00000001
      71975.000 ns	      7196	80001b60	008c55b3	srl	x11,x24,x8	 x24:0x00000200  x8:0xc0000010 x11=0x00000000
      71995.000 ns	      7198	80001b64	d015fa53	fcvt.s.wu	f20,x11	 x11:0x00000000 f20=0x00000000
      72025.000 ns	      7201	80001b68	a13d0453	fle.s	x8,f26,f19	 f26:0x7f800000 f19:0xce800000  x8=0x00000000
      72045.000 ns	      7203	80001b6c	60f37e93	andi	x29,x6,1551	  x6:0x00000000 x29=0x00000000
      72055.000 ns	      7204	80001b70	01379233	sll	x4,x15,x19	 x15:0x00000000 x19:0x00000000  x4=0x00000000
      72075.000 ns	      7206	80001b74	a0121053	flt.s	x0,f4,f1	  f4:0xff800000  f1:0x00000010
      72095.000 ns	      7208	80001b78	34ab8d13	addi	x26,x23,842	 x23:0xfffc0000 x26=0xfffc034a
      72105.000 ns	      7209	80001b7c	417ed513	srai	x10,x29,0x17	 x29:0x00000000 x10=0x00000000
      72125.000 ns	      7211	80001b80	e00c8cd3	fmv.x.w	x25,f25	 f25:0x7fc00000 x25=0x7fc00000
      72155.000 ns	      7214	80001b84	29009cd3	fmax.s	f25,f1,f16	  f1:0x00000010 f16:0x80000000 f25=0x00000010
      72185.000 ns	      7217	80001b88	29739d53	fmax.s	f26,f7,f23	  f7:0x00000000 f23:0x4ef928de f26=0x4ef928de
      72205.000 ns	      7219	80001b8c	a853fe13	andi	x28,x7,-1403	  x7:0x00000010 x28=0x00000000
      72225.000 ns	      7221	80001b90	e0081753	fclass.s	x14,f16	 f16:0x80000000 x14=0x00000008
      72245.000 ns	      7223	80001b94	00026bb3	or	x23,x4,x0	  x4:0x00000000  x0:0x00000000 x23=0x00000000
      72255.000 ns	      7224	80001b98	00eb5313	srli	x6,x22,0xe	 x22:0x80041024  x6=0x00020010
      72295.000 ns	      7228	80001b9c	0978f1d3	fsub.s	f3,f17,f23	 f17:0x00000000 f23:0x4ef928de  f3=0xcef928de
      72335.000 ns	      7232	80001ba0	188f9fd3	fdiv.s	f31,f31,f8	 f31:0x80000000  f8:0x00000000 f31=0x7fc00000
      72365.000 ns	      7235	80001ba4	030c25b3	mulhsu	x11,x24,x16	 x24:0x00000200 x16:0x80040fe4 x11=0x00000100
      72385.000 ns	      7237	80001ba8	6617e793	ori	x15,x15,1633	 x15:0x00000000 x15=0x00000661
      72395.000 ns	      7238	80001bac	00003ab3	sltu	x21,x0,x0	  x0:0x00000000  x0:0x00000000 x21=0x00000000
      72405.000 ns	      7239	80001bb0	40e487b3	sub	x15,x9,x14	  x9:0x00000000 x14:0x00000008 x15=0xfffffff8
      72415.000 ns	      7240	80001bb4	40a5d113	srai	x2,x11,0xa	 x11:0x00000100  x2=0x00000000
      72435.000 ns	      7242	80001bb8	f00c8fd3	fmv.w.x	f31,x25	 x25:0x7fc00000 f31=0x7fc00000
      72465.000 ns	      7245	80001bbc	29959fd3	fmax.s	f31,f11,f25	 f11:0x7fc00000 f25:0x00000010 f31=0x00000010
      72495.000 ns	      7248	80001bc0	021efa33	remu	x20,x29,x1	 x29:0x00000000  x1:0x00000000 x20=0x00000000
      72865.000 ns	      7285	80001bc4	03f5f133	remu	x2,x11,x31	 x11:0x00000100 x31:0x80041024  x2=0x00000100
      72905.000 ns	      7289	80001bc8	1149f9d3	fmul.s	f19,f19,f20	 f19:0xce800000 f20:0x00000000 f19=0x80000000
      72925.000 ns	      7291	80001bcc	01af6d33	or	x26,x30,x26	 x30:0x00000040 x26:0xfffc034a x26=0xfffc034a
      72945.000 ns	      7293	80001bd0	a084a6d3	feq.s	x13,f9,f8	  f9:0x80000000  f8:0x00000000 x13=0x00000001
      72965.000 ns	      7295	80001bd4	007bbf17	auipc	x30,0x7bb	 x30=0x807bcbd4
      72995.000 ns	      7298	80001bd8	10b77653	fmul.s	f12,f14,f11	 f14:0x3f7fffae f11:0x7fc00000 f12=0x7fc00000
      73365.000 ns	      7335	80001bdc	02607c33	remu	x24,x0,x6	  x0:0x00000000  x6:0x00020010 x24=0x00000000
      73385.000 ns	      7337	80001be0	60a37e93	andi	x29,x6,1546	  x6:0x00020010 x29=0x00000000
      73395.000 ns	      7338	80001be4	4050da33	sra	x20,x1,x5	  x1:0x00000000  x5:0x80040fe3 x20=0x00000000
      73405.000 ns	      7339	80001be8	012edd33	srl	x26,x29,x18	 x29:0x00000000 x18:0x00007ffb x26=0x00000000
      73425.000 ns	      7341	80001bec	021f2c33	mulhsu	x24,x30,x1	 x30:0x807bcbd4  x1:0x00000000 x24=0x00000000
      73445.000 ns	      7343	80001bf0	86a3d637	lui	x12,0x86a3d	 x12=0x86a3d000
      73455.000 ns	      7344	80001bf4	0194c7b3	xor	x15,x9,x25	  x9:0x00000000 x25:0x7fc00000 x15=0x7fc00000
      73475.000 ns	      7346	80001bf8	21901c53	fsgnjn.s	f24,f0,f25	  f0:0xff800000 f25:0x00000010 f24=0xff800000
      73495.000 ns	      7348	80001bfc	41560633	sub	x12,x12,x21	 x12:0x86a3d000 x21:0x00000000 x12=0x86a3d000
      73535.000 ns	      7352	80001c00	012306d3	fadd.s	f13,f6,f18	  f6:0x7c946eba f18:0x3f7fffae f13=0x7c946eba
      73565.000 ns	      7355	80001c04	e00509d3	fmv.x.w	x19,f10	 f10:0x00000000 x19=0x00000000
      73585.000 ns	      7357	80001c08	82b8a213	slti	x4,x17,-2005	 x17:0x00000001  x4=0x00000000
      73595.000 ns	      7358	80001c0c	fa215637	lui	x12,0xfa215	 x12=0xfa215000
      73605.000 ns	      7359	80001c10	41a782b3	sub	x5,x15,x26	 x15:0x7fc00000 x26:0x00000000  x5=0x7fc00000
      73615.000 ns	      7360	80001c14	45383b93	sltiu	x23,x16,1107	 x16:0x80040fe4 x23=0x00000000
      73635.000 ns	      7362	80001c18	03cebb33	mulhu	x22,x29,x28	 x29:0x00000000 x28:0x00000000 x22=0x00000000
      73665.000 ns	      7365	80001c1c	d01afad3	fcvt.s.wu	f21,x21	 x21:0x00000000 f21=0x00000000
      73685.000 ns	      7367	80001c20	a15db313	sltiu	x6,x27,-1515	 x27:0x0000000e  x6=0x00000001
      73705.000 ns	      7369	80001c24	217c8ed3	fsgnj.s	f29,f25,f23	 f25:0x00000010 f23:0x4ef928de f29=0x00000010
      73725.000 ns	      7371	80001c28	0046d693	srli	x13,x13,0x4	 x13:0x00000001 x13=0x00000000
      73745.000 ns	      7373	80001c2c	03f28133	mul	x2,x5,x31	  x5:0x7fc00000 x31:0x80041024  x2=0xf7000000
      73775.000 ns	      7376	80001c30	a18e0c53	fle.s	x24,f28,f24	 f28:0x00000000 f24:0xff800000 x24=0x00000000
      73795.000 ns	      7378	80001c34	01141e33	sll	x28,x8,x17	  x8:0x00000000 x17:0x00000001 x28=0x00000000
      73805.000 ns	      7379	80001c38	04a33293	sltiu	x5,x6,74	  x6:0x00000001  x5=0x00000001
      73815.000 ns	      7380	80001c3c	9dfe2017	auipc	x0,0x9dfe2	
      73825.000 ns	      7381	80001c40	00db0433	add	x8,x22,x13	 x22:0x00000000 x13:0x00000000  x8=0x00000000
      74185.000 ns	      7417	80001c44	02546333	rem	x6,x8,x5	  x8:0x00000000  x5:0x00000001  x6=0x00000000
      74235.000 ns	      7422	80001c48	0859c0d3	fsub.s	f1,f19,f5	 f19:0x80000000  f5:0x4f7fffff  f1=0xcf7fffff
      74255.000 ns	      7424	80001c4c	00e836b3	sltu	x13,x16,x14	 x16:0x80040fe4 x14:0x00000008 x13=0x00000000
      74275.000 ns	      7426	80001c50	c0108553	fcvt.wu.s	x10,f1	  f1:0xcf7fffff x10=0xffffff00
      74305.000 ns	      7429	80001c54	298b8653	fmin.s	f12,f23,f24	 f23:0x4ef928de f24:0xff800000 f12=0xff800000
      74325.000 ns	      7431	80001c58	40f55a93	srai	x21,x10,0xf	 x10:0xffffff00 x21=0xffffffff
      74335.000 ns	      7432	80001c5c	402288b3	sub	x17,x5,x2	  x5:0x00000001  x2:0xf7000000 x17=0x09000001
      74355.000 ns	      7434	80001c60	e00e8753	fmv.x.w	x14,f29	 f29:0x00000010 x14=0x00000010
      74385.000 ns	      7437	80001c64	d001f7d3	fcvt.s.w	f15,x3	  x3:0x00000001 f15=0x3f800000
      74415.000 ns	      7440	80001c68	a0e28bd3	fle.s	x23,f5,f14	  f5:0x4f7fffff f14:0x3f7fffae x23=0x00000000
      74435.000 ns	      7442	80001c6c	411950b3	sra	x1,x18,x17	 x18:0x00007ffb x17:0x09000001  x1=0x00003ffd
      74455.000 ns	      7444	80001c70	e00f94d3	fclass.s	x9,f31	 f31:0x00000010  x9=0x00000020
      74795.000 ns	      7478	80001c74	18dff6d3	fdiv.s	f13,f31,f13	 f31:0x00000010 f13:0x7c946eba f13=0x00000000
      74815.000 ns	      7480	80001c78	9775cb93	xori	x23,x11,-1673	 x11:0x00000100 x23=0xfffff877
      74835.000 ns	      7482	80001c7c	f0090c53	fmv.w.x	f24,x18	 x18:0x00007ffb f24=0x00007ffb
      74855.000 ns	      7484	80001c80	c60b4293	xori	x5,x22,-928	 x22:0x00000000  x5=0xfffffc60
      74885.000 ns	      7487	80001c84	19a889d3	fdiv.s	f19,f17,f26	 f17:0x00000000 f26:0x4ef928de f19=0x00000000
      74915.000 ns	      7490	80001c88	c01cf353	fcvt.wu.s	x6,f25	 f25:0x00000010  x6=0x00000000
      76095.000 ns	      7608	80001c8c	580374d3	fsqrt.s	f9,f6	  f6:0x7c946eba  f9=0x5e09d65d
      76115.000 ns	      7610	80001c90	41985493	srai	x9,x16,0x19	 x16:0x80040fe4  x9=0xffffffc0
      76135.000 ns	      7612	80001c94	e00f0ed3	fmv.x.w	x29,f30	 f30:0x00041024 x29=0x00041024
      76155.000 ns	      7614	80001c98	0157c233	xor	x4,x15,x21	 x15:0x7fc00000 x21:0xffffffff  x4=0x803fffff
      76185.000 ns	      7617	80001c9c	5801fd53	fsqrt.s	f26,f3	  f3:0xcef928de f26=0x7fc00000
      76205.000 ns	      7619	80001ca0	41b051b3	sra	x3,x0,x27	  x0:0x00000000 x27:0x0000000e  x3=0x00000000
      76215.000 ns	      7620	80001ca4	c8d50a37	lui	x20,0xc8d50	 x20=0xc8d50000
      76575.000 ns	      7656	80001ca8	03e64a33	div	x20,x12,x30	 x12:0xfa215000 x30:0x807bcbd4 x20=0x00000000
      76605.000 ns	      7659	80001cac	f0020ed3	fmv.w.x	f29,x4	  x4:0x803fffff f29=0x803fffff
      76625.000 ns	      7661	80001cb0	f4b92793	slti	x15,x18,-181	 x18:0x00007ffb x15=0x00000000
      76635.000 ns	      7662	80001cb4	3ff9ae93	slti	x29,x19,1023	 x19:0x00000000 x29=0x00000001
      76655.000 ns	      7664	80001cb8	f00b0ed3	fmv.w.x	f29,x22	 x22:0x00000000 f29=0x00000000
      76685.000 ns	      7667	80001cbc	d0161c53	fcvt.s.wu	f24,x12	 x12:0xfa215000 f24=0x4f7a2150
      76715.000 ns	      7670	80001cc0	e00a13d3	fclass.s	x7,f20	 f20:0x00000000  x7=0x00000010
      76735.000 ns	      7672	80001cc4	414b06b3	sub	x13,x22,x20	 x22:0x00000000 x20:0x00000000 x13=0x00000000
      76755.000 ns	      7674	80001cc8	03a45bb3	divu	x23,x8,x26	  x8:0x00000000 x26:0x00000000 x23=0xffffffff
      76775.000 ns	      7676	80001ccc	004b9793	slli	x15,x23,0x4	 x23:0xfffff877 x15=0xfffffff0
      76785.000 ns	      7677	80001cd0	10e66113	ori	x2,x12,270	 x12:0xfa215000  x2=0xfa21510e
      76805.000 ns	      7679	80001cd4	21f51553	fsgnjn.s	f10,f10,f31	 f10:0x00000000 f31:0x00000010 f10=0x80000000
      76835.000 ns	      7682	80001cd8	a1f411d3	flt.s	x3,f8,f31	  f8:0x00000000 f31:0x00000010  x3=0x00000001
      76865.000 ns	      7685	80001cdc	a1c003d3	fle.s	x7,f0,f28	  f0:0xff800000 f28:0x00000000  x7=0x00000001
      76885.000 ns	      7687	80001ce0	e2657493	andi	x9,x10,-474	 x10:0xffffff00  x9=0xfffffe00
      76905.000 ns	      7689	80001ce4	e00f13d3	fclass.s	x7,f30	 f30:0x00041024  x7=0x00000020
      76935.000 ns	      7692	80001ce8	03894a33	div	x20,x18,x24	 x18:0x00007ffb x24:0x00000000 x20=0xffffffff
      76965.000 ns	      7695	80001cec	29428bd3	fmin.s	f23,f5,f20	  f5:0x4f7fffff f20:0x00000000 f23=0x00000000
      77015.000 ns	      7700	80001cf0	01903f53	fadd.s	f30,f0,f25	  f0:0xff800000 f25:0x00000010 f30=0xff800000
      77035.000 ns	      7702	80001cf4	4b17ab93	slti	x23,x15,1201	 x15:0xfffffff0 x23=0x00000001
      77055.000 ns	      7704	80001cf8	f00783d3	fmv.w.x	f7,x15	 x15:0xfffffff0  f7=0xfffffff0
      77425.000 ns	      7741	80001cfc	03ef5eb3	divu	x29,x30,x30	 x30:0x807bcbd4 x30:0x807bcbd4 x29=0x00000001
      77455.000 ns	      7744	80001d00	a14b0ad3	fle.s	x21,f22,f20	 f22:0x7fc00000 f20:0x00000000 x21=0x00000000
      77485.000 ns	      7747	80001d04	2128a7d3	fsgnjx.s	f15,f17,f18	 f17:0x00000000 f18:0x3f7fffae f15=0x00000000
      77515.000 ns	      7750	80001d08	02382c33	mulhsu	x24,x16,x3	 x16:0x80040fe4  x3:0x00000001 x24=0xffffffff
      77535.000 ns	      7752	80001d0c	74f1e613	ori	x12,x3,1871	  x3:0x00000001 x12=0x0000074f
      77545.000 ns	      7753	80001d10	01d25e93	srli	x29,x4,0x1d	  x4:0x803fffff x29=0x00000004
      77575.000 ns	      7756	80001d14	11df7d53	fmul.s	f26,f30,f29	 f30:0xff800000 f29:0x00000000 f26=0x7fc00000
      77595.000 ns	      7758	80001d18	001b9333	sll	x6,x23,x1	 x23:0x00000001  x1:0x00003ffd  x6=0x20000000
      77615.000 ns	      7760	80001d1c	0390bbb3	mulhu	x23,x1,x25	  x1:0x00003ffd x25:0x7fc00000 x23=0x00001fee
      77645.000 ns	      7763	80001d20	d0037153	fcvt.s.w	f2,x6	  x6:0x00000000  f2=0x4e000000
      77665.000 ns	      7765	80001d24	01d04433	xor	x8,x0,x29	  x0:0x00000000 x29:0x00000004  x8=0x00000004
      77675.000 ns	      7766	80001d28	40c95e13	srai	x28,x18,0xc	 x18:0x00007ffb x28=0x00000007
      77685.000 ns	      7767	80001d2c	b645ea93	ori	x21,x11,-1180	 x11:0x00000100 x21=0xfffffb64
      77695.000 ns	      7768	80001d30	bd703093	sltiu	x1,x0,-1065	  x0:0x00000000  x1=0x00000001
      77705.000 ns	      7769	80001d34	0083bab3	sltu	x21,x7,x8	  x7:0x00000020  x8:0x00000004 x21=0x00000000
      77715.000 ns	      7770	80001d38	bf20c113	xori	x2,x1,-1038	  x1:0x00003ffd  x2=0xfffffbf3
      77725.000 ns	      7771	80001d3c	9a9eeeb7	lui	x29,0x9a9ee	 x29=0x9a9ee000
      77745.000 ns	      7773	80001d40	d01ef0d3	fcvt.s.wu	f1,x29	 x29:0x00000004  f1=0x4f1a9ee0
      77765.000 ns	      7775	80001d44	008473b3	and	x7,x8,x8	  x8:0x00000004  x8:0x00000004  x7=0x00000004
      77775.000 ns	      7776	80001d48	01cc7633	and	x12,x24,x28	 x24:0xffffffff x28:0x00000007 x12=0x00000007
      77805.000 ns	      7779	80001d4c	5808a553	fsqrt.s	f10,f17	 f17:0x00000000 f10=0x00000000
      78175.000 ns	      7816	80001d50	02b67f33	remu	x30,x12,x11	 x12:0x0000074f x11:0x00000100 x30=0x00000007
      78195.000 ns	      7818	80001d54	0111ec33	or	x24,x3,x17	  x3:0x00000001 x17:0x09000001 x24=0x09000001
      78205.000 ns	      7819	80001d58	00e4af33	slt	x30,x9,x14	  x9:0xfffffe00 x14:0x00000010 x30=0x00000001
      78225.000 ns	      7821	80001d5c	a0688953	fle.s	x18,f17,f6	 f17:0x00000000  f6:0x7c946eba x18=0x00000001
      78245.000 ns	      7823	80001d60	4065d8b3	sra	x17,x11,x6	 x11:0x00000100  x6:0x20000000 x17=0x00000100
      78265.000 ns	      7825	80001d64	d0167553	fcvt.s.wu	f10,x12	 x12:0x00000007 f10=0x40e00000
      78295.000 ns	      7828	80001d68	037daab3	mulhsu	x21,x27,x23	 x27:0x0000000e x23:0x00001fee x21=0x00000000
      78325.000 ns	      7831	80001d6c	03513733	mulhu	x14,x2,x21	  x2:0xfffffbf3 x21:0x00000000 x14=0x00000000
      78345.000 ns	      7833	80001d70	00c42333	slt	x6,x8,x12	  x8:0x00000004 x12:0x00000007  x6=0x00000001
      78365.000 ns	      7835	80001d74	28369953	fmax.s	f18,f13,f3	 f13:0x00000000  f3:0xcef928de f18=0x00000000
      78385.000 ns	      7837	80001d78	6b922293	slti	x5,x4,1721	  x4:0x803fffff  x5=0x00000001
      78405.000 ns	      7839	80001d7c	a1d01d53	flt.s	x26,f0,f29	  f0:0xff800000 f29:0x00000000 x26=0x00000001
      78445.000 ns	      7843	80001d80	183f72d3	fdiv.s	f5,f30,f3	 f30:0xff800000  f3:0xcef928de  f5=0x7f800000
      78465.000 ns	      7845	80001d84	0174a433	slt	x8,x9,x23	  x9:0xfffffe00 x23:0x00001fee  x8=0x00000001
      78485.000 ns	      7847	80001d88	024db333	mulhu	x6,x27,x4	 x27:0x0000000e  x4:0x803fffff  x6=0x00000007
      78535.000 ns	      7852	80001d8c	09178ad3	fsub.s	f21,f15,f17	 f15:0x00000000 f17:0x00000000 f21=0x80000000
      78565.000 ns	      7855	80001d90	d00c4d53	fcvt.s.w	f26,x24	 x24:0x09000001 f26=0x4d100000
      78585.000 ns	      7857	80001d94	146c2c93	slti	x25,x24,326	 x24:0x09000001 x25=0x00000000
      78605.000 ns	      7859	80001d98	288b16d3	fmax.s	f13,f22,f8	 f22:0x7fc00000  f8:0x00000000 f13=0x00000000
      78625.000 ns	      7861	80001d9c	01a22733	slt	x14,x4,x26	  x4:0x803fffff x26:0x00000001 x14=0x00000001
      78635.000 ns	      7862	80001da0	3f0d4793	xori	x15,x26,1008	 x26:0x00000001 x15=0x000003f1
      78655.000 ns	      7864	80001da4	a1340bd3	fle.s	x23,f8,f19	  f8:0x00000000 f19:0x00000000 x23=0x00000001
      79835.000 ns	      7982	80001da8	5800f853	fsqrt.s	f16,f1	  f1:0x4f1a9ee0 f16=0x46daaa06
      79865.000 ns	      7985	80001dac	0390a433	mulhsu	x8,x1,x25	  x1:0x00000001 x25:0x00000000  x8=0x00000000
      79895.000 ns	      7988	80001db0	c0033053	fcvt.w.s	x0,f6	  f6:0x7c946eba
      79925.000 ns	      7991	80001db4	e00b8ed3	fmv.x.w	x29,f23	 f23:0x00000000 x29=0x00000000
      79945.000 ns	      7993	80001db8	01ca2733	slt	x14,x20,x28	 x20:0xffffffff x28:0x00000007 x14=0x00000001
      79955.000 ns	      7994	80001dbc	00119513	slli	x10,x3,0x1	  x3:0x00000001 x10=0x00000002
      79975.000 ns	      7996	80001dc0	299683d3	fmin.s	f7,f13,f25	 f13:0x00000000 f25:0x00000010  f7=0x00000000
      79995.000 ns	      7998	80001dc4	00cbd213	srli	x4,x23,0xc	 x23:0x00000001  x4=0x00000000
      80015.000 ns	      8000	80001dc8	21d3aad3	fsgnjx.s	f21,f7,f29	  f7:0x00000000 f29:0x00000000 f21=0x00000000
      80385.000 ns	      8037	80001dcc	02cef8b3	remu	x17,x29,x12	 x29:0x00000000 x12:0x00000007 x17=0x00000000
      80405.000 ns	      8039	80001dd0	00000013	addi	x0,x0,0	  x0:0x00000000
      80445.000 ns	      8043	80001dd4	006704d3	fadd.s	f9,f14,f6	 f14:0x3f7fffae  f6:0x7c946eba  f9=0x7c946eba
      80465.000 ns	      8045	80001dd8	013fbeb3	sltu	x29,x31,x19	 x31:0x80041024 x19:0x00000000 x29=0x00000000
      80485.000 ns	      8047	80001ddc	a1209253	flt.s	x4,f1,f18	  f1:0x4f1a9ee0 f18:0x00000000  x4=0x00000000
      80505.000 ns	      8049	80001de0	010a9613	slli	x12,x21,0x10	 x21:0x00000000 x12=0x00000000
      80525.000 ns	      8051	80001de4	034d1533	mulh	x10,x26,x20	 x26:0x00000001 x20:0xffffffff x10=0xffffffff
      80545.000 ns	      8053	80001de8	00589093	slli	x1,x17,0x5	 x17:0x00000000  x1=0x00000000
      80555.000 ns	      8054	80001dec	01f6d033	srl	x0,x13,x31	 x13:0x00000000 x31:0x80041024
      80565.000 ns	      8055	80001df0	4070d133	sra	x2,x1,x7	  x1:0x00000001  x7:0x00000004  x2=0x00000000
      80595.000 ns	      8058	80001df4	185c7153	fdiv.s	f2,f24,f5	 f24:0x4f7a2150  f5:0x7f800000  f2=0x00000000
      80625.000 ns	      8061	80001df8	d01afbd3	fcvt.s.wu	f23,x21	 x21:0x00000000 f23=0x00000000
      80645.000 ns	      8063	80001dfc	01f8f5b3	and	x11,x17,x31	 x17:0x00000000 x31:0x80041024 x11=0x00000000
      80685.000 ns	      8067	80001e00	0817f653	fsub.s	f12,f15,f1	 f15:0x00000000  f1:0x4f1a9ee0 f12=0xcf1a9ee0
      80715.000 ns	      8070	80001e04	c0174f53	fcvt.wu.s	x30,f14	 f14:0x3f7fffae x30=0x00000001
      80745.000 ns	      8073	80001e08	21f304d3	fsgnj.s	f9,f6,f31	  f6:0x7c946eba f31:0x00000010  f9=0x7c946eba
      80785.000 ns	      8077	80001e0c	1195f9d3	fmul.s	f19,f11,f25	 f11:0x7fc00000 f25:0x00000010 f19=0x7fc00000
      80815.000 ns	      8080	80001e10	0382a733	mulhsu	x14,x5,x24	  x5:0x00000001 x24:0x09000001 x14=0x00000000
      80835.000 ns	      8082	80001e14	6706a093	slti	x1,x13,1648	 x13:0x00000000  x1=0x00000001
      80845.000 ns	      8083	80001e18	41180e33	sub	x28,x16,x17	 x16:0x80040fe4 x17:0x00000000 x28=0x80040fe4
      80855.000 ns	      8084	80001e1c	01ef4bb3	xor	x23,x30,x30	 x30:0x00000001 x30:0x00000001 x23=0x00000000
      80875.000 ns	      8086	80001e20	a18eaad3	feq.s	x21,f29,f24	 f29:0x00000000 f24:0x4f7a2150 x21=0x00000000
      80895.000 ns	      8088	80001e24	01e21893	slli	x17,x4,0x1e	  x4:0x00000000 x17=0x00000000
      80905.000 ns	      8089	80001e28	01d08e33	add	x28,x1,x29	  x1:0x00000001 x29:0x00000000 x28=0x00000001
      80915.000 ns	      8090	80001e2c	01c693b3	sll	x7,x13,x28	 x13:0x00000000 x28:0x80040fe4  x7=0x00000000
      80945.000 ns	      8093	80001e30	108df3d3	fmul.s	f7,f27,f8	 f27:0x80041024  f8:0x00000000  f7=0x80000000
      80965.000 ns	      8095	80001e34	c3af3a93	sltiu	x21,x30,-966	 x30:0x00000001 x21=0x00000001
      80985.000 ns	      8097	80001e38	028b0bb3	mul	x23,x22,x8	 x22:0x00000000  x8:0x00000000 x23=0x00000000
      81005.000 ns	      8099	80001e3c	0051df33	srl	x30,x3,x5	  x3:0x00000001  x5:0x00000001 x30=0x00000000
      81025.000 ns	      8101	80001e40	03328933	mul	x18,x5,x19	  x5:0x00000001 x19:0x00000000 x18=0x00000000
      81045.000 ns	      8103	80001e44	012ede13	srli	x28,x29,0x12	 x29:0x00000000 x28=0x00000000
      81065.000 ns	      8105	80001e48	022199b3	mulh	x19,x3,x2	  x3:0x00000001  x2:0x00000000 x19=0x00000000
      81095.000 ns	      8108	80001e4c	28631f53	fmax.s	f30,f6,f6	  f6:0x7c946eba  f6:0x7c946eba f30=0x7c946eba
      81125.000 ns	      8111	80001e50	0375c933	div	x18,x11,x23	 x11:0x00000000 x23:0x00000000 x18=0xffffffff
      81155.000 ns	      8114	80001e54	a01e2f53	feq.s	x30,f28,f1	 f28:0x00000000  f1:0x4f1a9ee0 x30=0x00000000
      81205.000 ns	      8119	80001e58	08cef3d3	fsub.s	f7,f29,f12	 f29:0x00000000 f12:0xcf1a9ee0  f7=0x4f1a9ee0
      81225.000 ns	      8121	80001e5c	00804933	xor	x18,x0,x8	  x0:0x00000000  x8:0x00000000 x18=0x00000000
      81235.000 ns	      8122	80001e60	00303033	sltu	x0,x0,x3	  x0:0x00000000  x3:0x00000001
      81245.000 ns	      8123	80001e64	4daffa37	lui	x20,0x4daff	 x20=0x4daff000
      81255.000 ns	      8124	80001e68	c0322313	slti	x6,x4,-1021	  x4:0x00000000  x6=0x00000000
      81265.000 ns	      8125	80001e6c	977d26b7	lui	x13,0x977d2	 x13=0x977d2000
      81285.000 ns	      8127	80001e70	a0c29a53	flt.s	x20,f5,f12	  f5:0x7f800000 f12:0xcf1a9ee0 x20=0x00000000
      81305.000 ns	      8129	80001e74	903c0b13	addi	x22,x24,-1789	 x24:0x09000001 x22=0x08fff904
      81325.000 ns	      8131	80001e78	a18a94d3	flt.s	x9,f21,f24	 f21:0x00000000 f24:0x4f7a2150  x9=0x00000001
      81345.000 ns	      8133	80001e7c	405f8533	sub	x10,x31,x5	 x31:0x80041024  x5:0x00000001 x10=0x80041023
      81365.000 ns	      8135	80001e80	a1ec01d3	fle.s	x3,f24,f30	 f24:0x4f7a2150 f30:0x7c946eba  x3=0x00000001
      81395.000 ns	      8138	80001e84	d01799d3	fcvt.s.wu	f19,x15	 x15:0x000003f1 f19=0x447c4000
      81425.000 ns	      8141	80001e88	206411d3	fsgnjn.s	f3,f8,f6	  f8:0x00000000  f6:0x7c946eba  f3=0x80000000
      81455.000 ns	      8144	80001e8c	21d620d3	fsgnjx.s	f1,f12,f29	 f12:0xcf1a9ee0 f29:0x00000000  f1=0xcf1a9ee0
      81485.000 ns	      8147	80001e90	03457cb3	remu	x25,x10,x20	 x10:0x80041023 x20:0x00000000 x25=0x80041023
      81535.000 ns	      8152	80001e94	01d24cd3	fadd.s	f25,f4,f29	  f4:0xff800000 f29:0x00000000 f25=0xff800000
      81565.000 ns	      8155	80001e98	027982b3	mul	x5,x19,x7	 x19:0x00000000  x7:0x00000000  x5=0x00000000
      81595.000 ns	      8158	80001e9c	21149ed3	fsgnjn.s	f29,f9,f17	  f9:0x7c946eba f17:0x00000000 f29=0xfc946eba
      81615.000 ns	      8160	80001ea0	018a0333	add	x6,x20,x24	 x20:0x00000000 x24:0x09000001  x6=0x09000001
      81625.000 ns	      8161	80001ea4	00530e33	add	x28,x6,x5	  x6:0x00000000  x5:0x00000000 x28=0x09000001
      81645.000 ns	      8163	80001ea8	a17319d3	flt.s	x19,f6,f23	  f6:0x7c946eba f23:0x00000000 x19=0x00000000
      81675.000 ns	      8166	80001eac	d00f73d3	fcvt.s.w	f7,x30	 x30:0x00000000  f7=0x00000000
      81705.000 ns	      8169	80001eb0	e0098153	fmv.x.w	x2,f19	 f19:0x447c4000  x2=0x447c4000
      81735.000 ns	      8172	80001eb4	21018cd3	fsgnj.s	f25,f3,f16	  f3:0x80000000 f16:0x46daaa06 f25=0x00000000
      81755.000 ns	      8174	80001eb8	00ff27b3	slt	x15,x30,x15	 x30:0x00000000 x15:0x000003f1 x15=0x00000001
      81765.000 ns	      8175	80001ebc	35c17697	auipc	x13,0x35c17	 x13=0xb5c18ebc
      81775.000 ns	      8176	80001ec0	00981633	sll	x12,x16,x9	 x16:0x80040fe4  x9:0x00000001 x12=0x00081fc8
      81785.000 ns	      8177	80001ec4	00d29613	slli	x12,x5,0xd	  x5:0x00000000 x12=0x00000000
      81795.000 ns	      8178	80001ec8	b4599c37	lui	x24,0xb4599	 x24=0xb4599000
      81815.000 ns	      8180	80001ecc	02d99233	mulh	x4,x19,x13	 x19:0x00000000 x13:0xb5c18ebc  x4=0x00000000
      81835.000 ns	      8182	80001ed0	0198e4b3	or	x9,x17,x25	 x17:0x00000000 x25:0x80041023  x9=0x80041023
      81845.000 ns	      8183	80001ed4	d2c8af13	slti	x30,x17,-724	 x17:0x00000000 x30=0x00000000
      81865.000 ns	      8185	80001ed8	e00311d3	fclass.s	x3,f6	  f6:0x7c946eba  x3=0x00000040
      81885.000 ns	      8187	80001edc	c1677693	andi	x13,x14,-1002	 x14:0x00000000 x13=0x00000000
      81905.000 ns	      8189	80001ee0	a0370653	fle.s	x12,f14,f3	 f14:0x3f7fffae  f3:0x80000000 x12=0x00000000
      81935.000 ns	      8192	80001ee4	212b12d3	fsgnjn.s	f5,f22,f18	 f22:0x7fc00000 f18:0x00000000  f5=0xffc00000
      81955.000 ns	      8194	80001ee8	01616c33	or	x24,x2,x22	  x2:0x447c4000 x22:0x08fff904 x24=0x4cfff904
      81995.000 ns	      8198	80001eec	08a39d53	fsub.s	f26,f7,f10	  f7:0x00000000 f10:0x40e00000 f26=0xc0e00000
      82365.000 ns	      8235	80001ef0	0306d9b3	divu	x19,x13,x16	 x13:0x00000000 x16:0x80040fe4 x19=0x00000000
      82405.000 ns	      8239	80001ef4	11bd7253	fmul.s	f4,f26,f27	 f26:0xc0e00000 f27:0x80041024  f4=0x001c70fc
      82425.000 ns	      8241	80001ef8	01d6e2b3	or	x5,x13,x29	 x13:0x00000000 x29:0x00000000  x5=0x00000000
      82435.000 ns	      8242	80001efc	00b81313	slli	x6,x16,0xb	 x16:0x80040fe4  x6=0x207f2000
      82445.000 ns	      8243	80001f00	01447913	andi	x18,x8,20	  x8:0x00000000 x18=0x00000000
      82475.000 ns	      8246	80001f04	105385d3	fmul.s	f11,f7,f5	  f7:0x00000000  f5:0xffc00000 f11=0x7fc00000
      82495.000 ns	      8248	80001f08	41d8d013	srai	x0,x17,0x1d	 x17:0x00000000
      82515.000 ns	      8250	80001f0c	d00bffd3	fcvt.s.w	f31,x23	 x23:0x00000000 f31=0x00000000
      82535.000 ns	      8252	80001f10	28703913	sltiu	x18,x0,647	  x0:0x00000000 x18=0x00000001
      82545.000 ns	      8253	80001f14	018e8233	add	x4,x29,x24	 x29:0x00000000 x24:0x4cfff904  x4=0x4cfff904
      82555.000 ns	      8254	80001f18	0198d193	srli	x3,x17,0x19	 x17:0x00000000  x3=0x00000000
      82565.000 ns	      8255	80001f1c	f6ef0493	addi	x9,x30,-146	 x30:0x00000000  x9=0xffffff6e
      82575.000 ns	      8256	80001f20	00000013	addi	x0,x0,0	  x0:0x00000000
      82605.000 ns	      8259	80001f24	580dfdd3	fsqrt.s	f27,f27	 f27:0x80041024 f27=0x7fc00000
      82625.000 ns	      8261	80001f28	008f4ab3	xor	x21,x30,x8	 x30:0x00000000  x8:0x00000000 x21=0x00000000
      82645.000 ns	      8263	80001f2c	29f60453	fmin.s	f8,f12,f31	 f12:0xcf1a9ee0 f31:0x00000000  f8=0xcf1a9ee0
      82665.000 ns	      8265	80001f30	41aa5c93	srai	x25,x20,0x1a	 x20:0x00000000 x25=0x00000000
      82675.000 ns	      8266	80001f34	40c5c413	xori	x8,x11,1036	 x11:0x00000000  x8=0x0000040c
      83745.000 ns	      8373	80001f38	580c04d3	fsqrt.s	f9,f24	 f24:0x4f7a2150  f9=0x4730de23
      83775.000 ns	      8376	80001f3c	297b0b53	fmin.s	f22,f22,f23	 f22:0x7fc00000 f23:0x00000000 f22=0x00000000
      83795.000 ns	      8378	80001f40	00461893	slli	x17,x12,0x4	 x12:0x00000000 x17=0x00000000
      83835.000 ns	      8382	80001f44	083d70d3	fsub.s	f1,f26,f3	 f26:0xc0e00000  f3:0x80000000  f1=0xc0e00000
      83865.000 ns	      8385	80001f48	c00193d3	fcvt.w.s	x7,f3	  f3:0x80000000  x7=0x00000000
      83885.000 ns	      8387	80001f4c	d5762a93	slti	x21,x12,-681	 x12:0x00000000 x21=0x00000000
      83895.000 ns	      8388	80001f50	016c1293	slli	x5,x24,0x16	 x24:0x4cfff904  x5=0x41000000
      83905.000 ns	      8389	80001f54	000b0c33	add	x24,x22,x0	 x22:0x08fff904  x0:0x00000000 x24=0x08fff904
      84265.000 ns	      8425	80001f58	0250fcb3	remu	x25,x1,x5	  x1:0x00000001  x5:0x00000000 x25=0x00000001
      84295.000 ns	      8428	80001f5c	f0008453	fmv.w.x	f8,x1	  x1:0x00000001  f8=0x00000001
      84335.000 ns	      8432	80001f60	58001b53	fsqrt.s	f22,f0	  f0:0xff800000 f22=0x7fc00000
      84355.000 ns	      8434	80001f64	01b2ad33	slt	x26,x5,x27	  x5:0x41000000 x27:0x0000000e x26=0x00000000
      84375.000 ns	      8436	80001f68	21068053	fsgnj.s	f0,f13,f16	 f13:0x00000000 f16:0x46daaa06  f0=0x00000000
      84395.000 ns	      8438	80001f6c	ddc96413	ori	x8,x18,-548	 x18:0x00000001  x8=0xfffffddd
      84405.000 ns	      8439	80001f70	00be9113	slli	x2,x29,0xb	 x29:0x00000000  x2=0x00000000
      84435.000 ns	      8442	80001f74	10047d53	fmul.s	f26,f8,f0	  f8:0x00000001  f0:0x00000000 f26=0x00000000
      84465.000 ns	      8445	80001f78	f00b81d3	fmv.w.x	f3,x23	 x23:0x00000000  f3=0x00000000
      84485.000 ns	      8447	80001f7c	417d5313	srai	x6,x26,0x17	 x26:0x00000000  x6=0x00000000
      84495.000 ns	      8448	80001f80	418cdc33	sra	x24,x25,x24	 x25:0x00000001 x24:0x08fff904 x24=0x00000000
      84515.000 ns	      8450	80001f84	c00d77d3	fcvt.w.s	x15,f26	 f26:0x00000000 x15=0x00000000
      84545.000 ns	      8453	80001f88	035d57b3	divu	x15,x26,x21	 x26:0x00000000 x21:0x00000000 x15=0xffffffff
      84575.000 ns	      8456	80001f8c	038b3f33	mulhu	x30,x22,x24	 x22:0x08fff904 x24:0x00000000 x30=0x00000000
      84595.000 ns	      8458	80001f90	007f38b3	sltu	x17,x30,x7	 x30:0x00000000  x7:0x00000000 x17=0x00000000
      84635.000 ns	      8462	80001f94	00281d53	fadd.s	f26,f16,f2	 f16:0x46daaa06  f2:0x00000000 f26=0x46daaa06
      84655.000 ns	      8464	80001f98	6bf4b597	auipc	x11,0x6bf4b	 x11=0xebf4cf98
      84665.000 ns	      8465	80001f9c	f4e80613	addi	x12,x16,-178	 x16:0x80040fe4 x12=0x80040f32
      84685.000 ns	      8467	80001fa0	28200b53	fmin.s	f22,f0,f2	  f0:0x00000000  f2:0x00000000 f22=0x00000000
      84705.000 ns	      8469	80001fa4	007e64b3	or	x9,x28,x7	 x28:0x09000001  x7:0x00000000  x9=0x09000001
      84725.000 ns	      8471	80001fa8	c0129253	fcvt.wu.s	x4,f5	  f5:0xffc00000  x4=0xffffffff
      84745.000 ns	      8473	80001fac	3c498013	addi	x0,x19,964	 x19:0x00000000
      85075.000 ns	      8506	80001fb0	184efed3	fdiv.s	f29,f29,f4	 f29:0xfc946eba  f4:0x001c70fc f29=0xff800000
      85105.000 ns	      8509	80001fb4	e00494d3	fclass.s	x9,f9	  f9:0x4730de23  x9=0x00000040
      85135.000 ns	      8512	80001fb8	284a9cd3	fmax.s	f25,f21,f4	 f21:0x00000000  f4:0x001c70fc f25=0x001c70fc
      85155.000 ns	      8514	80001fbc	ec71f293	andi	x5,x3,-313	  x3:0x00000000  x5=0x00000000
      85175.000 ns	      8516	80001fc0	0331dbb3	divu	x23,x3,x19	  x3:0x00000000 x19:0x00000000 x23=0xffffffff
      85545.000 ns	      8553	80001fc4	02b7ec33	rem	x24,x15,x11	 x15:0xffffffff x11:0xebf4cf98 x24=0xffffffff
      85565.000 ns	      8555	80001fc8	401e06b3	sub	x13,x28,x1	 x28:0x09000001  x1:0x00000001 x13=0x09000000
      85595.000 ns	      8558	80001fcc	580e8153	fsqrt.s	f2,f29	 f29:0xff800000  f2=0x7fc00000
      85615.000 ns	      8560	80001fd0	403d5593	srai	x11,x26,0x3	 x26:0x00000000 x11=0x00000000
      85625.000 ns	      8561	80001fd4	00ae74b3	and	x9,x28,x10	 x28:0x09000001 x10:0x80041023  x9=0x00000001
      85635.000 ns	      8562	80001fd8	01b31333	sll	x6,x6,x27	  x6:0x00000000 x27:0x0000000e  x6=0x00000000
      85645.000 ns	      8563	80001fdc	40c4d9b3	sra	x19,x9,x12	  x9:0x00000040 x12:0x80040f32 x19=0x00000000
      85655.000 ns	      8564	80001fe0	13317c13	andi	x24,x2,307	  x2:0x00000000 x24=0x00000000
      85685.000 ns	      8567	80001fe4	1851b353	fdiv.s	f6,f3,f5	  f3:0x00000000  f5:0xffc00000  f6=0x7fc00000
      85715.000 ns	      8570	80001fe8	a0d304d3	fle.s	x9,f6,f13	  f6:0x7c946eba f13:0x00000000  x9=0x00000000
      85745.000 ns	      8573	80001fec	020e4033	div	x0,x28,x0	 x28:0x09000001  x0:0x00000000
      85775.000 ns	      8576	80001ff0	c016f1d3	fcvt.wu.s	x3,f13	 f13:0x00000000  x3=0x00000000
      85795.000 ns	      8578	80001ff4	01cbda93	srli	x21,x23,0x1c	 x23:0xffffffff x21=0x0000000f
      86155.000 ns	      8614	80001ff8	02c4c033	div	x0,x9,x12	  x9:0x00000000 x12:0x80040f32
      86175.000 ns	      8616	80001ffc	41db8433	sub	x8,x23,x29	 x23:0xffffffff x29:0x00000000  x8=0xffffffff
      86185.000 ns	      8617	80002000	01d6f433	and	x8,x13,x29	 x13:0x09000000 x29:0x00000000  x8=0x00000000
      86195.000 ns	      8618	80002004	00000013	addi	x0,x0,0	  x0:0x00000000
      86205.000 ns	      8619	80002008	005d32b3	sltu	x5,x26,x5	 x26:0x00000000  x5:0x00000000  x5=0x00000000
      86225.000 ns	      8621	8000200c	293416d3	fmax.s	f13,f8,f19	  f8:0x00000001 f19:0x447c4000 f13=0x447c4000
      86245.000 ns	      8623	80002010	0148f333	and	x6,x17,x20	 x17:0x00000000 x20:0x00000000  x6=0x00000000
      86265.000 ns	      8625	80002014	28f80f53	fmin.s	f30,f16,f15	 f16:0x46daaa06 f15:0x00000000 f30=0x00000000
      86635.000 ns	      8662	80002018	0215c3b3	div	x7,x11,x1	 x11:0x00000000  x1:0x00000001  x7=0x00000000
      86665.000 ns	      8665	8000201c	d00ff253	fcvt.s.w	f4,x31	 x31:0x80041024  f4=0xcefff7df
      86695.000 ns	      8668	80002020	02866933	rem	x18,x12,x8	 x12:0x80040f32  x8:0x00000000 x18=0x80040f32
      86725.000 ns	      8671	80002024	a18096d3	flt.s	x13,f1,f24	  f1:0xc0e00000 f24:0x4f7a2150 x13=0x00000001
      86745.000 ns	      8673	80002028	4113d433	sra	x8,x7,x17	  x7:0x00000000 x17:0x00000000  x8=0x00000000
      86765.000 ns	      8675	8000202c	d01bfbd3	fcvt.s.wu	f23,x23	 x23:0xffffffff f23=0x4f7fffff
      86795.000 ns	      8678	80002030	e00d8253	fmv.x.w	x4,f27	 f27:0x7fc00000  x4=0x7fc00000
      86825.000 ns	      8681	80002034	a052a9d3	feq.s	x19,f5,f5	  f5:0xffc00000  f5:0xffc00000 x19=0x00000000
      86855.000 ns	      8684	80002038	020996b3	mulh	x13,x19,x0	 x19:0x00000000  x0:0x00000000 x13=0x00000000
      86885.000 ns	      8687	8000203c	034d9233	mulh	x4,x27,x20	 x27:0x0000000e x20:0x00000000  x4=0x00000000
      86905.000 ns	      8689	80002040	0106aa33	slt	x20,x13,x16	 x13:0x00000000 x16:0x80040fe4 x20=0x00000000
      86925.000 ns	      8691	80002044	03498d33	mul	x26,x19,x20	 x19:0x00000000 x20:0x00000000 x26=0x00000000
      86955.000 ns	      8694	80002048	e00a1253	fclass.s	x4,f20	 f20:0x00000000  x4=0x00000010
      86975.000 ns	      8696	8000204c	5e4bb013	sltiu	x0,x23,1508	 x23:0xffffffff
      86985.000 ns	      8697	80002050	00000013	addi	x0,x0,0	  x0:0x00000000
      87005.000 ns	      8699	80002054	d00674d3	fcvt.s.w	f9,x12	 x12:0x80040f32  f9=0xcefff7e1
      87025.000 ns	      8701	80002058	405d8433	sub	x8,x27,x5	 x27:0x0000000e  x5:0x00000000  x8=0x0000000e
      87045.000 ns	      8703	8000205c	f0048dd3	fmv.w.x	f27,x9	  x9:0x00000000 f27=0x00000000
      87075.000 ns	      8706	80002060	a0791a53	flt.s	x20,f18,f7	 f18:0x00000000  f7:0x00000000 x20=0x00000000
      87095.000 ns	      8708	80002064	0029f1b3	and	x3,x19,x2	 x19:0x00000000  x2:0x00000000  x3=0x00000000
      87115.000 ns	      8710	80002068	284584d3	fmin.s	f9,f11,f4	 f11:0x7fc00000  f4:0xcefff7df  f9=0xcefff7df
      87135.000 ns	      8712	8000206c	0109e3b3	or	x7,x19,x16	 x19:0x00000000 x16:0x80040fe4  x7=0x80040fe4
      87145.000 ns	      8713	80002070	0095cb33	xor	x22,x11,x9	 x11:0x00000000  x9:0x00000000 x22=0x00000000
      87505.000 ns	      8749	80002074	02ac7433	remu	x8,x24,x10	 x24:0x00000000 x10:0x80041023  x8=0x00000000
      87525.000 ns	      8751	80002078	01b25b13	srli	x22,x4,0x1b	  x4:0x00000010 x22=0x00000000
      87555.000 ns	      8754	8000207c	11dc7353	fmul.s	f6,f24,f29	 f24:0x4f7a2150 f29:0xff800000  f6=0xff800000
      87575.000 ns	      8756	80002080	db9e8f13	addi	x30,x29,-583	 x29:0x00000000 x30=0xfffffdb9
      87595.000 ns	      8758	80002084	d00014d3	fcvt.s.w	f9,x0	  x0:0x00000000  f9=0x00000000
      87615.000 ns	      8760	80002088	d8d08d13	addi	x26,x1,-627	  x1:0x00000001 x26=0xfffffd8e
      87635.000 ns	      8762	8000208c	e00c9953	fclass.s	x18,f25	 f25:0x001c70fc x18=0x00000020
      87655.000 ns	      8764	80002090	6a8ccb97	auipc	x23,0x6a8cc	 x23=0xea8ce090
      87665.000 ns	      8765	80002094	01459c33	sll	x24,x11,x20	 x11:0x00000000 x20:0x00000000 x24=0x00000000
      87675.000 ns	      8766	80002098	4d47f913	andi	x18,x15,1236	 x15:0xffffffff x18=0x000004d4
      87685.000 ns	      8767	8000209c	69637f13	andi	x30,x6,1686	  x6:0x00000000 x30=0x00000000
      87695.000 ns	      8768	800020a0	d4902093	slti	x1,x0,-695	  x0:0x00000000  x1=0x00000000
      87705.000 ns	      8769	800020a4	9335ee13	ori	x28,x11,-1741	 x11:0x00000000 x28=0xfffff933
      87715.000 ns	      8770	800020a8	016d1613	slli	x12,x26,0x16	 x26:0xfffffd8e x12=0x63800000
      87725.000 ns	      8771	800020ac	015efb33	and	x22,x29,x21	 x29:0x00000000 x21:0x0000000f x22=0x00000000
      87745.000 ns	      8773	800020b0	02e8e533	rem	x10,x17,x14	 x17:0x00000000 x14:0x00000000 x10=0x00000000
      87775.000 ns	      8776	800020b4	a0ca1e53	flt.s	x28,f20,f12	 f20:0x00000000 f12:0xcf1a9ee0 x28=0x00000000
      87795.000 ns	      8778	800020b8	4077d333	sra	x6,x15,x7	 x15:0xffffffff  x7:0x80040fe4  x6=0xffffffff
      87815.000 ns	      8780	800020bc	0258c2b3	div	x5,x17,x5	 x17:0x00000000  x5:0x00000000  x5=0xffffffff
      87855.000 ns	      8784	800020c0	10d53bd3	fmul.s	f23,f10,f13	 f10:0x40e00000 f13:0x447c4000 f23=0x45dcb800
      87875.000 ns	      8786	800020c4	40245033	sra	x0,x8,x2	  x8:0x00000000  x2:0x00000000
      87885.000 ns	      8787	800020c8	01a58533	add	x10,x11,x26	 x11:0x00000000 x26:0xfffffd8e x10=0xfffffd8e
      87905.000 ns	      8789	800020cc	20b99b53	fsgnjn.s	f22,f19,f11	 f19:0x447c4000 f11:0x7fc00000 f22=0xc47c4000
      87935.000 ns	      8792	800020d0	296a9353	fmax.s	f6,f21,f22	 f21:0x00000000 f22:0x00000000  f6=0x00000000
      87955.000 ns	      8794	800020d4	00000013	addi	x0,x0,0	  x0:0x00000000
      87965.000 ns	      8795	800020d8	00eb5a33	srl	x20,x22,x14	 x22:0x00000000 x14:0x00000000 x20=0x00000000
      87985.000 ns	      8797	800020dc	e0041d53	fclass.s	x26,f8	  f8:0x00000001 x26=0x00000020
      88005.000 ns	      8799	800020e0	07fa8a13	addi	x20,x21,127	 x21:0x0000000f x20=0x0000008e
      88025.000 ns	      8801	800020e4	c0051153	fcvt.w.s	x2,f10	 f10:0x40e00000  x2=0x00000007
      88045.000 ns	      8803	800020e8	4084d113	srai	x2,x9,0x8	  x9:0x00000000  x2=0x00000000
      88065.000 ns	      8805	800020ec	a1512353	feq.s	x6,f2,f21	  f2:0x7fc00000 f21:0x00000000  x6=0x00000000
      88095.000 ns	      8808	800020f0	03aab733	mulhu	x14,x21,x26	 x21:0x0000000f x26:0x00000020 x14=0x00000000
      88115.000 ns	      8810	800020f4	00000013	addi	x0,x0,0	  x0:0x00000000
      88135.000 ns	      8812	800020f8	a1a7aa53	feq.s	x20,f15,f26	 f15:0x00000000 f26:0x46daaa06 x20=0x00000000
      88505.000 ns	      8849	800020fc	03ff45b3	div	x11,x30,x31	 x30:0x00000000 x31:0x80041024 x11=0x00000000
      88535.000 ns	      8852	80002100	20d507d3	fsgnj.s	f15,f10,f13	 f10:0x40e00000 f13:0x447c4000 f15=0x40e00000
      88565.000 ns	      8855	80002104	28528a53	fmin.s	f20,f5,f5	  f5:0xffc00000  f5:0xffc00000 f20=0x7fc00000
      88585.000 ns	      8857	80002108	a3c3b417	auipc	x8,0xa3c3b	  x8=0x23c3d108
      88605.000 ns	      8859	8000210c	024830b3	mulhu	x1,x16,x4	 x16:0x80040fe4  x4:0x00000010  x1=0x00000008
      88635.000 ns	      8862	80002110	c01316d3	fcvt.wu.s	x13,f6	  f6:0x00000000 x13=0x00000000
      88655.000 ns	      8864	80002114	360f0113	addi	x2,x30,864	 x30:0x00000000  x2=0x00000360
      89825.000 ns	      8981	80002118	580406d3	fsqrt.s	f13,f8	  f8:0x00000001 f13=0x1f350483
      89855.000 ns	      8984	8000211c	e00c8f53	fmv.x.w	x30,f25	 f25:0x001c70fc x30=0x001c70fc
      89875.000 ns	      8986	80002120	74eec313	xori	x6,x29,1870	 x29:0x00000000  x6=0x0000074e
      89915.000 ns	      8990	80002124	08b6ffd3	fsub.s	f31,f13,f11	 f13:0x1f350483 f11:0x7fc00000 f31=0x7fc00000
      89935.000 ns	      8992	80002128	01339b13	slli	x22,x7,0x13	  x7:0x80040fe4 x22=0x7f200000
      90295.000 ns	      9028	8000212c	024ae5b3	rem	x11,x21,x4	 x21:0x0000000f  x4:0x00000010 x11=0x0000000f
      90315.000 ns	      9030	80002130	40d05933	sra	x18,x0,x13	  x0:0x00000000 x13:0x00000000 x18=0x00000000
      90325.000 ns	      9031	80002134	9f98aab7	lui	x21,0x9f98a	 x21=0x9f98a000
      90345.000 ns	      9033	80002138	d0067f53	fcvt.s.w	f30,x12	 x12:0x63800000 f30=0x4ec70000
      90395.000 ns	      9038	8000213c	00af15d3	fadd.s	f11,f30,f10	 f30:0x00000000 f10:0x40e00000 f11=0x4ec70000
      90425.000 ns	      9041	80002140	c00671d3	fcvt.w.s	x3,f12	 f12:0xcf1a9ee0  x3=0x80000000
      90445.000 ns	      9043	80002144	000fd293	srli	x5,x31,0x0	 x31:0x80041024  x5=0x80041024
      90465.000 ns	      9045	80002148	211c0ad3	fsgnj.s	f21,f24,f17	 f24:0x4f7a2150 f17:0x00000000 f21=0x4f7a2150
      90485.000 ns	      9047	8000214c	0123e933	or	x18,x7,x18	  x7:0x80040fe4 x18:0x00000000 x18=0x80040fe4
      90505.000 ns	      9049	80002150	29798fd3	fmin.s	f31,f19,f23	 f19:0x447c4000 f23:0x45dcb800 f31=0x447c4000
      90875.000 ns	      9086	80002154	03a2e333	rem	x6,x5,x26	  x5:0x80041024 x26:0x00000020  x6=0xffffffe4
      90895.000 ns	      9088	80002158	01c30b33	add	x22,x6,x28	  x6:0x0000074e x28:0x00000000 x22=0xffffffe4
      90915.000 ns	      9090	8000215c	02081b33	mulh	x22,x16,x0	 x16:0x80040fe4  x0:0x00000000 x22=0x00000000
      90965.000 ns	      9095	80002160	00f8f5d3	fadd.s	f11,f17,f15	 f17:0x00000000 f15:0x40e00000 f11=0x40e00000
      90985.000 ns	      9097	80002164	777a8393	addi	x7,x21,1911	 x21:0x9f98a000  x7=0x9f98a777
      91005.000 ns	      9099	80002168	20898353	fsgnj.s	f6,f19,f8	 f19:0x447c4000  f8:0x00000001  f6=0x447c4000
      91025.000 ns	      9101	8000216c	00eb5533	srl	x10,x22,x14	 x22:0x00000000 x14:0x00000000 x10=0x00000000
      91045.000 ns	      9103	80002170	02af2233	mulhsu	x4,x30,x10	 x30:0x001c70fc x10:0xfffffd8e  x4=0x00000000
      91065.000 ns	      9105	80002174	9e913513	sltiu	x10,x2,-1559	  x2:0x00000360 x10=0x00000001
      91075.000 ns	      9106	80002178	42b67113	andi	x2,x12,1067	 x12:0x63800000  x2=0x00000000
      91095.000 ns	      9108	8000217c	e0019453	fclass.s	x8,f3	  f3:0x00000000  x8=0x00000010
      91125.000 ns	      9111	80002180	29998253	fmin.s	f4,f19,f25	 f19:0x447c4000 f25:0x001c70fc  f4=0x001c70fc
      91155.000 ns	      9114	80002184	02db07b3	mul	x15,x22,x13	 x22:0x00000000 x13:0x00000000 x15=0x00000000
      91175.000 ns	      9116	80002188	01c9e1b3	or	x3,x19,x28	 x19:0x00000000 x28:0x00000000  x3=0x00000000
      91195.000 ns	      9118	8000218c	02063d33	mulhu	x26,x12,x0	 x12:0x63800000  x0:0x00000000 x26=0x00000000
      91225.000 ns	      9121	80002190	d01bfed3	fcvt.s.wu	f29,x23	 x23:0xea8ce090 f29=0x4f6a8ce0
      91245.000 ns	      9123	80002194	404155b3	sra	x11,x2,x4	  x2:0x00000000  x4:0x00000000 x11=0x00000000
      91265.000 ns	      9125	80002198	f0060153	fmv.w.x	f2,x12	 x12:0x63800000  f2=0x63800000
      91295.000 ns	      9128	8000219c	a071a9d3	feq.s	x19,f3,f7	  f3:0x00000000  f7:0x00000000 x19=0x00000001
      91315.000 ns	      9130	800021a0	01ec2bb3	slt	x23,x24,x30	 x24:0x00000000 x30:0x001c70fc x23=0x00000001
      91345.000 ns	      9133	800021a4	1052a2d3	fmul.s	f5,f5,f5	  f5:0xffc00000  f5:0xffc00000  f5=0x7fc00000
      91365.000 ns	      9135	800021a8	004bd7b3	srl	x15,x23,x4	 x23:0xea8ce090  x4:0x00000000 x15=0x00000001
      91385.000 ns	      9137	800021ac	c00d7453	fcvt.w.s	x8,f26	 f26:0x46daaa06  x8=0x00006d55
      91405.000 ns	      9139	800021b0	0624a613	slti	x12,x9,98	  x9:0x00000000 x12=0x00000001
      92575.000 ns	      9256	800021b4	580871d3	fsqrt.s	f3,f16	 f16:0x46daaa06  f3=0x43274c96
      92595.000 ns	      9258	800021b8	a469a713	slti	x14,x19,-1466	 x19:0x00000001 x14=0x00000000
      92615.000 ns	      9260	800021bc	a0ee1753	flt.s	x14,f28,f14	 f28:0x00000000 f14:0x3f7fffae x14=0x00000001
      92645.000 ns	      9263	800021c0	e00c1f53	fclass.s	x30,f24	 f24:0x4f7a2150 x30=0x00000040
      92675.000 ns	      9266	800021c4	a1fd80d3	fle.s	x1,f27,f31	 f27:0x00000000 f31:0x447c4000  x1=0x00000001
      92695.000 ns	      9268	800021c8	00069e33	sll	x28,x13,x0	 x13:0x00000000  x0:0x00000000 x28=0x00000000
      93055.000 ns	      9304	800021cc	027ad533	divu	x10,x21,x7	 x21:0x9f98a000  x7:0x9f98a777 x10=0x00000000
      93425.000 ns	      9341	800021d0	0268de33	divu	x28,x17,x6	 x17:0x00000000  x6:0xffffffe4 x28=0x00000000
      93445.000 ns	      9343	800021d4	8d3b2893	slti	x17,x22,-1837	 x22:0x00000000 x17=0x00000000
      94615.000 ns	      9460	800021d8	5807fd53	fsqrt.s	f26,f15	 f15:0x40e00000 f26=0x402953fc
      94635.000 ns	      9462	800021dc	014d5733	srl	x14,x26,x20	 x26:0x00000000 x20:0x00000000 x14=0x00000000
      94645.000 ns	      9463	800021e0	2fdb6993	ori	x19,x22,765	 x22:0x00000000 x19=0x000002fd
      94655.000 ns	      9464	800021e4	9ce0ee93	ori	x29,x1,-1586	  x1:0x00000001 x29=0xfffff9cf
      94665.000 ns	      9465	800021e8	002cb633	sltu	x12,x25,x2	 x25:0x00000001  x2:0x00000000 x12=0x00000000
      94675.000 ns	      9466	800021ec	a5497a93	andi	x21,x18,-1452	 x18:0x80040fe4 x21=0x80040a44
      94695.000 ns	      9468	800021f0	2143a4d3	fsgnjx.s	f9,f7,f20	  f7:0x00000000 f20:0x7fc00000  f9=0x00000000
      94715.000 ns	      9470	800021f4	00fba533	slt	x10,x23,x15	 x23:0x00000001 x15:0x00000001 x10=0x00000000
      94745.000 ns	      9473	800021f8	180a8a53	fdiv.s	f20,f21,f0	 f21:0x4f7a2150  f0:0x00000000 f20=0x7f800000
      94765.000 ns	      9475	800021fc	0140f8b3	and	x17,x1,x20	  x1:0x00000001 x20:0x00000000 x17=0x00000000
      94775.000 ns	      9476	80002200	00fb9f13	slli	x30,x23,0xf	 x23:0x00000001 x30=0x00008000
      94795.000 ns	      9478	80002204	03d137b3	mulhu	x15,x2,x29	  x2:0x00000000 x29:0xfffff9cf x15=0x00000000
      94825.000 ns	      9481	80002208	c00d7053	fcvt.w.s	x0,f26	 f26:0x402953fc
      94855.000 ns	      9484	8000220c	21d28e53	fsgnj.s	f28,f5,f29	  f5:0x7fc00000 f29:0x4f6a8ce0 f28=0x7fc00000
      94875.000 ns	      9486	80002210	95c0b493	sltiu	x9,x1,-1700	  x1:0x00000001  x9=0x00000001
      94885.000 ns	      9487	80002214	e240e993	ori	x19,x1,-476	  x1:0x00000001 x19=0xfffffe25
      94895.000 ns	      9488	80002218	0fe9d637	lui	x12,0xfe9d	 x12=0x0fe9d000
      94915.000 ns	      9490	8000221c	e0079053	fclass.s	x0,f15	 f15:0x40e00000
      95285.000 ns	      9527	80002220	0379d133	divu	x2,x19,x23	 x19:0xfffffe25 x23:0x00000001  x2=0xfffffe25
      95315.000 ns	      9530	80002224	206204d3	fsgnj.s	f9,f4,f6	  f4:0x001c70fc  f6:0x447c4000  f9=0x001c70fc
      95685.000 ns	      9567	80002228	02896f33	rem	x30,x18,x8	 x18:0x80040fe4  x8:0x00006d55 x30=0xffffcc00
      95705.000 ns	      9569	8000222c	67366993	ori	x19,x12,1651	 x12:0x0fe9d000 x19=0x0fe9d673
      96875.000 ns	      9686	80002230	580b93d3	fsqrt.s	f7,f23	 f23:0x45dcb800  f7=0x42a81553
      96925.000 ns	      9691	80002234	016afbd3	fadd.s	f23,f21,f22	 f21:0x4f7a2150 f22:0xc47c4000 f23=0x4f7a214c
      96955.000 ns	      9694	80002238	c01b8153	fcvt.wu.s	x2,f23	 f23:0x45dcb800  x2=0xfa214c00
      96985.000 ns	      9697	8000223c	218a23d3	fsgnjx.s	f7,f20,f24	 f20:0x7f800000 f24:0x4f7a2150  f7=0x7f800000
      97015.000 ns	      9700	80002240	a0a015d3	flt.s	x11,f0,f10	  f0:0x00000000 f10:0x40e00000 x11=0x00000001
      97045.000 ns	      9703	80002244	a0128553	fle.s	x10,f5,f1	  f5:0x7fc00000  f1:0xc0e00000 x10=0x00000000
      97065.000 ns	      9705	80002248	01d7b733	sltu	x14,x15,x29	 x15:0x00000000 x29:0xfffff9cf x14=0x00000001
      97085.000 ns	      9707	8000224c	c013bc53	fcvt.wu.s	x24,f7	  f7:0x7f800000 x24=0xffffffff
      97105.000 ns	      9709	80002250	00be1a13	slli	x20,x28,0xb	 x28:0x00000000 x20=0x00000000
      97125.000 ns	      9711	80002254	f00189d3	fmv.w.x	f19,x3	  x3:0x00000000 f19=0x00000000
      97145.000 ns	      9713	80002258	0013bab3	sltu	x21,x7,x1	  x7:0x9f98a777  x1:0x00000001 x21=0x00000000
      97165.000 ns	      9715	8000225c	a16b1d53	flt.s	x26,f22,f22	 f22:0xc47c4000 f22:0xc47c4000 x26=0x00000000
      97195.000 ns	      9718	80002260	03a495b3	mulh	x11,x9,x26	  x9:0x00000001 x26:0x00000000 x11=0x00000000
      97225.000 ns	      9721	80002264	d0057153	fcvt.s.w	f2,x10	 x10:0x00000000  f2=0x00000000
      97245.000 ns	      9723	80002268	4069de13	srai	x28,x19,0x6	 x19:0x0fe9d673 x28=0x003fa759
      97265.000 ns	      9725	8000226c	026690b3	mulh	x1,x13,x6	 x13:0x00000000  x6:0xffffffe4  x1=0x00000000
      97285.000 ns	      9727	80002270	01cdb033	sltu	x0,x27,x28	 x27:0x0000000e x28:0x00000000
      97305.000 ns	      9729	80002274	2173a453	fsgnjx.s	f8,f7,f23	  f7:0x7f800000 f23:0x4f7a214c  f8=0x7f800000
      97335.000 ns	      9732	80002278	d00d7853	fcvt.s.w	f16,x26	 x26:0x00000000 f16=0x00000000
      97365.000 ns	      9735	8000227c	c00274d3	fcvt.w.s	x9,f4	  f4:0x001c70fc  x9=0x00000000
      97395.000 ns	      9738	80002280	c01d2453	fcvt.wu.s	x8,f26	 f26:0x402953fc  x8=0x00000003
      97425.000 ns	      9741	80002284	a1289ed3	flt.s	x29,f17,f18	 f17:0x00000000 f18:0x00000000 x29=0x00000000
      97445.000 ns	      9743	80002288	01089613	slli	x12,x17,0x10	 x17:0x00000000 x12=0x00000000
      97485.000 ns	      9747	8000228c	00a245d3	fadd.s	f11,f4,f10	  f4:0x001c70fc f10:0x40e00000 f11=0x40e00000
      97515.000 ns	      9750	80002290	a0828d53	fle.s	x26,f5,f8	  f5:0x7fc00000  f8:0x7f800000 x26=0x00000000
      97545.000 ns	      9753	80002294	03a7b1b3	mulhu	x3,x15,x26	 x15:0x00000000 x26:0x00000000  x3=0x00000000
      97575.000 ns	      9756	80002298	e0050553	fmv.x.w	x10,f10	 f10:0x40e00000 x10=0x40e00000
      97595.000 ns	      9758	8000229c	00e25733	srl	x14,x4,x14	  x4:0x00000000 x14:0x00000001 x14=0x00000000
      97615.000 ns	      9760	800022a0	206c9a53	fsgnjn.s	f20,f25,f6	 f25:0x001c70fc  f6:0x447c4000 f20=0x801c70fc
      97635.000 ns	      9762	800022a4	01ceb8b3	sltu	x17,x29,x28	 x29:0x00000000 x28:0x003fa759 x17=0x00000001
      97665.000 ns	      9765	800022a8	11e372d3	fmul.s	f5,f6,f30	  f6:0x447c4000 f30:0x4ec70000  f5=0x53c415c0
      97685.000 ns	      9767	800022ac	008e8d33	add	x26,x29,x8	 x29:0x00000000  x8:0x00000003 x26=0x00000003
      97695.000 ns	      9768	800022b0	00669093	slli	x1,x13,0x6	 x13:0x00000000  x1=0x00000000
      97715.000 ns	      9770	800022b4	02e8cd33	div	x26,x17,x14	 x17:0x00000001 x14:0x00000000 x26=0xffffffff
      97745.000 ns	      9773	800022b8	02e93bb3	mulhu	x23,x18,x14	 x18:0x80040fe4 x14:0x00000000 x23=0x00000000
      97775.000 ns	      9776	800022bc	a16b1953	flt.s	x18,f22,f22	 f22:0xc47c4000 f22:0xc47c4000 x18=0x00000000
      97795.000 ns	      9778	800022c0	405fda13	srai	x20,x31,0x5	 x31:0x80041024 x20=0xfc002081
      97815.000 ns	      9780	800022c4	d00badd3	fcvt.s.w	f27,x23	 x23:0x00000000 f27=0x00000000
      97865.000 ns	      9785	800022c8	093ffb53	fsub.s	f22,f31,f19	 f31:0x447c4000 f19:0x00000000 f22=0x447c4000
      97905.000 ns	      9789	800022cc	580090d3	fsqrt.s	f1,f1	  f1:0xc0e00000  f1=0x7fc00000
      97955.000 ns	      9794	800022d0	087f8ad3	fsub.s	f21,f31,f7	 f31:0x447c4000  f7:0x7f800000 f21=0xff800000
      97985.000 ns	      9797	800022d4	28f60bd3	fmin.s	f23,f12,f15	 f12:0xcf1a9ee0 f15:0x40e00000 f23=0xcf1a9ee0
      98025.000 ns	      9801	800022d8	580af2d3	fsqrt.s	f5,f21	 f21:0xff800000  f5=0x7fc00000
      98395.000 ns	      9838	800022dc	03e65ab3	divu	x21,x12,x30	 x12:0x00000000 x30:0xffffcc00 x21=0x00000000
      98415.000 ns	      9840	800022e0	400f8f33	sub	x30,x31,x0	 x31:0x80041024  x0:0x00000000 x30=0x80041024
      98425.000 ns	      9841	800022e4	00000013	addi	x0,x0,0	  x0:0x00000000
      98435.000 ns	      9842	800022e8	0047bbb3	sltu	x23,x15,x4	 x15:0x00000000  x4:0x00000000 x23=0x00000000
      98445.000 ns	      9843	800022ec	0060bbb3	sltu	x23,x1,x6	  x1:0x00000000  x6:0xffffffe4 x23=0x00000001
      98465.000 ns	      9845	800022f0	a0c42cd3	feq.s	x25,f8,f12	  f8:0x7f800000 f12:0xcf1a9ee0 x25=0x00000000
      98495.000 ns	      9848	800022f4	02600933	mul	x18,x0,x6	  x0:0x00000000  x6:0xffffffe4 x18=0x00000000
      98515.000 ns	      9850	800022f8	40ecd7b3	sra	x15,x25,x14	 x25:0x00000000 x14:0x00000000 x15=0x00000000
      98535.000 ns	      9852	800022fc	02f22f33	mulhsu	x30,x4,x15	  x4:0x00000000 x15:0x00000000 x30=0x00000000
      98555.000 ns	      9854	80002300	00765d13	srli	x26,x12,0x7	 x12:0x00000000 x26=0x00000000
      98575.000 ns	      9856	80002304	20f49cd3	fsgnjn.s	f25,f9,f15	  f9:0x001c70fc f15:0x40e00000 f25=0x801c70fc
      98605.000 ns	      9859	80002308	204502d3	fsgnj.s	f5,f10,f4	 f10:0x40e00000  f4:0x001c70fc  f5=0x40e00000
      98655.000 ns	      9864	8000230c	081e3bd3	fsub.s	f23,f28,f1	 f28:0x7fc00000  f1:0x7fc00000 f23=0x7fc00000
      98675.000 ns	      9866	80002310	401908b3	sub	x17,x18,x1	 x18:0x00000000  x1:0x00000000 x17=0x00000000
      98685.000 ns	      9867	80002314	dd65f213	andi	x4,x11,-554	 x11:0x00000000  x4=0x00000000
      99045.000 ns	      9903	80002318	03b6cb33	div	x22,x13,x27	 x13:0x00000000 x27:0x0000000e x22=0x00000000
      99065.000 ns	      9905	8000231c	9e65d4b7	lui	x9,0x9e65d	  x9=0x9e65d000
      99085.000 ns	      9907	80002320	0296a933	mulhsu	x18,x13,x9	 x13:0x00000000  x9:0x00000000 x18=0x00000000
      99105.000 ns	      9909	80002324	00000013	addi	x0,x0,0	  x0:0x00000000
      99125.000 ns	      9911	80002328	c012fad3	fcvt.wu.s	x21,f5	  f5:0x40e00000 x21=0x00000007
      99155.000 ns	      9914	8000232c	20940453	fsgnj.s	f8,f8,f9	  f8:0x7f800000  f9:0x001c70fc  f8=0x7f800000
      99195.000 ns	      9918	80002330	1051f153	fmul.s	f2,f3,f5	  f3:0x43274c96  f5:0x40e00000  f2=0x44926303
      99215.000 ns	      9920	80002334	00a970b3	and	x1,x18,x10	 x18:0x00000000 x10:0x40e00000  x1=0x00000000
      99235.000 ns	      9922	80002338	02972533	mulhsu	x10,x14,x9	 x14:0x00000000  x9:0x9e65d000 x10=0x00000000
      99265.000 ns	      9925	8000233c	e00017d3	fclass.s	x15,f0	  f0:0x00000000 x15=0x00000010
      99285.000 ns	      9927	80002340	40c9db33	sra	x22,x19,x12	 x19:0x0fe9d673 x12:0x00000000 x22=0x0fe9d673
      99305.000 ns	      9929	80002344	d00cfe53	fcvt.s.w	f28,x25	 x25:0x00000000 f28=0x00000000
      99335.000 ns	      9932	80002348	20d72d53	fsgnjx.s	f26,f14,f13	 f14:0x3f7fffae f13:0x1f350483 f26=0x3f7fffae
      99365.000 ns	      9935	8000234c	f00f80d3	fmv.w.x	f1,x31	 x31:0x80041024  f1=0x80041024
      99415.000 ns	      9940	80002350	08237dd3	fsub.s	f27,f6,f2	  f6:0x447c4000  f2:0x44926303 f27=0xc3221818
      99435.000 ns	      9942	80002354	b96f3213	sltiu	x4,x30,-1130	 x30:0x00000000  x4=0x00000001
     100605.000 ns	     10059	80002358	5807ff53	fsqrt.s	f30,f15	 f15:0x40e00000 f30=0x402953fc
     100635.000 ns	     10062	8000235c	02af0b33	mul	x22,x30,x10	 x30:0x00000000 x10:0x00000000 x22=0x00000000
     100655.000 ns	     10064	80002360	41a7db93	srai	x23,x15,0x1a	 x15:0x00000010 x23=0x00000000
     100665.000 ns	     10065	80002364	011d1393	slli	x7,x26,0x11	 x26:0x00000000  x7=0x00000000
     100675.000 ns	     10066	80002368	410dd593	srai	x11,x27,0x10	 x27:0x0000000e x11=0x00000000
     100695.000 ns	     10068	8000236c	c019ccd3	fcvt.wu.s	x25,f19	 f19:0x00000000 x25=0x00000000
     100725.000 ns	     10071	80002370	e0041f53	fclass.s	x30,f8	  f8:0x7f800000 x30=0x00000080
     100755.000 ns	     10074	80002374	21460b53	fsgnj.s	f22,f12,f20	 f12:0xcf1a9ee0 f20:0x801c70fc f22=0xcf1a9ee0
     100775.000 ns	     10076	80002378	008508b3	add	x17,x10,x8	 x10:0x00000000  x8:0x00000003 x17=0x00000003
     100785.000 ns	     10077	8000237c	c9297f17	auipc	x30,0xc9297	 x30=0x4929937c
     100805.000 ns	     10079	80002380	a1ac0cd3	fle.s	x25,f24,f26	 f24:0x4f7a2150 f26:0x3f7fffae x25=0x00000000
     100845.000 ns	     10083	80002384	1072f553	fmul.s	f10,f5,f7	  f5:0x40e00000  f7:0x7f800000 f10=0x7f800000
     100895.000 ns	     10088	80002388	095cc4d3	fsub.s	f9,f25,f21	 f25:0x801c70fc f21:0xff800000  f9=0x7f800000
     100935.000 ns	     10092	8000238c	18762bd3	fdiv.s	f23,f12,f7	 f12:0xcf1a9ee0  f7:0x7f800000 f23=0x80000000
     100955.000 ns	     10094	80002390	00df97b3	sll	x15,x31,x13	 x31:0x80041024 x13:0x00000000 x15=0x80041024
     100985.000 ns	     10097	80002394	1082c653	fmul.s	f12,f5,f8	  f5:0x40e00000  f8:0x7f800000 f12=0x7f800000
     101015.000 ns	     10100	80002398	c011bd53	fcvt.wu.s	x26,f3	  f3:0x43274c96 x26=0x000000a8
     101045.000 ns	     10103	8000239c	0234ccb3	div	x25,x9,x3	  x9:0x9e65d000  x3:0x00000000 x25=0xffffffff
     101065.000 ns	     10105	800023a0	00000013	addi	x0,x0,0	  x0:0x00000000
     101075.000 ns	     10106	800023a4	01757e33	and	x28,x10,x23	 x10:0x00000000 x23:0x00000000 x28=0x00000000
     101085.000 ns	     10107	800023a8	001a31b3	sltu	x3,x20,x1	 x20:0xfc002081  x1:0x00000000  x3=0x00000000
     101105.000 ns	     10109	800023ac	29251cd3	fmax.s	f25,f10,f18	 f10:0x7f800000 f18:0x00000000 f25=0x7f800000
     101135.000 ns	     10112	800023b0	282b8553	fmin.s	f10,f23,f2	 f23:0x80000000  f2:0x44926303 f10=0x80000000
     101155.000 ns	     10114	800023b4	40110133	sub	x2,x2,x1	  x2:0xfa214c00  x1:0x00000000  x2=0xfa214c00
     101165.000 ns	     10115	800023b8	01f08033	add	x0,x1,x31	  x1:0x00000000 x31:0x80041024
     101185.000 ns	     10117	800023bc	c01ef253	fcvt.wu.s	x4,f29	 f29:0x4f6a8ce0  x4=0xea8ce000
     101215.000 ns	     10120	800023c0	0235bf33	mulhu	x30,x11,x3	 x11:0x00000000  x3:0x00000000 x30=0x00000000
     101235.000 ns	     10122	800023c4	01769713	slli	x14,x13,0x17	 x13:0x00000000 x14=0x00000000
     101255.000 ns	     10124	800023c8	e0078553	fmv.x.w	x10,f15	 f15:0x40e00000 x10=0x40e00000
     101285.000 ns	     10127	800023cc	a0e390d3	flt.s	x1,f7,f14	  f7:0x7f800000 f14:0x3f7fffae  x1=0x00000000
     101335.000 ns	     10132	800023d0	0179ccd3	fadd.s	f25,f19,f23	 f19:0x00000000 f23:0x80000000 f25=0x80000000
     101365.000 ns	     10135	800023d4	c01073d3	fcvt.wu.s	x7,f0	  f0:0x00000000  x7=0x00000000
     101395.000 ns	     10138	800023d8	28af92d3	fmax.s	f5,f31,f10	 f31:0x447c4000 f10:0x80000000  f5=0x447c4000
     101415.000 ns	     10140	800023dc	e9e74493	xori	x9,x14,-354	 x14:0x00000000  x9=0xfffffe9e
     101425.000 ns	     10141	800023e0	00000013	addi	x0,x0,0	  x0:0x00000000
     101785.000 ns	     10177	800023e4	02836733	rem	x14,x6,x8	  x6:0xffffffe4  x8:0x00000003 x14=0xffffffff
     101815.000 ns	     10180	800023e8	21242753	fsgnjx.s	f14,f8,f18	  f8:0x7f800000 f18:0x00000000 f14=0x7f800000
     101835.000 ns	     10182	800023ec	c266c597	auipc	x11,0xc266c	 x11=0x4266e3ec
     101845.000 ns	     10183	800023f0	3c061a97	auipc	x21,0x3c061	 x21=0xbc0633f0
     101855.000 ns	     10184	800023f4	0a127693	andi	x13,x4,161	  x4:0xea8ce000 x13=0x00000000
     101865.000 ns	     10185	800023f8	01d0d5b3	srl	x11,x1,x29	  x1:0x00000000 x29:0x00000000 x11=0x00000000
     101875.000 ns	     10186	800023fc	01811033	sll	x0,x2,x24	  x2:0xfa214c00 x24:0xffffffff
     101905.000 ns	     10189	80002400	11bcf653	fmul.s	f12,f25,f27	 f25:0x80000000 f27:0xc3221818 f12=0x00000000
     101925.000 ns	     10191	80002404	0081c233	xor	x4,x3,x8	  x3:0x00000000  x8:0x00000003  x4=0x00000003
     101935.000 ns	     10192	80002408	d4097013	andi	x0,x18,-704	 x18:0x00000000
     101945.000 ns	     10193	8000240c	ed9fa493	slti	x9,x31,-295	 x31:0x80041024  x9=0x00000001
     101965.000 ns	     10195	80002410	c00139d3	fcvt.w.s	x19,f2	  f2:0x44926303 x19=0x00000494
     101995.000 ns	     10198	80002414	a08d2b53	feq.s	x22,f26,f8	 f26:0x3f7fffae  f8:0x7f800000 x22=0x00000000
     102035.000 ns	     10202	80002418	10afa8d3	fmul.s	f17,f31,f10	 f31:0x447c4000 f10:0x80000000 f17=0x80000000
     102065.000 ns	     10205	8000241c	20eea753	fsgnjx.s	f14,f29,f14	 f29:0x4f6a8ce0 f14:0x7f800000 f14=0x4f6a8ce0
     102095.000 ns	     10208	80002420	02dfd2b3	divu	x5,x31,x13	 x31:0x80041024 x13:0x00000000  x5=0xffffffff
     102115.000 ns	     10210	80002424	015d77b3	and	x15,x26,x21	 x26:0x000000a8 x21:0xbc0633f0 x15=0x000000a0
     102475.000 ns	     10246	80002428	03a4e933	rem	x18,x9,x26	  x9:0x00000001 x26:0x000000a8 x18=0x00000001
     102505.000 ns	     10249	8000242c	a0e28bd3	fle.s	x23,f5,f14	  f5:0x447c4000 f14:0x4f6a8ce0 x23=0x00000001
     102535.000 ns	     10252	80002430	29620653	fmin.s	f12,f4,f22	  f4:0x001c70fc f22:0xcf1a9ee0 f12=0xcf1a9ee0
     102555.000 ns	     10254	80002434	9ba00993	addi	x19,x0,-1606	  x0:0x00000000 x19=0xfffff9ba
     102575.000 ns	     10256	80002438	024909b3	mul	x19,x18,x4	 x18:0x00000001  x4:0x00000003 x19=0x00000003
     102595.000 ns	     10258	8000243c	401582b3	sub	x5,x11,x1	 x11:0x00000000  x1:0x00000000  x5=0x00000000
     102605.000 ns	     10259	80002440	4010d513	srai	x10,x1,0x1	  x1:0x00000000 x10=0x00000000
     102625.000 ns	     10261	80002444	e0018ed3	fmv.x.w	x29,f3	  f3:0x43274c96 x29=0x43274c96
     102645.000 ns	     10263	80002448	01af1eb3	sll	x29,x30,x26	 x30:0x00000000 x26:0x000000a8 x29=0x00000000
     102665.000 ns	     10265	8000244c	a1a727d3	feq.s	x15,f14,f26	 f14:0x4f6a8ce0 f26:0x3f7fffae x15=0x00000000
     102695.000 ns	     10268	80002450	02bd5eb3	divu	x29,x26,x11	 x26:0x000000a8 x11:0x00000000 x29=0xffffffff
     102715.000 ns	     10270	80002454	a9caa913	slti	x18,x21,-1380	 x21:0xbc0633f0 x18=0x00000001
     102725.000 ns	     10271	80002458	00df3733	sltu	x14,x30,x13	 x30:0x00000000 x13:0x00000000 x14=0x00000000
     102735.000 ns	     10272	8000245c	7f54e413	ori	x8,x9,2037	  x9:0x00000001  x8=0x000007f5
     102765.000 ns	     10275	80002460	19d8f0d3	fdiv.s	f1,f17,f29	 f17:0x80000000 f29:0x4f6a8ce0  f1=0x80000000
     102795.000 ns	     10278	80002464	21841253	fsgnjn.s	f4,f8,f24	  f8:0x7f800000 f24:0x4f7a2150  f4=0xff800000
     102825.000 ns	     10281	80002468	c0103c53	fcvt.wu.s	x24,f0	  f0:0x00000000 x24=0x00000000
     102855.000 ns	     10284	8000246c	206e91d3	fsgnjn.s	f3,f29,f6	 f29:0x4f6a8ce0  f6:0x447c4000  f3=0xcf6a8ce0
     102875.000 ns	     10286	80002470	dd7c8c17	auipc	x24,0xdd7c8	 x24=0x5d7ca470
     102885.000 ns	     10287	80002474	d4932b97	auipc	x23,0xd4932	 x23=0x54934474
     103245.000 ns	     10323	80002478	034959b3	divu	x19,x18,x20	 x18:0x00000001 x20:0xfc002081 x19=0x00000000
     103275.000 ns	     10326	8000247c	c01275d3	fcvt.wu.s	x11,f4	  f4:0xff800000 x11=0x00000000
     103305.000 ns	     10329	80002480	2154a753	fsgnjx.s	f14,f9,f21	  f9:0x7f800000 f21:0xff800000 f14=0xff800000
     103335.000 ns	     10332	80002484	d004fd53	fcvt.s.w	f26,x9	  x9:0x00000001 f26=0x3f800000
     103355.000 ns	     10334	80002488	3d887f13	andi	x30,x16,984	 x16:0x80040fe4 x30=0x000003c0
     104525.000 ns	     10451	8000248c	58017ed3	fsqrt.s	f29,f2	  f2:0x44926303 f29=0x4208e25a
     104575.000 ns	     10456	80002490	019f75d3	fadd.s	f11,f30,f25	 f30:0x402953fc f25:0x80000000 f11=0x402953fc
     104605.000 ns	     10459	80002494	d008c4d3	fcvt.s.w	f9,x17	 x17:0x00000003  f9=0x40400000
     104625.000 ns	     10461	80002498	0139a6b3	slt	x13,x19,x19	 x19:0x00000000 x19:0x00000000 x13=0x00000000
     104655.000 ns	     10464	8000249c	103518d3	fmul.s	f17,f10,f3	 f10:0x80000000  f3:0xcf6a8ce0 f17=0x00000000
     104675.000 ns	     10466	800024a0	a6af6c13	ori	x24,x30,-1430	 x30:0x000003c0 x24=0xfffffbea
     104685.000 ns	     10467	800024a4	de93b293	sltiu	x5,x7,-535	  x7:0x00000000  x5=0x00000001
     104695.000 ns	     10468	800024a8	4f24c213	xori	x4,x9,1266	  x9:0x00000001  x4=0x000004f3
     104705.000 ns	     10469	800024ac	897b6c93	ori	x25,x22,-1897	 x22:0x00000000 x25=0xfffff897
     104725.000 ns	     10471	800024b0	034c1c33	mulh	x24,x24,x20	 x24:0xfffffbea x20:0xfc002081 x24=0x00000010
     104745.000 ns	     10473	800024b4	63836917	auipc	x18,0x63836	 x18=0xe38384b4
     104755.000 ns	     10474	800024b8	011c1693	slli	x13,x24,0x11	 x24:0x00000010 x13=0x00200000
     104775.000 ns	     10476	800024bc	0362f6b3	remu	x13,x5,x22	  x5:0x00000001 x22:0x00000000 x13=0x00000001
     104805.000 ns	     10479	800024c0	e00000d3	fmv.x.w	x1,f0	  f0:0x00000000  x1=0x00000000
     104835.000 ns	     10482	800024c4	20ae0353	fsgnj.s	f6,f28,f10	 f28:0x00000000 f10:0x80000000  f6=0x80000000
     104865.000 ns	     10485	800024c8	03cbdb33	divu	x22,x23,x28	 x23:0x54934474 x28:0x00000000 x22=0xffffffff
     104885.000 ns	     10487	800024cc	009a8733	add	x14,x21,x9	 x21:0xbc0633f0  x9:0x00000001 x14=0xbc0633f1
     104895.000 ns	     10488	800024d0	00d74633	xor	x12,x14,x13	 x14:0x00000000 x13:0x00000001 x12=0xbc0633f0
     104905.000 ns	     10489	800024d4	00cd9593	slli	x11,x27,0xc	 x27:0x0000000e x11=0x0000e000
     105265.000 ns	     10525	800024d8	02877b33	remu	x22,x14,x8	 x14:0xbc0633f1  x8:0x000007f5 x22=0x000001dd
     105295.000 ns	     10528	800024dc	a1481a53	flt.s	x20,f16,f20	 f16:0x00000000 f20:0x801c70fc x20=0x00000000
     105325.000 ns	     10531	800024e0	f00684d3	fmv.w.x	f9,x13	 x13:0x00000001  f9=0x00000001
     105345.000 ns	     10533	800024e4	00049033	sll	x0,x9,x0	  x9:0x00000001  x0:0x00000000
     105365.000 ns	     10535	800024e8	216d9253	fsgnjn.s	f4,f27,f22	 f27:0xc3221818 f22:0xcf1a9ee0  f4=0x43221818
     105385.000 ns	     10537	800024ec	014338b3	sltu	x17,x6,x20	  x6:0xffffffe4 x20:0x00000000 x17=0x00000000
     105715.000 ns	     10570	800024f0	182efc53	fdiv.s	f24,f29,f2	 f29:0x4208e25a  f2:0x44926303 f24=0x3d08b7b7
     106085.000 ns	     10607	800024f4	03acd133	divu	x2,x25,x26	 x25:0xfffff897 x26:0x000000a8  x2=0x01861856
     106115.000 ns	     10610	800024f8	d00a90d3	fcvt.s.w	f1,x21	 x21:0xbc0633f0  f1=0xce87f398
     106145.000 ns	     10613	800024fc	28048e53	fmin.s	f28,f9,f0	  f9:0x00000001  f0:0x00000000 f28=0x00000000
     106195.000 ns	     10618	80002500	003a72d3	fadd.s	f5,f20,f3	 f20:0x801c70fc  f3:0xcf6a8ce0  f5=0xcf6a8ce0
     106225.000 ns	     10621	80002504	d00478d3	fcvt.s.w	f17,x8	  x8:0x000007f5 f17=0x44fea000
     106275.000 ns	     10626	80002508	09d47e53	fsub.s	f28,f8,f29	  f8:0x7f800000 f29:0x4208e25a f28=0x7f800000
     106295.000 ns	     10628	8000250c	01159213	slli	x4,x11,0x11	 x11:0x0000e000  x4=0xc0000000
     106305.000 ns	     10629	80002510	018b58b3	srl	x17,x22,x24	 x22:0x000001dd x24:0x00000010 x17=0x00000000
     106325.000 ns	     10631	80002514	f00106d3	fmv.w.x	f13,x2	  x2:0x01861856 f13=0x01861856
     106355.000 ns	     10634	80002518	e00e92d3	fclass.s	x5,f29	 f29:0x4208e25a  x5=0x00000040
     106385.000 ns	     10637	8000251c	204ba253	fsgnjx.s	f4,f23,f4	 f23:0x80000000  f4:0x43221818  f4=0x80000000
     106415.000 ns	     10640	80002520	03c960b3	rem	x1,x18,x28	 x18:0xe38384b4 x28:0x00000000  x1=0xe38384b4
     106435.000 ns	     10642	80002524	6dba7293	andi	x5,x20,1755	 x20:0x00000000  x5=0x00000000
     106445.000 ns	     10643	80002528	9d64f693	andi	x13,x9,-1578	  x9:0x00000001 x13=0x00000000
     106465.000 ns	     10645	8000252c	d011aed3	fcvt.s.wu	f29,x3	  x3:0x00000000 f29=0x00000000
     106485.000 ns	     10647	80002530	00000013	addi	x0,x0,0	  x0:0x00000000
     106495.000 ns	     10648	80002534	01b38c33	add	x24,x7,x27	  x7:0x00000000 x27:0x0000000e x24=0x0000000e
     106515.000 ns	     10650	80002538	21b20c53	fsgnj.s	f24,f4,f27	  f4:0x80000000 f27:0xc3221818 f24=0x80000000
     106565.000 ns	     10655	8000253c	00aa8f53	fadd.s	f30,f21,f10	 f21:0xff800000 f10:0x80000000 f30=0xff800000
     106585.000 ns	     10657	80002540	01877633	and	x12,x14,x24	 x14:0xbc0633f1 x24:0x0000000e x12=0x00000000
     106595.000 ns	     10658	80002544	412a5e93	srai	x29,x20,0x12	 x20:0x00000000 x29=0x00000000
     106605.000 ns	     10659	80002548	01ef1b93	slli	x23,x30,0x1e	 x30:0x000003c0 x23=0x00000000
     106635.000 ns	     10662	8000254c	1839ad53	fdiv.s	f26,f19,f3	 f19:0x00000000  f3:0xcf6a8ce0 f26=0x80000000
     106655.000 ns	     10664	80002550	403a8b33	sub	x22,x21,x3	 x21:0xbc0633f0  x3:0x00000000 x22=0xbc0633f0
     106665.000 ns	     10665	80002554	ad87ca13	xori	x20,x15,-1320	 x15:0x00000000 x20=0xfffffad8
     106685.000 ns	     10667	80002558	02d68333	mul	x6,x13,x13	 x13:0x00000000 x13:0x00000000  x6=0x00000000
     106705.000 ns	     10669	8000255c	00000013	addi	x0,x0,0	  x0:0x00000000
     106725.000 ns	     10671	80002560	e00f02d3	fmv.x.w	x5,f30	 f30:0xff800000  x5=0xff800000
     106755.000 ns	     10674	80002564	21e126d3	fsgnjx.s	f13,f2,f30	  f2:0x44926303 f30:0xff800000 f13=0xc4926303
     106785.000 ns	     10677	80002568	c01a8cd3	fcvt.wu.s	x25,f21	 f21:0xff800000 x25=0x00000000
     106805.000 ns	     10679	8000256c	40595eb3	sra	x29,x18,x5	 x18:0xe38384b4  x5:0xff800000 x29=0xe38384b4
     106815.000 ns	     10680	80002570	fb24a393	slti	x7,x9,-78	  x9:0x00000001  x7=0x00000000
     107175.000 ns	     10716	80002574	0360deb3	divu	x29,x1,x22	  x1:0xe38384b4 x22:0xbc0633f0 x29=0x00000001
     107205.000 ns	     10719	80002578	29990253	fmin.s	f4,f18,f25	 f18:0x00000000 f25:0x80000000  f4=0x80000000
     107225.000 ns	     10721	8000257c	01b30f33	add	x30,x6,x27	  x6:0x00000000 x27:0x0000000e x30=0x0000000e
     107245.000 ns	     10723	80002580	20870d53	fsgnj.s	f26,f14,f8	 f14:0xff800000  f8:0x7f800000 f26=0x7f800000
     107275.000 ns	     10726	80002584	03be9133	mulh	x2,x29,x27	 x29:0x00000001 x27:0x0000000e  x2=0x00000000
     107305.000 ns	     10729	80002588	d0103ed3	fcvt.s.wu	f29,x0	  x0:0x00000000 f29=0x00000000
     107675.000 ns	     10766	8000258c	03d15cb3	divu	x25,x2,x29	  x2:0x00000000 x29:0x00000001 x25=0x00000000
     107705.000 ns	     10769	80002590	027ae233	rem	x4,x21,x7	 x21:0xbc0633f0  x7:0x00000000  x4=0xbc0633f0
     107735.000 ns	     10772	80002594	0239d633	divu	x12,x19,x3	 x19:0x00000000  x3:0x00000000 x12=0xffffffff
     107775.000 ns	     10776	80002598	580971d3	fsqrt.s	f3,f18	 f18:0x00000000  f3=0x00000000
     107795.000 ns	     10778	8000259c	128e6993	ori	x19,x28,296	 x28:0x00000000 x19=0x00000128
     107805.000 ns	     10779	800025a0	b5c21e17	auipc	x28,0xb5c21	 x28=0x35c235a0
     107845.000 ns	     10783	800025a4	088f0f53	fsub.s	f30,f30,f8	 f30:0xff800000  f8:0x7f800000 f30=0x80000000
     107875.000 ns	     10786	800025a8	d0199d53	fcvt.s.wu	f26,x19	 x19:0x00000128 f26=0x43940000
     107905.000 ns	     10789	800025ac	28031453	fmax.s	f8,f6,f0	  f6:0x80000000  f0:0x00000000  f8=0x00000000
     107925.000 ns	     10791	800025b0	019f40b3	xor	x1,x30,x25	 x30:0x0000000e x25:0x00000000  x1=0x0000000e
     107945.000 ns	     10793	800025b4	20102253	fsgnjx.s	f4,f0,f1	  f0:0x00000000  f1:0xce87f398  f4=0x80000000
     107975.000 ns	     10796	800025b8	a1e98ed3	fle.s	x29,f19,f30	 f19:0x00000000 f30:0x80000000 x29=0x00000001
     108005.000 ns	     10799	800025bc	d0197453	fcvt.s.wu	f8,x18	 x18:0xe38384b4  f8=0x4f638384
     108025.000 ns	     10801	800025c0	34dcc397	auipc	x7,0x34dcc	  x7=0xb4dce5c0
     108045.000 ns	     10803	800025c4	d01d10d3	fcvt.s.wu	f1,x26	 x26:0x000000a8  f1=0x43280000
     108065.000 ns	     10805	800025c8	40555b93	srai	x23,x10,0x5	 x10:0x00000000 x23=0x00000000
     108095.000 ns	     10808	800025cc	110f3153	fmul.s	f2,f30,f16	 f30:0x80000000 f16:0x00000000  f2=0x80000000
     108125.000 ns	     10811	800025d0	a03a0bd3	fle.s	x23,f20,f3	 f20:0x801c70fc  f3:0x00000000 x23=0x00000001
     108155.000 ns	     10814	800025d4	0200aa33	mulhsu	x20,x1,x0	  x1:0x0000000e  x0:0x00000000 x20=0x00000000
     108185.000 ns	     10817	800025d8	213682d3	fsgnj.s	f5,f13,f19	 f13:0xc4926303 f19:0x00000000  f5=0x44926303
     108215.000 ns	     10820	800025dc	205a0253	fsgnj.s	f4,f20,f5	 f20:0x801c70fc  f5:0xcf6a8ce0  f4=0x001c70fc
     108235.000 ns	     10822	800025e0	40e6dc93	srai	x25,x13,0xe	 x13:0x00000000 x25=0x00000000
     108245.000 ns	     10823	800025e4	b9f03913	sltiu	x18,x0,-1121	  x0:0x00000000 x18=0x00000001
     108265.000 ns	     10825	800025e8	f0020653	fmv.w.x	f12,x4	  x4:0xbc0633f0 f12=0xbc0633f0
     108295.000 ns	     10828	800025ec	e0010153	fmv.x.w	x2,f2	  f2:0x80000000  x2=0x80000000
     108325.000 ns	     10831	800025f0	f00a81d3	fmv.w.x	f3,x21	 x21:0xbc0633f0  f3=0xbc0633f0
     108355.000 ns	     10834	800025f4	a0b489d3	fle.s	x19,f9,f11	  f9:0x00000001 f11:0x402953fc x19=0x00000001
     108385.000 ns	     10837	800025f8	031f2633	mulhsu	x12,x30,x17	 x30:0x0000000e x17:0x00000000 x12=0x00000000
     108415.000 ns	     10840	800025fc	e00301d3	fmv.x.w	x3,f6	  f6:0x80000000  x3=0x80000000
     108445.000 ns	     10843	80002600	298495d3	fmax.s	f11,f9,f24	  f9:0x00000001 f24:0x80000000 f11=0x00000001
     108475.000 ns	     10846	80002604	20542ed3	fsgnjx.s	f29,f8,f5	  f8:0x4f638384  f5:0x44926303 f29=0x4f638384
     108505.000 ns	     10849	80002608	d0147dd3	fcvt.s.wu	f27,x8	  x8:0x000007f5 f27=0x44fea000
     108535.000 ns	     10852	8000260c	20281bd3	fsgnjn.s	f23,f16,f2	 f16:0x00000000  f2:0x80000000 f23=0x00000000
     108555.000 ns	     10854	80002610	f8d72793	slti	x15,x14,-115	 x14:0xbc0633f1 x15=0x00000001
     108915.000 ns	     10890	80002614	037d4ab3	div	x21,x26,x23	 x26:0x000000a8 x23:0x00000001 x21=0x000000a8
     108945.000 ns	     10893	80002618	a1100453	fle.s	x8,f0,f17	  f0:0x00000000 f17:0x44fea000  x8=0x00000001
     108975.000 ns	     10896	8000261c	20c19bd3	fsgnjn.s	f23,f3,f12	  f3:0xbc0633f0 f12:0xbc0633f0 f23=0x3c0633f0
     108995.000 ns	     10898	80002620	5f4a0993	addi	x19,x20,1524	 x20:0x00000000 x19=0x000005f4
     109015.000 ns	     10900	80002624	022f9b33	mulh	x22,x31,x2	 x31:0x80041024  x2:0x80000000 x22=0x3ffdf7ee
     109035.000 ns	     10902	80002628	0185b433	sltu	x8,x11,x24	 x11:0x0000e000 x24:0x0000000e  x8=0x00000000
     109045.000 ns	     10903	8000262c	54284417	auipc	x8,0x54284	  x8=0xd428662c
     109405.000 ns	     10939	80002630	03a374b3	remu	x9,x6,x26	  x6:0x00000000 x26:0x000000a8  x9=0x00000000
     109435.000 ns	     10942	80002634	03c90133	mul	x2,x18,x28	 x18:0x00000001 x28:0x35c235a0  x2=0x35c235a0
     109805.000 ns	     10979	80002638	02b0e133	rem	x2,x1,x11	  x1:0x0000000e x11:0x0000e000  x2=0x0000000e
     109835.000 ns	     10982	8000263c	e0038253	fmv.x.w	x4,f7	  f7:0x7f800000  x4=0x7f800000
     109865.000 ns	     10985	80002640	e0001253	fclass.s	x4,f0	  f0:0x00000000  x4=0x00000010
     109895.000 ns	     10988	80002644	d01f2fd3	fcvt.s.wu	f31,x30	 x30:0x0000000e f31=0x41600000
     109915.000 ns	     10990	80002648	0049c133	xor	x2,x19,x4	 x19:0x000005f4  x4:0x00000010  x2=0x000005e4
     109925.000 ns	     10991	8000264c	002dd693	srli	x13,x27,0x2	 x27:0x0000000e x13=0x00000003
     109945.000 ns	     10993	80002650	d0007bd3	fcvt.s.w	f23,x0	  x0:0x00000000 f23=0x00000000
     109965.000 ns	     10995	80002654	5b1b8113	addi	x2,x23,1457	 x23:0x00000001  x2=0x000005b2
     109975.000 ns	     10996	80002658	0177b233	sltu	x4,x15,x23	 x15:0x00000001 x23:0x00000001  x4=0x00000000
     109985.000 ns	     10997	8000265c	5a396b13	ori	x22,x18,1443	 x18:0x00000001 x22=0x000005a3
     109995.000 ns	     10998	80002660	fb9eb597	auipc	x11,0xfb9eb	 x11=0x7b9ed660
     110015.000 ns	     11000	80002664	20cb1ed3	fsgnjn.s	f29,f22,f12	 f22:0xcf1a9ee0 f12:0xbc0633f0 f29=0x4f1a9ee0
     110035.000 ns	     11002	80002668	01540233	add	x4,x8,x21	  x8:0xd428662c x21:0x000000a8  x4=0xd42866d4
     110055.000 ns	     11004	8000266c	21298353	fsgnj.s	f6,f19,f18	 f19:0x00000000 f18:0x00000000  f6=0x00000000
     110085.000 ns	     11007	80002670	c0114153	fcvt.wu.s	x2,f2	  f2:0x80000000  x2=0x00000000
     110105.000 ns	     11009	80002674	d99aa193	slti	x3,x21,-615	 x21:0x000000a8  x3=0x00000000
     110115.000 ns	     11010	80002678	004c3c33	sltu	x24,x24,x4	 x24:0x0000000e  x4:0xd42866d4 x24=0x00000001
     110135.000 ns	     11012	8000267c	203a2453	fsgnjx.s	f8,f20,f3	 f20:0x801c70fc  f3:0xbc0633f0  f8=0x001c70fc
     110155.000 ns	     11014	80002680	01f75633	srl	x12,x14,x31	 x14:0xbc0633f1 x31:0x80041024 x12=0x0bc0633f
     110165.000 ns	     11015	80002684	c32e8a13	addi	x20,x29,-974	 x29:0x00000001 x20=0xfffffc33
     110185.000 ns	     11017	80002688	023e9633	mulh	x12,x29,x3	 x29:0x00000001  x3:0x00000000 x12=0x00000000
     110215.000 ns	     11020	8000268c	29811753	fmax.s	f14,f2,f24	  f2:0x80000000 f24:0x80000000 f14=0x80000000
     110235.000 ns	     11022	80002690	2eadc613	xori	x12,x27,746	 x27:0x0000000e x12=0x000002e4
     110245.000 ns	     11023	80002694	01755013	srli	x0,x10,0x17	 x10:0x00000000
     110265.000 ns	     11025	80002698	023056b3	divu	x13,x0,x3	  x0:0x00000000  x3:0x00000000 x13=0xffffffff
     110285.000 ns	     11027	8000269c	01c95313	srli	x6,x18,0x1c	 x18:0x00000001  x6=0x00000000
     110325.000 ns	     11031	800026a0	0926f4d3	fsub.s	f9,f13,f18	 f13:0xc4926303 f18:0x00000000  f9=0xc4926303
     110345.000 ns	     11033	800026a4	00efd013	srli	x0,x31,0xe	 x31:0x80041024
     110365.000 ns	     11035	800026a8	299d9053	fmax.s	f0,f27,f25	 f27:0x44fea000 f25:0x80000000  f0=0x44fea000
     110395.000 ns	     11038	800026ac	03e280b3	mul	x1,x5,x30	  x5:0xff800000 x30:0x0000000e  x1=0xf9000000
     110415.000 ns	     11040	800026b0	40fa8333	sub	x6,x21,x15	 x21:0x000000a8 x15:0x00000001  x6=0x000000a7
     110435.000 ns	     11042	800026b4	038f99b3	mulh	x19,x31,x24	 x31:0x80041024 x24:0x00000001 x19=0xffffffff
     110465.000 ns	     11045	800026b8	c000f4d3	fcvt.w.s	x9,f1	  f1:0x43280000  x9=0x000000a8
     110495.000 ns	     11048	800026bc	02790f33	mul	x30,x18,x7	 x18:0x00000001  x7:0xb4dce5c0 x30=0xb4dce5c0
     110525.000 ns	     11051	800026c0	c017f4d3	fcvt.wu.s	x9,f15	 f15:0x40e00000  x9=0x00000007
     110895.000 ns	     11088	800026c4	0249fe33	remu	x28,x19,x4	 x19:0xffffffff  x4:0xd42866d4 x28=0x2bd7992b
     110915.000 ns	     11090	800026c8	415ede33	sra	x28,x29,x21	 x29:0x00000001 x21:0x000000a8 x28=0x00000000
     110925.000 ns	     11091	800026cc	17460c13	addi	x24,x12,372	 x12:0x000002e4 x24=0x00000458
     110945.000 ns	     11093	800026d0	21d48853	fsgnj.s	f16,f9,f29	  f9:0xc4926303 f29:0x4f1a9ee0 f16=0x44926303
     110965.000 ns	     11095	800026d4	01b71cb3	sll	x25,x14,x27	 x14:0xbc0633f1 x27:0x0000000e x25=0x8cfc4000
     111005.000 ns	     11099	800026d8	08ef42d3	fsub.s	f5,f30,f14	 f30:0x80000000 f14:0x80000000  f5=0x00000000
     111035.000 ns	     11102	800026dc	02699ab3	mulh	x21,x19,x6	 x19:0xffffffff  x6:0x000000a7 x21=0xffffffff
     111055.000 ns	     11104	800026e0	00000013	addi	x0,x0,0	  x0:0x00000000
     111385.000 ns	     11137	800026e4	18364ed3	fdiv.s	f29,f12,f3	 f12:0xbc0633f0  f3:0xbc0633f0 f29=0x3f453ef4
     111755.000 ns	     11174	800026e8	02dd6f33	rem	x30,x26,x13	 x26:0x000000a8 x13:0xffffffff x30=0x00000000
     111795.000 ns	     11178	800026ec	11c6f6d3	fmul.s	f13,f13,f28	 f13:0xc4926303 f28:0x7f800000 f13=0xff800000
     111845.000 ns	     11183	800026f0	012ffbd3	fadd.s	f23,f31,f18	 f31:0x41600000 f18:0x00000000 f23=0x41600000
     111895.000 ns	     11188	800026f4	01a13153	fadd.s	f2,f2,f26	  f2:0x80000000 f26:0x43940000  f2=0x43940000
     111915.000 ns	     11190	800026f8	40b2de33	sra	x28,x5,x11	  x5:0xff800000 x11:0x7b9ed660 x28=0xff800000
     111925.000 ns	     11191	800026fc	0144a4b3	slt	x9,x9,x20	  x9:0x00000007 x20:0xfffffc33  x9=0x00000000
     111955.000 ns	     11194	80002700	10b41753	fmul.s	f14,f8,f11	  f8:0x001c70fc f11:0x00000001 f14=0x00000000
     111975.000 ns	     11196	80002704	01982d33	slt	x26,x16,x25	 x16:0x80040fe4 x25:0x8cfc4000 x26=0x00000001
     111985.000 ns	     11197	80002708	c2d7b413	sltiu	x8,x15,-979	 x15:0x00000001  x8=0x00000001
     111995.000 ns	     11198	8000270c	6d10a913	slti	x18,x1,1745	  x1:0xf9000000 x18=0x00000001
     112015.000 ns	     11200	80002710	f00505d3	fmv.w.x	f11,x10	 x10:0x00000000 f11=0x00000000
     112355.000 ns	     11234	80002714	19b80cd3	fdiv.s	f25,f16,f27	 f16:0x44926303 f27:0x44fea000 f25=0x3f5c943a
     112375.000 ns	     11236	80002718	dd737093	andi	x1,x6,-553	  x6:0x000000a7  x1=0x00000087
     112405.000 ns	     11239	8000271c	58061ad3	fsqrt.s	f21,f12	 f12:0xbc0633f0 f21=0x7fc00000
     112435.000 ns	     11242	80002720	e00f95d3	fclass.s	x11,f31	 f31:0x41600000 x11=0x00000040
     113545.000 ns	     11353	80002724	5807fb53	fsqrt.s	f22,f15	 f15:0x40e00000 f22=0x402953fc
     113565.000 ns	     11355	80002728	01d2a6b3	slt	x13,x5,x29	  x5:0xff800000 x29:0x00000001 x13=0x00000001
     113575.000 ns	     11356	8000272c	406e5013	srai	x0,x28,0x6	 x28:0xff800000
     113585.000 ns	     11357	80002730	193c6413	ori	x8,x24,403	 x24:0x00000458  x8=0x000005db
     113945.000 ns	     11393	80002734	038754b3	divu	x9,x14,x24	 x14:0xbc0633f1 x24:0x00000458  x9=0x002b4941
     114315.000 ns	     11430	80002738	021a6033	rem	x0,x20,x1	 x20:0xfffffc33  x1:0x00000087
     114655.000 ns	     11464	8000273c	19fea253	fdiv.s	f4,f29,f31	 f29:0x3f453ef4 f31:0x41600000  f4=0x3d9c6333
     114675.000 ns	     11466	80002740	01c88d33	add	x26,x17,x28	 x17:0x00000000 x28:0xff800000 x26=0xff800000
     115035.000 ns	     11502	80002744	0276feb3	remu	x29,x13,x7	 x13:0x00000001  x7:0xb4dce5c0 x29=0x00000001
     115065.000 ns	     11505	80002748	e00619d3	fclass.s	x19,f12	 f12:0xbc0633f0 x19=0x00000002
     115085.000 ns	     11507	8000274c	009f5c33	srl	x24,x30,x9	 x30:0x00000000  x9:0x002b4941 x24=0x00000000
     115095.000 ns	     11508	80002750	0133fc33	and	x24,x7,x19	  x7:0xb4dce5c0 x19:0x00000002 x24=0x00000000
     115125.000 ns	     11511	80002754	110b78d3	fmul.s	f17,f22,f16	 f22:0x402953fc f16:0x44926303 f17=0x4541a6c6
     115145.000 ns	     11513	80002758	4ce8f637	lui	x12,0x4ce8f	 x12=0x4ce8f000
     115155.000 ns	     11514	8000275c	21e23113	sltiu	x2,x4,542	  x4:0xd42866d4  x2=0x00000000
     115165.000 ns	     11515	80002760	0131e133	or	x2,x3,x19	  x3:0x00000000 x19:0x00000002  x2=0x00000002
     115205.000 ns	     11519	80002764	00b1cc53	fadd.s	f24,f3,f11	  f3:0xbc0633f0 f11:0x00000000 f24=0xbc0633f0
     115235.000 ns	     11522	80002768	20f30b53	fsgnj.s	f22,f6,f15	  f6:0x00000000 f15:0x40e00000 f22=0x00000000
     115265.000 ns	     11525	8000276c	d00e2d53	fcvt.s.w	f26,x28	 x28:0xff800000 f26=0xcb000000
     115295.000 ns	     11528	80002770	215e21d3	fsgnjx.s	f3,f28,f21	 f28:0x7f800000 f21:0x7fc00000  f3=0x7f800000
     115315.000 ns	     11530	80002774	404c5b33	sra	x22,x24,x4	 x24:0x00000000  x4:0xd42866d4 x22=0x00000000
     115325.000 ns	     11531	80002778	0003c733	xor	x14,x7,x0	  x7:0xb4dce5c0  x0:0x00000000 x14=0xb4dce5c0
     115345.000 ns	     11533	8000277c	d0164a53	fcvt.s.wu	f20,x12	 x12:0x4ce8f000 f20=0x4e99d1e0
     115375.000 ns	     11536	80002780	f0010b53	fmv.w.x	f22,x2	  x2:0x00000002 f22=0x00000002
     115395.000 ns	     11538	80002784	00d84233	xor	x4,x16,x13	 x16:0x80040fe4 x13:0x00000001  x4=0x80040fe5
     115435.000 ns	     11542	80002788	005d7453	fadd.s	f8,f26,f5	 f26:0xcb000000  f5:0x00000000  f8=0xcb000000
     115485.000 ns	     11547	8000278c	089bb8d3	fsub.s	f17,f23,f9	 f23:0x41600000  f9:0xc4926303 f17=0x44942303
     115515.000 ns	     11550	80002790	03e2aeb3	mulhsu	x29,x5,x30	  x5:0xff800000 x30:0x00000000 x29=0x00000000
     115535.000 ns	     11552	80002794	00b05893	srli	x17,x0,0xb	  x0:0x00000000 x17=0x00000000
     115555.000 ns	     11554	80002798	c0007f53	fcvt.w.s	x30,f0	  f0:0x44fea000 x30=0x000007f5
     115585.000 ns	     11557	8000279c	a0148a53	fle.s	x20,f9,f1	  f9:0xc4926303  f1:0x43280000 x20=0x00000001
     115625.000 ns	     11561	800027a0	187e4653	fdiv.s	f12,f28,f7	 f28:0x7f800000  f7:0x7f800000 f12=0x7fc00000
     115655.000 ns	     11564	800027a4	20789753	fsgnjn.s	f14,f17,f7	 f17:0x44942303  f7:0x7f800000 f14=0xc4942303
     115675.000 ns	     11566	800027a8	4094d5b3	sra	x11,x9,x9	  x9:0x002b4941  x9:0x002b4941 x11=0x0015a4a0
     115695.000 ns	     11568	800027ac	a1b31453	flt.s	x8,f6,f27	  f6:0x00000000 f27:0x44fea000  x8=0x00000001
     115715.000 ns	     11570	800027b0	01394433	xor	x8,x18,x19	 x18:0x00000001 x19:0x00000002  x8=0x00000003
     115725.000 ns	     11571	800027b4	01c0ea33	or	x20,x1,x28	  x1:0x00000087 x28:0xff800000 x20=0xff800087
     115745.000 ns	     11573	800027b8	c0050a53	fcvt.w.s	x20,f10	 f10:0x80000000 x20=0x00000000
     115765.000 ns	     11575	800027bc	d0c7c337	lui	x6,0xd0c7c	  x6=0xd0c7c000
     115785.000 ns	     11577	800027c0	02160e33	mul	x28,x12,x1	 x12:0x4ce8f000  x1:0x00000087 x28=0x8ed69000
     115825.000 ns	     11581	800027c4	5809f153	fsqrt.s	f2,f19	 f19:0x00000000  f2=0x00000000
     115855.000 ns	     11584	800027c8	a1c98053	fle.s	x0,f19,f28	 f19:0x00000000 f28:0x7f800000
     115895.000 ns	     11588	800027cc	18764d53	fdiv.s	f26,f12,f7	 f12:0x7fc00000  f7:0x7f800000 f26=0x7fc00000
     115915.000 ns	     11590	800027d0	414751b3	sra	x3,x14,x20	 x14:0xb4dce5c0 x20:0x00000000  x3=0xb4dce5c0
     115935.000 ns	     11592	800027d4	c00e25d3	fcvt.w.s	x11,f28	 f28:0x7f800000 x11=0x7fffffff
     115965.000 ns	     11595	800027d8	02e52cb3	mulhsu	x25,x10,x14	 x10:0x00000000 x14:0xb4dce5c0 x25=0x00000000
     115985.000 ns	     11597	800027dc	7c7e7c13	andi	x24,x28,1991	 x28:0x8ed69000 x24=0x00000000
     116005.000 ns	     11599	800027e0	21421153	fsgnjn.s	f2,f4,f20	  f4:0x3d9c6333 f20:0x4e99d1e0  f2=0xbd9c6333
     116055.000 ns	     11604	800027e4	08d17453	fsub.s	f8,f2,f13	  f2:0x00000000 f13:0xff800000  f8=0x7f800000
     116085.000 ns	     11607	800027e8	21be9453	fsgnjn.s	f8,f29,f27	 f29:0x3f453ef4 f27:0x44fea000  f8=0xbf453ef4
     116115.000 ns	     11610	800027ec	e0001cd3	fclass.s	x25,f0	  f0:0x44fea000 x25=0x00000040
     116135.000 ns	     11612	800027f0	1900a093	slti	x1,x1,400	  x1:0x00000087  x1=0x00000001
     116155.000 ns	     11614	800027f4	29621f53	fmax.s	f30,f4,f22	  f4:0x3d9c6333 f22:0x00000002 f30=0x3d9c6333
     116175.000 ns	     11616	800027f8	00000013	addi	x0,x0,0	  x0:0x00000000
     116195.000 ns	     11618	800027fc	a0c814d3	flt.s	x9,f16,f12	 f16:0x44926303 f12:0x7fc00000  x9=0x00000000
     116225.000 ns	     11621	80002800	03fba3b3	mulhsu	x7,x23,x31	 x23:0x00000001 x31:0x80041024  x7=0x00000000
     116245.000 ns	     11623	80002804	40558333	sub	x6,x11,x5	 x11:0x7fffffff  x5:0xff800000  x6=0x807fffff
     116285.000 ns	     11627	80002808	00003fd3	fadd.s	f31,f0,f0	  f0:0x44fea000  f0:0x44fea000 f31=0x457ea000
     116315.000 ns	     11630	8000280c	a05c9753	flt.s	x14,f25,f5	 f25:0x3f5c943a  f5:0x00000000 x14=0x00000000
     116335.000 ns	     11632	80002810	0181fc33	and	x24,x3,x24	  x3:0xb4dce5c0 x24:0x00000000 x24=0x00000000
     116355.000 ns	     11634	80002814	03aa33b3	mulhu	x7,x20,x26	 x20:0x00000000 x26:0xff800000  x7=0x00000000
     116375.000 ns	     11636	80002818	00709a13	slli	x20,x1,0x7	  x1:0x00000001 x20=0x00000080
     116395.000 ns	     11638	8000281c	f00f8853	fmv.w.x	f16,x31	 x31:0x80041024 f16=0x80041024
     116445.000 ns	     11643	80002820	017bb7d3	fadd.s	f15,f23,f23	 f23:0x41600000 f23:0x41600000 f15=0x41e00000
     116495.000 ns	     11648	80002824	08bff1d3	fsub.s	f3,f31,f11	 f31:0x457ea000 f11:0x00000000  f3=0x457ea000
     116515.000 ns	     11650	80002828	4e6ae993	ori	x19,x21,1254	 x21:0xffffffff x19=0xffffffff
     116535.000 ns	     11652	8000282c	0363ec33	rem	x24,x7,x22	  x7:0x00000000 x22:0x00000000 x24=0x00000000
     116555.000 ns	     11654	80002830	4094d5b3	sra	x11,x9,x9	  x9:0x00000000  x9:0x00000000 x11=0x00000000
     116565.000 ns	     11655	80002834	459e2413	slti	x8,x28,1113	 x28:0x8ed69000  x8=0x00000001
     116605.000 ns	     11659	80002838	093b80d3	fsub.s	f1,f23,f19	 f23:0x41600000 f19:0x00000000  f1=0x41600000
     116625.000 ns	     11661	8000283c	3a24f893	andi	x17,x9,930	  x9:0x00000000 x17=0x00000000
     116635.000 ns	     11662	80002840	0124f1b3	and	x3,x9,x18	  x9:0x00000000 x18:0x00000001  x3=0x00000000
     116655.000 ns	     11664	80002844	030fb6b3	mulhu	x13,x31,x16	 x31:0x80041024 x16:0x80040fe4 x13=0x40041014
     116675.000 ns	     11666	80002848	40725213	srai	x4,x4,0x7	  x4:0x80040fe5  x4=0xff00081f
     116715.000 ns	     11670	8000284c	01f63e53	fadd.s	f28,f12,f31	 f12:0x7fc00000 f31:0x457ea000 f28=0x7fc00000
     116735.000 ns	     11672	80002850	0021b433	sltu	x8,x3,x2	  x3:0x00000000  x2:0x00000002  x8=0x00000001
     116775.000 ns	     11676	80002854	0087f053	fadd.s	f0,f15,f8	 f15:0x41e00000  f8:0xbf453ef4  f0=0x41d9d608
     116795.000 ns	     11678	80002858	40015413	srai	x8,x2,0x0	  x2:0x00000002  x8=0x00000002
     116825.000 ns	     11681	8000285c	58097a53	fsqrt.s	f20,f18	 f18:0x00000000 f20=0x00000000
     116855.000 ns	     11684	80002860	298604d3	fmin.s	f9,f12,f24	 f12:0x7fc00000 f24:0xbc0633f0  f9=0xbc0633f0
     116875.000 ns	     11686	80002864	0161bcb3	sltu	x25,x3,x22	  x3:0x00000000 x22:0x00000000 x25=0x00000000
     117965.000 ns	     11795	80002868	580cfa53	fsqrt.s	f20,f25	 f25:0x3f5c943a f20=0x3f1bf911
     117995.000 ns	     11798	8000286c	a1ac0b53	fle.s	x22,f24,f26	 f24:0xbc0633f0 f26:0x7fc00000 x22=0x00000000
     118335.000 ns	     11832	80002870	18f7a853	fdiv.s	f16,f15,f15	 f15:0x41e00000 f15:0x41e00000 f16=0x3fde2602
     118365.000 ns	     11835	80002874	02e40bb3	mul	x23,x8,x14	  x8:0x00000002 x14:0x00000000 x23=0x00000000
     118735.000 ns	     11872	80002878	03f3e433	rem	x8,x7,x31	  x7:0x00000000 x31:0x80041024  x8=0x00000000
     119105.000 ns	     11909	8000287c	0217ed33	rem	x26,x15,x1	 x15:0x00000001  x1:0x00000001 x26=0x00000000
     119125.000 ns	     11911	80002880	0030ee33	or	x28,x1,x3	  x1:0x00000001  x3:0x00000000 x28=0x00000001
     119145.000 ns	     11913	80002884	a1b98cd3	fle.s	x25,f19,f27	 f19:0x00000000 f27:0x44fea000 x25=0x00000001
     119165.000 ns	     11915	80002888	35925697	auipc	x13,0x35925	 x13=0xb5927888
     119175.000 ns	     11916	8000288c	00b102b3	add	x5,x2,x11	  x2:0x00000002 x11:0x00000000  x5=0x00000002
     119185.000 ns	     11917	80002890	00cd01b3	add	x3,x26,x12	 x26:0x00000000 x12:0x4ce8f000  x3=0x4ce8f000
     119205.000 ns	     11919	80002894	a1b0a1d3	feq.s	x3,f1,f27	  f1:0x41600000 f27:0x44fea000  x3=0x00000000
     119225.000 ns	     11921	80002898	003d1093	slli	x1,x26,0x3	 x26:0x00000000  x1=0x00000000
     119245.000 ns	     11923	8000289c	21f58853	fsgnj.s	f16,f11,f31	 f11:0x00000000 f31:0x457ea000 f16=0x00000000
     119275.000 ns	     11926	800028a0	28c58353	fmin.s	f6,f11,f12	 f11:0x00000000 f12:0x7fc00000  f6=0x00000000
     119295.000 ns	     11928	800028a4	c33e7c13	andi	x24,x28,-973	 x28:0x00000001 x24=0x00000001
     119305.000 ns	     11929	800028a8	01a78433	add	x8,x15,x26	 x15:0x00000001 x26:0x00000000  x8=0x00000001
     119315.000 ns	     11930	800028ac	01cfe533	or	x10,x31,x28	 x31:0x80041024 x28:0x00000001 x10=0x80041025
     119325.000 ns	     11931	800028b0	00000013	addi	x0,x0,0	  x0:0x00000000
     119365.000 ns	     11935	800028b4	09207653	fsub.s	f12,f0,f18	  f0:0x41d9d608 f18:0x00000000 f12=0x41d9d608
     119385.000 ns	     11937	800028b8	016474b3	and	x9,x8,x22	  x8:0x00000001 x22:0x00000000  x9=0x00000000
     119395.000 ns	     11938	800028bc	01ef1613	slli	x12,x30,0x1e	 x30:0x000007f5 x12=0x40000000
     119405.000 ns	     11939	800028c0	facd18b7	lui	x17,0xfacd1	 x17=0xfacd1000
     119765.000 ns	     11975	800028c4	033de733	rem	x14,x27,x19	 x27:0x0000000e x19:0xffffffff x14=0x00000000
     119785.000 ns	     11977	800028c8	00000013	addi	x0,x0,0	  x0:0x00000000
     119795.000 ns	     11978	800028cc	01140033	add	x0,x8,x17	  x8:0x00000001 x17:0xfacd1000
     119805.000 ns	     11979	800028d0	01cab033	sltu	x0,x21,x28	 x21:0xffffffff x28:0x00000001
     119815.000 ns	     11980	800028d4	00b8d393	srli	x7,x17,0xb	 x17:0xfacd1000  x7=0x001f59a2
     120985.000 ns	     12097	800028d8	580df1d3	fsqrt.s	f3,f27	 f27:0x44fea000  f3=0x42348818
     121005.000 ns	     12099	800028dc	43de6913	ori	x18,x28,1085	 x28:0x00000001 x18=0x0000043d
     121015.000 ns	     12100	800028e0	00ba1bb3	sll	x23,x20,x11	 x20:0x00000080 x11:0x00000000 x23=0x00000080
     121055.000 ns	     12104	800028e4	0934fc53	fsub.s	f24,f9,f19	  f9:0xbc0633f0 f19:0x00000000 f24=0xbc0633f0
     121085.000 ns	     12107	800028e8	02317033	remu	x0,x2,x3	  x2:0x00000002  x3:0x00000000
     121105.000 ns	     12109	800028ec	00d343b3	xor	x7,x6,x13	  x6:0x807fffff x13:0xb5927888  x7=0x35ed8777
     121115.000 ns	     12110	800028f0	19ba8593	addi	x11,x21,411	 x21:0xffffffff x11=0x0000019a
     121135.000 ns	     12112	800028f4	e00e0e53	fmv.x.w	x28,f28	 f28:0x7fc00000 x28=0x7fc00000
     121165.000 ns	     12115	800028f8	c0069a53	fcvt.w.s	x20,f13	 f13:0xff800000 x20=0x80000000
     121195.000 ns	     12118	800028fc	d0140353	fcvt.s.wu	f6,x8	  x8:0x00000001  f6=0x3f800000
     121215.000 ns	     12120	80002900	9106f193	andi	x3,x13,-1776	 x13:0xb5927888  x3=0xb5927800
     121225.000 ns	     12121	80002904	01c0fd33	and	x26,x1,x28	  x1:0x00000000 x28:0x7fc00000 x26=0x00000000
     121245.000 ns	     12123	80002908	d01400d3	fcvt.s.wu	f1,x8	  x8:0x00000001  f1=0x3f800000
     121265.000 ns	     12125	8000290c	8f2da193	slti	x3,x27,-1806	 x27:0x0000000e  x3=0x00000000
     121275.000 ns	     12126	80002910	3abd8213	addi	x4,x27,939	 x27:0x0000000e  x4=0x000003b9
     121285.000 ns	     12127	80002914	00f93733	sltu	x14,x18,x15	 x18:0x0000043d x15:0x00000001 x14=0x00000000
     121305.000 ns	     12129	80002918	a0b32353	feq.s	x6,f6,f11	  f6:0x3f800000 f11:0x00000000  x6=0x00000000
     121335.000 ns	     12132	8000291c	c01ea453	fcvt.wu.s	x8,f29	 f29:0x3f453ef4  x8=0x00000001
     121365.000 ns	     12135	80002920	03eca233	mulhsu	x4,x25,x30	 x25:0x00000001 x30:0x000007f5  x4=0x00000000
     121415.000 ns	     12140	80002924	00d87853	fadd.s	f16,f16,f13	 f16:0x00000000 f13:0xff800000 f16=0xff800000
     121445.000 ns	     12143	80002928	02bc87b3	mul	x15,x25,x11	 x25:0x00000001 x11:0x0000019a x15=0x0000019a
     121465.000 ns	     12145	8000292c	010125b3	slt	x11,x2,x16	  x2:0x00000002 x16:0x80040fe4 x11=0x00000000
     121475.000 ns	     12146	80002930	00000013	addi	x0,x0,0	  x0:0x00000000
     121485.000 ns	     12147	80002934	007f7f33	and	x30,x30,x7	 x30:0x000007f5  x7:0x35ed8777 x30=0x00000775
     121505.000 ns	     12149	80002938	a1279c53	flt.s	x24,f15,f18	 f15:0x41e00000 f18:0x00000000 x24=0x00000000
     121535.000 ns	     12152	8000293c	212c0453	fsgnj.s	f8,f24,f18	 f24:0xbc0633f0 f18:0x00000000  f8=0x3c0633f0
     121555.000 ns	     12154	80002940	9f9a0f13	addi	x30,x20,-1543	 x20:0x80000000 x30=0x7ffff9f9
     121575.000 ns	     12156	80002944	21759953	fsgnjn.s	f18,f11,f23	 f11:0x00000000 f23:0x41600000 f18=0x80000000
     121615.000 ns	     12160	80002948	580981d3	fsqrt.s	f3,f19	 f19:0x00000000  f3=0x00000000
     121635.000 ns	     12162	8000294c	e4546f13	ori	x30,x8,-443	  x8:0x00000001 x30=0xfffffe45
     121645.000 ns	     12163	80002950	00770633	add	x12,x14,x7	 x14:0x00000000  x7:0x35ed8777 x12=0x35ed8777
     121655.000 ns	     12164	80002954	00f45f33	srl	x30,x8,x15	  x8:0x00000001 x15:0x0000019a x30=0x00000000
     121675.000 ns	     12166	80002958	034115b3	mulh	x11,x2,x20	  x2:0x00000002 x20:0x80000000 x11=0xffffffff
     121695.000 ns	     12168	8000295c	00b71d13	slli	x26,x14,0xb	 x14:0x00000000 x26=0x00000000
     121705.000 ns	     12169	80002960	dd15c493	xori	x9,x11,-559	 x11:0xffffffff  x9=0x0000022e
     121725.000 ns	     12171	80002964	d00cf5d3	fcvt.s.w	f11,x25	 x25:0x00000001 f11=0x3f800000
     121755.000 ns	     12174	80002968	e00e1253	fclass.s	x4,f28	 f28:0x7fc00000  x4=0x00000200
     121785.000 ns	     12177	8000296c	f0020fd3	fmv.w.x	f31,x4	  x4:0x00000000 f31=0x00000200
     121805.000 ns	     12179	80002970	81e8b993	sltiu	x19,x17,-2018	 x17:0xfacd1000 x19=0x00000001
     121815.000 ns	     12180	80002974	00000013	addi	x0,x0,0	  x0:0x00000000
     121835.000 ns	     12182	80002978	02793bb3	mulhu	x23,x18,x7	 x18:0x0000043d  x7:0x35ed8777 x23=0x000000e4
     121855.000 ns	     12184	8000297c	01703733	sltu	x14,x0,x23	  x0:0x00000000 x23:0x00000080 x14=0x00000001
     121875.000 ns	     12186	80002980	d01ff653	fcvt.s.wu	f12,x31	 x31:0x80041024 f12=0x4f000410
     122245.000 ns	     12223	80002984	02e9d033	divu	x0,x19,x14	 x19:0x00000001 x14:0x00000000
     122265.000 ns	     12225	80002988	00c84e33	xor	x28,x16,x12	 x16:0x80040fe4 x12:0x35ed8777 x28=0xb5e98893
     122275.000 ns	     12226	8000298c	4e5323b7	lui	x7,0x4e532	  x7=0x4e532000
     122285.000 ns	     12227	80002990	d3a32313	slti	x6,x6,-710	  x6:0x00000000  x6=0x00000000
     122295.000 ns	     12228	80002994	01beb2b3	sltu	x5,x29,x27	 x29:0x00000000 x27:0x0000000e  x5=0x00000001
     122305.000 ns	     12229	80002998	c9b6a493	slti	x9,x13,-869	 x13:0xb5927888  x9=0x00000001
     122315.000 ns	     12230	8000299c	00dd1333	sll	x6,x26,x13	 x26:0x00000000 x13:0xb5927888  x6=0x00000000
     122335.000 ns	     12232	800029a0	039e99b3	mulh	x19,x29,x25	 x29:0x00000000 x25:0x00000001 x19=0x00000000
     122365.000 ns	     12235	800029a4	c00822d3	fcvt.w.s	x5,f16	 f16:0xff800000  x5=0x80000000
     122385.000 ns	     12237	800029a8	004e6633	or	x12,x28,x4	 x28:0xb5e98893  x4:0x00000200 x12=0xb5e98a93
     122405.000 ns	     12239	800029ac	d01e7453	fcvt.s.wu	f8,x28	 x28:0xb5e98893  f8=0x4f35e988
     122425.000 ns	     12241	800029b0	4127dc33	sra	x24,x15,x18	 x15:0x0000019a x18:0x0000043d x24=0x00000000
     122785.000 ns	     12277	800029b4	032afbb3	remu	x23,x21,x18	 x21:0xffffffff x18:0x0000043d x23=0x000000dc
     122815.000 ns	     12280	800029b8	03e517b3	mulh	x15,x10,x30	 x10:0x80041025 x30:0x00000000 x15=0x00000000
     122845.000 ns	     12283	800029bc	03751f33	mulh	x30,x10,x23	 x10:0x80041025 x23:0x000000dc x30=0xffffff92
     122865.000 ns	     12285	800029c0	00df64b3	or	x9,x30,x13	 x30:0x00000000 x13:0xb5927888  x9=0xffffff9a
     122885.000 ns	     12287	800029c4	21d8abd3	fsgnjx.s	f23,f17,f29	 f17:0x44942303 f29:0x3f453ef4 f23=0x44942303
     123255.000 ns	     12324	800029c8	03f34b33	div	x22,x6,x31	  x6:0x00000000 x31:0x80041024 x22=0x00000000
     123275.000 ns	     12326	800029cc	011d68b3	or	x17,x26,x17	 x26:0x00000000 x17:0xfacd1000 x17=0xfacd1000
     123295.000 ns	     12328	800029d0	c012f453	fcvt.wu.s	x8,f5	  f5:0x00000000  x8=0x00000000
     123325.000 ns	     12331	800029d4	02e30733	mul	x14,x6,x14	  x6:0x00000000 x14:0x00000001 x14=0x00000000
     123355.000 ns	     12334	800029d8	21212f53	fsgnjx.s	f30,f2,f18	  f2:0xbd9c6333 f18:0x80000000 f30=0x3d9c6333
     123375.000 ns	     12336	800029dc	95a43017	auipc	x0,0x95a43	
     123395.000 ns	     12338	800029e0	c00d4753	fcvt.w.s	x14,f26	 f26:0x7fc00000 x14=0x7fffffff
     123425.000 ns	     12341	800029e4	03bb1a33	mulh	x20,x22,x27	 x22:0x00000000 x27:0x0000000e x20=0x00000000
     123445.000 ns	     12343	800029e8	40cbd693	srai	x13,x23,0xc	 x23:0x000000dc x13=0x00000000
     123455.000 ns	     12344	800029ec	017bf6b3	and	x13,x23,x23	 x23:0x000000dc x23:0x000000dc x13=0x000000dc
     123475.000 ns	     12346	800029f0	035b06b3	mul	x13,x22,x21	 x22:0x00000000 x21:0xffffffff x13=0x00000000
     123495.000 ns	     12348	800029f4	0b6a3913	sltiu	x18,x20,182	 x20:0x00000000 x18=0x00000001
     123515.000 ns	     12350	800029f8	02dba8b3	mulhsu	x17,x23,x13	 x23:0x000000dc x13:0x00000000 x17=0x00000000
     123535.000 ns	     12352	800029fc	60402d13	slti	x26,x0,1540	  x0:0x00000000 x26=0x00000001
     123555.000 ns	     12354	80002a00	03376a33	rem	x20,x14,x19	 x14:0x7fffffff x19:0x00000000 x20=0x7fffffff
     123575.000 ns	     12356	80002a04	00559eb3	sll	x29,x11,x5	 x11:0xffffffff  x5:0x80000000 x29=0xffffffff
     123585.000 ns	     12357	80002a08	408d5433	sra	x8,x26,x8	 x26:0x00000001  x8:0x00000000  x8=0x00000001
     123605.000 ns	     12359	80002a0c	29679a53	fmax.s	f20,f15,f22	 f15:0x41e00000 f22:0x00000002 f20=0x41e00000
     123625.000 ns	     12361	80002a10	41308e33	sub	x28,x1,x19	  x1:0x00000000 x19:0x00000000 x28=0x00000000
     123985.000 ns	     12397	80002a14	03b3c6b3	div	x13,x7,x27	  x7:0x4e532000 x27:0x0000000e x13=0x05983924
     124005.000 ns	     12399	80002a18	6e293213	sltiu	x4,x18,1762	 x18:0x00000001  x4=0x00000001
     124025.000 ns	     12401	80002a1c	201407d3	fsgnj.s	f15,f8,f1	  f8:0x4f35e988  f1:0x3f800000 f15=0x4f35e988
     124055.000 ns	     12404	80002a20	20f703d3	fsgnj.s	f7,f14,f15	 f14:0xc4942303 f15:0x41e00000  f7=0x44942303
     124075.000 ns	     12406	80002a24	875b8913	addi	x18,x23,-1931	 x23:0x000000dc x18=0xfffff951
     124085.000 ns	     12407	80002a28	406e5333	sra	x6,x28,x6	 x28:0x00000000  x6:0x00000000  x6=0x00000000
     124095.000 ns	     12408	80002a2c	ff613413	sltiu	x8,x2,-10	  x2:0x00000002  x8=0x00000001
     124115.000 ns	     12410	80002a30	20688353	fsgnj.s	f6,f17,f6	 f17:0x44942303  f6:0x3f800000  f6=0x44942303
     124135.000 ns	     12412	80002a34	0129fe33	and	x28,x19,x18	 x19:0x00000000 x18:0xfffff951 x28=0x00000000
     124145.000 ns	     12413	80002a38	eabeb097	auipc	x1,0xeabeb	  x1=0x6abeda38
     124155.000 ns	     12414	80002a3c	55dcd637	lui	x12,0x55dcd	 x12=0x55dcd000
     124165.000 ns	     12415	80002a40	00ead393	srli	x7,x21,0xe	 x21:0xffffffff  x7=0x0003ffff
     124185.000 ns	     12417	80002a44	d002fc53	fcvt.s.w	f24,x5	  x5:0x80000000 f24=0xcf000000
     124225.000 ns	     12421	80002a48	113eab53	fmul.s	f22,f29,f19	 f29:0x3f453ef4 f19:0x00000000 f22=0x00000000
     124255.000 ns	     12424	80002a4c	2126add3	fsgnjx.s	f27,f13,f18	 f13:0xff800000 f18:0x80000000 f27=0x7f800000
     124275.000 ns	     12426	80002a50	01323f33	sltu	x30,x4,x19	  x4:0x00000001 x19:0x00000000 x30=0x00000000
     124285.000 ns	     12427	80002a54	0002e6b3	or	x13,x5,x0	  x5:0x80000000  x0:0x00000000 x13=0x80000000
     124295.000 ns	     12428	80002a58	40000033	sub	x0,x0,x0	  x0:0x00000000  x0:0x00000000
     124315.000 ns	     12430	80002a5c	204f9ed3	fsgnjn.s	f29,f31,f4	 f31:0x00000200  f4:0x3d9c6333 f29=0x80000200
     124345.000 ns	     12433	80002a60	0203f633	remu	x12,x7,x0	  x7:0x0003ffff  x0:0x00000000 x12=0x0003ffff
     124375.000 ns	     12436	80002a64	295c9753	fmax.s	f14,f25,f21	 f25:0x3f5c943a f21:0x7fc00000 f14=0x3f5c943a
     124395.000 ns	     12438	80002a68	0086c3b3	xor	x7,x13,x8	 x13:0x80000000  x8:0x00000001  x7=0x80000001
     124405.000 ns	     12439	80002a6c	01bc9033	sll	x0,x25,x27	 x25:0x00000001 x27:0x0000000e
     124425.000 ns	     12441	80002a70	035816b3	mulh	x13,x16,x21	 x16:0x80040fe4 x21:0xffffffff x13=0x00000000
     124455.000 ns	     12444	80002a74	e0070ed3	fmv.x.w	x29,f14	 f14:0x3f5c943a x29=0x3f5c943a
     124475.000 ns	     12446	80002a78	00448433	add	x8,x9,x4	  x9:0xffffff9a  x4:0x00000001  x8=0xffffff9b
     124835.000 ns	     12482	80002a7c	032576b3	remu	x13,x10,x18	 x10:0x80041025 x18:0xfffff951 x13=0x80041025
     124865.000 ns	     12485	80002a80	036b92b3	mulh	x5,x23,x22	 x23:0x000000dc x22:0x00000000  x5=0x00000000
     124895.000 ns	     12488	80002a84	e0089ed3	fclass.s	x29,f17	 f17:0x44942303 x29=0x00000040
     124925.000 ns	     12491	80002a88	034403b3	mul	x7,x8,x20	  x8:0xffffff9b x20:0x7fffffff  x7=0x80000065
     124965.000 ns	     12495	80002a8c	10447653	fmul.s	f12,f8,f4	  f8:0x4f35e988  f4:0x3d9c6333 f12=0x4d5e4198
     125005.000 ns	     12499	80002a90	183ef5d3	fdiv.s	f11,f29,f3	 f29:0x80000200  f3:0x00000000 f11=0xff800000
     125035.000 ns	     12502	80002a94	038afeb3	remu	x29,x21,x24	 x21:0xffffffff x24:0x00000000 x29=0xffffffff
     125065.000 ns	     12505	80002a98	02183d33	mulhu	x26,x16,x1	 x16:0x80040fe4  x1:0x6abeda38 x26=0x35611eb7
     125435.000 ns	     12542	80002a9c	030d48b3	div	x17,x26,x16	 x26:0x00000001 x16:0x80040fe4 x17=0x00000000
     125455.000 ns	     12544	80002aa0	400750b3	sra	x1,x14,x0	 x14:0x7fffffff  x0:0x00000000  x1=0x7fffffff
     125475.000 ns	     12546	80002aa4	e0071ed3	fclass.s	x29,f14	 f14:0x3f5c943a x29=0x00000040
     125505.000 ns	     12549	80002aa8	a1f403d3	fle.s	x7,f8,f31	  f8:0x4f35e988 f31:0x00000200  x7=0x00000000
     125525.000 ns	     12551	80002aac	40a58d33	sub	x26,x11,x10	 x11:0xffffffff x10:0x80041025 x26=0x7ffbefda
     125545.000 ns	     12553	80002ab0	e0060153	fmv.x.w	x2,f12	 f12:0x4d5e4198  x2=0x4d5e4198
     125575.000 ns	     12556	80002ab4	202aacd3	fsgnjx.s	f25,f21,f2	 f21:0x7fc00000  f2:0xbd9c6333 f25=0xffc00000
     125945.000 ns	     12593	80002ab8	02b7f133	remu	x2,x15,x11	 x15:0x00000000 x11:0xffffffff  x2=0x00000000
     125965.000 ns	     12595	80002abc	cdde8c93	addi	x25,x29,-803	 x29:0x00000040 x25=0xfffffd1d
     125975.000 ns	     12596	80002ac0	b2762413	slti	x8,x12,-1241	 x12:0x0003ffff  x8=0x00000000
     125995.000 ns	     12598	80002ac4	a00a0ed3	fle.s	x29,f20,f0	 f20:0x41e00000  f0:0x41d9d608 x29=0x00000000
     126025.000 ns	     12601	80002ac8	294498d3	fmax.s	f17,f9,f20	  f9:0xbc0633f0 f20:0x41e00000 f17=0x41e00000
     126055.000 ns	     12604	80002acc	02da21b3	mulhsu	x3,x20,x13	 x20:0x7fffffff x13:0x80041025  x3=0x40020811
     126075.000 ns	     12606	80002ad0	01b09f13	slli	x30,x1,0x1b	  x1:0x7fffffff x30=0xf8000000
     126085.000 ns	     12607	80002ad4	0050a0b3	slt	x1,x1,x5	  x1:0x7fffffff  x5:0x00000000  x1=0x00000000
     126095.000 ns	     12608	80002ad8	01f85893	srli	x17,x16,0x1f	 x16:0x80040fe4 x17=0x00000001
     126115.000 ns	     12610	80002adc	d01676d3	fcvt.s.wu	f13,x12	 x12:0x0003ffff f13=0x487fffc0
     126135.000 ns	     12612	80002ae0	70d1c313	xori	x6,x3,1805	  x3:0x40020811  x6=0x40020f1c
     126145.000 ns	     12613	80002ae4	64318693	addi	x13,x3,1603	  x3:0x40020811 x13=0x40020e54
     126475.000 ns	     12646	80002ae8	19427ed3	fdiv.s	f29,f4,f20	  f4:0x3d9c6333 f20:0x41e00000 f29=0x3b9b1847
     126505.000 ns	     12649	80002aec	03ae97b3	mulh	x15,x29,x26	 x29:0x00000000 x26:0x7ffbefda x15=0x00000000
     126525.000 ns	     12651	80002af0	0131ff33	and	x30,x3,x19	  x3:0x40020811 x19:0x00000000 x30=0x00000000
     126545.000 ns	     12653	80002af4	036b46b3	div	x13,x22,x22	 x22:0x00000000 x22:0x00000000 x13=0xffffffff
     126575.000 ns	     12656	80002af8	e0090953	fmv.x.w	x18,f18	 f18:0x80000000 x18=0x80000000
     126605.000 ns	     12659	80002afc	c002acd3	fcvt.w.s	x25,f5	  f5:0x00000000 x25=0x00000000
     126635.000 ns	     12662	80002b00	d001add3	fcvt.s.w	f27,x3	  x3:0x40020811 f27=0x4e800411
     126665.000 ns	     12665	80002b04	a0c31053	flt.s	x0,f6,f12	  f6:0x44942303 f12:0x4d5e4198
     126685.000 ns	     12667	80002b08	008d60b3	or	x1,x26,x8	 x26:0x7ffbefda  x8:0x00000000  x1=0x7ffbefda
     126725.000 ns	     12671	80002b0c	08718f53	fsub.s	f30,f3,f7	  f3:0x00000000  f7:0x44942303 f30=0xc4942303
     126745.000 ns	     12673	80002b10	0073c5b3	xor	x11,x7,x7	  x7:0x00000000  x7:0x00000000 x11=0x00000000
     126765.000 ns	     12675	80002b14	28ab12d3	fmax.s	f5,f22,f10	 f22:0x00000000 f10:0x80000000  f5=0x00000000
     126795.000 ns	     12678	80002b18	2056a8d3	fsgnjx.s	f17,f13,f5	 f13:0x487fffc0  f5:0x00000000 f17=0x487fffc0
     126825.000 ns	     12681	80002b1c	02b3f7b3	remu	x15,x7,x11	  x7:0x00000000 x11:0x00000000 x15=0x00000000
     126855.000 ns	     12684	80002b20	281b1c53	fmax.s	f24,f22,f1	 f22:0x00000000  f1:0x3f800000 f24=0x3f800000
     126875.000 ns	     12686	80002b24	4050dc93	srai	x25,x1,0x5	  x1:0x7ffbefda x25=0x03ffdf7e
     126895.000 ns	     12688	80002b28	d0072253	fcvt.s.w	f4,x14	 x14:0x7fffffff  f4=0x4f000000
     127235.000 ns	     12722	80002b2c	182dfc53	fdiv.s	f24,f27,f2	 f27:0x4e800411  f2:0xbd9c6333 f24=0xd0046460
     127255.000 ns	     12724	80002b30	0052aeb3	slt	x29,x5,x5	  x5:0x00000000  x5:0x00000000 x29=0x00000000
     127265.000 ns	     12725	80002b34	e24ffe13	andi	x28,x31,-476	 x31:0x80041024 x28=0x80041024
     127275.000 ns	     12726	80002b38	f7000f13	addi	x30,x0,-144	  x0:0x00000000 x30=0xffffff70
     127285.000 ns	     12727	80002b3c	6e320293	addi	x5,x4,1763	  x4:0x00000001  x5=0x000006e4
     127295.000 ns	     12728	80002b40	1646e093	ori	x1,x13,356	 x13:0xffffffff  x1=0xffffffff
     127305.000 ns	     12729	80002b44	83900b93	addi	x23,x0,-1991	  x0:0x00000000 x23=0xfffff839
     127315.000 ns	     12730	80002b48	01a0f033	and	x0,x1,x26	  x1:0x7ffbefda x26:0x7ffbefda
     127325.000 ns	     12731	80002b4c	0074fc33	and	x24,x9,x7	  x9:0xffffff9a  x7:0x00000000 x24=0x00000000
     127335.000 ns	     12732	80002b50	41abdc33	sra	x24,x23,x26	 x23:0xfffff839 x26:0x7ffbefda x24=0xffffffff
     127355.000 ns	     12734	80002b54	217d9dd3	fsgnjn.s	f27,f27,f23	 f27:0x4e800411 f23:0x44942303 f27=0xce800411
     127375.000 ns	     12736	80002b58	01299a33	sll	x20,x19,x18	 x19:0x00000000 x18:0x80000000 x20=0x00000000
     127395.000 ns	     12738	80002b5c	e00d88d3	fmv.x.w	x17,f27	 f27:0xce800411 x17=0xce800411
     127425.000 ns	     12741	80002b60	286d1fd3	fmax.s	f31,f26,f6	 f26:0x7fc00000  f6:0x44942303 f31=0x44942303
     127445.000 ns	     12743	80002b64	b1c1fe93	andi	x29,x3,-1252	  x3:0x40020811 x29=0x40020810
     127805.000 ns	     12779	80002b68	024d4933	div	x18,x26,x4	 x26:0x7ffbefda  x4:0x00000001 x18=0x7ffbefda
     127835.000 ns	     12782	80002b6c	c0144d53	fcvt.wu.s	x26,f8	  f8:0x4f35e988 x26=0xb5e98800
     127865.000 ns	     12785	80002b70	d0018e53	fcvt.s.w	f28,x3	  x3:0x40020811 f28=0x4e800410
     127895.000 ns	     12788	80002b74	037ba133	mulhsu	x2,x23,x23	 x23:0xfffff839 x23:0xfffff839  x2=0xfffff839
     127915.000 ns	     12790	80002b78	00b25793	srli	x15,x4,0xb	  x4:0x00000001 x15=0x00000000
     127935.000 ns	     12792	80002b7c	a117a5d3	feq.s	x11,f15,f17	 f15:0x4f35e988 f17:0x487fffc0 x11=0x00000000
     127955.000 ns	     12794	80002b80	001ebbb3	sltu	x23,x29,x1	 x29:0x40020810  x1:0xffffffff x23=0x00000001
     127995.000 ns	     12798	80002b84	08a84853	fsub.s	f16,f16,f10	 f16:0xff800000 f10:0x80000000 f16=0xff800000
     128045.000 ns	     12803	80002b88	00729dd3	fadd.s	f27,f5,f7	  f5:0x00000000  f7:0x44942303 f27=0x44942303
     128065.000 ns	     12805	80002b8c	41edd093	srai	x1,x27,0x1e	 x27:0x0000000e  x1=0x00000000
     128075.000 ns	     12806	80002b90	00bbb133	sltu	x2,x23,x11	 x23:0x00000001 x11:0x00000000  x2=0x00000000
     128085.000 ns	     12807	80002b94	952e8193	addi	x3,x29,-1710	 x29:0x40020810  x3=0x40020162
     128105.000 ns	     12809	80002b98	a1150b53	fle.s	x22,f10,f17	 f10:0x80000000 f17:0x487fffc0 x22=0x00000001
     128135.000 ns	     12812	80002b9c	28378fd3	fmin.s	f31,f15,f3	 f15:0x4f35e988  f3:0x00000000 f31=0x00000000
     128155.000 ns	     12814	80002ba0	00ec1313	slli	x6,x24,0xe	 x24:0xffffffff  x6=0xffffc000
     128485.000 ns	     12847	80002ba4	191d81d3	fdiv.s	f3,f27,f17	 f27:0x44942303 f17:0x487fffc0  f3=0x3b942304
     128505.000 ns	     12849	80002ba8	88668237	lui	x4,0x88668	  x4=0x88668000
     128525.000 ns	     12851	80002bac	02b971b3	remu	x3,x18,x11	 x18:0x7ffbefda x11:0x00000000  x3=0x7ffbefda
     128545.000 ns	     12853	80002bb0	007472b3	and	x5,x8,x7	  x8:0x00000000  x7:0x00000000  x5=0x00000000
     128565.000 ns	     12855	80002bb4	c008fb53	fcvt.w.s	x22,f17	 f17:0x487fffc0 x22=0x0003ffff
     128615.000 ns	     12860	80002bb8	0984a953	fsub.s	f18,f9,f24	  f9:0xbc0633f0 f24:0xd0046460 f18=0x5004645f
     128645.000 ns	     12863	80002bbc	29c81753	fmax.s	f14,f16,f28	 f16:0xff800000 f28:0x4e800410 f14=0x4e800410
     128665.000 ns	     12865	80002bc0	40855713	srai	x14,x10,0x8	 x10:0x80041025 x14=0xff800410
     128685.000 ns	     12867	80002bc4	21c380d3	fsgnj.s	f1,f7,f28	  f7:0x44942303 f28:0x4e800410  f1=0x44942303
     128715.000 ns	     12870	80002bc8	c00806d3	fcvt.w.s	x13,f16	 f16:0xff800000 x13=0x80000000
     128745.000 ns	     12873	80002bcc	c001f6d3	fcvt.w.s	x13,f3	  f3:0x3b942304 x13=0x00000000
     128775.000 ns	     12876	80002bd0	28de8a53	fmin.s	f20,f29,f13	 f29:0x3b9b1847 f13:0x487fffc0 f20=0x3b9b1847
     128805.000 ns	     12879	80002bd4	21730753	fsgnj.s	f14,f6,f23	  f6:0x44942303 f23:0x44942303 f14=0x44942303
     128835.000 ns	     12882	80002bd8	289a16d3	fmax.s	f13,f20,f9	 f20:0x3b9b1847  f9:0xbc0633f0 f13=0x3b9b1847
     128875.000 ns	     12886	80002bdc	580545d3	fsqrt.s	f11,f10	 f10:0x80000000 f11=0x80000000
     128905.000 ns	     12889	80002be0	21448353	fsgnj.s	f6,f9,f20	  f9:0xbc0633f0 f20:0x3b9b1847  f6=0x3c0633f0
     129275.000 ns	     12926	80002be4	032bf6b3	remu	x13,x23,x18	 x23:0x00000001 x18:0x7ffbefda x13=0x00000001
     129295.000 ns	     12928	80002be8	00d68533	add	x10,x13,x13	 x13:0x00000000 x13:0x00000000 x10=0x00000002
     129325.000 ns	     12931	80002bec	580f2d53	fsqrt.s	f26,f30	 f30:0xc4942303 f26=0x7fc00000
     129355.000 ns	     12934	80002bf0	d013f8d3	fcvt.s.wu	f17,x7	  x7:0x00000000 f17=0x00000000
     129375.000 ns	     12936	80002bf4	eadc0a37	lui	x20,0xeadc0	 x20=0xeadc0000
     129395.000 ns	     12938	80002bf8	03c7bf33	mulhu	x30,x15,x28	 x15:0x00000000 x28:0x80041024 x30=0x00000000
     129425.000 ns	     12941	80002bfc	f00489d3	fmv.w.x	f19,x9	  x9:0xffffff9a f19=0xffffff9a
     129455.000 ns	     12944	80002c00	c01c1c53	fcvt.wu.s	x24,f24	 f24:0xd0046460 x24=0x00000000
     129485.000 ns	     12947	80002c04	29e09bd3	fmax.s	f23,f1,f30	  f1:0x44942303 f30:0xc4942303 f23=0x44942303
     129855.000 ns	     12984	80002c08	03fce433	rem	x8,x25,x31	 x25:0x03ffdf7e x31:0x80041024  x8=0x03ffdf7e
     129875.000 ns	     12986	80002c0c	94552313	slti	x6,x10,-1723	 x10:0x00000002  x6=0x00000000
     129885.000 ns	     12987	80002c10	cbf8e393	ori	x7,x17,-833	 x17:0xce800411  x7=0xfffffcbf
     129895.000 ns	     12988	80002c14	ac0e0e93	addi	x29,x28,-1344	 x28:0x80041024 x29=0x80040ae4
     129915.000 ns	     12990	80002c18	20f62d53	fsgnjx.s	f26,f12,f15	 f12:0x4d5e4198 f15:0x4f35e988 f26=0x4d5e4198
     129945.000 ns	     12993	80002c1c	295818d3	fmax.s	f17,f16,f21	 f16:0xff800000 f21:0x7fc00000 f17=0xff800000
     129965.000 ns	     12995	80002c20	0113da13	srli	x20,x7,0x11	  x7:0xfffffcbf x20=0x00007fff
     129975.000 ns	     12996	80002c24	012d5a13	srli	x20,x26,0x12	 x26:0xb5e98800 x20=0x00002d7a
     129995.000 ns	     12998	80002c28	d01d0553	fcvt.s.wu	f10,x26	 x26:0xb5e98800 f10=0x4f35e988
     130015.000 ns	     13000	80002c2c	41c70eb3	sub	x29,x14,x28	 x14:0xff800410 x28:0x80041024 x29=0x7f7bf3ec
     130025.000 ns	     13001	80002c30	014972b3	and	x5,x18,x20	 x18:0x7ffbefda x20:0x00002d7a  x5=0x00002d5a
     130055.000 ns	     13004	80002c34	10387d53	fmul.s	f26,f16,f3	 f16:0xff800000  f3:0x3b942304 f26=0xff800000
     130075.000 ns	     13006	80002c38	00ed1d13	slli	x26,x26,0xe	 x26:0xb5e98800 x26=0x62000000
     130095.000 ns	     13008	80002c3c	c004f753	fcvt.w.s	x14,f9	  f9:0xbc0633f0 x14=0x00000000
     130125.000 ns	     13011	80002c40	20c70b53	fsgnj.s	f22,f14,f12	 f14:0x44942303 f12:0x4d5e4198 f22=0x44942303
     130145.000 ns	     13013	80002c44	00000013	addi	x0,x0,0	  x0:0x00000000
     130155.000 ns	     13014	80002c48	0171d493	srli	x9,x3,0x17	  x3:0x7ffbefda  x9=0x000000ff
     130175.000 ns	     13016	80002c4c	03172533	mulhsu	x10,x14,x17	 x14:0x00000000 x17:0xce800411 x10=0x00000000
     130195.000 ns	     13018	80002c50	f1a6a093	slti	x1,x13,-230	 x13:0x00000001  x1=0x00000000
     130215.000 ns	     13020	80002c54	a0c52453	feq.s	x8,f10,f12	 f10:0x4f35e988 f12:0x4d5e4198  x8=0x00000000
     130235.000 ns	     13022	80002c58	0187d593	srli	x11,x15,0x18	 x15:0x00000000 x11=0x00000000
     130245.000 ns	     13023	80002c5c	018e91b3	sll	x3,x29,x24	 x29:0x7f7bf3ec x24:0x00000000  x3=0x7f7bf3ec
     130605.000 ns	     13059	80002c60	03ffdf33	divu	x30,x31,x31	 x31:0x80041024 x31:0x80041024 x30=0x00000001
     130635.000 ns	     13062	80002c64	f0048cd3	fmv.w.x	f25,x9	  x9:0x000000ff f25=0x000000ff
     130665.000 ns	     13065	80002c68	d002f153	fcvt.s.w	f2,x5	  x5:0x00002d5a  f2=0x46356800
     130705.000 ns	     13069	80002c6c	10c88453	fmul.s	f8,f17,f12	 f17:0xff800000 f12:0x4d5e4198  f8=0xff800000
     130735.000 ns	     13072	80002c70	d0188753	fcvt.s.wu	f14,x17	 x17:0xce800411 f14=0x4f4e8004
     130755.000 ns	     13074	80002c74	1ffbee13	ori	x28,x23,511	 x23:0x00000001 x28=0x000001ff
     130775.000 ns	     13076	80002c78	20631953	fsgnjn.s	f18,f6,f6	  f6:0x3c0633f0  f6:0x3c0633f0 f18=0xbc0633f0
     130805.000 ns	     13079	80002c7c	c01dbbd3	fcvt.wu.s	x23,f27	 f27:0x44942303 x23=0x000004a2
     130835.000 ns	     13082	80002c80	21321a53	fsgnjn.s	f20,f4,f19	  f4:0x4f000000 f19:0xffffff9a f20=0x4f000000
     130865.000 ns	     13085	80002c84	c01afcd3	fcvt.wu.s	x25,f21	 f21:0x7fc00000 x25=0xffffffff
     130885.000 ns	     13087	80002c88	41f1d6b3	sra	x13,x3,x31	  x3:0x7f7bf3ec x31:0x80041024 x13=0x07f7bf3e
     130905.000 ns	     13089	80002c8c	a1638753	fle.s	x14,f7,f22	  f7:0x44942303 f22:0x44942303 x14=0x00000001
     130925.000 ns	     13091	80002c90	0028ae33	slt	x28,x17,x2	 x17:0xce800411  x2:0x00000000 x28=0x00000001
     130935.000 ns	     13092	80002c94	010634b3	sltu	x9,x12,x16	 x12:0x0003ffff x16:0x80040fe4  x9=0x00000001
     130945.000 ns	     13093	80002c98	41d9d3b3	sra	x7,x19,x29	 x19:0x00000000 x29:0x7f7bf3ec  x7=0x00000000
     130955.000 ns	     13094	80002c9c	005b32b3	sltu	x5,x22,x5	 x22:0x0003ffff  x5:0x00002d5a  x5=0x00000000
     130985.000 ns	     13097	80002ca0	113a7dd3	fmul.s	f27,f20,f19	 f20:0x4f000000 f19:0xffffff9a f27=0x7fc00000
     131005.000 ns	     13099	80002ca4	015b2bb3	slt	x23,x22,x21	 x22:0x0003ffff x21:0xffffffff x23=0x00000000
     131365.000 ns	     13135	80002ca8	036bd133	divu	x2,x23,x22	 x23:0x000004a2 x22:0x0003ffff  x2=0x00000000
     131415.000 ns	     13140	80002cac	092b46d3	fsub.s	f13,f22,f18	 f22:0x44942303 f18:0xbc0633f0 f13=0x44942346
     131445.000 ns	     13143	80002cb0	c009f6d3	fcvt.w.s	x13,f19	 f19:0xffffff9a x13=0x7fffffff
     131465.000 ns	     13145	80002cb4	019f5bb3	srl	x23,x30,x25	 x30:0x00000001 x25:0xffffffff x23=0x00000000
     131475.000 ns	     13146	80002cb8	00706cb3	or	x25,x0,x7	  x0:0x00000000  x7:0x00000000 x25=0x00000000
     131485.000 ns	     13147	80002cbc	53d6b713	sltiu	x14,x13,1341	 x13:0x7fffffff x14=0x00000000
     131505.000 ns	     13149	80002cc0	e0090bd3	fmv.x.w	x23,f18	 f18:0xbc0633f0 x23=0xbc0633f0
     131525.000 ns	     13151	80002cc4	10f05b17	auipc	x22,0x10f05	 x22=0x90f07cc4
     131545.000 ns	     13153	80002cc8	e0010453	fmv.x.w	x8,f2	  f2:0x46356800  x8=0x46356800
     131575.000 ns	     13156	80002ccc	a1611ad3	flt.s	x21,f2,f22	  f2:0x46356800 f22:0x44942303 x21=0x00000000
     131605.000 ns	     13159	80002cd0	c0099053	fcvt.w.s	x0,f19	 f19:0xffffff9a
     131655.000 ns	     13164	80002cd4	0096aad3	fadd.s	f21,f13,f9	 f13:0x44942346  f9:0xbc0633f0 f21=0x44942302
     131675.000 ns	     13166	80002cd8	015439b3	sltu	x19,x8,x21	  x8:0x46356800 x21:0x00000000 x19=0x00000000
     131685.000 ns	     13167	80002cdc	010c57b3	srl	x15,x24,x16	 x24:0x00000000 x16:0x80040fe4 x15=0x00000000
     131705.000 ns	     13169	80002ce0	f00988d3	fmv.w.x	f17,x19	 x19:0x00000000 f17=0x00000000
     131725.000 ns	     13171	80002ce4	1a250293	addi	x5,x10,418	 x10:0x00000000  x5=0x000001a2
     131745.000 ns	     13173	80002ce8	021453b3	divu	x7,x8,x1	  x8:0x46356800  x1:0x00000000  x7=0xffffffff
     131775.000 ns	     13176	80002cec	20d810d3	fsgnjn.s	f1,f16,f13	 f16:0xff800000 f13:0x44942346  f1=0xff800000
     131795.000 ns	     13178	80002cf0	40c051b3	sra	x3,x0,x12	  x0:0x00000000 x12:0x0003ffff  x3=0x00000000
     131815.000 ns	     13180	80002cf4	a0a71e53	flt.s	x28,f14,f10	 f14:0x4f4e8004 f10:0x4f35e988 x28=0x00000000
     131845.000 ns	     13183	80002cf8	02478eb3	mul	x29,x15,x4	 x15:0x00000000  x4:0x88668000 x29=0x00000000
     132215.000 ns	     13220	80002cfc	0375ca33	div	x20,x11,x23	 x11:0x00000000 x23:0xbc0633f0 x20=0x00000000
     132585.000 ns	     13257	80002d00	02dbf3b3	remu	x7,x23,x13	 x23:0xbc0633f0 x13:0x7fffffff  x7=0x3c0633f1
     132605.000 ns	     13259	80002d04	009afa33	and	x20,x21,x9	 x21:0x00000000  x9:0x00000001 x20=0x00000000
     132625.000 ns	     13261	80002d08	e0040b53	fmv.x.w	x22,f8	  f8:0xff800000 x22=0xff800000
     132645.000 ns	     13263	80002d0c	01ed84b3	add	x9,x27,x30	 x27:0x0000000e x30:0x00000001  x9=0x0000000f
     132665.000 ns	     13265	80002d10	02759d33	mulh	x26,x11,x7	 x11:0x00000000  x7:0x3c0633f1 x26=0x00000000
     132685.000 ns	     13267	80002d14	00000013	addi	x0,x0,0	  x0:0x00000000
     132695.000 ns	     13268	80002d18	01af1f13	slli	x30,x30,0x1a	 x30:0x00000001 x30=0x04000000
     132715.000 ns	     13270	80002d1c	035e3133	mulhu	x2,x28,x21	 x28:0x00000000 x21:0x00000000  x2=0x00000000
     132735.000 ns	     13272	80002d20	7cc1bb17	auipc	x22,0x7cc1b	 x22=0xfcc1dd20
     132745.000 ns	     13273	80002d24	e7a4c713	xori	x14,x9,-390	  x9:0x0000000f x14=0xfffffe75
     132755.000 ns	     13274	80002d28	0011de33	srl	x28,x3,x1	  x3:0x00000000  x1:0x00000000 x28=0x00000000
     132765.000 ns	     13275	80002d2c	a0f92397	auipc	x7,0xa0f92	  x7=0x20f94d2c
     132775.000 ns	     13276	80002d30	173fc413	xori	x8,x31,371	 x31:0x80041024  x8=0x80041157
     132795.000 ns	     13278	80002d34	c007fc53	fcvt.w.s	x24,f15	 f15:0x4f35e988 x24=0x7fffffff
     132815.000 ns	     13280	80002d38	411ed793	srai	x15,x29,0x11	 x29:0x00000000 x15=0x00000000
     133985.000 ns	     13397	80002d3c	58037253	fsqrt.s	f4,f6	  f6:0x3c0633f0  f4=0x3d3dca18
     134015.000 ns	     13400	80002d40	e00b1b53	fclass.s	x22,f22	 f22:0x44942303 x22=0x00000040
     134035.000 ns	     13402	80002d44	00000013	addi	x0,x0,0	  x0:0x00000000
     134055.000 ns	     13404	80002d48	d01b7653	fcvt.s.wu	f12,x22	 x22:0x00000040 f12=0x42800000
     134075.000 ns	     13406	80002d4c	01aaee33	or	x28,x21,x26	 x21:0x00000000 x26:0x00000000 x28=0x00000000
     134095.000 ns	     13408	80002d50	2004a353	fsgnjx.s	f6,f9,f0	  f9:0xbc0633f0  f0:0x41d9d608  f6=0xbc0633f0
     134115.000 ns	     13410	80002d54	5d447013	andi	x0,x8,1492	  x8:0x80041157
     134125.000 ns	     13411	80002d58	78363013	sltiu	x0,x12,1923	 x12:0x0003ffff
     134145.000 ns	     13413	80002d5c	a0239c53	flt.s	x24,f7,f2	  f7:0x44942303  f2:0x46356800 x24=0x00000001
     134175.000 ns	     13416	80002d60	294091d3	fmax.s	f3,f1,f20	  f1:0xff800000 f20:0x4f000000  f3=0x4f000000
     134205.000 ns	     13419	80002d64	a0460c53	fle.s	x24,f12,f4	 f12:0x42800000  f4:0x3d3dca18 x24=0x00000000
     134235.000 ns	     13422	80002d68	022e7033	remu	x0,x28,x2	 x28:0x00000000  x2:0x00000000
     134255.000 ns	     13424	80002d6c	4ab57c13	andi	x24,x10,1195	 x10:0x00000000 x24=0x00000000
     134275.000 ns	     13426	80002d70	21b80553	fsgnj.s	f10,f16,f27	 f16:0xff800000 f27:0x7fc00000 f10=0x7f800000
     134295.000 ns	     13428	80002d74	b04c0413	addi	x8,x24,-1276	 x24:0x00000000  x8=0xfffffb04
     134305.000 ns	     13429	80002d78	411ad613	srai	x12,x21,0x11	 x21:0x00000000 x12=0x00000000
     134315.000 ns	     13430	80002d7c	01edd6b3	srl	x13,x27,x30	 x27:0x0000000e x30:0x04000000 x13=0x0000000e
     134325.000 ns	     13431	80002d80	00912133	slt	x2,x2,x9	  x2:0x00000000  x9:0x0000000f  x2=0x00000001
     134335.000 ns	     13432	80002d84	2bb4ae13	slti	x28,x9,699	  x9:0x0000000f x28=0x00000001
     134695.000 ns	     13468	80002d88	02e67a33	remu	x20,x12,x14	 x12:0x00000000 x14:0xfffffe75 x20=0x00000000
     134725.000 ns	     13471	80002d8c	021908b3	mul	x17,x18,x1	 x18:0x7ffbefda  x1:0x00000000 x17=0x00000000
     134745.000 ns	     13473	80002d90	00696733	or	x14,x18,x6	 x18:0x7ffbefda  x6:0x00000000 x14=0x7ffbefda
     134755.000 ns	     13474	80002d94	00000013	addi	x0,x0,0	  x0:0x00000000
     134775.000 ns	     13476	80002d98	c00e0c53	fcvt.w.s	x24,f28	 f28:0x4e800410 x24=0x40020800
     134795.000 ns	     13478	80002d9c	3f277013	andi	x0,x14,1010	 x14:0x7ffbefda
     134815.000 ns	     13480	80002da0	c019b253	fcvt.wu.s	x4,f19	 f19:0xffffff9a  x4=0xffffffff
     135185.000 ns	     13517	80002da4	02d76e33	rem	x28,x14,x13	 x14:0x7ffbefda x13:0x0000000e x28=0x00000004
     135205.000 ns	     13519	80002da8	485cec93	ori	x25,x25,1157	 x25:0x00000000 x25=0x00000485
     135215.000 ns	     13520	80002dac	387f2513	slti	x10,x30,903	 x30:0x04000000 x10=0x00000000
     135225.000 ns	     13521	80002db0	00f4be33	sltu	x28,x9,x15	  x9:0x0000000f x15:0x00000000 x28=0x00000000
     135235.000 ns	     13522	80002db4	016b9f13	slli	x30,x23,0x16	 x23:0xbc0633f0 x30=0xfc000000
     135245.000 ns	     13523	80002db8	3254c913	xori	x18,x9,805	  x9:0x0000000f x18=0x0000032a
     135255.000 ns	     13524	80002dbc	005269b3	or	x19,x4,x5	  x4:0xffffffff  x5:0x000001a2 x19=0xffffffff
     135265.000 ns	     13525	80002dc0	007976b3	and	x13,x18,x7	 x18:0x7ffbefda  x7:0x20f94d2c x13=0x00000128
     135625.000 ns	     13561	80002dc4	0227f533	remu	x10,x15,x2	 x15:0x00000000  x2:0x00000001 x10=0x00000000
     135655.000 ns	     13564	80002dc8	02ce4c33	div	x24,x28,x12	 x28:0x00000000 x12:0x00000000 x24=0xffffffff
     135685.000 ns	     13567	80002dcc	e00c1353	fclass.s	x6,f24	 f24:0xd0046460  x6=0x00000002
     135705.000 ns	     13569	80002dd0	01e6f733	and	x14,x13,x30	 x13:0x00000128 x30:0xfc000000 x14=0x00000000
     135725.000 ns	     13571	80002dd4	d01c41d3	fcvt.s.wu	f3,x24	 x24:0xffffffff  f3=0x4f800000
     135745.000 ns	     13573	80002dd8	00f9dcb3	srl	x25,x19,x15	 x19:0xffffffff x15:0x00000000 x25=0xffffffff
     135765.000 ns	     13575	80002ddc	f00c86d3	fmv.w.x	f13,x25	 x25:0x00000485 f13=0xffffffff
     135795.000 ns	     13578	80002de0	a1f99bd3	flt.s	x23,f19,f31	 f19:0xffffff9a f31:0x00000000 x23=0x00000000
     135815.000 ns	     13580	80002de4	a58345b7	lui	x11,0xa5834	 x11=0xa5834000
     135835.000 ns	     13582	80002de8	201aa753	fsgnjx.s	f14,f21,f1	 f21:0x44942302  f1:0xff800000 f14=0xc4942302
     135855.000 ns	     13584	80002dec	050c2113	slti	x2,x24,80	 x24:0xffffffff  x2=0x00000001
     135875.000 ns	     13586	80002df0	284404d3	fmin.s	f9,f8,f4	  f8:0xff800000  f4:0x3d3dca18  f9=0xff800000
     135895.000 ns	     13588	80002df4	574c7193	andi	x3,x24,1396	 x24:0xffffffff  x3=0x00000574
     135905.000 ns	     13589	80002df8	4155d713	srai	x14,x11,0x15	 x11:0xa5834000 x14=0xfffffd2c
     135915.000 ns	     13590	80002dfc	0023d333	srl	x6,x7,x2	  x7:0x20f94d2c  x2:0x00000001  x6=0x107ca696
     135925.000 ns	     13591	80002e00	01ce66b3	or	x13,x28,x28	 x28:0x00000000 x28:0x00000000 x13=0x00000000
     135935.000 ns	     13592	80002e04	01736b33	or	x22,x6,x23	  x6:0x00000002 x23:0x00000000 x22=0x107ca696
     135955.000 ns	     13594	80002e08	0289b5b3	mulhu	x11,x19,x8	 x19:0xffffffff  x8:0xfffffb04 x11=0xfffffb03
     135985.000 ns	     13597	80002e0c	03291433	mulh	x8,x18,x18	 x18:0x0000032a x18:0x0000032a  x8=0x00000000
     137165.000 ns	     13715	80002e10	580271d3	fsqrt.s	f3,f4	  f4:0x3d3dca18  f3=0x3e063380
     137215.000 ns	     13720	80002e14	08aaf3d3	fsub.s	f7,f21,f10	 f21:0x44942302 f10:0x7f800000  f7=0xff800000
     137245.000 ns	     13723	80002e18	d00992d3	fcvt.s.w	f5,x19	 x19:0xffffffff  f5=0xbf800000
     138425.000 ns	     13841	80002e1c	580eab53	fsqrt.s	f22,f29	 f29:0x3b9b1847 f22=0x3d0ce597
     138475.000 ns	     13846	80002e20	0141f253	fadd.s	f4,f3,f20	  f3:0x3e063380 f20:0x4f000000  f4=0x4f000000
     138495.000 ns	     13848	80002e24	6883ac13	slti	x24,x7,1672	  x7:0x20f94d2c x24=0x00000000
     138515.000 ns	     13850	80002e28	c016ff53	fcvt.wu.s	x30,f13	 f13:0xffffffff x30=0xffffffff
     138555.000 ns	     13854	80002e2c	1813cfd3	fdiv.s	f31,f7,f1	  f7:0xff800000  f1:0xff800000 f31=0x7fc00000
     138585.000 ns	     13857	80002e30	0260bf33	mulhu	x30,x1,x6	  x1:0x00000000  x6:0x107ca696 x30=0x00000000
     138635.000 ns	     13862	80002e34	000725d3	fadd.s	f11,f14,f0	 f14:0xc4942302  f0:0x41d9d608 f11=0xc490bbaa
     138655.000 ns	     13864	80002e38	0063f533	and	x10,x7,x6	  x7:0x20f94d2c  x6:0x107ca696 x10=0x00780404
     138675.000 ns	     13866	80002e3c	d011b553	fcvt.s.wu	f10,x3	  x3:0x00000574 f10=0x44ae8000
     138695.000 ns	     13868	80002e40	c540f093	andi	x1,x1,-940	  x1:0x00000000  x1=0x00000000
     138715.000 ns	     13870	80002e44	f00b0253	fmv.w.x	f4,x22	 x22:0x107ca696  f4=0x107ca696
     138735.000 ns	     13872	80002e48	00000013	addi	x0,x0,0	  x0:0x00000000
     138745.000 ns	     13873	80002e4c	00c71593	slli	x11,x14,0xc	 x14:0xfffffd2c x11=0xffd2c000
     138765.000 ns	     13875	80002e50	e00b99d3	fclass.s	x19,f23	 f23:0x44942303 x19=0x00000040
     138805.000 ns	     13879	80002e54	11a376d3	fmul.s	f13,f6,f26	  f6:0xbc0633f0 f26:0xff800000 f13=0x7f800000
     138855.000 ns	     13884	80002e58	09cb18d3	fsub.s	f17,f22,f28	 f22:0x3d0ce597 f28:0x4e800410 f17=0xce80040f
     138875.000 ns	     13886	80002e5c	00000013	addi	x0,x0,0	  x0:0x00000000
     138895.000 ns	     13888	80002e60	d0167ad3	fcvt.s.wu	f21,x12	 x12:0x00000000 f21=0x00000000
     138915.000 ns	     13890	80002e64	4a5d2993	slti	x19,x26,1189	 x26:0x00000000 x19=0x00000001
     138935.000 ns	     13892	80002e68	e0040553	fmv.x.w	x10,f8	  f8:0xff800000 x10=0xff800000
     139275.000 ns	     13926	80002e6c	19e5f853	fdiv.s	f16,f11,f30	 f11:0xc490bbaa f30:0xc4942303 f16=0x3f1eb472
     139305.000 ns	     13929	80002e70	e00010d3	fclass.s	x1,f0	  f0:0x41d9d608  x1=0x00000040
     139325.000 ns	     13931	80002e74	40fade93	srai	x29,x21,0xf	 x21:0x00000000 x29=0x00000000
     139335.000 ns	     13932	80002e78	00000013	addi	x0,x0,0	  x0:0x00000000
     139375.000 ns	     13936	80002e7c	01211453	fadd.s	f8,f2,f18	  f2:0x46356800 f18:0xbc0633f0  f8=0x463567f7
     139395.000 ns	     13938	80002e80	f2382793	slti	x15,x16,-221	 x16:0x80040fe4 x15=0x00000001
     139415.000 ns	     13940	80002e84	d01b4953	fcvt.s.wu	f18,x22	 x22:0x107ca696 f18=0x4d83e535
     139435.000 ns	     13942	80002e88	019f0cb3	add	x25,x30,x25	 x30:0x00000000 x25:0xffffffff x25=0xffffffff
     139455.000 ns	     13944	80002e8c	e00c92d3	fclass.s	x5,f25	 f25:0x000000ff  x5=0x00000020
     139495.000 ns	     13948	80002e90	10b838d3	fmul.s	f17,f16,f11	 f16:0x3f1eb472 f11:0xc490bbaa f17=0xc43373ae
     139525.000 ns	     13951	80002e94	0239a3b3	mulhsu	x7,x19,x3	 x19:0x00000001  x3:0x00000574  x7=0x00000000
     139555.000 ns	     13954	80002e98	212d2453	fsgnjx.s	f8,f26,f18	 f26:0xff800000 f18:0x4d83e535  f8=0xff800000
     139575.000 ns	     13956	80002e9c	00000013	addi	x0,x0,0	  x0:0x00000000
     139595.000 ns	     13958	80002ea0	20db9b53	fsgnjn.s	f22,f23,f13	 f23:0x44942303 f13:0x7f800000 f22=0xc4942303
     139635.000 ns	     13962	80002ea4	113834d3	fmul.s	f9,f16,f19	 f16:0x3f1eb472 f19:0xffffff9a  f9=0x7fc00000
     139685.000 ns	     13967	80002ea8	091a76d3	fsub.s	f13,f20,f17	 f20:0x4f000000 f17:0xc43373ae f13=0x4f000002
     139705.000 ns	     13969	80002eac	00000013	addi	x0,x0,0	  x0:0x00000000
     139715.000 ns	     13970	80002eb0	f311c313	xori	x6,x3,-207	  x3:0x00000574  x6=0xfffffa45
     139725.000 ns	     13971	80002eb4	00000013	addi	x0,x0,0	  x0:0x00000000
     140085.000 ns	     14007	80002eb8	03f149b3	div	x19,x2,x31	  x2:0x00000001 x31:0x80041024 x19=0x00000000
     140135.000 ns	     14012	80002ebc	087bf7d3	fsub.s	f15,f23,f7	 f23:0x44942303  f7:0xff800000 f15=0x7f800000
     140155.000 ns	     14014	80002ec0	5a43ec97	auipc	x25,0x5a43e	 x25=0xda440ec0
     140175.000 ns	     14016	80002ec4	f00a8253	fmv.w.x	f4,x21	 x21:0x00000000  f4=0x00000000
     140205.000 ns	     14019	80002ec8	c00d7a53	fcvt.w.s	x20,f26	 f26:0xff800000 x20=0x80000000
     140235.000 ns	     14022	80002ecc	03353933	mulhu	x18,x10,x19	 x10:0xff800000 x19:0x00000000 x18=0x00000000
     140255.000 ns	     14024	80002ed0	01677733	and	x14,x14,x22	 x14:0xfffffd2c x22:0x107ca696 x14=0x107ca404
     141425.000 ns	     14141	80002ed4	580cf553	fsqrt.s	f10,f25	 f25:0x000000ff f10=0x1f3505ea
     141455.000 ns	     14144	80002ed8	03e23733	mulhu	x14,x4,x30	  x4:0xffffffff x30:0x00000000 x14=0x00000000
     141485.000 ns	     14147	80002edc	03e1ab33	mulhsu	x22,x3,x30	  x3:0x00000574 x30:0x00000000 x22=0x00000000
     141855.000 ns	     14184	80002ee0	03b2dab3	divu	x21,x5,x27	  x5:0x00000020 x27:0x0000000e x21=0x00000002
     141885.000 ns	     14187	80002ee4	02f32c33	mulhsu	x24,x6,x15	  x6:0xfffffa45 x15:0x00000001 x24=0xffffffff
     141905.000 ns	     14189	80002ee8	013a9e93	slli	x29,x21,0x13	 x21:0x00000002 x29=0x00100000
     141915.000 ns	     14190	80002eec	23ae6a93	ori	x21,x28,570	 x28:0x00000000 x21=0x0000023a
     141945.000 ns	     14193	80002ef0	19503c53	fdiv.s	f24,f0,f21	  f0:0x41d9d608 f21:0x00000000 f24=0x7f800000
     141995.000 ns	     14198	80002ef4	08397dd3	fsub.s	f27,f18,f3	 f18:0x4d83e535  f3:0x3e063380 f27=0x4d83e534
     142025.000 ns	     14201	80002ef8	210d0053	fsgnj.s	f0,f26,f16	 f26:0xff800000 f16:0x3f1eb472  f0=0x7f800000
     142045.000 ns	     14203	80002efc	00601f33	sll	x30,x0,x6	  x0:0x00000000  x6:0xfffffa45 x30=0x00000000
     142065.000 ns	     14205	80002f00	c00311d3	fcvt.w.s	x3,f6	  f6:0xbc0633f0  x3=0x00000000
     142095.000 ns	     14208	80002f04	033cab33	mulhsu	x22,x25,x19	 x25:0xda440ec0 x19:0x00000000 x22=0x00000000
     142125.000 ns	     14211	80002f08	02e56b33	rem	x22,x10,x14	 x10:0xff800000 x14:0x00000000 x22=0xff800000
     142145.000 ns	     14213	80002f0c	015a0933	add	x18,x20,x21	 x20:0x80000000 x21:0x0000023a x18=0x8000023a
     142155.000 ns	     14214	80002f10	2f8dc113	xori	x2,x27,760	 x27:0x0000000e  x2=0x000002f6
     142175.000 ns	     14216	80002f14	290595d3	fmax.s	f11,f11,f16	 f11:0xc490bbaa f16:0x3f1eb472 f11=0x3f1eb472
     142195.000 ns	     14218	80002f18	00000013	addi	x0,x0,0	  x0:0x00000000
     142555.000 ns	     14254	80002f1c	0299c3b3	div	x7,x19,x9	 x19:0x00000000  x9:0x0000000f  x7=0x00000000
     142585.000 ns	     14257	80002f20	c01d7ed3	fcvt.wu.s	x29,f26	 f26:0xff800000 x29=0x00000000
     142615.000 ns	     14260	80002f24	e00f0153	fmv.x.w	x2,f30	 f30:0xc4942303  x2=0xc4942303
     142645.000 ns	     14263	80002f28	295b0a53	fmin.s	f20,f22,f21	 f22:0xc4942303 f21:0x00000000 f20=0xc4942303
     142665.000 ns	     14265	80002f2c	30a17217	auipc	x4,0x30a17	  x4=0xb0a19f2c
     142685.000 ns	     14267	80002f30	d01fa053	fcvt.s.wu	f0,x31	 x31:0x80041024  f0=0x4f000411
     142725.000 ns	     14271	80002f34	580af3d3	fsqrt.s	f7,f21	 f21:0x00000000  f7=0x00000000
     142755.000 ns	     14274	80002f38	d000f4d3	fcvt.s.w	f9,x1	  x1:0x00000040  f9=0x42800000
     142805.000 ns	     14279	80002f3c	09201753	fsub.s	f14,f0,f18	  f0:0x4f000411 f18:0x4d83e535 f14=0x4edf0ed4
     142825.000 ns	     14281	80002f40	01b2bd33	sltu	x26,x5,x27	  x5:0x00000020 x27:0x0000000e x26=0x00000000
     142835.000 ns	     14282	80002f44	7d6d4713	xori	x14,x26,2006	 x26:0x00000000 x14=0x000007d6
     142855.000 ns	     14284	80002f48	c00c83d3	fcvt.w.s	x7,f25	 f25:0x000000ff  x7=0x00000000
     142875.000 ns	     14286	80002f4c	004f1633	sll	x12,x30,x4	 x30:0x00000000  x4:0xb0a19f2c x12=0x00000000
     142895.000 ns	     14288	80002f50	02562f33	mulhsu	x30,x12,x5	 x12:0x00000000  x5:0x00000020 x30=0x00000000
     142915.000 ns	     14290	80002f54	939d5337	lui	x6,0x939d5	  x6=0x939d5000
     142935.000 ns	     14292	80002f58	a0a39953	flt.s	x18,f7,f10	  f7:0x00000000 f10:0x1f3505ea x18=0x00000001
     142955.000 ns	     14294	80002f5c	01341013	slli	x0,x8,0x13	  x8:0x00000000
     143315.000 ns	     14330	80002f60	025dd533	divu	x10,x27,x5	 x27:0x0000000e  x5:0x00000020 x10=0x00000000
     143335.000 ns	     14332	80002f64	4d888d13	addi	x26,x17,1240	 x17:0x00000000 x26=0x000004d8
     143345.000 ns	     14333	80002f68	0c77eb13	ori	x22,x15,199	 x15:0x00000001 x22=0x000000c7
     143355.000 ns	     14334	80002f6c	00000013	addi	x0,x0,0	  x0:0x00000000
     143375.000 ns	     14336	80002f70	c011f5d3	fcvt.wu.s	x11,f3	  f3:0x3e063380 x11=0x00000000
     143405.000 ns	     14339	80002f74	f00702d3	fmv.w.x	f5,x14	 x14:0x000007d6  f5=0x000007d6
     143425.000 ns	     14341	80002f78	00471793	slli	x15,x14,0x4	 x14:0x000007d6 x15=0x00007d60
     143445.000 ns	     14343	80002f7c	a03c9553	flt.s	x10,f25,f3	 f25:0x000000ff  f3:0x3e063380 x10=0x00000001
     143465.000 ns	     14345	80002f80	00b61eb3	sll	x29,x12,x11	 x12:0x00000000 x11:0x00000000 x29=0x00000000
     143475.000 ns	     14346	80002f84	04c0e113	ori	x2,x1,76	  x1:0x00000040  x2=0x0000004c
     143485.000 ns	     14347	80002f88	41bf8333	sub	x6,x31,x27	 x31:0x80041024 x27:0x0000000e  x6=0x80041016
     143495.000 ns	     14348	80002f8c	00a60f33	add	x30,x12,x10	 x12:0x00000000 x10:0x00000001 x30=0x00000001
     143515.000 ns	     14350	80002f90	20919ad3	fsgnjn.s	f21,f3,f9	  f3:0x3e063380  f9:0x42800000 f21=0xbe063380
     143535.000 ns	     14352	80002f94	0de24093	xori	x1,x4,222	  x4:0xb0a19f2c  x1=0xb0a19ff2
     143545.000 ns	     14353	80002f98	01de5cb3	srl	x25,x28,x29	 x28:0x00000000 x29:0x00000000 x25=0x00000000
     143555.000 ns	     14354	80002f9c	95912497	auipc	x9,0x95912	  x9=0x15914f9c
     143575.000 ns	     14356	80002fa0	c00578d3	fcvt.w.s	x17,f10	 f10:0x1f3505ea x17=0x00000000
     143605.000 ns	     14359	80002fa4	a16f83d3	fle.s	x7,f31,f22	 f31:0x7fc00000 f22:0xc4942303  x7=0x00000000
     143635.000 ns	     14362	80002fa8	21119b53	fsgnjn.s	f22,f3,f17	  f3:0x3e063380 f17:0xc43373ae f22=0x3e063380
     143665.000 ns	     14365	80002fac	038fa7b3	mulhsu	x15,x31,x24	 x31:0x80041024 x24:0xffffffff x15=0x80041024
     143695.000 ns	     14368	80002fb0	204081d3	fsgnj.s	f3,f1,f4	  f1:0xff800000  f4:0x00000000  f3=0x7f800000
     143725.000 ns	     14371	80002fb4	d01f7e53	fcvt.s.wu	f28,x30	 x30:0x00000001 f28=0x3f800000
     143755.000 ns	     14374	80002fb8	f0088ad3	fmv.w.x	f21,x17	 x17:0x00000000 f21=0x00000000
     143775.000 ns	     14376	80002fbc	00faff33	and	x30,x21,x15	 x21:0x0000023a x15:0x80041024 x30=0x00000020
     143795.000 ns	     14378	80002fc0	02ea18b3	mulh	x17,x20,x14	 x20:0x80000000 x14:0x000007d6 x17=0xfffffc15
     143825.000 ns	     14381	80002fc4	2118a653	fsgnjx.s	f12,f17,f17	 f17:0xc43373ae f17:0xc43373ae f12=0x443373ae
     143845.000 ns	     14383	80002fc8	061f7b93	andi	x23,x30,97	 x30:0x00000020 x23=0x00000020
     143855.000 ns	     14384	80002fcc	b9af7a13	andi	x20,x30,-1126	 x30:0x00000020 x20=0x00000000
     143865.000 ns	     14385	80002fd0	0045cc33	xor	x24,x11,x4	 x11:0x00000000  x4:0xb0a19f2c x24=0xb0a19f2c
     143885.000 ns	     14387	80002fd4	f00105d3	fmv.w.x	f11,x2	  x2:0x0000004c f11=0x0000004c
     143915.000 ns	     14390	80002fd8	286808d3	fmin.s	f17,f16,f6	 f16:0x3f1eb472  f6:0xbc0633f0 f17=0xbc0633f0
     143945.000 ns	     14393	80002fdc	d0027a53	fcvt.s.w	f20,x4	  x4:0xb0a19f2c f20=0xce9ebcc1
     143965.000 ns	     14395	80002fe0	01fa9313	slli	x6,x21,0x1f	 x21:0x0000023a  x6=0x00000000
     143985.000 ns	     14397	80002fe4	03662e33	mulhsu	x28,x12,x22	 x12:0x00000000 x22:0x000000c7 x28=0x00000000
     144005.000 ns	     14399	80002fe8	4009d793	srai	x15,x19,0x0	 x19:0x00000000 x15=0x00000000
     144035.000 ns	     14402	80002fec	19f38ed3	fdiv.s	f29,f7,f31	  f7:0x00000000 f31:0x7fc00000 f29=0x7fc00000
     144065.000 ns	     14405	80002ff0	f0060653	fmv.w.x	f12,x12	 x12:0x00000000 f12=0x00000000
     144095.000 ns	     14408	80002ff4	a0ca8653	fle.s	x12,f21,f12	 f21:0x00000000 f12:0x443373ae x12=0x00000001
     144115.000 ns	     14410	80002ff8	2535be93	sltiu	x29,x11,595	 x11:0x00000000 x29=0x00000001
     144125.000 ns	     14411	80002ffc	a2c2f737	lui	x14,0xa2c2f	 x14=0xa2c2f000
     144145.000 ns	     14413	80003000	214227d3	fsgnjx.s	f15,f4,f20	  f4:0x00000000 f20:0xce9ebcc1 f15=0x80000000
     144165.000 ns	     14415	80003004	e04e8113	addi	x2,x29,-508	 x29:0x00000001  x2=0xfffffe05
     144185.000 ns	     14417	80003008	e0081553	fclass.s	x10,f16	 f16:0x3f1eb472 x10=0x00000040
     144205.000 ns	     14419	8000300c	01034b33	xor	x22,x6,x16	  x6:0x00000000 x16:0x80040fe4 x22=0x80040fe4
     144245.000 ns	     14423	80003010	01d44fd3	fadd.s	f31,f8,f29	  f8:0xff800000 f29:0x7fc00000 f31=0x7fc00000
     144275.000 ns	     14426	80003014	c01832d3	fcvt.wu.s	x5,f16	 f16:0x3f1eb472  x5=0x00000001
     144305.000 ns	     14429	80003018	299f1d53	fmax.s	f26,f30,f25	 f30:0xc4942303 f25:0x000000ff f26=0x000000ff
     144325.000 ns	     14431	8000301c	0198d593	srli	x11,x17,0x19	 x17:0xfffffc15 x11=0x0000007f
     144335.000 ns	     14432	80003020	00d700b3	add	x1,x14,x13	 x14:0xa2c2f000 x13:0x00000000  x1=0xa2c2f000
     144355.000 ns	     14434	80003024	e00f87d3	fmv.x.w	x15,f31	 f31:0x7fc00000 x15=0x7fc00000
     144375.000 ns	     14436	80003028	016b2033	slt	x0,x22,x22	 x22:0x80040fe4 x22:0x80040fe4
     144385.000 ns	     14437	8000302c	409d5393	srai	x7,x26,0x9	 x26:0x000004d8  x7=0x00000002
     144395.000 ns	     14438	80003030	010d1b13	slli	x22,x26,0x10	 x26:0x000004d8 x22=0x04d80000
     144405.000 ns	     14439	80003034	1fe28c13	addi	x24,x5,510	  x5:0x00000001 x24=0x000001ff
     144415.000 ns	     14440	80003038	41dad713	srai	x14,x21,0x1d	 x21:0x0000023a x14=0x00000000
     144455.000 ns	     14444	8000303c	00221d53	fadd.s	f26,f4,f2	  f4:0x00000000  f2:0x46356800 f26=0x46356800
     144485.000 ns	     14447	80003040	0348c633	div	x12,x17,x20	 x17:0xfffffc15 x20:0x00000000 x12=0xffffffff
     144505.000 ns	     14449	80003044	0009e433	or	x8,x19,x0	 x19:0x00000000  x0:0x00000000  x8=0x00000000
     144515.000 ns	     14450	80003048	40d48c33	sub	x24,x9,x13	  x9:0x15914f9c x13:0x00000000 x24=0x15914f9c
     144525.000 ns	     14451	8000304c	018483b3	add	x7,x9,x24	  x9:0x15914f9c x24:0x000001ff  x7=0x2b229f38
     144535.000 ns	     14452	80003050	201f4393	xori	x7,x30,513	 x30:0x00000020  x7=0x00000221
     144545.000 ns	     14453	80003054	45e58693	addi	x13,x11,1118	 x11:0x0000007f x13=0x000004dd
     144555.000 ns	     14454	80003058	015b1a13	slli	x20,x22,0x15	 x22:0x04d80000 x20=0x00000000
     144565.000 ns	     14455	8000305c	00161e13	slli	x28,x12,0x1	 x12:0xffffffff x28=0xfffffffe
     144575.000 ns	     14456	80003060	0036dd33	srl	x26,x13,x3	 x13:0x000004dd  x3:0x00000000 x26=0x000004dd
     144585.000 ns	     14457	80003064	00000013	addi	x0,x0,0	  x0:0x00000000
     144605.000 ns	     14459	80003068	20990fd3	fsgnj.s	f31,f18,f9	 f18:0x4d83e535  f9:0x42800000 f31=0x4d83e535
     144635.000 ns	     14462	8000306c	e0051a53	fclass.s	x20,f10	 f10:0x1f3505ea x20=0x00000040
     144655.000 ns	     14464	80003070	40325193	srai	x3,x4,0x3	  x4:0xb0a19f2c  x3=0xf61433e5
     144665.000 ns	     14465	80003074	39e3e413	ori	x8,x7,926	  x7:0x00000221  x8=0x000003bf
     144685.000 ns	     14467	80003078	28fb94d3	fmax.s	f9,f23,f15	 f23:0x44942303 f15:0x80000000  f9=0x44942303
     144705.000 ns	     14469	8000307c	a48b4a13	xori	x20,x22,-1464	 x22:0x04d80000 x20=0xfb27fa48
     144715.000 ns	     14470	80003080	3d347c97	auipc	x25,0x3d347	 x25=0xbd34a080
     144725.000 ns	     14471	80003084	40810f33	sub	x30,x2,x8	  x2:0xfffffe05  x8:0x000003bf x30=0xfffffa46
     144735.000 ns	     14472	80003088	ad1bc413	xori	x8,x23,-1327	 x23:0x00000020  x8=0xfffffaf1
     144755.000 ns	     14474	8000308c	02e60c33	mul	x24,x12,x14	 x12:0xffffffff x14:0x00000000 x24=0x00000000
     144775.000 ns	     14476	80003090	a5d88513	addi	x10,x17,-1443	 x17:0xfffffc15 x10=0xfffff672
     144785.000 ns	     14477	80003094	61a8e993	ori	x19,x17,1562	 x17:0xfffffc15 x19=0xfffffe1f
     144795.000 ns	     14478	80003098	00000013	addi	x0,x0,0	  x0:0x00000000
     144815.000 ns	     14480	8000309c	21b92653	fsgnjx.s	f12,f18,f27	 f18:0x4d83e535 f27:0x4d83e534 f12=0x4d83e535
     144855.000 ns	     14484	800030a0	107af453	fmul.s	f8,f21,f7	 f21:0x00000000  f7:0x00000000  f8=0x00000000
     144875.000 ns	     14486	800030a4	01b9ebb3	or	x23,x19,x27	 x19:0xfffffe1f x27:0x0000000e x23=0xfffffe1f
     144895.000 ns	     14488	800030a8	204f2c53	fsgnjx.s	f24,f30,f4	 f30:0xc4942303  f4:0x00000000 f24=0xc4942303
     144925.000 ns	     14491	800030ac	03be9933	mulh	x18,x29,x27	 x29:0x00000001 x27:0x0000000e x18=0x00000000
     144945.000 ns	     14493	800030b0	353bab13	slti	x22,x23,851	 x23:0xfffffe1f x22=0x00000001
     144965.000 ns	     14495	800030b4	f00d8b53	fmv.w.x	f22,x27	 x27:0x0000000e f22=0x0000000e
     144995.000 ns	     14498	800030b8	20301753	fsgnjn.s	f14,f0,f3	  f0:0x4f000411  f3:0x7f800000 f14=0xcf000411
     145045.000 ns	     14503	800030bc	08f0f453	fsub.s	f8,f1,f15	  f1:0xff800000 f15:0x80000000  f8=0xff800000
     145075.000 ns	     14506	800030c0	e0060d53	fmv.x.w	x26,f12	 f12:0x4d83e535 x26=0x4d83e535
     145095.000 ns	     14508	800030c4	60d03013	sltiu	x0,x0,1549	  x0:0x00000000
     145105.000 ns	     14509	800030c8	01fa9f13	slli	x30,x21,0x1f	 x21:0x0000023a x30=0x00000000
     145115.000 ns	     14510	800030cc	00c430b3	sltu	x1,x8,x12	  x8:0xfffffaf1 x12:0xffffffff  x1=0x00000001
     145125.000 ns	     14511	800030d0	00a45293	srli	x5,x8,0xa	  x8:0xfffffaf1  x5=0x003ffffe
     145165.000 ns	     14515	800030d4	09fc7ad3	fsub.s	f21,f24,f31	 f24:0xc4942303 f31:0x4d83e535 f21=0xcd83e55a
     145185.000 ns	     14517	800030d8	01784933	xor	x18,x16,x23	 x16:0x80040fe4 x23:0xfffffe1f x18=0x7ffbf1fb
     145195.000 ns	     14518	800030dc	01884b33	xor	x22,x16,x24	 x16:0x80040fe4 x24:0x00000000 x22=0x80040fe4
     145215.000 ns	     14520	800030e0	c01df253	fcvt.wu.s	x4,f27	 f27:0x4d83e534  x4=0x107ca680
     145245.000 ns	     14523	800030e4	d005fbd3	fcvt.s.w	f23,x11	 x11:0x0000007f f23=0x42fe0000
     145275.000 ns	     14526	800030e8	a15317d3	flt.s	x15,f6,f21	  f6:0xbc0633f0 f21:0xcd83e55a x15=0x00000000
     145315.000 ns	     14530	800030ec	580afcd3	fsqrt.s	f25,f21	 f21:0xcd83e55a f25=0x7fc00000
     145355.000 ns	     14534	800030f0	580276d3	fsqrt.s	f13,f4	  f4:0x00000000 f13=0x00000000
     145385.000 ns	     14537	800030f4	20c4a0d3	fsgnjx.s	f1,f9,f12	  f9:0x44942303 f12:0x4d83e535  f1=0x44942303
     145425.000 ns	     14541	800030f8	100eb3d3	fmul.s	f7,f29,f0	 f29:0x7fc00000  f0:0x4f000411  f7=0x7fc00000
     145455.000 ns	     14544	800030fc	035eb3b3	mulhu	x7,x29,x21	 x29:0x00000001 x21:0x0000023a  x7=0x00000000
     145485.000 ns	     14547	80003100	03ba32b3	mulhu	x5,x20,x27	 x20:0xfb27fa48 x27:0x0000000e  x5=0x0000000d
     145855.000 ns	     14584	80003104	02405ab3	divu	x21,x0,x4	  x0:0x00000000  x4:0x107ca680 x21=0x00000000
     145875.000 ns	     14586	80003108	00000013	addi	x0,x0,0	  x0:0x00000000
     145895.000 ns	     14588	8000310c	29c00fd3	fmin.s	f31,f0,f28	  f0:0x4f000411 f28:0x3f800000 f31=0x3f800000
     145915.000 ns	     14590	80003110	006f8bb3	add	x23,x31,x6	 x31:0x80041024  x6:0x00000000 x23=0x80041024
     146275.000 ns	     14626	80003114	0317c1b3	div	x3,x15,x17	 x15:0x00000000 x17:0xfffffc15  x3=0x00000000
     146295.000 ns	     14628	80003118	4ea3e917	auipc	x18,0x4ea3e	 x18=0xcea41118
     146315.000 ns	     14630	8000311c	035fa433	mulhsu	x8,x31,x21	 x31:0x80041024 x21:0x00000000  x8=0x00000000
     146345.000 ns	     14633	80003120	e00105d3	fmv.x.w	x11,f2	  f2:0x46356800 x11=0x46356800
     146365.000 ns	     14635	80003124	30dd0a13	addi	x20,x26,781	 x26:0x4d83e535 x20=0x4d83e842
     146375.000 ns	     14636	80003128	00489293	slli	x5,x17,0x4	 x17:0xfffffc15  x5=0xffffc150
     146395.000 ns	     14638	8000312c	0284eab3	rem	x21,x9,x8	  x9:0x15914f9c  x8:0x00000000 x21=0x15914f9c
     146425.000 ns	     14641	80003130	0388ce33	div	x28,x17,x24	 x17:0xfffffc15 x24:0x00000000 x28=0xffffffff
     146445.000 ns	     14643	80003134	7b8aa793	slti	x15,x21,1976	 x21:0x15914f9c x15=0x00000000
     146485.000 ns	     14647	80003138	0873ffd3	fsub.s	f31,f7,f7	  f7:0x7fc00000  f7:0x7fc00000 f31=0x7fc00000
     146515.000 ns	     14650	8000313c	216e1653	fsgnjn.s	f12,f28,f22	 f28:0x3f800000 f22:0x0000000e f12=0xbf800000
     146545.000 ns	     14653	80003140	a0329c53	flt.s	x24,f5,f3	  f5:0x000007d6  f3:0x7f800000 x24=0x00000001
     146565.000 ns	     14655	80003144	2e3ae137	lui	x2,0x2e3ae	  x2=0x2e3ae000
     147735.000 ns	     14772	80003148	580d2ad3	fsqrt.s	f21,f26	 f26:0x46356800 f21=0x428045ee
     147755.000 ns	     14774	8000314c	01a8d533	srl	x10,x17,x26	 x17:0xfffffc15 x26:0x4d83e535 x10=0x000007ff
     147775.000 ns	     14776	80003150	a00a8a53	fle.s	x20,f21,f0	 f21:0x428045ee  f0:0x4f000411 x20=0x00000001
     147805.000 ns	     14779	80003154	c01c2653	fcvt.wu.s	x12,f24	 f24:0xc4942303 x12=0x000004a2
     147835.000 ns	     14782	80003158	e00d1a53	fclass.s	x20,f26	 f26:0x46356800 x20=0x00000040
     147865.000 ns	     14785	8000315c	02c72433	mulhsu	x8,x14,x12	 x14:0x00000000 x12:0x000004a2  x8=0x00000000
     147895.000 ns	     14788	80003160	035a2933	mulhsu	x18,x20,x21	 x20:0x00000040 x21:0x15914f9c x18=0x00000005
     147935.000 ns	     14792	80003164	116ea0d3	fmul.s	f1,f29,f22	 f29:0x7fc00000 f22:0x0000000e  f1=0x7fc00000
     147955.000 ns	     14794	80003168	00f92c33	slt	x24,x18,x15	 x18:0x00000005 x15:0x00000000 x24=0x00000000
     147965.000 ns	     14795	8000316c	e035c993	xori	x19,x11,-509	 x11:0x46356800 x19=0xb9ca9603
     147985.000 ns	     14797	80003170	036eb233	mulhu	x4,x29,x22	 x29:0x00000001 x22:0x80040fe4  x4=0x00000000
     148005.000 ns	     14799	80003174	00e95393	srli	x7,x18,0xe	 x18:0x00000005  x7=0x00000000
     148035.000 ns	     14802	80003178	1024a1d3	fmul.s	f3,f9,f2	  f9:0x44942303  f2:0x46356800  f3=0x4b51f1de
     148055.000 ns	     14804	8000317c	44bd3193	sltiu	x3,x26,1099	 x26:0x4d83e535  x3=0x00000000
     148065.000 ns	     14805	80003180	01d3b033	sltu	x0,x7,x29	  x7:0x00000000 x29:0x00000001
     148085.000 ns	     14807	80003184	206e2953	fsgnjx.s	f18,f28,f6	 f28:0x3f800000  f6:0xbc0633f0 f18=0xbf800000
     148115.000 ns	     14810	80003188	205da3d3	fsgnjx.s	f7,f27,f5	 f27:0x4d83e534  f5:0x000007d6  f7=0x4d83e534
     148135.000 ns	     14812	8000318c	7b524a93	xori	x21,x4,1973	  x4:0x00000000 x21=0x000007b5
     148495.000 ns	     14848	80003190	022d7533	remu	x10,x26,x2	 x26:0x4d83e535  x2:0x2e3ae000 x10=0x1f490535
     148525.000 ns	     14851	80003194	213b9853	fsgnjn.s	f16,f23,f19	 f23:0x42fe0000 f19:0xffffff9a f16=0x42fe0000
     148545.000 ns	     14853	80003198	41d9deb3	sra	x29,x19,x29	 x19:0xb9ca9603 x29:0x00000001 x29=0xdce54b01
     148565.000 ns	     14855	8000319c	03d4af33	mulhsu	x30,x9,x29	  x9:0x15914f9c x29:0x00000001 x30=0x129c31b7
     148585.000 ns	     14857	800031a0	001d3133	sltu	x2,x26,x1	 x26:0x4d83e535  x1:0x00000001  x2=0x00000000
     148605.000 ns	     14859	800031a4	a1b023d3	feq.s	x7,f0,f27	  f0:0x4f000411 f27:0x4d83e534  x7=0x00000000
     148635.000 ns	     14862	800031a8	29b40453	fmin.s	f8,f8,f27	  f8:0xff800000 f27:0x4d83e534  f8=0xff800000
     148665.000 ns	     14865	800031ac	02f79d33	mulh	x26,x15,x15	 x15:0x00000000 x15:0x00000000 x26=0x00000000
     148685.000 ns	     14867	800031b0	b180a7b7	lui	x15,0xb180a	 x15=0xb180a000
     148695.000 ns	     14868	800031b4	0055a2b3	slt	x5,x11,x5	 x11:0x46356800  x5:0xffffc150  x5=0x00000000
     148705.000 ns	     14869	800031b8	01c8d513	srli	x10,x17,0x1c	 x17:0xfffffc15 x10=0x0000000f
     148725.000 ns	     14871	800031bc	a1b78d53	fle.s	x26,f15,f27	 f15:0x80000000 f27:0x4d83e534 x26=0x00000001
     148745.000 ns	     14873	800031c0	00b3cbb3	xor	x23,x7,x11	  x7:0x00000000 x11:0x46356800 x23=0x46356800
     148765.000 ns	     14875	800031c4	c00d9553	fcvt.w.s	x10,f27	 f27:0x4d83e534 x10=0x107ca680
     148785.000 ns	     14877	800031c8	01ad32b3	sltu	x5,x26,x26	 x26:0x00000001 x26:0x00000001  x5=0x00000000
     148805.000 ns	     14879	800031cc	c0172b53	fcvt.wu.s	x22,f14	 f14:0xcf000411 x22=0x80041100
     148835.000 ns	     14882	800031d0	0288fc33	remu	x24,x17,x8	 x17:0xfffffc15  x8:0x00000000 x24=0xfffffc15
     148855.000 ns	     14884	800031d4	eb4a7f13	andi	x30,x20,-332	 x20:0x00000040 x30=0x00000000
     148875.000 ns	     14886	800031d8	28179153	fmax.s	f2,f15,f1	 f15:0x80000000  f1:0x7fc00000  f2=0x80000000
     148905.000 ns	     14889	800031dc	299d0053	fmin.s	f0,f26,f25	 f26:0x46356800 f25:0x7fc00000  f0=0x46356800
     148925.000 ns	     14891	800031e0	44cd6d13	ori	x26,x26,1100	 x26:0x00000001 x26=0x0000044d
     148935.000 ns	     14892	800031e4	2197c013	xori	x0,x15,537	 x15:0xb180a000
     148945.000 ns	     14893	800031e8	f65cc413	xori	x8,x25,-155	 x25:0xbd34a080  x8=0x42cb5fe5
     148965.000 ns	     14895	800031ec	20339ed3	fsgnjn.s	f29,f7,f3	  f7:0x4d83e534  f3:0x4b51f1de f29=0xcd83e534
     149005.000 ns	     14899	800031f0	580c7353	fsqrt.s	f6,f24	 f24:0xc4942303  f6=0x7fc00000
     149375.000 ns	     14936	800031f4	03185eb3	divu	x29,x16,x17	 x16:0x80040fe4 x17:0xfffffc15 x29=0x00000000
     149405.000 ns	     14939	800031f8	c006fb53	fcvt.w.s	x22,f13	 f13:0x00000000 x22=0x00000000
     149425.000 ns	     14941	800031fc	00fa1c13	slli	x24,x20,0xf	 x20:0x00000040 x24=0x00200000
     149455.000 ns	     14944	80003200	11ce0653	fmul.s	f12,f28,f28	 f28:0x3f800000 f28:0x3f800000 f12=0x3f800000
     149475.000 ns	     14946	80003204	41b1d493	srai	x9,x3,0x1b	  x3:0x00000000  x9=0x00000000
     149495.000 ns	     14948	80003208	f00a0353	fmv.w.x	f6,x20	 x20:0x00000040  f6=0x00000040
     149525.000 ns	     14951	8000320c	c0072d53	fcvt.w.s	x26,f14	 f14:0xcf000411 x26=0x80000000
     149545.000 ns	     14953	80003210	145a6693	ori	x13,x20,325	 x20:0x00000040 x13=0x00000145
     149555.000 ns	     14954	80003214	96191f17	auipc	x30,0x96191	 x30=0x16194214
     149565.000 ns	     14955	80003218	00000013	addi	x0,x0,0	  x0:0x00000000
     149585.000 ns	     14957	8000321c	29370bd3	fmin.s	f23,f14,f19	 f14:0xcf000411 f19:0xffffff9a f23=0xcf000411
     149605.000 ns	     14959	80003220	4f876113	ori	x2,x14,1272	 x14:0x00000000  x2=0x000004f8
     149625.000 ns	     14961	80003224	a1081e53	flt.s	x28,f16,f16	 f16:0x42fe0000 f16:0x42fe0000 x28=0x00000000
     149655.000 ns	     14964	80003228	292716d3	fmax.s	f13,f14,f18	 f14:0xcf000411 f18:0xbf800000 f13=0xbf800000
     149685.000 ns	     14967	8000322c	d0039bd3	fcvt.s.w	f23,x7	  x7:0x00000000 f23=0x00000000
     149715.000 ns	     14970	80003230	215c0b53	fsgnj.s	f22,f24,f21	 f24:0xc4942303 f21:0x428045ee f22=0x44942303
     149745.000 ns	     14973	80003234	c015c2d3	fcvt.wu.s	x5,f11	 f11:0x0000004c  x5=0x00000000
     149765.000 ns	     14975	80003238	00fa5493	srli	x9,x20,0xf	 x20:0x00000040  x9=0x00000000
     149795.000 ns	     14978	8000323c	18e0bd53	fdiv.s	f26,f1,f14	  f1:0x7fc00000 f14:0xcf000411 f26=0x7fc00000
     149825.000 ns	     14981	80003240	026edcb3	divu	x25,x29,x6	 x29:0x00000000  x6:0x00000000 x25=0xffffffff
     149845.000 ns	     14983	80003244	0138d293	srli	x5,x17,0x13	 x17:0xfffffc15  x5=0x00001fff
     149865.000 ns	     14985	80003248	030304b3	mul	x9,x6,x16	  x6:0x00000000 x16:0x80040fe4  x9=0x00000000
     149895.000 ns	     14988	8000324c	d01fcf53	fcvt.s.wu	f30,x31	 x31:0x80041024 f30=0x4f000410
     149925.000 ns	     14991	80003250	d0068a53	fcvt.s.w	f20,x13	 x13:0x00000145 f20=0x43a28000
     149955.000 ns	     14994	80003254	a01c82d3	fle.s	x5,f25,f1	 f25:0x7fc00000  f1:0x7fc00000  x5=0x00000000
     149985.000 ns	     14997	80003258	d011fe53	fcvt.s.wu	f28,x3	  x3:0x00000000 f28=0x00000000
     150015.000 ns	     15000	8000325c	03ecabb3	mulhsu	x23,x25,x30	 x25:0xffffffff x30:0x16194214 x23=0xffffffff
     150035.000 ns	     15002	80003260	2e612713	slti	x14,x2,742	  x2:0x000004f8 x14=0x00000000
     150045.000 ns	     15003	80003264	0162e233	or	x4,x5,x22	  x5:0x00000000 x22:0x00000000  x4=0x00000000
     150065.000 ns	     15005	80003268	02336e33	rem	x28,x6,x3	  x6:0x00000000  x3:0x00000000 x28=0x00000000
     150095.000 ns	     15008	8000326c	02c523b3	mulhsu	x7,x10,x12	 x10:0x107ca680 x12:0x000004a2  x7=0x0000004c
     150125.000 ns	     15011	80003270	d00ac6d3	fcvt.s.w	f13,x21	 x21:0x000007b5 f13=0x44f6a000
     150155.000 ns	     15014	80003274	298505d3	fmin.s	f11,f10,f24	 f10:0x1f3505ea f24:0xc4942303 f11=0xc4942303
     150175.000 ns	     15016	80003278	76db4413	xori	x8,x22,1901	 x22:0x00000000  x8=0x0000076d
     150185.000 ns	     15017	8000327c	9ec22237	lui	x4,0x9ec22	  x4=0x9ec22000
     150205.000 ns	     15019	80003280	a10a97d3	flt.s	x15,f21,f16	 f21:0x428045ee f16:0x42fe0000 x15=0x00000001
     150225.000 ns	     15021	80003284	016e9893	slli	x17,x29,0x16	 x29:0x00000000 x17=0x00000000
     150245.000 ns	     15023	80003288	20811453	fsgnjn.s	f8,f2,f8	  f2:0x80000000  f8:0xff800000  f8=0x00000000
     150615.000 ns	     15060	8000328c	02c0dcb3	divu	x25,x1,x12	  x1:0x00000001 x12:0x000004a2 x25=0x00000000
     150645.000 ns	     15063	80003290	03d20533	mul	x10,x4,x29	  x4:0x9ec22000 x29:0x00000000 x10=0x00000000
     150665.000 ns	     15065	80003294	01531513	slli	x10,x6,0x15	  x6:0x00000000 x10=0x00000000
     150675.000 ns	     15066	80003298	0038e4b3	or	x9,x17,x3	 x17:0x00000000  x3:0x00000000  x9=0x00000000
     150695.000 ns	     15068	8000329c	20d012d3	fsgnjn.s	f5,f0,f13	  f0:0x46356800 f13:0x44f6a000  f5=0xc6356800
     150715.000 ns	     15070	800032a0	405802b3	sub	x5,x16,x5	 x16:0x80040fe4  x5:0x00000000  x5=0x80040fe4
     150735.000 ns	     15072	800032a4	21fcacd3	fsgnjx.s	f25,f25,f31	 f25:0x7fc00000 f31:0x7fc00000 f25=0x7fc00000
     150765.000 ns	     15075	800032a8	0305a033	mulhsu	x0,x11,x16	 x11:0x46356800 x16:0x80040fe4
     150785.000 ns	     15077	800032ac	00653733	sltu	x14,x10,x6	 x10:0x00000000  x6:0x00000000 x14=0x00000000
     150795.000 ns	     15078	800032b0	0074c233	xor	x4,x9,x7	  x9:0x00000000  x7:0x0000004c  x4=0x0000004c
     150805.000 ns	     15079	800032b4	00e97f33	and	x30,x18,x14	 x18:0x00000005 x14:0x00000000 x30=0x00000000
     150815.000 ns	     15080	800032b8	00302633	slt	x12,x0,x3	  x0:0x00000000  x3:0x00000000 x12=0x00000000
     150825.000 ns	     15081	800032bc	0030fe33	and	x28,x1,x3	  x1:0x00000001  x3:0x00000000 x28=0x00000000
     150835.000 ns	     15082	800032c0	4199de33	sra	x28,x19,x25	 x19:0xb9ca9603 x25:0x00000000 x28=0xb9ca9603
     150845.000 ns	     15083	800032c4	015b1893	slli	x17,x22,0x15	 x22:0x00000000 x17=0x00000000
     150855.000 ns	     15084	800032c8	016b57b3	srl	x15,x22,x22	 x22:0x00000000 x22:0x00000000 x15=0x00000000
     150875.000 ns	     15086	800032cc	e00889d3	fmv.x.w	x19,f17	 f17:0xbc0633f0 x19=0xbc0633f0
     150905.000 ns	     15089	800032d0	298799d3	fmax.s	f19,f15,f24	 f15:0x80000000 f24:0xc4942303 f19=0x80000000
     151245.000 ns	     15123	800032d4	18ca90d3	fdiv.s	f1,f21,f12	 f21:0x428045ee f12:0x3f800000  f1=0x4280458a
     151275.000 ns	     15126	800032d8	d017f6d3	fcvt.s.wu	f13,x15	 x15:0x00000000 f13=0x00000000
     151295.000 ns	     15128	800032dc	01e27c33	and	x24,x4,x30	  x4:0x0000004c x30:0x00000000 x24=0x00000000
     151655.000 ns	     15164	800032e0	03205eb3	divu	x29,x0,x18	  x0:0x00000000 x18:0x00000005 x29=0x00000000
     151685.000 ns	     15167	800032e4	288b8b53	fmin.s	f22,f23,f8	 f23:0x00000000  f8:0x00000000 f22=0x00000000
     151715.000 ns	     15170	800032e8	03d75933	divu	x18,x14,x29	 x14:0x00000000 x29:0x00000000 x18=0xffffffff
     151745.000 ns	     15173	800032ec	d0051153	fcvt.s.w	f2,x10	 x10:0x00000000  f2=0x00000000
     151775.000 ns	     15176	800032f0	298a80d3	fmin.s	f1,f21,f24	 f21:0x428045ee f24:0xc4942303  f1=0xc4942303
     151805.000 ns	     15179	800032f4	2045a453	fsgnjx.s	f8,f11,f4	 f11:0xc4942303  f4:0x00000000  f8=0xc4942303
     151855.000 ns	     15184	800032f8	01f8fdd3	fadd.s	f27,f17,f31	 f17:0xbc0633f0 f31:0x7fc00000 f27=0x7fc00000
     151885.000 ns	     15187	800032fc	29658fd3	fmin.s	f31,f11,f22	 f11:0xc4942303 f22:0x00000000 f31=0xc4942303
     151915.000 ns	     15190	80003300	283f1c53	fmax.s	f24,f30,f3	 f30:0x4f000410  f3:0x4b51f1de f24=0x4f000410
     151935.000 ns	     15192	80003304	00000013	addi	x0,x0,0	  x0:0x00000000
     151945.000 ns	     15193	80003308	002eda33	srl	x20,x29,x2	 x29:0x00000000  x2:0x000004f8 x20=0x00000000
     151965.000 ns	     15195	8000330c	e0011953	fclass.s	x18,f2	  f2:0x00000000 x18=0x00000010
     152335.000 ns	     15232	80003310	024a7533	remu	x10,x20,x4	 x20:0x00000040  x4:0x0000004c x10=0x00000000
     152355.000 ns	     15234	80003314	ba8c0893	addi	x17,x24,-1112	 x24:0x00000000 x17=0xfffffba8
     152715.000 ns	     15270	80003318	024be0b3	rem	x1,x23,x4	 x23:0xffffffff  x4:0x0000004c  x1=0xffffffff
     152735.000 ns	     15272	8000331c	4004df13	srai	x30,x9,0x0	  x9:0x00000000 x30=0x00000000
     152755.000 ns	     15274	80003320	02ce31b3	mulhu	x3,x28,x12	 x28:0xb9ca9603 x12:0x00000000  x3=0x00000000
     152775.000 ns	     15276	80003324	899dc417	auipc	x8,0x899dc	  x8=0x099df324
     152795.000 ns	     15278	80003328	03812e33	mulhsu	x28,x2,x24	  x2:0x000004f8 x24:0x00000000 x28=0x00000000
     152815.000 ns	     15280	8000332c	ca2ce313	ori	x6,x25,-862	 x25:0x00000000  x6=0xfffffca2
     152835.000 ns	     15282	80003330	286d07d3	fmin.s	f15,f26,f6	 f26:0x7fc00000  f6:0x00000040 f15=0x00000040
     152865.000 ns	     15285	80003334	c00286d3	fcvt.w.s	x13,f5	  f5:0xc6356800 x13=0xffffd2a6
     152885.000 ns	     15287	80003338	00000013	addi	x0,x0,0	  x0:0x00000000
     152915.000 ns	     15290	8000333c	102697d3	fmul.s	f15,f13,f2	 f13:0x00000000  f2:0x00000000 f15=0x00000000
     152935.000 ns	     15292	80003340	b7cb3413	sltiu	x8,x22,-1156	 x22:0x00000000  x8=0x00000001
     152945.000 ns	     15293	80003344	016960b3	or	x1,x18,x22	 x18:0x00000010 x22:0x00000000  x1=0x00000010
     152955.000 ns	     15294	80003348	b6407f37	lui	x30,0xb6407	 x30=0xb6407000
     152965.000 ns	     15295	8000334c	01d1f5b3	and	x11,x3,x29	  x3:0x00000000 x29:0x00000000 x11=0x00000000
     152985.000 ns	     15297	80003350	a0f429d3	feq.s	x19,f8,f15	  f8:0xc4942303 f15:0x00000000 x19=0x00000000
     153015.000 ns	     15300	80003354	20ba23d3	fsgnjx.s	f7,f20,f11	 f20:0x43a28000 f11:0xc4942303  f7=0xc3a28000
     153035.000 ns	     15302	80003358	01ec1e13	slli	x28,x24,0x1e	 x24:0x00000000 x28=0x00000000
     153055.000 ns	     15304	8000335c	03306ab3	rem	x21,x0,x19	  x0:0x00000000 x19:0x00000000 x21=0x00000000
     153075.000 ns	     15306	80003360	414f5733	sra	x14,x30,x20	 x30:0xb6407000 x20:0x00000000 x14=0xb6407000
     153095.000 ns	     15308	80003364	c011f253	fcvt.wu.s	x4,f3	  f3:0x4b51f1de  x4=0x00d1f1de
     153125.000 ns	     15311	80003368	02cb71b3	remu	x3,x22,x12	 x22:0x00000000 x12:0x00000000  x3=0x00000000
     153155.000 ns	     15314	8000336c	03c3fb33	remu	x22,x7,x28	  x7:0x0000004c x28:0x00000000 x22=0x0000004c
     153175.000 ns	     15316	80003370	92eb7113	andi	x2,x22,-1746	 x22:0x00000000  x2=0x0000000c
     153195.000 ns	     15318	80003374	0206fb33	remu	x22,x13,x0	 x13:0xffffd2a6  x0:0x00000000 x22=0xffffd2a6
     153215.000 ns	     15320	80003378	9318f637	lui	x12,0x9318f	 x12=0x9318f000
     153225.000 ns	     15321	8000337c	41ed53b3	sra	x7,x26,x30	 x26:0x80000000 x30:0xb6407000  x7=0x80000000
     153235.000 ns	     15322	80003380	00665993	srli	x19,x12,0x6	 x12:0x00000000 x19=0x024c63c0
     153265.000 ns	     15325	80003384	109073d3	fmul.s	f7,f0,f9	  f0:0x46356800  f9:0x44942303  f7=0x4b51f1de
     153295.000 ns	     15328	80003388	c001f153	fcvt.w.s	x2,f3	  f3:0x4b51f1de  x2=0x00d1f1de
     153315.000 ns	     15330	8000338c	1d69f593	andi	x11,x19,470	 x19:0x024c63c0 x11=0x000001c0
     153325.000 ns	     15331	80003390	eb0ec313	xori	x6,x29,-336	 x29:0x00000000  x6=0xfffffeb0
     153345.000 ns	     15333	80003394	a14400d3	fle.s	x1,f8,f20	  f8:0xc4942303 f20:0x43a28000  x1=0x00000001
     153365.000 ns	     15335	80003398	00a3bab3	sltu	x21,x7,x10	  x7:0x80000000 x10:0x00000000 x21=0x00000000
     153385.000 ns	     15337	8000339c	c00cf753	fcvt.w.s	x14,f25	 f25:0x7fc00000 x14=0x7fffffff
     153435.000 ns	     15342	800033a0	003296d3	fadd.s	f13,f5,f3	  f5:0xc6356800  f3:0x4b51f1de f13=0x4b51c484
     153465.000 ns	     15345	800033a4	030621b3	mulhsu	x3,x12,x16	 x12:0x9318f000 x16:0x80040fe4  x3=0xc98abda1
     153495.000 ns	     15348	800033a8	21bc8ed3	fsgnj.s	f29,f25,f27	 f25:0x7fc00000 f27:0x7fc00000 f29=0x7fc00000
     153515.000 ns	     15350	800033ac	41965993	srai	x19,x12,0x19	 x12:0x9318f000 x19=0xffffffc9
     153535.000 ns	     15352	800033b0	293b97d3	fmax.s	f15,f23,f19	 f23:0x00000000 f19:0x80000000 f15=0x00000000
     153905.000 ns	     15389	800033b4	02d2db33	divu	x22,x5,x13	  x5:0x80040fe4 x13:0xffffd2a6 x22=0x00000000
     153925.000 ns	     15391	800033b8	41a2dcb3	sra	x25,x5,x26	  x5:0x80040fe4 x26:0x80000000 x25=0x80040fe4
     154285.000 ns	     15427	800033bc	03007f33	remu	x30,x0,x16	  x0:0x00000000 x16:0x80040fe4 x30=0x00000000
     154305.000 ns	     15429	800033c0	41165e13	srai	x28,x12,0x11	 x12:0x9318f000 x28=0xffffc98c
     154315.000 ns	     15430	800033c4	c35fee93	ori	x29,x31,-971	 x31:0x80041024 x29=0xfffffc35
     154325.000 ns	     15431	800033c8	8b013293	sltiu	x5,x2,-1872	  x2:0x00d1f1de  x5=0x00000001
     154335.000 ns	     15432	800033cc	01b96133	or	x2,x18,x27	 x18:0x00000010 x27:0x0000000e  x2=0x0000001e
     154345.000 ns	     15433	800033d0	93712337	lui	x6,0x93712	  x6=0x93712000
     154355.000 ns	     15434	800033d4	368b4093	xori	x1,x22,872	 x22:0x00000000  x1=0x00000368
     154365.000 ns	     15435	800033d8	ff196b93	ori	x23,x18,-15	 x18:0x00000010 x23=0xfffffff1
     154375.000 ns	     15436	800033dc	019ca2b3	slt	x5,x25,x25	 x25:0x80040fe4 x25:0x80040fe4  x5=0x00000000
     154385.000 ns	     15437	800033e0	01f034b3	sltu	x9,x0,x31	  x0:0x00000000 x31:0x80041024  x9=0x00000001
     154405.000 ns	     15439	800033e4	d00fb4d3	fcvt.s.w	f9,x31	 x31:0x80041024  f9=0xcefff7e0
     154425.000 ns	     15441	800033e8	413c8c33	sub	x24,x25,x19	 x25:0x80040fe4 x19:0xffffffc9 x24=0x8004101b
     154785.000 ns	     15477	800033ec	021d72b3	remu	x5,x26,x1	 x26:0x80000000  x1:0x00000368  x5=0x00000210
     154815.000 ns	     15480	800033f0	03199bb3	mulh	x23,x19,x17	 x19:0xffffffc9 x17:0xfffffba8 x23=0x00000000
     154845.000 ns	     15483	800033f4	c007f553	fcvt.w.s	x10,f15	 f15:0x00000000 x10=0x00000000
     154875.000 ns	     15486	800033f8	e0030453	fmv.x.w	x8,f6	  f6:0x00000040  x8=0x00000040
     154895.000 ns	     15488	800033fc	068da617	auipc	x12,0x68da	 x12=0x868dd3fc
     154905.000 ns	     15489	80003400	13f5de37	lui	x28,0x13f5d	 x28=0x13f5d000
     154925.000 ns	     15491	80003404	c01b7f53	fcvt.wu.s	x30,f22	 f22:0x00000000 x30=0x00000000
     154945.000 ns	     15493	80003408	40a75b93	srai	x23,x14,0xa	 x14:0x7fffffff x23=0x001fffff
     154965.000 ns	     15495	8000340c	03da0a33	mul	x20,x20,x29	 x20:0x00000000 x29:0xfffffc35 x20=0x00000000
     155335.000 ns	     15532	80003410	03aede33	divu	x28,x29,x26	 x29:0xfffffc35 x26:0x80000000 x28=0x00000001
     155365.000 ns	     15535	80003414	f0090fd3	fmv.w.x	f31,x18	 x18:0x00000010 f31=0x00000010
     155395.000 ns	     15538	80003418	03b2a033	mulhsu	x0,x5,x27	  x5:0x00000210 x27:0x0000000e
     155415.000 ns	     15540	8000341c	e2c27913	andi	x18,x4,-468	  x4:0x00d1f1de x18=0x00d1f00c
     155435.000 ns	     15542	80003420	291f1253	fmax.s	f4,f30,f17	 f30:0x4f000410 f17:0xbc0633f0  f4=0x4f000410
     155465.000 ns	     15545	80003424	020dd6b3	divu	x13,x27,x0	 x27:0x0000000e  x0:0x00000000 x13=0xffffffff
     155495.000 ns	     15548	80003428	a1bc96d3	flt.s	x13,f25,f27	 f25:0x7fc00000 f27:0x7fc00000 x13=0x00000000
     155535.000 ns	     15552	8000342c	11518453	fmul.s	f8,f3,f21	  f3:0x4b51f1de f21:0x428045ee  f8=0x4e526490
     155565.000 ns	     15555	80003430	d00b45d3	fcvt.s.w	f11,x22	 x22:0x00000000 f11=0x00000000
     155585.000 ns	     15557	80003434	00008333	add	x6,x1,x0	  x1:0x00000368  x0:0x00000000  x6=0x00000368
     155605.000 ns	     15559	80003438	d00b0253	fcvt.s.w	f4,x22	 x22:0x00000000  f4=0x00000000
     155635.000 ns	     15562	8000343c	a069af53	feq.s	x30,f19,f6	 f19:0x80000000  f6:0x00000040 x30=0x00000000
     155665.000 ns	     15565	80003440	29e18453	fmin.s	f8,f3,f30	  f3:0x4b51f1de f30:0x4f000410  f8=0x4b51f1de
     155685.000 ns	     15567	80003444	1ec82593	slti	x11,x16,492	 x16:0x80040fe4 x11=0x00000001
     156045.000 ns	     15603	80003448	022ac933	div	x18,x21,x2	 x21:0x00000000  x2:0x0000001e x18=0x00000000
     156415.000 ns	     15640	8000344c	02c263b3	rem	x7,x4,x12	  x4:0x00d1f1de x12:0x868dd3fc  x7=0x00d1f1de
     156435.000 ns	     15642	80003450	a1910017	auipc	x0,0xa1910	
     156455.000 ns	     15644	80003454	038402b3	mul	x5,x8,x24	  x8:0x00000040 x24:0x8004101b  x5=0x010406c0
     156475.000 ns	     15646	80003458	ae150513	addi	x10,x10,-1311	 x10:0x00000000 x10=0xfffffae1
     156485.000 ns	     15647	8000345c	863fbb17	auipc	x22,0x863fb	 x22=0x063fe45c
     156495.000 ns	     15648	80003460	00000013	addi	x0,x0,0	  x0:0x00000000
     156525.000 ns	     15651	80003464	18477553	fdiv.s	f10,f14,f4	 f14:0xcf000411  f4:0x00000000 f10=0xff800000
     156545.000 ns	     15653	80003468	01521693	slli	x13,x4,0x15	  x4:0x00d1f1de x13=0x3bc00000
     156565.000 ns	     15655	8000346c	02ce20b3	mulhsu	x1,x28,x12	 x28:0x00000001 x12:0x868dd3fc  x1=0x00000000
     156595.000 ns	     15658	80003470	d00bf453	fcvt.s.w	f8,x23	 x23:0x001fffff  f8=0x49fffff8
     156625.000 ns	     15661	80003474	03ed8ab3	mul	x21,x27,x30	 x27:0x0000000e x30:0x00000000 x21=0x00000000
     156675.000 ns	     15666	80003478	0955a653	fsub.s	f12,f11,f21	 f11:0x00000000 f21:0x428045ee f12=0xc28045ee
     156695.000 ns	     15668	8000347c	40c8d693	srai	x13,x17,0xc	 x17:0xfffffba8 x13=0xffffffff
     156715.000 ns	     15670	80003480	20e8aad3	fsgnjx.s	f21,f17,f14	 f17:0xbc0633f0 f14:0xcf000411 f21=0x3c0633f0
     156745.000 ns	     15673	80003484	d0152153	fcvt.s.wu	f2,x10	 x10:0xfffffae1  f2=0x4f7ffffb
     156765.000 ns	     15675	80003488	018d0bb3	add	x23,x26,x24	 x26:0x80000000 x24:0x8004101b x23=0x0004101b
     156775.000 ns	     15676	8000348c	00000013	addi	x0,x0,0	  x0:0x00000000
     156795.000 ns	     15678	80003490	032e7ab3	remu	x21,x28,x18	 x28:0x00000001 x18:0x00000000 x21=0x00000001
     156815.000 ns	     15680	80003494	4155da93	srai	x21,x11,0x15	 x11:0x00000001 x21=0x00000000
     156825.000 ns	     15681	80003498	7d8d0513	addi	x10,x26,2008	 x26:0x80000000 x10=0x800007d8
     156835.000 ns	     15682	8000349c	0021c1b3	xor	x3,x3,x2	  x3:0xc98abda1  x2:0x0000001e  x3=0xc98abdbf
     156855.000 ns	     15684	800034a0	023c86b3	mul	x13,x25,x3	 x25:0x80040fe4  x3:0xc98abda1 x13=0x17ab2f1c
     156885.000 ns	     15687	800034a4	21932f53	fsgnjx.s	f30,f6,f25	  f6:0x00000040 f25:0x7fc00000 f30=0x00000040
     156925.000 ns	     15691	800034a8	196c7353	fdiv.s	f6,f24,f22	 f24:0x4f000410 f22:0x00000000  f6=0x7f800000
     156955.000 ns	     15694	800034ac	e0061bd3	fclass.s	x23,f12	 f12:0xc28045ee x23=0x00000002
     156975.000 ns	     15696	800034b0	40b05113	srai	x2,x0,0xb	  x0:0x00000000  x2=0x00000000
     156995.000 ns	     15698	800034b4	c00376d3	fcvt.w.s	x13,f6	  f6:0x7f800000 x13=0x7fffffff
     157025.000 ns	     15701	800034b8	2074a753	fsgnjx.s	f14,f9,f7	  f9:0xcefff7e0  f7:0x4b51f1de f14=0xcefff7e0
     157055.000 ns	     15704	800034bc	28b70e53	fmin.s	f28,f14,f11	 f14:0xcf000411 f11:0x00000000 f28=0xcefff7e0
     157075.000 ns	     15706	800034c0	00000013	addi	x0,x0,0	  x0:0x00000000
     157095.000 ns	     15708	800034c4	285904d3	fmin.s	f9,f18,f5	 f18:0xbf800000  f5:0xc6356800  f9=0xc6356800
     157115.000 ns	     15710	800034c8	41abd893	srai	x17,x23,0x1a	 x23:0x00000002 x17=0x00000000
     157445.000 ns	     15743	800034cc	18df01d3	fdiv.s	f3,f30,f13	 f30:0x00000040 f13:0x4b51c484  f3=0x00000000
     157465.000 ns	     15745	800034d0	01af1713	slli	x14,x30,0x1a	 x30:0x00000000 x14=0x00000000
     157475.000 ns	     15746	800034d4	bff9bf13	sltiu	x30,x19,-1025	 x19:0xffffffc9 x30=0x00000000
     157495.000 ns	     15748	800034d8	e0040953	fmv.x.w	x18,f8	  f8:0x49fffff8 x18=0x49fffff8
     157525.000 ns	     15751	800034dc	f0010053	fmv.w.x	f0,x2	  x2:0x00000000  f0=0x00000000
     157555.000 ns	     15754	800034e0	a157a7d3	feq.s	x15,f15,f21	 f15:0x00000000 f21:0x3c0633f0 x15=0x00000000
     157575.000 ns	     15756	800034e4	00edde33	srl	x28,x27,x14	 x27:0x0000000e x14:0x00000000 x28=0x0000000e
     157605.000 ns	     15759	800034e8	1972c853	fdiv.s	f16,f5,f23	  f5:0xc6356800 f23:0x00000000 f16=0xff800000
     157635.000 ns	     15762	800034ec	20919e53	fsgnjn.s	f28,f3,f9	  f3:0x00000000  f9:0xc6356800 f28=0x00000000
     157655.000 ns	     15764	800034f0	e05e2993	slti	x19,x28,-507	 x28:0x0000000e x19=0x00000000
     158015.000 ns	     15800	800034f4	02554033	div	x0,x10,x5	 x10:0x800007d8  x5:0x010406c0
     158035.000 ns	     15802	800034f8	00000013	addi	x0,x0,0	  x0:0x00000000
     158045.000 ns	     15803	800034fc	01de5a33	srl	x20,x28,x29	 x28:0x0000000e x29:0xfffffc35 x20=0x00000000
     158055.000 ns	     15804	80003500	010a40b3	xor	x1,x20,x16	 x20:0x00000000 x16:0x80040fe4  x1=0x80040fe4
     158065.000 ns	     15805	80003504	c4a85637	lui	x12,0xc4a85	 x12=0xc4a85000
     158075.000 ns	     15806	80003508	013b1233	sll	x4,x22,x19	 x22:0x063fe45c x19:0x00000000  x4=0x063fe45c
     158085.000 ns	     15807	8000350c	41ed88b3	sub	x17,x27,x30	 x27:0x0000000e x30:0x00000000 x17=0x0000000e
     158105.000 ns	     15809	80003510	29a98cd3	fmin.s	f25,f19,f26	 f19:0x80000000 f26:0x7fc00000 f25=0x80000000
     158135.000 ns	     15812	80003514	20999853	fsgnjn.s	f16,f19,f9	 f19:0x80000000  f9:0xc6356800 f16=0x00000000
     158155.000 ns	     15814	80003518	007c4eb3	xor	x29,x24,x7	 x24:0x8004101b  x7:0x00d1f1de x29=0x80d5e1c5
     158195.000 ns	     15818	8000351c	01d93853	fadd.s	f16,f18,f29	 f18:0xbf800000 f29:0x7fc00000 f16=0x7fc00000
     158225.000 ns	     15821	80003520	28f588d3	fmin.s	f17,f11,f15	 f11:0x00000000 f15:0x00000000 f17=0x00000000
     158245.000 ns	     15823	80003524	009e9a33	sll	x20,x29,x9	 x29:0x80d5e1c5  x9:0x00000001 x20=0x01abc38a
     158255.000 ns	     15824	80003528	5771f693	andi	x13,x3,1399	  x3:0xc98abdbf x13=0x00000537
     158265.000 ns	     15825	8000352c	fad2be93	sltiu	x29,x5,-83	  x5:0x010406c0 x29=0x00000001
     158275.000 ns	     15826	80003530	01a93133	sltu	x2,x18,x26	 x18:0x49fffff8 x26:0x80000000  x2=0x00000001
     158285.000 ns	     15827	80003534	3b1a0637	lui	x12,0x3b1a0	 x12=0x3b1a0000
     158295.000 ns	     15828	80003538	43f35537	lui	x10,0x43f35	 x10=0x43f35000
     158315.000 ns	     15830	8000353c	d01c1ad3	fcvt.s.wu	f21,x24	 x24:0x8004101b f21=0x4f000410
     158345.000 ns	     15833	80003540	29828dd3	fmin.s	f27,f5,f24	  f5:0xc6356800 f24:0x4f000410 f27=0xc6356800
     158375.000 ns	     15836	80003544	f00a0e53	fmv.w.x	f28,x20	 x20:0x01abc38a f28=0x01abc38a
     158395.000 ns	     15838	80003548	405edb33	sra	x22,x29,x5	 x29:0x00000001  x5:0x010406c0 x22=0x00000001
     158415.000 ns	     15840	8000354c	e00813d3	fclass.s	x7,f16	 f16:0x7fc00000  x7=0x00000200
     158445.000 ns	     15843	80003550	d004fe53	fcvt.s.w	f28,x9	  x9:0x00000001 f28=0x3f800000
     158465.000 ns	     15845	80003554	00000013	addi	x0,x0,0	  x0:0x00000000
     158475.000 ns	     15846	80003558	0081e633	or	x12,x3,x8	  x3:0xc98abdbf  x8:0x00000040 x12=0xc98abdff
     158515.000 ns	     15850	8000355c	0047f2d3	fadd.s	f5,f15,f4	 f15:0x00000000  f4:0x00000000  f5=0x00000000
     158885.000 ns	     15887	80003560	03ddd0b3	divu	x1,x27,x29	 x27:0x0000000e x29:0x00000001  x1=0x0000000e
     158905.000 ns	     15889	80003564	40565093	srai	x1,x12,0x5	 x12:0xc98abdff  x1=0xfe4c55ef
     158925.000 ns	     15891	80003568	d0122753	fcvt.s.wu	f14,x4	  x4:0x063fe45c f14=0x4cc7fc8c
     158965.000 ns	     15895	8000356c	1009f853	fmul.s	f16,f19,f0	 f19:0x80000000  f0:0x00000000 f16=0x80000000
     158985.000 ns	     15897	80003570	78db6c13	ori	x24,x22,1933	 x22:0x00000001 x24=0x0000078d
     159005.000 ns	     15899	80003574	20958153	fsgnj.s	f2,f11,f9	 f11:0x00000000  f9:0xc6356800  f2=0x80000000
     159025.000 ns	     15901	80003578	0050a333	slt	x6,x1,x5	  x1:0xfe4c55ef  x5:0x010406c0  x6=0x00000001
     159055.000 ns	     15904	8000357c	58067cd3	fsqrt.s	f25,f12	 f12:0xc28045ee f25=0x7fc00000
     159085.000 ns	     15907	80003580	285c1a53	fmax.s	f20,f24,f5	 f24:0x4f000410  f5:0x00000000 f20=0x4f000410
     159105.000 ns	     15909	80003584	c24fb193	sltiu	x3,x31,-988	 x31:0x80041024  x3=0x00000001
     159115.000 ns	     15910	80003588	57ad6cb7	lui	x25,0x57ad6	 x25=0x57ad6000
     159135.000 ns	     15912	8000358c	02fb4c33	div	x24,x22,x15	 x22:0x00000001 x15:0x00000000 x24=0xffffffff
     159165.000 ns	     15915	80003590	29510953	fmin.s	f18,f2,f21	  f2:0x80000000 f21:0x4f000410 f18=0x80000000
     159195.000 ns	     15918	80003594	c0177d53	fcvt.wu.s	x26,f14	 f14:0x4cc7fc8c x26=0x063fe460
     159225.000 ns	     15921	80003598	28aa8d53	fmin.s	f26,f21,f10	 f21:0x4f000410 f10:0xff800000 f26=0xff800000
     159275.000 ns	     15926	8000359c	09487cd3	fsub.s	f25,f16,f20	 f16:0x80000000 f20:0x4f000410 f25=0xcf000410
     159315.000 ns	     15930	800035a0	1169bed3	fmul.s	f29,f19,f22	 f19:0x80000000 f22:0x00000000 f29=0x80000000
     159345.000 ns	     15933	800035a4	e0010cd3	fmv.x.w	x25,f2	  f2:0x80000000 x25=0x80000000
     159365.000 ns	     15935	800035a8	019cd3b3	srl	x7,x25,x25	 x25:0x57ad6000 x25:0x57ad6000  x7=0x80000000
     159375.000 ns	     15936	800035ac	40c9d393	srai	x7,x19,0xc	 x19:0x00000000  x7=0x00000000
     159395.000 ns	     15938	800035b0	21599253	fsgnjn.s	f4,f19,f21	 f19:0x80000000 f21:0x4f000410  f4=0x80000000
     159425.000 ns	     15941	800035b4	e0098e53	fmv.x.w	x28,f19	 f19:0x80000000 x28=0x80000000
     159445.000 ns	     15943	800035b8	000aa133	slt	x2,x21,x0	 x21:0x00000000  x0:0x00000000  x2=0x00000000
     159455.000 ns	     15944	800035bc	1629c913	xori	x18,x19,354	 x19:0x00000000 x18=0x00000162
     159465.000 ns	     15945	800035c0	170fb593	sltiu	x11,x31,368	 x31:0x80041024 x11=0x00000000
     159485.000 ns	     15947	800035c4	c01176d3	fcvt.wu.s	x13,f2	  f2:0x80000000 x13=0x00000000
     159505.000 ns	     15949	800035c8	000ebe33	sltu	x28,x29,x0	 x29:0x00000001  x0:0x00000000 x28=0x00000000
     159525.000 ns	     15951	800035cc	20e98e53	fsgnj.s	f28,f19,f14	 f19:0x80000000 f14:0x4cc7fc8c f28=0x00000000
     159545.000 ns	     15953	800035d0	2bea8893	addi	x17,x21,702	 x21:0x00000000 x17=0x000002be
     159555.000 ns	     15954	800035d4	1b5d3893	sltiu	x17,x26,437	 x26:0x063fe460 x17=0x00000000
     159575.000 ns	     15956	800035d8	20bba953	fsgnjx.s	f18,f23,f11	 f23:0x00000000 f11:0x00000000 f18=0x00000000
     159605.000 ns	     15959	800035dc	02c92eb3	mulhsu	x29,x18,x12	 x18:0x00000162 x12:0xc98abdff x29=0x00000116
     159625.000 ns	     15961	800035e0	00d73733	sltu	x14,x14,x13	 x14:0x00000000 x13:0x00000000 x14=0x00000000
     159635.000 ns	     15962	800035e4	00000013	addi	x0,x0,0	  x0:0x00000000
     159645.000 ns	     15963	800035e8	69984313	xori	x6,x16,1689	 x16:0x80040fe4  x6=0x8004097d
     159655.000 ns	     15964	800035ec	0184e1b3	or	x3,x9,x24	  x9:0x00000001 x24:0xffffffff  x3=0xffffffff
     159665.000 ns	     15965	800035f0	0187fcb3	and	x25,x15,x24	 x15:0x00000000 x24:0xffffffff x25=0x00000000
     159675.000 ns	     15966	800035f4	40bcd033	sra	x0,x25,x11	 x25:0x80000000 x11:0x00000000
     159685.000 ns	     15967	800035f8	40e1db33	sra	x22,x3,x14	  x3:0xffffffff x14:0x00000000 x22=0xffffffff
     159695.000 ns	     15968	800035fc	0057a933	slt	x18,x15,x5	 x15:0x00000000  x5:0x010406c0 x18=0x00000001
     159715.000 ns	     15970	80003600	e00e1e53	fclass.s	x28,f28	 f28:0x00000000 x28=0x00000010
     160085.000 ns	     16007	80003604	025e4033	div	x0,x28,x5	 x28:0x00000000  x5:0x010406c0
     160105.000 ns	     16009	80003608	41c45d33	sra	x26,x8,x28	  x8:0x00000040 x28:0x00000010 x26=0x00000000
     160135.000 ns	     16012	8000360c	1949b1d3	fdiv.s	f3,f19,f20	 f19:0x80000000 f20:0x4f000410  f3=0x80000000
     160165.000 ns	     16015	80003610	2026ae53	fsgnjx.s	f28,f13,f2	 f13:0x4b51c484  f2:0x80000000 f28=0xcb51c484
     160195.000 ns	     16018	80003614	e0090d53	fmv.x.w	x26,f18	 f18:0x00000000 x26=0x00000000
     160225.000 ns	     16021	80003618	29b683d3	fmin.s	f7,f13,f27	 f13:0x4b51c484 f27:0xc6356800  f7=0xc6356800
     160255.000 ns	     16024	8000361c	021b11b3	mulh	x3,x22,x1	 x22:0xffffffff  x1:0xfe4c55ef  x3=0x00000000
     160285.000 ns	     16027	80003620	a1dfa8d3	feq.s	x17,f31,f29	 f31:0x00000010 f29:0x80000000 x17=0x00000000
     160305.000 ns	     16029	80003624	00a85f33	srl	x30,x16,x10	 x16:0x80040fe4 x10:0x43f35000 x30=0x80040fe4
     160325.000 ns	     16031	80003628	28131553	fmax.s	f10,f6,f1	  f6:0x7f800000  f1:0xc4942303 f10=0x7f800000
     160345.000 ns	     16033	8000362c	50c8c613	xori	x12,x17,1292	 x17:0x00000000 x12=0x0000050c
     160365.000 ns	     16035	80003630	283a03d3	fmin.s	f7,f20,f3	 f20:0x4f000410  f3:0x80000000  f7=0x80000000
     160385.000 ns	     16037	80003634	014de8b3	or	x17,x27,x20	 x27:0x0000000e x20:0x01abc38a x17=0x01abc38e
     160405.000 ns	     16039	80003638	c01bf553	fcvt.wu.s	x10,f23	 f23:0x00000000 x10=0x00000000
     160425.000 ns	     16041	8000363c	01a0bbb3	sltu	x23,x1,x26	  x1:0xfe4c55ef x26:0x00000000 x23=0x00000000
     160435.000 ns	     16042	80003640	40c78e33	sub	x28,x15,x12	 x15:0x00000000 x12:0x0000050c x28=0xfffffaf4
     160445.000 ns	     16043	80003644	01deaf33	slt	x30,x29,x29	 x29:0x00000116 x29:0x00000116 x30=0x00000000
     160475.000 ns	     16046	80003648	580939d3	fsqrt.s	f19,f18	 f18:0x00000000 f19=0x00000000
     160495.000 ns	     16048	8000364c	005e0a33	add	x20,x28,x5	 x28:0xfffffaf4  x5:0x010406c0 x20=0x010401b4
     160505.000 ns	     16049	80003650	2438fa93	andi	x21,x17,579	 x17:0x01abc38e x21=0x00000202
     160515.000 ns	     16050	80003654	00a0c293	xori	x5,x1,10	  x1:0xfe4c55ef  x5=0xfe4c55e5
     160875.000 ns	     16086	80003658	030e5933	divu	x18,x28,x16	 x28:0xfffffaf4 x16:0x80040fe4 x18=0x00000001
     160895.000 ns	     16088	8000365c	55e9e213	ori	x4,x19,1374	 x19:0x00000000  x4=0x0000055e
     160915.000 ns	     16090	80003660	c00c30d3	fcvt.w.s	x1,f24	 f24:0x4f000410  x1=0x7fffffff
     160945.000 ns	     16093	80003664	29578ad3	fmin.s	f21,f15,f21	 f15:0x00000000 f21:0x4f000410 f21=0x00000000
     160975.000 ns	     16096	80003668	03a32733	mulhsu	x14,x6,x26	  x6:0x8004097d x26:0x00000000 x14=0x00000000
     160995.000 ns	     16098	8000366c	40f45a33	sra	x20,x8,x15	  x8:0x00000040 x15:0x00000000 x20=0x00000040
     161005.000 ns	     16099	80003670	00521e93	slli	x29,x4,0x5	  x4:0x0000055e x29=0x0000abc0
     161025.000 ns	     16101	80003674	a1ce89d3	fle.s	x19,f29,f28	 f29:0x80000000 f28:0xcb51c484 x19=0x00000000
     161055.000 ns	     16104	80003678	c0147ad3	fcvt.wu.s	x21,f8	  f8:0x49fffff8 x21=0x001fffff
     161095.000 ns	     16108	8000367c	580991d3	fsqrt.s	f3,f19	 f19:0x00000000  f3=0x00000000
     161115.000 ns	     16110	80003680	01aaa1b3	slt	x3,x21,x26	 x21:0x001fffff x26:0x00000000  x3=0x00000000
     161125.000 ns	     16111	80003684	0170a633	slt	x12,x1,x23	  x1:0x7fffffff x23:0x00000000 x12=0x00000000
     161135.000 ns	     16112	80003688	f40c6617	auipc	x12,0xf40c6	 x12=0x740c9688
     161155.000 ns	     16114	8000368c	c00fced3	fcvt.w.s	x29,f31	 f31:0x00000010 x29=0x00000000
     161185.000 ns	     16117	80003690	217c00d3	fsgnj.s	f1,f24,f23	 f24:0x4f000410 f23:0x00000000  f1=0x4f000410
     161205.000 ns	     16119	80003694	014c7b33	and	x22,x24,x20	 x24:0xffffffff x20:0x00000040 x22=0x00000040
     161225.000 ns	     16121	80003698	a0dc22d3	feq.s	x5,f24,f13	 f24:0x4f000410 f13:0x4b51c484  x5=0x00000000
     161255.000 ns	     16124	8000369c	211b8a53	fsgnj.s	f20,f23,f17	 f23:0x00000000 f17:0x00000000 f20=0x00000000
     161275.000 ns	     16126	800036a0	407f0933	sub	x18,x30,x7	 x30:0x00000000  x7:0x00000000 x18=0x00000000
     161295.000 ns	     16128	800036a4	f00806d3	fmv.w.x	f13,x16	 x16:0x80040fe4 f13=0x80040fe4
     161325.000 ns	     16131	800036a8	c007c4d3	fcvt.w.s	x9,f15	 f15:0x00000000  x9=0x00000000
     161355.000 ns	     16134	800036ac	a1b68cd3	fle.s	x25,f13,f27	 f13:0x80040fe4 f27:0xc6356800 x25=0x00000000
     161375.000 ns	     16136	800036b0	17746e93	ori	x29,x8,375	  x8:0x00000040 x29=0x00000177
     162235.000 ns	     16222	800036b4	580ff953	fsqrt.s	f18,f31	 f31:0x00000010 f18=0x1f350498
     162265.000 ns	     16225	800036b8	c018fa53	fcvt.wu.s	x20,f17	 f17:0x00000000 x20=0x00000000
     162285.000 ns	     16227	800036bc	00a3d233	srl	x4,x7,x10	  x7:0x00000000 x10:0x00000000  x4=0x00000000
     162295.000 ns	     16228	800036c0	00112e33	slt	x28,x2,x1	  x2:0x00000000  x1:0x7fffffff x28=0x00000001
     162315.000 ns	     16230	800036c4	20a80c53	fsgnj.s	f24,f16,f10	 f16:0x80000000 f10:0x7f800000 f24=0x00000000
     162335.000 ns	     16232	800036c8	41075233	sra	x4,x14,x16	 x14:0x00000000 x16:0x80040fe4  x4=0x00000000
     162355.000 ns	     16234	800036cc	29fc97d3	fmax.s	f15,f25,f31	 f25:0xcf000410 f31:0x00000010 f15=0x00000010
     162385.000 ns	     16237	800036d0	d009ba53	fcvt.s.w	f20,x19	 x19:0x00000000 f20=0x00000000
     162415.000 ns	     16240	800036d4	a1ea0bd3	fle.s	x23,f20,f30	 f20:0x00000000 f30:0x00000040 x23=0x00000001
     162435.000 ns	     16242	800036d8	41d1d3b3	sra	x7,x3,x29	  x3:0x00000000 x29:0x00000177  x7=0x00000000
     162445.000 ns	     16243	800036dc	01cb1933	sll	x18,x22,x28	 x22:0x00000040 x28:0x00000001 x18=0x00000080
     162465.000 ns	     16245	800036e0	02b89333	mulh	x6,x17,x11	 x17:0x01abc38e x11:0x00000000  x6=0x00000000
     162485.000 ns	     16247	800036e4	00a730b3	sltu	x1,x14,x10	 x14:0x00000000 x10:0x00000000  x1=0x00000000
     162495.000 ns	     16248	800036e8	0113b5b3	sltu	x11,x7,x17	  x7:0x00000000 x17:0x01abc38e x11=0x00000001
     162515.000 ns	     16250	800036ec	20a89ad3	fsgnjn.s	f21,f17,f10	 f17:0x00000000 f10:0x7f800000 f21=0x80000000
     162565.000 ns	     16255	800036f0	01572bd3	fadd.s	f23,f14,f21	 f14:0x4cc7fc8c f21:0x00000000 f23=0x4cc7fc8c
     162595.000 ns	     16258	800036f4	e00e0553	fmv.x.w	x10,f28	 f28:0xcb51c484 x10=0xcb51c484
     162615.000 ns	     16260	800036f8	00428e33	add	x28,x5,x4	  x5:0x00000000  x4:0x00000000 x28=0x00000000
     162635.000 ns	     16262	800036fc	02d451b3	divu	x3,x8,x13	  x8:0x00000040 x13:0x00000000  x3=0xffffffff
     162685.000 ns	     16267	80003700	09f3b653	fsub.s	f12,f7,f31	  f7:0x80000000 f31:0x00000010 f12=0x80000010
     162705.000 ns	     16269	80003704	9e36d717	auipc	x14,0x9e36d	 x14=0x1e370704
     162725.000 ns	     16271	80003708	035f0bb3	mul	x23,x30,x21	 x30:0x00000000 x21:0x001fffff x23=0x00000000
     162745.000 ns	     16273	8000370c	aac03913	sltiu	x18,x0,-1364	  x0:0x00000000 x18=0x00000001
     162755.000 ns	     16274	80003710	01915193	srli	x3,x2,0x19	  x2:0x00000000  x3=0x00000000
     162775.000 ns	     16276	80003714	d008b2d3	fcvt.s.w	f5,x17	 x17:0x01abc38e  f5=0x4bd5e1c7
     162805.000 ns	     16279	80003718	e00b81d3	fmv.x.w	x3,f23	 f23:0x4cc7fc8c  x3=0x4cc7fc8c
     162825.000 ns	     16281	8000371c	40d68133	sub	x2,x13,x13	 x13:0x00000000 x13:0x00000000  x2=0x00000000
     162835.000 ns	     16282	80003720	02a2c293	xori	x5,x5,42	  x5:0x00000000  x5=0x0000002a
     162845.000 ns	     16283	80003724	01617433	and	x8,x2,x22	  x2:0x00000000 x22:0x00000040  x8=0x00000000
     162855.000 ns	     16284	80003728	0040e433	or	x8,x1,x4	  x1:0x00000000  x4:0x00000000  x8=0x00000000
     162865.000 ns	     16285	8000372c	00000013	addi	x0,x0,0	  x0:0x00000000
     162885.000 ns	     16287	80003730	c01a3353	fcvt.wu.s	x6,f20	 f20:0x00000000  x6=0x00000000
     162905.000 ns	     16289	80003734	015e9193	slli	x3,x29,0x15	 x29:0x00000177  x3=0x2ee00000
     162915.000 ns	     16290	80003738	6ee77593	andi	x11,x14,1774	 x14:0x1e370704 x11=0x00000604
     163275.000 ns	     16326	8000373c	03d87f33	remu	x30,x16,x29	 x16:0x80040fe4 x29:0x00000177 x30=0x00000168
     163295.000 ns	     16328	80003740	014e5233	srl	x4,x28,x20	 x28:0x00000000 x20:0x00000000  x4=0x00000000
     163305.000 ns	     16329	80003744	01b45ab3	srl	x21,x8,x27	  x8:0x00000000 x27:0x0000000e x21=0x00000000
     163315.000 ns	     16330	80003748	00739413	slli	x8,x7,0x7	  x7:0x00000000  x8=0x00000000
     163335.000 ns	     16332	8000374c	e0070bd3	fmv.x.w	x23,f14	 f14:0x4cc7fc8c x23=0x4cc7fc8c
     163355.000 ns	     16334	80003750	003a4a33	xor	x20,x20,x3	 x20:0x00000000  x3:0x2ee00000 x20=0x2ee00000
     163395.000 ns	     16338	80003754	080b72d3	fsub.s	f5,f22,f0	 f22:0x00000000  f0:0x00000000  f5=0x80000000
     163415.000 ns	     16340	80003758	0185e6b3	or	x13,x11,x24	 x11:0x00000604 x24:0xffffffff x13=0xffffffff
     163435.000 ns	     16342	8000375c	033811b3	mulh	x3,x16,x19	 x16:0x80040fe4 x19:0x00000000  x3=0x00000000
     163465.000 ns	     16345	80003760	02260233	mul	x4,x12,x2	 x12:0x740c9688  x2:0x00000000  x4=0x00000000
     163495.000 ns	     16348	80003764	038993b3	mulh	x7,x19,x24	 x19:0x00000000 x24:0xffffffff  x7=0x00000000
     163515.000 ns	     16350	80003768	01845993	srli	x19,x8,0x18	  x8:0x00000000 x19=0x00000000
     163525.000 ns	     16351	8000376c	011f04b3	add	x9,x30,x17	 x30:0x00000168 x17:0x01abc38e  x9=0x01abc4f6
     163555.000 ns	     16354	80003770	113ff1d3	fmul.s	f3,f31,f19	 f31:0x00000010 f19:0x00000000  f3=0x00000000
     163585.000 ns	     16357	80003774	a086a153	feq.s	x2,f13,f8	 f13:0x80040fe4  f8:0x49fffff8  x2=0x00000000
     163615.000 ns	     16360	80003778	c019c353	fcvt.wu.s	x6,f19	 f19:0x00000000  x6=0x00000000
     163635.000 ns	     16362	8000377c	b6f1a493	slti	x9,x3,-1169	  x3:0x00000000  x9=0x00000000
     163645.000 ns	     16363	80003780	01485333	srl	x6,x16,x20	 x16:0x80040fe4 x20:0x2ee00000  x6=0x80040fe4
     163655.000 ns	     16364	80003784	014bd5b3	srl	x11,x23,x20	 x23:0x4cc7fc8c x20:0x2ee00000 x11=0x4cc7fc8c
     163675.000 ns	     16366	80003788	c00a2cd3	fcvt.w.s	x25,f20	 f20:0x00000000 x25=0x00000000
     163705.000 ns	     16369	8000378c	e00915d3	fclass.s	x11,f18	 f18:0x1f350498 x11=0x00000040
     163735.000 ns	     16372	80003790	a1002153	feq.s	x2,f0,f16	  f0:0x00000000 f16:0x80000000  x2=0x00000001
     163775.000 ns	     16376	80003794	11127bd3	fmul.s	f23,f4,f17	  f4:0x80000000 f17:0x00000000 f23=0x80000000
     163815.000 ns	     16380	80003798	58022ad3	fsqrt.s	f21,f4	  f4:0x80000000 f21=0x80000000
     163835.000 ns	     16382	8000379c	40c987b3	sub	x15,x19,x12	 x19:0x00000000 x12:0x740c9688 x15=0x8bf36978
     164195.000 ns	     16418	800037a0	034dd3b3	divu	x7,x27,x20	 x27:0x0000000e x20:0x2ee00000  x7=0x00000000
     164225.000 ns	     16421	800037a4	f0068453	fmv.w.x	f8,x13	 x13:0xffffffff  f8=0xffffffff
     164245.000 ns	     16423	800037a8	40105ab3	sra	x21,x0,x1	  x0:0x00000000  x1:0x00000000 x21=0x00000000
     164255.000 ns	     16424	800037ac	0011ff33	and	x30,x3,x1	  x3:0x00000000  x1:0x00000000 x30=0x00000000
     164285.000 ns	     16427	800037b0	58067f53	fsqrt.s	f30,f12	 f12:0x80000010 f30=0x7fc00000
     164315.000 ns	     16430	800037b4	02c80eb3	mul	x29,x16,x12	 x16:0x80040fe4 x12:0x740c9688 x29=0x72280920
     164685.000 ns	     16467	800037b8	02a0e933	rem	x18,x1,x10	  x1:0x00000000 x10:0xcb51c484 x18=0x00000000
     164705.000 ns	     16469	800037bc	c8774e93	xori	x29,x14,-889	 x14:0x1e370704 x29=0xe1c8fb83
     164725.000 ns	     16471	800037c0	a1551553	flt.s	x10,f10,f21	 f10:0x7f800000 f21:0x80000000 x10=0x00000000
     164755.000 ns	     16474	800037c4	21e48dd3	fsgnj.s	f27,f9,f30	  f9:0xc6356800 f30:0x7fc00000 f27=0x46356800
     165125.000 ns	     16511	800037c8	02bbe1b3	rem	x3,x23,x11	 x23:0x4cc7fc8c x11:0x00000040  x3=0x0000000c
     165145.000 ns	     16513	800037cc	0175dc33	srl	x24,x11,x23	 x11:0x00000040 x23:0x4cc7fc8c x24=0x00000000
     165155.000 ns	     16514	800037d0	7057c093	xori	x1,x15,1797	 x15:0x8bf36978  x1=0x8bf36e7d
     165175.000 ns	     16516	800037d4	f00682d3	fmv.w.x	f5,x13	 x13:0xffffffff  f5=0xffffffff
     165205.000 ns	     16519	800037d8	a1c615d3	flt.s	x11,f12,f28	 f12:0x80000010 f28:0xcb51c484 x11=0x00000000
     165225.000 ns	     16521	800037dc	d461a913	slti	x18,x3,-698	  x3:0x0000000c x18=0x00000000
     165235.000 ns	     16522	800037e0	79a9d117	auipc	x2,0x79a9d	  x2=0xf9aa07e0
     165245.000 ns	     16523	800037e4	00f9b4b3	sltu	x9,x19,x15	 x19:0x00000000 x15:0x8bf36978  x9=0x00000001
     165265.000 ns	     16525	800037e8	0282f9b3	remu	x19,x5,x8	  x5:0x0000002a  x8:0x00000000 x19=0x0000002a
     165295.000 ns	     16528	800037ec	d01093d3	fcvt.s.wu	f7,x1	  x1:0x8bf36e7d  f7=0x4f0bf36e
     165325.000 ns	     16531	800037f0	d00c4153	fcvt.s.w	f2,x24	 x24:0x00000000  f2=0x00000000
     165355.000 ns	     16534	800037f4	28358bd3	fmin.s	f23,f11,f3	 f11:0x00000000  f3:0x00000000 f23=0x00000000
     165375.000 ns	     16536	800037f8	0136f0b3	and	x1,x13,x19	 x13:0xffffffff x19:0x0000002a  x1=0x0000002a
     165395.000 ns	     16538	800037fc	d015f5d3	fcvt.s.wu	f11,x11	 x11:0x00000000 f11=0x00000000
     165415.000 ns	     16540	80003800	01175b33	srl	x22,x14,x17	 x14:0x1e370704 x17:0x01abc38e x22=0x000078dc
     165745.000 ns	     16573	80003804	189487d3	fdiv.s	f15,f9,f9	  f9:0xc6356800  f9:0xc6356800 f15=0x3f4c70c4
     165775.000 ns	     16576	80003808	03ce1633	mulh	x12,x28,x28	 x28:0x00000000 x28:0x00000000 x12=0x00000000
     165805.000 ns	     16579	8000380c	c01a7353	fcvt.wu.s	x6,f20	 f20:0x00000000  x6=0x00000000
     165845.000 ns	     16583	80003810	580f77d3	fsqrt.s	f15,f30	 f30:0x7fc00000 f15=0x7fc00000
     165865.000 ns	     16585	80003814	01b77933	and	x18,x14,x27	 x14:0x1e370704 x27:0x0000000e x18=0x00000004
     165875.000 ns	     16586	80003818	bb83ce13	xori	x28,x7,-1096	  x7:0x00000000 x28=0xfffffbb8
     165905.000 ns	     16589	8000381c	116d7553	fmul.s	f10,f26,f22	 f26:0xff800000 f22:0x00000000 f10=0x7fc00000
     165935.000 ns	     16592	80003820	021e19b3	mulh	x19,x28,x1	 x28:0x00000000  x1:0x0000002a x19=0xffffffff
     165965.000 ns	     16595	80003824	28958ad3	fmin.s	f21,f11,f9	 f11:0x00000000  f9:0xc6356800 f21=0xc6356800
     165985.000 ns	     16597	80003828	db024b13	xori	x22,x4,-592	  x4:0x00000000 x22=0xfffffdb0
     166005.000 ns	     16599	8000382c	20a58ad3	fsgnj.s	f21,f11,f10	 f11:0x00000000 f10:0x7fc00000 f21=0x00000000
     166025.000 ns	     16601	80003830	2d10b893	sltiu	x17,x1,721	  x1:0x0000002a x17=0x00000001
     166035.000 ns	     16602	80003834	00cfd9b3	srl	x19,x31,x12	 x31:0x80041024 x12:0x00000000 x19=0x80041024
     166055.000 ns	     16604	80003838	d00ebb53	fcvt.s.w	f22,x29	 x29:0xe1c8fb83 f22=0xcdf1b824
     166085.000 ns	     16607	8000383c	034eb933	mulhu	x18,x29,x20	 x29:0xe1c8fb83 x20:0x2ee00000 x18=0x2957ad0d
     166115.000 ns	     16610	80003840	c00df653	fcvt.w.s	x12,f27	 f27:0x46356800 x12=0x00002d5a
     166135.000 ns	     16612	80003844	01c21c93	slli	x25,x4,0x1c	  x4:0x00000000 x25=0x00000000
     166145.000 ns	     16613	80003848	010a2ab3	slt	x21,x20,x16	 x20:0x2ee00000 x16:0x80040fe4 x21=0x00000000
     166155.000 ns	     16614	8000384c	402ed493	srai	x9,x29,0x2	 x29:0xe1c8fb83  x9=0xf8723ee0
     166165.000 ns	     16615	80003850	0135ff33	and	x30,x11,x19	 x11:0x00000000 x19:0x80041024 x30=0x00000000
     166185.000 ns	     16617	80003854	027646b3	div	x13,x12,x7	 x12:0x00002d5a  x7:0x00000000 x13=0xffffffff
     166215.000 ns	     16620	80003858	037737b3	mulhu	x15,x14,x23	 x14:0x1e370704 x23:0x4cc7fc8c x15=0x090ff0aa
     166255.000 ns	     16624	8000385c	11c48e53	fmul.s	f28,f9,f28	  f9:0xc6356800 f28:0xcb51c484 f28=0x5214a529
     166625.000 ns	     16661	80003860	02ee6f33	rem	x30,x28,x14	 x28:0xfffffbb8 x14:0x1e370704 x30=0xfffffbb8
     166665.000 ns	     16665	80003864	114a7f53	fmul.s	f30,f20,f20	 f20:0x00000000 f20:0x00000000 f30=0x00000000
     166715.000 ns	     16670	80003868	004bbb53	fadd.s	f22,f23,f4	 f23:0x00000000  f4:0x80000000 f22=0x80000000
     166735.000 ns	     16672	8000386c	409cd613	srai	x12,x25,0x9	 x25:0x00000000 x12=0x00000000
     166755.000 ns	     16674	80003870	c018f253	fcvt.wu.s	x4,f17	 f17:0x00000000  x4=0x00000000
     166785.000 ns	     16677	80003874	020ea133	mulhsu	x2,x29,x0	 x29:0xe1c8fb83  x0:0x00000000  x2=0x00000000
     166815.000 ns	     16680	80003878	f00f05d3	fmv.w.x	f11,x30	 x30:0xfffffbb8 f11=0xfffffbb8
     166835.000 ns	     16682	8000387c	0187dc33	srl	x24,x15,x24	 x15:0x090ff0aa x24:0x00000000 x24=0x090ff0aa
     166855.000 ns	     16684	80003880	20422d53	fsgnjx.s	f26,f4,f4	  f4:0x80000000  f4:0x80000000 f26=0x00000000
     166885.000 ns	     16687	80003884	035c6ab3	rem	x21,x24,x21	 x24:0x00000000 x21:0x00000000 x21=0x090ff0aa
     166905.000 ns	     16689	80003888	5adc7493	andi	x9,x24,1453	 x24:0x090ff0aa  x9=0x000000a8
     166915.000 ns	     16690	8000388c	98313513	sltiu	x10,x2,-1661	  x2:0x00000000 x10=0x00000001
     168085.000 ns	     16807	80003890	5803fe53	fsqrt.s	f28,f7	  f7:0x4f0bf36e f28=0x46c5eb0a
     168115.000 ns	     16810	80003894	d0100bd3	fcvt.s.wu	f23,x0	  x0:0x00000000 f23=0x00000000
     168155.000 ns	     16814	80003898	11671253	fmul.s	f4,f14,f22	 f14:0x4cc7fc8c f22:0x80000000  f4=0x80000000
     168175.000 ns	     16816	8000389c	40518cb3	sub	x25,x3,x5	  x3:0x0000000c  x5:0x0000002a x25=0xffffffe2
     168185.000 ns	     16817	800038a0	f14a6213	ori	x4,x20,-236	 x20:0x2ee00000  x4=0xffffff14
     168205.000 ns	     16819	800038a4	284793d3	fmax.s	f7,f15,f4	 f15:0x7fc00000  f4:0x80000000  f7=0x80000000
     168575.000 ns	     16856	800038a8	03fcd5b3	divu	x11,x25,x31	 x25:0xffffffe2 x31:0x80041024 x11=0x00000001
     168595.000 ns	     16858	800038ac	4147d4b3	sra	x9,x15,x20	 x15:0x090ff0aa x20:0x2ee00000  x9=0x090ff0aa
     168605.000 ns	     16859	800038b0	00757333	and	x6,x10,x7	 x10:0x00000001  x7:0x00000000  x6=0x00000000
     168625.000 ns	     16861	800038b4	024b3cb3	mulhu	x25,x22,x4	 x22:0xfffffdb0  x4:0xffffff14 x25=0xfffffcc4
     168645.000 ns	     16863	800038b8	01237cb3	and	x25,x6,x18	  x6:0x00000000 x18:0x2957ad0d x25=0x00000000
     168655.000 ns	     16864	800038bc	01a715b3	sll	x11,x14,x26	 x14:0x1e370704 x26:0x00000000 x11=0x1e370704
     168675.000 ns	     16866	800038c0	a0f228d3	feq.s	x17,f4,f15	  f4:0x80000000 f15:0x7fc00000 x17=0x00000000
     168695.000 ns	     16868	800038c4	00000013	addi	x0,x0,0	  x0:0x00000000
     168705.000 ns	     16869	800038c8	0057a5b3	slt	x11,x15,x5	 x15:0x090ff0aa  x5:0x0000002a x11=0x00000000
     168725.000 ns	     16871	800038cc	039c9033	mulh	x0,x25,x25	 x25:0x00000000 x25:0x00000000
     168745.000 ns	     16873	800038d0	418204b3	sub	x9,x4,x24	  x4:0xffffff14 x24:0x090ff0aa  x9=0xf6f00e6a
     168765.000 ns	     16875	800038d4	02768a33	mul	x20,x13,x7	 x13:0xffffffff  x7:0x00000000 x20=0x00000000
     168795.000 ns	     16878	800038d8	202c22d3	fsgnjx.s	f5,f24,f2	 f24:0x00000000  f2:0x00000000  f5=0x00000000
     168825.000 ns	     16881	800038dc	a0e20453	fle.s	x8,f4,f14	  f4:0x80000000 f14:0x4cc7fc8c  x8=0x00000001
     168865.000 ns	     16885	800038e0	11fc0fd3	fmul.s	f31,f24,f31	 f24:0x00000000 f31:0x00000010 f31=0x00000000
     169235.000 ns	     16922	800038e4	029d4733	div	x14,x26,x9	 x26:0x00000000  x9:0xf6f00e6a x14=0x00000000
     169265.000 ns	     16925	800038e8	a12d8c53	fle.s	x24,f27,f18	 f27:0x46356800 f18:0x1f350498 x24=0x00000000
     169285.000 ns	     16927	800038ec	01179d13	slli	x26,x15,0x11	 x15:0x090ff0aa x26=0xe1540000
     169295.000 ns	     16928	800038f0	40a65a33	sra	x20,x12,x10	 x12:0x00000000 x10:0x00000001 x20=0x00000000
     169315.000 ns	     16930	800038f4	a1e02a53	feq.s	x20,f0,f30	  f0:0x00000000 f30:0x00000000 x20=0x00000001
     169345.000 ns	     16933	800038f8	a0f18053	fle.s	x0,f3,f15	  f3:0x00000000 f15:0x7fc00000
     169395.000 ns	     16938	800038fc	009928d3	fadd.s	f17,f18,f9	 f18:0x1f350498  f9:0xc6356800 f17=0xc6356800
     169415.000 ns	     16940	80003900	40afdcb3	sra	x25,x31,x10	 x31:0x80041024 x10:0x00000001 x25=0xc0020812
     169445.000 ns	     16943	80003904	186b7f53	fdiv.s	f30,f22,f6	 f22:0x80000000  f6:0x7f800000 f30=0x80000000
     169475.000 ns	     16946	80003908	c00788d3	fcvt.w.s	x17,f15	 f15:0x7fc00000 x17=0x7fffffff
     169505.000 ns	     16949	8000390c	20ca0d53	fsgnj.s	f26,f20,f12	 f20:0x00000000 f12:0x80000010 f26=0x80000000
     169535.000 ns	     16952	80003910	d0087653	fcvt.s.w	f12,x16	 x16:0x80040fe4 f12=0xcefff7e0
     169565.000 ns	     16955	80003914	02c15633	divu	x12,x2,x12	  x2:0x00000000 x12:0x00000000 x12=0xffffffff
     169585.000 ns	     16957	80003918	004d9013	slli	x0,x27,0x4	 x27:0x0000000e
     169595.000 ns	     16958	8000391c	2a44e197	auipc	x3,0x2a44e	  x3=0xaa45191c
     169615.000 ns	     16960	80003920	209f9bd3	fsgnjn.s	f23,f31,f9	 f31:0x00000000  f9:0xc6356800 f23=0x00000000
     169645.000 ns	     16963	80003924	03d19733	mulh	x14,x3,x29	  x3:0x0000000c x29:0xe1c8fb83 x14=0x0a1e53b7
     169695.000 ns	     16968	80003928	0818fcd3	fsub.s	f25,f17,f1	 f17:0xc6356800  f1:0x4f000410 f25=0xcf00043d
     169715.000 ns	     16970	8000392c	00e48433	add	x8,x9,x14	  x9:0xf6f00e6a x14:0x0a1e53b7  x8=0x010e6221
     169725.000 ns	     16971	80003930	01c45133	srl	x2,x8,x28	  x8:0x00000001 x28:0xfffffbb8  x2=0x00000001
     169745.000 ns	     16973	80003934	027dec33	rem	x24,x27,x7	 x27:0x0000000e  x7:0x00000000 x24=0x0000000e
     169775.000 ns	     16976	80003938	f00800d3	fmv.w.x	f1,x16	 x16:0x80040fe4  f1=0x80040fe4
     169805.000 ns	     16979	8000393c	21480253	fsgnj.s	f4,f16,f20	 f16:0x80000000 f20:0x00000000  f4=0x00000000
     169825.000 ns	     16981	80003940	01405c33	srl	x24,x0,x20	  x0:0x00000000 x20:0x00000001 x24=0x00000000
     169835.000 ns	     16982	80003944	00ed2913	slti	x18,x26,14	 x26:0xe1540000 x18=0x00000001
     169855.000 ns	     16984	80003948	a0772453	feq.s	x8,f14,f7	 f14:0x4cc7fc8c  f7:0x80000000  x8=0x00000000
     169885.000 ns	     16987	8000394c	a0012953	feq.s	x18,f2,f0	  f2:0x00000000  f0:0x00000000 x18=0x00000001
     169905.000 ns	     16989	80003950	bb6b4293	xori	x5,x22,-1098	 x22:0xfffffdb0  x5=0x00000606
     169935.000 ns	     16992	80003954	185f07d3	fdiv.s	f15,f30,f5	 f30:0x80000000  f5:0x00000000 f15=0x7fc00000
     169965.000 ns	     16995	80003958	03413bb3	mulhu	x23,x2,x20	  x2:0x00000001 x20:0x00000001 x23=0x00000000
     170005.000 ns	     16999	8000395c	58087dd3	fsqrt.s	f27,f16	 f16:0x80000000 f27=0x80000000
     170025.000 ns	     17001	80003960	01f924b3	slt	x9,x18,x31	 x18:0x00000001 x31:0x80041024  x9=0x00000000
     170045.000 ns	     17003	80003964	d0197ad3	fcvt.s.wu	f21,x18	 x18:0x00000001 f21=0x3f800000
     170065.000 ns	     17005	80003968	195ba313	slti	x6,x23,405	 x23:0x00000000  x6=0x00000001
     170075.000 ns	     17006	8000396c	001c67b3	or	x15,x24,x1	 x24:0x00000000  x1:0x0000002a x15=0x0000002a
     170085.000 ns	     17007	80003970	ca04ee93	ori	x29,x9,-864	  x9:0x00000000 x29=0xfffffca0
     170105.000 ns	     17009	80003974	29d905d3	fmin.s	f11,f18,f29	 f18:0x1f350498 f29:0x80000000 f11=0x80000000
     170125.000 ns	     17011	80003978	0136a5b3	slt	x11,x13,x19	 x13:0xffffffff x19:0x80041024 x11=0x00000000
     170155.000 ns	     17014	8000397c	58057bd3	fsqrt.s	f23,f10	 f10:0x7fc00000 f23=0x7fc00000
     170175.000 ns	     17016	80003980	40f35013	srai	x0,x6,0xf	  x6:0x00000001
     170195.000 ns	     17018	80003984	212b8853	fsgnj.s	f16,f23,f18	 f23:0x7fc00000 f18:0x1f350498 f16=0x7fc00000
     170215.000 ns	     17020	80003988	4150deb3	sra	x29,x1,x21	  x1:0x0000002a x21:0x090ff0aa x29=0x00000000
     170225.000 ns	     17021	8000398c	413f5793	srai	x15,x30,0x13	 x30:0xfffffbb8 x15=0xffffffff
     170245.000 ns	     17023	80003990	28ef1b53	fmax.s	f22,f30,f14	 f30:0x80000000 f14:0x4cc7fc8c f22=0x4cc7fc8c
     170265.000 ns	     17025	80003994	01d95193	srli	x3,x18,0x1d	 x18:0x00000001  x3=0x00000000
     170285.000 ns	     17027	80003998	200009d3	fsgnj.s	f19,f0,f0	  f0:0x00000000  f0:0x00000000 f19=0x00000000
     170315.000 ns	     17030	8000399c	c0118b53	fcvt.wu.s	x22,f3	  f3:0x00000000 x22=0x00000000
     170355.000 ns	     17034	800039a0	11514753	fmul.s	f14,f2,f21	  f2:0x00000000 f21:0x3f800000 f14=0x00000000
     170385.000 ns	     17037	800039a4	035e11b3	mulh	x3,x28,x21	 x28:0xfffffbb8 x21:0x090ff0aa  x3=0xffffffd9
     170405.000 ns	     17039	800039a8	548ffb93	andi	x23,x31,1352	 x31:0x80041024 x23=0x00000000
     170425.000 ns	     17041	800039ac	0203ecb3	rem	x25,x7,x0	  x7:0x00000000  x0:0x00000000 x25=0x00000000
     170445.000 ns	     17043	800039b0	98614593	xori	x11,x2,-1658	  x2:0x00000001 x11=0xfffff987
     170475.000 ns	     17046	800039b4	580c79d3	fsqrt.s	f19,f24	 f24:0x00000000 f19=0x00000000
     170495.000 ns	     17048	800039b8	014e6f33	or	x30,x28,x20	 x28:0xfffffbb8 x20:0x00000001 x30=0xfffffbb9
     170515.000 ns	     17050	800039bc	29e39153	fmax.s	f2,f7,f30	  f7:0x80000000 f30:0x80000000  f2=0x80000000
     170535.000 ns	     17052	800039c0	40e35133	sra	x2,x6,x14	  x6:0x00000001 x14:0x0a1e53b7  x2=0x00000000
     170555.000 ns	     17054	800039c4	e00f8a53	fmv.x.w	x20,f31	 f31:0x00000000 x20=0x00000000
     170585.000 ns	     17057	800039c8	03820ab3	mul	x21,x4,x24	  x4:0xffffff14 x24:0x00000000 x21=0x00000000
     170615.000 ns	     17060	800039cc	02fc0c33	mul	x24,x24,x15	 x24:0x00000000 x15:0xffffffff x24=0x00000000
     170645.000 ns	     17063	800039d0	d00a9f53	fcvt.s.w	f30,x21	 x21:0x00000000 f30=0x00000000
     170675.000 ns	     17066	800039d4	218305d3	fsgnj.s	f11,f6,f24	  f6:0x7f800000 f24:0x00000000 f11=0x7f800000
     170705.000 ns	     17069	800039d8	a06c9953	flt.s	x18,f25,f6	 f25:0xcf00043d  f6:0x7f800000 x18=0x00000001
     170725.000 ns	     17071	800039dc	ceabb113	sltiu	x2,x23,-790	 x23:0x00000000  x2=0x00000001
     170745.000 ns	     17073	800039e0	28b811d3	fmax.s	f3,f16,f11	 f16:0x7fc00000 f11:0x7f800000  f3=0x7f800000
     170765.000 ns	     17075	800039e4	01dc1a33	sll	x20,x24,x29	 x24:0x00000000 x29:0x00000000 x20=0x00000000
     170775.000 ns	     17076	800039e8	bbab8993	addi	x19,x23,-1094	 x23:0x00000000 x19=0xfffffbba
     170785.000 ns	     17077	800039ec	011e4cb3	xor	x25,x28,x17	 x28:0xfffffbb8 x17:0x7fffffff x25=0x80000447
     170795.000 ns	     17078	800039f0	011b9413	slli	x8,x23,0x11	 x23:0x00000000  x8=0x00000000
     170805.000 ns	     17079	800039f4	cf338917	auipc	x18,0xcf338	 x18=0x4f33b9f4
     170825.000 ns	     17081	800039f8	d00db5d3	fcvt.s.w	f11,x27	 x27:0x0000000e f11=0x41600000
     170855.000 ns	     17084	800039fc	a0da1753	flt.s	x14,f20,f13	 f20:0x00000000 f13:0x80040fe4 x14=0x00000000
     170875.000 ns	     17086	80003a00	008d1213	slli	x4,x26,0x8	 x26:0xe1540000  x4=0x54000000
     170905.000 ns	     17089	80003a04	1897fdd3	fdiv.s	f27,f15,f9	 f15:0x7fc00000  f9:0xc6356800 f27=0x7fc00000
     171275.000 ns	     17126	80003a08	03e56eb3	rem	x29,x10,x30	 x10:0x00000001 x30:0xfffffbb9 x29=0x00000001
     171295.000 ns	     17128	80003a0c	01cddd13	srli	x26,x27,0x1c	 x27:0x0000000e x26=0x00000000
     171655.000 ns	     17164	80003a10	0210e133	rem	x2,x1,x1	  x1:0x0000002a  x1:0x0000002a  x2=0x00000000
     171685.000 ns	     17167	80003a14	20f504d3	fsgnj.s	f9,f10,f15	 f10:0x7fc00000 f15:0x7fc00000  f9=0x7fc00000
     171715.000 ns	     17170	80003a18	a0e0a8d3	feq.s	x17,f1,f14	  f1:0x80040fe4 f14:0x00000000 x17=0x00000000
     171745.000 ns	     17173	80003a1c	d00af9d3	fcvt.s.w	f19,x21	 x21:0x00000000 f19=0x00000000
     171765.000 ns	     17175	80003a20	41b856b3	sra	x13,x16,x27	 x16:0x80040fe4 x27:0x0000000e x13=0xfffe0010
     172125.000 ns	     17211	80003a24	03256eb3	rem	x29,x10,x18	 x10:0x00000001 x18:0x4f33b9f4 x29=0x00000001
     172495.000 ns	     17248	80003a28	03c5df33	divu	x30,x11,x28	 x11:0xfffff987 x28:0xfffffbb8 x30=0x00000000
     172515.000 ns	     17250	80003a2c	00923633	sltu	x12,x4,x9	  x4:0x54000000  x9:0x00000000 x12=0x00000000
     172535.000 ns	     17252	80003a30	2135a5d3	fsgnjx.s	f11,f11,f19	 f11:0x41600000 f19:0x00000000 f11=0x41600000
     172565.000 ns	     17255	80003a34	a1701953	flt.s	x18,f0,f23	  f0:0x00000000 f23:0x7fc00000 x18=0x00000000
     172605.000 ns	     17259	80003a38	19b27e53	fdiv.s	f28,f4,f27	  f4:0x00000000 f27:0x7fc00000 f28=0x7fc00000
     172635.000 ns	     17262	80003a3c	038481b3	mul	x3,x9,x24	  x9:0x00000000 x24:0x00000000  x3=0x00000000
     172665.000 ns	     17265	80003a40	02d91ab3	mulh	x21,x18,x13	 x18:0x00000000 x13:0xfffe0010 x21=0x00000000
     172695.000 ns	     17268	80003a44	03c5be33	mulhu	x28,x11,x28	 x11:0xfffff987 x28:0xfffffbb8 x28=0xfffff53f
     172715.000 ns	     17270	80003a48	012079b3	and	x19,x0,x18	  x0:0x00000000 x18:0x00000000 x19=0x00000000
     173075.000 ns	     17306	80003a4c	0250d433	divu	x8,x1,x5	  x1:0x0000002a  x5:0x00000606  x8=0x00000000
     173095.000 ns	     17308	80003a50	01acd6b3	srl	x13,x25,x26	 x25:0x80000447 x26:0x00000000 x13=0x80000447
     173455.000 ns	     17344	80003a54	03ba51b3	divu	x3,x20,x27	 x20:0x00000000 x27:0x0000000e  x3=0x00000000
     173475.000 ns	     17346	80003a58	00eea433	slt	x8,x29,x14	 x29:0x00000001 x14:0x00000000  x8=0x00000000
     173485.000 ns	     17347	80003a5c	a386e093	ori	x1,x13,-1480	 x13:0x80000447  x1=0xfffffe7f
     173505.000 ns	     17349	80003a60	e0011653	fclass.s	x12,f2	  f2:0x80000000 x12=0x00000008
     173525.000 ns	     17351	80003a64	00000013	addi	x0,x0,0	  x0:0x00000000
     173535.000 ns	     17352	80003a68	ed267f13	andi	x30,x12,-302	 x12:0x00000008 x30=0x00000000
     173545.000 ns	     17353	80003a6c	41650f33	sub	x30,x10,x22	 x10:0x00000001 x22:0x00000000 x30=0x00000001
     173555.000 ns	     17354	80003a70	01eed3b3	srl	x7,x29,x30	 x29:0x00000001 x30:0x00000000  x7=0x00000000
     173565.000 ns	     17355	80003a74	4b624713	xori	x14,x4,1206	  x4:0x54000000 x14=0x540004b6
     173595.000 ns	     17358	80003a78	102f1a53	fmul.s	f20,f30,f2	 f30:0x00000000  f2:0x80000000 f20=0x80000000
     173625.000 ns	     17361	80003a7c	f0008353	fmv.w.x	f6,x1	  x1:0xfffffe7f  f6=0xfffffe7f
     173665.000 ns	     17365	80003a80	5809f653	fsqrt.s	f12,f19	 f19:0x00000000 f12=0x00000000
     173685.000 ns	     17367	80003a84	00000013	addi	x0,x0,0	  x0:0x00000000
     173725.000 ns	     17371	80003a88	0006f5d3	fadd.s	f11,f13,f0	 f13:0x80040fe4  f0:0x00000000 f11=0x80040fe4
     173755.000 ns	     17374	80003a8c	c00ff4d3	fcvt.w.s	x9,f31	 f31:0x00000000  x9=0x00000000
     173785.000 ns	     17377	80003a90	f00f8753	fmv.w.x	f14,x31	 x31:0x80041024 f14=0x80041024
     173815.000 ns	     17380	80003a94	03d53633	mulhu	x12,x10,x29	 x10:0x00000001 x29:0x00000001 x12=0x00000000
     173835.000 ns	     17382	80003a98	409c5ab3	sra	x21,x24,x9	 x24:0x00000000  x9:0x00000000 x21=0x00000000
     173845.000 ns	     17383	80003a9c	01a33513	sltiu	x10,x6,26	  x6:0x00000001 x10=0x00000001
     173865.000 ns	     17385	80003aa0	203c2dd3	fsgnjx.s	f27,f24,f3	 f24:0x00000000  f3:0x7f800000 f27=0x00000000
     173885.000 ns	     17387	80003aa4	00e879b3	and	x19,x16,x14	 x16:0x80040fe4 x14:0x540004b6 x19=0x000004a4
     173905.000 ns	     17389	80003aa8	211918d3	fsgnjn.s	f17,f18,f17	 f18:0x1f350498 f17:0xc6356800 f17=0x1f350498
     173935.000 ns	     17392	80003aac	217d84d3	fsgnj.s	f9,f27,f23	 f27:0x00000000 f23:0x7fc00000  f9=0x00000000
     173965.000 ns	     17395	80003ab0	213c0bd3	fsgnj.s	f23,f24,f19	 f24:0x00000000 f19:0x00000000 f23=0x00000000
     174015.000 ns	     17400	80003ab4	091ef1d3	fsub.s	f3,f29,f17	 f29:0x80000000 f17:0x1f350498  f3=0x9f350498
     174035.000 ns	     17402	80003ab8	c8632313	slti	x6,x6,-890	  x6:0x00000001  x6=0x00000000
     174045.000 ns	     17403	80003abc	254ea893	slti	x17,x29,596	 x29:0x00000001 x17=0x00000001
     174065.000 ns	     17405	80003ac0	e00b14d3	fclass.s	x9,f22	 f22:0x4cc7fc8c  x9=0x00000040
     174085.000 ns	     17407	80003ac4	0164ca33	xor	x20,x9,x22	  x9:0x00000000 x22:0x00000000 x20=0x00000040
     174095.000 ns	     17408	80003ac8	4101d793	srai	x15,x3,0x10	  x3:0x00000000 x15=0x00000000
     174105.000 ns	     17409	80003acc	00dac5b3	xor	x11,x21,x13	 x21:0x00000000 x13:0x80000447 x11=0x80000447
     174115.000 ns	     17410	80003ad0	0151d233	srl	x4,x3,x21	  x3:0x00000000 x21:0x00000000  x4=0x00000000
     174135.000 ns	     17412	80003ad4	02aa99b3	mulh	x19,x21,x10	 x21:0x00000000 x10:0x00000001 x19=0x00000000
     174165.000 ns	     17415	80003ad8	02de9133	mulh	x2,x29,x13	 x29:0x00000001 x13:0x80000447  x2=0xffffffff
     174185.000 ns	     17417	80003adc	93d14093	xori	x1,x2,-1731	  x2:0x00000000  x1=0x000006c2
     174205.000 ns	     17419	80003ae0	288291d3	fmax.s	f3,f5,f8	  f5:0x00000000  f8:0xffffffff  f3=0x00000000
     174235.000 ns	     17422	80003ae4	037746b3	div	x13,x14,x23	 x14:0x540004b6 x23:0x00000000 x13=0xffffffff
     174255.000 ns	     17424	80003ae8	6e894a13	xori	x20,x18,1768	 x18:0x00000000 x20=0x000006e8
     174265.000 ns	     17425	80003aec	00000013	addi	x0,x0,0	  x0:0x00000000
     174285.000 ns	     17427	80003af0	c0138e53	fcvt.wu.s	x28,f7	  f7:0x80000000 x28=0x00000000
     174315.000 ns	     17430	80003af4	e00a9c53	fclass.s	x24,f21	 f21:0x3f800000 x24=0x00000040
     174345.000 ns	     17433	80003af8	d018fbd3	fcvt.s.wu	f23,x17	 x17:0x00000001 f23=0x3f800000
     174375.000 ns	     17436	80003afc	a05ea353	feq.s	x6,f29,f5	 f29:0x80000000  f5:0x00000000  x6=0x00000001
     174395.000 ns	     17438	80003b00	00e782b3	add	x5,x15,x14	 x15:0x00000000 x14:0x540004b6  x5=0x540004b6
     174405.000 ns	     17439	80003b04	d261e593	ori	x11,x3,-730	  x3:0x00000000 x11=0xfffffd26
     174425.000 ns	     17441	80003b08	c014f753	fcvt.wu.s	x14,f9	  f9:0x00000000 x14=0x00000000
     174455.000 ns	     17444	80003b0c	21479153	fsgnjn.s	f2,f15,f20	 f15:0x7fc00000 f20:0x80000000  f2=0x7fc00000
     174485.000 ns	     17447	80003b10	21c00953	fsgnj.s	f18,f0,f28	  f0:0x00000000 f28:0x7fc00000 f18=0x00000000
     174535.000 ns	     17452	80003b14	01fe0fd3	fadd.s	f31,f28,f31	 f28:0x7fc00000 f31:0x00000000 f31=0x7fc00000
     174575.000 ns	     17456	80003b18	5807ff53	fsqrt.s	f30,f15	 f15:0x7fc00000 f30=0x7fc00000
     174595.000 ns	     17458	80003b1c	006f8a33	add	x20,x31,x6	 x31:0x80041024  x6:0x00000001 x20=0x80041025
     174615.000 ns	     17460	80003b20	207b0853	fsgnj.s	f16,f22,f7	 f22:0x4cc7fc8c  f7:0x80000000 f16=0xccc7fc8c
     174635.000 ns	     17462	80003b24	00192eb3	slt	x29,x18,x1	 x18:0x00000000  x1:0x000006c2 x29=0x00000001
     174645.000 ns	     17463	80003b28	14a46793	ori	x15,x8,330	  x8:0x00000000 x15=0x0000014a
     174665.000 ns	     17465	80003b2c	029080b3	mul	x1,x1,x9	  x1:0x000006c2  x9:0x00000040  x1=0x0001b080
     174685.000 ns	     17467	80003b30	00b28433	add	x8,x5,x11	  x5:0x540004b6 x11:0xfffffd26  x8=0x540001dc
     174695.000 ns	     17468	80003b34	00063133	sltu	x2,x12,x0	 x12:0x00000000  x0:0x00000000  x2=0x00000000
     174705.000 ns	     17469	80003b38	0118e5b3	or	x11,x17,x17	 x17:0x00000001 x17:0x00000001 x11=0x00000001
     174725.000 ns	     17471	80003b3c	d00275d3	fcvt.s.w	f11,x4	  x4:0x00000000 f11=0x00000000
     174755.000 ns	     17474	80003b40	29cf83d3	fmin.s	f7,f31,f28	 f31:0x7fc00000 f28:0x7fc00000  f7=0x7fc00000
     174785.000 ns	     17477	80003b44	d0102053	fcvt.s.wu	f0,x0	  x0:0x00000000  f0=0x00000000
     174815.000 ns	     17480	80003b48	e00009d3	fmv.x.w	x19,f0	  f0:0x00000000 x19=0x00000000
     174845.000 ns	     17483	80003b4c	03938233	mul	x4,x7,x25	  x7:0x00000000 x25:0x80000447  x4=0x00000000
     174875.000 ns	     17486	80003b50	d0002fd3	fcvt.s.w	f31,x0	  x0:0x00000000 f31=0x00000000
     174895.000 ns	     17488	80003b54	de58e113	ori	x2,x17,-539	 x17:0x00000001  x2=0xfffffde5
     174915.000 ns	     17490	80003b58	035c8ab3	mul	x21,x25,x21	 x25:0x80000447 x21:0x00000000 x21=0x00000000
     174935.000 ns	     17492	80003b5c	0173a0b3	slt	x1,x7,x23	  x7:0x00000000 x23:0x00000000  x1=0x00000000
     174955.000 ns	     17494	80003b60	0394b333	mulhu	x6,x9,x25	  x9:0x00000040 x25:0x80000447  x6=0x00000020
     174995.000 ns	     17498	80003b64	580071d3	fsqrt.s	f3,f0	  f0:0x00000000  f3=0x00000000
     175025.000 ns	     17501	80003b68	d00975d3	fcvt.s.w	f11,x18	 x18:0x00000000 f11=0x00000000
     175045.000 ns	     17503	80003b6c	68610493	addi	x9,x2,1670	  x2:0xfffffde5  x9=0x0000046b
     175055.000 ns	     17504	80003b70	0198f933	and	x18,x17,x25	 x17:0x00000001 x25:0x80000447 x18=0x00000001
     175065.000 ns	     17505	80003b74	418adeb3	sra	x29,x21,x24	 x21:0x00000000 x24:0x00000040 x29=0x00000000
     175075.000 ns	     17506	80003b78	8f6c8e93	addi	x29,x25,-1802	 x25:0x80000447 x29=0x7ffffd3d
     175435.000 ns	     17542	80003b7c	03d54933	div	x18,x10,x29	 x10:0x00000001 x29:0x00000001 x18=0x00000000
     175455.000 ns	     17544	80003b80	0194da13	srli	x20,x9,0x19	  x9:0x0000046b x20=0x00000000
     175785.000 ns	     17577	80003b84	196af5d3	fdiv.s	f11,f21,f22	 f21:0x3f800000 f22:0x4cc7fc8c f11=0x32000000
     175835.000 ns	     17582	80003b88	09e1f5d3	fsub.s	f11,f3,f30	  f3:0x00000000 f30:0x7fc00000 f11=0x7fc00000
     175885.000 ns	     17587	80003b8c	0141a0d3	fadd.s	f1,f3,f20	  f3:0x00000000 f20:0x80000000  f1=0x80000000
     175905.000 ns	     17589	80003b90	41df5f33	sra	x30,x30,x29	 x30:0x00000001 x29:0x7ffffd3d x30=0x00000000
     175915.000 ns	     17590	80003b94	01dd1bb3	sll	x23,x26,x29	 x26:0x00000000 x29:0x7ffffd3d x23=0x00000000
     175935.000 ns	     17592	80003b98	a0cb0353	fle.s	x6,f22,f12	 f22:0x4cc7fc8c f12:0x00000000  x6=0x00000000
     175965.000 ns	     17595	80003b9c	025434b3	mulhu	x9,x8,x5	  x8:0x540001dc  x5:0x540004b6  x9=0x1b900227
     176335.000 ns	     17632	80003ba0	02da4033	div	x0,x20,x13	 x20:0x00000000 x13:0xffffffff
     176355.000 ns	     17634	80003ba4	4024d713	srai	x14,x9,0x2	  x9:0x1b900227 x14=0x06e40089
     176375.000 ns	     17636	80003ba8	c003fbd3	fcvt.w.s	x23,f7	  f7:0x7fc00000 x23=0x7fffffff
     176395.000 ns	     17638	80003bac	012d60b3	or	x1,x26,x18	 x26:0x00000000 x18:0x00000000  x1=0x00000000
     176415.000 ns	     17640	80003bb0	026c26b3	mulhsu	x13,x24,x6	 x24:0x00000040  x6:0x00000000 x13=0x00000000
     176435.000 ns	     17642	80003bb4	0192d233	srl	x4,x5,x25	  x5:0x540004b6 x25:0x80000447  x4=0x00a80009
     176455.000 ns	     17644	80003bb8	21ab08d3	fsgnj.s	f17,f22,f26	 f22:0x4cc7fc8c f26:0x80000000 f17=0xccc7fc8c
     176485.000 ns	     17647	80003bbc	d0189f53	fcvt.s.wu	f30,x17	 x17:0x00000001 f30=0x3f800000
     176515.000 ns	     17650	80003bc0	f00a80d3	fmv.w.x	f1,x21	 x21:0x00000000  f1=0x00000000
     176545.000 ns	     17653	80003bc4	c0127653	fcvt.wu.s	x12,f4	  f4:0x00000000 x12=0x00000000
     176565.000 ns	     17655	80003bc8	01b8dc33	srl	x24,x17,x27	 x17:0x00000001 x27:0x0000000e x24=0x00000000
     176575.000 ns	     17656	80003bcc	999e0893	addi	x17,x28,-1639	 x28:0x00000000 x17=0xfffff999
     176585.000 ns	     17657	80003bd0	41cf5bb3	sra	x23,x30,x28	 x30:0x00000000 x28:0x00000000 x23=0x00000000
     176945.000 ns	     17693	80003bd4	02235233	divu	x4,x6,x2	  x6:0x00000000  x2:0xfffffde5  x4=0x00000000
     176965.000 ns	     17695	80003bd8	47943617	auipc	x12,0x47943	 x12=0xc7946bd8
     176975.000 ns	     17696	80003bdc	40f10b33	sub	x22,x2,x15	  x2:0xfffffde5 x15:0x0000014a x22=0xfffffc9b
     176995.000 ns	     17698	80003be0	035c88b3	mul	x17,x25,x21	 x25:0x80000447 x21:0x00000000 x17=0x00000000
     177365.000 ns	     17735	80003be4	029d62b3	rem	x5,x26,x9	 x26:0x00000000  x9:0x1b900227  x5=0x00000000
     177395.000 ns	     17738	80003be8	c018c553	fcvt.wu.s	x10,f17	 f17:0xccc7fc8c x10=0x063fe460
     177445.000 ns	     17743	80003bec	0157fbd3	fadd.s	f23,f15,f21	 f15:0x7fc00000 f21:0x3f800000 f23=0x7fc00000
     177815.000 ns	     17780	80003bf0	03b657b3	divu	x15,x12,x27	 x12:0xc7946bd8 x27:0x0000000e x15=0x0e41756a
     177845.000 ns	     17783	80003bf4	c01a1553	fcvt.wu.s	x10,f20	 f20:0x80000000 x10=0x00000000
     177875.000 ns	     17786	80003bf8	c019f3d3	fcvt.wu.s	x7,f19	 f19:0x00000000  x7=0x00000000
     177895.000 ns	     17788	80003bfc	4038dc33	sra	x24,x17,x3	 x17:0x00000000  x3:0x00000000 x24=0x00000000
     178255.000 ns	     17824	80003c00	02caf0b3	remu	x1,x21,x12	 x21:0x00000000 x12:0xc7946bd8  x1=0x00000000
     178275.000 ns	     17826	80003c04	002601b3	add	x3,x12,x2	 x12:0xc7946bd8  x2:0xfffffde5  x3=0xc79469bd
     178295.000 ns	     17828	80003c08	029207b3	mul	x15,x4,x9	  x4:0x00000000  x9:0x1b900227 x15=0x00000000
     178315.000 ns	     17830	80003c0c	bedc6713	ori	x14,x24,-1043	 x24:0x00000000 x14=0xfffffbed
     178335.000 ns	     17832	80003c10	20b518d3	fsgnjn.s	f17,f10,f11	 f10:0x7fc00000 f11:0x7fc00000 f17=0xffc00000
     178355.000 ns	     17834	80003c14	4003dcb3	sra	x25,x7,x0	  x7:0x00000000  x0:0x00000000 x25=0x00000000
     178375.000 ns	     17836	80003c18	03846d33	rem	x26,x8,x24	  x8:0x540001dc x24:0x00000000 x26=0x540001dc
     178405.000 ns	     17839	80003c1c	a13f2553	feq.s	x10,f30,f19	 f30:0x3f800000 f19:0x00000000 x10=0x00000000
     178435.000 ns	     17842	80003c20	f0040353	fmv.w.x	f6,x8	  x8:0x540001dc  f6=0x540001dc
     178465.000 ns	     17845	80003c24	02b728b3	mulhsu	x17,x14,x11	 x14:0xfffffbed x11:0x00000001 x17=0xffffffff
     178495.000 ns	     17848	80003c28	213e2953	fsgnjx.s	f18,f28,f19	 f28:0x7fc00000 f19:0x00000000 f18=0x7fc00000
     178525.000 ns	     17851	80003c2c	a11ba0d3	feq.s	x1,f23,f17	 f23:0x7fc00000 f17:0xffc00000  x1=0x00000000
     178545.000 ns	     17853	80003c30	40de8eb3	sub	x29,x29,x13	 x29:0x7ffffd3d x13:0x00000000 x29=0x7ffffd3d
     178555.000 ns	     17854	80003c34	01c4fc33	and	x24,x9,x28	  x9:0x1b900227 x28:0x00000000 x24=0x00000000
     178595.000 ns	     17858	80003c38	014d1253	fadd.s	f4,f26,f20	 f26:0x80000000 f20:0x80000000  f4=0x80000000
     178615.000 ns	     17860	80003c3c	40c5d6b3	sra	x13,x11,x12	 x11:0x00000001 x12:0xc7946bd8 x13=0x00000000
     178625.000 ns	     17861	80003c40	0055e3b3	or	x7,x11,x5	 x11:0x00000001  x5:0x00000000  x7=0x00000001
     178645.000 ns	     17863	80003c44	c01a7bd3	fcvt.wu.s	x23,f20	 f20:0x80000000 x23=0x00000000
     178665.000 ns	     17865	80003c48	40f759b3	sra	x19,x14,x15	 x14:0xfffffbed x15:0x00000000 x19=0xfffffbed
     178675.000 ns	     17866	80003c4c	01aa1593	slli	x11,x20,0x1a	 x20:0x00000000 x11=0x00000000
     178695.000 ns	     17868	80003c50	28778b53	fmin.s	f22,f15,f7	 f15:0x7fc00000  f7:0x7fc00000 f22=0x7fc00000
     178715.000 ns	     17870	80003c54	0191f033	and	x0,x3,x25	  x3:0xc79469bd x25:0x00000000
     178725.000 ns	     17871	80003c58	006fad33	slt	x26,x31,x6	 x31:0x80041024  x6:0x00000000 x26=0x00000001
     178735.000 ns	     17872	80003c5c	015e69b3	or	x19,x28,x21	 x28:0x00000000 x21:0x00000000 x19=0x00000000
     178745.000 ns	     17873	80003c60	006dd633	srl	x12,x27,x6	 x27:0x0000000e  x6:0x00000000 x12=0x0000000e
     178755.000 ns	     17874	80003c64	41955893	srai	x17,x10,0x19	 x10:0x00000000 x17=0x00000000
     178775.000 ns	     17876	80003c68	a1cd10d3	flt.s	x1,f26,f28	 f26:0x80000000 f28:0x7fc00000  x1=0x00000000
     178805.000 ns	     17879	80003c6c	d01325d3	fcvt.s.wu	f11,x6	  x6:0x00000000 f11=0x00000000
     178835.000 ns	     17882	80003c70	2024afd3	fsgnjx.s	f31,f9,f2	  f9:0x00000000  f2:0x7fc00000 f31=0x00000000
     178865.000 ns	     17885	80003c74	038e7233	remu	x4,x28,x24	 x28:0x00000000 x24:0x00000000  x4=0x00000000
     179235.000 ns	     17922	80003c78	03bcd133	divu	x2,x25,x27	 x25:0x00000000 x27:0x0000000e  x2=0x00000000
     179255.000 ns	     17924	80003c7c	016c96b3	sll	x13,x25,x22	 x25:0x00000000 x22:0xfffffc9b x13=0x00000000
     179275.000 ns	     17926	80003c80	f00c0ad3	fmv.w.x	f21,x24	 x24:0x00000000 f21=0x00000000
     179295.000 ns	     17928	80003c84	01e96393	ori	x7,x18,30	 x18:0x00000000  x7=0x0000001e
     179305.000 ns	     17929	80003c88	40db0cb3	sub	x25,x22,x13	 x22:0xfffffc9b x13:0x00000000 x25=0xfffffc9b
     179325.000 ns	     17931	80003c8c	02cab633	mulhu	x12,x21,x12	 x21:0x00000000 x12:0x0000000e x12=0x00000000
     179345.000 ns	     17933	80003c90	7bee3593	sltiu	x11,x28,1982	 x28:0x00000000 x11=0x00000001
     179365.000 ns	     17935	80003c94	20172cd3	fsgnjx.s	f25,f14,f1	 f14:0x80041024  f1:0x00000000 f25=0x80041024
     179405.000 ns	     17939	80003c98	58042d53	fsqrt.s	f26,f8	  f8:0xffffffff f26=0x7fc00000
     179435.000 ns	     17942	80003c9c	024a9533	mulh	x10,x21,x4	 x21:0x00000000  x4:0x00000000 x10=0x00000000
     179465.000 ns	     17945	80003ca0	e0060153	fmv.x.w	x2,f12	 f12:0x00000000  x2=0x00000000
     179485.000 ns	     17947	80003ca4	015800b3	add	x1,x16,x21	 x16:0x80040fe4 x21:0x00000000  x1=0x80040fe4
     179495.000 ns	     17948	80003ca8	417705b3	sub	x11,x14,x23	 x14:0xfffffbed x23:0x00000000 x11=0xfffffbed
     179505.000 ns	     17949	80003cac	412cd0b3	sra	x1,x25,x18	 x25:0xfffffc9b x18:0x00000000  x1=0xfffffc9b
     179515.000 ns	     17950	80003cb0	419c5113	srai	x2,x24,0x19	 x24:0x00000000  x2=0x00000000
     179535.000 ns	     17952	80003cb4	024536b3	mulhu	x13,x10,x4	 x10:0x00000000  x4:0x00000000 x13=0x00000000
     179565.000 ns	     17955	80003cb8	a05a2d53	feq.s	x26,f20,f5	 f20:0x80000000  f5:0x00000000 x26=0x00000001
     179595.000 ns	     17958	80003cbc	e00899d3	fclass.s	x19,f17	 f17:0xffc00000 x19=0x00000200
     179615.000 ns	     17960	80003cc0	efc18d13	addi	x26,x3,-260	  x3:0xc79469bd x26=0xc79468b9
     179635.000 ns	     17962	80003cc4	030b1633	mulh	x12,x22,x16	 x22:0xfffffc9b x16:0x80040fe4 x12=0x000001b2
     179665.000 ns	     17965	80003cc8	025215b3	mulh	x11,x4,x5	  x4:0x00000000  x5:0x00000000 x11=0x00000000
     179685.000 ns	     17967	80003ccc	51f37b13	andi	x22,x6,1311	  x6:0x00000000 x22=0x00000000
     179695.000 ns	     17968	80003cd0	7ce9a713	slti	x14,x19,1998	 x19:0x00000200 x14=0x00000001
     179715.000 ns	     17970	80003cd4	29148c53	fmin.s	f24,f9,f17	  f9:0x00000000 f17:0xffc00000 f24=0x00000000
     179735.000 ns	     17972	80003cd8	a5047193	andi	x3,x8,-1456	  x8:0x540001dc  x3=0x54000050
     179755.000 ns	     17974	80003cdc	a11ea3d3	feq.s	x7,f29,f17	 f29:0x80000000 f17:0xffc00000  x7=0x00000000
     179775.000 ns	     17976	80003ce0	daf5b613	sltiu	x12,x11,-593	 x11:0x00000000 x12=0x00000001
     179785.000 ns	     17977	80003ce4	34fb0b93	addi	x23,x22,847	 x22:0x00000000 x23=0x0000034f
     179805.000 ns	     17979	80003ce8	02d36333	rem	x6,x6,x13	  x6:0x00000000 x13:0x00000000  x6=0x00000000
     179835.000 ns	     17982	80003cec	f00c8653	fmv.w.x	f12,x25	 x25:0xfffffc9b f12=0xfffffc9b
     179855.000 ns	     17984	80003cf0	491ed1b7	lui	x3,0x491ed	  x3=0x491ed000
     179865.000 ns	     17985	80003cf4	d615e597	auipc	x11,0xd615e	 x11=0x56161cf4
     179885.000 ns	     17987	80003cf8	f00e09d3	fmv.w.x	f19,x28	 x28:0x00000000 f19=0x00000000
     179915.000 ns	     17990	80003cfc	c00d76d3	fcvt.w.s	x13,f26	 f26:0x7fc00000 x13=0x7fffffff
     179955.000 ns	     17994	80003d00	18f81a53	fdiv.s	f20,f16,f15	 f16:0xccc7fc8c f15:0x7fc00000 f20=0x7fc00000
     179985.000 ns	     17997	80003d04	0257a333	mulhsu	x6,x15,x5	 x15:0x00000000  x5:0x00000000  x6=0x00000000
     180015.000 ns	     18000	80003d08	a05311d3	flt.s	x3,f6,f5	  f6:0x540001dc  f5:0x00000000  x3=0x00000000
     180045.000 ns	     18003	80003d0c	a1712e53	feq.s	x28,f2,f23	  f2:0x7fc00000 f23:0x7fc00000 x28=0x00000000
     180065.000 ns	     18005	80003d10	01042533	slt	x10,x8,x16	  x8:0x540001dc x16:0x80040fe4 x10=0x00000000
     180085.000 ns	     18007	80003d14	03741533	mulh	x10,x8,x23	  x8:0x540001dc x23:0x0000034f x10=0x00000115
     180115.000 ns	     18010	80003d18	02b39ab3	mulh	x21,x7,x11	  x7:0x00000000 x11:0x56161cf4 x21=0x00000000
     180135.000 ns	     18012	80003d1c	288d0713	addi	x14,x26,648	 x26:0xc79468b9 x14=0xc7946b41
     180155.000 ns	     18014	80003d20	0230aab3	mulhsu	x21,x1,x3	  x1:0xfffffc9b  x3:0x00000000 x21=0x00000000
     180185.000 ns	     18017	80003d24	026c5c33	divu	x24,x24,x6	 x24:0x00000000  x6:0x00000000 x24=0xffffffff
     180215.000 ns	     18020	80003d28	c01f2453	fcvt.wu.s	x8,f30	 f30:0x3f800000  x8=0x00000001
     180265.000 ns	     18025	80003d2c	0915f6d3	fsub.s	f13,f11,f17	 f11:0x00000000 f17:0xffc00000 f13=0x7fc00000
     180295.000 ns	     18028	80003d30	036ad1b3	divu	x3,x21,x22	 x21:0x00000000 x22:0x00000000  x3=0xffffffff
     180325.000 ns	     18031	80003d34	28b51253	fmax.s	f4,f10,f11	 f10:0x7fc00000 f11:0x00000000  f4=0x00000000
     180365.000 ns	     18035	80003d38	580c3b53	fsqrt.s	f22,f24	 f24:0x00000000 f22=0x00000000
     180395.000 ns	     18038	80003d3c	297e9a53	fmax.s	f20,f29,f23	 f29:0x80000000 f23:0x7fc00000 f20=0x80000000
     180425.000 ns	     18041	80003d40	c01ef8d3	fcvt.wu.s	x17,f29	 f29:0x80000000 x17=0x00000000
     180455.000 ns	     18044	80003d44	a01126d3	feq.s	x13,f2,f1	  f2:0x7fc00000  f1:0x00000000 x13=0x00000000
     180475.000 ns	     18046	80003d48	230ac393	xori	x7,x21,560	 x21:0x00000000  x7=0x00000230
     180485.000 ns	     18047	80003d4c	008047b3	xor	x15,x0,x8	  x0:0x00000000  x8:0x00000001 x15=0x00000001
     180495.000 ns	     18048	80003d50	652cc893	xori	x17,x25,1618	 x25:0xfffffc9b x17=0xfffffac9
     180505.000 ns	     18049	80003d54	41c98433	sub	x8,x19,x28	 x19:0x00000200 x28:0x00000000  x8=0x00000200
     180515.000 ns	     18050	80003d58	00560433	add	x8,x12,x5	 x12:0x00000001  x5:0x00000000  x8=0x00000001
     180535.000 ns	     18052	80003d5c	025898b3	mulh	x17,x17,x5	 x17:0xfffffac9  x5:0x00000000 x17=0x00000000
     180555.000 ns	     18054	80003d60	67f666b7	lui	x13,0x67f66	 x13=0x67f66000
     180565.000 ns	     18055	80003d64	017c7d33	and	x26,x24,x23	 x24:0xffffffff x23:0x0000034f x26=0x0000034f
     180585.000 ns	     18057	80003d68	f0080a53	fmv.w.x	f20,x16	 x16:0x80040fe4 f20=0x80040fe4
     180605.000 ns	     18059	80003d6c	41298d33	sub	x26,x19,x18	 x19:0x00000200 x18:0x00000000 x26=0x00000200
     180965.000 ns	     18095	80003d70	02dfc4b3	div	x9,x31,x13	 x31:0x80041024 x13:0x67f66000  x9=0xffffffff
     180995.000 ns	     18098	80003d74	203d0053	fsgnj.s	f0,f26,f3	 f26:0x7fc00000  f3:0x00000000  f0=0x7fc00000
     181025.000 ns	     18101	80003d78	c00e3453	fcvt.w.s	x8,f28	 f28:0x7fc00000  x8=0x7fffffff
     181055.000 ns	     18104	80003d7c	f00e0ad3	fmv.w.x	f21,x28	 x28:0x00000000 f21=0x00000000
     181075.000 ns	     18106	80003d80	a428f413	andi	x8,x17,-1470	 x17:0x00000000  x8=0x00000000
     181085.000 ns	     18107	80003d84	01539e93	slli	x29,x7,0x15	  x7:0x00000230 x29=0x46000000
     181105.000 ns	     18109	80003d88	c01271d3	fcvt.wu.s	x3,f4	  f4:0x00000000  x3=0x00000000
     181135.000 ns	     18112	80003d8c	e0091a53	fclass.s	x20,f18	 f18:0x7fc00000 x20=0x00000200
     181165.000 ns	     18115	80003d90	28ae9f53	fmax.s	f30,f29,f10	 f29:0x80000000 f10:0x7fc00000 f30=0x80000000
     181185.000 ns	     18117	80003d94	41190ab3	sub	x21,x18,x17	 x18:0x00000000 x17:0x00000000 x21=0x00000000
     181195.000 ns	     18118	80003d98	85ae3393	sltiu	x7,x28,-1958	 x28:0x00000000  x7=0x00000001
     181225.000 ns	     18121	80003d9c	58094cd3	fsqrt.s	f25,f18	 f18:0x7fc00000 f25=0x7fc00000
     181275.000 ns	     18126	80003da0	0084a853	fadd.s	f16,f9,f8	  f9:0x00000000  f8:0xffffffff f16=0x7fc00000
     181295.000 ns	     18128	80003da4	6693b893	sltiu	x17,x7,1641	  x7:0x00000001 x17=0x00000001
     181305.000 ns	     18129	80003da8	00000013	addi	x0,x0,0	  x0:0x00000000
     181325.000 ns	     18131	80003dac	f0038c53	fmv.w.x	f24,x7	  x7:0x00000001 f24=0x00000001
     181345.000 ns	     18133	80003db0	01071f13	slli	x30,x14,0x10	 x14:0xc7946b41 x30=0x6b410000
     181365.000 ns	     18135	80003db4	d0181ad3	fcvt.s.wu	f21,x16	 x16:0x80040fe4 f21=0x4f00040f
     181395.000 ns	     18138	80003db8	209d9953	fsgnjn.s	f18,f27,f9	 f27:0x00000000  f9:0x00000000 f18=0x80000000
     181425.000 ns	     18141	80003dbc	e0028453	fmv.x.w	x8,f5	  f5:0x00000000  x8=0x00000000
     181795.000 ns	     18178	80003dc0	03b4cf33	div	x30,x9,x27	  x9:0xffffffff x27:0x0000000e x30=0x00000000
     181825.000 ns	     18181	80003dc4	281599d3	fmax.s	f19,f11,f1	 f11:0x00000000  f1:0x00000000 f19=0x00000000
     181845.000 ns	     18183	80003dc8	00dfd293	srli	x5,x31,0xd	 x31:0x80041024  x5=0x00040020
     181865.000 ns	     18185	80003dcc	299396d3	fmax.s	f13,f7,f25	  f7:0x7fc00000 f25:0x7fc00000 f13=0x7fc00000
     181885.000 ns	     18187	80003dd0	00b79f33	sll	x30,x15,x11	 x15:0x00000001 x11:0x56161cf4 x30=0x00100000
     181925.000 ns	     18191	80003dd4	0966b5d3	fsub.s	f11,f13,f22	 f13:0x7fc00000 f22:0x00000000 f11=0x7fc00000
     181945.000 ns	     18193	80003dd8	008e4c33	xor	x24,x28,x8	 x28:0x00000000  x8:0x00000000 x24=0x00000000
     181955.000 ns	     18194	80003ddc	0101fab3	and	x21,x3,x16	  x3:0x00000000 x16:0x80040fe4 x21=0x00000000
     181975.000 ns	     18196	80003de0	a15986d3	fle.s	x13,f19,f21	 f19:0x00000000 f21:0x4f00040f x13=0x00000001
     182015.000 ns	     18200	80003de4	1942f253	fdiv.s	f4,f5,f20	  f5:0x00000000 f20:0x80040fe4  f4=0x80000000
     182035.000 ns	     18202	80003de8	01368a33	add	x20,x13,x19	 x13:0x00000001 x19:0x00000200 x20=0x00000201
     182075.000 ns	     18206	80003dec	01e89853	fadd.s	f16,f17,f30	 f17:0xffc00000 f30:0x80000000 f16=0x7fc00000
     182105.000 ns	     18209	80003df0	20c68fd3	fsgnj.s	f31,f13,f12	 f13:0x7fc00000 f12:0xfffffc9b f31=0xffc00000
     182125.000 ns	     18211	80003df4	405ad913	srai	x18,x21,0x5	 x21:0x00000000 x18=0x00000000
     182145.000 ns	     18213	80003df8	29a580d3	fmin.s	f1,f11,f26	 f11:0x7fc00000 f26:0x7fc00000  f1=0x7fc00000
     182165.000 ns	     18215	80003dfc	0045cd33	xor	x26,x11,x4	 x11:0x56161cf4  x4:0x00000000 x26=0x56161cf4
     182175.000 ns	     18216	80003e00	e96cdd17	auipc	x26,0xe96cd	 x26=0x696d0e00
     182185.000 ns	     18217	80003e04	73e82f13	slti	x30,x16,1854	 x16:0x80040fe4 x30=0x00000001
     182195.000 ns	     18218	80003e08	7986f037	lui	x0,0x7986f	
     182205.000 ns	     18219	80003e0c	3760e413	ori	x8,x1,886	  x1:0xfffffc9b  x8=0xffffffff
     182235.000 ns	     18222	80003e10	117e0ad3	fmul.s	f21,f28,f23	 f28:0x7fc00000 f23:0x7fc00000 f21=0x7fc00000
     182255.000 ns	     18224	80003e14	00000013	addi	x0,x0,0	  x0:0x00000000
     182265.000 ns	     18225	80003e18	00d97133	and	x2,x18,x13	 x18:0x00000000 x13:0x00000001  x2=0x00000000
     182285.000 ns	     18227	80003e1c	f00302d3	fmv.w.x	f5,x6	  x6:0x00000000  f5=0x00000000
     182305.000 ns	     18229	80003e20	0010eb33	or	x22,x1,x1	  x1:0xfffffc9b  x1:0xfffffc9b x22=0xfffffc9b
     182325.000 ns	     18231	80003e24	2189af53	fsgnjx.s	f30,f19,f24	 f19:0x00000000 f24:0x00000001 f30=0x00000000
     182355.000 ns	     18234	80003e28	a1bc0553	fle.s	x10,f24,f27	 f24:0x00000001 f27:0x00000000 x10=0x00000000
     182385.000 ns	     18237	80003e2c	f00c09d3	fmv.w.x	f19,x24	 x24:0x00000000 f19=0x00000000
     182415.000 ns	     18240	80003e30	0386c2b3	div	x5,x13,x24	 x13:0x00000001 x24:0x00000000  x5=0xffffffff
     182445.000 ns	     18243	80003e34	a03cae53	feq.s	x28,f25,f3	 f25:0x7fc00000  f3:0x00000000 x28=0x00000000
     182815.000 ns	     18280	80003e38	03aadf33	divu	x30,x21,x26	 x21:0x00000000 x26:0x696d0e00 x30=0x00000000
     182845.000 ns	     18283	80003e3c	d00dc3d3	fcvt.s.w	f7,x27	 x27:0x0000000e  f7=0x41600000
     182865.000 ns	     18285	80003e40	010971b3	and	x3,x18,x16	 x18:0x00000000 x16:0x80040fe4  x3=0x00000000
     182875.000 ns	     18286	80003e44	01ff43b3	xor	x7,x30,x31	 x30:0x00000000 x31:0x80041024  x7=0x80041024
     182905.000 ns	     18289	80003e48	58020ed3	fsqrt.s	f29,f4	  f4:0x80000000 f29=0x80000000
     182925.000 ns	     18291	80003e4c	019c7cb3	and	x25,x24,x25	 x24:0x00000000 x25:0xfffffc9b x25=0x00000000
     182935.000 ns	     18292	80003e50	0002a9b3	slt	x19,x5,x0	  x5:0xffffffff  x0:0x00000000 x19=0x00000001
     182965.000 ns	     18295	80003e54	19a391d3	fdiv.s	f3,f7,f26	  f7:0x41600000 f26:0x7fc00000  f3=0x7fc00000
     182985.000 ns	     18297	80003e58	ce8ef693	andi	x13,x29,-792	 x29:0x46000000 x13=0x46000000
     183025.000 ns	     18301	80003e5c	01b778d3	fadd.s	f17,f14,f27	 f14:0x80041024 f27:0x00000000 f17=0x80041024
     183045.000 ns	     18303	80003e60	01ad9493	slli	x9,x27,0x1a	 x27:0x0000000e  x9=0x38000000
     183055.000 ns	     18304	80003e64	3f8f9a37	lui	x20,0x3f8f9	 x20=0x3f8f9000
     183095.000 ns	     18308	80003e68	01a173d3	fadd.s	f7,f2,f26	  f2:0x7fc00000 f26:0x7fc00000  f7=0x7fc00000
     183125.000 ns	     18311	80003e6c	03c136b3	mulhu	x13,x2,x28	  x2:0x00000000 x28:0x00000000 x13=0x00000000
     183145.000 ns	     18313	80003e70	01a14e33	xor	x28,x2,x26	  x2:0x00000000 x26:0x696d0e00 x28=0x696d0e00
     183155.000 ns	     18314	80003e74	183a6013	ori	x0,x20,387	 x20:0x3f8f9000
     183175.000 ns	     18316	80003e78	02ad04b3	mul	x9,x26,x10	 x26:0x696d0e00 x10:0x00000000  x9=0x00000000
     183205.000 ns	     18319	80003e7c	e00510d3	fclass.s	x1,f10	 f10:0x7fc00000  x1=0x00000200
     183235.000 ns	     18322	80003e80	f0000453	fmv.w.x	f8,x0	  x0:0x00000000  f8=0x00000000
     183255.000 ns	     18324	80003e84	012b1513	slli	x10,x22,0x12	 x22:0xfffffc9b x10=0xf26c0000
     183265.000 ns	     18325	80003e88	ae74be13	sltiu	x28,x9,-1305	  x9:0x00000000 x28=0x00000001
     183285.000 ns	     18327	80003e8c	21ffaf53	fsgnjx.s	f30,f31,f31	 f31:0xffc00000 f31:0xffc00000 f30=0x7fc00000
     183305.000 ns	     18329	80003e90	66364e93	xori	x29,x12,1635	 x12:0x00000001 x29=0x00000662
     183325.000 ns	     18331	80003e94	a0f18053	fle.s	x0,f3,f15	  f3:0x7fc00000 f15:0x7fc00000
     183355.000 ns	     18334	80003e98	204b0cd3	fsgnj.s	f25,f22,f4	 f22:0x00000000  f4:0x80000000 f25=0x80000000
     183375.000 ns	     18336	80003e9c	00815893	srli	x17,x2,0x8	  x2:0x00000000 x17=0x00000000
     183395.000 ns	     18338	80003ea0	d0021a53	fcvt.s.w	f20,x4	  x4:0x00000000 f20=0x00000000
     183415.000 ns	     18340	80003ea4	fe318617	auipc	x12,0xfe318	 x12=0x7e31bea4
     183435.000 ns	     18342	80003ea8	21e721d3	fsgnjx.s	f3,f14,f30	 f14:0x80041024 f30:0x7fc00000  f3=0x80041024
     183465.000 ns	     18345	80003eac	d015bed3	fcvt.s.wu	f29,x11	 x11:0x56161cf4 f29=0x4eac2c3a
     183485.000 ns	     18347	80003eb0	00648e33	add	x28,x9,x6	  x9:0x00000000  x6:0x00000000 x28=0x00000000
     183515.000 ns	     18350	80003eb4	58004953	fsqrt.s	f18,f0	  f0:0x7fc00000 f18=0x7fc00000
     183545.000 ns	     18353	80003eb8	f00603d3	fmv.w.x	f7,x12	 x12:0x7e31bea4  f7=0x7e31bea4
     183565.000 ns	     18355	80003ebc	40ee83b3	sub	x7,x29,x14	 x29:0x00000662 x14:0xc7946b41  x7=0x386b9b21
     183575.000 ns	     18356	80003ec0	41fbdf13	srai	x30,x23,0x1f	 x23:0x0000034f x30=0x00000000
     183595.000 ns	     18358	80003ec4	287093d3	fmax.s	f7,f1,f7	  f1:0x7fc00000  f7:0x7e31bea4  f7=0x7e31bea4
     183625.000 ns	     18361	80003ec8	02f9ba33	mulhu	x20,x19,x15	 x19:0x00000001 x15:0x00000001 x20=0x00000000
     183655.000 ns	     18364	80003ecc	c00d1953	fcvt.w.s	x18,f26	 f26:0x7fc00000 x18=0x7fffffff
     183695.000 ns	     18368	80003ed0	114b1953	fmul.s	f18,f22,f20	 f22:0x00000000 f20:0x00000000 f18=0x00000000
     183715.000 ns	     18370	80003ed4	a1e636b7	lui	x13,0xa1e63	 x13=0xa1e63000
     183725.000 ns	     18371	80003ed8	40a60a33	sub	x20,x12,x10	 x12:0x7e31bea4 x10:0xf26c0000 x20=0x8bc5bea4
     184085.000 ns	     18407	80003edc	034341b3	div	x3,x6,x20	  x6:0x00000000 x20:0x00000000  x3=0x00000000
     184105.000 ns	     18409	80003ee0	01c486b3	add	x13,x9,x28	  x9:0x00000000 x28:0x00000000 x13=0x00000000
     184125.000 ns	     18411	80003ee4	e00083d3	fmv.x.w	x7,f1	  f1:0x7fc00000  x7=0x7fc00000
     184155.000 ns	     18414	80003ee8	d016bb53	fcvt.s.wu	f22,x13	 x13:0xa1e63000 f22=0x00000000
     184195.000 ns	     18418	80003eec	10b11253	fmul.s	f4,f2,f11	  f2:0x7fc00000 f11:0x7fc00000  f4=0x7fc00000
     184215.000 ns	     18420	80003ef0	00969013	slli	x0,x13,0x9	 x13:0x00000000
     184235.000 ns	     18422	80003ef4	202ba8d3	fsgnjx.s	f17,f23,f2	 f23:0x7fc00000  f2:0x7fc00000 f17=0x7fc00000
     184265.000 ns	     18425	80003ef8	022272b3	remu	x5,x4,x2	  x4:0x00000000  x2:0x00000000  x5=0x00000000
     184285.000 ns	     18427	80003efc	9949c393	xori	x7,x19,-1644	 x19:0x00000001  x7=0xfffff995
     184305.000 ns	     18429	80003f00	c0188a53	fcvt.wu.s	x20,f17	 f17:0x7fc00000 x20=0xffffffff
     184335.000 ns	     18432	80003f04	c005f9d3	fcvt.w.s	x19,f11	 f11:0x7fc00000 x19=0x7fffffff
     184355.000 ns	     18434	80003f08	01468233	add	x4,x13,x20	 x13:0x00000000 x20:0xffffffff  x4=0xffffffff
     184385.000 ns	     18437	80003f0c	112af8d3	fmul.s	f17,f21,f18	 f21:0x7fc00000 f18:0x00000000 f17=0x7fc00000
     184405.000 ns	     18439	80003f10	4bab2313	slti	x6,x22,1210	 x22:0xfffffc9b  x6=0x00000001
     184415.000 ns	     18440	80003f14	40ab5633	sra	x12,x22,x10	 x22:0xfffffc9b x10:0xf26c0000 x12=0xfffffc9b
     184435.000 ns	     18442	80003f18	028e17b3	mulh	x15,x28,x8	 x28:0x00000000  x8:0xffffffff x15=0x00000000
     184475.000 ns	     18446	80003f1c	182effd3	fdiv.s	f31,f29,f2	 f29:0x4eac2c3a  f2:0x7fc00000 f31=0x7fc00000
     184845.000 ns	     18483	80003f20	03417ab3	remu	x21,x2,x20	  x2:0x00000000 x20:0xffffffff x21=0x00000000
     184875.000 ns	     18486	80003f24	21aa03d3	fsgnj.s	f7,f20,f26	 f20:0x00000000 f26:0x7fc00000  f7=0x00000000
     184925.000 ns	     18491	80003f28	0865fbd3	fsub.s	f23,f11,f6	 f11:0x7fc00000  f6:0x540001dc f23=0x7fc00000
     184955.000 ns	     18494	80003f2c	d0191753	fcvt.s.wu	f14,x18	 x18:0x7fffffff f14=0x4effffff
     184975.000 ns	     18496	80003f30	646b0313	addi	x6,x22,1606	 x22:0xfffffc9b  x6=0x000002e1
     184985.000 ns	     18497	80003f34	aabab117	auipc	x2,0xaabab	  x2=0x2abaef34
     185005.000 ns	     18499	80003f38	21f42153	fsgnjx.s	f2,f8,f31	  f8:0x00000000 f31:0x7fc00000  f2=0x00000000
     185025.000 ns	     18501	80003f3c	000458b3	srl	x17,x8,x0	  x8:0xffffffff  x0:0x00000000 x17=0xffffffff
     185385.000 ns	     18537	80003f40	034b7a33	remu	x20,x22,x20	 x22:0xfffffc9b x20:0xffffffff x20=0xfffffc9b
     185415.000 ns	     18540	80003f44	a00da2d3	feq.s	x5,f27,f0	 f27:0x00000000  f0:0x7fc00000  x5=0x00000000
     185435.000 ns	     18542	80003f48	e8062c93	slti	x25,x12,-384	 x12:0xfffffc9b x25=0x00000001
     185445.000 ns	     18543	80003f4c	73df0d13	addi	x26,x30,1853	 x30:0x00000000 x26=0x0000073d
     185455.000 ns	     18544	80003f50	40c15113	srai	x2,x2,0xc	  x2:0x2abaef34  x2=0x0002abae
     185465.000 ns	     18545	80003f54	648caa93	slti	x21,x25,1608	 x25:0x00000001 x21=0x00000001
     185485.000 ns	     18547	80003f58	c01caad3	fcvt.wu.s	x21,f25	 f25:0x80000000 x21=0x00000000
     185855.000 ns	     18584	80003f5c	024b71b3	remu	x3,x22,x4	 x22:0xfffffc9b  x4:0xffffffff  x3=0xfffffc9b
     185875.000 ns	     18586	80003f60	e625fe13	andi	x28,x11,-414	 x11:0x56161cf4 x28=0x56161c60
     185895.000 ns	     18588	80003f64	218e18d3	fsgnjn.s	f17,f28,f24	 f28:0x7fc00000 f24:0x00000001 f17=0xffc00000
     185915.000 ns	     18590	80003f68	00000013	addi	x0,x0,0	  x0:0x00000000
     185935.000 ns	     18592	80003f6c	e00f8f53	fmv.x.w	x30,f31	 f31:0x7fc00000 x30=0x7fc00000
     185975.000 ns	     18596	80003f70	19f97bd3	fdiv.s	f23,f18,f31	 f18:0x00000000 f31:0x7fc00000 f23=0x7fc00000
     186005.000 ns	     18599	80003f74	283d11d3	fmax.s	f3,f26,f3	 f26:0x7fc00000  f3:0x80041024  f3=0x80041024
     186025.000 ns	     18601	80003f78	01c66f33	or	x30,x12,x28	 x12:0xfffffc9b x28:0x56161c60 x30=0xfffffcfb
     186035.000 ns	     18602	80003f7c	9d93e093	ori	x1,x7,-1575	  x7:0xfffff995  x1=0xfffff9dd
     186045.000 ns	     18603	80003f80	00000013	addi	x0,x0,0	  x0:0x00000000
     186065.000 ns	     18605	80003f84	02fdfd33	remu	x26,x27,x15	 x27:0x0000000e x15:0x00000000 x26=0x0000000e
     186105.000 ns	     18609	80003f88	105bf353	fmul.s	f6,f23,f5	 f23:0x7fc00000  f5:0x00000000  f6=0x7fc00000
     186135.000 ns	     18612	80003f8c	024502b3	mul	x5,x10,x4	 x10:0xf26c0000  x4:0xffffffff  x5=0x0d940000
     186165.000 ns	     18615	80003f90	03847933	remu	x18,x8,x24	  x8:0xffffffff x24:0x00000000 x18=0xffffffff
     186185.000 ns	     18617	80003f94	01bb5eb3	srl	x29,x22,x27	 x22:0xfffffc9b x27:0x0000000e x29=0x0003ffff
     186195.000 ns	     18618	80003f98	01db34b3	sltu	x9,x22,x29	 x22:0xfffffc9b x29:0x00000662  x9=0x00000000
     186215.000 ns	     18620	80003f9c	290517d3	fmax.s	f15,f10,f16	 f10:0x7fc00000 f16:0x7fc00000 f15=0x7fc00000
     186245.000 ns	     18623	80003fa0	a13703d3	fle.s	x7,f14,f19	 f14:0x4effffff f19:0x00000000  x7=0x00000000
     186275.000 ns	     18626	80003fa4	e00c05d3	fmv.x.w	x11,f24	 f24:0x00000001 x11=0x00000001
     186315.000 ns	     18630	80003fa8	1911fe53	fdiv.s	f28,f3,f17	  f3:0x80041024 f17:0xffc00000 f28=0x7fc00000
     186335.000 ns	     18632	80003fac	00a6e233	or	x4,x13,x10	 x13:0x00000000 x10:0xf26c0000  x4=0xf26c0000
     186345.000 ns	     18633	80003fb0	006a5e33	srl	x28,x20,x6	 x20:0xfffffc9b  x6:0x000002e1 x28=0x7ffffe4d
     186365.000 ns	     18635	80003fb4	f00203d3	fmv.w.x	f7,x4	  x4:0xffffffff  f7=0xf26c0000
     186415.000 ns	     18640	80003fb8	01169dd3	fadd.s	f27,f13,f17	 f13:0x7fc00000 f17:0xffc00000 f27=0x7fc00000
     186445.000 ns	     18643	80003fbc	a12b1553	flt.s	x10,f22,f18	 f22:0x00000000 f18:0x00000000 x10=0x00000000
     186465.000 ns	     18645	80003fc0	d2d0d117	auipc	x2,0xd2d0d	  x2=0x52d10fc0
     186485.000 ns	     18647	80003fc4	038691b3	mulh	x3,x13,x24	 x13:0x00000000 x24:0x00000000  x3=0x00000000
     186515.000 ns	     18650	80003fc8	210a8ed3	fsgnj.s	f29,f21,f16	 f21:0x7fc00000 f16:0x7fc00000 f29=0x7fc00000
     186545.000 ns	     18653	80003fcc	02d01633	mulh	x12,x0,x13	  x0:0x00000000 x13:0x00000000 x12=0x00000000
     186565.000 ns	     18655	80003fd0	5c0bd197	auipc	x3,0x5c0bd	  x3=0xdc0c0fd0
     186585.000 ns	     18657	80003fd4	291d8d53	fmin.s	f26,f27,f17	 f27:0x7fc00000 f17:0xffc00000 f26=0x7fc00000
     186635.000 ns	     18662	80003fd8	006170d3	fadd.s	f1,f2,f6	  f2:0x00000000  f6:0x7fc00000  f1=0x7fc00000
     186685.000 ns	     18667	80003fdc	0958f0d3	fsub.s	f1,f17,f21	 f17:0xffc00000 f21:0x7fc00000  f1=0x7fc00000
     186705.000 ns	     18669	80003fe0	01fa27b3	slt	x15,x20,x31	 x20:0xfffffc9b x31:0x80041024 x15=0x00000000
     186715.000 ns	     18670	80003fe4	ab280c93	addi	x25,x16,-1358	 x16:0x80040fe4 x25=0x80040a96
     186735.000 ns	     18672	80003fe8	a1922bd3	feq.s	x23,f4,f25	  f4:0x7fc00000 f25:0x80000000 x23=0x00000000
     186755.000 ns	     18674	80003fec	01b22eb3	slt	x29,x4,x27	  x4:0xf26c0000 x27:0x0000000e x29=0x00000001
     186765.000 ns	     18675	80003ff0	01884733	xor	x14,x16,x24	 x16:0x80040fe4 x24:0x00000000 x14=0x80040fe4
     186785.000 ns	     18677	80003ff4	027fa9b3	mulhsu	x19,x31,x7	 x31:0x80041024  x7:0x00000000 x19=0x00000000
     186815.000 ns	     18680	80003ff8	d01e7d53	fcvt.s.wu	f26,x28	 x28:0x7ffffe4d f26=0x4efffffc
     186835.000 ns	     18682	80003ffc	00f3d613	srli	x12,x7,0xf	  x7:0x00000000 x12=0x00000000
     186855.000 ns	     18684	80004000	d003fed3	fcvt.s.w	f29,x7	  x7:0x00000000 f29=0x00000000
     186875.000 ns	     18686	80004004	43efb013	sltiu	x0,x31,1086	 x31:0x80041024
     186895.000 ns	     18688	80004008	29181bd3	fmax.s	f23,f16,f17	 f16:0x7fc00000 f17:0xffc00000 f23=0x7fc00000
     186935.000 ns	     18692	8000400c	197e4a53	fdiv.s	f20,f28,f23	 f28:0x7fc00000 f23:0x7fc00000 f20=0x7fc00000
     186955.000 ns	     18694	80004010	1fc0ab13	slti	x22,x1,508	  x1:0xfffff9dd x22=0x00000001
     186965.000 ns	     18695	80004014	46f23513	sltiu	x10,x4,1135	  x4:0xf26c0000 x10=0x00000000
     186985.000 ns	     18697	80004018	03278d33	mul	x26,x15,x18	 x15:0x00000000 x18:0xffffffff x26=0x00000000
     187015.000 ns	     18700	8000401c	e0098753	fmv.x.w	x14,f19	 f19:0x00000000 x14=0x00000000
     187045.000 ns	     18703	80004020	034924b3	mulhsu	x9,x18,x20	 x18:0xffffffff x20:0xfffffc9b  x9=0xffffffff
     187075.000 ns	     18706	80004024	022da6b3	mulhsu	x13,x27,x2	 x27:0x0000000e  x2:0x52d10fc0 x13=0x00000004
     187125.000 ns	     18711	80004028	097c0753	fsub.s	f14,f24,f23	 f24:0x00000001 f23:0x7fc00000 f14=0x7fc00000
     187165.000 ns	     18715	8000402c	18119053	fdiv.s	f0,f3,f1	  f3:0x80041024  f1:0x7fc00000  f0=0x7fc00000
     187185.000 ns	     18717	80004030	6336b593	sltiu	x11,x13,1587	 x13:0x00000004 x11=0x00000001
     187215.000 ns	     18720	80004034	580b0a53	fsqrt.s	f20,f22	 f22:0x00000000 f20=0x00000000
     187245.000 ns	     18723	80004038	21b49053	fsgnjn.s	f0,f9,f27	  f9:0x00000000 f27:0x7fc00000  f0=0x80000000
     187265.000 ns	     18725	8000403c	0076b6b3	sltu	x13,x13,x7	 x13:0x00000004  x7:0x00000000 x13=0x00000000
     187625.000 ns	     18761	80004040	03c8e0b3	rem	x1,x17,x28	 x17:0xffffffff x28:0x7ffffe4d  x1=0xffffffff
     187655.000 ns	     18764	80004044	e0079ad3	fclass.s	x21,f15	 f15:0x7fc00000 x21=0x00000200
     187695.000 ns	     18768	80004048	18277753	fdiv.s	f14,f14,f2	 f14:0x7fc00000  f2:0x00000000 f14=0x7fc00000
     187725.000 ns	     18771	8000404c	29fb02d3	fmin.s	f5,f22,f31	 f22:0x00000000 f31:0x7fc00000  f5=0x00000000
     187745.000 ns	     18773	80004050	aef5ee13	ori	x28,x11,-1297	 x11:0x00000001 x28=0xfffffaef
     187755.000 ns	     18774	80004054	003f9d13	slli	x26,x31,0x3	 x31:0x80041024 x26=0x00208120
     187775.000 ns	     18776	80004058	f00c0453	fmv.w.x	f8,x24	 x24:0x00000000  f8=0x00000000
     187795.000 ns	     18778	8000405c	0074aa33	slt	x20,x9,x7	  x9:0xffffffff  x7:0x00000000 x20=0x00000001
     187805.000 ns	     18779	80004060	00f4cb33	xor	x22,x9,x15	  x9:0xffffffff x15:0x00000000 x22=0xffffffff
     187845.000 ns	     18783	80004064	00d575d3	fadd.s	f11,f10,f13	 f10:0x7fc00000 f13:0x7fc00000 f11=0x7fc00000
     187875.000 ns	     18786	80004068	2116a9d3	fsgnjx.s	f19,f13,f17	 f13:0x7fc00000 f17:0xffc00000 f19=0xffc00000
     187895.000 ns	     18788	8000406c	01afcb33	xor	x22,x31,x26	 x31:0x80041024 x26:0x00208120 x22=0x80249104
     187905.000 ns	     18789	80004070	014e1b33	sll	x22,x28,x20	 x28:0xfffffaef x20:0x00000001 x22=0xfffff5de
     187915.000 ns	     18790	80004074	c1dd6013	ori	x0,x26,-995	 x26:0x00208120
     187955.000 ns	     18794	80004078	085f7ed3	fsub.s	f29,f30,f5	 f30:0x7fc00000  f5:0x00000000 f29=0x7fc00000
     187975.000 ns	     18796	8000407c	005c1313	slli	x6,x24,0x5	 x24:0x00000000  x6=0x00000000
     187995.000 ns	     18798	80004080	c01e76d3	fcvt.wu.s	x13,f28	 f28:0x7fc00000 x13=0xffffffff
     188015.000 ns	     18800	80004084	415fd933	sra	x18,x31,x21	 x31:0x80041024 x21:0x00000200 x18=0x80041024
     188035.000 ns	     18802	80004088	a048a6d3	feq.s	x13,f17,f4	 f17:0xffc00000  f4:0x7fc00000 x13=0x00000000
     188065.000 ns	     18805	8000408c	a1081ad3	flt.s	x21,f16,f16	 f16:0x7fc00000 f16:0x7fc00000 x21=0x00000000
     188085.000 ns	     18807	80004090	01e3b233	sltu	x4,x7,x30	  x7:0x00000000 x30:0xfffffcfb  x4=0x00000001
     188105.000 ns	     18809	80004094	28e79a53	fmax.s	f20,f15,f14	 f15:0x7fc00000 f14:0x7fc00000 f20=0x7fc00000
     188125.000 ns	     18811	80004098	01fbed33	or	x26,x23,x31	 x23:0x00000000 x31:0x80041024 x26=0x80041024
     188135.000 ns	     18812	8000409c	00b85913	srli	x18,x16,0xb	 x16:0x80040fe4 x18=0x00100081
     188145.000 ns	     18813	800040a0	41bcde33	sra	x28,x25,x27	 x25:0x80040a96 x27:0x0000000e x28=0xfffe0010
     188165.000 ns	     18815	800040a4	d00d74d3	fcvt.s.w	f9,x26	 x26:0x80041024  f9=0xcefff7df
     188215.000 ns	     18820	800040a8	016afe53	fadd.s	f28,f21,f22	 f21:0x7fc00000 f22:0x00000000 f28=0x7fc00000
     188245.000 ns	     18823	800040ac	e00d1a53	fclass.s	x20,f26	 f26:0x4efffffc x20=0x00000040
     188265.000 ns	     18825	800040b0	69205537	lui	x10,0x69205	 x10=0x69205000
     188275.000 ns	     18826	800040b4	d071bc13	sltiu	x24,x3,-761	  x3:0xdc0c0fd0 x24=0x00000001
     188295.000 ns	     18828	800040b8	a0f187d3	fle.s	x15,f3,f15	  f3:0x80041024 f15:0x7fc00000 x15=0x00000000
     188335.000 ns	     18832	800040bc	10aef253	fmul.s	f4,f29,f10	 f29:0x7fc00000 f10:0x7fc00000  f4=0x7fc00000
     188365.000 ns	     18835	800040c0	289c1253	fmax.s	f4,f24,f9	 f24:0x00000001  f9:0xcefff7df  f4=0x00000001
     188415.000 ns	     18840	800040c4	085277d3	fsub.s	f15,f4,f5	  f4:0x7fc00000  f5:0x00000000 f15=0x00000001
     188445.000 ns	     18843	800040c8	02240cb3	mul	x25,x8,x2	  x8:0xffffffff  x2:0x52d10fc0 x25=0xad2ef040
     188485.000 ns	     18847	800040cc	19be7c53	fdiv.s	f24,f28,f27	 f28:0x7fc00000 f27:0x7fc00000 f24=0x7fc00000
     188515.000 ns	     18850	800040d0	02ee81b3	mul	x3,x29,x14	 x29:0x00000001 x14:0x00000000  x3=0x00000000
     188545.000 ns	     18853	800040d4	d0153753	fcvt.s.wu	f14,x10	 x10:0x69205000 f14=0x4ed240a0
     188575.000 ns	     18856	800040d8	28681cd3	fmax.s	f25,f16,f6	 f16:0x7fc00000  f6:0x7fc00000 f25=0x7fc00000
     188605.000 ns	     18859	800040dc	e0091e53	fclass.s	x28,f18	 f18:0x00000000 x28=0x00000010
     188635.000 ns	     18862	800040e0	e0068ad3	fmv.x.w	x21,f13	 f13:0x7fc00000 x21=0x7fc00000
     188665.000 ns	     18865	800040e4	2043abd3	fsgnjx.s	f23,f7,f4	  f7:0xf26c0000  f4:0x00000001 f23=0xf26c0000
     188685.000 ns	     18867	800040e8	815da393	slti	x7,x27,-2027	 x27:0x0000000e  x7=0x00000000
     188695.000 ns	     18868	800040ec	00000013	addi	x0,x0,0	  x0:0x00000000
     188705.000 ns	     18869	800040f0	f5c51a17	auipc	x20,0xf5c51	 x20=0x75c550f0
     188715.000 ns	     18870	800040f4	00000013	addi	x0,x0,0	  x0:0x00000000
     188725.000 ns	     18871	800040f8	00c2b9b3	sltu	x19,x5,x12	  x5:0x0d940000 x12:0x00000000 x19=0x00000000
     188735.000 ns	     18872	800040fc	00000013	addi	x0,x0,0	  x0:0x00000000
     188745.000 ns	     18873	80004100	009f00b3	add	x1,x30,x9	 x30:0xfffffcfb  x9:0xffffffff  x1=0xfffffcfa
     188765.000 ns	     18875	80004104	f0038053	fmv.w.x	f0,x7	  x7:0x00000000  f0=0x00000000
     188785.000 ns	     18877	80004108	002f26b3	slt	x13,x30,x2	 x30:0xfffffcfb  x2:0x52d10fc0 x13=0x00000001
     188795.000 ns	     18878	8000410c	73818593	addi	x11,x3,1848	  x3:0x00000000 x11=0x00000738
     188805.000 ns	     18879	80004110	013ebeb3	sltu	x29,x29,x19	 x29:0x00000001 x19:0x00000000 x29=0x00000000
     188815.000 ns	     18880	80004114	ea12b0b7	lui	x1,0xea12b	  x1=0xea12b000
     189175.000 ns	     18916	80004118	03f2d9b3	divu	x19,x5,x31	  x5:0x0d940000 x31:0x80041024 x19=0x00000000
     189195.000 ns	     18918	8000411c	35cd7793	andi	x15,x26,860	 x26:0x80041024 x15=0x00000004
     189205.000 ns	     18919	80004120	40a687b3	sub	x15,x13,x10	 x13:0x00000001 x10:0x69205000 x15=0x96dfb001
     189565.000 ns	     18955	80004124	03fd6233	rem	x4,x26,x31	 x26:0x80041024 x31:0x80041024  x4=0x00000000
     189585.000 ns	     18957	80004128	00c9a733	slt	x14,x19,x12	 x19:0x00000000 x12:0x00000000 x14=0x00000000
     189595.000 ns	     18958	8000412c	41f95593	srai	x11,x18,0x1f	 x18:0x00100081 x11=0x00000000
     189615.000 ns	     18960	80004130	290710d3	fmax.s	f1,f14,f16	 f14:0x4ed240a0 f16:0x7fc00000  f1=0x4ed240a0
     189645.000 ns	     18963	80004134	03b09633	mulh	x12,x1,x27	  x1:0xea12b000 x27:0x0000000e x12=0xfffffffe
     189665.000 ns	     18965	80004138	b9cce293	ori	x5,x25,-1124	 x25:0xad2ef040  x5=0xfffffbdc
     189685.000 ns	     18967	8000413c	031e9c33	mulh	x24,x29,x17	 x29:0x00000000 x17:0xffffffff x24=0x00000000
     189705.000 ns	     18969	80004140	3b51d297	auipc	x5,0x3b51d	  x5=0xbb521140
     189725.000 ns	     18971	80004144	28e91b53	fmax.s	f22,f18,f14	 f18:0x00000000 f14:0x4ed240a0 f22=0x4ed240a0
     189755.000 ns	     18974	80004148	c0190753	fcvt.wu.s	x14,f18	 f18:0x00000000 x14=0x00000000
     189805.000 ns	     18979	8000414c	08d8c953	fsub.s	f18,f17,f13	 f17:0xffc00000 f13:0x7fc00000 f18=0x7fc00000
     189825.000 ns	     18981	80004150	42c82313	slti	x6,x16,1068	 x16:0x80040fe4  x6=0x00000001
     189835.000 ns	     18982	80004154	41d4d6b3	sra	x13,x9,x29	  x9:0xffffffff x29:0x00000000 x13=0xffffffff
     190195.000 ns	     19018	80004158	028b4533	div	x10,x22,x8	 x22:0xfffff5de  x8:0xffffffff x10=0x00000a22
     190225.000 ns	     19021	8000415c	e00d0cd3	fmv.x.w	x25,f26	 f26:0x4efffffc x25=0x4efffffc
     190265.000 ns	     19025	80004160	580c4dd3	fsqrt.s	f27,f24	 f24:0x7fc00000 f27=0x7fc00000
     190305.000 ns	     19029	80004164	580974d3	fsqrt.s	f9,f18	 f18:0x7fc00000  f9=0x7fc00000
     190325.000 ns	     19031	80004168	00fd07b3	add	x15,x26,x15	 x26:0x80041024 x15:0x96dfb001 x15=0x16e3c025
     190335.000 ns	     19032	8000416c	01490a33	add	x20,x18,x20	 x18:0x00100081 x20:0x75c550f0 x20=0x75d55171
     190355.000 ns	     19034	80004170	c014c553	fcvt.wu.s	x10,f9	  f9:0x7fc00000 x10=0xffffffff
     190385.000 ns	     19037	80004174	29ad9053	fmax.s	f0,f27,f26	 f27:0x7fc00000 f26:0x4efffffc  f0=0x4efffffc
     190405.000 ns	     19039	80004178	0045e8b3	or	x17,x11,x4	 x11:0x00000000  x4:0x00000000 x17=0x00000000
     190425.000 ns	     19041	8000417c	e0099e53	fclass.s	x28,f19	 f19:0xffc00000 x28=0x00000200
     190445.000 ns	     19043	80004180	01aa01b3	add	x3,x20,x26	 x20:0x75d55171 x26:0x80041024  x3=0xf5d96195
     190455.000 ns	     19044	80004184	49fbe113	ori	x2,x23,1183	 x23:0x00000000  x2=0x0000049f
     190465.000 ns	     19045	80004188	9e95e7b7	lui	x15,0x9e95e	 x15=0x9e95e000
     190485.000 ns	     19047	8000418c	29ed0553	fmin.s	f10,f26,f30	 f26:0x4efffffc f30:0x7fc00000 f10=0x4efffffc
     190505.000 ns	     19049	80004190	01fc5193	srli	x3,x24,0x1f	 x24:0x00000000  x3=0x00000000
     190515.000 ns	     19050	80004194	00d14bb3	xor	x23,x2,x13	  x2:0x0000049f x13:0xffffffff x23=0xfffffb60
     190535.000 ns	     19052	80004198	a0ff1ad3	flt.s	x21,f30,f15	 f30:0x7fc00000 f15:0x00000001 x21=0x00000000
     190555.000 ns	     19054	8000419c	001c0eb3	add	x29,x24,x1	 x24:0x00000000  x1:0xea12b000 x29=0xea12b000
     190575.000 ns	     19056	800041a0	e00090d3	fclass.s	x1,f1	  f1:0x4ed240a0  x1=0x00000040
     190595.000 ns	     19058	800041a4	49ebdd17	auipc	x26,0x49ebd	 x26=0xc9ec11a4
     190615.000 ns	     19060	800041a8	e00c0453	fmv.x.w	x8,f24	 f24:0x7fc00000  x8=0x7fc00000
     190635.000 ns	     19062	800041ac	015a14b3	sll	x9,x20,x21	 x20:0x75d55171 x21:0x00000000  x9=0x75d55171
     190655.000 ns	     19064	800041b0	20ab0653	fsgnj.s	f12,f22,f10	 f22:0x4ed240a0 f10:0x4efffffc f12=0x4ed240a0
     190685.000 ns	     19067	800041b4	d00dfcd3	fcvt.s.w	f25,x27	 x27:0x0000000e f25=0x41600000
     190715.000 ns	     19070	800041b8	2072a953	fsgnjx.s	f18,f5,f7	  f5:0x00000000  f7:0xf26c0000 f18=0x80000000
     190735.000 ns	     19072	800041bc	00000013	addi	x0,x0,0	  x0:0x00000000
     190755.000 ns	     19074	800041c0	a1642753	feq.s	x14,f8,f22	  f8:0x00000000 f22:0x4ed240a0 x14=0x00000000
     190775.000 ns	     19076	800041c4	41265d33	sra	x26,x12,x18	 x12:0xfffffffe x18:0x00100081 x26=0xffffffff
     190815.000 ns	     19080	800041c8	09417153	fsub.s	f2,f2,f20	  f2:0x00000000 f20:0x7fc00000  f2=0x7fc00000
     190845.000 ns	     19083	800041cc	c015a1d3	fcvt.wu.s	x3,f11	 f11:0x7fc00000  x3=0xffffffff
     191215.000 ns	     19120	800041d0	03e962b3	rem	x5,x18,x30	 x18:0x00100081 x30:0xfffffcfb  x5=0x00000205
     191235.000 ns	     19122	800041d4	006f5593	srli	x11,x30,0x6	 x30:0xfffffcfb x11=0x03fffff3
     191245.000 ns	     19123	800041d8	00fb6e33	or	x28,x22,x15	 x22:0xfffff5de x15:0x9e95e000 x28=0xfffff5de
     191255.000 ns	     19124	800041dc	40b1d233	sra	x4,x3,x11	  x3:0xffffffff x11:0x00000000  x4=0xffffffff
     191265.000 ns	     19125	800041e0	e071d537	lui	x10,0xe071d	 x10=0xe071d000
     191285.000 ns	     19127	800041e4	02f60bb3	mul	x23,x12,x15	 x12:0xfffffffe x15:0x9e95e000 x23=0xc2d44000
     191315.000 ns	     19130	800041e8	e00a1353	fclass.s	x6,f20	 f20:0x7fc00000  x6=0x00000200
     191335.000 ns	     19132	800041ec	65e39017	auipc	x0,0x65e39	
     191355.000 ns	     19134	800041f0	03203533	mulhu	x10,x0,x18	  x0:0x00000000 x18:0x00100081 x10=0x00000000
     191395.000 ns	     19138	800041f4	19a875d3	fdiv.s	f11,f16,f26	 f16:0x7fc00000 f26:0x4efffffc f11=0x7fc00000
     191415.000 ns	     19140	800041f8	a2551097	auipc	x1,0xa2551	  x1=0x225551f8
     191775.000 ns	     19176	800041fc	02f662b3	rem	x5,x12,x15	 x12:0xfffffffe x15:0x9e95e000  x5=0xfffffffe
     191795.000 ns	     19178	80004200	017e0d33	add	x26,x28,x23	 x28:0xfffff5de x23:0xc2d44000 x26=0xc2d435de
     191805.000 ns	     19179	80004204	01569113	slli	x2,x13,0x15	 x13:0xffffffff  x2=0xffe00000
     191815.000 ns	     19180	80004208	01863a33	sltu	x20,x12,x24	 x12:0xfffffffe x24:0x00000000 x20=0x00000000
     191835.000 ns	     19182	8000420c	02dea8b3	mulhsu	x17,x29,x13	 x29:0xea12b000 x13:0xffffffff x17=0xea12b000
     191855.000 ns	     19184	80004210	00000013	addi	x0,x0,0	  x0:0x00000000
     191865.000 ns	     19185	80004214	004f5f13	srli	x30,x30,0x4	 x30:0xfffffcfb x30=0x0fffffcf
     191885.000 ns	     19187	80004218	212396d3	fsgnjn.s	f13,f7,f18	  f7:0xf26c0000 f18:0x80000000 f13=0x726c0000
     191905.000 ns	     19189	8000421c	01c937b3	sltu	x15,x18,x28	 x18:0x00100081 x28:0xfffff5de x15=0x00000001
     191915.000 ns	     19190	80004220	02e10537	lui	x10,0x2e10	 x10=0x02e10000
     191925.000 ns	     19191	80004224	00361b13	slli	x22,x12,0x3	 x12:0xfffffffe x22=0xfffffff0
     191945.000 ns	     19193	80004228	e00e9253	fclass.s	x4,f29	 f29:0x7fc00000  x4=0x00000200
     191975.000 ns	     19196	8000422c	030283b3	mul	x7,x5,x16	  x5:0xfffffffe x16:0x80040fe4  x7=0xfff7e038
     191995.000 ns	     19198	80004230	00654c33	xor	x24,x10,x6	 x10:0x02e10000  x6:0x00000200 x24=0x02e10200
     192015.000 ns	     19200	80004234	c00fa5d3	fcvt.w.s	x11,f31	 f31:0x7fc00000 x11=0x7fffffff
     192385.000 ns	     19237	80004238	03cb5f33	divu	x30,x22,x28	 x22:0xfffffff0 x28:0xfffff5de x30=0x00000001
     192415.000 ns	     19240	8000423c	f0088853	fmv.w.x	f16,x17	 x17:0xea12b000 f16=0xea12b000
     192785.000 ns	     19277	80004240	0258c933	div	x18,x17,x5	 x17:0xea12b000  x5:0xfffffffe x18=0x0af6a800
     192815.000 ns	     19280	80004244	a1a0a253	feq.s	x4,f1,f26	  f1:0x4ed240a0 f26:0x4efffffc  x4=0x00000000
     192835.000 ns	     19282	80004248	00deaa33	slt	x20,x29,x13	 x29:0xea12b000 x13:0xffffffff x20=0x00000001
     192855.000 ns	     19284	8000424c	c01729d3	fcvt.wu.s	x19,f14	 f14:0x4ed240a0 x19=0x69205000
     192885.000 ns	     19287	80004250	e0080cd3	fmv.x.w	x25,f16	 f16:0xea12b000 x25=0xea12b000
     192905.000 ns	     19289	80004254	40a05eb3	sra	x29,x0,x10	  x0:0x00000000 x10:0x02e10000 x29=0x00000000
     192915.000 ns	     19290	80004258	003df8b3	and	x17,x27,x3	 x27:0x0000000e  x3:0xffffffff x17=0x0000000e
     192925.000 ns	     19291	8000425c	0101f233	and	x4,x3,x16	  x3:0xffffffff x16:0x80040fe4  x4=0x80040fe4
     193285.000 ns	     19327	80004260	02cc7ab3	remu	x21,x24,x12	 x24:0x02e10200 x12:0xfffffffe x21=0x02e10200
     193315.000 ns	     19330	80004264	a1499353	flt.s	x6,f19,f20	 f19:0xffc00000 f20:0x7fc00000  x6=0x00000000
     193355.000 ns	     19334	80004268	5803c753	fsqrt.s	f14,f7	  f7:0xf26c0000 f14=0x7fc00000
     193385.000 ns	     19337	8000426c	c00d7ed3	fcvt.w.s	x29,f26	 f26:0x4efffffc x29=0x7ffffe00
     193425.000 ns	     19341	80004270	1896f5d3	fdiv.s	f11,f13,f9	 f13:0x726c0000  f9:0x7fc00000 f11=0x7fc00000
     193455.000 ns	     19344	80004274	d01e9b53	fcvt.s.wu	f22,x29	 x29:0x7ffffe00 f22=0x4efffffc
     193485.000 ns	     19347	80004278	d0009953	fcvt.s.w	f18,x1	  x1:0x225551f8 f18=0x4e095547
     193505.000 ns	     19349	8000427c	011b5113	srli	x2,x22,0x11	 x22:0xfffffff0  x2=0x00007fff
     193525.000 ns	     19351	80004280	20341fd3	fsgnjn.s	f31,f8,f3	  f8:0x00000000  f3:0x80041024 f31=0x00000000
     193545.000 ns	     19353	80004284	83543593	sltiu	x11,x8,-1995	  x8:0x7fc00000 x11=0x00000001
     193565.000 ns	     19355	80004288	a11826d3	feq.s	x13,f16,f17	 f16:0xea12b000 f17:0xffc00000 x13=0x00000000
     193585.000 ns	     19357	8000428c	00851ab3	sll	x21,x10,x8	 x10:0x02e10000  x8:0x7fc00000 x21=0x02e10000
     193605.000 ns	     19359	80004290	f0030dd3	fmv.w.x	f27,x6	  x6:0x00000000 f27=0x00000000
     193625.000 ns	     19361	80004294	ece3f713	andi	x14,x7,-306	  x7:0xfff7e038 x14=0xfff7e008
     193655.000 ns	     19364	80004298	10232853	fmul.s	f16,f6,f2	  f6:0x7fc00000  f2:0x7fc00000 f16=0x7fc00000
     194025.000 ns	     19401	8000429c	02abe7b3	rem	x15,x23,x10	 x23:0xc2d44000 x10:0x02e10000 x15=0xff494000
     194045.000 ns	     19403	800042a0	6e07e093	ori	x1,x15,1760	 x15:0x00000001  x1=0xff4946e0
     194065.000 ns	     19405	800042a4	a02dae53	feq.s	x28,f27,f2	 f27:0x00000000  f2:0x7fc00000 x28=0x00000000
     194095.000 ns	     19408	800042a8	a0b82153	feq.s	x2,f16,f11	 f16:0x7fc00000 f11:0x7fc00000  x2=0x00000000
     194125.000 ns	     19411	800042ac	a0868ed3	fle.s	x29,f13,f8	 f13:0x726c0000  f8:0x00000000 x29=0x00000000
     194145.000 ns	     19413	800042b0	018b9a13	slli	x20,x23,0x18	 x23:0xc2d44000 x20=0x00000000
     194165.000 ns	     19415	800042b4	c00a4553	fcvt.w.s	x10,f20	 f20:0x7fc00000 x10=0x7fffffff
     194195.000 ns	     19418	800042b8	0260ecb3	rem	x25,x1,x6	  x1:0xff4946e0  x6:0x00000000 x25=0xff4946e0
     194215.000 ns	     19420	800042bc	4163a713	slti	x14,x7,1046	  x7:0xfff7e038 x14=0x00000001
     194235.000 ns	     19422	800042c0	209884d3	fsgnj.s	f9,f17,f9	 f17:0xffc00000  f9:0x7fc00000  f9=0x7fc00000
     194255.000 ns	     19424	800042c4	006b2bb3	slt	x23,x22,x6	 x22:0xfffffff0  x6:0x00000000 x23=0x00000001
     194275.000 ns	     19426	800042c8	02ba37b3	mulhu	x15,x20,x11	 x20:0x00000000 x11:0x00000001 x15=0x00000000
     194305.000 ns	     19429	800042cc	29fa8253	fmin.s	f4,f21,f31	 f21:0x7fc00000 f31:0x00000000  f4=0x00000000
     194325.000 ns	     19431	800042d0	011337b3	sltu	x15,x6,x17	  x6:0x00000000 x17:0x0000000e x15=0x00000001
     194685.000 ns	     19467	800042d4	038968b3	rem	x17,x18,x24	 x18:0x0af6a800 x24:0x02e10200 x17=0x0253a200
     194705.000 ns	     19469	800042d8	01345033	srl	x0,x8,x19	  x8:0x7fc00000 x19:0x69205000
     194715.000 ns	     19470	800042dc	b35f8d13	addi	x26,x31,-1227	 x31:0x80041024 x26=0x80040b59
     194735.000 ns	     19472	800042e0	e00788d3	fmv.x.w	x17,f15	 f15:0x00000001 x17=0x00000001
     195105.000 ns	     19509	800042e4	03006eb3	rem	x29,x0,x16	  x0:0x00000000 x16:0x80040fe4 x29=0x00000000
     196285.000 ns	     19627	800042e8	58063453	fsqrt.s	f8,f12	 f12:0x4ed240a0  f8=0x47240cba
     196315.000 ns	     19630	800042ec	c0054253	fcvt.w.s	x4,f10	 f10:0x4efffffc  x4=0x7ffffe00
     196345.000 ns	     19633	800042f0	a0b18953	fle.s	x18,f3,f11	  f3:0x80041024 f11:0x7fc00000 x18=0x00000000
     196395.000 ns	     19638	800042f4	093ff7d3	fsub.s	f15,f31,f19	 f31:0x00000000 f19:0xffc00000 f15=0x7fc00000
     196445.000 ns	     19643	800042f8	0998fb53	fsub.s	f22,f17,f25	 f17:0xffc00000 f25:0x41600000 f22=0x7fc00000
     196475.000 ns	     19646	800042fc	02188b33	mul	x22,x17,x1	 x17:0x00000001  x1:0xff4946e0 x22=0xff4946e0
     196495.000 ns	     19648	80004300	05f02313	slti	x6,x0,95	  x0:0x00000000  x6=0x00000001
     196505.000 ns	     19649	80004304	005a0033	add	x0,x20,x5	 x20:0x00000000  x5:0xfffffffe
     196515.000 ns	     19650	80004308	01eab233	sltu	x4,x21,x30	 x21:0x02e10000 x30:0x00000001  x4=0x00000000
     196525.000 ns	     19651	8000430c	008df0b3	and	x1,x27,x8	 x27:0x0000000e  x8:0x7fc00000  x1=0x00000000
     196545.000 ns	     19653	80004310	a02a9ed3	flt.s	x29,f21,f2	 f21:0x7fc00000  f2:0x7fc00000 x29=0x00000000
     196575.000 ns	     19656	80004314	a1e49253	flt.s	x4,f9,f30	  f9:0x7fc00000 f30:0x7fc00000  x4=0x00000000
     196595.000 ns	     19658	80004318	403e06b3	sub	x13,x28,x3	 x28:0x00000000  x3:0xffffffff x13=0x00000001
     196615.000 ns	     19660	8000431c	d0011353	fcvt.s.w	f6,x2	  x2:0x00000000  f6=0x00000000
     196635.000 ns	     19662	80004320	0792c013	xori	x0,x5,121	  x5:0xfffffffe
     196645.000 ns	     19663	80004324	c90ba793	slti	x15,x23,-880	 x23:0x00000001 x15=0x00000000
     196655.000 ns	     19664	80004328	00071313	slli	x6,x14,0x0	 x14:0x00000001  x6=0x00000001
     196665.000 ns	     19665	8000432c	01c25c93	srli	x25,x4,0x1c	  x4:0x00000000 x25=0x00000000
     196675.000 ns	     19666	80004330	41d506b3	sub	x13,x10,x29	 x10:0x7fffffff x29:0x00000000 x13=0x7fffffff
     196685.000 ns	     19667	80004334	c14ac293	xori	x5,x21,-1004	 x21:0x02e10000  x5=0xfd1efc14
     196695.000 ns	     19668	80004338	8ca47913	andi	x18,x8,-1846	  x8:0x7fc00000 x18=0x7fc00000
     196715.000 ns	     19670	8000433c	21aa83d3	fsgnj.s	f7,f21,f26	 f21:0x7fc00000 f26:0x4efffffc  f7=0x7fc00000
     196735.000 ns	     19672	80004340	bf2bc993	xori	x19,x23,-1038	 x23:0x00000001 x19=0xfffffbf3
     197095.000 ns	     19708	80004344	0356eeb3	rem	x29,x13,x21	 x13:0x7fffffff x21:0x02e10000 x29=0x0153ffff
     197115.000 ns	     19710	80004348	013a04b3	add	x9,x20,x19	 x20:0x00000000 x19:0x69205000  x9=0xfffffbf3
     197125.000 ns	     19711	8000434c	7fc3f713	andi	x14,x7,2044	  x7:0xfff7e038 x14=0x00000038
     197145.000 ns	     19713	80004350	a1d8a353	feq.s	x6,f17,f29	 f17:0xffc00000 f29:0x7fc00000  x6=0x00000000
     197175.000 ns	     19716	80004354	a1ec0053	fle.s	x0,f24,f30	 f24:0x7fc00000 f30:0x7fc00000
     197195.000 ns	     19718	80004358	0108ff33	and	x30,x17,x16	 x17:0x00000001 x16:0x80040fe4 x30=0x00000000
     197215.000 ns	     19720	8000435c	294918d3	fmax.s	f17,f18,f20	 f18:0x4e095547 f20:0x7fc00000 f17=0x4e095547
     197235.000 ns	     19722	80004360	7a640c13	addi	x24,x8,1958	  x8:0x7fc00000 x24=0x7fc007a6
     197245.000 ns	     19723	80004364	3fef8193	addi	x3,x31,1022	 x31:0x80041024  x3=0x80041422
     197265.000 ns	     19725	80004368	02cd8b33	mul	x22,x27,x12	 x27:0x0000000e x12:0xfffffffe x22=0xffffffe4
     197285.000 ns	     19727	8000436c	dff4c013	xori	x0,x9,-513	  x9:0xfffffbf3
     197295.000 ns	     19728	80004370	00000013	addi	x0,x0,0	  x0:0x00000000
     197325.000 ns	     19731	80004374	11df9bd3	fmul.s	f23,f31,f29	 f31:0x00000000 f29:0x7fc00000 f23=0x7fc00000
     197355.000 ns	     19734	80004378	e00304d3	fmv.x.w	x9,f6	  f6:0x00000000  x9=0x00000000
     197375.000 ns	     19736	8000437c	018ce1b3	or	x3,x25,x24	 x25:0x00000000 x24:0x7fc007a6  x3=0x7fc007a6
     197395.000 ns	     19738	80004380	c0023ad3	fcvt.w.s	x21,f4	  f4:0x00000000 x21=0x00000000
     197765.000 ns	     19775	80004384	03325d33	divu	x26,x4,x19	  x4:0x00000000 x19:0xfffffbf3 x26=0x00000000
     197785.000 ns	     19777	80004388	41228733	sub	x14,x5,x18	  x5:0xfd1efc14 x18:0x7fc00000 x14=0x7d5efc14
     197805.000 ns	     19779	8000438c	21aa9a53	fsgnjn.s	f20,f21,f26	 f21:0x7fc00000 f26:0x4efffffc f20=0xffc00000
     197825.000 ns	     19781	80004390	012f1433	sll	x8,x30,x18	 x30:0x00000000 x18:0x7fc00000  x8=0x00000000
     197845.000 ns	     19783	80004394	c012a7d3	fcvt.wu.s	x15,f5	  f5:0x00000000 x15=0x00000000
     197865.000 ns	     19785	80004398	15c94c13	xori	x24,x18,348	 x18:0x7fc00000 x24=0x7fc0015c
     197875.000 ns	     19786	8000439c	01715513	srli	x10,x2,0x17	  x2:0x00000000 x10=0x00000000
     197885.000 ns	     19787	800043a0	01b6d893	srli	x17,x13,0x1b	 x13:0x7fffffff x17=0x0000000f
     197915.000 ns	     19790	800043a4	1103a453	fmul.s	f8,f7,f16	  f7:0x7fc00000 f16:0x7fc00000  f8=0x7fc00000
     197945.000 ns	     19793	800043a8	03a80a33	mul	x20,x16,x26	 x16:0x80040fe4 x26:0x00000000 x20=0x00000000
     197975.000 ns	     19796	800043ac	a003a153	feq.s	x2,f7,f0	  f7:0x7fc00000  f0:0x4efffffc  x2=0x00000000
     198005.000 ns	     19799	800043b0	03b12033	mulhsu	x0,x2,x27	  x2:0x00000000 x27:0x0000000e
     198375.000 ns	     19836	800043b4	02ed79b3	remu	x19,x26,x14	 x26:0x00000000 x14:0x7d5efc14 x19=0x00000000
     198395.000 ns	     19838	800043b8	1ae8ea93	ori	x21,x17,430	 x17:0x0000000f x21=0x000001af
     198405.000 ns	     19839	800043bc	0156e7b3	or	x15,x13,x21	 x13:0x7fffffff x21:0x00000000 x15=0x7fffffff
     198425.000 ns	     19841	800043c0	c01a77d3	fcvt.wu.s	x15,f20	 f20:0xffc00000 x15=0xffffffff
     198445.000 ns	     19843	800043c4	009239b3	sltu	x19,x4,x9	  x4:0x00000000  x9:0x00000000 x19=0x00000000
     198465.000 ns	     19845	800043c8	c0043453	fcvt.w.s	x8,f8	  f8:0x7fc00000  x8=0x7fffffff
     198485.000 ns	     19847	800043cc	00da1b13	slli	x22,x20,0xd	 x20:0x00000000 x22=0x00000000
     198505.000 ns	     19849	800043d0	a1ae2953	feq.s	x18,f28,f26	 f28:0x7fc00000 f26:0x4efffffc x18=0x00000000
     198535.000 ns	     19852	800043d4	e0010553	fmv.x.w	x10,f2	  f2:0x7fc00000 x10=0x7fc00000
     198555.000 ns	     19854	800043d8	d9206693	ori	x13,x0,-622	  x0:0x00000000 x13=0xfffffd92
     198565.000 ns	     19855	800043dc	007575b3	and	x11,x10,x7	 x10:0x7fc00000  x7:0xfff7e038 x11=0x7fc00000
     198575.000 ns	     19856	800043e0	d049aa93	slti	x21,x19,-764	 x19:0x00000000 x21=0x00000000
     198595.000 ns	     19858	800043e4	a0d88053	fle.s	x0,f17,f13	 f17:0x4e095547 f13:0x726c0000
     198625.000 ns	     19861	800043e8	f0068453	fmv.w.x	f8,x13	 x13:0xfffffd92  f8=0xfffffd92
     198655.000 ns	     19864	800043ec	03a32a33	mulhsu	x20,x6,x26	  x6:0x00000000 x26:0x00000000 x20=0x00000000
     198685.000 ns	     19867	800043f0	0388b7b3	mulhu	x15,x17,x24	 x17:0x0000000f x24:0x7fc0015c x15=0x00000007
     198705.000 ns	     19869	800043f4	00000013	addi	x0,x0,0	  x0:0x00000000
     198715.000 ns	     19870	800043f8	017da2b3	slt	x5,x27,x23	 x27:0x0000000e x23:0x00000001  x5=0x00000000
     198735.000 ns	     19872	800043fc	027c3f33	mulhu	x30,x24,x7	 x24:0x7fc0015c  x7:0xfff7e038 x30=0x7fbbf37f
     198765.000 ns	     19875	80004400	039c13b3	mulh	x7,x24,x25	 x24:0x7fc0015c x25:0x00000000  x7=0x00000000
     198805.000 ns	     19879	80004404	18859fd3	fdiv.s	f31,f11,f8	 f11:0x7fc00000  f8:0xfffffd92 f31=0x7fc00000
     198835.000 ns	     19882	80004408	c002b153	fcvt.w.s	x2,f5	  f5:0x00000000  x2=0x00000000
     198865.000 ns	     19885	8000440c	c0107cd3	fcvt.wu.s	x25,f0	  f0:0x4efffffc x25=0x7ffffe00
     198895.000 ns	     19888	80004410	a1dd08d3	fle.s	x17,f26,f29	 f26:0x4efffffc f29:0x7fc00000 x17=0x00000000
     198925.000 ns	     19891	80004414	02f8bc33	mulhu	x24,x17,x15	 x17:0x0000000f x15:0x00000007 x24=0x00000000
     198955.000 ns	     19894	80004418	f0030c53	fmv.w.x	f24,x6	  x6:0x00000000 f24=0x00000000
     198975.000 ns	     19896	8000441c	4075d8b3	sra	x17,x11,x7	 x11:0x7fc00000  x7:0x00000000 x17=0x7fc00000
     198985.000 ns	     19897	80004420	01d66a33	or	x20,x12,x29	 x12:0xfffffffe x29:0x0153ffff x20=0xffffffff
     198995.000 ns	     19898	80004424	94eea917	auipc	x18,0x94eea	 x18=0x14eee424
     199005.000 ns	     19899	80004428	00783b33	sltu	x22,x16,x7	 x16:0x80040fe4  x7:0x00000000 x22=0x00000000
     199015.000 ns	     19900	8000442c	016b6733	or	x14,x22,x22	 x22:0x00000000 x22:0x00000000 x14=0x00000000
     199025.000 ns	     19901	80004430	002054b3	srl	x9,x0,x2	  x0:0x00000000  x2:0x00000000  x9=0x00000000
     199035.000 ns	     19902	80004434	34dfe893	ori	x17,x31,845	 x31:0x80041024 x17=0x8004136d
     199075.000 ns	     19906	80004438	088095d3	fsub.s	f11,f1,f8	  f1:0x4ed240a0  f8:0xfffffd92 f11=0x7fc00000
     199105.000 ns	     19909	8000443c	e0061b53	fclass.s	x22,f12	 f12:0x4ed240a0 x22=0x00000040
     199135.000 ns	     19912	80004440	02462e33	mulhsu	x28,x12,x4	 x12:0xfffffffe  x4:0x00000000 x28=0x00000000
     199155.000 ns	     19914	80004444	00181293	slli	x5,x16,0x1	 x16:0x80040fe4  x5=0x00081fc8
     199165.000 ns	     19915	80004448	75d1b713	sltiu	x14,x3,1885	  x3:0x7fc007a6 x14=0x00000000
     199185.000 ns	     19917	8000444c	03daa733	mulhsu	x14,x21,x29	 x21:0x00000000 x29:0x0153ffff x14=0x00000000
     199215.000 ns	     19920	80004450	29c293d3	fmax.s	f7,f5,f28	  f5:0x00000000 f28:0x7fc00000  f7=0x00000000
     199245.000 ns	     19923	80004454	027d77b3	remu	x15,x26,x7	 x26:0x00000000  x7:0x00000000 x15=0x00000000
     199275.000 ns	     19926	80004458	e00b9cd3	fclass.s	x25,f23	 f23:0x7fc00000 x25=0x00000200
     199295.000 ns	     19928	8000445c	32f1f593	andi	x11,x3,815	  x3:0x7fc007a6 x11=0x00000326
     199305.000 ns	     19929	80004460	0c45e413	ori	x8,x11,196	 x11:0x7fc00000  x8=0x000003e6
     199315.000 ns	     19930	80004464	015b61b3	or	x3,x22,x21	 x22:0x00000040 x21:0x00000000  x3=0x00000040
     199325.000 ns	     19931	80004468	017cd9b3	srl	x19,x25,x23	 x25:0x00000200 x23:0x00000001 x19=0x00000100
     199335.000 ns	     19932	8000446c	0035d613	srli	x12,x11,0x3	 x11:0x00000326 x12=0x00000064
     199355.000 ns	     19934	80004470	a0a3acd3	feq.s	x25,f7,f10	  f7:0x00000000 f10:0x4efffffc x25=0x00000000
     199375.000 ns	     19936	80004474	592bfe13	andi	x28,x23,1426	 x23:0x00000001 x28=0x00000000
     199395.000 ns	     19938	80004478	e0031b53	fclass.s	x22,f6	  f6:0x00000000 x22=0x00000010
     199445.000 ns	     19943	8000447c	099249d3	fsub.s	f19,f4,f25	  f4:0x00000000 f25:0x41600000 f19=0xc1600000
     199465.000 ns	     19945	80004480	015e5f13	srli	x30,x28,0x15	 x28:0x00000000 x30=0x00000000
     199485.000 ns	     19947	80004484	d0142253	fcvt.s.wu	f4,x8	  x8:0x000003e6  f4=0x44798000
     199505.000 ns	     19949	80004488	00efd513	srli	x10,x31,0xe	 x31:0x80041024 x10=0x00020010
     199515.000 ns	     19950	8000448c	008d0f33	add	x30,x26,x8	 x26:0x00000000  x8:0x000003e6 x30=0x000003e6
     199525.000 ns	     19951	80004490	00000013	addi	x0,x0,0	  x0:0x00000000
     199545.000 ns	     19953	80004494	03dc2b33	mulhsu	x22,x24,x29	 x24:0x00000000 x29:0x0153ffff x22=0x00000000
     199575.000 ns	     19956	80004498	20930653	fsgnj.s	f12,f6,f9	  f6:0x00000000  f9:0x7fc00000 f12=0x00000000
     199615.000 ns	     19960	8000449c	114e14d3	fmul.s	f9,f28,f20	 f28:0x7fc00000 f20:0xffc00000  f9=0x7fc00000
     199635.000 ns	     19962	800044a0	8dc5b913	sltiu	x18,x11,-1828	 x11:0x00000326 x18=0x00000001
     199655.000 ns	     19964	800044a4	03931733	mulh	x14,x6,x25	  x6:0x00000000 x25:0x00000000 x14=0x00000000
     199675.000 ns	     19966	800044a8	00319393	slli	x7,x3,0x3	  x3:0x00000040  x7=0x00000200
     199695.000 ns	     19968	800044ac	03fc04b3	mul	x9,x24,x31	 x24:0x00000000 x31:0x80041024  x9=0x00000000
     199745.000 ns	     19973	800044b0	096ffbd3	fsub.s	f23,f31,f22	 f31:0x7fc00000 f22:0x7fc00000 f23=0x7fc00000
     199765.000 ns	     19975	800044b4	01f471b3	and	x3,x8,x31	  x8:0x000003e6 x31:0x80041024  x3=0x00000024
     199785.000 ns	     19977	800044b8	e00b9ed3	fclass.s	x29,f23	 f23:0x7fc00000 x29=0x00000200
     199805.000 ns	     19979	800044bc	0011b3b3	sltu	x7,x3,x1	  x3:0x00000040  x1:0x00000000  x7=0x00000000
     199825.000 ns	     19981	800044c0	03c8d8b3	divu	x17,x17,x28	 x17:0x8004136d x28:0x00000000 x17=0xffffffff
     199845.000 ns	     19983	800044c4	01c7d613	srli	x12,x15,0x1c	 x15:0x00000000 x12=0x00000000
     199865.000 ns	     19985	800044c8	d01a02d3	fcvt.s.wu	f5,x20	 x20:0xffffffff  f5=0x4f800000
     199895.000 ns	     19988	800044cc	a02997d3	flt.s	x15,f19,f2	 f19:0xc1600000  f2:0x7fc00000 x15=0x00000000
     199925.000 ns	     19991	800044d0	a124a453	feq.s	x8,f9,f18	  f9:0x7fc00000 f18:0x4e095547  x8=0x00000000
     199955.000 ns	     19994	800044d4	a17b9353	flt.s	x6,f23,f23	 f23:0x7fc00000 f23:0x7fc00000  x6=0x00000000
     199985.000 ns	     19997	800044d8	20c08b53	fsgnj.s	f22,f1,f12	  f1:0x4ed240a0 f12:0x00000000 f22=0x4ed240a0
     200015.000 ns	     20000	800044dc	02966b33	rem	x22,x12,x9	 x12:0x00000000  x9:0x00000000 x22=0x00000000
     200045.000 ns	     20003	800044e0	29728753	fmin.s	f14,f5,f23	  f5:0x4f800000 f23:0x7fc00000 f14=0x4f800000
     200075.000 ns	     20006	800044e4	21ba90d3	fsgnjn.s	f1,f21,f27	 f21:0x7fc00000 f27:0x00000000  f1=0xffc00000
     200095.000 ns	     20008	800044e8	01ac46b3	xor	x13,x24,x26	 x24:0x00000000 x26:0x00000000 x13=0x00000000
     200115.000 ns	     20010	800044ec	a0e8aed3	feq.s	x29,f17,f14	 f17:0x4e095547 f14:0x4f800000 x29=0x00000000
     200145.000 ns	     20013	800044f0	29381953	fmax.s	f18,f16,f19	 f16:0x7fc00000 f19:0xc1600000 f18=0xc1600000
     200165.000 ns	     20015	800044f4	41ed5ab3	sra	x21,x26,x30	 x26:0x00000000 x30:0x000003e6 x21=0x00000000
     200195.000 ns	     20018	800044f8	18b9fc53	fdiv.s	f24,f19,f11	 f19:0xc1600000 f11:0x7fc00000 f24=0x7fc00000
     200225.000 ns	     20021	800044fc	21fbaf53	fsgnjx.s	f30,f23,f31	 f23:0x7fc00000 f31:0x7fc00000 f30=0x7fc00000
     200255.000 ns	     20024	80004500	d00323d3	fcvt.s.w	f7,x6	  x6:0x00000000  f7=0x00000000
     200275.000 ns	     20026	80004504	006d7733	and	x14,x26,x6	 x26:0x00000000  x6:0x00000000 x14=0x00000000
     200295.000 ns	     20028	80004508	c01f3e53	fcvt.wu.s	x28,f30	 f30:0x7fc00000 x28=0xffffffff
     200315.000 ns	     20030	8000450c	01da5f33	srl	x30,x20,x29	 x20:0xffffffff x29:0x00000000 x30=0xffffffff
     200325.000 ns	     20031	80004510	5ee02713	slti	x14,x0,1518	  x0:0x00000000 x14=0x00000001
     200335.000 ns	     20032	80004514	40525293	srai	x5,x4,0x5	  x4:0x00000000  x5=0x00000000
     200345.000 ns	     20033	80004518	00d48133	add	x2,x9,x13	  x9:0x00000000 x13:0x00000000  x2=0x00000000
     200355.000 ns	     20034	8000451c	082f8637	lui	x12,0x82f8	 x12=0x082f8000
     200715.000 ns	     20070	80004520	03b1d5b3	divu	x11,x3,x27	  x3:0x00000024 x27:0x0000000e x11=0x00000002
     200745.000 ns	     20073	80004524	a1b829d3	feq.s	x19,f16,f27	 f16:0x7fc00000 f27:0x00000000 x19=0x00000000
     200775.000 ns	     20076	80004528	02db5eb3	divu	x29,x22,x13	 x22:0x00000000 x13:0x00000000 x29=0xffffffff
     200795.000 ns	     20078	8000452c	60f92d13	slti	x26,x18,1551	 x18:0x00000001 x26=0x00000001
     200835.000 ns	     20082	80004530	080ff753	fsub.s	f14,f31,f0	 f31:0x7fc00000  f0:0x4efffffc f14=0x7fc00000
     200855.000 ns	     20084	80004534	003834b3	sltu	x9,x16,x3	 x16:0x80040fe4  x3:0x00000024  x9=0x00000000
     200865.000 ns	     20085	80004538	184b1b17	auipc	x22,0x184b1	 x22=0x984b5538
     200885.000 ns	     20087	8000453c	a1e894d3	flt.s	x9,f17,f30	 f17:0x4e095547 f30:0x7fc00000  x9=0x00000000
     200915.000 ns	     20090	80004540	027c8e33	mul	x28,x25,x7	 x25:0x00000000  x7:0x00000000 x28=0x00000000
     200935.000 ns	     20092	80004544	40d757b3	sra	x15,x14,x13	 x14:0x00000001 x13:0x00000000 x15=0x00000001
     200965.000 ns	     20095	80004548	58097a53	fsqrt.s	f20,f18	 f18:0xc1600000 f20=0x7fc00000
     200985.000 ns	     20097	8000454c	0013be33	sltu	x28,x7,x1	  x7:0x00000000  x1:0x00000000 x28=0x00000000
     201345.000 ns	     20133	80004550	02e9f1b3	remu	x3,x19,x14	 x19:0x00000000 x14:0x00000001  x3=0x00000000
     201375.000 ns	     20136	80004554	c00ecb53	fcvt.w.s	x22,f29	 f29:0x7fc00000 x22=0x7fffffff
     201425.000 ns	     20141	80004558	09bc78d3	fsub.s	f17,f24,f27	 f24:0x7fc00000 f27:0x00000000 f17=0x7fc00000
     201455.000 ns	     20144	8000455c	a1f98f53	fle.s	x30,f19,f31	 f19:0xc1600000 f31:0x7fc00000 x30=0x00000000
     201475.000 ns	     20146	80004560	007e25b3	slt	x11,x28,x7	 x28:0x00000000  x7:0x00000000 x11=0x00000000
     201495.000 ns	     20148	80004564	20880853	fsgnj.s	f16,f16,f8	 f16:0x7fc00000  f8:0xfffffd92 f16=0xffc00000
     201515.000 ns	     20150	80004568	23e11bb7	lui	x23,0x23e11	 x23=0x23e11000
     201525.000 ns	     20151	8000456c	c00d4a97	auipc	x21,0xc00d4	 x21=0x400d856c
     201535.000 ns	     20152	80004570	00e55313	srli	x6,x10,0xe	 x10:0x00020010  x6=0x00000008
     201545.000 ns	     20153	80004574	01784733	xor	x14,x16,x23	 x16:0x80040fe4 x23:0x23e11000 x14=0xa3e51fe4
     201555.000 ns	     20154	80004578	415085b3	sub	x11,x1,x21	  x1:0x00000000 x21:0x400d856c x11=0xbff27a94
     201565.000 ns	     20155	8000457c	013d78b3	and	x17,x26,x19	 x26:0x00000001 x19:0x00000000 x17=0x00000000
     201585.000 ns	     20157	80004580	a0021bd3	flt.s	x23,f4,f0	  f4:0x44798000  f0:0x4efffffc x23=0x00000001
     201635.000 ns	     20162	80004584	01bf2f53	fadd.s	f30,f30,f27	 f30:0x7fc00000 f27:0x00000000 f30=0x7fc00000
     201665.000 ns	     20165	80004588	e00004d3	fmv.x.w	x9,f0	  f0:0x4efffffc  x9=0x4efffffc
     201685.000 ns	     20167	8000458c	01eec033	xor	x0,x29,x30	 x29:0xffffffff x30:0x00000000
     201705.000 ns	     20169	80004590	c00b4e53	fcvt.w.s	x28,f22	 f22:0x4ed240a0 x28=0x69205000
     201725.000 ns	     20171	80004594	085fb393	sltiu	x7,x31,133	 x31:0x80041024  x7=0x00000000
     201735.000 ns	     20172	80004598	00c19a13	slli	x20,x3,0xc	  x3:0x00000000 x20=0x00000000
     201745.000 ns	     20173	8000459c	a48c3b93	sltiu	x23,x24,-1464	 x24:0x00000000 x23=0x00000001
     201765.000 ns	     20175	800045a0	215980d3	fsgnj.s	f1,f19,f21	 f19:0xc1600000 f21:0x7fc00000  f1=0x41600000
     201795.000 ns	     20178	800045a4	03315233	divu	x4,x2,x19	  x2:0x00000000 x19:0x00000000  x4=0xffffffff
     201825.000 ns	     20181	800045a8	29118cd3	fmin.s	f25,f3,f17	  f3:0x80041024 f17:0x7fc00000 f25=0x80041024
     201855.000 ns	     20184	800045ac	037c3033	mulhu	x0,x24,x23	 x24:0x00000000 x23:0x00000001
     201885.000 ns	     20187	800045b0	28ee03d3	fmin.s	f7,f28,f14	 f28:0x7fc00000 f14:0x7fc00000  f7=0x7fc00000
     201905.000 ns	     20189	800045b4	41550333	sub	x6,x10,x21	 x10:0x00020010 x21:0x400d856c  x6=0xbff47aa4
     201925.000 ns	     20191	800045b8	21d028d3	fsgnjx.s	f17,f0,f29	  f0:0x4efffffc f29:0x7fc00000 f17=0x4efffffc
     201945.000 ns	     20193	800045bc	4da74093	xori	x1,x14,1242	 x14:0xa3e51fe4  x1=0xa3e51b3e
     201985.000 ns	     20197	800045c0	08dc0d53	fsub.s	f26,f24,f13	 f24:0x7fc00000 f13:0x726c0000 f26=0x7fc00000
     202005.000 ns	     20199	800045c4	415f5613	srai	x12,x30,0x15	 x30:0x00000000 x12=0x00000000
     202035.000 ns	     20202	800045c8	580372d3	fsqrt.s	f5,f6	  f6:0x00000000  f5=0x00000000
     202405.000 ns	     20239	800045cc	03a94e33	div	x28,x18,x26	 x18:0x00000001 x26:0x00000001 x28=0x00000001
     202425.000 ns	     20241	800045d0	06e90e93	addi	x29,x18,110	 x18:0x00000001 x29=0x0000006f
     202785.000 ns	     20277	800045d4	0294df33	divu	x30,x9,x9	  x9:0x4efffffc  x9:0x4efffffc x30=0x00000001
     202815.000 ns	     20280	800045d8	f0030a53	fmv.w.x	f20,x6	  x6:0xbff47aa4 f20=0xbff47aa4
     202835.000 ns	     20282	800045dc	deb67f13	andi	x30,x12,-533	 x12:0x00000000 x30=0x00000000
     202855.000 ns	     20284	800045e0	29af19d3	fmax.s	f19,f30,f26	 f30:0x7fc00000 f26:0x7fc00000 f19=0x7fc00000
     202875.000 ns	     20286	800045e4	00fcf0b3	and	x1,x25,x15	 x25:0x00000000 x15:0x00000001  x1=0x00000000
     202915.000 ns	     20290	800045e8	09297053	fsub.s	f0,f18,f18	 f18:0xc1600000 f18:0xc1600000  f0=0x00000000
     202935.000 ns	     20292	800045ec	01c08bb3	add	x23,x1,x28	  x1:0xa3e51b3e x28:0x00000001 x23=0x00000001
     202945.000 ns	     20293	800045f0	0153da33	srl	x20,x7,x21	  x7:0x00000000 x21:0x400d856c x20=0x00000000
     202955.000 ns	     20294	800045f4	17adcd13	xori	x26,x27,378	 x27:0x0000000e x26=0x00000174
     202975.000 ns	     20296	800045f8	2013aa53	fsgnjx.s	f20,f7,f1	  f7:0x7fc00000  f1:0x41600000 f20=0x7fc00000
     202995.000 ns	     20298	800045fc	a4f34713	xori	x14,x6,-1457	  x6:0xbff47aa4 x14=0x400b80eb
     203005.000 ns	     20299	80004600	00de1c93	slli	x25,x28,0xd	 x28:0x00000001 x25=0x00002000
     203015.000 ns	     20300	80004604	00000013	addi	x0,x0,0	  x0:0x00000000
     203035.000 ns	     20302	80004608	20a59ed3	fsgnjn.s	f29,f11,f10	 f11:0x7fc00000 f10:0x4efffffc f29=0xffc00000
     203055.000 ns	     20304	8000460c	017dff33	and	x30,x27,x23	 x27:0x0000000e x23:0x00000001 x30=0x00000000
     203075.000 ns	     20306	80004610	e0099d53	fclass.s	x26,f19	 f19:0x7fc00000 x26=0x00000200
     203095.000 ns	     20308	80004614	010eda13	srli	x20,x29,0x10	 x29:0x0000006f x20=0x00000000
     203105.000 ns	     20309	80004618	cb3bb713	sltiu	x14,x23,-845	 x23:0x00000001 x14=0x00000001
     203115.000 ns	     20310	8000461c	40450ab3	sub	x21,x10,x4	 x10:0x00020010  x4:0xffffffff x21=0x00020011
     203155.000 ns	     20314	80004620	081f1b53	fsub.s	f22,f30,f1	 f30:0x7fc00000  f1:0x41600000 f22=0x7fc00000
     203185.000 ns	     20317	80004624	f0038ed3	fmv.w.x	f29,x7	  x7:0x00000000 f29=0x00000000
     203215.000 ns	     20320	80004628	03a51333	mulh	x6,x10,x26	 x10:0x00020010 x26:0x00000200  x6=0x00000000
     203265.000 ns	     20325	8000462c	080b3dd3	fsub.s	f27,f22,f0	 f22:0x7fc00000  f0:0x00000000 f27=0x7fc00000
     203285.000 ns	     20327	80004630	00ceda13	srli	x20,x29,0xc	 x29:0x0000006f x20=0x00000000
     203325.000 ns	     20331	80004634	09f6f153	fsub.s	f2,f13,f31	 f13:0x726c0000 f31:0x7fc00000  f2=0x7fc00000
     203375.000 ns	     20336	80004638	01ae7853	fadd.s	f16,f28,f26	 f28:0x7fc00000 f26:0x7fc00000 f16=0x7fc00000
     203395.000 ns	     20338	8000463c	40e00eb3	sub	x29,x0,x14	  x0:0x00000000 x14:0x00000001 x29=0xffffffff
     203405.000 ns	     20339	80004640	00483533	sltu	x10,x16,x4	 x16:0x80040fe4  x4:0xffffffff x10=0x00000001
     203415.000 ns	     20340	80004644	94418a13	addi	x20,x3,-1724	  x3:0x00000000 x20=0xfffff944
     203425.000 ns	     20341	80004648	cec43193	sltiu	x3,x8,-788	  x8:0x00000000  x3=0x00000001
     203435.000 ns	     20342	8000464c	0184d013	srli	x0,x9,0x18	  x9:0x4efffffc
     203455.000 ns	     20344	80004650	284f8c53	fmin.s	f24,f31,f4	 f31:0x7fc00000  f4:0x44798000 f24=0x44798000
     203475.000 ns	     20346	80004654	009a68b3	or	x17,x20,x9	 x20:0xfffff944  x9:0x4efffffc x17=0xfffffffc
     203495.000 ns	     20348	80004658	f00b85d3	fmv.w.x	f11,x23	 x23:0x00000001 f11=0x00000001
     203515.000 ns	     20350	8000465c	2f013113	sltiu	x2,x2,752	  x2:0x00000000  x2=0x00000001
     203535.000 ns	     20352	80004660	d00272d3	fcvt.s.w	f5,x4	  x4:0xffffffff  f5=0xbf800000
     203585.000 ns	     20357	80004664	00b272d3	fadd.s	f5,f4,f11	  f4:0x44798000 f11:0x00000001  f5=0x44798000
     203955.000 ns	     20394	80004668	0325ccb3	div	x25,x11,x18	 x11:0xbff27a94 x18:0x00000001 x25=0xbff27a94
     203985.000 ns	     20397	8000466c	a1b8a453	feq.s	x8,f17,f27	 f17:0x4efffffc f27:0x7fc00000  x8=0x00000000
     204015.000 ns	     20400	80004670	21f69753	fsgnjn.s	f14,f13,f31	 f13:0x726c0000 f31:0x7fc00000 f14=0xf26c0000
     204035.000 ns	     20402	80004674	0188a233	slt	x4,x17,x24	 x17:0xfffffffc x24:0x00000000  x4=0x00000001
     204045.000 ns	     20403	80004678	13b53213	sltiu	x4,x10,315	 x10:0x00000001  x4=0x00000001
     204065.000 ns	     20405	8000467c	02dda0b3	mulhsu	x1,x27,x13	 x27:0x0000000e x13:0x00000000  x1=0x00000000
     204115.000 ns	     20410	80004680	086ef9d3	fsub.s	f19,f29,f6	 f29:0x00000000  f6:0x00000000 f19=0x80000000
     204145.000 ns	     20413	80004684	d01b39d3	fcvt.s.wu	f19,x22	 x22:0x7fffffff f19=0x4f000000
     204165.000 ns	     20415	80004688	01d96d33	or	x26,x18,x29	 x18:0x00000001 x29:0xffffffff x26=0xffffffff
     204205.000 ns	     20419	8000468c	098d9853	fsub.s	f16,f27,f24	 f27:0x7fc00000 f24:0x44798000 f16=0x7fc00000
     204575.000 ns	     20456	80004690	03def133	remu	x2,x29,x29	 x29:0xffffffff x29:0xffffffff  x2=0x00000000
     204945.000 ns	     20493	80004694	034fdd33	divu	x26,x31,x20	 x31:0x80041024 x20:0xfffff944 x26=0x00000000
     204995.000 ns	     20498	80004698	08b58b53	fsub.s	f22,f11,f11	 f11:0x00000001 f11:0x00000001 f22=0x80000000
     205015.000 ns	     20500	8000469c	41090ab3	sub	x21,x18,x16	 x18:0x00000001 x16:0x80040fe4 x21=0x7ffbf01d
     205035.000 ns	     20502	800046a0	e00696d3	fclass.s	x13,f13	 f13:0x726c0000 x13=0x00000040
     205055.000 ns	     20504	800046a4	01120533	add	x10,x4,x17	  x4:0x00000001 x17:0xfffffffc x10=0xfffffffd
     205075.000 ns	     20506	800046a8	f00f8fd3	fmv.w.x	f31,x31	 x31:0x80041024 f31=0x80041024
     205105.000 ns	     20509	800046ac	a1891453	flt.s	x8,f18,f24	 f18:0xc1600000 f24:0x44798000  x8=0x00000001
     205135.000 ns	     20512	800046b0	d006f9d3	fcvt.s.w	f19,x13	 x13:0x00000040 f19=0x42800000
     205165.000 ns	     20515	800046b4	e00782d3	fmv.x.w	x5,f15	 f15:0x7fc00000  x5=0x7fc00000
     206345.000 ns	     20633	800046b8	58029653	fsqrt.s	f12,f5	  f5:0x44798000 f12=0x41b06c18
     206385.000 ns	     20637	800046bc	1130b253	fmul.s	f4,f1,f19	  f1:0x41600000 f19:0x42800000  f4=0x44600000
     206405.000 ns	     20639	800046c0	9f678513	addi	x10,x15,-1546	 x15:0x00000001 x10=0xfffff9f7
     206425.000 ns	     20641	800046c4	a12618d3	flt.s	x17,f12,f18	 f12:0x41b06c18 f18:0xc1600000 x17=0x00000000
     206455.000 ns	     20644	800046c8	21cf05d3	fsgnj.s	f11,f30,f28	 f30:0x7fc00000 f28:0x7fc00000 f11=0x7fc00000
     206475.000 ns	     20646	800046cc	9ca975b7	lui	x11,0x9ca97	 x11=0x9ca97000
     206485.000 ns	     20647	800046d0	00000013	addi	x0,x0,0	  x0:0x00000000
     206845.000 ns	     20683	800046d4	03f7d0b3	divu	x1,x15,x31	 x15:0x00000001 x31:0x80041024  x1=0x00000000
     206875.000 ns	     20686	800046d8	e00b0c53	fmv.x.w	x24,f22	 f22:0x80000000 x24=0x80000000
     206895.000 ns	     20688	800046dc	01d65b13	srli	x22,x12,0x1d	 x12:0x00000000 x22=0x00000000
     206905.000 ns	     20689	800046e0	01d566b3	or	x13,x10,x29	 x10:0xfffff9f7 x29:0xffffffff x13=0xffffffff
     206915.000 ns	     20690	800046e4	40f50c33	sub	x24,x10,x15	 x10:0xfffff9f7 x15:0x00000001 x24=0xfffff9f6
     206925.000 ns	     20691	800046e8	d4babb93	sltiu	x23,x21,-693	 x21:0x7ffbf01d x23=0x00000001
     206955.000 ns	     20694	800046ec	10b394d3	fmul.s	f9,f7,f11	  f7:0x7fc00000 f11:0x7fc00000  f9=0x7fc00000
     206985.000 ns	     20697	800046f0	d016a7d3	fcvt.s.wu	f15,x13	 x13:0xffffffff f15=0x4f800000
     207005.000 ns	     20699	800046f4	41b382b3	sub	x5,x7,x27	  x7:0x00000000 x27:0x0000000e  x5=0xfffffff2
     207015.000 ns	     20700	800046f8	ea348e13	addi	x28,x9,-349	  x9:0x4efffffc x28=0x4efffe9f
     207025.000 ns	     20701	800046fc	b6420113	addi	x2,x4,-1180	  x4:0x00000001  x2=0xfffffb65
     207045.000 ns	     20703	80004700	28560b53	fmin.s	f22,f12,f5	 f12:0x41b06c18  f5:0x44798000 f22=0x41b06c18
     207065.000 ns	     20705	80004704	009bd0b3	srl	x1,x23,x9	 x23:0x00000001  x9:0x4efffffc  x1=0x00000000
     207075.000 ns	     20706	80004708	9da94713	xori	x14,x18,-1574	 x18:0x00000001 x14=0xfffff9db
     207095.000 ns	     20708	8000470c	a021ab53	feq.s	x22,f3,f2	  f3:0x80041024  f2:0x7fc00000 x22=0x00000000
     207115.000 ns	     20710	80004710	09b82b93	slti	x23,x16,155	 x16:0x80040fe4 x23=0x00000001
     207135.000 ns	     20712	80004714	29110d53	fmin.s	f26,f2,f17	  f2:0x7fc00000 f17:0x4efffffc f26=0x4efffffc
     207165.000 ns	     20715	80004718	034902b3	mul	x5,x18,x20	 x18:0x00000001 x20:0xfffff944  x5=0xfffff944
     207185.000 ns	     20717	8000471c	01e90233	add	x4,x18,x30	 x18:0x00000001 x30:0x00000000  x4=0x00000001
     207195.000 ns	     20718	80004720	00890333	add	x6,x18,x8	 x18:0x00000001  x8:0x00000001  x6=0x00000002
     207555.000 ns	     20754	80004724	039df0b3	remu	x1,x27,x25	 x27:0x0000000e x25:0xbff27a94  x1=0x0000000e
     207585.000 ns	     20757	80004728	02fd28b3	mulhsu	x17,x26,x15	 x26:0x00000000 x15:0x00000001 x17=0x00000000
     207605.000 ns	     20759	8000472c	1a4e7493	andi	x9,x28,420	 x28:0x4efffe9f  x9=0x00000084
     207965.000 ns	     20795	80004730	02867033	remu	x0,x12,x8	 x12:0x00000000  x8:0x00000001
     207995.000 ns	     20798	80004734	a1682153	feq.s	x2,f16,f22	 f16:0x7fc00000 f22:0x41b06c18  x2=0x00000000
     208015.000 ns	     20800	80004738	418981b3	sub	x3,x19,x24	 x19:0x00000000 x24:0xfffff9f6  x3=0x0000060a
     208025.000 ns	     20801	8000473c	41235e33	sra	x28,x6,x18	  x6:0x00000002 x18:0x00000001 x28=0x00000001
     208035.000 ns	     20802	80004740	2d4bff13	andi	x30,x23,724	 x23:0x00000001 x30=0x00000000
     208045.000 ns	     20803	80004744	c0dc8f13	addi	x30,x25,-1011	 x25:0xbff27a94 x30=0xbff276a1
     208065.000 ns	     20805	80004748	02199233	mulh	x4,x19,x1	 x19:0x00000000  x1:0x0000000e  x4=0x00000000
     208085.000 ns	     20807	8000474c	00edd193	srli	x3,x27,0xe	 x27:0x0000000e  x3=0x00000000
     208105.000 ns	     20809	80004750	e0000153	fmv.x.w	x2,f0	  f0:0x00000000  x2=0x00000000
     208135.000 ns	     20812	80004754	21852253	fsgnjx.s	f4,f10,f24	 f10:0x4efffffc f24:0x44798000  f4=0x4efffffc
     208155.000 ns	     20814	80004758	f1efb913	sltiu	x18,x31,-226	 x31:0x80041024 x18=0x00000001
     208165.000 ns	     20815	8000475c	2b82a613	slti	x12,x5,696	  x5:0xfffff944 x12=0x00000001
     208175.000 ns	     20816	80004760	533cbb13	sltiu	x22,x25,1331	 x25:0xbff27a94 x22=0x00000000
     208195.000 ns	     20818	80004764	e00d9a53	fclass.s	x20,f27	 f27:0x7fc00000 x20=0x00000200
     208245.000 ns	     20823	80004768	0820fe53	fsub.s	f28,f1,f2	  f1:0x41600000  f2:0x7fc00000 f28=0x7fc00000
     208265.000 ns	     20825	8000476c	1b1f6893	ori	x17,x30,433	 x30:0xbff276a1 x17=0xbff277b1
     208625.000 ns	     20861	80004770	02645133	divu	x2,x8,x6	  x8:0x00000001  x6:0x00000002  x2=0x00000000
     208645.000 ns	     20863	80004774	f21b8893	addi	x17,x23,-223	 x23:0x00000001 x17=0xffffff22
     208665.000 ns	     20865	80004778	20cd2353	fsgnjx.s	f6,f26,f12	 f26:0x4efffffc f12:0x41b06c18  f6=0x4efffffc
     208685.000 ns	     20867	8000477c	0053da13	srli	x20,x7,0x5	  x7:0x00000000 x20=0x00000000
     208715.000 ns	     20870	80004780	11c88953	fmul.s	f18,f17,f28	 f17:0x4efffffc f28:0x7fc00000 f18=0x7fc00000
     208735.000 ns	     20872	80004784	dfee7e93	andi	x29,x28,-514	 x28:0x00000001 x29=0x00000000
     208745.000 ns	     20873	80004788	f535c713	xori	x14,x11,-173	 x11:0x9ca97000 x14=0x63568f53
     208755.000 ns	     20874	8000478c	41a90433	sub	x8,x18,x26	 x18:0x00000001 x26:0x00000000  x8=0x00000001
     209085.000 ns	     20907	80004790	191cf6d3	fdiv.s	f13,f25,f17	 f25:0x80041024 f17:0x4efffffc f13=0x80000000
     209105.000 ns	     20909	80004794	c733a117	auipc	x2,0xc733a	  x2=0x4733e794
     209115.000 ns	     20910	80004798	9525a517	auipc	x10,0x9525a	 x10=0x1525e798
     209125.000 ns	     20911	8000479c	408ada13	srai	x20,x21,0x8	 x21:0x7ffbf01d x20=0x007ffbf0
     209135.000 ns	     20912	800047a0	01a4e533	or	x10,x9,x26	  x9:0x00000084 x26:0x00000000 x10=0x00000084
     209145.000 ns	     20913	800047a4	10cec593	xori	x11,x29,268	 x29:0x00000000 x11=0x0000010c
     209165.000 ns	     20915	800047a8	d0187dd3	fcvt.s.wu	f27,x16	 x16:0x80040fe4 f27=0x4f00040f
     209195.000 ns	     20918	800047ac	212ba953	fsgnjx.s	f18,f23,f18	 f23:0x7fc00000 f18:0x7fc00000 f18=0x7fc00000
     209225.000 ns	     20921	800047b0	0276f6b3	remu	x13,x13,x7	 x13:0xffffffff  x7:0x00000000 x13=0xffffffff
     209245.000 ns	     20923	800047b4	01a1ef33	or	x30,x3,x26	  x3:0x00000000 x26:0x00000000 x30=0x00000000
     209285.000 ns	     20927	800047b8	006ff3d3	fadd.s	f7,f31,f6	 f31:0x80041024  f6:0x4efffffc  f7=0x4efffffc
     209305.000 ns	     20929	800047bc	01e4a4b3	slt	x9,x9,x30	  x9:0x00000084 x30:0xbff276a1  x9=0x00000000
     209325.000 ns	     20931	800047c0	e00e85d3	fmv.x.w	x11,f29	 f29:0x00000000 x11=0x00000000
     209345.000 ns	     20933	800047c4	a9312313	slti	x6,x2,-1389	  x2:0x4733e794  x6=0x00000000
     209355.000 ns	     20934	800047c8	aa123a93	sltiu	x21,x4,-1375	  x4:0x00000000 x21=0x00000001
     209365.000 ns	     20935	800047cc	204f93b7	lui	x7,0x204f9	  x7=0x204f9000
     209375.000 ns	     20936	800047d0	015981b3	add	x3,x19,x21	 x19:0x00000000 x21:0x7ffbf01d  x3=0x00000001
     209415.000 ns	     20940	800047d4	012477d3	fadd.s	f15,f8,f18	  f8:0xfffffd92 f18:0x7fc00000 f15=0x7fc00000
     209445.000 ns	     20943	800047d8	c015a4d3	fcvt.wu.s	x9,f11	 f11:0x7fc00000  x9=0xffffffff
     209475.000 ns	     20946	800047dc	a08102d3	fle.s	x5,f2,f8	  f2:0x7fc00000  f8:0xfffffd92  x5=0x00000000
     209505.000 ns	     20949	800047e0	030baa33	mulhsu	x20,x23,x16	 x23:0x00000001 x16:0x80040fe4 x20=0x00000000
     209525.000 ns	     20951	800047e4	d4cc3117	auipc	x2,0xd4cc3	  x2=0x54cc77e4
     209855.000 ns	     20984	800047e8	18e673d3	fdiv.s	f7,f12,f14	 f12:0x41b06c18 f14:0xf26c0000  f7=0x8eb06c18
     209875.000 ns	     20986	800047ec	01757733	and	x14,x10,x23	 x10:0x00000084 x23:0x00000001 x14=0x00000000
     209915.000 ns	     20990	800047f0	0057c8d3	fadd.s	f17,f15,f5	 f15:0x7fc00000  f5:0x44798000 f17=0x7fc00000
     209935.000 ns	     20992	800047f4	9cbf0e13	addi	x28,x30,-1589	 x30:0x00000000 x28=0xfffff9cb
     209945.000 ns	     20993	800047f8	da2f2313	slti	x6,x30,-606	 x30:0x00000000  x6=0x00000000
     209965.000 ns	     20995	800047fc	a0b41a53	flt.s	x20,f8,f11	  f8:0xfffffd92 f11:0x7fc00000 x20=0x00000000
     209985.000 ns	     20997	80004800	62c25e97	auipc	x29,0x62c25	 x29=0xe2c29800
     209995.000 ns	     20998	80004804	010dac33	slt	x24,x27,x16	 x27:0x0000000e x16:0x80040fe4 x24=0x00000000
     210005.000 ns	     20999	80004808	40ce5b93	srai	x23,x28,0xc	 x28:0xfffff9cb x23=0xffffffff
     210015.000 ns	     21000	8000480c	40520033	sub	x0,x4,x5	  x4:0x00000000  x5:0x00000000
     210035.000 ns	     21002	80004810	f0028853	fmv.w.x	f16,x5	  x5:0x00000000 f16=0x00000000
     210055.000 ns	     21004	80004814	895a6193	ori	x3,x20,-1899	 x20:0x00000000  x3=0xfffff895
     210065.000 ns	     21005	80004818	00c2f433	and	x8,x5,x12	  x5:0x00000000 x12:0x00000001  x8=0x00000000
     210075.000 ns	     21006	8000481c	01b01033	sll	x0,x0,x27	  x0:0x00000000 x27:0x0000000e
     210085.000 ns	     21007	80004820	2b58ce93	xori	x29,x17,693	 x17:0xffffff22 x29=0xfffffd97
     210105.000 ns	     21009	80004824	21e52553	fsgnjx.s	f10,f10,f30	 f10:0x4efffffc f30:0x7fc00000 f10=0x4efffffc
     210145.000 ns	     21013	80004828	11aeffd3	fmul.s	f31,f29,f26	 f29:0x00000000 f26:0x4efffffc f31=0x00000000
     210175.000 ns	     21016	8000482c	a01b2253	feq.s	x4,f22,f1	 f22:0x41b06c18  f1:0x41600000  x4=0x00000000
     210195.000 ns	     21018	80004830	9542ef13	ori	x30,x5,-1708	  x5:0x00000000 x30=0xfffff954
     210205.000 ns	     21019	80004834	00fedc93	srli	x25,x29,0xf	 x29:0xfffffd97 x25=0x0001ffff
     210565.000 ns	     21055	80004838	032ce433	rem	x8,x25,x18	 x25:0xbff27a94 x18:0x00000001  x8=0x00000000
     210595.000 ns	     21058	8000483c	0266fb33	remu	x22,x13,x6	 x13:0xffffffff  x6:0x00000000 x22=0xffffffff
     210965.000 ns	     21095	80004840	02d9e9b3	rem	x19,x19,x13	 x19:0x00000000 x13:0xffffffff x19=0x00000000
     211335.000 ns	     21132	80004844	035cf1b3	remu	x3,x25,x21	 x25:0x0001ffff x21:0x00000001  x3=0x00000000
     211355.000 ns	     21134	80004848	007a31b3	sltu	x3,x20,x7	 x20:0x00000000  x7:0x204f9000  x3=0x00000001
     211375.000 ns	     21136	8000484c	20088a53	fsgnj.s	f20,f17,f0	 f17:0x7fc00000  f0:0x00000000 f20=0x7fc00000
     211395.000 ns	     21138	80004850	17f98e13	addi	x28,x19,383	 x19:0x00000000 x28=0x0000017f
     211415.000 ns	     21140	80004854	2071afd3	fsgnjx.s	f31,f3,f7	  f3:0x80041024  f7:0x8eb06c18 f31=0x00041024
     211445.000 ns	     21143	80004858	a19215d3	flt.s	x11,f4,f25	  f4:0x4efffffc f25:0x80041024 x11=0x00000000
     211475.000 ns	     21146	8000485c	28478153	fmin.s	f2,f15,f4	 f15:0x7fc00000  f4:0x4efffffc  f2=0x4efffffc
     211515.000 ns	     21150	80004860	10118453	fmul.s	f8,f3,f1	  f3:0x80041024  f1:0x41600000  f8=0x8038e1f8
     211545.000 ns	     21153	80004864	02d02533	mulhsu	x10,x0,x13	  x0:0x00000000 x13:0xffffffff x10=0x00000000
     211595.000 ns	     21158	80004868	00d71753	fadd.s	f14,f14,f13	 f14:0xf26c0000 f13:0x80000000 f14=0xf26c0000
     211615.000 ns	     21160	8000486c	a3a6f113	andi	x2,x13,-1478	 x13:0xffffffff  x2=0xfffffa3a
     211635.000 ns	     21162	80004870	a1a681d3	fle.s	x3,f13,f26	 f13:0x80000000 f26:0x4efffffc  x3=0x00000001
     211655.000 ns	     21164	80004874	0135dc33	srl	x24,x11,x19	 x11:0x00000000 x19:0x00000000 x24=0x00000000
     212015.000 ns	     21200	80004878	03ff6b33	rem	x22,x30,x31	 x30:0xfffff954 x31:0x80041024 x22=0xfffff954
     212035.000 ns	     21202	8000487c	12d58937	lui	x18,0x12d58	 x18=0x12d58000
     212045.000 ns	     21203	80004880	01bcdd13	srli	x26,x25,0x1b	 x25:0x0001ffff x26=0x00000000
     212065.000 ns	     21205	80004884	02affa33	remu	x20,x31,x10	 x31:0x80041024 x10:0x00000000 x20=0x80041024
     212095.000 ns	     21208	80004888	29bc8153	fmin.s	f2,f25,f27	 f25:0x80041024 f27:0x4f00040f  f2=0x80041024
     212125.000 ns	     21211	8000488c	a1bc8753	fle.s	x14,f25,f27	 f25:0x80041024 f27:0x4f00040f x14=0x00000001
     212495.000 ns	     21248	80004890	0300eeb3	rem	x29,x1,x16	  x1:0x0000000e x16:0x80040fe4 x29=0x0000000e
     212525.000 ns	     21251	80004894	a0239bd3	flt.s	x23,f7,f2	  f7:0x8eb06c18  f2:0x80041024 x23=0x00000001
     212575.000 ns	     21256	80004898	09f50153	fsub.s	f2,f10,f31	 f10:0x4efffffc f31:0x00041024  f2=0x4efffffc
     212605.000 ns	     21259	8000489c	f00105d3	fmv.w.x	f11,x2	  x2:0xfffffa3a f11=0xfffffa3a
     212635.000 ns	     21262	800048a0	21f090d3	fsgnjn.s	f1,f1,f31	  f1:0x41600000 f31:0x00041024  f1=0xc1600000
     212665.000 ns	     21265	800048a4	a1b094d3	flt.s	x9,f1,f27	  f1:0x41600000 f27:0x4f00040f  x9=0x00000001
     212685.000 ns	     21267	800048a8	018734b3	sltu	x9,x14,x24	 x14:0x00000001 x24:0x00000000  x9=0x00000000
     212705.000 ns	     21269	800048ac	038c0533	mul	x10,x24,x24	 x24:0x00000000 x24:0x00000000 x10=0x00000000
     212735.000 ns	     21272	800048b0	a03ea1d3	feq.s	x3,f29,f3	 f29:0x00000000  f3:0x80041024  x3=0x00000000
     212755.000 ns	     21274	800048b4	418edd13	srai	x26,x29,0x18	 x29:0x0000000e x26=0x00000000
     212765.000 ns	     21275	800048b8	00e2e5b3	or	x11,x5,x14	  x5:0x00000000 x14:0x00000001 x11=0x00000001
     212785.000 ns	     21277	800048bc	0264e633	rem	x12,x9,x6	  x9:0x00000000  x6:0x00000000 x12=0x00000000
     212805.000 ns	     21279	800048c0	410c5a13	srai	x20,x24,0x10	 x24:0x00000000 x20=0x00000000
     212825.000 ns	     21281	800048c4	c0137153	fcvt.wu.s	x2,f6	  f6:0x4efffffc  x2=0x7ffffe00
     212855.000 ns	     21284	800048c8	02c9c533	div	x10,x19,x12	 x19:0x00000000 x12:0x00000000 x10=0xffffffff
     212875.000 ns	     21286	800048cc	0088ce33	xor	x28,x17,x8	 x17:0xffffff22  x8:0x00000000 x28=0xffffff22
     212885.000 ns	     21287	800048d0	e6ba8e17	auipc	x28,0xe6ba8	 x28=0x66bac8d0
     212895.000 ns	     21288	800048d4	00462f33	slt	x30,x12,x4	 x12:0x00000000  x4:0x00000000 x30=0x00000000
     212915.000 ns	     21290	800048d8	20902753	fsgnjx.s	f14,f0,f9	  f0:0x00000000  f9:0x7fc00000 f14=0x00000000
     212965.000 ns	     21295	800048dc	081d08d3	fsub.s	f17,f26,f1	 f26:0x4efffffc  f1:0xc1600000 f17=0x4efffffc
     212985.000 ns	     21297	800048e0	4094d993	srai	x19,x9,0x9	  x9:0x00000000 x19=0x00000000
     213005.000 ns	     21299	800048e4	a0562b53	feq.s	x22,f12,f5	 f12:0x41b06c18  f5:0x44798000 x22=0x00000000
     213025.000 ns	     21301	800048e8	01279e13	slli	x28,x15,0x12	 x15:0x00000001 x28=0x00040000
     213035.000 ns	     21302	800048ec	3b064293	xori	x5,x12,944	 x12:0x00000000  x5=0x000003b0
     213045.000 ns	     21303	800048f0	00788a33	add	x20,x17,x7	 x17:0xffffff22  x7:0x204f9000 x20=0x204f8f22
     213055.000 ns	     21304	800048f4	41380b33	sub	x22,x16,x19	 x16:0x80040fe4 x19:0x00000000 x22=0x80040fe4
     213065.000 ns	     21305	800048f8	2dc87497	auipc	x9,0x2dc87	  x9=0xadc8b8f8
     213095.000 ns	     21308	800048fc	186afbd3	fdiv.s	f23,f21,f6	 f21:0x7fc00000  f6:0x4efffffc f23=0x7fc00000
     213465.000 ns	     21345	80004900	03c35733	divu	x14,x6,x28	  x6:0x00000000 x28:0x00040000 x14=0x00000000
     213485.000 ns	     21347	80004904	01bf1913	slli	x18,x30,0x1b	 x30:0x00000000 x18=0x00000000
     213495.000 ns	     21348	80004908	bdbfc213	xori	x4,x31,-1061	 x31:0x80041024  x4=0x7ffbebff
     213515.000 ns	     21350	8000490c	020a3a33	mulhu	x20,x20,x0	 x20:0x204f8f22  x0:0x00000000 x20=0x00000000
     213535.000 ns	     21352	80004910	00000013	addi	x0,x0,0	  x0:0x00000000
     213545.000 ns	     21353	80004914	c65aac17	auipc	x24,0xc65aa	 x24=0x465ae914
     213565.000 ns	     21355	80004918	20c10153	fsgnj.s	f2,f2,f12	  f2:0x4efffffc f12:0x41b06c18  f2=0x4efffffc
     213585.000 ns	     21357	8000491c	61d5a293	slti	x5,x11,1565	 x11:0x00000001  x5=0x00000001
     213595.000 ns	     21358	80004920	015dda93	srli	x21,x27,0x15	 x27:0x0000000e x21=0x00000000
     213615.000 ns	     21360	80004924	d000fb53	fcvt.s.w	f22,x1	  x1:0x0000000e f22=0x41600000
     214795.000 ns	     21478	80004928	58037753	fsqrt.s	f14,f6	  f6:0x4efffffc f14=0x473504aa
     214815.000 ns	     21480	8000492c	419a0333	sub	x6,x20,x25	 x20:0x00000000 x25:0x0001ffff  x6=0xfffe0001
     214825.000 ns	     21481	80004930	40470b33	sub	x22,x14,x4	 x14:0x00000000  x4:0x7ffbebff x22=0x80041401
     214835.000 ns	     21482	80004934	01aed493	srli	x9,x29,0x1a	 x29:0x0000000e  x9=0x00000000
     215195.000 ns	     21518	80004938	02ff4633	div	x12,x30,x15	 x30:0x00000000 x15:0x00000001 x12=0x00000000
     215215.000 ns	     21520	8000493c	00d786b3	add	x13,x15,x13	 x15:0x00000001 x13:0xffffffff x13=0x00000000
     215235.000 ns	     21522	80004940	e00204d3	fmv.x.w	x9,f4	  f4:0x4efffffc  x9=0x4efffffc
     215255.000 ns	     21524	80004944	d31dfc13	andi	x24,x27,-719	 x27:0x0000000e x24=0x00000000
     215265.000 ns	     21525	80004948	01da5633	srl	x12,x20,x29	 x20:0x00000000 x29:0x0000000e x12=0x00000000
     215275.000 ns	     21526	8000494c	699dbd13	sltiu	x26,x27,1689	 x27:0x0000000e x26=0x00000001
     215295.000 ns	     21528	80004950	0336d033	divu	x0,x13,x19	 x13:0x00000000 x19:0x00000000
     215315.000 ns	     21530	80004954	00e304b3	add	x9,x6,x14	  x6:0xfffe0001 x14:0x00000000  x9=0xfffe0001
     215325.000 ns	     21531	80004958	0024ed33	or	x26,x9,x2	  x9:0x4efffffc  x2:0x7ffffe00 x26=0xfffffe01
     215335.000 ns	     21532	8000495c	376f3217	auipc	x4,0x376f3	  x4=0xb76f795c
     215355.000 ns	     21534	80004960	e0001b53	fclass.s	x22,f0	  f0:0x00000000 x22=0x00000010
     215375.000 ns	     21536	80004964	75b32313	slti	x6,x6,1883	  x6:0xfffe0001  x6=0x00000001
     215415.000 ns	     21540	80004968	007b41d3	fadd.s	f3,f22,f7	 f22:0x41600000  f7:0x8eb06c18  f3=0x41600000
     215435.000 ns	     21542	8000496c	c380ba93	sltiu	x21,x1,-968	  x1:0x0000000e x21=0x00000001
     215455.000 ns	     21544	80004970	202b01d3	fsgnj.s	f3,f22,f2	 f22:0x41600000  f2:0x4efffffc  f3=0x41600000
     215475.000 ns	     21546	80004974	001e74b3	and	x9,x28,x1	 x28:0x00040000  x1:0x0000000e  x9=0x00000000
     215485.000 ns	     21547	80004978	01abb533	sltu	x10,x23,x26	 x23:0x00000001 x26:0xfffffe01 x10=0x00000001
     216655.000 ns	     21664	8000497c	58024cd3	fsqrt.s	f25,f4	  f4:0x4efffffc f25=0x473504aa
     216685.000 ns	     21667	80004980	c00b0953	fcvt.w.s	x18,f22	 f22:0x41600000 x18=0x0000000e
     216715.000 ns	     21670	80004984	c003b353	fcvt.w.s	x6,f7	  f7:0x8eb06c18  x6=0x00000000
     216735.000 ns	     21672	80004988	4097d633	sra	x12,x15,x9	 x15:0x00000001  x9:0x00000000 x12=0x00000001
     216755.000 ns	     21674	8000498c	28811f53	fmax.s	f30,f2,f8	  f2:0x4efffffc  f8:0x8038e1f8 f30=0x4efffffc
     216775.000 ns	     21676	80004990	4025db33	sra	x22,x11,x2	 x11:0x00000001  x2:0x7ffffe00 x22=0x00000001
     216785.000 ns	     21677	80004994	015f8533	add	x10,x31,x21	 x31:0x80041024 x21:0x00000001 x10=0x80041025
     216825.000 ns	     21681	80004998	01bff653	fadd.s	f12,f31,f27	 f31:0x00041024 f27:0x4f00040f f12=0x4f00040f
     216845.000 ns	     21683	8000499c	00c5c233	xor	x4,x11,x12	 x11:0x00000001 x12:0x00000001  x4=0x00000000
     216855.000 ns	     21684	800049a0	0006d413	srli	x8,x13,0x0	 x13:0x00000000  x8=0x00000000
     216875.000 ns	     21686	800049a4	020cda33	divu	x20,x25,x0	 x25:0x0001ffff  x0:0x00000000 x20=0xffffffff
     217245.000 ns	     21723	800049a8	0251fcb3	remu	x25,x3,x5	  x3:0x00000000  x5:0x00000001 x25=0x00000000
     217265.000 ns	     21725	800049ac	bac43193	sltiu	x3,x8,-1108	  x8:0x00000000  x3=0x00000001
     217275.000 ns	     21726	800049b0	40d1d8b3	sra	x17,x3,x13	  x3:0x00000000 x13:0x00000000 x17=0x00000001
     217285.000 ns	     21727	800049b4	ae91fb93	andi	x23,x3,-1303	  x3:0x00000000 x23=0x00000001
     217305.000 ns	     21729	800049b8	2094a153	fsgnjx.s	f2,f9,f9	  f9:0x7fc00000  f9:0x7fc00000  f2=0x7fc00000
     217335.000 ns	     21732	800049bc	d01bf8d3	fcvt.s.wu	f17,x23	 x23:0x00000001 f17=0x3f800000
     217365.000 ns	     21735	800049c0	0332b8b3	mulhu	x17,x5,x19	  x5:0x00000001 x19:0x00000000 x17=0x00000000
     217395.000 ns	     21738	800049c4	d016ff53	fcvt.s.wu	f30,x13	 x13:0x00000000 f30=0x00000000
     217425.000 ns	     21741	800049c8	02772533	mulhsu	x10,x14,x7	 x14:0x00000000  x7:0x204f9000 x10=0x00000000
     217465.000 ns	     21745	800049cc	1824c253	fdiv.s	f4,f9,f2	  f9:0x7fc00000  f2:0x7fc00000  f4=0x7fc00000
     217485.000 ns	     21747	800049d0	4098d733	sra	x14,x17,x9	 x17:0x00000000  x9:0x00000000 x14=0x00000000
     217495.000 ns	     21748	800049d4	01502633	slt	x12,x0,x21	  x0:0x00000000 x21:0x00000001 x12=0x00000001
     218665.000 ns	     21865	800049d8	580b75d3	fsqrt.s	f11,f22	 f22:0x41600000 f11=0x401e6453
     218695.000 ns	     21868	800049dc	20272253	fsgnjx.s	f4,f14,f2	 f14:0x473504aa  f2:0x7fc00000  f4=0x473504aa
     218715.000 ns	     21870	800049e0	f34d7b93	andi	x23,x26,-204	 x26:0xfffffe01 x23=0xfffffe00
     218725.000 ns	     21871	800049e4	00351393	slli	x7,x10,0x3	 x10:0x00000000  x7=0x00000000
     218735.000 ns	     21872	800049e8	41438133	sub	x2,x7,x20	  x7:0x204f9000 x20:0xffffffff  x2=0x00000001
     219095.000 ns	     21908	800049ec	022e63b3	rem	x7,x28,x2	 x28:0x00040000  x2:0x7ffffe00  x7=0x00000000
     219115.000 ns	     21910	800049f0	01a65a33	srl	x20,x12,x26	 x12:0x00000001 x26:0xfffffe01 x20=0x00000000
     219155.000 ns	     21914	800049f4	00afcf53	fadd.s	f30,f31,f10	 f31:0x00041024 f10:0x4efffffc f30=0x4efffffc
     219185.000 ns	     21917	800049f8	02db3bb3	mulhu	x23,x22,x13	 x22:0x00000001 x13:0x00000000 x23=0x00000000
     219205.000 ns	     21919	800049fc	b0513093	sltiu	x1,x2,-1275	  x2:0x00000001  x1=0x00000001
     219225.000 ns	     21921	80004a00	020662b3	rem	x5,x12,x0	 x12:0x00000001  x0:0x00000000  x5=0x00000001
     219245.000 ns	     21923	80004a04	09833c13	sltiu	x24,x6,152	  x6:0x00000000 x24=0x00000001
     219255.000 ns	     21924	80004a08	7718ae13	slti	x28,x17,1905	 x17:0x00000000 x28=0x00000001
     219265.000 ns	     21925	80004a0c	018b9c33	sll	x24,x23,x24	 x23:0x00000000 x24:0x00000000 x24=0x00000000
     219285.000 ns	     21927	80004a10	0389e2b3	rem	x5,x19,x24	 x19:0x00000000 x24:0x00000001  x5=0x00000000
     219305.000 ns	     21929	80004a14	00438ab3	add	x21,x7,x4	  x7:0x00000000  x4:0x00000000 x21=0x00000000
     219325.000 ns	     21931	80004a18	e00180d3	fmv.x.w	x1,f3	  f3:0x41600000  x1=0x41600000
     219345.000 ns	     21933	80004a1c	019d1133	sll	x2,x26,x25	 x26:0xfffffe01 x25:0x00000000  x2=0xfffffe01
     219365.000 ns	     21935	80004a20	c010f6d3	fcvt.wu.s	x13,f1	  f1:0xc1600000 x13=0x0000000e
     219395.000 ns	     21938	80004a24	e00d9553	fclass.s	x10,f27	 f27:0x4f00040f x10=0x00000040
     219425.000 ns	     21941	80004a28	21d50f53	fsgnj.s	f30,f10,f29	 f10:0x4efffffc f29:0x00000000 f30=0x4efffffc
     219455.000 ns	     21944	80004a2c	c01a7453	fcvt.wu.s	x8,f20	 f20:0x7fc00000  x8=0xffffffff
     219495.000 ns	     21948	80004a30	107188d3	fmul.s	f17,f3,f7	  f3:0x41600000  f7:0x8eb06c18 f17=0x909a5e95
     219525.000 ns	     21951	80004a34	a0550a53	fle.s	x20,f10,f5	 f10:0x4efffffc  f5:0x44798000 x20=0x00000000
     219895.000 ns	     21988	80004a38	032469b3	rem	x19,x8,x18	  x8:0xffffffff x18:0x0000000e x19=0xffffffff
     219915.000 ns	     21990	80004a3c	0092c6b3	xor	x13,x5,x9	  x5:0x00000000  x9:0x00000000 x13=0x00000000
     219925.000 ns	     21991	80004a40	07dcc693	xori	x13,x25,125	 x25:0x00000000 x13=0x0000007d
     219935.000 ns	     21992	80004a44	0030d5b3	srl	x11,x1,x3	  x1:0x41600000  x3:0x00000001 x11=0x20b00000
     219945.000 ns	     21993	80004a48	404e04b3	sub	x9,x28,x4	 x28:0x00000001  x4:0x00000000  x9=0x00000001
     219965.000 ns	     21995	80004a4c	28978253	fmin.s	f4,f15,f9	 f15:0x7fc00000  f9:0x7fc00000  f4=0x7fc00000
     219995.000 ns	     21998	80004a50	031b7933	remu	x18,x22,x17	 x22:0x00000001 x17:0x00000000 x18=0x00000001
     220025.000 ns	     22001	80004a54	a17e00d3	fle.s	x1,f28,f23	 f28:0x7fc00000 f23:0x7fc00000  x1=0x00000000
     220045.000 ns	     22003	80004a58	00d5ae33	slt	x28,x11,x13	 x11:0x20b00000 x13:0x0000007d x28=0x00000000
     220055.000 ns	     22004	80004a5c	350c3313	sltiu	x6,x24,848	 x24:0x00000000  x6=0x00000001
     220065.000 ns	     22005	80004a60	00acc633	xor	x12,x25,x10	 x25:0x00000000 x10:0x00000040 x12=0x00000040
     220085.000 ns	     22007	80004a64	03cc8c33	mul	x24,x25,x28	 x25:0x00000000 x28:0x00000000 x24=0x00000000
     220105.000 ns	     22009	80004a68	40ecde33	sra	x28,x25,x14	 x25:0x00000000 x14:0x00000000 x28=0x00000000
     220135.000 ns	     22012	80004a6c	5803f853	fsqrt.s	f16,f7	  f7:0x8eb06c18 f16=0x7fc00000
     220155.000 ns	     22014	80004a70	b38c0313	addi	x6,x24,-1224	 x24:0x00000000  x6=0xfffffb38
     220175.000 ns	     22016	80004a74	a0d881d3	fle.s	x3,f17,f13	 f17:0x909a5e95 f13:0x80000000  x3=0x00000001
     220195.000 ns	     22018	80004a78	0153c933	xor	x18,x7,x21	  x7:0x00000000 x21:0x00000000 x18=0x00000000
     220215.000 ns	     22020	80004a7c	204986d3	fsgnj.s	f13,f19,f4	 f19:0x42800000  f4:0x7fc00000 f13=0x42800000
     220235.000 ns	     22022	80004a80	008f1413	slli	x8,x30,0x8	 x30:0x00000000  x8=0x00000000
     220255.000 ns	     22024	80004a84	f00c09d3	fmv.w.x	f19,x24	 x24:0x00000000 f19=0x00000000
     220275.000 ns	     22026	80004a88	95c0e497	auipc	x9,0x95c0e	  x9=0x15c12a88
     220285.000 ns	     22027	80004a8c	0189e633	or	x12,x19,x24	 x19:0xffffffff x24:0x00000000 x12=0xffffffff
     220305.000 ns	     22029	80004a90	02be17b3	mulh	x15,x28,x11	 x28:0x00000000 x11:0x20b00000 x15=0x00000000
     220335.000 ns	     22032	80004a94	f0098553	fmv.w.x	f10,x19	 x19:0xffffffff f10=0xffffffff
     220365.000 ns	     22035	80004a98	20078b53	fsgnj.s	f22,f15,f0	 f15:0x7fc00000  f0:0x00000000 f22=0x7fc00000
     220395.000 ns	     22038	80004a9c	20691c53	fsgnjn.s	f24,f18,f6	 f18:0x7fc00000  f6:0x4efffffc f24=0xffc00000
     220425.000 ns	     22041	80004aa0	0284bc33	mulhu	x24,x9,x8	  x9:0x15c12a88  x8:0x00000000 x24=0x00000000
     220445.000 ns	     22043	80004aa4	00000013	addi	x0,x0,0	  x0:0x00000000
     220465.000 ns	     22045	80004aa8	03929133	mulh	x2,x5,x25	  x5:0x00000000 x25:0x00000000  x2=0x00000000
     220495.000 ns	     22048	80004aac	0208e533	rem	x10,x17,x0	 x17:0x00000000  x0:0x00000000 x10=0x00000000
     220525.000 ns	     22051	80004ab0	d0114153	fcvt.s.wu	f2,x2	  x2:0x00000000  f2=0x00000000
     220545.000 ns	     22053	80004ab4	00f41933	sll	x18,x8,x15	  x8:0x00000000 x15:0x00000000 x18=0x00000000
     220565.000 ns	     22055	80004ab8	02b797b3	mulh	x15,x15,x11	 x15:0x00000000 x11:0x20b00000 x15=0x00000000
     220585.000 ns	     22057	80004abc	29cd3713	sltiu	x14,x26,668	 x26:0xfffffe01 x14=0x00000000
     220595.000 ns	     22058	80004ac0	5c7ea213	slti	x4,x29,1479	 x29:0x0000000e  x4=0x00000001
     220615.000 ns	     22060	80004ac4	209924d3	fsgnjx.s	f9,f18,f9	 f18:0x7fc00000  f9:0x7fc00000  f9=0x7fc00000
     220635.000 ns	     22062	80004ac8	72303913	sltiu	x18,x0,1827	  x0:0x00000000 x18=0x00000001
     220655.000 ns	     22064	80004acc	c00e7ed3	fcvt.w.s	x29,f28	 f28:0x7fc00000 x29=0x7fffffff
     220675.000 ns	     22066	80004ad0	da7fa113	slti	x2,x31,-601	 x31:0x80041024  x2=0x00000001
     220695.000 ns	     22068	80004ad4	287b8053	fmin.s	f0,f23,f7	 f23:0x7fc00000  f7:0x8eb06c18  f0=0x8eb06c18
     220725.000 ns	     22071	80004ad8	a14a07d3	fle.s	x15,f20,f20	 f20:0x7fc00000 f20:0x7fc00000 x15=0x00000000
     220755.000 ns	     22074	80004adc	0352a333	mulhsu	x6,x5,x21	  x5:0x00000000 x21:0x00000000  x6=0x00000000
     220785.000 ns	     22077	80004ae0	e00e97d3	fclass.s	x15,f29	 f29:0x00000000 x15=0x00000010
     220805.000 ns	     22079	80004ae4	31ede117	auipc	x2,0x31ede	  x2=0xb1ee2ae4
     220815.000 ns	     22080	80004ae8	a2d0e917	auipc	x18,0xa2d0e	 x18=0x22d12ae8
     220825.000 ns	     22081	80004aec	71083193	sltiu	x3,x16,1808	 x16:0x80040fe4  x3=0x00000000
     220835.000 ns	     22082	80004af0	95133e93	sltiu	x29,x6,-1711	  x6:0x00000000 x29=0x00000001
     220845.000 ns	     22083	80004af4	017499b3	sll	x19,x9,x23	  x9:0x15c12a88 x23:0x00000000 x19=0x15c12a88
     220855.000 ns	     22084	80004af8	ca5c7393	andi	x7,x24,-859	 x24:0x00000000  x7=0x00000000
     220865.000 ns	     22085	80004afc	0084f9b3	and	x19,x9,x8	  x9:0x15c12a88  x8:0x00000000 x19=0x00000000
     220875.000 ns	     22086	80004b00	40316093	ori	x1,x2,1027	  x2:0xb1ee2ae4  x1=0xb1ee2ee7
     220905.000 ns	     22089	80004b04	18fd7ad3	fdiv.s	f21,f26,f15	 f26:0x4efffffc f15:0x7fc00000 f21=0x7fc00000
     220935.000 ns	     22092	80004b08	02dc84b3	mul	x9,x25,x13	 x25:0x00000000 x13:0x0000007d  x9=0x00000000
     220955.000 ns	     22094	80004b0c	07057413	andi	x8,x10,112	 x10:0x00000000  x8=0x00000000
     220965.000 ns	     22095	80004b10	01fe25b3	slt	x11,x28,x31	 x28:0x00000000 x31:0x80041024 x11=0x00000000
     220985.000 ns	     22097	80004b14	e00900d3	fmv.x.w	x1,f18	 f18:0x7fc00000  x1=0x7fc00000
     221005.000 ns	     22099	80004b18	00172c13	slti	x24,x14,1	 x14:0x00000000 x24=0x00000001
     221025.000 ns	     22101	80004b1c	a02b1153	flt.s	x2,f22,f2	 f22:0x7fc00000  f2:0x00000000  x2=0x00000000
     221075.000 ns	     22106	80004b20	09673453	fsub.s	f8,f14,f22	 f14:0x473504aa f22:0x7fc00000  f8=0x7fc00000
     221105.000 ns	     22109	80004b24	a10125d3	feq.s	x11,f2,f16	  f2:0x00000000 f16:0x7fc00000 x11=0x00000000
     221125.000 ns	     22111	80004b28	ddf87c17	auipc	x24,0xddf87	 x24=0x5df8bb28
     221145.000 ns	     22113	80004b2c	a08b8cd3	fle.s	x25,f23,f8	 f23:0x7fc00000  f8:0x7fc00000 x25=0x00000000
     221175.000 ns	     22116	80004b30	03301eb3	mulh	x29,x0,x19	  x0:0x00000000 x19:0x00000000 x29=0x00000000
     221205.000 ns	     22119	80004b34	f00d8ad3	fmv.w.x	f21,x27	 x27:0x0000000e f21=0x0000000e
     221235.000 ns	     22122	80004b38	d0070ed3	fcvt.s.w	f29,x14	 x14:0x00000000 f29=0x00000000
     221265.000 ns	     22125	80004b3c	020448b3	div	x17,x8,x0	  x8:0x00000000  x0:0x00000000 x17=0xffffffff
     221295.000 ns	     22128	80004b40	204f8d53	fsgnj.s	f26,f31,f4	 f31:0x00041024  f4:0x7fc00000 f26=0x00041024
     221315.000 ns	     22130	80004b44	016ec8b3	xor	x17,x29,x22	 x29:0x00000000 x22:0x00000001 x17=0x00000001
     221335.000 ns	     22132	80004b48	28341dd3	fmax.s	f27,f8,f3	  f8:0x7fc00000  f3:0x41600000 f27=0x41600000
     221365.000 ns	     22135	80004b4c	a05aa2d3	feq.s	x5,f21,f5	 f21:0x0000000e  f5:0x44798000  x5=0x00000000
     221395.000 ns	     22138	80004b50	d0097bd3	fcvt.s.w	f23,x18	 x18:0x22d12ae8 f23=0x4e0b44ab
     221415.000 ns	     22140	80004b54	d8a8a993	slti	x19,x17,-630	 x17:0x00000001 x19=0x00000000
     221425.000 ns	     22141	80004b58	342f7237	lui	x4,0x342f7	  x4=0x342f7000
     221435.000 ns	     22142	80004b5c	17dd6193	ori	x3,x26,381	 x26:0xfffffe01  x3=0xffffff7d
     221445.000 ns	     22143	80004b60	066d8b93	addi	x23,x27,102	 x27:0x0000000e x23=0x00000074
     221465.000 ns	     22145	80004b64	a12113d3	flt.s	x7,f2,f18	  f2:0x00000000 f18:0x7fc00000  x7=0x00000000
     221485.000 ns	     22147	80004b68	30122193	slti	x3,x4,769	  x4:0x342f7000  x3=0x00000000
     221505.000 ns	     22149	80004b6c	e0041153	fclass.s	x2,f8	  f8:0x7fc00000  x2=0x00000200
     221525.000 ns	     22151	80004b70	5b564793	xori	x15,x12,1461	 x12:0xffffffff x15=0xfffffa4a
     221535.000 ns	     22152	80004b74	003e66b3	or	x13,x28,x3	 x28:0x00000000  x3:0x00000000 x13=0x00000000
     221545.000 ns	     22153	80004b78	521de293	ori	x5,x27,1313	 x27:0x0000000e  x5=0x0000052f
     221565.000 ns	     22155	80004b7c	c016f553	fcvt.wu.s	x10,f13	 f13:0x42800000 x10=0x00000040
     221585.000 ns	     22157	80004b80	41635ab3	sra	x21,x6,x22	  x6:0x00000000 x22:0x00000001 x21=0x00000000
     221595.000 ns	     22158	80004b84	41e383b3	sub	x7,x7,x30	  x7:0x00000000 x30:0x00000000  x7=0x00000000
     221605.000 ns	     22159	80004b88	411b5a13	srai	x20,x22,0x11	 x22:0x00000001 x20=0x00000000
     221615.000 ns	     22160	80004b8c	01cec133	xor	x2,x29,x28	 x29:0x00000000 x28:0x00000000  x2=0x00000000
     221625.000 ns	     22161	80004b90	d910e013	ori	x0,x1,-623	  x1:0x7fc00000
     221645.000 ns	     22163	80004b94	e0080c53	fmv.x.w	x24,f16	 f16:0x7fc00000 x24=0x7fc00000
     221985.000 ns	     22197	80004b98	18030ad3	fdiv.s	f21,f6,f0	  f6:0x4efffffc  f0:0x8eb06c18 f21=0xff800000
     222015.000 ns	     22200	80004b9c	28ac1d53	fmax.s	f26,f24,f10	 f24:0xffc00000 f10:0xffffffff f26=0x7fc00000
     222045.000 ns	     22203	80004ba0	0206a033	mulhsu	x0,x13,x0	 x13:0x00000000  x0:0x00000000
     222065.000 ns	     22205	80004ba4	f5223093	sltiu	x1,x4,-174	  x4:0x342f7000  x1=0x00000001
     222085.000 ns	     22207	80004ba8	212da1d3	fsgnjx.s	f3,f27,f18	 f27:0x41600000 f18:0x7fc00000  f3=0x41600000
     222115.000 ns	     22210	80004bac	d01dfa53	fcvt.s.wu	f20,x27	 x27:0x0000000e f20=0x41600000
     222135.000 ns	     22212	80004bb0	01a05233	srl	x4,x0,x26	  x0:0x00000000 x26:0xfffffe01  x4=0x00000000
     222155.000 ns	     22214	80004bb4	f00d8d53	fmv.w.x	f26,x27	 x27:0x0000000e f26=0x0000000e
     222205.000 ns	     22219	80004bb8	0828f7d3	fsub.s	f15,f17,f2	 f17:0x909a5e95  f2:0x00000000 f15=0x909a5e95
     222225.000 ns	     22221	80004bbc	007083b3	add	x7,x1,x7	  x1:0x00000001  x7:0x00000000  x7=0x00000001
     222265.000 ns	     22225	80004bc0	00f70b53	fadd.s	f22,f14,f15	 f14:0x473504aa f15:0x909a5e95 f22=0x473504aa
     222295.000 ns	     22228	80004bc4	21b32753	fsgnjx.s	f14,f6,f27	  f6:0x4efffffc f27:0x41600000 f14=0x4efffffc
     222315.000 ns	     22230	80004bc8	9694ae17	auipc	x28,0x9694a	 x28=0x1694ebc8
     222345.000 ns	     22233	80004bcc	58017353	fsqrt.s	f6,f2	  f2:0x00000000  f6=0x00000000
     222365.000 ns	     22235	80004bd0	0184c233	xor	x4,x9,x24	  x9:0x00000000 x24:0x7fc00000  x4=0x7fc00000
     222375.000 ns	     22236	80004bd4	013cb4b3	sltu	x9,x25,x19	 x25:0x00000000 x19:0x00000000  x9=0x00000000
     222395.000 ns	     22238	80004bd8	a15c0b53	fle.s	x22,f24,f21	 f24:0xffc00000 f21:0xff800000 x22=0x00000000
     222425.000 ns	     22241	80004bdc	294a1ed3	fmax.s	f29,f20,f20	 f20:0x41600000 f20:0x41600000 f29=0x41600000
     222445.000 ns	     22243	80004be0	01ded613	srli	x12,x29,0x1d	 x29:0x00000000 x12=0x00000000
     222465.000 ns	     22245	80004be4	a1639d53	flt.s	x26,f7,f22	  f7:0x8eb06c18 f22:0x473504aa x26=0x00000001
     222495.000 ns	     22248	80004be8	d01b71d3	fcvt.s.wu	f3,x22	 x22:0x00000000  f3=0x00000000
     222525.000 ns	     22251	80004bec	c018f6d3	fcvt.wu.s	x13,f17	 f17:0x909a5e95 x13=0x00000000
     222555.000 ns	     22254	80004bf0	21741ed3	fsgnjn.s	f29,f8,f23	  f8:0x7fc00000 f23:0x4e0b44ab f29=0xffc00000
     222575.000 ns	     22256	80004bf4	00000013	addi	x0,x0,0	  x0:0x00000000
     222585.000 ns	     22257	80004bf8	b66ca997	auipc	x19,0xb66ca	 x19=0x366cebf8
     222595.000 ns	     22258	80004bfc	01981ab3	sll	x21,x16,x25	 x16:0x80040fe4 x25:0x00000000 x21=0x80040fe4
     222625.000 ns	     22261	80004c00	5804a3d3	fsqrt.s	f7,f9	  f9:0x7fc00000  f7=0x7fc00000
     222645.000 ns	     22263	80004c04	000aee33	or	x28,x21,x0	 x21:0x00000000  x0:0x00000000 x28=0x80040fe4
     222655.000 ns	     22264	80004c08	d48c3f37	lui	x30,0xd48c3	 x30=0xd48c3000
     222665.000 ns	     22265	80004c0c	75bafd13	andi	x26,x21,1883	 x21:0x80040fe4 x26=0x00000740
     222675.000 ns	     22266	80004c10	0134b6b3	sltu	x13,x9,x19	  x9:0x00000000 x19:0x366cebf8 x13=0x00000001
     222685.000 ns	     22267	80004c14	01dc2b33	slt	x22,x24,x29	 x24:0x7fc00000 x29:0x00000000 x22=0x00000000
     222695.000 ns	     22268	80004c18	7e26c693	xori	x13,x13,2018	 x13:0x00000000 x13=0x000007e3
     222715.000 ns	     22270	80004c1c	f00e8f53	fmv.w.x	f30,x29	 x29:0x00000000 f30=0x00000000
     222755.000 ns	     22274	80004c20	580e24d3	fsqrt.s	f9,f28	 f28:0x7fc00000  f9=0x7fc00000
     222785.000 ns	     22277	80004c24	029af1b3	remu	x3,x21,x9	 x21:0x80040fe4  x9:0x00000000  x3=0x80040fe4
     222815.000 ns	     22280	80004c28	d00df653	fcvt.s.w	f12,x27	 x27:0x0000000e f12=0x41600000
     222835.000 ns	     22282	80004c2c	01581493	slli	x9,x16,0x15	 x16:0x80040fe4  x9=0xfc800000
     222855.000 ns	     22284	80004c30	c00b7b53	fcvt.w.s	x22,f22	 f22:0x473504aa x22=0x0000b504
     222885.000 ns	     22287	80004c34	a0902c53	feq.s	x24,f0,f9	  f0:0x8eb06c18  f9:0x7fc00000 x24=0x00000000
     222925.000 ns	     22291	80004c38	10587cd3	fmul.s	f25,f16,f5	 f16:0x7fc00000  f5:0x44798000 f25=0x7fc00000
     222955.000 ns	     22294	80004c3c	a0411cd3	flt.s	x25,f2,f4	  f2:0x00000000  f4:0x7fc00000 x25=0x00000000
     222985.000 ns	     22297	80004c40	03fd15b3	mulh	x11,x26,x31	 x26:0x00000740 x31:0x80041024 x11=0xfffffc60
     223355.000 ns	     22334	80004c44	03525d33	divu	x26,x4,x21	  x4:0x7fc00000 x21:0x80040fe4 x26=0x00000000
     223375.000 ns	     22336	80004c48	00650cb3	add	x25,x10,x6	 x10:0x00000040  x6:0x00000000 x25=0x00000040
     223395.000 ns	     22338	80004c4c	033a9eb3	mulh	x29,x21,x19	 x21:0x80040fe4 x19:0x366cebf8 x29=0xe4ca6718
     223415.000 ns	     22340	80004c50	40dcd313	srai	x6,x25,0xd	 x25:0x00000000  x6=0x00000000
     223435.000 ns	     22342	80004c54	038e2433	mulhsu	x8,x28,x24	 x28:0x80040fe4 x24:0x00000000  x8=0x00000000
     223465.000 ns	     22345	80004c58	d00cccd3	fcvt.s.w	f25,x25	 x25:0x00000040 f25=0x42800000
     223485.000 ns	     22347	80004c5c	41ea5493	srai	x9,x20,0x1e	 x20:0x00000000  x9=0x00000000
     223505.000 ns	     22349	80004c60	02d49533	mulh	x10,x9,x13	  x9:0xfc800000 x13:0x000007e3 x10=0x00000000
     223535.000 ns	     22352	80004c64	c01f9ed3	fcvt.wu.s	x29,f31	 f31:0x00041024 x29=0x00000000
     223565.000 ns	     22355	80004c68	e00c0bd3	fmv.x.w	x23,f24	 f24:0xffc00000 x23=0xffc00000
     223935.000 ns	     22392	80004c6c	02df6433	rem	x8,x30,x13	 x30:0xd48c3000 x13:0x000007e3  x8=0xfffff916
     223955.000 ns	     22394	80004c70	00d7c2b3	xor	x5,x15,x13	 x15:0xfffffa4a x13:0x000007e3  x5=0xfffffda9
     223965.000 ns	     22395	80004c74	af1c2eb7	lui	x29,0xaf1c2	 x29=0xaf1c2000
     225135.000 ns	     22512	80004c78	580d7f53	fsqrt.s	f30,f26	 f26:0x0000000e f30=0x1f350497
     225155.000 ns	     22514	80004c7c	00a757b3	srl	x15,x14,x10	 x14:0x00000000 x10:0x00000000 x15=0x00000000
     225165.000 ns	     22515	80004c80	01165f33	srl	x30,x12,x17	 x12:0x00000000 x17:0x00000001 x30=0x00000000
     225175.000 ns	     22516	80004c84	91288793	addi	x15,x17,-1774	 x17:0x00000001 x15=0xfffff913
     225195.000 ns	     22518	80004c88	d0097453	fcvt.s.w	f8,x18	 x18:0x22d12ae8  f8=0x4e0b44ab
     225215.000 ns	     22520	80004c8c	00000013	addi	x0,x0,0	  x0:0x00000000
     225225.000 ns	     22521	80004c90	4ed8b893	sltiu	x17,x17,1261	 x17:0x00000001 x17=0x00000001
     225245.000 ns	     22523	80004c94	c0050bd3	fcvt.w.s	x23,f10	 f10:0xffffffff x23=0x7fffffff
     225265.000 ns	     22525	80004c98	0141f533	and	x10,x3,x20	  x3:0x80040fe4 x20:0x00000000 x10=0x00000000
     225275.000 ns	     22526	80004c9c	ffb33913	sltiu	x18,x6,-5	  x6:0x00000000 x18=0x00000001
     225285.000 ns	     22527	80004ca0	01fde633	or	x12,x27,x31	 x27:0x0000000e x31:0x80041024 x12=0x8004102e
     225295.000 ns	     22528	80004ca4	a4daf417	auipc	x8,0xa4daf	  x8=0x24db3ca4
     225655.000 ns	     22564	80004ca8	0365c133	div	x2,x11,x22	 x11:0xfffffc60 x22:0x0000b504  x2=0x00000000
     225685.000 ns	     22567	80004cac	a04d0653	fle.s	x12,f26,f4	 f26:0x0000000e  f4:0x7fc00000 x12=0x00000000
     225715.000 ns	     22570	80004cb0	c00e98d3	fcvt.w.s	x17,f29	 f29:0xffc00000 x17=0x7fffffff
     225755.000 ns	     22574	80004cb4	19078c53	fdiv.s	f24,f15,f16	 f15:0x909a5e95 f16:0x7fc00000 f24=0x7fc00000
     225785.000 ns	     22577	80004cb8	c00cb153	fcvt.w.s	x2,f25	 f25:0x42800000  x2=0x00000040
     225815.000 ns	     22580	80004cbc	d0147353	fcvt.s.wu	f6,x8	  x8:0x24db3ca4  f6=0x4e136cf2
     225835.000 ns	     22582	80004cc0	00000013	addi	x0,x0,0	  x0:0x00000000
     225855.000 ns	     22584	80004cc4	20ff23d3	fsgnjx.s	f7,f30,f15	 f30:0x1f350497 f15:0x909a5e95  f7=0x9f350497
     225905.000 ns	     22589	80004cc8	08117f53	fsub.s	f30,f2,f1	  f2:0x00000000  f1:0xc1600000 f30=0x41600000
     225925.000 ns	     22591	80004ccc	00000013	addi	x0,x0,0	  x0:0x00000000
     225935.000 ns	     22592	80004cd0	318af693	andi	x13,x21,792	 x21:0x80040fe4 x13=0x00000300
     225955.000 ns	     22594	80004cd4	c01cf4d3	fcvt.wu.s	x9,f25	 f25:0x42800000  x9=0x00000040
     225985.000 ns	     22597	80004cd8	f00e8253	fmv.w.x	f4,x29	 x29:0xaf1c2000  f4=0xaf1c2000
     226035.000 ns	     22602	80004cdc	08d818d3	fsub.s	f17,f16,f13	 f16:0x7fc00000 f13:0x42800000 f17=0x7fc00000
     226055.000 ns	     22604	80004ce0	e7ed2397	auipc	x7,0xe7ed2	  x7=0x67ed6ce0
     226065.000 ns	     22605	80004ce4	017ffeb3	and	x29,x31,x23	 x31:0x80041024 x23:0x7fffffff x29=0x00041024
     226085.000 ns	     22607	80004ce8	020fc3b3	div	x7,x31,x0	 x31:0x80041024  x0:0x00000000  x7=0xffffffff
     226135.000 ns	     22612	80004cec	09381053	fsub.s	f0,f16,f19	 f16:0x7fc00000 f19:0x00000000  f0=0x7fc00000
     226155.000 ns	     22614	80004cf0	b7251937	lui	x18,0xb7251	 x18=0xb7251000
     226175.000 ns	     22616	80004cf4	e00b0e53	fmv.x.w	x28,f22	 f22:0x473504aa x28=0x473504aa
     226195.000 ns	     22618	80004cf8	41cddb13	srai	x22,x27,0x1c	 x27:0x0000000e x22=0x00000000
     226215.000 ns	     22620	80004cfc	e00912d3	fclass.s	x5,f18	 f18:0x7fc00000  x5=0x00000200
     226245.000 ns	     22623	80004d00	0369a533	mulhsu	x10,x19,x22	 x19:0x366cebf8 x22:0x0000b504 x10=0x00000000
     226275.000 ns	     22626	80004d04	29e11b53	fmax.s	f22,f2,f30	  f2:0x00000000 f30:0x41600000 f22=0x41600000
     226295.000 ns	     22628	80004d08	4057de33	sra	x28,x15,x5	 x15:0xfffff913  x5:0x00000200 x28=0xfffff913
     226305.000 ns	     22629	80004d0c	01091893	slli	x17,x18,0x10	 x18:0xb7251000 x17=0x10000000
     226315.000 ns	     22630	80004d10	009bf733	and	x14,x23,x9	 x23:0x7fffffff  x9:0x00000040 x14=0x00000040
     226325.000 ns	     22631	80004d14	00c4d733	srl	x14,x9,x12	  x9:0x00000040 x12:0x00000000 x14=0x00000040
     226335.000 ns	     22632	80004d18	9ae07613	andi	x12,x0,-1618	  x0:0x00000000 x12=0x00000000
     226345.000 ns	     22633	80004d1c	445e8213	addi	x4,x29,1093	 x29:0x00041024  x4=0x00041469
     226355.000 ns	     22634	80004d20	005e6533	or	x10,x28,x5	 x28:0xfffff913  x5:0x00000200 x10=0xfffffb13
     226365.000 ns	     22635	80004d24	f4272593	slti	x11,x14,-190	 x14:0x00000040 x11=0x00000000
     226375.000 ns	     22636	80004d28	016d59b3	srl	x19,x26,x22	 x26:0x00000000 x22:0x00000000 x19=0x00000000
     226385.000 ns	     22637	80004d2c	dea990b7	lui	x1,0xdea99	  x1=0xdea99000
     226395.000 ns	     22638	80004d30	00167e33	and	x28,x12,x1	 x12:0x00000000  x1:0x00000001 x28=0x00000000
     226425.000 ns	     22641	80004d34	5800f153	fsqrt.s	f2,f1	  f1:0xc1600000  f2=0x7fc00000
     226445.000 ns	     22643	80004d38	014d8033	add	x0,x27,x20	 x27:0x0000000e x20:0x00000000
     226455.000 ns	     22644	80004d3c	3cc3bd13	sltiu	x26,x7,972	  x7:0xffffffff x26=0x00000000
     226465.000 ns	     22645	80004d40	011a5693	srli	x13,x20,0x11	 x20:0x00000000 x13=0x00000000
     226485.000 ns	     22647	80004d44	a1621c53	flt.s	x24,f4,f22	  f4:0xaf1c2000 f22:0x41600000 x24=0x00000001
     226515.000 ns	     22650	80004d48	e00a8353	fmv.x.w	x6,f21	 f21:0xff800000  x6=0xff800000
     226545.000 ns	     22653	80004d4c	a1f08053	fle.s	x0,f1,f31	  f1:0xc1600000 f31:0x00041024
     226565.000 ns	     22655	80004d50	406a5c33	sra	x24,x20,x6	 x20:0x00000000  x6:0xff800000 x24=0x00000000
     226585.000 ns	     22657	80004d54	21832cd3	fsgnjx.s	f25,f6,f24	  f6:0x4e136cf2 f24:0x7fc00000 f25=0x4e136cf2
     226955.000 ns	     22694	80004d58	02a4fbb3	remu	x23,x9,x10	  x9:0x00000040 x10:0xfffffb13 x23=0x00000040
     226985.000 ns	     22697	80004d5c	03c19733	mulh	x14,x3,x28	  x3:0x80040fe4 x28:0x00000000 x14=0x00000000
     227005.000 ns	     22699	80004d60	415c0d33	sub	x26,x24,x21	 x24:0x00000000 x21:0x80040fe4 x26=0x7ffbf01c
     227025.000 ns	     22701	80004d64	e0098bd3	fmv.x.w	x23,f19	 f19:0x00000000 x23=0x00000000
     227045.000 ns	     22703	80004d68	2276e093	ori	x1,x13,551	 x13:0x00000000  x1=0x00000227
     227065.000 ns	     22705	80004d6c	02a70633	mul	x12,x14,x10	 x14:0x00000000 x10:0xfffffb13 x12=0x00000000
     227435.000 ns	     22742	80004d70	039fe033	rem	x0,x31,x25	 x31:0x80041024 x25:0x00000040
     227455.000 ns	     22744	80004d74	2be04117	auipc	x2,0x2be04	  x2=0xabe08d74
     227465.000 ns	     22745	80004d78	01ad1713	slli	x14,x26,0x1a	 x26:0x7ffbf01c x14=0x70000000
     227475.000 ns	     22746	80004d7c	018e5413	srli	x8,x28,0x18	 x28:0x00000000  x8=0x00000000
     227505.000 ns	     22749	80004d80	11e72fd3	fmul.s	f31,f14,f30	 f14:0x4efffffc f30:0x41600000 f31=0x50dffffc
     227525.000 ns	     22751	80004d84	40835233	sra	x4,x6,x8	  x6:0xff800000  x8:0x24db3ca4  x4=0xff800000
     227545.000 ns	     22753	80004d88	2083add3	fsgnjx.s	f27,f7,f8	  f7:0x9f350497  f8:0x4e0b44ab f27=0x9f350497
     227565.000 ns	     22755	80004d8c	40e386b3	sub	x13,x7,x14	  x7:0xffffffff x14:0x70000000 x13=0x8fffffff
     227585.000 ns	     22757	80004d90	02c94b33	div	x22,x18,x12	 x18:0xb7251000 x12:0x00000000 x22=0xffffffff
     227615.000 ns	     22760	80004d94	211324d3	fsgnjx.s	f9,f6,f17	  f6:0x4e136cf2 f17:0x7fc00000  f9=0x4e136cf2
     227655.000 ns	     22764	80004d98	111b7253	fmul.s	f4,f22,f17	 f22:0x41600000 f17:0x7fc00000  f4=0x7fc00000
     227705.000 ns	     22769	80004d9c	016802d3	fadd.s	f5,f16,f22	 f16:0x7fc00000 f22:0x41600000  f5=0x7fc00000
     227725.000 ns	     22771	80004da0	e7b9f113	andi	x2,x19,-389	 x19:0x00000000  x2=0x00000000
     227735.000 ns	     22772	80004da4	00000013	addi	x0,x0,0	  x0:0x00000000
     228095.000 ns	     22808	80004da8	035ef133	remu	x2,x29,x21	 x29:0x00041024 x21:0x80040fe4  x2=0x00041024
     228115.000 ns	     22810	80004dac	00620d33	add	x26,x4,x6	  x4:0xff800000  x6:0xff800000 x26=0xff000000
     228125.000 ns	     22811	80004db0	4122dc33	sra	x24,x5,x18	  x5:0x00000200 x18:0xb7251000 x24=0x00000200
     228145.000 ns	     22813	80004db4	031ab8b3	mulhu	x17,x21,x17	 x21:0x80040fe4 x17:0x10000000 x17=0x080040fe
     228175.000 ns	     22816	80004db8	02149333	mulh	x6,x9,x1	  x9:0x00000040  x1:0x00000227  x6=0x00000000
     228205.000 ns	     22819	80004dbc	a04d1253	flt.s	x4,f26,f4	 f26:0x0000000e  f4:0x7fc00000  x4=0x00000000
     228225.000 ns	     22821	80004dc0	24cf2e93	slti	x29,x30,588	 x30:0x00000000 x29=0x00000001
     228235.000 ns	     22822	80004dc4	005dd533	srl	x10,x27,x5	 x27:0x0000000e  x5:0x00000200 x10=0x0000000e
     228245.000 ns	     22823	80004dc8	00e033b3	sltu	x7,x0,x14	  x0:0x00000000 x14:0x70000000  x7=0x00000001
     228255.000 ns	     22824	80004dcc	01b5d893	srli	x17,x11,0x1b	 x11:0x00000000 x17=0x00000000
     228265.000 ns	     22825	80004dd0	409c5d33	sra	x26,x24,x9	 x24:0x00000200  x9:0x00000040 x26=0x00000200
     228275.000 ns	     22826	80004dd4	01e749b3	xor	x19,x14,x30	 x14:0x70000000 x30:0x00000000 x19=0x70000000
     228285.000 ns	     22827	80004dd8	0032aeb3	slt	x29,x5,x3	  x5:0x00000200  x3:0x80040fe4 x29=0x00000000
     228295.000 ns	     22828	80004ddc	49626293	ori	x5,x4,1174	  x4:0x00000000  x5=0x00000496
     228305.000 ns	     22829	80004de0	001c8433	add	x8,x25,x1	 x25:0x00000040  x1:0x00000227  x8=0x00000267
     228315.000 ns	     22830	80004de4	00b55393	srli	x7,x10,0xb	 x10:0x0000000e  x7=0x00000000
     228325.000 ns	     22831	80004de8	01ff1233	sll	x4,x30,x31	 x30:0x00000000 x31:0x80041024  x4=0x00000000
     228345.000 ns	     22833	80004dec	d0191853	fcvt.s.wu	f16,x18	 x18:0xb7251000 f16=0x4f372510
     228365.000 ns	     22835	80004df0	00374cb3	xor	x25,x14,x3	 x14:0x70000000  x3:0x80040fe4 x25=0xf0040fe4
     228385.000 ns	     22837	80004df4	f00d0bd3	fmv.w.x	f23,x26	 x26:0x00000200 f23=0x00000200
     228415.000 ns	     22840	80004df8	a06192d3	flt.s	x5,f3,f6	  f3:0x00000000  f6:0x4e136cf2  x5=0x00000001
     228435.000 ns	     22842	80004dfc	f60f2a93	slti	x21,x30,-160	 x30:0x00000000 x21=0x00000000
     228455.000 ns	     22844	80004e00	c01af0d3	fcvt.wu.s	x1,f21	 f21:0xff800000  x1=0x00000000
     228485.000 ns	     22847	80004e04	20521553	fsgnjn.s	f10,f4,f5	  f4:0x7fc00000  f5:0x7fc00000 f10=0xffc00000
     228505.000 ns	     22849	80004e08	00c01f13	slli	x30,x0,0xc	  x0:0x00000000 x30=0x00000000
     228515.000 ns	     22850	80004e0c	fca24613	xori	x12,x4,-54	  x4:0x00000000 x12=0xffffffca
     228535.000 ns	     22852	80004e10	211888d3	fsgnj.s	f17,f17,f17	 f17:0x7fc00000 f17:0x7fc00000 f17=0x7fc00000
     228555.000 ns	     22854	80004e14	9a54b613	sltiu	x12,x9,-1627	  x9:0x00000040 x12=0x00000001
     228595.000 ns	     22858	80004e18	0093bc53	fadd.s	f24,f7,f9	  f7:0x9f350497  f9:0x4e136cf2 f24=0x4e136cf2
     228615.000 ns	     22860	80004e1c	01d25f13	srli	x30,x4,0x1d	  x4:0x00000000 x30=0x00000000
     229785.000 ns	     22977	80004e20	58081bd3	fsqrt.s	f23,f16	 f16:0x4f372510 f23=0x470180a4
     229825.000 ns	     22981	80004e24	11f17653	fmul.s	f12,f2,f31	  f2:0x7fc00000 f31:0x50dffffc f12=0x7fc00000
     229855.000 ns	     22984	80004e28	21a910d3	fsgnjn.s	f1,f18,f26	 f18:0x7fc00000 f26:0x0000000e  f1=0xffc00000
     229875.000 ns	     22986	80004e2c	54980b13	addi	x22,x16,1353	 x16:0x80040fe4 x22=0x8004152d
     229885.000 ns	     22987	80004e30	c0ba7993	andi	x19,x20,-1013	 x20:0x00000000 x19=0x00000000
     229905.000 ns	     22989	80004e34	a1062c53	feq.s	x24,f12,f16	 f12:0x7fc00000 f16:0x4f372510 x24=0x00000000
     229925.000 ns	     22991	80004e38	a49c6513	ori	x10,x24,-1463	 x24:0x00000200 x10=0xfffffa49
     229945.000 ns	     22993	80004e3c	d01e19d3	fcvt.s.wu	f19,x28	 x28:0x00000000 f19=0x00000000
     229975.000 ns	     22996	80004e40	c01b7a53	fcvt.wu.s	x20,f22	 f22:0x41600000 x20=0x0000000e
     230005.000 ns	     22999	80004e44	c00171d3	fcvt.w.s	x3,f2	  f2:0x7fc00000  x3=0x7fffffff
     230035.000 ns	     23002	80004e48	d010c9d3	fcvt.s.wu	f19,x1	  x1:0x00000000 f19=0x00000000
     230055.000 ns	     23004	80004e4c	00b85e93	srli	x29,x16,0xb	 x16:0x80040fe4 x29=0x00100081
     230065.000 ns	     23005	80004e50	00000013	addi	x0,x0,0	  x0:0x00000000
     230075.000 ns	     23006	80004e54	01a4cab3	xor	x21,x9,x26	  x9:0x00000040 x26:0x00000200 x21=0x00000240
     230085.000 ns	     23007	80004e58	00000013	addi	x0,x0,0	  x0:0x00000000
     230105.000 ns	     23009	80004e5c	032f9d33	mulh	x26,x31,x18	 x31:0x80041024 x18:0xb7251000 x26=0x246c4ffc
     230125.000 ns	     23011	80004e60	346fb413	sltiu	x8,x31,838	 x31:0x80041024  x8=0x00000000
     230135.000 ns	     23012	80004e64	60a22337	lui	x6,0x60a22	  x6=0x60a22000
     230155.000 ns	     23014	80004e68	f00a87d3	fmv.w.x	f15,x21	 x21:0x00000240 f15=0x00000240
     230185.000 ns	     23017	80004e6c	02e23a33	mulhu	x20,x4,x14	  x4:0x00000000 x14:0x70000000 x20=0x00000000
     230205.000 ns	     23019	80004e70	012ecc33	xor	x24,x29,x18	 x29:0x00100081 x18:0xb7251000 x24=0xb7351081
     230225.000 ns	     23021	80004e74	0268beb3	mulhu	x29,x17,x6	 x17:0x00000000  x6:0x60a22000 x29=0x00000000
     230245.000 ns	     23023	80004e78	97a7fb93	andi	x23,x15,-1670	 x15:0xfffff913 x23=0xfffff912
     230265.000 ns	     23025	80004e7c	a1e0a5d3	feq.s	x11,f1,f30	  f1:0xffc00000 f30:0x41600000 x11=0x00000000
     230285.000 ns	     23027	80004e80	00000013	addi	x0,x0,0	  x0:0x00000000
     230305.000 ns	     23029	80004e84	210d27d3	fsgnjx.s	f15,f26,f16	 f26:0x0000000e f16:0x4f372510 f15=0x0000000e
     230325.000 ns	     23031	80004e88	54c8b793	sltiu	x15,x17,1356	 x17:0x00000000 x15=0x00000001
     230345.000 ns	     23033	80004e8c	a05e29d3	feq.s	x19,f28,f5	 f28:0x7fc00000  f5:0x7fc00000 x19=0x00000000
     230375.000 ns	     23036	80004e90	c00a1cd3	fcvt.w.s	x25,f20	 f20:0x41600000 x25=0x0000000e
     230395.000 ns	     23038	80004e94	5d29bb13	sltiu	x22,x19,1490	 x19:0x00000000 x22=0x00000001
     230425.000 ns	     23041	80004e98	1830c1d3	fdiv.s	f3,f1,f3	  f1:0xffc00000  f3:0x00000000  f3=0x7fc00000
     230455.000 ns	     23044	80004e9c	03851ab3	mulh	x21,x10,x24	 x10:0xfffffa49 x24:0xb7351081 x21=0x0000019f
     230475.000 ns	     23046	80004ea0	fe7cf393	andi	x7,x25,-25	 x25:0x0000000e  x7=0x00000006
     230485.000 ns	     23047	80004ea4	00e21b13	slli	x22,x4,0xe	  x4:0x00000000 x22=0x00000000
     230525.000 ns	     23051	80004ea8	0134f1d3	fadd.s	f3,f9,f19	  f9:0x4e136cf2 f19:0x00000000  f3=0x4e136cf2
     230545.000 ns	     23053	80004eac	b6a01037	lui	x0,0xb6a01	
     230875.000 ns	     23086	80004eb0	190b8cd3	fdiv.s	f25,f23,f16	 f23:0x470180a4 f16:0x4f372510 f25=0x370180a4
     231245.000 ns	     23123	80004eb4	038ffcb3	remu	x25,x31,x24	 x31:0x80041024 x24:0xb7351081 x25=0x80041024
     231265.000 ns	     23125	80004eb8	00faecb3	or	x25,x21,x15	 x21:0x0000019f x15:0x00000001 x25=0x0000019f
     231285.000 ns	     23127	80004ebc	03eb4b33	div	x22,x22,x30	 x22:0x00000000 x30:0x00000000 x22=0xffffffff
     231305.000 ns	     23129	80004ec0	415cd713	srai	x14,x25,0x15	 x25:0x80041024 x14=0x00000000
     231315.000 ns	     23130	80004ec4	01c6d493	srli	x9,x13,0x1c	 x13:0x8fffffff  x9=0x00000008
     231335.000 ns	     23132	80004ec8	d00204d3	fcvt.s.w	f9,x4	  x4:0x00000000  f9=0x00000000
     231365.000 ns	     23135	80004ecc	f0098b53	fmv.w.x	f22,x19	 x19:0x00000000 f22=0x00000000
     231395.000 ns	     23138	80004ed0	a1e39d53	flt.s	x26,f7,f30	  f7:0x9f350497 f30:0x41600000 x26=0x00000001
     231415.000 ns	     23140	80004ed4	01e00233	add	x4,x0,x30	  x0:0x00000000 x30:0x00000000  x4=0x00000000
     231425.000 ns	     23141	80004ed8	642efa93	andi	x21,x29,1602	 x29:0x00000000 x21=0x00000000
     231445.000 ns	     23143	80004edc	285a9753	fmax.s	f14,f21,f5	 f21:0xff800000  f5:0x7fc00000 f14=0xff800000
     231465.000 ns	     23145	80004ee0	0183da33	srl	x20,x7,x24	  x7:0x00000006 x24:0xb7351081 x20=0x00000003
     231485.000 ns	     23147	80004ee4	a16f81d3	fle.s	x3,f31,f22	 f31:0x50dffffc f22:0x00000000  x3=0x00000000
     231505.000 ns	     23149	80004ee8	40bdd193	srai	x3,x27,0xb	 x27:0x0000000e  x3=0x00000000
     231515.000 ns	     23150	80004eec	679d5517	auipc	x10,0x679d5	 x10=0xe79d9eec
     231535.000 ns	     23152	80004ef0	e00d13d3	fclass.s	x7,f26	 f26:0x0000000e  x7=0x00000020
     231565.000 ns	     23155	80004ef4	03c3af33	mulhsu	x30,x7,x28	  x7:0x00000006 x28:0x00000000 x30=0x00000000
     231585.000 ns	     23157	80004ef8	01279d13	slli	x26,x15,0x12	 x15:0x00000001 x26=0x00040000
     231595.000 ns	     23158	80004efc	a8bac393	xori	x7,x21,-1397	 x21:0x00000000  x7=0xfffffa8b
     231605.000 ns	     23159	80004f00	1ce9cbb7	lui	x23,0x1ce9c	 x23=0x1ce9c000
     231625.000 ns	     23161	80004f04	20ac1353	fsgnjn.s	f6,f24,f10	 f24:0x4e136cf2 f10:0xffc00000  f6=0x4e136cf2
     231655.000 ns	     23164	80004f08	d0091653	fcvt.s.w	f12,x18	 x18:0xb7251000 f12=0xce91b5e0
     231705.000 ns	     23169	80004f0c	083cb953	fsub.s	f18,f25,f3	 f25:0x370180a4  f3:0x4e136cf2 f18=0xce136cf1
     231735.000 ns	     23172	80004f10	d016b853	fcvt.s.wu	f16,x13	 x13:0x8fffffff f16=0x4f100000
     231755.000 ns	     23174	80004f14	017eb033	sltu	x0,x29,x23	 x29:0x00000000 x23:0x1ce9c000
     231775.000 ns	     23176	80004f18	02699f33	mulh	x30,x19,x6	 x19:0x00000000  x6:0x60a22000 x30=0x00000000
     231805.000 ns	     23179	80004f1c	03dc72b3	remu	x5,x24,x29	 x24:0xb7351081 x29:0x00000000  x5=0xb7351081
     231825.000 ns	     23181	80004f20	00d94cb3	xor	x25,x18,x13	 x18:0xb7251000 x13:0x8fffffff x25=0x38daefff
     231845.000 ns	     23183	80004f24	c006f253	fcvt.w.s	x4,f13	 f13:0x42800000  x4=0x00000040
     232215.000 ns	     23220	80004f28	03036233	rem	x4,x6,x16	  x6:0x60a22000 x16:0x80040fe4  x4=0x60a22000
     232245.000 ns	     23223	80004f2c	031fbf33	mulhu	x30,x31,x17	 x31:0x80041024 x17:0x00000000 x30=0x00000000
     232275.000 ns	     23226	80004f30	28cc87d3	fmin.s	f15,f25,f12	 f25:0x370180a4 f12:0xce91b5e0 f15=0xce91b5e0
     232305.000 ns	     23229	80004f34	c0077253	fcvt.w.s	x4,f14	 f14:0xff800000  x4=0x80000000
     232325.000 ns	     23231	80004f38	00839c93	slli	x25,x7,0x8	  x7:0xfffffa8b x25=0xfffa8b00
     232335.000 ns	     23232	80004f3c	fa419637	lui	x12,0xfa419	 x12=0xfa419000
     232355.000 ns	     23234	80004f40	28821e53	fmax.s	f28,f4,f8	  f4:0x7fc00000  f8:0x4e0b44ab f28=0x4e0b44ab
     232375.000 ns	     23236	80004f44	00000013	addi	x0,x0,0	  x0:0x00000000
     232395.000 ns	     23238	80004f48	d01ea753	fcvt.s.wu	f14,x29	 x29:0x00000000 f14=0x00000000
     232435.000 ns	     23242	80004f4c	11208c53	fmul.s	f24,f1,f18	  f1:0xffc00000 f18:0xce136cf1 f24=0x7fc00000
     232465.000 ns	     23245	80004f50	a1289f53	flt.s	x30,f17,f18	 f17:0x7fc00000 f18:0xce136cf1 x30=0x00000000
     232835.000 ns	     23282	80004f54	03a24333	div	x6,x4,x26	  x4:0x80000000 x26:0x00040000  x6=0xffffe000
     232855.000 ns	     23284	80004f58	01e75893	srli	x17,x14,0x1e	 x14:0x00000000 x17=0x00000000
     232875.000 ns	     23286	80004f5c	03be93b3	mulh	x7,x29,x27	 x29:0x00000000 x27:0x0000000e  x7=0x00000000
     232905.000 ns	     23289	80004f60	02b665b3	rem	x11,x12,x11	 x12:0xfa419000 x11:0x00000000 x11=0xfa419000
     232935.000 ns	     23292	80004f64	03bb1533	mulh	x10,x22,x27	 x22:0xffffffff x27:0x0000000e x10=0xffffffff
     232955.000 ns	     23294	80004f68	41358f33	sub	x30,x11,x19	 x11:0xfa419000 x19:0x00000000 x30=0xfa419000
     232985.000 ns	     23297	80004f6c	580dfb53	fsqrt.s	f22,f27	 f27:0x9f350497 f22=0x7fc00000
     233015.000 ns	     23300	80004f70	029115b3	mulh	x11,x2,x9	  x2:0x00041024  x9:0x00000008 x11=0x00000000
     233035.000 ns	     23302	80004f74	41a600b3	sub	x1,x12,x26	 x12:0xfa419000 x26:0x00040000  x1=0xfa3d9000
     233055.000 ns	     23304	80004f78	202f2b53	fsgnjx.s	f22,f30,f2	 f30:0x41600000  f2:0x7fc00000 f22=0x41600000
     233085.000 ns	     23307	80004f7c	d008f553	fcvt.s.w	f10,x17	 x17:0x00000000 f10=0x00000000
     233135.000 ns	     23312	80004f80	00feff53	fadd.s	f30,f29,f15	 f29:0xffc00000 f15:0xce91b5e0 f30=0x7fc00000
     233155.000 ns	     23314	80004f84	e5960c13	addi	x24,x12,-423	 x12:0xfa419000 x24=0xfa418e59
     233175.000 ns	     23316	80004f88	e00b0ed3	fmv.x.w	x29,f22	 f22:0x41600000 x29=0x41600000
     233545.000 ns	     23353	80004f8c	039876b3	remu	x13,x16,x25	 x16:0x80040fe4 x25:0xfffa8b00 x13=0x80040fe4
     234725.000 ns	     23471	80004f90	5806f9d3	fsqrt.s	f19,f13	 f13:0x42800000 f19=0x40ffffae
     234755.000 ns	     23474	80004f94	a1a8a753	feq.s	x14,f17,f26	 f17:0x7fc00000 f26:0x0000000e x14=0x00000000
     234785.000 ns	     23477	80004f98	a0c083d3	fle.s	x7,f1,f12	  f1:0xffc00000 f12:0xce91b5e0  x7=0x00000000
     234815.000 ns	     23480	80004f9c	f00e8753	fmv.w.x	f14,x29	 x29:0x41600000 f14=0x41600000
     234835.000 ns	     23482	80004fa0	00e0bcb3	sltu	x25,x1,x14	  x1:0xfa3d9000 x14:0x00000000 x25=0x00000000
     234845.000 ns	     23483	80004fa4	0185a933	slt	x18,x11,x24	 x11:0x00000000 x24:0xfa418e59 x18=0x00000000
     234865.000 ns	     23485	80004fa8	28b59353	fmax.s	f6,f11,f11	 f11:0x401e6453 f11:0x401e6453  f6=0x401e6453
     234885.000 ns	     23487	80004fac	01f04eb3	xor	x29,x0,x31	  x0:0x00000000 x31:0x80041024 x29=0x80041024
     234905.000 ns	     23489	80004fb0	d0077ad3	fcvt.s.w	f21,x14	 x14:0x00000000 f21=0x00000000
     234935.000 ns	     23492	80004fb4	a1c91153	flt.s	x2,f18,f28	 f18:0xce136cf1 f28:0x4e0b44ab  x2=0x00000001
     234955.000 ns	     23494	80004fb8	00c3d793	srli	x15,x7,0xc	  x7:0x00000000 x15=0x00000000
     234985.000 ns	     23497	80004fbc	198d97d3	fdiv.s	f15,f27,f24	 f27:0x9f350497 f24:0x7fc00000 f15=0x7fc00000
     235005.000 ns	     23499	80004fc0	415fd1b3	sra	x3,x31,x21	 x31:0x80041024 x21:0x00000000  x3=0x80041024
     235015.000 ns	     23500	80004fc4	01941493	slli	x9,x8,0x19	  x8:0x00000000  x9=0x00000000
     235035.000 ns	     23502	80004fc8	f0018353	fmv.w.x	f6,x3	  x3:0x00000000  f6=0x80041024
     236215.000 ns	     23620	80004fcc	5805fcd3	fsqrt.s	f25,f11	 f11:0x401e6453 f25=0x3f5fff6c
     236245.000 ns	     23623	80004fd0	d01f08d3	fcvt.s.wu	f17,x30	 x30:0xfa419000 f17=0x4f7a4190
     236275.000 ns	     23626	80004fd4	a14e8053	fle.s	x0,f29,f20	 f29:0xffc00000 f20:0x41600000
     236305.000 ns	     23629	80004fd8	a1a01ad3	flt.s	x21,f0,f26	  f0:0x7fc00000 f26:0x0000000e x21=0x00000000
     236335.000 ns	     23632	80004fdc	21a28ad3	fsgnj.s	f21,f5,f26	  f5:0x7fc00000 f26:0x0000000e f21=0x7fc00000
     236365.000 ns	     23635	80004fe0	281495d3	fmax.s	f11,f9,f1	  f9:0x00000000  f1:0xffc00000 f11=0x00000000
     236385.000 ns	     23637	80004fe4	40758d33	sub	x26,x11,x7	 x11:0x00000000  x7:0x00000000 x26=0x00000000
     236395.000 ns	     23638	80004fe8	00000013	addi	x0,x0,0	  x0:0x00000000
     236405.000 ns	     23639	80004fec	40d15f33	sra	x30,x2,x13	  x2:0x00000001 x13:0x80040fe4 x30=0x00000000
     236425.000 ns	     23641	80004ff0	a0c719d3	flt.s	x19,f14,f12	 f14:0x41600000 f12:0xce91b5e0 x19=0x00000000
     236445.000 ns	     23643	80004ff4	01f54b33	xor	x22,x10,x31	 x10:0xffffffff x31:0x80041024 x22=0x7ffbefdb
     236455.000 ns	     23644	80004ff8	00000013	addi	x0,x0,0	  x0:0x00000000
     236475.000 ns	     23646	80004ffc	d00efa53	fcvt.s.w	f20,x29	 x29:0x80041024 f20=0xcefff7df
     236505.000 ns	     23649	80005000	a1a018d3	flt.s	x17,f0,f26	  f0:0x7fc00000 f26:0x0000000e x17=0x00000000
     236535.000 ns	     23652	80005004	f00e8453	fmv.w.x	f8,x29	 x29:0x80041024  f8=0x80041024
     236555.000 ns	     23654	80005008	40505eb3	sra	x29,x0,x5	  x0:0x00000000  x5:0xb7351081 x29=0x00000000
     236575.000 ns	     23656	8000500c	20912953	fsgnjx.s	f18,f2,f9	  f2:0x7fc00000  f9:0x00000000 f18=0x7fc00000
     236595.000 ns	     23658	80005010	004f3133	sltu	x2,x30,x4	 x30:0x00000000  x4:0x80000000  x2=0x00000001
     236635.000 ns	     23662	80005014	01efbe53	fadd.s	f28,f31,f30	 f31:0x50dffffc f30:0x7fc00000 f28=0x7fc00000
     236655.000 ns	     23664	80005018	000bb9b3	sltu	x19,x23,x0	 x23:0x1ce9c000  x0:0x00000000 x19=0x00000000
     236665.000 ns	     23665	8000501c	0f3d8e97	auipc	x29,0xf3d8	 x29=0x8f3dd01c
     236675.000 ns	     23666	80005020	00315733	srl	x14,x2,x3	  x2:0x00000001  x3:0x80041024 x14=0x00000000
     236695.000 ns	     23668	80005024	a0ffac53	feq.s	x24,f31,f15	 f31:0x50dffffc f15:0x7fc00000 x24=0x00000000
     236745.000 ns	     23673	80005028	09754653	fsub.s	f12,f10,f23	 f10:0x00000000 f23:0x470180a4 f12=0xc70180a4
     236775.000 ns	     23676	8000502c	205188d3	fsgnj.s	f17,f3,f5	  f3:0x4e136cf2  f5:0x7fc00000 f17=0x4e136cf2
     236795.000 ns	     23678	80005030	01075593	srli	x11,x14,0x10	 x14:0x00000000 x11=0x00000000
     236805.000 ns	     23679	80005034	015c91b3	sll	x3,x25,x21	 x25:0x00000000 x21:0x00000000  x3=0x00000000
     236825.000 ns	     23681	80005038	28611c53	fmax.s	f24,f2,f6	  f2:0x7fc00000  f6:0x80041024 f24=0x80041024
     236845.000 ns	     23683	8000503c	00000013	addi	x0,x0,0	  x0:0x00000000
     236855.000 ns	     23684	80005040	3cc79737	lui	x14,0x3cc79	 x14=0x3cc79000
     236865.000 ns	     23685	80005044	6fdddd17	auipc	x26,0x6fddd	 x26=0xefde2044
     236875.000 ns	     23686	80005048	2b806737	lui	x14,0x2b806	 x14=0x2b806000
     236885.000 ns	     23687	8000504c	20d54793	xori	x15,x10,525	 x10:0xffffffff x15=0xfffffdf2
     236895.000 ns	     23688	80005050	f851e413	ori	x8,x3,-123	  x3:0x00000000  x8=0xffffff85
     236915.000 ns	     23690	80005054	035cb7b3	mulhu	x15,x25,x21	 x25:0x00000000 x21:0x00000000 x15=0x00000000
     236945.000 ns	     23693	80005058	295f09d3	fmin.s	f19,f30,f21	 f30:0x7fc00000 f21:0x7fc00000 f19=0x7fc00000
     236975.000 ns	     23696	8000505c	02473733	mulhu	x14,x14,x4	 x14:0x2b806000  x4:0x80000000 x14=0x15c03000
     237025.000 ns	     23701	80005060	0909f5d3	fsub.s	f11,f19,f16	 f19:0x7fc00000 f16:0x4f100000 f11=0x7fc00000
     237075.000 ns	     23706	80005064	086e7353	fsub.s	f6,f28,f6	 f28:0x7fc00000  f6:0x80041024  f6=0x7fc00000
     237095.000 ns	     23708	80005068	008351b3	srl	x3,x6,x8	  x6:0xffffe000  x8:0xffffff85  x3=0x07ffff00
     237115.000 ns	     23710	8000506c	d00a81d3	fcvt.s.w	f3,x21	 x21:0x00000000  f3=0x00000000
     237485.000 ns	     23747	80005070	02ee4333	div	x6,x28,x14	 x28:0x00000000 x14:0x15c03000  x6=0x00000000
     237505.000 ns	     23749	80005074	015860b3	or	x1,x16,x21	 x16:0x80040fe4 x21:0x00000000  x1=0x80040fe4
     237525.000 ns	     23751	80005078	03c480b3	mul	x1,x9,x28	  x9:0x00000000 x28:0x00000000  x1=0x00000000
     237895.000 ns	     23788	8000507c	024866b3	rem	x13,x16,x4	 x16:0x80040fe4  x4:0x80000000 x13=0x80040fe4
     237915.000 ns	     23790	80005080	41205bb3	sra	x23,x0,x18	  x0:0x00000000 x18:0x00000000 x23=0x00000000
     237925.000 ns	     23791	80005084	285eec93	ori	x25,x29,645	 x29:0x8f3dd01c x25=0x8f3dd29d
     237935.000 ns	     23792	80005088	008e5433	srl	x8,x28,x8	 x28:0x00000000  x8:0xffffff85  x8=0x00000000
     237945.000 ns	     23793	8000508c	018979b3	and	x19,x18,x24	 x18:0x00000000 x24:0x00000000 x19=0x00000000
     237965.000 ns	     23795	80005090	a0b32653	feq.s	x12,f6,f11	  f6:0x7fc00000 f11:0x7fc00000 x12=0x00000000
     237985.000 ns	     23797	80005094	004a8cb3	add	x25,x21,x4	 x21:0x00000000  x4:0x80000000 x25=0x80000000
     237995.000 ns	     23798	80005098	00f55113	srli	x2,x10,0xf	 x10:0xffffffff  x2=0x0001ffff
     238015.000 ns	     23800	8000509c	e0059ed3	fclass.s	x29,f11	 f11:0x7fc00000 x29=0x00000200
     238035.000 ns	     23802	800050a0	40e9db33	sra	x22,x19,x14	 x19:0x00000000 x14:0x15c03000 x22=0x00000000
     238055.000 ns	     23804	800050a4	e00e0653	fmv.x.w	x12,f28	 f28:0x7fc00000 x12=0x7fc00000
     238095.000 ns	     23808	800050a8	5804f0d3	fsqrt.s	f1,f9	  f9:0x00000000  f1=0x00000000
     238125.000 ns	     23811	800050ac	031d8633	mul	x12,x27,x17	 x27:0x0000000e x17:0x00000000 x12=0x00000000
     238495.000 ns	     23848	800050b0	03a1fc33	remu	x24,x3,x26	  x3:0x07ffff00 x26:0xefde2044 x24=0x07ffff00
     238515.000 ns	     23850	800050b4	41cadc33	sra	x24,x21,x28	 x21:0x00000000 x28:0x00000000 x24=0x00000000
     238535.000 ns	     23852	800050b8	037d96b3	mulh	x13,x27,x23	 x27:0x0000000e x23:0x00000000 x13=0x00000000
     238565.000 ns	     23855	800050bc	02fda433	mulhsu	x8,x27,x15	 x27:0x0000000e x15:0x00000000  x8=0x00000000
     238605.000 ns	     23859	800050c0	116a2253	fmul.s	f4,f20,f22	 f20:0xcefff7df f22:0x41600000  f4=0xd0dff8e4
     238635.000 ns	     23862	800050c4	036b5e33	divu	x28,x22,x22	 x22:0x00000000 x22:0x00000000 x28=0xffffffff
     238665.000 ns	     23865	800050c8	022f3033	mulhu	x0,x30,x2	 x30:0x00000000  x2:0x0001ffff
     238685.000 ns	     23867	800050cc	018a6e33	or	x28,x20,x24	 x20:0x00000003 x24:0x00000000 x28=0x00000003
     238705.000 ns	     23869	800050d0	e00908d3	fmv.x.w	x17,f18	 f18:0x7fc00000 x17=0x7fc00000
     238735.000 ns	     23872	800050d4	02e5b5b3	mulhu	x11,x11,x14	 x11:0x00000000 x14:0x15c03000 x11=0x00000000
     239105.000 ns	     23909	800050d8	034dd433	divu	x8,x27,x20	 x27:0x0000000e x20:0x00000003  x8=0x00000004
     239155.000 ns	     23914	800050dc	01462ad3	fadd.s	f21,f12,f20	 f12:0xc70180a4 f20:0xcefff7df f21=0xcefff8e3
     239175.000 ns	     23916	800050e0	aba0b693	sltiu	x13,x1,-1350	  x1:0x00000000 x13=0x00000001
     239205.000 ns	     23919	800050e4	5802cc53	fsqrt.s	f24,f5	  f5:0x7fc00000 f24=0x7fc00000
     239225.000 ns	     23921	800050e8	01decc33	xor	x24,x29,x29	 x29:0x00000200 x29:0x00000200 x24=0x00000000
     239245.000 ns	     23923	800050ec	28469fd3	fmax.s	f31,f13,f4	 f13:0x42800000  f4:0xd0dff8e4 f31=0x42800000
     239295.000 ns	     23928	800050f0	088877d3	fsub.s	f15,f16,f8	 f16:0x4f100000  f8:0x80041024 f15=0x4f100000
     239325.000 ns	     23931	800050f4	025223b3	mulhsu	x7,x4,x5	  x4:0x80000000  x5:0xb7351081  x7=0xa46577bf
     239345.000 ns	     23933	800050f8	411908b3	sub	x17,x18,x17	 x18:0x00000000 x17:0x7fc00000 x17=0x80400000
     239365.000 ns	     23935	800050fc	21bca753	fsgnjx.s	f14,f25,f27	 f25:0x3f5fff6c f27:0x9f350497 f14=0xbf5fff6c
     239395.000 ns	     23938	80005100	28789e53	fmax.s	f28,f17,f7	 f17:0x4e136cf2  f7:0x9f350497 f28=0x4e136cf2
     239415.000 ns	     23940	80005104	c425a213	slti	x4,x11,-958	 x11:0x00000000  x4=0x00000000
     239435.000 ns	     23942	80005108	0243dc33	divu	x24,x7,x4	  x7:0xa46577bf  x4:0x80000000 x24=0xffffffff
     239475.000 ns	     23946	8000510c	191efd53	fdiv.s	f26,f29,f17	 f29:0xffc00000 f17:0x4e136cf2 f26=0x7fc00000
     239505.000 ns	     23949	80005110	03bab7b3	mulhu	x15,x21,x27	 x21:0x00000000 x27:0x0000000e x15=0x00000000
     239845.000 ns	     23983	80005114	18777ed3	fdiv.s	f29,f14,f7	 f14:0xbf5fff6c  f7:0x9f350497 f29=0x5f9e1db7
     239875.000 ns	     23986	80005118	e00a1053	fclass.s	x0,f20	 f20:0xcefff7df
     239905.000 ns	     23989	8000511c	e00699d3	fclass.s	x19,f13	 f13:0x42800000 x19=0x00000040
     239925.000 ns	     23991	80005120	000f4433	xor	x8,x30,x0	 x30:0x00000000  x0:0x00000000  x8=0x00000000
     239945.000 ns	     23993	80005124	a08d8153	fle.s	x2,f27,f8	 f27:0x9f350497  f8:0x80041024  x2=0x00000001
     239965.000 ns	     23995	80005128	00eb3433	sltu	x8,x22,x14	 x22:0x00000000 x14:0x15c03000  x8=0x00000001
     239985.000 ns	     23997	8000512c	e00e8953	fmv.x.w	x18,f29	 f29:0x5f9e1db7 x18=0x5f9e1db7
     240005.000 ns	     23999	80005130	0cb43313	sltiu	x6,x8,203	  x8:0x00000000  x6=0x00000001
     240045.000 ns	     24003	80005134	0948ff53	fsub.s	f30,f17,f20	 f17:0x4e136cf2 f20:0xcefff7df f30=0x4f24d72c
     240065.000 ns	     24005	80005138	007b5893	srli	x17,x22,0x7	 x22:0x00000000 x17=0x00000000
     240085.000 ns	     24007	8000513c	f00b0ad3	fmv.w.x	f21,x22	 x22:0x00000000 f21=0x00000000
     240115.000 ns	     24010	80005140	a0ac9253	flt.s	x4,f25,f10	 f25:0x3f5fff6c f10:0x00000000  x4=0x00000000
     240145.000 ns	     24013	80005144	03819533	mulh	x10,x3,x24	  x3:0x07ffff00 x24:0xffffffff x10=0xffffffff
     240175.000 ns	     24016	80005148	20b00bd3	fsgnj.s	f23,f0,f11	  f0:0x7fc00000 f11:0x7fc00000 f23=0x7fc00000
     240205.000 ns	     24019	8000514c	a0450953	fle.s	x18,f10,f4	 f10:0x00000000  f4:0xd0dff8e4 x18=0x00000000
     240225.000 ns	     24021	80005150	e377c0b7	lui	x1,0xe377c	  x1=0xe377c000
     240585.000 ns	     24057	80005154	0333d033	divu	x0,x7,x19	  x7:0xa46577bf x19:0x00000040
     240615.000 ns	     24060	80005158	f00f02d3	fmv.w.x	f5,x30	 x30:0x00000000  f5=0x00000000
     240635.000 ns	     24062	8000515c	3dab7293	andi	x5,x22,986	 x22:0x00000000  x5=0x00000000
     240645.000 ns	     24063	80005160	01b73eb3	sltu	x29,x14,x27	 x14:0x15c03000 x27:0x0000000e x29=0x00000000
     240655.000 ns	     24064	80005164	c92f1f17	auipc	x30,0xc92f1	 x30=0x492f6164
     240675.000 ns	     24066	80005168	02a900b3	mul	x1,x18,x10	 x18:0x00000000 x10:0xffffffff  x1=0x00000000
     240695.000 ns	     24068	8000516c	26613613	sltiu	x12,x2,614	  x2:0x00000001 x12=0x00000001
     240705.000 ns	     24069	80005170	2d5c8593	addi	x11,x25,725	 x25:0x80000000 x11=0x800002d5
     240715.000 ns	     24070	80005174	4138d113	srai	x2,x17,0x13	 x17:0x00000000  x2=0x00000000
     240735.000 ns	     24072	80005178	026db433	mulhu	x8,x27,x6	 x27:0x0000000e  x6:0x00000001  x8=0x00000000
     240755.000 ns	     24074	8000517c	014b5233	srl	x4,x22,x20	 x22:0x00000000 x20:0x00000003  x4=0x00000000
     241115.000 ns	     24110	80005180	02d4c2b3	div	x5,x9,x13	  x9:0x00000000 x13:0x00000001  x5=0x00000000
     241145.000 ns	     24113	80005184	03102bb3	mulhsu	x23,x0,x17	  x0:0x00000000 x17:0x00000000 x23=0x00000000
     241165.000 ns	     24115	80005188	00c2b733	sltu	x14,x5,x12	  x5:0x00000000 x12:0x00000001 x14=0x00000001
     241185.000 ns	     24117	8000518c	02b13cb3	mulhu	x25,x2,x11	  x2:0x00000000 x11:0x800002d5 x25=0x00000000
     241205.000 ns	     24119	80005190	00324e33	xor	x28,x4,x3	  x4:0x00000000  x3:0x07ffff00 x28=0x07ffff00
     241215.000 ns	     24120	80005194	40c60233	sub	x4,x12,x12	 x12:0x00000001 x12:0x00000001  x4=0x00000000
     241235.000 ns	     24122	80005198	a09e0d53	fle.s	x26,f28,f9	 f28:0x4e136cf2  f9:0x00000000 x26=0x00000000
     241255.000 ns	     24124	8000519c	00719193	slli	x3,x3,0x7	  x3:0x07ffff00  x3=0xffff8000
     241265.000 ns	     24125	800051a0	00ae9333	sll	x6,x29,x10	 x29:0x00000000 x10:0xffffffff  x6=0x00000000
     241275.000 ns	     24126	800051a4	011afd33	and	x26,x21,x17	 x21:0x00000000 x17:0x00000000 x26=0x00000000
     241295.000 ns	     24128	800051a8	2107ab53	fsgnjx.s	f22,f15,f16	 f15:0x4f100000 f16:0x4f100000 f22=0x4f100000
     241315.000 ns	     24130	800051ac	c9918797	auipc	x15,0xc9918	 x15=0x4991d1ac
     241325.000 ns	     24131	800051b0	d2cfe693	ori	x13,x31,-724	 x31:0x80041024 x13=0xfffffd2c
     241335.000 ns	     24132	800051b4	71a6a313	slti	x6,x13,1818	 x13:0x00000001  x6=0x00000001
     241355.000 ns	     24134	800051b8	d017aad3	fcvt.s.wu	f21,x15	 x15:0x4991d1ac f21=0x4e9323a4
     241375.000 ns	     24136	800051bc	ebda0f13	addi	x30,x20,-323	 x20:0x00000003 x30=0xfffffec0
     241395.000 ns	     24138	800051c0	0222c9b3	div	x19,x5,x2	  x5:0x00000000  x2:0x00000000 x19=0xffffffff
     241425.000 ns	     24141	800051c4	a1a00653	fle.s	x12,f0,f26	  f0:0x7fc00000 f26:0x7fc00000 x12=0x00000000
     241445.000 ns	     24143	800051c8	e0c2ac93	slti	x25,x5,-500	  x5:0x00000000 x25=0x00000000
     241455.000 ns	     24144	800051cc	00429b33	sll	x22,x5,x4	  x5:0x00000000  x4:0x00000000 x22=0x00000000
     241475.000 ns	     24146	800051d0	0280ab33	mulhsu	x22,x1,x8	  x1:0x00000000  x8:0x00000000 x22=0x00000000
     241495.000 ns	     24148	800051d4	00fd5493	srli	x9,x26,0xf	 x26:0x00000000  x9=0x00000000
     241505.000 ns	     24149	800051d8	4b400b93	addi	x23,x0,1204	  x0:0x00000000 x23=0x000004b4
     241515.000 ns	     24150	800051dc	00000013	addi	x0,x0,0	  x0:0x00000000
     241525.000 ns	     24151	800051e0	9c910113	addi	x2,x2,-1591	  x2:0x00000000  x2=0xfffff9c9
     241565.000 ns	     24155	800051e4	08affdd3	fsub.s	f27,f31,f10	 f31:0x42800000 f10:0x00000000 f27=0x42800000
     241905.000 ns	     24189	800051e8	18427d53	fdiv.s	f26,f4,f4	  f4:0xd0dff8e4  f4:0xd0dff8e4 f26=0x3f5ff8e4
     241925.000 ns	     24191	800051ec	c56630b7	lui	x1,0xc5663	  x1=0xc5663000
     241935.000 ns	     24192	800051f0	013030b3	sltu	x1,x0,x19	  x0:0x00000000 x19:0xffffffff  x1=0x00000001
     241955.000 ns	     24194	800051f4	29c382d3	fmin.s	f5,f7,f28	  f7:0x9f350497 f28:0x4e136cf2  f5=0x9f350497
     241985.000 ns	     24197	800051f8	298b8dd3	fmin.s	f27,f23,f24	 f23:0x7fc00000 f24:0x7fc00000 f27=0x7fc00000
     242005.000 ns	     24199	800051fc	a00fb693	sltiu	x13,x31,-1536	 x31:0x80041024 x13=0x00000001
     242025.000 ns	     24201	80005200	20e91753	fsgnjn.s	f14,f18,f14	 f18:0x7fc00000 f14:0xbf5fff6c f14=0x7fc00000
     242055.000 ns	     24204	80005204	c00b0c53	fcvt.w.s	x24,f22	 f22:0x4f100000 x24=0x7fffffff
     242085.000 ns	     24207	80005208	e0058453	fmv.x.w	x8,f11	 f11:0x7fc00000  x8=0x7fc00000
     242105.000 ns	     24209	8000520c	741bcb97	auipc	x23,0x741bc	 x23=0xf41c120c
     242115.000 ns	     24210	80005210	001280b3	add	x1,x5,x1	  x5:0x00000000  x1:0x00000001  x1=0x00000001
     242125.000 ns	     24211	80005214	00000013	addi	x0,x0,0	  x0:0x00000000
     242145.000 ns	     24213	80005218	0236a6b3	mulhsu	x13,x13,x3	 x13:0x00000001  x3:0xffff8000 x13=0x00000000
     242485.000 ns	     24247	8000521c	19a271d3	fdiv.s	f3,f4,f26	  f4:0xd0dff8e4 f26:0x3f5ff8e4  f3=0xd0fffff4
     242505.000 ns	     24249	80005220	0195d793	srli	x15,x11,0x19	 x11:0x800002d5 x15=0x00000040
     242525.000 ns	     24251	80005224	a01c00d3	fle.s	x1,f24,f1	 f24:0x7fc00000  f1:0x00000000  x1=0x00000000
     242545.000 ns	     24253	80005228	018921b3	slt	x3,x18,x24	 x18:0x00000000 x24:0x7fffffff  x3=0x00000001
     242555.000 ns	     24254	8000522c	013ba933	slt	x18,x23,x19	 x23:0xf41c120c x19:0xffffffff x18=0x00000001
     242575.000 ns	     24256	80005230	033da533	mulhsu	x10,x27,x19	 x27:0x0000000e x19:0xffffffff x10=0x0000000d
     242615.000 ns	     24260	80005234	5800f453	fsqrt.s	f8,f1	  f1:0x00000000  f8=0x00000000
     242665.000 ns	     24265	80005238	00e97b53	fadd.s	f22,f18,f14	 f18:0x7fc00000 f14:0x7fc00000 f22=0x7fc00000
     242685.000 ns	     24267	8000523c	00d5ff33	and	x30,x11,x13	 x11:0x800002d5 x13:0x00000000 x30=0x00000000
     242725.000 ns	     24271	80005240	09e60653	fsub.s	f12,f12,f30	 f12:0xc70180a4 f30:0x4f24d72c f12=0xcf24d7ae
     242755.000 ns	     24274	80005244	028d95b3	mulh	x11,x27,x8	 x27:0x0000000e  x8:0x7fc00000 x11=0x00000006
     242785.000 ns	     24277	80005248	f0058dd3	fmv.w.x	f27,x11	 x11:0x800002d5 f27=0x00000006
     242805.000 ns	     24279	8000524c	016d00b3	add	x1,x26,x22	 x26:0x00000000 x22:0x00000000  x1=0x00000000
     242825.000 ns	     24281	80005250	a07316d3	flt.s	x13,f6,f7	  f6:0x7fc00000  f7:0x9f350497 x13=0x00000000
     243195.000 ns	     24318	80005254	03b144b3	div	x9,x2,x27	  x2:0xfffff9c9 x27:0x0000000e  x9=0xffffff8f
     243215.000 ns	     24320	80005258	4aeaf093	andi	x1,x21,1198	 x21:0x00000000  x1=0x00000000
     243225.000 ns	     24321	8000525c	0026ae33	slt	x28,x13,x2	 x13:0x00000000  x2:0xfffff9c9 x28=0x00000000
     243245.000 ns	     24323	80005260	c0187253	fcvt.wu.s	x4,f16	 f16:0x4f100000  x4=0x90000000
     243265.000 ns	     24325	80005264	005a47b3	xor	x15,x20,x5	 x20:0x00000003  x5:0x00000000 x15=0x00000003
     243275.000 ns	     24326	80005268	ff8a6517	auipc	x10,0xff8a6	 x10=0x7f8ab268
     243285.000 ns	     24327	8000526c	25fd6193	ori	x3,x26,607	 x26:0x00000000  x3=0x0000025f
     243305.000 ns	     24329	80005270	02241b33	mulh	x22,x8,x2	  x8:0x7fc00000  x2:0xfffff9c9 x22=0xfffffce6
     243325.000 ns	     24331	80005274	00598633	add	x12,x19,x5	 x19:0xffffffff  x5:0x00000000 x12=0xffffffff
     243335.000 ns	     24332	80005278	285e0c93	addi	x25,x28,645	 x28:0x00000000 x25=0x00000285
     243345.000 ns	     24333	8000527c	40d65233	sra	x4,x12,x13	 x12:0x00000000 x13:0x00000000  x4=0xffffffff
     243355.000 ns	     24334	80005280	0ff4c6b7	lui	x13,0xff4c	 x13=0x0ff4c000
     243365.000 ns	     24335	80005284	ec24ab13	slti	x22,x9,-318	  x9:0xffffff8f x22=0x00000000
     243375.000 ns	     24336	80005288	78cabd13	sltiu	x26,x21,1932	 x21:0x00000000 x26=0x00000001
     243385.000 ns	     24337	8000528c	dfdfea17	auipc	x20,0xdfdfe	 x20=0x5fe0328c
     243405.000 ns	     24339	80005290	21bb82d3	fsgnj.s	f5,f23,f27	 f23:0x7fc00000 f27:0x00000006  f5=0x7fc00000
     243435.000 ns	     24342	80005294	212b82d3	fsgnj.s	f5,f23,f18	 f23:0x7fc00000 f18:0x7fc00000  f5=0x7fc00000
     243455.000 ns	     24344	80005298	00000013	addi	x0,x0,0	  x0:0x00000000
     243465.000 ns	     24345	8000529c	0186fcb3	and	x25,x13,x24	 x13:0x0ff4c000 x24:0x7fffffff x25=0x0ff4c000
     243475.000 ns	     24346	800052a0	f530cb13	xori	x22,x1,-173	  x1:0x00000000 x22=0xffffff53
     243495.000 ns	     24348	800052a4	a16e2a53	feq.s	x20,f28,f22	 f28:0x4e136cf2 f22:0x7fc00000 x20=0x00000000
     243515.000 ns	     24350	800052a8	40e9d533	sra	x10,x19,x14	 x19:0xffffffff x14:0x00000001 x10=0xffffffff
     243525.000 ns	     24351	800052ac	014bdf13	srli	x30,x23,0x14	 x23:0xf41c120c x30=0x00000f41
     243535.000 ns	     24352	800052b0	0007e433	or	x8,x15,x0	 x15:0x00000003  x0:0x00000000  x8=0x00000003
     243555.000 ns	     24354	800052b4	e0019653	fclass.s	x12,f3	  f3:0xd0fffff4 x12=0x00000002
     243585.000 ns	     24357	800052b8	03ef9633	mulh	x12,x31,x30	 x31:0x80041024 x30:0x00000f41 x12=0xfffff85f
     243615.000 ns	     24360	800052bc	d00d7253	fcvt.s.w	f4,x26	 x26:0x00000001  f4=0x3f800000
     243635.000 ns	     24362	800052c0	83364097	auipc	x1,0x83364	  x1=0x033692c0
     243655.000 ns	     24364	800052c4	a1f08bd3	fle.s	x23,f1,f31	  f1:0x00000000 f31:0x42800000 x23=0x00000001
     243695.000 ns	     24368	800052c8	58097453	fsqrt.s	f8,f18	 f18:0x7fc00000  f8=0x7fc00000
     243725.000 ns	     24371	800052cc	20c70653	fsgnj.s	f12,f14,f12	 f14:0x7fc00000 f12:0xcf24d7ae f12=0xffc00000
     243745.000 ns	     24373	800052d0	007eb433	sltu	x8,x29,x7	 x29:0x00000000  x7:0xa46577bf  x8=0x00000001
     243755.000 ns	     24374	800052d4	0086fe33	and	x28,x13,x8	 x13:0x0ff4c000  x8:0x00000003 x28=0x00000000
     243775.000 ns	     24376	800052d8	a0ff29d3	feq.s	x19,f30,f15	 f30:0x4f24d72c f15:0x4f100000 x19=0x00000000
     243805.000 ns	     24379	800052dc	21bfa753	fsgnjx.s	f14,f31,f27	 f31:0x42800000 f27:0x00000006 f14=0x42800000
     243845.000 ns	     24383	800052e0	11130a53	fmul.s	f20,f6,f17	  f6:0x7fc00000 f17:0x4e136cf2 f20=0x7fc00000
     243865.000 ns	     24385	800052e4	01011293	slli	x5,x2,0x10	  x2:0xfffff9c9  x5=0xf9c90000
     243895.000 ns	     24388	800052e8	187476d3	fdiv.s	f13,f8,f7	  f8:0x7fc00000  f7:0x9f350497 f13=0x7fc00000
     243925.000 ns	     24391	800052ec	a14689d3	fle.s	x19,f13,f20	 f13:0x42800000 f20:0x7fc00000 x19=0x00000000
     243945.000 ns	     24393	800052f0	c996a613	slti	x12,x13,-871	 x13:0x0ff4c000 x12=0x00000000
     243985.000 ns	     24397	800052f4	00fc2b53	fadd.s	f22,f24,f15	 f24:0x7fc00000 f15:0x4f100000 f22=0x7fc00000
     244005.000 ns	     24399	800052f8	2e010213	addi	x4,x2,736	  x2:0xfffff9c9  x4=0xfffffca9
     244015.000 ns	     24400	800052fc	2ab27b13	andi	x22,x4,683	  x4:0xffffffff x22=0x000000a9
     244025.000 ns	     24401	80005300	0172e1b3	or	x3,x5,x23	  x5:0xf9c90000 x23:0x00000001  x3=0xf9c90001
     244035.000 ns	     24402	80005304	15948393	addi	x7,x9,345	  x9:0xffffff8f  x7=0x000000e8
     244055.000 ns	     24404	80005308	0366b9b3	mulhu	x19,x13,x22	 x13:0x0ff4c000 x22:0x000000a9 x19=0x0000000a
     244085.000 ns	     24407	8000530c	21a599d3	fsgnjn.s	f19,f11,f26	 f11:0x7fc00000 f26:0x3f5ff8e4 f19=0xffc00000
     244115.000 ns	     24410	80005310	218d2353	fsgnjx.s	f6,f26,f24	 f26:0x3f5ff8e4 f24:0x7fc00000  f6=0x3f5ff8e4
     244145.000 ns	     24413	80005314	d0163353	fcvt.s.wu	f6,x12	 x12:0x00000000  f6=0x00000000
     244165.000 ns	     24415	80005318	005bbb33	sltu	x22,x23,x5	 x23:0x00000001  x5:0xf9c90000 x22=0x00000001
     244175.000 ns	     24416	8000531c	018554b3	srl	x9,x10,x24	 x10:0xffffffff x24:0x7fffffff  x9=0x00000001
     244535.000 ns	     24452	80005320	02af5cb3	divu	x25,x30,x10	 x30:0x00000f41 x10:0xffffffff x25=0x00000000
     244555.000 ns	     24454	80005324	0190d113	srli	x2,x1,0x19	  x1:0x033692c0  x2=0x00000001
     244575.000 ns	     24456	80005328	a10c8153	fle.s	x2,f25,f16	 f25:0x3f5fff6c f16:0x4f100000  x2=0x00000001
     244605.000 ns	     24459	8000532c	03d08bb3	mul	x23,x1,x29	  x1:0x033692c0 x29:0x00000000 x23=0x00000000
     244635.000 ns	     24462	80005330	e0041453	fclass.s	x8,f8	  f8:0x7fc00000  x8=0x00000200
     244665.000 ns	     24465	80005334	a10198d3	flt.s	x17,f3,f16	  f3:0xd0fffff4 f16:0x4f100000 x17=0x00000001
     245035.000 ns	     24502	80005338	02935633	divu	x12,x6,x9	  x6:0x00000001  x9:0x00000001 x12=0x00000001
     245065.000 ns	     24505	8000533c	a1be9ad3	flt.s	x21,f29,f27	 f29:0x5f9e1db7 f27:0x00000006 x21=0x00000000
     245095.000 ns	     24508	80005340	c000f0d3	fcvt.w.s	x1,f1	  f1:0x00000000  x1=0x00000000
     245115.000 ns	     24510	80005344	01759e93	slli	x29,x11,0x17	 x11:0x00000006 x29=0x03000000
     245135.000 ns	     24512	80005348	a1c004d3	fle.s	x9,f0,f28	  f0:0x7fc00000 f28:0x4e136cf2  x9=0x00000000
     245165.000 ns	     24515	8000534c	035fd3b3	divu	x7,x31,x21	 x31:0x80041024 x21:0x00000000  x7=0xffffffff
     245185.000 ns	     24517	80005350	406dd613	srai	x12,x27,0x6	 x27:0x0000000e x12=0x00000000
     245195.000 ns	     24518	80005354	40e75533	sra	x10,x14,x14	 x14:0x00000001 x14:0x00000001 x10=0x00000000
     245215.000 ns	     24520	80005358	034fb5b3	mulhu	x11,x31,x20	 x31:0x80041024 x20:0x00000000 x11=0x00000000
     245235.000 ns	     24522	8000535c	00000013	addi	x0,x0,0	  x0:0x00000000
     245255.000 ns	     24524	80005360	283f8e53	fmin.s	f28,f31,f3	 f31:0x42800000  f3:0xd0fffff4 f28=0xd0fffff4
     245285.000 ns	     24527	80005364	a19e9253	flt.s	x4,f29,f25	 f29:0x5f9e1db7 f25:0x3f5fff6c  x4=0x00000000
     245315.000 ns	     24530	80005368	29030253	fmin.s	f4,f6,f16	  f6:0x00000000 f16:0x4f100000  f4=0x00000000
     245345.000 ns	     24533	8000536c	c015c453	fcvt.wu.s	x8,f11	 f11:0x7fc00000  x8=0xffffffff
     245375.000 ns	     24536	80005370	a1648c53	fle.s	x24,f9,f22	  f9:0x00000000 f22:0x7fc00000 x24=0x00000000
     245395.000 ns	     24538	80005374	415fda33	sra	x20,x31,x21	 x31:0x80041024 x21:0x00000000 x20=0x80041024
     245405.000 ns	     24539	80005378	0006d913	srli	x18,x13,0x0	 x13:0x0ff4c000 x18=0x0ff4c000
     245425.000 ns	     24541	8000537c	f00b0fd3	fmv.w.x	f31,x22	 x22:0x00000001 f31=0x00000001
     245445.000 ns	     24543	80005380	000841b3	xor	x3,x16,x0	 x16:0x80040fe4  x0:0x00000000  x3=0x80040fe4
     245455.000 ns	     24544	80005384	41ef0ab3	sub	x21,x30,x30	 x30:0x00000f41 x30:0x00000f41 x21=0x00000000
     245465.000 ns	     24545	80005388	00731d33	sll	x26,x6,x7	  x6:0x00000001  x7:0xffffffff x26=0x80000000
     245475.000 ns	     24546	8000538c	0a696593	ori	x11,x18,166	 x18:0x0ff4c000 x11=0x0ff4c0a6
     245835.000 ns	     24582	80005390	02f67233	remu	x4,x12,x15	 x12:0x00000000 x15:0x00000003  x4=0x00000000
     245865.000 ns	     24585	80005394	c017b3d3	fcvt.wu.s	x7,f15	 f15:0x4f100000  x7=0x90000000
     245895.000 ns	     24588	80005398	029a0233	mul	x4,x20,x9	 x20:0x80041024  x9:0x00000000  x4=0x00000000
     245935.000 ns	     24592	8000539c	1967fbd3	fdiv.s	f23,f15,f22	 f15:0x4f100000 f22:0x7fc00000 f23=0x7fc00000
     245955.000 ns	     24594	800053a0	40ebd9b3	sra	x19,x23,x14	 x23:0x00000000 x14:0x00000001 x19=0x00000000
     245965.000 ns	     24595	800053a4	07fd7193	andi	x3,x26,127	 x26:0x80000000  x3=0x00000000
     245995.000 ns	     24598	800053a8	18ebf9d3	fdiv.s	f19,f23,f14	 f23:0x7fc00000 f14:0x42800000 f19=0x7fc00000
     246015.000 ns	     24600	800053ac	018767b3	or	x15,x14,x24	 x14:0x00000001 x24:0x00000000 x15=0x00000001
     246035.000 ns	     24602	800053b0	02a7c7b3	div	x15,x15,x10	 x15:0x00000003 x10:0x00000000 x15=0xffffffff
     246075.000 ns	     24606	800053b4	58027c53	fsqrt.s	f24,f4	  f4:0x00000000 f24=0x00000000
     246105.000 ns	     24609	800053b8	023ffe33	remu	x28,x31,x3	 x31:0x80041024  x3:0x00000000 x28=0x80041024
     246125.000 ns	     24611	800053bc	6519a793	slti	x15,x19,1617	 x19:0x00000000 x15=0x00000001
     246145.000 ns	     24613	800053c0	202694d3	fsgnjn.s	f9,f13,f2	 f13:0x7fc00000  f2:0x7fc00000  f9=0xffc00000
     246175.000 ns	     24616	800053c4	e00a86d3	fmv.x.w	x13,f21	 f21:0x4e9323a4 x13=0x4e9323a4
     246195.000 ns	     24618	800053c8	010d0333	add	x6,x26,x16	 x26:0x80000000 x16:0x80040fe4  x6=0x00040fe4
     246215.000 ns	     24620	800053cc	f00c8253	fmv.w.x	f4,x25	 x25:0x00000000  f4=0x00000000
     246245.000 ns	     24623	800053d0	21d9a4d3	fsgnjx.s	f9,f19,f29	 f19:0x7fc00000 f29:0x5f9e1db7  f9=0x7fc00000
     246275.000 ns	     24626	800053d4	d00bf553	fcvt.s.w	f10,x23	 x23:0x00000000 f10=0x00000000
     246645.000 ns	     24663	800053d8	02bdf2b3	remu	x5,x27,x11	 x27:0x0000000e x11:0x0ff4c0a6  x5=0x0000000e
     246675.000 ns	     24666	800053dc	a01e9f53	flt.s	x30,f29,f1	 f29:0x5f9e1db7  f1:0x00000000 x30=0x00000000
     246695.000 ns	     24668	800053e0	01351c13	slli	x24,x10,0x13	 x10:0x00000000 x24=0x00000000
     246715.000 ns	     24670	800053e4	d018b753	fcvt.s.wu	f14,x17	 x17:0x00000001 f14=0x3f800000
     246745.000 ns	     24673	800053e8	e0070bd3	fmv.x.w	x23,f14	 f14:0x42800000 x23=0x3f800000
     246775.000 ns	     24676	800053ec	e0080353	fmv.x.w	x6,f16	 f16:0x4f100000  x6=0x4f100000
     246795.000 ns	     24678	800053f0	c71a5997	auipc	x19,0xc71a5	 x19=0x471aa3f0
     246815.000 ns	     24680	800053f4	c0087bd3	fcvt.w.s	x23,f16	 f16:0x4f100000 x23=0x7fffffff
     246845.000 ns	     24683	800053f8	f00d87d3	fmv.w.x	f15,x27	 x27:0x0000000e f15=0x0000000e
     246875.000 ns	     24686	800053fc	0237a5b3	mulhsu	x11,x15,x3	 x15:0x00000001  x3:0x00000000 x11=0x00000000
     246895.000 ns	     24688	80005400	00789c93	slli	x25,x17,0x7	 x17:0x00000001 x25=0x00000080
     246905.000 ns	     24689	80005404	004e5f13	srli	x30,x28,0x4	 x28:0x80041024 x30=0x08004102
     246925.000 ns	     24691	80005408	c00e7bd3	fcvt.w.s	x23,f28	 f28:0xd0fffff4 x23=0x80000000
     247295.000 ns	     24728	8000540c	025678b3	remu	x17,x12,x5	 x12:0x00000000  x5:0x0000000e x17=0x00000000
     247315.000 ns	     24730	80005410	011e4933	xor	x18,x28,x17	 x28:0x80041024 x17:0x00000001 x18=0x80041024
     247325.000 ns	     24731	80005414	64108937	lui	x18,0x64108	 x18=0x64108000
     247685.000 ns	     24767	80005418	03cdfab3	remu	x21,x27,x28	 x27:0x0000000e x28:0x80041024 x21=0x0000000e
     247705.000 ns	     24769	8000541c	000ddcb3	srl	x25,x27,x0	 x27:0x0000000e  x0:0x00000000 x25=0x0000000e
     247725.000 ns	     24771	80005420	03cdbcb3	mulhu	x25,x27,x28	 x27:0x0000000e x28:0x80041024 x25=0x00000007
     247745.000 ns	     24773	80005424	6c784193	xori	x3,x16,1735	 x16:0x80040fe4  x3=0x80040923
     247765.000 ns	     24775	80005428	03aaa433	mulhsu	x8,x21,x26	 x21:0x0000000e x26:0x80000000  x8=0x00000007
     248135.000 ns	     24812	8000542c	02d9e5b3	rem	x11,x19,x13	 x19:0x471aa3f0 x13:0x4e9323a4 x11=0x471aa3f0
     248165.000 ns	     24815	80005430	288a82d3	fmin.s	f5,f21,f8	 f21:0x4e9323a4  f8:0x7fc00000  f5=0x4e9323a4
     248195.000 ns	     24818	80005434	0391a133	mulhsu	x2,x3,x25	  x3:0x80040923 x25:0x00000007  x2=0xfffffffc
     248235.000 ns	     24822	80005438	10424453	fmul.s	f8,f4,f4	  f4:0x00000000  f4:0x00000000  f8=0x00000000
     248605.000 ns	     24859	8000543c	02b3d433	divu	x8,x7,x11	  x7:0x90000000 x11:0x471aa3f0  x8=0x00000002
     248635.000 ns	     24862	80005440	d01275d3	fcvt.s.wu	f11,x4	  x4:0x00000000 f11=0x00000000
     248655.000 ns	     24864	80005444	40125bb3	sra	x23,x4,x1	  x4:0x00000000  x1:0x00000000 x23=0x00000000
     248665.000 ns	     24865	80005448	7d695797	auipc	x15,0x7d695	 x15=0xfd69a448
     248685.000 ns	     24867	8000544c	c00c4553	fcvt.w.s	x10,f24	 f24:0x00000000 x10=0x00000000
     248715.000 ns	     24870	80005450	d01cac53	fcvt.s.wu	f24,x25	 x25:0x00000007 f24=0x40e00000
     248745.000 ns	     24873	80005454	e00886d3	fmv.x.w	x13,f17	 f17:0x4e136cf2 x13=0x4e136cf2
     248775.000 ns	     24876	80005458	210a9ad3	fsgnjn.s	f21,f21,f16	 f21:0x4e9323a4 f16:0x4f100000 f21=0xce9323a4
     248795.000 ns	     24878	8000545c	016b69b3	or	x19,x22,x22	 x22:0x00000001 x22:0x00000001 x19=0x00000001
     248825.000 ns	     24881	80005460	18908a53	fdiv.s	f20,f1,f9	  f1:0x00000000  f9:0x7fc00000 f20=0x7fc00000
     248855.000 ns	     24884	80005464	a0238b53	fle.s	x22,f7,f2	  f7:0x9f350497  f2:0x7fc00000 x22=0x00000000
     248875.000 ns	     24886	80005468	c1b53513	sltiu	x10,x10,-997	 x10:0x00000000 x10=0x00000001
     248895.000 ns	     24888	8000546c	e00104d3	fmv.x.w	x9,f2	  f2:0x7fc00000  x9=0x7fc00000
     248925.000 ns	     24891	80005470	033d20b3	mulhsu	x1,x26,x19	 x26:0x80000000 x19:0x00000001  x1=0xffffffff
     248945.000 ns	     24893	80005474	92264393	xori	x7,x12,-1758	 x12:0x00000000  x7=0xfffff922
     248965.000 ns	     24895	80005478	a1fb96d3	flt.s	x13,f23,f31	 f23:0x7fc00000 f31:0x00000001 x13=0x00000000
     249015.000 ns	     24900	8000547c	00928c53	fadd.s	f24,f5,f9	  f5:0x4e9323a4  f9:0x7fc00000 f24=0x7fc00000
     249035.000 ns	     24902	80005480	80038393	addi	x7,x7,-2048	  x7:0xfffff922  x7=0xfffff122
     249065.000 ns	     24905	80005484	18f17a53	fdiv.s	f20,f2,f15	  f2:0x7fc00000 f15:0x0000000e f20=0x7fc00000
     249105.000 ns	     24909	80005488	18de70d3	fdiv.s	f1,f28,f13	 f28:0xd0fffff4 f13:0x7fc00000  f1=0x7fc00000
     249145.000 ns	     24913	8000548c	18c80cd3	fdiv.s	f25,f16,f12	 f16:0x4f100000 f12:0xffc00000 f25=0x7fc00000
     249175.000 ns	     24916	80005490	036c6033	rem	x0,x24,x22	 x24:0x00000000 x22:0x00000000
     249205.000 ns	     24919	80005494	28c81953	fmax.s	f18,f16,f12	 f16:0x4f100000 f12:0xffc00000 f18=0x4f100000
     249235.000 ns	     24922	80005498	e00e8053	fmv.x.w	x0,f29	 f29:0x5f9e1db7
     249265.000 ns	     24925	8000549c	032c93b3	mulh	x7,x25,x18	 x25:0x00000007 x18:0x64108000  x7=0x00000002
     249315.000 ns	     24930	800054a0	00461a53	fadd.s	f20,f12,f4	 f12:0xffc00000  f4:0x00000000 f20=0x7fc00000
     249335.000 ns	     24932	800054a4	5d252193	slti	x3,x10,1490	 x10:0x00000001  x3=0x00000001
     249375.000 ns	     24936	800054a8	097a73d3	fsub.s	f7,f20,f23	 f20:0x7fc00000 f23:0x7fc00000  f7=0x7fc00000
     249395.000 ns	     24938	800054ac	47a32d17	auipc	x26,0x47a32	 x26=0xc7a374ac
     249405.000 ns	     24939	800054b0	009dd933	srl	x18,x27,x9	 x27:0x0000000e  x9:0x7fc00000 x18=0x0000000e
     249415.000 ns	     24940	800054b4	9b447493	andi	x9,x8,-1612	  x8:0x00000002  x9=0x00000000
     249435.000 ns	     24942	800054b8	d00acdd3	fcvt.s.w	f27,x21	 x21:0x0000000e f27=0x41600000
     249465.000 ns	     24945	800054bc	a18ca053	feq.s	x0,f25,f24	 f25:0x7fc00000 f24:0x7fc00000
     249485.000 ns	     24947	800054c0	4c0de613	ori	x12,x27,1216	 x27:0x0000000e x12=0x000004ce
     249495.000 ns	     24948	800054c4	01385933	srl	x18,x16,x19	 x16:0x80040fe4 x19:0x00000001 x18=0x400207f2
     249515.000 ns	     24950	800054c8	e0030d53	fmv.x.w	x26,f6	  f6:0x00000000 x26=0x00000000
     249545.000 ns	     24953	800054cc	d010f3d3	fcvt.s.wu	f7,x1	  x1:0xffffffff  f7=0x4f7fffff
     249575.000 ns	     24956	800054d0	02a4b6b3	mulhu	x13,x9,x10	  x9:0x00000000 x10:0x00000001 x13=0x00000000
     249595.000 ns	     24958	800054d4	b74c2c93	slti	x25,x24,-1164	 x24:0x00000000 x25=0x00000000
     249605.000 ns	     24959	800054d8	7bc09a37	lui	x20,0x7bc09	 x20=0x7bc09000
     249615.000 ns	     24960	800054dc	4dd9f013	andi	x0,x19,1245	 x19:0x00000001
     249625.000 ns	     24961	800054e0	01cbec33	or	x24,x23,x28	 x23:0x00000000 x28:0x80041024 x24=0x80041024
     249645.000 ns	     24963	800054e4	02972d33	mulhsu	x26,x14,x9	 x14:0x00000001  x9:0x00000000 x26=0x00000000
     249675.000 ns	     24966	800054e8	e00291d3	fclass.s	x3,f5	  f5:0x4e9323a4  x3=0x00000040
     249695.000 ns	     24968	800054ec	578f4593	xori	x11,x30,1400	 x30:0x08004102 x11=0x0800447a
     249705.000 ns	     24969	800054f0	4184de93	srai	x29,x9,0x18	  x9:0x00000000 x29=0x00000000
     249715.000 ns	     24970	800054f4	00000013	addi	x0,x0,0	  x0:0x00000000
     249735.000 ns	     24972	800054f8	a16f9453	flt.s	x8,f31,f22	 f31:0x00000001 f22:0x7fc00000  x8=0x00000000
     249755.000 ns	     24974	800054fc	6a3f8c93	addi	x25,x31,1699	 x31:0x80041024 x25=0x800416c7
     249775.000 ns	     24976	80005500	d01e1bd3	fcvt.s.wu	f23,x28	 x28:0x80041024 f23=0x4f000410
     249815.000 ns	     24980	80005504	58027253	fsqrt.s	f4,f4	  f4:0x00000000  f4=0x00000000
     249845.000 ns	     24983	80005508	d0131ad3	fcvt.s.wu	f21,x6	  x6:0x4f100000 f21=0x4e9e2000
     249865.000 ns	     24985	8000550c	2b18fb13	andi	x22,x17,689	 x17:0x00000000 x22=0x00000000
     249875.000 ns	     24986	80005510	4189d1b3	sra	x3,x19,x24	 x19:0x00000001 x24:0x80041024  x3=0x00000000
     249885.000 ns	     24987	80005514	00fc5b93	srli	x23,x24,0xf	 x24:0x80041024 x23=0x00010008
     249905.000 ns	     24989	80005518	c00f7ed3	fcvt.w.s	x29,f30	 f30:0x4f24d72c x29=0x7fffffff
     249935.000 ns	     24992	8000551c	e0041653	fclass.s	x12,f8	  f8:0x00000000 x12=0x00000010
     249965.000 ns	     24995	80005520	e00f93d3	fclass.s	x7,f31	 f31:0x00000001  x7=0x00000020
     249995.000 ns	     24998	80005524	c0137f53	fcvt.wu.s	x30,f6	  f6:0x00000000 x30=0x00000000
     250035.000 ns	     25002	80005528	1051f253	fmul.s	f4,f3,f5	  f3:0xd0fffff4  f5:0x4e9323a4  f4=0xe013239d
     250055.000 ns	     25004	8000552c	01557d33	and	x26,x10,x21	 x10:0x00000001 x21:0x0000000e x26=0x00000000
     250065.000 ns	     25005	80005530	01c8db13	srli	x22,x17,0x1c	 x17:0x00000000 x22=0x00000000
     250085.000 ns	     25007	80005534	e00790d3	fclass.s	x1,f15	 f15:0x0000000e  x1=0x00000020
     250105.000 ns	     25009	80005538	d6d33c13	sltiu	x24,x6,-659	  x6:0x4f100000 x24=0x00000001
     250125.000 ns	     25011	8000553c	29220bd3	fmin.s	f23,f4,f18	  f4:0xe013239d f18:0x4f100000 f23=0xe013239d
     250145.000 ns	     25013	80005540	007cb533	sltu	x10,x25,x7	 x25:0x800416c7  x7:0x00000020 x10=0x00000000
     250155.000 ns	     25014	80005544	f1874313	xori	x6,x14,-232	 x14:0x00000001  x6=0xffffff19
     250195.000 ns	     25018	80005548	083575d3	fsub.s	f11,f10,f3	 f10:0x00000000  f3:0xd0fffff4 f11=0x50fffff4
     250225.000 ns	     25021	8000554c	a07e1053	flt.s	x0,f28,f7	 f28:0xd0fffff4  f7:0x4f7fffff
     250255.000 ns	     25024	80005550	02ea2f33	mulhsu	x30,x20,x14	 x20:0x7bc09000 x14:0x00000001 x30=0x00000000
     250285.000 ns	     25027	80005554	0230c233	div	x4,x1,x3	  x1:0x00000020  x3:0x00000000  x4=0xffffffff
     250305.000 ns	     25029	80005558	40728333	sub	x6,x5,x7	  x5:0x0000000e  x7:0x00000020  x6=0xffffffee
     250315.000 ns	     25030	8000555c	00000013	addi	x0,x0,0	  x0:0x00000000
     250335.000 ns	     25032	80005560	029607b3	mul	x15,x12,x9	 x12:0x00000010  x9:0x00000000 x15=0x00000000
     250355.000 ns	     25034	80005564	40558533	sub	x10,x11,x5	 x11:0x0800447a  x5:0x0000000e x10=0x0800446c
     250365.000 ns	     25035	80005568	00a36cb3	or	x25,x6,x10	  x6:0xffffffee x10:0x00000000 x25=0xffffffee
     250385.000 ns	     25037	8000556c	209f97d3	fsgnjn.s	f15,f31,f9	 f31:0x00000001  f9:0x7fc00000 f15=0x80000001
     250415.000 ns	     25040	80005570	02fbe4b3	rem	x9,x23,x15	 x23:0x00010008 x15:0x00000000  x9=0x00010008
     250445.000 ns	     25043	80005574	028f9bb3	mulh	x23,x31,x8	 x31:0x80041024  x8:0x00000000 x23=0x00000000
     250475.000 ns	     25046	80005578	20c9ab53	fsgnjx.s	f22,f19,f12	 f19:0x7fc00000 f12:0xffc00000 f22=0xffc00000
     250505.000 ns	     25049	8000557c	02df7233	remu	x4,x30,x13	 x30:0x00000000 x13:0x00000000  x4=0x00000000
     250535.000 ns	     25052	80005580	c0177c53	fcvt.wu.s	x24,f14	 f14:0x3f800000 x24=0x00000001
     250555.000 ns	     25054	80005584	0093f233	and	x4,x7,x9	  x7:0x00000020  x9:0x00010008  x4=0x00000000
     250915.000 ns	     25090	80005588	0305fe33	remu	x28,x11,x16	 x11:0x0800447a x16:0x80040fe4 x28=0x0800447a
     250935.000 ns	     25092	8000558c	8b0ea293	slti	x5,x29,-1872	 x29:0x7fffffff  x5=0x00000000
     250945.000 ns	     25093	80005590	00d3d593	srli	x11,x7,0xd	  x7:0x00000020 x11=0x00000000
     250955.000 ns	     25094	80005594	bc134793	xori	x15,x6,-1087	  x6:0xffffffee x15=0x0000042f
     250965.000 ns	     25095	80005598	81ea3937	lui	x18,0x81ea3	 x18=0x81ea3000
     250975.000 ns	     25096	8000559c	010b3333	sltu	x6,x22,x16	 x22:0x00000000 x16:0x80040fe4  x6=0x00000001
     251335.000 ns	     25132	800055a0	03d84233	div	x4,x16,x29	 x16:0x80040fe4 x29:0x7fffffff  x4=0x00000000
     251365.000 ns	     25135	800055a4	a0578953	fle.s	x18,f15,f5	 f15:0x80000001  f5:0x4e9323a4 x18=0x00000001
     251385.000 ns	     25137	800055a8	00000013	addi	x0,x0,0	  x0:0x00000000
     251395.000 ns	     25138	800055ac	533170b7	lui	x1,0x53317	  x1=0x53317000
     251425.000 ns	     25141	800055b0	104bb153	fmul.s	f2,f23,f4	 f23:0xe013239d  f4:0xe013239d  f2=0x7f800000
     251445.000 ns	     25143	800055b4	014fb733	sltu	x14,x31,x20	 x31:0x80041024 x20:0x7bc09000 x14=0x00000000
     251465.000 ns	     25145	800055b8	29ec02d3	fmin.s	f5,f24,f30	 f24:0x7fc00000 f30:0x4f24d72c  f5=0x4f24d72c
     251485.000 ns	     25147	800055bc	401cdf33	sra	x30,x25,x1	 x25:0xffffffee  x1:0x53317000 x30=0xffffffee
     251505.000 ns	     25149	800055c0	a09e14d3	flt.s	x9,f28,f9	 f28:0xd0fffff4  f9:0x7fc00000  x9=0x00000000
     251525.000 ns	     25151	800055c4	c7783293	sltiu	x5,x16,-905	 x16:0x80040fe4  x5=0x00000001
     251535.000 ns	     25152	800055c8	011c4933	xor	x18,x24,x17	 x24:0x00000001 x17:0x00000000 x18=0x00000001
     251555.000 ns	     25154	800055cc	c01788d3	fcvt.wu.s	x17,f15	 f15:0x80000001 x17=0x00000000
     251585.000 ns	     25157	800055d0	29870f53	fmin.s	f30,f14,f24	 f14:0x3f800000 f24:0x7fc00000 f30=0x3f800000
     251615.000 ns	     25160	800055d4	0284e333	rem	x6,x9,x8	  x9:0x00000000  x8:0x00000000  x6=0x00000000
     251635.000 ns	     25162	800055d8	37d7ac97	auipc	x25,0x37d7a	 x25=0xb7d7f5d8
     251645.000 ns	     25163	800055dc	fe11aa93	slti	x21,x3,-31	  x3:0x00000000 x21=0x00000000
     251655.000 ns	     25164	800055e0	01f245b3	xor	x11,x4,x31	  x4:0x00000000 x31:0x80041024 x11=0x80041024
     251675.000 ns	     25166	800055e4	03e41733	mulh	x14,x8,x30	  x8:0x00000000 x30:0xffffffee x14=0x00000000
     251695.000 ns	     25168	800055e8	00c95013	srli	x0,x18,0xc	 x18:0x00000001
     251715.000 ns	     25170	800055ec	29ae9ad3	fmax.s	f21,f29,f26	 f29:0x5f9e1db7 f26:0x3f5ff8e4 f21=0x5f9e1db7
     251735.000 ns	     25172	800055f0	41b9d4b3	sra	x9,x19,x27	 x19:0x00000001 x27:0x0000000e  x9=0x00000000
     251745.000 ns	     25173	800055f4	00ec8b33	add	x22,x25,x14	 x25:0xb7d7f5d8 x14:0x00000000 x22=0xb7d7f5d8
     251755.000 ns	     25174	800055f8	014f1533	sll	x10,x30,x20	 x30:0xffffffee x20:0x7bc09000 x10=0xffffffee
     251775.000 ns	     25176	800055fc	20388453	fsgnj.s	f8,f17,f3	 f17:0x4e136cf2  f3:0xd0fffff4  f8=0xce136cf2
     251805.000 ns	     25179	80005600	c017fcd3	fcvt.wu.s	x25,f15	 f15:0x80000001 x25=0x00000000
     251835.000 ns	     25182	80005604	f00f8553	fmv.w.x	f10,x31	 x31:0x80041024 f10=0x80041024
     251855.000 ns	     25184	80005608	00c21a13	slli	x20,x4,0xc	  x4:0x00000000 x20=0x00000000
     251865.000 ns	     25185	8000560c	009acab3	xor	x21,x21,x9	 x21:0x00000000  x9:0x00000000 x21=0x00000000
     251875.000 ns	     25186	80005610	007a6133	or	x2,x20,x7	 x20:0x7bc09000  x7:0x00000020  x2=0x00000020
     251895.000 ns	     25188	80005614	2179a153	fsgnjx.s	f2,f19,f23	 f19:0x7fc00000 f23:0xe013239d  f2=0xffc00000
     251915.000 ns	     25190	80005618	b100e793	ori	x15,x1,-1264	  x1:0x53317000 x15=0xfffffb10
     251955.000 ns	     25194	8000561c	011bf153	fadd.s	f2,f23,f17	 f23:0xe013239d f17:0x4e136cf2  f2=0xe013239c
     251985.000 ns	     25197	80005620	030fb1b3	mulhu	x3,x31,x16	 x31:0x80041024 x16:0x80040fe4  x3=0x40041014
     252005.000 ns	     25199	80005624	c0dc6393	ori	x7,x24,-1011	 x24:0x00000001  x7=0xfffffc0d
     252025.000 ns	     25201	80005628	21de11d3	fsgnjn.s	f3,f28,f29	 f28:0xd0fffff4 f29:0x5f9e1db7  f3=0xd0fffff4
     252045.000 ns	     25203	8000562c	018cc7b3	xor	x15,x25,x24	 x25:0x00000000 x24:0x00000001 x15=0x00000001
     252055.000 ns	     25204	80005630	01cc5013	srli	x0,x24,0x1c	 x24:0x00000001
     252075.000 ns	     25206	80005634	02a02433	mulhsu	x8,x0,x10	  x0:0x00000000 x10:0xffffffee  x8=0x00000000
     252105.000 ns	     25209	80005638	d015fd53	fcvt.s.wu	f26,x11	 x11:0x80041024 f26=0x4f000410
     252125.000 ns	     25211	8000563c	01500bb3	add	x23,x0,x21	  x0:0x00000000 x21:0x00000000 x23=0x00000000
     252135.000 ns	     25212	80005640	a9f64213	xori	x4,x12,-1377	 x12:0x00000010  x4=0xfffffa8f
     252145.000 ns	     25213	80005644	40aad133	sra	x2,x21,x10	 x21:0x00000000 x10:0xffffffee  x2=0x00000000
     252505.000 ns	     25249	80005648	0273d233	divu	x4,x7,x7	  x7:0xfffffc0d  x7:0xfffffc0d  x4=0x00000001
     252525.000 ns	     25251	8000564c	00ac6033	or	x0,x24,x10	 x24:0x00000001 x10:0xffffffee
     252535.000 ns	     25252	80005650	72e3b593	sltiu	x11,x7,1838	  x7:0xfffffc0d x11=0x00000000
     252545.000 ns	     25253	80005654	01f092b3	sll	x5,x1,x31	  x1:0x53317000 x31:0x80041024  x5=0x33170000
     252565.000 ns	     25255	80005658	03363f33	mulhu	x30,x12,x19	 x12:0x00000010 x19:0x00000001 x30=0x00000000
     252585.000 ns	     25257	8000565c	017f5193	srli	x3,x30,0x17	 x30:0xffffffee  x3=0x00000000
     252595.000 ns	     25258	80005660	018fb633	sltu	x12,x31,x24	 x31:0x80041024 x24:0x00000001 x12=0x00000000
     252605.000 ns	     25259	80005664	a7b3cab7	lui	x21,0xa7b3c	 x21=0xa7b3c000
     252615.000 ns	     25260	80005668	51758393	addi	x7,x11,1303	 x11:0x00000000  x7=0x00000517
     252625.000 ns	     25261	8000566c	005e6c33	or	x24,x28,x5	 x28:0x0800447a  x5:0x33170000 x24=0x3b17447a
     252645.000 ns	     25263	80005670	a008a4d3	feq.s	x9,f17,f0	 f17:0x4e136cf2  f0:0x7fc00000  x9=0x00000000
     252675.000 ns	     25266	80005674	293e04d3	fmin.s	f9,f28,f19	 f28:0xd0fffff4 f19:0x7fc00000  f9=0xd0fffff4
     252695.000 ns	     25268	80005678	2abaf4b7	lui	x9,0x2abaf	  x9=0x2abaf000
     253055.000 ns	     25304	8000567c	03dd51b3	divu	x3,x26,x29	 x26:0x00000000 x29:0x7fffffff  x3=0x00000000
     253085.000 ns	     25307	80005680	e00e1c53	fclass.s	x24,f28	 f28:0xd0fffff4 x24=0x00000002
     253105.000 ns	     25309	80005684	f5b97193	andi	x3,x18,-165	 x18:0x00000001  x3=0x00000001
     253115.000 ns	     25310	80005688	41c58033	sub	x0,x11,x28	 x11:0x00000000 x28:0x0800447a
     253475.000 ns	     25346	8000568c	02986cb3	rem	x25,x16,x9	 x16:0x80040fe4  x9:0x2abaf000 x25=0xd579efe4
     253505.000 ns	     25349	80005690	216514d3	fsgnjn.s	f9,f10,f22	 f10:0x80041024 f22:0xffc00000  f9=0x00041024
     253525.000 ns	     25351	80005694	7e946c13	ori	x24,x8,2025	  x8:0x00000000 x24=0x000007e9
     253535.000 ns	     25352	80005698	00000013	addi	x0,x0,0	  x0:0x00000000
     253555.000 ns	     25354	8000569c	c01c96d3	fcvt.wu.s	x13,f25	 f25:0x7fc00000 x13=0xffffffff
     253585.000 ns	     25357	800056a0	d00084d3	fcvt.s.w	f9,x1	  x1:0x53317000  f9=0x4ea662e0
     253615.000 ns	     25360	800056a4	d014f3d3	fcvt.s.wu	f7,x9	  x9:0x2abaf000  f7=0x4e2aebc0
     253985.000 ns	     25397	800056a8	027bc7b3	div	x15,x23,x7	 x23:0x00000000  x7:0x00000517 x15=0x00000000
     254015.000 ns	     25400	800056ac	0221a033	mulhsu	x0,x3,x2	  x3:0x00000001  x2:0x00000000
     254355.000 ns	     25434	800056b0	183fcc53	fdiv.s	f24,f31,f3	 f31:0x00000001  f3:0xd0fffff4 f24=0x80000000
     254385.000 ns	     25437	800056b4	02b689b3	mul	x19,x13,x11	 x13:0xffffffff x11:0x00000000 x19=0x00000000
     254405.000 ns	     25439	800056b8	007f5c33	srl	x24,x30,x7	 x30:0x00000000  x7:0x00000517 x24=0x00000000
     254425.000 ns	     25441	800056bc	28591753	fmax.s	f14,f18,f5	 f18:0x4f100000  f5:0x4f24d72c f14=0x4f24d72c
     254445.000 ns	     25443	800056c0	ae7c0693	addi	x13,x24,-1305	 x24:0x000007e9 x13=0xfffffae7
     254455.000 ns	     25444	800056c4	003ed2b3	srl	x5,x29,x3	 x29:0x7fffffff  x3:0x00000001  x5=0x3fffffff
     254465.000 ns	     25445	800056c8	00e14ab3	xor	x21,x2,x14	  x2:0x00000000 x14:0x00000000 x21=0x00000000
     254485.000 ns	     25447	800056cc	021fbe33	mulhu	x28,x31,x1	 x31:0x80041024  x1:0x53317000 x28=0x299a0a04
     254515.000 ns	     25450	800056d0	c00e4ad3	fcvt.w.s	x21,f28	 f28:0xd0fffff4 x21=0x80000000
     254545.000 ns	     25453	800056d4	28c496d3	fmax.s	f13,f9,f12	  f9:0x4ea662e0 f12:0xffc00000 f13=0x4ea662e0
     254565.000 ns	     25455	800056d8	00c03a33	sltu	x20,x0,x12	  x0:0x00000000 x12:0x00000000 x20=0x00000000
     254575.000 ns	     25456	800056dc	015d5233	srl	x4,x26,x21	 x26:0x00000000 x21:0x80000000  x4=0x00000000
     254595.000 ns	     25458	800056e0	21c98cd3	fsgnj.s	f25,f19,f28	 f19:0x7fc00000 f28:0xd0fffff4 f25=0xffc00000
     254625.000 ns	     25461	800056e4	21718153	fsgnj.s	f2,f3,f23	  f3:0xd0fffff4 f23:0xe013239d  f2=0xd0fffff4
     254655.000 ns	     25464	800056e8	28380b53	fmin.s	f22,f16,f3	 f16:0x4f100000  f3:0xd0fffff4 f22=0xd0fffff4
     254685.000 ns	     25467	800056ec	28f51453	fmax.s	f8,f10,f15	 f10:0x80041024 f15:0x80000001  f8=0x80000001
     254705.000 ns	     25469	800056f0	011cd713	srli	x14,x25,0x11	 x25:0xd579efe4 x14=0x00006abc
     254725.000 ns	     25471	800056f4	c016fc53	fcvt.wu.s	x24,f13	 f13:0x4ea662e0 x24=0x53317000
     254745.000 ns	     25473	800056f8	012bb933	sltu	x18,x23,x18	 x23:0x00000000 x18:0x00000001 x18=0x00000001
     255915.000 ns	     25590	800056fc	5803f8d3	fsqrt.s	f17,f7	  f7:0x4e2aebc0 f17=0x4671b790
     255935.000 ns	     25592	80005700	00499013	slli	x0,x19,0x4	 x19:0x00000000
     255945.000 ns	     25593	80005704	e5296e93	ori	x29,x18,-430	 x18:0x00000001 x29=0xfffffe53
     255965.000 ns	     25595	80005708	c01f0753	fcvt.wu.s	x14,f30	 f30:0x3f800000 x14=0x00000001
     255985.000 ns	     25597	8000570c	0025f233	and	x4,x11,x2	 x11:0x00000000  x2:0x00000000  x4=0x00000000
     256345.000 ns	     25633	80005710	03d8df33	divu	x30,x17,x29	 x17:0x00000000 x29:0xfffffe53 x30=0x00000000
     256365.000 ns	     25635	80005714	40cb5ab3	sra	x21,x22,x12	 x22:0xb7d7f5d8 x12:0x00000000 x21=0xb7d7f5d8
     256375.000 ns	     25636	80005718	00fc9693	slli	x13,x25,0xf	 x25:0xd579efe4 x13=0xf7f20000
     256405.000 ns	     25639	8000571c	580377d3	fsqrt.s	f15,f6	  f6:0x00000000 f15=0x00000000
     256435.000 ns	     25642	80005720	e00292d3	fclass.s	x5,f5	  f5:0x4f24d72c  x5=0x00000040
     256465.000 ns	     25645	80005724	201f9253	fsgnjn.s	f4,f31,f1	 f31:0x00000001  f1:0x7fc00000  f4=0x80000001
     256495.000 ns	     25648	80005728	02043333	mulhu	x6,x8,x0	  x8:0x00000000  x0:0x00000000  x6=0x00000000
     256515.000 ns	     25650	8000572c	b6008793	addi	x15,x1,-1184	  x1:0x53317000 x15=0x53316b60
     256525.000 ns	     25651	80005730	00b37bb3	and	x23,x6,x11	  x6:0x00000000 x11:0x00000000 x23=0x00000000
     256535.000 ns	     25652	80005734	3cbba293	slti	x5,x23,971	 x23:0x00000000  x5=0x00000001
     256555.000 ns	     25654	80005738	205f00d3	fsgnj.s	f1,f30,f5	 f30:0x3f800000  f5:0x4f24d72c  f1=0x3f800000
     256585.000 ns	     25657	8000573c	03e003b3	mul	x7,x0,x30	  x0:0x00000000 x30:0x00000000  x7=0x00000000
     256615.000 ns	     25660	80005740	28720ed3	fmin.s	f29,f4,f7	  f4:0x80000001  f7:0x4e2aebc0 f29=0x80000001
     256635.000 ns	     25662	80005744	01451e93	slli	x29,x10,0x14	 x10:0xffffffee x29=0xfee00000
     256655.000 ns	     25664	80005748	c0143e53	fcvt.wu.s	x28,f8	  f8:0x80000001 x28=0x00000000
     256675.000 ns	     25666	8000574c	015a2c13	slti	x24,x20,21	 x20:0x00000000 x24=0x00000001
     256685.000 ns	     25667	80005750	8f1ee913	ori	x18,x29,-1807	 x29:0xfee00000 x18=0xfffff8f1
     256715.000 ns	     25670	80005754	580b0c53	fsqrt.s	f24,f22	 f22:0xd0fffff4 f24=0x7fc00000
     257085.000 ns	     25707	80005758	035e7ab3	remu	x21,x28,x21	 x28:0x00000000 x21:0xb7d7f5d8 x21=0x00000000
     257105.000 ns	     25709	8000575c	011932b3	sltu	x5,x18,x17	 x18:0xfffff8f1 x17:0x00000000  x5=0x00000000
     257125.000 ns	     25711	80005760	a17aa7d3	feq.s	x15,f21,f23	 f21:0x5f9e1db7 f23:0xe013239d x15=0x00000000
     257165.000 ns	     25715	80005764	102c2f53	fmul.s	f30,f24,f2	 f24:0x7fc00000  f2:0xd0fffff4 f30=0x7fc00000
     257195.000 ns	     25718	80005768	2002acd3	fsgnjx.s	f25,f5,f0	  f5:0x4f24d72c  f0:0x7fc00000 f25=0x4f24d72c
     257225.000 ns	     25721	8000576c	28d88253	fmin.s	f4,f17,f13	 f17:0x4671b790 f13:0x4ea662e0  f4=0x4671b790
     257245.000 ns	     25723	80005770	01e46633	or	x12,x8,x30	  x8:0x00000000 x30:0x00000000 x12=0x00000000
     257265.000 ns	     25725	80005774	03e4b2b3	mulhu	x5,x9,x30	  x9:0x2abaf000 x30:0x00000000  x5=0x00000000
     257285.000 ns	     25727	80005778	f8e36293	ori	x5,x6,-114	  x6:0x00000000  x5=0xffffff8e
     257305.000 ns	     25729	8000577c	c01e7653	fcvt.wu.s	x12,f28	 f28:0xd0fffff4 x12=0x00000000
     257335.000 ns	     25732	80005780	d00038d3	fcvt.s.w	f17,x0	  x0:0x00000000 f17=0x00000000
     257355.000 ns	     25734	80005784	df650d13	addi	x26,x10,-522	 x10:0xffffffee x26=0xfffffde4
     257365.000 ns	     25735	80005788	8717fe93	andi	x29,x15,-1935	 x15:0x00000000 x29=0x00000000
     257375.000 ns	     25736	8000578c	418303b3	sub	x7,x6,x24	  x6:0x00000000 x24:0x00000001  x7=0xffffffff
     257415.000 ns	     25740	80005790	08a8fe53	fsub.s	f28,f17,f10	 f17:0x00000000 f10:0x80041024 f28=0x00041024
     257445.000 ns	     25743	80005794	c0154953	fcvt.wu.s	x18,f10	 f10:0x80041024 x18=0x00000000
     257465.000 ns	     25745	80005798	757d3213	sltiu	x4,x26,1879	 x26:0xfffffde4  x4=0x00000000
     257475.000 ns	     25746	8000579c	4102d493	srai	x9,x5,0x10	  x5:0xffffff8e  x9=0xffffffff
     257495.000 ns	     25748	800057a0	c00c7cd3	fcvt.w.s	x25,f24	 f24:0x7fc00000 x25=0x7fffffff
     257515.000 ns	     25750	800057a4	f4796013	ori	x0,x18,-185	 x18:0x00000000
     257535.000 ns	     25752	800057a8	02656cb3	rem	x25,x10,x6	 x10:0xffffffee  x6:0x00000000 x25=0xffffffee
     257555.000 ns	     25754	800057ac	4176d193	srai	x3,x13,0x17	 x13:0xf7f20000  x3=0xffffffef
     257565.000 ns	     25755	800057b0	4d58ec13	ori	x24,x17,1237	 x17:0x00000000 x24=0x000004d5
     257575.000 ns	     25756	800057b4	8914a013	slti	x0,x9,-1903	  x9:0xffffffff
     257595.000 ns	     25758	800057b8	203718d3	fsgnjn.s	f17,f14,f3	 f14:0x4f24d72c  f3:0xd0fffff4 f17=0x4f24d72c
     257625.000 ns	     25761	800057bc	03ed3233	mulhu	x4,x26,x30	 x26:0xfffffde4 x30:0x00000000  x4=0x00000000
     257655.000 ns	     25764	800057c0	03d025b3	mulhsu	x11,x0,x29	  x0:0x00000000 x29:0x00000000 x11=0x00000000
     257675.000 ns	     25766	800057c4	5a8af393	andi	x7,x21,1448	 x21:0x00000000  x7=0x00000000
     257685.000 ns	     25767	800057c8	4be9c793	xori	x15,x19,1214	 x19:0x00000000 x15=0x000004be
     257705.000 ns	     25769	800057cc	207c07d3	fsgnj.s	f15,f24,f7	 f24:0x7fc00000  f7:0x4e2aebc0 f15=0x7fc00000
     257755.000 ns	     25774	800057d0	00e44053	fadd.s	f0,f8,f14	  f8:0x80000001 f14:0x4f24d72c  f0=0x4f24d72c
     257785.000 ns	     25777	800057d4	e0041953	fclass.s	x18,f8	  f8:0x80000001 x18=0x00000004
     258965.000 ns	     25895	800057d8	580072d3	fsqrt.s	f5,f0	  f0:0x4f24d72c  f5=0x46e91e26
     258985.000 ns	     25897	800057dc	ba803593	sltiu	x11,x0,-1112	  x0:0x00000000 x11=0x00000001
     259005.000 ns	     25899	800057e0	c01384d3	fcvt.wu.s	x9,f7	  f7:0x4e2aebc0  x9=0x2abaf000
     259035.000 ns	     25902	800057e4	a1ac9653	flt.s	x12,f25,f26	 f25:0x4f24d72c f26:0x4f000410 x12=0x00000000
     259055.000 ns	     25904	800057e8	01a6ea33	or	x20,x13,x26	 x13:0xf7f20000 x26:0xfffffde4 x20=0xfffffde4
     259095.000 ns	     25908	800057ec	01b9c9d3	fadd.s	f19,f19,f27	 f19:0x7fc00000 f27:0x41600000 f19=0x7fc00000
     259125.000 ns	     25911	800057f0	21c22653	fsgnjx.s	f12,f4,f28	  f4:0x4671b790 f28:0x00041024 f12=0x4671b790
     259145.000 ns	     25913	800057f4	00000013	addi	x0,x0,0	  x0:0x00000000
     259155.000 ns	     25914	800057f8	00385193	srli	x3,x16,0x3	 x16:0x80040fe4  x3=0x100081fc
     259175.000 ns	     25916	800057fc	03589733	mulh	x14,x17,x21	 x17:0x00000000 x21:0x00000000 x14=0x00000000
     259205.000 ns	     25919	80005800	e0009353	fclass.s	x6,f1	  f1:0x3f800000  x6=0x00000040
     259225.000 ns	     25921	80005804	1e386137	lui	x2,0x1e386	  x2=0x1e386000
     259235.000 ns	     25922	80005808	002a41b3	xor	x3,x20,x2	 x20:0xfffffde4  x2:0x00000000  x3=0xe1c79de4
     259255.000 ns	     25924	8000580c	29091253	fmax.s	f4,f18,f16	 f18:0x4f100000 f16:0x4f100000  f4=0x4f100000
     259285.000 ns	     25927	80005810	a118a2d3	feq.s	x5,f17,f17	 f17:0x4f24d72c f17:0x4f24d72c  x5=0x00000001
     259655.000 ns	     25964	80005814	0257e533	rem	x10,x15,x5	 x15:0x000004be  x5:0xffffff8e x10=0x00000000
     259675.000 ns	     25966	80005818	00ca44b3	xor	x9,x20,x12	 x20:0xfffffde4 x12:0x00000000  x9=0xfffffde4
     259685.000 ns	     25967	8000581c	405f81b3	sub	x3,x31,x5	 x31:0x80041024  x5:0x00000001  x3=0x80041023
     259695.000 ns	     25968	80005820	1b220093	addi	x1,x4,434	  x4:0x00000000  x1=0x000001b2
     259705.000 ns	     25969	80005824	41d30ab3	sub	x21,x6,x29	  x6:0x00000040 x29:0x00000000 x21=0x00000040
     259725.000 ns	     25971	80005828	20491053	fsgnjn.s	f0,f18,f4	 f18:0x4f100000  f4:0x4f100000  f0=0xcf100000
     259745.000 ns	     25973	8000582c	0188e6b3	or	x13,x17,x24	 x17:0x00000000 x24:0x000004d5 x13=0x000004d5
     259785.000 ns	     25977	80005830	082616d3	fsub.s	f13,f12,f2	 f12:0x4671b790  f2:0xd0fffff4 f13=0x50fffffb
     259805.000 ns	     25979	80005834	ce0fe417	auipc	x8,0xce0fe	  x8=0x4e103834
     259815.000 ns	     25980	80005838	01341d13	slli	x26,x8,0x13	  x8:0x00000000 x26=0xc1a00000
     259845.000 ns	     25983	8000583c	10317b53	fmul.s	f22,f2,f3	  f2:0xd0fffff4  f3:0xd0fffff4 f22=0x627fffe8
     259865.000 ns	     25985	80005840	411b8233	sub	x4,x23,x17	 x23:0x00000000 x17:0x00000000  x4=0x00000000
     259875.000 ns	     25986	80005844	00889413	slli	x8,x17,0x8	 x17:0x00000000  x8=0x00000000
     259895.000 ns	     25988	80005848	21f089d3	fsgnj.s	f19,f1,f31	  f1:0x3f800000 f31:0x00000001 f19=0x3f800000
     261075.000 ns	     26106	8000584c	58069c53	fsqrt.s	f24,f13	 f13:0x50fffffb f24=0x483504a9
     261105.000 ns	     26109	80005850	20930bd3	fsgnj.s	f23,f6,f9	  f6:0x00000000  f9:0x4ea662e0 f23=0x00000000
     261125.000 ns	     26111	80005854	00634533	xor	x10,x6,x6	  x6:0x00000040  x6:0x00000040 x10=0x00000000
     261135.000 ns	     26112	80005858	40aa7e93	andi	x29,x20,1034	 x20:0xfffffde4 x29=0x00000400
     261165.000 ns	     26115	8000585c	11099753	fmul.s	f14,f19,f16	 f19:0x3f800000 f16:0x4f100000 f14=0x4f100000
     261195.000 ns	     26118	80005860	21088a53	fsgnj.s	f20,f17,f16	 f17:0x4f24d72c f16:0x4f100000 f20=0x4f24d72c
     261215.000 ns	     26120	80005864	00000013	addi	x0,x0,0	  x0:0x00000000
     261235.000 ns	     26122	80005868	20c40ed3	fsgnj.s	f29,f8,f12	  f8:0x80000001 f12:0x4671b790 f29=0x00000001
     261255.000 ns	     26124	8000586c	00000013	addi	x0,x0,0	  x0:0x00000000
     261275.000 ns	     26126	80005870	02a51133	mulh	x2,x10,x10	 x10:0x00000000 x10:0x00000000  x2=0x00000000
     261295.000 ns	     26128	80005874	00000013	addi	x0,x0,0	  x0:0x00000000
     261335.000 ns	     26132	80005878	09a3f553	fsub.s	f10,f7,f26	  f7:0x4e2aebc0 f26:0x4f000410 f10=0xceaa9240
     261705.000 ns	     26169	8000587c	03564f33	div	x30,x12,x21	 x12:0x00000000 x21:0x00000040 x30=0x00000000
     261725.000 ns	     26171	80005880	11986297	auipc	x5,0x11986	  x5=0x9198b880
     261735.000 ns	     26172	80005884	00000013	addi	x0,x0,0	  x0:0x00000000
     261745.000 ns	     26173	80005888	419dd633	sra	x12,x27,x25	 x27:0x0000000e x25:0xffffffee x12=0x00000000
     261755.000 ns	     26174	8000588c	cbedf593	andi	x11,x27,-834	 x27:0x0000000e x11=0x0000000e
     261765.000 ns	     26175	80005890	419b52b3	sra	x5,x22,x25	 x22:0xb7d7f5d8 x25:0xffffffee  x5=0xfffedf5f
     262095.000 ns	     26208	80005894	18153a53	fdiv.s	f20,f10,f1	 f10:0xceaa9240  f1:0x3f800000 f20=0xceaa91bb
     262115.000 ns	     26210	80005898	538da593	slti	x11,x27,1336	 x27:0x0000000e x11=0x00000001
     262125.000 ns	     26211	8000589c	01c598b3	sll	x17,x11,x28	 x11:0x0000000e x28:0x00000000 x17=0x00000001
     262135.000 ns	     26212	800058a0	01f8f633	and	x12,x17,x31	 x17:0x00000000 x31:0x80041024 x12=0x00000000
     262155.000 ns	     26214	800058a4	033a0033	mul	x0,x20,x19	 x20:0xfffffde4 x19:0x00000000
     262185.000 ns	     26217	800058a8	02ce09b3	mul	x19,x28,x12	 x28:0x00000000 x12:0x00000000 x19=0x00000000
     262205.000 ns	     26219	800058ac	ebd64613	xori	x12,x12,-323	 x12:0x00000000 x12=0xfffffebd
     262565.000 ns	     26255	800058b0	03aac9b3	div	x19,x21,x26	 x21:0x00000040 x26:0xc1a00000 x19=0x00000000
     262595.000 ns	     26258	800058b4	a1d905d3	fle.s	x11,f18,f29	 f18:0x4f100000 f29:0x00000001 x11=0x00000000
     262965.000 ns	     26295	800058b8	03dfe2b3	rem	x5,x31,x29	 x31:0x80041024 x29:0x00000400  x5=0xfffffc24
     262985.000 ns	     26297	800058bc	40d3d933	sra	x18,x7,x13	  x7:0x00000000 x13:0x000004d5 x18=0x00000000
     262995.000 ns	     26298	800058c0	856ce893	ori	x17,x25,-1962	 x25:0xffffffee x17=0xfffffffe
     263015.000 ns	     26300	800058c4	d00677d3	fcvt.s.w	f15,x12	 x12:0xfffffebd f15=0xc3a18000
     263045.000 ns	     26303	800058c8	d005ae53	fcvt.s.w	f28,x11	 x11:0x00000000 f28=0x00000000
     263415.000 ns	     26340	800058cc	0358e233	rem	x4,x17,x21	 x17:0xfffffffe x21:0x00000040  x4=0xfffffffe
     263445.000 ns	     26343	800058d0	206007d3	fsgnj.s	f15,f0,f6	  f0:0xcf100000  f6:0x00000000 f15=0x4f100000
     263475.000 ns	     26346	800058d4	217b2dd3	fsgnjx.s	f27,f22,f23	 f22:0x627fffe8 f23:0x00000000 f27=0x627fffe8
     263515.000 ns	     26350	800058d8	100d7d53	fmul.s	f26,f26,f0	 f26:0x4f000410  f0:0xcf100000 f26=0xde900492
     263545.000 ns	     26353	800058dc	a05c0cd3	fle.s	x25,f24,f5	 f24:0x483504a9  f5:0x46e91e26 x25=0x00000000
     263575.000 ns	     26356	800058e0	298e9d53	fmax.s	f26,f29,f24	 f29:0x00000001 f24:0x483504a9 f26=0x483504a9
     263615.000 ns	     26360	800058e4	11d8ffd3	fmul.s	f31,f17,f29	 f17:0x4f24d72c f29:0x00000001 f31=0x04a4d72d
     263635.000 ns	     26362	800058e8	005bd0b3	srl	x1,x23,x5	 x23:0x00000000  x5:0xfffffc24  x1=0x00000000
     263995.000 ns	     26398	800058ec	034c5cb3	divu	x25,x24,x20	 x24:0x000004d5 x20:0xfffffde4 x25=0x00000000
     264025.000 ns	     26401	800058f0	e00487d3	fmv.x.w	x15,f9	  f9:0x4ea662e0 x15=0x4ea662e0
     264055.000 ns	     26404	800058f4	02519c33	mulh	x24,x3,x5	  x3:0x80041023  x5:0xfffffc24 x24=0x000001ed
     264105.000 ns	     26409	800058f8	00fb7c53	fadd.s	f24,f22,f15	 f22:0x627fffe8 f15:0x4f100000 f24=0x627fffe8
     264125.000 ns	     26411	800058fc	15777293	andi	x5,x14,343	 x14:0x00000000  x5=0x00000000
     264145.000 ns	     26413	80005900	d006a253	fcvt.s.w	f4,x13	 x13:0x000004d5  f4=0x449aa000
     264175.000 ns	     26416	80005904	20512d53	fsgnjx.s	f26,f2,f5	  f2:0xd0fffff4  f5:0x46e91e26 f26=0xd0fffff4
     264225.000 ns	     26421	80005908	017678d3	fadd.s	f17,f12,f23	 f12:0x4671b790 f23:0x00000000 f17=0x4671b790
     264245.000 ns	     26423	8000590c	01816bb3	or	x23,x2,x24	  x2:0x00000000 x24:0x000001ed x23=0x000001ed
     264265.000 ns	     26425	80005910	f0078753	fmv.w.x	f14,x15	 x15:0x4ea662e0 f14=0x4ea662e0
     264285.000 ns	     26427	80005914	00071f33	sll	x30,x14,x0	 x14:0x00000000  x0:0x00000000 x30=0x00000000
     264325.000 ns	     26431	80005918	0138f7d3	fadd.s	f15,f17,f19	 f17:0x4671b790 f19:0x3f800000 f15=0x4671bb90
     264345.000 ns	     26433	8000591c	0184ed33	or	x26,x9,x24	  x9:0xfffffde4 x24:0x000001ed x26=0xfffffded
     264365.000 ns	     26435	80005920	d013f4d3	fcvt.s.wu	f9,x7	  x7:0x00000000  f9=0x00000000
     264385.000 ns	     26437	80005924	40d60133	sub	x2,x12,x13	 x12:0xfffffebd x13:0x000004d5  x2=0xfffff9e8
     264395.000 ns	     26438	80005928	01e2c133	xor	x2,x5,x30	  x5:0x00000000 x30:0x00000000  x2=0x00000000
     264405.000 ns	     26439	8000592c	d37c0893	addi	x17,x24,-713	 x24:0x000001ed x17=0xffffff24
     264425.000 ns	     26441	80005930	29208153	fmin.s	f2,f1,f18	  f1:0x3f800000 f18:0x4f100000  f2=0x3f800000
     264455.000 ns	     26444	80005934	0234b3b3	mulhu	x7,x9,x3	  x9:0xfffffde4  x3:0x80041023  x7=0x80040f14
     264475.000 ns	     26446	80005938	40efd113	srai	x2,x31,0xe	 x31:0x80041024  x2=0xfffe0010
     264835.000 ns	     26482	8000593c	03ddf433	remu	x8,x27,x29	 x27:0x0000000e x29:0x00000400  x8=0x0000000e
     264855.000 ns	     26484	80005940	0195a5b3	slt	x11,x11,x25	 x11:0x00000000 x25:0x00000000 x11=0x00000000
     264865.000 ns	     26485	80005944	2fc3beb7	lui	x29,0x2fc3b	 x29=0x2fc3b000
     264875.000 ns	     26486	80005948	00c4e433	or	x8,x9,x12	  x9:0xfffffde4 x12:0xfffffebd  x8=0xfffffffd
     264885.000 ns	     26487	8000594c	9b9fba13	sltiu	x20,x31,-1607	 x31:0x80041024 x20=0x00000001
     264905.000 ns	     26489	80005950	28b582d3	fmin.s	f5,f11,f11	 f11:0x50fffff4 f11:0x50fffff4  f5=0x50fffff4
     264925.000 ns	     26491	80005954	01c21b33	sll	x22,x4,x28	  x4:0xfffffffe x28:0x00000000 x22=0xfffffffe
     264935.000 ns	     26492	80005958	01ecabb3	slt	x23,x25,x30	 x25:0x00000000 x30:0x00000000 x23=0x00000000
     264955.000 ns	     26494	8000595c	e0010ad3	fmv.x.w	x21,f2	  f2:0x3f800000 x21=0x3f800000
     264985.000 ns	     26497	80005960	c0179cd3	fcvt.wu.s	x25,f15	 f15:0x4671bb90 x25=0x00003c6e
     265005.000 ns	     26499	80005964	00000013	addi	x0,x0,0	  x0:0x00000000
     265025.000 ns	     26501	80005968	03397333	remu	x6,x18,x19	 x18:0x00000000 x19:0x00000000  x6=0x00000000
     265075.000 ns	     26506	8000596c	084271d3	fsub.s	f3,f4,f4	  f4:0x449aa000  f4:0x449aa000  f3=0x80000000
     265125.000 ns	     26511	80005970	01e8fc53	fadd.s	f24,f17,f30	 f17:0x4671b790 f30:0x7fc00000 f24=0x7fc00000
     265465.000 ns	     26545	80005974	18c0cdd3	fdiv.s	f27,f1,f12	  f1:0x3f800000 f12:0x4671b790 f27=0x388658c0
     265495.000 ns	     26548	80005978	03942433	mulhsu	x8,x8,x25	  x8:0xfffffffd x25:0x00003c6e  x8=0xffffffff
     265515.000 ns	     26550	8000597c	00000013	addi	x0,x0,0	  x0:0x00000000
     265535.000 ns	     26552	80005980	e0031353	fclass.s	x6,f6	  f6:0x00000000  x6=0x00000010
     265555.000 ns	     26554	80005984	00d276b3	and	x13,x4,x13	  x4:0xfffffffe x13:0x000004d5 x13=0x000004d4
     265575.000 ns	     26556	80005988	03d50533	mul	x10,x10,x29	 x10:0x00000000 x29:0x2fc3b000 x10=0x00000000
     265605.000 ns	     26559	8000598c	a0e58453	fle.s	x8,f11,f14	 f11:0x50fffff4 f14:0x4ea662e0  x8=0x00000000
     265625.000 ns	     26561	80005990	b6160493	addi	x9,x12,-1183	 x12:0xfffffebd  x9=0xfffffa1e
     265665.000 ns	     26565	80005994	08d388d3	fsub.s	f17,f7,f13	  f7:0x4e2aebc0 f13:0x50fffffb f17=0xd0faa89d
     265695.000 ns	     26568	80005998	035bb5b3	mulhu	x11,x23,x21	 x23:0x00000000 x21:0x3f800000 x11=0x00000000
     266065.000 ns	     26605	8000599c	0238deb3	divu	x29,x17,x3	 x17:0xffffff24  x3:0x80041023 x29=0x00000001
     266085.000 ns	     26607	800059a0	01695693	srli	x13,x18,0x16	 x18:0x00000000 x13=0x00000000
     266095.000 ns	     26608	800059a4	dd14e597	auipc	x11,0xdd14e	 x11=0x5d1539a4
     266115.000 ns	     26610	800059a8	c011f253	fcvt.wu.s	x4,f3	  f3:0x80000000  x4=0x00000000
     266145.000 ns	     26613	800059ac	02eee3b3	rem	x7,x29,x14	 x29:0x00000001 x14:0x00000000  x7=0x00000001
     266485.000 ns	     26647	800059b0	19552c53	fdiv.s	f24,f10,f21	 f10:0xceaa9240 f21:0x5f9e1db7 f24=0xae2a9240
     266515.000 ns	     26650	800059b4	a0a181d3	fle.s	x3,f3,f10	  f3:0x80000000 f10:0xceaa9240  x3=0x00000000
     266555.000 ns	     26654	800059b8	195bbf53	fdiv.s	f30,f23,f21	 f23:0x00000000 f21:0x5f9e1db7 f30=0x00000000
     266575.000 ns	     26656	800059bc	01931433	sll	x8,x6,x25	  x6:0x00000010 x25:0x00003c6e  x8=0x00040000
     267745.000 ns	     26773	800059c0	5800fcd3	fsqrt.s	f25,f1	  f1:0x3f800000 f25=0x3f7fffae
     267775.000 ns	     26776	800059c4	d00c9e53	fcvt.s.w	f28,x25	 x25:0x00003c6e f28=0x4671b800
     267805.000 ns	     26779	800059c8	e0051d53	fclass.s	x26,f10	 f10:0xceaa9240 x26=0x00000002
     267825.000 ns	     26781	800059cc	412ad593	srai	x11,x21,0x12	 x21:0x3f800000 x11=0x00000fe0
     267845.000 ns	     26783	800059d0	03cf7133	remu	x2,x30,x28	 x30:0x00000000 x28:0x00000000  x2=0x00000000
     267885.000 ns	     26787	800059d4	19fb8953	fdiv.s	f18,f23,f31	 f23:0x00000000 f31:0x04a4d72d f18=0x00000000
     267905.000 ns	     26789	800059d8	011c2ab3	slt	x21,x24,x17	 x24:0x000001ed x17:0xffffff24 x21=0x00000000
     268235.000 ns	     26822	800059dc	180690d3	fdiv.s	f1,f13,f0	 f13:0x50fffffb  f0:0xcf100000  f1=0xc0fffffc
     268255.000 ns	     26824	800059e0	006a5b13	srli	x22,x20,0x6	 x20:0x00000001 x22=0x00000000
     268265.000 ns	     26825	800059e4	5c50dbb7	lui	x23,0x5c50d	 x23=0x5c50d000
     268285.000 ns	     26827	800059e8	e0030953	fmv.x.w	x18,f6	  f6:0x00000000 x18=0x00000000
     268335.000 ns	     26832	800059ec	00c03bd3	fadd.s	f23,f0,f12	  f0:0xcf100000 f12:0x4671b790 f23=0xcf0fffc3
     268355.000 ns	     26834	800059f0	749f2a13	slti	x20,x30,1865	 x30:0x00000000 x20=0x00000001
     268365.000 ns	     26835	800059f4	ce0c6f13	ori	x30,x24,-800	 x24:0x000001ed x30=0xfffffded
     268375.000 ns	     26836	800059f8	01af5533	srl	x10,x30,x26	 x30:0x00000000 x26:0x00000002 x10=0x3fffff7b
     268735.000 ns	     26872	800059fc	0304df33	divu	x30,x9,x16	  x9:0xfffffa1e x16:0x80040fe4 x30=0x00000001
     268765.000 ns	     26875	80005a00	21d28953	fsgnj.s	f18,f5,f29	  f5:0x50fffff4 f29:0x00000001 f18=0x50fffff4
     268795.000 ns	     26878	80005a04	28bd80d3	fmin.s	f1,f27,f11	 f27:0x388658c0 f11:0x50fffff4  f1=0x388658c0
     268815.000 ns	     26880	80005a08	1aac4013	xori	x0,x24,426	 x24:0x000001ed
     268855.000 ns	     26884	80005a0c	087b4ad3	fsub.s	f21,f22,f7	 f22:0x627fffe8  f7:0x4e2aebc0 f21=0x627fffe8
     268875.000 ns	     26886	80005a10	00f5c1b3	xor	x3,x11,x15	 x11:0x00000fe0 x15:0x4ea662e0  x3=0x4ea66d00
     268885.000 ns	     26887	80005a14	debaba37	lui	x20,0xdebab	 x20=0xdebab000
     268895.000 ns	     26888	80005a18	00000013	addi	x0,x0,0	  x0:0x00000000
     268915.000 ns	     26890	80005a1c	e00c8653	fmv.x.w	x12,f25	 f25:0x3f7fffae x12=0x3f7fffae
     268945.000 ns	     26893	80005a20	20aeaa53	fsgnjx.s	f20,f29,f10	 f29:0x00000001 f10:0xceaa9240 f20=0x80000001
     268995.000 ns	     26898	80005a24	09809ad3	fsub.s	f21,f1,f24	  f1:0x388658c0 f24:0xae2a9240 f21=0x388658c5
     269015.000 ns	     26900	80005a28	01f102b3	add	x5,x2,x31	  x2:0x00000000 x31:0x80041024  x5=0x80041024
     269035.000 ns	     26902	80005a2c	c00374d3	fcvt.w.s	x9,f6	  f6:0x00000000  x9=0x00000000
     269065.000 ns	     26905	80005a30	201d8b53	fsgnj.s	f22,f27,f1	 f27:0x388658c0  f1:0x388658c0 f22=0x388658c0
     269085.000 ns	     26907	80005a34	014fa633	slt	x12,x31,x20	 x31:0x80041024 x20:0xdebab000 x12=0x00000001
     269105.000 ns	     26909	80005a38	020ab7b3	mulhu	x15,x21,x0	 x21:0x00000000  x0:0x00000000 x15=0x00000000
     269125.000 ns	     26911	80005a3c	786f89b7	lui	x19,0x786f8	 x19=0x786f8000
     269135.000 ns	     26912	80005a40	00dc3533	sltu	x10,x24,x13	 x24:0x000001ed x13:0x00000000 x10=0x00000000
     269145.000 ns	     26913	80005a44	b5ca4c13	xori	x24,x20,-1188	 x20:0xdebab000 x24=0x21454b5c
     269165.000 ns	     26915	80005a48	20fb1ed3	fsgnjn.s	f29,f22,f15	 f22:0x388658c0 f15:0x4671bb90 f29=0xb88658c0
     269195.000 ns	     26918	80005a4c	e0090e53	fmv.x.w	x28,f18	 f18:0x50fffff4 x28=0x50fffff4
     269215.000 ns	     26920	80005a50	00000013	addi	x0,x0,0	  x0:0x00000000
     269245.000 ns	     26923	80005a54	1061fdd3	fmul.s	f27,f3,f6	  f3:0x80000000  f6:0x00000000 f27=0x80000000
     269275.000 ns	     26926	80005a58	20241453	fsgnjn.s	f8,f8,f2	  f8:0x80000001  f2:0x3f800000  f8=0x80000001
     269295.000 ns	     26928	80005a5c	004d74b3	and	x9,x26,x4	 x26:0x00000002  x4:0x00000000  x9=0x00000000
     269315.000 ns	     26930	80005a60	201492d3	fsgnjn.s	f5,f9,f1	  f9:0x00000000  f1:0x388658c0  f5=0x80000000
     269335.000 ns	     26932	80005a64	401b80b3	sub	x1,x23,x1	 x23:0x5c50d000  x1:0x00000000  x1=0x5c50d000
     269355.000 ns	     26934	80005a68	e00e0cd3	fmv.x.w	x25,f28	 f28:0x4671b800 x25=0x4671b800
     269385.000 ns	     26937	80005a6c	a09a24d3	feq.s	x9,f20,f9	 f20:0x80000001  f9:0x00000000  x9=0x00000000
     269405.000 ns	     26939	80005a70	00000013	addi	x0,x0,0	  x0:0x00000000
     269765.000 ns	     26975	80005a74	025dc8b3	div	x17,x27,x5	 x27:0x0000000e  x5:0x80041024 x17=0x00000000
     270135.000 ns	     27012	80005a78	03e6e333	rem	x6,x13,x30	 x13:0x00000000 x30:0x00000001  x6=0x00000000
     270155.000 ns	     27014	80005a7c	d372e6b7	lui	x13,0xd372e	 x13=0xd372e000
     270165.000 ns	     27015	80005a80	01737b33	and	x22,x6,x23	  x6:0x00000000 x23:0x5c50d000 x22=0x00000000
     270175.000 ns	     27016	80005a84	006f41b3	xor	x3,x30,x6	 x30:0x00000001  x6:0x00000000  x3=0x00000001
     270205.000 ns	     27019	80005a88	5808fad3	fsqrt.s	f21,f17	 f17:0xd0faa89d f21=0x7fc00000
     270225.000 ns	     27021	80005a8c	dc830993	addi	x19,x6,-568	  x6:0x00000000 x19=0xfffffdc8
     270235.000 ns	     27022	80005a90	3557ad13	slti	x26,x15,853	 x15:0x00000000 x26=0x00000001
     270255.000 ns	     27024	80005a94	e00396d3	fclass.s	x13,f7	  f7:0x4e2aebc0 x13=0x00000040
     270285.000 ns	     27027	80005a98	03420533	mul	x10,x4,x20	  x4:0x00000000 x20:0xdebab000 x10=0x00000000
     270315.000 ns	     27030	80005a9c	a1079f53	flt.s	x30,f15,f16	 f15:0x4671bb90 f16:0x4f100000 x30=0x00000001
     270335.000 ns	     27032	80005aa0	415b8533	sub	x10,x23,x21	 x23:0x5c50d000 x21:0x00000000 x10=0x5c50d000
     270345.000 ns	     27033	80005aa4	afdd2613	slti	x12,x26,-1283	 x26:0x00000001 x12=0x00000000
     270355.000 ns	     27034	80005aa8	e4c8ca93	xori	x21,x17,-436	 x17:0x00000000 x21=0xfffffe4c
     270365.000 ns	     27035	80005aac	30e0ae13	slti	x28,x1,782	  x1:0x5c50d000 x28=0x00000000
     270375.000 ns	     27036	80005ab0	004e8ab3	add	x21,x29,x4	 x29:0x00000001  x4:0x00000000 x21=0x00000001
     270385.000 ns	     27037	80005ab4	00ae9193	slli	x3,x29,0xa	 x29:0x00000001  x3=0x00000400
     270395.000 ns	     27038	80005ab8	409ddeb3	sra	x29,x27,x9	 x27:0x0000000e  x9:0x00000000 x29=0x0000000e
     270405.000 ns	     27039	80005abc	6f66f393	andi	x7,x13,1782	 x13:0x00000040  x7=0x00000040
     270425.000 ns	     27041	80005ac0	034ebbb3	mulhu	x23,x29,x20	 x29:0x00000001 x20:0xdebab000 x23=0x0000000c
     270445.000 ns	     27043	80005ac4	d88c6093	ori	x1,x24,-632	 x24:0x21454b5c  x1=0xffffffdc
     270455.000 ns	     27044	80005ac8	b9b58693	addi	x13,x11,-1125	 x11:0x00000fe0 x13=0x00000b7b
     270475.000 ns	     27046	80005acc	02e1dab3	divu	x21,x3,x14	  x3:0x00000400 x14:0x00000000 x21=0xffffffff
     270495.000 ns	     27048	80005ad0	1252fa13	andi	x20,x5,293	  x5:0x80041024 x20=0x00000024
     270515.000 ns	     27050	80005ad4	02db9bb3	mulh	x23,x23,x13	 x23:0x0000000c x13:0x00000b7b x23=0x00000000
     271695.000 ns	     27168	80005ad8	580f8cd3	fsqrt.s	f25,f31	 f31:0x04a4d72d f25=0x219141a1
     271725.000 ns	     27171	80005adc	a0d1a153	feq.s	x2,f3,f13	  f3:0x80000000 f13:0x50fffffb  x2=0x00000000
     271745.000 ns	     27173	80005ae0	0120d893	srli	x17,x1,0x12	  x1:0xffffffdc x17=0x00003fff
     271785.000 ns	     27177	80005ae4	098279d3	fsub.s	f19,f4,f24	  f4:0x449aa000 f24:0xae2a9240 f19=0x449aa000
     271805.000 ns	     27179	80005ae8	75b06a97	auipc	x21,0x75b06	 x21=0xf5b0bae8
     271815.000 ns	     27180	80005aec	00d21213	slli	x4,x4,0xd	  x4:0x00000000  x4=0x00000000
     271825.000 ns	     27181	80005af0	008775b3	and	x11,x14,x8	 x14:0x00000000  x8:0x00040000 x11=0x00000000
     271835.000 ns	     27182	80005af4	00f90e33	add	x28,x18,x15	 x18:0x00000000 x15:0x00000000 x28=0x00000000
     271855.000 ns	     27184	80005af8	d01d2c53	fcvt.s.wu	f24,x26	 x26:0x00000001 f24=0x3f800000
     271875.000 ns	     27186	80005afc	40df8133	sub	x2,x31,x13	 x31:0x80041024 x13:0x00000b7b  x2=0x800404a9
     271895.000 ns	     27188	80005b00	a08a8753	fle.s	x14,f21,f8	 f21:0x7fc00000  f8:0x80000001 x14=0x00000000
     271925.000 ns	     27191	80005b04	d003f953	fcvt.s.w	f18,x7	  x7:0x00000040 f18=0x42800000
     272295.000 ns	     27228	80005b08	0304d7b3	divu	x15,x9,x16	  x9:0x00000000 x16:0x80040fe4 x15=0x00000000
     272325.000 ns	     27231	80005b0c	f00403d3	fmv.w.x	f7,x8	  x8:0x00040000  f7=0x00040000
     272345.000 ns	     27233	80005b10	c129c097	auipc	x1,0xc129c	  x1=0x412a1b10
     272365.000 ns	     27235	80005b14	03fc2633	mulhsu	x12,x24,x31	 x24:0x21454b5c x31:0x80041024 x12=0x10a32cdc
     272395.000 ns	     27238	80005b18	207c13d3	fsgnjn.s	f7,f24,f7	 f24:0x3f800000  f7:0x00040000  f7=0xbf800000
     272735.000 ns	     27272	80005b1c	19d8f2d3	fdiv.s	f5,f17,f29	 f17:0xd0faa89d f29:0xb88658c0  f5=0x57b0fdba
     272785.000 ns	     27277	80005b20	004bf153	fadd.s	f2,f23,f4	 f23:0xcf0fffc3  f4:0x449aa000  f2=0xcf0fffbe
     272805.000 ns	     27279	80005b24	408ac393	xori	x7,x21,1032	 x21:0xf5b0bae8  x7=0xf5b0bee0
     272815.000 ns	     27280	80005b28	1bd2be13	sltiu	x28,x5,445	  x5:0x80041024 x28=0x00000000
     272835.000 ns	     27282	80005b2c	022b8033	mul	x0,x23,x2	 x23:0x00000000  x2:0x800404a9
     273205.000 ns	     27319	80005b30	022a6ab3	rem	x21,x20,x2	 x20:0x00000024  x2:0x800404a9 x21=0x00000024
     273225.000 ns	     27321	80005b34	01587b33	and	x22,x16,x21	 x16:0x80040fe4 x21:0xf5b0bae8 x22=0x00000024
     273235.000 ns	     27322	80005b38	002d9ab3	sll	x21,x27,x2	 x27:0x0000000e  x2:0x800404a9 x21=0x00001c00
     273245.000 ns	     27323	80005b3c	40ad5a93	srai	x21,x26,0xa	 x26:0x00000001 x21=0x00000000
     274415.000 ns	     27440	80005b40	5802fd53	fsqrt.s	f26,f5	  f5:0x57b0fdba f26=0x4b9683d5
     274445.000 ns	     27443	80005b44	206d02d3	fsgnj.s	f5,f26,f6	 f26:0xd0fffff4  f6:0x00000000  f5=0x4b9683d5
     274465.000 ns	     27445	80005b48	e6520b93	addi	x23,x4,-411	  x4:0x00000000 x23=0xfffffe65
     274475.000 ns	     27446	80005b4c	b9996193	ori	x3,x18,-1127	 x18:0x00000000  x3=0xfffffb99
     274485.000 ns	     27447	80005b50	d1b7ad13	slti	x26,x15,-741	 x15:0x00000000 x26=0x00000000
     274505.000 ns	     27449	80005b54	e00f1b53	fclass.s	x22,f30	 f30:0x00000000 x22=0x00000010
     274525.000 ns	     27451	80005b58	014d9a93	slli	x21,x27,0x14	 x27:0x0000000e x21=0x00e00000
     274535.000 ns	     27452	80005b5c	02eb0393	addi	x7,x22,46	 x22:0x00000010  x7=0x0000003e
     274555.000 ns	     27454	80005b60	291303d3	fmin.s	f7,f6,f17	  f6:0x00000000 f17:0xd0faa89d  f7=0xd0faa89d
     274575.000 ns	     27456	80005b64	01ecb733	sltu	x14,x25,x30	 x25:0x4671b800 x30:0x00000001 x14=0x00000000
     274585.000 ns	     27457	80005b68	00027f33	and	x30,x4,x0	  x4:0x00000000  x0:0x00000000 x30=0x00000000
     274605.000 ns	     27459	80005b6c	f0000353	fmv.w.x	f6,x0	  x0:0x00000000  f6=0x00000000
     274625.000 ns	     27461	80005b70	3522f717	auipc	x14,0x3522f	 x14=0xb5234b70
     274635.000 ns	     27462	80005b74	10a4b693	sltiu	x13,x9,266	  x9:0x00000000 x13=0x00000001
     274655.000 ns	     27464	80005b78	d018f053	fcvt.s.wu	f0,x17	 x17:0x00003fff  f0=0x467ffc00
     274705.000 ns	     27469	80005b7c	09db7853	fsub.s	f16,f22,f29	 f22:0x388658c0 f29:0xb88658c0 f16=0x390658c0
     274745.000 ns	     27473	80005b80	192af9d3	fdiv.s	f19,f21,f18	 f21:0x7fc00000 f18:0x42800000 f19=0x7fc00000
     274765.000 ns	     27475	80005b84	00e700b3	add	x1,x14,x14	 x14:0xb5234b70 x14:0xb5234b70  x1=0x6a4696e0
     274775.000 ns	     27476	80005b88	227c3793	sltiu	x15,x24,551	 x24:0x21454b5c x15=0x00000000
     274785.000 ns	     27477	80005b8c	00f60eb3	add	x29,x12,x15	 x12:0x10a32cdc x15:0x00000000 x29=0x10a32cdc
     274805.000 ns	     27479	80005b90	d01420d3	fcvt.s.wu	f1,x8	  x8:0x00040000  f1=0x48800000
     274825.000 ns	     27481	80005b94	00d586b3	add	x13,x11,x13	 x11:0x00000000 x13:0x00000001 x13=0x00000001
     274865.000 ns	     27485	80005b98	005d87d3	fadd.s	f15,f27,f5	 f27:0x80000000  f5:0x4b9683d5 f15=0x4b9683d5
     274885.000 ns	     27487	80005b9c	01b78f33	add	x30,x15,x27	 x15:0x00000000 x27:0x0000000e x30=0x0000000e
     274905.000 ns	     27489	80005ba0	e00d85d3	fmv.x.w	x11,f27	 f27:0x80000000 x11=0x80000000
     274935.000 ns	     27492	80005ba4	a1b5aa53	feq.s	x20,f11,f27	 f11:0x50fffff4 f27:0x80000000 x20=0x00000000
     274965.000 ns	     27495	80005ba8	c00a08d3	fcvt.w.s	x17,f20	 f20:0x80000001 x17=0x00000000
     275335.000 ns	     27532	80005bac	038bd6b3	divu	x13,x23,x24	 x23:0xfffffe65 x24:0x21454b5c x13=0x00000007
     275365.000 ns	     27535	80005bb0	206e9253	fsgnjn.s	f4,f29,f6	 f29:0xb88658c0  f6:0x00000000  f4=0xb88658c0
     275395.000 ns	     27538	80005bb4	20a40753	fsgnj.s	f14,f8,f10	  f8:0x80000001 f10:0xceaa9240 f14=0x80000001
     275425.000 ns	     27541	80005bb8	d01b7cd3	fcvt.s.wu	f25,x22	 x22:0x00000010 f25=0x41800000
     275455.000 ns	     27544	80005bbc	211795d3	fsgnjn.s	f11,f15,f17	 f15:0x4b9683d5 f17:0xd0faa89d f11=0x4b9683d5
     275485.000 ns	     27547	80005bc0	292f0e53	fmin.s	f28,f30,f18	 f30:0x00000000 f18:0x42800000 f28=0x00000000
     275515.000 ns	     27550	80005bc4	038590b3	mulh	x1,x11,x24	 x11:0x80000000 x24:0x21454b5c  x1=0xef5d5a52
     275535.000 ns	     27552	80005bc8	01baff33	and	x30,x21,x27	 x21:0x00e00000 x27:0x0000000e x30=0x00000000
     275545.000 ns	     27553	80005bcc	00000013	addi	x0,x0,0	  x0:0x00000000
     275555.000 ns	     27554	80005bd0	4009d4b3	sra	x9,x19,x0	 x19:0xfffffdc8  x0:0x00000000  x9=0xfffffdc8
     275565.000 ns	     27555	80005bd4	00000013	addi	x0,x0,0	  x0:0x00000000
     275585.000 ns	     27557	80005bd8	20c00553	fsgnj.s	f10,f0,f12	  f0:0x467ffc00 f12:0x4671b790 f10=0x467ffc00
     275615.000 ns	     27560	80005bdc	0284beb3	mulhu	x29,x9,x8	  x9:0xfffffdc8  x8:0x00040000 x29=0x0003ffff
     275635.000 ns	     27562	80005be0	b9ae18b7	lui	x17,0xb9ae1	 x17=0xb9ae1000
     275665.000 ns	     27565	80005be4	114d7653	fmul.s	f12,f26,f20	 f26:0x4b9683d5 f20:0x80000001 f12=0x811683d6
     275685.000 ns	     27567	80005be8	0041d1b3	srl	x3,x3,x4	  x3:0xfffffb99  x4:0x00000000  x3=0xfffffb99
     275695.000 ns	     27568	80005bec	5cdcbe13	sltiu	x28,x25,1485	 x25:0x4671b800 x28=0x00000000
     275715.000 ns	     27570	80005bf0	e0089d53	fclass.s	x26,f17	 f17:0xd0faa89d x26=0x00000002
     275745.000 ns	     27573	80005bf4	f00c8b53	fmv.w.x	f22,x25	 x25:0x4671b800 f22=0x4671b800
     275765.000 ns	     27575	80005bf8	fb83f893	andi	x17,x7,-72	  x7:0x0000003e x17=0x00000038
     275795.000 ns	     27578	80005bfc	11518053	fmul.s	f0,f3,f21	  f3:0x80000000 f21:0x7fc00000  f0=0x7fc00000
     275845.000 ns	     27583	80005c00	01ba78d3	fadd.s	f17,f20,f27	 f20:0x80000001 f27:0x80000000 f17=0x80000001
     275885.000 ns	     27587	80005c04	580f71d3	fsqrt.s	f3,f30	 f30:0x00000000  f3=0x00000000
     275915.000 ns	     27590	80005c08	03252933	mulhsu	x18,x10,x18	 x10:0x5c50d000 x18:0x00000000 x18=0x00000000
     275945.000 ns	     27593	80005c0c	299a9ad3	fmax.s	f21,f21,f25	 f21:0x7fc00000 f25:0x41800000 f21=0x41800000
     275965.000 ns	     27595	80005c10	40b1d0b3	sra	x1,x3,x11	  x3:0xfffffb99 x11:0x80000000  x1=0xfffffb99
     275985.000 ns	     27597	80005c14	029485b3	mul	x11,x9,x9	  x9:0xfffffdc8  x9:0xfffffdc8 x11=0x0004ec40
     276015.000 ns	     27600	80005c18	d0077953	fcvt.s.w	f18,x14	 x14:0xb5234b70 f18=0xce95b969
     276045.000 ns	     27603	80005c1c	02710b33	mul	x22,x2,x7	  x2:0x800404a9  x7:0x0000003e x22=0x00f920ee
     276075.000 ns	     27606	80005c20	e0058a53	fmv.x.w	x20,f11	 f11:0x4b9683d5 x20=0x4b9683d5
     276105.000 ns	     27609	80005c24	217a0553	fsgnj.s	f10,f20,f23	 f20:0x80000001 f23:0xcf0fffc3 f10=0x80000001
     276125.000 ns	     27611	80005c28	cd3ab913	sltiu	x18,x21,-813	 x21:0x00e00000 x18=0x00000001
     276145.000 ns	     27613	80005c2c	f00b88d3	fmv.w.x	f17,x23	 x23:0xfffffe65 f17=0xfffffe65
     276175.000 ns	     27616	80005c30	299e0cd3	fmin.s	f25,f28,f25	 f28:0x00000000 f25:0x41800000 f25=0x00000000
     276195.000 ns	     27618	80005c34	01712e33	slt	x28,x2,x23	  x2:0x800404a9 x23:0xfffffe65 x28=0x00000001
     276205.000 ns	     27619	80005c38	0108a1b3	slt	x3,x17,x16	 x17:0x00000038 x16:0x80040fe4  x3=0x00000000
     276215.000 ns	     27620	80005c3c	402bd4b3	sra	x9,x23,x2	 x23:0xfffffe65  x2:0x800404a9  x9=0xffffffff
     276235.000 ns	     27622	80005c40	20711c53	fsgnjn.s	f24,f2,f7	  f2:0xcf0fffbe  f7:0xd0faa89d f24=0x4f0fffbe
     276255.000 ns	     27624	80005c44	01609a33	sll	x20,x1,x22	  x1:0xfffffb99 x22:0x00f920ee x20=0xfee64000
     276275.000 ns	     27626	80005c48	d00df253	fcvt.s.w	f4,x27	 x27:0x0000000e  f4=0x41600000
     276645.000 ns	     27663	80005c4c	02d369b3	rem	x19,x6,x13	  x6:0x00000000 x13:0x00000007 x19=0x00000000
     276665.000 ns	     27665	80005c50	001b0733	add	x14,x22,x1	 x22:0x00f920ee  x1:0xfffffb99 x14=0x00f91c87
     276685.000 ns	     27667	80005c54	21092953	fsgnjx.s	f18,f18,f16	 f18:0xce95b969 f16:0x390658c0 f18=0xce95b969
     277055.000 ns	     27704	80005c58	0214c4b3	div	x9,x9,x1	  x9:0xffffffff  x1:0xfffffb99  x9=0x00000000
     277425.000 ns	     27741	80005c5c	03c9e333	rem	x6,x19,x28	 x19:0x00000000 x28:0x00000001  x6=0x00000000
     277445.000 ns	     27743	80005c60	01f2a9b3	slt	x19,x5,x31	  x5:0x80041024 x31:0x80041024 x19=0x00000000
     277455.000 ns	     27744	80005c64	00000013	addi	x0,x0,0	  x0:0x00000000
     277465.000 ns	     27745	80005c68	32a90013	addi	x0,x18,810	 x18:0x00000001
     277475.000 ns	     27746	80005c6c	fcc5e0b7	lui	x1,0xfcc5e	  x1=0xfcc5e000
     277495.000 ns	     27748	80005c70	28918fd3	fmin.s	f31,f3,f9	  f3:0x00000000  f9:0x00000000 f31=0x00000000
     277525.000 ns	     27751	80005c74	204029d3	fsgnjx.s	f19,f0,f4	  f0:0x7fc00000  f4:0x41600000 f19=0x7fc00000
     277545.000 ns	     27753	80005c78	01fc9333	sll	x6,x25,x31	 x25:0x4671b800 x31:0x80041024  x6=0x671b8000
     277555.000 ns	     27754	80005c7c	00000013	addi	x0,x0,0	  x0:0x00000000
     277915.000 ns	     27790	80005c80	03aee733	rem	x14,x29,x26	 x29:0x0003ffff x26:0x00000002 x14=0x00000001
     277935.000 ns	     27792	80005c84	00c31993	slli	x19,x6,0xc	  x6:0x671b8000 x19=0xb8000000
     278295.000 ns	     27828	80005c88	034562b3	rem	x5,x10,x20	 x10:0x5c50d000 x20:0xfee64000  x5=0x00f79000
     278325.000 ns	     27831	80005c8c	21411f53	fsgnjn.s	f30,f2,f20	  f2:0xcf0fffbe f20:0x80000001 f30=0x4f0fffbe
     278355.000 ns	     27834	80005c90	03021e33	mulh	x28,x4,x16	  x4:0x00000000 x16:0x80040fe4 x28=0x00000000
     278375.000 ns	     27836	80005c94	003ccc33	xor	x24,x25,x3	 x25:0x4671b800  x3:0x00000000 x24=0x4671b800
     278395.000 ns	     27838	80005c98	a109a7d3	feq.s	x15,f19,f16	 f19:0x7fc00000 f16:0x390658c0 x15=0x00000000
     278425.000 ns	     27841	80005c9c	0251ac33	mulhsu	x24,x3,x5	  x3:0x00000000  x5:0x00f79000 x24=0x00000000
     278445.000 ns	     27843	80005ca0	00e18333	add	x6,x3,x14	  x3:0x00000000 x14:0x00000001  x6=0x00000001
     278465.000 ns	     27845	80005ca4	a05001d3	fle.s	x3,f0,f5	  f0:0x7fc00000  f5:0x4b9683d5  x3=0x00000000
     278485.000 ns	     27847	80005ca8	10aea293	slti	x5,x29,266	 x29:0x0003ffff  x5=0x00000000
     278495.000 ns	     27848	80005cac	f342e013	ori	x0,x5,-204	  x5:0x00f79000
     278515.000 ns	     27850	80005cb0	f0070f53	fmv.w.x	f30,x14	 x14:0x00000001 f30=0x00000001
     278555.000 ns	     27854	80005cb4	5809f453	fsqrt.s	f8,f19	 f19:0x7fc00000  f8=0x7fc00000
     278575.000 ns	     27856	80005cb8	00000013	addi	x0,x0,0	  x0:0x00000000
     278935.000 ns	     27892	80005cbc	03b6fa33	remu	x20,x13,x27	 x13:0x00000007 x27:0x0000000e x20=0x00000007
     278955.000 ns	     27894	80005cc0	0189d213	srli	x4,x19,0x18	 x19:0xb8000000  x4=0x000000b8
     278965.000 ns	     27895	80005cc4	ad203237	lui	x4,0xad203	  x4=0xad203000
     278985.000 ns	     27897	80005cc8	03edad33	mulhsu	x26,x27,x30	 x27:0x0000000e x30:0x00000000 x26=0x00000000
     279005.000 ns	     27899	80005ccc	417adf13	srai	x30,x21,0x17	 x21:0x00e00000 x30=0x00000001
     279025.000 ns	     27901	80005cd0	21a0a7d3	fsgnjx.s	f15,f1,f26	  f1:0x48800000 f26:0x4b9683d5 f15=0x48800000
     279045.000 ns	     27903	80005cd4	005958b3	srl	x17,x18,x5	 x18:0x00000001  x5:0x00000000 x17=0x00000001
     279065.000 ns	     27905	80005cd8	285506d3	fmin.s	f13,f10,f5	 f10:0x80000001  f5:0x4b9683d5 f13=0x80000001
     279095.000 ns	     27908	80005cdc	0239acb3	mulhsu	x25,x19,x3	 x19:0xb8000000  x3:0x00000000 x25=0x00000000
     279115.000 ns	     27910	80005ce0	401d0e33	sub	x28,x26,x1	 x26:0x00000000  x1:0xfcc5e000 x28=0x033a2000
     279125.000 ns	     27911	80005ce4	41560533	sub	x10,x12,x21	 x12:0x10a32cdc x21:0x00e00000 x10=0x0fc32cdc
     279485.000 ns	     27947	80005ce8	02a95e33	divu	x28,x18,x10	 x18:0x00000001 x10:0x5c50d000 x28=0x00000000
     279515.000 ns	     27950	80005cec	a01c88d3	fle.s	x17,f25,f1	 f25:0x00000000  f1:0x48800000 x17=0x00000001
     279535.000 ns	     27952	80005cf0	01a66233	or	x4,x12,x26	 x12:0x10a32cdc x26:0x00000000  x4=0x10a32cdc
     279555.000 ns	     27954	80005cf4	a19390d3	flt.s	x1,f7,f25	  f7:0xd0faa89d f25:0x00000000  x1=0x00000001
     279895.000 ns	     27988	80005cf8	197a4953	fdiv.s	f18,f20,f23	 f20:0x80000001 f23:0xcf0fffc3 f18=0x00000000
     279915.000 ns	     27990	80005cfc	00014033	xor	x0,x2,x0	  x2:0x800404a9  x0:0x00000000
     279925.000 ns	     27991	80005d00	0193c233	xor	x4,x7,x25	  x7:0x0000003e x25:0x00000000  x4=0x0000003e
     279945.000 ns	     27993	80005d04	a1160bd3	fle.s	x23,f12,f17	 f12:0x811683d6 f17:0xfffffe65 x23=0x00000000
     279975.000 ns	     27996	80005d08	c01e9a53	fcvt.wu.s	x20,f29	 f29:0xb88658c0 x20=0x00000000
     279995.000 ns	     27998	80005d0c	00000013	addi	x0,x0,0	  x0:0x00000000
     280015.000 ns	     28000	80005d10	03fa3bb3	mulhu	x23,x20,x31	 x20:0x00000000 x31:0x80041024 x23=0x00000000
     280045.000 ns	     28003	80005d14	286c8553	fmin.s	f10,f25,f6	 f25:0x00000000  f6:0x00000000 f10=0x00000000
     280065.000 ns	     28005	80005d18	01125eb3	srl	x29,x4,x17	  x4:0x0000003e x17:0x00000001 x29=0x0000001f
     280075.000 ns	     28006	80005d1c	017e9093	slli	x1,x29,0x17	 x29:0x0003ffff  x1=0x0f800000
     280435.000 ns	     28042	80005d20	02cc4233	div	x4,x24,x12	 x24:0x00000000 x12:0x10a32cdc  x4=0x00000000
     280465.000 ns	     28045	80005d24	a08b17d3	flt.s	x15,f22,f8	 f22:0x4671b800  f8:0x7fc00000 x15=0x00000000
     280495.000 ns	     28048	80005d28	c000f353	fcvt.w.s	x6,f1	  f1:0x48800000  x6=0x00040000
     280545.000 ns	     28053	80005d2c	0196f6d3	fadd.s	f13,f13,f25	 f13:0x80000001 f25:0x00000000 f13=0x80000001
     280915.000 ns	     28090	80005d30	03227733	remu	x14,x4,x18	  x4:0x00000000 x18:0x00000001 x14=0x00000000
     280935.000 ns	     28092	80005d34	412253b3	sra	x7,x4,x18	  x4:0x00000000 x18:0x00000001  x7=0x00000000
     280955.000 ns	     28094	80005d38	02ed9733	mulh	x14,x27,x14	 x27:0x0000000e x14:0x00000000 x14=0x00000000
     280975.000 ns	     28096	80005d3c	7054e393	ori	x7,x9,1797	  x9:0x00000000  x7=0x00000705
     281005.000 ns	     28099	80005d40	18eff453	fdiv.s	f8,f31,f14	 f31:0x00000000 f14:0x80000001  f8=0x80000000
     281035.000 ns	     28102	80005d44	c00cff53	fcvt.w.s	x30,f25	 f25:0x00000000 x30=0x00000000
     281065.000 ns	     28105	80005d48	d00e9b53	fcvt.s.w	f22,x29	 x29:0x0000001f f22=0x41f80000
     281085.000 ns	     28107	80005d4c	01652cb3	slt	x25,x10,x22	 x10:0x0fc32cdc x22:0x00f920ee x25=0x00000000
     281095.000 ns	     28108	80005d50	0008cd33	xor	x26,x17,x0	 x17:0x00000001  x0:0x00000000 x26=0x00000001
     281105.000 ns	     28109	80005d54	e908f893	andi	x17,x17,-368	 x17:0x00000001 x17=0x00000000
     281115.000 ns	     28110	80005d58	aa50ba13	sltiu	x20,x1,-1371	  x1:0x0f800000 x20=0x00000001
     281125.000 ns	     28111	80005d5c	5a7fff13	andi	x30,x31,1447	 x31:0x80041024 x30=0x00000024
     281135.000 ns	     28112	80005d60	37fb3993	sltiu	x19,x22,895	 x22:0x00f920ee x19=0x00000000
     281145.000 ns	     28113	80005d64	01773933	sltu	x18,x14,x23	 x14:0x00000000 x23:0x00000000 x18=0x00000000
     281185.000 ns	     28117	80005d68	083ec353	fsub.s	f6,f29,f3	 f29:0xb88658c0  f3:0x00000000  f6=0xb88658c0
     281205.000 ns	     28119	80005d6c	670c4093	xori	x1,x24,1648	 x24:0x00000000  x1=0x00000670
     281225.000 ns	     28121	80005d70	d0142153	fcvt.s.wu	f2,x8	  x8:0x00040000  f2=0x48800000
     281255.000 ns	     28124	80005d74	e00f9cd3	fclass.s	x25,f31	 f31:0x00000000 x25=0x00000010
     281285.000 ns	     28127	80005d78	d0010ad3	fcvt.s.w	f21,x2	  x2:0x800404a9 f21=0xcefff7f6
     281315.000 ns	     28130	80005d7c	e00d9bd3	fclass.s	x23,f27	 f27:0x80000000 x23=0x00000008
     281345.000 ns	     28133	80005d80	d00b3953	fcvt.s.w	f18,x22	 x22:0x00f920ee f18=0x4b7920ee
     281375.000 ns	     28136	80005d84	29c295d3	fmax.s	f11,f5,f28	  f5:0x4b9683d5 f28:0x00000000 f11=0x4b9683d5
     281395.000 ns	     28138	80005d88	1485f937	lui	x18,0x1485f	 x18=0x1485f000
     281415.000 ns	     28140	80005d8c	a0f08bd3	fle.s	x23,f1,f15	  f1:0x48800000 f15:0x48800000 x23=0x00000001
     281435.000 ns	     28142	80005d90	6c0ea913	slti	x18,x29,1728	 x29:0x0000001f x18=0x00000001
     281455.000 ns	     28144	80005d94	029522b3	mulhsu	x5,x10,x9	 x10:0x0fc32cdc  x9:0x00000000  x5=0x00000000
     281825.000 ns	     28181	80005d98	034decb3	rem	x25,x27,x20	 x27:0x0000000e x20:0x00000001 x25=0x00000000
     281855.000 ns	     28184	80005d9c	20878bd3	fsgnj.s	f23,f15,f8	 f15:0x48800000  f8:0x80000000 f23=0xc8800000
     281875.000 ns	     28186	80005da0	010f73b3	and	x7,x30,x16	 x30:0x00000024 x16:0x80040fe4  x7=0x00000024
     281885.000 ns	     28187	80005da4	010cd013	srli	x0,x25,0x10	 x25:0x00000000
     281925.000 ns	     28191	80005da8	088d0fd3	fsub.s	f31,f26,f8	 f26:0x4b9683d5  f8:0x80000000 f31=0x4b9683d5
     281955.000 ns	     28194	80005dac	03a0bc33	mulhu	x24,x1,x26	  x1:0x00000670 x26:0x00000001 x24=0x00000000
     281975.000 ns	     28196	80005db0	00000013	addi	x0,x0,0	  x0:0x00000000
     281985.000 ns	     28197	80005db4	2df57193	andi	x3,x10,735	 x10:0x0fc32cdc  x3=0x000000dc
     282005.000 ns	     28199	80005db8	a1ed9453	flt.s	x8,f27,f30	 f27:0x80000000 f30:0x00000001  x8=0x00000001
     282375.000 ns	     28236	80005dbc	02aaf533	remu	x10,x21,x10	 x21:0x00e00000 x10:0x0fc32cdc x10=0x00e00000
     282405.000 ns	     28239	80005dc0	28719d53	fmax.s	f26,f3,f7	  f3:0x00000000  f7:0xd0faa89d f26=0x00000000
     282425.000 ns	     28241	80005dc4	12c7e513	ori	x10,x15,300	 x15:0x00000000 x10=0x0000012c
     282455.000 ns	     28244	80005dc8	111e43d3	fmul.s	f7,f28,f17	 f28:0x00000000 f17:0xfffffe65  f7=0x7fc00000
     282485.000 ns	     28247	80005dcc	03061933	mulh	x18,x12,x16	 x12:0x10a32cdc x16:0x80040fe4 x18=0xf7aead27
     282505.000 ns	     28249	80005dd0	00000013	addi	x0,x0,0	  x0:0x00000000
     282525.000 ns	     28251	80005dd4	02d72633	mulhsu	x12,x14,x13	 x14:0x00000000 x13:0x00000007 x12=0x00000000
     282565.000 ns	     28255	80005dd8	19adf853	fdiv.s	f16,f27,f26	 f27:0x80000000 f26:0x00000000 f16=0x7fc00000
     282585.000 ns	     28257	80005ddc	84068113	addi	x2,x13,-1984	 x13:0x00000007  x2=0xfffff847
     282945.000 ns	     28293	80005de0	02a5feb3	remu	x29,x11,x10	 x11:0x0004ec40 x10:0x0000012c x29=0x0000007c
     282965.000 ns	     28295	80005de4	400cd913	srai	x18,x25,0x0	 x25:0x00000000 x18=0x00000000
     282985.000 ns	     28297	80005de8	03440eb3	mul	x29,x8,x20	  x8:0x00000001 x20:0x00000001 x29=0x00000001
     283025.000 ns	     28301	80005dec	580896d3	fsqrt.s	f13,f17	 f17:0xfffffe65 f13=0x7fc00000
     283055.000 ns	     28304	80005df0	21212fd3	fsgnjx.s	f31,f2,f18	  f2:0x48800000 f18:0x4b7920ee f31=0x48800000
     283075.000 ns	     28306	80005df4	01f8c333	xor	x6,x17,x31	 x17:0x00000000 x31:0x80041024  x6=0x80041024
     283085.000 ns	     28307	80005df8	0aa38c17	auipc	x24,0xaa38	 x24=0x8aa3ddf8
     283095.000 ns	     28308	80005dfc	41ed00b3	sub	x1,x26,x30	 x26:0x00000001 x30:0x00000024  x1=0xffffffdd
     283105.000 ns	     28309	80005e00	0095c2b3	xor	x5,x11,x9	 x11:0x0004ec40  x9:0x00000000  x5=0x0004ec40
     283465.000 ns	     28345	80005e04	03df4a33	div	x20,x30,x29	 x30:0x00000024 x29:0x00000001 x20=0x00000024
     283515.000 ns	     28350	80005e08	0065a553	fadd.s	f10,f11,f6	 f11:0x4b9683d5  f6:0xb88658c0 f10=0x4b9683d4
     283545.000 ns	     28353	80005e0c	d0193c53	fcvt.s.wu	f24,x18	 x18:0x00000000 f24=0x00000000
     283575.000 ns	     28356	80005e10	c010f2d3	fcvt.wu.s	x5,f1	  f1:0x48800000  x5=0x00040000
     283605.000 ns	     28359	80005e14	c008c7d3	fcvt.w.s	x15,f17	 f17:0xfffffe65 x15=0x7fffffff
     283625.000 ns	     28361	80005e18	01958633	add	x12,x11,x25	 x11:0x0004ec40 x25:0x00000000 x12=0x0004ec40
     283645.000 ns	     28363	80005e1c	29ad02d3	fmin.s	f5,f26,f26	 f26:0x00000000 f26:0x00000000  f5=0x00000000
     283675.000 ns	     28366	80005e20	287411d3	fmax.s	f3,f8,f7	  f8:0x80000000  f7:0x7fc00000  f3=0x80000000
     283695.000 ns	     28368	80005e24	0f08a413	slti	x8,x17,240	 x17:0x00000000  x8=0x00000001
     283715.000 ns	     28370	80005e28	e00b0453	fmv.x.w	x8,f22	 f22:0x41f80000  x8=0x41f80000
     283745.000 ns	     28373	80005e2c	03214eb3	div	x29,x2,x18	  x2:0xfffff847 x18:0x00000000 x29=0xffffffff
     283775.000 ns	     28376	80005e30	29b40a53	fmin.s	f20,f8,f27	  f8:0x80000000 f27:0x80000000 f20=0x80000000
     283795.000 ns	     28378	80005e34	02fcea37	lui	x20,0x2fce	 x20=0x02fce000
     283805.000 ns	     28379	80005e38	01b2f533	and	x10,x5,x27	  x5:0x00040000 x27:0x0000000e x10=0x00000000
     283825.000 ns	     28381	80005e3c	2072ad53	fsgnjx.s	f26,f5,f7	  f5:0x00000000  f7:0x7fc00000 f26=0x00000000
     283855.000 ns	     28384	80005e40	20f20cd3	fsgnj.s	f25,f4,f15	  f4:0x41600000 f15:0x48800000 f25=0x41600000
     283885.000 ns	     28387	80005e44	d00e7053	fcvt.s.w	f0,x28	 x28:0x00000000  f0=0x00000000
     283925.000 ns	     28391	80005e48	1166b1d3	fmul.s	f3,f13,f22	 f13:0x7fc00000 f22:0x41f80000  f3=0x7fc00000
     283945.000 ns	     28393	80005e4c	9ed9cc93	xori	x25,x19,-1555	 x19:0x00000000 x25=0xfffff9ed
     283985.000 ns	     28397	80005e50	0146a9d3	fadd.s	f19,f13,f20	 f13:0x7fc00000 f20:0x80000000 f19=0x7fc00000
     284015.000 ns	     28400	80005e54	a11ba0d3	feq.s	x1,f23,f17	 f23:0xc8800000 f17:0xfffffe65  x1=0x00000000
     284045.000 ns	     28403	80005e58	02efe933	rem	x18,x31,x14	 x31:0x80041024 x14:0x00000000 x18=0x80041024
     284065.000 ns	     28405	80005e5c	01818533	add	x10,x3,x24	  x3:0x000000dc x24:0x8aa3ddf8 x10=0x8aa3ded4
     284085.000 ns	     28407	80005e60	d01199d3	fcvt.s.wu	f19,x3	  x3:0x000000dc f19=0x435c0000
     284105.000 ns	     28409	80005e64	4067db93	srai	x23,x15,0x6	 x15:0x7fffffff x23=0x01ffffff
     284115.000 ns	     28410	80005e68	c3980b93	addi	x23,x16,-967	 x16:0x80040fe4 x23=0x80040c1d
     284475.000 ns	     28446	80005e6c	026b52b3	divu	x5,x22,x6	 x22:0x00f920ee  x6:0x80041024  x5=0x00000000
     284495.000 ns	     28448	80005e70	b9470a93	addi	x21,x14,-1132	 x14:0x00000000 x21=0xfffffb94
     284515.000 ns	     28450	80005e74	287e0e53	fmin.s	f28,f28,f7	 f28:0x00000000  f7:0x7fc00000 f28=0x00000000
     284545.000 ns	     28453	80005e78	d01d8b53	fcvt.s.wu	f22,x27	 x27:0x0000000e f22=0x41600000
     284575.000 ns	     28456	80005e7c	21940d53	fsgnj.s	f26,f8,f25	  f8:0x80000000 f25:0x41600000 f26=0x00000000
     284625.000 ns	     28461	80005e80	0956c0d3	fsub.s	f1,f13,f21	 f13:0x7fc00000 f21:0xcefff7f6  f1=0x7fc00000
     284995.000 ns	     28498	80005e84	026560b3	rem	x1,x10,x6	 x10:0x8aa3ded4  x6:0x80041024  x1=0x8aa3ded4
     285025.000 ns	     28501	80005e88	219b2a53	fsgnjx.s	f20,f22,f25	 f22:0x41600000 f25:0x41600000 f20=0x41600000
     285065.000 ns	     28505	80005e8c	11577d53	fmul.s	f26,f14,f21	 f14:0x80000001 f21:0xcefff7f6 f26=0x047ff7f7
     285085.000 ns	     28507	80005e90	403253b3	sra	x7,x4,x3	  x4:0x00000000  x3:0x000000dc  x7=0x00000000
     285095.000 ns	     28508	80005e94	00c029b3	slt	x19,x0,x12	  x0:0x00000000 x12:0x0004ec40 x19=0x00000001
     285115.000 ns	     28510	80005e98	028c2d33	mulhsu	x26,x24,x8	 x24:0x8aa3ddf8  x8:0x41f80000 x26=0xe1c1ea1b
     285135.000 ns	     28512	80005e9c	6616e417	auipc	x8,0x6616e	  x8=0xe6173e9c
     285155.000 ns	     28514	80005ea0	c00a97d3	fcvt.w.s	x15,f21	 f21:0xcefff7f6 x15=0x80040500
     285175.000 ns	     28516	80005ea4	51edbc13	sltiu	x24,x27,1310	 x27:0x0000000e x24=0x00000001
     285195.000 ns	     28518	80005ea8	03a0b2b3	mulhu	x5,x1,x26	  x1:0x8aa3ded4 x26:0xe1c1ea1b  x5=0x7a430b2b
     285225.000 ns	     28521	80005eac	d018cb53	fcvt.s.wu	f22,x17	 x17:0x00000000 f22=0x00000000
     285255.000 ns	     28524	80005eb0	02ee8533	mul	x10,x29,x14	 x29:0xffffffff x14:0x00000000 x10=0x00000000
     285285.000 ns	     28527	80005eb4	a1f50c53	fle.s	x24,f10,f31	 f10:0x4b9683d4 f31:0x48800000 x24=0x00000000
     285305.000 ns	     28529	80005eb8	00e45c93	srli	x25,x8,0xe	  x8:0xe6173e9c x25=0x0003985c
     285325.000 ns	     28531	80005ebc	d00f74d3	fcvt.s.w	f9,x30	 x30:0x00000024  f9=0x42100000
     285365.000 ns	     28535	80005ec0	580b7a53	fsqrt.s	f20,f22	 f22:0x00000000 f20=0x00000000
     285385.000 ns	     28537	80005ec4	40ad5393	srai	x7,x26,0xa	 x26:0xe1c1ea1b  x7=0xfff8707a
     285395.000 ns	     28538	80005ec8	003f4333	xor	x6,x30,x3	 x30:0x00000024  x3:0x000000dc  x6=0x000000f8
     285415.000 ns	     28540	80005ecc	e00c0953	fmv.x.w	x18,f24	 f24:0x00000000 x18=0x00000000
     285435.000 ns	     28542	80005ed0	00fee6b3	or	x13,x29,x15	 x29:0xffffffff x15:0x80040500 x13=0xffffffff
     285455.000 ns	     28544	80005ed4	d00df853	fcvt.s.w	f16,x27	 x27:0x0000000e f16=0x41600000
     285485.000 ns	     28547	80005ed8	03dd80b3	mul	x1,x27,x29	 x27:0x0000000e x29:0xffffffff  x1=0xfffffff2
     285515.000 ns	     28550	80005edc	f0028253	fmv.w.x	f4,x5	  x5:0x7a430b2b  f4=0x7a430b2b
     285545.000 ns	     28553	80005ee0	20692253	fsgnjx.s	f4,f18,f6	 f18:0x4b7920ee  f6:0xb88658c0  f4=0xcb7920ee
     285565.000 ns	     28555	80005ee4	01e2ab33	slt	x22,x5,x30	  x5:0x7a430b2b x30:0x00000024 x22=0x00000000
     285575.000 ns	     28556	80005ee8	8b00b213	sltiu	x4,x1,-1872	  x1:0xfffffff2  x4=0x00000000
     285585.000 ns	     28557	80005eec	018c5013	srli	x0,x24,0x18	 x24:0x00000000
     285605.000 ns	     28559	80005ef0	20571453	fsgnjn.s	f8,f14,f5	 f14:0x80000001  f5:0x00000000  f8=0x80000001
     285625.000 ns	     28561	80005ef4	010008b3	add	x17,x0,x16	  x0:0x00000000 x16:0x80040fe4 x17=0x80040fe4
     285645.000 ns	     28563	80005ef8	29a68fd3	fmin.s	f31,f13,f26	 f13:0x7fc00000 f26:0x047ff7f7 f31=0x047ff7f7
     285665.000 ns	     28565	80005efc	01943633	sltu	x12,x8,x25	  x8:0xe6173e9c x25:0x0003985c x12=0x00000000
     285685.000 ns	     28567	80005f00	29640853	fmin.s	f16,f8,f22	  f8:0x80000001 f22:0x00000000 f16=0x80000001
     285705.000 ns	     28569	80005f04	b2930a93	addi	x21,x6,-1239	  x6:0x000000f8 x21=0xfffffc21
     285725.000 ns	     28571	80005f08	a0f30ad3	fle.s	x21,f6,f15	  f6:0xb88658c0 f15:0x48800000 x21=0x00000001
     285745.000 ns	     28573	80005f0c	b4352213	slti	x4,x10,-1213	 x10:0x00000000  x4=0x00000000
     285765.000 ns	     28575	80005f10	02416bb3	rem	x23,x2,x4	  x2:0xfffff847  x4:0x00000000 x23=0xfffff847
     285795.000 ns	     28578	80005f14	c001f153	fcvt.w.s	x2,f3	  f3:0x7fc00000  x2=0x7fffffff
     285845.000 ns	     28583	80005f18	09f7c053	fsub.s	f0,f15,f31	 f15:0x48800000 f31:0x047ff7f7  f0=0x48800000
     285865.000 ns	     28585	80005f1c	01c121b3	slt	x3,x2,x28	  x2:0x7fffffff x28:0x00000000  x3=0x00000000
     285885.000 ns	     28587	80005f20	d01012d3	fcvt.s.wu	f5,x0	  x0:0x00000000  f5=0x00000000
     285905.000 ns	     28589	80005f24	0021d513	srli	x10,x3,0x2	  x3:0x000000dc x10=0x00000000
     285935.000 ns	     28592	80005f28	580af2d3	fsqrt.s	f5,f21	 f21:0xcefff7f6  f5=0x7fc00000
     285955.000 ns	     28594	80005f2c	0d332617	auipc	x12,0xd332	 x12=0x8d337f2c
     285965.000 ns	     28595	80005f30	005a3733	sltu	x14,x20,x5	 x20:0x02fce000  x5:0x7a430b2b x14=0x00000001
     285985.000 ns	     28597	80005f34	21811253	fsgnjn.s	f4,f2,f24	  f2:0x48800000 f24:0x00000000  f4=0xc8800000
     286005.000 ns	     28599	80005f38	00e7d913	srli	x18,x15,0xe	 x15:0x80040500 x18=0x00020010
     286365.000 ns	     28635	80005f3c	033476b3	remu	x13,x8,x19	  x8:0xe6173e9c x19:0x00000001 x13=0x00000000
     286395.000 ns	     28638	80005f40	03561433	mulh	x8,x12,x21	 x12:0x8d337f2c x21:0x00000001  x8=0xffffffff
     286445.000 ns	     28643	80005f44	085a4253	fsub.s	f4,f20,f5	 f20:0x00000000  f5:0x7fc00000  f4=0x7fc00000
     286465.000 ns	     28645	80005f48	01f91cb3	sll	x25,x18,x31	 x18:0x00020010 x31:0x80041024 x25=0x00200100
     286485.000 ns	     28647	80005f4c	0311a5b3	mulhsu	x11,x3,x17	  x3:0x00000000 x17:0x80040fe4 x11=0x00000000
     286505.000 ns	     28649	80005f50	0a332313	slti	x6,x6,163	  x6:0x000000f8  x6=0x00000000
     286525.000 ns	     28651	80005f54	c009ce53	fcvt.w.s	x28,f19	 f19:0x435c0000 x28=0x000000dc
     286545.000 ns	     28653	80005f58	00321a13	slli	x20,x4,0x3	  x4:0x00000000 x20=0x00000000
     286565.000 ns	     28655	80005f5c	e0038753	fmv.x.w	x14,f7	  f7:0x7fc00000 x14=0x7fc00000
     286935.000 ns	     28692	80005f60	0223d033	divu	x0,x7,x2	  x7:0xfff8707a  x2:0x7fffffff
     286955.000 ns	     28694	80005f64	45623237	lui	x4,0x45623	  x4=0x45623000
     286965.000 ns	     28695	80005f68	00952eb3	slt	x29,x10,x9	 x10:0x00000000  x9:0x00000000 x29=0x00000000
     286985.000 ns	     28697	80005f6c	03df9cb3	mulh	x25,x31,x29	 x31:0x80041024 x29:0xffffffff x25=0x00000000
     287005.000 ns	     28699	80005f70	c713b313	sltiu	x6,x7,-911	  x7:0xfff8707a  x6=0x00000001
     287015.000 ns	     28700	80005f74	416755b3	sra	x11,x14,x22	 x14:0x7fc00000 x22:0x00000000 x11=0x7fc00000
     287045.000 ns	     28703	80005f78	5808f753	fsqrt.s	f14,f17	 f17:0xfffffe65 f14=0x7fc00000
     287075.000 ns	     28706	80005f7c	292c98d3	fmax.s	f17,f25,f18	 f25:0x41600000 f18:0x4b7920ee f17=0x4b7920ee
     287095.000 ns	     28708	80005f80	2e7b0893	addi	x17,x22,743	 x22:0x00000000 x17=0x000002e7
     287105.000 ns	     28709	80005f84	01fd1433	sll	x8,x26,x31	 x26:0xe1c1ea1b x31:0x80041024  x8=0x1c1ea1b0
     287115.000 ns	     28710	80005f88	00412f33	slt	x30,x2,x4	  x2:0x7fffffff  x4:0x45623000 x30=0x00000000
     287125.000 ns	     28711	80005f8c	22a7f893	andi	x17,x15,554	 x15:0x80040500 x17=0x00000000
     287135.000 ns	     28712	80005f90	00b096b3	sll	x13,x1,x11	  x1:0xfffffff2 x11:0x7fc00000 x13=0xfffffff2
     287155.000 ns	     28714	80005f94	c0047e53	fcvt.w.s	x28,f8	  f8:0x80000001 x28=0x00000000
     287175.000 ns	     28716	80005f98	002d5613	srli	x12,x26,0x2	 x26:0xe1c1ea1b x12=0x38707a86
     287205.000 ns	     28719	80005f9c	1111a953	fmul.s	f18,f3,f17	  f3:0x7fc00000 f17:0x4b7920ee f18=0x7fc00000
     287225.000 ns	     28721	80005fa0	e7c50213	addi	x4,x10,-388	 x10:0x00000000  x4=0xfffffe7c
     287235.000 ns	     28722	80005fa4	41b55d13	srai	x26,x10,0x1b	 x10:0x00000000 x26=0x00000000
     287245.000 ns	     28723	80005fa8	3d26c217	auipc	x4,0x3d26c	  x4=0xbd271fa8
     287265.000 ns	     28725	80005fac	e00800d3	fmv.x.w	x1,f16	 f16:0x80000001  x1=0x80000001
     287295.000 ns	     28728	80005fb0	c01076d3	fcvt.wu.s	x13,f0	  f0:0x48800000 x13=0x00040000
     287315.000 ns	     28730	80005fb4	01c85b13	srli	x22,x16,0x1c	 x16:0x80040fe4 x22=0x00000008
     287335.000 ns	     28732	80005fb8	28ba05d3	fmin.s	f11,f20,f11	 f20:0x00000000 f11:0x4b9683d5 f11=0x00000000
     287365.000 ns	     28735	80005fbc	29ba8753	fmin.s	f14,f21,f27	 f21:0xcefff7f6 f27:0x80000000 f14=0xcefff7f6
     287395.000 ns	     28738	80005fc0	2141af53	fsgnjx.s	f30,f3,f20	  f3:0x7fc00000 f20:0x00000000 f30=0x7fc00000
     287415.000 ns	     28740	80005fc4	01981993	slli	x19,x16,0x19	 x16:0x80040fe4 x19=0xc8000000
     287425.000 ns	     28741	80005fc8	00a85e13	srli	x28,x16,0xa	 x16:0x80040fe4 x28=0x00200103
     287435.000 ns	     28742	80005fcc	01d4a0b3	slt	x1,x9,x29	  x9:0x00000000 x29:0x00000000  x1=0x00000000
     287455.000 ns	     28744	80005fd0	21fc0853	fsgnj.s	f16,f24,f31	 f24:0x00000000 f31:0x047ff7f7 f16=0x00000000
     287485.000 ns	     28747	80005fd4	20832c53	fsgnjx.s	f24,f6,f8	  f6:0xb88658c0  f8:0x80000001 f24=0x388658c0
     287535.000 ns	     28752	80005fd8	002f44d3	fadd.s	f9,f30,f2	 f30:0x7fc00000  f2:0x48800000  f9=0x7fc00000
     287555.000 ns	     28754	80005fdc	41b55533	sra	x10,x10,x27	 x10:0x00000000 x27:0x0000000e x10=0x00000000
     287565.000 ns	     28755	80005fe0	01bcb4b3	sltu	x9,x25,x27	 x25:0x00000000 x27:0x0000000e  x9=0x00000001
     287575.000 ns	     28756	80005fe4	ea60c293	xori	x5,x1,-346	  x1:0x00000000  x5=0xfffffea6
     287585.000 ns	     28757	80005fe8	1deeb093	sltiu	x1,x29,478	 x29:0x00000000  x1=0x00000001
     287595.000 ns	     28758	80005fec	01b17cb3	and	x25,x2,x27	  x2:0x7fffffff x27:0x0000000e x25=0x0000000e
     287605.000 ns	     28759	80005ff0	00cca9b3	slt	x19,x25,x12	 x25:0x00000000 x12:0x38707a86 x19=0x00000001
     287625.000 ns	     28761	80005ff4	c01ff653	fcvt.wu.s	x12,f31	 f31:0x047ff7f7 x12=0x00000000
     287995.000 ns	     28798	80005ff8	0258c033	div	x0,x17,x5	 x17:0x00000000  x5:0xfffffea6
     288015.000 ns	     28800	80005ffc	00000013	addi	x0,x0,0	  x0:0x00000000
     288055.000 ns	     28804	80006000	0946fcd3	fsub.s	f25,f13,f20	 f13:0x7fc00000 f20:0x00000000 f25=0x7fc00000
     288075.000 ns	     28806	80006004	00a2e433	or	x8,x5,x10	  x5:0xfffffea6 x10:0x00000000  x8=0xfffffea6
     288095.000 ns	     28808	80006008	03eb25b3	mulhsu	x11,x22,x30	 x22:0x00000008 x30:0x00000000 x11=0x00000000
     288115.000 ns	     28810	8000600c	30956613	ori	x12,x10,777	 x10:0x00000000 x12=0x00000309
     288125.000 ns	     28811	80006010	00fe5193	srli	x3,x28,0xf	 x28:0x00200103  x3=0x00000040
     288145.000 ns	     28813	80006014	03157f33	remu	x30,x10,x17	 x10:0x00000000 x17:0x00000000 x30=0x00000000
     288175.000 ns	     28816	80006018	29ff18d3	fmax.s	f17,f30,f31	 f30:0x7fc00000 f31:0x047ff7f7 f17=0x047ff7f7
     288195.000 ns	     28818	8000601c	0107bd33	sltu	x26,x15,x16	 x15:0x80040500 x16:0x80040fe4 x26=0x00000001
     288555.000 ns	     28854	80006020	03c4ce33	div	x28,x9,x28	  x9:0x00000001 x28:0x00200103 x28=0x00000000
     288575.000 ns	     28856	80006024	0182ccb3	xor	x25,x5,x24	  x5:0xfffffea6 x24:0x00000000 x25=0xfffffea6
     288585.000 ns	     28857	80006028	00000013	addi	x0,x0,0	  x0:0x00000000
     288595.000 ns	     28858	8000602c	01015433	srl	x8,x2,x16	  x2:0x7fffffff x16:0x80040fe4  x8=0x07ffffff
     288605.000 ns	     28859	80006030	9b15ab13	slti	x22,x11,-1615	 x11:0x00000000 x22=0x00000000
     288625.000 ns	     28861	80006034	031742b3	div	x5,x14,x17	 x14:0x7fc00000 x17:0x00000000  x5=0xffffffff
     288655.000 ns	     28864	80006038	a1918d53	fle.s	x26,f3,f25	  f3:0x7fc00000 f25:0x7fc00000 x26=0x00000000
     288685.000 ns	     28867	8000603c	0205bb33	mulhu	x22,x11,x0	 x11:0x00000000  x0:0x00000000 x22=0x00000000
     288705.000 ns	     28869	80006040	6edfcf13	xori	x30,x31,1773	 x31:0x80041024 x30=0x800416c9
     288725.000 ns	     28871	80006044	c00d4ad3	fcvt.w.s	x21,f26	 f26:0x047ff7f7 x21=0x00000000
     288755.000 ns	     28874	80006048	02f21333	mulh	x6,x4,x15	  x4:0xbd271fa8 x15:0x80040500  x6=0x216b637a
     288785.000 ns	     28877	8000604c	295984d3	fmin.s	f9,f19,f21	 f19:0x435c0000 f21:0xcefff7f6  f9=0xcefff7f6
     288835.000 ns	     28882	80006050	009a7553	fadd.s	f10,f20,f9	 f20:0x00000000  f9:0x7fc00000 f10=0xcefff7f6
     288855.000 ns	     28884	80006054	b2518493	addi	x9,x3,-1243	  x3:0x00000040  x9=0xfffffb65
     288875.000 ns	     28886	80006058	a16ca7d3	feq.s	x15,f25,f22	 f25:0x7fc00000 f22:0x00000000 x15=0x00000000
     288905.000 ns	     28889	8000605c	a1451cd3	flt.s	x25,f10,f20	 f10:0xcefff7f6 f20:0x00000000 x25=0x00000001
     288935.000 ns	     28892	80006060	e0020953	fmv.x.w	x18,f4	  f4:0x7fc00000 x18=0x7fc00000
     288965.000 ns	     28895	80006064	21ceabd3	fsgnjx.s	f23,f29,f28	 f29:0xb88658c0 f28:0x00000000 f23=0xb88658c0
     288985.000 ns	     28897	80006068	017b41b3	xor	x3,x22,x23	 x22:0x00000000 x23:0xfffff847  x3=0xfffff847
     288995.000 ns	     28898	8000606c	feb82193	slti	x3,x16,-21	 x16:0x80040fe4  x3=0x00000001
     289005.000 ns	     28899	80006070	012269b3	or	x19,x4,x18	  x4:0xbd271fa8 x18:0x7fc00000 x19=0xffe71fa8
     289015.000 ns	     28900	80006074	01e65f13	srli	x30,x12,0x1e	 x12:0x00000309 x30=0x00000000
     289035.000 ns	     28902	80006078	c00f4d53	fcvt.w.s	x26,f30	 f30:0x7fc00000 x26=0x7fffffff
     289055.000 ns	     28904	8000607c	410d8a33	sub	x20,x27,x16	 x27:0x0000000e x16:0x80040fe4 x20=0x7ffbf02a
     289415.000 ns	     28940	80006080	0394ef33	rem	x30,x9,x25	  x9:0xfffffb65 x25:0x00000001 x30=0x00000000
     289445.000 ns	     28943	80006084	28eb86d3	fmin.s	f13,f23,f14	 f23:0xb88658c0 f14:0xcefff7f6 f13=0xcefff7f6
     289485.000 ns	     28947	80006088	19cbfed3	fdiv.s	f29,f23,f28	 f23:0xb88658c0 f28:0x00000000 f29=0xff800000
     289505.000 ns	     28949	8000608c	0176bb33	sltu	x22,x13,x23	 x13:0x00040000 x23:0xfffff847 x22=0x00000001
     289515.000 ns	     28950	80006090	007895b3	sll	x11,x17,x7	 x17:0x00000000  x7:0xfff8707a x11=0x00000000
     289525.000 ns	     28951	80006094	0155de33	srl	x28,x11,x21	 x11:0x00000000 x21:0x00000000 x28=0x00000000
     289545.000 ns	     28953	80006098	a06612d3	flt.s	x5,f12,f6	 f12:0x811683d6  f6:0xb88658c0  x5=0x00000000
     289565.000 ns	     28955	8000609c	3c484193	xori	x3,x16,964	 x16:0x80040fe4  x3=0x80040c20
     289585.000 ns	     28957	800060a0	e0019153	fclass.s	x2,f3	  f3:0x7fc00000  x2=0x00000200
     289955.000 ns	     28994	800060a4	037af7b3	remu	x15,x21,x23	 x21:0x00000000 x23:0xfffff847 x15=0x00000000
     289985.000 ns	     28997	800060a8	c009f753	fcvt.w.s	x14,f19	 f19:0x435c0000 x14=0x000000dc
     290005.000 ns	     28999	800060ac	40b15b93	srai	x23,x2,0xb	  x2:0x00000200 x23=0x00000000
     290015.000 ns	     29000	800060b0	41f25e33	sra	x28,x4,x31	  x4:0xbd271fa8 x31:0x80041024 x28=0xfbd271fa
     290035.000 ns	     29002	800060b4	e0008953	fmv.x.w	x18,f1	  f1:0x7fc00000 x18=0x7fc00000
     290055.000 ns	     29004	800060b8	00532bb3	slt	x23,x6,x5	  x6:0x216b637a  x5:0x00000000 x23=0x00000000
     290075.000 ns	     29006	800060bc	c0199bd3	fcvt.wu.s	x23,f19	 f19:0x435c0000 x23=0x000000dc
     290095.000 ns	     29008	800060c0	db3a6a13	ori	x20,x20,-589	 x20:0x7ffbf02a x20=0xfffffdbb
     290115.000 ns	     29010	800060c4	c001b5d3	fcvt.w.s	x11,f3	  f3:0x7fc00000 x11=0x7fffffff
     290145.000 ns	     29013	800060c8	e0018f53	fmv.x.w	x30,f3	  f3:0x7fc00000 x30=0x7fc00000
     290175.000 ns	     29016	800060cc	c01df453	fcvt.wu.s	x8,f27	 f27:0x80000000  x8=0x00000000
     290195.000 ns	     29018	800060d0	0158c0b3	xor	x1,x17,x21	 x17:0x00000000 x21:0x00000000  x1=0x00000000
     290555.000 ns	     29054	800060d4	034157b3	divu	x15,x2,x20	  x2:0x00000200 x20:0xfffffdbb x15=0x00000000
     290595.000 ns	     29058	800060d8	10a3f153	fmul.s	f2,f7,f10	  f7:0x7fc00000 f10:0xcefff7f6  f2=0x7fc00000
     290615.000 ns	     29060	800060dc	2cd5c713	xori	x14,x11,717	 x11:0x7fffffff x14=0x7ffffd32
     290625.000 ns	     29061	800060e0	f27ccb93	xori	x23,x25,-217	 x25:0x00000001 x23=0xffffff26
     290635.000 ns	     29062	800060e4	00d011b3	sll	x3,x0,x13	  x0:0x00000000 x13:0x00040000  x3=0x00000000
     290645.000 ns	     29063	800060e8	00ef5d13	srli	x26,x30,0xe	 x30:0x7fc00000 x26=0x0001ff00
     290655.000 ns	     29064	800060ec	a814a213	slti	x4,x9,-1407	  x9:0xfffffb65  x4=0x00000000
     290695.000 ns	     29068	800060f0	01bb03d3	fadd.s	f7,f22,f27	 f22:0x00000000 f27:0x80000000  f7=0x80000000
     290745.000 ns	     29073	800060f4	08dfacd3	fsub.s	f25,f31,f13	 f31:0x047ff7f7 f13:0xcefff7f6 f25=0x4efff7f6
     290765.000 ns	     29075	800060f8	caf4b293	sltiu	x5,x9,-849	  x9:0xfffffb65  x5=0x00000001
     291125.000 ns	     29111	800060fc	03f76f33	rem	x30,x14,x31	 x14:0x7ffffd32 x31:0x80041024 x30=0x00040d56
     291165.000 ns	     29115	80006100	19cb7453	fdiv.s	f8,f22,f28	 f22:0x00000000 f28:0x00000000  f8=0x7fc00000
     291185.000 ns	     29117	80006104	71a6b713	sltiu	x14,x13,1818	 x13:0x00040000 x14=0x00000000
     291205.000 ns	     29119	80006108	d0198653	fcvt.s.wu	f12,x19	 x19:0xffe71fa8 f12=0x4f7fe720
     291235.000 ns	     29122	8000610c	21088c53	fsgnj.s	f24,f17,f16	 f17:0x047ff7f7 f16:0x00000000 f24=0x047ff7f7
     291605.000 ns	     29159	80006110	034366b3	rem	x13,x6,x20	  x6:0x216b637a x20:0xfffffdbb x13=0x0000001e
     291625.000 ns	     29161	80006114	01468b33	add	x22,x13,x20	 x13:0x00040000 x20:0xfffffdbb x22=0xfffffdd9
     291645.000 ns	     29163	80006118	e0029453	fclass.s	x8,f5	  f5:0x7fc00000  x8=0x00000200
     291675.000 ns	     29166	8000611c	21a999d3	fsgnjn.s	f19,f19,f26	 f19:0x435c0000 f26:0x047ff7f7 f19=0xc35c0000
     291695.000 ns	     29168	80006120	00c5d233	srl	x4,x11,x12	 x11:0x7fffffff x12:0x00000309  x4=0x003fffff
     291705.000 ns	     29169	80006124	00b8e133	or	x2,x17,x11	 x17:0x00000000 x11:0x7fffffff  x2=0x7fffffff
     291745.000 ns	     29173	80006128	016f7ad3	fadd.s	f21,f30,f22	 f30:0x7fc00000 f22:0x00000000 f21=0x7fc00000
     291775.000 ns	     29176	8000612c	e00f1e53	fclass.s	x28,f30	 f30:0x7fc00000 x28=0x00000200
     291795.000 ns	     29178	80006130	401b0333	sub	x6,x22,x1	 x22:0xfffffdd9  x1:0x00000000  x6=0xfffffdd9
     291805.000 ns	     29179	80006134	cef4aa93	slti	x21,x9,-785	  x9:0xfffffb65 x21=0x00000001
     291835.000 ns	     29182	80006138	191eb7d3	fdiv.s	f15,f29,f17	 f29:0xff800000 f17:0x047ff7f7 f15=0xff800000
     291885.000 ns	     29187	8000613c	0849bad3	fsub.s	f21,f19,f4	 f19:0xc35c0000  f4:0x7fc00000 f21=0x7fc00000
     291935.000 ns	     29192	80006140	09551fd3	fsub.s	f31,f10,f21	 f10:0xcefff7f6 f21:0x7fc00000 f31=0x7fc00000
     291985.000 ns	     29197	80006144	0003fed3	fadd.s	f29,f7,f0	  f7:0x80000000  f0:0x48800000 f29=0x48800000
     292015.000 ns	     29200	80006148	f0040553	fmv.w.x	f10,x8	  x8:0x00000200 f10=0x00000200
     292045.000 ns	     29203	8000614c	298093d3	fmax.s	f7,f1,f24	  f1:0x7fc00000 f24:0x047ff7f7  f7=0x047ff7f7
     292065.000 ns	     29205	80006150	0fb20397	auipc	x7,0xfb20	  x7=0x8fb26150
     292085.000 ns	     29207	80006154	03d487b3	mul	x15,x9,x29	  x9:0xfffffb65 x29:0x00000000 x15=0x00000000
     292105.000 ns	     29209	80006158	006b1b93	slli	x23,x22,0x6	 x22:0xfffffdd9 x23=0xffff7640
     292115.000 ns	     29210	8000615c	017da433	slt	x8,x27,x23	 x27:0x0000000e x23:0xffffff26  x8=0x00000000
     292135.000 ns	     29212	80006160	c00d7e53	fcvt.w.s	x28,f26	 f26:0x047ff7f7 x28=0x00000000
     292165.000 ns	     29215	80006164	a0d19a53	flt.s	x20,f3,f13	  f3:0x7fc00000 f13:0xcefff7f6 x20=0x00000000
     292185.000 ns	     29217	80006168	b673fb93	andi	x23,x7,-1177	  x7:0x8fb26150 x23=0x8fb26140
     292195.000 ns	     29218	8000616c	416dd1b3	sra	x3,x27,x22	 x27:0x0000000e x22:0xfffffdd9  x3=0x00000000
     292205.000 ns	     29219	80006170	e5de8a97	auipc	x21,0xe5de8	 x21=0x65dee170
     292245.000 ns	     29223	80006174	089a23d3	fsub.s	f7,f20,f9	 f20:0x00000000  f9:0xcefff7f6  f7=0x4efff7f6
     292275.000 ns	     29226	80006178	d00b72d3	fcvt.s.w	f5,x22	 x22:0xfffffdd9  f5=0xc409c000
     292315.000 ns	     29230	8000617c	1883fed3	fdiv.s	f29,f7,f8	  f7:0x4efff7f6  f8:0x7fc00000 f29=0x7fc00000
     292345.000 ns	     29233	80006180	026d39b3	mulhu	x19,x26,x6	 x26:0x0001ff00  x6:0xfffffdd9 x19=0x0001feff
     292365.000 ns	     29235	80006184	01c625b3	slt	x11,x12,x28	 x12:0x00000309 x28:0x00000000 x11=0x00000000
     292385.000 ns	     29237	80006188	285c9fd3	fmax.s	f31,f25,f5	 f25:0x4efff7f6  f5:0xc409c000 f31=0x4efff7f6
     292405.000 ns	     29239	8000618c	9134f193	andi	x3,x9,-1773	  x9:0xfffffb65  x3=0xfffff901
     292425.000 ns	     29241	80006190	a09616d3	flt.s	x13,f12,f9	 f12:0x4f7fe720  f9:0xcefff7f6 x13=0x00000000
     292445.000 ns	     29243	80006194	00c779b3	and	x19,x14,x12	 x14:0x00000000 x12:0x00000309 x19=0x00000000
     292475.000 ns	     29246	80006198	11d9f753	fmul.s	f14,f19,f29	 f19:0xc35c0000 f29:0x7fc00000 f14=0x7fc00000
     292495.000 ns	     29248	8000619c	faed0493	addi	x9,x26,-82	 x26:0x0001ff00  x9=0x0001feae
     292515.000 ns	     29250	800061a0	a16027d3	feq.s	x15,f0,f22	  f0:0x48800000 f22:0x00000000 x15=0x00000000
     292565.000 ns	     29255	800061a4	00cc3053	fadd.s	f0,f24,f12	 f24:0x047ff7f7 f12:0x4f7fe720  f0=0x4f7fe720
     292585.000 ns	     29257	800061a8	40eb84b3	sub	x9,x23,x14	 x23:0x8fb26140 x14:0x00000000  x9=0x8fb26140
     292605.000 ns	     29259	800061ac	d0098ad3	fcvt.s.w	f21,x19	 x19:0x00000000 f21=0x00000000
     292625.000 ns	     29261	800061b0	003f1593	slli	x11,x30,0x3	 x30:0x00040d56 x11=0x00206ab0
     292645.000 ns	     29263	800061b4	28f11ed3	fmax.s	f29,f2,f15	  f2:0x7fc00000 f15:0xff800000 f29=0xff800000
     292665.000 ns	     29265	800061b8	4073d113	srai	x2,x7,0x7	  x7:0x8fb26150  x2=0xff1f64c2
     292675.000 ns	     29266	800061bc	01559713	slli	x14,x11,0x15	 x11:0x00206ab0 x14=0x56000000
     292695.000 ns	     29268	800061c0	28ac1e53	fmax.s	f28,f24,f10	 f24:0x047ff7f7 f10:0x00000200 f28=0x047ff7f7
     292715.000 ns	     29270	800061c4	0163aeb3	slt	x29,x7,x22	  x7:0x8fb26150 x22:0xfffffdd9 x29=0x00000001
     292725.000 ns	     29271	800061c8	00511133	sll	x2,x2,x5	  x2:0xff1f64c2  x5:0x00000001  x2=0xfe3ec984
     292745.000 ns	     29273	800061cc	212f11d3	fsgnjn.s	f3,f30,f18	 f30:0x7fc00000 f18:0x7fc00000  f3=0xffc00000
     292775.000 ns	     29276	800061d0	f00d8b53	fmv.w.x	f22,x27	 x27:0x0000000e f22=0x0000000e
     292805.000 ns	     29279	800061d4	289c9053	fmax.s	f0,f25,f9	 f25:0x4efff7f6  f9:0xcefff7f6  f0=0x4efff7f6
     292835.000 ns	     29282	800061d8	a02321d3	feq.s	x3,f6,f2	  f6:0xb88658c0  f2:0x7fc00000  x3=0x00000000
     292865.000 ns	     29285	800061dc	d0137fd3	fcvt.s.wu	f31,x6	  x6:0xfffffdd9 f31=0x4f7ffffd
     292885.000 ns	     29287	800061e0	41298233	sub	x4,x19,x18	 x19:0x00000000 x18:0x7fc00000  x4=0x80400000
     292905.000 ns	     29289	800061e4	201e2053	fsgnjx.s	f0,f28,f1	 f28:0x047ff7f7  f1:0x7fc00000  f0=0x047ff7f7
     292925.000 ns	     29291	800061e8	40b88933	sub	x18,x17,x11	 x17:0x00000000 x11:0x00206ab0 x18=0xffdf9550
     292935.000 ns	     29292	800061ec	bb853cb7	lui	x25,0xbb853	 x25=0xbb853000
     292945.000 ns	     29293	800061f0	26f32217	auipc	x4,0x26f32	  x4=0xa6f381f0
     292975.000 ns	     29296	800061f4	115b7b53	fmul.s	f22,f22,f21	 f22:0x0000000e f21:0x00000000 f22=0x00000000
     294155.000 ns	     29414	800061f8	580e7253	fsqrt.s	f4,f28	 f28:0x047ff7f7  f4=0x21b4feb4
     294195.000 ns	     29418	800061fc	180a8ed3	fdiv.s	f29,f21,f0	 f21:0x00000000  f0:0x047ff7f7 f29=0x00000000
     294215.000 ns	     29420	80006200	40a0d213	srai	x4,x1,0xa	  x1:0x00000000  x4=0x00000000
     294245.000 ns	     29423	80006204	191170d3	fdiv.s	f1,f2,f17	  f2:0x7fc00000 f17:0x047ff7f7  f1=0x7fc00000
     294265.000 ns	     29425	80006208	00ad1113	slli	x2,x26,0xa	 x26:0x0001ff00  x2=0x07fc0000
     294285.000 ns	     29427	8000620c	d0118653	fcvt.s.wu	f12,x3	  x3:0x00000000 f12=0x00000000
     294315.000 ns	     29430	80006210	022a90b3	mulh	x1,x21,x2	 x21:0x65dee170  x2:0xfe3ec984  x1=0x032d5f8f
     294365.000 ns	     29435	80006214	085cb353	fsub.s	f6,f25,f5	 f25:0x4efff7f6  f5:0xc409c000  f6=0x4efff7fb
     294395.000 ns	     29438	80006218	293e0153	fmin.s	f2,f28,f19	 f28:0x047ff7f7 f19:0xc35c0000  f2=0xc35c0000
     294425.000 ns	     29441	8000621c	03fda9b3	mulhsu	x19,x27,x31	 x27:0x0000000e x31:0x80041024 x19=0x00000007
     294465.000 ns	     29445	80006220	10784ed3	fmul.s	f29,f16,f7	 f16:0x00000000  f7:0x4efff7f6 f29=0x00000000
     294485.000 ns	     29447	80006224	87fa2f13	slti	x30,x20,-1921	 x20:0x00000000 x30=0x00000000
     294505.000 ns	     29449	80006228	29788fd3	fmin.s	f31,f17,f23	 f17:0x047ff7f7 f23:0xb88658c0 f31=0xb88658c0
     294525.000 ns	     29451	8000622c	d5d4f713	andi	x14,x9,-675	  x9:0x8fb26140 x14=0x8fb26140
     294535.000 ns	     29452	80006230	a3d1aa93	slti	x21,x3,-1475	  x3:0x00000000 x21=0x00000000
     294545.000 ns	     29453	80006234	40c7dbb3	sra	x23,x15,x12	 x15:0x00000000 x12:0x00000309 x23=0x00000000
     294565.000 ns	     29455	80006238	c012fed3	fcvt.wu.s	x29,f5	  f5:0xc409c000 x29=0x00000227
     294595.000 ns	     29458	8000623c	e00d8553	fmv.x.w	x10,f27	 f27:0x80000000 x10=0x80000000
     294625.000 ns	     29461	80006240	035b9133	mulh	x2,x23,x21	 x23:0x00000000 x21:0x00000000  x2=0x00000000
     294645.000 ns	     29463	80006244	00fdf4b3	and	x9,x27,x15	 x27:0x0000000e x15:0x00000000  x9=0x00000000
     294665.000 ns	     29465	80006248	20b10f53	fsgnj.s	f30,f2,f11	  f2:0xc35c0000 f11:0x00000000 f30=0x435c0000
     294685.000 ns	     29467	8000624c	394f0193	addi	x3,x30,916	 x30:0x00000000  x3=0x00000394
     294715.000 ns	     29470	80006250	183f22d3	fdiv.s	f5,f30,f3	 f30:0x435c0000  f3:0xffc00000  f5=0x7fc00000
     295085.000 ns	     29507	80006254	023777b3	remu	x15,x14,x3	 x14:0x8fb26140  x3:0x00000000 x15=0x00000320
     295125.000 ns	     29511	80006258	580b2e53	fsqrt.s	f28,f22	 f22:0x00000000 f28=0x00000000
     295155.000 ns	     29514	8000625c	21059853	fsgnjn.s	f16,f11,f16	 f11:0x00000000 f16:0x00000000 f16=0x80000000
     295175.000 ns	     29516	80006260	b2c10a97	auipc	x21,0xb2c10	 x21=0x32c16260
     295185.000 ns	     29517	80006264	a0716893	ori	x17,x2,-1529	  x2:0x00000000 x17=0xfffffa07
     295195.000 ns	     29518	80006268	ce1feeb7	lui	x29,0xce1fe	 x29=0xce1fe000
     295215.000 ns	     29520	8000626c	d00419d3	fcvt.s.w	f19,x8	  x8:0x00000000 f19=0x00000000
     295235.000 ns	     29522	80006270	019c6633	or	x12,x24,x25	 x24:0x00000000 x25:0xbb853000 x12=0xbb853000
     295255.000 ns	     29524	80006274	e0050b53	fmv.x.w	x22,f10	 f10:0x00000200 x22=0x00000200
     295275.000 ns	     29526	80006278	031d4eb7	lui	x29,0x31d4	 x29=0x031d4000
     295295.000 ns	     29528	8000627c	e0011cd3	fclass.s	x25,f2	  f2:0xc35c0000 x25=0x00000002
     295335.000 ns	     29532	80006280	192a2b53	fdiv.s	f22,f20,f18	 f20:0x00000000 f18:0x7fc00000 f22=0x7fc00000
     295355.000 ns	     29534	80006284	78f73d13	sltiu	x26,x14,1935	 x14:0x8fb26140 x26=0x00000000
     295365.000 ns	     29535	80006288	00000013	addi	x0,x0,0	  x0:0x00000000
     295375.000 ns	     29536	8000628c	c7c52613	slti	x12,x10,-900	 x10:0x80000000 x12=0x00000001
     295395.000 ns	     29538	80006290	29a890d3	fmax.s	f1,f17,f26	 f17:0x047ff7f7 f26:0x047ff7f7  f1=0x047ff7f7
     295425.000 ns	     29541	80006294	03721933	mulh	x18,x4,x23	  x4:0x00000000 x23:0x00000000 x18=0x00000000
     295445.000 ns	     29543	80006298	00000013	addi	x0,x0,0	  x0:0x00000000
     295455.000 ns	     29544	8000629c	40be5cb3	sra	x25,x28,x11	 x28:0x00000000 x11:0x00206ab0 x25=0x00000000
     295475.000 ns	     29546	800062a0	022ab933	mulhu	x18,x21,x2	 x21:0x32c16260  x2:0x00000000 x18=0x00000000
     295525.000 ns	     29551	800062a4	0043fed3	fadd.s	f29,f7,f4	  f7:0x4efff7f6  f4:0x21b4feb4 f29=0x4efff7f6
     295545.000 ns	     29553	800062a8	019698b3	sll	x17,x13,x25	 x13:0x00000000 x25:0x00000000 x17=0x00000000
     295555.000 ns	     29554	800062ac	0c93da17	auipc	x20,0xc93d	 x20=0x8c9432ac
     295595.000 ns	     29558	800062b0	09d17553	fsub.s	f10,f2,f29	  f2:0xc35c0000 f29:0x4efff7f6 f10=0xcefff7f7
     295625.000 ns	     29561	800062b4	297f84d3	fmin.s	f9,f31,f23	 f31:0xb88658c0 f23:0xb88658c0  f9=0xb88658c0
     295645.000 ns	     29563	800062b8	01f3ebb3	or	x23,x7,x31	  x7:0x8fb26150 x31:0x80041024 x23=0x8fb67174
     295655.000 ns	     29564	800062bc	5dd87f13	andi	x30,x16,1501	 x16:0x80040fe4 x30=0x000005c4
     295675.000 ns	     29566	800062c0	f0050953	fmv.w.x	f18,x10	 x10:0x80000000 f18=0x80000000
     295695.000 ns	     29568	800062c4	00000013	addi	x0,x0,0	  x0:0x00000000
     295715.000 ns	     29570	800062c8	c0093cd3	fcvt.w.s	x25,f18	 f18:0x80000000 x25=0x00000000
     295745.000 ns	     29573	800062cc	a0e99953	flt.s	x18,f19,f14	 f19:0x00000000 f14:0x7fc00000 x18=0x00000000
     295765.000 ns	     29575	800062d0	01dcb1b3	sltu	x3,x25,x29	 x25:0x00000000 x29:0x031d4000  x3=0x00000001
     295775.000 ns	     29576	800062d4	40715e93	srai	x29,x2,0x7	  x2:0x00000000 x29=0x00000000
     295785.000 ns	     29577	800062d8	01529213	slli	x4,x5,0x15	  x5:0x00000001  x4=0x00200000
     295815.000 ns	     29580	800062dc	580df6d3	fsqrt.s	f13,f27	 f27:0x80000000 f13=0x80000000
     295845.000 ns	     29583	800062e0	d0137753	fcvt.s.wu	f14,x6	  x6:0xfffffdd9 f14=0x4f7ffffd
     295865.000 ns	     29585	800062e4	018a8bb3	add	x23,x21,x24	 x21:0x32c16260 x24:0x00000000 x23=0x32c16260
     296225.000 ns	     29621	800062e8	021068b3	rem	x17,x0,x1	  x0:0x00000000  x1:0x032d5f8f x17=0x00000000
     296255.000 ns	     29624	800062ec	f00d8f53	fmv.w.x	f30,x27	 x27:0x0000000e f30=0x0000000e
     296285.000 ns	     29627	800062f0	217086d3	fsgnj.s	f13,f1,f23	  f1:0x047ff7f7 f23:0xb88658c0 f13=0x847ff7f7
     296335.000 ns	     29632	800062f4	09b1f453	fsub.s	f8,f3,f27	  f3:0xffc00000 f27:0x80000000  f8=0x7fc00000
     296355.000 ns	     29634	800062f8	f8340313	addi	x6,x8,-125	  x8:0x00000000  x6=0xffffff83
     296715.000 ns	     29670	800062fc	02f15eb3	divu	x29,x2,x15	  x2:0x00000000 x15:0x00000320 x29=0x00000000
     296745.000 ns	     29673	80006300	020e88b3	mul	x17,x29,x0	 x29:0x00000000  x0:0x00000000 x17=0x00000000
     296765.000 ns	     29675	80006304	01ceb7b3	sltu	x15,x29,x28	 x29:0x00000000 x28:0x00000000 x15=0x00000000
     296775.000 ns	     29676	80006308	00dad533	srl	x10,x21,x13	 x21:0x32c16260 x13:0x00000000 x10=0x32c16260
     296795.000 ns	     29678	8000630c	034f9033	mulh	x0,x31,x20	 x31:0x80041024 x20:0x8c9432ac
     296825.000 ns	     29681	80006310	c009f7d3	fcvt.w.s	x15,f19	 f19:0x00000000 x15=0x00000000
     296855.000 ns	     29684	80006314	e00d8cd3	fmv.x.w	x25,f27	 f27:0x80000000 x25=0x80000000
     296885.000 ns	     29687	80006318	e00c1953	fclass.s	x18,f24	 f24:0x047ff7f7 x18=0x00000040
     296925.000 ns	     29691	8000631c	580479d3	fsqrt.s	f19,f8	  f8:0x7fc00000 f19=0x7fc00000
     297295.000 ns	     29728	80006320	0362f5b3	remu	x11,x5,x22	  x5:0x00000001 x22:0x00000200 x11=0x00000001
     297315.000 ns	     29730	80006324	ac1dce13	xori	x28,x27,-1343	 x27:0x0000000e x28=0xfffffacf
     297325.000 ns	     29731	80006328	404954b3	sra	x9,x18,x4	 x18:0x00000040  x4:0x00200000  x9=0x00000040
     297335.000 ns	     29732	8000632c	41545e13	srai	x28,x8,0x15	  x8:0x00000000 x28=0x00000000
     297695.000 ns	     29768	80006330	03fcf733	remu	x14,x25,x31	 x25:0x80000000 x31:0x80041024 x14=0x80000000
     297725.000 ns	     29771	80006334	02277d33	remu	x26,x14,x2	 x14:0x8fb26140  x2:0x00000000 x26=0x80000000
     297755.000 ns	     29774	80006338	a08a21d3	feq.s	x3,f20,f8	 f20:0x00000000  f8:0x7fc00000  x3=0x00000000
     297775.000 ns	     29776	8000633c	78d4bc93	sltiu	x25,x9,1933	  x9:0x00000040 x25=0x00000001
     297795.000 ns	     29778	80006340	203faa53	fsgnjx.s	f20,f31,f3	 f31:0xb88658c0  f3:0xffc00000 f20=0x388658c0
     297815.000 ns	     29780	80006344	d19af993	andi	x19,x21,-743	 x21:0x32c16260 x19=0x32c16000
     297825.000 ns	     29781	80006348	00e0a8b3	slt	x17,x1,x14	  x1:0x032d5f8f x14:0x80000000 x17=0x00000000
     297835.000 ns	     29782	8000634c	2fb459b7	lui	x19,0x2fb45	 x19=0x2fb45000
     297855.000 ns	     29784	80006350	c002fd53	fcvt.w.s	x26,f5	  f5:0x7fc00000 x26=0x7fffffff
     297875.000 ns	     29786	80006354	001d4e33	xor	x28,x26,x1	 x26:0x80000000  x1:0x032d5f8f x28=0x7cd2a070
     297895.000 ns	     29788	80006358	29451b53	fmax.s	f22,f10,f20	 f10:0xcefff7f7 f20:0x388658c0 f22=0x388658c0
     297925.000 ns	     29791	8000635c	d00efa53	fcvt.s.w	f20,x29	 x29:0x00000000 f20=0x00000000
     297945.000 ns	     29793	80006360	00daf433	and	x8,x21,x13	 x21:0x32c16260 x13:0x00000000  x8=0x00000000
     297955.000 ns	     29794	80006364	0165ee33	or	x28,x11,x22	 x11:0x00000001 x22:0x00000200 x28=0x00000201
     299125.000 ns	     29911	80006368	580011d3	fsqrt.s	f3,f0	  f0:0x047ff7f7  f3=0x21b4feb4
     299145.000 ns	     29913	8000636c	41b85913	srai	x18,x16,0x1b	 x16:0x80040fe4 x18=0xfffffff0
     299155.000 ns	     29914	80006370	01e3c533	xor	x10,x7,x30	  x7:0x8fb26150 x30:0x000005c4 x10=0x8fb26494
     299515.000 ns	     29950	80006374	02b7f2b3	remu	x5,x15,x11	 x15:0x00000000 x11:0x00000001  x5=0x00000000
     299535.000 ns	     29952	80006378	41635313	srai	x6,x6,0x16	  x6:0xffffff83  x6=0xffffffff
     299545.000 ns	     29953	8000637c	006e5333	srl	x6,x28,x6	 x28:0x00000201  x6:0xffffff83  x6=0x00000000
     299905.000 ns	     29989	80006380	039350b3	divu	x1,x6,x25	  x6:0xffffff83 x25:0x00000001  x1=0x00000000
     299925.000 ns	     29991	80006384	d178a693	slti	x13,x17,-745	 x17:0x00000000 x13=0x00000000
     299935.000 ns	     29992	80006388	0095e533	or	x10,x11,x9	 x11:0x00000001  x9:0x00000040 x10=0x00000041
     299945.000 ns	     29993	8000638c	0142ff33	and	x30,x5,x20	  x5:0x00000000 x20:0x8c9432ac x30=0x00000000
     299965.000 ns	     29995	80006390	286a8fd3	fmin.s	f31,f21,f6	 f21:0x00000000  f6:0x4efff7fb f31=0x00000000
     299985.000 ns	     29997	80006394	01a15733	srl	x14,x2,x26	  x2:0x00000000 x26:0x7fffffff x14=0x00000000
     300005.000 ns	     29999	80006398	f00208d3	fmv.w.x	f17,x4	  x4:0x00200000 f17=0x00200000
     300035.000 ns	     30002	8000639c	20812753	fsgnjx.s	f14,f2,f8	  f2:0xc35c0000  f8:0x7fc00000 f14=0xc35c0000
     300065.000 ns	     30005	800063a0	299b8bd3	fmin.s	f23,f23,f25	 f23:0xb88658c0 f25:0x4efff7f6 f23=0xb88658c0
     300095.000 ns	     30008	800063a4	03fd90b3	mulh	x1,x27,x31	 x27:0x0000000e x31:0x80041024  x1=0xfffffff9
     300125.000 ns	     30011	800063a8	f0048f53	fmv.w.x	f30,x9	  x9:0x00000040 f30=0x00000040
     300145.000 ns	     30013	800063ac	004afd33	and	x26,x21,x4	 x21:0x32c16260  x4:0x00200000 x26=0x00000000
     300165.000 ns	     30015	800063b0	d01c7c53	fcvt.s.wu	f24,x24	 x24:0x00000000 f24=0x00000000
     300185.000 ns	     30017	800063b4	9980eb93	ori	x23,x1,-1640	  x1:0xfffffff9 x23=0xfffffff9
     300205.000 ns	     30019	800063b8	f00f8d53	fmv.w.x	f26,x31	 x31:0x80041024 f26=0x80041024
     300225.000 ns	     30021	800063bc	41efdc93	srai	x25,x31,0x1e	 x31:0x80041024 x25=0xfffffffe
     300245.000 ns	     30023	800063c0	207fa5d3	fsgnjx.s	f11,f31,f7	 f31:0x00000000  f7:0x4efff7f6 f11=0x00000000
     300275.000 ns	     30026	800063c4	282f8ed3	fmin.s	f29,f31,f2	 f31:0x00000000  f2:0xc35c0000 f29=0xc35c0000
     300315.000 ns	     30030	800063c8	1923fd53	fdiv.s	f26,f7,f18	  f7:0x4efff7f6 f18:0x80000000 f26=0xff800000
     300335.000 ns	     30032	800063cc	0199e6b3	or	x13,x19,x25	 x19:0x2fb45000 x25:0xfffffffe x13=0xfffffffe
     300355.000 ns	     30034	800063d0	d018b953	fcvt.s.wu	f18,x17	 x17:0x00000000 f18=0x00000000
     300385.000 ns	     30037	800063d4	02271933	mulh	x18,x14,x2	 x14:0x00000000  x2:0x00000000 x18=0x00000000
     300415.000 ns	     30040	800063d8	200801d3	fsgnj.s	f3,f16,f0	 f16:0x80000000  f0:0x047ff7f7  f3=0x00000000
     300445.000 ns	     30043	800063dc	21a6a853	fsgnjx.s	f16,f13,f26	 f13:0x847ff7f7 f26:0xff800000 f16=0x047ff7f7
     300475.000 ns	     30046	800063e0	a0d182d3	fle.s	x5,f3,f13	  f3:0x00000000 f13:0x847ff7f7  x5=0x00000000
     300495.000 ns	     30048	800063e4	31e6e013	ori	x0,x13,798	 x13:0xfffffffe
     300515.000 ns	     30050	800063e8	c01aaad3	fcvt.wu.s	x21,f21	 f21:0x00000000 x21=0x00000000
     300535.000 ns	     30052	800063ec	416b8c33	sub	x24,x23,x22	 x23:0xfffffff9 x22:0x00000200 x24=0xfffffdf9
     300555.000 ns	     30054	800063f0	20141b53	fsgnjn.s	f22,f8,f1	  f8:0x7fc00000  f1:0x047ff7f7 f22=0xffc00000
     300575.000 ns	     30056	800063f4	40195bb3	sra	x23,x18,x1	 x18:0x00000000  x1:0xfffffff9 x23=0x00000000
     300595.000 ns	     30058	800063f8	031763b3	rem	x7,x14,x17	 x14:0x00000000 x17:0x00000000  x7=0x00000000
     300615.000 ns	     30060	800063fc	00000013	addi	x0,x0,0	  x0:0x00000000
     300625.000 ns	     30061	80006400	40b05313	srai	x6,x0,0xb	  x0:0x00000000  x6=0x00000000
     300635.000 ns	     30062	80006404	00ec1013	slli	x0,x24,0xe	 x24:0xfffffdf9
     300675.000 ns	     30066	80006408	01a62dd3	fadd.s	f27,f12,f26	 f12:0x00000000 f26:0xff800000 f27=0xff800000
     300695.000 ns	     30068	8000640c	014981b3	add	x3,x19,x20	 x19:0x2fb45000 x20:0x8c9432ac  x3=0xbc4882ac
     300715.000 ns	     30070	80006410	c005c1d3	fcvt.w.s	x3,f11	 f11:0x00000000  x3=0x00000000
     300745.000 ns	     30073	80006414	217885d3	fsgnj.s	f11,f17,f23	 f17:0x00200000 f23:0xb88658c0 f11=0x80200000
     300765.000 ns	     30075	80006418	01998f33	add	x30,x19,x25	 x19:0x2fb45000 x25:0xfffffffe x30=0x2fb44ffe
     301125.000 ns	     30111	8000641c	03bd5533	divu	x10,x26,x27	 x26:0x00000000 x27:0x0000000e x10=0x00000000
     301155.000 ns	     30114	80006420	032b3733	mulhu	x14,x22,x18	 x22:0x00000200 x18:0x00000000 x14=0x00000000
     301185.000 ns	     30117	80006424	21bca953	fsgnjx.s	f18,f25,f27	 f25:0x4efff7f6 f27:0xff800000 f18=0xcefff7f6
     301235.000 ns	     30122	80006428	019b04d3	fadd.s	f9,f22,f25	 f22:0xffc00000 f25:0x4efff7f6  f9=0x7fc00000
     301255.000 ns	     30124	8000642c	41865033	sra	x0,x12,x24	 x12:0x00000001 x24:0xfffffdf9
     301265.000 ns	     30125	80006430	01982233	slt	x4,x16,x25	 x16:0x80040fe4 x25:0xfffffffe  x4=0x00000001
     301285.000 ns	     30127	80006434	a1f519d3	flt.s	x19,f10,f31	 f10:0xcefff7f7 f31:0x00000000 x19=0x00000001
     301305.000 ns	     30129	80006438	0164f933	and	x18,x9,x22	  x9:0x00000040 x22:0x00000200 x18=0x00000000
     301315.000 ns	     30130	8000643c	2263f893	andi	x17,x7,550	  x7:0x00000000 x17=0x00000000
     301335.000 ns	     30132	80006440	d016f853	fcvt.s.wu	f16,x13	 x13:0xfffffffe f16=0x4f7fffff
     301355.000 ns	     30134	80006444	004cba33	sltu	x20,x25,x4	 x25:0xfffffffe  x4:0x00000001 x20=0x00000000
     301375.000 ns	     30136	80006448	03d581b3	mul	x3,x11,x29	 x11:0x00000001 x29:0x00000000  x3=0x00000000
     301405.000 ns	     30139	8000644c	d00e10d3	fcvt.s.w	f1,x28	 x28:0x00000201  f1=0x44004000
     301425.000 ns	     30141	80006450	d87ff693	andi	x13,x31,-633	 x31:0x80041024 x13=0x80041004
     301445.000 ns	     30143	80006454	21f52bd3	fsgnjx.s	f23,f10,f31	 f10:0xcefff7f7 f31:0x00000000 f23=0xcefff7f7
     301465.000 ns	     30145	80006458	e2c86513	ori	x10,x16,-468	 x16:0x80040fe4 x10=0xffffffec
     301485.000 ns	     30147	8000645c	a16e11d3	flt.s	x3,f28,f22	 f28:0x00000000 f22:0xffc00000  x3=0x00000000
     301515.000 ns	     30150	80006460	d0133cd3	fcvt.s.wu	f25,x6	  x6:0x00000000 f25=0x00000000
     301535.000 ns	     30152	80006464	009bc933	xor	x18,x23,x9	 x23:0x00000000  x9:0x00000040 x18=0x00000040
     301565.000 ns	     30155	80006468	10fa7cd3	fmul.s	f25,f20,f15	 f20:0x00000000 f15:0xff800000 f25=0x7fc00000
     301585.000 ns	     30157	8000646c	01930f33	add	x30,x6,x25	  x6:0x00000000 x25:0xfffffffe x30=0xfffffffe
     301945.000 ns	     30193	80006470	038448b3	div	x17,x8,x24	  x8:0x00000000 x24:0xfffffdf9 x17=0x00000000
     301975.000 ns	     30196	80006474	2044a4d3	fsgnjx.s	f9,f9,f4	  f9:0x7fc00000  f4:0x21b4feb4  f9=0x7fc00000
     301995.000 ns	     30198	80006478	41b95cb3	sra	x25,x18,x27	 x18:0x00000040 x27:0x0000000e x25=0x00000000
     302015.000 ns	     30200	8000647c	025632b3	mulhu	x5,x12,x5	 x12:0x00000001  x5:0x00000000  x5=0x00000000
     302035.000 ns	     30202	80006480	017f7eb3	and	x29,x30,x23	 x30:0xfffffffe x23:0x00000000 x29=0x00000000
     302055.000 ns	     30204	80006484	c0067ad3	fcvt.w.s	x21,f12	 f12:0x00000000 x21=0x00000000
     302075.000 ns	     30206	80006488	00312633	slt	x12,x2,x3	  x2:0x00000000  x3:0x00000000 x12=0x00000000
     302085.000 ns	     30207	8000648c	40a8d493	srai	x9,x17,0xa	 x17:0x00000000  x9=0x00000000
     302095.000 ns	     30208	80006490	81d1f313	andi	x6,x3,-2019	  x3:0x00000000  x6=0x00000000
     302115.000 ns	     30210	80006494	a079a1d3	feq.s	x3,f19,f7	 f19:0x7fc00000  f7:0x4efff7f6  x3=0x00000000
     302135.000 ns	     30212	80006498	01e8be33	sltu	x28,x17,x30	 x17:0x00000000 x30:0xfffffffe x28=0x00000001
     302155.000 ns	     30214	8000649c	208aa9d3	fsgnjx.s	f19,f21,f8	 f21:0x00000000  f8:0x7fc00000 f19=0x00000000
     302185.000 ns	     30217	800064a0	a0311353	flt.s	x6,f2,f3	  f2:0xc35c0000  f3:0x00000000  x6=0x00000001
     302215.000 ns	     30220	800064a4	02bc1633	mulh	x12,x24,x11	 x24:0xfffffdf9 x11:0x00000001 x12=0xffffffff
     302235.000 ns	     30222	800064a8	87b88413	addi	x8,x17,-1925	 x17:0x00000000  x8=0xfffff87b
     302255.000 ns	     30224	800064ac	039cd2b3	divu	x5,x25,x25	 x25:0x00000000 x25:0x00000000  x5=0xffffffff
     302285.000 ns	     30227	800064b0	a1ac9bd3	flt.s	x23,f25,f26	 f25:0x7fc00000 f26:0xff800000 x23=0x00000000
     302655.000 ns	     30264	800064b4	0266d1b3	divu	x3,x13,x6	 x13:0x80041004  x6:0x00000001  x3=0x80041004
     302675.000 ns	     30266	800064b8	001f3633	sltu	x12,x30,x1	 x30:0xfffffffe  x1:0xfffffff9 x12=0x00000000
     302705.000 ns	     30269	800064bc	19a14753	fdiv.s	f14,f2,f26	  f2:0xc35c0000 f26:0xff800000 f14=0x00000000
     302745.000 ns	     30273	800064c0	11a0a153	fmul.s	f2,f1,f26	  f1:0x44004000 f26:0xff800000  f2=0xff800000
     302775.000 ns	     30276	800064c4	038e83b3	mul	x7,x29,x24	 x29:0x00000000 x24:0xfffffdf9  x7=0x00000000
     302795.000 ns	     30278	800064c8	00f09713	slli	x14,x1,0xf	  x1:0xfffffff9 x14=0xfffc8000
     302815.000 ns	     30280	800064cc	29af8a53	fmin.s	f20,f31,f26	 f31:0x00000000 f26:0xff800000 f20=0xff800000
     302855.000 ns	     30284	800064d0	5804f0d3	fsqrt.s	f1,f9	  f9:0x7fc00000  f1=0x7fc00000
     302885.000 ns	     30287	800064d4	a1adaa53	feq.s	x20,f27,f26	 f27:0xff800000 f26:0xff800000 x20=0x00000001
     302915.000 ns	     30290	800064d8	029144b3	div	x9,x2,x9	  x2:0x00000000  x9:0x00000000  x9=0xffffffff
     302935.000 ns	     30292	800064dc	008f3533	sltu	x10,x30,x8	 x30:0xfffffffe  x8:0xfffff87b x10=0x00000000
     302955.000 ns	     30294	800064e0	a06b9e53	flt.s	x28,f23,f6	 f23:0xcefff7f7  f6:0x4efff7fb x28=0x00000001
     302975.000 ns	     30296	800064e4	00000013	addi	x0,x0,0	  x0:0x00000000
     302985.000 ns	     30297	800064e8	0038e6b3	or	x13,x17,x3	 x17:0x00000000  x3:0x80041004 x13=0x80041004
     302995.000 ns	     30298	800064ec	32396793	ori	x15,x18,803	 x18:0x00000040 x15=0x00000363
     303035.000 ns	     30302	800064f0	00e77f53	fadd.s	f30,f14,f14	 f14:0x00000000 f14:0x00000000 f30=0x00000000
     303055.000 ns	     30304	800064f4	01ab9bb3	sll	x23,x23,x26	 x23:0x00000000 x26:0x00000000 x23=0x00000000
     303095.000 ns	     30308	800064f8	0032fed3	fadd.s	f29,f5,f3	  f5:0x7fc00000  f3:0x00000000 f29=0x7fc00000
     303115.000 ns	     30310	800064fc	012e81b3	add	x3,x29,x18	 x29:0x00000000 x18:0x00000040  x3=0x00000040
     303135.000 ns	     30312	80006500	a03996d3	flt.s	x13,f19,f3	 f19:0x00000000  f3:0x00000000 x13=0x00000000
     303155.000 ns	     30314	80006504	41b0d0b3	sra	x1,x1,x27	  x1:0xfffffff9 x27:0x0000000e  x1=0xffffffff
     303195.000 ns	     30318	80006508	00afbf53	fadd.s	f30,f31,f10	 f31:0x00000000 f10:0xcefff7f7 f30=0xcefff7f7
     303245.000 ns	     30323	8000650c	09f304d3	fsub.s	f9,f6,f31	  f6:0x4efff7fb f31:0x00000000  f9=0x4efff7fb
     303265.000 ns	     30325	80006510	00f6f133	and	x2,x13,x15	 x13:0x00000000 x15:0x00000363  x2=0x00000000
     303625.000 ns	     30361	80006514	023255b3	divu	x11,x4,x3	  x4:0x00000001  x3:0x00000040 x11=0x00000000
     303675.000 ns	     30366	80006518	01a079d3	fadd.s	f19,f0,f26	  f0:0x047ff7f7 f26:0xff800000 f19=0xff800000
     303695.000 ns	     30368	8000651c	0041f033	and	x0,x3,x4	  x3:0x00000040  x4:0x00000001
     303715.000 ns	     30370	80006520	20f4a453	fsgnjx.s	f8,f9,f15	  f9:0x4efff7fb f15:0xff800000  f8=0xcefff7fb
     303745.000 ns	     30373	80006524	029d2bb3	mulhsu	x23,x26,x9	 x26:0x00000000  x9:0xffffffff x23=0x00000000
     303775.000 ns	     30376	80006528	02b79033	mulh	x0,x15,x11	 x15:0x00000363 x11:0x00000000
     303825.000 ns	     30381	8000652c	090b19d3	fsub.s	f19,f22,f16	 f22:0xffc00000 f16:0x4f7fffff f19=0x7fc00000
     303855.000 ns	     30384	80006530	e00996d3	fclass.s	x13,f19	 f19:0xff800000 x13=0x00000200
     303885.000 ns	     30387	80006534	c005f053	fcvt.w.s	x0,f11	 f11:0x80200000
     303905.000 ns	     30389	80006538	3c216993	ori	x19,x2,962	  x2:0x00000000 x19=0x000003c2
     303915.000 ns	     30390	8000653c	018f2533	slt	x10,x30,x24	 x30:0xfffffffe x24:0xfffffdf9 x10=0x00000000
     303935.000 ns	     30392	80006540	e0090ed3	fmv.x.w	x29,f18	 f18:0xcefff7f6 x29=0xcefff7f6
     304305.000 ns	     30429	80006544	03d9f1b3	remu	x3,x19,x29	 x19:0x000003c2 x29:0x00000000  x3=0x000003c2
     304325.000 ns	     30431	80006548	2b488213	addi	x4,x17,692	 x17:0x00000000  x4=0x000002b4
     304345.000 ns	     30433	8000654c	214793d3	fsgnjn.s	f7,f15,f20	 f15:0xff800000 f20:0xff800000  f7=0x7f800000
     304365.000 ns	     30435	80006550	41a8d333	sra	x6,x17,x26	 x17:0x00000000 x26:0x00000000  x6=0x00000000
     304385.000 ns	     30437	80006554	c016f153	fcvt.wu.s	x2,f13	 f13:0x847ff7f7  x2=0x00000000
     304415.000 ns	     30440	80006558	20da2953	fsgnjx.s	f18,f20,f13	 f20:0xff800000 f13:0x847ff7f7 f18=0x7f800000
     304445.000 ns	     30443	8000655c	c0034c53	fcvt.w.s	x24,f6	  f6:0x4efff7fb x24=0x7ffbfd80
     304465.000 ns	     30445	80006560	e1b17313	andi	x6,x2,-485	  x2:0x00000000  x6=0x00000000
     304495.000 ns	     30448	80006564	18198953	fdiv.s	f18,f19,f1	 f19:0x7fc00000  f1:0x7fc00000 f18=0x7fc00000
     304545.000 ns	     30453	80006568	09a1fc53	fsub.s	f24,f3,f26	  f3:0x00000000 f26:0xff800000 f24=0x7f800000
     304575.000 ns	     30456	8000656c	031920b3	mulhsu	x1,x18,x17	 x18:0x00000040 x17:0x00000000  x1=0x00000000
     304605.000 ns	     30459	80006570	206313d3	fsgnjn.s	f7,f6,f6	  f6:0x4efff7fb  f6:0x4efff7fb  f7=0xcefff7fb
     304625.000 ns	     30461	80006574	41410a33	sub	x20,x2,x20	  x2:0x00000000 x20:0x00000001 x20=0xffffffff
     304635.000 ns	     30462	80006578	d75f4637	lui	x12,0xd75f4	 x12=0xd75f4000
     304655.000 ns	     30464	8000657c	e0061ed3	fclass.s	x29,f12	 f12:0x00000000 x29=0x00000010
     304685.000 ns	     30467	80006580	f0048fd3	fmv.w.x	f31,x9	  x9:0xffffffff f31=0xffffffff
     304715.000 ns	     30470	80006584	29250ed3	fmin.s	f29,f10,f18	 f10:0xcefff7f7 f18:0x7fc00000 f29=0xcefff7f7
     304755.000 ns	     30474	80006588	58028353	fsqrt.s	f6,f5	  f5:0x7fc00000  f6=0x7fc00000
     304775.000 ns	     30476	8000658c	f52eba93	sltiu	x21,x29,-174	 x29:0x00000010 x21=0x00000001
     304785.000 ns	     30477	80006590	00f15893	srli	x17,x2,0xf	  x2:0x00000000 x17=0x00000000
     304795.000 ns	     30478	80006594	2062a593	slti	x11,x5,518	  x5:0xffffffff x11=0x00000001
     304805.000 ns	     30479	80006598	93e60c97	auipc	x25,0x93e60	 x25=0x13e66598
     304815.000 ns	     30480	8000659c	01688433	add	x8,x17,x22	 x17:0x00000000 x22:0x00000200  x8=0x00000200
     304835.000 ns	     30482	800065a0	e00f8153	fmv.x.w	x2,f31	 f31:0xffffffff  x2=0xffffffff
     304855.000 ns	     30484	800065a4	2f6189b7	lui	x19,0x2f618	 x19=0x2f618000
     304875.000 ns	     30486	800065a8	02a64433	div	x8,x12,x10	 x12:0xd75f4000 x10:0x00000000  x8=0xffffffff
     304925.000 ns	     30491	800065ac	098f1553	fsub.s	f10,f30,f24	 f30:0xcefff7f7 f24:0x7f800000 f10=0xff800000
     304945.000 ns	     30493	800065b0	01bc2b33	slt	x22,x24,x27	 x24:0x7ffbfd80 x27:0x0000000e x22=0x00000000
     304965.000 ns	     30495	800065b4	d00df9d3	fcvt.s.w	f19,x27	 x27:0x0000000e f19=0x41600000
     304995.000 ns	     30498	800065b8	a0702553	feq.s	x10,f0,f7	  f0:0x047ff7f7  f7:0xcefff7fb x10=0x00000000
     305015.000 ns	     30500	800065bc	00548ab3	add	x21,x9,x5	  x9:0xffffffff  x5:0xffffffff x21=0xfffffffe
     305045.000 ns	     30503	800065c0	58077f53	fsqrt.s	f30,f14	 f14:0x00000000 f30=0x00000000
     305065.000 ns	     30505	800065c4	40c752b3	sra	x5,x14,x12	 x14:0xfffc8000 x12:0xd75f4000  x5=0xfffc8000
     305075.000 ns	     30506	800065c8	0125e733	or	x14,x11,x18	 x11:0x00000001 x18:0x00000040 x14=0x00000041
     305085.000 ns	     30507	800065cc	016bf033	and	x0,x23,x22	 x23:0x00000000 x22:0x00000000
     305095.000 ns	     30508	800065d0	01747ab3	and	x21,x8,x23	  x8:0xffffffff x23:0x00000000 x21=0x00000000
     305105.000 ns	     30509	800065d4	4ec1a797	auipc	x15,0x4ec1a	 x15=0xcec205d4
     305465.000 ns	     30545	800065d8	03d8e233	rem	x4,x17,x29	 x17:0x00000000 x29:0x00000010  x4=0x00000000
     305485.000 ns	     30547	800065dc	d27ccd13	xori	x26,x25,-729	 x25:0x13e66598 x26=0xec1998bf
     305495.000 ns	     30548	800065e0	00711233	sll	x4,x2,x7	  x2:0xffffffff  x7:0x00000000  x4=0xffffffff
     305505.000 ns	     30549	800065e4	01bc1ab3	sll	x21,x24,x27	 x24:0x7ffbfd80 x27:0x0000000e x21=0xff600000
     305515.000 ns	     30550	800065e8	41385e33	sra	x28,x16,x19	 x16:0x80040fe4 x19:0x2f618000 x28=0x80040fe4
     305545.000 ns	     30553	800065ec	10907a53	fmul.s	f20,f0,f9	  f0:0x047ff7f7  f9:0x4efff7fb f20=0x13ffeff2
     305565.000 ns	     30555	800065f0	016b37b3	sltu	x15,x22,x22	 x22:0x00000000 x22:0x00000000 x15=0x00000000
     305585.000 ns	     30557	800065f4	e0089953	fclass.s	x18,f17	 f17:0x00200000 x18=0x00000020
     305615.000 ns	     30560	800065f8	29121cd3	fmax.s	f25,f4,f17	  f4:0x21b4feb4 f17:0x00200000 f25=0x21b4feb4
     305635.000 ns	     30562	800065fc	00a75993	srli	x19,x14,0xa	 x14:0x00000041 x19=0x00000000
     305645.000 ns	     30563	80006600	016a0333	add	x6,x20,x22	 x20:0xffffffff x22:0x00000000  x6=0xffffffff
     305665.000 ns	     30565	80006604	02e290b3	mulh	x1,x5,x14	  x5:0xfffc8000 x14:0x00000041  x1=0xffffffff
     305695.000 ns	     30568	80006608	f0040e53	fmv.w.x	f28,x8	  x8:0xffffffff f28=0xffffffff
     306065.000 ns	     30605	8000660c	02defe33	remu	x28,x29,x13	 x29:0x00000010 x13:0x00000200 x28=0x00000010
     306105.000 ns	     30609	80006610	18c27d53	fdiv.s	f26,f4,f12	  f4:0x21b4feb4 f12:0x00000000 f26=0x7f800000
     306135.000 ns	     30612	80006614	c0068453	fcvt.w.s	x8,f13	 f13:0x847ff7f7  x8=0x00000000
     306175.000 ns	     30616	80006618	10543853	fmul.s	f16,f8,f5	  f8:0xcefff7fb  f5:0x7fc00000 f16=0x7fc00000
     306205.000 ns	     30619	8000661c	03590733	mul	x14,x18,x21	 x18:0x00000020 x21:0xff600000 x14=0xec000000
     306225.000 ns	     30621	80006620	9e6e2e37	lui	x28,0x9e6e2	 x28=0x9e6e2000
     306245.000 ns	     30623	80006624	21722553	fsgnjx.s	f10,f4,f23	  f4:0x21b4feb4 f23:0xcefff7f7 f10=0xa1b4feb4
     306615.000 ns	     30660	80006628	02e5f6b3	remu	x13,x11,x14	 x11:0x00000001 x14:0xec000000 x13=0x00000001
     306645.000 ns	     30663	8000662c	a1842f53	feq.s	x30,f8,f24	  f8:0xcefff7fb f24:0x7f800000 x30=0x00000000
     306665.000 ns	     30665	80006630	860b4793	xori	x15,x22,-1952	 x22:0x00000000 x15=0xfffff860
     306675.000 ns	     30666	80006634	8bf60797	auipc	x15,0x8bf60	 x15=0x0bf66634
     306695.000 ns	     30668	80006638	c0097ad3	fcvt.w.s	x21,f18	 f18:0x7fc00000 x21=0x7fffffff
     306725.000 ns	     30671	8000663c	21faa6d3	fsgnjx.s	f13,f21,f31	 f21:0x00000000 f31:0xffffffff f13=0x80000000
     306755.000 ns	     30674	80006640	e00306d3	fmv.x.w	x13,f6	  f6:0x7fc00000 x13=0x7fc00000
     306775.000 ns	     30676	80006644	c32ba337	lui	x6,0xc32ba	  x6=0xc32ba000
     306785.000 ns	     30677	80006648	08ebe093	ori	x1,x23,142	 x23:0x00000000  x1=0x0000008e
     306805.000 ns	     30679	8000664c	029d0033	mul	x0,x26,x9	 x26:0xec1998bf  x9:0xffffffff
     306825.000 ns	     30681	80006650	ef6ff793	andi	x15,x31,-266	 x31:0x80041024 x15=0x80041024
     306835.000 ns	     30682	80006654	41cb01b3	sub	x3,x22,x28	 x22:0x00000000 x28:0x9e6e2000  x3=0x6191e000
     306855.000 ns	     30684	80006658	217d9dd3	fsgnjn.s	f27,f27,f23	 f27:0xff800000 f23:0xcefff7f7 f27=0x7f800000
     306875.000 ns	     30686	8000665c	e9db7913	andi	x18,x22,-355	 x22:0x00000000 x18=0x00000000
     306895.000 ns	     30688	80006660	a01405d3	fle.s	x11,f8,f1	  f8:0xcefff7fb  f1:0x7fc00000 x11=0x00000000
     306915.000 ns	     30690	80006664	01639133	sll	x2,x7,x22	  x7:0x00000000 x22:0x00000000  x2=0x00000000
     306925.000 ns	     30691	80006668	0404f913	andi	x18,x9,64	  x9:0xffffffff x18=0x00000040
     307285.000 ns	     30727	8000666c	03bfeb33	rem	x22,x31,x27	 x31:0x80041024 x27:0x0000000e x22=0xfffffffa
     307315.000 ns	     30730	80006670	d00faa53	fcvt.s.w	f20,x31	 x31:0x80041024 f20=0xcefff7e0
     307335.000 ns	     30732	80006674	01244233	xor	x4,x8,x18	  x8:0x00000000 x18:0x00000040  x4=0x00000040
     307355.000 ns	     30734	80006678	200004d3	fsgnj.s	f9,f0,f0	  f0:0x047ff7f7  f0:0x047ff7f7  f9=0x047ff7f7
     307375.000 ns	     30736	8000667c	0021f4b3	and	x9,x3,x2	  x3:0x6191e000  x2:0x00000000  x9=0x00000000
     307385.000 ns	     30737	80006680	130bb393	sltiu	x7,x23,304	 x23:0x00000000  x7=0x00000001
     307395.000 ns	     30738	80006684	00c1d733	srl	x14,x3,x12	  x3:0x6191e000 x12:0xd75f4000 x14=0x6191e000
     307405.000 ns	     30739	80006688	a533b913	sltiu	x18,x7,-1453	  x7:0x00000000 x18=0x00000001
     307425.000 ns	     30741	8000668c	f00c0953	fmv.w.x	f18,x24	 x24:0x7ffbfd80 f18=0x7ffbfd80
     307455.000 ns	     30744	80006690	0219bb33	mulhu	x22,x19,x1	 x19:0x00000000  x1:0x0000008e x22=0x00000000
     307475.000 ns	     30746	80006694	e06792b7	lui	x5,0xe0679	  x5=0xe0679000
     307515.000 ns	     30750	80006698	016b8ed3	fadd.s	f29,f23,f22	 f23:0xcefff7f7 f22:0xffc00000 f29=0x7fc00000
     307545.000 ns	     30753	8000669c	a0f49553	flt.s	x10,f9,f15	  f9:0x047ff7f7 f15:0xff800000 x10=0x00000000
     307565.000 ns	     30755	800066a0	dd2a8993	addi	x19,x21,-558	 x21:0x7fffffff x19=0x7ffffdd1
     307575.000 ns	     30756	800066a4	00906bb3	or	x23,x0,x9	  x0:0x00000000  x9:0x00000000 x23=0x00000000
     307585.000 ns	     30757	800066a8	c88c0217	auipc	x4,0xc88c0	  x4=0x488c66a8
     307605.000 ns	     30759	800066ac	028416b3	mulh	x13,x8,x8	  x8:0x00000000  x8:0x00000000 x13=0x00000000
     307975.000 ns	     30796	800066b0	03fc68b3	rem	x17,x24,x31	 x24:0x7ffbfd80 x31:0x80041024 x17=0x00000da4
     308015.000 ns	     30800	800066b4	1820cd53	fdiv.s	f26,f1,f2	  f1:0x7fc00000  f2:0xff800000 f26=0x7fc00000
     308035.000 ns	     30802	800066b8	01fd52b3	srl	x5,x26,x31	 x26:0xec1998bf x31:0x80041024  x5=0x0ec1998b
     308075.000 ns	     30806	800066bc	002f8553	fadd.s	f10,f31,f2	 f31:0xffffffff  f2:0xff800000 f10=0x7fc00000
     308095.000 ns	     30808	800066c0	407a8cb3	sub	x25,x21,x7	 x21:0x7fffffff  x7:0x00000001 x25=0x7ffffffe
     308455.000 ns	     30844	800066c4	03995d33	divu	x26,x18,x25	 x18:0x00000001 x25:0x13e66598 x26=0x00000000
     308475.000 ns	     30846	800066c8	1df93213	sltiu	x4,x18,479	 x18:0x00000001  x4=0x00000001
     308835.000 ns	     30882	800066cc	038a45b3	div	x11,x20,x24	 x20:0xffffffff x24:0x7ffbfd80 x11=0x00000000
     308865.000 ns	     30885	800066d0	f0060753	fmv.w.x	f14,x12	 x12:0xd75f4000 f14=0xd75f4000
     308895.000 ns	     30888	800066d4	215606d3	fsgnj.s	f13,f12,f21	 f12:0x00000000 f21:0x00000000 f13=0x00000000
     308945.000 ns	     30893	800066d8	09b62e53	fsub.s	f28,f12,f27	 f12:0x00000000 f27:0x7f800000 f28=0xff800000
     309315.000 ns	     30930	800066dc	039b5033	divu	x0,x22,x25	 x22:0x00000000 x25:0x7ffffffe
     309345.000 ns	     30933	800066e0	03013f33	mulhu	x30,x2,x16	  x2:0x00000000 x16:0x80040fe4 x30=0x00000000
     309375.000 ns	     30936	800066e4	02761a33	mulh	x20,x12,x7	 x12:0xd75f4000  x7:0x00000001 x20=0xffffffff
     309395.000 ns	     30938	800066e8	01db5133	srl	x2,x22,x29	 x22:0x00000000 x29:0x00000010  x2=0x00000000
     309415.000 ns	     30940	800066ec	20d92953	fsgnjx.s	f18,f18,f13	 f18:0x7ffbfd80 f13:0x00000000 f18=0x7ffbfd80
     309435.000 ns	     30942	800066f0	a7a28e93	addi	x29,x5,-1414	  x5:0x0ec1998b x29=0x0ec19405
     309445.000 ns	     30943	800066f4	7d1d4113	xori	x2,x26,2001	 x26:0x00000000  x2=0x000007d1
     309455.000 ns	     30944	800066f8	01e3bd33	sltu	x26,x7,x30	  x7:0x00000001 x30:0x00000000 x26=0x00000000
     309475.000 ns	     30946	800066fc	f00180d3	fmv.w.x	f1,x3	  x3:0x6191e000  f1=0x6191e000
     309495.000 ns	     30948	80006700	e770c413	xori	x8,x1,-393	  x1:0x0000008e  x8=0xfffffef9
     309535.000 ns	     30952	80006704	0147f7d3	fadd.s	f15,f15,f20	 f15:0xff800000 f20:0xcefff7e0 f15=0xff800000
     309565.000 ns	     30955	80006708	a1111253	flt.s	x4,f2,f17	  f2:0xff800000 f17:0x00200000  x4=0x00000001
     309585.000 ns	     30957	8000670c	a2d66013	ori	x0,x12,-1491	 x12:0xd75f4000
     309595.000 ns	     30958	80006710	01625b93	srli	x23,x4,0x16	  x4:0x00000001 x23=0x00000000
     309615.000 ns	     30960	80006714	a1b925d3	feq.s	x11,f18,f27	 f18:0x7ffbfd80 f27:0x7f800000 x11=0x00000000
     309645.000 ns	     30963	80006718	d01e08d3	fcvt.s.wu	f17,x28	 x28:0x9e6e2000 f17=0x4f1e6e20
     309675.000 ns	     30966	8000671c	d00bc0d3	fcvt.s.w	f1,x23	 x23:0x00000000  f1=0x00000000
     309695.000 ns	     30968	80006720	017837b3	sltu	x15,x16,x23	 x16:0x80040fe4 x23:0x00000000 x15=0x00000000
     309705.000 ns	     30969	80006724	01cc4633	xor	x12,x24,x28	 x24:0x7ffbfd80 x28:0x9e6e2000 x12=0xe195dd80
     309725.000 ns	     30971	80006728	213027d3	fsgnjx.s	f15,f0,f19	  f0:0x047ff7f7 f19:0x41600000 f15=0x047ff7f7
     309745.000 ns	     30973	8000672c	00d655b3	srl	x11,x12,x13	 x12:0xd75f4000 x13:0x00000000 x11=0xe195dd80
     309765.000 ns	     30975	80006730	d01d7753	fcvt.s.wu	f14,x26	 x26:0x00000000 f14=0x00000000
     309795.000 ns	     30978	80006734	a1551653	flt.s	x12,f10,f21	 f10:0x7fc00000 f21:0x00000000 x12=0x00000000
     309815.000 ns	     30980	80006738	014ff033	and	x0,x31,x20	 x31:0x80041024 x20:0xffffffff
     309835.000 ns	     30982	8000673c	d00336d3	fcvt.s.w	f13,x6	  x6:0xc32ba000 f13=0xce735180
     309865.000 ns	     30985	80006740	f0080953	fmv.w.x	f18,x16	 x16:0x80040fe4 f18=0x80040fe4
     309895.000 ns	     30988	80006744	02f16a33	rem	x20,x2,x15	  x2:0x000007d1 x15:0x00000000 x20=0x000007d1
     309925.000 ns	     30991	80006748	a1c90ad3	fle.s	x21,f18,f28	 f18:0x80040fe4 f28:0xff800000 x21=0x00000000
     309975.000 ns	     30996	8000674c	082f7fd3	fsub.s	f31,f30,f2	 f30:0x00000000  f2:0xff800000 f31=0x7f800000
     309995.000 ns	     30998	80006750	01914733	xor	x14,x2,x25	  x2:0x000007d1 x25:0x7ffffffe x14=0x7ffff82f
     310005.000 ns	     30999	80006754	419cd913	srai	x18,x25,0x19	 x25:0x7ffffffe x18=0x0000003f
     310015.000 ns	     31000	80006758	3ca44117	auipc	x2,0x3ca44	  x2=0xbca4a758
     310025.000 ns	     31001	8000675c	89928417	auipc	x8,0x89928	  x8=0x0992e75c
     310045.000 ns	     31003	80006760	038e9433	mulh	x8,x29,x24	 x29:0x0ec19405 x24:0x7ffbfd80  x8=0x07608ed7
     310075.000 ns	     31006	80006764	d01db9d3	fcvt.s.wu	f19,x27	 x27:0x0000000e f19=0x41600000
     310105.000 ns	     31009	80006768	21809853	fsgnjn.s	f16,f1,f24	  f1:0x00000000 f24:0x7f800000 f16=0x80000000
     310125.000 ns	     31011	8000676c	01179c13	slli	x24,x15,0x11	 x15:0x00000000 x24=0x00000000
     310145.000 ns	     31013	80006770	02d8f633	remu	x12,x17,x13	 x17:0x00000da4 x13:0x00000000 x12=0x00000da4
     310175.000 ns	     31016	80006774	d00275d3	fcvt.s.w	f11,x4	  x4:0x00000001 f11=0x3f800000
     310205.000 ns	     31019	80006778	291f8153	fmin.s	f2,f31,f17	 f31:0x7f800000 f17:0x4f1e6e20  f2=0x4f1e6e20
     310225.000 ns	     31021	8000677c	00ed1eb3	sll	x29,x26,x14	 x26:0x00000000 x14:0x7ffff82f x29=0x00000000
     310235.000 ns	     31022	80006780	0028a433	slt	x8,x17,x2	 x17:0x00000da4  x2:0xbca4a758  x8=0x00000000
     310255.000 ns	     31024	80006784	a13e0553	fle.s	x10,f28,f19	 f28:0xff800000 f19:0x41600000 x10=0x00000001
     310625.000 ns	     31061	80006788	02735133	divu	x2,x6,x7	  x6:0xc32ba000  x7:0x00000001  x2=0xc32ba000
     310645.000 ns	     31063	8000678c	412c57b3	sra	x15,x24,x18	 x24:0x00000000 x18:0x0000003f x15=0x00000000
     310655.000 ns	     31064	80006790	01fb7933	and	x18,x22,x31	 x22:0x00000000 x31:0x80041024 x18=0x00000000
     311825.000 ns	     31181	80006794	580cfbd3	fsqrt.s	f23,f25	 f25:0x21b4feb4 f23=0x3018353d
     311855.000 ns	     31184	80006798	e00c8ad3	fmv.x.w	x21,f25	 f25:0x21b4feb4 x21=0x21b4feb4
     311875.000 ns	     31186	8000679c	01ca9e93	slli	x29,x21,0x1c	 x21:0x00000000 x29=0x40000000
     311895.000 ns	     31188	800067a0	212c1753	fsgnjn.s	f14,f24,f18	 f24:0x7f800000 f18:0x80040fe4 f14=0x7f800000
     311915.000 ns	     31190	800067a4	1d4ce917	auipc	x18,0x1d4ce	 x18=0x9d4d47a4
     311935.000 ns	     31192	800067a8	20de27d3	fsgnjx.s	f15,f28,f13	 f28:0xff800000 f13:0xce735180 f15=0x7f800000
     311955.000 ns	     31194	800067ac	40d0da33	sra	x20,x1,x13	  x1:0x0000008e x13:0x00000000 x20=0x0000008e
     311965.000 ns	     31195	800067b0	40315993	srai	x19,x2,0x3	  x2:0xc32ba000 x19=0xf8657400
     311975.000 ns	     31196	800067b4	016e2233	slt	x4,x28,x22	 x28:0x9e6e2000 x22:0x00000000  x4=0x00000001
     311995.000 ns	     31198	800067b8	d005abd3	fcvt.s.w	f23,x11	 x11:0xe195dd80 f23=0xcdf35114
     312025.000 ns	     31201	800067bc	a1701753	flt.s	x14,f0,f23	  f0:0x047ff7f7 f23:0x3018353d x14=0x00000000
     312055.000 ns	     31204	800067c0	a12088d3	fle.s	x17,f1,f18	  f1:0x00000000 f18:0x80040fe4 x17=0x00000000
     312075.000 ns	     31206	800067c4	97286713	ori	x14,x16,-1678	 x16:0x80040fe4 x14=0xfffffff6
     312085.000 ns	     31207	800067c8	40ce5613	srai	x12,x28,0xc	 x28:0x9e6e2000 x12=0xfff9e6e2
     312095.000 ns	     31208	800067cc	64f2c693	xori	x13,x5,1615	  x5:0x0ec1998b x13=0x0ec19fc4
     312115.000 ns	     31210	800067d0	a1ed0353	fle.s	x6,f26,f30	 f26:0x7fc00000 f30:0x00000000  x6=0x00000000
     312135.000 ns	     31212	800067d4	a9e04d13	xori	x26,x0,-1378	  x0:0x00000000 x26=0xfffffa9e
     312145.000 ns	     31213	800067d8	00f1e433	or	x8,x3,x15	  x3:0x6191e000 x15:0x00000000  x8=0x6191e000
     312185.000 ns	     31217	800067dc	09577b53	fsub.s	f22,f14,f21	 f14:0x7f800000 f21:0x00000000 f22=0x7f800000
     312555.000 ns	     31254	800067e0	034945b3	div	x11,x18,x20	 x18:0x9d4d47a4 x20:0x0000008e x11=0xff4e10bb
     312575.000 ns	     31256	800067e4	ee2cf393	andi	x7,x25,-286	 x25:0x7ffffffe  x7=0x7ffffee2
     312595.000 ns	     31258	800067e8	2069a853	fsgnjx.s	f16,f19,f6	 f19:0x41600000  f6:0x7fc00000 f16=0x41600000
     312615.000 ns	     31260	800067ec	01b4d8b3	srl	x17,x9,x27	  x9:0x00000000 x27:0x0000000e x17=0x00000000
     312625.000 ns	     31261	800067f0	3cf9ba93	sltiu	x21,x19,975	 x19:0xf8657400 x21=0x00000000
     312635.000 ns	     31262	800067f4	00000013	addi	x0,x0,0	  x0:0x00000000
     312655.000 ns	     31264	800067f8	2053a953	fsgnjx.s	f18,f7,f5	  f7:0xcefff7fb  f5:0x7fc00000 f18=0xcefff7fb
     312675.000 ns	     31266	800067fc	01aa6cb3	or	x25,x20,x26	 x20:0x0000008e x26:0xfffffa9e x25=0xfffffa9e
     312685.000 ns	     31267	80006800	19e64393	xori	x7,x12,414	 x12:0xfff9e6e2  x7=0xfff9e77c
     312705.000 ns	     31269	80006804	03134b33	div	x22,x6,x17	  x6:0x00000000 x17:0x00000000 x22=0xffffffff
     313075.000 ns	     31306	80006808	023c5633	divu	x12,x24,x3	 x24:0x00000000  x3:0x6191e000 x12=0x00000000
     313105.000 ns	     31309	8000680c	a09da353	feq.s	x6,f27,f9	 f27:0x7f800000  f9:0x047ff7f7  x6=0x00000000
     313135.000 ns	     31312	80006810	03f785b3	mul	x11,x15,x31	 x15:0x00000000 x31:0x80041024 x11=0x00000000
     313165.000 ns	     31315	80006814	c0087e53	fcvt.w.s	x28,f16	 f16:0x41600000 x28=0x0000000e
     313185.000 ns	     31317	80006818	00d63733	sltu	x14,x12,x13	 x12:0x00000000 x13:0x0ec19fc4 x14=0x00000001
     313205.000 ns	     31319	8000681c	c01e9a53	fcvt.wu.s	x20,f29	 f29:0x7fc00000 x20=0xffffffff
     313225.000 ns	     31321	80006820	6ed6b993	sltiu	x19,x13,1773	 x13:0x0ec19fc4 x19=0x00000000
     313235.000 ns	     31322	80006824	65dab8b7	lui	x17,0x65dab	 x17=0x65dab000
     313595.000 ns	     31358	80006828	024155b3	divu	x11,x2,x4	  x2:0xc32ba000  x4:0x00000001 x11=0xc32ba000
     313615.000 ns	     31360	8000682c	00000013	addi	x0,x0,0	  x0:0x00000000
     313625.000 ns	     31361	80006830	011b0b33	add	x22,x22,x17	 x22:0xffffffff x17:0x65dab000 x22=0x65daafff
     313645.000 ns	     31363	80006834	03749233	mulh	x4,x9,x23	  x9:0x00000000 x23:0x00000000  x4=0x00000000
     313665.000 ns	     31365	80006838	4f8ca113	slti	x2,x25,1272	 x25:0xfffffa9e  x2=0x00000001
     313675.000 ns	     31366	8000683c	01404e33	xor	x28,x0,x20	  x0:0x00000000 x20:0xffffffff x28=0xffffffff
     313715.000 ns	     31370	80006840	08befcd3	fsub.s	f25,f29,f11	 f29:0x7fc00000 f11:0x3f800000 f25=0x7fc00000
     313735.000 ns	     31372	80006844	cc833513	sltiu	x10,x6,-824	  x6:0x00000000 x10=0x00000001
     313745.000 ns	     31373	80006848	7a430317	auipc	x6,0x7a430	  x6=0xfa436848
     313755.000 ns	     31374	8000684c	392fdd17	auipc	x26,0x392fd	 x26=0xb930384c
     313775.000 ns	     31376	80006850	038fd133	divu	x2,x31,x24	 x31:0x80041024 x24:0x00000000  x2=0xffffffff
     313795.000 ns	     31378	80006854	00000013	addi	x0,x0,0	  x0:0x00000000
     313805.000 ns	     31379	80006858	40a40eb3	sub	x29,x8,x10	  x8:0x6191e000 x10:0x00000001 x29=0x6191dfff
     313835.000 ns	     31382	8000685c	1001f353	fmul.s	f6,f3,f0	  f3:0x00000000  f0:0x047ff7f7  f6=0x00000000
     313855.000 ns	     31384	80006860	169832b7	lui	x5,0x16983	  x5=0x16983000
     313875.000 ns	     31386	80006864	e00219d3	fclass.s	x19,f4	  f4:0x21b4feb4 x19=0x00000040
     313895.000 ns	     31388	80006868	001edc93	srli	x25,x29,0x1	 x29:0x6191dfff x25=0x30c8efff
     313905.000 ns	     31389	8000686c	ff63f713	andi	x14,x7,-10	  x7:0xfff9e77c x14=0xfff9e774
     313935.000 ns	     31392	80006870	185ac3d3	fdiv.s	f7,f21,f5	 f21:0x00000000  f5:0x7fc00000  f7=0x7fc00000
     314305.000 ns	     31429	80006874	02636733	rem	x14,x6,x6	  x6:0xfa436848  x6:0xfa436848 x14=0x00000000
     315485.000 ns	     31547	80006878	580825d3	fsqrt.s	f11,f16	 f16:0x41600000 f11=0x401e6453
     315515.000 ns	     31550	8000687c	d000fc53	fcvt.s.w	f24,x1	  x1:0x0000008e f24=0x430e0000
     315535.000 ns	     31552	80006880	0097e3b3	or	x7,x15,x9	 x15:0x00000000  x9:0x00000000  x7=0x00000000
     315545.000 ns	     31553	80006884	8f67f717	auipc	x14,0x8f67f	 x14=0x0f685884
     315555.000 ns	     31554	80006888	00f19c13	slli	x24,x3,0xf	  x3:0x6191e000 x24=0xf0000000
     315565.000 ns	     31555	8000688c	417f5c93	srai	x25,x30,0x17	 x30:0x00000000 x25=0x00000000
     315575.000 ns	     31556	80006890	00000013	addi	x0,x0,0	  x0:0x00000000
     315595.000 ns	     31558	80006894	e00b8053	fmv.x.w	x0,f23	 f23:0xcdf35114
     315625.000 ns	     31561	80006898	a00524d3	feq.s	x9,f10,f0	 f10:0x7fc00000  f0:0x047ff7f7  x9=0x00000000
     315655.000 ns	     31564	8000689c	a1ee25d3	feq.s	x11,f28,f30	 f28:0xff800000 f30:0x00000000 x11=0x00000000
     315685.000 ns	     31567	800068a0	03e3f4b3	remu	x9,x7,x30	  x7:0x00000000 x30:0x00000000  x9=0x00000000
     315715.000 ns	     31570	800068a4	d00286d3	fcvt.s.w	f13,x5	  x5:0x16983000 f13=0x4db4c180
     315735.000 ns	     31572	800068a8	fe5e0b17	auipc	x22,0xfe5e0	 x22=0x7e5e68a8
     315745.000 ns	     31573	800068ac	01f5d293	srli	x5,x11,0x1f	 x11:0x00000000  x5=0x00000000
     315755.000 ns	     31574	800068b0	400104b3	sub	x9,x2,x0	  x2:0xffffffff  x0:0x00000000  x9=0xffffffff
     315785.000 ns	     31577	800068b4	10c572d3	fmul.s	f5,f10,f12	 f10:0x7fc00000 f12:0x00000000  f5=0x7fc00000
     315805.000 ns	     31579	800068b8	407dd133	sra	x2,x27,x7	 x27:0x0000000e  x7:0x00000000  x2=0x0000000e
     315825.000 ns	     31581	800068bc	d0197cd3	fcvt.s.wu	f25,x18	 x18:0x9d4d47a4 f25=0x4f1d4d47
     315845.000 ns	     31583	800068c0	00e95b33	srl	x22,x18,x14	 x18:0x9d4d47a4 x14:0x0f685884 x22=0x09d4d47a
     315855.000 ns	     31584	800068c4	01c9c5b3	xor	x11,x19,x28	 x19:0x00000040 x28:0xffffffff x11=0xffffffbf
     315865.000 ns	     31585	800068c8	aaca48b7	lui	x17,0xaaca4	 x17=0xaaca4000
     315875.000 ns	     31586	800068cc	41075333	sra	x6,x14,x16	 x14:0x0f685884 x16:0x80040fe4  x6=0x00f68588
     315885.000 ns	     31587	800068d0	016f8eb3	add	x29,x31,x22	 x31:0x80041024 x22:0x09d4d47a x29=0x89d8e49e
     315925.000 ns	     31591	800068d4	0869b853	fsub.s	f16,f19,f6	 f19:0x41600000  f6:0x00000000 f16=0x41600000
     315955.000 ns	     31594	800068d8	297093d3	fmax.s	f7,f1,f23	  f1:0x00000000 f23:0xcdf35114  f7=0x00000000
     315985.000 ns	     31597	800068dc	03fa2eb3	mulhsu	x29,x20,x31	 x20:0xffffffff x31:0x80041024 x29=0xffffffff
     316015.000 ns	     31600	800068e0	a11e20d3	feq.s	x1,f28,f17	 f28:0xff800000 f17:0x4f1e6e20  x1=0x00000000
     316045.000 ns	     31603	800068e4	02b639b3	mulhu	x19,x12,x11	 x12:0x00000000 x11:0xffffffbf x19=0x00000000
     316415.000 ns	     31640	800068e8	032fdbb3	divu	x23,x31,x18	 x31:0x80041024 x18:0x9d4d47a4 x23=0x00000000
     316445.000 ns	     31643	800068ec	a0ffa753	feq.s	x14,f31,f15	 f31:0x7f800000 f15:0x7f800000 x14=0x00000001
     316465.000 ns	     31645	800068f0	4361ac93	slti	x25,x3,1078	  x3:0x6191e000 x25=0x00000000
     316485.000 ns	     31647	800068f4	02f4b3b3	mulhu	x7,x9,x15	  x9:0xffffffff x15:0x00000000  x7=0x00000000
     316505.000 ns	     31649	800068f8	008a3033	sltu	x0,x20,x8	 x20:0xffffffff  x8:0x6191e000
     316515.000 ns	     31650	800068fc	419f5933	sra	x18,x30,x25	 x30:0x00000000 x25:0x00000000 x18=0x00000000
     316545.000 ns	     31653	80006900	5800b2d3	fsqrt.s	f5,f1	  f1:0x00000000  f5=0x00000000
     316565.000 ns	     31655	80006904	9df9c893	xori	x17,x19,-1569	 x19:0x00000000 x17=0xfffff9df
     316585.000 ns	     31657	80006908	299694d3	fmax.s	f9,f13,f25	 f13:0x4db4c180 f25:0x4f1d4d47  f9=0x4f1d4d47
     316615.000 ns	     31660	8000690c	d01bf8d3	fcvt.s.wu	f17,x23	 x23:0x00000000 f17=0x00000000
     316635.000 ns	     31662	80006910	41165733	sra	x14,x12,x17	 x12:0x00000000 x17:0xfffff9df x14=0x00000000
     316645.000 ns	     31663	80006914	00819d13	slli	x26,x3,0x8	  x3:0x6191e000 x26=0x91e00000
     316665.000 ns	     31665	80006918	a0fca6d3	feq.s	x13,f25,f15	 f25:0x4f1d4d47 f15:0x7f800000 x13=0x00000000
     316685.000 ns	     31667	8000691c	01ad17b3	sll	x15,x26,x26	 x26:0xb930384c x26:0xb930384c x15=0x91e00000
     316695.000 ns	     31668	80006920	01e1dab3	srl	x21,x3,x30	  x3:0x6191e000 x30:0x00000000 x21=0x6191e000
     316715.000 ns	     31670	80006924	a0f79d53	flt.s	x26,f15,f15	 f15:0x7f800000 f15:0x7f800000 x26=0x00000000
     316735.000 ns	     31672	80006928	3edae237	lui	x4,0x3edae	  x4=0x3edae000
     316745.000 ns	     31673	8000692c	0080c933	xor	x18,x1,x8	  x1:0x00000000  x8:0x6191e000 x18=0x6191e000
     316755.000 ns	     31674	80006930	3f15f513	andi	x10,x11,1009	 x11:0xffffffbf x10=0x000003b1
     316775.000 ns	     31676	80006934	2077a353	fsgnjx.s	f6,f15,f7	 f15:0x7f800000  f7:0x00000000  f6=0x7f800000
     316805.000 ns	     31679	80006938	025521b3	mulhsu	x3,x10,x5	 x10:0x00000001  x5:0x00000000  x3=0x00000000
     316855.000 ns	     31684	8000693c	084777d3	fsub.s	f15,f14,f4	 f14:0x7f800000  f4:0x21b4feb4 f15=0x7f800000
     316875.000 ns	     31686	80006940	0061bcb3	sltu	x25,x3,x6	  x3:0x00000000  x6:0x00f68588 x25=0x00000001
     316895.000 ns	     31688	80006944	c006b5d3	fcvt.w.s	x11,f13	 f13:0x4db4c180 x11=0x16983000
     316945.000 ns	     31693	80006948	012421d3	fadd.s	f3,f8,f18	  f8:0xcefff7fb f18:0xcefff7fb  f3=0xcf7ff7fb
     316965.000 ns	     31695	8000694c	01111eb3	sll	x29,x2,x17	  x2:0x0000000e x17:0xfffff9df x29=0x00000000
     316985.000 ns	     31697	80006950	03101633	mulh	x12,x0,x17	  x0:0x00000000 x17:0xfffff9df x12=0x00000000
     317005.000 ns	     31699	80006954	00000013	addi	x0,x0,0	  x0:0x00000000
     317015.000 ns	     31700	80006958	d062dd37	lui	x26,0xd062d	 x26=0xd062d000
     317025.000 ns	     31701	8000695c	004d17b3	sll	x15,x26,x4	 x26:0x00000000  x4:0x3edae000 x15=0xd062d000
     317035.000 ns	     31702	80006960	00a73433	sltu	x8,x14,x10	 x14:0x00000000 x10:0x000003b1  x8=0x00000001
     317045.000 ns	     31703	80006964	00e6d693	srli	x13,x13,0xe	 x13:0x00000000 x13=0x00000000
     317065.000 ns	     31705	80006968	c01948d3	fcvt.wu.s	x17,f18	 f18:0xcefff7fb x17=0x7ffbfd80
     317105.000 ns	     31709	8000696c	58061753	fsqrt.s	f14,f12	 f12:0x00000000 f14=0x00000000
     317135.000 ns	     31712	80006970	02f082b3	mul	x5,x1,x15	  x1:0x00000000 x15:0xd062d000  x5=0x00000000
     317155.000 ns	     31714	80006974	01593bb3	sltu	x23,x18,x21	 x18:0x6191e000 x21:0x6191e000 x23=0x00000000
     317165.000 ns	     31715	80006978	405bdd13	srai	x26,x23,0x5	 x23:0x00000000 x26=0x00000000
     317525.000 ns	     31751	8000697c	03f16233	rem	x4,x2,x31	  x2:0x0000000e x31:0x80041024  x4=0x0000000e
     317545.000 ns	     31753	80006980	01ec4e33	xor	x28,x24,x30	 x24:0xf0000000 x30:0x00000000 x28=0xf0000000
     317565.000 ns	     31755	80006984	e00597d3	fclass.s	x15,f11	 f11:0x401e6453 x15=0x00000040
     317585.000 ns	     31757	80006988	0ec2c393	xori	x7,x5,236	  x5:0x00000000  x7=0x000000ec
     317595.000 ns	     31758	8000698c	013cd393	srli	x7,x25,0x13	 x25:0x00000001  x7=0x00000000
     317615.000 ns	     31760	80006990	e00f87d3	fmv.x.w	x15,f31	 f31:0x7f800000 x15=0x7f800000
     317645.000 ns	     31763	80006994	03abd8b3	divu	x17,x23,x26	 x23:0x00000000 x26:0x00000000 x17=0xffffffff
     317665.000 ns	     31765	80006998	bb865cb7	lui	x25,0xbb865	 x25=0xbb865000
     317685.000 ns	     31767	8000699c	217f06d3	fsgnj.s	f13,f30,f23	 f30:0x00000000 f23:0xcdf35114 f13=0x80000000
     317705.000 ns	     31769	800069a0	d89ff093	andi	x1,x31,-631	 x31:0x80041024  x1=0x80041000
     317735.000 ns	     31772	800069a4	114a0953	fmul.s	f18,f20,f20	 f20:0xcefff7e0 f20:0xcefff7e0 f18=0x5e7fefc0
     317775.000 ns	     31776	800069a8	18672a53	fdiv.s	f20,f14,f6	 f14:0x00000000  f6:0x7f800000 f20=0x00000000
     317795.000 ns	     31778	800069ac	41bf8bb3	sub	x23,x31,x27	 x31:0x80041024 x27:0x0000000e x23=0x80041016
     317835.000 ns	     31782	800069b0	00f634d3	fadd.s	f9,f12,f15	 f12:0x00000000 f15:0x7f800000  f9=0x7f800000
     317865.000 ns	     31785	800069b4	d0087ed3	fcvt.s.w	f29,x16	 x16:0x80040fe4 f29=0xcefff7e0
     317885.000 ns	     31787	800069b8	589e9717	auipc	x14,0x589e9	 x14=0xd89ef9b8
     317895.000 ns	     31788	800069bc	1e03b117	auipc	x2,0x1e03b	  x2=0x9e0419bc
     317915.000 ns	     31790	800069c0	c007fb53	fcvt.w.s	x22,f15	 f15:0x7f800000 x22=0x7fffffff
     317945.000 ns	     31793	800069c4	21a48353	fsgnj.s	f6,f9,f26	  f9:0x7f800000 f26:0x7fc00000  f6=0x7f800000
     317975.000 ns	     31796	800069c8	02972cb3	mulhsu	x25,x14,x9	 x14:0xd89ef9b8  x9:0xffffffff x25=0xd89ef9b8
     318005.000 ns	     31799	800069cc	29bc1b53	fmax.s	f22,f24,f27	 f24:0x430e0000 f27:0x7f800000 f22=0x7f800000
     318045.000 ns	     31803	800069d0	19177453	fdiv.s	f8,f14,f17	 f14:0x00000000 f17:0x00000000  f8=0x7fc00000
     318095.000 ns	     31808	800069d4	017d0253	fadd.s	f4,f26,f23	 f26:0x7fc00000 f23:0xcdf35114  f4=0x7fc00000
     318125.000 ns	     31811	800069d8	d01bfe53	fcvt.s.wu	f28,x23	 x23:0x80041016 f28=0x4f000410
     318165.000 ns	     31815	800069dc	10031b53	fmul.s	f22,f6,f0	  f6:0x7f800000  f0:0x047ff7f7 f22=0x7f800000
     318185.000 ns	     31817	800069e0	0177a733	slt	x14,x15,x23	 x15:0x7f800000 x23:0x80041016 x14=0x00000000
     318205.000 ns	     31819	800069e4	0399beb3	mulhu	x29,x19,x25	 x19:0x00000000 x25:0xd89ef9b8 x29=0x00000000
     318235.000 ns	     31822	800069e8	205d2cd3	fsgnjx.s	f25,f26,f5	 f26:0x7fc00000  f5:0x00000000 f25=0x7fc00000
     318265.000 ns	     31825	800069ec	29b506d3	fmin.s	f13,f10,f27	 f10:0x7fc00000 f27:0x7f800000 f13=0x7f800000
     318295.000 ns	     31828	800069f0	a1328453	fle.s	x8,f5,f19	  f5:0x00000000 f19:0x41600000  x8=0x00000001
     318665.000 ns	     31865	800069f4	02aad8b3	divu	x17,x21,x10	 x21:0x6191e000 x10:0x000003b1 x17=0x001a6e7e
     318685.000 ns	     31867	800069f8	e1ce8c13	addi	x24,x29,-484	 x29:0x00000000 x24=0xfffffe1c
     318705.000 ns	     31869	800069fc	02530433	mul	x8,x6,x5	  x6:0x00f68588  x5:0x00000000  x8=0x00000000
     318725.000 ns	     31871	80006a00	00c62133	slt	x2,x12,x12	 x12:0x00000000 x12:0x00000000  x2=0x00000000
     318745.000 ns	     31873	80006a04	02059433	mulh	x8,x11,x0	 x11:0x16983000  x0:0x00000000  x8=0x00000000
     318775.000 ns	     31876	80006a08	295d8c53	fmin.s	f24,f27,f21	 f27:0x7f800000 f21:0x00000000 f24=0x00000000
     319145.000 ns	     31913	80006a0c	032b6733	rem	x14,x22,x18	 x22:0x7fffffff x18:0x6191e000 x14=0x1e6e1fff
     319175.000 ns	     31916	80006a10	29650353	fmin.s	f6,f10,f22	 f10:0x7fc00000 f22:0x7f800000  f6=0x7f800000
     319195.000 ns	     31918	80006a14	40b6df13	srai	x30,x13,0xb	 x13:0x00000000 x30=0x00000000
     319205.000 ns	     31919	80006a18	84b8e693	ori	x13,x17,-1973	 x17:0x001a6e7e x13=0xfffffe7f
     319215.000 ns	     31920	80006a1c	eacf0413	addi	x8,x30,-340	 x30:0x00000000  x8=0xfffffeac
     319225.000 ns	     31921	80006a20	41250633	sub	x12,x10,x18	 x10:0x000003b1 x18:0x6191e000 x12=0x9e6e23b1
     319235.000 ns	     31922	80006a24	0177da33	srl	x20,x15,x23	 x15:0x7f800000 x23:0x80041016 x20=0x000001fe
     319255.000 ns	     31924	80006a28	034f04b3	mul	x9,x30,x20	 x30:0x00000000 x20:0xffffffff  x9=0x00000000
     319285.000 ns	     31927	80006a2c	a0f797d3	flt.s	x15,f15,f15	 f15:0x7f800000 f15:0x7f800000 x15=0x00000000
     319325.000 ns	     31931	80006a30	18067dd3	fdiv.s	f27,f12,f0	 f12:0x00000000  f0:0x047ff7f7 f27=0x00000000
     319355.000 ns	     31934	80006a34	02f35c33	divu	x24,x6,x15	  x6:0x00f68588 x15:0x00000000 x24=0xffffffff
     319375.000 ns	     31936	80006a38	82c22213	slti	x4,x4,-2004	  x4:0x0000000e  x4=0x00000000
     319395.000 ns	     31938	80006a3c	282b87d3	fmin.s	f15,f23,f2	 f23:0xcdf35114  f2:0x4f1e6e20 f15=0xcdf35114
     319415.000 ns	     31940	80006a40	00a86cb3	or	x25,x16,x10	 x16:0x80040fe4 x10:0x000003b1 x25=0x80040ff5
     319435.000 ns	     31942	80006a44	21168d53	fsgnj.s	f26,f13,f17	 f13:0x7f800000 f17:0x00000000 f26=0x7f800000
     319475.000 ns	     31946	80006a48	195a40d3	fdiv.s	f1,f20,f21	 f20:0x00000000 f21:0x00000000  f1=0x7fc00000
     319845.000 ns	     31983	80006a4c	0329d633	divu	x12,x19,x18	 x19:0x00000000 x18:0x6191e000 x12=0x00000000
     319865.000 ns	     31985	80006a50	41b983b3	sub	x7,x19,x27	 x19:0x00000000 x27:0x0000000e  x7=0xfffffff2
     319875.000 ns	     31986	80006a54	5b7e8113	addi	x2,x29,1463	 x29:0x00000000  x2=0x000005b7
     319885.000 ns	     31987	80006a58	7ec8a313	slti	x6,x17,2028	 x17:0x001a6e7e  x6=0x00000000
     319905.000 ns	     31989	80006a5c	29c58353	fmin.s	f6,f11,f28	 f11:0x401e6453 f28:0x4f000410  f6=0x401e6453
     319925.000 ns	     31991	80006a60	01ecacb3	slt	x25,x25,x30	 x25:0x80040ff5 x30:0x00000000 x25=0x00000001
     319945.000 ns	     31993	80006a64	c00876d3	fcvt.w.s	x13,f16	 f16:0x41600000 x13=0x0000000e
     319965.000 ns	     31995	80006a68	013c5e33	srl	x28,x24,x19	 x24:0xffffffff x19:0x00000000 x28=0xffffffff
     319985.000 ns	     31997	80006a6c	d0127e53	fcvt.s.wu	f28,x4	  x4:0x00000000 f28=0x00000000
     320015.000 ns	     32000	80006a70	02348033	mul	x0,x9,x3	  x9:0x00000000  x3:0x00000000
     320035.000 ns	     32002	80006a74	001561b3	or	x3,x10,x1	 x10:0x000003b1  x1:0x80041000  x3=0x800413b1
     320055.000 ns	     32004	80006a78	e00918d3	fclass.s	x17,f18	 f18:0x5e7fefc0 x17=0x00000040
     320075.000 ns	     32006	80006a7c	413a0d33	sub	x26,x20,x19	 x20:0x000001fe x19:0x00000000 x26=0x000001fe
     320085.000 ns	     32007	80006a80	29f78493	addi	x9,x15,671	 x15:0x00000000  x9=0x0000029f
     320105.000 ns	     32009	80006a84	280a0a53	fmin.s	f20,f20,f0	 f20:0x00000000  f0:0x047ff7f7 f20=0x00000000
     320125.000 ns	     32011	80006a88	2e0fcab7	lui	x21,0x2e0fc	 x21=0x2e0fc000
     320135.000 ns	     32012	80006a8c	9ec9a613	slti	x12,x19,-1556	 x19:0x00000000 x12=0x00000000
     320145.000 ns	     32013	80006a90	0176d6b3	srl	x13,x13,x23	 x13:0x0000000e x23:0x80041016 x13=0x00000000
     320165.000 ns	     32015	80006a94	20a32653	fsgnjx.s	f12,f6,f10	  f6:0x401e6453 f10:0x7fc00000 f12=0x401e6453
     320195.000 ns	     32018	80006a98	29910753	fmin.s	f14,f2,f25	  f2:0x4f1e6e20 f25:0x7fc00000 f14=0x4f1e6e20
     320215.000 ns	     32020	80006a9c	002f6ab3	or	x21,x30,x2	 x30:0x00000000  x2:0x000005b7 x21=0x000005b7
     320235.000 ns	     32022	80006aa0	295c1ed3	fmax.s	f29,f24,f21	 f24:0x00000000 f21:0x00000000 f29=0x00000000
     320265.000 ns	     32025	80006aa4	e0029ad3	fclass.s	x21,f5	  f5:0x00000000 x21=0x00000010
     320285.000 ns	     32027	80006aa8	04627993	andi	x19,x4,70	  x4:0x00000000 x19=0x00000000
     320295.000 ns	     32028	80006aac	01e11f13	slli	x30,x2,0x1e	  x2:0x000005b7 x30=0xc0000000
     320305.000 ns	     32029	80006ab0	003333b3	sltu	x7,x6,x3	  x6:0x00000000  x3:0x800413b1  x7=0x00000001
     320315.000 ns	     32030	80006ab4	40abd193	srai	x3,x23,0xa	 x23:0x80041016  x3=0xffe00104
     320675.000 ns	     32066	80006ab8	035c4733	div	x14,x24,x21	 x24:0xffffffff x21:0x00000010 x14=0x00000000
     320695.000 ns	     32068	80006abc	4e7cf293	andi	x5,x25,1255	 x25:0x00000001  x5=0x00000001
     320705.000 ns	     32069	80006ac0	00ea0333	add	x6,x20,x14	 x20:0x000001fe x14:0x00000000  x6=0x000001fe
     320745.000 ns	     32073	80006ac4	0111f553	fadd.s	f10,f3,f17	  f3:0xcf7ff7fb f17:0x00000000 f10=0xcf7ff7fb
     320765.000 ns	     32075	80006ac8	41db5cb3	sra	x25,x22,x29	 x22:0x7fffffff x29:0x00000000 x25=0x7fffffff
     320785.000 ns	     32077	80006acc	201201d3	fsgnj.s	f3,f4,f1	  f4:0x7fc00000  f1:0x7fc00000  f3=0x7fc00000
     320805.000 ns	     32079	80006ad0	004e93b3	sll	x7,x29,x4	 x29:0x00000000  x4:0x00000000  x7=0x00000000
     320815.000 ns	     32080	80006ad4	38ad1017	auipc	x0,0x38ad1	
     320825.000 ns	     32081	80006ad8	001d1593	slli	x11,x26,0x1	 x26:0x000001fe x11=0x000003fc
     320835.000 ns	     32082	80006adc	40c3d4b3	sra	x9,x7,x12	  x7:0x00000000 x12:0x00000000  x9=0x00000000
     320855.000 ns	     32084	80006ae0	e00b1bd3	fclass.s	x23,f22	 f22:0x7f800000 x23=0x00000080
     320885.000 ns	     32087	80006ae4	02250b33	mul	x22,x10,x2	 x10:0x000003b1  x2:0x000005b7 x22=0x00151887
     320915.000 ns	     32090	80006ae8	03ff9e33	mulh	x28,x31,x31	 x31:0x80041024 x31:0x80041024 x28=0x3ffbefec
     320935.000 ns	     32092	80006aec	d0470213	addi	x4,x14,-764	 x14:0x00000000  x4=0xfffffd04
     320955.000 ns	     32094	80006af0	28de98d3	fmax.s	f17,f29,f13	 f29:0x00000000 f13:0x7f800000 f17=0x7f800000
     320975.000 ns	     32096	80006af4	00b5ab33	slt	x22,x11,x11	 x11:0x000003fc x11:0x000003fc x22=0x00000000
     320985.000 ns	     32097	80006af8	bd633213	sltiu	x4,x6,-1066	  x6:0x000001fe  x4=0x00000001
     321005.000 ns	     32099	80006afc	d0022253	fcvt.s.w	f4,x4	  x4:0xfffffd04  f4=0x3f800000
     321025.000 ns	     32101	80006b00	41a2dd33	sra	x26,x5,x26	  x5:0x00000001 x26:0x000001fe x26=0x00000000
     321035.000 ns	     32102	80006b04	01bedb93	srli	x23,x29,0x1b	 x29:0x00000000 x23=0x00000000
     321045.000 ns	     32103	80006b08	00451cb3	sll	x25,x10,x4	 x10:0x000003b1  x4:0x00000001 x25=0x00000762
     321085.000 ns	     32107	80006b0c	0158a5d3	fadd.s	f11,f17,f21	 f17:0x7f800000 f21:0x00000000 f11=0x7f800000
     321455.000 ns	     32144	80006b10	02b563b3	rem	x7,x10,x11	 x10:0x000003b1 x11:0x000003fc  x7=0x000003b1
     321485.000 ns	     32147	80006b14	e0028f53	fmv.x.w	x30,f5	  f5:0x00000000 x30=0x00000000
     321505.000 ns	     32149	80006b18	01781eb3	sll	x29,x16,x23	 x16:0x80040fe4 x23:0x00000000 x29=0x80040fe4
     321525.000 ns	     32151	80006b1c	20baa2d3	fsgnjx.s	f5,f21,f11	 f21:0x00000000 f11:0x7f800000  f5=0x00000000
     321555.000 ns	     32154	80006b20	21158453	fsgnj.s	f8,f11,f17	 f11:0x7f800000 f17:0x7f800000  f8=0x7f800000
     321605.000 ns	     32159	80006b24	011278d3	fadd.s	f17,f4,f17	  f4:0x3f800000 f17:0x7f800000 f17=0x7f800000
     321635.000 ns	     32162	80006b28	e0001e53	fclass.s	x28,f0	  f0:0x047ff7f7 x28=0x00000040
     321655.000 ns	     32164	80006b2c	41a40e33	sub	x28,x8,x26	  x8:0xfffffeac x26:0x00000000 x28=0xfffffeac
     321675.000 ns	     32166	80006b30	03b60033	mul	x0,x12,x27	 x12:0x00000000 x27:0x0000000e
     321695.000 ns	     32168	80006b34	1ca13eb7	lui	x29,0x1ca13	 x29=0x1ca13000
     321705.000 ns	     32169	80006b38	40d50e33	sub	x28,x10,x13	 x10:0x000003b1 x13:0x00000000 x28=0x000003b1
     321725.000 ns	     32171	80006b3c	a06b8053	fle.s	x0,f23,f6	 f23:0xcdf35114  f6:0x401e6453
     321745.000 ns	     32173	80006b40	00f09193	slli	x3,x1,0xf	  x1:0x80041000  x3=0x08000000
     322105.000 ns	     32209	80006b44	03fce7b3	rem	x15,x25,x31	 x25:0x00000762 x31:0x80041024 x15=0x00000762
     322135.000 ns	     32212	80006b48	286880d3	fmin.s	f1,f17,f6	 f17:0x7f800000  f6:0x401e6453  f1=0x401e6453
     322165.000 ns	     32215	80006b4c	02c24133	div	x2,x4,x12	  x4:0x00000001 x12:0x00000000  x2=0xffffffff
     323345.000 ns	     32333	80006b50	580128d3	fsqrt.s	f17,f2	  f2:0x4f1e6e20 f17=0x46e00d44
     323375.000 ns	     32336	80006b54	292d8253	fmin.s	f4,f27,f18	 f27:0x00000000 f18:0x5e7fefc0  f4=0x00000000
     323405.000 ns	     32339	80006b58	03e47733	remu	x14,x8,x30	  x8:0xfffffeac x30:0x00000000 x14=0xfffffeac
     323425.000 ns	     32341	80006b5c	01681433	sll	x8,x16,x22	 x16:0x80040fe4 x22:0x00000000  x8=0x80040fe4
     323435.000 ns	     32342	80006b60	01595e13	srli	x28,x18,0x15	 x18:0x6191e000 x28=0x0000030c
     323455.000 ns	     32344	80006b64	a1d5a4d3	feq.s	x9,f11,f29	 f11:0x7f800000 f29:0x00000000  x9=0x00000000
     323495.000 ns	     32348	80006b68	10c249d3	fmul.s	f19,f4,f12	  f4:0x00000000 f12:0x401e6453 f19=0x00000000
     323865.000 ns	     32385	80006b6c	0314deb3	divu	x29,x9,x17	  x9:0x00000000 x17:0x00000040 x29=0x00000000
     323885.000 ns	     32387	80006b70	409ad913	srai	x18,x21,0x9	 x21:0x00000010 x18=0x00000000
     324245.000 ns	     32423	80006b74	022e4bb3	div	x23,x28,x2	 x28:0x0000030c  x2:0xffffffff x23=0xfffffcf4
     324265.000 ns	     32425	80006b78	413f0633	sub	x12,x30,x19	 x30:0x00000000 x19:0x00000000 x12=0x00000000
     324285.000 ns	     32427	80006b7c	281c9ad3	fmax.s	f21,f25,f1	 f25:0x7fc00000  f1:0x401e6453 f21=0x401e6453
     324305.000 ns	     32429	80006b80	013a4333	xor	x6,x20,x19	 x20:0x000001fe x19:0x00000000  x6=0x000001fe
     324315.000 ns	     32430	80006b84	00d034b3	sltu	x9,x0,x13	  x0:0x00000000 x13:0x00000000  x9=0x00000000
     324675.000 ns	     32466	80006b88	028ee2b3	rem	x5,x29,x8	 x29:0x00000000  x8:0x80040fe4  x5=0x00000000
     324705.000 ns	     32469	80006b8c	035d9f33	mulh	x30,x27,x21	 x27:0x0000000e x21:0x00000010 x30=0x00000000
     324725.000 ns	     32471	80006b90	40130ab3	sub	x21,x6,x1	  x6:0x000001fe  x1:0x80041000 x21=0x7ffbf1fe
     324735.000 ns	     32472	80006b94	012b5793	srli	x15,x22,0x12	 x22:0x00000000 x15=0x00000000
     324755.000 ns	     32474	80006b98	c0163ed3	fcvt.wu.s	x29,f12	 f12:0x401e6453 x29=0x00000003
     324785.000 ns	     32477	80006b9c	a1ab1e53	flt.s	x28,f22,f26	 f22:0x7f800000 f26:0x7f800000 x28=0x00000000
     324835.000 ns	     32482	80006ba0	087d7953	fsub.s	f18,f26,f7	 f26:0x7f800000  f7:0x00000000 f18=0x7f800000
     324865.000 ns	     32485	80006ba4	027338b3	mulhu	x17,x6,x7	  x6:0x000001fe  x7:0x000003b1 x17=0x00000000
     324885.000 ns	     32487	80006ba8	01cacbb3	xor	x23,x21,x28	 x21:0x7ffbf1fe x28:0x00000000 x23=0x7ffbf1fe
     324895.000 ns	     32488	80006bac	01a587b3	add	x15,x11,x26	 x11:0x000003fc x26:0x00000000 x15=0x000003fc
     324905.000 ns	     32489	80006bb0	018c4d33	xor	x26,x24,x24	 x24:0xffffffff x24:0xffffffff x26=0x00000000
     324915.000 ns	     32490	80006bb4	3681f793	andi	x15,x3,872	  x3:0x08000000 x15=0x00000000
     324955.000 ns	     32494	80006bb8	088aa3d3	fsub.s	f7,f21,f8	 f21:0x401e6453  f8:0x7f800000  f7=0xff800000
     324985.000 ns	     32497	80006bbc	03f2a0b3	mulhsu	x1,x5,x31	  x5:0x00000000 x31:0x80041024  x1=0x00000000
     325005.000 ns	     32499	80006bc0	01d78233	add	x4,x15,x29	 x15:0x00000000 x29:0x00000003  x4=0x00000003
     325025.000 ns	     32501	80006bc4	e00a1353	fclass.s	x6,f20	 f20:0x00000000  x6=0x00000010
     325055.000 ns	     32504	80006bc8	216797d3	fsgnjn.s	f15,f15,f22	 f15:0xcdf35114 f22:0x7f800000 f15=0xcdf35114
     325075.000 ns	     32506	80006bcc	00a3c633	xor	x12,x7,x10	  x7:0x000003b1 x10:0x000003b1 x12=0x00000000
     325085.000 ns	     32507	80006bd0	00d88533	add	x10,x17,x13	 x17:0x00000000 x13:0x00000000 x10=0x00000000
     325095.000 ns	     32508	80006bd4	017f77b3	and	x15,x30,x23	 x30:0x00000000 x23:0x7ffbf1fe x15=0x00000000
     325105.000 ns	     32509	80006bd8	c7a28f13	addi	x30,x5,-902	  x5:0x00000000 x30=0xfffffc7a
     325115.000 ns	     32510	80006bdc	00000013	addi	x0,x0,0	  x0:0x00000000
     325125.000 ns	     32511	80006be0	f11b0d17	auipc	x26,0xf11b0	 x26=0x711b6be0
     325145.000 ns	     32513	80006be4	a13990d3	flt.s	x1,f19,f19	 f19:0x00000000 f19:0x00000000  x1=0x00000000
     325185.000 ns	     32517	80006be8	1971f153	fdiv.s	f2,f3,f23	  f3:0x7fc00000 f23:0xcdf35114  f2=0x7fc00000
     325215.000 ns	     32520	80006bec	20e609d3	fsgnj.s	f19,f12,f14	 f12:0x401e6453 f14:0x4f1e6e20 f19=0x401e6453
     325235.000 ns	     32522	80006bf0	00000013	addi	x0,x0,0	  x0:0x00000000
     325245.000 ns	     32523	80006bf4	41c20c33	sub	x24,x4,x28	  x4:0x00000003 x28:0x00000000 x24=0x00000003
     325255.000 ns	     32524	80006bf8	46748613	addi	x12,x9,1127	  x9:0x00000000 x12=0x00000467
     325265.000 ns	     32525	80006bfc	a0190113	addi	x2,x18,-1535	 x18:0x00000000  x2=0xfffffa01
     325275.000 ns	     32526	80006c00	ae506697	auipc	x13,0xae506	 x13=0x2e50cc00
     325295.000 ns	     32528	80006c04	297c1dd3	fmax.s	f27,f24,f23	 f24:0x00000000 f23:0xcdf35114 f27=0x00000000
     325315.000 ns	     32530	80006c08	00ad86b3	add	x13,x27,x10	 x27:0x0000000e x10:0x00000000 x13=0x0000000e
     325335.000 ns	     32532	80006c0c	02ad4033	div	x0,x26,x10	 x26:0x711b6be0 x10:0x00000000
     325355.000 ns	     32534	80006c10	008f44b3	xor	x9,x30,x8	 x30:0xfffffc7a  x8:0x80040fe4  x9=0x7ffbf39e
     325365.000 ns	     32535	80006c14	c2ea7c17	auipc	x24,0xc2ea7	 x24=0x42eadc14
     325375.000 ns	     32536	80006c18	e83d7113	andi	x2,x26,-381	 x26:0x711b6be0  x2=0x711b6a80
     325385.000 ns	     32537	80006c1c	a928b917	auipc	x18,0xa928b	 x18=0x29291c1c
     325405.000 ns	     32539	80006c20	038c3333	mulhu	x6,x24,x24	 x24:0x42eadc14 x24:0x42eadc14  x6=0x117df0f1
     325435.000 ns	     32542	80006c24	28ff03d3	fmin.s	f7,f30,f15	 f30:0x00000000 f15:0xcdf35114  f7=0xcdf35114
     325455.000 ns	     32544	80006c28	01174133	xor	x2,x14,x17	 x14:0xfffffeac x17:0x00000000  x2=0xfffffeac
     325495.000 ns	     32548	80006c2c	091cced3	fsub.s	f29,f25,f17	 f25:0x7fc00000 f17:0x46e00d44 f29=0x7fc00000
     325535.000 ns	     32552	80006c30	101b7ed3	fmul.s	f29,f22,f1	 f22:0x7f800000  f1:0x401e6453 f29=0x7f800000
     325555.000 ns	     32554	80006c34	01ea9d33	sll	x26,x21,x30	 x21:0x7ffbf1fe x30:0xfffffc7a x26=0xf8000000
     325565.000 ns	     32555	80006c38	6d349197	auipc	x3,0x6d349	  x3=0xed34fc38
     325575.000 ns	     32556	80006c3c	00806233	or	x4,x0,x8	  x0:0x00000000  x8:0x80040fe4  x4=0x80040fe4
     325585.000 ns	     32557	80006c40	0151e1b3	or	x3,x3,x21	  x3:0x08000000 x21:0x7ffbf1fe  x3=0xfffffdfe
     325595.000 ns	     32558	80006c44	008d1313	slli	x6,x26,0x8	 x26:0xf8000000  x6=0x00000000
     325605.000 ns	     32559	80006c48	6a258113	addi	x2,x11,1698	 x11:0x000003fc  x2=0x00000a9e
     325965.000 ns	     32595	80006c4c	03a643b3	div	x7,x12,x26	 x12:0x00000467 x26:0xf8000000  x7=0x00000000
     326305.000 ns	     32629	80006c50	19584653	fdiv.s	f12,f16,f21	 f16:0x41600000 f21:0x401e6453 f12=0x40a686be
     326335.000 ns	     32632	80006c54	211504d3	fsgnj.s	f9,f10,f17	 f10:0xcf7ff7fb f17:0x46e00d44  f9=0x4f7ff7fb
     326355.000 ns	     32634	80006c58	403e5233	sra	x4,x28,x3	 x28:0x00000000  x3:0xfffffdfe  x4=0x00000000
     326375.000 ns	     32636	80006c5c	c014b053	fcvt.wu.s	x0,f9	  f9:0x4f7ff7fb
     326395.000 ns	     32638	80006c60	79b74493	xori	x9,x14,1947	 x14:0xfffffeac  x9=0xfffff937
     326405.000 ns	     32639	80006c64	000f7c33	and	x24,x30,x0	 x30:0xfffffc7a  x0:0x00000000 x24=0x00000000
     326435.000 ns	     32642	80006c68	580439d3	fsqrt.s	f19,f8	  f8:0x7f800000 f19=0x7f800000
     326465.000 ns	     32645	80006c6c	20e319d3	fsgnjn.s	f19,f6,f14	  f6:0x401e6453 f14:0x4f1e6e20 f19=0xc01e6453
     326495.000 ns	     32648	80006c70	0368bcb3	mulhu	x25,x17,x22	 x17:0x00000000 x22:0x00000000 x25=0x00000000
     326515.000 ns	     32650	80006c74	2bb57e13	andi	x28,x10,699	 x10:0x00000000 x28=0x00000000
     326535.000 ns	     32652	80006c78	29228fd3	fmin.s	f31,f5,f18	  f5:0x00000000 f18:0x7f800000 f31=0x00000000
     326575.000 ns	     32656	80006c7c	18ce8cd3	fdiv.s	f25,f29,f12	 f29:0x7f800000 f12:0x40a686be f25=0x7f800000
     326605.000 ns	     32659	80006c80	e00585d3	fmv.x.w	x11,f11	 f11:0x7f800000 x11=0x7f800000
     326625.000 ns	     32661	80006c84	01650cb3	add	x25,x10,x22	 x10:0x00000000 x22:0x00000000 x25=0x00000000
     326635.000 ns	     32662	80006c88	0152c1b3	xor	x3,x5,x21	  x5:0x00000000 x21:0x7ffbf1fe  x3=0x7ffbf1fe
     326645.000 ns	     32663	80006c8c	00501f13	slli	x30,x0,0x5	  x0:0x00000000 x30=0x00000000
     326655.000 ns	     32664	80006c90	415558b3	sra	x17,x10,x21	 x10:0x00000000 x21:0x7ffbf1fe x17=0x00000000
     326675.000 ns	     32666	80006c94	a1d701d3	fle.s	x3,f14,f29	 f14:0x4f1e6e20 f29:0x7f800000  x3=0x00000001
     327045.000 ns	     32703	80006c98	0308fe33	remu	x28,x17,x16	 x17:0x00000000 x16:0x80040fe4 x28=0x00000000
     327075.000 ns	     32706	80006c9c	03c270b3	remu	x1,x4,x28	  x4:0x00000000 x28:0x00000000  x1=0x00000000
     327095.000 ns	     32708	80006ca0	40b95cb3	sra	x25,x18,x11	 x18:0x29291c1c x11:0x7f800000 x25=0x29291c1c
     327105.000 ns	     32709	80006ca4	001764b3	or	x9,x14,x1	 x14:0xfffffeac  x1:0x00000000  x9=0xfffffeac
     327465.000 ns	     32745	80006ca8	03fc75b3	remu	x11,x24,x31	 x24:0x00000000 x31:0x80041024 x11=0x00000000
     327495.000 ns	     32748	80006cac	29511f53	fmax.s	f30,f2,f21	  f2:0x7fc00000 f21:0x401e6453 f30=0x401e6453
     327525.000 ns	     32751	80006cb0	03a40933	mul	x18,x8,x26	  x8:0x80040fe4 x26:0xf8000000 x18=0xe0000000
     327565.000 ns	     32755	80006cb4	195c78d3	fdiv.s	f17,f24,f21	 f24:0x00000000 f21:0x401e6453 f17=0x00000000
     327585.000 ns	     32757	80006cb8	41005333	sra	x6,x0,x16	  x0:0x00000000 x16:0x80040fe4  x6=0x00000000
     327605.000 ns	     32759	80006cbc	a01f8453	fle.s	x8,f31,f1	 f31:0x00000000  f1:0x401e6453  x8=0x00000001
     327635.000 ns	     32762	80006cc0	a06003d3	fle.s	x7,f0,f6	  f0:0x047ff7f7  f6:0x401e6453  x7=0x00000001
     327665.000 ns	     32765	80006cc4	e00384d3	fmv.x.w	x9,f7	  f7:0xcdf35114  x9=0xcdf35114
     327685.000 ns	     32767	80006cc8	01161193	slli	x3,x12,0x11	 x12:0x00000467  x3=0x08ce0000
     327695.000 ns	     32768	80006ccc	1782a193	slti	x3,x5,376	  x5:0x00000000  x3=0x00000001
     327705.000 ns	     32769	80006cd0	017b46b3	xor	x13,x22,x23	 x22:0x00000000 x23:0x7ffbf1fe x13=0x7ffbf1fe
     327715.000 ns	     32770	80006cd4	00435593	srli	x11,x6,0x4	  x6:0x00000000 x11=0x00000000
     327725.000 ns	     32771	80006cd8	415ed713	srai	x14,x29,0x15	 x29:0x00000003 x14=0x00000000
     327745.000 ns	     32773	80006cdc	02bd3c33	mulhu	x24,x26,x11	 x26:0xf8000000 x11:0x00000000 x24=0x00000000
     327765.000 ns	     32775	80006ce0	0196d413	srli	x8,x13,0x19	 x13:0x7ffbf1fe  x8=0x0000003f
     327775.000 ns	     32776	80006ce4	01fb11b3	sll	x3,x22,x31	 x22:0x00000000 x31:0x80041024  x3=0x00000000
     327785.000 ns	     32777	80006ce8	7cc0e037	lui	x0,0x7cc0e	
     327795.000 ns	     32778	80006cec	39018313	addi	x6,x3,912	  x3:0x00000001  x6=0x00000390
     327805.000 ns	     32779	80006cf0	00368eb3	add	x29,x13,x3	 x13:0x7ffbf1fe  x3:0x00000000 x29=0x7ffbf1fe
     327815.000 ns	     32780	80006cf4	4344a613	slti	x12,x9,1076	  x9:0xcdf35114 x12=0x00000001
     327835.000 ns	     32782	80006cf8	02cda033	mulhsu	x0,x27,x12	 x27:0x0000000e x12:0x00000467
     327855.000 ns	     32784	80006cfc	002bb1b3	sltu	x3,x23,x2	 x23:0x7ffbf1fe  x2:0x00000a9e  x3=0x00000000
     327875.000 ns	     32786	80006d00	e0029653	fclass.s	x12,f5	  f5:0x00000000 x12=0x00000010
     327905.000 ns	     32789	80006d04	c001b9d3	fcvt.w.s	x19,f3	  f3:0x7fc00000 x19=0x7fffffff
     327935.000 ns	     32792	80006d08	c005f4d3	fcvt.w.s	x9,f11	 f11:0x7f800000  x9=0x7fffffff
     327965.000 ns	     32795	80006d0c	2138ae53	fsgnjx.s	f28,f17,f19	 f17:0x00000000 f19:0xc01e6453 f28=0x80000000
     327985.000 ns	     32797	80006d10	4124dab3	sra	x21,x9,x18	  x9:0x7fffffff x18:0xe0000000 x21=0x7fffffff
     328345.000 ns	     32833	80006d14	03a37633	remu	x12,x6,x26	  x6:0x00000390 x26:0xf8000000 x12=0x00000390
     328375.000 ns	     32836	80006d18	20520b53	fsgnj.s	f22,f4,f5	  f4:0x00000000  f5:0x00000000 f22=0x00000000
     328395.000 ns	     32838	80006d1c	016ac333	xor	x6,x21,x22	 x21:0x7fffffff x22:0x00000000  x6=0x7fffffff
     328405.000 ns	     32839	80006d20	007eff33	and	x30,x29,x7	 x29:0x7ffbf1fe  x7:0x00000001 x30=0x00000000
     328415.000 ns	     32840	80006d24	158da893	slti	x17,x27,344	 x27:0x0000000e x17=0x00000001
     328425.000 ns	     32841	80006d28	9b38ba37	lui	x20,0x9b38b	 x20=0x9b38b000
     328445.000 ns	     32843	80006d2c	02b25a33	divu	x20,x4,x11	  x4:0x00000000 x11:0x00000000 x20=0xffffffff
     328475.000 ns	     32846	80006d30	20528053	fsgnj.s	f0,f5,f5	  f5:0x00000000  f5:0x00000000  f0=0x00000000
     328515.000 ns	     32850	80006d34	18bdfb53	fdiv.s	f22,f27,f11	 f27:0x00000000 f11:0x7f800000 f22=0x00000000
     328535.000 ns	     32852	80006d38	8db77413	andi	x8,x14,-1829	 x14:0x00000000  x8=0x00000000
     328555.000 ns	     32854	80006d3c	d01afad3	fcvt.s.wu	f21,x21	 x21:0x7fffffff f21=0x4effffff
     328575.000 ns	     32856	80006d40	41edd713	srai	x14,x27,0x1e	 x27:0x0000000e x14=0x00000000
     328585.000 ns	     32857	80006d44	2fc6a393	slti	x7,x13,764	 x13:0x7ffbf1fe  x7=0x00000000
     328605.000 ns	     32859	80006d48	02a9bbb3	mulhu	x23,x19,x10	 x19:0x7fffffff x10:0x00000000 x23=0x00000000
     328625.000 ns	     32861	80006d4c	000fc2b3	xor	x5,x31,x0	 x31:0x80041024  x0:0x00000000  x5=0x80041024
     328645.000 ns	     32863	80006d50	03d504b3	mul	x9,x10,x29	 x10:0x00000000 x29:0x7ffbf1fe  x9=0x00000000
     328665.000 ns	     32865	80006d54	00dab633	sltu	x12,x21,x13	 x21:0x7fffffff x13:0x7ffbf1fe x12=0x00000000
     328675.000 ns	     32866	80006d58	01c289b3	add	x19,x5,x28	  x5:0x80041024 x28:0x00000000 x19=0x80041024
     328685.000 ns	     32867	80006d5c	33cf4993	xori	x19,x30,828	 x30:0x00000000 x19=0x0000033c
     328705.000 ns	     32869	80006d60	031e2d33	mulhsu	x26,x28,x17	 x28:0x00000000 x17:0x00000001 x26=0x00000000
     328725.000 ns	     32871	80006d64	ade67b93	andi	x23,x12,-1314	 x12:0x00000000 x23=0x00000000
     328735.000 ns	     32872	80006d68	01df88b3	add	x17,x31,x29	 x31:0x80041024 x29:0x7ffbf1fe x17=0x00000222
     328745.000 ns	     32873	80006d6c	0019d633	srl	x12,x19,x1	 x19:0x0000033c  x1:0x00000000 x12=0x0000033c
     328765.000 ns	     32875	80006d70	a12419d3	flt.s	x19,f8,f18	  f8:0x7f800000 f18:0x7f800000 x19=0x00000000
     328795.000 ns	     32878	80006d74	e00314d3	fclass.s	x9,f6	  f6:0x401e6453  x9=0x00000040
     328815.000 ns	     32880	80006d78	00819b93	slli	x23,x3,0x8	  x3:0x00000000 x23=0x00000000
     328835.000 ns	     32882	80006d7c	e00f9bd3	fclass.s	x23,f31	 f31:0x00000000 x23=0x00000010
     328855.000 ns	     32884	80006d80	012c4ab3	xor	x21,x24,x18	 x24:0x00000000 x18:0xe0000000 x21=0xe0000000
     328865.000 ns	     32885	80006d84	412b04b3	sub	x9,x22,x18	 x22:0x00000000 x18:0xe0000000  x9=0x20000000
     328875.000 ns	     32886	80006d88	09e5ba13	sltiu	x20,x11,158	 x11:0x00000000 x20=0x00000001
     328905.000 ns	     32889	80006d8c	1858c553	fdiv.s	f10,f17,f5	 f17:0x00000000  f5:0x00000000 f10=0x7fc00000
     328935.000 ns	     32892	80006d90	03652bb3	mulhsu	x23,x10,x22	 x10:0x00000000 x22:0x00000000 x23=0x00000000
     328985.000 ns	     32897	80006d94	001d7b53	fadd.s	f22,f26,f1	 f26:0x7f800000  f1:0x401e6453 f22=0x7f800000
     329005.000 ns	     32899	80006d98	40f45e13	srai	x28,x8,0xf	  x8:0x00000000 x28=0x00000000
     329025.000 ns	     32901	80006d9c	e00f80d3	fmv.x.w	x1,f31	 f31:0x00000000  x1=0x00000000
     329055.000 ns	     32904	80006da0	02bdaf33	mulhsu	x30,x27,x11	 x27:0x0000000e x11:0x00000000 x30=0x00000000
     329085.000 ns	     32907	80006da4	d00478d3	fcvt.s.w	f17,x8	  x8:0x00000000 f17=0x00000000
     329115.000 ns	     32910	80006da8	20120c53	fsgnj.s	f24,f4,f1	  f4:0x00000000  f1:0x401e6453 f24=0x00000000
     329135.000 ns	     32912	80006dac	f78d6d13	ori	x26,x26,-136	 x26:0x00000000 x26=0xffffff78
     329165.000 ns	     32915	80006db0	19a7f2d3	fdiv.s	f5,f15,f26	 f15:0xcdf35114 f26:0x7f800000  f5=0x80000000
     329185.000 ns	     32917	80006db4	007fbf33	sltu	x30,x31,x7	 x31:0x80041024  x7:0x00000000 x30=0x00000000
     329205.000 ns	     32919	80006db8	021108b3	mul	x17,x2,x1	  x2:0x00000a9e  x1:0x00000000 x17=0x00000000
     329225.000 ns	     32921	80006dbc	01260433	add	x8,x12,x18	 x12:0x0000033c x18:0xe0000000  x8=0xe000033c
     329235.000 ns	     32922	80006dc0	eebc2513	slti	x10,x24,-277	 x24:0x00000000 x10=0x00000000
     329245.000 ns	     32923	80006dc4	412c5913	srai	x18,x24,0x12	 x24:0x00000000 x18=0x00000000
     329265.000 ns	     32925	80006dc8	a11a8553	fle.s	x10,f21,f17	 f21:0x4effffff f17:0x00000000 x10=0x00000000
     329295.000 ns	     32928	80006dcc	a1ab05d3	fle.s	x11,f22,f26	 f22:0x7f800000 f26:0x7f800000 x11=0x00000001
     329325.000 ns	     32931	80006dd0	a1e89ad3	flt.s	x21,f17,f30	 f17:0x00000000 f30:0x401e6453 x21=0x00000001
     329345.000 ns	     32933	80006dd4	62388013	addi	x0,x17,1571	 x17:0x00000000
     329355.000 ns	     32934	80006dd8	003d5613	srli	x12,x26,0x3	 x26:0xffffff78 x12=0x1fffffef
     329365.000 ns	     32935	80006ddc	010d2f33	slt	x30,x26,x16	 x26:0xffffff78 x16:0x80040fe4 x30=0x00000000
     329375.000 ns	     32936	80006de0	00598733	add	x14,x19,x5	 x19:0x00000000  x5:0x80041024 x14=0x80041024
     329405.000 ns	     32939	80006de4	58038853	fsqrt.s	f16,f7	  f7:0xcdf35114 f16=0x7fc00000
     329425.000 ns	     32941	80006de8	0115d513	srli	x10,x11,0x11	 x11:0x00000001 x10=0x00000000
     329445.000 ns	     32943	80006dec	0236dd33	divu	x26,x13,x3	 x13:0x7ffbf1fe  x3:0x00000000 x26=0xffffffff
     329475.000 ns	     32946	80006df0	c008f9d3	fcvt.w.s	x19,f17	 f17:0x00000000 x19=0x00000000
     329495.000 ns	     32948	80006df4	01626a33	or	x20,x4,x22	  x4:0x00000000 x22:0x00000000 x20=0x00000000
     329515.000 ns	     32950	80006df8	0245fa33	remu	x20,x11,x4	 x11:0x00000001  x4:0x00000000 x20=0x00000001
     329545.000 ns	     32953	80006dfc	29e21b53	fmax.s	f22,f4,f30	  f4:0x00000000 f30:0x401e6453 f22=0x401e6453
     329575.000 ns	     32956	80006e00	d001f6d3	fcvt.s.w	f13,x3	  x3:0x00000000 f13=0x00000000
     329915.000 ns	     32990	80006e04	187b3753	fdiv.s	f14,f22,f7	 f22:0x401e6453  f7:0xcdf35114 f14=0xb19e6454
     330285.000 ns	     33027	80006e08	029be2b3	rem	x5,x23,x9	 x23:0x00000000  x9:0x20000000  x5=0x00000000
     330305.000 ns	     33029	80006e0c	408d0bb3	sub	x23,x26,x8	 x26:0xffffffff  x8:0xe000033c x23=0x1ffffcc3
     330325.000 ns	     33031	80006e10	e00f93d3	fclass.s	x7,f31	 f31:0x00000000  x7=0x00000010
     330345.000 ns	     33033	80006e14	f01b4293	xori	x5,x22,-255	 x22:0x00000000  x5=0xffffff01
     330355.000 ns	     33034	80006e18	005f4cb3	xor	x25,x30,x5	 x30:0x00000000  x5:0x00000000 x25=0xffffff01
     330365.000 ns	     33035	80006e1c	01c05193	srli	x3,x0,0x1c	  x0:0x00000000  x3=0x00000000
     330385.000 ns	     33037	80006e20	03740633	mul	x12,x8,x23	  x8:0xe000033c x23:0x1ffffcc3 x12=0x1ff586b4
     330405.000 ns	     33039	80006e24	1d96a797	auipc	x15,0x1d96a	 x15=0x9d970e24
     330425.000 ns	     33041	80006e28	038e0133	mul	x2,x28,x24	 x28:0x00000000 x24:0x00000000  x2=0x00000000
     330455.000 ns	     33044	80006e2c	e00a14d3	fclass.s	x9,f20	 f20:0x00000000  x9=0x00000010
     330485.000 ns	     33047	80006e30	a1ec9a53	flt.s	x20,f25,f30	 f25:0x7f800000 f30:0x401e6453 x20=0x00000000
     330855.000 ns	     33084	80006e34	02b2f6b3	remu	x13,x5,x11	  x5:0xffffff01 x11:0x00000001 x13=0x00000000
     330885.000 ns	     33087	80006e38	20329b53	fsgnjn.s	f22,f5,f3	  f5:0x80000000  f3:0x7fc00000 f22=0x80000000
     330915.000 ns	     33090	80006e3c	02831733	mulh	x14,x6,x8	  x6:0x7fffffff  x8:0xe000033c x14=0xf000019e
     330945.000 ns	     33093	80006e40	2035a153	fsgnjx.s	f2,f11,f3	 f11:0x7f800000  f3:0x7fc00000  f2=0x7f800000
     330975.000 ns	     33096	80006e44	28468fd3	fmin.s	f31,f13,f4	 f13:0x00000000  f4:0x00000000 f31=0x00000000
     330995.000 ns	     33098	80006e48	012abd33	sltu	x26,x21,x18	 x21:0x00000001 x18:0x00000000 x26=0x00000000
     331015.000 ns	     33100	80006e4c	f0058053	fmv.w.x	f0,x11	 x11:0x00000001  f0=0x00000001
     331035.000 ns	     33102	80006e50	417fdf13	srai	x30,x31,0x17	 x31:0x80041024 x30=0xffffff00
     331055.000 ns	     33104	80006e54	20e19b53	fsgnjn.s	f22,f3,f14	  f3:0x7fc00000 f14:0xb19e6454 f22=0x7fc00000
     331085.000 ns	     33107	80006e58	e00e86d3	fmv.x.w	x13,f29	 f29:0x7f800000 x13=0x7f800000
     331105.000 ns	     33109	80006e5c	01b72933	slt	x18,x14,x27	 x14:0xf000019e x27:0x0000000e x18=0x00000001
     331135.000 ns	     33112	80006e60	58087c53	fsqrt.s	f24,f16	 f16:0x7fc00000 f24=0x7fc00000
     331165.000 ns	     33115	80006e64	20bbaad3	fsgnjx.s	f21,f23,f11	 f23:0xcdf35114 f11:0x7f800000 f21=0xcdf35114
     331195.000 ns	     33118	80006e68	a0c89253	flt.s	x4,f17,f12	 f17:0x00000000 f12:0x40a686be  x4=0x00000001
     331215.000 ns	     33120	80006e6c	40625533	sra	x10,x4,x6	  x4:0x00000000  x6:0x7fffffff x10=0x00000000
     331235.000 ns	     33122	80006e70	29760453	fmin.s	f8,f12,f23	 f12:0x40a686be f23:0xcdf35114  f8=0xcdf35114
     331255.000 ns	     33124	80006e74	ad5eed13	ori	x26,x29,-1323	 x29:0x7ffbf1fe x26=0xfffffbff
     331275.000 ns	     33126	80006e78	28b00453	fmin.s	f8,f0,f11	  f0:0x00000001 f11:0x7f800000  f8=0x00000001
     331295.000 ns	     33128	80006e7c	541f6a93	ori	x21,x30,1345	 x30:0xffffff00 x21=0xffffff41
     331305.000 ns	     33129	80006e80	001b18b3	sll	x17,x22,x1	 x22:0x00000000  x1:0x00000000 x17=0x00000000
     331345.000 ns	     33133	80006e84	08437ed3	fsub.s	f29,f6,f4	  f6:0x401e6453  f4:0x00000000 f29=0x401e6453
     331365.000 ns	     33135	80006e88	43d58e13	addi	x28,x11,1085	 x11:0x00000001 x28=0x0000043e
     331375.000 ns	     33136	80006e8c	d5576c13	ori	x24,x14,-683	 x14:0xf000019e x24=0xfffffddf
     331735.000 ns	     33172	80006e90	02cce933	rem	x18,x25,x12	 x25:0xffffff01 x12:0x1ff586b4 x18=0xffffff01
     331755.000 ns	     33174	80006e94	ab0de337	lui	x6,0xab0de	  x6=0xab0de000
     331775.000 ns	     33176	80006e98	c01eb753	fcvt.wu.s	x14,f29	 f29:0x401e6453 x14=0x00000003
     331795.000 ns	     33178	80006e9c	018509b3	add	x19,x10,x24	 x10:0x00000000 x24:0xfffffddf x19=0xfffffddf
     331825.000 ns	     33181	80006ea0	101b00d3	fmul.s	f1,f22,f1	 f22:0x7fc00000  f1:0x401e6453  f1=0x7fc00000
     331845.000 ns	     33183	80006ea4	00729433	sll	x8,x5,x7	  x5:0xffffff01  x7:0x00000010  x8=0xff010000
     332205.000 ns	     33219	80006ea8	030473b3	remu	x7,x8,x16	  x8:0xe000033c x16:0x80040fe4  x7=0x7efcf01c
     332545.000 ns	     33253	80006eac	19744653	fdiv.s	f12,f8,f23	  f8:0x00000001 f23:0xcdf35114 f12=0x80000000
     332575.000 ns	     33256	80006eb0	025839b3	mulhu	x19,x16,x5	 x16:0x80040fe4  x5:0xffffff01 x19=0x80040f64
     332595.000 ns	     33258	80006eb4	01b68c33	add	x24,x13,x27	 x13:0x7f800000 x27:0x0000000e x24=0x7f80000e
     332605.000 ns	     33259	80006eb8	0ad0b713	sltiu	x14,x1,173	  x1:0x00000000 x14=0x00000001
     332625.000 ns	     33261	80006ebc	c01c2653	fcvt.wu.s	x12,f24	 f24:0x7fc00000 x12=0xffffffff
     332655.000 ns	     33264	80006ec0	a03f85d3	fle.s	x11,f31,f3	 f31:0x00000000  f3:0x7fc00000 x11=0x00000000
     333025.000 ns	     33301	80006ec4	02dd55b3	divu	x11,x26,x13	 x26:0xfffffbff x13:0x7f800000 x11=0x00000002
     333045.000 ns	     33303	80006ec8	00711713	slli	x14,x2,0x7	  x2:0x00000000 x14=0x00000000
     333055.000 ns	     33304	80006ecc	01f745b3	xor	x11,x14,x31	 x14:0x00000001 x31:0x80041024 x11=0x80041024
     333085.000 ns	     33307	80006ed0	115a7b53	fmul.s	f22,f20,f21	 f20:0x00000000 f21:0xcdf35114 f22=0x80000000
     333105.000 ns	     33309	80006ed4	904eb913	sltiu	x18,x29,-1788	 x29:0x7ffbf1fe x18=0x00000001
     333125.000 ns	     33311	80006ed8	022825b3	mulhsu	x11,x16,x2	 x16:0x80040fe4  x2:0x00000000 x11=0x00000000
     333155.000 ns	     33314	80006edc	21ce1953	fsgnjn.s	f18,f28,f28	 f28:0x80000000 f28:0x80000000 f18=0x00000000
     333185.000 ns	     33317	80006ee0	20400a53	fsgnj.s	f20,f0,f4	  f0:0x00000001  f4:0x00000000 f20=0x00000001
     333215.000 ns	     33320	80006ee4	d016fb53	fcvt.s.wu	f22,x13	 x13:0x7f800000 f22=0x4eff0000
     333235.000 ns	     33322	80006ee8	013b94b3	sll	x9,x23,x19	 x23:0x1ffffcc3 x19:0x80040f64  x9=0xffffcc30
     333245.000 ns	     33323	80006eec	00dd4bb3	xor	x23,x26,x13	 x26:0xfffffbff x13:0x7f800000 x23=0x807ffbff
     333265.000 ns	     33325	80006ef0	a12ca553	feq.s	x10,f25,f18	 f25:0x7f800000 f18:0x00000000 x10=0x00000000
     333305.000 ns	     33329	80006ef4	5809ffd3	fsqrt.s	f31,f19	 f19:0xc01e6453 f31=0x7fc00000
     333325.000 ns	     33331	80006ef8	011d30b3	sltu	x1,x26,x17	 x26:0xfffffbff x17:0x00000000  x1=0x00000000
     333685.000 ns	     33367	80006efc	03047eb3	remu	x29,x8,x16	  x8:0xff010000 x16:0x80040fe4 x29=0x7efcf01c
     333725.000 ns	     33371	80006f00	182c73d3	fdiv.s	f7,f24,f2	 f24:0x7fc00000  f2:0x7f800000  f7=0x7fc00000
     333745.000 ns	     33373	80006f04	ec410793	addi	x15,x2,-316	  x2:0x00000000 x15=0xfffffec4
     333755.000 ns	     33374	80006f08	012c1013	slli	x0,x24,0x12	 x24:0x7f80000e
     333795.000 ns	     33378	80006f0c	00b800d3	fadd.s	f1,f16,f11	 f16:0x7fc00000 f11:0x7f800000  f1=0x7fc00000
     333825.000 ns	     33381	80006f10	e00f95d3	fclass.s	x11,f31	 f31:0x7fc00000 x11=0x00000200
     333855.000 ns	     33384	80006f14	c0173253	fcvt.wu.s	x4,f14	 f14:0xb19e6454  x4=0x00000000
     333875.000 ns	     33386	80006f18	b7aff593	andi	x11,x31,-1158	 x31:0x80041024 x11=0x80041020
     333885.000 ns	     33387	80006f1c	bc298b13	addi	x22,x19,-1086	 x19:0x80040f64 x22=0x80040b26
     333915.000 ns	     33390	80006f20	1123f353	fmul.s	f6,f7,f18	  f7:0x7fc00000 f18:0x00000000  f6=0x7fc00000
     333945.000 ns	     33393	80006f24	e00500d3	fmv.x.w	x1,f10	 f10:0x7fc00000  x1=0x7fc00000
     333965.000 ns	     33395	80006f28	0082d413	srli	x8,x5,0x8	  x5:0xffffff01  x8=0x00ffffff
     333975.000 ns	     33396	80006f2c	26a66693	ori	x13,x12,618	 x12:0xffffffff x13=0xffffffff
     333995.000 ns	     33398	80006f30	e00b0ad3	fmv.x.w	x21,f22	 f22:0x4eff0000 x21=0x4eff0000
     334015.000 ns	     33400	80006f34	5246c293	xori	x5,x13,1316	 x13:0x7f800000  x5=0xfffffadb
     334035.000 ns	     33402	80006f38	e00296d3	fclass.s	x13,f5	  f5:0x80000000 x13=0x00000008
     334065.000 ns	     33405	80006f3c	c0187653	fcvt.wu.s	x12,f16	 f16:0x7fc00000 x12=0xffffffff
     334095.000 ns	     33408	80006f40	a1b72453	feq.s	x8,f14,f27	 f14:0xb19e6454 f27:0x00000000  x8=0x00000000
     334115.000 ns	     33410	80006f44	49aa4e93	xori	x29,x20,1178	 x20:0x00000000 x29=0x0000049a
     334125.000 ns	     33411	80006f48	40dbd4b3	sra	x9,x23,x13	 x23:0x807ffbff x13:0x00000008  x9=0xff807ffb
     334145.000 ns	     33413	80006f4c	a1c506d3	fle.s	x13,f10,f28	 f10:0x7fc00000 f28:0x80000000 x13=0x00000000
     334165.000 ns	     33415	80006f50	011f9013	slli	x0,x31,0x11	 x31:0x80041024
     334185.000 ns	     33417	80006f54	203703d3	fsgnj.s	f7,f14,f3	 f14:0xb19e6454  f3:0x7fc00000  f7=0x319e6454
     334205.000 ns	     33419	80006f58	63d2e113	ori	x2,x5,1597	  x5:0xfffffadb  x2=0xfffffeff
     334225.000 ns	     33421	80006f5c	c015c2d3	fcvt.wu.s	x5,f11	 f11:0x7f800000  x5=0xffffffff
     334255.000 ns	     33424	80006f60	d006f8d3	fcvt.s.w	f17,x13	 x13:0x00000000 f17=0x00000000
     334285.000 ns	     33427	80006f64	f0008dd3	fmv.w.x	f27,x1	  x1:0x7fc00000 f27=0x7fc00000
     334305.000 ns	     33429	80006f68	009a60b3	or	x1,x20,x9	 x20:0x00000000  x9:0xff807ffb  x1=0xff807ffb
     334315.000 ns	     33430	80006f6c	010340b3	xor	x1,x6,x16	  x6:0xab0de000 x16:0x80040fe4  x1=0x2b09efe4
     334335.000 ns	     33432	80006f70	a01785d3	fle.s	x11,f15,f1	 f15:0xcdf35114  f1:0x7fc00000 x11=0x00000000
     334365.000 ns	     33435	80006f74	a030a9d3	feq.s	x19,f1,f3	  f1:0x7fc00000  f3:0x7fc00000 x19=0x00000000
     334385.000 ns	     33437	80006f78	9e713f13	sltiu	x30,x2,-1561	  x2:0xfffffeff x30=0x00000000
     334405.000 ns	     33439	80006f7c	033cebb3	rem	x23,x25,x19	 x25:0xffffff01 x19:0x00000000 x23=0xffffff01
     334775.000 ns	     33476	80006f80	03c755b3	divu	x11,x14,x28	 x14:0x00000000 x28:0x0000043e x11=0x00000000
     334805.000 ns	     33479	80006f84	c0014153	fcvt.w.s	x2,f2	  f2:0x7f800000  x2=0x7fffffff
     334835.000 ns	     33482	80006f88	e00c1c53	fclass.s	x24,f24	 f24:0x7fc00000 x24=0x00000200
     334855.000 ns	     33484	80006f8c	006db0b3	sltu	x1,x27,x6	 x27:0x0000000e  x6:0xab0de000  x1=0x00000001
     334875.000 ns	     33486	80006f90	a03582d3	fle.s	x5,f11,f3	 f11:0x7f800000  f3:0x7fc00000  x5=0x00000000
     334905.000 ns	     33489	80006f94	02fbbf33	mulhu	x30,x23,x15	 x23:0xffffff01 x15:0xfffffec4 x30=0xfffffdc5
     334935.000 ns	     33492	80006f98	c00afa53	fcvt.w.s	x20,f21	 f21:0xcdf35114 x20=0x1e6a2280
     334965.000 ns	     33495	80006f9c	e0040f53	fmv.x.w	x30,f8	  f8:0x00000001 x30=0x00000001
     334995.000 ns	     33498	80006fa0	e00c19d3	fclass.s	x19,f24	 f24:0x7fc00000 x19=0x00000200
     335035.000 ns	     33502	80006fa4	103f3f53	fmul.s	f30,f30,f3	 f30:0x401e6453  f3:0x7fc00000 f30=0x7fc00000
     335055.000 ns	     33504	80006fa8	0d482993	slti	x19,x16,212	 x16:0x80040fe4 x19=0x00000001
     335065.000 ns	     33505	80006fac	017d04b3	add	x9,x26,x23	 x26:0xfffffbff x23:0xffffff01  x9=0xfffffb00
     335075.000 ns	     33506	80006fb0	84f3bab7	lui	x21,0x84f3b	 x21=0x84f3b000
     335085.000 ns	     33507	80006fb4	3de0a913	slti	x18,x1,990	  x1:0x00000001 x18=0x00000001
     335445.000 ns	     33543	80006fb8	03f0ed33	rem	x26,x1,x31	  x1:0x00000001 x31:0x80041024 x26=0x00000001
     335475.000 ns	     33546	80006fbc	21510253	fsgnj.s	f4,f2,f21	  f2:0x7f800000 f21:0xcdf35114  f4=0xff800000
     335495.000 ns	     33548	80006fc0	00411693	slli	x13,x2,0x4	  x2:0x7fffffff x13=0xfffffff0
     335505.000 ns	     33549	80006fc4	0008a2b3	slt	x5,x17,x0	 x17:0x00000000  x0:0x00000000  x5=0x00000000
     335515.000 ns	     33550	80006fc8	007fa033	slt	x0,x31,x7	 x31:0x80041024  x7:0x7efcf01c
     335535.000 ns	     33552	80006fcc	e00100d3	fmv.x.w	x1,f2	  f2:0x7f800000  x1=0x7f800000
     335555.000 ns	     33554	80006fd0	007e3533	sltu	x10,x28,x7	 x28:0x0000043e  x7:0x7efcf01c x10=0x00000001
     335565.000 ns	     33555	80006fd4	01bb33b3	sltu	x7,x22,x27	 x22:0x80040b26 x27:0x0000000e  x7=0x00000000
     335575.000 ns	     33556	80006fd8	2c737713	andi	x14,x6,711	  x6:0xab0de000 x14=0x00000000
     335595.000 ns	     33558	80006fdc	039114b3	mulh	x9,x2,x25	  x2:0x7fffffff x25:0xffffff01  x9=0xffffff80
     335625.000 ns	     33561	80006fe0	a1788353	fle.s	x6,f17,f23	 f17:0x00000000 f23:0xcdf35114  x6=0x00000000
     335655.000 ns	     33564	80006fe4	e00c93d3	fclass.s	x7,f25	 f25:0x7f800000  x7=0x00000080
     335685.000 ns	     33567	80006fe8	21eca753	fsgnjx.s	f14,f25,f30	 f25:0x7f800000 f30:0x7fc00000 f14=0x7f800000
     335705.000 ns	     33569	80006fec	00d05093	srli	x1,x0,0xd	  x0:0x00000000  x1=0x00000000
     335725.000 ns	     33571	80006ff0	c01a2053	fcvt.wu.s	x0,f20	 f20:0x00000001
     335755.000 ns	     33574	80006ff4	c01b7b53	fcvt.wu.s	x22,f22	 f22:0x4eff0000 x22=0x7f800000
     335775.000 ns	     33576	80006ff8	92eecc13	xori	x24,x29,-1746	 x29:0x0000049a x24=0xfffffdb4
     335795.000 ns	     33578	80006ffc	29c09dd3	fmax.s	f27,f1,f28	  f1:0x7fc00000 f28:0x80000000 f27=0x80000000
     335825.000 ns	     33581	80007000	c00dfc53	fcvt.w.s	x24,f27	 f27:0x7fc00000 x24=0x00000000
     335855.000 ns	     33584	80007004	a0b39ad3	flt.s	x21,f7,f11	  f7:0x319e6454 f11:0x7f800000 x21=0x00000001
     335875.000 ns	     33586	80007008	fe1aa993	slti	x19,x21,-31	 x21:0x84f3b000 x19=0x00000000
     335895.000 ns	     33588	8000700c	020bc7b3	div	x15,x23,x0	 x23:0xffffff01  x0:0x00000000 x15=0xffffffff
     335915.000 ns	     33590	80007010	016f2d33	slt	x26,x30,x22	 x30:0x00000001 x22:0x7f800000 x26=0x00000001
     335925.000 ns	     33591	80007014	e64ba713	slti	x14,x23,-412	 x23:0xffffff01 x14=0x00000000
     335935.000 ns	     33592	80007018	4078d6b3	sra	x13,x17,x7	 x17:0x00000000  x7:0x00000080 x13=0x00000000
     335945.000 ns	     33593	8000701c	0184c333	xor	x6,x9,x24	  x9:0xffffff80 x24:0x00000000  x6=0xffffff80
     336305.000 ns	     33629	80007020	027bc7b3	div	x15,x23,x7	 x23:0xffffff01  x7:0x00000080 x15=0xffffffff
     336325.000 ns	     33631	80007024	01cc5493	srli	x9,x24,0x1c	 x24:0x00000000  x9=0x00000000
     336345.000 ns	     33633	80007028	20748153	fsgnj.s	f2,f9,f7	  f9:0x4f7ff7fb  f7:0x319e6454  f2=0x4f7ff7fb
     336375.000 ns	     33636	8000702c	d00ef4d3	fcvt.s.w	f9,x29	 x29:0x0000049a  f9=0x44934000
     336425.000 ns	     33641	80007030	00c41a53	fadd.s	f20,f8,f12	  f8:0x00000001 f12:0x80000000 f20=0x00000001
     336455.000 ns	     33644	80007034	02a397b3	mulh	x15,x7,x10	  x7:0x00000080 x10:0x00000001 x15=0x00000000
     336475.000 ns	     33646	80007038	7b10cb13	xori	x22,x1,1969	  x1:0x00000000 x22=0x000007b1
     336485.000 ns	     33647	8000703c	01009113	slli	x2,x1,0x10	  x1:0x00000000  x2=0x00000000
     336495.000 ns	     33648	80007040	0fe78f13	addi	x30,x15,254	 x15:0x00000000 x30=0x000000fe
     336505.000 ns	     33649	80007044	0197c8b3	xor	x17,x15,x25	 x15:0x00000000 x25:0xffffff01 x17=0xffffff01
     336515.000 ns	     33650	80007048	00000013	addi	x0,x0,0	  x0:0x00000000
     336535.000 ns	     33652	8000704c	f0030753	fmv.w.x	f14,x6	  x6:0xffffff80 f14=0xffffff80
     336565.000 ns	     33655	80007050	283f11d3	fmax.s	f3,f30,f3	 f30:0x7fc00000  f3:0x7fc00000  f3=0x7fc00000
     336585.000 ns	     33657	80007054	00671133	sll	x2,x14,x6	 x14:0x00000000  x6:0xffffff80  x2=0x00000000
     336605.000 ns	     33659	80007058	f0020953	fmv.w.x	f18,x4	  x4:0x00000000 f18=0x00000000
     336625.000 ns	     33661	8000705c	012c9e13	slli	x28,x25,0x12	 x25:0xffffff01 x28=0xfc040000
     336635.000 ns	     33662	80007060	787f6413	ori	x8,x30,1927	 x30:0x000000fe  x8=0x000007ff
     336665.000 ns	     33665	80007064	10c278d3	fmul.s	f17,f4,f12	  f4:0xff800000 f12:0x80000000 f17=0x7fc00000
     336685.000 ns	     33667	80007068	a50fd1b7	lui	x3,0xa50fd	  x3=0xa50fd000
     336705.000 ns	     33669	8000706c	c01771d3	fcvt.wu.s	x3,f14	 f14:0xffffff80  x3=0xffffffff
     336725.000 ns	     33671	80007070	009c5213	srli	x4,x24,0x9	 x24:0x00000000  x4=0x00000000
     336745.000 ns	     33673	80007074	203eab53	fsgnjx.s	f22,f29,f3	 f29:0x401e6453  f3:0x7fc00000 f22=0x401e6453
     336775.000 ns	     33676	80007078	e00c0053	fmv.x.w	x0,f24	 f24:0x7fc00000
     336795.000 ns	     33678	8000707c	011c3b33	sltu	x22,x24,x17	 x24:0x00000000 x17:0xffffff01 x22=0x00000001
     336815.000 ns	     33680	80007080	210621d3	fsgnjx.s	f3,f12,f16	 f12:0x80000000 f16:0x7fc00000  f3=0x80000000
     336845.000 ns	     33683	80007084	295c94d3	fmax.s	f9,f25,f21	 f25:0x7f800000 f21:0xcdf35114  f9=0x7f800000
     336875.000 ns	     33686	80007088	c01af6d3	fcvt.wu.s	x13,f21	 f21:0xcdf35114 x13=0x1e6a2280
     337245.000 ns	     33723	8000708c	02afdab3	divu	x21,x31,x10	 x31:0x80041024 x10:0x00000001 x21=0x80041024
     337275.000 ns	     33726	80007090	e00b84d3	fmv.x.w	x9,f23	 f23:0xcdf35114  x9=0xcdf35114
     337305.000 ns	     33729	80007094	c0094753	fcvt.w.s	x14,f18	 f18:0x00000000 x14=0x00000000
     337345.000 ns	     33733	80007098	10defbd3	fmul.s	f23,f29,f13	 f29:0x401e6453 f13:0x00000000 f23=0x00000000
     337375.000 ns	     33736	8000709c	e0059153	fclass.s	x2,f11	 f11:0x7f800000  x2=0x00000080
     337405.000 ns	     33739	800070a0	20e994d3	fsgnjn.s	f9,f19,f14	 f19:0xc01e6453 f14:0xffffff80  f9=0x401e6453
     337435.000 ns	     33742	800070a4	0338a433	mulhsu	x8,x17,x19	 x17:0xffffff01 x19:0x00000000  x8=0x00000000
     337475.000 ns	     33746	800070a8	189bf4d3	fdiv.s	f9,f23,f9	 f23:0x00000000  f9:0x401e6453  f9=0x00000000
     337495.000 ns	     33748	800070ac	0165a8b3	slt	x17,x11,x22	 x11:0x00000000 x22:0x00000001 x17=0x00000001
     337515.000 ns	     33750	800070b0	d0111853	fcvt.s.wu	f16,x2	  x2:0x00000080 f16=0x43000000
     337885.000 ns	     33787	800070b4	02c165b3	rem	x11,x2,x12	  x2:0x00000080 x12:0xffffffff x11=0x00000000
     337915.000 ns	     33790	800070b8	e00084d3	fmv.x.w	x9,f1	  f1:0x7fc00000  x9=0x7fc00000
     337945.000 ns	     33793	800070bc	0262b4b3	mulhu	x9,x5,x6	  x5:0x00000000  x6:0xffffff80  x9=0x00000000
     337975.000 ns	     33796	800070c0	a19809d3	fle.s	x19,f16,f25	 f16:0x43000000 f25:0x7f800000 x19=0x00000001
     338345.000 ns	     33833	800070c4	036f57b3	divu	x15,x30,x22	 x30:0x000000fe x22:0x00000001 x15=0x000000fe
     338715.000 ns	     33870	800070c8	03b1e733	rem	x14,x3,x27	  x3:0xffffffff x27:0x0000000e x14=0xffffffff
     338735.000 ns	     33872	800070cc	011c1913	slli	x18,x24,0x11	 x24:0x00000000 x18=0x00000000
     338745.000 ns	     33873	800070d0	016e1a13	slli	x20,x28,0x16	 x28:0xfc040000 x20=0x00000000
     338755.000 ns	     33874	800070d4	0006a9b3	slt	x19,x13,x0	 x13:0x1e6a2280  x0:0x00000000 x19=0x00000000
     338785.000 ns	     33877	800070d8	10d03a53	fmul.s	f20,f0,f13	  f0:0x00000001 f13:0x00000000 f20=0x00000000
     338815.000 ns	     33880	800070dc	033f42b3	div	x5,x30,x19	 x30:0x000000fe x19:0x00000001  x5=0xffffffff
     338835.000 ns	     33882	800070e0	01a24e33	xor	x28,x4,x26	  x4:0x00000000 x26:0x00000001 x28=0x00000001
     338845.000 ns	     33883	800070e4	4611a893	slti	x17,x3,1121	  x3:0xffffffff x17=0x00000001
     338855.000 ns	     33884	800070e8	f5baf697	auipc	x13,0xf5baf	 x13=0x75bb60e8
     338865.000 ns	     33885	800070ec	d5117613	andi	x12,x2,-687	  x2:0x00000080 x12=0x00000000
     338905.000 ns	     33889	800070f0	09284b53	fsub.s	f22,f16,f18	 f16:0x43000000 f18:0x00000000 f22=0x43000000
     338935.000 ns	     33892	800070f4	f0048c53	fmv.w.x	f24,x9	  x9:0x00000000 f24=0x00000000
     338975.000 ns	     33896	800070f8	18acf4d3	fdiv.s	f9,f25,f10	 f25:0x7f800000 f10:0x7fc00000  f9=0x7fc00000
     338995.000 ns	     33898	800070fc	121e9b17	auipc	x22,0x121e9	 x22=0x921f00fc
     339015.000 ns	     33900	80007100	d00ff5d3	fcvt.s.w	f11,x31	 x31:0x80041024 f11=0xcefff7df
     339045.000 ns	     33903	80007104	029bdbb3	divu	x23,x23,x9	 x23:0xffffff01  x9:0x00000000 x23=0xffffffff
     339065.000 ns	     33905	80007108	7daa2b97	auipc	x23,0x7daa2	 x23=0xfdaa9108
     339105.000 ns	     33909	8000710c	00eb88d3	fadd.s	f17,f23,f14	 f23:0x00000000 f14:0xffffff80 f17=0x7fc00000
     339125.000 ns	     33911	80007110	016007b3	add	x15,x0,x22	  x0:0x00000000 x22:0x921f00fc x15=0x921f00fc
     339135.000 ns	     33912	80007114	36af7993	andi	x19,x30,874	 x30:0x000000fe x19=0x0000006a
     339145.000 ns	     33913	80007118	4b9514b7	lui	x9,0x4b951	  x9=0x4b951000
     339155.000 ns	     33914	8000711c	0011e633	or	x12,x3,x1	  x3:0xffffffff  x1:0x00000000 x12=0xffffffff
     339165.000 ns	     33915	80007120	c5f2fa93	andi	x21,x5,-929	  x5:0xffffffff x21=0xfffffc5f
     339175.000 ns	     33916	80007124	01699933	sll	x18,x19,x22	 x19:0x0000006a x22:0x921f00fc x18=0xa0000000
     339195.000 ns	     33918	80007128	a1372053	feq.s	x0,f14,f19	 f14:0xffffff80 f19:0xc01e6453
     339225.000 ns	     33921	8000712c	c00427d3	fcvt.w.s	x15,f8	  f8:0x00000001 x15=0x00000000
     339265.000 ns	     33925	80007130	5808f3d3	fsqrt.s	f7,f17	 f17:0x7fc00000  f7=0x7fc00000
     339285.000 ns	     33927	80007134	d0846f13	ori	x30,x8,-760	  x8:0x00000000 x30=0xfffffd08
     339295.000 ns	     33928	80007138	ed0c3d13	sltiu	x26,x24,-304	 x24:0x00000000 x26=0x00000001
     339315.000 ns	     33930	8000713c	d00b7cd3	fcvt.s.w	f25,x22	 x22:0x921f00fc f25=0xcedbc1fe
     339345.000 ns	     33933	80007140	02fe5933	divu	x18,x28,x15	 x28:0x00000001 x15:0x00000000 x18=0xffffffff
     339385.000 ns	     33937	80007144	19f571d3	fdiv.s	f3,f10,f31	 f10:0x7fc00000 f31:0x7fc00000  f3=0x7fc00000
     339405.000 ns	     33939	80007148	00d11693	slli	x13,x2,0xd	  x2:0x00000080 x13=0x00100000
     339425.000 ns	     33941	8000714c	c00a74d3	fcvt.w.s	x9,f20	 f20:0x00000000  x9=0x00000000
     339445.000 ns	     33943	80007150	0022e7b3	or	x15,x5,x2	  x5:0xffffffff  x2:0x00000080 x15=0xffffffff
     339465.000 ns	     33945	80007154	035e85b3	mul	x11,x29,x21	 x29:0x0000049a x21:0xfffffc5f x11=0xffef4d26
     339485.000 ns	     33947	80007158	b767a193	slti	x3,x15,-1162	 x15:0x00000000  x3=0x00000000
     339505.000 ns	     33949	8000715c	28b512d3	fmax.s	f5,f10,f11	 f10:0x7fc00000 f11:0xcefff7df  f5=0xcefff7df
     339525.000 ns	     33951	80007160	0186d6b3	srl	x13,x13,x24	 x13:0x00100000 x24:0x00000000 x13=0x00100000
     339535.000 ns	     33952	80007164	00194bb3	xor	x23,x18,x1	 x18:0xffffffff  x1:0x00000000 x23=0xffffffff
     339545.000 ns	     33953	80007168	414c5633	sra	x12,x24,x20	 x24:0x00000000 x20:0x00000000 x12=0x00000000
     339555.000 ns	     33954	8000716c	9ebbab93	slti	x23,x23,-1557	 x23:0xfdaa9108 x23=0x00000000
     339565.000 ns	     33955	80007170	00c86133	or	x2,x16,x12	 x16:0x80040fe4 x12:0xffffffff  x2=0x80040fe4
     339925.000 ns	     33991	80007174	02505e33	divu	x28,x0,x5	  x0:0x00000000  x5:0xffffffff x28=0x00000000
     339955.000 ns	     33994	80007178	02e73e33	mulhu	x28,x14,x14	 x14:0xffffffff x14:0xffffffff x28=0xfffffffe
     339975.000 ns	     33996	8000717c	01903c33	sltu	x24,x0,x25	  x0:0x00000000 x25:0xffffff01 x24=0x00000001
     339985.000 ns	     33997	80007180	00000013	addi	x0,x0,0	  x0:0x00000000
     339995.000 ns	     33998	80007184	8520b793	sltiu	x15,x1,-1966	  x1:0x00000000 x15=0x00000001
     340005.000 ns	     33999	80007188	40755b93	srai	x23,x10,0x7	 x10:0x00000001 x23=0x00000000
     340025.000 ns	     34001	8000718c	20dc8453	fsgnj.s	f8,f25,f13	 f25:0xcedbc1fe f13:0x00000000  f8=0x4edbc1fe
     340045.000 ns	     34003	80007190	5abf0e13	addi	x28,x30,1451	 x30:0xfffffd08 x28=0x000002b3
     340065.000 ns	     34005	80007194	d008a053	fcvt.s.w	f0,x17	 x17:0x00000001  f0=0x3f800000
     340095.000 ns	     34008	80007198	c0157bd3	fcvt.wu.s	x23,f10	 f10:0x7fc00000 x23=0xffffffff
     340115.000 ns	     34010	8000719c	4078d913	srai	x18,x17,0x7	 x17:0x00000001 x18=0x00000000
     340135.000 ns	     34012	800071a0	201406d3	fsgnj.s	f13,f8,f1	  f8:0x4edbc1fe  f1:0x7fc00000 f13=0x4edbc1fe
     340155.000 ns	     34014	800071a4	2078e897	auipc	x17,0x2078e	 x17=0xa07951a4
     340175.000 ns	     34016	800071a8	d01bacd3	fcvt.s.wu	f25,x23	 x23:0xffffffff f25=0x4f800000
     340195.000 ns	     34018	800071ac	ced42513	slti	x10,x8,-787	  x8:0x00000000 x10=0x00000000
     340205.000 ns	     34019	800071b0	403dd013	srai	x0,x27,0x3	 x27:0x0000000e
     340225.000 ns	     34021	800071b4	f00c0553	fmv.w.x	f10,x24	 x24:0x00000001 f10=0x00000001
     340255.000 ns	     34024	800071b8	d005ff53	fcvt.s.w	f30,x11	 x11:0xffef4d26 f30=0xc98596d0
     340285.000 ns	     34027	800071bc	a1d51053	flt.s	x0,f10,f29	 f10:0x00000001 f29:0x401e6453
     340315.000 ns	     34030	800071c0	02f3a1b3	mulhsu	x3,x7,x15	  x7:0x00000080 x15:0x00000001  x3=0x00000000
     340335.000 ns	     34032	800071c4	2c087b37	lui	x22,0x2c087	 x22=0x2c087000
     340365.000 ns	     34035	800071c8	187905d3	fdiv.s	f11,f18,f7	 f18:0x00000000  f7:0x7fc00000 f11=0x7fc00000
     340395.000 ns	     34038	800071cc	e00d11d3	fclass.s	x3,f26	 f26:0x7f800000  x3=0x00000080
     340765.000 ns	     34075	800071d0	036ce233	rem	x4,x25,x22	 x25:0xffffff01 x22:0x2c087000  x4=0xffffff01
     340795.000 ns	     34078	800071d4	a1b78153	fle.s	x2,f15,f27	 f15:0xcdf35114 f27:0x80000000  x2=0x00000001
     340825.000 ns	     34081	800071d8	202213d3	fsgnjn.s	f7,f4,f2	  f4:0xff800000  f2:0x4f7ff7fb  f7=0xff800000
     340875.000 ns	     34086	800071dc	094a34d3	fsub.s	f9,f20,f20	 f20:0x00000000 f20:0x00000000  f9=0x80000000
     340895.000 ns	     34088	800071e0	01bbc033	xor	x0,x23,x27	 x23:0xffffffff x27:0x0000000e
     340935.000 ns	     34092	800071e4	00178b53	fadd.s	f22,f15,f1	 f15:0xcdf35114  f1:0x7fc00000 f22=0x7fc00000
     340955.000 ns	     34094	800071e8	61ef0593	addi	x11,x30,1566	 x30:0xfffffd08 x11=0x00000326
     340965.000 ns	     34095	800071ec	2ca48113	addi	x2,x9,714	  x9:0x00000000  x2=0x000002ca
     340975.000 ns	     34096	800071f0	00f29c13	slli	x24,x5,0xf	  x5:0xffffffff x24=0xffff8000
     340995.000 ns	     34098	800071f4	d008f9d3	fcvt.s.w	f19,x17	 x17:0xa07951a4 f19=0xcebf0d5c
     341015.000 ns	     34100	800071f8	fc127893	andi	x17,x4,-63	  x4:0xffffff01 x17=0xffffff01
     341025.000 ns	     34101	800071fc	01fc1eb3	sll	x29,x24,x31	 x24:0xffff8000 x31:0x80041024 x29=0xfff80000
     341045.000 ns	     34103	80007200	a0f7a9d3	feq.s	x19,f15,f15	 f15:0xcdf35114 f15:0xcdf35114 x19=0x00000001
     341095.000 ns	     34108	80007204	08700953	fsub.s	f18,f0,f7	  f0:0x3f800000  f7:0xff800000 f18=0x7f800000
     341115.000 ns	     34110	80007208	01914b33	xor	x22,x2,x25	  x2:0x000002ca x25:0xffffff01 x22=0xfffffdcb
     341125.000 ns	     34111	8000720c	979aa793	slti	x15,x21,-1671	 x21:0xfffffc5f x15=0x00000000
     341155.000 ns	     34114	80007210	58034353	fsqrt.s	f6,f6	  f6:0x7fc00000  f6=0x7fc00000
     341205.000 ns	     34119	80007214	0842ab53	fsub.s	f22,f5,f4	  f5:0xcefff7df  f4:0xff800000 f22=0x7f800000
     341225.000 ns	     34121	80007218	0030c797	auipc	x15,0x30c	 x15=0x80313218
     341235.000 ns	     34122	8000721c	41680c33	sub	x24,x16,x22	 x16:0x80040fe4 x22:0xfffffdcb x24=0x80041219
     341255.000 ns	     34124	80007220	a1490cd3	fle.s	x25,f18,f20	 f18:0x7f800000 f20:0x00000000 x25=0x00000000
     341295.000 ns	     34128	80007224	11e8aed3	fmul.s	f29,f17,f30	 f17:0x7fc00000 f30:0xc98596d0 f29=0x7fc00000
     341325.000 ns	     34131	80007228	212ba1d3	fsgnjx.s	f3,f23,f18	 f23:0x00000000 f18:0x7f800000  f3=0x00000000
     341695.000 ns	     34168	8000722c	035b4eb3	div	x29,x22,x21	 x22:0xfffffdcb x21:0xfffffc5f x29=0x00000000
     341715.000 ns	     34170	80007230	0176c0b3	xor	x1,x13,x23	 x13:0x00100000 x23:0xffffffff  x1=0xffefffff
     341735.000 ns	     34172	80007234	c0087553	fcvt.w.s	x10,f16	 f16:0x43000000 x10=0x00000080
     341755.000 ns	     34174	80007238	011466b3	or	x13,x8,x17	  x8:0x00000000 x17:0xffffff01 x13=0xffffff01
     341765.000 ns	     34175	8000723c	412c8933	sub	x18,x25,x18	 x25:0x00000000 x18:0x00000000 x18=0x00000000
     342125.000 ns	     34211	80007240	023a5133	divu	x2,x20,x3	 x20:0x00000000  x3:0x00000080  x2=0x00000000
     342495.000 ns	     34248	80007244	038dc633	div	x12,x27,x24	 x27:0x0000000e x24:0x80041219 x12=0x00000000
     342525.000 ns	     34251	80007248	c01df2d3	fcvt.wu.s	x5,f27	 f27:0x80000000  x5=0x00000000
     342555.000 ns	     34254	8000724c	f00584d3	fmv.w.x	f9,x11	 x11:0x00000326  f9=0x00000326
     342585.000 ns	     34257	80007250	29d98953	fmin.s	f18,f19,f29	 f19:0xcebf0d5c f29:0x7fc00000 f18=0xcebf0d5c
     342615.000 ns	     34260	80007254	e00f80d3	fmv.x.w	x1,f31	 f31:0x7fc00000  x1=0x7fc00000
     342645.000 ns	     34263	80007258	293a9cd3	fmax.s	f25,f21,f19	 f21:0xcdf35114 f19:0xcebf0d5c f25=0xcdf35114
     342685.000 ns	     34267	8000725c	11917953	fmul.s	f18,f2,f25	  f2:0x4f7ff7fb f25:0x4f800000 f18=0xddf34975
     342735.000 ns	     34272	80007260	09d7ced3	fsub.s	f29,f15,f29	 f15:0xcdf35114 f29:0x7fc00000 f29=0x7fc00000
     343105.000 ns	     34309	80007264	02754033	div	x0,x10,x7	 x10:0x00000080  x7:0x00000080
     343135.000 ns	     34312	80007268	207306d3	fsgnj.s	f13,f6,f7	  f6:0x7fc00000  f7:0xff800000 f13=0xffc00000
     343155.000 ns	     34314	8000726c	dfe12113	slti	x2,x2,-514	  x2:0x00000000  x2=0x00000000
     343175.000 ns	     34316	80007270	03c780b3	mul	x1,x15,x28	 x15:0x80313218 x28:0x000002b3  x1=0x04ca36c8
     343195.000 ns	     34318	80007274	c369a893	slti	x17,x19,-970	 x19:0x00000001 x17=0x00000000
     343205.000 ns	     34319	80007278	18e60393	addi	x7,x12,398	 x12:0x00000000  x7=0x0000018e
     343215.000 ns	     34320	8000727c	4140d893	srai	x17,x1,0x14	  x1:0x04ca36c8 x17=0x0000004c
     343235.000 ns	     34322	80007280	a0b49f53	flt.s	x30,f9,f11	  f9:0x00000326 f11:0x7fc00000 x30=0x00000000
     343605.000 ns	     34359	80007284	03fb65b3	rem	x11,x22,x31	 x22:0xfffffdcb x31:0x80041024 x11=0xfffffdcb
     343635.000 ns	     34362	80007288	e0088753	fmv.x.w	x14,f17	 f17:0x7fc00000 x14=0x7fc00000
     343655.000 ns	     34364	8000728c	011c2633	slt	x12,x24,x17	 x24:0x80041219 x17:0x0000004c x12=0x00000001
     343665.000 ns	     34365	80007290	40f582b3	sub	x5,x11,x15	 x11:0xfffffdcb x15:0x80313218  x5=0x7fcecbb3
     343685.000 ns	     34367	80007294	e00a88d3	fmv.x.w	x17,f21	 f21:0xcdf35114 x17=0xcdf35114
     343705.000 ns	     34369	80007298	41f9d913	srai	x18,x19,0x1f	 x19:0x00000001 x18=0x00000000
     343725.000 ns	     34371	8000729c	28d69fd3	fmax.s	f31,f13,f13	 f13:0xffc00000 f13:0xffc00000 f31=0x7fc00000
     343755.000 ns	     34374	800072a0	0343a8b3	mulhsu	x17,x7,x20	  x7:0x0000018e x20:0x00000000 x17=0x00000000
     343775.000 ns	     34376	800072a4	006ac533	xor	x10,x21,x6	 x21:0xfffffc5f  x6:0xffffff80 x10=0x000003df
     343795.000 ns	     34378	800072a8	20929753	fsgnjn.s	f14,f5,f9	  f5:0xcefff7df  f9:0x00000326 f14=0xcefff7df
     343835.000 ns	     34382	800072ac	1844fc53	fdiv.s	f24,f9,f4	  f9:0x00000326  f4:0xff800000 f24=0x80000000
     343865.000 ns	     34385	800072b0	02a182b3	mul	x5,x3,x10	  x3:0x00000080 x10:0x000003df  x5=0x0001ef80
     344205.000 ns	     34419	800072b4	19084cd3	fdiv.s	f25,f16,f16	 f16:0x43000000 f16:0x43000000 f25=0x3f3fa5d0
     344225.000 ns	     34421	800072b8	01af9b13	slli	x22,x31,0x1a	 x31:0x80041024 x22=0x90000000
     344235.000 ns	     34422	800072bc	01ac3233	sltu	x4,x24,x26	 x24:0x80041219 x26:0x00000001  x4=0x00000000
     344245.000 ns	     34423	800072c0	2b082713	slti	x14,x16,688	 x16:0x80040fe4 x14=0x00000001
     344255.000 ns	     34424	800072c4	e8072a93	slti	x21,x14,-384	 x14:0x7fc00000 x21=0x00000000
     344275.000 ns	     34426	800072c8	282006d3	fmin.s	f13,f0,f2	  f0:0x3f800000  f2:0x4f7ff7fb f13=0x3f800000
     344295.000 ns	     34428	800072cc	01ef0c33	add	x24,x30,x30	 x30:0x00000000 x30:0x00000000 x24=0x00000000
     344335.000 ns	     34432	800072d0	09bef753	fsub.s	f14,f29,f27	 f29:0x7fc00000 f27:0x80000000 f14=0x7fc00000
     344355.000 ns	     34434	800072d4	00cb4d33	xor	x26,x22,x12	 x22:0x90000000 x12:0x00000001 x26=0x90000001
     344375.000 ns	     34436	800072d8	038a3eb3	mulhu	x29,x20,x24	 x20:0x00000000 x24:0x00000000 x29=0x00000000
     344405.000 ns	     34439	800072dc	a1aa8653	fle.s	x12,f21,f26	 f21:0xcdf35114 f26:0x7f800000 x12=0x00000001
     344425.000 ns	     34441	800072e0	5260f313	andi	x6,x1,1318	  x1:0x04ca36c8  x6=0x00000400
     344445.000 ns	     34443	800072e4	e0079a53	fclass.s	x20,f15	 f15:0xcdf35114 x20=0x00000002
     344465.000 ns	     34445	800072e8	1ae43a93	sltiu	x21,x8,430	  x8:0x00000000 x21=0x00000001
     344495.000 ns	     34448	800072ec	18cdf053	fdiv.s	f0,f27,f12	 f27:0x80000000 f12:0x80000000  f0=0x7fc00000
     344515.000 ns	     34450	800072f0	003b2c33	slt	x24,x22,x3	 x22:0x90000000  x3:0x00000080 x24=0x00000001
     344525.000 ns	     34451	800072f4	01755cb3	srl	x25,x10,x23	 x10:0x000003df x23:0xffffffff x25=0x00000000
     344535.000 ns	     34452	800072f8	ba8f0213	addi	x4,x30,-1112	 x30:0x00000000  x4=0xfffffba8
     344555.000 ns	     34454	800072fc	219d1453	fsgnjn.s	f8,f26,f25	 f26:0x7f800000 f25:0x3f3fa5d0  f8=0xff800000
     344585.000 ns	     34457	80007300	e00a8bd3	fmv.x.w	x23,f21	 f21:0xcdf35114 x23=0xcdf35114
     344625.000 ns	     34461	80007304	117697d3	fmul.s	f15,f13,f23	 f13:0x3f800000 f23:0x00000000 f15=0x00000000
     344665.000 ns	     34465	80007308	580b23d3	fsqrt.s	f7,f22	 f22:0x7f800000  f7=0x7f800000
     344695.000 ns	     34468	8000730c	215c2a53	fsgnjx.s	f20,f24,f21	 f24:0x80000000 f21:0xcdf35114 f20=0x00000000
     344735.000 ns	     34472	80007310	580a3753	fsqrt.s	f14,f20	 f20:0x00000000 f14=0x00000000
     344755.000 ns	     34474	80007314	7d684d13	xori	x26,x16,2006	 x16:0x80040fe4 x26=0x80040832
     344765.000 ns	     34475	80007318	41895933	sra	x18,x18,x24	 x18:0x00000000 x24:0x00000001 x18=0x00000000
     344775.000 ns	     34476	8000731c	4042d133	sra	x2,x5,x4	  x5:0x0001ef80  x4:0xfffffba8  x2=0x000001ef
     345135.000 ns	     34512	80007320	03346033	rem	x0,x8,x19	  x8:0x00000000 x19:0x00000001
     345165.000 ns	     34515	80007324	02b712b3	mulh	x5,x14,x11	 x14:0x00000001 x11:0xfffffdcb  x5=0xffffffff
     345195.000 ns	     34518	80007328	d01c7e53	fcvt.s.wu	f28,x24	 x24:0x00000001 f28=0x3f800000
     345215.000 ns	     34520	8000732c	410f5793	srai	x15,x30,0x10	 x30:0x00000000 x15=0x00000000
     345235.000 ns	     34522	80007330	d00b38d3	fcvt.s.w	f17,x22	 x22:0x90000000 f17=0xcee00000
     345285.000 ns	     34527	80007334	0892f8d3	fsub.s	f17,f5,f9	  f5:0xcefff7df  f9:0x00000326 f17=0xcefff7df
     345305.000 ns	     34529	80007338	01679713	slli	x14,x15,0x16	 x15:0x00000000 x14=0x00000000
     345315.000 ns	     34530	8000733c	78bccd13	xori	x26,x25,1931	 x25:0x00000000 x26=0x0000078b
     345325.000 ns	     34531	80007340	6c8c8717	auipc	x14,0x6c8c8	 x14=0xec8cf340
     345345.000 ns	     34533	80007344	023698b3	mulh	x17,x13,x3	 x13:0xffffff01  x3:0x00000080 x17=0xffffffff
     345375.000 ns	     34536	80007348	202b2f53	fsgnjx.s	f30,f22,f2	 f22:0x7f800000  f2:0x4f7ff7fb f30=0x7f800000
     345395.000 ns	     34538	8000734c	00bf1d13	slli	x26,x30,0xb	 x30:0x00000000 x26=0x00000000
     345405.000 ns	     34539	80007350	c6153393	sltiu	x7,x10,-927	 x10:0x000003df  x7=0x00000001
     345425.000 ns	     34541	80007354	e00787d3	fmv.x.w	x15,f15	 f15:0x00000000 x15=0x00000000
     345455.000 ns	     34544	80007358	034fbe33	mulhu	x28,x31,x20	 x31:0x80041024 x20:0x00000002 x28=0x00000001
     345485.000 ns	     34547	8000735c	c00499d3	fcvt.w.s	x19,f9	  f9:0x00000326 x19=0x00000000
     345855.000 ns	     34584	80007360	0219fe33	remu	x28,x19,x1	 x19:0x00000001  x1:0x04ca36c8 x28=0x00000000
     345875.000 ns	     34586	80007364	010d6733	or	x14,x26,x16	 x26:0x00000000 x16:0x80040fe4 x14=0x80040fe4
     345915.000 ns	     34590	80007368	010020d3	fadd.s	f1,f0,f16	  f0:0x7fc00000 f16:0x43000000  f1=0x7fc00000
     345945.000 ns	     34593	8000736c	a0961253	flt.s	x4,f12,f9	 f12:0x80000000  f9:0x00000326  x4=0x00000001
     345975.000 ns	     34596	80007370	288a13d3	fmax.s	f7,f20,f8	 f20:0x00000000  f8:0xff800000  f7=0x00000000
     345995.000 ns	     34598	80007374	605c8513	addi	x10,x25,1541	 x25:0x00000000 x10=0x00000605
     346005.000 ns	     34599	80007378	3e734293	xori	x5,x6,999	  x6:0x00000400  x5=0x000007e7
     346035.000 ns	     34602	8000737c	11fe7753	fmul.s	f14,f28,f31	 f28:0x3f800000 f31:0x7fc00000 f14=0x7fc00000
     346055.000 ns	     34604	80007380	c4e9fe13	andi	x28,x19,-946	 x19:0x00000000 x28=0x00000000
     346075.000 ns	     34606	80007384	f00383d3	fmv.w.x	f7,x7	  x7:0x00000001  f7=0x00000001
     346095.000 ns	     34608	80007388	4ef3aa17	auipc	x20,0x4ef3a	 x20=0xcef41388
     346115.000 ns	     34610	8000738c	f00487d3	fmv.w.x	f15,x9	  x9:0x00000000 f15=0x00000000
     346145.000 ns	     34613	80007390	a061abd3	feq.s	x23,f3,f6	  f3:0x00000000  f6:0x7fc00000 x23=0x00000000
     346165.000 ns	     34615	80007394	01fe5bb3	srl	x23,x28,x31	 x28:0x00000000 x31:0x80041024 x23=0x00000000
     346175.000 ns	     34616	80007398	01b66cb3	or	x25,x12,x27	 x12:0x00000001 x27:0x0000000e x25=0x0000000f
     346185.000 ns	     34617	8000739c	01bc82b3	add	x5,x25,x27	 x25:0x00000000 x27:0x0000000e  x5=0x0000001d
     346205.000 ns	     34619	800073a0	f00980d3	fmv.w.x	f1,x19	 x19:0x00000000  f1=0x00000000
     346225.000 ns	     34621	800073a4	014fc533	xor	x10,x31,x20	 x31:0x80041024 x20:0xcef41388 x10=0x4ef003ac
     346245.000 ns	     34623	800073a8	280797d3	fmax.s	f15,f15,f0	 f15:0x00000000  f0:0x7fc00000 f15=0x00000000
     346265.000 ns	     34625	800073ac	01ef2133	slt	x2,x30,x30	 x30:0x00000000 x30:0x00000000  x2=0x00000000
     346285.000 ns	     34627	800073b0	296c1653	fmax.s	f12,f24,f22	 f24:0x80000000 f22:0x7f800000 f12=0x7f800000
     346305.000 ns	     34629	800073b4	fa060093	addi	x1,x12,-96	 x12:0x00000001  x1=0xffffffa1
     346315.000 ns	     34630	800073b8	8186f193	andi	x3,x13,-2024	 x13:0xffffff01  x3=0xfffff800
     346325.000 ns	     34631	800073bc	01d0e9b3	or	x19,x1,x29	  x1:0x04ca36c8 x29:0x00000000 x19=0xffffffa1
     346335.000 ns	     34632	800073c0	0127fab3	and	x21,x15,x18	 x15:0x00000000 x18:0x00000000 x21=0x00000000
     346345.000 ns	     34633	800073c4	25d87c13	andi	x24,x16,605	 x16:0x80040fe4 x24=0x00000244
     346375.000 ns	     34636	800073c8	1049f7d3	fmul.s	f15,f19,f4	 f19:0xcebf0d5c  f4:0xff800000 f15=0x7f800000
     346405.000 ns	     34639	800073cc	02428533	mul	x10,x5,x4	  x5:0x0000001d  x4:0x00000001 x10=0x0000001d
     346425.000 ns	     34641	800073d0	01de2cb3	slt	x25,x28,x29	 x28:0x00000000 x29:0x00000000 x25=0x00000000
     346435.000 ns	     34642	800073d4	a89a9f17	auipc	x30,0xa89a9	 x30=0x289b03d4
     346445.000 ns	     34643	800073d8	01fd5e93	srli	x29,x26,0x1f	 x26:0x00000000 x29=0x00000000
     346455.000 ns	     34644	800073dc	00ec5f33	srl	x30,x24,x14	 x24:0x00000244 x14:0x80040fe4 x30=0x00000024
     346465.000 ns	     34645	800073e0	00d2a333	slt	x6,x5,x13	  x5:0x0000001d x13:0xffffff01  x6=0x00000000
     346505.000 ns	     34649	800073e4	01982fd3	fadd.s	f31,f16,f25	 f16:0x43000000 f25:0x3f3fa5d0 f31=0x4300bfa5
     346535.000 ns	     34652	800073e8	d00ef953	fcvt.s.w	f18,x29	 x29:0x00000000 f18=0x00000000
     346555.000 ns	     34654	800073ec	00b1b9b3	sltu	x19,x3,x11	  x3:0xfffff800 x11:0xfffffdcb x19=0x00000001
     346575.000 ns	     34656	800073f0	d0057853	fcvt.s.w	f16,x10	 x10:0x0000001d f16=0x41e80000
     346595.000 ns	     34658	800073f4	0042f2b3	and	x5,x5,x4	  x5:0x0000001d  x4:0x00000001  x5=0x00000001
     346605.000 ns	     34659	800073f8	006c1313	slli	x6,x24,0x6	 x24:0x00000244  x6=0x00009100
     346625.000 ns	     34661	800073fc	d01af453	fcvt.s.wu	f8,x21	 x21:0x00000000  f8=0x00000000
     346655.000 ns	     34664	80007400	f0040f53	fmv.w.x	f30,x8	  x8:0x00000000 f30=0x00000000
     346685.000 ns	     34667	80007404	206911d3	fsgnjn.s	f3,f18,f6	 f18:0x00000000  f6:0x7fc00000  f3=0x80000000
     346735.000 ns	     34672	80007408	01b67553	fadd.s	f10,f12,f27	 f12:0x7f800000 f27:0x80000000 f10=0x7f800000
     346755.000 ns	     34674	8000740c	0000ca33	xor	x20,x1,x0	  x1:0xffffffa1  x0:0x00000000 x20=0xffffffa1
     346765.000 ns	     34675	80007410	735bf713	andi	x14,x23,1845	 x23:0x00000000 x14=0x00000000
     346795.000 ns	     34678	80007414	111840d3	fmul.s	f1,f16,f17	 f16:0x41e80000 f17:0xcefff7df  f1=0xd167f8a2
     346835.000 ns	     34682	80007418	18d075d3	fdiv.s	f11,f0,f13	  f0:0x7fc00000 f13:0x3f800000 f11=0x7fc00000
     346855.000 ns	     34684	8000741c	48ddbe93	sltiu	x29,x27,1165	 x27:0x0000000e x29=0x00000001
     346865.000 ns	     34685	80007420	01fc29b3	slt	x19,x24,x31	 x24:0x00000244 x31:0x80041024 x19=0x00000000
     347225.000 ns	     34721	80007424	03e5f533	remu	x10,x11,x30	 x11:0xfffffdcb x30:0x00000024 x10=0x0000000f
     347275.000 ns	     34726	80007428	0154b3d3	fadd.s	f7,f9,f21	  f9:0x00000326 f21:0xcdf35114  f7=0xcdf35114
     347315.000 ns	     34730	8000742c	19def053	fdiv.s	f0,f29,f29	 f29:0x7fc00000 f29:0x7fc00000  f0=0x7fc00000
     347345.000 ns	     34733	80007430	d009f9d3	fcvt.s.w	f19,x19	 x19:0x00000000 f19=0x00000000
     347365.000 ns	     34735	80007434	01d06333	or	x6,x0,x29	  x0:0x00000000 x29:0x00000001  x6=0x00000001
     347385.000 ns	     34737	80007438	21749d53	fsgnjn.s	f26,f9,f23	  f9:0x00000326 f23:0x00000000 f26=0x80000326
     347415.000 ns	     34740	8000743c	02f4e2b3	rem	x5,x9,x15	  x9:0x00000000 x15:0x00000000  x5=0x00000000
     347435.000 ns	     34742	80007440	0058d993	srli	x19,x17,0x5	 x17:0xffffffff x19=0x07ffffff
     347445.000 ns	     34743	80007444	416705b3	sub	x11,x14,x22	 x14:0x00000000 x22:0x90000000 x11=0x70000000
     347465.000 ns	     34745	80007448	02521c33	mulh	x24,x4,x5	  x4:0x00000001  x5:0x00000000 x24=0x00000000
     347515.000 ns	     34750	8000744c	096ab4d3	fsub.s	f9,f21,f22	 f21:0xcdf35114 f22:0x7f800000  f9=0xff800000
     347535.000 ns	     34752	80007450	ce958013	addi	x0,x11,-791	 x11:0x70000000
     347545.000 ns	     34753	80007454	01c53eb3	sltu	x29,x10,x28	 x10:0x0000000f x28:0x00000000 x29=0x00000000
     347555.000 ns	     34754	80007458	405dde93	srai	x29,x27,0x5	 x27:0x0000000e x29=0x00000000
     347565.000 ns	     34755	8000745c	8102a997	auipc	x19,0x8102a	 x19=0x0103145c
     347575.000 ns	     34756	80007460	001579b3	and	x19,x10,x1	 x10:0x0000000f  x1:0xffffffa1 x19=0x00000001
     347595.000 ns	     34758	80007464	a0778153	fle.s	x2,f15,f7	 f15:0x7f800000  f7:0xcdf35114  x2=0x00000000
     347625.000 ns	     34761	80007468	03db96b3	mulh	x13,x23,x29	 x23:0x00000000 x29:0x00000000 x13=0x00000000
     347655.000 ns	     34764	8000746c	c016ab53	fcvt.wu.s	x22,f13	 f13:0x3f800000 x22=0x00000001
     347685.000 ns	     34767	80007470	a1cf2753	feq.s	x14,f30,f28	 f30:0x00000000 f28:0x3f800000 x14=0x00000000
     347705.000 ns	     34769	80007474	42fd0293	addi	x5,x26,1071	 x26:0x00000000  x5=0x0000042f
     347715.000 ns	     34770	80007478	404f00b3	sub	x1,x30,x4	 x30:0x00000024  x4:0x00000001  x1=0x00000023
     347735.000 ns	     34772	8000747c	e0030a53	fmv.x.w	x20,f6	  f6:0x7fc00000 x20=0x7fc00000
     347755.000 ns	     34774	80007480	3940ce13	xori	x28,x1,916	  x1:0xffffffa1 x28=0x000003b7
     347765.000 ns	     34775	80007484	010d3333	sltu	x6,x26,x16	 x26:0x00000000 x16:0x80040fe4  x6=0x00000001
     347775.000 ns	     34776	80007488	44c9fc93	andi	x25,x19,1100	 x19:0x00000001 x25=0x00000000
     347785.000 ns	     34777	8000748c	c8be6893	ori	x17,x28,-885	 x28:0x000003b7 x17=0xffffffbf
     347805.000 ns	     34779	80007490	033c01b3	mul	x3,x24,x19	 x24:0x00000000 x19:0x00000001  x3=0x00000000
     347825.000 ns	     34781	80007494	282f3893	sltiu	x17,x30,642	 x30:0x00000024 x17=0x00000001
     347835.000 ns	     34782	80007498	8f9d7793	andi	x15,x26,-1799	 x26:0x00000000 x15=0x00000000
     347855.000 ns	     34784	8000749c	e0011253	fclass.s	x4,f2	  f2:0x4f7ff7fb  x4=0x00000040
     347885.000 ns	     34787	800074a0	e00d84d3	fmv.x.w	x9,f27	 f27:0x80000000  x9=0x80000000
     347915.000 ns	     34790	800074a4	a02c9a53	flt.s	x20,f25,f2	 f25:0x3f3fa5d0  f2:0x4f7ff7fb x20=0x00000001
     347955.000 ns	     34794	800074a8	1160ff53	fmul.s	f30,f1,f22	  f1:0xd167f8a2 f22:0x7f800000 f30=0xff800000
     347985.000 ns	     34797	800074ac	e00818d3	fclass.s	x17,f16	 f16:0x41e80000 x17=0x00000040
     348015.000 ns	     34800	800074b0	e0050253	fmv.x.w	x4,f10	 f10:0x7f800000  x4=0x7f800000
     348055.000 ns	     34804	800074b4	11607853	fmul.s	f16,f0,f22	  f0:0x7fc00000 f22:0x7f800000 f16=0x7fc00000
     348085.000 ns	     34807	800074b8	c01327d3	fcvt.wu.s	x15,f6	  f6:0x7fc00000 x15=0xffffffff
     348115.000 ns	     34810	800074bc	29e71a53	fmax.s	f20,f14,f30	 f14:0x7fc00000 f30:0xff800000 f20=0xff800000
     348135.000 ns	     34812	800074c0	52d862b7	lui	x5,0x52d86	  x5=0x52d86000
     348155.000 ns	     34814	800074c4	d0197bd3	fcvt.s.wu	f23,x18	 x18:0x00000000 f23=0x00000000
     348175.000 ns	     34816	800074c8	015227b3	slt	x15,x4,x21	  x4:0x7f800000 x21:0x00000000 x15=0x00000000
     348195.000 ns	     34818	800074cc	02e370b3	remu	x1,x6,x14	  x6:0x00000001 x14:0x00000000  x1=0x00000001
     348215.000 ns	     34820	800074d0	01447933	and	x18,x8,x20	  x8:0x00000000 x20:0x00000001 x18=0x00000000
     348225.000 ns	     34821	800074d4	4165d9b3	sra	x19,x11,x22	 x11:0x70000000 x22:0x00000001 x19=0x38000000
     348235.000 ns	     34822	800074d8	d8297693	andi	x13,x18,-638	 x18:0x00000000 x13=0x00000000
     348595.000 ns	     34858	800074dc	03355933	divu	x18,x10,x19	 x10:0x0000000f x19:0x00000001 x18=0x00000000
     348625.000 ns	     34861	800074e0	a05da7d3	feq.s	x15,f27,f5	 f27:0x80000000  f5:0xcefff7df x15=0x00000000
     348665.000 ns	     34865	800074e4	10db70d3	fmul.s	f1,f22,f13	 f22:0x7f800000 f13:0x3f800000  f1=0x7f800000
     348695.000 ns	     34868	800074e8	e00d86d3	fmv.x.w	x13,f27	 f27:0x80000000 x13=0x80000000
     348715.000 ns	     34870	800074ec	01082f33	slt	x30,x16,x16	 x16:0x80040fe4 x16:0x80040fe4 x30=0x00000000
     348725.000 ns	     34871	800074f0	00d98bb3	add	x23,x19,x13	 x19:0x38000000 x13:0x80000000 x23=0xb8000000
     348735.000 ns	     34872	800074f4	01cf8cb3	add	x25,x31,x28	 x31:0x80041024 x28:0x000003b7 x25=0x800413db
     348745.000 ns	     34873	800074f8	01316533	or	x10,x2,x19	  x2:0x00000000 x19:0x38000000 x10=0x38000000
     348755.000 ns	     34874	800074fc	0131bf33	sltu	x30,x3,x19	  x3:0x00000000 x19:0x38000000 x30=0x00000001
     349115.000 ns	     34910	80007500	03b44933	div	x18,x8,x27	  x8:0x00000000 x27:0x0000000e x18=0x00000000
     349145.000 ns	     34913	80007504	a143a453	feq.s	x8,f7,f20	  f7:0xcdf35114 f20:0xff800000  x8=0x00000000
     349195.000 ns	     34918	80007508	00f6f7d3	fadd.s	f15,f13,f15	 f13:0x3f800000 f15:0x7f800000 f15=0x7f800000
     349215.000 ns	     34920	8000750c	736268b7	lui	x17,0x73626	 x17=0x73626000
     349235.000 ns	     34922	80007510	20b407d3	fsgnj.s	f15,f8,f11	  f8:0x00000000 f11:0x7fc00000 f15=0x00000000
     349265.000 ns	     34925	80007514	e00b1f53	fclass.s	x30,f22	 f22:0x7f800000 x30=0x00000080
     349305.000 ns	     34929	80007518	19a7f353	fdiv.s	f6,f15,f26	 f15:0x00000000 f26:0x80000326  f6=0x80000000
     349355.000 ns	     34934	8000751c	00ad27d3	fadd.s	f15,f26,f10	 f26:0x80000326 f10:0x7f800000 f15=0x7f800000
     349375.000 ns	     34936	80007520	0089bd33	sltu	x26,x19,x8	 x19:0x38000000  x8:0x00000000 x26=0x00000000
     350545.000 ns	     35053	80007524	5806fad3	fsqrt.s	f21,f13	 f13:0x3f800000 f21=0x3f7fffae
     350565.000 ns	     35055	80007528	435f3c13	sltiu	x24,x30,1077	 x30:0x00000080 x24=0x00000001
     350575.000 ns	     35056	8000752c	ff74f913	andi	x18,x9,-9	  x9:0x80000000 x18=0x80000000
     350585.000 ns	     35057	80007530	4106de93	srai	x29,x13,0x10	 x13:0x80000000 x29=0xffff8000
     350595.000 ns	     35058	80007534	00f68133	add	x2,x13,x15	 x13:0x80000000 x15:0x00000000  x2=0x80000000
     350605.000 ns	     35059	80007538	d11e4013	xori	x0,x28,-751	 x28:0x000003b7
     350625.000 ns	     35061	8000753c	28529c53	fmax.s	f24,f5,f5	  f5:0xcefff7df  f5:0xcefff7df f24=0xcefff7df
     350655.000 ns	     35064	80007540	20d61953	fsgnjn.s	f18,f12,f13	 f12:0x7f800000 f13:0x3f800000 f18=0xff800000
     350675.000 ns	     35066	80007544	6dfeaa93	slti	x21,x29,1759	 x29:0xffff8000 x21=0x00000001
     350695.000 ns	     35068	80007548	a1280653	fle.s	x12,f16,f18	 f16:0x7fc00000 f18:0xff800000 x12=0x00000000
     350725.000 ns	     35071	8000754c	a04191d3	flt.s	x3,f3,f4	  f3:0x80000000  f4:0xff800000  x3=0x00000000
     351095.000 ns	     35108	80007550	022656b3	divu	x13,x12,x2	 x12:0x00000000  x2:0x80000000 x13=0x00000000
     351115.000 ns	     35110	80007554	4011db13	srai	x22,x3,0x1	  x3:0x00000000 x22=0x00000000
     351135.000 ns	     35112	80007558	21af0ad3	fsgnj.s	f21,f30,f26	 f30:0xff800000 f26:0x80000326 f21=0xff800000
     351165.000 ns	     35115	8000755c	d017ff53	fcvt.s.wu	f30,x15	 x15:0x00000000 f30=0x00000000
     351535.000 ns	     35152	80007560	033e6033	rem	x0,x28,x19	 x28:0x000003b7 x19:0x38000000
     351565.000 ns	     35155	80007564	a13920d3	feq.s	x1,f18,f19	 f18:0xff800000 f19:0x00000000  x1=0x00000000
     351585.000 ns	     35157	80007568	00539913	slli	x18,x7,0x5	  x7:0x00000001 x18=0x00000020
     351615.000 ns	     35160	8000756c	580d0753	fsqrt.s	f14,f26	 f26:0x80000326 f14=0x7fc00000
     351635.000 ns	     35162	80007570	00e21bb3	sll	x23,x4,x14	  x4:0x7f800000 x14:0x00000000 x23=0x7f800000
     351655.000 ns	     35164	80007574	28fb8953	fmin.s	f18,f23,f15	 f23:0x00000000 f15:0x7f800000 f18=0x00000000
     351685.000 ns	     35167	80007578	02b301b3	mul	x3,x6,x11	  x6:0x00000001 x11:0x70000000  x3=0x70000000
     351715.000 ns	     35170	8000757c	21be8753	fsgnj.s	f14,f29,f27	 f29:0x7fc00000 f27:0x80000000 f14=0xffc00000
     351745.000 ns	     35173	80007580	a0a108d3	fle.s	x17,f2,f10	  f2:0x4f7ff7fb f10:0x7f800000 x17=0x00000001
     351775.000 ns	     35176	80007584	02dce8b3	rem	x17,x25,x13	 x25:0x800413db x13:0x00000000 x17=0x800413db
     351825.000 ns	     35181	80007588	086f72d3	fsub.s	f5,f30,f6	 f30:0x00000000  f6:0x80000000  f5=0x00000000
     351855.000 ns	     35184	8000758c	20960753	fsgnj.s	f14,f12,f9	 f12:0x7f800000  f9:0xff800000 f14=0xff800000
     351875.000 ns	     35186	80007590	c35a6113	ori	x2,x20,-971	 x20:0x00000001  x2=0xfffffc35
     351915.000 ns	     35190	80007594	00f39fd3	fadd.s	f31,f7,f15	  f7:0xcdf35114 f15:0x7f800000 f31=0x7f800000
     351965.000 ns	     35195	80007598	01467253	fadd.s	f4,f12,f20	 f12:0x7f800000 f20:0xff800000  f4=0x80000000
     351985.000 ns	     35197	8000759c	58650513	addi	x10,x10,1414	 x10:0x38000000 x10=0x38000586
     352005.000 ns	     35199	800075a0	a1a78353	fle.s	x6,f15,f26	 f15:0x7f800000 f26:0x80000326  x6=0x00000000
     352035.000 ns	     35202	800075a4	d01fb953	fcvt.s.wu	f18,x31	 x31:0x80041024 f18=0x4f000411
     352065.000 ns	     35205	800075a8	20309553	fsgnjn.s	f10,f1,f3	  f1:0x7f800000  f3:0x80000000 f10=0x7f800000
     352095.000 ns	     35208	800075ac	201f2bd3	fsgnjx.s	f23,f30,f1	 f30:0x00000000  f1:0x7f800000 f23=0x00000000
     352115.000 ns	     35210	800075b0	00963233	sltu	x4,x12,x9	 x12:0x00000000  x9:0x80000000  x4=0x00000001
     352135.000 ns	     35212	800075b4	20402153	fsgnjx.s	f2,f0,f4	  f0:0x7fc00000  f4:0x80000000  f2=0xffc00000
     352155.000 ns	     35214	800075b8	00861233	sll	x4,x12,x8	 x12:0x00000000  x8:0x00000000  x4=0x00000000
     352175.000 ns	     35216	800075bc	e0020d53	fmv.x.w	x26,f4	  f4:0x80000000 x26=0x80000000
     352205.000 ns	     35219	800075c0	2073a153	fsgnjx.s	f2,f7,f7	  f7:0xcdf35114  f7:0xcdf35114  f2=0x4df35114
     352235.000 ns	     35222	800075c4	215490d3	fsgnjn.s	f1,f9,f21	  f9:0xff800000 f21:0xff800000  f1=0x7f800000
     352265.000 ns	     35225	800075c8	d00f0e53	fcvt.s.w	f28,x30	 x30:0x00000080 f28=0x43000000
     352285.000 ns	     35227	800075cc	75394b13	xori	x22,x18,1875	 x18:0x00000020 x22=0x00000773
     352305.000 ns	     35229	800075d0	212b9e53	fsgnjn.s	f28,f23,f18	 f23:0x00000000 f18:0x4f000411 f28=0x80000000
     352325.000 ns	     35231	800075d4	00d19a33	sll	x20,x3,x13	  x3:0x70000000 x13:0x00000000 x20=0x70000000
     352335.000 ns	     35232	800075d8	63857093	andi	x1,x10,1592	 x10:0x38000586  x1=0x00000400
     352345.000 ns	     35233	800075dc	00000013	addi	x0,x0,0	  x0:0x00000000
     352365.000 ns	     35235	800075e0	a1e4a253	feq.s	x4,f9,f30	  f9:0xff800000 f30:0x00000000  x4=0x00000000
     352385.000 ns	     35237	800075e4	5a1fe713	ori	x14,x31,1441	 x31:0x80041024 x14=0x800415a5
     352405.000 ns	     35239	800075e8	e0019bd3	fclass.s	x23,f3	  f3:0x80000000 x23=0x00000008
     352425.000 ns	     35241	800075ec	8df70893	addi	x17,x14,-1825	 x14:0x00000000 x17=0x80040e84
     352445.000 ns	     35243	800075f0	02089f33	mulh	x30,x17,x0	 x17:0x800413db  x0:0x00000000 x30=0x00000000
     352475.000 ns	     35246	800075f4	a0ef0d53	fle.s	x26,f30,f14	 f30:0x00000000 f14:0xff800000 x26=0x00000000
     352495.000 ns	     35248	800075f8	40cf0333	sub	x6,x30,x12	 x30:0x00000000 x12:0x00000000  x6=0x00000000
     352505.000 ns	     35249	800075fc	01e0d013	srli	x0,x1,0x1e	  x1:0x00000400
     352515.000 ns	     35250	80007600	00b7fbb3	and	x23,x15,x11	 x15:0x00000000 x11:0x70000000 x23=0x00000000
     352525.000 ns	     35251	80007604	01014a33	xor	x20,x2,x16	  x2:0xfffffc35 x16:0x80040fe4 x20=0x7ffbf3d1
     352545.000 ns	     35253	80007608	29919753	fmax.s	f14,f3,f25	  f3:0x80000000 f25:0x3f3fa5d0 f14=0x3f3fa5d0
     352565.000 ns	     35255	8000760c	35cfce13	xori	x28,x31,860	 x31:0x80041024 x28=0x80041378
     352585.000 ns	     35257	80007610	02e914b3	mulh	x9,x18,x14	 x18:0x00000020 x14:0x800415a5  x9=0xfffffff0
     352605.000 ns	     35259	80007614	1cc6e593	ori	x11,x13,460	 x13:0x00000000 x11=0x000001cc
     352615.000 ns	     35260	80007618	01b877b3	and	x15,x16,x27	 x16:0x80040fe4 x27:0x0000000e x15=0x00000004
     352635.000 ns	     35262	8000761c	e00898d3	fclass.s	x17,f17	 f17:0xcefff7df x17=0x00000002
     352665.000 ns	     35265	80007620	21f29953	fsgnjn.s	f18,f5,f31	  f5:0x00000000 f31:0x7f800000 f18=0x80000000
     352695.000 ns	     35268	80007624	039a1433	mulh	x8,x20,x25	 x20:0x7ffbf3d1 x25:0x800413db  x8=0xc0040ff4
     352725.000 ns	     35271	80007628	e0070c53	fmv.x.w	x24,f14	 f14:0x3f3fa5d0 x24=0x3f3fa5d0
     352755.000 ns	     35274	8000762c	d0019d53	fcvt.s.w	f26,x3	  x3:0x70000000 f26=0x4ee00000
     352775.000 ns	     35276	80007630	00d69693	slli	x13,x13,0xd	 x13:0x00000000 x13=0x00000000
     352785.000 ns	     35277	80007634	406e5613	srai	x12,x28,0x6	 x28:0x80041378 x12=0xfe00104d
     352795.000 ns	     35278	80007638	00b947b3	xor	x15,x18,x11	 x18:0x00000020 x11:0x000001cc x15=0x000001ec
     352805.000 ns	     35279	8000763c	407d8cb3	sub	x25,x27,x7	 x27:0x0000000e  x7:0x00000001 x25=0x0000000d
     352815.000 ns	     35280	80007640	9bcc6693	ori	x13,x24,-1604	 x24:0x3f3fa5d0 x13=0xfffffdfc
     352825.000 ns	     35281	80007644	404d8c33	sub	x24,x27,x4	 x27:0x0000000e  x4:0x00000000 x24=0x0000000e
     352835.000 ns	     35282	80007648	84f6e713	ori	x14,x13,-1969	 x13:0x00000000 x14=0xfffffdff
     352855.000 ns	     35284	8000764c	e0009a53	fclass.s	x20,f1	  f1:0x7f800000 x20=0x00000080
     352905.000 ns	     35289	80007650	00027f53	fadd.s	f30,f4,f0	  f4:0x80000000  f0:0x7fc00000 f30=0x7fc00000
     352925.000 ns	     35291	80007654	41c485b3	sub	x11,x9,x28	  x9:0xfffffff0 x28:0x80041378 x11=0x7ffbec78
     352955.000 ns	     35294	80007658	1107ce53	fmul.s	f28,f15,f16	 f15:0x7f800000 f16:0x7fc00000 f28=0x7fc00000
     352975.000 ns	     35296	8000765c	1eb57193	andi	x3,x10,491	 x10:0x38000586  x3=0x00000182
     352985.000 ns	     35297	80007660	a9342913	slti	x18,x8,-1389	  x8:0xc0040ff4 x18=0x00000001
     353005.000 ns	     35299	80007664	20479a53	fsgnjn.s	f20,f15,f4	 f15:0x7f800000  f4:0x80000000 f20=0x7f800000
     353055.000 ns	     35304	80007668	0914f1d3	fsub.s	f3,f9,f17	  f9:0xff800000 f17:0xcefff7df  f3=0xff800000
     353095.000 ns	     35308	8000766c	5800fb53	fsqrt.s	f22,f1	  f1:0x7f800000 f22=0x7f800000
     353125.000 ns	     35311	80007670	a0e725d3	feq.s	x11,f14,f14	 f14:0x3f3fa5d0 f14:0x3f3fa5d0 x11=0x00000001
     353155.000 ns	     35314	80007674	e00a1e53	fclass.s	x28,f20	 f20:0x7f800000 x28=0x00000080
     353175.000 ns	     35316	80007678	01cd5493	srli	x9,x26,0x1c	 x26:0x00000000  x9=0x00000000
     353185.000 ns	     35317	8000767c	1babba97	auipc	x21,0x1babb	 x21=0x9bac267c
     353215.000 ns	     35320	80007680	580ea2d3	fsqrt.s	f5,f29	 f29:0x7fc00000  f5=0x7fc00000
     353245.000 ns	     35323	80007684	02a22bb3	mulhsu	x23,x4,x10	  x4:0x00000000 x10:0x38000586 x23=0x00000000
     353275.000 ns	     35326	80007688	d01c7753	fcvt.s.wu	f14,x24	 x24:0x0000000e f14=0x41600000
     353645.000 ns	     35363	8000768c	027862b3	rem	x5,x16,x7	 x16:0x80040fe4  x7:0x00000001  x5=0x00000000
     353675.000 ns	     35366	80007690	20df1a53	fsgnjn.s	f20,f30,f13	 f30:0x7fc00000 f13:0x3f800000 f20=0xffc00000
     353715.000 ns	     35370	80007694	18a67c53	fdiv.s	f24,f12,f10	 f12:0x7f800000 f10:0x7f800000 f24=0x7fc00000
     353735.000 ns	     35372	80007698	1a3e2e97	auipc	x29,0x1a3e2	 x29=0x9a3e9698
     353765.000 ns	     35375	8000769c	1851fd53	fdiv.s	f26,f3,f5	  f3:0xff800000  f5:0x7fc00000 f26=0x7fc00000
     353795.000 ns	     35378	800076a0	a112aa53	feq.s	x20,f5,f17	  f5:0x7fc00000 f17:0xcefff7df x20=0x00000000
     353815.000 ns	     35380	800076a4	013dccb3	xor	x25,x27,x19	 x27:0x0000000e x19:0x38000000 x25=0x3800000e
     353825.000 ns	     35381	800076a8	3ff83593	sltiu	x11,x16,1023	 x16:0x80040fe4 x11=0x00000000
     353835.000 ns	     35382	800076ac	01690933	add	x18,x18,x22	 x18:0x00000001 x22:0x00000773 x18=0x00000774
     353845.000 ns	     35383	800076b0	00532333	slt	x6,x6,x5	  x6:0x00000000  x5:0x00000000  x6=0x00000000
     353865.000 ns	     35385	800076b4	289084d3	fmin.s	f9,f1,f9	  f1:0x7f800000  f9:0xff800000  f9=0xff800000
     353885.000 ns	     35387	800076b8	00ab4ab3	xor	x21,x22,x10	 x22:0x00000773 x10:0x38000586 x21=0x380002f5
     354245.000 ns	     35423	800076bc	03c7e733	rem	x14,x15,x28	 x15:0x000001ec x28:0x00000080 x14=0x0000006c
     354265.000 ns	     35425	800076c0	00266eb3	or	x29,x12,x2	 x12:0xfe00104d  x2:0xfffffc35 x29=0xfffffc7d
     354285.000 ns	     35427	800076c4	e00e90d3	fclass.s	x1,f29	 f29:0x7fc00000  x1=0x00000200
     354305.000 ns	     35429	800076c8	01b1dab3	srl	x21,x3,x27	  x3:0x00000182 x27:0x0000000e x21=0x00000000
     354325.000 ns	     35431	800076cc	f0078ad3	fmv.w.x	f21,x15	 x15:0x000001ec f21=0x000001ec
     354345.000 ns	     35433	800076d0	013e78b3	and	x17,x28,x19	 x28:0x00000080 x19:0x38000000 x17=0x00000000
     354365.000 ns	     35435	800076d4	03dd2133	mulhsu	x2,x26,x29	 x26:0x00000000 x29:0xfffffc7d  x2=0x00000000
     354385.000 ns	     35437	800076d8	013f7d33	and	x26,x30,x19	 x30:0x00000000 x19:0x38000000 x26=0x00000000
     354395.000 ns	     35438	800076dc	01333cb3	sltu	x25,x6,x19	  x6:0x00000000 x19:0x38000000 x25=0x00000001
     354405.000 ns	     35439	800076e0	c217e993	ori	x19,x15,-991	 x15:0x000001ec x19=0xfffffded
     354425.000 ns	     35441	800076e4	d001b653	fcvt.s.w	f12,x3	  x3:0x00000182 f12=0x43c10000
     354445.000 ns	     35443	800076e8	01e39a13	slli	x20,x7,0x1e	  x7:0x00000001 x20=0x40000000
     354465.000 ns	     35445	800076ec	20b08c53	fsgnj.s	f24,f1,f11	  f1:0x7f800000 f11:0x7fc00000 f24=0x7f800000
     354495.000 ns	     35448	800076f0	a0c00453	fle.s	x8,f0,f12	  f0:0x7fc00000 f12:0x43c10000  x8=0x00000000
     354525.000 ns	     35451	800076f4	c00a7ed3	fcvt.w.s	x29,f20	 f20:0xffc00000 x29=0x7fffffff
     354545.000 ns	     35453	800076f8	00cb7d33	and	x26,x22,x12	 x22:0x00000773 x12:0xfe00104d x26=0x00000041
     354555.000 ns	     35454	800076fc	0170b133	sltu	x2,x1,x23	  x1:0x00000200 x23:0x00000000  x2=0x00000000
     354565.000 ns	     35455	80007700	21840413	addi	x8,x8,536	  x8:0x00000000  x8=0x00000218
     354575.000 ns	     35456	80007704	0123ceb3	xor	x29,x7,x18	  x7:0x00000001 x18:0x00000774 x29=0x00000775
     354585.000 ns	     35457	80007708	41a00233	sub	x4,x0,x26	  x0:0x00000000 x26:0x00000041  x4=0xffffffbf
     354595.000 ns	     35458	8000770c	4087dab3	sra	x21,x15,x8	 x15:0x000001ec  x8:0x00000218 x21=0x00000000
     354615.000 ns	     35460	80007710	c01b7453	fcvt.wu.s	x8,f22	 f22:0x7f800000  x8=0xffffffff
     354635.000 ns	     35462	80007714	1d2ee913	ori	x18,x29,466	 x29:0x00000775 x18=0x000007f7
     354645.000 ns	     35463	80007718	aea4a413	slti	x8,x9,-1302	  x9:0x00000000  x8=0x00000000
     354675.000 ns	     35466	8000771c	18b7f553	fdiv.s	f10,f15,f11	 f15:0x7f800000 f11:0x7fc00000 f10=0x7fc00000
     354715.000 ns	     35470	80007720	11b2f3d3	fmul.s	f7,f5,f27	  f5:0x7fc00000 f27:0x80000000  f7=0x7fc00000
     354735.000 ns	     35472	80007724	41fb5b13	srai	x22,x22,0x1f	 x22:0x00000773 x22=0x00000000
     354755.000 ns	     35474	80007728	03f21cb3	mulh	x25,x4,x31	  x4:0xffffffbf x31:0x80041024 x25=0x00000020
     354775.000 ns	     35476	8000772c	013cd893	srli	x17,x25,0x13	 x25:0x00000001 x17=0x00000000
     354795.000 ns	     35478	80007730	f00a86d3	fmv.w.x	f13,x21	 x21:0x00000000 f13=0x00000000
     354815.000 ns	     35480	80007734	83c48613	addi	x12,x9,-1988	  x9:0x00000000 x12=0xfffff83c
     354835.000 ns	     35482	80007738	d00f3853	fcvt.s.w	f16,x30	 x30:0x00000000 f16=0x00000000
     354865.000 ns	     35485	8000773c	d00df153	fcvt.s.w	f2,x27	 x27:0x0000000e  f2=0x41600000
     354915.000 ns	     35490	80007740	01569e53	fadd.s	f28,f13,f21	 f13:0x00000000 f21:0x000001ec f28=0x000001ec
     354945.000 ns	     35493	80007744	035326b3	mulhsu	x13,x6,x21	  x6:0x00000000 x21:0x00000000 x13=0x00000000
     354965.000 ns	     35495	80007748	00b52933	slt	x18,x10,x11	 x10:0x38000586 x11:0x00000000 x18=0x00000000
     354985.000 ns	     35497	8000774c	203f8a53	fsgnj.s	f20,f31,f3	 f31:0x7f800000  f3:0xff800000 f20=0xff800000
     355015.000 ns	     35500	80007750	a0e0a953	feq.s	x18,f1,f14	  f1:0x7f800000 f14:0x41600000 x18=0x00000000
     355045.000 ns	     35503	80007754	d01df9d3	fcvt.s.wu	f19,x27	 x27:0x0000000e f19=0x41600000
     356225.000 ns	     35621	80007758	580140d3	fsqrt.s	f1,f2	  f2:0x41600000  f1=0x401e6453
     356245.000 ns	     35623	8000775c	eb19c793	xori	x15,x19,-335	 x19:0xfffffded x15=0x0000035c
     356255.000 ns	     35624	80007760	c1da6413	ori	x8,x20,-995	 x20:0x40000000  x8=0xfffffc1d
     356265.000 ns	     35625	80007764	16008a93	addi	x21,x1,352	  x1:0x00000200 x21=0x00000360
     356285.000 ns	     35627	80007768	20a90fd3	fsgnj.s	f31,f18,f10	 f18:0x80000000 f10:0x7fc00000 f31=0x00000000
     356315.000 ns	     35630	8000776c	21721cd3	fsgnjn.s	f25,f4,f23	  f4:0x80000000 f23:0x00000000 f25=0x80000000
     356335.000 ns	     35632	80007770	009acb33	xor	x22,x21,x9	 x21:0x00000360  x9:0x00000000 x22=0x00000360
     356355.000 ns	     35634	80007774	a1408e53	fle.s	x28,f1,f20	  f1:0x401e6453 f20:0xff800000 x28=0x00000000
     356385.000 ns	     35637	80007778	c00f37d3	fcvt.w.s	x15,f30	 f30:0x7fc00000 x15=0x7fffffff
     356405.000 ns	     35639	8000777c	97f94713	xori	x14,x18,-1665	 x18:0x00000000 x14=0xfffff97f
     356425.000 ns	     35641	80007780	02109033	mulh	x0,x1,x1	  x1:0x00000200  x1:0x00000200
     356455.000 ns	     35644	80007784	e0009353	fclass.s	x6,f1	  f1:0x401e6453  x6=0x00000040
     356475.000 ns	     35646	80007788	00e43bb3	sltu	x23,x8,x14	  x8:0xfffffc1d x14:0xfffff97f x23=0x00000000
     356485.000 ns	     35647	8000778c	0042e533	or	x10,x5,x4	  x5:0x00000000  x4:0xffffffbf x10=0xffffffbf
     356505.000 ns	     35649	80007790	e0099253	fclass.s	x4,f19	 f19:0x41600000  x4=0x00000040
     356525.000 ns	     35651	80007794	00264d33	xor	x26,x12,x2	 x12:0xfffff83c  x2:0x00000000 x26=0xfffff83c
     356565.000 ns	     35655	80007798	0016f8d3	fadd.s	f17,f13,f1	 f13:0x00000000  f1:0x401e6453 f17=0x401e6453
     356615.000 ns	     35660	8000779c	01131b53	fadd.s	f22,f6,f17	  f6:0x80000000 f17:0xcefff7df f22=0x401e6453
     356985.000 ns	     35697	800077a0	0389e2b3	rem	x5,x19,x24	 x19:0xfffffded x24:0x0000000e  x5=0xfffffff3
     357015.000 ns	     35700	800077a4	a1c31153	flt.s	x2,f6,f28	  f6:0x80000000 f28:0x000001ec  x2=0x00000001
     357045.000 ns	     35703	800077a8	0329a333	mulhsu	x6,x19,x18	 x19:0xfffffded x18:0x00000000  x6=0x00000000
     357065.000 ns	     35705	800077ac	00a75c97	auipc	x25,0xa75	 x25=0x80a7c7ac
     357075.000 ns	     35706	800077b0	01a5deb3	srl	x29,x11,x26	 x11:0x00000000 x26:0xfffff83c x29=0x00000000
     357435.000 ns	     35742	800077b4	02e7f4b3	remu	x9,x15,x14	 x15:0x7fffffff x14:0xfffff97f  x9=0x7fffffff
     357455.000 ns	     35744	800077b8	fa487993	andi	x19,x16,-92	 x16:0x80040fe4 x19=0x80040fa4
     357475.000 ns	     35746	800077bc	f0070353	fmv.w.x	f6,x14	 x14:0xfffff97f  f6=0xfffff97f
     357505.000 ns	     35749	800077c0	d0167fd3	fcvt.s.wu	f31,x12	 x12:0xfffff83c f31=0x4f7ffff8
     357545.000 ns	     35753	800077c4	198926d3	fdiv.s	f13,f18,f24	 f18:0x80000000 f24:0x7f800000 f13=0x80000000
     357575.000 ns	     35756	800077c8	f00202d3	fmv.w.x	f5,x4	  x4:0x00000040  f5=0x00000040
     357605.000 ns	     35759	800077cc	e00c04d3	fmv.x.w	x9,f24	 f24:0x7f800000  x9=0x7f800000
     357655.000 ns	     35764	800077d0	09f893d3	fsub.s	f7,f17,f31	 f17:0x401e6453 f31:0x4f7ffff8  f7=0xcf7ffff7
     357675.000 ns	     35766	800077d4	64b872b7	lui	x5,0x64b87	  x5=0x64b87000
     357685.000 ns	     35767	800077d8	6d9e3337	lui	x6,0x6d9e3	  x6=0x6d9e3000
     357705.000 ns	     35769	800077dc	289209d3	fmin.s	f19,f4,f9	  f4:0x80000000  f9:0xff800000 f19=0xff800000
     358075.000 ns	     35806	800077e0	022d5b33	divu	x22,x26,x2	 x26:0xfffff83c  x2:0x00000001 x22=0xfffff83c
     358105.000 ns	     35809	800077e4	214129d3	fsgnjx.s	f19,f2,f20	  f2:0x41600000 f20:0xff800000 f19=0xc1600000
     358135.000 ns	     35812	800077e8	205f2f53	fsgnjx.s	f30,f30,f5	 f30:0x7fc00000  f5:0x00000040 f30=0x7fc00000
     358165.000 ns	     35815	800077ec	29cf07d3	fmin.s	f15,f30,f28	 f30:0x7fc00000 f28:0x000001ec f15=0x000001ec
     358185.000 ns	     35817	800077f0	416d0d33	sub	x26,x26,x22	 x26:0xfffff83c x22:0xfffff83c x26=0x00000000
     358215.000 ns	     35820	800077f4	5803fbd3	fsqrt.s	f23,f7	  f7:0xcf7ffff7 f23=0x7fc00000
     358245.000 ns	     35823	800077f8	038e10b3	mulh	x1,x28,x24	 x28:0x00000000 x24:0x0000000e  x1=0x00000000
     358265.000 ns	     35825	800077fc	000cdeb3	srl	x29,x25,x0	 x25:0x80a7c7ac  x0:0x00000000 x29=0x80a7c7ac
     358275.000 ns	     35826	80007800	01bbd493	srli	x9,x23,0x1b	 x23:0x00000000  x9=0x00000000
     358285.000 ns	     35827	80007804	00bd5c33	srl	x24,x26,x11	 x26:0x00000000 x11:0x00000000 x24=0x00000000
     358295.000 ns	     35828	80007808	94506713	ori	x14,x0,-1723	  x0:0x00000000 x14=0xfffff945
     358305.000 ns	     35829	8000780c	00de2633	slt	x12,x28,x13	 x28:0x00000000 x13:0x00000000 x12=0x00000000
     358335.000 ns	     35832	80007810	19850853	fdiv.s	f16,f10,f24	 f10:0x7fc00000 f24:0x7f800000 f16=0x7fc00000
     358375.000 ns	     35836	80007814	58020ad3	fsqrt.s	f21,f4	  f4:0x80000000 f21=0x80000000
     358405.000 ns	     35839	80007818	e00a13d3	fclass.s	x7,f20	 f20:0xff800000  x7=0x00000001
     358425.000 ns	     35841	8000781c	013b0f33	add	x30,x22,x19	 x22:0xfffff83c x19:0x80040fa4 x30=0x800407e0
     358445.000 ns	     35843	80007820	03009bb3	mulh	x23,x1,x16	  x1:0x00000000 x16:0x80040fe4 x23=0x00000000
     358475.000 ns	     35846	80007824	02b84d33	div	x26,x16,x11	 x16:0x80040fe4 x11:0x00000000 x26=0xffffffff
     358495.000 ns	     35848	80007828	0141fb33	and	x22,x3,x20	  x3:0x00000182 x20:0x40000000 x22=0x00000000
     358515.000 ns	     35850	8000782c	28899d53	fmax.s	f26,f19,f8	 f19:0xc1600000  f8:0x00000000 f26=0x00000000
     358545.000 ns	     35853	80007830	c011fe53	fcvt.wu.s	x28,f3	  f3:0xff800000 x28=0x00000000
     358575.000 ns	     35856	80007834	03855e33	divu	x28,x10,x24	 x10:0xffffffbf x24:0x00000000 x28=0xffffffff
     358605.000 ns	     35859	80007838	d01fcad3	fcvt.s.wu	f21,x31	 x31:0x80041024 f21=0x4f000410
     358635.000 ns	     35862	8000783c	029220b3	mulhsu	x1,x4,x9	  x4:0x00000040  x9:0x00000000  x1=0x00000000
     358655.000 ns	     35864	80007840	41f7dc33	sra	x24,x15,x31	 x15:0x7fffffff x31:0x80041024 x24=0x07ffffff
     358665.000 ns	     35865	80007844	c95aab93	slti	x23,x21,-875	 x21:0x00000360 x23=0x00000000
     358705.000 ns	     35869	80007848	006b2dd3	fadd.s	f27,f22,f6	 f22:0x401e6453  f6:0xfffff97f f27=0x7fc00000
     358735.000 ns	     35872	8000784c	0315fd33	remu	x26,x11,x17	 x11:0x00000000 x17:0x00000000 x26=0x00000000
     358765.000 ns	     35875	80007850	a0a08d53	fle.s	x26,f1,f10	  f1:0x401e6453 f10:0x7fc00000 x26=0x00000000
     358795.000 ns	     35878	80007854	2009a353	fsgnjx.s	f6,f19,f0	 f19:0xc1600000  f0:0x7fc00000  f6=0xc1600000
     358825.000 ns	     35881	80007858	c0057e53	fcvt.w.s	x28,f10	 f10:0x7fc00000 x28=0x7fffffff
     358845.000 ns	     35883	8000785c	bd43bd13	sltiu	x26,x7,-1068	  x7:0x00000001 x26=0x00000001
     358865.000 ns	     35885	80007860	f00f0453	fmv.w.x	f8,x30	 x30:0x800407e0  f8=0x800407e0
     358885.000 ns	     35887	80007864	005b8b33	add	x22,x23,x5	 x23:0x00000000  x5:0x64b87000 x22=0x64b87000
     358895.000 ns	     35888	80007868	00000013	addi	x0,x0,0	  x0:0x00000000
     358905.000 ns	     35889	8000786c	00307733	and	x14,x0,x3	  x0:0x00000000  x3:0x00000182 x14=0x00000000
     359265.000 ns	     35925	80007870	0332f733	remu	x14,x5,x19	  x5:0x64b87000 x19:0x80040fa4 x14=0x64b87000
     359295.000 ns	     35928	80007874	a16d1753	flt.s	x14,f26,f22	 f26:0x00000000 f22:0x401e6453 x14=0x00000001
     359315.000 ns	     35930	80007878	4f954113	xori	x2,x10,1273	 x10:0xffffffbf  x2=0xfffffb46
     359325.000 ns	     35931	8000787c	00000013	addi	x0,x0,0	  x0:0x00000000
     359685.000 ns	     35967	80007880	025de3b3	rem	x7,x27,x5	 x27:0x0000000e  x5:0x64b87000  x7=0x0000000e
     359705.000 ns	     35969	80007884	40edd333	sra	x6,x27,x14	 x27:0x0000000e x14:0x00000001  x6=0x00000007
     359715.000 ns	     35970	80007888	01ee9933	sll	x18,x29,x30	 x29:0x80a7c7ac x30:0x800407e0 x18=0x80a7c7ac
     359725.000 ns	     35971	8000788c	c9758893	addi	x17,x11,-873	 x11:0x00000000 x17=0xfffffc97
     359735.000 ns	     35972	80007890	00ed13b3	sll	x7,x26,x14	 x26:0x00000001 x14:0x00000001  x7=0x00000002
     359755.000 ns	     35974	80007894	a1532753	feq.s	x14,f6,f21	  f6:0xc1600000 f21:0x4f000410 x14=0x00000000
     359775.000 ns	     35976	80007898	d73b4293	xori	x5,x22,-653	 x22:0x64b87000  x5=0x9b478d73
     359795.000 ns	     35978	8000789c	21f19bd3	fsgnjn.s	f23,f3,f31	  f3:0xff800000 f31:0x4f7ffff8 f23=0xff800000
     359825.000 ns	     35981	800078a0	f00287d3	fmv.w.x	f15,x5	  x5:0x64b87000 f15=0x9b478d73
     359855.000 ns	     35984	800078a4	f0020b53	fmv.w.x	f22,x4	  x4:0x00000040 f22=0x00000040
     359875.000 ns	     35986	800078a8	48e2a693	slti	x13,x5,1166	  x5:0x9b478d73 x13=0x00000001
     359895.000 ns	     35988	800078ac	20e98fd3	fsgnj.s	f31,f19,f14	 f19:0xc1600000 f14:0x41600000 f31=0x41600000
     359925.000 ns	     35991	800078b0	d0137153	fcvt.s.wu	f2,x6	  x6:0x00000007  f2=0x40e00000
     359945.000 ns	     35993	800078b4	014707b3	add	x15,x14,x20	 x14:0x00000000 x20:0x40000000 x15=0x40000000
     359965.000 ns	     35995	800078b8	0279ae33	mulhsu	x28,x19,x7	 x19:0x80040fa4  x7:0x00000002 x28=0xffffffff
     359985.000 ns	     35997	800078bc	f81c2013	slti	x0,x24,-127	 x24:0x07ffffff
     360005.000 ns	     35999	800078c0	e0098753	fmv.x.w	x14,f19	 f19:0xc1600000 x14=0xc1600000
     361185.000 ns	     36117	800078c4	5802be53	fsqrt.s	f28,f5	  f5:0x00000040 f28=0x1f3504de
     361235.000 ns	     36122	800078c8	08f07fd3	fsub.s	f31,f0,f15	  f0:0x7fc00000 f15:0x9b478d73 f31=0x7fc00000
     361265.000 ns	     36125	800078cc	a16d2cd3	feq.s	x25,f26,f22	 f26:0x00000000 f22:0x00000040 x25=0x00000000
     361315.000 ns	     36130	800078d0	00b84cd3	fadd.s	f25,f16,f11	 f16:0x7fc00000 f11:0x7fc00000 f25=0x7fc00000
     361335.000 ns	     36132	800078d4	004522b3	slt	x5,x10,x4	 x10:0xffffffbf  x4:0x00000040  x5=0x00000001
     361345.000 ns	     36133	800078d8	bdd63a17	auipc	x20,0xbdd63	 x20=0x3dd6a8d8
     361385.000 ns	     36137	800078dc	003cf753	fadd.s	f14,f25,f3	 f25:0x7fc00000  f3:0xff800000 f14=0x7fc00000
     361425.000 ns	     36141	800078e0	5801f053	fsqrt.s	f0,f3	  f3:0xff800000  f0=0x7fc00000
     361455.000 ns	     36144	800078e4	03213233	mulhu	x4,x2,x18	  x2:0xfffffb46 x18:0x80a7c7ac  x4=0x80a7c54b
     361475.000 ns	     36146	800078e8	0162c1b3	xor	x3,x5,x22	  x5:0x00000001 x22:0x64b87000  x3=0x64b87001
     361485.000 ns	     36147	800078ec	41c5da33	sra	x20,x11,x28	 x11:0x00000000 x28:0xffffffff x20=0x00000000
     361495.000 ns	     36148	800078f0	003e9013	slli	x0,x29,0x3	 x29:0x80a7c7ac
     361515.000 ns	     36150	800078f4	e00595d3	fclass.s	x11,f11	 f11:0x7fc00000 x11=0x00000200
     361545.000 ns	     36153	800078f8	f0068b53	fmv.w.x	f22,x13	 x13:0x00000001 f22=0x00000001
     361915.000 ns	     36190	800078fc	02ad67b3	rem	x15,x26,x10	 x26:0x00000001 x10:0xffffffbf x15=0x00000001
     362285.000 ns	     36227	80007900	03a26ab3	rem	x21,x4,x26	  x4:0x80a7c54b x26:0x00000001 x21=0x00000000
     362305.000 ns	     36229	80007904	01e50533	add	x10,x10,x30	 x10:0xffffffbf x30:0x800407e0 x10=0x8004079f
     362315.000 ns	     36230	80007908	01d0a8b3	slt	x17,x1,x29	  x1:0x00000000 x29:0x80a7c7ac x17=0x00000000
     362355.000 ns	     36234	8000790c	09d37bd3	fsub.s	f23,f6,f29	  f6:0xc1600000 f29:0x7fc00000 f23=0x7fc00000
     362385.000 ns	     36237	80007910	e0088c53	fmv.x.w	x24,f17	 f17:0x401e6453 x24=0x401e6453
     362415.000 ns	     36240	80007914	a1daa153	feq.s	x2,f21,f29	 f21:0x4f000410 f29:0x7fc00000  x2=0x00000000
     362465.000 ns	     36245	80007918	095cfa53	fsub.s	f20,f25,f21	 f25:0x7fc00000 f21:0x4f000410 f20=0x7fc00000
     362495.000 ns	     36248	8000791c	d0153153	fcvt.s.wu	f2,x10	 x10:0x8004079f  f2=0x4f000408
     362515.000 ns	     36250	80007920	7ba50213	addi	x4,x10,1978	 x10:0x8004079f  x4=0x80040f59
     362535.000 ns	     36252	80007924	e00486d3	fmv.x.w	x13,f9	  f9:0xff800000 x13=0xff800000
     362565.000 ns	     36255	80007928	f00f0f53	fmv.w.x	f30,x30	 x30:0x800407e0 f30=0x800407e0
     362595.000 ns	     36258	8000792c	c0054553	fcvt.w.s	x10,f10	 f10:0x7fc00000 x10=0x7fffffff
     362615.000 ns	     36260	80007930	778ba413	slti	x8,x23,1912	 x23:0x00000000  x8=0x00000001
     362635.000 ns	     36262	80007934	d0084bd3	fcvt.s.w	f23,x16	 x16:0x80040fe4 f23=0xcefff7e0
     362655.000 ns	     36264	80007938	0054d333	srl	x6,x9,x5	  x9:0x00000000  x5:0x00000001  x6=0x00000000
     362685.000 ns	     36267	8000793c	111e8d53	fmul.s	f26,f29,f17	 f29:0x7fc00000 f17:0x401e6453 f26=0x7fc00000
     362705.000 ns	     36269	80007940	01641c33	sll	x24,x8,x22	  x8:0x00000001 x22:0x64b87000 x24=0x00000001
     362745.000 ns	     36273	80007944	08b73353	fsub.s	f6,f14,f11	 f14:0x7fc00000 f11:0x7fc00000  f6=0x7fc00000
     362775.000 ns	     36276	80007948	a16d93d3	flt.s	x7,f27,f22	 f27:0x7fc00000 f22:0x00000001  x7=0x00000000
     362795.000 ns	     36278	8000794c	33615b37	lui	x22,0x33615	 x22=0x33615000
     362825.000 ns	     36281	80007950	115bf053	fmul.s	f0,f23,f21	 f23:0xcefff7e0 f21:0x4f000410  f0=0xde800000
     362845.000 ns	     36283	80007954	252c8b93	addi	x23,x25,594	 x25:0x00000000 x23=0x00000252
     362855.000 ns	     36284	80007958	013adeb3	srl	x29,x21,x19	 x21:0x00000000 x19:0x80040fa4 x29=0x00000000
     362865.000 ns	     36285	8000795c	417e0533	sub	x10,x28,x23	 x28:0xffffffff x23:0x00000000 x10=0xfffffdad
     362875.000 ns	     36286	80007960	f0667793	andi	x15,x12,-250	 x12:0x00000000 x15=0x00000000
     362885.000 ns	     36287	80007964	01e2f033	and	x0,x5,x30	  x5:0x00000001 x30:0x800407e0
     362895.000 ns	     36288	80007968	01c96433	or	x8,x18,x28	 x18:0x80a7c7ac x28:0xffffffff  x8=0xffffffff
     362915.000 ns	     36290	8000796c	f00a8353	fmv.w.x	f6,x21	 x21:0x00000000  f6=0x00000000
     363285.000 ns	     36327	80007970	0333e733	rem	x14,x7,x19	  x7:0x00000000 x19:0x80040fa4 x14=0x00000000
     363315.000 ns	     36330	80007974	02d40633	mul	x12,x8,x13	  x8:0xffffffff x13:0xff800000 x12=0x00800000
     363335.000 ns	     36332	80007978	42ea6493	ori	x9,x20,1070	 x20:0x00000000  x9=0x0000042e
     363345.000 ns	     36333	8000797c	40ab51b3	sra	x3,x22,x10	 x22:0x33615000 x10:0xfffffdad  x3=0x00019b0a
     363355.000 ns	     36334	80007980	009b56b3	srl	x13,x22,x9	 x22:0x33615000  x9:0x00000000 x13=0x0000cd85
     363365.000 ns	     36335	80007984	47ef4893	xori	x17,x30,1150	 x30:0x800407e0 x17=0x8004039e
     363385.000 ns	     36337	80007988	f0088353	fmv.w.x	f6,x17	 x17:0x00000000  f6=0x8004039e
     363415.000 ns	     36340	8000798c	023c28b3	mulhsu	x17,x24,x3	 x24:0x00000001  x3:0x00019b0a x17=0x00000000
     363445.000 ns	     36343	80007990	293106d3	fmin.s	f13,f2,f19	  f2:0x4f000408 f19:0xc1600000 f13=0xc1600000
     363465.000 ns	     36345	80007994	a750c593	xori	x11,x1,-1419	  x1:0x00000000 x11=0xfffffa75
     363505.000 ns	     36349	80007998	00618e53	fadd.s	f28,f3,f6	  f3:0xff800000  f6:0x8004039e f28=0xff800000
     363535.000 ns	     36352	8000799c	02c88e33	mul	x28,x17,x12	 x17:0x00000000 x12:0x00800000 x28=0x00000000
     363575.000 ns	     36356	800079a0	580eba53	fsqrt.s	f20,f29	 f29:0x7fc00000 f20=0x7fc00000
     363615.000 ns	     36360	800079a4	1805f053	fdiv.s	f0,f11,f0	 f11:0x7fc00000  f0:0xde800000  f0=0x7fc00000
     363645.000 ns	     36363	800079a8	c018a653	fcvt.wu.s	x12,f17	 f17:0x401e6453 x12=0x00000003
     363665.000 ns	     36365	800079ac	d57a8637	lui	x12,0xd57a8	 x12=0xd57a8000
     363685.000 ns	     36367	800079b0	02f401b3	mul	x3,x8,x15	  x8:0xffffffff x15:0x00000000  x3=0x00000000
     363715.000 ns	     36370	800079b4	a15f9e53	flt.s	x28,f31,f21	 f31:0x7fc00000 f21:0x4f000410 x28=0x00000000
     363755.000 ns	     36374	800079b8	58057653	fsqrt.s	f12,f10	 f10:0x7fc00000 f12=0x7fc00000
     363775.000 ns	     36376	800079bc	0066f1b3	and	x3,x13,x6	 x13:0x0000cd85  x6:0x00000000  x3=0x00000000
     363795.000 ns	     36378	800079c0	c00d9153	fcvt.w.s	x2,f27	 f27:0x7fc00000  x2=0x7fffffff
     363815.000 ns	     36380	800079c4	374ebe13	sltiu	x28,x29,884	 x29:0x00000000 x28=0x00000001
     363835.000 ns	     36382	800079c8	296c8ed3	fmin.s	f29,f25,f22	 f25:0x7fc00000 f22:0x00000001 f29=0x00000001
     363855.000 ns	     36384	800079cc	20ac0313	addi	x6,x24,522	 x24:0x00000001  x6=0x0000020b
     363875.000 ns	     36386	800079d0	0356d433	divu	x8,x13,x21	 x13:0x0000cd85 x21:0x00000000  x8=0xffffffff
     363905.000 ns	     36389	800079d4	03219cb3	mulh	x25,x3,x18	  x3:0x00000000 x18:0x80a7c7ac x25=0x00000000
     363935.000 ns	     36392	800079d8	21892c53	fsgnjx.s	f24,f18,f24	 f18:0x80000000 f24:0x7f800000 f24=0x80000000
     363955.000 ns	     36394	800079dc	011c83b3	add	x7,x25,x17	 x25:0x00000000 x17:0x00000000  x7=0x00000000
     364315.000 ns	     36430	800079e0	0321ccb3	div	x25,x3,x18	  x3:0x00000000 x18:0x80a7c7ac x25=0x00000000
     364345.000 ns	     36433	800079e4	28af1d53	fmax.s	f26,f30,f10	 f30:0x800407e0 f10:0x7fc00000 f26=0x800407e0
     364365.000 ns	     36435	800079e8	00000013	addi	x0,x0,0	  x0:0x00000000
     364375.000 ns	     36436	800079ec	71e6b517	auipc	x10,0x71e6b	 x10=0xf1e729ec
     364395.000 ns	     36438	800079f0	02395e33	divu	x28,x18,x3	 x18:0x80a7c7ac  x3:0x00000000 x28=0xffffffff
     364425.000 ns	     36441	800079f4	29ea85d3	fmin.s	f11,f21,f30	 f21:0x4f000410 f30:0x800407e0 f11=0x800407e0
     364475.000 ns	     36446	800079f8	01fb7dd3	fadd.s	f27,f22,f31	 f22:0x00000001 f31:0x7fc00000 f27=0x7fc00000
     364495.000 ns	     36448	800079fc	414ed133	sra	x2,x29,x20	 x29:0x00000000 x20:0x00000000  x2=0x00000000
     364505.000 ns	     36449	80007a00	4160d693	srai	x13,x1,0x16	  x1:0x00000000 x13=0x00000000
     364535.000 ns	     36452	80007a04	580594d3	fsqrt.s	f9,f11	 f11:0x800407e0  f9=0x7fc00000
     364585.000 ns	     36457	80007a08	096bac53	fsub.s	f24,f23,f22	 f23:0xcefff7e0 f22:0x00000001 f24=0xcefff7e0
     364605.000 ns	     36459	80007a0c	b595ca13	xori	x20,x11,-1191	 x11:0xfffffa75 x20=0x0000012c
     364615.000 ns	     36460	80007a10	003906b3	add	x13,x18,x3	 x18:0x80a7c7ac  x3:0x00000000 x13=0x80a7c7ac
     364625.000 ns	     36461	80007a14	00f248b3	xor	x17,x4,x15	  x4:0x80040f59 x15:0x00000000 x17=0x80040f59
     364635.000 ns	     36462	80007a18	c7e06b13	ori	x22,x0,-898	  x0:0x00000000 x22=0xfffffc7e
     364665.000 ns	     36465	80007a1c	580674d3	fsqrt.s	f9,f12	 f12:0x7fc00000  f9=0x7fc00000
     364695.000 ns	     36468	80007a20	21ebaf53	fsgnjx.s	f30,f23,f30	 f23:0xcefff7e0 f30:0x800407e0 f30=0x4efff7e0
     364715.000 ns	     36470	80007a24	59633613	sltiu	x12,x6,1430	  x6:0x0000020b x12=0x00000001
     364725.000 ns	     36471	80007a28	012abcb3	sltu	x25,x21,x18	 x21:0x00000000 x18:0x80a7c7ac x25=0x00000001
     364735.000 ns	     36472	80007a2c	0113b933	sltu	x18,x7,x17	  x7:0x00000000 x17:0x80040f59 x18=0x00000001
     364745.000 ns	     36473	80007a30	00f04233	xor	x4,x0,x15	  x0:0x00000000 x15:0x00000000  x4=0x00000000
     364755.000 ns	     36474	80007a34	ffe9bc13	sltiu	x24,x19,-2	 x19:0x80040fa4 x24=0x00000001
     364775.000 ns	     36476	80007a38	286a9553	fmax.s	f10,f21,f6	 f21:0x4f000410  f6:0x8004039e f10=0x4f000410
     364795.000 ns	     36478	80007a3c	fb5b7b13	andi	x22,x22,-75	 x22:0xfffffc7e x22=0xfffffc34
     364805.000 ns	     36479	80007a40	0183e0b3	or	x1,x7,x24	  x7:0x00000000 x24:0x00000001  x1=0x00000001
     364825.000 ns	     36481	80007a44	020a02b3	mul	x5,x20,x0	 x20:0x0000012c  x0:0x00000000  x5=0x00000000
     364855.000 ns	     36484	80007a48	a1200353	fle.s	x6,f0,f18	  f0:0x7fc00000 f18:0x80000000  x6=0x00000000
     364885.000 ns	     36487	80007a4c	0333a533	mulhsu	x10,x7,x19	  x7:0x00000000 x19:0x80040fa4 x10=0x00000000
     364905.000 ns	     36489	80007a50	440e7913	andi	x18,x28,1088	 x28:0xffffffff x18=0x00000440
     364935.000 ns	     36492	80007a54	58027e53	fsqrt.s	f28,f4	  f4:0x80000000 f28=0x80000000
     364955.000 ns	     36494	80007a58	f575a313	slti	x6,x11,-169	 x11:0xfffffa75  x6=0x00000001
     365315.000 ns	     36530	80007a5c	03155933	divu	x18,x10,x17	 x10:0x00000000 x17:0x80040f59 x18=0x00000000
     365345.000 ns	     36533	80007a60	d0148fd3	fcvt.s.wu	f31,x9	  x9:0x0000042e f31=0x4485c000
     365365.000 ns	     36535	80007a64	20aba613	slti	x12,x23,522	 x23:0x00000252 x12=0x00000000
     365375.000 ns	     36536	80007a68	0125e8b3	or	x17,x11,x18	 x11:0xfffffa75 x18:0x00000000 x17=0xfffffa75
     365395.000 ns	     36538	80007a6c	203fa853	fsgnjx.s	f16,f31,f3	 f31:0x4485c000  f3:0xff800000 f16=0xc485c000
     365415.000 ns	     36540	80007a70	ed940313	addi	x6,x8,-295	  x8:0xffffffff  x6=0xfffffed8
     365435.000 ns	     36542	80007a74	e00592d3	fclass.s	x5,f11	 f11:0x800407e0  x5=0x00000004
     365465.000 ns	     36545	80007a78	a0f799d3	flt.s	x19,f15,f15	 f15:0x9b478d73 f15:0x9b478d73 x19=0x00000000
     365495.000 ns	     36548	80007a7c	d00ea3d3	fcvt.s.w	f7,x29	 x29:0x00000000  f7=0x00000000
     365515.000 ns	     36550	80007a80	b21a2d13	slti	x26,x20,-1247	 x20:0x0000012c x26=0x00000000
     365535.000 ns	     36552	80007a84	e00a0953	fmv.x.w	x18,f20	 f20:0x7fc00000 x18=0x7fc00000
     365905.000 ns	     36589	80007a88	03cbfeb3	remu	x29,x23,x28	 x23:0x00000252 x28:0xffffffff x29=0x00000252
     365935.000 ns	     36592	80007a8c	a1b59153	flt.s	x2,f11,f27	 f11:0x800407e0 f27:0x7fc00000  x2=0x00000000
     365955.000 ns	     36594	80007a90	408c0933	sub	x18,x24,x8	 x24:0x00000001  x8:0xffffffff x18=0x00000002
     365975.000 ns	     36596	80007a94	20258bd3	fsgnj.s	f23,f11,f2	 f11:0x800407e0  f2:0x4f000408 f23=0x000407e0
     365995.000 ns	     36598	80007a98	01dd3b33	sltu	x22,x26,x29	 x26:0x00000000 x29:0x00000252 x22=0x00000001
     366015.000 ns	     36600	80007a9c	202a18d3	fsgnjn.s	f17,f20,f2	 f20:0x7fc00000  f2:0x4f000408 f17=0xffc00000
     366045.000 ns	     36603	80007aa0	02988d33	mul	x26,x17,x9	 x17:0xfffffa75  x9:0x0000042e x26=0xffe8d506
     366065.000 ns	     36605	80007aa4	24a66513	ori	x10,x12,586	 x12:0x00000000 x10=0x0000024a
     366075.000 ns	     36606	80007aa8	402a84b3	sub	x9,x21,x2	 x21:0x00000000  x2:0x00000000  x9=0x00000000
     366085.000 ns	     36607	80007aac	00000013	addi	x0,x0,0	  x0:0x00000000
     366105.000 ns	     36609	80007ab0	20b3a053	fsgnjx.s	f0,f7,f11	  f7:0x00000000 f11:0x800407e0  f0=0x80000000
     366125.000 ns	     36611	80007ab4	00049e13	slli	x28,x9,0x0	  x9:0x00000000 x28=0x00000000
     366145.000 ns	     36613	80007ab8	21b08ed3	fsgnj.s	f29,f1,f27	  f1:0x401e6453 f27:0x7fc00000 f29=0x401e6453
     366165.000 ns	     36615	80007abc	10ffe213	ori	x4,x31,271	 x31:0x80041024  x4=0x8004112f
     366175.000 ns	     36616	80007ac0	40408d33	sub	x26,x1,x4	  x1:0x00000001  x4:0x00000000 x26=0x7ffbeed2
     366185.000 ns	     36617	80007ac4	01499033	sll	x0,x19,x20	 x19:0x00000000 x20:0x0000012c
     366195.000 ns	     36618	80007ac8	92d92d13	slti	x26,x18,-1747	 x18:0x00000002 x26=0x00000000
     366205.000 ns	     36619	80007acc	407003b3	sub	x7,x0,x7	  x0:0x00000000  x7:0x00000000  x7=0x00000000
     366215.000 ns	     36620	80007ad0	01c849b3	xor	x19,x16,x28	 x16:0x80040fe4 x28:0x00000000 x19=0x80040fe4
     366225.000 ns	     36621	80007ad4	004f5613	srli	x12,x30,0x4	 x30:0x800407e0 x12=0x0800407e
     366235.000 ns	     36622	80007ad8	0170bcb3	sltu	x25,x1,x23	  x1:0x00000001 x23:0x00000252 x25=0x00000001
     366255.000 ns	     36624	80007adc	03f01633	mulh	x12,x0,x31	  x0:0x00000000 x31:0x80041024 x12=0x00000000
     366275.000 ns	     36626	80007ae0	00a794b3	sll	x9,x15,x10	 x15:0x00000000 x10:0x0000024a  x9=0x00000000
     366315.000 ns	     36630	80007ae4	08faff53	fsub.s	f30,f21,f15	 f21:0x4f000410 f15:0x9b478d73 f30=0x4f000410
     366335.000 ns	     36632	80007ae8	01bd69b3	or	x19,x26,x27	 x26:0x00000000 x27:0x0000000e x19=0x0000000e
     366345.000 ns	     36633	80007aec	00cf7eb3	and	x29,x30,x12	 x30:0x800407e0 x12:0x00000000 x29=0x00000000
     366365.000 ns	     36635	80007af0	e0070353	fmv.x.w	x6,f14	 f14:0x7fc00000  x6=0x7fc00000
     366735.000 ns	     36672	80007af4	03e446b3	div	x13,x8,x30	  x8:0xffffffff x30:0x800407e0 x13=0x00000000
     366755.000 ns	     36674	80007af8	0198b4b3	sltu	x9,x17,x25	 x17:0xfffffa75 x25:0x00000001  x9=0x00000000
     366775.000 ns	     36676	80007afc	e00489d3	fmv.x.w	x19,f9	  f9:0x7fc00000 x19=0x7fc00000
     366795.000 ns	     36678	80007b00	415f5e33	sra	x28,x30,x21	 x30:0x800407e0 x21:0x00000000 x28=0x800407e0
     366815.000 ns	     36680	80007b04	021fb933	mulhu	x18,x31,x1	 x31:0x80041024  x1:0x00000001 x18=0x00000000
     366845.000 ns	     36683	80007b08	02ea9eb3	mulh	x29,x21,x14	 x21:0x00000000 x14:0x00000000 x29=0x00000000
     366875.000 ns	     36686	80007b0c	a1b7aa53	feq.s	x20,f15,f27	 f15:0x9b478d73 f27:0x7fc00000 x20=0x00000000
     366915.000 ns	     36690	80007b10	58027f53	fsqrt.s	f30,f4	  f4:0x80000000 f30=0x80000000
     366935.000 ns	     36692	80007b14	01f136b3	sltu	x13,x2,x31	  x2:0x00000000 x31:0x80041024 x13=0x00000001
     366965.000 ns	     36695	80007b18	19bb1453	fdiv.s	f8,f22,f27	 f22:0x00000001 f27:0x7fc00000  f8=0x7fc00000
     367335.000 ns	     36732	80007b1c	02854eb3	div	x29,x10,x8	 x10:0x0000024a  x8:0xffffffff x29=0xfffffdb6
     367705.000 ns	     36769	80007b20	0388d133	divu	x2,x17,x24	 x17:0xfffffa75 x24:0x00000001  x2=0xfffffa75
     367735.000 ns	     36772	80007b24	210822d3	fsgnjx.s	f5,f16,f16	 f16:0xc485c000 f16:0xc485c000  f5=0x4485c000
     367765.000 ns	     36775	80007b28	29611f53	fmax.s	f30,f2,f22	  f2:0x4f000408 f22:0x00000001 f30=0x4f000408
     367795.000 ns	     36778	80007b2c	03b523b3	mulhsu	x7,x10,x27	 x10:0x0000024a x27:0x0000000e  x7=0x00000000
     367815.000 ns	     36780	80007b30	89e58a13	addi	x20,x11,-1890	 x11:0xfffffa75 x20=0xfffff313
     367835.000 ns	     36782	80007b34	29aa1e53	fmax.s	f28,f20,f26	 f20:0x7fc00000 f26:0x800407e0 f28=0x800407e0
     367855.000 ns	     36784	80007b38	019c93b3	sll	x7,x25,x25	 x25:0x00000001 x25:0x00000001  x7=0x00000002
     367875.000 ns	     36786	80007b3c	28671853	fmax.s	f16,f14,f6	 f14:0x7fc00000  f6:0x8004039e f16=0x8004039e
     367905.000 ns	     36789	80007b40	037d94b3	mulh	x9,x27,x23	 x27:0x0000000e x23:0x00000252  x9=0x00000000
     367925.000 ns	     36791	80007b44	257c4f13	xori	x30,x24,599	 x24:0x00000001 x30=0x00000256
     367945.000 ns	     36793	80007b48	200e8d53	fsgnj.s	f26,f29,f0	 f29:0x401e6453  f0:0x80000000 f26=0xc01e6453
     367995.000 ns	     36798	80007b4c	080989d3	fsub.s	f19,f19,f0	 f19:0xc1600000  f0:0x80000000 f19=0xc1600000
     368025.000 ns	     36801	80007b50	0394a8b3	mulhsu	x17,x9,x25	  x9:0x00000000 x25:0x00000001 x17=0x00000000
     368045.000 ns	     36803	80007b54	ad227113	andi	x2,x4,-1326	  x4:0x8004112f  x2=0x80041002
     368055.000 ns	     36804	80007b58	01490f33	add	x30,x18,x20	 x18:0x00000000 x20:0xfffff313 x30=0xfffff313
     368075.000 ns	     36806	80007b5c	03f6ae33	mulhsu	x28,x13,x31	 x13:0x00000001 x31:0x80041024 x28=0x00000000
     368095.000 ns	     36808	80007b60	00f42d33	slt	x26,x8,x15	  x8:0xffffffff x15:0x00000000 x26=0x00000001
     368135.000 ns	     36812	80007b64	09ce73d3	fsub.s	f7,f28,f28	 f28:0x800407e0 f28:0x800407e0  f7=0x00000000
     368155.000 ns	     36814	80007b68	01361633	sll	x12,x12,x19	 x12:0x00000000 x19:0x7fc00000 x12=0x00000000
     368515.000 ns	     36850	80007b6c	0213da33	divu	x20,x7,x1	  x7:0x00000002  x1:0x00000001 x20=0x00000002
     368545.000 ns	     36853	80007b70	214d0f53	fsgnj.s	f30,f26,f20	 f26:0xc01e6453 f20:0x7fc00000 f30=0x401e6453
     368565.000 ns	     36855	80007b74	0100cb33	xor	x22,x1,x16	  x1:0x00000001 x16:0x80040fe4 x22=0x80040fe5
     368925.000 ns	     36891	80007b78	03486033	rem	x0,x16,x20	 x16:0x80040fe4 x20:0x00000002
     368955.000 ns	     36894	80007b7c	d0122853	fcvt.s.wu	f16,x4	  x4:0x8004112f f16=0x4f000412
     368995.000 ns	     36898	80007b80	1016b4d3	fmul.s	f9,f13,f1	 f13:0xc1600000  f1:0x401e6453  f9=0xc20a97c8
     369015.000 ns	     36900	80007b84	018f7933	and	x18,x30,x24	 x30:0xfffff313 x24:0x00000001 x18=0x00000001
     369035.000 ns	     36902	80007b88	a1a087d3	fle.s	x15,f1,f26	  f1:0x401e6453 f26:0xc01e6453 x15=0x00000000
     369085.000 ns	     36907	80007b8c	019a7753	fadd.s	f14,f20,f25	 f20:0x7fc00000 f25:0x7fc00000 f14=0x7fc00000
     369105.000 ns	     36909	80007b90	011e49b3	xor	x19,x28,x17	 x28:0x00000000 x17:0x00000000 x19=0x00000000
     369115.000 ns	     36910	80007b94	01199cb3	sll	x25,x19,x17	 x19:0x7fc00000 x17:0x00000000 x25=0x00000000
     369155.000 ns	     36914	80007b98	01997853	fadd.s	f16,f18,f25	 f18:0x80000000 f25:0x7fc00000 f16=0x7fc00000
     369185.000 ns	     36917	80007b9c	290117d3	fmax.s	f15,f2,f16	  f2:0x4f000408 f16:0x4f000412 f15=0x4f000408
     369205.000 ns	     36919	80007ba0	41b652b3	sra	x5,x12,x27	 x12:0x00000000 x27:0x0000000e  x5=0x00000000
     369225.000 ns	     36921	80007ba4	a0010ed3	fle.s	x29,f2,f0	  f2:0x4f000408  f0:0x80000000 x29=0x00000000
     369255.000 ns	     36924	80007ba8	038937b3	mulhu	x15,x18,x24	 x18:0x00000001 x24:0x00000001 x15=0x00000000
     369275.000 ns	     36926	80007bac	41cc8533	sub	x10,x25,x28	 x25:0x00000000 x28:0x00000000 x10=0x00000000
     369295.000 ns	     36928	80007bb0	c01e28d3	fcvt.wu.s	x17,f28	 f28:0x800407e0 x17=0x00000000
     369315.000 ns	     36930	80007bb4	01b41c33	sll	x24,x8,x27	  x8:0xffffffff x27:0x0000000e x24=0xffffc000
     369345.000 ns	     36933	80007bb8	10b67ad3	fmul.s	f21,f12,f11	 f12:0x7fc00000 f11:0x800407e0 f21=0x7fc00000
     369375.000 ns	     36936	80007bbc	02101bb3	mulh	x23,x0,x1	  x0:0x00000000  x1:0x00000001 x23=0x00000000
     369405.000 ns	     36939	80007bc0	c016f753	fcvt.wu.s	x14,f13	 f13:0xc1600000 x14=0x0000000e
     369435.000 ns	     36942	80007bc4	29178753	fmin.s	f14,f15,f17	 f15:0x4f000408 f17:0xffc00000 f14=0x4f000408
     369465.000 ns	     36945	80007bc8	20e00f53	fsgnj.s	f30,f0,f14	  f0:0x80000000 f14:0x7fc00000 f30=0x00000000
     369485.000 ns	     36947	80007bcc	01a3af33	slt	x30,x7,x26	  x7:0x00000002 x26:0x00000001 x30=0x00000000
     369495.000 ns	     36948	80007bd0	40678633	sub	x12,x15,x6	 x15:0x00000000  x6:0x7fc00000 x12=0x80400000
     369505.000 ns	     36949	80007bd4	40428eb3	sub	x29,x5,x4	  x5:0x00000000  x4:0x8004112f x29=0x7ffbeed1
     369515.000 ns	     36950	80007bd8	00000013	addi	x0,x0,0	  x0:0x00000000
     369535.000 ns	     36952	80007bdc	28531b53	fmax.s	f22,f6,f5	  f6:0x8004039e  f5:0x4485c000 f22=0x4485c000
     369565.000 ns	     36955	80007be0	020ed8b3	divu	x17,x29,x0	 x29:0x7ffbeed1  x0:0x00000000 x17=0xffffffff
     369595.000 ns	     36958	80007be4	a06f1953	flt.s	x18,f30,f6	 f30:0x00000000  f6:0x8004039e x18=0x00000000
     369615.000 ns	     36960	80007be8	01a7eab3	or	x21,x15,x26	 x15:0x00000000 x26:0x00000001 x21=0x00000001
     369625.000 ns	     36961	80007bec	00ef8bb3	add	x23,x31,x14	 x31:0x80041024 x14:0x0000000e x23=0x80041032
     369955.000 ns	     36994	80007bf0	19f9f9d3	fdiv.s	f19,f19,f31	 f19:0xc1600000 f31:0x4485c000 f19=0xbbedbaba
     369985.000 ns	     36997	80007bf4	027e1633	mulh	x12,x28,x7	 x28:0x00000000  x7:0x00000002 x12=0x00000000
     370015.000 ns	     37000	80007bf8	021f8a33	mul	x20,x31,x1	 x31:0x80041024  x1:0x00000001 x20=0x80041024
     370035.000 ns	     37002	80007bfc	008946b3	xor	x13,x18,x8	 x18:0x00000000  x8:0xffffffff x13=0xffffffff
     370045.000 ns	     37003	80007c00	b1546013	ori	x0,x8,-1259	  x8:0xffffffff
     370065.000 ns	     37005	80007c04	020269b3	rem	x19,x4,x0	  x4:0x8004112f  x0:0x00000000 x19=0x8004112f
     370095.000 ns	     37008	80007c08	a1f912d3	flt.s	x5,f18,f31	 f18:0x80000000 f31:0x4485c000  x5=0x00000001
     370125.000 ns	     37011	80007c0c	28d20453	fmin.s	f8,f4,f13	  f4:0x80000000 f13:0xc1600000  f8=0xc1600000
     370155.000 ns	     37014	80007c10	21b625d3	fsgnjx.s	f11,f12,f27	 f12:0x7fc00000 f27:0x7fc00000 f11=0x7fc00000
     370525.000 ns	     37051	80007c14	03537f33	remu	x30,x6,x21	  x6:0x7fc00000 x21:0x00000001 x30=0x00000000
     370545.000 ns	     37053	80007c18	01ec6b33	or	x22,x24,x30	 x24:0xffffc000 x30:0x00000000 x22=0xffffc000
     370565.000 ns	     37055	80007c1c	d01e4553	fcvt.s.wu	f10,x28	 x28:0x00000000 f10=0x00000000
     370595.000 ns	     37058	80007c20	a19e20d3	feq.s	x1,f28,f25	 f28:0x800407e0 f25:0x7fc00000  x1=0x00000000
     370615.000 ns	     37060	80007c24	eafb8993	addi	x19,x23,-337	 x23:0x80041032 x19=0x80040ee1
     370625.000 ns	     37061	80007c28	01bb1a93	slli	x21,x22,0x1b	 x22:0xffffc000 x21=0x00000000
     370635.000 ns	     37062	80007c2c	01358bb3	add	x23,x11,x19	 x11:0xfffffa75 x19:0x8004112f x23=0x80040956
     370645.000 ns	     37063	80007c30	00987f33	and	x30,x16,x9	 x16:0x80040fe4  x9:0x00000000 x30=0x00000000
     370655.000 ns	     37064	80007c34	008a0bb3	add	x23,x20,x8	 x20:0x80041024  x8:0xffffffff x23=0x80041023
     371015.000 ns	     37100	80007c38	02d3e633	rem	x12,x7,x13	  x7:0x00000002 x13:0xffffffff x12=0x00000000
     371045.000 ns	     37103	80007c3c	e0020753	fmv.x.w	x14,f4	  f4:0x80000000 x14=0x80000000
     371065.000 ns	     37105	80007c40	ff398113	addi	x2,x19,-13	 x19:0x80040ee1  x2=0x80040ed4
     371085.000 ns	     37107	80007c44	2005acd3	fsgnjx.s	f25,f11,f0	 f11:0x7fc00000  f0:0x80000000 f25=0xffc00000
     371115.000 ns	     37110	80007c48	03fc14b3	mulh	x9,x24,x31	 x24:0xffffc000 x31:0x80041024  x9=0x00001ffe
     371135.000 ns	     37112	80007c4c	93766a13	ori	x20,x12,-1737	 x12:0x00000000 x20=0xfffff937
     371175.000 ns	     37116	80007c50	00147853	fadd.s	f16,f8,f1	  f8:0xc1600000  f1:0x401e6453 f16=0xc13866eb
     371205.000 ns	     37119	80007c54	c00a0f53	fcvt.w.s	x30,f20	 f20:0x7fc00000 x30=0x7fffffff
     371575.000 ns	     37156	80007c58	036d4eb3	div	x29,x26,x22	 x26:0x00000001 x22:0xffffc000 x29=0x00000000
     371605.000 ns	     37159	80007c5c	e0089b53	fclass.s	x22,f17	 f17:0xffc00000 x22=0x00000200
     371625.000 ns	     37161	80007c60	72a7be93	sltiu	x29,x15,1834	 x15:0x00000000 x29=0x00000001
     371645.000 ns	     37163	80007c64	20991253	fsgnjn.s	f4,f18,f9	 f18:0x80000000  f9:0xc20a97c8  f4=0x00000000
     371695.000 ns	     37168	80007c68	01ac7ed3	fadd.s	f29,f24,f26	 f24:0xcefff7e0 f26:0xc01e6453 f29=0xcefff7e0
     371715.000 ns	     37170	80007c6c	006988b3	add	x17,x19,x6	 x19:0x80040ee1  x6:0x7fc00000 x17=0xffc40ee1
     371735.000 ns	     37172	80007c70	29ee90d3	fmax.s	f1,f29,f30	 f29:0xcefff7e0 f30:0x00000000  f1=0x00000000
     371765.000 ns	     37175	80007c74	c0177353	fcvt.wu.s	x6,f14	 f14:0x4f000408  x6=0x80040800
     371785.000 ns	     37177	80007c78	40b90bb3	sub	x23,x18,x11	 x18:0x00000000 x11:0xfffffa75 x23=0x0000058b
     371805.000 ns	     37179	80007c7c	d01bfb53	fcvt.s.wu	f22,x23	 x23:0x80041023 f22=0x44b16000
     371825.000 ns	     37181	80007c80	00000013	addi	x0,x0,0	  x0:0x00000000
     372185.000 ns	     37217	80007c84	03186433	rem	x8,x16,x17	 x16:0x80040fe4 x17:0xffc40ee1  x8=0xffdc5402
     372205.000 ns	     37219	80007c88	7f2a7237	lui	x4,0x7f2a7	  x4=0x7f2a7000
     372215.000 ns	     37220	80007c8c	000eef33	or	x30,x29,x0	 x29:0x00000001  x0:0x00000000 x30=0x00000001
     372575.000 ns	     37256	80007c90	02784bb3	div	x23,x16,x7	 x16:0x80040fe4  x7:0x00000002 x23=0xc00207f2
     372945.000 ns	     37293	80007c94	0287d533	divu	x10,x15,x8	 x15:0x00000000  x8:0xffdc5402 x10=0x00000000
     372965.000 ns	     37295	80007c98	05e10093	addi	x1,x2,94	  x2:0x80040ed4  x1=0x80040f32
     372975.000 ns	     37296	80007c9c	40bc5413	srai	x8,x24,0xb	 x24:0xffffc000  x8=0xfffffff8
     372985.000 ns	     37297	80007ca0	18708e13	addi	x28,x1,391	  x1:0x00000000 x28=0x800410b9
     373015.000 ns	     37300	80007ca4	10bff5d3	fmul.s	f11,f31,f11	 f31:0x4485c000 f11:0x7fc00000 f11=0x7fc00000
     373045.000 ns	     37303	80007ca8	02cc7033	remu	x0,x24,x12	 x24:0xffffc000 x12:0x00000000
     373065.000 ns	     37305	80007cac	016f8bb3	add	x23,x31,x22	 x31:0x80041024 x22:0x00000200 x23=0x80041224
     373085.000 ns	     37307	80007cb0	03dd81b3	mul	x3,x27,x29	 x27:0x0000000e x29:0x00000001  x3=0x0000000e
     373105.000 ns	     37309	80007cb4	4160d993	srai	x19,x1,0x16	  x1:0x80040f32 x19=0xfffffe00
     373125.000 ns	     37311	80007cb8	03610733	mul	x14,x2,x22	  x2:0x80040ed4 x22:0x00000200 x14=0x081da800
     373155.000 ns	     37314	80007cbc	286780d3	fmin.s	f1,f15,f6	 f15:0x4f000408  f6:0x8004039e  f1=0x8004039e
     373185.000 ns	     37317	80007cc0	02a65eb3	divu	x29,x12,x10	 x12:0x00000000 x10:0x00000000 x29=0xffffffff
     373205.000 ns	     37319	80007cc4	bfea3d13	sltiu	x26,x20,-1026	 x20:0xfffff937 x26=0x00000001
     373225.000 ns	     37321	80007cc8	034214b3	mulh	x9,x4,x20	  x4:0x7f2a7000 x20:0xfffff937  x9=0xfffffca1
     373595.000 ns	     37358	80007ccc	037ef6b3	remu	x13,x29,x23	 x29:0xffffffff x23:0x80041224 x13=0x7ffbeddb
     373615.000 ns	     37360	80007cd0	40198cb3	sub	x25,x19,x1	 x19:0xfffffe00  x1:0x80040f32 x25=0x7ffbeece
     373625.000 ns	     37361	80007cd4	40d85a33	sra	x20,x16,x13	 x16:0x80040fe4 x13:0x7ffbeddb x20=0xfffffff0
     373665.000 ns	     37365	80007cd8	097513d3	fsub.s	f7,f10,f23	 f10:0x00000000 f23:0x000407e0  f7=0x800407e0
     373685.000 ns	     37367	80007cdc	00b64433	xor	x8,x12,x11	 x12:0x00000000 x11:0xfffffa75  x8=0xfffffa75
     374045.000 ns	     37403	80007ce0	022d7d33	remu	x26,x26,x2	 x26:0x00000001  x2:0x80040ed4 x26=0x00000001
     374075.000 ns	     37406	80007ce4	036d06b3	mul	x13,x26,x22	 x26:0x00000001 x22:0x00000200 x13=0x00000200
     374125.000 ns	     37411	80007ce8	094c0553	fsub.s	f10,f24,f20	 f24:0xcefff7e0 f20:0x7fc00000 f10=0x7fc00000
     374145.000 ns	     37413	80007cec	0031b9b3	sltu	x19,x3,x3	  x3:0x0000000e  x3:0x0000000e x19=0x00000000
     374475.000 ns	     37446	80007cf0	186113d3	fdiv.s	f7,f2,f6	  f2:0x4f000408  f6:0x8004039e  f7=0xff800000
     374845.000 ns	     37483	80007cf4	0374f133	remu	x2,x9,x23	  x9:0xfffffca1 x23:0x80041224  x2=0x7ffbea7d
     374865.000 ns	     37485	80007cf8	a3664113	xori	x2,x12,-1482	 x12:0x00000000  x2=0xfffffa36
     374885.000 ns	     37487	80007cfc	20be2653	fsgnjx.s	f12,f28,f11	 f28:0x800407e0 f11:0x7fc00000 f12=0x800407e0
     375225.000 ns	     37521	80007d00	19a47ed3	fdiv.s	f29,f8,f26	  f8:0xc1600000 f26:0xc01e6453 f29=0x40c8657a
     375245.000 ns	     37523	80007d04	1edfb213	sltiu	x4,x31,493	 x31:0x80041024  x4=0x00000000
     375255.000 ns	     37524	80007d08	958c7c13	andi	x24,x24,-1704	 x24:0xffffc000 x24=0xffffc000
     375275.000 ns	     37526	80007d0c	f00b01d3	fmv.w.x	f3,x22	 x22:0x00000200  f3=0x00000200
     375305.000 ns	     37529	80007d10	c015f1d3	fcvt.wu.s	x3,f11	 f11:0x7fc00000  x3=0xffffffff
     375345.000 ns	     37533	80007d14	11048853	fmul.s	f16,f9,f16	  f9:0xc20a97c8 f16:0xc13866eb f16=0x43c7a99e
     375365.000 ns	     37535	80007d18	414501b3	sub	x3,x10,x20	 x10:0x00000000 x20:0xfffffff0  x3=0x00000010
     375385.000 ns	     37537	80007d1c	29ae9d53	fmax.s	f26,f29,f26	 f29:0x40c8657a f26:0xc01e6453 f26=0x40c8657a
     375405.000 ns	     37539	80007d20	3f197b93	andi	x23,x18,1009	 x18:0x00000000 x23=0x00000000
     375415.000 ns	     37540	80007d24	9b19a213	slti	x4,x19,-1615	 x19:0x00000000  x4=0x00000000
     375425.000 ns	     37541	80007d28	01b5c433	xor	x8,x11,x27	 x11:0xfffffa75 x27:0x0000000e  x8=0xfffffa7b
     375445.000 ns	     37543	80007d2c	216a93d3	fsgnjn.s	f7,f21,f22	 f21:0x7fc00000 f22:0x44b16000  f7=0xffc00000
     375465.000 ns	     37545	80007d30	007305b3	add	x11,x6,x7	  x6:0x80040800  x7:0x00000002 x11=0x80040802
     375475.000 ns	     37546	80007d34	00b734b3	sltu	x9,x14,x11	 x14:0x081da800 x11:0xfffffa75  x9=0x00000001
     375515.000 ns	     37550	80007d38	004d7a53	fadd.s	f20,f26,f4	 f26:0x40c8657a  f4:0x00000000 f20=0x40c8657a
     375535.000 ns	     37552	80007d3c	01922633	slt	x12,x4,x25	  x4:0x00000000 x25:0x7ffbeece x12=0x00000001
     375545.000 ns	     37553	80007d40	41c6da33	sra	x20,x13,x28	 x13:0x00000200 x28:0x800410b9 x20=0x00000000
     375565.000 ns	     37555	80007d44	02f06a33	rem	x20,x0,x15	  x0:0x00000000 x15:0x00000000 x20=0x00000000
     375585.000 ns	     37557	80007d48	5ab74913	xori	x18,x14,1451	 x14:0x081da800 x18=0x081dadab
     375595.000 ns	     37558	80007d4c	d9084413	xori	x8,x16,-624	 x16:0x80040fe4  x8=0x7ffbf274
     375615.000 ns	     37560	80007d50	a08a80d3	fle.s	x1,f21,f8	 f21:0x7fc00000  f8:0xc1600000  x1=0x00000000
     375645.000 ns	     37563	80007d54	e00b9bd3	fclass.s	x23,f23	 f23:0x000407e0 x23=0x00000020
     375685.000 ns	     37567	80007d58	10fea8d3	fmul.s	f17,f29,f15	 f29:0x40c8657a f15:0x4f000408 f17=0x50486bc9
     375715.000 ns	     37570	80007d5c	297306d3	fmin.s	f13,f6,f23	  f6:0x8004039e f23:0x000407e0 f13=0x8004039e
     375745.000 ns	     37573	80007d60	a01c8553	fle.s	x10,f25,f1	 f25:0xffc00000  f1:0x8004039e x10=0x00000000
     375765.000 ns	     37575	80007d64	01226eb3	or	x29,x4,x18	  x4:0x00000000 x18:0x081dadab x29=0x081dadab
     375785.000 ns	     37577	80007d68	03690233	mul	x4,x18,x22	 x18:0x081dadab x22:0x00000200  x4=0x3b5b5600
     375815.000 ns	     37580	80007d6c	f0080d53	fmv.w.x	f26,x16	 x16:0x80040fe4 f26=0x80040fe4
     375845.000 ns	     37583	80007d70	28eb9253	fmax.s	f4,f23,f14	 f23:0x000407e0 f14:0x4f000408  f4=0x4f000408
     375875.000 ns	     37586	80007d74	208e8a53	fsgnj.s	f20,f29,f8	 f29:0x40c8657a  f8:0xc1600000 f20=0xc0c8657a
     375905.000 ns	     37589	80007d78	03e525b3	mulhsu	x11,x10,x30	 x10:0x00000000 x30:0x00000001 x11=0x00000000
     375925.000 ns	     37591	80007d7c	01b2f7b3	and	x15,x5,x27	  x5:0x00000001 x27:0x0000000e x15=0x00000000
     375945.000 ns	     37593	80007d80	0355d6b3	divu	x13,x11,x21	 x11:0x00000000 x21:0x00000000 x13=0xffffffff
     375965.000 ns	     37595	80007d84	01dbee33	or	x28,x23,x29	 x23:0x00000020 x29:0x081dadab x28=0x081dadab
     375985.000 ns	     37597	80007d88	02a86a33	rem	x20,x16,x10	 x16:0x80040fe4 x10:0x00000000 x20=0x80040fe4
     376005.000 ns	     37599	80007d8c	0021f9b3	and	x19,x3,x2	  x3:0x00000010  x2:0xfffffa36 x19=0x00000010
     376365.000 ns	     37635	80007d90	025869b3	rem	x19,x16,x5	 x16:0x80040fe4  x5:0x00000001 x19=0x00000000
     376385.000 ns	     37637	80007d94	0085a6b3	slt	x13,x11,x8	 x11:0x00000000  x8:0x7ffbf274 x13=0x00000001
     376405.000 ns	     37639	80007d98	c0088cd3	fcvt.w.s	x25,f17	 f17:0x50486bc9 x25=0x7fffffff
     376425.000 ns	     37641	80007d9c	016599b3	sll	x19,x11,x22	 x11:0x00000000 x22:0x00000200 x19=0x00000000
     376445.000 ns	     37643	80007da0	292405d3	fmin.s	f11,f8,f18	  f8:0xc1600000 f18:0x80000000 f11=0xc1600000
     376475.000 ns	     37646	80007da4	030815b3	mulh	x11,x16,x16	 x16:0x80040fe4 x16:0x80040fe4 x11=0x3ffbf02c
     376505.000 ns	     37649	80007da8	c019fc53	fcvt.wu.s	x24,f19	 f19:0xbbedbaba x24=0x00000000
     376535.000 ns	     37652	80007dac	29c21dd3	fmax.s	f27,f4,f28	  f4:0x4f000408 f28:0x800407e0 f27=0x4f000408
     376555.000 ns	     37654	80007db0	00000013	addi	x0,x0,0	  x0:0x00000000
     376565.000 ns	     37655	80007db4	01fd1293	slli	x5,x26,0x1f	 x26:0x00000001  x5=0x80000000
     376575.000 ns	     37656	80007db8	00000013	addi	x0,x0,0	  x0:0x00000000
     376585.000 ns	     37657	80007dbc	d7d63193	sltiu	x3,x12,-643	 x12:0x00000001  x3=0x00000001
     376595.000 ns	     37658	80007dc0	cc370613	addi	x12,x14,-829	 x14:0x081da800 x12=0x081da4c3
     376635.000 ns	     37662	80007dc4	090e9e53	fsub.s	f28,f29,f16	 f29:0x40c8657a f16:0x43c7a99e f28=0xc3c48808
     376655.000 ns	     37664	80007dc8	0144eab3	or	x21,x9,x20	  x9:0x00000001 x20:0x80040fe4 x21=0x80040fe5
     376665.000 ns	     37665	80007dcc	0028fe33	and	x28,x17,x2	 x17:0xffc40ee1  x2:0xfffffa36 x28=0xffc40a20
     376675.000 ns	     37666	80007dd0	0154b433	sltu	x8,x9,x21	  x9:0x00000001 x21:0x00000000  x8=0x00000001
     376685.000 ns	     37667	80007dd4	010e75b3	and	x11,x28,x16	 x28:0x081dadab x16:0x80040fe4 x11=0x80040a20
     376705.000 ns	     37669	80007dd8	03a01bb3	mulh	x23,x0,x26	  x0:0x00000000 x26:0x00000001 x23=0x00000000
     376735.000 ns	     37672	80007ddc	202f9dd3	fsgnjn.s	f27,f31,f2	 f31:0x4485c000  f2:0x4f000408 f27=0xc485c000
     376755.000 ns	     37674	80007de0	01cbbc33	sltu	x24,x23,x28	 x23:0x00000000 x28:0xffc40a20 x24=0x00000001
     376775.000 ns	     37676	80007de4	a10013d3	flt.s	x7,f0,f16	  f0:0x80000000 f16:0x43c7a99e  x7=0x00000001
     376795.000 ns	     37678	80007de8	00000013	addi	x0,x0,0	  x0:0x00000000
     376815.000 ns	     37680	80007dec	f00e0553	fmv.w.x	f10,x28	 x28:0xffc40a20 f10=0xffc40a20
     376835.000 ns	     37682	80007df0	409d86b3	sub	x13,x27,x9	 x27:0x0000000e  x9:0x00000001 x13=0x0000000d
     376855.000 ns	     37684	80007df4	214c9353	fsgnjn.s	f6,f25,f20	 f25:0xffc00000 f20:0xc0c8657a  f6=0x7fc00000
     376885.000 ns	     37687	80007df8	03c62033	mulhsu	x0,x12,x28	 x12:0x081da4c3 x28:0xffc40a20
     376925.000 ns	     37691	80007dfc	11e017d3	fmul.s	f15,f0,f30	  f0:0x80000000 f30:0x00000000 f15=0x80000000
     376945.000 ns	     37693	80007e00	418fdf13	srai	x30,x31,0x18	 x31:0x80041024 x30=0xffffff80
     376955.000 ns	     37694	80007e04	2e8b1237	lui	x4,0x2e8b1	  x4=0x2e8b1000
     376975.000 ns	     37696	80007e08	c01023d3	fcvt.wu.s	x7,f0	  f0:0x80000000  x7=0x00000000
     376995.000 ns	     37698	80007e0c	003aa633	slt	x12,x21,x3	 x21:0x80040fe5  x3:0x00000001 x12=0x00000001
     377015.000 ns	     37700	80007e10	a05a9b53	flt.s	x22,f21,f5	 f21:0x7fc00000  f5:0x4485c000 x22=0x00000000
     377035.000 ns	     37702	80007e14	00ccacb3	slt	x25,x25,x12	 x25:0x7fffffff x12:0x081da4c3 x25=0x00000000
     377045.000 ns	     37703	80007e18	af210313	addi	x6,x2,-1294	  x2:0xfffffa36  x6=0xfffff528
     377065.000 ns	     37705	80007e1c	e00b12d3	fclass.s	x5,f22	 f22:0x44b16000  x5=0x00000040
     377085.000 ns	     37707	80007e20	62e8f093	andi	x1,x17,1582	 x17:0xffc40ee1  x1=0x00000620
     377105.000 ns	     37709	80007e24	032d18b3	mulh	x17,x26,x18	 x26:0x00000001 x18:0x081dadab x17=0x00000000
     377135.000 ns	     37712	80007e28	03376333	rem	x6,x14,x19	 x14:0x081da800 x19:0x00000000  x6=0x081da800
     377185.000 ns	     37717	80007e2c	08af78d3	fsub.s	f17,f30,f10	 f30:0x00000000 f10:0xffc40a20 f17=0x7fc00000
     377235.000 ns	     37722	80007e30	00bd7dd3	fadd.s	f27,f26,f11	 f26:0x80040fe4 f11:0xc1600000 f27=0xc1600000
     377265.000 ns	     37725	80007e34	0318e533	rem	x10,x17,x17	 x17:0x00000000 x17:0x00000000 x10=0x00000000
     377295.000 ns	     37728	80007e38	a11b03d3	fle.s	x7,f22,f17	 f22:0x44b16000 f17:0x7fc00000  x7=0x00000000
     377345.000 ns	     37733	80007e3c	08057ad3	fsub.s	f21,f10,f0	 f10:0xffc40a20  f0:0x80000000 f21=0x7fc00000
     377375.000 ns	     37736	80007e40	a089aed3	feq.s	x29,f19,f8	 f19:0xbbedbaba  f8:0xc1600000 x29=0x00000000
     377415.000 ns	     37740	80007e44	11dcb753	fmul.s	f14,f25,f29	 f25:0xffc00000 f29:0x40c8657a f14=0x7fc00000
     377435.000 ns	     37742	80007e48	00f434b3	sltu	x9,x8,x15	  x8:0x00000001 x15:0x00000000  x9=0x00000000
     377455.000 ns	     37744	80007e4c	c01173d3	fcvt.wu.s	x7,f2	  f2:0x4f000408  x7=0x80040800
     377475.000 ns	     37746	80007e50	00ff9133	sll	x2,x31,x15	 x31:0x80041024 x15:0x00000000  x2=0x80041024
     377495.000 ns	     37748	80007e54	02afdcb3	divu	x25,x31,x10	 x31:0x80041024 x10:0x00000000 x25=0xffffffff
     377515.000 ns	     37750	80007e58	407c5d33	sra	x26,x24,x7	 x24:0x00000001  x7:0x80040800 x26=0x00000001
     377525.000 ns	     37751	80007e5c	00daa033	slt	x0,x21,x13	 x21:0x80040fe5 x13:0x0000000d
     377545.000 ns	     37753	80007e60	218287d3	fsgnj.s	f15,f5,f24	  f5:0x4485c000 f24:0xcefff7e0 f15=0xc485c000
     377575.000 ns	     37756	80007e64	a1158e53	fle.s	x28,f11,f17	 f11:0xc1600000 f17:0x7fc00000 x28=0x00000000
     378755.000 ns	     37874	80007e68	5801f853	fsqrt.s	f16,f3	  f3:0x00000200 f16=0x1f350758
     378785.000 ns	     37877	80007e6c	022337b3	mulhu	x15,x6,x2	  x6:0x081da800  x2:0x80041024 x15=0x040ef4f9
     378815.000 ns	     37880	80007e70	02402b33	mulhsu	x22,x0,x4	  x0:0x00000000  x4:0x2e8b1000 x22=0x00000000
     378835.000 ns	     37882	80007e74	e0317e93	andi	x29,x2,-509	  x2:0x80041024 x29=0x80041000
     378855.000 ns	     37884	80007e78	0297d4b3	divu	x9,x15,x9	 x15:0x040ef4f9  x9:0x00000000  x9=0xffffffff
     378875.000 ns	     37886	80007e7c	cad8bc13	sltiu	x24,x17,-851	 x17:0x00000000 x24=0x00000001
     378895.000 ns	     37888	80007e80	a03d2a53	feq.s	x20,f26,f3	 f26:0x80040fe4  f3:0x00000200 x20=0x00000000
     378925.000 ns	     37891	80007e84	21ac0353	fsgnj.s	f6,f24,f26	 f24:0xcefff7e0 f26:0x80040fe4  f6=0xcefff7e0
     378955.000 ns	     37894	80007e88	28b30fd3	fmin.s	f31,f6,f11	  f6:0x7fc00000 f11:0xc1600000 f31=0xcefff7e0
     378985.000 ns	     37897	80007e8c	e00f1053	fclass.s	x0,f30	 f30:0x00000000
     379355.000 ns	     37934	80007e90	0223f033	remu	x0,x7,x2	  x7:0x80040800  x2:0x80041024
     379375.000 ns	     37936	80007e94	40208ab3	sub	x21,x1,x2	  x1:0x00000620  x2:0x80041024 x21=0x7ffbf5fc
     379395.000 ns	     37938	80007e98	032e3133	mulhu	x2,x28,x18	 x28:0x00000000 x18:0x081dadab  x2=0x00000000
     379415.000 ns	     37940	80007e9c	00ccf733	and	x14,x25,x12	 x25:0xffffffff x12:0x00000001 x14=0x00000001
     379435.000 ns	     37942	80007ea0	02cebbb3	mulhu	x23,x29,x12	 x29:0x80041000 x12:0x00000001 x23=0x00000000
     379465.000 ns	     37945	80007ea4	29379053	fmax.s	f0,f15,f19	 f15:0xc485c000 f19:0xbbedbaba  f0=0xbbedbaba
     379485.000 ns	     37947	80007ea8	bd5bcd13	xori	x26,x23,-1067	 x23:0x00000000 x26=0xfffffbd5
     379505.000 ns	     37949	80007eac	a1310e53	fle.s	x28,f2,f19	  f2:0x4f000408 f19:0xbbedbaba x28=0x00000000
     379875.000 ns	     37986	80007eb0	02857233	remu	x4,x10,x8	 x10:0x00000000  x8:0x00000001  x4=0x00000000
     379905.000 ns	     37989	80007eb4	a0af1453	flt.s	x8,f30,f10	 f30:0x00000000 f10:0xffc40a20  x8=0x00000000
     379945.000 ns	     37993	80007eb8	580613d3	fsqrt.s	f7,f12	 f12:0x800407e0  f7=0x7fc00000
     379975.000 ns	     37996	80007ebc	03178a33	mul	x20,x15,x17	 x15:0x040ef4f9 x17:0x00000000 x20=0x00000000
     380005.000 ns	     37999	80007ec0	02880633	mul	x12,x16,x8	 x16:0x80040fe4  x8:0x00000000 x12=0x00000000
     380035.000 ns	     38002	80007ec4	21080753	fsgnj.s	f14,f16,f16	 f16:0x1f350758 f16:0x1f350758 f14=0x1f350758
     380055.000 ns	     38004	80007ec8	b9124013	xori	x0,x4,-1135	  x4:0x00000000
     380065.000 ns	     38005	80007ecc	00e4d593	srli	x11,x9,0xe	  x9:0xffffffff x11=0x0003ffff
     380075.000 ns	     38006	80007ed0	69cbce93	xori	x29,x23,1692	 x23:0x00000000 x29=0x0000069c
     380115.000 ns	     38010	80007ed4	00c51653	fadd.s	f12,f10,f12	 f10:0xffc40a20 f12:0x800407e0 f12=0x7fc00000
     380135.000 ns	     38012	80007ed8	82c36513	ori	x10,x6,-2004	  x6:0x081da800 x10=0xfffff82c
     380495.000 ns	     38048	80007edc	02adf1b3	remu	x3,x27,x10	 x27:0x0000000e x10:0x00000000  x3=0x0000000e
     380515.000 ns	     38050	80007ee0	002497b3	sll	x15,x9,x2	  x9:0xffffffff  x2:0x00000000 x15=0xffffffff
     380535.000 ns	     38052	80007ee4	a0d61ad3	flt.s	x21,f12,f13	 f12:0x7fc00000 f13:0x8004039e x21=0x00000000
     380555.000 ns	     38054	80007ee8	01c5cd33	xor	x26,x11,x28	 x11:0x0003ffff x28:0x00000000 x26=0x0003ffff
     380575.000 ns	     38056	80007eec	d01dfbd3	fcvt.s.wu	f23,x27	 x27:0x0000000e f23=0x41600000
     380595.000 ns	     38058	80007ef0	d0982513	slti	x10,x16,-759	 x16:0x80040fe4 x10=0x00000001
     380625.000 ns	     38061	80007ef4	1000cd53	fmul.s	f26,f1,f0	  f1:0x8004039e  f0:0xbbedbaba f26=0x00000775
     380665.000 ns	     38065	80007ef8	19097bd3	fdiv.s	f23,f18,f16	 f18:0x80000000 f16:0x1f350758 f23=0x80000000
     380695.000 ns	     38068	80007efc	c006f353	fcvt.w.s	x6,f13	 f13:0x8004039e  x6=0x00000000
     380715.000 ns	     38070	80007f00	41905d13	srai	x26,x0,0x19	  x0:0x00000000 x26=0x00000000
     380735.000 ns	     38072	80007f04	a19791d3	flt.s	x3,f15,f25	 f15:0xc485c000 f25:0xffc00000  x3=0x00000000
     380755.000 ns	     38074	80007f08	e7d50b13	addi	x22,x10,-387	 x10:0x00000001 x22=0xfffffe7e
     381115.000 ns	     38110	80007f0c	02f6c633	div	x12,x13,x15	 x13:0x0000000d x15:0xffffffff x12=0xfffffff3
     381135.000 ns	     38112	80007f10	00000013	addi	x0,x0,0	  x0:0x00000000
     381155.000 ns	     38114	80007f14	e0068153	fmv.x.w	x2,f13	 f13:0x8004039e  x2=0x8004039e
     381185.000 ns	     38117	80007f18	0340bb33	mulhu	x22,x1,x20	  x1:0x00000620 x20:0x00000000 x22=0x00000000
     381215.000 ns	     38120	80007f1c	03cf01b3	mul	x3,x30,x28	 x30:0xffffff80 x28:0x00000000  x3=0x00000000
     381235.000 ns	     38122	80007f20	40735c33	sra	x24,x6,x7	  x6:0x00000000  x7:0x80040800 x24=0x00000000
     381245.000 ns	     38123	80007f24	570a8793	addi	x15,x21,1392	 x21:0x00000000 x15=0x00000570
     381255.000 ns	     38124	80007f28	a76ab793	sltiu	x15,x21,-1418	 x21:0x00000000 x15=0x00000001
     381295.000 ns	     38128	80007f2c	010002d3	fadd.s	f5,f0,f16	  f0:0xbbedbaba f16:0x1f350758  f5=0xbbedbaba
     381325.000 ns	     38131	80007f30	a0d22253	feq.s	x4,f4,f13	  f4:0x4f000408 f13:0x8004039e  x4=0x00000000
     381345.000 ns	     38133	80007f34	5686b613	sltiu	x12,x13,1384	 x13:0x0000000d x12=0x00000001
     381365.000 ns	     38135	80007f38	0315ecb3	rem	x25,x11,x17	 x11:0x0003ffff x17:0x00000000 x25=0x0003ffff
     381415.000 ns	     38140	80007f3c	08e749d3	fsub.s	f19,f14,f14	 f14:0x1f350758 f14:0x1f350758 f19=0x80000000
     381445.000 ns	     38143	80007f40	d0157853	fcvt.s.wu	f16,x10	 x10:0x00000001 f16=0x3f800000
     381465.000 ns	     38145	80007f44	0029e3b3	or	x7,x19,x2	 x19:0x00000000  x2:0x8004039e  x7=0x8004039e
     381475.000 ns	     38146	80007f48	01a7b633	sltu	x12,x15,x26	 x15:0x00000001 x26:0x00000000 x12=0x00000000
     381495.000 ns	     38148	80007f4c	e0029253	fclass.s	x4,f5	  f5:0xbbedbaba  x4=0x00000002
     381515.000 ns	     38150	80007f50	010d9393	slli	x7,x27,0x10	 x27:0x0000000e  x7=0x000e0000
     381525.000 ns	     38151	80007f54	012d16b3	sll	x13,x26,x18	 x26:0x00000000 x18:0x081dadab x13=0x00000000
     381545.000 ns	     38153	80007f58	02be9ab3	mulh	x21,x29,x11	 x29:0x0000069c x11:0x0003ffff x21=0x00000000
     381575.000 ns	     38156	80007f5c	033a6333	rem	x6,x20,x19	 x20:0x00000000 x19:0x00000000  x6=0x00000000
     381595.000 ns	     38158	80007f60	015b0e33	add	x28,x22,x21	 x22:0x00000000 x21:0x00000000 x28=0x00000000
     381635.000 ns	     38162	80007f64	0840b453	fsub.s	f8,f1,f4	  f1:0x8004039e  f4:0x4f000408  f8=0xcf000408
     381655.000 ns	     38164	80007f68	9af3fab7	lui	x21,0x9af3f	 x21=0x9af3f000
     381675.000 ns	     38166	80007f6c	021493b3	mulh	x7,x9,x1	  x9:0xffffffff  x1:0x00000620  x7=0xffffffff
     381695.000 ns	     38168	80007f70	01b14c33	xor	x24,x2,x27	  x2:0x8004039e x27:0x0000000e x24=0x80040390
     382055.000 ns	     38204	80007f74	03947933	remu	x18,x8,x25	  x8:0x00000000 x25:0x0003ffff x18=0x00000000
     382095.000 ns	     38208	80007f78	5803f1d3	fsqrt.s	f3,f7	  f7:0x7fc00000  f3=0x7fc00000
     382115.000 ns	     38210	80007f7c	008ed093	srli	x1,x29,0x8	 x29:0x0000069c  x1=0x00000006
     382125.000 ns	     38211	80007f80	007d1e33	sll	x28,x26,x7	 x26:0x00000000  x7:0xffffffff x28=0x00000000
     382145.000 ns	     38213	80007f84	02eca633	mulhsu	x12,x25,x14	 x25:0x0003ffff x14:0x00000001 x12=0x00000000
     382175.000 ns	     38216	80007f88	f00204d3	fmv.w.x	f9,x4	  x4:0x00000002  f9=0x00000002
     382545.000 ns	     38253	80007f8c	02b753b3	divu	x7,x14,x11	 x14:0x00000001 x11:0x0003ffff  x7=0x00000000
     382575.000 ns	     38256	80007f90	20e213d3	fsgnjn.s	f7,f4,f14	  f4:0x4f000408 f14:0x1f350758  f7=0xcf000408
     382595.000 ns	     38258	80007f94	01eda5b3	slt	x11,x27,x30	 x27:0x0000000e x30:0xffffff80 x11=0x00000000
     382615.000 ns	     38260	80007f98	a07894d3	flt.s	x9,f17,f7	 f17:0x7fc00000  f7:0xcf000408  x9=0x00000000
     382635.000 ns	     38262	80007f9c	01153333	sltu	x6,x10,x17	 x10:0x00000001 x17:0x00000000  x6=0x00000000
     382645.000 ns	     38263	80007fa0	b67f3a93	sltiu	x21,x30,-1177	 x30:0xffffff80 x21=0x00000000
     382975.000 ns	     38296	80007fa4	187b3053	fdiv.s	f0,f22,f7	 f22:0x44b16000  f7:0xcf000408  f0=0xb4b16000
     383005.000 ns	     38299	80007fa8	d007f853	fcvt.s.w	f16,x15	 x15:0x00000001 f16=0x3f800000
     383035.000 ns	     38302	80007fac	f00685d3	fmv.w.x	f11,x13	 x13:0x00000000 f11=0x00000000
     383055.000 ns	     38304	80007fb0	403283b3	sub	x7,x5,x3	  x5:0x00000040  x3:0x00000000  x7=0x00000040
     383065.000 ns	     38305	80007fb4	008be3b3	or	x7,x23,x8	 x23:0x00000000  x8:0x00000000  x7=0x00000000
     383425.000 ns	     38341	80007fb8	0386f3b3	remu	x7,x13,x24	 x13:0x00000000 x24:0x80040390  x7=0x00000000
     383445.000 ns	     38343	80007fbc	01fb9b13	slli	x22,x23,0x1f	 x23:0x00000000 x22=0x00000000
     383475.000 ns	     38346	80007fc0	11c3fe53	fmul.s	f28,f7,f28	  f7:0xcf000408 f28:0xc3c48808 f28=0x53448e38
     383505.000 ns	     38349	80007fc4	a03ba553	feq.s	x10,f23,f3	 f23:0x80000000  f3:0x7fc00000 x10=0x00000000
     383535.000 ns	     38352	80007fc8	02a08433	mul	x8,x1,x10	  x1:0x00000006 x10:0x00000001  x8=0x00000000
     383555.000 ns	     38354	80007fcc	003d6bb3	or	x23,x26,x3	 x26:0x00000000  x3:0x00000000 x23=0x00000000
     383565.000 ns	     38355	80007fd0	00000013	addi	x0,x0,0	  x0:0x00000000
     383585.000 ns	     38357	80007fd4	028c62b3	rem	x5,x24,x8	 x24:0x80040390  x8:0x00000000  x5=0x80040390
     383635.000 ns	     38362	80007fd8	086b4c53	fsub.s	f24,f22,f6	 f22:0x44b16000  f6:0xcefff7e0 f24=0x4efff7eb
     383665.000 ns	     38365	80007fdc	29c20453	fmin.s	f8,f4,f28	  f4:0x4f000408 f28:0x53448e38  f8=0x4f000408
     383695.000 ns	     38368	80007fe0	03b41d33	mulh	x26,x8,x27	  x8:0x00000000 x27:0x0000000e x26=0x00000000
     383725.000 ns	     38371	80007fe4	0272dbb3	divu	x23,x5,x7	  x5:0x80040390  x7:0x00000000 x23=0xffffffff
     383745.000 ns	     38373	80007fe8	01edd713	srli	x14,x27,0x1e	 x27:0x0000000e x14=0x00000000
     383755.000 ns	     38374	80007fec	e70bd937	lui	x18,0xe70bd	 x18=0xe70bd000
     383765.000 ns	     38375	80007ff0	0015d393	srli	x7,x11,0x1	 x11:0x00000000  x7=0x00000000
     383805.000 ns	     38379	80007ff4	00287953	fadd.s	f18,f16,f2	 f16:0x3f800000  f2:0x4f000408 f18=0x4f000408
     383825.000 ns	     38381	80007ff8	ee170293	addi	x5,x14,-287	 x14:0x00000000  x5=0xfffffee1
     384995.000 ns	     38498	80007ffc	580e71d3	fsqrt.s	f3,f28	 f28:0x53448e38  f3=0x490afc53
     385015.000 ns	     38500	80008000	01f5db93	srli	x23,x11,0x1f	 x11:0x00000000 x23=0x00000000
     385035.000 ns	     38502	80008004	20d8a453	fsgnjx.s	f8,f17,f13	 f17:0x7fc00000 f13:0x8004039e  f8=0xffc00000
     385055.000 ns	     38504	80008008	56ed3093	sltiu	x1,x26,1390	 x26:0x00000000  x1=0x00000001
     385075.000 ns	     38506	8000800c	c017ff53	fcvt.wu.s	x30,f15	 f15:0xc485c000 x30=0x0000042e
     385095.000 ns	     38508	80008010	00b33eb3	sltu	x29,x6,x11	  x6:0x00000000 x11:0x00000000 x29=0x00000000
     385115.000 ns	     38510	80008014	02c108b3	mul	x17,x2,x12	  x2:0x8004039e x12:0x00000000 x17=0x00000000
     385145.000 ns	     38513	80008018	02fb3d33	mulhu	x26,x22,x15	 x22:0x00000000 x15:0x00000001 x26=0x00000000
     385165.000 ns	     38515	8000801c	019bfa33	and	x20,x23,x25	 x23:0x00000000 x25:0x0003ffff x20=0x00000000
     385185.000 ns	     38517	80008020	03bbb333	mulhu	x6,x23,x27	 x23:0x00000000 x27:0x0000000e  x6=0x00000000
     385215.000 ns	     38520	80008024	20da84d3	fsgnj.s	f9,f21,f13	 f21:0x7fc00000 f13:0x8004039e  f9=0xffc00000
     385235.000 ns	     38522	80008028	40858133	sub	x2,x11,x8	 x11:0x00000000  x8:0x00000000  x2=0x00000000
     385265.000 ns	     38525	8000802c	5804aad3	fsqrt.s	f21,f9	  f9:0xffc00000 f21=0x7fc00000
     385285.000 ns	     38527	80008030	f9873c93	sltiu	x25,x14,-104	 x14:0x00000000 x25=0x00000001
     385305.000 ns	     38529	80008034	295b07d3	fmin.s	f15,f22,f21	 f22:0x44b16000 f21:0x7fc00000 f15=0x44b16000
     385325.000 ns	     38531	80008038	40415f33	sra	x30,x2,x4	  x2:0x00000000  x4:0x00000002 x30=0x00000000
     385345.000 ns	     38533	8000803c	039c8c33	mul	x24,x25,x25	 x25:0x00000001 x25:0x00000001 x24=0x00000001
     385685.000 ns	     38567	80008040	19081753	fdiv.s	f14,f16,f16	 f16:0x3f800000 f16:0x3f800000 f14=0x3f7fff38
     385725.000 ns	     38571	80008044	10851bd3	fmul.s	f23,f10,f8	 f10:0xffc40a20  f8:0xffc00000 f23=0x7fc00000
     386095.000 ns	     38608	80008048	032a67b3	rem	x15,x20,x18	 x20:0x00000000 x18:0xe70bd000 x15=0x00000000
     386125.000 ns	     38611	8000804c	207118d3	fsgnjn.s	f17,f2,f7	  f2:0x4f000408  f7:0xcf000408 f17=0x4f000408
     386465.000 ns	     38645	80008050	1923c353	fdiv.s	f6,f7,f18	  f7:0xcf000408 f18:0x4f000408  f6=0xbf000408
     386505.000 ns	     38649	80008054	1088bb53	fmul.s	f22,f17,f8	 f17:0x4f000408  f8:0xffc00000 f22=0x7fc00000
     386535.000 ns	     38652	80008058	a1ca8f53	fle.s	x30,f21,f28	 f21:0x7fc00000 f28:0x53448e38 x30=0x00000000
     387715.000 ns	     38770	8000805c	580934d3	fsqrt.s	f9,f18	 f18:0x4f000408  f9=0x46b50a38
     387755.000 ns	     38774	80008060	199f07d3	fdiv.s	f15,f30,f25	 f30:0x00000000 f25:0xffc00000 f15=0x7fc00000
     387775.000 ns	     38776	80008064	40c4d033	sra	x0,x9,x12	  x9:0x00000000 x12:0x00000000
     388135.000 ns	     38812	80008068	030e5133	divu	x2,x28,x16	 x28:0x00000000 x16:0x80040fe4  x2=0x00000000
     388155.000 ns	     38814	8000806c	2bda8c13	addi	x24,x21,701	 x21:0x00000000 x24=0x000002bd
     388165.000 ns	     38815	80008070	007dea33	or	x20,x27,x7	 x27:0x0000000e  x7:0x00000000 x20=0x0000000e
     388185.000 ns	     38817	80008074	a0f295d3	flt.s	x11,f5,f15	  f5:0xbbedbaba f15:0x7fc00000 x11=0x00000000
     388205.000 ns	     38819	80008078	94d5cab7	lui	x21,0x94d5c	 x21=0x94d5c000
     388235.000 ns	     38822	8000807c	580a08d3	fsqrt.s	f17,f20	 f20:0xc0c8657a f17=0x7fc00000
     388255.000 ns	     38824	80008080	010e2733	slt	x14,x28,x16	 x28:0x00000000 x16:0x80040fe4 x14=0x00000000
     388275.000 ns	     38826	80008084	0224c0b3	div	x1,x9,x2	  x9:0x00000000  x2:0x00000000  x1=0xffffffff
     388305.000 ns	     38829	80008088	29721353	fmax.s	f6,f4,f23	  f4:0x4f000408 f23:0x7fc00000  f6=0x4f000408
     388325.000 ns	     38831	8000808c	01c93633	sltu	x12,x18,x28	 x18:0xe70bd000 x28:0x00000000 x12=0x00000000
     388335.000 ns	     38832	80008090	004613b3	sll	x7,x12,x4	 x12:0x00000000  x4:0x00000002  x7=0x00000000
     388345.000 ns	     38833	80008094	5c89f993	andi	x19,x19,1480	 x19:0x00000000 x19=0x00000000
     388355.000 ns	     38834	80008098	bfad4a93	xori	x21,x26,-1030	 x26:0x00000000 x21=0xfffffbfa
     388365.000 ns	     38835	8000809c	00000013	addi	x0,x0,0	  x0:0x00000000
     388385.000 ns	     38837	800080a0	e00f8453	fmv.x.w	x8,f31	 f31:0xcefff7e0  x8=0xcefff7e0
     388415.000 ns	     38840	800080a4	f0020953	fmv.w.x	f18,x4	  x4:0x00000002 f18=0x00000002
     388465.000 ns	     38845	800080a8	08acfc53	fsub.s	f24,f25,f10	 f25:0xffc00000 f10:0xffc40a20 f24=0x7fc00000
     388485.000 ns	     38847	800080ac	00b8bc33	sltu	x24,x17,x11	 x17:0x00000000 x11:0x00000000 x24=0x00000000
     388495.000 ns	     38848	800080b0	41c95093	srai	x1,x18,0x1c	 x18:0xe70bd000  x1=0xfffffffe
     388515.000 ns	     38850	800080b4	21978753	fsgnj.s	f14,f15,f25	 f15:0x7fc00000 f25:0xffc00000 f14=0xffc00000
     388535.000 ns	     38852	800080b8	4083d393	srai	x7,x7,0x8	  x7:0x00000000  x7=0x00000000
     388545.000 ns	     38853	800080bc	00000013	addi	x0,x0,0	  x0:0x00000000
     388565.000 ns	     38855	800080c0	29ab0f53	fmin.s	f30,f22,f26	 f22:0x7fc00000 f26:0x00000775 f30=0x00000775
     388595.000 ns	     38858	800080c4	d002b3d3	fcvt.s.w	f7,x5	  x5:0xfffffee1  f7=0xc38f8000
     388625.000 ns	     38861	800080c8	02fdbe33	mulhu	x28,x27,x15	 x27:0x0000000e x15:0x00000000 x28=0x00000000
     388655.000 ns	     38864	800080cc	296b05d3	fmin.s	f11,f22,f22	 f22:0x7fc00000 f22:0x7fc00000 f11=0x7fc00000
     388675.000 ns	     38866	800080d0	00062133	slt	x2,x12,x0	 x12:0x00000000  x0:0x00000000  x2=0x00000000
     388685.000 ns	     38867	800080d4	4140de93	srai	x29,x1,0x14	  x1:0xfffffffe x29=0xffffffff
     388695.000 ns	     38868	800080d8	fa3db313	sltiu	x6,x27,-93	 x27:0x0000000e  x6=0x00000001
     388735.000 ns	     38872	800080dc	017403d3	fadd.s	f7,f8,f23	  f8:0xffc00000 f23:0x7fc00000  f7=0x7fc00000
     388755.000 ns	     38874	800080e0	00ff4d33	xor	x26,x30,x15	 x30:0x00000000 x15:0x00000000 x26=0x00000000
     388765.000 ns	     38875	800080e4	019c0d33	add	x26,x24,x25	 x24:0x00000000 x25:0x00000001 x26=0x00000001
     388785.000 ns	     38877	800080e8	02392cb3	mulhsu	x25,x18,x3	 x18:0xe70bd000  x3:0x00000000 x25=0x00000000
     388805.000 ns	     38879	800080ec	b3f7e793	ori	x15,x15,-1217	 x15:0x00000000 x15=0xfffffb3f
     388825.000 ns	     38881	800080f0	298003d3	fmin.s	f7,f0,f24	  f0:0xb4b16000 f24:0x7fc00000  f7=0xb4b16000
     388855.000 ns	     38884	800080f4	d00072d3	fcvt.s.w	f5,x0	  x0:0x00000000  f5=0x00000000
     388885.000 ns	     38887	800080f8	a0582553	feq.s	x10,f16,f5	 f16:0x3f800000  f5:0xbbedbaba x10=0x00000000
     388915.000 ns	     38890	800080fc	297d0ad3	fmin.s	f21,f26,f23	 f26:0x00000775 f23:0x7fc00000 f21=0x00000775
     388945.000 ns	     38893	80008100	03a22233	mulhsu	x4,x4,x26	  x4:0x00000002 x26:0x00000001  x4=0x00000000
     389285.000 ns	     38927	80008104	180a1553	fdiv.s	f10,f20,f0	 f20:0xc0c8657a  f0:0xb4b16000 f10=0x4b8d74df
     389315.000 ns	     38930	80008108	21e919d3	fsgnjn.s	f19,f18,f30	 f18:0x00000002 f30:0x00000775 f19=0x80000002
     389345.000 ns	     38933	8000810c	28a58753	fmin.s	f14,f11,f10	 f11:0x7fc00000 f10:0x4b8d74df f14=0x4b8d74df
     389365.000 ns	     38935	80008110	019f9493	slli	x9,x31,0x19	 x31:0x80041024  x9=0x48000000
     389725.000 ns	     38971	80008114	026ef6b3	remu	x13,x29,x6	 x29:0xffffffff  x6:0x00000001 x13=0x00000000
     389745.000 ns	     38973	80008118	01fdd633	srl	x12,x27,x31	 x27:0x0000000e x31:0x80041024 x12=0x00000000
     389765.000 ns	     38975	8000811c	29f69953	fmax.s	f18,f13,f31	 f13:0x8004039e f31:0xcefff7e0 f18=0x8004039e
     389805.000 ns	     38979	80008120	19963bd3	fdiv.s	f23,f12,f25	 f12:0x7fc00000 f25:0xffc00000 f23=0x7fc00000
     389825.000 ns	     38981	80008124	00bd2533	slt	x10,x26,x11	 x26:0x00000001 x11:0x00000000 x10=0x00000000
     389845.000 ns	     38983	80008128	a08c10d3	flt.s	x1,f24,f8	 f24:0x7fc00000  f8:0xffc00000  x1=0x00000000
     389875.000 ns	     38986	8000812c	03c9df33	divu	x30,x19,x28	 x19:0x00000000 x28:0x00000000 x30=0xffffffff
     389895.000 ns	     38988	80008130	b2a0a593	slti	x11,x1,-1238	  x1:0x00000000 x11=0x00000000
     389905.000 ns	     38989	80008134	00fd21b3	slt	x3,x26,x15	 x26:0x00000001 x15:0xfffffb3f  x3=0x00000000
     389915.000 ns	     38990	80008138	dffda413	slti	x8,x27,-513	 x27:0x0000000e  x8=0x00000000
     389935.000 ns	     38992	8000813c	a06f0753	fle.s	x14,f30,f6	 f30:0x00000775  f6:0x4f000408 x14=0x00000001
     389955.000 ns	     38994	80008140	00e73033	sltu	x0,x14,x14	 x14:0x00000000 x14:0x00000000
     389965.000 ns	     38995	80008144	4110deb3	sra	x29,x1,x17	  x1:0x00000000 x17:0x00000000 x29=0x00000000
     389985.000 ns	     38997	80008148	0373c433	div	x8,x7,x23	  x7:0x00000000 x23:0x00000000  x8=0xffffffff
     390005.000 ns	     38999	8000814c	d6690293	addi	x5,x18,-666	 x18:0xe70bd000  x5=0xe70bcd66
     390045.000 ns	     39003	80008150	09937653	fsub.s	f12,f6,f25	  f6:0x4f000408 f25:0xffc00000 f12=0x7fc00000
     390065.000 ns	     39005	80008154	003dacb3	slt	x25,x27,x3	 x27:0x0000000e  x3:0x00000000 x25=0x00000000
     390085.000 ns	     39007	80008158	21bb2753	fsgnjx.s	f14,f22,f27	 f22:0x7fc00000 f27:0xc1600000 f14=0xffc00000
     390105.000 ns	     39009	8000815c	18933c93	sltiu	x25,x6,393	  x6:0x00000001 x25=0x00000001
     390125.000 ns	     39011	80008160	214f9653	fsgnjn.s	f12,f31,f20	 f31:0xcefff7e0 f20:0xc0c8657a f12=0x4efff7e0
     390145.000 ns	     39013	80008164	67b18b93	addi	x23,x3,1659	  x3:0x00000000 x23=0x0000067b
     390165.000 ns	     39015	80008168	027ebab3	mulhu	x21,x29,x7	 x29:0x00000000  x7:0x00000000 x21=0x00000000
     390185.000 ns	     39017	8000816c	00f35613	srli	x12,x6,0xf	  x6:0x00000001 x12=0x00000000
     390205.000 ns	     39019	80008170	020f7e33	remu	x28,x30,x0	 x30:0xffffffff  x0:0x00000000 x28=0xffffffff
     390235.000 ns	     39022	80008174	e0028053	fmv.x.w	x0,f5	  f5:0x00000000
     390265.000 ns	     39025	80008178	e00003d3	fmv.x.w	x7,f0	  f0:0xb4b16000  x7=0xb4b16000
     390295.000 ns	     39028	8000817c	2114a0d3	fsgnjx.s	f1,f9,f17	  f9:0x46b50a38 f17:0x7fc00000  f1=0x46b50a38
     390315.000 ns	     39030	80008180	88fb4693	xori	x13,x22,-1905	 x22:0x00000000 x13=0xfffff88f
     390335.000 ns	     39032	80008184	d0054553	fcvt.s.w	f10,x10	 x10:0x00000000 f10=0x00000000
     390705.000 ns	     39069	80008188	029debb3	rem	x23,x27,x9	 x27:0x0000000e  x9:0x48000000 x23=0x0000000e
     391075.000 ns	     39106	8000818c	03025eb3	divu	x29,x4,x16	  x4:0x00000000 x16:0x80040fe4 x29=0x00000000
     391095.000 ns	     39108	80008190	01d12933	slt	x18,x2,x29	  x2:0x00000000 x29:0x00000000 x18=0x00000000
     391115.000 ns	     39110	80008194	d01570d3	fcvt.s.wu	f1,x10	 x10:0x00000000  f1=0x00000000
     391155.000 ns	     39114	80008198	1835ced3	fdiv.s	f29,f11,f3	 f11:0x7fc00000  f3:0x490afc53 f29=0x7fc00000
     391185.000 ns	     39117	8000819c	035c9cb3	mulh	x25,x25,x21	 x25:0x00000001 x21:0x00000000 x25=0x00000000
     391205.000 ns	     39119	800081a0	66ddfeb7	lui	x29,0x66ddf	 x29=0x66ddf000
     391215.000 ns	     39120	800081a4	c1f52b13	slti	x22,x10,-993	 x10:0x00000000 x22=0x00000000
     391235.000 ns	     39122	800081a8	022d0233	mul	x4,x26,x2	 x26:0x00000001  x2:0x00000000  x4=0x00000000
     391265.000 ns	     39125	800081ac	e0080cd3	fmv.x.w	x25,f16	 f16:0x3f800000 x25=0x3f800000
     391285.000 ns	     39127	800081b0	4be963b7	lui	x7,0x4be96	  x7=0x4be96000
     391295.000 ns	     39128	800081b4	0082ea33	or	x20,x5,x8	  x5:0xe70bcd66  x8:0xffffffff x20=0xffffffff
     391335.000 ns	     39132	800081b8	00e0a4d3	fadd.s	f9,f1,f14	  f1:0x00000000 f14:0xffc00000  f9=0x7fc00000
     391355.000 ns	     39134	800081bc	019408b3	add	x17,x8,x25	  x8:0xffffffff x25:0x3f800000 x17=0x3f7fffff
     391365.000 ns	     39135	800081c0	408e88b3	sub	x17,x29,x8	 x29:0x66ddf000  x8:0xffffffff x17=0x66ddf001
     391375.000 ns	     39136	800081c4	5a237313	andi	x6,x6,1442	  x6:0x00000001  x6=0x00000000
     391385.000 ns	     39137	800081c8	f683f013	andi	x0,x7,-152	  x7:0x4be96000
     391395.000 ns	     39138	800081cc	01a891b3	sll	x3,x17,x26	 x17:0x66ddf001 x26:0x00000001  x3=0xcdbbe002
     391405.000 ns	     39139	800081d0	019696b3	sll	x13,x13,x25	 x13:0xfffff88f x25:0x3f800000 x13=0xfffff88f
     391435.000 ns	     39142	800081d4	580dcc53	fsqrt.s	f24,f27	 f27:0xc1600000 f24=0x7fc00000
     391465.000 ns	     39145	800081d8	281a99d3	fmax.s	f19,f21,f1	 f21:0x00000775  f1:0x00000000 f19=0x00000775
     391505.000 ns	     39149	800081dc	19dff353	fdiv.s	f6,f31,f29	 f31:0xcefff7e0 f29:0x7fc00000  f6=0x7fc00000
     391535.000 ns	     39152	800081e0	a04893d3	flt.s	x7,f17,f4	 f17:0x7fc00000  f4:0x4f000408  x7=0x00000000
     391575.000 ns	     39156	800081e4	580a75d3	fsqrt.s	f11,f20	 f20:0xc0c8657a f11=0x7fc00000
     391595.000 ns	     39158	800081e8	02246b37	lui	x22,0x2246	 x22=0x02246000
     391605.000 ns	     39159	800081ec	00befc33	and	x24,x29,x11	 x29:0x66ddf000 x11:0x00000000 x24=0x00000000
     391615.000 ns	     39160	800081f0	01d85c13	srli	x24,x16,0x1d	 x16:0x80040fe4 x24=0x00000004
     391625.000 ns	     39161	800081f4	87592793	slti	x15,x18,-1931	 x18:0x00000000 x15=0x00000000
     391635.000 ns	     39162	800081f8	41835cb3	sra	x25,x6,x24	  x6:0x00000000 x24:0x00000000 x25=0x00000000
     391645.000 ns	     39163	800081fc	6bc99497	auipc	x9,0x6bc99	  x9=0xebca11fc
     391655.000 ns	     39164	80008200	01670e33	add	x28,x14,x22	 x14:0x00000001 x22:0x02246000 x28=0x02246001
     391665.000 ns	     39165	80008204	a4126713	ori	x14,x4,-1471	  x4:0x00000000 x14=0xfffffa41
     391675.000 ns	     39166	80008208	00f61693	slli	x13,x12,0xf	 x12:0x00000000 x13=0x00000000
     391685.000 ns	     39167	8000820c	01a4c1b3	xor	x3,x9,x26	  x9:0xebca11fc x26:0x00000001  x3=0xebca11fd
     391695.000 ns	     39168	80008210	40905a93	srai	x21,x0,0x9	  x0:0x00000000 x21=0x00000000
     391705.000 ns	     39169	80008214	00035913	srli	x18,x6,0x0	  x6:0x00000000 x18=0x00000000
     391725.000 ns	     39171	80008218	a09a2753	feq.s	x14,f20,f9	 f20:0xc0c8657a  f9:0x7fc00000 x14=0x00000000
     391755.000 ns	     39174	8000821c	02f00b33	mul	x22,x0,x15	  x0:0x00000000 x15:0x00000000 x22=0x00000000
     391775.000 ns	     39176	80008220	419cd0b3	sra	x1,x25,x25	 x25:0x00000000 x25:0x00000000  x1=0x00000000
     391795.000 ns	     39178	80008224	a1b90553	fle.s	x10,f18,f27	 f18:0x8004039e f27:0xc1600000 x10=0x00000000
     391815.000 ns	     39180	80008228	999ce413	ori	x8,x25,-1639	 x25:0x00000000  x8=0xfffff999
     391825.000 ns	     39181	8000822c	ebdfc013	xori	x0,x31,-323	 x31:0x80041024
     391845.000 ns	     39183	80008230	a11428d3	feq.s	x17,f8,f17	  f8:0xffc00000 f17:0x7fc00000 x17=0x00000000
     391865.000 ns	     39185	80008234	0039c1b3	xor	x3,x19,x3	 x19:0x00000000  x3:0xebca11fd  x3=0xebca11fd
     391875.000 ns	     39186	80008238	0049d993	srli	x19,x19,0x4	 x19:0x00000000 x19=0x00000000
     391895.000 ns	     39188	8000823c	033d89b3	mul	x19,x27,x19	 x27:0x0000000e x19:0x00000000 x19=0x00000000
     391925.000 ns	     39191	80008240	03120233	mul	x4,x4,x17	  x4:0x00000000 x17:0x00000000  x4=0x00000000
     391945.000 ns	     39193	80008244	74db8593	addi	x11,x23,1869	 x23:0x0000000e x11=0x0000075b
     391965.000 ns	     39195	80008248	022444b3	div	x9,x8,x2	  x8:0xfffff999  x2:0x00000000  x9=0xffffffff
     391995.000 ns	     39198	8000824c	03b52c33	mulhsu	x24,x10,x27	 x10:0x00000000 x27:0x0000000e x24=0x00000000
     392025.000 ns	     39201	80008250	02769bb3	mulh	x23,x13,x7	 x13:0x00000000  x7:0x00000000 x23=0x00000000
     392045.000 ns	     39203	80008254	00889493	slli	x9,x17,0x8	 x17:0x00000000  x9=0x00000000
     392065.000 ns	     39205	80008258	e00f89d3	fmv.x.w	x19,f31	 f31:0xcefff7e0 x19=0xcefff7e0
     392095.000 ns	     39208	8000825c	207703d3	fsgnj.s	f7,f14,f7	 f14:0xffc00000  f7:0xb4b16000  f7=0xffc00000
     392115.000 ns	     39210	80008260	0168fcb3	and	x25,x17,x22	 x17:0x00000000 x22:0x00000000 x25=0x00000000
     392135.000 ns	     39212	80008264	d00d15d3	fcvt.s.w	f11,x26	 x26:0x00000001 f11=0x3f800000
     392155.000 ns	     39214	80008268	d03e8c13	addi	x24,x29,-765	 x29:0x66ddf000 x24=0x66dded03
     392175.000 ns	     39216	8000826c	03648a33	mul	x20,x9,x22	  x9:0x00000000 x22:0x00000000 x20=0x00000000
     392205.000 ns	     39219	80008270	d0088ed3	fcvt.s.w	f29,x17	 x17:0x00000000 f29=0x00000000
     392225.000 ns	     39221	80008274	334e2893	slti	x17,x28,820	 x28:0x02246001 x17=0x00000000
     392235.000 ns	     39222	80008278	8e26e013	ori	x0,x13,-1822	 x13:0x00000000
     392245.000 ns	     39223	8000827c	6cd7ec13	ori	x24,x15,1741	 x15:0x00000000 x24=0x000006cd
     392265.000 ns	     39225	80008280	a13c0a53	fle.s	x20,f24,f19	 f24:0x7fc00000 f19:0x00000775 x20=0x00000000
     392285.000 ns	     39227	80008284	011f1d33	sll	x26,x30,x17	 x30:0xffffffff x17:0x00000000 x26=0xffffffff
     392295.000 ns	     39228	80008288	ad677393	andi	x7,x14,-1322	 x14:0x00000000  x7=0x00000000
     392315.000 ns	     39230	8000828c	02e5ad33	mulhsu	x26,x11,x14	 x11:0x0000075b x14:0x00000000 x26=0x00000000
     392345.000 ns	     39233	80008290	e00f10d3	fclass.s	x1,f30	 f30:0x00000775  x1=0x00000020
     392365.000 ns	     39235	80008294	8fc8bc13	sltiu	x24,x17,-1796	 x17:0x00000000 x24=0x00000001
     392375.000 ns	     39236	80008298	01193933	sltu	x18,x18,x17	 x18:0x00000000 x17:0x00000000 x18=0x00000000
     392395.000 ns	     39238	8000829c	c0192453	fcvt.wu.s	x8,f18	 f18:0x8004039e  x8=0x00000000
     392415.000 ns	     39240	800082a0	17cead13	slti	x26,x29,380	 x29:0x66ddf000 x26=0x00000000
     392435.000 ns	     39242	800082a4	f00d06d3	fmv.w.x	f13,x26	 x26:0x00000000 f13=0x00000000
     392455.000 ns	     39244	800082a8	00825493	srli	x9,x4,0x8	  x4:0x00000000  x9=0x00000000
     392475.000 ns	     39246	800082ac	a0622653	feq.s	x12,f4,f6	  f4:0x4f000408  f6:0x7fc00000 x12=0x00000000
     392525.000 ns	     39251	800082b0	00b87d53	fadd.s	f26,f16,f11	 f16:0x3f800000 f11:0x3f800000 f26=0x40000000
     392545.000 ns	     39253	800082b4	f5af4493	xori	x9,x30,-166	 x30:0xffffffff  x9=0x000000a5
     392555.000 ns	     39254	800082b8	f44f8e13	addi	x28,x31,-188	 x31:0x80041024 x28=0x80040f68
     392575.000 ns	     39256	800082bc	d0102cd3	fcvt.s.wu	f25,x0	  x0:0x00000000 f25=0x00000000
     392605.000 ns	     39259	800082c0	20802453	fsgnjx.s	f8,f0,f8	  f0:0xb4b16000  f8:0xffc00000  f8=0x34b16000
     392635.000 ns	     39262	800082c4	298295d3	fmax.s	f11,f5,f24	  f5:0x00000000 f24:0x7fc00000 f11=0x00000000
     392655.000 ns	     39264	800082c8	01e570b3	and	x1,x10,x30	 x10:0x00000000 x30:0xffffffff  x1=0x00000000
     392665.000 ns	     39265	800082cc	1c55c613	xori	x12,x11,453	 x11:0x0000075b x12=0x0000069e
     392685.000 ns	     39267	800082d0	a09f1f53	flt.s	x30,f30,f9	 f30:0x00000775  f9:0x7fc00000 x30=0x00000000
     392715.000 ns	     39270	800082d4	c01cf753	fcvt.wu.s	x14,f25	 f25:0x00000000 x14=0x00000000
     392735.000 ns	     39272	800082d8	41acdb33	sra	x22,x25,x26	 x25:0x00000000 x26:0x00000000 x22=0x00000000
     392755.000 ns	     39274	800082dc	286582d3	fmin.s	f5,f11,f6	 f11:0x00000000  f6:0x7fc00000  f5=0x00000000
     392775.000 ns	     39276	800082e0	00074eb3	xor	x29,x14,x0	 x14:0x00000000  x0:0x00000000 x29=0x00000000
     392785.000 ns	     39277	800082e4	006f61b3	or	x3,x30,x6	 x30:0x00000000  x6:0x00000000  x3=0x00000000
     392815.000 ns	     39280	800082e8	10f34353	fmul.s	f6,f6,f15	  f6:0x7fc00000 f15:0x7fc00000  f6=0x7fc00000
     392835.000 ns	     39282	800082ec	0189f3b3	and	x7,x19,x24	 x19:0xcefff7e0 x24:0x00000001  x7=0x00000000
     392845.000 ns	     39283	800082f0	004e9613	slli	x12,x29,0x4	 x29:0x00000000 x12=0x00000000
     392865.000 ns	     39285	800082f4	028ee6b3	rem	x13,x29,x8	 x29:0x00000000  x8:0x00000000 x13=0x00000000
     392885.000 ns	     39287	800082f8	90f84293	xori	x5,x16,-1777	 x16:0x80040fe4  x5=0x7ffbf6eb
     392905.000 ns	     39289	800082fc	212d0453	fsgnj.s	f8,f26,f18	 f26:0x40000000 f18:0x8004039e  f8=0xc0000000
     392925.000 ns	     39291	80008300	00141b13	slli	x22,x8,0x1	  x8:0x00000000 x22=0x00000000
     392935.000 ns	     39292	80008304	00d13133	sltu	x2,x2,x13	  x2:0x00000000 x13:0x00000000  x2=0x00000000
     392955.000 ns	     39294	80008308	208b0fd3	fsgnj.s	f31,f22,f8	 f22:0x7fc00000  f8:0xc0000000 f31=0xffc00000
     392985.000 ns	     39297	8000830c	a0d6a3d3	feq.s	x7,f13,f13	 f13:0x00000000 f13:0x00000000  x7=0x00000001
     393005.000 ns	     39299	80008310	01e7c033	xor	x0,x15,x30	 x15:0x00000000 x30:0x00000000
     393025.000 ns	     39301	80008314	02c817b3	mulh	x15,x16,x12	 x16:0x80040fe4 x12:0x00000000 x15=0x00000000
     393055.000 ns	     39304	80008318	037bc1b3	div	x3,x23,x23	 x23:0x00000000 x23:0x00000000  x3=0xffffffff
     393075.000 ns	     39306	8000831c	017bce33	xor	x28,x23,x23	 x23:0x00000000 x23:0x00000000 x28=0x00000000
     393085.000 ns	     39307	80008320	00000013	addi	x0,x0,0	  x0:0x00000000
     393105.000 ns	     39309	80008324	032c25b3	mulhsu	x11,x24,x18	 x24:0x00000001 x18:0x00000000 x11=0x00000000
     393135.000 ns	     39312	80008328	a146a153	feq.s	x2,f13,f20	 f13:0x00000000 f20:0xc0c8657a  x2=0x00000000
     394315.000 ns	     39430	8000832c	580e4253	fsqrt.s	f4,f28	 f28:0x53448e38  f4=0x490afc53
     394335.000 ns	     39432	80008330	414cdbb3	sra	x23,x25,x20	 x25:0x00000000 x20:0x00000000 x23=0x00000000
     394345.000 ns	     39433	80008334	41f15733	sra	x14,x2,x31	  x2:0x00000000 x31:0x80041024 x14=0x00000000
     394385.000 ns	     39437	80008338	08c6fc53	fsub.s	f24,f13,f12	 f13:0x00000000 f12:0x4efff7e0 f24=0xcefff7e0
     394415.000 ns	     39440	8000833c	032d25b3	mulhsu	x11,x26,x18	 x26:0x00000000 x18:0x00000000 x11=0x00000000
     394435.000 ns	     39442	80008340	cdae6013	ori	x0,x28,-806	 x28:0x00000000
     394445.000 ns	     39443	80008344	009629b3	slt	x19,x12,x9	 x12:0x00000000  x9:0x000000a5 x19=0x00000001
     394455.000 ns	     39444	80008348	41b25b33	sra	x22,x4,x27	  x4:0x00000000 x27:0x0000000e x22=0x00000000
     394465.000 ns	     39445	8000834c	00d82033	slt	x0,x16,x13	 x16:0x80040fe4 x13:0x00000000
     394485.000 ns	     39447	80008350	a0ac0653	fle.s	x12,f24,f10	 f24:0xcefff7e0 f10:0x00000000 x12=0x00000001
     394515.000 ns	     39450	80008354	e0021253	fclass.s	x4,f4	  f4:0x490afc53  x4=0x00000040
     394545.000 ns	     39453	80008358	028a3c33	mulhu	x24,x20,x8	 x20:0x00000000  x8:0x00000000 x24=0x00000000
     394915.000 ns	     39490	8000835c	03f37c33	remu	x24,x6,x31	  x6:0x00000000 x31:0x80041024 x24=0x00000000
     394935.000 ns	     39492	80008360	4ccf7c93	andi	x25,x30,1228	 x30:0x00000000 x25=0x00000000
     394955.000 ns	     39494	80008364	215418d3	fsgnjn.s	f17,f8,f21	  f8:0xc0000000 f21:0x00000775 f17=0xc0000000
     394995.000 ns	     39498	80008368	580e99d3	fsqrt.s	f19,f29	 f29:0x00000000 f19=0x00000000
     395035.000 ns	     39502	8000836c	11f6f553	fmul.s	f10,f13,f31	 f13:0x00000000 f31:0xffc00000 f10=0x7fc00000
     395055.000 ns	     39504	80008370	e6c22213	slti	x4,x4,-404	  x4:0x00000040  x4=0x00000000
     395075.000 ns	     39506	80008374	c0017953	fcvt.w.s	x18,f2	  f2:0x4f000408 x18=0x7fffffff
     395095.000 ns	     39508	80008378	00000013	addi	x0,x0,0	  x0:0x00000000
     395105.000 ns	     39509	8000837c	0082e3b3	or	x7,x5,x8	  x5:0x7ffbf6eb  x8:0x00000000  x7=0x7ffbf6eb
     395115.000 ns	     39510	80008380	00dde9b3	or	x19,x27,x13	 x27:0x0000000e x13:0x00000000 x19=0x0000000e
     395125.000 ns	     39511	80008384	37f03297	auipc	x5,0x37f03	  x5=0xb7f0b384
     395135.000 ns	     39512	80008388	bbd61617	auipc	x12,0xbbd61	 x12=0x3bd69388
     395155.000 ns	     39514	8000838c	a03f04d3	fle.s	x9,f30,f3	 f30:0x00000775  f3:0x490afc53  x9=0x00000001
     395185.000 ns	     39517	80008390	d007fb53	fcvt.s.w	f22,x15	 x15:0x00000000 f22=0x00000000
     395225.000 ns	     39521	80008394	11897c53	fmul.s	f24,f18,f24	 f18:0x8004039e f24:0xcefff7e0 f24=0x0d806fac
     395245.000 ns	     39523	80008398	40595933	sra	x18,x18,x5	 x18:0x7fffffff  x5:0xb7f0b384 x18=0x07ffffff
     395255.000 ns	     39524	8000839c	06b33593	sltiu	x11,x6,107	  x6:0x00000000 x11=0x00000001
     395265.000 ns	     39525	800083a0	01de03b3	add	x7,x28,x29	 x28:0x00000000 x29:0x00000000  x7=0x00000000
     395275.000 ns	     39526	800083a4	412288b3	sub	x17,x5,x18	  x5:0xb7f0b384 x18:0x07ffffff x17=0xaff0b385
     395295.000 ns	     39528	800083a8	d001cc53	fcvt.s.w	f24,x3	  x3:0xffffffff f24=0xbf800000
     395315.000 ns	     39530	800083ac	360d7e13	andi	x28,x26,864	 x26:0x00000000 x28=0x00000000
     395335.000 ns	     39532	800083b0	e00791d3	fclass.s	x3,f15	 f15:0x7fc00000  x3=0x00000200
     395365.000 ns	     39535	800083b4	a180a7d3	feq.s	x15,f1,f24	  f1:0x00000000 f24:0xbf800000 x15=0x00000000
     395395.000 ns	     39538	800083b8	026410b3	mulh	x1,x8,x6	  x8:0x00000000  x6:0x00000000  x1=0x00000000
     395425.000 ns	     39541	800083bc	281d06d3	fmin.s	f13,f26,f1	 f26:0x40000000  f1:0x00000000 f13=0x00000000
     395445.000 ns	     39543	800083c0	0051dd33	srl	x26,x3,x5	  x3:0x00000200  x5:0xb7f0b384 x26=0x00000020
     395455.000 ns	     39544	800083c4	0084d033	srl	x0,x9,x8	  x9:0x00000001  x8:0x00000000
     395475.000 ns	     39546	800083c8	02431ab3	mulh	x21,x6,x4	  x6:0x00000000  x4:0x00000000 x21=0x00000000
     395515.000 ns	     39550	800083cc	18d2ff53	fdiv.s	f30,f5,f13	  f5:0x00000000 f13:0x00000000 f30=0x7fc00000
     395535.000 ns	     39552	800083d0	017d1c13	slli	x24,x26,0x17	 x26:0x00000020 x24=0x10000000
     395545.000 ns	     39553	800083d4	c37281b7	lui	x3,0xc3728	  x3=0xc3728000
     395555.000 ns	     39554	800083d8	3b2fb013	sltiu	x0,x31,946	 x31:0x80041024
     395585.000 ns	     39557	800083dc	18f8f653	fdiv.s	f12,f17,f15	 f17:0xc0000000 f15:0x7fc00000 f12=0x7fc00000
     395605.000 ns	     39559	800083e0	007f59b3	srl	x19,x30,x7	 x30:0x00000000  x7:0x00000000 x19=0x00000000
     395615.000 ns	     39560	800083e4	41d95a13	srai	x20,x18,0x1d	 x18:0x07ffffff x20=0x00000000
     395625.000 ns	     39561	800083e8	41d68e33	sub	x28,x13,x29	 x13:0x00000000 x29:0x00000000 x28=0x00000000
     395635.000 ns	     39562	800083ec	05c4c593	xori	x11,x9,92	  x9:0x00000001 x11=0x0000005d
     395655.000 ns	     39564	800083f0	a0a4a453	feq.s	x8,f9,f10	  f9:0x7fc00000 f10:0x7fc00000  x8=0x00000000
     395675.000 ns	     39566	800083f4	2bb9ca93	xori	x21,x19,699	 x19:0x00000000 x21=0x000002bb
     395695.000 ns	     39568	800083f8	03305e33	divu	x28,x0,x19	  x0:0x00000000 x19:0x00000000 x28=0xffffffff
     395725.000 ns	     39571	800083fc	299f87d3	fmin.s	f15,f31,f25	 f31:0xffc00000 f25:0x00000000 f15=0x00000000
     395755.000 ns	     39574	80008400	e0061153	fclass.s	x2,f12	 f12:0x7fc00000  x2=0x00000200
     395785.000 ns	     39577	80008404	f0000953	fmv.w.x	f18,x0	  x0:0x00000000 f18=0x00000000
     395805.000 ns	     39579	80008408	01337433	and	x8,x6,x19	  x6:0x00000000 x19:0x00000000  x8=0x00000000
     395825.000 ns	     39581	8000840c	299999d3	fmax.s	f19,f19,f25	 f19:0x00000000 f25:0x00000000 f19=0x00000000
     395855.000 ns	     39584	80008410	e0030c53	fmv.x.w	x24,f6	  f6:0x7fc00000 x24=0x7fc00000
     395875.000 ns	     39586	80008414	00f4ac33	slt	x24,x9,x15	  x9:0x00000001 x15:0x00000000 x24=0x00000000
     395885.000 ns	     39587	80008418	45304113	xori	x2,x0,1107	  x0:0x00000000  x2=0x00000453
     395905.000 ns	     39589	8000841c	f00f02d3	fmv.w.x	f5,x30	 x30:0x00000000  f5=0x00000000
     395925.000 ns	     39591	80008420	2369aa93	slti	x21,x19,566	 x19:0x00000000 x21=0x00000001
     395935.000 ns	     39592	80008424	01df1913	slli	x18,x30,0x1d	 x30:0x00000000 x18=0x00000000
     395945.000 ns	     39593	80008428	066fa913	slti	x18,x31,102	 x31:0x80041024 x18=0x00000001
     395975.000 ns	     39596	8000842c	1169ad53	fmul.s	f26,f19,f22	 f19:0x00000000 f22:0x00000000 f26=0x00000000
     396005.000 ns	     39599	80008430	a1f1a353	feq.s	x6,f3,f31	  f3:0x490afc53 f31:0xffc00000  x6=0x00000000
     396035.000 ns	     39602	80008434	a03991d3	flt.s	x3,f19,f3	 f19:0x00000000  f3:0x490afc53  x3=0x00000001
     396055.000 ns	     39604	80008438	01a85eb3	srl	x29,x16,x26	 x16:0x80040fe4 x26:0x00000020 x29=0x80040fe4
     396075.000 ns	     39606	8000843c	20651d53	fsgnjn.s	f26,f10,f6	 f10:0x7fc00000  f6:0x7fc00000 f26=0xffc00000
     396095.000 ns	     39608	80008440	006d7797	auipc	x15,0x6d7	 x15=0x806df440
     396115.000 ns	     39610	80008444	03c2bb33	mulhu	x22,x5,x28	  x5:0xb7f0b384 x28:0xffffffff x22=0xb7f0b383
     396145.000 ns	     39613	80008448	e0079ed3	fclass.s	x29,f15	 f15:0x00000000 x29=0x00000010
     396185.000 ns	     39617	8000844c	580cc953	fsqrt.s	f18,f25	 f25:0x00000000 f18=0x00000000
     396555.000 ns	     39654	80008450	02557c33	remu	x24,x10,x5	 x10:0x00000000  x5:0xb7f0b384 x24=0x00000000
     396585.000 ns	     39657	80008454	20ca8d53	fsgnj.s	f26,f21,f12	 f21:0x00000775 f12:0x7fc00000 f26=0x00000775
     396615.000 ns	     39660	80008458	c01a7a53	fcvt.wu.s	x20,f20	 f20:0xc0c8657a x20=0x00000006
     396645.000 ns	     39663	8000845c	e0078753	fmv.x.w	x14,f15	 f15:0x00000000 x14=0x00000000
     396675.000 ns	     39666	80008460	a01b9e53	flt.s	x28,f23,f1	 f23:0x7fc00000  f1:0x00000000 x28=0x00000000
     396695.000 ns	     39668	80008464	35fc2593	slti	x11,x24,863	 x24:0x00000000 x11=0x00000001
     396735.000 ns	     39672	80008468	08682ad3	fsub.s	f21,f16,f6	 f16:0x3f800000  f6:0x7fc00000 f21=0x7fc00000
     397105.000 ns	     39709	8000846c	03fce3b3	rem	x7,x25,x31	 x25:0x00000000 x31:0x80041024  x7=0x00000000
     397135.000 ns	     39712	80008470	214d9ad3	fsgnjn.s	f21,f27,f20	 f27:0xc1600000 f20:0xc0c8657a f21=0x41600000
     397155.000 ns	     39714	80008474	00689693	slli	x13,x17,0x6	 x17:0xaff0b385 x13=0xfc2ce140
     397175.000 ns	     39716	80008478	21911953	fsgnjn.s	f18,f2,f25	  f2:0x4f000408 f25:0x00000000 f18=0xcf000408
     397205.000 ns	     39719	8000847c	02c18bb3	mul	x23,x3,x12	  x3:0x00000001 x12:0x3bd69388 x23=0x3bd69388
     397235.000 ns	     39722	80008480	a12c10d3	flt.s	x1,f24,f18	 f24:0xbf800000 f18:0xcf000408  x1=0x00000000
     397255.000 ns	     39724	80008484	4afd7993	andi	x19,x26,1199	 x26:0x00000020 x19=0x00000020
     397265.000 ns	     39725	80008488	cac98b93	addi	x23,x19,-852	 x19:0x00000000 x23=0xfffffccc
     397275.000 ns	     39726	8000848c	01e99493	slli	x9,x19,0x1e	 x19:0x00000000  x9=0x00000000
     397315.000 ns	     39730	80008490	0898f153	fsub.s	f2,f17,f9	 f17:0xc0000000  f9:0x7fc00000  f2=0x7fc00000
     397335.000 ns	     39732	80008494	d2b18693	addi	x13,x3,-725	  x3:0x00000001 x13=0xfffffd2c
     397355.000 ns	     39734	80008498	c01df6d3	fcvt.wu.s	x13,f27	 f27:0xc1600000 x13=0x0000000e
     397385.000 ns	     39737	8000849c	20f610d3	fsgnjn.s	f1,f12,f15	 f12:0x7fc00000 f15:0x00000000  f1=0xffc00000
     397415.000 ns	     39740	800084a0	a0440653	fle.s	x12,f8,f4	  f8:0xc0000000  f4:0x490afc53 x12=0x00000001
     397435.000 ns	     39742	800084a4	4a372e13	slti	x28,x14,1187	 x14:0x00000000 x28=0x00000001
     397455.000 ns	     39744	800084a8	e00583d3	fmv.x.w	x7,f11	 f11:0x00000000  x7=0x00000000
     397495.000 ns	     39748	800084ac	1092fbd3	fmul.s	f23,f5,f9	  f5:0x00000000  f9:0x7fc00000 f23=0x7fc00000
     397535.000 ns	     39752	800084b0	1035fd53	fmul.s	f26,f11,f3	 f11:0x00000000  f3:0x490afc53 f26=0x00000000
     397905.000 ns	     39789	800084b4	03f4c533	div	x10,x9,x31	  x9:0x00000000 x31:0x80041024 x10=0x00000000
     397935.000 ns	     39792	800084b8	d00d8ad3	fcvt.s.w	f21,x27	 x27:0x0000000e f21=0x41600000
     397955.000 ns	     39794	800084bc	00000013	addi	x0,x0,0	  x0:0x00000000
     397975.000 ns	     39796	800084c0	c0002d53	fcvt.w.s	x26,f0	  f0:0xb4b16000 x26=0xffffffff
     398005.000 ns	     39799	800084c4	d0197fd3	fcvt.s.wu	f31,x18	 x18:0x00000001 f31=0x3f800000
     398035.000 ns	     39802	800084c8	29a385d3	fmin.s	f11,f7,f26	  f7:0xffc00000 f26:0x00000000 f11=0x00000000
     398055.000 ns	     39804	800084cc	005e1433	sll	x8,x28,x5	 x28:0x00000001  x5:0xb7f0b384  x8=0x00000010
     398075.000 ns	     39806	800084d0	f0050c53	fmv.w.x	f24,x10	 x10:0x00000000 f24=0x00000000
     398105.000 ns	     39809	800084d4	21d30553	fsgnj.s	f10,f6,f29	  f6:0x7fc00000 f29:0x00000000 f10=0x7fc00000
     398125.000 ns	     39811	800084d8	00cd01b3	add	x3,x26,x12	 x26:0xffffffff x12:0x00000001  x3=0x00000000
     398145.000 ns	     39813	800084dc	c01f79d3	fcvt.wu.s	x19,f30	 f30:0x7fc00000 x19=0xffffffff
     398185.000 ns	     39817	800084e0	5809a953	fsqrt.s	f18,f19	 f19:0x00000000 f18=0x00000000
     398205.000 ns	     39819	800084e4	a4f6a713	slti	x14,x13,-1457	 x13:0x0000000e x14=0x00000000
     398215.000 ns	     39820	800084e8	a9735297	auipc	x5,0xa9735	  x5=0x2973d4e8
     398225.000 ns	     39821	800084ec	0021acb3	slt	x25,x3,x2	  x3:0x00000000  x2:0x00000453 x25=0x00000001
     398245.000 ns	     39823	800084f0	e00f9553	fclass.s	x10,f31	 f31:0x3f800000 x10=0x00000040
     398275.000 ns	     39826	800084f4	a07b2b53	feq.s	x22,f22,f7	 f22:0x00000000  f7:0xffc00000 x22=0x00000000
     398305.000 ns	     39829	800084f8	a0bc1453	flt.s	x8,f24,f11	 f24:0x00000000 f11:0x00000000  x8=0x00000000
     398335.000 ns	     39832	800084fc	03be2933	mulhsu	x18,x28,x27	 x28:0x00000001 x27:0x0000000e x18=0x00000000
     398355.000 ns	     39834	80008500	004ca033	slt	x0,x25,x4	 x25:0x00000001  x4:0x00000000
     398365.000 ns	     39835	80008504	00000013	addi	x0,x0,0	  x0:0x00000000
     398375.000 ns	     39836	80008508	daf3b313	sltiu	x6,x7,-593	  x7:0x00000000  x6=0x00000001
     398385.000 ns	     39837	8000850c	41b35c93	srai	x25,x6,0x1b	  x6:0x00000000 x25=0x00000000
     398405.000 ns	     39839	80008510	d0127fd3	fcvt.s.wu	f31,x4	  x4:0x00000000 f31=0x00000000
     398435.000 ns	     39842	80008514	d0037dd3	fcvt.s.w	f27,x6	  x6:0x00000001 f27=0x3f800000
     398465.000 ns	     39845	80008518	03953633	mulhu	x12,x10,x25	 x10:0x00000040 x25:0x00000000 x12=0x00000000
     398495.000 ns	     39848	8000851c	d01d7353	fcvt.s.wu	f6,x26	 x26:0xffffffff  f6=0x4f7fffff
     398515.000 ns	     39850	80008520	ab662613	slti	x12,x12,-1354	 x12:0x00000000 x12=0x00000000
     398525.000 ns	     39851	80008524	00b95313	srli	x6,x18,0xb	 x18:0x00000000  x6=0x00000000
     398545.000 ns	     39853	80008528	e0000ed3	fmv.x.w	x29,f0	  f0:0xb4b16000 x29=0xb4b16000
     398575.000 ns	     39856	8000852c	215b85d3	fsgnj.s	f11,f23,f21	 f23:0x7fc00000 f21:0x41600000 f11=0x7fc00000
     398595.000 ns	     39858	80008530	aefb2c13	slti	x24,x22,-1297	 x22:0x00000000 x24=0x00000000
     398605.000 ns	     39859	80008534	00a7cb33	xor	x22,x15,x10	 x15:0x806df440 x10:0x00000040 x22=0x806df400
     398615.000 ns	     39860	80008538	a4220593	addi	x11,x4,-1470	  x4:0x00000000 x11=0xfffffa42
     398625.000 ns	     39861	8000853c	0166c7b3	xor	x15,x13,x22	 x13:0x0000000e x22:0x00000000 x15=0x806df40e
     398645.000 ns	     39863	80008540	c01fa8d3	fcvt.wu.s	x17,f31	 f31:0x00000000 x17=0x00000000
     398665.000 ns	     39865	80008544	018df9b3	and	x19,x27,x24	 x27:0x0000000e x24:0x00000000 x19=0x00000000
     398685.000 ns	     39867	80008548	031d4033	div	x0,x26,x17	 x26:0xffffffff x17:0x00000000
     398705.000 ns	     39869	8000854c	40f683b3	sub	x7,x13,x15	 x13:0x0000000e x15:0x806df40e  x7=0x7f920c00
     398715.000 ns	     39870	80008550	01d7b633	sltu	x12,x15,x29	 x15:0x806df40e x29:0xb4b16000 x12=0x00000001
     398735.000 ns	     39872	80008554	0396f233	remu	x4,x13,x25	 x13:0x0000000e x25:0x00000000  x4=0x0000000e
     399105.000 ns	     39909	80008558	02f5db33	divu	x22,x11,x15	 x11:0xfffffa42 x15:0x806df40e x22=0x00000001
     399125.000 ns	     39911	8000855c	89536593	ori	x11,x6,-1899	  x6:0x00000000 x11=0xfffff895
     399135.000 ns	     39912	80008560	019f85b3	add	x11,x31,x25	 x31:0x80041024 x25:0x00000000 x11=0x80041024
     399145.000 ns	     39913	80008564	69710893	addi	x17,x2,1687	  x2:0x00000453 x17=0x00000aea
     399165.000 ns	     39915	80008568	02b73f33	mulhu	x30,x14,x11	 x14:0x00000000 x11:0xfffff895 x30=0x00000000
     399195.000 ns	     39918	8000856c	a0df0e53	fle.s	x28,f30,f13	 f30:0x7fc00000 f13:0x00000000 x28=0x00000000
     399225.000 ns	     39921	80008570	03e15eb3	divu	x29,x2,x30	  x2:0x00000453 x30:0x00000000 x29=0xffffffff
     399245.000 ns	     39923	80008574	a1e2c717	auipc	x14,0xa1e2c	 x14=0x21e34574
     399255.000 ns	     39924	80008578	002513b3	sll	x7,x10,x2	 x10:0x00000040  x2:0x00000453  x7=0x02000000
     399275.000 ns	     39926	8000857c	e0018a53	fmv.x.w	x20,f3	  f3:0x490afc53 x20=0x490afc53
     399305.000 ns	     39929	80008580	03805cb3	divu	x25,x0,x24	  x0:0x00000000 x24:0x00000000 x25=0xffffffff
     399335.000 ns	     39932	80008584	0261ce33	div	x28,x3,x6	  x3:0x00000000  x6:0x00000000 x28=0xffffffff
     399355.000 ns	     39934	80008588	000035b3	sltu	x11,x0,x0	  x0:0x00000000  x0:0x00000000 x11=0x00000000
     399365.000 ns	     39935	8000858c	c2dc8f17	auipc	x30,0xc2dc8	 x30=0x42dd058c
     399405.000 ns	     39939	80008590	091f79d3	fsub.s	f19,f30,f17	 f30:0x7fc00000 f17:0xc0000000 f19=0x7fc00000
     399425.000 ns	     39941	80008594	01d4f0b3	and	x1,x9,x29	  x9:0x00000000 x29:0xffffffff  x1=0x00000000
     399445.000 ns	     39943	80008598	e0009cd3	fclass.s	x25,f1	  f1:0xffc00000 x25=0x00000200
     399475.000 ns	     39946	8000859c	c0032253	fcvt.w.s	x4,f6	  f6:0x4f7fffff  x4=0x7fffffff
     399505.000 ns	     39949	800085a0	20a2a253	fsgnjx.s	f4,f5,f10	  f5:0x00000000 f10:0x7fc00000  f4=0x00000000
     399525.000 ns	     39951	800085a4	002dd4b3	srl	x9,x27,x2	 x27:0x0000000e  x2:0x00000453  x9=0x00000000
     399535.000 ns	     39952	800085a8	b424c413	xori	x8,x9,-1214	  x9:0x00000000  x8=0xfffffb42
     399575.000 ns	     39956	800085ac	00700353	fadd.s	f6,f0,f7	  f0:0xb4b16000  f7:0xffc00000  f6=0x7fc00000
     399605.000 ns	     39959	800085b0	d01e7ad3	fcvt.s.wu	f21,x28	 x28:0xffffffff f21=0x4f7fffff
     399625.000 ns	     39961	800085b4	09a9b193	sltiu	x3,x19,154	 x19:0x00000000  x3=0x00000001
     399635.000 ns	     39962	800085b8	406f8c33	sub	x24,x31,x6	 x31:0x80041024  x6:0x00000000 x24=0x80041024
     399655.000 ns	     39964	800085bc	03173b33	mulhu	x22,x14,x17	 x14:0x21e34574 x17:0x00000aea x22=0x00000171
     399675.000 ns	     39966	800085c0	20ab8713	addi	x14,x23,522	 x23:0xfffffccc x14=0xfffffed6
     399685.000 ns	     39967	800085c4	01c6a233	slt	x4,x13,x28	 x13:0x0000000e x28:0xffffffff  x4=0x00000000
     400855.000 ns	     40084	800085c8	580e4cd3	fsqrt.s	f25,f28	 f28:0x53448e38 f25=0x490afc53
     400875.000 ns	     40086	800085cc	01b49c13	slli	x24,x9,0x1b	  x9:0x00000000 x24=0x00000000
     400885.000 ns	     40087	800085d0	00000013	addi	x0,x0,0	  x0:0x00000000
     400905.000 ns	     40089	800085d4	d0100753	fcvt.s.wu	f14,x0	  x0:0x00000000 f14=0x00000000
     400925.000 ns	     40091	800085d8	41c4d413	srai	x8,x9,0x1c	  x9:0x00000000  x8=0x00000000
     400935.000 ns	     40092	800085dc	01879313	slli	x6,x15,0x18	 x15:0x806df40e  x6=0x0e000000
     400955.000 ns	     40094	800085e0	026006b3	mul	x13,x0,x6	  x0:0x00000000  x6:0x00000000 x13=0x00000000
     400975.000 ns	     40096	800085e4	01efda93	srli	x21,x31,0x1e	 x31:0x80041024 x21=0x00000002
     400985.000 ns	     40097	800085e8	01583eb3	sltu	x29,x16,x21	 x16:0x80040fe4 x21:0x00000001 x29=0x00000000
     401005.000 ns	     40099	800085ec	d01870d3	fcvt.s.wu	f1,x16	 x16:0x80040fe4  f1=0x4f00040f
     401035.000 ns	     40102	800085f0	f0068ed3	fmv.w.x	f29,x13	 x13:0x00000000 f29=0x00000000
     401055.000 ns	     40104	800085f4	00291033	sll	x0,x18,x2	 x18:0x00000000  x2:0x00000453
     401075.000 ns	     40106	800085f8	295708d3	fmin.s	f17,f14,f21	 f14:0x00000000 f21:0x4f7fffff f17=0x00000000
     401095.000 ns	     40108	800085fc	012eda13	srli	x20,x29,0x12	 x29:0x00000000 x20=0x00000000
     401115.000 ns	     40110	80008600	a0b09cd3	flt.s	x25,f1,f11	  f1:0x4f00040f f11:0x7fc00000 x25=0x00000000
     401135.000 ns	     40112	80008604	009a1393	slli	x7,x20,0x9	 x20:0x490afc53  x7=0x00000000
     401155.000 ns	     40114	80008608	02d00633	mul	x12,x0,x13	  x0:0x00000000 x13:0x00000000 x12=0x00000000
     401175.000 ns	     40116	8000860c	415e56b3	sra	x13,x28,x21	 x28:0xffffffff x21:0x00000002 x13=0xffffffff
     401185.000 ns	     40117	80008610	cf10f093	andi	x1,x1,-783	  x1:0x00000000  x1=0x00000000
     401195.000 ns	     40118	80008614	01c0c133	xor	x2,x1,x28	  x1:0x00000000 x28:0xffffffff  x2=0xffffffff
     401215.000 ns	     40120	80008618	0337fb33	remu	x22,x15,x19	 x15:0x806df40e x19:0x00000000 x22=0x806df40e
     401235.000 ns	     40122	8000861c	00535013	srli	x0,x6,0x5	  x6:0x0e000000
     401245.000 ns	     40123	80008620	00000013	addi	x0,x0,0	  x0:0x00000000
     401275.000 ns	     40126	80008624	5805f853	fsqrt.s	f16,f11	 f11:0x7fc00000 f16=0x7fc00000
     401315.000 ns	     40130	80008628	580e9453	fsqrt.s	f8,f29	 f29:0x00000000  f8=0x00000000
     401345.000 ns	     40133	8000862c	0342c1b3	div	x3,x5,x20	  x5:0x2973d4e8 x20:0x00000000  x3=0xffffffff
     401375.000 ns	     40136	80008630	a0939c53	flt.s	x24,f7,f9	  f7:0xffc00000  f9:0x7fc00000 x24=0x00000000
     401405.000 ns	     40139	80008634	d001fad3	fcvt.s.w	f21,x3	  x3:0xffffffff f21=0xbf800000
     401425.000 ns	     40141	80008638	00e1c233	xor	x4,x3,x14	  x3:0xffffffff x14:0xfffffed6  x4=0x00000129
     401785.000 ns	     40177	8000863c	02405ab3	divu	x21,x0,x4	  x0:0x00000000  x4:0x00000000 x21=0x00000000
     401815.000 ns	     40180	80008640	d000fed3	fcvt.s.w	f29,x1	  x1:0x00000000 f29=0x00000000
     401855.000 ns	     40184	80008644	18eea753	fdiv.s	f14,f29,f14	 f29:0x00000000 f14:0x00000000 f14=0x7fc00000
     402225.000 ns	     40221	80008648	02f4cbb3	div	x23,x9,x15	  x9:0x00000000 x15:0x806df40e x23=0x00000000
     402275.000 ns	     40226	8000864c	082faf53	fsub.s	f30,f31,f2	 f31:0x00000000  f2:0x7fc00000 f30=0x7fc00000
     402305.000 ns	     40229	80008650	e00a90d3	fclass.s	x1,f21	 f21:0xbf800000  x1=0x00000002
     402335.000 ns	     40232	80008654	c01ff753	fcvt.wu.s	x14,f31	 f31:0x00000000 x14=0x00000000
     402365.000 ns	     40235	80008658	0277f333	remu	x6,x15,x7	 x15:0x806df40e  x7:0x00000000  x6=0x806df40e
     402385.000 ns	     40237	8000865c	0139dcb3	srl	x25,x19,x19	 x19:0x00000000 x19:0x00000000 x25=0x00000000
     402405.000 ns	     40239	80008660	c003f953	fcvt.w.s	x18,f7	  f7:0xffc00000 x18=0x7fffffff
     402425.000 ns	     40241	80008664	7270bb93	sltiu	x23,x1,1831	  x1:0x00000002 x23=0x00000001
     402435.000 ns	     40242	80008668	aca6c393	xori	x7,x13,-1334	 x13:0xffffffff  x7=0x00000535
     402455.000 ns	     40244	8000866c	028ff8b3	remu	x17,x31,x8	 x31:0x80041024  x8:0x00000000 x17=0x80041024
     402505.000 ns	     40249	80008670	002b06d3	fadd.s	f13,f22,f2	 f22:0x00000000  f2:0x7fc00000 f13=0x7fc00000
     402535.000 ns	     40252	80008674	21cc16d3	fsgnjn.s	f13,f24,f28	 f24:0x00000000 f28:0x53448e38 f13=0x80000000
     402555.000 ns	     40254	80008678	263cb493	sltiu	x9,x25,611	 x25:0x00000000  x9=0x00000001
     402565.000 ns	     40255	8000867c	c20a2d13	slti	x26,x20,-992	 x20:0x00000000 x26=0x00000000
     402605.000 ns	     40259	80008680	08c70bd3	fsub.s	f23,f14,f12	 f14:0x7fc00000 f12:0x7fc00000 f23=0x7fc00000
     402625.000 ns	     40261	80008684	71ccc413	xori	x8,x25,1820	 x25:0x00000000  x8=0x0000071c
     402665.000 ns	     40265	80008688	08e274d3	fsub.s	f9,f4,f14	  f4:0x00000000 f14:0x7fc00000  f9=0x7fc00000
     402695.000 ns	     40268	8000868c	02501533	mulh	x10,x0,x5	  x0:0x00000000  x5:0x2973d4e8 x10=0x00000000
     402715.000 ns	     40270	80008690	00f9f633	and	x12,x19,x15	 x19:0x00000000 x15:0x806df40e x12=0x00000000
     402725.000 ns	     40271	80008694	33602117	auipc	x2,0x33602	  x2=0xb360a694
     402735.000 ns	     40272	80008698	004b3633	sltu	x12,x22,x4	 x22:0x806df40e  x4:0x00000129 x12=0x00000000
     402775.000 ns	     40276	8000869c	0143f9d3	fadd.s	f19,f7,f20	  f7:0xffc00000 f20:0xc0c8657a f19=0x7fc00000
     402805.000 ns	     40279	800086a0	02f209b3	mul	x19,x4,x15	  x4:0x00000129 x15:0x806df40e x19=0xff90243e
     402825.000 ns	     40281	800086a4	0121dd33	srl	x26,x3,x18	  x3:0xffffffff x18:0x7fffffff x26=0x00000001
     402835.000 ns	     40282	800086a8	00bed593	srli	x11,x29,0xb	 x29:0x00000000 x11=0x00000000
     402855.000 ns	     40284	800086ac	d002cb53	fcvt.s.w	f22,x5	  x5:0x2973d4e8 f22=0x4e25cf54
     402875.000 ns	     40286	800086b0	418f5693	srai	x13,x30,0x18	 x30:0x42dd058c x13=0x00000042
     402905.000 ns	     40289	800086b4	580ff653	fsqrt.s	f12,f31	 f31:0x00000000 f12=0x00000000
     402925.000 ns	     40291	800086b8	40995f33	sra	x30,x18,x9	 x18:0x7fffffff  x9:0x00000001 x30=0x3fffffff
     402935.000 ns	     40292	800086bc	00dc6633	or	x12,x24,x13	 x24:0x00000000 x13:0x00000042 x12=0x00000042
     402955.000 ns	     40294	800086c0	290f9753	fmax.s	f14,f31,f16	 f31:0x00000000 f16:0x7fc00000 f14=0x00000000
     402975.000 ns	     40296	800086c4	41f3d6b3	sra	x13,x7,x31	  x7:0x00000535 x31:0x80041024 x13=0x00000053
     402985.000 ns	     40297	800086c8	009439b3	sltu	x19,x8,x9	  x8:0x0000071c  x9:0x00000001 x19=0x00000000
     403005.000 ns	     40299	800086cc	c0088e53	fcvt.w.s	x28,f17	 f17:0x00000000 x28=0x00000000
     403035.000 ns	     40302	800086d0	03876433	rem	x8,x14,x24	 x14:0x00000000 x24:0x00000000  x8=0x00000000
     403055.000 ns	     40304	800086d4	00b8a4b3	slt	x9,x17,x11	 x17:0x80041024 x11:0x00000000  x9=0x00000001
     403415.000 ns	     40340	800086d8	025ee733	rem	x14,x29,x5	 x29:0x00000000  x5:0x2973d4e8 x14=0x00000000
     403445.000 ns	     40343	800086dc	d004f5d3	fcvt.s.w	f11,x9	  x9:0x00000001 f11=0x3f800000
     403465.000 ns	     40345	800086e0	63b25997	auipc	x19,0x63b25	 x19=0xe3b2d6e0
     403475.000 ns	     40346	800086e4	b3697893	andi	x17,x18,-1226	 x18:0x7fffffff x17=0x7ffffb36
     403835.000 ns	     40382	800086e8	030bfcb3	remu	x25,x23,x16	 x23:0x00000001 x16:0x80040fe4 x25=0x00000001
     403855.000 ns	     40384	800086ec	406e0cb3	sub	x25,x28,x6	 x28:0x00000000  x6:0x806df40e x25=0x7f920bf2
     403865.000 ns	     40385	800086f0	01a5b033	sltu	x0,x11,x26	 x11:0x00000000 x26:0x00000001
     403875.000 ns	     40386	800086f4	01ca7033	and	x0,x20,x28	 x20:0x00000000 x28:0x00000000
     403885.000 ns	     40387	800086f8	41b10533	sub	x10,x2,x27	  x2:0xb360a694 x27:0x0000000e x10=0xb360a686
     403905.000 ns	     40389	800086fc	02781b33	mulh	x22,x16,x7	 x16:0x80040fe4  x7:0x00000535 x22=0xfffffd65
     403935.000 ns	     40392	80008700	d016f4d3	fcvt.s.wu	f9,x13	 x13:0x00000053  f9=0x42a60000
     403965.000 ns	     40395	80008704	29e38ed3	fmin.s	f29,f7,f30	  f7:0xffc00000 f30:0x7fc00000 f29=0x7fc00000
     404015.000 ns	     40400	80008708	00987753	fadd.s	f14,f16,f9	 f16:0x7fc00000  f9:0x42a60000 f14=0x7fc00000
     404045.000 ns	     40403	8000870c	035beab3	rem	x21,x23,x21	 x23:0x00000001 x21:0x00000000 x21=0x00000001
     404065.000 ns	     40405	80008710	000b0433	add	x8,x22,x0	 x22:0xfffffd65  x0:0x00000000  x8=0xfffffd65
     404105.000 ns	     40409	80008714	082670d3	fsub.s	f1,f12,f2	 f12:0x00000000  f2:0x7fc00000  f1=0x7fc00000
     404135.000 ns	     40412	80008718	e00b8bd3	fmv.x.w	x23,f23	 f23:0x7fc00000 x23=0x7fc00000
     404185.000 ns	     40417	8000871c	01177853	fadd.s	f16,f14,f17	 f14:0x7fc00000 f17:0x00000000 f16=0x7fc00000
     404205.000 ns	     40419	80008720	01ff2533	slt	x10,x30,x31	 x30:0x3fffffff x31:0x80041024 x10=0x00000000
     404215.000 ns	     40420	80008724	00ea1e93	slli	x29,x20,0xe	 x20:0x00000000 x29=0x00000000
     404235.000 ns	     40422	80008728	03028cb3	mul	x25,x5,x16	  x5:0x2973d4e8 x16:0x80040fe4 x25=0x084336a0
     404265.000 ns	     40425	8000872c	028f0ab3	mul	x21,x30,x8	 x30:0x3fffffff  x8:0xfffffd65 x21=0x4000029b
     404295.000 ns	     40428	80008730	d01df753	fcvt.s.wu	f14,x27	 x27:0x0000000e f14=0x41600000
     404315.000 ns	     40430	80008734	01bda3b3	slt	x7,x27,x27	 x27:0x0000000e x27:0x0000000e  x7=0x00000000
     404325.000 ns	     40431	80008738	85bdbbb7	lui	x23,0x85bdb	 x23=0x85bdb000
     404365.000 ns	     40435	8000873c	016077d3	fadd.s	f15,f0,f22	  f0:0xb4b16000 f22:0x4e25cf54 f15=0x4e25cf54
     404385.000 ns	     40437	80008740	51b6a613	slti	x12,x13,1307	 x13:0x00000053 x12=0x00000001
     404395.000 ns	     40438	80008744	41fa0233	sub	x4,x20,x31	 x20:0x00000000 x31:0x80041024  x4=0x7ffbefdc
     404755.000 ns	     40474	80008748	0243c2b3	div	x5,x7,x4	  x7:0x00000000  x4:0x00000129  x5=0x00000000
     404785.000 ns	     40477	8000874c	a07d2b53	feq.s	x22,f26,f7	 f26:0x00000000  f7:0xffc00000 x22=0x00000000
     405155.000 ns	     40514	80008750	0298fab3	remu	x21,x17,x9	 x17:0x7ffffb36  x9:0x00000001 x21=0x00000000
     405175.000 ns	     40516	80008754	00d9a8b3	slt	x17,x19,x13	 x19:0xe3b2d6e0 x13:0x00000053 x17=0x00000001
     405185.000 ns	     40517	80008758	01c31613	slli	x12,x6,0x1c	  x6:0x806df40e x12=0xe0000000
     405195.000 ns	     40518	8000875c	9f582213	slti	x4,x16,-1547	 x16:0x80040fe4  x4=0x00000001
     405215.000 ns	     40520	80008760	d0170a53	fcvt.s.wu	f20,x14	 x14:0x00000000 f20=0x00000000
     405245.000 ns	     40523	80008764	03dfab33	mulhsu	x22,x31,x29	 x31:0x80041024 x29:0x00000000 x22=0x00000000
     405265.000 ns	     40525	80008768	00451a93	slli	x21,x10,0x4	 x10:0x00000000 x21=0x00000000
     405625.000 ns	     40561	8000876c	03964533	div	x10,x12,x25	 x12:0xe0000000 x25:0x084336a0 x10=0xfffffffd
     405645.000 ns	     40563	80008770	51c88f13	addi	x30,x17,1308	 x17:0x00000001 x30=0x0000051d
     405675.000 ns	     40566	80008774	58057c53	fsqrt.s	f24,f10	 f10:0x7fc00000 f24=0x7fc00000
     405695.000 ns	     40568	80008778	00fbe1b3	or	x3,x23,x15	 x23:0x85bdb000 x15:0x806df40e  x3=0x85fdf40e
     405715.000 ns	     40570	8000877c	28ae8853	fmin.s	f16,f29,f10	 f29:0x7fc00000 f10:0x7fc00000 f16=0x7fc00000
     405735.000 ns	     40572	80008780	00000013	addi	x0,x0,0	  x0:0x00000000
     405755.000 ns	     40574	80008784	a0b0a653	feq.s	x12,f1,f11	  f1:0x7fc00000 f11:0x3f800000 x12=0x00000000
     405785.000 ns	     40577	80008788	024da3b3	mulhsu	x7,x27,x4	 x27:0x0000000e  x4:0x00000001  x7=0x00000000
     405805.000 ns	     40579	8000878c	89ccff13	andi	x30,x25,-1892	 x25:0x084336a0 x30=0x08433080
     405825.000 ns	     40581	80008790	c00abb53	fcvt.w.s	x22,f21	 f21:0xbf800000 x22=0xffffffff
     405845.000 ns	     40583	80008794	01280033	add	x0,x16,x18	 x16:0x80040fe4 x18:0x7fffffff
     406205.000 ns	     40619	80008798	0325c133	div	x2,x11,x18	 x11:0x00000000 x18:0x7fffffff  x2=0x00000000
     406575.000 ns	     40656	8000879c	02ace533	rem	x10,x25,x10	 x25:0x084336a0 x10:0xfffffffd x10=0x00000001
     406615.000 ns	     40660	800087a0	11037253	fmul.s	f4,f6,f16	  f6:0x7fc00000 f16:0x7fc00000  f4=0x7fc00000
     406645.000 ns	     40663	800087a4	21eb0f53	fsgnj.s	f30,f22,f30	 f22:0x4e25cf54 f30:0x7fc00000 f30=0x4e25cf54
     406675.000 ns	     40666	800087a8	0282bab3	mulhu	x21,x5,x8	  x5:0x00000000  x8:0xfffffd65 x21=0x00000000
     406705.000 ns	     40669	800087ac	03a53633	mulhu	x12,x10,x26	 x10:0x00000001 x26:0x00000001 x12=0x00000000
     406725.000 ns	     40671	800087b0	003adcb3	srl	x25,x21,x3	 x21:0x00000000  x3:0x85fdf40e x25=0x00000000
     406735.000 ns	     40672	800087b4	cbbcb313	sltiu	x6,x25,-837	 x25:0x084336a0  x6=0x00000001
     406755.000 ns	     40674	800087b8	031b35b3	mulhu	x11,x22,x17	 x22:0xffffffff x17:0x00000001 x11=0x00000000
     407125.000 ns	     40711	800087bc	036c6133	rem	x2,x24,x22	 x24:0x00000000 x22:0xffffffff  x2=0x00000000
     407155.000 ns	     40714	800087c0	c01db253	fcvt.wu.s	x4,f27	 f27:0x3f800000  x4=0x00000001
     407175.000 ns	     40716	800087c4	41505a33	sra	x20,x0,x21	  x0:0x00000000 x21:0x00000000 x20=0x00000000
     407195.000 ns	     40718	800087c8	284795d3	fmax.s	f11,f15,f4	 f15:0x4e25cf54  f4:0x7fc00000 f11=0x4e25cf54
     407225.000 ns	     40721	800087cc	21088553	fsgnj.s	f10,f17,f16	 f17:0x00000000 f16:0x7fc00000 f10=0x00000000
     407255.000 ns	     40724	800087d0	c0058ed3	fcvt.w.s	x29,f11	 f11:0x4e25cf54 x29=0x2973d500
     407275.000 ns	     40726	800087d4	01abd9b3	srl	x19,x23,x26	 x23:0x85bdb000 x26:0x00000001 x19=0x42ded800
     407285.000 ns	     40727	800087d8	01174333	xor	x6,x14,x17	 x14:0x00000000 x17:0x00000001  x6=0x00000001
     407305.000 ns	     40729	800087dc	028f9a33	mulh	x20,x31,x8	 x31:0x80041024  x8:0xfffffd65 x20=0x0000014d
     407335.000 ns	     40732	800087e0	03c8ff33	remu	x30,x17,x28	 x17:0x00000001 x28:0x00000000 x30=0x00000001
     407355.000 ns	     40734	800087e4	9f2f7213	andi	x4,x30,-1550	 x30:0x08433080  x4=0x00000000
     407375.000 ns	     40736	800087e8	d0070153	fcvt.s.w	f2,x14	 x14:0x00000000  f2=0x00000000
     407395.000 ns	     40738	800087ec	01e072b3	and	x5,x0,x30	  x0:0x00000000 x30:0x00000001  x5=0x00000000
     407425.000 ns	     40741	800087f0	11407653	fmul.s	f12,f0,f20	  f0:0xb4b16000 f20:0x00000000 f12=0x80000000
     407795.000 ns	     40778	800087f4	0346e7b3	rem	x15,x13,x20	 x13:0x00000053 x20:0x0000014d x15=0x00000053
     407825.000 ns	     40781	800087f8	29c11e53	fmax.s	f28,f2,f28	  f2:0x00000000 f28:0x53448e38 f28=0x53448e38
     407845.000 ns	     40783	800087fc	40deda93	srai	x21,x29,0xd	 x29:0x2973d500 x21=0x00014b9e
     407855.000 ns	     40784	80008800	d7873913	sltiu	x18,x14,-648	 x14:0x00000000 x18=0x00000001
     407865.000 ns	     40785	80008804	41b383b3	sub	x7,x7,x27	  x7:0x00000000 x27:0x0000000e  x7=0xfffffff2
     407885.000 ns	     40787	80008808	a155a753	feq.s	x14,f11,f21	 f11:0x4e25cf54 f21:0xbf800000 x14=0x00000000
     407905.000 ns	     40789	8000880c	16d6ec93	ori	x25,x13,365	 x13:0x00000053 x25=0x0000017f
     407915.000 ns	     40790	80008810	00620733	add	x14,x4,x6	  x4:0x00000000  x6:0x00000001 x14=0x00000001
     408275.000 ns	     40826	80008814	02f86033	rem	x0,x16,x15	 x16:0x80040fe4 x15:0x00000053
     408305.000 ns	     40829	80008818	21661b53	fsgnjn.s	f22,f12,f22	 f12:0x80000000 f22:0x4e25cf54 f22=0x80000000
     408335.000 ns	     40832	8000881c	21ec05d3	fsgnj.s	f11,f24,f30	 f24:0x7fc00000 f30:0x4e25cf54 f11=0x7fc00000
     408355.000 ns	     40834	80008820	f40a3617	auipc	x12,0xf40a3	 x12=0x740ab820
     408365.000 ns	     40835	80008824	008ed193	srli	x3,x29,0x8	 x29:0x2973d500  x3=0x002973d5
     408375.000 ns	     40836	80008828	55dae737	lui	x14,0x55dae	 x14=0x55dae000
     408385.000 ns	     40837	8000882c	00de6933	or	x18,x28,x13	 x28:0x00000000 x13:0x00000053 x18=0x00000053
     408395.000 ns	     40838	80008830	00f393b3	sll	x7,x7,x15	  x7:0xfffffff2 x15:0x00000053  x7=0xff900000
     408405.000 ns	     40839	80008834	00000013	addi	x0,x0,0	  x0:0x00000000
     408415.000 ns	     40840	80008838	01e397b3	sll	x15,x7,x30	  x7:0xfffffff2 x30:0x00000001 x15=0xff200000
     408425.000 ns	     40841	8000883c	1387ba93	sltiu	x21,x15,312	 x15:0x00000053 x21=0x00000000
     408445.000 ns	     40843	80008840	a0c4a4d3	feq.s	x9,f9,f12	  f9:0x42a60000 f12:0x80000000  x9=0x00000000
     408465.000 ns	     40845	80008844	01abb0b3	sltu	x1,x23,x26	 x23:0x85bdb000 x26:0x00000001  x1=0x00000000
     408475.000 ns	     40846	80008848	40b55713	srai	x14,x10,0xb	 x10:0x00000001 x14=0x00000000
     408485.000 ns	     40847	8000884c	0dea1937	lui	x18,0xdea1	 x18=0x0dea1000
     408505.000 ns	     40849	80008850	a0929253	flt.s	x4,f5,f9	  f5:0x00000000  f9:0x42a60000  x4=0x00000001
     408525.000 ns	     40851	80008854	00b945b3	xor	x11,x18,x11	 x18:0x00000053 x11:0x00000000 x11=0x0dea1000
     408565.000 ns	     40855	80008858	00eafad3	fadd.s	f21,f21,f14	 f21:0xbf800000 f14:0x41600000 f21=0x41500000
     408595.000 ns	     40858	8000885c	29ab96d3	fmax.s	f13,f23,f26	 f23:0x7fc00000 f26:0x00000000 f13=0x00000000
     408615.000 ns	     40860	80008860	27381b97	auipc	x23,0x27381	 x23=0xa7389860
     408645.000 ns	     40863	80008864	18d9f353	fdiv.s	f6,f19,f13	 f19:0x7fc00000 f13:0x00000000  f6=0x7fc00000
     408665.000 ns	     40865	80008868	418b0633	sub	x12,x22,x24	 x22:0xffffffff x24:0x00000000 x12=0xffffffff
     408685.000 ns	     40867	8000886c	28178d53	fmin.s	f26,f15,f1	 f15:0x4e25cf54  f1:0x7fc00000 f26=0x4e25cf54
     409055.000 ns	     40904	80008870	03184233	div	x4,x16,x17	 x16:0x80040fe4 x17:0x00000001  x4=0x80040fe4
     409085.000 ns	     40907	80008874	202f14d3	fsgnjn.s	f9,f30,f2	 f30:0x4e25cf54  f2:0x00000000  f9=0xce25cf54
     410265.000 ns	     41025	80008878	580dfb53	fsqrt.s	f22,f27	 f27:0x3f800000 f22=0x3f7fffae
     410295.000 ns	     41028	8000887c	20d48a53	fsgnj.s	f20,f9,f13	  f9:0xce25cf54 f13:0x00000000 f20=0x4e25cf54
     410325.000 ns	     41031	80008880	a0f91153	flt.s	x2,f18,f15	 f18:0x00000000 f15:0x4e25cf54  x2=0x00000001
     410355.000 ns	     41034	80008884	021ab1b3	mulhu	x3,x21,x1	 x21:0x00000000  x1:0x00000000  x3=0x00000000
     410375.000 ns	     41036	80008888	0abb7c93	andi	x25,x22,171	 x22:0xffffffff x25=0x000000ab
     410395.000 ns	     41038	8000888c	286902d3	fmin.s	f5,f18,f6	 f18:0x00000000  f6:0x7fc00000  f5=0x00000000
     410425.000 ns	     41041	80008890	e00688d3	fmv.x.w	x17,f13	 f13:0x00000000 x17=0x00000000
     410445.000 ns	     41043	80008894	696f2c13	slti	x24,x30,1686	 x30:0x00000001 x24=0x00000001
     410455.000 ns	     41044	80008898	014e9ab3	sll	x21,x29,x20	 x29:0x2973d500 x20:0x0000014d x21=0x7aa00000
     410475.000 ns	     41046	8000889c	216f22d3	fsgnjx.s	f5,f30,f22	 f30:0x4e25cf54 f22:0x3f7fffae  f5=0x4e25cf54
     410495.000 ns	     41048	800088a0	010c36b3	sltu	x13,x24,x16	 x24:0x00000001 x16:0x80040fe4 x13=0x00000001
     410515.000 ns	     41050	800088a4	20379f53	fsgnjn.s	f30,f15,f3	 f15:0x4e25cf54  f3:0x490afc53 f30=0xce25cf54
     410545.000 ns	     41053	800088a8	c0000053	fcvt.w.s	x0,f0	  f0:0xb4b16000
     410565.000 ns	     41055	800088ac	81820c93	addi	x25,x4,-2024	  x4:0x80040fe4 x25=0x800407fc
     410575.000 ns	     41056	800088b0	0090a8b3	slt	x17,x1,x9	  x1:0x00000000  x9:0x00000000 x17=0x00000000
     410595.000 ns	     41058	800088b4	02e68933	mul	x18,x13,x14	 x13:0x00000001 x14:0x00000000 x18=0x00000000
     410615.000 ns	     41060	800088b8	01ea77b3	and	x15,x20,x30	 x20:0x0000014d x30:0x00000001 x15=0x00000001
     410635.000 ns	     41062	800088bc	287b06d3	fmin.s	f13,f22,f7	 f22:0x3f7fffae  f7:0xffc00000 f13=0x3f7fffae
     410665.000 ns	     41065	800088c0	28d21853	fmax.s	f16,f4,f13	  f4:0x7fc00000 f13:0x00000000 f16=0x3f7fffae
     410715.000 ns	     41070	800088c4	00633dd3	fadd.s	f27,f6,f6	  f6:0x7fc00000  f6:0x7fc00000 f27=0x7fc00000
     410735.000 ns	     41072	800088c8	41cc8b33	sub	x22,x25,x28	 x25:0x800407fc x28:0x00000000 x22=0x800407fc
     410755.000 ns	     41074	800088cc	21a42c53	fsgnjx.s	f24,f8,f26	  f8:0x00000000 f26:0x4e25cf54 f24=0x00000000
     410785.000 ns	     41077	800088d0	d012b853	fcvt.s.wu	f16,x5	  x5:0x00000000 f16=0x00000000
     410805.000 ns	     41079	800088d4	41fadc13	srai	x24,x21,0x1f	 x21:0x7aa00000 x24=0x00000000
     410845.000 ns	     41083	800088d8	00cef6d3	fadd.s	f13,f29,f12	 f29:0x7fc00000 f12:0x80000000 f13=0x7fc00000
     410875.000 ns	     41086	800088dc	021ef4b3	remu	x9,x29,x1	 x29:0x2973d500  x1:0x00000000  x9=0x2973d500
     410895.000 ns	     41088	800088e0	007fcd33	xor	x26,x31,x7	 x31:0x80041024  x7:0xff900000 x26=0x7f941024
     410915.000 ns	     41090	800088e4	03aaaeb3	mulhsu	x29,x21,x26	 x21:0x7aa00000 x26:0x00000001 x29=0x3d1c4c3b
     410935.000 ns	     41092	800088e8	40de5793	srai	x15,x28,0xd	 x28:0x00000000 x15=0x00000000
     410945.000 ns	     41093	800088ec	015f1513	slli	x10,x30,0x15	 x30:0x00000001 x10=0x00200000
     410975.000 ns	     41096	800088f0	11344353	fmul.s	f6,f8,f19	  f8:0x00000000 f19:0x7fc00000  f6=0x7fc00000
     411005.000 ns	     41099	800088f4	e0030453	fmv.x.w	x8,f6	  f6:0x7fc00000  x8=0x7fc00000
     411035.000 ns	     41102	800088f8	e0048a53	fmv.x.w	x20,f9	  f9:0xce25cf54 x20=0xce25cf54
     411075.000 ns	     41106	800088fc	11ff4553	fmul.s	f10,f30,f31	 f30:0xce25cf54 f31:0x00000000 f10=0x80000000
     411105.000 ns	     41109	80008900	a07023d3	feq.s	x7,f0,f7	  f0:0xb4b16000  f7:0xffc00000  x7=0x00000000
     411125.000 ns	     41111	80008904	00000013	addi	x0,x0,0	  x0:0x00000000
     411145.000 ns	     41113	80008908	282d1453	fmax.s	f8,f26,f2	 f26:0x4e25cf54  f2:0x00000000  f8=0x4e25cf54
     411175.000 ns	     41116	8000890c	f00b0ad3	fmv.w.x	f21,x22	 x22:0x800407fc f21=0x800407fc
     411205.000 ns	     41119	80008910	299c11d3	fmax.s	f3,f24,f25	 f24:0x00000000 f25:0x490afc53  f3=0x490afc53
     411235.000 ns	     41122	80008914	e0098ed3	fmv.x.w	x29,f19	 f19:0x7fc00000 x29=0x7fc00000
     411255.000 ns	     41124	80008918	41ffa793	slti	x15,x31,1055	 x31:0x80041024 x15=0x00000001
     411265.000 ns	     41125	8000891c	01f86233	or	x4,x16,x31	 x16:0x80040fe4 x31:0x80041024  x4=0x80041fe4
     411275.000 ns	     41126	80008920	01b38333	add	x6,x7,x27	  x7:0x00000000 x27:0x0000000e  x6=0x0000000e
     411285.000 ns	     41127	80008924	ef153797	auipc	x15,0xef153	 x15=0x6f15b924
     411315.000 ns	     41130	80008928	1181f853	fmul.s	f16,f3,f24	  f3:0x490afc53 f24:0x00000000 f16=0x00000000
     411685.000 ns	     41167	8000892c	02aef533	remu	x10,x29,x10	 x29:0x7fc00000 x10:0x00200000 x10=0x00000000
     411705.000 ns	     41169	80008930	f7567a93	andi	x21,x12,-139	 x12:0xffffffff x21=0xffffff75
     411725.000 ns	     41171	80008934	025531b3	mulhu	x3,x10,x5	 x10:0x00000000  x5:0x00000000  x3=0x00000000
     411745.000 ns	     41173	80008938	00b45613	srli	x12,x8,0xb	  x8:0x7fc00000 x12=0x000ff800
     411765.000 ns	     41175	8000893c	02b726b3	mulhsu	x13,x14,x11	 x14:0x00000000 x11:0x0dea1000 x13=0x00000000
     411785.000 ns	     41177	80008940	0141d893	srli	x17,x3,0x14	  x3:0x00000000 x17=0x00000000
     411795.000 ns	     41178	80008944	019877b3	and	x15,x16,x25	 x16:0x80040fe4 x25:0x800407fc x15=0x800407e4
     411815.000 ns	     41180	80008948	a1fa9c53	flt.s	x24,f21,f31	 f21:0x800407fc f31:0x00000000 x24=0x00000001
     411835.000 ns	     41182	8000894c	01c08e33	add	x28,x1,x28	  x1:0x00000000 x28:0x00000000 x28=0x00000000
     411855.000 ns	     41184	80008950	a1c19cd3	flt.s	x25,f3,f28	  f3:0x490afc53 f28:0x53448e38 x25=0x00000001
     411885.000 ns	     41187	80008954	035320b3	mulhsu	x1,x6,x21	  x6:0x0000000e x21:0xffffff75  x1=0x0000000d
     411915.000 ns	     41190	80008958	e00c0653	fmv.x.w	x12,f24	 f24:0x00000000 x12=0x00000000
     411945.000 ns	     41193	8000895c	20289d53	fsgnjn.s	f26,f17,f2	 f17:0x00000000  f2:0x00000000 f26=0x80000000
     411965.000 ns	     41195	80008960	009f4233	xor	x4,x30,x9	 x30:0x00000001  x9:0x2973d500  x4=0x2973d501
     411985.000 ns	     41197	80008964	03b31e33	mulh	x28,x6,x27	  x6:0x0000000e x27:0x0000000e x28=0x00000000
     412005.000 ns	     41199	80008968	01af80b3	add	x1,x31,x26	 x31:0x80041024 x26:0x7f941024  x1=0xff982048
     412025.000 ns	     41201	8000896c	20518ad3	fsgnj.s	f21,f3,f5	  f3:0x490afc53  f5:0x4e25cf54 f21=0x490afc53
     412075.000 ns	     41206	80008970	0111c0d3	fadd.s	f1,f3,f17	  f3:0x490afc53 f17:0x00000000  f1=0x490afc53
     412095.000 ns	     41208	80008974	7f10c493	xori	x9,x1,2033	  x1:0xff982048  x9=0xff9827b9
     412115.000 ns	     41210	80008978	d01eaad3	fcvt.s.wu	f21,x29	 x29:0x7fc00000 f21=0x4eff8000
     412145.000 ns	     41213	8000897c	027cc8b3	div	x17,x25,x7	 x25:0x00000001  x7:0x00000000 x17=0xffffffff
     412175.000 ns	     41216	80008980	28161253	fmax.s	f4,f12,f1	 f12:0x80000000  f1:0x490afc53  f4=0x490afc53
     412545.000 ns	     41253	80008984	0291e733	rem	x14,x3,x9	  x3:0x00000000  x9:0xff9827b9 x14=0x00000000
     412575.000 ns	     41256	80008988	2101afd3	fsgnjx.s	f31,f3,f16	  f3:0x490afc53 f16:0x00000000 f31=0x490afc53
     412605.000 ns	     41259	8000898c	29f08053	fmin.s	f0,f1,f31	  f1:0x490afc53 f31:0x00000000  f0=0x490afc53
     412635.000 ns	     41262	80008990	02ae1d33	mulh	x26,x28,x10	 x28:0x00000000 x10:0x00000000 x26=0x00000000
     412665.000 ns	     41265	80008994	c009f453	fcvt.w.s	x8,f19	 f19:0x7fc00000  x8=0x7fffffff
     412695.000 ns	     41268	80008998	029e27b3	mulhsu	x15,x28,x9	 x28:0x00000000  x9:0xff9827b9 x15=0x00000000
     412715.000 ns	     41270	8000899c	415309b3	sub	x19,x6,x21	  x6:0x0000000e x21:0xffffff75 x19=0x00000099
     412725.000 ns	     41271	800089a0	00046033	or	x0,x8,x0	  x8:0x7fffffff  x0:0x00000000
     412735.000 ns	     41272	800089a4	0179d913	srli	x18,x19,0x17	 x19:0x42ded800 x18=0x00000000
     412745.000 ns	     41273	800089a8	22a162b7	lui	x5,0x22a16	  x5=0x22a16000
     412765.000 ns	     41275	800089ac	021e95b3	mulh	x11,x29,x1	 x29:0x7fc00000  x1:0xff982048 x11=0xffcc2a1b
     412815.000 ns	     41280	800089b0	0198c0d3	fadd.s	f1,f17,f25	 f17:0x00000000 f25:0x490afc53  f1=0x490afc53
     412845.000 ns	     41283	800089b4	a10696d3	flt.s	x13,f13,f16	 f13:0x7fc00000 f16:0x00000000 x13=0x00000000
     412865.000 ns	     41285	800089b8	e12d7a97	auipc	x21,0xe12d7	 x21=0x612df9b8
     412905.000 ns	     41289	800089bc	090a8253	fsub.s	f4,f21,f16	 f21:0x4eff8000 f16:0x00000000  f4=0x4eff8000
     412935.000 ns	     41292	800089c0	c00cf653	fcvt.w.s	x12,f25	 f25:0x490afc53 x12=0x0008afc5
     412955.000 ns	     41294	800089c4	87760713	addi	x14,x12,-1929	 x12:0x00000000 x14=0x0008a83c
     412975.000 ns	     41296	800089c8	c000f053	fcvt.w.s	x0,f1	  f1:0x490afc53
     413005.000 ns	     41299	800089cc	026624b3	mulhsu	x9,x12,x6	 x12:0x0008afc5  x6:0x0000000e  x9=0x00000000
     413375.000 ns	     41336	800089d0	03b4e333	rem	x6,x9,x27	  x9:0xff9827b9 x27:0x0000000e  x6=0x00000000
     413405.000 ns	     41339	800089d4	215aab53	fsgnjx.s	f22,f21,f21	 f21:0x4eff8000 f21:0x4eff8000 f22=0x4eff8000
     413425.000 ns	     41341	800089d8	01df9b93	slli	x23,x31,0x1d	 x31:0x80041024 x23=0x80000000
     413445.000 ns	     41343	800089dc	d012cfd3	fcvt.s.wu	f31,x5	  x5:0x22a16000 f31=0x4e0a8580
     413465.000 ns	     41345	800089e0	00417433	and	x8,x2,x4	  x2:0x00000001  x4:0x2973d501  x8=0x00000001
     413485.000 ns	     41347	800089e4	20398653	fsgnj.s	f12,f19,f3	 f19:0x7fc00000  f3:0x490afc53 f12=0x7fc00000
     413515.000 ns	     41350	800089e8	a0882ad3	feq.s	x21,f16,f8	 f16:0x00000000  f8:0x4e25cf54 x21=0x00000000
     413535.000 ns	     41352	800089ec	019147b3	xor	x15,x2,x25	  x2:0x00000001 x25:0x00000001 x15=0x00000000
     413545.000 ns	     41353	800089f0	80bb3113	sltiu	x2,x22,-2037	 x22:0x800407fc  x2=0x00000001
     413565.000 ns	     41355	800089f4	037f9a33	mulh	x20,x31,x23	 x31:0x80041024 x23:0x80000000 x20=0x3ffdf7ee
     413595.000 ns	     41358	800089f8	e00d83d3	fmv.x.w	x7,f27	 f27:0x7fc00000  x7=0x7fc00000
     413625.000 ns	     41361	800089fc	030c8133	mul	x2,x25,x16	 x25:0x00000001 x16:0x80040fe4  x2=0x80040fe4
     413645.000 ns	     41363	80008a00	41218533	sub	x10,x3,x18	  x3:0x00000000 x18:0x00000000 x10=0x00000000
     413665.000 ns	     41365	80008a04	e0031ed3	fclass.s	x29,f6	  f6:0x7fc00000 x29=0x00000200
     413695.000 ns	     41368	80008a08	e00995d3	fclass.s	x11,f19	 f19:0x7fc00000 x11=0x00000200
     413725.000 ns	     41371	80008a0c	d00386d3	fcvt.s.w	f13,x7	  x7:0x7fc00000 f13=0x4eff8000
     413745.000 ns	     41373	80008a10	002c8eb3	add	x29,x25,x2	 x25:0x00000001  x2:0x80040fe4 x29=0x80040fe5
     413765.000 ns	     41375	80008a14	03271e33	mulh	x28,x14,x18	 x14:0x0008a83c x18:0x00000000 x28=0x00000000
     413795.000 ns	     41378	80008a18	e00e80d3	fmv.x.w	x1,f29	 f29:0x7fc00000  x1=0x7fc00000
     413815.000 ns	     41380	80008a1c	0102f0b3	and	x1,x5,x16	  x5:0x22a16000 x16:0x80040fe4  x1=0x00000000
     413845.000 ns	     41383	80008a20	190f8c53	fdiv.s	f24,f31,f16	 f31:0x4e0a8580 f16:0x00000000 f24=0x7f800000
     413865.000 ns	     41385	80008a24	00a932b3	sltu	x5,x18,x10	 x18:0x00000000 x10:0x00000000  x5=0x00000000
     413885.000 ns	     41387	80008a28	f0068cd3	fmv.w.x	f25,x13	 x13:0x00000000 f25=0x00000000
     414255.000 ns	     41424	80008a2c	0222f633	remu	x12,x5,x2	  x5:0x22a16000  x2:0x80040fe4 x12=0x00000000
     414275.000 ns	     41426	80008a30	0073fb33	and	x22,x7,x7	  x7:0x7fc00000  x7:0x7fc00000 x22=0x7fc00000
     414285.000 ns	     41427	80008a34	bdf8e797	auipc	x15,0xbdf8e	 x15=0x3df96a34
     414305.000 ns	     41429	80008a38	e0040453	fmv.x.w	x8,f8	  f8:0x4e25cf54  x8=0x4e25cf54
     414325.000 ns	     41431	80008a3c	00bd4633	xor	x12,x26,x11	 x26:0x00000000 x11:0x00000200 x12=0x00000200
     414335.000 ns	     41432	80008a40	40add2b3	sra	x5,x27,x10	 x27:0x0000000e x10:0x00000000  x5=0x0000000e
     414345.000 ns	     41433	80008a44	006c1cb3	sll	x25,x24,x6	 x24:0x00000001  x6:0x00000000 x25=0x00000001
     414365.000 ns	     41435	80008a48	d0189e53	fcvt.s.wu	f28,x17	 x17:0xffffffff f28=0x4f7fffff
     414395.000 ns	     41438	80008a4c	290c0853	fmin.s	f16,f24,f16	 f24:0x7f800000 f16:0x00000000 f16=0x00000000
     414435.000 ns	     41442	80008a50	1044bad3	fmul.s	f21,f9,f4	  f9:0xce25cf54  f4:0x4eff8000 f21=0xdda57c6c
     414475.000 ns	     41446	80008a54	1883f0d3	fdiv.s	f1,f7,f8	  f7:0xffc00000  f8:0x4e25cf54  f1=0x7fc00000
     414525.000 ns	     41451	80008a58	0051bd53	fadd.s	f26,f3,f5	  f3:0x490afc53  f5:0x4e25cf54 f26=0x4e25f214
     414545.000 ns	     41453	80008a5c	0092c633	xor	x12,x5,x9	  x5:0x0000000e  x9:0x00000000 x12=0x0000000e
     414565.000 ns	     41455	80008a60	a1dbabd3	feq.s	x23,f23,f29	 f23:0x7fc00000 f29:0x7fc00000 x23=0x00000000
     414595.000 ns	     41458	80008a64	e0051a53	fclass.s	x20,f10	 f10:0x80000000 x20=0x00000008
     414625.000 ns	     41461	80008a68	21f81153	fsgnjn.s	f2,f16,f31	 f16:0x00000000 f31:0x4e0a8580  f2=0x80000000
     414655.000 ns	     41464	80008a6c	0222b633	mulhu	x12,x5,x2	  x5:0x0000000e  x2:0x80040fe4 x12=0x00000007
     414705.000 ns	     41469	80008a70	0984f453	fsub.s	f8,f9,f24	  f9:0xce25cf54 f24:0x7f800000  f8=0xff800000
     414755.000 ns	     41474	80008a74	096af9d3	fsub.s	f19,f21,f22	 f21:0xdda57c6c f22:0x4eff8000 f19=0xdda57c6c
     414775.000 ns	     41476	80008a78	93bbcb13	xori	x22,x23,-1733	 x23:0x00000000 x22=0xfffff93b
     414795.000 ns	     41478	80008a7c	029299b3	mulh	x19,x5,x9	  x5:0x0000000e  x9:0x00000000 x19=0x00000000
     414815.000 ns	     41480	80008a80	00a8cf33	xor	x30,x17,x10	 x17:0xffffffff x10:0x00000000 x30=0xffffffff
     414825.000 ns	     41481	80008a84	41efdbb3	sra	x23,x31,x30	 x31:0x80041024 x30:0x00000001 x23=0xffffffff
     414865.000 ns	     41485	80008a88	017083d3	fadd.s	f7,f1,f23	  f1:0x7fc00000 f23:0x7fc00000  f7=0x7fc00000
     415235.000 ns	     41522	80008a8c	03d6f9b3	remu	x19,x13,x29	 x13:0x00000000 x29:0x80040fe5 x19=0x00000000
     415285.000 ns	     41527	80008a90	09593553	fsub.s	f10,f18,f21	 f18:0x00000000 f21:0xdda57c6c f10=0x5da57c6c
     415305.000 ns	     41529	80008a94	f3c27593	andi	x11,x4,-196	  x4:0x2973d501 x11=0x2973d500
     415325.000 ns	     41531	80008a98	03d788b3	mul	x17,x15,x29	 x15:0x3df96a34 x29:0x80040fe5 x17=0xb6250c84
     415345.000 ns	     41533	80008a9c	0121a633	slt	x12,x3,x18	  x3:0x00000000 x18:0x00000000 x12=0x00000000
     415355.000 ns	     41534	80008aa0	404c0d33	sub	x26,x24,x4	 x24:0x00000001  x4:0x2973d501 x26=0xd68c2b00
     415375.000 ns	     41536	80008aa4	c018a8d3	fcvt.wu.s	x17,f17	 f17:0x00000000 x17=0x00000000
     415405.000 ns	     41539	80008aa8	035eecb3	rem	x25,x29,x21	 x29:0x80040fe5 x21:0x00000000 x25=0x80040fe5
     415435.000 ns	     41542	80008aac	c00375d3	fcvt.w.s	x11,f6	  f6:0x7fc00000 x11=0x7fffffff
     415455.000 ns	     41544	80008ab0	00d2f733	and	x14,x5,x13	  x5:0x0000000e x13:0x00000000 x14=0x00000000
     415475.000 ns	     41546	80008ab4	e00498d3	fclass.s	x17,f9	  f9:0xce25cf54 x17=0x00000002
     415505.000 ns	     41549	80008ab8	f00d0753	fmv.w.x	f14,x26	 x26:0xd68c2b00 f14=0xd68c2b00
     415535.000 ns	     41552	80008abc	210798d3	fsgnjn.s	f17,f15,f16	 f15:0x4e25cf54 f16:0x00000000 f17=0xce25cf54
     415555.000 ns	     41554	80008ac0	00889893	slli	x17,x17,0x8	 x17:0x00000002 x17=0x00000200
     415575.000 ns	     41556	80008ac4	f0030cd3	fmv.w.x	f25,x6	  x6:0x00000000 f25=0x00000000
     416755.000 ns	     41674	80008ac8	58021e53	fsqrt.s	f28,f4	  f4:0x4eff8000 f28=0x4734d769
     416795.000 ns	     41678	80008acc	10301c53	fmul.s	f24,f0,f3	  f0:0x490afc53  f3:0x490afc53 f24=0x5296ea04
     416825.000 ns	     41681	80008ad0	c002f553	fcvt.w.s	x10,f5	  f5:0x4e25cf54 x10=0x2973d500
     416855.000 ns	     41684	80008ad4	20449ad3	fsgnjn.s	f21,f9,f4	  f9:0xce25cf54  f4:0x4eff8000 f21=0xce25cf54
     416875.000 ns	     41686	80008ad8	66c11037	lui	x0,0x66c11	
     416895.000 ns	     41688	80008adc	02be3633	mulhu	x12,x28,x11	 x28:0x00000000 x11:0x7fffffff x12=0x00000000
     416915.000 ns	     41690	80008ae0	a44d1a17	auipc	x20,0xa44d1	 x20=0x244d9ae0
     416935.000 ns	     41692	80008ae4	e00c0353	fmv.x.w	x6,f24	 f24:0x5296ea04  x6=0x5296ea04
     416955.000 ns	     41694	80008ae8	00d99c13	slli	x24,x19,0xd	 x19:0x00000000 x24=0x00000000
     416975.000 ns	     41696	80008aec	03225733	divu	x14,x4,x18	  x4:0x2973d501 x18:0x00000000 x14=0xffffffff
     416995.000 ns	     41698	80008af0	90223993	sltiu	x19,x4,-1790	  x4:0x2973d501 x19=0x00000001
     417015.000 ns	     41700	80008af4	d00f0a53	fcvt.s.w	f20,x30	 x30:0xffffffff f20=0xbf800000
     417045.000 ns	     41703	80008af8	c0138c53	fcvt.wu.s	x24,f7	  f7:0x7fc00000 x24=0xffffffff
     417075.000 ns	     41706	80008afc	28d90853	fmin.s	f16,f18,f13	 f18:0x00000000 f13:0x4eff8000 f16=0x00000000
     417415.000 ns	     41740	80008b00	198f79d3	fdiv.s	f19,f30,f24	 f30:0xce25cf54 f24:0x5296ea04 f19=0xbaa5cf54
     417435.000 ns	     41742	80008b04	01ea5a13	srli	x20,x20,0x1e	 x20:0x244d9ae0 x20=0x00000000
     417445.000 ns	     41743	80008b08	00e734b3	sltu	x9,x14,x14	 x14:0xffffffff x14:0xffffffff  x9=0x00000000
     417465.000 ns	     41745	80008b0c	29ee0953	fmin.s	f18,f28,f30	 f28:0x4734d769 f30:0xce25cf54 f18=0xce25cf54
     417485.000 ns	     41747	80008b10	639a0b13	addi	x22,x20,1593	 x20:0x00000000 x22=0x00000639
     417505.000 ns	     41749	80008b14	028e2533	mulhsu	x10,x28,x8	 x28:0x00000000  x8:0x4e25cf54 x10=0x00000000
     417525.000 ns	     41751	80008b18	00490733	add	x14,x18,x4	 x18:0x00000000  x4:0x2973d501 x14=0x2973d501
     417885.000 ns	     41787	80008b1c	0315d633	divu	x12,x11,x17	 x11:0x7fffffff x17:0x00000200 x12=0x003fffff
     417915.000 ns	     41790	80008b20	a10c0053	fle.s	x0,f24,f16	 f24:0x5296ea04 f16:0x00000000
     417945.000 ns	     41793	80008b24	29240353	fmin.s	f6,f8,f18	  f8:0xff800000 f18:0xce25cf54  f6=0xff800000
     417965.000 ns	     41795	80008b28	003990b3	sll	x1,x19,x3	 x19:0x00000001  x3:0x00000000  x1=0x00000001
     418325.000 ns	     41831	80008b2c	03fee2b3	rem	x5,x29,x31	 x29:0x80040fe5 x31:0x80041024  x5=0xffffffc1
     418695.000 ns	     41868	80008b30	03804133	div	x2,x0,x24	  x0:0x00000000 x24:0xffffffff  x2=0x00000000
     418715.000 ns	     41870	80008b34	00301693	slli	x13,x0,0x3	  x0:0x00000000 x13=0x00000000
     418725.000 ns	     41871	80008b38	00f74ab3	xor	x21,x14,x15	 x14:0x2973d501 x15:0x3df96a34 x21=0x148abf35
     418765.000 ns	     41875	80008b3c	004a77d3	fadd.s	f15,f20,f4	 f20:0xbf800000  f4:0x4eff8000 f15=0x4eff7fff
     418785.000 ns	     41877	80008b40	33f9a213	slti	x4,x19,831	 x19:0x00000001  x4=0x00000001
     418805.000 ns	     41879	80008b44	a1c81253	flt.s	x4,f16,f28	 f16:0x00000000 f28:0x4734d769  x4=0x00000001
     418835.000 ns	     41882	80008b48	02669bb3	mulh	x23,x13,x6	 x13:0x00000000  x6:0x5296ea04 x23=0x00000000
     418855.000 ns	     41884	80008b4c	8a320513	addi	x10,x4,-1885	  x4:0x00000001 x10=0xfffff8a4
     418865.000 ns	     41885	80008b50	40fc87b3	sub	x15,x25,x15	 x25:0x80040fe5 x15:0x3df96a34 x15=0x420aa5b1
     418885.000 ns	     41887	80008b54	037fb6b3	mulhu	x13,x31,x23	 x31:0x80041024 x23:0x00000000 x13=0x00000000
     418905.000 ns	     41889	80008b58	99174793	xori	x15,x14,-1647	 x14:0x2973d501 x15=0xd68c2c90
     418925.000 ns	     41891	80008b5c	21621fd3	fsgnjn.s	f31,f4,f22	  f4:0x4eff8000 f22:0x4eff8000 f31=0xceff8000
     418975.000 ns	     41896	80008b60	08d0f453	fsub.s	f8,f1,f13	  f1:0x7fc00000 f13:0x4eff8000  f8=0x7fc00000
     419005.000 ns	     41899	80008b64	d017fad3	fcvt.s.wu	f21,x15	 x15:0xd68c2c90 f21=0x4f568c2c
     419035.000 ns	     41902	80008b68	03ce14b3	mulh	x9,x28,x28	 x28:0x00000000 x28:0x00000000  x9=0x00000000
     419065.000 ns	     41905	80008b6c	d01517d3	fcvt.s.wu	f15,x10	 x10:0xfffff8a4 f15=0x4f7ffff8
     419085.000 ns	     41907	80008b70	58c9e917	auipc	x18,0x58c9e	 x18=0xd8ca6b70
     419445.000 ns	     41943	80008b74	02497933	remu	x18,x18,x4	 x18:0x00000000  x4:0x00000001 x18=0x00000000
     419495.000 ns	     41948	80008b78	0993f8d3	fsub.s	f17,f7,f25	  f7:0x7fc00000 f25:0x00000000 f17=0x7fc00000
     419525.000 ns	     41951	80008b7c	a1b986d3	fle.s	x13,f19,f27	 f19:0xbaa5cf54 f27:0x7fc00000 x13=0x00000000
     419895.000 ns	     41988	80008b80	030a4033	div	x0,x20,x16	 x20:0x00000000 x16:0x80040fe4
     419915.000 ns	     41990	80008b84	64838893	addi	x17,x7,1608	  x7:0x7fc00000 x17=0x7fc00648
     419925.000 ns	     41991	80008b88	40510bb3	sub	x23,x2,x5	  x2:0x00000000  x5:0xffffffc1 x23=0x0000003f
     419935.000 ns	     41992	80008b8c	419b53b3	sra	x7,x22,x25	 x22:0x00000639 x25:0x80040fe5  x7=0x00000031
     419955.000 ns	     41994	80008b90	d0072ed3	fcvt.s.w	f29,x14	 x14:0x2973d501 f29=0x4e25cf55
     419985.000 ns	     41997	80008b94	02d28bb3	mul	x23,x5,x13	  x5:0xffffffc1 x13:0x00000000 x23=0x00000000
     420015.000 ns	     42000	80008b98	216516d3	fsgnjn.s	f13,f10,f22	 f10:0x5da57c6c f22:0x4eff8000 f13=0xdda57c6c
     420045.000 ns	     42003	80008b9c	c00da4d3	fcvt.w.s	x9,f27	 f27:0x7fc00000  x9=0x7fffffff
     420415.000 ns	     42040	80008ba0	02cd50b3	divu	x1,x26,x12	 x26:0xd68c2b00 x12:0x003fffff  x1=0x0000035a
     420445.000 ns	     42043	80008ba4	02212933	mulhsu	x18,x2,x2	  x2:0x00000000  x2:0x00000000 x18=0x00000000
     420475.000 ns	     42046	80008ba8	d00ac453	fcvt.s.w	f8,x21	 x21:0x148abf35  f8=0x4da455fa
     420515.000 ns	     42050	80008bac	11473bd3	fmul.s	f23,f14,f20	 f14:0xd68c2b00 f20:0xbf800000 f23=0x568c2b00
     420535.000 ns	     42052	80008bb0	83ea7d13	andi	x26,x20,-1986	 x20:0x00000000 x26=0x00000000
     420545.000 ns	     42053	80008bb4	00000013	addi	x0,x0,0	  x0:0x00000000
     420565.000 ns	     42055	80008bb8	0200c5b3	div	x11,x1,x0	  x1:0x0000035a  x0:0x00000000 x11=0xffffffff
     420585.000 ns	     42057	80008bbc	013b77b3	and	x15,x22,x19	 x22:0x00000639 x19:0x00000001 x15=0x00000001
     420605.000 ns	     42059	80008bc0	023bdc33	divu	x24,x23,x3	 x23:0x00000000  x3:0x00000000 x24=0xffffffff
     420635.000 ns	     42062	80008bc4	f00301d3	fmv.w.x	f3,x6	  x6:0x5296ea04  f3=0x5296ea04
     420655.000 ns	     42064	80008bc8	010e5093	srli	x1,x28,0x10	 x28:0x00000000  x1=0x00000000
     420665.000 ns	     42065	80008bcc	e3b6bf13	sltiu	x30,x13,-453	 x13:0x00000000 x30=0x00000001
     420685.000 ns	     42067	80008bd0	03a61c33	mulh	x24,x12,x26	 x12:0x003fffff x26:0x00000000 x24=0x00000000
     420705.000 ns	     42069	80008bd4	01805a13	srli	x20,x0,0x18	  x0:0x00000000 x20=0x00000000
     420725.000 ns	     42071	80008bd8	28f19153	fmax.s	f2,f3,f15	  f3:0x5296ea04 f15:0x4f7ffff8  f2=0x5296ea04
     421095.000 ns	     42108	80008bdc	03f14333	div	x6,x2,x31	  x2:0x00000000 x31:0x80041024  x6=0x00000000
     421465.000 ns	     42145	80008be0	02c4e8b3	rem	x17,x9,x12	  x9:0x7fffffff x12:0x003fffff x17=0x000001ff
     421485.000 ns	     42147	80008be4	018b9d13	slli	x26,x23,0x18	 x23:0x00000000 x26=0x00000000
     421505.000 ns	     42149	80008be8	f00b0a53	fmv.w.x	f20,x22	 x22:0x00000639 f20=0x00000639
     421525.000 ns	     42151	80008bec	01274cb3	xor	x25,x14,x18	 x14:0x2973d501 x18:0x00000000 x25=0x2973d501
     421545.000 ns	     42153	80008bf0	c01ac0d3	fcvt.wu.s	x1,f21	 f21:0x4f568c2c  x1=0xd68c2c00
     421575.000 ns	     42156	80008bf4	c00384d3	fcvt.w.s	x9,f7	  f7:0x7fc00000  x9=0x7fffffff
     421595.000 ns	     42158	80008bf8	40915493	srai	x9,x2,0x9	  x2:0x00000000  x9=0x00000000
     421605.000 ns	     42159	80008bfc	4088de13	srai	x28,x17,0x8	 x17:0x000001ff x28=0x00000001
     421615.000 ns	     42160	80008c00	03b75297	auipc	x5,0x3b75	  x5=0x83b7dc00
     421625.000 ns	     42161	80008c04	ca59ac93	slti	x25,x19,-859	 x19:0x00000001 x25=0x00000000
     421645.000 ns	     42163	80008c08	20f2abd3	fsgnjx.s	f23,f5,f15	  f5:0x4e25cf54 f15:0x4f7ffff8 f23=0x4e25cf54
     421675.000 ns	     42166	80008c0c	0265eb33	rem	x22,x11,x6	 x11:0xffffffff  x6:0x00000000 x22=0xffffffff
     421695.000 ns	     42168	80008c10	0059c7b3	xor	x15,x19,x5	 x19:0x00000001  x5:0x83b7dc00 x15=0x83b7dc01
     421705.000 ns	     42169	80008c14	41a05eb3	sra	x29,x0,x26	  x0:0x00000000 x26:0x00000000 x29=0x00000000
     421725.000 ns	     42171	80008c18	289493d3	fmax.s	f7,f9,f9	  f9:0xce25cf54  f9:0xce25cf54  f7=0xce25cf54
     421745.000 ns	     42173	80008c1c	004c6733	or	x14,x24,x4	 x24:0x00000000  x4:0x00000001 x14=0x00000001
     421765.000 ns	     42175	80008c20	023f46b3	div	x13,x30,x3	 x30:0x00000001  x3:0x00000000 x13=0xffffffff
     421795.000 ns	     42178	80008c24	210a0653	fsgnj.s	f12,f20,f16	 f20:0x00000639 f16:0x00000000 f12=0x00000639
     421825.000 ns	     42181	80008c28	f0018fd3	fmv.w.x	f31,x3	  x3:0x00000000 f31=0x00000000
     421845.000 ns	     42183	80008c2c	d7e4a513	slti	x10,x9,-642	  x9:0x00000000 x10=0x00000000
     421865.000 ns	     42185	80008c30	d0027a53	fcvt.s.w	f20,x4	  x4:0x00000001 f20=0x3f800000
     421905.000 ns	     42189	80008c34	186cf7d3	fdiv.s	f15,f25,f6	 f25:0x00000000  f6:0xff800000 f15=0x80000000
     421925.000 ns	     42191	80008c38	eca16b13	ori	x22,x2,-310	  x2:0x00000000 x22=0xfffffeca
     421945.000 ns	     42193	80008c3c	02e597b3	mulh	x15,x11,x14	 x11:0xffffffff x14:0x00000001 x15=0xffffffff
     421975.000 ns	     42196	80008c40	28e806d3	fmin.s	f13,f16,f14	 f16:0x00000000 f14:0xd68c2b00 f13=0xd68c2b00
     423155.000 ns	     42314	80008c44	580601d3	fsqrt.s	f3,f12	 f12:0x00000639  f3=0x1f350d4e
     423175.000 ns	     42316	80008c48	005de6b3	or	x13,x27,x5	 x27:0x0000000e  x5:0x83b7dc00 x13=0x83b7dc0e
     423195.000 ns	     42318	80008c4c	a06ca3d3	feq.s	x7,f25,f6	 f25:0x00000000  f6:0xff800000  x7=0x00000000
     423225.000 ns	     42321	80008c50	e0049f53	fclass.s	x30,f9	  f9:0xce25cf54 x30=0x00000002
     423245.000 ns	     42323	80008c54	01c21013	slli	x0,x4,0x1c	  x4:0x00000001
     423265.000 ns	     42325	80008c58	033484b3	mul	x9,x9,x19	  x9:0x00000000 x19:0x00000001  x9=0x00000000
     423285.000 ns	     42327	80008c5c	00643e33	sltu	x28,x8,x6	  x8:0x4e25cf54  x6:0x00000000 x28=0x00000000
     423305.000 ns	     42329	80008c60	c01e1653	fcvt.wu.s	x12,f28	 f28:0x4734d769 x12=0x0000b4d7
     423335.000 ns	     42332	80008c64	039789b3	mul	x19,x15,x25	 x15:0xffffffff x25:0x00000000 x19=0x00000000
     423365.000 ns	     42335	80008c68	d01f70d3	fcvt.s.wu	f1,x30	 x30:0x00000002  f1=0x40000000
     424545.000 ns	     42453	80008c6c	58057ed3	fsqrt.s	f29,f10	 f10:0x5da57c6c f29=0x4e918a5f
     424575.000 ns	     42456	80008c70	209b2e53	fsgnjx.s	f28,f22,f9	 f22:0x4eff8000  f9:0xce25cf54 f28=0xceff8000
     424595.000 ns	     42458	80008c74	f64f2893	slti	x17,x30,-156	 x30:0x00000002 x17=0x00000000
     424955.000 ns	     42494	80008c78	02e0c5b3	div	x11,x1,x14	  x1:0xd68c2c00 x14:0x00000001 x11=0xd68c2c00
     424985.000 ns	     42497	80008c7c	207d0f53	fsgnj.s	f30,f26,f7	 f26:0x4e25f214  f7:0xce25cf54 f30=0xce25f214
     425005.000 ns	     42499	80008c80	ef7f4293	xori	x5,x30,-265	 x30:0x00000002  x5=0xfffffef5
     425015.000 ns	     42500	80008c84	00cdbeb3	sltu	x29,x27,x12	 x27:0x0000000e x12:0x0000b4d7 x29=0x00000001
     425025.000 ns	     42501	80008c88	4188d613	srai	x12,x17,0x18	 x17:0x00000000 x12=0x00000000
     425385.000 ns	     42537	80008c8c	035e6d33	rem	x26,x28,x21	 x28:0x00000000 x21:0x148abf35 x26=0x00000000
     425405.000 ns	     42539	80008c90	e97347b7	lui	x15,0xe9734	 x15=0xe9734000
     425425.000 ns	     42541	80008c94	c0037053	fcvt.w.s	x0,f6	  f6:0xff800000
     425455.000 ns	     42544	80008c98	d01f7a53	fcvt.s.wu	f20,x30	 x30:0x00000002 f20=0x40000000
     425475.000 ns	     42546	80008c9c	01792433	slt	x8,x18,x23	 x18:0x00000000 x23:0x00000000  x8=0x00000000
     425495.000 ns	     42548	80008ca0	037b73b3	remu	x7,x22,x23	 x22:0xfffffeca x23:0x00000000  x7=0xfffffeca
     425525.000 ns	     42551	80008ca4	29bb1bd3	fmax.s	f23,f22,f27	 f22:0x4eff8000 f27:0x7fc00000 f23=0x4eff8000
     425545.000 ns	     42553	80008ca8	0018f4b3	and	x9,x17,x1	 x17:0x00000000  x1:0xd68c2c00  x9=0x00000000
     426715.000 ns	     42670	80008cac	580b3f53	fsqrt.s	f30,f22	 f22:0x4eff8000 f30=0x4734d769
     426735.000 ns	     42672	80008cb0	ca510413	addi	x8,x2,-859	  x2:0x00000000  x8=0xfffffca5
     426755.000 ns	     42674	80008cb4	f00503d3	fmv.w.x	f7,x10	 x10:0x00000000  f7=0x00000000
     426785.000 ns	     42677	80008cb8	c00bc6d3	fcvt.w.s	x13,f23	 f23:0x4eff8000 x13=0x7fc00000
     426805.000 ns	     42679	80008cbc	0198d513	srli	x10,x17,0x19	 x17:0x00000000 x10=0x00000000
     426845.000 ns	     42683	80008cc0	01b875d3	fadd.s	f11,f16,f27	 f16:0x00000000 f27:0x7fc00000 f11=0x7fc00000
     426865.000 ns	     42685	80008cc4	d6312e13	slti	x28,x2,-669	  x2:0x00000000 x28=0x00000000
     426885.000 ns	     42687	80008cc8	d0081053	fcvt.s.w	f0,x16	 x16:0x80040fe4  f0=0xcefff7e0
     426915.000 ns	     42690	80008ccc	21982253	fsgnjx.s	f4,f16,f25	 f16:0x00000000 f25:0x00000000  f4=0x00000000
     426945.000 ns	     42693	80008cd0	c003ce53	fcvt.w.s	x28,f7	  f7:0x00000000 x28=0x00000000
     427315.000 ns	     42730	80008cd4	0285dcb3	divu	x25,x11,x8	 x11:0xd68c2c00  x8:0xfffffca5 x25=0x00000000
     428495.000 ns	     42848	80008cd8	58047853	fsqrt.s	f16,f8	  f8:0x4da455fa f16=0x469108a8
     428525.000 ns	     42851	80008cdc	c019f7d3	fcvt.wu.s	x15,f19	 f19:0xbaa5cf54 x15=0x00000000
     428545.000 ns	     42853	80008ce0	407cd933	sra	x18,x25,x7	 x25:0x00000000  x7:0xfffffeca x18=0x00000000
     428575.000 ns	     42856	80008ce4	117cf253	fmul.s	f4,f25,f23	 f25:0x00000000 f23:0x4eff8000  f4=0x00000000
     428605.000 ns	     42859	80008ce8	021322b3	mulhsu	x5,x6,x1	  x6:0x00000000  x1:0xd68c2c00  x5=0x00000000
     428655.000 ns	     42864	80008cec	00ce22d3	fadd.s	f5,f28,f12	 f28:0xceff8000 f12:0x00000639  f5=0xceff8000
     428685.000 ns	     42867	80008cf0	e00f94d3	fclass.s	x9,f31	 f31:0x00000000  x9=0x00000010
     428705.000 ns	     42869	80008cf4	00000013	addi	x0,x0,0	  x0:0x00000000
     428725.000 ns	     42871	80008cf8	02202d33	mulhsu	x26,x0,x2	  x0:0x00000000  x2:0x00000000 x26=0x00000000
     428745.000 ns	     42873	80008cfc	01d81d33	sll	x26,x16,x29	 x16:0x80040fe4 x29:0x00000001 x26=0x00081fc8
     428765.000 ns	     42875	80008d00	299f0853	fmin.s	f16,f30,f25	 f30:0x4734d769 f25:0x00000000 f16=0x00000000
     428785.000 ns	     42877	80008d04	2045bb13	sltiu	x22,x11,516	 x11:0xd68c2c00 x22=0x00000000
     428795.000 ns	     42878	80008d08	002bfb33	and	x22,x23,x2	 x23:0x00000000  x2:0x00000000 x22=0x00000000
     428825.000 ns	     42881	80008d0c	5803f2d3	fsqrt.s	f5,f7	  f7:0x00000000  f5=0x00000000
     428855.000 ns	     42884	80008d10	022d7a33	remu	x20,x26,x2	 x26:0x00081fc8  x2:0x00000000 x20=0x00081fc8
     428885.000 ns	     42887	80008d14	e00c9c53	fclass.s	x24,f25	 f25:0x00000000 x24=0x00000010
     429255.000 ns	     42924	80008d18	02e1e7b3	rem	x15,x3,x14	  x3:0x00000000 x14:0x00000001 x15=0x00000000
     429285.000 ns	     42927	80008d1c	d00073d3	fcvt.s.w	f7,x0	  x0:0x00000000  f7=0x00000000
     429305.000 ns	     42929	80008d20	13e47793	andi	x15,x8,318	  x8:0xfffffca5 x15=0x00000024
     429345.000 ns	     42933	80008d24	0838ac53	fsub.s	f24,f17,f3	 f17:0x7fc00000  f3:0x1f350d4e f24=0x7fc00000
     429375.000 ns	     42936	80008d28	0269f1b3	remu	x3,x19,x6	 x19:0x00000000  x6:0x00000000  x3=0x00000000
     429405.000 ns	     42939	80008d2c	f0050f53	fmv.w.x	f30,x10	 x10:0x00000000 f30=0x00000000
     429425.000 ns	     42941	80008d30	00a51cb3	sll	x25,x10,x10	 x10:0x00000000 x10:0x00000000 x25=0x00000000
     429445.000 ns	     42943	80008d34	29601dd3	fmax.s	f27,f0,f22	  f0:0xcefff7e0 f22:0x4eff8000 f27=0x4eff8000
     429475.000 ns	     42946	80008d38	02150933	mul	x18,x10,x1	 x10:0x00000000  x1:0xd68c2c00 x18=0x00000000
     429515.000 ns	     42950	80008d3c	580799d3	fsqrt.s	f19,f15	 f15:0x80000000 f19=0x80000000
     429535.000 ns	     42952	80008d40	005b1333	sll	x6,x22,x5	 x22:0x00000000  x5:0x00000000  x6=0x00000000
     429555.000 ns	     42954	80008d44	c01070d3	fcvt.wu.s	x1,f0	  f0:0xcefff7e0  x1=0x7ffbf000
     429585.000 ns	     42957	80008d48	212599d3	fsgnjn.s	f19,f11,f18	 f11:0x7fc00000 f18:0xce25cf54 f19=0x7fc00000
     429615.000 ns	     42960	80008d4c	a0039f53	flt.s	x30,f7,f0	  f7:0x00000000  f0:0xcefff7e0 x30=0x00000000
     429645.000 ns	     42963	80008d50	02143633	mulhu	x12,x8,x1	  x8:0xfffffca5  x1:0x7ffbf000 x12=0x7ffbee52
     429665.000 ns	     42965	80008d54	0056d093	srli	x1,x13,0x5	 x13:0x7fc00000  x1=0x03fe0000
     429695.000 ns	     42968	80008d58	58097053	fsqrt.s	f0,f18	 f18:0xce25cf54  f0=0x7fc00000
     429735.000 ns	     42972	80008d5c	18b374d3	fdiv.s	f9,f6,f11	  f6:0xff800000 f11:0x7fc00000  f9=0x7fc00000
     429755.000 ns	     42974	80008d60	40650cb3	sub	x25,x10,x6	 x10:0x00000000  x6:0x00000000 x25=0x00000000
     429775.000 ns	     42976	80008d64	209d0f53	fsgnj.s	f30,f26,f9	 f26:0x4e25f214  f9:0x7fc00000 f30=0x4e25f214
     429805.000 ns	     42979	80008d68	d0159b53	fcvt.s.wu	f22,x11	 x11:0xd68c2c00 f22=0x4f568c2c
     429835.000 ns	     42982	80008d6c	036599b3	mulh	x19,x11,x22	 x11:0xd68c2c00 x22:0x00000000 x19=0x00000000
     429865.000 ns	     42985	80008d70	c00642d3	fcvt.w.s	x5,f12	 f12:0x00000639  x5=0x00000000
     429885.000 ns	     42987	80008d74	00085a13	srli	x20,x16,0x0	 x16:0x80040fe4 x20=0x80040fe4
     429895.000 ns	     42988	80008d78	01f444b3	xor	x9,x8,x31	  x8:0xfffffca5 x31:0x80041024  x9=0x7ffbec81
     429915.000 ns	     42990	80008d7c	20a80d53	fsgnj.s	f26,f16,f10	 f16:0x00000000 f10:0x5da57c6c f26=0x00000000
     429945.000 ns	     42993	80008d80	a1590953	fle.s	x18,f18,f21	 f18:0xce25cf54 f21:0x4f568c2c x18=0x00000001
     430315.000 ns	     43030	80008d84	02f16733	rem	x14,x2,x15	  x2:0x00000000 x15:0x00000024 x14=0x00000000
     430345.000 ns	     43033	80008d88	21e4ad53	fsgnjx.s	f26,f9,f30	  f9:0x7fc00000 f30:0x4e25f214 f26=0x7fc00000
     430375.000 ns	     43036	80008d8c	022d7b33	remu	x22,x26,x2	 x26:0x00081fc8  x2:0x00000000 x22=0x00081fc8
     430395.000 ns	     43038	80008d90	d69fad13	slti	x26,x31,-663	 x31:0x80041024 x26=0x00000001
     430405.000 ns	     43039	80008d94	008c32b3	sltu	x5,x24,x8	 x24:0x00000010  x8:0xfffffca5  x5=0x00000001
     430425.000 ns	     43041	80008d98	28dc9953	fmax.s	f18,f25,f13	 f25:0x00000000 f13:0xd68c2b00 f18=0x00000000
     430445.000 ns	     43043	80008d9c	40178533	sub	x10,x15,x1	 x15:0x00000024  x1:0x03fe0000 x10=0xfc020024
     430455.000 ns	     43044	80008da0	1350dd37	lui	x26,0x1350d	 x26=0x1350d000
     430465.000 ns	     43045	80008da4	019a8633	add	x12,x21,x25	 x21:0x148abf35 x25:0x00000000 x12=0x148abf35
     430475.000 ns	     43046	80008da8	01e7e5b3	or	x11,x15,x30	 x15:0x00000024 x30:0x00000000 x11=0x00000024
     430485.000 ns	     43047	80008dac	00d91493	slli	x9,x18,0xd	 x18:0x00000001  x9=0x00002000
     430495.000 ns	     43048	80008db0	182a0993	addi	x19,x20,386	 x20:0x80040fe4 x19=0x80041166
     430515.000 ns	     43050	80008db4	28bc9e53	fmax.s	f28,f25,f11	 f25:0x00000000 f11:0x7fc00000 f28=0x00000000
     430535.000 ns	     43052	80008db8	00578b33	add	x22,x15,x5	 x15:0x00000024  x5:0x00000001 x22=0x00000025
     430545.000 ns	     43053	80008dbc	415d09b3	sub	x19,x26,x21	 x26:0x1350d000 x21:0x148abf35 x19=0xfec610cb
     430555.000 ns	     43054	80008dc0	005096b3	sll	x13,x1,x5	  x1:0x03fe0000  x5:0x00000001 x13=0x07fc0000
     430885.000 ns	     43087	80008dc4	195f7553	fdiv.s	f10,f30,f21	 f30:0x4e25f214 f21:0x4f568c2c f10=0x3e25f214
     430915.000 ns	     43090	80008dc8	a1b881d3	fle.s	x3,f17,f27	 f17:0x7fc00000 f27:0x4eff8000  x3=0x00000000
     430945.000 ns	     43093	80008dcc	0205bbb3	mulhu	x23,x11,x0	 x11:0x00000024  x0:0x00000000 x23=0x00000000
     430975.000 ns	     43096	80008dd0	c01217d3	fcvt.wu.s	x15,f4	  f4:0x00000000 x15=0x00000000
     430995.000 ns	     43098	80008dd4	00ab9e13	slli	x28,x23,0xa	 x23:0x00000000 x28=0x00000000
     431005.000 ns	     43099	80008dd8	63f6f493	andi	x9,x13,1599	 x13:0x07fc0000  x9=0x00000000
     431015.000 ns	     43100	80008ddc	00c2e4b3	or	x9,x5,x12	  x5:0x00000001 x12:0x148abf35  x9=0x148abf35
     431035.000 ns	     43102	80008de0	284312d3	fmax.s	f5,f6,f4	  f6:0xff800000  f4:0x00000000  f5=0x00000000
     431055.000 ns	     43104	80008de4	011c7eb3	and	x29,x24,x17	 x24:0x00000010 x17:0x00000000 x29=0x00000000
     431075.000 ns	     43106	80008de8	a1d18bd3	fle.s	x23,f3,f29	  f3:0x1f350d4e f29:0x4e918a5f x23=0x00000001
     431105.000 ns	     43109	80008dec	20c514d3	fsgnjn.s	f9,f10,f12	 f10:0x3e25f214 f12:0x00000639  f9=0xbe25f214
     431155.000 ns	     43114	80008df0	00bf7153	fadd.s	f2,f30,f11	 f30:0x4e25f214 f11:0x7fc00000  f2=0x7fc00000
     431175.000 ns	     43116	80008df4	01caab33	slt	x22,x21,x28	 x21:0x148abf35 x28:0x00000000 x22=0x00000000
     431195.000 ns	     43118	80008df8	21b09353	fsgnjn.s	f6,f1,f27	  f1:0x40000000 f27:0x4eff8000  f6=0xc0000000
     431225.000 ns	     43121	80008dfc	285f84d3	fmin.s	f9,f31,f5	 f31:0x00000000  f5:0x00000000  f9=0x00000000
     431255.000 ns	     43124	80008e00	21f39c53	fsgnjn.s	f24,f7,f31	  f7:0x00000000 f31:0x00000000 f24=0x80000000
     431285.000 ns	     43127	80008e04	e00c80d3	fmv.x.w	x1,f25	 f25:0x00000000  x1=0x00000000
     431305.000 ns	     43129	80008e08	9391ca13	xori	x20,x3,-1735	  x3:0x00000000 x20=0xfffff939
     431315.000 ns	     43130	80008e0c	abbe6c93	ori	x25,x28,-1349	 x28:0x00000000 x25=0xfffffabb
     431335.000 ns	     43132	80008e10	a0d80753	fle.s	x14,f16,f13	 f16:0x00000000 f13:0xd68c2b00 x14=0x00000000
     431355.000 ns	     43134	80008e14	00078333	add	x6,x15,x0	 x15:0x00000000  x0:0x00000000  x6=0x00000000
     431365.000 ns	     43135	80008e18	01f3d313	srli	x6,x7,0x1f	  x7:0xfffffeca  x6=0x00000001
     431385.000 ns	     43137	80008e1c	f00c8a53	fmv.w.x	f20,x25	 x25:0xfffffabb f20=0xfffffabb
     431405.000 ns	     43139	80008e20	811e4593	xori	x11,x28,-2031	 x28:0x00000000 x11=0xfffff811
     431765.000 ns	     43175	80008e24	0392e2b3	rem	x5,x5,x25	  x5:0x00000001 x25:0xfffffabb  x5=0x00000001
     431785.000 ns	     43177	80008e28	00d40f33	add	x30,x8,x13	  x8:0xfffffca5 x13:0x07fc0000 x30=0x07fbfca5
     431795.000 ns	     43178	80008e2c	f7c42113	slti	x2,x8,-132	  x8:0xfffffca5  x2=0x00000001
     431815.000 ns	     43180	80008e30	d00870d3	fcvt.s.w	f1,x16	 x16:0x80040fe4  f1=0xcefff7e0
     431835.000 ns	     43182	80008e34	5da4fa13	andi	x20,x9,1498	  x9:0x148abf35 x20=0x00000510
     431855.000 ns	     43184	80008e38	a0991e53	flt.s	x28,f18,f9	 f18:0x00000000  f9:0x00000000 x28=0x00000000
     431885.000 ns	     43187	80008e3c	a1742cd3	feq.s	x25,f8,f23	  f8:0x4da455fa f23:0x4eff8000 x25=0x00000000
     431915.000 ns	     43190	80008e40	03c3c1b3	div	x3,x7,x28	  x7:0xfffffeca x28:0x00000000  x3=0xffffffff
     431945.000 ns	     43193	80008e44	28b21b53	fmax.s	f22,f4,f11	  f4:0x00000000 f11:0x7fc00000 f22=0x00000000
     431975.000 ns	     43196	80008e48	0206b8b3	mulhu	x17,x13,x0	 x13:0x07fc0000  x0:0x00000000 x17=0x00000000
     431995.000 ns	     43198	80008e4c	6ab42f13	slti	x30,x8,1707	  x8:0xfffffca5 x30=0x00000001
     432005.000 ns	     43199	80008e50	00f0cd33	xor	x26,x1,x15	  x1:0x00000000 x15:0x00000000 x26=0x00000000
     432365.000 ns	     43235	80008e54	02587633	remu	x12,x16,x5	 x16:0x80040fe4  x5:0x00000001 x12=0x00000000
     432395.000 ns	     43238	80008e58	284391d3	fmax.s	f3,f7,f4	  f7:0x00000000  f4:0x00000000  f3=0x00000000
     432415.000 ns	     43240	80008e5c	016d5313	srli	x6,x26,0x16	 x26:0x00000000  x6=0x00000000
     432425.000 ns	     43241	80008e60	c3687e13	andi	x28,x16,-970	 x16:0x80040fe4 x28=0x80040c24
     432435.000 ns	     43242	80008e64	009900b3	add	x1,x18,x9	 x18:0x00000001  x9:0x148abf35  x1=0x148abf36
     432455.000 ns	     43244	80008e68	20281a53	fsgnjn.s	f20,f16,f2	 f16:0x00000000  f2:0x7fc00000 f20=0x80000000
     432825.000 ns	     43281	80008e6c	02355b33	divu	x22,x10,x3	 x10:0xfc020024  x3:0xffffffff x22=0x00000000
     433195.000 ns	     43318	80008e70	022271b3	remu	x3,x4,x2	  x4:0x00000001  x2:0x00000001  x3=0x00000000
     433565.000 ns	     43355	80008e74	02bf6e33	rem	x28,x30,x11	 x30:0x00000001 x11:0xfffff811 x28=0x00000001
     433585.000 ns	     43357	80008e78	417a0233	sub	x4,x20,x23	 x20:0x00000510 x23:0x00000001  x4=0x0000050f
     433595.000 ns	     43358	80008e7c	4130d513	srai	x10,x1,0x13	  x1:0x148abf36 x10=0x00000291
     433615.000 ns	     43360	80008e80	21cc2ad3	fsgnjx.s	f21,f24,f28	 f24:0x80000000 f28:0x00000000 f21=0x80000000
     433645.000 ns	     43363	80008e84	d002f753	fcvt.s.w	f14,x5	  x5:0x00000001 f14=0x3f800000
     433665.000 ns	     43365	80008e88	4183d793	srai	x15,x7,0x18	  x7:0xfffffeca x15=0xffffffff
     433685.000 ns	     43367	80008e8c	02cd2eb3	mulhsu	x29,x26,x12	 x26:0x00000000 x12:0x00000000 x29=0x00000000
     434055.000 ns	     43404	80008e90	028adf33	divu	x30,x21,x8	 x21:0x148abf35  x8:0xfffffca5 x30=0x00000000
     434425.000 ns	     43441	80008e94	03bae633	rem	x12,x21,x27	 x21:0x148abf35 x27:0x0000000e x12=0x00000007
     434455.000 ns	     43444	80008e98	28478e53	fmin.s	f28,f15,f4	 f15:0x80000000  f4:0x00000000 f28=0x80000000
     434475.000 ns	     43446	80008e9c	d3e07493	andi	x9,x0,-706	  x0:0x00000000  x9=0x00000000
     434835.000 ns	     43482	80008ea0	021bc333	div	x6,x23,x1	 x23:0x00000001  x1:0x148abf36  x6=0x00000000
     434855.000 ns	     43484	80008ea4	50683313	sltiu	x6,x16,1286	 x16:0x80040fe4  x6=0x00000000
     434865.000 ns	     43485	80008ea8	01c44d33	xor	x26,x8,x28	  x8:0xfffffca5 x28:0x00000001 x26=0xfffffca4
     434885.000 ns	     43487	80008eac	03420cb3	mul	x25,x4,x20	  x4:0x0000050f x20:0x00000510 x25=0x00199bf0
     434915.000 ns	     43490	80008eb0	d013fbd3	fcvt.s.wu	f23,x7	  x7:0xfffffeca f23=0x4f7ffffe
     434935.000 ns	     43492	80008eb4	30f43193	sltiu	x3,x8,783	  x8:0xfffffca5  x3=0x00000000
     434955.000 ns	     43494	80008eb8	20c8a653	fsgnjx.s	f12,f17,f12	 f17:0x7fc00000 f12:0x00000639 f12=0x7fc00000
     434975.000 ns	     43496	80008ebc	00ef82b3	add	x5,x31,x14	 x31:0x80041024 x14:0x00000000  x5=0x80041024
     434985.000 ns	     43497	80008ec0	0181f9b3	and	x19,x3,x24	  x3:0x00000000 x24:0x00000010 x19=0x00000000
     434995.000 ns	     43498	80008ec4	2371b313	sltiu	x6,x3,567	  x3:0x00000000  x6=0x00000001
     435035.000 ns	     43502	80008ec8	01ce77d3	fadd.s	f15,f28,f28	 f28:0x80000000 f28:0x80000000 f15=0x80000000
     435405.000 ns	     43539	80008ecc	02227433	remu	x8,x4,x2	  x4:0x0000050f  x2:0x00000001  x8=0x00000000
     435435.000 ns	     43542	80008ed0	e0059ed3	fclass.s	x29,f11	 f11:0x7fc00000 x29=0x00000200
     435465.000 ns	     43545	80008ed4	a11891d3	flt.s	x3,f17,f17	 f17:0x7fc00000 f17:0x7fc00000  x3=0x00000000
     435495.000 ns	     43548	80008ed8	f0018053	fmv.w.x	f0,x3	  x3:0x00000000  f0=0x00000000
     435515.000 ns	     43550	80008edc	0183b7b3	sltu	x15,x7,x24	  x7:0xfffffeca x24:0x00000010 x15=0x00000000
     435525.000 ns	     43551	80008ee0	2ba06b13	ori	x22,x0,698	  x0:0x00000000 x22=0x000002ba
     435545.000 ns	     43553	80008ee4	f0020ed3	fmv.w.x	f29,x4	  x4:0x0000050f f29=0x0000050f
     435575.000 ns	     43556	80008ee8	02208c33	mul	x24,x1,x2	  x1:0x148abf36  x2:0x00000001 x24=0x148abf36
     435625.000 ns	     43561	80008eec	014a2e53	fadd.s	f28,f20,f20	 f20:0x80000000 f20:0x80000000 f28=0x80000000
     435675.000 ns	     43566	80008ef0	01298dd3	fadd.s	f27,f19,f18	 f19:0x7fc00000 f18:0x00000000 f27=0x7fc00000
     435705.000 ns	     43569	80008ef4	023a54b3	divu	x9,x20,x3	 x20:0x00000510  x3:0x00000000  x9=0xffffffff
     435725.000 ns	     43571	80008ef8	001270b3	and	x1,x4,x1	  x4:0x0000050f  x1:0x148abf36  x1=0x00000506
     435735.000 ns	     43572	80008efc	78607993	andi	x19,x0,1926	  x0:0x00000000 x19=0x00000000
     435775.000 ns	     43576	80008f00	00a73053	fadd.s	f0,f14,f10	 f14:0x3f800000 f10:0x3e25f214  f0=0x3f94be43
     435795.000 ns	     43578	80008f04	41d4d4b3	sra	x9,x9,x29	  x9:0xffffffff x29:0x00000200  x9=0xffffffff
     435805.000 ns	     43579	80008f08	019e1c13	slli	x24,x28,0x19	 x28:0x00000001 x24=0x02000000
     435845.000 ns	     43583	80008f0c	097e3953	fsub.s	f18,f28,f23	 f28:0x80000000 f23:0x4f7ffffe f18=0xcf7ffffe
     435885.000 ns	     43587	80008f10	11b20753	fmul.s	f14,f4,f27	  f4:0x00000000 f27:0x7fc00000 f14=0x7fc00000
     435915.000 ns	     43590	80008f14	c01826d3	fcvt.wu.s	x13,f16	 f16:0x00000000 x13=0x00000000
     435945.000 ns	     43593	80008f18	03458433	mul	x8,x11,x20	 x11:0xfffff811 x20:0x00000510  x8=0xffd7d610
     435965.000 ns	     43595	80008f1c	025ce4b7	lui	x9,0x25ce	  x9=0x025ce000
     436005.000 ns	     43599	80008f20	087c07d3	fsub.s	f15,f24,f7	 f24:0x80000000  f7:0x00000000 f15=0x80000000
     437185.000 ns	     43717	80008f24	580ba4d3	fsqrt.s	f9,f23	 f23:0x4f7ffffe  f9=0x47350461
     437225.000 ns	     43721	80008f28	1005bed3	fmul.s	f29,f11,f0	 f11:0x7fc00000  f0:0x3f94be43 f29=0x7fc00000
     437245.000 ns	     43723	80008f2c	00000013	addi	x0,x0,0	  x0:0x00000000
     437255.000 ns	     43724	80008f30	664ce0b7	lui	x1,0x664ce	  x1=0x664ce000
     437295.000 ns	     43728	80008f34	09bfc9d3	fsub.s	f19,f31,f27	 f31:0x00000000 f27:0x7fc00000 f19=0x7fc00000
     437325.000 ns	     43731	80008f38	c00e3f53	fcvt.w.s	x30,f28	 f28:0x80000000 x30=0x00000000
     437345.000 ns	     43733	80008f3c	40a90733	sub	x14,x18,x10	 x18:0x00000001 x10:0x00000291 x14=0xfffffd70
     437365.000 ns	     43735	80008f40	28c01853	fmax.s	f16,f0,f12	  f0:0x3f94be43 f12:0x7fc00000 f16=0x3f94be43
     437395.000 ns	     43738	80008f44	a00009d3	fle.s	x19,f0,f0	  f0:0x3f94be43  f0:0x3f94be43 x19=0x00000001
     437415.000 ns	     43740	80008f48	00000013	addi	x0,x0,0	  x0:0x00000000
     437425.000 ns	     43741	80008f4c	fd66f713	andi	x14,x13,-42	 x13:0x00000000 x14=0x00000000
     437435.000 ns	     43742	80008f50	00b5e1b3	or	x3,x11,x11	 x11:0xfffff811 x11:0xfffff811  x3=0xfffff811
     437445.000 ns	     43743	80008f54	40220a33	sub	x20,x4,x2	  x4:0x0000050f  x2:0x00000001 x20=0x0000050e
     437455.000 ns	     43744	80008f58	008ab233	sltu	x4,x21,x8	 x21:0x148abf35  x8:0xffd7d610  x4=0x00000001
     437475.000 ns	     43746	80008f5c	f0048653	fmv.w.x	f12,x9	  x9:0x025ce000 f12=0x025ce000
     437505.000 ns	     43749	80008f60	e0001ad3	fclass.s	x21,f0	  f0:0x3f94be43 x21=0x00000040
     437535.000 ns	     43752	80008f64	a1598453	fle.s	x8,f19,f21	 f19:0x7fc00000 f21:0x80000000  x8=0x00000000
     437565.000 ns	     43755	80008f68	e00e00d3	fmv.x.w	x1,f28	 f28:0x80000000  x1=0x80000000
     437585.000 ns	     43757	80008f6c	0150da93	srli	x21,x1,0x15	  x1:0x664ce000 x21=0x00000400
     437595.000 ns	     43758	80008f70	015c8e33	add	x28,x25,x21	 x25:0x00199bf0 x21:0x00000040 x28=0x00199ff0
     437615.000 ns	     43760	80008f74	e00486d3	fmv.x.w	x13,f9	  f9:0x47350461 x13=0x47350461
     438795.000 ns	     43878	80008f78	5804bfd3	fsqrt.s	f31,f9	  f9:0x47350461 f31=0x42fffef4
     438815.000 ns	     43880	80008f7c	01bf65b3	or	x11,x30,x27	 x30:0x00000000 x27:0x0000000e x11=0x0000000e
     438825.000 ns	     43881	80008f80	013a1093	slli	x1,x20,0x13	 x20:0x0000050e  x1=0x28700000
     438845.000 ns	     43883	80008f84	c00d7f53	fcvt.w.s	x30,f26	 f26:0x7fc00000 x30=0x7fffffff
     438875.000 ns	     43886	80008f88	20490cd3	fsgnj.s	f25,f18,f4	 f18:0xcf7ffffe  f4:0x00000000 f25=0x4f7ffffe
     438905.000 ns	     43889	80008f8c	21b9ac53	fsgnjx.s	f24,f19,f27	 f19:0x7fc00000 f27:0x7fc00000 f24=0x7fc00000
     438925.000 ns	     43891	80008f90	011bf4b3	and	x9,x23,x17	 x23:0x00000001 x17:0x00000000  x9=0x00000000
     438935.000 ns	     43892	80008f94	d9823913	sltiu	x18,x4,-616	  x4:0x00000001 x18=0x00000001
     438955.000 ns	     43894	80008f98	a0931b53	flt.s	x22,f6,f9	  f6:0xc0000000  f9:0x47350461 x22=0x00000001
     438985.000 ns	     43897	80008f9c	0307b533	mulhu	x10,x15,x16	 x15:0x00000000 x16:0x80040fe4 x10=0x00000000
     439355.000 ns	     43934	80008fa0	02156d33	rem	x26,x10,x1	 x10:0x00000291  x1:0x28700000 x26=0x00000000
     439385.000 ns	     43937	80008fa4	e00a8bd3	fmv.x.w	x23,f21	 f21:0x80000000 x23=0x80000000
     439405.000 ns	     43939	80008fa8	705a7917	auipc	x18,0x705a7	 x18=0xf05affa8
     439425.000 ns	     43941	80008fac	02817233	remu	x4,x2,x8	  x2:0x00000001  x8:0x00000000  x4=0x00000001
     439475.000 ns	     43946	80008fb0	00c4fc53	fadd.s	f24,f9,f12	  f9:0x47350461 f12:0x025ce000 f24=0x47350461
     439815.000 ns	     43980	80008fb4	18df43d3	fdiv.s	f7,f30,f13	 f30:0x4e25f214 f13:0xd68c2b00  f7=0xb6a5f214
     439845.000 ns	     43983	80008fb8	215daf53	fsgnjx.s	f30,f27,f21	 f27:0x7fc00000 f21:0x80000000 f30=0xffc00000
     439865.000 ns	     43985	80008fbc	3b578413	addi	x8,x15,949	 x15:0x00000000  x8=0x000003b5
     439885.000 ns	     43987	80008fc0	209baf53	fsgnjx.s	f30,f23,f9	 f23:0x4f7ffffe  f9:0x47350461 f30=0x4f7ffffe
     439935.000 ns	     43992	80008fc4	09267453	fsub.s	f8,f12,f18	 f12:0x025ce000 f18:0xcf7ffffe  f8=0x4f7ffffe
     439965.000 ns	     43995	80008fc8	e00a9753	fclass.s	x14,f21	 f21:0x80000000 x14=0x00000008
     440335.000 ns	     44032	80008fcc	0279dab3	divu	x21,x19,x7	 x19:0x00000001  x7:0xfffffeca x21=0x00000000
     440365.000 ns	     44035	80008fd0	02aa9433	mulh	x8,x21,x10	 x21:0x00000400 x10:0x00000000  x8=0x00000000
     440395.000 ns	     44038	80008fd4	02c383b3	mul	x7,x7,x12	  x7:0xfffffeca x12:0x00000007  x7=0xfffff786
     440415.000 ns	     44040	80008fd8	00000013	addi	x0,x0,0	  x0:0x00000000
     440425.000 ns	     44041	80008fdc	5e36db17	auipc	x22,0x5e36d	 x22=0xde375fdc
     440435.000 ns	     44042	80008fe0	0146c8b3	xor	x17,x13,x20	 x13:0x47350461 x20:0x0000050e x17=0x4735016f
     440445.000 ns	     44043	80008fe4	40d8dd33	sra	x26,x17,x13	 x17:0x00000000 x13:0x47350461 x26=0x239a80b7
     440465.000 ns	     44045	80008fe8	f0080653	fmv.w.x	f12,x16	 x16:0x80040fe4 f12=0x80040fe4
     440495.000 ns	     44048	80008fec	21552453	fsgnjx.s	f8,f10,f21	 f10:0x3e25f214 f21:0x80000000  f8=0xbe25f214
     440525.000 ns	     44051	80008ff0	28b180d3	fmin.s	f1,f3,f11	  f3:0x00000000 f11:0x7fc00000  f1=0x00000000
     440555.000 ns	     44054	80008ff4	03d29f33	mulh	x30,x5,x29	  x5:0x80041024 x29:0x00000200 x30=0xffffff00
     440575.000 ns	     44056	80008ff8	002c3d33	sltu	x26,x24,x2	 x24:0x02000000  x2:0x00000001 x26=0x00000000
     440585.000 ns	     44057	80008ffc	01ba9a33	sll	x20,x21,x27	 x21:0x00000000 x27:0x0000000e x20=0x00000000
     440945.000 ns	     44093	80009000	030cd933	divu	x18,x25,x16	 x25:0x00199bf0 x16:0x80040fe4 x18=0x00000000
     440995.000 ns	     44098	80009004	08c99ad3	fsub.s	f21,f19,f12	 f19:0x7fc00000 f12:0x80040fe4 f21=0x7fc00000
     441015.000 ns	     44100	80009008	f0067793	andi	x15,x12,-256	 x12:0x00000007 x15=0x00000000
     441035.000 ns	     44102	8000900c	02906c33	rem	x24,x0,x9	  x0:0x00000000  x9:0x00000000 x24=0x00000000
     441055.000 ns	     44104	80009010	01038bb3	add	x23,x7,x16	  x7:0xfffff786 x16:0x80040fe4 x23=0x8004076a
     441065.000 ns	     44105	80009014	00000013	addi	x0,x0,0	  x0:0x00000000
     441085.000 ns	     44107	80009018	029ca7b3	mulhsu	x15,x25,x9	 x25:0x00199bf0  x9:0x00000000 x15=0x00000000
     441125.000 ns	     44111	8000901c	19c04ed3	fdiv.s	f29,f0,f28	  f0:0x3f94be43 f28:0x80000000 f29=0xff800000
     441155.000 ns	     44114	80009020	0290b3b3	mulhu	x7,x1,x9	  x1:0x28700000  x9:0x00000000  x7=0x00000000
     441185.000 ns	     44117	80009024	035fa9b3	mulhsu	x19,x31,x21	 x31:0x80041024 x21:0x00000000 x19=0x00000000
     441215.000 ns	     44120	80009028	d01773d3	fcvt.s.wu	f7,x14	 x14:0x00000008  f7=0x41000000
     441235.000 ns	     44122	8000902c	40695013	srai	x0,x18,0x6	 x18:0x00000000
     441245.000 ns	     44123	80009030	0138ae33	slt	x28,x17,x19	 x17:0x4735016f x19:0x00000000 x28=0x00000000
     441265.000 ns	     44125	80009034	d00cf153	fcvt.s.w	f2,x25	 x25:0x00199bf0  f2=0x49ccdf80
     441285.000 ns	     44127	80009038	014c1e33	sll	x28,x24,x20	 x24:0x00000000 x20:0x00000000 x28=0x00000000
     441305.000 ns	     44129	8000903c	a14e2e53	feq.s	x28,f28,f20	 f28:0x80000000 f20:0x80000000 x28=0x00000001
     441325.000 ns	     44131	80009040	9cde7413	andi	x8,x28,-1587	 x28:0x00000000  x8=0x00000001
     441355.000 ns	     44134	80009044	10cff553	fmul.s	f10,f31,f12	 f31:0x42fffef4 f12:0x80040fe4 f10=0x8181fbf8
     441375.000 ns	     44136	80009048	cf5ca613	slti	x12,x25,-779	 x25:0x00199bf0 x12=0x00000000
     441395.000 ns	     44138	8000904c	218b86d3	fsgnj.s	f13,f23,f24	 f23:0x4f7ffffe f24:0x47350461 f13=0x4f7ffffe
     441425.000 ns	     44141	80009050	02f545b3	div	x11,x10,x15	 x10:0x00000000 x15:0x00000000 x11=0xffffffff
     441455.000 ns	     44144	80009054	21fea553	fsgnjx.s	f10,f29,f31	 f29:0xff800000 f31:0x42fffef4 f10=0xff800000
     441475.000 ns	     44146	80009058	0166f3b3	and	x7,x13,x22	 x13:0x47350461 x22:0xde375fdc  x7=0x46350440
     441495.000 ns	     44148	8000905c	03cf3133	mulhu	x2,x30,x28	 x30:0xffffff00 x28:0x00000001  x2=0x00000000
     441515.000 ns	     44150	80009060	01a64cb3	xor	x25,x12,x26	 x12:0x00000000 x26:0x00000000 x25=0x00000000
     441545.000 ns	     44153	80009064	58097453	fsqrt.s	f8,f18	 f18:0xcf7ffffe  f8=0x7fc00000
     441575.000 ns	     44156	80009068	f0028d53	fmv.w.x	f26,x5	  x5:0x80041024 f26=0x80041024
     441605.000 ns	     44159	8000906c	025806b3	mul	x13,x16,x5	 x16:0x80040fe4  x5:0x80041024 x13=0x81207c10
     441635.000 ns	     44162	80009070	e0089ed3	fclass.s	x29,f17	 f17:0x7fc00000 x29=0x00000200
     441675.000 ns	     44166	80009074	58053653	fsqrt.s	f12,f10	 f10:0xff800000 f12=0x7fc00000
     441695.000 ns	     44168	80009078	9a22f5b7	lui	x11,0x9a22f	 x11=0x9a22f000
     441735.000 ns	     44172	8000907c	00f9fed3	fadd.s	f29,f19,f15	 f19:0x7fc00000 f15:0x80000000 f29=0x7fc00000
     441765.000 ns	     44175	80009080	025f9133	mulh	x2,x31,x5	 x31:0x80041024  x5:0x80041024  x2=0x3ffbefec
     441795.000 ns	     44178	80009084	e00683d3	fmv.x.w	x7,f13	 f13:0x4f7ffffe  x7=0x4f7ffffe
     441815.000 ns	     44180	80009088	6c037893	andi	x17,x6,1728	  x6:0x00000001 x17=0x00000000
     441835.000 ns	     44182	8000908c	212e93d3	fsgnjn.s	f7,f29,f18	 f29:0x7fc00000 f18:0xcf7ffffe  f7=0x7fc00000
     441855.000 ns	     44184	80009090	45ff6193	ori	x3,x30,1119	 x30:0xffffff00  x3=0xffffff5f
     441875.000 ns	     44186	80009094	e00c81d3	fmv.x.w	x3,f25	 f25:0x4f7ffffe  x3=0x4f7ffffe
     441905.000 ns	     44189	80009098	03caa433	mulhsu	x8,x21,x28	 x21:0x00000000 x28:0x00000001  x8=0x00000000
     441935.000 ns	     44192	8000909c	c014f253	fcvt.wu.s	x4,f9	  f9:0x47350461  x4=0x0000b504
     441965.000 ns	     44195	800090a0	03335a33	divu	x20,x6,x19	  x6:0x00000001 x19:0x00000000 x20=0xffffffff
     441995.000 ns	     44198	800090a4	20ca2253	fsgnjx.s	f4,f20,f12	 f20:0x80000000 f12:0x7fc00000  f4=0x80000000
     442035.000 ns	     44202	800090a8	580d7553	fsqrt.s	f10,f26	 f26:0x80041024 f10=0x7fc00000
     442065.000 ns	     44205	800090ac	28bc8253	fmin.s	f4,f25,f11	 f25:0x4f7ffffe f11:0x7fc00000  f4=0x4f7ffffe
     442095.000 ns	     44208	800090b0	28679053	fmax.s	f0,f15,f6	 f15:0x80000000  f6:0xc0000000  f0=0x80000000
     442125.000 ns	     44211	800090b4	c00b01d3	fcvt.w.s	x3,f22	 f22:0x00000000  x3=0x00000000
     442145.000 ns	     44213	800090b8	415ddc13	srai	x24,x27,0x15	 x27:0x0000000e x24=0x00000000
     442155.000 ns	     44214	800090bc	00000013	addi	x0,x0,0	  x0:0x00000000
     442175.000 ns	     44216	800090c0	f00281d3	fmv.w.x	f3,x5	  x5:0x80041024  f3=0x80041024
     442205.000 ns	     44219	800090c4	29508d53	fmin.s	f26,f1,f21	  f1:0x00000000 f21:0x7fc00000 f26=0x00000000
     442225.000 ns	     44221	800090c8	40e3d993	srai	x19,x7,0xe	  x7:0x4f7ffffe x19=0x00013dff
     442245.000 ns	     44223	800090cc	03619eb3	mulh	x29,x3,x22	  x3:0x00000000 x22:0xde375fdc x29=0x00000000
     442265.000 ns	     44225	800090d0	01ba03b3	add	x7,x20,x27	 x20:0xffffffff x27:0x0000000e  x7=0x0000000d
     442285.000 ns	     44227	800090d4	c0007353	fcvt.w.s	x6,f0	  f0:0x80000000  x6=0x00000000
     442305.000 ns	     44229	800090d8	d8b7b893	sltiu	x17,x15,-629	 x15:0x00000000 x17=0x00000001
     442315.000 ns	     44230	800090dc	80868113	addi	x2,x13,-2040	 x13:0x81207c10  x2=0x81207418
     442325.000 ns	     44231	800090e0	01833433	sltu	x8,x6,x24	  x6:0x00000000 x24:0x00000000  x8=0x00000000
     442345.000 ns	     44233	800090e4	28960253	fmin.s	f4,f12,f9	 f12:0x7fc00000  f9:0x47350461  f4=0x47350461
     442375.000 ns	     44236	800090e8	039c4233	div	x4,x24,x25	 x24:0x00000000 x25:0x00000000  x4=0xffffffff
     442415.000 ns	     44240	800090ec	18be7ad3	fdiv.s	f21,f28,f11	 f28:0x80000000 f11:0x7fc00000 f21=0x7fc00000
     442445.000 ns	     44243	800090f0	c01492d3	fcvt.wu.s	x5,f9	  f9:0x47350461  x5=0x0000b504
     442475.000 ns	     44246	800090f4	c00726d3	fcvt.w.s	x13,f14	 f14:0x7fc00000 x13=0x7fffffff
     442845.000 ns	     44283	800090f8	0318ef33	rem	x30,x17,x17	 x17:0x00000001 x17:0x00000001 x30=0x00000000
     442885.000 ns	     44287	800090fc	11a515d3	fmul.s	f11,f10,f26	 f10:0x7fc00000 f26:0x00000000 f11=0x7fc00000
     442905.000 ns	     44289	80009100	ed55fc93	andi	x25,x11,-299	 x11:0x9a22f000 x25=0x9a22f000
     443265.000 ns	     44325	80009104	030a40b3	div	x1,x20,x16	 x20:0xffffffff x16:0x80040fe4  x1=0x00000000
     443285.000 ns	     44327	80009108	6cf82093	slti	x1,x16,1743	 x16:0x80040fe4  x1=0x00000001
     443295.000 ns	     44328	8000910c	33d9aab7	lui	x21,0x33d9a	 x21=0x33d9a000
     443305.000 ns	     44329	80009110	408ad093	srai	x1,x21,0x8	 x21:0x00000000  x1=0x0033d9a0
     443665.000 ns	     44365	80009114	034dda33	divu	x20,x27,x20	 x27:0x0000000e x20:0xffffffff x20=0x00000000
     443695.000 ns	     44368	80009118	29858e53	fmin.s	f28,f11,f24	 f11:0x7fc00000 f24:0x47350461 f28=0x47350461
     443715.000 ns	     44370	8000911c	0cb54637	lui	x12,0xcb54	 x12=0x0cb54000
     443735.000 ns	     44372	80009120	e00b94d3	fclass.s	x9,f23	 f23:0x4f7ffffe  x9=0x00000040
     443765.000 ns	     44375	80009124	21ea17d3	fsgnjn.s	f15,f20,f30	 f20:0x80000000 f30:0x4f7ffffe f15=0x80000000
     444135.000 ns	     44412	80009128	0308f533	remu	x10,x17,x16	 x17:0x00000001 x16:0x80040fe4 x10=0x00000001
     445315.000 ns	     44530	8000912c	58021b53	fsqrt.s	f22,f4	  f4:0x47350461 f22=0x42fffef4
     445335.000 ns	     44532	80009130	41255b93	srai	x23,x10,0x12	 x10:0x00000001 x23=0x00000000
     445345.000 ns	     44533	80009134	00c78733	add	x14,x15,x12	 x15:0x00000000 x12:0x0cb54000 x14=0x0cb54000
     445365.000 ns	     44535	80009138	02638a33	mul	x20,x7,x6	  x7:0x0000000d  x6:0x00000000 x20=0x00000000
     445415.000 ns	     44540	8000913c	0834f253	fsub.s	f4,f9,f3	  f9:0x47350461  f3:0x80041024  f4=0x47350461
     445435.000 ns	     44542	80009140	0617b4b7	lui	x9,0x617b	  x9=0x0617b000
     445445.000 ns	     44543	80009144	40e2d693	srai	x13,x5,0xe	  x5:0x0000b504 x13=0x00000002
     445455.000 ns	     44544	80009148	4082d893	srai	x17,x5,0x8	  x5:0x0000b504 x17=0x000000b5
     445475.000 ns	     44546	8000914c	285282d3	fmin.s	f5,f5,f5	  f5:0x00000000  f5:0x00000000  f5=0x00000000
     445505.000 ns	     44549	80009150	a10ba453	feq.s	x8,f23,f16	 f23:0x4f7ffffe f16:0x3f94be43  x8=0x00000000
     445525.000 ns	     44551	80009154	61492293	slti	x5,x18,1556	 x18:0x00000000  x5=0x00000001
     445555.000 ns	     44554	80009158	5809b953	fsqrt.s	f18,f19	 f19:0x7fc00000 f18=0x7fc00000
     445575.000 ns	     44556	8000915c	0167b4b3	sltu	x9,x15,x22	 x15:0x00000000 x22:0xde375fdc  x9=0x00000001
     445595.000 ns	     44558	80009160	29909e53	fmax.s	f28,f1,f25	  f1:0x00000000 f25:0x4f7ffffe f28=0x4f7ffffe
     445625.000 ns	     44561	80009164	023596b3	mulh	x13,x11,x3	 x11:0x9a22f000  x3:0x00000000 x13=0x00000000
     445995.000 ns	     44598	80009168	0218d333	divu	x6,x17,x1	 x17:0x000000b5  x1:0x0033d9a0  x6=0x00000000
     446015.000 ns	     44600	8000916c	1e917313	andi	x6,x2,489	  x2:0x81207418  x6=0x00000008
     446025.000 ns	     44601	80009170	00000013	addi	x0,x0,0	  x0:0x00000000
     446035.000 ns	     44602	80009174	cf2f8137	lui	x2,0xcf2f8	  x2=0xcf2f8000
     446055.000 ns	     44604	80009178	c00f0253	fcvt.w.s	x4,f30	 f30:0x4f7ffffe  x4=0x7fffffff
     446085.000 ns	     44607	8000917c	d01499d3	fcvt.s.wu	f19,x9	  x9:0x00000001 f19=0x3f800000
     446115.000 ns	     44610	80009180	2158a553	fsgnjx.s	f10,f17,f21	 f17:0x7fc00000 f21:0x7fc00000 f10=0x7fc00000
     446145.000 ns	     44613	80009184	a03319d3	flt.s	x19,f6,f3	  f6:0xc0000000  f3:0x80041024 x19=0x00000001
     446165.000 ns	     44615	80009188	f7670293	addi	x5,x14,-138	 x14:0x0cb54000  x5=0x0cb53f76
     446175.000 ns	     44616	8000918c	764876b7	lui	x13,0x76487	 x13=0x76487000
     446185.000 ns	     44617	80009190	4185dd33	sra	x26,x11,x24	 x11:0x9a22f000 x24:0x00000000 x26=0x9a22f000
     446195.000 ns	     44618	80009194	00955133	srl	x2,x10,x9	 x10:0x00000001  x9:0x00000001  x2=0x00000000
     446215.000 ns	     44620	80009198	e0008ad3	fmv.x.w	x21,f1	  f1:0x00000000 x21=0x00000000
     446245.000 ns	     44623	8000919c	026e3bb3	mulhu	x23,x28,x6	 x28:0x00000001  x6:0x00000008 x23=0x00000000
     446585.000 ns	     44657	800091a0	1961b4d3	fdiv.s	f9,f3,f22	  f3:0x80041024 f22:0x42fffef4  f9=0x80000000
     446615.000 ns	     44660	800091a4	a1c01553	flt.s	x10,f0,f28	  f0:0x80000000 f28:0x4f7ffffe x10=0x00000001
     446645.000 ns	     44663	800091a8	d00c3253	fcvt.s.w	f4,x24	 x24:0x00000000  f4=0x00000000
     446665.000 ns	     44665	800091ac	00d8bab3	sltu	x21,x17,x13	 x17:0x000000b5 x13:0x76487000 x21=0x00000001
     446675.000 ns	     44666	800091b0	00c8e1b3	or	x3,x17,x12	 x17:0x000000b5 x12:0x0cb54000  x3=0x0cb540b5
     446685.000 ns	     44667	800091b4	01215933	srl	x18,x2,x18	  x2:0x00000000 x18:0x00000000 x18=0x00000000
     446695.000 ns	     44668	800091b8	7faf4a93	xori	x21,x30,2042	 x30:0x00000000 x21=0x000007fa
     446715.000 ns	     44670	800091bc	c007acd3	fcvt.w.s	x25,f15	 f15:0x80000000 x25=0x00000000
     446745.000 ns	     44673	800091c0	21662ad3	fsgnjx.s	f21,f12,f22	 f12:0x7fc00000 f22:0x42fffef4 f21=0x7fc00000
     446765.000 ns	     44675	800091c4	00f57d33	and	x26,x10,x15	 x10:0x00000001 x15:0x00000000 x26=0x00000000
     446785.000 ns	     44677	800091c8	290f82d3	fmin.s	f5,f31,f16	 f31:0x42fffef4 f16:0x3f94be43  f5=0x3f94be43
     446815.000 ns	     44680	800091cc	c01a7a53	fcvt.wu.s	x20,f20	 f20:0x80000000 x20=0x00000000
     446835.000 ns	     44682	800091d0	01ea59b3	srl	x19,x20,x30	 x20:0x00000000 x30:0x00000000 x19=0x00000000
     446845.000 ns	     44683	800091d4	abe95317	auipc	x6,0xabe95	  x6=0x2be9e1d4
     446865.000 ns	     44685	800091d8	29f993d3	fmax.s	f7,f19,f31	 f19:0x3f800000 f31:0x42fffef4  f7=0x42fffef4
     446885.000 ns	     44687	800091dc	0183dd33	srl	x26,x7,x24	  x7:0x0000000d x24:0x00000000 x26=0x0000000d
     446905.000 ns	     44689	800091e0	d00f83d3	fcvt.s.w	f7,x31	 x31:0x80041024  f7=0xcefff7df
     446925.000 ns	     44691	800091e4	00b48733	add	x14,x9,x11	  x9:0x00000001 x11:0x9a22f000 x14=0x9a22f001
     446945.000 ns	     44693	800091e8	29619153	fmax.s	f2,f3,f22	  f3:0x80041024 f22:0x42fffef4  f2=0x42fffef4
     446965.000 ns	     44695	800091ec	bf6aa013	slti	x0,x21,-1034	 x21:0x000007fa
     446985.000 ns	     44697	800091f0	d00c9253	fcvt.s.w	f4,x25	 x25:0x00000000  f4=0x00000000
     447015.000 ns	     44700	800091f4	02b09233	mulh	x4,x1,x11	  x1:0x0033d9a0 x11:0x9a22f000  x4=0xffeb5e5d
     447035.000 ns	     44702	800091f8	007e97b3	sll	x15,x29,x7	 x29:0x00000000  x7:0x0000000d x15=0x00000000
     447055.000 ns	     44704	800091fc	02a3b4b3	mulhu	x9,x7,x10	  x7:0x0000000d x10:0x00000001  x9=0x00000000
     447075.000 ns	     44706	80009200	00644ab3	xor	x21,x8,x6	  x8:0x00000000  x6:0x2be9e1d4 x21=0x2be9e1d4
     447085.000 ns	     44707	80009204	77413393	sltiu	x7,x2,1908	  x2:0x00000000  x7=0x00000001
     447125.000 ns	     44711	80009208	0833f953	fsub.s	f18,f7,f3	  f7:0xcefff7df  f3:0x80041024 f18=0xcefff7df
     447145.000 ns	     44713	8000920c	40acd8b3	sra	x17,x25,x10	 x25:0x00000000 x10:0x00000001 x17=0x00000000
     447155.000 ns	     44714	80009210	017f2cb3	slt	x25,x30,x23	 x30:0x00000000 x23:0x00000000 x25=0x00000000
     447165.000 ns	     44715	80009214	00421213	slli	x4,x4,0x4	  x4:0xffeb5e5d  x4=0xfeb5e5d0
     447195.000 ns	     44718	80009218	1195c8d3	fmul.s	f17,f11,f25	 f11:0x7fc00000 f25:0x4f7ffffe f17=0x7fc00000
     447225.000 ns	     44721	8000921c	f00904d3	fmv.w.x	f9,x18	 x18:0x00000000  f9=0x00000000
     447245.000 ns	     44723	80009220	015552b3	srl	x5,x10,x21	 x10:0x00000001 x21:0x2be9e1d4  x5=0x00000000
     447265.000 ns	     44725	80009224	02deb2b3	mulhu	x5,x29,x13	 x29:0x00000000 x13:0x76487000  x5=0x00000000
     447295.000 ns	     44728	80009228	21570653	fsgnj.s	f12,f14,f21	 f14:0x7fc00000 f21:0x7fc00000 f12=0x7fc00000
     447315.000 ns	     44730	8000922c	97e5f693	andi	x13,x11,-1666	 x11:0x9a22f000 x13=0x9a22f000
     447325.000 ns	     44731	80009230	d8b89a17	auipc	x20,0xd8b89	 x20=0x58b92230
     447685.000 ns	     44767	80009234	026bccb3	div	x25,x23,x6	 x23:0x00000000  x6:0x2be9e1d4 x25=0x00000000
     447715.000 ns	     44770	80009238	03afb633	mulhu	x12,x31,x26	 x31:0x80041024 x26:0x0000000d x12=0x00000006
     447755.000 ns	     44774	8000923c	10680ed3	fmul.s	f29,f16,f6	 f16:0x3f94be43  f6:0xc0000000 f29=0xc014be44
     447775.000 ns	     44776	80009240	39a499b7	lui	x19,0x39a49	 x19=0x39a49000
     447785.000 ns	     44777	80009244	c3e06893	ori	x17,x0,-962	  x0:0x00000000 x17=0xfffffc3e
     447805.000 ns	     44779	80009248	21d686d3	fsgnj.s	f13,f13,f29	 f13:0x4f7ffffe f29:0xc014be44 f13=0xcf7ffffe
     447835.000 ns	     44782	8000924c	d00eccd3	fcvt.s.w	f25,x29	 x29:0x00000000 f25=0x00000000
     447855.000 ns	     44784	80009250	01e6ec33	or	x24,x13,x30	 x13:0x9a22f000 x30:0x00000000 x24=0x9a22f000
     447875.000 ns	     44786	80009254	e0089453	fclass.s	x8,f17	 f17:0x7fc00000  x8=0x00000200
     447895.000 ns	     44788	80009258	79ffa937	lui	x18,0x79ffa	 x18=0x79ffa000
     447915.000 ns	     44790	8000925c	a1708453	fle.s	x8,f1,f23	  f1:0x00000000 f23:0x4f7ffffe  x8=0x00000001
     447945.000 ns	     44793	80009260	03469733	mulh	x14,x13,x20	 x13:0x9a22f000 x20:0x58b92230 x14=0xdcb25824
     447985.000 ns	     44797	80009264	10677ed3	fmul.s	f29,f14,f6	 f14:0x7fc00000  f6:0xc0000000 f29=0x7fc00000
     448005.000 ns	     44799	80009268	00000013	addi	x0,x0,0	  x0:0x00000000
     448025.000 ns	     44801	8000926c	039cc8b3	div	x17,x25,x25	 x25:0x00000000 x25:0x00000000 x17=0xffffffff
     448055.000 ns	     44804	80009270	2060a853	fsgnjx.s	f16,f1,f6	  f1:0x00000000  f6:0xc0000000 f16=0x80000000
     448085.000 ns	     44807	80009274	d01a0e53	fcvt.s.wu	f28,x20	 x20:0x58b92230 f28=0x4eb17244
     448105.000 ns	     44809	80009278	86c18193	addi	x3,x3,-1940	  x3:0x0cb540b5  x3=0x0cb53921
     448125.000 ns	     44811	8000927c	28fc17d3	fmax.s	f15,f24,f15	 f24:0x47350461 f15:0x80000000 f15=0x47350461
     448145.000 ns	     44813	80009280	4186df13	srai	x30,x13,0x18	 x13:0x9a22f000 x30=0xffffff9a
     448155.000 ns	     44814	80009284	005ba1b3	slt	x3,x23,x5	 x23:0x00000000  x5:0x00000000  x3=0x00000000
     448165.000 ns	     44815	80009288	41b05a13	srai	x20,x0,0x1b	  x0:0x00000000 x20=0x00000000
     448175.000 ns	     44816	8000928c	404c5193	srai	x3,x24,0x4	 x24:0x9a22f000  x3=0xf9a22f00
     448185.000 ns	     44817	80009290	00000013	addi	x0,x0,0	  x0:0x00000000
     448205.000 ns	     44819	80009294	20931153	fsgnjn.s	f2,f6,f9	  f6:0xc0000000  f9:0x00000000  f2=0xc0000000
     448575.000 ns	     44856	80009298	02375633	divu	x12,x14,x3	 x14:0xdcb25824  x3:0xf9a22f00 x12=0x00000000
     448595.000 ns	     44858	8000929c	93e93893	sltiu	x17,x18,-1730	 x18:0x79ffa000 x17=0x00000001
     448955.000 ns	     44894	800092a0	0216c1b3	div	x3,x13,x1	 x13:0x9a22f000  x1:0x0033d9a0  x3=0xfffffe0a
     448985.000 ns	     44897	800092a4	03943333	mulhu	x6,x8,x25	  x8:0x00000001 x25:0x00000000  x6=0x00000000
     449355.000 ns	     44934	800092a8	02d1d033	divu	x0,x3,x13	  x3:0xfffffe0a x13:0x9a22f000
     449405.000 ns	     44939	800092ac	0947fc53	fsub.s	f24,f15,f20	 f15:0x47350461 f20:0x80000000 f24=0x47350461
     449435.000 ns	     44942	800092b0	031f9c33	mulh	x24,x31,x17	 x31:0x80041024 x17:0x00000001 x24=0xffffffff
     449465.000 ns	     44945	800092b4	d012f253	fcvt.s.wu	f4,x5	  x5:0x00000000  f4=0x00000000
     449835.000 ns	     44982	800092b8	0272c333	div	x6,x5,x7	  x5:0x00000000  x7:0x00000001  x6=0x00000000
     449855.000 ns	     44984	800092bc	c0534b13	xori	x22,x6,-1019	  x6:0x00000000 x22=0xfffffc05
     450215.000 ns	     45020	800092c0	03f66c33	rem	x24,x12,x31	 x12:0x00000000 x31:0x80041024 x24=0x00000000
     450245.000 ns	     45023	800092c4	037d1133	mulh	x2,x26,x23	 x26:0x0000000d x23:0x00000000  x2=0x00000000
     450275.000 ns	     45026	800092c8	037a26b3	mulhsu	x13,x20,x23	 x20:0x00000000 x23:0x00000000 x13=0x00000000
     450295.000 ns	     45028	800092cc	d6d9d737	lui	x14,0xd6d9d	 x14=0xd6d9d000
     450315.000 ns	     45030	800092d0	c00637d3	fcvt.w.s	x15,f12	 f12:0x7fc00000 x15=0x7fffffff
     450335.000 ns	     45032	800092d4	014bd333	srl	x6,x23,x20	 x23:0x00000000 x20:0x00000000  x6=0x00000000
     450345.000 ns	     45033	800092d8	0fde8f13	addi	x30,x29,253	 x29:0x00000000 x30=0x000000fd
     450365.000 ns	     45035	800092dc	c0044c53	fcvt.w.s	x24,f8	  f8:0x7fc00000 x24=0x7fffffff
     450385.000 ns	     45037	800092e0	00371d33	sll	x26,x14,x3	 x14:0xd6d9d000  x3:0xfffffe0a x26=0x67400000
     450395.000 ns	     45038	800092e4	4cee7b93	andi	x23,x28,1230	 x28:0x00000001 x23=0x00000000
     450435.000 ns	     45042	800092e8	012bfc53	fadd.s	f24,f23,f18	 f23:0x4f7ffffe f18:0xcefff7df f24=0x4f00040e
     450455.000 ns	     45044	800092ec	0096b3b3	sltu	x7,x13,x9	 x13:0x00000000  x9:0x00000000  x7=0x00000000
     450465.000 ns	     45045	800092f0	01792133	slt	x2,x18,x23	 x18:0x79ffa000 x23:0x00000000  x2=0x00000000
     450475.000 ns	     45046	800092f4	67eaa213	slti	x4,x21,1662	 x21:0x2be9e1d4  x4=0x00000000
     450485.000 ns	     45047	800092f8	e983e313	ori	x6,x7,-360	  x7:0x00000000  x6=0xfffffe98
     450505.000 ns	     45049	800092fc	03cf3133	mulhu	x2,x30,x28	 x30:0x000000fd x28:0x00000001  x2=0x00000000
     450535.000 ns	     45052	80009300	20bd8cd3	fsgnj.s	f25,f27,f11	 f27:0x7fc00000 f11:0x7fc00000 f25=0x7fc00000
     450555.000 ns	     45054	80009304	9fe92a93	slti	x21,x18,-1538	 x18:0x79ffa000 x21=0x00000000
     450565.000 ns	     45055	80009308	4258c197	auipc	x3,0x4258c	  x3=0xc2595308
     450585.000 ns	     45057	8000930c	a1bc13d3	flt.s	x7,f24,f27	 f24:0x4f00040e f27:0x7fc00000  x7=0x00000000
     450955.000 ns	     45094	80009310	02bfc3b3	div	x7,x31,x11	 x31:0x80041024 x11:0x9a22f000  x7=0x00000001
     450975.000 ns	     45096	80009314	410381b3	sub	x3,x7,x16	  x7:0x00000000 x16:0x80040fe4  x3=0x7ffbf01d
     451005.000 ns	     45099	80009318	11881253	fmul.s	f4,f16,f24	 f16:0x80000000 f24:0x4f00040e  f4=0x80000000
     451025.000 ns	     45101	8000931c	009095b3	sll	x11,x1,x9	  x1:0x0033d9a0  x9:0x00000000 x11=0x0033d9a0
     451045.000 ns	     45103	80009320	a11200d3	fle.s	x1,f4,f17	  f4:0x80000000 f17:0x7fc00000  x1=0x00000000
     451075.000 ns	     45106	80009324	f00e8bd3	fmv.w.x	f23,x29	 x29:0x00000000 f23=0x00000000
     451105.000 ns	     45109	80009328	02b0a233	mulhsu	x4,x1,x11	  x1:0x00000000 x11:0x0033d9a0  x4=0x00000000
     451125.000 ns	     45111	8000932c	019879b3	and	x19,x16,x25	 x16:0x80040fe4 x25:0x00000000 x19=0x00000000
     451135.000 ns	     45112	80009330	657aa593	slti	x11,x21,1623	 x21:0x00000000 x11=0x00000001
     451145.000 ns	     45113	80009334	0066eeb3	or	x29,x13,x6	 x13:0x00000000  x6:0xfffffe98 x29=0xfffffe98
     451155.000 ns	     45114	80009338	0086d133	srl	x2,x13,x8	 x13:0x00000000  x8:0x00000001  x2=0x00000000
     451175.000 ns	     45116	8000933c	28bb1b53	fmax.s	f22,f22,f11	 f22:0x42fffef4 f11:0x7fc00000 f22=0x42fffef4
     451205.000 ns	     45119	80009340	29f58c53	fmin.s	f24,f11,f31	 f11:0x7fc00000 f31:0x42fffef4 f24=0x42fffef4
     451235.000 ns	     45122	80009344	02433133	mulhu	x2,x6,x4	  x6:0xfffffe98  x4:0x00000000  x2=0x00000000
     451255.000 ns	     45124	80009348	4216c497	auipc	x9,0x4216c	  x9=0xc2175348
     451265.000 ns	     45125	8000934c	004aca33	xor	x20,x21,x4	 x21:0x00000000  x4:0x00000000 x20=0x00000000
     451285.000 ns	     45127	80009350	20d40e53	fsgnj.s	f28,f8,f13	  f8:0x7fc00000 f13:0xcf7ffffe f28=0xffc00000
     451315.000 ns	     45130	80009354	035c7733	remu	x14,x24,x21	 x24:0x7fffffff x21:0x00000000 x14=0x7fffffff
     451335.000 ns	     45132	80009358	00ecbd33	sltu	x26,x25,x14	 x25:0x00000000 x14:0xd6d9d000 x26=0x00000001
     451375.000 ns	     45136	8000935c	0170f153	fadd.s	f2,f1,f23	  f1:0x00000000 f23:0x00000000  f2=0x00000000
     451405.000 ns	     45139	80009360	02738c33	mul	x24,x7,x7	  x7:0x00000001  x7:0x00000001 x24=0x00000001
     451425.000 ns	     45141	80009364	415cdc13	srai	x24,x25,0x15	 x25:0x00000000 x24=0x00000000
     451435.000 ns	     45142	80009368	0179f1b3	and	x3,x19,x23	 x19:0x00000000 x23:0x00000000  x3=0x00000000
     451455.000 ns	     45144	8000936c	020b78b3	remu	x17,x22,x0	 x22:0xfffffc05  x0:0x00000000 x17=0xfffffc05
     451485.000 ns	     45147	80009370	a0db8bd3	fle.s	x23,f23,f13	 f23:0x00000000 f13:0xcf7ffffe x23=0x00000000
     451505.000 ns	     45149	80009374	011970b3	and	x1,x18,x17	 x18:0x79ffa000 x17:0xfffffc05  x1=0x79ffa000
     451515.000 ns	     45150	80009378	88adcc17	auipc	x24,0x88adc	 x24=0x08ae5378
     451875.000 ns	     45186	8000937c	03edcd33	div	x26,x27,x30	 x27:0x0000000e x30:0x000000fd x26=0x00000000
     451905.000 ns	     45189	80009380	a0591053	flt.s	x0,f18,f5	 f18:0xcefff7df  f5:0x3f94be43
     451925.000 ns	     45191	80009384	8d87af13	slti	x30,x15,-1832	 x15:0x7fffffff x30=0x00000000
     451945.000 ns	     45193	80009388	029589b3	mul	x19,x11,x9	 x11:0x00000001  x9:0xc2175348 x19=0xc2175348
     451965.000 ns	     45195	8000938c	01b10a33	add	x20,x2,x27	  x2:0x00000000 x27:0x0000000e x20=0x0000000e
     451985.000 ns	     45197	80009390	201f0c53	fsgnj.s	f24,f30,f1	 f30:0x4f7ffffe  f1:0x00000000 f24=0x4f7ffffe
     452005.000 ns	     45199	80009394	72d3b413	sltiu	x8,x7,1837	  x7:0x00000001  x8=0x00000001
     452015.000 ns	     45200	80009398	01669933	sll	x18,x13,x22	 x13:0x00000000 x22:0xfffffc05 x18=0x00000000
     452375.000 ns	     45236	8000939c	03be66b3	rem	x13,x28,x27	 x28:0x00000001 x27:0x0000000e x13=0x00000001
     452395.000 ns	     45238	800093a0	00499793	slli	x15,x19,0x4	 x19:0xc2175348 x15=0x21753480
     452405.000 ns	     45239	800093a4	00f49513	slli	x10,x9,0xf	  x9:0xc2175348 x10=0xa9a40000
     452415.000 ns	     45240	800093a8	00e0e133	or	x2,x1,x14	  x1:0x79ffa000 x14:0x7fffffff  x2=0x7fffffff
     452435.000 ns	     45242	800093ac	200ead53	fsgnjx.s	f26,f29,f0	 f29:0x7fc00000  f0:0x80000000 f26=0xffc00000
     452805.000 ns	     45279	800093b0	03d66cb3	rem	x25,x12,x29	 x12:0x00000000 x29:0xfffffe98 x25=0x00000000
     452825.000 ns	     45281	800093b4	01719bb3	sll	x23,x3,x23	  x3:0x00000000 x23:0x00000000 x23=0x00000000
     452835.000 ns	     45282	800093b8	51401597	auipc	x11,0x51401	 x11=0xd140a3b8
     452845.000 ns	     45283	800093bc	c17ffc93	andi	x25,x31,-1001	 x31:0x80041024 x25=0x80041004
     452865.000 ns	     45285	800093c0	f00a05d3	fmv.w.x	f11,x20	 x20:0x0000000e f11=0x0000000e
     452885.000 ns	     45287	800093c4	67cbb993	sltiu	x19,x23,1660	 x23:0x00000000 x19=0x00000001
     452895.000 ns	     45288	800093c8	01b136b3	sltu	x13,x2,x27	  x2:0x7fffffff x27:0x0000000e x13=0x00000000
     452915.000 ns	     45290	800093cc	e0038c53	fmv.x.w	x24,f7	  f7:0xcefff7df x24=0xcefff7df
     452945.000 ns	     45293	800093d0	0208be33	mulhu	x28,x17,x0	 x17:0xfffffc05  x0:0x00000000 x28=0x00000000
     452965.000 ns	     45295	800093d4	00793d33	sltu	x26,x18,x7	 x18:0x00000000  x7:0x00000001 x26=0x00000001
     452975.000 ns	     45296	800093d8	01eeec33	or	x24,x29,x30	 x29:0xfffffe98 x30:0x00000000 x24=0xfffffe98
     452985.000 ns	     45297	800093dc	0097d713	srli	x14,x15,0x9	 x15:0x21753480 x14=0x0010ba9a
     452995.000 ns	     45298	800093e0	409157b3	sra	x15,x2,x9	  x2:0x7fffffff  x9:0xc2175348 x15=0x007fffff
     453015.000 ns	     45300	800093e4	02412933	mulhsu	x18,x2,x4	  x2:0x7fffffff  x4:0x00000000 x18=0x00000000
     453045.000 ns	     45303	800093e8	e0078f53	fmv.x.w	x30,f15	 f15:0x47350461 x30=0x47350461
     453065.000 ns	     45305	800093ec	a0740693	addi	x13,x8,-1529	  x8:0x00000001 x13=0xfffffa08
     453075.000 ns	     45306	800093f0	006fe333	or	x6,x31,x6	 x31:0x80041024  x6:0xfffffe98  x6=0xfffffebc
     453095.000 ns	     45308	800093f4	a0609253	flt.s	x4,f1,f6	  f1:0x00000000  f6:0xc0000000  x4=0x00000000
     453125.000 ns	     45311	800093f8	a0521653	flt.s	x12,f4,f5	  f4:0x80000000  f5:0x3f94be43 x12=0x00000001
     453155.000 ns	     45314	800093fc	f0070253	fmv.w.x	f4,x14	 x14:0x0010ba9a  f4=0x0010ba9a
     453185.000 ns	     45317	80009400	03dea533	mulhsu	x10,x29,x29	 x29:0xfffffe98 x29:0xfffffe98 x10=0xfffffe98
     453215.000 ns	     45320	80009404	e00e1553	fclass.s	x10,f28	 f28:0xffc00000 x10=0x00000200
     453235.000 ns	     45322	80009408	001b64b3	or	x9,x22,x1	 x22:0xfffffc05  x1:0x79ffa000  x9=0xfffffc05
     453255.000 ns	     45324	8000940c	a1f9a753	feq.s	x14,f19,f31	 f19:0x3f800000 f31:0x42fffef4 x14=0x00000000
     453275.000 ns	     45326	80009410	00397cb3	and	x25,x18,x3	 x18:0x00000000  x3:0x00000000 x25=0x00000000
     453315.000 ns	     45330	80009414	080efbd3	fsub.s	f23,f29,f0	 f29:0x7fc00000  f0:0x80000000 f23=0x7fc00000
     453345.000 ns	     45333	80009418	29020f53	fmin.s	f30,f4,f16	  f4:0x0010ba9a f16:0x80000000 f30=0x80000000
     453365.000 ns	     45335	8000941c	0e4fe893	ori	x17,x31,228	 x31:0x80041024 x17=0x800410e4
     453375.000 ns	     45336	80009420	00a613b3	sll	x7,x12,x10	 x12:0x00000001 x10:0x00000200  x7=0x00000001
     453395.000 ns	     45338	80009424	298b9e53	fmax.s	f28,f23,f24	 f23:0x7fc00000 f24:0x4f7ffffe f28=0x4f7ffffe
     453415.000 ns	     45340	80009428	01e937b3	sltu	x15,x18,x30	 x18:0x00000000 x30:0x47350461 x15=0x00000001
     453425.000 ns	     45341	8000942c	40ac58b3	sra	x17,x24,x10	 x24:0xfffffe98 x10:0x00000200 x17=0xfffffe98
     453445.000 ns	     45343	80009430	02c9ab33	mulhsu	x22,x19,x12	 x19:0x00000001 x12:0x00000001 x22=0x00000000
     453815.000 ns	     45380	80009434	03d7e7b3	rem	x15,x15,x29	 x15:0x00000001 x29:0xfffffe98 x15=0x00000001
     453845.000 ns	     45383	80009438	a0d318d3	flt.s	x17,f6,f13	  f6:0xc0000000 f13:0xcf7ffffe x17=0x00000000
     453865.000 ns	     45385	8000943c	01c7e233	or	x4,x15,x28	 x15:0x00000001 x28:0x00000000  x4=0x00000001
     453875.000 ns	     45386	80009440	72e60313	addi	x6,x12,1838	 x12:0x00000001  x6=0x0000072f
     453885.000 ns	     45387	80009444	0079b9b3	sltu	x19,x19,x7	 x19:0x00000001  x7:0x00000001 x19=0x00000000
     453915.000 ns	     45390	80009448	18f87253	fdiv.s	f4,f16,f15	 f16:0x80000000 f15:0x47350461  f4=0x80000000
     453955.000 ns	     45394	8000944c	1000fb53	fmul.s	f22,f1,f0	  f1:0x00000000  f0:0x80000000 f22=0x80000000
     453985.000 ns	     45397	80009450	f00487d3	fmv.w.x	f15,x9	  x9:0xfffffc05 f15=0xfffffc05
     454355.000 ns	     45434	80009454	02bdd9b3	divu	x19,x27,x11	 x27:0x0000000e x11:0xd140a3b8 x19=0x00000000
     454385.000 ns	     45437	80009458	038faa33	mulhsu	x20,x31,x24	 x31:0x80041024 x24:0xfffffe98 x20=0x800410d7
     454415.000 ns	     45440	8000945c	d00ef3d3	fcvt.s.w	f7,x29	 x29:0xfffffe98  f7=0xc3b40000
     454785.000 ns	     45477	80009460	029fc4b3	div	x9,x31,x9	 x31:0x80041024  x9:0xfffffc05  x9=0x0020272c
     455155.000 ns	     45514	80009464	029c6433	rem	x8,x24,x9	 x24:0xfffffe98  x9:0xfffffc05  x8=0xfffffe98
     455175.000 ns	     45516	80009468	4041d033	sra	x0,x3,x4	  x3:0x00000000  x4:0x00000001
     455195.000 ns	     45518	8000946c	210b2e53	fsgnjx.s	f28,f22,f16	 f22:0x80000000 f16:0x80000000 f28=0x00000000
     455245.000 ns	     45523	80009470	00ff7653	fadd.s	f12,f30,f15	 f30:0x80000000 f15:0xfffffc05 f12=0x7fc00000
     455275.000 ns	     45526	80009474	03131733	mulh	x14,x6,x17	  x6:0x0000072f x17:0x00000000 x14=0x00000000
     455295.000 ns	     45528	80009478	29b82513	slti	x10,x16,667	 x16:0x80040fe4 x10=0x00000001
     455305.000 ns	     45529	8000947c	2b180e13	addi	x28,x16,689	 x16:0x80040fe4 x28=0x80041295
     455315.000 ns	     45530	80009480	012f1f33	sll	x30,x30,x18	 x30:0x47350461 x18:0x00000000 x30=0x47350461
     455675.000 ns	     45566	80009484	0277ea33	rem	x20,x15,x7	 x15:0x00000001  x7:0x00000001 x20=0x00000000
     455695.000 ns	     45568	80009488	014f8233	add	x4,x31,x20	 x31:0x80041024 x20:0x800410d7  x4=0x80041024
     455705.000 ns	     45569	8000948c	147a0417	auipc	x8,0x147a0	  x8=0x947a948c
     455725.000 ns	     45571	80009490	03deba33	mulhu	x20,x29,x29	 x29:0xfffffe98 x29:0xfffffe98 x20=0xfffffd30
     455775.000 ns	     45576	80009494	01a6fb53	fadd.s	f22,f13,f26	 f13:0xcf7ffffe f26:0xffc00000 f22=0x7fc00000
     455795.000 ns	     45578	80009498	01a68b33	add	x22,x13,x26	 x13:0xfffffa08 x26:0x00000001 x22=0xfffffa09
     455815.000 ns	     45580	8000949c	02f292b3	mulh	x5,x5,x15	  x5:0x00000000 x15:0x00000001  x5=0x00000000
     455835.000 ns	     45582	800094a0	26e1de97	auipc	x29,0x26e1d	 x29=0xa6e264a0
     456195.000 ns	     45618	800094a4	02bbc6b3	div	x13,x23,x11	 x23:0x00000000 x11:0xd140a3b8 x13=0x00000000
     456215.000 ns	     45620	800094a8	016799b3	sll	x19,x15,x22	 x15:0x00000001 x22:0xfffffa09 x19=0x00000200
     456235.000 ns	     45622	800094ac	d00a3353	fcvt.s.w	f6,x20	 x20:0xfffffd30  f6=0xc4340000
     456265.000 ns	     45625	800094b0	a15b06d3	fle.s	x13,f22,f21	 f22:0x7fc00000 f21:0x7fc00000 x13=0x00000000
     456295.000 ns	     45628	800094b4	a06ea1d3	feq.s	x3,f29,f6	 f29:0x7fc00000  f6:0xc4340000  x3=0x00000000
     456325.000 ns	     45631	800094b8	c01272d3	fcvt.wu.s	x5,f4	  f4:0x80000000  x5=0x00000000
     456355.000 ns	     45634	800094bc	f0058a53	fmv.w.x	f20,x11	 x11:0xd140a3b8 f20=0xd140a3b8
     456375.000 ns	     45636	800094c0	bfccae13	slti	x28,x25,-1028	 x25:0x00000000 x28=0x00000000
     456385.000 ns	     45637	800094c4	005cd633	srl	x12,x25,x5	 x25:0x00000000  x5:0x00000000 x12=0x00000000
     456395.000 ns	     45638	800094c8	01645d33	srl	x26,x8,x22	  x8:0x947a948c x22:0xfffffa09 x26=0x004a3d4a
     456435.000 ns	     45642	800094cc	08914453	fsub.s	f8,f2,f9	  f2:0x00000000  f9:0x00000000  f8=0x80000000
     456475.000 ns	     45646	800094d0	5803f8d3	fsqrt.s	f17,f7	  f7:0xc3b40000 f17=0x7fc00000
     456495.000 ns	     45648	800094d4	01959f33	sll	x30,x11,x25	 x11:0xd140a3b8 x25:0x00000000 x30=0xd140a3b8
     456515.000 ns	     45650	800094d8	e00908d3	fmv.x.w	x17,f18	 f18:0xcefff7df x17=0xcefff7df
     456535.000 ns	     45652	800094dc	bc5d7c93	andi	x25,x26,-1083	 x26:0x004a3d4a x25=0x004a3940
     456575.000 ns	     45656	800094e0	0843fb53	fsub.s	f22,f7,f4	  f7:0xc3b40000  f4:0x80000000 f22=0xc3b40000
     456605.000 ns	     45659	800094e4	d0051e53	fcvt.s.w	f28,x10	 x10:0x00000001 f28=0x3f800000
     456635.000 ns	     45662	800094e8	28791e53	fmax.s	f28,f18,f7	 f18:0xcefff7df  f7:0xc3b40000 f28=0xc3b40000
     456665.000 ns	     45665	800094ec	d01642d3	fcvt.s.wu	f5,x12	 x12:0x00000000  f5=0x00000000
     456685.000 ns	     45667	800094f0	00d4ed33	or	x26,x9,x13	  x9:0x0020272c x13:0x00000000 x26=0x0020272c
     456695.000 ns	     45668	800094f4	8f1e6b97	auipc	x23,0x8f1e6	 x23=0x0f1ef4f4
     456705.000 ns	     45669	800094f8	b452be37	lui	x28,0xb452b	 x28=0xb452b000
     456715.000 ns	     45670	800094fc	06d5ea93	ori	x21,x11,109	 x11:0xd140a3b8 x21=0xd140a3fd
     456735.000 ns	     45672	80009500	e0041e53	fclass.s	x28,f8	  f8:0x80000000 x28=0x00000008
     456755.000 ns	     45674	80009504	6ad70313	addi	x6,x14,1709	 x14:0x00000000  x6=0x000006ad
     456765.000 ns	     45675	80009508	cbde0b13	addi	x22,x28,-835	 x28:0x00000008 x22=0xfffffcc5
     456775.000 ns	     45676	8000950c	48c56393	ori	x7,x10,1164	 x10:0x00000001  x7=0x0000048d
     456805.000 ns	     45679	80009510	580412d3	fsqrt.s	f5,f8	  f8:0x80000000  f5=0x80000000
     457175.000 ns	     45716	80009514	035af133	remu	x2,x21,x21	 x21:0xd140a3fd x21:0xd140a3fd  x2=0x00000000
     457205.000 ns	     45719	80009518	297f87d3	fmin.s	f15,f31,f23	 f31:0x42fffef4 f23:0x7fc00000 f15=0x42fffef4
     457225.000 ns	     45721	8000951c	03e55e37	lui	x28,0x3e55	 x28=0x03e55000
     457245.000 ns	     45723	80009520	296994d3	fmax.s	f9,f19,f22	 f19:0x3f800000 f22:0xc3b40000  f9=0x3f800000
     457275.000 ns	     45726	80009524	030ea133	mulhsu	x2,x29,x16	 x29:0xa6e264a0 x16:0x80040fe4  x2=0xd36fc851
     457295.000 ns	     45728	80009528	006fdb13	srli	x22,x31,0x6	 x31:0x80041024 x22=0x02001040
     457305.000 ns	     45729	8000952c	03e4ad17	auipc	x26,0x3e4a	 x26=0x83e5352c
     457325.000 ns	     45731	80009530	d016f1d3	fcvt.s.wu	f3,x13	 x13:0x00000000  f3=0x00000000
     457355.000 ns	     45734	80009534	f0068c53	fmv.w.x	f24,x13	 x13:0x00000000 f24=0x00000000
     457385.000 ns	     45737	80009538	211d98d3	fsgnjn.s	f17,f27,f17	 f27:0x7fc00000 f17:0x7fc00000 f17=0xffc00000
     457425.000 ns	     45741	8000953c	1029b2d3	fmul.s	f5,f19,f2	 f19:0x3f800000  f2:0x00000000  f5=0x00000000
     457445.000 ns	     45743	80009540	01b29b93	slli	x23,x5,0x1b	  x5:0x00000000 x23=0x00000000
     457465.000 ns	     45745	80009544	02690d33	mul	x26,x18,x6	 x18:0x00000000  x6:0x000006ad x26=0x00000000
     457505.000 ns	     45749	80009548	18667553	fdiv.s	f10,f12,f6	 f12:0x7fc00000  f6:0xc4340000 f10=0x7fc00000
     457535.000 ns	     45752	8000954c	c00a77d3	fcvt.w.s	x15,f20	 f20:0xd140a3b8 x15=0x80000000
     457905.000 ns	     45789	80009550	03d2ec33	rem	x24,x5,x29	  x5:0x00000000 x29:0xa6e264a0 x24=0x00000000
     457935.000 ns	     45792	80009554	03643233	mulhu	x4,x8,x22	  x8:0x947a948c x22:0x02001040  x4=0x0128fe95
     457965.000 ns	     45795	80009558	028692b3	mulh	x5,x13,x8	 x13:0x00000000  x8:0x947a948c  x5=0x00000000
     457985.000 ns	     45797	8000955c	f2e43913	sltiu	x18,x8,-210	  x8:0x947a948c x18=0x00000001
     457995.000 ns	     45798	80009560	60d9da17	auipc	x20,0x60d9d	 x20=0xe0da6560
     458005.000 ns	     45799	80009564	01b53933	sltu	x18,x10,x27	 x10:0x00000001 x27:0x0000000e x18=0x00000001
     458015.000 ns	     45800	80009568	b60b0e93	addi	x29,x22,-1184	 x22:0x02001040 x29=0x02000ba0
     458035.000 ns	     45802	8000956c	210da153	fsgnjx.s	f2,f27,f16	 f27:0x7fc00000 f16:0x80000000  f2=0xffc00000
     458065.000 ns	     45805	80009570	f0090d53	fmv.w.x	f26,x18	 x18:0x00000001 f26=0x00000001
     458095.000 ns	     45808	80009574	20f5a0d3	fsgnjx.s	f1,f11,f15	 f11:0x0000000e f15:0x42fffef4  f1=0x0000000e
     458115.000 ns	     45810	80009578	9fb3ec13	ori	x24,x7,-1541	  x7:0x0000048d x24=0xfffffdff
     458135.000 ns	     45812	8000957c	0268a3b3	mulhsu	x7,x17,x6	 x17:0xcefff7df  x6:0x000006ad  x7=0xfffffeb8
     458155.000 ns	     45814	80009580	c88df993	andi	x19,x27,-888	 x27:0x0000000e x19=0x00000008
     458175.000 ns	     45816	80009584	d002f2d3	fcvt.s.w	f5,x5	  x5:0x00000000  f5=0x00000000
     458205.000 ns	     45819	80009588	a0df21d3	feq.s	x3,f30,f13	 f30:0x80000000 f13:0xcf7ffffe  x3=0x00000000
     458235.000 ns	     45822	8000958c	a1901cd3	flt.s	x25,f0,f25	  f0:0x80000000 f25:0x7fc00000 x25=0x00000000
     458255.000 ns	     45824	80009590	00809233	sll	x4,x1,x8	  x1:0x79ffa000  x8:0x947a948c  x4=0xfa000000
     458275.000 ns	     45826	80009594	209403d3	fsgnj.s	f7,f8,f9	  f8:0x80000000  f9:0x3f800000  f7=0x00000000
     458295.000 ns	     45828	80009598	4026dd13	srai	x26,x13,0x2	 x13:0x00000000 x26=0x00000000
     458305.000 ns	     45829	8000959c	15fb3393	sltiu	x7,x22,351	 x22:0x02001040  x7=0x00000000
     458315.000 ns	     45830	800095a0	401280b3	sub	x1,x5,x1	  x5:0x00000000  x1:0x79ffa000  x1=0x86006000
     458325.000 ns	     45831	800095a4	011ad0b3	srl	x1,x21,x17	 x21:0xd140a3fd x17:0xcefff7df  x1=0x00000001
     458365.000 ns	     45835	800095a8	0055f453	fadd.s	f8,f11,f5	 f11:0x0000000e  f5:0x00000000  f8=0x0000000e
     458385.000 ns	     45837	800095ac	01299cb3	sll	x25,x19,x18	 x19:0x00000008 x18:0x00000001 x25=0x00000010
     458405.000 ns	     45839	800095b0	e00e0bd3	fmv.x.w	x23,f28	 f28:0xc3b40000 x23=0xc3b40000
     458435.000 ns	     45842	800095b4	03ca22b3	mulhsu	x5,x20,x28	 x20:0xe0da6560 x28:0x03e55000  x5=0xff86a8d1
     458465.000 ns	     45845	800095b8	28ab1553	fmax.s	f10,f22,f10	 f22:0xc3b40000 f10:0x7fc00000 f10=0xc3b40000
     458485.000 ns	     45847	800095bc	40945093	srai	x1,x8,0x9	  x8:0x947a948c  x1=0xffca3d4a
     458505.000 ns	     45849	800095c0	d0057ad3	fcvt.s.w	f21,x10	 x10:0x00000001 f21=0x3f800000
     458535.000 ns	     45852	800095c4	f0020453	fmv.w.x	f8,x4	  x4:0xfa000000  f8=0xfa000000
     458565.000 ns	     45855	800095c8	20380753	fsgnj.s	f14,f16,f3	 f16:0x80000000  f3:0x00000000 f14=0x00000000
     458615.000 ns	     45860	800095cc	09f5a1d3	fsub.s	f3,f11,f31	 f11:0x0000000e f31:0x42fffef4  f3=0xc2fffef4
     458645.000 ns	     45863	800095d0	02ebf6b3	remu	x13,x23,x14	 x23:0xc3b40000 x14:0x00000000 x13=0xc3b40000
     458665.000 ns	     45865	800095d4	41715493	srai	x9,x2,0x17	  x2:0xd36fc851  x9=0xffffffa6
     458685.000 ns	     45867	800095d8	024997b3	mulh	x15,x19,x4	 x19:0x00000008  x4:0xfa000000 x15=0xffffffff
     458705.000 ns	     45869	800095dc	e7be0493	addi	x9,x28,-389	 x28:0x03e55000  x9=0x03e54e7b
     458715.000 ns	     45870	800095e0	00561233	sll	x4,x12,x5	 x12:0x00000000  x5:0xff86a8d1  x4=0x00000000
     458725.000 ns	     45871	800095e4	01a11cb3	sll	x25,x2,x26	  x2:0xd36fc851 x26:0x00000000 x25=0xd36fc851
     458745.000 ns	     45873	800095e8	f00684d3	fmv.w.x	f9,x13	 x13:0xc3b40000  f9=0xc3b40000
     458765.000 ns	     45875	800095ec	01acc4b3	xor	x9,x25,x26	 x25:0x00000010 x26:0x00000000  x9=0xd36fc851
     458785.000 ns	     45877	800095f0	02602733	mulhsu	x14,x0,x6	  x0:0x00000000  x6:0x000006ad x14=0x00000000
     458815.000 ns	     45880	800095f4	d019f153	fcvt.s.wu	f2,x19	 x19:0x00000008  f2=0x41000000
     458835.000 ns	     45882	800095f8	41a95733	sra	x14,x18,x26	 x18:0x00000001 x26:0x00000000 x14=0x00000001
     458845.000 ns	     45883	800095fc	73de2193	slti	x3,x28,1853	 x28:0x03e55000  x3=0x00000000
     458855.000 ns	     45884	80009600	6c1b8f13	addi	x30,x23,1729	 x23:0xc3b40000 x30=0xc3b406c1
     458875.000 ns	     45886	80009604	a1db29d3	feq.s	x19,f22,f29	 f22:0xc3b40000 f29:0x7fc00000 x19=0x00000000
     458905.000 ns	     45889	80009608	28e50d53	fmin.s	f26,f10,f14	 f10:0xc3b40000 f14:0x00000000 f26=0xc3b40000
     458955.000 ns	     45894	8000960c	00622ed3	fadd.s	f29,f4,f6	  f4:0x80000000  f6:0xc4340000 f29=0xc4340000
     458985.000 ns	     45897	80009610	0343b4b3	mulhu	x9,x7,x20	  x7:0x00000000 x20:0xe0da6560  x9=0x00000000
     459015.000 ns	     45900	80009614	29031cd3	fmax.s	f25,f6,f16	  f6:0xc4340000 f16:0x80000000 f25=0x80000000
     459035.000 ns	     45902	80009618	01945d13	srli	x26,x8,0x19	  x8:0x947a948c x26=0x0000004a
     459055.000 ns	     45904	8000961c	02b2acb3	mulhsu	x25,x5,x11	  x5:0xff86a8d1 x11:0xd140a3b8 x25=0xff9cd12f
     459075.000 ns	     45906	80009620	40f48a33	sub	x20,x9,x15	  x9:0x00000000 x15:0xffffffff x20=0x00000001
     459095.000 ns	     45908	80009624	d01a9153	fcvt.s.wu	f2,x21	 x21:0xd140a3fd  f2=0x4f5140a3
     459125.000 ns	     45911	80009628	038432b3	mulhu	x5,x8,x24	  x8:0x947a948c x24:0xfffffdff  x5=0x947a9362
     459155.000 ns	     45914	8000962c	a0ee9f53	flt.s	x30,f29,f14	 f29:0xc4340000 f14:0x00000000 x30=0x00000001
     459175.000 ns	     45916	80009630	01c8b733	sltu	x14,x17,x28	 x17:0xcefff7df x28:0x03e55000 x14=0x00000000
     459535.000 ns	     45952	80009634	03dfd8b3	divu	x17,x31,x29	 x31:0x80041024 x29:0x02000ba0 x17=0x00000040
     459585.000 ns	     45957	80009638	088e7853	fsub.s	f16,f28,f8	 f28:0xc3b40000  f8:0xfa000000 f16=0x7a000000
     459615.000 ns	     45960	8000963c	216315d3	fsgnjn.s	f11,f6,f22	  f6:0xc4340000 f22:0xc3b40000 f11=0x44340000
     459645.000 ns	     45963	80009640	a07992d3	flt.s	x5,f19,f7	 f19:0x3f800000  f7:0x00000000  x5=0x00000000
     459675.000 ns	     45966	80009644	e00e0f53	fmv.x.w	x30,f28	 f28:0xc3b40000 x30=0xc3b40000
     459695.000 ns	     45968	80009648	f07e7693	andi	x13,x28,-249	 x28:0x03e55000 x13=0x03e55000
     459735.000 ns	     45972	8000964c	00a045d3	fadd.s	f11,f0,f10	  f0:0x80000000 f10:0xc3b40000 f11=0xc3b40000
     459755.000 ns	     45974	80009650	00eed033	srl	x0,x29,x14	 x29:0x02000ba0 x14:0x00000000
     460115.000 ns	     46010	80009654	030c6cb3	rem	x25,x24,x16	 x24:0xfffffdff x16:0x80040fe4 x25=0xfffffdff
     460135.000 ns	     46012	80009658	00cadb13	srli	x22,x21,0xc	 x21:0xd140a3fd x22=0x000d140a
     460155.000 ns	     46014	8000965c	204f84d3	fsgnj.s	f9,f31,f4	 f31:0x42fffef4  f4:0x80000000  f9=0xc2fffef4
     460205.000 ns	     46019	80009660	015228d3	fadd.s	f17,f4,f21	  f4:0x80000000 f21:0x3f800000 f17=0x3f800000
     460235.000 ns	     46022	80009664	022a8e33	mul	x28,x21,x2	 x21:0xd140a3fd  x2:0xd36fc851 x28=0x57448b0d
     460285.000 ns	     46027	80009668	01ca8a53	fadd.s	f20,f21,f28	 f21:0x3f800000 f28:0xc3b40000 f20=0xc3b38000
     460315.000 ns	     46030	8000966c	025cb133	mulhu	x2,x25,x5	 x25:0xfffffdff  x5:0x00000000  x2=0x00000000
     460345.000 ns	     46033	80009670	a0342053	feq.s	x0,f8,f3	  f8:0xfa000000  f3:0xc2fffef4
     460375.000 ns	     46036	80009674	205890d3	fsgnjn.s	f1,f17,f5	 f17:0x3f800000  f5:0x00000000  f1=0xbf800000
     460395.000 ns	     46038	80009678	00000013	addi	x0,x0,0	  x0:0x00000000
     460415.000 ns	     46040	8000967c	21aa2753	fsgnjx.s	f14,f20,f26	 f20:0xc3b38000 f26:0xc3b40000 f14=0x43b38000
     460445.000 ns	     46043	80009680	217d9ad3	fsgnjn.s	f21,f27,f23	 f27:0x7fc00000 f23:0x7fc00000 f21=0xffc00000
     460475.000 ns	     46046	80009684	02ff9633	mulh	x12,x31,x15	 x31:0x80041024 x15:0xffffffff x12=0x00000000
     460495.000 ns	     46048	80009688	7ac97213	andi	x4,x18,1964	 x18:0x00000001  x4=0x00000000
     460515.000 ns	     46050	8000968c	a03519d3	flt.s	x19,f10,f3	 f10:0xc3b40000  f3:0xc2fffef4 x19=0x00000001
     460535.000 ns	     46052	80009690	65ca0317	auipc	x6,0x65ca0	  x6=0xe5ca9690
     460545.000 ns	     46053	80009694	01c1eeb3	or	x29,x3,x28	  x3:0x00000000 x28:0x57448b0d x29=0x57448b0d
     460555.000 ns	     46054	80009698	419bd513	srai	x10,x23,0x19	 x23:0xc3b40000 x10=0xffffffe1
     460565.000 ns	     46055	8000969c	00211cb3	sll	x25,x2,x2	  x2:0x00000000  x2:0x00000000 x25=0x00000000
     460585.000 ns	     46057	800096a0	d00c7cd3	fcvt.s.w	f25,x24	 x24:0xfffffdff f25=0xc4004000
     460615.000 ns	     46060	800096a4	a17d8653	fle.s	x12,f27,f23	 f27:0x7fc00000 f23:0x7fc00000 x12=0x00000000
     460635.000 ns	     46062	800096a8	00728ab3	add	x21,x5,x7	  x5:0x00000000  x7:0x00000000 x21=0x00000000
     460655.000 ns	     46064	800096ac	0250ccb3	div	x25,x1,x5	  x1:0xffca3d4a  x5:0x00000000 x25=0xffffffff
     460675.000 ns	     46066	800096b0	01c8eb33	or	x22,x17,x28	 x17:0x00000040 x28:0x57448b0d x22=0x57448b4d
     460685.000 ns	     46067	800096b4	00a71b13	slli	x22,x14,0xa	 x14:0x00000000 x22=0x00000000
     460705.000 ns	     46069	800096b8	d00489d3	fcvt.s.w	f19,x9	  x9:0x00000000 f19=0x00000000
     460725.000 ns	     46071	800096bc	0180a1b3	slt	x3,x1,x24	  x1:0xffca3d4a x24:0xfffffdff  x3=0x00000001
     460755.000 ns	     46074	800096c0	10e844d3	fmul.s	f9,f16,f14	 f16:0x7a000000 f14:0x43b38000  f9=0x7e338000
     460785.000 ns	     46077	800096c4	f0020b53	fmv.w.x	f22,x4	  x4:0x00000000 f22=0x00000000
     460805.000 ns	     46079	800096c8	00665513	srli	x10,x12,0x6	 x12:0x00000000 x10=0x00000000
     460815.000 ns	     46080	800096cc	00dd5d33	srl	x26,x26,x13	 x26:0x0000004a x13:0x03e55000 x26=0x0000004a
     460855.000 ns	     46084	800096d0	08efaa53	fsub.s	f20,f31,f14	 f31:0x42fffef4 f14:0x43b38000 f20=0xc3670086
     461225.000 ns	     46121	800096d4	02ffc733	div	x14,x31,x15	 x31:0x80041024 x15:0xffffffff x14=0x7ffbefdc
     461245.000 ns	     46123	800096d8	4145d993	srai	x19,x11,0x14	 x11:0xd140a3b8 x19=0xfffffd14
     461605.000 ns	     46159	800096dc	03e0e8b3	rem	x17,x1,x30	  x1:0xffca3d4a x30:0xc3b40000 x17=0xffca3d4a
     461975.000 ns	     46196	800096e0	031ae533	rem	x10,x21,x17	 x21:0x00000000 x17:0x00000040 x10=0x00000000
     461995.000 ns	     46198	800096e4	0858e393	ori	x7,x17,133	 x17:0xffca3d4a  x7=0xffca3dcf
     462015.000 ns	     46200	800096e8	a0d99353	flt.s	x6,f19,f13	 f19:0x00000000 f13:0xcf7ffffe  x6=0x00000000
     462035.000 ns	     46202	800096ec	00431113	slli	x2,x6,0x4	  x6:0xe5ca9690  x2=0x00000000
     462055.000 ns	     46204	800096f0	a0231d53	flt.s	x26,f6,f2	  f6:0xc4340000  f2:0x4f5140a3 x26=0x00000001
     462085.000 ns	     46207	800096f4	0394bbb3	mulhu	x23,x9,x25	  x9:0x00000000 x25:0xffffffff x23=0x00000000
     462115.000 ns	     46210	800096f8	f0060e53	fmv.w.x	f28,x12	 x12:0x00000000 f28=0x00000000
     462155.000 ns	     46214	800096fc	5805acd3	fsqrt.s	f25,f11	 f11:0xc3b40000 f25=0x7fc00000
     462185.000 ns	     46217	80009700	a05e2253	feq.s	x4,f28,f5	 f28:0x00000000  f5:0x00000000  x4=0x00000001
     462205.000 ns	     46219	80009704	7c349937	lui	x18,0x7c349	 x18=0x7c349000
     462215.000 ns	     46220	80009708	c3946b93	ori	x23,x8,-967	  x8:0x947a948c x23=0xfffffcbd
     462225.000 ns	     46221	8000970c	005962b3	or	x5,x18,x5	 x18:0x00000001  x5:0x00000000  x5=0x7c349000
     462245.000 ns	     46223	80009710	02dbb433	mulhu	x8,x23,x13	 x23:0x00000000 x13:0x03e55000  x8=0x03e54ff3
     462265.000 ns	     46225	80009714	409c5893	srai	x17,x24,0x9	 x24:0xfffffdff x17=0xfffffffe
     462285.000 ns	     46227	80009718	a0ac1353	flt.s	x6,f24,f10	 f24:0x00000000 f10:0xc3b40000  x6=0x00000000
     462315.000 ns	     46230	8000971c	e00d18d3	fclass.s	x17,f26	 f26:0xc3b40000 x17=0x00000002
     462685.000 ns	     46267	80009720	025f70b3	remu	x1,x30,x5	 x30:0xc3b40000  x5:0x7c349000  x1=0x477f7000
     462715.000 ns	     46270	80009724	e00c16d3	fclass.s	x13,f24	 f24:0x00000000 x13=0x00000010
     462745.000 ns	     46273	80009728	29950a53	fmin.s	f20,f10,f25	 f10:0xc3b40000 f25:0x7fc00000 f20=0xc3b40000
     462785.000 ns	     46277	8000972c	5809f7d3	fsqrt.s	f15,f19	 f19:0x00000000 f15=0x00000000
     462815.000 ns	     46280	80009730	29439e53	fmax.s	f28,f7,f20	  f7:0x00000000 f20:0xc3b40000 f28=0x00000000
     462835.000 ns	     46282	80009734	00b99413	slli	x8,x19,0xb	 x19:0xfffffd14  x8=0xffe8a000
     462845.000 ns	     46283	80009738	ca5e6e13	ori	x28,x28,-859	 x28:0x57448b0d x28=0xffffffad
     462865.000 ns	     46285	8000973c	0322af33	mulhsu	x30,x5,x18	  x5:0x7c349000 x18:0x7c349000 x30=0x3c42f64a
     462895.000 ns	     46288	80009740	21772653	fsgnjx.s	f12,f14,f23	 f14:0x43b38000 f23:0x7fc00000 f12=0x43b38000
     462915.000 ns	     46290	80009744	406e5a33	sra	x20,x28,x6	 x28:0xffffffad  x6:0x00000000 x20=0xffffffad
     462925.000 ns	     46291	80009748	01eddd33	srl	x26,x27,x30	 x27:0x0000000e x30:0x3c42f64a x26=0x00000000
     462945.000 ns	     46293	8000974c	026db933	mulhu	x18,x27,x6	 x27:0x0000000e  x6:0x00000000 x18=0x00000000
     462965.000 ns	     46295	80009750	007adbb3	srl	x23,x21,x7	 x21:0x00000000  x7:0xffca3dcf x23=0x00000000
     462985.000 ns	     46297	80009754	c01076d3	fcvt.wu.s	x13,f0	  f0:0x80000000 x13=0x00000000
     463005.000 ns	     46299	80009758	018fe333	or	x6,x31,x24	 x31:0x80041024 x24:0xfffffdff  x6=0xfffffdff
     463025.000 ns	     46301	8000975c	02fc0533	mul	x10,x24,x15	 x24:0xfffffdff x15:0xffffffff x10=0x00000201
     463045.000 ns	     46303	80009760	0092d2b3	srl	x5,x5,x9	  x5:0x7c349000  x9:0x00000000  x5=0x7c349000
     463055.000 ns	     46304	80009764	006c9093	slli	x1,x25,0x6	 x25:0xffffffff  x1=0xffffffc0
     463085.000 ns	     46307	80009768	19897ed3	fdiv.s	f29,f18,f24	 f18:0xcefff7df f24:0x00000000 f29=0xff800000
     463115.000 ns	     46310	8000976c	03ef2e33	mulhsu	x28,x30,x30	 x30:0x3c42f64a x30:0x3c42f64a x28=0x0e2f74f6
     463135.000 ns	     46312	80009770	40607313	andi	x6,x0,1030	  x0:0x00000000  x6=0x00000000
     463145.000 ns	     46313	80009774	47aeea13	ori	x20,x29,1146	 x29:0x57448b0d x20=0x57448f7f
     463505.000 ns	     46349	80009778	0392fd33	remu	x26,x5,x25	  x5:0x7c349000 x25:0xffffffff x26=0x7c349000
     463535.000 ns	     46352	8000977c	029e5633	divu	x12,x28,x9	 x28:0x0e2f74f6  x9:0x00000000 x12=0xffffffff
     463555.000 ns	     46354	80009780	019277b3	and	x15,x4,x25	  x4:0x00000001 x25:0xffffffff x15=0x00000001
     463575.000 ns	     46356	80009784	20ae0453	fsgnj.s	f8,f28,f10	 f28:0x00000000 f10:0xc3b40000  f8=0x80000000
     463595.000 ns	     46358	80009788	408c5a13	srai	x20,x24,0x8	 x24:0xfffffdff x20=0xfffffffd
     463615.000 ns	     46360	8000978c	21b893d3	fsgnjn.s	f7,f17,f27	 f17:0x3f800000 f27:0x7fc00000  f7=0xbf800000
     463645.000 ns	     46363	80009790	03c52bb3	mulhsu	x23,x10,x28	 x10:0x00000201 x28:0x0e2f74f6 x23=0x0000001c
     463675.000 ns	     46366	80009794	29261bd3	fmax.s	f23,f12,f18	 f12:0x43b38000 f18:0xcefff7df f23=0x43b38000
     463705.000 ns	     46369	80009798	030b9d33	mulh	x26,x23,x16	 x23:0x0000001c x16:0x80040fe4 x26=0xfffffff2
     463725.000 ns	     46371	8000979c	4d5441b7	lui	x3,0x4d544	  x3=0x4d544000
     463735.000 ns	     46372	800097a0	8690a313	slti	x6,x1,-1943	  x1:0xffffffc0  x6=0x00000000
     463745.000 ns	     46373	800097a4	7565e717	auipc	x14,0x7565e	 x14=0xf56677a4
     463765.000 ns	     46375	800097a8	e00b98d3	fclass.s	x17,f23	 f23:0x43b38000 x17=0x00000040
     463785.000 ns	     46377	800097ac	012af633	and	x12,x21,x18	 x21:0x00000000 x18:0x00000000 x12=0x00000000
     463795.000 ns	     46378	800097b0	6e866793	ori	x15,x12,1768	 x12:0xffffffff x15=0x000006e8
     463805.000 ns	     46379	800097b4	01d13033	sltu	x0,x2,x29	  x2:0x00000000 x29:0x57448b0d
     464165.000 ns	     46415	800097b8	03f3ea33	rem	x20,x7,x31	  x7:0xffca3dcf x31:0x80041024 x20=0xffca3dcf
     464195.000 ns	     46418	800097bc	e0090bd3	fmv.x.w	x23,f18	 f18:0xcefff7df x23=0xcefff7df
     464225.000 ns	     46421	800097c0	c011cd53	fcvt.wu.s	x26,f3	  f3:0xc2fffef4 x26=0x00000080
     464245.000 ns	     46423	800097c4	007995b3	sll	x11,x19,x7	 x19:0xfffffd14  x7:0xffca3dcf x11=0xfe8a0000
     464265.000 ns	     46425	800097c8	e00505d3	fmv.x.w	x11,f10	 f10:0xc3b40000 x11=0xc3b40000
     464295.000 ns	     46428	800097cc	287c99d3	fmax.s	f19,f25,f7	 f25:0x7fc00000  f7:0xbf800000 f19=0xbf800000
     464325.000 ns	     46431	800097d0	c0162b53	fcvt.wu.s	x22,f12	 f12:0x43b38000 x22=0x00000167
     464345.000 ns	     46433	800097d4	41b0d2b3	sra	x5,x1,x27	  x1:0xffffffc0 x27:0x0000000e  x5=0xffffffff
     464355.000 ns	     46434	800097d8	ad47f193	andi	x3,x15,-1324	 x15:0x000006e8  x3=0x000002c0
     464375.000 ns	     46436	800097dc	0339b233	mulhu	x4,x19,x19	 x19:0xfffffd14 x19:0xfffffd14  x4=0xfffffa28
     464395.000 ns	     46438	800097e0	400c5933	sra	x18,x24,x0	 x24:0xfffffdff  x0:0x00000000 x18=0xfffffdff
     464405.000 ns	     46439	800097e4	01f46333	or	x6,x8,x31	  x8:0xffe8a000 x31:0x80041024  x6=0xffecb024
     464435.000 ns	     46442	800097e8	10a27653	fmul.s	f12,f4,f10	  f4:0x80000000 f10:0xc3b40000 f12=0x00000000
     464465.000 ns	     46445	800097ec	a0c0a5d3	feq.s	x11,f1,f12	  f1:0xbf800000 f12:0x43b38000 x11=0x00000000
     464485.000 ns	     46447	800097f0	41a48533	sub	x10,x9,x26	  x9:0x00000000 x26:0x00000080 x10=0xffffff80
     464505.000 ns	     46449	800097f4	a10f9453	flt.s	x8,f31,f16	 f31:0x42fffef4 f16:0x7a000000  x8=0x00000001
     464535.000 ns	     46452	800097f8	281611d3	fmax.s	f3,f12,f1	 f12:0x00000000  f1:0xbf800000  f3=0x00000000
     464905.000 ns	     46489	800097fc	03fdd9b3	divu	x19,x27,x31	 x27:0x0000000e x31:0x80041024 x19=0x00000000
     464935.000 ns	     46492	80009800	218c8a53	fsgnj.s	f20,f25,f24	 f25:0x7fc00000 f24:0x00000000 f20=0x7fc00000
     464955.000 ns	     46494	80009804	40dd5893	srai	x17,x26,0xd	 x26:0x00000080 x17=0x00000000
     464975.000 ns	     46496	80009808	21421253	fsgnjn.s	f4,f4,f20	  f4:0x80000000 f20:0x7fc00000  f4=0x80000000
     465005.000 ns	     46499	8000980c	29400bd3	fmin.s	f23,f0,f20	  f0:0x80000000 f20:0x7fc00000 f23=0x80000000
     465025.000 ns	     46501	80009810	406f8933	sub	x18,x31,x6	 x31:0x80041024  x6:0xffecb024 x18=0x80176000
     465035.000 ns	     46502	80009814	34f1c513	xori	x10,x3,847	  x3:0x000002c0 x10=0x0000018f
     465075.000 ns	     46506	80009818	0032fcd3	fadd.s	f25,f5,f3	  f5:0x00000000  f3:0x00000000 f25=0x00000000
     465105.000 ns	     46509	8000981c	02954533	div	x10,x10,x9	 x10:0xffffff80  x9:0x00000000 x10=0xffffffff
     465155.000 ns	     46514	80009820	09388cd3	fsub.s	f25,f17,f19	 f17:0x3f800000 f19:0xbf800000 f25=0x40000000
     465175.000 ns	     46516	80009824	01379793	slli	x15,x15,0x13	 x15:0x000006e8 x15=0x37400000
     465195.000 ns	     46518	80009828	d0008dd3	fcvt.s.w	f27,x1	  x1:0xffffffc0 f27=0xc2800000
     465235.000 ns	     46522	8000982c	19e522d3	fdiv.s	f5,f10,f30	 f10:0xc3b40000 f30:0x80000000  f5=0x7f800000
     465265.000 ns	     46525	80009830	e0068e53	fmv.x.w	x28,f13	 f13:0xcf7ffffe x28=0xcf7ffffe
     465635.000 ns	     46562	80009834	0364f233	remu	x4,x9,x22	  x9:0x00000000 x22:0x00000167  x4=0x00000000
     465655.000 ns	     46564	80009838	01f22733	slt	x14,x4,x31	  x4:0xfffffa28 x31:0x80041024 x14=0x00000000
     465665.000 ns	     46565	8000983c	4118da33	sra	x20,x17,x17	 x17:0x00000000 x17:0x00000000 x20=0x00000000
     465685.000 ns	     46567	80009840	02dfd433	divu	x8,x31,x13	 x31:0x80041024 x13:0x00000000  x8=0xffffffff
     465715.000 ns	     46570	80009844	02190233	mul	x4,x18,x1	 x18:0x80176000  x1:0xffffffc0  x4=0xfa280000
     466085.000 ns	     46607	80009848	03fb7333	remu	x6,x22,x31	 x22:0x00000167 x31:0x80041024  x6=0x00000167
     466105.000 ns	     46609	8000984c	00ad5693	srli	x13,x26,0xa	 x26:0x00000080 x13=0x00000000
     466125.000 ns	     46611	80009850	e00e9653	fclass.s	x12,f29	 f29:0xff800000 x12=0x00000001
     466145.000 ns	     46613	80009854	4113d3b3	sra	x7,x7,x17	  x7:0xffca3dcf x17:0x00000000  x7=0xffca3dcf
     466175.000 ns	     46616	80009858	114cff53	fmul.s	f30,f25,f20	 f25:0x40000000 f20:0x7fc00000 f30=0x7fc00000
     466545.000 ns	     46653	8000985c	036956b3	divu	x13,x18,x22	 x18:0x80176000 x22:0x00000167 x13=0x005b5743
     466575.000 ns	     46656	80009860	a08606d3	fle.s	x13,f12,f8	 f12:0x00000000  f8:0x80000000 x13=0x00000001
     466595.000 ns	     46658	80009864	00000013	addi	x0,x0,0	  x0:0x00000000
     466605.000 ns	     46659	80009868	00e81133	sll	x2,x16,x14	 x16:0x80040fe4 x14:0x00000000  x2=0x80040fe4
     466615.000 ns	     46660	8000986c	16403917	auipc	x18,0x16403	 x18=0x9640c86c
     466975.000 ns	     46696	80009870	03e64633	div	x12,x12,x30	 x12:0x00000001 x30:0x3c42f64a x12=0x00000000
     466995.000 ns	     46698	80009874	29fb8e93	addi	x29,x23,671	 x23:0xcefff7df x29=0xcefffa7e
     467015.000 ns	     46700	80009878	03c62533	mulhsu	x10,x12,x28	 x12:0x00000000 x28:0xcf7ffffe x10=0x00000000
     467045.000 ns	     46703	8000987c	a16224d3	feq.s	x9,f4,f22	  f4:0x80000000 f22:0x00000000  x9=0x00000001
     467075.000 ns	     46706	80009880	f0040fd3	fmv.w.x	f31,x8	  x8:0xffffffff f31=0xffffffff
     467095.000 ns	     46708	80009884	4027a513	slti	x10,x15,1026	 x15:0x37400000 x10=0x00000000
     467115.000 ns	     46710	80009888	025391b3	mulh	x3,x7,x5	  x7:0xffca3dcf  x5:0xffffffff  x3=0x00000000
     467135.000 ns	     46712	8000988c	00e4d313	srli	x6,x9,0xe	  x9:0x00000001  x6=0x00000000
     467145.000 ns	     46713	80009890	00000013	addi	x0,x0,0	  x0:0x00000000
     467175.000 ns	     46716	80009894	10580053	fmul.s	f0,f16,f5	 f16:0x7a000000  f5:0x7f800000  f0=0x7f800000
     467195.000 ns	     46718	80009898	41675733	sra	x14,x14,x22	 x14:0x00000000 x22:0x00000167 x14=0x00000000
     467215.000 ns	     46720	8000989c	280686d3	fmin.s	f13,f13,f0	 f13:0xcf7ffffe  f0:0x7f800000 f13=0xcf7ffffe
     467245.000 ns	     46723	800098a0	d006fa53	fcvt.s.w	f20,x13	 x13:0x00000001 f20=0x3f800000
     467285.000 ns	     46727	800098a4	11e78c53	fmul.s	f24,f15,f30	 f15:0x00000000 f30:0x7fc00000 f24=0x7fc00000
     467315.000 ns	     46730	800098a8	0279aab3	mulhsu	x21,x19,x7	 x19:0x00000000  x7:0xffca3dcf x21=0x00000000
     467345.000 ns	     46733	800098ac	c0130f53	fcvt.wu.s	x30,f6	  f6:0xc4340000 x30=0x000002d0
     467365.000 ns	     46735	800098b0	00c1db93	srli	x23,x3,0xc	  x3:0x00000000 x23=0x00000000
     467375.000 ns	     46736	800098b4	753c5e97	auipc	x29,0x753c5	 x29=0xf53ce8b4
     467395.000 ns	     46738	800098b8	a01b92d3	flt.s	x5,f23,f1	 f23:0x80000000  f1:0xbf800000  x5=0x00000000
     467445.000 ns	     46743	800098bc	01abf453	fadd.s	f8,f23,f26	 f23:0x80000000 f26:0xc3b40000  f8=0xc3b40000
     467475.000 ns	     46746	800098c0	028b3cb3	mulhu	x25,x22,x8	 x22:0x00000167  x8:0xffffffff x25=0x00000166
     467525.000 ns	     46751	800098c4	089436d3	fsub.s	f13,f8,f9	  f8:0xc3b40000  f9:0x7e338000 f13=0xfe338000
     467545.000 ns	     46753	800098c8	0191b333	sltu	x6,x3,x25	  x3:0x00000000 x25:0x00000166  x6=0x00000001
     467565.000 ns	     46755	800098cc	d0148653	fcvt.s.wu	f12,x9	  x9:0x00000001 f12=0x3f800000
     467585.000 ns	     46757	800098d0	00315133	srl	x2,x2,x3	  x2:0x80040fe4  x3:0x00000000  x2=0x80040fe4
     467595.000 ns	     46758	800098d4	99d4c513	xori	x10,x9,-1635	  x9:0x00000001 x10=0xfffff99c
     467605.000 ns	     46759	800098d8	01be36b3	sltu	x13,x28,x27	 x28:0xcf7ffffe x27:0x0000000e x13=0x00000000
     467615.000 ns	     46760	800098dc	00ce5533	srl	x10,x28,x12	 x28:0xcf7ffffe x12:0x00000000 x10=0xcf7ffffe
     467635.000 ns	     46762	800098e0	e00b06d3	fmv.x.w	x13,f22	 f22:0x00000000 x13=0x00000000
     467655.000 ns	     46764	800098e4	d5fcd1b7	lui	x3,0xd5fcd	  x3=0xd5fcd000
     467675.000 ns	     46766	800098e8	03402d33	mulhsu	x26,x0,x20	  x0:0x00000000 x20:0x00000000 x26=0x00000000
     467705.000 ns	     46769	800098ec	02ca33b3	mulhu	x7,x20,x12	 x20:0x00000000 x12:0x00000000  x7=0x00000000
     467735.000 ns	     46772	800098f0	216a8353	fsgnj.s	f6,f21,f22	 f21:0xffc00000 f22:0x00000000  f6=0x7fc00000
     467785.000 ns	     46777	800098f4	00977e53	fadd.s	f28,f14,f9	 f14:0x43b38000  f9:0x7e338000 f28=0x7e338000
     467815.000 ns	     46780	800098f8	030f0a33	mul	x20,x30,x16	 x30:0x000002d0 x16:0x80040fe4 x20=0x0b6cb140
     467865.000 ns	     46785	800098fc	0998ad53	fsub.s	f26,f17,f25	 f17:0x3f800000 f25:0x40000000 f26=0xbf800000
     467885.000 ns	     46787	80009900	015ed6b3	srl	x13,x29,x21	 x29:0xf53ce8b4 x21:0x00000000 x13=0xf53ce8b4
     467895.000 ns	     46788	80009904	001a5133	srl	x2,x20,x1	 x20:0x0b6cb140  x1:0xffffffc0  x2=0x0b6cb140
     467905.000 ns	     46789	80009908	f0196b13	ori	x22,x18,-255	 x18:0x9640c86c x22=0xffffff6d
     467915.000 ns	     46790	8000990c	011b32b3	sltu	x5,x22,x17	 x22:0x00000167 x17:0x00000000  x5=0x00000000
     467955.000 ns	     46794	80009910	009f0c53	fadd.s	f24,f30,f9	 f30:0x7fc00000  f9:0x7e338000 f24=0x7fc00000
     467985.000 ns	     46797	80009914	03460633	mul	x12,x12,x20	 x12:0x00000000 x20:0x0b6cb140 x12=0x00000000
     468015.000 ns	     46800	80009918	c00005d3	fcvt.w.s	x11,f0	  f0:0x7f800000 x11=0x7fffffff
     468035.000 ns	     46802	8000991c	33f32793	slti	x15,x6,831	  x6:0x00000001 x15=0x00000001
     468065.000 ns	     46805	80009920	194af0d3	fdiv.s	f1,f21,f20	 f21:0xffc00000 f20:0x3f800000  f1=0x7fc00000
     468105.000 ns	     46809	80009924	10b237d3	fmul.s	f15,f4,f11	  f4:0x80000000 f11:0xc3b40000 f15=0x00000000
     468135.000 ns	     46812	80009928	a17300d3	fle.s	x1,f6,f23	  f6:0x7fc00000 f23:0x80000000  x1=0x00000000
     468165.000 ns	     46815	8000992c	03594533	div	x10,x18,x21	 x18:0x9640c86c x21:0x00000000 x10=0xffffffff
     468185.000 ns	     46817	80009930	01956f33	or	x30,x10,x25	 x10:0xcf7ffffe x25:0x00000166 x30=0xffffffff
     468195.000 ns	     46818	80009934	e56c8713	addi	x14,x25,-426	 x25:0x00000166 x14=0xffffffbc
     468205.000 ns	     46819	80009938	49c40393	addi	x7,x8,1180	  x8:0xffffffff  x7=0x0000049b
     468215.000 ns	     46820	8000993c	0003e433	or	x8,x7,x0	  x7:0x00000000  x0:0x00000000  x8=0x0000049b
     468235.000 ns	     46822	80009940	a1b5aed3	feq.s	x29,f11,f27	 f11:0xc3b40000 f27:0xc2800000 x29=0x00000000
     468255.000 ns	     46824	80009944	016c5413	srli	x8,x24,0x16	 x24:0xfffffdff  x8=0x000003ff
     468275.000 ns	     46826	80009948	027621b3	mulhsu	x3,x12,x7	 x12:0x00000000  x7:0x0000049b  x3=0x00000000
     468295.000 ns	     46828	8000994c	01096eb3	or	x29,x18,x16	 x18:0x9640c86c x16:0x80040fe4 x29=0x9644cfec
     468305.000 ns	     46829	80009950	a4b78f13	addi	x30,x15,-1461	 x15:0x00000001 x30=0xfffffa4c
     468325.000 ns	     46831	80009954	206ca453	fsgnjx.s	f8,f25,f6	 f25:0x40000000  f6:0x7fc00000  f8=0x40000000
     468355.000 ns	     46834	80009958	d01c8553	fcvt.s.wu	f10,x25	 x25:0x00000166 f10=0x43b30000
     468375.000 ns	     46836	8000995c	012c9c13	slli	x24,x25,0x12	 x25:0x00000166 x24=0x05980000
     468395.000 ns	     46838	80009960	d008c6d3	fcvt.s.w	f13,x17	 x17:0x00000000 f13=0x00000000
     468425.000 ns	     46841	80009964	c0187b53	fcvt.wu.s	x22,f16	 f16:0x7a000000 x22=0x00000000
     468445.000 ns	     46843	80009968	00d40c33	add	x24,x8,x13	  x8:0x000003ff x13:0xf53ce8b4 x24=0xf53cecb3
     468465.000 ns	     46845	8000996c	208c9dd3	fsgnjn.s	f27,f25,f8	 f25:0x40000000  f8:0x40000000 f27=0xc0000000
     468835.000 ns	     46882	80009970	03b7e633	rem	x12,x15,x27	 x15:0x00000001 x27:0x0000000e x12=0x00000001
     468855.000 ns	     46884	80009974	41dd5bb3	sra	x23,x26,x29	 x26:0x00000000 x29:0x9644cfec x23=0x00000000
     470025.000 ns	     47001	80009978	58047353	fsqrt.s	f6,f8	  f8:0x40000000  f6=0x3f350482
     470045.000 ns	     47003	8000997c	b953fa93	andi	x21,x7,-1131	  x7:0x0000049b x21=0x00000091
     470055.000 ns	     47004	80009980	41cdd8b3	sra	x17,x27,x28	 x27:0x0000000e x28:0xcf7ffffe x17=0x00000000
     470095.000 ns	     47008	80009984	00a47853	fadd.s	f16,f8,f10	  f8:0x40000000 f10:0x43b30000 f16=0x43b40000
     470145.000 ns	     47013	80009988	016eb953	fadd.s	f18,f29,f22	 f29:0xff800000 f22:0x00000000 f18=0xff800000
     470165.000 ns	     47015	8000998c	00748233	add	x4,x9,x7	  x9:0x00000001  x7:0x0000049b  x4=0x0000049c
     470175.000 ns	     47016	80009990	008b4c33	xor	x24,x22,x8	 x22:0x00000000  x8:0x000003ff x24=0x000003ff
     470195.000 ns	     47018	80009994	e0078d53	fmv.x.w	x26,f15	 f15:0x00000000 x26=0x00000000
     470215.000 ns	     47020	80009998	88bb3393	sltiu	x7,x22,-1909	 x22:0x00000000  x7=0x00000001
     470225.000 ns	     47021	8000999c	01cf1493	slli	x9,x30,0x1c	 x30:0xfffffa4c  x9=0xc0000000
     470235.000 ns	     47022	800099a0	4536ca13	xori	x20,x13,1107	 x13:0xf53ce8b4 x20=0xf53cece7
     470245.000 ns	     47023	800099a4	2feec713	xori	x14,x29,766	 x29:0x9644cfec x14=0x9644cd12
     470255.000 ns	     47024	800099a8	de26c493	xori	x9,x13,-542	 x13:0xf53ce8b4  x9=0x0ac31556
     470275.000 ns	     47026	800099ac	02bc87b3	mul	x15,x25,x11	 x25:0x00000166 x11:0x7fffffff x15=0xfffffe9a
     470295.000 ns	     47028	800099b0	d26b2293	slti	x5,x22,-730	 x22:0x00000000  x5=0x00000000
     470305.000 ns	     47029	800099b4	01bc1793	slli	x15,x24,0x1b	 x24:0x000003ff x15=0xf8000000
     470325.000 ns	     47031	800099b8	204929d3	fsgnjx.s	f19,f18,f4	 f18:0xff800000  f4:0x80000000 f19=0x7f800000
     470345.000 ns	     47033	800099bc	00a31333	sll	x6,x6,x10	  x6:0x00000001 x10:0xffffffff  x6=0x80000000
     470355.000 ns	     47034	800099c0	01c50cb3	add	x25,x10,x28	 x10:0xffffffff x28:0xcf7ffffe x25=0xcf7ffffd
     470365.000 ns	     47035	800099c4	a2238097	auipc	x1,0xa2238	  x1=0x222419c4
     470375.000 ns	     47036	800099c8	00000013	addi	x0,x0,0	  x0:0x00000000
     470385.000 ns	     47037	800099cc	00af0933	add	x18,x30,x10	 x30:0xfffffa4c x10:0xffffffff x18=0xfffffa4b
     470405.000 ns	     47039	800099d0	21610453	fsgnj.s	f8,f2,f22	  f2:0x4f5140a3 f22:0x00000000  f8=0x4f5140a3
     470425.000 ns	     47041	800099d4	414dd2b3	sra	x5,x27,x20	 x27:0x0000000e x20:0xf53cece7  x5=0x00000000
     470785.000 ns	     47077	800099d8	02c24ab3	div	x21,x4,x12	  x4:0x0000049c x12:0x00000001 x21=0x0000049c
     470815.000 ns	     47080	800099dc	02360eb3	mul	x29,x12,x3	 x12:0x00000001  x3:0x00000000 x29=0x00000000
     470845.000 ns	     47083	800099e0	03e33633	mulhu	x12,x6,x30	  x6:0x80000000 x30:0xfffffa4c x12=0x7ffffd26
     471215.000 ns	     47120	800099e4	0392ceb3	div	x29,x5,x25	  x5:0x00000000 x25:0xcf7ffffd x29=0x00000000
     471235.000 ns	     47122	800099e8	2ff40013	addi	x0,x8,767	  x8:0x000003ff
     471255.000 ns	     47124	800099ec	213b2653	fsgnjx.s	f12,f22,f19	 f22:0x00000000 f19:0x7f800000 f12=0x00000000
     471275.000 ns	     47126	800099f0	00f0d413	srli	x8,x1,0xf	  x1:0x222419c4  x8=0x00004448
     471295.000 ns	     47128	800099f4	21608853	fsgnj.s	f16,f1,f22	  f1:0x7fc00000 f22:0x00000000 f16=0x7fc00000
     471325.000 ns	     47131	800099f8	c0114bd3	fcvt.wu.s	x23,f2	  f2:0x4f5140a3 x23=0xd140a300
     471345.000 ns	     47133	800099fc	f8881997	auipc	x19,0xf8881	 x19=0x7888a9fc
     471365.000 ns	     47135	80009a00	e00892d3	fclass.s	x5,f17	 f17:0x3f800000  x5=0x00000040
     471395.000 ns	     47138	80009a04	0238b3b3	mulhu	x7,x17,x3	 x17:0x00000000  x3:0x00000000  x7=0x00000000
     471415.000 ns	     47140	80009a08	016cdc33	srl	x24,x25,x22	 x25:0xcf7ffffd x22:0x00000000 x24=0xcf7ffffd
     471435.000 ns	     47142	80009a0c	e0001c53	fclass.s	x24,f0	  f0:0x7f800000 x24=0x00000080
     471465.000 ns	     47145	80009a10	c00e7953	fcvt.w.s	x18,f28	 f28:0x7e338000 x18=0x7fffffff
     471485.000 ns	     47147	80009a14	0149dc33	srl	x24,x19,x20	 x19:0x7888a9fc x20:0xf53cece7 x24=0x00f11153
     471495.000 ns	     47148	80009a18	485201b7	lui	x3,0x48520	  x3=0x48520000
     471515.000 ns	     47150	80009a1c	c011f053	fcvt.wu.s	x0,f3	  f3:0x00000000
     471535.000 ns	     47152	80009a20	000672b3	and	x5,x12,x0	 x12:0x7ffffd26  x0:0x00000000  x5=0x00000000
     471555.000 ns	     47154	80009a24	d0077353	fcvt.s.w	f6,x14	 x14:0x9644cd12  f6=0xced37665
     471585.000 ns	     47157	80009a28	a08f0b53	fle.s	x22,f30,f8	 f30:0x7fc00000  f8:0x4f5140a3 x22=0x00000000
     471615.000 ns	     47160	80009a2c	02340233	mul	x4,x8,x3	  x8:0x00004448  x3:0x48520000  x4=0x1f100000
     471635.000 ns	     47162	80009a30	019968b3	or	x17,x18,x25	 x18:0x7fffffff x25:0xcf7ffffd x17=0xffffffff
     471655.000 ns	     47164	80009a34	031e8f33	mul	x30,x29,x17	 x29:0x00000000 x17:0x00000000 x30=0x00000000
     471685.000 ns	     47167	80009a38	c01da5d3	fcvt.wu.s	x11,f27	 f27:0xc0000000 x11=0x00000002
     471705.000 ns	     47169	80009a3c	001e9393	slli	x7,x29,0x1	 x29:0x00000000  x7=0x00000000
     471725.000 ns	     47171	80009a40	d00f0053	fcvt.s.w	f0,x30	 x30:0x00000000  f0=0x00000000
     471755.000 ns	     47174	80009a44	020774b3	remu	x9,x14,x0	 x14:0x9644cd12  x0:0x00000000  x9=0x9644cd12
     471785.000 ns	     47177	80009a48	03ac2e33	mulhsu	x28,x24,x26	 x24:0x00f11153 x26:0x00000000 x28=0x00000000
     471805.000 ns	     47179	80009a4c	418d81b3	sub	x3,x27,x24	 x27:0x0000000e x24:0x00f11153  x3=0xff0eeebb
     471815.000 ns	     47180	80009a50	7e43b193	sltiu	x3,x7,2020	  x7:0x00000000  x3=0x00000001
     471835.000 ns	     47182	80009a54	d01ca253	fcvt.s.wu	f4,x25	 x25:0xcf7ffffd  f4=0x4f4f8000
     471855.000 ns	     47184	80009a58	00d63533	sltu	x10,x12,x13	 x12:0x7ffffd26 x13:0xf53ce8b4 x10=0x00000001
     471875.000 ns	     47186	80009a5c	d00a9253	fcvt.s.w	f4,x21	 x21:0x0000049c  f4=0x44938000
     471895.000 ns	     47188	80009a60	44cf96b7	lui	x13,0x44cf9	 x13=0x44cf9000
     471905.000 ns	     47189	80009a64	015b0a33	add	x20,x22,x21	 x22:0x00000000 x21:0x0000049c x20=0x0000049c
     471915.000 ns	     47190	80009a68	005f1313	slli	x6,x30,0x5	 x30:0x00000000  x6=0x00000000
     471925.000 ns	     47191	80009a6c	01b09a13	slli	x20,x1,0x1b	  x1:0x222419c4 x20=0x20000000
     471945.000 ns	     47193	80009a70	03c06133	rem	x2,x0,x28	  x0:0x00000000 x28:0x00000000  x2=0x00000000
     471965.000 ns	     47195	80009a74	52c40893	addi	x17,x8,1324	  x8:0x00004448 x17=0x00004974
     471995.000 ns	     47198	80009a78	580341d3	fsqrt.s	f3,f6	  f6:0xced37665  f3=0x7fc00000
     472015.000 ns	     47200	80009a7c	009b9233	sll	x4,x23,x9	 x23:0xd140a300  x9:0x9644cd12  x4=0x8c000000
     472035.000 ns	     47202	80009a80	20aa0ad3	fsgnj.s	f21,f20,f10	 f20:0x3f800000 f10:0x43b30000 f21=0x3f800000
     472065.000 ns	     47205	80009a84	c01774d3	fcvt.wu.s	x9,f14	 f14:0x43b38000  x9=0x00000167
     472085.000 ns	     47207	80009a88	0039de33	srl	x28,x19,x3	 x19:0x7888a9fc  x3:0x00000001 x28=0x3c4454fe
     472105.000 ns	     47209	80009a8c	289a01d3	fmin.s	f3,f20,f9	 f20:0x3f800000  f9:0x7e338000  f3=0x3f800000
     472125.000 ns	     47211	80009a90	011933b3	sltu	x7,x18,x17	 x18:0x7fffffff x17:0x00004974  x7=0x00000000
     472135.000 ns	     47212	80009a94	004ad233	srl	x4,x21,x4	 x21:0x0000049c  x4:0x8c000000  x4=0x0000049c
     472145.000 ns	     47213	80009a98	01f63ab3	sltu	x21,x12,x31	 x12:0x7ffffd26 x31:0x80041024 x21=0x00000001
     472165.000 ns	     47215	80009a9c	a1b40753	fle.s	x14,f8,f27	  f8:0x4f5140a3 f27:0xc0000000 x14=0x00000000
     472195.000 ns	     47218	80009aa0	02263433	mulhu	x8,x12,x2	 x12:0x7ffffd26  x2:0x00000000  x8=0x00000000
     472225.000 ns	     47221	80009aa4	025438b3	mulhu	x17,x8,x5	  x8:0x00004448  x5:0x00000000 x17=0x00000000
     472245.000 ns	     47223	80009aa8	00d2e233	or	x4,x5,x13	  x5:0x00000000 x13:0x44cf9000  x4=0x44cf9000
     472605.000 ns	     47259	80009aac	039dd133	divu	x2,x27,x25	 x27:0x0000000e x25:0xcf7ffffd  x2=0x00000000
     472635.000 ns	     47262	80009ab0	03fd99b3	mulh	x19,x27,x31	 x27:0x0000000e x31:0x80041024 x19=0xfffffff9
     472655.000 ns	     47264	80009ab4	afd17413	andi	x8,x2,-1283	  x2:0x00000000  x8=0x00000000
     472675.000 ns	     47266	80009ab8	29bc1bd3	fmax.s	f23,f24,f27	 f24:0x7fc00000 f27:0xc0000000 f23=0xc0000000
     472695.000 ns	     47268	80009abc	e671fc13	andi	x24,x3,-409	  x3:0x00000001 x24=0x00000001
     472705.000 ns	     47269	80009ac0	e85f6413	ori	x8,x30,-379	 x30:0x00000000  x8=0xfffffe85
     472725.000 ns	     47271	80009ac4	213908d3	fsgnj.s	f17,f18,f19	 f18:0xff800000 f19:0x7f800000 f17=0x7f800000
     472765.000 ns	     47275	80009ac8	11107753	fmul.s	f14,f0,f17	  f0:0x00000000 f17:0x3f800000 f14=0x7fc00000
     472795.000 ns	     47278	80009acc	207b8a53	fsgnj.s	f20,f23,f7	 f23:0xc0000000  f7:0xbf800000 f20=0xc0000000
     473165.000 ns	     47315	80009ad0	02cadc33	divu	x24,x21,x12	 x21:0x00000001 x12:0x7ffffd26 x24=0x00000000
     473185.000 ns	     47317	80009ad4	4013da13	srai	x20,x7,0x1	  x7:0x00000000 x20=0x00000000
     473205.000 ns	     47319	80009ad8	a06e15d3	flt.s	x11,f28,f6	 f28:0x7e338000  f6:0xced37665 x11=0x00000000
     473235.000 ns	     47322	80009adc	021418b3	mulh	x17,x8,x1	  x8:0xfffffe85  x1:0x222419c4 x17=0xffffffcd
     473255.000 ns	     47324	80009ae0	01f3e4b3	or	x9,x7,x31	  x7:0x00000000 x31:0x80041024  x9=0x80041024
     473285.000 ns	     47327	80009ae4	1006a853	fmul.s	f16,f13,f0	 f13:0x00000000  f0:0x00000000 f16=0x00000000
     473315.000 ns	     47330	80009ae8	a1dd9253	flt.s	x4,f27,f29	 f27:0xc0000000 f29:0xff800000  x4=0x00000000
     473345.000 ns	     47333	80009aec	c008f7d3	fcvt.w.s	x15,f17	 f17:0x7f800000 x15=0x7fffffff
     473375.000 ns	     47336	80009af0	02c811b3	mulh	x3,x16,x12	 x16:0x80040fe4 x12:0x7ffffd26  x3=0xc002095e
     473395.000 ns	     47338	80009af4	00619093	slli	x1,x3,0x6	  x3:0x00000001  x1=0x00825780
     473405.000 ns	     47339	80009af8	a9594717	auipc	x14,0xa9594	 x14=0x2959daf8
     473425.000 ns	     47341	80009afc	28e712d3	fmax.s	f5,f14,f14	 f14:0x7fc00000 f14:0x7fc00000  f5=0x7fc00000
     473455.000 ns	     47344	80009b00	28539153	fmax.s	f2,f7,f5	  f7:0xbf800000  f5:0x7f800000  f2=0xbf800000
     473475.000 ns	     47346	80009b04	014a5eb3	srl	x29,x20,x20	 x20:0x00000000 x20:0x00000000 x29=0x00000000
     473495.000 ns	     47348	80009b08	c01af553	fcvt.wu.s	x10,f21	 f21:0x3f800000 x10=0x00000001
     473525.000 ns	     47351	80009b0c	036100b3	mul	x1,x2,x22	  x2:0x00000000 x22:0x00000000  x1=0x00000000
     473545.000 ns	     47353	80009b10	016ba0b3	slt	x1,x23,x22	 x23:0xd140a300 x22:0x00000000  x1=0x00000001
     473585.000 ns	     47357	80009b14	01891a53	fadd.s	f20,f18,f24	 f18:0xff800000 f24:0x7fc00000 f20=0x7fc00000
     473615.000 ns	     47360	80009b18	a10d8cd3	fle.s	x25,f27,f16	 f27:0xc0000000 f16:0x00000000 x25=0x00000001
     473635.000 ns	     47362	80009b1c	007fd713	srli	x14,x31,0x7	 x31:0x80041024 x14=0x01000820
     473645.000 ns	     47363	80009b20	01ce4c33	xor	x24,x28,x28	 x28:0x3c4454fe x28:0x3c4454fe x24=0x00000000
     473665.000 ns	     47365	80009b24	d0041a53	fcvt.s.w	f20,x8	  x8:0xfffffe85 f20=0xc3bd8000
     473685.000 ns	     47367	80009b28	00d128b3	slt	x17,x2,x13	  x2:0x00000000 x13:0x44cf9000 x17=0x00000001
     474045.000 ns	     47403	80009b2c	02ac61b3	rem	x3,x24,x10	 x24:0x00000000 x10:0x00000001  x3=0x00000000
     474065.000 ns	     47405	80009b30	b5572413	slti	x8,x14,-1195	 x14:0x01000820  x8=0x00000000
     474085.000 ns	     47407	80009b34	02140ab3	mul	x21,x8,x1	  x8:0xfffffe85  x1:0x00000001 x21=0x00000000
     474455.000 ns	     47444	80009b38	03335cb3	divu	x25,x6,x19	  x6:0x00000000 x19:0xfffffff9 x25=0x00000000
     474485.000 ns	     47447	80009b3c	c01672d3	fcvt.wu.s	x5,f12	 f12:0x00000000  x5=0x00000000
     474505.000 ns	     47449	80009b40	00000013	addi	x0,x0,0	  x0:0x00000000
     474515.000 ns	     47450	80009b44	00d8cf33	xor	x30,x17,x13	 x17:0x00000001 x13:0x44cf9000 x30=0x44cf9001
     474525.000 ns	     47451	80009b48	005b8733	add	x14,x23,x5	 x23:0xd140a300  x5:0x00000000 x14=0xd140a300
     474535.000 ns	     47452	80009b4c	00b79b93	slli	x23,x15,0xb	 x15:0x7fffffff x23=0xfffff800
     474545.000 ns	     47453	80009b50	0024e5b3	or	x11,x9,x2	  x9:0x80041024  x2:0x00000000 x11=0x80041024
     474555.000 ns	     47454	80009b54	c6187913	andi	x18,x16,-927	 x16:0x80040fe4 x18=0x80040c60
     474575.000 ns	     47456	80009b58	e00d08d3	fmv.x.w	x17,f26	 f26:0xbf800000 x17=0xbf800000
     474605.000 ns	     47459	80009b5c	a0d12a53	feq.s	x20,f2,f13	  f2:0xbf800000 f13:0x00000000 x20=0x00000000
     474635.000 ns	     47462	80009b60	a105a253	feq.s	x4,f11,f16	 f11:0xc3b40000 f16:0x00000000  x4=0x00000000
     474665.000 ns	     47465	80009b64	2077a3d3	fsgnjx.s	f7,f15,f7	 f15:0x00000000  f7:0xbf800000  f7=0x80000000
     474685.000 ns	     47467	80009b68	49a8b913	sltiu	x18,x17,1178	 x17:0xbf800000 x18=0x00000000
     474705.000 ns	     47469	80009b6c	285401d3	fmin.s	f3,f8,f5	  f8:0x4f5140a3  f5:0x7fc00000  f3=0x4f5140a3
     474725.000 ns	     47471	80009b70	01d01913	slli	x18,x0,0x1d	  x0:0x00000000 x18=0x00000000
     474735.000 ns	     47472	80009b74	01842233	slt	x4,x8,x24	  x8:0x00000000 x24:0x00000000  x4=0x00000000
     474745.000 ns	     47473	80009b78	00edfa33	and	x20,x27,x14	 x27:0x0000000e x14:0xd140a300 x20=0x00000000
     474765.000 ns	     47475	80009b7c	024740b3	div	x1,x14,x4	 x14:0xd140a300  x4:0x00000000  x1=0xffffffff
     474785.000 ns	     47477	80009b80	01ffc133	xor	x2,x31,x31	 x31:0x80041024 x31:0x80041024  x2=0x00000000
     474805.000 ns	     47479	80009b84	e00d08d3	fmv.x.w	x17,f26	 f26:0xbf800000 x17=0xbf800000
     474835.000 ns	     47482	80009b88	a09fab53	feq.s	x22,f31,f9	 f31:0xffffffff  f9:0x7e338000 x22=0x00000000
     474855.000 ns	     47484	80009b8c	4008d9b3	sra	x19,x17,x0	 x17:0xbf800000  x0:0x00000000 x19=0xbf800000
     474865.000 ns	     47485	80009b90	621da593	slti	x11,x27,1569	 x27:0x0000000e x11=0x00000001
     474875.000 ns	     47486	80009b94	00c3a5b3	slt	x11,x7,x12	  x7:0x00000000 x12:0x7ffffd26 x11=0x00000001
     474885.000 ns	     47487	80009b98	01a046b3	xor	x13,x0,x26	  x0:0x00000000 x26:0x00000000 x13=0x00000000
     474895.000 ns	     47488	80009b9c	dcd5eb93	ori	x23,x11,-563	 x11:0x00000001 x23=0xfffffdcd
     474915.000 ns	     47490	80009ba0	286c09d3	fmin.s	f19,f24,f6	 f24:0x7fc00000  f6:0xced37665 f19=0xced37665
     474945.000 ns	     47493	80009ba4	2193ab53	fsgnjx.s	f22,f7,f25	  f7:0x80000000 f25:0x40000000 f22=0x80000000
     474965.000 ns	     47495	80009ba8	01e025b3	slt	x11,x0,x30	  x0:0x00000000 x30:0x44cf9001 x11=0x00000001
     474985.000 ns	     47497	80009bac	c0059353	fcvt.w.s	x6,f11	 f11:0xc3b40000  x6=0xfffffe98
     475015.000 ns	     47500	80009bb0	d01b94d3	fcvt.s.wu	f9,x23	 x23:0xfffffdcd  f9=0x4f7ffffd
     475035.000 ns	     47502	80009bb4	0001e8b3	or	x17,x3,x0	  x3:0x00000000  x0:0x00000000 x17=0x00000000
     475395.000 ns	     47538	80009bb8	03f1ceb3	div	x29,x3,x31	  x3:0x00000000 x31:0x80041024 x29=0x00000000
     475425.000 ns	     47541	80009bbc	21222353	fsgnjx.s	f6,f4,f18	  f4:0x44938000 f18:0xff800000  f6=0xc4938000
     475455.000 ns	     47544	80009bc0	d01601d3	fcvt.s.wu	f3,x12	 x12:0x7ffffd26  f3=0x4efffffa
     475485.000 ns	     47547	80009bc4	d0107e53	fcvt.s.wu	f28,x0	  x0:0x00000000 f28=0x00000000
     475515.000 ns	     47550	80009bc8	c0087453	fcvt.w.s	x8,f16	 f16:0x00000000  x8=0x00000000
     475535.000 ns	     47552	80009bcc	01ae57b3	srl	x15,x28,x26	 x28:0x3c4454fe x26:0x00000000 x15=0x3c4454fe
     475545.000 ns	     47553	80009bd0	5a722e93	slti	x29,x4,1447	  x4:0x00000000 x29=0x00000001
     475565.000 ns	     47555	80009bd4	a0a18f53	fle.s	x30,f3,f10	  f3:0x4efffffa f10:0x43b30000 x30=0x00000000
     475595.000 ns	     47558	80009bd8	297a0a53	fmin.s	f20,f20,f23	 f20:0xc3bd8000 f23:0xc0000000 f20=0xc3bd8000
     475615.000 ns	     47560	80009bdc	9a749617	auipc	x12,0x9a749	 x12=0x1a752bdc
     475625.000 ns	     47561	80009be0	3bf18213	addi	x4,x3,959	  x3:0x00000000  x4=0x000003bf
     475655.000 ns	     47564	80009be4	194e2d53	fdiv.s	f26,f28,f20	 f28:0x00000000 f20:0xc3bd8000 f26=0x80000000
     475675.000 ns	     47566	80009be8	7f066b93	ori	x23,x12,2032	 x12:0x1a752bdc x23=0x1a752ffc
     475695.000 ns	     47568	80009bec	036fd7b3	divu	x15,x31,x22	 x31:0x80041024 x22:0x00000000 x15=0xffffffff
     475715.000 ns	     47570	80009bf0	471f7637	lui	x12,0x471f7	 x12=0x471f7000
     475725.000 ns	     47571	80009bf4	01be8cb3	add	x25,x29,x27	 x29:0x00000001 x27:0x0000000e x25=0x0000000f
     475745.000 ns	     47573	80009bf8	e0000353	fmv.x.w	x6,f0	  f0:0x00000000  x6=0x00000000
     475775.000 ns	     47576	80009bfc	296c9353	fmax.s	f6,f25,f22	 f25:0x40000000 f22:0x80000000  f6=0x40000000
     475795.000 ns	     47578	80009c00	0cac8b93	addi	x23,x25,202	 x25:0x0000000f x23=0x000000d9
     475805.000 ns	     47579	80009c04	007050b3	srl	x1,x0,x7	  x0:0x00000000  x7:0x00000000  x1=0x00000000
     475825.000 ns	     47581	80009c08	c0004653	fcvt.w.s	x12,f0	  f0:0x00000000 x12=0x00000000
     475855.000 ns	     47584	80009c0c	03f317b3	mulh	x15,x6,x31	  x6:0x00000000 x31:0x80041024 x15=0x00000000
     475875.000 ns	     47586	80009c10	00c2c633	xor	x12,x5,x12	  x5:0x00000000 x12:0x00000000 x12=0x00000000
     475895.000 ns	     47588	80009c14	a042a953	feq.s	x18,f5,f4	  f5:0x7fc00000  f4:0x44938000 x18=0x00000000
     475925.000 ns	     47591	80009c18	d0147ad3	fcvt.s.wu	f21,x8	  x8:0x00000000 f21=0x00000000
     475955.000 ns	     47594	80009c1c	d014f453	fcvt.s.wu	f8,x9	  x9:0x80041024  f8=0x4f000410
     475995.000 ns	     47598	80009c20	5802f353	fsqrt.s	f6,f5	  f5:0x7fc00000  f6=0x7fc00000
     476025.000 ns	     47601	80009c24	02053e33	mulhu	x28,x10,x0	 x10:0x00000001  x0:0x00000000 x28=0x00000000
     476045.000 ns	     47603	80009c28	013a1293	slli	x5,x20,0x13	 x20:0x00000000  x5=0x00000000
     476065.000 ns	     47605	80009c2c	28879553	fmax.s	f10,f15,f8	 f15:0x00000000  f8:0x4f000410 f10=0x4f000410
     476085.000 ns	     47607	80009c30	ffe6b237	lui	x4,0xffe6b	  x4=0xffe6b000
     476095.000 ns	     47608	80009c34	416986b3	sub	x13,x19,x22	 x19:0xbf800000 x22:0x00000000 x13=0xbf800000
     476135.000 ns	     47612	80009c38	01963453	fadd.s	f8,f12,f25	 f12:0x00000000 f25:0x40000000  f8=0x40000000
     476165.000 ns	     47615	80009c3c	0281fc33	remu	x24,x3,x8	  x3:0x00000000  x8:0x00000000 x24=0x00000000
     476185.000 ns	     47617	80009c40	6e5e4113	xori	x2,x28,1765	 x28:0x00000000  x2=0x000006e5
     476205.000 ns	     47619	80009c44	03d21d33	mulh	x26,x4,x29	  x4:0xffe6b000 x29:0x00000001 x26=0xffffffff
     476235.000 ns	     47622	80009c48	031d2133	mulhsu	x2,x26,x17	 x26:0x00000000 x17:0x00000000  x2=0x00000000
     476265.000 ns	     47625	80009c4c	0327bc33	mulhu	x24,x15,x18	 x15:0x00000000 x18:0x00000000 x24=0x00000000
     476285.000 ns	     47627	80009c50	cf8c6593	ori	x11,x24,-776	 x24:0x00000000 x11=0xfffffcf8
     476645.000 ns	     47663	80009c54	039adcb3	divu	x25,x21,x25	 x21:0x00000000 x25:0x0000000f x25=0x00000000
     476665.000 ns	     47665	80009c58	011e7b33	and	x22,x28,x17	 x28:0x00000000 x17:0x00000000 x22=0x00000000
     476675.000 ns	     47666	80009c5c	01f42d33	slt	x26,x8,x31	  x8:0x00000000 x31:0x80041024 x26=0x00000000
     476695.000 ns	     47668	80009c60	03ecc233	div	x4,x25,x30	 x25:0x00000000 x30:0x00000000  x4=0xffffffff
     476715.000 ns	     47670	80009c64	a6ac6a13	ori	x20,x24,-1430	 x24:0x00000000 x20=0xfffffa6a
     476725.000 ns	     47671	80009c68	01c48733	add	x14,x9,x28	  x9:0x80041024 x28:0x00000000 x14=0x80041024
     476735.000 ns	     47672	80009c6c	73453e93	sltiu	x29,x10,1844	 x10:0x00000001 x29=0x00000001
     476755.000 ns	     47674	80009c70	20812653	fsgnjx.s	f12,f2,f8	  f2:0xbf800000  f8:0x40000000 f12=0xbf800000
     476785.000 ns	     47677	80009c74	02739433	mulh	x8,x7,x7	  x7:0x00000000  x7:0x00000000  x8=0x00000000
     476815.000 ns	     47680	80009c78	02025f33	divu	x30,x4,x0	  x4:0xffffffff  x0:0x00000000 x30=0xffffffff
     476835.000 ns	     47682	80009c7c	6f98ff13	andi	x30,x17,1785	 x17:0x00000000 x30=0x00000000
     478005.000 ns	     47799	80009c80	580477d3	fsqrt.s	f15,f8	  f8:0x40000000 f15=0x3f350482
     478055.000 ns	     47804	80009c84	0034f6d3	fadd.s	f13,f9,f3	  f9:0x4f7ffffd  f3:0x4efffffa f13=0x4fbffffd
     478085.000 ns	     47807	80009c88	281302d3	fmin.s	f5,f6,f1	  f6:0x7fc00000  f1:0x7fc00000  f5=0x7fc00000
     478115.000 ns	     47810	80009c8c	d0087553	fcvt.s.w	f10,x16	 x16:0x80040fe4 f10=0xcefff7e0
     478145.000 ns	     47813	80009c90	c0117e53	fcvt.wu.s	x28,f2	  f2:0xbf800000 x28=0x00000001
     478175.000 ns	     47816	80009c94	035d99b3	mulh	x19,x27,x21	 x27:0x0000000e x21:0x00000000 x19=0x00000000
     478195.000 ns	     47818	80009c98	01223133	sltu	x2,x4,x18	  x4:0xffffffff x18:0x00000000  x2=0x00000000
     478215.000 ns	     47820	80009c9c	c00ffe53	fcvt.w.s	x28,f31	 f31:0xffffffff x28=0x7fffffff
     478235.000 ns	     47822	80009ca0	78228893	addi	x17,x5,1922	  x5:0x00000000 x17=0x00000782
     478245.000 ns	     47823	80009ca4	00000013	addi	x0,x0,0	  x0:0x00000000
     478255.000 ns	     47824	80009ca8	8c508493	addi	x9,x1,-1851	  x1:0x00000000  x9=0xfffff8c5
     478275.000 ns	     47826	80009cac	292f08d3	fmin.s	f17,f30,f18	 f30:0x7fc00000 f18:0xff800000 f17=0xff800000
     478295.000 ns	     47828	80009cb0	444c0393	addi	x7,x24,1092	 x24:0x00000000  x7=0x00000444
     478335.000 ns	     47832	80009cb4	00011ad3	fadd.s	f21,f2,f0	  f2:0xbf800000  f0:0x00000000 f21=0xbf800000
     478385.000 ns	     47837	80009cb8	092919d3	fsub.s	f19,f18,f18	 f18:0xff800000 f18:0xff800000 f19=0x00000000
     478425.000 ns	     47841	80009cbc	109d0353	fmul.s	f6,f26,f9	 f26:0x80000000  f9:0x4f7ffffd  f6=0x80000000
     478455.000 ns	     47844	80009cc0	023ee1b3	rem	x3,x29,x3	 x29:0x00000001  x3:0x00000000  x3=0x00000001
     478475.000 ns	     47846	80009cc4	51e52213	slti	x4,x10,1310	 x10:0x00000001  x4=0x00000001
     478495.000 ns	     47848	80009cc8	03a97333	remu	x6,x18,x26	 x18:0x00000000 x26:0x00000000  x6=0x00000000
     478525.000 ns	     47851	80009ccc	c01ff6d3	fcvt.wu.s	x13,f31	 f31:0xffffffff x13=0xffffffff
     478545.000 ns	     47853	80009cd0	01c874b3	and	x9,x16,x28	 x16:0x80040fe4 x28:0x7fffffff  x9=0x00040fe4
     478565.000 ns	     47855	80009cd4	c008f0d3	fcvt.w.s	x1,f17	 f17:0xff800000  x1=0x80000000
     478585.000 ns	     47857	80009cd8	ecd43d13	sltiu	x26,x8,-307	  x8:0x00000000 x26=0x00000001
     478605.000 ns	     47859	80009cdc	f0048a53	fmv.w.x	f20,x9	  x9:0x00040fe4 f20=0x00040fe4
     478625.000 ns	     47861	80009ce0	40e487b3	sub	x15,x9,x14	  x9:0x00040fe4 x14:0x80041024 x15=0x7fffffc0
     478635.000 ns	     47862	80009ce4	003cad33	slt	x26,x25,x3	 x25:0x00000000  x3:0x00000001 x26=0x00000001
     478655.000 ns	     47864	80009ce8	f0028753	fmv.w.x	f14,x5	  x5:0x00000000 f14=0x00000000
     478675.000 ns	     47866	80009cec	250d2993	slti	x19,x26,592	 x26:0x00000001 x19=0x00000001
     478695.000 ns	     47868	80009cf0	a0288053	fle.s	x0,f17,f2	 f17:0xff800000  f2:0xbf800000
     478715.000 ns	     47870	80009cf4	00e958b3	srl	x17,x18,x14	 x18:0x00000000 x14:0x80041024 x17=0x00000000
     478735.000 ns	     47872	80009cf8	21610653	fsgnj.s	f12,f2,f22	  f2:0xbf800000 f22:0x80000000 f12=0xbf800000
     478765.000 ns	     47875	80009cfc	03d59933	mulh	x18,x11,x29	 x11:0xfffffcf8 x29:0x00000001 x18=0xffffffff
     478795.000 ns	     47878	80009d00	a10a04d3	fle.s	x9,f20,f16	 f20:0x00040fe4 f16:0x00000000  x9=0x00000000
     478825.000 ns	     47881	80009d04	d00ac3d3	fcvt.s.w	f7,x21	 x21:0x00000000  f7=0x00000000
     478855.000 ns	     47884	80009d08	03ec9ab3	mulh	x21,x25,x30	 x25:0x00000000 x30:0x00000000 x21=0x00000000
     478875.000 ns	     47886	80009d0c	ea560e13	addi	x28,x12,-347	 x12:0x00000000 x28=0xfffffea5
     478905.000 ns	     47889	80009d10	58061c53	fsqrt.s	f24,f12	 f12:0xbf800000 f24=0x7fc00000
     478925.000 ns	     47891	80009d14	29191e37	lui	x28,0x29191	 x28=0x29191000
     478955.000 ns	     47894	80009d18	19403753	fdiv.s	f14,f0,f20	  f0:0x00000000 f20:0x00040fe4 f14=0x00000000
     478985.000 ns	     47897	80009d1c	c0154953	fcvt.wu.s	x18,f10	 f10:0xcefff7e0 x18=0x7ffbf000
     479015.000 ns	     47900	80009d20	f00e8a53	fmv.w.x	f20,x29	 x29:0x00000001 f20=0x00000001
     479045.000 ns	     47903	80009d24	a16106d3	fle.s	x13,f2,f22	  f2:0xbf800000 f22:0x80000000 x13=0x00000001
     479065.000 ns	     47905	80009d28	c0457e93	andi	x29,x10,-1020	 x10:0x00000001 x29=0x00000000
     479095.000 ns	     47908	80009d2c	580576d3	fsqrt.s	f13,f10	 f10:0xcefff7e0 f13=0x7fc00000
     479115.000 ns	     47910	80009d30	00d7d8b3	srl	x17,x15,x13	 x15:0x7fffffc0 x13:0x00000001 x17=0x3fffffe0
     479135.000 ns	     47912	80009d34	a1b50353	fle.s	x6,f10,f27	 f10:0xcefff7e0 f27:0xc0000000  x6=0x00000001
     479475.000 ns	     47946	80009d38	19b61153	fdiv.s	f2,f12,f27	 f12:0xbf800000 f27:0xc0000000  f2=0x3e9dc4e2
     479495.000 ns	     47948	80009d3c	faec3717	auipc	x14,0xfaec3	 x14=0x7aeccd3c
     479505.000 ns	     47949	80009d40	00af58b3	srl	x17,x30,x10	 x30:0x00000000 x10:0x00000001 x17=0x00000000
     479525.000 ns	     47951	80009d44	e0000353	fmv.x.w	x6,f0	  f0:0x00000000  x6=0x00000000
     479555.000 ns	     47954	80009d48	21182153	fsgnjx.s	f2,f16,f17	 f16:0x00000000 f17:0xff800000  f2=0x80000000
     479575.000 ns	     47956	80009d4c	007a7033	and	x0,x20,x7	 x20:0xfffffa6a  x7:0x00000444
     479605.000 ns	     47959	80009d50	10f0fed3	fmul.s	f29,f1,f15	  f1:0x7fc00000 f15:0x3f350482 f29=0x7fc00000
     479635.000 ns	     47962	80009d54	d01f9653	fcvt.s.wu	f12,x31	 x31:0x80041024 f12=0x4f000410
     479665.000 ns	     47965	80009d58	03c08133	mul	x2,x1,x28	  x1:0x80000000 x28:0x29191000  x2=0x00000000
     479695.000 ns	     47968	80009d5c	c01d4c53	fcvt.wu.s	x24,f26	 f26:0x80000000 x24=0x00000000
     479715.000 ns	     47970	80009d60	01abc333	xor	x6,x23,x26	 x23:0x000000d9 x26:0x00000001  x6=0x000000d8
     479735.000 ns	     47972	80009d64	e00c1c53	fclass.s	x24,f24	 f24:0x7fc00000 x24=0x00000200
     479765.000 ns	     47975	80009d68	d01b7a53	fcvt.s.wu	f20,x22	 x22:0x00000000 f20=0x00000000
     479795.000 ns	     47978	80009d6c	28e69153	fmax.s	f2,f13,f14	 f13:0x7fc00000 f14:0x00000000  f2=0x00000000
     479825.000 ns	     47981	80009d70	d00712d3	fcvt.s.w	f5,x14	 x14:0x7aeccd3c  f5=0x4ef5d99a
     479855.000 ns	     47984	80009d74	207a1dd3	fsgnjn.s	f27,f20,f7	 f20:0x00000000  f7:0x00000000 f27=0x80000000
     479875.000 ns	     47986	80009d78	89700f13	addi	x30,x0,-1897	  x0:0x00000000 x30=0xfffff897
     479885.000 ns	     47987	80009d7c	e236bb13	sltiu	x22,x13,-477	 x13:0x00000001 x22=0x00000001
     479905.000 ns	     47989	80009d80	029b1b33	mulh	x22,x22,x9	 x22:0x00000000  x9:0x00000000 x22=0x00000000
     479925.000 ns	     47991	80009d84	44d777b7	lui	x15,0x44d77	 x15=0x44d77000
     479935.000 ns	     47992	80009d88	41b081b3	sub	x3,x1,x27	  x1:0x80000000 x27:0x0000000e  x3=0x7ffffff2
     479955.000 ns	     47994	80009d8c	02c0e733	rem	x14,x1,x12	  x1:0x80000000 x12:0x00000000 x14=0x80000000
     479985.000 ns	     47997	80009d90	d003cdd3	fcvt.s.w	f27,x7	  x7:0x00000444 f27=0x44888000
     480355.000 ns	     48034	80009d94	03ac4eb3	div	x29,x24,x26	 x24:0x00000200 x26:0x00000001 x29=0x00000200
     480375.000 ns	     48036	80009d98	2c5a0213	addi	x4,x20,709	 x20:0xfffffa6a  x4=0xfffffd2f
     480395.000 ns	     48038	80009d9c	c01bfed3	fcvt.wu.s	x29,f23	 f23:0xc0000000 x29=0x00000002
     480765.000 ns	     48075	80009da0	03b443b3	div	x7,x8,x27	  x8:0x00000000 x27:0x0000000e  x7=0x00000000
     480785.000 ns	     48077	80009da4	00ca9713	slli	x14,x21,0xc	 x21:0x00000000 x14=0x00000000
     481145.000 ns	     48113	80009da8	02fe4eb3	div	x29,x28,x15	 x28:0x29191000 x15:0x44d77000 x29=0x00000000
     481175.000 ns	     48116	80009dac	e00a98d3	fclass.s	x17,f21	 f21:0xbf800000 x17=0x00000002
     481195.000 ns	     48118	80009db0	6f120993	addi	x19,x4,1777	  x4:0xfffffd2f x19=0x00000420
     481215.000 ns	     48120	80009db4	21632153	fsgnjx.s	f2,f6,f22	  f6:0x80000000 f22:0x80000000  f2=0x00000000
     481235.000 ns	     48122	80009db8	011b6333	or	x6,x22,x17	 x22:0x00000000 x17:0x00000002  x6=0x00000002
     481595.000 ns	     48158	80009dbc	03a3c4b3	div	x9,x7,x26	  x7:0x00000000 x26:0x00000001  x9=0x00000000
     481625.000 ns	     48161	80009dc0	28b80153	fmin.s	f2,f16,f11	 f16:0x00000000 f11:0xc3b40000  f2=0xc3b40000
     481645.000 ns	     48163	80009dc4	0006dc93	srli	x25,x13,0x0	 x13:0x00000001 x25=0x00000001
     481655.000 ns	     48164	80009dc8	00b1b333	sltu	x6,x3,x11	  x3:0x7ffffff2 x11:0xfffffcf8  x6=0x00000001
     481665.000 ns	     48165	80009dcc	0126b5b3	sltu	x11,x13,x18	 x13:0x00000001 x18:0x7ffbf000 x11=0x00000001
     481675.000 ns	     48166	80009dd0	41dd5513	srai	x10,x26,0x1d	 x26:0x00000001 x10=0x00000000
     481685.000 ns	     48167	80009dd4	a5eb7c93	andi	x25,x22,-1442	 x22:0x00000000 x25=0x00000000
     481715.000 ns	     48170	80009dd8	10f57f53	fmul.s	f30,f10,f15	 f10:0xcefff7e0 f15:0x3f350482 f30=0xceb4fec3
     482085.000 ns	     48207	80009ddc	0375e633	rem	x12,x11,x23	 x11:0x00000001 x23:0x000000d9 x12=0x00000001
     482105.000 ns	     48209	80009de0	404682b3	sub	x5,x13,x4	 x13:0x00000001  x4:0xfffffd2f  x5=0x000002d2
     482115.000 ns	     48210	80009de4	00f4d113	srli	x2,x9,0xf	  x9:0x00000000  x2=0x00000000
     482135.000 ns	     48212	80009de8	2133a653	fsgnjx.s	f12,f7,f19	  f7:0x00000000 f19:0x00000000 f12=0x00000000
     482175.000 ns	     48216	80009dec	580af1d3	fsqrt.s	f3,f21	 f21:0xbf800000  f3=0x7fc00000
     482195.000 ns	     48218	80009df0	00059413	slli	x8,x11,0x0	 x11:0x00000001  x8=0x00000001
     482215.000 ns	     48220	80009df4	d01a77d3	fcvt.s.wu	f15,x20	 x20:0xfffffa6a f15=0x4f7ffffa
     482235.000 ns	     48222	80009df8	0106f8b3	and	x17,x13,x16	 x13:0x00000001 x16:0x80040fe4 x17=0x00000000
     482275.000 ns	     48226	80009dfc	09cfbdd3	fsub.s	f27,f31,f28	 f31:0xffffffff f28:0x00000000 f27=0x7fc00000
     482325.000 ns	     48231	80009e00	09e07ed3	fsub.s	f29,f0,f30	  f0:0x00000000 f30:0xceb4fec3 f29=0x4eb4fec3
     482355.000 ns	     48234	80009e04	c012f953	fcvt.wu.s	x18,f5	  f5:0x4ef5d99a x18=0x7aeccd00
     482385.000 ns	     48237	80009e08	2111add3	fsgnjx.s	f27,f3,f17	  f3:0x7fc00000 f17:0xff800000 f27=0xffc00000
     482415.000 ns	     48240	80009e0c	d007f8d3	fcvt.s.w	f17,x15	 x15:0x44d77000 f17=0x4e89aee0
     482435.000 ns	     48242	80009e10	41a1dc13	srai	x24,x3,0x1a	  x3:0x7ffffff2 x24=0x0000001f
     482795.000 ns	     48278	80009e14	0389e7b3	rem	x15,x19,x24	 x19:0x00000420 x24:0x00000200 x15=0x00000002
     482825.000 ns	     48281	80009e18	02bb9c33	mulh	x24,x23,x11	 x23:0x000000d9 x11:0x00000001 x24=0x00000000
     482845.000 ns	     48283	80009e1c	73a94a13	xori	x20,x18,1850	 x18:0x7aeccd00 x20=0x7aecca3a
     482865.000 ns	     48285	80009e20	026931b3	mulhu	x3,x18,x6	 x18:0x7aeccd00  x6:0x00000001  x3=0x00000000
     482885.000 ns	     48287	80009e24	d9984e37	lui	x28,0xd9984	 x28=0xd9984000
     482895.000 ns	     48288	80009e28	f5999a97	auipc	x21,0xf5999	 x21=0x759a2e28
     482915.000 ns	     48290	80009e2c	f0020f53	fmv.w.x	f30,x4	  x4:0xfffffd2f f30=0xfffffd2f
     482935.000 ns	     48292	80009e30	01902cb3	slt	x25,x0,x25	  x0:0x00000000 x25:0x00000000 x25=0x00000000
     482955.000 ns	     48294	80009e34	e00f1ad3	fclass.s	x21,f30	 f30:0xfffffd2f x21=0x00000200
     482975.000 ns	     48296	80009e38	01bee633	or	x12,x29,x27	 x29:0x00000000 x27:0x0000000e x12=0x0000000e
     482985.000 ns	     48297	80009e3c	409609b3	sub	x19,x12,x9	 x12:0x00000001  x9:0x00000000 x19=0x0000000e
     482995.000 ns	     48298	80009e40	b2882cb7	lui	x25,0xb2882	 x25=0xb2882000
     483005.000 ns	     48299	80009e44	00dcaab3	slt	x21,x25,x13	 x25:0x00000000 x13:0x00000001 x21=0x00000001
     483025.000 ns	     48301	80009e48	f0038953	fmv.w.x	f18,x7	  x7:0x00000000 f18=0x00000000
     483055.000 ns	     48304	80009e4c	02a44233	div	x4,x8,x10	  x8:0x00000001 x10:0x00000000  x4=0xffffffff
     483085.000 ns	     48307	80009e50	d01af2d3	fcvt.s.wu	f5,x21	 x21:0x00000001  f5=0x3f800000
     483105.000 ns	     48309	80009e54	00bf87b3	add	x15,x31,x11	 x31:0x80041024 x11:0x00000001 x15=0x80041025
     483125.000 ns	     48311	80009e58	03f51b33	mulh	x22,x10,x31	 x10:0x00000000 x31:0x80041024 x22=0x00000000
     483155.000 ns	     48314	80009e5c	0293a5b3	mulhsu	x11,x7,x9	  x7:0x00000000  x9:0x00000000 x11=0x00000000
     483205.000 ns	     48319	80009e60	084cf4d3	fsub.s	f9,f25,f4	 f25:0x40000000  f4:0x44938000  f9=0xc4934000
     483225.000 ns	     48321	80009e64	014e60b3	or	x1,x28,x20	 x28:0xd9984000 x20:0x7aecca3a  x1=0xfbfcca3a
     483255.000 ns	     48324	80009e68	118b7753	fmul.s	f14,f22,f24	 f22:0x80000000 f24:0x7fc00000 f14=0x7fc00000
     483275.000 ns	     48326	80009e6c	001ae533	or	x10,x21,x1	 x21:0x00000001  x1:0x80000000 x10=0xfbfcca3b
     483285.000 ns	     48327	80009e70	00000013	addi	x0,x0,0	  x0:0x00000000
     483295.000 ns	     48328	80009e74	012b7b33	and	x22,x22,x18	 x22:0x00000000 x18:0x7aeccd00 x22=0x00000000
     483305.000 ns	     48329	80009e78	0101bab3	sltu	x21,x3,x16	  x3:0x00000000 x16:0x80040fe4 x21=0x00000001
     483315.000 ns	     48330	80009e7c	41f75193	srai	x3,x14,0x1f	 x14:0x00000000  x3=0x00000000
     483345.000 ns	     48333	80009e80	1179f253	fmul.s	f4,f19,f23	 f19:0x00000000 f23:0xc0000000  f4=0x80000000
     483365.000 ns	     48335	80009e84	0032c9b3	xor	x19,x5,x3	  x5:0x000002d2  x3:0x00000000 x19=0x000002d2
     483375.000 ns	     48336	80009e88	5aa27393	andi	x7,x4,1450	  x4:0xffffffff  x7=0x000005aa
     483385.000 ns	     48337	80009e8c	01668913	addi	x18,x13,22	 x13:0x00000001 x18=0x00000017
     483415.000 ns	     48340	80009e90	10e037d3	fmul.s	f15,f0,f14	  f0:0x00000000 f14:0x7fc00000 f15=0x7fc00000
     483435.000 ns	     48342	80009e94	00c0a4b3	slt	x9,x1,x12	  x1:0xfbfcca3a x12:0x0000000e  x9=0x00000001
     483445.000 ns	     48343	80009e98	417c07b3	sub	x15,x24,x23	 x24:0x00000000 x23:0x000000d9 x15=0xffffff27
     483465.000 ns	     48345	80009e9c	e00e8c53	fmv.x.w	x24,f29	 f29:0x4eb4fec3 x24=0x4eb4fec3
     483495.000 ns	     48348	80009ea0	d0067ed3	fcvt.s.w	f29,x12	 x12:0x0000000e f29=0x41600000
     483525.000 ns	     48351	80009ea4	02872533	mulhsu	x10,x14,x8	 x14:0x00000000  x8:0x00000001 x10=0x00000000
     483545.000 ns	     48353	80009ea8	00000013	addi	x0,x0,0	  x0:0x00000000
     483565.000 ns	     48355	80009eac	e00e8b53	fmv.x.w	x22,f29	 f29:0x41600000 x22=0x41600000
     483585.000 ns	     48357	80009eb0	8ae24993	xori	x19,x4,-1874	  x4:0xffffffff x19=0x00000751
     483595.000 ns	     48358	80009eb4	005506b3	add	x13,x10,x5	 x10:0x00000000  x5:0x000002d2 x13=0x000002d2
     483605.000 ns	     48359	80009eb8	20500193	addi	x3,x0,517	  x0:0x00000000  x3=0x00000205
     483615.000 ns	     48360	80009ebc	bc456a13	ori	x20,x10,-1084	 x10:0x00000000 x20=0xfffffbc4
     483625.000 ns	     48361	80009ec0	00000d97	auipc	x27,0x0	 x27=0x80009ec0
     483635.000 ns	     48362	80009ec4	00cd8d93	addi	x27,x27,12	 x27:0x0000000e x27=0x80009ecc
     483645.000 ns	     48363	80009ec8	000d8067	jalr	x0,x27,0	 x27:0x0000000e
     483695.000 ns	     48368	80009ecc	00100193	addi	x3,x0,1	  x0:0x00000000  x3=0x00000001
     483705.000 ns	     48369	80009ed0	00000073	ecall	
     483715.000 ns	     48370	80009ed4	00036f17	auipc	x30,0x36	 x30=0x8003fed4
     483725.000 ns	     48371	80009ed8	123f2623	sw	x3,300(x30)	 x30:0xfffff897  x3:0x00000001 PA:0xxxxxxxxx
     483745.000 ns	     48373	80009edc	ff9ff06f	jal	x0,80009ed8	
     483795.000 ns	     48378	80009ed4	00036f17	auipc	x30,0x36	 x30=0x8003fed4
     483805.000 ns	     48379	80009ed8	123f2623	sw	x3,300(x30)	 x30:0x8003fed4  x3:0x00000001 PA:0xxxxxxxxx
     483825.000 ns	     48381	80009edc	ff9ff06f	jal	x0,80009ed8	
     483875.000 ns	     48386	80009ed4	00036f17	auipc	x30,0x36	 x30=0x8003fed4
     483885.000 ns	     48387	80009ed8	123f2623	sw	x3,300(x30)	 x30:0x8003fed4  x3:0x00000001 PA:0xxxxxxxxx
     483905.000 ns	     48389	80009edc	ff9ff06f	jal	x0,80009ed8	
     483955.000 ns	     48394	80009ed4	00036f17	auipc	x30,0x36	 x30=0x8003fed4
     483965.000 ns	     48395	80009ed8	123f2623	sw	x3,300(x30)	 x30:0x8003fed4  x3:0x00000001 PA:0xxxxxxxxx
     483985.000 ns	     48397	80009edc	ff9ff06f	jal	x0,80009ed8	
     484035.000 ns	     48402	80009ed4	00036f17	auipc	x30,0x36	 x30=0x8003fed4
     484045.000 ns	     48403	80009ed8	123f2623	sw	x3,300(x30)	 x30:0x8003fed4  x3:0x00000001 PA:0xxxxxxxxx
     484065.000 ns	     48405	80009edc	ff9ff06f	jal	x0,80009ed8	
     484115.000 ns	     48410	80009ed4	00036f17	auipc	x30,0x36	 x30=0x8003fed4
     484125.000 ns	     48411	80009ed8	123f2623	sw	x3,300(x30)	 x30:0x8003fed4  x3:0x00000001 PA:0xxxxxxxxx
     484145.000 ns	     48413	80009edc	ff9ff06f	jal	x0,80009ed8	
     484195.000 ns	     48418	80009ed4	00036f17	auipc	x30,0x36	 x30=0x8003fed4
     484205.000 ns	     48419	80009ed8	123f2623	sw	x3,300(x30)	 x30:0x8003fed4  x3:0x00000001 PA:0xxxxxxxxx
     484225.000 ns	     48421	80009edc	ff9ff06f	jal	x0,80009ed8	
     484275.000 ns	     48426	80009ed4	00036f17	auipc	x30,0x36	 x30=0x8003fed4
     484285.000 ns	     48427	80009ed8	123f2623	sw	x3,300(x30)	 x30:0x8003fed4  x3:0x00000001 PA:0xxxxxxxxx
     484305.000 ns	     48429	80009edc	ff9ff06f	jal	x0,80009ed8	
     484355.000 ns	     48434	80009ed4	00036f17	auipc	x30,0x36	 x30=0x8003fed4
     484365.000 ns	     48435	80009ed8	123f2623	sw	x3,300(x30)	 x30:0x8003fed4  x3:0x00000001 PA:0xxxxxxxxx
     484385.000 ns	     48437	80009edc	ff9ff06f	jal	x0,80009ed8	
     484435.000 ns	     48442	80009ed4	00036f17	auipc	x30,0x36	 x30=0x8003fed4
     484445.000 ns	     48443	80009ed8	123f2623	sw	x3,300(x30)	 x30:0x8003fed4  x3:0x00000001 PA:0xxxxxxxxx
     484465.000 ns	     48445	80009edc	ff9ff06f	jal	x0,80009ed8	
     484515.000 ns	     48450	80009ed4	00036f17	auipc	x30,0x36	 x30=0x8003fed4
     484525.000 ns	     48451	80009ed8	123f2623	sw	x3,300(x30)	 x30:0x8003fed4  x3:0x00000001 PA:0xxxxxxxxx
     484545.000 ns	     48453	80009edc	ff9ff06f	jal	x0,80009ed8	
     484595.000 ns	     48458	80009ed4	00036f17	auipc	x30,0x36	 x30=0x8003fed4
     484605.000 ns	     48459	80009ed8	123f2623	sw	x3,300(x30)	 x30:0x8003fed4  x3:0x00000001 PA:0xxxxxxxxx
     484625.000 ns	     48461	80009edc	ff9ff06f	jal	x0,80009ed8	
     484675.000 ns	     48466	80009ed4	00036f17	auipc	x30,0x36	 x30=0x8003fed4
     484685.000 ns	     48467	80009ed8	123f2623	sw	x3,300(x30)	 x30:0x8003fed4  x3:0x00000001 PA:0xxxxxxxxx
     484705.000 ns	     48469	80009edc	ff9ff06f	jal	x0,80009ed8	
     484755.000 ns	     48474	80009ed4	00036f17	auipc	x30,0x36	 x30=0x8003fed4
     484765.000 ns	     48475	80009ed8	123f2623	sw	x3,300(x30)	 x30:0x8003fed4  x3:0x00000001 PA:0xxxxxxxxx
     484785.000 ns	     48477	80009edc	ff9ff06f	jal	x0,80009ed8	
     484835.000 ns	     48482	80009ed4	00036f17	auipc	x30,0x36	 x30=0x8003fed4
     484845.000 ns	     48483	80009ed8	123f2623	sw	x3,300(x30)	 x30:0x8003fed4  x3:0x00000001 PA:0xxxxxxxxx
     484865.000 ns	     48485	80009edc	ff9ff06f	jal	x0,80009ed8	
     484915.000 ns	     48490	80009ed4	00036f17	auipc	x30,0x36	 x30=0x8003fed4
     484925.000 ns	     48491	80009ed8	123f2623	sw	x3,300(x30)	 x30:0x8003fed4  x3:0x00000001 PA:0xxxxxxxxx
     484945.000 ns	     48493	80009edc	ff9ff06f	jal	x0,80009ed8	
     484995.000 ns	     48498	80009ed4	00036f17	auipc	x30,0x36	 x30=0x8003fed4
     485005.000 ns	     48499	80009ed8	123f2623	sw	x3,300(x30)	 x30:0x8003fed4  x3:0x00000001 PA:0xxxxxxxxx
     485025.000 ns	     48501	80009edc	ff9ff06f	jal	x0,80009ed8	
     485075.000 ns	     48506	80009ed4	00036f17	auipc	x30,0x36	 x30=0x8003fed4
     485085.000 ns	     48507	80009ed8	123f2623	sw	x3,300(x30)	 x30:0x8003fed4  x3:0x00000001 PA:0xxxxxxxxx
     485105.000 ns	     48509	80009edc	ff9ff06f	jal	x0,80009ed8	
     485155.000 ns	     48514	80009ed4	00036f17	auipc	x30,0x36	 x30=0x8003fed4
     485165.000 ns	     48515	80009ed8	123f2623	sw	x3,300(x30)	 x30:0x8003fed4  x3:0x00000001 PA:0xxxxxxxxx
     485185.000 ns	     48517	80009edc	ff9ff06f	jal	x0,80009ed8	
     485235.000 ns	     48522	80009ed4	00036f17	auipc	x30,0x36	 x30=0x8003fed4
     485245.000 ns	     48523	80009ed8	123f2623	sw	x3,300(x30)	 x30:0x8003fed4  x3:0x00000001 PA:0xxxxxxxxx
     485265.000 ns	     48525	80009edc	ff9ff06f	jal	x0,80009ed8	
     485315.000 ns	     48530	80009ed4	00036f17	auipc	x30,0x36	 x30=0x8003fed4
     485325.000 ns	     48531	80009ed8	123f2623	sw	x3,300(x30)	 x30:0x8003fed4  x3:0x00000001 PA:0xxxxxxxxx
     485345.000 ns	     48533	80009edc	ff9ff06f	jal	x0,80009ed8	
     485395.000 ns	     48538	80009ed4	00036f17	auipc	x30,0x36	 x30=0x8003fed4
     485405.000 ns	     48539	80009ed8	123f2623	sw	x3,300(x30)	 x30:0x8003fed4  x3:0x00000001 PA:0xxxxxxxxx
     485425.000 ns	     48541	80009edc	ff9ff06f	jal	x0,80009ed8	
     485475.000 ns	     48546	80009ed4	00036f17	auipc	x30,0x36	 x30=0x8003fed4
     485485.000 ns	     48547	80009ed8	123f2623	sw	x3,300(x30)	 x30:0x8003fed4  x3:0x00000001 PA:0xxxxxxxxx
     485505.000 ns	     48549	80009edc	ff9ff06f	jal	x0,80009ed8	
     485555.000 ns	     48554	80009ed4	00036f17	auipc	x30,0x36	 x30=0x8003fed4
     485565.000 ns	     48555	80009ed8	123f2623	sw	x3,300(x30)	 x30:0x8003fed4  x3:0x00000001 PA:0xxxxxxxxx
     485585.000 ns	     48557	80009edc	ff9ff06f	jal	x0,80009ed8	
     485635.000 ns	     48562	80009ed4	00036f17	auipc	x30,0x36	 x30=0x8003fed4
     485645.000 ns	     48563	80009ed8	123f2623	sw	x3,300(x30)	 x30:0x8003fed4  x3:0x00000001 PA:0xxxxxxxxx
     485665.000 ns	     48565	80009edc	ff9ff06f	jal	x0,80009ed8	
     485715.000 ns	     48570	80009ed4	00036f17	auipc	x30,0x36	 x30=0x8003fed4
     485725.000 ns	     48571	80009ed8	123f2623	sw	x3,300(x30)	 x30:0x8003fed4  x3:0x00000001 PA:0xxxxxxxxx
     485745.000 ns	     48573	80009edc	ff9ff06f	jal	x0,80009ed8	
     485795.000 ns	     48578	80009ed4	00036f17	auipc	x30,0x36	 x30=0x8003fed4
     485805.000 ns	     48579	80009ed8	123f2623	sw	x3,300(x30)	 x30:0x8003fed4  x3:0x00000001 PA:0xxxxxxxxx
     485825.000 ns	     48581	80009edc	ff9ff06f	jal	x0,80009ed8	
     485875.000 ns	     48586	80009ed4	00036f17	auipc	x30,0x36	 x30=0x8003fed4
     485885.000 ns	     48587	80009ed8	123f2623	sw	x3,300(x30)	 x30:0x8003fed4  x3:0x00000001 PA:0xxxxxxxxx
     485905.000 ns	     48589	80009edc	ff9ff06f	jal	x0,80009ed8	
     485955.000 ns	     48594	80009ed4	00036f17	auipc	x30,0x36	 x30=0x8003fed4
     485965.000 ns	     48595	80009ed8	123f2623	sw	x3,300(x30)	 x30:0x8003fed4  x3:0x00000001 PA:0xxxxxxxxx
     485985.000 ns	     48597	80009edc	ff9ff06f	jal	x0,80009ed8	
     486035.000 ns	     48602	80009ed4	00036f17	auipc	x30,0x36	 x30=0x8003fed4
     486045.000 ns	     48603	80009ed8	123f2623	sw	x3,300(x30)	 x30:0x8003fed4  x3:0x00000001 PA:0xxxxxxxxx
     486065.000 ns	     48605	80009edc	ff9ff06f	jal	x0,80009ed8	
     486115.000 ns	     48610	80009ed4	00036f17	auipc	x30,0x36	 x30=0x8003fed4
     486125.000 ns	     48611	80009ed8	123f2623	sw	x3,300(x30)	 x30:0x8003fed4  x3:0x00000001 PA:0xxxxxxxxx
     486145.000 ns	     48613	80009edc	ff9ff06f	jal	x0,80009ed8	
     486195.000 ns	     48618	80009ed4	00036f17	auipc	x30,0x36	 x30=0x8003fed4
     486205.000 ns	     48619	80009ed8	123f2623	sw	x3,300(x30)	 x30:0x8003fed4  x3:0x00000001 PA:0xxxxxxxxx
     486225.000 ns	     48621	80009edc	ff9ff06f	jal	x0,80009ed8	
     486275.000 ns	     48626	80009ed4	00036f17	auipc	x30,0x36	 x30=0x8003fed4
     486285.000 ns	     48627	80009ed8	123f2623	sw	x3,300(x30)	 x30:0x8003fed4  x3:0x00000001 PA:0xxxxxxxxx
     486305.000 ns	     48629	80009edc	ff9ff06f	jal	x0,80009ed8	
     486355.000 ns	     48634	80009ed4	00036f17	auipc	x30,0x36	 x30=0x8003fed4
     486365.000 ns	     48635	80009ed8	123f2623	sw	x3,300(x30)	 x30:0x8003fed4  x3:0x00000001 PA:0xxxxxxxxx
     486385.000 ns	     48637	80009edc	ff9ff06f	jal	x0,80009ed8	
     486435.000 ns	     48642	80009ed4	00036f17	auipc	x30,0x36	 x30=0x8003fed4
     486445.000 ns	     48643	80009ed8	123f2623	sw	x3,300(x30)	 x30:0x8003fed4  x3:0x00000001 PA:0xxxxxxxxx
     486465.000 ns	     48645	80009edc	ff9ff06f	jal	x0,80009ed8	
     486515.000 ns	     48650	80009ed4	00036f17	auipc	x30,0x36	 x30=0x8003fed4
     486525.000 ns	     48651	80009ed8	123f2623	sw	x3,300(x30)	 x30:0x8003fed4  x3:0x00000001 PA:0xxxxxxxxx
     486545.000 ns	     48653	80009edc	ff9ff06f	jal	x0,80009ed8	
     486595.000 ns	     48658	80009ed4	00036f17	auipc	x30,0x36	 x30=0x8003fed4
     486605.000 ns	     48659	80009ed8	123f2623	sw	x3,300(x30)	 x30:0x8003fed4  x3:0x00000001 PA:0xxxxxxxxx
     486625.000 ns	     48661	80009edc	ff9ff06f	jal	x0,80009ed8	
     486675.000 ns	     48666	80009ed4	00036f17	auipc	x30,0x36	 x30=0x8003fed4
     486685.000 ns	     48667	80009ed8	123f2623	sw	x3,300(x30)	 x30:0x8003fed4  x3:0x00000001 PA:0xxxxxxxxx
     486705.000 ns	     48669	80009edc	ff9ff06f	jal	x0,80009ed8	
     486755.000 ns	     48674	80009ed4	00036f17	auipc	x30,0x36	 x30=0x8003fed4
     486765.000 ns	     48675	80009ed8	123f2623	sw	x3,300(x30)	 x30:0x8003fed4  x3:0x00000001 PA:0xxxxxxxxx
     486785.000 ns	     48677	80009edc	ff9ff06f	jal	x0,80009ed8	
     486835.000 ns	     48682	80009ed4	00036f17	auipc	x30,0x36	 x30=0x8003fed4
     486845.000 ns	     48683	80009ed8	123f2623	sw	x3,300(x30)	 x30:0x8003fed4  x3:0x00000001 PA:0xxxxxxxxx
     486865.000 ns	     48685	80009edc	ff9ff06f	jal	x0,80009ed8	
     486915.000 ns	     48690	80009ed4	00036f17	auipc	x30,0x36	 x30=0x8003fed4
     486925.000 ns	     48691	80009ed8	123f2623	sw	x3,300(x30)	 x30:0x8003fed4  x3:0x00000001 PA:0xxxxxxxxx
     486945.000 ns	     48693	80009edc	ff9ff06f	jal	x0,80009ed8	
     486995.000 ns	     48698	80009ed4	00036f17	auipc	x30,0x36	 x30=0x8003fed4
     487005.000 ns	     48699	80009ed8	123f2623	sw	x3,300(x30)	 x30:0x8003fed4  x3:0x00000001 PA:0xxxxxxxxx
     487025.000 ns	     48701	80009edc	ff9ff06f	jal	x0,80009ed8	
     487075.000 ns	     48706	80009ed4	00036f17	auipc	x30,0x36	 x30=0x8003fed4
     487085.000 ns	     48707	80009ed8	123f2623	sw	x3,300(x30)	 x30:0x8003fed4  x3:0x00000001 PA:0xxxxxxxxx
     487105.000 ns	     48709	80009edc	ff9ff06f	jal	x0,80009ed8	
     487155.000 ns	     48714	80009ed4	00036f17	auipc	x30,0x36	 x30=0x8003fed4
     487165.000 ns	     48715	80009ed8	123f2623	sw	x3,300(x30)	 x30:0x8003fed4  x3:0x00000001 PA:0xxxxxxxxx
     487185.000 ns	     48717	80009edc	ff9ff06f	jal	x0,80009ed8	
     487235.000 ns	     48722	80009ed4	00036f17	auipc	x30,0x36	 x30=0x8003fed4
     487245.000 ns	     48723	80009ed8	123f2623	sw	x3,300(x30)	 x30:0x8003fed4  x3:0x00000001 PA:0xxxxxxxxx
     487265.000 ns	     48725	80009edc	ff9ff06f	jal	x0,80009ed8	
     487315.000 ns	     48730	80009ed4	00036f17	auipc	x30,0x36	 x30=0x8003fed4
     487325.000 ns	     48731	80009ed8	123f2623	sw	x3,300(x30)	 x30:0x8003fed4  x3:0x00000001 PA:0xxxxxxxxx
     487345.000 ns	     48733	80009edc	ff9ff06f	jal	x0,80009ed8	
     487395.000 ns	     48738	80009ed4	00036f17	auipc	x30,0x36	 x30=0x8003fed4
     487405.000 ns	     48739	80009ed8	123f2623	sw	x3,300(x30)	 x30:0x8003fed4  x3:0x00000001 PA:0xxxxxxxxx
     487425.000 ns	     48741	80009edc	ff9ff06f	jal	x0,80009ed8	
     487475.000 ns	     48746	80009ed4	00036f17	auipc	x30,0x36	 x30=0x8003fed4
     487485.000 ns	     48747	80009ed8	123f2623	sw	x3,300(x30)	 x30:0x8003fed4  x3:0x00000001 PA:0xxxxxxxxx
     487505.000 ns	     48749	80009edc	ff9ff06f	jal	x0,80009ed8	
     487555.000 ns	     48754	80009ed4	00036f17	auipc	x30,0x36	 x30=0x8003fed4
     487565.000 ns	     48755	80009ed8	123f2623	sw	x3,300(x30)	 x30:0x8003fed4  x3:0x00000001 PA:0xxxxxxxxx
     487585.000 ns	     48757	80009edc	ff9ff06f	jal	x0,80009ed8	
     487635.000 ns	     48762	80009ed4	00036f17	auipc	x30,0x36	 x30=0x8003fed4
     487645.000 ns	     48763	80009ed8	123f2623	sw	x3,300(x30)	 x30:0x8003fed4  x3:0x00000001 PA:0xxxxxxxxx
     487665.000 ns	     48765	80009edc	ff9ff06f	jal	x0,80009ed8	
     487715.000 ns	     48770	80009ed4	00036f17	auipc	x30,0x36	 x30=0x8003fed4
     487725.000 ns	     48771	80009ed8	123f2623	sw	x3,300(x30)	 x30:0x8003fed4  x3:0x00000001 PA:0xxxxxxxxx
     487745.000 ns	     48773	80009edc	ff9ff06f	jal	x0,80009ed8	
     487795.000 ns	     48778	80009ed4	00036f17	auipc	x30,0x36	 x30=0x8003fed4
     487805.000 ns	     48779	80009ed8	123f2623	sw	x3,300(x30)	 x30:0x8003fed4  x3:0x00000001 PA:0xxxxxxxxx
     487825.000 ns	     48781	80009edc	ff9ff06f	jal	x0,80009ed8	
     487875.000 ns	     48786	80009ed4	00036f17	auipc	x30,0x36	 x30=0x8003fed4
     487885.000 ns	     48787	80009ed8	123f2623	sw	x3,300(x30)	 x30:0x8003fed4  x3:0x00000001 PA:0xxxxxxxxx
     487905.000 ns	     48789	80009edc	ff9ff06f	jal	x0,80009ed8	
     487955.000 ns	     48794	80009ed4	00036f17	auipc	x30,0x36	 x30=0x8003fed4
     487965.000 ns	     48795	80009ed8	123f2623	sw	x3,300(x30)	 x30:0x8003fed4  x3:0x00000001 PA:0xxxxxxxxx
     487985.000 ns	     48797	80009edc	ff9ff06f	jal	x0,80009ed8	
     488035.000 ns	     48802	80009ed4	00036f17	auipc	x30,0x36	 x30=0x8003fed4
     488045.000 ns	     48803	80009ed8	123f2623	sw	x3,300(x30)	 x30:0x8003fed4  x3:0x00000001 PA:0xxxxxxxxx
     488065.000 ns	     48805	80009edc	ff9ff06f	jal	x0,80009ed8	
     488115.000 ns	     48810	80009ed4	00036f17	auipc	x30,0x36	 x30=0x8003fed4
     488125.000 ns	     48811	80009ed8	123f2623	sw	x3,300(x30)	 x30:0x8003fed4  x3:0x00000001 PA:0xxxxxxxxx
     488145.000 ns	     48813	80009edc	ff9ff06f	jal	x0,80009ed8	
     488195.000 ns	     48818	80009ed4	00036f17	auipc	x30,0x36	 x30=0x8003fed4
     488205.000 ns	     48819	80009ed8	123f2623	sw	x3,300(x30)	 x30:0x8003fed4  x3:0x00000001 PA:0xxxxxxxxx
     488225.000 ns	     48821	80009edc	ff9ff06f	jal	x0,80009ed8	
     488275.000 ns	     48826	80009ed4	00036f17	auipc	x30,0x36	 x30=0x8003fed4
     488285.000 ns	     48827	80009ed8	123f2623	sw	x3,300(x30)	 x30:0x8003fed4  x3:0x00000001 PA:0xxxxxxxxx
     488305.000 ns	     48829	80009edc	ff9ff06f	jal	x0,80009ed8	
     488355.000 ns	     48834	80009ed4	00036f17	auipc	x30,0x36	 x30=0x8003fed4
     488365.000 ns	     48835	80009ed8	123f2623	sw	x3,300(x30)	 x30:0x8003fed4  x3:0x00000001 PA:0xxxxxxxxx
     488385.000 ns	     48837	80009edc	ff9ff06f	jal	x0,80009ed8	
     488435.000 ns	     48842	80009ed4	00036f17	auipc	x30,0x36	 x30=0x8003fed4
     488445.000 ns	     48843	80009ed8	123f2623	sw	x3,300(x30)	 x30:0x8003fed4  x3:0x00000001 PA:0xxxxxxxxx
     488465.000 ns	     48845	80009edc	ff9ff06f	jal	x0,80009ed8	
     488515.000 ns	     48850	80009ed4	00036f17	auipc	x30,0x36	 x30=0x8003fed4
     488525.000 ns	     48851	80009ed8	123f2623	sw	x3,300(x30)	 x30:0x8003fed4  x3:0x00000001 PA:0xxxxxxxxx
     488545.000 ns	     48853	80009edc	ff9ff06f	jal	x0,80009ed8	
     488595.000 ns	     48858	80009ed4	00036f17	auipc	x30,0x36	 x30=0x8003fed4
     488605.000 ns	     48859	80009ed8	123f2623	sw	x3,300(x30)	 x30:0x8003fed4  x3:0x00000001 PA:0xxxxxxxxx
     488625.000 ns	     48861	80009edc	ff9ff06f	jal	x0,80009ed8	
     488675.000 ns	     48866	80009ed4	00036f17	auipc	x30,0x36	 x30=0x8003fed4
     488685.000 ns	     48867	80009ed8	123f2623	sw	x3,300(x30)	 x30:0x8003fed4  x3:0x00000001 PA:0xxxxxxxxx
     488705.000 ns	     48869	80009edc	ff9ff06f	jal	x0,80009ed8	
     488755.000 ns	     48874	80009ed4	00036f17	auipc	x30,0x36	 x30=0x8003fed4
     488765.000 ns	     48875	80009ed8	123f2623	sw	x3,300(x30)	 x30:0x8003fed4  x3:0x00000001 PA:0xxxxxxxxx
     488785.000 ns	     48877	80009edc	ff9ff06f	jal	x0,80009ed8	
     488835.000 ns	     48882	80009ed4	00036f17	auipc	x30,0x36	 x30=0x8003fed4
     488845.000 ns	     48883	80009ed8	123f2623	sw	x3,300(x30)	 x30:0x8003fed4  x3:0x00000001 PA:0xxxxxxxxx
     488865.000 ns	     48885	80009edc	ff9ff06f	jal	x0,80009ed8	
     488915.000 ns	     48890	80009ed4	00036f17	auipc	x30,0x36	 x30=0x8003fed4
     488925.000 ns	     48891	80009ed8	123f2623	sw	x3,300(x30)	 x30:0x8003fed4  x3:0x00000001 PA:0xxxxxxxxx
     488945.000 ns	     48893	80009edc	ff9ff06f	jal	x0,80009ed8	
     488995.000 ns	     48898	80009ed4	00036f17	auipc	x30,0x36	 x30=0x8003fed4
     489005.000 ns	     48899	80009ed8	123f2623	sw	x3,300(x30)	 x30:0x8003fed4  x3:0x00000001 PA:0xxxxxxxxx
     489025.000 ns	     48901	80009edc	ff9ff06f	jal	x0,80009ed8	
     489075.000 ns	     48906	80009ed4	00036f17	auipc	x30,0x36	 x30=0x8003fed4
     489085.000 ns	     48907	80009ed8	123f2623	sw	x3,300(x30)	 x30:0x8003fed4  x3:0x00000001 PA:0xxxxxxxxx
     489105.000 ns	     48909	80009edc	ff9ff06f	jal	x0,80009ed8	
     489155.000 ns	     48914	80009ed4	00036f17	auipc	x30,0x36	 x30=0x8003fed4
     489165.000 ns	     48915	80009ed8	123f2623	sw	x3,300(x30)	 x30:0x8003fed4  x3:0x00000001 PA:0xxxxxxxxx
     489185.000 ns	     48917	80009edc	ff9ff06f	jal	x0,80009ed8	
     489235.000 ns	     48922	80009ed4	00036f17	auipc	x30,0x36	 x30=0x8003fed4
     489245.000 ns	     48923	80009ed8	123f2623	sw	x3,300(x30)	 x30:0x8003fed4  x3:0x00000001 PA:0xxxxxxxxx
     489265.000 ns	     48925	80009edc	ff9ff06f	jal	x0,80009ed8	
     489315.000 ns	     48930	80009ed4	00036f17	auipc	x30,0x36	 x30=0x8003fed4
     489325.000 ns	     48931	80009ed8	123f2623	sw	x3,300(x30)	 x30:0x8003fed4  x3:0x00000001 PA:0xxxxxxxxx
     489345.000 ns	     48933	80009edc	ff9ff06f	jal	x0,80009ed8	
     489395.000 ns	     48938	80009ed4	00036f17	auipc	x30,0x36	 x30=0x8003fed4
     489405.000 ns	     48939	80009ed8	123f2623	sw	x3,300(x30)	 x30:0x8003fed4  x3:0x00000001 PA:0xxxxxxxxx
     489425.000 ns	     48941	80009edc	ff9ff06f	jal	x0,80009ed8	
     489475.000 ns	     48946	80009ed4	00036f17	auipc	x30,0x36	 x30=0x8003fed4
     489485.000 ns	     48947	80009ed8	123f2623	sw	x3,300(x30)	 x30:0x8003fed4  x3:0x00000001 PA:0xxxxxxxxx
     489505.000 ns	     48949	80009edc	ff9ff06f	jal	x0,80009ed8	
     489555.000 ns	     48954	80009ed4	00036f17	auipc	x30,0x36	 x30=0x8003fed4
     489565.000 ns	     48955	80009ed8	123f2623	sw	x3,300(x30)	 x30:0x8003fed4  x3:0x00000001 PA:0xxxxxxxxx
     489585.000 ns	     48957	80009edc	ff9ff06f	jal	x0,80009ed8	
     489635.000 ns	     48962	80009ed4	00036f17	auipc	x30,0x36	 x30=0x8003fed4
     489645.000 ns	     48963	80009ed8	123f2623	sw	x3,300(x30)	 x30:0x8003fed4  x3:0x00000001 PA:0xxxxxxxxx
     489665.000 ns	     48965	80009edc	ff9ff06f	jal	x0,80009ed8	
     489715.000 ns	     48970	80009ed4	00036f17	auipc	x30,0x36	 x30=0x8003fed4
     489725.000 ns	     48971	80009ed8	123f2623	sw	x3,300(x30)	 x30:0x8003fed4  x3:0x00000001 PA:0xxxxxxxxx
     489745.000 ns	     48973	80009edc	ff9ff06f	jal	x0,80009ed8	
     489795.000 ns	     48978	80009ed4	00036f17	auipc	x30,0x36	 x30=0x8003fed4
     489805.000 ns	     48979	80009ed8	123f2623	sw	x3,300(x30)	 x30:0x8003fed4  x3:0x00000001 PA:0xxxxxxxxx
     489825.000 ns	     48981	80009edc	ff9ff06f	jal	x0,80009ed8	
     489875.000 ns	     48986	80009ed4	00036f17	auipc	x30,0x36	 x30=0x8003fed4
     489885.000 ns	     48987	80009ed8	123f2623	sw	x3,300(x30)	 x30:0x8003fed4  x3:0x00000001 PA:0xxxxxxxxx
     489905.000 ns	     48989	80009edc	ff9ff06f	jal	x0,80009ed8	
     489955.000 ns	     48994	80009ed4	00036f17	auipc	x30,0x36	 x30=0x8003fed4
     489965.000 ns	     48995	80009ed8	123f2623	sw	x3,300(x30)	 x30:0x8003fed4  x3:0x00000001 PA:0xxxxxxxxx
     489985.000 ns	     48997	80009edc	ff9ff06f	jal	x0,80009ed8	
     490035.000 ns	     49002	80009ed4	00036f17	auipc	x30,0x36	 x30=0x8003fed4
     490045.000 ns	     49003	80009ed8	123f2623	sw	x3,300(x30)	 x30:0x8003fed4  x3:0x00000001 PA:0xxxxxxxxx
     490065.000 ns	     49005	80009edc	ff9ff06f	jal	x0,80009ed8	
     490115.000 ns	     49010	80009ed4	00036f17	auipc	x30,0x36	 x30=0x8003fed4
     490125.000 ns	     49011	80009ed8	123f2623	sw	x3,300(x30)	 x30:0x8003fed4  x3:0x00000001 PA:0xxxxxxxxx
     490145.000 ns	     49013	80009edc	ff9ff06f	jal	x0,80009ed8	
     490195.000 ns	     49018	80009ed4	00036f17	auipc	x30,0x36	 x30=0x8003fed4
     490205.000 ns	     49019	80009ed8	123f2623	sw	x3,300(x30)	 x30:0x8003fed4  x3:0x00000001 PA:0xxxxxxxxx
     490225.000 ns	     49021	80009edc	ff9ff06f	jal	x0,80009ed8	
     490275.000 ns	     49026	80009ed4	00036f17	auipc	x30,0x36	 x30=0x8003fed4
     490285.000 ns	     49027	80009ed8	123f2623	sw	x3,300(x30)	 x30:0x8003fed4  x3:0x00000001 PA:0xxxxxxxxx
     490305.000 ns	     49029	80009edc	ff9ff06f	jal	x0,80009ed8	
     490355.000 ns	     49034	80009ed4	00036f17	auipc	x30,0x36	 x30=0x8003fed4
     490365.000 ns	     49035	80009ed8	123f2623	sw	x3,300(x30)	 x30:0x8003fed4  x3:0x00000001 PA:0xxxxxxxxx
     490385.000 ns	     49037	80009edc	ff9ff06f	jal	x0,80009ed8	
     490435.000 ns	     49042	80009ed4	00036f17	auipc	x30,0x36	 x30=0x8003fed4
     490445.000 ns	     49043	80009ed8	123f2623	sw	x3,300(x30)	 x30:0x8003fed4  x3:0x00000001 PA:0xxxxxxxxx
     490465.000 ns	     49045	80009edc	ff9ff06f	jal	x0,80009ed8	
     490515.000 ns	     49050	80009ed4	00036f17	auipc	x30,0x36	 x30=0x8003fed4
     490525.000 ns	     49051	80009ed8	123f2623	sw	x3,300(x30)	 x30:0x8003fed4  x3:0x00000001 PA:0xxxxxxxxx
     490545.000 ns	     49053	80009edc	ff9ff06f	jal	x0,80009ed8	
     490595.000 ns	     49058	80009ed4	00036f17	auipc	x30,0x36	 x30=0x8003fed4
     490605.000 ns	     49059	80009ed8	123f2623	sw	x3,300(x30)	 x30:0x8003fed4  x3:0x00000001 PA:0xxxxxxxxx
     490625.000 ns	     49061	80009edc	ff9ff06f	jal	x0,80009ed8	
     490675.000 ns	     49066	80009ed4	00036f17	auipc	x30,0x36	 x30=0x8003fed4
     490685.000 ns	     49067	80009ed8	123f2623	sw	x3,300(x30)	 x30:0x8003fed4  x3:0x00000001 PA:0xxxxxxxxx
     490705.000 ns	     49069	80009edc	ff9ff06f	jal	x0,80009ed8	
     490755.000 ns	     49074	80009ed4	00036f17	auipc	x30,0x36	 x30=0x8003fed4
     490765.000 ns	     49075	80009ed8	123f2623	sw	x3,300(x30)	 x30:0x8003fed4  x3:0x00000001 PA:0xxxxxxxxx
     490785.000 ns	     49077	80009edc	ff9ff06f	jal	x0,80009ed8	
     490835.000 ns	     49082	80009ed4	00036f17	auipc	x30,0x36	 x30=0x8003fed4
     490845.000 ns	     49083	80009ed8	123f2623	sw	x3,300(x30)	 x30:0x8003fed4  x3:0x00000001 PA:0xxxxxxxxx
     490865.000 ns	     49085	80009edc	ff9ff06f	jal	x0,80009ed8	
     490915.000 ns	     49090	80009ed4	00036f17	auipc	x30,0x36	 x30=0x8003fed4
     490925.000 ns	     49091	80009ed8	123f2623	sw	x3,300(x30)	 x30:0x8003fed4  x3:0x00000001 PA:0xxxxxxxxx
     490945.000 ns	     49093	80009edc	ff9ff06f	jal	x0,80009ed8	
     490995.000 ns	     49098	80009ed4	00036f17	auipc	x30,0x36	 x30=0x8003fed4
     491005.000 ns	     49099	80009ed8	123f2623	sw	x3,300(x30)	 x30:0x8003fed4  x3:0x00000001 PA:0xxxxxxxxx
     491025.000 ns	     49101	80009edc	ff9ff06f	jal	x0,80009ed8	
     491075.000 ns	     49106	80009ed4	00036f17	auipc	x30,0x36	 x30=0x8003fed4
     491085.000 ns	     49107	80009ed8	123f2623	sw	x3,300(x30)	 x30:0x8003fed4  x3:0x00000001 PA:0xxxxxxxxx
     491105.000 ns	     49109	80009edc	ff9ff06f	jal	x0,80009ed8	
     491155.000 ns	     49114	80009ed4	00036f17	auipc	x30,0x36	 x30=0x8003fed4
     491165.000 ns	     49115	80009ed8	123f2623	sw	x3,300(x30)	 x30:0x8003fed4  x3:0x00000001 PA:0xxxxxxxxx
     491185.000 ns	     49117	80009edc	ff9ff06f	jal	x0,80009ed8	
     491235.000 ns	     49122	80009ed4	00036f17	auipc	x30,0x36	 x30=0x8003fed4
     491245.000 ns	     49123	80009ed8	123f2623	sw	x3,300(x30)	 x30:0x8003fed4  x3:0x00000001 PA:0xxxxxxxxx
     491265.000 ns	     49125	80009edc	ff9ff06f	jal	x0,80009ed8	
     491315.000 ns	     49130	80009ed4	00036f17	auipc	x30,0x36	 x30=0x8003fed4
     491325.000 ns	     49131	80009ed8	123f2623	sw	x3,300(x30)	 x30:0x8003fed4  x3:0x00000001 PA:0xxxxxxxxx
     491345.000 ns	     49133	80009edc	ff9ff06f	jal	x0,80009ed8	
     491395.000 ns	     49138	80009ed4	00036f17	auipc	x30,0x36	 x30=0x8003fed4
     491405.000 ns	     49139	80009ed8	123f2623	sw	x3,300(x30)	 x30:0x8003fed4  x3:0x00000001 PA:0xxxxxxxxx
     491425.000 ns	     49141	80009edc	ff9ff06f	jal	x0,80009ed8	
     491475.000 ns	     49146	80009ed4	00036f17	auipc	x30,0x36	 x30=0x8003fed4
     491485.000 ns	     49147	80009ed8	123f2623	sw	x3,300(x30)	 x30:0x8003fed4  x3:0x00000001 PA:0xxxxxxxxx
     491505.000 ns	     49149	80009edc	ff9ff06f	jal	x0,80009ed8	
     491555.000 ns	     49154	80009ed4	00036f17	auipc	x30,0x36	 x30=0x8003fed4
     491565.000 ns	     49155	80009ed8	123f2623	sw	x3,300(x30)	 x30:0x8003fed4  x3:0x00000001 PA:0xxxxxxxxx
     491585.000 ns	     49157	80009edc	ff9ff06f	jal	x0,80009ed8	
     491635.000 ns	     49162	80009ed4	00036f17	auipc	x30,0x36	 x30=0x8003fed4
     491645.000 ns	     49163	80009ed8	123f2623	sw	x3,300(x30)	 x30:0x8003fed4  x3:0x00000001 PA:0xxxxxxxxx
     491665.000 ns	     49165	80009edc	ff9ff06f	jal	x0,80009ed8	
     491715.000 ns	     49170	80009ed4	00036f17	auipc	x30,0x36	 x30=0x8003fed4
     491725.000 ns	     49171	80009ed8	123f2623	sw	x3,300(x30)	 x30:0x8003fed4  x3:0x00000001 PA:0xxxxxxxxx
     491745.000 ns	     49173	80009edc	ff9ff06f	jal	x0,80009ed8	
     491795.000 ns	     49178	80009ed4	00036f17	auipc	x30,0x36	 x30=0x8003fed4
     491805.000 ns	     49179	80009ed8	123f2623	sw	x3,300(x30)	 x30:0x8003fed4  x3:0x00000001 PA:0xxxxxxxxx
     491825.000 ns	     49181	80009edc	ff9ff06f	jal	x0,80009ed8	
     491875.000 ns	     49186	80009ed4	00036f17	auipc	x30,0x36	 x30=0x8003fed4
     491885.000 ns	     49187	80009ed8	123f2623	sw	x3,300(x30)	 x30:0x8003fed4  x3:0x00000001 PA:0xxxxxxxxx
     491905.000 ns	     49189	80009edc	ff9ff06f	jal	x0,80009ed8	
     491955.000 ns	     49194	80009ed4	00036f17	auipc	x30,0x36	 x30=0x8003fed4
     491965.000 ns	     49195	80009ed8	123f2623	sw	x3,300(x30)	 x30:0x8003fed4  x3:0x00000001 PA:0xxxxxxxxx
     491985.000 ns	     49197	80009edc	ff9ff06f	jal	x0,80009ed8	
     492035.000 ns	     49202	80009ed4	00036f17	auipc	x30,0x36	 x30=0x8003fed4
     492045.000 ns	     49203	80009ed8	123f2623	sw	x3,300(x30)	 x30:0x8003fed4  x3:0x00000001 PA:0xxxxxxxxx
     492065.000 ns	     49205	80009edc	ff9ff06f	jal	x0,80009ed8	
     492115.000 ns	     49210	80009ed4	00036f17	auipc	x30,0x36	 x30=0x8003fed4
     492125.000 ns	     49211	80009ed8	123f2623	sw	x3,300(x30)	 x30:0x8003fed4  x3:0x00000001 PA:0xxxxxxxxx
     492145.000 ns	     49213	80009edc	ff9ff06f	jal	x0,80009ed8	
     492195.000 ns	     49218	80009ed4	00036f17	auipc	x30,0x36	 x30=0x8003fed4
     492205.000 ns	     49219	80009ed8	123f2623	sw	x3,300(x30)	 x30:0x8003fed4  x3:0x00000001 PA:0xxxxxxxxx
     492225.000 ns	     49221	80009edc	ff9ff06f	jal	x0,80009ed8	
     492275.000 ns	     49226	80009ed4	00036f17	auipc	x30,0x36	 x30=0x8003fed4
     492285.000 ns	     49227	80009ed8	123f2623	sw	x3,300(x30)	 x30:0x8003fed4  x3:0x00000001 PA:0xxxxxxxxx
     492305.000 ns	     49229	80009edc	ff9ff06f	jal	x0,80009ed8	
     492355.000 ns	     49234	80009ed4	00036f17	auipc	x30,0x36	 x30=0x8003fed4
     492365.000 ns	     49235	80009ed8	123f2623	sw	x3,300(x30)	 x30:0x8003fed4  x3:0x00000001 PA:0xxxxxxxxx
     492385.000 ns	     49237	80009edc	ff9ff06f	jal	x0,80009ed8	
     492435.000 ns	     49242	80009ed4	00036f17	auipc	x30,0x36	 x30=0x8003fed4
     492445.000 ns	     49243	80009ed8	123f2623	sw	x3,300(x30)	 x30:0x8003fed4  x3:0x00000001 PA:0xxxxxxxxx
     492465.000 ns	     49245	80009edc	ff9ff06f	jal	x0,80009ed8	
     492515.000 ns	     49250	80009ed4	00036f17	auipc	x30,0x36	 x30=0x8003fed4
     492525.000 ns	     49251	80009ed8	123f2623	sw	x3,300(x30)	 x30:0x8003fed4  x3:0x00000001 PA:0xxxxxxxxx
     492545.000 ns	     49253	80009edc	ff9ff06f	jal	x0,80009ed8	
     492595.000 ns	     49258	80009ed4	00036f17	auipc	x30,0x36	 x30=0x8003fed4
     492605.000 ns	     49259	80009ed8	123f2623	sw	x3,300(x30)	 x30:0x8003fed4  x3:0x00000001 PA:0xxxxxxxxx
     492625.000 ns	     49261	80009edc	ff9ff06f	jal	x0,80009ed8	
     492675.000 ns	     49266	80009ed4	00036f17	auipc	x30,0x36	 x30=0x8003fed4
     492685.000 ns	     49267	80009ed8	123f2623	sw	x3,300(x30)	 x30:0x8003fed4  x3:0x00000001 PA:0xxxxxxxxx
     492705.000 ns	     49269	80009edc	ff9ff06f	jal	x0,80009ed8	
     492755.000 ns	     49274	80009ed4	00036f17	auipc	x30,0x36	 x30=0x8003fed4
     492765.000 ns	     49275	80009ed8	123f2623	sw	x3,300(x30)	 x30:0x8003fed4  x3:0x00000001 PA:0xxxxxxxxx
     492785.000 ns	     49277	80009edc	ff9ff06f	jal	x0,80009ed8	
     492835.000 ns	     49282	80009ed4	00036f17	auipc	x30,0x36	 x30=0x8003fed4
     492845.000 ns	     49283	80009ed8	123f2623	sw	x3,300(x30)	 x30:0x8003fed4  x3:0x00000001 PA:0xxxxxxxxx
     492865.000 ns	     49285	80009edc	ff9ff06f	jal	x0,80009ed8	
     492915.000 ns	     49290	80009ed4	00036f17	auipc	x30,0x36	 x30=0x8003fed4
     492925.000 ns	     49291	80009ed8	123f2623	sw	x3,300(x30)	 x30:0x8003fed4  x3:0x00000001 PA:0xxxxxxxxx
     492945.000 ns	     49293	80009edc	ff9ff06f	jal	x0,80009ed8	
     492995.000 ns	     49298	80009ed4	00036f17	auipc	x30,0x36	 x30=0x8003fed4
     493005.000 ns	     49299	80009ed8	123f2623	sw	x3,300(x30)	 x30:0x8003fed4  x3:0x00000001 PA:0xxxxxxxxx
     493025.000 ns	     49301	80009edc	ff9ff06f	jal	x0,80009ed8	
     493075.000 ns	     49306	80009ed4	00036f17	auipc	x30,0x36	 x30=0x8003fed4
     493085.000 ns	     49307	80009ed8	123f2623	sw	x3,300(x30)	 x30:0x8003fed4  x3:0x00000001 PA:0xxxxxxxxx
     493105.000 ns	     49309	80009edc	ff9ff06f	jal	x0,80009ed8	
     493155.000 ns	     49314	80009ed4	00036f17	auipc	x30,0x36	 x30=0x8003fed4
     493165.000 ns	     49315	80009ed8	123f2623	sw	x3,300(x30)	 x30:0x8003fed4  x3:0x00000001 PA:0xxxxxxxxx
     493185.000 ns	     49317	80009edc	ff9ff06f	jal	x0,80009ed8	
     493235.000 ns	     49322	80009ed4	00036f17	auipc	x30,0x36	 x30=0x8003fed4
     493245.000 ns	     49323	80009ed8	123f2623	sw	x3,300(x30)	 x30:0x8003fed4  x3:0x00000001 PA:0xxxxxxxxx
     493265.000 ns	     49325	80009edc	ff9ff06f	jal	x0,80009ed8	
     493315.000 ns	     49330	80009ed4	00036f17	auipc	x30,0x36	 x30=0x8003fed4
     493325.000 ns	     49331	80009ed8	123f2623	sw	x3,300(x30)	 x30:0x8003fed4  x3:0x00000001 PA:0xxxxxxxxx
     493345.000 ns	     49333	80009edc	ff9ff06f	jal	x0,80009ed8	
     493395.000 ns	     49338	80009ed4	00036f17	auipc	x30,0x36	 x30=0x8003fed4
     493405.000 ns	     49339	80009ed8	123f2623	sw	x3,300(x30)	 x30:0x8003fed4  x3:0x00000001 PA:0xxxxxxxxx
     493425.000 ns	     49341	80009edc	ff9ff06f	jal	x0,80009ed8	
     493475.000 ns	     49346	80009ed4	00036f17	auipc	x30,0x36	 x30=0x8003fed4
     493485.000 ns	     49347	80009ed8	123f2623	sw	x3,300(x30)	 x30:0x8003fed4  x3:0x00000001 PA:0xxxxxxxxx
     493505.000 ns	     49349	80009edc	ff9ff06f	jal	x0,80009ed8	
     493555.000 ns	     49354	80009ed4	00036f17	auipc	x30,0x36	 x30=0x8003fed4
     493565.000 ns	     49355	80009ed8	123f2623	sw	x3,300(x30)	 x30:0x8003fed4  x3:0x00000001 PA:0xxxxxxxxx
     493585.000 ns	     49357	80009edc	ff9ff06f	jal	x0,80009ed8	
     493635.000 ns	     49362	80009ed4	00036f17	auipc	x30,0x36	 x30=0x8003fed4
     493645.000 ns	     49363	80009ed8	123f2623	sw	x3,300(x30)	 x30:0x8003fed4  x3:0x00000001 PA:0xxxxxxxxx
     493665.000 ns	     49365	80009edc	ff9ff06f	jal	x0,80009ed8	
     493715.000 ns	     49370	80009ed4	00036f17	auipc	x30,0x36	 x30=0x8003fed4
     493725.000 ns	     49371	80009ed8	123f2623	sw	x3,300(x30)	 x30:0x8003fed4  x3:0x00000001 PA:0xxxxxxxxx
     493745.000 ns	     49373	80009edc	ff9ff06f	jal	x0,80009ed8	
     493795.000 ns	     49378	80009ed4	00036f17	auipc	x30,0x36	 x30=0x8003fed4
     493805.000 ns	     49379	80009ed8	123f2623	sw	x3,300(x30)	 x30:0x8003fed4  x3:0x00000001 PA:0xxxxxxxxx
     493825.000 ns	     49381	80009edc	ff9ff06f	jal	x0,80009ed8	
     493875.000 ns	     49386	80009ed4	00036f17	auipc	x30,0x36	 x30=0x8003fed4
     493885.000 ns	     49387	80009ed8	123f2623	sw	x3,300(x30)	 x30:0x8003fed4  x3:0x00000001 PA:0xxxxxxxxx
     493905.000 ns	     49389	80009edc	ff9ff06f	jal	x0,80009ed8	
     493955.000 ns	     49394	80009ed4	00036f17	auipc	x30,0x36	 x30=0x8003fed4
     493965.000 ns	     49395	80009ed8	123f2623	sw	x3,300(x30)	 x30:0x8003fed4  x3:0x00000001 PA:0xxxxxxxxx
     493985.000 ns	     49397	80009edc	ff9ff06f	jal	x0,80009ed8	
     494035.000 ns	     49402	80009ed4	00036f17	auipc	x30,0x36	 x30=0x8003fed4
     494045.000 ns	     49403	80009ed8	123f2623	sw	x3,300(x30)	 x30:0x8003fed4  x3:0x00000001 PA:0xxxxxxxxx
     494065.000 ns	     49405	80009edc	ff9ff06f	jal	x0,80009ed8	
     494115.000 ns	     49410	80009ed4	00036f17	auipc	x30,0x36	 x30=0x8003fed4
     494125.000 ns	     49411	80009ed8	123f2623	sw	x3,300(x30)	 x30:0x8003fed4  x3:0x00000001 PA:0xxxxxxxxx
     494145.000 ns	     49413	80009edc	ff9ff06f	jal	x0,80009ed8	
     494195.000 ns	     49418	80009ed4	00036f17	auipc	x30,0x36	 x30=0x8003fed4
     494205.000 ns	     49419	80009ed8	123f2623	sw	x3,300(x30)	 x30:0x8003fed4  x3:0x00000001 PA:0xxxxxxxxx
     494225.000 ns	     49421	80009edc	ff9ff06f	jal	x0,80009ed8	
     494275.000 ns	     49426	80009ed4	00036f17	auipc	x30,0x36	 x30=0x8003fed4
     494285.000 ns	     49427	80009ed8	123f2623	sw	x3,300(x30)	 x30:0x8003fed4  x3:0x00000001 PA:0xxxxxxxxx
     494305.000 ns	     49429	80009edc	ff9ff06f	jal	x0,80009ed8	
     494355.000 ns	     49434	80009ed4	00036f17	auipc	x30,0x36	 x30=0x8003fed4
     494365.000 ns	     49435	80009ed8	123f2623	sw	x3,300(x30)	 x30:0x8003fed4  x3:0x00000001 PA:0xxxxxxxxx
     494385.000 ns	     49437	80009edc	ff9ff06f	jal	x0,80009ed8	
     494435.000 ns	     49442	80009ed4	00036f17	auipc	x30,0x36	 x30=0x8003fed4
     494445.000 ns	     49443	80009ed8	123f2623	sw	x3,300(x30)	 x30:0x8003fed4  x3:0x00000001 PA:0xxxxxxxxx
     494465.000 ns	     49445	80009edc	ff9ff06f	jal	x0,80009ed8	
     494515.000 ns	     49450	80009ed4	00036f17	auipc	x30,0x36	 x30=0x8003fed4
     494525.000 ns	     49451	80009ed8	123f2623	sw	x3,300(x30)	 x30:0x8003fed4  x3:0x00000001 PA:0xxxxxxxxx
     494545.000 ns	     49453	80009edc	ff9ff06f	jal	x0,80009ed8	
     494595.000 ns	     49458	80009ed4	00036f17	auipc	x30,0x36	 x30=0x8003fed4
     494605.000 ns	     49459	80009ed8	123f2623	sw	x3,300(x30)	 x30:0x8003fed4  x3:0x00000001 PA:0xxxxxxxxx
     494625.000 ns	     49461	80009edc	ff9ff06f	jal	x0,80009ed8	
     494675.000 ns	     49466	80009ed4	00036f17	auipc	x30,0x36	 x30=0x8003fed4
     494685.000 ns	     49467	80009ed8	123f2623	sw	x3,300(x30)	 x30:0x8003fed4  x3:0x00000001 PA:0xxxxxxxxx
     494705.000 ns	     49469	80009edc	ff9ff06f	jal	x0,80009ed8	
     494755.000 ns	     49474	80009ed4	00036f17	auipc	x30,0x36	 x30=0x8003fed4
     494765.000 ns	     49475	80009ed8	123f2623	sw	x3,300(x30)	 x30:0x8003fed4  x3:0x00000001 PA:0xxxxxxxxx
     494785.000 ns	     49477	80009edc	ff9ff06f	jal	x0,80009ed8	
     494835.000 ns	     49482	80009ed4	00036f17	auipc	x30,0x36	 x30=0x8003fed4
     494845.000 ns	     49483	80009ed8	123f2623	sw	x3,300(x30)	 x30:0x8003fed4  x3:0x00000001 PA:0xxxxxxxxx
     494865.000 ns	     49485	80009edc	ff9ff06f	jal	x0,80009ed8	
     494915.000 ns	     49490	80009ed4	00036f17	auipc	x30,0x36	 x30=0x8003fed4
     494925.000 ns	     49491	80009ed8	123f2623	sw	x3,300(x30)	 x30:0x8003fed4  x3:0x00000001 PA:0xxxxxxxxx
     494945.000 ns	     49493	80009edc	ff9ff06f	jal	x0,80009ed8	
     494995.000 ns	     49498	80009ed4	00036f17	auipc	x30,0x36	 x30=0x8003fed4
     495005.000 ns	     49499	80009ed8	123f2623	sw	x3,300(x30)	 x30:0x8003fed4  x3:0x00000001 PA:0xxxxxxxxx
     495025.000 ns	     49501	80009edc	ff9ff06f	jal	x0,80009ed8	
     495075.000 ns	     49506	80009ed4	00036f17	auipc	x30,0x36	 x30=0x8003fed4
     495085.000 ns	     49507	80009ed8	123f2623	sw	x3,300(x30)	 x30:0x8003fed4  x3:0x00000001 PA:0xxxxxxxxx
     495105.000 ns	     49509	80009edc	ff9ff06f	jal	x0,80009ed8	
     495155.000 ns	     49514	80009ed4	00036f17	auipc	x30,0x36	 x30=0x8003fed4
     495165.000 ns	     49515	80009ed8	123f2623	sw	x3,300(x30)	 x30:0x8003fed4  x3:0x00000001 PA:0xxxxxxxxx
     495185.000 ns	     49517	80009edc	ff9ff06f	jal	x0,80009ed8	
     495235.000 ns	     49522	80009ed4	00036f17	auipc	x30,0x36	 x30=0x8003fed4
     495245.000 ns	     49523	80009ed8	123f2623	sw	x3,300(x30)	 x30:0x8003fed4  x3:0x00000001 PA:0xxxxxxxxx
     495265.000 ns	     49525	80009edc	ff9ff06f	jal	x0,80009ed8	
     495315.000 ns	     49530	80009ed4	00036f17	auipc	x30,0x36	 x30=0x8003fed4
     495325.000 ns	     49531	80009ed8	123f2623	sw	x3,300(x30)	 x30:0x8003fed4  x3:0x00000001 PA:0xxxxxxxxx
     495345.000 ns	     49533	80009edc	ff9ff06f	jal	x0,80009ed8	
     495395.000 ns	     49538	80009ed4	00036f17	auipc	x30,0x36	 x30=0x8003fed4
     495405.000 ns	     49539	80009ed8	123f2623	sw	x3,300(x30)	 x30:0x8003fed4  x3:0x00000001 PA:0xxxxxxxxx
     495425.000 ns	     49541	80009edc	ff9ff06f	jal	x0,80009ed8	
     495475.000 ns	     49546	80009ed4	00036f17	auipc	x30,0x36	 x30=0x8003fed4
     495485.000 ns	     49547	80009ed8	123f2623	sw	x3,300(x30)	 x30:0x8003fed4  x3:0x00000001 PA:0xxxxxxxxx
     495505.000 ns	     49549	80009edc	ff9ff06f	jal	x0,80009ed8	
     495555.000 ns	     49554	80009ed4	00036f17	auipc	x30,0x36	 x30=0x8003fed4
     495565.000 ns	     49555	80009ed8	123f2623	sw	x3,300(x30)	 x30:0x8003fed4  x3:0x00000001 PA:0xxxxxxxxx
     495585.000 ns	     49557	80009edc	ff9ff06f	jal	x0,80009ed8	
     495635.000 ns	     49562	80009ed4	00036f17	auipc	x30,0x36	 x30=0x8003fed4
     495645.000 ns	     49563	80009ed8	123f2623	sw	x3,300(x30)	 x30:0x8003fed4  x3:0x00000001 PA:0xxxxxxxxx
     495665.000 ns	     49565	80009edc	ff9ff06f	jal	x0,80009ed8	
     495715.000 ns	     49570	80009ed4	00036f17	auipc	x30,0x36	 x30=0x8003fed4
     495725.000 ns	     49571	80009ed8	123f2623	sw	x3,300(x30)	 x30:0x8003fed4  x3:0x00000001 PA:0xxxxxxxxx
     495745.000 ns	     49573	80009edc	ff9ff06f	jal	x0,80009ed8	
     495795.000 ns	     49578	80009ed4	00036f17	auipc	x30,0x36	 x30=0x8003fed4
     495805.000 ns	     49579	80009ed8	123f2623	sw	x3,300(x30)	 x30:0x8003fed4  x3:0x00000001 PA:0xxxxxxxxx
     495825.000 ns	     49581	80009edc	ff9ff06f	jal	x0,80009ed8	
     495875.000 ns	     49586	80009ed4	00036f17	auipc	x30,0x36	 x30=0x8003fed4
     495885.000 ns	     49587	80009ed8	123f2623	sw	x3,300(x30)	 x30:0x8003fed4  x3:0x00000001 PA:0xxxxxxxxx
     495905.000 ns	     49589	80009edc	ff9ff06f	jal	x0,80009ed8	
     495955.000 ns	     49594	80009ed4	00036f17	auipc	x30,0x36	 x30=0x8003fed4
     495965.000 ns	     49595	80009ed8	123f2623	sw	x3,300(x30)	 x30:0x8003fed4  x3:0x00000001 PA:0xxxxxxxxx
     495985.000 ns	     49597	80009edc	ff9ff06f	jal	x0,80009ed8	
     496035.000 ns	     49602	80009ed4	00036f17	auipc	x30,0x36	 x30=0x8003fed4
     496045.000 ns	     49603	80009ed8	123f2623	sw	x3,300(x30)	 x30:0x8003fed4  x3:0x00000001 PA:0xxxxxxxxx
     496065.000 ns	     49605	80009edc	ff9ff06f	jal	x0,80009ed8	
     496115.000 ns	     49610	80009ed4	00036f17	auipc	x30,0x36	 x30=0x8003fed4
     496125.000 ns	     49611	80009ed8	123f2623	sw	x3,300(x30)	 x30:0x8003fed4  x3:0x00000001 PA:0xxxxxxxxx
     496145.000 ns	     49613	80009edc	ff9ff06f	jal	x0,80009ed8	
     496195.000 ns	     49618	80009ed4	00036f17	auipc	x30,0x36	 x30=0x8003fed4
     496205.000 ns	     49619	80009ed8	123f2623	sw	x3,300(x30)	 x30:0x8003fed4  x3:0x00000001 PA:0xxxxxxxxx
     496225.000 ns	     49621	80009edc	ff9ff06f	jal	x0,80009ed8	
     496275.000 ns	     49626	80009ed4	00036f17	auipc	x30,0x36	 x30=0x8003fed4
     496285.000 ns	     49627	80009ed8	123f2623	sw	x3,300(x30)	 x30:0x8003fed4  x3:0x00000001 PA:0xxxxxxxxx
     496305.000 ns	     49629	80009edc	ff9ff06f	jal	x0,80009ed8	
     496355.000 ns	     49634	80009ed4	00036f17	auipc	x30,0x36	 x30=0x8003fed4
     496365.000 ns	     49635	80009ed8	123f2623	sw	x3,300(x30)	 x30:0x8003fed4  x3:0x00000001 PA:0xxxxxxxxx
     496385.000 ns	     49637	80009edc	ff9ff06f	jal	x0,80009ed8	
     496435.000 ns	     49642	80009ed4	00036f17	auipc	x30,0x36	 x30=0x8003fed4
     496445.000 ns	     49643	80009ed8	123f2623	sw	x3,300(x30)	 x30:0x8003fed4  x3:0x00000001 PA:0xxxxxxxxx
     496465.000 ns	     49645	80009edc	ff9ff06f	jal	x0,80009ed8	
     496515.000 ns	     49650	80009ed4	00036f17	auipc	x30,0x36	 x30=0x8003fed4
     496525.000 ns	     49651	80009ed8	123f2623	sw	x3,300(x30)	 x30:0x8003fed4  x3:0x00000001 PA:0xxxxxxxxx
     496545.000 ns	     49653	80009edc	ff9ff06f	jal	x0,80009ed8	
     496595.000 ns	     49658	80009ed4	00036f17	auipc	x30,0x36	 x30=0x8003fed4
     496605.000 ns	     49659	80009ed8	123f2623	sw	x3,300(x30)	 x30:0x8003fed4  x3:0x00000001 PA:0xxxxxxxxx
     496625.000 ns	     49661	80009edc	ff9ff06f	jal	x0,80009ed8	
     496675.000 ns	     49666	80009ed4	00036f17	auipc	x30,0x36	 x30=0x8003fed4
     496685.000 ns	     49667	80009ed8	123f2623	sw	x3,300(x30)	 x30:0x8003fed4  x3:0x00000001 PA:0xxxxxxxxx
     496705.000 ns	     49669	80009edc	ff9ff06f	jal	x0,80009ed8	
     496755.000 ns	     49674	80009ed4	00036f17	auipc	x30,0x36	 x30=0x8003fed4
     496765.000 ns	     49675	80009ed8	123f2623	sw	x3,300(x30)	 x30:0x8003fed4  x3:0x00000001 PA:0xxxxxxxxx
     496785.000 ns	     49677	80009edc	ff9ff06f	jal	x0,80009ed8	
     496835.000 ns	     49682	80009ed4	00036f17	auipc	x30,0x36	 x30=0x8003fed4
     496845.000 ns	     49683	80009ed8	123f2623	sw	x3,300(x30)	 x30:0x8003fed4  x3:0x00000001 PA:0xxxxxxxxx
     496865.000 ns	     49685	80009edc	ff9ff06f	jal	x0,80009ed8	
     496915.000 ns	     49690	80009ed4	00036f17	auipc	x30,0x36	 x30=0x8003fed4
     496925.000 ns	     49691	80009ed8	123f2623	sw	x3,300(x30)	 x30:0x8003fed4  x3:0x00000001 PA:0xxxxxxxxx
     496945.000 ns	     49693	80009edc	ff9ff06f	jal	x0,80009ed8	
     496995.000 ns	     49698	80009ed4	00036f17	auipc	x30,0x36	 x30=0x8003fed4
     497005.000 ns	     49699	80009ed8	123f2623	sw	x3,300(x30)	 x30:0x8003fed4  x3:0x00000001 PA:0xxxxxxxxx
     497025.000 ns	     49701	80009edc	ff9ff06f	jal	x0,80009ed8	
     497075.000 ns	     49706	80009ed4	00036f17	auipc	x30,0x36	 x30=0x8003fed4
     497085.000 ns	     49707	80009ed8	123f2623	sw	x3,300(x30)	 x30:0x8003fed4  x3:0x00000001 PA:0xxxxxxxxx
     497105.000 ns	     49709	80009edc	ff9ff06f	jal	x0,80009ed8	
     497155.000 ns	     49714	80009ed4	00036f17	auipc	x30,0x36	 x30=0x8003fed4
     497165.000 ns	     49715	80009ed8	123f2623	sw	x3,300(x30)	 x30:0x8003fed4  x3:0x00000001 PA:0xxxxxxxxx
     497185.000 ns	     49717	80009edc	ff9ff06f	jal	x0,80009ed8	
     497235.000 ns	     49722	80009ed4	00036f17	auipc	x30,0x36	 x30=0x8003fed4
     497245.000 ns	     49723	80009ed8	123f2623	sw	x3,300(x30)	 x30:0x8003fed4  x3:0x00000001 PA:0xxxxxxxxx
     497265.000 ns	     49725	80009edc	ff9ff06f	jal	x0,80009ed8	
     497315.000 ns	     49730	80009ed4	00036f17	auipc	x30,0x36	 x30=0x8003fed4
     497325.000 ns	     49731	80009ed8	123f2623	sw	x3,300(x30)	 x30:0x8003fed4  x3:0x00000001 PA:0xxxxxxxxx
     497345.000 ns	     49733	80009edc	ff9ff06f	jal	x0,80009ed8	
     497395.000 ns	     49738	80009ed4	00036f17	auipc	x30,0x36	 x30=0x8003fed4
     497405.000 ns	     49739	80009ed8	123f2623	sw	x3,300(x30)	 x30:0x8003fed4  x3:0x00000001 PA:0xxxxxxxxx
     497425.000 ns	     49741	80009edc	ff9ff06f	jal	x0,80009ed8	
     497475.000 ns	     49746	80009ed4	00036f17	auipc	x30,0x36	 x30=0x8003fed4
     497485.000 ns	     49747	80009ed8	123f2623	sw	x3,300(x30)	 x30:0x8003fed4  x3:0x00000001 PA:0xxxxxxxxx
     497505.000 ns	     49749	80009edc	ff9ff06f	jal	x0,80009ed8	
     497555.000 ns	     49754	80009ed4	00036f17	auipc	x30,0x36	 x30=0x8003fed4
     497565.000 ns	     49755	80009ed8	123f2623	sw	x3,300(x30)	 x30:0x8003fed4  x3:0x00000001 PA:0xxxxxxxxx
     497585.000 ns	     49757	80009edc	ff9ff06f	jal	x0,80009ed8	
     497635.000 ns	     49762	80009ed4	00036f17	auipc	x30,0x36	 x30=0x8003fed4
     497645.000 ns	     49763	80009ed8	123f2623	sw	x3,300(x30)	 x30:0x8003fed4  x3:0x00000001 PA:0xxxxxxxxx
     497665.000 ns	     49765	80009edc	ff9ff06f	jal	x0,80009ed8	
     497715.000 ns	     49770	80009ed4	00036f17	auipc	x30,0x36	 x30=0x8003fed4
     497725.000 ns	     49771	80009ed8	123f2623	sw	x3,300(x30)	 x30:0x8003fed4  x3:0x00000001 PA:0xxxxxxxxx
     497745.000 ns	     49773	80009edc	ff9ff06f	jal	x0,80009ed8	
     497795.000 ns	     49778	80009ed4	00036f17	auipc	x30,0x36	 x30=0x8003fed4
     497805.000 ns	     49779	80009ed8	123f2623	sw	x3,300(x30)	 x30:0x8003fed4  x3:0x00000001 PA:0xxxxxxxxx
     497825.000 ns	     49781	80009edc	ff9ff06f	jal	x0,80009ed8	
     497875.000 ns	     49786	80009ed4	00036f17	auipc	x30,0x36	 x30=0x8003fed4
     497885.000 ns	     49787	80009ed8	123f2623	sw	x3,300(x30)	 x30:0x8003fed4  x3:0x00000001 PA:0xxxxxxxxx
     497905.000 ns	     49789	80009edc	ff9ff06f	jal	x0,80009ed8	
     497955.000 ns	     49794	80009ed4	00036f17	auipc	x30,0x36	 x30=0x8003fed4
     497965.000 ns	     49795	80009ed8	123f2623	sw	x3,300(x30)	 x30:0x8003fed4  x3:0x00000001 PA:0xxxxxxxxx
     497985.000 ns	     49797	80009edc	ff9ff06f	jal	x0,80009ed8	
     498035.000 ns	     49802	80009ed4	00036f17	auipc	x30,0x36	 x30=0x8003fed4
     498045.000 ns	     49803	80009ed8	123f2623	sw	x3,300(x30)	 x30:0x8003fed4  x3:0x00000001 PA:0xxxxxxxxx
     498065.000 ns	     49805	80009edc	ff9ff06f	jal	x0,80009ed8	
     498115.000 ns	     49810	80009ed4	00036f17	auipc	x30,0x36	 x30=0x8003fed4
     498125.000 ns	     49811	80009ed8	123f2623	sw	x3,300(x30)	 x30:0x8003fed4  x3:0x00000001 PA:0xxxxxxxxx
     498145.000 ns	     49813	80009edc	ff9ff06f	jal	x0,80009ed8	
     498195.000 ns	     49818	80009ed4	00036f17	auipc	x30,0x36	 x30=0x8003fed4
     498205.000 ns	     49819	80009ed8	123f2623	sw	x3,300(x30)	 x30:0x8003fed4  x3:0x00000001 PA:0xxxxxxxxx
     498225.000 ns	     49821	80009edc	ff9ff06f	jal	x0,80009ed8	
     498275.000 ns	     49826	80009ed4	00036f17	auipc	x30,0x36	 x30=0x8003fed4
     498285.000 ns	     49827	80009ed8	123f2623	sw	x3,300(x30)	 x30:0x8003fed4  x3:0x00000001 PA:0xxxxxxxxx
     498305.000 ns	     49829	80009edc	ff9ff06f	jal	x0,80009ed8	
     498355.000 ns	     49834	80009ed4	00036f17	auipc	x30,0x36	 x30=0x8003fed4
     498365.000 ns	     49835	80009ed8	123f2623	sw	x3,300(x30)	 x30:0x8003fed4  x3:0x00000001 PA:0xxxxxxxxx
     498385.000 ns	     49837	80009edc	ff9ff06f	jal	x0,80009ed8	
     498435.000 ns	     49842	80009ed4	00036f17	auipc	x30,0x36	 x30=0x8003fed4
     498445.000 ns	     49843	80009ed8	123f2623	sw	x3,300(x30)	 x30:0x8003fed4  x3:0x00000001 PA:0xxxxxxxxx
     498465.000 ns	     49845	80009edc	ff9ff06f	jal	x0,80009ed8	
     498515.000 ns	     49850	80009ed4	00036f17	auipc	x30,0x36	 x30=0x8003fed4
     498525.000 ns	     49851	80009ed8	123f2623	sw	x3,300(x30)	 x30:0x8003fed4  x3:0x00000001 PA:0xxxxxxxxx
     498545.000 ns	     49853	80009edc	ff9ff06f	jal	x0,80009ed8	
     498595.000 ns	     49858	80009ed4	00036f17	auipc	x30,0x36	 x30=0x8003fed4
     498605.000 ns	     49859	80009ed8	123f2623	sw	x3,300(x30)	 x30:0x8003fed4  x3:0x00000001 PA:0xxxxxxxxx
     498625.000 ns	     49861	80009edc	ff9ff06f	jal	x0,80009ed8	
     498675.000 ns	     49866	80009ed4	00036f17	auipc	x30,0x36	 x30=0x8003fed4
     498685.000 ns	     49867	80009ed8	123f2623	sw	x3,300(x30)	 x30:0x8003fed4  x3:0x00000001 PA:0xxxxxxxxx
     498705.000 ns	     49869	80009edc	ff9ff06f	jal	x0,80009ed8	
     498755.000 ns	     49874	80009ed4	00036f17	auipc	x30,0x36	 x30=0x8003fed4
     498765.000 ns	     49875	80009ed8	123f2623	sw	x3,300(x30)	 x30:0x8003fed4  x3:0x00000001 PA:0xxxxxxxxx
     498785.000 ns	     49877	80009edc	ff9ff06f	jal	x0,80009ed8	
     498835.000 ns	     49882	80009ed4	00036f17	auipc	x30,0x36	 x30=0x8003fed4
     498845.000 ns	     49883	80009ed8	123f2623	sw	x3,300(x30)	 x30:0x8003fed4  x3:0x00000001 PA:0xxxxxxxxx
     498865.000 ns	     49885	80009edc	ff9ff06f	jal	x0,80009ed8	
     498915.000 ns	     49890	80009ed4	00036f17	auipc	x30,0x36	 x30=0x8003fed4
     498925.000 ns	     49891	80009ed8	123f2623	sw	x3,300(x30)	 x30:0x8003fed4  x3:0x00000001 PA:0xxxxxxxxx
     498945.000 ns	     49893	80009edc	ff9ff06f	jal	x0,80009ed8	
     498995.000 ns	     49898	80009ed4	00036f17	auipc	x30,0x36	 x30=0x8003fed4
     499005.000 ns	     49899	80009ed8	123f2623	sw	x3,300(x30)	 x30:0x8003fed4  x3:0x00000001 PA:0xxxxxxxxx
     499025.000 ns	     49901	80009edc	ff9ff06f	jal	x0,80009ed8	
     499075.000 ns	     49906	80009ed4	00036f17	auipc	x30,0x36	 x30=0x8003fed4
     499085.000 ns	     49907	80009ed8	123f2623	sw	x3,300(x30)	 x30:0x8003fed4  x3:0x00000001 PA:0xxxxxxxxx
     499105.000 ns	     49909	80009edc	ff9ff06f	jal	x0,80009ed8	
     499155.000 ns	     49914	80009ed4	00036f17	auipc	x30,0x36	 x30=0x8003fed4
     499165.000 ns	     49915	80009ed8	123f2623	sw	x3,300(x30)	 x30:0x8003fed4  x3:0x00000001 PA:0xxxxxxxxx
     499185.000 ns	     49917	80009edc	ff9ff06f	jal	x0,80009ed8	
     499235.000 ns	     49922	80009ed4	00036f17	auipc	x30,0x36	 x30=0x8003fed4
     499245.000 ns	     49923	80009ed8	123f2623	sw	x3,300(x30)	 x30:0x8003fed4  x3:0x00000001 PA:0xxxxxxxxx
     499265.000 ns	     49925	80009edc	ff9ff06f	jal	x0,80009ed8	
     499315.000 ns	     49930	80009ed4	00036f17	auipc	x30,0x36	 x30=0x8003fed4
     499325.000 ns	     49931	80009ed8	123f2623	sw	x3,300(x30)	 x30:0x8003fed4  x3:0x00000001 PA:0xxxxxxxxx
     499345.000 ns	     49933	80009edc	ff9ff06f	jal	x0,80009ed8	
     499395.000 ns	     49938	80009ed4	00036f17	auipc	x30,0x36	 x30=0x8003fed4
     499405.000 ns	     49939	80009ed8	123f2623	sw	x3,300(x30)	 x30:0x8003fed4  x3:0x00000001 PA:0xxxxxxxxx
     499425.000 ns	     49941	80009edc	ff9ff06f	jal	x0,80009ed8	
     499475.000 ns	     49946	80009ed4	00036f17	auipc	x30,0x36	 x30=0x8003fed4
     499485.000 ns	     49947	80009ed8	123f2623	sw	x3,300(x30)	 x30:0x8003fed4  x3:0x00000001 PA:0xxxxxxxxx
     499505.000 ns	     49949	80009edc	ff9ff06f	jal	x0,80009ed8	
     499555.000 ns	     49954	80009ed4	00036f17	auipc	x30,0x36	 x30=0x8003fed4
     499565.000 ns	     49955	80009ed8	123f2623	sw	x3,300(x30)	 x30:0x8003fed4  x3:0x00000001 PA:0xxxxxxxxx
     499585.000 ns	     49957	80009edc	ff9ff06f	jal	x0,80009ed8	
     499635.000 ns	     49962	80009ed4	00036f17	auipc	x30,0x36	 x30=0x8003fed4
     499645.000 ns	     49963	80009ed8	123f2623	sw	x3,300(x30)	 x30:0x8003fed4  x3:0x00000001 PA:0xxxxxxxxx
     499665.000 ns	     49965	80009edc	ff9ff06f	jal	x0,80009ed8	
     499715.000 ns	     49970	80009ed4	00036f17	auipc	x30,0x36	 x30=0x8003fed4
     499725.000 ns	     49971	80009ed8	123f2623	sw	x3,300(x30)	 x30:0x8003fed4  x3:0x00000001 PA:0xxxxxxxxx
     499745.000 ns	     49973	80009edc	ff9ff06f	jal	x0,80009ed8	
     499795.000 ns	     49978	80009ed4	00036f17	auipc	x30,0x36	 x30=0x8003fed4
     499805.000 ns	     49979	80009ed8	123f2623	sw	x3,300(x30)	 x30:0x8003fed4  x3:0x00000001 PA:0xxxxxxxxx
     499825.000 ns	     49981	80009edc	ff9ff06f	jal	x0,80009ed8	
     499875.000 ns	     49986	80009ed4	00036f17	auipc	x30,0x36	 x30=0x8003fed4
     499885.000 ns	     49987	80009ed8	123f2623	sw	x3,300(x30)	 x30:0x8003fed4  x3:0x00000001 PA:0xxxxxxxxx
     499905.000 ns	     49989	80009edc	ff9ff06f	jal	x0,80009ed8	
     499955.000 ns	     49994	80009ed4	00036f17	auipc	x30,0x36	 x30=0x8003fed4
     499965.000 ns	     49995	80009ed8	123f2623	sw	x3,300(x30)	 x30:0x8003fed4  x3:0x00000001 PA:0xxxxxxxxx
     499985.000 ns	     49997	80009edc	ff9ff06f	jal	x0,80009ed8	
