		Time			Cycle	PC		Insn	Decoded instruction	Register and memory contents
         65.000 ns	         5	80000000	f14022f3	csrrs	x5,mhartid,x0	  x0:0x00000000  x5=0xffffff14
         75.000 ns	         6	80000004	00000313	addi	x6,x0,0	  x0:0x00000000  x6=0x00000000
         85.000 ns	         7	80000008	00628263	beq	x5,x6,8000000c	  x5:0x00000000  x6:0x00000000
         95.000 ns	         8	8000000c	00000f97	auipc	x31,0x0	 x31=0x8000000c
        105.000 ns	         9	80000010	00cf8f93	addi	x31,x31,12	 x31:0x00000000 x31=0x80000018
        115.000 ns	        10	80000014	000f8067	jalr	x0,x31,0	 x31:0x00000000
        165.000 ns	        15	80000018	400019b7	lui	x19,0x40001	 x19=0x40001000
        175.000 ns	        16	8000001c	12098993	addi	x19,x19,288	 x19:0x00000000 x19=0x40001120
        185.000 ns	        17	80000020	30199073	csrrw	x0,misa,x19	 x19:0x00000000
        195.000 ns	        18	80000024	00041897	auipc	x17,0x41	 x17=0x80041024
        205.000 ns	        19	80000028	00088893	addi	x17,x17,0	 x17:0x00000000 x17=0x80041024
        215.000 ns	        20	8000002c	0000a997	auipc	x19,0xa	 x19=0x8000a02c
        225.000 ns	        21	80000030	e8098993	addi	x19,x19,-384	 x19:0x40001120 x19=0x80009eac
        235.000 ns	        22	80000034	0009e993	ori	x19,x19,0	 x19:0x40001120 x19=0x80009eac
        245.000 ns	        23	80000038	30599073	csrrw	x0,mtvec,x19	 x19:0x8000a02c
        255.000 ns	        24	8000003c	00000997	auipc	x19,0x0	 x19=0x8000003c
        265.000 ns	        25	80000040	02898993	addi	x19,x19,40	 x19:0x80009eac x19=0x80000064
        275.000 ns	        26	80000044	34199073	csrrw	x0,mepc,x19	 x19:0x80009eac
        285.000 ns	        27	80000048	00000013	addi	x0,x0,0	  x0:0x00000000
        295.000 ns	        28	8000004c	000049b7	lui	x19,0x4	 x19=0x00004000
        305.000 ns	        29	80000050	80098993	addi	x19,x19,-2048	 x19:0x80000064 x19=0x00003800
        315.000 ns	        30	80000054	30099073	csrrw	x0,mstatus,x19	 x19:0x80000064
        325.000 ns	        31	80000058	00000993	addi	x19,x0,0	  x0:0x00000000 x19=0x00000000
        335.000 ns	        32	8000005c	30499073	csrrw	x0,mie,x19	 x19:0x00003800
        345.000 ns	        33	80000060	30200073	mret	
        355.000 ns	        34	80000064	ff8009b7	lui	x19,0xff800	 x19=0xff800000
        375.000 ns	        36	80000068	f0098053	fmv.w.x	f0,x19	 x19:0x00000000  f0=0xff800000
        395.000 ns	        38	8000006c	000c39b7	lui	x19,0xc3	 x19=0x000c3000
        405.000 ns	        39	80000070	14598993	addi	x19,x19,325	 x19:0xff800000 x19=0x000c3145
        425.000 ns	        41	80000074	f00980d3	fmv.w.x	f1,x19	 x19:0xff800000  f1=0x000c3145
        445.000 ns	        43	80000078	7fc009b7	lui	x19,0x7fc00	 x19=0x7fc00000
        465.000 ns	        45	8000007c	f0098153	fmv.w.x	f2,x19	 x19:0x000c3145  f2=0x7fc00000
        485.000 ns	        47	80000080	006599b7	lui	x19,0x659	 x19=0x00659000
        495.000 ns	        48	80000084	38598993	addi	x19,x19,901	 x19:0x7fc00000 x19=0x00659385
        515.000 ns	        50	80000088	f00981d3	fmv.w.x	f3,x19	 x19:0x7fc00000  f3=0x00659385
        535.000 ns	        52	8000008c	ff8009b7	lui	x19,0xff800	 x19=0xff800000
        555.000 ns	        54	80000090	f0098253	fmv.w.x	f4,x19	 x19:0x00659385  f4=0xff800000
        575.000 ns	        56	80000094	7f8009b7	lui	x19,0x7f800	 x19=0x7f800000
        585.000 ns	        57	80000098	00198993	addi	x19,x19,1	 x19:0xff800000 x19=0x7f800001
        605.000 ns	        59	8000009c	f00982d3	fmv.w.x	f5,x19	 x19:0xff800000  f5=0x7f800001
        625.000 ns	        61	800000a0	7f8009b7	lui	x19,0x7f800	 x19=0x7f800000
        635.000 ns	        62	800000a4	fff98993	addi	x19,x19,-1	 x19:0x7f800001 x19=0x7f7fffff
        655.000 ns	        64	800000a8	f0098353	fmv.w.x	f6,x19	 x19:0x7f800001  f6=0x7f7fffff
        675.000 ns	        66	800000ac	7f8009b7	lui	x19,0x7f800	 x19=0x7f800000
        695.000 ns	        68	800000b0	f00983d3	fmv.w.x	f7,x19	 x19:0x7f7fffff  f7=0x7f800000
        715.000 ns	        70	800000b4	800009b7	lui	x19,0x80000	 x19=0x80000000
        735.000 ns	        72	800000b8	f0098453	fmv.w.x	f8,x19	 x19:0x7f800000  f8=0x80000000
        755.000 ns	        74	800000bc	7f8009b7	lui	x19,0x7f800	 x19=0x7f800000
        765.000 ns	        75	800000c0	fff98993	addi	x19,x19,-1	 x19:0x80000000 x19=0x7f7fffff
        785.000 ns	        77	800000c4	f00984d3	fmv.w.x	f9,x19	 x19:0x80000000  f9=0x7f7fffff
        805.000 ns	        79	800000c8	800009b7	lui	x19,0x80000	 x19=0x80000000
        825.000 ns	        81	800000cc	f0098553	fmv.w.x	f10,x19	 x19:0x7f7fffff f10=0x80000000
        845.000 ns	        83	800000d0	00000993	addi	x19,x0,0	  x0:0x00000000 x19=0x00000000
        865.000 ns	        85	800000d4	f00985d3	fmv.w.x	f11,x19	 x19:0x80000000 f11=0x00000000
        885.000 ns	        87	800000d8	800009b7	lui	x19,0x80000	 x19=0x80000000
        905.000 ns	        89	800000dc	f0098653	fmv.w.x	f12,x19	 x19:0x00000000 f12=0x80000000
        925.000 ns	        91	800000e0	0ed8f9b7	lui	x19,0xed8f	 x19=0x0ed8f000
        935.000 ns	        92	800000e4	5f898993	addi	x19,x19,1528	 x19:0x80000000 x19=0x0ed8f5f8
        955.000 ns	        94	800000e8	f00986d3	fmv.w.x	f13,x19	 x19:0x80000000 f13=0x0ed8f5f8
        975.000 ns	        96	800000ec	004319b7	lui	x19,0x431	 x19=0x00431000
        985.000 ns	        97	800000f0	12398993	addi	x19,x19,291	 x19:0x0ed8f5f8 x19=0x00431123
       1005.000 ns	        99	800000f4	f0098753	fmv.w.x	f14,x19	 x19:0x0ed8f5f8 f14=0x00431123
       1025.000 ns	       101	800000f8	7f8009b7	lui	x19,0x7f800	 x19=0x7f800000
       1045.000 ns	       103	800000fc	f00987d3	fmv.w.x	f15,x19	 x19:0x00431123 f15=0x7f800000
       1065.000 ns	       105	80000100	802879b7	lui	x19,0x80287	 x19=0x80287000
       1075.000 ns	       106	80000104	ae698993	addi	x19,x19,-1306	 x19:0x7f800000 x19=0x80286ae6
       1095.000 ns	       108	80000108	f0098853	fmv.w.x	f16,x19	 x19:0x7f800000 f16=0x80286ae6
       1115.000 ns	       110	8000010c	7f8009b7	lui	x19,0x7f800	 x19=0x7f800000
       1125.000 ns	       111	80000110	fff98993	addi	x19,x19,-1	 x19:0x80286ae6 x19=0x7f7fffff
       1145.000 ns	       113	80000114	f00988d3	fmv.w.x	f17,x19	 x19:0x80286ae6 f17=0x7f7fffff
       1165.000 ns	       115	80000118	4b3489b7	lui	x19,0x4b348	 x19=0x4b348000
       1175.000 ns	       116	8000011c	37f98993	addi	x19,x19,895	 x19:0x7f7fffff x19=0x4b34837f
       1195.000 ns	       118	80000120	f0098953	fmv.w.x	f18,x19	 x19:0x7f7fffff f18=0x4b34837f
       1215.000 ns	       120	80000124	7fc009b7	lui	x19,0x7fc00	 x19=0x7fc00000
       1235.000 ns	       122	80000128	f00989d3	fmv.w.x	f19,x19	 x19:0x4b34837f f19=0x7fc00000
       1255.000 ns	       124	8000012c	7fc009b7	lui	x19,0x7fc00	 x19=0x7fc00000
       1275.000 ns	       126	80000130	f0098a53	fmv.w.x	f20,x19	 x19:0x7fc00000 f20=0x7fc00000
       1295.000 ns	       128	80000134	800ac9b7	lui	x19,0x800ac	 x19=0x800ac000
       1305.000 ns	       129	80000138	4ac98993	addi	x19,x19,1196	 x19:0x7fc00000 x19=0x800ac4ac
       1325.000 ns	       131	8000013c	f0098ad3	fmv.w.x	f21,x19	 x19:0x7fc00000 f21=0x800ac4ac
       1345.000 ns	       133	80000140	00000993	addi	x19,x0,0	  x0:0x00000000 x19=0x00000000
       1365.000 ns	       135	80000144	f0098b53	fmv.w.x	f22,x19	 x19:0x800ac4ac f22=0x00000000
       1385.000 ns	       137	80000148	ff8009b7	lui	x19,0xff800	 x19=0xff800000
       1395.000 ns	       138	8000014c	fff98993	addi	x19,x19,-1	 x19:0x00000000 x19=0xff7fffff
       1415.000 ns	       140	80000150	f0098bd3	fmv.w.x	f23,x19	 x19:0x00000000 f23=0xff7fffff
       1435.000 ns	       142	80000154	ff8009b7	lui	x19,0xff800	 x19=0xff800000
       1455.000 ns	       144	80000158	f0098c53	fmv.w.x	f24,x19	 x19:0xff7fffff f24=0xff800000
       1475.000 ns	       146	8000015c	647ec9b7	lui	x19,0x647ec	 x19=0x647ec000
       1485.000 ns	       147	80000160	f1f98993	addi	x19,x19,-225	 x19:0xff800000 x19=0x647ebf1f
       1505.000 ns	       149	80000164	f0098cd3	fmv.w.x	f25,x19	 x19:0xff800000 f25=0x647ebf1f
       1525.000 ns	       151	80000168	7f8009b7	lui	x19,0x7f800	 x19=0x7f800000
       1545.000 ns	       153	8000016c	f0098d53	fmv.w.x	f26,x19	 x19:0x647ebf1f f26=0x7f800000
       1565.000 ns	       155	80000170	7f8009b7	lui	x19,0x7f800	 x19=0x7f800000
       1585.000 ns	       157	80000174	f0098dd3	fmv.w.x	f27,x19	 x19:0x7f800000 f27=0x7f800000
       1605.000 ns	       159	80000178	7f8009b7	lui	x19,0x7f800	 x19=0x7f800000
       1625.000 ns	       161	8000017c	f0098e53	fmv.w.x	f28,x19	 x19:0x7f800000 f28=0x7f800000
       1645.000 ns	       163	80000180	7f8009b7	lui	x19,0x7f800	 x19=0x7f800000
       1665.000 ns	       165	80000184	f0098ed3	fmv.w.x	f29,x19	 x19:0x7f800000 f29=0x7f800000
       1685.000 ns	       167	80000188	7fc009b7	lui	x19,0x7fc00	 x19=0x7fc00000
       1705.000 ns	       169	8000018c	f0098f53	fmv.w.x	f30,x19	 x19:0x7f800000 f30=0x7fc00000
       1725.000 ns	       171	80000190	7fc009b7	lui	x19,0x7fc00	 x19=0x7fc00000
       1745.000 ns	       173	80000194	f0098fd3	fmv.w.x	f31,x19	 x19:0x7fc00000 f31=0x7fc00000
       1765.000 ns	       175	80000198	00205073	csrrwi	x0,frm,0	
       1775.000 ns	       176	8000019c	33f0d037	lui	x0,0x33f0d	
       1785.000 ns	       177	800001a0	9e800013	addi	x0,x0,-1560	  x0:0x00000000
       1795.000 ns	       178	800001a4	00c00093	addi	x1,x0,12	  x0:0x00000000  x1=0x0000000c
       1805.000 ns	       179	800001a8	00000113	addi	x2,x0,0	  x0:0x00000000  x2=0x00000000
       1815.000 ns	       180	800001ac	00400193	addi	x3,x0,4	  x0:0x00000000  x3=0x00000004
       1825.000 ns	       181	800001b0	00000213	addi	x4,x0,0	  x0:0x00000000  x4=0x00000000
       1835.000 ns	       182	800001b4	240382b7	lui	x5,0x24038	  x5=0x24038000
       1845.000 ns	       183	800001b8	6b928293	addi	x5,x5,1721	  x5:0xffffff14  x5=0x240386b9
       1855.000 ns	       184	800001bc	00c00313	addi	x6,x0,12	  x0:0x00000000  x6=0x0000000c
       1865.000 ns	       185	800001c0	9bae03b7	lui	x7,0x9bae0	  x7=0x9bae0000
       1875.000 ns	       186	800001c4	ac038393	addi	x7,x7,-1344	  x7:0x00000000  x7=0x9badfac0
       1885.000 ns	       187	800001c8	3d42c437	lui	x8,0x3d42c	  x8=0x3d42c000
       1895.000 ns	       188	800001cc	ccb40413	addi	x8,x8,-821	  x8:0x00000000  x8=0x3d42bccb
       1905.000 ns	       189	800001d0	fb3254b7	lui	x9,0xfb325	  x9=0xfb325000
       1915.000 ns	       190	800001d4	b7b48493	addi	x9,x9,-1157	  x9:0x00000000  x9=0xfb324b7b
       1925.000 ns	       191	800001d8	80000537	lui	x10,0x80000	 x10=0x80000000
       1935.000 ns	       192	800001dc	faaa75b7	lui	x11,0xfaaa7	 x11=0xfaaa7000
       1945.000 ns	       193	800001e0	59f58593	addi	x11,x11,1439	 x11:0x00000000 x11=0xfaaa759f
       1955.000 ns	       194	800001e4	00000613	addi	x12,x0,0	  x0:0x00000000 x12=0x00000000
       1965.000 ns	       195	800001e8	00600693	addi	x13,x0,6	  x0:0x00000000 x13=0x00000006
       1975.000 ns	       196	800001ec	80000737	lui	x14,0x80000	 x14=0x80000000
       1985.000 ns	       197	800001f0	00500793	addi	x15,x0,5	  x0:0x00000000 x15=0x00000005
       1995.000 ns	       198	800001f4	d03aa837	lui	x16,0xd03aa	 x16=0xd03aa000
       2005.000 ns	       199	800001f8	d9f80813	addi	x16,x16,-609	 x16:0x00000000 x16=0xd03a9d9f
       2015.000 ns	       200	800001fc	00600913	addi	x18,x0,6	  x0:0x00000000 x18=0x00000006
       2025.000 ns	       201	80000200	fd6a29b7	lui	x19,0xfd6a2	 x19=0xfd6a2000
       2035.000 ns	       202	80000204	51998993	addi	x19,x19,1305	 x19:0x7fc00000 x19=0xfd6a2519
       2045.000 ns	       203	80000208	80000a37	lui	x20,0x80000	 x20=0x80000000
       2055.000 ns	       204	8000020c	f7316ab7	lui	x21,0xf7316	 x21=0xf7316000
       2065.000 ns	       205	80000210	212a8a93	addi	x21,x21,530	 x21:0x00000000 x21=0xf7316212
       2075.000 ns	       206	80000214	00e00b13	addi	x22,x0,14	  x0:0x00000000 x22=0x0000000e
       2085.000 ns	       207	80000218	00000b93	addi	x23,x0,0	  x0:0x00000000 x23=0x00000000
       2095.000 ns	       208	8000021c	80000c37	lui	x24,0x80000	 x24=0x80000000
       2105.000 ns	       209	80000220	00d00c93	addi	x25,x0,13	  x0:0x00000000 x25=0x0000000d
       2115.000 ns	       210	80000224	00000d13	addi	x26,x0,0	  x0:0x00000000 x26=0x00000000
       2125.000 ns	       211	80000228	80000db7	lui	x27,0x80000	 x27=0x80000000
       2135.000 ns	       212	8000022c	80000e37	lui	x28,0x80000	 x28=0x80000000
       2145.000 ns	       213	80000230	727e5f37	lui	x30,0x727e5	 x30=0x727e5000
       2155.000 ns	       214	80000234	5f0f0f13	addi	x30,x30,1520	 x30:0x00000000 x30=0x727e55f0
       2165.000 ns	       215	80000238	fafeefb7	lui	x31,0xfafee	 x31=0xfafee000
       2175.000 ns	       216	8000023c	dbef8f93	addi	x31,x31,-578	 x31:0x80000018 x31=0xfafeddbe
       2185.000 ns	       217	80000240	00041e97	auipc	x29,0x41	 x29=0x80041240
       2195.000 ns	       218	80000244	da4e8e93	addi	x29,x29,-604	 x29:0x00000000 x29=0x80040fe4
       2215.000 ns	       220	80000248	d016fbd3	fcvt.s.wu	f23,x13	 x13:0x00000006 f23=0x40c00000
       2245.000 ns	       223	8000024c	d012fd53	fcvt.s.wu	f26,x5	  x5:0x240386b9 f26=0x4e100e1a
       2285.000 ns	       227	80000250	5809c553	fsqrt.s	f10,f19	 f19:0x7fc00000 f10=0x7fc00000
       2305.000 ns	       229	80000254	d00cf293	andi	x5,x25,-768	 x25:0x0000000d  x5=0x00000000
       2315.000 ns	       230	80000258	00f67cb3	and	x25,x12,x15	 x12:0x00000000 x15:0x00000005 x25=0x00000000
       2325.000 ns	       231	8000025c	41c58233	sub	x4,x11,x28	 x11:0xfaaa759f x28:0x80000000  x4=0x7aaa759f
       2345.000 ns	       233	80000260	d01ebed3	fcvt.s.wu	f29,x29	 x29:0x80040fe4 f29=0x4f000410
       2365.000 ns	       235	80000264	01044e33	xor	x28,x8,x16	  x8:0x3d42bccb x16:0xd03a9d9f x28=0xed782154
       2375.000 ns	       236	80000268	015f1013	slli	x0,x30,0x15	 x30:0x727e55f0
       2385.000 ns	       237	8000026c	010eb233	sltu	x4,x29,x16	 x29:0x80040fe4 x16:0xd03a9d9f  x4=0x00000001
       2395.000 ns	       238	80000270	00e24ab3	xor	x21,x4,x14	  x4:0x7aaa759f x14:0x80000000 x21=0x80000001
       2405.000 ns	       239	80000274	010edcb3	srl	x25,x29,x16	 x29:0x80040fe4 x16:0xd03a9d9f x25=0x00000001
       2425.000 ns	       241	80000278	a0c597d3	flt.s	x15,f11,f12	 f11:0x00000000 f12:0x80000000 x15=0x00000000
       2455.000 ns	       244	8000027c	0286b7b3	mulhu	x15,x13,x8	 x13:0x00000006  x8:0x3d42bccb x15=0x00000001
       2485.000 ns	       247	80000280	212317d3	fsgnjn.s	f15,f6,f18	  f6:0x7f7fffff f18:0x4b34837f f15=0xff7fffff
       2515.000 ns	       250	80000284	28ea9853	fmax.s	f16,f21,f14	 f21:0x800ac4ac f14:0x00431123 f16=0x00431123
       2535.000 ns	       252	80000288	b9bd0813	addi	x16,x26,-1125	 x26:0x00000000 x16=0xfffffb9b
       2575.000 ns	       256	8000028c	0844f0d3	fsub.s	f1,f9,f4	  f9:0x7f7fffff  f4:0xff800000  f1=0x7f800000
       2605.000 ns	       259	80000290	03a4d233	divu	x4,x9,x26	  x9:0xfb324b7b x26:0x00000000  x4=0xffffffff
       2975.000 ns	       296	80000294	02b6d7b3	divu	x15,x13,x11	 x13:0x00000006 x11:0xfaaa759f x15=0x00000000
       2995.000 ns	       298	80000298	01a1ba33	sltu	x20,x3,x26	  x3:0x00000004 x26:0x00000000 x20=0x00000000
       3005.000 ns	       299	8000029c	23b2bb93	sltiu	x23,x5,571	  x5:0x00000000 x23=0x00000001
       3015.000 ns	       300	800002a0	004209b3	add	x19,x4,x4	  x4:0xffffffff  x4:0xffffffff x19=0xfffffffe
       3375.000 ns	       336	800002a4	02bf6133	rem	x2,x30,x11	 x30:0x727e55f0 x11:0xfaaa759f  x2=0x0279fbfb
       3405.000 ns	       339	800002a8	f0020653	fmv.w.x	f12,x4	  x4:0xffffffff f12=0xffffffff
       3425.000 ns	       341	800002ac	64b43413	sltiu	x8,x8,1611	  x8:0x3d42bccb  x8=0x00000000
       3445.000 ns	       343	800002b0	29921953	fmax.s	f18,f4,f25	  f4:0xff800000 f25:0x647ebf1f f18=0x647ebf1f
       3465.000 ns	       345	800002b4	01cb15b3	sll	x11,x22,x28	 x22:0x0000000e x28:0xed782154 x11=0x00e00000
       3475.000 ns	       346	800002b8	00a749b3	xor	x19,x14,x10	 x14:0x80000000 x10:0x80000000 x19=0x00000000
       3495.000 ns	       348	800002bc	c01e8153	fcvt.wu.s	x2,f29	 f29:0x4f000410  x2=0x80041000
       3515.000 ns	       350	800002c0	798af293	andi	x5,x21,1944	 x21:0x80000001  x5=0x00000000
       3535.000 ns	       352	800002c4	214e1c53	fsgnjn.s	f24,f28,f20	 f28:0x7f800000 f20:0x7fc00000 f24=0xff800000
       3555.000 ns	       354	800002c8	9b505a97	auipc	x21,0x9b505	 x21=0x1b5052c8
       3565.000 ns	       355	800002cc	402c5e13	srai	x28,x24,0x2	 x24:0x80000000 x28=0xe0000000
       3575.000 ns	       356	800002d0	0137d993	srli	x19,x15,0x13	 x15:0x00000000 x19=0x00000000
       3595.000 ns	       358	800002d4	0342dbb3	divu	x23,x5,x20	  x5:0x00000000 x20:0x00000000 x23=0xffffffff
       3625.000 ns	       361	800002d8	e0090d53	fmv.x.w	x26,f18	 f18:0x647ebf1f x26=0x647ebf1f
       3645.000 ns	       363	800002dc	004a1513	slli	x10,x20,0x4	 x20:0x00000000 x10=0x00000000
       3655.000 ns	       364	800002e0	d7198113	addi	x2,x19,-655	 x19:0x00000000  x2=0xfffffd71
       3665.000 ns	       365	800002e4	0076ff33	and	x30,x13,x7	 x13:0x00000006  x7:0x9badfac0 x30=0x00000000
       3685.000 ns	       367	800002e8	2008a6d3	fsgnjx.s	f13,f17,f0	 f17:0x7f7fffff  f0:0xff800000 f13=0xff7fffff
       3715.000 ns	       370	800002ec	290c08d3	fmin.s	f17,f24,f16	 f24:0xff800000 f16:0x00431123 f17=0xff800000
       3735.000 ns	       372	800002f0	00a6f0b3	and	x1,x13,x10	 x13:0x00000006 x10:0x00000000  x1=0x00000000
       3755.000 ns	       374	800002f4	c008f853	fcvt.w.s	x16,f17	 f17:0xff800000 x16=0x80000000
       3795.000 ns	       378	800002f8	58011e53	fsqrt.s	f28,f2	  f2:0x7fc00000 f28=0x7fc00000
       3815.000 ns	       380	800002fc	9c844c97	auipc	x25,0x9c844	 x25=0x1c8442fc
       3835.000 ns	       382	80000300	02b503b3	mul	x7,x10,x11	 x10:0x00000000 x11:0x00e00000  x7=0x00000000
       3855.000 ns	       384	80000304	01147333	and	x6,x8,x17	  x8:0x00000000 x17:0x80041024  x6=0x00000000
       3875.000 ns	       386	80000308	a1eaa5d3	feq.s	x11,f21,f30	 f21:0x800ac4ac f30:0x7fc00000 x11=0x00000000
       3905.000 ns	       389	8000030c	032d8533	mul	x10,x27,x18	 x27:0x80000000 x18:0x00000006 x10=0x00000000
       3935.000 ns	       392	80000310	036f05b3	mul	x11,x30,x22	 x30:0x00000000 x22:0x0000000e x11=0x00000000
       4305.000 ns	       429	80000314	03b9ef33	rem	x30,x19,x27	 x19:0x00000000 x27:0x80000000 x30=0x00000000
       4335.000 ns	       432	80000318	d008b7d3	fcvt.s.w	f15,x17	 x17:0x80041024 f15=0xcefff7e0
       4365.000 ns	       435	8000031c	21d29e53	fsgnjn.s	f28,f5,f29	  f5:0x7f800001 f29:0x4f000410 f28=0xff800001
       4395.000 ns	       438	80000320	0331e633	rem	x12,x3,x19	  x3:0x00000004 x19:0x00000000 x12=0x00000004
       4415.000 ns	       440	80000324	00028d33	add	x26,x5,x0	  x5:0x00000000  x0:0x00000000 x26=0x00000000
       4445.000 ns	       443	80000328	580f9fd3	fsqrt.s	f31,f31	 f31:0x7fc00000 f31=0x7fc00000
       4465.000 ns	       445	8000032c	005026b3	slt	x13,x0,x5	  x0:0x00000000  x5:0x00000000 x13=0x00000000
       4505.000 ns	       449	80000330	08befbd3	fsub.s	f23,f29,f11	 f29:0x4f000410 f11:0x00000000 f23=0x4f000410
       4525.000 ns	       451	80000334	bc446d93	ori	x27,x8,-1084	  x8:0x00000000 x27=0xfffffbc4
       4565.000 ns	       455	80000338	01d33c53	fadd.s	f24,f6,f29	  f6:0x7f7fffff f29:0x4f000410 f24=0x7f7fffff
       4595.000 ns	       458	8000033c	20da16d3	fsgnjn.s	f13,f20,f13	 f20:0x7fc00000 f13:0xff7fffff f13=0x7fc00000
       4635.000 ns	       462	80000340	11fb8cd3	fmul.s	f25,f23,f31	 f23:0x4f000410 f31:0x7fc00000 f25=0x7fc00000
       4665.000 ns	       465	80000344	21c027d3	fsgnjx.s	f15,f0,f28	  f0:0xff800000 f28:0xff800001 f15=0x7f800000
       5035.000 ns	       502	80000348	03f944b3	div	x9,x18,x31	 x18:0x00000006 x31:0xfafeddbe  x9=0x00000000
       5065.000 ns	       505	8000034c	025b4cb3	div	x25,x22,x5	 x22:0x0000000e  x5:0x00000000 x25=0xffffffff
       5085.000 ns	       507	80000350	019d9993	slli	x19,x27,0x19	 x27:0xfffffbc4 x19=0x88000000
       5105.000 ns	       509	80000354	020e01b3	mul	x3,x28,x0	 x28:0xe0000000  x0:0x00000000  x3=0x00000000
       5145.000 ns	       513	80000358	19228353	fdiv.s	f6,f5,f18	  f5:0x7f800001 f18:0x647ebf1f  f6=0x7fc00000
       5165.000 ns	       515	8000035c	00b2c7b3	xor	x15,x5,x11	  x5:0x00000000 x11:0x00000000 x15=0x00000000
       5175.000 ns	       516	80000360	004cb1b3	sltu	x3,x25,x4	 x25:0xffffffff  x4:0xffffffff  x3=0x00000000
       5195.000 ns	       518	80000364	a1748953	fle.s	x18,f9,f23	  f9:0x7f7fffff f23:0x4f000410 x18=0x00000000
       5215.000 ns	       520	80000368	4063d1b3	sra	x3,x7,x6	  x7:0x00000000  x6:0x00000000  x3=0x00000000
       5225.000 ns	       521	8000036c	415ad393	srai	x7,x21,0x15	 x21:0x1b5052c8  x7=0x000000da
       5265.000 ns	       525	80000370	0139fd53	fadd.s	f26,f19,f19	 f19:0x7fc00000 f19:0x7fc00000 f26=0x7fc00000
       5285.000 ns	       527	80000374	00e4a0b3	slt	x1,x9,x14	  x9:0x00000000 x14:0x80000000  x1=0x00000000
       5295.000 ns	       528	80000378	74ed2513	slti	x10,x26,1870	 x26:0x00000000 x10=0x00000001
       6465.000 ns	       645	8000037c	580c35d3	fsqrt.s	f11,f24	 f24:0x7f7fffff f11=0x5f350461
       6495.000 ns	       648	80000380	c0102653	fcvt.wu.s	x12,f0	  f0:0xff800000 x12=0x00000000
       6515.000 ns	       650	80000384	00c06033	or	x0,x0,x12	  x0:0x00000000 x12:0x00000004
       6535.000 ns	       652	80000388	03fb2d33	mulhsu	x26,x22,x31	 x22:0x0000000e x31:0xfafeddbe x26=0x0000000d
       6575.000 ns	       656	8000038c	18e27353	fdiv.s	f6,f4,f14	  f4:0xff800000 f14:0x00431123  f6=0xff800000
       6605.000 ns	       659	80000390	201229d3	fsgnjx.s	f19,f4,f1	  f4:0xff800000  f1:0x7f800000 f19=0xff800000
       6625.000 ns	       661	80000394	4111d393	srai	x7,x3,0x11	  x3:0x00000000  x7=0x00000000
       6635.000 ns	       662	80000398	4014d7b3	sra	x15,x9,x1	  x9:0x00000000  x1:0x00000000 x15=0x00000000
       6645.000 ns	       663	8000039c	00000013	addi	x0,x0,0	  x0:0x00000000
       6665.000 ns	       665	800003a0	21761cd3	fsgnjn.s	f25,f12,f23	 f12:0xffffffff f23:0x4f000410 f25=0xffffffff
       6695.000 ns	       668	800003a4	283d94d3	fmax.s	f9,f27,f3	 f27:0x7f800000  f3:0x00659385  f9=0x7f800000
       6725.000 ns	       671	800003a8	03e053b3	divu	x7,x0,x30	  x0:0x00000000 x30:0x00000000  x7=0xffffffff
       7095.000 ns	       708	800003ac	022bf133	remu	x2,x23,x2	 x23:0xffffffff  x2:0xfffffd71  x2=0x0000028e
       7125.000 ns	       711	800003b0	02076bb3	rem	x23,x14,x0	 x14:0x80000000  x0:0x00000000 x23=0x80000000
       7155.000 ns	       714	800003b4	a07f97d3	flt.s	x15,f31,f7	 f31:0x7fc00000  f7:0x7f800000 x15=0x00000000
       7185.000 ns	       717	800003b8	c00ff0d3	fcvt.w.s	x1,f31	 f31:0x7fc00000  x1=0x7fffffff
       7235.000 ns	       722	800003bc	0102ca53	fadd.s	f20,f5,f16	  f5:0x7f800001 f16:0x00431123 f20=0x7fc00000
       7255.000 ns	       724	800003c0	4022de33	sra	x28,x5,x2	  x5:0x00000000  x2:0x0000028e x28=0x00000000
       7265.000 ns	       725	800003c4	c7847513	andi	x10,x8,-904	  x8:0x00000000 x10=0x00000000
       7285.000 ns	       727	800003c8	d0027ed3	fcvt.s.w	f29,x4	  x4:0xffffffff f29=0xbf800000
       7305.000 ns	       729	800003cc	fcd95f37	lui	x30,0xfcd95	 x30=0xfcd95000
       7325.000 ns	       731	800003d0	027e93b3	mulh	x7,x29,x7	 x29:0x80040fe4  x7:0xffffffff  x7=0x00000000
       7365.000 ns	       735	800003d4	190dfad3	fdiv.s	f21,f27,f16	 f27:0x7f800000 f16:0x00431123 f21=0x7f800000
       7385.000 ns	       737	800003d8	016dbbb3	sltu	x23,x27,x22	 x27:0xfffffbc4 x22:0x0000000e x23=0x00000000
       7395.000 ns	       738	800003dc	2c100193	addi	x3,x0,705	  x0:0x00000000  x3=0x000002c1
       7405.000 ns	       739	800003e0	17258713	addi	x14,x11,370	 x11:0x00000000 x14=0x00000172
       7425.000 ns	       741	800003e4	02ca7133	remu	x2,x20,x12	 x20:0x00000000 x12:0x00000000  x2=0x00000000
       7445.000 ns	       743	800003e8	00000013	addi	x0,x0,0	  x0:0x00000000
       7455.000 ns	       744	800003ec	5937af37	lui	x30,0x5937a	 x30=0x5937a000
       7475.000 ns	       746	800003f0	02aa6333	rem	x6,x20,x10	 x20:0x00000000 x10:0x00000000  x6=0x00000000
       7495.000 ns	       748	800003f4	58303c93	sltiu	x25,x0,1411	  x0:0x00000000 x25=0x00000001
       7515.000 ns	       750	800003f8	c01bfe53	fcvt.wu.s	x28,f23	 f23:0x4f000410 x28=0x80041000
       7545.000 ns	       753	800003fc	2120a1d3	fsgnjx.s	f3,f1,f18	  f1:0x7f800000 f18:0x647ebf1f  f3=0x7f800000
       7565.000 ns	       755	80000400	6538f093	andi	x1,x17,1619	 x17:0x80041024  x1=0x00000000
       7595.000 ns	       758	80000404	5801f853	fsqrt.s	f16,f3	  f3:0x7f800000 f16=0x7f800000
       7635.000 ns	       762	80000408	1068ffd3	fmul.s	f31,f17,f6	 f17:0xff800000  f6:0xff800000 f31=0x7f800000
       7655.000 ns	       764	8000040c	01e2cb33	xor	x22,x5,x30	  x5:0x00000000 x30:0x5937a000 x22=0x5937a000
       7665.000 ns	       765	80000410	01a87533	and	x10,x16,x26	 x16:0x80000000 x26:0x0000000d x10=0x00000000
       7675.000 ns	       766	80000414	5d117b13	andi	x22,x2,1489	  x2:0x00000000 x22=0x00000000
       8035.000 ns	       802	80000418	03f745b3	div	x11,x14,x31	 x14:0x00000172 x31:0xfafeddbe x11=0x00000000
       8055.000 ns	       804	8000041c	1712ec93	ori	x25,x5,369	  x5:0x00000000 x25=0x00000171
       8075.000 ns	       806	80000420	e0030a53	fmv.x.w	x20,f6	  f6:0xff800000 x20=0xff800000
       8095.000 ns	       808	80000424	413a04b3	sub	x9,x20,x19	 x20:0x00000000 x19:0x88000000  x9=0x77800000
       8105.000 ns	       809	80000428	3ba7a393	slti	x7,x15,954	 x15:0x00000000  x7=0x00000001
       8115.000 ns	       810	8000042c	01bbef13	ori	x30,x23,27	 x23:0x00000000 x30=0x0000001b
       8135.000 ns	       812	80000430	d00d79d3	fcvt.s.w	f19,x26	 x26:0x0000000d f19=0x41500000
       8155.000 ns	       814	80000434	00a1d693	srli	x13,x3,0xa	  x3:0x000002c1 x13=0x00000000
       8175.000 ns	       816	80000438	d010b053	fcvt.s.wu	f0,x1	  x1:0x00000000  f0=0x00000000
       8225.000 ns	       821	8000043c	0105f3d3	fadd.s	f7,f11,f16	 f11:0x5f350461 f16:0x7f800000  f7=0x7f800000
       8245.000 ns	       823	80000440	01e58533	add	x10,x11,x30	 x11:0x00000000 x30:0x0000001b x10=0x0000001b
       8255.000 ns	       824	80000444	0196a633	slt	x12,x13,x25	 x13:0x00000000 x25:0x00000171 x12=0x00000001
       8285.000 ns	       827	80000448	10eff853	fmul.s	f16,f31,f14	 f31:0x7f800000 f14:0x00431123 f16=0x7f800000
       8315.000 ns	       830	8000044c	c00a8e53	fcvt.w.s	x28,f21	 f21:0x7f800000 x28=0x7fffffff
       8335.000 ns	       832	80000450	3690c013	xori	x0,x1,873	  x1:0x00000000
       8345.000 ns	       833	80000454	016df7b3	and	x15,x27,x22	 x27:0xfffffbc4 x22:0x00000000 x15=0x00000000
       8705.000 ns	       869	80000458	02e874b3	remu	x9,x16,x14	 x16:0x80000000 x14:0x00000172  x9=0x0000013e
       8735.000 ns	       872	8000045c	e00f0753	fmv.x.w	x14,f30	 f30:0x7fc00000 x14=0x7fc00000
       8765.000 ns	       875	80000460	d01a10d3	fcvt.s.wu	f1,x20	 x20:0xff800000  f1=0x4f7f8000
       8785.000 ns	       877	80000464	8d992693	slti	x13,x18,-1831	 x18:0x00000000 x13=0x00000000
       8795.000 ns	       878	80000468	87672717	auipc	x14,0x87672	 x14=0x07672468
       8805.000 ns	       879	8000046c	3fb70c93	addi	x25,x14,1019	 x14:0x7fc00000 x25=0x07672863
       8815.000 ns	       880	80000470	df8e2193	slti	x3,x28,-520	 x28:0x7fffffff  x3=0x00000000
       8825.000 ns	       881	80000474	0037b033	sltu	x0,x15,x3	 x15:0x00000000  x3:0x000002c1
       8845.000 ns	       883	80000478	207da4d3	fsgnjx.s	f9,f27,f7	 f27:0x7f800000  f7:0x7f800000  f9=0x7f800000
       8865.000 ns	       885	8000047c	00731c93	slli	x25,x6,0x7	  x6:0x00000000 x25=0x00000000
       8875.000 ns	       886	80000480	01639113	slli	x2,x7,0x16	  x7:0x00000001  x2=0x00400000
       9235.000 ns	       922	80000484	038763b3	rem	x7,x14,x24	 x14:0x07672468 x24:0x80000000  x7=0x07672468
       9255.000 ns	       924	80000488	019badb3	slt	x27,x23,x25	 x23:0x00000000 x25:0x00000000 x27=0x00000000
       9265.000 ns	       925	8000048c	c6c15117	auipc	x2,0xc6c15	  x2=0x46c1548c
       9295.000 ns	       928	80000490	1161c0d3	fmul.s	f1,f3,f22	  f3:0x7f800000 f22:0x00000000  f1=0x7fc00000
       9665.000 ns	       965	80000494	030c5bb3	divu	x23,x24,x16	 x24:0x80000000 x16:0x80000000 x23=0x00000001
       9695.000 ns	       968	80000498	c01bbc53	fcvt.wu.s	x24,f23	 f23:0x4f000410 x24=0x80041000
       9725.000 ns	       971	8000049c	a0521753	flt.s	x14,f4,f5	  f4:0xff800000  f5:0x7f800001 x14=0x00000000
       9755.000 ns	       974	800004a0	e0039353	fclass.s	x6,f7	  f7:0x7f800000  x6=0x00000080
       9785.000 ns	       977	800004a4	a0789c53	flt.s	x24,f17,f7	 f17:0xff800000  f7:0x7f800000 x24=0x00000001
       9815.000 ns	       980	800004a8	f00b04d3	fmv.w.x	f9,x22	 x22:0x00000000  f9=0x00000000
       9845.000 ns	       983	800004ac	289106d3	fmin.s	f13,f2,f9	  f2:0x7fc00000  f9:0x7f800000 f13=0x00000000
       9875.000 ns	       986	800004b0	f0040853	fmv.w.x	f16,x8	  x8:0x00000000 f16=0x00000000
       9895.000 ns	       988	800004b4	00585b93	srli	x23,x16,0x5	 x16:0x80000000 x23=0x04000000
       9915.000 ns	       990	800004b8	21469c53	fsgnjn.s	f24,f13,f20	 f13:0x00000000 f20:0x7fc00000 f24=0x80000000
       9935.000 ns	       992	800004bc	00aaac33	slt	x24,x21,x10	 x21:0x1b5052c8 x10:0x0000001b x24=0x00000000
       9955.000 ns	       994	800004c0	03ce2333	mulhsu	x6,x28,x28	 x28:0x7fffffff x28:0x7fffffff  x6=0x3fffffff
       9985.000 ns	       997	800004c4	e0048a53	fmv.x.w	x20,f9	  f9:0x00000000 x20=0x00000000
      10015.000 ns	      1000	800004c8	c00f7653	fcvt.w.s	x12,f30	 f30:0x7fc00000 x12=0x7fffffff
      10045.000 ns	      1003	800004cc	d00270d3	fcvt.s.w	f1,x4	  x4:0xffffffff  f1=0xbf800000
      10065.000 ns	      1005	800004d0	03ede413	ori	x8,x27,62	 x27:0x00000000  x8=0x0000003e
      10085.000 ns	      1007	800004d4	218b1753	fsgnjn.s	f14,f22,f24	 f22:0x00000000 f24:0x80000000 f14=0x00000000
      10105.000 ns	      1009	800004d8	00b7e6b3	or	x13,x15,x11	 x15:0x00000000 x11:0x00000000 x13=0x00000000
      10125.000 ns	      1011	800004dc	28210d53	fmin.s	f26,f2,f2	  f2:0x7fc00000  f2:0x7fc00000 f26=0x7fc00000
      10155.000 ns	      1014	800004e0	213a0353	fsgnj.s	f6,f20,f19	 f20:0x7fc00000 f19:0x41500000  f6=0x7fc00000
      10185.000 ns	      1017	800004e4	21672d53	fsgnjx.s	f26,f14,f22	 f14:0x00000000 f22:0x00000000 f26=0x00000000
      10215.000 ns	      1020	800004e8	a06892d3	flt.s	x5,f17,f6	 f17:0xff800000  f6:0x7fc00000  x5=0x00000000
      10245.000 ns	      1023	800004ec	02b52db3	mulhsu	x27,x10,x11	 x10:0x0000001b x11:0x00000000 x27=0x00000000
      10275.000 ns	      1026	800004f0	d013b4d3	fcvt.s.wu	f9,x7	  x7:0x07672468  f9=0x4cece48d
      10295.000 ns	      1028	800004f4	01368cb3	add	x25,x13,x19	 x13:0x00000000 x19:0x88000000 x25=0x88000000
      10305.000 ns	      1029	800004f8	40985a93	srai	x21,x16,0x9	 x16:0x80000000 x21=0xffc00000
      10325.000 ns	      1031	800004fc	294a9253	fmax.s	f4,f21,f20	 f21:0x7f800000 f20:0x7fc00000  f4=0x7f800000
      10355.000 ns	      1034	80000500	a140a253	feq.s	x4,f1,f20	  f1:0xbf800000 f20:0x7fc00000  x4=0x00000000
      10385.000 ns	      1037	80000504	c016c6d3	fcvt.wu.s	x13,f13	 f13:0x00000000 x13=0x00000000
      10755.000 ns	      1074	80000508	03745433	divu	x8,x8,x23	  x8:0x0000003e x23:0x04000000  x8=0x00000000
      10775.000 ns	      1076	8000050c	90cf7593	andi	x11,x30,-1780	 x30:0x0000001b x11=0x00000008
      10795.000 ns	      1078	80000510	a1ae2153	feq.s	x2,f28,f26	 f28:0xff800001 f26:0x00000000  x2=0x00000000
      10815.000 ns	      1080	80000514	40ec5313	srai	x6,x24,0xe	 x24:0x00000000  x6=0x00000000
      10825.000 ns	      1081	80000518	8cc78317	auipc	x6,0x8cc78	  x6=0x0cc78518
      10845.000 ns	      1083	8000051c	f00581d3	fmv.w.x	f3,x11	 x11:0x00000008  f3=0x00000008
      10865.000 ns	      1085	80000520	95e1ac13	slti	x24,x3,-1698	  x3:0x00000000 x24=0x00000000
      10875.000 ns	      1086	80000524	01aa8a33	add	x20,x21,x26	 x21:0xffc00000 x26:0x0000000d x20=0xffc0000d
      10885.000 ns	      1087	80000528	065d3c13	sltiu	x24,x26,101	 x26:0x0000000d x24=0x00000001
      10905.000 ns	      1089	8000052c	d00fb353	fcvt.s.w	f6,x31	 x31:0xfafeddbe  f6=0xcca02449
      10935.000 ns	      1092	80000530	28221ad3	fmax.s	f21,f4,f2	  f4:0x7f800000  f2:0x7fc00000 f21=0x7f800000
      10955.000 ns	      1094	80000534	403e0333	sub	x6,x28,x3	 x28:0x7fffffff  x3:0x00000000  x6=0x7fffffff
      10965.000 ns	      1095	80000538	01069713	slli	x14,x13,0x10	 x13:0x00000000 x14=0x00000000
      10985.000 ns	      1097	8000053c	02aa13b3	mulh	x7,x20,x10	 x20:0xffc0000d x10:0x0000001b  x7=0xffffffff
      11005.000 ns	      1099	80000540	410f5413	srai	x8,x30,0x10	 x30:0x0000001b  x8=0x00000000
      11015.000 ns	      1100	80000544	00000013	addi	x0,x0,0	  x0:0x00000000
      11025.000 ns	      1101	80000548	bde7e593	ori	x11,x15,-1058	 x15:0x00000000 x11=0xfffffbde
      11035.000 ns	      1102	8000054c	01434093	xori	x1,x6,20	  x6:0x7fffffff  x1=0x7fffffeb
      11055.000 ns	      1104	80000550	21d61bd3	fsgnjn.s	f23,f12,f29	 f12:0xffffffff f29:0xbf800000 f23=0x7fffffff
      11075.000 ns	      1106	80000554	01480733	add	x14,x16,x20	 x16:0x80000000 x20:0xffc0000d x14=0x7fc0000d
      11085.000 ns	      1107	80000558	00717f33	and	x30,x2,x7	  x2:0x00000000  x7:0xffffffff x30=0x00000000
      11105.000 ns	      1109	8000055c	21712453	fsgnjx.s	f8,f2,f23	  f2:0x7fc00000 f23:0x7fffffff  f8=0x7fc00000
      11125.000 ns	      1111	80000560	70c0ca13	xori	x20,x1,1804	  x1:0x7fffffeb x20=0x7ffff8e7
      11145.000 ns	      1113	80000564	29601853	fmax.s	f16,f0,f22	  f0:0x00000000 f22:0x00000000 f16=0x00000000
      11175.000 ns	      1116	80000568	20dc9cd3	fsgnjn.s	f25,f25,f13	 f25:0xffffffff f13:0x00000000 f25=0xffffffff
      11205.000 ns	      1119	8000056c	a01a17d3	flt.s	x15,f20,f1	 f20:0x7fc00000  f1:0xbf800000 x15=0x00000000
      11225.000 ns	      1121	80000570	c6c390b7	lui	x1,0xc6c39	  x1=0xc6c39000
      11235.000 ns	      1122	80000574	01912033	slt	x0,x2,x25	  x2:0x00000000 x25:0x88000000
      11255.000 ns	      1124	80000578	203e1453	fsgnjn.s	f8,f28,f3	 f28:0xff800001  f3:0x00000008  f8=0xff800001
      11295.000 ns	      1128	8000057c	11b97753	fmul.s	f14,f18,f27	 f18:0x647ebf1f f27:0x7f800000 f14=0x7f800000
      11325.000 ns	      1131	80000580	0354b4b3	mulhu	x9,x9,x21	  x9:0x0000013e x21:0xffc00000  x9=0x0000013d
      11695.000 ns	      1168	80000584	029dd433	divu	x8,x27,x9	 x27:0x00000000  x9:0x0000013e  x8=0x00000000
      11715.000 ns	      1170	80000588	00fed293	srli	x5,x29,0xf	 x29:0x80040fe4  x5=0x00010008
      11725.000 ns	      1171	8000058c	01b14ab3	xor	x21,x2,x27	  x2:0x00000000 x27:0x00000000 x21=0x00000000
      11735.000 ns	      1172	80000590	6f0d33b7	lui	x7,0x6f0d3	  x7=0x6f0d3000
      11745.000 ns	      1173	80000594	00b614b3	sll	x9,x12,x11	 x12:0x7fffffff x11:0xfffffbde  x9=0xc0000000
      11765.000 ns	      1175	80000598	03fe1b33	mulh	x22,x28,x31	 x28:0x7fffffff x31:0xfafeddbe x22=0xfd7f6edf
      11785.000 ns	      1177	8000059c	4013df13	srai	x30,x7,0x1	  x7:0x6f0d3000 x30=0x37869800
      11795.000 ns	      1178	800005a0	41a25633	sra	x12,x4,x26	  x4:0x00000000 x26:0x0000000d x12=0x00000000
      11805.000 ns	      1179	800005a4	01d021b3	slt	x3,x0,x29	  x0:0x00000000 x29:0x80040fe4  x3=0x00000000
      11825.000 ns	      1181	800005a8	c00c72d3	fcvt.w.s	x5,f24	 f24:0x80000000  x5=0x00000000
      11855.000 ns	      1184	800005ac	20c89dd3	fsgnjn.s	f27,f17,f12	 f17:0xff800000 f12:0xffffffff f27=0x7f800000
      11875.000 ns	      1186	800005b0	00059b33	sll	x22,x11,x0	 x11:0xfffffbde  x0:0x00000000 x22=0xfffffbde
      11885.000 ns	      1187	800005b4	00a26ab3	or	x21,x4,x10	  x4:0x00000000 x10:0x0000001b x21=0x0000001b
      11905.000 ns	      1189	800005b8	a19a20d3	feq.s	x1,f20,f25	 f20:0x7fc00000 f25:0xffffffff  x1=0x00000000
      11935.000 ns	      1192	800005bc	025e7933	remu	x18,x28,x5	 x28:0x7fffffff  x5:0x00000000 x18=0x7fffffff
      11965.000 ns	      1195	800005c0	e0060c53	fmv.x.w	x24,f12	 f12:0xffffffff x24=0xffffffff
      11985.000 ns	      1197	800005c4	40fe86b3	sub	x13,x29,x15	 x29:0x80040fe4 x15:0x00000000 x13=0x80040fe4
      12005.000 ns	      1199	800005c8	e00590d3	fclass.s	x1,f11	 f11:0x5f350461  x1=0x00000040
      12375.000 ns	      1236	800005cc	03f16733	rem	x14,x2,x31	  x2:0x00000000 x31:0xfafeddbe x14=0x00000000
      12395.000 ns	      1238	800005d0	005d4d33	xor	x26,x26,x5	 x26:0x0000000d  x5:0x00000000 x26=0x0000000d
      12415.000 ns	      1240	800005d4	205b1ad3	fsgnjn.s	f21,f22,f5	 f22:0x00000000  f5:0x7f800001 f21=0x80000000
      12445.000 ns	      1243	800005d8	020ca633	mulhsu	x12,x25,x0	 x25:0x88000000  x0:0x00000000 x12=0x00000000
      12475.000 ns	      1246	800005dc	d0004153	fcvt.s.w	f2,x0	  x0:0x00000000  f2=0x00000000
      12495.000 ns	      1248	800005e0	6647ec13	ori	x24,x15,1636	 x15:0x00000000 x24=0x00000664
      12525.000 ns	      1251	800005e4	11497553	fmul.s	f10,f18,f20	 f18:0x647ebf1f f20:0x7fc00000 f10=0x7fc00000
      12555.000 ns	      1254	800005e8	034babb3	mulhsu	x23,x23,x20	 x23:0x04000000 x20:0x7ffff8e7 x23=0x01ffffe3
      12585.000 ns	      1257	800005ec	e0011bd3	fclass.s	x23,f2	  f2:0x00000000 x23=0x00000010
      12625.000 ns	      1261	800005f0	1074c353	fmul.s	f6,f9,f7	  f9:0x4cece48d  f7:0x7f800000  f6=0x7f800000
      12645.000 ns	      1263	800005f4	99f68f13	addi	x30,x13,-1633	 x13:0x80040fe4 x30=0x80040983
      12665.000 ns	      1265	800005f8	039980b3	mul	x1,x19,x25	 x19:0x88000000 x25:0x88000000  x1=0x00000000
      12685.000 ns	      1267	800005fc	e1ebaab7	lui	x21,0xe1eba	 x21=0xe1eba000
      12705.000 ns	      1269	80000600	038806b3	mul	x13,x16,x24	 x16:0x80000000 x24:0x00000664 x13=0x00000000
      12735.000 ns	      1272	80000604	29810453	fmin.s	f8,f2,f24	  f2:0x00000000 f24:0x80000000  f8=0x80000000
      12765.000 ns	      1275	80000608	02e56033	rem	x0,x10,x14	 x10:0x0000001b x14:0x00000000
      12815.000 ns	      1280	8000060c	09507853	fsub.s	f16,f0,f21	  f0:0x00000000 f21:0x80000000 f16=0x00000000
      12845.000 ns	      1283	80000610	c008a753	fcvt.w.s	x14,f17	 f17:0xff800000 x14=0x80000000
      12865.000 ns	      1285	80000614	01ac0733	add	x14,x24,x26	 x24:0x00000664 x26:0x0000000d x14=0x00000671
      12875.000 ns	      1286	80000618	c0cda197	auipc	x3,0xc0cda	  x3=0x40cda618
      12905.000 ns	      1289	8000061c	19467153	fdiv.s	f2,f12,f20	 f12:0xffffffff f20:0x7fc00000  f2=0x7fc00000
      12935.000 ns	      1292	80000620	a10a9953	flt.s	x18,f21,f16	 f21:0x80000000 f16:0x00000000 x18=0x00000000
      12955.000 ns	      1294	80000624	01b71533	sll	x10,x14,x27	 x14:0x00000671 x27:0x00000000 x10=0x00000671
      12985.000 ns	      1297	80000628	580c9953	fsqrt.s	f18,f25	 f25:0xffffffff f18=0x7fc00000
      13015.000 ns	      1300	8000062c	e00810d3	fclass.s	x1,f16	 f16:0x00000000  x1=0x00000010
      13045.000 ns	      1303	80000630	03e60db3	mul	x27,x12,x30	 x12:0x00000000 x30:0x80040983 x27=0x00000000
      13065.000 ns	      1305	80000634	413c8133	sub	x2,x25,x19	 x25:0x88000000 x19:0x88000000  x2=0x00000000
      13095.000 ns	      1308	80000638	111b05d3	fmul.s	f11,f22,f17	 f22:0x00000000 f17:0xff800000 f11=0x7fc00000
      13125.000 ns	      1311	8000063c	d01b3fd3	fcvt.s.wu	f31,x22	 x22:0xfffffbde f31=0x4f7ffffc
      13145.000 ns	      1313	80000640	0094e733	or	x14,x9,x9	  x9:0xc0000000  x9:0xc0000000 x14=0xc0000000
      13165.000 ns	      1315	80000644	c0021453	fcvt.w.s	x8,f4	  f4:0x7f800000  x8=0x7fffffff
      13185.000 ns	      1317	80000648	01e11613	slli	x12,x2,0x1e	  x2:0x00000000 x12=0x00000000
      13205.000 ns	      1319	8000064c	e0071f53	fclass.s	x30,f14	 f14:0x7f800000 x30=0x00000080
      13235.000 ns	      1322	80000650	292b1453	fmax.s	f8,f22,f18	 f22:0x00000000 f18:0x7fc00000  f8=0x00000000
      13255.000 ns	      1324	80000654	b47421b7	lui	x3,0xb4742	  x3=0xb4742000
      13265.000 ns	      1325	80000658	3fb2a693	slti	x13,x5,1019	  x5:0x00000000 x13=0x00000001
      13275.000 ns	      1326	8000065c	006971b3	and	x3,x18,x6	 x18:0x00000000  x6:0x7fffffff  x3=0x00000000
      13635.000 ns	      1362	80000660	02a3ebb3	rem	x23,x7,x10	  x7:0x6f0d3000 x10:0x00000671 x23=0x0000040f
      13665.000 ns	      1365	80000664	a1cf9a53	flt.s	x20,f31,f28	 f31:0x4f7ffffc f28:0xff800001 x20=0x00000000
      13685.000 ns	      1367	80000668	44e68297	auipc	x5,0x44e68	  x5=0xc4e68668
      13705.000 ns	      1369	8000066c	2055ad53	fsgnjx.s	f26,f11,f5	 f11:0x7fc00000  f5:0x7f800001 f26=0x7fc00000
      13735.000 ns	      1372	80000670	a1170f53	fle.s	x30,f14,f17	 f14:0x7f800000 f17:0xff800000 x30=0x00000000
      13765.000 ns	      1375	80000674	02a82133	mulhsu	x2,x16,x10	 x16:0x80000000 x10:0x00000671  x2=0xfffffcc7
      13785.000 ns	      1377	80000678	7c7c4513	xori	x10,x24,1991	 x24:0x00000664 x10=0x000001a3
      14145.000 ns	      1413	8000067c	037bfd33	remu	x26,x23,x23	 x23:0x0000040f x23:0x0000040f x26=0x00000000
      14165.000 ns	      1415	80000680	01d48533	add	x10,x9,x29	  x9:0xc0000000 x29:0x80040fe4 x10=0x40040fe4
      14205.000 ns	      1419	80000684	011b8a53	fadd.s	f20,f23,f17	 f23:0x7fffffff f17:0xff800000 f20=0x7fc00000
      14235.000 ns	      1422	80000688	20848253	fsgnj.s	f4,f9,f8	  f9:0x4cece48d  f8:0x00000000  f4=0x4cece48d
      14265.000 ns	      1425	8000068c	d0107353	fcvt.s.wu	f6,x0	  x0:0x00000000  f6=0x00000000
      14295.000 ns	      1428	80000690	e00986d3	fmv.x.w	x13,f19	 f19:0x41500000 x13=0x41500000
      14325.000 ns	      1431	80000694	a03025d3	feq.s	x11,f0,f3	  f0:0x00000000  f3:0x00000008 x11=0x00000000
      14355.000 ns	      1434	80000698	02fd7833	remu	x16,x26,x15	 x26:0x00000000 x15:0x00000000 x16=0x00000000
      14375.000 ns	      1436	8000069c	724e2313	slti	x6,x28,1828	 x28:0x7fffffff  x6=0x00000000
      14385.000 ns	      1437	800006a0	42034313	xori	x6,x6,1056	  x6:0x7fffffff  x6=0x00000420
      14745.000 ns	      1473	800006a4	02e1dc33	divu	x24,x3,x14	  x3:0x00000000 x14:0xc0000000 x24=0x00000000
      14765.000 ns	      1475	800006a8	01bbae33	slt	x28,x23,x27	 x23:0x0000040f x27:0x00000000 x28=0x00000000
      14785.000 ns	      1477	800006ac	c00a7353	fcvt.w.s	x6,f20	 f20:0x7fc00000  x6=0x7fffffff
      14805.000 ns	      1479	800006b0	4299c013	xori	x0,x19,1065	 x19:0x88000000
      14815.000 ns	      1480	800006b4	c139bd13	sltiu	x26,x19,-1005	 x19:0x88000000 x26=0x00000001
      14825.000 ns	      1481	800006b8	01aa3033	sltu	x0,x20,x26	 x20:0x00000000 x26:0x00000000
      14845.000 ns	      1483	800006bc	f0058d53	fmv.w.x	f26,x11	 x11:0x00000000 f26=0x00000000
      14875.000 ns	      1486	800006c0	20801a53	fsgnjn.s	f20,f0,f8	  f0:0x00000000  f8:0x00000000 f20=0x80000000
      14895.000 ns	      1488	800006c4	d7fae813	ori	x16,x21,-641	 x21:0xe1eba000 x16=0xfffffd7f
      14915.000 ns	      1490	800006c8	a13019d3	flt.s	x19,f0,f19	  f0:0x00000000 f19:0x41500000 x19=0x00000001
      14945.000 ns	      1493	800006cc	e00e07d3	fmv.x.w	x15,f28	 f28:0xff800001 x15=0xff800001
      14965.000 ns	      1495	800006d0	00b59e13	slli	x28,x11,0xb	 x11:0x00000000 x28=0x00000000
      14975.000 ns	      1496	800006d4	009cfc33	and	x24,x25,x9	 x25:0x88000000  x9:0xc0000000 x24=0x80000000
      14995.000 ns	      1498	800006d8	033c8a33	mul	x20,x25,x19	 x25:0x88000000 x19:0x00000001 x20=0x88000000
      15025.000 ns	      1501	800006dc	02c44db3	div	x27,x8,x12	  x8:0x7fffffff x12:0x00000000 x27=0xffffffff
      15045.000 ns	      1503	800006e0	016475b3	and	x11,x8,x22	  x8:0x7fffffff x22:0xfffffbde x11=0x7ffffbde
      15065.000 ns	      1505	800006e4	03a80b33	mul	x22,x16,x26	 x16:0xfffffd7f x26:0x00000001 x22=0xfffffd7f
      15085.000 ns	      1507	800006e8	b398ff13	andi	x30,x17,-1223	 x17:0x80041024 x30=0x80041020
      15095.000 ns	      1508	800006ec	41b683b3	sub	x7,x13,x27	 x13:0x41500000 x27:0xffffffff  x7=0x41500001
      15115.000 ns	      1510	800006f0	d00b7f53	fcvt.s.w	f30,x22	 x22:0xfffffd7f f30=0xc4204000
      15135.000 ns	      1512	800006f4	37fe6c93	ori	x25,x28,895	 x28:0x00000000 x25=0x0000037f
      15145.000 ns	      1513	800006f8	f47f7c93	andi	x25,x30,-185	 x30:0x80041020 x25=0x80041000
      16315.000 ns	      1630	800006fc	580ffed3	fsqrt.s	f29,f31	 f31:0x4f7ffffc f29=0x47350461
      16335.000 ns	      1632	80000700	019bda33	srl	x20,x23,x25	 x23:0x0000040f x25:0x0000037f x20=0x0000040f
      16355.000 ns	      1634	80000704	e00215d3	fclass.s	x11,f4	  f4:0x4cece48d x11=0x00000040
      16375.000 ns	      1636	80000708	36038793	addi	x15,x7,864	  x7:0x41500001 x15=0x41500361
      16395.000 ns	      1638	8000070c	e0011953	fclass.s	x18,f2	  f2:0x7fc00000 x18=0x00000200
      16415.000 ns	      1640	80000710	0f107413	andi	x8,x0,241	  x0:0x00000000  x8=0x00000000
      16435.000 ns	      1642	80000714	215d0753	fsgnj.s	f14,f26,f21	 f26:0x00000000 f21:0x80000000 f14=0x80000000
      16455.000 ns	      1644	80000718	8375a093	slti	x1,x11,-1993	 x11:0x00000040  x1=0x00000000
      16465.000 ns	      1645	8000071c	7adbfb13	andi	x22,x23,1965	 x23:0x0000040f x22=0x0000040d
      16485.000 ns	      1647	80000720	212022d3	fsgnjx.s	f5,f0,f18	  f0:0x00000000 f18:0x7fc00000  f5=0x00000000
      16505.000 ns	      1649	80000724	039e4493	xori	x9,x28,57	 x28:0x00000000  x9=0x00000039
      16525.000 ns	      1651	80000728	024ec633	div	x12,x29,x4	 x29:0x80040fe4  x4:0x00000000 x12=0xffffffff
      16545.000 ns	      1653	8000072c	00000013	addi	x0,x0,0	  x0:0x00000000
      16555.000 ns	      1654	80000730	6bcabd93	sltiu	x27,x21,1724	 x21:0xe1eba000 x27=0x00000000
      16575.000 ns	      1656	80000734	c01a33d3	fcvt.wu.s	x7,f20	 f20:0x80000000  x7=0x00000000
      16605.000 ns	      1659	80000738	21e992d3	fsgnjn.s	f5,f19,f30	 f19:0x41500000 f30:0xc4204000  f5=0x41500000
      16625.000 ns	      1661	8000073c	00ca75b3	and	x11,x20,x12	 x20:0x0000040f x12:0xffffffff x11=0x0000040f
      16635.000 ns	      1662	80000740	014e9033	sll	x0,x29,x20	 x29:0x80040fe4 x20:0x0000040f
      16655.000 ns	      1664	80000744	201f0f53	fsgnj.s	f30,f30,f1	 f30:0xc4204000  f1:0xbf800000 f30=0xc4204000
      17025.000 ns	      1701	80000748	038ef5b3	remu	x11,x29,x24	 x29:0x80040fe4 x24:0x80000000 x11=0x00040fe4
      17055.000 ns	      1704	8000074c	03193933	mulhu	x18,x18,x17	 x18:0x00000200 x17:0x80041024 x18=0x00000100
      17085.000 ns	      1707	80000750	d01bfa53	fcvt.s.wu	f20,x23	 x23:0x0000040f f20=0x4481e000
      17115.000 ns	      1710	80000754	c01514d3	fcvt.wu.s	x9,f10	 f10:0x7fc00000  x9=0xffffffff
      17135.000 ns	      1712	80000758	40d35813	srai	x16,x6,0xd	  x6:0x7fffffff x16=0x0003ffff
      17145.000 ns	      1713	8000075c	00665733	srl	x14,x12,x6	 x12:0xffffffff  x6:0x7fffffff x14=0x00000001
      17155.000 ns	      1714	80000760	f7ad6c93	ori	x25,x26,-134	 x26:0x00000001 x25=0xffffff7b
      17175.000 ns	      1716	80000764	0254a333	mulhsu	x6,x9,x5	  x9:0xffffffff  x5:0xc4e68668  x6=0xffffffff
      17195.000 ns	      1718	80000768	ff8c6a97	auipc	x21,0xff8c6	 x21=0x7f8c6768
      17215.000 ns	      1720	8000076c	d0068ed3	fcvt.s.w	f29,x13	 x13:0x41500000 f29=0x4e82a000
      17245.000 ns	      1723	80000770	032497b3	mulh	x15,x9,x18	  x9:0xffffffff x18:0x00000100 x15=0xffffffff
      17295.000 ns	      1728	80000774	00ba2ed3	fadd.s	f29,f20,f11	 f20:0x4481e000 f11:0x7fc00000 f29=0x7fc00000
      17315.000 ns	      1730	80000778	008d5d33	srl	x26,x26,x8	 x26:0x00000001  x8:0x00000000 x26=0x00000001
      17335.000 ns	      1732	8000077c	02a0ba33	mulhu	x20,x1,x10	  x1:0x00000000 x10:0x40040fe4 x20=0x00000000
      17355.000 ns	      1734	80000780	00051413	slli	x8,x10,0x0	 x10:0x40040fe4  x8=0x40040fe4
      17375.000 ns	      1736	80000784	034b4c33	div	x24,x22,x20	 x22:0x0000040d x20:0x00000000 x24=0xffffffff
      17395.000 ns	      1738	80000788	9ddc0b93	addi	x23,x24,-1571	 x24:0x80000000 x23=0xfffff9dc
      17415.000 ns	      1740	8000078c	f0040a53	fmv.w.x	f20,x8	  x8:0x40040fe4 f20=0x40040fe4
      17445.000 ns	      1743	80000790	298083d3	fmin.s	f7,f1,f24	  f1:0xbf800000 f24:0x80000000  f7=0xbf800000
      17465.000 ns	      1745	80000794	00ee9393	slli	x7,x29,0xe	 x29:0x80040fe4  x7=0x03f90000
      17485.000 ns	      1747	80000798	e0020553	fmv.x.w	x10,f4	  f4:0x4cece48d x10=0x4cece48d
      17505.000 ns	      1749	8000079c	002dd113	srli	x2,x27,0x2	 x27:0x00000000  x2=0x00000000
      17515.000 ns	      1750	800007a0	241174b7	lui	x9,0x24117	  x9=0x24117000
      17525.000 ns	      1751	800007a4	1fd6cc93	xori	x25,x13,509	 x13:0x41500000 x25=0x415001fd
      17885.000 ns	      1787	800007a8	02ae6833	rem	x16,x28,x10	 x28:0x00000000 x10:0x4cece48d x16=0x00000000
      17915.000 ns	      1790	800007ac	a043aad3	feq.s	x21,f7,f4	  f7:0xbf800000  f4:0x4cece48d x21=0x00000000
      17945.000 ns	      1793	800007b0	21161c53	fsgnjn.s	f24,f12,f17	 f12:0xffffffff f17:0xff800000 f24=0x7fffffff
      17975.000 ns	      1796	800007b4	21fe2753	fsgnjx.s	f14,f28,f31	 f28:0xff800001 f31:0x4f7ffffc f14=0xff800001
      18015.000 ns	      1800	800007b8	10427cd3	fmul.s	f25,f4,f4	  f4:0x4cece48d  f4:0x4cece48d f25=0x5a5b3630
      18035.000 ns	      1802	800007bc	00801533	sll	x10,x0,x8	  x0:0x00000000  x8:0x40040fe4 x10=0x00000000
      18055.000 ns	      1804	800007c0	0232eab3	rem	x21,x5,x3	  x5:0xc4e68668  x3:0x00000000 x21=0xc4e68668
      18085.000 ns	      1807	800007c4	03083033	mulhu	x0,x16,x16	 x16:0x00000000 x16:0x00000000
      18105.000 ns	      1809	800007c8	0113e833	or	x16,x7,x17	  x7:0x03f90000 x17:0x80041024 x16=0x83fd1024
      18115.000 ns	      1810	800007cc	00a55933	srl	x18,x10,x10	 x10:0x00000000 x10:0x00000000 x18=0x00000000
      18135.000 ns	      1812	800007d0	a1482b53	feq.s	x22,f16,f20	 f16:0x00000000 f20:0x40040fe4 x22=0x00000000
      18165.000 ns	      1815	800007d4	21740b53	fsgnj.s	f22,f8,f23	  f8:0x00000000 f23:0x7fffffff f22=0x00000000
      18185.000 ns	      1817	800007d8	4019dc93	srai	x25,x19,0x1	 x19:0x00000001 x25=0x00000000
      18205.000 ns	      1819	800007dc	e00b9e53	fclass.s	x28,f23	 f23:0x7fffffff x28=0x00000200
      18225.000 ns	      1821	800007e0	448ba393	slti	x7,x23,1096	 x23:0xfffff9dc  x7=0x00000001
      18245.000 ns	      1823	800007e4	28861c53	fmax.s	f24,f12,f8	 f12:0xffffffff  f8:0x00000000 f24=0x00000000
      18265.000 ns	      1825	800007e8	41588533	sub	x10,x17,x21	 x17:0x80041024 x21:0xc4e68668 x10=0xbb1d89bc
      18285.000 ns	      1827	800007ec	02f6b733	mulhu	x14,x13,x15	 x13:0x41500000 x15:0xffffffff x14=0x414fffff
      18315.000 ns	      1830	800007f0	e00a0153	fmv.x.w	x2,f20	 f20:0x40040fe4  x2=0x40040fe4
      18345.000 ns	      1833	800007f4	023a9933	mulh	x18,x21,x3	 x21:0xc4e68668  x3:0x00000000 x18=0x00000000
      18365.000 ns	      1835	800007f8	3f53f413	andi	x8,x7,1013	  x7:0x00000001  x8=0x00000001
      18395.000 ns	      1838	800007fc	1012f653	fmul.s	f12,f5,f1	  f5:0x41500000  f1:0xbf800000 f12=0xc1500000
      18425.000 ns	      1841	80000800	03925bb3	divu	x23,x4,x25	  x4:0x00000000 x25:0x00000000 x23=0xffffffff
      18445.000 ns	      1843	80000804	00000013	addi	x0,x0,0	  x0:0x00000000
      18465.000 ns	      1845	80000808	039f70b3	remu	x1,x30,x25	 x30:0x80041020 x25:0x00000000  x1=0x80041020
      18495.000 ns	      1848	8000080c	f0030e53	fmv.w.x	f28,x6	  x6:0xffffffff f28=0xffffffff
      18515.000 ns	      1850	80000810	c3b54913	xori	x18,x10,-965	 x10:0xbb1d89bc x18=0x44e27587
      18525.000 ns	      1851	80000814	08c07393	andi	x7,x0,140	  x0:0x00000000  x7=0x00000000
      18545.000 ns	      1853	80000818	207188d3	fsgnj.s	f17,f3,f7	  f3:0x00000008  f7:0xbf800000 f17=0x80000008
      18565.000 ns	      1855	8000081c	01781033	sll	x0,x16,x23	 x16:0x83fd1024 x23:0xffffffff
      18585.000 ns	      1857	80000820	e00687d3	fmv.x.w	x15,f13	 f13:0x00000000 x15=0x00000000
      18635.000 ns	      1862	80000824	006cb0d3	fadd.s	f1,f25,f6	 f25:0x5a5b3630  f6:0x00000000  f1=0x5a5b3630
      18665.000 ns	      1865	80000828	a0e48b53	fle.s	x22,f9,f14	  f9:0x4cece48d f14:0xff800001 x22=0x00000000
      18715.000 ns	      1870	8000082c	0938f4d3	fsub.s	f9,f17,f19	 f17:0x80000008 f19:0x41500000  f9=0xc1500000
      19085.000 ns	      1907	80000830	026dc833	div	x16,x27,x6	 x27:0x00000000  x6:0xffffffff x16=0x00000000
      19135.000 ns	      1912	80000834	09a9fb53	fsub.s	f22,f19,f26	 f19:0x41500000 f26:0x00000000 f22=0x41500000
      19165.000 ns	      1915	80000838	201d2053	fsgnjx.s	f0,f26,f1	 f26:0x00000000  f1:0x5a5b3630  f0=0x00000000
      19195.000 ns	      1918	8000083c	21028353	fsgnj.s	f6,f5,f16	  f5:0x41500000 f16:0x00000000  f6=0x41500000
      19565.000 ns	      1955	80000840	038855b3	divu	x11,x16,x24	 x16:0x00000000 x24:0xffffffff x11=0x00000000
      19585.000 ns	      1957	80000844	88862293	slti	x5,x12,-1912	 x12:0xffffffff  x5=0x00000000
      19945.000 ns	      1993	80000848	022cecb3	rem	x25,x25,x2	 x25:0x00000000  x2:0x40040fe4 x25=0x00000000
      19995.000 ns	      1998	8000084c	01ad79d3	fadd.s	f19,f26,f26	 f26:0x00000000 f26:0x00000000 f19=0x00000000
      20025.000 ns	      2001	80000850	28a48f53	fmin.s	f30,f9,f10	  f9:0xc1500000 f10:0x7fc00000 f30=0xc1500000
      20045.000 ns	      2003	80000854	08539a17	auipc	x20,0x8539	 x20=0x88539854
      20055.000 ns	      2004	80000858	00961f13	slli	x30,x12,0x9	 x12:0xffffffff x30=0xfffffe00
      20065.000 ns	      2005	8000085c	00000013	addi	x0,x0,0	  x0:0x00000000
      20085.000 ns	      2007	80000860	29c190d3	fmax.s	f1,f3,f28	  f3:0x00000008 f28:0xffffffff  f1=0x00000008
      20105.000 ns	      2009	80000864	ef47e9b7	lui	x19,0xef47e	 x19=0xef47e000
      20115.000 ns	      2010	80000868	01b1ddb3	srl	x27,x3,x27	  x3:0x00000000 x27:0x00000000 x27=0x00000000
      20475.000 ns	      2046	8000086c	02674bb3	div	x23,x14,x6	 x14:0x414fffff  x6:0xffffffff x23=0xbeb00001
      20495.000 ns	      2048	80000870	074484b7	lui	x9,0x7448	  x9=0x07448000
      20515.000 ns	      2050	80000874	d016c8d3	fcvt.s.wu	f17,x13	 x13:0x41500000 f17=0x4e82a000
      20535.000 ns	      2052	80000878	00000013	addi	x0,x0,0	  x0:0x00000000
      20555.000 ns	      2054	8000087c	f0008153	fmv.w.x	f2,x1	  x1:0x80041020  f2=0x80041020
      20575.000 ns	      2056	80000880	40478233	sub	x4,x15,x4	 x15:0x00000000  x4:0x00000000  x4=0x00000000
      20585.000 ns	      2057	80000884	00000013	addi	x0,x0,0	  x0:0x00000000
      20605.000 ns	      2059	80000888	c0120f53	fcvt.wu.s	x30,f4	  f4:0x4cece48d x30=0x07672468
      20625.000 ns	      2061	8000088c	017fc1b3	xor	x3,x31,x23	 x31:0xfafeddbe x23:0xbeb00001  x3=0x444eddbf
      20645.000 ns	      2063	80000890	d00eb453	fcvt.s.w	f8,x29	 x29:0x80040fe4  f8=0xcefff7e1
      20985.000 ns	      2097	80000894	18839953	fdiv.s	f18,f7,f8	  f7:0xbf800000  f8:0x00000000 f18=0x30000000
      21005.000 ns	      2099	80000898	f8dab513	sltiu	x10,x21,-115	 x21:0xc4e68668 x10=0x00000001
      21025.000 ns	      2101	8000089c	200f0b53	fsgnj.s	f22,f30,f0	 f30:0xc1500000  f0:0x00000000 f22=0x41500000
      21395.000 ns	      2138	800008a0	02e3cb33	div	x22,x7,x14	  x7:0x00000000 x14:0x414fffff x22=0x00000000
      21415.000 ns	      2140	800008a4	41c9db93	srai	x23,x19,0x1c	 x19:0xef47e000 x23=0xfffffffe
      21455.000 ns	      2144	800008a8	08d4f4d3	fsub.s	f9,f9,f13	  f9:0xc1500000 f13:0x00000000  f9=0xc1500000
      21825.000 ns	      2181	800008ac	03206933	rem	x18,x0,x18	  x0:0x00000000 x18:0x44e27587 x18=0x00000000
      21845.000 ns	      2183	800008b0	ab4d0713	addi	x14,x26,-1356	 x26:0x00000001 x14=0xfffffab5
      21875.000 ns	      2186	800008b4	1042fd53	fmul.s	f26,f5,f4	  f5:0x41500000  f4:0x4cece48d f26=0x4ec079b3
      21905.000 ns	      2189	800008b8	a0600353	fle.s	x6,f0,f6	  f0:0x00000000  f6:0x41500000  x6=0x00000001
      21925.000 ns	      2191	800008bc	00d3de33	srl	x28,x7,x13	  x7:0x00000000 x13:0x41500000 x28=0x00000000
      21945.000 ns	      2193	800008c0	c01479d3	fcvt.wu.s	x19,f8	  f8:0xcefff7e1 x19=0x7ffbf080
      21995.000 ns	      2198	800008c4	0984f9d3	fsub.s	f19,f9,f24	  f9:0xc1500000 f24:0x00000000 f19=0xc1500000
      22025.000 ns	      2201	800008c8	03aeb433	mulhu	x8,x29,x26	 x29:0x80040fe4 x26:0x00000001  x8=0x00000000
      22045.000 ns	      2203	800008cc	019e2bb3	slt	x23,x28,x25	 x28:0x00000000 x25:0x00000000 x23=0x00000000
      22055.000 ns	      2204	800008d0	41a5d313	srai	x6,x11,0x1a	 x11:0x00000000  x6=0x00000000
      22065.000 ns	      2205	800008d4	40088b33	sub	x22,x17,x0	 x17:0x80041024  x0:0x00000000 x22=0x80041024
      22085.000 ns	      2207	800008d8	f00f8553	fmv.w.x	f10,x31	 x31:0xfafeddbe f10=0xfafeddbe
      22125.000 ns	      2211	800008dc	5809f4d3	fsqrt.s	f9,f19	 f19:0xc1500000  f9=0x7fc00000
      22145.000 ns	      2213	800008e0	000827b3	slt	x15,x16,x0	 x16:0x00000000  x0:0x00000000 x15=0x00000000
      22165.000 ns	      2215	800008e4	02f8c1b3	div	x3,x17,x15	 x17:0x80041024 x15:0x00000000  x3=0xffffffff
      22185.000 ns	      2217	800008e8	df412993	slti	x19,x2,-524	  x2:0x40040fe4 x19=0x00000000
      22195.000 ns	      2218	800008ec	00941d93	slli	x27,x8,0x9	  x8:0x00000000 x27=0x00000000
      22215.000 ns	      2220	800008f0	f00288d3	fmv.w.x	f17,x5	  x5:0x00000000 f17=0x00000000
      22235.000 ns	      2222	800008f4	f7687d93	andi	x27,x16,-138	 x16:0x00000000 x27=0x00000000
      22255.000 ns	      2224	800008f8	a02a0153	fle.s	x2,f20,f2	 f20:0x40040fe4  f2:0x80041020  x2=0x00000000
      22275.000 ns	      2226	800008fc	01a29f33	sll	x30,x5,x26	  x5:0x00000000 x26:0x00000001 x30=0x00000000
      22285.000 ns	      2227	80000900	25b1c993	xori	x19,x3,603	  x3:0xffffffff x19=0xfffffda4
      22305.000 ns	      2229	80000904	21200c53	fsgnj.s	f24,f0,f18	  f0:0x00000000 f18:0x30000000 f24=0x00000000
      22335.000 ns	      2232	80000908	027661b3	rem	x3,x12,x7	 x12:0xffffffff  x7:0x00000000  x3=0xffffffff
      22355.000 ns	      2234	8000090c	41eb5713	srai	x14,x22,0x1e	 x22:0x80041024 x14=0xfffffffe
      22365.000 ns	      2235	80000910	00000013	addi	x0,x0,0	  x0:0x00000000
      22385.000 ns	      2237	80000914	037364b3	rem	x9,x6,x23	  x6:0x00000000 x23:0x00000000  x9=0x00000000
      22405.000 ns	      2239	80000918	8592aab7	lui	x21,0x8592a	 x21=0x8592a000
      22735.000 ns	      2272	8000091c	18317453	fdiv.s	f8,f2,f3	  f2:0x80041020  f3:0x00000008  f8=0xbcb78d2f
      22765.000 ns	      2275	80000920	d00015d3	fcvt.s.w	f11,x0	  x0:0x00000000 f11=0x00000000
      23135.000 ns	      2312	80000924	03395b33	divu	x22,x18,x19	 x18:0x00000000 x19:0xfffffda4 x22=0x00000000
      23155.000 ns	      2314	80000928	4115d733	sra	x14,x11,x17	 x11:0x00000000 x17:0x80041024 x14=0x00000000
      23165.000 ns	      2315	8000092c	015b5613	srli	x12,x22,0x15	 x22:0x00000000 x12=0x00000000
      23185.000 ns	      2317	80000930	020fb433	mulhu	x8,x31,x0	 x31:0xfafeddbe  x0:0x00000000  x8=0x00000000
      23205.000 ns	      2319	80000934	3dfce193	ori	x3,x25,991	 x25:0x00000000  x3=0x000003df
      23225.000 ns	      2321	80000938	29be97d3	fmax.s	f15,f29,f27	 f29:0x7fc00000 f27:0x7f800000 f15=0x7f800000
      23245.000 ns	      2323	8000093c	00a41333	sll	x6,x8,x10	  x8:0x00000000 x10:0x00000001  x6=0x00000000
      23265.000 ns	      2325	80000940	d00e7a53	fcvt.s.w	f20,x28	 x28:0x00000000 f20=0x00000000
      23285.000 ns	      2327	80000944	f4d8e413	ori	x8,x17,-179	 x17:0x80041024  x8=0xffffff6d
      23305.000 ns	      2329	80000948	292d9453	fmax.s	f8,f27,f18	 f27:0x7f800000 f18:0x30000000  f8=0x7f800000
      23325.000 ns	      2331	8000094c	402484b3	sub	x9,x9,x2	  x9:0x00000000  x2:0x00000000  x9=0x00000000
      23685.000 ns	      2367	80000950	0317ccb3	div	x25,x15,x17	 x15:0x00000000 x17:0x80041024 x25=0x00000000
      23715.000 ns	      2370	80000954	e00a9353	fclass.s	x6,f21	 f21:0x80000000  x6=0x00000008
      23735.000 ns	      2372	80000958	41c5d793	srai	x15,x11,0x1c	 x11:0x00000000 x15=0x00000000
      23745.000 ns	      2373	8000095c	00047d33	and	x26,x8,x0	  x8:0xffffff6d  x0:0x00000000 x26=0x00000000
      23765.000 ns	      2375	80000960	d00b71d3	fcvt.s.w	f3,x22	 x22:0x00000000  f3=0x00000000
      23795.000 ns	      2378	80000964	d01af253	fcvt.s.wu	f4,x21	 x21:0x8592a000  f4=0x4f0592a0
      23825.000 ns	      2381	80000968	20130c53	fsgnj.s	f24,f6,f1	  f6:0x41500000  f1:0x00000008 f24=0x41500000
      23855.000 ns	      2384	8000096c	a0870bd3	fle.s	x23,f14,f8	 f14:0xff800001  f8:0x7f800000 x23=0x00000000
      23885.000 ns	      2387	80000970	f00d01d3	fmv.w.x	f3,x26	 x26:0x00000000  f3=0x00000000
      23915.000 ns	      2390	80000974	e00000d3	fmv.x.w	x1,f0	  f0:0x00000000  x1=0x00000000
      23945.000 ns	      2393	80000978	02289333	mulh	x6,x17,x2	 x17:0x80041024  x2:0x00000000  x6=0x00000000
      23975.000 ns	      2396	8000097c	208195d3	fsgnjn.s	f11,f3,f8	  f3:0x00000000  f8:0x7f800000 f11=0x80000000
      23995.000 ns	      2398	80000980	744e8693	addi	x13,x29,1860	 x29:0x80040fe4 x13=0x80041728
      24005.000 ns	      2399	80000984	971dab93	slti	x23,x27,-1679	 x27:0x00000000 x23=0x00000000
      24015.000 ns	      2400	80000988	00000013	addi	x0,x0,0	  x0:0x00000000
      24035.000 ns	      2402	8000098c	c00c2dd3	fcvt.w.s	x27,f24	 f24:0x41500000 x27=0x0000000d
      24065.000 ns	      2405	80000990	03239933	mulh	x18,x7,x18	  x7:0x00000000 x18:0x00000000 x18=0x00000000
      24095.000 ns	      2408	80000994	280997d3	fmax.s	f15,f19,f0	 f19:0xc1500000  f0:0x00000000 f15=0x00000000
      24115.000 ns	      2410	80000998	72195197	auipc	x3,0x72195	  x3=0xf2195998
      24125.000 ns	      2411	8000099c	41525313	srai	x6,x4,0x15	  x4:0x00000000  x6=0x00000000
      24135.000 ns	      2412	800009a0	00000013	addi	x0,x0,0	  x0:0x00000000
      24155.000 ns	      2414	800009a4	2147afd3	fsgnjx.s	f31,f15,f20	 f15:0x00000000 f20:0x00000000 f31=0x00000000
      24195.000 ns	      2418	800009a8	11237bd3	fmul.s	f23,f6,f18	  f6:0x41500000 f18:0x30000000 f23=0x31d00000
      24215.000 ns	      2420	800009ac	017eddb3	srl	x27,x29,x23	 x29:0x80040fe4 x23:0x00000000 x27=0x80040fe4
      24225.000 ns	      2421	800009b0	00af1d33	sll	x26,x30,x10	 x30:0x00000000 x10:0x00000001 x26=0x00000000
      24245.000 ns	      2423	800009b4	03c39cb3	mulh	x25,x7,x28	  x7:0x00000000 x28:0x00000000 x25=0x00000000
      24265.000 ns	      2425	800009b8	4143d6b3	sra	x13,x7,x20	  x7:0x00000000 x20:0x88539854 x13=0x00000000
      24285.000 ns	      2427	800009bc	d01a7cd3	fcvt.s.wu	f25,x20	 x20:0x88539854 f25=0x4f085398
      24305.000 ns	      2429	800009c0	00000013	addi	x0,x0,0	  x0:0x00000000
      24325.000 ns	      2431	800009c4	c01cfbd3	fcvt.wu.s	x23,f25	 f25:0x4f085398 x23=0x88539800
      24345.000 ns	      2433	800009c8	01f4ba33	sltu	x20,x9,x31	  x9:0x00000000 x31:0xfafeddbe x20=0x00000001
      24365.000 ns	      2435	800009cc	d00b7053	fcvt.s.w	f0,x22	 x22:0x00000000  f0=0x00000000
      24395.000 ns	      2438	800009d0	21b12c53	fsgnjx.s	f24,f2,f27	  f2:0x80041020 f27:0x7f800000 f24=0x80041020
      24425.000 ns	      2441	800009d4	a1101753	flt.s	x14,f0,f17	  f0:0x00000000 f17:0x00000000 x14=0x00000000
      24445.000 ns	      2443	800009d8	01d09013	slli	x0,x1,0x1d	  x1:0x00000000
      24475.000 ns	      2446	800009dc	19f27453	fdiv.s	f8,f4,f31	  f4:0x4f0592a0 f31:0x00000000  f8=0x7f800000
      24495.000 ns	      2448	800009e0	41925433	sra	x8,x4,x25	  x4:0x00000000 x25:0x00000000  x8=0x00000000
      24505.000 ns	      2449	800009e4	005a96b3	sll	x13,x21,x5	 x21:0x8592a000  x5:0x00000000 x13=0x8592a000
      24515.000 ns	      2450	800009e8	40805713	srai	x14,x0,0x8	  x0:0x00000000 x14=0x00000000
      24535.000 ns	      2452	800009ec	a0f91353	flt.s	x6,f18,f15	 f18:0x30000000 f15:0x00000000  x6=0x00000000
      24555.000 ns	      2454	800009f0	0214be13	sltiu	x28,x9,33	  x9:0x00000000 x28=0x00000001
      24575.000 ns	      2456	800009f4	d0044253	fcvt.s.w	f4,x8	  x8:0x00000000  f4=0x00000000
      24605.000 ns	      2459	800009f8	03e74633	div	x12,x14,x30	 x14:0x00000000 x30:0x00000000 x12=0xffffffff
      24635.000 ns	      2462	800009fc	a01b9a53	flt.s	x20,f23,f1	 f23:0x31d00000  f1:0x00000008 x20=0x00000000
      24665.000 ns	      2465	80000a00	296b8bd3	fmin.s	f23,f23,f22	 f23:0x31d00000 f22:0x41500000 f23=0x31d00000
      25035.000 ns	      2502	80000a04	038ace33	div	x28,x21,x24	 x21:0x8592a000 x24:0xffffffff x28=0x7a6d6000
      25055.000 ns	      2504	80000a08	40c48b33	sub	x22,x9,x12	  x9:0x00000000 x12:0xffffffff x22=0x00000001
      25065.000 ns	      2505	80000a0c	41b58633	sub	x12,x11,x27	 x11:0x00000000 x27:0x80040fe4 x12=0x7ffbf01c
      25105.000 ns	      2509	80000a10	01954553	fadd.s	f10,f10,f25	 f10:0xfafeddbe f25:0x4f085398 f10=0xfafeddbe
      25475.000 ns	      2546	80000a14	02344cb3	div	x25,x8,x3	  x8:0x00000000  x3:0xf2195998 x25=0x00000000
      25495.000 ns	      2548	80000a18	01c4e3b3	or	x7,x9,x28	  x9:0x00000000 x28:0x7a6d6000  x7=0x7a6d6000
      25515.000 ns	      2550	80000a1c	022ae633	rem	x12,x21,x2	 x21:0x8592a000  x2:0x00000000 x12=0x8592a000
      25535.000 ns	      2552	80000a20	40c2dd93	srai	x27,x5,0xc	  x5:0x00000000 x27=0x00000000
      25545.000 ns	      2553	80000a24	00b51093	slli	x1,x10,0xb	 x10:0x00000001  x1=0x00000800
      25565.000 ns	      2555	80000a28	29379453	fmax.s	f8,f15,f19	 f15:0x00000000 f19:0xc1500000  f8=0x00000000
      25935.000 ns	      2592	80000a2c	031973b3	remu	x7,x18,x17	 x18:0x00000000 x17:0x80041024  x7=0x00000000
      25965.000 ns	      2595	80000a30	030107b3	mul	x15,x2,x16	  x2:0x00000000 x16:0x00000000 x15=0x00000000
      25985.000 ns	      2597	80000a34	403759b3	sra	x19,x14,x3	 x14:0x00000000  x3:0xf2195998 x19=0x00000000
      25995.000 ns	      2598	80000a38	416d5633	sra	x12,x26,x22	 x26:0x00000000 x22:0x00000001 x12=0x00000000
      26015.000 ns	      2600	80000a3c	21a48953	fsgnj.s	f18,f9,f26	  f9:0x7fc00000 f26:0x4ec079b3 f18=0x7fc00000
      26035.000 ns	      2602	80000a40	6d29a493	slti	x9,x19,1746	 x19:0x00000000  x9=0x00000001
      26055.000 ns	      2604	80000a44	02bf4b33	div	x22,x30,x11	 x30:0x00000000 x11:0x00000000 x22=0xffffffff
      26075.000 ns	      2606	80000a48	8df02e37	lui	x28,0x8df02	 x28=0x8df02000
      26105.000 ns	      2609	80000a4c	10947353	fmul.s	f6,f8,f9	  f8:0x00000000  f9:0x7fc00000  f6=0x7fc00000
      26135.000 ns	      2612	80000a50	c008cbd3	fcvt.w.s	x23,f17	 f17:0x00000000 x23=0x00000000
      26165.000 ns	      2615	80000a54	f0010ed3	fmv.w.x	f29,x2	  x2:0x00000000 f29=0x00000000
      26205.000 ns	      2619	80000a58	11d47ad3	fmul.s	f21,f8,f29	  f8:0x00000000 f29:0x7fc00000 f21=0x00000000
      26225.000 ns	      2621	80000a5c	32ae8293	addi	x5,x29,810	 x29:0x80040fe4  x5=0x8004130e
      26235.000 ns	      2622	80000a60	d1e59737	lui	x14,0xd1e59	 x14=0xd1e59000
      26255.000 ns	      2624	80000a64	02776633	rem	x12,x14,x7	 x14:0x00000000  x7:0x00000000 x12=0xd1e59000
      26625.000 ns	      2661	80000a68	025866b3	rem	x13,x16,x5	 x16:0x00000000  x5:0x8004130e x13=0x00000000
      26655.000 ns	      2664	80000a6c	a11316d3	flt.s	x13,f6,f17	  f6:0x7fc00000 f17:0x00000000 x13=0x00000000
      26675.000 ns	      2666	80000a70	01ffdd93	srli	x27,x31,0x1f	 x31:0xfafeddbe x27=0x00000001
      26685.000 ns	      2667	80000a74	010ec2b3	xor	x5,x29,x16	 x29:0x80040fe4 x16:0x00000000  x5=0x80040fe4
      26695.000 ns	      2668	80000a78	60cd8c93	addi	x25,x27,1548	 x27:0x00000000 x25=0x0000060d
      26705.000 ns	      2669	80000a7c	41628433	sub	x8,x5,x22	  x5:0x8004130e x22:0xffffffff  x8=0x80040fe5
      26715.000 ns	      2670	80000a80	40c48c33	sub	x24,x9,x12	  x9:0x00000001 x12:0xd1e59000 x24=0x2e1a7001
      26725.000 ns	      2671	80000a84	001f5913	srli	x18,x30,0x1	 x30:0x00000000 x18=0x00000000
      26745.000 ns	      2673	80000a88	28c80353	fmin.s	f6,f16,f12	 f16:0x00000000 f12:0xc1500000  f6=0xc1500000
      26765.000 ns	      2675	80000a8c	0140dcb3	srl	x25,x1,x20	  x1:0x00000800 x20:0x00000000 x25=0x00000800
      26785.000 ns	      2677	80000a90	03e12433	mulhsu	x8,x2,x30	  x2:0x00000000 x30:0x00000000  x8=0x00000000
      26805.000 ns	      2679	80000a94	018cdab3	srl	x21,x25,x24	 x25:0x0000060d x24:0x2e1a7001 x21=0x00000400
      26815.000 ns	      2680	80000a98	6ff07193	andi	x3,x0,1791	  x0:0x00000000  x3=0x00000000
      26825.000 ns	      2681	80000a9c	b0af3d93	sltiu	x27,x30,-1270	 x30:0x00000000 x27=0x00000001
      26855.000 ns	      2684	80000aa0	104f2bd3	fmul.s	f23,f30,f4	 f30:0xc1500000  f4:0x00000000 f23=0x80000000
      26875.000 ns	      2686	80000aa4	1a62c493	xori	x9,x5,422	  x5:0x80040fe4  x9=0x80040e42
      27235.000 ns	      2722	80000aa8	03d365b3	rem	x11,x6,x29	  x6:0x00000000 x29:0x80040fe4 x11=0x00000000
      27255.000 ns	      2724	80000aac	00f520b3	slt	x1,x10,x15	 x10:0x00000001 x15:0x00000000  x1=0x00000000
      27265.000 ns	      2725	80000ab0	00df0333	add	x6,x30,x13	 x30:0x00000000 x13:0x00000000  x6=0x00000000
      27275.000 ns	      2726	80000ab4	01235693	srli	x13,x6,0x12	  x6:0x00000000 x13=0x00000000
      27305.000 ns	      2729	80000ab8	58077753	fsqrt.s	f14,f14	 f14:0xff800001 f14=0x7fc00000
      27325.000 ns	      2731	80000abc	016a1593	slli	x11,x20,0x16	 x20:0x00000000 x11=0x00000000
      27335.000 ns	      2732	80000ac0	31620113	addi	x2,x4,790	  x4:0x00000000  x2=0x00000316
      27345.000 ns	      2733	80000ac4	26170497	auipc	x9,0x26170	  x9=0xa6170ac4
      27355.000 ns	      2734	80000ac8	86c18493	addi	x9,x3,-1940	  x3:0x00000000  x9=0xfffff86c
      27375.000 ns	      2736	80000acc	e00811d3	fclass.s	x3,f16	 f16:0x00000000  x3=0x00000010
      27395.000 ns	      2738	80000ad0	ee49bf17	auipc	x30,0xee49b	 x30=0x6e49bad0
      27405.000 ns	      2739	80000ad4	7a922993	slti	x19,x4,1961	  x4:0x00000000 x19=0x00000001
      27415.000 ns	      2740	80000ad8	9448f193	andi	x3,x17,-1724	 x17:0x80041024  x3=0x80041004
      27445.000 ns	      2743	80000adc	114e1cd3	fmul.s	f25,f28,f20	 f28:0xffffffff f20:0x00000000 f25=0x7fc00000
      27465.000 ns	      2745	80000ae0	01a7e4b3	or	x9,x15,x26	 x15:0x00000000 x26:0x00000000  x9=0x00000000
      27475.000 ns	      2746	80000ae4	63360993	addi	x19,x12,1587	 x12:0xd1e59000 x19=0xd1e59633
      27485.000 ns	      2747	80000ae8	f6304913	xori	x18,x0,-157	  x0:0x00000000 x18=0xffffff63
      27505.000 ns	      2749	80000aec	c005f3d3	fcvt.w.s	x7,f11	 f11:0x80000000  x7=0x00000000
      27525.000 ns	      2751	80000af0	0b8d0313	addi	x6,x26,184	 x26:0x00000000  x6=0x000000b8
      27545.000 ns	      2753	80000af4	034979b3	remu	x19,x18,x20	 x18:0xffffff63 x20:0x00000000 x19=0xffffff63
      27565.000 ns	      2755	80000af8	412d8c33	sub	x24,x27,x18	 x27:0x00000001 x18:0xffffff63 x24=0x0000009e
      27585.000 ns	      2757	80000afc	28281553	fmax.s	f10,f16,f2	 f16:0x00000000  f2:0x80041020 f10=0x00000000
      27615.000 ns	      2760	80000b00	d010c7d3	fcvt.s.wu	f15,x1	  x1:0x00000000 f15=0x00000000
      27635.000 ns	      2762	80000b04	01641a33	sll	x20,x8,x22	  x8:0x00000000 x22:0xffffffff x20=0x00000000
      27645.000 ns	      2763	80000b08	9a46a193	slti	x3,x13,-1628	 x13:0x00000000  x3=0x00000000
      27655.000 ns	      2764	80000b0c	e655ac13	slti	x24,x11,-411	 x11:0x00000000 x24=0x00000000
      27685.000 ns	      2767	80000b10	1001fed3	fmul.s	f29,f3,f0	  f3:0x00000000  f0:0x00000000 f29=0x00000000
      27715.000 ns	      2770	80000b14	213b9053	fsgnjn.s	f0,f23,f19	 f23:0x80000000 f19:0xc1500000  f0=0x00000000
      27745.000 ns	      2773	80000b18	f0038f53	fmv.w.x	f30,x7	  x7:0x00000000 f30=0x00000000
      27775.000 ns	      2776	80000b1c	2016aa53	fsgnjx.s	f20,f13,f1	 f13:0x00000000  f1:0x00000008 f20=0x00000000
      27805.000 ns	      2779	80000b20	e00a9853	fclass.s	x16,f21	 f21:0x00000000 x16=0x00000010
      27855.000 ns	      2784	80000b24	01a346d3	fadd.s	f13,f6,f26	  f6:0xc1500000 f26:0x4ec079b3 f13=0x4ec079b3
      27875.000 ns	      2786	80000b28	0187bdb3	sltu	x27,x15,x24	 x15:0x00000000 x24:0x00000000 x27=0x00000000
      27885.000 ns	      2787	80000b2c	f4f20f13	addi	x30,x4,-177	  x4:0x00000000 x30=0xffffff4f
      27895.000 ns	      2788	80000b30	01ffacb3	slt	x25,x31,x31	 x31:0xfafeddbe x31:0xfafeddbe x25=0x00000000
      27915.000 ns	      2790	80000b34	20eb8fd3	fsgnj.s	f31,f23,f14	 f23:0x80000000 f14:0x7fc00000 f31=0x00000000
      27945.000 ns	      2793	80000b38	a1bc0253	fle.s	x4,f24,f27	 f24:0x80041020 f27:0x7f800000  x4=0x00000001
      27975.000 ns	      2796	80000b3c	02be4533	div	x10,x28,x11	 x28:0x8df02000 x11:0x00000000 x10=0xffffffff
      27995.000 ns	      2798	80000b40	b7f61237	lui	x4,0xb7f61	  x4=0xb7f61000
      28005.000 ns	      2799	80000b44	0050fb33	and	x22,x1,x5	  x1:0x00000000  x5:0x80040fe4 x22=0x00000000
      28015.000 ns	      2800	80000b48	88ad3413	sltiu	x8,x26,-1910	 x26:0x00000000  x8=0x00000001
      28035.000 ns	      2802	80000b4c	205486d3	fsgnj.s	f13,f9,f5	  f9:0x7fc00000  f5:0x41500000 f13=0x7fc00000
      28055.000 ns	      2804	80000b50	4134d7b3	sra	x15,x9,x19	  x9:0x00000000 x19:0xffffff63 x15=0x00000000
      28065.000 ns	      2805	80000b54	b8e0cf13	xori	x30,x1,-1138	  x1:0x00000000 x30=0xfffffb8e
      28105.000 ns	      2809	80000b58	011d7653	fadd.s	f12,f26,f17	 f26:0x4ec079b3 f17:0x00000000 f12=0x4ec079b3
      28125.000 ns	      2811	80000b5c	00000013	addi	x0,x0,0	  x0:0x00000000
      28145.000 ns	      2813	80000b60	03a5a033	mulhsu	x0,x11,x26	 x11:0x00000000 x26:0x00000000
      28175.000 ns	      2816	80000b64	a15680d3	fle.s	x1,f13,f21	 f13:0x7fc00000 f21:0x00000000  x1=0x00000000
      28205.000 ns	      2819	80000b68	f0030dd3	fmv.w.x	f27,x6	  x6:0x000000b8 f27=0x000000b8
      28235.000 ns	      2822	80000b6c	f00705d3	fmv.w.x	f11,x14	 x14:0xd1e59000 f11=0xd1e59000
      28265.000 ns	      2825	80000b70	28cc8c53	fmin.s	f24,f25,f12	 f25:0x7fc00000 f12:0x4ec079b3 f24=0x4ec079b3
      28285.000 ns	      2827	80000b74	534ae293	ori	x5,x21,1332	 x21:0x00000400  x5=0x00000534
      28305.000 ns	      2829	80000b78	a02f97d3	flt.s	x15,f31,f2	 f31:0x00000000  f2:0x80041020 x15=0x00000000
      28335.000 ns	      2832	80000b7c	28dc0153	fmin.s	f2,f24,f13	 f24:0x4ec079b3 f13:0x7fc00000  f2=0x4ec079b3
      28355.000 ns	      2834	80000b80	5e6ac813	xori	x16,x21,1510	 x21:0x00000400 x16=0x000001e6
      28375.000 ns	      2836	80000b84	d00978d3	fcvt.s.w	f17,x18	 x18:0xffffff63 f17=0xc31d0000
      28405.000 ns	      2839	80000b88	d01ea953	fcvt.s.wu	f18,x29	 x29:0x80040fe4 f18=0x4f000410
      28445.000 ns	      2843	80000b8c	11bfc1d3	fmul.s	f3,f31,f27	 f31:0x00000000 f27:0x000000b8  f3=0x00000000
      28785.000 ns	      2877	80000b90	18bd7dd3	fdiv.s	f27,f26,f11	 f26:0x4ec079b3 f11:0xd1e59000 f27=0xbc4079b4
      28805.000 ns	      2879	80000b94	5e3fca93	xori	x21,x31,1507	 x31:0xfafeddbe x21=0xfafed85d
      28825.000 ns	      2881	80000b98	03382733	mulhsu	x14,x16,x19	 x16:0x000001e6 x19:0xffffff63 x14=0x000001e5
      28845.000 ns	      2883	80000b9c	01eff0b3	and	x1,x31,x30	 x31:0xfafeddbe x30:0xfffffb8e  x1=0xfafed98e
      28865.000 ns	      2885	80000ba0	d00971d3	fcvt.s.w	f3,x18	 x18:0xffffff63  f3=0xc31d0000
      28905.000 ns	      2889	80000ba4	19820653	fdiv.s	f12,f4,f24	  f4:0x00000000 f24:0x4ec079b3 f12=0x00000000
      28925.000 ns	      2891	80000ba8	08427193	andi	x3,x4,132	  x4:0xb7f61000  x3=0x00000000
      28945.000 ns	      2893	80000bac	e00111d3	fclass.s	x3,f2	  f2:0x4ec079b3  x3=0x00000040
      28975.000 ns	      2896	80000bb0	286c0a53	fmin.s	f20,f24,f6	 f24:0x4ec079b3  f6:0xc1500000 f20=0xc1500000
      29005.000 ns	      2899	80000bb4	038eaf33	mulhsu	x30,x29,x24	 x29:0x80040fe4 x24:0x00000000 x30=0x00000000
      29035.000 ns	      2902	80000bb8	02671433	mulh	x8,x14,x6	 x14:0x000001e5  x6:0x000000b8  x8=0x00000000
      29405.000 ns	      2939	80000bbc	02c254b3	divu	x9,x4,x12	  x4:0xb7f61000 x12:0xd1e59000  x9=0x00000000
      29425.000 ns	      2941	80000bc0	01f1f233	and	x4,x3,x31	  x3:0x00000040 x31:0xfafeddbe  x4=0x00000000
      29445.000 ns	      2943	80000bc4	d009fbd3	fcvt.s.w	f23,x19	 x19:0xffffff63 f23=0xc31d0000
      29465.000 ns	      2945	80000bc8	00000013	addi	x0,x0,0	  x0:0x00000000
      29485.000 ns	      2947	80000bcc	a1948953	fle.s	x18,f9,f25	  f9:0x7fc00000 f25:0x7fc00000 x18=0x00000000
      29505.000 ns	      2949	80000bd0	009b9cb3	sll	x25,x23,x9	 x23:0x00000000  x9:0x00000000 x25=0x00000000
      29515.000 ns	      2950	80000bd4	e9b63493	sltiu	x9,x12,-357	 x12:0xd1e59000  x9=0x00000001
      29545.000 ns	      2953	80000bd8	18957753	fdiv.s	f14,f10,f9	 f10:0x00000000  f9:0x7fc00000 f14=0x7fc00000
      29565.000 ns	      2955	80000bdc	3faa0b13	addi	x22,x20,1018	 x20:0x00000000 x22=0x000003fa
      29575.000 ns	      2956	80000be0	41115793	srai	x15,x2,0x11	  x2:0x00000316 x15=0x00000000
      29585.000 ns	      2957	80000be4	411cdf33	sra	x30,x25,x17	 x25:0x00000000 x17:0x80041024 x30=0x00000000
      29595.000 ns	      2958	80000be8	40385513	srai	x10,x16,0x3	 x16:0x000001e6 x10=0x0000003c
      29615.000 ns	      2960	80000bec	20cdac53	fsgnjx.s	f24,f27,f12	 f27:0xbc4079b4 f12:0x00000000 f24=0xbc4079b4
      29635.000 ns	      2962	80000bf0	011c1a13	slli	x20,x24,0x11	 x24:0x00000000 x20=0x00000000
      29645.000 ns	      2963	80000bf4	6364e193	ori	x3,x9,1590	  x9:0x00000001  x3=0x00000637
      29655.000 ns	      2964	80000bf8	dbaa0093	addi	x1,x20,-582	 x20:0x00000000  x1=0xfffffdba
      29675.000 ns	      2966	80000bfc	a0e8ac53	feq.s	x24,f17,f14	 f17:0xc31d0000 f14:0x7fc00000 x24=0x00000000
      29695.000 ns	      2968	80000c00	01d58e33	add	x28,x11,x29	 x11:0x00000000 x29:0x80040fe4 x28=0x80040fe4
      29725.000 ns	      2971	80000c04	1817fdd3	fdiv.s	f27,f15,f1	 f15:0x00000000  f1:0x00000008 f27=0x00000000
      29755.000 ns	      2974	80000c08	20a69153	fsgnjn.s	f2,f13,f10	 f13:0x7fc00000 f10:0x00000000  f2=0xffc00000
      29775.000 ns	      2976	80000c0c	41e70bb3	sub	x23,x14,x30	 x14:0x000001e5 x30:0x00000000 x23=0x000001e5
      29795.000 ns	      2978	80000c10	21f42853	fsgnjx.s	f16,f8,f31	  f8:0x00000000 f31:0x00000000 f16=0x00000000
      29835.000 ns	      2982	80000c14	10bb3f53	fmul.s	f30,f22,f11	 f22:0x41500000 f11:0xd1e59000 f30=0xd3ba8500
      29875.000 ns	      2986	80000c18	197638d3	fdiv.s	f17,f12,f23	 f12:0x00000000 f23:0xc31d0000 f17=0x80000000
      29895.000 ns	      2988	80000c1c	00f21cb3	sll	x25,x4,x15	  x4:0x00000000 x15:0x00000000 x25=0x00000000
      29915.000 ns	      2990	80000c20	a04f27d3	feq.s	x15,f30,f4	 f30:0xd3ba8500  f4:0x00000000 x15=0x00000000
      29945.000 ns	      2993	80000c24	f00700d3	fmv.w.x	f1,x14	 x14:0x000001e5  f1=0x000001e5
      29985.000 ns	      2997	80000c28	18bdf753	fdiv.s	f14,f27,f11	 f27:0x00000000 f11:0xd1e59000 f14=0x80000000
      30015.000 ns	      3000	80000c2c	a058a7d3	feq.s	x15,f17,f5	 f17:0x80000000  f5:0x41500000 x15=0x00000000
      30035.000 ns	      3002	80000c30	008dd0b3	srl	x1,x27,x8	 x27:0x00000000  x8:0x00000000  x1=0x00000000
      30045.000 ns	      3003	80000c34	019ae633	or	x12,x21,x25	 x21:0xfafed85d x25:0x00000000 x12=0xfafed85d
      30055.000 ns	      3004	80000c38	40925513	srai	x10,x4,0x9	  x4:0x00000000 x10=0x00000000
      30075.000 ns	      3006	80000c3c	c0057953	fcvt.w.s	x18,f10	 f10:0x00000000 x18=0x00000000
      30095.000 ns	      3008	80000c40	a6656593	ori	x11,x10,-1434	 x10:0x0000003c x11=0xfffffa66
      30105.000 ns	      3009	80000c44	00000013	addi	x0,x0,0	  x0:0x00000000
      30435.000 ns	      3042	80000c48	18ba7153	fdiv.s	f2,f20,f11	 f20:0xc1500000 f11:0xd1e59000  f2=0x2ed00000
      30455.000 ns	      3044	80000c4c	5ba08093	addi	x1,x1,1466	  x1:0x00000000  x1=0x000005ba
      30475.000 ns	      3046	80000c50	e00309d3	fmv.x.w	x19,f6	  f6:0xc1500000 x19=0xc1500000
      30495.000 ns	      3048	80000c54	00ea9e33	sll	x28,x21,x14	 x21:0xfafed85d x14:0x000001e5 x28=0x5fdb0ba0
      30505.000 ns	      3049	80000c58	01d80033	add	x0,x16,x29	 x16:0x000001e6 x29:0x80040fe4
      30535.000 ns	      3052	80000c5c	103175d3	fmul.s	f11,f2,f3	  f2:0x2ed00000  f3:0xc31d0000 f11=0xb27f2000
      30565.000 ns	      3055	80000c60	29cb14d3	fmax.s	f9,f22,f28	 f22:0x41500000 f28:0xffffffff  f9=0x41500000
      30585.000 ns	      3057	80000c64	ef9bb493	sltiu	x9,x23,-263	 x23:0x000001e5  x9=0x00000001
      30595.000 ns	      3058	80000c68	01e44a33	xor	x20,x8,x30	  x8:0x00000000 x30:0x00000000 x20=0x00000000
      30605.000 ns	      3059	80000c6c	015913b3	sll	x7,x18,x21	 x18:0x00000000 x21:0xfafed85d  x7=0x00000000
      30615.000 ns	      3060	80000c70	00f9d6b3	srl	x13,x19,x15	 x19:0xc1500000 x15:0x00000000 x13=0xc1500000
      30625.000 ns	      3061	80000c74	00000013	addi	x0,x0,0	  x0:0x00000000
      30645.000 ns	      3063	80000c78	a11f0853	fle.s	x16,f30,f17	 f30:0xd3ba8500 f17:0x80000000 x16=0x00000001
      30675.000 ns	      3066	80000c7c	a0449253	flt.s	x4,f9,f4	  f9:0x41500000  f4:0x00000000  x4=0x00000000
      30705.000 ns	      3069	80000c80	d00f2bd3	fcvt.s.w	f23,x30	 x30:0x00000000 f23=0x00000000
      30725.000 ns	      3071	80000c84	408f8e33	sub	x28,x31,x8	 x31:0xfafeddbe  x8:0x00000000 x28=0xfafeddbe
      30755.000 ns	      3074	80000c88	11cd4dd3	fmul.s	f27,f26,f28	 f26:0x4ec079b3 f28:0xffffffff f27=0x7fc00000
      30785.000 ns	      3077	80000c8c	c00121d3	fcvt.w.s	x3,f2	  f2:0x2ed00000  x3=0x00000000
      30815.000 ns	      3080	80000c90	d01df7d3	fcvt.s.wu	f15,x27	 x27:0x00000000 f15=0x00000000
      30845.000 ns	      3083	80000c94	03ad35b3	mulhu	x11,x26,x26	 x26:0x00000000 x26:0x00000000 x11=0x00000000
      30875.000 ns	      3086	80000c98	d0017453	fcvt.s.w	f8,x2	  x2:0x00000316  f8=0x44458000
      30895.000 ns	      3088	80000c9c	40455c33	sra	x24,x10,x4	 x10:0x00000000  x4:0x00000000 x24=0x00000000
      30905.000 ns	      3089	80000ca0	01882a33	slt	x20,x16,x24	 x16:0x00000001 x24:0x00000000 x20=0x00000000
      30935.000 ns	      3092	80000ca4	180e7153	fdiv.s	f2,f28,f0	 f28:0xffffffff  f0:0x00000000  f2=0x7fc00000
      30955.000 ns	      3094	80000ca8	6c2e2513	slti	x10,x28,1730	 x28:0xfafeddbe x10=0x00000001
      30965.000 ns	      3095	80000cac	41a6d013	srai	x0,x13,0x1a	 x13:0xc1500000
      30975.000 ns	      3096	80000cb0	c2c9c913	xori	x18,x19,-980	 x19:0xc1500000 x18=0x3eaffc2c
      31015.000 ns	      3100	80000cb4	08d6a4d3	fsub.s	f9,f13,f13	 f13:0x7fc00000 f13:0x7fc00000  f9=0x7fc00000
      31035.000 ns	      3102	80000cb8	07fa7413	andi	x8,x20,127	 x20:0x00000000  x8=0x00000000
      31045.000 ns	      3103	80000cbc	743c2c13	slti	x24,x24,1859	 x24:0x00000000 x24=0x00000001
      31065.000 ns	      3105	80000cc0	c014f0d3	fcvt.wu.s	x1,f9	  f9:0x7fc00000  x1=0xffffffff
      31095.000 ns	      3108	80000cc4	c01dcbd3	fcvt.wu.s	x23,f27	 f27:0x7fc00000 x23=0xffffffff
      31125.000 ns	      3111	80000cc8	213c26d3	fsgnjx.s	f13,f24,f19	 f24:0xbc4079b4 f19:0xc1500000 f13=0x3c4079b4
      31145.000 ns	      3113	80000ccc	c4e17813	andi	x16,x2,-946	  x2:0x00000316 x16=0x00000006
      31165.000 ns	      3115	80000cd0	02b73f33	mulhu	x30,x14,x11	 x14:0x000001e5 x11:0x00000000 x30=0x00000000
      31195.000 ns	      3118	80000cd4	e00b9ad3	fclass.s	x21,f23	 f23:0x00000000 x21=0x00000010
      31225.000 ns	      3121	80000cd8	29cb1953	fmax.s	f18,f22,f28	 f22:0x41500000 f28:0xffffffff f18=0x41500000
      31265.000 ns	      3125	80000cdc	181206d3	fdiv.s	f13,f4,f1	  f4:0x00000000  f1:0x000001e5 f13=0x00000000
      31315.000 ns	      3130	80000ce0	00373e53	fadd.s	f28,f14,f3	 f14:0x80000000  f3:0xc31d0000 f28=0xc31d0000
      31355.000 ns	      3134	80000ce4	112531d3	fmul.s	f3,f10,f18	 f10:0x00000000 f18:0x41500000  f3=0x00000000
      31375.000 ns	      3136	80000ce8	01741cb3	sll	x25,x8,x23	  x8:0x00000000 x23:0xffffffff x25=0x00000000
      31395.000 ns	      3138	80000cec	a0b38e53	fle.s	x28,f7,f11	  f7:0xbf800000 f11:0xb27f2000 x28=0x00000001
      31415.000 ns	      3140	80000cf0	019f8cb3	add	x25,x31,x25	 x31:0xfafeddbe x25:0x00000000 x25=0xfafeddbe
      31435.000 ns	      3142	80000cf4	a042a5d3	feq.s	x11,f5,f4	  f5:0x41500000  f4:0x00000000 x11=0x00000000
      31465.000 ns	      3145	80000cf8	c010ff53	fcvt.wu.s	x30,f1	  f1:0x000001e5 x30=0x00000000
      31485.000 ns	      3147	80000cfc	ec8eaf13	slti	x30,x29,-312	 x29:0x80040fe4 x30=0x00000001
      31495.000 ns	      3148	80000d00	4037d913	srai	x18,x15,0x3	 x15:0x00000000 x18=0x00000000
      31535.000 ns	      3152	80000d04	09e84bd3	fsub.s	f23,f16,f30	 f16:0x00000000 f30:0xd3ba8500 f23=0x53ba8500
      31565.000 ns	      3155	80000d08	0298b433	mulhu	x8,x17,x9	 x17:0x80041024  x9:0x00000001  x8=0x00000000
      31595.000 ns	      3158	80000d0c	a1251253	flt.s	x4,f10,f18	 f10:0x00000000 f18:0x41500000  x4=0x00000001
      31625.000 ns	      3161	80000d10	020671b3	remu	x3,x12,x0	 x12:0xfafed85d  x0:0x00000000  x3=0xfafed85d
      31655.000 ns	      3164	80000d14	20950853	fsgnj.s	f16,f10,f9	 f10:0x00000000  f9:0x7fc00000 f16=0x00000000
      31675.000 ns	      3166	80000d18	00000013	addi	x0,x0,0	  x0:0x00000000
      31695.000 ns	      3168	80000d1c	0280dc33	divu	x24,x1,x8	  x1:0xffffffff  x8:0x00000000 x24=0xffffffff
      31715.000 ns	      3170	80000d20	d1ccea17	auipc	x20,0xd1cce	 x20=0x51cced20
      31725.000 ns	      3171	80000d24	40db5293	srai	x5,x22,0xd	 x22:0x000003fa  x5=0x00000000
      31745.000 ns	      3173	80000d28	c00826d3	fcvt.w.s	x13,f16	 f16:0x00000000 x13=0x00000000
      31795.000 ns	      3178	80000d2c	01dd21d3	fadd.s	f3,f26,f29	 f26:0x4ec079b3 f29:0x00000000  f3=0x4ec079b3
      31845.000 ns	      3183	80000d30	009dbfd3	fadd.s	f31,f27,f9	 f27:0x7fc00000  f9:0x7fc00000 f31=0x7fc00000
      31875.000 ns	      3186	80000d34	e00c8353	fmv.x.w	x6,f25	 f25:0x7fc00000  x6=0x7fc00000
      31895.000 ns	      3188	80000d38	05fd3013	sltiu	x0,x26,95	 x26:0x00000000
      31905.000 ns	      3189	80000d3c	017035b3	sltu	x11,x0,x23	  x0:0x00000000 x23:0xffffffff x11=0x00000001
      31925.000 ns	      3191	80000d40	a01989d3	fle.s	x19,f19,f1	 f19:0xc1500000  f1:0x000001e5 x19=0x00000001
      31945.000 ns	      3193	80000d44	0068d913	srli	x18,x17,0x6	 x17:0x80041024 x18=0x02001040
      31965.000 ns	      3195	80000d48	032a2b33	mulhsu	x22,x20,x18	 x20:0x51cced20 x18:0x00000000 x22=0x00a39f0b
      31995.000 ns	      3198	80000d4c	c00f8753	fcvt.w.s	x14,f31	 f31:0x7fc00000 x14=0x7fffffff
      32025.000 ns	      3201	80000d50	290697d3	fmax.s	f15,f13,f16	 f13:0x00000000 f16:0x00000000 f15=0x00000000
      32055.000 ns	      3204	80000d54	f0030a53	fmv.w.x	f20,x6	  x6:0x7fc00000 f20=0x7fc00000
      32425.000 ns	      3241	80000d58	0295c4b3	div	x9,x11,x9	 x11:0x00000001  x9:0x00000001  x9=0x00000001
      32795.000 ns	      3278	80000d5c	03235c33	divu	x24,x6,x18	  x6:0x7fc00000 x18:0x02001040 x24=0x0000003f
      32815.000 ns	      3280	80000d60	01299f33	sll	x30,x19,x18	 x19:0x00000001 x18:0x02001040 x30=0x00000001
      33175.000 ns	      3316	80000d64	03e4ff33	remu	x30,x9,x30	  x9:0x00000001 x30:0x00000001 x30=0x00000000
      33195.000 ns	      3318	80000d68	6e036713	ori	x14,x6,1760	  x6:0x7fc00000 x14=0x7fc006e0
      33205.000 ns	      3319	80000d6c	00bcd1b7	lui	x3,0xbcd	  x3=0x00bcd000
      33215.000 ns	      3320	80000d70	61d17a13	andi	x20,x2,1565	  x2:0x00000316 x20=0x00000214
      33225.000 ns	      3321	80000d74	00000013	addi	x0,x0,0	  x0:0x00000000
      33245.000 ns	      3323	80000d78	a1f319d3	flt.s	x19,f6,f31	  f6:0xc1500000 f31:0x7fc00000 x19=0x00000000
      33265.000 ns	      3325	80000d7c	22f34693	xori	x13,x6,559	  x6:0x7fc00000 x13=0x7fc0022f
      33275.000 ns	      3326	80000d80	412c09b3	sub	x19,x24,x18	 x24:0x0000003f x18:0x02001040 x19=0xfdffefff
      33285.000 ns	      3327	80000d84	a26b2593	slti	x11,x22,-1498	 x22:0x00a39f0b x11=0x00000000
      33295.000 ns	      3328	80000d88	b4291f37	lui	x30,0xb4291	 x30=0xb4291000
      33315.000 ns	      3330	80000d8c	02f316b3	mulh	x13,x6,x15	  x6:0x7fc00000 x15:0x00000000 x13=0x00000000
      33355.000 ns	      3334	80000d90	58023153	fsqrt.s	f2,f4	  f4:0x00000000  f2=0x00000000
      33375.000 ns	      3336	80000d94	7bea2413	slti	x8,x20,1982	 x20:0x00000214  x8=0x00000001
      33385.000 ns	      3337	80000d98	01a52233	slt	x4,x10,x26	 x10:0x00000001 x26:0x00000000  x4=0x00000000
      33395.000 ns	      3338	80000d9c	006b9793	slli	x15,x23,0x6	 x23:0xffffffff x15=0xffffffc0
      33415.000 ns	      3340	80000da0	a08800d3	fle.s	x1,f16,f8	 f16:0x00000000  f8:0x44458000  x1=0x00000001
      33435.000 ns	      3342	80000da4	00d2ea33	or	x20,x5,x13	  x5:0x00000000 x13:0x00000000 x20=0x00000000
      33795.000 ns	      3378	80000da8	038fe3b3	rem	x7,x31,x24	 x31:0xfafeddbe x24:0x0000003f  x7=0xffffffde
      33825.000 ns	      3381	80000dac	c011b653	fcvt.wu.s	x12,f3	  f3:0x4ec079b3 x12=0x603cd980
      33855.000 ns	      3384	80000db0	02be1cb3	mulh	x25,x28,x11	 x28:0x00000001 x11:0x00000000 x25=0x00000000
      33875.000 ns	      3386	80000db4	2ce73b93	sltiu	x23,x14,718	 x14:0x7fc006e0 x23=0x00000000
      33895.000 ns	      3388	80000db8	20508dd3	fsgnj.s	f27,f1,f5	  f1:0x000001e5  f5:0x41500000 f27=0x000001e5
      33915.000 ns	      3390	80000dbc	08030e13	addi	x28,x6,128	  x6:0x7fc00000 x28=0x7fc00080
      34275.000 ns	      3426	80000dc0	03ed5133	divu	x2,x26,x30	 x26:0x00000000 x30:0xb4291000  x2=0x00000000
      34645.000 ns	      3463	80000dc4	0330c333	div	x6,x1,x19	  x1:0x00000001 x19:0xfdffefff  x6=0x00000000
      34665.000 ns	      3465	80000dc8	01dd92b3	sll	x5,x27,x29	 x27:0x00000000 x29:0x80040fe4  x5=0x00000000
      34675.000 ns	      3466	80000dcc	59ddf493	andi	x9,x27,1437	 x27:0x00000000  x9=0x00000000
      34695.000 ns	      3468	80000dd0	21822ed3	fsgnjx.s	f29,f4,f24	  f4:0x00000000 f24:0xbc4079b4 f29=0x80000000
      34725.000 ns	      3471	80000dd4	29f798d3	fmax.s	f17,f15,f31	 f15:0x00000000 f31:0x7fc00000 f17=0x00000000
      34755.000 ns	      3474	80000dd8	d0074fd3	fcvt.s.w	f31,x14	 x14:0x7fc006e0 f31=0x4eff800e
      34785.000 ns	      3477	80000ddc	28d41cd3	fmax.s	f25,f8,f13	  f8:0x44458000 f13:0x00000000 f25=0x44458000
      34815.000 ns	      3480	80000de0	217688d3	fsgnj.s	f17,f13,f23	 f13:0x00000000 f23:0x53ba8500 f17=0x00000000
      34845.000 ns	      3483	80000de4	214e09d3	fsgnj.s	f19,f28,f20	 f28:0xc31d0000 f20:0x7fc00000 f19=0x431d0000
      34875.000 ns	      3486	80000de8	034e45b3	div	x11,x28,x20	 x28:0x7fc00080 x20:0x00000000 x11=0xffffffff
      34905.000 ns	      3489	80000dec	a0af1e53	flt.s	x28,f30,f10	 f30:0xd3ba8500 f10:0x00000000 x28=0x00000001
      34935.000 ns	      3492	80000df0	a12586d3	fle.s	x13,f11,f18	 f11:0xb27f2000 f18:0x41500000 x13=0x00000001
      34955.000 ns	      3494	80000df4	62d92013	slti	x0,x18,1581	 x18:0x02001040
      34975.000 ns	      3496	80000df8	0238bc33	mulhu	x24,x17,x3	 x17:0x80041024  x3:0x00bcd000 x24=0x005e6aff
      34995.000 ns	      3498	80000dfc	01841c13	slli	x24,x8,0x18	  x8:0x00000001 x24=0x01000000
      35015.000 ns	      3500	80000e00	a0a28353	fle.s	x6,f5,f10	  f5:0x41500000 f10:0x00000000  x6=0x00000000
      35035.000 ns	      3502	80000e04	0018df33	srl	x30,x17,x1	 x17:0x80041024  x1:0x00000001 x30=0x40020812
      35055.000 ns	      3504	80000e08	a1248f53	fle.s	x30,f9,f18	  f9:0x7fc00000 f18:0x41500000 x30=0x00000000
      35085.000 ns	      3507	80000e0c	c005f453	fcvt.w.s	x8,f11	 f11:0xb27f2000  x8=0x00000000
      35105.000 ns	      3509	80000e10	013ad413	srli	x8,x21,0x13	 x21:0x00000010  x8=0x00000000
      35115.000 ns	      3510	80000e14	61fa7593	andi	x11,x20,1567	 x20:0x00000000 x11=0x00000000
      35135.000 ns	      3512	80000e18	a1fb1bd3	flt.s	x23,f22,f31	 f22:0x41500000 f31:0x4eff800e x23=0x00000001
      35165.000 ns	      3515	80000e1c	03ef49b3	div	x19,x30,x30	 x30:0x00000000 x30:0x00000000 x19=0xffffffff
      35195.000 ns	      3518	80000e20	03e0fab3	remu	x21,x1,x30	  x1:0x00000001 x30:0x00000000 x21=0x00000001
      35225.000 ns	      3521	80000e24	02b10bb3	mul	x23,x2,x11	  x2:0x00000000 x11:0x00000000 x23=0x00000000
      35245.000 ns	      3523	80000e28	cfbe7513	andi	x10,x28,-773	 x28:0x00000001 x10=0x00000001
      35255.000 ns	      3524	80000e2c	00e35f13	srli	x30,x6,0xe	  x6:0x00000000 x30=0x00000000
      35275.000 ns	      3526	80000e30	290b9fd3	fmax.s	f31,f23,f16	 f23:0x53ba8500 f16:0x00000000 f31=0x53ba8500
      35295.000 ns	      3528	80000e34	1ad56293	ori	x5,x10,429	 x10:0x00000001  x5=0x000001ad
      35325.000 ns	      3531	80000e38	10c971d3	fmul.s	f3,f18,f12	 f18:0x41500000 f12:0x00000000  f3=0x00000000
      35355.000 ns	      3534	80000e3c	e0021c53	fclass.s	x24,f4	  f4:0x00000000 x24=0x00000010
      35385.000 ns	      3537	80000e40	218b1853	fsgnjn.s	f16,f22,f24	 f22:0x41500000 f24:0xbc4079b4 f16=0x41500000
      35405.000 ns	      3539	80000e44	0140a2b3	slt	x5,x1,x20	  x1:0x00000001 x20:0x00000000  x5=0x00000000
      35415.000 ns	      3540	80000e48	25df6c13	ori	x24,x30,605	 x30:0x00000000 x24=0x0000025d
      35435.000 ns	      3542	80000e4c	d00ffbd3	fcvt.s.w	f23,x31	 x31:0xfafeddbe f23=0xcca02448
      35465.000 ns	      3545	80000e50	28c181d3	fmin.s	f3,f3,f12	  f3:0x00000000 f12:0x00000000  f3=0x00000000
      35485.000 ns	      3547	80000e54	00a0d913	srli	x18,x1,0xa	  x1:0x00000001 x18=0x00000000
      35495.000 ns	      3548	80000e58	003d8633	add	x12,x27,x3	 x27:0x00000000  x3:0x00bcd000 x12=0x00bcd000
      35505.000 ns	      3549	80000e5c	00ba9533	sll	x10,x21,x11	 x21:0x00000001 x11:0x00000000 x10=0x00000001
      35865.000 ns	      3585	80000e60	02c25f33	divu	x30,x4,x12	  x4:0x00000000 x12:0x603cd980 x30=0x00000000
      35885.000 ns	      3587	80000e64	01369233	sll	x4,x13,x19	 x13:0x00000001 x19:0xffffffff  x4=0x80000000
      35905.000 ns	      3589	80000e68	d01b7453	fcvt.s.wu	f8,x22	 x22:0x00a39f0b  f8=0x4b239f0b
      35945.000 ns	      3593	80000e6c	580375d3	fsqrt.s	f11,f6	  f6:0xc1500000 f11=0x7fc00000
      35975.000 ns	      3596	80000e70	037b6ab3	rem	x21,x22,x23	 x22:0x00a39f0b x23:0x00000000 x21=0x00a39f0b
      36005.000 ns	      3599	80000e74	d00e2cd3	fcvt.s.w	f25,x28	 x28:0x00000001 f25=0x3f800000
      36035.000 ns	      3602	80000e78	f00b8a53	fmv.w.x	f20,x23	 x23:0x00000000 f20=0x00000000
      36405.000 ns	      3639	80000e7c	02ca6633	rem	x12,x20,x12	 x20:0x00000000 x12:0x00bcd000 x12=0x00000000
      36425.000 ns	      3641	80000e80	01369633	sll	x12,x13,x19	 x13:0x00000001 x19:0xffffffff x12=0x80000000
      36435.000 ns	      3642	80000e84	414fd413	srai	x8,x31,0x14	 x31:0xfafeddbe  x8=0xffffffaf
      36455.000 ns	      3644	80000e88	217d8053	fsgnj.s	f0,f27,f23	 f27:0x000001e5 f23:0xcca02448  f0=0x800001e5
      36475.000 ns	      3646	80000e8c	4124db33	sra	x22,x9,x18	  x9:0x00000000 x18:0x00000000 x22=0x00000000
      36495.000 ns	      3648	80000e90	a029ac53	feq.s	x24,f19,f2	 f19:0x431d0000  f2:0x00000000 x24=0x00000000
      36515.000 ns	      3650	80000e94	8d4a9537	lui	x10,0x8d4a9	 x10=0x8d4a9000
      36875.000 ns	      3686	80000e98	03cfc033	div	x0,x31,x28	 x31:0xfafeddbe x28:0x00000001
      36905.000 ns	      3689	80000e9c	02e88933	mul	x18,x17,x14	 x17:0x80041024 x14:0x7fc006e0 x18=0x12eef780
      36935.000 ns	      3692	80000ea0	20f51fd3	fsgnjn.s	f31,f10,f15	 f10:0x00000000 f15:0x00000000 f31=0x80000000
      36955.000 ns	      3694	80000ea4	40b48bb3	sub	x23,x9,x11	  x9:0x00000000 x11:0x00000000 x23=0x00000000
      36965.000 ns	      3695	80000ea8	01db1c33	sll	x24,x22,x29	 x22:0x00000000 x29:0x80040fe4 x24=0x00000000
      36975.000 ns	      3696	80000eac	00aa54b3	srl	x9,x20,x10	 x20:0x00000000 x10:0x8d4a9000  x9=0x00000000
      36995.000 ns	      3698	80000eb0	29b299d3	fmax.s	f19,f5,f27	  f5:0x41500000 f27:0x000001e5 f19=0x41500000
      37015.000 ns	      3700	80000eb4	414186b3	sub	x13,x3,x20	  x3:0x00bcd000 x20:0x00000000 x13=0x00bcd000
      37025.000 ns	      3701	80000eb8	b65e9d17	auipc	x26,0xb65e9	 x26=0x365e9eb8
      37035.000 ns	      3702	80000ebc	40a35713	srai	x14,x6,0xa	  x6:0x00000000 x14=0x00000000
      37055.000 ns	      3704	80000ec0	d0060653	fcvt.s.w	f12,x12	 x12:0x80000000 f12=0xcf000000
      37075.000 ns	      3706	80000ec4	53143637	lui	x12,0x53143	 x12=0x53143000
      37435.000 ns	      3742	80000ec8	03387b33	remu	x22,x16,x19	 x16:0x00000006 x19:0xffffffff x22=0x00000006
      37465.000 ns	      3745	80000ecc	d01d7653	fcvt.s.wu	f12,x26	 x26:0x365e9eb8 f12=0x4e597a7a
      37485.000 ns	      3747	80000ed0	0181af33	slt	x30,x3,x24	  x3:0x00bcd000 x24:0x00000000 x30=0x00000000
      37495.000 ns	      3748	80000ed4	31ee8013	addi	x0,x29,798	 x29:0x80040fe4
      37515.000 ns	      3750	80000ed8	208903d3	fsgnj.s	f7,f18,f8	 f18:0x41500000  f8:0x4b239f0b  f7=0x41500000
      37545.000 ns	      3753	80000edc	0219bf33	mulhu	x30,x19,x1	 x19:0xffffffff  x1:0x00000001 x30=0x00000000
      37575.000 ns	      3756	80000ee0	037c1433	mulh	x8,x24,x23	 x24:0x00000000 x23:0x00000000  x8=0x00000000
      37605.000 ns	      3759	80000ee4	e0011953	fclass.s	x18,f2	  f2:0x00000000 x18=0x00000010
      37635.000 ns	      3762	80000ee8	028cbb33	mulhu	x22,x25,x8	 x25:0x00000000  x8:0x00000000 x22=0x00000000
      37655.000 ns	      3764	80000eec	7ecbcb13	xori	x22,x23,2028	 x23:0x00000000 x22=0x000007ec
      37665.000 ns	      3765	80000ef0	015224b3	slt	x9,x4,x21	  x4:0x80000000 x21:0x00a39f0b  x9=0x00000001
      37685.000 ns	      3767	80000ef4	200ca4d3	fsgnjx.s	f9,f25,f0	 f25:0x3f800000  f0:0x800001e5  f9=0xbf800000
      37735.000 ns	      3772	80000ef8	00a8cad3	fadd.s	f21,f17,f10	 f17:0x00000000 f10:0x00000000 f21=0x00000000
      38915.000 ns	      3890	80000efc	5800f4d3	fsqrt.s	f9,f1	  f1:0x000001e5  f9=0x1f350732
      38945.000 ns	      3893	80000f00	c00a2f53	fcvt.w.s	x30,f20	 f20:0x00000000 x30=0x00000000
      38965.000 ns	      3895	80000f04	6bd3fc97	auipc	x25,0x6bd3f	 x25=0xebd3ff04
      38975.000 ns	      3896	80000f08	01d789b3	add	x19,x15,x29	 x15:0xffffffc0 x29:0x80040fe4 x19=0x80040fa4
      38985.000 ns	      3897	80000f0c	00cc87b3	add	x15,x25,x12	 x25:0x00000000 x12:0x53143000 x15=0x3ee82f04
      39005.000 ns	      3899	80000f10	03b74033	div	x0,x14,x27	 x14:0x00000000 x27:0x00000000
      39025.000 ns	      3901	80000f14	56b7cf17	auipc	x30,0x56b7c	 x30=0xd6b7cf14
      39045.000 ns	      3903	80000f18	02e221b3	mulhsu	x3,x4,x14	  x4:0x80000000 x14:0x00000000  x3=0x00000000
      39095.000 ns	      3908	80000f1c	011dbcd3	fadd.s	f25,f27,f17	 f27:0x000001e5 f17:0x00000000 f25=0x000001e5
      39125.000 ns	      3911	80000f20	d0102e53	fcvt.s.wu	f28,x0	  x0:0x00000000 f28=0x00000000
      39155.000 ns	      3914	80000f24	21279c53	fsgnjn.s	f24,f15,f18	 f15:0x00000000 f18:0x41500000 f24=0x80000000
      39185.000 ns	      3917	80000f28	c003a853	fcvt.w.s	x16,f7	  f7:0x41500000 x16=0x0000000d
      39215.000 ns	      3920	80000f2c	29969253	fmax.s	f4,f13,f25	 f13:0x00000000 f25:0x000001e5  f4=0x000001e5
      39235.000 ns	      3922	80000f30	7f25c913	xori	x18,x11,2034	 x11:0x00000000 x18=0x000007f2
      39245.000 ns	      3923	80000f34	3b716993	ori	x19,x2,951	  x2:0x00000000 x19=0x000003b7
      39255.000 ns	      3924	80000f38	41e0dab3	sra	x21,x1,x30	  x1:0x00000001 x30:0xd6b7cf14 x21=0x00000000
      39265.000 ns	      3925	80000f3c	004b03b3	add	x7,x22,x4	 x22:0x000007ec  x4:0x80000000  x7=0x800007ec
      39285.000 ns	      3927	80000f40	e0099dd3	fclass.s	x27,f19	 f19:0x41500000 x27=0x00000040
      39305.000 ns	      3929	80000f44	010ddd93	srli	x27,x27,0x10	 x27:0x00000000 x27=0x00000000
      39325.000 ns	      3931	80000f48	c01512d3	fcvt.wu.s	x5,f10	 f10:0x00000000  x5=0x00000000
      39345.000 ns	      3933	80000f4c	f1a1a213	slti	x4,x3,-230	  x3:0x00000000  x4=0x00000000
      39365.000 ns	      3935	80000f50	022eb033	mulhu	x0,x29,x2	 x29:0x80040fe4  x2:0x00000000
      39395.000 ns	      3938	80000f54	a06019d3	flt.s	x19,f0,f6	  f0:0x800001e5  f6:0xc1500000 x19=0x00000000
      39415.000 ns	      3940	80000f58	6b2d4093	xori	x1,x26,1714	 x26:0x365e9eb8  x1=0x365e980a
      39435.000 ns	      3942	80000f5c	203a1153	fsgnjn.s	f2,f20,f3	 f20:0x00000000  f3:0x00000000  f2=0x80000000
      39465.000 ns	      3945	80000f60	e00319d3	fclass.s	x19,f6	  f6:0xc1500000 x19=0x00000002
      39495.000 ns	      3948	80000f64	e00c91d3	fclass.s	x3,f25	 f25:0x000001e5  x3=0x00000020
      39525.000 ns	      3951	80000f68	020a3033	mulhu	x0,x20,x0	 x20:0x00000000  x0:0x00000000
      39575.000 ns	      3956	80000f6c	01efaf53	fadd.s	f30,f31,f30	 f31:0x80000000 f30:0xd3ba8500 f30=0xd3ba8500
      39605.000 ns	      3959	80000f70	e00e8253	fmv.x.w	x4,f29	 f29:0x80000000  x4=0x80000000
      39635.000 ns	      3962	80000f74	a1bc2553	feq.s	x10,f24,f27	 f24:0x80000000 f27:0x000001e5 x10=0x00000000
      39655.000 ns	      3964	80000f78	417e4013	xori	x0,x28,1047	 x28:0x00000001
      39665.000 ns	      3965	80000f7c	00391513	slli	x10,x18,0x3	 x18:0x000007f2 x10=0x00003f90
      39685.000 ns	      3967	80000f80	a04592d3	flt.s	x5,f11,f4	 f11:0x7fc00000  f4:0x000001e5  x5=0x00000000
      39705.000 ns	      3969	80000f84	00000013	addi	x0,x0,0	  x0:0x00000000
      39725.000 ns	      3971	80000f88	a1aba953	feq.s	x18,f23,f26	 f23:0xcca02448 f26:0x4ec079b3 x18=0x00000000
      39755.000 ns	      3974	80000f8c	c00b29d3	fcvt.w.s	x19,f22	 f22:0x41500000 x19=0x0000000d
      39775.000 ns	      3976	80000f90	9cab7393	andi	x7,x22,-1590	 x22:0x000007ec  x7=0x000001c8
      39785.000 ns	      3977	80000f94	01435a93	srli	x21,x6,0x14	  x6:0x00000000 x21=0x00000000
      39795.000 ns	      3978	80000f98	41515d13	srai	x26,x2,0x15	  x2:0x00000000 x26=0x00000000
      39805.000 ns	      3979	80000f9c	0033d713	srli	x14,x7,0x3	  x7:0x000001c8 x14=0x00000039
      39815.000 ns	      3980	80000fa0	47bf4193	xori	x3,x30,1147	 x30:0xd6b7cf14  x3=0xd6b7cb6f
      39845.000 ns	      3983	80000fa4	580f1dd3	fsqrt.s	f27,f30	 f30:0xd3ba8500 f27=0x7fc00000
      39875.000 ns	      3986	80000fa8	e0060dd3	fmv.x.w	x27,f12	 f12:0x4e597a7a x27=0x4e597a7a
      39905.000 ns	      3989	80000fac	a0c2a553	feq.s	x10,f5,f12	  f5:0x41500000 f12:0x4e597a7a x10=0x00000000
      39935.000 ns	      3992	80000fb0	e0030453	fmv.x.w	x8,f6	  f6:0xc1500000  x8=0xc1500000
      39965.000 ns	      3995	80000fb4	e00b8bd3	fmv.x.w	x23,f23	 f23:0xcca02448 x23=0xcca02448
      39995.000 ns	      3998	80000fb8	e00f9553	fclass.s	x10,f31	 f31:0x80000000 x10=0x00000008
      40035.000 ns	      4002	80000fbc	109cf653	fmul.s	f12,f25,f9	 f25:0x000001e5  f9:0x1f350732 f12=0x00000001
      40065.000 ns	      4005	80000fc0	a07a1153	flt.s	x2,f20,f7	 f20:0x00000000  f7:0x41500000  x2=0x00000001
      40085.000 ns	      4007	80000fc4	003840b3	xor	x1,x16,x3	 x16:0x0000000d  x3:0xd6b7cb6f  x1=0xd6b7cb62
      40105.000 ns	      4009	80000fc8	288a0453	fmin.s	f8,f20,f8	 f20:0x00000000  f8:0x4b239f0b  f8=0x00000000
      40125.000 ns	      4011	80000fcc	d41d1e37	lui	x28,0xd41d1	 x28=0xd41d1000
      40135.000 ns	      4012	80000fd0	0068ef33	or	x30,x17,x6	 x17:0x80041024  x6:0x00000000 x30=0x80041024
      40155.000 ns	      4014	80000fd4	f0070753	fmv.w.x	f14,x14	 x14:0x00000039 f14=0x00000039
      40175.000 ns	      4016	80000fd8	40a00733	sub	x14,x0,x10	  x0:0x00000000 x10:0x00000008 x14=0xfffffff8
      40195.000 ns	      4018	80000fdc	02850b33	mul	x22,x10,x8	 x10:0x00000008  x8:0xc1500000 x22=0x0a800000
      40215.000 ns	      4020	80000fe0	00cc3e33	sltu	x28,x24,x12	 x24:0x00000000 x12:0x53143000 x28=0x00000001
      40225.000 ns	      4021	80000fe4	002db4b3	sltu	x9,x27,x2	 x27:0x4e597a7a  x2:0x00000001  x9=0x00000000
      40235.000 ns	      4022	80000fe8	bc5db993	sltiu	x19,x27,-1083	 x27:0x4e597a7a x19=0x00000001
      40255.000 ns	      4024	80000fec	a1bdac53	feq.s	x24,f27,f27	 f27:0x7fc00000 f27:0x7fc00000 x24=0x00000000
      40285.000 ns	      4027	80000ff0	03a9bf33	mulhu	x30,x19,x26	 x19:0x0000000d x26:0x00000000 x30=0x00000000
      40315.000 ns	      4030	80000ff4	e0081653	fclass.s	x12,f16	 f16:0x41500000 x12=0x00000040
      40365.000 ns	      4035	80000ff8	094bf9d3	fsub.s	f19,f23,f20	 f23:0xcca02448 f20:0x00000000 f19=0xcca02448
      40415.000 ns	      4040	80000ffc	0164fd53	fadd.s	f26,f9,f22	  f9:0x1f350732 f22:0x41500000 f26=0x41500000
      40445.000 ns	      4043	80001000	a1a22153	feq.s	x2,f4,f26	  f4:0x000001e5 f26:0x4ec079b3  x2=0x00000000
      40475.000 ns	      4046	80001004	027303b3	mul	x7,x6,x7	  x6:0x00000000  x7:0x000001c8  x7=0x00000000
      40495.000 ns	      4048	80001008	00076bb3	or	x23,x14,x0	 x14:0xfffffff8  x0:0x00000000 x23=0xfffffff8
      40515.000 ns	      4050	8000100c	03b9bbb3	mulhu	x23,x19,x27	 x19:0x00000001 x27:0x4e597a7a x23=0x00000000
      40545.000 ns	      4053	80001010	03e65533	divu	x10,x12,x30	 x12:0x00000040 x30:0x00000000 x10=0xffffffff
      40915.000 ns	      4090	80001014	02a65733	divu	x14,x12,x10	 x12:0x00000040 x10:0x00000008 x14=0x00000000
      40935.000 ns	      4092	80001018	3052eb13	ori	x22,x5,773	  x5:0x00000000 x22=0x00000305
      40945.000 ns	      4093	8000101c	003de4b3	or	x9,x27,x3	 x27:0x4e597a7a  x3:0xd6b7cb6f  x9=0xdefffb7f
      40965.000 ns	      4095	80001020	036a8133	mul	x2,x21,x22	 x21:0x00000000 x22:0x0a800000  x2=0x00000000
      40995.000 ns	      4098	80001024	d01cf4d3	fcvt.s.wu	f9,x25	 x25:0xebd3ff04  f9=0x4f6bd3ff
      41025.000 ns	      4101	80001028	028107b3	mul	x15,x2,x8	  x2:0x00000000  x8:0xc1500000 x15=0x00000000
      41055.000 ns	      4104	8000102c	a0b18b53	fle.s	x22,f3,f11	  f3:0x00000000 f11:0x7fc00000 x22=0x00000000
      41075.000 ns	      4106	80001030	ba5b4313	xori	x6,x22,-1115	 x22:0x00000305  x6=0xfffffba5
      41085.000 ns	      4107	80001034	00265db3	srl	x27,x12,x2	 x12:0x00000040  x2:0x00000000 x27=0x00000040
      41105.000 ns	      4109	80001038	e0099253	fclass.s	x4,f19	 f19:0xcca02448  x4=0x00000002
      41155.000 ns	      4114	8000103c	09afaad3	fsub.s	f21,f31,f26	 f31:0x80000000 f26:0x41500000 f21=0xc1500000
      41175.000 ns	      4116	80001040	002355b3	srl	x11,x6,x2	  x6:0xfffffba5  x2:0x00000000 x11=0xfffffba5
      41205.000 ns	      4119	80001044	11abf5d3	fmul.s	f11,f23,f26	 f23:0xcca02448 f26:0x41500000 f11=0xce821d7a
      41235.000 ns	      4122	80001048	d01070d3	fcvt.s.wu	f1,x0	  x0:0x00000000  f1=0x00000000
      41285.000 ns	      4127	8000104c	09f99753	fsub.s	f14,f19,f31	 f19:0xcca02448 f31:0x80000000 f14=0xcca02448
      41315.000 ns	      4130	80001050	03649833	mulh	x16,x9,x22	  x9:0xdefffb7f x22:0x00000000 x16=0x00000000
      41335.000 ns	      4132	80001054	3a15c193	xori	x3,x11,929	 x11:0xfffffba5  x3=0xfffff804
      41345.000 ns	      4133	80001058	ba466093	ori	x1,x12,-1116	 x12:0x00000040  x1=0xfffffbe4
      41365.000 ns	      4135	8000105c	02e6ce33	div	x28,x13,x14	 x13:0x00bcd000 x14:0x00000000 x28=0xffffffff
      41385.000 ns	      4137	80001060	012a90b3	sll	x1,x21,x18	 x21:0x00000000 x18:0x00000000  x1=0x00000000
      41395.000 ns	      4138	80001064	0046cf33	xor	x30,x13,x4	 x13:0x00bcd000  x4:0x00000002 x30=0x00bcd002
      41415.000 ns	      4140	80001068	d01ebad3	fcvt.s.wu	f21,x29	 x29:0x80040fe4 f21=0x4f000410
      41435.000 ns	      4142	8000106c	00db62b3	or	x5,x22,x13	 x22:0x00000000 x13:0x00bcd000  x5=0x00bcd000
      41455.000 ns	      4144	80001070	a07585d3	fle.s	x11,f11,f7	 f11:0xce821d7a  f7:0x41500000 x11=0x00000001
      41475.000 ns	      4146	80001074	d040bb93	sltiu	x23,x1,-764	  x1:0x00000000 x23=0x00000001
      41495.000 ns	      4148	80001078	0274f7b3	remu	x15,x9,x7	  x9:0xdefffb7f  x7:0x00000000 x15=0xdefffb7f
      41535.000 ns	      4152	8000107c	19c114d3	fdiv.s	f9,f2,f28	  f2:0x80000000 f28:0x00000000  f9=0x7fc00000
      41565.000 ns	      4155	80001080	d01175d3	fcvt.s.wu	f11,x2	  x2:0x00000000 f11=0x00000000
      41595.000 ns	      4158	80001084	d00312d3	fcvt.s.w	f5,x6	  x6:0xfffffba5  f5=0xc48b6000
      41615.000 ns	      4160	80001088	00ff4533	xor	x10,x30,x15	 x30:0x00bcd002 x15:0xdefffb7f x10=0xde432b7d
      41625.000 ns	      4161	8000108c	01aacdb3	xor	x27,x21,x26	 x21:0x00000000 x26:0x00000000 x27=0x00000000
      41645.000 ns	      4163	80001090	a15f9153	flt.s	x2,f31,f21	 f31:0x80000000 f21:0x4f000410  x2=0x00000001
      41665.000 ns	      4165	80001094	401bd733	sra	x14,x23,x1	 x23:0x00000001  x1:0x00000000 x14=0x00000001
      42025.000 ns	      4201	80001098	03cf4b33	div	x22,x30,x28	 x30:0x00bcd002 x28:0xffffffff x22=0xff432ffe
      42045.000 ns	      4203	8000109c	00000013	addi	x0,x0,0	  x0:0x00000000
      42055.000 ns	      4204	800010a0	417e59b3	sra	x19,x28,x23	 x28:0xffffffff x23:0x00000001 x19=0xffffffff
      42065.000 ns	      4205	800010a4	00bf9293	slli	x5,x31,0xb	 x31:0xfafeddbe  x5=0xf6edf000
      42085.000 ns	      4207	800010a8	d0154b53	fcvt.s.wu	f22,x10	 x10:0xde432b7d f22=0x4f5e432b
      42115.000 ns	      4210	800010ac	020736b3	mulhu	x13,x14,x0	 x14:0x00000001  x0:0x00000000 x13=0x00000000
      42455.000 ns	      4244	800010b0	19ecf853	fdiv.s	f16,f25,f30	 f25:0x000001e5 f30:0xd3ba8500 f16=0x80000000
      42825.000 ns	      4281	800010b4	0390d933	divu	x18,x1,x25	  x1:0x00000000 x25:0xebd3ff04 x18=0x00000000
      42865.000 ns	      4285	800010b8	580a2d53	fsqrt.s	f26,f20	 f20:0x00000000 f26=0x00000000
      42895.000 ns	      4288	800010bc	022cb7b3	mulhu	x15,x25,x2	 x25:0xebd3ff04  x2:0x00000001 x15=0x00000000
      42925.000 ns	      4291	800010c0	c00679d3	fcvt.w.s	x19,f12	 f12:0x00000001 x19=0x00000000
      42955.000 ns	      4294	800010c4	a11487d3	fle.s	x15,f9,f17	  f9:0x7fc00000 f17:0x00000000 x15=0x00000000
      42975.000 ns	      4296	800010c8	01e41293	slli	x5,x8,0x1e	  x8:0xc1500000  x5=0x00000000
      42985.000 ns	      4297	800010cc	f484e713	ori	x14,x9,-184	  x9:0xdefffb7f x14=0xffffff7f
      42995.000 ns	      4298	800010d0	b8f42513	slti	x10,x8,-1137	  x8:0xc1500000 x10=0x00000001
      43005.000 ns	      4299	800010d4	0197a033	slt	x0,x15,x25	 x15:0x00000000 x25:0xebd3ff04
      43025.000 ns	      4301	800010d8	02cd85b3	mul	x11,x27,x12	 x27:0x00000000 x12:0x00000040 x11=0x00000000
      43045.000 ns	      4303	800010dc	00d61bb3	sll	x23,x12,x13	 x12:0x00000040 x13:0x00000000 x23=0x00000040
      43065.000 ns	      4305	800010e0	c014af53	fcvt.wu.s	x30,f9	  f9:0x7fc00000 x30=0xffffffff
      43085.000 ns	      4307	800010e4	dfa5fd13	andi	x26,x11,-518	 x11:0x00000000 x26=0x00000000
      43115.000 ns	      4310	800010e8	58049453	fsqrt.s	f8,f9	  f9:0x7fc00000  f8=0x7fc00000
      43145.000 ns	      4313	800010ec	c00e1dd3	fcvt.w.s	x27,f28	 f28:0x00000000 x27=0x00000000
      43515.000 ns	      4350	800010f0	036a7ab3	remu	x21,x20,x22	 x20:0x00000000 x22:0xff432ffe x21=0x00000000
      43535.000 ns	      4352	800010f4	5528f5b7	lui	x11,0x5528f	 x11=0x5528f000
      43545.000 ns	      4353	800010f8	401cd413	srai	x8,x25,0x1	 x25:0xebd3ff04  x8=0xf5e9ff82
      43575.000 ns	      4356	800010fc	5808acd3	fsqrt.s	f25,f17	 f17:0x00000000 f25=0x00000000
      43625.000 ns	      4361	80001100	01ed7753	fadd.s	f14,f26,f30	 f26:0x00000000 f30:0xd3ba8500 f14=0xd3ba8500
      43655.000 ns	      4364	80001104	c0054653	fcvt.w.s	x12,f10	 f10:0x00000000 x12=0x00000000
      43675.000 ns	      4366	80001108	acaeff13	andi	x30,x29,-1334	 x29:0x80040fe4 x30=0x80040ac0
      43685.000 ns	      4367	8000110c	011f3533	sltu	x10,x30,x17	 x30:0xffffffff x17:0x80041024 x10=0x00000001
      43695.000 ns	      4368	80001110	01261293	slli	x5,x12,0x12	 x12:0x00000000  x5=0x00000000
      43725.000 ns	      4371	80001114	196187d3	fdiv.s	f15,f3,f22	  f3:0x00000000 f22:0x4f5e432b f15=0x00000000
      43755.000 ns	      4374	80001118	f0098dd3	fmv.w.x	f27,x19	 x19:0x00000000 f27=0x00000000
      43775.000 ns	      4376	8000111c	0fa26913	ori	x18,x4,250	  x4:0x00000002 x18=0x000000fa
      43785.000 ns	      4377	80001120	011f61b3	or	x3,x30,x17	 x30:0x80040ac0 x17:0x80041024  x3=0x80041ae4
      43805.000 ns	      4379	80001124	29721453	fmax.s	f8,f4,f23	  f4:0x000001e5 f23:0xcca02448  f8=0x000001e5
      44175.000 ns	      4416	80001128	03e36133	rem	x2,x6,x30	  x6:0xfffffba5 x30:0x80040ac0  x2=0xfffffba5
      44195.000 ns	      4418	8000112c	0173af33	slt	x30,x7,x23	  x7:0x00000000 x23:0x00000040 x30=0x00000001
      44215.000 ns	      4420	80001130	c00234d3	fcvt.w.s	x9,f4	  f4:0x000001e5  x9=0x00000000
      44235.000 ns	      4422	80001134	00309a13	slli	x20,x1,0x3	  x1:0x00000000 x20=0x00000000
      44255.000 ns	      4424	80001138	a1da0d53	fle.s	x26,f20,f29	 f20:0x00000000 f29:0x80000000 x26=0x00000001
      44625.000 ns	      4461	8000113c	03244333	div	x6,x8,x18	  x8:0xf5e9ff82 x18:0x000000fa  x6=0xfff5ac08
      44645.000 ns	      4463	80001140	41c6d233	sra	x4,x13,x28	 x13:0x00000000 x28:0xffffffff  x4=0x00000000
      44655.000 ns	      4464	80001144	0165d413	srli	x8,x11,0x16	 x11:0x5528f000  x8=0x00000154
      44665.000 ns	      4465	80001148	7277c593	xori	x11,x15,1831	 x15:0x00000000 x11=0x00000727
      44685.000 ns	      4467	8000114c	d016f9d3	fcvt.s.wu	f19,x13	 x13:0x00000000 f19=0x00000000
      44715.000 ns	      4470	80001150	c0067f53	fcvt.w.s	x30,f12	 f12:0x00000001 x30=0x00000000
      44745.000 ns	      4473	80001154	29101453	fmax.s	f8,f0,f17	  f0:0x800001e5 f17:0x00000000  f8=0x00000000
      44765.000 ns	      4475	80001158	411e53b3	sra	x7,x28,x17	 x28:0xffffffff x17:0x80041024  x7=0xffffffff
      45125.000 ns	      4511	8000115c	03af6b33	rem	x22,x30,x26	 x30:0x00000000 x26:0x00000001 x22=0x00000000
      45145.000 ns	      4513	80001160	00eacd33	xor	x26,x21,x14	 x21:0x00000000 x14:0xffffff7f x26=0xffffff7f
      45165.000 ns	      4515	80001164	c01ff553	fcvt.wu.s	x10,f31	 f31:0x80000000 x10=0x00000000
      45185.000 ns	      4517	80001168	010524b3	slt	x9,x10,x16	 x10:0x00000001 x16:0x00000000  x9=0x00000000
      45195.000 ns	      4518	8000116c	40da5913	srai	x18,x20,0xd	 x20:0x00000000 x18=0x00000000
      45205.000 ns	      4519	80001170	69152393	slti	x7,x10,1681	 x10:0x00000000  x7=0x00000001
      45225.000 ns	      4521	80001174	20010253	fsgnj.s	f4,f2,f0	  f2:0x80000000  f0:0x800001e5  f4=0x80000000
      45245.000 ns	      4523	80001178	973f3393	sltiu	x7,x30,-1677	 x30:0x00000000  x7=0x00000001
      45265.000 ns	      4525	8000117c	0389da33	divu	x20,x19,x24	 x19:0x00000000 x24:0x00000000 x20=0xffffffff
      45285.000 ns	      4527	80001180	ea3bfc93	andi	x25,x23,-349	 x23:0x00000040 x25=0x00000000
      45305.000 ns	      4529	80001184	e00f1cd3	fclass.s	x25,f30	 f30:0xd3ba8500 x25=0x00000002
      45325.000 ns	      4531	80001188	005c5a33	srl	x20,x24,x5	 x24:0x00000000  x5:0x00000000 x20=0x00000000
      45335.000 ns	      4532	8000118c	0086d693	srli	x13,x13,0x8	 x13:0x00000000 x13=0x00000000
      45345.000 ns	      4533	80001190	40728333	sub	x6,x5,x7	  x5:0x00000000  x7:0x00000001  x6=0xffffffff
      45365.000 ns	      4535	80001194	0297c0b3	div	x1,x15,x9	 x15:0x00000000  x9:0x00000000  x1=0xffffffff
      45415.000 ns	      4540	80001198	00a3bc53	fadd.s	f24,f7,f10	  f7:0x41500000 f10:0x00000000 f24=0x41500000
      45465.000 ns	      4545	8000119c	019798d3	fadd.s	f17,f15,f25	 f15:0x00000000 f25:0x00000000 f17=0x00000000
      45485.000 ns	      4547	800011a0	01c41193	slli	x3,x8,0x1c	  x8:0x00000154  x3=0x40000000
      45495.000 ns	      4548	800011a4	00620233	add	x4,x4,x6	  x4:0x00000000  x6:0xffffffff  x4=0xffffffff
      45505.000 ns	      4549	800011a8	01d10733	add	x14,x2,x29	  x2:0xfffffba5 x29:0x80040fe4 x14=0x80040b89
      45515.000 ns	      4550	800011ac	78cb56b7	lui	x13,0x78cb5	 x13=0x78cb5000
      45535.000 ns	      4552	800011b0	f0088453	fmv.w.x	f8,x17	 x17:0x80041024  f8=0x80041024
      45565.000 ns	      4555	800011b4	20878253	fsgnj.s	f4,f15,f8	 f15:0x00000000  f8:0x00000000  f4=0x80000000
      45595.000 ns	      4558	800011b8	0360a7b3	mulhsu	x15,x1,x22	  x1:0xffffffff x22:0x00000000 x15=0x00000000
      45625.000 ns	      4561	800011bc	d0191453	fcvt.s.wu	f8,x18	 x18:0x00000000  f8=0x00000000
      45655.000 ns	      4564	800011c0	a0ab8a53	fle.s	x20,f23,f10	 f23:0xcca02448 f10:0x00000000 x20=0x00000001
      45685.000 ns	      4567	800011c4	0257b0b3	mulhu	x1,x15,x5	 x15:0x00000000  x5:0x00000000  x1=0x00000000
      45715.000 ns	      4570	800011c8	f0070dd3	fmv.w.x	f27,x14	 x14:0x80040b89 f27=0x80040b89
      45745.000 ns	      4573	800011cc	e00394d3	fclass.s	x9,f7	  f7:0x41500000  x9=0x00000040
      45765.000 ns	      4575	800011d0	00938533	add	x10,x7,x9	  x7:0x00000001  x9:0x00000000 x10=0x00000041
      45785.000 ns	      4577	800011d4	f00f8653	fmv.w.x	f12,x31	 x31:0xfafeddbe f12=0xfafeddbe
      45805.000 ns	      4579	800011d8	d8adc413	xori	x8,x27,-630	 x27:0x00000000  x8=0xfffffd8a
      45815.000 ns	      4580	800011dc	002907b3	add	x15,x18,x2	 x18:0x00000000  x2:0xfffffba5 x15=0xfffffba5
      45825.000 ns	      4581	800011e0	1dd96093	ori	x1,x18,477	 x18:0x00000000  x1=0x000001dd
      45835.000 ns	      4582	800011e4	00b7dd33	srl	x26,x15,x11	 x15:0x00000000 x11:0x00000727 x26=0x01fffff7
      45855.000 ns	      4584	800011e8	f00b0ad3	fmv.w.x	f21,x22	 x22:0x00000000 f21=0x00000000
      45885.000 ns	      4587	800011ec	e0018753	fmv.x.w	x14,f3	  f3:0x00000000 x14=0x00000000
      45905.000 ns	      4589	800011f0	01ffb7b3	sltu	x15,x31,x31	 x31:0xfafeddbe x31:0xfafeddbe x15=0x00000000
      46265.000 ns	      4625	800011f4	02914733	div	x14,x2,x9	  x2:0xfffffba5  x9:0x00000040 x14=0xffffffef
      46285.000 ns	      4627	800011f8	0074adb3	slt	x27,x9,x7	  x9:0x00000040  x7:0x00000001 x27=0x00000000
      46305.000 ns	      4629	800011fc	20a51953	fsgnjn.s	f18,f10,f10	 f10:0x00000000 f10:0x00000000 f18=0x80000000
      46325.000 ns	      4631	80001200	24c56813	ori	x16,x10,588	 x10:0x00000041 x16=0x0000024d
      46345.000 ns	      4633	80001204	29c90553	fmin.s	f10,f18,f28	 f18:0x80000000 f28:0x00000000 f10=0x80000000
      46375.000 ns	      4636	80001208	03287733	remu	x14,x16,x18	 x16:0x00000000 x18:0x00000000 x14=0x0000024d
      46405.000 ns	      4639	8000120c	02a6b033	mulhu	x0,x13,x10	 x13:0x78cb5000 x10:0x00000041
      46435.000 ns	      4642	80001210	d00076d3	fcvt.s.w	f13,x0	  x0:0x00000000 f13=0x00000000
      46465.000 ns	      4645	80001214	023903b3	mul	x7,x18,x3	 x18:0x00000000  x3:0x40000000  x7=0x00000000
      46495.000 ns	      4648	80001218	28e404d3	fmin.s	f9,f8,f14	  f8:0x00000000 f14:0xd3ba8500  f9=0xd3ba8500
      46525.000 ns	      4651	8000121c	20a52ad3	fsgnjx.s	f21,f10,f10	 f10:0x80000000 f10:0x80000000 f21=0x00000000
      46555.000 ns	      4654	80001220	a0ec0453	fle.s	x8,f24,f14	 f24:0x41500000 f14:0xd3ba8500  x8=0x00000000
      46575.000 ns	      4656	80001224	00000013	addi	x0,x0,0	  x0:0x00000000
      46585.000 ns	      4657	80001228	01ed39b3	sltu	x19,x26,x30	 x26:0x01fffff7 x30:0x00000000 x19=0x00000000
      46595.000 ns	      4658	8000122c	d364b613	sltiu	x12,x9,-714	  x9:0x00000040 x12=0x00000001
      46615.000 ns	      4660	80001230	03752b33	mulhsu	x22,x10,x23	 x10:0x00000041 x23:0x00000040 x22=0x00000000
      46645.000 ns	      4663	80001234	03f02db3	mulhsu	x27,x0,x31	  x0:0x00000000 x31:0xfafeddbe x27=0x00000000
      46685.000 ns	      4667	80001238	580274d3	fsqrt.s	f9,f4	  f4:0x80000000  f9=0x80000000
      46715.000 ns	      4670	8000123c	02d42cb3	mulhsu	x25,x8,x13	  x8:0x00000000 x13:0x78cb5000 x25=0x00000000
      46735.000 ns	      4672	80001240	007f10b3	sll	x1,x30,x7	 x30:0x00000000  x7:0x00000000  x1=0x00000000
      46755.000 ns	      4674	80001244	c00eb2d3	fcvt.w.s	x5,f29	 f29:0x80000000  x5=0x00000000
      46785.000 ns	      4677	80001248	a06f20d3	feq.s	x1,f30,f6	 f30:0xd3ba8500  f6:0xc1500000  x1=0x00000000
      46815.000 ns	      4680	8000124c	2150a7d3	fsgnjx.s	f15,f1,f21	  f1:0x00000000 f21:0x00000000 f15=0x00000000
      46845.000 ns	      4683	80001250	c00bbb53	fcvt.w.s	x22,f23	 f23:0xcca02448 x22=0xfafeddc0
      46875.000 ns	      4686	80001254	028e6633	rem	x12,x28,x8	 x28:0xffffffff  x8:0x00000000 x12=0xffffffff
      46905.000 ns	      4689	80001258	21beaa53	fsgnjx.s	f20,f29,f27	 f29:0x80000000 f27:0x80040b89 f20=0x00000000
      46925.000 ns	      4691	8000125c	00683b33	sltu	x22,x16,x6	 x16:0x0000024d  x6:0xffffffff x22=0x00000001
      46945.000 ns	      4693	80001260	203a24d3	fsgnjx.s	f9,f20,f3	 f20:0x00000000  f3:0x00000000  f9=0x00000000
      46965.000 ns	      4695	80001264	c9aaac17	auipc	x24,0xc9aaa	 x24=0x49aab264
      46985.000 ns	      4697	80001268	026f9133	mulh	x2,x31,x6	 x31:0xfafeddbe  x6:0xffffffff  x2=0x00000000
      47025.000 ns	      4701	8000126c	10bcf0d3	fmul.s	f1,f25,f11	 f25:0x00000000 f11:0x00000000  f1=0x00000000
      47055.000 ns	      4704	80001270	02918733	mul	x14,x3,x9	  x3:0x40000000  x9:0x00000040 x14=0x00000000
      47425.000 ns	      4741	80001274	030e77b3	remu	x15,x28,x16	 x28:0xffffffff x16:0x0000024d x15=0x000001f3
      47445.000 ns	      4743	80001278	0157d9b3	srl	x19,x15,x21	 x15:0x00000000 x21:0x00000000 x19=0x000001f3
      47465.000 ns	      4745	8000127c	02dd2d33	mulhsu	x26,x26,x13	 x26:0x01fffff7 x13:0x78cb5000 x26=0x00f1969b
      47485.000 ns	      4747	80001280	015dbe33	sltu	x28,x27,x21	 x27:0x00000000 x21:0x00000000 x28=0x00000000
      47495.000 ns	      4748	80001284	10514c93	xori	x25,x2,261	  x2:0x00000000 x25=0x00000105
      47515.000 ns	      4750	80001288	29c514d3	fmax.s	f9,f10,f28	 f10:0x80000000 f28:0x00000000  f9=0x00000000
      47535.000 ns	      4752	8000128c	00000013	addi	x0,x0,0	  x0:0x00000000
      47555.000 ns	      4754	80001290	d0157cd3	fcvt.s.wu	f25,x10	 x10:0x00000041 f25=0x42820000
      47585.000 ns	      4757	80001294	a1a48b53	fle.s	x22,f9,f26	  f9:0x00000000 f26:0x00000000 x22=0x00000001
      47615.000 ns	      4760	80001298	a158a5d3	feq.s	x11,f17,f21	 f17:0x00000000 f21:0x00000000 x11=0x00000001
      47645.000 ns	      4763	8000129c	d00fa753	fcvt.s.w	f14,x31	 x31:0xfafeddbe f14=0xcca02449
      47675.000 ns	      4766	800012a0	e00a80d3	fmv.x.w	x1,f21	 f21:0x00000000  x1=0x00000000
      47695.000 ns	      4768	800012a4	0039b0b3	sltu	x1,x19,x3	 x19:0x000001f3  x3:0x40000000  x1=0x00000001
      47715.000 ns	      4770	800012a8	d01a2ad3	fcvt.s.wu	f21,x20	 x20:0x00000001 f21=0x3f800000
      47745.000 ns	      4773	800012ac	e0011ad3	fclass.s	x21,f2	  f2:0x80000000 x21=0x00000008
      47775.000 ns	      4776	800012b0	29288453	fmin.s	f8,f17,f18	 f17:0x00000000 f18:0x80000000  f8=0x80000000
      48145.000 ns	      4813	800012b4	03a343b3	div	x7,x6,x26	  x6:0xffffffff x26:0x00f1969b  x7=0x00000000
      48185.000 ns	      4817	800012b8	11e97b53	fmul.s	f22,f18,f30	 f18:0x80000000 f30:0xd3ba8500 f22=0x00000000
      48215.000 ns	      4820	800012bc	027f0ab3	mul	x21,x30,x7	 x30:0x00000000  x7:0x00000000 x21=0x00000000
      48235.000 ns	      4822	800012c0	8f024593	xori	x11,x4,-1808	  x4:0xffffffff x11=0x0000070f
      48595.000 ns	      4858	800012c4	0335c933	div	x18,x11,x19	 x11:0x00000001 x19:0x000001f3 x18=0x00000003
      48625.000 ns	      4861	800012c8	027d95b3	mulh	x11,x27,x7	 x27:0x00000000  x7:0x00000000 x11=0x00000000
      48645.000 ns	      4863	800012cc	8eaf7117	auipc	x2,0x8eaf7	  x2=0x0eaf82cc
      48665.000 ns	      4865	800012d0	21799253	fsgnjn.s	f4,f19,f23	 f19:0x00000000 f23:0xcca02448  f4=0x00000000
      48695.000 ns	      4868	800012d4	d0057753	fcvt.s.w	f14,x10	 x10:0x00000041 f14=0x42820000
      48715.000 ns	      4870	800012d8	01863533	sltu	x10,x12,x24	 x12:0xffffffff x24:0x49aab264 x10=0x00000000
      48725.000 ns	      4871	800012dc	f2238513	addi	x10,x7,-222	  x7:0x00000000 x10=0xffffff22
      48735.000 ns	      4872	800012e0	006d46b3	xor	x13,x26,x6	 x26:0x00f1969b  x6:0xffffffff x13=0xff0e6964
      48745.000 ns	      4873	800012e4	4060d433	sra	x8,x1,x6	  x1:0x00000001  x6:0xffffffff  x8=0x00000000
      48755.000 ns	      4874	800012e8	89a98213	addi	x4,x19,-1894	 x19:0x000001f3  x4=0xfffffa8d
      48775.000 ns	      4876	800012ec	02b391b3	mulh	x3,x7,x11	  x7:0x00000000 x11:0x00000000  x3=0x00000000
      48805.000 ns	      4879	800012f0	21278b53	fsgnj.s	f22,f15,f18	 f15:0x00000000 f18:0x80000000 f22=0x80000000
      48835.000 ns	      4882	800012f4	03a291b3	mulh	x3,x5,x26	  x5:0x00000000 x26:0x00f1969b  x3=0x00000000
      48855.000 ns	      4884	800012f8	f0d28217	auipc	x4,0xf0d28	  x4=0x70d292f8
      48875.000 ns	      4886	800012fc	03ad8933	mul	x18,x27,x26	 x27:0x00000000 x26:0x00f1969b x18=0x00000000
      48895.000 ns	      4888	80001300	00127c33	and	x24,x4,x1	  x4:0xfffffa8d  x1:0x00000001 x24=0x00000000
      48915.000 ns	      4890	80001304	a173a153	feq.s	x2,f7,f23	  f7:0x41500000 f23:0xcca02448  x2=0x00000000
      48955.000 ns	      4894	80001308	19ad2d53	fdiv.s	f26,f26,f26	 f26:0x00000000 f26:0x00000000 f26=0x7fc00000
      48975.000 ns	      4896	8000130c	b9f9d2b7	lui	x5,0xb9f9d	  x5=0xb9f9d000
      48995.000 ns	      4898	80001310	02ae1433	mulh	x8,x28,x10	 x28:0x00000000 x10:0xffffff22  x8=0x00000000
      49015.000 ns	      4900	80001314	86177713	andi	x14,x14,-1951	 x14:0x00000000 x14=0x00000000
      49025.000 ns	      4901	80001318	00d9dcb3	srl	x25,x19,x13	 x19:0x000001f3 x13:0xff0e6964 x25=0x0000001f
      49035.000 ns	      4902	8000131c	00209193	slli	x3,x1,0x2	  x1:0x00000001  x3=0x00000004
      49045.000 ns	      4903	80001320	01f8acb3	slt	x25,x17,x31	 x17:0x80041024 x31:0xfafeddbe x25=0x00000001
      49055.000 ns	      4904	80001324	01746433	or	x8,x8,x23	  x8:0x00000000 x23:0x00000040  x8=0x00000040
      49065.000 ns	      4905	80001328	00742d33	slt	x26,x8,x7	  x8:0x00000000  x7:0x00000000 x26=0x00000000
      49075.000 ns	      4906	8000132c	00379db3	sll	x27,x15,x3	 x15:0x000001f3  x3:0x00000004 x27=0x00001f30
      49085.000 ns	      4907	80001330	00f36733	or	x14,x6,x15	  x6:0xffffffff x15:0x000001f3 x14=0xffffffff
      49105.000 ns	      4909	80001334	28cc1b53	fmax.s	f22,f24,f12	 f24:0x41500000 f12:0xfafeddbe f22=0x41500000
      49125.000 ns	      4911	80001338	ae16cd13	xori	x26,x13,-1311	 x13:0xff0e6964 x26=0x00f19385
      49145.000 ns	      4913	8000133c	03289433	mulh	x8,x17,x18	 x17:0x80041024 x18:0x00000000  x8=0x00000000
      49165.000 ns	      4915	80001340	c1da0b93	addi	x23,x20,-995	 x20:0x00000001 x23=0xfffffc1e
      49175.000 ns	      4916	80001344	e6c04813	xori	x16,x0,-404	  x0:0x00000000 x16=0xfffffe6c
      49195.000 ns	      4918	80001348	e00d8753	fmv.x.w	x14,f27	 f27:0x80040b89 x14=0x80040b89
      49225.000 ns	      4921	8000134c	20a51053	fsgnjn.s	f0,f10,f10	 f10:0x80000000 f10:0x80000000  f0=0x00000000
      49275.000 ns	      4926	80001350	009b7953	fadd.s	f18,f22,f9	 f22:0x41500000  f9:0x00000000 f18=0x41500000
      49305.000 ns	      4929	80001354	d0132dd3	fcvt.s.wu	f27,x6	  x6:0xffffffff f27=0x4f800000
      49645.000 ns	      4963	80001358	19edbc53	fdiv.s	f24,f27,f30	 f27:0x80040b89 f30:0xd3ba8500 f24=0xbb000000
      49665.000 ns	      4965	8000135c	0107e133	or	x2,x15,x16	 x15:0x000001f3 x16:0xfffffe6c  x2=0xffffffff
      49675.000 ns	      4966	80001360	01f84733	xor	x14,x16,x31	 x16:0xfffffe6c x31:0xfafeddbe x14=0x050123d2
      49685.000 ns	      4967	80001364	14ff1517	auipc	x10,0x14ff1	 x10=0x94ff2364
      49705.000 ns	      4969	80001368	f00d08d3	fmv.w.x	f17,x26	 x26:0x00f19385 f17=0x00f19385
      49725.000 ns	      4971	8000136c	01ac8bb3	add	x23,x25,x26	 x25:0x00000001 x26:0x00f19385 x23=0x00f19386
      50085.000 ns	      5007	80001370	03316933	rem	x18,x2,x19	  x2:0xffffffff x19:0x000001f3 x18=0xffffffff
      50105.000 ns	      5009	80001374	a9dba317	auipc	x6,0xa9dba	  x6=0x29dbb374
      50125.000 ns	      5011	80001378	e00190d3	fclass.s	x1,f3	  f3:0x00000000  x1=0x00000010
      50495.000 ns	      5048	8000137c	037cf333	remu	x6,x25,x23	 x25:0x00000001 x23:0x00f19386  x6=0x00000001
      50535.000 ns	      5052	80001380	18c21053	fdiv.s	f0,f4,f12	  f4:0x00000000 f12:0xfafeddbe  f0=0x80000000
      50555.000 ns	      5054	80001384	00dfb4b3	sltu	x9,x31,x13	 x31:0xfafeddbe x13:0xff0e6964  x9=0x00000001
      50565.000 ns	      5055	80001388	90eb4713	xori	x14,x22,-1778	 x22:0x00000001 x14=0xfffff90f
      50575.000 ns	      5056	8000138c	01861413	slli	x8,x12,0x18	 x12:0xffffffff  x8=0xff000000
      50595.000 ns	      5058	80001390	a0e4a7d3	feq.s	x15,f9,f14	  f9:0x00000000 f14:0x42820000 x15=0x00000000
      50615.000 ns	      5060	80001394	01cbd913	srli	x18,x23,0x1c	 x23:0x00f19386 x18=0x00000000
      50625.000 ns	      5061	80001398	41bbd233	sra	x4,x23,x27	 x23:0x00f19386 x27:0x00001f30  x4=0x000000f1
      50645.000 ns	      5063	8000139c	e0079053	fclass.s	x0,f15	 f15:0x00000000
      50665.000 ns	      5065	800013a0	00941693	slli	x13,x8,0x9	  x8:0xff000000 x13=0x00000000
      50685.000 ns	      5067	800013a4	e0030353	fmv.x.w	x6,f6	  f6:0xc1500000  x6=0xc1500000
      50715.000 ns	      5070	800013a8	218aa1d3	fsgnjx.s	f3,f21,f24	 f21:0x3f800000 f24:0xbb000000  f3=0xbf800000
      50735.000 ns	      5072	800013ac	400809b3	sub	x19,x16,x0	 x16:0xfffffe6c  x0:0x00000000 x19=0xfffffe6c
      50755.000 ns	      5074	800013b0	d0140cd3	fcvt.s.wu	f25,x8	  x8:0xff000000 f25=0x4f7f0000
      50775.000 ns	      5076	800013b4	5e1a6193	ori	x3,x20,1505	 x20:0x00000001  x3=0x000005e1
      50785.000 ns	      5077	800013b8	af793613	sltiu	x12,x18,-1289	 x18:0x00000000 x12=0x00000001
      50795.000 ns	      5078	800013bc	007dd113	srli	x2,x27,0x7	 x27:0x00001f30  x2=0x0000003e
      50805.000 ns	      5079	800013c0	05754493	xori	x9,x10,87	 x10:0x94ff2364  x9=0x94ff2333
      50825.000 ns	      5081	800013c4	c013f453	fcvt.wu.s	x8,f7	  f7:0x41500000  x8=0x0000000d
      50855.000 ns	      5084	800013c8	f00681d3	fmv.w.x	f3,x13	 x13:0x00000000  f3=0x00000000
      51225.000 ns	      5121	800013cc	02a0dab3	divu	x21,x1,x10	  x1:0x00000010 x10:0x94ff2364 x21=0x00000000
      51595.000 ns	      5158	800013d0	02365333	divu	x6,x12,x3	 x12:0x00000001  x3:0x000005e1  x6=0x00000000
      51625.000 ns	      5161	800013d4	03639b33	mulh	x22,x7,x22	  x7:0x00000000 x22:0x00000001 x22=0x00000000
      51655.000 ns	      5164	800013d8	02692833	mulhsu	x16,x18,x6	 x18:0x00000000  x6:0x00000000 x16=0x00000000
      51675.000 ns	      5166	800013dc	412ed293	srai	x5,x29,0x12	 x29:0x80040fe4  x5=0xffffe001
      51685.000 ns	      5167	800013e0	01079633	sll	x12,x15,x16	 x15:0x00000000 x16:0x00000000 x12=0x00000000
      51705.000 ns	      5169	800013e4	035df233	remu	x4,x27,x21	 x27:0x00001f30 x21:0x00000000  x4=0x00001f30
      51755.000 ns	      5174	800013e8	084177d3	fsub.s	f15,f2,f4	  f2:0x80000000  f4:0x00000000 f15=0x80000000
      51785.000 ns	      5177	800013ec	c00b3053	fcvt.w.s	x0,f22	 f22:0x41500000
      51805.000 ns	      5179	800013f0	012140b3	xor	x1,x2,x18	  x2:0x0000003e x18:0x00000000  x1=0x0000003e
      51815.000 ns	      5180	800013f4	dbb07113	andi	x2,x0,-581	  x0:0x00000000  x2=0x00000000
      51825.000 ns	      5181	800013f8	018ff5b3	and	x11,x31,x24	 x31:0xfafeddbe x24:0x00000000 x11=0x00000000
      51845.000 ns	      5183	800013fc	e00210d3	fclass.s	x1,f4	  f4:0x00000000  x1=0x00000010
      51875.000 ns	      5186	80001400	031b0d33	mul	x26,x22,x17	 x22:0x00000000 x17:0x80041024 x26=0x00000000
      51895.000 ns	      5188	80001404	aa520f13	addi	x30,x4,-1371	  x4:0x00001f30 x30=0x000019d5
      51905.000 ns	      5189	80001408	00428333	add	x6,x5,x4	  x5:0xffffe001  x4:0x00001f30  x6=0xffffff31
      51915.000 ns	      5190	8000140c	40ca51b3	sra	x3,x20,x12	 x20:0x00000001 x12:0x00000000  x3=0x00000001
      51935.000 ns	      5192	80001410	c01175d3	fcvt.wu.s	x11,f2	  f2:0x80000000 x11=0x00000000
      51955.000 ns	      5194	80001414	14892913	slti	x18,x18,328	 x18:0x00000000 x18=0x00000001
      51965.000 ns	      5195	80001418	0187a0b3	slt	x1,x15,x24	 x15:0x00000000 x24:0x00000000  x1=0x00000000
      51975.000 ns	      5196	8000141c	01f1de13	srli	x28,x3,0x1f	  x3:0x00000001 x28=0x00000000
      51985.000 ns	      5197	80001420	f0843013	sltiu	x0,x8,-248	  x8:0x0000000d
      51995.000 ns	      5198	80001424	005b01b3	add	x3,x22,x5	 x22:0x00000000  x5:0xffffe001  x3=0xffffe001
      52005.000 ns	      5199	80001428	a6998413	addi	x8,x19,-1431	 x19:0xfffffe6c  x8=0xfffff8d5
      52015.000 ns	      5200	8000142c	409b8833	sub	x16,x23,x9	 x23:0x00f19386  x9:0x94ff2333 x16=0x6bf27053
      52035.000 ns	      5202	80001430	28ee0f53	fmin.s	f30,f28,f14	 f28:0x00000000 f14:0x42820000 f30=0x00000000
      52065.000 ns	      5205	80001434	a0e883d3	fle.s	x7,f17,f14	 f17:0x00f19385 f14:0x42820000  x7=0x00000001
      52095.000 ns	      5208	80001438	a1c9ab53	feq.s	x22,f19,f28	 f19:0x00000000 f28:0x00000000 x22=0x00000001
      52115.000 ns	      5210	8000143c	de296d13	ori	x26,x18,-542	 x18:0x00000001 x26=0xfffffde3
      52125.000 ns	      5211	80001440	7aa20993	addi	x19,x4,1962	  x4:0x00001f30 x19=0x000026da
      52135.000 ns	      5212	80001444	011a1613	slli	x12,x20,0x11	 x20:0x00000001 x12=0x00020000
      52155.000 ns	      5214	80001448	a19b8053	fle.s	x0,f23,f25	 f23:0xcca02448 f25:0x4f7f0000
      52185.000 ns	      5217	8000144c	e00f8d53	fmv.x.w	x26,f31	 f31:0x80000000 x26=0x80000000
      52215.000 ns	      5220	80001450	d01c2c53	fcvt.s.wu	f24,x24	 x24:0x00000000 f24=0x00000000
      52265.000 ns	      5225	80001454	01b806d3	fadd.s	f13,f16,f27	 f16:0x80000000 f27:0x4f800000 f13=0x4f800000
      52295.000 ns	      5228	80001458	02dd5533	divu	x10,x26,x13	 x26:0x80000000 x13:0x00000000 x10=0xffffffff
      52325.000 ns	      5231	8000145c	210d1e53	fsgnjn.s	f28,f26,f16	 f26:0x7fc00000 f16:0x80000000 f28=0x7fc00000
      52355.000 ns	      5234	80001460	c014c6d3	fcvt.wu.s	x13,f9	  f9:0x00000000 x13=0x00000000
      52375.000 ns	      5236	80001464	00f4cc33	xor	x24,x9,x15	  x9:0x94ff2333 x15:0x00000000 x24=0x94ff2333
      52385.000 ns	      5237	80001468	24423993	sltiu	x19,x4,580	  x4:0x00001f30 x19=0x00000000
      52395.000 ns	      5238	8000146c	101c7f17	auipc	x30,0x101c7	 x30=0x901c846c
      52415.000 ns	      5240	80001470	02510733	mul	x14,x2,x5	  x2:0x00000000  x5:0xffffe001 x14=0x00000000
      52435.000 ns	      5242	80001474	a816b313	sltiu	x6,x13,-1407	 x13:0x00000000  x6=0x00000001
      52445.000 ns	      5243	80001478	007803b3	add	x7,x16,x7	 x16:0x6bf27053  x7:0x00000001  x7=0x6bf27054
      52465.000 ns	      5245	8000147c	d0097d53	fcvt.s.w	f26,x18	 x18:0x00000001 f26=0x3f800000
      52495.000 ns	      5248	80001480	d01b81d3	fcvt.s.wu	f3,x23	 x23:0x00f19386  f3=0x4b719386
      52865.000 ns	      5285	80001484	032a72b3	remu	x5,x20,x18	 x20:0x00000001 x18:0x00000001  x5=0x00000000
      52885.000 ns	      5287	80001488	41f20233	sub	x4,x4,x31	  x4:0x00001f30 x31:0xfafeddbe  x4=0x05014172
      52895.000 ns	      5288	8000148c	cbe27093	andi	x1,x4,-834	  x4:0x00001f30  x1=0x05014032
      52905.000 ns	      5289	80001490	0061fa33	and	x20,x3,x6	  x3:0xffffe001  x6:0x00000001 x20=0x00000001
      52915.000 ns	      5290	80001494	96c30993	addi	x19,x6,-1684	  x6:0x00000001 x19=0xfffff96d
      52935.000 ns	      5292	80001498	21900d53	fsgnj.s	f26,f0,f25	  f0:0x80000000 f25:0x4f7f0000 f26=0x00000000
      52955.000 ns	      5294	8000149c	400e5d13	srai	x26,x28,0x0	 x28:0x00000000 x26=0x00000000
      52965.000 ns	      5295	800014a0	018ca2b3	slt	x5,x25,x24	 x25:0x00000001 x24:0x94ff2333  x5=0x00000000
      52975.000 ns	      5296	800014a4	9810f437	lui	x8,0x9810f	  x8=0x9810f000
      52995.000 ns	      5298	800014a8	211f9553	fsgnjn.s	f10,f31,f17	 f31:0x80000000 f17:0x00f19385 f10=0x80000000
      53015.000 ns	      5300	800014ac	f84273b7	lui	x7,0xf8427	  x7=0xf8427000
      53035.000 ns	      5302	800014b0	d0007253	fcvt.s.w	f4,x0	  x0:0x00000000  f4=0x00000000
      53065.000 ns	      5305	800014b4	29959ed3	fmax.s	f29,f11,f25	 f11:0x00000000 f25:0x4f7f0000 f29=0x4f7f0000
      53085.000 ns	      5307	800014b8	01ab8cb3	add	x25,x23,x26	 x23:0x00f19386 x26:0x00000000 x25=0x00f19386
      53445.000 ns	      5343	800014bc	0293f1b3	remu	x3,x7,x9	  x7:0xf8427000  x9:0x94ff2333  x3=0x63434ccd
      53475.000 ns	      5346	800014c0	21c1afd3	fsgnjx.s	f31,f3,f28	  f3:0x4b719386 f28:0x7fc00000 f31=0x4b719386
      53505.000 ns	      5349	800014c4	c012acd3	fcvt.wu.s	x25,f5	  f5:0xc48b6000 x25=0x0000045b
      53535.000 ns	      5352	800014c8	d008a253	fcvt.s.w	f4,x17	 x17:0x80041024  f4=0xcefff7e0
      53555.000 ns	      5354	800014cc	01a19213	slli	x4,x3,0x1a	  x3:0x63434ccd  x4=0x34000000
      53575.000 ns	      5356	800014d0	e0061d53	fclass.s	x26,f12	 f12:0xfafeddbe x26=0x00000002
      53625.000 ns	      5361	800014d4	08a2f753	fsub.s	f14,f5,f10	  f5:0xc48b6000 f10:0x80000000 f14=0xc48b6000
      53665.000 ns	      5365	800014d8	111ec953	fmul.s	f18,f29,f17	 f29:0x4f7f0000 f17:0x00f19385 f18=0x10f0a1f1
      53695.000 ns	      5368	800014dc	02ec6ab3	rem	x21,x24,x14	 x24:0x94ff2333 x14:0x00000000 x21=0x94ff2333
      53715.000 ns	      5370	800014e0	00bc1633	sll	x12,x24,x11	 x24:0x94ff2333 x11:0x00000000 x12=0x94ff2333
      54045.000 ns	      5403	800014e4	199cc153	fdiv.s	f2,f25,f25	 f25:0x4f7f0000 f25:0x4f7f0000  f2=0x3f7f0000
      54085.000 ns	      5407	800014e8	181ec9d3	fdiv.s	f19,f29,f1	 f29:0x4f7f0000  f1:0x00000000 f19=0x7f800000
      54135.000 ns	      5412	800014ec	013d03d3	fadd.s	f7,f26,f19	 f26:0x00000000 f19:0x00000000  f7=0x7f800000
      54155.000 ns	      5414	800014f0	00000013	addi	x0,x0,0	  x0:0x00000000
      54175.000 ns	      5416	800014f4	02ae09b3	mul	x19,x28,x10	 x28:0x00000000 x10:0xffffffff x19=0x00000000
      54205.000 ns	      5419	800014f8	a0ea10d3	flt.s	x1,f20,f14	 f20:0x00000000 f14:0xc48b6000  x1=0x00000000
      54225.000 ns	      5421	800014fc	419fdb33	sra	x22,x31,x25	 x31:0xfafeddbe x25:0x0000045b x22=0xffffffff
      54235.000 ns	      5422	80001500	01a18f33	add	x30,x3,x26	  x3:0x63434ccd x26:0x00000002 x30=0x63434ccf
      54255.000 ns	      5424	80001504	29cc1f53	fmax.s	f30,f24,f28	 f24:0x00000000 f28:0x7fc00000 f30=0x00000000
      54275.000 ns	      5426	80001508	007a9233	sll	x4,x21,x7	 x21:0x94ff2333  x7:0xf8427000  x4=0x94ff2333
      54285.000 ns	      5427	8000150c	1df9a593	slti	x11,x19,479	 x19:0x00000000 x11=0x00000001
      55455.000 ns	      5544	80001510	580a8b53	fsqrt.s	f22,f21	 f21:0x3f800000 f22=0x3f7fffae
      55825.000 ns	      5581	80001514	034d4cb3	div	x25,x26,x20	 x26:0x00000002 x20:0x00000001 x25=0x00000002
      55855.000 ns	      5584	80001518	a0e00c53	fle.s	x24,f0,f14	  f0:0x80000000 f14:0xc48b6000 x24=0x00000000
      55875.000 ns	      5586	8000151c	00bd2033	slt	x0,x26,x11	 x26:0x00000002 x11:0x00000001
      55895.000 ns	      5588	80001520	02b497b3	mulh	x15,x9,x11	  x9:0x94ff2333 x11:0x00000001 x15=0xffffffff
      55915.000 ns	      5590	80001524	41aa00b3	sub	x1,x20,x26	 x20:0x00000001 x26:0x00000002  x1=0xffffffff
      55925.000 ns	      5591	80001528	01b80c33	add	x24,x16,x27	 x16:0x6bf27053 x27:0x00001f30 x24=0x6bf28f83
      55935.000 ns	      5592	8000152c	00d6fd33	and	x26,x13,x13	 x13:0x00000000 x13:0x00000000 x26=0x00000000
      55955.000 ns	      5594	80001530	e0090953	fmv.x.w	x18,f18	 f18:0x10f0a1f1 x18=0x10f0a1f1
      55975.000 ns	      5596	80001534	00c51813	slli	x16,x10,0xc	 x10:0xffffffff x16=0xfffff000
      56015.000 ns	      5600	80001538	08ec8dd3	fsub.s	f27,f25,f14	 f25:0x4f7f0000 f14:0xc48b6000 f27=0x4f7f0004
      56045.000 ns	      5603	8000153c	203ea5d3	fsgnjx.s	f11,f29,f3	 f29:0x4f7f0000  f3:0x4b719386 f11=0x4f7f0000
      56065.000 ns	      5605	80001540	018b0cb3	add	x25,x22,x24	 x22:0xffffffff x24:0x6bf28f83 x25=0x6bf28f82
      56075.000 ns	      5606	80001544	41645313	srai	x6,x8,0x16	  x8:0x9810f000  x6=0xfffffe60
      56435.000 ns	      5642	80001548	035ff433	remu	x8,x31,x21	 x31:0xfafeddbe x21:0x94ff2333  x8=0x65ffba8b
      56455.000 ns	      5644	8000154c	3c030693	addi	x13,x6,960	  x6:0x00000001 x13=0x00000220
      56485.000 ns	      5647	80001550	19454553	fdiv.s	f10,f10,f20	 f10:0x80000000 f20:0x00000000 f10=0x7fc00000
      56515.000 ns	      5650	80001554	03ca6833	rem	x16,x20,x28	 x20:0x00000001 x28:0x00000000 x16=0x00000001
      56545.000 ns	      5653	80001558	d001f253	fcvt.s.w	f4,x3	  x3:0x63434ccd  f4=0x4ec68699
      56565.000 ns	      5655	8000155c	6f307393	andi	x7,x0,1779	  x0:0x00000000  x7=0x00000000
      56575.000 ns	      5656	80001560	00c69613	slli	x12,x13,0xc	 x13:0x00000220 x12=0x00220000
      56595.000 ns	      5658	80001564	280b06d3	fmin.s	f13,f22,f0	 f22:0x3f7fffae  f0:0x80000000 f13=0x80000000
      56625.000 ns	      5661	80001568	c01dc353	fcvt.wu.s	x6,f27	 f27:0x4f7f0004  x6=0xff000400
      56995.000 ns	      5698	8000156c	030ed933	divu	x18,x29,x16	 x29:0x80040fe4 x16:0x00000001 x18=0x80040fe4
      57025.000 ns	      5701	80001570	d01d7353	fcvt.s.wu	f6,x26	 x26:0x00000000  f6=0x00000000
      57055.000 ns	      5704	80001574	037f3033	mulhu	x0,x30,x23	 x30:0x63434ccf x23:0x00f19386
      57075.000 ns	      5706	80001578	00f2db13	srli	x22,x5,0xf	  x5:0x00000000 x22=0x00000000
      57085.000 ns	      5707	8000157c	00000013	addi	x0,x0,0	  x0:0x00000000
      57105.000 ns	      5709	80001580	a0902cd3	feq.s	x25,f0,f9	  f0:0x80000000  f9:0x00000000 x25=0x00000001
      57145.000 ns	      5713	80001584	11137cd3	fmul.s	f25,f6,f17	  f6:0x00000000 f17:0x00f19385 f25=0x00000000
      57165.000 ns	      5715	80001588	b18c4193	xori	x3,x24,-1256	 x24:0x6bf28f83  x3=0x940d749b
      57185.000 ns	      5717	8000158c	c0120853	fcvt.wu.s	x16,f4	  f4:0x4ec68699 x16=0x63434c80
      57205.000 ns	      5719	80001590	40c7dd93	srai	x27,x15,0xc	 x15:0xffffffff x27=0xffffffff
      57565.000 ns	      5755	80001594	02136433	rem	x8,x6,x1	  x6:0xff000400  x1:0xffffffff  x8=0x00000000
      57605.000 ns	      5759	80001598	1195f8d3	fmul.s	f17,f11,f25	 f11:0x4f7f0000 f25:0x00000000 f17=0x00000000
      57635.000 ns	      5762	8000159c	c0153053	fcvt.wu.s	x0,f10	 f10:0x7fc00000
      57665.000 ns	      5765	800015a0	031e3933	mulhu	x18,x28,x17	 x28:0x00000000 x17:0x80041024 x18=0x00000000
      57685.000 ns	      5767	800015a4	012c5c13	srli	x24,x24,0x12	 x24:0x6bf28f83 x24=0x00001afc
      57705.000 ns	      5769	800015a8	03666933	rem	x18,x12,x22	 x12:0x00220000 x22:0x00000000 x18=0x00220000
      57735.000 ns	      5772	800015ac	e00a0b53	fmv.x.w	x22,f20	 f20:0x00000000 x22=0x00000000
      57765.000 ns	      5775	800015b0	e00a0053	fmv.x.w	x0,f20	 f20:0x00000000
      57795.000 ns	      5778	800015b4	a1fc2dd3	feq.s	x27,f24,f31	 f24:0x00000000 f31:0x4b719386 x27=0x00000000
      57815.000 ns	      5780	800015b8	1eba7493	andi	x9,x20,491	 x20:0x00000001  x9=0x00000001
      57835.000 ns	      5782	800015bc	a15897d3	flt.s	x15,f17,f21	 f17:0x00000000 f21:0x3f800000 x15=0x00000001
      57865.000 ns	      5785	800015c0	a1a69f53	flt.s	x30,f13,f26	 f13:0x80000000 f26:0x00000000 x30=0x00000000
      57885.000 ns	      5787	800015c4	f8b03b13	sltiu	x22,x0,-117	  x0:0x00000000 x22=0x00000001
      57895.000 ns	      5788	800015c8	50c6d517	auipc	x10,0x50c6d	 x10=0xd0c6e5c8
      58255.000 ns	      5824	800015cc	0215f4b3	remu	x9,x11,x1	 x11:0x00000001  x1:0xffffffff  x9=0x00000001
      58305.000 ns	      5829	800015d0	01d4f953	fadd.s	f18,f9,f29	  f9:0x00000000 f29:0x4f7f0000 f18=0x4f7f0000
      58355.000 ns	      5834	800015d4	08a21dd3	fsub.s	f27,f4,f10	  f4:0x4ec68699 f10:0x7fc00000 f27=0x7fc00000
      58375.000 ns	      5836	800015d8	0040edb3	or	x27,x1,x4	  x1:0xffffffff  x4:0x94ff2333 x27=0xffffffff
      58395.000 ns	      5838	800015dc	e00c8453	fmv.x.w	x8,f25	 f25:0x00000000  x8=0x00000000
      58435.000 ns	      5842	800015e0	104b7653	fmul.s	f12,f22,f4	 f22:0x3f7fffae  f4:0x4ec68699 f12=0x4ec68659
      58455.000 ns	      5844	800015e4	8f13eab7	lui	x21,0x8f13e	 x21=0x8f13e000
      58465.000 ns	      5845	800015e8	41c6dbb3	sra	x23,x13,x28	 x13:0x00000220 x28:0x00000000 x23=0x00000220
      58485.000 ns	      5847	800015ec	d013f2d3	fcvt.s.wu	f5,x7	  x7:0x00000000  f5=0x00000000
      58515.000 ns	      5850	800015f0	d0004ed3	fcvt.s.w	f29,x0	  x0:0x00000000 f29=0x00000000
      58545.000 ns	      5853	800015f4	a0a21853	flt.s	x16,f4,f10	  f4:0x4ec68699 f10:0x7fc00000 x16=0x00000000
      58565.000 ns	      5855	800015f8	19f2f297	auipc	x5,0x19f2f	  x5=0x99f305f8
      58585.000 ns	      5857	800015fc	e00519d3	fclass.s	x19,f10	 f10:0x7fc00000 x19=0x00000200
      58605.000 ns	      5859	80001600	01335833	srl	x16,x6,x19	  x6:0xff000400 x19:0x00000000 x16=0xff000400
      58965.000 ns	      5895	80001604	0235cbb3	div	x23,x11,x3	 x11:0x00000001  x3:0x940d749b x23=0x00000000
      58995.000 ns	      5898	80001608	214aa353	fsgnjx.s	f6,f21,f20	 f21:0x3f800000 f20:0x00000000  f6=0x3f800000
      59025.000 ns	      5901	8000160c	21b8a5d3	fsgnjx.s	f11,f17,f27	 f17:0x00000000 f27:0x7fc00000 f11=0x00000000
      59075.000 ns	      5906	80001610	0094f453	fadd.s	f8,f9,f9	  f9:0x00000000  f9:0x00000000  f8=0x00000000
      59095.000 ns	      5908	80001614	40e151b3	sra	x3,x2,x14	  x2:0x00000000 x14:0x00000000  x3=0x00000000
      59115.000 ns	      5910	80001618	20d398d3	fsgnjn.s	f17,f7,f13	  f7:0x7f800000 f13:0x80000000 f17=0x7f800000
      59135.000 ns	      5912	8000161c	00f86bb3	or	x23,x16,x15	 x16:0xff000400 x15:0x00000001 x23=0xff000401
      59495.000 ns	      5948	80001620	02a7e2b3	rem	x5,x15,x10	 x15:0x00000001 x10:0xd0c6e5c8  x5=0x00000001
      59545.000 ns	      5953	80001624	08e0f2d3	fsub.s	f5,f1,f14	  f1:0x00000000 f14:0xc48b6000  f5=0x448b6000
      59565.000 ns	      5955	80001628	400c5cb3	sra	x25,x24,x0	 x24:0x00001afc  x0:0x00000000 x25=0x00001afc
      59925.000 ns	      5991	8000162c	03d8dbb3	divu	x23,x17,x29	 x17:0x80041024 x29:0x80040fe4 x23=0x00000001
      59955.000 ns	      5994	80001630	03e152b3	divu	x5,x2,x30	  x2:0x00000000 x30:0x00000000  x5=0xffffffff
      59975.000 ns	      5996	80001634	f368f413	andi	x8,x17,-202	 x17:0x80041024  x8=0x80041024
      59985.000 ns	      5997	80001638	01ae0233	add	x4,x28,x26	 x28:0x00000000 x26:0x00000000  x4=0x00000000
      59995.000 ns	      5998	8000163c	00000013	addi	x0,x0,0	  x0:0x00000000
      60005.000 ns	      5999	80001640	605ac493	xori	x9,x21,1541	 x21:0x8f13e000  x9=0x8f13e605
      60025.000 ns	      6001	80001644	f00c0253	fmv.w.x	f4,x24	 x24:0x00001afc  f4=0x00001afc
      60045.000 ns	      6003	80001648	458acd17	auipc	x26,0x458ac	 x26=0xc58ad648
      60055.000 ns	      6004	8000164c	00000013	addi	x0,x0,0	  x0:0x00000000
      60065.000 ns	      6005	80001650	00000013	addi	x0,x0,0	  x0:0x00000000
      60075.000 ns	      6006	80001654	b6f87013	andi	x0,x16,-1169	 x16:0xff000400
      60085.000 ns	      6007	80001658	41cc2793	slti	x15,x24,1052	 x24:0x00001afc x15=0x00000000
      60095.000 ns	      6008	8000165c	75bfbb93	sltiu	x23,x31,1883	 x31:0xfafeddbe x23=0x00000000
      60105.000 ns	      6009	80001660	01879233	sll	x4,x15,x24	 x15:0x00000001 x24:0x00001afc  x4=0x00000000
      60115.000 ns	      6010	80001664	005d1713	slli	x14,x26,0x5	 x26:0xc58ad648 x14=0xb15ac900
      60125.000 ns	      6011	80001668	00000013	addi	x0,x0,0	  x0:0x00000000
      60145.000 ns	      6013	8000166c	c01572d3	fcvt.wu.s	x5,f10	 f10:0x7fc00000  x5=0xffffffff
      60175.000 ns	      6016	80001670	f0010b53	fmv.w.x	f22,x2	  x2:0x00000000 f22=0x00000000
      60205.000 ns	      6019	80001674	28338653	fmin.s	f12,f7,f3	  f7:0x7f800000  f3:0x4b719386 f12=0x4b719386
      60225.000 ns	      6021	80001678	010b8533	add	x10,x23,x16	 x23:0x00000000 x16:0xff000400 x10=0xff000400
      60235.000 ns	      6022	8000167c	0036e133	or	x2,x13,x3	 x13:0x00000220  x3:0x00000000  x2=0x00000220
      60255.000 ns	      6024	80001680	c00b7353	fcvt.w.s	x6,f22	 f22:0x00000000  x6=0x00000000
      60285.000 ns	      6027	80001684	c00d7d53	fcvt.w.s	x26,f26	 f26:0x00000000 x26=0x00000000
      60655.000 ns	      6064	80001688	0314f4b3	remu	x9,x9,x17	  x9:0x8f13e605 x17:0x80041024  x9=0x0f0fd5e1
      60705.000 ns	      6069	8000168c	096429d3	fsub.s	f19,f8,f22	  f8:0x00000000 f22:0x00000000 f19=0x80000000
      60735.000 ns	      6072	80001690	03a4d933	divu	x18,x9,x26	  x9:0x0f0fd5e1 x26:0x00000000 x18=0xffffffff
      60755.000 ns	      6074	80001694	01cf1233	sll	x4,x30,x28	 x30:0x00000000 x28:0x00000000  x4=0x00000000
      60765.000 ns	      6075	80001698	00796033	or	x0,x18,x7	 x18:0xffffffff  x7:0x00000000
      60785.000 ns	      6077	8000169c	208c9053	fsgnjn.s	f0,f25,f8	 f25:0x00000000  f8:0x00000000  f0=0x80000000
      61155.000 ns	      6114	800016a0	03f74933	div	x18,x14,x31	 x14:0xb15ac900 x31:0xfafeddbe x18=0x0000000f
      61525.000 ns	      6151	800016a4	0358ef33	rem	x30,x17,x21	 x17:0x80041024 x21:0x8f13e000 x30=0xf0f03024
      61555.000 ns	      6154	800016a8	c01cf5d3	fcvt.wu.s	x11,f25	 f25:0x00000000 x11=0x00000000
      61575.000 ns	      6156	800016ac	53e9c413	xori	x8,x19,1342	 x19:0x00000200  x8=0x0000073e
      61585.000 ns	      6157	800016b0	82bc8c13	addi	x24,x25,-2005	 x25:0x00001afc x24=0x00001327
      61595.000 ns	      6158	800016b4	d886f293	andi	x5,x13,-632	 x13:0x00000220  x5=0x00000000
      61605.000 ns	      6159	800016b8	07df4693	xori	x13,x30,125	 x30:0xf0f03024 x13=0xf0f03059
      61625.000 ns	      6161	800016bc	2060aad3	fsgnjx.s	f21,f1,f6	  f1:0x00000000  f6:0x3f800000 f21=0x00000000
      61645.000 ns	      6163	800016c0	01df1733	sll	x14,x30,x29	 x30:0xf0f03024 x29:0x80040fe4 x14=0x0f030240
      61665.000 ns	      6165	800016c4	21ae90d3	fsgnjn.s	f1,f29,f26	 f29:0x00000000 f26:0x00000000  f1=0x80000000
      61685.000 ns	      6167	800016c8	47958493	addi	x9,x11,1145	 x11:0x00000000  x9=0x00000479
      61695.000 ns	      6168	800016cc	35cc6d13	ori	x26,x24,860	 x24:0x00001327 x26=0x0000137f
      61705.000 ns	      6169	800016d0	0093f633	and	x12,x7,x9	  x7:0x00000000  x9:0x0f0fd5e1 x12=0x00000000
      61715.000 ns	      6170	800016d4	00187d33	and	x26,x16,x1	 x16:0xff000400  x1:0xffffffff x26=0xff000400
      61735.000 ns	      6172	800016d8	02fb2233	mulhsu	x4,x22,x15	 x22:0x00000001 x15:0x00000000  x4=0x00000000
      61755.000 ns	      6174	800016dc	7fd8f293	andi	x5,x17,2045	 x17:0x80041024  x5=0x00000024
      61775.000 ns	      6176	800016e0	201798d3	fsgnjn.s	f17,f15,f1	 f15:0x80000000  f1:0x80000000 f17=0x00000000
      61805.000 ns	      6179	800016e4	21d6ae53	fsgnjx.s	f28,f13,f29	 f13:0x80000000 f29:0x00000000 f28=0x80000000
      61825.000 ns	      6181	800016e8	0082f433	and	x8,x5,x8	  x5:0x00000024  x8:0x0000073e  x8=0x00000024
      61835.000 ns	      6182	800016ec	f8e36a13	ori	x20,x6,-114	  x6:0x00000000 x20=0xffffff8e
      61845.000 ns	      6183	800016f0	0ff6e717	auipc	x14,0xff6e	 x14=0x8ff6f6f0
      61855.000 ns	      6184	800016f4	835f7817	auipc	x16,0x835f7	 x16=0x035f86f4
      61895.000 ns	      6188	800016f8	08817a53	fsub.s	f20,f2,f8	  f2:0x3f7f0000  f8:0x00000000 f20=0x3f7f0000
      61915.000 ns	      6190	800016fc	005ed513	srli	x10,x29,0x5	 x29:0x80040fe4 x10=0x0400207f
      61925.000 ns	      6191	80001700	082ca393	slti	x7,x25,130	 x25:0x00001afc  x7=0x00000000
      61945.000 ns	      6193	80001704	c00541d3	fcvt.w.s	x3,f10	 f10:0x7fc00000  x3=0x7fffffff
      61965.000 ns	      6195	80001708	29f46713	ori	x14,x8,671	  x8:0x00000024 x14=0x000002bf
      61985.000 ns	      6197	8000170c	a0d08b53	fle.s	x22,f1,f13	  f1:0x80000000 f13:0x80000000 x22=0x00000001
      62005.000 ns	      6199	80001710	23f3a597	auipc	x11,0x23f3a	 x11=0xa3f3b710
      62025.000 ns	      6201	80001714	c01013d3	fcvt.wu.s	x7,f0	  f0:0x80000000  x7=0x00000000
      62055.000 ns	      6204	80001718	d004b3d3	fcvt.s.w	f7,x9	  x9:0x00000479  f7=0x448f2000
      62075.000 ns	      6206	8000171c	004789b3	add	x19,x15,x4	 x15:0x00000000  x4:0x00000000 x19=0x00000000
      62095.000 ns	      6208	80001720	d00307d3	fcvt.s.w	f15,x6	  x6:0x00000000 f15=0x00000000
      62115.000 ns	      6210	80001724	0119e333	or	x6,x19,x17	 x19:0x00000200 x17:0x80041024  x6=0x80041024
      62135.000 ns	      6212	80001728	e00c0b53	fmv.x.w	x22,f24	 f24:0x00000000 x22=0x00000000
      62165.000 ns	      6215	8000172c	c0050653	fcvt.w.s	x12,f10	 f10:0x7fc00000 x12=0x7fffffff
      62185.000 ns	      6217	80001730	009730b3	sltu	x1,x14,x9	 x14:0x000002bf  x9:0x00000479  x1=0x00000001
      62195.000 ns	      6218	80001734	41c25f33	sra	x30,x4,x28	  x4:0x00000000 x28:0x00000000 x30=0x00000000
      62205.000 ns	      6219	80001738	7e3e4013	xori	x0,x28,2019	 x28:0x00000000
      62215.000 ns	      6220	8000173c	a5257837	lui	x16,0xa5257	 x16=0xa5257000
      62235.000 ns	      6222	80001740	28f689d3	fmin.s	f19,f13,f15	 f13:0x80000000 f15:0x00000000 f19=0x80000000
      62255.000 ns	      6224	80001744	832fa793	slti	x15,x31,-1998	 x31:0xfafeddbe x15=0x00000001
      62265.000 ns	      6225	80001748	c6e6a993	slti	x19,x13,-914	 x13:0xf0f03059 x19=0x00000001
      62285.000 ns	      6227	8000174c	d010a953	fcvt.s.wu	f18,x1	  x1:0x00000001 f18=0x3f800000
      62315.000 ns	      6230	80001750	e00f84d3	fmv.x.w	x9,f31	 f31:0x4b719386  x9=0x4b719386
      62335.000 ns	      6232	80001754	40045813	srai	x16,x8,0x0	  x8:0x00000024 x16=0x00000024
      62365.000 ns	      6235	80001758	191f71d3	fdiv.s	f3,f30,f17	 f30:0x00000000 f17:0x00000000  f3=0x7fc00000
      62395.000 ns	      6238	8000175c	205b1353	fsgnjn.s	f6,f22,f5	 f22:0x00000000  f5:0x448b6000  f6=0x80000000
      62415.000 ns	      6240	80001760	29cffe13	andi	x28,x31,668	 x31:0xfafeddbe x28=0x0000009c
      63585.000 ns	      6357	80001764	5803af53	fsqrt.s	f30,f7	  f7:0x448f2000 f30=0x420759c0
      63605.000 ns	      6359	80001768	003a3033	sltu	x0,x20,x3	 x20:0xffffff8e  x3:0x7fffffff
      63615.000 ns	      6360	8000176c	019866b3	or	x13,x16,x25	 x16:0x00000024 x25:0x00001afc x13=0x00001afc
      63625.000 ns	      6361	80001770	403a5bb3	sra	x23,x20,x3	 x20:0xffffff8e  x3:0x7fffffff x23=0xffffffff
      63645.000 ns	      6363	80001774	e0071d53	fclass.s	x26,f14	 f14:0xc48b6000 x26=0x00000002
      63665.000 ns	      6365	80001778	40c95213	srai	x4,x18,0xc	 x18:0x0000000f  x4=0x00000000
      63675.000 ns	      6366	8000177c	cd03c393	xori	x7,x7,-816	  x7:0x00000000  x7=0xfffffcd0
      63695.000 ns	      6368	80001780	c0164c53	fcvt.wu.s	x24,f12	 f12:0x4b719386 x24=0x00f19386
      64065.000 ns	      6405	80001784	033942b3	div	x5,x18,x19	 x18:0x0000000f x19:0x00000001  x5=0x0000000f
      64095.000 ns	      6408	80001788	a0251f53	flt.s	x30,f10,f2	 f10:0x7fc00000  f2:0x3f7f0000 x30=0x00000000
      64115.000 ns	      6410	8000178c	f72d2093	slti	x1,x26,-142	 x26:0x00000002  x1=0x00000000
      64125.000 ns	      6411	80001790	0137fab3	and	x21,x15,x19	 x15:0x00000001 x19:0x00000001 x21=0x00000001
      64145.000 ns	      6413	80001794	29930053	fmin.s	f0,f6,f25	  f6:0x80000000 f25:0x00000000  f0=0x80000000
      64175.000 ns	      6416	80001798	219f01d3	fsgnj.s	f3,f30,f25	 f30:0x420759c0 f25:0x00000000  f3=0x420759c0
      64205.000 ns	      6419	8000179c	c0124dd3	fcvt.wu.s	x27,f4	  f4:0x00001afc x27=0x00000000
      64225.000 ns	      6421	800017a0	c8334393	xori	x7,x6,-893	  x6:0x80041024  x7=0x7ffbeca7
      64235.000 ns	      6422	800017a4	01f21e33	sll	x28,x4,x31	  x4:0x00000000 x31:0xfafeddbe x28=0x00000000
      64255.000 ns	      6424	800017a8	f0058453	fmv.w.x	f8,x11	 x11:0xa3f3b710  f8=0xa3f3b710
      64285.000 ns	      6427	800017ac	c0172353	fcvt.wu.s	x6,f14	 f14:0xc48b6000  x6=0x0000045b
      64625.000 ns	      6461	800017b0	18ca4753	fdiv.s	f14,f20,f12	 f20:0x3f7f0000 f12:0x4b719386 f14=0x337f0000
      64645.000 ns	      6463	800017b4	1ad68793	addi	x15,x13,429	 x13:0x00001afc x15=0x00001ca9
      64655.000 ns	      6464	800017b8	01672733	slt	x14,x14,x22	 x14:0x000002bf x22:0x00000000 x14=0x00000000
      64665.000 ns	      6465	800017bc	01ab86b3	add	x13,x23,x26	 x23:0xffffffff x26:0x00000002 x13=0x00000001
      64675.000 ns	      6466	800017c0	40a8da93	srai	x21,x17,0xa	 x17:0x80041024 x21=0xffe00104
      64695.000 ns	      6468	800017c4	e0008f53	fmv.x.w	x30,f1	  f1:0x80000000 x30=0x80000000
      64715.000 ns	      6470	800017c8	012d1793	slli	x15,x26,0x12	 x26:0x00000002 x15=0x00080000
      64725.000 ns	      6471	800017cc	910e6113	ori	x2,x28,-1776	 x28:0x00000000  x2=0xfffff910
      64745.000 ns	      6473	800017d0	02191db3	mulh	x27,x18,x1	 x18:0x0000000f  x1:0x00000000 x27=0x00000000
      64785.000 ns	      6477	800017d4	10df73d3	fmul.s	f7,f30,f13	 f30:0x420759c0 f13:0x80000000  f7=0x80000000
      64805.000 ns	      6479	800017d8	b404ad93	slti	x27,x9,-1216	  x9:0x4b719386 x27=0x00000000
      64815.000 ns	      6480	800017dc	006909b3	add	x19,x18,x6	 x18:0x0000000f  x6:0x0000045b x19=0x0000046a
      64825.000 ns	      6481	800017e0	003823b3	slt	x7,x16,x3	 x16:0x00000024  x3:0x7fffffff  x7=0x00000001
      64835.000 ns	      6482	800017e4	ade51a37	lui	x20,0xade51	 x20=0xade51000
      64855.000 ns	      6484	800017e8	e00b96d3	fclass.s	x13,f23	 f23:0xcca02448 x13=0x00000002
      64875.000 ns	      6486	800017ec	17ce8813	addi	x16,x29,380	 x29:0x80040fe4 x16=0x80041160
      64895.000 ns	      6488	800017f0	0208f633	remu	x12,x17,x0	 x17:0x80041024  x0:0x00000000 x12=0x80041024
      64915.000 ns	      6490	800017f4	40525bb3	sra	x23,x4,x5	  x4:0x00000000  x5:0x0000000f x23=0x00000000
      64945.000 ns	      6493	800017f8	10b3fe53	fmul.s	f28,f7,f11	  f7:0x80000000 f11:0x00000000 f28=0x80000000
      64975.000 ns	      6496	800017fc	02db2333	mulhsu	x6,x22,x13	 x22:0x00000000 x13:0x00000002  x6=0x00000000
      65005.000 ns	      6499	80001800	e00d1d53	fclass.s	x26,f26	 f26:0x00000000 x26=0x00000010
      65035.000 ns	      6502	80001804	29170fd3	fmin.s	f31,f14,f17	 f14:0x337f0000 f17:0x00000000 f31=0x00000000
      65055.000 ns	      6504	80001808	12c24417	auipc	x8,0x12c24	  x8=0x92c25808
      65075.000 ns	      6506	8000180c	20bb9fd3	fsgnjn.s	f31,f23,f11	 f23:0xcca02448 f11:0x00000000 f31=0xcca02448
      65115.000 ns	      6510	80001810	117a8b53	fmul.s	f22,f21,f23	 f21:0x00000000 f23:0xcca02448 f22=0x80000000
      65145.000 ns	      6513	80001814	d010f153	fcvt.s.wu	f2,x1	  x1:0x00000000  f2=0x00000000
      65515.000 ns	      6550	80001818	03434433	div	x8,x6,x20	  x6:0x00000000 x20:0xade51000  x8=0x00000000
      65545.000 ns	      6553	8000181c	0269ecb3	rem	x25,x19,x6	 x19:0x0000046a  x6:0x00000000 x25=0x0000046a
      65575.000 ns	      6556	80001820	e00b0dd3	fmv.x.w	x27,f22	 f22:0x80000000 x27=0x80000000
      65595.000 ns	      6558	80001824	372b2693	slti	x13,x22,882	 x22:0x00000000 x13=0x00000001
      65615.000 ns	      6560	80001828	a1719ad3	flt.s	x21,f3,f23	  f3:0x420759c0 f23:0xcca02448 x21=0x00000000
      65635.000 ns	      6562	8000182c	012f60b3	or	x1,x30,x18	 x30:0x80000000 x18:0x0000000f  x1=0x8000000f
      65655.000 ns	      6564	80001830	02092ab3	mulhsu	x21,x18,x0	 x18:0x0000000f  x0:0x00000000 x21=0x00000000
      65675.000 ns	      6566	80001834	00000013	addi	x0,x0,0	  x0:0x00000000
      65685.000 ns	      6567	80001838	01aa81b3	add	x3,x21,x26	 x21:0x00000000 x26:0x00000010  x3=0x00000010
      65705.000 ns	      6569	8000183c	03ba9b33	mulh	x22,x21,x27	 x21:0x00000000 x27:0x80000000 x22=0x00000000
      65735.000 ns	      6572	80001840	a0caa453	feq.s	x8,f21,f12	 f21:0x00000000 f12:0x4b719386  x8=0x00000000
      65755.000 ns	      6574	80001844	0002abb3	slt	x23,x5,x0	  x5:0x0000000f  x0:0x00000000 x23=0x00000000
      65765.000 ns	      6575	80001848	1776a2b7	lui	x5,0x1776a	  x5=0x1776a000
      65785.000 ns	      6577	8000184c	d00814d3	fcvt.s.w	f9,x16	 x16:0x80041160  f9=0xcefff7dd
      65815.000 ns	      6580	80001850	a19d17d3	flt.s	x15,f26,f25	 f26:0x00000000 f25:0x00000000 x15=0x00000000
      65845.000 ns	      6583	80001854	c01ec7d3	fcvt.wu.s	x15,f29	 f29:0x00000000 x15=0x00000000
      65865.000 ns	      6585	80001858	b061ea93	ori	x21,x3,-1274	  x3:0x00000010 x21=0xfffffb16
      65875.000 ns	      6586	8000185c	41295413	srai	x8,x18,0x12	 x18:0x0000000f  x8=0x00000000
      65905.000 ns	      6589	80001860	11b9cd53	fmul.s	f26,f19,f27	 f19:0x80000000 f27:0x7fc00000 f26=0x7fc00000
      65935.000 ns	      6592	80001864	03653733	mulhu	x14,x10,x22	 x10:0x0400207f x22:0x00000000 x14=0x00000000
      65965.000 ns	      6595	80001868	c0137153	fcvt.wu.s	x2,f6	  f6:0x80000000  x2=0x00000000
      65995.000 ns	      6598	8000186c	f00d83d3	fmv.w.x	f7,x27	 x27:0x80000000  f7=0x80000000
      66015.000 ns	      6600	80001870	013c7a33	and	x20,x24,x19	 x24:0x00f19386 x19:0x0000046a x20=0x00000002
      66035.000 ns	      6602	80001874	e00f9e53	fclass.s	x28,f31	 f31:0xcca02448 x28=0x00000002
      66055.000 ns	      6604	80001878	230e4813	xori	x16,x28,560	 x28:0x00000000 x16=0x00000232
      66075.000 ns	      6606	8000187c	a06b9ad3	flt.s	x21,f23,f6	 f23:0xcca02448  f6:0x80000000 x21=0x00000001
      66105.000 ns	      6609	80001880	20a21b53	fsgnjn.s	f22,f4,f10	  f4:0x00001afc f10:0x7fc00000 f22=0x80001afc
      66135.000 ns	      6612	80001884	20ca8fd3	fsgnj.s	f31,f21,f12	 f21:0x00000000 f12:0x4b719386 f31=0x00000000
      66505.000 ns	      6649	80001888	03b0cb33	div	x22,x1,x27	  x1:0x8000000f x27:0x80000000 x22=0x00000000
      66525.000 ns	      6651	8000188c	72de2513	slti	x10,x28,1837	 x28:0x00000002 x10=0x00000001
      66545.000 ns	      6653	80001890	e0009d53	fclass.s	x26,f1	  f1:0x80000000 x26=0x00000008
      66565.000 ns	      6655	80001894	009063b3	or	x7,x0,x9	  x0:0x00000000  x9:0x4b719386  x7=0x4b719386
      66925.000 ns	      6691	80001898	02ac7733	remu	x14,x24,x10	 x24:0x00f19386 x10:0x00000001 x14=0x00000000
      66955.000 ns	      6694	8000189c	c0178a53	fcvt.wu.s	x20,f15	 f15:0x00000000 x20=0x00000000
      67325.000 ns	      6731	800018a0	032659b3	divu	x19,x12,x18	 x12:0x80041024 x18:0x0000000f x19=0x0888cde0
      67355.000 ns	      6734	800018a4	e0079dd3	fclass.s	x27,f15	 f15:0x00000000 x27=0x00000010
      67395.000 ns	      6738	800018a8	19387e53	fdiv.s	f28,f16,f19	 f16:0x80000000 f19:0x80000000 f28=0x7fc00000
      67415.000 ns	      6740	800018ac	1789f113	andi	x2,x19,376	 x19:0x0888cde0  x2=0x00000160
      67435.000 ns	      6742	800018b0	28dc1053	fmax.s	f0,f24,f13	 f24:0x00000000 f13:0x80000000  f0=0x00000000
      67455.000 ns	      6744	800018b4	7f02b393	sltiu	x7,x5,2032	  x5:0x1776a000  x7=0x00000000
      67465.000 ns	      6745	800018b8	40c9d0b3	sra	x1,x19,x12	 x19:0x0888cde0 x12:0x80041024  x1=0x00888cde
      67485.000 ns	      6747	800018bc	f00b8053	fmv.w.x	f0,x23	 x23:0x00000000  f0=0x00000000
      67515.000 ns	      6750	800018c0	a06315d3	flt.s	x11,f6,f6	  f6:0x80000000  f6:0x80000000 x11=0x00000000
      67535.000 ns	      6752	800018c4	00ff80b3	add	x1,x31,x15	 x31:0xfafeddbe x15:0x00000000  x1=0xfafeddbe
      67555.000 ns	      6754	800018c8	d01d48d3	fcvt.s.wu	f17,x26	 x26:0x00000008 f17=0x41000000
      67585.000 ns	      6757	800018cc	035bb833	mulhu	x16,x23,x21	 x23:0x00000000 x21:0x00000001 x16=0x00000000
      67605.000 ns	      6759	800018d0	e4b3fd93	andi	x27,x7,-437	  x7:0x00000000 x27=0x00000000
      67625.000 ns	      6761	800018d4	289f9953	fmax.s	f18,f31,f9	 f31:0x00000000  f9:0xcefff7dd f18=0x00000000
      67645.000 ns	      6763	800018d8	22ccf313	andi	x6,x25,556	 x25:0x0000046a  x6=0x00000028
      67665.000 ns	      6765	800018dc	035410b3	mulh	x1,x8,x21	  x8:0x00000000 x21:0x00000001  x1=0x00000000
      67685.000 ns	      6767	800018e0	7f254213	xori	x4,x10,2034	 x10:0x00000001  x4=0x000007f3
      67705.000 ns	      6769	800018e4	a1a38653	fle.s	x12,f7,f26	  f7:0x80000000 f26:0x7fc00000 x12=0x00000000
      67725.000 ns	      6771	800018e8	01451733	sll	x14,x10,x20	 x10:0x00000001 x20:0x00000000 x14=0x00000001
      67745.000 ns	      6773	800018ec	030a6633	rem	x12,x20,x16	 x20:0x00000000 x16:0x00000000 x12=0x00000000
      67775.000 ns	      6776	800018f0	28339fd3	fmax.s	f31,f7,f3	  f7:0x80000000  f3:0x420759c0 f31=0x420759c0
      67795.000 ns	      6778	800018f4	5ea93597	auipc	x11,0x5ea93	 x11=0xdea948f4
      67815.000 ns	      6780	800018f8	023a1c33	mulh	x24,x20,x3	 x20:0x00000000  x3:0x00000010 x24=0x00000000
      67865.000 ns	      6785	800018fc	0880a653	fsub.s	f12,f1,f8	  f1:0x80000000  f8:0xa3f3b710 f12=0x23f3b710
      67885.000 ns	      6787	80001900	407bd193	srai	x3,x23,0x7	 x23:0x00000000  x3=0x00000000
      68245.000 ns	      6823	80001904	0292ce33	div	x28,x5,x9	  x5:0x1776a000  x9:0x4b719386 x28=0x00000000
      68265.000 ns	      6825	80001908	416f5513	srai	x10,x30,0x16	 x30:0x80000000 x10=0xfffffe00
      68275.000 ns	      6826	8000190c	012e0633	add	x12,x28,x18	 x28:0x00000000 x18:0x0000000f x12=0x0000000f
      68295.000 ns	      6828	80001910	d015a5d3	fcvt.s.wu	f11,x11	 x11:0xdea948f4 f11=0x4f5ea949
      68315.000 ns	      6830	80001914	01415433	srl	x8,x2,x20	  x2:0x00000160 x20:0x00000000  x8=0x00000160
      68325.000 ns	      6831	80001918	01b1f0b3	and	x1,x3,x27	  x3:0x00000000 x27:0x00000000  x1=0x00000000
      68345.000 ns	      6833	8000191c	a053a3d3	feq.s	x7,f7,f5	  f7:0x80000000  f5:0x448b6000  x7=0x00000000
      68365.000 ns	      6835	80001920	c7c4a413	slti	x8,x9,-900	  x9:0x4b719386  x8=0x00000000
      68385.000 ns	      6837	80001924	d0187853	fcvt.s.wu	f16,x16	 x16:0x00000000 f16=0x00000000
      68405.000 ns	      6839	80001928	0151f3b3	and	x7,x3,x21	  x3:0x00000000 x21:0x00000001  x7=0x00000000
      68415.000 ns	      6840	8000192c	1c7f4317	auipc	x6,0x1c7f4	  x6=0x9c7f592c
      68435.000 ns	      6842	80001930	e00706d3	fmv.x.w	x13,f14	 f14:0x337f0000 x13=0x337f0000
      68465.000 ns	      6845	80001934	210dab53	fsgnjx.s	f22,f27,f16	 f27:0x7fc00000 f16:0x00000000 f22=0x7fc00000
      68485.000 ns	      6847	80001938	00298733	add	x14,x19,x2	 x19:0x0888cde0  x2:0x00000160 x14=0x0888cf40
      68495.000 ns	      6848	8000193c	00aba7b3	slt	x15,x23,x10	 x23:0x00000000 x10:0xfffffe00 x15=0x00000000
      68525.000 ns	      6851	80001940	18137bd3	fdiv.s	f23,f6,f1	  f6:0x80000000  f1:0x80000000 f23=0x7fc00000
      68545.000 ns	      6853	80001944	6124c393	xori	x7,x9,1554	  x9:0x4b719386  x7=0x4b719594
      68565.000 ns	      6855	80001948	206a18d3	fsgnjn.s	f17,f20,f6	 f20:0x3f7f0000  f6:0x80000000 f17=0x3f7f0000
      68935.000 ns	      6892	8000194c	03ebebb3	rem	x23,x23,x30	 x23:0x00000000 x30:0x80000000 x23=0x00000000
      68975.000 ns	      6896	80001950	180d31d3	fdiv.s	f3,f26,f0	 f26:0x7fc00000  f0:0x00000000  f3=0x7fc00000
      68995.000 ns	      6898	80001954	40e5df33	sra	x30,x11,x14	 x11:0xdea948f4 x14:0x0888cf40 x30=0xdea948f4
      69005.000 ns	      6899	80001958	f5234a93	xori	x21,x6,-174	  x6:0x9c7f592c x21=0x6380a67e
      69025.000 ns	      6901	8000195c	a1c40b53	fle.s	x22,f8,f28	  f8:0xa3f3b710 f28:0x7fc00000 x22=0x00000000
      69045.000 ns	      6903	80001960	f6a0e393	ori	x7,x1,-150	  x1:0x00000000  x7=0xffffff6a
      69055.000 ns	      6904	80001964	40340ab3	sub	x21,x8,x3	  x8:0x00000000  x3:0x00000000 x21=0x00000000
      69065.000 ns	      6905	80001968	d7d8ba13	sltiu	x20,x17,-643	 x17:0x80041024 x20=0x00000001
      69085.000 ns	      6907	8000196c	20f914d3	fsgnjn.s	f9,f18,f15	 f18:0x00000000 f15:0x00000000  f9=0x80000000
      69105.000 ns	      6909	80001970	0089fbb3	and	x23,x19,x8	 x19:0x0888cde0  x8:0x00000000 x23=0x00000000
      69115.000 ns	      6910	80001974	4098d233	sra	x4,x17,x9	 x17:0x80041024  x9:0x4b719386  x4=0xfe001040
      69125.000 ns	      6911	80001978	01264533	xor	x10,x12,x18	 x12:0x0000000f x18:0x0000000f x10=0x00000000
      69145.000 ns	      6913	8000197c	20f2ab53	fsgnjx.s	f22,f5,f15	  f5:0x448b6000 f15:0x00000000 f22=0x448b6000
      69165.000 ns	      6915	80001980	ca8b4413	xori	x8,x22,-856	 x22:0x00000000  x8=0xfffffca8
      69175.000 ns	      6916	80001984	acdaad13	slti	x26,x21,-1331	 x21:0x00000000 x26=0x00000000
      69205.000 ns	      6919	80001988	580df053	fsqrt.s	f0,f27	 f27:0x7fc00000  f0=0x7fc00000
      69225.000 ns	      6921	8000198c	4042d933	sra	x18,x5,x4	  x5:0x1776a000  x4:0xfe001040 x18=0x1776a000
      69245.000 ns	      6923	80001990	a1b593d3	flt.s	x7,f11,f27	 f11:0x4f5ea949 f27:0x7fc00000  x7=0x00000000
      69275.000 ns	      6926	80001994	020622b3	mulhsu	x5,x12,x0	 x12:0x0000000f  x0:0x00000000  x5=0x00000000
      69295.000 ns	      6928	80001998	40f901b3	sub	x3,x18,x15	 x18:0x1776a000 x15:0x00000000  x3=0x1776a000
      69325.000 ns	      6931	8000199c	108d9fd3	fmul.s	f31,f27,f8	 f27:0x7fc00000  f8:0xa3f3b710 f31=0x7fc00000
      69345.000 ns	      6933	800019a0	645fc513	xori	x10,x31,1605	 x31:0xfafeddbe x10=0xfafedbfb
      69355.000 ns	      6934	800019a4	40f75ab3	sra	x21,x14,x15	 x14:0x0888cf40 x15:0x00000000 x21=0x0888cf40
      69365.000 ns	      6935	800019a8	4ac84493	xori	x9,x16,1196	 x16:0x00000000  x9=0x000004ac
      69375.000 ns	      6936	800019ac	016031b3	sltu	x3,x0,x22	  x0:0x00000000 x22:0x00000000  x3=0x00000000
      69395.000 ns	      6938	800019b0	20f6a6d3	fsgnjx.s	f13,f13,f15	 f13:0x80000000 f15:0x00000000 f13=0x80000000
      69415.000 ns	      6940	800019b4	0a244093	xori	x1,x8,162	  x8:0xfffffca8  x1=0xfffffc0a
      69425.000 ns	      6941	800019b8	1f8e3d13	sltiu	x26,x28,504	 x28:0x00000000 x26=0x00000001
      69435.000 ns	      6942	800019bc	00e789b3	add	x19,x15,x14	 x15:0x00000000 x14:0x0888cf40 x19=0x0888cf40
      69455.000 ns	      6944	800019c0	a14185d3	fle.s	x11,f3,f20	  f3:0x7fc00000 f20:0x3f7f0000 x11=0x00000000
      69485.000 ns	      6947	800019c4	e00c9953	fclass.s	x18,f25	 f25:0x00000000 x18=0x00000010
      69515.000 ns	      6950	800019c8	a1051853	flt.s	x16,f10,f16	 f10:0x7fc00000 f16:0x00000000 x16=0x00000000
      69535.000 ns	      6952	800019cc	4042d793	srai	x15,x5,0x4	  x5:0x00000000 x15=0x00000000
      69555.000 ns	      6954	800019d0	a1f5abd3	feq.s	x23,f11,f31	 f11:0x4f5ea949 f31:0x7fc00000 x23=0x00000000
      69585.000 ns	      6957	800019d4	f00b0353	fmv.w.x	f6,x22	 x22:0x00000000  f6=0x00000000
      69615.000 ns	      6960	800019d8	c0027153	fcvt.w.s	x2,f4	  f4:0x00001afc  x2=0x00000000
      69635.000 ns	      6962	800019dc	003414b3	sll	x9,x8,x3	  x8:0xfffffca8  x3:0x00000000  x9=0xfffffca8
      69665.000 ns	      6965	800019e0	580a8853	fsqrt.s	f16,f21	 f21:0x00000000 f16=0x00000000
      70035.000 ns	      7002	800019e4	032642b3	div	x5,x12,x18	 x12:0x0000000f x18:0x00000010  x5=0x00000000
      70405.000 ns	      7039	800019e8	033af133	remu	x2,x21,x19	 x21:0x0888cf40 x19:0x0888cf40  x2=0x00000000
      70425.000 ns	      7041	800019ec	c090c693	xori	x13,x1,-1015	  x1:0xfffffc0a x13=0x00000003
      70445.000 ns	      7043	800019f0	e0081053	fclass.s	x0,f16	 f16:0x00000000
      70465.000 ns	      7045	800019f4	0104e433	or	x8,x9,x16	  x9:0xfffffca8 x16:0x00000000  x8=0xfffffca8
      70485.000 ns	      7047	800019f8	0204e933	rem	x18,x9,x0	  x9:0xfffffca8  x0:0x00000000 x18=0xfffffca8
      70505.000 ns	      7049	800019fc	00b22ab3	slt	x21,x4,x11	  x4:0xfe001040 x11:0x00000000 x21=0x00000001
      70515.000 ns	      7050	80001a00	0111dc13	srli	x24,x3,0x11	  x3:0x00000000 x24=0x00000000
      70525.000 ns	      7051	80001a04	60ff6913	ori	x18,x30,1551	 x30:0xdea948f4 x18=0xdea94eff
      70885.000 ns	      7087	80001a08	03fe6c33	rem	x24,x28,x31	 x28:0x00000000 x31:0xfafeddbe x24=0x00000000
      70905.000 ns	      7089	80001a0c	005e4a33	xor	x20,x28,x5	 x28:0x00000000  x5:0x00000000 x20=0x00000000
      70935.000 ns	      7092	80001a10	10c5f653	fmul.s	f12,f11,f12	 f11:0x4f5ea949 f12:0x23f3b710 f12=0x33d3f9e9
      70955.000 ns	      7094	80001a14	2c390c13	addi	x24,x18,707	 x18:0xdea94eff x24=0xdea951c2
      70975.000 ns	      7096	80001a18	e00202d3	fmv.x.w	x5,f4	  f4:0x00001afc  x5=0x00001afc
      70995.000 ns	      7098	80001a1c	3330ab13	slti	x22,x1,819	  x1:0xfffffc0a x22=0x00000001
      71005.000 ns	      7099	80001a20	61ac6b17	auipc	x22,0x61ac6	 x22=0xe1ac7a20
      71025.000 ns	      7101	80001a24	031b8b33	mul	x22,x23,x17	 x23:0x00000000 x17:0x80041024 x22=0x00000000
      71065.000 ns	      7105	80001a28	11cc78d3	fmul.s	f17,f24,f28	 f24:0x00000000 f28:0x7fc00000 f17=0x7fc00000
      71105.000 ns	      7109	80001a2c	580928d3	fsqrt.s	f17,f18	 f18:0x00000000 f17=0x00000000
      71125.000 ns	      7111	80001a30	de288013	addi	x0,x17,-542	 x17:0x80041024
      71155.000 ns	      7114	80001a34	1116b353	fmul.s	f6,f13,f17	 f13:0x80000000 f17:0x00000000  f6=0x80000000
      71185.000 ns	      7117	80001a38	e00d8b53	fmv.x.w	x22,f27	 f27:0x7fc00000 x22=0x7fc00000
      71215.000 ns	      7120	80001a3c	a1808853	fle.s	x16,f1,f24	  f1:0x80000000 f24:0x00000000 x16=0x00000001
      71235.000 ns	      7122	80001a40	017c8c33	add	x24,x25,x23	 x25:0x0000046a x23:0x00000000 x24=0x0000046a
      71245.000 ns	      7123	80001a44	a4413837	lui	x16,0xa4413	 x16=0xa4413000
      71255.000 ns	      7124	80001a48	cbd1c393	xori	x7,x3,-835	  x3:0x00000000  x7=0xfffffcbd
      71265.000 ns	      7125	80001a4c	6d8d6d13	ori	x26,x26,1752	 x26:0x00000001 x26=0x000006d9
      71275.000 ns	      7126	80001a50	10cff213	andi	x4,x31,268	 x31:0xfafeddbe  x4=0x0000010c
      71305.000 ns	      7129	80001a54	58097653	fsqrt.s	f12,f18	 f18:0x00000000 f12=0x00000000
      71335.000 ns	      7132	80001a58	207aabd3	fsgnjx.s	f23,f21,f7	 f21:0x00000000  f7:0x80000000 f23=0x80000000
      71365.000 ns	      7135	80001a5c	c0043053	fcvt.w.s	x0,f8	  f8:0xa3f3b710
      71395.000 ns	      7138	80001a60	21132f53	fsgnjx.s	f30,f6,f17	  f6:0x80000000 f17:0x00000000 f30=0x80000000
      71415.000 ns	      7140	80001a64	00000013	addi	x0,x0,0	  x0:0x00000000
      71455.000 ns	      7144	80001a68	015f73d3	fadd.s	f7,f30,f21	 f30:0x80000000 f21:0x00000000  f7=0x00000000
      71485.000 ns	      7147	80001a6c	a0e8a353	feq.s	x6,f17,f14	 f17:0x00000000 f14:0x337f0000  x6=0x00000000
      71515.000 ns	      7150	80001a70	c01a00d3	fcvt.wu.s	x1,f20	 f20:0x3f7f0000  x1=0x00000001
      71545.000 ns	      7153	80001a74	20eda953	fsgnjx.s	f18,f27,f14	 f27:0x7fc00000 f14:0x337f0000 f18=0x7fc00000
      71565.000 ns	      7155	80001a78	00000013	addi	x0,x0,0	  x0:0x00000000
      71605.000 ns	      7159	80001a7c	08fe03d3	fsub.s	f7,f28,f15	 f28:0x7fc00000 f15:0x00000000  f7=0x7fc00000
      71655.000 ns	      7164	80001a80	00e2b6d3	fadd.s	f13,f5,f14	  f5:0x448b6000 f14:0x337f0000 f13=0x448b6001
      71675.000 ns	      7166	80001a84	00000013	addi	x0,x0,0	  x0:0x00000000
      71695.000 ns	      7168	80001a88	03022f33	mulhsu	x30,x4,x16	  x4:0x0000010c x16:0xa4413000 x30=0x000000ab
      71725.000 ns	      7171	80001a8c	208da053	fsgnjx.s	f0,f27,f8	 f27:0x7fc00000  f8:0xa3f3b710  f0=0xffc00000
      71755.000 ns	      7174	80001a90	037c6a33	rem	x20,x24,x23	 x24:0x0000046a x23:0x00000000 x20=0x0000046a
      71785.000 ns	      7177	80001a94	0236abb3	mulhsu	x23,x13,x3	 x13:0x00000003  x3:0x00000000 x23=0x00000000
      71835.000 ns	      7182	80001a98	0169ff53	fadd.s	f30,f19,f22	 f19:0x80000000 f22:0x448b6000 f30=0x448b6000
      71855.000 ns	      7184	80001a9c	65248717	auipc	x14,0x65248	 x14=0xe5249a9c
      71875.000 ns	      7186	80001aa0	0245ad33	mulhsu	x26,x11,x4	 x11:0x00000000  x4:0x0000010c x26=0x00000000
      71895.000 ns	      7188	80001aa4	414d8633	sub	x12,x27,x20	 x27:0x00000000 x20:0x0000046a x12=0xfffffb96
      71915.000 ns	      7190	80001aa8	292d0853	fmin.s	f16,f26,f18	 f26:0x7fc00000 f18:0x7fc00000 f16=0x7fc00000
      71945.000 ns	      7193	80001aac	20870f53	fsgnj.s	f30,f14,f8	 f14:0x337f0000  f8:0xa3f3b710 f30=0xb37f0000
      71965.000 ns	      7195	80001ab0	012d5593	srli	x11,x26,0x12	 x26:0x00000000 x11=0x00000000
      71985.000 ns	      7197	80001ab4	20ee1e53	fsgnjn.s	f28,f28,f14	 f28:0x7fc00000 f14:0x337f0000 f28=0xffc00000
      72015.000 ns	      7200	80001ab8	20eb2cd3	fsgnjx.s	f25,f22,f14	 f22:0x448b6000 f14:0x337f0000 f25=0x448b6000
      72035.000 ns	      7202	80001abc	b6b8f093	andi	x1,x17,-1173	 x17:0x80041024  x1=0x80041020
      72045.000 ns	      7203	80001ac0	744a7d97	auipc	x27,0x744a7	 x27=0xf44a8ac0
      72065.000 ns	      7205	80001ac4	21bb8ad3	fsgnj.s	f21,f23,f27	 f23:0x80000000 f27:0x7fc00000 f21=0x00000000
      72115.000 ns	      7210	80001ac8	003e7453	fadd.s	f8,f28,f3	 f28:0xffc00000  f3:0x7fc00000  f8=0x7fc00000
      72165.000 ns	      7215	80001acc	09407953	fsub.s	f18,f0,f20	  f0:0xffc00000 f20:0x3f7f0000 f18=0x7fc00000
      72185.000 ns	      7217	80001ad0	00000013	addi	x0,x0,0	  x0:0x00000000
      72205.000 ns	      7219	80001ad4	20a02153	fsgnjx.s	f2,f0,f10	  f0:0xffc00000 f10:0x7fc00000  f2=0xffc00000
      72225.000 ns	      7221	80001ad8	016e1593	slli	x11,x28,0x16	 x28:0x00000000 x11=0x00000000
      72265.000 ns	      7225	80001adc	0836fe53	fsub.s	f28,f13,f3	 f13:0x448b6001  f3:0x7fc00000 f28=0x7fc00000
      72295.000 ns	      7228	80001ae0	e00697d3	fclass.s	x15,f13	 f13:0x448b6001 x15=0x00000040
      72315.000 ns	      7230	80001ae4	41af5193	srai	x3,x30,0x1a	 x30:0x000000ab  x3=0x00000000
      72325.000 ns	      7231	80001ae8	005b9913	slli	x18,x23,0x5	 x23:0x00000000 x18=0x00000000
      72345.000 ns	      7233	80001aec	a0a6aa53	feq.s	x20,f13,f10	 f13:0x448b6001 f10:0x7fc00000 x20=0x00000000
      72365.000 ns	      7235	80001af0	bf138ab7	lui	x21,0xbf138	 x21=0xbf138000
      72385.000 ns	      7237	80001af4	291509d3	fmin.s	f19,f10,f17	 f10:0x7fc00000 f17:0x00000000 f19=0x00000000
      72435.000 ns	      7242	80001af8	096872d3	fsub.s	f5,f16,f22	 f16:0x7fc00000 f22:0x448b6000  f5=0x7fc00000
      72455.000 ns	      7244	80001afc	01613c33	sltu	x24,x2,x22	  x2:0x00000000 x22:0x7fc00000 x24=0x00000001
      73625.000 ns	      7361	80001b00	58070dd3	fsqrt.s	f27,f14	 f14:0x337f0000 f27=0x39344f6f
      73645.000 ns	      7363	80001b04	ee842313	slti	x6,x8,-280	  x8:0xfffffca8  x6=0x00000001
      73665.000 ns	      7365	80001b08	02a41333	mulh	x6,x8,x10	  x8:0xfffffca8 x10:0xfafedbfb  x6=0x00000010
      73685.000 ns	      7367	80001b0c	01ca6833	or	x16,x20,x28	 x20:0x00000000 x28:0x00000000 x16=0x00000000
      73705.000 ns	      7369	80001b10	0336b333	mulhu	x6,x13,x19	 x13:0x00000003 x19:0x0888cf40  x6=0x00000000
      73725.000 ns	      7371	80001b14	2aefc513	xori	x10,x31,686	 x31:0xfafeddbe x10=0xfafedf10
      73755.000 ns	      7374	80001b18	191973d3	fdiv.s	f7,f18,f17	 f18:0x7fc00000 f17:0x00000000  f7=0x7fc00000
      73775.000 ns	      7376	80001b1c	00000013	addi	x0,x0,0	  x0:0x00000000
      73795.000 ns	      7378	80001b20	a03589d3	fle.s	x19,f11,f3	 f11:0x4f5ea949  f3:0x7fc00000 x19=0x00000000
      73815.000 ns	      7380	80001b24	c6a46993	ori	x19,x8,-918	  x8:0xfffffca8 x19=0xfffffcea
      73825.000 ns	      7381	80001b28	3585cc93	xori	x25,x11,856	 x11:0x00000000 x25=0x00000358
      73845.000 ns	      7383	80001b2c	d00128d3	fcvt.s.w	f17,x2	  x2:0x00000000 f17=0x00000000
      73875.000 ns	      7386	80001b30	037fc5b3	div	x11,x31,x23	 x31:0xfafeddbe x23:0x00000000 x11=0xffffffff
      73895.000 ns	      7388	80001b34	01d2d713	srli	x14,x5,0x1d	  x5:0x00001afc x14=0x00000000
      73915.000 ns	      7390	80001b38	02098033	mul	x0,x19,x0	 x19:0xfffffcea  x0:0x00000000
      73935.000 ns	      7392	80001b3c	0ce90993	addi	x19,x18,206	 x18:0x00000000 x19=0x000000ce
      73955.000 ns	      7394	80001b40	033115b3	mulh	x11,x2,x19	  x2:0x00000000 x19:0xfffffcea x11=0x00000000
      73985.000 ns	      7397	80001b44	c0011753	fcvt.w.s	x14,f2	  f2:0xffc00000 x14=0x7fffffff
      74005.000 ns	      7399	80001b48	416ed713	srai	x14,x29,0x16	 x29:0x80040fe4 x14=0xfffffe00
      74025.000 ns	      7401	80001b4c	29e99fd3	fmax.s	f31,f19,f30	 f19:0x00000000 f30:0xb37f0000 f31=0x00000000
      74055.000 ns	      7404	80001b50	e00380d3	fmv.x.w	x1,f7	  f7:0x7fc00000  x1=0x7fc00000
      74075.000 ns	      7406	80001b54	00000013	addi	x0,x0,0	  x0:0x00000000
      74095.000 ns	      7408	80001b58	d00b7253	fcvt.s.w	f4,x22	 x22:0x7fc00000  f4=0x4eff8000
      74115.000 ns	      7410	80001b5c	412fdc13	srai	x24,x31,0x12	 x31:0xfafeddbe x24=0xfffffebf
      74135.000 ns	      7412	80001b60	28d90a53	fmin.s	f20,f18,f13	 f18:0x7fc00000 f13:0x448b6001 f20=0x448b6001
      74505.000 ns	      7449	80001b64	02d64c33	div	x24,x12,x13	 x12:0xfffffb96 x13:0x00000003 x24=0xfffffe88
      74535.000 ns	      7452	80001b68	20e81c53	fsgnjn.s	f24,f16,f14	 f16:0x7fc00000 f14:0x337f0000 f24=0xffc00000
      74565.000 ns	      7455	80001b6c	20ec28d3	fsgnjx.s	f17,f24,f14	 f24:0x00000000 f14:0x337f0000 f17=0xffc00000
      74595.000 ns	      7458	80001b70	297a8e53	fmin.s	f28,f21,f23	 f21:0x00000000 f23:0x80000000 f28=0x80000000
      74615.000 ns	      7460	80001b74	70d83e37	lui	x28,0x70d83	 x28=0x70d83000
      74655.000 ns	      7464	80001b78	089cf453	fsub.s	f8,f25,f9	 f25:0x448b6000  f9:0x80000000  f8=0x448b6000
      74685.000 ns	      7467	80001b7c	209718d3	fsgnjn.s	f17,f14,f9	 f14:0x337f0000  f9:0x80000000 f17=0x337f0000
      74715.000 ns	      7470	80001b80	20beaad3	fsgnjx.s	f21,f29,f11	 f29:0x00000000 f11:0x4f5ea949 f21=0x00000000
      74745.000 ns	      7473	80001b84	29ef8f53	fmin.s	f30,f31,f30	 f31:0x00000000 f30:0xb37f0000 f30=0xb37f0000
      74775.000 ns	      7476	80001b88	e00c8153	fmv.x.w	x2,f25	 f25:0x448b6000  x2=0x448b6000
      75145.000 ns	      7513	80001b8c	03ecfc33	remu	x24,x25,x30	 x25:0x00000358 x30:0x000000ab x24=0x00000001
      75175.000 ns	      7516	80001b90	d013fbd3	fcvt.s.wu	f23,x7	  x7:0xfffffcbd f23=0x4f7ffffc
      75225.000 ns	      7521	80001b94	01ce4b53	fadd.s	f22,f28,f28	 f28:0x80000000 f28:0x80000000 f22=0x80000000
      75255.000 ns	      7524	80001b98	f0030453	fmv.w.x	f8,x6	  x6:0x00000000  f8=0x00000000
      75275.000 ns	      7526	80001b9c	01cd8233	add	x4,x27,x28	 x27:0xf44a8ac0 x28:0x70d83000  x4=0x6522bac0
      75295.000 ns	      7528	80001ba0	a0d616d3	flt.s	x13,f12,f13	 f12:0x00000000 f13:0x448b6001 x13=0x00000001
      75325.000 ns	      7531	80001ba4	a0d59853	flt.s	x16,f11,f13	 f11:0x4f5ea949 f13:0x448b6001 x16=0x00000000
      75355.000 ns	      7534	80001ba8	d0111bd3	fcvt.s.wu	f23,x2	  x2:0x448b6000 f23=0x4e8916c0
      75385.000 ns	      7537	80001bac	a13209d3	fle.s	x19,f4,f19	  f4:0x4eff8000 f19:0x00000000 x19=0x00000000
      75405.000 ns	      7539	80001bb0	00a17133	and	x2,x2,x10	  x2:0x448b6000 x10:0xfafedf10  x2=0x408a4000
      75445.000 ns	      7543	80001bb4	081af853	fsub.s	f16,f21,f1	 f21:0x00000000  f1:0x80000000 f16=0x00000000
      75475.000 ns	      7546	80001bb8	e00c0d53	fmv.x.w	x26,f24	 f24:0xffc00000 x26=0xffc00000
      75505.000 ns	      7549	80001bbc	217804d3	fsgnj.s	f9,f16,f23	 f16:0x00000000 f23:0x4e8916c0  f9=0x00000000
      75525.000 ns	      7551	80001bc0	0128a7b3	slt	x15,x17,x18	 x17:0x80041024 x18:0x00000000 x15=0x00000001
      75535.000 ns	      7552	80001bc4	00f3ea33	or	x20,x7,x15	  x7:0xfffffcbd x15:0x00000040 x20=0xfffffcbd
      75555.000 ns	      7554	80001bc8	03a531b3	mulhu	x3,x10,x26	 x10:0xfafedf10 x26:0xffc00000  x3=0xfac01f58
      75575.000 ns	      7556	80001bcc	005e5393	srli	x7,x28,0x5	 x28:0x70d83000  x7=0x0386c180
      75595.000 ns	      7558	80001bd0	026c4d33	div	x26,x24,x6	 x24:0x00000001  x6:0x00000000 x26=0xffffffff
      75615.000 ns	      7560	80001bd4	005e0333	add	x6,x28,x5	 x28:0x70d83000  x5:0x00001afc  x6=0x70d84afc
      75645.000 ns	      7563	80001bd8	5804af53	fsqrt.s	f30,f9	  f9:0x00000000 f30=0x00000000
      75695.000 ns	      7568	80001bdc	088b0753	fsub.s	f14,f22,f8	 f22:0x80000000  f8:0x00000000 f14=0x80000000
      75725.000 ns	      7571	80001be0	03376133	rem	x2,x14,x19	 x14:0xfffffe00 x19:0x00000000  x2=0xfffffe00
      75745.000 ns	      7573	80001be4	65abc213	xori	x4,x23,1626	 x23:0x00000000  x4=0x0000065a
      75765.000 ns	      7575	80001be8	02b09db3	mulh	x27,x1,x11	  x1:0x7fc00000 x11:0x00000000 x27=0x00000000
      75795.000 ns	      7578	80001bec	28ed91d3	fmax.s	f3,f27,f14	 f27:0x39344f6f f14:0x80000000  f3=0x39344f6f
      75835.000 ns	      7582	80001bf0	10697353	fmul.s	f6,f18,f6	 f18:0x7fc00000  f6:0x80000000  f6=0x7fc00000
      75865.000 ns	      7585	80001bf4	02e3a2b3	mulhsu	x5,x7,x14	  x7:0x0386c180 x14:0xfffffe00  x5=0x0386c178
      75885.000 ns	      7587	80001bf8	40fb5e33	sra	x28,x22,x15	 x22:0x7fc00000 x15:0x00000001 x28=0x3fe00000
      75915.000 ns	      7590	80001bfc	10937e53	fmul.s	f28,f6,f9	  f6:0x7fc00000  f9:0x00000000 f28=0x7fc00000
      75945.000 ns	      7593	80001c00	d0107153	fcvt.s.wu	f2,x0	  x0:0x00000000  f2=0x00000000
      76315.000 ns	      7630	80001c04	02a8d3b3	divu	x7,x17,x10	 x17:0x80041024 x10:0xfafedf10  x7=0x00000000
      76335.000 ns	      7632	80001c08	d9b8ac17	auipc	x24,0xd9b8a	 x24=0x59b8bc08
      76355.000 ns	      7634	80001c0c	a0a92553	feq.s	x10,f18,f10	 f18:0x7fc00000 f10:0x7fc00000 x10=0x00000000
      76385.000 ns	      7637	80001c10	0203fc33	remu	x24,x7,x0	  x7:0x00000000  x0:0x00000000 x24=0x00000000
      76405.000 ns	      7639	80001c14	8339ab13	slti	x22,x19,-1997	 x19:0x00000000 x22=0x00000000
      76425.000 ns	      7641	80001c18	282493d3	fmax.s	f7,f9,f2	  f9:0x00000000  f2:0x00000000  f7=0x00000000
      76445.000 ns	      7643	80001c1c	f6a20f17	auipc	x30,0xf6a20	 x30=0x76a21c1c
      76475.000 ns	      7646	80001c20	580e7953	fsqrt.s	f18,f28	 f28:0x7fc00000 f18=0x7fc00000
      76505.000 ns	      7649	80001c24	02b03a33	mulhu	x20,x0,x11	  x0:0x00000000 x11:0x00000000 x20=0x00000000
      76525.000 ns	      7651	80001c28	4187dcb3	sra	x25,x15,x24	 x15:0x00000001 x24:0x00000000 x25=0x00000001
      76535.000 ns	      7652	80001c2c	000e0a33	add	x20,x28,x0	 x28:0x3fe00000  x0:0x00000000 x20=0x3fe00000
      76545.000 ns	      7653	80001c30	fb4895b7	lui	x11,0xfb489	 x11=0xfb489000
      76565.000 ns	      7655	80001c34	29330353	fmin.s	f6,f6,f19	  f6:0x7fc00000 f19:0x00000000  f6=0x00000000
      76595.000 ns	      7658	80001c38	033fcd33	div	x26,x31,x19	 x31:0xfafeddbe x19:0x00000000 x26=0xffffffff
      76615.000 ns	      7660	80001c3c	00bba6b3	slt	x13,x23,x11	 x23:0x00000000 x11:0xfb489000 x13=0x00000000
      76635.000 ns	      7662	80001c40	28350353	fmin.s	f6,f10,f3	 f10:0x7fc00000  f3:0x39344f6f  f6=0x39344f6f
      76665.000 ns	      7665	80001c44	a16814d3	flt.s	x9,f16,f22	 f16:0x00000000 f22:0x80000000  x9=0x00000000
      76695.000 ns	      7668	80001c48	d00837d3	fcvt.s.w	f15,x16	 x16:0x00000000 f15=0x00000000
      76715.000 ns	      7670	80001c4c	01cb70b3	and	x1,x22,x28	 x22:0x00000000 x28:0x3fe00000  x1=0x00000000
      76735.000 ns	      7672	80001c50	02342d33	mulhsu	x26,x8,x3	  x8:0xfffffca8  x3:0xfac01f58 x26=0xfffffcb9
      76755.000 ns	      7674	80001c54	01921333	sll	x6,x4,x25	  x4:0x0000065a x25:0x00000001  x6=0x00000cb4
      76785.000 ns	      7677	80001c58	105801d3	fmul.s	f3,f16,f5	 f16:0x00000000  f5:0x7fc00000  f3=0x7fc00000
      76815.000 ns	      7680	80001c5c	03f226b3	mulhsu	x13,x4,x31	  x4:0x0000065a x31:0xfafeddbe x13=0x0000063a
      76835.000 ns	      7682	80001c60	0068a1b3	slt	x3,x17,x6	 x17:0x80041024  x6:0x00000cb4  x3=0x00000001
      76875.000 ns	      7686	80001c64	00a34a53	fadd.s	f20,f6,f10	  f6:0x39344f6f f10:0x7fc00000 f20=0x7fc00000
      76905.000 ns	      7689	80001c68	28e603d3	fmin.s	f7,f12,f14	 f12:0x00000000 f14:0x80000000  f7=0x80000000
      76925.000 ns	      7691	80001c6c	41bd5d13	srai	x26,x26,0x1b	 x26:0xfffffcb9 x26=0xffffffff
      76945.000 ns	      7693	80001c70	023687b3	mul	x15,x13,x3	 x13:0x0000063a  x3:0x00000001 x15=0x0000063a
      76965.000 ns	      7695	80001c74	40b5d833	sra	x16,x11,x11	 x11:0xfb489000 x11:0xfb489000 x16=0xfb489000
      76985.000 ns	      7697	80001c78	a1ba0c53	fle.s	x24,f20,f27	 f20:0x7fc00000 f27:0x39344f6f x24=0x00000000
      77005.000 ns	      7699	80001c7c	41605593	srai	x11,x0,0x16	  x0:0x00000000 x11=0x00000000
      77025.000 ns	      7701	80001c80	a1dd2553	feq.s	x10,f26,f29	 f26:0x7fc00000 f29:0x00000000 x10=0x00000000
      77055.000 ns	      7704	80001c84	e00e8ad3	fmv.x.w	x21,f29	 f29:0x00000000 x21=0x00000000
      77075.000 ns	      7706	80001c88	401e0cb3	sub	x25,x28,x1	 x28:0x3fe00000  x1:0x00000000 x25=0x3fe00000
      77435.000 ns	      7742	80001c8c	02d1edb3	rem	x27,x3,x13	  x3:0x00000001 x13:0x0000063a x27=0x00000001
      77465.000 ns	      7745	80001c90	c00ef153	fcvt.w.s	x2,f29	 f29:0x00000000  x2=0x00000000
      77485.000 ns	      7747	80001c94	fb5be113	ori	x2,x23,-75	 x23:0x00000000  x2=0xffffffb5
      77525.000 ns	      7751	80001c98	01b175d3	fadd.s	f11,f2,f27	  f2:0x00000000 f27:0x39344f6f f11=0x39344f6f
      77555.000 ns	      7754	80001c9c	c01af153	fcvt.wu.s	x2,f21	 f21:0x00000000  x2=0x00000000
      77595.000 ns	      7758	80001ca0	1098af53	fmul.s	f30,f17,f9	 f17:0x337f0000  f9:0x00000000 f30=0x00000000
      77625.000 ns	      7761	80001ca4	0323cc33	div	x24,x7,x18	  x7:0x00000000 x18:0x00000000 x24=0xffffffff
      77645.000 ns	      7763	80001ca8	01af35b3	sltu	x11,x30,x26	 x30:0x76a21c1c x26:0xffffffff x11=0x00000001
      77665.000 ns	      7765	80001cac	f00e8dd3	fmv.w.x	f27,x29	 x29:0x80040fe4 f27=0x80040fe4
      77685.000 ns	      7767	80001cb0	015a5db3	srl	x27,x20,x21	 x20:0x3fe00000 x21:0x00000000 x27=0x3fe00000
      77705.000 ns	      7769	80001cb4	a164a653	feq.s	x12,f9,f22	  f9:0x00000000 f22:0x80000000 x12=0x00000001
      77735.000 ns	      7772	80001cb8	02c913b3	mulh	x7,x18,x12	 x18:0x00000000 x12:0xfffffb96  x7=0x00000000
      77755.000 ns	      7774	80001cbc	017a91b3	sll	x3,x21,x23	 x21:0x00000000 x23:0x00000000  x3=0x00000000
      77765.000 ns	      7775	80001cc0	2bdf8d93	addi	x27,x31,701	 x31:0xfafeddbe x27=0xfafee07b
      77775.000 ns	      7776	80001cc4	0781f513	andi	x10,x3,120	  x3:0x00000001 x10=0x00000000
      77785.000 ns	      7777	80001cc8	00dbef33	or	x30,x23,x13	 x23:0x00000000 x13:0x0000063a x30=0x0000063a
      77795.000 ns	      7778	80001ccc	e2c53497	auipc	x9,0xe2c53	  x9=0x62c54ccc
      77825.000 ns	      7781	80001cd0	10bff1d3	fmul.s	f3,f31,f11	 f31:0x00000000 f11:0x39344f6f  f3=0x00000000
      77855.000 ns	      7784	80001cd4	a0d39553	flt.s	x10,f7,f13	  f7:0x80000000 f13:0x448b6001 x10=0x00000001
      77875.000 ns	      7786	80001cd8	298c3993	sltiu	x19,x24,664	 x24:0xffffffff x19=0x00000000
      77885.000 ns	      7787	80001cdc	c96d6f13	ori	x30,x26,-874	 x26:0xffffffff x30=0xffffffff
      77905.000 ns	      7789	80001ce0	022fe6b3	rem	x13,x31,x2	 x31:0xfafeddbe  x2:0x00000000 x13=0xfafeddbe
      77935.000 ns	      7792	80001ce4	036b3933	mulhu	x18,x22,x22	 x22:0x00000000 x22:0x00000000 x18=0x00000000
      77955.000 ns	      7794	80001ce8	0015f7b3	and	x15,x11,x1	 x11:0x00000001  x1:0x00000000 x15=0x00000000
      77965.000 ns	      7795	80001cec	41f00bb3	sub	x23,x0,x31	  x0:0x00000000 x31:0xfafeddbe x23=0x05012242
      77985.000 ns	      7797	80001cf0	0361c4b3	div	x9,x3,x22	  x3:0x00000000 x22:0x00000000  x9=0xffffffff
      78005.000 ns	      7799	80001cf4	41925d13	srai	x26,x4,0x19	  x4:0x0000065a x26=0x00000000
      78035.000 ns	      7802	80001cf8	58047ad3	fsqrt.s	f21,f8	  f8:0x00000000 f21=0x00000000
      78055.000 ns	      7804	80001cfc	50cca837	lui	x16,0x50cca	 x16=0x50cca000
      78075.000 ns	      7806	80001d00	02891f33	mulh	x30,x18,x8	 x18:0x00000000  x8:0xfffffca8 x30=0x00000000
      78105.000 ns	      7809	80001d04	02f3acb3	mulhsu	x25,x7,x15	  x7:0x00000000 x15:0x00000000 x25=0x00000000
      78125.000 ns	      7811	80001d08	01305db3	srl	x27,x0,x19	  x0:0x00000000 x19:0x00000000 x27=0x00000000
      78135.000 ns	      7812	80001d0c	326d0c93	addi	x25,x26,806	 x26:0x00000000 x25=0x00000326
      78495.000 ns	      7848	80001d10	034cd733	divu	x14,x25,x20	 x25:0x00000000 x20:0x3fe00000 x14=0x00000000
      78545.000 ns	      7853	80001d14	09b8fcd3	fsub.s	f25,f17,f27	 f17:0x337f0000 f27:0x80040fe4 f25=0x337f0000
      78575.000 ns	      7856	80001d18	033e76b3	remu	x13,x28,x19	 x28:0x3fe00000 x19:0x00000000 x13=0x3fe00000
      78605.000 ns	      7859	80001d1c	a00fa7d3	feq.s	x15,f31,f0	 f31:0x00000000  f0:0xffc00000 x15=0x00000000
      78635.000 ns	      7862	80001d20	02febab3	mulhu	x21,x29,x15	 x29:0x80040fe4 x15:0x00000000 x21=0x00000000
      78665.000 ns	      7865	80001d24	d015abd3	fcvt.s.wu	f23,x11	 x11:0x00000001 f23=0x3f800000
      78695.000 ns	      7868	80001d28	c01d9b53	fcvt.wu.s	x22,f27	 f27:0x80040fe4 x22=0x00000000
      78715.000 ns	      7870	80001d2c	f7960513	addi	x10,x12,-135	 x12:0x00000001 x10=0xffffff7a
      78725.000 ns	      7871	80001d30	4167de13	srai	x28,x15,0x16	 x15:0x00000000 x28=0x00000000
      78735.000 ns	      7872	80001d34	41505c33	sra	x24,x0,x21	  x0:0x00000000 x21:0x00000000 x24=0x00000000
      78745.000 ns	      7873	80001d38	b008e093	ori	x1,x17,-1280	 x17:0x80041024  x1=0xfffffb24
      78765.000 ns	      7875	80001d3c	033027b3	mulhsu	x15,x0,x19	  x0:0x00000000 x19:0x00000000 x15=0x00000000
      78785.000 ns	      7877	80001d40	a1fcfa13	andi	x20,x25,-1505	 x25:0x00000326 x20=0x00000206
      78795.000 ns	      7878	80001d44	40325333	sra	x6,x4,x3	  x4:0x0000065a  x3:0x00000000  x6=0x0000065a
      78805.000 ns	      7879	80001d48	da72a293	slti	x5,x5,-601	  x5:0x0386c178  x5=0x00000000
      79165.000 ns	      7915	80001d4c	024feb33	rem	x22,x31,x4	 x31:0xfafeddbe  x4:0x0000065a x22=0xffffff06
      79185.000 ns	      7917	80001d50	cff50597	auipc	x11,0xcff50	 x11=0x4ff51d50
      79195.000 ns	      7918	80001d54	007be433	or	x8,x23,x7	 x23:0x05012242  x7:0x00000000  x8=0x05012242
      79205.000 ns	      7919	80001d58	00222ab3	slt	x21,x4,x2	  x4:0x0000065a  x2:0x00000000 x21=0x00000000
      79225.000 ns	      7921	80001d5c	215627d3	fsgnjx.s	f15,f12,f21	 f12:0x00000000 f21:0x00000000 f15=0x00000000
      79255.000 ns	      7924	80001d60	a1572cd3	feq.s	x25,f14,f21	 f14:0x80000000 f21:0x00000000 x25=0x00000001
      79275.000 ns	      7926	80001d64	6f722b13	slti	x22,x4,1783	  x4:0x0000065a x22=0x00000001
      79285.000 ns	      7927	80001d68	011f3db3	sltu	x27,x30,x17	 x30:0x00000000 x17:0x80041024 x27=0x00000001
      79305.000 ns	      7929	80001d6c	286f8b53	fmin.s	f22,f31,f6	 f31:0x00000000  f6:0x39344f6f f22=0x00000000
      79325.000 ns	      7931	80001d70	5025c937	lui	x18,0x5025c	 x18=0x5025c000
      79365.000 ns	      7935	80001d74	092284d3	fsub.s	f9,f5,f18	  f5:0x7fc00000 f18:0x7fc00000  f9=0x7fc00000
      79395.000 ns	      7938	80001d78	038efa33	remu	x20,x29,x24	 x29:0x80040fe4 x24:0x00000000 x20=0x80040fe4
      79425.000 ns	      7941	80001d7c	a1482753	feq.s	x14,f16,f20	 f16:0x00000000 f20:0x7fc00000 x14=0x00000000
      79445.000 ns	      7943	80001d80	00e02833	slt	x16,x0,x14	  x0:0x00000000 x14:0x00000000 x16=0x00000000
      79455.000 ns	      7944	80001d84	00469b33	sll	x22,x13,x4	 x13:0x3fe00000  x4:0x0000065a x22=0x00000000
      79475.000 ns	      7946	80001d88	03852cb3	mulhsu	x25,x10,x24	 x10:0xffffff7a x24:0x00000000 x25=0x00000000
      79495.000 ns	      7948	80001d8c	be30b913	sltiu	x18,x1,-1053	  x1:0xfffffb24 x18=0x00000001
      79515.000 ns	      7950	80001d90	20c31153	fsgnjn.s	f2,f6,f12	  f6:0x39344f6f f12:0x00000000  f2=0xb9344f6f
      79535.000 ns	      7952	80001d94	002b77b3	and	x15,x22,x2	 x22:0x00000000  x2:0x00000000 x15=0x00000000
      79555.000 ns	      7954	80001d98	e0059353	fclass.s	x6,f11	 f11:0x39344f6f  x6=0x00000040
      79585.000 ns	      7957	80001d9c	295718d3	fmax.s	f17,f14,f21	 f14:0x80000000 f21:0x00000000 f17=0x00000000
      79605.000 ns	      7959	80001da0	008530b3	sltu	x1,x10,x8	 x10:0xffffff7a  x8:0x05012242  x1=0x00000000
      79615.000 ns	      7960	80001da4	01afcf33	xor	x30,x31,x26	 x31:0xfafeddbe x26:0x00000000 x30=0xfafeddbe
      79625.000 ns	      7961	80001da8	ace50613	addi	x12,x10,-1330	 x10:0xffffff7a x12=0xfffffa48
      79645.000 ns	      7963	80001dac	02fd5d33	divu	x26,x26,x15	 x26:0x00000000 x15:0x00000000 x26=0xffffffff
      79675.000 ns	      7966	80001db0	032eb433	mulhu	x8,x29,x18	 x29:0x80040fe4 x18:0x00000001  x8=0x00000000
      79695.000 ns	      7968	80001db4	d0678013	addi	x0,x15,-762	 x15:0x00000000
      79715.000 ns	      7970	80001db8	02e6c0b3	div	x1,x13,x14	 x13:0x3fe00000 x14:0x00000000  x1=0xffffffff
      79745.000 ns	      7973	80001dbc	281d9553	fmax.s	f10,f27,f1	 f27:0x80040fe4  f1:0x80000000 f10=0x80000000
      80115.000 ns	      8010	80001dc0	0242ef33	rem	x30,x5,x4	  x5:0x00000000  x4:0x0000065a x30=0x00000000
      80135.000 ns	      8012	80001dc4	40c78833	sub	x16,x15,x12	 x15:0x00000000 x12:0xfffffa48 x16=0x000005b8
      80155.000 ns	      8014	80001dc8	c00f76d3	fcvt.w.s	x13,f30	 f30:0x00000000 x13=0x00000000
      80175.000 ns	      8016	80001dcc	41cfd033	sra	x0,x31,x28	 x31:0xfafeddbe x28:0x00000000
      80185.000 ns	      8017	80001dd0	01287133	and	x2,x16,x18	 x16:0x000005b8 x18:0x00000001  x2=0x00000000
      80205.000 ns	      8019	80001dd4	d01e2653	fcvt.s.wu	f12,x28	 x28:0x00000000 f12=0x00000000
      80225.000 ns	      8021	80001dd8	f1580493	addi	x9,x16,-235	 x16:0x000005b8  x9=0x000004cd
      80245.000 ns	      8023	80001ddc	e0030453	fmv.x.w	x8,f6	  f6:0x39344f6f  x8=0x39344f6f
      80265.000 ns	      8025	80001de0	406bdb13	srai	x22,x23,0x6	 x23:0x05012242 x22=0x00140489
      80295.000 ns	      8028	80001de4	18474bd3	fdiv.s	f23,f14,f4	 f14:0x80000000  f4:0x4eff8000 f23=0x80000000
      80325.000 ns	      8031	80001de8	d00ef753	fcvt.s.w	f14,x29	 x29:0x80040fe4 f14=0xcefff7e0
      80345.000 ns	      8033	80001dec	00000013	addi	x0,x0,0	  x0:0x00000000
      80365.000 ns	      8035	80001df0	d00b7f53	fcvt.s.w	f30,x22	 x22:0x00140489 f30=0x49a02448
      80405.000 ns	      8039	80001df4	10ce7dd3	fmul.s	f27,f28,f12	 f28:0x7fc00000 f12:0x00000000 f27=0x7fc00000
      80435.000 ns	      8042	80001df8	e0041253	fclass.s	x4,f8	  f8:0x00000000  x4=0x00000010
      80465.000 ns	      8045	80001dfc	c01b96d3	fcvt.wu.s	x13,f23	 f23:0x80000000 x13=0x00000000
      80495.000 ns	      8048	80001e00	d01773d3	fcvt.s.wu	f7,x14	 x14:0x00000000  f7=0x00000000
      80515.000 ns	      8050	80001e04	013bb2b3	sltu	x5,x23,x19	 x23:0x05012242 x19:0x00000000  x5=0x00000000
      80525.000 ns	      8051	80001e08	caf46493	ori	x9,x8,-849	  x8:0x39344f6f  x9=0xffffffef
      80535.000 ns	      8052	80001e0c	f4a02b93	slti	x23,x0,-182	  x0:0x00000000 x23=0x00000000
      80545.000 ns	      8053	80001e10	b93f2b97	auipc	x23,0xb93f2	 x23=0x393f3e10
      80565.000 ns	      8055	80001e14	c00482d3	fcvt.w.s	x5,f9	  f9:0x7fc00000  x5=0x7fffffff
      80595.000 ns	      8058	80001e18	c00a3a53	fcvt.w.s	x20,f20	 f20:0x7fc00000 x20=0x7fffffff
      80615.000 ns	      8060	80001e1c	d9273517	auipc	x10,0xd9273	 x10=0x59274e1c
      80625.000 ns	      8061	80001e20	00230f33	add	x30,x6,x2	  x6:0x00000040  x2:0x00000000 x30=0x00000040
      80635.000 ns	      8062	80001e24	002533b3	sltu	x7,x10,x2	 x10:0xffffff7a  x2:0x00000000  x7=0x00000000
      80645.000 ns	      8063	80001e28	41858ab3	sub	x21,x11,x24	 x11:0x4ff51d50 x24:0x00000000 x21=0x4ff51d50
      80655.000 ns	      8064	80001e2c	de39e513	ori	x10,x19,-541	 x19:0x00000000 x10=0xfffffde3
      80665.000 ns	      8065	80001e30	013edc33	srl	x24,x29,x19	 x29:0x80040fe4 x19:0x00000000 x24=0x80040fe4
      80675.000 ns	      8066	80001e34	bbca7713	andi	x14,x20,-1092	 x20:0x7fffffff x14=0x7ffffbbc
      80705.000 ns	      8069	80001e38	10ebcdd3	fmul.s	f27,f23,f14	 f23:0x80000000 f14:0xcefff7e0 f27=0x00000000
      80735.000 ns	      8072	80001e3c	29631553	fmax.s	f10,f6,f22	  f6:0x39344f6f f22:0x00000000 f10=0x39344f6f
      80765.000 ns	      8075	80001e40	28c39b53	fmax.s	f22,f7,f12	  f7:0x00000000 f12:0x00000000 f22=0x00000000
      80785.000 ns	      8077	80001e44	01d3b7b3	sltu	x15,x7,x29	  x7:0x00000000 x29:0x80040fe4 x15=0x00000001
      80795.000 ns	      8078	80001e48	013341b3	xor	x3,x6,x19	  x6:0x00000040 x19:0x00000000  x3=0x00000040
      80805.000 ns	      8079	80001e4c	84d3b913	sltiu	x18,x7,-1971	  x7:0x00000000 x18=0x00000001
      80825.000 ns	      8081	80001e50	037bbd33	mulhu	x26,x23,x23	 x23:0x393f3e10 x23:0x393f3e10 x26=0x0ccd3942
      80845.000 ns	      8083	80001e54	008d6733	or	x14,x26,x8	 x26:0xffffffff  x8:0x39344f6f x14=0x3dfd7f6f
      80865.000 ns	      8085	80001e58	20a29953	fsgnjn.s	f18,f5,f10	  f5:0x7fc00000 f10:0x39344f6f f18=0xffc00000
      80885.000 ns	      8087	80001e5c	d3baf993	andi	x19,x21,-709	 x21:0x4ff51d50 x19=0x4ff51d10
      81245.000 ns	      8123	80001e60	0231ed33	rem	x26,x3,x3	  x3:0x00000040  x3:0x00000040 x26=0x00000000
      81265.000 ns	      8125	80001e64	8306c913	xori	x18,x13,-2000	 x13:0x00000000 x18=0xfffff830
      81285.000 ns	      8127	80001e68	02bc25b3	mulhsu	x11,x24,x11	 x24:0x80040fe4 x11:0x4ff51d50 x11=0xd806b623
      81315.000 ns	      8130	80001e6c	21519153	fsgnjn.s	f2,f3,f21	  f3:0x00000000 f21:0x00000000  f2=0x80000000
      81345.000 ns	      8133	80001e70	d0057c53	fcvt.s.w	f24,x10	 x10:0xfffffde3 f24=0xc4074000
      81395.000 ns	      8138	80001e74	00bf4ed3	fadd.s	f29,f30,f11	 f30:0x49a02448 f11:0x39344f6f f29=0x49a02448
      81415.000 ns	      8140	80001e78	004edc93	srli	x25,x29,0x4	 x29:0x80040fe4 x25=0x080040fe
      81435.000 ns	      8142	80001e7c	a17b1f53	flt.s	x30,f22,f23	 f22:0x00000000 f23:0x80000000 x30=0x00000000
      81465.000 ns	      8145	80001e80	037ab933	mulhu	x18,x21,x23	 x21:0x4ff51d50 x23:0x393f3e10 x18=0x11e1543b
      81485.000 ns	      8147	80001e84	00231a93	slli	x21,x6,0x2	  x6:0x00000040 x21=0x00000100
      81495.000 ns	      8148	80001e88	bdb50113	addi	x2,x10,-1061	 x10:0xfffffde3  x2=0xfffff9be
      81515.000 ns	      8150	80001e8c	212da453	fsgnjx.s	f8,f27,f18	 f27:0x00000000 f18:0xffc00000  f8=0x80000000
      81545.000 ns	      8153	80001e90	a00414d3	flt.s	x9,f8,f0	  f8:0x00000000  f0:0xffc00000  x9=0x00000000
      81565.000 ns	      8155	80001e94	6f6d6717	auipc	x14,0x6f6d6	 x14=0xef6d7e94
      81585.000 ns	      8157	80001e98	c00db1d3	fcvt.w.s	x3,f27	 f27:0x00000000  x3=0x00000000
      81605.000 ns	      8159	80001e9c	015d56b3	srl	x13,x26,x21	 x26:0x00000000 x21:0x00000100 x13=0x00000000
      81625.000 ns	      8161	80001ea0	d01d7ad3	fcvt.s.wu	f21,x26	 x26:0x00000000 f21=0x00000000
      81655.000 ns	      8164	80001ea4	a1e61ad3	flt.s	x21,f12,f30	 f12:0x00000000 f30:0x49a02448 x21=0x00000001
      81675.000 ns	      8166	80001ea8	01065193	srli	x3,x12,0x10	 x12:0xfffffa48  x3=0x0000ffff
      81695.000 ns	      8168	80001eac	e0038153	fmv.x.w	x2,f7	  f7:0x00000000  x2=0x00000000
      82065.000 ns	      8205	80001eb0	0264c9b3	div	x19,x9,x6	  x9:0x00000000  x6:0x00000040 x19=0x00000000
      82095.000 ns	      8208	80001eb4	21d19653	fsgnjn.s	f12,f3,f29	  f3:0x00000000 f29:0x49a02448 f12=0x80000000
      82115.000 ns	      8210	80001eb8	0138f3b3	and	x7,x17,x19	 x17:0x80041024 x19:0x00000000  x7=0x00000000
      82135.000 ns	      8212	80001ebc	02ab3333	mulhu	x6,x22,x10	 x22:0x00140489 x10:0xfffffde3  x6=0x00140488
      82155.000 ns	      8214	80001ec0	92720a93	addi	x21,x4,-1753	  x4:0x00000010 x21=0xfffff937
      82175.000 ns	      8216	80001ec4	a1490f53	fle.s	x30,f18,f20	 f18:0xffc00000 f20:0x7fc00000 x30=0x00000000
      82205.000 ns	      8219	80001ec8	e00a8053	fmv.x.w	x0,f21	 f21:0x00000000
      82225.000 ns	      8221	80001ecc	00ce6533	or	x10,x28,x12	 x28:0x00000000 x12:0xfffffa48 x10=0xfffffa48
      82235.000 ns	      8222	80001ed0	0166e933	or	x18,x13,x22	 x13:0x00000000 x22:0x00140489 x18=0x00140489
      82255.000 ns	      8224	80001ed4	f00c04d3	fmv.w.x	f9,x24	 x24:0x80040fe4  f9=0x80040fe4
      82305.000 ns	      8229	80001ed8	09f031d3	fsub.s	f3,f0,f31	  f0:0xffc00000 f31:0x00000000  f3=0x7fc00000
      82325.000 ns	      8231	80001edc	d7578a93	addi	x21,x15,-651	 x15:0x00000001 x21=0xfffffd76
      82335.000 ns	      8232	80001ee0	00e4f733	and	x14,x9,x14	  x9:0x00000000 x14:0xef6d7e94 x14=0x00000000
      82345.000 ns	      8233	80001ee4	00745593	srli	x11,x8,0x7	  x8:0x39344f6f x11=0x0072689e
      82375.000 ns	      8236	80001ee8	580b76d3	fsqrt.s	f13,f22	 f22:0x00000000 f13=0x00000000
      82395.000 ns	      8238	80001eec	f73af093	andi	x1,x21,-141	 x21:0xfffffd76  x1=0xfffffd72
      82415.000 ns	      8240	80001ef0	a0f68053	fle.s	x0,f13,f15	 f13:0x00000000 f15:0x00000000
      82435.000 ns	      8242	80001ef4	8272f413	andi	x8,x5,-2009	  x5:0x7fffffff  x8=0x7ffff827
      82455.000 ns	      8244	80001ef8	033d5233	divu	x4,x26,x19	 x26:0x00000000 x19:0x00000000  x4=0xffffffff
      82475.000 ns	      8246	80001efc	72cba113	slti	x2,x23,1836	 x23:0x393f3e10  x2=0x00000000
      82495.000 ns	      8248	80001f00	21dda7d3	fsgnjx.s	f15,f27,f29	 f27:0x00000000 f29:0x49a02448 f15=0x00000000
      82535.000 ns	      8252	80001f04	102f0553	fmul.s	f10,f30,f2	 f30:0x49a02448  f2:0x80000000 f10=0x80000000
      82555.000 ns	      8254	80001f08	001cd813	srli	x16,x25,0x1	 x25:0x080040fe x16=0x0400207f
      82565.000 ns	      8255	80001f0c	4044f2b7	lui	x5,0x4044f	  x5=0x4044f000
      82595.000 ns	      8258	80001f10	58047b53	fsqrt.s	f22,f8	  f8:0x80000000 f22=0x80000000
      82615.000 ns	      8260	80001f14	0182d733	srl	x14,x5,x24	  x5:0x7fffffff x24:0x80040fe4 x14=0x04044f00
      82635.000 ns	      8262	80001f18	02101333	mulh	x6,x0,x1	  x0:0x00000000  x1:0xfffffd72  x6=0x00000000
      82665.000 ns	      8265	80001f1c	03f01233	mulh	x4,x0,x31	  x0:0x00000000 x31:0xfafeddbe  x4=0x00000000
      82685.000 ns	      8267	80001f20	01fb9813	slli	x16,x23,0x1f	 x23:0x393f3e10 x16=0x00000000
      82695.000 ns	      8268	80001f24	01491413	slli	x8,x18,0x14	 x18:0x00140489  x8=0x48900000
      82705.000 ns	      8269	80001f28	4aa52a93	slti	x21,x10,1194	 x10:0xfffffa48 x21=0x00000001
      82725.000 ns	      8271	80001f2c	02f0ac33	mulhsu	x24,x1,x15	  x1:0xfffffd72 x15:0x00000001 x24=0xffffffff
      82755.000 ns	      8274	80001f30	e0030bd3	fmv.x.w	x23,f6	  f6:0x39344f6f x23=0x39344f6f
      82775.000 ns	      8276	80001f34	00ab04b3	add	x9,x22,x10	 x22:0x00140489 x10:0xfffffa48  x9=0x0013fed1
      82785.000 ns	      8277	80001f38	01719f13	slli	x30,x3,0x17	  x3:0x0000ffff x30=0xff800000
      82805.000 ns	      8279	80001f3c	a01a24d3	feq.s	x9,f20,f1	 f20:0x7fc00000  f1:0x80000000  x9=0x00000000
      82825.000 ns	      8281	80001f40	010fd533	srl	x10,x31,x16	 x31:0xfafeddbe x16:0x00000000 x10=0xfafeddbe
      82845.000 ns	      8283	80001f44	281a1a53	fmax.s	f20,f20,f1	 f20:0x7fc00000  f1:0x80000000 f20=0x80000000
      82865.000 ns	      8285	80001f48	e68c7797	auipc	x15,0xe68c7	 x15=0x668c8f48
      82875.000 ns	      8286	80001f4c	018983b3	add	x7,x19,x24	 x19:0x00000000 x24:0xffffffff  x7=0xffffffff
      82885.000 ns	      8287	80001f50	413081b3	sub	x3,x1,x19	  x1:0xfffffd72 x19:0x00000000  x3=0xfffffd72
      82895.000 ns	      8288	80001f54	00c9fd33	and	x26,x19,x12	 x19:0x00000000 x12:0xfffffa48 x26=0x00000000
      82915.000 ns	      8290	80001f58	f00e8b53	fmv.w.x	f22,x29	 x29:0x80040fe4 f22=0x80040fe4
      82935.000 ns	      8292	80001f5c	be9b8b93	addi	x23,x23,-1047	 x23:0x39344f6f x23=0x39344b58
      82955.000 ns	      8294	80001f60	03aaa833	mulhsu	x16,x21,x26	 x21:0x00000001 x26:0x00000000 x16=0x00000000
      82975.000 ns	      8296	80001f64	0064bd33	sltu	x26,x9,x6	  x9:0x00000000  x6:0x00000000 x26=0x00000000
      82985.000 ns	      8297	80001f68	eb8d9137	lui	x2,0xeb8d9	  x2=0xeb8d9000
      83005.000 ns	      8299	80001f6c	e00484d3	fmv.x.w	x9,f9	  f9:0x80040fe4  x9=0x80040fe4
      83035.000 ns	      8302	80001f70	0200fbb3	remu	x23,x1,x0	  x1:0xfffffd72  x0:0x00000000 x23=0xfffffd72
      83055.000 ns	      8304	80001f74	6d7df993	andi	x19,x27,1751	 x27:0x00000001 x19=0x00000001
      83075.000 ns	      8306	80001f78	c019f6d3	fcvt.wu.s	x13,f19	 f19:0x00000000 x13=0x00000000
      83095.000 ns	      8308	80001f7c	2d4c3413	sltiu	x8,x24,724	 x24:0xffffffff  x8=0x00000000
      83105.000 ns	      8309	80001f80	40ecd693	srai	x13,x25,0xe	 x25:0x080040fe x13=0x00002001
      83115.000 ns	      8310	80001f84	41775b33	sra	x22,x14,x23	 x14:0x04044f00 x23:0xfffffd72 x22=0x00000101
      83135.000 ns	      8312	80001f88	03681133	mulh	x2,x16,x22	 x16:0x00000000 x22:0x00140489  x2=0x00000000
      83165.000 ns	      8315	80001f8c	e00113d3	fclass.s	x7,f2	  f2:0x80000000  x7=0x00000008
      83185.000 ns	      8317	80001f90	01795033	srl	x0,x18,x23	 x18:0x00140489 x23:0xfffffd72
      83195.000 ns	      8318	80001f94	81f2f493	andi	x9,x5,-2017	  x5:0x4044f000  x9=0x4044f000
      83215.000 ns	      8320	80001f98	f00d0253	fmv.w.x	f4,x26	 x26:0x00000000  f4=0x00000000
      83235.000 ns	      8322	80001f9c	0032e3b3	or	x7,x5,x3	  x5:0x4044f000  x3:0xfffffd72  x7=0xfffffd72
      83255.000 ns	      8324	80001fa0	e0039253	fclass.s	x4,f7	  f7:0x00000000  x4=0x00000010
      83285.000 ns	      8327	80001fa4	281700d3	fmin.s	f1,f14,f1	 f14:0xcefff7e0  f1:0x80000000  f1=0xcefff7e0
      83305.000 ns	      8329	80001fa8	01980533	add	x10,x16,x25	 x16:0x00000000 x25:0x080040fe x10=0x080040fe
      83325.000 ns	      8331	80001fac	20deabd3	fsgnjx.s	f23,f29,f13	 f29:0x49a02448 f13:0x00000000 f23=0x49a02448
      83345.000 ns	      8333	80001fb0	415f5b33	sra	x22,x30,x21	 x30:0xff800000 x21:0x00000001 x22=0xffc00000
      83355.000 ns	      8334	80001fb4	003fdb13	srli	x22,x31,0x3	 x31:0xfafeddbe x22=0x1f5fdbb7
      83365.000 ns	      8335	80001fb8	0002fcb3	and	x25,x5,x0	  x5:0x4044f000  x0:0x00000000 x25=0x00000000
      83375.000 ns	      8336	80001fbc	01a71533	sll	x10,x14,x26	 x14:0x04044f00 x26:0x00000000 x10=0x04044f00
      83385.000 ns	      8337	80001fc0	d1ffcd13	xori	x26,x31,-737	 x31:0xfafeddbe x26=0x050120a1
      83395.000 ns	      8338	80001fc4	01634db3	xor	x27,x6,x22	  x6:0x00000000 x22:0x1f5fdbb7 x27=0x1f5fdbb7
      83415.000 ns	      8340	80001fc8	21048553	fsgnj.s	f10,f9,f16	  f9:0x80040fe4 f16:0x00000000 f10=0x00040fe4
      83445.000 ns	      8343	80001fcc	037f9233	mulh	x4,x31,x23	 x31:0xfafeddbe x23:0xfffffd72  x4=0x0000000c
      83475.000 ns	      8346	80001fd0	03ba0ab3	mul	x21,x20,x27	 x20:0x7fffffff x27:0x1f5fdbb7 x21=0x60a02449
      83495.000 ns	      8348	80001fd4	7a0d3b37	lui	x22,0x7a0d3	 x22=0x7a0d3000
      83505.000 ns	      8349	80001fd8	513f7213	andi	x4,x30,1299	 x30:0xff800000  x4=0x00000000
      83525.000 ns	      8351	80001fdc	c00fa553	fcvt.w.s	x10,f31	 f31:0x00000000 x10=0x00000000
      83545.000 ns	      8353	80001fe0	7c00f013	andi	x0,x1,1984	  x1:0xfffffd72
      83585.000 ns	      8357	80001fe4	08461c53	fsub.s	f24,f12,f4	 f12:0x80000000  f4:0x00000000 f24=0x80000000
      83615.000 ns	      8360	80001fe8	a1782f53	feq.s	x30,f16,f23	 f16:0x00000000 f23:0x49a02448 x30=0x00000000
      83645.000 ns	      8363	80001fec	d00ffbd3	fcvt.s.w	f23,x31	 x31:0xfafeddbe f23=0xcca02448
      83675.000 ns	      8366	80001ff0	c01a0f53	fcvt.wu.s	x30,f20	 f20:0x80000000 x30=0x00000000
      83695.000 ns	      8368	80001ff4	01dfc1b3	xor	x3,x31,x29	 x31:0xfafeddbe x29:0x80040fe4  x3=0x7afad25a
      83705.000 ns	      8369	80001ff8	005b07b3	add	x15,x22,x5	 x22:0x7a0d3000  x5:0x4044f000 x15=0xba522000
      83715.000 ns	      8370	80001ffc	01f61233	sll	x4,x12,x31	 x12:0xfffffa48 x31:0xfafeddbe  x4=0x00000000
      83745.000 ns	      8373	80002000	1936fc53	fdiv.s	f24,f13,f19	 f13:0x00000000 f19:0x00000000 f24=0x7fc00000
      83775.000 ns	      8376	80002004	02647333	remu	x6,x8,x6	  x8:0x00000000  x6:0x00000000  x6=0x00000000
      83805.000 ns	      8379	80002008	027c20b3	mulhsu	x1,x24,x7	 x24:0xffffffff  x7:0xfffffd72  x1=0xffffffff
      83835.000 ns	      8382	8000200c	28598153	fmin.s	f2,f19,f5	 f19:0x00000000  f5:0x7fc00000  f2=0x00000000
      83865.000 ns	      8385	80002010	0394fe33	remu	x28,x9,x25	  x9:0x4044f000 x25:0x00000000 x28=0x4044f000
      84235.000 ns	      8422	80002014	03535133	divu	x2,x6,x21	  x6:0x00000000 x21:0x60a02449  x2=0x00000000
      84255.000 ns	      8424	80002018	400b0533	sub	x10,x22,x0	 x22:0x7a0d3000  x0:0x00000000 x10=0x7a0d3000
      84275.000 ns	      8426	8000201c	a1ee1d53	flt.s	x26,f28,f30	 f28:0x7fc00000 f30:0x49a02448 x26=0x00000000
      84295.000 ns	      8428	80002020	ece98113	addi	x2,x19,-306	 x19:0x00000001  x2=0xfffffecf
      84315.000 ns	      8430	80002024	c01ff4d3	fcvt.wu.s	x9,f31	 f31:0x00000000  x9=0x00000000
      84335.000 ns	      8432	80002028	d1117393	andi	x7,x2,-751	  x2:0x00000000  x7=0xfffffc01
      84345.000 ns	      8433	8000202c	41c7d533	sra	x10,x15,x28	 x15:0xba522000 x28:0x4044f000 x10=0xba522000
      84365.000 ns	      8435	80002030	e00e9a53	fclass.s	x20,f29	 f29:0x49a02448 x20=0x00000040
      84385.000 ns	      8437	80002034	000a7b33	and	x22,x20,x0	 x20:0x7fffffff  x0:0x00000000 x22=0x00000000
      84395.000 ns	      8438	80002038	d3b2fc93	andi	x25,x5,-709	  x5:0x4044f000 x25=0x4044f000
      84415.000 ns	      8440	8000203c	a10f1053	flt.s	x0,f30,f16	 f30:0x49a02448 f16:0x00000000
      84465.000 ns	      8445	80002040	01e3f1d3	fadd.s	f3,f7,f30	  f7:0x00000000 f30:0x49a02448  f3=0x49a02448
      84485.000 ns	      8447	80002044	01099c33	sll	x24,x19,x16	 x19:0x00000001 x16:0x00000000 x24=0x00000001
      84505.000 ns	      8449	80002048	e00e00d3	fmv.x.w	x1,f28	 f28:0x7fc00000  x1=0x7fc00000
      84525.000 ns	      8451	8000204c	0faecb13	xori	x22,x29,250	 x29:0x80040fe4 x22=0x80040f1e
      84545.000 ns	      8453	80002050	f0028dd3	fmv.w.x	f27,x5	  x5:0x4044f000 f27=0x4044f000
      84565.000 ns	      8455	80002054	002f5693	srli	x13,x30,0x2	 x30:0x00000000 x13=0x00000000
      84575.000 ns	      8456	80002058	00648bb3	add	x23,x9,x6	  x9:0x00000000  x6:0x00000000 x23=0x00000000
      84615.000 ns	      8460	8000205c	01da2f53	fadd.s	f30,f20,f29	 f20:0x80000000 f29:0x49a02448 f30=0x49a02448
      84635.000 ns	      8462	80002060	01a57cb3	and	x25,x10,x26	 x10:0xba522000 x26:0x00000000 x25=0x00000000
      84675.000 ns	      8466	80002064	08d69e53	fsub.s	f28,f13,f13	 f13:0x00000000 f13:0x00000000 f28=0x80000000
      84695.000 ns	      8468	80002068	eadfb413	sltiu	x8,x31,-339	 x31:0xfafeddbe  x8=0x00000001
      84715.000 ns	      8470	8000206c	03ca8db3	mul	x27,x21,x28	 x21:0x60a02449 x28:0x4044f000 x27=0x05687000
      84745.000 ns	      8473	80002070	209d0dd3	fsgnj.s	f27,f26,f9	 f26:0x7fc00000  f9:0x80040fe4 f27=0xffc00000
      84775.000 ns	      8476	80002074	02358ab3	mul	x21,x11,x3	 x11:0x0072689e  x3:0x7afad25a x21=0x7856638c
      84795.000 ns	      8478	80002078	9258a3b7	lui	x7,0x9258a	  x7=0x9258a000
      84805.000 ns	      8479	8000207c	009ff0b3	and	x1,x31,x9	 x31:0xfafeddbe  x9:0x00000000  x1=0x00000000
      84815.000 ns	      8480	80002080	b94f3113	sltiu	x2,x30,-1132	 x30:0x00000000  x2=0x00000001
      85175.000 ns	      8516	80002084	0312d233	divu	x4,x5,x17	  x5:0x4044f000 x17:0x80041024  x4=0x00000000
      85205.000 ns	      8519	80002088	c013b9d3	fcvt.wu.s	x19,f7	  f7:0x00000000 x19=0x00000000
      85225.000 ns	      8521	8000208c	67d49537	lui	x10,0x67d49	 x10=0x67d49000
      85235.000 ns	      8522	80002090	003a5db3	srl	x27,x20,x3	 x20:0x00000040  x3:0x7afad25a x27=0x00000000
      85255.000 ns	      8524	80002094	e00c0853	fmv.x.w	x16,f24	 f24:0x7fc00000 x16=0x7fc00000
      85305.000 ns	      8529	80002098	018b78d3	fadd.s	f17,f22,f24	 f22:0x80040fe4 f24:0x7fc00000 f17=0x7fc00000
      85335.000 ns	      8532	8000209c	d0057353	fcvt.s.w	f6,x10	 x10:0x67d49000  f6=0x4ecfa920
      85365.000 ns	      8535	800020a0	21c62353	fsgnjx.s	f6,f12,f28	 f12:0x80000000 f28:0x80000000  f6=0x00000000
      85385.000 ns	      8537	800020a4	41515313	srai	x6,x2,0x15	  x2:0x00000001  x6=0x00000000
      85415.000 ns	      8540	800020a8	11d7f9d3	fmul.s	f19,f15,f29	 f15:0x00000000 f29:0x49a02448 f19=0x00000000
      85445.000 ns	      8543	800020ac	c00cb953	fcvt.w.s	x18,f25	 f25:0x337f0000 x18=0x00000000
      85475.000 ns	      8546	800020b0	f0020f53	fmv.w.x	f30,x4	  x4:0x00000000 f30=0x00000000
      85505.000 ns	      8549	800020b4	20c01d53	fsgnjn.s	f26,f0,f12	  f0:0xffc00000 f12:0x80000000 f26=0x7fc00000
      85545.000 ns	      8553	800020b8	1067ce53	fmul.s	f28,f15,f6	 f15:0x00000000  f6:0x00000000 f28=0x00000000
      85585.000 ns	      8557	800020bc	580c76d3	fsqrt.s	f13,f24	 f24:0x7fc00000 f13=0x7fc00000
      85635.000 ns	      8562	800020c0	013ecad3	fadd.s	f21,f29,f19	 f29:0x49a02448 f19:0x00000000 f21=0x49a02448
      85655.000 ns	      8564	800020c4	411a5993	srai	x19,x20,0x11	 x20:0x00000040 x19=0x00000000
      85675.000 ns	      8566	800020c8	0209d833	divu	x16,x19,x0	 x19:0x00000000  x0:0x00000000 x16=0xffffffff
      86045.000 ns	      8603	800020cc	02b562b3	rem	x5,x10,x11	 x10:0x67d49000 x11:0x0072689e  x5=0x0025c0d0
      86065.000 ns	      8605	800020d0	0061cdb3	xor	x27,x3,x6	  x3:0x7afad25a  x6:0x00000000 x27=0x7afad25a
      86095.000 ns	      8608	800020d4	186df053	fdiv.s	f0,f27,f6	 f27:0xffc00000  f6:0x00000000  f0=0x7fc00000
      86465.000 ns	      8645	800020d8	0239cc33	div	x24,x19,x3	 x19:0x00000000  x3:0x7afad25a x24=0x00000000
      86495.000 ns	      8648	800020dc	02af12b3	mulh	x5,x30,x10	 x30:0x00000000 x10:0x67d49000  x5=0x00000000
      86515.000 ns	      8650	800020e0	00000013	addi	x0,x0,0	  x0:0x00000000
      86525.000 ns	      8651	800020e4	1a293c13	sltiu	x24,x18,418	 x18:0x00000000 x24=0x00000001
      86535.000 ns	      8652	800020e8	000ad733	srl	x14,x21,x0	 x21:0x7856638c  x0:0x00000000 x14=0x7856638c
      86545.000 ns	      8653	800020ec	419bd3b3	sra	x7,x23,x25	 x23:0x00000000 x25:0x00000000  x7=0x00000000
      86555.000 ns	      8654	800020f0	3575b213	sltiu	x4,x11,855	 x11:0x0072689e  x4=0x00000000
      86565.000 ns	      8655	800020f4	01d132b3	sltu	x5,x2,x29	  x2:0x00000001 x29:0x80040fe4  x5=0x00000001
      86585.000 ns	      8657	800020f8	29dd8bd3	fmin.s	f23,f27,f29	 f27:0xffc00000 f29:0x49a02448 f23=0x49a02448
      86625.000 ns	      8661	800020fc	11b1fad3	fmul.s	f21,f3,f27	  f3:0x49a02448 f27:0xffc00000 f21=0x7fc00000
      86645.000 ns	      8663	80002100	41965613	srai	x12,x12,0x19	 x12:0xfffffa48 x12=0xffffffff
      86665.000 ns	      8665	80002104	03a76233	rem	x4,x14,x26	 x14:0x7856638c x26:0x00000000  x4=0x7856638c
      86685.000 ns	      8667	80002108	1bac0c13	addi	x24,x24,442	 x24:0x00000001 x24=0x000001bb
      86695.000 ns	      8668	8000210c	559e2193	slti	x3,x28,1369	 x28:0x4044f000  x3=0x00000000
      86705.000 ns	      8669	80002110	4d028713	addi	x14,x5,1232	  x5:0x00000001 x14=0x000004d1
      86715.000 ns	      8670	80002114	00d6b333	sltu	x6,x13,x13	 x13:0x00000000 x13:0x00000000  x6=0x00000000
      86755.000 ns	      8674	80002118	01597553	fadd.s	f10,f18,f21	 f18:0xffc00000 f21:0x7fc00000 f10=0x7fc00000
      87125.000 ns	      8711	8000211c	03f6dcb3	divu	x25,x13,x31	 x13:0x00000000 x31:0xfafeddbe x25=0x00000000
      87155.000 ns	      8714	80002120	21e32ad3	fsgnjx.s	f21,f6,f30	  f6:0x00000000 f30:0x00000000 f21=0x00000000
      87175.000 ns	      8716	80002124	cbfa0393	addi	x7,x20,-833	 x20:0x00000040  x7=0xfffffcff
      87195.000 ns	      8718	80002128	030506b3	mul	x13,x10,x16	 x10:0x67d49000 x16:0xffffffff x13=0x982b7000
      87215.000 ns	      8720	8000212c	403b5093	srai	x1,x22,0x3	 x22:0x80040f1e  x1=0xf00081e3
      87225.000 ns	      8721	80002130	002d0133	add	x2,x26,x2	 x26:0x00000000  x2:0x00000001  x2=0x00000001
      87235.000 ns	      8722	80002134	d5a6e217	auipc	x4,0xd5a6e	  x4=0x55a70134
      87255.000 ns	      8724	80002138	e00d19d3	fclass.s	x19,f26	 f26:0x7fc00000 x19=0x00000200
      87285.000 ns	      8727	8000213c	283d0853	fmin.s	f16,f26,f3	 f26:0x7fc00000  f3:0x49a02448 f16=0x49a02448
      87315.000 ns	      8730	80002140	03ecd2b3	divu	x5,x25,x30	 x25:0x00000000 x30:0x00000000  x5=0xffffffff
      87335.000 ns	      8732	80002144	856aab93	slti	x23,x21,-1962	 x21:0x7856638c x23=0x00000000
      87355.000 ns	      8734	80002148	f0020ed3	fmv.w.x	f29,x4	  x4:0x55a70134 f29=0x55a70134
      87385.000 ns	      8737	8000214c	21c68dd3	fsgnj.s	f27,f13,f28	 f13:0x7fc00000 f28:0x00000000 f27=0x7fc00000
      87755.000 ns	      8774	80002150	02427c33	remu	x24,x4,x4	  x4:0x55a70134  x4:0x55a70134 x24=0x00000000
      88125.000 ns	      8811	80002154	0330c233	div	x4,x1,x19	  x1:0xf00081e3 x19:0x00000200  x4=0xfff80041
      88145.000 ns	      8813	80002158	01fc4bb3	xor	x23,x24,x31	 x24:0x00000000 x31:0xfafeddbe x23=0xfafeddbe
      88165.000 ns	      8815	8000215c	21f786d3	fsgnj.s	f13,f15,f31	 f15:0x00000000 f31:0x00000000 f13=0x00000000
      88195.000 ns	      8818	80002160	a0570853	fle.s	x16,f14,f5	 f14:0xcefff7e0  f5:0x7fc00000 x16=0x00000000
      88215.000 ns	      8820	80002164	0196c833	xor	x16,x13,x25	 x13:0x982b7000 x25:0x00000000 x16=0x982b7000
      88235.000 ns	      8822	80002168	0211b4b3	mulhu	x9,x3,x1	  x3:0x00000000  x1:0xf00081e3  x9=0x00000000
      88255.000 ns	      8824	8000216c	01f40f33	add	x30,x8,x31	  x8:0x00000001 x31:0xfafeddbe x30=0xfafeddbf
      88275.000 ns	      8826	80002170	20e08ed3	fsgnj.s	f29,f1,f14	  f1:0xcefff7e0 f14:0xcefff7e0 f29=0xcefff7e0
      88305.000 ns	      8829	80002174	c01077d3	fcvt.wu.s	x15,f0	  f0:0x7fc00000 x15=0xffffffff
      88325.000 ns	      8831	80002178	0e758993	addi	x19,x11,231	 x11:0x0072689e x19=0x00726985
      88345.000 ns	      8833	8000217c	21b327d3	fsgnjx.s	f15,f6,f27	  f6:0x00000000 f27:0x7fc00000 f15=0x00000000
      88375.000 ns	      8836	80002180	c0157153	fcvt.wu.s	x2,f10	 f10:0x7fc00000  x2=0xffffffff
      88405.000 ns	      8839	80002184	02061c33	mulh	x24,x12,x0	 x12:0xffffffff  x0:0x00000000 x24=0x00000000
      88455.000 ns	      8844	80002188	096c98d3	fsub.s	f17,f25,f22	 f25:0x337f0000 f22:0x80040fe4 f17=0x337f0000
      88475.000 ns	      8846	8000218c	4097d7b3	sra	x15,x15,x9	 x15:0xffffffff  x9:0x00000000 x15=0xffffffff
      88495.000 ns	      8848	80002190	02a4bbb3	mulhu	x23,x9,x10	  x9:0x00000000 x10:0x67d49000 x23=0x00000000
      88515.000 ns	      8850	80002194	abaea993	slti	x19,x29,-1350	 x29:0x80040fe4 x19=0x00000001
      88535.000 ns	      8852	80002198	e0000ad3	fmv.x.w	x21,f0	  f0:0x7fc00000 x21=0x7fc00000
      89715.000 ns	      8970	8000219c	58058ed3	fsqrt.s	f29,f11	 f11:0x39344f6f f29=0x3bfeff0c
      89745.000 ns	      8973	800021a0	039add33	divu	x26,x21,x25	 x21:0x7fc00000 x25:0x00000000 x26=0xffffffff
      89775.000 ns	      8976	800021a4	f00f8ed3	fmv.w.x	f29,x31	 x31:0xfafeddbe f29=0xfafeddbe
      89805.000 ns	      8979	800021a8	d00071d3	fcvt.s.w	f3,x0	  x0:0x00000000  f3=0x00000000
      89835.000 ns	      8982	800021ac	03220f33	mul	x30,x4,x18	  x4:0xfff80041 x18:0x00000000 x30=0x00000000
      89865.000 ns	      8985	800021b0	21cd25d3	fsgnjx.s	f11,f26,f28	 f26:0x7fc00000 f28:0x00000000 f11=0x7fc00000
      89895.000 ns	      8988	800021b4	033e9cb3	mulh	x25,x29,x19	 x29:0x80040fe4 x19:0x00000001 x25=0xffffffff
      89925.000 ns	      8991	800021b8	c01fc053	fcvt.wu.s	x0,f31	 f31:0x00000000
      89945.000 ns	      8993	800021bc	1a0d4393	xori	x7,x26,416	 x26:0xffffffff  x7=0xfffffe5f
      89955.000 ns	      8994	800021c0	2fcd0393	addi	x7,x26,764	 x26:0xffffffff  x7=0x000002fb
      89995.000 ns	      8998	800021c4	01a47653	fadd.s	f12,f8,f26	  f8:0x80000000 f26:0x7fc00000 f12=0x7fc00000
      90015.000 ns	      9000	800021c8	77166613	ori	x12,x12,1905	 x12:0xffffffff x12=0xffffffff
      90025.000 ns	      9001	800021cc	01097233	and	x4,x18,x16	 x18:0x00000000 x16:0x982b7000  x4=0x00000000
      90055.000 ns	      9004	800021d0	1950f353	fdiv.s	f6,f1,f21	  f1:0xcefff7e0 f21:0x00000000  f6=0xff800000
      90075.000 ns	      9006	800021d4	41aa5d93	srai	x27,x20,0x1a	 x20:0x00000040 x27=0x00000000
      90095.000 ns	      9008	800021d8	c0107053	fcvt.wu.s	x0,f0	  f0:0x7fc00000
      90125.000 ns	      9011	800021dc	a052a753	feq.s	x14,f5,f5	  f5:0x7fc00000  f5:0x7fc00000 x14=0x00000000
      90145.000 ns	      9013	800021e0	00306633	or	x12,x0,x3	  x0:0x00000000  x3:0x00000000 x12=0x00000000
      90165.000 ns	      9015	800021e4	c018f2d3	fcvt.wu.s	x5,f17	 f17:0x337f0000  x5=0x00000000
      90205.000 ns	      9019	800021e8	58072ad3	fsqrt.s	f21,f14	 f14:0xcefff7e0 f21=0x7fc00000
      90225.000 ns	      9021	800021ec	7dd72337	lui	x6,0x7dd72	  x6=0x7dd72000
      90245.000 ns	      9023	800021f0	e0088553	fmv.x.w	x10,f17	 f17:0x337f0000 x10=0x337f0000
      90275.000 ns	      9026	800021f4	d001f253	fcvt.s.w	f4,x3	  x3:0x00000000  f4=0x00000000
      90315.000 ns	      9030	800021f8	196f2e53	fdiv.s	f28,f30,f22	 f30:0x00000000 f22:0x80040fe4 f28=0x80000000
      90345.000 ns	      9033	800021fc	c01cb153	fcvt.wu.s	x2,f25	 f25:0x337f0000  x2=0x00000000
      91345.000 ns	      9133	80002200	580cfe53	fsqrt.s	f28,f25	 f25:0x337f0000 f28=0x39344f6f
      91365.000 ns	      9135	80002204	656d7cb7	lui	x25,0x656d7	 x25=0x656d7000
      91725.000 ns	      9171	80002208	027e5233	divu	x4,x28,x7	 x28:0x4044f000  x7:0x000002fb  x4=0x00159040
      91755.000 ns	      9174	8000220c	d013f953	fcvt.s.wu	f18,x7	  x7:0x000002fb f18=0x443ec000
      91795.000 ns	      9178	80002210	5801f553	fsqrt.s	f10,f3	  f3:0x00000000 f10=0x00000000
      91835.000 ns	      9182	80002214	18ddc853	fdiv.s	f16,f27,f13	 f27:0x7fc00000 f13:0x00000000 f16=0x7fc00000
      91855.000 ns	      9184	80002218	41235713	srai	x14,x6,0x12	  x6:0x7dd72000 x14=0x00001f75
      91865.000 ns	      9185	8000221c	2a298c13	addi	x24,x19,674	 x19:0x00000001 x24=0x000002a3
      91885.000 ns	      9187	80002220	a0eb8653	fle.s	x12,f23,f14	 f23:0x49a02448 f14:0xcefff7e0 x12=0x00000000
      91905.000 ns	      9189	80002224	41fe5833	sra	x16,x28,x31	 x28:0x4044f000 x31:0xfafeddbe x16=0x00000001
      91925.000 ns	      9191	80002228	03bb0c33	mul	x24,x22,x27	 x22:0x80040f1e x27:0x00000000 x24=0x00000000
      91945.000 ns	      9193	8000222c	015b5293	srli	x5,x22,0x15	 x22:0x80040f1e  x5=0x00000400
      91955.000 ns	      9194	80002230	404c8a33	sub	x20,x25,x4	 x25:0x656d7000  x4:0x00159040 x20=0x6557dfc0
      91975.000 ns	      9196	80002234	029a3833	mulhu	x16,x20,x9	 x20:0x00000040  x9:0x00000000 x16=0x00000000
      92005.000 ns	      9199	80002238	e00c1ad3	fclass.s	x21,f24	 f24:0x7fc00000 x21=0x00000200
      92035.000 ns	      9202	8000223c	a0df2353	feq.s	x6,f30,f13	 f30:0x00000000 f13:0x00000000  x6=0x00000001
      92055.000 ns	      9204	80002240	40620b33	sub	x22,x4,x6	  x4:0x00159040  x6:0x7dd72000 x22=0x0015903f
      92065.000 ns	      9205	80002244	00e4ea33	or	x20,x9,x14	  x9:0x00000000 x14:0x00001f75 x20=0x00001f75
      92085.000 ns	      9207	80002248	02d0a633	mulhsu	x12,x1,x13	  x1:0xf00081e3 x13:0x982b7000 x12=0xf67d9634
      92115.000 ns	      9210	8000224c	030662b3	rem	x5,x12,x16	 x12:0x00000000 x16:0x00000000  x5=0xf67d9634
      92485.000 ns	      9247	80002250	02485b33	divu	x22,x16,x4	 x16:0x00000000  x4:0x00159040 x22=0x00000000
      92505.000 ns	      9249	80002254	2eeb0d17	auipc	x26,0x2eeb0	 x26=0xaeeb2254
      92535.000 ns	      9252	80002258	11127253	fmul.s	f4,f4,f17	  f4:0x00000000 f17:0x337f0000  f4=0x00000000
      92565.000 ns	      9255	8000225c	21880e53	fsgnj.s	f28,f16,f24	 f16:0x7fc00000 f24:0x7fc00000 f28=0x7fc00000
      92585.000 ns	      9257	80002260	ff602c93	slti	x25,x0,-10	  x0:0x00000000 x25=0x00000000
      92595.000 ns	      9258	80002264	01022433	slt	x8,x4,x16	  x4:0x00159040 x16:0x00000000  x8=0x00000000
      92605.000 ns	      9259	80002268	00000013	addi	x0,x0,0	  x0:0x00000000
      92615.000 ns	      9260	8000226c	01767cb3	and	x25,x12,x23	 x12:0xf67d9634 x23:0x00000000 x25=0x00000000
      92635.000 ns	      9262	80002270	20011453	fsgnjn.s	f8,f2,f0	  f2:0x00000000  f0:0x7fc00000  f8=0x80000000
      92665.000 ns	      9265	80002274	f0028353	fmv.w.x	f6,x5	  x5:0xf67d9634  f6=0xf67d9634
      92685.000 ns	      9267	80002278	01192533	slt	x10,x18,x17	 x18:0x00000000 x17:0x80041024 x10=0x00000000
      92695.000 ns	      9268	8000227c	01e7db33	srl	x22,x15,x30	 x15:0xffffffff x30:0x00000000 x22=0xffffffff
      92715.000 ns	      9270	80002280	f00182d3	fmv.w.x	f5,x3	  x3:0x00000000  f5=0x00000000
      92735.000 ns	      9272	80002284	01c84cb3	xor	x25,x16,x28	 x16:0x00000000 x28:0x4044f000 x25=0x4044f000
      92745.000 ns	      9273	80002288	55a40413	addi	x8,x8,1370	  x8:0x00000000  x8=0x0000055a
      92775.000 ns	      9276	8000228c	580d32d3	fsqrt.s	f5,f26	 f26:0x7fc00000  f5=0x7fc00000
      92815.000 ns	      9280	80002290	18d31953	fdiv.s	f18,f6,f13	  f6:0xf67d9634 f13:0x00000000 f18=0xff800000
      92835.000 ns	      9282	80002294	007777b3	and	x15,x14,x7	 x14:0x00001f75  x7:0x000002fb x15=0x00000271
      92845.000 ns	      9283	80002298	2c1b3313	sltiu	x6,x22,705	 x22:0xffffffff  x6=0x00000000
      92855.000 ns	      9284	8000229c	13732913	slti	x18,x6,311	  x6:0x00000001 x18=0x00000001
      92895.000 ns	      9288	800022a0	080a70d3	fsub.s	f1,f20,f0	 f20:0x80000000  f0:0x7fc00000  f1=0x7fc00000
      92915.000 ns	      9290	800022a4	a88b0013	addi	x0,x22,-1400	 x22:0xffffffff
      92935.000 ns	      9292	800022a8	022339b3	mulhu	x19,x6,x2	  x6:0x00000000  x2:0x00000000 x19=0x00000000
      92965.000 ns	      9295	800022ac	02a8f9b3	remu	x19,x17,x10	 x17:0x80041024 x10:0x00000000 x19=0x80041024
      92985.000 ns	      9297	800022b0	9fa52617	auipc	x12,0x9fa52	 x12=0x1fa542b0
      93005.000 ns	      9299	800022b4	c002fbd3	fcvt.w.s	x23,f5	  f5:0x7fc00000 x23=0x7fffffff
      93375.000 ns	      9336	800022b8	021e60b3	rem	x1,x28,x1	 x28:0x4044f000  x1:0xf00081e3  x1=0x0046f78c
      93405.000 ns	      9339	800022bc	c01679d3	fcvt.wu.s	x19,f12	 f12:0x7fc00000 x19=0xffffffff
      93425.000 ns	      9341	800022c0	01566733	or	x14,x12,x21	 x12:0x1fa542b0 x21:0x00000200 x14=0x1fa542b0
      93445.000 ns	      9343	800022c4	d007fa53	fcvt.s.w	f20,x15	 x15:0x00000271 f20=0x441c4000
      93475.000 ns	      9346	800022c8	a0212cd3	feq.s	x25,f2,f2	  f2:0x00000000  f2:0x00000000 x25=0x00000001
      93505.000 ns	      9349	800022cc	e0039c53	fclass.s	x24,f7	  f7:0x00000000 x24=0x00000010
      93535.000 ns	      9352	800022d0	d01df553	fcvt.s.wu	f10,x27	 x27:0x00000000 f10=0x00000000
      93555.000 ns	      9354	800022d4	0110de33	srl	x28,x1,x17	  x1:0x0046f78c x17:0x80041024 x28=0x00046f78
      93575.000 ns	      9356	800022d8	a01da3d3	feq.s	x7,f27,f1	 f27:0x7fc00000  f1:0x7fc00000  x7=0x00000000
      93595.000 ns	      9358	800022dc	b1777713	andi	x14,x14,-1257	 x14:0x1fa542b0 x14=0x1fa54210
      93605.000 ns	      9359	800022e0	bd810093	addi	x1,x2,-1064	  x2:0x00000000  x1=0xfffffbd8
      93615.000 ns	      9360	800022e4	0092acb3	slt	x25,x5,x9	  x5:0xf67d9634  x9:0x00000000 x25=0x00000001
      93625.000 ns	      9361	800022e8	00000013	addi	x0,x0,0	  x0:0x00000000
      93635.000 ns	      9362	800022ec	01e68033	add	x0,x13,x30	 x13:0x982b7000 x30:0x00000000
      93645.000 ns	      9363	800022f0	012a8ab3	add	x21,x21,x18	 x21:0x00000200 x18:0x00000001 x21=0x00000201
      93665.000 ns	      9365	800022f4	e00f1653	fclass.s	x12,f30	 f30:0x00000000 x12=0x00000010
      93695.000 ns	      9368	800022f8	02044e33	div	x28,x8,x0	  x8:0x0000055a  x0:0x00000000 x28=0xffffffff
      93715.000 ns	      9370	800022fc	40c2d013	srai	x0,x5,0xc	  x5:0xf67d9634
      93735.000 ns	      9372	80002300	02feb9b3	mulhu	x19,x29,x15	 x29:0x80040fe4 x15:0x00000271 x19=0x00000138
      93755.000 ns	      9374	80002304	7e197613	andi	x12,x18,2017	 x18:0x00000001 x12=0x00000001
      93765.000 ns	      9375	80002308	082e7a17	auipc	x20,0x82e7	 x20=0x882e9308
      93785.000 ns	      9377	8000230c	21f983d3	fsgnj.s	f7,f19,f31	 f19:0x00000000 f31:0x00000000  f7=0x00000000
      93815.000 ns	      9380	80002310	e00416d3	fclass.s	x13,f8	  f8:0x80000000 x13=0x00000008
      93845.000 ns	      9383	80002314	d01bfb53	fcvt.s.wu	f22,x23	 x23:0x7fffffff f22=0x4effffff
      93865.000 ns	      9385	80002318	630ff593	andi	x11,x31,1584	 x31:0xfafeddbe x11=0x00000430
      93875.000 ns	      9386	8000231c	c1caa513	slti	x10,x21,-996	 x21:0x00000201 x10=0x00000000
      93885.000 ns	      9387	80002320	01f7e0b3	or	x1,x15,x31	 x15:0x00000271 x31:0xfafeddbe  x1=0xfafedfff
      93905.000 ns	      9389	80002324	d003b053	fcvt.s.w	f0,x7	  x7:0x00000000  f0=0x00000000
      93925.000 ns	      9391	80002328	00000013	addi	x0,x0,0	  x0:0x00000000
      93945.000 ns	      9393	8000232c	030ae333	rem	x6,x21,x16	 x21:0x00000201 x16:0x00000000  x6=0x00000201
      93985.000 ns	      9397	80002330	1130fed3	fmul.s	f29,f1,f19	  f1:0x7fc00000 f19:0x00000000 f29=0x7fc00000
      94005.000 ns	      9399	80002334	01ef87b3	add	x15,x31,x30	 x31:0xfafeddbe x30:0x00000000 x15=0xfafeddbe
      94025.000 ns	      9401	80002338	d01b90d3	fcvt.s.wu	f1,x23	 x23:0x7fffffff  f1=0x4effffff
      94045.000 ns	      9403	8000233c	c1677bb7	lui	x23,0xc1677	 x23=0xc1677000
      94055.000 ns	      9404	80002340	014b8633	add	x12,x23,x20	 x23:0x7fffffff x20:0x882e9308 x12=0x49960308
      94075.000 ns	      9406	80002344	20f90153	fsgnj.s	f2,f18,f15	 f18:0xff800000 f15:0x00000000  f2=0x7f800000
      94095.000 ns	      9408	80002348	532c3813	sltiu	x16,x24,1330	 x24:0x00000010 x16=0x00000001
      94115.000 ns	      9410	8000234c	f0080f53	fmv.w.x	f30,x16	 x16:0x00000000 f30=0x00000001
      94145.000 ns	      9413	80002350	d01e0f53	fcvt.s.wu	f30,x28	 x28:0xffffffff f30=0x4f800000
      94165.000 ns	      9415	80002354	40bfd613	srai	x12,x31,0xb	 x31:0xfafeddbe x12=0xffff5fdb
      94195.000 ns	      9418	80002358	11de75d3	fmul.s	f11,f28,f29	 f28:0x7fc00000 f29:0x7fc00000 f11=0x7fc00000
      94215.000 ns	      9420	8000235c	b9832493	slti	x9,x6,-1128	  x6:0x00000201  x9=0x00000000
      94235.000 ns	      9422	80002360	02d609b3	mul	x19,x12,x13	 x12:0xffff5fdb x13:0x00000008 x19=0xfffafed8
      94605.000 ns	      9459	80002364	02cff2b3	remu	x5,x31,x12	 x31:0xfafeddbe x12:0xffff5fdb  x5=0xfafeddbe
      94635.000 ns	      9462	80002368	02d32e33	mulhsu	x28,x6,x13	  x6:0x00000201 x13:0x00000008 x28=0x00000000
      94665.000 ns	      9465	8000236c	29b107d3	fmin.s	f15,f2,f27	  f2:0x7f800000 f27:0x7fc00000 f15=0x7f800000
      94695.000 ns	      9468	80002370	29751353	fmax.s	f6,f10,f23	 f10:0x00000000 f23:0x49a02448  f6=0x49a02448
      94725.000 ns	      9471	80002374	a0430753	fle.s	x14,f6,f4	  f6:0xf67d9634  f4:0x00000000 x14=0x00000000
      95095.000 ns	      9508	80002378	034fd4b3	divu	x9,x31,x20	 x31:0xfafeddbe x20:0x882e9308  x9=0x00000001
      95125.000 ns	      9511	8000237c	c01aa153	fcvt.wu.s	x2,f21	 f21:0x7fc00000  x2=0xffffffff
      95155.000 ns	      9514	80002380	0232d533	divu	x10,x5,x3	  x5:0xfafeddbe  x3:0x00000000 x10=0xffffffff
      95525.000 ns	      9551	80002384	03a25f33	divu	x30,x4,x26	  x4:0x00159040 x26:0xaeeb2254 x30=0x00000000
      95545.000 ns	      9553	80002388	ee03a613	slti	x12,x7,-288	  x7:0x00000000 x12=0x00000000
      95565.000 ns	      9555	8000238c	c00a7ad3	fcvt.w.s	x21,f20	 f20:0x441c4000 x21=0x00000271
      95935.000 ns	      9592	80002390	03416db3	rem	x27,x2,x20	  x2:0xffffffff x20:0x882e9308 x27=0xffffffff
      95965.000 ns	      9595	80002394	023bb133	mulhu	x2,x23,x3	 x23:0xc1677000  x3:0x00000000  x2=0x00000000
      95985.000 ns	      9597	80002398	1e18ec13	ori	x24,x17,481	 x17:0x80041024 x24=0x800411e5
      96005.000 ns	      9599	8000239c	21d79ed3	fsgnjn.s	f29,f15,f29	 f15:0x7f800000 f29:0x7fc00000 f29=0xff800000
      96025.000 ns	      9601	800023a0	01713333	sltu	x6,x2,x23	  x2:0x00000000 x23:0xc1677000  x6=0x00000001
      96045.000 ns	      9603	800023a4	a1ac2253	feq.s	x4,f24,f26	 f24:0x7fc00000 f26:0x7fc00000  x4=0x00000000
      96075.000 ns	      9606	800023a8	d01673d3	fcvt.s.wu	f7,x12	 x12:0x00000000  f7=0x00000000
      96105.000 ns	      9609	800023ac	20aea1d3	fsgnjx.s	f3,f29,f10	 f29:0xff800000 f10:0x00000000  f3=0xff800000
      96125.000 ns	      9611	800023b0	41a8d713	srai	x14,x17,0x1a	 x17:0x80041024 x14=0xffffffe0
      96135.000 ns	      9612	800023b4	00f2b9b3	sltu	x19,x5,x15	  x5:0xfafeddbe x15:0xfafeddbe x19=0x00000000
      96145.000 ns	      9613	800023b8	4135da33	sra	x20,x11,x19	 x11:0x00000430 x19:0xfffafed8 x20=0x00000430
      96155.000 ns	      9614	800023bc	414d5a33	sra	x20,x26,x20	 x26:0xaeeb2254 x20:0x882e9308 x20=0xffffaeeb
      96165.000 ns	      9615	800023c0	415edc13	srai	x24,x29,0x15	 x29:0x80040fe4 x24=0xfffffc00
      96175.000 ns	      9616	800023c4	41bc5b93	srai	x23,x24,0x1b	 x24:0x800411e5 x23=0xffffffff
      96195.000 ns	      9618	800023c8	20d68fd3	fsgnj.s	f31,f13,f13	 f13:0x00000000 f13:0x00000000 f31=0x00000000
      96215.000 ns	      9620	800023cc	01c991b3	sll	x3,x19,x28	 x19:0x00000000 x28:0x00000000  x3=0x00000000
      96245.000 ns	      9623	800023d0	10e38653	fmul.s	f12,f7,f14	  f7:0x00000000 f14:0xcefff7e0 f12=0x80000000
      96275.000 ns	      9626	800023d4	a1009853	flt.s	x16,f1,f16	  f1:0x4effffff f16:0x7fc00000 x16=0x00000000
      96305.000 ns	      9629	800023d8	e0079253	fclass.s	x4,f15	 f15:0x7f800000  x4=0x00000080
      96345.000 ns	      9633	800023dc	192f3ed3	fdiv.s	f29,f30,f18	 f30:0x4f800000 f18:0xff800000 f29=0x80000000
      96375.000 ns	      9636	800023e0	c019ff53	fcvt.wu.s	x30,f19	 f19:0x00000000 x30=0x00000000
      96395.000 ns	      9638	800023e4	eaa52113	slti	x2,x10,-342	 x10:0xffffffff  x2=0x00000000
      96415.000 ns	      9640	800023e8	28769553	fmax.s	f10,f13,f7	 f13:0x00000000  f7:0x00000000 f10=0x00000000
      96445.000 ns	      9643	800023ec	03077db3	remu	x27,x14,x16	 x14:0xffffffe0 x16:0x00000000 x27=0xffffffe0
      96465.000 ns	      9645	800023f0	417c5d93	srai	x27,x24,0x17	 x24:0xfffffc00 x27=0xffffffff
      96475.000 ns	      9646	800023f4	00375133	srl	x2,x14,x3	 x14:0xffffffe0  x3:0x00000000  x2=0xffffffe0
      96495.000 ns	      9648	800023f8	c00c1353	fcvt.w.s	x6,f24	 f24:0x7fc00000  x6=0x7fffffff
      96515.000 ns	      9650	800023fc	00000013	addi	x0,x0,0	  x0:0x00000000
      96525.000 ns	      9651	80002400	f6b1e513	ori	x10,x3,-149	  x3:0x00000000 x10=0xffffff6b
      96545.000 ns	      9653	80002404	c01ec453	fcvt.wu.s	x8,f29	 f29:0x80000000  x8=0x00000000
      96575.000 ns	      9656	80002408	292d1553	fmax.s	f10,f26,f18	 f26:0x7fc00000 f18:0xff800000 f10=0xff800000
      96605.000 ns	      9659	8000240c	d00f7b53	fcvt.s.w	f22,x30	 x30:0x00000000 f22=0x00000000
      96625.000 ns	      9661	80002410	01ba8533	add	x10,x21,x27	 x21:0x00000271 x27:0xffffffff x10=0x00000270
      96645.000 ns	      9663	80002414	d00df953	fcvt.s.w	f18,x27	 x27:0xffffffff f18=0xbf800000
      96675.000 ns	      9666	80002418	a06e0253	fle.s	x4,f28,f6	 f28:0x7fc00000  f6:0x49a02448  x4=0x00000000
      96695.000 ns	      9668	8000241c	019ec133	xor	x2,x29,x25	 x29:0x80040fe4 x25:0x00000001  x2=0x80040fe5
      96705.000 ns	      9669	80002420	71d3a713	slti	x14,x7,1821	  x7:0x00000000 x14=0x00000001
      96715.000 ns	      9670	80002424	4062dd13	srai	x26,x5,0x6	  x5:0xfafeddbe x26=0xffebfb76
      96725.000 ns	      9671	80002428	40e15933	sra	x18,x2,x14	  x2:0x80040fe5 x14:0xffffffe0 x18=0xc00207f2
      96765.000 ns	      9675	8000242c	010f7553	fadd.s	f10,f30,f16	 f30:0x4f800000 f16:0x7fc00000 f10=0x7fc00000
      96795.000 ns	      9678	80002430	29a509d3	fmin.s	f19,f10,f26	 f10:0xff800000 f26:0x7fc00000 f19=0x7fc00000
      96815.000 ns	      9680	80002434	cb25e113	ori	x2,x11,-846	 x11:0x00000430  x2=0xfffffcb2
      96835.000 ns	      9682	80002438	209925d3	fsgnjx.s	f11,f18,f9	 f18:0xbf800000  f9:0x80040fe4 f11=0x3f800000
      96855.000 ns	      9684	8000243c	93484b93	xori	x23,x16,-1740	 x16:0x00000000 x23=0xfffff934
      96895.000 ns	      9688	80002440	00e47ad3	fadd.s	f21,f8,f14	  f8:0x80000000 f14:0xcefff7e0 f21=0xcefff7e0
      96945.000 ns	      9693	80002444	00e1f2d3	fadd.s	f5,f3,f14	  f3:0xff800000 f14:0xcefff7e0  f5=0xff800000
      96975.000 ns	      9696	80002448	02639a33	mulh	x20,x7,x6	  x7:0x00000000  x6:0x7fffffff x20=0x00000000
      97005.000 ns	      9699	8000244c	d00f4253	fcvt.s.w	f4,x30	 x30:0x00000000  f4=0x00000000
      97025.000 ns	      9701	80002450	34954813	xori	x16,x10,841	 x10:0x00000270 x16=0x00000139
      97035.000 ns	      9702	80002454	015ed993	srli	x19,x29,0x15	 x29:0x80040fe4 x19=0x00000400
      97055.000 ns	      9704	80002458	291a0bd3	fmin.s	f23,f20,f17	 f20:0x441c4000 f17:0x337f0000 f23=0x337f0000
      97095.000 ns	      9708	8000245c	11dcfc53	fmul.s	f24,f25,f29	 f25:0x337f0000 f29:0x80000000 f24=0x80000000
      97125.000 ns	      9711	80002460	a06e0bd3	fle.s	x23,f28,f6	 f28:0x7fc00000  f6:0x49a02448 x23=0x00000000
      97155.000 ns	      9714	80002464	204ca1d3	fsgnjx.s	f3,f25,f4	 f25:0x337f0000  f4:0x00000000  f3=0x337f0000
      97175.000 ns	      9716	80002468	01494cb3	xor	x25,x18,x20	 x18:0xc00207f2 x20:0x00000000 x25=0xc00207f2
      97535.000 ns	      9752	8000246c	038fed33	rem	x26,x31,x24	 x31:0xfafeddbe x24:0xfffffc00 x26=0xfffffdbe
      97565.000 ns	      9755	80002470	d0123553	fcvt.s.wu	f10,x4	  x4:0x00000000 f10=0x00000000
      97595.000 ns	      9758	80002474	d0093ed3	fcvt.s.w	f29,x18	 x18:0xc00207f2 f29=0xce7ff7e1
      97615.000 ns	      9760	80002478	014ef533	and	x10,x29,x20	 x29:0x80040fe4 x20:0x00000000 x10=0x00000000
      97975.000 ns	      9796	8000247c	035ffbb3	remu	x23,x31,x21	 x31:0xfafeddbe x21:0x00000271 x23=0x00000023
      98015.000 ns	      9800	80002480	114cc253	fmul.s	f4,f25,f20	 f25:0x337f0000 f20:0x441c4000  f4=0x381ba3c0
      98035.000 ns	      9802	80002484	00fa1693	slli	x13,x20,0xf	 x20:0x00000000 x13=0x00000000
      98045.000 ns	      9803	80002488	0037e533	or	x10,x15,x3	 x15:0xfafeddbe  x3:0x00000000 x10=0xfafeddbe
      98055.000 ns	      9804	8000248c	11b06713	ori	x14,x0,283	  x0:0x00000000 x14=0x0000011b
      98065.000 ns	      9805	80002490	4ef76493	ori	x9,x14,1263	 x14:0x00000001  x9=0x000005ff
      98075.000 ns	      9806	80002494	004d8cb3	add	x25,x27,x4	 x27:0xffffffff  x4:0x00000000 x25=0xffffffff
      98085.000 ns	      9807	80002498	00000013	addi	x0,x0,0	  x0:0x00000000
      98105.000 ns	      9809	8000249c	200f1e53	fsgnjn.s	f28,f30,f0	 f30:0x4f800000  f0:0x00000000 f28=0xcf800000
      98125.000 ns	      9811	800024a0	001c8233	add	x4,x25,x1	 x25:0xffffffff  x1:0xfafedfff  x4=0xfafedffe
      98155.000 ns	      9814	800024a4	19c98053	fdiv.s	f0,f19,f28	 f19:0x7fc00000 f28:0xcf800000  f0=0x7fc00000
      98175.000 ns	      9816	800024a8	019a99b3	sll	x19,x21,x25	 x21:0x00000271 x25:0xffffffff x19=0x80000000
      98185.000 ns	      9817	800024ac	6ab94493	xori	x9,x18,1707	 x18:0xc00207f2  x9=0xc0020159
      98195.000 ns	      9818	800024b0	01d01a93	slli	x21,x0,0x1d	  x0:0x00000000 x21=0x00000000
      98215.000 ns	      9820	800024b4	02d074b3	remu	x9,x0,x13	  x0:0x00000000 x13:0x00000000  x9=0x00000000
      98235.000 ns	      9822	800024b8	01ac6433	or	x8,x24,x26	 x24:0xfffffc00 x26:0xfffffdbe  x8=0xfffffdbe
      98245.000 ns	      9823	800024bc	000a9113	slli	x2,x21,0x0	 x21:0x00000000  x2=0x00000000
      98255.000 ns	      9824	800024c0	01f564b3	or	x9,x10,x31	 x10:0xfafeddbe x31:0xfafeddbe  x9=0xfafeddbe
      98275.000 ns	      9826	800024c4	a15a1053	flt.s	x0,f20,f21	 f20:0x441c4000 f21:0xcefff7e0
      98295.000 ns	      9828	800024c8	c072ef13	ori	x30,x5,-1017	  x5:0xfafeddbe x30=0xfffffdbf
      98305.000 ns	      9829	800024cc	019cf4b3	and	x9,x25,x25	 x25:0xffffffff x25:0xffffffff  x9=0xffffffff
      98325.000 ns	      9831	800024d0	c0092253	fcvt.w.s	x4,f18	 f18:0xbf800000  x4=0xffffffff
      98355.000 ns	      9834	800024d4	f0080053	fmv.w.x	f0,x16	 x16:0x00000139  f0=0x00000139
      98375.000 ns	      9836	800024d8	16fccb37	lui	x22,0x16fcc	 x22=0x16fcc000
      98395.000 ns	      9838	800024dc	21088e53	fsgnj.s	f28,f17,f16	 f17:0x337f0000 f16:0x7fc00000 f28=0x337f0000
      98415.000 ns	      9840	800024e0	eea816b7	lui	x13,0xeea81	 x13=0xeea81000
      98425.000 ns	      9841	800024e4	41615033	sra	x0,x2,x22	  x2:0x00000000 x22:0x16fcc000
      98445.000 ns	      9843	800024e8	d00324d3	fcvt.s.w	f9,x6	  x6:0x7fffffff  f9=0x4f000000
      98465.000 ns	      9845	800024ec	6223ad13	slti	x26,x7,1570	  x7:0x00000000 x26=0x00000001
      98495.000 ns	      9848	800024f0	11427753	fmul.s	f14,f4,f20	  f4:0x381ba3c0 f20:0x441c4000 f14=0x3cbdfd64
      98515.000 ns	      9850	800024f4	00000013	addi	x0,x0,0	  x0:0x00000000
      98525.000 ns	      9851	800024f8	2088b117	auipc	x2,0x2088b	  x2=0xa088d4f8
      98545.000 ns	      9853	800024fc	f00a8053	fmv.w.x	f0,x21	 x21:0x00000000  f0=0x00000000
      98565.000 ns	      9855	80002500	41c70833	sub	x16,x14,x28	 x14:0x0000011b x28:0x00000000 x16=0x0000011b
      98585.000 ns	      9857	80002504	212c0b53	fsgnj.s	f22,f24,f18	 f24:0x80000000 f18:0xbf800000 f22=0x80000000
      98605.000 ns	      9859	80002508	49a3f493	andi	x9,x7,1178	  x7:0x00000000  x9=0x00000000
      98935.000 ns	      9892	8000250c	181775d3	fdiv.s	f11,f14,f1	 f14:0x3cbdfd64  f1:0x4effffff f11=0x2d3dfd64
      98965.000 ns	      9895	80002510	a04e20d3	feq.s	x1,f28,f4	 f28:0x337f0000  f4:0x381ba3c0  x1=0x00000000
      98985.000 ns	      9897	80002514	013313b3	sll	x7,x6,x19	  x6:0x7fffffff x19:0x80000000  x7=0x7fffffff
      99025.000 ns	      9901	80002518	01b68fd3	fadd.s	f31,f13,f27	 f13:0x00000000 f27:0x7fc00000 f31=0x7fc00000
      99065.000 ns	      9905	8000251c	580b4653	fsqrt.s	f12,f22	 f22:0x80000000 f12=0x80000000
      99095.000 ns	      9908	80002520	a1479f53	flt.s	x30,f15,f20	 f15:0x7f800000 f20:0x441c4000 x30=0x00000000
      99125.000 ns	      9911	80002524	03c11e33	mulh	x28,x2,x28	  x2:0xa088d4f8 x28:0x00000000 x28=0x00000000
      99145.000 ns	      9913	80002528	01d96c33	or	x24,x18,x29	 x18:0xc00207f2 x29:0x80040fe4 x24=0xc0060ff6
      99155.000 ns	      9914	8000252c	9d5a7293	andi	x5,x20,-1579	 x20:0x00000000  x5=0x00000000
      99165.000 ns	      9915	80002530	00d999b3	sll	x19,x19,x13	 x19:0x80000000 x13:0xeea81000 x19=0x80000000
      99175.000 ns	      9916	80002534	e3667513	andi	x10,x12,-458	 x12:0x00000000 x10=0x00000000
      99195.000 ns	      9918	80002538	d003f353	fcvt.s.w	f6,x7	  x7:0x7fffffff  f6=0x4effffff
      99215.000 ns	      9920	8000253c	00ba5993	srli	x19,x20,0xb	 x20:0x00000000 x19=0x00000000
      99225.000 ns	      9921	80002540	b3487c13	andi	x24,x16,-1228	 x16:0x0000011b x24=0x00000110
      99585.000 ns	      9957	80002544	027e5ab3	divu	x21,x28,x7	 x28:0x00000000  x7:0x7fffffff x21=0x00000000
      99615.000 ns	      9960	80002548	282b9053	fmax.s	f0,f23,f2	 f23:0x337f0000  f2:0x7f800000  f0=0x7f800000
      99635.000 ns	      9962	8000254c	01c7adb3	slt	x27,x15,x28	 x15:0xfafeddbe x28:0x00000000 x27=0x00000001
      99965.000 ns	      9995	80002550	194939d3	fdiv.s	f19,f18,f20	 f18:0xbf800000 f20:0x441c4000 f19=0xbac8e45e
     100335.000 ns	     10032	80002554	0276cc33	div	x24,x13,x7	 x13:0xeea81000  x7:0x7fffffff x24=0x00000000
     100365.000 ns	     10035	80002558	20daafd3	fsgnjx.s	f31,f21,f13	 f21:0xcefff7e0 f13:0x00000000 f31=0xcefff7e0
     100395.000 ns	     10038	8000255c	a1c91cd3	flt.s	x25,f18,f28	 f18:0xbf800000 f28:0x337f0000 x25=0x00000001
     100415.000 ns	     10040	80002560	76d44017	auipc	x0,0x76d44	
     100445.000 ns	     10043	80002564	18a49a53	fdiv.s	f20,f9,f10	  f9:0x4f000000 f10:0x00000000 f20=0x7f800000
     100465.000 ns	     10045	80002568	01b55993	srli	x19,x10,0x1b	 x10:0x00000000 x19=0x00000000
     100485.000 ns	     10047	8000256c	28848d53	fmin.s	f26,f9,f8	  f9:0x4f000000  f8:0x80000000 f26=0x80000000
     100505.000 ns	     10049	80002570	57970d13	addi	x26,x14,1401	 x14:0x0000011b x26=0x00000694
     100515.000 ns	     10050	80002574	e2386a13	ori	x20,x16,-477	 x16:0x0000011b x20=0xffffff3b
     100535.000 ns	     10052	80002578	034d0733	mul	x14,x26,x20	 x26:0x00000001 x20:0x00000000 x14=0xfffaf01c
     100565.000 ns	     10055	8000257c	c01c7153	fcvt.wu.s	x2,f24	 f24:0x80000000  x2=0x00000000
     100585.000 ns	     10057	80002580	00679e33	sll	x28,x15,x6	 x15:0xfafeddbe  x6:0x7fffffff x28=0x00000000
     100605.000 ns	     10059	80002584	c01d7653	fcvt.wu.s	x12,f26	 f26:0x80000000 x12=0x00000000
     100975.000 ns	     10096	80002588	03fddc33	divu	x24,x27,x31	 x27:0x00000001 x31:0xfafeddbe x24=0x00000000
     101005.000 ns	     10099	8000258c	03efc4b3	div	x9,x31,x30	 x31:0xfafeddbe x30:0x00000000  x9=0xffffffff
     101035.000 ns	     10102	80002590	28681a53	fmax.s	f20,f16,f6	 f16:0x7fc00000  f6:0x4effffff f20=0x4effffff
     101065.000 ns	     10105	80002594	28ba9d53	fmax.s	f26,f21,f11	 f21:0xcefff7e0 f11:0x2d3dfd64 f26=0x2d3dfd64
     101085.000 ns	     10107	80002598	01f50633	add	x12,x10,x31	 x10:0x00000000 x31:0xfafeddbe x12=0xfafeddbe
     101095.000 ns	     10108	8000259c	01cfd093	srli	x1,x31,0x1c	 x31:0xfafeddbe  x1=0x0000000f
     101105.000 ns	     10109	800025a0	40da55b3	sra	x11,x20,x13	 x20:0xffffff3b x13:0xeea81000 x11=0xffffff3b
     101125.000 ns	     10111	800025a4	28b68fd3	fmin.s	f31,f13,f11	 f13:0x00000000 f11:0x2d3dfd64 f31=0x00000000
     101155.000 ns	     10114	800025a8	03060533	mul	x10,x12,x16	 x12:0xfafeddbe x16:0x0000011b x10=0x77bf210a
     101185.000 ns	     10117	800025ac	f0088c53	fmv.w.x	f24,x17	 x17:0x80041024 f24=0x80041024
     101215.000 ns	     10120	800025b0	c000c053	fcvt.w.s	x0,f1	  f1:0x4effffff
     101245.000 ns	     10123	800025b4	02b2adb3	mulhsu	x27,x5,x11	  x5:0x00000000 x11:0xffffff3b x27=0x00000000
     101615.000 ns	     10160	800025b8	03a84633	div	x12,x16,x26	 x16:0x0000011b x26:0x00000694 x12=0x00000000
     101635.000 ns	     10162	800025bc	9bde8193	addi	x3,x29,-1603	 x29:0x80040fe4  x3=0x800409a1
     101645.000 ns	     10163	800025c0	01c49e13	slli	x28,x9,0x1c	  x9:0xffffffff x28=0xf0000000
     101665.000 ns	     10165	800025c4	21f9a653	fsgnjx.s	f12,f19,f31	 f19:0xbac8e45e f31:0x00000000 f12=0xbac8e45e
     101695.000 ns	     10168	800025c8	a19685d3	fle.s	x11,f13,f25	 f13:0x00000000 f25:0x337f0000 x11=0x00000001
     101715.000 ns	     10170	800025cc	0019ecb3	or	x25,x19,x1	 x19:0x00000000  x1:0x0000000f x25=0x0000000f
     101725.000 ns	     10171	800025d0	0121eb33	or	x22,x3,x18	  x3:0x800409a1 x18:0xc00207f2 x22=0xc0060ff3
     101735.000 ns	     10172	800025d4	01881033	sll	x0,x16,x24	 x16:0x0000011b x24:0x00000000
     101755.000 ns	     10174	800025d8	28b983d3	fmin.s	f7,f19,f11	 f19:0xbac8e45e f11:0x2d3dfd64  f7=0xbac8e45e
     101785.000 ns	     10177	800025dc	e0049a53	fclass.s	x20,f9	  f9:0x4f000000 x20=0x00000040
     101825.000 ns	     10181	800025e0	18257653	fdiv.s	f12,f10,f2	 f10:0x00000000  f2:0x7f800000 f12=0x00000000
     101845.000 ns	     10183	800025e4	4094da93	srai	x21,x9,0x9	  x9:0xffffffff x21=0xffffffff
     101865.000 ns	     10185	800025e8	c0141253	fcvt.wu.s	x4,f8	  f8:0x80000000  x4=0x00000000
     101895.000 ns	     10188	800025ec	02cdc6b3	div	x13,x27,x12	 x27:0x00000000 x12:0x00000000 x13=0xffffffff
     101915.000 ns	     10190	800025f0	80b26993	ori	x19,x4,-2037	  x4:0x00000000 x19=0xfffff80b
     101925.000 ns	     10191	800025f4	007b1113	slli	x2,x22,0x7	 x22:0xc0060ff3  x2=0x0307f980
     101935.000 ns	     10192	800025f8	41e05b93	srai	x23,x0,0x1e	  x0:0x00000000 x23=0x00000000
     101975.000 ns	     10196	800025fc	0917c7d3	fsub.s	f15,f15,f17	 f15:0x7f800000 f17:0x337f0000 f15=0x7f800000
     102025.000 ns	     10201	80002600	09a2f853	fsub.s	f16,f5,f26	  f5:0xff800000 f26:0x2d3dfd64 f16=0xff800000
     102045.000 ns	     10203	80002604	01f7e033	or	x0,x15,x31	 x15:0xfafeddbe x31:0xfafeddbe
     102065.000 ns	     10205	80002608	d01b90d3	fcvt.s.wu	f1,x23	 x23:0x00000000  f1=0x00000000
     102095.000 ns	     10208	8000260c	03e71033	mulh	x0,x14,x30	 x14:0xfffaf01c x30:0x00000000
     102125.000 ns	     10211	80002610	f0028453	fmv.w.x	f8,x5	  x5:0x00000000  f8=0x00000000
     102145.000 ns	     10213	80002614	00000013	addi	x0,x0,0	  x0:0x00000000
     102175.000 ns	     10216	80002618	58007a53	fsqrt.s	f20,f0	  f0:0x7f800000 f20=0x7f800000
     102195.000 ns	     10218	8000261c	4f11a417	auipc	x8,0x4f11a	  x8=0xcf11c61c
     102205.000 ns	     10219	80002620	f8506a13	ori	x20,x0,-123	  x0:0x00000000 x20=0xffffff85
     102225.000 ns	     10221	80002624	e00c9c53	fclass.s	x24,f25	 f25:0x337f0000 x24=0x00000040
     102255.000 ns	     10224	80002628	20c89353	fsgnjn.s	f6,f17,f12	 f17:0x337f0000 f12:0x00000000  f6=0xb37f0000
     102275.000 ns	     10226	8000262c	76478617	auipc	x12,0x76478	 x12=0xf647a62c
     102285.000 ns	     10227	80002630	1cb325b7	lui	x11,0x1cb32	 x11=0x1cb32000
     102295.000 ns	     10228	80002634	2621a917	auipc	x18,0x2621a	 x18=0xa621c634
     102305.000 ns	     10229	80002638	1d394613	xori	x12,x18,467	 x18:0xc00207f2 x12=0xa621c7e7
     102315.000 ns	     10230	8000263c	40bcd733	sra	x14,x25,x11	 x25:0x0000000f x11:0x1cb32000 x14=0x0000000f
     102335.000 ns	     10232	80002640	20f62bd3	fsgnjx.s	f23,f12,f15	 f12:0x00000000 f15:0x7f800000 f23=0x00000000
     102705.000 ns	     10269	80002644	03a847b3	div	x15,x16,x26	 x16:0x0000011b x26:0x00000694 x15=0x00000000
     103075.000 ns	     10306	80002648	03d24b33	div	x22,x4,x29	  x4:0x00000000 x29:0x80040fe4 x22=0x00000000
     103105.000 ns	     10309	8000264c	03e39733	mulh	x14,x7,x30	  x7:0x7fffffff x30:0x00000000 x14=0x00000000
     103125.000 ns	     10311	80002650	00000013	addi	x0,x0,0	  x0:0x00000000
     103145.000 ns	     10313	80002654	e00984d3	fmv.x.w	x9,f19	 f19:0xbac8e45e  x9=0xbac8e45e
     103175.000 ns	     10316	80002658	28be8cd3	fmin.s	f25,f29,f11	 f29:0xce7ff7e1 f11:0x2d3dfd64 f25=0xce7ff7e1
     103195.000 ns	     10318	8000265c	db02d597	auipc	x11,0xdb02d	 x11=0x5b02f65c
     103215.000 ns	     10320	80002660	a0431d53	flt.s	x26,f6,f4	  f6:0xb37f0000  f4:0x381ba3c0 x26=0x00000001
     103235.000 ns	     10322	80002664	61918013	addi	x0,x3,1561	  x3:0x800409a1
     103245.000 ns	     10323	80002668	01e8b6b3	sltu	x13,x17,x30	 x17:0x80041024 x30:0x00000000 x13=0x00000000
     103255.000 ns	     10324	8000266c	00602b33	slt	x22,x0,x6	  x0:0x00000000  x6:0x7fffffff x22=0x00000001
     103265.000 ns	     10325	80002670	01f30133	add	x2,x6,x31	  x6:0x7fffffff x31:0xfafeddbe  x2=0x7afeddbd
     103625.000 ns	     10361	80002674	03fe44b3	div	x9,x28,x31	 x28:0xf0000000 x31:0xfafeddbe  x9=0x00000003
     103655.000 ns	     10364	80002678	035a84b3	mul	x9,x21,x21	 x21:0xffffffff x21:0xffffffff  x9=0x00000001
     103685.000 ns	     10367	8000267c	20c223d3	fsgnjx.s	f7,f4,f12	  f4:0x381ba3c0 f12:0x00000000  f7=0x381ba3c0
     103705.000 ns	     10369	80002680	01a8cf33	xor	x30,x17,x26	 x17:0x80041024 x26:0x00000001 x30=0x80041025
     103725.000 ns	     10371	80002684	e0039853	fclass.s	x16,f7	  f7:0x381ba3c0 x16=0x00000040
     103745.000 ns	     10373	80002688	00df7b33	and	x22,x30,x13	 x30:0x00000000 x13:0x00000000 x22=0x00000000
     103755.000 ns	     10374	8000268c	400e0833	sub	x16,x28,x0	 x28:0xf0000000  x0:0x00000000 x16=0xf0000000
     103775.000 ns	     10376	80002690	a0628253	fle.s	x4,f5,f6	  f5:0xff800000  f6:0xb37f0000  x4=0x00000001
     103805.000 ns	     10379	80002694	298c99d3	fmax.s	f19,f25,f24	 f25:0xce7ff7e1 f24:0x80041024 f19=0x80041024
     103835.000 ns	     10382	80002698	c011f4d3	fcvt.wu.s	x9,f3	  f3:0x337f0000  x9=0x00000000
     103855.000 ns	     10384	8000269c	0161aab3	slt	x21,x3,x22	  x3:0x800409a1 x22:0x00000000 x21=0x00000001
     103875.000 ns	     10386	800026a0	29710dd3	fmin.s	f27,f2,f23	  f2:0x7f800000 f23:0x00000000 f27=0x00000000
     103895.000 ns	     10388	800026a4	b25b0a37	lui	x20,0xb25b0	 x20=0xb25b0000
     103905.000 ns	     10389	800026a8	c0cce693	ori	x13,x25,-1012	 x25:0x0000000f x13=0xfffffc0f
     103925.000 ns	     10391	800026ac	e00c97d3	fclass.s	x15,f25	 f25:0xce7ff7e1 x15=0x00000002
     103945.000 ns	     10393	800026b0	01fa8333	add	x6,x21,x31	 x21:0x00000001 x31:0xfafeddbe  x6=0xfafeddbf
     103965.000 ns	     10395	800026b4	02f51133	mulh	x2,x10,x15	 x10:0x77bf210a x15:0x00000002  x2=0x00000000
     103995.000 ns	     10398	800026b8	a0388653	fle.s	x12,f17,f3	 f17:0x337f0000  f3:0x337f0000 x12=0x00000001
     104015.000 ns	     10400	800026bc	001a4133	xor	x2,x20,x1	 x20:0xb25b0000  x1:0x0000000f  x2=0xb25b000f
     104035.000 ns	     10402	800026c0	028495b3	mulh	x11,x9,x8	  x9:0x00000000  x8:0xcf11c61c x11=0x00000000
     104065.000 ns	     10405	800026c4	03e9ba33	mulhu	x20,x19,x30	 x19:0xfffff80b x30:0x80041025 x20=0x80040c2a
     104095.000 ns	     10408	800026c8	c0157853	fcvt.wu.s	x16,f10	 f10:0x00000000 x16=0x00000000
     104115.000 ns	     10410	800026cc	013f1313	slli	x6,x30,0x13	 x30:0x80041025  x6=0x81280000
     104135.000 ns	     10412	800026d0	024aa633	mulhsu	x12,x21,x4	 x21:0x00000001  x4:0x00000001 x12=0x00000000
     104165.000 ns	     10415	800026d4	a007a1d3	feq.s	x3,f15,f0	 f15:0x7f800000  f0:0x7f800000  x3=0x00000001
     104535.000 ns	     10452	800026d8	021ede33	divu	x28,x29,x1	 x29:0x80040fe4  x1:0x0000000f x28=0x0888cddc
     104555.000 ns	     10454	800026dc	01863b33	sltu	x22,x12,x24	 x12:0x00000000 x24:0x00000040 x22=0x00000001
     104565.000 ns	     10455	800026e0	eaf02813	slti	x16,x0,-337	  x0:0x00000000 x16=0x00000000
     104595.000 ns	     10458	800026e4	19968553	fdiv.s	f10,f13,f25	 f13:0x00000000 f25:0xce7ff7e1 f10=0x80000000
     104625.000 ns	     10461	800026e8	d01ef4d3	fcvt.s.wu	f9,x29	 x29:0x80040fe4  f9=0x4f00040f
     104645.000 ns	     10463	800026ec	0133d993	srli	x19,x7,0x13	  x7:0x7fffffff x19=0x00000fff
     104675.000 ns	     10466	800026f0	10477653	fmul.s	f12,f14,f4	 f14:0x3cbdfd64  f4:0x381ba3c0 f12=0x356703e4
     104705.000 ns	     10469	800026f4	c014f753	fcvt.wu.s	x14,f9	  f9:0x4f00040f x14=0x80040f00
     104735.000 ns	     10472	800026f8	c01a7653	fcvt.wu.s	x12,f20	 f20:0x7f800000 x12=0xffffffff
     104765.000 ns	     10475	800026fc	c0037953	fcvt.w.s	x18,f6	  f6:0xb37f0000 x18=0x00000000
     104785.000 ns	     10477	80002700	ed9c7093	andi	x1,x24,-295	 x24:0x00000040  x1=0x00000040
     104805.000 ns	     10479	80002704	03b07e33	remu	x28,x0,x27	  x0:0x00000000 x27:0x00000000 x28=0x00000000
     104825.000 ns	     10481	80002708	00141a13	slli	x20,x8,0x1	  x8:0xcf11c61c x20=0x9e238c38
     104855.000 ns	     10484	8000270c	19b7f0d3	fdiv.s	f1,f15,f27	 f15:0x7f800000 f27:0x00000000  f1=0x7f800000
     104885.000 ns	     10487	80002710	e0000653	fmv.x.w	x12,f0	  f0:0x7f800000 x12=0x7f800000
     104905.000 ns	     10489	80002714	00f81d33	sll	x26,x16,x15	 x16:0x00000000 x15:0x00000002 x26=0x00000000
     104925.000 ns	     10491	80002718	a0862853	feq.s	x16,f12,f8	 f12:0x356703e4  f8:0x00000000 x16=0x00000000
     104965.000 ns	     10495	8000271c	10257ed3	fmul.s	f29,f10,f2	 f10:0x80000000  f2:0x7f800000 f29=0x7fc00000
     104995.000 ns	     10498	80002720	03c0bbb3	mulhu	x23,x1,x28	  x1:0x00000040 x28:0x00000000 x23=0x00000000
     105015.000 ns	     10500	80002724	35cbf797	auipc	x15,0x35cbf	 x15=0xb5cc1724
     105025.000 ns	     10501	80002728	00de0c33	add	x24,x28,x13	 x28:0x00000000 x13:0xfffffc0f x24=0xfffffc0f
     105045.000 ns	     10503	8000272c	0297b4b3	mulhu	x9,x15,x9	 x15:0x00000002  x9:0x00000000  x9=0x00000000
     105085.000 ns	     10507	80002730	11ad75d3	fmul.s	f11,f26,f26	 f26:0x2d3dfd64 f26:0x2d3dfd64 f11=0x1b0d0020
     105105.000 ns	     10509	80002734	00573133	sltu	x2,x14,x5	 x14:0x80040f00  x5:0x00000000  x2=0x00000000
     105115.000 ns	     10510	80002738	e5011b17	auipc	x22,0xe5011	 x22=0x65013738
     105125.000 ns	     10511	8000273c	4058d313	srai	x6,x17,0x5	 x17:0x80041024  x6=0xfc002081
     105145.000 ns	     10513	80002740	d00e8ed3	fcvt.s.w	f29,x29	 x29:0x80040fe4 f29=0xcefff7e0
     105175.000 ns	     10516	80002744	e00a1153	fclass.s	x2,f20	 f20:0x7f800000  x2=0x00000080
     105215.000 ns	     10520	80002748	1061fc53	fmul.s	f24,f3,f6	  f3:0x337f0000  f6:0xb37f0000 f24=0xa77e0100
     105245.000 ns	     10523	8000274c	296c02d3	fmin.s	f5,f24,f22	 f24:0x80041024 f22:0x80000000  f5=0xa77e0100
     105265.000 ns	     10525	80002750	0085f2b3	and	x5,x11,x8	 x11:0x00000000  x8:0xcf11c61c  x5=0x00000000
     105285.000 ns	     10527	80002754	02082cb3	mulhsu	x25,x16,x0	 x16:0x00000000  x0:0x00000000 x25=0x00000000
     105305.000 ns	     10529	80002758	84517ab7	lui	x21,0x84517	 x21=0x84517000
     105325.000 ns	     10531	8000275c	e00497d3	fclass.s	x15,f9	  f9:0x4f00040f x15=0x00000040
     105355.000 ns	     10534	80002760	f0010253	fmv.w.x	f4,x2	  x2:0x00000080  f4=0x00000080
     105385.000 ns	     10537	80002764	202197d3	fsgnjn.s	f15,f3,f2	  f3:0x337f0000  f2:0x7f800000 f15=0xb37f0000
     105755.000 ns	     10574	80002768	036d5f33	divu	x30,x26,x22	 x26:0x00000000 x22:0x65013738 x30=0x00000000
     105775.000 ns	     10576	8000276c	014966b3	or	x13,x18,x20	 x18:0x00000000 x20:0x9e238c38 x13=0x9e238c38
     105785.000 ns	     10577	80002770	01ac6db3	or	x27,x24,x26	 x24:0xfffffc0f x26:0x00000000 x27=0xfffffc0f
     106145.000 ns	     10613	80002774	036f7c33	remu	x24,x30,x22	 x30:0x00000000 x22:0x65013738 x24=0x00000000
     106175.000 ns	     10616	80002778	c01c75d3	fcvt.wu.s	x11,f24	 f24:0xa77e0100 x11=0x00000000
     106195.000 ns	     10618	8000277c	0068ea33	or	x20,x17,x6	 x17:0x80041024  x6:0xfc002081 x20=0xfc0430a5
     106205.000 ns	     10619	80002780	013c1233	sll	x4,x24,x19	 x24:0x00000000 x19:0x00000fff  x4=0x00000000
     106225.000 ns	     10621	80002784	286d8853	fmin.s	f16,f27,f6	 f27:0x00000000  f6:0xb37f0000 f16=0xb37f0000
     106245.000 ns	     10623	80002788	0072dc33	srl	x24,x5,x7	  x5:0x00000000  x7:0x7fffffff x24=0x00000000
     106255.000 ns	     10624	8000278c	00da3a33	sltu	x20,x20,x13	 x20:0xfc0430a5 x13:0x9e238c38 x20=0x00000000
     106285.000 ns	     10627	80002790	11d47a53	fmul.s	f20,f8,f29	  f8:0x00000000 f29:0xcefff7e0 f20=0x80000000
     106325.000 ns	     10631	80002794	5802ffd3	fsqrt.s	f31,f5	  f5:0xa77e0100 f31=0x7fc00000
     106345.000 ns	     10633	80002798	40fbd093	srai	x1,x23,0xf	 x23:0x00000000  x1=0x00000000
     106355.000 ns	     10634	8000279c	40670b33	sub	x22,x14,x6	 x14:0x80040f00  x6:0xfc002081 x22=0x8403ee7f
     106375.000 ns	     10636	800027a0	0222ad33	mulhsu	x26,x5,x2	  x5:0x00000000  x2:0x00000080 x26=0x00000000
     106425.000 ns	     10641	800027a4	080618d3	fsub.s	f17,f12,f0	 f12:0x356703e4  f0:0x7f800000 f17=0xff800000
     106465.000 ns	     10645	800027a8	19647353	fdiv.s	f6,f8,f22	  f8:0x00000000 f22:0x80000000  f6=0x7fc00000
     106485.000 ns	     10647	800027ac	01159833	sll	x16,x11,x17	 x11:0x00000000 x17:0x80041024 x16=0x00000000
     106505.000 ns	     10649	800027b0	03a29233	mulh	x4,x5,x26	  x5:0x00000000 x26:0x00000000  x4=0x00000000
     106525.000 ns	     10651	800027b4	500cbdb7	lui	x27,0x500cb	 x27=0x500cb000
     106535.000 ns	     10652	800027b8	00000013	addi	x0,x0,0	  x0:0x00000000
     106545.000 ns	     10653	800027bc	01c61533	sll	x10,x12,x28	 x12:0x7f800000 x28:0x00000000 x10=0x7f800000
     106555.000 ns	     10654	800027c0	015ba533	slt	x10,x23,x21	 x23:0x00000000 x21:0x84517000 x10=0x00000000
     106565.000 ns	     10655	800027c4	55d8c313	xori	x6,x17,1373	 x17:0x80041024  x6=0x80041579
     106585.000 ns	     10657	800027c8	c002fbd3	fcvt.w.s	x23,f5	  f5:0xa77e0100 x23=0x00000000
     106615.000 ns	     10660	800027cc	d0023d53	fcvt.s.w	f26,x4	  x4:0x00000000 f26=0x00000000
     106645.000 ns	     10663	800027d0	d003a653	fcvt.s.w	f12,x7	  x7:0x7fffffff f12=0x4f000000
     106665.000 ns	     10665	800027d4	00b559b3	srl	x19,x10,x11	 x10:0x00000000 x11:0x00000000 x19=0x00000000
     106675.000 ns	     10666	800027d8	9c3fa813	slti	x16,x31,-1597	 x31:0xfafeddbe x16=0x00000001
     106695.000 ns	     10668	800027dc	a1881dd3	flt.s	x27,f16,f24	 f16:0xb37f0000 f24:0xa77e0100 x27=0x00000001
     106725.000 ns	     10671	800027e0	023a1e33	mulh	x28,x20,x3	 x20:0x00000000  x3:0x00000001 x28=0x00000000
     106755.000 ns	     10674	800027e4	e00209d3	fmv.x.w	x19,f4	  f4:0x00000080 x19=0x00000080
     106775.000 ns	     10676	800027e8	016a39b3	sltu	x19,x20,x22	 x20:0x00000000 x22:0x8403ee7f x19=0x00000001
     106785.000 ns	     10677	800027ec	46562537	lui	x10,0x46562	 x10=0x46562000
     106815.000 ns	     10680	800027f0	10777e53	fmul.s	f28,f14,f7	 f14:0x3cbdfd64  f7:0x381ba3c0 f28=0x356703e4
     106835.000 ns	     10682	800027f4	01ffab33	slt	x22,x31,x31	 x31:0xfafeddbe x31:0xfafeddbe x22=0x00000000
     106855.000 ns	     10684	800027f8	c017cd53	fcvt.wu.s	x26,f15	 f15:0xb37f0000 x26=0x00000000
     106895.000 ns	     10688	800027fc	58040653	fsqrt.s	f12,f8	  f8:0x00000000 f12=0x00000000
     106925.000 ns	     10691	80002800	0247aa33	mulhsu	x20,x15,x4	 x15:0x00000040  x4:0x00000000 x20=0x00000000
     106965.000 ns	     10695	80002804	1007fa53	fmul.s	f20,f15,f0	 f15:0xb37f0000  f0:0x7f800000 f20=0xff800000
     106995.000 ns	     10698	80002808	28c09753	fmax.s	f14,f1,f12	  f1:0x7f800000 f12:0x00000000 f14=0x7f800000
     107015.000 ns	     10700	8000280c	01bb67b3	or	x15,x22,x27	 x22:0x00000000 x27:0x00000001 x15=0x00000001
     107025.000 ns	     10701	80002810	01e361b3	or	x3,x6,x30	  x6:0x80041579 x30:0x00000000  x3=0x80041579
     107045.000 ns	     10703	80002814	02d09cb3	mulh	x25,x1,x13	  x1:0x00000000 x13:0x9e238c38 x25=0x00000000
     107065.000 ns	     10705	80002818	019c1b13	slli	x22,x24,0x19	 x24:0x00000000 x22=0x00000000
     107085.000 ns	     10707	8000281c	e0048653	fmv.x.w	x12,f9	  f9:0x4f00040f x12=0x4f00040f
     107105.000 ns	     10709	80002820	00fd8633	add	x12,x27,x15	 x27:0x00000001 x15:0x00000001 x12=0x00000002
     107125.000 ns	     10711	80002824	a1f19353	flt.s	x6,f3,f31	  f3:0x337f0000 f31:0x7fc00000  x6=0x00000000
     107155.000 ns	     10714	80002828	025b7db3	remu	x27,x22,x5	 x22:0x00000000  x5:0x00000000 x27=0x00000000
     107185.000 ns	     10717	8000282c	d0167c53	fcvt.s.wu	f24,x12	 x12:0x00000002 f24=0x40000000
     107205.000 ns	     10719	80002830	01c39913	slli	x18,x7,0x1c	  x7:0x7fffffff x18=0xf0000000
     107225.000 ns	     10721	80002834	d01bf153	fcvt.s.wu	f2,x23	 x23:0x00000000  f2=0x00000000
     107255.000 ns	     10724	80002838	02313c33	mulhu	x24,x2,x3	  x2:0x00000080  x3:0x80041579 x24=0x00000040
     107275.000 ns	     10726	8000283c	019f9c33	sll	x24,x31,x25	 x31:0xfafeddbe x25:0x00000000 x24=0xfafeddbe
     107295.000 ns	     10728	80002840	217d2ed3	fsgnjx.s	f29,f26,f23	 f26:0x00000000 f23:0x00000000 f29=0x00000000
     107325.000 ns	     10731	80002844	a0e5add3	feq.s	x27,f11,f14	 f11:0x1b0d0020 f14:0x7f800000 x27=0x00000000
     107355.000 ns	     10734	80002848	212d94d3	fsgnjn.s	f9,f27,f18	 f27:0x00000000 f18:0xbf800000  f9=0x00000000
     107375.000 ns	     10736	8000284c	9d764917	auipc	x18,0x9d764	 x18=0x1d76684c
     107385.000 ns	     10737	80002850	00fa53b3	srl	x7,x20,x15	 x20:0x00000000 x15:0x00000001  x7=0x00000000
     107405.000 ns	     10739	80002854	a0168dd3	fle.s	x27,f13,f1	 f13:0x00000000  f1:0x7f800000 x27=0x00000001
     107425.000 ns	     10741	80002858	002f81b3	add	x3,x31,x2	 x31:0xfafeddbe  x2:0x00000080  x3=0xfafede3e
     107455.000 ns	     10744	8000285c	580e8c53	fsqrt.s	f24,f29	 f29:0x00000000 f24=0x00000000
     107495.000 ns	     10748	80002860	109a2653	fmul.s	f12,f20,f9	 f20:0xff800000  f9:0x00000000 f12=0x7fc00000
     107525.000 ns	     10751	80002864	03510033	mul	x0,x2,x21	  x2:0x00000080 x21:0x84517000
     107545.000 ns	     10753	80002868	0189df33	srl	x30,x19,x24	 x19:0x00000001 x24:0xfafeddbe x30=0x00000000
     107555.000 ns	     10754	8000286c	4195dc13	srai	x24,x11,0x19	 x11:0x00000000 x24=0x00000000
     107575.000 ns	     10756	80002870	c014ff53	fcvt.wu.s	x30,f9	  f9:0x00000000 x30=0x00000000
     107625.000 ns	     10761	80002874	004efcd3	fadd.s	f25,f29,f4	 f29:0x00000000  f4:0x00000080 f25=0x00000080
     107645.000 ns	     10763	80002878	40a18533	sub	x10,x3,x10	  x3:0xfafede3e x10:0x46562000 x10=0xb4a8be3e
     107675.000 ns	     10766	8000287c	191f71d3	fdiv.s	f3,f30,f17	 f30:0x4f800000 f17:0xff800000  f3=0x80000000
     108045.000 ns	     10803	80002880	02ca5a33	divu	x20,x20,x12	 x20:0x00000000 x12:0x00000002 x20=0x00000000
     108065.000 ns	     10805	80002884	019a23b3	slt	x7,x20,x25	 x20:0x00000000 x25:0x00000000  x7=0x00000000
     108085.000 ns	     10807	80002888	037c0233	mul	x4,x24,x23	 x24:0x00000000 x23:0x00000000  x4=0x00000000
     108105.000 ns	     10809	8000288c	40158633	sub	x12,x11,x1	 x11:0x00000000  x1:0x00000000 x12=0x00000000
     108115.000 ns	     10810	80002890	011a9a33	sll	x20,x21,x17	 x21:0x84517000 x17:0x80041024 x20=0x45170000
     108125.000 ns	     10811	80002894	403e8db3	sub	x27,x29,x3	 x29:0x80040fe4  x3:0xfafede3e x27=0x850531a6
     108145.000 ns	     10813	80002898	21c61e53	fsgnjn.s	f28,f12,f28	 f12:0x7fc00000 f28:0x356703e4 f28=0xffc00000
     108175.000 ns	     10816	8000289c	f00f85d3	fmv.w.x	f11,x31	 x31:0xfafeddbe f11=0xfafeddbe
     108205.000 ns	     10819	800028a0	028c2933	mulhsu	x18,x24,x8	 x24:0x00000000  x8:0xcf11c61c x18=0x00000000
     108235.000 ns	     10822	800028a4	03c88bb3	mul	x23,x17,x28	 x17:0x80041024 x28:0x00000000 x23=0x00000000
     108265.000 ns	     10825	800028a8	20dd92d3	fsgnjn.s	f5,f27,f13	 f27:0x00000000 f13:0x00000000  f5=0x80000000
     108295.000 ns	     10828	800028ac	03acedb3	rem	x27,x25,x26	 x25:0x00000000 x26:0x00000000 x27=0x00000000
     108325.000 ns	     10831	800028b0	a18a20d3	feq.s	x1,f20,f24	 f20:0xff800000 f24:0x00000000  x1=0x00000000
     108355.000 ns	     10834	800028b4	e00e0453	fmv.x.w	x8,f28	 f28:0xffc00000  x8=0xffc00000
     108385.000 ns	     10837	800028b8	c0123a53	fcvt.wu.s	x20,f4	  f4:0x00000080 x20=0x00000000
     108405.000 ns	     10839	800028bc	8ffa8c13	addi	x24,x21,-1793	 x21:0x84517000 x24=0x845168ff
     108425.000 ns	     10841	800028c0	02bd6db3	rem	x27,x26,x11	 x26:0x00000000 x11:0x00000000 x27=0x00000000
     108455.000 ns	     10844	800028c4	0342a6b3	mulhsu	x13,x5,x20	  x5:0x00000000 x20:0x00000000 x13=0x00000000
     108485.000 ns	     10847	800028c8	c01dbb53	fcvt.wu.s	x22,f27	 f27:0x00000000 x22=0x00000000
     108515.000 ns	     10850	800028cc	03578133	mul	x2,x15,x21	 x15:0x00000001 x21:0x84517000  x2=0x84517000
     108535.000 ns	     10852	800028d0	41c85233	sra	x4,x16,x28	 x16:0x00000001 x28:0x00000000  x4=0x00000001
     108555.000 ns	     10854	800028d4	02da3933	mulhu	x18,x20,x13	 x20:0x00000000 x13:0x00000000 x18=0x00000000
     108585.000 ns	     10857	800028d8	20038e53	fsgnj.s	f28,f7,f0	  f7:0x381ba3c0  f0:0x7f800000 f28=0x381ba3c0
     108615.000 ns	     10860	800028dc	d01e0153	fcvt.s.wu	f2,x28	 x28:0x00000000  f2=0x00000000
     108645.000 ns	     10863	800028e0	28ff0fd3	fmin.s	f31,f30,f15	 f30:0x4f800000 f15:0xb37f0000 f31=0xb37f0000
     109015.000 ns	     10900	800028e4	02ecf2b3	remu	x5,x25,x14	 x25:0x00000000 x14:0x80040f00  x5=0x00000000
     109045.000 ns	     10903	800028e8	207d1f53	fsgnjn.s	f30,f26,f7	 f26:0x00000000  f7:0x381ba3c0 f30=0x80000000
     109075.000 ns	     10906	800028ec	219ea8d3	fsgnjx.s	f17,f29,f25	 f29:0x00000000 f25:0x00000080 f17=0x00000000
     109095.000 ns	     10908	800028f0	00000013	addi	x0,x0,0	  x0:0x00000000
     109115.000 ns	     10910	800028f4	02cbe1b3	rem	x3,x23,x12	 x23:0x00000000 x12:0x00000000  x3=0x00000000
     109165.000 ns	     10915	800028f8	00597c53	fadd.s	f24,f18,f5	 f18:0xbf800000  f5:0x80000000 f24=0xbf800000
     109195.000 ns	     10918	800028fc	212201d3	fsgnj.s	f3,f4,f18	  f4:0x00000080 f18:0xbf800000  f3=0x80000080
     109225.000 ns	     10921	80002900	d00c8553	fcvt.s.w	f10,x25	 x25:0x00000000 f10=0x00000000
     109255.000 ns	     10924	80002904	0325f5b3	remu	x11,x11,x18	 x11:0x00000000 x18:0x00000000 x11=0x00000000
     109275.000 ns	     10926	80002908	014c7133	and	x2,x24,x20	 x24:0x845168ff x20:0x00000000  x2=0x00000000
     109635.000 ns	     10962	8000290c	02ffe633	rem	x12,x31,x15	 x31:0xfafeddbe x15:0x00000001 x12=0x00000000
     109665.000 ns	     10965	80002910	212a2553	fsgnjx.s	f10,f20,f18	 f20:0xff800000 f18:0xbf800000 f10=0x7f800000
     109695.000 ns	     10968	80002914	e00f0a53	fmv.x.w	x20,f30	 f30:0x80000000 x20=0x80000000
     109725.000 ns	     10971	80002918	a0efa253	feq.s	x4,f31,f14	 f31:0xb37f0000 f14:0x7f800000  x4=0x00000000
     109745.000 ns	     10973	8000291c	40f2d533	sra	x10,x5,x15	  x5:0x00000000 x15:0x00000001 x10=0x00000000
     109755.000 ns	     10974	80002920	eddf3f13	sltiu	x30,x30,-291	 x30:0x00000000 x30=0x00000001
     109775.000 ns	     10976	80002924	f00b0853	fmv.w.x	f16,x22	 x22:0x00000000 f16=0x00000000
     109815.000 ns	     10980	80002928	11a58fd3	fmul.s	f31,f11,f26	 f11:0xfafeddbe f26:0x00000000 f31=0x80000000
     109835.000 ns	     10982	8000292c	00c8edb3	or	x27,x17,x12	 x17:0x80041024 x12:0x00000000 x27=0x80041024
     109855.000 ns	     10984	80002930	21119dd3	fsgnjn.s	f27,f3,f17	  f3:0x80000080 f17:0x00000000 f27=0x80000080
     109905.000 ns	     10989	80002934	098901d3	fsub.s	f3,f18,f24	 f18:0xbf800000 f24:0xbf800000  f3=0x00000000
     109935.000 ns	     10992	80002938	e0061ad3	fclass.s	x21,f12	 f12:0x7fc00000 x21=0x00000200
     109955.000 ns	     10994	8000293c	e701b0b7	lui	x1,0xe701b	  x1=0xe701b000
     109975.000 ns	     10996	80002940	c0004cd3	fcvt.w.s	x25,f0	  f0:0x7f800000 x25=0x7fffffff
     110345.000 ns	     11033	80002944	03fa4d33	div	x26,x20,x31	 x20:0x80000000 x31:0xfafeddbe x26=0x00000019
     110365.000 ns	     11035	80002948	00e88433	add	x8,x17,x14	 x17:0x80041024 x14:0x80040f00  x8=0x00081f24
     110385.000 ns	     11037	8000294c	023ced33	rem	x26,x25,x3	 x25:0x7fffffff  x3:0x00000000 x26=0x7fffffff
     110405.000 ns	     11039	80002950	002daa33	slt	x20,x27,x2	 x27:0x80041024  x2:0x00000000 x20=0x00000001
     110425.000 ns	     11041	80002954	29ad1253	fmax.s	f4,f26,f26	 f26:0x00000000 f26:0x00000000  f4=0x00000000
     110455.000 ns	     11044	80002958	c000c553	fcvt.w.s	x10,f1	  f1:0x7f800000 x10=0x7fffffff
     110475.000 ns	     11046	8000295c	00a5e5b3	or	x11,x11,x10	 x11:0x00000000 x10:0x00000000 x11=0x7fffffff
     110495.000 ns	     11048	80002960	f0030753	fmv.w.x	f14,x6	  x6:0x00000000 f14=0x00000000
     110515.000 ns	     11050	80002964	00f98d33	add	x26,x19,x15	 x19:0x00000001 x15:0x00000001 x26=0x00000002
     110535.000 ns	     11052	80002968	f0068553	fmv.w.x	f10,x13	 x13:0x00000000 f10=0x00000000
     110565.000 ns	     11055	8000296c	29ec8553	fmin.s	f10,f25,f30	 f25:0x00000080 f30:0x80000000 f10=0x80000000
     110585.000 ns	     11057	80002970	40b05393	srai	x7,x0,0xb	  x0:0x00000000  x7=0x00000000
     110605.000 ns	     11059	80002974	f0068853	fmv.w.x	f16,x13	 x13:0x00000000 f16=0x00000000
     110635.000 ns	     11062	80002978	e00281d3	fmv.x.w	x3,f5	  f5:0x80000000  x3=0x80000000
     110665.000 ns	     11065	8000297c	28561053	fmax.s	f0,f12,f5	 f12:0x7fc00000  f5:0x80000000  f0=0x80000000
     110685.000 ns	     11067	80002980	0e8a6d93	ori	x27,x20,232	 x20:0x00000001 x27=0x000000e9
     110715.000 ns	     11070	80002984	18b54653	fdiv.s	f12,f10,f11	 f10:0x80000000 f11:0xfafeddbe f12=0x00000000
     110735.000 ns	     11072	80002988	e8269d97	auipc	x27,0xe8269	 x27=0x6826b988
     110755.000 ns	     11074	8000298c	20a42ad3	fsgnjx.s	f21,f8,f10	  f8:0x00000000 f10:0x80000000 f21=0x80000000
     110795.000 ns	     11078	80002990	198376d3	fdiv.s	f13,f6,f24	  f6:0x7fc00000 f24:0xbf800000 f13=0x7fc00000
     110815.000 ns	     11080	80002994	017a5233	srl	x4,x20,x23	 x20:0x00000001 x23:0x00000000  x4=0x00000001
     110835.000 ns	     11082	80002998	c01892d3	fcvt.wu.s	x5,f17	 f17:0x00000000  x5=0x00000000
     110875.000 ns	     11086	8000299c	58012b53	fsqrt.s	f22,f2	  f2:0x00000000 f22=0x00000000
     110895.000 ns	     11088	800029a0	1c1bca93	xori	x21,x23,449	 x23:0x00000000 x21=0x000001c1
     110915.000 ns	     11090	800029a4	20c4a3d3	fsgnjx.s	f7,f9,f12	  f9:0x00000000 f12:0x00000000  f7=0x00000000
     110935.000 ns	     11092	800029a8	0021e7b3	or	x15,x3,x2	  x3:0x80000000  x2:0x00000000 x15=0x80000000
     111295.000 ns	     11128	800029ac	02f76933	rem	x18,x14,x15	 x14:0x80040f00 x15:0x00000001 x18=0x80040f00
     111315.000 ns	     11130	800029b0	a4cb4993	xori	x19,x22,-1460	 x22:0x00000000 x19=0xfffffa4c
     111335.000 ns	     11132	800029b4	a18c8b53	fle.s	x22,f25,f24	 f25:0x00000080 f24:0xbf800000 x22=0x00000000
     111365.000 ns	     11135	800029b8	20802ed3	fsgnjx.s	f29,f0,f8	  f0:0x80000000  f8:0x00000000 f29=0x80000000
     111395.000 ns	     11138	800029bc	29fb06d3	fmin.s	f13,f22,f31	 f22:0x00000000 f31:0x80000000 f13=0x80000000
     111415.000 ns	     11140	800029c0	2fdd7237	lui	x4,0x2fdd7	  x4=0x2fdd7000
     111435.000 ns	     11142	800029c4	20d72e53	fsgnjx.s	f28,f14,f13	 f14:0x00000000 f13:0x80000000 f28=0x80000000
     111465.000 ns	     11145	800029c8	a0579153	flt.s	x2,f15,f5	 f15:0xb37f0000  f5:0x80000000  x2=0x00000001
     111485.000 ns	     11147	800029cc	00000013	addi	x0,x0,0	  x0:0x00000000
     111495.000 ns	     11148	800029d0	90508813	addi	x16,x1,-1787	  x1:0xe701b000 x16=0xe701a905
     111515.000 ns	     11150	800029d4	c0147c53	fcvt.wu.s	x24,f8	  f8:0x00000000 x24=0x00000000
     111555.000 ns	     11154	800029d8	185a7a53	fdiv.s	f20,f20,f5	 f20:0xff800000  f5:0x80000000 f20=0x7f800000
     111585.000 ns	     11157	800029dc	f0010c53	fmv.w.x	f24,x2	  x2:0x00000001 f24=0x00000001
     111615.000 ns	     11160	800029e0	c000fcd3	fcvt.w.s	x25,f1	  f1:0x7f800000 x25=0x7fffffff
     111645.000 ns	     11163	800029e4	a1249653	flt.s	x12,f9,f18	  f9:0x00000000 f18:0xbf800000 x12=0x00000000
     111675.000 ns	     11166	800029e8	c00afcd3	fcvt.w.s	x25,f21	 f21:0x80000000 x25=0x00000000
     111695.000 ns	     11168	800029ec	41fdad13	slti	x26,x27,1055	 x27:0x6826b988 x26=0x00000000
     111735.000 ns	     11172	800029f0	01c600d3	fadd.s	f1,f12,f28	 f12:0x00000000 f28:0x80000000  f1=0x80000000
     111765.000 ns	     11175	800029f4	28f99c53	fmax.s	f24,f19,f15	 f19:0x80041024 f15:0xb37f0000 f24=0x80041024
     111795.000 ns	     11178	800029f8	d008ffd3	fcvt.s.w	f31,x17	 x17:0x80041024 f31=0xcefff7df
     111815.000 ns	     11180	800029fc	875f0593	addi	x11,x30,-1931	 x30:0x00000001 x11=0xfffff876
     111835.000 ns	     11182	80002a00	03aa9233	mulh	x4,x21,x26	 x21:0x000001c1 x26:0x00000000  x4=0x00000000
     111865.000 ns	     11185	80002a04	20dc1b53	fsgnjn.s	f22,f24,f13	 f24:0x80041024 f13:0x80000000 f22=0x00041024
     111885.000 ns	     11187	80002a08	01c65313	srli	x6,x12,0x1c	 x12:0x00000000  x6=0x00000000
     111905.000 ns	     11189	80002a0c	03701533	mulh	x10,x0,x23	  x0:0x00000000 x23:0x00000000 x10=0x00000000
     111935.000 ns	     11192	80002a10	a0522bd3	feq.s	x23,f4,f5	  f4:0x00000000  f5:0x80000000 x23=0x00000001
     111955.000 ns	     11194	80002a14	00000013	addi	x0,x0,0	  x0:0x00000000
     111975.000 ns	     11196	80002a18	03189333	mulh	x6,x17,x17	 x17:0x80041024 x17:0x80041024  x6=0x3ffbefec
     112005.000 ns	     11199	80002a1c	203b15d3	fsgnjn.s	f11,f22,f3	 f22:0x00041024  f3:0x00000000 f11=0x80041024
     112035.000 ns	     11202	80002a20	e0069f53	fclass.s	x30,f13	 f13:0x80000000 x30=0x00000008
     112065.000 ns	     11205	80002a24	e00a0653	fmv.x.w	x12,f20	 f20:0x7f800000 x12=0x7f800000
     112085.000 ns	     11207	80002a28	5fc2af13	slti	x30,x5,1532	  x5:0x00000000 x30=0x00000001
     112095.000 ns	     11208	80002a2c	1e60a493	slti	x9,x1,486	  x1:0xe701b000  x9=0x00000001
     112115.000 ns	     11210	80002a30	a0eb0ad3	fle.s	x21,f22,f14	 f22:0x00041024 f14:0x00000000 x21=0x00000000
     112135.000 ns	     11212	80002a34	00b31db3	sll	x27,x6,x11	  x6:0x3ffbefec x11:0xfffff876 x27=0xfb000000
     112145.000 ns	     11213	80002a38	fa8f3d93	sltiu	x27,x30,-88	 x30:0x00000001 x27=0x00000001
     112165.000 ns	     11215	80002a3c	023320b3	mulhsu	x1,x6,x3	  x6:0x3ffbefec  x3:0x80000000  x1=0x1ffdf7f6
     112535.000 ns	     11252	80002a40	026ac9b3	div	x19,x21,x6	 x21:0x00000000  x6:0x3ffbefec x19=0x00000000
     112565.000 ns	     11255	80002a44	20dd81d3	fsgnj.s	f3,f27,f13	 f27:0x80000080 f13:0x80000000  f3=0x80000080
     112585.000 ns	     11257	80002a48	7738ec13	ori	x24,x17,1907	 x17:0x80041024 x24=0x80041777
     112595.000 ns	     11258	80002a4c	0025bd33	sltu	x26,x11,x2	 x11:0xfffff876  x2:0x00000001 x26=0x00000000
     112605.000 ns	     11259	80002a50	00000013	addi	x0,x0,0	  x0:0x00000000
     112625.000 ns	     11261	80002a54	e00d1053	fclass.s	x0,f26	 f26:0x00000000
     112675.000 ns	     11266	80002a58	009672d3	fadd.s	f5,f12,f9	 f12:0x00000000  f9:0x00000000  f5=0x00000000
     112705.000 ns	     11269	80002a5c	d0132853	fcvt.s.wu	f16,x6	  x6:0x3ffbefec f16=0x4e7fefc0
     112725.000 ns	     11271	80002a60	1df3f6b7	lui	x13,0x1df3f	 x13=0x1df3f000
     112745.000 ns	     11273	80002a64	02ad7333	remu	x6,x26,x10	 x26:0x00000000 x10:0x00000000  x6=0x00000000
     112765.000 ns	     11275	80002a68	011a1c13	slli	x24,x20,0x11	 x20:0x00000001 x24=0x00020000
     112805.000 ns	     11279	80002a6c	08764353	fsub.s	f6,f12,f7	 f12:0x00000000  f7:0x00000000  f6=0x80000000
     112855.000 ns	     11284	80002a70	00593bd3	fadd.s	f23,f18,f5	 f18:0xbf800000  f5:0x00000000 f23=0xbf800000
     112895.000 ns	     11288	80002a74	5802f753	fsqrt.s	f14,f5	  f5:0x00000000 f14=0x00000000
     112925.000 ns	     11291	80002a78	a198a3d3	feq.s	x7,f17,f25	 f17:0x00000000 f25:0x00000080  x7=0x00000000
     112975.000 ns	     11296	80002a7c	08c99f53	fsub.s	f30,f19,f12	 f19:0x80041024 f12:0x00000000 f30=0x80041024
     112995.000 ns	     11298	80002a80	017ff433	and	x8,x31,x23	 x31:0xfafeddbe x23:0x00000001  x8=0x00000000
     113015.000 ns	     11300	80002a84	e0091653	fclass.s	x12,f18	 f18:0xbf800000 x12=0x00000002
     113355.000 ns	     11334	80002a88	193dfd53	fdiv.s	f26,f27,f19	 f27:0x80000080 f19:0x80041024 f26=0x3734b4b6
     113385.000 ns	     11337	80002a8c	21672c53	fsgnjx.s	f24,f14,f22	 f14:0x00000000 f22:0x00041024 f24=0x00000000
     113415.000 ns	     11340	80002a90	035421b3	mulhsu	x3,x8,x21	  x8:0x00000000 x21:0x00000000  x3=0x00000000
     113435.000 ns	     11342	80002a94	40055913	srai	x18,x10,0x0	 x10:0x00000000 x18=0x00000000
     113445.000 ns	     11343	80002a98	00000013	addi	x0,x0,0	  x0:0x00000000
     113455.000 ns	     11344	80002a9c	01a44c33	xor	x24,x8,x26	  x8:0x00000000 x26:0x00000000 x24=0x00000000
     113495.000 ns	     11348	80002aa0	013a25d3	fadd.s	f11,f20,f19	 f20:0x7f800000 f19:0x80041024 f11=0x7f800000
     113515.000 ns	     11350	80002aa4	01121713	slli	x14,x4,0x11	  x4:0x00000000 x14=0x00000000
     113545.000 ns	     11353	80002aa8	18a78853	fdiv.s	f16,f15,f10	 f15:0xb37f0000 f10:0x80000000 f16=0x7f800000
     113575.000 ns	     11356	80002aac	a1561d53	flt.s	x26,f12,f21	 f12:0x00000000 f21:0x80000000 x26=0x00000000
     113605.000 ns	     11359	80002ab0	f00b8553	fmv.w.x	f10,x23	 x23:0x00000001 f10=0x00000001
     113645.000 ns	     11363	80002ab4	5802c8d3	fsqrt.s	f17,f5	  f5:0x00000000 f17=0x00000000
     113665.000 ns	     11365	80002ab8	41d30db3	sub	x27,x6,x29	  x6:0x00000000 x29:0x80040fe4 x27=0x7ffbf01c
     113675.000 ns	     11366	80002abc	528ac093	xori	x1,x21,1320	 x21:0x00000000  x1=0x00000528
     113705.000 ns	     11369	80002ac0	113cf7d3	fmul.s	f15,f25,f19	 f25:0x00000080 f19:0x80041024 f15=0x80000000
     113735.000 ns	     11372	80002ac4	c0097553	fcvt.w.s	x10,f18	 f18:0xbf800000 x10=0x00000001
     113765.000 ns	     11375	80002ac8	c01df0d3	fcvt.wu.s	x1,f27	 f27:0x80000080  x1=0x00000000
     113795.000 ns	     11378	80002acc	f00f8753	fmv.w.x	f14,x31	 x31:0xfafeddbe f14=0xfafeddbe
     113825.000 ns	     11381	80002ad0	032d71b3	remu	x3,x26,x18	 x26:0x00000000 x18:0x00000000  x3=0x00000000
     113845.000 ns	     11383	80002ad4	64fb4213	xori	x4,x22,1615	 x22:0x00000000  x4=0x0000064f
     113855.000 ns	     11384	80002ad8	00990a33	add	x20,x18,x9	 x18:0x00000000  x9:0x00000001 x20=0x00000001
     113875.000 ns	     11386	80002adc	29e080d3	fmin.s	f1,f1,f30	  f1:0x80000000 f30:0x80041024  f1=0x80041024
     113895.000 ns	     11388	80002ae0	e65bc113	xori	x2,x23,-411	 x23:0x00000001  x2=0xfffffe64
     113905.000 ns	     11389	80002ae4	faf93c13	sltiu	x24,x18,-81	 x18:0x00000000 x24=0x00000001
     113925.000 ns	     11391	80002ae8	02532d33	mulhsu	x26,x6,x5	  x6:0x00000000  x5:0x00000000 x26=0x00000000
     113945.000 ns	     11393	80002aec	005ce4b3	or	x9,x25,x5	 x25:0x00000000  x5:0x00000000  x9=0x00000000
     113955.000 ns	     11394	80002af0	3cfe3997	auipc	x19,0x3cfe3	 x19=0xbcfe5af0
     113965.000 ns	     11395	80002af4	41910d33	sub	x26,x2,x25	  x2:0xfffffe64 x25:0x00000000 x26=0xfffffe64
     113975.000 ns	     11396	80002af8	00000013	addi	x0,x0,0	  x0:0x00000000
     113985.000 ns	     11397	80002afc	4fe6b913	sltiu	x18,x13,1278	 x13:0x1df3f000 x18=0x00000000
     114005.000 ns	     11399	80002b00	03f434b3	mulhu	x9,x8,x31	  x8:0x00000000 x31:0xfafeddbe  x9=0x00000000
     114025.000 ns	     11401	80002b04	00000013	addi	x0,x0,0	  x0:0x00000000
     114035.000 ns	     11402	80002b08	00601e33	sll	x28,x0,x6	  x0:0x00000000  x6:0x00000000 x28=0x00000000
     114055.000 ns	     11404	80002b0c	20dc8953	fsgnj.s	f18,f25,f13	 f25:0x00000080 f13:0x80000000 f18=0x80000080
     114085.000 ns	     11407	80002b10	039b6833	rem	x16,x22,x25	 x22:0x00000000 x25:0x00000000 x16=0x00000000
     114115.000 ns	     11410	80002b14	a1a79f53	flt.s	x30,f15,f26	 f15:0x80000000 f26:0x3734b4b6 x30=0x00000001
     114135.000 ns	     11412	80002b18	41cbd813	srai	x16,x23,0x1c	 x23:0x00000001 x16=0x00000000
     114155.000 ns	     11414	80002b1c	d0161253	fcvt.s.wu	f4,x12	 x12:0x00000002  f4=0x40000000
     114185.000 ns	     11417	80002b20	d00f3a53	fcvt.s.w	f20,x30	 x30:0x00000001 f20=0x3f800000
     114205.000 ns	     11419	80002b24	41347993	andi	x19,x8,1043	  x8:0x00000000 x19=0x00000000
     114225.000 ns	     11421	80002b28	0303aab3	mulhsu	x21,x7,x16	  x7:0x00000000 x16:0x00000000 x21=0x00000000
     114245.000 ns	     11423	80002b2c	412d5933	sra	x18,x26,x18	 x26:0xfffffe64 x18:0x00000000 x18=0xfffffe64
     114255.000 ns	     11424	80002b30	008485b3	add	x11,x9,x8	  x9:0x00000000  x8:0x00000000 x11=0x00000000
     114265.000 ns	     11425	80002b34	407f87b3	sub	x15,x31,x7	 x31:0xfafeddbe  x7:0x00000000 x15=0xfafeddbe
     114295.000 ns	     11428	80002b38	107b9653	fmul.s	f12,f23,f7	 f23:0xbf800000  f7:0x00000000 f12=0x80000000
     114315.000 ns	     11430	80002b3c	00ef16b3	sll	x13,x30,x14	 x30:0x00000001 x14:0x00000000 x13=0x00000001
     114675.000 ns	     11466	80002b40	02454333	div	x6,x10,x4	 x10:0x00000001  x4:0x0000064f  x6=0x00000000
     114695.000 ns	     11468	80002b44	d24840b7	lui	x1,0xd2484	  x1=0xd2484000
     114725.000 ns	     11471	80002b48	11d52e53	fmul.s	f28,f10,f29	 f10:0x00000001 f29:0x80000000 f28=0x80000000
     114745.000 ns	     11473	80002b4c	fb591017	auipc	x0,0xfb591	
     114765.000 ns	     11475	80002b50	21e10e53	fsgnj.s	f28,f2,f30	  f2:0x00000000 f30:0x80041024 f28=0x80000000
     115945.000 ns	     11593	80002b54	580d49d3	fsqrt.s	f19,f26	 f26:0x3734b4b6 f19=0x3aff8e46
     115975.000 ns	     11596	80002b58	f0078953	fmv.w.x	f18,x15	 x15:0xfafeddbe f18=0xfafeddbe
     115995.000 ns	     11598	80002b5c	40ad5793	srai	x15,x26,0xa	 x26:0xfffffe64 x15=0xffffffff
     116355.000 ns	     11634	80002b60	02c26933	rem	x18,x4,x12	  x4:0x0000064f x12:0x00000002 x18=0x00000001
     116385.000 ns	     11637	80002b64	d0174553	fcvt.s.wu	f10,x14	 x14:0x00000000 f10=0x00000000
     116755.000 ns	     11674	80002b68	031ec0b3	div	x1,x29,x17	 x29:0x80040fe4 x17:0x80041024  x1=0x00000001
     116775.000 ns	     11676	80002b6c	0134f933	and	x18,x9,x19	  x9:0x00000000 x19:0x00000000 x18=0x00000000
     116795.000 ns	     11678	80002b70	a1582bd3	feq.s	x23,f16,f21	 f16:0x7f800000 f21:0x80000000 x23=0x00000000
     116815.000 ns	     11680	80002b74	5495e093	ori	x1,x11,1353	 x11:0x00000000  x1=0x00000549
     116825.000 ns	     11681	80002b78	01316533	or	x10,x2,x19	  x2:0xfffffe64 x19:0x00000000 x10=0xfffffe64
     116845.000 ns	     11683	80002b7c	21351253	fsgnjn.s	f4,f10,f19	 f10:0x00000000 f19:0x3aff8e46  f4=0x80000000
     116875.000 ns	     11686	80002b80	d0127c53	fcvt.s.wu	f24,x4	  x4:0x0000064f f24=0x44c9e000
     116905.000 ns	     11689	80002b84	e0039cd3	fclass.s	x25,f7	  f7:0x00000000 x25=0x00000010
     116945.000 ns	     11693	80002b88	19924753	fdiv.s	f14,f4,f25	  f4:0x80000000 f25:0x00000080 f14=0x80000000
     116965.000 ns	     11695	80002b8c	d0d3f013	andi	x0,x7,-755	  x7:0x00000000
     117005.000 ns	     11699	80002b90	0956fbd3	fsub.s	f23,f13,f21	 f13:0x80000000 f21:0x80000000 f23=0x00000000
     117025.000 ns	     11701	80002b94	6e99b593	sltiu	x11,x19,1769	 x19:0x00000000 x11=0x00000001
     117035.000 ns	     11702	80002b98	26b1b713	sltiu	x14,x3,619	  x3:0x00000000 x14=0x00000001
     117055.000 ns	     11704	80002b9c	21002cd3	fsgnjx.s	f25,f0,f16	  f0:0x80000000 f16:0x7f800000 f25=0x80000000
     117075.000 ns	     11706	80002ba0	01201c33	sll	x24,x0,x18	  x0:0x00000000 x18:0x00000000 x24=0x00000000
     117085.000 ns	     11707	80002ba4	a4841d17	auipc	x26,0xa4841	 x26=0x24843ba4
     117095.000 ns	     11708	80002ba8	bb52edb7	lui	x27,0xbb52e	 x27=0xbb52e000
     117105.000 ns	     11709	80002bac	01da4833	xor	x16,x20,x29	 x20:0x00000001 x29:0x80040fe4 x16=0x80040fe5
     117125.000 ns	     11711	80002bb0	0288ee33	rem	x28,x17,x8	 x17:0x80041024  x8:0x00000000 x28=0x80041024
     117145.000 ns	     11713	80002bb4	92e78313	addi	x6,x15,-1746	 x15:0xffffffff  x6=0xfffff92d
     117165.000 ns	     11715	80002bb8	a1771a53	flt.s	x20,f14,f23	 f14:0x80000000 f23:0x00000000 x20=0x00000000
     117185.000 ns	     11717	80002bbc	b76a6b93	ori	x23,x20,-1162	 x20:0x00000001 x23=0xfffffb76
     117545.000 ns	     11753	80002bc0	03e6f4b3	remu	x9,x13,x30	 x13:0x00000001 x30:0x00000001  x9=0x00000000
     117575.000 ns	     11756	80002bc4	28ac1253	fmax.s	f4,f24,f10	 f24:0x44c9e000 f10:0x00000000  f4=0x44c9e000
     117605.000 ns	     11759	80002bc8	e0009f53	fclass.s	x30,f1	  f1:0x80041024 x30=0x00000004
     117635.000 ns	     11762	80002bcc	205081d3	fsgnj.s	f3,f1,f5	  f1:0x80041024  f5:0x00000000  f3=0x00041024
     117655.000 ns	     11764	80002bd0	0017bc33	sltu	x24,x15,x1	 x15:0xffffffff  x1:0x00000549 x24=0x00000000
     117665.000 ns	     11765	80002bd4	001c54b3	srl	x9,x24,x1	 x24:0x00000000  x1:0x00000549  x9=0x00000000
     117685.000 ns	     11767	80002bd8	03214c33	div	x24,x2,x18	  x2:0xfffffe64 x18:0x00000000 x24=0xffffffff
     117705.000 ns	     11769	80002bdc	01291bb3	sll	x23,x18,x18	 x18:0x00000000 x18:0x00000000 x23=0x00000000
     117735.000 ns	     11772	80002be0	103df553	fmul.s	f10,f27,f3	 f27:0x80000080  f3:0x00041024 f10=0x80000000
     117765.000 ns	     11775	80002be4	c00770d3	fcvt.w.s	x1,f14	 f14:0x80000000  x1=0x00000000
     117785.000 ns	     11777	80002be8	626f6c93	ori	x25,x30,1574	 x30:0x00000004 x25=0x00000626
     117805.000 ns	     11779	80002bec	c0117dd3	fcvt.wu.s	x27,f2	  f2:0x00000000 x27=0x00000000
     117825.000 ns	     11781	80002bf0	01383db3	sltu	x27,x16,x19	 x16:0x80040fe5 x19:0x00000000 x27=0x00000000
     118155.000 ns	     11814	80002bf4	1949f353	fdiv.s	f6,f19,f20	 f19:0x3aff8e46 f20:0x3f800000  f6=0x3aff8d7e
     118185.000 ns	     11817	80002bf8	287b1fd3	fmax.s	f31,f22,f7	 f22:0x00041024  f7:0x00000000 f31=0x00041024
     118215.000 ns	     11820	80002bfc	29b316d3	fmax.s	f13,f6,f27	  f6:0x3aff8d7e f27:0x80000080 f13=0x3aff8d7e
     118255.000 ns	     11824	80002c00	104bf253	fmul.s	f4,f23,f4	 f23:0x00000000  f4:0x44c9e000  f4=0x00000000
     118285.000 ns	     11827	80002c04	202c2ed3	fsgnjx.s	f29,f24,f2	 f24:0x44c9e000  f2:0x00000000 f29=0x44c9e000
     118315.000 ns	     11830	80002c08	298f0753	fmin.s	f14,f30,f24	 f30:0x80041024 f24:0x44c9e000 f14=0x80041024
     118345.000 ns	     11833	80002c0c	e00f1bd3	fclass.s	x23,f30	 f30:0x80041024 x23=0x00000004
     118375.000 ns	     11836	80002c10	c0011153	fcvt.w.s	x2,f2	  f2:0x00000000  x2=0x00000000
     118415.000 ns	     11840	80002c14	10dc7c53	fmul.s	f24,f24,f13	 f24:0x44c9e000 f13:0x3aff8d7e f24=0x404985b4
     118785.000 ns	     11877	80002c18	0308e3b3	rem	x7,x17,x16	 x17:0x80041024 x16:0x80040fe5  x7=0x80041024
     118805.000 ns	     11879	80002c1c	01117f33	and	x30,x2,x17	  x2:0x00000000 x17:0x80041024 x30=0x00000000
     118815.000 ns	     11880	80002c20	4d04fb17	auipc	x22,0x4d04f	 x22=0xcd051c20
     118835.000 ns	     11882	80002c24	e00302d3	fmv.x.w	x5,f6	  f6:0x3aff8d7e  x5=0x3aff8d7e
     118865.000 ns	     11885	80002c28	03e8a4b3	mulhsu	x9,x17,x30	 x17:0x80041024 x30:0x00000000  x9=0x00000000
     118885.000 ns	     11887	80002c2c	200c0b93	addi	x23,x24,512	 x24:0xffffffff x23=0x000001ff
     118905.000 ns	     11889	80002c30	e0070c53	fmv.x.w	x24,f14	 f14:0x80041024 x24=0x80041024
     118935.000 ns	     11892	80002c34	a107a653	feq.s	x12,f15,f16	 f15:0x80000000 f16:0x7f800000 x12=0x00000000
     118965.000 ns	     11895	80002c38	023a2e33	mulhsu	x28,x20,x3	 x20:0x00000000  x3:0x00000000 x28=0x00000000
     118995.000 ns	     11898	80002c3c	d00e0bd3	fcvt.s.w	f23,x28	 x28:0x80041024 f23=0x00000000
     119025.000 ns	     11901	80002c40	f00f0a53	fmv.w.x	f20,x30	 x30:0x00000000 f20=0x00000000
     119055.000 ns	     11904	80002c44	29d40a53	fmin.s	f20,f8,f29	  f8:0x00000000 f29:0x44c9e000 f20=0x00000000
     119085.000 ns	     11907	80002c48	d005c453	fcvt.s.w	f8,x11	 x11:0x00000001  f8=0x3f800000
     119125.000 ns	     11911	80002c4c	58087ad3	fsqrt.s	f21,f16	 f16:0x7f800000 f21=0x7f800000
     119165.000 ns	     11915	80002c50	191383d3	fdiv.s	f7,f7,f17	  f7:0x00000000 f17:0x00000000  f7=0x7fc00000
     119185.000 ns	     11917	80002c54	6df18513	addi	x10,x3,1759	  x3:0x00000000 x10=0x000006df
     119195.000 ns	     11918	80002c58	00fdcbb3	xor	x23,x27,x15	 x27:0x00000000 x15:0xffffffff x23=0xffffffff
     119215.000 ns	     11920	80002c5c	a12083d3	fle.s	x7,f1,f18	  f1:0x80041024 f18:0xfafeddbe  x7=0x00000000
     119235.000 ns	     11922	80002c60	0006d333	srl	x6,x13,x0	 x13:0x00000001  x0:0x00000000  x6=0x00000001
     119255.000 ns	     11924	80002c64	a1541b53	flt.s	x22,f8,f21	  f8:0x3f800000 f21:0x7f800000 x22=0x00000001
     119285.000 ns	     11927	80002c68	a1f983d3	fle.s	x7,f19,f31	 f19:0x3aff8e46 f31:0x00041024  x7=0x00000000
     119305.000 ns	     11929	80002c6c	01ae0433	add	x8,x28,x26	 x28:0x00000000 x26:0x24843ba4  x8=0x24843ba4
     119315.000 ns	     11930	80002c70	00f2eab3	or	x21,x5,x15	  x5:0x3aff8d7e x15:0xffffffff x21=0xffffffff
     119325.000 ns	     11931	80002c74	00000013	addi	x0,x0,0	  x0:0x00000000
     119345.000 ns	     11933	80002c78	021eb3b3	mulhu	x7,x29,x1	 x29:0x80040fe4  x1:0x00000000  x7=0x00000000
     119365.000 ns	     11935	80002c7c	5f254a93	xori	x21,x10,1522	 x10:0x000006df x21=0x0000032d
     119375.000 ns	     11936	80002c80	019ccdb3	xor	x27,x25,x25	 x25:0x00000626 x25:0x00000626 x27=0x00000000
     119385.000 ns	     11937	80002c84	002c0333	add	x6,x24,x2	 x24:0x80041024  x2:0x00000000  x6=0x80041024
     119405.000 ns	     11939	80002c88	a09a1dd3	flt.s	x27,f20,f9	 f20:0x00000000  f9:0x00000000 x27=0x00000000
     119435.000 ns	     11942	80002c8c	f0008553	fmv.w.x	f10,x1	  x1:0x00000000 f10=0x00000000
     119455.000 ns	     11944	80002c90	d34bb737	lui	x14,0xd34bb	 x14=0xd34bb000
     119475.000 ns	     11946	80002c94	d014f3d3	fcvt.s.wu	f7,x9	  x9:0x00000000  f7=0x00000000
     119515.000 ns	     11950	80002c98	1818a0d3	fdiv.s	f1,f17,f1	 f17:0x00000000  f1:0x80041024  f1=0x80000000
     119545.000 ns	     11953	80002c9c	a1f79053	flt.s	x0,f15,f31	 f15:0x80000000 f31:0x00041024
     119565.000 ns	     11955	80002ca0	1802a993	slti	x19,x5,384	  x5:0x3aff8d7e x19=0x00000000
     119585.000 ns	     11957	80002ca4	e0011153	fclass.s	x2,f2	  f2:0x00000000  x2=0x00000010
     119615.000 ns	     11960	80002ca8	a13889d3	fle.s	x19,f17,f19	 f17:0x00000000 f19:0x3aff8e46 x19=0x00000001
     119635.000 ns	     11962	80002cac	01239a33	sll	x20,x7,x18	  x7:0x00000000 x18:0x00000000 x20=0x00000000
     119645.000 ns	     11963	80002cb0	0190c6b3	xor	x13,x1,x25	  x1:0x00000000 x25:0x00000626 x13=0x00000626
     119665.000 ns	     11965	80002cb4	c000fe53	fcvt.w.s	x28,f1	  f1:0x80000000 x28=0x00000000
     119685.000 ns	     11967	80002cb8	8419a693	slti	x13,x19,-1983	 x19:0x00000001 x13=0x00000000
     119705.000 ns	     11969	80002cbc	0292e333	rem	x6,x5,x9	  x5:0x3aff8d7e  x9:0x00000000  x6=0x3aff8d7e
     119735.000 ns	     11972	80002cc0	21310553	fsgnj.s	f10,f2,f19	  f2:0x00000000 f19:0x3aff8e46 f10=0x00000000
     119755.000 ns	     11974	80002cc4	d7ef6a93	ori	x21,x30,-642	 x30:0x00000000 x21=0xfffffd7e
     119775.000 ns	     11976	80002cc8	210b28d3	fsgnjx.s	f17,f22,f16	 f22:0x00041024 f16:0x7f800000 f17=0x00041024
     119805.000 ns	     11979	80002ccc	0212bf33	mulhu	x30,x5,x1	  x5:0x3aff8d7e  x1:0x00000000 x30=0x00000000
     119825.000 ns	     11981	80002cd0	65ca5a97	auipc	x21,0x65ca5	 x21=0xe5ca7cd0
     119835.000 ns	     11982	80002cd4	006372b3	and	x5,x6,x6	  x6:0x3aff8d7e  x6:0x3aff8d7e  x5=0x3aff8d7e
     119865.000 ns	     11985	80002cd8	580bcf53	fsqrt.s	f30,f23	 f23:0x00000000 f30=0x00000000
     119885.000 ns	     11987	80002cdc	1781cb13	xori	x22,x3,376	  x3:0x00000000 x22=0x00000178
     119905.000 ns	     11989	80002ce0	c00170d3	fcvt.w.s	x1,f2	  f2:0x00000000  x1=0x00000000
     119935.000 ns	     11992	80002ce4	d002fe53	fcvt.s.w	f28,x5	  x5:0x3aff8d7e f28=0x4e6bfe35
     119955.000 ns	     11994	80002ce8	01831833	sll	x16,x6,x24	  x6:0x3aff8d7e x24:0x80041024 x16=0xaff8d7e0
     119965.000 ns	     11995	80002cec	30cfce13	xori	x28,x31,780	 x31:0xfafeddbe x28=0xfafedeb2
     119985.000 ns	     11997	80002cf0	0349b7b3	mulhu	x15,x19,x20	 x19:0x00000001 x20:0x00000000 x15=0x00000000
     120015.000 ns	     12000	80002cf4	c00930d3	fcvt.w.s	x1,f18	 f18:0xfafeddbe  x1=0x80000000
     120035.000 ns	     12002	80002cf8	405f8033	sub	x0,x31,x5	 x31:0xfafeddbe  x5:0x3aff8d7e
     120065.000 ns	     12005	80002cfc	1163f8d3	fmul.s	f17,f7,f22	  f7:0x00000000 f22:0x00041024 f17=0x00000000
     120405.000 ns	     12039	80002d00	19d42753	fdiv.s	f14,f8,f29	  f8:0x3f800000 f29:0x44c9e000 f14=0x3a17cc7e
     120425.000 ns	     12041	80002d04	0052dd93	srli	x27,x5,0x5	  x5:0x3aff8d7e x27=0x01d7fc6b
     120445.000 ns	     12043	80002d08	f00e0153	fmv.w.x	f2,x28	 x28:0xfafedeb2  f2=0xfafedeb2
     120465.000 ns	     12045	80002d0c	f78552b7	lui	x5,0xf7855	  x5=0xf7855000
     120475.000 ns	     12046	80002d10	00b0f633	and	x12,x1,x11	  x1:0x80000000 x11:0x00000001 x12=0x00000000
     120485.000 ns	     12047	80002d14	57a94913	xori	x18,x18,1402	 x18:0x00000000 x18=0x0000057a
     120505.000 ns	     12049	80002d18	c014f353	fcvt.wu.s	x6,f9	  f9:0x00000000  x6=0x00000000
     120535.000 ns	     12052	80002d1c	a067acd3	feq.s	x25,f15,f6	 f15:0x80000000  f6:0x3aff8d7e x25=0x00000000
     120555.000 ns	     12054	80002d20	017f7133	and	x2,x30,x23	 x30:0x00000000 x23:0xffffffff  x2=0x00000000
     120575.000 ns	     12056	80002d24	033ca033	mulhsu	x0,x25,x19	 x25:0x00000000 x19:0x00000001
     120605.000 ns	     12059	80002d28	21a600d3	fsgnj.s	f1,f12,f26	 f12:0x80000000 f26:0x3734b4b6  f1=0x00000000
     120635.000 ns	     12062	80002d2c	d01c44d3	fcvt.s.wu	f9,x24	 x24:0x80041024  f9=0x4f000410
     120665.000 ns	     12065	80002d30	a0f98bd3	fle.s	x23,f19,f15	 f19:0x3aff8e46 f15:0x80000000 x23=0x00000000
     120685.000 ns	     12067	80002d34	3ccea813	slti	x16,x29,972	 x29:0x80040fe4 x16=0x00000001
     120705.000 ns	     12069	80002d38	03e08bb3	mul	x23,x1,x30	  x1:0x80000000 x30:0x00000000 x23=0x00000000
     120725.000 ns	     12071	80002d3c	64337793	andi	x15,x6,1603	  x6:0x00000000 x15=0x00000000
     120735.000 ns	     12072	80002d40	fcbb3f13	sltiu	x30,x22,-53	 x22:0x00000178 x30=0x00000001
     120745.000 ns	     12073	80002d44	009ebe33	sltu	x28,x29,x9	 x29:0x80040fe4  x9:0x00000000 x28=0x00000000
     120755.000 ns	     12074	80002d48	8fa58993	addi	x19,x11,-1798	 x11:0x00000001 x19=0xfffff8fb
     120775.000 ns	     12076	80002d4c	d01a7e53	fcvt.s.wu	f28,x20	 x20:0x00000000 f28=0x00000000
     121145.000 ns	     12113	80002d50	03e356b3	divu	x13,x6,x30	  x6:0x00000000 x30:0x00000001 x13=0x00000000
     121175.000 ns	     12116	80002d54	c00b4153	fcvt.w.s	x2,f22	 f22:0x00041024  x2=0x00000000
     121205.000 ns	     12119	80002d58	29b58653	fmin.s	f12,f11,f27	 f11:0x7f800000 f27:0x80000080 f12=0x80000080
     121235.000 ns	     12122	80002d5c	a0741753	flt.s	x14,f8,f7	  f8:0x3f800000  f7:0x00000000 x14=0x00000000
     121255.000 ns	     12124	80002d60	00f052b3	srl	x5,x0,x15	  x0:0x00000000 x15:0x00000000  x5=0x00000000
     121295.000 ns	     12128	80002d64	09b37ed3	fsub.s	f29,f6,f27	  f6:0x3aff8d7e f27:0x80000080 f29=0x3aff8d7e
     121315.000 ns	     12130	80002d68	014ff233	and	x4,x31,x20	 x31:0xfafeddbe x20:0x00000000  x4=0x00000000
     121325.000 ns	     12131	80002d6c	0154d413	srli	x8,x9,0x15	  x9:0x00000000  x8=0x00000000
     121335.000 ns	     12132	80002d70	411c5793	srai	x15,x24,0x11	 x24:0x80041024 x15=0xffffc002
     121345.000 ns	     12133	80002d74	eea10313	addi	x6,x2,-278	  x2:0x00000000  x6=0xfffffeea
     121355.000 ns	     12134	80002d78	01cf6f33	or	x30,x30,x28	 x30:0x00000001 x28:0x00000000 x30=0x00000001
     121375.000 ns	     12136	80002d7c	c0099a53	fcvt.w.s	x20,f19	 f19:0x3aff8e46 x20=0x00000000
     121405.000 ns	     12139	80002d80	c0120bd3	fcvt.wu.s	x23,f4	  f4:0x00000000 x23=0x00000000
     121435.000 ns	     12142	80002d84	c0119753	fcvt.wu.s	x14,f3	  f3:0x00041024 x14=0x00000000
     122615.000 ns	     12260	80002d88	58037b53	fsqrt.s	f22,f6	  f6:0x3aff8d7e f22=0x3cb4dc2e
     122635.000 ns	     12262	80002d8c	00745513	srli	x10,x8,0x7	  x8:0x00000000 x10=0x00000000
     122655.000 ns	     12264	80002d90	f0078453	fmv.w.x	f8,x15	 x15:0xffffc002  f8=0xffffc002
     122685.000 ns	     12267	80002d94	20dea653	fsgnjx.s	f12,f29,f13	 f29:0x3aff8d7e f13:0x3aff8d7e f12=0x3aff8d7e
     122705.000 ns	     12269	80002d98	40088bb3	sub	x23,x17,x0	 x17:0x80041024  x0:0x00000000 x23=0x80041024
     122725.000 ns	     12271	80002d9c	a0f5a6d3	feq.s	x13,f11,f15	 f11:0x7f800000 f15:0x80000000 x13=0x00000000
     122745.000 ns	     12273	80002da0	01525613	srli	x12,x4,0x15	  x4:0x00000000 x12=0x00000000
     122765.000 ns	     12275	80002da4	293681d3	fmin.s	f3,f13,f19	 f13:0x3aff8d7e f19:0x3aff8e46  f3=0x3aff8d7e
     122795.000 ns	     12278	80002da8	03ff30b3	mulhu	x1,x30,x31	 x30:0x00000001 x31:0xfafeddbe  x1=0x00000000
     122825.000 ns	     12281	80002dac	29d69dd3	fmax.s	f27,f13,f29	 f13:0x3aff8d7e f29:0x3aff8d7e f27=0x3aff8d7e
     122845.000 ns	     12283	80002db0	01fd8733	add	x14,x27,x31	 x27:0x01d7fc6b x31:0xfafeddbe x14=0xfcd6da29
     122855.000 ns	     12284	80002db4	32586e13	ori	x28,x16,805	 x16:0x00000001 x28=0x00000325
     122875.000 ns	     12286	80002db8	f0080bd3	fmv.w.x	f23,x16	 x16:0x00000001 f23=0x00000001
     122905.000 ns	     12289	80002dbc	f0088653	fmv.w.x	f12,x17	 x17:0x80041024 f12=0x80041024
     122925.000 ns	     12291	80002dc0	00000013	addi	x0,x0,0	  x0:0x00000000
     122935.000 ns	     12292	80002dc4	003ce633	or	x12,x25,x3	 x25:0x00000000  x3:0x00000000 x12=0x00000000
     122945.000 ns	     12293	80002dc8	013de833	or	x16,x27,x19	 x27:0x01d7fc6b x19:0xfffff8fb x16=0xfffffcfb
     122955.000 ns	     12294	80002dcc	0028e333	or	x6,x17,x2	 x17:0x80041024  x2:0x00000000  x6=0x80041024
     122975.000 ns	     12296	80002dd0	f00489d3	fmv.w.x	f19,x9	  x9:0x00000000 f19=0x00000000
     122995.000 ns	     12298	80002dd4	00000013	addi	x0,x0,0	  x0:0x00000000
     123005.000 ns	     12299	80002dd8	4021d413	srai	x8,x3,0x2	  x3:0x00000000  x8=0x00000000
     123015.000 ns	     12300	80002ddc	80d80913	addi	x18,x16,-2035	 x16:0xfffffcfb x18=0xfffff508
     123025.000 ns	     12301	80002de0	41475793	srai	x15,x14,0x14	 x14:0xfcd6da29 x15=0xffffffcd
     123065.000 ns	     12305	80002de4	086dfb53	fsub.s	f22,f27,f6	 f27:0x3aff8d7e  f6:0x3aff8d7e f22=0x80000000
     123085.000 ns	     12307	80002de8	01f737b3	sltu	x15,x14,x31	 x14:0xfcd6da29 x31:0xfafeddbe x15=0x00000000
     123095.000 ns	     12308	80002dec	0961ae13	slti	x28,x3,150	  x3:0x00000000 x28=0x00000001
     123135.000 ns	     12312	80002df0	081a7153	fsub.s	f2,f20,f1	 f20:0x00000000  f1:0x00000000  f2=0x80000000
     123165.000 ns	     12315	80002df4	20b1aa53	fsgnjx.s	f20,f3,f11	  f3:0x3aff8d7e f11:0x7f800000 f20=0x3aff8d7e
     123185.000 ns	     12317	80002df8	01981733	sll	x14,x16,x25	 x16:0xfffffcfb x25:0x00000000 x14=0xfffffcfb
     123195.000 ns	     12318	80002dfc	01405593	srli	x11,x0,0x14	  x0:0x00000000 x11=0x00000000
     123205.000 ns	     12319	80002e00	41610f33	sub	x30,x2,x22	  x2:0x00000000 x22:0x00000178 x30=0xfffffe88
     123225.000 ns	     12321	80002e04	d019af53	fcvt.s.wu	f30,x19	 x19:0xfffff8fb f30=0x4f7ffff9
     123255.000 ns	     12324	80002e08	02cdf433	remu	x8,x27,x12	 x27:0x01d7fc6b x12:0x00000000  x8=0x01d7fc6b
     123285.000 ns	     12327	80002e0c	200792d3	fsgnjn.s	f5,f15,f0	 f15:0x80000000  f0:0x80000000  f5=0x00000000
     123305.000 ns	     12329	80002e10	011e9713	slli	x14,x29,0x11	 x29:0x80040fe4 x14=0x1fc80000
     123315.000 ns	     12330	80002e14	00145e33	srl	x28,x8,x1	  x8:0x01d7fc6b  x1:0x00000000 x28=0x01d7fc6b
     123335.000 ns	     12332	80002e18	f0088bd3	fmv.w.x	f23,x17	 x17:0x80041024 f23=0x80041024
     123365.000 ns	     12335	80002e1c	f00d0053	fmv.w.x	f0,x26	 x26:0x24843ba4  f0=0x24843ba4
     123395.000 ns	     12338	80002e20	21f696d3	fsgnjn.s	f13,f13,f31	 f13:0x3aff8d7e f31:0x00041024 f13=0xbaff8d7e
     123415.000 ns	     12340	80002e24	007b1633	sll	x12,x22,x7	 x22:0x00000178  x7:0x00000000 x12=0x00000178
     123435.000 ns	     12342	80002e28	02b854b3	divu	x9,x16,x11	 x16:0xfffffcfb x11:0x00000000  x9=0xffffffff
     123465.000 ns	     12345	80002e2c	035c3e33	mulhu	x28,x24,x21	 x24:0x80041024 x21:0xe5ca7cd0 x28=0x72e8e40e
     123485.000 ns	     12347	80002e30	95284213	xori	x4,x16,-1710	 x16:0xfffffcfb  x4=0x000005a9
     123505.000 ns	     12349	80002e34	a01c02d3	fle.s	x5,f24,f1	 f24:0x404985b4  f1:0x00000000  x5=0x00000000
     123525.000 ns	     12351	80002e38	0138fa33	and	x20,x17,x19	 x17:0x80041024 x19:0xfffff8fb x20=0x80041020
     123545.000 ns	     12353	80002e3c	c01047d3	fcvt.wu.s	x15,f0	  f0:0x24843ba4 x15=0x00000000
     123565.000 ns	     12355	80002e40	009ab633	sltu	x12,x21,x9	 x21:0xe5ca7cd0  x9:0xffffffff x12=0x00000001
     123575.000 ns	     12356	80002e44	013170b3	and	x1,x2,x19	  x2:0x00000000 x19:0xfffff8fb  x1=0x00000000
     123595.000 ns	     12358	80002e48	02cd9bb3	mulh	x23,x27,x12	 x27:0x01d7fc6b x12:0x00000178 x23=0x00000000
     123615.000 ns	     12360	80002e4c	01d3f533	and	x10,x7,x29	  x7:0x00000000 x29:0x80040fe4 x10=0x00000000
     123625.000 ns	     12361	80002e50	001c1b13	slli	x22,x24,0x1	 x24:0x80041024 x22=0x00082048
     123645.000 ns	     12363	80002e54	02c71c33	mulh	x24,x14,x12	 x14:0x1fc80000 x12:0x00000001 x24=0x00000000
     123695.000 ns	     12368	80002e58	086315d3	fsub.s	f11,f6,f6	  f6:0x3aff8d7e  f6:0x3aff8d7e f11=0x80000000
     123745.000 ns	     12373	80002e5c	088e9b53	fsub.s	f22,f29,f8	 f29:0x3aff8d7e  f8:0xffffc002 f22=0x7fc00000
     123765.000 ns	     12375	80002e60	41dc8833	sub	x16,x25,x29	 x25:0x00000000 x29:0x80040fe4 x16=0x7ffbf01c
     123785.000 ns	     12377	80002e64	29a01d53	fmax.s	f26,f0,f26	  f0:0x24843ba4 f26:0x3734b4b6 f26=0x3734b4b6
     123805.000 ns	     12379	80002e68	40c35693	srai	x13,x6,0xc	  x6:0x80041024 x13=0xfff80041
     123825.000 ns	     12381	80002e6c	a06b17d3	flt.s	x15,f22,f6	 f22:0x7fc00000  f6:0x3aff8d7e x15=0x00000000
     123875.000 ns	     12386	80002e70	0879fad3	fsub.s	f21,f19,f7	 f19:0x00000000  f7:0x00000000 f21=0x80000000
     123905.000 ns	     12389	80002e74	027b8cb3	mul	x25,x23,x7	 x23:0x00000000  x7:0x00000000 x25=0x00000000
     123925.000 ns	     12391	80002e78	00000013	addi	x0,x0,0	  x0:0x00000000
     123945.000 ns	     12393	80002e7c	0206ccb3	div	x25,x13,x0	 x13:0xfff80041  x0:0x00000000 x25=0xffffffff
     123975.000 ns	     12396	80002e80	0233b4b3	mulhu	x9,x7,x3	  x7:0x00000000  x3:0x00000000  x9=0x00000000
     123995.000 ns	     12398	80002e84	0165d293	srli	x5,x11,0x16	 x11:0x00000000  x5=0x00000000
     124025.000 ns	     12401	80002e88	11fe7453	fmul.s	f8,f28,f31	 f28:0x00000000 f31:0x00041024  f8=0x00000000
     124055.000 ns	     12404	80002e8c	e0050bd3	fmv.x.w	x23,f10	 f10:0x00000000 x23=0x00000000
     124105.000 ns	     12409	80002e90	00ab7d53	fadd.s	f26,f22,f10	 f22:0x7fc00000 f10:0x00000000 f26=0x7fc00000
     124125.000 ns	     12411	80002e94	23bea413	slti	x8,x29,571	 x29:0x80040fe4  x8=0x00000001
     124145.000 ns	     12413	80002e98	21c705d3	fsgnj.s	f11,f14,f28	 f14:0x3a17cc7e f28:0x00000000 f11=0x3a17cc7e
     124175.000 ns	     12416	80002e9c	c018f653	fcvt.wu.s	x12,f17	 f17:0x00000000 x12=0x00000000
     124195.000 ns	     12418	80002ea0	00000013	addi	x0,x0,0	  x0:0x00000000
     124205.000 ns	     12419	80002ea4	00cad9b3	srl	x19,x21,x12	 x21:0xe5ca7cd0 x12:0x00000000 x19=0xe5ca7cd0
     124235.000 ns	     12422	80002ea8	191ff953	fdiv.s	f18,f31,f17	 f31:0x00041024 f17:0x00000000 f18=0x7f800000
     124255.000 ns	     12424	80002eac	50f49437	lui	x8,0x50f49	  x8=0x50f49000
     124265.000 ns	     12425	80002eb0	0040d513	srli	x10,x1,0x4	  x1:0x00000000 x10=0x00000000
     124285.000 ns	     12427	80002eb4	02967233	remu	x4,x12,x9	 x12:0x00000000  x9:0x00000000  x4=0x00000000
     124315.000 ns	     12430	80002eb8	28bb19d3	fmax.s	f19,f22,f11	 f22:0x7fc00000 f11:0x3a17cc7e f19=0x3a17cc7e
     124335.000 ns	     12432	80002ebc	ecb3a137	lui	x2,0xecb3a	  x2=0xecb3a000
     124355.000 ns	     12434	80002ec0	20e0a653	fsgnjx.s	f12,f1,f14	  f1:0x00000000 f14:0x3a17cc7e f12=0x00000000
     124385.000 ns	     12437	80002ec4	e00a01d3	fmv.x.w	x3,f20	 f20:0x3aff8d7e  x3=0x3aff8d7e
     124755.000 ns	     12474	80002ec8	023c5433	divu	x8,x24,x3	 x24:0x00000000  x3:0x00000000  x8=0x00000000
     124785.000 ns	     12477	80002ecc	a04613d3	flt.s	x7,f12,f4	 f12:0x00000000  f4:0x00000000  x7=0x00000000
     124815.000 ns	     12480	80002ed0	e00099d3	fclass.s	x19,f1	  f1:0x00000000 x19=0x00000010
     124835.000 ns	     12482	80002ed4	00179833	sll	x16,x15,x1	 x15:0x00000000  x1:0x00000000 x16=0x00000000
     124855.000 ns	     12484	80002ed8	0252d733	divu	x14,x5,x5	  x5:0x00000000  x5:0x00000000 x14=0xffffffff
     124885.000 ns	     12487	80002edc	f00505d3	fmv.w.x	f11,x10	 x10:0x00000000 f11=0x00000000
     124915.000 ns	     12490	80002ee0	a10d1353	flt.s	x6,f26,f16	 f26:0x7fc00000 f16:0x7f800000  x6=0x00000000
     124945.000 ns	     12493	80002ee4	02d31433	mulh	x8,x6,x13	  x6:0x80041024 x13:0xfff80041  x8=0x00000000
     124965.000 ns	     12495	80002ee8	01604633	xor	x12,x0,x22	  x0:0x00000000 x22:0x00082048 x12=0x00082048
     124975.000 ns	     12496	80002eec	007adcb3	srl	x25,x21,x7	 x21:0xe5ca7cd0  x7:0x00000000 x25=0xe5ca7cd0
     124995.000 ns	     12498	80002ef0	297211d3	fmax.s	f3,f4,f23	  f4:0x00000000 f23:0x80041024  f3=0x00000000
     125035.000 ns	     12502	80002ef4	108807d3	fmul.s	f15,f16,f8	 f16:0x7f800000  f8:0x00000000 f15=0x7fc00000
     125065.000 ns	     12505	80002ef8	d00c7f53	fcvt.s.w	f30,x24	 x24:0x00000000 f30=0x00000000
     125085.000 ns	     12507	80002efc	01ba9093	slli	x1,x21,0x1b	 x21:0xe5ca7cd0  x1=0x80000000
     125125.000 ns	     12511	80002f00	01c67ad3	fadd.s	f21,f12,f28	 f12:0x00000000 f28:0x00000000 f21=0x00000000
     125165.000 ns	     12515	80002f04	5802f053	fsqrt.s	f0,f5	  f5:0x00000000  f0=0x00000000
     125185.000 ns	     12517	80002f08	00000013	addi	x0,x0,0	  x0:0x00000000
     125215.000 ns	     12520	80002f0c	580e0753	fsqrt.s	f14,f28	 f28:0x00000000 f14=0x00000000
     125245.000 ns	     12523	80002f10	d01914d3	fcvt.s.wu	f9,x18	 x18:0xfffff508  f9=0x4f7ffff5
     125265.000 ns	     12525	80002f14	401adf33	sra	x30,x21,x1	 x21:0xe5ca7cd0  x1:0x80000000 x30=0xe5ca7cd0
     125275.000 ns	     12526	80002f18	01980e33	add	x28,x16,x25	 x16:0x00000000 x25:0xe5ca7cd0 x28=0xe5ca7cd0
     125285.000 ns	     12527	80002f1c	ae9eed93	ori	x27,x29,-1303	 x29:0x80040fe4 x27=0xffffffed
     125295.000 ns	     12528	80002f20	c65f7693	andi	x13,x30,-923	 x30:0xe5ca7cd0 x13=0xe5ca7c40
     125655.000 ns	     12564	80002f24	03f9c333	div	x6,x19,x31	 x19:0x00000010 x31:0xfafeddbe  x6=0x00000000
     125685.000 ns	     12567	80002f28	0246d1b3	divu	x3,x13,x4	 x13:0xfff80041  x4:0x00000000  x3=0xffffffff
     125705.000 ns	     12569	80002f2c	0104d713	srli	x14,x9,0x10	  x9:0x00000000 x14=0x00000000
     125725.000 ns	     12571	80002f30	21a28c53	fsgnj.s	f24,f5,f26	  f5:0x00000000 f26:0x7fc00000 f24=0x00000000
     125765.000 ns	     12575	80002f34	18bb7cd3	fdiv.s	f25,f22,f11	 f22:0x7fc00000 f11:0x00000000 f25=0x7fc00000
     125785.000 ns	     12577	80002f38	417e5e33	sra	x28,x28,x23	 x28:0xe5ca7cd0 x23:0x00000000 x28=0xe5ca7cd0
     125805.000 ns	     12579	80002f3c	28bb05d3	fmin.s	f11,f22,f11	 f22:0x7fc00000 f11:0x00000000 f11=0x00000000
     125835.000 ns	     12582	80002f40	21572bd3	fsgnjx.s	f23,f14,f21	 f14:0x00000000 f21:0x00000000 f23=0x00000000
     125865.000 ns	     12585	80002f44	2007abd3	fsgnjx.s	f23,f15,f0	 f15:0x7fc00000  f0:0x00000000 f23=0x7fc00000
     125895.000 ns	     12588	80002f48	2174a9d3	fsgnjx.s	f19,f9,f23	  f9:0x4f7ffff5 f23:0x00000000 f19=0x4f7ffff5
     125925.000 ns	     12591	80002f4c	d00efc53	fcvt.s.w	f24,x29	 x29:0x80040fe4 f24=0xcefff7e0
     125945.000 ns	     12593	80002f50	00b8f933	and	x18,x17,x11	 x17:0x80041024 x11:0x00000000 x18=0x00000000
     127115.000 ns	     12710	80002f54	580a7153	fsqrt.s	f2,f20	 f20:0x3aff8d7e  f2=0x3cb4dc2e
     127135.000 ns	     12712	80002f58	66186593	ori	x11,x16,1633	 x16:0x00000000 x11=0x00000661
     127145.000 ns	     12713	80002f5c	40ffda13	srai	x20,x31,0xf	 x31:0xfafeddbe x20=0xfffff5fd
     127165.000 ns	     12715	80002f60	a1eca753	feq.s	x14,f25,f30	 f25:0x7fc00000 f30:0x00000000 x14=0x00000000
     127195.000 ns	     12718	80002f64	e00a8753	fmv.x.w	x14,f21	 f21:0x00000000 x14=0x00000000
     127215.000 ns	     12720	80002f68	01cf4c33	xor	x24,x30,x28	 x30:0xe5ca7cd0 x28:0xe5ca7cd0 x24=0x00000000
     127235.000 ns	     12722	80002f6c	21322653	fsgnjx.s	f12,f4,f19	  f4:0x00000000 f19:0x4f7ffff5 f12=0x00000000
     127265.000 ns	     12725	80002f70	d01977d3	fcvt.s.wu	f15,x18	 x18:0x00000000 f15=0x00000000
     127285.000 ns	     12727	80002f74	400e8233	sub	x4,x29,x0	 x29:0x80040fe4  x0:0x00000000  x4=0x80040fe4
     127295.000 ns	     12728	80002f78	00a9b2b3	sltu	x5,x19,x10	 x19:0x00000010 x10:0x00000000  x5=0x00000000
     127305.000 ns	     12729	80002f7c	401700b3	sub	x1,x14,x1	 x14:0x00000000  x1:0x80000000  x1=0x80000000
     127315.000 ns	     12730	80002f80	0114a1b3	slt	x3,x9,x17	  x9:0x00000000 x17:0x80041024  x3=0x00000000
     127325.000 ns	     12731	80002f84	834e2097	auipc	x1,0x834e2	  x1=0x034e4f84
     127355.000 ns	     12734	80002f88	58081253	fsqrt.s	f4,f16	 f16:0x7f800000  f4=0x7f800000
     127375.000 ns	     12736	80002f8c	f1850c17	auipc	x24,0xf1850	 x24=0x71852f8c
     127385.000 ns	     12737	80002f90	015f80b3	add	x1,x31,x21	 x31:0xfafeddbe x21:0xe5ca7cd0  x1=0xe0c95a8e
     127415.000 ns	     12740	80002f94	11750153	fmul.s	f2,f10,f23	 f10:0x00000000 f23:0x7fc00000  f2=0x7fc00000
     127785.000 ns	     12777	80002f98	02bacd33	div	x26,x21,x11	 x21:0xe5ca7cd0 x11:0x00000661 x26=0xfffbe42d
     127825.000 ns	     12781	80002f9c	11463553	fmul.s	f10,f12,f20	 f12:0x00000000 f20:0x3aff8d7e f10=0x00000000
     127845.000 ns	     12783	80002fa0	406cdd13	srai	x26,x25,0x6	 x25:0xe5ca7cd0 x26=0xff9729f3
     127865.000 ns	     12785	80002fa4	a0c80e53	fle.s	x28,f16,f12	 f16:0x7f800000 f12:0x00000000 x28=0x00000000
     127895.000 ns	     12788	80002fa8	e00a9e53	fclass.s	x28,f21	 f21:0x00000000 x28=0x00000010
     127925.000 ns	     12791	80002fac	c00e8ad3	fcvt.w.s	x21,f29	 f29:0x3aff8d7e x21=0x00000000
     127945.000 ns	     12793	80002fb0	014cbf33	sltu	x30,x25,x20	 x25:0xe5ca7cd0 x20:0xfffff5fd x30=0x00000001
     127955.000 ns	     12794	80002fb4	f7317213	andi	x4,x2,-141	  x2:0xecb3a000  x4=0xecb3a000
     127975.000 ns	     12796	80002fb8	e0050953	fmv.x.w	x18,f10	 f10:0x00000000 x18=0x00000000
     127995.000 ns	     12798	80002fbc	01fac5b3	xor	x11,x21,x31	 x21:0x00000000 x31:0xfafeddbe x11=0xfafeddbe
     128005.000 ns	     12799	80002fc0	a1587013	andi	x0,x16,-1515	 x16:0x00000000
     128015.000 ns	     12800	80002fc4	00000013	addi	x0,x0,0	  x0:0x00000000
     128035.000 ns	     12802	80002fc8	a14084d3	fle.s	x9,f1,f20	  f1:0x00000000 f20:0x3aff8d7e  x9=0x00000001
     128055.000 ns	     12804	80002fcc	acaaa913	slti	x18,x21,-1334	 x21:0x00000000 x18=0x00000000
     128095.000 ns	     12808	80002fd0	00968853	fadd.s	f16,f13,f9	 f13:0xbaff8d7e  f9:0x4f7ffff5 f16=0x4f7ffff5
     128125.000 ns	     12811	80002fd4	a0a42dd3	feq.s	x27,f8,f10	  f8:0x00000000 f10:0x00000000 x27=0x00000001
     128145.000 ns	     12813	80002fd8	00f233b3	sltu	x7,x4,x15	  x4:0xecb3a000 x15:0x00000000  x7=0x00000000
     128155.000 ns	     12814	80002fdc	f1d80537	lui	x10,0xf1d80	 x10=0xf1d80000
     128165.000 ns	     12815	80002fe0	4179d2b3	sra	x5,x19,x23	 x19:0x00000010 x23:0x00000000  x5=0x00000010
     128175.000 ns	     12816	80002fe4	00760d33	add	x26,x12,x7	 x12:0x00082048  x7:0x00000000 x26=0x00082048
     128195.000 ns	     12818	80002fe8	023f5bb3	divu	x23,x30,x3	 x30:0x00000001  x3:0x00000000 x23=0xffffffff
     128215.000 ns	     12820	80002fec	e1b94693	xori	x13,x18,-485	 x18:0x00000000 x13=0xfffffe1b
     128225.000 ns	     12821	80002ff0	00000013	addi	x0,x0,0	  x0:0x00000000
     128245.000 ns	     12823	80002ff4	d00bbb53	fcvt.s.w	f22,x23	 x23:0xffffffff f22=0xbf800000
     128265.000 ns	     12825	80002ff8	014fdc93	srli	x25,x31,0x14	 x31:0xfafeddbe x25=0x00000faf
     128285.000 ns	     12827	80002ffc	a1640bd3	fle.s	x23,f8,f22	  f8:0x00000000 f22:0xbf800000 x23=0x00000000
     128655.000 ns	     12864	80003000	0365d733	divu	x14,x11,x22	 x11:0xfafeddbe x22:0x00082048 x14=0x00001ee3
     128705.000 ns	     12869	80003004	08a501d3	fsub.s	f3,f10,f10	 f10:0x00000000 f10:0x00000000  f3=0x80000000
     128735.000 ns	     12872	80003008	02d58e33	mul	x28,x11,x13	 x11:0xfafeddbe x13:0xfffffe1b x28=0x7b25e70a
     129105.000 ns	     12909	8000300c	03c870b3	remu	x1,x16,x28	 x16:0x00000000 x28:0x00000010  x1=0x00000000
     129135.000 ns	     12912	80003010	c012f2d3	fcvt.wu.s	x5,f5	  f5:0x00000000  x5=0x00000000
     129165.000 ns	     12915	80003014	a0de1453	flt.s	x8,f28,f13	 f28:0x00000000 f13:0xbaff8d7e  x8=0x00000000
     129185.000 ns	     12917	80003018	4b9f3f13	sltiu	x30,x30,1209	 x30:0x00000001 x30=0x00000001
     129195.000 ns	     12918	8000301c	f5356f13	ori	x30,x10,-173	 x10:0xf1d80000 x30=0xffffff53
     129215.000 ns	     12920	80003020	02960ab3	mul	x21,x12,x9	 x12:0x00082048  x9:0x00000001 x21=0x00082048
     129235.000 ns	     12922	80003024	c8094813	xori	x16,x18,-896	 x18:0x00000000 x16=0xfffffc80
     129245.000 ns	     12923	80003028	407ad6b3	sra	x13,x21,x7	 x21:0x00082048  x7:0x00000000 x13=0x00082048
     129255.000 ns	     12924	8000302c	d3dc6d13	ori	x26,x24,-707	 x24:0x71852f8c x26=0xffffffbd
     129265.000 ns	     12925	80003030	1f7ef593	andi	x11,x29,503	 x29:0x80040fe4 x11=0x000001e4
     129285.000 ns	     12927	80003034	d007acd3	fcvt.s.w	f25,x15	 x15:0x00000000 f25=0x00000000
     129315.000 ns	     12930	80003038	a0121453	flt.s	x8,f4,f1	  f4:0x7f800000  f1:0x00000000  x8=0x00000000
     129335.000 ns	     12932	8000303c	005612b3	sll	x5,x12,x5	 x12:0x00082048  x5:0x00000000  x5=0x00082048
     129345.000 ns	     12933	80003040	00000013	addi	x0,x0,0	  x0:0x00000000
     129355.000 ns	     12934	80003044	00146c33	or	x24,x8,x1	  x8:0x00000000  x1:0x00000000 x24=0x00000000
     129375.000 ns	     12936	80003048	0205e933	rem	x18,x11,x0	 x11:0x000001e4  x0:0x00000000 x18=0x000001e4
     129405.000 ns	     12939	8000304c	295289d3	fmin.s	f19,f5,f21	  f5:0x00000000 f21:0x00000000 f19=0x00000000
     129425.000 ns	     12941	80003050	008150b3	srl	x1,x2,x8	  x2:0xecb3a000  x8:0x00000000  x1=0xecb3a000
     129445.000 ns	     12943	80003054	a106a1d3	feq.s	x3,f13,f16	 f13:0xbaff8d7e f16:0x4f7ffff5  x3=0x00000000
     129815.000 ns	     12980	80003058	0291d5b3	divu	x11,x3,x9	  x3:0x00000000  x9:0x00000001 x11=0x00000000
     129835.000 ns	     12982	8000305c	8a8f0d93	addi	x27,x30,-1880	 x30:0xffffff53 x27=0xfffff7fb
     129845.000 ns	     12983	80003060	41065113	srai	x2,x12,0x10	 x12:0x00082048  x2=0x00000008
     129855.000 ns	     12984	80003064	40d30813	addi	x16,x6,1037	  x6:0x00000000 x16=0x0000040d
     130215.000 ns	     13020	80003068	03466a33	rem	x20,x12,x20	 x12:0x00082048 x20:0xfffff5fd x20=0x000007db
     130235.000 ns	     13022	8000306c	d958a093	slti	x1,x17,-619	 x17:0x80041024  x1=0x00000001
     130595.000 ns	     13058	80003070	03d1ddb3	divu	x27,x3,x29	  x3:0x00000000 x29:0x80040fe4 x27=0x00000000
     130615.000 ns	     13060	80003074	410581b3	sub	x3,x11,x16	 x11:0x00000000 x16:0x0000040d  x3=0xfffffbf3
     130635.000 ns	     13062	80003078	d010c953	fcvt.s.wu	f18,x1	  x1:0x00000001 f18=0x3f800000
     130665.000 ns	     13065	8000307c	d002f753	fcvt.s.w	f14,x5	  x5:0x00082048 f14=0x49020480
     130685.000 ns	     13067	80003080	055d8213	addi	x4,x27,85	 x27:0x00000000  x4=0x00000055
     131045.000 ns	     13103	80003084	024ac1b3	div	x3,x21,x4	 x21:0x00082048  x4:0xecb3a000  x3=0x00001879
     131065.000 ns	     13105	80003088	00a8e5b3	or	x11,x17,x10	 x17:0x80041024 x10:0xf1d80000 x11=0xf1dc1024
     131075.000 ns	     13106	8000308c	0095e9b3	or	x19,x11,x9	 x11:0x00000000  x9:0x00000001 x19=0xf1dc1025
     131085.000 ns	     13107	80003090	23964313	xori	x6,x12,569	 x12:0x00082048  x6=0x00082271
     131095.000 ns	     13108	80003094	01b99293	slli	x5,x19,0x1b	 x19:0x00000010  x5=0x28000000
     131115.000 ns	     13110	80003098	f00f84d3	fmv.w.x	f9,x31	 x31:0xfafeddbe  f9=0xfafeddbe
     131145.000 ns	     13113	8000309c	02a33cb3	mulhu	x25,x6,x10	  x6:0x00082271 x10:0xf1d80000 x25=0x0007af49
     131165.000 ns	     13115	800030a0	00000013	addi	x0,x0,0	  x0:0x00000000
     131185.000 ns	     13117	800030a4	a08a2553	feq.s	x10,f20,f8	 f20:0x3aff8d7e  f8:0x00000000 x10=0x00000000
     131205.000 ns	     13119	800030a8	f5627d13	andi	x26,x4,-170	  x4:0x00000055 x26=0x00000054
     131225.000 ns	     13121	800030ac	02a15333	divu	x6,x2,x10	  x2:0x00000008 x10:0x00000000  x6=0xffffffff
     131265.000 ns	     13125	800030b0	5809fb53	fsqrt.s	f22,f19	 f19:0x00000000 f22=0x00000000
     131285.000 ns	     13127	800030b4	40f2de13	srai	x28,x5,0xf	  x5:0x28000000 x28=0x00005000
     131315.000 ns	     13130	800030b8	19827cd3	fdiv.s	f25,f4,f24	  f4:0x7f800000 f24:0xcefff7e0 f25=0xff800000
     131335.000 ns	     13132	800030bc	00000013	addi	x0,x0,0	  x0:0x00000000
     131345.000 ns	     13133	800030c0	415257b3	sra	x15,x4,x21	  x4:0x00000055 x21:0x00082048 x15=0x00000000
     131355.000 ns	     13134	800030c4	00000013	addi	x0,x0,0	  x0:0x00000000
     131375.000 ns	     13136	800030c8	e0059353	fclass.s	x6,f11	 f11:0x00000000  x6=0x00000010
     131405.000 ns	     13139	800030cc	d008f0d3	fcvt.s.w	f1,x17	 x17:0x80041024  f1=0xcefff7df
     131425.000 ns	     13141	800030d0	00000013	addi	x0,x0,0	  x0:0x00000000
     131435.000 ns	     13142	800030d4	00e06a33	or	x20,x0,x14	  x0:0x00000000 x14:0x00001ee3 x20=0x00001ee3
     131445.000 ns	     13143	800030d8	00c085b3	add	x11,x1,x12	  x1:0x00000001 x12:0x00082048 x11=0x00082049
     131455.000 ns	     13144	800030dc	8a182093	slti	x1,x16,-1887	 x16:0x0000040d  x1=0x00000000
     131475.000 ns	     13146	800030e0	e00413d3	fclass.s	x7,f8	  f8:0x00000000  x7=0x00000010
     131495.000 ns	     13148	800030e4	00000013	addi	x0,x0,0	  x0:0x00000000
     131515.000 ns	     13150	800030e8	c0027853	fcvt.w.s	x16,f4	  f4:0x7f800000 x16=0x7fffffff
     131535.000 ns	     13152	800030ec	014a9913	slli	x18,x21,0x14	 x21:0x00082048 x18=0x04800000
     131555.000 ns	     13154	800030f0	a0ad1c53	flt.s	x24,f26,f10	 f26:0x7fc00000 f10:0x00000000 x24=0x00000000
     131585.000 ns	     13157	800030f4	c00327d3	fcvt.w.s	x15,f6	  f6:0x3aff8d7e x15=0x00000000
     131605.000 ns	     13159	800030f8	001eeb33	or	x22,x29,x1	 x29:0x80040fe4  x1:0x00000000 x22=0x80040fe4
     131615.000 ns	     13160	800030fc	367ea713	slti	x14,x29,871	 x29:0x80040fe4 x14=0x00000001
     131635.000 ns	     13162	80003100	023884b3	mul	x9,x17,x3	 x17:0x80041024  x3:0x00001879  x9=0xe36f0104
     131655.000 ns	     13164	80003104	410ddb13	srai	x22,x27,0x10	 x27:0x00000000 x22=0x00000000
     131665.000 ns	     13165	80003108	41400333	sub	x6,x0,x20	  x0:0x00000000 x20:0x00001ee3  x6=0xffffe11d
     131675.000 ns	     13166	8000310c	a54aad13	slti	x26,x21,-1452	 x21:0x00082048 x26=0x00000000
     131685.000 ns	     13167	80003110	bfc96493	ori	x9,x18,-1028	 x18:0x04800000  x9=0xfffffbfc
     131695.000 ns	     13168	80003114	012f6133	or	x2,x30,x18	 x30:0xffffff53 x18:0x04800000  x2=0xffffff53
     131705.000 ns	     13169	80003118	46b25237	lui	x4,0x46b25	  x4=0x46b25000
     131725.000 ns	     13171	8000311c	29ed8a53	fmin.s	f20,f27,f30	 f27:0x3aff8d7e f30:0x00000000 f20=0x00000000
     131745.000 ns	     13173	80003120	67558737	lui	x14,0x67558	 x14=0x67558000
     131775.000 ns	     13176	80003124	114b70d3	fmul.s	f1,f22,f20	 f22:0x00000000 f20:0x00000000  f1=0x00000000
     131795.000 ns	     13178	80003128	fd9b3013	sltiu	x0,x22,-39	 x22:0x00000000
     131815.000 ns	     13180	8000312c	f0038c53	fmv.w.x	f24,x7	  x7:0x00000010 f24=0x00000010
     131835.000 ns	     13182	80003130	99810f13	addi	x30,x2,-1640	  x2:0xffffff53 x30=0xfffff8eb
     131855.000 ns	     13184	80003134	29ef1c53	fmax.s	f24,f30,f30	 f30:0x00000000 f30:0x00000000 f24=0x00000000
     131875.000 ns	     13186	80003138	15a1e813	ori	x16,x3,346	  x3:0x00001879 x16=0x0000197b
     131885.000 ns	     13187	8000313c	d1893d13	sltiu	x26,x18,-744	 x18:0x04800000 x26=0x00000001
     131905.000 ns	     13189	80003140	c0127a53	fcvt.wu.s	x20,f4	  f4:0x7f800000 x20=0xffffffff
     131955.000 ns	     13194	80003144	00a877d3	fadd.s	f15,f16,f10	 f16:0x4f7ffff5 f10:0x00000000 f15=0x4f7ffff5
     131985.000 ns	     13197	80003148	d00f7dd3	fcvt.s.w	f27,x30	 x30:0xfffff8eb f27=0xc4e2a000
     132355.000 ns	     13234	8000314c	0227f2b3	remu	x5,x15,x2	 x15:0x00000000  x2:0xffffff53  x5=0x00000000
     132385.000 ns	     13237	80003150	c017f653	fcvt.wu.s	x12,f15	 f15:0x4f7ffff5 x12=0xfffff500
     132415.000 ns	     13240	80003154	02beb633	mulhu	x12,x29,x11	 x29:0x80040fe4 x11:0x00082049 x12=0x00041045
     132445.000 ns	     13243	80003158	0367d433	divu	x8,x15,x22	 x15:0x00000000 x22:0x00000000  x8=0xffffffff
     132475.000 ns	     13246	8000315c	02a394b3	mulh	x9,x7,x10	  x7:0x00000010 x10:0x00000000  x9=0x00000000
     132505.000 ns	     13249	80003160	c00f9e53	fcvt.w.s	x28,f31	 f31:0x00041024 x28=0x00000000
     132535.000 ns	     13252	80003164	d0157d53	fcvt.s.wu	f26,x10	 x10:0x00000000 f26=0x00000000
     132555.000 ns	     13254	80003168	01bd1333	sll	x6,x26,x27	 x26:0x00000001 x27:0x00000000  x6=0x00000001
     132575.000 ns	     13256	8000316c	212e14d3	fsgnjn.s	f9,f28,f18	 f28:0x00000000 f18:0x3f800000  f9=0x80000000
     132595.000 ns	     13258	80003170	17f36cb7	lui	x25,0x17f36	 x25=0x17f36000
     132605.000 ns	     13259	80003174	cce03c93	sltiu	x25,x0,-818	  x0:0x00000000 x25=0x00000001
     132625.000 ns	     13261	80003178	a0259453	flt.s	x8,f11,f2	 f11:0x00000000  f2:0x7fc00000  x8=0x00000000
     132645.000 ns	     13263	8000317c	f8da8b37	lui	x22,0xf8da8	 x22=0xf8da8000
     132655.000 ns	     13264	80003180	41ead6b3	sra	x13,x21,x30	 x21:0x00082048 x30:0xfffff8eb x13=0x00000104
     132665.000 ns	     13265	80003184	00fcbcb3	sltu	x25,x25,x15	 x25:0x00000001 x15:0x00000000 x25=0x00000000
     132685.000 ns	     13267	80003188	287e01d3	fmin.s	f3,f28,f7	 f28:0x00000000  f7:0x00000000  f3=0x00000000
     132705.000 ns	     13269	8000318c	0091e7b3	or	x15,x3,x9	  x3:0x00001879  x9:0x00000000 x15=0x00001879
     132725.000 ns	     13271	80003190	02837533	remu	x10,x6,x8	  x6:0x00000001  x8:0x00000000 x10=0x00000001
     133095.000 ns	     13308	80003194	03d4f933	remu	x18,x9,x29	  x9:0x00000000 x29:0x80040fe4 x18=0x00000000
     133125.000 ns	     13311	80003198	c0043153	fcvt.w.s	x2,f8	  f8:0x00000000  x2=0x00000000
     133175.000 ns	     13316	8000319c	0969b453	fsub.s	f8,f19,f22	 f19:0x00000000 f22:0x00000000  f8=0x80000000
     133195.000 ns	     13318	800031a0	b3e5c293	xori	x5,x11,-1218	 x11:0x00082049  x5=0xfff7db77
     133215.000 ns	     13320	800031a4	02f207b3	mul	x15,x4,x15	  x4:0x46b25000 x15:0x00001879 x15=0x21c7d000
     133585.000 ns	     13357	800031a8	0275cb33	div	x22,x11,x7	 x11:0x00082049  x7:0x00000010 x22=0x00008204
     133605.000 ns	     13359	800031ac	401c0d33	sub	x26,x24,x1	 x24:0x00000000  x1:0x00000000 x26=0x00000000
     133625.000 ns	     13361	800031b0	c0097253	fcvt.w.s	x4,f18	 f18:0x3f800000  x4=0x00000001
     133655.000 ns	     13364	800031b4	03f035b3	mulhu	x11,x0,x31	  x0:0x00000000 x31:0xfafeddbe x11=0x00000000
     133685.000 ns	     13367	800031b8	038c36b3	mulhu	x13,x24,x24	 x24:0x00000000 x24:0x00000000 x13=0x00000000
     133705.000 ns	     13369	800031bc	0032d013	srli	x0,x5,0x3	  x5:0xfff7db77
     133725.000 ns	     13371	800031c0	03bac5b3	div	x11,x21,x27	 x21:0x00082048 x27:0x00000000 x11=0xffffffff
     133755.000 ns	     13374	800031c4	a12e1253	flt.s	x4,f28,f18	 f28:0x00000000 f18:0x3f800000  x4=0x00000001
     134125.000 ns	     13411	800031c8	033a4cb3	div	x25,x20,x19	 x20:0xffffffff x19:0xf1dc1025 x25=0x00000000
     134145.000 ns	     13413	800031cc	01137933	and	x18,x6,x17	  x6:0x00000001 x17:0x80041024 x18=0x00000000
     134175.000 ns	     13416	800031d0	580220d3	fsqrt.s	f1,f4	  f4:0x7f800000  f1=0x7f800000
     134195.000 ns	     13418	800031d4	c2ea7193	andi	x3,x20,-978	 x20:0xffffffff  x3=0xfffffc2e
     134215.000 ns	     13420	800031d8	e0031353	fclass.s	x6,f6	  f6:0x3aff8d7e  x6=0x00000040
     134235.000 ns	     13422	800031dc	00000013	addi	x0,x0,0	  x0:0x00000000
     134255.000 ns	     13424	800031e0	02b8b533	mulhu	x10,x17,x11	 x17:0x80041024 x11:0xffffffff x10=0x80041023
     134275.000 ns	     13426	800031e4	00389c13	slli	x24,x17,0x3	 x17:0x80041024 x24=0x00208120
     134295.000 ns	     13428	800031e8	a0c78f53	fle.s	x30,f15,f12	 f15:0x4f7ffff5 f12:0x00000000 x30=0x00000000
     134315.000 ns	     13430	800031ec	00a79d33	sll	x26,x15,x10	 x15:0x21c7d000 x10:0x80041023 x26=0x0e3e8000
     134325.000 ns	     13431	800031f0	415b5233	sra	x4,x22,x21	 x22:0x00008204 x21:0x00082048  x4=0x00000082
     134335.000 ns	     13432	800031f4	59635a97	auipc	x21,0x59635	 x21=0xd96381f4
     134345.000 ns	     13433	800031f8	41a08233	sub	x4,x1,x26	  x1:0x00000000 x26:0x0e3e8000  x4=0xf1c18000
     134365.000 ns	     13435	800031fc	d0048e53	fcvt.s.w	f28,x9	  x9:0x00000000 f28=0x00000000
     134735.000 ns	     13472	80003200	02fc5bb3	divu	x23,x24,x15	 x24:0x00208120 x15:0x21c7d000 x23=0x00000000
     134755.000 ns	     13474	80003204	01e08693	addi	x13,x1,30	  x1:0x00000000 x13=0x0000001e
     135115.000 ns	     13510	80003208	0267d133	divu	x2,x15,x6	 x15:0x21c7d000  x6:0x00000040  x2=0x00871f40
     135145.000 ns	     13513	8000320c	f0050cd3	fmv.w.x	f25,x10	 x10:0x80041023 f25=0x80041023
     135185.000 ns	     13517	80003210	185d34d3	fdiv.s	f9,f26,f5	 f26:0x00000000  f5:0x00000000  f9=0x7fc00000
     135205.000 ns	     13519	80003214	7d45ec97	auipc	x25,0x7d45e	 x25=0xfd461214
     135215.000 ns	     13520	80003218	24cd8093	addi	x1,x27,588	 x27:0x00000000  x1=0x0000024c
     135225.000 ns	     13521	8000321c	b9052e13	slti	x28,x10,-1136	 x10:0x80041023 x28=0x00000001
     135235.000 ns	     13522	80003220	01f68033	add	x0,x13,x31	 x13:0x0000001e x31:0xfafeddbe
     135245.000 ns	     13523	80003224	2b404e13	xori	x28,x0,692	  x0:0x00000000 x28=0x000002b4
     135255.000 ns	     13524	80003228	6e864413	xori	x8,x12,1768	 x12:0x00041045  x8=0x000416ad
     135275.000 ns	     13526	8000322c	297291d3	fmax.s	f3,f5,f23	  f5:0x00000000 f23:0x7fc00000  f3=0x00000000
     135305.000 ns	     13529	80003230	d01af3d3	fcvt.s.wu	f7,x21	 x21:0xd96381f4  f7=0x4f596381
     135335.000 ns	     13532	80003234	a11b85d3	fle.s	x11,f23,f17	 f23:0x7fc00000 f17:0x00000000 x11=0x00000000
     135355.000 ns	     13534	80003238	00000013	addi	x0,x0,0	  x0:0x00000000
     135365.000 ns	     13535	8000323c	01065e13	srli	x28,x12,0x10	 x12:0x00041045 x28=0x00000004
     135375.000 ns	     13536	80003240	00000013	addi	x0,x0,0	  x0:0x00000000
     135385.000 ns	     13537	80003244	00e1c833	xor	x16,x3,x14	  x3:0xfffffc2e x14:0x67558000 x16=0x98aa7c2e
     135395.000 ns	     13538	80003248	988660b7	lui	x1,0x98866	  x1=0x98866000
     135405.000 ns	     13539	8000324c	afe83493	sltiu	x9,x16,-1282	 x16:0x0000197b  x9=0x00000001
     135415.000 ns	     13540	80003250	013900b3	add	x1,x18,x19	 x18:0x00000000 x19:0xf1dc1025  x1=0xf1dc1025
     135425.000 ns	     13541	80003254	28c9cf37	lui	x30,0x28c9c	 x30=0x28c9c000
     135445.000 ns	     13543	80003258	a0c8a553	feq.s	x10,f17,f12	 f17:0x00000000 f12:0x00000000 x10=0x00000001
     135465.000 ns	     13545	8000325c	00a4fc33	and	x24,x9,x10	  x9:0x00000001 x10:0x80041023 x24=0x00000001
     135485.000 ns	     13547	80003260	a01b8f53	fle.s	x30,f23,f1	 f23:0x7fc00000  f1:0x7f800000 x30=0x00000000
     135525.000 ns	     13551	80003264	10937fd3	fmul.s	f31,f6,f9	  f6:0x3aff8d7e  f9:0x7fc00000 f31=0x7fc00000
     135555.000 ns	     13554	80003268	a1671253	flt.s	x4,f14,f22	 f14:0x49020480 f22:0x00000000  x4=0x00000000
     135595.000 ns	     13558	8000326c	580aa7d3	fsqrt.s	f15,f21	 f21:0x00000000 f15=0x00000000
     135615.000 ns	     13560	80003270	40728233	sub	x4,x5,x7	  x5:0xfff7db77  x7:0x00000010  x4=0xfff7db67
     135625.000 ns	     13561	80003274	37808737	lui	x14,0x37808	 x14=0x37808000
     135645.000 ns	     13563	80003278	d01cf253	fcvt.s.wu	f4,x25	 x25:0xfd461214  f4=0x4f7d4612
     135675.000 ns	     13566	8000327c	03e9c6b3	div	x13,x19,x30	 x19:0xf1dc1025 x30:0x00000000 x13=0xffffffff
     135705.000 ns	     13569	80003280	e00d0d53	fmv.x.w	x26,f26	 f26:0x00000000 x26=0x00000000
     135725.000 ns	     13571	80003284	7f352213	slti	x4,x10,2035	 x10:0x00000001  x4=0x00000001
     135745.000 ns	     13573	80003288	03140e33	mul	x28,x8,x17	  x8:0x000416ad x17:0x80041024 x28=0x1cb20054
     135765.000 ns	     13575	8000328c	41525b33	sra	x22,x4,x21	  x4:0xfff7db67 x21:0xd96381f4 x22=0x00000000
     135805.000 ns	     13579	80003290	092ff253	fsub.s	f4,f31,f18	 f31:0x7fc00000 f18:0x3f800000  f4=0x7fc00000
     135835.000 ns	     13582	80003294	a1aaa1d3	feq.s	x3,f21,f26	 f21:0x00000000 f26:0x00000000  x3=0x00000001
     135865.000 ns	     13585	80003298	203c2f53	fsgnjx.s	f30,f24,f3	 f24:0x00000000  f3:0x00000000 f30=0x00000000
     135885.000 ns	     13587	8000329c	00174533	xor	x10,x14,x1	 x14:0x37808000  x1:0xf1dc1025 x10=0xc65c9025
     135915.000 ns	     13590	800032a0	5804a8d3	fsqrt.s	f17,f9	  f9:0x7fc00000 f17=0x7fc00000
     135945.000 ns	     13593	800032a4	d0168a53	fcvt.s.wu	f20,x13	 x13:0xffffffff f20=0x4f800000
     135975.000 ns	     13596	800032a8	d010f153	fcvt.s.wu	f2,x1	  x1:0xf1dc1025  f2=0x4f71dc10
     136345.000 ns	     13633	800032ac	03c3e7b3	rem	x15,x7,x28	  x7:0x00000010 x28:0x1cb20054 x15=0x00000010
     136375.000 ns	     13636	800032b0	d0079cd3	fcvt.s.w	f25,x15	 x15:0x21c7d000 f25=0x41800000
     136405.000 ns	     13639	800032b4	e00213d3	fclass.s	x7,f4	  f4:0x7fc00000  x7=0x00000200
     136775.000 ns	     13676	800032b8	027d75b3	remu	x11,x26,x7	 x26:0x00000000  x7:0x00000010 x11=0x00000000
     136795.000 ns	     13678	800032bc	01104433	xor	x8,x0,x17	  x0:0x00000000 x17:0x80041024  x8=0x80041024
     136815.000 ns	     13680	800032c0	02b52f33	mulhsu	x30,x10,x11	 x10:0xc65c9025 x11:0x00000000 x30=0x00000000
     137185.000 ns	     13717	800032c4	03d6f6b3	remu	x13,x13,x29	 x13:0xffffffff x29:0x80040fe4 x13=0x7ffbf01b
     137205.000 ns	     13719	800032c8	00f31133	sll	x2,x6,x15	  x6:0x00000040 x15:0x00000010  x2=0x00400000
     137215.000 ns	     13720	800032cc	4f494093	xori	x1,x18,1268	 x18:0x00000000  x1=0x000004f4
     137235.000 ns	     13722	800032d0	038ca533	mulhsu	x10,x25,x24	 x25:0xfd461214 x24:0x00000001 x10=0xffffffff
     137255.000 ns	     13724	800032d4	ee816db7	lui	x27,0xee816	 x27=0xee816000
     137275.000 ns	     13726	800032d8	02fea533	mulhsu	x10,x29,x15	 x29:0x80040fe4 x15:0x00000010 x10=0xfffffff8
     137305.000 ns	     13729	800032dc	d01cfa53	fcvt.s.wu	f20,x25	 x25:0xfd461214 f20=0x4f7d4612
     137325.000 ns	     13731	800032e0	0165c233	xor	x4,x11,x22	 x11:0x00000000 x22:0x00000000  x4=0x00000000
     137345.000 ns	     13733	800032e4	2060a7d3	fsgnjx.s	f15,f1,f6	  f1:0x7f800000  f6:0x3aff8d7e f15=0x7f800000
     137365.000 ns	     13735	800032e8	004f9ab3	sll	x21,x31,x4	 x31:0xfafeddbe  x4:0x00000001 x21=0xfafeddbe
     137385.000 ns	     13737	800032ec	d01bf953	fcvt.s.wu	f18,x23	 x23:0x00000000 f18=0x00000000
     137415.000 ns	     13740	800032f0	032fb833	mulhu	x16,x31,x18	 x31:0xfafeddbe x18:0x00000000 x16=0x00000000
     137445.000 ns	     13743	800032f4	f00205d3	fmv.w.x	f11,x4	  x4:0x00000000 f11=0x00000000
     137815.000 ns	     13780	800032f8	028ef0b3	remu	x1,x29,x8	 x29:0x80040fe4  x8:0x80041024  x1=0x80040fe4
     137835.000 ns	     13782	800032fc	abeeb417	auipc	x8,0xabeeb	  x8=0x2beee2fc
     137845.000 ns	     13783	80003300	40aa8bb3	sub	x23,x21,x10	 x21:0xfafeddbe x10:0xfffffff8 x23=0xfafeddc6
     137855.000 ns	     13784	80003304	87e7fbb7	lui	x23,0x87e7f	 x23=0x87e7f000
     137865.000 ns	     13785	80003308	41835933	sra	x18,x6,x24	  x6:0x00000040 x24:0x00000001 x18=0x00000020
     138225.000 ns	     13821	8000330c	02ffc7b3	div	x15,x31,x15	 x31:0xfafeddbe x15:0x00000010 x15=0xffafeddc
     138255.000 ns	     13824	80003310	a0c624d3	feq.s	x9,f12,f12	 f12:0x00000000 f12:0x00000000  x9=0x00000001
     138295.000 ns	     13828	80003314	181c7753	fdiv.s	f14,f24,f1	 f24:0x00000000  f1:0x7f800000 f14=0x00000000
     138315.000 ns	     13830	80003318	8b53eb93	ori	x23,x7,-1867	  x7:0x00000200 x23=0xfffffab5
     138325.000 ns	     13831	8000331c	0024db33	srl	x22,x9,x2	  x9:0x00000001  x2:0x00400000 x22=0x00000001
     138335.000 ns	     13832	80003320	13142093	slti	x1,x8,305	  x8:0x2beee2fc  x1=0x00000000
     138345.000 ns	     13833	80003324	018da433	slt	x8,x27,x24	 x27:0xee816000 x24:0x00000001  x8=0x00000001
     138355.000 ns	     13834	80003328	409c0933	sub	x18,x24,x9	 x24:0x00000001  x9:0x00000001 x18=0x00000000
     138375.000 ns	     13836	8000332c	03dfae33	mulhsu	x28,x31,x29	 x31:0xfafeddbe x29:0x80040fe4 x28=0xfd7f5a8a
     138395.000 ns	     13838	80003330	3a597813	andi	x16,x18,933	 x18:0x00000020 x16=0x00000000
     138405.000 ns	     13839	80003334	006bd413	srli	x8,x23,0x6	 x23:0xfffffab5  x8=0x03ffffea
     138425.000 ns	     13841	80003338	03150933	mul	x18,x10,x17	 x10:0xfffffff8 x17:0x80041024 x18=0xffdf7ee0
     138445.000 ns	     13843	8000333c	0084c933	xor	x18,x9,x8	  x9:0x00000001  x8:0x00000001 x18=0x03ffffeb
     138475.000 ns	     13846	80003340	19ed0c53	fdiv.s	f24,f26,f30	 f26:0x00000000 f30:0x00000000 f24=0x7fc00000
     138495.000 ns	     13848	80003344	01345f33	srl	x30,x8,x19	  x8:0x03ffffea x19:0xf1dc1025 x30=0x001fffff
     138505.000 ns	     13849	80003348	00000013	addi	x0,x0,0	  x0:0x00000000
     138515.000 ns	     13850	8000334c	00a07533	and	x10,x0,x10	  x0:0x00000000 x10:0xfffffff8 x10=0x00000000
     138535.000 ns	     13852	80003350	03d039b3	mulhu	x19,x0,x29	  x0:0x00000000 x29:0x80040fe4 x19=0x00000000
     138565.000 ns	     13855	80003354	e00700d3	fmv.x.w	x1,f14	 f14:0x00000000  x1=0x00000000
     138585.000 ns	     13857	80003358	0075a033	slt	x0,x11,x7	 x11:0x00000000  x7:0x00000200
     138595.000 ns	     13858	8000335c	007fe1b3	or	x3,x31,x7	 x31:0xfafeddbe  x7:0x00000200  x3=0xfafedfbe
     138625.000 ns	     13861	80003360	10138b53	fmul.s	f22,f7,f1	  f7:0x4f596381  f1:0x7f800000 f22=0x7f800000
     138645.000 ns	     13863	80003364	0102d593	srli	x11,x5,0x10	  x5:0xfff7db77 x11=0x0000fff7
     138665.000 ns	     13865	80003368	289f1a53	fmax.s	f20,f30,f9	 f30:0x00000000  f9:0x7fc00000 f20=0x00000000
     138705.000 ns	     13869	8000336c	580442d3	fsqrt.s	f5,f8	  f8:0x80000000  f5=0x80000000
     138725.000 ns	     13871	80003370	a857bd13	sltiu	x26,x15,-1403	 x15:0xffafeddc x26=0x00000001
     138735.000 ns	     13872	80003374	26b50a13	addi	x20,x10,619	 x10:0x00000000 x20=0x0000026b
     138745.000 ns	     13873	80003378	38602b93	slti	x23,x0,902	  x0:0x00000000 x23=0x00000001
     138755.000 ns	     13874	8000337c	010aaab3	slt	x21,x21,x16	 x21:0xfafeddbe x16:0x00000000 x21=0x00000001
     138775.000 ns	     13876	80003380	f00d8253	fmv.w.x	f4,x27	 x27:0xee816000  f4=0xee816000
     138795.000 ns	     13878	80003384	01f81213	slli	x4,x16,0x1f	 x16:0x00000000  x4=0x00000000
     138805.000 ns	     13879	80003388	00dc9cb3	sll	x25,x25,x13	 x25:0xfd461214 x13:0x7ffbf01b x25=0xa0000000
     138815.000 ns	     13880	8000338c	006ed233	srl	x4,x29,x6	 x29:0x80040fe4  x6:0x00000040  x4=0x80040fe4
     138835.000 ns	     13882	80003390	021db2b3	mulhu	x5,x27,x1	 x27:0xee816000  x1:0x00000000  x5=0x00000000
     138865.000 ns	     13885	80003394	211f1353	fsgnjn.s	f6,f30,f17	 f30:0x00000000 f17:0x7fc00000  f6=0x80000000
     138885.000 ns	     13887	80003398	01adde13	srli	x28,x27,0x1a	 x27:0xee816000 x28=0x0000003b
     138905.000 ns	     13889	8000339c	209f17d3	fsgnjn.s	f15,f30,f9	 f30:0x00000000  f9:0x7fc00000 f15=0x80000000
     138925.000 ns	     13891	800033a0	40920a33	sub	x20,x4,x9	  x4:0x80040fe4  x9:0x00000001 x20=0x80040fe3
     138935.000 ns	     13892	800033a4	000a1693	slli	x13,x20,0x0	 x20:0x0000026b x13=0x80040fe3
     138945.000 ns	     13893	800033a8	0034cdb3	xor	x27,x9,x3	  x9:0x00000001  x3:0xfafedfbe x27=0xfafedfbf
     138965.000 ns	     13895	800033ac	02273533	mulhu	x10,x14,x2	 x14:0x37808000  x2:0x00400000 x10=0x000de020
     138985.000 ns	     13897	800033b0	00b1cdb3	xor	x27,x3,x11	  x3:0xfafedfbe x11:0x0000fff7 x27=0xfafe2049
     139005.000 ns	     13899	800033b4	c00b2b53	fcvt.w.s	x22,f22	 f22:0x7f800000 x22=0x7fffffff
     139035.000 ns	     13902	800033b8	21b59f53	fsgnjn.s	f30,f11,f27	 f11:0x00000000 f27:0xc4e2a000 f30=0x00000000
     139055.000 ns	     13904	800033bc	015f0533	add	x10,x30,x21	 x30:0x001fffff x21:0x00000001 x10=0x00200000
     139075.000 ns	     13906	800033c0	c01173d3	fcvt.wu.s	x7,f2	  f2:0x4f71dc10  x7=0xf1dc1000
     139095.000 ns	     13908	800033c4	0185b633	sltu	x12,x11,x24	 x11:0x0000fff7 x24:0x00000001 x12=0x00000000
     139105.000 ns	     13909	800033c8	002b42b3	xor	x5,x22,x2	 x22:0x7fffffff  x2:0x00400000  x5=0x7fbfffff
     139115.000 ns	     13910	800033cc	011b3033	sltu	x0,x22,x17	 x22:0x7fffffff x17:0x80041024
     139135.000 ns	     13912	800033d0	290119d3	fmax.s	f19,f2,f16	  f2:0x4f71dc10 f16:0x4f7ffff5 f19=0x4f7ffff5
     139155.000 ns	     13914	800033d4	01441633	sll	x12,x8,x20	  x8:0x03ffffea x20:0x80040fe3 x12=0x1fffff50
     139175.000 ns	     13916	800033d8	02d7b433	mulhu	x8,x15,x13	 x15:0xffafeddc x13:0x80040fe3  x8=0x7fdc058b
     139205.000 ns	     13919	800033dc	d0018053	fcvt.s.w	f0,x3	  x3:0xfafedfbe  f0=0xcca02408
     139225.000 ns	     13921	800033e0	48004113	xori	x2,x0,1152	  x0:0x00000000  x2=0x00000480
     139235.000 ns	     13922	800033e4	01b31ab3	sll	x21,x6,x27	  x6:0x00000040 x27:0xfafe2049 x21=0x00008000
     139245.000 ns	     13923	800033e8	db8a8ab7	lui	x21,0xdb8a8	 x21=0xdb8a8000
     139605.000 ns	     13959	800033ec	0255c0b3	div	x1,x11,x5	 x11:0x0000fff7  x5:0x7fbfffff  x1=0x00000000
     139625.000 ns	     13961	800033f0	01ca5093	srli	x1,x20,0x1c	 x20:0x80040fe3  x1=0x00000008
     139635.000 ns	     13962	800033f4	00486ab3	or	x21,x16,x4	 x16:0x00000000  x4:0x80040fe4 x21=0x80040fe4
     139995.000 ns	     13998	800033f8	02b842b3	div	x5,x16,x11	 x16:0x00000000 x11:0x0000fff7  x5=0x00000000
     140025.000 ns	     14001	800033fc	f0000253	fmv.w.x	f4,x0	  x0:0x00000000  f4=0x00000000
     140055.000 ns	     14004	80003400	029701b3	mul	x3,x14,x9	 x14:0x37808000  x9:0x00000001  x3=0x37808000
     140075.000 ns	     14006	80003404	01972733	slt	x14,x14,x25	 x14:0x37808000 x25:0xa0000000 x14=0x00000000
     140085.000 ns	     14007	80003408	003efe33	and	x28,x29,x3	 x29:0x80040fe4  x3:0x37808000 x28=0x00000000
     140095.000 ns	     14008	8000340c	296be793	ori	x15,x23,662	 x23:0x00000001 x15=0x00000297
     140115.000 ns	     14010	80003410	d01efd53	fcvt.s.wu	f26,x29	 x29:0x80040fe4 f26=0x4f00040f
     140145.000 ns	     14013	80003414	285180d3	fmin.s	f1,f3,f5	  f3:0x00000000  f5:0x80000000  f1=0x80000000
     140175.000 ns	     14016	80003418	a1921cd3	flt.s	x25,f4,f25	  f4:0x00000000 f25:0x41800000 x25=0x00000001
     140205.000 ns	     14019	8000341c	02e50933	mul	x18,x10,x14	 x10:0x00200000 x14:0x00000000 x18=0x00000000
     140225.000 ns	     14021	80003420	402adb33	sra	x22,x21,x2	 x21:0x80040fe4  x2:0x00000480 x22=0x80040fe4
     140235.000 ns	     14022	80003424	017402b3	add	x5,x8,x23	  x8:0x7fdc058b x23:0x00000001  x5=0x7fdc058c
     140595.000 ns	     14058	80003428	023a40b3	div	x1,x20,x3	 x20:0x80040fe3  x3:0x37808000  x1=0xfffffffe
     140615.000 ns	     14060	8000342c	a62ea713	slti	x14,x29,-1438	 x29:0x80040fe4 x14=0x00000001
     140625.000 ns	     14061	80003430	cd37eab7	lui	x21,0xcd37e	 x21=0xcd37e000
     140635.000 ns	     14062	80003434	01fbf0b3	and	x1,x23,x31	 x23:0x00000001 x31:0xfafeddbe  x1=0x00000000
     140665.000 ns	     14065	80003438	11288f53	fmul.s	f30,f17,f18	 f17:0x7fc00000 f18:0x00000000 f30=0x7fc00000
     140685.000 ns	     14067	8000343c	aa7e7193	andi	x3,x28,-1369	 x28:0x00000000  x3=0x00000000
     140695.000 ns	     14068	80003440	00000013	addi	x0,x0,0	  x0:0x00000000
     140715.000 ns	     14070	80003444	038aa433	mulhsu	x8,x21,x24	 x21:0xcd37e000 x24:0x00000001  x8=0xffffffff
     140745.000 ns	     14073	80003448	d006fd53	fcvt.s.w	f26,x13	 x13:0x80040fe3 f26=0xcefff7e0
     140775.000 ns	     14076	8000344c	a0e22cd3	feq.s	x25,f4,f14	  f4:0x00000000 f14:0x00000000 x25=0x00000001
     140805.000 ns	     14079	80003450	d00fa9d3	fcvt.s.w	f19,x31	 x31:0xfafeddbe f19=0xcca02449
     140855.000 ns	     14084	80003454	08ff0253	fsub.s	f4,f30,f15	 f30:0x7fc00000 f15:0x80000000  f4=0x7fc00000
     140885.000 ns	     14087	80003458	291f12d3	fmax.s	f5,f30,f17	 f30:0x7fc00000 f17:0x7fc00000  f5=0x7fc00000
     140905.000 ns	     14089	8000345c	fa69bd93	sltiu	x27,x19,-90	 x19:0x00000000 x27=0x00000001
     140925.000 ns	     14091	80003460	0289a033	mulhsu	x0,x19,x8	 x19:0x00000000  x8:0xffffffff
     140945.000 ns	     14093	80003464	0142d933	srl	x18,x5,x20	  x5:0x7fdc058c x20:0x80040fe3 x18=0x0ffb80b1
     140955.000 ns	     14094	80003468	00a39593	slli	x11,x7,0xa	  x7:0xf1dc1000 x11=0x70400000
     140965.000 ns	     14095	8000346c	01835cb3	srl	x25,x6,x24	  x6:0x00000040 x24:0x00000001 x25=0x00000020
     141325.000 ns	     14131	80003470	031bcab3	div	x21,x23,x17	 x23:0x00000001 x17:0x80041024 x21=0x00000000
     141345.000 ns	     14133	80003474	00627a33	and	x20,x4,x6	  x4:0x80040fe4  x6:0x00000040 x20=0x00000040
     141355.000 ns	     14134	80003478	01cbc0b3	xor	x1,x23,x28	 x23:0x00000001 x28:0x00000000  x1=0x00000001
     141365.000 ns	     14135	8000347c	6c006d13	ori	x26,x0,1728	  x0:0x00000000 x26=0x000006c0
     141385.000 ns	     14137	80003480	e00c0553	fmv.x.w	x10,f24	 f24:0x7fc00000 x10=0x7fc00000
     141405.000 ns	     14139	80003484	ce7bda17	auipc	x20,0xce7bd	 x20=0x4e7c0484
     141415.000 ns	     14140	80003488	40ed5713	srai	x14,x26,0xe	 x26:0x000006c0 x14=0x00000000
     141775.000 ns	     14176	8000348c	03bcd233	divu	x4,x25,x27	 x25:0x00000020 x27:0x00000001  x4=0x00000020
     141805.000 ns	     14179	80003490	d001f4d3	fcvt.s.w	f9,x3	  x3:0x00000000  f9=0x00000000
     141825.000 ns	     14181	80003494	00459593	slli	x11,x11,0x4	 x11:0x70400000 x11=0x04000000
     142185.000 ns	     14217	80003498	03996db3	rem	x27,x18,x25	 x18:0x0ffb80b1 x25:0x00000020 x27=0x00000011
     142205.000 ns	     14219	8000349c	d2a06e13	ori	x28,x0,-726	  x0:0x00000000 x28=0xfffffd2a
     142215.000 ns	     14220	800034a0	012f5293	srli	x5,x30,0x12	 x30:0x001fffff  x5=0x00000007
     142575.000 ns	     14256	800034a4	034ff7b3	remu	x15,x31,x20	 x31:0xfafeddbe x20:0x4e7c0484 x15=0x0f8ad032
     142595.000 ns	     14258	800034a8	46e00d13	addi	x26,x0,1134	  x0:0x00000000 x26=0x0000046e
     142615.000 ns	     14260	800034ac	030cc4b3	div	x9,x25,x16	 x25:0x00000020 x16:0x00000000  x9=0xffffffff
     142635.000 ns	     14262	800034b0	cb57f313	andi	x6,x15,-843	 x15:0x0f8ad032  x6=0x0f8ad030
     142995.000 ns	     14298	800034b4	034755b3	divu	x11,x14,x20	 x14:0x00000000 x20:0x4e7c0484 x11=0x00000000
     143035.000 ns	     14302	800034b8	10c53653	fmul.s	f12,f10,f12	 f10:0x00000000 f12:0x00000000 f12=0x00000000
     143055.000 ns	     14304	800034bc	00fc8ab3	add	x21,x25,x15	 x25:0x00000020 x15:0x0f8ad032 x21=0x0f8ad052
     143075.000 ns	     14306	800034c0	a04fa453	feq.s	x8,f31,f4	 f31:0x7fc00000  f4:0x7fc00000  x8=0x00000000
     143105.000 ns	     14309	800034c4	206e9d53	fsgnjn.s	f26,f29,f6	 f29:0x3aff8d7e  f6:0x80000000 f26=0x3aff8d7e
     143475.000 ns	     14346	800034c8	0361c2b3	div	x5,x3,x22	  x3:0x00000000 x22:0x80040fe4  x5=0x00000000
     143845.000 ns	     14383	800034cc	03186533	rem	x10,x16,x17	 x16:0x00000000 x17:0x80041024 x10=0x00000000
     143875.000 ns	     14386	800034d0	a0eb8053	fle.s	x0,f23,f14	 f23:0x7fc00000 f14:0x00000000
     143905.000 ns	     14389	800034d4	034231b3	mulhu	x3,x4,x20	  x4:0x00000020 x20:0x4e7c0484  x3=0x00000009
     143935.000 ns	     14392	800034d8	2062ab53	fsgnjx.s	f22,f5,f6	  f5:0x7fc00000  f6:0x80000000 f22=0xffc00000
     143955.000 ns	     14394	800034dc	01bde0b3	or	x1,x27,x27	 x27:0x00000011 x27:0x00000011  x1=0x00000011
     143995.000 ns	     14398	800034e0	08dc1453	fsub.s	f8,f24,f13	 f24:0x7fc00000 f13:0xbaff8d7e  f8=0x7fc00000
     144025.000 ns	     14401	800034e4	c000ae53	fcvt.w.s	x28,f1	  f1:0x80000000 x28=0x00000000
     144045.000 ns	     14403	800034e8	00283533	sltu	x10,x16,x2	 x16:0x00000000  x2:0x00000480 x10=0x00000001
     144065.000 ns	     14405	800034ec	f0050fd3	fmv.w.x	f31,x10	 x10:0x00000000 f31=0x00000001
     145245.000 ns	     14523	800034f0	5803b353	fsqrt.s	f6,f7	  f7:0x4f596381  f6=0x4719b78d
     145615.000 ns	     14560	800034f4	0371d033	divu	x0,x3,x23	  x3:0x00000009 x23:0x00000001
     145645.000 ns	     14563	800034f8	c00016d3	fcvt.w.s	x13,f0	  f0:0xcca02408 x13=0xfafedfc0
     146015.000 ns	     14600	800034fc	032d6e33	rem	x28,x26,x18	 x26:0x0000046e x18:0x0ffb80b1 x28=0x0000046e
     146045.000 ns	     14603	80003500	d013f153	fcvt.s.wu	f2,x7	  x7:0xf1dc1000  f2=0x4f71dc10
     146065.000 ns	     14605	80003504	01f4cab3	xor	x21,x9,x31	  x9:0xffffffff x31:0xfafeddbe x21=0x05012241
     146075.000 ns	     14606	80003508	01414f33	xor	x30,x2,x20	  x2:0x00000480 x20:0x4e7c0484 x30=0x4e7c0004
     146095.000 ns	     14608	8000350c	a19682d3	fle.s	x5,f13,f25	 f13:0xbaff8d7e f25:0x41800000  x5=0x00000001
     146125.000 ns	     14611	80003510	a12516d3	flt.s	x13,f10,f18	 f10:0x00000000 f18:0x00000000 x13=0x00000000
     146145.000 ns	     14613	80003514	8638b717	auipc	x14,0x8638b	 x14=0x0638e514
     146165.000 ns	     14615	80003518	d0172653	fcvt.s.wu	f12,x14	 x14:0x00000000 f12=0x4cc71ca3
     146185.000 ns	     14617	8000351c	41915a13	srai	x20,x2,0x19	  x2:0x00000480 x20=0x00000000
     146205.000 ns	     14619	80003520	03fb10b3	mulh	x1,x22,x31	 x22:0x80040fe4 x31:0xfafeddbe  x1=0x02807ccc
     146225.000 ns	     14621	80003524	00d9c0b3	xor	x1,x19,x13	 x19:0x00000000 x13:0x00000000  x1=0x00000000
     146245.000 ns	     14623	80003528	a0ef8953	fle.s	x18,f31,f14	 f31:0x00000001 f14:0x00000000 x18=0x00000000
     146265.000 ns	     14625	8000352c	bb947b97	auipc	x23,0xbb947	 x23=0x3b94a52c
     146285.000 ns	     14627	80003530	20f2afd3	fsgnjx.s	f31,f5,f15	  f5:0x7fc00000 f15:0x80000000 f31=0xffc00000
     146305.000 ns	     14629	80003534	016b5933	srl	x18,x22,x22	 x22:0x80040fe4 x22:0x80040fe4 x18=0x080040fe
     146325.000 ns	     14631	80003538	a1c2ad53	feq.s	x26,f5,f28	  f5:0x7fc00000 f28:0x00000000 x26=0x00000000
     146355.000 ns	     14634	8000353c	02b01933	mulh	x18,x0,x11	  x0:0x00000000 x11:0x00000000 x18=0x00000000
     146375.000 ns	     14636	80003540	018e55b3	srl	x11,x28,x24	 x28:0x0000046e x24:0x00000001 x11=0x00000237
     146385.000 ns	     14637	80003544	00642d33	slt	x26,x8,x6	  x8:0x00000000  x6:0x0f8ad030 x26=0x00000001
     146395.000 ns	     14638	80003548	016df833	and	x16,x27,x22	 x27:0x00000011 x22:0x80040fe4 x16=0x00000000
     146415.000 ns	     14640	8000354c	0390ba33	mulhu	x20,x1,x25	  x1:0x00000000 x25:0x00000020 x20=0x00000000
     146435.000 ns	     14642	80003550	012d7c33	and	x24,x26,x18	 x26:0x00000001 x18:0x00000000 x24=0x00000000
     146445.000 ns	     14643	80003554	f9992817	auipc	x16,0xf9992	 x16=0x79995554
     146465.000 ns	     14645	80003558	c00a7ad3	fcvt.w.s	x21,f20	 f20:0x00000000 x21=0x00000000
     146495.000 ns	     14648	8000355c	d0007ad3	fcvt.s.w	f21,x0	  x0:0x00000000 f21=0x00000000
     146515.000 ns	     14650	80003560	002221b3	slt	x3,x4,x2	  x4:0x00000020  x2:0x00000480  x3=0x00000001
     146535.000 ns	     14652	80003564	03a9a5b3	mulhsu	x11,x19,x26	 x19:0x00000000 x26:0x00000001 x11=0x00000000
     146565.000 ns	     14655	80003568	d01f76d3	fcvt.s.wu	f13,x30	 x30:0x4e7c0004 f13=0x4e9cf800
     146585.000 ns	     14657	8000356c	40205593	srai	x11,x0,0x2	  x0:0x00000000 x11=0x00000000
     146605.000 ns	     14659	80003570	e00a0ad3	fmv.x.w	x21,f20	 f20:0x00000000 x21=0x00000000
     146625.000 ns	     14661	80003574	01914db3	xor	x27,x2,x25	  x2:0x00000480 x25:0x00000020 x27=0x000004a0
     146635.000 ns	     14662	80003578	6c4f3593	sltiu	x11,x30,1732	 x30:0x4e7c0004 x11=0x00000000
     146645.000 ns	     14663	8000357c	6b68a213	slti	x4,x17,1718	 x17:0x80041024  x4=0x00000001
     146655.000 ns	     14664	80003580	272be5b7	lui	x11,0x272be	 x11=0x272be000
     146675.000 ns	     14666	80003584	c00f1753	fcvt.w.s	x14,f30	 f30:0x7fc00000 x14=0x7fffffff
     146695.000 ns	     14668	80003588	01f08933	add	x18,x1,x31	  x1:0x00000000 x31:0xfafeddbe x18=0xfafeddbe
     146705.000 ns	     14669	8000358c	0129ca33	xor	x20,x19,x18	 x19:0x00000000 x18:0x00000000 x20=0xfafeddbe
     146715.000 ns	     14670	80003590	01e575b3	and	x11,x10,x30	 x10:0x00000001 x30:0x4e7c0004 x11=0x00000000
     147075.000 ns	     14706	80003594	02e8c0b3	div	x1,x17,x14	 x17:0x80041024 x14:0x7fffffff  x1=0x00000000
     147105.000 ns	     14709	80003598	28dd1b53	fmax.s	f22,f26,f13	 f26:0x3aff8d7e f13:0x4e9cf800 f22=0x4e9cf800
     147125.000 ns	     14711	8000359c	8b5d6493	ori	x9,x26,-1867	 x26:0x00000001  x9=0xfffff8b5
     147135.000 ns	     14712	800035a0	34984913	xori	x18,x16,841	 x16:0x79995554 x18=0x7999561d
     147165.000 ns	     14715	800035a4	11b2f153	fmul.s	f2,f5,f27	  f5:0x7fc00000 f27:0xc4e2a000  f2=0x7fc00000
     147185.000 ns	     14717	800035a8	fd296f17	auipc	x30,0xfd296	 x30=0x7d2995a8
     147195.000 ns	     14718	800035ac	d395fc17	auipc	x24,0xd395f	 x24=0x539625ac
     147215.000 ns	     14720	800035b0	d0027753	fcvt.s.w	f14,x4	  x4:0x00000001 f14=0x3f800000
     147245.000 ns	     14723	800035b4	29bc1953	fmax.s	f18,f24,f27	 f24:0x7fc00000 f27:0xc4e2a000 f18=0xc4e2a000
     147265.000 ns	     14725	800035b8	01751313	slli	x6,x10,0x17	 x10:0x00000001  x6=0x00800000
     147275.000 ns	     14726	800035bc	01f55813	srli	x16,x10,0x1f	 x10:0x00000001 x16=0x00000000
     147295.000 ns	     14728	800035c0	02025933	divu	x18,x4,x0	  x4:0x00000001  x0:0x00000000 x18=0xffffffff
     147315.000 ns	     14730	800035c4	417a5d33	sra	x26,x20,x23	 x20:0xfafeddbe x23:0x3b94a52c x26=0xffffafed
     147325.000 ns	     14731	800035c8	41c98433	sub	x8,x19,x28	 x19:0x00000000 x28:0x0000046e  x8=0xfffffb92
     147345.000 ns	     14733	800035cc	281e9353	fmax.s	f6,f29,f1	 f29:0x3aff8d7e  f1:0x80000000  f6=0x3aff8d7e
     147365.000 ns	     14735	800035d0	01a2b033	sltu	x0,x5,x26	  x5:0x00000001 x26:0xffffafed
     147375.000 ns	     14736	800035d4	0073d613	srli	x12,x7,0x7	  x7:0xf1dc1000 x12=0x01e3b820
     147395.000 ns	     14738	800035d8	e0030ad3	fmv.x.w	x21,f6	  f6:0x3aff8d7e x21=0x3aff8d7e
     147425.000 ns	     14741	800035dc	c0072153	fcvt.w.s	x2,f14	 f14:0x3f800000  x2=0x00000001
     147445.000 ns	     14743	800035e0	41ca5333	sra	x6,x20,x28	 x20:0xfafeddbe x28:0x0000046e  x6=0xffffebfb
     147805.000 ns	     14779	800035e4	02c8d733	divu	x14,x17,x12	 x17:0x80041024 x12:0x01e3b820 x14=0x00000043
     147825.000 ns	     14781	800035e8	fc188537	lui	x10,0xfc188	 x10=0xfc188000
     147835.000 ns	     14782	800035ec	019aecb3	or	x25,x21,x25	 x21:0x3aff8d7e x25:0x00000020 x25=0x3aff8d7e
     147865.000 ns	     14785	800035f0	1114fc53	fmul.s	f24,f9,f17	  f9:0x00000000 f17:0x7fc00000 f24=0x7fc00000
     147885.000 ns	     14787	800035f4	00c5b733	sltu	x14,x11,x12	 x11:0x00000000 x12:0x01e3b820 x14=0x00000001
     147895.000 ns	     14788	800035f8	00151d93	slli	x27,x10,0x1	 x10:0xfc188000 x27=0xf8310000
     147905.000 ns	     14789	800035fc	8d7e7c13	andi	x24,x28,-1833	 x28:0x0000046e x24=0x00000046
     147925.000 ns	     14791	80003600	e00491d3	fclass.s	x3,f9	  f9:0x00000000  x3=0x00000010
     147975.000 ns	     14796	80003604	0148fcd3	fadd.s	f25,f17,f20	 f17:0x7fc00000 f20:0x00000000 f25=0x7fc00000
     147995.000 ns	     14798	80003608	8c08fd93	andi	x27,x17,-1856	 x17:0x80041024 x27=0x80041000
     148005.000 ns	     14799	8000360c	4f7b9617	auipc	x12,0x4f7b9	 x12=0xcf7bc60c
     148365.000 ns	     14835	80003610	03b84d33	div	x26,x16,x27	 x16:0x00000000 x27:0xf8310000 x26=0x00000000
     148395.000 ns	     14838	80003614	21849553	fsgnjn.s	f10,f9,f24	  f9:0x00000000 f24:0x7fc00000 f10=0x80000000
     148415.000 ns	     14840	80003618	a1eab697	auipc	x13,0xa1eab	 x13=0x21eae618
     148775.000 ns	     14876	8000361c	03957133	remu	x2,x10,x25	 x10:0xfc188000 x25:0x3aff8d7e  x2=0x101a4a08
     148815.000 ns	     14880	80003620	58047653	fsqrt.s	f12,f8	  f8:0x7fc00000 f12=0x7fc00000
     148865.000 ns	     14885	80003624	0946bdd3	fsub.s	f27,f13,f20	 f13:0x4e9cf800 f20:0x00000000 f27=0x4e9cf800
     148885.000 ns	     14887	80003628	2d43e493	ori	x9,x7,724	  x7:0xf1dc1000  x9=0xf1dc12d4
     148895.000 ns	     14888	8000362c	01499313	slli	x6,x19,0x14	 x19:0x00000000  x6=0x00000000
     148905.000 ns	     14889	80003630	3ffa0393	addi	x7,x20,1023	 x20:0xfafeddbe  x7=0xfafee1bd
     149265.000 ns	     14925	80003634	031e59b3	divu	x19,x28,x17	 x28:0x0000046e x17:0x80041024 x19=0x00000000
     149295.000 ns	     14928	80003638	d01886d3	fcvt.s.wu	f13,x17	 x17:0x80041024 f13=0x4f000410
     149315.000 ns	     14930	8000363c	cf99fd13	andi	x26,x19,-775	 x19:0x00000000 x26=0x00000000
     149335.000 ns	     14932	80003640	2095a8d3	fsgnjx.s	f17,f11,f9	 f11:0x00000000  f9:0x00000000 f17=0x00000000
     149365.000 ns	     14935	80003644	c01da753	fcvt.wu.s	x14,f27	 f27:0x4e9cf800 x14=0x4e7c0000
     149395.000 ns	     14938	80003648	21dd2bd3	fsgnjx.s	f23,f26,f29	 f26:0x3aff8d7e f29:0x3aff8d7e f23=0x3aff8d7e
     149425.000 ns	     14941	8000364c	20640153	fsgnj.s	f2,f8,f6	  f8:0x7fc00000  f6:0x3aff8d7e  f2=0x7fc00000
     149455.000 ns	     14944	80003650	0209ea33	rem	x20,x19,x0	 x19:0x00000000  x0:0x00000000 x20=0x00000000
     149475.000 ns	     14946	80003654	00ce71b3	and	x3,x28,x12	 x28:0x0000046e x12:0xcf7bc60c  x3=0x0000040c
     149835.000 ns	     14982	80003658	036c40b3	div	x1,x24,x22	 x24:0x00000046 x22:0x80040fe4  x1=0x00000000
     149865.000 ns	     14985	8000365c	c006a4d3	fcvt.w.s	x9,f13	 f13:0x4f000410  x9=0x7fffffff
     149895.000 ns	     14988	80003660	e00b8853	fmv.x.w	x16,f23	 f23:0x3aff8d7e x16=0x3aff8d7e
     149915.000 ns	     14990	80003664	dd6e2b37	lui	x22,0xdd6e2	 x22=0xdd6e2000
     149925.000 ns	     14991	80003668	611d6e13	ori	x28,x26,1553	 x26:0x00000000 x28=0x00000611
     149935.000 ns	     14992	8000366c	9d0a6b13	ori	x22,x20,-1584	 x20:0x00000000 x22=0xfffff9d0
     150295.000 ns	     15028	80003670	023a5a33	divu	x20,x20,x3	 x20:0x00000000  x3:0x0000040c x20=0x00000000
     150315.000 ns	     15030	80003674	01cf9593	slli	x11,x31,0x1c	 x31:0xfafeddbe x11=0xe0000000
     150325.000 ns	     15031	80003678	0035d693	srli	x13,x11,0x3	 x11:0x00000000 x13=0x1c000000
     150335.000 ns	     15032	8000367c	602c8093	addi	x1,x25,1538	 x25:0x3aff8d7e  x1=0x3aff9380
     150345.000 ns	     15033	80003680	01c30a33	add	x20,x6,x28	  x6:0x00000000 x28:0x00000611 x20=0x00000611
     150365.000 ns	     15035	80003684	e00206d3	fmv.x.w	x13,f4	  f4:0x7fc00000 x13=0x7fc00000
     150385.000 ns	     15037	80003688	011a1693	slli	x13,x20,0x11	 x20:0x00000000 x13=0x0c220000
     150395.000 ns	     15038	8000368c	018462b3	or	x5,x8,x24	  x8:0xfffffb92 x24:0x00000046  x5=0xfffffbd6
     150435.000 ns	     15042	80003690	003c36d3	fadd.s	f13,f24,f3	 f24:0x7fc00000  f3:0x00000000 f13=0x7fc00000
     150465.000 ns	     15045	80003694	294a03d3	fmin.s	f7,f20,f20	 f20:0x00000000 f20:0x00000000  f7=0x00000000
     150495.000 ns	     15048	80003698	c01c7d53	fcvt.wu.s	x26,f24	 f24:0x7fc00000 x26=0xffffffff
     150515.000 ns	     15050	8000369c	0013a2b3	slt	x5,x7,x1	  x7:0xfafee1bd  x1:0x3aff9380  x5=0x00000001
     150525.000 ns	     15051	800036a0	018b8d33	add	x26,x23,x24	 x23:0x3b94a52c x24:0x00000046 x26=0x3b94a572
     150535.000 ns	     15052	800036a4	7870fc13	andi	x24,x1,1927	  x1:0x3aff9380 x24=0x00000380
     150575.000 ns	     15056	800036a8	003f7253	fadd.s	f4,f30,f3	 f30:0x7fc00000  f3:0x00000000  f4=0x7fc00000
     150595.000 ns	     15058	800036ac	5b2ece13	xori	x28,x29,1458	 x29:0x80040fe4 x28=0x80040a56
     150605.000 ns	     15059	800036b0	00c70b33	add	x22,x14,x12	 x14:0x4e7c0000 x12:0xcf7bc60c x22=0x1df7c60c
     150615.000 ns	     15060	800036b4	b54b0213	addi	x4,x22,-1196	 x22:0xfffff9d0  x4=0x1df7c160
     150625.000 ns	     15061	800036b8	003c41b3	xor	x3,x24,x3	 x24:0x00000380  x3:0x0000040c  x3=0x0000078c
     150635.000 ns	     15062	800036bc	00225a33	srl	x20,x4,x2	  x4:0x00000001  x2:0x101a4a08 x20=0x001df7c1
     150655.000 ns	     15064	800036c0	f00a0a53	fmv.w.x	f20,x20	 x20:0x00000611 f20=0x001df7c1
     150675.000 ns	     15066	800036c4	40685f33	sra	x30,x16,x6	 x16:0x3aff8d7e  x6:0x00000000 x30=0x3aff8d7e
     150695.000 ns	     15068	800036c8	024f3db3	mulhu	x27,x30,x4	 x30:0x7d2995a8  x4:0x1df7c160 x27=0x06e80c29
     150715.000 ns	     15070	800036cc	400a84b3	sub	x9,x21,x0	 x21:0x3aff8d7e  x0:0x00000000  x9=0x3aff8d7e
     150725.000 ns	     15071	800036d0	518ef993	andi	x19,x29,1304	 x29:0x80040fe4 x19=0x00000500
     150745.000 ns	     15073	800036d4	a0e013d3	flt.s	x7,f0,f14	  f0:0xcca02408 f14:0x3f800000  x7=0x00000001
     150765.000 ns	     15075	800036d8	1c450313	addi	x6,x10,452	 x10:0xfc188000  x6=0xfc1881c4
     150775.000 ns	     15076	800036dc	014bc033	xor	x0,x23,x20	 x23:0x3b94a52c x20:0x001df7c1
     150795.000 ns	     15078	800036e0	a0b89453	flt.s	x8,f17,f11	 f17:0x00000000 f11:0x00000000  x8=0x00000000
     150815.000 ns	     15080	800036e4	00000013	addi	x0,x0,0	  x0:0x00000000
     150835.000 ns	     15082	800036e8	d00d4fd3	fcvt.s.w	f31,x26	 x26:0x3b94a572 f31=0x4e6e5296
     151205.000 ns	     15119	800036ec	02b0e533	rem	x10,x1,x11	  x1:0x3aff9380 x11:0xe0000000 x10=0x1aff9380
     151235.000 ns	     15122	800036f0	c0182a53	fcvt.wu.s	x20,f16	 f16:0x4f7ffff5 x20=0xfffff500
     151255.000 ns	     15124	800036f4	e39c1ab7	lui	x21,0xe39c1	 x21=0xe39c1000
     151265.000 ns	     15125	800036f8	099f8693	addi	x13,x31,153	 x31:0xfafeddbe x13=0xfafede57
     151285.000 ns	     15127	800036fc	03f71db3	mulh	x27,x14,x31	 x14:0x4e7c0000 x31:0xfafeddbe x27=0xfe773b03
     151305.000 ns	     15129	80003700	00fed4b3	srl	x9,x29,x15	 x29:0x80040fe4 x15:0x0f8ad032  x9=0x00002001
     151315.000 ns	     15130	80003704	004c5db3	srl	x27,x24,x4	 x24:0x00000380  x4:0x1df7c160 x27=0x00000380
     151335.000 ns	     15132	80003708	a1da0cd3	fle.s	x25,f20,f29	 f20:0x001df7c1 f29:0x3aff8d7e x25=0x00000001
     151365.000 ns	     15135	8000370c	a0d62053	feq.s	x0,f12,f13	 f12:0x7fc00000 f13:0x7fc00000
     151385.000 ns	     15137	80003710	c1563393	sltiu	x7,x12,-1003	 x12:0xcf7bc60c  x7=0x00000001
     151395.000 ns	     15138	80003714	a71ede37	lui	x28,0xa71ed	 x28=0xa71ed000
     151435.000 ns	     15142	80003718	0178f653	fadd.s	f12,f17,f23	 f17:0x00000000 f23:0x3aff8d7e f12=0x3aff8d7e
     151475.000 ns	     15146	8000371c	1047f9d3	fmul.s	f19,f15,f4	 f15:0x80000000  f4:0x7fc00000 f19=0x7fc00000
     151495.000 ns	     15148	80003720	22188113	addi	x2,x17,545	 x17:0x80041024  x2=0x80041245
     151505.000 ns	     15149	80003724	d0b78b13	addi	x22,x15,-757	 x15:0x0f8ad032 x22=0x0f8acd3d
     151515.000 ns	     15150	80003728	01422433	slt	x8,x4,x20	  x4:0x1df7c160 x20:0xfffff500  x8=0x00000000
     151535.000 ns	     15152	8000372c	c006a853	fcvt.w.s	x16,f13	 f13:0x7fc00000 x16=0x7fffffff
     151565.000 ns	     15155	80003730	a1888dd3	fle.s	x27,f17,f24	 f17:0x00000000 f24:0x7fc00000 x27=0x00000000
     151585.000 ns	     15157	80003734	00a673b3	and	x7,x12,x10	 x12:0xcf7bc60c x10:0x1aff9380  x7=0x0a7b8200
     151605.000 ns	     15159	80003738	217512d3	fsgnjn.s	f5,f10,f23	 f10:0x80000000 f23:0x3aff8d7e  f5=0x80000000
     151625.000 ns	     15161	8000373c	3c791597	auipc	x11,0x3c791	 x11=0xbc79473c
     151645.000 ns	     15163	80003740	d0072b53	fcvt.s.w	f22,x14	 x14:0x4e7c0000 f22=0x4e9cf800
     151665.000 ns	     15165	80003744	01eea033	slt	x0,x29,x30	 x29:0x80040fe4 x30:0x3aff8d7e
     151675.000 ns	     15166	80003748	4034db33	sra	x22,x9,x3	  x9:0x00002001  x3:0x0000078c x22=0x00000002
     151695.000 ns	     15168	8000374c	f00d8d53	fmv.w.x	f26,x27	 x27:0x00000000 f26=0x00000000
     151745.000 ns	     15173	80003750	0144b6d3	fadd.s	f13,f9,f20	  f9:0x00000000 f20:0x001df7c1 f13=0x001df7c1
     151795.000 ns	     15178	80003754	081e7ad3	fsub.s	f21,f28,f1	 f28:0x00000000  f1:0x80000000 f21=0x00000000
     151815.000 ns	     15180	80003758	d76e2d93	slti	x27,x28,-650	 x28:0xa71ed000 x27=0x00000001
     151825.000 ns	     15181	8000375c	1d500017	auipc	x0,0x1d500	
     151845.000 ns	     15183	80003760	208f8553	fsgnj.s	f10,f31,f8	 f31:0x4e6e5296  f8:0x7fc00000 f10=0x4e6e5296
     151865.000 ns	     15185	80003764	d56ad0b7	lui	x1,0xd56ad	  x1=0xd56ad000
     152225.000 ns	     15221	80003768	02265d33	divu	x26,x12,x2	 x12:0xcf7bc60c  x2:0x80041245 x26=0x00000001
     152245.000 ns	     15223	8000376c	00a25413	srli	x8,x4,0xa	  x4:0x1df7c160  x8=0x00077df0
     152255.000 ns	     15224	80003770	017d5033	srl	x0,x26,x23	 x26:0x00000001 x23:0x3b94a52c
     152275.000 ns	     15226	80003774	c0134853	fcvt.wu.s	x16,f6	  f6:0x3aff8d7e x16=0x00000000
     152295.000 ns	     15228	80003778	6f4e4013	xori	x0,x28,1780	 x28:0xa71ed000
     152305.000 ns	     15229	8000377c	00589913	slli	x18,x17,0x5	 x17:0x80041024 x18=0x00820480
     152315.000 ns	     15230	80003780	ba5a0717	auipc	x14,0xba5a0	 x14=0x3a5a3780
     152335.000 ns	     15232	80003784	03393233	mulhu	x4,x18,x19	 x18:0xffffffff x19:0x00000500  x4=0x00000002
     152365.000 ns	     15235	80003788	030bdc33	divu	x24,x23,x16	 x23:0x3b94a52c x16:0x00000000 x24=0xffffffff
     152395.000 ns	     15238	8000378c	0295bc33	mulhu	x24,x11,x9	 x11:0xbc79473c  x9:0x00002001 x24=0x0000178f
     152425.000 ns	     15241	80003790	a0f825d3	feq.s	x11,f16,f15	 f16:0x4f7ffff5 f15:0x80000000 x11=0x00000000
     152455.000 ns	     15244	80003794	03dba233	mulhsu	x4,x23,x29	 x23:0x3b94a52c x29:0x80040fe4  x4=0x1dcb449b
     152475.000 ns	     15246	80003798	b16c0d93	addi	x27,x24,-1258	 x24:0x0000178f x27=0x000012a5
     152495.000 ns	     15248	8000379c	28ad9453	fmax.s	f8,f27,f10	 f27:0x4e9cf800 f10:0x4e6e5296  f8=0x4e9cf800
     152525.000 ns	     15251	800037a0	a1000353	fle.s	x6,f0,f16	  f0:0xcca02408 f16:0x4f7ffff5  x6=0x00000001
     152565.000 ns	     15255	800037a4	10e31053	fmul.s	f0,f6,f14	  f6:0x3aff8d7e f14:0x3f800000  f0=0x3aff8d7e
     152595.000 ns	     15258	800037a8	038e24b3	mulhsu	x9,x28,x24	 x28:0xa71ed000 x24:0x0000178f  x9=0xfffff7d2
     152615.000 ns	     15260	800037ac	01372a33	slt	x20,x14,x19	 x14:0x3a5a3780 x19:0x00000500 x20=0x00000000
     152625.000 ns	     15261	800037b0	0015b633	sltu	x12,x11,x1	 x11:0x00000000  x1:0xd56ad000 x12=0x00000001
     152645.000 ns	     15263	800037b4	e0029253	fclass.s	x4,f5	  f5:0x80000000  x4=0x00000008
     152675.000 ns	     15266	800037b8	28cb08d3	fmin.s	f17,f22,f12	 f22:0x4e9cf800 f12:0x3aff8d7e f17=0x3aff8d7e
     152705.000 ns	     15269	800037bc	a1a49e53	flt.s	x28,f9,f26	  f9:0x00000000 f26:0x00000000 x28=0x00000000
     152735.000 ns	     15272	800037c0	21399f53	fsgnjn.s	f30,f19,f19	 f19:0x7fc00000 f19:0x7fc00000 f30=0xffc00000
     152755.000 ns	     15274	800037c4	006e1d13	slli	x26,x28,0x6	 x28:0x00000000 x26=0x00000000
     152765.000 ns	     15275	800037c8	009287b3	add	x15,x5,x9	  x5:0x00000001  x9:0xfffff7d2 x15=0xfffff7d3
     152775.000 ns	     15276	800037cc	01885033	srl	x0,x16,x24	 x16:0x00000000 x24:0x0000178f
     152785.000 ns	     15277	800037d0	62fa8293	addi	x5,x21,1583	 x21:0xe39c1000  x5=0xe39c162f
     152795.000 ns	     15278	800037d4	00a66633	or	x12,x12,x10	 x12:0x00000001 x10:0x1aff9380 x12=0x1aff9381
     152815.000 ns	     15280	800037d8	e00b1853	fclass.s	x16,f22	 f22:0x4e9cf800 x16=0x00000040
     152835.000 ns	     15282	800037dc	ae4d0913	addi	x18,x26,-1308	 x26:0x00000000 x18=0xfffffae4
     152845.000 ns	     15283	800037e0	00f0f3b3	and	x7,x1,x15	  x1:0xd56ad000 x15:0xfffff7d3  x7=0xd56ad000
     152855.000 ns	     15284	800037e4	01ba9433	sll	x8,x21,x27	 x21:0xe39c1000 x27:0x000012a5  x8=0x73820000
     152875.000 ns	     15286	800037e8	030a9a33	mulh	x20,x21,x16	 x21:0xe39c1000 x16:0x00000040 x20=0xfffffff8
     152905.000 ns	     15289	800037ec	e0098ad3	fmv.x.w	x21,f19	 f19:0x7fc00000 x21=0x7fc00000
     152925.000 ns	     15291	800037f0	843a63b7	lui	x7,0x843a6	  x7=0x843a6000
     152935.000 ns	     15292	800037f4	ffaa03b7	lui	x7,0xffaa0	  x7=0xffaa0000
     152945.000 ns	     15293	800037f8	d9c7f693	andi	x13,x15,-612	 x15:0xfffff7d3 x13=0xfffff590
     152965.000 ns	     15295	800037fc	e0088253	fmv.x.w	x4,f17	 f17:0x3aff8d7e  x4=0x3aff8d7e
     153335.000 ns	     15332	80003800	03defdb3	remu	x27,x29,x29	 x29:0x80040fe4 x29:0x80040fe4 x27=0x00000000
     153365.000 ns	     15335	80003804	02e794b3	mulh	x9,x15,x14	 x15:0xfffff7d3 x14:0x3a5a3780  x9=0xfffffe22
     153395.000 ns	     15338	80003808	29701853	fmax.s	f16,f0,f23	  f0:0x3aff8d7e f23:0x3aff8d7e f16=0x3aff8d7e
     153425.000 ns	     15341	8000380c	c01a2753	fcvt.wu.s	x14,f20	 f20:0x001df7c1 x14=0x00000000
     153445.000 ns	     15343	80003810	418f5933	sra	x18,x30,x24	 x30:0x3aff8d7e x24:0x0000178f x18=0x000075ff
     153465.000 ns	     15345	80003814	e0060cd3	fmv.x.w	x25,f12	 f12:0x3aff8d7e x25=0x3aff8d7e
     153495.000 ns	     15348	80003818	216cac53	fsgnjx.s	f24,f25,f22	 f25:0x7fc00000 f22:0x4e9cf800 f24=0x7fc00000
     153515.000 ns	     15350	8000381c	c708be37	lui	x28,0xc708b	 x28=0xc708b000
     153525.000 ns	     15351	80003820	24d9b113	sltiu	x2,x19,589	 x19:0x00000500  x2=0x00000000
     153555.000 ns	     15354	80003824	1815f753	fdiv.s	f14,f11,f1	 f11:0x00000000  f1:0x80000000 f14=0x7fc00000
     153605.000 ns	     15359	80003828	0867f7d3	fsub.s	f15,f15,f6	 f15:0x80000000  f6:0x3aff8d7e f15=0xbaff8d7e
     153635.000 ns	     15362	8000382c	02100c33	mul	x24,x0,x1	  x0:0x00000000  x1:0xd56ad000 x24=0x00000000
     153675.000 ns	     15366	80003830	10bbf553	fmul.s	f10,f23,f11	 f23:0x3aff8d7e f11:0x00000000 f10=0x00000000
     153705.000 ns	     15369	80003834	29b494d3	fmax.s	f9,f9,f27	  f9:0x00000000 f27:0x4e9cf800  f9=0x4e9cf800
     153735.000 ns	     15372	80003838	c0019153	fcvt.w.s	x2,f3	  f3:0x00000000  x2=0x00000000
     153755.000 ns	     15374	8000383c	01ba6033	or	x0,x20,x27	 x20:0xfffffff8 x27:0x00000000
     153765.000 ns	     15375	80003840	01cddf13	srli	x30,x27,0x1c	 x27:0x00000000 x30=0x00000000
     153785.000 ns	     15377	80003844	209f0953	fsgnj.s	f18,f30,f9	 f30:0xffc00000  f9:0x4e9cf800 f18=0x7fc00000
     153805.000 ns	     15379	80003848	3da1f617	auipc	x12,0x3da1f	 x12=0xbda22848
     154165.000 ns	     15415	8000384c	024dce33	div	x28,x27,x4	 x27:0x00000000  x4:0x3aff8d7e x28=0x00000000
     154195.000 ns	     15418	80003850	e0060053	fmv.x.w	x0,f12	 f12:0x3aff8d7e
     154225.000 ns	     15421	80003854	293e90d3	fmax.s	f1,f29,f19	 f29:0x3aff8d7e f19:0x7fc00000  f1=0x3aff8d7e
     154245.000 ns	     15423	80003858	40195bb3	sra	x23,x18,x1	 x18:0x000075ff  x1:0xd56ad000 x23=0x000075ff
     154255.000 ns	     15424	8000385c	794f3b37	lui	x22,0x794f3	 x22=0x794f3000
     154265.000 ns	     15425	80003860	00000013	addi	x0,x0,0	  x0:0x00000000
     154275.000 ns	     15426	80003864	00000013	addi	x0,x0,0	  x0:0x00000000
     154635.000 ns	     15462	80003868	02db4f33	div	x30,x22,x13	 x22:0x794f3000 x13:0xfffff590 x30=0xfff460a8
     154665.000 ns	     15465	8000386c	a06d9353	flt.s	x6,f27,f6	 f27:0x4e9cf800  f6:0x3aff8d7e  x6=0x00000000
     154685.000 ns	     15467	80003870	4e223637	lui	x12,0x4e223	 x12=0x4e223000
     154715.000 ns	     15470	80003874	109d0153	fmul.s	f2,f26,f9	 f26:0x00000000  f9:0x4e9cf800  f2=0x00000000
     154735.000 ns	     15472	80003878	004c0ab3	add	x21,x24,x4	 x24:0x00000000  x4:0x3aff8d7e x21=0x3aff8d7e
     154755.000 ns	     15474	8000387c	037700b3	mul	x1,x14,x23	 x14:0x00000000 x23:0x000075ff  x1=0x00000000
     154785.000 ns	     15477	80003880	d00d15d3	fcvt.s.w	f11,x26	 x26:0x00000000 f11=0x00000000
     154825.000 ns	     15481	80003884	11452f53	fmul.s	f30,f10,f20	 f10:0x00000000 f20:0x001df7c1 f30=0x00000000
     154855.000 ns	     15484	80003888	f00e05d3	fmv.w.x	f11,x28	 x28:0x00000000 f11=0x00000000
     154875.000 ns	     15486	8000388c	01605713	srli	x14,x0,0x16	  x0:0x00000000 x14=0x00000000
     154885.000 ns	     15487	80003890	b7a96093	ori	x1,x18,-1158	 x18:0x000075ff  x1=0xffffffff
     154895.000 ns	     15488	80003894	01d15993	srli	x19,x2,0x1d	  x2:0x00000000 x19=0x00000000
     154925.000 ns	     15491	80003898	198b74d3	fdiv.s	f9,f22,f24	 f22:0x4e9cf800 f24:0x7fc00000  f9=0x7fc00000
     154955.000 ns	     15494	8000389c	03528733	mul	x14,x5,x21	  x5:0xe39c162f x21:0x3aff8d7e x14=0xbddbce22
     155325.000 ns	     15531	800038a0	0397d5b3	divu	x11,x15,x25	 x15:0xfffff7d3 x25:0x3aff8d7e x11=0x00000004
     155365.000 ns	     15535	800038a4	199eb753	fdiv.s	f14,f29,f25	 f29:0x3aff8d7e f25:0x7fc00000 f14=0x7fc00000
     155385.000 ns	     15537	800038a8	ebc07793	andi	x15,x0,-324	  x0:0x00000000 x15=0x00000000
     155425.000 ns	     15541	800038ac	01d4cd53	fadd.s	f26,f9,f29	  f9:0x7fc00000 f29:0x3aff8d7e f26=0x7fc00000
     155455.000 ns	     15544	800038b0	03b01ab3	mulh	x21,x0,x27	  x0:0x00000000 x27:0x00000000 x21=0x00000000
     155825.000 ns	     15581	800038b4	031eec33	rem	x24,x29,x17	 x29:0x80040fe4 x17:0x80041024 x24=0xffffffc0
     155855.000 ns	     15584	800038b8	c01a79d3	fcvt.wu.s	x19,f20	 f20:0x001df7c1 x19=0x00000000
     155875.000 ns	     15586	800038bc	0126b933	sltu	x18,x13,x18	 x13:0xfffff590 x18:0x000075ff x18=0x00000000
     155885.000 ns	     15587	800038c0	01aa9333	sll	x6,x21,x26	 x21:0x00000000 x26:0x00000000  x6=0x00000000
     155895.000 ns	     15588	800038c4	00d8a333	slt	x6,x17,x13	 x17:0x80041024 x13:0xfffff590  x6=0x00000001
     155925.000 ns	     15591	800038c8	5801fdd3	fsqrt.s	f27,f3	  f3:0x00000000 f27=0x00000000
     155945.000 ns	     15593	800038cc	c01f0113	addi	x2,x30,-1023	 x30:0xfff460a8  x2=0xfff45ca9
     155955.000 ns	     15594	800038d0	0071dcb3	srl	x25,x3,x7	  x3:0x0000078c  x7:0xffaa0000 x25=0x0000078c
     155965.000 ns	     15595	800038d4	01e9e633	or	x12,x19,x30	 x19:0x00000000 x30:0xfff460a8 x12=0xfff460a8
     156325.000 ns	     15631	800038d8	021844b3	div	x9,x16,x1	 x16:0x00000040  x1:0xffffffff  x9=0xffffffc0
     156355.000 ns	     15634	800038dc	f0008353	fmv.w.x	f6,x1	  x1:0xffffffff  f6=0xffffffff
     156385.000 ns	     15637	800038e0	205e2d53	fsgnjx.s	f26,f28,f5	 f28:0x00000000  f5:0x80000000 f26=0x80000000
     156415.000 ns	     15640	800038e4	d0163953	fcvt.s.wu	f18,x12	 x12:0xfff460a8 f18=0x4f7ff461
     156445.000 ns	     15643	800038e8	20cc2753	fsgnjx.s	f14,f24,f12	 f24:0x7fc00000 f12:0x3aff8d7e f14=0x7fc00000
     156495.000 ns	     15648	800038ec	08f54c53	fsub.s	f24,f10,f15	 f10:0x00000000 f15:0xbaff8d7e f24=0x3aff8d7e
     156515.000 ns	     15650	800038f0	4081dc33	sra	x24,x3,x8	  x3:0x0000078c  x8:0x73820000 x24=0x0000078c
     156525.000 ns	     15651	800038f4	01615913	srli	x18,x2,0x16	  x2:0xfff45ca9 x18=0x000003ff
     156545.000 ns	     15653	800038f8	031e3933	mulhu	x18,x28,x17	 x28:0x00000000 x17:0x80041024 x18=0x00000000
     156565.000 ns	     15655	800038fc	018a1cb3	sll	x25,x20,x24	 x20:0xfffffff8 x24:0x0000078c x25=0xffff8000
     156575.000 ns	     15656	80003900	40775593	srai	x11,x14,0x7	 x14:0xbddbce22 x11=0xff7bb79c
     156595.000 ns	     15658	80003904	c0137bd3	fcvt.wu.s	x23,f6	  f6:0xffffffff x23=0xffffffff
     156615.000 ns	     15660	80003908	b6b27c97	auipc	x25,0xb6b27	 x25=0x36b2a908
     156635.000 ns	     15662	8000390c	03a22933	mulhsu	x18,x4,x26	  x4:0x3aff8d7e x26:0x00000000 x18=0x00000000
     156655.000 ns	     15664	80003910	00000013	addi	x0,x0,0	  x0:0x00000000
     156675.000 ns	     15666	80003914	d0088c53	fcvt.s.w	f24,x17	 x17:0x80041024 f24=0xcefff7df
     156705.000 ns	     15669	80003918	a19316d3	flt.s	x13,f6,f25	  f6:0xffffffff f25:0x7fc00000 x13=0x00000000
     156725.000 ns	     15671	8000391c	01d3b633	sltu	x12,x7,x29	  x7:0xffaa0000 x29:0x80040fe4 x12=0x00000000
     156735.000 ns	     15672	80003920	40d780b3	sub	x1,x15,x13	 x15:0x00000000 x13:0x00000000  x1=0x00000000
     156745.000 ns	     15673	80003924	41ec5313	srai	x6,x24,0x1e	 x24:0x0000078c  x6=0x00000000
     156765.000 ns	     15675	80003928	03bf1ab3	mulh	x21,x30,x27	 x30:0xfff460a8 x27:0x00000000 x21=0x00000000
     156785.000 ns	     15677	8000392c	00490633	add	x12,x18,x4	 x18:0x00000000  x4:0x3aff8d7e x12=0x3aff8d7e
     156795.000 ns	     15678	80003930	f79ded17	auipc	x26,0xf79de	 x26=0x779e1930
     156805.000 ns	     15679	80003934	3cdf0313	addi	x6,x30,973	 x30:0xfff460a8  x6=0xfff46475
     156815.000 ns	     15680	80003938	0080d433	srl	x8,x1,x8	  x1:0x00000000  x8:0x73820000  x8=0x00000000
     156835.000 ns	     15682	8000393c	d01dfa53	fcvt.s.wu	f20,x27	 x27:0x00000000 f20=0x00000000
     156855.000 ns	     15684	80003940	01058e33	add	x28,x11,x16	 x11:0xff7bb79c x16:0x00000040 x28=0xff7bb7dc
     156865.000 ns	     15685	80003944	408c0133	sub	x2,x24,x8	 x24:0x0000078c  x8:0x00000000  x2=0x0000078c
     156875.000 ns	     15686	80003948	414000b3	sub	x1,x0,x20	  x0:0x00000000 x20:0xfffffff8  x1=0x00000008
     156885.000 ns	     15687	8000394c	5d923e13	sltiu	x28,x4,1497	  x4:0x3aff8d7e x28=0x00000000
     156895.000 ns	     15688	80003950	41540c33	sub	x24,x8,x21	  x8:0x00000000 x21:0x00000000 x24=0x00000000
     156905.000 ns	     15689	80003954	7252aa93	slti	x21,x5,1829	  x5:0xe39c162f x21=0x00000001
     156915.000 ns	     15690	80003958	00130733	add	x14,x6,x1	  x6:0xfff46475  x1:0x00000008 x14=0xfff4647d
     156935.000 ns	     15692	8000395c	215e84d3	fsgnj.s	f9,f29,f21	 f29:0x3aff8d7e f21:0x00000000  f9=0x3aff8d7e
     156965.000 ns	     15695	80003960	03c44bb3	div	x23,x8,x28	  x8:0x00000000 x28:0x00000000 x23=0xffffffff
     157015.000 ns	     15700	80003964	019bf553	fadd.s	f10,f23,f25	 f23:0x3aff8d7e f25:0x7fc00000 f10=0x7fc00000
     157045.000 ns	     15703	80003968	a0072653	feq.s	x12,f14,f0	 f14:0x7fc00000  f0:0x3aff8d7e x12=0x00000000
     157075.000 ns	     15706	8000396c	c0093cd3	fcvt.w.s	x25,f18	 f18:0x4f7ff461 x25=0x7fffffff
     157105.000 ns	     15709	80003970	f00f0cd3	fmv.w.x	f25,x30	 x30:0xfff460a8 f25=0xfff460a8
     157475.000 ns	     15746	80003974	03d86db3	rem	x27,x16,x29	 x16:0x00000040 x29:0x80040fe4 x27=0x00000040
     157495.000 ns	     15748	80003978	002f45b3	xor	x11,x30,x2	 x30:0xfff460a8  x2:0x0000078c x11=0xfff46724
     157505.000 ns	     15749	8000397c	0041c9b3	xor	x19,x3,x4	  x3:0x0000078c  x4:0x3aff8d7e x19=0x3aff8af2
     157525.000 ns	     15751	80003980	e00f0bd3	fmv.x.w	x23,f30	 f30:0x00000000 x23=0x00000000
     157545.000 ns	     15753	80003984	01665c13	srli	x24,x12,0x16	 x12:0x00000000 x24=0x00000000
     157555.000 ns	     15754	80003988	d0900c93	addi	x25,x0,-759	  x0:0x00000000 x25=0xfffffd09
     157565.000 ns	     15755	8000398c	410c5f13	srai	x30,x24,0x10	 x24:0x00000000 x30=0x00000000
     157575.000 ns	     15756	80003990	4163dd13	srai	x26,x7,0x16	  x7:0xffaa0000 x26=0xfffffffe
     157585.000 ns	     15757	80003994	013be333	or	x6,x23,x19	 x23:0x00000000 x19:0x3aff8af2  x6=0x3aff8af2
     157605.000 ns	     15759	80003998	f0038e53	fmv.w.x	f28,x7	  x7:0xffaa0000 f28=0xffaa0000
     157635.000 ns	     15762	8000399c	a11191d3	flt.s	x3,f3,f17	  f3:0x00000000 f17:0x3aff8d7e  x3=0x00000001
     157655.000 ns	     15764	800039a0	01ecfab3	and	x21,x25,x30	 x25:0xfffffd09 x30:0x00000000 x21=0x00000000
     157665.000 ns	     15765	800039a4	5a43c517	auipc	x10,0x5a43c	 x10=0xda43f9a4
     157695.000 ns	     15768	800039a8	580578d3	fsqrt.s	f17,f10	 f10:0x7fc00000 f17=0x7fc00000
     157725.000 ns	     15771	800039ac	c0197c53	fcvt.wu.s	x24,f18	 f18:0x4f7ff461 x24=0xfff46100
     157745.000 ns	     15773	800039b0	41f68bb3	sub	x23,x13,x31	 x13:0x00000000 x31:0xfafeddbe x23=0x05012242
     157765.000 ns	     15775	800039b4	02a1a9b3	mulhsu	x19,x3,x10	  x3:0x00000001 x10:0xda43f9a4 x19=0x00000000
     157795.000 ns	     15778	800039b8	02feb0b3	mulhu	x1,x29,x15	 x29:0x80040fe4 x15:0x00000000  x1=0x00000000
     157845.000 ns	     15783	800039bc	094df353	fsub.s	f6,f27,f20	 f27:0x00000000 f20:0x00000000  f6=0x80000000
     157865.000 ns	     15785	800039c0	ce316b13	ori	x22,x2,-797	  x2:0x0000078c x22=0xffffffef
     157875.000 ns	     15786	800039c4	0002e433	or	x8,x5,x0	  x5:0xe39c162f  x0:0x00000000  x8=0xe39c162f
     157885.000 ns	     15787	800039c8	00d69cb3	sll	x25,x13,x13	 x13:0x00000000 x13:0x00000000 x25=0x00000000
     157895.000 ns	     15788	800039cc	01fb7233	and	x4,x22,x31	 x22:0xffffffef x31:0xfafeddbe  x4=0xfafeddae
     157915.000 ns	     15790	800039d0	020c6e33	rem	x28,x24,x0	 x24:0xfff46100  x0:0x00000000 x28=0xfff46100
     157945.000 ns	     15793	800039d4	206598d3	fsgnjn.s	f17,f11,f6	 f11:0x00000000  f6:0x80000000 f17=0x00000000
     157965.000 ns	     15795	800039d8	002e0cb3	add	x25,x28,x2	 x28:0xfff46100  x2:0x0000078c x25=0xfff4688c
     157985.000 ns	     15797	800039dc	28bb08d3	fmin.s	f17,f22,f11	 f22:0x4e9cf800 f11:0x00000000 f17=0x00000000
     158005.000 ns	     15799	800039e0	01381d13	slli	x26,x16,0x13	 x16:0x00000040 x26=0x02000000
     158025.000 ns	     15801	800039e4	028395b3	mulh	x11,x7,x8	  x7:0xffaa0000  x8:0xe39c162f x11=0x00098990
     158045.000 ns	     15803	800039e8	78d47193	andi	x3,x8,1933	  x8:0xe39c162f  x3=0x0000060d
     158055.000 ns	     15804	800039ec	004e03b3	add	x7,x28,x4	 x28:0xfff46100  x4:0xfafeddae  x7=0xfaf33eae
     158075.000 ns	     15806	800039f0	21202dd3	fsgnjx.s	f27,f0,f18	  f0:0x3aff8d7e f18:0x4f7ff461 f27=0x3aff8d7e
     158095.000 ns	     15808	800039f4	00da9393	slli	x7,x21,0xd	 x21:0x00000000  x7=0x00000000
     158105.000 ns	     15809	800039f8	f7af3a97	auipc	x21,0xf7af3	 x21=0x77af69f8
     158135.000 ns	     15812	800039fc	58030653	fsqrt.s	f12,f6	  f6:0x80000000 f12=0x80000000
     158155.000 ns	     15814	80003a00	01067333	and	x6,x12,x16	 x12:0x00000000 x16:0x00000040  x6=0x00000000
     158165.000 ns	     15815	80003a04	01eb4e33	xor	x28,x22,x30	 x22:0xffffffef x30:0x00000000 x28=0xffffffef
     158175.000 ns	     15816	80003a08	69666c13	ori	x24,x12,1686	 x12:0x00000000 x24=0x00000696
     158195.000 ns	     15818	80003a0c	c01e7a53	fcvt.wu.s	x20,f28	 f28:0xffaa0000 x20=0xffffffff
     158215.000 ns	     15820	80003a10	012fc233	xor	x4,x31,x18	 x31:0xfafeddbe x18:0x00000000  x4=0xfafeddbe
     158235.000 ns	     15822	80003a14	c01270d3	fcvt.wu.s	x1,f4	  f4:0x7fc00000  x1=0xffffffff
     158265.000 ns	     15825	80003a18	20f98ad3	fsgnj.s	f21,f19,f15	 f19:0x7fc00000 f15:0xbaff8d7e f21=0xffc00000
     158295.000 ns	     15828	80003a1c	c0061753	fcvt.w.s	x14,f12	 f12:0x80000000 x14=0x00000000
     158325.000 ns	     15831	80003a20	e00e0753	fmv.x.w	x14,f28	 f28:0xffaa0000 x14=0xffaa0000
     158345.000 ns	     15833	80003a24	ca70a2b7	lui	x5,0xca70a	  x5=0xca70a000
     158365.000 ns	     15835	80003a28	03ea2a33	mulhsu	x20,x20,x30	 x20:0xffffffff x30:0x00000000 x20=0x00000000
     158735.000 ns	     15872	80003a2c	03b7f7b3	remu	x15,x15,x27	 x15:0x00000000 x27:0x00000040 x15=0x00000000
     158775.000 ns	     15876	80003a30	195191d3	fdiv.s	f3,f3,f21	  f3:0x00000000 f21:0xffc00000  f3=0x7fc00000
     158795.000 ns	     15878	80003a34	8b17b813	sltiu	x16,x15,-1871	 x15:0x00000000 x16=0x00000001
     158805.000 ns	     15879	80003a38	c116f297	auipc	x5,0xc116f	  x5=0x41172a38
     158815.000 ns	     15880	80003a3c	00718db3	add	x27,x3,x7	  x3:0x0000060d  x7:0x00000000 x27=0x0000060d
     158835.000 ns	     15882	80003a40	028611b3	mulh	x3,x12,x8	 x12:0x00000000  x8:0xe39c162f  x3=0x00000000
     158865.000 ns	     15885	80003a44	28711cd3	fmax.s	f25,f2,f7	  f2:0x00000000  f7:0x00000000 f25=0x00000000
     158885.000 ns	     15887	80003a48	00ae9013	slli	x0,x29,0xa	 x29:0x80040fe4
     158895.000 ns	     15888	80003a4c	7df12613	slti	x12,x2,2015	  x2:0x0000078c x12=0x00000001
     158925.000 ns	     15891	80003a50	115f2ad3	fmul.s	f21,f30,f21	 f30:0x00000000 f21:0xffc00000 f21=0x7fc00000
     158945.000 ns	     15893	80003a54	41680e33	sub	x28,x16,x22	 x16:0x00000001 x22:0xffffffef x28=0x00000012
     159305.000 ns	     15929	80003a58	0220f9b3	remu	x19,x1,x2	  x1:0xffffffff  x2:0x0000078c x19=0x0000073b
     159355.000 ns	     15934	80003a5c	09242f53	fsub.s	f30,f8,f18	  f8:0x4e9cf800 f18:0x4f7ff461 f30=0xcf317861
     159385.000 ns	     15937	80003a60	a0fe06d3	fle.s	x13,f28,f15	 f28:0xffaa0000 f15:0xbaff8d7e x13=0x00000000
     159405.000 ns	     15939	80003a64	016c8b33	add	x22,x25,x22	 x25:0xfff4688c x22:0xffffffef x22=0xfff4687b
     159415.000 ns	     15940	80003a68	0475cc93	xori	x25,x11,71	 x11:0x00098990 x25=0x000989d7
     159425.000 ns	     15941	80003a6c	016d37b3	sltu	x15,x26,x22	 x26:0x02000000 x22:0xffffffef x15=0x00000001
     159445.000 ns	     15943	80003a70	e00791d3	fclass.s	x3,f15	 f15:0xbaff8d7e  x3=0x00000002
     159475.000 ns	     15946	80003a74	2140ac53	fsgnjx.s	f24,f1,f20	  f1:0x3aff8d7e f20:0x00000000 f24=0x3aff8d7e
     159505.000 ns	     15949	80003a78	21168953	fsgnj.s	f18,f13,f17	 f13:0x001df7c1 f17:0x00000000 f18=0x001df7c1
     159555.000 ns	     15954	80003a7c	08197253	fsub.s	f4,f18,f1	 f18:0x4f7ff461  f1:0x3aff8d7e  f4=0xbaff8d7e
     159595.000 ns	     15958	80003a80	10e39d53	fmul.s	f26,f7,f14	  f7:0x00000000 f14:0x7fc00000 f26=0x7fc00000
     159625.000 ns	     15961	80003a84	29c98153	fmin.s	f2,f19,f28	 f19:0x7fc00000 f28:0xffaa0000  f2=0x7fc00000
     159645.000 ns	     15963	80003a88	ef557e13	andi	x28,x10,-267	 x10:0xda43f9a4 x28=0xda43f8a4
     159655.000 ns	     15964	80003a8c	4001d013	srai	x0,x3,0x0	  x3:0x00000002
     159685.000 ns	     15967	80003a90	1017f8d3	fmul.s	f17,f15,f1	 f15:0xbaff8d7e  f1:0x3aff8d7e f17=0xb67f1b2f
     160055.000 ns	     16004	80003a94	03c472b3	remu	x5,x8,x28	  x8:0xe39c162f x28:0xda43f8a4  x5=0x09581d8b
     160075.000 ns	     16006	80003a98	00d3f1b3	and	x3,x7,x13	  x7:0x00000000 x13:0x00000000  x3=0x00000000
     160085.000 ns	     16007	80003a9c	01beedb3	or	x27,x29,x27	 x29:0x80040fe4 x27:0x0000060d x27=0x80040fed
     160095.000 ns	     16008	80003aa0	eafff493	andi	x9,x31,-337	 x31:0xfafeddbe  x9=0xfafedcae
     160455.000 ns	     16044	80003aa4	031be233	rem	x4,x23,x17	 x23:0x05012242 x17:0x80041024  x4=0x05012242
     160825.000 ns	     16081	80003aa8	02fce833	rem	x16,x25,x15	 x25:0x000989d7 x15:0x00000001 x16=0x00000000
     160845.000 ns	     16083	80003aac	f27c2913	slti	x18,x24,-217	 x24:0x00000696 x18=0x00000000
     160865.000 ns	     16085	80003ab0	e00e91d3	fclass.s	x3,f29	 f29:0x3aff8d7e  x3=0x00000040
     161235.000 ns	     16122	80003ab4	02c25c33	divu	x24,x4,x12	  x4:0x05012242 x12:0x00000001 x24=0x05012242
     161255.000 ns	     16124	80003ab8	003031b3	sltu	x3,x0,x3	  x0:0x00000000  x3:0x00000040  x3=0x00000001
     161265.000 ns	     16125	80003abc	01d90f33	add	x30,x18,x29	 x18:0x00000000 x29:0x80040fe4 x30=0x80040fe4
     161275.000 ns	     16126	80003ac0	409e0d33	sub	x26,x28,x9	 x28:0xda43f8a4  x9:0xfafedcae x26=0xdf451bf6
     161295.000 ns	     16128	80003ac4	e0001dd3	fclass.s	x27,f0	  f0:0x3aff8d7e x27=0x00000040
     161335.000 ns	     16132	80003ac8	1047f053	fmul.s	f0,f15,f4	 f15:0xbaff8d7e  f4:0xbaff8d7e  f0=0x367f1b2f
     161355.000 ns	     16134	80003acc	00e37b33	and	x22,x6,x14	  x6:0x00000000 x14:0xffaa0000 x22=0x00000000
     161365.000 ns	     16135	80003ad0	25ec5297	auipc	x5,0x25ec5	  x5=0xa5ec8ad0
     161375.000 ns	     16136	80003ad4	34524313	xori	x6,x4,837	  x4:0x05012242  x6=0x05012107
     161395.000 ns	     16138	80003ad8	03b705b3	mul	x11,x14,x27	 x14:0xffaa0000 x27:0x00000040 x11=0xea800000
     161415.000 ns	     16140	80003adc	006b1993	slli	x19,x22,0x6	 x22:0x00000000 x19=0x00000000
     162585.000 ns	     16257	80003ae0	580bc8d3	fsqrt.s	f17,f23	 f23:0x3aff8d7e f17=0x3cb4dc2e
     162605.000 ns	     16259	80003ae4	01a87d33	and	x26,x16,x26	 x16:0x00000000 x26:0xdf451bf6 x26=0x00000000
     162625.000 ns	     16261	80003ae8	213f9e53	fsgnjn.s	f28,f31,f19	 f31:0x4e6e5296 f19:0x7fc00000 f28=0xce6e5296
     162665.000 ns	     16265	80003aec	1168f653	fmul.s	f12,f17,f22	 f17:0x3cb4dc2e f22:0x4e9cf800 f12=0x4bddcac2
     162685.000 ns	     16267	80003af0	ef7df5b7	lui	x11,0xef7df	 x11=0xef7df000
     162695.000 ns	     16268	80003af4	402c57b3	sra	x15,x24,x2	 x24:0x05012242  x2:0x0000078c x15=0x00005012
     162705.000 ns	     16269	80003af8	1839cd97	auipc	x27,0x1839c	 x27=0x9839faf8
     162725.000 ns	     16271	80003afc	a08786d3	fle.s	x13,f15,f8	 f15:0xbaff8d7e  f8:0x4e9cf800 x13=0x00000001
     162755.000 ns	     16274	80003b00	03a651b3	divu	x3,x12,x26	 x12:0x00000001 x26:0x00000000  x3=0xffffffff
     162785.000 ns	     16277	80003b04	c0037b53	fcvt.w.s	x22,f6	  f6:0x80000000 x22=0x00000000
     162805.000 ns	     16279	80003b08	01241f33	sll	x30,x8,x18	  x8:0xe39c162f x18:0x00000000 x30=0xe39c162f
     162845.000 ns	     16283	80003b0c	001af7d3	fadd.s	f15,f21,f1	 f21:0x7fc00000  f1:0x3aff8d7e f15=0x7fc00000
     162865.000 ns	     16285	80003b10	00d2a933	slt	x18,x5,x13	  x5:0xa5ec8ad0 x13:0x00000001 x18=0x00000001
     162875.000 ns	     16286	80003b14	00000013	addi	x0,x0,0	  x0:0x00000000
     162885.000 ns	     16287	80003b18	3f202f13	slti	x30,x0,1010	  x0:0x00000000 x30=0x00000001
     162905.000 ns	     16289	80003b1c	f0020d53	fmv.w.x	f26,x4	  x4:0x05012242 f26=0x05012242
     162925.000 ns	     16291	80003b20	e2e46213	ori	x4,x8,-466	  x8:0xe39c162f  x4=0xfffffe2f
     162945.000 ns	     16293	80003b24	024dbc33	mulhu	x24,x27,x4	 x27:0x9839faf8  x4:0x05012242 x24=0x9839f9e3
     162995.000 ns	     16298	80003b28	0077aa53	fadd.s	f20,f15,f7	 f15:0x7fc00000  f7:0x00000000 f20=0x7fc00000
     163015.000 ns	     16300	80003b2c	7fda8393	addi	x7,x21,2045	 x21:0x77af69f8  x7=0x77af71f5
     163025.000 ns	     16301	80003b30	40cc56b3	sra	x13,x24,x12	 x24:0x9839f9e3 x12:0x00000001 x13=0xcc1cfcf1
     163035.000 ns	     16302	80003b34	001cc133	xor	x2,x25,x1	 x25:0x000989d7  x1:0xffffffff  x2=0xfff67628
     163055.000 ns	     16304	80003b38	a1e791d3	flt.s	x3,f15,f30	 f15:0x7fc00000 f30:0xcf317861  x3=0x00000000
     163075.000 ns	     16306	80003b3c	00896233	or	x4,x18,x8	 x18:0x00000001  x8:0xe39c162f  x4=0xe39c162f
     163095.000 ns	     16308	80003b40	296103d3	fmin.s	f7,f2,f22	  f2:0x7fc00000 f22:0x4e9cf800  f7=0x4e9cf800
     163465.000 ns	     16345	80003b44	0297f4b3	remu	x9,x15,x9	 x15:0x00005012  x9:0xfafedcae  x9=0x00005012
     163485.000 ns	     16347	80003b48	40d8f313	andi	x6,x17,1037	 x17:0x80041024  x6=0x00000004
     163495.000 ns	     16348	80003b4c	40ded513	srai	x10,x29,0xd	 x29:0x80040fe4 x10=0xfffc0020
     163515.000 ns	     16350	80003b50	c0029cd3	fcvt.w.s	x25,f5	  f5:0x80000000 x25=0x00000000
     163535.000 ns	     16352	80003b54	87278913	addi	x18,x15,-1934	 x15:0x00005012 x18=0x00004884
     163545.000 ns	     16353	80003b58	406385b3	sub	x11,x7,x6	  x7:0x77af71f5  x6:0x00000004 x11=0x77af71f1
     163565.000 ns	     16355	80003b5c	d01d7253	fcvt.s.wu	f4,x26	 x26:0x00000000  f4=0x00000000
     163595.000 ns	     16358	80003b60	29871953	fmax.s	f18,f14,f24	 f14:0x7fc00000 f24:0x3aff8d7e f18=0x3aff8d7e
     163645.000 ns	     16363	80003b64	0130f5d3	fadd.s	f11,f1,f19	  f1:0x3aff8d7e f19:0x7fc00000 f11=0x7fc00000
     163685.000 ns	     16367	80003b68	580a4153	fsqrt.s	f2,f20	 f20:0x7fc00000  f2=0x7fc00000
     163705.000 ns	     16369	80003b6c	015e0bb3	add	x23,x28,x21	 x28:0xda43f8a4 x21:0x77af69f8 x23=0x51f3629c
     163745.000 ns	     16373	80003b70	09dd2b53	fsub.s	f22,f26,f29	 f26:0x05012242 f29:0x3aff8d7e f22=0xbaff8d7e
     163765.000 ns	     16375	80003b74	00e4d6b3	srl	x13,x9,x14	  x9:0x00005012 x14:0xffaa0000 x13=0x00005012
     163775.000 ns	     16376	80003b78	ec5bb693	sltiu	x13,x23,-315	 x23:0x51f3629c x13=0x00000001
     163785.000 ns	     16377	80003b7c	24a2c293	xori	x5,x5,586	  x5:0xa5ec8ad0  x5=0xa5ec889a
     163795.000 ns	     16378	80003b80	00662533	slt	x10,x12,x6	 x12:0x00000001  x6:0x00000004 x10=0x00000001
     163805.000 ns	     16379	80003b84	4a48a213	slti	x4,x17,1188	 x17:0x80041024  x4=0x00000001
     163815.000 ns	     16380	80003b88	913b8c93	addi	x25,x23,-1773	 x23:0x51f3629c x25=0x51f35baf
     163835.000 ns	     16382	80003b8c	03709733	mulh	x14,x1,x23	  x1:0xffffffff x23:0x51f3629c x14=0xffffffff
     163855.000 ns	     16384	80003b90	008b0f33	add	x30,x22,x8	 x22:0x00000000  x8:0xe39c162f x30=0xe39c162f
     163865.000 ns	     16385	80003b94	40c4d313	srai	x6,x9,0xc	  x9:0x00005012  x6=0x00000005
     163885.000 ns	     16387	80003b98	02be19b3	mulh	x19,x28,x11	 x28:0xda43f8a4 x11:0x77af71f1 x19=0xee5bbc3f
     163905.000 ns	     16389	80003b9c	00641d33	sll	x26,x8,x6	  x8:0xe39c162f  x6:0x00000004 x26=0x7382c5e0
     163925.000 ns	     16391	80003ba0	29c106d3	fmin.s	f13,f2,f28	  f2:0x7fc00000 f28:0xce6e5296 f13=0xce6e5296
     163955.000 ns	     16394	80003ba4	d01f9953	fcvt.s.wu	f18,x31	 x31:0xfafeddbe f18=0x4f7afedd
     163975.000 ns	     16396	80003ba8	000d9733	sll	x14,x27,x0	 x27:0x9839faf8  x0:0x00000000 x14=0x9839faf8
     163995.000 ns	     16398	80003bac	c001b453	fcvt.w.s	x8,f3	  f3:0x7fc00000  x8=0x7fffffff
     164035.000 ns	     16402	80003bb0	1170c453	fmul.s	f8,f1,f23	  f1:0x3aff8d7e f23:0x3aff8d7e  f8=0x367f1b2f
     164055.000 ns	     16404	80003bb4	14acb313	sltiu	x6,x25,330	 x25:0x51f35baf  x6=0x00000000
     164075.000 ns	     16406	80003bb8	211d99d3	fsgnjn.s	f19,f27,f17	 f27:0x3aff8d7e f17:0x3cb4dc2e f19=0xbaff8d7e
     164105.000 ns	     16409	80003bbc	20e3a8d3	fsgnjx.s	f17,f7,f14	  f7:0x4e9cf800 f14:0x7fc00000 f17=0x4e9cf800
     164135.000 ns	     16412	80003bc0	f0050853	fmv.w.x	f16,x10	 x10:0x00000001 f16=0x00000001
     164155.000 ns	     16414	80003bc4	0125f5b3	and	x11,x11,x18	 x11:0x77af71f1 x18:0x00004884 x11=0x00004080
     164175.000 ns	     16416	80003bc8	e0000753	fmv.x.w	x14,f0	  f0:0x367f1b2f x14=0x367f1b2f
     164205.000 ns	     16419	80003bcc	02cb8433	mul	x8,x23,x12	 x23:0x51f3629c x12:0x00000001  x8=0x51f3629c
     164225.000 ns	     16421	80003bd0	0198d333	srl	x6,x17,x25	 x17:0x80041024 x25:0x51f35baf  x6=0x00010008
     164245.000 ns	     16423	80003bd4	20641653	fsgnjn.s	f12,f8,f6	  f8:0x367f1b2f  f6:0x80000000 f12=0x367f1b2f
     164265.000 ns	     16425	80003bd8	00abbdb3	sltu	x27,x23,x10	 x23:0x51f3629c x10:0x00000001 x27=0x00000000
     164285.000 ns	     16427	80003bdc	a106a2d3	feq.s	x5,f13,f16	 f13:0xce6e5296 f16:0x00000001  x5=0x00000000
     164315.000 ns	     16430	80003be0	20b087d3	fsgnj.s	f15,f1,f11	  f1:0x3aff8d7e f11:0x7fc00000 f15=0x3aff8d7e
     164335.000 ns	     16432	80003be4	007ba233	slt	x4,x23,x7	 x23:0x51f3629c  x7:0x77af71f5  x4=0x00000001
     164695.000 ns	     16468	80003be8	02fd44b3	div	x9,x26,x15	 x26:0x7382c5e0 x15:0x00005012  x9=0x0001714f
     164725.000 ns	     16471	80003bec	03392bb3	mulhsu	x23,x18,x19	 x18:0x00004884 x19:0xee5bbc3f x23=0x00004384
     164745.000 ns	     16473	80003bf0	004c3ab3	sltu	x21,x24,x4	 x24:0x9839f9e3  x4:0x00000001 x21=0x00000000
     165105.000 ns	     16509	80003bf4	032bebb3	rem	x23,x23,x18	 x23:0x00004384 x18:0x00004884 x23=0x00004384
     165445.000 ns	     16543	80003bf8	19d9fed3	fdiv.s	f29,f19,f29	 f19:0xbaff8d7e f29:0x3aff8d7e f29=0xbfb2ace6
     165495.000 ns	     16548	80003bfc	01283b53	fadd.s	f22,f16,f18	 f16:0x00000001 f18:0x4f7afedd f22=0x4f7afedd
     165525.000 ns	     16551	80003c00	e0020653	fmv.x.w	x12,f4	  f4:0x00000000 x12=0x00000000
     165555.000 ns	     16554	80003c04	283795d3	fmax.s	f11,f15,f3	 f15:0x3aff8d7e  f3:0x7fc00000 f11=0x3aff8d7e
     165575.000 ns	     16556	80003c08	01b1f233	and	x4,x3,x27	  x3:0x00000000 x27:0x00000000  x4=0x00000000
     166745.000 ns	     16673	80003c0c	580df4d3	fsqrt.s	f9,f27	 f27:0x3aff8d7e  f9=0x3cb4dc2e
     166775.000 ns	     16676	80003c10	e0081dd3	fclass.s	x27,f16	 f16:0x00000001 x27=0x00000020
     166795.000 ns	     16678	80003c14	fed7c437	lui	x8,0xfed7c	  x8=0xfed7c000
     166815.000 ns	     16680	80003c18	c004f353	fcvt.w.s	x6,f9	  f9:0x3cb4dc2e  x6=0x00000000
     166845.000 ns	     16683	80003c1c	29921153	fmax.s	f2,f4,f25	  f4:0x00000000 f25:0x00000000  f2=0x00000000
     166865.000 ns	     16685	80003c20	41335013	srai	x0,x6,0x13	  x6:0x00000000
     166875.000 ns	     16686	80003c24	417a5233	sra	x4,x20,x23	 x20:0x00000000 x23:0x00004384  x4=0x00000000
     166885.000 ns	     16687	80003c28	00738633	add	x12,x7,x7	  x7:0x77af71f5  x7:0x77af71f5 x12=0xef5ee3ea
     166895.000 ns	     16688	80003c2c	003af033	and	x0,x21,x3	 x21:0x00000000  x3:0x00000000
     166925.000 ns	     16691	80003c30	10b27453	fmul.s	f8,f4,f11	  f4:0x00000000 f11:0x3aff8d7e  f8=0x00000000
     166955.000 ns	     16694	80003c34	280988d3	fmin.s	f17,f19,f0	 f19:0xbaff8d7e  f0:0x367f1b2f f17=0xbaff8d7e
     166975.000 ns	     16696	80003c38	3cbdb693	sltiu	x13,x27,971	 x27:0x00000020 x13=0x00000001
     166985.000 ns	     16697	80003c3c	0080e033	or	x0,x1,x8	  x1:0xffffffff  x8:0xfed7c000
     166995.000 ns	     16698	80003c40	2004b593	sltiu	x11,x9,512	  x9:0x0001714f x11=0x00000000
     167015.000 ns	     16700	80003c44	02bd46b3	div	x13,x26,x11	 x26:0x7382c5e0 x11:0x00004080 x13=0xffffffff
     167035.000 ns	     16702	80003c48	2e23f737	lui	x14,0x2e23f	 x14=0x2e23f000
     167055.000 ns	     16704	80003c4c	d00373d3	fcvt.s.w	f7,x6	  x6:0x00000000  f7=0x00000000
     167085.000 ns	     16707	80003c50	034bb733	mulhu	x14,x23,x20	 x23:0x00004384 x20:0x00000000 x14=0x00000000
     167125.000 ns	     16711	80003c54	115f3053	fmul.s	f0,f30,f21	 f30:0xcf317861 f21:0x7fc00000  f0=0x7fc00000
     167145.000 ns	     16713	80003c58	409f5993	srai	x19,x30,0x9	 x30:0xe39c162f x19=0xfff1ce0b
     167165.000 ns	     16715	80003c5c	d00b7753	fcvt.s.w	f14,x22	 x22:0x00000000 f14=0x00000000
     167185.000 ns	     16717	80003c60	41f75533	sra	x10,x14,x31	 x14:0x00000000 x31:0xfafeddbe x10=0x00000000
     167205.000 ns	     16719	80003c64	d018fe53	fcvt.s.wu	f28,x17	 x17:0x80041024 f28=0x4f000410
     167235.000 ns	     16722	80003c68	03035033	divu	x0,x6,x16	  x6:0x00000000 x16:0x00000000
     167255.000 ns	     16724	80003c6c	00e05393	srli	x7,x0,0xe	  x0:0x00000000  x7=0x00000000
     167275.000 ns	     16726	80003c70	e00f8a53	fmv.x.w	x20,f31	 f31:0x4e6e5296 x20=0x4e6e5296
     167305.000 ns	     16729	80003c74	21942ad3	fsgnjx.s	f21,f8,f25	  f8:0x00000000 f25:0x00000000 f21=0x00000000
     167325.000 ns	     16731	80003c78	00042833	slt	x16,x8,x0	  x8:0xfed7c000  x0:0x00000000 x16=0x00000001
     167345.000 ns	     16733	80003c7c	03b486b3	mul	x13,x9,x27	  x9:0x0001714f x27:0x00000020 x13=0x002e29e0
     167375.000 ns	     16736	80003c80	022f1633	mulh	x12,x30,x2	 x30:0xe39c162f  x2:0xfff67628 x12=0x00010ecc
     167405.000 ns	     16739	80003c84	a0342453	feq.s	x8,f8,f3	  f8:0x00000000  f3:0x7fc00000  x8=0x00000000
     168585.000 ns	     16857	80003c88	580c78d3	fsqrt.s	f17,f24	 f24:0x3aff8d7e f17=0x3cb4dc2e
     168615.000 ns	     16860	80003c8c	a0e9ad53	feq.s	x26,f19,f14	 f19:0xbaff8d7e f14:0x00000000 x26=0x00000000
     168635.000 ns	     16862	80003c90	412e5d33	sra	x26,x28,x18	 x28:0xda43f8a4 x18:0x00004884 x26=0xfda43f8a
     168645.000 ns	     16863	80003c94	00000013	addi	x0,x0,0	  x0:0x00000000
     168655.000 ns	     16864	80003c98	1d9c9bb7	lui	x23,0x1d9c9	 x23=0x1d9c9000
     168665.000 ns	     16865	80003c9c	406f5013	srai	x0,x30,0x6	 x30:0xe39c162f
     168685.000 ns	     16867	80003ca0	212daad3	fsgnjx.s	f21,f27,f18	 f27:0x3aff8d7e f18:0x4f7afedd f21=0x3aff8d7e
     168715.000 ns	     16870	80003ca4	025d6a33	rem	x20,x26,x5	 x26:0xfda43f8a  x5:0x00000000 x20=0xfda43f8a
     168735.000 ns	     16872	80003ca8	0c790513	addi	x10,x18,199	 x18:0x00004884 x10=0x0000494b
     168755.000 ns	     16874	80003cac	036bd533	divu	x10,x23,x22	 x23:0x1d9c9000 x22:0x00000000 x10=0xffffffff
     168795.000 ns	     16878	80003cb0	11e7b253	fmul.s	f4,f15,f30	 f15:0x3aff8d7e f30:0xcf317861  f4=0xcab128ff
     168825.000 ns	     16881	80003cb4	f00b84d3	fmv.w.x	f9,x23	 x23:0x1d9c9000  f9=0x1d9c9000
     168855.000 ns	     16884	80003cb8	02fe1333	mulh	x6,x28,x15	 x28:0xda43f8a4 x15:0x00005012  x6=0xfffff432
     168875.000 ns	     16886	80003cbc	00000013	addi	x0,x0,0	  x0:0x00000000
     168885.000 ns	     16887	80003cc0	00000013	addi	x0,x0,0	  x0:0x00000000
     168905.000 ns	     16889	80003cc4	02ec7933	remu	x18,x24,x14	 x24:0x9839f9e3 x14:0x00000000 x18=0x9839f9e3
     168935.000 ns	     16892	80003cc8	0355af33	mulhsu	x30,x11,x21	 x11:0x00000000 x21:0x00000000 x30=0x00000000
     168955.000 ns	     16894	80003ccc	8be10013	addi	x0,x2,-1858	  x2:0xfff67628
     168985.000 ns	     16897	80003cd0	580377d3	fsqrt.s	f15,f6	  f6:0x80000000 f15=0x80000000
     169005.000 ns	     16899	80003cd4	00a9d3b3	srl	x7,x19,x10	 x19:0xfff1ce0b x10:0xffffffff  x7=0x00000001
     169025.000 ns	     16901	80003cd8	e0001153	fclass.s	x2,f0	  f0:0x7fc00000  x2=0x00000200
     169055.000 ns	     16904	80003cdc	c003fcd3	fcvt.w.s	x25,f7	  f7:0x00000000 x25=0x00000000
     169085.000 ns	     16907	80003ce0	03782033	mulhsu	x0,x16,x23	 x16:0x00000001 x23:0x1d9c9000
     169105.000 ns	     16909	80003ce4	70bae513	ori	x10,x21,1803	 x21:0x00000000 x10=0x0000070b
     169465.000 ns	     16945	80003ce8	03c1e3b3	rem	x7,x3,x28	  x3:0x00000000 x28:0xda43f8a4  x7=0x00000000
     169495.000 ns	     16948	80003cec	038a04b3	mul	x9,x20,x24	 x20:0xfda43f8a x24:0x9839f9e3  x9=0xc02b915e
     169515.000 ns	     16950	80003cf0	00d6d593	srli	x11,x13,0xd	 x13:0x002e29e0 x11=0x00000171
     170685.000 ns	     17067	80003cf4	580d7453	fsqrt.s	f8,f26	 f26:0x05012242  f8=0x21b69efa
     170705.000 ns	     17069	80003cf8	0105dcb3	srl	x25,x11,x16	 x11:0x00000000 x16:0x00000001 x25=0x000000b8
     170725.000 ns	     17071	80003cfc	d008fe53	fcvt.s.w	f28,x17	 x17:0x80041024 f28=0xcefff7df
     170755.000 ns	     17074	80003d00	281614d3	fmax.s	f9,f12,f1	 f12:0x367f1b2f  f1:0x3aff8d7e  f9=0x3aff8d7e
     170775.000 ns	     17076	80003d04	00b69393	slli	x7,x13,0xb	 x13:0x002e29e0  x7=0x714f0000
     170795.000 ns	     17078	80003d08	21f50653	fsgnj.s	f12,f10,f31	 f10:0x7fc00000 f31:0x4e6e5296 f12=0x7fc00000
     170815.000 ns	     17080	80003d0c	401b5333	sra	x6,x22,x1	 x22:0x00000000  x1:0xffffffff  x6=0x00000000
     170845.000 ns	     17083	80003d10	103bf853	fmul.s	f16,f23,f3	 f23:0x3aff8d7e  f3:0x7fc00000 f16=0x7fc00000
     170875.000 ns	     17086	80003d14	024272b3	remu	x5,x4,x4	  x4:0x00000000  x4:0x00000000  x5=0x00000000
     170905.000 ns	     17089	80003d18	e00894d3	fclass.s	x9,f17	 f17:0x3cb4dc2e  x9=0x00000040
     170925.000 ns	     17091	80003d1c	01473b33	sltu	x22,x14,x20	 x14:0x00000000 x20:0xfda43f8a x22=0x00000001
     170935.000 ns	     17092	80003d20	0102d713	srli	x14,x5,0x10	  x5:0x00000000 x14=0x00000000
     170955.000 ns	     17094	80003d24	28780ed3	fmin.s	f29,f16,f7	 f16:0x7fc00000  f7:0x00000000 f29=0x00000000
     170975.000 ns	     17096	80003d28	00cf83b3	add	x7,x31,x12	 x31:0xfafeddbe x12:0x00010ecc  x7=0xfaffec8a
     171335.000 ns	     17132	80003d2c	02be72b3	remu	x5,x28,x11	 x28:0xda43f8a4 x11:0x00000171  x5=0x0000011e
     171355.000 ns	     17134	80003d30	01ea67b3	or	x15,x20,x30	 x20:0xfda43f8a x30:0x00000000 x15=0xfda43f8a
     171365.000 ns	     17135	80003d34	dfb54493	xori	x9,x10,-517	 x10:0x0000070b  x9=0xfffffaf0
     171375.000 ns	     17136	80003d38	986ef213	andi	x4,x29,-1658	 x29:0x80040fe4  x4=0x80040984
     171405.000 ns	     17139	80003d3c	10688ed3	fmul.s	f29,f17,f6	 f17:0x3cb4dc2e  f6:0x80000000 f29=0x80000000
     171435.000 ns	     17142	80003d40	025d1933	mulh	x18,x26,x5	 x26:0xfda43f8a  x5:0x0000011e x18=0xfffffffd
     171465.000 ns	     17145	80003d44	f00708d3	fmv.w.x	f17,x14	 x14:0x00000000 f17=0x00000000
     171505.000 ns	     17149	80003d48	198a0bd3	fdiv.s	f23,f20,f24	 f20:0x7fc00000 f24:0x3aff8d7e f23=0x7fc00000
     171525.000 ns	     17151	80003d4c	018e9833	sll	x16,x29,x24	 x29:0x80040fe4 x24:0x9839f9e3 x16=0x00207f20
     171545.000 ns	     17153	80003d50	d009fd53	fcvt.s.w	f26,x19	 x19:0xfff1ce0b f26=0xc9631f50
     171575.000 ns	     17156	80003d54	28039053	fmax.s	f0,f7,f0	  f7:0x00000000  f0:0x7fc00000  f0=0x00000000
     171605.000 ns	     17159	80003d58	c01a1cd3	fcvt.wu.s	x25,f20	 f20:0x7fc00000 x25=0xffffffff
     171645.000 ns	     17163	80003d5c	19b7b453	fdiv.s	f8,f15,f27	 f15:0x80000000 f27:0x3aff8d7e  f8=0x80000000
     171675.000 ns	     17166	80003d60	026053b3	divu	x7,x0,x6	  x0:0x00000000  x6:0x00000000  x7=0xffffffff
     171695.000 ns	     17168	80003d64	00bf1313	slli	x6,x30,0xb	 x30:0x00000000  x6=0x00000000
     171715.000 ns	     17170	80003d68	20bea8d3	fsgnjx.s	f17,f29,f11	 f29:0x80000000 f11:0x3aff8d7e f17=0x80000000
     171745.000 ns	     17173	80003d6c	c0169ad3	fcvt.wu.s	x21,f13	 f13:0xce6e5296 x21=0x3b94a580
     171765.000 ns	     17175	80003d70	95c78793	addi	x15,x15,-1700	 x15:0xfda43f8a x15=0xfda438e6
     171775.000 ns	     17176	80003d74	fb0e56b7	lui	x13,0xfb0e5	 x13=0xfb0e5000
     171785.000 ns	     17177	80003d78	404b0633	sub	x12,x22,x4	 x22:0x00000001  x4:0x80040984 x12=0x7ffbf67d
     171795.000 ns	     17178	80003d7c	3f0d9817	auipc	x16,0x3f0d9	 x16=0xbf0dcd7c
     171805.000 ns	     17179	80003d80	009c5b33	srl	x22,x24,x9	 x24:0x9839f9e3  x9:0xfffffaf0 x22=0x00009839
     171825.000 ns	     17181	80003d84	219a87d3	fsgnj.s	f15,f21,f25	 f21:0x3aff8d7e f25:0x00000000 f15=0x3aff8d7e
     171855.000 ns	     17184	80003d88	e0021953	fclass.s	x18,f4	  f4:0xcab128ff x18=0x00000002
     171875.000 ns	     17186	80003d8c	99652c93	slti	x25,x10,-1642	 x10:0x0000070b x25=0x00000000
     171895.000 ns	     17188	80003d90	02ce3e33	mulhu	x28,x28,x12	 x28:0xda43f8a4 x12:0x7ffbf67d x28=0x6d1e8b26
     171915.000 ns	     17190	80003d94	0031ea33	or	x20,x3,x3	  x3:0x00000000  x3:0x00000000 x20=0x00000000
     171925.000 ns	     17191	80003d98	01f69433	sll	x8,x13,x31	 x13:0xfb0e5000 x31:0xfafeddbe  x8=0x00000000
     171935.000 ns	     17192	80003d9c	002df733	and	x14,x27,x2	 x27:0x00000020  x2:0x00000200 x14=0x00000000
     171955.000 ns	     17194	80003da0	213fa053	fsgnjx.s	f0,f31,f19	 f31:0x4e6e5296 f19:0xbaff8d7e  f0=0xce6e5296
     171975.000 ns	     17196	80003da4	01560633	add	x12,x12,x21	 x12:0x7ffbf67d x21:0x3b94a580 x12=0xbb909bfd
     171995.000 ns	     17198	80003da8	d004b3d3	fcvt.s.w	f7,x9	  x9:0xfffffaf0  f7=0xc4a20000
     172025.000 ns	     17201	80003dac	a1a2abd3	feq.s	x23,f5,f26	  f5:0x80000000 f26:0xc9631f50 x23=0x00000000
     172055.000 ns	     17204	80003db0	e00a1153	fclass.s	x2,f20	 f20:0x7fc00000  x2=0x00000200
     172075.000 ns	     17206	80003db4	00000013	addi	x0,x0,0	  x0:0x00000000
     172095.000 ns	     17208	80003db8	0257b9b3	mulhu	x19,x15,x5	 x15:0xfda438e6  x5:0x0000011e x19=0x0000011b
     172125.000 ns	     17211	80003dbc	28fe9e53	fmax.s	f28,f29,f15	 f29:0x80000000 f15:0x3aff8d7e f28=0x3aff8d7e
     172145.000 ns	     17213	80003dc0	0076c9b3	xor	x19,x13,x7	 x13:0xfb0e5000  x7:0xffffffff x19=0x04f1afff
     172155.000 ns	     17214	80003dc4	10267b93	andi	x23,x12,258	 x12:0xbb909bfd x23=0x00000100
     172175.000 ns	     17216	80003dc8	c0034e53	fcvt.w.s	x28,f6	  f6:0x80000000 x28=0x00000000
     172195.000 ns	     17218	80003dcc	41c85993	srai	x19,x16,0x1c	 x16:0xbf0dcd7c x19=0xfffffffb
     172225.000 ns	     17221	80003dd0	118377d3	fmul.s	f15,f6,f24	  f6:0x80000000 f24:0x3aff8d7e f15=0x80000000
     173405.000 ns	     17339	80003dd4	580913d3	fsqrt.s	f7,f18	 f18:0x4f7afedd  f7=0x47317ac5
     173455.000 ns	     17344	80003dd8	01faf2d3	fadd.s	f5,f21,f31	 f21:0x3aff8d7e f31:0x4e6e5296  f5=0x4e6e5296
     173485.000 ns	     17347	80003ddc	28ad06d3	fmin.s	f13,f26,f10	 f26:0xc9631f50 f10:0x7fc00000 f13=0xc9631f50
     173525.000 ns	     17351	80003de0	10e179d3	fmul.s	f19,f2,f14	  f2:0x00000000 f14:0x00000000 f19=0x00000000
     173545.000 ns	     17353	80003de4	401086b3	sub	x13,x1,x1	  x1:0xffffffff  x1:0xffffffff x13=0x00000000
     173565.000 ns	     17355	80003de8	03071bb3	mulh	x23,x14,x16	 x14:0x00000000 x16:0xbf0dcd7c x23=0x00000000
     173585.000 ns	     17357	80003dec	0a9bec13	ori	x24,x23,169	 x23:0x00000100 x24=0x000000a9
     173605.000 ns	     17359	80003df0	21b12953	fsgnjx.s	f18,f2,f27	  f2:0x00000000 f27:0x3aff8d7e f18=0x00000000
     173635.000 ns	     17362	80003df4	e0058cd3	fmv.x.w	x25,f11	 f11:0x3aff8d7e x25=0x3aff8d7e
     173655.000 ns	     17364	80003df8	0151cc33	xor	x24,x3,x21	  x3:0x00000000 x21:0x3b94a580 x24=0x3b94a580
     173665.000 ns	     17365	80003dfc	01fec6b3	xor	x13,x29,x31	 x29:0x80040fe4 x31:0xfafeddbe x13=0x7afad25a
     173675.000 ns	     17366	80003e00	00c69233	sll	x4,x13,x12	 x13:0x00000000 x12:0xbb909bfd  x4=0x40000000
     174035.000 ns	     17402	80003e04	031cc833	div	x16,x25,x17	 x25:0x3aff8d7e x17:0x80041024 x16=0x00000000
     174065.000 ns	     17405	80003e08	a0ed89d3	fle.s	x19,f27,f14	 f27:0x3aff8d7e f14:0x00000000 x19=0x00000000
     174085.000 ns	     17407	80003e0c	d62c7513	andi	x10,x24,-670	 x24:0x3b94a580 x10=0x3b94a500
     174095.000 ns	     17408	80003e10	000e5a33	srl	x20,x28,x0	 x28:0x00000000  x0:0x00000000 x20=0x00000000
     174105.000 ns	     17409	80003e14	00a6a133	slt	x2,x13,x10	 x13:0x7afad25a x10:0x0000070b  x2=0x00000000
     174115.000 ns	     17410	80003e18	40005b13	srai	x22,x0,0x0	  x0:0x00000000 x22=0x00000000
     174125.000 ns	     17411	80003e1c	0066aa33	slt	x20,x13,x6	 x13:0x7afad25a  x6:0x00000000 x20=0x00000000
     174135.000 ns	     17412	80003e20	01342833	slt	x16,x8,x19	  x8:0x00000000 x19:0x00000000 x16=0x00000000
     174155.000 ns	     17414	80003e24	281982d3	fmin.s	f5,f19,f1	 f19:0x00000000  f1:0x3aff8d7e  f5=0x00000000
     174185.000 ns	     17417	80003e28	033727b3	mulhsu	x15,x14,x19	 x14:0x00000000 x19:0x00000000 x15=0x00000000
     174205.000 ns	     17419	80003e2c	40e7dab3	sra	x21,x15,x14	 x15:0xfda438e6 x14:0x00000000 x21=0x00000000
     174225.000 ns	     17421	80003e30	20da9fd3	fsgnjn.s	f31,f21,f13	 f21:0x3aff8d7e f13:0xc9631f50 f31=0x3aff8d7e
     174275.000 ns	     17426	80003e34	01c23553	fadd.s	f10,f4,f28	  f4:0xcab128ff f28:0x3aff8d7e f10=0xcab128fe
     174295.000 ns	     17428	80003e38	40b95213	srai	x4,x18,0xb	 x18:0x00000002  x4=0x00000000
     174305.000 ns	     17429	80003e3c	c6f24793	xori	x15,x4,-913	  x4:0x40000000 x15=0xfffffc6f
     174315.000 ns	     17430	80003e40	01fab1b3	sltu	x3,x21,x31	 x21:0x00000000 x31:0xfafeddbe  x3=0x00000001
     174325.000 ns	     17431	80003e44	36e7f693	andi	x13,x15,878	 x15:0x00000000 x13=0x0000006e
     174335.000 ns	     17432	80003e48	402d59b3	sra	x19,x26,x2	 x26:0xfda43f8a  x2:0x00000000 x19=0xfda43f8a
     174695.000 ns	     17468	80003e4c	029d4733	div	x14,x26,x9	 x26:0xfda43f8a  x9:0xfffffaf0 x14=0x00007742
     174715.000 ns	     17470	80003e50	01fc5093	srli	x1,x24,0x1f	 x24:0x3b94a580  x1=0x00000000
     175075.000 ns	     17506	80003e54	02a9e1b3	rem	x3,x19,x10	 x19:0xfda43f8a x10:0x3b94a500  x3=0xfda43f8a
     175105.000 ns	     17509	80003e58	034bdf33	divu	x30,x23,x20	 x23:0x00000000 x20:0x00000000 x30=0xffffffff
     175125.000 ns	     17511	80003e5c	00ce15b3	sll	x11,x28,x12	 x28:0x00000000 x12:0xbb909bfd x11=0x00000000
     175135.000 ns	     17512	80003e60	41db8133	sub	x2,x23,x29	 x23:0x00000000 x29:0x80040fe4  x2=0x7ffbf01c
     175495.000 ns	     17548	80003e64	031ff3b3	remu	x7,x31,x17	 x31:0xfafeddbe x17:0x80041024  x7=0x7afacd9a
     175525.000 ns	     17551	80003e68	f00f0cd3	fmv.w.x	f25,x30	 x30:0xffffffff f25=0xffffffff
     175545.000 ns	     17553	80003e6c	c6940013	addi	x0,x8,-919	  x8:0x00000000
     175565.000 ns	     17555	80003e70	20cdadd3	fsgnjx.s	f27,f27,f12	 f27:0x3aff8d7e f12:0x7fc00000 f27=0x3aff8d7e
     175585.000 ns	     17557	80003e74	546d7713	andi	x14,x26,1350	 x26:0xfda43f8a x14=0x00000502
     175945.000 ns	     17593	80003e78	023669b3	rem	x19,x12,x3	 x12:0xbb909bfd  x3:0xfda43f8a x19=0xfff5695b
     175965.000 ns	     17595	80003e7c	012ad633	srl	x12,x21,x18	 x21:0x00000000 x18:0x00000002 x12=0x00000000
     175985.000 ns	     17597	80003e80	038a05b3	mul	x11,x20,x24	 x20:0x00000000 x24:0x3b94a580 x11=0x00000000
     176015.000 ns	     17600	80003e84	a13302d3	fle.s	x5,f6,f19	  f6:0x80000000 f19:0x00000000  x5=0x00000001
     176045.000 ns	     17603	80003e88	a17684d3	fle.s	x9,f13,f23	 f13:0xc9631f50 f23:0x7fc00000  x9=0x00000000
     176065.000 ns	     17605	80003e8c	20732993	slti	x19,x6,519	  x6:0x00000000 x19=0x00000001
     176085.000 ns	     17607	80003e90	036dd533	divu	x10,x27,x22	 x27:0x00000020 x22:0x00000000 x10=0xffffffff
     176105.000 ns	     17609	80003e94	015141b3	xor	x3,x2,x21	  x2:0x7ffbf01c x21:0x00000000  x3=0x7ffbf01c
     176125.000 ns	     17611	80003e98	033f8a33	mul	x20,x31,x19	 x31:0xfafeddbe x19:0x00000001 x20=0xfafeddbe
     176145.000 ns	     17613	80003e9c	01d3edb3	or	x27,x7,x29	  x7:0x7afacd9a x29:0x80040fe4 x27=0xfafecffe
     176505.000 ns	     17649	80003ea0	0392ce33	div	x28,x5,x25	  x5:0x00000001 x25:0x3aff8d7e x28=0x00000000
     176525.000 ns	     17651	80003ea4	9fa87213	andi	x4,x16,-1542	 x16:0x00000000  x4=0x00000000
     176555.000 ns	     17654	80003ea8	104770d3	fmul.s	f1,f14,f4	 f14:0x00000000  f4:0xcab128ff  f1=0x80000000
     176575.000 ns	     17656	80003eac	017e7233	and	x4,x28,x23	 x28:0x00000000 x23:0x00000000  x4=0x00000000
     176585.000 ns	     17657	80003eb0	3a3bc393	xori	x7,x23,931	 x23:0x00000000  x7=0x000003a3
     176625.000 ns	     17661	80003eb4	08748053	fsub.s	f0,f9,f7	  f9:0x3aff8d7e  f7:0x47317ac5  f0=0xc7317ac5
     176655.000 ns	     17664	80003eb8	02b6c033	div	x0,x13,x11	 x13:0x0000006e x11:0x00000000
     176675.000 ns	     17666	80003ebc	5ccf0417	auipc	x8,0x5ccf0	  x8=0xdccf3ebc
     176695.000 ns	     17668	80003ec0	284b84d3	fmin.s	f9,f23,f4	 f23:0x7fc00000  f4:0xcab128ff  f9=0xcab128ff
     176725.000 ns	     17671	80003ec4	214e84d3	fsgnj.s	f9,f29,f20	 f29:0x80000000 f20:0x7fc00000  f9=0x00000000
     176765.000 ns	     17675	80003ec8	10567653	fmul.s	f12,f12,f5	 f12:0x7fc00000  f5:0x00000000 f12=0x7fc00000
     176795.000 ns	     17678	80003ecc	02d5b933	mulhu	x18,x11,x13	 x11:0x00000000 x13:0x0000006e x18=0x00000000
     176815.000 ns	     17680	80003ed0	7686a837	lui	x16,0x7686a	 x16=0x7686a000
     176845.000 ns	     17683	80003ed4	58057ad3	fsqrt.s	f21,f10	 f10:0xcab128fe f21=0x7fc00000
     176875.000 ns	     17686	80003ed8	a185a0d3	feq.s	x1,f11,f24	 f11:0x3aff8d7e f24:0x3aff8d7e  x1=0x00000001
     176905.000 ns	     17689	80003edc	03685ab3	divu	x21,x16,x22	 x16:0x7686a000 x22:0x00000000 x21=0xffffffff
     176925.000 ns	     17691	80003ee0	247b3b13	sltiu	x22,x22,583	 x22:0x00000000 x22=0x00000001
     176935.000 ns	     17692	80003ee4	01a14e33	xor	x28,x2,x26	  x2:0x7ffbf01c x26:0xfda43f8a x28=0x825fcf96
     176955.000 ns	     17694	80003ee8	a18e84d3	fle.s	x9,f29,f24	 f29:0x80000000 f24:0x3aff8d7e  x9=0x00000001
     177325.000 ns	     17731	80003eec	025154b3	divu	x9,x2,x5	  x2:0x7ffbf01c  x5:0x00000001  x9=0x7ffbf01c
     177355.000 ns	     17734	80003ef0	d01e1253	fcvt.s.wu	f4,x28	 x28:0x825fcf96  f4=0x4f025fcf
     177385.000 ns	     17737	80003ef4	214c12d3	fsgnjn.s	f5,f24,f20	 f24:0x3aff8d7e f20:0x7fc00000  f5=0xbaff8d7e
     177425.000 ns	     17741	80003ef8	117c7653	fmul.s	f12,f24,f23	 f24:0x3aff8d7e f23:0x7fc00000 f12=0x7fc00000
     177455.000 ns	     17744	80003efc	0306bf33	mulhu	x30,x13,x16	 x13:0x0000006e x16:0x7686a000 x30=0x00000032
     177825.000 ns	     17781	80003f00	023d5b33	divu	x22,x26,x3	 x26:0xfda43f8a  x3:0x7ffbf01c x22=0x00000001
     177865.000 ns	     17785	80003f04	10482053	fmul.s	f0,f16,f4	 f16:0x7fc00000  f4:0x4f025fcf  f0=0x7fc00000
     177885.000 ns	     17787	80003f08	01999693	slli	x13,x19,0x19	 x19:0x00000001 x13=0x02000000
     177905.000 ns	     17789	80003f0c	20632dd3	fsgnjx.s	f27,f6,f6	  f6:0x80000000  f6:0x80000000 f27=0x00000000
     178275.000 ns	     17826	80003f10	02a7fab3	remu	x21,x15,x10	 x15:0xfffffc6f x10:0xffffffff x21=0xfffffc6f
     178295.000 ns	     17828	80003f14	00839033	sll	x0,x7,x8	  x7:0x000003a3  x8:0xdccf3ebc
     178325.000 ns	     17831	80003f18	1040f953	fmul.s	f18,f1,f4	  f1:0x80000000  f4:0x4f025fcf f18=0x80000000
     178345.000 ns	     17833	80003f1c	e3aef393	andi	x7,x29,-454	 x29:0x80040fe4  x7=0x80040e20
     178365.000 ns	     17835	80003f20	02cdb6b3	mulhu	x13,x27,x12	 x27:0xfafecffe x12:0x00000000 x13=0x00000000
     178385.000 ns	     17837	80003f24	00000013	addi	x0,x0,0	  x0:0x00000000
     178395.000 ns	     17838	80003f28	e3dd2c93	slti	x25,x26,-451	 x26:0xfda43f8a x25=0x00000001
     178405.000 ns	     17839	80003f2c	ac79ea13	ori	x20,x19,-1337	 x19:0x00000001 x20=0xfffffac7
     178415.000 ns	     17840	80003f30	0005c6b3	xor	x13,x11,x0	 x11:0x00000000  x0:0x00000000 x13=0x00000000
     178425.000 ns	     17841	80003f34	00000013	addi	x0,x0,0	  x0:0x00000000
     178435.000 ns	     17842	80003f38	c36b2c13	slti	x24,x22,-970	 x22:0x00000001 x24=0x00000000
     178455.000 ns	     17844	80003f3c	e0088d53	fmv.x.w	x26,f17	 f17:0x80000000 x26=0x80000000
     178475.000 ns	     17846	80003f40	01235b13	srli	x22,x6,0x12	  x6:0x00000000 x22=0x00000000
     178495.000 ns	     17848	80003f44	c01b2d53	fcvt.wu.s	x26,f22	 f22:0x4f7afedd x26=0xfafedd00
     178525.000 ns	     17851	80003f48	f00c0d53	fmv.w.x	f26,x24	 x24:0x00000000 f26=0x00000000
     178555.000 ns	     17854	80003f4c	038e6cb3	rem	x25,x28,x24	 x28:0x825fcf96 x24:0x00000000 x25=0x825fcf96
     178585.000 ns	     17857	80003f50	022d1f33	mulh	x30,x26,x2	 x26:0xfafedd00  x2:0x7ffbf01c x30=0xfd7f82d4
     178635.000 ns	     17862	80003f54	08ac9353	fsub.s	f6,f25,f10	 f25:0xffffffff f10:0xcab128fe  f6=0x7fc00000
     178665.000 ns	     17865	80003f58	02fd27b3	mulhsu	x15,x26,x15	 x26:0xfafedd00 x15:0xfffffc6f x15=0xfafedd11
     179035.000 ns	     17902	80003f5c	033fecb3	rem	x25,x31,x19	 x31:0xfafeddbe x19:0x00000001 x25=0x00000000
     179065.000 ns	     17905	80003f60	21df89d3	fsgnj.s	f19,f31,f29	 f31:0x3aff8d7e f29:0x80000000 f19=0xbaff8d7e
     179095.000 ns	     17908	80003f64	02cd5c33	divu	x24,x26,x12	 x26:0xfafedd00 x12:0x00000000 x24=0xffffffff
     179125.000 ns	     17911	80003f68	e00186d3	fmv.x.w	x13,f3	  f3:0x7fc00000 x13=0x7fc00000
     179145.000 ns	     17913	80003f6c	00000013	addi	x0,x0,0	  x0:0x00000000
     179155.000 ns	     17914	80003f70	4ef9ae13	slti	x28,x19,1263	 x19:0x00000001 x28=0x00000001
     179165.000 ns	     17915	80003f74	05768693	addi	x13,x13,87	 x13:0x7fc00000 x13=0x7fc00057
     179175.000 ns	     17916	80003f78	a2e48713	addi	x14,x9,-1490	  x9:0x7ffbf01c x14=0x7ffbea4a
     179195.000 ns	     17918	80003f7c	c004c353	fcvt.w.s	x6,f9	  f9:0x00000000  x6=0x00000000
     179225.000 ns	     17921	80003f80	e0028d53	fmv.x.w	x26,f5	  f5:0xbaff8d7e x26=0xbaff8d7e
     179255.000 ns	     17924	80003f84	031a3bb3	mulhu	x23,x20,x17	 x20:0xfffffac7 x17:0x80041024 x23=0x80040d87
     179275.000 ns	     17926	80003f88	00b542b3	xor	x5,x10,x11	 x10:0xffffffff x11:0x00000000  x5=0xffffffff
     179285.000 ns	     17927	80003f8c	01011493	slli	x9,x2,0x10	  x2:0x7ffbf01c  x9=0xf01c0000
     179315.000 ns	     17930	80003f90	18ef8e53	fdiv.s	f28,f31,f14	 f31:0x3aff8d7e f14:0x00000000 f28=0x7f800000
     179335.000 ns	     17932	80003f94	fbcef293	andi	x5,x29,-68	 x29:0x80040fe4  x5=0x80040fa4
     179355.000 ns	     17934	80003f98	e00781d3	fmv.x.w	x3,f15	 f15:0x80000000  x3=0x80000000
     179375.000 ns	     17936	80003f9c	014286b3	add	x13,x5,x20	  x5:0xffffffff x20:0xfffffac7 x13=0x80040a6b
     179395.000 ns	     17938	80003fa0	02e21433	mulh	x8,x4,x14	  x4:0x00000000 x14:0x7ffbea4a  x8=0x00000000
     179415.000 ns	     17940	80003fa4	008adc13	srli	x24,x21,0x8	 x21:0xfffffc6f x24=0x00fffffc
     179435.000 ns	     17942	80003fa8	294903d3	fmin.s	f7,f18,f20	 f18:0x80000000 f20:0x7fc00000  f7=0x80000000
     179485.000 ns	     17947	80003fac	004df753	fadd.s	f14,f27,f4	 f27:0x00000000  f4:0x4f025fcf f14=0x4f025fcf
     179515.000 ns	     17950	80003fb0	c017f653	fcvt.wu.s	x12,f15	 f15:0x80000000 x12=0x00000000
     179535.000 ns	     17952	80003fb4	4021dbb3	sra	x23,x3,x2	  x3:0x80000000  x2:0x7ffbf01c x23=0xfffffff8
     179545.000 ns	     17953	80003fb8	01d6b333	sltu	x6,x13,x29	 x13:0x80040a6b x29:0x80040fe4  x6=0x00000001
     179565.000 ns	     17955	80003fbc	21912253	fsgnjx.s	f4,f2,f25	  f2:0x00000000 f25:0xffffffff  f4=0x80000000
     179595.000 ns	     17958	80003fc0	a11f9053	flt.s	x0,f31,f17	 f31:0x3aff8d7e f17:0x80000000
     179625.000 ns	     17961	80003fc4	f0098753	fmv.w.x	f14,x19	 x19:0x00000001 f14=0x00000001
     179655.000 ns	     17964	80003fc8	025602b3	mul	x5,x12,x5	 x12:0x00000000  x5:0x80040fa4  x5=0x00000000
     179675.000 ns	     17966	80003fcc	0008f933	and	x18,x17,x0	 x17:0x80041024  x0:0x00000000 x18=0x00000000
     179685.000 ns	     17967	80003fd0	061ae193	ori	x3,x21,97	 x21:0xfffffc6f  x3=0xfffffc6f
     179715.000 ns	     17970	80003fd4	19fe7ed3	fdiv.s	f29,f28,f31	 f28:0x7f800000 f31:0x3aff8d7e f29=0x7f800000
     179735.000 ns	     17972	80003fd8	00000013	addi	x0,x0,0	  x0:0x00000000
     179745.000 ns	     17973	80003fdc	4145d033	sra	x0,x11,x20	 x11:0x00000000 x20:0xfffffac7
     179765.000 ns	     17975	80003fe0	03a41f33	mulh	x30,x8,x26	  x8:0x00000000 x26:0xbaff8d7e x30=0x00000000
     179795.000 ns	     17978	80003fe4	c0178153	fcvt.wu.s	x2,f15	 f15:0x80000000  x2=0x00000000
     179825.000 ns	     17981	80003fe8	02ce53b3	divu	x7,x28,x12	 x28:0x00000001 x12:0x00000000  x7=0xffffffff
     179845.000 ns	     17983	80003fec	3b3b2213	slti	x4,x22,947	 x22:0x00000000  x4=0x00000001
     179865.000 ns	     17985	80003ff0	c012fdd3	fcvt.wu.s	x27,f5	  f5:0xbaff8d7e x27=0x00000000
     179895.000 ns	     17988	80003ff4	03dd1833	mulh	x16,x26,x29	 x26:0xbaff8d7e x29:0x80040fe4 x16=0x227f20f6
     179915.000 ns	     17990	80003ff8	01281f13	slli	x30,x16,0x12	 x16:0x7686a000 x30=0x83d80000
     179935.000 ns	     17992	80003ffc	20ea19d3	fsgnjn.s	f19,f20,f14	 f20:0x7fc00000 f14:0x00000001 f19=0xffc00000
     179965.000 ns	     17995	80004000	a05bac53	feq.s	x24,f23,f5	 f23:0x7fc00000  f5:0xbaff8d7e x24=0x00000000
     179995.000 ns	     17998	80004004	028e5cb3	divu	x25,x28,x8	 x28:0x00000001  x8:0x00000000 x25=0xffffffff
     180025.000 ns	     18001	80004008	c002f353	fcvt.w.s	x6,f5	  f5:0xbaff8d7e  x6=0x00000000
     180045.000 ns	     18003	8000400c	01eb1b13	slli	x22,x22,0x1e	 x22:0x00000000 x22=0x00000000
     180065.000 ns	     18005	80004010	03c70b33	mul	x22,x14,x28	 x14:0x7ffbea4a x28:0x00000001 x22=0x7ffbea4a
     180115.000 ns	     18010	80004014	00608f53	fadd.s	f30,f1,f6	  f1:0x80000000  f6:0x7fc00000 f30=0x7fc00000
     180135.000 ns	     18012	80004018	01977133	and	x2,x14,x25	 x14:0x7ffbea4a x25:0xffffffff  x2=0x7ffbea4a
     180155.000 ns	     18014	8000401c	02212633	mulhsu	x12,x2,x2	  x2:0x00000000  x2:0x00000000 x12=0x3ffbea5a
     180175.000 ns	     18016	80004020	413e5e33	sra	x28,x28,x19	 x28:0x00000001 x19:0x00000001 x28=0x00000000
     180215.000 ns	     18020	80004024	01b9f2d3	fadd.s	f5,f19,f27	 f19:0xffc00000 f27:0x00000000  f5=0x7fc00000
     180255.000 ns	     18024	80004028	106009d3	fmul.s	f19,f0,f6	  f0:0x7fc00000  f6:0x7fc00000 f19=0x7fc00000
     180285.000 ns	     18027	8000402c	e0030853	fmv.x.w	x16,f6	  f6:0x7fc00000 x16=0x7fc00000
     180315.000 ns	     18030	80004030	a13e2c53	feq.s	x24,f28,f19	 f28:0x7f800000 f19:0x7fc00000 x24=0x00000000
     180345.000 ns	     18033	80004034	282e8ad3	fmin.s	f21,f29,f2	 f29:0x7f800000  f2:0x00000000 f21=0x00000000
     180375.000 ns	     18036	80004038	29f58853	fmin.s	f16,f11,f31	 f11:0x3aff8d7e f31:0x3aff8d7e f16=0x3aff8d7e
     180405.000 ns	     18039	8000403c	e00b1353	fclass.s	x6,f22	 f22:0x4f7afedd  x6=0x00000040
     180425.000 ns	     18041	80004040	00000013	addi	x0,x0,0	  x0:0x00000000
     180445.000 ns	     18043	80004044	a1ab95d3	flt.s	x11,f23,f26	 f23:0x7fc00000 f26:0x00000000 x11=0x00000000
     180465.000 ns	     18045	80004048	6b566817	auipc	x16,0x6b566	 x16=0xeb56a048
     180825.000 ns	     18081	8000404c	02336ab3	rem	x21,x6,x3	  x6:0x00000040  x3:0xfffffc6f x21=0x00000040
     180865.000 ns	     18085	80004050	580bb6d3	fsqrt.s	f13,f23	 f23:0x7fc00000 f13=0x7fc00000
     180885.000 ns	     18087	80004054	d064f613	andi	x12,x9,-762	  x9:0xf01c0000 x12=0xf01c0000
     180895.000 ns	     18088	80004058	fc9d7993	andi	x19,x26,-55	 x26:0xbaff8d7e x19=0xbaff8d48
     180905.000 ns	     18089	8000405c	f531cb93	xori	x23,x3,-173	  x3:0xfffffc6f x23=0x0000033c
     180915.000 ns	     18090	80004060	004fda13	srli	x20,x31,0x4	 x31:0xfafeddbe x20=0x0fafeddb
     180935.000 ns	     18092	80004064	03d990b3	mulh	x1,x19,x29	 x19:0xbaff8d48 x29:0x80040fe4  x1=0x227f2111
     180955.000 ns	     18094	80004068	0049ea33	or	x20,x19,x4	 x19:0xbaff8d48  x4:0x00000001 x20=0xbaff8d49
     181315.000 ns	     18130	8000406c	03087533	remu	x10,x16,x16	 x16:0xeb56a048 x16:0xeb56a048 x10=0x00000000
     181335.000 ns	     18132	80004070	005efab3	and	x21,x29,x5	 x29:0x80040fe4  x5:0x00000000 x21=0x00000000
     181355.000 ns	     18134	80004074	03edb933	mulhu	x18,x27,x30	 x27:0x00000000 x30:0x83d80000 x18=0x00000000
     181375.000 ns	     18136	80004078	01989193	slli	x3,x17,0x19	 x17:0x80041024  x3=0x48000000
     181405.000 ns	     18139	8000407c	117020d3	fmul.s	f1,f0,f23	  f0:0x7fc00000 f23:0x7fc00000  f1=0x7fc00000
     181425.000 ns	     18141	80004080	41a2d933	sra	x18,x5,x26	  x5:0x00000000 x26:0xbaff8d7e x18=0x00000000
     181435.000 ns	     18142	80004084	09430413	addi	x8,x6,148	  x6:0x00000040  x8=0x000000d4
     181455.000 ns	     18144	80004088	21fe88d3	fsgnj.s	f17,f29,f31	 f29:0x7f800000 f31:0x3aff8d7e f17=0x7f800000
     181485.000 ns	     18147	8000408c	282d04d3	fmin.s	f9,f26,f2	 f26:0x00000000  f2:0x00000000  f9=0x00000000
     181515.000 ns	     18150	80004090	0384db33	divu	x22,x9,x24	  x9:0xf01c0000 x24:0x00000000 x22=0xffffffff
     181535.000 ns	     18152	80004094	00c01913	slli	x18,x0,0xc	  x0:0x00000000 x18=0x00000000
     181575.000 ns	     18156	80004098	0094f5d3	fadd.s	f11,f9,f9	  f9:0x00000000  f9:0x00000000 f11=0x00000000
     181595.000 ns	     18158	8000409c	97b16593	ori	x11,x2,-1669	  x2:0x7ffbea4a x11=0xfffffb7b
     181605.000 ns	     18159	800040a0	8b28c493	xori	x9,x17,-1870	 x17:0x80041024  x9=0x7ffbe896
     181625.000 ns	     18161	800040a4	025e41b3	div	x3,x28,x5	 x28:0x00000000  x5:0x00000000  x3=0xffffffff
     181655.000 ns	     18164	800040a8	029883b3	mul	x7,x17,x9	 x17:0x80041024  x9:0xf01c0000  x7=0x604e1518
     181705.000 ns	     18169	800040ac	015e74d3	fadd.s	f9,f28,f21	 f28:0x7f800000 f21:0x00000000  f9=0x7f800000
     181725.000 ns	     18171	800040b0	40580cb3	sub	x25,x16,x5	 x16:0xeb56a048  x5:0x00000000 x25=0xeb56a048
     181735.000 ns	     18172	800040b4	f72c5297	auipc	x5,0xf72c5	  x5=0x772c90b4
     181765.000 ns	     18175	800040b8	183c13d3	fdiv.s	f7,f24,f3	 f24:0x3aff8d7e  f3:0x7fc00000  f7=0x7fc00000
     181785.000 ns	     18177	800040bc	7c14a693	slti	x13,x9,1985	  x9:0x7ffbe896 x13=0x00000000
     181795.000 ns	     18178	800040c0	c12dcf13	xori	x30,x27,-1006	 x27:0x00000000 x30=0xfffffc12
     181825.000 ns	     18181	800040c4	110c7b53	fmul.s	f22,f24,f16	 f24:0x3aff8d7e f16:0x3aff8d7e f22=0x367f1b2f
     181845.000 ns	     18183	800040c8	4004d533	sra	x10,x9,x0	  x9:0x7ffbe896  x0:0x00000000 x10=0x7ffbe896
     181855.000 ns	     18184	800040cc	04a00d13	addi	x26,x0,74	  x0:0x00000000 x26=0x0000004a
     181875.000 ns	     18186	800040d0	c002f3d3	fcvt.w.s	x7,f5	  f5:0x7fc00000  x7=0x7fffffff
     181895.000 ns	     18188	800040d4	0131e1b3	or	x3,x3,x19	  x3:0xffffffff x19:0xbaff8d48  x3=0xffffffff
     181915.000 ns	     18190	800040d8	033b1b33	mulh	x22,x22,x19	 x22:0xffffffff x19:0xbaff8d48 x22=0x00000000
     181955.000 ns	     18194	800040dc	5809fc53	fsqrt.s	f24,f19	 f19:0x7fc00000 f24=0x7fc00000
     181985.000 ns	     18197	800040e0	03bed6b3	divu	x13,x29,x27	 x29:0x80040fe4 x27:0x00000000 x13=0xffffffff
     182015.000 ns	     18200	800040e4	e0008153	fmv.x.w	x2,f1	  f1:0x7fc00000  x2=0x7fc00000
     182045.000 ns	     18203	800040e8	d00f2353	fcvt.s.w	f6,x30	 x30:0xfffffc12  f6=0xc47b8000
     182075.000 ns	     18206	800040ec	e00d1653	fclass.s	x12,f26	 f26:0x00000000 x12=0x00000010
     182095.000 ns	     18208	800040f0	d0a3de37	lui	x28,0xd0a3d	 x28=0xd0a3d000
     182105.000 ns	     18209	800040f4	00809cb3	sll	x25,x1,x8	  x1:0x227f2111  x8:0x000000d4 x25=0x11100000
     182135.000 ns	     18212	800040f8	19f04cd3	fdiv.s	f25,f0,f31	  f0:0x7fc00000 f31:0x3aff8d7e f25=0x7fc00000
     182155.000 ns	     18214	800040fc	00e989b3	add	x19,x19,x14	 x19:0xbaff8d48 x14:0x7ffbea4a x19=0x3afb7792
     182165.000 ns	     18215	80004100	00c885b3	add	x11,x17,x12	 x17:0x80041024 x12:0x00000010 x11=0x80041034
     182185.000 ns	     18217	80004104	e00e1353	fclass.s	x6,f28	 f28:0x7f800000  x6=0x00000080
     182215.000 ns	     18220	80004108	e0049ad3	fclass.s	x21,f9	  f9:0x7f800000 x21=0x00000080
     182245.000 ns	     18223	8000410c	284105d3	fmin.s	f11,f2,f4	  f2:0x00000000  f4:0x80000000 f11=0x80000000
     182615.000 ns	     18260	80004110	02c55c33	divu	x24,x10,x12	 x10:0x7ffbe896 x12:0x00000010 x24=0x07ffbe89
     182645.000 ns	     18263	80004114	020691b3	mulh	x3,x13,x0	 x13:0xffffffff  x0:0x00000000  x3=0x00000000
     182685.000 ns	     18267	80004118	18e47cd3	fdiv.s	f25,f8,f14	  f8:0x80000000 f14:0x00000001 f25=0x80000000
     182715.000 ns	     18270	8000411c	e0040953	fmv.x.w	x18,f8	  f8:0x80000000 x18=0x80000000
     182735.000 ns	     18272	80004120	0128e6b3	or	x13,x17,x18	 x17:0x80041024 x18:0x00000000 x13=0x80041024
     182755.000 ns	     18274	80004124	a02f25d3	feq.s	x11,f30,f2	 f30:0x7fc00000  f2:0x00000000 x11=0x00000000
     182775.000 ns	     18276	80004128	01669b93	slli	x23,x13,0x16	 x13:0xffffffff x23=0x09000000
     182795.000 ns	     18278	8000412c	e00b19d3	fclass.s	x19,f22	 f22:0x367f1b2f x19=0x00000040
     182815.000 ns	     18280	80004130	009a9733	sll	x14,x21,x9	 x21:0x00000080  x9:0x7ffbe896 x14=0x20000000
     182835.000 ns	     18282	80004134	e00403d3	fmv.x.w	x7,f8	  f8:0x80000000  x7=0x80000000
     182855.000 ns	     18284	80004138	01941733	sll	x14,x8,x25	  x8:0x000000d4 x25:0x11100000 x14=0x000000d4
     182885.000 ns	     18287	8000413c	580a1f53	fsqrt.s	f30,f20	 f20:0x7fc00000 f30=0x7fc00000
     182905.000 ns	     18289	80004140	75d88013	addi	x0,x17,1885	 x17:0x80041024
     182915.000 ns	     18290	80004144	9a28dab7	lui	x21,0x9a28d	 x21=0x9a28d000
     182925.000 ns	     18291	80004148	41f35313	srai	x6,x6,0x1f	  x6:0x00000080  x6=0x00000000
     182965.000 ns	     18295	8000414c	00b9a253	fadd.s	f4,f19,f11	 f19:0x7fc00000 f11:0x80000000  f4=0x7fc00000
     182995.000 ns	     18298	80004150	f0008bd3	fmv.w.x	f23,x1	  x1:0x227f2111 f23=0x227f2111
     183025.000 ns	     18301	80004154	c00d0d53	fcvt.w.s	x26,f26	 f26:0x00000000 x26=0x00000000
     183055.000 ns	     18304	80004158	f00385d3	fmv.w.x	f11,x7	  x7:0x80000000 f11=0x80000000
     183075.000 ns	     18306	8000415c	00cac433	xor	x8,x21,x12	 x21:0x9a28d000 x12:0x00000010  x8=0x9a28d010
     183095.000 ns	     18308	80004160	21d88cd3	fsgnj.s	f25,f17,f29	 f17:0x7f800000 f29:0x7f800000 f25=0x7f800000
     183115.000 ns	     18310	80004164	b4726993	ori	x19,x4,-1209	  x4:0x00000001 x19=0xfffffb47
     183125.000 ns	     18311	80004168	40b80433	sub	x8,x16,x11	 x16:0xeb56a048 x11:0x00000000  x8=0xeb56a048
     183145.000 ns	     18313	8000416c	d0077353	fcvt.s.w	f6,x14	 x14:0x000000d4  f6=0x43540000
     183175.000 ns	     18316	80004170	a1262153	feq.s	x2,f12,f18	 f12:0x7fc00000 f18:0x80000000  x2=0x00000000
     183195.000 ns	     18318	80004174	01dad133	srl	x2,x21,x29	 x21:0x9a28d000 x29:0x80040fe4  x2=0x09a28d00
     183225.000 ns	     18321	80004178	580db753	fsqrt.s	f14,f27	 f27:0x00000000 f14=0x00000000
     183255.000 ns	     18324	8000417c	e0099453	fclass.s	x8,f19	 f19:0x7fc00000  x8=0x00000200
     183625.000 ns	     18361	80004180	02ec4a33	div	x20,x24,x14	 x24:0x07ffbe89 x14:0x000000d4 x20=0x0009a8bf
     183655.000 ns	     18364	80004184	02b95233	divu	x4,x18,x11	 x18:0x80000000 x11:0x00000000  x4=0xffffffff
     183705.000 ns	     18369	80004188	09797453	fsub.s	f8,f18,f23	 f18:0x80000000 f23:0x227f2111  f8=0xa27f2111
     183725.000 ns	     18371	8000418c	01d98a33	add	x20,x19,x29	 x19:0xfffffb47 x29:0x80040fe4 x20=0x80040b2b
     183745.000 ns	     18373	80004190	c005c1d3	fcvt.w.s	x3,f11	 f11:0x80000000  x3=0x00000000
     183765.000 ns	     18375	80004194	41ee00b3	sub	x1,x28,x30	 x28:0xd0a3d000 x30:0xfffffc12  x1=0xd0a3d3ee
     183775.000 ns	     18376	80004198	019f79b3	and	x19,x30,x25	 x30:0xfffffc12 x25:0x11100000 x19=0x11100000
     183785.000 ns	     18377	8000419c	0189bcb3	sltu	x25,x19,x24	 x19:0xfffffb47 x24:0x07ffbe89 x25=0x00000000
     183795.000 ns	     18378	800041a0	00f061b3	or	x3,x0,x15	  x0:0x00000000 x15:0xfafedd11  x3=0xfafedd11
     183805.000 ns	     18379	800041a4	001145b3	xor	x11,x2,x1	  x2:0x09a28d00  x1:0xd0a3d3ee x11=0xd9015eee
     183825.000 ns	     18381	800041a8	d00091d3	fcvt.s.w	f3,x1	  x1:0xd0a3d3ee  f3=0xce3d70b0
     183855.000 ns	     18384	800041ac	281f85d3	fmin.s	f11,f31,f1	 f31:0x3aff8d7e  f1:0x7fc00000 f11=0x3aff8d7e
     183885.000 ns	     18387	800041b0	03611333	mulh	x6,x2,x22	  x2:0x09a28d00 x22:0x00000000  x6=0x00000000
     183915.000 ns	     18390	800041b4	288d9853	fmax.s	f16,f27,f8	 f27:0x00000000  f8:0xa27f2111 f16=0x00000000
     183945.000 ns	     18393	800041b8	03ae4533	div	x10,x28,x26	 x28:0xd0a3d000 x26:0x00000000 x10=0xffffffff
     184315.000 ns	     18430	800041bc	028341b3	div	x3,x6,x8	  x6:0x00000000  x8:0x00000200  x3=0x00000000
     184335.000 ns	     18432	800041c0	00889993	slli	x19,x17,0x8	 x17:0x80041024 x19=0x04102400
     184345.000 ns	     18433	800041c4	9f5f04b7	lui	x9,0x9f5f0	  x9=0x9f5f0000
     184365.000 ns	     18435	800041c8	02553933	mulhu	x18,x10,x5	 x10:0xffffffff  x5:0x772c90b4 x18=0x772c90b3
     184395.000 ns	     18438	800041cc	d00a3253	fcvt.s.w	f4,x20	 x20:0x80040b2b  f4=0xcefff7ea
     184415.000 ns	     18440	800041d0	4094d6b3	sra	x13,x9,x9	  x9:0x9f5f0000  x9:0x9f5f0000 x13=0x9f5f0000
     184435.000 ns	     18442	800041d4	d0197a53	fcvt.s.wu	f20,x18	 x18:0x772c90b3 f20=0x4eee5921
     184455.000 ns	     18444	800041d8	01f8fab3	and	x21,x17,x31	 x17:0x80041024 x31:0xfafeddbe x21=0x80041024
     184475.000 ns	     18446	800041dc	a184a253	feq.s	x4,f9,f24	  f9:0x7f800000 f24:0x7fc00000  x4=0x00000000
     184495.000 ns	     18448	800041e0	00929333	sll	x6,x5,x9	  x5:0x772c90b4  x9:0x9f5f0000  x6=0x772c90b4
     184505.000 ns	     18449	800041e4	efb5af13	slti	x30,x11,-261	 x11:0xd9015eee x30=0x00000001
     184515.000 ns	     18450	800041e8	017c3d33	sltu	x26,x24,x23	 x24:0x07ffbe89 x23:0x09000000 x26=0x00000001
     184535.000 ns	     18452	800041ec	212c8fd3	fsgnj.s	f31,f25,f18	 f25:0x7f800000 f18:0x80000000 f31=0xff800000
     184555.000 ns	     18454	800041f0	4097df13	srai	x30,x15,0x9	 x15:0xfafedd11 x30=0xfffd7f6e
     184565.000 ns	     18455	800041f4	0000acb3	slt	x25,x1,x0	  x1:0xd0a3d3ee  x0:0x00000000 x25=0x00000001
     184575.000 ns	     18456	800041f8	40510933	sub	x18,x2,x5	  x2:0x09a28d00  x5:0x772c90b4 x18=0x9275fc4c
     184585.000 ns	     18457	800041fc	65896997	auipc	x19,0x65896	 x19=0xe589a1fc
     184605.000 ns	     18459	80004200	03719d33	mulh	x26,x3,x23	  x3:0x00000000 x23:0x09000000 x26=0x00000000
     184635.000 ns	     18462	80004204	a0c5a553	feq.s	x10,f11,f12	 f11:0x3aff8d7e f12:0x7fc00000 x10=0x00000000
     184655.000 ns	     18464	80004208	7f300c93	addi	x25,x0,2035	  x0:0x00000000 x25=0x000007f3
     184665.000 ns	     18465	8000420c	001983b3	add	x7,x19,x1	 x19:0xe589a1fc  x1:0xd0a3d3ee  x7=0xb62d75ea
     184685.000 ns	     18467	80004210	d0010ad3	fcvt.s.w	f21,x2	  x2:0x09a28d00 f21=0x4d1a28d0
     184715.000 ns	     18470	80004214	a0c60b53	fle.s	x22,f12,f12	 f12:0x7fc00000 f12:0x7fc00000 x22=0x00000000
     184745.000 ns	     18473	80004218	a0ff8e53	fle.s	x28,f31,f15	 f31:0xff800000 f15:0x80000000 x28=0x00000001
     184765.000 ns	     18475	8000421c	08a97113	andi	x2,x18,138	 x18:0x9275fc4c  x2=0x00000008
     184795.000 ns	     18478	80004220	580e7a53	fsqrt.s	f20,f28	 f28:0x7f800000 f20=0x7f800000
     184825.000 ns	     18481	80004224	f00685d3	fmv.w.x	f11,x13	 x13:0x9f5f0000 f11=0x9f5f0000
     184855.000 ns	     18484	80004228	a0e3ac53	feq.s	x24,f7,f14	  f7:0x7fc00000 f14:0x00000000 x24=0x00000000
     184875.000 ns	     18486	8000422c	9e9d1017	auipc	x0,0x9e9d1	
     184895.000 ns	     18488	80004230	e00d0a53	fmv.x.w	x20,f26	 f26:0x00000000 x20=0x00000000
     185265.000 ns	     18525	80004234	027bfcb3	remu	x25,x23,x7	 x23:0x09000000  x7:0xb62d75ea x25=0x09000000
     185295.000 ns	     18528	80004238	a1e890d3	flt.s	x1,f17,f30	 f17:0x7f800000 f30:0x7fc00000  x1=0x00000000
     185315.000 ns	     18530	8000423c	403ad233	sra	x4,x21,x3	 x21:0x80041024  x3:0x00000000  x4=0x80041024
     185325.000 ns	     18531	80004240	dee0ed97	auipc	x27,0xdee0e	 x27=0x5ee12240
     185335.000 ns	     18532	80004244	01e52833	slt	x16,x10,x30	 x10:0x00000000 x30:0xfffd7f6e x16=0x00000000
     185345.000 ns	     18533	80004248	005102b3	add	x5,x2,x5	  x2:0x00000008  x5:0x772c90b4  x5=0x772c90bc
     185365.000 ns	     18535	8000424c	f00d83d3	fmv.w.x	f7,x27	 x27:0x5ee12240  f7=0x5ee12240
     185395.000 ns	     18538	80004250	c011b953	fcvt.wu.s	x18,f3	  f3:0xce3d70b0 x18=0x2f5c2c00
     185415.000 ns	     18540	80004254	e5a46d37	lui	x26,0xe5a46	 x26=0xe5a46000
     185455.000 ns	     18544	80004258	08b7ffd3	fsub.s	f31,f15,f11	 f15:0x80000000 f11:0x9f5f0000 f31=0x1f5f0000
     185485.000 ns	     18547	8000425c	a0ca8453	fle.s	x8,f21,f12	 f21:0x4d1a28d0 f12:0x7fc00000  x8=0x00000000
     185505.000 ns	     18549	80004260	0008c433	xor	x8,x17,x0	 x17:0x80041024  x0:0x00000000  x8=0x80041024
     185525.000 ns	     18551	80004264	039831b3	mulhu	x3,x16,x25	 x16:0x00000000 x25:0x09000000  x3=0x00000000
     185555.000 ns	     18554	80004268	f00e8553	fmv.w.x	f10,x29	 x29:0x80040fe4 f10=0x80040fe4
     185585.000 ns	     18557	8000426c	21dd1653	fsgnjn.s	f12,f26,f29	 f26:0x00000000 f29:0x7f800000 f12=0x80000000
     185605.000 ns	     18559	80004270	4eb07593	andi	x11,x0,1259	  x0:0x00000000 x11=0x00000000
     185625.000 ns	     18561	80004274	03e02c33	mulhsu	x24,x0,x30	  x0:0x00000000 x30:0xfffd7f6e x24=0x00000000
     185645.000 ns	     18563	80004278	00eb4bb3	xor	x23,x22,x14	 x22:0x00000000 x14:0x000000d4 x23=0x000000d4
     185685.000 ns	     18567	8000427c	095cf7d3	fsub.s	f15,f25,f21	 f25:0x7f800000 f21:0x4d1a28d0 f15=0x7f800000
     185705.000 ns	     18569	80004280	01e36133	or	x2,x6,x30	  x6:0x772c90b4 x30:0xfffd7f6e  x2=0xfffdfffe
     185725.000 ns	     18571	80004284	c019fd53	fcvt.wu.s	x26,f19	 f19:0x7fc00000 x26=0xffffffff
     185755.000 ns	     18574	80004288	a1881653	flt.s	x12,f16,f24	 f16:0x00000000 f24:0x7fc00000 x12=0x00000000
     185775.000 ns	     18576	8000428c	e9396713	ori	x14,x18,-365	 x18:0x2f5c2c00 x14=0xfffffe93
     185785.000 ns	     18577	80004290	010b5a93	srli	x21,x22,0x10	 x22:0x00000000 x21=0x00000000
     185795.000 ns	     18578	80004294	70827113	andi	x2,x4,1800	  x4:0x80041024  x2=0x00000000
     185815.000 ns	     18580	80004298	c0077a53	fcvt.w.s	x20,f14	 f14:0x00000000 x20=0x00000000
     185845.000 ns	     18583	8000429c	02c683b3	mul	x7,x13,x12	 x13:0x9f5f0000 x12:0x00000000  x7=0x00000000
     185865.000 ns	     18585	800042a0	006991b3	sll	x3,x19,x6	 x19:0xe589a1fc  x6:0x772c90b4  x3=0x1fc00000
     185875.000 ns	     18586	800042a4	0034e733	or	x14,x9,x3	  x9:0x9f5f0000  x3:0x00000000 x14=0x9fdf0000
     185885.000 ns	     18587	800042a8	808b4d93	xori	x27,x22,-2040	 x22:0x00000000 x27=0xfffff808
     185895.000 ns	     18588	800042ac	e4dc0013	addi	x0,x24,-435	 x24:0x00000000
     185915.000 ns	     18590	800042b0	202b8bd3	fsgnj.s	f23,f23,f2	 f23:0x227f2111  f2:0x00000000 f23=0x227f2111
     185945.000 ns	     18593	800042b4	02108e33	mul	x28,x1,x1	  x1:0x00000000  x1:0x00000000 x28=0x00000000
     185975.000 ns	     18596	800042b8	21111ed3	fsgnjn.s	f29,f2,f17	  f2:0x00000000 f17:0x7f800000 f29=0x80000000
     185995.000 ns	     18598	800042bc	a53a6a37	lui	x20,0xa53a6	 x20=0xa53a6000
     186005.000 ns	     18599	800042c0	87d06993	ori	x19,x0,-1923	  x0:0x00000000 x19=0xfffff87d
     186045.000 ns	     18603	800042c4	0134f4d3	fadd.s	f9,f9,f19	  f9:0x7f800000 f19:0x7fc00000  f9=0x7fc00000
     186065.000 ns	     18605	800042c8	019a9793	slli	x15,x21,0x19	 x21:0x00000000 x15=0x00000000
     186075.000 ns	     18606	800042cc	129d7097	auipc	x1,0x129d7	  x1=0x929db2cc
     186095.000 ns	     18608	800042d0	f00c09d3	fmv.w.x	f19,x24	 x24:0x00000000 f19=0x00000000
     186115.000 ns	     18610	800042d4	414754b3	sra	x9,x14,x20	 x14:0x9fdf0000 x20:0xa53a6000  x9=0x9fdf0000
     186125.000 ns	     18611	800042d8	0183d033	srl	x0,x7,x24	  x7:0x00000000 x24:0x00000000
     186145.000 ns	     18613	800042dc	e0058853	fmv.x.w	x16,f11	 f11:0x9f5f0000 x16=0x9f5f0000
     186165.000 ns	     18615	800042e0	b393f293	andi	x5,x7,-1223	  x7:0x00000000  x5=0x00000000
     186175.000 ns	     18616	800042e4	58bd0213	addi	x4,x26,1419	 x26:0xffffffff  x4=0x0000058a
     186195.000 ns	     18618	800042e8	a1b013d3	flt.s	x7,f0,f27	  f0:0x7fc00000 f27:0x00000000  x7=0x00000000
     186235.000 ns	     18622	800042ec	580efd53	fsqrt.s	f26,f29	 f29:0x80000000 f26=0x80000000
     186255.000 ns	     18624	800042f0	7edd87b7	lui	x15,0x7edd8	 x15=0x7edd8000
     186265.000 ns	     18625	800042f4	2141e613	ori	x12,x3,532	  x3:0x1fc00000 x12=0x1fc00214
     186285.000 ns	     18627	800042f8	c00e7053	fcvt.w.s	x0,f28	 f28:0x7f800000
     186305.000 ns	     18629	800042fc	41b28c33	sub	x24,x5,x27	  x5:0x00000000 x27:0xfffff808 x24=0x000007f8
     186315.000 ns	     18630	80004300	40be5f33	sra	x30,x28,x11	 x28:0x00000000 x11:0x00000000 x30=0x00000000
     186335.000 ns	     18632	80004304	e0080253	fmv.x.w	x4,f16	 f16:0x00000000  x4=0x00000000
     186365.000 ns	     18635	80004308	a0d995d3	flt.s	x11,f19,f13	 f19:0x00000000 f13:0x7fc00000 x11=0x00000000
     186735.000 ns	     18672	8000430c	03366d33	rem	x26,x12,x19	 x12:0x1fc00214 x19:0xfffff87d x26=0x00000173
     186765.000 ns	     18675	80004310	02eb03b3	mul	x7,x22,x14	 x22:0x00000000 x14:0x9fdf0000  x7=0x00000000
     186795.000 ns	     18678	80004314	03ef0433	mul	x8,x30,x30	 x30:0x00000000 x30:0x00000000  x8=0x00000000
     186835.000 ns	     18682	80004318	18f111d3	fdiv.s	f3,f2,f15	  f2:0x00000000 f15:0x7f800000  f3=0x00000000
     186855.000 ns	     18684	8000431c	01cbf333	and	x6,x23,x28	 x23:0x000000d4 x28:0x00000000  x6=0x00000000
     186865.000 ns	     18685	80004320	00310e33	add	x28,x2,x3	  x2:0x00000000  x3:0x1fc00000 x28=0x1fc00000
     186875.000 ns	     18686	80004324	098b4313	xori	x6,x22,152	 x22:0x00000000  x6=0x00000098
     186885.000 ns	     18687	80004328	4143dcb3	sra	x25,x7,x20	  x7:0x00000000 x20:0xa53a6000 x25=0x00000000
     186915.000 ns	     18690	8000432c	580a0753	fsqrt.s	f14,f20	 f20:0x7f800000 f14=0x7f800000
     186935.000 ns	     18692	80004330	01ee8133	add	x2,x29,x30	 x29:0x80040fe4 x30:0x00000000  x2=0x80040fe4
     186965.000 ns	     18695	80004334	107d3fd3	fmul.s	f31,f26,f7	 f26:0x80000000  f7:0x5ee12240 f31=0x80000000
     186985.000 ns	     18697	80004338	01ec3033	sltu	x0,x24,x30	 x24:0x000007f8 x30:0x00000000
     186995.000 ns	     18698	8000433c	000865b3	or	x11,x16,x0	 x16:0x9f5f0000  x0:0x00000000 x11=0x9f5f0000
     187015.000 ns	     18700	80004340	e0050153	fmv.x.w	x2,f10	 f10:0x80040fe4  x2=0x80040fe4
     187055.000 ns	     18704	80004344	580da5d3	fsqrt.s	f11,f27	 f27:0x00000000 f11=0x00000000
     187085.000 ns	     18707	80004348	c0068d53	fcvt.w.s	x26,f13	 f13:0x7fc00000 x26=0x7fffffff
     187125.000 ns	     18711	8000434c	19917053	fdiv.s	f0,f2,f25	  f2:0x00000000 f25:0x7f800000  f0=0x00000000
     187145.000 ns	     18713	80004350	008e7033	and	x0,x28,x8	 x28:0x1fc00000  x8:0x00000000
     187155.000 ns	     18714	80004354	00e5b533	sltu	x10,x11,x14	 x11:0x9f5f0000 x14:0x9fdf0000 x10=0x00000001
     187165.000 ns	     18715	80004358	015a2533	slt	x10,x20,x21	 x20:0xa53a6000 x21:0x00000000 x10=0x00000001
     187185.000 ns	     18717	8000435c	d012f2d3	fcvt.s.wu	f5,x5	  x5:0x00000000  f5=0x00000000
     187215.000 ns	     18720	80004360	03cd2533	mulhsu	x10,x26,x28	 x26:0x7fffffff x28:0x1fc00000 x10=0x0fdfffff
     187235.000 ns	     18722	80004364	005c3bb3	sltu	x23,x24,x5	 x24:0x000007f8  x5:0x00000000 x23=0x00000000
     187255.000 ns	     18724	80004368	c018f853	fcvt.wu.s	x16,f17	 f17:0x7f800000 x16=0xffffffff
     187285.000 ns	     18727	8000436c	204f24d3	fsgnjx.s	f9,f30,f4	 f30:0x7fc00000  f4:0xcefff7ea  f9=0xffc00000
     187315.000 ns	     18730	80004370	a0d816d3	flt.s	x13,f16,f13	 f16:0x00000000 f13:0x7fc00000 x13=0x00000000
     187685.000 ns	     18767	80004374	033d5833	divu	x16,x26,x19	 x26:0x7fffffff x19:0xfffff87d x16=0x00000000
     187705.000 ns	     18769	80004378	000a7ab3	and	x21,x20,x0	 x20:0xa53a6000  x0:0x00000000 x21=0x00000000
     188065.000 ns	     18805	8000437c	03855533	divu	x10,x10,x24	 x10:0x0fdfffff x24:0x000007f8 x10=0x0001fdfd
     188085.000 ns	     18807	80004380	d6953113	sltiu	x2,x10,-663	 x10:0x0fdfffff  x2=0x00000001
     188125.000 ns	     18811	80004384	00738d53	fadd.s	f26,f7,f7	  f7:0x5ee12240  f7:0x5ee12240 f26=0x5f612240
     188145.000 ns	     18813	80004388	412e8733	sub	x14,x29,x18	 x29:0x80040fe4 x18:0x2f5c2c00 x14=0x50a7e3e4
     188165.000 ns	     18815	8000438c	02a11d33	mulh	x26,x2,x10	  x2:0x00000001 x10:0x0001fdfd x26=0x00000000
     188195.000 ns	     18818	80004390	29088453	fmin.s	f8,f17,f16	 f17:0x7f800000 f16:0x00000000  f8=0x00000000
     188215.000 ns	     18820	80004394	01b21c93	slli	x25,x4,0x1b	  x4:0x00000000 x25=0x00000000
     188225.000 ns	     18821	80004398	40018733	sub	x14,x3,x0	  x3:0x1fc00000  x0:0x00000000 x14=0x1fc00000
     188235.000 ns	     18822	8000439c	01351693	slli	x13,x10,0x13	 x10:0x0001fdfd x13=0xefe80000
     188245.000 ns	     18823	800043a0	01b04933	xor	x18,x0,x27	  x0:0x00000000 x27:0xfffff808 x18=0xfffff808
     188255.000 ns	     18824	800043a4	01a90e33	add	x28,x18,x26	 x18:0x2f5c2c00 x26:0x00000000 x28=0xfffff808
     188265.000 ns	     18825	800043a8	89063f13	sltiu	x30,x12,-1904	 x12:0x1fc00214 x30=0x00000001
     188275.000 ns	     18826	800043ac	eb46ed93	ori	x27,x13,-332	 x13:0xefe80000 x27=0xfffffeb4
     188295.000 ns	     18828	800043b0	28961ad3	fmax.s	f21,f12,f9	 f12:0x80000000  f9:0xffc00000 f21=0x80000000
     188315.000 ns	     18830	800043b4	f4af0213	addi	x4,x30,-182	 x30:0x00000001  x4=0xffffff4b
     188325.000 ns	     18831	800043b8	01b44d33	xor	x26,x8,x27	  x8:0x00000000 x27:0xfffffeb4 x26=0xfffffeb4
     188335.000 ns	     18832	800043bc	00667c93	andi	x25,x12,6	 x12:0x1fc00214 x25=0x00000004
     188355.000 ns	     18834	800043c0	20842cd3	fsgnjx.s	f25,f8,f8	  f8:0x00000000  f8:0x00000000 f25=0x00000000
     188375.000 ns	     18836	800043c4	ec763713	sltiu	x14,x12,-313	 x12:0x1fc00214 x14=0x00000001
     188395.000 ns	     18838	800043c8	a0a40dd3	fle.s	x27,f8,f10	  f8:0x00000000 f10:0x80040fe4 x27=0x00000000
     188415.000 ns	     18840	800043cc	01c75b33	srl	x22,x14,x28	 x14:0x1fc00000 x28:0xfffff808 x22=0x00000000
     188445.000 ns	     18843	800043d0	18cd02d3	fdiv.s	f5,f26,f12	 f26:0x5f612240 f12:0x80000000  f5=0xff800000
     188475.000 ns	     18846	800043d4	035e1233	mulh	x4,x28,x21	 x28:0xfffff808 x21:0x00000000  x4=0x00000000
     188495.000 ns	     18848	800043d8	2b06f613	andi	x12,x13,688	 x13:0xefe80000 x12=0x00000000
     188505.000 ns	     18849	800043dc	bbddb313	sltiu	x6,x27,-1091	 x27:0x00000000  x6=0x00000001
     188515.000 ns	     18850	800043e0	7b728813	addi	x16,x5,1975	  x5:0x00000000 x16=0x000007b7
     188535.000 ns	     18852	800043e4	a11410d3	flt.s	x1,f8,f17	  f8:0x00000000 f17:0x7f800000  x1=0x00000001
     188575.000 ns	     18856	800043e8	18bb32d3	fdiv.s	f5,f22,f11	 f22:0x367f1b2f f11:0x00000000  f5=0x7f800000
     188595.000 ns	     18858	800043ec	76a8fd97	auipc	x27,0x76a8f	 x27=0xf6a933ec
     188605.000 ns	     18859	800043f0	01b1adb3	slt	x27,x3,x27	  x3:0x1fc00000 x27:0x00000000 x27=0x00000000
     188615.000 ns	     18860	800043f4	bf05a613	slti	x12,x11,-1040	 x11:0x9f5f0000 x12=0x00000001
     188625.000 ns	     18861	800043f8	e223ed93	ori	x27,x7,-478	  x7:0x00000000 x27=0xfffffe22
     188645.000 ns	     18863	800043fc	21731553	fsgnjn.s	f10,f6,f23	  f6:0x43540000 f23:0x227f2111 f10=0xc3540000
     188665.000 ns	     18865	80004400	01a4bdb3	sltu	x27,x9,x26	  x9:0x9fdf0000 x26:0xfffffeb4 x27=0x00000001
     189025.000 ns	     18901	80004404	03bc76b3	remu	x13,x24,x27	 x24:0x000007f8 x27:0xfffffe22 x13=0x00000000
     189395.000 ns	     18938	80004408	026347b3	div	x15,x6,x6	  x6:0x00000001  x6:0x00000001 x15=0x00000001
     189425.000 ns	     18941	8000440c	e00894d3	fclass.s	x9,f17	 f17:0x7f800000  x9=0x00000080
     189455.000 ns	     18944	80004410	f00705d3	fmv.w.x	f11,x14	 x14:0x00000001 f11=0x00000001
     189475.000 ns	     18946	80004414	691ea793	slti	x15,x29,1681	 x29:0x80040fe4 x15=0x00000001
     189505.000 ns	     18949	80004418	580cfdd3	fsqrt.s	f27,f25	 f25:0x00000000 f27=0x00000000
     189535.000 ns	     18952	8000441c	03352233	mulhsu	x4,x10,x19	 x10:0x0001fdfd x19:0xfffff87d  x4=0x0001fdfc
     189555.000 ns	     18954	80004420	54298113	addi	x2,x19,1346	 x19:0xfffff87d  x2=0xfffffdbf
     189575.000 ns	     18956	80004424	02622033	mulhsu	x0,x4,x6	  x4:0x0001fdfc  x6:0x00000001
     189625.000 ns	     18961	80004428	00d9fed3	fadd.s	f29,f19,f13	 f19:0x00000000 f13:0x7fc00000 f29=0x7fc00000
     189645.000 ns	     18963	8000442c	01427433	and	x8,x4,x20	  x4:0x0001fdfc x20:0xa53a6000  x8=0x00006000
     190005.000 ns	     18999	80004430	0267fa33	remu	x20,x15,x6	 x15:0x00000001  x6:0x00000001 x20=0x00000000
     190025.000 ns	     19001	80004434	ee5b8f13	addi	x30,x23,-283	 x23:0x00000000 x30=0xfffffee5
     190045.000 ns	     19003	80004438	c00c9653	fcvt.w.s	x12,f25	 f25:0x00000000 x12=0x00000000
     190075.000 ns	     19006	8000443c	d00597d3	fcvt.s.w	f15,x11	 x11:0x9f5f0000 f15=0xcec14200
     190115.000 ns	     19010	80004440	1950fed3	fdiv.s	f29,f1,f21	  f1:0x7fc00000 f21:0x80000000 f29=0x7fc00000
     190145.000 ns	     19013	80004444	032720b3	mulhsu	x1,x14,x18	 x14:0x00000001 x18:0xfffff808  x1=0x00000000
     190175.000 ns	     19016	80004448	02b28033	mul	x0,x5,x11	  x5:0x00000000 x11:0x9f5f0000
     190205.000 ns	     19019	8000444c	d0118bd3	fcvt.s.wu	f23,x3	  x3:0x1fc00000 f23=0x4dfe0000
     190245.000 ns	     19023	80004450	11e4f853	fmul.s	f16,f9,f30	  f9:0xffc00000 f30:0x7fc00000 f16=0x7fc00000
     190275.000 ns	     19026	80004454	a1a399d3	flt.s	x19,f7,f26	  f7:0x5ee12240 f26:0x5f612240 x19=0x00000001
     190295.000 ns	     19028	80004458	00075913	srli	x18,x14,0x0	 x14:0x00000001 x18=0x00000001
     190335.000 ns	     19032	8000445c	01657ed3	fadd.s	f29,f10,f22	 f10:0xc3540000 f22:0x367f1b2f f29=0xc353ffff
     190375.000 ns	     19036	80004460	1936f153	fdiv.s	f2,f13,f19	 f13:0x7fc00000 f19:0x00000000  f2=0x7fc00000
     190395.000 ns	     19038	80004464	74527d13	andi	x26,x4,1861	  x4:0x0001fdfc x26=0x00000544
     190755.000 ns	     19074	80004468	03c04833	div	x16,x0,x28	  x0:0x00000000 x28:0xfffff808 x16=0x00000000
     190785.000 ns	     19077	8000446c	20de1153	fsgnjn.s	f2,f28,f13	 f28:0x7f800000 f13:0x7fc00000  f2=0xff800000
     190805.000 ns	     19079	80004470	40e8d393	srai	x7,x17,0xe	 x17:0x80041024  x7=0xfffe0010
     190815.000 ns	     19080	80004474	40a1d0b3	sra	x1,x3,x10	  x3:0x1fc00000 x10:0x0001fdfd  x1=0x00000000
     190825.000 ns	     19081	80004478	755a3613	sltiu	x12,x20,1877	 x20:0x00000000 x12=0x00000001
     190845.000 ns	     19083	8000447c	d0003953	fcvt.s.w	f18,x0	  x0:0x00000000 f18=0x00000000
     190865.000 ns	     19085	80004480	01a90f33	add	x30,x18,x26	 x18:0x00000001 x26:0x00000544 x30=0x00000545
     190875.000 ns	     19086	80004484	01527433	and	x8,x4,x21	  x4:0x0001fdfc x21:0x00000000  x8=0x00000000
     190885.000 ns	     19087	80004488	59574f13	xori	x30,x14,1429	 x14:0x00000001 x30=0x00000594
     191245.000 ns	     19123	8000448c	03e276b3	remu	x13,x4,x30	  x4:0x0001fdfc x30:0x00000545 x13=0x00000260
     191265.000 ns	     19125	80004490	2840a393	slti	x7,x1,644	  x1:0x00000000  x7=0x00000001
     191285.000 ns	     19127	80004494	c000b453	fcvt.w.s	x8,f1	  f1:0x7fc00000  x8=0x7fffffff
     191325.000 ns	     19131	80004498	580a7753	fsqrt.s	f14,f20	 f20:0x7f800000 f14=0x7f800000
     191355.000 ns	     19134	8000449c	035d5d33	divu	x26,x26,x21	 x26:0x00000544 x21:0x00000000 x26=0xffffffff
     191385.000 ns	     19137	800044a0	d002f7d3	fcvt.s.w	f15,x5	  x5:0x00000000 f15=0x00000000
     191415.000 ns	     19140	800044a4	03743233	mulhu	x4,x8,x23	  x8:0x7fffffff x23:0x00000000  x4=0x00000000
     191455.000 ns	     19144	800044a8	58047153	fsqrt.s	f2,f8	  f8:0x00000000  f2=0x00000000
     191475.000 ns	     19146	800044ac	0110f9b3	and	x19,x1,x17	  x1:0x00000000 x17:0x80041024 x19=0x00000000
     191485.000 ns	     19147	800044b0	00839c93	slli	x25,x7,0x8	  x7:0x00000001 x25=0x00000100
     191495.000 ns	     19148	800044b4	0029f933	and	x18,x19,x2	 x19:0x00000001  x2:0xfffffdbf x18=0x00000000
     191505.000 ns	     19149	800044b8	40e086b3	sub	x13,x1,x14	  x1:0x00000000 x14:0x00000001 x13=0xffffffff
     191525.000 ns	     19151	800044bc	030ba233	mulhsu	x4,x23,x16	 x23:0x00000000 x16:0x00000000  x4=0x00000000
     191545.000 ns	     19153	800044c0	019e72b3	and	x5,x28,x25	 x28:0xfffff808 x25:0x00000100  x5=0x00000000
     191555.000 ns	     19154	800044c4	41fedb33	sra	x22,x29,x31	 x29:0x80040fe4 x31:0xfafeddbe x22=0xfffffffe
     191565.000 ns	     19155	800044c8	3320b093	sltiu	x1,x1,818	  x1:0x00000000  x1=0x00000001
     191595.000 ns	     19158	800044cc	19a0c053	fdiv.s	f0,f1,f26	  f1:0x7fc00000 f26:0x5f612240  f0=0x7fc00000
     191615.000 ns	     19160	800044d0	00aca333	slt	x6,x25,x10	 x25:0x00000100 x10:0x0001fdfd  x6=0x00000001
     191635.000 ns	     19162	800044d4	f00a0cd3	fmv.w.x	f25,x20	 x20:0x00000000 f25=0x00000000
     191665.000 ns	     19165	800044d8	208e2fd3	fsgnjx.s	f31,f28,f8	 f28:0x7f800000  f8:0x00000000 f31=0x7f800000
     191695.000 ns	     19168	800044dc	29f78053	fmin.s	f0,f15,f31	 f15:0x00000000 f31:0x80000000  f0=0x00000000
     191725.000 ns	     19171	800044e0	d006fb53	fcvt.s.w	f22,x13	 x13:0xffffffff f22=0xbf800000
     191745.000 ns	     19173	800044e4	f6d2e193	ori	x3,x5,-147	  x5:0x00000000  x3=0xffffff6d
     191755.000 ns	     19174	800044e8	70df4793	xori	x15,x30,1805	 x30:0x00000594 x15=0x00000299
     191765.000 ns	     19175	800044ec	00703133	sltu	x2,x0,x7	  x0:0x00000000  x7:0x00000001  x2=0x00000001
     191775.000 ns	     19176	800044f0	404d80b3	sub	x1,x27,x4	 x27:0x00000001  x4:0x00000000  x1=0x00000001
     191795.000 ns	     19178	800044f4	03c62833	mulhsu	x16,x12,x28	 x12:0x00000001 x28:0xfffff808 x16=0x00000000
     191825.000 ns	     19181	800044f8	20fd2d53	fsgnjx.s	f26,f26,f15	 f26:0x5f612240 f15:0x00000000 f26=0x5f612240
     191855.000 ns	     19184	800044fc	c014f4d3	fcvt.wu.s	x9,f9	  f9:0xffc00000  x9=0xffffffff
     191875.000 ns	     19186	80004500	006c2033	slt	x0,x24,x6	 x24:0x000007f8  x6:0x00000001
     191885.000 ns	     19187	80004504	00cb8d33	add	x26,x23,x12	 x23:0x00000000 x12:0x00000001 x26=0x00000001
     191905.000 ns	     19189	80004508	a10d1f53	flt.s	x30,f26,f16	 f26:0x5f612240 f16:0x7fc00000 x30=0x00000000
     191945.000 ns	     19193	8000450c	1907aad3	fdiv.s	f21,f15,f16	 f15:0x00000000 f16:0x7fc00000 f21=0x7fc00000
     191975.000 ns	     19196	80004510	d00f7a53	fcvt.s.w	f20,x30	 x30:0x00000000 f20=0x00000000
     191995.000 ns	     19198	80004514	01f873b3	and	x7,x16,x31	 x16:0x00000000 x31:0xfafeddbe  x7=0x00000000
     192035.000 ns	     19202	80004518	00b97853	fadd.s	f16,f18,f11	 f18:0x00000000 f11:0x00000001 f16=0x00000001
     192055.000 ns	     19204	8000451c	00f75c33	srl	x24,x14,x15	 x14:0x00000001 x15:0x00000299 x24=0x00000000
     192065.000 ns	     19205	80004520	37918a93	addi	x21,x3,889	  x3:0xffffff6d x21=0x000002e6
     192085.000 ns	     19207	80004524	03498433	mul	x8,x19,x20	 x19:0x00000000 x20:0x00000000  x8=0x00000000
     192105.000 ns	     19209	80004528	01d3dc33	srl	x24,x7,x29	  x7:0x00000000 x29:0x80040fe4 x24=0x00000000
     192125.000 ns	     19211	8000452c	02c5a433	mulhsu	x8,x11,x12	 x11:0x9f5f0000 x12:0x00000001  x8=0xffffffff
     192155.000 ns	     19214	80004530	20980253	fsgnj.s	f4,f16,f9	 f16:0x00000001  f9:0xffc00000  f4=0x80000001
     192185.000 ns	     19217	80004534	d00b4253	fcvt.s.w	f4,x22	 x22:0xfffffffe  f4=0xc0000000
     192205.000 ns	     19219	80004538	011b8ab3	add	x21,x23,x17	 x23:0x00000000 x17:0x80041024 x21=0x80041024
     192215.000 ns	     19220	8000453c	00a9bdb3	sltu	x27,x19,x10	 x19:0x00000000 x10:0x0001fdfd x27=0x00000001
     192225.000 ns	     19221	80004540	01e005b3	add	x11,x0,x30	  x0:0x00000000 x30:0x00000000 x11=0x00000000
     192255.000 ns	     19224	80004544	58099b53	fsqrt.s	f22,f19	 f19:0x00000000 f22=0x00000000
     192295.000 ns	     19228	80004548	11feffd3	fmul.s	f31,f29,f31	 f29:0xc353ffff f31:0x7f800000 f31=0xff800000
     192315.000 ns	     19230	8000454c	01639113	slli	x2,x7,0x16	  x7:0x00000000  x2=0x00000000
     192335.000 ns	     19232	80004550	d00b27d3	fcvt.s.w	f15,x22	 x22:0xfffffffe f15=0xc0000000
     192365.000 ns	     19235	80004554	027b0233	mul	x4,x22,x7	 x22:0xfffffffe  x7:0x00000000  x4=0x00000000
     192395.000 ns	     19238	80004558	02b22f33	mulhsu	x30,x4,x11	  x4:0x00000000 x11:0x00000000 x30=0x00000000
     192415.000 ns	     19240	8000455c	73af2217	auipc	x4,0x73af2	  x4=0xf3af655c
     192425.000 ns	     19241	80004560	b8a146b7	lui	x13,0xb8a14	 x13=0xb8a14000
     192435.000 ns	     19242	80004564	00dc4f33	xor	x30,x24,x13	 x24:0x00000000 x13:0xffffffff x30=0xb8a14000
     192445.000 ns	     19243	80004568	63721797	auipc	x15,0x63721	 x15=0xe3725568
     192455.000 ns	     19244	8000456c	c4543413	sltiu	x8,x8,-955	  x8:0xffffffff  x8=0x00000000
     192465.000 ns	     19245	80004570	27bc40b7	lui	x1,0x27bc4	  x1=0x27bc4000
     192475.000 ns	     19246	80004574	9181b293	sltiu	x5,x3,-1768	  x3:0xffffff6d  x5=0x00000000
     192485.000 ns	     19247	80004578	009200b3	add	x1,x4,x9	  x4:0xf3af655c  x9:0xffffffff  x1=0xf3af655b
     192495.000 ns	     19248	8000457c	00916733	or	x14,x2,x9	  x2:0x00000000  x9:0xffffffff x14=0xffffffff
     192505.000 ns	     19249	80004580	0101a833	slt	x16,x3,x16	  x3:0xffffff6d x16:0x00000000 x16=0x00000001
     192515.000 ns	     19250	80004584	414884b3	sub	x9,x17,x20	 x17:0x80041024 x20:0x00000000  x9=0x80041024
     192535.000 ns	     19252	80004588	03c3a433	mulhsu	x8,x7,x28	  x7:0x00000000 x28:0xfffff808  x8=0x00000000
     192555.000 ns	     19254	8000458c	49683193	sltiu	x3,x16,1174	 x16:0x00000001  x3=0x00000001
     192565.000 ns	     19255	80004590	8c9c6693	ori	x13,x24,-1847	 x24:0x00000000 x13=0xfffff8c9
     192575.000 ns	     19256	80004594	01619b33	sll	x22,x3,x22	  x3:0xffffff6d x22:0xfffffffe x22=0x40000000
     192585.000 ns	     19257	80004598	56ac6693	ori	x13,x24,1386	 x24:0x00000000 x13=0x0000056a
     192605.000 ns	     19259	8000459c	a1a22953	feq.s	x18,f4,f26	  f4:0xc0000000 f26:0x5f612240 x18=0x00000000
     192635.000 ns	     19262	800045a0	a10ba3d3	feq.s	x7,f23,f16	 f23:0x4dfe0000 f16:0x00000001  x7=0x00000000
     192655.000 ns	     19264	800045a4	00bc00b3	add	x1,x24,x11	 x24:0x00000000 x11:0x00000000  x1=0x00000000
     192665.000 ns	     19265	800045a8	419cd0b3	sra	x1,x25,x25	 x25:0x00000100 x25:0x00000100  x1=0x00000100
     192685.000 ns	     19267	800045ac	f00e0353	fmv.w.x	f6,x28	 x28:0xfffff808  f6=0xfffff808
     192715.000 ns	     19270	800045b0	e0098b53	fmv.x.w	x22,f19	 f19:0x00000000 x22=0x00000000
     192735.000 ns	     19272	800045b4	00480733	add	x14,x16,x4	 x16:0x00000001  x4:0xf3af655c x14=0xf3af655d
     192745.000 ns	     19273	800045b8	014e5bb3	srl	x23,x28,x20	 x28:0xfffff808 x20:0x00000000 x23=0xfffff808
     192765.000 ns	     19275	800045bc	288091d3	fmax.s	f3,f1,f8	  f1:0x7fc00000  f8:0x00000000  f3=0x00000000
     192785.000 ns	     19277	800045c0	01c18f33	add	x30,x3,x28	  x3:0x00000001 x28:0xfffff808 x30=0xfffff809
     192795.000 ns	     19278	800045c4	00e09093	slli	x1,x1,0xe	  x1:0x00000100  x1=0x00400000
     192815.000 ns	     19280	800045c8	a1d49dd3	flt.s	x27,f9,f29	  f9:0xffc00000 f29:0xc353ffff x27=0x00000000
     192835.000 ns	     19282	800045cc	00febab3	sltu	x21,x29,x15	 x29:0x80040fe4 x15:0xe3725568 x21=0x00000001
     192855.000 ns	     19284	800045d0	036699b3	mulh	x19,x13,x22	 x13:0x0000056a x22:0x00000000 x19=0x00000000
     192885.000 ns	     19287	800045d4	02cea4b3	mulhsu	x9,x29,x12	 x29:0x80040fe4 x12:0x00000001  x9=0xffffffff
     192905.000 ns	     19289	800045d8	007ee233	or	x4,x29,x7	 x29:0x80040fe4  x7:0x00000000  x4=0x80040fe4
     192915.000 ns	     19290	800045dc	010e91b3	sll	x3,x29,x16	 x29:0x80040fe4 x16:0x00000001  x3=0x00081fc8
     192925.000 ns	     19291	800045e0	00d60933	add	x18,x12,x13	 x12:0x00000001 x13:0x0000056a x18=0x0000056b
     193285.000 ns	     19327	800045e4	02195a33	divu	x20,x18,x1	 x18:0x00000000  x1:0x00400000 x20=0x00000000
     193655.000 ns	     19364	800045e8	02c14e33	div	x28,x2,x12	  x2:0x00000000 x12:0x00000001 x28=0x00000000
     193685.000 ns	     19367	800045ec	e00f0853	fmv.x.w	x16,f30	 f30:0x7fc00000 x16=0x7fc00000
     193705.000 ns	     19369	800045f0	006a65b3	or	x11,x20,x6	 x20:0x00000000  x6:0x00000001 x11=0x00000001
     193715.000 ns	     19370	800045f4	818a6993	ori	x19,x20,-2024	 x20:0x00000000 x19=0xfffff818
     193735.000 ns	     19372	800045f8	034c2633	mulhsu	x12,x24,x20	 x24:0x00000000 x20:0x00000000 x12=0x00000000
     193755.000 ns	     19374	800045fc	413ed713	srai	x14,x29,0x13	 x29:0x80040fe4 x14=0xfffff000
     193785.000 ns	     19377	80004600	5800bfd3	fsqrt.s	f31,f1	  f1:0x7fc00000 f31=0x7fc00000
     194155.000 ns	     19414	80004604	03f35733	divu	x14,x6,x31	  x6:0x00000001 x31:0xfafeddbe x14=0x00000000
     194175.000 ns	     19416	80004608	08e03793	sltiu	x15,x0,142	  x0:0x00000000 x15=0x00000001
     194185.000 ns	     19417	8000460c	01573333	sltu	x6,x14,x21	 x14:0x00000000 x21:0x00000001  x6=0x00000001
     194195.000 ns	     19418	80004610	00000013	addi	x0,x0,0	  x0:0x00000000
     194205.000 ns	     19419	80004614	01345613	srli	x12,x8,0x13	  x8:0x00000000 x12=0x00000000
     194215.000 ns	     19420	80004618	01f3f433	and	x8,x7,x31	  x7:0x00000000 x31:0xfafeddbe  x8=0x00000000
     194225.000 ns	     19421	8000461c	005c1f13	slli	x30,x24,0x5	 x24:0x00000000 x30=0x00000000
     194255.000 ns	     19424	80004620	10a97353	fmul.s	f6,f18,f10	 f18:0x00000000 f10:0xc3540000  f6=0x80000000
     194625.000 ns	     19461	80004624	03a3cbb3	div	x23,x7,x26	  x7:0x00000000 x26:0x00000001 x23=0x00000000
     194655.000 ns	     19464	80004628	21960153	fsgnj.s	f2,f12,f25	 f12:0x80000000 f25:0x00000000  f2=0x00000000
     194685.000 ns	     19467	8000462c	20f5a9d3	fsgnjx.s	f19,f11,f15	 f11:0x00000001 f15:0xc0000000 f19=0x80000001
     194725.000 ns	     19471	80004630	1988f353	fdiv.s	f6,f17,f24	 f17:0x7f800000 f24:0x7fc00000  f6=0x7fc00000
     194755.000 ns	     19474	80004634	c01b7a53	fcvt.wu.s	x20,f22	 f22:0x00000000 x20=0x00000000
     194775.000 ns	     19476	80004638	01f23933	sltu	x18,x4,x31	  x4:0x80040fe4 x31:0xfafeddbe x18=0x00000001
     195135.000 ns	     19512	8000463c	0295f333	remu	x6,x11,x9	 x11:0x00000001  x9:0xffffffff  x6=0x00000001
     195165.000 ns	     19515	80004640	027a4c33	div	x24,x20,x7	 x20:0x00000000  x7:0x00000000 x24=0xffffffff
     195195.000 ns	     19518	80004644	f00b0ad3	fmv.w.x	f21,x22	 x22:0x00000000 f21=0x00000000
     195215.000 ns	     19520	80004648	bb4de117	auipc	x2,0xbb4de	  x2=0x3b4e2648
     195235.000 ns	     19522	8000464c	030e91b3	mulh	x3,x29,x16	 x29:0x80040fe4 x16:0x7fc00000  x3=0xc02206ee
     195265.000 ns	     19525	80004650	a0ad0dd3	fle.s	x27,f26,f10	 f26:0x5f612240 f10:0xc3540000 x27=0x00000000
     195285.000 ns	     19527	80004654	c14f3217	auipc	x4,0xc14f3	  x4=0x414f7654
     195295.000 ns	     19528	80004658	06b22d93	slti	x27,x4,107	  x4:0x80040fe4 x27=0x00000000
     195305.000 ns	     19529	8000465c	4112d533	sra	x10,x5,x17	  x5:0x00000000 x17:0x80041024 x10=0x00000000
     195325.000 ns	     19531	80004660	a0652f53	feq.s	x30,f10,f6	 f10:0xc3540000  f6:0x7fc00000 x30=0x00000000
     195355.000 ns	     19534	80004664	033a90b3	mulh	x1,x21,x19	 x21:0x00000001 x19:0xfffff818  x1=0xffffffff
     195375.000 ns	     19536	80004668	419f5c13	srai	x24,x30,0x19	 x30:0x00000000 x24=0x00000000
     195385.000 ns	     19537	8000466c	022b7693	andi	x13,x22,34	 x22:0x00000000 x13=0x00000000
     195405.000 ns	     19539	80004670	e00c9c53	fclass.s	x24,f25	 f25:0x00000000 x24=0x00000010
     195425.000 ns	     19541	80004674	00a18e33	add	x28,x3,x10	  x3:0xc02206ee x10:0x00000000 x28=0xc02206ee
     195445.000 ns	     19543	80004678	c00cfa53	fcvt.w.s	x20,f25	 f25:0x00000000 x20=0x00000000
     195465.000 ns	     19545	8000467c	0019a5b3	slt	x11,x19,x1	 x19:0xfffff818  x1:0xffffffff x11=0x00000001
     195825.000 ns	     19581	80004680	0242ccb3	div	x25,x5,x4	  x5:0x00000000  x4:0x414f7654 x25=0x00000000
     195845.000 ns	     19583	80004684	2ddb7b13	andi	x22,x22,733	 x22:0x00000000 x22=0x00000000
     195865.000 ns	     19585	80004688	034630b3	mulhu	x1,x12,x20	 x12:0x00000000 x20:0x00000000  x1=0x00000000
     195895.000 ns	     19588	8000468c	f0058d53	fmv.w.x	f26,x11	 x11:0x00000001 f26=0x00000001
     195915.000 ns	     19590	80004690	019c9493	slli	x9,x25,0x19	 x25:0x00000000  x9=0x00000000
     195925.000 ns	     19591	80004694	016179b3	and	x19,x2,x22	  x2:0x3b4e2648 x22:0x00000000 x19=0x00000000
     195945.000 ns	     19593	80004698	20ed1a53	fsgnjn.s	f20,f26,f14	 f26:0x00000001 f14:0x7f800000 f20=0x80000001
     195975.000 ns	     19596	8000469c	02153933	mulhu	x18,x10,x1	 x10:0x00000000  x1:0x00000000 x18=0x00000000
     196005.000 ns	     19599	800046a0	c003fa53	fcvt.w.s	x20,f7	  f7:0x5ee12240 x20=0x7fffffff
     196025.000 ns	     19601	800046a4	40820233	sub	x4,x4,x8	  x4:0x414f7654  x8:0x00000000  x4=0x414f7654
     196035.000 ns	     19602	800046a8	363e1417	auipc	x8,0x363e1	  x8=0xb63e56a8
     196045.000 ns	     19603	800046ac	4f70f093	andi	x1,x1,1271	  x1:0x00000000  x1=0x00000000
     196065.000 ns	     19605	800046b0	a03f0c53	fle.s	x24,f30,f3	 f30:0x7fc00000  f3:0x00000000 x24=0x00000000
     196095.000 ns	     19608	800046b4	c014f753	fcvt.wu.s	x14,f9	  f9:0xffc00000 x14=0xffffffff
     196125.000 ns	     19611	800046b8	20a711d3	fsgnjn.s	f3,f14,f10	 f14:0x7f800000 f10:0xc3540000  f3=0x7f800000
     196155.000 ns	     19614	800046bc	a08426d3	feq.s	x13,f8,f8	  f8:0x00000000  f8:0x00000000 x13=0x00000001
     196185.000 ns	     19617	800046c0	217c8ed3	fsgnj.s	f29,f25,f23	 f25:0x00000000 f23:0x4dfe0000 f29=0x00000000
     196205.000 ns	     19619	800046c4	9c67fab7	lui	x21,0x9c67f	 x21=0x9c67f000
     196235.000 ns	     19622	800046c8	118a85d3	fmul.s	f11,f21,f24	 f21:0x00000000 f24:0x7fc00000 f11=0x7fc00000
     196255.000 ns	     19624	800046cc	0019d133	srl	x2,x19,x1	 x19:0x00000000  x1:0x00000000  x2=0x00000000
     196275.000 ns	     19626	800046d0	036f3733	mulhu	x14,x30,x22	 x30:0x00000000 x22:0x00000000 x14=0x00000000
     196295.000 ns	     19628	800046d4	414f5c93	srai	x25,x30,0x14	 x30:0x00000000 x25=0x00000000
     196315.000 ns	     19630	800046d8	d006f8d3	fcvt.s.w	f17,x13	 x13:0x00000001 f17=0x3f800000
     196335.000 ns	     19632	800046dc	40035313	srai	x6,x6,0x0	  x6:0x00000001  x6=0x00000001
     196355.000 ns	     19634	800046e0	022bdcb3	divu	x25,x23,x2	 x23:0x00000000  x2:0x00000000 x25=0xffffffff
     196385.000 ns	     19637	800046e4	299f90d3	fmax.s	f1,f31,f25	 f31:0x7fc00000 f25:0x00000000  f1=0x00000000
     196405.000 ns	     19639	800046e8	c6702d13	slti	x26,x0,-921	  x0:0x00000000 x26=0x00000000
     196415.000 ns	     19640	800046ec	1ed9e513	ori	x10,x19,493	 x19:0x00000000 x10=0x000001ed
     196435.000 ns	     19642	800046f0	c01aa2d3	fcvt.wu.s	x5,f21	 f21:0x00000000  x5=0x00000000
     196455.000 ns	     19644	800046f4	d2ea4913	xori	x18,x20,-722	 x20:0x7fffffff x18=0x800002d1
     196465.000 ns	     19645	800046f8	1ddc3e13	sltiu	x28,x24,477	 x24:0x00000000 x28=0x00000001
     196485.000 ns	     19647	800046fc	c012f653	fcvt.wu.s	x12,f5	  f5:0x7f800000 x12=0xffffffff
     196505.000 ns	     19649	80004700	40945c13	srai	x24,x8,0x9	  x8:0xb63e56a8 x24=0xffdb1f2b
     196525.000 ns	     19651	80004704	d015c0d3	fcvt.s.wu	f1,x11	 x11:0x00000001  f1=0x3f800000
     196555.000 ns	     19654	80004708	e00416d3	fclass.s	x13,f8	  f8:0x00000000 x13=0x00000010
     196925.000 ns	     19691	8000470c	038c6ab3	rem	x21,x24,x24	 x24:0xffdb1f2b x24:0xffdb1f2b x21=0x00000000
     196955.000 ns	     19694	80004710	027972b3	remu	x5,x18,x7	 x18:0x800002d1  x7:0x00000000  x5=0x800002d1
     197005.000 ns	     19699	80004714	019c7853	fadd.s	f16,f24,f25	 f24:0x7fc00000 f25:0x00000000 f16=0x7fc00000
     197035.000 ns	     19702	80004718	212d8bd3	fsgnj.s	f23,f27,f18	 f27:0x00000000 f18:0x00000000 f23=0x00000000
     197065.000 ns	     19705	8000471c	21bd9453	fsgnjn.s	f8,f27,f27	 f27:0x00000000 f27:0x00000000  f8=0x80000000
     198245.000 ns	     19823	80004720	58039fd3	fsqrt.s	f31,f7	  f7:0x5ee12240 f31=0x4f29c18e
     198275.000 ns	     19826	80004724	d0007653	fcvt.s.w	f12,x0	  x0:0x00000000 f12=0x00000000
     198305.000 ns	     19829	80004728	296f8a53	fmin.s	f20,f31,f22	 f31:0x4f29c18e f22:0x00000000 f20=0x00000000
     198325.000 ns	     19831	8000472c	419ddbb3	sra	x23,x27,x25	 x27:0x00000000 x25:0xffffffff x23=0x00000000
     198345.000 ns	     19833	80004730	a1cbaf53	feq.s	x30,f23,f28	 f23:0x00000000 f28:0x7f800000 x30=0x00000000
     198365.000 ns	     19835	80004734	c2903513	sltiu	x10,x0,-983	  x0:0x00000000 x10=0x00000001
     198375.000 ns	     19836	80004738	1fa274b7	lui	x9,0x1fa27	  x9=0x1fa27000
     198385.000 ns	     19837	8000473c	0156b7b3	sltu	x15,x13,x21	 x13:0x00000010 x21:0x00000000 x15=0x00000000
     198395.000 ns	     19838	80004740	b2f4e293	ori	x5,x9,-1233	  x9:0x00000000  x5=0xfffffb2f
     198435.000 ns	     19842	80004744	0975fad3	fsub.s	f21,f11,f23	 f11:0x7fc00000 f23:0x00000000 f21=0x7fc00000
     198455.000 ns	     19844	80004748	01da6433	or	x8,x20,x29	 x20:0x7fffffff x29:0x80040fe4  x8=0xffffffff
     198475.000 ns	     19846	8000474c	285211d3	fmax.s	f3,f4,f5	  f4:0xc0000000  f5:0x7f800000  f3=0x7f800000
     198505.000 ns	     19849	80004750	c01e7553	fcvt.wu.s	x10,f28	 f28:0x7f800000 x10=0xffffffff
     198525.000 ns	     19851	80004754	c4a63593	sltiu	x11,x12,-950	 x12:0xffffffff x11=0x00000000
     198545.000 ns	     19853	80004758	f00888d3	fmv.w.x	f17,x17	 x17:0x80041024 f17=0x80041024
     198575.000 ns	     19856	8000475c	215e8453	fsgnj.s	f8,f29,f21	 f29:0x00000000 f21:0x7fc00000  f8=0x00000000
     198605.000 ns	     19859	80004760	280f16d3	fmax.s	f13,f30,f0	 f30:0x7fc00000  f0:0x00000000 f13=0x00000000
     198635.000 ns	     19862	80004764	a1128b53	fle.s	x22,f5,f17	  f5:0x7f800000 f17:0x80041024 x22=0x00000000
     198665.000 ns	     19865	80004768	e00d0cd3	fmv.x.w	x25,f26	 f26:0x00000001 x25=0x00000001
     198695.000 ns	     19868	8000476c	02b241b3	div	x3,x4,x11	  x4:0x414f7654 x11:0x00000000  x3=0xffffffff
     198725.000 ns	     19871	80004770	0277ee33	rem	x28,x15,x7	 x15:0x00000000  x7:0x00000000 x28=0x00000000
     198745.000 ns	     19873	80004774	408685b3	sub	x11,x13,x8	 x13:0x00000010  x8:0xffffffff x11=0x00000011
     198755.000 ns	     19874	80004778	23b3e313	ori	x6,x7,571	  x7:0x00000000  x6=0x0000023b
     198775.000 ns	     19876	8000477c	e0049353	fclass.s	x6,f9	  f9:0xffc00000  x6=0x00000200
     198795.000 ns	     19878	80004780	40305713	srai	x14,x0,0x3	  x0:0x00000000 x14=0x00000000
     198825.000 ns	     19881	80004784	18d6f753	fdiv.s	f14,f13,f13	 f13:0x00000000 f13:0x00000000 f14=0x7fc00000
     198845.000 ns	     19883	80004788	00ecb733	sltu	x14,x25,x14	 x25:0x00000001 x14:0x00000000 x14=0x00000000
     198865.000 ns	     19885	8000478c	f00a0c53	fmv.w.x	f24,x20	 x20:0x7fffffff f24=0x7fffffff
     198885.000 ns	     19887	80004790	f5e65037	lui	x0,0xf5e65	
     198895.000 ns	     19888	80004794	40f15413	srai	x8,x2,0xf	  x2:0x00000000  x8=0x00000000
     198925.000 ns	     19891	80004798	100974d3	fmul.s	f9,f18,f0	 f18:0x00000000  f0:0x00000000  f9=0x00000000
     198945.000 ns	     19893	8000479c	409a0ab3	sub	x21,x20,x9	 x20:0x7fffffff  x9:0x1fa27000 x21=0x605d8fff
     198965.000 ns	     19895	800047a0	021e6133	rem	x2,x28,x1	 x28:0x00000000  x1:0x00000000  x2=0x00000000
     198985.000 ns	     19897	800047a4	00000013	addi	x0,x0,0	  x0:0x00000000
     198995.000 ns	     19898	800047a8	2e4f3593	sltiu	x11,x30,740	 x30:0x00000000 x11=0x00000001
     199015.000 ns	     19900	800047ac	03b2ec33	rem	x24,x5,x27	  x5:0xfffffb2f x27:0x00000000 x24=0xfffffb2f
     199035.000 ns	     19902	800047b0	41b6d9b3	sra	x19,x13,x27	 x13:0x00000010 x27:0x00000000 x19=0x00000010
     199045.000 ns	     19903	800047b4	94da7793	andi	x15,x20,-1715	 x20:0x7fffffff x15=0x7ffff94d
     199065.000 ns	     19905	800047b8	a1361d53	flt.s	x26,f12,f19	 f12:0x00000000 f19:0x80000001 x26=0x00000000
     199095.000 ns	     19908	800047bc	03fe3a33	mulhu	x20,x28,x31	 x28:0x00000000 x31:0xfafeddbe x20=0x00000000
     199115.000 ns	     19910	800047c0	4080d793	srai	x15,x1,0x8	  x1:0x00000000 x15=0x00000000
     199135.000 ns	     19912	800047c4	028b1e33	mulh	x28,x22,x8	 x22:0x00000000  x8:0x00000000 x28=0x00000000
     199505.000 ns	     19949	800047c8	02b8f2b3	remu	x5,x17,x11	 x17:0x80041024 x11:0x00000001  x5=0x00000000
     199525.000 ns	     19951	800047cc	00161c13	slli	x24,x12,0x1	 x12:0xffffffff x24=0xfffffffe
     199535.000 ns	     19952	800047d0	008342b3	xor	x5,x6,x8	  x6:0x00000200  x8:0x00000000  x5=0x00000200
     199555.000 ns	     19954	800047d4	e00594d3	fclass.s	x9,f11	 f11:0x7fc00000  x9=0x00000200
     199575.000 ns	     19956	800047d8	012620b3	slt	x1,x12,x18	 x12:0xffffffff x18:0x800002d1  x1=0x00000000
     199615.000 ns	     19960	800047dc	018f91d3	fadd.s	f3,f31,f24	 f31:0x4f29c18e f24:0x7fffffff  f3=0x7fc00000
     199655.000 ns	     19964	800047e0	10574cd3	fmul.s	f25,f14,f5	 f14:0x7fc00000  f5:0x7f800000 f25=0x7fc00000
     199705.000 ns	     19969	800047e4	08944f53	fsub.s	f30,f8,f9	  f8:0x00000000  f9:0x00000000 f30=0x80000000
     199725.000 ns	     19971	800047e8	ea318113	addi	x2,x3,-349	  x3:0xffffffff  x2=0xfffffea2
     199745.000 ns	     19973	800047ec	d0117ed3	fcvt.s.wu	f29,x2	  x2:0x00000000 f29=0x4f7ffffe
     199765.000 ns	     19975	800047f0	00000013	addi	x0,x0,0	  x0:0x00000000
     199785.000 ns	     19977	800047f4	028b6d33	rem	x26,x22,x8	 x22:0x00000000  x8:0x00000000 x26=0x00000000
     199805.000 ns	     19979	800047f8	41b084b3	sub	x9,x1,x27	  x1:0x00000000 x27:0x00000000  x9=0x00000000
     199815.000 ns	     19980	800047fc	001a9093	slli	x1,x21,0x1	 x21:0x605d8fff  x1=0xc0bb1ffe
     199835.000 ns	     19982	80004800	28259953	fmax.s	f18,f11,f2	 f11:0x7fc00000  f2:0x00000000 f18=0x00000000
     199855.000 ns	     19984	80004804	6b35b493	sltiu	x9,x11,1715	 x11:0x00000001  x9=0x00000001
     199865.000 ns	     19985	80004808	00a1cf33	xor	x30,x3,x10	  x3:0xffffffff x10:0xffffffff x30=0x00000000
     199885.000 ns	     19987	8000480c	a18425d3	feq.s	x11,f8,f24	  f8:0x00000000 f24:0x7fffffff x11=0x00000000
     199915.000 ns	     19990	80004810	2038a5d3	fsgnjx.s	f11,f17,f3	 f17:0x80041024  f3:0x7fc00000 f11=0x80041024
     200285.000 ns	     20027	80004814	0251fe33	remu	x28,x3,x5	  x3:0xffffffff  x5:0x00000200 x28=0x000001ff
     200315.000 ns	     20030	80004818	219f1ad3	fsgnjn.s	f21,f30,f25	 f30:0x80000000 f25:0x7fc00000 f21=0x80000000
     200335.000 ns	     20032	8000481c	41b08033	sub	x0,x1,x27	  x1:0xc0bb1ffe x27:0x00000000
     200355.000 ns	     20034	80004820	215a02d3	fsgnj.s	f5,f20,f21	 f20:0x00000000 f21:0x80000000  f5=0x80000000
     201535.000 ns	     20152	80004824	580ec453	fsqrt.s	f8,f29	 f29:0x4f7ffffe  f8=0x47350461
     201555.000 ns	     20154	80004828	41a30033	sub	x0,x6,x26	  x6:0x00000200 x26:0x00000000
     201565.000 ns	     20155	8000482c	7fe06993	ori	x19,x0,2046	  x0:0x00000000 x19=0x000007fe
     201585.000 ns	     20157	80004830	02ba8033	mul	x0,x21,x11	 x21:0x605d8fff x11:0x00000000
     201605.000 ns	     20159	80004834	40bf5613	srai	x12,x30,0xb	 x30:0x00000000 x12=0x00000000
     201625.000 ns	     20161	80004838	21682bd3	fsgnjx.s	f23,f16,f22	 f16:0x7fc00000 f22:0x00000000 f23=0x7fc00000
     201645.000 ns	     20163	8000483c	415b5193	srai	x3,x22,0x15	 x22:0x00000000  x3=0x00000000
     201655.000 ns	     20164	80004840	01f1ab33	slt	x22,x3,x31	  x3:0xffffffff x31:0xfafeddbe x22=0x00000000
     201675.000 ns	     20166	80004844	f00c0953	fmv.w.x	f18,x24	 x24:0xfffffffe f18=0xfffffffe
     201695.000 ns	     20168	80004848	416ad3b3	sra	x7,x21,x22	 x21:0x605d8fff x22:0x00000000  x7=0x605d8fff
     201705.000 ns	     20169	8000484c	00318233	add	x4,x3,x3	  x3:0x00000000  x3:0x00000000  x4=0x00000000
     201725.000 ns	     20171	80004850	f00e09d3	fmv.w.x	f19,x28	 x28:0x000001ff f19=0x000001ff
     201745.000 ns	     20173	80004854	01e0d213	srli	x4,x1,0x1e	  x1:0xc0bb1ffe  x4=0x00000003
     201755.000 ns	     20174	80004858	00000013	addi	x0,x0,0	  x0:0x00000000
     201775.000 ns	     20176	8000485c	02e361b3	rem	x3,x6,x14	  x6:0x00000200 x14:0x00000000  x3=0x00000200
     201795.000 ns	     20178	80004860	40348a33	sub	x20,x9,x3	  x9:0x00000001  x3:0x00000000 x20=0xfffffe01
     201815.000 ns	     20180	80004864	f0038ad3	fmv.w.x	f21,x7	  x7:0x605d8fff f21=0x605d8fff
     202185.000 ns	     20217	80004868	039acc33	div	x24,x21,x25	 x21:0x605d8fff x25:0x00000001 x24=0x605d8fff
     202205.000 ns	     20219	8000486c	01909993	slli	x19,x1,0x19	  x1:0xc0bb1ffe x19=0xfc000000
     202565.000 ns	     20255	80004870	03875ab3	divu	x21,x14,x24	 x14:0x00000000 x24:0x605d8fff x21=0x00000000
     202585.000 ns	     20257	80004874	9f3f8313	addi	x6,x31,-1549	 x31:0xfafeddbe  x6=0xfafed7b1
     202605.000 ns	     20259	80004878	024d87b3	mul	x15,x27,x4	 x27:0x00000000  x4:0x00000003 x15=0x00000000
     202635.000 ns	     20262	8000487c	29f31a53	fmax.s	f20,f6,f31	  f6:0x7fc00000 f31:0x4f29c18e f20=0x4f29c18e
     202685.000 ns	     20267	80004880	0842bd53	fsub.s	f26,f5,f4	  f5:0x80000000  f4:0xc0000000 f26=0x40000000
     202715.000 ns	     20270	80004884	028673b3	remu	x7,x12,x8	 x12:0x00000000  x8:0x00000000  x7=0x00000000
     202755.000 ns	     20274	80004888	10d0f253	fmul.s	f4,f1,f13	  f1:0x3f800000 f13:0x00000000  f4=0x00000000
     202785.000 ns	     20277	8000488c	d01e0d53	fcvt.s.wu	f26,x28	 x28:0x000001ff f26=0x43ff8000
     202805.000 ns	     20279	80004890	41f98033	sub	x0,x19,x31	 x19:0xfc000000 x31:0xfafeddbe
     202815.000 ns	     20280	80004894	00e56133	or	x2,x10,x14	 x10:0xffffffff x14:0x00000000  x2=0xffffffff
     203175.000 ns	     20316	80004898	02575f33	divu	x30,x14,x5	 x14:0x00000000  x5:0x00000200 x30=0x00000000
     203205.000 ns	     20319	8000489c	022992b3	mulh	x5,x19,x2	 x19:0xfc000000  x2:0xfffffea2  x5=0x00000000
     203235.000 ns	     20322	800048a0	02381233	mulh	x4,x16,x3	 x16:0x7fc00000  x3:0x00000200  x4=0x000000ff
     203255.000 ns	     20324	800048a4	c8116813	ori	x16,x2,-895	  x2:0xffffffff x16=0xffffffff
     203285.000 ns	     20327	800048a8	196cfcd3	fdiv.s	f25,f25,f22	 f25:0x7fc00000 f22:0x00000000 f25=0x7fc00000
     203315.000 ns	     20330	800048ac	215f1753	fsgnjn.s	f14,f30,f21	 f30:0x80000000 f21:0x605d8fff f14=0x80000000
     203345.000 ns	     20333	800048b0	e0069953	fclass.s	x18,f13	 f13:0x00000000 x18=0x00000010
     203365.000 ns	     20335	800048b4	18bf0693	addi	x13,x30,395	 x30:0x00000000 x13=0x0000018b
     203375.000 ns	     20336	800048b8	013e1393	slli	x7,x28,0x13	 x28:0x000001ff  x7=0x0ff80000
     203385.000 ns	     20337	800048bc	d1462b13	slti	x22,x12,-748	 x12:0x00000000 x22=0x00000000
     203395.000 ns	     20338	800048c0	49efd137	lui	x2,0x49efd	  x2=0x49efd000
     203415.000 ns	     20340	800048c4	024db7b3	mulhu	x15,x27,x4	 x27:0x00000000  x4:0x000000ff x15=0x00000000
     203435.000 ns	     20342	800048c8	4045d913	srai	x18,x11,0x4	 x11:0x00000000 x18=0x00000000
     203455.000 ns	     20344	800048cc	21afab53	fsgnjx.s	f22,f31,f26	 f31:0x4f29c18e f26:0x43ff8000 f22=0x4f29c18e
     203825.000 ns	     20381	800048d0	027cfbb3	remu	x23,x25,x7	 x25:0x00000001  x7:0x0ff80000 x23=0x00000001
     203855.000 ns	     20384	800048d4	202d2553	fsgnjx.s	f10,f26,f2	 f26:0x43ff8000  f2:0x00000000 f10=0x43ff8000
     203885.000 ns	     20387	800048d8	c017c3d3	fcvt.wu.s	x7,f15	 f15:0xc0000000  x7=0x00000002
     203915.000 ns	     20390	800048dc	206915d3	fsgnjn.s	f11,f18,f6	 f18:0xfffffffe  f6:0x7fc00000 f11=0xfffffffe
     204285.000 ns	     20427	800048e0	030be3b3	rem	x7,x23,x16	 x23:0x00000001 x16:0xffffffff  x7=0x00000000
     204315.000 ns	     20430	800048e4	02c7fc33	remu	x24,x15,x12	 x15:0x00000000 x12:0x00000000 x24=0x00000000
     204345.000 ns	     20433	800048e8	a09197d3	flt.s	x15,f3,f9	  f3:0x7fc00000  f9:0x00000000 x15=0x00000000
     204375.000 ns	     20436	800048ec	0230b7b3	mulhu	x15,x1,x3	  x1:0xc0bb1ffe  x3:0x00000200 x15=0x00000181
     204395.000 ns	     20438	800048f0	00a10cb3	add	x25,x2,x10	  x2:0x49efd000 x10:0xffffffff x25=0x49efcfff
     204405.000 ns	     20439	800048f4	fa479ab7	lui	x21,0xfa479	 x21=0xfa479000
     204425.000 ns	     20441	800048f8	0271b1b3	mulhu	x3,x3,x7	  x3:0x00000200  x7:0x00000000  x3=0x00000000
     204455.000 ns	     20444	800048fc	20922bd3	fsgnjx.s	f23,f4,f9	  f4:0x00000000  f9:0x00000000 f23=0x00000000
     204475.000 ns	     20446	80004900	017ddcb3	srl	x25,x27,x23	 x27:0x00000000 x23:0x00000001 x25=0x00000000
     204485.000 ns	     20447	80004904	40fad913	srai	x18,x21,0xf	 x21:0xfa479000 x18=0xfffff48f
     204505.000 ns	     20449	80004908	d017f853	fcvt.s.wu	f16,x15	 x15:0x00000181 f16=0x43c08000
     204535.000 ns	     20452	8000490c	21742953	fsgnjx.s	f18,f8,f23	  f8:0x47350461 f23:0x00000000 f18=0x47350461
     204565.000 ns	     20455	80004910	20e4aad3	fsgnjx.s	f21,f9,f14	  f9:0x00000000 f14:0x80000000 f21=0x80000000
     204585.000 ns	     20457	80004914	7302fc13	andi	x24,x5,1840	  x5:0x00000000 x24=0x00000000
     204605.000 ns	     20459	80004918	20ee2fd3	fsgnjx.s	f31,f28,f14	 f28:0x7f800000 f14:0x80000000 f31=0xff800000
     204645.000 ns	     20463	8000491c	580374d3	fsqrt.s	f9,f6	  f6:0x7fc00000  f9=0x7fc00000
     204665.000 ns	     20465	80004920	007256b3	srl	x13,x4,x7	  x4:0x000000ff  x7:0x00000000 x13=0x000000ff
     204675.000 ns	     20466	80004924	25508413	addi	x8,x1,597	  x1:0xc0bb1ffe  x8=0xc0bb2253
     204695.000 ns	     20468	80004928	030b3833	mulhu	x16,x22,x16	 x22:0x00000000 x16:0xffffffff x16=0x00000000
     204715.000 ns	     20470	8000492c	b5e8e493	ori	x9,x17,-1186	 x17:0x80041024  x9=0xfffffb7e
     204725.000 ns	     20471	80004930	00000013	addi	x0,x0,0	  x0:0x00000000
     204735.000 ns	     20472	80004934	015571b3	and	x3,x10,x21	 x10:0xffffffff x21:0xfa479000  x3=0xfa479000
     204755.000 ns	     20474	80004938	20ef07d3	fsgnj.s	f15,f30,f14	 f30:0x80000000 f14:0x80000000 f15=0x80000000
     204775.000 ns	     20476	8000493c	019ce5b3	or	x11,x25,x25	 x25:0x00000000 x25:0x00000000 x11=0x00000000
     204795.000 ns	     20478	80004940	020b01b3	mul	x3,x22,x0	 x22:0x00000000  x0:0x00000000  x3=0x00000000
     204815.000 ns	     20480	80004944	009b04b3	add	x9,x22,x9	 x22:0x00000000  x9:0xfffffb7e  x9=0xfffffb7e
     204835.000 ns	     20482	80004948	c014a353	fcvt.wu.s	x6,f9	  f9:0x7fc00000  x6=0xffffffff
     204855.000 ns	     20484	8000494c	003f4233	xor	x4,x30,x3	 x30:0x00000000  x3:0x00000000  x4=0x00000000
     204895.000 ns	     20488	80004950	09417b53	fsub.s	f22,f2,f20	  f2:0x00000000 f20:0x4f29c18e f22=0xcf29c18e
     204945.000 ns	     20493	80004954	01c8a8d3	fadd.s	f17,f17,f28	 f17:0x80041024 f28:0x7f800000 f17=0x7f800000
     204975.000 ns	     20496	80004958	a0ca9553	flt.s	x10,f21,f12	 f21:0x80000000 f12:0x00000000 x10=0x00000000
     204995.000 ns	     20498	8000495c	41d4d9b3	sra	x19,x9,x29	  x9:0xfffffb7e x29:0x80040fe4 x19=0xffffffb7
     205015.000 ns	     20500	80004960	e0089ad3	fclass.s	x21,f17	 f17:0x7f800000 x21=0x00000080
     205045.000 ns	     20503	80004964	02639233	mulh	x4,x7,x6	  x7:0x00000000  x6:0xffffffff  x4=0x00000000
     205065.000 ns	     20505	80004968	33dce213	ori	x4,x25,829	 x25:0x00000000  x4=0x0000033d
     205085.000 ns	     20507	8000496c	d01e75d3	fcvt.s.wu	f11,x28	 x28:0x000001ff f11=0x43ff8000
     205115.000 ns	     20510	80004970	d006a6d3	fcvt.s.w	f13,x13	 x13:0x000000ff f13=0x437f0000
     205135.000 ns	     20512	80004974	484a4b93	xori	x23,x20,1156	 x20:0xfffffe01 x23=0xfffffa85
     205155.000 ns	     20514	80004978	03e68033	mul	x0,x13,x30	 x13:0x000000ff x30:0x00000000
     205175.000 ns	     20516	8000497c	a8c8cb13	xori	x22,x17,-1396	 x17:0x80041024 x22=0x7ffbeaa8
     205195.000 ns	     20518	80004980	027f66b3	rem	x13,x30,x7	 x30:0x00000000  x7:0x00000000 x13=0x00000000
     205225.000 ns	     20521	80004984	c01e2653	fcvt.wu.s	x12,f28	 f28:0x7f800000 x12=0xffffffff
     205245.000 ns	     20523	80004988	634f3e13	sltiu	x28,x30,1588	 x30:0x00000000 x28=0x00000001
     205255.000 ns	     20524	8000498c	9bd6ab37	lui	x22,0x9bd6a	 x22=0x9bd6a000
     205265.000 ns	     20525	80004990	00faf033	and	x0,x21,x15	 x21:0x00000080 x15:0x00000181
     205275.000 ns	     20526	80004994	40ea5b13	srai	x22,x20,0xe	 x20:0xfffffe01 x22=0xffffffff
     205295.000 ns	     20528	80004998	219596d3	fsgnjn.s	f13,f11,f25	 f11:0x43ff8000 f25:0x7fc00000 f13=0xc3ff8000
     205325.000 ns	     20531	8000499c	21eeae53	fsgnjx.s	f28,f29,f30	 f29:0x4f7ffffe f30:0x80000000 f28=0xcf7ffffe
     205345.000 ns	     20533	800049a0	b4ea5cb7	lui	x25,0xb4ea5	 x25=0xb4ea5000
     205365.000 ns	     20535	800049a4	a1ce1cd3	flt.s	x25,f28,f28	 f28:0xcf7ffffe f28:0xcf7ffffe x25=0x00000000
     205395.000 ns	     20538	800049a8	f0058dd3	fmv.w.x	f27,x11	 x11:0x00000000 f27=0x00000000
     205415.000 ns	     20540	800049ac	10f12413	slti	x8,x2,271	  x2:0x49efd000  x8=0x00000000
     205425.000 ns	     20541	800049b0	de4c2293	slti	x5,x24,-540	 x24:0x00000000  x5=0x00000000
     205445.000 ns	     20543	800049b4	a1301853	flt.s	x16,f0,f19	  f0:0x00000000 f19:0x000001ff x16=0x00000001
     205475.000 ns	     20546	800049b8	20c19253	fsgnjn.s	f4,f3,f12	  f3:0x7fc00000 f12:0x00000000  f4=0xffc00000
     205505.000 ns	     20549	800049bc	d01bb053	fcvt.s.wu	f0,x23	 x23:0xfffffa85  f0=0x4f7ffffb
     205525.000 ns	     20551	800049c0	407cde33	sra	x28,x25,x7	 x25:0x00000000  x7:0x00000000 x28=0x00000000
     205545.000 ns	     20553	800049c4	d017cfd3	fcvt.s.wu	f31,x15	 x15:0x00000181 f31=0x43c08000
     205595.000 ns	     20558	800049c8	00277053	fadd.s	f0,f14,f2	 f14:0x80000000  f2:0x00000000  f0=0x00000000
     205615.000 ns	     20560	800049cc	01d496b3	sll	x13,x9,x29	  x9:0xfffffb7e x29:0x80040fe4 x13=0xffffb7e0
     205635.000 ns	     20562	800049d0	289d1dd3	fmax.s	f27,f26,f9	 f26:0x43ff8000  f9:0x7fc00000 f27=0x43ff8000
     205675.000 ns	     20566	800049d4	10e07853	fmul.s	f16,f0,f14	  f0:0x00000000 f14:0x80000000 f16=0x80000000
     205695.000 ns	     20568	800049d8	000d5ab3	srl	x21,x26,x0	 x26:0x00000000  x0:0x00000000 x21=0x00000000
     205715.000 ns	     20570	800049dc	02d30733	mul	x14,x6,x13	  x6:0xffffffff x13:0xffffb7e0 x14=0x00004820
     205735.000 ns	     20572	800049e0	01be23b3	slt	x7,x28,x27	 x28:0x00000000 x27:0x00000000  x7=0x00000000
     205745.000 ns	     20573	800049e4	016d4433	xor	x8,x26,x22	 x26:0x00000000 x22:0xffffffff  x8=0xffffffff
     205765.000 ns	     20575	800049e8	a0b00253	fle.s	x4,f0,f11	  f0:0x00000000 f11:0x43ff8000  x4=0x00000001
     205785.000 ns	     20577	800049ec	411cd0b3	sra	x1,x25,x17	 x25:0x00000000 x17:0x80041024  x1=0x00000000
     205795.000 ns	     20578	800049f0	a5adec93	ori	x25,x27,-1446	 x27:0x00000000 x25=0xfffffa5a
     205835.000 ns	     20582	800049f4	084d7a53	fsub.s	f20,f26,f4	 f26:0x43ff8000  f4:0xffc00000 f20=0x7fc00000
     205855.000 ns	     20584	800049f8	00714a33	xor	x20,x2,x7	  x2:0x49efd000  x7:0x00000000 x20=0x49efd000
     205875.000 ns	     20586	800049fc	216f9253	fsgnjn.s	f4,f31,f22	 f31:0x43c08000 f22:0xcf29c18e  f4=0x43c08000
     205905.000 ns	     20589	80004a00	a1aa86d3	fle.s	x13,f21,f26	 f21:0x80000000 f26:0x43ff8000 x13=0x00000001
     205955.000 ns	     20594	80004a04	093bfe53	fsub.s	f28,f23,f19	 f23:0x00000000 f19:0x000001ff f28=0x800001ff
     205985.000 ns	     20597	80004a08	0394b4b3	mulhu	x9,x9,x25	  x9:0xfffffb7e x25:0xfffffa5a  x9=0xfffff5d8
     206005.000 ns	     20599	80004a0c	00000013	addi	x0,x0,0	  x0:0x00000000
     206365.000 ns	     20635	80004a10	03f04a33	div	x20,x0,x31	  x0:0x00000000 x31:0xfafeddbe x20=0x00000000
     206385.000 ns	     20637	80004a14	000d8533	add	x10,x27,x0	 x27:0x00000000  x0:0x00000000 x10=0x00000000
     206405.000 ns	     20639	80004a18	a0e90353	fle.s	x6,f18,f14	 f18:0x47350461 f14:0x80000000  x6=0x00000000
     206435.000 ns	     20642	80004a1c	d00efc53	fcvt.s.w	f24,x29	 x29:0x80040fe4 f24=0xcefff7e0
     206455.000 ns	     20644	80004a20	018f5d33	srl	x26,x30,x24	 x30:0x00000000 x24:0x00000000 x26=0x00000000
     206485.000 ns	     20647	80004a24	1026a5d3	fmul.s	f11,f13,f2	 f13:0xc3ff8000  f2:0x00000000 f11=0x80000000
     206505.000 ns	     20649	80004a28	41b75593	srai	x11,x14,0x1b	 x14:0x00004820 x11=0x00000000
     206515.000 ns	     20650	80004a2c	41845c93	srai	x25,x8,0x18	  x8:0xffffffff x25=0xffffffff
     206535.000 ns	     20652	80004a30	f0060b53	fmv.w.x	f22,x12	 x12:0xffffffff f22=0xffffffff
     206565.000 ns	     20655	80004a34	03c6acb3	mulhsu	x25,x13,x28	 x13:0x00000001 x28:0x00000000 x25=0x00000000
     206585.000 ns	     20657	80004a38	005b2933	slt	x18,x22,x5	 x22:0xffffffff  x5:0x00000000 x18=0x00000001
     206625.000 ns	     20661	80004a3c	08144bd3	fsub.s	f23,f8,f1	  f8:0x47350461  f1:0x3f800000 f23=0x47350361
     206655.000 ns	     20664	80004a40	e00590d3	fclass.s	x1,f11	 f11:0x80000000  x1=0x00000008
     206675.000 ns	     20666	80004a44	41d95b33	sra	x22,x18,x29	 x18:0x00000001 x29:0x80040fe4 x22=0x00000000
     206695.000 ns	     20668	80004a48	d0008cd3	fcvt.s.w	f25,x1	  x1:0x00000008 f25=0x41000000
     206715.000 ns	     20670	80004a4c	004ff1b3	and	x3,x31,x4	 x31:0xfafeddbe  x4:0x00000001  x3=0x00000000
     206735.000 ns	     20672	80004a50	d00ff953	fcvt.s.w	f18,x31	 x31:0xfafeddbe f18=0xcca02448
     206755.000 ns	     20674	80004a54	4008d693	srai	x13,x17,0x0	 x17:0x80041024 x13=0x80041024
     206775.000 ns	     20676	80004a58	d0062153	fcvt.s.w	f2,x12	 x12:0xffffffff  f2=0xbf800000
     206805.000 ns	     20679	80004a5c	d011f953	fcvt.s.wu	f18,x3	  x3:0x00000000 f18=0x00000000
     206835.000 ns	     20682	80004a60	03f32533	mulhsu	x10,x6,x31	  x6:0x00000000 x31:0xfafeddbe x10=0x00000000
     206865.000 ns	     20685	80004a64	29509b53	fmax.s	f22,f1,f21	  f1:0x3f800000 f21:0x80000000 f22=0x3f800000
     206895.000 ns	     20688	80004a68	295f1e53	fmax.s	f28,f30,f21	 f30:0x80000000 f21:0x80000000 f28=0x80000000
     207265.000 ns	     20725	80004a6c	02d8e1b3	rem	x3,x17,x13	 x17:0x80041024 x13:0x80041024  x3=0x00000000
     207295.000 ns	     20728	80004a70	034ab133	mulhu	x2,x21,x20	 x21:0x00000000 x20:0x00000000  x2=0x00000000
     207315.000 ns	     20730	80004a74	0aa90037	lui	x0,0xaa90	
     207335.000 ns	     20732	80004a78	e00c04d3	fmv.x.w	x9,f24	 f24:0xcefff7e0  x9=0xcefff7e0
     207355.000 ns	     20734	80004a7c	93898713	addi	x14,x19,-1736	 x19:0xffffffb7 x14=0xfffff8ef
     207375.000 ns	     20736	80004a80	021e8133	mul	x2,x29,x1	 x29:0x80040fe4  x1:0x00000008  x2=0x00207f20
     207405.000 ns	     20739	80004a84	c010f0d3	fcvt.wu.s	x1,f1	  f1:0x3f800000  x1=0x00000001
     207425.000 ns	     20741	80004a88	0102c833	xor	x16,x5,x16	  x5:0x00000000 x16:0x00000001 x16=0x00000001
     207785.000 ns	     20777	80004a8c	030e6333	rem	x6,x28,x16	 x28:0x00000000 x16:0x00000001  x6=0x00000000
     207815.000 ns	     20780	80004a90	a1f90253	fle.s	x4,f18,f31	 f18:0x00000000 f31:0x43c08000  x4=0x00000001
     207835.000 ns	     20782	80004a94	41015713	srai	x14,x2,0x10	  x2:0x00207f20 x14=0x00000020
     207855.000 ns	     20784	80004a98	a18f9ad3	flt.s	x21,f31,f24	 f31:0x43c08000 f24:0xcefff7e0 x21=0x00000000
     207875.000 ns	     20786	80004a9c	01fa4233	xor	x4,x20,x31	 x20:0x00000000 x31:0xfafeddbe  x4=0xfafeddbe
     208235.000 ns	     20822	80004aa0	03f560b3	rem	x1,x10,x31	 x10:0x00000000 x31:0xfafeddbe  x1=0x00000000
     208265.000 ns	     20825	80004aa4	a16a11d3	flt.s	x3,f20,f22	 f20:0x7fc00000 f22:0x3f800000  x3=0x00000000
     208285.000 ns	     20827	80004aa8	006bdd13	srli	x26,x23,0x6	 x23:0xfffffa85 x26=0x03ffffea
     208305.000 ns	     20829	80004aac	02502ab3	mulhsu	x21,x0,x5	  x0:0x00000000  x5:0x00000000 x21=0x00000000
     208325.000 ns	     20831	80004ab0	41d009b3	sub	x19,x0,x29	  x0:0x00000000 x29:0x80040fe4 x19=0x7ffbf01c
     208365.000 ns	     20835	80004ab4	00f0cfd3	fadd.s	f31,f1,f15	  f1:0x3f800000 f15:0x80000000 f31=0x3f800000
     208385.000 ns	     20837	80004ab8	01190db3	add	x27,x18,x17	 x18:0x00000001 x17:0x80041024 x27=0x80041025
     208405.000 ns	     20839	80004abc	29cb91d3	fmax.s	f3,f23,f28	 f23:0x47350361 f28:0x80000000  f3=0x47350361
     208425.000 ns	     20841	80004ac0	0111b333	sltu	x6,x3,x17	  x3:0x00000000 x17:0x80041024  x6=0x00000001
     208445.000 ns	     20843	80004ac4	c019b653	fcvt.wu.s	x12,f19	 f19:0x000001ff x12=0x00000000
     208465.000 ns	     20845	80004ac8	6d022013	slti	x0,x4,1744	  x4:0xfafeddbe
     208475.000 ns	     20846	80004acc	018b5a93	srli	x21,x22,0x18	 x22:0x00000000 x21=0x00000000
     208485.000 ns	     20847	80004ad0	eb64ef13	ori	x30,x9,-330	  x9:0xcefff7e0 x30=0xfffffff6
     208495.000 ns	     20848	80004ad4	db2b3793	sltiu	x15,x22,-590	 x22:0x00000000 x15=0x00000001
     208515.000 ns	     20850	80004ad8	28d984d3	fmin.s	f9,f19,f13	 f19:0x000001ff f13:0xc3ff8000  f9=0xc3ff8000
     208535.000 ns	     20852	80004adc	00000013	addi	x0,x0,0	  x0:0x00000000
     208545.000 ns	     20853	80004ae0	01e494b3	sll	x9,x9,x30	  x9:0xcefff7e0 x30:0xfffffff6  x9=0xf8000000
     208585.000 ns	     20857	80004ae4	08004ad3	fsub.s	f21,f0,f0	  f0:0x00000000  f0:0x00000000 f21=0x80000000
     208605.000 ns	     20859	80004ae8	00558733	add	x14,x11,x5	 x11:0x00000000  x5:0x00000000 x14=0x00000000
     208625.000 ns	     20861	80004aec	29201bd3	fmax.s	f23,f0,f18	  f0:0x00000000 f18:0x00000000 f23=0x00000000
     208645.000 ns	     20863	80004af0	40d55db3	sra	x27,x10,x13	 x10:0x00000000 x13:0x80041024 x27=0x00000000
     209815.000 ns	     20980	80004af4	58044453	fsqrt.s	f8,f8	  f8:0x47350461  f8=0x42fffef4
     209845.000 ns	     20983	80004af8	f0048453	fmv.w.x	f8,x9	  x9:0xf8000000  f8=0xf8000000
     209865.000 ns	     20985	80004afc	0098a833	slt	x16,x17,x9	 x17:0x80041024  x9:0xf8000000 x16=0x00000001
     209875.000 ns	     20986	80004b00	49f03413	sltiu	x8,x0,1183	  x0:0x00000000  x8=0x00000001
     209895.000 ns	     20988	80004b04	a1372a53	feq.s	x20,f14,f19	 f14:0x80000000 f19:0x000001ff x20=0x00000000
     209945.000 ns	     20993	80004b08	01dc1153	fadd.s	f2,f24,f29	 f24:0xcefff7e0 f29:0x4f7ffffe  f2=0x4f00040e
     209975.000 ns	     20996	80004b0c	c0197053	fcvt.wu.s	x0,f18	 f18:0x00000000
     209995.000 ns	     20998	80004b10	ae904113	xori	x2,x0,-1303	  x0:0x00000000  x2=0xfffffae9
     210005.000 ns	     20999	80004b14	41bf0633	sub	x12,x30,x27	 x30:0xfffffff6 x27:0x00000000 x12=0xfffffff6
     210025.000 ns	     21001	80004b18	20352353	fsgnjx.s	f6,f10,f3	 f10:0x43ff8000  f3:0x47350361  f6=0x43ff8000
     210045.000 ns	     21003	80004b1c	01944c33	xor	x24,x8,x25	  x8:0x00000001 x25:0x00000000 x24=0x00000001
     210065.000 ns	     21005	80004b20	298b80d3	fmin.s	f1,f23,f24	 f23:0x00000000 f24:0xcefff7e0  f1=0xcefff7e0
     210095.000 ns	     21008	80004b24	28d61ad3	fmax.s	f21,f12,f13	 f12:0x00000000 f13:0xc3ff8000 f21=0x00000000
     210135.000 ns	     21012	80004b28	184976d3	fdiv.s	f13,f18,f4	 f18:0x00000000  f4:0x43c08000 f13=0x00000000
     210155.000 ns	     21014	80004b2c	b401f693	andi	x13,x3,-1216	  x3:0x00000000 x13=0x00000000
     210485.000 ns	     21047	80004b30	1834c0d3	fdiv.s	f1,f9,f3	  f9:0xc3ff8000  f3:0x47350361  f1=0xbc0db5ce
     210535.000 ns	     21052	80004b34	011025d3	fadd.s	f11,f0,f17	  f0:0x00000000 f17:0x7f800000 f11=0x7f800000
     210565.000 ns	     21055	80004b38	e0009753	fclass.s	x14,f1	  f1:0xbc0db5ce x14=0x00000002
     210595.000 ns	     21058	80004b3c	02bba1b3	mulhsu	x3,x23,x11	 x23:0xfffffa85 x11:0x00000000  x3=0x00000000
     210615.000 ns	     21060	80004b40	a4667513	andi	x10,x12,-1466	 x12:0xfffffff6 x10=0xfffffa46
     210625.000 ns	     21061	80004b44	69e84c13	xori	x24,x16,1694	 x16:0x00000001 x24=0x0000069f
     210635.000 ns	     21062	80004b48	00ae5713	srli	x14,x28,0xa	 x28:0x00000000 x14=0x00000000
     210645.000 ns	     21063	80004b4c	41150033	sub	x0,x10,x17	 x10:0xfffffa46 x17:0x80041024
     210655.000 ns	     21064	80004b50	019f8d33	add	x26,x31,x25	 x31:0xfafeddbe x25:0x00000000 x26=0xfafeddbe
     210665.000 ns	     21065	80004b54	012887b3	add	x15,x17,x18	 x17:0x80041024 x18:0x00000001 x15=0x80041025
     210675.000 ns	     21066	80004b58	40fada33	sra	x20,x21,x15	 x21:0x00000000 x15:0x00000001 x20=0x00000000
     210695.000 ns	     21068	80004b5c	21350bd3	fsgnj.s	f23,f10,f19	 f10:0x43ff8000 f19:0x000001ff f23=0x43ff8000
     210715.000 ns	     21070	80004b60	410d5333	sra	x6,x26,x16	 x26:0xfafeddbe x16:0x00000001  x6=0xfd7f6edf
     211075.000 ns	     21106	80004b64	03244733	div	x14,x8,x18	  x8:0x00000001 x18:0x00000001 x14=0x00000001
     211095.000 ns	     21108	80004b68	00fdd933	srl	x18,x27,x15	 x27:0x00000000 x15:0x80041025 x18=0x00000000
     211105.000 ns	     21109	80004b6c	00967bb3	and	x23,x12,x9	 x12:0xfffffff6  x9:0xf8000000 x23=0xf8000000
     211125.000 ns	     21111	80004b70	d00b4ed3	fcvt.s.w	f29,x22	 x22:0x00000000 f29=0x00000000
     211155.000 ns	     21114	80004b74	e0001ad3	fclass.s	x21,f0	  f0:0x00000000 x21=0x00000010
     211195.000 ns	     21118	80004b78	183f7ad3	fdiv.s	f21,f30,f3	 f30:0x80000000  f3:0x47350361 f21=0x80000000
     211225.000 ns	     21121	80004b7c	20b79ed3	fsgnjn.s	f29,f15,f11	 f15:0x80000000 f11:0x7f800000 f29=0x80000000
     211255.000 ns	     21124	80004b80	a16f94d3	flt.s	x9,f31,f22	 f31:0x3f800000 f22:0x3f800000  x9=0x00000000
     211285.000 ns	     21127	80004b84	02bf85b3	mul	x11,x31,x11	 x31:0xfafeddbe x11:0x00000000 x11=0x00000000
     211315.000 ns	     21130	80004b88	29ba8a53	fmin.s	f20,f21,f27	 f21:0x80000000 f27:0x43ff8000 f20=0x80000000
     211355.000 ns	     21134	80004b8c	191c96d3	fdiv.s	f13,f25,f17	 f25:0x41000000 f17:0x7f800000 f13=0x00000000
     211375.000 ns	     21136	80004b90	00000013	addi	x0,x0,0	  x0:0x00000000
     212545.000 ns	     21253	80004b94	5801f453	fsqrt.s	f8,f3	  f3:0x47350361  f8=0x42fffd8a
     212575.000 ns	     21256	80004b98	21482353	fsgnjx.s	f6,f16,f20	 f16:0x80000000 f20:0x80000000  f6=0x00000000
     212605.000 ns	     21259	80004b9c	e00f0353	fmv.x.w	x6,f30	 f30:0x80000000  x6=0x80000000
     212625.000 ns	     21261	80004ba0	007c9c93	slli	x25,x25,0x7	 x25:0x00000000 x25=0x00000000
     212645.000 ns	     21263	80004ba4	282c8bd3	fmin.s	f23,f25,f2	 f25:0x41000000  f2:0x4f00040e f23=0x41000000
     212665.000 ns	     21265	80004ba8	2f002113	slti	x2,x0,752	  x0:0x00000000  x2=0x00000001
     212685.000 ns	     21267	80004bac	c00e31d3	fcvt.w.s	x3,f28	 f28:0x80000000  x3=0x00000000
     212705.000 ns	     21269	80004bb0	aebb2b13	slti	x22,x22,-1301	 x22:0x00000000 x22=0x00000000
     212725.000 ns	     21271	80004bb4	02f51133	mulh	x2,x10,x15	 x10:0xfffffa46 x15:0x80041025  x2=0x000002dc
     212745.000 ns	     21273	80004bb8	000d9433	sll	x8,x27,x0	 x27:0x00000000  x0:0x00000000  x8=0x00000000
     212765.000 ns	     21275	80004bbc	c015b053	fcvt.wu.s	x0,f11	 f11:0x7f800000
     212785.000 ns	     21277	80004bc0	000033b3	sltu	x7,x0,x0	  x0:0x00000000  x0:0x00000000  x7=0x00000000
     212795.000 ns	     21278	80004bc4	5b6e0a97	auipc	x21,0x5b6e0	 x21=0xdb6e4bc4
     212805.000 ns	     21279	80004bc8	0093f833	and	x16,x7,x9	  x7:0x00000000  x9:0x00000000 x16=0x00000000
     212825.000 ns	     21281	80004bcc	287f0753	fmin.s	f14,f30,f7	 f30:0x80000000  f7:0x5ee12240 f14=0x80000000
     212845.000 ns	     21283	80004bd0	01547933	and	x18,x8,x21	  x8:0x00000000 x21:0xdb6e4bc4 x18=0x00000000
     212865.000 ns	     21285	80004bd4	e0071053	fclass.s	x0,f14	 f14:0x80000000
     212895.000 ns	     21288	80004bd8	292b8153	fmin.s	f2,f23,f18	 f23:0x41000000 f18:0x00000000  f2=0x00000000
     212925.000 ns	     21291	80004bdc	e0029553	fclass.s	x10,f5	  f5:0x80000000 x10=0x00000008
     212945.000 ns	     21293	80004be0	015d84b3	add	x9,x27,x21	 x27:0x00000000 x21:0xdb6e4bc4  x9=0xdb6e4bc4
     212955.000 ns	     21294	80004be4	01ec1413	slli	x8,x24,0x1e	 x24:0x0000069f  x8=0xc0000000
     212975.000 ns	     21296	80004be8	c0009053	fcvt.w.s	x0,f1	  f1:0xbc0db5ce
     212995.000 ns	     21298	80004bec	0150c3b3	xor	x7,x1,x21	  x1:0x00000000 x21:0xdb6e4bc4  x7=0xdb6e4bc4
     213015.000 ns	     21300	80004bf0	0217d533	divu	x10,x15,x1	 x15:0x80041025  x1:0x00000000 x10=0xffffffff
     213035.000 ns	     21302	80004bf4	0090f2b3	and	x5,x1,x9	  x1:0x00000000  x9:0xdb6e4bc4  x5=0x00000000
     213055.000 ns	     21304	80004bf8	a1a911d3	flt.s	x3,f18,f26	 f18:0x00000000 f26:0x43ff8000  x3=0x00000001
     213085.000 ns	     21307	80004bfc	02be9233	mulh	x4,x29,x11	 x29:0x80040fe4 x11:0x00000000  x4=0x00000000
     213105.000 ns	     21309	80004c00	407d8d33	sub	x26,x27,x7	 x27:0x00000000  x7:0xdb6e4bc4 x26=0x2491b43c
     213145.000 ns	     21313	80004c04	01024353	fadd.s	f6,f4,f16	  f4:0x43c08000 f16:0x80000000  f6=0x43c08000
     213195.000 ns	     21318	80004c08	08c77e53	fsub.s	f28,f14,f12	 f14:0x80000000 f12:0x00000000 f28=0x80000000
     213215.000 ns	     21320	80004c0c	001dd793	srli	x15,x27,0x1	 x27:0x00000000 x15=0x00000000
     213225.000 ns	     21321	80004c10	22f57297	auipc	x5,0x22f57	  x5=0xa2f5bc10
     213245.000 ns	     21323	80004c14	d00aa2d3	fcvt.s.w	f5,x21	 x21:0xdb6e4bc4  f5=0xce1246d1
     213265.000 ns	     21325	80004c18	54466f13	ori	x30,x12,1348	 x12:0xfffffff6 x30=0xfffffff6
     213275.000 ns	     21326	80004c1c	017bf733	and	x14,x23,x23	 x23:0xf8000000 x23:0xf8000000 x14=0xf8000000
     213285.000 ns	     21327	80004c20	40285d33	sra	x26,x16,x2	 x16:0x00000000  x2:0x000002dc x26=0x00000000
     213295.000 ns	     21328	80004c24	23f5e713	ori	x14,x11,575	 x11:0x00000000 x14=0x0000023f
     213655.000 ns	     21364	80004c28	02ce62b3	rem	x5,x28,x12	 x28:0x00000000 x12:0xfffffff6  x5=0x00000000
     213675.000 ns	     21366	80004c2c	99360c13	addi	x24,x12,-1645	 x12:0xfffffff6 x24=0xfffff989
     213695.000 ns	     21368	80004c30	023113b3	mulh	x7,x2,x3	  x2:0x000002dc  x3:0x00000001  x7=0x00000000
     213715.000 ns	     21370	80004c34	0034a833	slt	x16,x9,x3	  x9:0xdb6e4bc4  x3:0x00000001 x16=0x00000001
     213735.000 ns	     21372	80004c38	21a22cd3	fsgnjx.s	f25,f4,f26	  f4:0x43c08000 f26:0x43ff8000 f25=0x43c08000
     213755.000 ns	     21374	80004c3c	0107e333	or	x6,x15,x16	 x15:0x00000000 x16:0x00000000  x6=0x00000001
     213795.000 ns	     21378	80004c40	09aef8d3	fsub.s	f17,f29,f26	 f29:0x80000000 f26:0x43ff8000 f17=0xc3ff8000
     213835.000 ns	     21382	80004c44	10af7153	fmul.s	f2,f30,f10	 f30:0x80000000 f10:0x43ff8000  f2=0x80000000
     213865.000 ns	     21385	80004c48	d0011a53	fcvt.s.w	f20,x2	  x2:0x000002dc f20=0x44370000
     213895.000 ns	     21388	80004c4c	a13e9753	flt.s	x14,f29,f19	 f29:0x80000000 f19:0x000001ff x14=0x00000001
     214235.000 ns	     21422	80004c50	196440d3	fdiv.s	f1,f8,f22	  f8:0x42fffd8a f22:0x3f800000  f1=0x42fffcc2
     214255.000 ns	     21424	80004c54	705ab093	sltiu	x1,x21,1797	 x21:0xdb6e4bc4  x1=0x00000000
     214265.000 ns	     21425	80004c58	000de733	or	x14,x27,x0	 x27:0x00000000  x0:0x00000000 x14=0x00000000
     214275.000 ns	     21426	80004c5c	ae5d8e13	addi	x28,x27,-1307	 x27:0x00000000 x28=0xfffffae5
     214295.000 ns	     21428	80004c60	d00c8fd3	fcvt.s.w	f31,x25	 x25:0x00000000 f31=0x00000000
     214325.000 ns	     21431	80004c64	03b6b5b3	mulhu	x11,x13,x27	 x13:0x00000000 x27:0x00000000 x11=0x00000000
     214355.000 ns	     21434	80004c68	0368ccb3	div	x25,x17,x22	 x17:0x80041024 x22:0x00000000 x25=0xffffffff
     214375.000 ns	     21436	80004c6c	019fb4b3	sltu	x9,x31,x25	 x31:0xfafeddbe x25:0x00000000  x9=0x00000001
     214395.000 ns	     21438	80004c70	21851dd3	fsgnjn.s	f27,f10,f24	 f10:0x43ff8000 f24:0xcefff7e0 f27=0x43ff8000
     214415.000 ns	     21440	80004c74	41b803b3	sub	x7,x16,x27	 x16:0x00000001 x27:0x00000000  x7=0x00000001
     214425.000 ns	     21441	80004c78	10447237	lui	x4,0x10447	  x4=0x10447000
     214445.000 ns	     21443	80004c7c	a02f2d53	feq.s	x26,f30,f2	 f30:0x80000000  f2:0x80000000 x26=0x00000001
     214475.000 ns	     21446	80004c80	d0190153	fcvt.s.wu	f2,x18	 x18:0x00000000  f2=0x00000000
     214495.000 ns	     21448	80004c84	015c1913	slli	x18,x24,0x15	 x24:0xfffff989 x18=0x31200000
     214505.000 ns	     21449	80004c88	01e3f233	and	x4,x7,x30	  x7:0x00000001 x30:0xfffffff6  x4=0x00000000
     214865.000 ns	     21485	80004c8c	023377b3	remu	x15,x6,x3	  x6:0x00000001  x3:0x00000001 x15=0x00000000
     215235.000 ns	     21522	80004c90	03c456b3	divu	x13,x8,x28	  x8:0xc0000000 x28:0xfffffae5 x13=0x00000000
     215265.000 ns	     21525	80004c94	03311ab3	mulh	x21,x2,x19	  x2:0x000002dc x19:0x7ffbf01c x21=0x0000016d
     215295.000 ns	     21528	80004c98	021ebcb3	mulhu	x25,x29,x1	 x29:0x80040fe4  x1:0x00000000 x25=0x00000000
     215315.000 ns	     21530	80004c9c	4002d3b3	sra	x7,x5,x0	  x5:0x00000000  x0:0x00000000  x7=0x00000000
     216485.000 ns	     21647	80004ca0	5803f5d3	fsqrt.s	f11,f7	  f7:0x5ee12240 f11=0x4f29c18e
     216505.000 ns	     21649	80004ca4	e9e53713	sltiu	x14,x10,-354	 x10:0xffffffff x14=0x00000000
     216865.000 ns	     21685	80004ca8	0306cbb3	div	x23,x13,x16	 x13:0x00000000 x16:0x00000001 x23=0x00000000
     216885.000 ns	     21687	80004cac	5bd28b93	addi	x23,x5,1469	  x5:0x00000000 x23=0x000005bd
     216895.000 ns	     21688	80004cb0	418802b3	sub	x5,x16,x24	 x16:0x00000001 x24:0xfffff989  x5=0x00000678
     216915.000 ns	     21690	80004cb4	20cb9dd3	fsgnjn.s	f27,f23,f12	 f23:0x41000000 f12:0x00000000 f27=0xc1000000
     216935.000 ns	     21692	80004cb8	00000013	addi	x0,x0,0	  x0:0x00000000
     216945.000 ns	     21693	80004cbc	418782b3	sub	x5,x15,x24	 x15:0x00000000 x24:0xfffff989  x5=0x00000677
     216965.000 ns	     21695	80004cc0	21651bd3	fsgnjn.s	f23,f10,f22	 f10:0x43ff8000 f22:0x3f800000 f23=0xc3ff8000
     216985.000 ns	     21697	80004cc4	00000013	addi	x0,x0,0	  x0:0x00000000
     217015.000 ns	     21700	80004cc8	5808fc53	fsqrt.s	f24,f17	 f17:0xc3ff8000 f24=0x7fc00000
     217045.000 ns	     21703	80004ccc	21068fd3	fsgnj.s	f31,f13,f16	 f13:0x00000000 f16:0x80000000 f31=0x80000000
     217065.000 ns	     21705	80004cd0	eff14613	xori	x12,x2,-257	  x2:0x000002dc x12=0xfffffc23
     217075.000 ns	     21706	80004cd4	eee6f513	andi	x10,x13,-274	 x13:0x00000000 x10=0x00000000
     217085.000 ns	     21707	80004cd8	015aea33	or	x20,x21,x21	 x21:0x0000016d x21:0x0000016d x20=0x0000016d
     217095.000 ns	     21708	80004cdc	e6c14f13	xori	x30,x2,-404	  x2:0x000002dc x30=0xfffffcb0
     217125.000 ns	     21711	80004ce0	107e9e53	fmul.s	f28,f29,f7	 f29:0x80000000  f7:0x5ee12240 f28=0x80000000
     217155.000 ns	     21714	80004ce4	203711d3	fsgnjn.s	f3,f14,f3	 f14:0x80000000  f3:0x47350361  f3=0x80000000
     217205.000 ns	     21719	80004ce8	00c3f653	fadd.s	f12,f7,f12	  f7:0x5ee12240 f12:0x00000000 f12=0x5ee12240
     217235.000 ns	     21722	80004cec	21f08dd3	fsgnj.s	f27,f1,f31	  f1:0x42fffcc2 f31:0x80000000 f27=0xc2fffcc2
     217255.000 ns	     21724	80004cf0	006f1533	sll	x10,x30,x6	 x30:0xfffffcb0  x6:0x00000001 x10=0xfffff960
     217615.000 ns	     21760	80004cf4	02cb6033	rem	x0,x22,x12	 x22:0x00000000 x12:0xfffffc23
     217635.000 ns	     21762	80004cf8	00d7bd33	sltu	x26,x15,x13	 x15:0x00000000 x13:0x00000000 x26=0x00000000
     217645.000 ns	     21763	80004cfc	01a1acb3	slt	x25,x3,x26	  x3:0x00000001 x26:0x00000001 x25=0x00000000
     217655.000 ns	     21764	80004d00	00e11993	slli	x19,x2,0xe	  x2:0x000002dc x19=0x00b70000
     217675.000 ns	     21766	80004d04	021905b3	mul	x11,x18,x1	 x18:0x31200000  x1:0x00000000 x11=0x00000000
     217725.000 ns	     21771	80004d08	01bba253	fadd.s	f4,f23,f27	 f23:0xc3ff8000 f27:0xc2fffcc2  f4=0xc41fbf99
     217745.000 ns	     21773	80004d0c	5be14513	xori	x10,x2,1470	  x2:0x000002dc x10=0x00000762
     217755.000 ns	     21774	80004d10	015a1213	slli	x4,x20,0x15	 x20:0x0000016d  x4=0x2da00000
     217765.000 ns	     21775	80004d14	00ed1333	sll	x6,x26,x14	 x26:0x00000000 x14:0x00000000  x6=0x00000000
     217775.000 ns	     21776	80004d18	27abea13	ori	x20,x23,634	 x23:0x000005bd x20=0x000007ff
     217785.000 ns	     21777	80004d1c	01011713	slli	x14,x2,0x10	  x2:0x000002dc x14=0x02dc0000
     217795.000 ns	     21778	80004d20	3b882493	slti	x9,x16,952	 x16:0x00000001  x9=0x00000001
     217815.000 ns	     21780	80004d24	c001f353	fcvt.w.s	x6,f3	  f3:0x80000000  x6=0x00000000
     217835.000 ns	     21782	80004d28	d0418493	addi	x9,x3,-764	  x3:0x00000001  x9=0xfffffd05
     217875.000 ns	     21786	80004d2c	091d3cd3	fsub.s	f25,f26,f17	 f26:0x43ff8000 f17:0xc3ff8000 f25=0x447f8000
     217895.000 ns	     21788	80004d30	4fb86ab7	lui	x21,0x4fb86	 x21=0x4fb86000
     217915.000 ns	     21790	80004d34	e00684d3	fmv.x.w	x9,f13	 f13:0x00000000  x9=0x00000000
     217935.000 ns	     21792	80004d38	1b2eed13	ori	x26,x29,434	 x29:0x80040fe4 x26=0x80040ff6
     217945.000 ns	     21793	80004d3c	4cd3a013	slti	x0,x7,1229	  x7:0x00000000
     217955.000 ns	     21794	80004d40	00f8fab3	and	x21,x17,x15	 x17:0x80041024 x15:0x00000000 x21=0x00000000
     217965.000 ns	     21795	80004d44	18880113	addi	x2,x16,392	 x16:0x00000001  x2=0x00000189
     217975.000 ns	     21796	80004d48	00129c13	slli	x24,x5,0x1	  x5:0x00000677 x24=0x00000cee
     217995.000 ns	     21798	80004d4c	02a38933	mul	x18,x7,x10	  x7:0x00000000 x10:0x00000762 x18=0x00000000
     218015.000 ns	     21800	80004d50	53462413	slti	x8,x12,1332	 x12:0xfffffc23  x8=0x00000001
     218025.000 ns	     21801	80004d54	00779393	slli	x7,x15,0x7	 x15:0x00000000  x7=0x00000000
     218045.000 ns	     21803	80004d58	d0080653	fcvt.s.w	f12,x16	 x16:0x00000001 f12=0x3f800000
     218075.000 ns	     21806	80004d5c	03b71533	mulh	x10,x14,x27	 x14:0x02dc0000 x27:0x00000000 x10=0x00000000
     218095.000 ns	     21808	80004d60	83e4b797	auipc	x15,0x83e4b	 x15=0x03e4fd60
     218115.000 ns	     21810	80004d64	02acd0b3	divu	x1,x25,x10	 x25:0x00000000 x10:0x00000000  x1=0xffffffff
     218145.000 ns	     21813	80004d68	e00794d3	fclass.s	x9,f15	 f15:0x80000000  x9=0x00000008
     218165.000 ns	     21815	80004d6c	011fd593	srli	x11,x31,0x11	 x31:0xfafeddbe x11=0x00007d7f
     218185.000 ns	     21817	80004d70	02569033	mulh	x0,x13,x5	 x13:0x00000000  x5:0x00000677
     218205.000 ns	     21819	80004d74	4137d533	sra	x10,x15,x19	 x15:0x03e4fd60 x19:0x00b70000 x10=0x03e4fd60
     218225.000 ns	     21821	80004d78	29f01ed3	fmax.s	f29,f0,f31	  f0:0x00000000 f31:0x80000000 f29=0x00000000
     218245.000 ns	     21823	80004d7c	00334b33	xor	x22,x6,x3	  x6:0x00000000  x3:0x00000001 x22=0x00000001
     218275.000 ns	     21826	80004d80	580f7153	fsqrt.s	f2,f30	 f30:0x80000000  f2=0x80000000
     218295.000 ns	     21828	80004d84	408e86b3	sub	x13,x29,x8	 x29:0x80040fe4  x8:0x00000001 x13=0x80040fe3
     218315.000 ns	     21830	80004d88	03fc34b3	mulhu	x9,x24,x31	 x24:0x00000cee x31:0xfafeddbe  x9=0x00000cad
     218335.000 ns	     21832	80004d8c	00d92f33	slt	x30,x18,x13	 x18:0x00000000 x13:0x00000000 x30=0x00000000
     218355.000 ns	     21834	80004d90	e0090c53	fmv.x.w	x24,f18	 f18:0x00000000 x24=0x00000000
     218375.000 ns	     21836	80004d94	53602713	slti	x14,x0,1334	  x0:0x00000000 x14=0x00000001
     218385.000 ns	     21837	80004d98	e9b1b493	sltiu	x9,x3,-357	  x3:0x00000001  x9=0x00000001
     218745.000 ns	     21873	80004d9c	0307f0b3	remu	x1,x15,x16	 x15:0x03e4fd60 x16:0x00000001  x1=0x00000000
     218765.000 ns	     21875	80004da0	00000013	addi	x0,x0,0	  x0:0x00000000
     218775.000 ns	     21876	80004da4	418e5a93	srai	x21,x28,0x18	 x28:0xfffffae5 x21=0xffffffff
     218795.000 ns	     21878	80004da8	f00b83d3	fmv.w.x	f7,x23	 x23:0x000005bd  f7=0x000005bd
     218825.000 ns	     21881	80004dac	a0069f53	flt.s	x30,f13,f0	 f13:0x00000000  f0:0x00000000 x30=0x00000000
     218845.000 ns	     21883	80004db0	7f067617	auipc	x12,0x7f067	 x12=0xff06bdb0
     218865.000 ns	     21885	80004db4	282a1853	fmax.s	f16,f20,f2	 f20:0x44370000  f2:0x80000000 f16=0x44370000
     218885.000 ns	     21887	80004db8	011822b3	slt	x5,x16,x17	 x16:0x00000001 x17:0x80041024  x5=0x00000000
     218895.000 ns	     21888	80004dbc	00bf5db3	srl	x27,x30,x11	 x30:0x00000000 x11:0x00007d7f x27=0x00000000
     218915.000 ns	     21890	80004dc0	039a59b3	divu	x19,x20,x25	 x20:0x000007ff x25:0x00000000 x19=0xffffffff
     218935.000 ns	     21892	80004dc4	01e4a7b3	slt	x15,x9,x30	  x9:0x00000001 x30:0x00000000 x15=0x00000000
     218945.000 ns	     21893	80004dc8	418a0133	sub	x2,x20,x24	 x20:0x000007ff x24:0x00000000  x2=0x000007ff
     218965.000 ns	     21895	80004dcc	a03099d3	flt.s	x19,f1,f3	  f1:0x42fffcc2  f3:0x80000000 x19=0x00000000
     218985.000 ns	     21897	80004dd0	00eb4cb3	xor	x25,x22,x14	 x22:0x00000001 x14:0x00000001 x25=0x00000000
     218995.000 ns	     21898	80004dd4	00fb07b3	add	x15,x22,x15	 x22:0x00000001 x15:0x00000000 x15=0x00000001
     219015.000 ns	     21900	80004dd8	0210bbb3	mulhu	x23,x1,x1	  x1:0x00000000  x1:0x00000000 x23=0x00000000
     219385.000 ns	     21937	80004ddc	03c3c333	div	x6,x7,x28	  x7:0x00000000 x28:0xfffffae5  x6=0x00000000
     219415.000 ns	     21940	80004de0	e0050553	fmv.x.w	x10,f10	 f10:0x43ff8000 x10=0x43ff8000
     219435.000 ns	     21942	80004de4	01c989b3	add	x19,x19,x28	 x19:0x00000000 x28:0xfffffae5 x19=0xfffffae5
     219795.000 ns	     21978	80004de8	028957b3	divu	x15,x18,x8	 x18:0x00000000  x8:0x00000001 x15=0x00000000
     219815.000 ns	     21980	80004dec	40cfde13	srai	x28,x31,0xc	 x31:0xfafeddbe x28=0xffffafed
     219835.000 ns	     21982	80004df0	0383a233	mulhsu	x4,x7,x24	  x7:0x00000000 x24:0x00000000  x4=0x00000000
     219855.000 ns	     21984	80004df4	00846033	or	x0,x8,x8	  x8:0x00000001  x8:0x00000001
     219875.000 ns	     21986	80004df8	d00f12d3	fcvt.s.w	f5,x30	 x30:0x00000000  f5=0x00000000
     219905.000 ns	     21989	80004dfc	03869db3	mulh	x27,x13,x24	 x13:0x80040fe3 x24:0x00000000 x27=0x00000000
     219925.000 ns	     21991	80004e00	01683bb3	sltu	x23,x16,x22	 x16:0x00000001 x22:0x00000001 x23=0x00000000
     219935.000 ns	     21992	80004e04	37216913	ori	x18,x2,882	  x2:0x000007ff x18=0x000007ff
     219965.000 ns	     21995	80004e08	11aa9d53	fmul.s	f26,f21,f26	 f21:0x80000000 f26:0x43ff8000 f26=0x80000000
     219985.000 ns	     21997	80004e0c	b79ebe13	sltiu	x28,x29,-1159	 x29:0x80040fe4 x28=0x00000001
     219995.000 ns	     21998	80004e10	89f8b993	sltiu	x19,x17,-1889	 x17:0x80041024 x19=0x00000001
     220015.000 ns	     22000	80004e14	a0919953	flt.s	x18,f3,f9	  f3:0x80000000  f9:0xc3ff8000 x18=0x00000000
     221195.000 ns	     22118	80004e18	580435d3	fsqrt.s	f11,f8	  f8:0x42fffd8a f11=0x413503cc
     221565.000 ns	     22155	80004e1c	03f4fcb3	remu	x25,x9,x31	  x9:0x00000001 x31:0xfafeddbe x25=0x00000001
     221595.000 ns	     22158	80004e20	f00285d3	fmv.w.x	f11,x5	  x5:0x00000000 f11=0x00000000
     221625.000 ns	     22161	80004e24	e0019ad3	fclass.s	x21,f3	  f3:0x80000000 x21=0x00000008
     221655.000 ns	     22164	80004e28	290c97d3	fmax.s	f15,f25,f16	 f25:0x447f8000 f16:0x44370000 f15=0x447f8000
     221685.000 ns	     22167	80004e2c	0264ff33	remu	x30,x9,x6	  x9:0x00000001  x6:0x00000000 x30=0x00000001
     221705.000 ns	     22169	80004e30	01bf9913	slli	x18,x31,0x1b	 x31:0xfafeddbe x18=0xf0000000
     222065.000 ns	     22205	80004e34	03616433	rem	x8,x2,x22	  x2:0x000007ff x22:0x00000001  x8=0x00000000
     222105.000 ns	     22209	80004e38	115a7053	fmul.s	f0,f20,f21	 f20:0x44370000 f21:0x80000000  f0=0x80000000
     222125.000 ns	     22211	80004e3c	401ed193	srai	x3,x29,0x1	 x29:0x80040fe4  x3=0xc00207f2
     222145.000 ns	     22213	80004e40	28b103d3	fmin.s	f7,f2,f11	  f2:0x80000000 f11:0x00000000  f7=0x80000000
     222175.000 ns	     22216	80004e44	027937b3	mulhu	x15,x18,x7	 x18:0xf0000000  x7:0x00000000 x15=0x00000000
     222205.000 ns	     22219	80004e48	02fd4433	div	x8,x26,x15	 x26:0x80040ff6 x15:0x00000000  x8=0xffffffff
     222225.000 ns	     22221	80004e4c	40570033	sub	x0,x14,x5	 x14:0x00000001  x5:0x00000000
     222235.000 ns	     22222	80004e50	01975113	srli	x2,x14,0x19	 x14:0x00000001  x2=0x00000000
     222245.000 ns	     22223	80004e54	43f24997	auipc	x19,0x43f24	 x19=0xc3f28e54
     222265.000 ns	     22225	80004e58	d00e8853	fcvt.s.w	f16,x29	 x29:0x80040fe4 f16=0xcefff7e0
     222285.000 ns	     22227	80004e5c	00f451b3	srl	x3,x8,x15	  x8:0xffffffff x15:0x00000000  x3=0xffffffff
     222305.000 ns	     22229	80004e60	287596d3	fmax.s	f13,f11,f7	 f11:0x00000000  f7:0x80000000 f13=0x00000000
     222355.000 ns	     22234	80004e64	096ead53	fsub.s	f26,f29,f22	 f29:0x00000000 f22:0x3f800000 f26=0xbf800000
     222385.000 ns	     22237	80004e68	03cd90b3	mulh	x1,x27,x28	 x27:0x00000000 x28:0x00000001  x1=0x00000000
     222425.000 ns	     22241	80004e6c	180486d3	fdiv.s	f13,f9,f0	  f9:0xc3ff8000  f0:0x80000000 f13=0x7f800000
     222455.000 ns	     22244	80004e70	03ff2333	mulhsu	x6,x30,x31	 x30:0x00000001 x31:0xfafeddbe  x6=0x00000000
     222485.000 ns	     22247	80004e74	29760c53	fmin.s	f24,f12,f23	 f12:0x3f800000 f23:0xc3ff8000 f24=0xc3ff8000
     222505.000 ns	     22249	80004e78	0d512913	slti	x18,x2,213	  x2:0x00000000 x18=0x00000001
     222515.000 ns	     22250	80004e7c	00b0b533	sltu	x10,x1,x11	  x1:0x00000000 x11:0x00007d7f x10=0x00000001
     222535.000 ns	     22252	80004e80	0242b233	mulhu	x4,x5,x4	  x5:0x00000000  x4:0x00000000  x4=0x00000000
     222555.000 ns	     22254	80004e84	35b79137	lui	x2,0x35b79	  x2=0x35b79000
     222565.000 ns	     22255	80004e88	f959ee17	auipc	x28,0xf959e	 x28=0x795a2e88
     222585.000 ns	     22257	80004e8c	e00b9bd3	fclass.s	x23,f23	 f23:0xc3ff8000 x23=0x00000002
     222615.000 ns	     22260	80004e90	c0044853	fcvt.w.s	x16,f8	  f8:0x42fffd8a x16=0x00000080
     222635.000 ns	     22262	80004e94	40610333	sub	x6,x2,x6	  x2:0x35b79000  x6:0x00000000  x6=0x35b79000
     222655.000 ns	     22264	80004e98	a1788753	fle.s	x14,f17,f23	 f17:0xc3ff8000 f23:0xc3ff8000 x14=0x00000001
     222685.000 ns	     22267	80004e9c	f00082d3	fmv.w.x	f5,x1	  x1:0x00000000  f5=0x00000000
     222725.000 ns	     22271	80004ea0	5801f6d3	fsqrt.s	f13,f3	  f3:0x80000000 f13=0x80000000
     222745.000 ns	     22273	80004ea4	1e99af17	auipc	x30,0x1e99a	 x30=0x9e99eea4
     222755.000 ns	     22274	80004ea8	009057b3	srl	x15,x0,x9	  x0:0x00000000  x9:0x00000001 x15=0x00000000
     222775.000 ns	     22276	80004eac	288a0dd3	fmin.s	f27,f20,f8	 f20:0x44370000  f8:0x42fffd8a f27=0x42fffd8a
     222805.000 ns	     22279	80004eb0	a15b0b53	fle.s	x22,f22,f21	 f22:0x3f800000 f21:0x80000000 x22=0x00000000
     222835.000 ns	     22282	80004eb4	c00a7053	fcvt.w.s	x0,f20	 f20:0x44370000
     222875.000 ns	     22286	80004eb8	1804f553	fdiv.s	f10,f9,f0	  f9:0xc3ff8000  f0:0x80000000 f10=0x7f800000
     222905.000 ns	     22289	80004ebc	f0088bd3	fmv.w.x	f23,x17	 x17:0x80041024 f23=0x80041024
     222925.000 ns	     22291	80004ec0	00ca2433	slt	x8,x20,x12	 x20:0x000007ff x12:0xff06bdb0  x8=0x00000000
     222935.000 ns	     22292	80004ec4	b5fbf113	andi	x2,x23,-1185	 x23:0x00000002  x2=0x00000002
     222955.000 ns	     22294	80004ec8	a08e9553	flt.s	x10,f29,f8	 f29:0x00000000  f8:0x42fffd8a x10=0x00000001
     222975.000 ns	     22296	80004ecc	d511aa13	slti	x20,x3,-687	  x3:0xffffffff x20=0x00000000
     222995.000 ns	     22298	80004ed0	217c2e53	fsgnjx.s	f28,f24,f23	 f24:0xc3ff8000 f23:0x80041024 f28=0x43ff8000
     223365.000 ns	     22335	80004ed4	03c643b3	div	x7,x12,x28	 x12:0xff06bdb0 x28:0x795a2e88  x7=0x00000000
     223395.000 ns	     22338	80004ed8	d004a753	fcvt.s.w	f14,x9	  x9:0x00000001 f14=0x3f800000
     223425.000 ns	     22341	80004edc	c0017553	fcvt.w.s	x10,f2	  f2:0x80000000 x10=0x00000000
     223445.000 ns	     22343	80004ee0	019253b3	srl	x7,x4,x25	  x4:0x00000000 x25:0x00000001  x7=0x00000000
     223465.000 ns	     22345	80004ee4	28249853	fmax.s	f16,f9,f2	  f9:0xc3ff8000  f2:0x80000000 f16=0x80000000
     223485.000 ns	     22347	80004ee8	0cfba813	slti	x16,x23,207	 x23:0x00000002 x16=0x00000001
     223515.000 ns	     22350	80004eec	1074fcd3	fmul.s	f25,f9,f7	  f9:0xc3ff8000  f7:0x80000000 f25=0x00000000
     223545.000 ns	     22353	80004ef0	29918153	fmin.s	f2,f3,f25	  f3:0x80000000 f25:0x447f8000  f2=0x80000000
     223575.000 ns	     22356	80004ef4	294b1353	fmax.s	f6,f22,f20	 f22:0x3f800000 f20:0x44370000  f6=0x44370000
     223605.000 ns	     22359	80004ef8	c00c7d53	fcvt.w.s	x26,f24	 f24:0xc3ff8000 x26=0x000001ff
     223635.000 ns	     22362	80004efc	0272bc33	mulhu	x24,x5,x7	  x5:0x00000000  x7:0x00000000 x24=0x00000000
     223675.000 ns	     22366	80004f00	5801f753	fsqrt.s	f14,f3	  f3:0x80000000 f14=0x80000000
     223705.000 ns	     22369	80004f04	c0177753	fcvt.wu.s	x14,f14	 f14:0x3f800000 x14=0x00000000
     223725.000 ns	     22371	80004f08	0011b6b3	sltu	x13,x3,x1	  x3:0xffffffff  x1:0x00000000 x13=0x00000000
     223735.000 ns	     22372	80004f0c	41be8933	sub	x18,x29,x27	 x29:0x80040fe4 x27:0x00000000 x18=0x80040fe4
     223745.000 ns	     22373	80004f10	0030dd13	srli	x26,x1,0x3	  x1:0x00000000 x26=0x00000000
     223755.000 ns	     22374	80004f14	a76af693	andi	x13,x21,-1418	 x21:0x00000008 x13=0x00000000
     223795.000 ns	     22378	80004f18	08e6a253	fsub.s	f4,f13,f14	 f13:0x80000000 f14:0x80000000  f4=0x00000000
     224815.000 ns	     22480	80004f1c	58037653	fsqrt.s	f12,f6	  f6:0x44370000 f12=0x41816671
     224835.000 ns	     22482	80004f20	00c10a33	add	x20,x2,x12	  x2:0x00000002 x12:0xff06bdb0 x20=0xff06bdb2
     224845.000 ns	     22483	80004f24	2141a693	slti	x13,x3,532	  x3:0xffffffff x13=0x00000001
     224855.000 ns	     22484	80004f28	00000013	addi	x0,x0,0	  x0:0x00000000
     224875.000 ns	     22486	80004f2c	a0f28cd3	fle.s	x25,f5,f15	  f5:0x00000000 f15:0x447f8000 x25=0x00000001
     224905.000 ns	     22489	80004f30	c004fc53	fcvt.w.s	x24,f9	  f9:0xc3ff8000 x24=0x000001ff
     224935.000 ns	     22492	80004f34	c00bf3d3	fcvt.w.s	x7,f23	 f23:0x80041024  x7=0x00000000
     224955.000 ns	     22494	80004f38	94ec2693	slti	x13,x24,-1714	 x24:0x000001ff x13=0x00000000
     224975.000 ns	     22496	80004f3c	a1e38953	fle.s	x18,f7,f30	  f7:0x80000000 f30:0x80000000 x18=0x00000001
     225345.000 ns	     22533	80004f40	03e5e3b3	rem	x7,x11,x30	 x11:0x00007d7f x30:0x9e99eea4  x7=0x00007d7f
     225365.000 ns	     22535	80004f44	6605f393	andi	x7,x11,1632	 x11:0x00007d7f  x7=0x00000460
     225375.000 ns	     22536	80004f48	41075e33	sra	x28,x14,x16	 x14:0x00000000 x16:0x00000001 x28=0x00000000
     225395.000 ns	     22538	80004f4c	e0031ad3	fclass.s	x21,f6	  f6:0x44370000 x21=0x00000040
     225425.000 ns	     22541	80004f50	e0039bd3	fclass.s	x23,f7	  f7:0x80000000 x23=0x00000008
     225455.000 ns	     22544	80004f54	02e56cb3	rem	x25,x10,x14	 x10:0x00000000 x14:0x00000000 x25=0x00000000
     225485.000 ns	     22547	80004f58	a19a1453	flt.s	x8,f20,f25	 f20:0x44370000 f25:0x00000000  x8=0x00000000
     225505.000 ns	     22549	80004f5c	01648a33	add	x20,x9,x22	  x9:0x00000001 x22:0x00000000 x20=0x00000001
     225515.000 ns	     22550	80004f60	00713133	sltu	x2,x2,x7	  x2:0x00000002  x7:0x00000460  x2=0x00000001
     225535.000 ns	     22552	80004f64	d000f253	fcvt.s.w	f4,x1	  x1:0x00000000  f4=0x00000000
     225565.000 ns	     22555	80004f68	03d98433	mul	x8,x19,x29	 x19:0xc3f28e54 x29:0x80040fe4  x8=0xf3adaed0
     225935.000 ns	     22592	80004f6c	022a6e33	rem	x28,x20,x2	 x20:0x00000001  x2:0x00000001 x28=0x00000000
     225955.000 ns	     22594	80004f70	7c47cd93	xori	x27,x15,1988	 x15:0x00000000 x27=0x000007c4
     225965.000 ns	     22595	80004f74	416c5513	srai	x10,x24,0x16	 x24:0x000001ff x10=0x00000000
     225985.000 ns	     22597	80004f78	e0089853	fclass.s	x16,f17	 f17:0xc3ff8000 x16=0x00000002
     226015.000 ns	     22600	80004f7c	d01d7e53	fcvt.s.wu	f28,x26	 x26:0x00000000 f28=0x00000000
     226045.000 ns	     22603	80004f80	213019d3	fsgnjn.s	f19,f0,f19	  f0:0x80000000 f19:0x000001ff f19=0x80000000
     226415.000 ns	     22640	80004f84	03807133	remu	x2,x0,x24	  x0:0x00000000 x24:0x000001ff  x2=0x00000000
     226435.000 ns	     22642	80004f88	014257b3	srl	x15,x4,x20	  x4:0x00000000 x20:0x00000001 x15=0x00000000
     226445.000 ns	     22643	80004f8c	01ff24b3	slt	x9,x30,x31	 x30:0x9e99eea4 x31:0xfafeddbe  x9=0x00000001
     226805.000 ns	     22679	80004f90	0383ea33	rem	x20,x7,x24	  x7:0x00000460 x24:0x000001ff x20=0x00000062
     226835.000 ns	     22682	80004f94	03528a33	mul	x20,x5,x21	  x5:0x00000000 x21:0x00000040 x20=0x00000000
     226855.000 ns	     22684	80004f98	dfd1fc93	andi	x25,x3,-515	  x3:0xffffffff x25=0xfffffdfd
     226865.000 ns	     22685	80004f9c	01abaab3	slt	x21,x23,x26	 x23:0x00000008 x26:0x00000000 x21=0x00000000
     226885.000 ns	     22687	80004fa0	e00a8dd3	fmv.x.w	x27,f21	 f21:0x80000000 x27=0x80000000
     227255.000 ns	     22724	80004fa4	0288ff33	remu	x30,x17,x8	 x17:0x80041024  x8:0xf3adaed0 x30=0x80041024
     227305.000 ns	     22729	80004fa8	08da49d3	fsub.s	f19,f20,f13	 f20:0x44370000 f13:0x80000000 f19=0x44370000
     227325.000 ns	     22731	80004fac	01d8fd33	and	x26,x17,x29	 x17:0x80041024 x29:0x80040fe4 x26=0x80040024
     227345.000 ns	     22733	80004fb0	e00f0f53	fmv.x.w	x30,f30	 f30:0x80000000 x30=0x80000000
     227365.000 ns	     22735	80004fb4	015fed33	or	x26,x31,x21	 x31:0xfafeddbe x21:0x00000000 x26=0xfafeddbe
     227385.000 ns	     22737	80004fb8	d01ba953	fcvt.s.wu	f18,x23	 x23:0x00000008 f18=0x41000000
     227415.000 ns	     22740	80004fbc	a1de9353	flt.s	x6,f29,f29	 f29:0x00000000 f29:0x00000000  x6=0x00000000
     227445.000 ns	     22743	80004fc0	289317d3	fmax.s	f15,f6,f9	  f6:0x44370000  f9:0xc3ff8000 f15=0x44370000
     227465.000 ns	     22745	80004fc4	01bf1633	sll	x12,x30,x27	 x30:0x80000000 x27:0x80000000 x12=0x80000000
     227475.000 ns	     22746	80004fc8	7f9a7237	lui	x4,0x7f9a7	  x4=0x7f9a7000
     227485.000 ns	     22747	80004fcc	00000013	addi	x0,x0,0	  x0:0x00000000
     227505.000 ns	     22749	80004fd0	e00c14d3	fclass.s	x9,f24	 f24:0xc3ff8000  x9=0x00000002
     227525.000 ns	     22751	80004fd4	0170c7b3	xor	x15,x1,x23	  x1:0x00000000 x23:0x00000008 x15=0x00000008
     227535.000 ns	     22752	80004fd8	4148d413	srai	x8,x17,0x14	 x17:0x80041024  x8=0xfffff800
     227555.000 ns	     22754	80004fdc	211489d3	fsgnj.s	f19,f9,f17	  f9:0xc3ff8000 f17:0xc3ff8000 f19=0xc3ff8000
     227585.000 ns	     22757	80004fe0	211c23d3	fsgnjx.s	f7,f24,f17	 f24:0xc3ff8000 f17:0xc3ff8000  f7=0x43ff8000
     227955.000 ns	     22794	80004fe4	03e5ef33	rem	x30,x11,x30	 x11:0x00007d7f x30:0x80000000 x30=0x00007d7f
     227985.000 ns	     22797	80004fe8	03b83b33	mulhu	x22,x16,x27	 x16:0x00000002 x27:0x80000000 x22=0x00000001
     228005.000 ns	     22799	80004fec	01913db3	sltu	x27,x2,x25	  x2:0x00000000 x25:0xfffffdfd x27=0x00000001
     228015.000 ns	     22800	80004ff0	d930d9b7	lui	x19,0xd930d	 x19=0xd930d000
     228055.000 ns	     22804	80004ff4	001072d3	fadd.s	f5,f0,f1	  f0:0x80000000  f1:0x42fffcc2  f5=0x42fffcc2
     228075.000 ns	     22806	80004ff8	1725ea93	ori	x21,x11,370	 x11:0x00007d7f x21=0x00007d7f
     228085.000 ns	     22807	80004ffc	016e47b3	xor	x15,x28,x22	 x28:0x00000000 x22:0x00000001 x15=0x00000001
     228095.000 ns	     22808	80005000	00dc1713	slli	x14,x24,0xd	 x24:0x000001ff x14=0x003fe000
     228455.000 ns	     22844	80005004	03346b33	rem	x22,x8,x19	  x8:0xfffff800 x19:0xd930d000 x22=0xfffff800
     228475.000 ns	     22846	80005008	01f51e33	sll	x28,x10,x31	 x10:0x00000000 x31:0xfafeddbe x28=0x00000000
     228485.000 ns	     22847	8000500c	01d4c733	xor	x14,x9,x29	  x9:0x00000002 x29:0x80040fe4 x14=0x80040fe6
     228495.000 ns	     22848	80005010	00000013	addi	x0,x0,0	  x0:0x00000000
     228515.000 ns	     22850	80005014	a15286d3	fle.s	x13,f5,f21	  f5:0x42fffcc2 f21:0x80000000 x13=0x00000000
     228535.000 ns	     22852	80005018	66d64913	xori	x18,x12,1645	 x12:0x80000000 x18=0x8000066d
     228545.000 ns	     22853	8000501c	38c20093	addi	x1,x4,908	  x4:0x7f9a7000  x1=0x7f9a738c
     228575.000 ns	     22856	80005020	115d71d3	fmul.s	f3,f26,f21	 f26:0xbf800000 f21:0x80000000  f3=0x00000000
     228605.000 ns	     22859	80005024	20b997d3	fsgnjn.s	f15,f19,f11	 f19:0xc3ff8000 f11:0x00000000 f15=0xc3ff8000
     228635.000 ns	     22862	80005028	f0070253	fmv.w.x	f4,x14	 x14:0x80040fe6  f4=0x80040fe6
     228665.000 ns	     22865	8000502c	a1d384d3	fle.s	x9,f7,f29	  f7:0x43ff8000 f29:0x00000000  x9=0x00000000
     228685.000 ns	     22867	80005030	00000013	addi	x0,x0,0	  x0:0x00000000
     228705.000 ns	     22869	80005034	031a0f33	mul	x30,x20,x17	 x20:0x00000000 x17:0x80041024 x30=0x00000000
     229075.000 ns	     22906	80005038	02c0f133	remu	x2,x1,x12	  x1:0x7f9a738c x12:0x80000000  x2=0x7f9a738c
     229105.000 ns	     22909	8000503c	02e89433	mulh	x8,x17,x14	 x17:0x80041024 x14:0x80040fe6  x8=0x3ffbf00b
     229155.000 ns	     22914	80005040	01980a53	fadd.s	f20,f16,f25	 f16:0x80000000 f25:0x00000000 f20=0x00000000
     229185.000 ns	     22917	80005044	02a57cb3	remu	x25,x10,x10	 x10:0x00000000 x10:0x00000000 x25=0x00000000
     229205.000 ns	     22919	80005048	01108333	add	x6,x1,x17	  x1:0x7f9a738c x17:0x80041024  x6=0xff9e83b0
     229215.000 ns	     22920	8000504c	00ed1533	sll	x10,x26,x14	 x26:0xfafeddbe x14:0x80040fe6 x10=0xbfb76f80
     229225.000 ns	     22921	80005050	cb5d6293	ori	x5,x26,-843	 x26:0xfafeddbe  x5=0xfffffdbf
     229245.000 ns	     22923	80005054	03a73a33	mulhu	x20,x14,x26	 x14:0x80040fe6 x26:0xfafeddbe x20=0x7d836a70
     229265.000 ns	     22925	80005058	01c29813	slli	x16,x5,0x1c	  x5:0x00000000 x16=0xf0000000
     229295.000 ns	     22928	8000505c	1105ad53	fmul.s	f26,f11,f16	 f11:0x00000000 f16:0x80000000 f26=0x80000000
     229315.000 ns	     22930	80005060	dfe9b7b7	lui	x15,0xdfe9b	 x15=0xdfe9b000
     229325.000 ns	     22931	80005064	00cc1c13	slli	x24,x24,0xc	 x24:0x000001ff x24=0x001ff000
     229365.000 ns	     22935	80005068	082cbf53	fsub.s	f30,f25,f2	 f25:0x00000000  f2:0x80000000 f30=0x00000000
     229385.000 ns	     22937	8000506c	40cbd633	sra	x12,x23,x12	 x23:0x00000008 x12:0x80000000 x12=0x00000008
     229405.000 ns	     22939	80005070	29450dd3	fmin.s	f27,f10,f20	 f10:0x7f800000 f20:0x00000000 f27=0x00000000
     229775.000 ns	     22976	80005074	021547b3	div	x15,x10,x1	 x10:0xbfb76f80  x1:0x7f9a738c x15=0x00000000
     229805.000 ns	     22979	80005078	d0089ad3	fcvt.s.w	f21,x17	 x17:0x80041024 f21=0xcefff7df
     229825.000 ns	     22981	8000507c	412b5413	srai	x8,x22,0x12	 x22:0xfffff800  x8=0xffffffff
     229845.000 ns	     22983	80005080	f00b81d3	fmv.w.x	f3,x23	 x23:0x00000008  f3=0x00000008
     229875.000 ns	     22986	80005084	028a23b3	mulhsu	x7,x20,x8	 x20:0x7d836a70  x8:0x3ffbf00b  x7=0x7d836a6f
     229905.000 ns	     22989	80005088	a11fa2d3	feq.s	x5,f31,f17	 f31:0x80000000 f17:0xc3ff8000  x5=0x00000000
     229935.000 ns	     22992	8000508c	e0011b53	fclass.s	x22,f2	  f2:0x80000000 x22=0x00000008
     229955.000 ns	     22994	80005090	01a9b233	sltu	x4,x19,x26	 x19:0xd930d000 x26:0xfafeddbe  x4=0x00000001
     230315.000 ns	     23030	80005094	03f3e433	rem	x8,x7,x31	  x7:0x7d836a6f x31:0xfafeddbe  x8=0x006711fd
     230335.000 ns	     23032	80005098	00202d33	slt	x26,x0,x2	  x0:0x00000000  x2:0x7f9a738c x26=0x00000001
     230355.000 ns	     23034	8000509c	f0018dd3	fmv.w.x	f27,x3	  x3:0xffffffff f27=0xffffffff
     230385.000 ns	     23037	800050a0	d00b74d3	fcvt.s.w	f9,x22	 x22:0x00000008  f9=0x41000000
     230405.000 ns	     23039	800050a4	007cf433	and	x8,x25,x7	 x25:0x00000000  x7:0x7d836a6f  x8=0x00000000
     230425.000 ns	     23041	800050a8	a18fa7d3	feq.s	x15,f31,f24	 f31:0x80000000 f24:0xc3ff8000 x15=0x00000000
     230455.000 ns	     23044	800050ac	a1bb2b53	feq.s	x22,f22,f27	 f22:0x3f800000 f27:0xffffffff x22=0x00000000
     230485.000 ns	     23047	800050b0	d00381d3	fcvt.s.w	f3,x7	  x7:0x7d836a6f  f3=0x4efb06d4
     230515.000 ns	     23050	800050b4	a16e2753	feq.s	x14,f28,f22	 f28:0x00000000 f22:0x3f800000 x14=0x00000000
     230545.000 ns	     23053	800050b8	a1e11f53	flt.s	x30,f2,f30	  f2:0x80000000 f30:0x00000000 x30=0x00000000
     230575.000 ns	     23056	800050bc	2051a253	fsgnjx.s	f4,f3,f5	  f3:0x4efb06d4  f5:0x42fffcc2  f4=0x4efb06d4
     230945.000 ns	     23093	800050c0	03075d33	divu	x26,x14,x16	 x14:0x00000000 x16:0xf0000000 x26=0x00000000
     230975.000 ns	     23096	800050c4	d01289d3	fcvt.s.wu	f19,x5	  x5:0x00000000 f19=0x00000000
     231005.000 ns	     23099	800050c8	a1e4a653	feq.s	x12,f9,f30	  f9:0x41000000 f30:0x00000000 x12=0x00000000
     231035.000 ns	     23102	800050cc	21cc9953	fsgnjn.s	f18,f25,f28	 f25:0x00000000 f28:0x00000000 f18=0x80000000
     231055.000 ns	     23104	800050d0	00000013	addi	x0,x0,0	  x0:0x00000000
     231075.000 ns	     23106	800050d4	0219b5b3	mulhu	x11,x19,x1	 x19:0xd930d000  x1:0x7f9a738c x11=0x6c424094
     231105.000 ns	     23109	800050d8	20369353	fsgnjn.s	f6,f13,f3	 f13:0x80000000  f3:0x4efb06d4  f6=0x80000000
     231125.000 ns	     23111	800050dc	83cd5797	auipc	x15,0x83cd5	 x15=0x03cda0dc
     231165.000 ns	     23115	800050e0	0039a3d3	fadd.s	f7,f19,f3	 f19:0x00000000  f3:0x4efb06d4  f7=0x4efb06d4
     231185.000 ns	     23117	800050e4	40ec5393	srai	x7,x24,0xe	 x24:0x001ff000  x7=0x0000007f
     231195.000 ns	     23118	800050e8	0160b333	sltu	x6,x1,x22	  x1:0x7f9a738c x22:0x00000000  x6=0x00000000
     231205.000 ns	     23119	800050ec	40f206b3	sub	x13,x4,x15	  x4:0x00000001 x15:0x03cda0dc x13=0xfc325f25
     231225.000 ns	     23121	800050f0	e00792d3	fclass.s	x5,f15	 f15:0xc3ff8000  x5=0x00000002
     231245.000 ns	     23123	800050f4	01771113	slli	x2,x14,0x17	 x14:0x00000000  x2=0x00000000
     231265.000 ns	     23125	800050f8	c00189d3	fcvt.w.s	x19,f3	  f3:0x4efb06d4 x19=0x7d836a00
     231285.000 ns	     23127	800050fc	003b7e33	and	x28,x22,x3	 x22:0x00000000  x3:0xffffffff x28=0x00000000
     231305.000 ns	     23129	80005100	03331a33	mulh	x20,x6,x19	  x6:0x00000000 x19:0x7d836a00 x20=0x00000000
     231325.000 ns	     23131	80005104	37518613	addi	x12,x3,885	  x3:0xffffffff x12=0x00000374
     231345.000 ns	     23133	80005108	a0bf2453	feq.s	x8,f30,f11	 f30:0x00000000 f11:0x00000000  x8=0x00000001
     231375.000 ns	     23136	8000510c	c00c2d53	fcvt.w.s	x26,f24	 f24:0xc3ff8000 x26=0xfffffe01
     231405.000 ns	     23139	80005110	02070cb3	mul	x25,x14,x0	 x14:0x00000000  x0:0x00000000 x25=0x00000000
     231455.000 ns	     23144	80005114	008c2dd3	fadd.s	f27,f24,f8	 f24:0xc3ff8000  f8:0x42fffd8a f27=0xc3bf809e
     231485.000 ns	     23147	80005118	29e48dd3	fmin.s	f27,f9,f30	  f9:0x41000000 f30:0x00000000 f27=0x00000000
     231505.000 ns	     23149	8000511c	00ad5a93	srli	x21,x26,0xa	 x26:0xfffffe01 x21=0x003fffff
     231515.000 ns	     23150	80005120	3cda4d13	xori	x26,x20,973	 x20:0x00000000 x26=0x000003cd
     232685.000 ns	     23267	80005124	5801f7d3	fsqrt.s	f15,f3	  f3:0x4efb06d4 f15=0x47334076
     232705.000 ns	     23269	80005128	2ab48493	addi	x9,x9,683	  x9:0x00000000  x9=0x000002ab
     232725.000 ns	     23271	8000512c	c00a7553	fcvt.w.s	x10,f20	 f20:0x00000000 x10=0x00000000
     233095.000 ns	     23308	80005130	023874b3	remu	x9,x16,x3	 x16:0xf0000000  x3:0xffffffff  x9=0xf0000000
     233145.000 ns	     23313	80005134	08258f53	fsub.s	f30,f11,f2	 f11:0x00000000  f2:0x80000000 f30=0x00000000
     233515.000 ns	     23350	80005138	02d455b3	divu	x11,x8,x13	  x8:0x00000001 x13:0xfc325f25 x11=0x00000000
     233535.000 ns	     23352	8000513c	01bf66b3	or	x13,x30,x27	 x30:0x00000000 x27:0x00000001 x13=0x00000001
     233545.000 ns	     23353	80005140	000232b3	sltu	x5,x4,x0	  x4:0x00000001  x0:0x00000000  x5=0x00000000
     233555.000 ns	     23354	80005144	68de2513	slti	x10,x28,1677	 x28:0x00000000 x10=0x00000001
     233565.000 ns	     23355	80005148	f1ffad13	slti	x26,x31,-225	 x31:0xfafeddbe x26=0x00000001
     233585.000 ns	     23357	8000514c	a08a0953	fle.s	x18,f20,f8	 f20:0x00000000  f8:0x42fffd8a x18=0x00000001
     233605.000 ns	     23359	80005150	8d25b013	sltiu	x0,x11,-1838	 x11:0x00000000
     233615.000 ns	     23360	80005154	012c4333	xor	x6,x24,x18	 x24:0x001ff000 x18:0x00000001  x6=0x001ff001
     233655.000 ns	     23364	80005158	01ee4c53	fadd.s	f24,f28,f30	 f28:0x00000000 f30:0x00000000 f24=0x00000000
     233685.000 ns	     23367	8000515c	02cd06b3	mul	x13,x26,x12	 x26:0x00000001 x12:0x00000374 x13=0x00000374
     233715.000 ns	     23370	80005160	025fb6b3	mulhu	x13,x31,x5	 x31:0xfafeddbe  x5:0x00000000 x13=0x00000000
     233735.000 ns	     23372	80005164	011f6d33	or	x26,x30,x17	 x30:0x00000000 x17:0x80041024 x26=0x80041024
     233745.000 ns	     23373	80005168	0165d313	srli	x6,x11,0x16	 x11:0x00000000  x6=0x00000000
     233765.000 ns	     23375	8000516c	a00c0b53	fle.s	x22,f24,f0	 f24:0x00000000  f0:0x80000000 x22=0x00000001
     233805.000 ns	     23379	80005170	580a7053	fsqrt.s	f0,f20	 f20:0x00000000  f0=0x00000000
     233845.000 ns	     23383	80005174	18b9cc53	fdiv.s	f24,f19,f11	 f19:0x00000000 f11:0x00000000 f24=0x7fc00000
     233885.000 ns	     23387	80005178	580c7d53	fsqrt.s	f26,f24	 f24:0x00000000 f26=0x7fc00000
     233905.000 ns	     23389	8000517c	01e99793	slli	x15,x19,0x1e	 x19:0x7d836a00 x15=0x00000000
     233925.000 ns	     23391	80005180	02f9e2b3	rem	x5,x19,x15	 x19:0x7d836a00 x15:0x03cda0dc  x5=0x7d836a00
     233955.000 ns	     23394	80005184	0227fdb3	remu	x27,x15,x2	 x15:0x03cda0dc  x2:0x00000000 x27=0x00000000
     233975.000 ns	     23396	80005188	01829013	slli	x0,x5,0x18	  x5:0x7d836a00
     233995.000 ns	     23398	8000518c	e0010c53	fmv.x.w	x24,f2	  f2:0x80000000 x24=0x80000000
     234045.000 ns	     23403	80005190	08d113d3	fsub.s	f7,f2,f13	  f2:0x80000000 f13:0x80000000  f7=0x00000000
     234065.000 ns	     23405	80005194	000152b3	srl	x5,x2,x0	  x2:0x00000000  x0:0x00000000  x5=0x00000000
     234075.000 ns	     23406	80005198	40fd5993	srai	x19,x26,0xf	 x26:0x80041024 x19=0xffff0008
     234095.000 ns	     23408	8000519c	f0098e53	fmv.w.x	f28,x19	 x19:0x7d836a00 f28=0xffff0008
     234125.000 ns	     23411	800051a0	02d2c033	div	x0,x5,x13	  x5:0x00000000 x13:0x00000000
     234155.000 ns	     23414	800051a4	027d3533	mulhu	x10,x26,x7	 x26:0x80041024  x7:0x0000007f x10=0x0000003f
     234185.000 ns	     23417	800051a8	024001b3	mul	x3,x0,x4	  x0:0x00000000  x4:0x00000001  x3=0x00000000
     234215.000 ns	     23420	800051ac	036136b3	mulhu	x13,x2,x22	  x2:0x00000000 x22:0x00000001 x13=0x00000000
     234235.000 ns	     23422	800051b0	a5194597	auipc	x11,0xa5194	 x11=0x251991b0
     234255.000 ns	     23424	800051b4	020c6733	rem	x14,x24,x0	 x24:0x80000000  x0:0x00000000 x14=0x80000000
     234295.000 ns	     23428	800051b8	11a677d3	fmul.s	f15,f12,f26	 f12:0x41816671 f26:0x7fc00000 f15=0x7fc00000
     234325.000 ns	     23431	800051bc	d0110a53	fcvt.s.wu	f20,x2	  x2:0x00000000 f20=0x00000000
     234345.000 ns	     23433	800051c0	4107da93	srai	x21,x15,0x10	 x15:0x00000000 x21=0x00000000
     234385.000 ns	     23437	800051c4	017cf5d3	fadd.s	f11,f25,f23	 f25:0x00000000 f23:0x80041024 f11=0x80041024
     234405.000 ns	     23439	800051c8	0190ac33	slt	x24,x1,x25	  x1:0x7f9a738c x25:0x00000000 x24=0x00000000
     234415.000 ns	     23440	800051cc	0169e9b3	or	x19,x19,x22	 x19:0xffff0008 x22:0x00000001 x19=0xffff0009
     234435.000 ns	     23442	800051d0	e00c1553	fclass.s	x10,f24	 f24:0x7fc00000 x10=0x00000200
     234465.000 ns	     23445	800051d4	294e15d3	fmax.s	f11,f28,f20	 f28:0xffff0008 f20:0x00000000 f11=0x00000000
     234495.000 ns	     23448	800051d8	a1ff0d53	fle.s	x26,f30,f31	 f30:0x00000000 f31:0x80000000 x26=0x00000001
     234515.000 ns	     23450	800051dc	5fd43737	lui	x14,0x5fd43	 x14=0x5fd43000
     234525.000 ns	     23451	800051e0	0120d333	srl	x6,x1,x18	  x1:0x7f9a738c x18:0x00000001  x6=0x3fcd39c6
     234535.000 ns	     23452	800051e4	48dccc37	lui	x24,0x48dcc	 x24=0x48dcc000
     234575.000 ns	     23456	800051e8	09eb97d3	fsub.s	f15,f23,f30	 f23:0x80041024 f30:0x00000000 f15=0x80041024
     234605.000 ns	     23459	800051ec	a0e214d3	flt.s	x9,f4,f14	  f4:0x4efb06d4 f14:0x80000000  x9=0x00000000
     234635.000 ns	     23462	800051f0	f0018ad3	fmv.w.x	f21,x3	  x3:0x00000000 f21=0x00000000
     234665.000 ns	     23465	800051f4	02904db3	div	x27,x0,x9	  x0:0x00000000  x9:0x00000000 x27=0xffffffff
     234695.000 ns	     23468	800051f8	e00a9953	fclass.s	x18,f21	 f21:0x00000000 x18=0x00000010
     234735.000 ns	     23472	800051fc	580874d3	fsqrt.s	f9,f16	 f16:0x80000000  f9=0x80000000
     235105.000 ns	     23509	80005200	031ce5b3	rem	x11,x25,x17	 x25:0x00000000 x17:0x80041024 x11=0x00000000
     236285.000 ns	     23627	80005204	580671d3	fsqrt.s	f3,f12	 f12:0x41816671  f3=0x4080b292
     236325.000 ns	     23631	80005208	18257553	fdiv.s	f10,f10,f2	 f10:0x7f800000  f2:0x80000000 f10=0xff800000
     236695.000 ns	     23668	8000520c	0271e133	rem	x2,x3,x7	  x3:0x00000000  x7:0x0000007f  x2=0x00000000
     236715.000 ns	     23670	80005210	004a3433	sltu	x8,x20,x4	 x20:0x00000000  x4:0x00000001  x8=0x00000001
     236725.000 ns	     23671	80005214	8d5af537	lui	x10,0x8d5af	 x10=0x8d5af000
     236745.000 ns	     23673	80005218	29730ad3	fmin.s	f21,f6,f23	  f6:0x80000000 f23:0x80041024 f21=0x80041024
     236765.000 ns	     23675	8000521c	407cd133	sra	x2,x25,x7	 x25:0x00000000  x7:0x0000007f  x2=0x00000000
     236775.000 ns	     23676	80005220	00fa9093	slli	x1,x21,0xf	 x21:0x00000000  x1=0x00000000
     236785.000 ns	     23677	80005224	01035293	srli	x5,x6,0x10	  x6:0x3fcd39c6  x5=0x00003fcd
     236805.000 ns	     23679	80005228	02a390b3	mulh	x1,x7,x10	  x7:0x0000007f x10:0x8d5af000  x1=0xffffffc7
     236835.000 ns	     23682	8000522c	020ad2b3	divu	x5,x21,x0	 x21:0x00000000  x0:0x00000000  x5=0xffffffff
     236855.000 ns	     23684	80005230	00444bb3	xor	x23,x8,x4	  x8:0x00000001  x4:0x00000001 x23=0x00000000
     236865.000 ns	     23685	80005234	013caab3	slt	x21,x25,x19	 x25:0x00000000 x19:0xffff0009 x21=0x00000000
     236885.000 ns	     23687	80005238	c01580d3	fcvt.wu.s	x1,f11	 f11:0x00000000  x1=0x00000000
     236925.000 ns	     23691	8000523c	580bf0d3	fsqrt.s	f1,f23	 f23:0x80041024  f1=0x7fc00000
     236955.000 ns	     23694	80005240	286b0e53	fmin.s	f28,f22,f6	 f22:0x3f800000  f6:0x80000000 f28=0x80000000
     236985.000 ns	     23697	80005244	02d12a33	mulhsu	x20,x2,x13	  x2:0x00000000 x13:0x00000000 x20=0x00000000
     237015.000 ns	     23700	80005248	e00801d3	fmv.x.w	x3,f16	 f16:0x80000000  x3=0x80000000
     237035.000 ns	     23702	8000524c	41ccda93	srai	x21,x25,0x1c	 x25:0x00000000 x21=0x00000000
     237055.000 ns	     23704	80005250	03cbf533	remu	x10,x23,x28	 x23:0x00000000 x28:0x00000000 x10=0x00000000
     237075.000 ns	     23706	80005254	41d55293	srai	x5,x10,0x1d	 x10:0x8d5af000  x5=0x00000000
     237085.000 ns	     23707	80005258	01ad90b3	sll	x1,x27,x26	 x27:0xffffffff x26:0x00000001  x1=0xfffffffe
     237115.000 ns	     23710	8000525c	58058ed3	fsqrt.s	f29,f11	 f11:0x00000000 f29=0x00000000
     237485.000 ns	     23747	80005260	033dc733	div	x14,x27,x19	 x27:0xffffffff x19:0xffff0009 x14=0x00000000
     237515.000 ns	     23750	80005264	d004c1d3	fcvt.s.w	f3,x9	  x9:0x00000000  f3=0x00000000
     237545.000 ns	     23753	80005268	02a3ebb3	rem	x23,x7,x10	  x7:0x0000007f x10:0x00000000 x23=0x0000007f
     237595.000 ns	     23758	8000526c	08e3f153	fsub.s	f2,f7,f14	  f7:0x00000000 f14:0x80000000  f2=0x00000000
     237615.000 ns	     23760	80005270	41ff0a33	sub	x20,x30,x31	 x30:0x00000000 x31:0xfafeddbe x20=0x05012242
     237645.000 ns	     23763	80005274	183a7dd3	fdiv.s	f27,f20,f3	 f20:0x00000000  f3:0x00000000 f27=0x7fc00000
     237675.000 ns	     23766	80005278	a08590d3	flt.s	x1,f11,f8	 f11:0x00000000  f8:0x42fffd8a  x1=0x00000001
     237705.000 ns	     23769	8000527c	03c5b7b3	mulhu	x15,x11,x28	 x11:0x00000000 x28:0x00000000 x15=0x00000000
     237735.000 ns	     23772	80005280	038f1933	mulh	x18,x30,x24	 x30:0x00000000 x24:0x48dcc000 x18=0x00000000
     237765.000 ns	     23775	80005284	29340ed3	fmin.s	f29,f8,f19	  f8:0x42fffd8a f19:0x00000000 f29=0x00000000
     237785.000 ns	     23777	80005288	68eced13	ori	x26,x25,1678	 x25:0x00000000 x26=0x0000068e
     238145.000 ns	     23813	8000528c	034dc833	div	x16,x27,x20	 x27:0xffffffff x20:0x05012242 x16=0x00000000
     238175.000 ns	     23816	80005290	d01546d3	fcvt.s.wu	f13,x10	 x10:0x00000000 f13=0x00000000
     238195.000 ns	     23818	80005294	1833c113	xori	x2,x7,387	  x7:0x0000007f  x2=0x000001fc
     238205.000 ns	     23819	80005298	29e8fa97	auipc	x21,0x29e8f	 x21=0xa9e94298
     238225.000 ns	     23821	8000529c	21360ed3	fsgnj.s	f29,f12,f19	 f12:0x41816671 f19:0x00000000 f29=0x41816671
     238245.000 ns	     23823	800052a0	413154b3	sra	x9,x2,x19	  x2:0x000001fc x19:0xffff0009  x9=0x00000000
     238265.000 ns	     23825	800052a4	02e1c033	div	x0,x3,x14	  x3:0x80000000 x14:0x00000000
     238285.000 ns	     23827	800052a8	3fef3d93	sltiu	x27,x30,1022	 x30:0x00000000 x27=0x00000001
     238305.000 ns	     23829	800052ac	e00c9a53	fclass.s	x20,f25	 f25:0x00000000 x20=0x00000010
     238325.000 ns	     23831	800052b0	003c43b3	xor	x7,x24,x3	 x24:0x48dcc000  x3:0x80000000  x7=0xc8dcc000
     238345.000 ns	     23833	800052b4	034a2b33	mulhsu	x22,x20,x20	 x20:0x00000010 x20:0x00000010 x22=0x00000000
     238375.000 ns	     23836	800052b8	02ecfbb3	remu	x23,x25,x14	 x25:0x00000000 x14:0x00000000 x23=0x00000000
     238405.000 ns	     23839	800052bc	283a8c53	fmin.s	f24,f21,f3	 f21:0x80041024  f3:0x00000000 f24=0x80041024
     238425.000 ns	     23841	800052c0	412cd993	srai	x19,x25,0x12	 x25:0x00000000 x19=0x00000000
     238435.000 ns	     23842	800052c4	ec27a713	slti	x14,x15,-318	 x15:0x00000000 x14=0x00000000
     238455.000 ns	     23844	800052c8	c0097453	fcvt.w.s	x8,f18	 f18:0x80000000  x8=0x00000000
     238475.000 ns	     23846	800052cc	51887a93	andi	x21,x16,1304	 x16:0x00000000 x21=0x00000000
     238485.000 ns	     23847	800052d0	402251b3	sra	x3,x4,x2	  x4:0x00000001  x2:0x000001fc  x3=0x00000000
     238495.000 ns	     23848	800052d4	016f8993	addi	x19,x31,22	 x31:0xfafeddbe x19=0xfafeddd4
     238515.000 ns	     23850	800052d8	02472433	mulhsu	x8,x14,x4	 x14:0x00000000  x4:0x00000001  x8=0x00000000
     238565.000 ns	     23855	800052dc	01a17f53	fadd.s	f30,f2,f26	  f2:0x00000000 f26:0x7fc00000 f30=0x7fc00000
     238585.000 ns	     23857	800052e0	41bcd633	sra	x12,x25,x27	 x25:0x00000000 x27:0x00000001 x12=0x00000000
     238615.000 ns	     23860	800052e4	5808f1d3	fsqrt.s	f3,f17	 f17:0xc3ff8000  f3=0x7fc00000
     238645.000 ns	     23863	800052e8	f0078353	fmv.w.x	f6,x15	 x15:0x00000000  f6=0x00000000
     238675.000 ns	     23866	800052ec	28071ed3	fmax.s	f29,f14,f0	 f14:0x80000000  f0:0x00000000 f29=0x00000000
     238705.000 ns	     23869	800052f0	d0177253	fcvt.s.wu	f4,x14	 x14:0x00000000  f4=0x00000000
     238735.000 ns	     23872	800052f4	21a41f53	fsgnjn.s	f30,f8,f26	  f8:0x42fffd8a f26:0x7fc00000 f30=0xc2fffd8a
     238755.000 ns	     23874	800052f8	d4e53a13	sltiu	x20,x10,-690	 x10:0x00000000 x20=0x00000001
     238765.000 ns	     23875	800052fc	00dfd493	srli	x9,x31,0xd	 x31:0xfafeddbe  x9=0x0007d7f6
     238785.000 ns	     23877	80005300	02cbf6b3	remu	x13,x23,x12	 x23:0x00000000 x12:0x00000000 x13=0x00000000
     238805.000 ns	     23879	80005304	e1d5b997	auipc	x19,0xe1d5b	 x19=0x61d60304
     238815.000 ns	     23880	80005308	00000013	addi	x0,x0,0	  x0:0x00000000
     238835.000 ns	     23882	8000530c	03e886b3	mul	x13,x17,x30	 x17:0x80041024 x30:0x00000000 x13=0x00000000
     238855.000 ns	     23884	80005310	00fbab33	slt	x22,x23,x15	 x23:0x00000000 x15:0x00000000 x22=0x00000000
     238875.000 ns	     23886	80005314	a1c7a853	feq.s	x16,f15,f28	 f15:0x80041024 f28:0x80000000 x16=0x00000000
     238905.000 ns	     23889	80005318	d00a99d3	fcvt.s.w	f19,x21	 x21:0x00000000 f19=0x00000000
     238925.000 ns	     23891	8000531c	40505c93	srai	x25,x0,0x5	  x0:0x00000000 x25=0x00000000
     238935.000 ns	     23892	80005320	412fd633	sra	x12,x31,x18	 x31:0xfafeddbe x18:0x00000000 x12=0xfafeddbe
     239295.000 ns	     23928	80005324	02204933	div	x18,x0,x2	  x0:0x00000000  x2:0x000001fc x18=0x00000000
     239325.000 ns	     23931	80005328	f0078c53	fmv.w.x	f24,x15	 x15:0x00000000 f24=0x00000000
     239355.000 ns	     23934	8000532c	e00c85d3	fmv.x.w	x11,f25	 f25:0x00000000 x11=0x00000000
     239385.000 ns	     23937	80005330	c00215d3	fcvt.w.s	x11,f4	  f4:0x00000000 x11=0x00000000
     239405.000 ns	     23939	80005334	b7bdc137	lui	x2,0xb7bdc	  x2=0xb7bdc000
     239415.000 ns	     23940	80005338	01bde1b3	or	x3,x27,x27	 x27:0x00000001 x27:0x00000001  x3=0x00000001
     239425.000 ns	     23941	8000533c	00b14233	xor	x4,x2,x11	  x2:0x000001fc x11:0x00000000  x4=0xb7bdc000
     239435.000 ns	     23942	80005340	d7c8e593	ori	x11,x17,-644	 x17:0x80041024 x11=0xfffffd7c
     239475.000 ns	     23946	80005344	00e845d3	fadd.s	f11,f16,f14	 f16:0x80000000 f14:0x80000000 f11=0x80000000
     239505.000 ns	     23949	80005348	215fa8d3	fsgnjx.s	f17,f31,f21	 f31:0x80000000 f21:0x80041024 f17=0x00000000
     239525.000 ns	     23951	8000534c	ed8a8a93	addi	x21,x21,-296	 x21:0x00000000 x21=0xfffffed8
     239545.000 ns	     23953	80005350	c018c953	fcvt.wu.s	x18,f17	 f17:0x00000000 x18=0x00000000
     239565.000 ns	     23955	80005354	e0b23c93	sltiu	x25,x4,-501	  x4:0xb7bdc000 x25=0x00000001
     239575.000 ns	     23956	80005358	58a5b813	sltiu	x16,x11,1418	 x11:0xfffffd7c x16=0x00000000
     239585.000 ns	     23957	8000535c	01d617b3	sll	x15,x12,x29	 x12:0xfafeddbe x29:0x80040fe4 x15=0xafeddbe0
     239595.000 ns	     23958	80005360	40895c93	srai	x25,x18,0x8	 x18:0x00000000 x25=0x00000000
     239605.000 ns	     23959	80005364	4064d5b3	sra	x11,x9,x6	  x9:0x0007d7f6  x6:0x3fcd39c6 x11=0x00001f5f
     239615.000 ns	     23960	80005368	7f5b3613	sltiu	x12,x22,2037	 x22:0x00000000 x12=0x00000001
     239625.000 ns	     23961	8000536c	40eedc93	srai	x25,x29,0xe	 x29:0x80040fe4 x25=0xfffe0010
     239985.000 ns	     23997	80005370	023ff333	remu	x6,x31,x3	 x31:0xfafeddbe  x3:0x00000001  x6=0x00000000
     240355.000 ns	     24034	80005374	022d6db3	rem	x27,x26,x2	 x26:0x0000068e  x2:0xb7bdc000 x27=0x0000068e
     240375.000 ns	     24036	80005378	01d47a33	and	x20,x8,x29	  x8:0x00000000 x29:0x80040fe4 x20=0x00000000
     240385.000 ns	     24037	8000537c	006ed0b3	srl	x1,x29,x6	 x29:0x80040fe4  x6:0x00000000  x1=0x80040fe4
     240405.000 ns	     24039	80005380	f00f8fd3	fmv.w.x	f31,x31	 x31:0xfafeddbe f31=0xfafeddbe
     240425.000 ns	     24041	80005384	0163c2b3	xor	x5,x7,x22	  x7:0xc8dcc000 x22:0x00000000  x5=0xc8dcc000
     240435.000 ns	     24042	80005388	0166d933	srl	x18,x13,x22	 x13:0x00000000 x22:0x00000000 x18=0x00000000
     240455.000 ns	     24044	8000538c	a06b24d3	feq.s	x9,f22,f6	 f22:0x3f800000  f6:0x00000000  x9=0x00000000
     240485.000 ns	     24047	80005390	c0037bd3	fcvt.w.s	x23,f6	  f6:0x00000000 x23=0x00000000
     240855.000 ns	     24084	80005394	02b0ee33	rem	x28,x1,x11	  x1:0x80040fe4 x11:0x00001f5f x28=0xfffffbbe
     240875.000 ns	     24086	80005398	d21c0193	addi	x3,x24,-735	 x24:0x48dcc000  x3=0x48dcbd21
     241235.000 ns	     24122	8000539c	03a24f33	div	x30,x4,x26	  x4:0xb7bdc000 x26:0x0000068e x30=0xfff4f9dc
     241255.000 ns	     24124	800053a0	4e610413	addi	x8,x2,1254	  x2:0xb7bdc000  x8=0xb7bdc4e6
     241275.000 ns	     24126	800053a4	210505d3	fsgnj.s	f11,f10,f16	 f10:0xff800000 f16:0x80000000 f11=0xff800000
     241305.000 ns	     24129	800053a8	a10c8ad3	fle.s	x21,f25,f16	 f25:0x00000000 f16:0x80000000 x21=0x00000001
     241325.000 ns	     24131	800053ac	013510b3	sll	x1,x10,x19	 x10:0x00000000 x19:0x61d60304  x1=0x00000000
     241335.000 ns	     24132	800053b0	018c5133	srl	x2,x24,x24	 x24:0x48dcc000 x24:0x48dcc000  x2=0x48dcc000
     241345.000 ns	     24133	800053b4	1a9ffc93	andi	x25,x31,425	 x31:0xfafeddbe x25=0x000001a8
     241365.000 ns	     24135	800053b8	21589553	fsgnjn.s	f10,f17,f21	 f17:0x00000000 f21:0x80041024 f10=0x00000000
     241385.000 ns	     24137	800053bc	00991e33	sll	x28,x18,x9	 x18:0x00000000  x9:0x00000000 x28=0x00000000
     241405.000 ns	     24139	800053c0	030ebb33	mulhu	x22,x29,x16	 x29:0x80040fe4 x16:0x00000000 x22=0x00000000
     241775.000 ns	     24176	800053c4	0351d3b3	divu	x7,x3,x21	  x3:0x48dcbd21 x21:0x00000001  x7=0x48dcbd21
     241805.000 ns	     24179	800053c8	21580553	fsgnj.s	f10,f16,f21	 f16:0x80000000 f21:0x80041024 f10=0x80000000
     242175.000 ns	     24216	800053cc	0392fc33	remu	x24,x5,x25	  x5:0xc8dcc000 x25:0x000001a8 x24=0x000000f8
     242195.000 ns	     24218	800053d0	7b79bc93	sltiu	x25,x19,1975	 x19:0x61d60304 x25=0x00000000
     242215.000 ns	     24220	800053d4	20670ed3	fsgnj.s	f29,f14,f6	 f14:0x80000000  f6:0x00000000 f29=0x00000000
     242235.000 ns	     24222	800053d8	45eadc97	auipc	x25,0x45ead	 x25=0xc5eb23d8
     242255.000 ns	     24224	800053dc	286e8b53	fmin.s	f22,f29,f6	 f29:0x00000000  f6:0x00000000 f22=0x00000000
     242295.000 ns	     24228	800053e0	19ea4b53	fdiv.s	f22,f20,f30	 f20:0x00000000 f30:0xc2fffd8a f22=0x80000000
     242315.000 ns	     24230	800053e4	015254b3	srl	x9,x4,x21	  x4:0xb7bdc000 x21:0x00000001  x9=0x5bdee000
     242335.000 ns	     24232	800053e8	a1152bd3	feq.s	x23,f10,f17	 f10:0x80000000 f17:0x00000000 x23=0x00000001
     242355.000 ns	     24234	800053ec	00e52433	slt	x8,x10,x14	 x10:0x00000000 x14:0x00000000  x8=0x00000000
     242365.000 ns	     24235	800053f0	41fa8bb3	sub	x23,x21,x31	 x21:0x00000001 x31:0xfafeddbe x23=0x05012243
     242385.000 ns	     24237	800053f4	289a8553	fmin.s	f10,f21,f9	 f21:0x80041024  f9:0x80000000 f10=0x80041024
     242415.000 ns	     24240	800053f8	21a79f53	fsgnjn.s	f30,f15,f26	 f15:0x80041024 f26:0x7fc00000 f30=0x80041024
     242445.000 ns	     24243	800053fc	a16ba553	feq.s	x10,f23,f22	 f23:0x80041024 f22:0x80000000 x10=0x00000000
     242475.000 ns	     24246	80005400	023c22b3	mulhsu	x5,x24,x3	 x24:0x000000f8  x3:0x48dcbd21  x5=0x00000046
     242815.000 ns	     24280	80005404	1952f9d3	fdiv.s	f19,f5,f21	  f5:0x42fffcc2 f21:0x80041024 f19=0xff800000
     242835.000 ns	     24282	80005408	00ae83b3	add	x7,x29,x10	 x29:0x80040fe4 x10:0x00000000  x7=0x80040fe4
     242845.000 ns	     24283	8000540c	4093db13	srai	x22,x7,0x9	  x7:0x48dcbd21 x22=0xffc00207
     242855.000 ns	     24284	80005410	00c4af33	slt	x30,x9,x12	  x9:0x5bdee000 x12:0x00000001 x30=0x00000000
     242875.000 ns	     24286	80005414	202f1553	fsgnjn.s	f10,f30,f2	 f30:0x80041024  f2:0x00000000 f10=0x80041024
     242895.000 ns	     24288	80005418	01de3cb3	sltu	x25,x28,x29	 x28:0x00000000 x29:0x80040fe4 x25=0x00000001
     242905.000 ns	     24289	8000541c	019be533	or	x10,x23,x25	 x23:0x05012243 x25:0xc5eb23d8 x10=0x05012243
     242915.000 ns	     24290	80005420	87a240b7	lui	x1,0x87a24	  x1=0x87a24000
     242935.000 ns	     24292	80005424	285f8353	fmin.s	f6,f31,f5	 f31:0xfafeddbe  f5:0x42fffcc2  f6=0xfafeddbe
     242955.000 ns	     24294	80005428	6c209497	auipc	x9,0x6c209	  x9=0xec20e428
     242975.000 ns	     24296	8000542c	03533b33	mulhu	x22,x6,x21	  x6:0x00000000 x21:0x00000001 x22=0x00000000
     243005.000 ns	     24299	80005430	a0342653	feq.s	x12,f8,f3	  f8:0x42fffd8a  f3:0x7fc00000 x12=0x00000000
     243025.000 ns	     24301	80005434	01f8d0b3	srl	x1,x17,x31	 x17:0x80041024 x31:0xfafeddbe  x1=0x00000002
     243035.000 ns	     24302	80005438	01d2bb33	sltu	x22,x5,x29	  x5:0x00000046 x29:0x80040fe4 x22=0x00000001
     243055.000 ns	     24304	8000543c	29b40e53	fmin.s	f28,f8,f27	  f8:0x42fffd8a f27:0x7fc00000 f28=0x42fffd8a
     243075.000 ns	     24306	80005440	00d19433	sll	x8,x3,x13	  x3:0x48dcbd21 x13:0x00000000  x8=0x48dcbd21
     243095.000 ns	     24308	80005444	0344ed33	rem	x26,x9,x20	  x9:0xec20e428 x20:0x00000000 x26=0xec20e428
     243115.000 ns	     24310	80005448	01b31713	slli	x14,x6,0x1b	  x6:0x00000000 x14=0x00000000
     243135.000 ns	     24312	8000544c	21a19753	fsgnjn.s	f14,f3,f26	  f3:0x7fc00000 f26:0x7fc00000 f14=0xffc00000
     243165.000 ns	     24315	80005450	02e935b3	mulhu	x11,x18,x14	 x18:0x00000000 x14:0x00000000 x11=0x00000000
     244345.000 ns	     24433	80005454	580e7ad3	fsqrt.s	f21,f28	 f28:0x42fffd8a f21=0x413503cc
     244365.000 ns	     24435	80005458	d5f77d17	auipc	x26,0xd5f77	 x26=0x55f7c458
     244375.000 ns	     24436	8000545c	00f09733	sll	x14,x1,x15	  x1:0x00000002 x15:0xafeddbe0 x14=0x00000002
     244405.000 ns	     24439	80005460	18bb7553	fdiv.s	f10,f22,f11	 f22:0x80000000 f11:0xff800000 f10=0x00000000
     244435.000 ns	     24442	80005464	c0037153	fcvt.w.s	x2,f6	  f6:0xfafeddbe  x2=0x80000000
     244465.000 ns	     24445	80005468	21699b53	fsgnjn.s	f22,f19,f22	 f19:0xff800000 f22:0x80000000 f22=0x7f800000
     244495.000 ns	     24448	8000546c	20ba0553	fsgnj.s	f10,f20,f11	 f20:0x00000000 f11:0xff800000 f10=0x80000000
     244525.000 ns	     24451	80005470	2179a3d3	fsgnjx.s	f7,f19,f23	 f19:0xff800000 f23:0x80041024  f7=0x7f800000
     244565.000 ns	     24455	80005474	5801fa53	fsqrt.s	f20,f3	  f3:0x7fc00000 f20=0x7fc00000
     244585.000 ns	     24457	80005478	371c3513	sltiu	x10,x24,881	 x24:0x000000f8 x10=0x00000001
     244605.000 ns	     24459	8000547c	20fc1a53	fsgnjn.s	f20,f24,f15	 f24:0x00000000 f15:0x80041024 f20=0x00000000
     244635.000 ns	     24462	80005480	21d1a853	fsgnjx.s	f16,f3,f29	  f3:0x7fc00000 f29:0x00000000 f16=0x7fc00000
     245005.000 ns	     24499	80005484	0392ea33	rem	x20,x5,x25	  x5:0x00000046 x25:0x00000001 x20=0x00000000
     245025.000 ns	     24501	80005488	00000013	addi	x0,x0,0	  x0:0x00000000
     245045.000 ns	     24503	8000548c	e0048bd3	fmv.x.w	x23,f9	  f9:0x80000000 x23=0x80000000
     245415.000 ns	     24540	80005490	036bf933	remu	x18,x23,x22	 x23:0x05012243 x22:0x00000001 x18=0x00000000
     245445.000 ns	     24543	80005494	21400dd3	fsgnj.s	f27,f0,f20	  f0:0x00000000 f20:0x00000000 f27=0x00000000
     245465.000 ns	     24545	80005498	00e51213	slli	x4,x10,0xe	 x10:0x00000001  x4=0x00004000
     245485.000 ns	     24547	8000549c	a17b0a53	fle.s	x20,f22,f23	 f22:0x7f800000 f23:0x80041024 x20=0x00000000
     245525.000 ns	     24551	800054a0	108dbad3	fmul.s	f21,f27,f8	 f27:0x00000000  f8:0x42fffd8a f21=0x00000000
     245555.000 ns	     24554	800054a4	a1658453	fle.s	x8,f11,f22	 f11:0xff800000 f22:0x7f800000  x8=0x00000001
     245585.000 ns	     24557	800054a8	c0127653	fcvt.wu.s	x12,f4	  f4:0x00000000 x12=0x00000000
     245615.000 ns	     24560	800054ac	21aba553	fsgnjx.s	f10,f23,f26	 f23:0x80041024 f26:0x7fc00000 f10=0x80041024
     245635.000 ns	     24562	800054b0	01c97d33	and	x26,x18,x28	 x18:0x00000000 x28:0x00000000 x26=0x00000000
     245655.000 ns	     24564	800054b4	027612b3	mulh	x5,x12,x7	 x12:0x00000000  x7:0x80040fe4  x5=0x00000000
     245995.000 ns	     24598	800054b8	186400d3	fdiv.s	f1,f8,f6	  f8:0x42fffd8a  f6:0xfafeddbe  f1=0x877ffd8a
     246015.000 ns	     24600	800054bc	3b491217	auipc	x4,0x3b491	  x4=0xbb4964bc
     246025.000 ns	     24601	800054c0	af47e513	ori	x10,x15,-1292	 x15:0xafeddbe0 x10=0xfffffbf4
     246035.000 ns	     24602	800054c4	00997233	and	x4,x18,x9	 x18:0x00000000  x9:0xec20e428  x4=0x00000000
     246055.000 ns	     24604	800054c8	29fc85d3	fmin.s	f11,f25,f31	 f25:0x00000000 f31:0xfafeddbe f11=0xfafeddbe
     246075.000 ns	     24606	800054cc	01fa80b3	add	x1,x21,x31	 x21:0x00000001 x31:0xfafeddbe  x1=0xfafeddbf
     246095.000 ns	     24608	800054d0	03f9bdb3	mulhu	x27,x19,x31	 x19:0x61d60304 x31:0xfafeddbe x27=0x5fec6607
     246115.000 ns	     24610	800054d4	00000013	addi	x0,x0,0	  x0:0x00000000
     246135.000 ns	     24612	800054d8	039a0e33	mul	x28,x20,x25	 x20:0x00000000 x25:0x00000001 x28=0x00000000
     246165.000 ns	     24615	800054dc	290f95d3	fmax.s	f11,f31,f16	 f31:0xfafeddbe f16:0x7fc00000 f11=0xfafeddbe
     246185.000 ns	     24617	800054e0	4123d033	sra	x0,x7,x18	  x7:0x80040fe4 x18:0x00000000
     246545.000 ns	     24653	800054e4	02abd3b3	divu	x7,x23,x10	 x23:0x80000000 x10:0xfffffbf4  x7=0x00000000
     246575.000 ns	     24656	800054e8	28c28ad3	fmin.s	f21,f5,f12	  f5:0x42fffcc2 f12:0x41816671 f21=0x41816671
     246595.000 ns	     24658	800054ec	409ed633	sra	x12,x29,x9	 x29:0x80040fe4  x9:0xec20e428 x12=0xff80040f
     246625.000 ns	     24661	800054f0	112b7053	fmul.s	f0,f22,f18	 f22:0x7f800000 f18:0x80000000  f0=0x7fc00000
     246655.000 ns	     24664	800054f4	286182d3	fmin.s	f5,f3,f6	  f3:0x7fc00000  f6:0xfafeddbe  f5=0xfafeddbe
     246675.000 ns	     24666	800054f8	40245e13	srai	x28,x8,0x2	  x8:0x00000001 x28=0x00000000
     246685.000 ns	     24667	800054fc	01387333	and	x6,x16,x19	 x16:0x00000000 x19:0x61d60304  x6=0x00000000
     246725.000 ns	     24671	80005500	08ae8853	fsub.s	f16,f29,f10	 f29:0x00000000 f10:0x80041024 f16=0x00041024
     246745.000 ns	     24673	80005504	876b7f17	auipc	x30,0x876b7	 x30=0x076bc504
     246755.000 ns	     24674	80005508	b7b0b193	sltiu	x3,x1,-1157	  x1:0xfafeddbf  x3=0x00000001
     246785.000 ns	     24677	8000550c	58050a53	fsqrt.s	f20,f10	 f10:0x80041024 f20=0x7fc00000
     246815.000 ns	     24680	80005510	c01ef2d3	fcvt.wu.s	x5,f29	 f29:0x00000000  x5=0x00000000
     246845.000 ns	     24683	80005514	03c796b3	mulh	x13,x15,x28	 x15:0xafeddbe0 x28:0x00000000 x13=0x00000000
     246875.000 ns	     24686	80005518	02683133	mulhu	x2,x16,x6	 x16:0x00000000  x6:0x00000000  x2=0x00000000
     246905.000 ns	     24689	8000551c	c0024a53	fcvt.w.s	x20,f4	  f4:0x00000000 x20=0x00000000
     246935.000 ns	     24692	80005520	28389ed3	fmax.s	f29,f17,f3	 f17:0x00000000  f3:0x7fc00000 f29=0x00000000
     246955.000 ns	     24694	80005524	0086b233	sltu	x4,x13,x8	 x13:0x00000000  x8:0x00000001  x4=0x00000001
     246975.000 ns	     24696	80005528	02bd2cb3	mulhsu	x25,x26,x11	 x26:0x00000000 x11:0x00000000 x25=0x00000000
     246995.000 ns	     24698	8000552c	00295533	srl	x10,x18,x2	 x18:0x00000000  x2:0x00000000 x10=0x00000000
     247025.000 ns	     24701	80005530	191dbad3	fdiv.s	f21,f27,f17	 f27:0x00000000 f17:0x00000000 f21=0x7fc00000
     247055.000 ns	     24704	80005534	020c37b3	mulhu	x15,x24,x0	 x24:0x000000f8  x0:0x00000000 x15=0x00000000
     247075.000 ns	     24706	80005538	007cd633	srl	x12,x25,x7	 x25:0x00000000  x7:0x00000000 x12=0x00000000
     247095.000 ns	     24708	8000553c	20b68a53	fsgnj.s	f20,f13,f11	 f13:0x00000000 f11:0xfafeddbe f20=0x80000000
     247125.000 ns	     24711	80005540	a0dba953	feq.s	x18,f23,f13	 f23:0x80041024 f13:0x00000000 x18=0x00000000
     247145.000 ns	     24713	80005544	37830693	addi	x13,x6,888	  x6:0x00000000 x13=0x00000378
     247155.000 ns	     24714	80005548	00ea44b3	xor	x9,x20,x14	 x20:0x00000000 x14:0x00000002  x9=0x00000002
     247165.000 ns	     24715	8000554c	0022e633	or	x12,x5,x2	  x5:0x00000000  x2:0x00000000 x12=0x00000000
     247175.000 ns	     24716	80005550	012e1633	sll	x12,x28,x18	 x28:0x00000000 x18:0x00000000 x12=0x00000000
     247185.000 ns	     24717	80005554	01043933	sltu	x18,x8,x16	  x8:0x00000001 x16:0x00000000 x18=0x00000000
     247225.000 ns	     24721	80005558	09419053	fsub.s	f0,f3,f20	  f3:0x7fc00000 f20:0x80000000  f0=0x7fc00000
     247275.000 ns	     24726	8000555c	09e8f6d3	fsub.s	f13,f17,f30	 f17:0x00000000 f30:0x80041024 f13=0x00041024
     247295.000 ns	     24728	80005560	00f4dbb3	srl	x23,x9,x15	  x9:0x00000002 x15:0x00000000 x23=0x00000002
     247315.000 ns	     24730	80005564	d0097553	fcvt.s.w	f10,x18	 x18:0x00000000 f10=0x00000000
     247345.000 ns	     24733	80005568	02bbdd33	divu	x26,x23,x11	 x23:0x80000000 x11:0x00000000 x26=0xffffffff
     247375.000 ns	     24736	8000556c	d00a20d3	fcvt.s.w	f1,x20	 x20:0x00000000  f1=0x00000000
     247405.000 ns	     24739	80005570	d01d79d3	fcvt.s.wu	f19,x26	 x26:0xffffffff f19=0x4f7fffff
     247435.000 ns	     24742	80005574	0349e033	rem	x0,x19,x20	 x19:0x61d60304 x20:0x00000000
     247455.000 ns	     24744	80005578	0e4d0cb7	lui	x25,0xe4d0	 x25=0x0e4d0000
     247465.000 ns	     24745	8000557c	418453b3	sra	x7,x8,x24	  x8:0x00000001 x24:0x000000f8  x7=0x00000000
     247495.000 ns	     24748	80005580	19a9a053	fdiv.s	f0,f19,f26	 f19:0x4f7fffff f26:0x7fc00000  f0=0x7fc00000
     247525.000 ns	     24751	80005584	d0017253	fcvt.s.w	f4,x2	  x2:0x00000000  f4=0x00000000
     247545.000 ns	     24753	80005588	0001b2b3	sltu	x5,x3,x0	  x3:0x00000001  x0:0x00000000  x5=0x00000000
     247905.000 ns	     24789	8000558c	024b6ab3	rem	x21,x22,x4	 x22:0x00000001  x4:0x00000001 x21=0x00000000
     247935.000 ns	     24792	80005590	21ee1553	fsgnjn.s	f10,f28,f30	 f28:0x42fffd8a f30:0x80041024 f10=0x42fffd8a
     247965.000 ns	     24795	80005594	03bd3bb3	mulhu	x23,x26,x27	 x26:0xffffffff x27:0x5fec6607 x23=0x5fec6606
     247995.000 ns	     24798	80005598	a1ef99d3	flt.s	x19,f31,f30	 f31:0xfafeddbe f30:0x80041024 x19=0x00000001
     248035.000 ns	     24802	8000559c	10b3fe53	fmul.s	f28,f7,f11	  f7:0x7f800000 f11:0xfafeddbe f28=0xff800000
     248055.000 ns	     24804	800055a0	00278d33	add	x26,x15,x2	 x15:0x00000000  x2:0x00000000 x26=0x00000000
     248415.000 ns	     24840	800055a4	0319ff33	remu	x30,x19,x17	 x19:0x00000001 x17:0x80041024 x30=0x00000001
     248435.000 ns	     24842	800055a8	403f5013	srai	x0,x30,0x3	 x30:0x076bc504
     248455.000 ns	     24844	800055ac	02a16233	rem	x4,x2,x10	  x2:0x00000000 x10:0x00000000  x4=0x00000000
     248485.000 ns	     24847	800055b0	02f415b3	mulh	x11,x8,x15	  x8:0x00000001 x15:0x00000000 x11=0x00000000
     248515.000 ns	     24850	800055b4	025ee1b3	rem	x3,x29,x5	 x29:0x80040fe4  x5:0x00000000  x3=0x80040fe4
     248535.000 ns	     24852	800055b8	231e2313	slti	x6,x28,561	 x28:0x00000000  x6=0x00000001
     248555.000 ns	     24854	800055bc	a1820853	fle.s	x16,f4,f24	  f4:0x00000000 f24:0x00000000 x16=0x00000001
     248575.000 ns	     24856	800055c0	8e651e17	auipc	x28,0x8e651	 x28=0x0e6565c0
     248605.000 ns	     24859	800055c4	18aecc53	fdiv.s	f24,f29,f10	 f29:0x00000000 f10:0x42fffd8a f24=0x00000000
     248655.000 ns	     24864	800055c8	00239f53	fadd.s	f30,f7,f2	  f7:0x7f800000  f2:0x00000000 f30=0x7f800000
     248675.000 ns	     24866	800055cc	0116bf33	sltu	x30,x13,x17	 x13:0x00000378 x17:0x80041024 x30=0x00000001
     248685.000 ns	     24867	800055d0	ba0eea13	ori	x20,x29,-1120	 x29:0x80040fe4 x20=0xffffffe4
     248695.000 ns	     24868	800055d4	015876b3	and	x13,x16,x21	 x16:0x00000001 x21:0x00000000 x13=0x00000000
     248705.000 ns	     24869	800055d8	d764f217	auipc	x4,0xd764f	  x4=0x576545d8
     248715.000 ns	     24870	800055dc	4596ad93	slti	x27,x13,1113	 x13:0x00000378 x27=0x00000001
     248745.000 ns	     24873	800055e0	18a4bf53	fdiv.s	f30,f9,f10	  f9:0x80000000 f10:0x42fffd8a f30=0x80000000
     248775.000 ns	     24876	800055e4	29ee8453	fmin.s	f8,f29,f30	 f29:0x00000000 f30:0x7f800000  f8=0x80000000
     248795.000 ns	     24878	800055e8	b961a393	slti	x7,x3,-1130	  x3:0x80040fe4  x7=0x00000001
     249155.000 ns	     24914	800055ec	0373f7b3	remu	x15,x7,x23	  x7:0x00000000 x23:0x5fec6606 x15=0x00000001
     249175.000 ns	     24916	800055f0	7d3a5117	auipc	x2,0x7d3a5	  x2=0xfd3aa5f0
     249185.000 ns	     24917	800055f4	0118d233	srl	x4,x17,x17	 x17:0x80041024 x17:0x80041024  x4=0x08004102
     249205.000 ns	     24919	800055f8	0227b7b3	mulhu	x15,x15,x2	 x15:0x00000001  x2:0x00000000 x15=0x00000000
     249225.000 ns	     24921	800055fc	c8cea213	slti	x4,x29,-884	 x29:0x80040fe4  x4=0x00000001
     249235.000 ns	     24922	80005600	9f852113	slti	x2,x10,-1544	 x10:0x00000000  x2=0x00000000
     249245.000 ns	     24923	80005604	2110b813	sltiu	x16,x1,529	  x1:0xfafeddbf x16=0x00000000
     249255.000 ns	     24924	80005608	00dae4b3	or	x9,x21,x13	 x21:0x00000000 x13:0x00000000  x9=0x00000000
     249275.000 ns	     24926	8000560c	020eb233	mulhu	x4,x29,x0	 x29:0x80040fe4  x0:0x00000000  x4=0x00000000
     249305.000 ns	     24929	80005610	a1c90dd3	fle.s	x27,f18,f28	 f18:0x80000000 f28:0xff800000 x27=0x00000000
     249335.000 ns	     24932	80005614	a030a6d3	feq.s	x13,f1,f3	  f1:0x00000000  f3:0x7fc00000 x13=0x00000000
     249365.000 ns	     24935	80005618	d004f0d3	fcvt.s.w	f1,x9	  x9:0x00000000  f1=0x00000000
     249385.000 ns	     24937	8000561c	0169da93	srli	x21,x19,0x16	 x19:0x00000001 x21=0x00000000
     249395.000 ns	     24938	80005620	2eb06117	auipc	x2,0x2eb06	  x2=0xaeb0b620
     249415.000 ns	     24940	80005624	a19291d3	flt.s	x3,f5,f25	  f5:0xfafeddbe f25:0x00000000  x3=0x00000001
     249785.000 ns	     24977	80005628	02ead6b3	divu	x13,x21,x14	 x21:0x00000000 x14:0x00000002 x13=0x00000000
     249815.000 ns	     24980	8000562c	02153ab3	mulhu	x21,x10,x1	 x10:0x00000000  x1:0xfafeddbf x21=0x00000000
     249845.000 ns	     24983	80005630	02908233	mul	x4,x1,x9	  x1:0xfafeddbf  x9:0x00000000  x4=0x00000000
     249875.000 ns	     24986	80005634	024b46b3	div	x13,x22,x4	 x22:0x00000001  x4:0x00000000 x13=0xffffffff
     249915.000 ns	     24990	80005638	11c43253	fmul.s	f4,f8,f28	  f8:0x80000000 f28:0xff800000  f4=0x7fc00000
     249955.000 ns	     24994	8000563c	58097d53	fsqrt.s	f26,f18	 f18:0x80000000 f26=0x80000000
     249975.000 ns	     24996	80005640	00000013	addi	x0,x0,0	  x0:0x00000000
     249985.000 ns	     24997	80005644	00250133	add	x2,x10,x2	 x10:0x00000000  x2:0xaeb0b620  x2=0xaeb0b620
     250005.000 ns	     24999	80005648	a17481d3	fle.s	x3,f9,f23	  f9:0x80000000 f23:0x80041024  x3=0x00000000
     250025.000 ns	     25001	8000564c	69392f37	lui	x30,0x69392	 x30=0x69392000
     250045.000 ns	     25003	80005650	02139133	mulh	x2,x7,x1	  x7:0x00000001  x1:0xfafeddbf  x2=0xffffffff
     250065.000 ns	     25005	80005654	0189a933	slt	x18,x19,x24	 x19:0x00000001 x24:0x000000f8 x18=0x00000001
     250075.000 ns	     25006	80005658	00999e13	slli	x28,x19,0x9	 x19:0x00000001 x28=0x00000200
     250085.000 ns	     25007	8000565c	01661e33	sll	x28,x12,x22	 x12:0x00000000 x22:0x00000001 x28=0x00000000
     250105.000 ns	     25009	80005660	214102d3	fsgnj.s	f5,f2,f20	  f2:0x00000000 f20:0x80000000  f5=0x80000000
     250125.000 ns	     25011	80005664	0b743d13	sltiu	x26,x8,183	  x8:0x00000001 x26=0x00000001
     250145.000 ns	     25013	80005668	212e27d3	fsgnjx.s	f15,f28,f18	 f28:0xff800000 f18:0x80000000 f15=0x7f800000
     250175.000 ns	     25016	8000566c	023bcab3	div	x21,x23,x3	 x23:0x5fec6606  x3:0x00000000 x21=0xffffffff
     250205.000 ns	     25019	80005670	20dd0053	fsgnj.s	f0,f26,f13	 f26:0x80000000 f13:0x00041024  f0=0x00000000
     250235.000 ns	     25022	80005674	207188d3	fsgnj.s	f17,f3,f7	  f3:0x7fc00000  f7:0x7f800000 f17=0x7fc00000
     250255.000 ns	     25024	80005678	da52c3b7	lui	x7,0xda52c	  x7=0xda52c000
     250265.000 ns	     25025	8000567c	b4c1b917	auipc	x18,0xb4c1b	 x18=0x34c2067c
     250285.000 ns	     25027	80005680	293d0f53	fmin.s	f30,f26,f19	 f26:0x80000000 f19:0x4f7fffff f30=0x80000000
     250325.000 ns	     25031	80005684	119b35d3	fmul.s	f11,f22,f25	 f22:0x7f800000 f25:0x00000000 f11=0x7fc00000
     250355.000 ns	     25034	80005688	021925b3	mulhsu	x11,x18,x1	 x18:0x34c2067c  x1:0xfafeddbf x11=0x33ba008a
     250385.000 ns	     25037	8000568c	e0010e53	fmv.x.w	x28,f2	  f2:0x00000000 x28=0x00000000
     250415.000 ns	     25040	80005690	a15ba253	feq.s	x4,f23,f21	 f23:0x80041024 f21:0x7fc00000  x4=0x00000000
     250445.000 ns	     25043	80005694	2006a8d3	fsgnjx.s	f17,f13,f0	 f13:0x00041024  f0:0x00000000 f17=0x00041024
     250475.000 ns	     25046	80005698	29ea1453	fmax.s	f8,f20,f30	 f20:0x80000000 f30:0x80000000  f8=0x80000000
     251655.000 ns	     25164	8000569c	58057853	fsqrt.s	f16,f10	 f10:0x42fffd8a f16=0x413503cc
     251695.000 ns	     25168	800056a0	19f4cbd3	fdiv.s	f23,f9,f31	  f9:0x80000000 f31:0xfafeddbe f23=0x00000000
     251715.000 ns	     25170	800056a4	00c6e0b3	or	x1,x13,x12	 x13:0xffffffff x12:0x00000000  x1=0xffffffff
     251725.000 ns	     25171	800056a8	03cd2493	slti	x9,x26,60	 x26:0x00000001  x9=0x00000001
     251735.000 ns	     25172	800056ac	01e80233	add	x4,x16,x30	 x16:0x00000000 x30:0x69392000  x4=0x69392000
     251755.000 ns	     25174	800056b0	023e31b3	mulhu	x3,x28,x3	 x28:0x00000000  x3:0x00000000  x3=0x00000000
     251775.000 ns	     25176	800056b4	8e6fc713	xori	x14,x31,-1818	 x31:0xfafeddbe x14=0x05012558
     251795.000 ns	     25178	800056b8	293e19d3	fmax.s	f19,f28,f19	 f28:0xff800000 f19:0x4f7fffff f19=0x4f7fffff
     251835.000 ns	     25182	800056bc	194e77d3	fdiv.s	f15,f28,f20	 f28:0xff800000 f20:0x80000000 f15=0x7f800000
     251865.000 ns	     25185	800056c0	d0029253	fcvt.s.w	f4,x5	  x5:0x00000000  f4=0x00000000
     251885.000 ns	     25187	800056c4	4b717c93	andi	x25,x2,1207	  x2:0xffffffff x25=0x000004b7
     251905.000 ns	     25189	800056c8	038e3b33	mulhu	x22,x28,x24	 x28:0x00000000 x24:0x000000f8 x22=0x00000000
     252275.000 ns	     25226	800056cc	0353c733	div	x14,x7,x21	  x7:0xda52c000 x21:0xffffffff x14=0x25ad4000
     252305.000 ns	     25229	800056d0	2030aad3	fsgnjx.s	f21,f1,f3	  f1:0x00000000  f3:0x7fc00000 f21=0x00000000
     252325.000 ns	     25231	800056d4	855a2513	slti	x10,x20,-1963	 x20:0xffffffe4 x10=0x00000000
     252345.000 ns	     25233	800056d8	c0079553	fcvt.w.s	x10,f15	 f15:0x7f800000 x10=0x7fffffff
     252715.000 ns	     25270	800056dc	02435233	divu	x4,x6,x4	  x6:0x00000001  x4:0x69392000  x4=0x00000000
     252765.000 ns	     25275	800056e0	0070c253	fadd.s	f4,f1,f7	  f1:0x00000000  f7:0x7f800000  f4=0x7f800000
     252795.000 ns	     25278	800056e4	20191d53	fsgnjn.s	f26,f18,f1	 f18:0x80000000  f1:0x00000000 f26=0x80000000
     252825.000 ns	     25281	800056e8	d0071a53	fcvt.s.w	f20,x14	 x14:0x25ad4000 f20=0x4e16b500
     252875.000 ns	     25286	800056ec	010a7fd3	fadd.s	f31,f20,f16	 f20:0x80000000 f16:0x413503cc f31=0x4e16b500
     252905.000 ns	     25289	800056f0	f00d8d53	fmv.w.x	f26,x27	 x27:0x00000000 f26=0x00000000
     252925.000 ns	     25291	800056f4	4167d3b3	sra	x7,x15,x22	 x15:0x00000000 x22:0x00000000  x7=0x00000000
     252935.000 ns	     25292	800056f8	44d48e13	addi	x28,x9,1101	  x9:0x00000001 x28=0x0000044e
     252945.000 ns	     25293	800056fc	00000013	addi	x0,x0,0	  x0:0x00000000
     252965.000 ns	     25295	80005700	0304fbb3	remu	x23,x9,x16	  x9:0x00000001 x16:0x00000000 x23=0x00000001
     253335.000 ns	     25332	80005704	039ede33	divu	x28,x29,x25	 x29:0x80040fe4 x25:0x000004b7 x28=0x001b26d3
     253365.000 ns	     25335	80005708	a08f9c53	flt.s	x24,f31,f8	 f31:0x4e16b500  f8:0x80000000 x24=0x00000000
     253385.000 ns	     25337	8000570c	400b8133	sub	x2,x23,x0	 x23:0x00000001  x0:0x00000000  x2=0x00000001
     253395.000 ns	     25338	80005710	78e10113	addi	x2,x2,1934	  x2:0xffffffff  x2=0x0000078f
     253405.000 ns	     25339	80005714	0089c5b3	xor	x11,x19,x8	 x19:0x00000001  x8:0x00000001 x11=0x00000000
     253425.000 ns	     25341	80005718	d016a8d3	fcvt.s.wu	f17,x13	 x13:0xffffffff f17=0x4f800000
     253455.000 ns	     25344	8000571c	287686d3	fmin.s	f13,f13,f7	 f13:0x00041024  f7:0x7f800000 f13=0x00041024
     253475.000 ns	     25346	80005720	4114d393	srai	x7,x9,0x11	  x9:0x00000001  x7=0x00000000
     253495.000 ns	     25348	80005724	28889653	fmax.s	f12,f17,f8	 f17:0x4f800000  f8:0x80000000 f12=0x4f800000
     253525.000 ns	     25351	80005728	03e03733	mulhu	x14,x0,x30	  x0:0x00000000 x30:0x69392000 x14=0x00000000
     253545.000 ns	     25353	8000572c	00a15513	srli	x10,x2,0xa	  x2:0x0000078f x10=0x00000001
     253555.000 ns	     25354	80005730	e8b2c993	xori	x19,x5,-373	  x5:0x00000000 x19=0xfffffe8b
     253575.000 ns	     25356	80005734	a0642bd3	feq.s	x23,f8,f6	  f8:0x80000000  f6:0xfafeddbe x23=0x00000000
     253595.000 ns	     25358	80005738	78d93313	sltiu	x6,x18,1933	 x18:0x34c2067c  x6=0x00000000
     253625.000 ns	     25361	8000573c	10cd79d3	fmul.s	f19,f26,f12	 f26:0x00000000 f12:0x4f800000 f19=0x00000000
     253665.000 ns	     25365	80005740	109bcb53	fmul.s	f22,f23,f9	 f23:0x00000000  f9:0x80000000 f22=0x80000000
     253715.000 ns	     25370	80005744	0121f253	fadd.s	f4,f3,f18	  f3:0x7fc00000 f18:0x80000000  f4=0x7fc00000
     253745.000 ns	     25373	80005748	a0dc8253	fle.s	x4,f25,f13	 f25:0x00000000 f13:0x00041024  x4=0x00000001
     253775.000 ns	     25376	8000574c	e0091c53	fclass.s	x24,f18	 f18:0x80000000 x24=0x00000008
     253805.000 ns	     25379	80005750	0202d933	divu	x18,x5,x0	  x5:0x00000000  x0:0x00000000 x18=0xffffffff
     253825.000 ns	     25381	80005754	013ddab3	srl	x21,x27,x19	 x27:0x00000000 x19:0xfffffe8b x21=0x00000000
     253845.000 ns	     25383	80005758	c001f153	fcvt.w.s	x2,f3	  f3:0x7fc00000  x2=0x7fffffff
     253865.000 ns	     25385	8000575c	00ff3133	sltu	x2,x30,x15	 x30:0x69392000 x15:0x00000000  x2=0x00000000
     253885.000 ns	     25387	80005760	e0040153	fmv.x.w	x2,f8	  f8:0x80000000  x2=0x80000000
     253905.000 ns	     25389	80005764	dffb3193	sltiu	x3,x22,-513	 x22:0x00000000  x3=0x00000001
     253915.000 ns	     25390	80005768	ee437c93	andi	x25,x6,-284	  x6:0x00000000 x25=0x00000000
     253935.000 ns	     25392	8000576c	f0018ad3	fmv.w.x	f21,x3	  x3:0x00000000 f21=0x00000001
     253985.000 ns	     25397	80005770	00743cd3	fadd.s	f25,f8,f7	  f8:0x80000000  f7:0x7f800000 f25=0x7f800000
     254355.000 ns	     25434	80005774	03d04c33	div	x24,x0,x29	  x0:0x00000000 x29:0x80040fe4 x24=0x00000000
     254375.000 ns	     25436	80005778	b6827f13	andi	x30,x4,-1176	  x4:0x00000001 x30=0x00000000
     254405.000 ns	     25439	8000577c	18d185d3	fdiv.s	f11,f3,f13	  f3:0x7fc00000 f13:0x00041024 f11=0x7fc00000
     254435.000 ns	     25442	80005780	03263833	mulhu	x16,x12,x18	 x12:0x00000000 x18:0xffffffff x16=0x00000000
     254455.000 ns	     25444	80005784	407e5013	srai	x0,x28,0x7	 x28:0x001b26d3
     254465.000 ns	     25445	80005788	d2b6c637	lui	x12,0xd2b6c	 x12=0xd2b6c000
     254485.000 ns	     25447	8000578c	e00195d3	fclass.s	x11,f3	  f3:0x7fc00000 x11=0x00000200
     254505.000 ns	     25449	80005790	c10d8113	addi	x2,x27,-1008	 x27:0x00000000  x2=0xfffffc10
     254525.000 ns	     25451	80005794	a01eacd3	feq.s	x25,f29,f1	 f29:0x00000000  f1:0x00000000 x25=0x00000001
     254565.000 ns	     25455	80005798	180c7953	fdiv.s	f18,f24,f0	 f24:0x00000000  f0:0x00000000 f18=0x7fc00000
     254935.000 ns	     25492	8000579c	024adb33	divu	x22,x21,x4	 x21:0x00000000  x4:0x00000001 x22=0x00000000
     254955.000 ns	     25494	800057a0	03916493	ori	x9,x2,57	  x2:0xfffffc10  x9=0xfffffc39
     254965.000 ns	     25495	800057a4	cac7b213	sltiu	x4,x15,-852	 x15:0x00000000  x4=0x00000001
     254975.000 ns	     25496	800057a8	01a56233	or	x4,x10,x26	 x10:0x00000001 x26:0x00000001  x4=0x00000001
     254985.000 ns	     25497	800057ac	0058e633	or	x12,x17,x5	 x17:0x80041024  x5:0x00000000 x12=0x80041024
     254995.000 ns	     25498	800057b0	9c580793	addi	x15,x16,-1595	 x16:0x00000000 x15=0xfffff9c5
     255005.000 ns	     25499	800057b4	0197edb3	or	x27,x15,x25	 x15:0x00000000 x25:0x00000001 x27=0xfffff9c5
     255365.000 ns	     25535	800057b8	023469b3	rem	x19,x8,x3	  x8:0x00000001  x3:0x00000001 x19=0x00000000
     255395.000 ns	     25538	800057bc	21b617d3	fsgnjn.s	f15,f12,f27	 f12:0x4f800000 f27:0x00000000 f15=0xcf800000
     255425.000 ns	     25541	800057c0	0325aa33	mulhsu	x20,x11,x18	 x11:0x00000200 x18:0xffffffff x20=0x000001ff
     255455.000 ns	     25544	800057c4	030c6033	rem	x0,x24,x16	 x24:0x00000000 x16:0x00000000
     255475.000 ns	     25546	800057c8	009b27b3	slt	x15,x22,x9	 x22:0x00000000  x9:0xfffffc39 x15=0x00000000
     255485.000 ns	     25547	800057cc	01b650b3	srl	x1,x12,x27	 x12:0x80041024 x27:0xfffff9c5  x1=0x04002081
     255495.000 ns	     25548	800057d0	732be113	ori	x2,x23,1842	 x23:0x00000000  x2=0x00000732
     255515.000 ns	     25550	800057d4	c00e7153	fcvt.w.s	x2,f28	 f28:0xff800000  x2=0x80000000
     255545.000 ns	     25553	800057d8	a1ee1ad3	flt.s	x21,f28,f30	 f28:0xff800000 f30:0x80000000 x21=0x00000001
     255565.000 ns	     25555	800057dc	d2856813	ori	x16,x10,-728	 x10:0x00000001 x16=0xfffffd29
     255585.000 ns	     25557	800057e0	293985d3	fmin.s	f11,f19,f19	 f19:0x00000000 f19:0x00000000 f11=0x00000000
     255605.000 ns	     25559	800057e4	2f4e36b7	lui	x13,0x2f4e3	 x13=0x2f4e3000
     255645.000 ns	     25563	800057e8	0096c2d3	fadd.s	f5,f13,f9	 f13:0x00041024  f9:0x80000000  f5=0x00041024
     255665.000 ns	     25565	800057ec	38da0613	addi	x12,x20,909	 x20:0x000001ff x12=0x0000058c
     255685.000 ns	     25567	800057f0	219e2453	fsgnjx.s	f8,f28,f25	 f28:0xff800000 f25:0x7f800000  f8=0xff800000
     256055.000 ns	     25604	800057f4	0288d733	divu	x14,x17,x8	 x17:0x80041024  x8:0x00000001 x14=0x80041024
     256085.000 ns	     25607	800057f8	289e0c53	fmin.s	f24,f28,f9	 f28:0xff800000  f9:0x80000000 f24=0xff800000
     256115.000 ns	     25610	800057fc	2180a953	fsgnjx.s	f18,f1,f24	  f1:0x00000000 f24:0x00000000 f18=0x80000000
     256145.000 ns	     25613	80005800	d0108e53	fcvt.s.wu	f28,x1	  x1:0x04002081 f28=0x4c800410
     256165.000 ns	     25615	80005804	41598733	sub	x14,x19,x21	 x19:0x00000000 x21:0x00000001 x14=0xffffffff
     256175.000 ns	     25616	80005808	01481633	sll	x12,x16,x20	 x16:0xfffffd29 x20:0x000001ff x12=0x80000000
     256195.000 ns	     25618	8000580c	c013a353	fcvt.wu.s	x6,f7	  f7:0x7f800000  x6=0xffffffff
     256215.000 ns	     25620	80005810	0136e033	or	x0,x13,x19	 x13:0x2f4e3000 x19:0x00000000
     256235.000 ns	     25622	80005814	28b312d3	fmax.s	f5,f6,f11	  f6:0xfafeddbe f11:0x00000000  f5=0x00000000
     256265.000 ns	     25625	80005818	038c3a33	mulhu	x20,x24,x24	 x24:0x00000000 x24:0x00000000 x20=0x00000000
     256295.000 ns	     25628	8000581c	032b92b3	mulh	x5,x23,x18	 x23:0x00000000 x18:0xffffffff  x5=0x00000000
     256325.000 ns	     25631	80005820	037691b3	mulh	x3,x13,x23	 x13:0x2f4e3000 x23:0x00000000  x3=0x00000000
     256345.000 ns	     25633	80005824	8792eb93	ori	x23,x5,-1927	  x5:0x00000000 x23=0xfffff879
     256365.000 ns	     25635	80005828	298982d3	fmin.s	f5,f19,f24	 f19:0x00000000 f24:0xff800000  f5=0xff800000
     256385.000 ns	     25637	8000582c	67d82213	slti	x4,x16,1661	 x16:0xfffffd29  x4=0x00000001
     256405.000 ns	     25639	80005830	21c39353	fsgnjn.s	f6,f7,f28	  f7:0x7f800000 f28:0x4c800410  f6=0xff800000
     256435.000 ns	     25642	80005834	21b79753	fsgnjn.s	f14,f15,f27	 f15:0xcf800000 f27:0x00000000 f14=0xcf800000
     256465.000 ns	     25645	80005838	d01a8bd3	fcvt.s.wu	f23,x21	 x21:0x00000001 f23=0x3f800000
     256485.000 ns	     25647	8000583c	008606b3	add	x13,x12,x8	 x12:0x80000000  x8:0x00000001 x13=0x80000001
     256505.000 ns	     25649	80005840	20cc9f53	fsgnjn.s	f30,f25,f12	 f25:0x7f800000 f12:0x4f800000 f30=0xff800000
     256535.000 ns	     25652	80005844	20951fd3	fsgnjn.s	f31,f10,f9	 f10:0x42fffd8a  f9:0x80000000 f31=0x42fffd8a
     256555.000 ns	     25654	80005848	01541593	slli	x11,x8,0x15	  x8:0x00000001 x11=0x00200000
     256565.000 ns	     25655	8000584c	40620ab3	sub	x21,x4,x6	  x4:0x00000001  x6:0xffffffff x21=0x00000002
     256575.000 ns	     25656	80005850	2e90e513	ori	x10,x1,745	  x1:0x04002081 x10=0x040022e9
     256585.000 ns	     25657	80005854	2d0ff813	andi	x16,x31,720	 x31:0xfafeddbe x16=0x00000090
     256595.000 ns	     25658	80005858	f5546497	auipc	x9,0xf5546	  x9=0x7554b858
     256605.000 ns	     25659	8000585c	16b62693	slti	x13,x12,363	 x12:0x80000000 x13=0x00000001
     256965.000 ns	     25695	80005860	02c7c6b3	div	x13,x15,x12	 x15:0x00000000 x12:0x80000000 x13=0x00000000
     256995.000 ns	     25698	80005864	d00cfbd3	fcvt.s.w	f23,x25	 x25:0x00000001 f23=0x3f800000
     257015.000 ns	     25700	80005868	00ef66b3	or	x13,x30,x14	 x30:0x00000000 x14:0xffffffff x13=0xffffffff
     257025.000 ns	     25701	8000586c	9a1a3b37	lui	x22,0x9a1a3	 x22=0x9a1a3000
     257035.000 ns	     25702	80005870	43b37137	lui	x2,0x43b37	  x2=0x43b37000
     257045.000 ns	     25703	80005874	00a6bab3	sltu	x21,x13,x10	 x13:0xffffffff x10:0x040022e9 x21=0x00000000
     257055.000 ns	     25704	80005878	00000013	addi	x0,x0,0	  x0:0x00000000
     257075.000 ns	     25706	8000587c	02f70db3	mul	x27,x14,x15	 x14:0xffffffff x15:0x00000000 x27=0x00000000
     257095.000 ns	     25708	80005880	0e88b913	sltiu	x18,x17,232	 x17:0x80041024 x18=0x00000000
     257135.000 ns	     25712	80005884	01aefbd3	fadd.s	f23,f29,f26	 f29:0x00000000 f26:0x00000000 f23=0x00000000
     257185.000 ns	     25717	80005888	09c8f853	fsub.s	f16,f17,f28	 f17:0x4f800000 f28:0x4c800410 f16=0x4f7bffde
     257205.000 ns	     25719	8000588c	00561593	slli	x11,x12,0x5	 x12:0x80000000 x11=0x00000000
     257225.000 ns	     25721	80005890	02e19933	mulh	x18,x3,x14	  x3:0x00000000 x14:0xffffffff x18=0x00000000
     257255.000 ns	     25724	80005894	02c234b3	mulhu	x9,x4,x12	  x4:0x00000001 x12:0x80000000  x9=0x00000000
     257275.000 ns	     25726	80005898	451cb637	lui	x12,0x451cb	 x12=0x451cb000
     257285.000 ns	     25727	8000589c	00eb9813	slli	x16,x23,0xe	 x23:0xfffff879 x16=0xfe1e4000
     257295.000 ns	     25728	800058a0	73147c13	andi	x24,x8,1841	  x8:0x00000001 x24=0x00000001
     257305.000 ns	     25729	800058a4	9a53a4b7	lui	x9,0x9a53a	  x9=0x9a53a000
     257315.000 ns	     25730	800058a8	01b24233	xor	x4,x4,x27	  x4:0x00000001 x27:0x00000000  x4=0x00000001
     257325.000 ns	     25731	800058ac	751eeb17	auipc	x22,0x751ee	 x22=0xf51f38ac
     257345.000 ns	     25733	800058b0	03bf8ab3	mul	x21,x31,x27	 x31:0xfafeddbe x27:0x00000000 x21=0x00000000
     257385.000 ns	     25737	800058b4	19b2f6d3	fdiv.s	f13,f5,f27	  f5:0xff800000 f27:0x00000000 f13=0xff800000
     257405.000 ns	     25739	800058b8	001b2533	slt	x10,x22,x1	 x22:0xf51f38ac  x1:0x04002081 x10=0x00000001
     257435.000 ns	     25742	800058bc	580f70d3	fsqrt.s	f1,f30	 f30:0xff800000  f1=0x7fc00000
     257455.000 ns	     25744	800058c0	00000013	addi	x0,x0,0	  x0:0x00000000
     257465.000 ns	     25745	800058c4	41a0dd13	srai	x26,x1,0x1a	  x1:0x04002081 x26=0x00000001
     257475.000 ns	     25746	800058c8	00a1d5b3	srl	x11,x3,x10	  x3:0x00000000 x10:0x00000001 x11=0x00000000
     257485.000 ns	     25747	800058cc	c0726213	ori	x4,x4,-1017	  x4:0x00000001  x4=0xfffffc07
     257495.000 ns	     25748	800058d0	009bb0b3	sltu	x1,x23,x9	 x23:0xfffff879  x9:0x9a53a000  x1=0x00000000
     257515.000 ns	     25750	800058d4	e00086d3	fmv.x.w	x13,f1	  f1:0x7fc00000 x13=0x7fc00000
     257545.000 ns	     25753	800058d8	0358bb33	mulhu	x22,x17,x21	 x17:0x80041024 x21:0x00000000 x22=0x00000000
     257565.000 ns	     25755	800058dc	00000013	addi	x0,x0,0	  x0:0x00000000
     257595.000 ns	     25758	800058e0	1889ce53	fdiv.s	f28,f19,f8	 f19:0x00000000  f8:0xff800000 f28=0x80000000
     257965.000 ns	     25795	800058e4	02a47833	remu	x16,x8,x10	  x8:0x00000001 x10:0x00000001 x16=0x00000000
     257995.000 ns	     25798	800058e8	d00aaa53	fcvt.s.w	f20,x21	 x21:0x00000000 f20=0x00000000
     258025.000 ns	     25801	800058ec	0340c0b3	div	x1,x1,x20	  x1:0x00000000 x20:0x00000000  x1=0xffffffff
     258055.000 ns	     25804	800058f0	024e15b3	mulh	x11,x28,x4	 x28:0x001b26d3  x4:0xfffffc07 x11=0xffffffff
     258075.000 ns	     25806	800058f4	00000013	addi	x0,x0,0	  x0:0x00000000
     258085.000 ns	     25807	800058f8	40805113	srai	x2,x0,0x8	  x0:0x00000000  x2=0x00000000
     258105.000 ns	     25809	800058fc	038882b3	mul	x5,x17,x24	 x17:0x80041024 x24:0x00000001  x5=0x80041024
     258125.000 ns	     25811	80005900	017ef533	and	x10,x29,x23	 x29:0x80040fe4 x23:0xfffff879 x10=0x80040860
     258165.000 ns	     25815	80005904	0889fed3	fsub.s	f29,f19,f8	 f19:0x00000000  f8:0xff800000 f29=0x7f800000
     258185.000 ns	     25817	80005908	0104edb3	or	x27,x9,x16	  x9:0x9a53a000 x16:0x00000000 x27=0x9a53a000
     258195.000 ns	     25818	8000590c	2b5ecd93	xori	x27,x29,693	 x29:0x80040fe4 x27=0x80040d51
     258215.000 ns	     25820	80005910	20c593d3	fsgnjn.s	f7,f11,f12	 f11:0x00000000 f12:0x4f800000  f7=0x80000000
     258235.000 ns	     25822	80005914	010dd713	srli	x14,x27,0x10	 x27:0x9a53a000 x14=0x00008004
     258255.000 ns	     25824	80005918	20b11d53	fsgnjn.s	f26,f2,f11	  f2:0x00000000 f11:0x00000000 f26=0x80000000
     258275.000 ns	     25826	8000591c	41b656b3	sra	x13,x12,x27	 x12:0x451cb000 x27:0x80040d51 x13=0x0000228e
     258295.000 ns	     25828	80005920	d001abd3	fcvt.s.w	f23,x3	  x3:0x00000000 f23=0x00000000
     258315.000 ns	     25830	80005924	018e2133	slt	x2,x28,x24	 x28:0x001b26d3 x24:0x00000001  x2=0x00000000
     258325.000 ns	     25831	80005928	00431bb3	sll	x23,x6,x4	  x6:0xffffffff  x4:0xfffffc07 x23=0xffffff80
     258355.000 ns	     25834	8000592c	580e10d3	fsqrt.s	f1,f28	 f28:0x80000000  f1=0x80000000
     258375.000 ns	     25836	80005930	1661a493	slti	x9,x3,358	  x3:0x00000000  x9=0x00000001
     258395.000 ns	     25838	80005934	a0742453	feq.s	x8,f8,f7	  f8:0xff800000  f7:0x80000000  x8=0x00000000
     258425.000 ns	     25841	80005938	030fd7b3	divu	x15,x31,x16	 x31:0xfafeddbe x16:0x00000000 x15=0xffffffff
     258455.000 ns	     25844	8000593c	c01f0cd3	fcvt.wu.s	x25,f30	 f30:0xff800000 x25=0x00000000
     258475.000 ns	     25846	80005940	012bb733	sltu	x14,x23,x18	 x23:0xffffff80 x18:0x00000000 x14=0x00000000
     258495.000 ns	     25848	80005944	037d3633	mulhu	x12,x26,x23	 x26:0x00000001 x23:0xffffff80 x12=0x00000000
     258525.000 ns	     25851	80005948	035ba133	mulhsu	x2,x23,x21	 x23:0xffffff80 x21:0x00000000  x2=0x00000000
     258555.000 ns	     25854	8000594c	c016fbd3	fcvt.wu.s	x23,f13	 f13:0xff800000 x23=0x00000000
     258575.000 ns	     25856	80005950	01c9c633	xor	x12,x19,x28	 x19:0x00000000 x28:0x001b26d3 x12=0x001b26d3
     258585.000 ns	     25857	80005954	40aedc13	srai	x24,x29,0xa	 x29:0x80040fe4 x24=0xffe00103
     258595.000 ns	     25858	80005958	d5087193	andi	x3,x16,-688	 x16:0x00000000  x3=0x00000000
     258605.000 ns	     25859	8000595c	3d017913	andi	x18,x2,976	  x2:0x00000000 x18=0x00000000
     258615.000 ns	     25860	80005960	d11fc517	auipc	x10,0xd11fc	 x10=0x51201960
     258635.000 ns	     25862	80005964	f0030b53	fmv.w.x	f22,x6	  x6:0xffffffff f22=0xffffffff
     258655.000 ns	     25864	80005968	00f020b3	slt	x1,x0,x15	  x0:0x00000000 x15:0xffffffff  x1=0x00000000
     258665.000 ns	     25865	8000596c	504ca593	slti	x11,x25,1284	 x25:0x00000000 x11=0x00000001
     258675.000 ns	     25866	80005970	00000013	addi	x0,x0,0	  x0:0x00000000
     258695.000 ns	     25868	80005974	a1b81a53	flt.s	x20,f16,f27	 f16:0x4f7bffde f27:0x00000000 x20=0x00000000
     258725.000 ns	     25871	80005978	c0017353	fcvt.w.s	x6,f2	  f2:0x00000000  x6=0x00000000
     258755.000 ns	     25874	8000597c	28c31a53	fmax.s	f20,f6,f12	  f6:0xff800000 f12:0x4f800000 f20=0x4f800000
     258775.000 ns	     25876	80005980	f34f6793	ori	x15,x30,-204	 x30:0x00000000 x15=0xffffff34
     258795.000 ns	     25878	80005984	03d5ab33	mulhsu	x22,x11,x29	 x11:0x00000001 x29:0x80040fe4 x22=0x00000000
     258825.000 ns	     25881	80005988	e0039053	fclass.s	x0,f7	  f7:0x80000000
     258855.000 ns	     25884	8000598c	29b300d3	fmin.s	f1,f6,f27	  f6:0xff800000 f27:0x00000000  f1=0xff800000
     258885.000 ns	     25887	80005990	a1f881d3	fle.s	x3,f17,f31	 f17:0x4f800000 f31:0x42fffd8a  x3=0x00000000
     258905.000 ns	     25889	80005994	c3ac7a13	andi	x20,x24,-966	 x24:0xffe00103 x20=0xffe00002
     258915.000 ns	     25890	80005998	013c06b3	add	x13,x24,x19	 x24:0xffe00103 x19:0x00000000 x13=0xffe00103
     258925.000 ns	     25891	8000599c	769a7713	andi	x14,x20,1897	 x20:0x00000000 x14=0x00000000
     258945.000 ns	     25893	800059a0	c00d9353	fcvt.w.s	x6,f27	 f27:0x00000000  x6=0x00000000
     258975.000 ns	     25896	800059a4	e0049853	fclass.s	x16,f9	  f9:0x80000000 x16=0x00000008
     258995.000 ns	     25898	800059a8	01319793	slli	x15,x3,0x13	  x3:0x00000000 x15=0x00000000
     259035.000 ns	     25902	800059ac	09c3af53	fsub.s	f30,f7,f28	  f7:0x80000000 f28:0x80000000 f30=0x00000000
     259075.000 ns	     25906	800059b0	105209d3	fmul.s	f19,f4,f5	  f4:0x7fc00000  f5:0xff800000 f19=0x7fc00000
     259095.000 ns	     25908	800059b4	ebbccf13	xori	x30,x25,-325	 x25:0x00000000 x30=0xfffffebb
     259115.000 ns	     25910	800059b8	29279ed3	fmax.s	f29,f15,f18	 f15:0xcf800000 f18:0x80000000 f29=0x80000000
     259135.000 ns	     25912	800059bc	23486193	ori	x3,x16,564	 x16:0x00000008  x3=0x0000023c
     259155.000 ns	     25914	800059c0	e00181d3	fmv.x.w	x3,f3	  f3:0x7fc00000  x3=0x7fc00000
     259175.000 ns	     25916	800059c4	014d12b3	sll	x5,x26,x20	 x26:0x00000001 x20:0xffe00002  x5=0x00000004
     259215.000 ns	     25920	800059c8	080a2553	fsub.s	f10,f20,f0	 f20:0x4f800000  f0:0x00000000 f10=0x4f800000
     259235.000 ns	     25922	800059cc	930b3c13	sltiu	x24,x22,-1744	 x22:0x00000000 x24=0x00000001
     259245.000 ns	     25923	800059d0	e2830393	addi	x7,x6,-472	  x6:0x00000000  x7=0xfffffe28
     259265.000 ns	     25925	800059d4	02e73f33	mulhu	x30,x14,x14	 x14:0x00000000 x14:0x00000000 x30=0x00000000
     259285.000 ns	     25927	800059d8	005e93b3	sll	x7,x29,x5	 x29:0x80040fe4  x5:0x00000004  x7=0x0040fe40
     259295.000 ns	     25928	800059dc	5eb50393	addi	x7,x10,1515	 x10:0x51201960  x7=0x51201f4b
     259305.000 ns	     25929	800059e0	419b5a33	sra	x20,x22,x25	 x22:0x00000000 x25:0x00000000 x20=0x00000000
     259325.000 ns	     25931	800059e4	c00817d3	fcvt.w.s	x15,f16	 f16:0x4f7bffde x15=0x7fffffff
     259355.000 ns	     25934	800059e8	f00087d3	fmv.w.x	f15,x1	  x1:0x00000000 f15=0x00000000
     259385.000 ns	     25937	800059ec	0288fcb3	remu	x25,x17,x8	 x17:0x80041024  x8:0x00000000 x25=0x80041024
     259415.000 ns	     25940	800059f0	c0134dd3	fcvt.wu.s	x27,f6	  f6:0xff800000 x27=0x00000000
     259445.000 ns	     25943	800059f4	d00bc7d3	fcvt.s.w	f15,x23	 x23:0x00000000 f15=0x00000000
     259475.000 ns	     25946	800059f8	c01471d3	fcvt.wu.s	x3,f8	  f8:0xff800000  x3=0x00000000
     259495.000 ns	     25948	800059fc	eb8bf693	andi	x13,x23,-328	 x23:0x00000000 x13=0x00000000
     259505.000 ns	     25949	80005a00	dafbab93	slti	x23,x23,-593	 x23:0x00000000 x23=0x00000000
     259535.000 ns	     25952	80005a04	18fff053	fdiv.s	f0,f31,f15	 f31:0x42fffd8a f15:0x00000000  f0=0x7f800000
     259565.000 ns	     25955	80005a08	02359033	mulh	x0,x11,x3	 x11:0x00000001  x3:0x00000000
     259585.000 ns	     25957	80005a0c	006b53b3	srl	x7,x22,x6	 x22:0x00000000  x6:0x00000000  x7=0x00000000
     259595.000 ns	     25958	80005a10	008f97b3	sll	x15,x31,x8	 x31:0xfafeddbe  x8:0x00000000 x15=0xfafeddbe
     259605.000 ns	     25959	80005a14	fd91a137	lui	x2,0xfd91a	  x2=0xfd91a000
     259615.000 ns	     25960	80005a18	ba67b993	sltiu	x19,x15,-1114	 x15:0x7fffffff x19=0x00000001
     259655.000 ns	     25964	80005a1c	0975fbd3	fsub.s	f23,f11,f23	 f11:0x00000000 f23:0x00000000 f23=0x80000000
     259675.000 ns	     25966	80005a20	b4196f13	ori	x30,x18,-1215	 x18:0x00000000 x30=0xfffffb41
     259685.000 ns	     25967	80005a24	00000013	addi	x0,x0,0	  x0:0x00000000
     259695.000 ns	     25968	80005a28	410e5c13	srai	x24,x28,0x10	 x28:0x001b26d3 x24=0x0000001b
     259715.000 ns	     25970	80005a2c	28b68353	fmin.s	f6,f13,f11	 f13:0xff800000 f11:0x00000000  f6=0xff800000
     259735.000 ns	     25972	80005a30	014e9233	sll	x4,x29,x20	 x29:0x80040fe4 x20:0x00000000  x4=0x80040fe4
     259775.000 ns	     25976	80005a34	08f1f753	fsub.s	f14,f3,f15	  f3:0x7fc00000 f15:0x00000000 f14=0x7fc00000
     259795.000 ns	     25978	80005a38	dc40b613	sltiu	x12,x1,-572	  x1:0x00000000 x12=0x00000001
     259805.000 ns	     25979	80005a3c	007a8633	add	x12,x21,x7	 x21:0x00000000  x7:0x00000000 x12=0x00000000
     259825.000 ns	     25981	80005a40	03231533	mulh	x10,x6,x18	  x6:0x00000000 x18:0x00000000 x10=0x00000000
     259855.000 ns	     25984	80005a44	298c13d3	fmax.s	f7,f24,f24	 f24:0xff800000 f24:0xff800000  f7=0xff800000
     259895.000 ns	     25988	80005a48	18e7bf53	fdiv.s	f30,f15,f14	 f15:0x00000000 f14:0x7fc00000 f30=0x7fc00000
     259925.000 ns	     25991	80005a4c	c00bfdd3	fcvt.w.s	x27,f23	 f23:0x80000000 x27=0x00000000
     259975.000 ns	     25996	80005a50	09782253	fsub.s	f4,f16,f23	 f16:0x4f7bffde f23:0x80000000  f4=0x4f7bffde
     260005.000 ns	     25999	80005a54	c0137153	fcvt.wu.s	x2,f6	  f6:0xff800000  x2=0x00000000
     260035.000 ns	     26002	80005a58	e00c1e53	fclass.s	x28,f24	 f24:0xff800000 x28=0x00000001
     260055.000 ns	     26004	80005a5c	00334333	xor	x6,x6,x3	  x6:0x00000000  x3:0x00000000  x6=0x00000000
     260075.000 ns	     26006	80005a60	a12f2453	feq.s	x8,f30,f18	 f30:0x7fc00000 f18:0x80000000  x8=0x00000000
     260095.000 ns	     26008	80005a64	407e5793	srai	x15,x28,0x7	 x28:0x00000001 x15=0x00000000
     260105.000 ns	     26009	80005a68	44d5c713	xori	x14,x11,1101	 x11:0x00000001 x14=0x0000044c
     260115.000 ns	     26010	80005a6c	97073c93	sltiu	x25,x14,-1680	 x14:0x00000000 x25=0x00000001
     260125.000 ns	     26011	80005a70	0196d4b3	srl	x9,x13,x25	 x13:0x00000000 x25:0x80041024  x9=0x00000000
     260145.000 ns	     26013	80005a74	e0011153	fclass.s	x2,f2	  f2:0x00000000  x2=0x00000010
     260165.000 ns	     26015	80005a78	01d97bb3	and	x23,x18,x29	 x18:0x00000000 x29:0x80040fe4 x23=0x00000000
     260175.000 ns	     26016	80005a7c	0124f0b3	and	x1,x9,x18	  x9:0x00000000 x18:0x00000000  x1=0x00000000
     260185.000 ns	     26017	80005a80	74356113	ori	x2,x10,1859	 x10:0x00000000  x2=0x00000743
     260205.000 ns	     26019	80005a84	d008f5d3	fcvt.s.w	f11,x17	 x17:0x80041024 f11=0xcefff7df
     260225.000 ns	     26021	80005a88	00418733	add	x14,x3,x4	  x3:0x00000000  x4:0x80040fe4 x14=0x80040fe4
     260235.000 ns	     26022	80005a8c	0188eab3	or	x21,x17,x24	 x17:0x80041024 x24:0x0000001b x21=0x8004103f
     260245.000 ns	     26023	80005a90	5d12fe13	andi	x28,x5,1489	  x5:0x00000004 x28=0x00000000
     260265.000 ns	     26025	80005a94	02f4df33	divu	x30,x9,x15	  x9:0x00000000 x15:0x00000000 x30=0xffffffff
     260295.000 ns	     26028	80005a98	a013a6d3	feq.s	x13,f7,f1	  f7:0xff800000  f1:0xff800000 x13=0x00000001
     260325.000 ns	     26031	80005a9c	028a5a33	divu	x20,x20,x8	 x20:0x00000000  x8:0x00000000 x20=0xffffffff
     260345.000 ns	     26033	80005aa0	01def133	and	x2,x29,x29	 x29:0x80040fe4 x29:0x80040fe4  x2=0x80040fe4
     260365.000 ns	     26035	80005aa4	a019a5d3	feq.s	x11,f19,f1	 f19:0x7fc00000  f1:0xff800000 x11=0x00000000
     260385.000 ns	     26037	80005aa8	00686833	or	x16,x16,x6	 x16:0x00000008  x6:0x00000000 x16=0x00000008
     260395.000 ns	     26038	80005aac	01e5c5b3	xor	x11,x11,x30	 x11:0x00000000 x30:0xffffffff x11=0xffffffff
     260405.000 ns	     26039	80005ab0	2cb6f993	andi	x19,x13,715	 x13:0x00000001 x19=0x00000001
     260415.000 ns	     26040	80005ab4	00361533	sll	x10,x12,x3	 x12:0x00000000  x3:0x00000000 x10=0x00000000
     260435.000 ns	     26042	80005ab8	285091d3	fmax.s	f3,f1,f5	  f1:0xff800000  f5:0xff800000  f3=0xff800000
     260465.000 ns	     26045	80005abc	28021753	fmax.s	f14,f4,f0	  f4:0x4f7bffde  f0:0x7f800000 f14=0x7f800000
     260495.000 ns	     26048	80005ac0	036771b3	remu	x3,x14,x22	 x14:0x80040fe4 x22:0x00000000  x3=0x80040fe4
     260865.000 ns	     26085	80005ac4	0229fe33	remu	x28,x19,x2	 x19:0x00000001  x2:0x80040fe4 x28=0x00000001
     260895.000 ns	     26088	80005ac8	a0a29653	flt.s	x12,f5,f10	  f5:0xff800000 f10:0x4f800000 x12=0x00000001
     260925.000 ns	     26091	80005acc	02765233	divu	x4,x12,x7	 x12:0x00000000  x7:0x00000000  x4=0xffffffff
     261295.000 ns	     26128	80005ad0	0350d333	divu	x6,x1,x21	  x1:0x00000000 x21:0x8004103f  x6=0x00000000
     261325.000 ns	     26131	80005ad4	031529b3	mulhsu	x19,x10,x17	 x10:0x00000000 x17:0x80041024 x19=0x00000000
     261345.000 ns	     26133	80005ad8	41c85c13	srai	x24,x16,0x1c	 x16:0x00000008 x24=0x00000000
     261365.000 ns	     26135	80005adc	0251b733	mulhu	x14,x3,x5	  x3:0x80040fe4  x5:0x00000004 x14=0x00000002
     261395.000 ns	     26138	80005ae0	03b74433	div	x8,x14,x27	 x14:0x80040fe4 x27:0x00000000  x8=0xffffffff
     261425.000 ns	     26141	80005ae4	e00d99d3	fclass.s	x19,f27	 f27:0x00000000 x19=0x00000010
     261445.000 ns	     26143	80005ae8	44c62637	lui	x12,0x44c62	 x12=0x44c62000
     261475.000 ns	     26146	80005aec	19f17fd3	fdiv.s	f31,f2,f31	  f2:0x00000000 f31:0x42fffd8a f31=0x00000000
     261515.000 ns	     26150	80005af0	10204bd3	fmul.s	f23,f0,f2	  f0:0x7f800000  f2:0x00000000 f23=0x7fc00000
     261545.000 ns	     26153	80005af4	02fd8733	mul	x14,x27,x15	 x27:0x00000000 x15:0x00000000 x14=0x00000000
     261565.000 ns	     26155	80005af8	016c64b3	or	x9,x24,x22	 x24:0x00000000 x22:0x00000000  x9=0x00000000
     261575.000 ns	     26156	80005afc	001a3e33	sltu	x28,x20,x1	 x20:0xffffffff  x1:0x00000000 x28=0x00000000
     261595.000 ns	     26158	80005b00	28c18ad3	fmin.s	f21,f3,f12	  f3:0xff800000 f12:0x4f800000 f21=0xff800000
     261615.000 ns	     26160	80005b04	01601813	slli	x16,x0,0x16	  x0:0x00000000 x16=0x00000000
     261625.000 ns	     26161	80005b08	40af5313	srai	x6,x30,0xa	 x30:0xffffffff  x6=0xffffffff
     261635.000 ns	     26162	80005b0c	4016d393	srai	x7,x13,0x1	 x13:0x00000001  x7=0x00000000
     261655.000 ns	     26164	80005b10	201500d3	fsgnj.s	f1,f10,f1	 f10:0x4f800000  f1:0xff800000  f1=0xcf800000
     261675.000 ns	     26166	80005b14	01738033	add	x0,x7,x23	  x7:0x00000000 x23:0x00000000
     261685.000 ns	     26167	80005b18	bd667e13	andi	x28,x12,-1066	 x12:0x44c62000 x28=0x44c62000
     261695.000 ns	     26168	80005b1c	01f72033	slt	x0,x14,x31	 x14:0x00000000 x31:0xfafeddbe
     261715.000 ns	     26170	80005b20	d00ff453	fcvt.s.w	f8,x31	 x31:0xfafeddbe  f8=0xcca02448
     261745.000 ns	     26173	80005b24	20e9a1d3	fsgnjx.s	f3,f19,f14	 f19:0x7fc00000 f14:0x7f800000  f3=0x7fc00000
     261765.000 ns	     26175	80005b28	41545d93	srai	x27,x8,0x15	  x8:0xffffffff x27=0xffffffff
     261785.000 ns	     26177	80005b2c	c00aa453	fcvt.w.s	x8,f21	 f21:0xff800000  x8=0x80000000
     261825.000 ns	     26181	80005b30	10630bd3	fmul.s	f23,f6,f6	  f6:0xff800000  f6:0xff800000 f23=0x7f800000
     262195.000 ns	     26218	80005b34	02c8fcb3	remu	x25,x17,x12	 x17:0x80041024 x12:0x44c62000 x25=0x3b3df024
     262225.000 ns	     26221	80005b38	a19904d3	fle.s	x9,f18,f25	 f18:0x80000000 f25:0x7f800000  x9=0x00000001
     262245.000 ns	     26223	80005b3c	8910f213	andi	x4,x1,-1903	  x1:0x00000000  x4=0x00000000
     262255.000 ns	     26224	80005b40	a3e73693	sltiu	x13,x14,-1474	 x14:0x00000000 x13=0x00000001
     262275.000 ns	     26226	80005b44	c000a953	fcvt.w.s	x18,f1	  f1:0xcf800000 x18=0x80000000
     262295.000 ns	     26228	80005b48	d042c113	xori	x2,x5,-764	  x5:0x00000004  x2=0xfffffd00
     262315.000 ns	     26230	80005b4c	20b40453	fsgnj.s	f8,f8,f11	  f8:0xcca02448 f11:0xcefff7df  f8=0xcca02448
     262345.000 ns	     26233	80005b50	a1808453	fle.s	x8,f1,f24	  f1:0xcf800000 f24:0xff800000  x8=0x00000000
     262365.000 ns	     26235	80005b54	40a95813	srai	x16,x18,0xa	 x18:0x80000000 x16=0xffe00000
     262725.000 ns	     26271	80005b58	02b5ec33	rem	x24,x11,x11	 x11:0xffffffff x11:0xffffffff x24=0x00000000
     262755.000 ns	     26274	80005b5c	2137a453	fsgnjx.s	f8,f15,f19	 f15:0x00000000 f19:0x7fc00000  f8=0x00000000
     262785.000 ns	     26277	80005b60	e0020b53	fmv.x.w	x22,f4	  f4:0x4f7bffde x22=0x4f7bffde
     262805.000 ns	     26279	80005b64	01fa0433	add	x8,x20,x31	 x20:0xffffffff x31:0xfafeddbe  x8=0xfafeddbd
     262815.000 ns	     26280	80005b68	01fd5e33	srl	x28,x26,x31	 x26:0x00000001 x31:0xfafeddbe x28=0x00000000
     262835.000 ns	     26282	80005b6c	20e8add3	fsgnjx.s	f27,f17,f14	 f17:0x4f800000 f14:0x7f800000 f27=0x4f800000
     263205.000 ns	     26319	80005b70	029f5933	divu	x18,x30,x9	 x30:0xffffffff  x9:0x00000001 x18=0xffffffff
     263235.000 ns	     26322	80005b74	29b18253	fmin.s	f4,f3,f27	  f3:0x7fc00000 f27:0x4f800000  f4=0x4f800000
     263255.000 ns	     26324	80005b78	01b9b1b3	sltu	x3,x19,x27	 x19:0x00000010 x27:0xffffffff  x3=0x00000001
     263615.000 ns	     26360	80005b7c	0229ce33	div	x28,x19,x2	 x19:0x00000010  x2:0xfffffd00 x28=0x00000000
     263635.000 ns	     26362	80005b80	41b5dc93	srai	x25,x11,0x1b	 x11:0xffffffff x25=0xffffffff
     263655.000 ns	     26364	80005b84	0311a7b3	mulhsu	x15,x3,x17	  x3:0x00000001 x17:0x80041024 x15=0x00000000
     263705.000 ns	     26369	80005b88	082f7c53	fsub.s	f24,f30,f2	 f30:0x7fc00000  f2:0x00000000 f24=0x7fc00000
     263735.000 ns	     26372	80005b8c	03f0a133	mulhsu	x2,x1,x31	  x1:0x00000000 x31:0xfafeddbe  x2=0x00000000
     263765.000 ns	     26375	80005b90	02910f33	mul	x30,x2,x9	  x2:0xfffffd00  x9:0x00000001 x30=0x00000000
     263785.000 ns	     26377	80005b94	00798333	add	x6,x19,x7	 x19:0x00000010  x7:0x00000000  x6=0x00000010
     263795.000 ns	     26378	80005b98	007ad293	srli	x5,x21,0x7	 x21:0x8004103f  x5=0x01000820
     263815.000 ns	     26380	80005b9c	03e4c833	div	x16,x9,x30	  x9:0x00000001 x30:0x00000000 x16=0xffffffff
     263845.000 ns	     26383	80005ba0	295c09d3	fmin.s	f19,f24,f21	 f24:0x7fc00000 f21:0xff800000 f19=0xff800000
     263865.000 ns	     26385	80005ba4	2c28ddb7	lui	x27,0x2c28d	 x27=0x2c28d000
     263875.000 ns	     26386	80005ba8	417d8133	sub	x2,x27,x23	 x27:0xffffffff x23:0x00000000  x2=0x2c28d000
     263895.000 ns	     26388	80005bac	02a32133	mulhsu	x2,x6,x10	  x6:0x00000010 x10:0x00000000  x2=0x00000000
     263925.000 ns	     26391	80005bb0	a0d927d3	feq.s	x15,f18,f13	 f18:0x80000000 f13:0xff800000 x15=0x00000000
     263945.000 ns	     26393	80005bb4	40fb0533	sub	x10,x22,x15	 x22:0x4f7bffde x15:0x00000000 x10=0x4f7bffde
     263955.000 ns	     26394	80005bb8	375f8d13	addi	x26,x31,885	 x31:0xfafeddbe x26=0xfafee133
     263965.000 ns	     26395	80005bbc	8e53f693	andi	x13,x7,-1819	  x7:0x00000000 x13=0x00000000
     263985.000 ns	     26397	80005bc0	02c99933	mulh	x18,x19,x12	 x19:0x00000010 x12:0x44c62000 x18=0x00000004
     264005.000 ns	     26399	80005bc4	e01a0913	addi	x18,x20,-511	 x20:0xffffffff x18=0xfffffe00
     264025.000 ns	     26401	80005bc8	03d29533	mulh	x10,x5,x29	  x5:0x01000820 x29:0x80040fe4 x10=0xff800000
     265205.000 ns	     26519	80005bcc	58050553	fsqrt.s	f10,f10	 f10:0x4f800000 f10=0x477fffae
     265225.000 ns	     26521	80005bd0	01afc733	xor	x14,x31,x26	 x31:0xfafeddbe x26:0xfafee133 x14=0x00003c8d
     265235.000 ns	     26522	80005bd4	01741113	slli	x2,x8,0x17	  x8:0xfafeddbd  x2=0xde800000
     265255.000 ns	     26524	80005bd8	c00d16d3	fcvt.w.s	x13,f26	 f26:0x80000000 x13=0x00000000
     265295.000 ns	     26528	80005bdc	580d0cd3	fsqrt.s	f25,f26	 f26:0x80000000 f25=0x80000000
     265325.000 ns	     26531	80005be0	03e09333	mulh	x6,x1,x30	  x1:0x00000000 x30:0x00000000  x6=0x00000000
     265345.000 ns	     26533	80005be4	412d00b3	sub	x1,x26,x18	 x26:0xfafee133 x18:0xfffffe00  x1=0xfafee333
     265365.000 ns	     26535	80005be8	a16a0d53	fle.s	x26,f20,f22	 f20:0x4f800000 f22:0xffffffff x26=0x00000000
     265385.000 ns	     26537	80005bec	8a170013	addi	x0,x14,-1887	 x14:0x00003c8d
     265405.000 ns	     26539	80005bf0	c0177f53	fcvt.wu.s	x30,f14	 f14:0x7f800000 x30=0xffffffff
     265425.000 ns	     26541	80005bf4	00cd8d33	add	x26,x27,x12	 x27:0x2c28d000 x12:0x44c62000 x26=0x70eef000
     265435.000 ns	     26542	80005bf8	f9dea413	slti	x8,x29,-99	 x29:0x80040fe4  x8=0x00000001
     265455.000 ns	     26544	80005bfc	2098add3	fsgnjx.s	f27,f17,f9	 f17:0x4f800000  f9:0x80000000 f27=0xcf800000
     265475.000 ns	     26546	80005c00	e659f293	andi	x5,x19,-411	 x19:0x00000010  x5=0x00000000
     265495.000 ns	     26548	80005c04	f00e0fd3	fmv.w.x	f31,x28	 x28:0x00000000 f31=0x00000000
     265515.000 ns	     26550	80005c08	c86ea793	slti	x15,x29,-890	 x29:0x80040fe4 x15=0x00000001
     265535.000 ns	     26552	80005c0c	e00e0a53	fmv.x.w	x20,f28	 f28:0x80000000 x20=0x80000000
     265565.000 ns	     26555	80005c10	a1659b53	flt.s	x22,f11,f22	 f11:0xcefff7df f22:0xffffffff x22=0x00000000
     265585.000 ns	     26557	80005c14	a8fed7b7	lui	x15,0xa8fed	 x15=0xa8fed000
     265605.000 ns	     26559	80005c18	024c7b33	remu	x22,x24,x4	 x24:0x00000000  x4:0x00000000 x22=0x00000000
     265625.000 ns	     26561	80005c1c	32432313	slti	x6,x6,804	  x6:0x00000000  x6=0x00000001
     265645.000 ns	     26563	80005c20	21bd87d3	fsgnj.s	f15,f27,f27	 f27:0xcf800000 f27:0xcf800000 f15=0xcf800000
     265675.000 ns	     26566	80005c24	28b88353	fmin.s	f6,f17,f11	 f17:0x4f800000 f11:0xcefff7df  f6=0xcefff7df
     266855.000 ns	     26684	80005c28	580231d3	fsqrt.s	f3,f4	  f4:0x4f800000  f3=0x477fffae
     266875.000 ns	     26686	80005c2c	d162fb13	andi	x22,x5,-746	  x5:0x00000000 x22=0x00000000
     266895.000 ns	     26688	80005c30	036d6833	rem	x16,x26,x22	 x26:0x70eef000 x22:0x00000000 x16=0x70eef000
     266915.000 ns	     26690	80005c34	42172393	slti	x7,x14,1057	 x14:0x00003c8d  x7=0x00000000
     266945.000 ns	     26693	80005c38	18443553	fdiv.s	f10,f8,f4	  f8:0x00000000  f4:0x4f800000 f10=0x00000000
     266975.000 ns	     26696	80005c3c	29c180d3	fmin.s	f1,f3,f28	  f3:0x477fffae f28:0x80000000  f1=0x80000000
     267005.000 ns	     26699	80005c40	02057333	remu	x6,x10,x0	 x10:0xff800000  x0:0x00000000  x6=0xff800000
     267025.000 ns	     26701	80005c44	015693b3	sll	x7,x13,x21	 x13:0x00000000 x21:0x8004103f  x7=0x00000000
     267035.000 ns	     26702	80005c48	019e1b93	slli	x23,x28,0x19	 x28:0x00000000 x23=0x00000000
     267055.000 ns	     26704	80005c4c	21512353	fsgnjx.s	f6,f2,f21	  f2:0x00000000 f21:0xff800000  f6=0x80000000
     267075.000 ns	     26706	80005c50	01d4b433	sltu	x8,x9,x29	  x9:0x00000001 x29:0x80040fe4  x8=0x00000001
     267085.000 ns	     26707	80005c54	0132a7b3	slt	x15,x5,x19	  x5:0x00000000 x19:0x00000010 x15=0x00000001
     267095.000 ns	     26708	80005c58	005b2d33	slt	x26,x22,x5	 x22:0x00000000  x5:0x00000000 x26=0x00000000
     267455.000 ns	     26744	80005c5c	0341e1b3	rem	x3,x3,x20	  x3:0x00000001 x20:0x80000000  x3=0x00000001
     267485.000 ns	     26747	80005c60	e0039353	fclass.s	x6,f7	  f7:0xff800000  x6=0x00000001
     267515.000 ns	     26750	80005c64	213804d3	fsgnj.s	f9,f16,f19	 f16:0x4f7bffde f19:0xff800000  f9=0xcf7bffde
     267565.000 ns	     26755	80005c68	086176d3	fsub.s	f13,f2,f6	  f2:0x00000000  f6:0x80000000 f13=0x00000000
     267595.000 ns	     26758	80005c6c	0379a6b3	mulhsu	x13,x19,x23	 x19:0x00000010 x23:0x00000000 x13=0x00000000
     267625.000 ns	     26761	80005c70	203214d3	fsgnjn.s	f9,f4,f3	  f4:0x4f800000  f3:0x477fffae  f9=0xcf800000
     267655.000 ns	     26764	80005c74	28ca9ad3	fmax.s	f21,f21,f12	 f21:0xff800000 f12:0x4f800000 f21=0x4f800000
     267685.000 ns	     26767	80005c78	c00af053	fcvt.w.s	x0,f21	 f21:0xff800000
     267705.000 ns	     26769	80005c7c	01881d33	sll	x26,x16,x24	 x16:0x70eef000 x24:0x00000000 x26=0x70eef000
     267725.000 ns	     26771	80005c80	d0107253	fcvt.s.wu	f4,x0	  x0:0x00000000  f4=0x00000000
     268095.000 ns	     26808	80005c84	02b9e033	rem	x0,x19,x11	 x19:0x00000010 x11:0xffffffff
     268125.000 ns	     26811	80005c88	c0190e53	fcvt.wu.s	x28,f18	 f18:0x80000000 x28=0x00000000
     268155.000 ns	     26814	80005c8c	298a0253	fmin.s	f4,f20,f24	 f20:0x4f800000 f24:0x7fc00000  f4=0x4f800000
     268175.000 ns	     26816	80005c90	58e18813	addi	x16,x3,1422	  x3:0x00000001 x16=0x0000058f
     268195.000 ns	     26818	80005c94	28700553	fmin.s	f10,f0,f7	  f0:0x7f800000  f7:0xff800000 f10=0xff800000
     268215.000 ns	     26820	80005c98	00815293	srli	x5,x2,0x8	  x2:0xde800000  x5=0x00de8000
     268225.000 ns	     26821	80005c9c	014c9013	slli	x0,x25,0x14	 x25:0xffffffff
     268245.000 ns	     26823	80005ca0	a04da753	feq.s	x14,f27,f4	 f27:0xcf800000  f4:0x4f800000 x14=0x00000000
     268265.000 ns	     26825	80005ca4	00f96733	or	x14,x18,x15	 x18:0xfffffe00 x15:0x00000001 x14=0xfffffe01
     268285.000 ns	     26827	80005ca8	e00782d3	fmv.x.w	x5,f15	 f15:0xcf800000  x5=0xcf800000
     268315.000 ns	     26830	80005cac	e00b1253	fclass.s	x4,f22	 f22:0xffffffff  x4=0x00000200
     268345.000 ns	     26833	80005cb0	a1d59c53	flt.s	x24,f11,f29	 f11:0xcefff7df f29:0x80000000 x24=0x00000001
     268375.000 ns	     26836	80005cb4	0372a3b3	mulhsu	x7,x5,x23	  x5:0xcf800000 x23:0x00000000  x7=0x00000000
     268405.000 ns	     26839	80005cb8	f0078153	fmv.w.x	f2,x15	 x15:0x00000001  f2=0x00000001
     268425.000 ns	     26841	80005cbc	67a0f913	andi	x18,x1,1658	  x1:0xfafee333 x18=0x00000232
     268785.000 ns	     26877	80005cc0	03934b33	div	x22,x6,x25	  x6:0x00000001 x25:0xffffffff x22=0xffffffff
     268815.000 ns	     26880	80005cc4	020e2333	mulhsu	x6,x28,x0	 x28:0x00000000  x0:0x00000000  x6=0x00000000
     268845.000 ns	     26883	80005cc8	03293db3	mulhu	x27,x18,x18	 x18:0x00000232 x18:0x00000232 x27=0x00000000
     268865.000 ns	     26885	80005ccc	8cc17793	andi	x15,x2,-1844	  x2:0xde800000 x15=0xde800000
     268885.000 ns	     26887	80005cd0	025c3333	mulhu	x6,x24,x5	 x24:0x00000001  x5:0xcf800000  x6=0x00000000
     268905.000 ns	     26889	80005cd4	014adb93	srli	x23,x21,0x14	 x21:0x8004103f x23=0x00000800
     268915.000 ns	     26890	80005cd8	7372f413	andi	x8,x5,1847	  x5:0xcf800000  x8=0x00000000
     268935.000 ns	     26892	80005cdc	e0069cd3	fclass.s	x25,f13	 f13:0x00000000 x25=0x00000010
     268955.000 ns	     26894	80005ce0	0052c533	xor	x10,x5,x5	  x5:0xcf800000  x5:0xcf800000 x10=0x00000000
     268965.000 ns	     26895	80005ce4	19bfac93	slti	x25,x31,411	 x31:0xfafeddbe x25=0x00000001
     268975.000 ns	     26896	80005ce8	40245633	sra	x12,x8,x2	  x8:0x00000000  x2:0xde800000 x12=0x00000000
     268985.000 ns	     26897	80005cec	d91ae593	ori	x11,x21,-623	 x21:0x8004103f x11=0xfffffdbf
     268995.000 ns	     26898	80005cf0	01c5be33	sltu	x28,x11,x28	 x11:0xffffffff x28:0x00000000 x28=0x00000000
     269005.000 ns	     26899	80005cf4	414b81b3	sub	x3,x23,x20	 x23:0x00000800 x20:0x80000000  x3=0x80000800
     269025.000 ns	     26901	80005cf8	c0141c53	fcvt.wu.s	x24,f8	  f8:0x00000000 x24=0x00000000
     269045.000 ns	     26903	80005cfc	011319b3	sll	x19,x6,x17	  x6:0x00000000 x17:0x80041024 x19=0x00000000
     269055.000 ns	     26904	80005d00	3d228713	addi	x14,x5,978	  x5:0xcf800000 x14=0xcf8003d2
     269075.000 ns	     26906	80005d04	e0060553	fmv.x.w	x10,f12	 f12:0x4f800000 x10=0x4f800000
     269095.000 ns	     26908	80005d08	b7e4e993	ori	x19,x9,-1154	  x9:0x00000001 x19=0xfffffb7f
     269105.000 ns	     26909	80005d0c	0017c5b3	xor	x11,x15,x1	 x15:0xde800000  x1:0xfafee333 x11=0x247ee333
     269125.000 ns	     26911	80005d10	c00ec1d3	fcvt.w.s	x3,f29	 f29:0x80000000  x3=0x00000000
     269165.000 ns	     26915	80005d14	18042d53	fdiv.s	f26,f8,f0	  f8:0x00000000  f0:0x7f800000 f26=0x00000000
     269195.000 ns	     26918	80005d18	d0187553	fcvt.s.wu	f10,x16	 x16:0x0000058f f10=0x44b1e000
     269215.000 ns	     26920	80005d1c	ae9a8593	addi	x11,x21,-1303	 x21:0x8004103f x11=0x80040b28
     269225.000 ns	     26921	80005d20	414483b3	sub	x7,x9,x20	  x9:0x00000001 x20:0x80000000  x7=0x80000001
     269235.000 ns	     26922	80005d24	0170dd33	srl	x26,x1,x23	  x1:0xfafee333 x23:0x00000800 x26=0xfafee333
     269255.000 ns	     26924	80005d28	023dbe33	mulhu	x28,x27,x3	 x27:0x00000000  x3:0x00000000 x28=0x00000000
     269275.000 ns	     26926	80005d2c	00000013	addi	x0,x0,0	  x0:0x00000000
     269295.000 ns	     26928	80005d30	29710bd3	fmin.s	f23,f2,f23	  f2:0x00000001 f23:0x7f800000 f23=0x00000001
     269335.000 ns	     26932	80005d34	190b36d3	fdiv.s	f13,f22,f16	 f22:0xffffffff f16:0x4f7bffde f13=0x7fc00000
     269365.000 ns	     26935	80005d38	298a1bd3	fmax.s	f23,f20,f24	 f20:0x4f800000 f24:0x7fc00000 f23=0x4f800000
     269395.000 ns	     26938	80005d3c	20440553	fsgnj.s	f10,f8,f4	  f8:0x00000000  f4:0x4f800000 f10=0x00000000
     269425.000 ns	     26941	80005d40	c01f7a53	fcvt.wu.s	x20,f30	 f30:0x7fc00000 x20=0xffffffff
     269455.000 ns	     26944	80005d44	c004f4d3	fcvt.w.s	x9,f9	  f9:0xcf800000  x9=0x80000000
     269485.000 ns	     26947	80005d48	024c2c33	mulhsu	x24,x24,x4	 x24:0x00000000  x4:0x00000200 x24=0x00000000
     269515.000 ns	     26950	80005d4c	e0031e53	fclass.s	x28,f6	  f6:0x80000000 x28=0x00000008
     269535.000 ns	     26952	80005d50	83b17113	andi	x2,x2,-1989	  x2:0xde800000  x2=0xde800000
     269545.000 ns	     26953	80005d54	4952ec17	auipc	x24,0x4952e	 x24=0xc9533d54
     269565.000 ns	     26955	80005d58	02f8abb3	mulhsu	x23,x17,x15	 x17:0x80041024 x15:0xde800000 x23=0x90c38807
     269595.000 ns	     26958	80005d5c	20698d53	fsgnj.s	f26,f19,f6	 f19:0xff800000  f6:0x80000000 f26=0xff800000
     269625.000 ns	     26961	80005d60	03742133	mulhsu	x2,x8,x23	  x8:0x00000000 x23:0x90c38807  x2=0x00000000
     269655.000 ns	     26964	80005d64	029d92b3	mulh	x5,x27,x9	 x27:0x00000000  x9:0x80000000  x5=0x00000000
     269675.000 ns	     26966	80005d68	09a6ab13	slti	x22,x13,154	 x13:0x00000000 x22=0x00000001
     269695.000 ns	     26968	80005d6c	d0110f53	fcvt.s.wu	f30,x2	  x2:0x00000000 f30=0x00000000
     269725.000 ns	     26971	80005d70	21adadd3	fsgnjx.s	f27,f27,f26	 f27:0xcf800000 f26:0xff800000 f27=0x4f800000
     269755.000 ns	     26974	80005d74	212886d3	fsgnj.s	f13,f17,f18	 f17:0x4f800000 f18:0x80000000 f13=0xcf800000
     269785.000 ns	     26977	80005d78	21aa85d3	fsgnj.s	f11,f21,f26	 f21:0x4f800000 f26:0xff800000 f11=0xcf800000
     269815.000 ns	     26980	80005d7c	0288c933	div	x18,x17,x8	 x17:0x80041024  x8:0x00000000 x18=0xffffffff
     269835.000 ns	     26982	80005d80	41160f33	sub	x30,x12,x17	 x12:0x00000000 x17:0x80041024 x30=0x7ffbefdc
     269855.000 ns	     26984	80005d84	200528d3	fsgnjx.s	f17,f10,f0	 f10:0x00000000  f0:0x7f800000 f17=0x00000000
     269875.000 ns	     26986	80005d88	002736b3	sltu	x13,x14,x2	 x14:0xcf8003d2  x2:0x00000000 x13=0x00000000
     269885.000 ns	     26987	80005d8c	9054e393	ori	x7,x9,-1787	  x9:0x80000000  x7=0xfffff905
     269905.000 ns	     26989	80005d90	211689d3	fsgnj.s	f19,f13,f17	 f13:0xcf800000 f17:0x00000000 f19=0x4f800000
     269925.000 ns	     26991	80005d94	785f6b93	ori	x23,x30,1925	 x30:0x7ffbefdc x23=0x7ffbefdd
     269945.000 ns	     26993	80005d98	21059ad3	fsgnjn.s	f21,f11,f16	 f11:0xcf800000 f16:0x4f7bffde f21=0xcf800000
     269975.000 ns	     26996	80005d9c	a1da8653	fle.s	x12,f21,f29	 f21:0x4f800000 f29:0x80000000 x12=0x00000001
     269995.000 ns	     26998	80005da0	97042a93	slti	x21,x8,-1680	  x8:0x00000000 x21=0x00000000
     270015.000 ns	     27000	80005da4	03fbae33	mulhsu	x28,x23,x31	 x23:0x7ffbefdd x31:0xfafeddbe x28=0x7d7b7311
     270045.000 ns	     27003	80005da8	a0a483d3	fle.s	x7,f9,f10	  f9:0xcf800000 f10:0x00000000  x7=0x00000001
     270075.000 ns	     27006	80005dac	a0142cd3	feq.s	x25,f8,f1	  f8:0x00000000  f1:0x80000000 x25=0x00000001
     270095.000 ns	     27008	80005db0	413455b3	sra	x11,x8,x19	  x8:0x00000000 x19:0xfffffb7f x11=0x00000000
     270115.000 ns	     27010	80005db4	e00d0453	fmv.x.w	x8,f26	 f26:0xff800000  x8=0xff800000
     270135.000 ns	     27012	80005db8	975917b7	lui	x15,0x97591	 x15=0x97591000
     270155.000 ns	     27014	80005dbc	d002fbd3	fcvt.s.w	f23,x5	  x5:0x00000000 f23=0x00000000
     270175.000 ns	     27016	80005dc0	01a95933	srl	x18,x18,x26	 x18:0xffffffff x26:0xfafee333 x18=0x00001fff
     270185.000 ns	     27017	80005dc4	00260bb3	add	x23,x12,x2	 x12:0x00000001  x2:0x00000000 x23=0x00000001
     270205.000 ns	     27019	80005dc8	a11190d3	flt.s	x1,f3,f17	  f3:0x477fffae f17:0x00000000  x1=0x00000000
     270235.000 ns	     27022	80005dcc	02330d33	mul	x26,x6,x3	  x6:0x00000000  x3:0x00000000 x26=0x00000000
     270265.000 ns	     27025	80005dd0	a0c8a153	feq.s	x2,f17,f12	 f17:0x00000000 f12:0x4f800000  x2=0x00000000
     270305.000 ns	     27029	80005dd4	1178f9d3	fmul.s	f19,f17,f23	 f17:0x00000000 f23:0x00000000 f19=0x00000000
     270325.000 ns	     27031	80005dd8	92edb393	sltiu	x7,x27,-1746	 x27:0x00000000  x7=0x00000001
     270335.000 ns	     27032	80005ddc	01dc9a93	slli	x21,x25,0x1d	 x25:0x00000001 x21=0x20000000
     270345.000 ns	     27033	80005de0	030f9ab7	lui	x21,0x30f9	 x21=0x030f9000
     270365.000 ns	     27035	80005de4	212219d3	fsgnjn.s	f19,f4,f18	  f4:0x4f800000 f18:0x80000000 f19=0x4f800000
     270735.000 ns	     27072	80005de8	03ef52b3	divu	x5,x30,x30	 x30:0x7ffbefdc x30:0x7ffbefdc  x5=0x00000001
     270755.000 ns	     27074	80005dec	8a343693	sltiu	x13,x8,-1885	  x8:0xff800000 x13=0x00000001
     270775.000 ns	     27076	80005df0	206b9453	fsgnjn.s	f8,f23,f6	 f23:0x00000000  f6:0x80000000  f8=0x00000000
     270795.000 ns	     27078	80005df4	1bf97797	auipc	x15,0x1bf97	 x15=0x9bf9cdf4
     270825.000 ns	     27081	80005df8	10507d53	fmul.s	f26,f0,f5	  f0:0x7f800000  f5:0xff800000 f26=0xff800000
     270845.000 ns	     27083	80005dfc	01d89cb3	sll	x25,x17,x29	 x17:0x80041024 x29:0x80040fe4 x25=0x00410240
     270875.000 ns	     27086	80005e00	1975b3d3	fdiv.s	f7,f11,f23	 f11:0xcf800000 f23:0x00000000  f7=0xff800000
     270905.000 ns	     27089	80005e04	c0027953	fcvt.w.s	x18,f4	  f4:0x4f800000 x18=0x7fffffff
     270925.000 ns	     27091	80005e08	0149a1b3	slt	x3,x19,x20	 x19:0xfffffb7f x20:0xffffffff  x3=0x00000001
     270935.000 ns	     27092	80005e0c	013cce33	xor	x28,x25,x19	 x25:0x00410240 x19:0xfffffb7f x28=0xffbef93f
     270945.000 ns	     27093	80005e10	4122da93	srai	x21,x5,0x12	  x5:0x00000001 x21=0x00000000
     270955.000 ns	     27094	80005e14	000d5c13	srli	x24,x26,0x0	 x26:0x00000000 x24=0x00000000
     270965.000 ns	     27095	80005e18	00d3d193	srli	x3,x7,0xd	  x7:0x00000001  x3=0x00000000
     270985.000 ns	     27097	80005e1c	e00683d3	fmv.x.w	x7,f13	 f13:0xcf800000  x7=0xcf800000
     271015.000 ns	     27100	80005e20	02147033	remu	x0,x8,x1	  x8:0xff800000  x1:0x00000000
     271385.000 ns	     27137	80005e24	032ce533	rem	x10,x25,x18	 x25:0x00410240 x18:0x7fffffff x10=0x00410240
     271405.000 ns	     27139	80005e28	01438033	add	x0,x7,x20	  x7:0xcf800000 x20:0xffffffff
     271415.000 ns	     27140	80005e2c	5eb88737	lui	x14,0x5eb88	 x14=0x5eb88000
     271425.000 ns	     27141	80005e30	011c0c33	add	x24,x24,x17	 x24:0x00000000 x17:0x80041024 x24=0x80041024
     271445.000 ns	     27143	80005e34	286a10d3	fmax.s	f1,f20,f6	 f20:0x4f800000  f6:0x80000000  f1=0x4f800000
     271465.000 ns	     27145	80005e38	aaa68193	addi	x3,x13,-1366	 x13:0x00000001  x3=0xfffffaab
     271485.000 ns	     27147	80005e3c	036fa433	mulhsu	x8,x31,x22	 x31:0xfafeddbe x22:0x00000001  x8=0xffffffff
     271515.000 ns	     27150	80005e40	d00c7e53	fcvt.s.w	f28,x24	 x24:0x80041024 f28=0xcefff7df
     271535.000 ns	     27152	80005e44	24422a13	slti	x20,x4,580	  x4:0x00000200 x20=0x00000001
     271895.000 ns	     27188	80005e48	038bd4b3	divu	x9,x23,x24	 x23:0x00000001 x24:0x80041024  x9=0x00000000
     271925.000 ns	     27191	80005e4c	d01f4fd3	fcvt.s.wu	f31,x30	 x30:0x7ffbefdc f31=0x4efff7e0
     271945.000 ns	     27193	80005e50	01ccf233	and	x4,x25,x28	 x25:0x00410240 x28:0xffbef93f  x4=0x00000000
     272305.000 ns	     27229	80005e54	027cfdb3	remu	x27,x25,x7	 x25:0x00410240  x7:0xcf800000 x27=0x00410240
     272325.000 ns	     27231	80005e58	016cd333	srl	x6,x25,x22	 x25:0x00410240 x22:0x00000001  x6=0x00208120
     272345.000 ns	     27233	80005e5c	e00a81d3	fmv.x.w	x3,f21	 f21:0xcf800000  x3=0xcf800000
     272365.000 ns	     27235	80005e60	0191ea33	or	x20,x3,x25	  x3:0xfffffaab x25:0x00410240 x20=0xcfc10240
     272395.000 ns	     27238	80005e64	18107653	fdiv.s	f12,f0,f1	  f0:0x7f800000  f1:0x4f800000 f12=0x7f800000
     272415.000 ns	     27240	80005e68	00e55793	srli	x15,x10,0xe	 x10:0x00410240 x15=0x00000104
     272425.000 ns	     27241	80005e6c	006721b3	slt	x3,x14,x6	 x14:0x5eb88000  x6:0x00208120  x3=0x00000000
     272455.000 ns	     27244	80005e70	58037c53	fsqrt.s	f24,f6	  f6:0x80000000 f24=0x80000000
     272485.000 ns	     27247	80005e74	d01918d3	fcvt.s.wu	f17,x18	 x18:0x7fffffff f17=0x4effffff
     272525.000 ns	     27251	80005e78	580d7cd3	fsqrt.s	f25,f26	 f26:0xff800000 f25=0x7fc00000
     272545.000 ns	     27253	80005e7c	01229413	slli	x8,x5,0x12	  x5:0x00000001  x8=0x00040000
     272565.000 ns	     27255	80005e80	20f28353	fsgnj.s	f6,f5,f15	  f5:0xff800000 f15:0xcf800000  f6=0xff800000
     272595.000 ns	     27258	80005e84	036a20b3	mulhsu	x1,x20,x22	 x20:0xcfc10240 x22:0x00000001  x1=0xffffffff
     272615.000 ns	     27260	80005e88	41685193	srai	x3,x16,0x16	 x16:0x0000058f  x3=0x00000000
     272645.000 ns	     27263	80005e8c	5804fc53	fsqrt.s	f24,f9	  f9:0xcf800000 f24=0x7fc00000
     273015.000 ns	     27300	80005e90	03b8c7b3	div	x15,x17,x27	 x17:0x80041024 x27:0x00410240 x15=0xfffffe09
     273035.000 ns	     27302	80005e94	df1e5417	auipc	x8,0xdf1e5	  x8=0x5f1eae94
     273055.000 ns	     27304	80005e98	c01a7153	fcvt.wu.s	x2,f20	 f20:0x4f800000  x2=0x00000000
     273095.000 ns	     27308	80005e9c	58072253	fsqrt.s	f4,f14	 f14:0x7f800000  f4=0x7f800000
     273135.000 ns	     27312	80005ea0	58007353	fsqrt.s	f6,f0	  f0:0x7f800000  f6=0x7f800000
     273155.000 ns	     27314	80005ea4	00eb5b33	srl	x22,x22,x14	 x22:0x00000001 x14:0x5eb88000 x22=0x00000001
     273165.000 ns	     27315	80005ea8	1dde7e13	andi	x28,x28,477	 x28:0xffbef93f x28=0x0000011d
     273185.000 ns	     27317	80005eac	e0039953	fclass.s	x18,f7	  f7:0xff800000 x18=0x00000001
     273555.000 ns	     27354	80005eb0	039be033	rem	x0,x23,x25	 x23:0x00000001 x25:0x00410240
     273575.000 ns	     27356	80005eb4	009167b3	or	x15,x2,x9	  x2:0x00000000  x9:0x00000000 x15=0x00000000
     274745.000 ns	     27473	80005eb8	58019753	fsqrt.s	f14,f3	  f3:0x477fffae f14=0x4335042a
     274765.000 ns	     27475	80005ebc	00da9333	sll	x6,x21,x13	 x21:0x00000000 x13:0x00000001  x6=0x00000000
     274785.000 ns	     27477	80005ec0	286b0bd3	fmin.s	f23,f22,f6	 f22:0xffffffff  f6:0x7f800000 f23=0x7f800000
     274805.000 ns	     27479	80005ec4	413506b3	sub	x13,x10,x19	 x10:0x00410240 x19:0xfffffb7f x13=0x004106c1
     274825.000 ns	     27481	80005ec8	a177a0d3	feq.s	x1,f15,f23	 f15:0xcf800000 f23:0x7f800000  x1=0x00000000
     274855.000 ns	     27484	80005ecc	0340bcb3	mulhu	x25,x1,x20	  x1:0xffffffff x20:0xcfc10240 x25=0x00000000
     274885.000 ns	     27487	80005ed0	03c933b3	mulhu	x7,x18,x28	 x18:0x00000001 x28:0x0000011d  x7=0x00000000
     274915.000 ns	     27490	80005ed4	03b327b3	mulhsu	x15,x6,x27	  x6:0x00000000 x27:0x00410240 x15=0x00000000
     274945.000 ns	     27493	80005ed8	d01a8d53	fcvt.s.wu	f26,x21	 x21:0x00000000 f26=0x00000000
     274965.000 ns	     27495	80005edc	21558313	addi	x6,x11,533	 x11:0x00000000  x6=0x00000215
     274975.000 ns	     27496	80005ee0	01bcadb3	slt	x27,x25,x27	 x25:0x00000000 x27:0x00410240 x27=0x00000001
     275015.000 ns	     27500	80005ee4	01967053	fadd.s	f0,f12,f25	 f12:0x7f800000 f25:0x7fc00000  f0=0x7fc00000
     275035.000 ns	     27502	80005ee8	01b61113	slli	x2,x12,0x1b	 x12:0x00000001  x2=0x08000000
     275045.000 ns	     27503	80005eec	4169d513	srai	x10,x19,0x16	 x19:0xfffffb7f x10=0xffffffff
     275065.000 ns	     27505	80005ef0	03d30333	mul	x6,x6,x29	  x6:0x00000215 x29:0x80040fe4  x6=0x887515b4
     275085.000 ns	     27507	80005ef4	41a80533	sub	x10,x16,x26	 x16:0x0000058f x26:0x00000000 x10=0x0000058f
     275105.000 ns	     27509	80005ef8	02858d33	mul	x26,x11,x8	 x11:0x00000000  x8:0x5f1eae94 x26=0x00000000
     275125.000 ns	     27511	80005efc	0f4a0493	addi	x9,x20,244	 x20:0xcfc10240  x9=0xcfc10334
     275135.000 ns	     27512	80005f00	a7ec7217	auipc	x4,0xa7ec7	  x4=0x27eccf00
     275145.000 ns	     27513	80005f04	40b38db3	sub	x27,x7,x11	  x7:0x00000000 x11:0x00000000 x27=0x00000000
     275165.000 ns	     27515	80005f08	21a983d3	fsgnj.s	f7,f19,f26	 f19:0x4f800000 f26:0x00000000  f7=0x4f800000
     275185.000 ns	     27517	80005f0c	0106fd33	and	x26,x13,x16	 x13:0x004106c1 x16:0x0000058f x26=0x00000481
     275195.000 ns	     27518	80005f10	012477b3	and	x15,x8,x18	  x8:0x5f1eae94 x18:0x00000001 x15=0x00000000
     275205.000 ns	     27519	80005f14	411c5533	sra	x10,x24,x17	 x24:0x80041024 x17:0x80041024 x10=0xf8004102
     275215.000 ns	     27520	80005f18	bf9ba093	slti	x1,x23,-1031	 x23:0x00000001  x1=0x00000000
     275235.000 ns	     27522	80005f1c	024b2733	mulhsu	x14,x22,x4	 x22:0x00000001  x4:0x27eccf00 x14=0x00000000
     275265.000 ns	     27525	80005f20	a1d8a3d3	feq.s	x7,f17,f29	 f17:0x4effffff f29:0x80000000  x7=0x00000000
     275285.000 ns	     27527	80005f24	017b37b3	sltu	x15,x22,x23	 x22:0x00000001 x23:0x00000001 x15=0x00000000
     275305.000 ns	     27529	80005f28	02ca8833	mul	x16,x21,x12	 x21:0x00000000 x12:0x00000001 x16=0x00000000
     275335.000 ns	     27532	80005f2c	e00f8f53	fmv.x.w	x30,f31	 f31:0x4efff7e0 x30=0x4efff7e0
     275365.000 ns	     27535	80005f30	f00e04d3	fmv.w.x	f9,x28	 x28:0x0000011d  f9=0x0000011d
     275385.000 ns	     27537	80005f34	40d45293	srai	x5,x8,0xd	  x8:0x5f1eae94  x5=0x0002f8f5
     275395.000 ns	     27538	80005f38	bcbd2b13	slti	x22,x26,-1077	 x26:0x00000481 x22=0x00000000
     275415.000 ns	     27540	80005f3c	287905d3	fmin.s	f11,f18,f7	 f18:0x80000000  f7:0x4f800000 f11=0x80000000
     275445.000 ns	     27543	80005f40	d0122c53	fcvt.s.wu	f24,x4	  x4:0x27eccf00 f24=0x4e1fb33c
     275495.000 ns	     27548	80005f44	09407953	fsub.s	f18,f0,f20	  f0:0x7fc00000 f20:0x4f800000 f18=0x7fc00000
     275515.000 ns	     27550	80005f48	62e60413	addi	x8,x12,1582	 x12:0x00000001  x8=0x0000062f
     275535.000 ns	     27552	80005f4c	02b2f2b3	remu	x5,x5,x11	  x5:0x0002f8f5 x11:0x00000000  x5=0x0002f8f5
     275565.000 ns	     27555	80005f50	c00ffb53	fcvt.w.s	x22,f31	 f31:0x4efff7e0 x22=0x7ffbf000
     275595.000 ns	     27558	80005f54	e00497d3	fclass.s	x15,f9	  f9:0x0000011d x15=0x00000020
     275615.000 ns	     27560	80005f58	b2e38f13	addi	x30,x7,-1234	  x7:0x00000000 x30=0xfffffb2e
     275625.000 ns	     27561	80005f5c	0165d733	srl	x14,x11,x22	 x11:0x00000000 x22:0x7ffbf000 x14=0x00000000
     275635.000 ns	     27562	80005f60	24b1ab13	slti	x22,x3,587	  x3:0x00000000 x22=0x00000001
     275645.000 ns	     27563	80005f64	00412c33	slt	x24,x2,x4	  x2:0x08000000  x4:0x27eccf00 x24=0x00000001
     275665.000 ns	     27565	80005f68	03c903b3	mul	x7,x18,x28	 x18:0x00000001 x28:0x0000011d  x7=0x0000011d
     275695.000 ns	     27568	80005f6c	a1d68453	fle.s	x8,f13,f29	 f13:0xcf800000 f29:0x80000000  x8=0x00000001
     276035.000 ns	     27602	80005f70	191af6d3	fdiv.s	f13,f21,f17	 f21:0xcf800000 f17:0x4effffff f13=0xc0000000
     276075.000 ns	     27606	80005f74	11a848d3	fmul.s	f17,f16,f26	 f16:0x4f7bffde f26:0x00000000 f17=0x00000000
     276095.000 ns	     27608	80005f78	40fad293	srai	x5,x21,0xf	 x21:0x00000000  x5=0x00000000
     276115.000 ns	     27610	80005f7c	a1ff2953	feq.s	x18,f30,f31	 f30:0x00000000 f31:0x4efff7e0 x18=0x00000000
     276135.000 ns	     27612	80005f80	01af59b3	srl	x19,x30,x26	 x30:0xfffffb2e x26:0x00000481 x19=0x7ffffd97
     276145.000 ns	     27613	80005f84	00ea7e33	and	x28,x20,x14	 x20:0xcfc10240 x14:0x00000000 x28=0x00000000
     276185.000 ns	     27617	80005f88	094b1a53	fsub.s	f20,f22,f20	 f22:0xffffffff f20:0x4f800000 f20=0x7fc00000
     276215.000 ns	     27620	80005f8c	c00afad3	fcvt.w.s	x21,f21	 f21:0xcf800000 x21=0x80000000
     276265.000 ns	     27625	80005f90	01c10453	fadd.s	f8,f2,f28	  f2:0x00000001 f28:0xcefff7df  f8=0xcefff7df
     276285.000 ns	     27627	80005f94	00000013	addi	x0,x0,0	  x0:0x00000000
     276295.000 ns	     27628	80005f98	00079133	sll	x2,x15,x0	 x15:0x00000020  x0:0x00000000  x2=0x00000020
     276315.000 ns	     27630	80005f9c	a17580d3	fle.s	x1,f11,f23	 f11:0x80000000 f23:0x7f800000  x1=0x00000001
     276335.000 ns	     27632	80005fa0	0095b033	sltu	x0,x11,x9	 x11:0x00000000  x9:0xcfc10334
     276345.000 ns	     27633	80005fa4	00e5dc13	srli	x24,x11,0xe	 x11:0x00000000 x24=0x00000000
     276365.000 ns	     27635	80005fa8	a0cb0753	fle.s	x14,f22,f12	 f22:0xffffffff f12:0x7f800000 x14=0x00000000
     276395.000 ns	     27638	80005fac	20f282d3	fsgnj.s	f5,f5,f15	  f5:0xff800000 f15:0xcf800000  f5=0xff800000
     276425.000 ns	     27641	80005fb0	29d210d3	fmax.s	f1,f4,f29	  f4:0x7f800000 f29:0x80000000  f1=0x7f800000
     276455.000 ns	     27644	80005fb4	20be9353	fsgnjn.s	f6,f29,f11	 f29:0x80000000 f11:0x80000000  f6=0x00000000
     276475.000 ns	     27646	80005fb8	0053d493	srli	x9,x7,0x5	  x7:0x0000011d  x9=0x00000008
     276485.000 ns	     27647	80005fbc	41945f33	sra	x30,x8,x25	  x8:0x00000001 x25:0x00000000 x30=0x00000001
     276495.000 ns	     27648	80005fc0	f4c58d93	addi	x27,x11,-180	 x11:0x00000000 x27=0xffffff4c
     276505.000 ns	     27649	80005fc4	01602333	slt	x6,x0,x22	  x0:0x00000000 x22:0x00000001  x6=0x00000001
     276515.000 ns	     27650	80005fc8	00000013	addi	x0,x0,0	  x0:0x00000000
     276525.000 ns	     27651	80005fcc	039f0a97	auipc	x21,0x39f0	 x21=0x839f5fcc
     276545.000 ns	     27653	80005fd0	030b47b3	div	x15,x22,x16	 x22:0x00000001 x16:0x00000000 x15=0xffffffff
     276575.000 ns	     27656	80005fd4	0311bcb3	mulhu	x25,x3,x17	  x3:0x00000000 x17:0x80041024 x25=0x00000000
     276595.000 ns	     27658	80005fd8	00b0aab3	slt	x21,x1,x11	  x1:0x00000001 x11:0x00000000 x21=0x00000000
     276605.000 ns	     27659	80005fdc	aa2dc613	xori	x12,x27,-1374	 x27:0xffffff4c x12=0x000005ee
     276615.000 ns	     27660	80005fe0	00fd1713	slli	x14,x26,0xf	 x26:0x00000481 x14=0x02408000
     276635.000 ns	     27662	80005fe4	a1c59dd3	flt.s	x27,f11,f28	 f11:0x80000000 f28:0xcefff7df x27=0x00000000
     276665.000 ns	     27665	80005fe8	03680533	mul	x10,x16,x22	 x16:0x00000000 x22:0x00000001 x10=0x00000000
     276695.000 ns	     27668	80005fec	a06782d3	fle.s	x5,f15,f6	 f15:0xcf800000  f6:0x00000000  x5=0x00000001
     276715.000 ns	     27670	80005ff0	c7c1a113	slti	x2,x3,-900	  x3:0x00000000  x2=0x00000000
     276735.000 ns	     27672	80005ff4	d013f053	fcvt.s.wu	f0,x7	  x7:0x0000011d  f0=0x438e8000
     276765.000 ns	     27675	80005ff8	20571f53	fsgnjn.s	f30,f14,f5	 f14:0x4335042a  f5:0xff800000 f30=0x4335042a
     276795.000 ns	     27678	80005ffc	f0018ad3	fmv.w.x	f21,x3	  x3:0x00000000 f21=0x00000000
     276825.000 ns	     27681	80006000	28039a53	fmax.s	f20,f7,f0	  f7:0x4f800000  f0:0x438e8000 f20=0x4f800000
     276855.000 ns	     27684	80006004	038e04b3	mul	x9,x28,x24	 x28:0x00000000 x24:0x00000000  x9=0x00000000
     276905.000 ns	     27689	80006008	0863ab53	fsub.s	f22,f7,f6	  f7:0x4f800000  f6:0x00000000 f22=0x4f800000
     276925.000 ns	     27691	8000600c	0021dab3	srl	x21,x3,x2	  x3:0x00000000  x2:0x00000000 x21=0x00000000
     277285.000 ns	     27727	80006010	021bde33	divu	x28,x23,x1	 x23:0x00000001  x1:0x00000001 x28=0x00000001
     277305.000 ns	     27729	80006014	01075533	srl	x10,x14,x16	 x14:0x02408000 x16:0x00000000 x10=0x02408000
     277325.000 ns	     27731	80006018	c0140ad3	fcvt.wu.s	x21,f8	  f8:0xcefff7df x21=0x7ffbef80
     277345.000 ns	     27733	8000601c	00000013	addi	x0,x0,0	  x0:0x00000000
     277385.000 ns	     27737	80006020	09bfc5d3	fsub.s	f11,f31,f27	 f31:0x4efff7e0 f27:0x4f800000 f11=0xcf000410
     277415.000 ns	     27740	80006024	213824d3	fsgnjx.s	f9,f16,f19	 f16:0x4f7bffde f19:0x4f800000  f9=0x4f7bffde
     277445.000 ns	     27743	80006028	20379c53	fsgnjn.s	f24,f15,f3	 f15:0xcf800000  f3:0x477fffae f24=0xcf800000
     277495.000 ns	     27748	8000602c	0837f6d3	fsub.s	f13,f15,f3	 f15:0xcf800000  f3:0x477fffae f13=0xcf80007f
     277525.000 ns	     27751	80006030	a1ac2a53	feq.s	x20,f24,f26	 f24:0xcf800000 f26:0x00000000 x20=0x00000000
     277895.000 ns	     27788	80006034	02e04ab3	div	x21,x0,x14	  x0:0x00000000 x14:0x02408000 x21=0x00000000
     277915.000 ns	     27790	80006038	009d41b3	xor	x3,x26,x9	 x26:0x00000481  x9:0x00000000  x3=0x00000481
     277935.000 ns	     27792	8000603c	c00270d3	fcvt.w.s	x1,f4	  f4:0x7f800000  x1=0x7fffffff
     277955.000 ns	     27794	80006040	00eae9b3	or	x19,x21,x14	 x21:0x00000000 x14:0x02408000 x19=0x02408000
     277975.000 ns	     27796	80006044	a09a2053	feq.s	x0,f20,f9	 f20:0x4f800000  f9:0x4f7bffde
     277995.000 ns	     27798	80006048	00bc5bb3	srl	x23,x24,x11	 x24:0x00000000 x11:0x00000000 x23=0x00000000
     278015.000 ns	     27800	8000604c	a1402f53	feq.s	x30,f0,f20	  f0:0x438e8000 f20:0x4f800000 x30=0x00000000
     278045.000 ns	     27803	80006050	0351d4b3	divu	x9,x3,x21	  x3:0x00000481 x21:0x00000000  x9=0xffffffff
     278075.000 ns	     27806	80006054	20e19853	fsgnjn.s	f16,f3,f14	  f3:0x477fffae f14:0x4335042a f16=0xc77fffae
     278105.000 ns	     27809	80006058	28d802d3	fmin.s	f5,f16,f13	 f16:0x4f7bffde f13:0xcf80007f  f5=0xcf80007f
     279285.000 ns	     27927	8000605c	58017dd3	fsqrt.s	f27,f2	  f2:0x00000001 f27=0x1f350483
     279305.000 ns	     27929	80006060	01dde333	or	x6,x27,x29	 x27:0x00000000 x29:0x80040fe4  x6=0x80040fe4
     279315.000 ns	     27930	80006064	00000013	addi	x0,x0,0	  x0:0x00000000
     279335.000 ns	     27932	80006068	e00b85d3	fmv.x.w	x11,f23	 f23:0x7f800000 x11=0x7f800000
     279355.000 ns	     27934	8000606c	f15c7293	andi	x5,x24,-235	 x24:0x00000000  x5=0x00000000
     279365.000 ns	     27935	80006070	7c7e8d13	addi	x26,x29,1991	 x29:0x80040fe4 x26=0x800417ab
     279375.000 ns	     27936	80006074	00000013	addi	x0,x0,0	  x0:0x00000000
     279395.000 ns	     27938	80006078	c011f053	fcvt.wu.s	x0,f3	  f3:0x477fffae
     279435.000 ns	     27942	8000607c	580827d3	fsqrt.s	f15,f16	 f16:0xc77fffae f15=0x7fc00000
     279475.000 ns	     27946	80006080	103abfd3	fmul.s	f31,f21,f3	 f21:0x00000000  f3:0x477fffae f31=0x00000000
     279505.000 ns	     27949	80006084	02578c33	mul	x24,x15,x5	 x15:0xffffffff  x5:0x00000000 x24=0x00000000
     279525.000 ns	     27951	80006088	012f94b3	sll	x9,x31,x18	 x31:0xfafeddbe x18:0x00000000  x9=0xfafeddbe
     279545.000 ns	     27953	8000608c	a02f94d3	flt.s	x9,f31,f2	 f31:0x00000000  f2:0x00000001  x9=0x00000001
     279575.000 ns	     27956	80006090	a1751a53	flt.s	x20,f10,f23	 f10:0x00000000 f23:0x7f800000 x20=0x00000001
     279605.000 ns	     27959	80006094	e00787d3	fmv.x.w	x15,f15	 f15:0x7fc00000 x15=0x7fc00000
     279625.000 ns	     27961	80006098	014a14b3	sll	x9,x20,x20	 x20:0x00000001 x20:0x00000001  x9=0x00000002
     279635.000 ns	     27962	8000609c	b5cb8613	addi	x12,x23,-1188	 x23:0x00000000 x12=0xfffffb5c
     279655.000 ns	     27964	800060a0	20bb2bd3	fsgnjx.s	f23,f22,f11	 f22:0x4f800000 f11:0xcf000410 f23=0xcf800000
     279675.000 ns	     27966	800060a4	40abde13	srai	x28,x23,0xa	 x23:0x00000000 x28=0x00000000
     279705.000 ns	     27969	800060a8	5805f0d3	fsqrt.s	f1,f11	 f11:0xcf000410  f1=0x7fc00000
     279735.000 ns	     27972	800060ac	20fd11d3	fsgnjn.s	f3,f26,f15	 f26:0x00000000 f15:0x7fc00000  f3=0x80000000
     279755.000 ns	     27974	800060b0	017ffcb3	and	x25,x31,x23	 x31:0xfafeddbe x23:0x00000000 x25=0x00000000
     279775.000 ns	     27976	800060b4	d00c08d3	fcvt.s.w	f17,x24	 x24:0x00000000 f17=0x00000000
     280145.000 ns	     28013	800060b8	03fceb33	rem	x22,x25,x31	 x25:0x00000000 x31:0xfafeddbe x22=0x00000000
     280165.000 ns	     28015	800060bc	35da8013	addi	x0,x21,861	 x21:0x00000000
     280185.000 ns	     28017	800060c0	03592bb3	mulhsu	x23,x18,x21	 x18:0x00000000 x21:0x00000000 x23=0x00000000
     280215.000 ns	     28020	800060c4	e00999d3	fclass.s	x19,f19	 f19:0x4f800000 x19=0x00000040
     280235.000 ns	     28022	800060c8	82622a13	slti	x20,x4,-2010	  x4:0x27eccf00 x20=0x00000000
     280245.000 ns	     28023	800060cc	9f906693	ori	x13,x0,-1543	  x0:0x00000000 x13=0xfffff9f9
     280265.000 ns	     28025	800060d0	036a27b3	mulhsu	x15,x20,x22	 x20:0x00000001 x22:0x00000000 x15=0x00000000
     280295.000 ns	     28028	800060d4	e00f00d3	fmv.x.w	x1,f30	 f30:0x4335042a  x1=0x4335042a
     280325.000 ns	     28031	800060d8	c0147c53	fcvt.wu.s	x24,f8	  f8:0xcefff7df x24=0x7ffbef80
     280345.000 ns	     28033	800060dc	006634b3	sltu	x9,x12,x6	 x12:0xfffffb5c  x6:0x80040fe4  x9=0x00000000
     280365.000 ns	     28035	800060e0	d0027953	fcvt.s.w	f18,x4	  x4:0x27eccf00 f18=0x4e1fb33c
     280385.000 ns	     28037	800060e4	ca014c13	xori	x24,x2,-864	  x2:0x00000000 x24=0xfffffca0
     280405.000 ns	     28039	800060e8	214a0553	fsgnj.s	f10,f20,f20	 f20:0x4f800000 f20:0x4f800000 f10=0x4f800000
     280435.000 ns	     28042	800060ec	a16c9cd3	flt.s	x25,f25,f22	 f25:0x7fc00000 f22:0x4f800000 x25=0x00000000
     280455.000 ns	     28044	800060f0	6f33e697	auipc	x13,0x6f33e	 x13=0xef3440f0
     280815.000 ns	     28080	800060f4	033153b3	divu	x7,x2,x19	  x2:0x00000000 x19:0x00000040  x7=0x00000000
     280845.000 ns	     28083	800060f8	d0160e53	fcvt.s.wu	f28,x12	 x12:0xfffffb5c f28=0x4f7ffffb
     280865.000 ns	     28085	800060fc	0001fdb3	and	x27,x3,x0	  x3:0x00000481  x0:0x00000000 x27=0x00000000
     280885.000 ns	     28087	80006100	a0d20553	fle.s	x10,f4,f13	  f4:0x7f800000 f13:0xcf80007f x10=0x00000000
     280915.000 ns	     28090	80006104	c0141cd3	fcvt.wu.s	x25,f8	  f8:0xcefff7df x25=0x7ffbef80
     280945.000 ns	     28093	80006108	a13009d3	fle.s	x19,f0,f19	  f0:0x438e8000 f19:0x4f800000 x19=0x00000001
     280965.000 ns	     28095	8000610c	4138d913	srai	x18,x17,0x13	 x17:0x80041024 x18=0xfffff000
     280985.000 ns	     28097	80006110	e00a1c53	fclass.s	x24,f20	 f20:0x4f800000 x24=0x00000040
     281025.000 ns	     28101	80006114	580a8753	fsqrt.s	f14,f21	 f21:0x00000000 f14=0x00000000
     281045.000 ns	     28103	80006118	51b5b393	sltiu	x7,x11,1307	 x11:0x7f800000  x7=0x00000000
     281065.000 ns	     28105	8000611c	28588853	fmin.s	f16,f17,f5	 f17:0x00000000  f5:0xcf80007f f16=0xcf80007f
     281435.000 ns	     28142	80006120	03a7e033	rem	x0,x15,x26	 x15:0x00000000 x26:0x800417ab
     281475.000 ns	     28146	80006124	18679853	fdiv.s	f16,f15,f6	 f15:0x7fc00000  f6:0x00000000 f16=0x7fc00000
     281505.000 ns	     28149	80006128	03e72233	mulhsu	x4,x14,x30	 x14:0x02408000 x30:0x00000000  x4=0x00000000
     281525.000 ns	     28151	8000612c	b9aa4d97	auipc	x27,0xb9aa4	 x27=0x39aaa12c
     281535.000 ns	     28152	80006130	9b5ec117	auipc	x2,0x9b5ec	  x2=0x1b5f2130
     281545.000 ns	     28153	80006134	e6016f17	auipc	x30,0xe6016	 x30=0x6601c134
     281565.000 ns	     28155	80006138	03028833	mul	x16,x5,x16	  x5:0x00000000 x16:0x00000000 x16=0x00000000
     281595.000 ns	     28158	8000613c	020ea833	mulhsu	x16,x29,x0	 x29:0x80040fe4  x0:0x00000000 x16=0x00000000
     281935.000 ns	     28192	80006140	19407053	fdiv.s	f0,f0,f20	  f0:0x438e8000 f20:0x4f800000  f0=0x330e8000
     281965.000 ns	     28195	80006144	d0124fd3	fcvt.s.wu	f31,x4	  x4:0x00000000 f31=0x00000000
     281995.000 ns	     28198	80006148	a0c729d3	feq.s	x19,f14,f12	 f14:0x00000000 f12:0x7f800000 x19=0x00000000
     282045.000 ns	     28203	8000614c	08b000d3	fsub.s	f1,f0,f11	  f0:0x330e8000 f11:0xcf000410  f1=0x4f000410
     282065.000 ns	     28205	80006150	4041d793	srai	x15,x3,0x4	  x3:0x00000481 x15=0x00000048
     282085.000 ns	     28207	80006154	f0098c53	fmv.w.x	f24,x19	 x19:0x00000000 f24=0x00000000
     282115.000 ns	     28210	80006158	d00b7653	fcvt.s.w	f12,x22	 x22:0x00000000 f12=0x00000000
     282145.000 ns	     28213	8000615c	c0179dd3	fcvt.wu.s	x27,f15	 f15:0x7fc00000 x27=0xffffffff
     282165.000 ns	     28215	80006160	5b704813	xori	x16,x0,1463	  x0:0x00000000 x16=0x000005b7
     282195.000 ns	     28218	80006164	101c7c53	fmul.s	f24,f24,f1	 f24:0x00000000  f1:0x4f000410 f24=0x00000000
     282215.000 ns	     28220	80006168	60308ab7	lui	x21,0x60308	 x21=0x60308000
     282225.000 ns	     28221	8000616c	00de0633	add	x12,x28,x13	 x28:0x00000000 x13:0xef3440f0 x12=0xef3440f0
     282235.000 ns	     28222	80006170	00000013	addi	x0,x0,0	  x0:0x00000000
     282245.000 ns	     28223	80006174	00dd9913	slli	x18,x27,0xd	 x27:0xffffffff x18=0xffffe000
     282255.000 ns	     28224	80006178	bf888b13	addi	x22,x17,-1032	 x17:0x80041024 x22=0x80040c1c
     282265.000 ns	     28225	8000617c	41eb8133	sub	x2,x23,x30	 x23:0x00000000 x30:0x6601c134  x2=0x99fe3ecc
     282285.000 ns	     28227	80006180	2197a0d3	fsgnjx.s	f1,f15,f25	 f15:0x7fc00000 f25:0x7fc00000  f1=0x7fc00000
     283465.000 ns	     28345	80006184	58099c53	fsqrt.s	f24,f19	 f19:0x4f800000 f24=0x477fffae
     283485.000 ns	     28347	80006188	f0c46f37	lui	x30,0xf0c46	 x30=0xf0c46000
     283495.000 ns	     28348	8000618c	d459c393	xori	x7,x19,-699	 x19:0x00000000  x7=0xfffffd45
     283535.000 ns	     28352	80006190	0186f453	fadd.s	f8,f13,f24	 f13:0xcf80007f f24:0x477fffae  f8=0xcf7ffffe
     283555.000 ns	     28354	80006194	40f58a33	sub	x20,x11,x15	 x11:0x7f800000 x15:0x00000048 x20=0x7f7fffb8
     283565.000 ns	     28355	80006198	001afe33	and	x28,x21,x1	 x21:0x60308000  x1:0x4335042a x28=0x40300000
     283575.000 ns	     28356	8000619c	00075833	srl	x16,x14,x0	 x14:0x02408000  x0:0x00000000 x16=0x02408000
     283595.000 ns	     28358	800061a0	a1081053	flt.s	x0,f16,f16	 f16:0x7fc00000 f16:0x7fc00000
     283615.000 ns	     28360	800061a4	00c30633	add	x12,x6,x12	  x6:0x80040fe4 x12:0xef3440f0 x12=0x6f3850d4
     283635.000 ns	     28362	800061a8	214fa8d3	fsgnjx.s	f17,f31,f20	 f31:0x00000000 f20:0x4f800000 f17=0x00000000
     283655.000 ns	     28364	800061ac	9969b6b7	lui	x13,0x9969b	 x13=0x9969b000
     283665.000 ns	     28365	800061b0	162175b7	lui	x11,0x16217	 x11=0x16217000
     283675.000 ns	     28366	800061b4	93f9c413	xori	x8,x19,-1729	 x19:0x00000000  x8=0xfffff93f
     283685.000 ns	     28367	800061b8	015f99b3	sll	x19,x31,x21	 x31:0xfafeddbe x21:0x60308000 x19=0xfafeddbe
     283705.000 ns	     28369	800061bc	e0079b53	fclass.s	x22,f15	 f15:0x7fc00000 x22=0x00000200
     283735.000 ns	     28372	800061c0	d0139ad3	fcvt.s.wu	f21,x7	  x7:0xfffffd45 f21=0x4f7ffffd
     283785.000 ns	     28377	800061c4	09e037d3	fsub.s	f15,f0,f30	  f0:0x330e8000 f30:0x4335042a f15=0xc3350429
     283815.000 ns	     28380	800061c8	d01eb5d3	fcvt.s.wu	f11,x29	 x29:0x80040fe4 f11=0x4f000410
     283845.000 ns	     28383	800061cc	209596d3	fsgnjn.s	f13,f11,f9	 f11:0xcf000410  f9:0x4f7bffde f13=0xcf000410
     284215.000 ns	     28420	800061d0	03c073b3	remu	x7,x0,x28	  x0:0x00000000 x28:0x40300000  x7=0x00000000
     284245.000 ns	     28423	800061d4	a0531253	flt.s	x4,f6,f5	  f6:0x00000000  f5:0xcf80007f  x4=0x00000000
     284265.000 ns	     28425	800061d8	40715293	srai	x5,x2,0x7	  x2:0x99fe3ecc  x5=0xff33fc7d
     284295.000 ns	     28428	800061dc	18487dd3	fdiv.s	f27,f16,f4	 f16:0x7fc00000  f4:0x7f800000 f27=0x7fc00000
     284315.000 ns	     28430	800061e0	00000013	addi	x0,x0,0	  x0:0x00000000
     284335.000 ns	     28432	800061e4	295193d3	fmax.s	f7,f3,f21	  f3:0x80000000 f21:0x4f7ffffd  f7=0x4f7ffffd
     284355.000 ns	     28434	800061e8	80dd0d13	addi	x26,x26,-2035	 x26:0x800417ab x26=0x80040fb8
     284385.000 ns	     28437	800061ec	111e9653	fmul.s	f12,f29,f17	 f29:0x80000000 f17:0x00000000 f12=0x80000000
     284415.000 ns	     28440	800061f0	a0b014d3	flt.s	x9,f0,f11	  f0:0x330e8000 f11:0x4f000410  x9=0x00000001
     284435.000 ns	     28442	800061f4	01ebd313	srli	x6,x23,0x1e	 x23:0x00000000  x6=0x00000000
     284455.000 ns	     28444	800061f8	d0013fd3	fcvt.s.w	f31,x2	  x2:0x99fe3ecc f31=0xcecc0383
     284475.000 ns	     28446	800061fc	00672833	slt	x16,x14,x6	 x14:0x02408000  x6:0x80040fe4 x16=0x00000000
     284495.000 ns	     28448	80006200	214d08d3	fsgnj.s	f17,f26,f20	 f26:0x00000000 f20:0x4f800000 f17=0x00000000
     284525.000 ns	     28451	80006204	02d7b1b3	mulhu	x3,x15,x13	 x15:0x00000048 x13:0x9969b000  x3=0x0000002b
     284545.000 ns	     28453	80006208	00b88133	add	x2,x17,x11	 x17:0x80041024 x11:0x16217000  x2=0x96258024
     284565.000 ns	     28455	8000620c	a0942ad3	feq.s	x21,f8,f9	  f8:0xcf7ffffe  f9:0x4f7bffde x21=0x00000000
     284935.000 ns	     28492	80006210	02216533	rem	x10,x2,x2	  x2:0x99fe3ecc  x2:0x99fe3ecc x10=0x00000000
     284965.000 ns	     28495	80006214	a1d19953	flt.s	x18,f3,f29	  f3:0x80000000 f29:0x80000000 x18=0x00000000
     284985.000 ns	     28497	80006218	4154dc93	srai	x25,x9,0x15	  x9:0x00000001 x25=0x00000000
     285005.000 ns	     28499	8000621c	a01901d3	fle.s	x3,f18,f1	 f18:0x4e1fb33c  f1:0x7fc00000  x3=0x00000000
     285025.000 ns	     28501	80006220	1194ce37	lui	x28,0x1194c	 x28=0x1194c000
     285035.000 ns	     28502	80006224	01ece233	or	x4,x25,x30	 x25:0x00000000 x30:0xf0c46000  x4=0xf0c46000
     285055.000 ns	     28504	80006228	c01a9153	fcvt.wu.s	x2,f21	 f21:0x4f7ffffd  x2=0xfffffd00
     285085.000 ns	     28507	8000622c	a04b9253	flt.s	x4,f23,f4	 f23:0xcf800000  f4:0x7f800000  x4=0x00000001
     285115.000 ns	     28510	80006230	d000f5d3	fcvt.s.w	f11,x1	  x1:0x4335042a f11=0x4e866a08
     285145.000 ns	     28513	80006234	c0077cd3	fcvt.w.s	x25,f14	 f14:0x00000000 x25=0x00000000
     285175.000 ns	     28516	80006238	a1fda953	feq.s	x18,f27,f31	 f27:0x7fc00000 f31:0xcecc0383 x18=0x00000000
     285195.000 ns	     28518	8000623c	01a07bb3	and	x23,x0,x26	  x0:0x00000000 x26:0x80040fb8 x23=0x00000000
     285215.000 ns	     28520	80006240	c00d7cd3	fcvt.w.s	x25,f26	 f26:0x00000000 x25=0x00000000
     285245.000 ns	     28523	80006244	d003f5d3	fcvt.s.w	f11,x7	  x7:0x00000000 f11=0x00000000
     285265.000 ns	     28525	80006248	00bc63b3	or	x7,x24,x11	 x24:0x00000040 x11:0x16217000  x7=0x16217040
     285275.000 ns	     28526	8000624c	00f117b3	sll	x15,x2,x15	  x2:0xfffffd00 x15:0x00000048 x15=0xfffd0000
     285285.000 ns	     28527	80006250	00b23b33	sltu	x22,x4,x11	  x4:0x00000001 x11:0x16217000 x22=0x00000001
     285305.000 ns	     28529	80006254	a1fb9bd3	flt.s	x23,f23,f31	 f23:0xcf800000 f31:0xcecc0383 x23=0x00000001
     285325.000 ns	     28531	80006258	be188913	addi	x18,x17,-1055	 x17:0x80041024 x18=0x80040c05
     285335.000 ns	     28532	8000625c	00000013	addi	x0,x0,0	  x0:0x00000000
     285375.000 ns	     28536	80006260	099ef1d3	fsub.s	f3,f29,f25	 f29:0x80000000 f25:0x7fc00000  f3=0x7fc00000
     285405.000 ns	     28539	80006264	219a8553	fsgnj.s	f10,f21,f25	 f21:0x4f7ffffd f25:0x7fc00000 f10=0x4f7ffffd
     285435.000 ns	     28542	80006268	216987d3	fsgnj.s	f15,f19,f22	 f19:0x4f800000 f22:0x4f800000 f15=0x4f800000
     285455.000 ns	     28544	8000626c	f8f4ba93	sltiu	x21,x9,-113	  x9:0x00000001 x21=0x00000001
     285475.000 ns	     28546	80006270	21ff24d3	fsgnjx.s	f9,f30,f31	 f30:0x4335042a f31:0xcecc0383  f9=0xc335042a
     285495.000 ns	     28548	80006274	cde46c93	ori	x25,x8,-802	  x8:0xfffff93f x25=0xfffffdff
     285505.000 ns	     28549	80006278	f6e62313	slti	x6,x12,-146	 x12:0x6f3850d4  x6=0x00000000
     285535.000 ns	     28552	8000627c	580d75d3	fsqrt.s	f11,f26	 f26:0x00000000 f11=0x00000000
     285555.000 ns	     28554	80006280	00801f33	sll	x30,x0,x8	  x0:0x00000000  x8:0xfffff93f x30=0x00000000
     285595.000 ns	     28558	80006284	098bf4d3	fsub.s	f9,f23,f24	 f23:0xcf800000 f24:0x477fffae  f9=0xcf80007f
     285935.000 ns	     28592	80006288	197472d3	fdiv.s	f5,f8,f23	  f8:0xcf7ffffe f23:0xcf800000  f5=0x3efffffe
     285955.000 ns	     28594	8000628c	40280633	sub	x12,x16,x2	 x16:0x00000000  x2:0xfffffd00 x12=0x00000300
     285985.000 ns	     28597	80006290	117afcd3	fmul.s	f25,f21,f23	 f21:0x4f7ffffd f23:0xcf800000 f25=0xdf7ffffe
     286005.000 ns	     28599	80006294	01519a33	sll	x20,x3,x21	  x3:0x00000000 x21:0x00000001 x20=0x00000000
     286015.000 ns	     28600	80006298	01bc4233	xor	x4,x24,x27	 x24:0x00000040 x27:0xffffffff  x4=0xffffffbf
     286055.000 ns	     28604	8000629c	08187cd3	fsub.s	f25,f16,f1	 f16:0x7fc00000  f1:0x7fc00000 f25=0x7fc00000
     286095.000 ns	     28608	800062a0	181c7bd3	fdiv.s	f23,f24,f1	 f24:0x477fffae  f1:0x7fc00000 f23=0x7fc00000
     286135.000 ns	     28612	800062a4	11071153	fmul.s	f2,f14,f16	 f14:0x00000000 f16:0x7fc00000  f2=0x7fc00000
     286165.000 ns	     28615	800062a8	a1f683d3	fle.s	x7,f13,f31	 f13:0xcf000410 f31:0xcecc0383  x7=0x00000001
     286185.000 ns	     28617	800062ac	015ace33	xor	x28,x21,x21	 x21:0x00000001 x21:0x00000001 x28=0x00000000
     286205.000 ns	     28619	800062b0	f00e8f53	fmv.w.x	f30,x29	 x29:0x80040fe4 f30=0x80040fe4
     286255.000 ns	     28624	800062b4	011378d3	fadd.s	f17,f6,f17	  f6:0x00000000 f17:0x00000000 f17=0x00000000
     286285.000 ns	     28627	800062b8	030a3f33	mulhu	x30,x20,x16	 x20:0x00000000 x16:0x00000000 x30=0x00000000
     286305.000 ns	     28629	800062bc	01f21313	slli	x6,x4,0x1f	  x4:0xffffffbf  x6=0x80000000
     286325.000 ns	     28631	800062c0	205c9f53	fsgnjn.s	f30,f25,f5	 f25:0x7fc00000  f5:0x3efffffe f30=0xffc00000
     286345.000 ns	     28633	800062c4	cfce3c13	sltiu	x24,x28,-772	 x28:0x00000000 x24=0x00000001
     286355.000 ns	     28634	800062c8	006140b3	xor	x1,x2,x6	  x2:0xfffffd00  x6:0x80000000  x1=0x7ffffd00
     286365.000 ns	     28635	800062cc	01a29a93	slli	x21,x5,0x1a	  x5:0xff33fc7d x21=0xf4000000
     286385.000 ns	     28637	800062d0	20d707d3	fsgnj.s	f15,f14,f13	 f14:0x00000000 f13:0xcf000410 f15=0x80000000
     286405.000 ns	     28639	800062d4	107ed017	auipc	x0,0x107ed	
     286415.000 ns	     28640	800062d8	418d8333	sub	x6,x27,x24	 x27:0xffffffff x24:0x00000001  x6=0xfffffffe
     286435.000 ns	     28642	800062dc	e00999d3	fclass.s	x19,f19	 f19:0x4f800000 x19=0x00000040
     286465.000 ns	     28645	800062e0	033b9233	mulh	x4,x23,x19	 x23:0x00000001 x19:0xfafeddbe  x4=0x00000000
     286495.000 ns	     28648	800062e4	d01a9253	fcvt.s.wu	f4,x21	 x21:0xf4000000  f4=0x4f740000
     286525.000 ns	     28651	800062e8	2091a2d3	fsgnjx.s	f5,f3,f9	  f3:0x7fc00000  f9:0xcf80007f  f5=0xffc00000
     286555.000 ns	     28654	800062ec	02327d33	remu	x26,x4,x3	  x4:0x00000000  x3:0x00000000 x26=0x00000000
     286585.000 ns	     28657	800062f0	032539b3	mulhu	x19,x10,x18	 x10:0x00000000 x18:0x80040c05 x19=0x00000000
     286615.000 ns	     28660	800062f4	a0039ad3	flt.s	x21,f7,f0	  f7:0x4f7ffffd  f0:0x330e8000 x21=0x00000000
     286645.000 ns	     28663	800062f8	a15599d3	flt.s	x19,f11,f21	 f11:0x00000000 f21:0x4f7ffffd x19=0x00000001
     286665.000 ns	     28665	800062fc	01596633	or	x12,x18,x21	 x18:0x80040c05 x21:0x00000000 x12=0x80040c05
     286675.000 ns	     28666	80006300	01725013	srli	x0,x4,0x17	  x4:0x00000000
     286705.000 ns	     28669	80006304	183df9d3	fdiv.s	f19,f27,f3	 f27:0x7fc00000  f3:0x7fc00000 f19=0x7fc00000
     286735.000 ns	     28672	80006308	a13796d3	flt.s	x13,f15,f19	 f15:0x80000000 f19:0x4f800000 x13=0x00000000
     286765.000 ns	     28675	8000630c	02510c33	mul	x24,x2,x5	  x2:0xfffffd00  x5:0xff33fc7d x24=0x640a8900
     286795.000 ns	     28678	80006310	02ad95b3	mulh	x11,x27,x10	 x27:0xffffffff x10:0x00000000 x11=0x00000000
     286825.000 ns	     28681	80006314	a04f2d53	feq.s	x26,f30,f4	 f30:0xffc00000  f4:0x4f740000 x26=0x00000000
     286865.000 ns	     28685	80006318	58063153	fsqrt.s	f2,f12	 f12:0x80000000  f2=0x80000000
     286885.000 ns	     28687	8000631c	0074d833	srl	x16,x9,x7	  x9:0x00000001  x7:0x00000001 x16=0x00000000
     286895.000 ns	     28688	80006320	000e5613	srli	x12,x28,0x0	 x28:0x00000000 x12=0x00000000
     286915.000 ns	     28690	80006324	03414333	div	x6,x2,x20	  x2:0xfffffd00 x20:0x00000000  x6=0xffffffff
     286945.000 ns	     28693	80006328	f00e0753	fmv.w.x	f14,x28	 x28:0x00000000 f14=0x00000000
     286965.000 ns	     28695	8000632c	01f1b4b3	sltu	x9,x3,x31	  x3:0x00000000 x31:0xfafeddbe  x9=0x00000001
     287325.000 ns	     28731	80006330	02184533	div	x10,x16,x1	 x16:0x00000000  x1:0x7ffffd00 x10=0x00000000
     287345.000 ns	     28733	80006334	0118be33	sltu	x28,x17,x17	 x17:0x80041024 x17:0x80041024 x28=0x00000000
     287355.000 ns	     28734	80006338	06723d13	sltiu	x26,x4,103	  x4:0x00000000 x26=0x00000001
     287385.000 ns	     28737	8000633c	18a08e53	fdiv.s	f28,f1,f10	  f1:0x7fc00000 f10:0x4f7ffffd f28=0x7fc00000
     287405.000 ns	     28739	80006340	96ab3393	sltiu	x7,x22,-1686	 x22:0x00000001  x7=0x00000001
     287415.000 ns	     28740	80006344	0182fa33	and	x20,x5,x24	  x5:0xff33fc7d x24:0x640a8900 x20=0x64028800
     287435.000 ns	     28742	80006348	20419ed3	fsgnjn.s	f29,f3,f4	  f3:0x7fc00000  f4:0x4f740000 f29=0xffc00000
     287465.000 ns	     28745	8000634c	20810853	fsgnj.s	f16,f2,f8	  f2:0x80000000  f8:0xcf7ffffe f16=0x80000000
     287495.000 ns	     28748	80006350	a0a18ad3	fle.s	x21,f3,f10	  f3:0x7fc00000 f10:0x4f7ffffd x21=0x00000000
     287525.000 ns	     28751	80006354	03722433	mulhsu	x8,x4,x23	  x4:0x00000000 x23:0x00000001  x8=0x00000000
     287555.000 ns	     28754	80006358	29e68f53	fmin.s	f30,f13,f30	 f13:0xcf000410 f30:0xffc00000 f30=0xcf000410
     287585.000 ns	     28757	8000635c	0373bc33	mulhu	x24,x7,x23	  x7:0x00000001 x23:0x00000001 x24=0x00000000
     287605.000 ns	     28759	80006360	c7f24013	xori	x0,x4,-897	  x4:0x00000000
     287625.000 ns	     28761	80006364	d01fb353	fcvt.s.wu	f6,x31	 x31:0xfafeddbe  f6=0x4f7afede
     287645.000 ns	     28763	80006368	6393ae13	slti	x28,x7,1593	  x7:0x00000001 x28=0x00000001
     287685.000 ns	     28767	8000636c	0120b9d3	fadd.s	f19,f1,f18	  f1:0x7fc00000 f18:0x4e1fb33c f19=0x7fc00000
     287715.000 ns	     28770	80006370	201182d3	fsgnj.s	f5,f3,f1	  f3:0x7fc00000  f1:0x7fc00000  f5=0x7fc00000
     287735.000 ns	     28772	80006374	e8ef0a93	addi	x21,x30,-370	 x30:0x00000000 x21=0xfffffe8e
     288065.000 ns	     28805	80006378	188c0fd3	fdiv.s	f31,f24,f8	 f24:0x477fffae  f8:0xcf7ffffe f31=0xb77fffae
     288085.000 ns	     28807	8000637c	01ee3433	sltu	x8,x28,x30	 x28:0x00000001 x30:0x00000000  x8=0x00000000
     288105.000 ns	     28809	80006380	033f39b3	mulhu	x19,x30,x19	 x30:0x00000000 x19:0x00000001 x19=0x00000000
     288135.000 ns	     28812	80006384	20b99353	fsgnjn.s	f6,f19,f11	 f19:0x7fc00000 f11:0x00000000  f6=0xffc00000
     288165.000 ns	     28815	80006388	c0117953	fcvt.wu.s	x18,f2	  f2:0x80000000 x18=0x00000000
     288185.000 ns	     28817	8000638c	000c0233	add	x4,x24,x0	 x24:0x00000000  x0:0x00000000  x4=0x00000000
     288195.000 ns	     28818	80006390	40a98033	sub	x0,x19,x10	 x19:0x00000000 x10:0x00000000
     288205.000 ns	     28819	80006394	02c12413	slti	x8,x2,44	  x2:0xfffffd00  x8=0x00000001
     288215.000 ns	     28820	80006398	00787233	and	x4,x16,x7	 x16:0x00000000  x7:0x00000001  x4=0x00000000
     288235.000 ns	     28822	8000639c	211729d3	fsgnjx.s	f19,f14,f17	 f14:0x00000000 f17:0x00000000 f19=0x00000000
     288275.000 ns	     28826	800063a0	10affcd3	fmul.s	f25,f31,f10	 f31:0xb77fffae f10:0x4f7ffffd f25=0xc77fffab
     288295.000 ns	     28828	800063a4	41bf0333	sub	x6,x30,x27	 x30:0x00000000 x27:0xffffffff  x6=0x00000001
     288315.000 ns	     28830	800063a8	d00cfad3	fcvt.s.w	f21,x25	 x25:0xfffffdff f21=0xc4004000
     288345.000 ns	     28833	800063ac	e00d1ad3	fclass.s	x21,f26	 f26:0x00000000 x21=0x00000010
     288365.000 ns	     28835	800063b0	01ad3033	sltu	x0,x26,x26	 x26:0x00000001 x26:0x00000001
     288375.000 ns	     28836	800063b4	01fa57b3	srl	x15,x20,x31	 x20:0x64028800 x31:0xfafeddbe x15=0x00000001
     288735.000 ns	     28872	800063b8	03a0e533	rem	x10,x1,x26	  x1:0x7ffffd00 x26:0x00000001 x10=0x00000000
     288765.000 ns	     28875	800063bc	d00b8ed3	fcvt.s.w	f29,x23	 x23:0x00000001 f29=0x3f800000
     288795.000 ns	     28878	800063c0	f00086d3	fmv.w.x	f13,x1	  x1:0x7ffffd00 f13=0x7ffffd00
     288815.000 ns	     28880	800063c4	2d643013	sltiu	x0,x8,726	  x8:0x00000001
     288825.000 ns	     28881	800063c8	01c672b3	and	x5,x12,x28	 x12:0x00000000 x28:0x00000001  x5=0x00000000
     288865.000 ns	     28885	800063cc	08aaf7d3	fsub.s	f15,f21,f10	 f21:0xc4004000 f10:0x4f7ffffd f15=0xcf7fffff
     288915.000 ns	     28890	800063d0	00dbf1d3	fadd.s	f3,f23,f13	 f23:0x7fc00000 f13:0x7ffffd00  f3=0x7fc00000
     288935.000 ns	     28892	800063d4	007df133	and	x2,x27,x7	 x27:0xffffffff  x7:0x00000001  x2=0x00000001
     288965.000 ns	     28895	800063d8	580f4153	fsqrt.s	f2,f30	 f30:0xcf000410  f2=0x7fc00000
     288995.000 ns	     28898	800063dc	032937b3	mulhu	x15,x18,x18	 x18:0x00000000 x18:0x00000000 x15=0x00000000
     289025.000 ns	     28901	800063e0	02f0e133	rem	x2,x1,x15	  x1:0x7ffffd00 x15:0x00000001  x2=0x7ffffd00
     289075.000 ns	     28906	800063e4	01f4c2d3	fadd.s	f5,f9,f31	  f9:0xcf80007f f31:0xb77fffae  f5=0xcf80007f
     289095.000 ns	     28908	800063e8	79d7ed13	ori	x26,x15,1949	 x15:0x00000000 x26=0x0000079d
     289455.000 ns	     28944	800063ec	03fd47b3	div	x15,x26,x31	 x26:0x00000001 x31:0xfafeddbe x15=0x00000000
     289485.000 ns	     28947	800063f0	a04a0853	fle.s	x16,f20,f4	 f20:0x4f800000  f4:0x4f740000 x16=0x00000000
     289515.000 ns	     28950	800063f4	a039af53	feq.s	x30,f19,f3	 f19:0x00000000  f3:0x7fc00000 x30=0x00000000
     289545.000 ns	     28953	800063f8	a1c30053	fle.s	x0,f6,f28	  f6:0xffc00000 f28:0x7fc00000
     289575.000 ns	     28956	800063fc	025e56b3	divu	x13,x28,x5	 x28:0x00000001  x5:0x00000000 x13=0xffffffff
     289595.000 ns	     28958	80006400	859c3113	sltiu	x2,x24,-1959	 x24:0x00000000  x2=0x00000001
     289615.000 ns	     28960	80006404	c0017cd3	fcvt.w.s	x25,f2	  f2:0x7fc00000 x25=0x7fffffff
     289635.000 ns	     28962	80006408	40138633	sub	x12,x7,x1	  x7:0x00000001  x1:0x7ffffd00 x12=0x80000301
     289645.000 ns	     28963	8000640c	01480a33	add	x20,x16,x20	 x16:0x00000000 x20:0x64028800 x20=0x64028800
     289665.000 ns	     28965	80006410	286786d3	fmin.s	f13,f15,f6	 f15:0xcf7fffff  f6:0xffc00000 f13=0xcf7fffff
     290845.000 ns	     29083	80006414	580b70d3	fsqrt.s	f1,f22	 f22:0x4f800000  f1=0x477fffae
     290865.000 ns	     29085	80006418	4466fd13	andi	x26,x13,1094	 x13:0xffffffff x26=0x00000446
     290885.000 ns	     29087	8000641c	a0552e53	feq.s	x28,f10,f5	 f10:0x4f7ffffd  f5:0xcf80007f x28=0x00000000
     290905.000 ns	     29089	80006420	40d05d33	sra	x26,x0,x13	  x0:0x00000000 x13:0xffffffff x26=0x00000000
     290925.000 ns	     29091	80006424	e00a13d3	fclass.s	x7,f20	 f20:0x4f800000  x7=0x00000040
     290945.000 ns	     29093	80006428	41485313	srai	x6,x16,0x14	 x16:0x00000000  x6=0x00000000
     290955.000 ns	     29094	8000642c	00711333	sll	x6,x2,x7	  x2:0x00000001  x7:0x00000040  x6=0x00000001
     290975.000 ns	     29096	80006430	a1cbaf53	feq.s	x30,f23,f28	 f23:0x7fc00000 f28:0x7fc00000 x30=0x00000000
     290995.000 ns	     29098	80006434	0186ad33	slt	x26,x13,x24	 x13:0xffffffff x24:0x00000000 x26=0x00000001
     291035.000 ns	     29102	80006438	09667753	fsub.s	f14,f12,f22	 f12:0x80000000 f22:0x4f800000 f14=0xcf800000
     291055.000 ns	     29104	8000643c	a7327293	andi	x5,x4,-1421	  x4:0x00000000  x5=0x00000000
     291075.000 ns	     29106	80006440	02149633	mulh	x12,x9,x1	  x9:0x00000001  x1:0x7ffffd00 x12=0x00000000
     291095.000 ns	     29108	80006444	29c30217	auipc	x4,0x29c30	  x4=0xa9c36444
     292265.000 ns	     29225	80006448	5800ce53	fsqrt.s	f28,f1	  f1:0x477fffae f28=0x4335042a
     292285.000 ns	     29227	8000644c	536c8493	addi	x9,x25,1334	 x25:0x7fffffff  x9=0x80000535
     292305.000 ns	     29229	80006450	027294b3	mulh	x9,x5,x7	  x5:0x00000000  x7:0x00000040  x9=0x00000000
     292335.000 ns	     29232	80006454	033c1a33	mulh	x20,x24,x19	 x24:0x00000000 x19:0x00000000 x20=0x00000000
     292355.000 ns	     29234	80006458	0102a0b3	slt	x1,x5,x16	  x5:0x00000000 x16:0x00000000  x1=0x00000000
     292375.000 ns	     29236	8000645c	f00f05d3	fmv.w.x	f11,x30	 x30:0x00000000 f11=0x00000000
     292405.000 ns	     29239	80006460	c0187953	fcvt.wu.s	x18,f16	 f16:0x80000000 x18=0x00000000
     292425.000 ns	     29241	80006464	01277cb3	and	x25,x14,x18	 x14:0x02408000 x18:0x00000000 x25=0x00000000
     292445.000 ns	     29243	80006468	035e1a33	mulh	x20,x28,x21	 x28:0x00000000 x21:0x00000010 x20=0x00000000
     292815.000 ns	     29280	8000646c	02774233	div	x4,x14,x7	 x14:0x02408000  x7:0x00000040  x4=0x00090200
     292845.000 ns	     29283	80006470	023f3733	mulhu	x14,x30,x3	 x30:0x00000000  x3:0x00000000 x14=0x00000000
     292875.000 ns	     29286	80006474	29c69253	fmax.s	f4,f13,f28	 f13:0xcf7fffff f28:0x4335042a  f4=0x4335042a
     292905.000 ns	     29289	80006478	203604d3	fsgnj.s	f9,f12,f3	 f12:0x80000000  f3:0x7fc00000  f9=0x00000000
     292935.000 ns	     29292	8000647c	21b9ae53	fsgnjx.s	f28,f19,f27	 f19:0x00000000 f27:0x7fc00000 f28=0x00000000
     292965.000 ns	     29295	80006480	03b90433	mul	x8,x18,x27	 x18:0x00000000 x27:0xffffffff  x8=0x00000000
     292985.000 ns	     29297	80006484	0166af33	slt	x30,x13,x22	 x13:0xffffffff x22:0x00000001 x30=0x00000001
     293345.000 ns	     29333	80006488	036ac833	div	x16,x21,x22	 x21:0x00000010 x22:0x00000001 x16=0x00000010
     293365.000 ns	     29335	8000648c	1cea5437	lui	x8,0x1cea5	  x8=0x1cea5000
     293725.000 ns	     29371	80006490	03e25f33	divu	x30,x4,x30	  x4:0x00090200 x30:0x00000001 x30=0x00090200
     293755.000 ns	     29374	80006494	026a0c33	mul	x24,x20,x6	 x20:0x00000000  x6:0x00000001 x24=0x00000000
     293785.000 ns	     29377	80006498	034043b3	div	x7,x0,x20	  x0:0x00000000 x20:0x00000000  x7=0xffffffff
     293815.000 ns	     29380	8000649c	295918d3	fmax.s	f17,f18,f21	 f18:0x4e1fb33c f21:0xc4004000 f17=0x4e1fb33c
     293845.000 ns	     29383	800064a0	02513bb3	mulhu	x23,x2,x5	  x2:0x00000001  x5:0x00000000 x23=0x00000000
     293865.000 ns	     29385	800064a4	01310d33	add	x26,x2,x19	  x2:0x00000001 x19:0x00000000 x26=0x00000001
     293875.000 ns	     29386	800064a8	003cd133	srl	x2,x25,x3	 x25:0x00000000  x3:0x00000000  x2=0x00000000
     293885.000 ns	     29387	800064ac	2cea2c93	slti	x25,x20,718	 x20:0x00000000 x25=0x00000001
     293895.000 ns	     29388	800064b0	404f5913	srai	x18,x30,0x4	 x30:0x00090200 x18=0x00009020
     293915.000 ns	     29390	800064b4	a1d11853	flt.s	x16,f2,f29	  f2:0x7fc00000 f29:0x3f800000 x16=0x00000000
     293945.000 ns	     29393	800064b8	025ae433	rem	x8,x21,x5	 x21:0x00000010  x5:0x00000000  x8=0x00000010
     293975.000 ns	     29396	800064bc	21d827d3	fsgnjx.s	f15,f16,f29	 f16:0x80000000 f29:0x3f800000 f15=0x80000000
     293995.000 ns	     29398	800064c0	00369393	slli	x7,x13,0x3	 x13:0xffffffff  x7=0xfffffff8
     294035.000 ns	     29402	800064c4	01a18dd3	fadd.s	f27,f3,f26	  f3:0x7fc00000 f26:0x00000000 f27=0x7fc00000
     294055.000 ns	     29404	800064c8	004f9c93	slli	x25,x31,0x4	 x31:0xfafeddbe x25=0xafeddbe0
     294075.000 ns	     29406	800064cc	021e92b3	mulh	x5,x29,x1	 x29:0x80040fe4  x1:0x00000000  x5=0x00000000
     294115.000 ns	     29410	800064d0	11b72c53	fmul.s	f24,f14,f27	 f14:0xcf800000 f27:0x7fc00000 f24=0x7fc00000
     294145.000 ns	     29413	800064d4	c002f053	fcvt.w.s	x0,f5	  f5:0xcf80007f
     294175.000 ns	     29416	800064d8	024f12b3	mulh	x5,x30,x4	 x30:0x00090200  x4:0x00090200  x5=0x00000051
     294195.000 ns	     29418	800064dc	00ee5293	srli	x5,x28,0xe	 x28:0x00000000  x5=0x00000000
     294215.000 ns	     29420	800064e0	203a9753	fsgnjn.s	f14,f21,f3	 f21:0xc4004000  f3:0x7fc00000 f14=0xc4004000
     294245.000 ns	     29423	800064e4	d0147cd3	fcvt.s.wu	f25,x8	  x8:0x00000010 f25=0x41800000
     294265.000 ns	     29425	800064e8	d45d73b7	lui	x7,0xd45d7	  x7=0xd45d7000
     294275.000 ns	     29426	800064ec	48bbd937	lui	x18,0x48bbd	 x18=0x48bbd000
     294295.000 ns	     29428	800064f0	a14c03d3	fle.s	x7,f24,f20	 f24:0x7fc00000 f20:0x4f800000  x7=0x00000000
     294325.000 ns	     29431	800064f4	a19f9453	flt.s	x8,f31,f25	 f31:0xb77fffae f25:0x41800000  x8=0x00000001
     294355.000 ns	     29434	800064f8	208c13d3	fsgnjn.s	f7,f24,f8	 f24:0x7fc00000  f8:0xcf7ffffe  f7=0x7fc00000
     294385.000 ns	     29437	800064fc	d01372d3	fcvt.s.wu	f5,x6	  x6:0x00000001  f5=0x3f800000
     294405.000 ns	     29439	80006500	0026d993	srli	x19,x13,0x2	 x13:0xffffffff x19=0x3fffffff
     294425.000 ns	     29441	80006504	0239d933	divu	x18,x19,x3	 x19:0x00000000  x3:0x00000000 x18=0xffffffff
     294455.000 ns	     29444	80006508	2068add3	fsgnjx.s	f27,f17,f6	 f17:0x4e1fb33c  f6:0xffc00000 f27=0xce1fb33c
     294485.000 ns	     29447	8000650c	2089af53	fsgnjx.s	f30,f19,f8	 f19:0x00000000  f8:0xcf7ffffe f30=0x80000000
     294505.000 ns	     29449	80006510	25544813	xori	x16,x8,597	  x8:0x00000001 x16=0x00000254
     294545.000 ns	     29453	80006514	0006f7d3	fadd.s	f15,f13,f0	 f13:0xcf7fffff  f0:0x330e8000 f15=0xcf7fffff
     294595.000 ns	     29458	80006518	09a8fdd3	fsub.s	f27,f17,f26	 f17:0x4e1fb33c f26:0x00000000 f27=0x4e1fb33c
     294965.000 ns	     29495	8000651c	03a35c33	divu	x24,x6,x26	  x6:0x00000001 x26:0x00000001 x24=0x00000001
     294985.000 ns	     29497	80006520	87472b13	slti	x22,x14,-1932	 x14:0x00000000 x22=0x00000000
     294995.000 ns	     29498	80006524	90d9f013	andi	x0,x19,-1779	 x19:0x3fffffff
     295005.000 ns	     29499	80006528	01a959b3	srl	x19,x18,x26	 x18:0xffffffff x26:0x00000001 x19=0x7fffffff
     295365.000 ns	     29535	8000652c	02607933	remu	x18,x0,x6	  x0:0x00000000  x6:0x00000001 x18=0x00000000
     295385.000 ns	     29537	80006530	410e0cb3	sub	x25,x28,x16	 x28:0x00000000 x16:0x00000254 x25=0xfffffdac
     295745.000 ns	     29573	80006534	03874f33	div	x30,x14,x24	 x14:0x00000000 x24:0x00000001 x30=0x00000000
     295765.000 ns	     29575	80006538	003c1e33	sll	x28,x24,x3	 x24:0x00000001  x3:0x00000000 x28=0x00000001
     295775.000 ns	     29576	8000653c	01727633	and	x12,x4,x23	  x4:0x00090200 x23:0x00000000 x12=0x00000000
     295785.000 ns	     29577	80006540	40b98b33	sub	x22,x19,x11	 x19:0x7fffffff x11:0x00000000 x22=0x7fffffff
     295795.000 ns	     29578	80006544	d6c14b93	xori	x23,x2,-660	  x2:0x00000000 x23=0xfffffd6c
     295835.000 ns	     29582	80006548	09df7ad3	fsub.s	f21,f30,f29	 f30:0x80000000 f29:0x3f800000 f21=0xbf800000
     295855.000 ns	     29584	8000654c	009dd3b3	srl	x7,x27,x9	 x27:0xffffffff  x9:0x00000000  x7=0xffffffff
     295875.000 ns	     29586	80006550	21f015d3	fsgnjn.s	f11,f0,f31	  f0:0x330e8000 f31:0xb77fffae f11=0x330e8000
     295895.000 ns	     29588	80006554	00a5b0b3	sltu	x1,x11,x10	 x11:0x00000000 x10:0x00000000  x1=0x00000000
     295905.000 ns	     29589	80006558	0013ed33	or	x26,x7,x1	  x7:0xffffffff  x1:0x00000000 x26=0xffffffff
     295925.000 ns	     29591	8000655c	028d9033	mulh	x0,x27,x8	 x27:0xffffffff  x8:0x00000001
     295955.000 ns	     29594	80006560	d005fdd3	fcvt.s.w	f27,x11	 x11:0x00000000 f27=0x00000000
     295985.000 ns	     29597	80006564	02fa5233	divu	x4,x20,x15	 x20:0x00000000 x15:0x00000000  x4=0xffffffff
     296015.000 ns	     29600	80006568	21f21953	fsgnjn.s	f18,f4,f31	  f4:0x4335042a f31:0xb77fffae f18=0x4335042a
     296055.000 ns	     29604	8000656c	58031cd3	fsqrt.s	f25,f6	  f6:0xffc00000 f25=0x7fc00000
     296105.000 ns	     29609	80006570	0890c153	fsub.s	f2,f1,f9	  f1:0x477fffae  f9:0x00000000  f2=0x477fffae
     296125.000 ns	     29611	80006574	c3bba293	slti	x5,x23,-965	 x23:0xfffffd6c  x5=0x00000000
     296145.000 ns	     29613	80006578	28f586d3	fmin.s	f13,f11,f15	 f11:0x330e8000 f15:0xcf7fffff f13=0xcf7fffff
     296165.000 ns	     29615	8000657c	415f06b3	sub	x13,x30,x21	 x30:0x00000000 x21:0x00000010 x13=0xfffffff0
     296525.000 ns	     29651	80006580	03b1d933	divu	x18,x3,x27	  x3:0x00000000 x27:0xffffffff x18=0x00000000
     296555.000 ns	     29654	80006584	a12591d3	flt.s	x3,f11,f18	 f11:0x330e8000 f18:0x4335042a  x3=0x00000001
     296595.000 ns	     29658	80006588	1874fbd3	fdiv.s	f23,f9,f7	  f9:0x00000000  f7:0x7fc00000 f23=0x7fc00000
     296625.000 ns	     29661	8000658c	a1010053	fle.s	x0,f2,f16	  f2:0x477fffae f16:0x80000000
     296645.000 ns	     29663	80006590	01e29d33	sll	x26,x5,x30	  x5:0x00000000 x30:0x00000000 x26=0x00000000
     296655.000 ns	     29664	80006594	aba4f2b7	lui	x5,0xaba4f	  x5=0xaba4f000
     296675.000 ns	     29666	80006598	02b56233	rem	x4,x10,x11	 x10:0x00000000 x11:0x00000000  x4=0x00000000
     296695.000 ns	     29668	8000659c	00849133	sll	x2,x9,x8	  x9:0x00000000  x8:0x00000001  x2=0x00000000
     296725.000 ns	     29671	800065a0	58077653	fsqrt.s	f12,f14	 f14:0xc4004000 f12=0x7fc00000
     296745.000 ns	     29673	800065a4	016dde13	srli	x28,x27,0x16	 x27:0xffffffff x28=0x000003ff
     296785.000 ns	     29677	800065a8	09842053	fsub.s	f0,f8,f24	  f8:0xcf7ffffe f24:0x7fc00000  f0=0x7fc00000
     296815.000 ns	     29680	800065ac	a0921cd3	flt.s	x25,f4,f9	  f4:0x4335042a  f9:0x00000000 x25=0x00000000
     296835.000 ns	     29682	800065b0	c833e337	lui	x6,0xc833e	  x6=0xc833e000
     296845.000 ns	     29683	800065b4	0bb2aa13	slti	x20,x5,187	  x5:0xaba4f000 x20=0x00000001
     296865.000 ns	     29685	800065b8	a0541153	flt.s	x2,f8,f5	  f8:0xcf7ffffe  f5:0x3f800000  x2=0x00000001
     296885.000 ns	     29687	800065bc	e79e4213	xori	x4,x28,-391	 x28:0x000003ff  x4=0xfffffd86
     296895.000 ns	     29688	800065c0	414782b3	sub	x5,x15,x20	 x15:0x00000000 x20:0x00000001  x5=0xffffffff
     297225.000 ns	     29721	800065c4	1845f4d3	fdiv.s	f9,f11,f4	 f11:0x330e8000  f4:0x4335042a  f9=0x2f18f1fa
     297255.000 ns	     29724	800065c8	c00b8dd3	fcvt.w.s	x27,f23	 f23:0x7fc00000 x27=0x7fffffff
     297275.000 ns	     29726	800065cc	00c10ab3	add	x21,x2,x12	  x2:0x00000001 x12:0x00000000 x21=0x00000001
     297315.000 ns	     29730	800065d0	08952bd3	fsub.s	f23,f10,f9	 f10:0x4f7ffffd  f9:0x2f18f1fa f23=0x4f7ffffd
     297345.000 ns	     29733	800065d4	21259d53	fsgnjn.s	f26,f11,f18	 f11:0x330e8000 f18:0x4335042a f26=0xb30e8000
     297365.000 ns	     29735	800065d8	010b4ab3	xor	x21,x22,x16	 x22:0x7fffffff x16:0x00000254 x21=0x7ffffdab
     297395.000 ns	     29738	800065dc	11b577d3	fmul.s	f15,f10,f27	 f10:0x4f7ffffd f27:0x00000000 f15=0x00000000
     297425.000 ns	     29741	800065e0	02117433	remu	x8,x2,x1	  x2:0x00000001  x1:0x00000000  x8=0x00000001
     297455.000 ns	     29744	800065e4	03e79233	mulh	x4,x15,x30	 x15:0x00000000 x30:0x00000000  x4=0x00000000
     297475.000 ns	     29746	800065e8	01efb0b3	sltu	x1,x31,x30	 x31:0xfafeddbe x30:0x00000000  x1=0x00000000
     297485.000 ns	     29747	800065ec	8621eb17	auipc	x22,0x8621e	 x22=0x062245ec
     297495.000 ns	     29748	800065f0	41de5793	srai	x15,x28,0x1d	 x28:0x000003ff x15=0x00000000
     297855.000 ns	     29784	800065f4	03bdd3b3	divu	x7,x27,x27	 x27:0x7fffffff x27:0x7fffffff  x7=0x00000001
     297875.000 ns	     29786	800065f8	01e5a133	slt	x2,x11,x30	 x11:0x00000000 x30:0x00000000  x2=0x00000000
     297885.000 ns	     29787	800065fc	4173d993	srai	x19,x7,0x17	  x7:0x00000001 x19=0x00000000
     297895.000 ns	     29788	80006600	bdf22993	slti	x19,x4,-1057	  x4:0x00000000 x19=0x00000000
     297915.000 ns	     29790	80006604	a0140ad3	fle.s	x21,f8,f1	  f8:0xcf7ffffe  f1:0x477fffae x21=0x00000001
     297945.000 ns	     29793	80006608	204d06d3	fsgnj.s	f13,f26,f4	 f26:0xb30e8000  f4:0x4335042a f13=0x330e8000
     297975.000 ns	     29796	8000660c	a18d2ad3	feq.s	x21,f26,f24	 f26:0xb30e8000 f24:0x7fc00000 x21=0x00000000
     297995.000 ns	     29798	80006610	00c080b3	add	x1,x1,x12	  x1:0x00000000 x12:0x00000000  x1=0x00000000
     298005.000 ns	     29799	80006614	00000013	addi	x0,x0,0	  x0:0x00000000
     298015.000 ns	     29800	80006618	0022c933	xor	x18,x5,x2	  x5:0xffffffff  x2:0x00000000 x18=0xffffffff
     298035.000 ns	     29802	8000661c	02debe33	mulhu	x28,x29,x13	 x29:0x80040fe4 x13:0xfffffff0 x28=0x80040fdb
     298065.000 ns	     29805	80006620	03a40cb3	mul	x25,x8,x26	  x8:0x00000001 x26:0x00000000 x25=0x00000000
     298095.000 ns	     29808	80006624	a1ce2153	feq.s	x2,f28,f28	 f28:0x00000000 f28:0x00000000  x2=0x00000001
     298125.000 ns	     29811	80006628	02c4fa33	remu	x20,x9,x12	  x9:0x00000000 x12:0x00000000 x20=0x00000000
     298145.000 ns	     29813	8000662c	d5ce2913	slti	x18,x28,-676	 x28:0x80040fdb x18=0x00000001
     298165.000 ns	     29815	80006630	e0028f53	fmv.x.w	x30,f5	  f5:0x3f800000 x30=0x3f800000
     298185.000 ns	     29817	80006634	c82d4193	xori	x3,x26,-894	 x26:0x00000000  x3=0xfffffc82
     298205.000 ns	     29819	80006638	e0049bd3	fclass.s	x23,f9	  f9:0x2f18f1fa x23=0x00000040
     298235.000 ns	     29822	8000663c	d01e07d3	fcvt.s.wu	f15,x28	 x28:0x80040fdb f15=0x4f000410
     298255.000 ns	     29824	80006640	007d43b3	xor	x7,x26,x7	 x26:0x00000000  x7:0x00000001  x7=0x00000001
     298265.000 ns	     29825	80006644	00000013	addi	x0,x0,0	  x0:0x00000000
     298275.000 ns	     29826	80006648	41300533	sub	x10,x0,x19	  x0:0x00000000 x19:0x00000000 x10=0x00000000
     298295.000 ns	     29828	8000664c	a1e42bd3	feq.s	x23,f8,f30	  f8:0xcf7ffffe f30:0x80000000 x23=0x00000000
     298325.000 ns	     29831	80006650	29a01ed3	fmax.s	f29,f0,f26	  f0:0x7fc00000 f26:0xb30e8000 f29=0xb30e8000
     298355.000 ns	     29834	80006654	28c196d3	fmax.s	f13,f3,f12	  f3:0x7fc00000 f12:0x7fc00000 f13=0x7fc00000
     298375.000 ns	     29836	80006658	00bb9f13	slli	x30,x23,0xb	 x23:0x00000000 x30=0x00000000
     298405.000 ns	     29839	8000665c	102a4453	fmul.s	f8,f20,f2	 f20:0x4f800000  f2:0x477fffae  f8=0x577fffae
     298425.000 ns	     29841	80006660	009fe633	or	x12,x31,x9	 x31:0xfafeddbe  x9:0x00000000 x12=0xfafeddbe
     298455.000 ns	     29844	80006664	19f193d3	fdiv.s	f7,f3,f31	  f3:0x7fc00000 f31:0xb77fffae  f7=0x7fc00000
     298475.000 ns	     29846	80006668	3d3f8b13	addi	x22,x31,979	 x31:0xfafeddbe x22=0xfafee191
     298485.000 ns	     29847	8000666c	92e1ba93	sltiu	x21,x3,-1746	  x3:0xfffffc82 x21=0x00000000
     298495.000 ns	     29848	80006670	018f17b3	sll	x15,x30,x24	 x30:0x00000000 x24:0x00000001 x15=0x00000000
     298505.000 ns	     29849	80006674	00795813	srli	x16,x18,0x7	 x18:0x00000001 x16=0x00000000
     298525.000 ns	     29851	80006678	c01c2e53	fcvt.wu.s	x28,f24	 f24:0x7fc00000 x28=0xffffffff
     298545.000 ns	     29853	8000667c	00000013	addi	x0,x0,0	  x0:0x00000000
     298565.000 ns	     29855	80006680	28481753	fmax.s	f14,f16,f4	 f16:0x80000000  f4:0x4335042a f14=0x4335042a
     298595.000 ns	     29858	80006684	e0049f53	fclass.s	x30,f9	  f9:0x2f18f1fa x30=0x00000040
     298965.000 ns	     29895	80006688	02d6eb33	rem	x22,x13,x13	 x13:0xfffffff0 x13:0xfffffff0 x22=0x00000000
     298985.000 ns	     29897	8000668c	659a99b7	lui	x19,0x659a9	 x19=0x659a9000
     298995.000 ns	     29898	80006690	019575b3	and	x11,x10,x25	 x10:0x00000000 x25:0x00000000 x11=0x00000000
     299005.000 ns	     29899	80006694	2bd89917	auipc	x18,0x2bd89	 x18=0xabd8f694
     299025.000 ns	     29901	80006698	20a00653	fsgnj.s	f12,f0,f10	  f0:0x7fc00000 f10:0x4f7ffffd f12=0x7fc00000
     299055.000 ns	     29904	8000669c	a02b23d3	feq.s	x7,f22,f2	 f22:0x4f800000  f2:0x477fffae  x7=0x00000000
     299075.000 ns	     29906	800066a0	cd5a3093	sltiu	x1,x20,-811	 x20:0x00000000  x1=0x00000001
     299085.000 ns	     29907	800066a4	41528033	sub	x0,x5,x21	  x5:0xffffffff x21:0x00000000
     299095.000 ns	     29908	800066a8	01375533	srl	x10,x14,x19	 x14:0x00000000 x19:0x659a9000 x10=0x00000000
     299105.000 ns	     29909	800066ac	d7cb6c13	ori	x24,x22,-644	 x22:0x00000000 x24=0xfffffd7c
     299115.000 ns	     29910	800066b0	1c752093	slti	x1,x10,455	 x10:0x00000000  x1=0x00000001
     299135.000 ns	     29912	800066b4	d006fb53	fcvt.s.w	f22,x13	 x13:0xfffffff0 f22=0xc1800000
     299165.000 ns	     29915	800066b8	d016f9d3	fcvt.s.wu	f19,x13	 x13:0xfffffff0 f19=0x4f7fffff
     299185.000 ns	     29917	800066bc	4187de13	srai	x28,x15,0x18	 x15:0x00000000 x28=0x00000000
     299205.000 ns	     29919	800066c0	c00fff53	fcvt.w.s	x30,f31	 f31:0xb77fffae x30=0x00000000
     299225.000 ns	     29921	800066c4	401a82b3	sub	x5,x21,x1	 x21:0x00000000  x1:0x00000001  x5=0xffffffff
     299235.000 ns	     29922	800066c8	df152237	lui	x4,0xdf152	  x4=0xdf152000
     299255.000 ns	     29924	800066cc	036bcf33	div	x30,x23,x22	 x23:0x00000000 x22:0x00000000 x30=0xffffffff
     299295.000 ns	     29928	800066d0	11b22cd3	fmul.s	f25,f4,f27	  f4:0x4335042a f27:0x00000000 f25=0x00000000
     299665.000 ns	     29965	800066d4	03b169b3	rem	x19,x2,x27	  x2:0x00000001 x27:0x7fffffff x19=0x00000001
     299695.000 ns	     29968	800066d8	a0df9253	flt.s	x4,f31,f13	 f31:0xb77fffae f13:0x7fc00000  x4=0x00000000
     300065.000 ns	     30005	800066dc	02534533	div	x10,x6,x5	  x6:0xc833e000  x5:0xffffffff x10=0x37cc2000
     300085.000 ns	     30007	800066e0	293b4413	xori	x8,x22,659	 x22:0x00000000  x8=0x00000293
     300095.000 ns	     30008	800066e4	6964a213	slti	x4,x9,1686	  x9:0x00000000  x4=0x00000001
     300125.000 ns	     30011	800066e8	10a2f9d3	fmul.s	f19,f5,f10	  f5:0x3f800000 f10:0x4f7ffffd f19=0x4f7ffffe
     300175.000 ns	     30016	800066ec	012e8053	fadd.s	f0,f29,f18	 f29:0xb30e8000 f18:0x4335042a  f0=0x4335042a
     300205.000 ns	     30019	800066f0	03fe17b3	mulh	x15,x28,x31	 x28:0x00000000 x31:0xfafeddbe x15=0x00000000
     300255.000 ns	     30024	800066f4	09c932d3	fsub.s	f5,f18,f28	 f18:0x4335042a f28:0x00000000  f5=0x4335042a
     300275.000 ns	     30026	800066f8	dd0fc813	xori	x16,x31,-560	 x31:0xfafeddbe x16=0x0501206e
     300305.000 ns	     30029	800066fc	18ccf853	fdiv.s	f16,f25,f12	 f25:0x00000000 f12:0x7fc00000 f16=0x7fc00000
     300325.000 ns	     30031	80006700	ef2af013	andi	x0,x21,-270	 x21:0x00000000
     300335.000 ns	     30032	80006704	0045ae33	slt	x28,x11,x4	 x11:0x00000000  x4:0x00000001 x28=0x00000001
     300345.000 ns	     30033	80006708	ce487a93	andi	x21,x16,-796	 x16:0x0501206e x21=0x05012064
     300355.000 ns	     30034	8000670c	1d676193	ori	x3,x14,470	 x14:0x00000000  x3=0x000001d6
     300375.000 ns	     30036	80006710	03a2d033	divu	x0,x5,x26	  x5:0xffffffff x26:0x00000000
     300405.000 ns	     30039	80006714	a07883d3	fle.s	x7,f17,f7	 f17:0x4e1fb33c  f7:0x7fc00000  x7=0x00000000
     300435.000 ns	     30042	80006718	c01a7dd3	fcvt.wu.s	x27,f20	 f20:0x4f800000 x27=0x00000000
     300455.000 ns	     30044	8000671c	586ea5b7	lui	x11,0x586ea	 x11=0x586ea000
     300465.000 ns	     30045	80006720	16bee093	ori	x1,x29,363	 x29:0x80040fe4  x1=0x80040fef
     300485.000 ns	     30047	80006724	a04b8253	fle.s	x4,f23,f4	 f23:0x4f7ffffd  f4:0x4335042a  x4=0x00000000
     300505.000 ns	     30049	80006728	01988633	add	x12,x17,x25	 x17:0x80041024 x25:0x00000000 x12=0x80041024
     300515.000 ns	     30050	8000672c	00849e13	slli	x28,x9,0x8	  x9:0x00000000 x28=0x00000000
     300535.000 ns	     30052	80006730	02313633	mulhu	x12,x2,x3	  x2:0x00000001  x3:0x000001d6 x12=0x00000000
     300555.000 ns	     30054	80006734	000883b3	add	x7,x17,x0	 x17:0x80041024  x0:0x00000000  x7=0x80041024
     300565.000 ns	     30055	80006738	00e7fe33	and	x28,x15,x14	 x15:0x00000000 x14:0x00000000 x28=0x00000000
     300575.000 ns	     30056	8000673c	750b7837	lui	x16,0x750b7	 x16=0x750b7000
     300585.000 ns	     30057	80006740	405f87b3	sub	x15,x31,x5	 x31:0xfafeddbe  x5:0xffffffff x15=0xfafeddbf
     300595.000 ns	     30058	80006744	00e33cb3	sltu	x25,x6,x14	  x6:0xc833e000 x14:0x00000000 x25=0x00000000
     300605.000 ns	     30059	80006748	00000013	addi	x0,x0,0	  x0:0x00000000
     300615.000 ns	     30060	8000674c	2d57f313	andi	x6,x15,725	 x15:0xfafeddbf  x6=0x00000095
     300625.000 ns	     30061	80006750	00ef5f13	srli	x30,x30,0xe	 x30:0xffffffff x30=0x0003ffff
     300645.000 ns	     30063	80006754	023e0b33	mul	x22,x28,x3	 x28:0x00000000  x3:0x000001d6 x22=0x00000000
     300665.000 ns	     30065	80006758	00f67bb3	and	x23,x12,x15	 x12:0x00000000 x15:0xfafeddbf x23=0x00000000
     300685.000 ns	     30067	8000675c	c01dfcd3	fcvt.wu.s	x25,f27	 f27:0x00000000 x25=0x00000000
     300715.000 ns	     30070	80006760	03c94633	div	x12,x18,x28	 x18:0xabd8f694 x28:0x00000000 x12=0xffffffff
     300765.000 ns	     30075	80006764	018b2853	fadd.s	f16,f22,f24	 f22:0xc1800000 f24:0x7fc00000 f16=0x7fc00000
     300795.000 ns	     30078	80006768	a1a687d3	fle.s	x15,f13,f26	 f13:0x7fc00000 f26:0xb30e8000 x15=0x00000000
     300825.000 ns	     30081	8000676c	a113af53	feq.s	x30,f7,f17	  f7:0x7fc00000 f17:0x4e1fb33c x30=0x00000000
     300845.000 ns	     30083	80006770	005b9b33	sll	x22,x23,x5	 x23:0x00000000  x5:0xffffffff x22=0x00000000
     300865.000 ns	     30085	80006774	02e3c333	div	x6,x7,x14	  x7:0x80041024 x14:0x00000000  x6=0xffffffff
     300895.000 ns	     30088	80006778	c01e7f53	fcvt.wu.s	x30,f28	 f28:0x00000000 x30=0x00000000
     300945.000 ns	     30093	8000677c	01e071d3	fadd.s	f3,f0,f30	  f0:0x4335042a f30:0x80000000  f3=0x4335042a
     300975.000 ns	     30096	80006780	211dabd3	fsgnjx.s	f23,f27,f17	 f27:0x00000000 f17:0x4e1fb33c f23=0x00000000
     301005.000 ns	     30099	80006784	03bb5d33	divu	x26,x22,x27	 x22:0x00000000 x27:0x00000000 x26=0xffffffff
     301035.000 ns	     30102	80006788	c01472d3	fcvt.wu.s	x5,f8	  f8:0x577fffae  x5=0xffffffff
     301055.000 ns	     30104	8000678c	006f9913	slli	x18,x31,0x6	 x31:0xfafeddbe x18=0xbfb76f80
     301065.000 ns	     30105	80006790	52a16b13	ori	x22,x2,1322	  x2:0x00000001 x22=0x0000052b
     301075.000 ns	     30106	80006794	0ac63293	sltiu	x5,x12,172	 x12:0xffffffff  x5=0x00000000
     301095.000 ns	     30108	80006798	216581d3	fsgnj.s	f3,f11,f22	 f11:0x330e8000 f22:0xc1800000  f3=0xb30e8000
     301125.000 ns	     30111	8000679c	037ace33	div	x28,x21,x23	 x21:0x05012064 x23:0x00000000 x28=0xffffffff
     301155.000 ns	     30114	800067a0	29fc0fd3	fmin.s	f31,f24,f31	 f24:0x7fc00000 f31:0xb77fffae f31=0xb77fffae
     301175.000 ns	     30116	800067a4	1c8f2393	slti	x7,x30,456	 x30:0x00000000  x7=0x00000001
     301195.000 ns	     30118	800067a8	a00d9cd3	flt.s	x25,f27,f0	 f27:0x00000000  f0:0x4335042a x25=0x00000001
     301225.000 ns	     30121	800067ac	02d922b3	mulhsu	x5,x18,x13	 x18:0xbfb76f80 x13:0xfffffff0  x5=0xbfb76f84
     301595.000 ns	     30158	800067b0	02315733	divu	x14,x2,x3	  x2:0x00000001  x3:0x000001d6 x14=0x00000000
     301615.000 ns	     30160	800067b4	be23be37	lui	x28,0xbe23b	 x28=0xbe23b000
     301625.000 ns	     30161	800067b8	417c5513	srai	x10,x24,0x17	 x24:0xfffffd7c x10=0xffffffff
     301645.000 ns	     30163	800067bc	a18427d3	feq.s	x15,f8,f24	  f8:0x577fffae f24:0x7fc00000 x15=0x00000000
     301665.000 ns	     30165	800067c0	c6877a13	andi	x20,x14,-920	 x14:0x00000000 x20=0x00000000
     301675.000 ns	     30166	800067c4	8086f113	andi	x2,x13,-2040	 x13:0xfffffff0  x2=0xfffff800
     301685.000 ns	     30167	800067c8	00b120b3	slt	x1,x2,x11	  x2:0x00000001 x11:0x586ea000  x1=0x00000001
     301705.000 ns	     30169	800067cc	a1891e53	flt.s	x28,f18,f24	 f18:0x4335042a f24:0x7fc00000 x28=0x00000000
     301735.000 ns	     30172	800067d0	029f47b3	div	x15,x30,x9	 x30:0x00000000  x9:0x00000000 x15=0xffffffff
     301755.000 ns	     30174	800067d4	01be5c33	srl	x24,x28,x27	 x28:0x00000000 x27:0x00000000 x24=0x00000000
     301775.000 ns	     30176	800067d8	28d60fd3	fmin.s	f31,f12,f13	 f12:0x7fc00000 f13:0x7fc00000 f31=0x7fc00000
     301805.000 ns	     30179	800067dc	d01bf8d3	fcvt.s.wu	f17,x23	 x23:0x00000000 f17=0x00000000
     301825.000 ns	     30181	800067e0	00e046b3	xor	x13,x0,x14	  x0:0x00000000 x14:0x00000000 x13=0x00000000
     301845.000 ns	     30183	800067e4	208b2ad3	fsgnjx.s	f21,f22,f8	 f22:0xc1800000  f8:0x577fffae f21=0xc1800000
     301865.000 ns	     30185	800067e8	54350013	addi	x0,x10,1347	 x10:0xffffffff
     301875.000 ns	     30186	800067ec	00340233	add	x4,x8,x3	  x8:0x00000293  x3:0x000001d6  x4=0x00000469
     301895.000 ns	     30188	800067f0	293000d3	fmin.s	f1,f0,f19	  f0:0x4335042a f19:0x4f7ffffe  f1=0x4335042a
     303075.000 ns	     30306	800067f4	58098953	fsqrt.s	f18,f19	 f19:0x4f7ffffe f18=0x47350461
     303105.000 ns	     30309	800067f8	e00b91d3	fclass.s	x3,f23	 f23:0x00000000  x3=0x00000010
     303135.000 ns	     30312	800067fc	e0079c53	fclass.s	x24,f15	 f15:0x4f000410 x24=0x00000040
     303165.000 ns	     30315	80006800	d00529d3	fcvt.s.w	f19,x10	 x10:0xffffffff f19=0xbf800000
     303185.000 ns	     30317	80006804	00c1c9b3	xor	x19,x3,x12	  x3:0x00000010 x12:0xffffffff x19=0xffffffef
     303205.000 ns	     30319	80006808	03e22133	mulhsu	x2,x4,x30	  x4:0x00000469 x30:0x00000000  x2=0x00000000
     303225.000 ns	     30321	8000680c	304f8513	addi	x10,x31,772	 x31:0xfafeddbe x10=0xfafee0c2
     303245.000 ns	     30323	80006810	a1388a53	fle.s	x20,f17,f19	 f17:0x00000000 f19:0xbf800000 x20=0x00000000
     303265.000 ns	     30325	80006814	0091a0b3	slt	x1,x3,x9	  x3:0x00000010  x9:0x00000000  x1=0x00000000
     303285.000 ns	     30327	80006818	f00203d3	fmv.w.x	f7,x4	  x4:0x00000469  f7=0x00000469
     303315.000 ns	     30330	8000681c	e0038953	fmv.x.w	x18,f7	  f7:0x7fc00000 x18=0x00000469
     303335.000 ns	     30332	80006820	f5e5c313	xori	x6,x11,-162	 x11:0x586ea000  x6=0xa7915f5e
     303345.000 ns	     30333	80006824	0043de33	srl	x28,x7,x4	  x7:0x00000001  x4:0x00000469 x28=0x00000000
     303355.000 ns	     30334	80006828	011a9793	slli	x15,x21,0x11	 x21:0x05012064 x15=0x40c80000
     303375.000 ns	     30336	8000682c	28ef84d3	fmin.s	f9,f31,f14	 f31:0x7fc00000 f14:0x4335042a  f9=0x4335042a
     303395.000 ns	     30338	80006830	00cbacb3	slt	x25,x23,x12	 x23:0x00000000 x12:0xffffffff x25=0x00000000
     303405.000 ns	     30339	80006834	5a6bfe13	andi	x28,x23,1446	 x23:0x00000000 x28=0x00000000
     303425.000 ns	     30341	80006838	a1c9a6d3	feq.s	x13,f19,f28	 f19:0xbf800000 f28:0x00000000 x13=0x00000000
     303795.000 ns	     30378	8000683c	03287333	remu	x6,x16,x18	 x16:0x750b7000 x18:0x00000469  x6=0x00000250
     303815.000 ns	     30380	80006840	d66c2793	slti	x15,x24,-666	 x24:0x00000040 x15=0x00000000
     303825.000 ns	     30381	80006844	c6350693	addi	x13,x10,-925	 x10:0xfafee0c2 x13=0xfafedd25
     303835.000 ns	     30382	80006848	73d18b93	addi	x23,x3,1853	  x3:0x00000010 x23=0x0000074d
     303855.000 ns	     30384	8000684c	c00a74d3	fcvt.w.s	x9,f20	 f20:0x4f800000  x9=0x7fffffff
     303875.000 ns	     30386	80006850	406b0f33	sub	x30,x22,x6	 x22:0x0000052b  x6:0x00000250 x30=0x000002db
     303885.000 ns	     30387	80006854	41f85b13	srai	x22,x16,0x1f	 x16:0x750b7000 x22=0x00000000
     304215.000 ns	     30420	80006858	1939bb53	fdiv.s	f22,f19,f19	 f19:0xbf800000 f19:0xbf800000 f22=0x3f045ede
     304245.000 ns	     30423	8000685c	f0028b53	fmv.w.x	f22,x5	  x5:0xbfb76f84 f22=0xbfb76f84
     304615.000 ns	     30460	80006860	03a94233	div	x4,x18,x26	 x18:0x00000469 x26:0xffffffff  x4=0xfffffb97
     304635.000 ns	     30462	80006864	00350533	add	x10,x10,x3	 x10:0xfafee0c2  x3:0x00000010 x10=0xfafee0d2
     304645.000 ns	     30463	80006868	0074c733	xor	x14,x9,x7	  x9:0x7fffffff  x7:0x00000001 x14=0x7ffffffe
     305005.000 ns	     30499	8000686c	02596c33	rem	x24,x18,x5	 x18:0x00000469  x5:0xbfb76f84 x24=0x00000469
     305035.000 ns	     30502	80006870	207fa453	fsgnjx.s	f8,f31,f7	 f31:0x7fc00000  f7:0x00000469  f8=0x7fc00000
     305065.000 ns	     30505	80006874	28f90cd3	fmin.s	f25,f18,f15	 f18:0x47350461 f15:0x4f000410 f25=0x47350461
     305085.000 ns	     30507	80006878	00441033	sll	x0,x8,x4	  x8:0x00000293  x4:0xfffffb97
     305095.000 ns	     30508	8000687c	01c52033	slt	x0,x10,x28	 x10:0xfafee0d2 x28:0x00000000
     305115.000 ns	     30510	80006880	c01e7ad3	fcvt.wu.s	x21,f28	 f28:0x00000000 x21=0x00000000
     305135.000 ns	     30512	80006884	004c26b3	slt	x13,x24,x4	 x24:0x00000469  x4:0xfffffb97 x13=0x00000000
     305155.000 ns	     30514	80006888	e00c84d3	fmv.x.w	x9,f25	 f25:0x47350461  x9=0x47350461
     305185.000 ns	     30517	8000688c	020e9bb3	mulh	x23,x29,x0	 x29:0x80040fe4  x0:0x00000000 x23=0x00000000
     305215.000 ns	     30520	80006890	c01e74d3	fcvt.wu.s	x9,f28	 f28:0x00000000  x9=0x00000000
     305245.000 ns	     30523	80006894	29418ed3	fmin.s	f29,f3,f20	  f3:0xb30e8000 f20:0x4f800000 f29=0xb30e8000
     305265.000 ns	     30525	80006898	00b47833	and	x16,x8,x11	  x8:0x00000293 x11:0x586ea000 x16=0x00000000
     305275.000 ns	     30526	8000689c	0161f3b3	and	x7,x3,x22	  x3:0x00000010 x22:0x00000000  x7=0x00000000
     305285.000 ns	     30527	800068a0	01754033	xor	x0,x10,x23	 x10:0xfafee0d2 x23:0x00000000
     305305.000 ns	     30529	800068a4	21981053	fsgnjn.s	f0,f16,f25	 f16:0x7fc00000 f25:0x47350461  f0=0xffc00000
     305335.000 ns	     30532	800068a8	a13d2353	feq.s	x6,f26,f19	 f26:0xb30e8000 f19:0xbf800000  x6=0x00000000
     305355.000 ns	     30534	800068ac	c45227b7	lui	x15,0xc4522	 x15=0xc4522000
     305365.000 ns	     30535	800068b0	008fd413	srli	x8,x31,0x8	 x31:0xfafeddbe  x8=0x00fafedd
     305375.000 ns	     30536	800068b4	40be0433	sub	x8,x28,x11	 x28:0x00000000 x11:0x586ea000  x8=0xa7916000
     305735.000 ns	     30572	800068b8	02c7d433	divu	x8,x15,x12	 x15:0xc4522000 x12:0xffffffff  x8=0x00000000
     305765.000 ns	     30575	800068bc	a0f29853	flt.s	x16,f5,f15	  f5:0x4335042a f15:0x4f000410 x16=0x00000001
     305785.000 ns	     30577	800068c0	01c05233	srl	x4,x0,x28	  x0:0x00000000 x28:0x00000000  x4=0x00000000
     305805.000 ns	     30579	800068c4	203980d3	fsgnj.s	f1,f19,f3	 f19:0xbf800000  f3:0xb30e8000  f1=0xbf800000
     305825.000 ns	     30581	800068c8	7401bd93	sltiu	x27,x3,1856	  x3:0x00000010 x27=0x00000001
     305865.000 ns	     30585	800068cc	00c179d3	fadd.s	f19,f2,f12	  f2:0x477fffae f12:0x7fc00000 f19=0x7fc00000
     305895.000 ns	     30588	800068d0	020515b3	mulh	x11,x10,x0	 x10:0xfafee0d2  x0:0x00000000 x11=0x00000000
     305915.000 ns	     30590	800068d4	007396b3	sll	x13,x7,x7	  x7:0x00000000  x7:0x00000000 x13=0x00000000
     305925.000 ns	     30591	800068d8	0f838017	auipc	x0,0xf838	
     305965.000 ns	     30595	800068dc	01ecf853	fadd.s	f16,f25,f30	 f25:0x47350461 f30:0x80000000 f16=0x47350461
     305985.000 ns	     30597	800068e0	8d6d8c13	addi	x24,x27,-1834	 x27:0x00000001 x24=0xfffff8d7
     305995.000 ns	     30598	800068e4	013e0ab3	add	x21,x28,x19	 x28:0x00000000 x19:0xffffffef x21=0xffffffef
     306015.000 ns	     30600	800068e8	028ece33	div	x28,x29,x8	 x29:0x80040fe4  x8:0x00000000 x28=0xffffffff
     306035.000 ns	     30602	800068ec	99006813	ori	x16,x0,-1648	  x0:0x00000000 x16=0xfffff990
     306055.000 ns	     30604	800068f0	d008fbd3	fcvt.s.w	f23,x17	 x17:0x80041024 f23=0xcefff7df
     306075.000 ns	     30606	800068f4	005af0b3	and	x1,x21,x5	 x21:0xffffffef  x5:0xbfb76f84  x1=0xbfb76f84
     306095.000 ns	     30608	800068f8	207e1dd3	fsgnjn.s	f27,f28,f7	 f28:0x00000000  f7:0x00000469 f27=0x80000000
     306125.000 ns	     30611	800068fc	02399c33	mulh	x24,x19,x3	 x19:0xffffffef  x3:0x00000010 x24=0xffffffff
     306495.000 ns	     30648	80006900	021857b3	divu	x15,x16,x1	 x16:0xfffff990  x1:0xbfb76f84 x15=0x00000001
     306525.000 ns	     30651	80006904	c005f0d3	fcvt.w.s	x1,f11	 f11:0x330e8000  x1=0x00000000
     306545.000 ns	     30653	80006908	307e6193	ori	x3,x28,775	 x28:0xffffffff  x3=0xffffffff
     306565.000 ns	     30655	8000690c	28c619d3	fmax.s	f19,f12,f12	 f12:0x7fc00000 f12:0x7fc00000 f19=0x7fc00000
     306595.000 ns	     30658	80006910	a0989253	flt.s	x4,f17,f9	 f17:0x00000000  f9:0x4335042a  x4=0x00000001
     306625.000 ns	     30661	80006914	e00813d3	fclass.s	x7,f16	 f16:0x47350461  x7=0x00000040
     306645.000 ns	     30663	80006918	002b9533	sll	x10,x23,x2	 x23:0x00000000  x2:0x00000000 x10=0x00000000
     306655.000 ns	     30664	8000691c	023c8513	addi	x10,x25,35	 x25:0x00000000 x10=0x00000023
     306695.000 ns	     30668	80006920	08f704d3	fsub.s	f9,f14,f15	 f14:0x4335042a f15:0x4f000410  f9=0xcf00040f
     306715.000 ns	     30670	80006924	1c00e813	ori	x16,x1,448	  x1:0x00000000 x16=0x000001c0
     306735.000 ns	     30672	80006928	a19f1553	flt.s	x10,f30,f25	 f30:0x80000000 f25:0x47350461 x10=0x00000001
     306775.000 ns	     30676	8000692c	10583153	fmul.s	f2,f16,f5	 f16:0x47350461  f5:0x4335042a  f2=0x4afffe15
     306805.000 ns	     30679	80006930	c00f8953	fcvt.w.s	x18,f31	 f31:0x7fc00000 x18=0x7fffffff
     306835.000 ns	     30682	80006934	a18fa2d3	feq.s	x5,f31,f24	 f31:0x7fc00000 f24:0x7fc00000  x5=0x00000000
     306865.000 ns	     30685	80006938	d01023d3	fcvt.s.wu	f7,x0	  x0:0x00000000  f7=0x00000000
     306895.000 ns	     30688	8000693c	03b70533	mul	x10,x14,x27	 x14:0x7ffffffe x27:0x00000001 x10=0x7ffffffe
     306935.000 ns	     30692	80006940	580eb253	fsqrt.s	f4,f29	 f29:0xb30e8000  f4=0x7fc00000
     306965.000 ns	     30695	80006944	a14f8653	fle.s	x12,f31,f20	 f31:0x7fc00000 f20:0x4f800000 x12=0x00000000
     306985.000 ns	     30697	80006948	019a2333	slt	x6,x20,x25	 x20:0x00000000 x25:0x00000000  x6=0x00000000
     307005.000 ns	     30699	8000694c	a0188bd3	fle.s	x23,f17,f1	 f17:0x00000000  f1:0xbf800000 x23=0x00000000
     307025.000 ns	     30701	80006950	40a35633	sra	x12,x6,x10	  x6:0x00000000 x10:0x7ffffffe x12=0x00000000
     307055.000 ns	     30704	80006954	1959f653	fdiv.s	f12,f19,f21	 f19:0x7fc00000 f21:0xc1800000 f12=0x7fc00000
     307075.000 ns	     30706	80006958	01c314b3	sll	x9,x6,x28	  x6:0x00000000 x28:0xffffffff  x9=0x00000000
     307435.000 ns	     30742	8000695c	032ee933	rem	x18,x29,x18	 x29:0x80040fe4 x18:0x7fffffff x18=0x80040fe4
     307455.000 ns	     30744	80006960	006d7db3	and	x27,x26,x6	 x26:0xffffffff  x6:0x00000000 x27=0x00000000
     307465.000 ns	     30745	80006964	019c6d33	or	x26,x24,x25	 x24:0xffffffff x25:0x00000000 x26=0xffffffff
     307485.000 ns	     30747	80006968	c01dff53	fcvt.wu.s	x30,f27	 f27:0x80000000 x30=0x00000000
     307515.000 ns	     30750	8000696c	03ab8233	mul	x4,x23,x26	 x23:0x00000000 x26:0xffffffff  x4=0x00000000
     307885.000 ns	     30787	80006970	03dc5633	divu	x12,x24,x29	 x24:0xffffffff x29:0x80040fe4 x12=0x00000001
     307905.000 ns	     30789	80006974	00681313	slli	x6,x16,0x6	 x16:0x000001c0  x6=0x00007000
     307915.000 ns	     30790	80006978	01a599b3	sll	x19,x11,x26	 x11:0x00000000 x26:0xffffffff x19=0x00000000
     307925.000 ns	     30791	8000697c	010ee033	or	x0,x29,x16	 x29:0x80040fe4 x16:0x000001c0
     307935.000 ns	     30792	80006980	213de393	ori	x7,x27,531	 x27:0x00000000  x7=0x00000213
     307955.000 ns	     30794	80006984	c00fc2d3	fcvt.w.s	x5,f31	 f31:0x7fc00000  x5=0x7fffffff
     307985.000 ns	     30797	80006988	e00709d3	fmv.x.w	x19,f14	 f14:0x4335042a x19=0x4335042a
     308005.000 ns	     30799	8000698c	00873db3	sltu	x27,x14,x8	 x14:0x7ffffffe  x8:0x00000000 x27=0x00000000
     308365.000 ns	     30835	80006990	02c45133	divu	x2,x8,x12	  x8:0x00000000 x12:0x00000001  x2=0x00000000
     308415.000 ns	     30840	80006994	0900c553	fsub.s	f10,f1,f16	  f1:0xbf800000 f16:0x47350461 f10=0xc7350561
     308445.000 ns	     30843	80006998	03f41a33	mulh	x20,x8,x31	  x8:0x00000000 x31:0xfafeddbe x20=0x00000000
     308475.000 ns	     30846	8000699c	025b92b3	mulh	x5,x23,x5	 x23:0x00000000  x5:0x7fffffff  x5=0x00000000
     308515.000 ns	     30850	800069a0	100b7c53	fmul.s	f24,f22,f0	 f22:0xbfb76f84  f0:0xffc00000 f24=0x7fc00000
     308545.000 ns	     30853	800069a4	a0d28e53	fle.s	x28,f5,f13	  f5:0x4335042a f13:0x7fc00000 x28=0x00000000
     308575.000 ns	     30856	800069a8	c00bf653	fcvt.w.s	x12,f23	 f23:0xcefff7df x12=0x7ffbef80
     308605.000 ns	     30859	800069ac	c01230d3	fcvt.wu.s	x1,f4	  f4:0x7fc00000  x1=0xffffffff
     308975.000 ns	     30896	800069b0	0308fe33	remu	x28,x17,x16	 x17:0x80041024 x16:0x000001c0 x28=0x00000124
     308995.000 ns	     30898	800069b4	01fac033	xor	x0,x21,x31	 x21:0xffffffef x31:0xfafeddbe
     309015.000 ns	     30900	800069b8	e00b94d3	fclass.s	x9,f23	 f23:0xcefff7df  x9=0x00000002
     309385.000 ns	     30937	800069bc	02fe6c33	rem	x24,x28,x15	 x28:0x00000124 x15:0x00000001 x24=0x00000000
     309405.000 ns	     30939	800069c0	0123e0b3	or	x1,x7,x18	  x7:0x00000213 x18:0x80040fe4  x1=0x80040ff7
     309425.000 ns	     30941	800069c4	02c732b3	mulhu	x5,x14,x12	 x14:0x7ffffffe x12:0x7ffbef80  x5=0x3ffdf7bf
     309445.000 ns	     30943	800069c8	00c39513	slli	x10,x7,0xc	  x7:0x00000213 x10=0x00213000
     309455.000 ns	     30944	800069cc	7974a693	slti	x13,x9,1943	  x9:0x00000002 x13=0x00000001
     309475.000 ns	     30946	800069d0	29fa1ed3	fmax.s	f29,f20,f31	 f20:0x4f800000 f31:0x7fc00000 f29=0x4f800000
     309505.000 ns	     30949	800069d4	c0130f53	fcvt.wu.s	x30,f6	  f6:0xffc00000 x30=0xffffffff
     309525.000 ns	     30951	800069d8	40a05a13	srai	x20,x0,0xa	  x0:0x00000000 x20=0x00000000
     309545.000 ns	     30953	800069dc	20559353	fsgnjn.s	f6,f11,f5	 f11:0x330e8000  f5:0x4335042a  f6=0xb30e8000
     309575.000 ns	     30956	800069e0	a0eb9153	flt.s	x2,f23,f14	 f23:0xcefff7df f14:0x4335042a  x2=0x00000001
     309595.000 ns	     30958	800069e4	d3c2b793	sltiu	x15,x5,-708	  x5:0x3ffdf7bf x15=0x00000001
     309605.000 ns	     30959	800069e8	01f68433	add	x8,x13,x31	 x13:0x00000001 x31:0xfafeddbe  x8=0xfafeddbf
     309635.000 ns	     30962	800069ec	19d40353	fdiv.s	f6,f8,f29	  f8:0x7fc00000 f29:0x4f800000  f6=0x7fc00000
     309665.000 ns	     30965	800069f0	c0001a53	fcvt.w.s	x20,f0	  f0:0xffc00000 x20=0x7fffffff
     309705.000 ns	     30969	800069f4	580ff753	fsqrt.s	f14,f31	 f31:0x7fc00000 f14=0x7fc00000
     309725.000 ns	     30971	800069f8	01b1fc33	and	x24,x3,x27	  x3:0xffffffff x27:0x00000000 x24=0x00000000
     309745.000 ns	     30973	800069fc	21648553	fsgnj.s	f10,f9,f22	  f9:0xcf00040f f22:0xbfb76f84 f10=0xcf00040f
     309775.000 ns	     30976	80006a00	035bb833	mulhu	x16,x23,x21	 x23:0x00000000 x21:0xffffffef x16=0x00000000
     309795.000 ns	     30978	80006a04	00000013	addi	x0,x0,0	  x0:0x00000000
     309815.000 ns	     30980	80006a08	0382cd33	div	x26,x5,x24	  x5:0x3ffdf7bf x24:0x00000000 x26=0xffffffff
     309835.000 ns	     30982	80006a0c	7c8d1b37	lui	x22,0x7c8d1	 x22=0x7c8d1000
     309845.000 ns	     30983	80006a10	4055d313	srai	x6,x11,0x5	 x11:0x00000000  x6=0x00000000
     309865.000 ns	     30985	80006a14	e00a12d3	fclass.s	x5,f20	 f20:0x4f800000  x5=0x00000040
     309885.000 ns	     30987	80006a18	00901b33	sll	x22,x0,x9	  x0:0x00000000  x9:0x00000002 x22=0x00000000
     310845.000 ns	     31083	80006a1c	5807f8d3	fsqrt.s	f17,f15	 f15:0x4f000410 f17=0x46b50a40
     310875.000 ns	     31086	80006a20	20c82e53	fsgnjx.s	f28,f16,f12	 f16:0x47350461 f12:0x7fc00000 f28=0x47350461
     310895.000 ns	     31088	80006a24	5afe0c17	auipc	x24,0x5afe0	 x24=0xdafe6a24
     310915.000 ns	     31090	80006a28	a00221d3	feq.s	x3,f4,f0	  f4:0x7fc00000  f0:0xffc00000  x3=0x00000000
     310955.000 ns	     31094	80006a2c	11d2ffd3	fmul.s	f31,f5,f29	  f5:0x4335042a f29:0x4f800000 f31=0x5335042a
     310975.000 ns	     31096	80006a30	0195a033	slt	x0,x11,x25	 x11:0x00000000 x25:0x00000000
     310995.000 ns	     31098	80006a34	c00784d3	fcvt.w.s	x9,f15	 f15:0x4f000410  x9=0x7fffffff
     311025.000 ns	     31101	80006a38	c00da753	fcvt.w.s	x14,f27	 f27:0x80000000 x14=0x00000000
     311045.000 ns	     31103	80006a3c	008c1c93	slli	x25,x24,0x8	 x24:0xdafe6a24 x25=0xfe6a2400
     311065.000 ns	     31105	80006a40	a0711c53	flt.s	x24,f2,f7	  f2:0x4afffe15  f7:0x00000000 x24=0x00000000
     311085.000 ns	     31107	80006a44	e2187513	andi	x10,x16,-479	 x16:0x00000000 x10=0x00000000
     311095.000 ns	     31108	80006a48	00c13d33	sltu	x26,x2,x12	  x2:0x00000001 x12:0x7ffbef80 x26=0x00000001
     311105.000 ns	     31109	80006a4c	8d164213	xori	x4,x12,-1839	 x12:0x7ffbef80  x4=0x80041751
     311115.000 ns	     31110	80006a50	00017e33	and	x28,x2,x0	  x2:0x00000001  x0:0x00000000 x28=0x00000000
     311135.000 ns	     31112	80006a54	03513e33	mulhu	x28,x2,x21	  x2:0x00000001 x21:0xffffffef x28=0x00000000
     311155.000 ns	     31114	80006a58	01207a33	and	x20,x0,x18	  x0:0x00000000 x18:0x80040fe4 x20=0x00000000
     311165.000 ns	     31115	80006a5c	93faab13	slti	x22,x21,-1729	 x21:0xffffffef x22=0x00000000
     311185.000 ns	     31117	80006a60	02e552b3	divu	x5,x10,x14	 x10:0x00000000 x14:0x00000000  x5=0xffffffff
     311205.000 ns	     31119	80006a64	0179fbb3	and	x23,x19,x23	 x19:0x4335042a x23:0x00000000 x23=0x00000000
     311215.000 ns	     31120	80006a68	41158133	sub	x2,x11,x17	 x11:0x00000000 x17:0x80041024  x2=0x7ffbefdc
     311225.000 ns	     31121	80006a6c	007a7533	and	x10,x20,x7	 x20:0x00000000  x7:0x00000213 x10=0x00000000
     311235.000 ns	     31122	80006a70	00ec6933	or	x18,x24,x14	 x24:0x00000000 x14:0x00000000 x18=0x00000000
     311245.000 ns	     31123	80006a74	25fffb13	andi	x22,x31,607	 x31:0xfafeddbe x22=0x0000001e
     311255.000 ns	     31124	80006a78	0176fe33	and	x28,x13,x23	 x13:0x00000001 x23:0x00000000 x28=0x00000000
     311275.000 ns	     31126	80006a7c	217310d3	fsgnjn.s	f1,f6,f23	  f6:0x7fc00000 f23:0xcefff7df  f1=0x7fc00000
     311295.000 ns	     31128	80006a80	40ac8f33	sub	x30,x25,x10	 x25:0xfe6a2400 x10:0x00000000 x30=0xfe6a2400
     311655.000 ns	     31164	80006a84	03d672b3	remu	x5,x12,x29	 x12:0x7ffbef80 x29:0x80040fe4  x5=0x7ffbef80
     311695.000 ns	     31168	80006a88	184c7553	fdiv.s	f10,f24,f4	 f24:0x7fc00000  f4:0x7fc00000 f10=0x7fc00000
     311725.000 ns	     31171	80006a8c	02532b33	mulhsu	x22,x6,x5	  x6:0x00000000  x5:0x7ffbef80 x22=0x00000000
     311755.000 ns	     31174	80006a90	20232cd3	fsgnjx.s	f25,f6,f2	  f6:0x7fc00000  f2:0x4afffe15 f25=0x7fc00000
     311785.000 ns	     31177	80006a94	02850d33	mul	x26,x10,x8	 x10:0x00000000  x8:0xfafeddbf x26=0x00000000
     311815.000 ns	     31180	80006a98	29c98753	fmin.s	f14,f19,f28	 f19:0x7fc00000 f28:0x47350461 f14=0x47350461
     311835.000 ns	     31182	80006a9c	7fe8f813	andi	x16,x17,2046	 x17:0x80041024 x16=0x00000024
     311845.000 ns	     31183	80006aa0	008dd6b3	srl	x13,x27,x8	 x27:0x00000000  x8:0xfafeddbf x13=0x00000000
     311865.000 ns	     31185	80006aa4	a04e86d3	fle.s	x13,f29,f4	 f29:0x4f800000  f4:0x7fc00000 x13=0x00000000
     311895.000 ns	     31188	80006aa8	a1f890d3	flt.s	x1,f17,f31	 f17:0x46b50a40 f31:0x5335042a  x1=0x00000001
     311925.000 ns	     31191	80006aac	21d480d3	fsgnj.s	f1,f9,f29	  f9:0xcf00040f f29:0x4f800000  f1=0x4f00040f
     311945.000 ns	     31193	80006ab0	e74cba37	lui	x20,0xe74cb	 x20=0xe74cb000
     311965.000 ns	     31195	80006ab4	20e399d3	fsgnjn.s	f19,f7,f14	  f7:0x00000000 f14:0x47350461 f19=0x80000000
     311995.000 ns	     31198	80006ab8	c018f153	fcvt.wu.s	x2,f17	 f17:0x46b50a40  x2=0x00005a85
     312045.000 ns	     31203	80006abc	099bf253	fsub.s	f4,f23,f25	 f23:0xcefff7df f25:0x7fc00000  f4=0x7fc00000
     312065.000 ns	     31205	80006ac0	01050433	add	x8,x10,x16	 x10:0x00000000 x16:0x00000024  x8=0x00000024
     312085.000 ns	     31207	80006ac4	d0100cd3	fcvt.s.wu	f25,x0	  x0:0x00000000 f25=0x00000000
     312455.000 ns	     31244	80006ac8	021263b3	rem	x7,x4,x1	  x4:0x80041751  x1:0x00000001  x7=0x00000000
     312475.000 ns	     31246	80006acc	40c25933	sra	x18,x4,x12	  x4:0x80041751 x12:0x7ffbef80 x18=0x80041751
     312495.000 ns	     31248	80006ad0	032600b3	mul	x1,x12,x18	 x12:0x7ffbef80 x18:0x00000000  x1=0xdf3b4780
     312525.000 ns	     31251	80006ad4	f0060bd3	fmv.w.x	f23,x12	 x12:0x7ffbef80 f23=0x7ffbef80
     312555.000 ns	     31254	80006ad8	28ab1ad3	fmax.s	f21,f22,f10	 f22:0xbfb76f84 f10:0x7fc00000 f21=0xbfb76f84
     312575.000 ns	     31256	80006adc	eb05ed93	ori	x27,x11,-336	 x11:0x00000000 x27=0xfffffeb0
     312615.000 ns	     31260	80006ae0	092081d3	fsub.s	f3,f1,f18	  f1:0x4f00040f f18:0x47350461  f3=0x4f00035a
     312645.000 ns	     31263	80006ae4	c002fcd3	fcvt.w.s	x25,f5	  f5:0x4335042a x25=0x000000b5
     312675.000 ns	     31266	80006ae8	a06f8a53	fle.s	x20,f31,f6	 f31:0x5335042a  f6:0x7fc00000 x20=0x00000000
     312705.000 ns	     31269	80006aec	02b567b3	rem	x15,x10,x11	 x10:0x00000000 x11:0x00000000 x15=0x00000000
     312735.000 ns	     31272	80006af0	e00c9753	fclass.s	x14,f25	 f25:0x00000000 x14=0x00000010
     312765.000 ns	     31275	80006af4	d0153b53	fcvt.s.wu	f22,x10	 x10:0x00000000 f22=0x00000000
     312795.000 ns	     31278	80006af8	e00c1253	fclass.s	x4,f24	 f24:0x7fc00000  x4=0x00000200
     312815.000 ns	     31280	80006afc	001385b3	add	x11,x7,x1	  x7:0x00000000  x1:0xdf3b4780 x11=0xdf3b4780
     312835.000 ns	     31282	80006b00	d001fed3	fcvt.s.w	f29,x3	  x3:0x00000000 f29=0x00000000
     312855.000 ns	     31284	80006b04	bbd3b913	sltiu	x18,x7,-1091	  x7:0x00000000 x18=0x00000001
     312865.000 ns	     31285	80006b08	00000013	addi	x0,x0,0	  x0:0x00000000
     312905.000 ns	     31289	80006b0c	015cfed3	fadd.s	f29,f25,f21	 f25:0x00000000 f21:0xbfb76f84 f29=0xbfb76f84
     312935.000 ns	     31292	80006b10	c013f353	fcvt.wu.s	x6,f7	  f7:0x00000000  x6=0x00000000
     312965.000 ns	     31295	80006b14	d01d47d3	fcvt.s.wu	f15,x26	 x26:0x00000000 f15=0x00000000
     312995.000 ns	     31298	80006b18	c00e0453	fcvt.w.s	x8,f28	 f28:0x47350461  x8=0x0000b504
     313025.000 ns	     31301	80006b1c	e0098653	fmv.x.w	x12,f19	 f19:0x80000000 x12=0x80000000
     313055.000 ns	     31304	80006b20	20808953	fsgnj.s	f18,f1,f8	  f1:0x4f00040f  f8:0x7fc00000 f18=0x4f00040f
     313085.000 ns	     31307	80006b24	c00d27d3	fcvt.w.s	x15,f26	 f26:0xb30e8000 x15=0x00000000
     313105.000 ns	     31309	80006b28	01c1d693	srli	x13,x3,0x1c	  x3:0x00000000 x13=0x00000000
     313125.000 ns	     31311	80006b2c	e00a1753	fclass.s	x14,f20	 f20:0x4f800000 x14=0x00000040
     313145.000 ns	     31313	80006b30	69786693	ori	x13,x16,1687	 x16:0x00000024 x13=0x000006b7
     313505.000 ns	     31349	80006b34	02eec633	div	x12,x29,x14	 x29:0x80040fe4 x14:0x00000040 x12=0xfe001040
     313525.000 ns	     31351	80006b38	aff8a193	slti	x3,x17,-1281	 x17:0x80041024  x3=0x00000001
     313545.000 ns	     31353	80006b3c	a1d793d3	flt.s	x7,f15,f29	 f15:0x00000000 f29:0xbfb76f84  x7=0x00000000
     313575.000 ns	     31356	80006b40	f00d88d3	fmv.w.x	f17,x27	 x27:0xfffffeb0 f17=0xfffffeb0
     313595.000 ns	     31358	80006b44	0048dbb3	srl	x23,x17,x4	 x17:0x80041024  x4:0x00000200 x23=0x80041024
     313615.000 ns	     31360	80006b48	d010fb53	fcvt.s.wu	f22,x1	  x1:0xdf3b4780 f22=0x4f5f3b47
     313635.000 ns	     31362	80006b4c	0176cdb3	xor	x27,x13,x23	 x13:0x000006b7 x23:0x00000000 x27=0x80041693
     313655.000 ns	     31364	80006b50	a1b21253	flt.s	x4,f4,f27	  f4:0x7fc00000 f27:0x80000000  x4=0x00000000
     313675.000 ns	     31366	80006b54	d2d0e793	ori	x15,x1,-723	  x1:0xdf3b4780 x15=0xffffffad
     313685.000 ns	     31367	80006b58	0106e433	or	x8,x13,x16	 x13:0x000006b7 x16:0x00000024  x8=0x000006b7
     313695.000 ns	     31368	80006b5c	010cf033	and	x0,x25,x16	 x25:0x000000b5 x16:0x00000024
     314055.000 ns	     31404	80006b60	0326fc33	remu	x24,x13,x18	 x13:0x000006b7 x18:0x00000001 x24=0x00000000
     314075.000 ns	     31406	80006b64	016b0c33	add	x24,x22,x22	 x22:0x00000000 x22:0x00000000 x24=0x00000000
     314095.000 ns	     31408	80006b68	a0e59a53	flt.s	x20,f11,f14	 f11:0x330e8000 f14:0x47350461 x20=0x00000001
     314125.000 ns	     31411	80006b6c	02a04833	div	x16,x0,x10	  x0:0x00000000 x10:0x00000000 x16=0xffffffff
     314155.000 ns	     31414	80006b70	21b915d3	fsgnjn.s	f11,f18,f27	 f18:0x4f00040f f27:0x80000000 f11=0x4f00040f
     314185.000 ns	     31417	80006b74	21d81e53	fsgnjn.s	f28,f16,f29	 f16:0x47350461 f29:0xbfb76f84 f28=0x47350461
     314205.000 ns	     31419	80006b78	004e0db3	add	x27,x28,x4	 x28:0x00000000  x4:0x00000000 x27=0x00000000
     314225.000 ns	     31421	80006b7c	0200c3b3	div	x7,x1,x0	  x1:0xdf3b4780  x0:0x00000000  x7=0xffffffff
     314245.000 ns	     31423	80006b80	015d4a33	xor	x20,x26,x21	 x26:0x00000000 x21:0xffffffef x20=0xffffffef
     314255.000 ns	     31424	80006b84	006fcab3	xor	x21,x31,x6	 x31:0xfafeddbe  x6:0x00000000 x21=0xfafeddbe
     314265.000 ns	     31425	80006b88	48134c13	xori	x24,x6,1153	  x6:0x00000000 x24=0x00000481
     314285.000 ns	     31427	80006b8c	023527b3	mulhsu	x15,x10,x3	 x10:0x00000000  x3:0x00000001 x15=0x00000000
     314315.000 ns	     31430	80006b90	21ff8c53	fsgnj.s	f24,f31,f31	 f31:0x5335042a f31:0x5335042a f24=0x5335042a
     314335.000 ns	     31432	80006b94	01d85c13	srli	x24,x16,0x1d	 x16:0xffffffff x24=0x00000007
     314355.000 ns	     31434	80006b98	20060e53	fsgnj.s	f28,f12,f0	 f12:0x7fc00000  f0:0xffc00000 f28=0xffc00000
     314395.000 ns	     31438	80006b9c	11ef7453	fmul.s	f8,f30,f30	 f30:0x80000000 f30:0x80000000  f8=0x00000000
     314415.000 ns	     31440	80006ba0	7bce33b7	lui	x7,0x7bce3	  x7=0x7bce3000
     314435.000 ns	     31442	80006ba4	a1c61bd3	flt.s	x23,f12,f28	 f12:0x7fc00000 f28:0xffc00000 x23=0x00000000
     314465.000 ns	     31445	80006ba8	026a1cb3	mulh	x25,x20,x6	 x20:0xffffffef  x6:0x00000000 x25=0x00000000
     314485.000 ns	     31447	80006bac	00000013	addi	x0,x0,0	  x0:0x00000000
     314505.000 ns	     31449	80006bb0	02268033	mul	x0,x13,x2	 x13:0x000006b7  x2:0x00005a85
     314525.000 ns	     31451	80006bb4	828b2413	slti	x8,x22,-2008	 x22:0x00000000  x8=0x00000000
     314555.000 ns	     31454	80006bb8	10422453	fmul.s	f8,f4,f4	  f4:0x7fc00000  f4:0x7fc00000  f8=0x7fc00000
     314925.000 ns	     31491	80006bbc	0380d0b3	divu	x1,x1,x24	  x1:0xdf3b4780 x24:0x00000007  x1=0x1fe3e5a4
     314975.000 ns	     31496	80006bc0	009670d3	fadd.s	f1,f12,f9	 f12:0x7fc00000  f9:0xcf00040f  f1=0x7fc00000
     315005.000 ns	     31499	80006bc4	d01574d3	fcvt.s.wu	f9,x10	 x10:0x00000000  f9=0x00000000
     315025.000 ns	     31501	80006bc8	00000013	addi	x0,x0,0	  x0:0x00000000
     315035.000 ns	     31502	80006bcc	0047b0b3	sltu	x1,x15,x4	 x15:0x00000000  x4:0x00000000  x1=0x00000000
     315055.000 ns	     31504	80006bd0	290c9053	fmax.s	f0,f25,f16	 f25:0x00000000 f16:0x47350461  f0=0x47350461
     315085.000 ns	     31507	80006bd4	20228bd3	fsgnj.s	f23,f5,f2	  f5:0x4335042a  f2:0x4afffe15 f23=0x4335042a
     315115.000 ns	     31510	80006bd8	e00d82d3	fmv.x.w	x5,f27	 f27:0x80000000  x5=0x80000000
     315145.000 ns	     31513	80006bdc	21d180d3	fsgnj.s	f1,f3,f29	  f3:0x4f00035a f29:0xbfb76f84  f1=0xcf00035a
     315165.000 ns	     31515	80006be0	015a1213	slli	x4,x20,0x15	 x20:0xffffffef  x4=0xfde00000
     315185.000 ns	     31517	80006be4	c010f053	fcvt.wu.s	x0,f1	  f1:0xcf00035a
     315215.000 ns	     31520	80006be8	f0080953	fmv.w.x	f18,x16	 x16:0xffffffff f18=0xffffffff
     315235.000 ns	     31522	80006bec	4e55f413	andi	x8,x11,1253	 x11:0xdf3b4780  x8=0x00000480
     315245.000 ns	     31523	80006bf0	7353b837	lui	x16,0x7353b	 x16=0x7353b000
     315265.000 ns	     31525	80006bf4	28d09e53	fmax.s	f28,f1,f13	  f1:0xcf00035a f13:0x7fc00000 f28=0xcf00035a
     315285.000 ns	     31527	80006bf8	01390bb3	add	x23,x18,x19	 x18:0x00000001 x19:0x4335042a x23=0x4335042b
     315305.000 ns	     31529	80006bfc	030a1533	mulh	x10,x20,x16	 x20:0xffffffef x16:0x7353b000 x10=0xfffffff8
     315675.000 ns	     31566	80006c00	0234f433	remu	x8,x9,x3	  x9:0x7fffffff  x3:0x00000001  x8=0x00000000
     315695.000 ns	     31568	80006c04	3cb07213	andi	x4,x0,971	  x0:0x00000000  x4=0x00000000
     315705.000 ns	     31569	80006c08	de0e1e17	auipc	x28,0xde0e1	 x28=0x5e0e7c08
     315715.000 ns	     31570	80006c0c	015cc4b3	xor	x9,x25,x21	 x25:0x00000000 x21:0xfafeddbe  x9=0xfafeddbe
     315755.000 ns	     31574	80006c10	01f6b053	fadd.s	f0,f13,f31	 f13:0x7fc00000 f31:0x5335042a  f0=0x7fc00000
     315785.000 ns	     31577	80006c14	a0699953	flt.s	x18,f19,f6	 f19:0x80000000  f6:0x7fc00000 x18=0x00000000
     315805.000 ns	     31579	80006c18	019135b3	sltu	x11,x2,x25	  x2:0x00005a85 x25:0x00000000 x11=0x00000000
     315815.000 ns	     31580	80006c1c	79232513	slti	x10,x6,1938	  x6:0x00000000 x10=0x00000001
     315835.000 ns	     31582	80006c20	c018b953	fcvt.wu.s	x18,f17	 f17:0xfffffeb0 x18=0xffffffff
     315865.000 ns	     31585	80006c24	d011f2d3	fcvt.s.wu	f5,x3	  x3:0x00000001  f5=0x3f800000
     315885.000 ns	     31587	80006c28	009d1bb3	sll	x23,x26,x9	 x26:0x00000000  x9:0xfafeddbe x23=0x00000000
     316245.000 ns	     31623	80006c2c	0298ddb3	divu	x27,x17,x9	 x17:0x80041024  x9:0xfafeddbe x27=0x00000000
     316265.000 ns	     31625	80006c30	55008c93	addi	x25,x1,1360	  x1:0x00000000 x25=0x00000550
     316285.000 ns	     31627	80006c34	03c43bb3	mulhu	x23,x8,x28	  x8:0x00000000 x28:0x5e0e7c08 x23=0x00000000
     316315.000 ns	     31630	80006c38	d0179753	fcvt.s.wu	f14,x15	 x15:0x00000000 f14=0x00000000
     316335.000 ns	     31632	80006c3c	41628433	sub	x8,x5,x22	  x5:0x80000000 x22:0x00000000  x8=0x80000000
     316355.000 ns	     31634	80006c40	f0020953	fmv.w.x	f18,x4	  x4:0x00000000 f18=0x00000000
     316385.000 ns	     31637	80006c44	03870733	mul	x14,x14,x24	 x14:0x00000040 x24:0x00000007 x14=0x000001c0
     316415.000 ns	     31640	80006c48	20e98ad3	fsgnj.s	f21,f19,f14	 f19:0x80000000 f14:0x00000000 f21=0x00000000
     316435.000 ns	     31642	80006c4c	ee89f937	lui	x18,0xee89f	 x18=0xee89f000
     316465.000 ns	     31645	80006c50	58077f53	fsqrt.s	f30,f14	 f14:0x00000000 f30=0x00000000
     316495.000 ns	     31648	80006c54	28ac8cd3	fmin.s	f25,f25,f10	 f25:0x00000000 f10:0x7fc00000 f25=0x00000000
     316535.000 ns	     31652	80006c58	118f3253	fmul.s	f4,f30,f24	 f30:0x00000000 f24:0x5335042a  f4=0x00000000
     316555.000 ns	     31654	80006c5c	00f17533	and	x10,x2,x15	  x2:0x00005a85 x15:0x00000000 x10=0x00000000
     316575.000 ns	     31656	80006c60	02b7b333	mulhu	x6,x15,x11	 x15:0x00000000 x11:0x00000000  x6=0x00000000
     316595.000 ns	     31658	80006c64	41ad5c13	srai	x24,x26,0x1a	 x26:0x00000000 x24=0x00000000
     316955.000 ns	     31694	80006c68	0226d233	divu	x4,x13,x2	 x13:0x000006b7  x2:0x00005a85  x4=0x00000000
     316985.000 ns	     31697	80006c6c	0349a2b3	mulhsu	x5,x19,x20	 x19:0x4335042a x20:0xffffffef  x5=0x43350425
     317015.000 ns	     31700	80006c70	f0020453	fmv.w.x	f8,x4	  x4:0x00000000  f8=0x00000000
     317045.000 ns	     31703	80006c74	d01173d3	fcvt.s.wu	f7,x2	  x2:0x00005a85  f7=0x46b50a00
     317075.000 ns	     31706	80006c78	d0077153	fcvt.s.w	f2,x14	 x14:0x000001c0  f2=0x43e00000
     317095.000 ns	     31708	80006c7c	41940533	sub	x10,x8,x25	  x8:0x80000000 x25:0x00000550 x10=0x7ffffab0
     317115.000 ns	     31710	80006c80	020cd2b3	divu	x5,x25,x0	 x25:0x00000550  x0:0x00000000  x5=0xffffffff
     317135.000 ns	     31712	80006c84	00000013	addi	x0,x0,0	  x0:0x00000000
     317145.000 ns	     31713	80006c88	f254c717	auipc	x14,0xf254c	 x14=0x72552c88
     317505.000 ns	     31749	80006c8c	03e9dab3	divu	x21,x19,x30	 x19:0x4335042a x30:0xfe6a2400 x21=0x00000000
     317535.000 ns	     31752	80006c90	286a88d3	fmin.s	f17,f21,f6	 f21:0x00000000  f6:0x7fc00000 f17=0x00000000
     317565.000 ns	     31755	80006c94	a0d82e53	feq.s	x28,f16,f13	 f16:0x47350461 f13:0x7fc00000 x28=0x00000000
     317595.000 ns	     31758	80006c98	203d11d3	fsgnjn.s	f3,f26,f3	 f26:0xb30e8000  f3:0x4f00035a  f3=0xb30e8000
     317615.000 ns	     31760	80006c9c	00951713	slli	x14,x10,0x9	 x10:0x7ffffab0 x14=0xfff56000
     317625.000 ns	     31761	80006ca0	40e1db33	sra	x22,x3,x14	  x3:0x00000001 x14:0x72552c88 x22=0x00000001
     317635.000 ns	     31762	80006ca4	00c87e33	and	x28,x16,x12	 x16:0x7353b000 x12:0xfe001040 x28=0x72001000
     317645.000 ns	     31763	80006ca8	dc8e3913	sltiu	x18,x28,-568	 x28:0x00000000 x18=0x00000001
     317675.000 ns	     31766	80006cac	113efc53	fmul.s	f24,f29,f19	 f29:0xbfb76f84 f19:0x80000000 f24=0x00000000
     317695.000 ns	     31768	80006cb0	008cf633	and	x12,x25,x8	 x25:0x00000550  x8:0x80000000 x12=0x00000000
     317715.000 ns	     31770	80006cb4	216f2ad3	fsgnjx.s	f21,f30,f22	 f30:0x00000000 f22:0x4f5f3b47 f21=0x00000000
     317735.000 ns	     31772	80006cb8	019ea333	slt	x6,x29,x25	 x29:0x80040fe4 x25:0x00000550  x6=0x00000001
     317755.000 ns	     31774	80006cbc	203f18d3	fsgnjn.s	f17,f30,f3	 f30:0x00000000  f3:0xb30e8000 f17=0x00000000
     317785.000 ns	     31777	80006cc0	21e2ae53	fsgnjx.s	f28,f5,f30	  f5:0x3f800000 f30:0x00000000 f28=0x3f800000
     317825.000 ns	     31781	80006cc4	114a7ed3	fmul.s	f29,f20,f20	 f20:0x4f800000 f20:0x4f800000 f29=0x5f800000
     317845.000 ns	     31783	80006cc8	a7443117	auipc	x2,0xa7443	  x2=0x27449cc8
     317875.000 ns	     31786	80006ccc	58097dd3	fsqrt.s	f27,f18	 f18:0x00000000 f27=0x00000000
     317895.000 ns	     31788	80006cd0	16b58013	addi	x0,x11,363	 x11:0x00000000
     317925.000 ns	     31791	80006cd4	58079853	fsqrt.s	f16,f15	 f15:0x00000000 f16=0x00000000
     317945.000 ns	     31793	80006cd8	281e3813	sltiu	x16,x28,641	 x28:0x72001000 x16=0x00000000
     317955.000 ns	     31794	80006cdc	b4126d13	ori	x26,x4,-1215	  x4:0x00000000 x26=0xfffffb41
     317965.000 ns	     31795	80006ce0	007515b3	sll	x11,x10,x7	 x10:0x7ffffab0  x7:0x7bce3000 x11=0x7ffffab0
     317975.000 ns	     31796	80006ce4	eac04093	xori	x1,x0,-340	  x0:0x00000000  x1=0xfffffeac
     317995.000 ns	     31798	80006ce8	033292b3	mulh	x5,x5,x19	  x5:0xffffffff x19:0x4335042a  x5=0xffffffff
     318015.000 ns	     31800	80006cec	41eddab3	sra	x21,x27,x30	 x27:0x00000000 x30:0xfe6a2400 x21=0x00000000
     318025.000 ns	     31801	80006cf0	415f0db3	sub	x27,x30,x21	 x30:0xfe6a2400 x21:0x00000000 x27=0xfe6a2400
     318035.000 ns	     31802	80006cf4	01869bb3	sll	x23,x13,x24	 x13:0x000006b7 x24:0x00000000 x23=0x000006b7
     318055.000 ns	     31804	80006cf8	03b69c33	mulh	x24,x13,x27	 x13:0x000006b7 x27:0x00000000 x24=0xfffffff5
     318085.000 ns	     31807	80006cfc	d014a9d3	fcvt.s.wu	f19,x9	  x9:0xfafeddbe f19=0x4f7afede
     318105.000 ns	     31809	80006d00	16116a93	ori	x21,x2,353	  x2:0x27449cc8 x21=0x27449de9
     318465.000 ns	     31845	80006d04	02bb6633	rem	x12,x22,x11	 x22:0x00000001 x11:0x7ffffab0 x12=0x00000001
     318485.000 ns	     31847	80006d08	a72b8193	addi	x3,x23,-1422	 x23:0x000006b7  x3=0x00000129
     318505.000 ns	     31849	80006d0c	c0107b53	fcvt.wu.s	x22,f0	  f0:0x7fc00000 x22=0xffffffff
     318535.000 ns	     31852	80006d10	a0622a53	feq.s	x20,f4,f6	  f4:0x00000000  f6:0x7fc00000 x20=0x00000000
     318555.000 ns	     31854	80006d14	00000013	addi	x0,x0,0	  x0:0x00000000
     318595.000 ns	     31858	80006d18	0873b8d3	fsub.s	f17,f7,f7	  f7:0x46b50a00  f7:0x46b50a00 f17=0x80000000
     318625.000 ns	     31861	80006d1c	f00382d3	fmv.w.x	f5,x7	  x7:0x7bce3000  f5=0x7bce3000
     318995.000 ns	     31898	80006d20	021b56b3	divu	x13,x22,x1	 x22:0xffffffff  x1:0xfffffeac x13=0x00000001
     319015.000 ns	     31900	80006d24	00fa1a93	slli	x21,x20,0xf	 x20:0x00000000 x21=0x00000000
     319025.000 ns	     31901	80006d28	07fbb393	sltiu	x7,x23,127	 x23:0x000006b7  x7=0x00000000
     319035.000 ns	     31902	80006d2c	00000013	addi	x0,x0,0	  x0:0x00000000
     319055.000 ns	     31904	80006d30	20bb1653	fsgnjn.s	f12,f22,f11	 f22:0x4f5f3b47 f11:0x4f00040f f12=0xcf5f3b47
     319075.000 ns	     31906	80006d34	00482833	slt	x16,x16,x4	 x16:0x00000000  x4:0x00000000 x16=0x00000000
     319095.000 ns	     31908	80006d38	e00b07d3	fmv.x.w	x15,f22	 f22:0x4f5f3b47 x15=0x4f5f3b47
     319125.000 ns	     31911	80006d3c	037b2e33	mulhsu	x28,x22,x23	 x22:0xffffffff x23:0x000006b7 x28=0xffffffff
     319145.000 ns	     31913	80006d40	5d776397	auipc	x7,0x5d776	  x7=0xdd77cd40
     319165.000 ns	     31915	80006d44	c00cfe53	fcvt.w.s	x28,f25	 f25:0x00000000 x28=0x00000000
     319185.000 ns	     31917	80006d48	b1b7ae13	slti	x28,x15,-1253	 x15:0x4f5f3b47 x28=0x00000000
     319205.000 ns	     31919	80006d4c	e0030453	fmv.x.w	x8,f6	  f6:0x7fc00000  x8=0x7fc00000
     319235.000 ns	     31922	80006d50	a1708753	fle.s	x14,f1,f23	  f1:0xcf00035a f23:0x4335042a x14=0x00000001
     319255.000 ns	     31924	80006d54	e39df013	andi	x0,x27,-455	 x27:0xfe6a2400
     319265.000 ns	     31925	80006d58	70dfddb7	lui	x27,0x70dfd	 x27=0x70dfd000
     319275.000 ns	     31926	80006d5c	b9ab0c13	addi	x24,x22,-1126	 x22:0xffffffff x24=0xfffffb99
     319285.000 ns	     31927	80006d60	004dc833	xor	x16,x27,x4	 x27:0xfe6a2400  x4:0x00000000 x16=0x70dfd000
     319295.000 ns	     31928	80006d64	30050617	auipc	x12,0x30050	 x12=0xb0056d64
     319305.000 ns	     31929	80006d68	0072aab3	slt	x21,x5,x7	  x5:0xffffffff  x7:0xdd77cd40 x21=0x00000000
     319315.000 ns	     31930	80006d6c	01484c33	xor	x24,x16,x20	 x16:0x70dfd000 x20:0x00000000 x24=0x70dfd000
     319325.000 ns	     31931	80006d70	5020fb93	andi	x23,x1,1282	  x1:0xfffffeac x23=0x00000400
     319335.000 ns	     31932	80006d74	b017ff13	andi	x30,x15,-1279	 x15:0x4f5f3b47 x30=0x4f5f3b01
     319375.000 ns	     31936	80006d78	0089a153	fadd.s	f2,f19,f8	 f19:0x4f7afede  f8:0x00000000  f2=0x4f7afede
     319395.000 ns	     31938	80006d7c	00d3d113	srli	x2,x7,0xd	  x7:0xdd77cd40  x2=0x0006ebbe
     319415.000 ns	     31940	80006d80	0363a333	mulhsu	x6,x7,x22	  x7:0xdd77cd40 x22:0xffffffff  x6=0xdd77cd40
     319445.000 ns	     31943	80006d84	d00c7353	fcvt.s.w	f6,x24	 x24:0x70dfd000  f6=0x4ee1bfa0
     319475.000 ns	     31946	80006d88	02411133	mulh	x2,x2,x4	  x2:0x0006ebbe  x4:0x00000000  x2=0x00000000
     319505.000 ns	     31949	80006d8c	f00781d3	fmv.w.x	f3,x15	 x15:0x4f5f3b47  f3=0x4f5f3b47
     319535.000 ns	     31952	80006d90	28430153	fmin.s	f2,f6,f4	  f6:0x4ee1bfa0  f4:0x00000000  f2=0x00000000
     319555.000 ns	     31954	80006d94	403ada33	sra	x20,x21,x3	 x21:0x00000000  x3:0x00000129 x20=0x00000000
     319595.000 ns	     31958	80006d98	099399d3	fsub.s	f19,f7,f25	  f7:0x46b50a00 f25:0x00000000 f19=0x46b50a00
     319625.000 ns	     31961	80006d9c	c0093ad3	fcvt.w.s	x21,f18	 f18:0x00000000 x21=0x00000000
     319645.000 ns	     31963	80006da0	00c1e333	or	x6,x3,x12	  x3:0x00000129 x12:0xb0056d64  x6=0xb0056d6d
     319665.000 ns	     31965	80006da4	d01843d3	fcvt.s.wu	f7,x16	 x16:0x70dfd000  f7=0x4ee1bfa0
     319695.000 ns	     31968	80006da8	c0057453	fcvt.w.s	x8,f10	 f10:0x7fc00000  x8=0x7fffffff
     319715.000 ns	     31970	80006dac	e2187393	andi	x7,x16,-479	 x16:0x70dfd000  x7=0x70dfd000
     319725.000 ns	     31971	80006db0	00000013	addi	x0,x0,0	  x0:0x00000000
     319735.000 ns	     31972	80006db4	00965c93	srli	x25,x12,0x9	 x12:0xb0056d64 x25=0x005802b6
     319745.000 ns	     31973	80006db8	0035c433	xor	x8,x11,x3	 x11:0x7ffffab0  x3:0x00000129  x8=0x7ffffb99
     319785.000 ns	     31977	80006dbc	01517153	fadd.s	f2,f2,f21	  f2:0x00000000 f21:0x00000000  f2=0x00000000
     319805.000 ns	     31979	80006dc0	40e80c33	sub	x24,x16,x14	 x16:0x70dfd000 x14:0x00000001 x24=0x70dfcfff
     319815.000 ns	     31980	80006dc4	01979813	slli	x16,x15,0x19	 x15:0x4f5f3b47 x16=0x8e000000
     320175.000 ns	     32016	80006dc8	031f4d33	div	x26,x30,x17	 x30:0x4f5f3b01 x17:0x80041024 x26=0x00000000
     320205.000 ns	     32019	80006dcc	a1a99453	flt.s	x8,f19,f26	 f19:0x46b50a00 f26:0xb30e8000  x8=0x00000000
     320235.000 ns	     32022	80006dd0	e0019bd3	fclass.s	x23,f3	  f3:0x4f5f3b47 x23=0x00000040
     320255.000 ns	     32024	80006dd4	00a70833	add	x16,x14,x10	 x14:0x00000001 x10:0x7ffffab0 x16=0x7ffffab1
     320265.000 ns	     32025	80006dd8	ac0d9217	auipc	x4,0xac0d9	  x4=0x2c0dfdd8
     320285.000 ns	     32027	80006ddc	a11d9053	flt.s	x0,f27,f17	 f27:0x00000000 f17:0x80000000
     320305.000 ns	     32029	80006de0	404056b3	sra	x13,x0,x4	  x0:0x00000000  x4:0x00000000 x13=0x00000000
     320315.000 ns	     32030	80006de4	40fbdab3	sra	x21,x23,x15	 x23:0x00000040 x15:0x4f5f3b47 x21=0x00000000
     320335.000 ns	     32032	80006de8	e00f8753	fmv.x.w	x14,f31	 f31:0x5335042a x14=0x5335042a
     320355.000 ns	     32034	80006dec	3f766613	ori	x12,x12,1015	 x12:0xb0056d64 x12=0xb0056ff7
     320395.000 ns	     32038	80006df0	0853f253	fsub.s	f4,f7,f5	  f7:0x4ee1bfa0  f5:0x7bce3000  f4=0xfbce3000
     320425.000 ns	     32041	80006df4	f0090d53	fmv.w.x	f26,x18	 x18:0x00000001 f26=0x00000001
     320455.000 ns	     32044	80006df8	f00b0c53	fmv.w.x	f24,x22	 x22:0xffffffff f24=0xffffffff
     320475.000 ns	     32046	80006dfc	00b9c533	xor	x10,x19,x11	 x19:0x4335042a x11:0x7ffffab0 x10=0x3ccafe9a
     320485.000 ns	     32047	80006e00	00aed5b3	srl	x11,x29,x10	 x29:0x80040fe4 x10:0x7ffffab0 x11=0x00000020
     320495.000 ns	     32048	80006e04	000d2b33	slt	x22,x26,x0	 x26:0x00000000  x0:0x00000000 x22=0x00000000
     320505.000 ns	     32049	80006e08	0078e533	or	x10,x17,x7	 x17:0x80041024  x7:0x70dfd000 x10=0xf0dfd024
     320515.000 ns	     32050	80006e0c	84283193	sltiu	x3,x16,-1982	 x16:0x7ffffab1  x3=0x00000001
     320535.000 ns	     32052	80006e10	03b3a033	mulhsu	x0,x7,x27	  x7:0x70dfd000 x27:0x70dfd000
     320555.000 ns	     32054	80006e14	40b9d513	srai	x10,x19,0xb	 x19:0x4335042a x10=0x000866a0
     320595.000 ns	     32058	80006e18	005a77d3	fadd.s	f15,f20,f5	 f20:0x4f800000  f5:0x7bce3000 f15=0x7bce3000
     320625.000 ns	     32061	80006e1c	020a2533	mulhsu	x10,x20,x0	 x20:0x00000000  x0:0x00000000 x10=0x00000000
     320675.000 ns	     32066	80006e20	099176d3	fsub.s	f13,f2,f25	  f2:0x00000000 f25:0x00000000 f13=0x80000000
     320695.000 ns	     32068	80006e24	4057d2b3	sra	x5,x15,x5	 x15:0x4f5f3b47  x5:0xffffffff  x5=0x00000000
     320715.000 ns	     32070	80006e28	e00d8e53	fmv.x.w	x28,f27	 f27:0x00000000 x28=0x00000000
     320735.000 ns	     32072	80006e2c	00e175b3	and	x11,x2,x14	  x2:0x00000000 x14:0x5335042a x11=0x00000000
     320755.000 ns	     32074	80006e30	283f09d3	fmin.s	f19,f30,f3	 f30:0x00000000  f3:0x4f5f3b47 f19=0x00000000
     321125.000 ns	     32111	80006e34	02106333	rem	x6,x0,x1	  x0:0x00000000  x1:0xfffffeac  x6=0x00000000
     321155.000 ns	     32114	80006e38	e0020653	fmv.x.w	x12,f4	  f4:0xfbce3000 x12=0xfbce3000
     321175.000 ns	     32116	80006e3c	00bddc93	srli	x25,x27,0xb	 x27:0x70dfd000 x25=0x000e1bfa
     321195.000 ns	     32118	80006e40	289c87d3	fmin.s	f15,f25,f9	 f25:0x00000000  f9:0x00000000 f15=0x00000000
     321215.000 ns	     32120	80006e44	40d55833	sra	x16,x10,x13	 x10:0x00000000 x13:0x00000000 x16=0x00000000
     321235.000 ns	     32122	80006e48	d01ef953	fcvt.s.wu	f18,x29	 x29:0x80040fe4 f18=0x4f00040f
     321255.000 ns	     32124	80006e4c	0165c533	xor	x10,x11,x22	 x11:0x00000000 x22:0x00000000 x10=0x00000000
     321265.000 ns	     32125	80006e50	63bcaf13	slti	x30,x25,1595	 x25:0x000e1bfa x30=0x00000000
     321285.000 ns	     32127	80006e54	03a2bab3	mulhu	x21,x5,x26	  x5:0x00000000 x26:0x00000000 x21=0x00000000
     321315.000 ns	     32130	80006e58	21722ed3	fsgnjx.s	f29,f4,f23	  f4:0xfbce3000 f23:0x4335042a f29=0xfbce3000
     321335.000 ns	     32132	80006e5c	01c25a33	srl	x20,x4,x28	  x4:0x2c0dfdd8 x28:0x00000000 x20=0x2c0dfdd8
     321345.000 ns	     32133	80006e60	00866cb3	or	x25,x12,x8	 x12:0xfbce3000  x8:0x00000000 x25=0xfbce3000
     321355.000 ns	     32134	80006e64	83512713	slti	x14,x2,-1995	  x2:0x00000000 x14=0x00000000
     321375.000 ns	     32136	80006e68	219b0853	fsgnj.s	f16,f22,f25	 f22:0x4f5f3b47 f25:0x00000000 f16=0x4f5f3b47
     321405.000 ns	     32139	80006e6c	e00a9e53	fclass.s	x28,f21	 f21:0x00000000 x28=0x00000010
     321425.000 ns	     32141	80006e70	01b33733	sltu	x14,x6,x27	  x6:0x00000000 x27:0x70dfd000 x14=0x00000001
     321455.000 ns	     32144	80006e74	1133a8d3	fmul.s	f17,f7,f19	  f7:0x4ee1bfa0 f19:0x00000000 f17=0x00000000
     321475.000 ns	     32146	80006e78	018883b3	add	x7,x17,x24	 x17:0x80041024 x24:0x70dfcfff  x7=0xf0e3e023
     321835.000 ns	     32182	80006e7c	0398d6b3	divu	x13,x17,x25	 x17:0x80041024 x25:0xfbce3000 x13=0x00000000
     321855.000 ns	     32184	80006e80	011786b3	add	x13,x15,x17	 x15:0x4f5f3b47 x17:0x80041024 x13=0xcf634b6b
     321875.000 ns	     32186	80006e84	a06f8953	fle.s	x18,f31,f6	 f31:0x5335042a  f6:0x4ee1bfa0 x18=0x00000000
     322245.000 ns	     32223	80006e88	034071b3	remu	x3,x0,x20	  x0:0x00000000 x20:0x2c0dfdd8  x3=0x00000000
     322265.000 ns	     32225	80006e8c	78fe6413	ori	x8,x28,1935	 x28:0x00000010  x8=0x0000079f
     322285.000 ns	     32227	80006e90	03d695b3	mulh	x11,x13,x29	 x13:0xcf634b6b x29:0x80040fe4 x11=0x184d94d3
     322305.000 ns	     32229	80006e94	018f7333	and	x6,x30,x24	 x30:0x00000000 x24:0x70dfcfff  x6=0x00000000
     322325.000 ns	     32231	80006e98	031690b3	mulh	x1,x13,x17	 x13:0xcf634b6b x17:0x80041024  x1=0x184d94c7
     322355.000 ns	     32234	80006e9c	20501953	fsgnjn.s	f18,f0,f5	  f0:0x7fc00000  f5:0x7bce3000 f18=0xffc00000
     322375.000 ns	     32236	80006ea0	cafb0013	addi	x0,x22,-849	 x22:0x00000000
     322395.000 ns	     32238	80006ea4	a1d70ad3	fle.s	x21,f14,f29	 f14:0x00000000 f29:0xfbce3000 x21=0x00000000
     322425.000 ns	     32241	80006ea8	2184a653	fsgnjx.s	f12,f9,f24	  f9:0x00000000 f24:0xffffffff f12=0x80000000
     322455.000 ns	     32244	80006eac	f00201d3	fmv.w.x	f3,x4	  x4:0x2c0dfdd8  f3=0x2c0dfdd8
     322475.000 ns	     32246	80006eb0	01cd5913	srli	x18,x26,0x1c	 x26:0x00000000 x18=0x00000000
     323645.000 ns	     32363	80006eb4	580b2fd3	fsqrt.s	f31,f22	 f22:0x4f5f3b47 f31=0x471dd93b
     323675.000 ns	     32366	80006eb8	291588d3	fmin.s	f17,f11,f17	 f11:0x4f00040f f17:0x00000000 f17=0x00000000
     323715.000 ns	     32370	80006ebc	580a9ed3	fsqrt.s	f29,f21	 f21:0x00000000 f29=0x00000000
     324085.000 ns	     32407	80006ec0	037a4b33	div	x22,x20,x23	 x20:0x2c0dfdd8 x23:0x00000040 x22=0x00b037f7
     324105.000 ns	     32409	80006ec4	d4b08d13	addi	x26,x1,-693	  x1:0x184d94c7 x26=0x184d9212
     324125.000 ns	     32411	80006ec8	d0181bd3	fcvt.s.wu	f23,x16	 x16:0x00000000 f23=0x00000000
     324155.000 ns	     32414	80006ecc	d01b42d3	fcvt.s.wu	f5,x22	 x22:0x00b037f7  f5=0x4b3037f7
     324185.000 ns	     32417	80006ed0	219808d3	fsgnj.s	f17,f16,f25	 f16:0x4f5f3b47 f25:0x00000000 f17=0x4f5f3b47
     324235.000 ns	     32422	80006ed4	006c7cd3	fadd.s	f25,f24,f6	 f24:0xffffffff  f6:0x4ee1bfa0 f25=0x7fc00000
     324265.000 ns	     32425	80006ed8	280b8ed3	fmin.s	f29,f23,f0	 f23:0x00000000  f0:0x7fc00000 f29=0x00000000
     324295.000 ns	     32428	80006edc	d01ef4d3	fcvt.s.wu	f9,x29	 x29:0x80040fe4  f9=0x4f00040f
     324325.000 ns	     32431	80006ee0	d01709d3	fcvt.s.wu	f19,x14	 x14:0x00000001 f19=0x3f800000
     324345.000 ns	     32433	80006ee4	40e38633	sub	x12,x7,x14	  x7:0xf0e3e023 x14:0x00000001 x12=0xf0e3e022
     324705.000 ns	     32469	80006ee8	037df3b3	remu	x7,x27,x23	 x27:0x70dfd000 x23:0x00000040  x7=0x00000000
     324735.000 ns	     32472	80006eec	20262c53	fsgnjx.s	f24,f12,f2	 f12:0x80000000  f2:0x00000000 f24=0x80000000
     324785.000 ns	     32477	80006ef0	01392653	fadd.s	f12,f18,f19	 f18:0xffc00000 f19:0x3f800000 f12=0x7fc00000
     324815.000 ns	     32480	80006ef4	20528253	fsgnj.s	f4,f5,f5	  f5:0x4b3037f7  f5:0x4b3037f7  f4=0x4b3037f7
     324845.000 ns	     32483	80006ef8	0232d133	divu	x2,x5,x3	  x5:0x00000000  x3:0x00000000  x2=0xffffffff
     324865.000 ns	     32485	80006efc	41cdd733	sra	x14,x27,x28	 x27:0x70dfd000 x28:0x00000010 x14=0x000070df
     324875.000 ns	     32486	80006f00	00000013	addi	x0,x0,0	  x0:0x00000000
     325235.000 ns	     32522	80006f04	03ac4233	div	x4,x24,x26	 x24:0x70dfcfff x26:0x184d9212  x4=0x00000004
     325255.000 ns	     32524	80006f08	8bbffc13	andi	x24,x31,-1861	 x31:0xfafeddbe x24=0xfafed8ba
     325285.000 ns	     32527	80006f0c	115a79d3	fmul.s	f19,f20,f21	 f20:0x4f800000 f21:0x00000000 f19=0x00000000
     325315.000 ns	     32530	80006f10	021a0933	mul	x18,x20,x1	 x20:0x2c0dfdd8  x1:0x184d94c7 x18=0xef9932e8
     325335.000 ns	     32532	80006f14	00a28033	add	x0,x5,x10	  x5:0x00000000 x10:0x00000000
     325355.000 ns	     32534	80006f18	0353fab3	remu	x21,x7,x21	  x7:0x00000000 x21:0x00000000 x21=0x00000000
     325385.000 ns	     32537	80006f1c	e00385d3	fmv.x.w	x11,f7	  f7:0x4ee1bfa0 x11=0x4ee1bfa0
     325725.000 ns	     32571	80006f20	1905c053	fdiv.s	f0,f11,f16	 f11:0x4f00040f f16:0x4f5f3b47  f0=0x3f000410
     325745.000 ns	     32573	80006f24	0014d993	srli	x19,x9,0x1	  x9:0xfafeddbe x19=0x7d7f6edf
     326915.000 ns	     32690	80006f28	580376d3	fsqrt.s	f13,f6	  f6:0x4ee1bfa0 f13=0x4729fcd7
     326945.000 ns	     32693	80006f2c	211e0ed3	fsgnj.s	f29,f28,f17	 f28:0x3f800000 f17:0x4f5f3b47 f29=0x3f800000
     328125.000 ns	     32811	80006f30	5803fbd3	fsqrt.s	f23,f7	  f7:0x4ee1bfa0 f23=0x4729fcd7
     328145.000 ns	     32813	80006f34	019b46b3	xor	x13,x22,x25	 x22:0x00b037f7 x25:0xfbce3000 x13=0xfb7e07f7
     328155.000 ns	     32814	80006f38	003c80b3	add	x1,x25,x3	 x25:0xfbce3000  x3:0x00000000  x1=0xfbce3000
     328175.000 ns	     32816	80006f3c	a0de2053	feq.s	x0,f28,f13	 f28:0x3f800000 f13:0x4729fcd7
     328205.000 ns	     32819	80006f40	204d8253	fsgnj.s	f4,f27,f4	 f27:0x00000000  f4:0x4b3037f7  f4=0x00000000
     328235.000 ns	     32822	80006f44	02e2a4b3	mulhsu	x9,x5,x14	  x5:0x00000000 x14:0x000070df  x9=0x00000000
     328265.000 ns	     32825	80006f48	0251b133	mulhu	x2,x3,x5	  x3:0x00000000  x5:0x00000000  x2=0x00000000
     328285.000 ns	     32827	80006f4c	402fd813	srai	x16,x31,0x2	 x31:0xfafeddbe x16=0xfebfb76f
     328305.000 ns	     32829	80006f50	a01214d3	flt.s	x9,f4,f1	  f4:0x00000000  f1:0xcf00035a  x9=0x00000000
     328355.000 ns	     32834	80006f54	0094b453	fadd.s	f8,f9,f9	  f9:0x4f00040f  f9:0x4f00040f  f8=0x4f80040f
     328375.000 ns	     32836	80006f58	006667b3	or	x15,x12,x6	 x12:0xf0e3e022  x6:0x00000000 x15=0xf0e3e022
     328385.000 ns	     32837	80006f5c	015d56b3	srl	x13,x26,x21	 x26:0x184d9212 x21:0x00000000 x13=0x184d9212
     328395.000 ns	     32838	80006f60	e6760213	addi	x4,x12,-409	 x12:0xf0e3e022  x4=0xf0e3de89
     328415.000 ns	     32840	80006f64	03ee4ab3	div	x21,x28,x30	 x28:0x00000010 x30:0x00000000 x21=0xffffffff
     328465.000 ns	     32845	80006f68	00f4a353	fadd.s	f6,f9,f15	  f9:0x4f00040f f15:0x00000000  f6=0x4f00040f
     328485.000 ns	     32847	80006f6c	017adc13	srli	x24,x21,0x17	 x21:0xffffffff x24=0x000001ff
     328505.000 ns	     32849	80006f70	027891b3	mulh	x3,x17,x7	 x17:0x80041024  x7:0x00000000  x3=0x00000000
     328875.000 ns	     32886	80006f74	0360ec33	rem	x24,x1,x22	  x1:0xfbce3000 x22:0x00b037f7 x24=0xffef7fca
     328915.000 ns	     32890	80006f78	1899abd3	fdiv.s	f23,f19,f9	 f19:0x00000000  f9:0x4f00040f f23=0x00000000
     329285.000 ns	     32927	80006f7c	03154bb3	div	x23,x10,x17	 x10:0x00000000 x17:0x80041024 x23=0x00000000
     329305.000 ns	     32929	80006f80	001e7ab3	and	x21,x28,x1	 x28:0x00000010  x1:0xfbce3000 x21=0x00000000
     329315.000 ns	     32930	80006f84	5bbd3b93	sltiu	x23,x26,1467	 x26:0x184d9212 x23=0x00000000
     329325.000 ns	     32931	80006f88	8834c413	xori	x8,x9,-1917	  x9:0x00000000  x8=0xfffff883
     329355.000 ns	     32934	80006f8c	10490c53	fmul.s	f24,f18,f4	 f18:0xffc00000  f4:0x00000000 f24=0x7fc00000
     329375.000 ns	     32936	80006f90	73106393	ori	x7,x0,1841	  x0:0x00000000  x7=0x00000731
     329395.000 ns	     32938	80006f94	21ab0ad3	fsgnj.s	f21,f22,f26	 f22:0x4f5f3b47 f26:0x00000001 f21=0x4f5f3b47
     329415.000 ns	     32940	80006f98	7ee84537	lui	x10,0x7ee84	 x10=0x7ee84000
     329435.000 ns	     32942	80006f9c	03785db3	divu	x27,x16,x23	 x16:0xfebfb76f x23:0x00000000 x27=0xffffffff
     329455.000 ns	     32944	80006fa0	5d508513	addi	x10,x1,1493	  x1:0xfbce3000 x10=0xfbce35d5
     329465.000 ns	     32945	80006fa4	01ff32b3	sltu	x5,x30,x31	 x30:0x00000000 x31:0xfafeddbe  x5=0x00000001
     329485.000 ns	     32947	80006fa8	024da533	mulhsu	x10,x27,x4	 x27:0xffffffff  x4:0xf0e3de89 x10=0xffffffff
     329505.000 ns	     32949	80006fac	017a0133	add	x2,x20,x23	 x20:0x2c0dfdd8 x23:0x00000000  x2=0x2c0dfdd8
     329525.000 ns	     32951	80006fb0	03ee00b3	mul	x1,x28,x30	 x28:0x00000010 x30:0x00000000  x1=0x00000000
     329545.000 ns	     32953	80006fb4	006d94b3	sll	x9,x27,x6	 x27:0xffffffff  x6:0x00000000  x9=0xffffffff
     329555.000 ns	     32954	80006fb8	0124a033	slt	x0,x9,x18	  x9:0x00000000 x18:0xef9932e8
     329575.000 ns	     32956	80006fbc	21929553	fsgnjn.s	f10,f5,f25	  f5:0x4b3037f7 f25:0x7fc00000 f10=0xcb3037f7
     329615.000 ns	     32960	80006fc0	11e22c53	fmul.s	f24,f4,f30	  f4:0x00000000 f30:0x00000000 f24=0x00000000
     329645.000 ns	     32963	80006fc4	02a31933	mulh	x18,x6,x10	  x6:0x00000000 x10:0xffffffff x18=0x00000000
     330015.000 ns	     33000	80006fc8	033e46b3	div	x13,x28,x19	 x28:0x00000010 x19:0x7d7f6edf x13=0x00000000
     330035.000 ns	     33002	80006fcc	c22f3c93	sltiu	x25,x30,-990	 x30:0x00000000 x25=0x00000001
     330045.000 ns	     33003	80006fd0	03630b93	addi	x23,x6,54	  x6:0x00000000 x23=0x00000036
     330055.000 ns	     33004	80006fd4	a4373793	sltiu	x15,x14,-1469	 x14:0x000070df x15=0x00000001
     330065.000 ns	     33005	80006fd8	822b7037	lui	x0,0x822b7	
     330085.000 ns	     33007	80006fdc	a18d9253	flt.s	x4,f27,f24	 f27:0x00000000 f24:0x00000000  x4=0x00000000
     330105.000 ns	     33009	80006fe0	012f1a33	sll	x20,x30,x18	 x30:0x00000000 x18:0x00000000 x20=0x00000000
     330115.000 ns	     33010	80006fe4	01a43d33	sltu	x26,x8,x26	  x8:0xfffff883 x26:0x184d9212 x26=0x00000000
     330135.000 ns	     33012	80006fe8	29440353	fmin.s	f6,f8,f20	  f8:0x4f80040f f20:0x4f800000  f6=0x4f800000
     330155.000 ns	     33014	80006fec	414ad293	srai	x5,x21,0x14	 x21:0x00000000  x5=0x00000000
     330175.000 ns	     33016	80006ff0	a0f6a453	feq.s	x8,f13,f15	 f13:0x4729fcd7 f15:0x00000000  x8=0x00000000
     330195.000 ns	     33018	80006ff4	b4c9c793	xori	x15,x19,-1204	 x19:0x7d7f6edf x15=0x82809593
     330215.000 ns	     33020	80006ff8	21750cd3	fsgnj.s	f25,f10,f23	 f10:0xcb3037f7 f23:0x00000000 f25=0x4b3037f7
     330245.000 ns	     33023	80006ffc	038ab033	mulhu	x0,x21,x24	 x21:0x00000000 x24:0xffef7fca
     330265.000 ns	     33025	80007000	41a6d0b3	sra	x1,x13,x26	 x13:0x00000000 x26:0x00000000  x1=0x00000000
     330275.000 ns	     33026	80007004	00198ab3	add	x21,x19,x1	 x19:0x7d7f6edf  x1:0x00000000 x21=0x7d7f6edf
     330285.000 ns	     33027	80007008	dd37fd93	andi	x27,x15,-557	 x15:0x82809593 x27=0x82809593
     330305.000 ns	     33029	8000700c	a196a753	feq.s	x14,f13,f25	 f13:0x4729fcd7 f25:0x4b3037f7 x14=0x00000000
     330325.000 ns	     33031	80007010	d788bc13	sltiu	x24,x17,-648	 x17:0x80041024 x24=0x00000001
     330685.000 ns	     33067	80007014	02726833	rem	x16,x4,x7	  x4:0x00000000  x7:0x00000731 x16=0x00000000
     330705.000 ns	     33069	80007018	01cfb4b3	sltu	x9,x31,x28	 x31:0xfafeddbe x28:0x00000010  x9=0x00000000
     330715.000 ns	     33070	8000701c	79e63d13	sltiu	x26,x12,1950	 x12:0xf0e3e022 x26=0x00000000
     330725.000 ns	     33071	80007020	d818b637	lui	x12,0xd818b	 x12=0xd818b000
     330745.000 ns	     33073	80007024	28d69753	fmax.s	f14,f13,f13	 f13:0x4729fcd7 f13:0x4729fcd7 f14=0x4729fcd7
     330765.000 ns	     33075	80007028	4bdb6413	ori	x8,x22,1213	 x22:0x00b037f7  x8=0x00b037ff
     330785.000 ns	     33077	8000702c	e0018553	fmv.x.w	x10,f3	  f3:0x2c0dfdd8 x10=0x2c0dfdd8
     330805.000 ns	     33079	80007030	00cb6bb3	or	x23,x22,x12	 x22:0x00b037f7 x12:0xd818b000 x23=0xd8b8b7f7
     331975.000 ns	     33196	80007034	580ffdd3	fsqrt.s	f27,f31	 f31:0x471dd93b f27=0x42df3ab2
     331995.000 ns	     33198	80007038	bd494b13	xori	x22,x18,-1068	 x18:0x00000000 x22=0xfffffbd4
     332005.000 ns	     33199	8000703c	26947993	andi	x19,x8,617	  x8:0x00b037ff x19=0x00000269
     332015.000 ns	     33200	80007040	2da00d13	addi	x26,x0,730	  x0:0x00000000 x26=0x000002da
     332035.000 ns	     33202	80007044	d0180cd3	fcvt.s.wu	f25,x16	 x16:0x00000000 f25=0x00000000
     332055.000 ns	     33204	80007048	01d0ea33	or	x20,x1,x29	  x1:0x00000000 x29:0x80040fe4 x20=0x80040fe4
     332075.000 ns	     33206	8000704c	21961dd3	fsgnjn.s	f27,f12,f25	 f12:0x7fc00000 f25:0x00000000 f27=0xffc00000
     332105.000 ns	     33209	80007050	03ae3133	mulhu	x2,x28,x26	 x28:0x00000010 x26:0x000002da  x2=0x00000000
     332125.000 ns	     33211	80007054	01c9aab3	slt	x21,x19,x28	 x19:0x00000269 x28:0x00000010 x21=0x00000000
     332135.000 ns	     33212	80007058	d3ec3113	sltiu	x2,x24,-706	 x24:0x00000001  x2=0x00000001
     332155.000 ns	     33214	8000705c	03fa9733	mulh	x14,x21,x31	 x21:0x7d7f6edf x31:0xfafeddbe x14=0x00000000
     332175.000 ns	     33216	80007060	e4075ab7	lui	x21,0xe4075	 x21=0xe4075000
     332195.000 ns	     33218	80007064	e00412d3	fclass.s	x5,f8	  f8:0x4f80040f  x5=0x00000040
     332225.000 ns	     33221	80007068	21ba0ed3	fsgnj.s	f29,f20,f27	 f20:0x4f800000 f27:0xffc00000 f29=0xcf800000
     332245.000 ns	     33223	8000706c	00a04433	xor	x8,x0,x10	  x0:0x00000000 x10:0x2c0dfdd8  x8=0x2c0dfdd8
     332255.000 ns	     33224	80007070	92282493	slti	x9,x16,-1758	 x16:0x00000000  x9=0x00000000
     332265.000 ns	     33225	80007074	16b68937	lui	x18,0x16b68	 x18=0x16b68000
     332275.000 ns	     33226	80007078	00000013	addi	x0,x0,0	  x0:0x00000000
     332295.000 ns	     33228	8000707c	026f7f33	remu	x30,x30,x6	 x30:0x00000000  x6:0x00000000 x30=0x00000000
     332315.000 ns	     33230	80007080	0119a3b3	slt	x7,x19,x17	 x19:0x00000269 x17:0x80041024  x7=0x00000000
     332335.000 ns	     33232	80007084	a1111653	flt.s	x12,f2,f17	  f2:0x00000000 f17:0x4f5f3b47 x12=0x00000001
     332355.000 ns	     33234	80007088	37544f13	xori	x30,x8,885	  x8:0x2c0dfdd8 x30=0x2c0dfead
     332365.000 ns	     33235	8000708c	74ff6193	ori	x3,x30,1871	 x30:0x00000000  x3=0x2c0dffef
     332375.000 ns	     33236	80007090	0014f6b3	and	x13,x9,x1	  x9:0x00000000  x1:0x00000000 x13=0x00000000
     332405.000 ns	     33239	80007094	10fa21d3	fmul.s	f3,f20,f15	 f20:0x4f800000 f15:0x00000000  f3=0x00000000
     332455.000 ns	     33244	80007098	01a845d3	fadd.s	f11,f16,f26	 f16:0x4f5f3b47 f26:0x00000001 f11=0x4f5f3b47
     332825.000 ns	     33281	8000709c	02c8c533	div	x10,x17,x12	 x17:0x80041024 x12:0x00000001 x10=0x80041024
     333195.000 ns	     33318	800070a0	03534433	div	x8,x6,x21	  x6:0x00000000 x21:0xe4075000  x8=0x00000000
     333225.000 ns	     33321	800070a4	03b71c33	mulh	x24,x14,x27	 x14:0x00000000 x27:0x82809593 x24=0x00000000
     333595.000 ns	     33358	800070a8	03be5c33	divu	x24,x28,x27	 x28:0x00000010 x27:0x82809593 x24=0x00000000
     333965.000 ns	     33395	800070ac	032e5bb3	divu	x23,x28,x18	 x28:0x00000010 x18:0x16b68000 x23=0x00000000
     333995.000 ns	     33398	800070b0	f00b8d53	fmv.w.x	f26,x23	 x23:0xd8b8b7f7 f26=0x00000000
     334025.000 ns	     33401	800070b4	031f29b3	mulhsu	x19,x30,x17	 x30:0x2c0dfead x17:0x80041024 x19=0x1607b255
     334045.000 ns	     33403	800070b8	01287c33	and	x24,x16,x18	 x16:0x00000000 x18:0x16b68000 x24=0x00000000
     334055.000 ns	     33404	800070bc	eab6bd13	sltiu	x26,x13,-341	 x13:0x00000000 x26=0x00000001
     334075.000 ns	     33406	800070c0	d0193853	fcvt.s.wu	f16,x18	 x18:0x16b68000 f16=0x4db5b400
     334095.000 ns	     33408	800070c4	0167da93	srli	x21,x15,0x16	 x15:0x82809593 x21=0x0000020a
     334105.000 ns	     33409	800070c8	31ccc013	xori	x0,x25,796	 x25:0x00000001
     334125.000 ns	     33411	800070cc	02f28033	mul	x0,x5,x15	  x5:0x00000040 x15:0x82809593
     334145.000 ns	     33413	800070d0	4073dc13	srai	x24,x7,0x7	  x7:0x00000000 x24=0x00000000
     334155.000 ns	     33414	800070d4	4e3b6c93	ori	x25,x22,1251	 x22:0xfffffbd4 x25=0xfffffff7
     334175.000 ns	     33416	800070d8	21319d53	fsgnjn.s	f26,f3,f19	  f3:0x00000000 f19:0x00000000 f26=0x80000000
     334205.000 ns	     33419	800070dc	d00879d3	fcvt.s.w	f19,x16	 x16:0x00000000 f19=0x00000000
     334235.000 ns	     33422	800070e0	e00b05d3	fmv.x.w	x11,f22	 f22:0x4f5f3b47 x11=0x4f5f3b47
     334285.000 ns	     33427	800070e4	09aefc53	fsub.s	f24,f29,f26	 f29:0xcf800000 f26:0x80000000 f24=0xcf800000
     334335.000 ns	     33432	800070e8	00fbb653	fadd.s	f12,f23,f15	 f23:0x00000000 f15:0x00000000 f12=0x00000000
     334365.000 ns	     33435	800070ec	a1a7a453	feq.s	x8,f15,f26	 f15:0x00000000 f26:0x80000000  x8=0x00000001
     334415.000 ns	     33440	800070f0	01e4f7d3	fadd.s	f15,f9,f30	  f9:0x4f00040f f30:0x00000000 f15=0x4f00040f
     334445.000 ns	     33443	800070f4	02053933	mulhu	x18,x10,x0	 x10:0x80041024  x0:0x00000000 x18=0x00000000
     334475.000 ns	     33446	800070f8	037a74b3	remu	x9,x20,x23	 x20:0x80040fe4 x23:0x00000000  x9=0x80040fe4
     334495.000 ns	     33448	800070fc	563bb113	sltiu	x2,x23,1379	 x23:0x00000000  x2=0x00000001
     334505.000 ns	     33449	80007100	00834db3	xor	x27,x6,x8	  x6:0x00000000  x8:0x00000001 x27=0x00000001
     334515.000 ns	     33450	80007104	00bb3133	sltu	x2,x22,x11	 x22:0xfffffbd4 x11:0x4f5f3b47  x2=0x00000000
     334535.000 ns	     33452	80007108	03f01533	mulh	x10,x0,x31	  x0:0x00000000 x31:0xfafeddbe x10=0x00000000
     334565.000 ns	     33455	8000710c	20f80653	fsgnj.s	f12,f16,f15	 f16:0x4db5b400 f15:0x4f00040f f12=0x4db5b400
     334585.000 ns	     33457	80007110	01cbd933	srl	x18,x23,x28	 x23:0x00000000 x28:0x00000010 x18=0x00000000
     334615.000 ns	     33460	80007114	10fbced3	fmul.s	f29,f23,f15	 f23:0x00000000 f15:0x4f00040f f29=0x00000000
     334645.000 ns	     33463	80007118	d01ec8d3	fcvt.s.wu	f17,x29	 x29:0x80040fe4 f17=0x4f000410
     334665.000 ns	     33465	8000711c	006a29b3	slt	x19,x20,x6	 x20:0x80040fe4  x6:0x00000000 x19=0x00000001
     334685.000 ns	     33467	80007120	20e49053	fsgnjn.s	f0,f9,f14	  f9:0x4f00040f f14:0x4729fcd7  f0=0xcf00040f
     334705.000 ns	     33469	80007124	363f0593	addi	x11,x30,867	 x30:0x2c0dfead x11=0x2c0e0210
     335065.000 ns	     33505	80007128	029df4b3	remu	x9,x27,x9	 x27:0x00000001  x9:0x80040fe4  x9=0x00000001
     335085.000 ns	     33507	8000712c	01264b33	xor	x22,x12,x18	 x12:0x00000001 x18:0x00000000 x22=0x00000001
     335105.000 ns	     33509	80007130	a1cd9c53	flt.s	x24,f27,f28	 f27:0xffc00000 f28:0x3f800000 x24=0x00000000
     335125.000 ns	     33511	80007134	446dae13	slti	x28,x27,1094	 x27:0x00000001 x28=0x00000001
     335145.000 ns	     33513	80007138	0226aa33	mulhsu	x20,x13,x2	 x13:0x00000000  x2:0x00000000 x20=0x00000000
     335175.000 ns	     33516	8000713c	a17d8953	fle.s	x18,f27,f23	 f27:0xffc00000 f23:0x00000000 x18=0x00000000
     335195.000 ns	     33518	80007140	06399917	auipc	x18,0x6399	 x18=0x863a0140
     335205.000 ns	     33519	80007144	411586b3	sub	x13,x11,x17	 x11:0x2c0e0210 x17:0x80041024 x13=0xac09f1ec
     335225.000 ns	     33521	80007148	292f9453	fmax.s	f8,f31,f18	 f31:0x471dd93b f18:0xffc00000  f8=0x471dd93b
     335265.000 ns	     33525	8000714c	11e2bed3	fmul.s	f29,f5,f30	  f5:0x4b3037f7 f30:0x00000000 f29=0x00000000
     335285.000 ns	     33527	80007150	004a9ab3	sll	x21,x21,x4	 x21:0x0000020a  x4:0x00000000 x21=0x0000020a
     335315.000 ns	     33530	80007154	580571d3	fsqrt.s	f3,f10	 f10:0xcb3037f7  f3=0x7fc00000
     335655.000 ns	     33564	80007158	18c5acd3	fdiv.s	f25,f11,f12	 f11:0x4f5f3b47 f12:0x4db5b400 f25=0x40df3b48
     336835.000 ns	     33682	8000715c	5804f753	fsqrt.s	f14,f9	  f9:0x4f00040f f14=0x46b50a40
     336865.000 ns	     33685	80007160	e00c8353	fmv.x.w	x6,f25	 f25:0x40df3b48  x6=0x40df3b48
     336885.000 ns	     33687	80007164	6f3a8597	auipc	x11,0x6f3a8	 x11=0xef3af164
     336895.000 ns	     33688	80007168	3854e013	ori	x0,x9,901	  x9:0x00000001
     336905.000 ns	     33689	8000716c	01323bb3	sltu	x23,x4,x19	  x4:0x00000000 x19:0x00000001 x23=0x00000001
     336915.000 ns	     33690	80007170	6cfaf193	andi	x3,x21,1743	 x21:0x0000020a  x3=0x0000020a
     336935.000 ns	     33692	80007174	a11581d3	fle.s	x3,f11,f17	 f11:0x4f5f3b47 f17:0x4f000410  x3=0x00000000
     336965.000 ns	     33695	80007178	d00072d3	fcvt.s.w	f5,x0	  x0:0x00000000  f5=0x00000000
     336995.000 ns	     33698	8000717c	02490933	mul	x18,x18,x4	 x18:0x863a0140  x4:0x00000000 x18=0x00000000
     337025.000 ns	     33701	80007180	0304fdb3	remu	x27,x9,x16	  x9:0x00000001 x16:0x00000000 x27=0x00000001
     337055.000 ns	     33704	80007184	216093d3	fsgnjn.s	f7,f1,f22	  f1:0xcf00035a f22:0x4f5f3b47  f7=0xcf00035a
     337075.000 ns	     33706	80007188	013d86b3	add	x13,x27,x19	 x27:0x00000001 x19:0x00000001 x13=0x00000002
     337095.000 ns	     33708	8000718c	e0020653	fmv.x.w	x12,f4	  f4:0x00000000 x12=0x00000000
     337115.000 ns	     33710	80007190	be8acf13	xori	x30,x21,-1048	 x21:0x0000020a x30=0xfffff9e2
     337135.000 ns	     33712	80007194	21bb8253	fsgnj.s	f4,f23,f27	 f23:0x00000000 f27:0xffc00000  f4=0x80000000
     337155.000 ns	     33714	80007198	0197df13	srli	x30,x15,0x19	 x15:0x82809593 x30=0x00000041
     337175.000 ns	     33716	8000719c	d00f77d3	fcvt.s.w	f15,x30	 x30:0xfffff9e2 f15=0x42820000
     337195.000 ns	     33718	800071a0	a916d237	lui	x4,0xa916d	  x4=0xa916d000
     337215.000 ns	     33720	800071a4	02aadcb3	divu	x25,x21,x10	 x21:0x0000020a x10:0x00000000 x25=0xffffffff
     337265.000 ns	     33725	800071a8	08d0f353	fsub.s	f6,f1,f13	  f1:0xcf00035a f13:0x4729fcd7  f6=0xcf000403
     337295.000 ns	     33728	800071ac	296e89d3	fmin.s	f19,f29,f22	 f29:0x00000000 f22:0x4f5f3b47 f19=0x00000000
     337315.000 ns	     33730	800071b0	0036eb33	or	x22,x13,x3	 x13:0x00000002  x3:0x00000000 x22=0x00000002
     337335.000 ns	     33732	800071b4	f0000853	fmv.w.x	f16,x0	  x0:0x00000000 f16=0x00000000
     337365.000 ns	     33735	800071b8	02421bb3	mulh	x23,x4,x4	  x4:0xa916d000  x4:0xa916d000 x23=0x1d8180a8
     337735.000 ns	     33772	800071bc	039472b3	remu	x5,x8,x25	  x8:0x00000001 x25:0xffffffff  x5=0x00000001
     337765.000 ns	     33775	800071c0	0234cab3	div	x21,x9,x3	  x9:0x00000001  x3:0x00000000 x21=0xffffffff
     337785.000 ns	     33777	800071c4	000660b3	or	x1,x12,x0	 x12:0x00000000  x0:0x00000000  x1=0x00000000
     337805.000 ns	     33779	800071c8	29f31a53	fmax.s	f20,f6,f31	  f6:0xcf000403 f31:0x471dd93b f20=0x471dd93b
     337835.000 ns	     33782	800071cc	28058953	fmin.s	f18,f11,f0	 f11:0x4f5f3b47  f0:0xcf00040f f18=0xcf00040f
     337865.000 ns	     33785	800071d0	20c0add3	fsgnjx.s	f27,f1,f12	  f1:0xcf00035a f12:0x4db5b400 f27=0xcf00035a
     337895.000 ns	     33788	800071d4	20ce1253	fsgnjn.s	f4,f28,f12	 f28:0x3f800000 f12:0x4db5b400  f4=0xbf800000
     337915.000 ns	     33790	800071d8	004ccc33	xor	x24,x25,x4	 x25:0xffffffff  x4:0xa916d000 x24=0x56e92fff
     337935.000 ns	     33792	800071dc	291b1c53	fmax.s	f24,f22,f17	 f22:0x4f5f3b47 f17:0x4f000410 f24=0x4f5f3b47
     337985.000 ns	     33797	800071e0	08b4c4d3	fsub.s	f9,f9,f11	  f9:0x4f00040f f11:0x4f5f3b47  f9=0xcebe6e70
     338005.000 ns	     33799	800071e4	00aeb533	sltu	x10,x29,x10	 x29:0x80040fe4 x10:0x00000000 x10=0x00000000
     338025.000 ns	     33801	800071e8	0257b133	mulhu	x2,x15,x5	 x15:0x82809593  x5:0x00000001  x2=0x00000000
     338045.000 ns	     33803	800071ec	00000013	addi	x0,x0,0	  x0:0x00000000
     338065.000 ns	     33805	800071f0	027309b3	mul	x19,x6,x7	  x6:0x40df3b48  x7:0x00000000 x19=0x00000000
     338435.000 ns	     33842	800071f4	025246b3	div	x13,x4,x5	  x4:0xa916d000  x5:0x00000001 x13=0xa916d000
     338475.000 ns	     33846	800071f8	1033f1d3	fmul.s	f3,f7,f3	  f7:0xcf00035a  f3:0x7fc00000  f3=0x7fc00000
     338495.000 ns	     33848	800071fc	8cddaa13	slti	x20,x27,-1843	 x27:0x00000001 x20=0x00000000
     338515.000 ns	     33850	80007200	28bc1ad3	fmax.s	f21,f24,f11	 f24:0x4f5f3b47 f11:0x4f5f3b47 f21=0x4f5f3b47
     338545.000 ns	     33853	80007204	e00d94d3	fclass.s	x9,f27	 f27:0xcf00035a  x9=0x00000002
     338565.000 ns	     33855	80007208	003d3533	sltu	x10,x26,x3	 x26:0x00000001  x3:0x00000000 x10=0x00000000
     338595.000 ns	     33858	8000720c	188f7d53	fdiv.s	f26,f30,f8	 f30:0x00000000  f8:0x471dd93b f26=0x00000000
     338625.000 ns	     33861	80007210	034d79b3	remu	x19,x26,x20	 x26:0x00000001 x20:0x00000000 x19=0x00000001
     338645.000 ns	     33863	80007214	416b01b3	sub	x3,x22,x22	 x22:0x00000002 x22:0x00000002  x3=0x00000000
     338665.000 ns	     33865	80007218	03c78833	mul	x16,x15,x28	 x15:0x82809593 x28:0x00000001 x16=0x82809593
     338685.000 ns	     33867	8000721c	017280b3	add	x1,x5,x23	  x5:0x00000001 x23:0x1d8180a8  x1=0x1d8180a9
     338695.000 ns	     33868	80007220	6e66bf13	sltiu	x30,x13,1766	 x13:0xa916d000 x30=0x00000000
     338715.000 ns	     33870	80007224	d00cfd53	fcvt.s.w	f26,x25	 x25:0xffffffff f26=0xbf800000
     338745.000 ns	     33873	80007228	02ac9633	mulh	x12,x25,x10	 x25:0xffffffff x10:0x00000000 x12=0x00000000
     338765.000 ns	     33875	8000722c	e71cf593	andi	x11,x25,-399	 x25:0xffffffff x11=0xfffffe71
     338785.000 ns	     33877	80007230	21e28fd3	fsgnj.s	f31,f5,f30	  f5:0x00000000 f30:0x00000000 f31=0x00000000
     338805.000 ns	     33879	80007234	8bc33593	sltiu	x11,x6,-1860	  x6:0x40df3b48 x11=0x00000001
     338825.000 ns	     33881	80007238	21ab23d3	fsgnjx.s	f7,f22,f26	 f22:0x4f5f3b47 f26:0xbf800000  f7=0xcf5f3b47
     338845.000 ns	     33883	8000723c	01e24333	xor	x6,x4,x30	  x4:0xa916d000 x30:0x00000000  x6=0xa916d000
     338855.000 ns	     33884	80007240	00000013	addi	x0,x0,0	  x0:0x00000000
     338865.000 ns	     33885	80007244	89d5b513	sltiu	x10,x11,-1891	 x11:0x00000001 x10=0x00000001
     339195.000 ns	     33918	80007248	1806fbd3	fdiv.s	f23,f13,f0	 f13:0x4729fcd7  f0:0xcf00040f f23=0xb729fcd8
     339225.000 ns	     33921	8000724c	28b78153	fmin.s	f2,f15,f11	 f15:0x42820000 f11:0x4f5f3b47  f2=0x42820000
     339245.000 ns	     33923	80007250	a1dab693	sltiu	x13,x21,-1507	 x21:0xffffffff x13=0x00000000
     339605.000 ns	     33959	80007254	0362edb3	rem	x27,x5,x22	  x5:0x00000001 x22:0x00000002 x27=0x00000001
     339635.000 ns	     33962	80007258	c01e7953	fcvt.wu.s	x18,f28	 f28:0x3f800000 x18=0x00000001
     339655.000 ns	     33964	8000725c	1de6b797	auipc	x15,0x1de6b	 x15=0x9de7225c
     339675.000 ns	     33966	80007260	29f294d3	fmax.s	f9,f5,f31	  f5:0x00000000 f31:0x00000000  f9=0x00000000
     339695.000 ns	     33968	80007264	b5292b13	slti	x22,x18,-1198	 x18:0x00000001 x22=0x00000000
     339725.000 ns	     33971	80007268	580f7bd3	fsqrt.s	f23,f30	 f30:0x00000000 f23=0x00000000
     339745.000 ns	     33973	8000726c	48d69c37	lui	x24,0x48d69	 x24=0x48d69000
     339755.000 ns	     33974	80007270	40b65e13	srai	x28,x12,0xb	 x12:0x00000000 x28=0x00000000
     339765.000 ns	     33975	80007274	916dca13	xori	x20,x27,-1770	 x27:0x00000001 x20=0xfffff917
     339785.000 ns	     33977	80007278	a03ba653	feq.s	x12,f23,f3	 f23:0x00000000  f3:0x7fc00000 x12=0x00000000
     339815.000 ns	     33980	8000727c	a17fa5d3	feq.s	x11,f31,f23	 f31:0x00000000 f23:0x00000000 x11=0x00000001
     339845.000 ns	     33983	80007280	a1c117d3	flt.s	x15,f2,f28	  f2:0x42820000 f28:0x3f800000 x15=0x00000000
     339875.000 ns	     33986	80007284	c01efcd3	fcvt.wu.s	x25,f29	 f29:0x00000000 x25=0x00000000
     339905.000 ns	     33989	80007288	d01f8d53	fcvt.s.wu	f26,x31	 x31:0xfafeddbe f26=0x4f7afede
     339925.000 ns	     33991	8000728c	009adb33	srl	x22,x21,x9	 x21:0xffffffff  x9:0x00000002 x22=0x3fffffff
     339935.000 ns	     33992	80007290	01f43333	sltu	x6,x8,x31	  x8:0x00000001 x31:0xfafeddbe  x6=0x00000001
     339955.000 ns	     33994	80007294	027184b3	mul	x9,x3,x7	  x3:0x00000000  x7:0x00000000  x9=0x00000000
     340325.000 ns	     34031	80007298	026f6ab3	rem	x21,x30,x6	 x30:0x00000000  x6:0xa916d000 x21=0x00000000
     340345.000 ns	     34033	8000729c	010ae433	or	x8,x21,x16	 x21:0xffffffff x16:0x82809593  x8=0x82809593
     340365.000 ns	     34035	800072a0	02a6a0b3	mulhsu	x1,x13,x10	 x13:0x00000000 x10:0x00000001  x1=0x00000000
     340385.000 ns	     34037	800072a4	01a25a33	srl	x20,x4,x26	  x4:0xa916d000 x26:0x00000001 x20=0x548b6800
     340405.000 ns	     34039	800072a8	d014fa53	fcvt.s.wu	f20,x9	  x9:0x00000000 f20=0x00000000
     340425.000 ns	     34041	800072ac	41b9df33	sra	x30,x19,x27	 x19:0x00000001 x27:0x00000001 x30=0x00000000
     340435.000 ns	     34042	800072b0	006875b3	and	x11,x16,x6	 x16:0x82809593  x6:0x00000001 x11=0x00000001
     340455.000 ns	     34044	800072b4	e0039053	fclass.s	x0,f7	  f7:0xcf5f3b47
     340475.000 ns	     34046	800072b8	01b63d33	sltu	x26,x12,x27	 x12:0x00000000 x27:0x00000001 x26=0x00000001
     340485.000 ns	     34047	800072bc	d4640ab7	lui	x21,0xd4640	 x21=0xd4640000
     340495.000 ns	     34048	800072c0	08ffa293	slti	x5,x31,143	 x31:0xfafeddbe  x5=0x00000001
     340525.000 ns	     34051	800072c4	10477253	fmul.s	f4,f14,f4	 f14:0x46b50a40  f4:0xbf800000  f4=0xc6b50a40
     340545.000 ns	     34053	800072c8	000f5693	srli	x13,x30,0x0	 x30:0x00000000 x13=0x00000000
     340555.000 ns	     34054	800072cc	2596ce13	xori	x28,x13,601	 x13:0x00000000 x28=0x00000259
     340885.000 ns	     34087	800072d0	19689a53	fdiv.s	f20,f17,f22	 f17:0x4f000410 f22:0x4f5f3b47 f20=0x3f000410
     340915.000 ns	     34090	800072d4	a1489c53	flt.s	x24,f17,f20	 f17:0x4f000410 f20:0x00000000 x24=0x00000000
     340935.000 ns	     34092	800072d8	c52e3413	sltiu	x8,x28,-942	 x28:0x00000259  x8=0x00000001
     340955.000 ns	     34094	800072dc	033e0933	mul	x18,x28,x19	 x28:0x00000259 x19:0x00000001 x18=0x00000259
     340975.000 ns	     34096	800072e0	61cc2a93	slti	x21,x24,1564	 x24:0x00000000 x21=0x00000001
     340985.000 ns	     34097	800072e4	018c9213	slli	x4,x25,0x18	 x25:0x00000000  x4=0x00000000
     341005.000 ns	     34099	800072e8	213716d3	fsgnjn.s	f13,f14,f19	 f14:0x46b50a40 f19:0x00000000 f13=0xc6b50a40
     341025.000 ns	     34101	800072ec	01b5fbb3	and	x23,x11,x27	 x11:0x00000001 x27:0x00000001 x23=0x00000001
     341035.000 ns	     34102	800072f0	401d09b3	sub	x19,x26,x1	 x26:0x00000001  x1:0x00000000 x19=0x00000001
     341055.000 ns	     34104	800072f4	20421653	fsgnjn.s	f12,f4,f4	  f4:0xc6b50a40  f4:0xc6b50a40 f12=0x46b50a40
     341075.000 ns	     34106	800072f8	00771533	sll	x10,x14,x7	 x14:0x00000000  x7:0x00000000 x10=0x00000000
     341095.000 ns	     34108	800072fc	2036a353	fsgnjx.s	f6,f13,f3	 f13:0xc6b50a40  f3:0x7fc00000  f6=0xc6b50a40
     341115.000 ns	     34110	80007300	0042c0b3	xor	x1,x5,x4	  x5:0x00000001  x4:0x00000000  x1=0x00000001
     341135.000 ns	     34112	80007304	f0048a53	fmv.w.x	f20,x9	  x9:0x00000000 f20=0x00000000
     341165.000 ns	     34115	80007308	02d9e833	rem	x16,x19,x13	 x19:0x00000001 x13:0x00000000 x16=0x00000001
     341185.000 ns	     34117	8000730c	4089df33	sra	x30,x19,x8	 x19:0x00000001  x8:0x00000001 x30=0x00000000
     341205.000 ns	     34119	80007310	0257ba33	mulhu	x20,x15,x5	 x15:0x00000000  x5:0x00000001 x20=0x00000000
     341255.000 ns	     34124	80007314	010d1f53	fadd.s	f30,f26,f16	 f26:0x4f7afede f16:0x00000000 f30=0x4f7afede
     341275.000 ns	     34126	80007318	01029193	slli	x3,x5,0x10	  x5:0x00000001  x3=0x00010000
     341295.000 ns	     34128	8000731c	28959653	fmax.s	f12,f11,f9	 f11:0x4f5f3b47  f9:0x00000000 f12=0x4f5f3b47
     341315.000 ns	     34130	80007320	01d7dc93	srli	x25,x15,0x1d	 x15:0x00000000 x25=0x00000000
     341325.000 ns	     34131	80007324	00b137b3	sltu	x15,x2,x11	  x2:0x00000000 x11:0x00000001 x15=0x00000001
     341355.000 ns	     34134	80007328	11c81c53	fmul.s	f24,f16,f28	 f16:0x00000000 f28:0x3f800000 f24=0x00000000
     341725.000 ns	     34171	8000732c	03ab4633	div	x12,x22,x26	 x22:0x3fffffff x26:0x00000001 x12=0x3fffffff
     341755.000 ns	     34174	80007330	c0057853	fcvt.w.s	x16,f10	 f10:0xcb3037f7 x16=0x00b037f7
     341775.000 ns	     34176	80007334	419fd633	sra	x12,x31,x25	 x31:0xfafeddbe x25:0x00000000 x12=0xfafeddbe
     341795.000 ns	     34178	80007338	024d39b3	mulhu	x19,x26,x4	 x26:0x00000001  x4:0x00000000 x19=0x00000000
     342135.000 ns	     34212	8000733c	181244d3	fdiv.s	f9,f4,f1	  f4:0xc6b50a40  f1:0xcf00035a  f9=0x36b50a40
     342155.000 ns	     34214	80007340	9b733193	sltiu	x3,x6,-1609	  x6:0x00000001  x3=0x00000001
     342175.000 ns	     34216	80007344	c003c4d3	fcvt.w.s	x9,f7	  f7:0xcf5f3b47  x9=0x80000000
     342195.000 ns	     34218	80007348	01b20d33	add	x26,x4,x27	  x4:0x00000000 x27:0x00000001 x26=0x00000001
     342215.000 ns	     34220	8000734c	a07b80d3	fle.s	x1,f23,f7	 f23:0x00000000  f7:0xcf5f3b47  x1=0x00000000
     342245.000 ns	     34223	80007350	d01c41d3	fcvt.s.wu	f3,x24	 x24:0x00000000  f3=0x00000000
     343425.000 ns	     34341	80007354	580e7d53	fsqrt.s	f26,f28	 f28:0x3f800000 f26=0x3f7fffae
     343445.000 ns	     34343	80007358	01a97a33	and	x20,x18,x26	 x18:0x00000259 x26:0x00000001 x20=0x00000001
     343465.000 ns	     34345	8000735c	a1c694d3	flt.s	x9,f13,f28	 f13:0xc6b50a40 f28:0x3f800000  x9=0x00000001
     343485.000 ns	     34347	80007360	40e65a33	sra	x20,x12,x14	 x12:0xfafeddbe x14:0x00000000 x20=0xfafeddbe
     343495.000 ns	     34348	80007364	01784d33	xor	x26,x16,x23	 x16:0x00b037f7 x23:0x00000001 x26=0x00b037f6
     343505.000 ns	     34349	80007368	de78e917	auipc	x18,0xde78e	 x18=0x5e795368
     343525.000 ns	     34351	8000736c	0242f1b3	remu	x3,x5,x4	  x5:0x00000001  x4:0x00000000  x3=0x00000001
     343555.000 ns	     34354	80007370	024200b3	mul	x1,x4,x4	  x4:0x00000000  x4:0x00000000  x1=0x00000000
     343575.000 ns	     34356	80007374	01115033	srl	x0,x2,x17	  x2:0x00000000 x17:0x80041024
     343595.000 ns	     34358	80007378	03891433	mulh	x8,x18,x24	 x18:0x5e795368 x24:0x00000000  x8=0x00000000
     343615.000 ns	     34360	8000737c	00ce9093	slli	x1,x29,0xc	 x29:0x80040fe4  x1=0x40fe4000
     343635.000 ns	     34362	80007380	287999d3	fmax.s	f19,f19,f7	 f19:0x00000000  f7:0xcf5f3b47 f19=0x00000000
     343665.000 ns	     34365	80007384	212704d3	fsgnj.s	f9,f14,f18	 f14:0x46b50a40 f18:0xcf00040f  f9=0xc6b50a40
     343695.000 ns	     34368	80007388	a1e12153	feq.s	x2,f2,f30	  f2:0x42820000 f30:0x4f7afede  x2=0x00000000
     343715.000 ns	     34370	8000738c	0d746613	ori	x12,x8,215	  x8:0x00000000 x12=0x000000d7
     343735.000 ns	     34372	80007390	218609d3	fsgnj.s	f19,f12,f24	 f12:0x4f5f3b47 f24:0x00000000 f19=0x4f5f3b47
     343765.000 ns	     34375	80007394	02fa9ab3	mulh	x21,x21,x15	 x21:0x00000001 x15:0x00000001 x21=0x00000000
     343795.000 ns	     34378	80007398	02052133	mulhsu	x2,x10,x0	 x10:0x00000000  x0:0x00000000  x2=0x00000000
     343815.000 ns	     34380	8000739c	01df9b93	slli	x23,x31,0x1d	 x31:0xfafeddbe x23=0xc0000000
     343825.000 ns	     34381	800073a0	d029a013	slti	x0,x19,-766	 x19:0x00000000
     343845.000 ns	     34383	800073a4	022064b3	rem	x9,x0,x2	  x0:0x00000000  x2:0x00000000  x9=0x00000000
     344185.000 ns	     34417	800073a8	182d9ed3	fdiv.s	f29,f27,f2	 f27:0xcf00035a  f2:0x42820000 f29=0xcbcc107a
     344205.000 ns	     34419	800073ac	12fbe117	auipc	x2,0x12fbe	  x2=0x92fc53ac
     344565.000 ns	     34455	800073b0	03d179b3	remu	x19,x2,x29	  x2:0x00000000 x29:0x80040fe4 x19=0x12f843c8
     344595.000 ns	     34458	800073b4	027aca33	div	x20,x21,x7	 x21:0x00000000  x7:0x00000000 x20=0xffffffff
     344625.000 ns	     34461	800073b8	038c64b3	rem	x9,x24,x24	 x24:0x00000000 x24:0x00000000  x9=0x00000000
     344995.000 ns	     34498	800073bc	025cce33	div	x28,x25,x5	 x25:0x00000000  x5:0x00000001 x28=0x00000000
     345015.000 ns	     34500	800073c0	2d35ec13	ori	x24,x11,723	 x11:0x00000001 x24=0x000002d3
     345035.000 ns	     34502	800073c4	e00409d3	fmv.x.w	x19,f8	  f8:0x471dd93b x19=0x471dd93b
     345065.000 ns	     34505	800073c8	d01183d3	fcvt.s.wu	f7,x3	  x3:0x00000001  f7=0x3f800000
     345085.000 ns	     34507	800073cc	df95aa93	slti	x21,x11,-519	 x11:0x00000001 x21=0x00000000
     345095.000 ns	     34508	800073d0	cbed9297	auipc	x5,0xcbed9	  x5=0x4bee03d0
     345455.000 ns	     34544	800073d4	02b84f33	div	x30,x16,x11	 x16:0x00b037f7 x11:0x00000001 x30=0x00b037f7
     345475.000 ns	     34546	800073d8	0026d2b3	srl	x5,x13,x2	 x13:0x00000000  x2:0x92fc53ac  x5=0x00000000
     345485.000 ns	     34547	800073dc	1b3f0d93	addi	x27,x30,435	 x30:0x00b037f7 x27=0x00b039aa
     345515.000 ns	     34550	800073e0	10cb3d53	fmul.s	f26,f22,f12	 f22:0x4f5f3b47 f12:0x4f5f3b47 f26=0x5f42a854
     345535.000 ns	     34552	800073e4	410c52b3	sra	x5,x24,x16	 x24:0x000002d3 x16:0x00b037f7  x5=0x00000000
     345545.000 ns	     34553	800073e8	012d5913	srli	x18,x26,0x12	 x26:0x00b037f6 x18=0x0000002c
     345555.000 ns	     34554	800073ec	f0e90093	addi	x1,x18,-242	 x18:0x5e795368  x1=0xffffff3a
     345575.000 ns	     34556	800073f0	29bb0053	fmin.s	f0,f22,f27	 f22:0x4f5f3b47 f27:0xcf00035a  f0=0xcf00035a
     345595.000 ns	     34558	800073f4	63dfaa13	slti	x20,x31,1597	 x31:0xfafeddbe x20=0x00000001
     345615.000 ns	     34560	800073f8	28208c53	fmin.s	f24,f1,f2	  f1:0xcf00035a  f2:0x42820000 f24=0xcf00035a
     345645.000 ns	     34563	800073fc	f0018dd3	fmv.w.x	f27,x3	  x3:0x00000001 f27=0x00000001
     345695.000 ns	     34568	80007400	08e1f053	fsub.s	f0,f3,f14	  f3:0x00000000 f14:0x46b50a40  f0=0xc6b50a40
     345715.000 ns	     34570	80007404	57912193	slti	x3,x2,1401	  x2:0x92fc53ac  x3=0x00000001
     345725.000 ns	     34571	80007408	5f34b513	sltiu	x10,x9,1523	  x9:0x00000000 x10=0x00000001
     345745.000 ns	     34573	8000740c	03a09cb3	mulh	x25,x1,x26	  x1:0xffffff3a x26:0x00b037f6 x25=0xffffffff
     345765.000 ns	     34575	80007410	01e55993	srli	x19,x10,0x1e	 x10:0x00000000 x19=0x00000000
     345785.000 ns	     34577	80007414	d0177f53	fcvt.s.wu	f30,x14	 x14:0x00000000 f30=0x00000000
     345815.000 ns	     34580	80007418	a00a1353	flt.s	x6,f20,f0	 f20:0x00000000  f0:0xc6b50a40  x6=0x00000000
     345835.000 ns	     34582	8000741c	20398c93	addi	x25,x19,515	 x19:0x00000000 x25=0x00000203
     345855.000 ns	     34584	80007420	039225b3	mulhsu	x11,x4,x25	  x4:0x00000000 x25:0xffffffff x11=0x00000000
     345875.000 ns	     34586	80007424	fd1a8997	auipc	x19,0xfd1a8	 x19=0x7d1af424
     345905.000 ns	     34589	80007428	11708dd3	fmul.s	f27,f1,f23	  f1:0xcf00035a f23:0x00000000 f27=0x80000000
     345925.000 ns	     34591	8000742c	1a7a7a93	andi	x21,x20,423	 x20:0x00000001 x21=0x00000001
     345945.000 ns	     34593	80007430	a087a053	feq.s	x0,f15,f8	 f15:0x42820000  f8:0x471dd93b
     345965.000 ns	     34595	80007434	018214b3	sll	x9,x4,x24	  x4:0x00000000 x24:0x000002d3  x9=0x00000000
     345985.000 ns	     34597	80007438	28fd90d3	fmax.s	f1,f27,f15	 f27:0x80000000 f15:0x42820000  f1=0x42820000
     346015.000 ns	     34600	8000743c	0247d5b3	divu	x11,x15,x4	 x15:0x00000001  x4:0x00000000 x11=0xffffffff
     346045.000 ns	     34603	80007440	c00eaa53	fcvt.w.s	x20,f29	 f29:0xcbcc107a x20=0xfe67df0c
     346075.000 ns	     34606	80007444	29221653	fmax.s	f12,f4,f18	  f4:0xc6b50a40 f18:0xcf00040f f12=0xc6b50a40
     346105.000 ns	     34609	80007448	e00a07d3	fmv.x.w	x15,f20	 f20:0x00000000 x15=0x00000000
     346135.000 ns	     34612	8000744c	0342a0b3	mulhsu	x1,x5,x20	  x5:0x00000000 x20:0xfe67df0c  x1=0x00000000
     346165.000 ns	     34615	80007450	03153833	mulhu	x16,x10,x17	 x10:0x00000001 x17:0x80041024 x16=0x00000000
     346185.000 ns	     34617	80007454	3d300d93	addi	x27,x0,979	  x0:0x00000000 x27=0x000003d3
     346205.000 ns	     34619	80007458	036a31b3	mulhu	x3,x20,x22	 x20:0xfe67df0c x22:0x3fffffff  x3=0x3f99f7c2
     346225.000 ns	     34621	8000745c	c5be0093	addi	x1,x28,-933	 x28:0x00000000  x1=0xfffffc5b
     346235.000 ns	     34622	80007460	41215113	srai	x2,x2,0x12	  x2:0x92fc53ac  x2=0xffffe4bf
     346255.000 ns	     34624	80007464	a03e9b53	flt.s	x22,f29,f3	 f29:0xcbcc107a  f3:0x00000000 x22=0x00000001
     346285.000 ns	     34627	80007468	03ad1c33	mulh	x24,x26,x26	 x26:0x00b037f6 x26:0x00b037f6 x24=0x0000794c
     346305.000 ns	     34629	8000746c	00f8d193	srli	x3,x17,0xf	 x17:0x80041024  x3=0x00010008
     346665.000 ns	     34665	80007470	0227d5b3	divu	x11,x15,x2	 x15:0x00000000  x2:0xffffe4bf x11=0x00000000
     346695.000 ns	     34668	80007474	21bc8753	fsgnj.s	f14,f25,f27	 f25:0x40df3b48 f27:0x80000000 f14=0xc0df3b48
     346725.000 ns	     34671	80007478	c00bf853	fcvt.w.s	x16,f23	 f23:0x00000000 x16=0x00000000
     346755.000 ns	     34674	8000747c	212fa453	fsgnjx.s	f8,f31,f18	 f31:0x00000000 f18:0xcf00040f  f8=0x80000000
     346775.000 ns	     34676	80007480	06d9f813	andi	x16,x19,109	 x19:0x7d1af424 x16=0x00000024
     346785.000 ns	     34677	80007484	00000013	addi	x0,x0,0	  x0:0x00000000
     347145.000 ns	     34713	80007488	031bd533	divu	x10,x23,x17	 x23:0xc0000000 x17:0x80041024 x10=0x00000001
     347175.000 ns	     34716	8000748c	29d91bd3	fmax.s	f23,f18,f29	 f18:0xcf00040f f29:0xcbcc107a f23=0xcbcc107a
     347195.000 ns	     34718	80007490	01e84a33	xor	x20,x16,x30	 x16:0x00000024 x30:0x00b037f7 x20=0x00b037d3
     347215.000 ns	     34720	80007494	21291253	fsgnjn.s	f4,f18,f18	 f18:0xcf00040f f18:0xcf00040f  f4=0x4f00040f
     347265.000 ns	     34725	80007498	0145fa53	fadd.s	f20,f11,f20	 f11:0x4f5f3b47 f20:0x00000000 f20=0x4f5f3b47
     347295.000 ns	     34728	8000749c	023984b3	mul	x9,x19,x3	 x19:0x7d1af424  x3:0x00010008  x9=0xdcfba120
     347635.000 ns	     34762	800074a0	18e9fa53	fdiv.s	f20,f19,f14	 f19:0x4f5f3b47 f14:0xc0df3b48 f20=0xce17ade2
     347665.000 ns	     34765	800074a4	a08f1853	flt.s	x16,f30,f8	 f30:0x00000000  f8:0x80000000 x16=0x00000000
     347695.000 ns	     34768	800074a8	a09f99d3	flt.s	x19,f31,f9	 f31:0x00000000  f9:0xc6b50a40 x19=0x00000000
     347725.000 ns	     34771	800074ac	29e189d3	fmin.s	f19,f3,f30	  f3:0x00000000 f30:0x00000000 f19=0x00000000
     347745.000 ns	     34773	800074b0	41870c33	sub	x24,x14,x24	 x14:0x00000000 x24:0x0000794c x24=0xffff86b4
     347765.000 ns	     34775	800074b4	03e73833	mulhu	x16,x14,x30	 x14:0x00000000 x30:0x00b037f7 x16=0x00000000
     347815.000 ns	     34780	800074b8	01a024d3	fadd.s	f9,f0,f26	  f0:0xc6b50a40 f26:0x5f42a854  f9=0x5f42a854
     347845.000 ns	     34783	800074bc	c01b31d3	fcvt.wu.s	x3,f22	 f22:0x4f5f3b47  x3=0xdf3b4700
     348215.000 ns	     34820	800074c0	0229ebb3	rem	x23,x19,x2	 x19:0x00000000  x2:0xffffe4bf x23=0x00000000
     348245.000 ns	     34823	800074c4	037a1bb3	mulh	x23,x20,x23	 x20:0x00b037d3 x23:0xc0000000 x23=0x00000000
     348615.000 ns	     34860	800074c8	036672b3	remu	x5,x12,x22	 x12:0x000000d7 x22:0x00000001  x5=0x00000000
     348645.000 ns	     34863	800074cc	03ef8633	mul	x12,x31,x30	 x31:0xfafeddbe x30:0x00b037f7 x12=0x602bc452
     348675.000 ns	     34866	800074d0	205d12d3	fsgnjn.s	f5,f26,f5	 f26:0x5f42a854  f5:0x00000000  f5=0xdf42a854
     348705.000 ns	     34869	800074d4	e0078853	fmv.x.w	x16,f15	 f15:0x42820000 x16=0x42820000
     348725.000 ns	     34871	800074d8	9c22d417	auipc	x8,0x9c22d	  x8=0x1c2344d8
     348765.000 ns	     34875	800074dc	01c6c253	fadd.s	f4,f13,f28	 f13:0xc6b50a40 f28:0x3f800000  f4=0xc6b50840
     348785.000 ns	     34877	800074e0	e6607293	andi	x5,x0,-410	  x0:0x00000000  x5=0x00000000
     348805.000 ns	     34879	800074e4	a11f2cd3	feq.s	x25,f30,f17	 f30:0x00000000 f17:0x4f000410 x25=0x00000000
     348835.000 ns	     34882	800074e8	f0070453	fmv.w.x	f8,x14	 x14:0x00000000  f8=0x00000000
     348855.000 ns	     34884	800074ec	4131d1b3	sra	x3,x3,x19	  x3:0xdf3b4700 x19:0x00000000  x3=0xdf3b4700
     349215.000 ns	     34920	800074f0	021069b3	rem	x19,x0,x1	  x0:0x00000000  x1:0xfffffc5b x19=0x00000000
     349255.000 ns	     34924	800074f4	580df053	fsqrt.s	f0,f27	 f27:0x80000000  f0=0x80000000
     349285.000 ns	     34927	800074f8	020be2b3	rem	x5,x23,x0	 x23:0x00000000  x0:0x00000000  x5=0x00000000
     349315.000 ns	     34930	800074fc	21a897d3	fsgnjn.s	f15,f17,f26	 f17:0x4f000410 f26:0x5f42a854 f15=0xcf000410
     349345.000 ns	     34933	80007500	e00595d3	fclass.s	x11,f11	 f11:0x4f5f3b47 x11=0x00000040
     349375.000 ns	     34936	80007504	039c3c33	mulhu	x24,x24,x25	 x24:0xffff86b4 x25:0x00000000 x24=0x00000000
     349745.000 ns	     34973	80007508	03f5da33	divu	x20,x11,x31	 x11:0x00000040 x31:0xfafeddbe x20=0x00000000
     349765.000 ns	     34975	8000750c	01052ab3	slt	x21,x10,x16	 x10:0x00000001 x16:0x42820000 x21=0x00000001
     349785.000 ns	     34977	80007510	d007cad3	fcvt.s.w	f21,x15	 x15:0x00000000 f21=0x00000000
     349805.000 ns	     34979	80007514	009b92b3	sll	x5,x23,x9	 x23:0x00000000  x9:0xdcfba120  x5=0x00000000
     349825.000 ns	     34981	80007518	02999333	mulh	x6,x19,x9	 x19:0x00000000  x9:0xdcfba120  x6=0x00000000
     349855.000 ns	     34984	8000751c	020fedb3	rem	x27,x31,x0	 x31:0xfafeddbe  x0:0x00000000 x27=0xfafeddbe
     349875.000 ns	     34986	80007520	4024d733	sra	x14,x9,x2	  x9:0xdcfba120  x2:0xffffe4bf x14=0xffffffff
     349885.000 ns	     34987	80007524	0119c833	xor	x16,x19,x17	 x19:0x00000000 x17:0x80041024 x16=0x80041024
     349905.000 ns	     34989	80007528	2016aad3	fsgnjx.s	f21,f13,f1	 f13:0xc6b50a40  f1:0x42820000 f21=0xc6b50a40
     349935.000 ns	     34992	8000752c	024d5233	divu	x4,x26,x4	 x26:0x00b037f6  x4:0x00000000  x4=0xffffffff
     350305.000 ns	     35029	80007530	02ebe233	rem	x4,x23,x14	 x23:0x00000000 x14:0xffffffff  x4=0x00000000
     350325.000 ns	     35031	80007534	0067bdb3	sltu	x27,x15,x6	 x15:0x00000000  x6:0x00000000 x27=0x00000000
     350365.000 ns	     35035	80007538	08edcbd3	fsub.s	f23,f27,f14	 f27:0x80000000 f14:0xc0df3b48 f23=0x40df3b48
     350395.000 ns	     35038	8000753c	a0712453	feq.s	x8,f2,f7	  f2:0x42820000  f7:0x3f800000  x8=0x00000000
     350435.000 ns	     35042	80007540	1807ac53	fdiv.s	f24,f15,f0	 f15:0xcf000410  f0:0x80000000 f24=0x7f800000
     350455.000 ns	     35044	80007544	01df6633	or	x12,x30,x29	 x30:0x00b037f7 x29:0x80040fe4 x12=0x80b43ff7
     350475.000 ns	     35046	80007548	c0161653	fcvt.wu.s	x12,f12	 f12:0xc6b50a40 x12=0x00005a85
     350495.000 ns	     35048	8000754c	009cd4b3	srl	x9,x25,x9	 x25:0x00000000  x9:0xdcfba120  x9=0x00000000
     350505.000 ns	     35049	80007550	001491b3	sll	x3,x9,x1	  x9:0xdcfba120  x1:0xfffffc5b  x3=0x00000000
     350525.000 ns	     35051	80007554	20bf0e53	fsgnj.s	f28,f30,f11	 f30:0x00000000 f11:0x4f5f3b47 f28=0x00000000
     350545.000 ns	     35053	80007558	419503b3	sub	x7,x10,x25	 x10:0x00000001 x25:0x00000000  x7=0x00000001
     350555.000 ns	     35054	8000755c	61ddf293	andi	x5,x27,1565	 x27:0x00000000  x5=0x00000000
     350915.000 ns	     35090	80007560	030ecb33	div	x22,x29,x16	 x29:0x80040fe4 x16:0x80041024 x22=0x00000001
     350935.000 ns	     35092	80007564	8df14a97	auipc	x21,0x8df14	 x21=0x0df1b564
     350945.000 ns	     35093	80007568	0031ff33	and	x30,x3,x3	  x3:0x00000000  x3:0x00000000 x30=0x00000000
     350955.000 ns	     35094	8000756c	d479b793	sltiu	x15,x19,-697	 x19:0x00000000 x15=0x00000001
     350965.000 ns	     35095	80007570	0170d933	srl	x18,x1,x23	  x1:0xfffffc5b x23:0x00000000 x18=0xfffffc5b
     350975.000 ns	     35096	80007574	00000013	addi	x0,x0,0	  x0:0x00000000
     350985.000 ns	     35097	80007578	0132a7b3	slt	x15,x5,x19	  x5:0x00000000 x19:0x00000000 x15=0x00000000
     351015.000 ns	     35100	8000757c	18adff53	fdiv.s	f30,f27,f10	 f27:0x80000000 f10:0xcb3037f7 f30=0x00000000
     351045.000 ns	     35103	80007580	e00091d3	fclass.s	x3,f1	  f1:0x42820000  x3=0x00000040
     351075.000 ns	     35106	80007584	03d9a6b3	mulhsu	x13,x19,x29	 x19:0x00000000 x29:0x80040fe4 x13=0x00000000
     351095.000 ns	     35108	80007588	0db60293	addi	x5,x12,219	 x12:0x00005a85  x5=0x00005b60
     351115.000 ns	     35110	8000758c	0381fab3	remu	x21,x3,x24	  x3:0x00000040 x24:0x00000000 x21=0x00000040
     351145.000 ns	     35113	80007590	031b3db3	mulhu	x27,x22,x17	 x22:0x00000001 x17:0x80041024 x27=0x00000000
     351185.000 ns	     35117	80007594	580ff553	fsqrt.s	f10,f31	 f31:0x00000000 f10=0x00000000
     351205.000 ns	     35119	80007598	00f9e833	or	x16,x19,x15	 x19:0x00000000 x15:0x00000000 x16=0x00000000
     351215.000 ns	     35120	8000759c	00a5d713	srli	x14,x11,0xa	 x11:0x00000040 x14=0x00000000
     351225.000 ns	     35121	800075a0	00605613	srli	x12,x0,0x6	  x0:0x00000000 x12=0x00000000
     351235.000 ns	     35122	800075a4	01b5aa33	slt	x20,x11,x27	 x11:0x00000040 x27:0x00000000 x20=0x00000000
     351245.000 ns	     35123	800075a8	75667093	andi	x1,x12,1878	 x12:0x00005a85  x1=0x00000000
     351265.000 ns	     35125	800075ac	c005bdd3	fcvt.w.s	x27,f11	 f11:0x4f5f3b47 x27=0x7fffffff
     351285.000 ns	     35127	800075b0	40460cb3	sub	x25,x12,x4	 x12:0x00000000  x4:0x00000000 x25=0x00000000
     351305.000 ns	     35129	800075b4	f00c0dd3	fmv.w.x	f27,x24	 x24:0x00000000 f27=0x00000000
     351325.000 ns	     35131	800075b8	6b4f3593	sltiu	x11,x30,1716	 x30:0x00000000 x11=0x00000001
     351335.000 ns	     35132	800075bc	66ebb113	sltiu	x2,x23,1646	 x23:0x00000000  x2=0x00000001
     351345.000 ns	     35133	800075c0	01b39bb3	sll	x23,x7,x27	  x7:0x00000001 x27:0x7fffffff x23=0x80000000
     351365.000 ns	     35135	800075c4	284d8f53	fmin.s	f30,f27,f4	 f27:0x00000000  f4:0xc6b50840 f30=0xc6b50840
     351395.000 ns	     35138	800075c8	a1e42e53	feq.s	x28,f8,f30	  f8:0x00000000 f30:0x00000000 x28=0x00000000
     351425.000 ns	     35141	800075cc	a1da0653	fle.s	x12,f20,f29	 f20:0xce17ade2 f29:0xcbcc107a x12=0x00000001
     351445.000 ns	     35143	800075d0	016bd133	srl	x2,x23,x22	 x23:0x80000000 x22:0x00000001  x2=0x40000000
     351465.000 ns	     35145	800075d4	039c4133	div	x2,x24,x25	 x24:0x00000000 x25:0x00000000  x2=0xffffffff
     351485.000 ns	     35147	800075d8	bd820913	addi	x18,x4,-1064	  x4:0x00000000 x18=0xfffffbd8
     351505.000 ns	     35149	800075dc	034c42b3	div	x5,x24,x20	 x24:0x00000000 x20:0x00000000  x5=0xffffffff
     351525.000 ns	     35151	800075e0	002dbe33	sltu	x28,x27,x2	 x27:0x7fffffff  x2:0xffffffff x28=0x00000001
     351535.000 ns	     35152	800075e4	00f3d693	srli	x13,x7,0xf	  x7:0x00000001 x13=0x00000000
     351555.000 ns	     35154	800075e8	e00981d3	fmv.x.w	x3,f19	 f19:0x00000000  x3=0x00000000
     351575.000 ns	     35156	800075ec	00cec3b3	xor	x7,x29,x12	 x29:0x80040fe4 x12:0x00000001  x7=0x80040fe5
     351595.000 ns	     35158	800075f0	c012b253	fcvt.wu.s	x4,f5	  f5:0xdf42a854  x4=0x00000000
     351615.000 ns	     35160	800075f4	0167b333	sltu	x6,x15,x22	 x15:0x00000000 x22:0x00000001  x6=0x00000001
     351635.000 ns	     35162	800075f8	02cd91b3	mulh	x3,x27,x12	 x27:0x7fffffff x12:0x00000001  x3=0x00000000
     351655.000 ns	     35164	800075fc	400d8e33	sub	x28,x27,x0	 x27:0x7fffffff  x0:0x00000000 x28=0x7fffffff
     351665.000 ns	     35165	80007600	407c0e33	sub	x28,x24,x7	 x24:0x00000000  x7:0x80040fe5 x28=0x7ffbf01b
     351675.000 ns	     35166	80007604	00000013	addi	x0,x0,0	  x0:0x00000000
     351685.000 ns	     35167	80007608	0061c233	xor	x4,x3,x6	  x3:0x00000000  x6:0x00000001  x4=0x00000001
     351695.000 ns	     35168	8000760c	986dc193	xori	x3,x27,-1658	 x27:0x7fffffff  x3=0x80000679
     351705.000 ns	     35169	80007610	bb5e6013	ori	x0,x28,-1099	 x28:0x7ffbf01b
     351715.000 ns	     35170	80007614	00939db3	sll	x27,x7,x9	  x7:0x80040fe5  x9:0x00000000 x27=0x80040fe5
     351735.000 ns	     35172	80007618	a1a62353	feq.s	x6,f12,f26	 f12:0xc6b50a40 f26:0x5f42a854  x6=0x00000000
     351755.000 ns	     35174	8000761c	00191c33	sll	x24,x18,x1	 x18:0xfffffbd8  x1:0x00000000 x24=0xfffffbd8
     351775.000 ns	     35176	80007620	e00a03d3	fmv.x.w	x7,f20	 f20:0xce17ade2  x7=0xce17ade2
     351825.000 ns	     35181	80007624	0129fb53	fadd.s	f22,f19,f18	 f19:0x00000000 f18:0xcf00040f f22=0xcf00040f
     351845.000 ns	     35183	80007628	91b31117	auipc	x2,0x91b31	  x2=0x11b38628
     351865.000 ns	     35185	8000762c	03a0a133	mulhsu	x2,x1,x26	  x1:0x00000000 x26:0x00b037f6  x2=0x00000000
     352235.000 ns	     35222	80007630	03d8db33	divu	x22,x17,x29	 x17:0x80041024 x29:0x80040fe4 x22=0x00000001
     352265.000 ns	     35225	80007634	03d19833	mulh	x16,x3,x29	  x3:0x80000679 x29:0x80040fe4 x16=0x3ffdf4d1
     352285.000 ns	     35227	80007638	52dd2493	slti	x9,x26,1325	 x26:0x00b037f6  x9=0x00000000
     352305.000 ns	     35229	8000763c	c0187853	fcvt.wu.s	x16,f16	 f16:0x00000000 x16=0x00000000
     352325.000 ns	     35231	80007640	a6f5edb7	lui	x27,0xa6f5e	 x27=0xa6f5e000
     352345.000 ns	     35233	80007644	032c1ab3	mulh	x21,x24,x18	 x24:0xfffffbd8 x18:0xfffffbd8 x21=0x00000000
     352365.000 ns	     35235	80007648	53ddaf13	slti	x30,x27,1341	 x27:0x80040fe5 x30=0x00000001
     352385.000 ns	     35237	8000764c	022e1db3	mulh	x27,x28,x2	 x28:0x7ffbf01b  x2:0x00000000 x27=0x00000000
     352405.000 ns	     35239	80007650	01cb8c33	add	x24,x23,x28	 x23:0x80000000 x28:0x7ffbf01b x24=0xfffbf01b
     352415.000 ns	     35240	80007654	00000013	addi	x0,x0,0	  x0:0x00000000
     352455.000 ns	     35244	80007658	09b2f5d3	fsub.s	f11,f5,f27	  f5:0xdf42a854 f27:0x00000000 f11=0xdf42a854
     352475.000 ns	     35246	8000765c	004dea33	or	x20,x27,x4	 x27:0x00000000  x4:0x00000001 x20=0x00000001
     352495.000 ns	     35248	80007660	a1ffa3d3	feq.s	x7,f31,f31	 f31:0x00000000 f31:0x00000000  x7=0x00000001
     352525.000 ns	     35251	80007664	20481bd3	fsgnjn.s	f23,f16,f4	 f16:0x00000000  f4:0xc6b50840 f23=0x00000000
     352555.000 ns	     35254	80007668	02eeb3b3	mulhu	x7,x29,x14	 x29:0x80040fe4 x14:0x00000000  x7=0x00000000
     352575.000 ns	     35256	8000766c	1ce7a713	slti	x14,x15,462	 x15:0x00000000 x14=0x00000001
     352585.000 ns	     35257	80007670	00000013	addi	x0,x0,0	  x0:0x00000000
     352605.000 ns	     35259	80007674	c00dfd53	fcvt.w.s	x26,f27	 f27:0x00000000 x26=0x00000000
     352635.000 ns	     35262	80007678	a0dbac53	feq.s	x24,f23,f13	 f23:0x00000000 f13:0xc6b50a40 x24=0x00000000
     352665.000 ns	     35265	8000767c	a06aa753	feq.s	x14,f21,f6	 f21:0xc6b50a40  f6:0xc6b50a40 x14=0x00000001
     352685.000 ns	     35267	80007680	0176ecb3	or	x25,x13,x23	 x13:0x00000000 x23:0x80000000 x25=0x80000000
     352695.000 ns	     35268	80007684	40800e33	sub	x28,x0,x8	  x0:0x00000000  x8:0x00000000 x28=0x00000000
     352715.000 ns	     35270	80007688	a12e2cd3	feq.s	x25,f28,f18	 f28:0x00000000 f18:0xcf00040f x25=0x00000000
     352735.000 ns	     35272	8000768c	014e0c33	add	x24,x28,x20	 x28:0x7ffbf01b x20:0x00000001 x24=0x00000001
     352745.000 ns	     35273	80007690	c0b5f837	lui	x16,0xc0b5f	 x16=0xc0b5f000
     352785.000 ns	     35277	80007694	013e72d3	fadd.s	f5,f28,f19	 f28:0x00000000 f19:0x00000000  f5=0x00000000
     352805.000 ns	     35279	80007698	01843933	sltu	x18,x8,x24	  x8:0x00000000 x24:0x00000001 x18=0x00000001
     352815.000 ns	     35280	8000769c	27256513	ori	x10,x10,626	 x10:0x00000001 x10=0x00000273
     352835.000 ns	     35282	800076a0	f00406d3	fmv.w.x	f13,x8	  x8:0x00000000 f13=0x00000000
     352865.000 ns	     35285	800076a4	039bbab3	mulhu	x21,x23,x25	 x23:0x80000000 x25:0x00000000 x21=0x00000000
     352905.000 ns	     35289	800076a8	10ef7f53	fmul.s	f30,f30,f14	 f30:0xc6b50840 f14:0xc0df3b48 f30=0x481ddc1c
     352935.000 ns	     35292	800076ac	202c26d3	fsgnjx.s	f13,f24,f2	 f24:0x7f800000  f2:0x42820000 f13=0x7f800000
     352965.000 ns	     35295	800076b0	d00473d3	fcvt.s.w	f7,x8	  x8:0x00000000  f7=0x00000000
     352985.000 ns	     35297	800076b4	92d72b93	slti	x23,x14,-1747	 x14:0x00000001 x23=0x00000000
     352995.000 ns	     35298	800076b8	01db6233	or	x4,x22,x29	 x22:0x00000001 x29:0x80040fe4  x4=0x80040fe5
     353005.000 ns	     35299	800076bc	00d39213	slli	x4,x7,0xd	  x7:0x00000000  x4=0x00000000
     353015.000 ns	     35300	800076c0	40c70c33	sub	x24,x14,x12	 x14:0x00000001 x12:0x00000001 x24=0x00000000
     353035.000 ns	     35302	800076c4	0242da33	divu	x20,x5,x4	  x5:0xffffffff  x4:0x80040fe5 x20=0xffffffff
     353075.000 ns	     35306	800076c8	1106cbd3	fmul.s	f23,f13,f16	 f13:0x7f800000 f16:0x00000000 f23=0x7fc00000
     353445.000 ns	     35343	800076cc	03ef5f33	divu	x30,x30,x30	 x30:0x00000001 x30:0x00000001 x30=0x00000001
     353465.000 ns	     35345	800076d0	00e96db3	or	x27,x18,x14	 x18:0x00000001 x14:0x00000001 x27=0x00000001
     353485.000 ns	     35347	800076d4	03c5b233	mulhu	x4,x11,x28	 x11:0x00000001 x28:0x00000000  x4=0x00000000
     353515.000 ns	     35350	800076d8	03fd80b3	mul	x1,x27,x31	 x27:0x00000000 x31:0xfafeddbe  x1=0xfafeddbe
     353545.000 ns	     35353	800076dc	216a20d3	fsgnjx.s	f1,f20,f22	 f20:0xce17ade2 f22:0xcf00040f  f1=0x4e17ade2
     353565.000 ns	     35355	800076e0	41ef81b3	sub	x3,x31,x30	 x31:0xfafeddbe x30:0x00000001  x3=0xfafeddbd
     353585.000 ns	     35357	800076e4	208e2d53	fsgnjx.s	f26,f28,f8	 f28:0x00000000  f8:0x00000000 f26=0x00000000
     353615.000 ns	     35360	800076e8	e00084d3	fmv.x.w	x9,f1	  f1:0x4e17ade2  x9=0x4e17ade2
     353645.000 ns	     35363	800076ec	d019cad3	fcvt.s.wu	f21,x19	 x19:0x00000000 f21=0x00000000
     353675.000 ns	     35366	800076f0	d0137253	fcvt.s.wu	f4,x6	  x6:0x00000000  f4=0x00000000
     353715.000 ns	     35370	800076f4	11677353	fmul.s	f6,f14,f22	 f14:0xc0df3b48 f22:0xcf00040f  f6=0x505f425c
     353745.000 ns	     35373	800076f8	a10823d3	feq.s	x7,f16,f16	 f16:0x00000000 f16:0x00000000  x7=0x00000001
     353765.000 ns	     35375	800076fc	40a65333	sra	x6,x12,x10	 x12:0x00000001 x10:0x00000273  x6=0x00000000
     353775.000 ns	     35376	80007700	012eccb3	xor	x25,x29,x18	 x29:0x80040fe4 x18:0x00000001 x25=0x80040fe5
     353785.000 ns	     35377	80007704	01a54233	xor	x4,x10,x26	 x10:0x00000273 x26:0x00000000  x4=0x00000273
     353795.000 ns	     35378	80007708	e8423b13	sltiu	x22,x4,-380	  x4:0x00000000 x22=0x00000001
     353805.000 ns	     35379	8000770c	40345313	srai	x6,x8,0x3	  x8:0x00000000  x6=0x00000000
     353825.000 ns	     35381	80007710	c014cd53	fcvt.wu.s	x26,f9	  f9:0x5f42a854 x26=0xffffffff
     353855.000 ns	     35384	80007714	e0001bd3	fclass.s	x23,f0	  f0:0x80000000 x23=0x00000008
     353875.000 ns	     35386	80007718	46e40793	addi	x15,x8,1134	  x8:0x00000000 x15=0x0000046e
     353895.000 ns	     35388	8000771c	20a09e53	fsgnjn.s	f28,f1,f10	  f1:0x4e17ade2 f10:0x00000000 f28=0xce17ade2
     353925.000 ns	     35391	80007720	d01eacd3	fcvt.s.wu	f25,x29	 x29:0x80040fe4 f25=0x4f000410
     353955.000 ns	     35394	80007724	286c14d3	fmax.s	f9,f24,f6	 f24:0x7f800000  f6:0x505f425c  f9=0x7f800000
     353985.000 ns	     35397	80007728	206019d3	fsgnjn.s	f19,f0,f6	  f0:0x80000000  f6:0x505f425c f19=0x80000000
     354015.000 ns	     35400	8000772c	21440753	fsgnj.s	f14,f8,f20	  f8:0x00000000 f20:0xce17ade2 f14=0x80000000
     354035.000 ns	     35402	80007730	40445d13	srai	x26,x8,0x4	  x8:0x00000000 x26=0x00000000
     354045.000 ns	     35403	80007734	01c47033	and	x0,x8,x28	  x8:0x00000000 x28:0x00000000
     354055.000 ns	     35404	80007738	0198f4b3	and	x9,x17,x25	 x17:0x80041024 x25:0x80040fe5  x9=0x80040024
     354085.000 ns	     35407	8000773c	580440d3	fsqrt.s	f1,f8	  f8:0x00000000  f1=0x00000000
     354105.000 ns	     35409	80007740	00184e33	xor	x28,x16,x1	 x16:0xc0b5f000  x1:0xfafeddbe x28=0x3a4b2dbe
     354125.000 ns	     35411	80007744	a1351053	flt.s	x0,f10,f19	 f10:0x00000000 f19:0x80000000
     354155.000 ns	     35414	80007748	21252453	fsgnjx.s	f8,f10,f18	 f10:0x00000000 f18:0xcf00040f  f8=0x80000000
     354175.000 ns	     35416	8000774c	003e6bb3	or	x23,x28,x3	 x28:0x3a4b2dbe  x3:0xfafeddbd x23=0xfafffdbf
     354185.000 ns	     35417	80007750	e843ed13	ori	x26,x7,-380	  x7:0x00000001 x26=0xfffffe85
     354205.000 ns	     35419	80007754	d012b253	fcvt.s.wu	f4,x5	  x5:0xffffffff  f4=0x4f800000
     354235.000 ns	     35422	80007758	a1fb1753	flt.s	x14,f22,f31	 f22:0xcf00040f f31:0x00000000 x14=0x00000001
     354265.000 ns	     35425	8000775c	20791ad3	fsgnjn.s	f21,f18,f7	 f18:0xcf00040f  f7:0x00000000 f21=0xcf00040f
     354285.000 ns	     35427	80007760	a8123313	sltiu	x6,x4,-1407	  x4:0x00000273  x6=0x00000001
     354305.000 ns	     35429	80007764	28420ad3	fmin.s	f21,f4,f4	  f4:0x4f800000  f4:0x4f800000 f21=0x4f800000
     354345.000 ns	     35433	80007768	580a7953	fsqrt.s	f18,f20	 f20:0xce17ade2 f18=0x7fc00000
     354375.000 ns	     35436	8000776c	e0089dd3	fclass.s	x27,f17	 f17:0x4f000410 x27=0x00000040
     354405.000 ns	     35439	80007770	e0008953	fmv.x.w	x18,f1	  f1:0x00000000 x18=0x00000000
     354775.000 ns	     35476	80007774	02a7d1b3	divu	x3,x15,x10	 x15:0x0000046e x10:0x00000273  x3=0x00000001
     354805.000 ns	     35479	80007778	d0193e53	fcvt.s.wu	f28,x18	 x18:0x00000000 f28=0x00000000
     354825.000 ns	     35481	8000777c	010e1913	slli	x18,x28,0x10	 x28:0x3a4b2dbe x18=0x2dbe0000
     354835.000 ns	     35482	80007780	4108d793	srai	x15,x17,0x10	 x17:0x80041024 x15=0xffff8004
     354845.000 ns	     35483	80007784	402cd233	sra	x4,x25,x2	 x25:0x80040fe5  x2:0x00000000  x4=0x80040fe5
     354855.000 ns	     35484	80007788	32198013	addi	x0,x19,801	 x19:0x00000000
     354865.000 ns	     35485	8000778c	40045733	sra	x14,x8,x0	  x8:0x00000000  x0:0x00000000 x14=0x00000000
     354875.000 ns	     35486	80007790	a714a413	slti	x8,x9,-1423	  x9:0x80040024  x8=0x00000001
     354885.000 ns	     35487	80007794	41200013	addi	x0,x0,1042	  x0:0x00000000
     354905.000 ns	     35489	80007798	288408d3	fmin.s	f17,f8,f8	  f8:0x80000000  f8:0x80000000 f17=0x80000000
     354925.000 ns	     35491	8000779c	e02b1297	auipc	x5,0xe02b1	  x5=0x602b879c
     354935.000 ns	     35492	800077a0	01825233	srl	x4,x4,x24	  x4:0x80040fe5 x24:0x00000000  x4=0x80040fe5
     354945.000 ns	     35493	800077a4	40cfd433	sra	x8,x31,x12	 x31:0xfafeddbe x12:0x00000001  x8=0xfd7f6edf
     354965.000 ns	     35495	800077a8	2010add3	fsgnjx.s	f27,f1,f1	  f1:0x00000000  f1:0x00000000 f27=0x00000000
     354985.000 ns	     35497	800077ac	014805b3	add	x11,x16,x20	 x16:0xc0b5f000 x20:0xffffffff x11=0xc0b5efff
     354995.000 ns	     35498	800077b0	c6448313	addi	x6,x9,-924	  x9:0x80040024  x6=0x8003fc88
     355005.000 ns	     35499	800077b4	00000013	addi	x0,x0,0	  x0:0x00000000
     355025.000 ns	     35501	800077b8	285088d3	fmin.s	f17,f1,f5	  f1:0x00000000  f5:0x00000000 f17=0x00000000
     355045.000 ns	     35503	800077bc	00da36b3	sltu	x13,x20,x13	 x20:0xffffffff x13:0x00000000 x13=0x00000000
     355055.000 ns	     35504	800077c0	01890733	add	x14,x18,x24	 x18:0x2dbe0000 x24:0x00000000 x14=0x2dbe0000
     355065.000 ns	     35505	800077c4	01c9d993	srli	x19,x19,0x1c	 x19:0x00000000 x19=0x00000000
     355075.000 ns	     35506	800077c8	55714197	auipc	x3,0x55714	  x3=0xd571b7c8
     355085.000 ns	     35507	800077cc	a53bc513	xori	x10,x23,-1453	 x23:0xfafffdbf x10=0x050007ec
     355445.000 ns	     35543	800077d0	0375c833	div	x16,x11,x23	 x11:0xc0b5efff x23:0xfafffdbf x16=0x0000000c
     355465.000 ns	     35545	800077d4	00fd1b13	slli	x22,x26,0xf	 x26:0xfffffe85 x22=0xff428000
     355475.000 ns	     35546	800077d8	bf0dc113	xori	x2,x27,-1040	 x27:0x00000040  x2=0xfffffbb0
     355505.000 ns	     35549	800077dc	5805f0d3	fsqrt.s	f1,f11	 f11:0xdf42a854  f1=0x7fc00000
     355525.000 ns	     35551	800077e0	0066d493	srli	x9,x13,0x6	 x13:0x00000000  x9=0x00000000
     355535.000 ns	     35552	800077e4	2a90ae13	slti	x28,x1,681	  x1:0xfafeddbe x28=0x00000001
     355555.000 ns	     35554	800077e8	038339b3	mulhu	x19,x6,x24	  x6:0x8003fc88 x24:0x00000000 x19=0x00000000
     355585.000 ns	     35557	800077ec	d01f7d53	fcvt.s.wu	f26,x30	 x30:0x00000001 f26=0x3f800000
     355605.000 ns	     35559	800077f0	ffad3013	sltiu	x0,x26,-6	 x26:0xfffffe85
     355615.000 ns	     35560	800077f4	0013e7b3	or	x15,x7,x1	  x7:0x00000001  x1:0xfafeddbe x15=0xfafeddbf
     355625.000 ns	     35561	800077f8	01295193	srli	x3,x18,0x12	 x18:0x2dbe0000  x3=0x00000b6f
     355645.000 ns	     35563	800077fc	a150a153	feq.s	x2,f1,f21	  f1:0x7fc00000 f21:0x4f800000  x2=0x00000000
     355665.000 ns	     35565	80007800	00b95813	srli	x16,x18,0xb	 x18:0x2dbe0000 x16=0x0005b7c0
     355685.000 ns	     35567	80007804	032db3b3	mulhu	x7,x27,x18	 x27:0x00000040 x18:0x2dbe0000  x7=0x0000000b
     355705.000 ns	     35569	80007808	40815933	sra	x18,x2,x8	  x2:0x00000000  x8:0xfd7f6edf x18=0x00000000
     355725.000 ns	     35571	8000780c	a1fc9753	flt.s	x14,f25,f31	 f25:0x4f000410 f31:0x00000000 x14=0x00000000
     355765.000 ns	     35575	80007810	1105a7d3	fmul.s	f15,f11,f16	 f11:0xdf42a854 f16:0x00000000 f15=0x80000000
     355785.000 ns	     35577	80007814	40db0c33	sub	x24,x22,x13	 x22:0xff428000 x13:0x00000000 x24=0xff428000
     355795.000 ns	     35578	80007818	416055b3	sra	x11,x0,x22	  x0:0x00000000 x22:0xff428000 x11=0x00000000
     355815.000 ns	     35580	8000781c	c0017653	fcvt.w.s	x12,f2	  f2:0x42820000 x12=0x00000041
     355845.000 ns	     35583	80007820	e0030753	fmv.x.w	x14,f6	  f6:0x505f425c x14=0x505f425c
     355875.000 ns	     35586	80007824	f00f03d3	fmv.w.x	f7,x30	 x30:0x00000001  f7=0x00000001
     355905.000 ns	     35589	80007828	a1fa05d3	fle.s	x11,f20,f31	 f20:0xce17ade2 f31:0x00000000 x11=0x00000001
     356275.000 ns	     35626	8000782c	028cf9b3	remu	x19,x25,x8	 x25:0x80040fe5  x8:0xfd7f6edf x19=0x80040fe5
     356305.000 ns	     35629	80007830	a1a38953	fle.s	x18,f7,f26	  f7:0x00000001 f26:0x3f800000 x18=0x00000001
     356335.000 ns	     35632	80007834	f00181d3	fmv.w.x	f3,x3	  x3:0x00000b6f  f3=0x00000b6f
     356355.000 ns	     35634	80007838	016c9133	sll	x2,x25,x22	 x25:0x80040fe5 x22:0xff428000  x2=0x80040fe5
     356385.000 ns	     35637	8000783c	580001d3	fsqrt.s	f3,f0	  f0:0x80000000  f3=0x80000000
     356415.000 ns	     35640	80007840	a11dadd3	feq.s	x27,f27,f17	 f27:0x00000000 f17:0x00000000 x27=0x00000001
     356435.000 ns	     35642	80007844	008d2433	slt	x8,x26,x8	 x26:0xfffffe85  x8:0xfd7f6edf  x8=0x00000000
     356465.000 ns	     35645	80007848	11247153	fmul.s	f2,f8,f18	  f8:0x80000000 f18:0x7fc00000  f2=0x7fc00000
     356485.000 ns	     35647	8000784c	00922f33	slt	x30,x4,x9	  x4:0x80040fe5  x9:0x00000000 x30=0x00000001
     356505.000 ns	     35649	80007850	02a9a633	mulhsu	x12,x19,x10	 x19:0x80040fe5 x10:0x050007ec x12=0xfd801059
     356535.000 ns	     35652	80007854	02671d33	mulh	x26,x14,x6	 x14:0x505f425c  x6:0x8003fc88 x26=0xd7d19f38
     356565.000 ns	     35655	80007858	03b49733	mulh	x14,x9,x27	  x9:0x00000000 x27:0x00000001 x14=0x00000000
     356585.000 ns	     35657	8000785c	41d9d913	srai	x18,x19,0x1d	 x19:0x80040fe5 x18=0xfffffffc
     356595.000 ns	     35658	80007860	00295333	srl	x6,x18,x2	 x18:0x00000001  x2:0x80040fe5  x6=0x07ffffff
     356955.000 ns	     35694	80007864	02ce4b33	div	x22,x28,x12	 x28:0x00000001 x12:0xfd801059 x22=0x00000000
     356975.000 ns	     35696	80007868	00000013	addi	x0,x0,0	  x0:0x00000000
     356985.000 ns	     35697	8000786c	c4b68193	addi	x3,x13,-949	 x13:0x00000000  x3=0xfffffc4b
     357005.000 ns	     35699	80007870	d0098ed3	fcvt.s.w	f29,x19	 x19:0x80040fe5 f29=0xcefff7e0
     357025.000 ns	     35701	80007874	00ed53b3	srl	x7,x26,x14	 x26:0xd7d19f38 x14:0x00000000  x7=0xd7d19f38
     357035.000 ns	     35702	80007878	00401b13	slli	x22,x0,0x4	  x0:0x00000000 x22=0x00000000
     357045.000 ns	     35703	8000787c	41755793	srai	x15,x10,0x17	 x10:0x050007ec x15=0x0000000a
     357055.000 ns	     35704	80007880	ba7c6317	auipc	x6,0xba7c6	  x6=0x3a7cd880
     357075.000 ns	     35706	80007884	a12a2d53	feq.s	x26,f20,f18	 f20:0xce17ade2 f18:0x7fc00000 x26=0x00000000
     357105.000 ns	     35709	80007888	a18413d3	flt.s	x7,f8,f24	  f8:0x80000000 f24:0x7f800000  x7=0x00000001
     357125.000 ns	     35711	8000788c	95ce9a97	auipc	x21,0x95ce9	 x21=0x15cf088c
     357145.000 ns	     35713	80007890	c0007b53	fcvt.w.s	x22,f0	  f0:0x80000000 x22=0x00000000
     357165.000 ns	     35715	80007894	0035f9b3	and	x19,x11,x3	 x11:0x00000001  x3:0xfffffc4b x19=0x00000001
     357175.000 ns	     35716	80007898	a93a7593	andi	x11,x20,-1389	 x20:0xffffffff x11=0xfffffa93
     357195.000 ns	     35718	8000789c	030a04b3	mul	x9,x20,x16	 x20:0xffffffff x16:0x0005b7c0  x9=0xfffa4840
     357235.000 ns	     35722	800078a0	580a0dd3	fsqrt.s	f27,f20	 f20:0xce17ade2 f27=0x7fc00000
     357255.000 ns	     35724	800078a4	d65d4cb7	lui	x25,0xd65d4	 x25=0xd65d4000
     357265.000 ns	     35725	800078a8	01c2a233	slt	x4,x5,x28	  x5:0x602b879c x28:0x00000001  x4=0x00000000
     357305.000 ns	     35729	800078ac	01d435d3	fadd.s	f11,f8,f29	  f8:0x80000000 f29:0xcefff7e0 f11=0xcefff7e0
     357325.000 ns	     35731	800078b0	00182e33	slt	x28,x16,x1	 x16:0x0005b7c0  x1:0xfafeddbe x28=0x00000000
     357345.000 ns	     35733	800078b4	0289c3b3	div	x7,x19,x8	 x19:0x00000001  x8:0x00000000  x7=0xffffffff
     357715.000 ns	     35770	800078b8	03d7fab3	remu	x21,x15,x29	 x15:0x0000000a x29:0x80040fe4 x21=0x0000000a
     357745.000 ns	     35773	800078bc	a1712753	feq.s	x14,f2,f23	  f2:0x7fc00000 f23:0x7fc00000 x14=0x00000000
     357775.000 ns	     35776	800078c0	203fae53	fsgnjx.s	f28,f31,f3	 f31:0x00000000  f3:0x80000000 f28=0x80000000
     357825.000 ns	     35781	800078c4	08d37dd3	fsub.s	f27,f6,f13	  f6:0x505f425c f13:0x7f800000 f27=0xff800000
     357845.000 ns	     35783	800078c8	01931133	sll	x2,x6,x25	  x6:0x3a7cd880 x25:0xd65d4000  x2=0x3a7cd880
     357865.000 ns	     35785	800078cc	28778a53	fmin.s	f20,f15,f7	 f15:0x80000000  f7:0x00000001 f20=0x80000000
     357895.000 ns	     35788	800078d0	039695b3	mulh	x11,x13,x25	 x13:0x00000000 x25:0xd65d4000 x11=0x00000000
     357925.000 ns	     35791	800078d4	d01579d3	fcvt.s.wu	f19,x10	 x10:0x050007ec f19=0x4ca000fd
     357945.000 ns	     35793	800078d8	9bf85937	lui	x18,0x9bf85	 x18=0x9bf85000
     357955.000 ns	     35794	800078dc	00e39093	slli	x1,x7,0xe	  x7:0xffffffff  x1=0xffffc000
     357965.000 ns	     35795	800078e0	41135c93	srai	x25,x6,0x11	  x6:0x3a7cd880 x25=0x00001d3e
     357985.000 ns	     35797	800078e4	e00f0dd3	fmv.x.w	x27,f30	 f30:0x481ddc1c x27=0x481ddc1c
     358015.000 ns	     35800	800078e8	e00c9dd3	fclass.s	x27,f25	 f25:0x4f000410 x27=0x00000040
     358045.000 ns	     35803	800078ec	a17194d3	flt.s	x9,f3,f23	  f3:0x80000000 f23:0x7fc00000  x9=0x00000000
     358065.000 ns	     35805	800078f0	c9022e13	slti	x28,x4,-880	  x4:0x00000000 x28=0x00000000
     358075.000 ns	     35806	800078f4	b5594693	xori	x13,x18,-1195	 x18:0x9bf85000 x13=0x6407ab55
     358095.000 ns	     35808	800078f8	20a99053	fsgnjn.s	f0,f19,f10	 f19:0x4ca000fd f10:0x00000000  f0=0xcca000fd
     358115.000 ns	     35810	800078fc	6419f217	auipc	x4,0x6419f	  x4=0xe41a68fc
     358125.000 ns	     35811	80007900	015a9a33	sll	x20,x21,x21	 x21:0x0000000a x21:0x0000000a x20=0x00002800
     358145.000 ns	     35813	80007904	c015b4d3	fcvt.wu.s	x9,f11	 f11:0xcefff7e0  x9=0x7ffbf000
     358175.000 ns	     35816	80007908	a1239f53	flt.s	x30,f7,f18	  f7:0x00000001 f18:0x7fc00000 x30=0x00000000
     358205.000 ns	     35819	8000790c	20b99d53	fsgnjn.s	f26,f19,f11	 f19:0x4ca000fd f11:0xcefff7e0 f26=0x4ca000fd
     358235.000 ns	     35822	80007910	f00d8153	fmv.w.x	f2,x27	 x27:0x00000040  f2=0x00000040
     358255.000 ns	     35824	80007914	5403ba93	sltiu	x21,x7,1344	  x7:0xffffffff x21=0x00000000
     358295.000 ns	     35828	80007918	0069c4d3	fadd.s	f9,f19,f6	 f19:0x4ca000fd  f6:0x505f425c  f9=0x5060825e
     358315.000 ns	     35830	8000791c	d5d15e17	auipc	x28,0xd5d15	 x28=0x55d1c91c
     358345.000 ns	     35833	80007920	19f171d3	fdiv.s	f3,f2,f31	  f2:0x00000040 f31:0x00000000  f3=0x7f800000
     358385.000 ns	     35837	80007924	11edc7d3	fmul.s	f15,f27,f30	 f27:0xff800000 f30:0x481ddc1c f15=0xff800000
     358755.000 ns	     35874	80007928	032960b3	rem	x1,x18,x18	 x18:0x9bf85000 x18:0x9bf85000  x1=0x00000000
     358785.000 ns	     35877	8000792c	a1e1a153	feq.s	x2,f3,f30	  f3:0x7f800000 f30:0x481ddc1c  x2=0x00000000
     358805.000 ns	     35879	80007930	007e00b3	add	x1,x28,x7	 x28:0x55d1c91c  x7:0xffffffff  x1=0x55d1c91b
     358825.000 ns	     35881	80007934	a1290653	fle.s	x12,f18,f18	 f18:0x7fc00000 f18:0x7fc00000 x12=0x00000000
     358855.000 ns	     35884	80007938	d0183053	fcvt.s.wu	f0,x16	 x16:0x0005b7c0  f0=0x48b6f800
     358885.000 ns	     35887	8000793c	e0071cd3	fclass.s	x25,f14	 f14:0x80000000 x25=0x00000008
     358905.000 ns	     35889	80007940	4097df13	srai	x30,x15,0x9	 x15:0x0000000a x30=0x00000000
     358915.000 ns	     35890	80007944	3d8be317	auipc	x6,0x3d8be	  x6=0xbd8c5944
     358925.000 ns	     35891	80007948	40158e33	sub	x28,x11,x1	 x11:0x00000000  x1:0x55d1c91b x28=0xaa2e36e5
     358935.000 ns	     35892	8000794c	3bdc7b37	lui	x22,0x3bdc7	 x22=0x3bdc7000
     358955.000 ns	     35894	80007950	02cebdb3	mulhu	x27,x29,x12	 x29:0x80040fe4 x12:0x00000000 x27=0x00000000
     358975.000 ns	     35896	80007954	00000013	addi	x0,x0,0	  x0:0x00000000
     358985.000 ns	     35897	80007958	b3ea4713	xori	x14,x20,-1218	 x20:0x00002800 x14=0xffffd33e
     359005.000 ns	     35899	8000795c	02270f33	mul	x30,x14,x2	 x14:0x00000000  x2:0x00000000 x30=0x00000000
     359025.000 ns	     35901	80007960	00000013	addi	x0,x0,0	  x0:0x00000000
     359045.000 ns	     35903	80007964	d01ff053	fcvt.s.wu	f0,x31	 x31:0xfafeddbe  f0=0x4f7afedd
     359065.000 ns	     35905	80007968	6ce2f617	auipc	x12,0x6ce2f	 x12=0xece36968
     359075.000 ns	     35906	8000796c	418b05b3	sub	x11,x22,x24	 x22:0x3bdc7000 x24:0xff428000 x11=0x3c99f000
     359085.000 ns	     35907	80007970	ee687413	andi	x8,x16,-282	 x16:0x0005b7c0  x8=0x0005b6c0
     359095.000 ns	     35908	80007974	01edbcb3	sltu	x25,x27,x30	 x27:0x00000000 x30:0x00000000 x25=0x00000000
     359105.000 ns	     35909	80007978	009703b3	add	x7,x14,x9	 x14:0xffffd33e  x9:0x7ffbf000  x7=0x7ffbc33e
     359465.000 ns	     35945	8000797c	0236e4b3	rem	x9,x13,x3	 x13:0x6407ab55  x3:0xfffffc4b  x9=0x00000114
     359835.000 ns	     35982	80007980	0210e1b3	rem	x3,x1,x1	  x1:0x55d1c91b  x1:0x55d1c91b  x3=0x00000000
     359885.000 ns	     35987	80007984	096828d3	fsub.s	f17,f16,f22	 f16:0x00000000 f22:0xcf00040f f17=0x4f00040f
     359915.000 ns	     35990	80007988	21b48453	fsgnj.s	f8,f9,f27	  f9:0x5060825e f27:0xff800000  f8=0xd060825e
     359945.000 ns	     35993	8000798c	0353c633	div	x12,x7,x21	  x7:0x7ffbc33e x21:0x00000000 x12=0xffffffff
     359965.000 ns	     35995	80007990	01379993	slli	x19,x15,0x13	 x15:0x0000000a x19=0x00500000
     360005.000 ns	     35999	80007994	006f7d53	fadd.s	f26,f30,f6	 f30:0x481ddc1c  f6:0x505f425c f26=0x505f42f9
     360375.000 ns	     36036	80007998	0302d333	divu	x6,x5,x16	  x5:0x602b879c x16:0x0005b7c0  x6=0x000010d1
     360715.000 ns	     36070	8000799c	1843fb53	fdiv.s	f22,f7,f4	  f7:0x00000001  f4:0x4f800000 f22=0x00000000
     360735.000 ns	     36072	800079a0	00043733	sltu	x14,x8,x0	  x8:0x0005b6c0  x0:0x00000000 x14=0x00000000
     360745.000 ns	     36073	800079a4	01f89493	slli	x9,x17,0x1f	 x17:0x80041024  x9=0x00000000
     360765.000 ns	     36075	800079a8	202e2953	fsgnjx.s	f18,f28,f2	 f28:0x80000000  f2:0x00000040 f18=0x80000000
     360785.000 ns	     36077	800079ac	410a02b3	sub	x5,x20,x16	 x20:0x00002800 x16:0x0005b7c0  x5=0xfffa7040
     360815.000 ns	     36080	800079b0	58029253	fsqrt.s	f4,f5	  f5:0x00000000  f4=0x00000000
     361155.000 ns	     36114	800079b4	180370d3	fdiv.s	f1,f6,f0	  f6:0x505f425c  f0:0x4f7afedd  f1=0x405f425c
     361175.000 ns	     36116	800079b8	0176c733	xor	x14,x13,x23	 x13:0x6407ab55 x23:0xfafffdbf x14=0x9ef856ea
     361185.000 ns	     36117	800079bc	00b07033	and	x0,x0,x11	  x0:0x00000000 x11:0x3c99f000
     361205.000 ns	     36119	800079c0	20459253	fsgnjn.s	f4,f11,f4	 f11:0xcefff7e0  f4:0x00000000  f4=0xcefff7e0
     361225.000 ns	     36121	800079c4	ccac3813	sltiu	x16,x24,-822	 x24:0xff428000 x16=0x00000001
     361235.000 ns	     36122	800079c8	00832f33	slt	x30,x6,x8	  x6:0x000010d1  x8:0x0005b6c0 x30=0x00000001
     361255.000 ns	     36124	800079cc	218e0853	fsgnj.s	f16,f28,f24	 f28:0x80000000 f24:0x7f800000 f16=0x00000000
     361275.000 ns	     36126	800079d0	48f1e193	ori	x3,x3,1167	  x3:0x00000000  x3=0x0000048f
     361295.000 ns	     36128	800079d4	a1d01953	flt.s	x18,f0,f29	  f0:0x4f7afedd f29:0xcefff7e0 x18=0x00000000
     361325.000 ns	     36131	800079d8	28858e53	fmin.s	f28,f11,f8	 f11:0xcefff7e0  f8:0xd060825e f28=0xd060825e
     361695.000 ns	     36168	800079dc	024c5db3	divu	x27,x24,x4	 x24:0xff428000  x4:0xe41a68fc x27=0x00000001
     361725.000 ns	     36171	800079e0	029f9f33	mulh	x30,x31,x9	 x31:0xfafeddbe  x9:0x00000000 x30=0x00000000
     361755.000 ns	     36174	800079e4	02c63833	mulhu	x16,x12,x12	 x12:0xffffffff x12:0xffffffff x16=0xfffffffe
     362125.000 ns	     36211	800079e8	03fe6d33	rem	x26,x28,x31	 x28:0xaa2e36e5 x31:0xfafeddbe x26=0xff417d47
     362155.000 ns	     36214	800079ec	28111653	fmax.s	f12,f2,f1	  f2:0x00000040  f1:0x405f425c f12=0x405f425c
     362525.000 ns	     36251	800079f0	02fd4b33	div	x22,x26,x15	 x26:0xff417d47 x15:0x0000000a x22=0xffecf2ee
     362565.000 ns	     36255	800079f4	580b7dd3	fsqrt.s	f27,f22	 f22:0x00000000 f27=0x00000000
     362595.000 ns	     36258	800079f8	03ae23b3	mulhsu	x7,x28,x26	 x28:0xaa2e36e5 x26:0xff417d47  x7=0xaa6e146a
     362625.000 ns	     36261	800079fc	d00b7dd3	fcvt.s.w	f27,x22	 x22:0xffecf2ee f27=0xc9986890
     362645.000 ns	     36263	80007a00	7f453393	sltiu	x7,x10,2036	 x10:0x050007ec  x7=0x00000000
     362655.000 ns	     36264	80007a04	01ded0b3	srl	x1,x29,x29	 x29:0x80040fe4 x29:0x80040fe4  x1=0x080040fe
     362675.000 ns	     36266	80007a08	e00c89d3	fmv.x.w	x19,f25	 f25:0x4f000410 x19=0x4f000410
     362705.000 ns	     36269	80007a0c	a1210553	fle.s	x10,f2,f18	  f2:0x00000040 f18:0x80000000 x10=0x00000000
     362725.000 ns	     36271	80007a10	41c30533	sub	x10,x6,x28	  x6:0x000010d1 x28:0xaa2e36e5 x10=0x55d1d9ec
     362745.000 ns	     36273	80007a14	c01b7253	fcvt.wu.s	x4,f22	 f22:0x00000000  x4=0x00000000
     362775.000 ns	     36276	80007a18	d011fd53	fcvt.s.wu	f26,x3	  x3:0x0000048f f26=0x4491e000
     362815.000 ns	     36280	80007a1c	18333553	fdiv.s	f10,f6,f3	  f6:0x505f425c  f3:0x7f800000 f10=0x00000000
     362845.000 ns	     36283	80007a20	c001a953	fcvt.w.s	x18,f3	  f3:0x7f800000 x18=0x7fffffff
     362875.000 ns	     36286	80007a24	207f1453	fsgnjn.s	f8,f30,f7	 f30:0x481ddc1c  f7:0x00000001  f8=0xc81ddc1c
     362905.000 ns	     36289	80007a28	c008f2d3	fcvt.w.s	x5,f17	 f17:0x4f00040f  x5=0x7fffffff
     362925.000 ns	     36291	80007a2c	ce642b37	lui	x22,0xce642	 x22=0xce642000
     362945.000 ns	     36293	80007a30	036d9933	mulh	x18,x27,x22	 x27:0x00000001 x22:0xffecf2ee x18=0xffffffff
     362975.000 ns	     36296	80007a34	216aa8d3	fsgnjx.s	f17,f21,f22	 f21:0x4f800000 f22:0x00000000 f17=0x4f800000
     363005.000 ns	     36299	80007a38	286f0c53	fmin.s	f24,f30,f6	 f30:0x481ddc1c  f6:0x505f425c f24=0x481ddc1c
     363045.000 ns	     36303	80007a3c	1135a853	fmul.s	f16,f11,f19	 f11:0xcefff7e0 f19:0x4ca000fd f16=0xdc1ffbe9
     363075.000 ns	     36306	80007a40	02cd1733	mulh	x14,x26,x12	 x26:0xff417d47 x12:0xffffffff x14=0x00000000
     363125.000 ns	     36311	80007a44	00df1853	fadd.s	f16,f30,f13	 f30:0x481ddc1c f13:0x7f800000 f16=0x7f800000
     363145.000 ns	     36313	80007a48	00149593	slli	x11,x9,0x1	  x9:0x00000000 x11=0x00000000
     363165.000 ns	     36315	80007a4c	a0f104d3	fle.s	x9,f2,f15	  f2:0x00000040 f15:0xff800000  x9=0x00000000
     363185.000 ns	     36317	80007a50	01e6f3b3	and	x7,x13,x30	 x13:0x6407ab55 x30:0x00000000  x7=0x00000000
     363205.000 ns	     36319	80007a54	a1cf2ad3	feq.s	x21,f30,f28	 f30:0x481ddc1c f28:0xd060825e x21=0x00000000
     363225.000 ns	     36321	80007a58	41895a93	srai	x21,x18,0x18	 x18:0xffffffff x21=0xffffffff
     363245.000 ns	     36323	80007a5c	201d95d3	fsgnjn.s	f11,f27,f1	 f27:0xc9986890  f1:0x405f425c f11=0xc9986890
     363295.000 ns	     36328	80007a60	016b34d3	fadd.s	f9,f22,f22	 f22:0x00000000 f22:0x00000000  f9=0x00000000
     363315.000 ns	     36330	80007a64	7c4ac213	xori	x4,x21,1988	 x21:0xffffffff  x4=0xfffff83b
     363645.000 ns	     36363	80007a68	18812a53	fdiv.s	f20,f2,f8	  f2:0x00000040  f8:0xc81ddc1c f20=0x80000000
     363675.000 ns	     36366	80007a6c	037d31b3	mulhu	x3,x26,x23	 x26:0xff417d47 x23:0xfafffdbf  x3=0xfa453395
     363705.000 ns	     36369	80007a70	e00c0353	fmv.x.w	x6,f24	 f24:0x481ddc1c  x6=0x481ddc1c
     363735.000 ns	     36372	80007a74	02c19633	mulh	x12,x3,x12	  x3:0xfa453395 x12:0xffffffff x12=0x00000000
     363755.000 ns	     36374	80007a78	01e3ed33	or	x26,x7,x30	  x7:0x00000000 x30:0x00000000 x26=0x00000000
     363775.000 ns	     36376	80007a7c	29c683d3	fmin.s	f7,f13,f28	 f13:0x7f800000 f28:0xd060825e  f7=0xd060825e
     364145.000 ns	     36413	80007a80	03d8de33	divu	x28,x17,x29	 x17:0x80041024 x29:0x80040fe4 x28=0x00000001
     364175.000 ns	     36416	80007a84	a0a093d3	flt.s	x7,f1,f10	  f1:0x405f425c f10:0x00000000  x7=0x00000000
     364215.000 ns	     36420	80007a88	1807f953	fdiv.s	f18,f15,f0	 f15:0xff800000  f0:0x4f7afedd f18=0xff800000
     364245.000 ns	     36423	80007a8c	c00e1bd3	fcvt.w.s	x23,f28	 f28:0xd060825e x23=0x80000000
     364275.000 ns	     36426	80007a90	d00e06d3	fcvt.s.w	f13,x28	 x28:0x00000001 f13=0x3f800000
     364305.000 ns	     36429	80007a94	d0132cd3	fcvt.s.wu	f25,x6	  x6:0x481ddc1c f25=0x4e903bb9
     364325.000 ns	     36431	80007a98	0135d133	srl	x2,x11,x19	 x11:0x00000000 x19:0x4f000410  x2=0x00000000
     364335.000 ns	     36432	80007a9c	3abdad93	slti	x27,x27,939	 x27:0x00000001 x27=0x00000001
     364345.000 ns	     36433	80007aa0	ff1ae213	ori	x4,x21,-15	 x21:0xffffffff  x4=0xffffffff
     364355.000 ns	     36434	80007aa4	485da417	auipc	x8,0x485da	  x8=0xc85e1aa4
     364365.000 ns	     36435	80007aa8	01c82f33	slt	x30,x16,x28	 x16:0xfffffffe x28:0x00000001 x30=0x00000001
     364375.000 ns	     36436	80007aac	4f286393	ori	x7,x16,1266	 x16:0xfffffffe  x7=0xfffffffe
     364395.000 ns	     36438	80007ab0	29149453	fmax.s	f8,f9,f17	  f9:0x00000000 f17:0x4f800000  f8=0x4f800000
     364425.000 ns	     36441	80007ab4	a0159653	flt.s	x12,f11,f1	 f11:0xc9986890  f1:0x405f425c x12=0x00000001
     364465.000 ns	     36445	80007ab8	11dd1053	fmul.s	f0,f26,f29	 f26:0x4491e000 f29:0xcefff7e0  f0=0xd411db5e
     364485.000 ns	     36447	80007abc	1bf66513	ori	x10,x12,447	 x12:0x00000001 x10=0x000001bf
     364505.000 ns	     36449	80007ac0	21b997d3	fsgnjn.s	f15,f19,f27	 f19:0x4ca000fd f27:0xc9986890 f15=0x4ca000fd
     364535.000 ns	     36452	80007ac4	02578233	mul	x4,x15,x5	 x15:0x0000000a  x5:0x7fffffff  x4=0xfffffff6
     364565.000 ns	     36455	80007ac8	2159aa53	fsgnjx.s	f20,f19,f21	 f19:0x4ca000fd f21:0x4f800000 f20=0x4ca000fd
     364595.000 ns	     36458	80007acc	e00896d3	fclass.s	x13,f17	 f17:0x4f800000 x13=0x00000040
     364615.000 ns	     36460	80007ad0	fecdba13	sltiu	x20,x27,-20	 x27:0x00000001 x20=0x00000001
     364635.000 ns	     36462	80007ad4	e0079753	fclass.s	x14,f15	 f15:0x4ca000fd x14=0x00000040
     364665.000 ns	     36465	80007ad8	c00dfb53	fcvt.w.s	x22,f27	 f27:0xc9986890 x22=0x00130d12
     364695.000 ns	     36468	80007adc	0399d933	divu	x18,x19,x25	 x19:0x4f000410 x25:0x00000000 x18=0xffffffff
     364715.000 ns	     36470	80007ae0	006a4c33	xor	x24,x20,x6	 x20:0x00000001  x6:0x481ddc1c x24=0x481ddc1d
     364735.000 ns	     36472	80007ae4	2082a0d3	fsgnjx.s	f1,f5,f8	  f5:0x00000000  f8:0x4f800000  f1=0x00000000
     364765.000 ns	     36475	80007ae8	c01a8b53	fcvt.wu.s	x22,f21	 f21:0x4f800000 x22=0x00000000
     364795.000 ns	     36478	80007aec	28b41bd3	fmax.s	f23,f8,f11	  f8:0x4f800000 f11:0xc9986890 f23=0x4f800000
     364825.000 ns	     36481	80007af0	a1808853	fle.s	x16,f1,f24	  f1:0x00000000 f24:0x481ddc1c x16=0x00000001
     364865.000 ns	     36485	80007af4	18887553	fdiv.s	f10,f16,f8	 f16:0x7f800000  f8:0x4f800000 f10=0x7f800000
     364895.000 ns	     36488	80007af8	c00f7653	fcvt.w.s	x12,f30	 f30:0x481ddc1c x12=0x00027770
     364915.000 ns	     36490	80007afc	00a172b3	and	x5,x2,x10	  x2:0x00000000 x10:0x000001bf  x5=0x00000000
     364925.000 ns	     36491	80007b00	00a78933	add	x18,x15,x10	 x15:0x0000000a x10:0x000001bf x18=0x000001c9
     364935.000 ns	     36492	80007b04	0c964693	xori	x13,x12,201	 x12:0x00027770 x13=0x000277b9
     364955.000 ns	     36494	80007b08	c00df2d3	fcvt.w.s	x5,f27	 f27:0xc9986890  x5=0x00130d12
     364985.000 ns	     36497	80007b0c	f00882d3	fmv.w.x	f5,x17	 x17:0x80041024  f5=0x80041024
     365015.000 ns	     36500	80007b10	03332c33	mulhsu	x24,x6,x19	  x6:0x481ddc1c x19:0x4f000410 x24=0x16413811
     365035.000 ns	     36502	80007b14	62afe193	ori	x3,x31,1578	 x31:0xfafeddbe  x3=0xfafedfbe
     365055.000 ns	     36504	80007b18	029622b3	mulhsu	x5,x12,x9	 x12:0x00027770  x9:0x00000000  x5=0x00000000
     365085.000 ns	     36507	80007b1c	a0b291d3	flt.s	x3,f5,f11	  f5:0x80041024 f11:0xc9986890  x3=0x00000000
     365455.000 ns	     36544	80007b20	03414133	div	x2,x2,x20	  x2:0x00000000 x20:0x00000001  x2=0x00000000
     365475.000 ns	     36546	80007b24	01ae9233	sll	x4,x29,x26	 x29:0x80040fe4 x26:0x00000000  x4=0x80040fe4
     365505.000 ns	     36549	80007b28	580944d3	fsqrt.s	f9,f18	 f18:0xff800000  f9=0x7fc00000
     365525.000 ns	     36551	80007b2c	dd32e913	ori	x18,x5,-557	  x5:0x00000000 x18=0xfffffdd3
     365535.000 ns	     36552	80007b30	451f8193	addi	x3,x31,1105	 x31:0xfafeddbe  x3=0xfafee20f
     365545.000 ns	     36553	80007b34	002bf2b3	and	x5,x23,x2	 x23:0x80000000  x2:0x00000000  x5=0x00000000
     365575.000 ns	     36556	80007b38	19f99453	fdiv.s	f8,f19,f31	 f19:0x4ca000fd f31:0x00000000  f8=0x7f800000
     365605.000 ns	     36559	80007b3c	20d8acd3	fsgnjx.s	f25,f17,f13	 f17:0x4f800000 f13:0x3f800000 f25=0x4f800000
     365635.000 ns	     36562	80007b40	a12d00d3	fle.s	x1,f26,f18	 f26:0x4491e000 f18:0xff800000  x1=0x00000000
     366005.000 ns	     36599	80007b44	03d7fe33	remu	x28,x15,x29	 x15:0x0000000a x29:0x80040fe4 x28=0x0000000a
     366025.000 ns	     36601	80007b48	2a7e2537	lui	x10,0x2a7e2	 x10=0x2a7e2000
     366045.000 ns	     36603	80007b4c	c00504d3	fcvt.w.s	x9,f10	 f10:0x7f800000  x9=0x7fffffff
     366065.000 ns	     36605	80007b50	40525533	sra	x10,x4,x5	  x4:0x80040fe4  x5:0x00000000 x10=0x80040fe4
     366425.000 ns	     36641	80007b54	023ed433	divu	x8,x29,x3	 x29:0x80040fe4  x3:0xfafee20f  x8=0x00000000
     366445.000 ns	     36643	80007b58	e1adf293	andi	x5,x27,-486	 x27:0x00000001  x5=0x00000000
     366465.000 ns	     36645	80007b5c	e00200d3	fmv.x.w	x1,f4	  f4:0xcefff7e0  x1=0xcefff7e0
     366495.000 ns	     36648	80007b60	03390b33	mul	x22,x18,x19	 x18:0xfffffdd3 x19:0x4f000410 x22=0x1cf72930
     366515.000 ns	     36650	80007b64	01cdb833	sltu	x16,x27,x28	 x27:0x00000001 x28:0x0000000a x16=0x00000001
     366525.000 ns	     36651	80007b68	35440113	addi	x2,x8,852	  x8:0x00000000  x2=0x00000354
     366545.000 ns	     36653	80007b6c	e00614d3	fclass.s	x9,f12	 f12:0x405f425c  x9=0x00000040
     366565.000 ns	     36655	80007b70	012483b3	add	x7,x9,x18	  x9:0x7fffffff x18:0xfffffdd3  x7=0xfffffe13
     366575.000 ns	     36656	80007b74	00061993	slli	x19,x12,0x0	 x12:0x00027770 x19=0x00027770
     366615.000 ns	     36660	80007b78	0995ffd3	fsub.s	f31,f11,f25	 f11:0xc9986890 f25:0x4f800000 f31=0xcf800986
     366645.000 ns	     36663	80007b7c	20aca253	fsgnjx.s	f4,f25,f10	 f25:0x4f800000 f10:0x7f800000  f4=0x4f800000
     366695.000 ns	     36668	80007b80	012bf853	fadd.s	f16,f23,f18	 f23:0x4f800000 f18:0xff800000 f16=0xff800000
     366725.000 ns	     36671	80007b84	c01a3d53	fcvt.wu.s	x26,f20	 f20:0x4ca000fd x26=0x050007e8
     367095.000 ns	     36708	80007b88	029e5333	divu	x6,x28,x9	 x28:0x0000000a  x9:0x00000040  x6=0x00000000
     367125.000 ns	     36711	80007b8c	03072033	mulhsu	x0,x14,x16	 x14:0x00000040 x16:0x00000001
     367145.000 ns	     36713	80007b90	a5fa2513	slti	x10,x20,-1441	 x20:0x00000001 x10=0x00000000
     367155.000 ns	     36714	80007b94	0147ff33	and	x30,x15,x20	 x15:0x0000000a x20:0x00000001 x30=0x00000000
     367175.000 ns	     36716	80007b98	2144a9d3	fsgnjx.s	f19,f9,f20	  f9:0x7fc00000 f20:0x4ca000fd f19=0x7fc00000
     367205.000 ns	     36719	80007b9c	02025c33	divu	x24,x4,x0	  x4:0x80040fe4  x0:0x00000000 x24=0xffffffff
     367235.000 ns	     36722	80007ba0	c00df853	fcvt.w.s	x16,f27	 f27:0xc9986890 x16=0x00130d12
     367255.000 ns	     36724	80007ba4	41a184b3	sub	x9,x3,x26	  x3:0xfafee20f x26:0x050007e8  x9=0xf5feda27
     367275.000 ns	     36726	80007ba8	03a72133	mulhsu	x2,x14,x26	 x14:0x00000040 x26:0x050007e8  x2=0x00000001
     367615.000 ns	     36760	80007bac	1866b453	fdiv.s	f8,f13,f6	 f13:0x3f800000  f6:0x505f425c  f8=0x2e800000
     367635.000 ns	     36762	80007bb0	407b59b3	sra	x19,x22,x7	 x22:0x1cf72930  x7:0xfffffe13 x19=0x0000039e
     367655.000 ns	     36764	80007bb4	02b0c433	div	x8,x1,x11	  x1:0xcefff7e0 x11:0x00000000  x8=0xffffffff
     368025.000 ns	     36801	80007bb8	0308ff33	remu	x30,x17,x16	 x17:0x80041024 x16:0x00130d12 x30=0x00043f34
     368045.000 ns	     36803	80007bbc	0179a933	slt	x18,x19,x23	 x19:0x0000039e x23:0x80000000 x18=0x00000000
     368065.000 ns	     36805	80007bc0	d01f9f53	fcvt.s.wu	f30,x31	 x31:0xfafeddbe f30=0x4f7afedd
     368095.000 ns	     36808	80007bc4	280688d3	fmin.s	f17,f13,f0	 f13:0x3f800000  f0:0xd411db5e f17=0xd411db5e
     368115.000 ns	     36810	80007bc8	41a18bb3	sub	x23,x3,x26	  x3:0xfafee20f x26:0x050007e8 x23=0xf5feda27
     368155.000 ns	     36814	80007bcc	012d4d53	fadd.s	f26,f26,f18	 f26:0x4491e000 f18:0xff800000 f26=0xff800000
     368185.000 ns	     36817	80007bd0	0357b1b3	mulhu	x3,x15,x21	 x15:0x0000000a x21:0xffffffff  x3=0x00000009
     368215.000 ns	     36820	80007bd4	a095a053	feq.s	x0,f11,f9	 f11:0xc9986890  f9:0x7fc00000
     368245.000 ns	     36823	80007bd8	02b0a1b3	mulhsu	x3,x1,x11	  x1:0xcefff7e0 x11:0x00000000  x3=0x00000000
     368265.000 ns	     36825	80007bdc	00000013	addi	x0,x0,0	  x0:0x00000000
     368275.000 ns	     36826	80007be0	00371ab3	sll	x21,x14,x3	 x14:0x00000040  x3:0x00000000 x21=0x00000040
     368635.000 ns	     36862	80007be4	028be4b3	rem	x9,x23,x8	 x23:0xf5feda27  x8:0xffffffff  x9=0x00000000
     368655.000 ns	     36864	80007be8	01ae9f13	slli	x30,x29,0x1a	 x29:0x80040fe4 x30=0x90000000
     368675.000 ns	     36866	80007bec	026b4433	div	x8,x22,x6	 x22:0x1cf72930  x6:0x00000000  x8=0xffffffff
     368715.000 ns	     36870	80007bf0	102c2cd3	fmul.s	f25,f24,f2	 f24:0x481ddc1c  f2:0x00000040 f25=0x001ddc1c
     368735.000 ns	     36872	80007bf4	cf947593	andi	x11,x8,-775	  x8:0xffffffff x11=0xfffffcf9
     368755.000 ns	     36874	80007bf8	f00501d3	fmv.w.x	f3,x10	 x10:0x00000000  f3=0x00000000
     368775.000 ns	     36876	80007bfc	41145c13	srai	x24,x8,0x11	  x8:0xffffffff x24=0xffffffff
     368785.000 ns	     36877	80007c00	1cba7593	andi	x11,x20,459	 x20:0x00000001 x11=0x00000001
     368795.000 ns	     36878	80007c04	01338bb3	add	x23,x7,x19	  x7:0xfffffe13 x19:0x0000039e x23=0x000001b1
     368805.000 ns	     36879	80007c08	01005193	srli	x3,x0,0x10	  x0:0x00000000  x3=0x00000000
     368825.000 ns	     36881	80007c0c	03242133	mulhsu	x2,x8,x18	  x8:0xffffffff x18:0x00000000  x2=0x00000000
     368855.000 ns	     36884	80007c10	0234c833	div	x16,x9,x3	  x9:0x00000000  x3:0x00000000 x16=0xffffffff
     368885.000 ns	     36887	80007c14	c01376d3	fcvt.wu.s	x13,f6	  f6:0x505f425c x13=0xffffffff
     368905.000 ns	     36889	80007c18	c2bee693	ori	x13,x29,-981	 x29:0x80040fe4 x13=0xffffffef
     368915.000 ns	     36890	80007c1c	01715a13	srli	x20,x2,0x17	  x2:0x00000000 x20=0x00000000
     368925.000 ns	     36891	80007c20	d429be13	sltiu	x28,x19,-702	 x19:0x0000039e x28=0x00000001
     368945.000 ns	     36893	80007c24	a0c92953	feq.s	x18,f18,f12	 f18:0xff800000 f12:0x405f425c x18=0x00000000
     368975.000 ns	     36896	80007c28	d01d2dd3	fcvt.s.wu	f27,x26	 x26:0x050007e8 f27=0x4ca000fd
     368995.000 ns	     36898	80007c2c	401d5a33	sra	x20,x26,x1	 x26:0x050007e8  x1:0xcefff7e0 x20=0x050007e8
     369015.000 ns	     36900	80007c30	02075bb3	divu	x23,x14,x0	 x14:0x00000040  x0:0x00000000 x23=0xffffffff
     369035.000 ns	     36902	80007c34	00305ab3	srl	x21,x0,x3	  x0:0x00000000  x3:0x00000000 x21=0x00000000
     369055.000 ns	     36904	80007c38	a01c0253	fle.s	x4,f24,f1	 f24:0x481ddc1c  f1:0x00000000  x4=0x00000000
     369085.000 ns	     36907	80007c3c	02bc34b3	mulhu	x9,x24,x11	 x24:0xffffffff x11:0x00000001  x9=0x00000000
     369115.000 ns	     36910	80007c40	023fad33	mulhsu	x26,x31,x3	 x31:0xfafeddbe  x3:0x00000000 x26=0x00000000
     369135.000 ns	     36912	80007c44	0137e2b3	or	x5,x15,x19	 x15:0x0000000a x19:0x0000039e  x5=0x0000039e
     369155.000 ns	     36914	80007c48	02a0bdb3	mulhu	x27,x1,x10	  x1:0xcefff7e0 x10:0x00000000 x27=0x00000000
     369175.000 ns	     36916	80007c4c	a3584293	xori	x5,x16,-1483	 x16:0xffffffff  x5=0x000005ca
     369195.000 ns	     36918	80007c50	0389a1b3	mulhsu	x3,x19,x24	 x19:0x0000039e x24:0xffffffff  x3=0x0000039d
     369225.000 ns	     36921	80007c54	d01127d3	fcvt.s.wu	f15,x2	  x2:0x00000000 f15=0x00000000
     369255.000 ns	     36924	80007c58	208094d3	fsgnjn.s	f9,f1,f8	  f1:0x00000000  f8:0x2e800000  f9=0x80000000
     369285.000 ns	     36927	80007c5c	a1b72853	feq.s	x16,f14,f27	 f14:0x80000000 f27:0x4ca000fd x16=0x00000000
     369305.000 ns	     36929	80007c60	41a38633	sub	x12,x7,x26	  x7:0xfffffe13 x26:0x00000000 x12=0xfffffe13
     369315.000 ns	     36930	80007c64	00e5f4b3	and	x9,x11,x14	 x11:0x00000001 x14:0x00000040  x9=0x00000000
     369335.000 ns	     36932	80007c68	03f09e33	mulh	x28,x1,x31	  x1:0xcefff7e0 x31:0xfafeddbe x28=0x00f537b7
     369365.000 ns	     36935	80007c6c	e00493d3	fclass.s	x7,f9	  f9:0x80000000  x7=0x00000008
     369405.000 ns	     36939	80007c70	10ae8d53	fmul.s	f26,f29,f10	 f29:0xcefff7e0 f10:0x7f800000 f26=0xff800000
     369425.000 ns	     36941	80007c74	00117bb3	and	x23,x2,x1	  x2:0x00000000  x1:0xcefff7e0 x23=0x00000000
     369445.000 ns	     36943	80007c78	d018fa53	fcvt.s.wu	f20,x17	 x17:0x80041024 f20=0x4f000410
     369465.000 ns	     36945	80007c7c	013b0633	add	x12,x22,x19	 x22:0x1cf72930 x19:0x0000039e x12=0x1cf72cce
     369825.000 ns	     36981	80007c80	02c952b3	divu	x5,x18,x12	 x18:0x00000000 x12:0xfffffe13  x5=0x00000000
     369855.000 ns	     36984	80007c84	e0060753	fmv.x.w	x14,f12	 f12:0x405f425c x14=0x405f425c
     369875.000 ns	     36986	80007c88	41cdd2b3	sra	x5,x27,x28	 x27:0x00000000 x28:0x00f537b7  x5=0x00000000
     369885.000 ns	     36987	80007c8c	00b854b3	srl	x9,x16,x11	 x16:0x00000000 x11:0x00000001  x9=0x00000000
     369895.000 ns	     36988	80007c90	00207ab3	and	x21,x0,x2	  x0:0x00000000  x2:0x00000000 x21=0x00000000
     369915.000 ns	     36990	80007c94	0376c0b3	div	x1,x13,x23	 x13:0xffffffef x23:0x00000000  x1=0xffffffff
     369935.000 ns	     36992	80007c98	010931b3	sltu	x3,x18,x16	 x18:0x00000000 x16:0x00000000  x3=0x00000000
     369955.000 ns	     36994	80007c9c	02453cb3	mulhu	x25,x10,x4	 x10:0x00000000  x4:0x00000000 x25=0x00000000
     369975.000 ns	     36996	80007ca0	0062c6b3	xor	x13,x5,x6	  x5:0x00000000  x6:0x00000000 x13=0x00000000
     369985.000 ns	     36997	80007ca4	29986ab7	lui	x21,0x29986	 x21=0x29986000
     370005.000 ns	     36999	80007ca8	20de2bd3	fsgnjx.s	f23,f28,f13	 f28:0xd060825e f13:0x3f800000 f23=0xd060825e
     370375.000 ns	     37036	80007cac	03d3f733	remu	x14,x7,x29	  x7:0x00000008 x29:0x80040fe4 x14=0x00000008
     370745.000 ns	     37073	80007cb0	02cafb33	remu	x22,x21,x12	 x21:0x29986000 x12:0x1cf72cce x22=0x0ca13332
     370775.000 ns	     37076	80007cb4	21ec26d3	fsgnjx.s	f13,f24,f30	 f24:0x481ddc1c f30:0x4f7afedd f13=0x481ddc1c
     370795.000 ns	     37078	80007cb8	6de5c913	xori	x18,x11,1758	 x11:0x00000001 x18=0x000006df
     370835.000 ns	     37082	80007cbc	08e3b353	fsub.s	f6,f7,f14	  f7:0xd060825e f14:0x80000000  f6=0xd060825e
     371175.000 ns	     37116	80007cc0	1852fad3	fdiv.s	f21,f5,f5	  f5:0x80041024  f5:0x80041024 f21=0x3cb78de4
     371195.000 ns	     37118	80007cc4	aacab193	sltiu	x3,x21,-1364	 x21:0x29986000  x3=0x00000001
     371215.000 ns	     37120	80007cc8	28898c53	fmin.s	f24,f19,f8	 f19:0x7fc00000  f8:0x2e800000 f24=0x2e800000
     371235.000 ns	     37122	80007ccc	00000013	addi	x0,x0,0	  x0:0x00000000
     371255.000 ns	     37124	80007cd0	c0001853	fcvt.w.s	x16,f0	  f0:0xd411db5e x16=0x80000000
     371275.000 ns	     37126	80007cd4	00e05033	srl	x0,x0,x14	  x0:0x00000000 x14:0x00000008
     371305.000 ns	     37129	80007cd8	58074953	fsqrt.s	f18,f14	 f14:0x80000000 f18=0x80000000
     371325.000 ns	     37131	80007cdc	000c2733	slt	x14,x24,x0	 x24:0xffffffff  x0:0x00000000 x14=0x00000001
     371335.000 ns	     37132	80007ce0	ce4ff093	andi	x1,x31,-796	 x31:0xfafeddbe  x1=0xfafedca4
     371375.000 ns	     37136	80007ce4	01077053	fadd.s	f0,f14,f16	 f14:0x80000000 f16:0xff800000  f0=0xff800000
     371745.000 ns	     37173	80007ce8	0385f133	remu	x2,x11,x24	 x11:0x00000001 x24:0xffffffff  x2=0x00000001
     371765.000 ns	     37175	80007cec	00f15713	srli	x14,x2,0xf	  x2:0x00000000 x14=0x00000000
     371775.000 ns	     37176	80007cf0	01aa8cb3	add	x25,x21,x26	 x21:0x29986000 x26:0x00000000 x25=0x29986000
     371795.000 ns	     37178	80007cf4	a1809853	flt.s	x16,f1,f24	  f1:0x00000000 f24:0x2e800000 x16=0x00000001
     371815.000 ns	     37180	80007cf8	01f09013	slli	x0,x1,0x1f	  x1:0xfafedca4
     371825.000 ns	     37181	80007cfc	38d07c17	auipc	x24,0x38d07	 x24=0xb8d0ecfc
     371835.000 ns	     37182	80007d00	005dbcb3	sltu	x25,x27,x5	 x27:0x00000000  x5:0x00000000 x25=0x00000000
     371855.000 ns	     37184	80007d04	e00b1ad3	fclass.s	x21,f22	 f22:0x00000000 x21=0x00000010
     371885.000 ns	     37187	80007d08	e00b8cd3	fmv.x.w	x25,f23	 f23:0xd060825e x25=0xd060825e
     371905.000 ns	     37189	80007d0c	41c7d013	srai	x0,x15,0x1c	 x15:0x0000000a
     371915.000 ns	     37190	80007d10	0125d633	srl	x12,x11,x18	 x11:0x00000001 x18:0x000006df x12=0x00000000
     371935.000 ns	     37192	80007d14	21d0a253	fsgnjx.s	f4,f1,f29	  f1:0x00000000 f29:0xcefff7e0  f4=0x80000000
     372305.000 ns	     37229	80007d18	02764233	div	x4,x12,x7	 x12:0x1cf72cce  x7:0x00000008  x4=0x00000000
     372335.000 ns	     37232	80007d1c	d0039453	fcvt.s.w	f8,x7	  x7:0x00000008  f8=0x41000000
     372365.000 ns	     37235	80007d20	28038053	fmin.s	f0,f7,f0	  f7:0xd060825e  f0:0xff800000  f0=0xff800000
     372405.000 ns	     37239	80007d24	5808f6d3	fsqrt.s	f13,f17	 f17:0xd411db5e f13=0x7fc00000
     372435.000 ns	     37242	80007d28	c01cf153	fcvt.wu.s	x2,f25	 f25:0x001ddc1c  x2=0x00000000
     372465.000 ns	     37245	80007d2c	a1f61953	flt.s	x18,f12,f31	 f12:0x405f425c f31:0xcf800986 x18=0x00000000
     372485.000 ns	     37247	80007d30	00000013	addi	x0,x0,0	  x0:0x00000000
     372495.000 ns	     37248	80007d34	01ad95b3	sll	x11,x27,x26	 x27:0x00000000 x26:0x00000000 x11=0x00000000
     372855.000 ns	     37284	80007d38	031c5033	divu	x0,x24,x17	 x24:0xb8d0ecfc x17:0x80041024
     372885.000 ns	     37287	80007d3c	201501d3	fsgnj.s	f3,f10,f1	 f10:0x7f800000  f1:0x00000000  f3=0x7f800000
     372905.000 ns	     37289	80007d40	0033d133	srl	x2,x7,x3	  x7:0x00000008  x3:0x00000001  x2=0x00000004
     372925.000 ns	     37291	80007d44	033120b3	mulhsu	x1,x2,x19	  x2:0x00000000 x19:0x0000039e  x1=0x00000000
     372965.000 ns	     37295	80007d48	580b3fd3	fsqrt.s	f31,f22	 f22:0x00000000 f31=0x00000000
     372995.000 ns	     37298	80007d4c	03fc86b3	mul	x13,x25,x31	 x25:0xd060825e x31:0xfafeddbe x13=0x1d6fe7c4
     373015.000 ns	     37300	80007d50	00c1c733	xor	x14,x3,x12	  x3:0x00000001 x12:0x00000000 x14=0x00000001
     373025.000 ns	     37301	80007d54	00000013	addi	x0,x0,0	  x0:0x00000000
     373035.000 ns	     37302	80007d58	c53de193	ori	x3,x27,-941	 x27:0x00000000  x3=0xfffffc53
     373055.000 ns	     37304	80007d5c	c006fc53	fcvt.w.s	x24,f13	 f13:0x7fc00000 x24=0x7fffffff
     373075.000 ns	     37306	80007d60	d3d747b7	lui	x15,0xd3d74	 x15=0xd3d74000
     373435.000 ns	     37342	80007d64	0350d1b3	divu	x3,x1,x21	  x1:0x00000000 x21:0x00000010  x3=0x00000000
     373465.000 ns	     37345	80007d68	a140a9d3	feq.s	x19,f1,f20	  f1:0x00000000 f20:0x4f000410 x19=0x00000000
     373485.000 ns	     37347	80007d6c	001e7633	and	x12,x28,x1	 x28:0x00f537b7  x1:0x00000000 x12=0x00000000
     373505.000 ns	     37349	80007d70	f0038f53	fmv.w.x	f30,x7	  x7:0x00000008 f30=0x00000008
     373535.000 ns	     37352	80007d74	210ca453	fsgnjx.s	f8,f25,f16	 f25:0x001ddc1c f16:0xff800000  f8=0x801ddc1c
     373565.000 ns	     37355	80007d78	e0039953	fclass.s	x18,f7	  f7:0xd060825e x18=0x00000002
     373585.000 ns	     37357	80007d7c	87ccf193	andi	x3,x25,-1924	 x25:0xd060825e  x3=0xd060805c
     373595.000 ns	     37358	80007d80	4117d533	sra	x10,x15,x17	 x15:0xd3d74000 x17:0x80041024 x10=0xfd3d7400
     373615.000 ns	     37360	80007d84	d00f02d3	fcvt.s.w	f5,x30	 x30:0x90000000  f5=0xcee00000
     373985.000 ns	     37397	80007d88	039ac6b3	div	x13,x21,x25	 x21:0x00000010 x25:0xd060825e x13=0x00000000
     374005.000 ns	     37399	80007d8c	60b82613	slti	x12,x16,1547	 x16:0x00000001 x12=0x00000001
     374035.000 ns	     37402	80007d90	181bcd53	fdiv.s	f26,f23,f1	 f23:0xd060825e  f1:0x00000000 f26=0xff800000
     374055.000 ns	     37404	80007d94	001e2bb3	slt	x23,x28,x1	 x28:0x00f537b7  x1:0x00000000 x23=0x00000000
     374065.000 ns	     37405	80007d98	01d226b3	slt	x13,x4,x29	  x4:0x00000000 x29:0x80040fe4 x13=0x00000000
     374085.000 ns	     37407	80007d9c	d01188d3	fcvt.s.wu	f17,x3	  x3:0xd060805c f17=0x4f506080
     374115.000 ns	     37410	80007da0	a0ca2ad3	feq.s	x21,f20,f12	 f20:0x4f000410 f12:0x405f425c x21=0x00000000
     374135.000 ns	     37412	80007da4	18c7a913	slti	x18,x15,396	 x15:0xd3d74000 x18=0x00000001
     374155.000 ns	     37414	80007da8	a140ae53	feq.s	x28,f1,f20	  f1:0x00000000 f20:0x4f000410 x28=0x00000000
     374195.000 ns	     37418	80007dac	580ff9d3	fsqrt.s	f19,f31	 f31:0x00000000 f19=0x00000000
     374225.000 ns	     37421	80007db0	03821333	mulh	x6,x4,x24	  x4:0x00000000 x24:0x7fffffff  x6=0x00000000
     374245.000 ns	     37423	80007db4	403a57b3	sra	x15,x20,x3	 x20:0x050007e8  x3:0xd060805c x15=0x00000000
     374265.000 ns	     37425	80007db8	d01af5d3	fcvt.s.wu	f11,x21	 x21:0x00000000 f11=0x00000000
     374295.000 ns	     37428	80007dbc	03e62033	mulhsu	x0,x12,x30	 x12:0x00000001 x30:0x90000000
     374325.000 ns	     37431	80007dc0	f00f8853	fmv.w.x	f16,x31	 x31:0xfafeddbe f16=0xfafeddbe
     374345.000 ns	     37433	80007dc4	ebba4d17	auipc	x26,0xebba4	 x26=0x6bbabdc4
     374705.000 ns	     37469	80007dc8	032e66b3	rem	x13,x28,x18	 x28:0x00000000 x18:0x00000001 x13=0x00000000
     374725.000 ns	     37471	80007dcc	00988a33	add	x20,x17,x9	 x17:0x80041024  x9:0x00000000 x20=0x80041024
     375085.000 ns	     37507	80007dd0	0343dd33	divu	x26,x7,x20	  x7:0x00000008 x20:0x050007e8 x26=0x00000000
     375115.000 ns	     37510	80007dd4	211baad3	fsgnjx.s	f21,f23,f17	 f23:0xd060825e f17:0x4f506080 f21=0xd060825e
     375145.000 ns	     37513	80007dd8	c0191653	fcvt.wu.s	x12,f18	 f18:0x80000000 x12=0x00000000
     375165.000 ns	     37515	80007ddc	4151df13	srai	x30,x3,0x15	  x3:0xd060805c x30=0xfffffe83
     375525.000 ns	     37551	80007de0	03255db3	divu	x27,x10,x18	 x10:0xfd3d7400 x18:0x00000001 x27=0xfd3d7400
     375555.000 ns	     37554	80007de4	0352b3b3	mulhu	x7,x5,x21	  x5:0x00000000 x21:0x00000000  x7=0x00000000
     375575.000 ns	     37556	80007de8	00d229b3	slt	x19,x4,x13	  x4:0x00000000 x13:0x00000000 x19=0x00000000
     375585.000 ns	     37557	80007dec	01046c33	or	x24,x8,x16	  x8:0xffffffff x16:0x00000001 x24=0xffffffff
     375595.000 ns	     37558	80007df0	448b7d13	andi	x26,x22,1096	 x22:0x0ca13332 x26=0x00000000
     375605.000 ns	     37559	80007df4	40f80833	sub	x16,x16,x15	 x16:0x00000001 x15:0x00000000 x16=0x00000001
     375635.000 ns	     37562	80007df8	58077a53	fsqrt.s	f20,f14	 f14:0x80000000 f20=0x80000000
     375655.000 ns	     37564	80007dfc	006bf3b3	and	x7,x23,x6	 x23:0x00000000  x6:0x00000000  x7=0x00000000
     375675.000 ns	     37566	80007e00	d00d9bd3	fcvt.s.w	f23,x27	 x27:0xfd3d7400 f23=0xcc30a300
     375705.000 ns	     37569	80007e04	29501153	fmax.s	f2,f0,f21	  f0:0xff800000 f21:0xd060825e  f2=0xd060825e
     375725.000 ns	     37571	80007e08	41fddd13	srai	x26,x27,0x1f	 x27:0xfd3d7400 x26=0xffffffff
     375735.000 ns	     37572	80007e0c	f66e3793	sltiu	x15,x28,-154	 x28:0x00000000 x15=0x00000001
     375755.000 ns	     37574	80007e10	02c840b3	div	x1,x16,x12	 x16:0x00000001 x12:0x00000000  x1=0xffffffff
     375775.000 ns	     37576	80007e14	011865b3	or	x11,x16,x17	 x16:0x00000001 x17:0x80041024 x11=0x80041025
     375785.000 ns	     37577	80007e18	00119313	slli	x6,x3,0x1	  x3:0xd060805c  x6=0xa0c100b8
     375815.000 ns	     37580	80007e1c	11fc12d3	fmul.s	f5,f24,f31	 f24:0x2e800000 f31:0x00000000  f5=0x00000000
     375835.000 ns	     37582	80007e20	16da4793	xori	x15,x20,365	 x20:0x80041024 x15=0x80041149
     375845.000 ns	     37583	80007e24	00e247b3	xor	x15,x4,x14	  x4:0x00000000 x14:0x00000001 x15=0x00000001
     375865.000 ns	     37585	80007e28	03cf8133	mul	x2,x31,x28	 x31:0xfafeddbe x28:0x00000000  x2=0x00000000
     375885.000 ns	     37587	80007e2c	00000013	addi	x0,x0,0	  x0:0x00000000
     376245.000 ns	     37623	80007e30	034a7e33	remu	x28,x20,x20	 x20:0x80041024 x20:0x80041024 x28=0x00000000
     376295.000 ns	     37628	80007e34	0195b453	fadd.s	f8,f11,f25	 f11:0x00000000 f25:0x001ddc1c  f8=0x001ddc1c
     376315.000 ns	     37630	80007e38	3a17b017	auipc	x0,0x3a17b	
     376335.000 ns	     37632	80007e3c	21f22a53	fsgnjx.s	f20,f4,f31	  f4:0x80000000 f31:0x00000000 f20=0x80000000
     376365.000 ns	     37635	80007e40	c006f9d3	fcvt.w.s	x19,f13	 f13:0x7fc00000 x19=0x7fffffff
     376385.000 ns	     37637	80007e44	f0dcfc93	andi	x25,x25,-243	 x25:0xd060825e x25=0xd060820c
     376395.000 ns	     37638	80007e48	0138e433	or	x8,x17,x19	 x17:0x80041024 x19:0x7fffffff  x8=0xffffffff
     376405.000 ns	     37639	80007e4c	412986b3	sub	x13,x19,x18	 x19:0x7fffffff x18:0x00000001 x13=0x7ffffffe
     376425.000 ns	     37641	80007e50	a0e21d53	flt.s	x26,f4,f14	  f4:0x80000000 f14:0x80000000 x26=0x00000000
     376445.000 ns	     37643	80007e54	48293693	sltiu	x13,x18,1154	 x18:0x00000001 x13=0x00000001
     376775.000 ns	     37676	80007e58	18240653	fdiv.s	f12,f8,f2	  f8:0x001ddc1c  f2:0xd060825e f12=0x80000000
     376805.000 ns	     37679	80007e5c	20468fd3	fsgnj.s	f31,f13,f4	 f13:0x7fc00000  f4:0x80000000 f31=0xffc00000
     376825.000 ns	     37681	80007e60	91af7d13	andi	x26,x30,-1766	 x30:0xfffffe83 x26=0xfffff802
     377185.000 ns	     37717	80007e64	031a42b3	div	x5,x20,x17	 x20:0x80041024 x17:0x80041024  x5=0x00000001
     377215.000 ns	     37720	80007e68	20352ad3	fsgnjx.s	f21,f10,f3	 f10:0x7f800000  f3:0x7f800000 f21=0x7f800000
     377235.000 ns	     37722	80007e6c	00000013	addi	x0,x0,0	  x0:0x00000000
     377245.000 ns	     37723	80007e70	007de5b3	or	x11,x27,x7	 x27:0xfd3d7400  x7:0x00000000 x11=0xfd3d7400
     377265.000 ns	     37725	80007e74	02cf99b3	mulh	x19,x31,x12	 x31:0xfafeddbe x12:0x00000000 x19=0x00000000
     377285.000 ns	     37727	80007e78	41e7d1b3	sra	x3,x15,x30	 x15:0x00000001 x30:0xfffffe83  x3=0x00000000
     377645.000 ns	     37763	80007e7c	021d7233	remu	x4,x26,x1	 x26:0xfffff802  x1:0xffffffff  x4=0xfffff802
     377665.000 ns	     37765	80007e80	00ba9793	slli	x15,x21,0xb	 x21:0x00000000 x15=0x00000000
     377705.000 ns	     37769	80007e84	0041f9d3	fadd.s	f19,f3,f4	  f3:0x7f800000  f4:0x80000000 f19=0x7f800000
     377735.000 ns	     37772	80007e88	d008a553	fcvt.s.w	f10,x17	 x17:0x80041024 f10=0xcefff7e0
     377765.000 ns	     37775	80007e8c	a0a52353	feq.s	x6,f10,f10	 f10:0x7f800000 f10:0x7f800000  x6=0x00000001
     377785.000 ns	     37777	80007e90	013c5a33	srl	x20,x24,x19	 x24:0xffffffff x19:0x00000000 x20=0xffffffff
     377795.000 ns	     37778	80007e94	00740633	add	x12,x8,x7	  x8:0xffffffff  x7:0x00000000 x12=0xffffffff
     377815.000 ns	     37780	80007e98	e00d91d3	fclass.s	x3,f27	 f27:0x4ca000fd  x3=0x00000040
     377835.000 ns	     37782	80007e9c	f9f2e293	ori	x5,x5,-97	  x5:0x00000001  x5=0xffffff9f
     377855.000 ns	     37784	80007ea0	29cf1dd3	fmax.s	f27,f30,f28	 f30:0x00000008 f28:0xd060825e f27=0x00000008
     377885.000 ns	     37787	80007ea4	02df2033	mulhsu	x0,x30,x13	 x30:0xfffffe83 x13:0x00000001
     377915.000 ns	     37790	80007ea8	03c3b733	mulhu	x14,x7,x28	  x7:0x00000000 x28:0x00000000 x14=0x00000000
     377955.000 ns	     37794	80007eac	19587f53	fdiv.s	f30,f16,f21	 f16:0xfafeddbe f21:0x7f800000 f30=0x80000000
     377985.000 ns	     37797	80007eb0	02491bb3	mulh	x23,x18,x4	 x18:0x00000001  x4:0xfffff802 x23=0xffffffff
     378005.000 ns	     37799	80007eb4	d6acc793	xori	x15,x25,-662	 x25:0xd060820c x15=0x2f9f7f66
     378025.000 ns	     37801	80007eb8	027193b3	mulh	x7,x3,x7	  x3:0x00000040  x7:0x00000000  x7=0x00000000
     378055.000 ns	     37804	80007ebc	216e1953	fsgnjn.s	f18,f28,f22	 f28:0xd060825e f22:0x00000000 f18=0xd060825e
     378085.000 ns	     37807	80007ec0	28b604d3	fmin.s	f9,f12,f11	 f12:0x80000000 f11:0x00000000  f9=0x80000000
     378115.000 ns	     37810	80007ec4	297e9553	fmax.s	f10,f29,f23	 f29:0xcefff7e0 f23:0xcc30a300 f10=0xcc30a300
     378135.000 ns	     37812	80007ec8	01a26c33	or	x24,x4,x26	  x4:0xfffff802 x26:0xfffff802 x24=0xfffff802
     378165.000 ns	     37815	80007ecc	18fbfdd3	fdiv.s	f27,f23,f15	 f23:0xcc30a300 f15:0x00000000 f27=0xff800000
     378535.000 ns	     37852	80007ed0	0241e533	rem	x10,x3,x4	  x3:0x00000040  x4:0xfffff802 x10=0x00000040
     378565.000 ns	     37855	80007ed4	f0038ed3	fmv.w.x	f29,x7	  x7:0x00000000 f29=0x00000000
     378585.000 ns	     37857	80007ed8	c1a03217	auipc	x4,0xc1a03	  x4=0x41a0aed8
     378595.000 ns	     37858	80007edc	75333613	sltiu	x12,x6,1875	  x6:0x00000001 x12=0x00000001
     378605.000 ns	     37859	80007ee0	01bdda33	srl	x20,x27,x27	 x27:0xfd3d7400 x27:0xfd3d7400 x20=0xfd3d7400
     378615.000 ns	     37860	80007ee4	01e99793	slli	x15,x19,0x1e	 x19:0x00000000 x15=0x00000000
     379785.000 ns	     37977	80007ee8	580c45d3	fsqrt.s	f11,f24	 f24:0x2e800000 f11=0x367fffae
     379815.000 ns	     37980	80007eec	02e5fc33	remu	x24,x11,x14	 x11:0xfd3d7400 x14:0x00000000 x24=0xfd3d7400
     379845.000 ns	     37983	80007ef0	a19b8ad3	fle.s	x21,f23,f25	 f23:0xcc30a300 f25:0x001ddc1c x21=0x00000001
     379865.000 ns	     37985	80007ef4	41365793	srai	x15,x12,0x13	 x12:0x00000001 x15=0x00000000
     379875.000 ns	     37986	80007ef8	407e01b3	sub	x3,x28,x7	 x28:0x00000000  x7:0x00000000  x3=0x00000000
     379895.000 ns	     37988	80007efc	c00176d3	fcvt.w.s	x13,f2	  f2:0xd060825e x13=0x80000000
     379915.000 ns	     37990	80007f00	4146d5b3	sra	x11,x13,x20	 x13:0x00000001 x20:0xfd3d7400 x11=0x80000000
     379935.000 ns	     37992	80007f04	a0758953	fle.s	x18,f11,f7	 f11:0x367fffae  f7:0xd060825e x18=0x00000000
     379955.000 ns	     37994	80007f08	16568c93	addi	x25,x13,357	 x13:0x80000000 x25=0x80000165
     379975.000 ns	     37996	80007f0c	21481cd3	fsgnjn.s	f25,f16,f20	 f16:0xfafeddbe f20:0x80000000 f25=0x7afeddbe
     379995.000 ns	     37998	80007f10	40aa5193	srai	x3,x20,0xa	 x20:0xfd3d7400  x3=0xffff4f5d
     380015.000 ns	     38000	80007f14	20300bd3	fsgnj.s	f23,f0,f3	  f0:0xff800000  f3:0x7f800000 f23=0x7f800000
     380045.000 ns	     38003	80007f18	024335b3	mulhu	x11,x6,x4	  x6:0x00000001  x4:0x41a0aed8 x11=0x00000000
     380075.000 ns	     38006	80007f1c	a1280453	fle.s	x8,f16,f18	 f16:0xfafeddbe f18:0xd060825e  x8=0x00000001
     380095.000 ns	     38008	80007f20	00d3d213	srli	x4,x7,0xd	  x7:0x00000000  x4=0x00000000
     380115.000 ns	     38010	80007f24	a17b8653	fle.s	x12,f23,f23	 f23:0x7f800000 f23:0x7f800000 x12=0x00000001
     380145.000 ns	     38013	80007f28	21d42353	fsgnjx.s	f6,f8,f29	  f8:0x001ddc1c f29:0x00000000  f6=0x001ddc1c
     380165.000 ns	     38015	80007f2c	00901bb3	sll	x23,x0,x9	  x0:0x00000000  x9:0x00000000 x23=0x00000000
     380175.000 ns	     38016	80007f30	0121de13	srli	x28,x3,0x12	  x3:0xffff4f5d x28=0x00003fff
     380215.000 ns	     38020	80007f34	08c0f4d3	fsub.s	f9,f1,f12	  f1:0x00000000 f12:0x80000000  f9=0x00000000
     380245.000 ns	     38023	80007f38	025701b3	mul	x3,x14,x5	 x14:0x00000000  x5:0xffffff9f  x3=0x00000000
     380265.000 ns	     38025	80007f3c	0063fb33	and	x22,x7,x6	  x7:0x00000000  x6:0x00000001 x22=0x00000000
     380285.000 ns	     38027	80007f40	e00a1353	fclass.s	x6,f20	 f20:0x80000000  x6=0x00000008
     380305.000 ns	     38029	80007f44	001f87b3	add	x15,x31,x1	 x31:0xfafeddbe  x1:0xffffffff x15=0xfafeddbd
     380325.000 ns	     38031	80007f48	c01870d3	fcvt.wu.s	x1,f16	 f16:0xfafeddbe  x1=0x00000000
     380345.000 ns	     38033	80007f4c	008f45b3	xor	x11,x30,x8	 x30:0xfffffe83  x8:0x00000001 x11=0xfffffe82
     380365.000 ns	     38035	80007f50	e00f9cd3	fclass.s	x25,f31	 f31:0xffc00000 x25=0x00000200
     380385.000 ns	     38037	80007f54	01668d33	add	x26,x13,x22	 x13:0x80000000 x22:0x00000000 x26=0x80000000
     380715.000 ns	     38070	80007f58	18a58d53	fdiv.s	f26,f11,f10	 f11:0x367fffae f10:0xcc30a300 f26=0xa97fffae
     380745.000 ns	     38073	80007f5c	0325b3b3	mulhu	x7,x11,x18	 x11:0xfffffe82 x18:0x00000000  x7=0x00000000
     381115.000 ns	     38110	80007f60	02f5f833	remu	x16,x11,x15	 x11:0xfffffe82 x15:0xfafeddbd x16=0x050120c5
     381145.000 ns	     38113	80007f64	a08f8c53	fle.s	x24,f31,f8	 f31:0xffc00000  f8:0x001ddc1c x24=0x00000000
     381175.000 ns	     38116	80007f68	e0008a53	fmv.x.w	x20,f1	  f1:0x00000000 x20=0x00000000
     381205.000 ns	     38119	80007f6c	a1e22153	feq.s	x2,f4,f30	  f4:0x80000000 f30:0x80000000  x2=0x00000001
     381245.000 ns	     38123	80007f70	10d1fcd3	fmul.s	f25,f3,f13	  f3:0x7f800000 f13:0x7fc00000 f25=0x7fc00000
     381275.000 ns	     38126	80007f74	a01a2ad3	feq.s	x21,f20,f1	 f20:0x80000000  f1:0x00000000 x21=0x00000001
     381305.000 ns	     38129	80007f78	d0067453	fcvt.s.w	f8,x12	 x12:0x00000001  f8=0x3f800000
     381325.000 ns	     38131	80007f7c	013265b3	or	x11,x4,x19	  x4:0x00000000 x19:0x00000000 x11=0x00000000
     381335.000 ns	     38132	80007f80	00781c93	slli	x25,x16,0x7	 x16:0x050120c5 x25=0x80906280
     381355.000 ns	     38134	80007f84	c01726d3	fcvt.wu.s	x13,f14	 f14:0x80000000 x13=0x00000000
     381375.000 ns	     38136	80007f88	007b2cb3	slt	x25,x22,x7	 x22:0x00000000  x7:0x00000000 x25=0x00000000
     381385.000 ns	     38137	80007f8c	01294333	xor	x6,x18,x18	 x18:0x00000000 x18:0x00000000  x6=0x00000000
     381405.000 ns	     38139	80007f90	026d0cb3	mul	x25,x26,x6	 x26:0x80000000  x6:0x00000008 x25=0x00000000
     381425.000 ns	     38141	80007f94	3e8ca293	slti	x5,x25,1000	 x25:0x00000000  x5=0x00000001
     381445.000 ns	     38143	80007f98	02d60ab3	mul	x21,x12,x13	 x12:0x00000001 x13:0x00000000 x21=0x00000000
     381475.000 ns	     38146	80007f9c	e0041bd3	fclass.s	x23,f8	  f8:0x3f800000 x23=0x00000040
     381495.000 ns	     38148	80007fa0	0110d413	srli	x8,x1,0x11	  x1:0x00000000  x8=0x00000000
     381515.000 ns	     38150	80007fa4	c0028853	fcvt.w.s	x16,f5	  f5:0x00000000 x16=0x00000000
     381535.000 ns	     38152	80007fa8	65483513	sltiu	x10,x16,1620	 x16:0x050120c5 x10=0x00000001
     381545.000 ns	     38153	80007fac	00911d13	slli	x26,x2,0x9	  x2:0x00000001 x26=0x00000200
     381905.000 ns	     38189	80007fb0	03a17ab3	remu	x21,x2,x26	  x2:0x00000001 x26:0x80000000 x21=0x00000001
     381935.000 ns	     38192	80007fb4	0246d233	divu	x4,x13,x4	 x13:0x00000000  x4:0x00000000  x4=0xffffffff
     381965.000 ns	     38195	80007fb8	032647b3	div	x15,x12,x18	 x12:0x00000001 x18:0x00000000 x15=0xffffffff
     381985.000 ns	     38197	80007fbc	47bded93	ori	x27,x27,1147	 x27:0xfd3d7400 x27=0xfd3d747b
     381995.000 ns	     38198	80007fc0	01df8633	add	x12,x31,x29	 x31:0xfafeddbe x29:0x80040fe4 x12=0x7b02eda2
     382015.000 ns	     38200	80007fc4	03dd35b3	mulhu	x11,x26,x29	 x26:0x00000200 x29:0x80040fe4 x11=0x00000100
     382055.000 ns	     38204	80007fc8	19cdfbd3	fdiv.s	f23,f27,f28	 f27:0xff800000 f28:0xd060825e f23=0x7f800000
     382075.000 ns	     38206	80007fcc	58184b13	xori	x22,x16,1409	 x16:0x00000000 x22=0x00000581
     382085.000 ns	     38207	80007fd0	4b4cbd97	auipc	x27,0x4b4cb	 x27=0xcb4d2fd0
     382105.000 ns	     38209	80007fd4	a09c91d3	flt.s	x3,f25,f9	 f25:0x7fc00000  f9:0x00000000  x3=0x00000000
     382135.000 ns	     38212	80007fd8	022d2833	mulhsu	x16,x26,x2	 x26:0x00000200  x2:0x00000001 x16=0x00000000
     382165.000 ns	     38215	80007fdc	020250b3	divu	x1,x4,x0	  x4:0xffffffff  x0:0x00000000  x1=0xffffffff
     382185.000 ns	     38217	80007fe0	01b9d633	srl	x12,x19,x27	 x19:0x00000000 x27:0xcb4d2fd0 x12=0x00000000
     382205.000 ns	     38219	80007fe4	f00a8cd3	fmv.w.x	f25,x21	 x21:0x00000001 f25=0x00000001
     382235.000 ns	     38222	80007fe8	02e694b3	mulh	x9,x13,x14	 x13:0x00000000 x14:0x00000000  x9=0x00000000
     382265.000 ns	     38225	80007fec	21170c53	fsgnj.s	f24,f14,f17	 f14:0x80000000 f17:0x4f506080 f24=0x00000000
     382285.000 ns	     38227	80007ff0	012a7f33	and	x30,x20,x18	 x20:0x00000000 x18:0x00000000 x30=0x00000000
     382305.000 ns	     38229	80007ff4	03f6b3b3	mulhu	x7,x13,x31	 x13:0x00000000 x31:0xfafeddbe  x7=0x00000000
     382325.000 ns	     38231	80007ff8	33e64493	xori	x9,x12,830	 x12:0x00000000  x9=0x0000033e
     382345.000 ns	     38233	80007ffc	d0098253	fcvt.s.w	f4,x19	 x19:0x00000000  f4=0x00000000
     382365.000 ns	     38235	80008000	0095c4b3	xor	x9,x11,x9	 x11:0x00000100  x9:0x00000000  x9=0x0000023e
     382375.000 ns	     38236	80008004	0003bd33	sltu	x26,x7,x0	  x7:0x00000000  x0:0x00000000 x26=0x00000000
     382385.000 ns	     38237	80008008	3c996913	ori	x18,x18,969	 x18:0x00000000 x18=0x000003c9
     382405.000 ns	     38239	8000800c	f00d8f53	fmv.w.x	f30,x27	 x27:0xcb4d2fd0 f30=0xcb4d2fd0
     382425.000 ns	     38241	80008010	01231ab3	sll	x21,x6,x18	  x6:0x00000000 x18:0x00000000 x21=0x00000000
     382445.000 ns	     38243	80008014	20452453	fsgnjx.s	f8,f10,f4	 f10:0xcc30a300  f4:0x00000000  f8=0xcc30a300
     382465.000 ns	     38245	80008018	00c202b3	add	x5,x4,x12	  x4:0xffffffff x12:0x00000000  x5=0xffffffff
     382485.000 ns	     38247	8000801c	a18c1c53	flt.s	x24,f24,f24	 f24:0x00000000 f24:0x00000000 x24=0x00000000
     382505.000 ns	     38249	80008020	36e97493	andi	x9,x18,878	 x18:0x000003c9  x9=0x00000348
     382515.000 ns	     38250	80008024	a1ea8513	addi	x10,x21,-1506	 x21:0x00000000 x10=0xfffffa1e
     382525.000 ns	     38251	80008028	00072533	slt	x10,x14,x0	 x14:0x00000000  x0:0x00000000 x10=0x00000000
     382535.000 ns	     38252	8000802c	010077b3	and	x15,x0,x16	  x0:0x00000000 x16:0x00000000 x15=0x00000000
     382545.000 ns	     38253	80008030	01f12233	slt	x4,x2,x31	  x2:0x00000001 x31:0xfafeddbe  x4=0x00000000
     382555.000 ns	     38254	80008034	00000013	addi	x0,x0,0	  x0:0x00000000
     382575.000 ns	     38256	80008038	a0141f53	flt.s	x30,f8,f1	  f8:0xcc30a300  f1:0x00000000 x30=0x00000001
     382605.000 ns	     38259	8000803c	02e435b3	mulhu	x11,x8,x14	  x8:0x00000000 x14:0x00000000 x11=0x00000000
     382635.000 ns	     38262	80008040	030935b3	mulhu	x11,x18,x16	 x18:0x000003c9 x16:0x00000000 x11=0x00000000
     383005.000 ns	     38299	80008044	03117e33	remu	x28,x2,x17	  x2:0x00000001 x17:0x80041024 x28=0x00000001
     383045.000 ns	     38303	80008048	5806b453	fsqrt.s	f8,f13	 f13:0x7fc00000  f8=0x7fc00000
     383065.000 ns	     38305	8000804c	193cbb93	sltiu	x23,x25,403	 x25:0x00000000 x23=0x00000001
     383085.000 ns	     38307	80008050	d01aa953	fcvt.s.wu	f18,x21	 x21:0x00000000 f18=0x00000000
     383115.000 ns	     38310	80008054	21e300d3	fsgnj.s	f1,f6,f30	  f6:0x001ddc1c f30:0xcb4d2fd0  f1=0x801ddc1c
     383145.000 ns	     38313	80008058	030f3433	mulhu	x8,x30,x16	 x30:0x00000001 x16:0x00000000  x8=0x00000000
     383165.000 ns	     38315	8000805c	018879b3	and	x19,x16,x24	 x16:0x00000000 x24:0x00000000 x19=0x00000000
     383175.000 ns	     38316	80008060	00000013	addi	x0,x0,0	  x0:0x00000000
     383195.000 ns	     38318	80008064	d00712d3	fcvt.s.w	f5,x14	 x14:0x00000000  f5=0x00000000
     383215.000 ns	     38320	80008068	26a63c93	sltiu	x25,x12,618	 x12:0x00000000 x25=0x00000001
     383235.000 ns	     38322	8000806c	0236f5b3	remu	x11,x13,x3	 x13:0x00000000  x3:0x00000000 x11=0x00000000
     383275.000 ns	     38326	80008070	5800a6d3	fsqrt.s	f13,f1	  f1:0x801ddc1c f13=0x7fc00000
     383305.000 ns	     38329	80008074	c00e74d3	fcvt.w.s	x9,f28	 f28:0xd060825e  x9=0x80000000
     383335.000 ns	     38332	80008078	28c39253	fmax.s	f4,f7,f12	  f7:0xd060825e f12:0x80000000  f4=0x80000000
     383365.000 ns	     38335	8000807c	a0de1e53	flt.s	x28,f28,f13	 f28:0xd060825e f13:0x7fc00000 x28=0x00000000
     383395.000 ns	     38338	80008080	c0072c53	fcvt.w.s	x24,f14	 f14:0x80000000 x24=0x00000000
     383415.000 ns	     38340	80008084	b71d0d93	addi	x27,x26,-1167	 x26:0x00000000 x27=0xfffffb71
     383435.000 ns	     38342	80008088	e00c0253	fmv.x.w	x4,f24	 f24:0x00000000  x4=0x00000000
     383465.000 ns	     38345	8000808c	20800953	fsgnj.s	f18,f0,f8	  f0:0xff800000  f8:0x7fc00000 f18=0x7f800000
     383485.000 ns	     38347	80008090	3c59a493	slti	x9,x19,965	 x19:0x00000000  x9=0x00000001
     383525.000 ns	     38351	80008094	001bfdd3	fadd.s	f27,f23,f1	 f23:0x7f800000  f1:0x801ddc1c f27=0x7f800000
     383555.000 ns	     38354	80008098	28078ad3	fmin.s	f21,f15,f0	 f15:0x00000000  f0:0xff800000 f21=0xff800000
     383585.000 ns	     38357	8000809c	29848b53	fmin.s	f22,f9,f24	  f9:0x00000000 f24:0x00000000 f22=0x00000000
     383615.000 ns	     38360	800080a0	20b5add3	fsgnjx.s	f27,f11,f11	 f11:0x367fffae f11:0x367fffae f27=0x367fffae
     383635.000 ns	     38362	800080a4	41955f13	srai	x30,x10,0x19	 x10:0x00000000 x30=0x00000000
     383665.000 ns	     38365	800080a8	194302d3	fdiv.s	f5,f6,f20	  f6:0x001ddc1c f20:0x80000000  f5=0xff800000
     383705.000 ns	     38369	800080ac	10d10253	fmul.s	f4,f2,f13	  f2:0xd060825e f13:0x7fc00000  f4=0x7fc00000
     383735.000 ns	     38372	800080b0	210f06d3	fsgnj.s	f13,f30,f16	 f30:0xcb4d2fd0 f16:0xfafeddbe f13=0xcb4d2fd0
     383755.000 ns	     38374	800080b4	016c73b3	and	x7,x24,x22	 x24:0x00000000 x22:0x00000581  x7=0x00000000
     383765.000 ns	     38375	800080b8	96136a93	ori	x21,x6,-1695	  x6:0x00000000 x21=0xfffff961
     383775.000 ns	     38376	800080bc	d3a05e17	auipc	x28,0xd3a05	 x28=0x53a0d0bc
     383795.000 ns	     38378	800080c0	0349d033	divu	x0,x19,x20	 x19:0x00000000 x20:0x00000000
     383825.000 ns	     38381	800080c4	d0027b53	fcvt.s.w	f22,x4	  x4:0x00000000 f22=0x00000000
     383845.000 ns	     38383	800080c8	00000013	addi	x0,x0,0	  x0:0x00000000
     383865.000 ns	     38385	800080cc	024f2833	mulhsu	x16,x30,x4	 x30:0x00000000  x4:0x00000000 x16=0x00000000
     383885.000 ns	     38387	800080d0	d20bc913	xori	x18,x23,-736	 x23:0x00000001 x18=0xfffffd21
     383895.000 ns	     38388	800080d4	6ba2a037	lui	x0,0x6ba2a	
     383905.000 ns	     38389	800080d8	759fa613	slti	x12,x31,1881	 x31:0xfafeddbe x12=0x00000001
     383925.000 ns	     38391	800080dc	c0077753	fcvt.w.s	x14,f14	 f14:0x80000000 x14=0x00000000
     383965.000 ns	     38395	800080e0	118b48d3	fmul.s	f17,f22,f24	 f22:0x00000000 f24:0x00000000 f17=0x00000000
     384015.000 ns	     38400	800080e4	083b7e53	fsub.s	f28,f22,f3	 f22:0x00000000  f3:0x7f800000 f28=0xff800000
     384055.000 ns	     38404	800080e8	18e073d3	fdiv.s	f7,f0,f14	  f0:0xff800000 f14:0x80000000  f7=0x7f800000
     384085.000 ns	     38407	800080ec	285801d3	fmin.s	f3,f16,f5	 f16:0xfafeddbe  f5:0xff800000  f3=0xff800000
     384115.000 ns	     38410	800080f0	023df6b3	remu	x13,x27,x3	 x27:0xfffffb71  x3:0x00000000 x13=0xfffffb71
     384145.000 ns	     38413	800080f4	e0048053	fmv.x.w	x0,f9	  f9:0x00000000
     384165.000 ns	     38415	800080f8	9ccdb093	sltiu	x1,x27,-1588	 x27:0xfffffb71  x1=0x00000000
     384185.000 ns	     38417	800080fc	a17ea1d3	feq.s	x3,f29,f23	 f29:0x00000000 f23:0x7f800000  x3=0x00000000
     384215.000 ns	     38420	80008100	a08b2653	feq.s	x12,f22,f8	 f22:0x00000000  f8:0x7fc00000 x12=0x00000000
     384245.000 ns	     38423	80008104	02909bb3	mulh	x23,x1,x9	  x1:0x00000000  x9:0x00000001 x23=0x00000000
     384265.000 ns	     38425	80008108	417f01b3	sub	x3,x30,x23	 x30:0x00000000 x23:0x00000001  x3=0x00000000
     384275.000 ns	     38426	8000810c	8c25f993	andi	x19,x11,-1854	 x11:0x00000000 x19=0x00000000
     384285.000 ns	     38427	80008110	003a5333	srl	x6,x20,x3	 x20:0x00000000  x3:0x00000000  x6=0x00000000
     384295.000 ns	     38428	80008114	018f8833	add	x16,x31,x24	 x31:0xfafeddbe x24:0x00000000 x16=0xfafeddbe
     384315.000 ns	     38430	80008118	29d09553	fmax.s	f10,f1,f29	  f1:0x801ddc1c f29:0x00000000 f10=0x00000000
     384335.000 ns	     38432	8000811c	01819493	slli	x9,x3,0x18	  x3:0x00000000  x9=0x00000000
     384355.000 ns	     38434	80008120	a0d500d3	fle.s	x1,f10,f13	 f10:0x00000000 f13:0xcb4d2fd0  x1=0x00000000
     384375.000 ns	     38436	80008124	40750233	sub	x4,x10,x7	 x10:0x00000000  x7:0x00000000  x4=0x00000000
     384395.000 ns	     38438	80008128	a0a89e53	flt.s	x28,f17,f10	 f17:0x00000000 f10:0x00000000 x28=0x00000000
     384425.000 ns	     38441	8000812c	e0088953	fmv.x.w	x18,f17	 f17:0x00000000 x18=0x00000000
     384445.000 ns	     38443	80008130	0053f2b3	and	x5,x7,x5	  x7:0x00000000  x5:0xffffffff  x5=0x00000000
     384465.000 ns	     38445	80008134	02fbd5b3	divu	x11,x23,x15	 x23:0x00000000 x15:0x00000000 x11=0xffffffff
     384515.000 ns	     38450	80008138	01c0f9d3	fadd.s	f19,f1,f28	  f1:0x801ddc1c f28:0xff800000 f19=0xff800000
     384545.000 ns	     38453	8000813c	d01273d3	fcvt.s.wu	f7,x4	  x4:0x00000000  f7=0x00000000
     384575.000 ns	     38456	80008140	2099a653	fsgnjx.s	f12,f19,f9	 f19:0xff800000  f9:0x00000000 f12=0xff800000
     384605.000 ns	     38459	80008144	29e214d3	fmax.s	f9,f4,f30	  f4:0x7fc00000 f30:0xcb4d2fd0  f9=0xcb4d2fd0
     384625.000 ns	     38461	80008148	414f8cb3	sub	x25,x31,x20	 x31:0xfafeddbe x20:0x00000000 x25=0xfafeddbe
     384635.000 ns	     38462	8000814c	00000013	addi	x0,x0,0	  x0:0x00000000
     384655.000 ns	     38464	80008150	a0f70653	fle.s	x12,f14,f15	 f14:0x80000000 f15:0x00000000 x12=0x00000001
     384675.000 ns	     38466	80008154	00b5f933	and	x18,x11,x11	 x11:0xffffffff x11:0xffffffff x18=0xffffffff
     384695.000 ns	     38468	80008158	a1e6a853	feq.s	x16,f13,f30	 f13:0xcb4d2fd0 f30:0xcb4d2fd0 x16=0x00000001
     384725.000 ns	     38471	8000815c	e00d1453	fclass.s	x8,f26	 f26:0xa97fffae  x8=0x00000002
     384745.000 ns	     38473	80008160	3f917a13	andi	x20,x2,1017	  x2:0x00000001 x20=0x00000001
     385105.000 ns	     38509	80008164	039f4133	div	x2,x30,x25	 x30:0x00000000 x25:0xfafeddbe  x2=0x00000000
     385145.000 ns	     38513	80008168	580775d3	fsqrt.s	f11,f14	 f14:0x80000000 f11=0x80000000
     385165.000 ns	     38515	8000816c	41c3dd13	srai	x26,x7,0x1c	  x7:0x00000000 x26=0x00000000
     385185.000 ns	     38517	80008170	218498d3	fsgnjn.s	f17,f9,f24	  f9:0xcb4d2fd0 f24:0x00000000 f17=0xcb4d2fd0
     385215.000 ns	     38520	80008174	20612453	fsgnjx.s	f8,f2,f6	  f2:0xd060825e  f6:0x001ddc1c  f8=0xd060825e
     385245.000 ns	     38523	80008178	02b82a33	mulhsu	x20,x16,x11	 x16:0x00000001 x11:0xffffffff x20=0x00000000
     385285.000 ns	     38527	8000817c	10e11f53	fmul.s	f30,f2,f14	  f2:0xd060825e f14:0x80000000 f30=0x00000000
     385325.000 ns	     38531	80008180	580fc553	fsqrt.s	f10,f31	 f31:0xffc00000 f10=0x7fc00000
     385355.000 ns	     38534	80008184	e0050dd3	fmv.x.w	x27,f10	 f10:0x00000000 x27=0x7fc00000
     385385.000 ns	     38537	80008188	f0040bd3	fmv.w.x	f23,x8	  x8:0x00000002 f23=0x00000002
     385405.000 ns	     38539	8000818c	57040c13	addi	x24,x8,1392	  x8:0x00000002 x24=0x00000572
     385435.000 ns	     38542	80008190	194f2bd3	fdiv.s	f23,f30,f20	 f30:0x00000000 f20:0x80000000 f23=0x7fc00000
     385455.000 ns	     38544	80008194	2d1b8313	addi	x6,x23,721	 x23:0x00000000  x6=0x000002d1
     385475.000 ns	     38546	80008198	c0187753	fcvt.wu.s	x14,f16	 f16:0xfafeddbe x14=0x00000000
     385495.000 ns	     38548	8000819c	00a0d093	srli	x1,x1,0xa	  x1:0x00000000  x1=0x00000000
     385505.000 ns	     38549	800081a0	4b3d6c13	ori	x24,x26,1203	 x26:0x00000000 x24=0x000004b3
     385525.000 ns	     38551	800081a4	03d286b3	mul	x13,x5,x29	  x5:0x00000000 x29:0x80040fe4 x13=0x00000000
     385545.000 ns	     38553	800081a8	3904d837	lui	x16,0x3904d	 x16=0x3904d000
     385905.000 ns	     38589	800081ac	02ba4033	div	x0,x20,x11	 x20:0x00000000 x11:0xffffffff
     386245.000 ns	     38623	800081b0	191dbe53	fdiv.s	f28,f27,f17	 f27:0x367fffae f17:0xcb4d2fd0 f28=0xaa7fffae
     386265.000 ns	     38625	800081b4	00a810b3	sll	x1,x16,x10	 x16:0x3904d000 x10:0x00000000  x1=0x3904d000
     386295.000 ns	     38628	800081b8	1011a453	fmul.s	f8,f3,f1	  f3:0xff800000  f1:0x801ddc1c  f8=0x7f800000
     386315.000 ns	     38630	800081bc	4104de33	sra	x28,x9,x16	  x9:0x00000000 x16:0x3904d000 x28=0x00000000
     386325.000 ns	     38631	800081c0	01c6e9b3	or	x19,x13,x28	 x13:0x00000000 x28:0x00000000 x19=0x00000000
     386685.000 ns	     38667	800081c4	02104cb3	div	x25,x0,x1	  x0:0x00000000  x1:0x3904d000 x25=0x00000000
     386705.000 ns	     38669	800081c8	01b671b3	and	x3,x12,x27	 x12:0x00000001 x27:0x7fc00000  x3=0x00000000
     386745.000 ns	     38673	800081cc	094bf153	fsub.s	f2,f23,f20	 f23:0x7fc00000 f20:0x80000000  f2=0x7fc00000
     386775.000 ns	     38676	800081d0	02f30033	mul	x0,x6,x15	  x6:0x000002d1 x15:0x00000000
     386795.000 ns	     38678	800081d4	b2ac2997	auipc	x19,0xb2ac2	 x19=0x32aca1d4
     386805.000 ns	     38679	800081d8	01bfbc33	sltu	x24,x31,x27	 x31:0xfafeddbe x27:0x7fc00000 x24=0x00000000
     386835.000 ns	     38682	800081dc	188bf8d3	fdiv.s	f17,f23,f8	 f23:0x7fc00000  f8:0x7f800000 f17=0x7fc00000
     386855.000 ns	     38684	800081e0	f23d7a93	andi	x21,x26,-221	 x26:0x00000000 x21=0x00000000
     386885.000 ns	     38687	800081e4	1168ca53	fmul.s	f20,f17,f22	 f17:0x7fc00000 f22:0x00000000 f20=0x7fc00000
     386915.000 ns	     38690	800081e8	c01f3853	fcvt.wu.s	x16,f30	 f30:0x00000000 x16=0x00000000
     386935.000 ns	     38692	800081ec	00e68633	add	x12,x13,x14	 x13:0x00000000 x14:0x00000000 x12=0x00000000
     386945.000 ns	     38693	800081f0	01bf5d33	srl	x26,x30,x27	 x30:0x00000000 x27:0x7fc00000 x26=0x00000000
     386955.000 ns	     38694	800081f4	0112e333	or	x6,x5,x17	  x5:0x00000000 x17:0x80041024  x6=0x80041024
     386975.000 ns	     38696	800081f8	c00206d3	fcvt.w.s	x13,f4	  f4:0x7fc00000 x13=0x7fffffff
     387005.000 ns	     38699	800081fc	c01b1453	fcvt.wu.s	x8,f22	 f22:0x00000000  x8=0x00000000
     387035.000 ns	     38702	80008200	e00195d3	fclass.s	x11,f3	  f3:0xff800000 x11=0x00000001
     387065.000 ns	     38705	80008204	e0028b53	fmv.x.w	x22,f5	  f5:0xff800000 x22=0xff800000
     387095.000 ns	     38708	80008208	03603433	mulhu	x8,x0,x22	  x0:0x00000000 x22:0x00000581  x8=0x00000000
     387115.000 ns	     38710	8000820c	3cde42b7	lui	x5,0x3cde4	  x5=0x3cde4000
     387125.000 ns	     38711	80008210	001f9f33	sll	x30,x31,x1	 x31:0xfafeddbe  x1:0x3904d000 x30=0xfafeddbe
     387145.000 ns	     38713	80008214	280d9353	fmax.s	f6,f27,f0	 f27:0x367fffae  f0:0xff800000  f6=0x367fffae
     387165.000 ns	     38715	80008218	f49f8093	addi	x1,x31,-183	 x31:0xfafeddbe  x1=0xfafedd07
     387175.000 ns	     38716	8000821c	01a8b833	sltu	x16,x17,x26	 x17:0x80041024 x26:0x00000000 x16=0x00000000
     387185.000 ns	     38717	80008220	bd186d17	auipc	x26,0xbd186	 x26=0x3d18e220
     387205.000 ns	     38719	80008224	027302b3	mul	x5,x6,x7	  x6:0x80041024  x7:0x00000000  x5=0x00000000
     387225.000 ns	     38721	80008228	41aad493	srai	x9,x21,0x1a	 x21:0x00000000  x9=0x00000000
     387245.000 ns	     38723	8000822c	20330353	fsgnj.s	f6,f6,f3	  f6:0x367fffae  f3:0xff800000  f6=0xb67fffae
     387265.000 ns	     38725	80008230	e3cc0793	addi	x15,x24,-452	 x24:0x00000000 x15=0xfffffe3c
     387275.000 ns	     38726	80008234	00d5d0b3	srl	x1,x11,x13	 x11:0x00000001 x13:0x7fffffff  x1=0x00000000
     387315.000 ns	     38730	80008238	09a6fad3	fsub.s	f21,f13,f26	 f13:0xcb4d2fd0 f26:0xa97fffae f21=0xcb4d2fd0
     387335.000 ns	     38732	8000823c	00455a13	srli	x20,x10,0x4	 x10:0x00000000 x20=0x00000000
     387375.000 ns	     38736	80008240	09a7fd53	fsub.s	f26,f15,f26	 f15:0x00000000 f26:0xa97fffae f26=0x297fffae
     387395.000 ns	     38738	80008244	77b1d197	auipc	x3,0x77b1d	  x3=0xf7b25244
     387415.000 ns	     38740	80008248	200a2dd3	fsgnjx.s	f27,f20,f0	 f20:0x7fc00000  f0:0xff800000 f27=0xffc00000
     387465.000 ns	     38745	8000824c	085ffbd3	fsub.s	f23,f31,f5	 f31:0xffc00000  f5:0xff800000 f23=0x7fc00000
     387495.000 ns	     38748	80008250	f0030cd3	fmv.w.x	f25,x6	  x6:0x80041024 f25=0x80041024
     387515.000 ns	     38750	80008254	b8aa7093	andi	x1,x20,-1142	 x20:0x00000000  x1=0x00000000
     387535.000 ns	     38752	80008258	29061d53	fmax.s	f26,f12,f16	 f12:0xff800000 f16:0xfafeddbe f26=0xfafeddbe
     387555.000 ns	     38754	8000825c	00259433	sll	x8,x11,x2	 x11:0x00000001  x2:0x00000000  x8=0x00000001
     387575.000 ns	     38756	80008260	a1c20d53	fle.s	x26,f4,f28	  f4:0x7fc00000 f28:0xaa7fffae x26=0x00000000
     387595.000 ns	     38758	80008264	04f3c793	xori	x15,x7,79	  x7:0x00000000 x15=0x0000004f
     387615.000 ns	     38760	80008268	0345f733	remu	x14,x11,x20	 x11:0x00000001 x20:0x00000000 x14=0x00000001
     387645.000 ns	     38763	8000826c	025530b3	mulhu	x1,x10,x5	 x10:0x00000000  x5:0x00000000  x1=0x00000000
     387665.000 ns	     38765	80008270	9ab76e13	ori	x28,x14,-1621	 x14:0x00000001 x28=0xfffff9ab
     387685.000 ns	     38767	80008274	e00f86d3	fmv.x.w	x13,f31	 f31:0xffc00000 x13=0xffc00000
     387715.000 ns	     38770	80008278	a05410d3	flt.s	x1,f8,f5	  f8:0x7f800000  f5:0xff800000  x1=0x00000000
     387735.000 ns	     38772	8000827c	00000013	addi	x0,x0,0	  x0:0x00000000
     387755.000 ns	     38774	80008280	a0052dd3	feq.s	x27,f10,f0	 f10:0x7fc00000  f0:0xff800000 x27=0x00000000
     387775.000 ns	     38776	80008284	07e6cf13	xori	x30,x13,126	 x13:0xffc00000 x30=0xffc0007e
     387785.000 ns	     38777	80008288	00000013	addi	x0,x0,0	  x0:0x00000000
     387795.000 ns	     38778	8000828c	013e35b3	sltu	x11,x28,x19	 x28:0xfffff9ab x19:0x32aca1d4 x11=0x00000000
     387815.000 ns	     38780	80008290	02a0e033	rem	x0,x1,x10	  x1:0x00000000 x10:0x00000000
     387835.000 ns	     38782	80008294	bda92813	slti	x16,x18,-1062	 x18:0xffffffff x16=0x00000000
     387845.000 ns	     38783	80008298	19b5a313	slti	x6,x11,411	 x11:0x00000000  x6=0x00000001
     387865.000 ns	     38785	8000829c	c00079d3	fcvt.w.s	x19,f0	  f0:0xff800000 x19=0x80000000
     387885.000 ns	     38787	800082a0	d8537617	auipc	x12,0xd8537	 x12=0x5853f2a0
     387925.000 ns	     38791	800082a4	09d27253	fsub.s	f4,f4,f29	  f4:0x7fc00000 f29:0x00000000  f4=0x7fc00000
     387945.000 ns	     38793	800082a8	dad2f493	andi	x9,x5,-595	  x5:0x00000000  x9=0x00000000
     387965.000 ns	     38795	800082ac	03f599b3	mulh	x19,x11,x31	 x11:0x00000000 x31:0xfafeddbe x19=0x00000000
     387995.000 ns	     38798	800082b0	02949233	mulh	x4,x9,x9	  x9:0x00000000  x9:0x00000000  x4=0x00000000
     388025.000 ns	     38801	800082b4	03f88d33	mul	x26,x17,x31	 x17:0x80041024 x31:0xfafeddbe x26=0xb0ab0eb8
     388055.000 ns	     38804	800082b8	d01af253	fcvt.s.wu	f4,x21	 x21:0x00000000  f4=0x00000000
     388085.000 ns	     38807	800082bc	a1998cd3	fle.s	x25,f19,f25	 f19:0xff800000 f25:0x80041024 x25=0x00000001
     388115.000 ns	     38810	800082c0	02f597b3	mulh	x15,x11,x15	 x11:0x00000000 x15:0x0000004f x15=0x00000000
     388155.000 ns	     38814	800082c4	5808f5d3	fsqrt.s	f11,f17	 f17:0x7fc00000 f11=0x7fc00000
     388185.000 ns	     38817	800082c8	f0080ed3	fmv.w.x	f29,x16	 x16:0x00000000 f29=0x00000000
     388555.000 ns	     38854	800082cc	03ccce33	div	x28,x25,x28	 x25:0x00000001 x28:0xfffff9ab x28=0x00000000
     388585.000 ns	     38857	800082d0	20ab2153	fsgnjx.s	f2,f22,f10	 f22:0x00000000 f10:0x7fc00000  f2=0x00000000
     388605.000 ns	     38859	800082d4	40515013	srai	x0,x2,0x5	  x2:0x00000000
     388625.000 ns	     38861	800082d8	a1311c53	flt.s	x24,f2,f19	  f2:0x00000000 f19:0xff800000 x24=0x00000000
     388645.000 ns	     38863	800082dc	005d5e33	srl	x28,x26,x5	 x26:0xb0ab0eb8  x5:0x00000000 x28=0xb0ab0eb8
     388655.000 ns	     38864	800082e0	00000013	addi	x0,x0,0	  x0:0x00000000
     388665.000 ns	     38865	800082e4	8e43c193	xori	x3,x7,-1820	  x7:0x00000000  x3=0xfffff8e4
     388675.000 ns	     38866	800082e8	016786b3	add	x13,x15,x22	 x15:0x00000000 x22:0xff800000 x13=0xff800000
     389035.000 ns	     38902	800082ec	03c9c4b3	div	x9,x19,x28	 x19:0x00000000 x28:0xb0ab0eb8  x9=0x00000000
     389055.000 ns	     38904	800082f0	016e5813	srli	x16,x28,0x16	 x28:0xb0ab0eb8 x16=0x000002c2
     389075.000 ns	     38906	800082f4	20ad0bd3	fsgnj.s	f23,f26,f10	 f26:0xfafeddbe f10:0x7fc00000 f23=0x7afeddbe
     389105.000 ns	     38909	800082f8	024169b3	rem	x19,x2,x4	  x2:0x00000000  x4:0x00000000 x19=0x00000000
     389125.000 ns	     38911	800082fc	00ba0b33	add	x22,x20,x11	 x20:0x00000000 x11:0x00000000 x22=0x00000000
     389135.000 ns	     38912	80008300	b48b8593	addi	x11,x23,-1208	 x23:0x00000000 x11=0xfffffb48
     389155.000 ns	     38914	80008304	29f890d3	fmax.s	f1,f17,f31	 f17:0x7fc00000 f31:0xffc00000  f1=0x7fc00000
     389175.000 ns	     38916	80008308	1344e093	ori	x1,x9,308	  x9:0x00000000  x1=0x00000134
     389535.000 ns	     38952	8000830c	03a27cb3	remu	x25,x4,x26	  x4:0x00000000 x26:0xb0ab0eb8 x25=0x00000000
     389565.000 ns	     38955	80008310	d014f453	fcvt.s.wu	f8,x9	  x9:0x00000000  f8=0x00000000
     389605.000 ns	     38959	80008314	10f571d3	fmul.s	f3,f10,f15	 f10:0x7fc00000 f15:0x00000000  f3=0x7fc00000
     389635.000 ns	     38962	80008318	036f9a33	mulh	x20,x31,x22	 x31:0xfafeddbe x22:0x00000000 x20=0x00000000
     389655.000 ns	     38964	8000831c	56018093	addi	x1,x3,1376	  x3:0xfffff8e4  x1=0xfffffe44
     389675.000 ns	     38966	80008320	d0091a53	fcvt.s.w	f20,x18	 x18:0xffffffff f20=0xbf800000
     389705.000 ns	     38969	80008324	d00c36d3	fcvt.s.w	f13,x24	 x24:0x00000000 f13=0x00000000
     389725.000 ns	     38971	80008328	014f8f33	add	x30,x31,x20	 x31:0xfafeddbe x20:0x00000000 x30=0xfafeddbe
     389745.000 ns	     38973	8000832c	032300b3	mul	x1,x6,x18	  x6:0x00000001 x18:0xffffffff  x1=0xffffffff
     389775.000 ns	     38976	80008330	202d9ad3	fsgnjn.s	f21,f27,f2	 f27:0xffc00000  f2:0x00000000 f21=0xffc00000
     389805.000 ns	     38979	80008334	03bbbd33	mulhu	x26,x23,x27	 x23:0x00000000 x27:0x00000000 x26=0x00000000
     389825.000 ns	     38981	80008338	016ab233	sltu	x4,x21,x22	 x21:0x00000000 x22:0x00000000  x4=0x00000000
     389835.000 ns	     38982	8000833c	00889f33	sll	x30,x17,x8	 x17:0x80041024  x8:0x00000001 x30=0x00082048
     390195.000 ns	     39018	80008340	02875233	divu	x4,x14,x8	 x14:0x00000001  x8:0x00000001  x4=0x00000001
     390225.000 ns	     39021	80008344	f0080a53	fmv.w.x	f20,x16	 x16:0x000002c2 f20=0x000002c2
     390255.000 ns	     39024	80008348	20771e53	fsgnjn.s	f28,f14,f7	 f14:0x80000000  f7:0x00000000 f28=0x80000000
     390285.000 ns	     39027	8000834c	296c9a53	fmax.s	f20,f25,f22	 f25:0x80041024 f22:0x00000000 f20=0x00000000
     390305.000 ns	     39029	80008350	013cb533	sltu	x10,x25,x19	 x25:0x00000000 x19:0x00000000 x10=0x00000000
     390325.000 ns	     39031	80008354	02708cb3	mul	x25,x1,x7	  x1:0xffffffff  x7:0x00000000 x25=0x00000000
     390345.000 ns	     39033	80008358	0057f833	and	x16,x15,x5	 x15:0x00000000  x5:0x00000000 x16=0x00000000
     390375.000 ns	     39036	8000835c	58047153	fsqrt.s	f2,f8	  f8:0x00000000  f2=0x00000000
     390415.000 ns	     39040	80008360	58097f53	fsqrt.s	f30,f18	 f18:0x7f800000 f30=0x7f800000
     390435.000 ns	     39042	80008364	004227b3	slt	x15,x4,x4	  x4:0x00000001  x4:0x00000001 x15=0x00000000
     390445.000 ns	     39043	80008368	40205e13	srai	x28,x0,0x2	  x0:0x00000000 x28=0x00000000
     390465.000 ns	     39045	8000836c	029089b3	mul	x19,x1,x9	  x1:0xffffffff  x9:0x00000000 x19=0x00000000
     390485.000 ns	     39047	80008370	40fdd593	srai	x11,x27,0xf	 x27:0x00000000 x11=0x00000000
     390505.000 ns	     39049	80008374	c006f7d3	fcvt.w.s	x15,f13	 f13:0x00000000 x15=0x00000000
     390535.000 ns	     39052	80008378	20200fd3	fsgnj.s	f31,f0,f2	  f0:0xff800000  f2:0x00000000 f31=0x7f800000
     390555.000 ns	     39054	8000837c	86d26d93	ori	x27,x4,-1939	  x4:0x00000001 x27=0xfffff86d
     390565.000 ns	     39055	80008380	0110a6b3	slt	x13,x1,x17	  x1:0xffffffff x17:0x80041024 x13=0x00000000
     390575.000 ns	     39056	80008384	000f11b3	sll	x3,x30,x0	 x30:0x00082048  x0:0x00000000  x3=0x00082048
     390585.000 ns	     39057	80008388	41a98b33	sub	x22,x19,x26	 x19:0x00000000 x26:0x00000000 x22=0x00000000
     390605.000 ns	     39059	8000838c	a18286d3	fle.s	x13,f5,f24	  f5:0xff800000 f24:0x00000000 x13=0x00000001
     390635.000 ns	     39062	80008390	029fb9b3	mulhu	x19,x31,x9	 x31:0xfafeddbe  x9:0x00000000 x19=0x00000000
     390665.000 ns	     39065	80008394	c0114b53	fcvt.wu.s	x22,f2	  f2:0x00000000 x22=0x00000000
     390685.000 ns	     39067	80008398	455b4693	xori	x13,x22,1109	 x22:0x00000000 x13=0x00000455
     390695.000 ns	     39068	8000839c	6a289397	auipc	x7,0x6a289	  x7=0xea29139c
     391055.000 ns	     39104	800083a0	028de433	rem	x8,x27,x8	 x27:0xfffff86d  x8:0x00000001  x8=0x00000000
     391085.000 ns	     39107	800083a4	c01df153	fcvt.wu.s	x2,f27	 f27:0xffc00000  x2=0xffffffff
     391105.000 ns	     39109	800083a8	002863b3	or	x7,x16,x2	 x16:0x00000000  x2:0x00000000  x7=0xffffffff
     391125.000 ns	     39111	800083ac	c00b7d53	fcvt.w.s	x26,f22	 f22:0x00000000 x26=0x00000000
     391165.000 ns	     39115	800083b0	11efb0d3	fmul.s	f1,f31,f30	 f31:0x7f800000 f30:0x7f800000  f1=0x7f800000
     391205.000 ns	     39119	800083b4	580d17d3	fsqrt.s	f15,f26	 f26:0xfafeddbe f15=0x7fc00000
     391235.000 ns	     39122	800083b8	03bb1033	mulh	x0,x22,x27	 x22:0x00000000 x27:0xfffff86d
     391255.000 ns	     39124	800083bc	7dad7713	andi	x14,x26,2010	 x26:0x00000000 x14=0x00000000
     391265.000 ns	     39125	800083c0	00ff11b3	sll	x3,x30,x15	 x30:0x00082048 x15:0x00000000  x3=0x00082048
     391275.000 ns	     39126	800083c4	389125b7	lui	x11,0x38912	 x11=0x38912000
     391305.000 ns	     39129	800083c8	10febdd3	fmul.s	f27,f29,f15	 f29:0x00000000 f15:0x7fc00000 f27=0x7fc00000
     391325.000 ns	     39131	800083cc	c59a9417	auipc	x8,0xc59a9	  x8=0x459b13cc
     391345.000 ns	     39133	800083d0	c001a153	fcvt.w.s	x2,f3	  f3:0x7fc00000  x2=0x7fffffff
     391395.000 ns	     39138	800083d4	002074d3	fadd.s	f9,f0,f2	  f0:0xff800000  f2:0x00000000  f9=0xff800000
     391415.000 ns	     39140	800083d8	00000013	addi	x0,x0,0	  x0:0x00000000
     391435.000 ns	     39142	800083dc	e00f97d3	fclass.s	x15,f31	 f31:0x7f800000 x15=0x00000080
     391455.000 ns	     39144	800083e0	00a0a033	slt	x0,x1,x10	  x1:0xffffffff x10:0x00000000
     391475.000 ns	     39146	800083e4	03bc0133	mul	x2,x24,x27	 x24:0x00000000 x27:0xfffff86d  x2=0x00000000
     391495.000 ns	     39148	800083e8	01f2c533	xor	x10,x5,x31	  x5:0x00000000 x31:0xfafeddbe x10=0xfafeddbe
     391505.000 ns	     39149	800083ec	ca204193	xori	x3,x0,-862	  x0:0x00000000  x3=0xfffffca2
     391515.000 ns	     39150	800083f0	f73aa6b7	lui	x13,0xf73aa	 x13=0xf73aa000
     391525.000 ns	     39151	800083f4	406adab3	sra	x21,x21,x6	 x21:0x00000000  x6:0x00000001 x21=0x00000000
     391535.000 ns	     39152	800083f8	01cff9b3	and	x19,x31,x28	 x31:0xfafeddbe x28:0x00000000 x19=0x00000000
     391555.000 ns	     39154	800083fc	a1d51653	flt.s	x12,f10,f29	 f10:0x7fc00000 f29:0x00000000 x12=0x00000000
     391575.000 ns	     39156	80008400	96016113	ori	x2,x2,-1696	  x2:0x00000000  x2=0xfffff960
     391585.000 ns	     39157	80008404	00000013	addi	x0,x0,0	  x0:0x00000000
     391605.000 ns	     39159	80008408	215c2653	fsgnjx.s	f12,f24,f21	 f24:0x00000000 f21:0xffc00000 f12=0x80000000
     391635.000 ns	     39162	8000840c	293b1653	fmax.s	f12,f22,f19	 f22:0x00000000 f19:0xff800000 f12=0x00000000
     391665.000 ns	     39165	80008410	d00cb753	fcvt.s.w	f14,x25	 x25:0x00000000 f14=0x00000000
     392035.000 ns	     39202	80008414	02a2d233	divu	x4,x5,x10	  x5:0x00000000 x10:0xfafeddbe  x4=0x00000000
     392065.000 ns	     39205	80008418	29ba92d3	fmax.s	f5,f21,f27	 f21:0xffc00000 f27:0x7fc00000  f5=0x7fc00000
     392095.000 ns	     39208	8000841c	a1cf97d3	flt.s	x15,f31,f28	 f31:0x7f800000 f28:0x80000000 x15=0x00000000
     392125.000 ns	     39211	80008420	20dc88d3	fsgnj.s	f17,f25,f13	 f25:0x80041024 f13:0x00000000 f17=0x00041024
     392175.000 ns	     39216	80008424	000220d3	fadd.s	f1,f4,f0	  f4:0x00000000  f0:0xff800000  f1=0xff800000
     392195.000 ns	     39218	80008428	000b5c13	srli	x24,x22,0x0	 x22:0x00000000 x24=0x00000000
     392215.000 ns	     39220	8000842c	a07b2a53	feq.s	x20,f22,f7	 f22:0x00000000  f7:0x00000000 x20=0x00000001
     392235.000 ns	     39222	80008430	41ccd6b3	sra	x13,x25,x28	 x25:0x00000000 x28:0x00000000 x13=0x00000000
     392255.000 ns	     39224	80008434	29a014d3	fmax.s	f9,f0,f26	  f0:0xff800000 f26:0xfafeddbe  f9=0xfafeddbe
     392295.000 ns	     39228	80008438	108cf0d3	fmul.s	f1,f25,f8	 f25:0x80041024  f8:0x00000000  f1=0x80000000
     392315.000 ns	     39230	8000843c	40fe8ab3	sub	x21,x29,x15	 x29:0x80040fe4 x15:0x00000000 x21=0x80040fe4
     392325.000 ns	     39231	80008440	00000013	addi	x0,x0,0	  x0:0x00000000
     392345.000 ns	     39233	80008444	c01f9553	fcvt.wu.s	x10,f31	 f31:0x7f800000 x10=0xffffffff
     392365.000 ns	     39235	80008448	01395613	srli	x12,x18,0x13	 x18:0xffffffff x12=0x00001fff
     392385.000 ns	     39237	8000844c	e0070353	fmv.x.w	x6,f14	 f14:0x00000000  x6=0x00000000
     392405.000 ns	     39239	80008450	0054ccb3	xor	x25,x9,x5	  x9:0x00000000  x5:0x00000000 x25=0x00000000
     392415.000 ns	     39240	80008454	01b116b3	sll	x13,x2,x27	  x2:0xfffff960 x27:0xfffff86d x13=0xff2c0000
     392775.000 ns	     39276	80008458	02cb6b33	rem	x22,x22,x12	 x22:0x00000000 x12:0x00001fff x22=0x00000000
     392795.000 ns	     39278	8000845c	0183dab3	srl	x21,x7,x24	  x7:0xffffffff x24:0x00000000 x21=0xffffffff
     392805.000 ns	     39279	80008460	000502b3	add	x5,x10,x0	 x10:0xffffffff  x0:0x00000000  x5=0xffffffff
     392825.000 ns	     39281	80008464	03210933	mul	x18,x2,x18	  x2:0xfffff960 x18:0xffffffff x18=0x000006a0
     392855.000 ns	     39284	80008468	024622b3	mulhsu	x5,x12,x4	 x12:0x00001fff  x4:0x00000000  x5=0x00000000
     392885.000 ns	     39287	8000846c	031009b3	mul	x19,x0,x17	  x0:0x00000000 x17:0x80041024 x19=0x00000000
     392905.000 ns	     39289	80008470	00000013	addi	x0,x0,0	  x0:0x00000000
     392915.000 ns	     39290	80008474	c6ba2913	slti	x18,x20,-917	 x20:0x00000001 x18=0x00000000
     392925.000 ns	     39291	80008478	00e743b3	xor	x7,x14,x14	 x14:0x00000000 x14:0x00000000  x7=0x00000000
     392945.000 ns	     39293	8000847c	21f9a6d3	fsgnjx.s	f13,f19,f31	 f19:0xff800000 f31:0x7f800000 f13=0xff800000
     392975.000 ns	     39296	80008480	2114a6d3	fsgnjx.s	f13,f9,f17	  f9:0xfafeddbe f17:0x00041024 f13=0xfafeddbe
     393025.000 ns	     39301	80008484	09803bd3	fsub.s	f23,f0,f24	  f0:0xff800000 f24:0x00000000 f23=0xff800000
     393045.000 ns	     39303	80008488	00000013	addi	x0,x0,0	  x0:0x00000000
     393055.000 ns	     39304	8000848c	013e1233	sll	x4,x28,x19	 x28:0x00000000 x19:0x00000000  x4=0x00000000
     393085.000 ns	     39307	80008490	109077d3	fmul.s	f15,f0,f9	  f0:0xff800000  f9:0xfafeddbe f15=0x7f800000
     393105.000 ns	     39309	80008494	413683b3	sub	x7,x13,x19	 x13:0xff2c0000 x19:0x00000000  x7=0xff2c0000
     393115.000 ns	     39310	80008498	01485b93	srli	x23,x16,0x14	 x16:0x00000000 x23=0x00000000
     393145.000 ns	     39313	8000849c	580b7653	fsqrt.s	f12,f22	 f22:0x00000000 f12=0x00000000
     393165.000 ns	     39315	800084a0	686bce13	xori	x28,x23,1670	 x23:0x00000000 x28=0x00000686
     393175.000 ns	     39316	800084a4	012c6233	or	x4,x24,x18	 x24:0x00000000 x18:0x00000000  x4=0x00000000
     393195.000 ns	     39318	800084a8	29a784d3	fmin.s	f9,f15,f26	 f15:0x7f800000 f26:0xfafeddbe  f9=0xfafeddbe
     393225.000 ns	     39321	800084ac	d0124bd3	fcvt.s.wu	f23,x4	  x4:0x00000000 f23=0x00000000
     393595.000 ns	     39358	800084b0	03f0e2b3	rem	x5,x1,x31	  x1:0xffffffff x31:0xfafeddbe  x5=0xffffffff
     393615.000 ns	     39360	800084b4	00842ab3	slt	x21,x8,x8	  x8:0x459b13cc  x8:0x459b13cc x21=0x00000000
     393625.000 ns	     39361	800084b8	0fdaf417	auipc	x8,0xfdaf	  x8=0x8fdb74b8
     393635.000 ns	     39362	800084bc	0026d0b3	srl	x1,x13,x2	 x13:0xff2c0000  x2:0xfffff960  x1=0xff2c0000
     393655.000 ns	     39364	800084c0	d012a4d3	fcvt.s.wu	f9,x5	  x5:0xffffffff  f9=0x4f800000
     393675.000 ns	     39366	800084c4	f90abb17	auipc	x22,0xf90ab	 x22=0x790b34c4
     393685.000 ns	     39367	800084c8	4506ab37	lui	x22,0x4506a	 x22=0x4506a000
     393705.000 ns	     39369	800084cc	21ff0ed3	fsgnj.s	f29,f30,f31	 f30:0x7f800000 f31:0x7f800000 f29=0x7f800000
     393735.000 ns	     39372	800084d0	214520d3	fsgnjx.s	f1,f10,f20	 f10:0x7fc00000 f20:0x00000000  f1=0x7fc00000
     393755.000 ns	     39374	800084d4	01901b13	slli	x22,x0,0x19	  x0:0x00000000 x22=0x00000000
     393775.000 ns	     39376	800084d8	20d001d3	fsgnj.s	f3,f0,f13	  f0:0xff800000 f13:0xfafeddbe  f3=0xff800000
     393805.000 ns	     39379	800084dc	032c8333	mul	x6,x25,x18	 x25:0x00000000 x18:0x00000000  x6=0x00000000
     393825.000 ns	     39381	800084e0	011f2ab3	slt	x21,x30,x17	 x30:0x00082048 x17:0x80041024 x21=0x00000000
     393835.000 ns	     39382	800084e4	003742b3	xor	x5,x14,x3	 x14:0x00000000  x3:0xfffffca2  x5=0xfffffca2
     393845.000 ns	     39383	800084e8	01a68333	add	x6,x13,x26	 x13:0xff2c0000 x26:0x00000000  x6=0xff2c0000
     393855.000 ns	     39384	800084ec	00e6a4b3	slt	x9,x13,x14	 x13:0xff2c0000 x14:0x00000000  x9=0x00000001
     393875.000 ns	     39386	800084f0	282697d3	fmax.s	f15,f13,f2	 f13:0xfafeddbe  f2:0x00000000 f15=0x00000000
     393905.000 ns	     39389	800084f4	023d02b3	mul	x5,x26,x3	 x26:0x00000000  x3:0xfffffca2  x5=0x00000000
     393925.000 ns	     39391	800084f8	013c5513	srli	x10,x24,0x13	 x24:0x00000000 x10=0x00000000
     393935.000 ns	     39392	800084fc	417adab3	sra	x21,x21,x23	 x21:0x00000000 x23:0x00000000 x21=0x00000000
     393955.000 ns	     39394	80008500	f0060653	fmv.w.x	f12,x12	 x12:0x00001fff f12=0x00001fff
     393985.000 ns	     39397	80008504	20ac27d3	fsgnjx.s	f15,f24,f10	 f24:0x00000000 f10:0x7fc00000 f15=0x00000000
     394005.000 ns	     39399	80008508	00000013	addi	x0,x0,0	  x0:0x00000000
     394025.000 ns	     39401	8000850c	299f9a53	fmax.s	f20,f31,f25	 f31:0x7f800000 f25:0x80041024 f20=0x7f800000
     394065.000 ns	     39405	80008510	185cf9d3	fdiv.s	f19,f25,f5	 f25:0x80041024  f5:0x7fc00000 f19=0x7fc00000
     394105.000 ns	     39409	80008514	58024d53	fsqrt.s	f26,f4	  f4:0x00000000 f26=0x00000000
     394135.000 ns	     39412	80008518	02f6f2b3	remu	x5,x13,x15	 x13:0xff2c0000 x15:0x00000000  x5=0xff2c0000
     394165.000 ns	     39415	8000851c	d01344d3	fcvt.s.wu	f9,x6	  x6:0xff2c0000  f9=0x4f7f2c00
     394185.000 ns	     39417	80008520	003427b3	slt	x15,x8,x3	  x8:0x8fdb74b8  x3:0xfffffca2 x15=0x00000001
     394195.000 ns	     39418	80008524	ff08aa13	slti	x20,x17,-16	 x17:0x80041024 x20=0x00000001
     394205.000 ns	     39419	80008528	007850b3	srl	x1,x16,x7	 x16:0x00000000  x7:0xff2c0000  x1=0x00000000
     394225.000 ns	     39421	8000852c	20c89f53	fsgnjn.s	f30,f17,f12	 f17:0x00041024 f12:0x00001fff f30=0x80041024
     394255.000 ns	     39424	80008530	035bea33	rem	x20,x23,x21	 x23:0x00000000 x21:0x00000000 x20=0x00000000
     394275.000 ns	     39426	80008534	f158c313	xori	x6,x17,-235	 x17:0x80041024  x6=0x7ffbef31
     394285.000 ns	     39427	80008538	c9fdcc13	xori	x24,x27,-865	 x27:0xfffff86d x24=0x000004f2
     394305.000 ns	     39429	8000853c	e00f1653	fclass.s	x12,f30	 f30:0x80041024 x12=0x00000004
     394325.000 ns	     39431	80008540	c0577813	andi	x16,x14,-1019	 x14:0x00000000 x16=0x00000000
     394335.000 ns	     39432	80008544	2a405737	lui	x14,0x2a405	 x14=0x2a405000
     394355.000 ns	     39434	80008548	024eeab3	rem	x21,x29,x4	 x29:0x80040fe4  x4:0x00000000 x21=0x80040fe4
     394385.000 ns	     39437	8000854c	a1fca7d3	feq.s	x15,f25,f31	 f25:0x80041024 f31:0x7f800000 x15=0x00000000
     394415.000 ns	     39440	80008550	214f2753	fsgnjx.s	f14,f30,f20	 f30:0x80041024 f20:0x7f800000 f14=0x80041024
     394445.000 ns	     39443	80008554	e0029353	fclass.s	x6,f5	  f5:0x7fc00000  x6=0x00000200
     394475.000 ns	     39446	80008558	02e63633	mulhu	x12,x12,x14	 x12:0x00000004 x14:0x2a405000 x12=0x00000000
     394495.000 ns	     39448	8000855c	403b0e33	sub	x28,x22,x3	 x22:0x00000000  x3:0xfffffca2 x28=0x0000035e
     394525.000 ns	     39451	80008560	104c7f53	fmul.s	f30,f24,f4	 f24:0x00000000  f4:0x00000000 f30=0x00000000
     394895.000 ns	     39488	80008564	03b7e933	rem	x18,x15,x27	 x15:0x00000000 x27:0xfffff86d x18=0x00000000
     394915.000 ns	     39490	80008568	40b78833	sub	x16,x15,x11	 x15:0x00000000 x11:0x38912000 x16=0xc76ee000
     394935.000 ns	     39492	8000856c	c00349d3	fcvt.w.s	x19,f6	  f6:0xb67fffae x19=0x00000000
     394955.000 ns	     39494	80008570	0131d493	srli	x9,x3,0x13	  x3:0xfffffca2  x9=0x00001fff
     394975.000 ns	     39496	80008574	02a246b3	div	x13,x4,x10	  x4:0x00000000 x10:0x00000000 x13=0xffffffff
     395015.000 ns	     39500	80008578	19288b53	fdiv.s	f22,f17,f18	 f17:0x00041024 f18:0x7f800000 f22=0x00000000
     395035.000 ns	     39502	8000857c	005d8db3	add	x27,x27,x5	 x27:0xfffff86d  x5:0xff2c0000 x27=0xff2bf86d
     395075.000 ns	     39506	80008580	09d54b53	fsub.s	f22,f10,f29	 f10:0x7fc00000 f29:0x7f800000 f22=0x7fc00000
     395105.000 ns	     39509	80008584	207b8653	fsgnj.s	f12,f23,f7	 f23:0x00000000  f7:0x00000000 f12=0x00000000
     395135.000 ns	     39512	80008588	e0079cd3	fclass.s	x25,f15	 f15:0x00000000 x25=0x00000010
     395165.000 ns	     39515	8000858c	21749653	fsgnjn.s	f12,f9,f23	  f9:0x4f7f2c00 f23:0x00000000 f12=0xcf7f2c00
     395195.000 ns	     39518	80008590	e00b9e53	fclass.s	x28,f23	 f23:0x00000000 x28=0x00000010
     395225.000 ns	     39521	80008594	02f0db33	divu	x22,x1,x15	  x1:0x00000000 x15:0x00000000 x22=0xffffffff
     395245.000 ns	     39523	80008598	00d074b3	and	x9,x0,x13	  x0:0x00000000 x13:0xffffffff  x9=0x00000000
     395265.000 ns	     39525	8000859c	d018f6d3	fcvt.s.wu	f13,x17	 x17:0x80041024 f13=0x4f000410
     395295.000 ns	     39528	800085a0	03062f33	mulhsu	x30,x12,x16	 x12:0x00000000 x16:0xc76ee000 x30=0x00000000
     395315.000 ns	     39530	800085a4	3db1f7b7	lui	x15,0x3db1f	 x15=0x3db1f000
     395325.000 ns	     39531	800085a8	402cd833	sra	x16,x25,x2	 x25:0x00000010  x2:0xfffff960 x16=0x00000010
     395365.000 ns	     39535	800085ac	0102f4d3	fadd.s	f9,f5,f16	  f5:0x7fc00000 f16:0xfafeddbe  f9=0x7fc00000
     395385.000 ns	     39537	800085b0	0173f533	and	x10,x7,x23	  x7:0xff2c0000 x23:0x00000000 x10=0x00000000
     395395.000 ns	     39538	800085b4	dc8d6d93	ori	x27,x26,-568	 x26:0x00000000 x27=0xfffffdc8
     395405.000 ns	     39539	800085b8	4011d213	srai	x4,x3,0x1	  x3:0xfffffca2  x4=0xfffffe51
     395415.000 ns	     39540	800085bc	00304633	xor	x12,x0,x3	  x0:0x00000000  x3:0xfffffca2 x12=0xfffffca2
     395425.000 ns	     39541	800085c0	4198d533	sra	x10,x17,x25	 x17:0x80041024 x25:0x00000010 x10=0xffff8004
     395445.000 ns	     39543	800085c4	02c81cb3	mulh	x25,x16,x12	 x16:0x00000010 x12:0x00000000 x25=0xffffffff
     395475.000 ns	     39546	800085c8	205509d3	fsgnj.s	f19,f10,f5	 f10:0x7fc00000  f5:0x7fc00000 f19=0x7fc00000
     395495.000 ns	     39548	800085cc	00560db3	add	x27,x12,x5	 x12:0xfffffca2  x5:0xff2c0000 x27=0xff2bfca2
     395515.000 ns	     39550	800085d0	29f414d3	fmax.s	f9,f8,f31	  f8:0x00000000 f31:0x7f800000  f9=0x7f800000
     395545.000 ns	     39553	800085d4	a1150953	fle.s	x18,f10,f17	 f10:0x7fc00000 f17:0x00041024 x18=0x00000000
     395565.000 ns	     39555	800085d8	01b13bb3	sltu	x23,x2,x27	  x2:0xfffff960 x27:0xff2bfca2 x23=0x00000000
     395585.000 ns	     39557	800085dc	031ca033	mulhsu	x0,x25,x17	 x25:0xffffffff x17:0x80041024
     395605.000 ns	     39559	800085e0	0025d1b3	srl	x3,x11,x2	 x11:0x38912000  x2:0xfffff960  x3=0x38912000
     395625.000 ns	     39561	800085e4	a0672353	feq.s	x6,f14,f6	 f14:0x80041024  f6:0xb67fffae  x6=0x00000000
     395665.000 ns	     39565	800085e8	195af4d3	fdiv.s	f9,f21,f21	 f21:0xffc00000 f21:0xffc00000  f9=0x7fc00000
     395695.000 ns	     39568	800085ec	21e70753	fsgnj.s	f14,f14,f30	 f14:0x80041024 f30:0x00000000 f14=0x00041024
     395735.000 ns	     39572	800085f0	10c71e53	fmul.s	f28,f14,f12	 f14:0x80041024 f12:0xcf7f2c00 f28=0x8e0198d4
     395755.000 ns	     39574	800085f4	00303e33	sltu	x28,x0,x3	  x0:0x00000000  x3:0x38912000 x28=0x00000001
     395765.000 ns	     39575	800085f8	09ed0713	addi	x14,x26,158	 x26:0x00000000 x14=0x0000009e
     395775.000 ns	     39576	800085fc	0103d7b3	srl	x15,x7,x16	  x7:0xff2c0000 x16:0x00000010 x15=0x0000ff2c
     395785.000 ns	     39577	80008600	41180e33	sub	x28,x16,x17	 x16:0x00000010 x17:0x80041024 x28=0x7ffbefec
     395795.000 ns	     39578	80008604	001dfd33	and	x26,x27,x1	 x27:0xff2bfca2  x1:0x00000000 x26=0x00000000
     395805.000 ns	     39579	80008608	7f787413	andi	x8,x16,2039	 x16:0x00000010  x8=0x00000010
     395825.000 ns	     39581	8000860c	21be89d3	fsgnj.s	f19,f29,f27	 f29:0x7f800000 f27:0x7fc00000 f19=0x7f800000
     395855.000 ns	     39584	80008610	021eebb3	rem	x23,x29,x1	 x29:0x80040fe4  x1:0x00000000 x23=0x80040fe4
     395875.000 ns	     39586	80008614	41a1ddb3	sra	x27,x3,x26	  x3:0x38912000 x26:0x00000000 x27=0x38912000
     395895.000 ns	     39588	80008618	29ae10d3	fmax.s	f1,f28,f26	 f28:0x8e0198d4 f26:0x00000000  f1=0x00000000
     395915.000 ns	     39590	8000861c	00f59093	slli	x1,x11,0xf	 x11:0x38912000  x1=0x90000000
     395925.000 ns	     39591	80008620	01f813b3	sll	x7,x16,x31	 x16:0x00000010 x31:0xfafeddbe  x7=0x00000000
     395955.000 ns	     39594	80008624	1017b4d3	fmul.s	f9,f15,f1	 f15:0x00000000  f1:0x00000000  f9=0x00000000
     395985.000 ns	     39597	80008628	a1d11353	flt.s	x6,f2,f29	  f2:0x00000000 f29:0x7f800000  x6=0x00000001
     396015.000 ns	     39600	8000862c	c018bcd3	fcvt.wu.s	x25,f17	 f17:0x00041024 x25=0x00000000
     396055.000 ns	     39604	80008630	580271d3	fsqrt.s	f3,f4	  f4:0x00000000  f3=0x00000000
     396085.000 ns	     39607	80008634	c0094953	fcvt.w.s	x18,f18	 f18:0x7f800000 x18=0x7fffffff
     396105.000 ns	     39609	80008638	361c9ab7	lui	x21,0x361c9	 x21=0x361c9000
     396115.000 ns	     39610	8000863c	412b5733	sra	x14,x22,x18	 x22:0xffffffff x18:0x7fffffff x14=0xffffffff
     396125.000 ns	     39611	80008640	0149d793	srli	x15,x19,0x14	 x19:0x00000000 x15=0x00000000
     396135.000 ns	     39612	80008644	403bde33	sra	x28,x23,x3	 x23:0x80040fe4  x3:0x38912000 x28=0x80040fe4
     396165.000 ns	     39615	80008648	10b52653	fmul.s	f12,f10,f11	 f10:0x7fc00000 f11:0x7fc00000 f12=0x7fc00000
     396195.000 ns	     39618	8000864c	209015d3	fsgnjn.s	f11,f0,f9	  f0:0xff800000  f9:0x00000000 f11=0xff800000
     396215.000 ns	     39620	80008650	9209b713	sltiu	x14,x19,-1760	 x19:0x00000000 x14=0x00000001
     396235.000 ns	     39622	80008654	02e380b3	mul	x1,x7,x14	  x7:0x00000000 x14:0xffffffff  x1=0x00000000
     396255.000 ns	     39624	80008658	830ee413	ori	x8,x29,-2000	 x29:0x80040fe4  x8=0xfffffff4
     396265.000 ns	     39625	8000865c	c0294d13	xori	x26,x18,-1022	 x18:0x7fffffff x26=0x800003fd
     396285.000 ns	     39627	80008660	21ef1853	fsgnjn.s	f16,f30,f30	 f30:0x00000000 f30:0x00000000 f16=0x80000000
     396315.000 ns	     39630	80008664	02912733	mulhsu	x14,x2,x9	  x2:0xfffff960  x9:0x00000000 x14=0x00000000
     396345.000 ns	     39633	80008668	03a324b3	mulhsu	x9,x6,x26	  x6:0x00000001 x26:0x800003fd  x9=0x00000000
     396375.000 ns	     39636	8000866c	a1e91153	flt.s	x2,f18,f30	 f18:0x7f800000 f30:0x00000000  x2=0x00000000
     396395.000 ns	     39638	80008670	417cd9b3	sra	x19,x25,x23	 x25:0x00000000 x23:0x80040fe4 x19=0x00000000
     396405.000 ns	     39639	80008674	01e516b3	sll	x13,x10,x30	 x10:0xffff8004 x30:0x00000000 x13=0xffff8004
     396415.000 ns	     39640	80008678	2813c497	auipc	x9,0x2813c	  x9=0xa8144678
     396435.000 ns	     39642	8000867c	20431053	fsgnjn.s	f0,f6,f4	  f6:0xb67fffae  f4:0x00000000  f0=0xb67fffae
     396455.000 ns	     39644	80008680	4128d993	srai	x19,x17,0x12	 x17:0x80041024 x19=0xffffe001
     396465.000 ns	     39645	80008684	4161d433	sra	x8,x3,x22	  x3:0x38912000 x22:0xffffffff  x8=0x00000000
     396475.000 ns	     39646	80008688	41da9bb7	lui	x23,0x41da9	 x23=0x41da9000
     396495.000 ns	     39648	8000868c	037404b3	mul	x9,x8,x23	  x8:0xfffffff4 x23:0x80040fe4  x9=0x00000000
     396515.000 ns	     39650	80008690	00000013	addi	x0,x0,0	  x0:0x00000000
     396525.000 ns	     39651	80008694	49e4b513	sltiu	x10,x9,1182	  x9:0x00000000 x10=0x00000001
     396535.000 ns	     39652	80008698	01d6e6b3	or	x13,x13,x29	 x13:0xffff8004 x29:0x80040fe4 x13=0xffff8fe4
     396545.000 ns	     39653	8000869c	0039c9b3	xor	x19,x19,x3	 x19:0xffffe001  x3:0x38912000 x19=0xc76ec001
     396555.000 ns	     39654	800086a0	6b647a13	andi	x20,x8,1718	  x8:0x00000000 x20=0x00000000
     396565.000 ns	     39655	800086a4	805efd93	andi	x27,x29,-2043	 x29:0x80040fe4 x27=0x80040804
     396575.000 ns	     39656	800086a8	00d7da13	srli	x20,x15,0xd	 x15:0x00000000 x20=0x00000000
     396585.000 ns	     39657	800086ac	00e71113	slli	x2,x14,0xe	 x14:0x00000000  x2=0x00000000
     396605.000 ns	     39659	800086b0	29a890d3	fmax.s	f1,f17,f26	 f17:0x00041024 f26:0x00000000  f1=0x00041024
     396635.000 ns	     39662	800086b4	206c0ed3	fsgnj.s	f29,f24,f6	 f24:0x00000000  f6:0xb67fffae f29=0x80000000
     396655.000 ns	     39664	800086b8	00c86db3	or	x27,x16,x12	 x16:0x00000010 x12:0xfffffca2 x27=0xfffffcb2
     396665.000 ns	     39665	800086bc	4042db93	srai	x23,x5,0x4	  x5:0xff2c0000 x23=0xfff2c000
     396675.000 ns	     39666	800086c0	4b480a93	addi	x21,x16,1204	 x16:0x00000010 x21=0x000004c4
     396685.000 ns	     39667	800086c4	87526997	auipc	x19,0x87526	 x19=0x0752e6c4
     396705.000 ns	     39669	800086c8	21572dd3	fsgnjx.s	f27,f14,f21	 f14:0x00041024 f21:0xffc00000 f27=0x80041024
     396725.000 ns	     39671	800086cc	00000013	addi	x0,x0,0	  x0:0x00000000
     396745.000 ns	     39673	800086d0	a174a253	feq.s	x4,f9,f23	  f9:0x00000000 f23:0x00000000  x4=0x00000001
     396775.000 ns	     39676	800086d4	203e9ad3	fsgnjn.s	f21,f29,f3	 f29:0x80000000  f3:0x00000000 f21=0x80000000
     396805.000 ns	     39679	800086d8	d01777d3	fcvt.s.wu	f15,x14	 x14:0x00000000 f15=0x00000000
     396825.000 ns	     39681	800086dc	8df9f393	andi	x7,x19,-1825	 x19:0x0752e6c4  x7=0x0752e0c4
     396835.000 ns	     39682	800086e0	011b5a13	srli	x20,x22,0x11	 x22:0xffffffff x20=0x00007fff
     396855.000 ns	     39684	800086e4	0340a5b3	mulhsu	x11,x1,x20	  x1:0x00000000 x20:0x00000000 x11=0x00000000
     396885.000 ns	     39687	800086e8	21350d53	fsgnj.s	f26,f10,f19	 f10:0x7fc00000 f19:0x7f800000 f26=0x7fc00000
     397255.000 ns	     39724	800086ec	02c6f533	remu	x10,x13,x12	 x13:0xffff8fe4 x12:0xfffffca2 x10=0xffff8fe4
     397285.000 ns	     39727	800086f0	0224c933	div	x18,x9,x2	  x9:0x00000000  x2:0x00000000 x18=0xffffffff
     397305.000 ns	     39729	800086f4	0132aab3	slt	x21,x5,x19	  x5:0xff2c0000 x19:0x0752e6c4 x21=0x00000001
     397315.000 ns	     39730	800086f8	7f2c6813	ori	x16,x24,2034	 x24:0x000004f2 x16=0x000007f2
     397345.000 ns	     39733	800086fc	1021cc53	fmul.s	f24,f3,f2	  f3:0x00000000  f2:0x00000000 f24=0x00000000
     397375.000 ns	     39736	80008700	20eb05d3	fsgnj.s	f11,f22,f14	 f22:0x7fc00000 f14:0x00041024 f11=0x7fc00000
     397415.000 ns	     39740	80008704	19447bd3	fdiv.s	f23,f8,f20	  f8:0x00000000 f20:0x7f800000 f23=0x00000000
     397445.000 ns	     39743	80008708	d01770d3	fcvt.s.wu	f1,x14	 x14:0x00000000  f1=0x00000000
     397465.000 ns	     39745	8000870c	00a5cab3	xor	x21,x11,x10	 x11:0x00000000 x10:0xffff8fe4 x21=0xffff8fe4
     397485.000 ns	     39747	80008710	026c2e33	mulhsu	x28,x24,x6	 x24:0x000004f2  x6:0x00000001 x28=0x00000000
     397505.000 ns	     39749	80008714	9f39a213	slti	x4,x19,-1549	 x19:0x0752e6c4  x4=0x00000000
     397525.000 ns	     39751	80008718	21921153	fsgnjn.s	f2,f4,f25	  f4:0x00000000 f25:0x80041024  f2=0x00000000
     397545.000 ns	     39753	8000871c	00000013	addi	x0,x0,0	  x0:0x00000000
     397565.000 ns	     39755	80008720	d0138bd3	fcvt.s.wu	f23,x7	  x7:0x0752e0c4 f23=0x4cea5c18
     397585.000 ns	     39757	80008724	01f64bb3	xor	x23,x12,x31	 x12:0xfffffca2 x31:0xfafeddbe x23=0x0501211c
     397605.000 ns	     39759	80008728	e0051153	fclass.s	x2,f10	 f10:0x7fc00000  x2=0x00000200
     397625.000 ns	     39761	8000872c	d5b95117	auipc	x2,0xd5b95	  x2=0x55b9d72c
     397635.000 ns	     39762	80008730	00859793	slli	x15,x11,0x8	 x11:0x00000000 x15=0x00000000
     397645.000 ns	     39763	80008734	ea1f4113	xori	x2,x30,-351	 x30:0x00000000  x2=0xfffffea1
     397655.000 ns	     39764	80008738	01861133	sll	x2,x12,x24	 x12:0xfffffca2 x24:0x000004f2  x2=0xf2880000
     397665.000 ns	     39765	8000873c	41785c93	srai	x25,x16,0x17	 x16:0x000007f2 x25=0x00000000
     397675.000 ns	     39766	80008740	ab03c393	xori	x7,x7,-1360	  x7:0x0752e0c4  x7=0xf8ad1a74
     397695.000 ns	     39768	80008744	038cbf33	mulhu	x30,x25,x24	 x25:0x00000000 x24:0x000004f2 x30=0x00000000
     397725.000 ns	     39771	80008748	027f0833	mul	x16,x30,x7	 x30:0x00000000  x7:0x0752e0c4 x16=0x00000000
     397745.000 ns	     39773	8000874c	007e60b3	or	x1,x28,x7	 x28:0x00000000  x7:0xf8ad1a74  x1=0xf8ad1a74
     397765.000 ns	     39775	80008750	e00481d3	fmv.x.w	x3,f9	  f9:0x00000000  x3=0x00000000
     397795.000 ns	     39778	80008754	03cbbf33	mulhu	x30,x23,x28	 x23:0x0501211c x28:0x00000000 x30=0x00000000
     397815.000 ns	     39780	80008758	2680c093	xori	x1,x1,616	  x1:0xf8ad1a74  x1=0xf8ad181c
     397825.000 ns	     39781	8000875c	00732e33	slt	x28,x6,x7	  x6:0x00000001  x7:0xf8ad1a74 x28=0x00000000
     397835.000 ns	     39782	80008760	ba66c393	xori	x7,x13,-1114	 x13:0xffff8fe4  x7=0x00007442
     397865.000 ns	     39785	80008764	58027cd3	fsqrt.s	f25,f4	  f4:0x00000000 f25=0x00000000
     397895.000 ns	     39788	80008768	e0038c53	fmv.x.w	x24,f7	  f7:0x00000000 x24=0x00000000
     397915.000 ns	     39790	8000876c	d90fc313	xori	x6,x31,-624	 x31:0xfafeddbe  x6=0x0501202e
     397925.000 ns	     39791	80008770	ed910b97	auipc	x23,0xed910	 x23=0x6d918770
     397945.000 ns	     39793	80008774	0361ad33	mulhsu	x26,x3,x22	  x3:0x00000000 x22:0xffffffff x26=0x00000000
     397965.000 ns	     39795	80008778	006769b3	or	x19,x14,x6	 x14:0x00000000  x6:0x0501202e x19=0x0501202e
     397985.000 ns	     39797	8000877c	02743b33	mulhu	x22,x8,x7	  x8:0x00000000  x7:0x00007442 x22=0x00000000
     398015.000 ns	     39800	80008780	213d0ed3	fsgnj.s	f29,f26,f19	 f26:0x7fc00000 f19:0x7f800000 f29=0x7fc00000
     398045.000 ns	     39803	80008784	28c294d3	fmax.s	f9,f5,f12	  f5:0x7fc00000 f12:0x7fc00000  f9=0x7fc00000
     398075.000 ns	     39806	80008788	21e50ad3	fsgnj.s	f21,f10,f30	 f10:0x7fc00000 f30:0x00000000 f21=0x7fc00000
     398095.000 ns	     39808	8000878c	012a49b3	xor	x19,x20,x18	 x20:0x00007fff x18:0xffffffff x19=0xffff8000
     398455.000 ns	     39844	80008790	033f6ab3	rem	x21,x30,x19	 x30:0x00000000 x19:0x0501202e x21=0x00000000
     398505.000 ns	     39849	80008794	084bf6d3	fsub.s	f13,f23,f4	 f23:0x4cea5c18  f4:0x00000000 f13=0x4cea5c18
     398525.000 ns	     39851	80008798	41bf0b33	sub	x22,x30,x27	 x30:0x00000000 x27:0xfffffcb2 x22=0x0000034e
     398885.000 ns	     39887	8000879c	03796f33	rem	x30,x18,x23	 x18:0xffffffff x23:0x6d918770 x30=0xffffffff
     399255.000 ns	     39924	800087a0	037cc633	div	x12,x25,x23	 x25:0x00000000 x23:0x6d918770 x12=0x00000000
     399275.000 ns	     39926	800087a4	d9bd0993	addi	x19,x26,-613	 x26:0x00000000 x19=0xfffffd9b
     399635.000 ns	     39962	800087a8	0259e6b3	rem	x13,x19,x5	 x19:0xffff8000  x5:0xff2c0000 x13=0xfffffd9b
     399685.000 ns	     39967	800087ac	01ffaad3	fadd.s	f21,f31,f31	 f31:0x7f800000 f31:0x7f800000 f21=0x00000000
     400055.000 ns	     40004	800087b0	03e647b3	div	x15,x12,x30	 x12:0x00000000 x30:0xffffffff x15=0x00000000
     400075.000 ns	     40006	800087b4	41a68333	sub	x6,x13,x26	 x13:0xfffffd9b x26:0x00000000  x6=0xfffffd9b
     400115.000 ns	     40010	800087b8	09867453	fsub.s	f8,f12,f24	 f12:0x7fc00000 f24:0x00000000  f8=0x7fc00000
     400145.000 ns	     40013	800087bc	02f0dab3	divu	x21,x1,x15	  x1:0xf8ad181c x15:0x00000000 x21=0xffffffff
     400175.000 ns	     40016	800087c0	c01ab4d3	fcvt.wu.s	x9,f21	 f21:0x00000000  x9=0x00000000
     400545.000 ns	     40053	800087c4	02656f33	rem	x30,x10,x6	 x10:0xffff8fe4  x6:0xfffffd9b x30=0xfffffe0a
     400575.000 ns	     40056	800087c8	20410e53	fsgnj.s	f28,f2,f4	  f2:0x00000000  f4:0x00000000 f28=0x00000000
     400595.000 ns	     40058	800087cc	41e7d993	srai	x19,x15,0x1e	 x15:0x00000000 x19=0x00000000
     400605.000 ns	     40059	800087d0	01cada93	srli	x21,x21,0x1c	 x21:0xffffffff x21=0x0000000f
     400625.000 ns	     40061	800087d4	a05e8ad3	fle.s	x21,f29,f5	 f29:0x7fc00000  f5:0x7fc00000 x21=0x00000000
     400645.000 ns	     40063	800087d8	414c0833	sub	x16,x24,x20	 x24:0x00000000 x20:0x00007fff x16=0xffff8001
     400675.000 ns	     40066	800087dc	5804f9d3	fsqrt.s	f19,f9	  f9:0x7fc00000 f19=0x7fc00000
     401045.000 ns	     40103	800087e0	03daf833	remu	x16,x21,x29	 x21:0x00000000 x29:0x80040fe4 x16=0x00000000
     401065.000 ns	     40105	800087e4	c2d8e793	ori	x15,x17,-979	 x17:0x80041024 x15=0xfffffc2d
     401075.000 ns	     40106	800087e8	00243733	sltu	x14,x8,x2	  x8:0x00000000  x2:0xf2880000 x14=0x00000001
     401435.000 ns	     40142	800087ec	03de5533	divu	x10,x28,x29	 x28:0x00000000 x29:0x80040fe4 x10=0x00000000
     401465.000 ns	     40145	800087f0	219a9053	fsgnjn.s	f0,f21,f25	 f21:0x00000000 f25:0x00000000  f0=0x80000000
     401485.000 ns	     40147	800087f4	d8cf7e37	lui	x28,0xd8cf7	 x28=0xd8cf7000
     401505.000 ns	     40149	800087f8	a034a453	feq.s	x8,f9,f3	  f9:0x7fc00000  f3:0x00000000  x8=0x00000000
     401535.000 ns	     40152	800087fc	d01cf953	fcvt.s.wu	f18,x25	 x25:0x00000000 f18=0x00000000
     401565.000 ns	     40155	80008800	a15bacd3	feq.s	x25,f23,f21	 f23:0x4cea5c18 f21:0x00000000 x25=0x00000000
     401615.000 ns	     40160	80008804	083d7453	fsub.s	f8,f26,f3	 f26:0x7fc00000  f3:0x00000000  f8=0x7fc00000
     401655.000 ns	     40164	80008808	1004a2d3	fmul.s	f5,f9,f0	  f9:0x7fc00000  f0:0x80000000  f5=0x7fc00000
     401685.000 ns	     40167	8000880c	02a9bc33	mulhu	x24,x19,x10	 x19:0x00000000 x10:0x00000000 x24=0x00000000
     401715.000 ns	     40170	80008810	f00c0a53	fmv.w.x	f20,x24	 x24:0x00000000 f20=0x00000000
     401735.000 ns	     40172	80008814	00fbec33	or	x24,x23,x15	 x23:0x6d918770 x15:0xfffffc2d x24=0xffffff7d
     402095.000 ns	     40208	80008818	036b7733	remu	x14,x22,x22	 x22:0x0000034e x22:0x0000034e x14=0x00000000
     402125.000 ns	     40211	8000881c	a0d621d3	feq.s	x3,f12,f13	 f12:0x7fc00000 f13:0x4cea5c18  x3=0x00000000
     402145.000 ns	     40213	80008820	01275193	srli	x3,x14,0x12	 x14:0x00000000  x3=0x00000000
     402155.000 ns	     40214	80008824	13cfcf13	xori	x30,x31,316	 x31:0xfafeddbe x30=0xfafedc82
     402165.000 ns	     40215	80008828	db847d93	andi	x27,x8,-584	  x8:0x00000000 x27=0x00000000
     402525.000 ns	     40251	8000882c	03eb7d33	remu	x26,x22,x30	 x22:0x0000034e x30:0xfffffe0a x26=0x0000034e
     402545.000 ns	     40253	80008830	00f7e133	or	x2,x15,x15	 x15:0xfffffc2d x15:0xfffffc2d  x2=0xfffffc2d
     402555.000 ns	     40254	80008834	40ba5b93	srai	x23,x20,0xb	 x20:0x00007fff x23=0x0000000f
     402575.000 ns	     40256	80008838	e00492d3	fclass.s	x5,f9	  f9:0x7fc00000  x5=0x00000200
     402605.000 ns	     40259	8000883c	28739e53	fmax.s	f28,f7,f7	  f7:0x00000000  f7:0x00000000 f28=0x00000000
     402635.000 ns	     40262	80008840	d0067a53	fcvt.s.w	f20,x12	 x12:0x00000000 f20=0x00000000
     402655.000 ns	     40264	80008844	0115ec33	or	x24,x11,x17	 x11:0x00000000 x17:0x80041024 x24=0x80041024
     402675.000 ns	     40266	80008848	28c30053	fmin.s	f0,f6,f12	  f6:0xb67fffae f12:0x7fc00000  f0=0xb67fffae
     402725.000 ns	     40271	8000884c	09e5b353	fsub.s	f6,f11,f30	 f11:0x7fc00000 f30:0x00000000  f6=0x7fc00000
     402745.000 ns	     40273	80008850	0105dbb3	srl	x23,x11,x16	 x11:0x00000000 x16:0x00000000 x23=0x00000000
     402765.000 ns	     40275	80008854	21ec0f53	fsgnj.s	f30,f24,f30	 f24:0x00000000 f30:0x00000000 f30=0x00000000
     402795.000 ns	     40278	80008858	a08809d3	fle.s	x19,f16,f8	 f16:0x80000000  f8:0x7fc00000 x19=0x00000000
     402825.000 ns	     40281	8000885c	f0008bd3	fmv.w.x	f23,x1	  x1:0xf8ad181c f23=0xf8ad181c
     402845.000 ns	     40283	80008860	00b8b3b3	sltu	x7,x17,x11	 x17:0x80041024 x11:0x00000000  x7=0x00000000
     402885.000 ns	     40287	80008864	08fa1753	fsub.s	f14,f20,f15	 f20:0x00000000 f15:0x00000000 f14=0x80000000
     402915.000 ns	     40290	80008868	217dae53	fsgnjx.s	f28,f27,f23	 f27:0x80041024 f23:0xf8ad181c f28=0x00041024
     402945.000 ns	     40293	8000886c	204b2453	fsgnjx.s	f8,f22,f4	 f22:0x7fc00000  f4:0x00000000  f8=0x7fc00000
     402975.000 ns	     40296	80008870	211f0cd3	fsgnj.s	f25,f30,f17	 f30:0x00000000 f17:0x00041024 f25=0x00000000
     403345.000 ns	     40333	80008874	03d254b3	divu	x9,x4,x29	  x4:0x00000000 x29:0x80040fe4  x9=0x00000000
     403365.000 ns	     40335	80008878	f5c6af13	slti	x30,x13,-164	 x13:0xfffffd9b x30=0x00000001
     403375.000 ns	     40336	8000887c	73749c17	auipc	x24,0x73749	 x24=0xf375187c
     403385.000 ns	     40337	80008880	35a31797	auipc	x15,0x35a31	 x15=0xb5a39880
     403405.000 ns	     40339	80008884	c010fc53	fcvt.wu.s	x24,f1	  f1:0x00000000 x24=0x00000000
     403435.000 ns	     40342	80008888	d0108cd3	fcvt.s.wu	f25,x1	  x1:0xf8ad181c f25=0x4f78ad18
     403465.000 ns	     40345	8000888c	c012b3d3	fcvt.wu.s	x7,f5	  f5:0x7fc00000  x7=0xffffffff
     403495.000 ns	     40348	80008890	a0f82d53	feq.s	x26,f16,f15	 f16:0x80000000 f15:0x00000000 x26=0x00000001
     403545.000 ns	     40353	80008894	01a83453	fadd.s	f8,f16,f26	 f16:0x80000000 f26:0x7fc00000  f8=0x7fc00000
     403575.000 ns	     40356	80008898	d01523d3	fcvt.s.wu	f7,x10	 x10:0x00000000  f7=0x00000000
     403605.000 ns	     40359	8000889c	039df333	remu	x6,x27,x25	 x27:0x00000000 x25:0x00000000  x6=0x00000000
     403625.000 ns	     40361	800088a0	c2184793	xori	x15,x16,-991	 x16:0x00000000 x15=0xfffffc21
     403635.000 ns	     40362	800088a4	00139c93	slli	x25,x7,0x1	  x7:0xffffffff x25=0xfffffffe
     403645.000 ns	     40363	800088a8	00d55093	srli	x1,x10,0xd	 x10:0x00000000  x1=0x00000000
     403655.000 ns	     40364	800088ac	01c8db13	srli	x22,x17,0x1c	 x17:0x80041024 x22=0x00000008
     403665.000 ns	     40365	800088b0	005c9c13	slli	x24,x25,0x5	 x25:0xfffffffe x24=0xffffffc0
     403675.000 ns	     40366	800088b4	017c90b3	sll	x1,x25,x23	 x25:0xfffffffe x23:0x00000000  x1=0xfffffffe
     403695.000 ns	     40368	800088b8	20a415d3	fsgnjn.s	f11,f8,f10	  f8:0x7fc00000 f10:0x7fc00000 f11=0xffc00000
     403715.000 ns	     40370	800088bc	0012f933	and	x18,x5,x1	  x5:0x00000200  x1:0x00000000 x18=0x00000200
     403725.000 ns	     40371	800088c0	0132ea33	or	x20,x5,x19	  x5:0x00000200 x19:0x00000000 x20=0x00000200
     403735.000 ns	     40372	800088c4	004ff933	and	x18,x31,x4	 x31:0xfafeddbe  x4:0x00000000 x18=0x00000000
     403755.000 ns	     40374	800088c8	298b1ad3	fmax.s	f21,f22,f24	 f22:0x7fc00000 f24:0x00000000 f21=0x00000000
     403785.000 ns	     40377	800088cc	c0157853	fcvt.wu.s	x16,f10	 f10:0x7fc00000 x16=0xffffffff
     403805.000 ns	     40379	800088d0	00867a33	and	x20,x12,x8	 x12:0x00000000  x8:0x00000000 x20=0x00000000
     403815.000 ns	     40380	800088d4	00981c93	slli	x25,x16,0x9	 x16:0xffffffff x25=0xfffffe00
     403825.000 ns	     40381	800088d8	00e04733	xor	x14,x0,x14	  x0:0x00000000 x14:0x00000000 x14=0x00000000
     403855.000 ns	     40384	800088dc	580121d3	fsqrt.s	f3,f2	  f2:0x00000000  f3=0x00000000
     404225.000 ns	     40421	800088e0	0309f133	remu	x2,x19,x16	 x19:0x00000000 x16:0xffffffff  x2=0x00000000
     404265.000 ns	     40425	800088e4	18e1fb53	fdiv.s	f22,f3,f14	  f3:0x00000000 f14:0x80000000 f22=0x7fc00000
     404315.000 ns	     40430	800088e8	083af2d3	fsub.s	f5,f21,f3	 f21:0x00000000  f3:0x00000000  f5=0x80000000
     404335.000 ns	     40432	800088ec	50537213	andi	x4,x6,1285	  x6:0x00000000  x4=0x00000000
     404355.000 ns	     40434	800088f0	c01f8753	fcvt.wu.s	x14,f31	 f31:0x7f800000 x14=0xffffffff
     404375.000 ns	     40436	800088f4	007647b3	xor	x15,x12,x7	 x12:0x00000000  x7:0xffffffff x15=0xffffffff
     404385.000 ns	     40437	800088f8	004345b3	xor	x11,x6,x4	  x6:0x00000000  x4:0x00000000 x11=0x00000000
     404405.000 ns	     40439	800088fc	d00d7ad3	fcvt.s.w	f21,x26	 x26:0x00000001 f21=0x3f800000
     404425.000 ns	     40441	80008900	00316db3	or	x27,x2,x3	  x2:0x00000000  x3:0x00000000 x27=0x00000000
     404435.000 ns	     40442	80008904	01ee2a33	slt	x20,x28,x30	 x28:0xd8cf7000 x30:0x00000001 x20=0x00000001
     404445.000 ns	     40443	80008908	40875d93	srai	x27,x14,0x8	 x14:0xffffffff x27=0xffffffff
     404455.000 ns	     40444	8000890c	009ffc33	and	x24,x31,x9	 x31:0xfafeddbe  x9:0x00000000 x24=0x00000000
     404475.000 ns	     40446	80008910	03b6a3b3	mulhsu	x7,x13,x27	 x13:0xfffffd9b x27:0x00000000  x7=0xfffffd9b
     404505.000 ns	     40449	80008914	a19a8a53	fle.s	x20,f21,f25	 f21:0x3f800000 f25:0x4f78ad18 x20=0x00000001
     404535.000 ns	     40452	80008918	03d19933	mulh	x18,x3,x29	  x3:0x00000000 x29:0x80040fe4 x18=0x00000000
     404555.000 ns	     40454	8000891c	4027d393	srai	x7,x15,0x2	 x15:0xffffffff  x7=0xffffffff
     404565.000 ns	     40455	80008920	01e15d93	srli	x27,x2,0x1e	  x2:0x00000000 x27=0x00000000
     404585.000 ns	     40457	80008924	a0a68553	fle.s	x10,f13,f10	 f13:0x4cea5c18 f10:0x7fc00000 x10=0x00000000
     404605.000 ns	     40459	80008928	006d0233	add	x4,x26,x6	 x26:0x00000001  x6:0x00000000  x4=0x00000001
     404625.000 ns	     40461	8000892c	29301c53	fmax.s	f24,f0,f19	  f0:0xb67fffae f19:0x7fc00000 f24=0xb67fffae
     404645.000 ns	     40463	80008930	013f0bb3	add	x23,x30,x19	 x30:0x00000001 x19:0x00000000 x23=0x00000001
     404665.000 ns	     40465	80008934	e0081bd3	fclass.s	x23,f16	 f16:0x80000000 x23=0x00000008
     405035.000 ns	     40502	80008938	025d5733	divu	x14,x26,x5	 x26:0x00000001  x5:0x00000200 x14=0x00000000
     405065.000 ns	     40505	8000893c	20c089d3	fsgnj.s	f19,f1,f12	  f1:0x00000000 f12:0x7fc00000 f19=0x00000000
     405115.000 ns	     40510	80008940	083bf7d3	fsub.s	f15,f23,f3	 f23:0xf8ad181c  f3:0x00000000 f15=0xf8ad181c
     405145.000 ns	     40513	80008944	e00e91d3	fclass.s	x3,f29	 f29:0x7fc00000  x3=0x00000200
     405185.000 ns	     40517	80008948	11a98153	fmul.s	f2,f19,f26	 f19:0x00000000 f26:0x7fc00000  f2=0x7fc00000
     405555.000 ns	     40554	8000894c	03a5d033	divu	x0,x11,x26	 x11:0x00000000 x26:0x00000001
     405575.000 ns	     40556	80008950	00000013	addi	x0,x0,0	  x0:0x00000000
     405585.000 ns	     40557	80008954	01f1b733	sltu	x14,x3,x31	  x3:0x00000200 x31:0xfafeddbe x14=0x00000001
     405595.000 ns	     40558	80008958	002f6bb3	or	x23,x30,x2	 x30:0x00000001  x2:0x00000000 x23=0x00000001
     405605.000 ns	     40559	8000895c	014310b3	sll	x1,x6,x20	  x6:0x00000000 x20:0x00000001  x1=0x00000000
     405615.000 ns	     40560	80008960	4259cc97	auipc	x25,0x4259c	 x25=0xc25a4960
     405635.000 ns	     40562	80008964	298b1653	fmax.s	f12,f22,f24	 f22:0x7fc00000 f24:0xb67fffae f12=0xb67fffae
     405655.000 ns	     40564	80008968	01e12e33	slt	x28,x2,x30	  x2:0x00000000 x30:0x00000001 x28=0x00000001
     405685.000 ns	     40567	8000896c	110790d3	fmul.s	f1,f15,f16	 f15:0xf8ad181c f16:0x80000000  f1=0x00000000
     405715.000 ns	     40570	80008970	a1ee02d3	fle.s	x5,f28,f30	 f28:0x00041024 f30:0x00000000  x5=0x00000000
     406085.000 ns	     40607	80008974	039953b3	divu	x7,x18,x25	 x18:0x00000000 x25:0xc25a4960  x7=0x00000000
     406115.000 ns	     40610	80008978	c00c80d3	fcvt.w.s	x1,f25	 f25:0x4f78ad18  x1=0x7fffffff
     406145.000 ns	     40613	8000897c	c00f7653	fcvt.w.s	x12,f30	 f30:0x00000000 x12=0x00000000
     406165.000 ns	     40615	80008980	0116b2b3	sltu	x5,x13,x17	 x13:0xfffffd9b x17:0x80041024  x5=0x00000000
     406175.000 ns	     40616	80008984	01a85433	srl	x8,x16,x26	 x16:0xffffffff x26:0x00000001  x8=0x7fffffff
     406195.000 ns	     40618	80008988	c0008553	fcvt.w.s	x10,f1	  f1:0x00000000 x10=0x00000000
     406225.000 ns	     40621	8000898c	0212b933	mulhu	x18,x5,x1	  x5:0x00000000  x1:0x7fffffff x18=0x00000000
     406245.000 ns	     40623	80008990	40900033	sub	x0,x0,x9	  x0:0x00000000  x9:0x00000000
     406265.000 ns	     40625	80008994	e0030dd3	fmv.x.w	x27,f6	  f6:0x7fc00000 x27=0x7fc00000
     406295.000 ns	     40628	80008998	0358f6b3	remu	x13,x17,x21	 x17:0x80041024 x21:0x00000000 x13=0x80041024
     406665.000 ns	     40665	8000899c	02d4f5b3	remu	x11,x9,x13	  x9:0x00000000 x13:0xfffffd9b x11=0x00000000
     406695.000 ns	     40668	800089a0	c0064653	fcvt.w.s	x12,f12	 f12:0xb67fffae x12=0x00000000
     406725.000 ns	     40671	800089a4	20ed9453	fsgnjn.s	f8,f27,f14	 f27:0x80041024 f14:0x80000000  f8=0x00041024
     406755.000 ns	     40674	800089a8	02cc2b33	mulhsu	x22,x24,x12	 x24:0x00000000 x12:0x00000000 x22=0x00000000
     406775.000 ns	     40676	800089ac	39384d13	xori	x26,x16,915	 x16:0xffffffff x26=0xfffffc6c
     406785.000 ns	     40677	800089b0	40f0d113	srai	x2,x1,0xf	  x1:0x7fffffff  x2=0x0000ffff
     406795.000 ns	     40678	800089b4	a9afb613	sltiu	x12,x31,-1382	 x31:0xfafeddbe x12=0x00000001
     406815.000 ns	     40680	800089b8	c005f6d3	fcvt.w.s	x13,f11	 f11:0xffc00000 x13=0x7fffffff
     406835.000 ns	     40682	800089bc	000d5413	srli	x8,x26,0x0	 x26:0xfffffc6c  x8=0xfffffc6c
     406855.000 ns	     40684	800089c0	29578ad3	fmin.s	f21,f15,f21	 f15:0xf8ad181c f21:0x3f800000 f21=0xf8ad181c
     407225.000 ns	     40721	800089c4	02d16433	rem	x8,x2,x13	  x2:0x0000ffff x13:0x7fffffff  x8=0x0000ffff
     407245.000 ns	     40723	800089c8	b8d4e993	ori	x19,x9,-1139	  x9:0x00000000 x19=0xfffffb8d
     407265.000 ns	     40725	800089cc	d019ff53	fcvt.s.wu	f30,x19	 x19:0x00000000 f30=0x4f7ffffb
     407635.000 ns	     40762	800089d0	03e15ab3	divu	x21,x2,x30	  x2:0x0000ffff x30:0x00000001 x21=0x0000ffff
     407655.000 ns	     40764	800089d4	00000013	addi	x0,x0,0	  x0:0x00000000
     407675.000 ns	     40766	800089d8	d0087ed3	fcvt.s.w	f29,x16	 x16:0xffffffff f29=0xbf800000
     407705.000 ns	     40769	800089dc	d00199d3	fcvt.s.w	f19,x3	  x3:0x00000200 f19=0x44000000
     407725.000 ns	     40771	800089e0	40378a33	sub	x20,x15,x3	 x15:0xffffffff  x3:0x00000200 x20=0xfffffdff
     407745.000 ns	     40773	800089e4	e0048d53	fmv.x.w	x26,f9	  f9:0x7fc00000 x26=0x7fc00000
     407775.000 ns	     40776	800089e8	024595b3	mulh	x11,x11,x4	 x11:0x00000000  x4:0x00000001 x11=0x00000000
     407795.000 ns	     40778	800089ec	00af5013	srli	x0,x30,0xa	 x30:0x00000001
     407805.000 ns	     40779	800089f0	400dd7b3	sra	x15,x27,x0	 x27:0x7fc00000  x0:0x00000000 x15=0x7fc00000
     407825.000 ns	     40781	800089f4	21b62fd3	fsgnjx.s	f31,f12,f27	 f12:0xb67fffae f27:0x80041024 f31=0x367fffae
     407855.000 ns	     40784	800089f8	a10e0753	fle.s	x14,f28,f16	 f28:0x00041024 f16:0x80000000 x14=0x00000000
     407895.000 ns	     40788	800089fc	1846f8d3	fdiv.s	f17,f13,f4	 f13:0x4cea5c18  f4:0x00000000 f17=0x7f800000
     407915.000 ns	     40790	80008a00	00721433	sll	x8,x4,x7	  x4:0x00000001  x7:0x00000000  x8=0x00000001
     407935.000 ns	     40792	80008a04	02a99ab3	mulh	x21,x19,x10	 x19:0xfffffb8d x10:0x00000000 x21=0x00000000
     407955.000 ns	     40794	80008a08	a9aece13	xori	x28,x29,-1382	 x29:0x80040fe4 x28=0x7ffbf57e
     407975.000 ns	     40796	80008a0c	a1b58853	fle.s	x16,f11,f27	 f11:0xffc00000 f27:0x80041024 x16=0x00000000
     407995.000 ns	     40798	80008a10	00c31b13	slli	x22,x6,0xc	  x6:0x00000000 x22=0x00000000
     408325.000 ns	     40831	80008a14	19b071d3	fdiv.s	f3,f0,f27	  f0:0xb67fffae f27:0x80041024  f3=0x7534b47c
     408695.000 ns	     40868	80008a18	03fed4b3	divu	x9,x29,x31	 x29:0x80040fe4 x31:0xfafeddbe  x9=0x00000000
     408715.000 ns	     40870	80008a1c	012ac2b3	xor	x5,x21,x18	 x21:0x00000000 x18:0x00000000  x5=0x00000000
     408725.000 ns	     40871	80008a20	5eb954b7	lui	x9,0x5eb95	  x9=0x5eb95000
     408735.000 ns	     40872	80008a24	405609b3	sub	x19,x12,x5	 x12:0x00000001  x5:0x00000000 x19=0x00000001
     408755.000 ns	     40874	80008a28	03a906b3	mul	x13,x18,x26	 x18:0x00000000 x26:0x7fc00000 x13=0x00000000
     408785.000 ns	     40877	80008a2c	a15f99d3	flt.s	x19,f31,f21	 f31:0x367fffae f21:0xf8ad181c x19=0x00000000
     408805.000 ns	     40879	80008a30	01655793	srli	x15,x10,0x16	 x10:0x00000000 x15=0x00000000
     408825.000 ns	     40881	80008a34	29cc8053	fmin.s	f0,f25,f28	 f25:0x4f78ad18 f28:0x00041024  f0=0x00041024
     408845.000 ns	     40883	80008a38	f3892d93	slti	x27,x18,-200	 x18:0x00000000 x27=0x00000000
     408855.000 ns	     40884	80008a3c	bdbba393	slti	x7,x23,-1061	 x23:0x00000001  x7=0x00000000
     408865.000 ns	     40885	80008a40	f9043993	sltiu	x19,x8,-112	  x8:0x00000001 x19=0x00000001
     410035.000 ns	     41002	80008a44	5801f7d3	fsqrt.s	f15,f3	  f3:0x7534b47c f15=0x59ff8df4
     410075.000 ns	     41006	80008a48	1822b9d3	fdiv.s	f19,f5,f2	  f5:0x80000000  f2:0x7fc00000 f19=0x7fc00000
     410125.000 ns	     41011	80008a4c	019c7e53	fadd.s	f28,f24,f25	 f24:0xb67fffae f25:0x4f78ad18 f28=0x4f78ad18
     410155.000 ns	     41014	80008a50	21fa2b53	fsgnjx.s	f22,f20,f31	 f20:0x00000000 f31:0x367fffae f22=0x00000000
     410185.000 ns	     41017	80008a54	020e9833	mulh	x16,x29,x0	 x29:0x80040fe4  x0:0x00000000 x16=0x00000000
     410215.000 ns	     41020	80008a58	e0069053	fclass.s	x0,f13	 f13:0x4cea5c18
     410245.000 ns	     41023	80008a5c	d0142353	fcvt.s.wu	f6,x8	  x8:0x00000001  f6=0x3f800000
     410275.000 ns	     41026	80008a60	e00b9753	fclass.s	x14,f23	 f23:0xf8ad181c x14=0x00000002
     410295.000 ns	     41028	80008a64	002ed013	srli	x0,x29,0x2	 x29:0x80040fe4
     410315.000 ns	     41030	80008a68	209883d3	fsgnj.s	f7,f17,f9	 f17:0x7f800000  f9:0x7fc00000  f7=0x7f800000
     410335.000 ns	     41032	80008a6c	00177033	and	x0,x14,x1	 x14:0x00000002  x1:0x7fffffff
     410355.000 ns	     41034	80008a70	c01a29d3	fcvt.wu.s	x19,f20	 f20:0x00000000 x19=0x00000000
     410375.000 ns	     41036	80008a74	3b288217	auipc	x4,0x3b288	  x4=0xbb290a74
     410395.000 ns	     41038	80008a78	f0008ad3	fmv.w.x	f21,x1	  x1:0x7fffffff f21=0x7fffffff
     410425.000 ns	     41041	80008a7c	a0820e53	fle.s	x28,f4,f8	  f4:0x00000000  f8:0x00041024 x28=0x00000001
     410455.000 ns	     41044	80008a80	02eabd33	mulhu	x26,x21,x14	 x21:0x00000000 x14:0x00000002 x26=0x00000000
     410485.000 ns	     41047	80008a84	29821253	fmax.s	f4,f4,f24	  f4:0x00000000 f24:0xb67fffae  f4=0x00000000
     410505.000 ns	     41049	80008a88	00d81d33	sll	x26,x16,x13	 x16:0x00000000 x13:0x00000000 x26=0x00000000
     410525.000 ns	     41051	80008a8c	c012ac53	fcvt.wu.s	x24,f5	  f5:0x80000000 x24=0x00000000
     410895.000 ns	     41088	80008a90	037af033	remu	x0,x21,x23	 x21:0x00000000 x23:0x00000001
     410925.000 ns	     41091	80008a94	021d2d33	mulhsu	x26,x26,x1	 x26:0x00000000  x1:0x7fffffff x26=0x00000000
     410955.000 ns	     41094	80008a98	02fb13b3	mulh	x7,x22,x15	 x22:0x00000000 x15:0x00000000  x7=0x00000000
     410975.000 ns	     41096	80008a9c	f79da6b7	lui	x13,0xf79da	 x13=0xf79da000
     410985.000 ns	     41097	80008aa0	6a36e293	ori	x5,x13,1699	 x13:0x00000000  x5=0xf79da6a3
     410995.000 ns	     41098	80008aa4	532ac713	xori	x14,x21,1330	 x21:0x00000000 x14=0x00000532
     411015.000 ns	     41100	80008aa8	20d59dd3	fsgnjn.s	f27,f11,f13	 f11:0xffc00000 f13:0x4cea5c18 f27=0xffc00000
     411035.000 ns	     41102	80008aac	00805d93	srli	x27,x0,0x8	  x0:0x00000000 x27=0x00000000
     411045.000 ns	     41103	80008ab0	a53ca993	slti	x19,x25,-1453	 x25:0xc25a4960 x19=0x00000001
     411055.000 ns	     41104	80008ab4	413602b3	sub	x5,x12,x19	 x12:0x00000001 x19:0x00000000  x5=0x00000000
     411075.000 ns	     41106	80008ab8	21ed1853	fsgnjn.s	f16,f26,f30	 f26:0x7fc00000 f30:0x4f7ffffb f16=0xffc00000
     411095.000 ns	     41108	80008abc	41355b93	srai	x23,x10,0x13	 x10:0x00000000 x23=0x00000000
     411115.000 ns	     41110	80008ac0	c008fa53	fcvt.w.s	x20,f17	 f17:0x7f800000 x20=0x7fffffff
     411145.000 ns	     41113	80008ac4	03879b33	mulh	x22,x15,x24	 x15:0x00000000 x24:0x00000000 x22=0x00000000
     411175.000 ns	     41116	80008ac8	a12e9553	flt.s	x10,f29,f18	 f29:0xbf800000 f18:0x00000000 x10=0x00000001
     411205.000 ns	     41119	80008acc	288d1cd3	fmax.s	f25,f26,f8	 f26:0x7fc00000  f8:0x00041024 f25=0x00041024
     411255.000 ns	     41124	80008ad0	09a41353	fsub.s	f6,f8,f26	  f8:0x00041024 f26:0x7fc00000  f6=0x7fc00000
     411285.000 ns	     41127	80008ad4	20ff1b53	fsgnjn.s	f22,f30,f15	 f30:0x4f7ffffb f15:0x59ff8df4 f22=0xcf7ffffb
     411305.000 ns	     41129	80008ad8	01225a33	srl	x20,x4,x18	  x4:0xbb290a74 x18:0x00000000 x20=0xbb290a74
     411315.000 ns	     41130	80008adc	68153e13	sltiu	x28,x10,1665	 x10:0x00000001 x28=0x00000001
     411335.000 ns	     41132	80008ae0	e00e1a53	fclass.s	x20,f28	 f28:0x4f78ad18 x20=0x00000040
     411365.000 ns	     41135	80008ae4	f00304d3	fmv.w.x	f9,x6	  x6:0x00000000  f9=0x00000000
     411385.000 ns	     41137	80008ae8	96507d97	auipc	x27,0x96507	 x27=0x1650fae8
     411405.000 ns	     41139	80008aec	03659ab3	mulh	x21,x11,x22	 x11:0x00000000 x22:0x00000000 x21=0x00000000
     411425.000 ns	     41141	80008af0	007c1a13	slli	x20,x24,0x7	 x24:0x00000000 x20=0x00000000
     411445.000 ns	     41143	80008af4	29ca05d3	fmin.s	f11,f20,f28	 f20:0x00000000 f28:0x4f78ad18 f11=0x00000000
     411465.000 ns	     41145	80008af8	013ef013	andi	x0,x29,19	 x29:0x80040fe4
     411475.000 ns	     41146	80008afc	00f4e6b3	or	x13,x9,x15	  x9:0x5eb95000 x15:0x00000000 x13=0x5eb95000
     411495.000 ns	     41148	80008b00	d018f253	fcvt.s.wu	f4,x17	 x17:0x80041024  f4=0x4f000410
     411525.000 ns	     41151	80008b04	0266b633	mulhu	x12,x13,x6	 x13:0xf79da000  x6:0x00000000 x12=0x00000000
     411545.000 ns	     41153	80008b08	24d20093	addi	x1,x4,589	  x4:0xbb290a74  x1=0xbb290cc1
     411905.000 ns	     41189	80008b0c	023fe7b3	rem	x15,x31,x3	 x31:0xfafeddbe  x3:0x00000200 x15=0xffffffbe
     411955.000 ns	     41194	80008b10	0967f153	fsub.s	f2,f15,f22	 f15:0x59ff8df4 f22:0xcf7ffffb  f2=0x59ff8dfb
     411975.000 ns	     41196	80008b14	41910bb3	sub	x23,x2,x25	  x2:0x0000ffff x25:0xc25a4960 x23=0x3da6b69f
     411985.000 ns	     41197	80008b18	41708b33	sub	x22,x1,x23	  x1:0xbb290cc1 x23:0x00000000 x22=0x7d825622
     412005.000 ns	     41199	80008b1c	21d12453	fsgnjx.s	f8,f2,f29	  f2:0x59ff8dfb f29:0xbf800000  f8=0xd9ff8dfb
     412045.000 ns	     41203	80008b20	11913f53	fmul.s	f30,f2,f25	  f2:0x59ff8dfb f25:0x00041024 f30=0x1881ca98
     412065.000 ns	     41205	80008b24	00ce7933	and	x18,x28,x12	 x28:0x00000001 x12:0x00000000 x18=0x00000000
     412075.000 ns	     41206	80008b28	0cfdc113	xori	x2,x27,207	 x27:0x1650fae8  x2=0x1650fa27
     412085.000 ns	     41207	80008b2c	ad558493	addi	x9,x11,-1323	 x11:0x00000000  x9=0xfffffad5
     412095.000 ns	     41208	80008b30	00440f33	add	x30,x8,x4	  x8:0x00000001  x4:0xbb290a74 x30=0xbb290a75
     412115.000 ns	     41210	80008b34	f00f8f53	fmv.w.x	f30,x31	 x31:0xfafeddbe f30=0xfafeddbe
     412145.000 ns	     41213	80008b38	d0107453	fcvt.s.wu	f8,x0	  x0:0x00000000  f8=0x00000000
     412175.000 ns	     41216	80008b3c	03b70db3	mul	x27,x14,x27	 x14:0x00000532 x27:0x1650fae8 x27=0xf0b78950
     412195.000 ns	     41218	80008b40	00000013	addi	x0,x0,0	  x0:0x00000000
     412205.000 ns	     41219	80008b44	01ec9d33	sll	x26,x25,x30	 x25:0xc25a4960 x30:0xbb290a75 x26=0x2c000000
     412235.000 ns	     41222	80008b48	18344a53	fdiv.s	f20,f8,f3	  f8:0x00000000  f3:0x7534b47c f20=0x00000000
     412255.000 ns	     41224	80008b4c	016ef933	and	x18,x29,x22	 x29:0x80040fe4 x22:0x7d825622 x18=0x00000620
     412265.000 ns	     41225	80008b50	006c91b3	sll	x3,x25,x6	 x25:0xc25a4960  x6:0x00000000  x3=0xc25a4960
     412285.000 ns	     41227	80008b54	d0047253	fcvt.s.w	f4,x8	  x8:0x00000001  f4=0x3f800000
     412315.000 ns	     41230	80008b58	c0097053	fcvt.w.s	x0,f18	 f18:0x00000000
     412335.000 ns	     41232	80008b5c	0141b1b3	sltu	x3,x3,x20	  x3:0xc25a4960 x20:0x00000000  x3=0x00000000
     412355.000 ns	     41234	80008b60	d0167e53	fcvt.s.wu	f28,x12	 x12:0x00000000 f28=0x00000000
     412375.000 ns	     41236	80008b64	01529593	slli	x11,x5,0x15	  x5:0x00000000 x11=0x00000000
     412395.000 ns	     41238	80008b68	035dcc33	div	x24,x27,x21	 x27:0xf0b78950 x21:0x00000000 x24=0xffffffff
     412425.000 ns	     41241	80008b6c	28ad8953	fmin.s	f18,f27,f10	 f27:0xffc00000 f10:0x7fc00000 f18=0x7fc00000
     412445.000 ns	     41243	80008b70	00c0fa33	and	x20,x1,x12	  x1:0xbb290cc1 x12:0x00000000 x20=0x00000000
     412485.000 ns	     41247	80008b74	09d5ba53	fsub.s	f20,f11,f29	 f11:0x00000000 f29:0xbf800000 f20=0x3f800000
     412505.000 ns	     41249	80008b78	d8367993	andi	x19,x12,-637	 x12:0x00000000 x19=0x00000000
     412515.000 ns	     41250	80008b7c	41ec0a33	sub	x20,x24,x30	 x24:0xffffffff x30:0xbb290a75 x20=0x44d6f58a
     412525.000 ns	     41251	80008b80	002c9033	sll	x0,x25,x2	 x25:0xc25a4960  x2:0x1650fa27
     412535.000 ns	     41252	80008b84	f843a113	slti	x2,x7,-124	  x7:0x00000000  x2=0x00000000
     412895.000 ns	     41288	80008b88	03a677b3	remu	x15,x12,x26	 x12:0x00000000 x26:0x2c000000 x15=0x00000000
     412915.000 ns	     41290	80008b8c	fc164c93	xori	x25,x12,-63	 x12:0x00000000 x25=0xffffffc1
     412935.000 ns	     41292	80008b90	a1168cd3	fle.s	x25,f13,f17	 f13:0x4cea5c18 f17:0x7f800000 x25=0x00000001
     412955.000 ns	     41294	80008b94	483b8513	addi	x10,x23,1155	 x23:0x3da6b69f x10=0x3da6bb22
     412965.000 ns	     41295	80008b98	00bf1a33	sll	x20,x30,x11	 x30:0xbb290a75 x11:0x00000000 x20=0xbb290a75
     413005.000 ns	     41299	80008b9c	09537ed3	fsub.s	f29,f6,f21	  f6:0x7fc00000 f21:0x7fffffff f29=0x7fc00000
     413025.000 ns	     41301	80008ba0	54444513	xori	x10,x8,1348	  x8:0x00000001 x10=0x00000545
     413055.000 ns	     41304	80008ba4	114ca1d3	fmul.s	f3,f25,f20	 f25:0x00041024 f20:0x3f800000  f3=0x00041024
     413085.000 ns	     41307	80008ba8	219981d3	fsgnj.s	f3,f19,f25	 f19:0x7fc00000 f25:0x00041024  f3=0x7fc00000
     413115.000 ns	     41310	80008bac	0365a1b3	mulhsu	x3,x11,x22	 x11:0x00000000 x22:0x7d825622  x3=0x00000000
     413145.000 ns	     41313	80008bb0	e0010c53	fmv.x.w	x24,f2	  f2:0x59ff8dfb x24=0x59ff8dfb
     413175.000 ns	     41316	80008bb4	f00d8e53	fmv.w.x	f28,x27	 x27:0xf0b78950 f28=0xf0b78950
     413205.000 ns	     41319	80008bb8	a02005d3	fle.s	x11,f0,f2	  f0:0x00041024  f2:0x59ff8dfb x11=0x00000001
     413225.000 ns	     41321	80008bbc	4088d393	srai	x7,x17,0x8	 x17:0x80041024  x7=0xff800410
     413245.000 ns	     41323	80008bc0	c01b17d3	fcvt.wu.s	x15,f22	 f22:0xcf7ffffb x15=0xfffffb00
     413265.000 ns	     41325	80008bc4	00453a33	sltu	x20,x10,x4	 x10:0x00000545  x4:0xbb290a74 x20=0x00000001
     413275.000 ns	     41326	80008bc8	00785c93	srli	x25,x16,0x7	 x16:0x00000000 x25=0x00000000
     413295.000 ns	     41328	80008bcc	033a24b3	mulhsu	x9,x20,x19	 x20:0xbb290a75 x19:0x00000000  x9=0x00000000
     413345.000 ns	     41333	80008bd0	0902fbd3	fsub.s	f23,f5,f16	  f5:0x80000000 f16:0xffc00000 f23=0x7fc00000
     413715.000 ns	     41370	80008bd4	032e72b3	remu	x5,x28,x18	 x28:0x00000001 x18:0x00000620  x5=0x00000001
     413745.000 ns	     41373	80008bd8	d010abd3	fcvt.s.wu	f23,x1	  x1:0xbb290cc1 f23=0x4f3b290d
     413765.000 ns	     41375	80008bdc	3c810193	addi	x3,x2,968	  x2:0x00000000  x3=0x000003c8
     413785.000 ns	     41377	80008be0	033acab3	div	x21,x21,x19	 x21:0x00000000 x19:0x00000000 x21=0xffffffff
     413835.000 ns	     41382	80008be4	006295d3	fadd.s	f11,f5,f6	  f5:0x80000000  f6:0x7fc00000 f11=0x7fc00000
     413865.000 ns	     41385	80008be8	02cf80b3	mul	x1,x31,x12	 x31:0xfafeddbe x12:0x00000000  x1=0x00000000
     413885.000 ns	     41387	80008bec	f1db0c13	addi	x24,x22,-227	 x22:0x7d825622 x24=0x7d82553f
     413925.000 ns	     41391	80008bf0	015c79d3	fadd.s	f19,f24,f21	 f24:0xb67fffae f21:0x7fffffff f19=0x7fc00000
     413955.000 ns	     41394	80008bf4	d011f053	fcvt.s.wu	f0,x3	  x3:0x000003c8  f0=0x44720000
     413985.000 ns	     41397	80008bf8	a16926d3	feq.s	x13,f18,f22	 f18:0x7fc00000 f22:0xcf7ffffb x13=0x00000000
     414015.000 ns	     41400	80008bfc	219ba1d3	fsgnjx.s	f3,f23,f25	 f23:0x4f3b290d f25:0x00041024  f3=0x4f3b290d
     414035.000 ns	     41402	80008c00	69eb8913	addi	x18,x23,1694	 x23:0x3da6b69f x18=0x3da6bd3d
     414075.000 ns	     41406	80008c04	00e27ed3	fadd.s	f29,f4,f14	  f4:0x3f800000 f14:0x80000000 f29=0x3f800000
     414095.000 ns	     41408	80008c08	01c7e4b3	or	x9,x15,x28	 x15:0xfffffb00 x28:0x00000001  x9=0xfffffb01
     414105.000 ns	     41409	80008c0c	4199d813	srai	x16,x19,0x19	 x19:0x00000000 x16=0x00000000
     414125.000 ns	     41411	80008c10	29df92d3	fmax.s	f5,f31,f29	 f31:0x367fffae f29:0x3f800000  f5=0x3f800000
     414155.000 ns	     41414	80008c14	e0050053	fmv.x.w	x0,f10	 f10:0x7fc00000
     414495.000 ns	     41448	80008c18	194ff8d3	fdiv.s	f17,f31,f20	 f31:0x367fffae f20:0x3f800000 f17=0x367ffee6
     414515.000 ns	     41450	80008c1c	521e4993	xori	x19,x28,1313	 x28:0x00000001 x19=0x00000520
     414525.000 ns	     41451	80008c20	00355b33	srl	x22,x10,x3	 x10:0x00000545  x3:0x000003c8 x22=0x00000005
     414545.000 ns	     41453	80008c24	0290b933	mulhu	x18,x1,x9	  x1:0x00000000  x9:0xfffffb01 x18=0x00000000
     414565.000 ns	     41455	80008c28	aa26c193	xori	x3,x13,-1374	 x13:0x00000000  x3=0xfffffaa2
     414605.000 ns	     41459	80008c2c	08699053	fsub.s	f0,f19,f6	 f19:0x7fc00000  f6:0x7fc00000  f0=0x7fc00000
     414625.000 ns	     41461	80008c30	01b59193	slli	x3,x11,0x1b	 x11:0x00000001  x3=0x08000000
     414635.000 ns	     41462	80008c34	e6c13493	sltiu	x9,x2,-404	  x2:0x00000000  x9=0x00000001
     414645.000 ns	     41463	80008c38	dee17797	auipc	x15,0xdee17	 x15=0x5ee1fc38
     414665.000 ns	     41465	80008c3c	d00573d3	fcvt.s.w	f7,x10	 x10:0x00000545  f7=0x44a8a000
     414695.000 ns	     41468	80008c40	a09b06d3	fle.s	x13,f22,f9	 f22:0xcf7ffffb  f9:0x00000000 x13=0x00000001
     414715.000 ns	     41470	80008c44	009eed33	or	x26,x29,x9	 x29:0x80040fe4  x9:0x00000001 x26=0x80040fe5
     414725.000 ns	     41471	80008c48	3999c613	xori	x12,x19,921	 x19:0x00000520 x12=0x000006b9
     414735.000 ns	     41472	80008c4c	41e3d0b3	sra	x1,x7,x30	  x7:0xff800410 x30:0xbb290a75  x1=0xfffffffc
     414755.000 ns	     41474	80008c50	209b0a53	fsgnj.s	f20,f22,f9	 f22:0xcf7ffffb  f9:0x00000000 f20=0x4f7ffffb
     414785.000 ns	     41477	80008c54	212606d3	fsgnj.s	f13,f12,f18	 f12:0xb67fffae f18:0x7fc00000 f13=0x367fffae
     414815.000 ns	     41480	80008c58	29671d53	fmax.s	f26,f14,f22	 f14:0x80000000 f22:0xcf7ffffb f26=0x80000000
     414845.000 ns	     41483	80008c5c	c003ccd3	fcvt.w.s	x25,f7	  f7:0x44a8a000 x25=0x00000545
     414865.000 ns	     41485	80008c60	019b01b3	add	x3,x22,x25	 x22:0x00000005 x25:0x00000000  x3=0x0000054a
     414875.000 ns	     41486	80008c64	41ca03b3	sub	x7,x20,x28	 x20:0x00000001 x28:0x00000001  x7=0x00000000
     414905.000 ns	     41489	80008c68	10a17a53	fmul.s	f20,f2,f10	  f2:0x59ff8dfb f10:0x7fc00000 f20=0x7fc00000
     414935.000 ns	     41492	80008c6c	a0808853	fle.s	x16,f1,f8	  f1:0x00000000  f8:0x00000000 x16=0x00000001
     414955.000 ns	     41494	80008c70	40228c33	sub	x24,x5,x2	  x5:0x00000001  x2:0x00000000 x24=0x00000001
     414965.000 ns	     41495	80008c74	012f8cb3	add	x25,x31,x18	 x31:0xfafeddbe x18:0x00000000 x25=0xfafeddbe
     414985.000 ns	     41497	80008c78	29ee10d3	fmax.s	f1,f28,f30	 f28:0xf0b78950 f30:0xfafeddbe  f1=0xf0b78950
     415005.000 ns	     41499	80008c7c	0128dab3	srl	x21,x17,x18	 x17:0x80041024 x18:0x00000000 x21=0x80041024
     415365.000 ns	     41535	80008c80	0359fbb3	remu	x23,x19,x21	 x19:0x00000520 x21:0xffffffff x23=0x00000520
     415385.000 ns	     41537	80008c84	41d20433	sub	x8,x4,x29	  x4:0xbb290a74 x29:0x80040fe4  x8=0x3b24fa90
     415395.000 ns	     41538	80008c88	00bb0833	add	x16,x22,x11	 x22:0x00000005 x11:0x00000001 x16=0x00000006
     415755.000 ns	     41574	80008c8c	0397c533	div	x10,x15,x25	 x15:0x5ee1fc38 x25:0xfafeddbe x10=0xffffffee
     415775.000 ns	     41576	80008c90	014b1a13	slli	x20,x22,0x14	 x22:0x00000005 x20=0x00500000
     415785.000 ns	     41577	80008c94	01478e33	add	x28,x15,x20	 x15:0x5ee1fc38 x20:0x00000001 x28=0x5f31fc38
     415795.000 ns	     41578	80008c98	01c94d33	xor	x26,x18,x28	 x18:0x00000000 x28:0x00000001 x26=0x5f31fc38
     415805.000 ns	     41579	80008c9c	0156d733	srl	x14,x13,x21	 x13:0x00000001 x21:0x80041024 x14=0x00000000
     415815.000 ns	     41580	80008ca0	fb1199b7	lui	x19,0xfb119	 x19=0xfb119000
     415855.000 ns	     41584	80008ca4	0962bdd3	fsub.s	f27,f5,f22	  f5:0x3f800000 f22:0xcf7ffffb f27=0x4f7ffffc
     415885.000 ns	     41587	80008ca8	a04c8c53	fle.s	x24,f25,f4	 f25:0x00041024  f4:0x3f800000 x24=0x00000001
     415905.000 ns	     41589	80008cac	011395b3	sll	x11,x7,x17	  x7:0x00000000 x17:0x80041024 x11=0x00000000
     415915.000 ns	     41590	80008cb0	419b0db3	sub	x27,x22,x25	 x22:0x00000005 x25:0xfafeddbe x27=0x05012247
     415935.000 ns	     41592	80008cb4	037c06b3	mul	x13,x24,x23	 x24:0x00000001 x23:0x00000520 x13=0x00000520
     415955.000 ns	     41594	80008cb8	8b1c3b37	lui	x22,0x8b1c3	 x22=0x8b1c3000
     415965.000 ns	     41595	80008cbc	0064b133	sltu	x2,x9,x6	  x9:0x00000001  x6:0x00000000  x2=0x00000000
     415975.000 ns	     41596	80008cc0	01e7c6b3	xor	x13,x15,x30	 x15:0x5ee1fc38 x30:0xbb290a75 x13=0xe5c8f64d
     415985.000 ns	     41597	80008cc4	40e25993	srai	x19,x4,0xe	  x4:0xbb290a74 x19=0xfffeeca4
     416005.000 ns	     41599	80008cc8	a0bc9053	flt.s	x0,f25,f11	 f25:0x00041024 f11:0x7fc00000
     416035.000 ns	     41602	80008ccc	033d9e33	mulh	x28,x27,x19	 x27:0x05012247 x19:0xfb119000 x28=0xfffffa9d
     416065.000 ns	     41605	80008cd0	d002fad3	fcvt.s.w	f21,x5	  x5:0x00000001 f21=0x3f800000
     416095.000 ns	     41608	80008cd4	218226d3	fsgnjx.s	f13,f4,f24	  f4:0x3f800000 f24:0xb67fffae f13=0xbf800000
     416115.000 ns	     41610	80008cd8	00000013	addi	x0,x0,0	  x0:0x00000000
     416125.000 ns	     41611	80008cdc	411e5713	srai	x14,x28,0x11	 x28:0xfffffa9d x14=0xffffffff
     416145.000 ns	     41613	80008ce0	20939853	fsgnjn.s	f16,f7,f9	  f7:0x44a8a000  f9:0x00000000 f16=0xc4a8a000
     416175.000 ns	     41616	80008ce4	c00ef4d3	fcvt.w.s	x9,f29	 f29:0x3f800000  x9=0x00000001
     416205.000 ns	     41619	80008ce8	d009f653	fcvt.s.w	f12,x19	 x19:0xfffeeca4 f12=0xc789ae00
     416575.000 ns	     41656	80008cec	029a60b3	rem	x1,x20,x9	 x20:0x00500000  x9:0x00000001  x1=0x00000000
     416595.000 ns	     41658	80008cf0	00b3d9b3	srl	x19,x7,x11	  x7:0x00000000 x11:0x00000000 x19=0x00000000
     416625.000 ns	     41661	80008cf4	58087ed3	fsqrt.s	f29,f16	 f16:0xc4a8a000 f29=0x7fc00000
     416995.000 ns	     41698	80008cf8	02514f33	div	x30,x2,x5	  x2:0x00000000  x5:0x00000001 x30=0x00000000
     417025.000 ns	     41701	80008cfc	d0088553	fcvt.s.w	f10,x17	 x17:0x80041024 f10=0xcefff7df
     417045.000 ns	     41703	80008d00	01c5d1b3	srl	x3,x11,x28	 x11:0x00000000 x28:0xfffffa9d  x3=0x00000000
     417055.000 ns	     41704	80008d04	01869013	slli	x0,x13,0x18	 x13:0xe5c8f64d
     417065.000 ns	     41705	80008d08	415e5193	srai	x3,x28,0x15	 x28:0xfffffa9d  x3=0xffffffff
     417075.000 ns	     41706	80008d0c	01879813	slli	x16,x15,0x18	 x15:0x5ee1fc38 x16=0x38000000
     417095.000 ns	     41708	80008d10	030f03b3	mul	x7,x30,x16	 x30:0x00000000 x16:0x00000006  x7=0x00000000
     417115.000 ns	     41710	80008d14	d2dcb313	sltiu	x6,x25,-723	 x25:0xfafeddbe  x6=0x00000001
     417125.000 ns	     41711	80008d18	8f2a8697	auipc	x13,0x8f2a8	 x13=0x0f2b0d18
     417145.000 ns	     41713	80008d1c	03032233	mulhsu	x4,x6,x16	  x6:0x00000000 x16:0x38000000  x4=0x00000000
     417165.000 ns	     41715	80008d20	01f71993	slli	x19,x14,0x1f	 x14:0xffffffff x19=0x80000000
     417175.000 ns	     41716	80008d24	004ec3b3	xor	x7,x29,x4	 x29:0x80040fe4  x4:0x00000000  x7=0x80040fe4
     417535.000 ns	     41752	80008d28	03c650b3	divu	x1,x12,x28	 x12:0x000006b9 x28:0xfffffa9d  x1=0x00000000
     417565.000 ns	     41755	80008d2c	f0050853	fmv.w.x	f16,x10	 x10:0xffffffee f16=0xffffffee
     417595.000 ns	     41758	80008d30	e00799d3	fclass.s	x19,f15	 f15:0x59ff8df4 x19=0x00000040
     417615.000 ns	     41760	80008d34	41595533	sra	x10,x18,x21	 x18:0x00000000 x21:0x80041024 x10=0x00000000
     417635.000 ns	     41762	80008d38	c005bd53	fcvt.w.s	x26,f11	 f11:0x7fc00000 x26=0x7fffffff
     417655.000 ns	     41764	80008d3c	d3b1cc17	auipc	x24,0xd3b1c	 x24=0x53b24d3c
     417665.000 ns	     41765	80008d40	0121d6b3	srl	x13,x3,x18	  x3:0xffffffff x18:0x00000000 x13=0xffffffff
     417685.000 ns	     41767	80008d44	e0071453	fclass.s	x8,f14	 f14:0x80000000  x8=0x00000008
     417715.000 ns	     41770	80008d48	d0097e53	fcvt.s.w	f28,x18	 x18:0x00000000 f28=0x00000000
     418085.000 ns	     41807	80008d4c	03a46433	rem	x8,x8,x26	  x8:0x00000008 x26:0x7fffffff  x8=0x00000008
     418115.000 ns	     41810	80008d50	c0027f53	fcvt.w.s	x30,f4	  f4:0x3f800000 x30=0x00000001
     418135.000 ns	     41812	80008d54	0009e633	or	x12,x19,x0	 x19:0x00000040  x0:0x00000000 x12=0x00000040
     418145.000 ns	     41813	80008d58	00470813	addi	x16,x14,4	 x14:0xffffffff x16=0x00000003
     418155.000 ns	     41814	80008d5c	025f3c93	sltiu	x25,x30,37	 x30:0x00000001 x25=0x00000001
     418185.000 ns	     41817	80008d60	100f77d3	fmul.s	f15,f30,f0	 f30:0xfafeddbe  f0:0x7fc00000 f15=0x7fc00000
     418215.000 ns	     41820	80008d64	213f0f53	fsgnj.s	f30,f30,f19	 f30:0xfafeddbe f19:0x7fc00000 f30=0x7afeddbe
     418245.000 ns	     41823	80008d68	c00bff53	fcvt.w.s	x30,f23	 f23:0x4f3b290d x30=0x7fffffff
     418265.000 ns	     41825	80008d6c	0156ca93	xori	x21,x13,21	 x13:0xffffffff x21=0xffffffea
     418295.000 ns	     41828	80008d70	18b33dd3	fdiv.s	f27,f6,f11	  f6:0x7fc00000 f11:0x7fc00000 f27=0x7fc00000
     418315.000 ns	     41830	80008d74	415c5613	srai	x12,x24,0x15	 x24:0x53b24d3c x12=0x0000029d
     418675.000 ns	     41866	80008d78	031a73b3	remu	x7,x20,x17	 x20:0x00500000 x17:0x80041024  x7=0x00500000
     418705.000 ns	     41869	80008d7c	e0079553	fclass.s	x10,f15	 f15:0x7fc00000 x10=0x00000200
     418725.000 ns	     41871	80008d80	00000013	addi	x0,x0,0	  x0:0x00000000
     418735.000 ns	     41872	80008d84	01659033	sll	x0,x11,x22	 x11:0x00000000 x22:0x8b1c3000
     418755.000 ns	     41874	80008d88	a1ae93d3	flt.s	x7,f29,f26	 f29:0x7fc00000 f26:0x80000000  x7=0x00000000
     419125.000 ns	     41911	80008d8c	0389d2b3	divu	x5,x19,x24	 x19:0x00000040 x24:0x53b24d3c  x5=0x00000000
     419155.000 ns	     41914	80008d90	c0161f53	fcvt.wu.s	x30,f12	 f12:0xc789ae00 x30=0x0001135c
     419205.000 ns	     41919	80008d94	008805d3	fadd.s	f11,f16,f8	 f16:0xffffffee  f8:0x00000000 f11=0x7fc00000
     419225.000 ns	     41921	80008d98	003f1093	slli	x1,x30,0x3	 x30:0x0001135c  x1=0x00089ae0
     419235.000 ns	     41922	80008d9c	004369b3	or	x19,x6,x4	  x6:0x00000001  x4:0x00000000 x19=0x00000001
     419255.000 ns	     41924	80008da0	037b3233	mulhu	x4,x22,x23	 x22:0x8b1c3000 x23:0x00000520  x4=0x000002c8
     419275.000 ns	     41926	80008da4	13a22e13	slti	x28,x4,314	  x4:0x00000000 x28=0x00000000
     419295.000 ns	     41928	80008da8	e00c8ad3	fmv.x.w	x21,f25	 f25:0x00041024 x21=0x00041024
     419315.000 ns	     41930	80008dac	01bd04b3	add	x9,x26,x27	 x26:0x7fffffff x27:0x05012247  x9=0x85012246
     419325.000 ns	     41931	80008db0	fa2a6193	ori	x3,x20,-94	 x20:0x00500000  x3=0xffffffa2
     419345.000 ns	     41933	80008db4	20180153	fsgnj.s	f2,f16,f1	 f16:0xffffffee  f1:0xf0b78950  f2=0xffffffee
     419365.000 ns	     41935	80008db8	009e6433	or	x8,x28,x9	 x28:0x00000000  x9:0x85012246  x8=0x85012246
     419375.000 ns	     41936	80008dbc	41315bb3	sra	x23,x2,x19	  x2:0x00000000 x19:0x00000001 x23=0x00000000
     419385.000 ns	     41937	80008dc0	007d1d33	sll	x26,x26,x7	 x26:0x7fffffff  x7:0x00000000 x26=0x7fffffff
     419395.000 ns	     41938	80008dc4	b3df3193	sltiu	x3,x30,-1219	 x30:0x0001135c  x3=0x00000001
     419415.000 ns	     41940	80008dc8	02b44733	div	x14,x8,x11	  x8:0x85012246 x11:0x00000000 x14=0xffffffff
     419445.000 ns	     41943	80008dcc	d01a7f53	fcvt.s.wu	f30,x20	 x20:0x00500000 f30=0x4aa00000
     419475.000 ns	     41946	80008dd0	c00b43d3	fcvt.w.s	x7,f22	 f22:0xcf7ffffb  x7=0x80000000
     419505.000 ns	     41949	80008dd4	d00c7fd3	fcvt.s.w	f31,x24	 x24:0x53b24d3c f31=0x4ea7649a
     419525.000 ns	     41951	80008dd8	00729033	sll	x0,x5,x7	  x5:0x00000000  x7:0x80000000
     419885.000 ns	     41987	80008ddc	03e17333	remu	x6,x2,x30	  x2:0x00000000 x30:0x0001135c  x6=0x00000000
     419905.000 ns	     41989	80008de0	c707c513	xori	x10,x15,-912	 x15:0x5ee1fc38 x10=0xa11e0048
     419925.000 ns	     41991	80008de4	c01df0d3	fcvt.wu.s	x1,f27	 f27:0x7fc00000  x1=0xffffffff
     420295.000 ns	     42028	80008de8	03537933	remu	x18,x6,x21	  x6:0x00000000 x21:0x00041024 x18=0x00000000
     420325.000 ns	     42031	80008dec	209504d3	fsgnj.s	f9,f10,f9	 f10:0xcefff7df  f9:0x00000000  f9=0x4efff7df
     420345.000 ns	     42033	80008df0	140f4c13	xori	x24,x30,320	 x30:0x0001135c x24=0x0001121c
     420375.000 ns	     42036	80008df4	580436d3	fsqrt.s	f13,f8	  f8:0x00000000 f13=0x00000000
     420405.000 ns	     42039	80008df8	03e0b633	mulhu	x12,x1,x30	  x1:0xffffffff x30:0x0001135c x12=0x0001135b
     420435.000 ns	     42042	80008dfc	c01315d3	fcvt.wu.s	x11,f6	  f6:0x7fc00000 x11=0xffffffff
     420465.000 ns	     42045	80008e00	28318053	fmin.s	f0,f3,f3	  f3:0x4f3b290d  f3:0x4f3b290d  f0=0x4f3b290d
     420485.000 ns	     42047	80008e04	00000013	addi	x0,x0,0	  x0:0x00000000
     420845.000 ns	     42083	80008e08	0344e633	rem	x12,x9,x20	  x9:0x85012246 x20:0x00500000 x12=0xffd12246
     420865.000 ns	     42085	80008e0c	49216813	ori	x16,x2,1170	  x2:0x00000000 x16=0x00000492
     420875.000 ns	     42086	80008e10	c4f4b717	auipc	x14,0xc4f4b	 x14=0x44f53e10
     421235.000 ns	     42122	80008e14	0368fbb3	remu	x23,x17,x22	 x17:0x80041024 x22:0x8b1c3000 x23=0x80041024
     421265.000 ns	     42125	80008e18	03dcb633	mulhu	x12,x25,x29	 x25:0x00000001 x29:0x80040fe4 x12=0x00000000
     421635.000 ns	     42162	80008e1c	02ab49b3	div	x19,x22,x10	 x22:0x8b1c3000 x10:0xa11e0048 x19=0x00000001
     422005.000 ns	     42199	80008e20	023353b3	divu	x7,x6,x3	  x6:0x00000000  x3:0x00000001  x7=0x00000000
     422035.000 ns	     42202	80008e24	29fb0a53	fmin.s	f20,f22,f31	 f22:0xcf7ffffb f31:0x4ea7649a f20=0xcf7ffffb
     422065.000 ns	     42205	80008e28	030605b3	mul	x11,x12,x16	 x12:0x00000000 x16:0x00000492 x11=0x00000000
     422435.000 ns	     42242	80008e2c	02e3ecb3	rem	x25,x7,x14	  x7:0x00000000 x14:0x44f53e10 x25=0x00000000
     422465.000 ns	     42245	80008e30	21738ad3	fsgnj.s	f21,f7,f23	  f7:0x44a8a000 f23:0x4f3b290d f21=0x44a8a000
     422835.000 ns	     42282	80008e34	031cf933	remu	x18,x25,x17	 x25:0x00000000 x17:0x80041024 x18=0x00000000
     422865.000 ns	     42285	80008e38	d00740d3	fcvt.s.w	f1,x14	 x14:0x44f53e10  f1=0x4e89ea7c
     422885.000 ns	     42287	80008e3c	96307497	auipc	x9,0x96307	  x9=0x1630fe3c
     422895.000 ns	     42288	80008e40	01554633	xor	x12,x10,x21	 x10:0xa11e0048 x21:0x00041024 x12=0xa11a106c
     422915.000 ns	     42290	80008e44	d0027bd3	fcvt.s.w	f23,x4	  x4:0x000002c8 f23=0x44320000
     422935.000 ns	     42292	80008e48	a5208d93	addi	x27,x1,-1454	  x1:0xffffffff x27=0xfffffa51
     422945.000 ns	     42293	80008e4c	004da133	slt	x2,x27,x4	 x27:0x05012247  x4:0x000002c8  x2=0x00000001
     422955.000 ns	     42294	80008e50	8b087013	andi	x0,x16,-1872	 x16:0x00000492
     422965.000 ns	     42295	80008e54	013e9193	slli	x3,x29,0x13	 x29:0x80040fe4  x3=0x7f200000
     422985.000 ns	     42297	80008e58	f0078553	fmv.w.x	f10,x15	 x15:0x5ee1fc38 f10=0x5ee1fc38
     423015.000 ns	     42300	80008e5c	28d99e53	fmax.s	f28,f19,f13	 f19:0x7fc00000 f13:0x00000000 f28=0x00000000
     423035.000 ns	     42302	80008e60	004c9713	slli	x14,x25,0x4	 x25:0x00000000 x14=0x00000000
     423045.000 ns	     42303	80008e64	006aa1b3	slt	x3,x21,x6	 x21:0x00041024  x6:0x00000000  x3=0x00000000
     423085.000 ns	     42307	80008e68	09c17853	fsub.s	f16,f2,f28	  f2:0xffffffee f28:0x00000000 f16=0x7fc00000
     423105.000 ns	     42309	80008e6c	e1eee413	ori	x8,x29,-482	 x29:0x80040fe4  x8=0xfffffffe
     423115.000 ns	     42310	80008e70	40e0ddb3	sra	x27,x1,x14	  x1:0xffffffff x14:0x00000000 x27=0xffffffff
     423145.000 ns	     42313	80008e74	188f7bd3	fdiv.s	f23,f30,f8	 f30:0x4aa00000  f8:0x00000000 f23=0x7f800000
     423165.000 ns	     42315	80008e78	a2f17793	andi	x15,x2,-1489	  x2:0x00000001 x15=0x00000001
     423185.000 ns	     42317	80008e7c	e0079653	fclass.s	x12,f15	 f15:0x7fc00000 x12=0x00000200
     423215.000 ns	     42320	80008e80	29ab0753	fmin.s	f14,f22,f26	 f22:0xcf7ffffb f26:0x80000000 f14=0xcf7ffffb
     423235.000 ns	     42322	80008e84	012e8b33	add	x22,x29,x18	 x29:0x80040fe4 x18:0x00000000 x22=0x80040fe4
     423245.000 ns	     42323	80008e88	41c82413	slti	x8,x16,1052	 x16:0x00000492  x8=0x00000000
     423265.000 ns	     42325	80008e8c	29588053	fmin.s	f0,f17,f21	 f17:0x367ffee6 f21:0x44a8a000  f0=0x367ffee6
     423295.000 ns	     42328	80008e90	c01fba53	fcvt.wu.s	x20,f31	 f31:0x4ea7649a x20=0x53b24d00
     423335.000 ns	     42332	80008e94	1133bed3	fmul.s	f29,f7,f19	  f7:0x44a8a000 f19:0x7fc00000 f29=0x7fc00000
     423365.000 ns	     42335	80008e98	c0000c53	fcvt.w.s	x24,f0	  f0:0x367ffee6 x24=0x00000000
     423395.000 ns	     42338	80008e9c	a1091153	flt.s	x2,f18,f16	 f18:0x7fc00000 f16:0x7fc00000  x2=0x00000000
     423415.000 ns	     42340	80008ea0	013f3a33	sltu	x20,x30,x19	 x30:0x0001135c x19:0x00000001 x20=0x00000000
     423435.000 ns	     42342	80008ea4	a119a953	feq.s	x18,f19,f17	 f19:0x7fc00000 f17:0x367ffee6 x18=0x00000000
     423465.000 ns	     42345	80008ea8	210924d3	fsgnjx.s	f9,f18,f16	 f18:0x7fc00000 f16:0x7fc00000  f9=0x7fc00000
     423835.000 ns	     42382	80008eac	037fe833	rem	x16,x31,x23	 x31:0xfafeddbe x23:0x80041024 x16=0xfafeddbe
     423865.000 ns	     42385	80008eb0	a0b19b53	flt.s	x22,f3,f11	  f3:0x4f3b290d f11:0x7fc00000 x22=0x00000000
     423895.000 ns	     42388	80008eb4	d01c1353	fcvt.s.wu	f6,x24	 x24:0x00000000  f6=0x00000000
     423915.000 ns	     42390	80008eb8	90b22913	slti	x18,x4,-1781	  x4:0x000002c8 x18=0x00000000
     423925.000 ns	     42391	80008ebc	91c37313	andi	x6,x6,-1764	  x6:0x00000000  x6=0x00000000
     423935.000 ns	     42392	80008ec0	bf446013	ori	x0,x8,-1036	  x8:0x00000000
     423955.000 ns	     42394	80008ec4	e00b81d3	fmv.x.w	x3,f23	 f23:0x7f800000  x3=0x7f800000
     423975.000 ns	     42396	80008ec8	0051b3b3	sltu	x7,x3,x5	  x3:0x00000000  x5:0x00000000  x7=0x00000000
     423995.000 ns	     42398	80008ecc	286709d3	fmin.s	f19,f14,f6	 f14:0xcf7ffffb  f6:0x00000000 f19=0xcf7ffffb
     424025.000 ns	     42401	80008ed0	d00ef953	fcvt.s.w	f18,x29	 x29:0x80040fe4 f18=0xcefff7e0
     424055.000 ns	     42404	80008ed4	e0099453	fclass.s	x8,f19	 f19:0xcf7ffffb  x8=0x00000002
     424085.000 ns	     42407	80008ed8	d01087d3	fcvt.s.wu	f15,x1	  x1:0xffffffff f15=0x4f800000
     424115.000 ns	     42410	80008edc	03cf39b3	mulhu	x19,x30,x28	 x30:0x0001135c x28:0x00000000 x19=0x00000000
     424155.000 ns	     42414	80008ee0	10aaf753	fmul.s	f14,f21,f10	 f21:0x44a8a000 f10:0x5ee1fc38 f14=0x6414dac2
     424205.000 ns	     42419	80008ee4	08e2c9d3	fsub.s	f19,f5,f14	  f5:0x3f800000 f14:0xcf7ffffb f19=0xe414dac2
     424235.000 ns	     42422	80008ee8	a1e4a3d3	feq.s	x7,f9,f30	  f9:0x7fc00000 f30:0x4aa00000  x7=0x00000000
     424265.000 ns	     42425	80008eec	a13a85d3	fle.s	x11,f21,f19	 f21:0x44a8a000 f19:0xe414dac2 x11=0x00000000
     424285.000 ns	     42427	80008ef0	4036d6b3	sra	x13,x13,x3	 x13:0xffffffff  x3:0x7f800000 x13=0xffffffff
     424295.000 ns	     42428	80008ef4	ac5aa097	auipc	x1,0xac5aa	  x1=0x2c5b2ef4
     424315.000 ns	     42430	80008ef8	020b6733	rem	x14,x22,x0	 x22:0x00000000  x0:0x00000000 x14=0x00000000
     424335.000 ns	     42432	80008efc	01645613	srli	x12,x8,0x16	  x8:0x00000002 x12=0x00000000
     424345.000 ns	     42433	80008f00	00822cb3	slt	x25,x4,x8	  x4:0x000002c8  x8:0x00000002 x25=0x00000000
     424365.000 ns	     42435	80008f04	29019bd3	fmax.s	f23,f3,f16	  f3:0x4f3b290d f16:0x7fc00000 f23=0x4f3b290d
     424385.000 ns	     42437	80008f08	dd116d13	ori	x26,x2,-559	  x2:0x00000000 x26=0xfffffdd1
     424405.000 ns	     42439	80008f0c	03b317b3	mulh	x15,x6,x27	  x6:0x00000000 x27:0xffffffff x15=0x00000000
     424435.000 ns	     42442	80008f10	027fcc33	div	x24,x31,x7	 x31:0xfafeddbe  x7:0x00000000 x24=0xffffffff
     424455.000 ns	     42444	80008f14	01263333	sltu	x6,x12,x18	 x12:0x00000000 x18:0x00000000  x6=0x00000000
     424815.000 ns	     42480	80008f18	02d3d133	divu	x2,x7,x13	  x7:0x00000000 x13:0xffffffff  x2=0x00000000
     424845.000 ns	     42483	80008f1c	03e504b3	mul	x9,x10,x30	 x10:0xa11e0048 x30:0x0001135c  x9=0x211571e0
     424885.000 ns	     42487	80008f20	1040f153	fmul.s	f2,f1,f4	  f1:0x4e89ea7c  f4:0x3f800000  f2=0x4e89ea7c
     424915.000 ns	     42490	80008f24	e00f0cd3	fmv.x.w	x25,f30	 f30:0x4aa00000 x25=0x4aa00000
     424945.000 ns	     42493	80008f28	d00e7ad3	fcvt.s.w	f21,x28	 x28:0x00000000 f21=0x00000000
     424965.000 ns	     42495	80008f2c	01a3b233	sltu	x4,x7,x26	  x7:0x00000000 x26:0xfffffdd1  x4=0x00000001
     424975.000 ns	     42496	80008f30	004c26b3	slt	x13,x24,x4	 x24:0xffffffff  x4:0x000002c8 x13=0x00000001
     424985.000 ns	     42497	80008f34	00aec633	xor	x12,x29,x10	 x29:0x80040fe4 x10:0xa11e0048 x12=0x211a0fac
     425005.000 ns	     42499	80008f38	e00287d3	fmv.x.w	x15,f5	  f5:0x3f800000 x15=0x3f800000
     425035.000 ns	     42502	80008f3c	e00f03d3	fmv.x.w	x7,f30	 f30:0x4aa00000  x7=0x4aa00000
     425065.000 ns	     42505	80008f40	d01979d3	fcvt.s.wu	f19,x18	 x18:0x00000000 f19=0x00000000
     425435.000 ns	     42542	80008f44	02a7c233	div	x4,x15,x10	 x15:0x3f800000 x10:0xa11e0048  x4=0x00000000
     425805.000 ns	     42579	80008f48	02314f33	div	x30,x2,x3	  x2:0x00000000  x3:0x7f800000 x30=0x00000000
     425825.000 ns	     42581	80008f4c	00c3b2b3	sltu	x5,x7,x12	  x7:0x4aa00000 x12:0x211a0fac  x5=0x00000000
     425845.000 ns	     42583	80008f50	29ea0053	fmin.s	f0,f20,f30	 f20:0xcf7ffffb f30:0x4aa00000  f0=0xcf7ffffb
     425875.000 ns	     42586	80008f54	20182053	fsgnjx.s	f0,f16,f1	 f16:0x7fc00000  f1:0x4e89ea7c  f0=0x7fc00000
     425905.000 ns	     42589	80008f58	d0107d53	fcvt.s.wu	f26,x0	  x0:0x00000000 f26=0x00000000
     425925.000 ns	     42591	80008f5c	400bdb13	srai	x22,x23,0x0	 x23:0x80041024 x22=0x80041024
     425965.000 ns	     42595	80008f60	0815c453	fsub.s	f8,f11,f1	 f11:0x7fc00000  f1:0x4e89ea7c  f8=0x7fc00000
     425985.000 ns	     42597	80008f64	43692613	slti	x12,x18,1078	 x18:0x00000000 x12=0x00000001
     425995.000 ns	     42598	80008f68	9a1d0537	lui	x10,0x9a1d0	 x10=0x9a1d0000
     426035.000 ns	     42602	80008f6c	015a2353	fadd.s	f6,f20,f21	 f20:0xcf7ffffb f21:0x00000000  f6=0xcf7ffffb
     426055.000 ns	     42604	80008f70	5f75b913	sltiu	x18,x11,1527	 x11:0x00000000 x18=0x00000001
     426065.000 ns	     42605	80008f74	ed6d7113	andi	x2,x26,-298	 x26:0xfffffdd1  x2=0xfffffcd0
     426085.000 ns	     42607	80008f78	d009af53	fcvt.s.w	f30,x19	 x19:0x00000000 f30=0x00000000
     426105.000 ns	     42609	80008f7c	01e5b5b3	sltu	x11,x11,x30	 x11:0x00000000 x30:0x00000000 x11=0x00000000
     426125.000 ns	     42611	80008f80	027d24b3	mulhsu	x9,x26,x7	 x26:0xfffffdd1  x7:0x4aa00000  x9=0xffffff5d
     426145.000 ns	     42613	80008f84	00000013	addi	x0,x0,0	  x0:0x00000000
     426165.000 ns	     42615	80008f88	21f79853	fsgnjn.s	f16,f15,f31	 f15:0x4f800000 f31:0x4ea7649a f16=0xcf800000
     426195.000 ns	     42618	80008f8c	20a21fd3	fsgnjn.s	f31,f4,f10	  f4:0x3f800000 f10:0x5ee1fc38 f31=0xbf800000
     426225.000 ns	     42621	80008f90	28a91153	fmax.s	f2,f18,f10	 f18:0xcefff7e0 f10:0x5ee1fc38  f2=0x5ee1fc38
     426245.000 ns	     42623	80008f94	003cb9b3	sltu	x19,x25,x3	 x25:0x4aa00000  x3:0x7f800000 x19=0x00000001
     426255.000 ns	     42624	80008f98	00c5b5b3	sltu	x11,x11,x12	 x11:0x00000000 x12:0x00000001 x11=0x00000001
     426275.000 ns	     42626	80008f9c	f00e81d3	fmv.w.x	f3,x29	 x29:0x80040fe4  f3=0x80040fe4
     426295.000 ns	     42628	80008fa0	01ea35b3	sltu	x11,x20,x30	 x20:0x00000000 x30:0x00000000 x11=0x00000000
     426315.000 ns	     42630	80008fa4	03ed7533	remu	x10,x26,x30	 x26:0xfffffdd1 x30:0x00000000 x10=0xfffffdd1
     426335.000 ns	     42632	80008fa8	eaf60a13	addi	x20,x12,-337	 x12:0x00000001 x20=0xfffffeb0
     426355.000 ns	     42634	80008fac	f00f0053	fmv.w.x	f0,x30	 x30:0x00000000  f0=0x00000000
     426375.000 ns	     42636	80008fb0	01e722b3	slt	x5,x14,x30	 x14:0x00000000 x30:0x00000000  x5=0x00000000
     426395.000 ns	     42638	80008fb4	f0060fd3	fmv.w.x	f31,x12	 x12:0x00000001 f31=0x00000001
     426765.000 ns	     42675	80008fb8	03bbc7b3	div	x15,x23,x27	 x23:0x80041024 x27:0xffffffff x15=0x7ffbefdc
     426795.000 ns	     42678	80008fbc	a076ac53	feq.s	x24,f13,f7	 f13:0x00000000  f7:0x44a8a000 x24=0x00000000
     426825.000 ns	     42681	80008fc0	021295b3	mulh	x11,x5,x1	  x5:0x00000000  x1:0x2c5b2ef4 x11=0x00000000
     426845.000 ns	     42683	80008fc4	41bb8bb3	sub	x23,x23,x27	 x23:0x80041024 x27:0xffffffff x23=0x80041025
     426865.000 ns	     42685	80008fc8	e0099bd3	fclass.s	x23,f19	 f19:0x00000000 x23=0x00000010
     426895.000 ns	     42688	80008fcc	a1200b53	fle.s	x22,f0,f18	  f0:0x00000000 f18:0xcefff7e0 x22=0x00000000
     426915.000 ns	     42690	80008fd0	01e05133	srl	x2,x0,x30	  x0:0x00000000 x30:0x00000000  x2=0x00000000
     426925.000 ns	     42691	80008fd4	01fd84b3	add	x9,x27,x31	 x27:0xffffffff x31:0xfafeddbe  x9=0xfafeddbd
     426935.000 ns	     42692	80008fd8	40aed393	srai	x7,x29,0xa	 x29:0x80040fe4  x7=0xffe00103
     426945.000 ns	     42693	80008fdc	00fa5c33	srl	x24,x20,x15	 x20:0xfffffeb0 x15:0x7ffbefdc x24=0x0000000f
     426955.000 ns	     42694	80008fe0	00670bb3	add	x23,x14,x6	 x14:0x00000000  x6:0x00000000 x23=0x00000000
     426965.000 ns	     42695	80008fe4	def0f993	andi	x19,x1,-529	  x1:0x2c5b2ef4 x19=0x2c5b2ce4
     426985.000 ns	     42697	80008fe8	03271ab3	mulh	x21,x14,x18	 x14:0x00000000 x18:0x00000001 x21=0x00000000
     427015.000 ns	     42700	80008fec	e00811d3	fclass.s	x3,f16	 f16:0xcf800000  x3=0x00000002
     427045.000 ns	     42703	80008ff0	e00402d3	fmv.x.w	x5,f8	  f8:0x7fc00000  x5=0x7fc00000
     427065.000 ns	     42705	80008ff4	00366533	or	x10,x12,x3	 x12:0x00000001  x3:0x00000002 x10=0x00000003
     427075.000 ns	     42706	80008ff8	00e67a33	and	x20,x12,x14	 x12:0x00000001 x14:0x00000000 x20=0x00000000
     427095.000 ns	     42708	80008ffc	a08a8453	fle.s	x8,f21,f8	 f21:0x00000000  f8:0x7fc00000  x8=0x00000000
     427115.000 ns	     42710	80009000	00cf8bb3	add	x23,x31,x12	 x31:0xfafeddbe x12:0x00000001 x23=0xfafeddbf
     427135.000 ns	     42712	80009004	02ee86b3	mul	x13,x29,x14	 x29:0x80040fe4 x14:0x00000000 x13=0x00000000
     427165.000 ns	     42715	80009008	02770133	mul	x2,x14,x7	 x14:0x00000000  x7:0xffe00103  x2=0x00000000
     427195.000 ns	     42718	8000900c	a00491d3	flt.s	x3,f9,f0	  f9:0x7fc00000  f0:0x00000000  x3=0x00000000
     427225.000 ns	     42721	80009010	02262b33	mulhsu	x22,x12,x2	 x12:0x00000001  x2:0x00000000 x22=0x00000000
     428405.000 ns	     42839	80009014	5803a453	fsqrt.s	f8,f7	  f7:0x44a8a000  f8=0x4212ea16
     428425.000 ns	     42841	80009018	01b157b3	srl	x15,x2,x27	  x2:0x00000000 x27:0xffffffff x15=0x00000000
     428435.000 ns	     42842	8000901c	0079bab3	sltu	x21,x19,x7	 x19:0x2c5b2ce4  x7:0xffe00103 x21=0x00000001
     428455.000 ns	     42844	80009020	034b2633	mulhsu	x12,x22,x20	 x22:0x00000000 x20:0x00000000 x12=0x00000000
     428475.000 ns	     42846	80009024	017b1e33	sll	x28,x22,x23	 x22:0x00000000 x23:0xfafeddbf x28=0x00000000
     428495.000 ns	     42848	80009028	f0050fd3	fmv.w.x	f31,x10	 x10:0x00000003 f31=0x00000003
     428525.000 ns	     42851	8000902c	298781d3	fmin.s	f3,f15,f24	 f15:0x4f800000 f24:0xb67fffae  f3=0xb67fffae
     428555.000 ns	     42854	80009030	c00b7753	fcvt.w.s	x14,f22	 f22:0xcf7ffffb x14=0x80000000
     428585.000 ns	     42857	80009034	21810153	fsgnj.s	f2,f2,f24	  f2:0x5ee1fc38 f24:0xb67fffae  f2=0xdee1fc38
     428615.000 ns	     42860	80009038	28ae9753	fmax.s	f14,f29,f10	 f29:0x7fc00000 f10:0x5ee1fc38 f14=0x5ee1fc38
     428645.000 ns	     42863	8000903c	0244e9b3	rem	x19,x9,x4	  x9:0xfafeddbd  x4:0x00000000 x19=0xfafeddbd
     428665.000 ns	     42865	80009040	d91b6693	ori	x13,x22,-623	 x22:0x00000000 x13=0xfffffd91
     428685.000 ns	     42867	80009044	a18e99d3	flt.s	x19,f29,f24	 f29:0x7fc00000 f24:0xb67fffae x19=0x00000000
     428705.000 ns	     42869	80009048	85b8e093	ori	x1,x17,-1957	 x17:0x80041024  x1=0xfffff87f
     428715.000 ns	     42870	8000904c	01649013	slli	x0,x9,0x16	  x9:0xfafeddbd
     428725.000 ns	     42871	80009050	00b63633	sltu	x12,x12,x11	 x12:0x00000000 x11:0x00000000 x12=0x00000000
     428745.000 ns	     42873	80009054	02d61033	mulh	x0,x12,x13	 x12:0x00000000 x13:0xfffffd91
     428775.000 ns	     42876	80009058	28ef99d3	fmax.s	f19,f31,f14	 f31:0x00000003 f14:0x5ee1fc38 f19=0x5ee1fc38
     428815.000 ns	     42880	8000905c	11e33ed3	fmul.s	f29,f6,f30	  f6:0xcf7ffffb f30:0x00000000 f29=0x80000000
     428845.000 ns	     42883	80009060	d00504d3	fcvt.s.w	f9,x10	 x10:0x00000003  f9=0x40400000
     428875.000 ns	     42886	80009064	c0067dd3	fcvt.w.s	x27,f12	 f12:0xc789ae00 x27=0x0001135c
     428915.000 ns	     42890	80009068	580ef853	fsqrt.s	f16,f29	 f29:0x80000000 f16=0x80000000
     428935.000 ns	     42892	8000906c	56186613	ori	x12,x16,1377	 x16:0xfafeddbe x12=0xfafeddff
     428975.000 ns	     42896	80009070	019df0d3	fadd.s	f1,f27,f25	 f27:0x7fc00000 f25:0x00041024  f1=0x7fc00000
     429005.000 ns	     42899	80009074	28410853	fmin.s	f16,f2,f4	  f2:0xdee1fc38  f4:0x3f800000 f16=0xdee1fc38
     429025.000 ns	     42901	80009078	69858b37	lui	x22,0x69858	 x22=0x69858000
     429035.000 ns	     42902	8000907c	1e010493	addi	x9,x2,480	  x2:0x00000000  x9=0x000001e0
     429055.000 ns	     42904	80009080	a1e10bd3	fle.s	x23,f2,f30	  f2:0xdee1fc38 f30:0x00000000 x23=0x00000001
     429095.000 ns	     42908	80009084	19bf3753	fdiv.s	f14,f30,f27	 f30:0x00000000 f27:0x7fc00000 f14=0x7fc00000
     429115.000 ns	     42910	80009088	eea82f13	slti	x30,x16,-278	 x16:0xfafeddbe x30=0x00000001
     429135.000 ns	     42912	8000908c	e0049353	fclass.s	x6,f9	  f9:0x40400000  x6=0x00000040
     429155.000 ns	     42914	80009090	0049d913	srli	x18,x19,0x4	 x19:0x00000000 x18=0x00000000
     429175.000 ns	     42916	80009094	219106d3	fsgnj.s	f13,f2,f25	  f2:0xdee1fc38 f25:0x00041024 f13=0x5ee1fc38
     429205.000 ns	     42919	80009098	03354733	div	x14,x10,x19	 x10:0x00000003 x19:0x00000000 x14=0xffffffff
     429235.000 ns	     42922	8000909c	02350733	mul	x14,x10,x3	 x10:0x00000003  x3:0x00000000 x14=0x00000000
     429265.000 ns	     42925	800090a0	c0177953	fcvt.wu.s	x18,f14	 f14:0x7fc00000 x18=0xffffffff
     429295.000 ns	     42928	800090a4	c016f9d3	fcvt.wu.s	x19,f13	 f13:0x5ee1fc38 x19=0xffffffff
     429325.000 ns	     42931	800090a8	a023a253	feq.s	x4,f7,f2	  f7:0x44a8a000  f2:0xdee1fc38  x4=0x00000000
     429355.000 ns	     42934	800090ac	a0b62953	feq.s	x18,f12,f11	 f12:0xc789ae00 f11:0x7fc00000 x18=0x00000000
     429385.000 ns	     42937	800090b0	02b65db3	divu	x27,x12,x11	 x12:0xfafeddff x11:0x00000000 x27=0xffffffff
     429405.000 ns	     42939	800090b4	ec310d13	addi	x26,x2,-317	  x2:0x00000000 x26=0xfffffec3
     429425.000 ns	     42941	800090b8	020fdf33	divu	x30,x31,x0	 x31:0xfafeddbe  x0:0x00000000 x30=0xffffffff
     429455.000 ns	     42944	800090bc	c0033ad3	fcvt.w.s	x21,f6	  f6:0xcf7ffffb x21=0x80000000
     429475.000 ns	     42946	800090c0	c68f3917	auipc	x18,0xc68f3	 x18=0x468fc0c0
     429495.000 ns	     42948	800090c4	a09c8353	fle.s	x6,f25,f9	 f25:0x00041024  f9:0x40400000  x6=0x00000001
     429525.000 ns	     42951	800090c8	d00a8b53	fcvt.s.w	f22,x21	 x21:0x80000000 f22=0xcf000000
     429555.000 ns	     42954	800090cc	211b9553	fsgnjn.s	f10,f23,f17	 f23:0x4f3b290d f17:0x367ffee6 f10=0xcf3b290d
     429575.000 ns	     42956	800090d0	008aeab3	or	x21,x21,x8	 x21:0x80000000  x8:0x00000000 x21=0x80000000
     429595.000 ns	     42958	800090d4	c0060753	fcvt.w.s	x14,f12	 f12:0xc789ae00 x14=0xfffeeca4
     429625.000 ns	     42961	800090d8	03c13bb3	mulhu	x23,x2,x28	  x2:0x00000000 x28:0x00000000 x23=0x00000000
     429645.000 ns	     42963	800090dc	4d624193	xori	x3,x4,1238	  x4:0x00000000  x3=0x000004d6
     429675.000 ns	     42966	800090e0	194e0953	fdiv.s	f18,f28,f20	 f28:0x00000000 f20:0xcf7ffffb f18=0x80000000
     429705.000 ns	     42969	800090e4	a12a1553	flt.s	x10,f20,f18	 f20:0xcf7ffffb f18:0xcefff7e0 x10=0x00000001
     429735.000 ns	     42972	800090e8	03a38a33	mul	x20,x7,x26	  x7:0xffe00103 x26:0xfffffec3 x20=0x279ebf49
     429755.000 ns	     42974	800090ec	a6776593	ori	x11,x14,-1433	 x14:0xfffeeca4 x11=0xfffffee7
     429795.000 ns	     42978	800090f0	09357053	fsub.s	f0,f10,f19	 f10:0xcf3b290d f19:0x5ee1fc38  f0=0xdee1fc38
     429825.000 ns	     42981	800090f4	f0060e53	fmv.w.x	f28,x12	 x12:0xfafeddff f28=0xfafeddff
     429855.000 ns	     42984	800090f8	020eacb3	mulhsu	x25,x29,x0	 x29:0x80040fe4  x0:0x00000000 x25=0x00000000
     430225.000 ns	     43021	800090fc	03b5c233	div	x4,x11,x27	 x11:0xfffffee7 x27:0xffffffff  x4=0x00000119
     430255.000 ns	     43024	80009100	a15c8553	fle.s	x10,f25,f21	 f25:0x00041024 f21:0x00000000 x10=0x00000000
     430275.000 ns	     43026	80009104	001e4233	xor	x4,x28,x1	 x28:0x00000000  x1:0xfffff87f  x4=0xfffff87f
     430285.000 ns	     43027	80009108	2cee4f13	xori	x30,x28,718	 x28:0x00000000 x30=0x000002ce
     430295.000 ns	     43028	8000910c	00371ab3	sll	x21,x14,x3	 x14:0xfffeeca4  x3:0x000004d6 x21=0x29000000
     430305.000 ns	     43029	80009110	7b716793	ori	x15,x2,1975	  x2:0x00000000 x15=0x000007b7
     430315.000 ns	     43030	80009114	2eb865b7	lui	x11,0x2eb86	 x11=0x2eb86000
     430645.000 ns	     43063	80009118	19c57c53	fdiv.s	f24,f10,f28	 f10:0xcf3b290d f28:0xfafeddff f24=0x13bb290e
     430665.000 ns	     43065	8000911c	018e76b3	and	x13,x28,x24	 x28:0x00000000 x24:0x0000000f x13=0x00000000
     430705.000 ns	     43069	80009120	00b7f9d3	fadd.s	f19,f15,f11	 f15:0x4f800000 f11:0x7fc00000 f19=0x7fc00000
     430735.000 ns	     43072	80009124	28379953	fmax.s	f18,f15,f3	 f15:0x4f800000  f3:0xb67fffae f18=0x4f800000
     431105.000 ns	     43109	80009128	023ecdb3	div	x27,x29,x3	 x29:0x80040fe4  x3:0x000004d6 x27=0xffe588e8
     431125.000 ns	     43111	8000912c	00ab75b3	and	x11,x22,x10	 x22:0x69858000 x10:0x00000000 x11=0x00000000
     431145.000 ns	     43113	80009130	02ad26b3	mulhsu	x13,x26,x10	 x26:0xfffffec3 x10:0x00000000 x13=0x00000000
     431175.000 ns	     43116	80009134	28211853	fmax.s	f16,f2,f2	  f2:0xdee1fc38  f2:0xdee1fc38 f16=0xdee1fc38
     431205.000 ns	     43119	80009138	a157a553	feq.s	x10,f15,f21	 f15:0x4f800000 f21:0x00000000 x10=0x00000000
     431245.000 ns	     43123	8000913c	10e478d3	fmul.s	f17,f8,f14	  f8:0x4212ea16 f14:0x7fc00000 f17=0x7fc00000
     431265.000 ns	     43125	80009140	00f0dab3	srl	x21,x1,x15	  x1:0xfffff87f x15:0x000007b7 x21=0x000001ff
     431285.000 ns	     43127	80009144	f00a8353	fmv.w.x	f6,x21	 x21:0x29000000  f6=0x000001ff
     431315.000 ns	     43130	80009148	023a0533	mul	x10,x20,x3	 x20:0x279ebf49  x3:0x000004d6 x10=0x99b10b06
     431345.000 ns	     43133	8000914c	208328d3	fsgnjx.s	f17,f6,f8	  f6:0x000001ff  f8:0x4212ea16 f17=0x000001ff
     431365.000 ns	     43135	80009150	00ad2733	slt	x14,x26,x10	 x26:0xfffffec3 x10:0x99b10b06 x14=0x00000000
     431375.000 ns	     43136	80009154	00000013	addi	x0,x0,0	  x0:0x00000000
     431735.000 ns	     43172	80009158	03416e33	rem	x28,x2,x20	  x2:0x00000000 x20:0x279ebf49 x28=0x00000000
     431765.000 ns	     43175	8000915c	02d0f733	remu	x14,x1,x13	  x1:0xfffff87f x13:0x00000000 x14=0xfffff87f
     431785.000 ns	     43177	80009160	ded9f193	andi	x3,x19,-531	 x19:0xffffffff  x3=0xfffffded
     431795.000 ns	     43178	80009164	21db7117	auipc	x2,0x21db7	  x2=0xa1dc0164
     431805.000 ns	     43179	80009168	012c5733	srl	x14,x24,x18	 x24:0x0000000f x18:0x468fc0c0 x14=0x0000000f
     431815.000 ns	     43180	8000916c	c54b0717	auipc	x14,0xc54b0	 x14=0x454b916c
     431835.000 ns	     43182	80009170	c00afe53	fcvt.w.s	x28,f21	 f21:0x00000000 x28=0x00000000
     431865.000 ns	     43185	80009174	03f58433	mul	x8,x11,x31	 x11:0x00000000 x31:0xfafeddbe  x8=0x00000000
     431895.000 ns	     43188	80009178	a18b1d53	flt.s	x26,f22,f24	 f22:0xcf000000 f24:0x13bb290e x26=0x00000001
     431925.000 ns	     43191	8000917c	02d92d33	mulhsu	x26,x18,x13	 x18:0x468fc0c0 x13:0x00000000 x26=0x00000000
     431945.000 ns	     43193	80009180	00bcd413	srli	x8,x25,0xb	 x25:0x00000000  x8=0x00000000
     431965.000 ns	     43195	80009184	f00307d3	fmv.w.x	f15,x6	  x6:0x00000001 f15=0x00000001
     431995.000 ns	     43198	80009188	023004b3	mul	x9,x0,x3	  x0:0x00000000  x3:0xfffffded  x9=0x00000000
     432045.000 ns	     43203	8000918c	0164b4d3	fadd.s	f9,f9,f22	  f9:0x40400000 f22:0xcf000000  f9=0xcefffffe
     432075.000 ns	     43206	80009190	a15927d3	feq.s	x15,f18,f21	 f18:0x4f800000 f21:0x00000000 x15=0x00000000
     432105.000 ns	     43209	80009194	28de8453	fmin.s	f8,f29,f13	 f29:0x80000000 f13:0x5ee1fc38  f8=0x80000000
     432135.000 ns	     43212	80009198	a0df16d3	flt.s	x13,f30,f13	 f30:0x00000000 f13:0x5ee1fc38 x13=0x00000001
     432155.000 ns	     43214	8000919c	15dacd93	xori	x27,x21,349	 x21:0x000001ff x27=0x000000a2
     432175.000 ns	     43216	800091a0	d007fb53	fcvt.s.w	f22,x15	 x15:0x00000000 f22=0x00000000
     432205.000 ns	     43219	800091a4	037ad333	divu	x6,x21,x23	 x21:0x000001ff x23:0x00000000  x6=0xffffffff
     432575.000 ns	     43256	800091a8	026a4033	div	x0,x20,x6	 x20:0x279ebf49  x6:0x00000001
     432595.000 ns	     43258	800091ac	01049193	slli	x3,x9,0x10	  x9:0x00000000  x3=0x00000000
     432605.000 ns	     43259	800091b0	71957a13	andi	x20,x10,1817	 x10:0x99b10b06 x20=0x00000300
     432625.000 ns	     43261	800091b4	a0d111d3	flt.s	x3,f2,f13	  f2:0xdee1fc38 f13:0x5ee1fc38  x3=0x00000001
     432645.000 ns	     43263	800091b8	36e7ca17	auipc	x20,0x36e7c	 x20=0xb6e851b8
     432655.000 ns	     43264	800091bc	41e2d6b3	sra	x13,x5,x30	  x5:0x7fc00000 x30:0x000002ce x13=0x0001ff00
     432675.000 ns	     43266	800091c0	20371cd3	fsgnjn.s	f25,f14,f3	 f14:0x7fc00000  f3:0xb67fffae f25=0x7fc00000
     432695.000 ns	     43268	800091c4	36517617	auipc	x12,0x36517	 x12=0xb65201c4
     432705.000 ns	     43269	800091c8	00198b13	addi	x22,x19,1	 x19:0xffffffff x22=0x00000000
     432715.000 ns	     43270	800091cc	00000013	addi	x0,x0,0	  x0:0x00000000
     432735.000 ns	     43272	800091d0	03a26433	rem	x8,x4,x26	  x4:0xfffff87f x26:0x00000000  x8=0xfffff87f
     432765.000 ns	     43275	800091d4	292d95d3	fmax.s	f11,f27,f18	 f27:0x7fc00000 f18:0x4f800000 f11=0x4f800000
     432785.000 ns	     43277	800091d8	00338cb3	add	x25,x7,x3	  x7:0xffe00103  x3:0x00000001 x25=0xffe00104
     432805.000 ns	     43279	800091dc	d00ffe53	fcvt.s.w	f28,x31	 x31:0xfafeddbe f28=0xcca02448
     432825.000 ns	     43281	800091e0	01250e33	add	x28,x10,x18	 x10:0x99b10b06 x18:0x468fc0c0 x28=0xe040cbc6
     432835.000 ns	     43282	800091e4	40455913	srai	x18,x10,0x4	 x10:0x99b10b06 x18=0xf99b10b0
     432845.000 ns	     43283	800091e8	6b2dc397	auipc	x7,0x6b2dc	  x7=0xeb2e51e8
     432855.000 ns	     43284	800091ec	6d92c413	xori	x8,x5,1753	  x5:0x7fc00000  x8=0x7fc006d9
     432865.000 ns	     43285	800091f0	00fbe233	or	x4,x23,x15	 x23:0x00000000 x15:0x00000000  x4=0x00000000
     432885.000 ns	     43287	800091f4	02828733	mul	x14,x5,x8	  x5:0x7fc00000  x8:0xfffff87f x14=0xc9c00000
     432905.000 ns	     43289	800091f8	01e5b833	sltu	x16,x11,x30	 x11:0x00000000 x30:0x000002ce x16=0x00000001
     432925.000 ns	     43291	800091fc	0274a5b3	mulhsu	x11,x9,x7	  x9:0x00000000  x7:0xeb2e51e8 x11=0x00000000
     432955.000 ns	     43294	80009200	0320bbb3	mulhu	x23,x1,x18	  x1:0xfffff87f x18:0xf99b10b0 x23=0xf99b095e
     432975.000 ns	     43296	80009204	01a73533	sltu	x10,x14,x26	 x14:0xc9c00000 x26:0x00000000 x10=0x00000000
     433015.000 ns	     43300	80009208	01adf9d3	fadd.s	f19,f27,f26	 f27:0x7fc00000 f26:0x00000000 f19=0x7fc00000
     433045.000 ns	     43303	8000920c	a1aea3d3	feq.s	x7,f29,f26	 f29:0x80000000 f26:0x00000000  x7=0x00000001
     433415.000 ns	     43340	80009210	03cd47b3	div	x15,x26,x28	 x26:0x00000000 x28:0xe040cbc6 x15=0x00000000
     433445.000 ns	     43343	80009214	033e87b3	mul	x15,x29,x19	 x29:0x80040fe4 x19:0xffffffff x15=0x7ffbf01c
     433475.000 ns	     43346	80009218	c0031cd3	fcvt.w.s	x25,f6	  f6:0x000001ff x25=0x00000000
     433505.000 ns	     43349	8000921c	03a65bb3	divu	x23,x12,x26	 x12:0xb65201c4 x26:0x00000000 x23=0xffffffff
     433525.000 ns	     43351	80009220	40c8d5b3	sra	x11,x17,x12	 x17:0x80041024 x12:0xb65201c4 x11=0xf8004102
     433545.000 ns	     43353	80009224	289e8ed3	fmin.s	f29,f29,f9	 f29:0x80000000  f9:0xcefffffe f29=0xcefffffe
     433575.000 ns	     43356	80009228	d0103053	fcvt.s.wu	f0,x0	  x0:0x00000000  f0=0x00000000
     433605.000 ns	     43359	8000922c	d01273d3	fcvt.s.wu	f7,x4	  x4:0x00000000  f7=0x00000000
     433975.000 ns	     43396	80009230	022bebb3	rem	x23,x23,x2	 x23:0xffffffff  x2:0xa1dc0164 x23=0xffffffff
     434005.000 ns	     43399	80009234	03fc0f33	mul	x30,x24,x31	 x24:0x0000000f x31:0xfafeddbe x30=0xb4eefe22
     434025.000 ns	     43401	80009238	4113d213	srai	x4,x7,0x11	  x7:0x00000001  x4=0x00000000
     434045.000 ns	     43403	8000923c	29a99ed3	fmax.s	f29,f19,f26	 f19:0x7fc00000 f26:0x00000000 f29=0x00000000
     434075.000 ns	     43406	80009240	a0c320d3	feq.s	x1,f6,f12	  f6:0x000001ff f12:0xc789ae00  x1=0x00000000
     434115.000 ns	     43410	80009244	113fa7d3	fmul.s	f15,f31,f19	 f31:0x00000003 f19:0x7fc00000 f15=0x7fc00000
     434145.000 ns	     43413	80009248	c01c19d3	fcvt.wu.s	x19,f24	 f24:0x13bb290e x19=0x00000000
     434165.000 ns	     43415	8000924c	005a24b3	slt	x9,x20,x5	 x20:0xb6e851b8  x5:0x7fc00000  x9=0x00000001
     434185.000 ns	     43417	80009250	20f1a053	fsgnjx.s	f0,f3,f15	  f3:0xb67fffae f15:0x7fc00000  f0=0xb67fffae
     434205.000 ns	     43419	80009254	db5161b7	lui	x3,0xdb516	  x3=0xdb516000
     434225.000 ns	     43421	80009258	02253233	mulhu	x4,x10,x2	 x10:0x00000000  x2:0xa1dc0164  x4=0x00000000
     434255.000 ns	     43424	8000925c	d00cc0d3	fcvt.s.w	f1,x25	 x25:0x00000000  f1=0x00000000
     434285.000 ns	     43427	80009260	21b29e53	fsgnjn.s	f28,f5,f27	  f5:0x3f800000 f27:0x7fc00000 f28=0xbf800000
     434315.000 ns	     43430	80009264	036a7433	remu	x8,x20,x22	 x20:0xb6e851b8 x22:0x00000000  x8=0xb6e851b8
     434335.000 ns	     43432	80009268	00f99913	slli	x18,x19,0xf	 x19:0x00000000 x18=0x00000000
     434355.000 ns	     43434	8000926c	f0070453	fmv.w.x	f8,x14	 x14:0xc9c00000  f8=0xc9c00000
     434725.000 ns	     43471	80009270	02e55233	divu	x4,x10,x14	 x10:0x00000000 x14:0xc9c00000  x4=0x00000000
     434745.000 ns	     43473	80009274	3cc0c613	xori	x12,x1,972	  x1:0x00000000 x12=0x000003cc
     434765.000 ns	     43475	80009278	a13c86d3	fle.s	x13,f25,f19	 f25:0x7fc00000 f19:0x7fc00000 x13=0x00000000
     434795.000 ns	     43478	8000927c	f0040153	fmv.w.x	f2,x8	  x8:0xb6e851b8  f2=0xb6e851b8
     434825.000 ns	     43481	80009280	a0b88cd3	fle.s	x25,f17,f11	 f17:0x000001ff f11:0x4f800000 x25=0x00000001
     434845.000 ns	     43483	80009284	00e7b833	sltu	x16,x15,x14	 x15:0x7ffbf01c x14:0xc9c00000 x16=0x00000001
     434855.000 ns	     43484	80009288	00a99ab3	sll	x21,x19,x10	 x19:0x00000000 x10:0x00000000 x21=0x00000000
     434865.000 ns	     43485	8000928c	01524db3	xor	x27,x4,x21	  x4:0x00000000 x21:0x000001ff x27=0x00000000
     434875.000 ns	     43486	80009290	6fe78313	addi	x6,x15,1790	 x15:0x7ffbf01c  x6=0x7ffbf71a
     434885.000 ns	     43487	80009294	00465833	srl	x16,x12,x4	 x12:0x000003cc  x4:0x00000000 x16=0x000003cc
     434905.000 ns	     43489	80009298	a0fd86d3	fle.s	x13,f27,f15	 f27:0x7fc00000 f15:0x7fc00000 x13=0x00000000
     435245.000 ns	     43523	8000929c	19890353	fdiv.s	f6,f18,f24	 f18:0x4f800000 f24:0x13bb290e  f6=0x7b34b4b6
     435265.000 ns	     43525	800092a0	00530a93	addi	x21,x6,5	  x6:0x7ffbf71a x21=0x7ffbf71f
     435275.000 ns	     43526	800092a4	01ca9793	slli	x15,x21,0x1c	 x21:0x00000000 x15=0xf0000000
     435295.000 ns	     43528	800092a8	28760cd3	fmin.s	f25,f12,f7	 f12:0xc789ae00  f7:0x00000000 f25=0xc789ae00
     435315.000 ns	     43530	800092ac	bfe83913	sltiu	x18,x16,-1026	 x16:0x000003cc x18=0x00000001
     435335.000 ns	     43532	800092b0	219593d3	fsgnjn.s	f7,f11,f25	 f11:0x4f800000 f25:0xc789ae00  f7=0x4f800000
     435355.000 ns	     43534	800092b4	01908933	add	x18,x1,x25	  x1:0x00000000 x25:0x00000001 x18=0x00000001
     435365.000 ns	     43535	800092b8	0013d533	srl	x10,x7,x1	  x7:0x00000001  x1:0x00000000 x10=0x00000001
     435375.000 ns	     43536	800092bc	00daee33	or	x28,x21,x13	 x21:0x7ffbf71f x13:0x00000000 x28=0x7ffbf71f
     435385.000 ns	     43537	800092c0	00ac60b3	or	x1,x24,x10	 x24:0x0000000f x10:0x00000000  x1=0x0000000f
     435425.000 ns	     43541	800092c4	08437ed3	fsub.s	f29,f6,f4	  f6:0x7b34b4b6  f4:0x3f800000 f29=0x7b34b4b6
     435795.000 ns	     43578	800092c8	0286f3b3	remu	x7,x13,x8	 x13:0x00000000  x8:0xb6e851b8  x7=0x00000000
     435825.000 ns	     43581	800092cc	020ea833	mulhsu	x16,x29,x0	 x29:0x80040fe4  x0:0x00000000 x16=0x00000000
     435845.000 ns	     43583	800092d0	01fe6833	or	x16,x28,x31	 x28:0x7ffbf71f x31:0xfafeddbe x16=0xffffffbf
     436205.000 ns	     43619	800092d4	03814333	div	x6,x2,x24	  x2:0xa1dc0164 x24:0x0000000f  x6=0xf9b9556e
     436225.000 ns	     43621	800092d8	00000013	addi	x0,x0,0	  x0:0x00000000
     436235.000 ns	     43622	800092dc	00d0a133	slt	x2,x1,x13	  x1:0x0000000f x13:0x00000000  x2=0x00000000
     436265.000 ns	     43625	800092e0	1058f1d3	fmul.s	f3,f17,f5	 f17:0x000001ff  f5:0x3f800000  f3=0x00000200
     436295.000 ns	     43628	800092e4	29149353	fmax.s	f6,f9,f17	  f9:0xcefffffe f17:0x000001ff  f6=0x000001ff
     436665.000 ns	     43665	800092e8	03156333	rem	x6,x10,x17	 x10:0x00000001 x17:0x80041024  x6=0x00000001
     436685.000 ns	     43667	800092ec	009492b3	sll	x5,x9,x9	  x9:0x00000001  x9:0x00000001  x5=0x00000002
     436695.000 ns	     43668	800092f0	015dc433	xor	x8,x27,x21	 x27:0x00000000 x21:0x7ffbf71f  x8=0x7ffbf71f
     436715.000 ns	     43670	800092f4	d002f4d3	fcvt.s.w	f9,x5	  x5:0x7fc00000  f9=0x40000000
     436735.000 ns	     43672	800092f8	01449d13	slli	x26,x9,0x14	  x9:0x00000001 x26=0x00100000
     436755.000 ns	     43674	800092fc	290897d3	fmax.s	f15,f17,f16	 f17:0x000001ff f16:0xdee1fc38 f15=0x000001ff
     436775.000 ns	     43676	80009300	41f8d413	srai	x8,x17,0x1f	 x17:0x80041024  x8=0xffffffff
     436785.000 ns	     43677	80009304	831c3237	lui	x4,0x831c3	  x4=0x831c3000
     436795.000 ns	     43678	80009308	00874bb3	xor	x23,x14,x8	 x14:0xc9c00000  x8:0x7ffbf71f x23=0x363fffff
     437155.000 ns	     43714	8000930c	0258cc33	div	x24,x17,x5	 x17:0x80041024  x5:0x00000002 x24=0xc0020812
     437185.000 ns	     43717	80009310	a13fa853	feq.s	x16,f31,f19	 f31:0x00000003 f19:0x7fc00000 x16=0x00000000
     437205.000 ns	     43719	80009314	ec50f093	andi	x1,x1,-315	  x1:0x0000000f  x1=0x00000005
     437245.000 ns	     43723	80009318	017376d3	fadd.s	f13,f6,f23	  f6:0x000001ff f23:0x4f3b290d f13=0x4f3b290d
     437275.000 ns	     43726	8000931c	c00c3f53	fcvt.w.s	x30,f24	 f24:0x13bb290e x30=0x00000000
     437305.000 ns	     43729	80009320	c01626d3	fcvt.wu.s	x13,f12	 f12:0xc789ae00 x13=0x0001135c
     437355.000 ns	     43734	80009324	011795d3	fadd.s	f11,f15,f17	 f15:0x000001ff f17:0x000001ff f11=0x000003fe
     437375.000 ns	     43736	80009328	4041d793	srai	x15,x3,0x4	  x3:0xdb516000 x15=0xfdb51600
     437395.000 ns	     43738	8000932c	0307ad33	mulhsu	x26,x15,x16	 x15:0xf0000000 x16:0x00000000 x26=0x00000000
     437425.000 ns	     43741	80009330	c0027053	fcvt.w.s	x0,f4	  f4:0x3f800000
     437465.000 ns	     43745	80009334	1162fdd3	fmul.s	f27,f5,f22	  f5:0x3f800000 f22:0x00000000 f27=0x00000000
     437485.000 ns	     43747	80009338	39cec113	xori	x2,x29,924	 x29:0x80040fe4  x2=0x80040c78
     437505.000 ns	     43749	8000933c	a18d9653	flt.s	x12,f27,f24	 f27:0x00000000 f24:0x13bb290e x12=0x00000001
     437525.000 ns	     43751	80009340	48bc9db7	lui	x27,0x48bc9	 x27=0x48bc9000
     437545.000 ns	     43753	80009344	a08121d3	feq.s	x3,f2,f8	  f2:0xb6e851b8  f8:0xc9c00000  x3=0x00000000
     437565.000 ns	     43755	80009348	001e12b3	sll	x5,x28,x1	 x28:0x7ffbf71f  x1:0x00000005  x5=0xff7ee3e0
     437575.000 ns	     43756	8000934c	01202bb3	slt	x23,x0,x18	  x0:0x00000000 x18:0x00000001 x23=0x00000001
     437585.000 ns	     43757	80009350	647c7293	andi	x5,x24,1607	 x24:0xc0020812  x5=0x00000002
     437595.000 ns	     43758	80009354	68987d93	andi	x27,x16,1673	 x16:0x00000000 x27=0x00000000
     437625.000 ns	     43761	80009358	105f70d3	fmul.s	f1,f30,f5	 f30:0x00000000  f5:0x3f800000  f1=0x00000000
     437645.000 ns	     43763	8000935c	01fbda33	srl	x20,x23,x31	 x23:0x00000001 x31:0xfafeddbe x20=0x00000000
     437655.000 ns	     43764	80009360	00525733	srl	x14,x4,x5	  x4:0x831c3000  x5:0x00000002 x14=0x20c70c00
     437675.000 ns	     43766	80009364	c01e7353	fcvt.wu.s	x6,f28	 f28:0xbf800000  x6=0x00000001
     437705.000 ns	     43769	80009368	036384b3	mul	x9,x7,x22	  x7:0x00000000 x22:0x00000000  x9=0x00000000
     437725.000 ns	     43771	8000936c	1c03b913	sltiu	x18,x7,448	  x7:0x00000000 x18=0x00000001
     438085.000 ns	     43807	80009370	03f5fcb3	remu	x25,x11,x31	 x11:0xf8004102 x31:0xfafeddbe x25=0xf8004102
     438105.000 ns	     43809	80009374	012da6b3	slt	x13,x27,x18	 x27:0x00000000 x18:0x00000001 x13=0x00000001
     438465.000 ns	     43845	80009378	021d4633	div	x12,x26,x1	 x26:0x00000000  x1:0x00000005 x12=0x00000000
     438485.000 ns	     43847	8000937c	01df6ab3	or	x21,x30,x29	 x30:0x00000000 x29:0x80040fe4 x21=0x80040fe4
     438495.000 ns	     43848	80009380	aab3f613	andi	x12,x7,-1365	  x7:0x00000000 x12=0x00000000
     438515.000 ns	     43850	80009384	03e87633	remu	x12,x16,x30	 x16:0x00000000 x30:0x00000000 x12=0x00000000
     438545.000 ns	     43853	80009388	213b2bd3	fsgnjx.s	f23,f22,f19	 f22:0x00000000 f19:0x7fc00000 f23=0x00000000
     438575.000 ns	     43856	8000938c	e00789d3	fmv.x.w	x19,f15	 f15:0x000001ff x19=0x000001ff
     438605.000 ns	     43859	80009390	209d2553	fsgnjx.s	f10,f26,f9	 f26:0x00000000  f9:0x40000000 f10=0x00000000
     438635.000 ns	     43862	80009394	a0dc89d3	fle.s	x19,f25,f13	 f25:0xc789ae00 f13:0x4f3b290d x19=0x00000001
     438675.000 ns	     43866	80009398	580cc9d3	fsqrt.s	f19,f25	 f25:0xc789ae00 f19=0x7fc00000
     439815.000 ns	     43980	8000939c	58018053	fsqrt.s	f0,f3	  f3:0x00000200  f0=0x1f350758
     439835.000 ns	     43982	800093a0	009c5713	srli	x14,x24,0x9	 x24:0xc0020812 x14=0x00600104
     439845.000 ns	     43983	800093a4	01b3d093	srli	x1,x7,0x1b	  x7:0x00000000  x1=0x00000000
     439865.000 ns	     43985	800093a8	02532a33	mulhsu	x20,x6,x5	  x6:0x00000001  x5:0x00000002 x20=0x00000000
     439885.000 ns	     43987	800093ac	00000013	addi	x0,x0,0	  x0:0x00000000
     439895.000 ns	     43988	800093b0	01b35333	srl	x6,x6,x27	  x6:0x00000001 x27:0x00000000  x6=0x00000001
     439905.000 ns	     43989	800093b4	01793633	sltu	x12,x18,x23	 x18:0x00000001 x23:0x00000001 x12=0x00000000
     439915.000 ns	     43990	800093b8	9ae96c13	ori	x24,x18,-1618	 x18:0x00000001 x24=0xfffff9af
     439935.000 ns	     43992	800093bc	03ab4233	div	x4,x22,x26	 x22:0x00000000 x26:0x00000000  x4=0xffffffff
     439955.000 ns	     43994	800093c0	01d3c013	xori	x0,x7,29	  x7:0x00000000
     439975.000 ns	     43996	800093c4	a1b7a2d3	feq.s	x5,f15,f27	 f15:0x000001ff f27:0x00000000  x5=0x00000000
     440015.000 ns	     44000	800093c8	1970ad53	fdiv.s	f26,f1,f23	  f1:0x00000000 f23:0x00000000 f26=0x7fc00000
     440035.000 ns	     44002	800093cc	01fc73b3	and	x7,x24,x31	 x24:0xfffff9af x31:0xfafeddbe  x7=0xfafed9ae
     440045.000 ns	     44003	800093d0	aea77793	andi	x15,x14,-1302	 x14:0x00600104 x15=0x00600000
     440055.000 ns	     44004	800093d4	00f11493	slli	x9,x2,0xf	  x2:0x80040c78  x9=0x063c0000
     440065.000 ns	     44005	800093d8	1ef39b17	auipc	x22,0x1ef39	 x22=0x9ef423d8
     440075.000 ns	     44006	800093dc	01573e33	sltu	x28,x14,x21	 x14:0x00600104 x21:0x80040fe4 x28=0x00000001
     440095.000 ns	     44008	800093e0	20941853	fsgnjn.s	f16,f8,f9	  f8:0xc9c00000  f9:0x40000000 f16=0xc9c00000
     440115.000 ns	     44010	800093e4	e1ce3593	sltiu	x11,x28,-484	 x28:0x7ffbf71f x11=0x00000001
     440135.000 ns	     44012	800093e8	e0030853	fmv.x.w	x16,f6	  f6:0x000001ff x16=0x000001ff
     440165.000 ns	     44015	800093ec	d014f2d3	fcvt.s.wu	f5,x9	  x9:0x063c0000  f5=0x4cc78000
     440185.000 ns	     44017	800093f0	009e72b3	and	x5,x28,x9	 x28:0x00000001  x9:0x063c0000  x5=0x00000000
     440195.000 ns	     44018	800093f4	402e52b3	sra	x5,x28,x2	 x28:0x00000001  x2:0x80040c78  x5=0x00000000
     440205.000 ns	     44019	800093f8	01f54233	xor	x4,x10,x31	 x10:0x00000001 x31:0xfafeddbe  x4=0xfafeddbf
     440215.000 ns	     44020	800093fc	006b4c33	xor	x24,x22,x6	 x22:0x9ef423d8  x6:0x00000001 x24=0x9ef423d9
     440245.000 ns	     44023	80009400	110f06d3	fmul.s	f13,f30,f16	 f30:0x00000000 f16:0xc9c00000 f13=0x80000000
     440265.000 ns	     44025	80009404	40750e33	sub	x28,x10,x7	 x10:0x00000001  x7:0xfafed9ae x28=0x05012653
     440275.000 ns	     44026	80009408	4009d433	sra	x8,x19,x0	 x19:0x00000001  x0:0x00000000  x8=0x00000001
     440295.000 ns	     44028	8000940c	e00e9b53	fclass.s	x22,f29	 f29:0x7b34b4b6 x22=0x00000040
     440635.000 ns	     44062	80009410	1912f153	fdiv.s	f2,f5,f17	  f5:0x4cc78000 f17:0x000001ff  f2=0x7f800000
     440655.000 ns	     44064	80009414	00c980b3	add	x1,x19,x12	 x19:0x00000001 x12:0x00000000  x1=0x00000001
     440675.000 ns	     44066	80009418	02dd91b3	mulh	x3,x27,x13	 x27:0x00000000 x13:0x00000001  x3=0x00000000
     440705.000 ns	     44069	8000941c	28cb8253	fmin.s	f4,f23,f12	 f23:0x00000000 f12:0xc789ae00  f4=0xc789ae00
     440735.000 ns	     44072	80009420	a0aa2453	feq.s	x8,f20,f10	 f20:0xcf7ffffb f10:0x00000000  x8=0x00000000
     440765.000 ns	     44075	80009424	021d0d33	mul	x26,x26,x1	 x26:0x00000000  x1:0x00000001 x26=0x00000000
     440785.000 ns	     44077	80009428	a6273213	sltiu	x4,x14,-1438	 x14:0x00600104  x4=0x00000001
     440805.000 ns	     44079	8000942c	02b802b3	mul	x5,x16,x11	 x16:0x000001ff x11:0x00000001  x5=0x000001ff
     440825.000 ns	     44081	80009430	011b8d33	add	x26,x23,x17	 x23:0x00000001 x17:0x80041024 x26=0x80041025
     440835.000 ns	     44082	80009434	9e7945b7	lui	x11,0x9e794	 x11=0x9e794000
     440855.000 ns	     44084	80009438	02101db3	mulh	x27,x0,x1	  x0:0x00000000  x1:0x00000001 x27=0x00000000
     440885.000 ns	     44087	8000943c	03b749b3	div	x19,x14,x27	 x14:0x00600104 x27:0x00000000 x19=0xffffffff
     441255.000 ns	     44124	80009440	039d5cb3	divu	x25,x26,x25	 x26:0x80041025 x25:0xf8004102 x25=0x00000000
     441285.000 ns	     44127	80009444	a1a78953	fle.s	x18,f15,f26	 f15:0x000001ff f26:0x7fc00000 x18=0x00000000
     441305.000 ns	     44129	80009448	00c25bb3	srl	x23,x4,x12	  x4:0x00000001 x12:0x00000000 x23=0x00000001
     441315.000 ns	     44130	8000944c	39b77313	andi	x6,x14,923	 x14:0x00600104  x6=0x00000100
     441675.000 ns	     44166	80009450	02e84633	div	x12,x16,x14	 x16:0x000001ff x14:0x00600104 x12=0x00000000
     441705.000 ns	     44169	80009454	d01ebfd3	fcvt.s.wu	f31,x29	 x29:0x80040fe4 f31=0x4f000410
     441725.000 ns	     44171	80009458	01dd5b93	srli	x23,x26,0x1d	 x26:0x80041025 x23=0x00000004
     441735.000 ns	     44172	8000945c	b8356817	auipc	x16,0xb8356	 x16=0x3835f45c
     441745.000 ns	     44173	80009460	01091c33	sll	x24,x18,x16	 x18:0x00000000 x16:0x000001ff x24=0x00000000
     441755.000 ns	     44174	80009464	00256033	or	x0,x10,x2	 x10:0x00000001  x2:0x80040c78
     441765.000 ns	     44175	80009468	005ce5b3	or	x11,x25,x5	 x25:0x00000000  x5:0x000001ff x11=0x000001ff
     441775.000 ns	     44176	8000946c	01b101b3	add	x3,x2,x27	  x2:0x80040c78 x27:0x00000000  x3=0x80040c78
     441795.000 ns	     44178	80009470	a055add3	feq.s	x27,f11,f5	 f11:0x000003fe  f5:0x4cc78000 x27=0x00000000
     441825.000 ns	     44181	80009474	215993d3	fsgnjn.s	f7,f19,f21	 f19:0x7fc00000 f21:0x00000000  f7=0xffc00000
     441855.000 ns	     44184	80009478	f0050dd3	fmv.w.x	f27,x10	 x10:0x00000001 f27=0x00000001
     441875.000 ns	     44186	8000947c	9c6e4b93	xori	x23,x28,-1594	 x28:0x05012653 x23=0xfafedf95
     441895.000 ns	     44188	80009480	032af333	remu	x6,x21,x18	 x21:0x80040fe4 x18:0x00000000  x6=0x80040fe4
     441915.000 ns	     44190	80009484	01ecad33	slt	x26,x25,x30	 x25:0x00000000 x30:0x00000000 x26=0x00000000
     441925.000 ns	     44191	80009488	41b9db13	srai	x22,x19,0x1b	 x19:0xffffffff x22=0xffffffff
     441945.000 ns	     44193	8000948c	21fdaed3	fsgnjx.s	f29,f27,f31	 f27:0x00000001 f31:0x4f000410 f29=0x00000001
     441985.000 ns	     44197	80009490	11467fd3	fmul.s	f31,f12,f20	 f12:0xc789ae00 f20:0xcf7ffffb f31=0x5789adfd
     442015.000 ns	     44200	80009494	0393dab3	divu	x21,x7,x25	  x7:0xfafed9ae x25:0x00000000 x21=0xffffffff
     442355.000 ns	     44234	80009498	18922053	fdiv.s	f0,f4,f9	  f4:0xc789ae00  f9:0x40000000  f0=0xc692551c
     442385.000 ns	     44237	8000949c	03010b33	mul	x22,x2,x16	  x2:0x80040c78 x16:0x3835f45c x22=0xb22edb20
     442405.000 ns	     44239	800094a0	75f17093	andi	x1,x2,1887	  x2:0x80040c78  x1=0x00000458
     442425.000 ns	     44241	800094a4	03628633	mul	x12,x5,x22	  x5:0x000001ff x22:0xb22edb20 x12=0xab8764e0
     442445.000 ns	     44243	800094a8	848f2a93	slti	x21,x30,-1976	 x30:0x00000000 x21=0x00000000
     442465.000 ns	     44245	800094ac	20518653	fsgnj.s	f12,f3,f5	  f3:0x00000200  f5:0x4cc78000 f12=0x00000200
     442485.000 ns	     44247	800094b0	01e6c033	xor	x0,x13,x30	 x13:0x00000001 x30:0x00000000
     442495.000 ns	     44248	800094b4	5f87b093	sltiu	x1,x15,1528	 x15:0x00600000  x1=0x00000000
     442505.000 ns	     44249	800094b8	fb38e813	ori	x16,x17,-77	 x17:0x80041024 x16=0xffffffb7
     442515.000 ns	     44250	800094bc	01cc4db3	xor	x27,x24,x28	 x24:0x00000000 x28:0x05012653 x27=0x05012653
     442535.000 ns	     44252	800094c0	e0050053	fmv.x.w	x0,f10	 f10:0x00000000
     442585.000 ns	     44257	800094c4	097ef9d3	fsub.s	f19,f29,f23	 f29:0x00000001 f23:0x00000000 f19=0x00000001
     442605.000 ns	     44259	800094c8	0ded6713	ori	x14,x26,222	 x26:0x00000000 x14=0x000000de
     442625.000 ns	     44261	800094cc	219084d3	fsgnj.s	f9,f1,f25	  f1:0x00000000 f25:0xc789ae00  f9=0x80000000
     442655.000 ns	     44264	800094d0	a1548bd3	fle.s	x23,f9,f21	  f9:0x40000000 f21:0x00000000 x23=0x00000001
     443025.000 ns	     44301	800094d4	03cf4033	div	x0,x30,x28	 x30:0x00000000 x28:0x05012653
     443055.000 ns	     44304	800094d8	03998833	mul	x16,x19,x25	 x19:0xffffffff x25:0x00000000 x16=0x00000000
     443085.000 ns	     44307	800094dc	0386bab3	mulhu	x21,x13,x24	 x13:0x00000001 x24:0x00000000 x21=0x00000000
     443105.000 ns	     44309	800094e0	005e83b3	add	x7,x29,x5	 x29:0x80040fe4  x5:0x000001ff  x7=0x800411e3
     443125.000 ns	     44311	800094e4	d0181953	fcvt.s.wu	f18,x16	 x16:0x00000000 f18=0x00000000
     443155.000 ns	     44314	800094e8	20f408d3	fsgnj.s	f17,f8,f15	  f8:0xc9c00000 f15:0x000001ff f17=0x49c00000
     443525.000 ns	     44351	800094ec	0269cd33	div	x26,x19,x6	 x19:0xffffffff  x6:0x80040fe4 x26=0x00000000
     443545.000 ns	     44353	800094f0	41ff8633	sub	x12,x31,x31	 x31:0xfafeddbe x31:0xfafeddbe x12=0x00000000
     443565.000 ns	     44355	800094f4	215f1e53	fsgnjn.s	f28,f30,f21	 f30:0x00000000 f21:0x00000000 f28=0x80000000
     443595.000 ns	     44358	800094f8	c013fc53	fcvt.wu.s	x24,f7	  f7:0xffc00000 x24=0xffffffff
     443625.000 ns	     44361	800094fc	a1c49e53	flt.s	x28,f9,f28	  f9:0x80000000 f28:0x80000000 x28=0x00000000
     443645.000 ns	     44363	80009500	63def593	andi	x11,x29,1597	 x29:0x80040fe4 x11=0x00000624
     443655.000 ns	     44364	80009504	0070f733	and	x14,x1,x7	  x1:0x00000000  x7:0x800411e3 x14=0x00000000
     443675.000 ns	     44366	80009508	205e8f53	fsgnj.s	f30,f29,f5	 f29:0x00000001  f5:0x4cc78000 f30=0x00000001
     443695.000 ns	     44368	8000950c	00836833	or	x16,x6,x8	  x6:0x80040fe4  x8:0x00000000 x16=0x80040fe4
     443705.000 ns	     44369	80009510	40705033	sra	x0,x0,x7	  x0:0x00000000  x7:0x800411e3
     443715.000 ns	     44370	80009514	016ffa33	and	x20,x31,x22	 x31:0xfafeddbe x22:0xb22edb20 x20=0xb22ed920
     443725.000 ns	     44371	80009518	412855b3	sra	x11,x16,x18	 x16:0x80040fe4 x18:0x00000000 x11=0x80040fe4
     443735.000 ns	     44372	8000951c	01561233	sll	x4,x12,x21	 x12:0x00000000 x21:0x00000000  x4=0x00000000
     443765.000 ns	     44375	80009520	1163c1d3	fmul.s	f3,f7,f22	  f7:0xffc00000 f22:0x00000000  f3=0x7fc00000
     443815.000 ns	     44380	80009524	09cb26d3	fsub.s	f13,f22,f28	 f22:0x00000000 f28:0x80000000 f13=0x00000000
     443845.000 ns	     44383	80009528	0337ab33	mulhsu	x22,x15,x19	 x15:0x00600000 x19:0xffffffff x22=0x005fffff
     443865.000 ns	     44385	8000952c	01cd4b33	xor	x22,x26,x28	 x26:0x00000000 x28:0x00000000 x22=0x00000000
     443875.000 ns	     44386	80009530	004327b3	slt	x15,x6,x4	  x6:0x80040fe4  x4:0x00000000 x15=0x00000001
     444235.000 ns	     44422	80009534	026edbb3	divu	x23,x29,x6	 x29:0x80040fe4  x6:0x80040fe4 x23=0x00000001
     444255.000 ns	     44424	80009538	0029f133	and	x2,x19,x2	 x19:0xffffffff  x2:0x80040c78  x2=0x80040c78
     444265.000 ns	     44425	8000953c	0074d3b3	srl	x7,x9,x7	  x9:0x063c0000  x7:0x800411e3  x7=0x00c78000
     444295.000 ns	     44428	80009540	11cff153	fmul.s	f2,f31,f28	 f31:0x5789adfd f28:0x80000000  f2=0x80000000
     444315.000 ns	     44430	80009544	01aa9f33	sll	x30,x21,x26	 x21:0x00000000 x26:0x00000000 x30=0x00000000
     444325.000 ns	     44431	80009548	40e65b93	srai	x23,x12,0xe	 x12:0x00000000 x23=0x00000000
     444335.000 ns	     44432	8000954c	bef0aa93	slti	x21,x1,-1041	  x1:0x00000000 x21=0x00000000
     444345.000 ns	     44433	80009550	00f51093	slli	x1,x10,0xf	 x10:0x00000001  x1=0x00008000
     444375.000 ns	     44436	80009554	58068bd3	fsqrt.s	f23,f13	 f13:0x00000000 f23=0x00000000
     444405.000 ns	     44439	80009558	21032553	fsgnjx.s	f10,f6,f16	  f6:0x000001ff f16:0xc9c00000 f10=0x800001ff
     444435.000 ns	     44442	8000955c	c0189553	fcvt.wu.s	x10,f17	 f17:0x49c00000 x10=0x00180000
     444455.000 ns	     44444	80009560	001d8d33	add	x26,x27,x1	 x27:0x05012653  x1:0x00008000 x26=0x0501a653
     444465.000 ns	     44445	80009564	01a39d13	slli	x26,x7,0x1a	  x7:0x00c78000 x26=0x00000000
     444475.000 ns	     44446	80009568	01600f33	add	x30,x0,x22	  x0:0x00000000 x22:0x00000000 x30=0x00000000
     444495.000 ns	     44448	8000956c	02ecd633	divu	x12,x25,x14	 x25:0x00000000 x14:0x00000000 x12=0xffffffff
     444515.000 ns	     44450	80009570	d79fe013	ori	x0,x31,-647	 x31:0xfafeddbe
     444535.000 ns	     44452	80009574	a0d213d3	flt.s	x7,f4,f13	  f4:0xc789ae00 f13:0x00000000  x7=0x00000001
     444905.000 ns	     44489	80009578	02775133	divu	x2,x14,x7	 x14:0x00000000  x7:0x00c78000  x2=0x00000000
     444925.000 ns	     44491	8000957c	01b41013	slli	x0,x8,0x1b	  x8:0x00000000
     444945.000 ns	     44493	80009580	a1c60c53	fle.s	x24,f12,f28	 f12:0x00000200 f28:0x80000000 x24=0x00000000
     444975.000 ns	     44496	80009584	21030253	fsgnj.s	f4,f6,f16	  f6:0x000001ff f16:0xc9c00000  f4=0x800001ff
     444995.000 ns	     44498	80009588	e41b0b93	addi	x23,x22,-447	 x22:0x00000000 x23=0xfffffe41
     445015.000 ns	     44500	8000958c	02310c33	mul	x24,x2,x3	  x2:0x00000000  x3:0x80040c78 x24=0x00000000
     445045.000 ns	     44503	80009590	21c69c53	fsgnjn.s	f24,f13,f28	 f13:0x00000000 f28:0x80000000 f24=0x00000000
     445075.000 ns	     44506	80009594	c01ff353	fcvt.wu.s	x6,f31	 f31:0x5789adfd  x6=0xffffffff
     445095.000 ns	     44508	80009598	559b3313	sltiu	x6,x22,1369	 x22:0x00000000  x6=0x00000001
     445105.000 ns	     44509	8000959c	003c07b3	add	x15,x24,x3	 x24:0x00000000  x3:0x80040c78 x15=0x80040c78
     445125.000 ns	     44511	800095a0	d01ace53	fcvt.s.wu	f28,x21	 x21:0x00000000 f28=0x00000000
     445145.000 ns	     44513	800095a4	005aae33	slt	x28,x21,x5	 x21:0x00000000  x5:0x000001ff x28=0x00000001
     445165.000 ns	     44515	800095a8	e00185d3	fmv.x.w	x11,f3	  f3:0x7fc00000 x11=0x7fc00000
     445205.000 ns	     44519	800095ac	186c7753	fdiv.s	f14,f24,f6	 f24:0x00000000  f6:0x000001ff f14=0x00000000
     445255.000 ns	     44524	800095b0	093a30d3	fsub.s	f1,f20,f19	 f20:0xcf7ffffb f19:0x00000001  f1=0xcf7ffffb
     445295.000 ns	     44528	800095b4	10cc0cd3	fmul.s	f25,f24,f12	 f24:0x00000000 f12:0x00000200 f25=0x00000000
     445325.000 ns	     44531	800095b8	20df1153	fsgnjn.s	f2,f30,f13	 f30:0x00000001 f13:0x00000000  f2=0x80000001
     445345.000 ns	     44533	800095bc	4004d033	sra	x0,x9,x0	  x9:0x063c0000  x0:0x00000000
     445375.000 ns	     44536	800095c0	580e48d3	fsqrt.s	f17,f28	 f28:0x00000000 f17=0x00000000
     445405.000 ns	     44539	800095c4	03e851b3	divu	x3,x16,x30	 x16:0x80040fe4 x30:0x00000000  x3=0xffffffff
     445435.000 ns	     44542	800095c8	20dd0453	fsgnj.s	f8,f26,f13	 f26:0x7fc00000 f13:0x00000000  f8=0x7fc00000
     445465.000 ns	     44545	800095cc	20db1653	fsgnjn.s	f12,f22,f13	 f22:0x00000000 f13:0x00000000 f12=0x80000000
     445485.000 ns	     44547	800095d0	018bc633	xor	x12,x23,x24	 x23:0xfffffe41 x24:0x00000000 x12=0xfffffe41
     445495.000 ns	     44548	800095d4	01409d33	sll	x26,x1,x20	  x1:0x00008000 x20:0xb22ed920 x26=0x00008000
     445505.000 ns	     44549	800095d8	7b480a97	auipc	x21,0x7b480	 x21=0xfb4895d8
     445515.000 ns	     44550	800095dc	01e750b3	srl	x1,x14,x30	 x14:0x00000000 x30:0x00000000  x1=0x00000000
     445535.000 ns	     44552	800095e0	205ba4d3	fsgnjx.s	f9,f23,f5	 f23:0x00000000  f5:0x4cc78000  f9=0x00000000
     445555.000 ns	     44554	800095e4	40170633	sub	x12,x14,x1	 x14:0x00000000  x1:0x00008000 x12=0x00000000
     445575.000 ns	     44556	800095e8	d01f7953	fcvt.s.wu	f18,x30	 x30:0x00000000 f18=0x00000000
     445605.000 ns	     44559	800095ec	036312b3	mulh	x5,x6,x22	  x6:0x00000001 x22:0x00000000  x5=0x00000000
     445635.000 ns	     44562	800095f0	022f7e33	remu	x28,x30,x2	 x30:0x00000000  x2:0x00000000 x28=0x00000000
     445655.000 ns	     44564	800095f4	41a8da33	sra	x20,x17,x26	 x17:0x80041024 x26:0x00008000 x20=0x80041024
     445675.000 ns	     44566	800095f8	c00b73d3	fcvt.w.s	x7,f22	 f22:0x00000000  x7=0x00000000
     445695.000 ns	     44568	800095fc	004c6933	or	x18,x24,x4	 x24:0x00000000  x4:0x00000000 x18=0x00000000
     445715.000 ns	     44570	80009600	0241bdb3	mulhu	x27,x3,x4	  x3:0xffffffff  x4:0x00000000 x27=0x00000000
     445745.000 ns	     44573	80009604	218323d3	fsgnjx.s	f7,f6,f24	  f6:0x000001ff f24:0x00000000  f7=0x000001ff
     446085.000 ns	     44607	80009608	182a4553	fdiv.s	f10,f20,f2	 f20:0xcf7ffffb  f2:0x80000001 f10=0x7f800000
     446115.000 ns	     44610	8000960c	023821b3	mulhsu	x3,x16,x3	 x16:0x80040fe4  x3:0xffffffff  x3=0x80040fe4
     446145.000 ns	     44613	80009610	03be59b3	divu	x19,x28,x27	 x28:0x00000000 x27:0x00000000 x19=0xffffffff
     446165.000 ns	     44615	80009614	001d7d33	and	x26,x26,x1	 x26:0x00008000  x1:0x00000000 x26=0x00000000
     446525.000 ns	     44651	80009618	0302ebb3	rem	x23,x5,x16	  x5:0x00000000 x16:0x80040fe4 x23=0x00000000
     446865.000 ns	     44685	8000961c	182f70d3	fdiv.s	f1,f30,f2	 f30:0x00000001  f2:0x80000001  f1=0xb3b4b4b7
     446895.000 ns	     44688	80009620	c00ff9d3	fcvt.w.s	x19,f31	 f31:0x5789adfd x19=0x7fffffff
     446915.000 ns	     44690	80009624	002db833	sltu	x16,x27,x2	 x27:0x00000000  x2:0x00000000 x16=0x00000000
     446925.000 ns	     44691	80009628	014fd633	srl	x12,x31,x20	 x31:0xfafeddbe x20:0x80041024 x12=0x0fafeddb
     446945.000 ns	     44693	8000962c	022987b3	mul	x15,x19,x2	 x19:0x7fffffff  x2:0x00000000 x15=0x00000000
     446975.000 ns	     44696	80009630	c0177653	fcvt.wu.s	x12,f14	 f14:0x00000000 x12=0x00000000
     446995.000 ns	     44698	80009634	41fc52b3	sra	x5,x24,x31	 x24:0x00000000 x31:0xfafeddbe  x5=0x00000000
     447015.000 ns	     44700	80009638	299a9d53	fmax.s	f26,f21,f25	 f21:0x00000000 f25:0x00000000 f26=0x00000000
     447035.000 ns	     44702	8000963c	01aff733	and	x14,x31,x26	 x31:0xfafeddbe x26:0x00000000 x14=0x00000000
     447045.000 ns	     44703	80009640	0004d813	srli	x16,x9,0x0	  x9:0x063c0000 x16=0x063c0000
     447065.000 ns	     44705	80009644	c006f953	fcvt.w.s	x18,f13	 f13:0x00000000 x18=0x00000000
     447095.000 ns	     44708	80009648	c00e40d3	fcvt.w.s	x1,f28	 f28:0x00000000  x1=0x00000000
     447125.000 ns	     44711	8000964c	02fcadb3	mulhsu	x27,x25,x15	 x25:0x00000000 x15:0x00000000 x27=0x00000000
     447155.000 ns	     44714	80009650	0230bb33	mulhu	x22,x1,x3	  x1:0x00000000  x3:0x80040fe4 x22=0x00000000
     447525.000 ns	     44751	80009654	02dcc2b3	div	x5,x25,x13	 x25:0x00000000 x13:0x00000001  x5=0x00000000
     447545.000 ns	     44753	80009658	41f60f33	sub	x30,x12,x31	 x12:0x00000000 x31:0xfafeddbe x30=0x05012242
     447555.000 ns	     44754	8000965c	00b23233	sltu	x4,x4,x11	  x4:0x00000000 x11:0x7fc00000  x4=0x00000001
     447565.000 ns	     44755	80009660	7ab58013	addi	x0,x11,1963	 x11:0x7fc00000
     447575.000 ns	     44756	80009664	00eb3ab3	sltu	x21,x22,x14	 x22:0x00000000 x14:0x00000000 x21=0x00000000
     447595.000 ns	     44758	80009668	a19b12d3	flt.s	x5,f22,f25	 f22:0x00000000 f25:0x00000000  x5=0x00000000
     447615.000 ns	     44760	8000966c	014d8933	add	x18,x27,x20	 x27:0x00000000 x20:0x80041024 x18=0x80041024
     447645.000 ns	     44763	80009670	198b7953	fdiv.s	f18,f22,f24	 f22:0x00000000 f24:0x00000000 f18=0x7fc00000
     447675.000 ns	     44766	80009674	02e5d233	divu	x4,x11,x14	 x11:0x7fc00000 x14:0x00000000  x4=0xffffffff
     447695.000 ns	     44768	80009678	40275b93	srai	x23,x14,0x2	 x14:0x00000000 x23=0x00000000
     447715.000 ns	     44770	8000967c	03e113b3	mulh	x7,x2,x30	  x2:0x00000000 x30:0x05012242  x7=0x00000000
     447735.000 ns	     44772	80009680	00f936b3	sltu	x13,x18,x15	 x18:0x80041024 x15:0x00000000 x13=0x00000000
     447755.000 ns	     44774	80009684	214098d3	fsgnjn.s	f17,f1,f20	  f1:0xb3b4b4b7 f20:0xcf7ffffb f17=0x33b4b4b7
     447785.000 ns	     44777	80009688	f00788d3	fmv.w.x	f17,x15	 x15:0x00000000 f17=0x00000000
     447815.000 ns	     44780	8000968c	0288d233	divu	x4,x17,x8	 x17:0x80041024  x8:0x00000000  x4=0xffffffff
     447835.000 ns	     44782	80009690	01a24633	xor	x12,x4,x26	  x4:0xffffffff x26:0x00000000 x12=0xffffffff
     447845.000 ns	     44783	80009694	41985513	srai	x10,x16,0x19	 x16:0x063c0000 x10=0x00000003
     447855.000 ns	     44784	80009698	eae57e13	andi	x28,x10,-338	 x10:0x00180000 x28=0x00000002
     447865.000 ns	     44785	8000969c	26617013	andi	x0,x2,614	  x2:0x00000000
     447885.000 ns	     44787	800096a0	020a55b3	divu	x11,x20,x0	 x20:0x80041024  x0:0x00000000 x11=0xffffffff
     447915.000 ns	     44790	800096a4	a0478153	fle.s	x2,f15,f4	 f15:0x000001ff  f4:0x800001ff  x2=0x00000000
     447945.000 ns	     44793	800096a8	c01371d3	fcvt.wu.s	x3,f6	  f6:0x000001ff  x3=0x00000000
     447965.000 ns	     44795	800096ac	b262a693	slti	x13,x5,-1242	  x5:0x00000000 x13=0x00000000
     447975.000 ns	     44796	800096b0	4164d913	srai	x18,x9,0x16	  x9:0x063c0000 x18=0x00000018
     448015.000 ns	     44800	800096b4	0873c9d3	fsub.s	f19,f7,f7	  f7:0x000001ff  f7:0x000001ff f19=0x80000000
     448045.000 ns	     44803	800096b8	c0110e53	fcvt.wu.s	x28,f2	  f2:0x80000001 x28=0x00000000
     448075.000 ns	     44806	800096bc	e00982d3	fmv.x.w	x5,f19	 f19:0x80000000  x5=0x80000000
     448105.000 ns	     44809	800096c0	219590d3	fsgnjn.s	f1,f11,f25	 f11:0x000003fe f25:0x00000000  f1=0x800003fe
     448135.000 ns	     44812	800096c4	03ab82b3	mul	x5,x23,x26	 x23:0x00000000 x26:0x00000000  x5=0x00000000
     448175.000 ns	     44816	800096c8	196b7c53	fdiv.s	f24,f22,f22	 f22:0x00000000 f22:0x00000000 f24=0x7fc00000
     448195.000 ns	     44818	800096cc	014e0a33	add	x20,x28,x20	 x28:0x00000000 x20:0x80041024 x20=0x80041024
     448205.000 ns	     44819	800096d0	00635533	srl	x10,x6,x6	  x6:0x00000001  x6:0x00000001 x10=0x00000000
     448225.000 ns	     44821	800096d4	21e514d3	fsgnjn.s	f9,f10,f30	 f10:0x7f800000 f30:0x00000001  f9=0xff800000
     448265.000 ns	     44825	800096d8	11564c53	fmul.s	f24,f12,f21	 f12:0x80000000 f21:0x00000000 f24=0x80000000
     448285.000 ns	     44827	800096dc	0120cab3	xor	x21,x1,x18	  x1:0x00000000 x18:0x00000018 x21=0x00000018
     448305.000 ns	     44829	800096e0	297611d3	fmax.s	f3,f12,f23	 f12:0x80000000 f23:0x00000000  f3=0x00000000
     448325.000 ns	     44831	800096e4	00fcdf13	srli	x30,x25,0xf	 x25:0x00000000 x30=0x00000000
     448345.000 ns	     44833	800096e8	d01bf6d3	fcvt.s.wu	f13,x23	 x23:0x00000000 f13=0x00000000
     448365.000 ns	     44835	800096ec	a75ef113	andi	x2,x29,-1419	 x29:0x80040fe4  x2=0x80040a64
     448385.000 ns	     44837	800096f0	a1d61d53	flt.s	x26,f12,f29	 f12:0x80000000 f29:0x00000001 x26=0x00000001
     448415.000 ns	     44840	800096f4	d0003053	fcvt.s.w	f0,x0	  x0:0x00000000  f0=0x00000000
     448445.000 ns	     44843	800096f8	e0090bd3	fmv.x.w	x23,f18	 f18:0x7fc00000 x23=0x7fc00000
     448465.000 ns	     44845	800096fc	038cb293	sltiu	x5,x25,56	 x25:0x00000000  x5=0x00000001
     448475.000 ns	     44846	80009700	4135d293	srai	x5,x11,0x13	 x11:0xffffffff  x5=0xffffffff
     448495.000 ns	     44848	80009704	0241abb3	mulhsu	x23,x3,x4	  x3:0x00000000  x4:0xffffffff x23=0x00000000
     448515.000 ns	     44850	80009708	00f24933	xor	x18,x4,x15	  x4:0xffffffff x15:0x00000000 x18=0xffffffff
     448535.000 ns	     44852	8000970c	03ae2b33	mulhsu	x22,x28,x26	 x28:0x00000000 x26:0x00000001 x22=0x00000000
     448555.000 ns	     44854	80009710	00020db3	add	x27,x4,x0	  x4:0xffffffff  x0:0x00000000 x27=0xffffffff
     448575.000 ns	     44856	80009714	d019f253	fcvt.s.wu	f4,x19	 x19:0x7fffffff  f4=0x4effffff
     448605.000 ns	     44859	80009718	210111d3	fsgnjn.s	f3,f2,f16	  f2:0x80000001 f16:0xc9c00000  f3=0x00000001
     448655.000 ns	     44864	8000971c	091779d3	fsub.s	f19,f14,f17	 f14:0x00000000 f17:0x00000000 f19=0x80000000
     448675.000 ns	     44866	80009720	41785093	srai	x1,x16,0x17	 x16:0x063c0000  x1=0x0000000c
     448695.000 ns	     44868	80009724	211b80d3	fsgnj.s	f1,f23,f17	 f23:0x00000000 f17:0x00000000  f1=0x00000000
     448745.000 ns	     44873	80009728	09e09e53	fsub.s	f28,f1,f30	  f1:0x800003fe f30:0x00000001 f28=0x80000001
     448765.000 ns	     44875	8000972c	01c20033	add	x0,x4,x28	  x4:0xffffffff x28:0x00000000
     448785.000 ns	     44877	80009730	c0007553	fcvt.w.s	x10,f0	  f0:0x00000000 x10=0x00000000
     448825.000 ns	     44881	80009734	100d4153	fmul.s	f2,f26,f0	 f26:0x00000000  f0:0x00000000  f2=0x00000000
     448845.000 ns	     44883	80009738	37e5a013	slti	x0,x11,894	 x11:0xffffffff
     448855.000 ns	     44884	8000973c	41255633	sra	x12,x10,x18	 x10:0x00000000 x18:0xffffffff x12=0x00000000
     448865.000 ns	     44885	80009740	40a75833	sra	x16,x14,x10	 x14:0x00000000 x10:0x00000000 x16=0x00000000
     449225.000 ns	     44921	80009744	03d9ce33	div	x28,x19,x29	 x19:0x7fffffff x29:0x80040fe4 x28=0xffffffff
     449255.000 ns	     44924	80009748	20919cd3	fsgnjn.s	f25,f3,f9	  f3:0x00000001  f9:0xff800000 f25=0x00000001
     449285.000 ns	     44927	8000974c	21fa0ed3	fsgnj.s	f29,f20,f31	 f20:0xcf7ffffb f31:0x5789adfd f29=0x4f7ffffb
     449315.000 ns	     44930	80009750	02bb8d33	mul	x26,x23,x11	 x23:0x00000000 x11:0xffffffff x26=0x00000000
     449345.000 ns	     44933	80009754	02a45833	divu	x16,x8,x10	  x8:0x00000000 x10:0x00000000 x16=0xffffffff
     449365.000 ns	     44935	80009758	58a54a93	xori	x21,x10,1418	 x10:0x00000000 x21=0x0000058a
     449375.000 ns	     44936	8000975c	014612b3	sll	x5,x12,x20	 x12:0x00000000 x20:0x80041024  x5=0x00000000
     449735.000 ns	     44972	80009760	03094c33	div	x24,x18,x16	 x18:0xffffffff x16:0xffffffff x24=0x00000001
     449765.000 ns	     44975	80009764	0369e933	rem	x18,x19,x22	 x19:0x7fffffff x22:0x00000000 x18=0x7fffffff
     449785.000 ns	     44977	80009768	2b986693	ori	x13,x16,697	 x16:0xffffffff x13=0xffffffff
     450145.000 ns	     45013	8000976c	0355f4b3	remu	x9,x11,x21	 x11:0xffffffff x21:0x0000058a  x9=0x000004fb
     450175.000 ns	     45016	80009770	29f10453	fmin.s	f8,f2,f31	  f2:0x00000000 f31:0x5789adfd  f8=0x00000000
     450195.000 ns	     45018	80009774	00b97433	and	x8,x18,x11	 x18:0x7fffffff x11:0xffffffff  x8=0x7fffffff
     450225.000 ns	     45021	80009778	580d1fd3	fsqrt.s	f31,f26	 f26:0x00000000 f31=0x00000000
     450245.000 ns	     45023	8000977c	0e53f513	andi	x10,x7,229	  x7:0x00000000 x10=0x00000000
     450255.000 ns	     45024	80009780	40b40e33	sub	x28,x8,x11	  x8:0x7fffffff x11:0xffffffff x28=0x80000000
     450275.000 ns	     45026	80009784	02dd07b3	mul	x15,x26,x13	 x26:0x00000000 x13:0xffffffff x15=0x00000000
     450295.000 ns	     45028	80009788	01b21833	sll	x16,x4,x27	  x4:0xffffffff x27:0xffffffff x16=0x80000000
     451365.000 ns	     45135	8000978c	580cfb53	fsqrt.s	f22,f25	 f25:0x00000001 f22=0x1f350483
     451395.000 ns	     45138	80009790	21e58653	fsgnj.s	f12,f11,f30	 f11:0x000003fe f30:0x00000001 f12=0x000003fe
     451415.000 ns	     45140	80009794	001d1133	sll	x2,x26,x1	 x26:0x00000000  x1:0x0000000c  x2=0x00000000
     451435.000 ns	     45142	80009798	d01a7a53	fcvt.s.wu	f20,x20	 x20:0x80041024 f20=0x4f000410
     451465.000 ns	     45145	8000979c	a0da1ad3	flt.s	x21,f20,f13	 f20:0xcf7ffffb f13:0x00000000 x21=0x00000000
     451505.000 ns	     45149	800097a0	1817f0d3	fdiv.s	f1,f15,f1	 f15:0x000001ff  f1:0x00000000  f1=0x7f800000
     451525.000 ns	     45151	800097a4	01118a33	add	x20,x3,x17	  x3:0x00000000 x17:0x80041024 x20=0x80041024
     451545.000 ns	     45153	800097a8	216a2953	fsgnjx.s	f18,f20,f22	 f20:0x4f000410 f22:0x1f350483 f18=0x4f000410
     451565.000 ns	     45155	800097ac	014cb133	sltu	x2,x25,x20	 x25:0x00000000 x20:0x80041024  x2=0x00000001
     451575.000 ns	     45156	800097b0	40065ab3	sra	x21,x12,x0	 x12:0x00000000  x0:0x00000000 x21=0x00000000
     451585.000 ns	     45157	800097b4	01352633	slt	x12,x10,x19	 x10:0x00000000 x19:0x7fffffff x12=0x00000001
     451605.000 ns	     45159	800097b8	03aafd33	remu	x26,x21,x26	 x21:0x00000000 x26:0x00000000 x26=0x00000000
     451635.000 ns	     45162	800097bc	03b38e33	mul	x28,x7,x27	  x7:0x00000000 x27:0xffffffff x28=0x00000000
     451665.000 ns	     45165	800097c0	20d81ed3	fsgnjn.s	f29,f16,f13	 f16:0xc9c00000 f13:0x00000000 f29=0xc9c00000
     451685.000 ns	     45167	800097c4	018f2733	slt	x14,x30,x24	 x30:0x00000000 x24:0x00000001 x14=0x00000001
     451705.000 ns	     45169	800097c8	f00e00d3	fmv.w.x	f1,x28	 x28:0x00000000  f1=0x00000000
     451725.000 ns	     45171	800097cc	00c48393	addi	x7,x9,12	  x9:0x000004fb  x7=0x00000507
     451745.000 ns	     45173	800097d0	0269a533	mulhsu	x10,x19,x6	 x19:0x7fffffff  x6:0x00000001 x10=0x00000000
     451775.000 ns	     45176	800097d4	02133bb3	mulhu	x23,x6,x1	  x6:0x00000001  x1:0x0000000c x23=0x00000000
     451805.000 ns	     45179	800097d8	032a1733	mulh	x14,x20,x18	 x20:0x80041024 x18:0x7fffffff x14=0xc0020812
     451825.000 ns	     45181	800097dc	9e060593	addi	x11,x12,-1568	 x12:0x00000001 x11=0xfffff9e1
     451845.000 ns	     45183	800097e0	20bd12d3	fsgnjn.s	f5,f26,f11	 f26:0x00000000 f11:0x000003fe  f5=0x80000000
     451865.000 ns	     45185	800097e4	01189293	slli	x5,x17,0x11	 x17:0x80041024  x5=0x20480000
     451885.000 ns	     45187	800097e8	21760653	fsgnj.s	f12,f12,f23	 f12:0x000003fe f23:0x00000000 f12=0x000003fe
     451915.000 ns	     45190	800097ec	a08203d3	fle.s	x7,f4,f8	  f4:0x4effffff  f8:0x00000000  x7=0x00000000
     451955.000 ns	     45194	800097f0	10d2f853	fmul.s	f16,f5,f13	  f5:0x80000000 f13:0x00000000 f16=0x80000000
     451975.000 ns	     45196	800097f4	41d3d3b3	sra	x7,x7,x29	  x7:0x00000000 x29:0x80040fe4  x7=0x00000000
     451995.000 ns	     45198	800097f8	21dbacd3	fsgnjx.s	f25,f23,f29	 f23:0x00000000 f29:0xc9c00000 f25=0x80000000
     452015.000 ns	     45200	800097fc	01f92233	slt	x4,x18,x31	 x18:0x7fffffff x31:0xfafeddbe  x4=0x00000000
     452025.000 ns	     45201	80009800	00000013	addi	x0,x0,0	  x0:0x00000000
     452045.000 ns	     45203	80009804	a193a3d3	feq.s	x7,f7,f25	  f7:0x000001ff f25:0x80000000  x7=0x00000000
     452065.000 ns	     45205	80009808	018f1b13	slli	x22,x30,0x18	 x30:0x00000000 x22=0x00000000
     452085.000 ns	     45207	8000980c	215e8953	fsgnj.s	f18,f29,f21	 f29:0xc9c00000 f21:0x00000000 f18=0x49c00000
     452105.000 ns	     45209	80009810	00000013	addi	x0,x0,0	  x0:0x00000000
     452125.000 ns	     45211	80009814	d01e71d3	fcvt.s.wu	f3,x28	 x28:0x00000000  f3=0x00000000
     452145.000 ns	     45213	80009818	01fa2e33	slt	x28,x20,x31	 x20:0x80041024 x31:0xfafeddbe x28=0x00000001
     452155.000 ns	     45214	8000981c	4162dc93	srai	x25,x5,0x16	  x5:0x20480000 x25=0x00000081
     452175.000 ns	     45216	80009820	025e1cb3	mulh	x25,x28,x5	 x28:0x00000000  x5:0x20480000 x25=0x00000000
     452205.000 ns	     45219	80009824	039e1233	mulh	x4,x28,x25	 x28:0x00000001 x25:0x00000000  x4=0x00000000
     452225.000 ns	     45221	80009828	aba1a713	slti	x14,x3,-1350	  x3:0x00000000 x14=0x00000000
     452235.000 ns	     45222	8000982c	00000013	addi	x0,x0,0	  x0:0x00000000
     452255.000 ns	     45224	80009830	c00a19d3	fcvt.w.s	x19,f20	 f20:0x4f000410 x19=0x7fffffff
     452275.000 ns	     45226	80009834	f0afb3b7	lui	x7,0xf0afb	  x7=0xf0afb000
     452295.000 ns	     45228	80009838	a15d24d3	feq.s	x9,f26,f21	 f26:0x00000000 f21:0x00000000  x9=0x00000001
     452345.000 ns	     45233	8000983c	085970d3	fsub.s	f1,f18,f5	 f18:0x49c00000  f5:0x80000000  f1=0x49c00000
     452715.000 ns	     45270	80009840	025b65b3	rem	x11,x22,x5	 x22:0x00000000  x5:0x20480000 x11=0x00000000
     452745.000 ns	     45273	80009844	297f9bd3	fmax.s	f23,f31,f23	 f31:0x00000000 f23:0x00000000 f23=0x00000000
     452765.000 ns	     45275	80009848	012956b3	srl	x13,x18,x18	 x18:0x7fffffff x18:0x7fffffff x13=0x00000000
     452795.000 ns	     45278	8000984c	114a7a53	fmul.s	f20,f20,f20	 f20:0x4f000410 f20:0x4f000410 f20=0x5e800820
     452825.000 ns	     45281	80009850	e0079f53	fclass.s	x30,f15	 f15:0x000001ff x30=0x00000020
     452845.000 ns	     45283	80009854	00000013	addi	x0,x0,0	  x0:0x00000000
     452865.000 ns	     45285	80009858	a131add3	feq.s	x27,f3,f19	  f3:0x00000000 f19:0x80000000 x27=0x00000001
     454045.000 ns	     45403	8000985c	580f7453	fsqrt.s	f8,f30	 f30:0x00000001  f8=0x1f350483
     454075.000 ns	     45406	80009860	21d1a4d3	fsgnjx.s	f9,f3,f29	  f3:0x00000000 f29:0xc9c00000  f9=0x80000000
     454115.000 ns	     45410	80009864	199f7453	fdiv.s	f8,f30,f25	 f30:0x00000001 f25:0x80000000  f8=0xff800000
     454145.000 ns	     45413	80009868	02363833	mulhu	x16,x12,x3	 x12:0x00000001  x3:0x00000000 x16=0x00000000
     454165.000 ns	     45415	8000986c	00000013	addi	x0,x0,0	  x0:0x00000000
     454185.000 ns	     45417	80009870	209b0953	fsgnj.s	f18,f22,f9	 f22:0x1f350483  f9:0x80000000 f18=0x9f350483
     454225.000 ns	     45421	80009874	5806f1d3	fsqrt.s	f3,f13	 f13:0x00000000  f3=0x00000000
     454245.000 ns	     45423	80009878	00000013	addi	x0,x0,0	  x0:0x00000000
     454265.000 ns	     45425	8000987c	202b86d3	fsgnj.s	f13,f23,f2	 f23:0x00000000  f2:0x00000000 f13=0x00000000
     454305.000 ns	     45429	80009880	1904b7d3	fdiv.s	f15,f9,f16	  f9:0x80000000 f16:0x80000000 f15=0x7fc00000
     454325.000 ns	     45431	80009884	00159693	slli	x13,x11,0x1	 x11:0x00000000 x13=0x00000000
     454335.000 ns	     45432	80009888	00dc75b3	and	x11,x24,x13	 x24:0x00000001 x13:0x00000000 x11=0x00000000
     454365.000 ns	     45435	8000988c	580d1a53	fsqrt.s	f20,f26	 f26:0x00000000 f20=0x00000000
     454385.000 ns	     45437	80009890	4046d213	srai	x4,x13,0x4	 x13:0x00000000  x4=0x00000000
     454395.000 ns	     45438	80009894	00e2c633	xor	x12,x5,x14	  x5:0x20480000 x14:0x00000000 x12=0x20480000
     454405.000 ns	     45439	80009898	00000013	addi	x0,x0,0	  x0:0x00000000
     454415.000 ns	     45440	8000989c	00000013	addi	x0,x0,0	  x0:0x00000000
     454425.000 ns	     45441	800098a0	005c5b33	srl	x22,x24,x5	 x24:0x00000001  x5:0x20480000 x22=0x00000001
     454445.000 ns	     45443	800098a4	02c8b133	mulhu	x2,x17,x12	 x17:0x80041024 x12:0x20480000  x2=0x10248329
     454475.000 ns	     45446	800098a8	a1cfa953	feq.s	x18,f31,f28	 f31:0x00000000 f28:0x80000001 x18=0x00000000
     454495.000 ns	     45448	800098ac	aa0d2313	slti	x6,x26,-1376	 x26:0x00000000  x6=0x00000000
     454505.000 ns	     45449	800098b0	4097c113	xori	x2,x15,1033	 x15:0x00000000  x2=0x00000409
     454525.000 ns	     45451	800098b4	03cf1cb3	mulh	x25,x30,x28	 x30:0x00000020 x28:0x00000001 x25=0x00000000
     454555.000 ns	     45454	800098b8	208f0153	fsgnj.s	f2,f30,f8	 f30:0x00000001  f8:0xff800000  f2=0x80000001
     454585.000 ns	     45457	800098bc	a05fabd3	feq.s	x23,f31,f5	 f31:0x00000000  f5:0x80000000 x23=0x00000001
     454615.000 ns	     45460	800098c0	f0018453	fmv.w.x	f8,x3	  x3:0x00000000  f8=0x00000000
     454635.000 ns	     45462	800098c4	00e4b3b3	sltu	x7,x9,x14	  x9:0x00000001 x14:0x00000000  x7=0x00000000
     454675.000 ns	     45466	800098c8	01a495d3	fadd.s	f11,f9,f26	  f9:0x80000000 f26:0x00000000 f11=0x00000000
     454705.000 ns	     45469	800098cc	e00c8f53	fmv.x.w	x30,f25	 f25:0x80000000 x30=0x80000000
     454755.000 ns	     45474	800098d0	01b9f053	fadd.s	f0,f19,f27	 f19:0x80000000 f27:0x00000001  f0=0x00000001
     454785.000 ns	     45477	800098d4	21850ad3	fsgnj.s	f21,f10,f24	 f10:0x7f800000 f24:0x80000000 f21=0xff800000
     454815.000 ns	     45480	800098d8	20b500d3	fsgnj.s	f1,f10,f11	 f10:0x7f800000 f11:0x00000000  f1=0x7f800000
     454835.000 ns	     45482	800098dc	41648233	sub	x4,x9,x22	  x9:0x00000001 x22:0x00000001  x4=0x00000000
     454855.000 ns	     45484	800098e0	e00e1cd3	fclass.s	x25,f28	 f28:0x80000001 x25=0x00000004
     454885.000 ns	     45487	800098e4	297203d3	fmin.s	f7,f4,f23	  f4:0x4effffff f23:0x00000000  f7=0x00000000
     454915.000 ns	     45490	800098e8	a1069bd3	flt.s	x23,f13,f16	 f13:0x00000000 f16:0x80000000 x23=0x00000000
     454945.000 ns	     45493	800098ec	a0b780d3	fle.s	x1,f15,f11	 f15:0x7fc00000 f11:0x00000000  x1=0x00000000
     454975.000 ns	     45496	800098f0	216810d3	fsgnjn.s	f1,f16,f22	 f16:0x80000000 f22:0x1f350483  f1=0x80000000
     454995.000 ns	     45498	800098f4	2f11c293	xori	x5,x3,753	  x3:0x00000000  x5=0x000002f1
     455025.000 ns	     45501	800098f8	580129d3	fsqrt.s	f19,f2	  f2:0x80000001 f19=0x7fc00000
     455045.000 ns	     45503	800098fc	29f2aa13	slti	x20,x5,671	  x5:0x20480000 x20=0x00000000
     455065.000 ns	     45505	80009900	204c03d3	fsgnj.s	f7,f24,f4	 f24:0x80000000  f4:0x4effffff  f7=0x00000000
     455095.000 ns	     45508	80009904	a0870153	fle.s	x2,f14,f8	 f14:0x00000000  f8:0x00000000  x2=0x00000001
     455115.000 ns	     45510	80009908	01e06033	or	x0,x0,x30	  x0:0x00000000 x30:0x80000000
     455125.000 ns	     45511	8000990c	1dad8313	addi	x6,x27,474	 x27:0x00000001  x6=0x000001db
     455135.000 ns	     45512	80009910	5a13e413	ori	x8,x7,1441	  x7:0x00000000  x8=0x000005a1
     455155.000 ns	     45514	80009914	029292b3	mulh	x5,x5,x9	  x5:0x000002f1  x9:0x00000001  x5=0x00000000
     455175.000 ns	     45516	80009918	009b7ab3	and	x21,x22,x9	 x22:0x00000001  x9:0x00000001 x21=0x00000001
     455195.000 ns	     45518	8000991c	f0078e53	fmv.w.x	f28,x15	 x15:0x00000000 f28=0x00000000
     455225.000 ns	     45521	80009920	027689b3	mul	x19,x13,x7	 x13:0x00000000  x7:0x00000000 x19=0x00000000
     455255.000 ns	     45524	80009924	025b29b3	mulhsu	x19,x22,x5	 x22:0x00000001  x5:0x00000000 x19=0x00000000
     455275.000 ns	     45526	80009928	0019adb3	slt	x27,x19,x1	 x19:0x00000000  x1:0x00000000 x27=0x00000000
     455285.000 ns	     45527	8000992c	9cfcba13	sltiu	x20,x25,-1585	 x25:0x00000004 x20=0x00000001
     455305.000 ns	     45529	80009930	208295d3	fsgnjn.s	f11,f5,f8	  f5:0x80000000  f8:0x00000000 f11=0x80000000
     455335.000 ns	     45532	80009934	f00a8fd3	fmv.w.x	f31,x21	 x21:0x00000001 f31=0x00000001
     455355.000 ns	     45534	80009938	edbbbe13	sltiu	x28,x23,-293	 x23:0x00000000 x28=0x00000001
     455375.000 ns	     45536	8000993c	292a9d53	fmax.s	f26,f21,f18	 f21:0xff800000 f18:0x9f350483 f26=0x9f350483
     455395.000 ns	     45538	80009940	c9d54e13	xori	x28,x10,-867	 x10:0x00000000 x28=0xfffffc9d
     455415.000 ns	     45540	80009944	284b14d3	fmax.s	f9,f22,f4	 f22:0x1f350483  f4:0x4effffff  f9=0x4effffff
     455445.000 ns	     45543	80009948	d0130d53	fcvt.s.wu	f26,x6	  x6:0x000001db f26=0x43ed8000
     455475.000 ns	     45546	8000994c	f0068fd3	fmv.w.x	f31,x13	 x13:0x00000000 f31=0x00000000
     455495.000 ns	     45548	80009950	01ae6133	or	x2,x28,x26	 x28:0xfffffc9d x26:0x00000000  x2=0xfffffc9d
     455515.000 ns	     45550	80009954	e0089853	fclass.s	x16,f17	 f17:0x00000000 x16=0x00000010
     455535.000 ns	     45552	80009958	d9c53237	lui	x4,0xd9c53	  x4=0xd9c53000
     455545.000 ns	     45553	8000995c	e7ad8713	addi	x14,x27,-390	 x27:0x00000000 x14=0xfffffe7a
     455565.000 ns	     45555	80009960	02ee3533	mulhu	x10,x28,x14	 x28:0xfffffc9d x14:0x00000000 x10=0xfffffb17
     455615.000 ns	     45560	80009964	09c1fb53	fsub.s	f22,f3,f28	  f3:0x00000000 f28:0x00000000 f22=0x80000000
     455645.000 ns	     45563	80009968	023acab3	div	x21,x21,x3	 x21:0x00000001  x3:0x00000000 x21=0xffffffff
     455675.000 ns	     45566	8000996c	c01ff7d3	fcvt.wu.s	x15,f31	 f31:0x00000000 x15=0x00000000
     455705.000 ns	     45569	80009970	a1b52d53	feq.s	x26,f10,f27	 f10:0x7f800000 f27:0x00000001 x26=0x00000000
     455725.000 ns	     45571	80009974	01c21e13	slli	x28,x4,0x1c	  x4:0xd9c53000 x28=0x00000000
     455745.000 ns	     45573	80009978	d01a89d3	fcvt.s.wu	f19,x21	 x21:0xffffffff f19=0x4f800000
     455765.000 ns	     45575	8000997c	00b67bb3	and	x23,x12,x11	 x12:0x20480000 x11:0x00000000 x23=0x00000000
     455785.000 ns	     45577	80009980	291f0153	fmin.s	f2,f30,f17	 f30:0x00000001 f17:0x00000000  f2=0x00000000
     455815.000 ns	     45580	80009984	21911153	fsgnjn.s	f2,f2,f25	  f2:0x80000001 f25:0x80000000  f2=0x00000000
     455835.000 ns	     45582	80009988	027d5b17	auipc	x22,0x27d5	 x22=0x827de988
     456195.000 ns	     45618	8000998c	030750b3	divu	x1,x14,x16	 x14:0xfffffe7a x16:0x00000010  x1=0x0fffffe7
     456215.000 ns	     45620	80009990	01ac0633	add	x12,x24,x26	 x24:0x00000001 x26:0x00000000 x12=0x00000001
     456255.000 ns	     45624	80009994	00ebf853	fadd.s	f16,f23,f14	 f23:0x00000000 f14:0x00000000 f16=0x00000000
     456295.000 ns	     45628	80009998	10cef153	fmul.s	f2,f29,f12	 f29:0xc9c00000 f12:0x000003fe  f2=0x843fa000
     456315.000 ns	     45630	8000999c	01c71313	slli	x6,x14,0x1c	 x14:0xfffffe7a  x6=0xa0000000
     456335.000 ns	     45632	800099a0	f0080ed3	fmv.w.x	f29,x16	 x16:0x00000010 f29=0x00000010
     456365.000 ns	     45635	800099a4	2024a553	fsgnjx.s	f10,f9,f2	  f9:0x4effffff  f2:0x843fa000 f10=0xceffffff
     456395.000 ns	     45638	800099a8	f00a0753	fmv.w.x	f14,x20	 x20:0x00000001 f14=0x00000001
     456415.000 ns	     45640	800099ac	7915e193	ori	x3,x11,1937	 x11:0x00000000  x3=0x00000791
     456435.000 ns	     45642	800099b0	038184b3	mul	x9,x3,x24	  x3:0x00000000 x24:0x00000001  x9=0x00000791
     456455.000 ns	     45644	800099b4	0022d293	srli	x5,x5,0x2	  x5:0x00000000  x5=0x00000000
     456465.000 ns	     45645	800099b8	c2228113	addi	x2,x5,-990	  x5:0x00000000  x2=0xfffffc22
     456495.000 ns	     45648	800099bc	5808f8d3	fsqrt.s	f17,f17	 f17:0x00000000 f17=0x00000000
     456525.000 ns	     45651	800099c0	0204a933	mulhsu	x18,x9,x0	  x9:0x00000791  x0:0x00000000 x18=0x00000000
     456555.000 ns	     45654	800099c4	e0021853	fclass.s	x16,f4	  f4:0x4effffff x16=0x00000040
     456925.000 ns	     45691	800099c8	022c4833	div	x16,x24,x2	 x24:0x00000001  x2:0xfffffc22 x16=0x00000000
     456955.000 ns	     45694	800099cc	21e48353	fsgnj.s	f6,f9,f30	  f9:0x4effffff f30:0x00000001  f6=0x4effffff
     456985.000 ns	     45697	800099d0	28fe9dd3	fmax.s	f27,f29,f15	 f29:0x00000010 f15:0x7fc00000 f27=0x00000010
     457005.000 ns	     45699	800099d4	620aef13	ori	x30,x21,1568	 x21:0xffffffff x30=0xffffffff
     457015.000 ns	     45700	800099d8	010916b3	sll	x13,x18,x16	 x18:0x00000000 x16:0x00000000 x13=0x00000000
     457035.000 ns	     45702	800099dc	29730b53	fmin.s	f22,f6,f23	  f6:0x4effffff f23:0x00000000 f22=0x00000000
     457065.000 ns	     45705	800099e0	a03f10d3	flt.s	x1,f30,f3	 f30:0x00000001  f3:0x00000000  x1=0x00000000
     457085.000 ns	     45707	800099e4	411ad533	sra	x10,x21,x17	 x21:0xffffffff x17:0x80041024 x10=0xffffffff
     457095.000 ns	     45708	800099e8	41d65393	srai	x7,x12,0x1d	 x12:0x00000001  x7=0x00000000
     457115.000 ns	     45710	800099ec	03f332b3	mulhu	x5,x6,x31	  x6:0xa0000000 x31:0xfafeddbe  x5=0x9cdf4a96
     457135.000 ns	     45712	800099f0	cd99f613	andi	x12,x19,-807	 x19:0x00000000 x12=0x00000000
     457145.000 ns	     45713	800099f4	40eedab3	sra	x21,x29,x14	 x29:0x80040fe4 x14:0xfffffe7a x21=0xffffffe0
     457165.000 ns	     45715	800099f8	29fa10d3	fmax.s	f1,f20,f31	 f20:0x00000000 f31:0x00000000  f1=0x00000000
     457195.000 ns	     45718	800099fc	2186a6d3	fsgnjx.s	f13,f13,f24	 f13:0x00000000 f24:0x80000000 f13=0x80000000
     457225.000 ns	     45721	80009a00	c0192dd3	fcvt.wu.s	x27,f18	 f18:0x9f350483 x27=0x00000000
     457255.000 ns	     45724	80009a04	21eeacd3	fsgnjx.s	f25,f29,f30	 f29:0x00000010 f30:0x00000001 f25=0x00000010
     457275.000 ns	     45726	80009a08	01017f33	and	x30,x2,x16	  x2:0xfffffc22 x16:0x00000000 x30=0x00000000
     457285.000 ns	     45727	80009a0c	40ad5c33	sra	x24,x26,x10	 x26:0x00000000 x10:0xffffffff x24=0x00000000
     457295.000 ns	     45728	80009a10	01eb3b33	sltu	x22,x22,x30	 x22:0x827de988 x30:0xffffffff x22=0x00000000
     457335.000 ns	     45732	80009a14	011b9cd3	fadd.s	f25,f23,f17	 f23:0x00000000 f17:0x00000000 f25=0x00000000
     457355.000 ns	     45734	80009a18	00660e33	add	x28,x12,x6	 x12:0x00000000  x6:0xa0000000 x28=0xa0000000
     457375.000 ns	     45736	80009a1c	a0bb9f53	flt.s	x30,f23,f11	 f23:0x00000000 f11:0x80000000 x30=0x00000000
     457405.000 ns	     45739	80009a20	20a62a53	fsgnjx.s	f20,f12,f10	 f12:0x000003fe f10:0xceffffff f20=0x800003fe
     457435.000 ns	     45742	80009a24	20610253	fsgnj.s	f4,f2,f6	  f2:0x843fa000  f6:0x4effffff  f4=0x043fa000
     458615.000 ns	     45860	80009a28	580eb0d3	fsqrt.s	f1,f29	 f29:0x00000010  f1=0x1f35049a
     458645.000 ns	     45863	80009a2c	28aa0453	fmin.s	f8,f20,f10	 f20:0x800003fe f10:0xceffffff  f8=0xceffffff
     458675.000 ns	     45866	80009a30	0206f533	remu	x10,x13,x0	 x13:0x00000000  x0:0x00000000 x10=0x00000000
     458705.000 ns	     45869	80009a34	d0022c53	fcvt.s.w	f24,x4	  x4:0xd9c53000 f24=0xce18eb40
     458735.000 ns	     45872	80009a38	c01622d3	fcvt.wu.s	x5,f12	 f12:0x000003fe  x5=0x00000000
     458765.000 ns	     45875	80009a3c	21d2a8d3	fsgnjx.s	f17,f5,f29	  f5:0x80000000 f29:0x00000010 f17=0x80000000
     458785.000 ns	     45877	80009a40	41d782b3	sub	x5,x15,x29	 x15:0x00000000 x29:0x80040fe4  x5=0x7ffbf01c
     458795.000 ns	     45878	80009a44	40b20b33	sub	x22,x4,x11	  x4:0xd9c53000 x11:0x00000000 x22=0xd9c53000
     458805.000 ns	     45879	80009a48	00b29993	slli	x19,x5,0xb	  x5:0x00000000 x19=0xdf80e000
     458825.000 ns	     45881	80009a4c	e0078b53	fmv.x.w	x22,f15	 f15:0x7fc00000 x22=0x7fc00000
     458845.000 ns	     45883	80009a50	47b3b0b7	lui	x1,0x47b3b	  x1=0x47b3b000
     458865.000 ns	     45885	80009a54	02150033	mul	x0,x10,x1	 x10:0x00000000  x1:0x00000000
     458895.000 ns	     45888	80009a58	02da7433	remu	x8,x20,x13	 x20:0x00000001 x13:0x00000000  x8=0x00000001
     458915.000 ns	     45890	80009a5c	00f272b3	and	x5,x4,x15	  x4:0xd9c53000 x15:0x00000000  x5=0x00000000
     458925.000 ns	     45891	80009a60	013a11b3	sll	x3,x20,x19	 x20:0x00000001 x19:0xdf80e000  x3=0x00000001
     458935.000 ns	     45892	80009a64	4105df13	srai	x30,x11,0x10	 x11:0x00000000 x30=0x00000000
     458945.000 ns	     45893	80009a68	01e71813	slli	x16,x14,0x1e	 x14:0xfffffe7a x16=0x80000000
     458955.000 ns	     45894	80009a6c	277e3813	sltiu	x16,x28,631	 x28:0xa0000000 x16=0x00000000
     458975.000 ns	     45896	80009a70	c00a4e53	fcvt.w.s	x28,f20	 f20:0x800003fe x28=0x00000000
     459005.000 ns	     45899	80009a74	298e1b53	fmax.s	f22,f28,f24	 f28:0x00000000 f24:0xce18eb40 f22=0x00000000
     459035.000 ns	     45902	80009a78	e0050a53	fmv.x.w	x20,f10	 f10:0xceffffff x20=0xceffffff
     459065.000 ns	     45905	80009a7c	e0010f53	fmv.x.w	x30,f2	  f2:0x843fa000 x30=0x843fa000
     459085.000 ns	     45907	80009a80	9e984813	xori	x16,x16,-1559	 x16:0x00000000 x16=0xfffff9e9
     459105.000 ns	     45909	80009a84	c001c353	fcvt.w.s	x6,f3	  f3:0x00000000  x6=0x00000000
     459125.000 ns	     45911	80009a88	00ad0333	add	x6,x26,x10	 x26:0x00000000 x10:0x00000000  x6=0x00000000
     459135.000 ns	     45912	80009a8c	948da213	slti	x4,x27,-1720	 x27:0x00000000  x4=0x00000000
     459155.000 ns	     45914	80009a90	f00504d3	fmv.w.x	f9,x10	 x10:0x00000000  f9=0x00000000
     459205.000 ns	     45919	80009a94	005832d3	fadd.s	f5,f16,f5	 f16:0x00000000  f5:0x80000000  f5=0x80000000
     459235.000 ns	     45922	80009a98	028a8ab3	mul	x21,x21,x8	 x21:0xffffffe0  x8:0x00000001 x21=0xffffffe0
     459265.000 ns	     45925	80009a9c	20562ed3	fsgnjx.s	f29,f12,f5	 f12:0x000003fe  f5:0x80000000 f29=0x800003fe
     459285.000 ns	     45927	80009aa0	b8c5bc93	sltiu	x25,x11,-1140	 x11:0x00000000 x25=0x00000001
     459295.000 ns	     45928	80009aa4	85096b93	ori	x23,x18,-1968	 x18:0x00000000 x23=0xfffff850
     459315.000 ns	     45930	80009aa8	e00f8953	fmv.x.w	x18,f31	 f31:0x00000000 x18=0x00000000
     459335.000 ns	     45932	80009aac	94e1c693	xori	x13,x3,-1714	  x3:0x00000001 x13=0xfffff94f
     459345.000 ns	     45933	80009ab0	ece78413	addi	x8,x15,-306	 x15:0x00000000  x8=0xfffffece
     460515.000 ns	     46050	80009ab4	5800ff53	fsqrt.s	f30,f1	  f1:0x1f35049a f30=0x2effff44
     460545.000 ns	     46053	80009ab8	f0028053	fmv.w.x	f0,x5	  x5:0x00000000  f0=0x00000000
     460565.000 ns	     46055	80009abc	bc4ca613	slti	x12,x25,-1084	 x25:0x00000001 x12=0x00000000
     460575.000 ns	     46056	80009ac0	4061d493	srai	x9,x3,0x6	  x3:0x00000001  x9=0x00000000
     460595.000 ns	     46058	80009ac4	0395bd33	mulhu	x26,x11,x25	 x11:0x00000000 x25:0x00000001 x26=0x00000000
     460615.000 ns	     46060	80009ac8	e2fa0b93	addi	x23,x20,-465	 x20:0xceffffff x23=0xcefffe2e
     460635.000 ns	     46062	80009acc	039db1b3	mulhu	x3,x27,x25	 x27:0x00000000 x25:0x00000001  x3=0x00000000
     460655.000 ns	     46064	80009ad0	01795233	srl	x4,x18,x23	 x18:0x00000000 x23:0xfffff850  x4=0x00000000
     460665.000 ns	     46065	80009ad4	019c1d93	slli	x27,x24,0x19	 x24:0x00000000 x27=0x00000000
     460685.000 ns	     46067	80009ad8	023e3133	mulhu	x2,x28,x3	 x28:0x00000000  x3:0x00000000  x2=0x00000000
     460715.000 ns	     46070	80009adc	f0020a53	fmv.w.x	f20,x4	  x4:0x00000000 f20=0x00000000
     460765.000 ns	     46075	80009ae0	08e832d3	fsub.s	f5,f16,f14	 f16:0x00000000 f14:0x00000001  f5=0x80000001
     460795.000 ns	     46078	80009ae4	d00e2c53	fcvt.s.w	f24,x28	 x28:0x00000000 f24=0x00000000
     461165.000 ns	     46115	80009ae8	03e1d733	divu	x14,x3,x30	  x3:0x00000000 x30:0x843fa000 x14=0x00000000
     461185.000 ns	     46117	80009aec	01af5333	srl	x6,x30,x26	 x30:0x843fa000 x26:0x00000000  x6=0x843fa000
     461205.000 ns	     46119	80009af0	03121ab3	mulh	x21,x4,x17	  x4:0x00000000 x17:0x80041024 x21=0x00000000
     461235.000 ns	     46122	80009af4	c0097653	fcvt.w.s	x12,f18	 f18:0x9f350483 x12=0x00000000
     461255.000 ns	     46124	80009af8	00001f33	sll	x30,x0,x0	  x0:0x00000000  x0:0x00000000 x30=0x00000000
     461275.000 ns	     46126	80009afc	027cef33	rem	x30,x25,x7	 x25:0x00000001  x7:0x00000000 x30=0x00000001
     461305.000 ns	     46129	80009b00	03392e33	mulhsu	x28,x18,x19	 x18:0x00000000 x19:0xdf80e000 x28=0x00000000
     461335.000 ns	     46132	80009b04	e00f99d3	fclass.s	x19,f31	 f31:0x00000000 x19=0x00000010
     461365.000 ns	     46135	80009b08	a02c8bd3	fle.s	x23,f25,f2	 f25:0x00000000  f2:0x843fa000 x23=0x00000000
     461735.000 ns	     46172	80009b0c	031bdbb3	divu	x23,x23,x17	 x23:0xcefffe2e x17:0x80041024 x23=0x00000000
     461755.000 ns	     46174	80009b10	010d0db3	add	x27,x26,x16	 x26:0x00000000 x16:0xfffff9e9 x27=0xfffff9e9
     461775.000 ns	     46176	80009b14	033faab3	mulhsu	x21,x31,x19	 x31:0xfafeddbe x19:0x00000010 x21=0xffffffff
     461815.000 ns	     46180	80009b18	106a4953	fmul.s	f18,f20,f6	 f20:0x00000000  f6:0x4effffff f18=0x00000000
     461835.000 ns	     46182	80009b1c	003f7833	and	x16,x30,x3	 x30:0x00000001  x3:0x00000000 x16=0x00000000
     461855.000 ns	     46184	80009b20	200da353	fsgnjx.s	f6,f27,f0	 f27:0x00000010  f0:0x00000000  f6=0x00000010
     461885.000 ns	     46187	80009b24	d00d7f53	fcvt.s.w	f30,x26	 x26:0x00000000 f30=0x00000000
     461915.000 ns	     46190	80009b28	a0d58f53	fle.s	x30,f11,f13	 f11:0x80000000 f13:0x80000000 x30=0x00000001
     461955.000 ns	     46194	80009b2c	10e044d3	fmul.s	f9,f0,f14	  f0:0x00000000 f14:0x00000001  f9=0x00000000
     461985.000 ns	     46197	80009b30	29611453	fmax.s	f8,f2,f22	  f2:0x843fa000 f22:0x00000000  f8=0x00000000
     462005.000 ns	     46199	80009b34	416b86b3	sub	x13,x23,x22	 x23:0x00000000 x22:0x7fc00000 x13=0x80400000
     462025.000 ns	     46201	80009b38	02b5dab3	divu	x21,x11,x11	 x11:0x00000000 x11:0x00000000 x21=0xffffffff
     462045.000 ns	     46203	80009b3c	7c0b4913	xori	x18,x22,1984	 x22:0x7fc00000 x18=0x7fc007c0
     462065.000 ns	     46205	80009b40	e0099b53	fclass.s	x22,f19	 f19:0x4f800000 x22=0x00000040
     462085.000 ns	     46207	80009b44	a08290b7	lui	x1,0xa0829	  x1=0xa0829000
     462115.000 ns	     46210	80009b48	11b111d3	fmul.s	f3,f2,f27	  f2:0x843fa000 f27:0x00000010  f3=0x80000000
     462135.000 ns	     46212	80009b4c	003d92b3	sll	x5,x27,x3	 x27:0xfffff9e9  x3:0x00000000  x5=0xfffff9e9
     462155.000 ns	     46214	80009b50	21539ed3	fsgnjn.s	f29,f7,f21	  f7:0x00000000 f21:0xff800000 f29=0x00000000
     462525.000 ns	     46251	80009b54	039fd833	divu	x16,x31,x25	 x31:0xfafeddbe x25:0x00000001 x16=0xfafeddbe
     462555.000 ns	     46254	80009b58	029e4bb3	div	x23,x28,x9	 x28:0x00000000  x9:0x00000000 x23=0xffffffff
     462585.000 ns	     46257	80009b5c	a0c62d53	feq.s	x26,f12,f12	 f12:0x000003fe f12:0x000003fe x26=0x00000001
     462605.000 ns	     46259	80009b60	004c9333	sll	x6,x25,x4	 x25:0x00000001  x4:0x00000000  x6=0x00000001
     462615.000 ns	     46260	80009b64	01933733	sltu	x14,x6,x25	  x6:0x843fa000 x25:0x00000001 x14=0x00000000
     462625.000 ns	     46261	80009b68	011496b3	sll	x13,x9,x17	  x9:0x00000000 x17:0x80041024 x13=0x00000000
     462635.000 ns	     46262	80009b6c	008c1913	slli	x18,x24,0x8	 x24:0x00000000 x18=0x00000000
     462995.000 ns	     46298	80009b70	0346ea33	rem	x20,x13,x20	 x13:0x80400000 x20:0xceffffff x20=0x00000000
     463035.000 ns	     46302	80009b74	1178f1d3	fmul.s	f3,f17,f23	 f17:0x80000000 f23:0x00000000  f3=0x80000000
     463055.000 ns	     46304	80009b78	00000013	addi	x0,x0,0	  x0:0x00000000
     463075.000 ns	     46306	80009b7c	020915b3	mulh	x11,x18,x0	 x18:0x00000000  x0:0x00000000 x11=0x00000000
     463105.000 ns	     46309	80009b80	03e5bd33	mulhu	x26,x11,x30	 x11:0x00000000 x30:0x00000001 x26=0x00000000
     463135.000 ns	     46312	80009b84	a1bd2b53	feq.s	x22,f26,f27	 f26:0x43ed8000 f27:0x00000010 x22=0x00000000
     463155.000 ns	     46314	80009b88	5746b493	sltiu	x9,x13,1396	 x13:0x00000000  x9=0x00000001
     463175.000 ns	     46316	80009b8c	c01d7ad3	fcvt.wu.s	x21,f26	 f26:0x43ed8000 x21=0x000001db
     463205.000 ns	     46319	80009b90	e0038853	fmv.x.w	x16,f7	  f7:0x00000000 x16=0x00000000
     463225.000 ns	     46321	80009b94	003e8033	add	x0,x29,x3	 x29:0x80040fe4  x3:0x00000000
     463235.000 ns	     46322	80009b98	00ba3f33	sltu	x30,x20,x11	 x20:0x00000000 x11:0x00000000 x30=0x00000000
     463255.000 ns	     46324	80009b9c	02befe33	remu	x28,x29,x11	 x29:0x80040fe4 x11:0x00000000 x28=0x80040fe4
     463285.000 ns	     46327	80009ba0	033833b3	mulhu	x7,x16,x19	 x16:0x00000000 x19:0x00000010  x7=0x00000000
     463315.000 ns	     46330	80009ba4	20ef19d3	fsgnjn.s	f19,f30,f14	 f30:0x00000000 f14:0x00000001 f19=0x80000000
     463345.000 ns	     46333	80009ba8	02c2a933	mulhsu	x18,x5,x12	  x5:0xfffff9e9 x12:0x00000000 x18=0x00000000
     463375.000 ns	     46336	80009bac	03ae5ab3	divu	x21,x28,x26	 x28:0x80040fe4 x26:0x00000000 x21=0xffffffff
     463425.000 ns	     46341	80009bb0	0080f8d3	fadd.s	f17,f1,f8	  f1:0x1f35049a  f8:0x00000000 f17=0x1f35049a
     463455.000 ns	     46344	80009bb4	c016fb53	fcvt.wu.s	x22,f13	 f13:0x80000000 x22=0x00000000
     463475.000 ns	     46346	80009bb8	412a8cb3	sub	x25,x21,x18	 x21:0xffffffff x18:0x00000000 x25=0xffffffff
     463495.000 ns	     46348	80009bbc	02bb8f33	mul	x30,x23,x11	 x23:0xffffffff x11:0x00000000 x30=0x00000000
     463515.000 ns	     46350	80009bc0	00017db3	and	x27,x2,x0	  x2:0x00000000  x0:0x00000000 x27=0x00000000
     463545.000 ns	     46353	80009bc4	10cc9e53	fmul.s	f28,f25,f12	 f25:0x00000000 f12:0x000003fe f28=0x00000000
     463565.000 ns	     46355	80009bc8	40d2df33	sra	x30,x5,x13	  x5:0xfffff9e9 x13:0x00000000 x30=0xfffff9e9
     463575.000 ns	     46356	80009bcc	0136bb33	sltu	x22,x13,x19	 x13:0x00000000 x19:0x00000010 x22=0x00000001
     463585.000 ns	     46357	80009bd0	01375a13	srli	x20,x14,0x13	 x14:0x00000000 x20=0x00000000
     463595.000 ns	     46358	80009bd4	41adda33	sra	x20,x27,x26	 x27:0x00000000 x26:0x00000000 x20=0x00000000
     463605.000 ns	     46359	80009bd8	00000013	addi	x0,x0,0	  x0:0x00000000
     463645.000 ns	     46363	80009bdc	09ef88d3	fsub.s	f17,f31,f30	 f31:0x00000000 f30:0x00000000 f17=0x80000000
     463675.000 ns	     46366	80009be0	02479e33	mulh	x28,x15,x4	 x15:0x00000000  x4:0x00000000 x28=0x00000000
     463695.000 ns	     46368	80009be4	01d81813	slli	x16,x16,0x1d	 x16:0x00000000 x16=0x00000000
     463715.000 ns	     46370	80009be8	a195a5d3	feq.s	x11,f11,f25	 f11:0x80000000 f25:0x00000000 x11=0x00000001
     463735.000 ns	     46372	80009bec	015c43b3	xor	x7,x24,x21	 x24:0x00000000 x21:0xffffffff  x7=0xffffffff
     463755.000 ns	     46374	80009bf0	292898d3	fmax.s	f17,f17,f18	 f17:0x80000000 f18:0x00000000 f17=0x00000000
     463785.000 ns	     46377	80009bf4	a0ea04d3	fle.s	x9,f20,f14	 f20:0x00000000 f14:0x00000001  x9=0x00000001
     463805.000 ns	     46379	80009bf8	40305293	srai	x5,x0,0x3	  x0:0x00000000  x5=0x00000000
     463815.000 ns	     46380	80009bfc	7cf76293	ori	x5,x14,1999	 x14:0x00000000  x5=0x000007cf
     463825.000 ns	     46381	80009c00	c7e98c13	addi	x24,x19,-898	 x19:0x00000010 x24=0xfffffc8e
     463835.000 ns	     46382	80009c04	009e7433	and	x8,x28,x9	 x28:0x00000000  x9:0x00000001  x8=0x00000000
     463845.000 ns	     46383	80009c08	01c4df33	srl	x30,x9,x28	  x9:0x00000001 x28:0x00000000 x30=0x00000001
     463865.000 ns	     46385	80009c0c	a1d29753	flt.s	x14,f5,f29	  f5:0x80000001 f29:0x00000000 x14=0x00000001
     463885.000 ns	     46387	80009c10	014383b3	add	x7,x7,x20	  x7:0xffffffff x20:0x00000000  x7=0xffffffff
     463905.000 ns	     46389	80009c14	292606d3	fmin.s	f13,f12,f18	 f12:0x000003fe f18:0x00000000 f13=0x00000000
     463935.000 ns	     46392	80009c18	20ad1ad3	fsgnjn.s	f21,f26,f10	 f26:0x43ed8000 f10:0xceffffff f21=0x43ed8000
     463975.000 ns	     46396	80009c1c	10c578d3	fmul.s	f17,f10,f12	 f10:0xceffffff f12:0x000003fe f17=0x897f8000
     464345.000 ns	     46433	80009c20	02bc5033	divu	x0,x24,x11	 x24:0xfffffc8e x11:0x00000001
     464365.000 ns	     46435	80009c24	6d0ec813	xori	x16,x29,1744	 x29:0x80040fe4 x16=0x80040934
     464395.000 ns	     46438	80009c28	10cc8dd3	fmul.s	f27,f25,f12	 f25:0x00000000 f12:0x000003fe f27=0x00000000
     464415.000 ns	     46440	80009c2c	0064f9b3	and	x19,x9,x6	  x9:0x00000001  x6:0x00000001 x19=0x00000001
     464435.000 ns	     46442	80009c30	c010fd53	fcvt.wu.s	x26,f1	  f1:0x1f35049a x26=0x00000000
     464455.000 ns	     46444	80009c34	77fafa17	auipc	x20,0x77faf	 x20=0xf7fb8c34
     464475.000 ns	     46446	80009c38	21430cd3	fsgnj.s	f25,f6,f20	  f6:0x00000010 f20:0x00000000 f25=0x00000010
     464495.000 ns	     46448	80009c3c	01b209b3	add	x19,x4,x27	  x4:0x00000000 x27:0x00000000 x19=0x00000000
     464505.000 ns	     46449	80009c40	01974233	xor	x4,x14,x25	 x14:0x00000001 x25:0xffffffff  x4=0xfffffffe
     464515.000 ns	     46450	80009c44	4123dcb3	sra	x25,x7,x18	  x7:0xffffffff x18:0x00000000 x25=0xffffffff
     464535.000 ns	     46452	80009c48	027e81b3	mul	x3,x29,x7	 x29:0x80040fe4  x7:0xffffffff  x3=0x7ffbf01c
     464555.000 ns	     46454	80009c4c	01cd6f33	or	x30,x26,x28	 x26:0x00000000 x28:0x00000000 x30=0x00000000
     464915.000 ns	     46490	80009c50	029ae833	rem	x16,x21,x9	 x21:0xffffffff  x9:0x00000001 x16=0x00000000
     464945.000 ns	     46493	80009c54	a15223d3	feq.s	x7,f4,f21	  f4:0x043fa000 f21:0x43ed8000  x7=0x00000000
     464965.000 ns	     46495	80009c58	001dc3b3	xor	x7,x27,x1	 x27:0x00000000  x1:0xa0829000  x7=0xa0829000
     464985.000 ns	     46497	80009c5c	03e0b733	mulhu	x14,x1,x30	  x1:0xa0829000 x30:0x00000000 x14=0x00000000
     465005.000 ns	     46499	80009c60	00806433	or	x8,x0,x8	  x0:0x00000000  x8:0x00000000  x8=0x00000000
     465025.000 ns	     46501	80009c64	d01b3253	fcvt.s.wu	f4,x22	 x22:0x00000001  f4=0x3f800000
     465055.000 ns	     46504	80009c68	29381953	fmax.s	f18,f16,f19	 f16:0x00000000 f19:0x80000000 f18=0x00000000
     465075.000 ns	     46506	80009c6c	0052d693	srli	x13,x5,0x5	  x5:0x000007cf x13=0x0000003e
     465095.000 ns	     46508	80009c70	21849653	fsgnjn.s	f12,f9,f24	  f9:0x00000000 f24:0x00000000 f12=0x80000000
     465115.000 ns	     46510	80009c74	01609e33	sll	x28,x1,x22	  x1:0xa0829000 x22:0x00000001 x28=0x41052000
     465135.000 ns	     46512	80009c78	02f21033	mulh	x0,x4,x15	  x4:0xfffffffe x15:0x00000000
     465165.000 ns	     46515	80009c7c	c0157153	fcvt.wu.s	x2,f10	 f10:0xceffffff  x2=0x7fffff80
     465195.000 ns	     46518	80009c80	a0f229d3	feq.s	x19,f4,f15	  f4:0x3f800000 f15:0x7fc00000 x19=0x00000000
     465225.000 ns	     46521	80009c84	028e5133	divu	x2,x28,x8	 x28:0x41052000  x8:0x00000000  x2=0xffffffff
     465245.000 ns	     46523	80009c88	009d4733	xor	x14,x26,x9	 x26:0x00000000  x9:0x00000001 x14=0x00000001
     465275.000 ns	     46526	80009c8c	580df9d3	fsqrt.s	f19,f27	 f27:0x00000000 f19=0x00000000
     465295.000 ns	     46528	80009c90	473a3193	sltiu	x3,x20,1139	 x20:0xf7fb8c34  x3=0x00000000
     465305.000 ns	     46529	80009c94	d0c32193	slti	x3,x6,-756	  x6:0x00000001  x3=0x00000000
     465315.000 ns	     46530	80009c98	41d5d813	srai	x16,x11,0x1d	 x11:0x00000001 x16=0x00000000
     465325.000 ns	     46531	80009c9c	016c7ab3	and	x21,x24,x22	 x24:0xfffffc8e x22:0x00000001 x21=0x00000000
     465335.000 ns	     46532	80009ca0	00f5cc33	xor	x24,x11,x15	 x11:0x00000001 x15:0x00000000 x24=0x00000001
     465345.000 ns	     46533	80009ca4	549f0493	addi	x9,x30,1353	 x30:0x00000000  x9=0x00000549
     465355.000 ns	     46534	80009ca8	41fad493	srai	x9,x21,0x1f	 x21:0x00000000  x9=0x00000000
     465365.000 ns	     46535	80009cac	0124bab3	sltu	x21,x9,x18	  x9:0x00000001 x18:0x00000000 x21=0x00000000
     465385.000 ns	     46537	80009cb0	c01633d3	fcvt.wu.s	x7,f12	 f12:0x80000000  x7=0x00000000
     465425.000 ns	     46541	80009cb4	580ef053	fsqrt.s	f0,f29	 f29:0x00000000  f0=0x00000000
     465445.000 ns	     46543	80009cb8	98b3bd13	sltiu	x26,x7,-1653	  x7:0x00000000 x26=0x00000001
     465465.000 ns	     46545	80009cbc	a15c8753	fle.s	x14,f25,f21	 f25:0x00000010 f21:0x43ed8000 x14=0x00000001
     465495.000 ns	     46548	80009cc0	a0fe1153	flt.s	x2,f28,f15	 f28:0x00000000 f15:0x7fc00000  x2=0x00000000
     465525.000 ns	     46551	80009cc4	21e8a1d3	fsgnjx.s	f3,f17,f30	 f17:0x897f8000 f30:0x00000000  f3=0x897f8000
     465555.000 ns	     46554	80009cc8	03fab5b3	mulhu	x11,x21,x31	 x21:0x00000000 x31:0xfafeddbe x11=0x00000000
     465575.000 ns	     46556	80009ccc	0075dc33	srl	x24,x11,x7	 x11:0x00000001  x7:0x00000000 x24=0x00000000
     465585.000 ns	     46557	80009cd0	ed2cc413	xori	x8,x25,-302	 x25:0xffffffff  x8=0x0000012d
     465595.000 ns	     46558	80009cd4	00aa4a33	xor	x20,x20,x10	 x20:0xf7fb8c34 x10:0x00000000 x20=0xf7fb8c34
     465615.000 ns	     46560	80009cd8	a165a3d3	feq.s	x7,f11,f22	 f11:0x80000000 f22:0x00000000  x7=0x00000001
     465635.000 ns	     46562	80009cdc	00000013	addi	x0,x0,0	  x0:0x00000000
     465645.000 ns	     46563	80009ce0	b6de8993	addi	x19,x29,-1171	 x29:0x80040fe4 x19=0x80040b51
     465685.000 ns	     46567	80009ce4	009df0d3	fadd.s	f1,f27,f9	 f27:0x00000000  f9:0x00000000  f1=0x00000000
     466055.000 ns	     46604	80009ce8	033c74b3	remu	x9,x24,x19	 x24:0x00000000 x19:0x00000000  x9=0x00000000
     466075.000 ns	     46606	80009cec	818b2593	slti	x11,x22,-2024	 x22:0x00000001 x11=0x00000000
     466085.000 ns	     46607	80009cf0	00b5ee33	or	x28,x11,x11	 x11:0x00000000 x11:0x00000000 x28=0x00000000
     466095.000 ns	     46608	80009cf4	00c90e33	add	x28,x18,x12	 x18:0x00000000 x12:0x00000000 x28=0x00000000
     466455.000 ns	     46644	80009cf8	02726e33	rem	x28,x4,x7	  x4:0xfffffffe  x7:0x00000001 x28=0x00000000
     466475.000 ns	     46646	80009cfc	40a8d013	srai	x0,x17,0xa	 x17:0x80041024
     466485.000 ns	     46647	80009d00	4172d813	srai	x16,x5,0x17	  x5:0x000007cf x16=0x00000000
     466505.000 ns	     46649	80009d04	201987d3	fsgnj.s	f15,f19,f1	 f19:0x00000000  f1:0x00000000 f15=0x00000000
     467685.000 ns	     46767	80009d08	580ab1d3	fsqrt.s	f3,f21	 f21:0x43ed8000  f3=0x41ae5b1b
     467705.000 ns	     46769	80009d0c	3613cb13	xori	x22,x7,865	  x7:0x00000001 x22=0x00000360
     468065.000 ns	     46805	80009d10	0253e733	rem	x14,x7,x5	  x7:0x00000001  x5:0x000007cf x14=0x00000001
     468085.000 ns	     46807	80009d14	d4522693	slti	x13,x4,-699	  x4:0xfffffffe x13=0x00000000
     468105.000 ns	     46809	80009d18	03c3e3b3	rem	x7,x7,x28	  x7:0x00000001 x28:0x00000000  x7=0x00000001
     468125.000 ns	     46811	80009d1c	009a5813	srli	x16,x20,0x9	 x20:0xf7fb8c34 x16=0x007bfdc6
     468155.000 ns	     46814	80009d20	104f10d3	fmul.s	f1,f30,f4	 f30:0x00000000  f4:0x3f800000  f1=0x00000000
     468205.000 ns	     46819	80009d24	00d6a7d3	fadd.s	f15,f13,f13	 f13:0x00000000 f13:0x00000000 f15=0x00000000
     468225.000 ns	     46821	80009d28	019ad613	srli	x12,x21,0x19	 x21:0x00000000 x12=0x00000000
     468245.000 ns	     46823	80009d2c	2069a0d3	fsgnjx.s	f1,f19,f6	 f19:0x00000000  f6:0x00000010  f1=0x00000000
     468275.000 ns	     46826	80009d30	c010f3d3	fcvt.wu.s	x7,f1	  f1:0x00000000  x7=0x00000000
     468305.000 ns	     46829	80009d34	a11490d3	flt.s	x1,f9,f17	  f9:0x00000000 f17:0x897f8000  x1=0x00000000
     468675.000 ns	     46866	80009d38	03dacdb3	div	x27,x21,x29	 x21:0x00000000 x29:0x80040fe4 x27=0x00000000
     468695.000 ns	     46868	80009d3c	01df1a93	slli	x21,x30,0x1d	 x30:0x00000000 x21=0x00000000
     468715.000 ns	     46870	80009d40	02211ab3	mulh	x21,x2,x2	  x2:0x00000000  x2:0x00000000 x21=0x00000000
     468735.000 ns	     46872	80009d44	00385633	srl	x12,x16,x3	 x16:0x007bfdc6  x3:0x00000000 x12=0x007bfdc6
     469095.000 ns	     46908	80009d48	03f749b3	div	x19,x14,x31	 x14:0x00000001 x31:0xfafeddbe x19=0x00000000
     469145.000 ns	     46913	80009d4c	00d5af53	fadd.s	f30,f11,f13	 f11:0x80000000 f13:0x00000000 f30=0x00000000
     469165.000 ns	     46915	80009d50	019cbcb3	sltu	x25,x25,x25	 x25:0xffffffff x25:0xffffffff x25=0x00000000
     469175.000 ns	     46916	80009d54	40bb0e33	sub	x28,x22,x11	 x22:0x00000360 x11:0x00000000 x28=0x00000360
     469195.000 ns	     46918	80009d58	e0018153	fmv.x.w	x2,f3	  f3:0x41ae5b1b  x2=0x41ae5b1b
     469235.000 ns	     46922	80009d5c	5805b5d3	fsqrt.s	f11,f11	 f11:0x80000000 f11=0x80000000
     469255.000 ns	     46924	80009d60	03b2f813	andi	x16,x5,59	  x5:0x000007cf x16=0x0000000b
     469265.000 ns	     46925	80009d64	00000013	addi	x0,x0,0	  x0:0x00000000
     469275.000 ns	     46926	80009d68	010d7cb3	and	x25,x26,x16	 x26:0x00000001 x16:0x007bfdc6 x25=0x00000001
     469285.000 ns	     46927	80009d6c	00bcb833	sltu	x16,x25,x11	 x25:0x00000000 x11:0x00000000 x16=0x00000000
     469295.000 ns	     46928	80009d70	40075113	srai	x2,x14,0x0	 x14:0x00000001  x2=0x00000001
     469315.000 ns	     46930	80009d74	025abe33	mulhu	x28,x21,x5	 x21:0x00000000  x5:0x000007cf x28=0x00000000
     469345.000 ns	     46933	80009d78	28700253	fmin.s	f4,f0,f7	  f0:0x00000000  f7:0x00000000  f4=0x00000000
     469375.000 ns	     46936	80009d7c	d004cc53	fcvt.s.w	f24,x9	  x9:0x00000000 f24=0x00000000
     469405.000 ns	     46939	80009d80	21f8a053	fsgnjx.s	f0,f17,f31	 f17:0x897f8000 f31:0x00000000  f0=0x897f8000
     469435.000 ns	     46942	80009d84	e00995d3	fclass.s	x11,f19	 f19:0x00000000 x11=0x00000010
     469465.000 ns	     46945	80009d88	213715d3	fsgnjn.s	f11,f14,f19	 f14:0x00000001 f19:0x00000000 f11=0x80000001
     469485.000 ns	     46947	80009d8c	00e2bab3	sltu	x21,x5,x14	  x5:0x000007cf x14:0x00000001 x21=0x00000000
     469845.000 ns	     46983	80009d90	02c35833	divu	x16,x6,x12	  x6:0x00000001 x12:0x007bfdc6 x16=0x00000000
     470215.000 ns	     47020	80009d94	0319e433	rem	x8,x19,x17	 x19:0x00000000 x17:0x80041024  x8=0x00000000
     470585.000 ns	     47057	80009d98	024ad5b3	divu	x11,x21,x4	 x21:0x00000000  x4:0xfffffffe x11=0x00000000
     470615.000 ns	     47060	80009d9c	02aded33	rem	x26,x27,x10	 x27:0x00000000 x10:0x00000000 x26=0x00000000
     470635.000 ns	     47062	80009da0	0188fdb3	and	x27,x17,x24	 x17:0x80041024 x24:0x00000000 x27=0x00000000
     470645.000 ns	     47063	80009da4	00cf6033	or	x0,x30,x12	 x30:0x00000000 x12:0x007bfdc6
     470665.000 ns	     47065	80009da8	032c8ab3	mul	x21,x25,x18	 x25:0x00000001 x18:0x00000000 x21=0x00000000
     470695.000 ns	     47068	80009dac	a18e2853	feq.s	x16,f28,f24	 f28:0x00000000 f24:0x00000000 x16=0x00000001
     470725.000 ns	     47071	80009db0	027d9833	mulh	x16,x27,x7	 x27:0x00000000  x7:0x00000000 x16=0x00000000
     470745.000 ns	     47073	80009db4	f1e73913	sltiu	x18,x14,-226	 x14:0x00000001 x18=0x00000001
     471915.000 ns	     47190	80009db8	5801f1d3	fsqrt.s	f3,f3	  f3:0x41ae5b1b  f3=0x409563e4
     471945.000 ns	     47193	80009dbc	c0063053	fcvt.w.s	x0,f12	 f12:0x80000000
     471965.000 ns	     47195	80009dc0	21817293	andi	x5,x2,536	  x2:0x00000001  x5=0x00000000
     471975.000 ns	     47196	80009dc4	0176db33	srl	x22,x13,x23	 x13:0x00000000 x23:0xffffffff x22=0x00000000
     471985.000 ns	     47197	80009dc8	01751433	sll	x8,x10,x23	 x10:0x00000000 x23:0xffffffff  x8=0x00000000
     471995.000 ns	     47198	80009dcc	c1e3bb93	sltiu	x23,x7,-994	  x7:0x00000000 x23=0x00000001
     472005.000 ns	     47199	80009dd0	40d302b3	sub	x5,x6,x13	  x6:0x00000001 x13:0x00000000  x5=0x00000001
     472365.000 ns	     47235	80009dd4	03fc7d33	remu	x26,x24,x31	 x24:0x00000000 x31:0xfafeddbe x26=0x00000000
     472385.000 ns	     47237	80009dd8	01347933	and	x18,x8,x19	  x8:0x00000000 x19:0x00000000 x18=0x00000000
     472405.000 ns	     47239	80009ddc	021566b3	rem	x13,x10,x1	 x10:0x00000000  x1:0x00000000 x13=0x00000000
     472425.000 ns	     47241	80009de0	8fb68393	addi	x7,x13,-1797	 x13:0x00000000  x7=0xfffff8fb
     472435.000 ns	     47242	80009de4	014970b3	and	x1,x18,x20	 x18:0x00000000 x20:0xf7fb8c34  x1=0x00000000
     472445.000 ns	     47243	80009de8	5031e493	ori	x9,x3,1283	  x3:0x00000000  x9=0x00000503
     472455.000 ns	     47244	80009dec	c1de0b13	addi	x22,x28,-995	 x28:0x00000000 x22=0xfffffc1d
     472475.000 ns	     47246	80009df0	a1c60b53	fle.s	x22,f12,f28	 f12:0x80000000 f28:0x00000000 x22=0x00000001
     472495.000 ns	     47248	80009df4	09f83293	sltiu	x5,x16,159	 x16:0x00000000  x5=0x00000001
     472505.000 ns	     47249	80009df8	01e21213	slli	x4,x4,0x1e	  x4:0xfffffffe  x4=0x80000000
     472515.000 ns	     47250	80009dfc	5ebf7793	andi	x15,x30,1515	 x30:0x00000000 x15=0x00000000
     472525.000 ns	     47251	80009e00	00961b93	slli	x23,x12,0x9	 x12:0x007bfdc6 x23=0xf7fb8c00
     472545.000 ns	     47253	80009e04	c01ff753	fcvt.wu.s	x14,f31	 f31:0x00000000 x14=0x00000000
     472565.000 ns	     47255	80009e08	4007d0b3	sra	x1,x15,x0	 x15:0x00000000  x0:0x00000000  x1=0x00000000
     472575.000 ns	     47256	80009e0c	00329c93	slli	x25,x5,0x3	  x5:0x00000001 x25=0x00000008
     472595.000 ns	     47258	80009e10	e0038bd3	fmv.x.w	x23,f7	  f7:0x00000000 x23=0x00000000
     472625.000 ns	     47261	80009e14	d01474d3	fcvt.s.wu	f9,x8	  x8:0x00000000  f9=0x00000000
     472655.000 ns	     47264	80009e18	03e9d833	divu	x16,x19,x30	 x19:0x00000000 x30:0x00000000 x16=0xffffffff
     472695.000 ns	     47268	80009e1c	580c19d3	fsqrt.s	f19,f24	 f24:0x00000000 f19=0x00000000
     472715.000 ns	     47270	80009e20	0076d913	srli	x18,x13,0x7	 x13:0x00000000 x18=0x00000000
     472735.000 ns	     47272	80009e24	295712d3	fmax.s	f5,f14,f21	 f14:0x00000001 f21:0x43ed8000  f5=0x43ed8000
     472765.000 ns	     47275	80009e28	03cde1b3	rem	x3,x27,x28	 x27:0x00000000 x28:0x00000000  x3=0x00000000
     472795.000 ns	     47278	80009e2c	e0009dd3	fclass.s	x27,f1	  f1:0x00000000 x27=0x00000010
     472815.000 ns	     47280	80009e30	c2820493	addi	x9,x4,-984	  x4:0x80000000  x9=0x7ffffc28
     472835.000 ns	     47282	80009e34	20cc04d3	fsgnj.s	f9,f24,f12	 f24:0x00000000 f12:0x80000000  f9=0x80000000
     472855.000 ns	     47284	80009e38	0028d113	srli	x2,x17,0x2	 x17:0x80041024  x2=0x20010409
     472895.000 ns	     47288	80009e3c	01247ad3	fadd.s	f21,f8,f18	  f8:0x00000000 f18:0x00000000 f21=0x00000000
     472915.000 ns	     47290	80009e40	00000013	addi	x0,x0,0	  x0:0x00000000
     472935.000 ns	     47292	80009e44	296417d3	fmax.s	f15,f8,f22	  f8:0x00000000 f22:0x00000000 f15=0x00000000
     472965.000 ns	     47295	80009e48	20ba0fd3	fsgnj.s	f31,f20,f11	 f20:0x00000000 f11:0x80000001 f31=0x80000000
     472985.000 ns	     47297	80009e4c	01671a33	sll	x20,x14,x22	 x14:0x00000000 x22:0x00000001 x20=0x00000000
     472995.000 ns	     47298	80009e50	01cda9b3	slt	x19,x27,x28	 x27:0x00000010 x28:0x00000000 x19=0x00000000
     473005.000 ns	     47299	80009e54	018643b3	xor	x7,x12,x24	 x12:0x007bfdc6 x24:0x00000000  x7=0x007bfdc6
     473035.000 ns	     47302	80009e58	580075d3	fsqrt.s	f11,f0	  f0:0x897f8000 f11=0x7fc00000
     473065.000 ns	     47305	80009e5c	21cf0cd3	fsgnj.s	f25,f30,f28	 f30:0x00000000 f28:0x00000000 f25=0x00000000
     473085.000 ns	     47307	80009e60	0096d993	srli	x19,x13,0x9	 x13:0x00000000 x19=0x00000000
     473095.000 ns	     47308	80009e64	01bb87b3	add	x15,x23,x27	 x23:0x00000000 x27:0x00000010 x15=0x00000010
     473455.000 ns	     47344	80009e68	025f5433	divu	x8,x30,x5	 x30:0x00000000  x5:0x00000001  x8=0x00000000
     473485.000 ns	     47347	80009e6c	03a95333	divu	x6,x18,x26	 x18:0x00000000 x26:0x00000000  x6=0xffffffff
     473505.000 ns	     47349	80009e70	19dd2193	slti	x3,x26,413	 x26:0x00000000  x3=0x00000001
     473865.000 ns	     47385	80009e74	025c5733	divu	x14,x24,x5	 x24:0x00000000  x5:0x00000001 x14=0x00000000
     473915.000 ns	     47390	80009e78	000d7453	fadd.s	f8,f26,f0	 f26:0x43ed8000  f0:0x897f8000  f8=0x43ed8000
     473945.000 ns	     47393	80009e7c	c00a7953	fcvt.w.s	x18,f20	 f20:0x00000000 x18=0x00000000
     473965.000 ns	     47395	80009e80	40778ab3	sub	x21,x15,x7	 x15:0x00000010  x7:0x007bfdc6 x21=0xff84024a
     474005.000 ns	     47399	80009e84	005b7f53	fadd.s	f30,f22,f5	 f22:0x00000000  f5:0x43ed8000 f30=0x43ed8000
     474025.000 ns	     47401	80009e88	00000f97	auipc	x31,0x0	 x31=0x80009e88
     474035.000 ns	     47402	80009e8c	00cf8f93	addi	x31,x31,12	 x31:0xfafeddbe x31=0x80009e94
     474045.000 ns	     47403	80009e90	000f8067	jalr	x0,x31,0	 x31:0xfafeddbe
     474095.000 ns	     47408	80009e94	00100193	addi	x3,x0,1	  x0:0x00000000  x3=0x00000001
     474105.000 ns	     47409	80009e98	00000073	ecall	
     474115.000 ns	     47410	80009e9c	00036f17	auipc	x30,0x36	 x30=0x8003fe9c
     474125.000 ns	     47411	80009ea0	163f2223	sw	x3,356(x30)	 x30:0x00000000  x3:0x00000001 PA:0xxxxxxxxx
     474145.000 ns	     47413	80009ea4	ff9ff06f	jal	x0,80009ea0	
     474195.000 ns	     47418	80009e9c	00036f17	auipc	x30,0x36	 x30=0x8003fe9c
     474205.000 ns	     47419	80009ea0	163f2223	sw	x3,356(x30)	 x30:0x8003fe9c  x3:0x00000001 PA:0xxxxxxxxx
     474225.000 ns	     47421	80009ea4	ff9ff06f	jal	x0,80009ea0	
     474275.000 ns	     47426	80009e9c	00036f17	auipc	x30,0x36	 x30=0x8003fe9c
     474285.000 ns	     47427	80009ea0	163f2223	sw	x3,356(x30)	 x30:0x8003fe9c  x3:0x00000001 PA:0xxxxxxxxx
     474305.000 ns	     47429	80009ea4	ff9ff06f	jal	x0,80009ea0	
     474355.000 ns	     47434	80009e9c	00036f17	auipc	x30,0x36	 x30=0x8003fe9c
     474365.000 ns	     47435	80009ea0	163f2223	sw	x3,356(x30)	 x30:0x8003fe9c  x3:0x00000001 PA:0xxxxxxxxx
     474385.000 ns	     47437	80009ea4	ff9ff06f	jal	x0,80009ea0	
     474435.000 ns	     47442	80009e9c	00036f17	auipc	x30,0x36	 x30=0x8003fe9c
     474445.000 ns	     47443	80009ea0	163f2223	sw	x3,356(x30)	 x30:0x8003fe9c  x3:0x00000001 PA:0xxxxxxxxx
     474465.000 ns	     47445	80009ea4	ff9ff06f	jal	x0,80009ea0	
     474515.000 ns	     47450	80009e9c	00036f17	auipc	x30,0x36	 x30=0x8003fe9c
     474525.000 ns	     47451	80009ea0	163f2223	sw	x3,356(x30)	 x30:0x8003fe9c  x3:0x00000001 PA:0xxxxxxxxx
     474545.000 ns	     47453	80009ea4	ff9ff06f	jal	x0,80009ea0	
     474595.000 ns	     47458	80009e9c	00036f17	auipc	x30,0x36	 x30=0x8003fe9c
     474605.000 ns	     47459	80009ea0	163f2223	sw	x3,356(x30)	 x30:0x8003fe9c  x3:0x00000001 PA:0xxxxxxxxx
     474625.000 ns	     47461	80009ea4	ff9ff06f	jal	x0,80009ea0	
     474675.000 ns	     47466	80009e9c	00036f17	auipc	x30,0x36	 x30=0x8003fe9c
     474685.000 ns	     47467	80009ea0	163f2223	sw	x3,356(x30)	 x30:0x8003fe9c  x3:0x00000001 PA:0xxxxxxxxx
     474705.000 ns	     47469	80009ea4	ff9ff06f	jal	x0,80009ea0	
     474755.000 ns	     47474	80009e9c	00036f17	auipc	x30,0x36	 x30=0x8003fe9c
     474765.000 ns	     47475	80009ea0	163f2223	sw	x3,356(x30)	 x30:0x8003fe9c  x3:0x00000001 PA:0xxxxxxxxx
     474785.000 ns	     47477	80009ea4	ff9ff06f	jal	x0,80009ea0	
     474835.000 ns	     47482	80009e9c	00036f17	auipc	x30,0x36	 x30=0x8003fe9c
     474845.000 ns	     47483	80009ea0	163f2223	sw	x3,356(x30)	 x30:0x8003fe9c  x3:0x00000001 PA:0xxxxxxxxx
     474865.000 ns	     47485	80009ea4	ff9ff06f	jal	x0,80009ea0	
     474915.000 ns	     47490	80009e9c	00036f17	auipc	x30,0x36	 x30=0x8003fe9c
     474925.000 ns	     47491	80009ea0	163f2223	sw	x3,356(x30)	 x30:0x8003fe9c  x3:0x00000001 PA:0xxxxxxxxx
     474945.000 ns	     47493	80009ea4	ff9ff06f	jal	x0,80009ea0	
     474995.000 ns	     47498	80009e9c	00036f17	auipc	x30,0x36	 x30=0x8003fe9c
     475005.000 ns	     47499	80009ea0	163f2223	sw	x3,356(x30)	 x30:0x8003fe9c  x3:0x00000001 PA:0xxxxxxxxx
     475025.000 ns	     47501	80009ea4	ff9ff06f	jal	x0,80009ea0	
     475075.000 ns	     47506	80009e9c	00036f17	auipc	x30,0x36	 x30=0x8003fe9c
     475085.000 ns	     47507	80009ea0	163f2223	sw	x3,356(x30)	 x30:0x8003fe9c  x3:0x00000001 PA:0xxxxxxxxx
     475105.000 ns	     47509	80009ea4	ff9ff06f	jal	x0,80009ea0	
     475155.000 ns	     47514	80009e9c	00036f17	auipc	x30,0x36	 x30=0x8003fe9c
     475165.000 ns	     47515	80009ea0	163f2223	sw	x3,356(x30)	 x30:0x8003fe9c  x3:0x00000001 PA:0xxxxxxxxx
     475185.000 ns	     47517	80009ea4	ff9ff06f	jal	x0,80009ea0	
     475235.000 ns	     47522	80009e9c	00036f17	auipc	x30,0x36	 x30=0x8003fe9c
     475245.000 ns	     47523	80009ea0	163f2223	sw	x3,356(x30)	 x30:0x8003fe9c  x3:0x00000001 PA:0xxxxxxxxx
     475265.000 ns	     47525	80009ea4	ff9ff06f	jal	x0,80009ea0	
     475315.000 ns	     47530	80009e9c	00036f17	auipc	x30,0x36	 x30=0x8003fe9c
     475325.000 ns	     47531	80009ea0	163f2223	sw	x3,356(x30)	 x30:0x8003fe9c  x3:0x00000001 PA:0xxxxxxxxx
     475345.000 ns	     47533	80009ea4	ff9ff06f	jal	x0,80009ea0	
     475395.000 ns	     47538	80009e9c	00036f17	auipc	x30,0x36	 x30=0x8003fe9c
     475405.000 ns	     47539	80009ea0	163f2223	sw	x3,356(x30)	 x30:0x8003fe9c  x3:0x00000001 PA:0xxxxxxxxx
     475425.000 ns	     47541	80009ea4	ff9ff06f	jal	x0,80009ea0	
     475475.000 ns	     47546	80009e9c	00036f17	auipc	x30,0x36	 x30=0x8003fe9c
     475485.000 ns	     47547	80009ea0	163f2223	sw	x3,356(x30)	 x30:0x8003fe9c  x3:0x00000001 PA:0xxxxxxxxx
     475505.000 ns	     47549	80009ea4	ff9ff06f	jal	x0,80009ea0	
     475555.000 ns	     47554	80009e9c	00036f17	auipc	x30,0x36	 x30=0x8003fe9c
     475565.000 ns	     47555	80009ea0	163f2223	sw	x3,356(x30)	 x30:0x8003fe9c  x3:0x00000001 PA:0xxxxxxxxx
     475585.000 ns	     47557	80009ea4	ff9ff06f	jal	x0,80009ea0	
     475635.000 ns	     47562	80009e9c	00036f17	auipc	x30,0x36	 x30=0x8003fe9c
     475645.000 ns	     47563	80009ea0	163f2223	sw	x3,356(x30)	 x30:0x8003fe9c  x3:0x00000001 PA:0xxxxxxxxx
     475665.000 ns	     47565	80009ea4	ff9ff06f	jal	x0,80009ea0	
     475715.000 ns	     47570	80009e9c	00036f17	auipc	x30,0x36	 x30=0x8003fe9c
     475725.000 ns	     47571	80009ea0	163f2223	sw	x3,356(x30)	 x30:0x8003fe9c  x3:0x00000001 PA:0xxxxxxxxx
     475745.000 ns	     47573	80009ea4	ff9ff06f	jal	x0,80009ea0	
     475795.000 ns	     47578	80009e9c	00036f17	auipc	x30,0x36	 x30=0x8003fe9c
     475805.000 ns	     47579	80009ea0	163f2223	sw	x3,356(x30)	 x30:0x8003fe9c  x3:0x00000001 PA:0xxxxxxxxx
     475825.000 ns	     47581	80009ea4	ff9ff06f	jal	x0,80009ea0	
     475875.000 ns	     47586	80009e9c	00036f17	auipc	x30,0x36	 x30=0x8003fe9c
     475885.000 ns	     47587	80009ea0	163f2223	sw	x3,356(x30)	 x30:0x8003fe9c  x3:0x00000001 PA:0xxxxxxxxx
     475905.000 ns	     47589	80009ea4	ff9ff06f	jal	x0,80009ea0	
     475955.000 ns	     47594	80009e9c	00036f17	auipc	x30,0x36	 x30=0x8003fe9c
     475965.000 ns	     47595	80009ea0	163f2223	sw	x3,356(x30)	 x30:0x8003fe9c  x3:0x00000001 PA:0xxxxxxxxx
     475985.000 ns	     47597	80009ea4	ff9ff06f	jal	x0,80009ea0	
     476035.000 ns	     47602	80009e9c	00036f17	auipc	x30,0x36	 x30=0x8003fe9c
     476045.000 ns	     47603	80009ea0	163f2223	sw	x3,356(x30)	 x30:0x8003fe9c  x3:0x00000001 PA:0xxxxxxxxx
     476065.000 ns	     47605	80009ea4	ff9ff06f	jal	x0,80009ea0	
     476115.000 ns	     47610	80009e9c	00036f17	auipc	x30,0x36	 x30=0x8003fe9c
     476125.000 ns	     47611	80009ea0	163f2223	sw	x3,356(x30)	 x30:0x8003fe9c  x3:0x00000001 PA:0xxxxxxxxx
     476145.000 ns	     47613	80009ea4	ff9ff06f	jal	x0,80009ea0	
     476195.000 ns	     47618	80009e9c	00036f17	auipc	x30,0x36	 x30=0x8003fe9c
     476205.000 ns	     47619	80009ea0	163f2223	sw	x3,356(x30)	 x30:0x8003fe9c  x3:0x00000001 PA:0xxxxxxxxx
     476225.000 ns	     47621	80009ea4	ff9ff06f	jal	x0,80009ea0	
     476275.000 ns	     47626	80009e9c	00036f17	auipc	x30,0x36	 x30=0x8003fe9c
     476285.000 ns	     47627	80009ea0	163f2223	sw	x3,356(x30)	 x30:0x8003fe9c  x3:0x00000001 PA:0xxxxxxxxx
     476305.000 ns	     47629	80009ea4	ff9ff06f	jal	x0,80009ea0	
     476355.000 ns	     47634	80009e9c	00036f17	auipc	x30,0x36	 x30=0x8003fe9c
     476365.000 ns	     47635	80009ea0	163f2223	sw	x3,356(x30)	 x30:0x8003fe9c  x3:0x00000001 PA:0xxxxxxxxx
     476385.000 ns	     47637	80009ea4	ff9ff06f	jal	x0,80009ea0	
     476435.000 ns	     47642	80009e9c	00036f17	auipc	x30,0x36	 x30=0x8003fe9c
     476445.000 ns	     47643	80009ea0	163f2223	sw	x3,356(x30)	 x30:0x8003fe9c  x3:0x00000001 PA:0xxxxxxxxx
     476465.000 ns	     47645	80009ea4	ff9ff06f	jal	x0,80009ea0	
     476515.000 ns	     47650	80009e9c	00036f17	auipc	x30,0x36	 x30=0x8003fe9c
     476525.000 ns	     47651	80009ea0	163f2223	sw	x3,356(x30)	 x30:0x8003fe9c  x3:0x00000001 PA:0xxxxxxxxx
     476545.000 ns	     47653	80009ea4	ff9ff06f	jal	x0,80009ea0	
     476595.000 ns	     47658	80009e9c	00036f17	auipc	x30,0x36	 x30=0x8003fe9c
     476605.000 ns	     47659	80009ea0	163f2223	sw	x3,356(x30)	 x30:0x8003fe9c  x3:0x00000001 PA:0xxxxxxxxx
     476625.000 ns	     47661	80009ea4	ff9ff06f	jal	x0,80009ea0	
     476675.000 ns	     47666	80009e9c	00036f17	auipc	x30,0x36	 x30=0x8003fe9c
     476685.000 ns	     47667	80009ea0	163f2223	sw	x3,356(x30)	 x30:0x8003fe9c  x3:0x00000001 PA:0xxxxxxxxx
     476705.000 ns	     47669	80009ea4	ff9ff06f	jal	x0,80009ea0	
     476755.000 ns	     47674	80009e9c	00036f17	auipc	x30,0x36	 x30=0x8003fe9c
     476765.000 ns	     47675	80009ea0	163f2223	sw	x3,356(x30)	 x30:0x8003fe9c  x3:0x00000001 PA:0xxxxxxxxx
     476785.000 ns	     47677	80009ea4	ff9ff06f	jal	x0,80009ea0	
     476835.000 ns	     47682	80009e9c	00036f17	auipc	x30,0x36	 x30=0x8003fe9c
     476845.000 ns	     47683	80009ea0	163f2223	sw	x3,356(x30)	 x30:0x8003fe9c  x3:0x00000001 PA:0xxxxxxxxx
     476865.000 ns	     47685	80009ea4	ff9ff06f	jal	x0,80009ea0	
     476915.000 ns	     47690	80009e9c	00036f17	auipc	x30,0x36	 x30=0x8003fe9c
     476925.000 ns	     47691	80009ea0	163f2223	sw	x3,356(x30)	 x30:0x8003fe9c  x3:0x00000001 PA:0xxxxxxxxx
     476945.000 ns	     47693	80009ea4	ff9ff06f	jal	x0,80009ea0	
     476995.000 ns	     47698	80009e9c	00036f17	auipc	x30,0x36	 x30=0x8003fe9c
     477005.000 ns	     47699	80009ea0	163f2223	sw	x3,356(x30)	 x30:0x8003fe9c  x3:0x00000001 PA:0xxxxxxxxx
     477025.000 ns	     47701	80009ea4	ff9ff06f	jal	x0,80009ea0	
     477075.000 ns	     47706	80009e9c	00036f17	auipc	x30,0x36	 x30=0x8003fe9c
     477085.000 ns	     47707	80009ea0	163f2223	sw	x3,356(x30)	 x30:0x8003fe9c  x3:0x00000001 PA:0xxxxxxxxx
     477105.000 ns	     47709	80009ea4	ff9ff06f	jal	x0,80009ea0	
     477155.000 ns	     47714	80009e9c	00036f17	auipc	x30,0x36	 x30=0x8003fe9c
     477165.000 ns	     47715	80009ea0	163f2223	sw	x3,356(x30)	 x30:0x8003fe9c  x3:0x00000001 PA:0xxxxxxxxx
     477185.000 ns	     47717	80009ea4	ff9ff06f	jal	x0,80009ea0	
     477235.000 ns	     47722	80009e9c	00036f17	auipc	x30,0x36	 x30=0x8003fe9c
     477245.000 ns	     47723	80009ea0	163f2223	sw	x3,356(x30)	 x30:0x8003fe9c  x3:0x00000001 PA:0xxxxxxxxx
     477265.000 ns	     47725	80009ea4	ff9ff06f	jal	x0,80009ea0	
     477315.000 ns	     47730	80009e9c	00036f17	auipc	x30,0x36	 x30=0x8003fe9c
     477325.000 ns	     47731	80009ea0	163f2223	sw	x3,356(x30)	 x30:0x8003fe9c  x3:0x00000001 PA:0xxxxxxxxx
     477345.000 ns	     47733	80009ea4	ff9ff06f	jal	x0,80009ea0	
     477395.000 ns	     47738	80009e9c	00036f17	auipc	x30,0x36	 x30=0x8003fe9c
     477405.000 ns	     47739	80009ea0	163f2223	sw	x3,356(x30)	 x30:0x8003fe9c  x3:0x00000001 PA:0xxxxxxxxx
     477425.000 ns	     47741	80009ea4	ff9ff06f	jal	x0,80009ea0	
     477475.000 ns	     47746	80009e9c	00036f17	auipc	x30,0x36	 x30=0x8003fe9c
     477485.000 ns	     47747	80009ea0	163f2223	sw	x3,356(x30)	 x30:0x8003fe9c  x3:0x00000001 PA:0xxxxxxxxx
     477505.000 ns	     47749	80009ea4	ff9ff06f	jal	x0,80009ea0	
     477555.000 ns	     47754	80009e9c	00036f17	auipc	x30,0x36	 x30=0x8003fe9c
     477565.000 ns	     47755	80009ea0	163f2223	sw	x3,356(x30)	 x30:0x8003fe9c  x3:0x00000001 PA:0xxxxxxxxx
     477585.000 ns	     47757	80009ea4	ff9ff06f	jal	x0,80009ea0	
     477635.000 ns	     47762	80009e9c	00036f17	auipc	x30,0x36	 x30=0x8003fe9c
     477645.000 ns	     47763	80009ea0	163f2223	sw	x3,356(x30)	 x30:0x8003fe9c  x3:0x00000001 PA:0xxxxxxxxx
     477665.000 ns	     47765	80009ea4	ff9ff06f	jal	x0,80009ea0	
     477715.000 ns	     47770	80009e9c	00036f17	auipc	x30,0x36	 x30=0x8003fe9c
     477725.000 ns	     47771	80009ea0	163f2223	sw	x3,356(x30)	 x30:0x8003fe9c  x3:0x00000001 PA:0xxxxxxxxx
     477745.000 ns	     47773	80009ea4	ff9ff06f	jal	x0,80009ea0	
     477795.000 ns	     47778	80009e9c	00036f17	auipc	x30,0x36	 x30=0x8003fe9c
     477805.000 ns	     47779	80009ea0	163f2223	sw	x3,356(x30)	 x30:0x8003fe9c  x3:0x00000001 PA:0xxxxxxxxx
     477825.000 ns	     47781	80009ea4	ff9ff06f	jal	x0,80009ea0	
     477875.000 ns	     47786	80009e9c	00036f17	auipc	x30,0x36	 x30=0x8003fe9c
     477885.000 ns	     47787	80009ea0	163f2223	sw	x3,356(x30)	 x30:0x8003fe9c  x3:0x00000001 PA:0xxxxxxxxx
     477905.000 ns	     47789	80009ea4	ff9ff06f	jal	x0,80009ea0	
     477955.000 ns	     47794	80009e9c	00036f17	auipc	x30,0x36	 x30=0x8003fe9c
     477965.000 ns	     47795	80009ea0	163f2223	sw	x3,356(x30)	 x30:0x8003fe9c  x3:0x00000001 PA:0xxxxxxxxx
     477985.000 ns	     47797	80009ea4	ff9ff06f	jal	x0,80009ea0	
     478035.000 ns	     47802	80009e9c	00036f17	auipc	x30,0x36	 x30=0x8003fe9c
     478045.000 ns	     47803	80009ea0	163f2223	sw	x3,356(x30)	 x30:0x8003fe9c  x3:0x00000001 PA:0xxxxxxxxx
     478065.000 ns	     47805	80009ea4	ff9ff06f	jal	x0,80009ea0	
     478115.000 ns	     47810	80009e9c	00036f17	auipc	x30,0x36	 x30=0x8003fe9c
     478125.000 ns	     47811	80009ea0	163f2223	sw	x3,356(x30)	 x30:0x8003fe9c  x3:0x00000001 PA:0xxxxxxxxx
     478145.000 ns	     47813	80009ea4	ff9ff06f	jal	x0,80009ea0	
     478195.000 ns	     47818	80009e9c	00036f17	auipc	x30,0x36	 x30=0x8003fe9c
     478205.000 ns	     47819	80009ea0	163f2223	sw	x3,356(x30)	 x30:0x8003fe9c  x3:0x00000001 PA:0xxxxxxxxx
     478225.000 ns	     47821	80009ea4	ff9ff06f	jal	x0,80009ea0	
     478275.000 ns	     47826	80009e9c	00036f17	auipc	x30,0x36	 x30=0x8003fe9c
     478285.000 ns	     47827	80009ea0	163f2223	sw	x3,356(x30)	 x30:0x8003fe9c  x3:0x00000001 PA:0xxxxxxxxx
     478305.000 ns	     47829	80009ea4	ff9ff06f	jal	x0,80009ea0	
     478355.000 ns	     47834	80009e9c	00036f17	auipc	x30,0x36	 x30=0x8003fe9c
     478365.000 ns	     47835	80009ea0	163f2223	sw	x3,356(x30)	 x30:0x8003fe9c  x3:0x00000001 PA:0xxxxxxxxx
     478385.000 ns	     47837	80009ea4	ff9ff06f	jal	x0,80009ea0	
     478435.000 ns	     47842	80009e9c	00036f17	auipc	x30,0x36	 x30=0x8003fe9c
     478445.000 ns	     47843	80009ea0	163f2223	sw	x3,356(x30)	 x30:0x8003fe9c  x3:0x00000001 PA:0xxxxxxxxx
     478465.000 ns	     47845	80009ea4	ff9ff06f	jal	x0,80009ea0	
     478515.000 ns	     47850	80009e9c	00036f17	auipc	x30,0x36	 x30=0x8003fe9c
     478525.000 ns	     47851	80009ea0	163f2223	sw	x3,356(x30)	 x30:0x8003fe9c  x3:0x00000001 PA:0xxxxxxxxx
     478545.000 ns	     47853	80009ea4	ff9ff06f	jal	x0,80009ea0	
     478595.000 ns	     47858	80009e9c	00036f17	auipc	x30,0x36	 x30=0x8003fe9c
     478605.000 ns	     47859	80009ea0	163f2223	sw	x3,356(x30)	 x30:0x8003fe9c  x3:0x00000001 PA:0xxxxxxxxx
     478625.000 ns	     47861	80009ea4	ff9ff06f	jal	x0,80009ea0	
     478675.000 ns	     47866	80009e9c	00036f17	auipc	x30,0x36	 x30=0x8003fe9c
     478685.000 ns	     47867	80009ea0	163f2223	sw	x3,356(x30)	 x30:0x8003fe9c  x3:0x00000001 PA:0xxxxxxxxx
     478705.000 ns	     47869	80009ea4	ff9ff06f	jal	x0,80009ea0	
     478755.000 ns	     47874	80009e9c	00036f17	auipc	x30,0x36	 x30=0x8003fe9c
     478765.000 ns	     47875	80009ea0	163f2223	sw	x3,356(x30)	 x30:0x8003fe9c  x3:0x00000001 PA:0xxxxxxxxx
     478785.000 ns	     47877	80009ea4	ff9ff06f	jal	x0,80009ea0	
     478835.000 ns	     47882	80009e9c	00036f17	auipc	x30,0x36	 x30=0x8003fe9c
     478845.000 ns	     47883	80009ea0	163f2223	sw	x3,356(x30)	 x30:0x8003fe9c  x3:0x00000001 PA:0xxxxxxxxx
     478865.000 ns	     47885	80009ea4	ff9ff06f	jal	x0,80009ea0	
     478915.000 ns	     47890	80009e9c	00036f17	auipc	x30,0x36	 x30=0x8003fe9c
     478925.000 ns	     47891	80009ea0	163f2223	sw	x3,356(x30)	 x30:0x8003fe9c  x3:0x00000001 PA:0xxxxxxxxx
     478945.000 ns	     47893	80009ea4	ff9ff06f	jal	x0,80009ea0	
     478995.000 ns	     47898	80009e9c	00036f17	auipc	x30,0x36	 x30=0x8003fe9c
     479005.000 ns	     47899	80009ea0	163f2223	sw	x3,356(x30)	 x30:0x8003fe9c  x3:0x00000001 PA:0xxxxxxxxx
     479025.000 ns	     47901	80009ea4	ff9ff06f	jal	x0,80009ea0	
     479075.000 ns	     47906	80009e9c	00036f17	auipc	x30,0x36	 x30=0x8003fe9c
     479085.000 ns	     47907	80009ea0	163f2223	sw	x3,356(x30)	 x30:0x8003fe9c  x3:0x00000001 PA:0xxxxxxxxx
     479105.000 ns	     47909	80009ea4	ff9ff06f	jal	x0,80009ea0	
     479155.000 ns	     47914	80009e9c	00036f17	auipc	x30,0x36	 x30=0x8003fe9c
     479165.000 ns	     47915	80009ea0	163f2223	sw	x3,356(x30)	 x30:0x8003fe9c  x3:0x00000001 PA:0xxxxxxxxx
     479185.000 ns	     47917	80009ea4	ff9ff06f	jal	x0,80009ea0	
     479235.000 ns	     47922	80009e9c	00036f17	auipc	x30,0x36	 x30=0x8003fe9c
     479245.000 ns	     47923	80009ea0	163f2223	sw	x3,356(x30)	 x30:0x8003fe9c  x3:0x00000001 PA:0xxxxxxxxx
     479265.000 ns	     47925	80009ea4	ff9ff06f	jal	x0,80009ea0	
     479315.000 ns	     47930	80009e9c	00036f17	auipc	x30,0x36	 x30=0x8003fe9c
     479325.000 ns	     47931	80009ea0	163f2223	sw	x3,356(x30)	 x30:0x8003fe9c  x3:0x00000001 PA:0xxxxxxxxx
     479345.000 ns	     47933	80009ea4	ff9ff06f	jal	x0,80009ea0	
     479395.000 ns	     47938	80009e9c	00036f17	auipc	x30,0x36	 x30=0x8003fe9c
     479405.000 ns	     47939	80009ea0	163f2223	sw	x3,356(x30)	 x30:0x8003fe9c  x3:0x00000001 PA:0xxxxxxxxx
     479425.000 ns	     47941	80009ea4	ff9ff06f	jal	x0,80009ea0	
     479475.000 ns	     47946	80009e9c	00036f17	auipc	x30,0x36	 x30=0x8003fe9c
     479485.000 ns	     47947	80009ea0	163f2223	sw	x3,356(x30)	 x30:0x8003fe9c  x3:0x00000001 PA:0xxxxxxxxx
     479505.000 ns	     47949	80009ea4	ff9ff06f	jal	x0,80009ea0	
     479555.000 ns	     47954	80009e9c	00036f17	auipc	x30,0x36	 x30=0x8003fe9c
     479565.000 ns	     47955	80009ea0	163f2223	sw	x3,356(x30)	 x30:0x8003fe9c  x3:0x00000001 PA:0xxxxxxxxx
     479585.000 ns	     47957	80009ea4	ff9ff06f	jal	x0,80009ea0	
     479635.000 ns	     47962	80009e9c	00036f17	auipc	x30,0x36	 x30=0x8003fe9c
     479645.000 ns	     47963	80009ea0	163f2223	sw	x3,356(x30)	 x30:0x8003fe9c  x3:0x00000001 PA:0xxxxxxxxx
     479665.000 ns	     47965	80009ea4	ff9ff06f	jal	x0,80009ea0	
     479715.000 ns	     47970	80009e9c	00036f17	auipc	x30,0x36	 x30=0x8003fe9c
     479725.000 ns	     47971	80009ea0	163f2223	sw	x3,356(x30)	 x30:0x8003fe9c  x3:0x00000001 PA:0xxxxxxxxx
     479745.000 ns	     47973	80009ea4	ff9ff06f	jal	x0,80009ea0	
     479795.000 ns	     47978	80009e9c	00036f17	auipc	x30,0x36	 x30=0x8003fe9c
     479805.000 ns	     47979	80009ea0	163f2223	sw	x3,356(x30)	 x30:0x8003fe9c  x3:0x00000001 PA:0xxxxxxxxx
     479825.000 ns	     47981	80009ea4	ff9ff06f	jal	x0,80009ea0	
     479875.000 ns	     47986	80009e9c	00036f17	auipc	x30,0x36	 x30=0x8003fe9c
     479885.000 ns	     47987	80009ea0	163f2223	sw	x3,356(x30)	 x30:0x8003fe9c  x3:0x00000001 PA:0xxxxxxxxx
     479905.000 ns	     47989	80009ea4	ff9ff06f	jal	x0,80009ea0	
     479955.000 ns	     47994	80009e9c	00036f17	auipc	x30,0x36	 x30=0x8003fe9c
     479965.000 ns	     47995	80009ea0	163f2223	sw	x3,356(x30)	 x30:0x8003fe9c  x3:0x00000001 PA:0xxxxxxxxx
     479985.000 ns	     47997	80009ea4	ff9ff06f	jal	x0,80009ea0	
     480035.000 ns	     48002	80009e9c	00036f17	auipc	x30,0x36	 x30=0x8003fe9c
     480045.000 ns	     48003	80009ea0	163f2223	sw	x3,356(x30)	 x30:0x8003fe9c  x3:0x00000001 PA:0xxxxxxxxx
     480065.000 ns	     48005	80009ea4	ff9ff06f	jal	x0,80009ea0	
     480115.000 ns	     48010	80009e9c	00036f17	auipc	x30,0x36	 x30=0x8003fe9c
     480125.000 ns	     48011	80009ea0	163f2223	sw	x3,356(x30)	 x30:0x8003fe9c  x3:0x00000001 PA:0xxxxxxxxx
     480145.000 ns	     48013	80009ea4	ff9ff06f	jal	x0,80009ea0	
     480195.000 ns	     48018	80009e9c	00036f17	auipc	x30,0x36	 x30=0x8003fe9c
     480205.000 ns	     48019	80009ea0	163f2223	sw	x3,356(x30)	 x30:0x8003fe9c  x3:0x00000001 PA:0xxxxxxxxx
     480225.000 ns	     48021	80009ea4	ff9ff06f	jal	x0,80009ea0	
     480275.000 ns	     48026	80009e9c	00036f17	auipc	x30,0x36	 x30=0x8003fe9c
     480285.000 ns	     48027	80009ea0	163f2223	sw	x3,356(x30)	 x30:0x8003fe9c  x3:0x00000001 PA:0xxxxxxxxx
     480305.000 ns	     48029	80009ea4	ff9ff06f	jal	x0,80009ea0	
     480355.000 ns	     48034	80009e9c	00036f17	auipc	x30,0x36	 x30=0x8003fe9c
     480365.000 ns	     48035	80009ea0	163f2223	sw	x3,356(x30)	 x30:0x8003fe9c  x3:0x00000001 PA:0xxxxxxxxx
     480385.000 ns	     48037	80009ea4	ff9ff06f	jal	x0,80009ea0	
     480435.000 ns	     48042	80009e9c	00036f17	auipc	x30,0x36	 x30=0x8003fe9c
     480445.000 ns	     48043	80009ea0	163f2223	sw	x3,356(x30)	 x30:0x8003fe9c  x3:0x00000001 PA:0xxxxxxxxx
     480465.000 ns	     48045	80009ea4	ff9ff06f	jal	x0,80009ea0	
     480515.000 ns	     48050	80009e9c	00036f17	auipc	x30,0x36	 x30=0x8003fe9c
     480525.000 ns	     48051	80009ea0	163f2223	sw	x3,356(x30)	 x30:0x8003fe9c  x3:0x00000001 PA:0xxxxxxxxx
     480545.000 ns	     48053	80009ea4	ff9ff06f	jal	x0,80009ea0	
     480595.000 ns	     48058	80009e9c	00036f17	auipc	x30,0x36	 x30=0x8003fe9c
     480605.000 ns	     48059	80009ea0	163f2223	sw	x3,356(x30)	 x30:0x8003fe9c  x3:0x00000001 PA:0xxxxxxxxx
     480625.000 ns	     48061	80009ea4	ff9ff06f	jal	x0,80009ea0	
     480675.000 ns	     48066	80009e9c	00036f17	auipc	x30,0x36	 x30=0x8003fe9c
     480685.000 ns	     48067	80009ea0	163f2223	sw	x3,356(x30)	 x30:0x8003fe9c  x3:0x00000001 PA:0xxxxxxxxx
     480705.000 ns	     48069	80009ea4	ff9ff06f	jal	x0,80009ea0	
     480755.000 ns	     48074	80009e9c	00036f17	auipc	x30,0x36	 x30=0x8003fe9c
     480765.000 ns	     48075	80009ea0	163f2223	sw	x3,356(x30)	 x30:0x8003fe9c  x3:0x00000001 PA:0xxxxxxxxx
     480785.000 ns	     48077	80009ea4	ff9ff06f	jal	x0,80009ea0	
     480835.000 ns	     48082	80009e9c	00036f17	auipc	x30,0x36	 x30=0x8003fe9c
     480845.000 ns	     48083	80009ea0	163f2223	sw	x3,356(x30)	 x30:0x8003fe9c  x3:0x00000001 PA:0xxxxxxxxx
     480865.000 ns	     48085	80009ea4	ff9ff06f	jal	x0,80009ea0	
     480915.000 ns	     48090	80009e9c	00036f17	auipc	x30,0x36	 x30=0x8003fe9c
     480925.000 ns	     48091	80009ea0	163f2223	sw	x3,356(x30)	 x30:0x8003fe9c  x3:0x00000001 PA:0xxxxxxxxx
     480945.000 ns	     48093	80009ea4	ff9ff06f	jal	x0,80009ea0	
     480995.000 ns	     48098	80009e9c	00036f17	auipc	x30,0x36	 x30=0x8003fe9c
     481005.000 ns	     48099	80009ea0	163f2223	sw	x3,356(x30)	 x30:0x8003fe9c  x3:0x00000001 PA:0xxxxxxxxx
     481025.000 ns	     48101	80009ea4	ff9ff06f	jal	x0,80009ea0	
     481075.000 ns	     48106	80009e9c	00036f17	auipc	x30,0x36	 x30=0x8003fe9c
     481085.000 ns	     48107	80009ea0	163f2223	sw	x3,356(x30)	 x30:0x8003fe9c  x3:0x00000001 PA:0xxxxxxxxx
     481105.000 ns	     48109	80009ea4	ff9ff06f	jal	x0,80009ea0	
     481155.000 ns	     48114	80009e9c	00036f17	auipc	x30,0x36	 x30=0x8003fe9c
     481165.000 ns	     48115	80009ea0	163f2223	sw	x3,356(x30)	 x30:0x8003fe9c  x3:0x00000001 PA:0xxxxxxxxx
     481185.000 ns	     48117	80009ea4	ff9ff06f	jal	x0,80009ea0	
     481235.000 ns	     48122	80009e9c	00036f17	auipc	x30,0x36	 x30=0x8003fe9c
     481245.000 ns	     48123	80009ea0	163f2223	sw	x3,356(x30)	 x30:0x8003fe9c  x3:0x00000001 PA:0xxxxxxxxx
     481265.000 ns	     48125	80009ea4	ff9ff06f	jal	x0,80009ea0	
     481315.000 ns	     48130	80009e9c	00036f17	auipc	x30,0x36	 x30=0x8003fe9c
     481325.000 ns	     48131	80009ea0	163f2223	sw	x3,356(x30)	 x30:0x8003fe9c  x3:0x00000001 PA:0xxxxxxxxx
     481345.000 ns	     48133	80009ea4	ff9ff06f	jal	x0,80009ea0	
     481395.000 ns	     48138	80009e9c	00036f17	auipc	x30,0x36	 x30=0x8003fe9c
     481405.000 ns	     48139	80009ea0	163f2223	sw	x3,356(x30)	 x30:0x8003fe9c  x3:0x00000001 PA:0xxxxxxxxx
     481425.000 ns	     48141	80009ea4	ff9ff06f	jal	x0,80009ea0	
     481475.000 ns	     48146	80009e9c	00036f17	auipc	x30,0x36	 x30=0x8003fe9c
     481485.000 ns	     48147	80009ea0	163f2223	sw	x3,356(x30)	 x30:0x8003fe9c  x3:0x00000001 PA:0xxxxxxxxx
     481505.000 ns	     48149	80009ea4	ff9ff06f	jal	x0,80009ea0	
     481555.000 ns	     48154	80009e9c	00036f17	auipc	x30,0x36	 x30=0x8003fe9c
     481565.000 ns	     48155	80009ea0	163f2223	sw	x3,356(x30)	 x30:0x8003fe9c  x3:0x00000001 PA:0xxxxxxxxx
     481585.000 ns	     48157	80009ea4	ff9ff06f	jal	x0,80009ea0	
     481635.000 ns	     48162	80009e9c	00036f17	auipc	x30,0x36	 x30=0x8003fe9c
     481645.000 ns	     48163	80009ea0	163f2223	sw	x3,356(x30)	 x30:0x8003fe9c  x3:0x00000001 PA:0xxxxxxxxx
     481665.000 ns	     48165	80009ea4	ff9ff06f	jal	x0,80009ea0	
     481715.000 ns	     48170	80009e9c	00036f17	auipc	x30,0x36	 x30=0x8003fe9c
     481725.000 ns	     48171	80009ea0	163f2223	sw	x3,356(x30)	 x30:0x8003fe9c  x3:0x00000001 PA:0xxxxxxxxx
     481745.000 ns	     48173	80009ea4	ff9ff06f	jal	x0,80009ea0	
     481795.000 ns	     48178	80009e9c	00036f17	auipc	x30,0x36	 x30=0x8003fe9c
     481805.000 ns	     48179	80009ea0	163f2223	sw	x3,356(x30)	 x30:0x8003fe9c  x3:0x00000001 PA:0xxxxxxxxx
     481825.000 ns	     48181	80009ea4	ff9ff06f	jal	x0,80009ea0	
     481875.000 ns	     48186	80009e9c	00036f17	auipc	x30,0x36	 x30=0x8003fe9c
     481885.000 ns	     48187	80009ea0	163f2223	sw	x3,356(x30)	 x30:0x8003fe9c  x3:0x00000001 PA:0xxxxxxxxx
     481905.000 ns	     48189	80009ea4	ff9ff06f	jal	x0,80009ea0	
     481955.000 ns	     48194	80009e9c	00036f17	auipc	x30,0x36	 x30=0x8003fe9c
     481965.000 ns	     48195	80009ea0	163f2223	sw	x3,356(x30)	 x30:0x8003fe9c  x3:0x00000001 PA:0xxxxxxxxx
     481985.000 ns	     48197	80009ea4	ff9ff06f	jal	x0,80009ea0	
     482035.000 ns	     48202	80009e9c	00036f17	auipc	x30,0x36	 x30=0x8003fe9c
     482045.000 ns	     48203	80009ea0	163f2223	sw	x3,356(x30)	 x30:0x8003fe9c  x3:0x00000001 PA:0xxxxxxxxx
     482065.000 ns	     48205	80009ea4	ff9ff06f	jal	x0,80009ea0	
     482115.000 ns	     48210	80009e9c	00036f17	auipc	x30,0x36	 x30=0x8003fe9c
     482125.000 ns	     48211	80009ea0	163f2223	sw	x3,356(x30)	 x30:0x8003fe9c  x3:0x00000001 PA:0xxxxxxxxx
     482145.000 ns	     48213	80009ea4	ff9ff06f	jal	x0,80009ea0	
     482195.000 ns	     48218	80009e9c	00036f17	auipc	x30,0x36	 x30=0x8003fe9c
     482205.000 ns	     48219	80009ea0	163f2223	sw	x3,356(x30)	 x30:0x8003fe9c  x3:0x00000001 PA:0xxxxxxxxx
     482225.000 ns	     48221	80009ea4	ff9ff06f	jal	x0,80009ea0	
     482275.000 ns	     48226	80009e9c	00036f17	auipc	x30,0x36	 x30=0x8003fe9c
     482285.000 ns	     48227	80009ea0	163f2223	sw	x3,356(x30)	 x30:0x8003fe9c  x3:0x00000001 PA:0xxxxxxxxx
     482305.000 ns	     48229	80009ea4	ff9ff06f	jal	x0,80009ea0	
     482355.000 ns	     48234	80009e9c	00036f17	auipc	x30,0x36	 x30=0x8003fe9c
     482365.000 ns	     48235	80009ea0	163f2223	sw	x3,356(x30)	 x30:0x8003fe9c  x3:0x00000001 PA:0xxxxxxxxx
     482385.000 ns	     48237	80009ea4	ff9ff06f	jal	x0,80009ea0	
     482435.000 ns	     48242	80009e9c	00036f17	auipc	x30,0x36	 x30=0x8003fe9c
     482445.000 ns	     48243	80009ea0	163f2223	sw	x3,356(x30)	 x30:0x8003fe9c  x3:0x00000001 PA:0xxxxxxxxx
     482465.000 ns	     48245	80009ea4	ff9ff06f	jal	x0,80009ea0	
     482515.000 ns	     48250	80009e9c	00036f17	auipc	x30,0x36	 x30=0x8003fe9c
     482525.000 ns	     48251	80009ea0	163f2223	sw	x3,356(x30)	 x30:0x8003fe9c  x3:0x00000001 PA:0xxxxxxxxx
     482545.000 ns	     48253	80009ea4	ff9ff06f	jal	x0,80009ea0	
     482595.000 ns	     48258	80009e9c	00036f17	auipc	x30,0x36	 x30=0x8003fe9c
     482605.000 ns	     48259	80009ea0	163f2223	sw	x3,356(x30)	 x30:0x8003fe9c  x3:0x00000001 PA:0xxxxxxxxx
     482625.000 ns	     48261	80009ea4	ff9ff06f	jal	x0,80009ea0	
     482675.000 ns	     48266	80009e9c	00036f17	auipc	x30,0x36	 x30=0x8003fe9c
     482685.000 ns	     48267	80009ea0	163f2223	sw	x3,356(x30)	 x30:0x8003fe9c  x3:0x00000001 PA:0xxxxxxxxx
     482705.000 ns	     48269	80009ea4	ff9ff06f	jal	x0,80009ea0	
     482755.000 ns	     48274	80009e9c	00036f17	auipc	x30,0x36	 x30=0x8003fe9c
     482765.000 ns	     48275	80009ea0	163f2223	sw	x3,356(x30)	 x30:0x8003fe9c  x3:0x00000001 PA:0xxxxxxxxx
     482785.000 ns	     48277	80009ea4	ff9ff06f	jal	x0,80009ea0	
     482835.000 ns	     48282	80009e9c	00036f17	auipc	x30,0x36	 x30=0x8003fe9c
     482845.000 ns	     48283	80009ea0	163f2223	sw	x3,356(x30)	 x30:0x8003fe9c  x3:0x00000001 PA:0xxxxxxxxx
     482865.000 ns	     48285	80009ea4	ff9ff06f	jal	x0,80009ea0	
     482915.000 ns	     48290	80009e9c	00036f17	auipc	x30,0x36	 x30=0x8003fe9c
     482925.000 ns	     48291	80009ea0	163f2223	sw	x3,356(x30)	 x30:0x8003fe9c  x3:0x00000001 PA:0xxxxxxxxx
     482945.000 ns	     48293	80009ea4	ff9ff06f	jal	x0,80009ea0	
     482995.000 ns	     48298	80009e9c	00036f17	auipc	x30,0x36	 x30=0x8003fe9c
     483005.000 ns	     48299	80009ea0	163f2223	sw	x3,356(x30)	 x30:0x8003fe9c  x3:0x00000001 PA:0xxxxxxxxx
     483025.000 ns	     48301	80009ea4	ff9ff06f	jal	x0,80009ea0	
     483075.000 ns	     48306	80009e9c	00036f17	auipc	x30,0x36	 x30=0x8003fe9c
     483085.000 ns	     48307	80009ea0	163f2223	sw	x3,356(x30)	 x30:0x8003fe9c  x3:0x00000001 PA:0xxxxxxxxx
     483105.000 ns	     48309	80009ea4	ff9ff06f	jal	x0,80009ea0	
     483155.000 ns	     48314	80009e9c	00036f17	auipc	x30,0x36	 x30=0x8003fe9c
     483165.000 ns	     48315	80009ea0	163f2223	sw	x3,356(x30)	 x30:0x8003fe9c  x3:0x00000001 PA:0xxxxxxxxx
     483185.000 ns	     48317	80009ea4	ff9ff06f	jal	x0,80009ea0	
     483235.000 ns	     48322	80009e9c	00036f17	auipc	x30,0x36	 x30=0x8003fe9c
     483245.000 ns	     48323	80009ea0	163f2223	sw	x3,356(x30)	 x30:0x8003fe9c  x3:0x00000001 PA:0xxxxxxxxx
     483265.000 ns	     48325	80009ea4	ff9ff06f	jal	x0,80009ea0	
     483315.000 ns	     48330	80009e9c	00036f17	auipc	x30,0x36	 x30=0x8003fe9c
     483325.000 ns	     48331	80009ea0	163f2223	sw	x3,356(x30)	 x30:0x8003fe9c  x3:0x00000001 PA:0xxxxxxxxx
     483345.000 ns	     48333	80009ea4	ff9ff06f	jal	x0,80009ea0	
     483395.000 ns	     48338	80009e9c	00036f17	auipc	x30,0x36	 x30=0x8003fe9c
     483405.000 ns	     48339	80009ea0	163f2223	sw	x3,356(x30)	 x30:0x8003fe9c  x3:0x00000001 PA:0xxxxxxxxx
     483425.000 ns	     48341	80009ea4	ff9ff06f	jal	x0,80009ea0	
     483475.000 ns	     48346	80009e9c	00036f17	auipc	x30,0x36	 x30=0x8003fe9c
     483485.000 ns	     48347	80009ea0	163f2223	sw	x3,356(x30)	 x30:0x8003fe9c  x3:0x00000001 PA:0xxxxxxxxx
     483505.000 ns	     48349	80009ea4	ff9ff06f	jal	x0,80009ea0	
     483555.000 ns	     48354	80009e9c	00036f17	auipc	x30,0x36	 x30=0x8003fe9c
     483565.000 ns	     48355	80009ea0	163f2223	sw	x3,356(x30)	 x30:0x8003fe9c  x3:0x00000001 PA:0xxxxxxxxx
     483585.000 ns	     48357	80009ea4	ff9ff06f	jal	x0,80009ea0	
     483635.000 ns	     48362	80009e9c	00036f17	auipc	x30,0x36	 x30=0x8003fe9c
     483645.000 ns	     48363	80009ea0	163f2223	sw	x3,356(x30)	 x30:0x8003fe9c  x3:0x00000001 PA:0xxxxxxxxx
     483665.000 ns	     48365	80009ea4	ff9ff06f	jal	x0,80009ea0	
     483715.000 ns	     48370	80009e9c	00036f17	auipc	x30,0x36	 x30=0x8003fe9c
     483725.000 ns	     48371	80009ea0	163f2223	sw	x3,356(x30)	 x30:0x8003fe9c  x3:0x00000001 PA:0xxxxxxxxx
     483745.000 ns	     48373	80009ea4	ff9ff06f	jal	x0,80009ea0	
     483795.000 ns	     48378	80009e9c	00036f17	auipc	x30,0x36	 x30=0x8003fe9c
     483805.000 ns	     48379	80009ea0	163f2223	sw	x3,356(x30)	 x30:0x8003fe9c  x3:0x00000001 PA:0xxxxxxxxx
     483825.000 ns	     48381	80009ea4	ff9ff06f	jal	x0,80009ea0	
     483875.000 ns	     48386	80009e9c	00036f17	auipc	x30,0x36	 x30=0x8003fe9c
     483885.000 ns	     48387	80009ea0	163f2223	sw	x3,356(x30)	 x30:0x8003fe9c  x3:0x00000001 PA:0xxxxxxxxx
     483905.000 ns	     48389	80009ea4	ff9ff06f	jal	x0,80009ea0	
     483955.000 ns	     48394	80009e9c	00036f17	auipc	x30,0x36	 x30=0x8003fe9c
     483965.000 ns	     48395	80009ea0	163f2223	sw	x3,356(x30)	 x30:0x8003fe9c  x3:0x00000001 PA:0xxxxxxxxx
     483985.000 ns	     48397	80009ea4	ff9ff06f	jal	x0,80009ea0	
     484035.000 ns	     48402	80009e9c	00036f17	auipc	x30,0x36	 x30=0x8003fe9c
     484045.000 ns	     48403	80009ea0	163f2223	sw	x3,356(x30)	 x30:0x8003fe9c  x3:0x00000001 PA:0xxxxxxxxx
     484065.000 ns	     48405	80009ea4	ff9ff06f	jal	x0,80009ea0	
     484115.000 ns	     48410	80009e9c	00036f17	auipc	x30,0x36	 x30=0x8003fe9c
     484125.000 ns	     48411	80009ea0	163f2223	sw	x3,356(x30)	 x30:0x8003fe9c  x3:0x00000001 PA:0xxxxxxxxx
     484145.000 ns	     48413	80009ea4	ff9ff06f	jal	x0,80009ea0	
     484195.000 ns	     48418	80009e9c	00036f17	auipc	x30,0x36	 x30=0x8003fe9c
     484205.000 ns	     48419	80009ea0	163f2223	sw	x3,356(x30)	 x30:0x8003fe9c  x3:0x00000001 PA:0xxxxxxxxx
     484225.000 ns	     48421	80009ea4	ff9ff06f	jal	x0,80009ea0	
     484275.000 ns	     48426	80009e9c	00036f17	auipc	x30,0x36	 x30=0x8003fe9c
     484285.000 ns	     48427	80009ea0	163f2223	sw	x3,356(x30)	 x30:0x8003fe9c  x3:0x00000001 PA:0xxxxxxxxx
     484305.000 ns	     48429	80009ea4	ff9ff06f	jal	x0,80009ea0	
     484355.000 ns	     48434	80009e9c	00036f17	auipc	x30,0x36	 x30=0x8003fe9c
     484365.000 ns	     48435	80009ea0	163f2223	sw	x3,356(x30)	 x30:0x8003fe9c  x3:0x00000001 PA:0xxxxxxxxx
     484385.000 ns	     48437	80009ea4	ff9ff06f	jal	x0,80009ea0	
     484435.000 ns	     48442	80009e9c	00036f17	auipc	x30,0x36	 x30=0x8003fe9c
     484445.000 ns	     48443	80009ea0	163f2223	sw	x3,356(x30)	 x30:0x8003fe9c  x3:0x00000001 PA:0xxxxxxxxx
     484465.000 ns	     48445	80009ea4	ff9ff06f	jal	x0,80009ea0	
     484515.000 ns	     48450	80009e9c	00036f17	auipc	x30,0x36	 x30=0x8003fe9c
     484525.000 ns	     48451	80009ea0	163f2223	sw	x3,356(x30)	 x30:0x8003fe9c  x3:0x00000001 PA:0xxxxxxxxx
     484545.000 ns	     48453	80009ea4	ff9ff06f	jal	x0,80009ea0	
     484595.000 ns	     48458	80009e9c	00036f17	auipc	x30,0x36	 x30=0x8003fe9c
     484605.000 ns	     48459	80009ea0	163f2223	sw	x3,356(x30)	 x30:0x8003fe9c  x3:0x00000001 PA:0xxxxxxxxx
     484625.000 ns	     48461	80009ea4	ff9ff06f	jal	x0,80009ea0	
     484675.000 ns	     48466	80009e9c	00036f17	auipc	x30,0x36	 x30=0x8003fe9c
     484685.000 ns	     48467	80009ea0	163f2223	sw	x3,356(x30)	 x30:0x8003fe9c  x3:0x00000001 PA:0xxxxxxxxx
     484705.000 ns	     48469	80009ea4	ff9ff06f	jal	x0,80009ea0	
     484755.000 ns	     48474	80009e9c	00036f17	auipc	x30,0x36	 x30=0x8003fe9c
     484765.000 ns	     48475	80009ea0	163f2223	sw	x3,356(x30)	 x30:0x8003fe9c  x3:0x00000001 PA:0xxxxxxxxx
     484785.000 ns	     48477	80009ea4	ff9ff06f	jal	x0,80009ea0	
     484835.000 ns	     48482	80009e9c	00036f17	auipc	x30,0x36	 x30=0x8003fe9c
     484845.000 ns	     48483	80009ea0	163f2223	sw	x3,356(x30)	 x30:0x8003fe9c  x3:0x00000001 PA:0xxxxxxxxx
     484865.000 ns	     48485	80009ea4	ff9ff06f	jal	x0,80009ea0	
     484915.000 ns	     48490	80009e9c	00036f17	auipc	x30,0x36	 x30=0x8003fe9c
     484925.000 ns	     48491	80009ea0	163f2223	sw	x3,356(x30)	 x30:0x8003fe9c  x3:0x00000001 PA:0xxxxxxxxx
     484945.000 ns	     48493	80009ea4	ff9ff06f	jal	x0,80009ea0	
     484995.000 ns	     48498	80009e9c	00036f17	auipc	x30,0x36	 x30=0x8003fe9c
     485005.000 ns	     48499	80009ea0	163f2223	sw	x3,356(x30)	 x30:0x8003fe9c  x3:0x00000001 PA:0xxxxxxxxx
     485025.000 ns	     48501	80009ea4	ff9ff06f	jal	x0,80009ea0	
     485075.000 ns	     48506	80009e9c	00036f17	auipc	x30,0x36	 x30=0x8003fe9c
     485085.000 ns	     48507	80009ea0	163f2223	sw	x3,356(x30)	 x30:0x8003fe9c  x3:0x00000001 PA:0xxxxxxxxx
     485105.000 ns	     48509	80009ea4	ff9ff06f	jal	x0,80009ea0	
     485155.000 ns	     48514	80009e9c	00036f17	auipc	x30,0x36	 x30=0x8003fe9c
     485165.000 ns	     48515	80009ea0	163f2223	sw	x3,356(x30)	 x30:0x8003fe9c  x3:0x00000001 PA:0xxxxxxxxx
     485185.000 ns	     48517	80009ea4	ff9ff06f	jal	x0,80009ea0	
     485235.000 ns	     48522	80009e9c	00036f17	auipc	x30,0x36	 x30=0x8003fe9c
     485245.000 ns	     48523	80009ea0	163f2223	sw	x3,356(x30)	 x30:0x8003fe9c  x3:0x00000001 PA:0xxxxxxxxx
     485265.000 ns	     48525	80009ea4	ff9ff06f	jal	x0,80009ea0	
     485315.000 ns	     48530	80009e9c	00036f17	auipc	x30,0x36	 x30=0x8003fe9c
     485325.000 ns	     48531	80009ea0	163f2223	sw	x3,356(x30)	 x30:0x8003fe9c  x3:0x00000001 PA:0xxxxxxxxx
     485345.000 ns	     48533	80009ea4	ff9ff06f	jal	x0,80009ea0	
     485395.000 ns	     48538	80009e9c	00036f17	auipc	x30,0x36	 x30=0x8003fe9c
     485405.000 ns	     48539	80009ea0	163f2223	sw	x3,356(x30)	 x30:0x8003fe9c  x3:0x00000001 PA:0xxxxxxxxx
     485425.000 ns	     48541	80009ea4	ff9ff06f	jal	x0,80009ea0	
     485475.000 ns	     48546	80009e9c	00036f17	auipc	x30,0x36	 x30=0x8003fe9c
     485485.000 ns	     48547	80009ea0	163f2223	sw	x3,356(x30)	 x30:0x8003fe9c  x3:0x00000001 PA:0xxxxxxxxx
     485505.000 ns	     48549	80009ea4	ff9ff06f	jal	x0,80009ea0	
     485555.000 ns	     48554	80009e9c	00036f17	auipc	x30,0x36	 x30=0x8003fe9c
     485565.000 ns	     48555	80009ea0	163f2223	sw	x3,356(x30)	 x30:0x8003fe9c  x3:0x00000001 PA:0xxxxxxxxx
     485585.000 ns	     48557	80009ea4	ff9ff06f	jal	x0,80009ea0	
     485635.000 ns	     48562	80009e9c	00036f17	auipc	x30,0x36	 x30=0x8003fe9c
     485645.000 ns	     48563	80009ea0	163f2223	sw	x3,356(x30)	 x30:0x8003fe9c  x3:0x00000001 PA:0xxxxxxxxx
     485665.000 ns	     48565	80009ea4	ff9ff06f	jal	x0,80009ea0	
     485715.000 ns	     48570	80009e9c	00036f17	auipc	x30,0x36	 x30=0x8003fe9c
     485725.000 ns	     48571	80009ea0	163f2223	sw	x3,356(x30)	 x30:0x8003fe9c  x3:0x00000001 PA:0xxxxxxxxx
     485745.000 ns	     48573	80009ea4	ff9ff06f	jal	x0,80009ea0	
     485795.000 ns	     48578	80009e9c	00036f17	auipc	x30,0x36	 x30=0x8003fe9c
     485805.000 ns	     48579	80009ea0	163f2223	sw	x3,356(x30)	 x30:0x8003fe9c  x3:0x00000001 PA:0xxxxxxxxx
     485825.000 ns	     48581	80009ea4	ff9ff06f	jal	x0,80009ea0	
     485875.000 ns	     48586	80009e9c	00036f17	auipc	x30,0x36	 x30=0x8003fe9c
     485885.000 ns	     48587	80009ea0	163f2223	sw	x3,356(x30)	 x30:0x8003fe9c  x3:0x00000001 PA:0xxxxxxxxx
     485905.000 ns	     48589	80009ea4	ff9ff06f	jal	x0,80009ea0	
     485955.000 ns	     48594	80009e9c	00036f17	auipc	x30,0x36	 x30=0x8003fe9c
     485965.000 ns	     48595	80009ea0	163f2223	sw	x3,356(x30)	 x30:0x8003fe9c  x3:0x00000001 PA:0xxxxxxxxx
     485985.000 ns	     48597	80009ea4	ff9ff06f	jal	x0,80009ea0	
     486035.000 ns	     48602	80009e9c	00036f17	auipc	x30,0x36	 x30=0x8003fe9c
     486045.000 ns	     48603	80009ea0	163f2223	sw	x3,356(x30)	 x30:0x8003fe9c  x3:0x00000001 PA:0xxxxxxxxx
     486065.000 ns	     48605	80009ea4	ff9ff06f	jal	x0,80009ea0	
     486115.000 ns	     48610	80009e9c	00036f17	auipc	x30,0x36	 x30=0x8003fe9c
     486125.000 ns	     48611	80009ea0	163f2223	sw	x3,356(x30)	 x30:0x8003fe9c  x3:0x00000001 PA:0xxxxxxxxx
     486145.000 ns	     48613	80009ea4	ff9ff06f	jal	x0,80009ea0	
     486195.000 ns	     48618	80009e9c	00036f17	auipc	x30,0x36	 x30=0x8003fe9c
     486205.000 ns	     48619	80009ea0	163f2223	sw	x3,356(x30)	 x30:0x8003fe9c  x3:0x00000001 PA:0xxxxxxxxx
     486225.000 ns	     48621	80009ea4	ff9ff06f	jal	x0,80009ea0	
     486275.000 ns	     48626	80009e9c	00036f17	auipc	x30,0x36	 x30=0x8003fe9c
     486285.000 ns	     48627	80009ea0	163f2223	sw	x3,356(x30)	 x30:0x8003fe9c  x3:0x00000001 PA:0xxxxxxxxx
     486305.000 ns	     48629	80009ea4	ff9ff06f	jal	x0,80009ea0	
     486355.000 ns	     48634	80009e9c	00036f17	auipc	x30,0x36	 x30=0x8003fe9c
     486365.000 ns	     48635	80009ea0	163f2223	sw	x3,356(x30)	 x30:0x8003fe9c  x3:0x00000001 PA:0xxxxxxxxx
     486385.000 ns	     48637	80009ea4	ff9ff06f	jal	x0,80009ea0	
     486435.000 ns	     48642	80009e9c	00036f17	auipc	x30,0x36	 x30=0x8003fe9c
     486445.000 ns	     48643	80009ea0	163f2223	sw	x3,356(x30)	 x30:0x8003fe9c  x3:0x00000001 PA:0xxxxxxxxx
     486465.000 ns	     48645	80009ea4	ff9ff06f	jal	x0,80009ea0	
     486515.000 ns	     48650	80009e9c	00036f17	auipc	x30,0x36	 x30=0x8003fe9c
     486525.000 ns	     48651	80009ea0	163f2223	sw	x3,356(x30)	 x30:0x8003fe9c  x3:0x00000001 PA:0xxxxxxxxx
     486545.000 ns	     48653	80009ea4	ff9ff06f	jal	x0,80009ea0	
     486595.000 ns	     48658	80009e9c	00036f17	auipc	x30,0x36	 x30=0x8003fe9c
     486605.000 ns	     48659	80009ea0	163f2223	sw	x3,356(x30)	 x30:0x8003fe9c  x3:0x00000001 PA:0xxxxxxxxx
     486625.000 ns	     48661	80009ea4	ff9ff06f	jal	x0,80009ea0	
     486675.000 ns	     48666	80009e9c	00036f17	auipc	x30,0x36	 x30=0x8003fe9c
     486685.000 ns	     48667	80009ea0	163f2223	sw	x3,356(x30)	 x30:0x8003fe9c  x3:0x00000001 PA:0xxxxxxxxx
     486705.000 ns	     48669	80009ea4	ff9ff06f	jal	x0,80009ea0	
     486755.000 ns	     48674	80009e9c	00036f17	auipc	x30,0x36	 x30=0x8003fe9c
     486765.000 ns	     48675	80009ea0	163f2223	sw	x3,356(x30)	 x30:0x8003fe9c  x3:0x00000001 PA:0xxxxxxxxx
     486785.000 ns	     48677	80009ea4	ff9ff06f	jal	x0,80009ea0	
     486835.000 ns	     48682	80009e9c	00036f17	auipc	x30,0x36	 x30=0x8003fe9c
     486845.000 ns	     48683	80009ea0	163f2223	sw	x3,356(x30)	 x30:0x8003fe9c  x3:0x00000001 PA:0xxxxxxxxx
     486865.000 ns	     48685	80009ea4	ff9ff06f	jal	x0,80009ea0	
     486915.000 ns	     48690	80009e9c	00036f17	auipc	x30,0x36	 x30=0x8003fe9c
     486925.000 ns	     48691	80009ea0	163f2223	sw	x3,356(x30)	 x30:0x8003fe9c  x3:0x00000001 PA:0xxxxxxxxx
     486945.000 ns	     48693	80009ea4	ff9ff06f	jal	x0,80009ea0	
     486995.000 ns	     48698	80009e9c	00036f17	auipc	x30,0x36	 x30=0x8003fe9c
     487005.000 ns	     48699	80009ea0	163f2223	sw	x3,356(x30)	 x30:0x8003fe9c  x3:0x00000001 PA:0xxxxxxxxx
     487025.000 ns	     48701	80009ea4	ff9ff06f	jal	x0,80009ea0	
     487075.000 ns	     48706	80009e9c	00036f17	auipc	x30,0x36	 x30=0x8003fe9c
     487085.000 ns	     48707	80009ea0	163f2223	sw	x3,356(x30)	 x30:0x8003fe9c  x3:0x00000001 PA:0xxxxxxxxx
     487105.000 ns	     48709	80009ea4	ff9ff06f	jal	x0,80009ea0	
     487155.000 ns	     48714	80009e9c	00036f17	auipc	x30,0x36	 x30=0x8003fe9c
     487165.000 ns	     48715	80009ea0	163f2223	sw	x3,356(x30)	 x30:0x8003fe9c  x3:0x00000001 PA:0xxxxxxxxx
     487185.000 ns	     48717	80009ea4	ff9ff06f	jal	x0,80009ea0	
     487235.000 ns	     48722	80009e9c	00036f17	auipc	x30,0x36	 x30=0x8003fe9c
     487245.000 ns	     48723	80009ea0	163f2223	sw	x3,356(x30)	 x30:0x8003fe9c  x3:0x00000001 PA:0xxxxxxxxx
     487265.000 ns	     48725	80009ea4	ff9ff06f	jal	x0,80009ea0	
     487315.000 ns	     48730	80009e9c	00036f17	auipc	x30,0x36	 x30=0x8003fe9c
     487325.000 ns	     48731	80009ea0	163f2223	sw	x3,356(x30)	 x30:0x8003fe9c  x3:0x00000001 PA:0xxxxxxxxx
     487345.000 ns	     48733	80009ea4	ff9ff06f	jal	x0,80009ea0	
     487395.000 ns	     48738	80009e9c	00036f17	auipc	x30,0x36	 x30=0x8003fe9c
     487405.000 ns	     48739	80009ea0	163f2223	sw	x3,356(x30)	 x30:0x8003fe9c  x3:0x00000001 PA:0xxxxxxxxx
     487425.000 ns	     48741	80009ea4	ff9ff06f	jal	x0,80009ea0	
     487475.000 ns	     48746	80009e9c	00036f17	auipc	x30,0x36	 x30=0x8003fe9c
     487485.000 ns	     48747	80009ea0	163f2223	sw	x3,356(x30)	 x30:0x8003fe9c  x3:0x00000001 PA:0xxxxxxxxx
     487505.000 ns	     48749	80009ea4	ff9ff06f	jal	x0,80009ea0	
     487555.000 ns	     48754	80009e9c	00036f17	auipc	x30,0x36	 x30=0x8003fe9c
     487565.000 ns	     48755	80009ea0	163f2223	sw	x3,356(x30)	 x30:0x8003fe9c  x3:0x00000001 PA:0xxxxxxxxx
     487585.000 ns	     48757	80009ea4	ff9ff06f	jal	x0,80009ea0	
     487635.000 ns	     48762	80009e9c	00036f17	auipc	x30,0x36	 x30=0x8003fe9c
     487645.000 ns	     48763	80009ea0	163f2223	sw	x3,356(x30)	 x30:0x8003fe9c  x3:0x00000001 PA:0xxxxxxxxx
     487665.000 ns	     48765	80009ea4	ff9ff06f	jal	x0,80009ea0	
     487715.000 ns	     48770	80009e9c	00036f17	auipc	x30,0x36	 x30=0x8003fe9c
     487725.000 ns	     48771	80009ea0	163f2223	sw	x3,356(x30)	 x30:0x8003fe9c  x3:0x00000001 PA:0xxxxxxxxx
     487745.000 ns	     48773	80009ea4	ff9ff06f	jal	x0,80009ea0	
     487795.000 ns	     48778	80009e9c	00036f17	auipc	x30,0x36	 x30=0x8003fe9c
     487805.000 ns	     48779	80009ea0	163f2223	sw	x3,356(x30)	 x30:0x8003fe9c  x3:0x00000001 PA:0xxxxxxxxx
     487825.000 ns	     48781	80009ea4	ff9ff06f	jal	x0,80009ea0	
     487875.000 ns	     48786	80009e9c	00036f17	auipc	x30,0x36	 x30=0x8003fe9c
     487885.000 ns	     48787	80009ea0	163f2223	sw	x3,356(x30)	 x30:0x8003fe9c  x3:0x00000001 PA:0xxxxxxxxx
     487905.000 ns	     48789	80009ea4	ff9ff06f	jal	x0,80009ea0	
     487955.000 ns	     48794	80009e9c	00036f17	auipc	x30,0x36	 x30=0x8003fe9c
     487965.000 ns	     48795	80009ea0	163f2223	sw	x3,356(x30)	 x30:0x8003fe9c  x3:0x00000001 PA:0xxxxxxxxx
     487985.000 ns	     48797	80009ea4	ff9ff06f	jal	x0,80009ea0	
     488035.000 ns	     48802	80009e9c	00036f17	auipc	x30,0x36	 x30=0x8003fe9c
     488045.000 ns	     48803	80009ea0	163f2223	sw	x3,356(x30)	 x30:0x8003fe9c  x3:0x00000001 PA:0xxxxxxxxx
     488065.000 ns	     48805	80009ea4	ff9ff06f	jal	x0,80009ea0	
     488115.000 ns	     48810	80009e9c	00036f17	auipc	x30,0x36	 x30=0x8003fe9c
     488125.000 ns	     48811	80009ea0	163f2223	sw	x3,356(x30)	 x30:0x8003fe9c  x3:0x00000001 PA:0xxxxxxxxx
     488145.000 ns	     48813	80009ea4	ff9ff06f	jal	x0,80009ea0	
     488195.000 ns	     48818	80009e9c	00036f17	auipc	x30,0x36	 x30=0x8003fe9c
     488205.000 ns	     48819	80009ea0	163f2223	sw	x3,356(x30)	 x30:0x8003fe9c  x3:0x00000001 PA:0xxxxxxxxx
     488225.000 ns	     48821	80009ea4	ff9ff06f	jal	x0,80009ea0	
     488275.000 ns	     48826	80009e9c	00036f17	auipc	x30,0x36	 x30=0x8003fe9c
     488285.000 ns	     48827	80009ea0	163f2223	sw	x3,356(x30)	 x30:0x8003fe9c  x3:0x00000001 PA:0xxxxxxxxx
     488305.000 ns	     48829	80009ea4	ff9ff06f	jal	x0,80009ea0	
     488355.000 ns	     48834	80009e9c	00036f17	auipc	x30,0x36	 x30=0x8003fe9c
     488365.000 ns	     48835	80009ea0	163f2223	sw	x3,356(x30)	 x30:0x8003fe9c  x3:0x00000001 PA:0xxxxxxxxx
     488385.000 ns	     48837	80009ea4	ff9ff06f	jal	x0,80009ea0	
     488435.000 ns	     48842	80009e9c	00036f17	auipc	x30,0x36	 x30=0x8003fe9c
     488445.000 ns	     48843	80009ea0	163f2223	sw	x3,356(x30)	 x30:0x8003fe9c  x3:0x00000001 PA:0xxxxxxxxx
     488465.000 ns	     48845	80009ea4	ff9ff06f	jal	x0,80009ea0	
     488515.000 ns	     48850	80009e9c	00036f17	auipc	x30,0x36	 x30=0x8003fe9c
     488525.000 ns	     48851	80009ea0	163f2223	sw	x3,356(x30)	 x30:0x8003fe9c  x3:0x00000001 PA:0xxxxxxxxx
     488545.000 ns	     48853	80009ea4	ff9ff06f	jal	x0,80009ea0	
     488595.000 ns	     48858	80009e9c	00036f17	auipc	x30,0x36	 x30=0x8003fe9c
     488605.000 ns	     48859	80009ea0	163f2223	sw	x3,356(x30)	 x30:0x8003fe9c  x3:0x00000001 PA:0xxxxxxxxx
     488625.000 ns	     48861	80009ea4	ff9ff06f	jal	x0,80009ea0	
     488675.000 ns	     48866	80009e9c	00036f17	auipc	x30,0x36	 x30=0x8003fe9c
     488685.000 ns	     48867	80009ea0	163f2223	sw	x3,356(x30)	 x30:0x8003fe9c  x3:0x00000001 PA:0xxxxxxxxx
     488705.000 ns	     48869	80009ea4	ff9ff06f	jal	x0,80009ea0	
     488755.000 ns	     48874	80009e9c	00036f17	auipc	x30,0x36	 x30=0x8003fe9c
     488765.000 ns	     48875	80009ea0	163f2223	sw	x3,356(x30)	 x30:0x8003fe9c  x3:0x00000001 PA:0xxxxxxxxx
     488785.000 ns	     48877	80009ea4	ff9ff06f	jal	x0,80009ea0	
     488835.000 ns	     48882	80009e9c	00036f17	auipc	x30,0x36	 x30=0x8003fe9c
     488845.000 ns	     48883	80009ea0	163f2223	sw	x3,356(x30)	 x30:0x8003fe9c  x3:0x00000001 PA:0xxxxxxxxx
     488865.000 ns	     48885	80009ea4	ff9ff06f	jal	x0,80009ea0	
     488915.000 ns	     48890	80009e9c	00036f17	auipc	x30,0x36	 x30=0x8003fe9c
     488925.000 ns	     48891	80009ea0	163f2223	sw	x3,356(x30)	 x30:0x8003fe9c  x3:0x00000001 PA:0xxxxxxxxx
     488945.000 ns	     48893	80009ea4	ff9ff06f	jal	x0,80009ea0	
     488995.000 ns	     48898	80009e9c	00036f17	auipc	x30,0x36	 x30=0x8003fe9c
     489005.000 ns	     48899	80009ea0	163f2223	sw	x3,356(x30)	 x30:0x8003fe9c  x3:0x00000001 PA:0xxxxxxxxx
     489025.000 ns	     48901	80009ea4	ff9ff06f	jal	x0,80009ea0	
     489075.000 ns	     48906	80009e9c	00036f17	auipc	x30,0x36	 x30=0x8003fe9c
     489085.000 ns	     48907	80009ea0	163f2223	sw	x3,356(x30)	 x30:0x8003fe9c  x3:0x00000001 PA:0xxxxxxxxx
     489105.000 ns	     48909	80009ea4	ff9ff06f	jal	x0,80009ea0	
     489155.000 ns	     48914	80009e9c	00036f17	auipc	x30,0x36	 x30=0x8003fe9c
     489165.000 ns	     48915	80009ea0	163f2223	sw	x3,356(x30)	 x30:0x8003fe9c  x3:0x00000001 PA:0xxxxxxxxx
     489185.000 ns	     48917	80009ea4	ff9ff06f	jal	x0,80009ea0	
     489235.000 ns	     48922	80009e9c	00036f17	auipc	x30,0x36	 x30=0x8003fe9c
     489245.000 ns	     48923	80009ea0	163f2223	sw	x3,356(x30)	 x30:0x8003fe9c  x3:0x00000001 PA:0xxxxxxxxx
     489265.000 ns	     48925	80009ea4	ff9ff06f	jal	x0,80009ea0	
     489315.000 ns	     48930	80009e9c	00036f17	auipc	x30,0x36	 x30=0x8003fe9c
     489325.000 ns	     48931	80009ea0	163f2223	sw	x3,356(x30)	 x30:0x8003fe9c  x3:0x00000001 PA:0xxxxxxxxx
     489345.000 ns	     48933	80009ea4	ff9ff06f	jal	x0,80009ea0	
     489395.000 ns	     48938	80009e9c	00036f17	auipc	x30,0x36	 x30=0x8003fe9c
     489405.000 ns	     48939	80009ea0	163f2223	sw	x3,356(x30)	 x30:0x8003fe9c  x3:0x00000001 PA:0xxxxxxxxx
     489425.000 ns	     48941	80009ea4	ff9ff06f	jal	x0,80009ea0	
     489475.000 ns	     48946	80009e9c	00036f17	auipc	x30,0x36	 x30=0x8003fe9c
     489485.000 ns	     48947	80009ea0	163f2223	sw	x3,356(x30)	 x30:0x8003fe9c  x3:0x00000001 PA:0xxxxxxxxx
     489505.000 ns	     48949	80009ea4	ff9ff06f	jal	x0,80009ea0	
     489555.000 ns	     48954	80009e9c	00036f17	auipc	x30,0x36	 x30=0x8003fe9c
     489565.000 ns	     48955	80009ea0	163f2223	sw	x3,356(x30)	 x30:0x8003fe9c  x3:0x00000001 PA:0xxxxxxxxx
     489585.000 ns	     48957	80009ea4	ff9ff06f	jal	x0,80009ea0	
     489635.000 ns	     48962	80009e9c	00036f17	auipc	x30,0x36	 x30=0x8003fe9c
     489645.000 ns	     48963	80009ea0	163f2223	sw	x3,356(x30)	 x30:0x8003fe9c  x3:0x00000001 PA:0xxxxxxxxx
     489665.000 ns	     48965	80009ea4	ff9ff06f	jal	x0,80009ea0	
     489715.000 ns	     48970	80009e9c	00036f17	auipc	x30,0x36	 x30=0x8003fe9c
     489725.000 ns	     48971	80009ea0	163f2223	sw	x3,356(x30)	 x30:0x8003fe9c  x3:0x00000001 PA:0xxxxxxxxx
     489745.000 ns	     48973	80009ea4	ff9ff06f	jal	x0,80009ea0	
     489795.000 ns	     48978	80009e9c	00036f17	auipc	x30,0x36	 x30=0x8003fe9c
     489805.000 ns	     48979	80009ea0	163f2223	sw	x3,356(x30)	 x30:0x8003fe9c  x3:0x00000001 PA:0xxxxxxxxx
     489825.000 ns	     48981	80009ea4	ff9ff06f	jal	x0,80009ea0	
     489875.000 ns	     48986	80009e9c	00036f17	auipc	x30,0x36	 x30=0x8003fe9c
     489885.000 ns	     48987	80009ea0	163f2223	sw	x3,356(x30)	 x30:0x8003fe9c  x3:0x00000001 PA:0xxxxxxxxx
     489905.000 ns	     48989	80009ea4	ff9ff06f	jal	x0,80009ea0	
     489955.000 ns	     48994	80009e9c	00036f17	auipc	x30,0x36	 x30=0x8003fe9c
     489965.000 ns	     48995	80009ea0	163f2223	sw	x3,356(x30)	 x30:0x8003fe9c  x3:0x00000001 PA:0xxxxxxxxx
     489985.000 ns	     48997	80009ea4	ff9ff06f	jal	x0,80009ea0	
     490035.000 ns	     49002	80009e9c	00036f17	auipc	x30,0x36	 x30=0x8003fe9c
     490045.000 ns	     49003	80009ea0	163f2223	sw	x3,356(x30)	 x30:0x8003fe9c  x3:0x00000001 PA:0xxxxxxxxx
     490065.000 ns	     49005	80009ea4	ff9ff06f	jal	x0,80009ea0	
     490115.000 ns	     49010	80009e9c	00036f17	auipc	x30,0x36	 x30=0x8003fe9c
     490125.000 ns	     49011	80009ea0	163f2223	sw	x3,356(x30)	 x30:0x8003fe9c  x3:0x00000001 PA:0xxxxxxxxx
     490145.000 ns	     49013	80009ea4	ff9ff06f	jal	x0,80009ea0	
     490195.000 ns	     49018	80009e9c	00036f17	auipc	x30,0x36	 x30=0x8003fe9c
     490205.000 ns	     49019	80009ea0	163f2223	sw	x3,356(x30)	 x30:0x8003fe9c  x3:0x00000001 PA:0xxxxxxxxx
     490225.000 ns	     49021	80009ea4	ff9ff06f	jal	x0,80009ea0	
     490275.000 ns	     49026	80009e9c	00036f17	auipc	x30,0x36	 x30=0x8003fe9c
     490285.000 ns	     49027	80009ea0	163f2223	sw	x3,356(x30)	 x30:0x8003fe9c  x3:0x00000001 PA:0xxxxxxxxx
     490305.000 ns	     49029	80009ea4	ff9ff06f	jal	x0,80009ea0	
     490355.000 ns	     49034	80009e9c	00036f17	auipc	x30,0x36	 x30=0x8003fe9c
     490365.000 ns	     49035	80009ea0	163f2223	sw	x3,356(x30)	 x30:0x8003fe9c  x3:0x00000001 PA:0xxxxxxxxx
     490385.000 ns	     49037	80009ea4	ff9ff06f	jal	x0,80009ea0	
     490435.000 ns	     49042	80009e9c	00036f17	auipc	x30,0x36	 x30=0x8003fe9c
     490445.000 ns	     49043	80009ea0	163f2223	sw	x3,356(x30)	 x30:0x8003fe9c  x3:0x00000001 PA:0xxxxxxxxx
     490465.000 ns	     49045	80009ea4	ff9ff06f	jal	x0,80009ea0	
     490515.000 ns	     49050	80009e9c	00036f17	auipc	x30,0x36	 x30=0x8003fe9c
     490525.000 ns	     49051	80009ea0	163f2223	sw	x3,356(x30)	 x30:0x8003fe9c  x3:0x00000001 PA:0xxxxxxxxx
     490545.000 ns	     49053	80009ea4	ff9ff06f	jal	x0,80009ea0	
     490595.000 ns	     49058	80009e9c	00036f17	auipc	x30,0x36	 x30=0x8003fe9c
     490605.000 ns	     49059	80009ea0	163f2223	sw	x3,356(x30)	 x30:0x8003fe9c  x3:0x00000001 PA:0xxxxxxxxx
     490625.000 ns	     49061	80009ea4	ff9ff06f	jal	x0,80009ea0	
     490675.000 ns	     49066	80009e9c	00036f17	auipc	x30,0x36	 x30=0x8003fe9c
     490685.000 ns	     49067	80009ea0	163f2223	sw	x3,356(x30)	 x30:0x8003fe9c  x3:0x00000001 PA:0xxxxxxxxx
     490705.000 ns	     49069	80009ea4	ff9ff06f	jal	x0,80009ea0	
     490755.000 ns	     49074	80009e9c	00036f17	auipc	x30,0x36	 x30=0x8003fe9c
     490765.000 ns	     49075	80009ea0	163f2223	sw	x3,356(x30)	 x30:0x8003fe9c  x3:0x00000001 PA:0xxxxxxxxx
     490785.000 ns	     49077	80009ea4	ff9ff06f	jal	x0,80009ea0	
     490835.000 ns	     49082	80009e9c	00036f17	auipc	x30,0x36	 x30=0x8003fe9c
     490845.000 ns	     49083	80009ea0	163f2223	sw	x3,356(x30)	 x30:0x8003fe9c  x3:0x00000001 PA:0xxxxxxxxx
     490865.000 ns	     49085	80009ea4	ff9ff06f	jal	x0,80009ea0	
     490915.000 ns	     49090	80009e9c	00036f17	auipc	x30,0x36	 x30=0x8003fe9c
     490925.000 ns	     49091	80009ea0	163f2223	sw	x3,356(x30)	 x30:0x8003fe9c  x3:0x00000001 PA:0xxxxxxxxx
     490945.000 ns	     49093	80009ea4	ff9ff06f	jal	x0,80009ea0	
     490995.000 ns	     49098	80009e9c	00036f17	auipc	x30,0x36	 x30=0x8003fe9c
     491005.000 ns	     49099	80009ea0	163f2223	sw	x3,356(x30)	 x30:0x8003fe9c  x3:0x00000001 PA:0xxxxxxxxx
     491025.000 ns	     49101	80009ea4	ff9ff06f	jal	x0,80009ea0	
     491075.000 ns	     49106	80009e9c	00036f17	auipc	x30,0x36	 x30=0x8003fe9c
     491085.000 ns	     49107	80009ea0	163f2223	sw	x3,356(x30)	 x30:0x8003fe9c  x3:0x00000001 PA:0xxxxxxxxx
     491105.000 ns	     49109	80009ea4	ff9ff06f	jal	x0,80009ea0	
     491155.000 ns	     49114	80009e9c	00036f17	auipc	x30,0x36	 x30=0x8003fe9c
     491165.000 ns	     49115	80009ea0	163f2223	sw	x3,356(x30)	 x30:0x8003fe9c  x3:0x00000001 PA:0xxxxxxxxx
     491185.000 ns	     49117	80009ea4	ff9ff06f	jal	x0,80009ea0	
     491235.000 ns	     49122	80009e9c	00036f17	auipc	x30,0x36	 x30=0x8003fe9c
     491245.000 ns	     49123	80009ea0	163f2223	sw	x3,356(x30)	 x30:0x8003fe9c  x3:0x00000001 PA:0xxxxxxxxx
     491265.000 ns	     49125	80009ea4	ff9ff06f	jal	x0,80009ea0	
     491315.000 ns	     49130	80009e9c	00036f17	auipc	x30,0x36	 x30=0x8003fe9c
     491325.000 ns	     49131	80009ea0	163f2223	sw	x3,356(x30)	 x30:0x8003fe9c  x3:0x00000001 PA:0xxxxxxxxx
     491345.000 ns	     49133	80009ea4	ff9ff06f	jal	x0,80009ea0	
     491395.000 ns	     49138	80009e9c	00036f17	auipc	x30,0x36	 x30=0x8003fe9c
     491405.000 ns	     49139	80009ea0	163f2223	sw	x3,356(x30)	 x30:0x8003fe9c  x3:0x00000001 PA:0xxxxxxxxx
     491425.000 ns	     49141	80009ea4	ff9ff06f	jal	x0,80009ea0	
     491475.000 ns	     49146	80009e9c	00036f17	auipc	x30,0x36	 x30=0x8003fe9c
     491485.000 ns	     49147	80009ea0	163f2223	sw	x3,356(x30)	 x30:0x8003fe9c  x3:0x00000001 PA:0xxxxxxxxx
     491505.000 ns	     49149	80009ea4	ff9ff06f	jal	x0,80009ea0	
     491555.000 ns	     49154	80009e9c	00036f17	auipc	x30,0x36	 x30=0x8003fe9c
     491565.000 ns	     49155	80009ea0	163f2223	sw	x3,356(x30)	 x30:0x8003fe9c  x3:0x00000001 PA:0xxxxxxxxx
     491585.000 ns	     49157	80009ea4	ff9ff06f	jal	x0,80009ea0	
     491635.000 ns	     49162	80009e9c	00036f17	auipc	x30,0x36	 x30=0x8003fe9c
     491645.000 ns	     49163	80009ea0	163f2223	sw	x3,356(x30)	 x30:0x8003fe9c  x3:0x00000001 PA:0xxxxxxxxx
     491665.000 ns	     49165	80009ea4	ff9ff06f	jal	x0,80009ea0	
     491715.000 ns	     49170	80009e9c	00036f17	auipc	x30,0x36	 x30=0x8003fe9c
     491725.000 ns	     49171	80009ea0	163f2223	sw	x3,356(x30)	 x30:0x8003fe9c  x3:0x00000001 PA:0xxxxxxxxx
     491745.000 ns	     49173	80009ea4	ff9ff06f	jal	x0,80009ea0	
     491795.000 ns	     49178	80009e9c	00036f17	auipc	x30,0x36	 x30=0x8003fe9c
     491805.000 ns	     49179	80009ea0	163f2223	sw	x3,356(x30)	 x30:0x8003fe9c  x3:0x00000001 PA:0xxxxxxxxx
     491825.000 ns	     49181	80009ea4	ff9ff06f	jal	x0,80009ea0	
     491875.000 ns	     49186	80009e9c	00036f17	auipc	x30,0x36	 x30=0x8003fe9c
     491885.000 ns	     49187	80009ea0	163f2223	sw	x3,356(x30)	 x30:0x8003fe9c  x3:0x00000001 PA:0xxxxxxxxx
     491905.000 ns	     49189	80009ea4	ff9ff06f	jal	x0,80009ea0	
     491955.000 ns	     49194	80009e9c	00036f17	auipc	x30,0x36	 x30=0x8003fe9c
     491965.000 ns	     49195	80009ea0	163f2223	sw	x3,356(x30)	 x30:0x8003fe9c  x3:0x00000001 PA:0xxxxxxxxx
     491985.000 ns	     49197	80009ea4	ff9ff06f	jal	x0,80009ea0	
     492035.000 ns	     49202	80009e9c	00036f17	auipc	x30,0x36	 x30=0x8003fe9c
     492045.000 ns	     49203	80009ea0	163f2223	sw	x3,356(x30)	 x30:0x8003fe9c  x3:0x00000001 PA:0xxxxxxxxx
     492065.000 ns	     49205	80009ea4	ff9ff06f	jal	x0,80009ea0	
     492115.000 ns	     49210	80009e9c	00036f17	auipc	x30,0x36	 x30=0x8003fe9c
     492125.000 ns	     49211	80009ea0	163f2223	sw	x3,356(x30)	 x30:0x8003fe9c  x3:0x00000001 PA:0xxxxxxxxx
     492145.000 ns	     49213	80009ea4	ff9ff06f	jal	x0,80009ea0	
     492195.000 ns	     49218	80009e9c	00036f17	auipc	x30,0x36	 x30=0x8003fe9c
     492205.000 ns	     49219	80009ea0	163f2223	sw	x3,356(x30)	 x30:0x8003fe9c  x3:0x00000001 PA:0xxxxxxxxx
     492225.000 ns	     49221	80009ea4	ff9ff06f	jal	x0,80009ea0	
     492275.000 ns	     49226	80009e9c	00036f17	auipc	x30,0x36	 x30=0x8003fe9c
     492285.000 ns	     49227	80009ea0	163f2223	sw	x3,356(x30)	 x30:0x8003fe9c  x3:0x00000001 PA:0xxxxxxxxx
     492305.000 ns	     49229	80009ea4	ff9ff06f	jal	x0,80009ea0	
     492355.000 ns	     49234	80009e9c	00036f17	auipc	x30,0x36	 x30=0x8003fe9c
     492365.000 ns	     49235	80009ea0	163f2223	sw	x3,356(x30)	 x30:0x8003fe9c  x3:0x00000001 PA:0xxxxxxxxx
     492385.000 ns	     49237	80009ea4	ff9ff06f	jal	x0,80009ea0	
     492435.000 ns	     49242	80009e9c	00036f17	auipc	x30,0x36	 x30=0x8003fe9c
     492445.000 ns	     49243	80009ea0	163f2223	sw	x3,356(x30)	 x30:0x8003fe9c  x3:0x00000001 PA:0xxxxxxxxx
     492465.000 ns	     49245	80009ea4	ff9ff06f	jal	x0,80009ea0	
     492515.000 ns	     49250	80009e9c	00036f17	auipc	x30,0x36	 x30=0x8003fe9c
     492525.000 ns	     49251	80009ea0	163f2223	sw	x3,356(x30)	 x30:0x8003fe9c  x3:0x00000001 PA:0xxxxxxxxx
     492545.000 ns	     49253	80009ea4	ff9ff06f	jal	x0,80009ea0	
     492595.000 ns	     49258	80009e9c	00036f17	auipc	x30,0x36	 x30=0x8003fe9c
     492605.000 ns	     49259	80009ea0	163f2223	sw	x3,356(x30)	 x30:0x8003fe9c  x3:0x00000001 PA:0xxxxxxxxx
     492625.000 ns	     49261	80009ea4	ff9ff06f	jal	x0,80009ea0	
     492675.000 ns	     49266	80009e9c	00036f17	auipc	x30,0x36	 x30=0x8003fe9c
     492685.000 ns	     49267	80009ea0	163f2223	sw	x3,356(x30)	 x30:0x8003fe9c  x3:0x00000001 PA:0xxxxxxxxx
     492705.000 ns	     49269	80009ea4	ff9ff06f	jal	x0,80009ea0	
     492755.000 ns	     49274	80009e9c	00036f17	auipc	x30,0x36	 x30=0x8003fe9c
     492765.000 ns	     49275	80009ea0	163f2223	sw	x3,356(x30)	 x30:0x8003fe9c  x3:0x00000001 PA:0xxxxxxxxx
     492785.000 ns	     49277	80009ea4	ff9ff06f	jal	x0,80009ea0	
     492835.000 ns	     49282	80009e9c	00036f17	auipc	x30,0x36	 x30=0x8003fe9c
     492845.000 ns	     49283	80009ea0	163f2223	sw	x3,356(x30)	 x30:0x8003fe9c  x3:0x00000001 PA:0xxxxxxxxx
     492865.000 ns	     49285	80009ea4	ff9ff06f	jal	x0,80009ea0	
     492915.000 ns	     49290	80009e9c	00036f17	auipc	x30,0x36	 x30=0x8003fe9c
     492925.000 ns	     49291	80009ea0	163f2223	sw	x3,356(x30)	 x30:0x8003fe9c  x3:0x00000001 PA:0xxxxxxxxx
     492945.000 ns	     49293	80009ea4	ff9ff06f	jal	x0,80009ea0	
     492995.000 ns	     49298	80009e9c	00036f17	auipc	x30,0x36	 x30=0x8003fe9c
     493005.000 ns	     49299	80009ea0	163f2223	sw	x3,356(x30)	 x30:0x8003fe9c  x3:0x00000001 PA:0xxxxxxxxx
     493025.000 ns	     49301	80009ea4	ff9ff06f	jal	x0,80009ea0	
     493075.000 ns	     49306	80009e9c	00036f17	auipc	x30,0x36	 x30=0x8003fe9c
     493085.000 ns	     49307	80009ea0	163f2223	sw	x3,356(x30)	 x30:0x8003fe9c  x3:0x00000001 PA:0xxxxxxxxx
     493105.000 ns	     49309	80009ea4	ff9ff06f	jal	x0,80009ea0	
     493155.000 ns	     49314	80009e9c	00036f17	auipc	x30,0x36	 x30=0x8003fe9c
     493165.000 ns	     49315	80009ea0	163f2223	sw	x3,356(x30)	 x30:0x8003fe9c  x3:0x00000001 PA:0xxxxxxxxx
     493185.000 ns	     49317	80009ea4	ff9ff06f	jal	x0,80009ea0	
     493235.000 ns	     49322	80009e9c	00036f17	auipc	x30,0x36	 x30=0x8003fe9c
     493245.000 ns	     49323	80009ea0	163f2223	sw	x3,356(x30)	 x30:0x8003fe9c  x3:0x00000001 PA:0xxxxxxxxx
     493265.000 ns	     49325	80009ea4	ff9ff06f	jal	x0,80009ea0	
     493315.000 ns	     49330	80009e9c	00036f17	auipc	x30,0x36	 x30=0x8003fe9c
     493325.000 ns	     49331	80009ea0	163f2223	sw	x3,356(x30)	 x30:0x8003fe9c  x3:0x00000001 PA:0xxxxxxxxx
     493345.000 ns	     49333	80009ea4	ff9ff06f	jal	x0,80009ea0	
     493395.000 ns	     49338	80009e9c	00036f17	auipc	x30,0x36	 x30=0x8003fe9c
     493405.000 ns	     49339	80009ea0	163f2223	sw	x3,356(x30)	 x30:0x8003fe9c  x3:0x00000001 PA:0xxxxxxxxx
     493425.000 ns	     49341	80009ea4	ff9ff06f	jal	x0,80009ea0	
     493475.000 ns	     49346	80009e9c	00036f17	auipc	x30,0x36	 x30=0x8003fe9c
     493485.000 ns	     49347	80009ea0	163f2223	sw	x3,356(x30)	 x30:0x8003fe9c  x3:0x00000001 PA:0xxxxxxxxx
     493505.000 ns	     49349	80009ea4	ff9ff06f	jal	x0,80009ea0	
     493555.000 ns	     49354	80009e9c	00036f17	auipc	x30,0x36	 x30=0x8003fe9c
     493565.000 ns	     49355	80009ea0	163f2223	sw	x3,356(x30)	 x30:0x8003fe9c  x3:0x00000001 PA:0xxxxxxxxx
     493585.000 ns	     49357	80009ea4	ff9ff06f	jal	x0,80009ea0	
     493635.000 ns	     49362	80009e9c	00036f17	auipc	x30,0x36	 x30=0x8003fe9c
     493645.000 ns	     49363	80009ea0	163f2223	sw	x3,356(x30)	 x30:0x8003fe9c  x3:0x00000001 PA:0xxxxxxxxx
     493665.000 ns	     49365	80009ea4	ff9ff06f	jal	x0,80009ea0	
     493715.000 ns	     49370	80009e9c	00036f17	auipc	x30,0x36	 x30=0x8003fe9c
     493725.000 ns	     49371	80009ea0	163f2223	sw	x3,356(x30)	 x30:0x8003fe9c  x3:0x00000001 PA:0xxxxxxxxx
     493745.000 ns	     49373	80009ea4	ff9ff06f	jal	x0,80009ea0	
     493795.000 ns	     49378	80009e9c	00036f17	auipc	x30,0x36	 x30=0x8003fe9c
     493805.000 ns	     49379	80009ea0	163f2223	sw	x3,356(x30)	 x30:0x8003fe9c  x3:0x00000001 PA:0xxxxxxxxx
     493825.000 ns	     49381	80009ea4	ff9ff06f	jal	x0,80009ea0	
     493875.000 ns	     49386	80009e9c	00036f17	auipc	x30,0x36	 x30=0x8003fe9c
     493885.000 ns	     49387	80009ea0	163f2223	sw	x3,356(x30)	 x30:0x8003fe9c  x3:0x00000001 PA:0xxxxxxxxx
     493905.000 ns	     49389	80009ea4	ff9ff06f	jal	x0,80009ea0	
     493955.000 ns	     49394	80009e9c	00036f17	auipc	x30,0x36	 x30=0x8003fe9c
     493965.000 ns	     49395	80009ea0	163f2223	sw	x3,356(x30)	 x30:0x8003fe9c  x3:0x00000001 PA:0xxxxxxxxx
     493985.000 ns	     49397	80009ea4	ff9ff06f	jal	x0,80009ea0	
     494035.000 ns	     49402	80009e9c	00036f17	auipc	x30,0x36	 x30=0x8003fe9c
     494045.000 ns	     49403	80009ea0	163f2223	sw	x3,356(x30)	 x30:0x8003fe9c  x3:0x00000001 PA:0xxxxxxxxx
     494065.000 ns	     49405	80009ea4	ff9ff06f	jal	x0,80009ea0	
     494115.000 ns	     49410	80009e9c	00036f17	auipc	x30,0x36	 x30=0x8003fe9c
     494125.000 ns	     49411	80009ea0	163f2223	sw	x3,356(x30)	 x30:0x8003fe9c  x3:0x00000001 PA:0xxxxxxxxx
     494145.000 ns	     49413	80009ea4	ff9ff06f	jal	x0,80009ea0	
     494195.000 ns	     49418	80009e9c	00036f17	auipc	x30,0x36	 x30=0x8003fe9c
     494205.000 ns	     49419	80009ea0	163f2223	sw	x3,356(x30)	 x30:0x8003fe9c  x3:0x00000001 PA:0xxxxxxxxx
     494225.000 ns	     49421	80009ea4	ff9ff06f	jal	x0,80009ea0	
     494275.000 ns	     49426	80009e9c	00036f17	auipc	x30,0x36	 x30=0x8003fe9c
     494285.000 ns	     49427	80009ea0	163f2223	sw	x3,356(x30)	 x30:0x8003fe9c  x3:0x00000001 PA:0xxxxxxxxx
     494305.000 ns	     49429	80009ea4	ff9ff06f	jal	x0,80009ea0	
     494355.000 ns	     49434	80009e9c	00036f17	auipc	x30,0x36	 x30=0x8003fe9c
     494365.000 ns	     49435	80009ea0	163f2223	sw	x3,356(x30)	 x30:0x8003fe9c  x3:0x00000001 PA:0xxxxxxxxx
     494385.000 ns	     49437	80009ea4	ff9ff06f	jal	x0,80009ea0	
     494435.000 ns	     49442	80009e9c	00036f17	auipc	x30,0x36	 x30=0x8003fe9c
     494445.000 ns	     49443	80009ea0	163f2223	sw	x3,356(x30)	 x30:0x8003fe9c  x3:0x00000001 PA:0xxxxxxxxx
     494465.000 ns	     49445	80009ea4	ff9ff06f	jal	x0,80009ea0	
     494515.000 ns	     49450	80009e9c	00036f17	auipc	x30,0x36	 x30=0x8003fe9c
     494525.000 ns	     49451	80009ea0	163f2223	sw	x3,356(x30)	 x30:0x8003fe9c  x3:0x00000001 PA:0xxxxxxxxx
     494545.000 ns	     49453	80009ea4	ff9ff06f	jal	x0,80009ea0	
     494595.000 ns	     49458	80009e9c	00036f17	auipc	x30,0x36	 x30=0x8003fe9c
     494605.000 ns	     49459	80009ea0	163f2223	sw	x3,356(x30)	 x30:0x8003fe9c  x3:0x00000001 PA:0xxxxxxxxx
     494625.000 ns	     49461	80009ea4	ff9ff06f	jal	x0,80009ea0	
     494675.000 ns	     49466	80009e9c	00036f17	auipc	x30,0x36	 x30=0x8003fe9c
     494685.000 ns	     49467	80009ea0	163f2223	sw	x3,356(x30)	 x30:0x8003fe9c  x3:0x00000001 PA:0xxxxxxxxx
     494705.000 ns	     49469	80009ea4	ff9ff06f	jal	x0,80009ea0	
     494755.000 ns	     49474	80009e9c	00036f17	auipc	x30,0x36	 x30=0x8003fe9c
     494765.000 ns	     49475	80009ea0	163f2223	sw	x3,356(x30)	 x30:0x8003fe9c  x3:0x00000001 PA:0xxxxxxxxx
     494785.000 ns	     49477	80009ea4	ff9ff06f	jal	x0,80009ea0	
     494835.000 ns	     49482	80009e9c	00036f17	auipc	x30,0x36	 x30=0x8003fe9c
     494845.000 ns	     49483	80009ea0	163f2223	sw	x3,356(x30)	 x30:0x8003fe9c  x3:0x00000001 PA:0xxxxxxxxx
     494865.000 ns	     49485	80009ea4	ff9ff06f	jal	x0,80009ea0	
     494915.000 ns	     49490	80009e9c	00036f17	auipc	x30,0x36	 x30=0x8003fe9c
     494925.000 ns	     49491	80009ea0	163f2223	sw	x3,356(x30)	 x30:0x8003fe9c  x3:0x00000001 PA:0xxxxxxxxx
     494945.000 ns	     49493	80009ea4	ff9ff06f	jal	x0,80009ea0	
     494995.000 ns	     49498	80009e9c	00036f17	auipc	x30,0x36	 x30=0x8003fe9c
     495005.000 ns	     49499	80009ea0	163f2223	sw	x3,356(x30)	 x30:0x8003fe9c  x3:0x00000001 PA:0xxxxxxxxx
     495025.000 ns	     49501	80009ea4	ff9ff06f	jal	x0,80009ea0	
     495075.000 ns	     49506	80009e9c	00036f17	auipc	x30,0x36	 x30=0x8003fe9c
     495085.000 ns	     49507	80009ea0	163f2223	sw	x3,356(x30)	 x30:0x8003fe9c  x3:0x00000001 PA:0xxxxxxxxx
     495105.000 ns	     49509	80009ea4	ff9ff06f	jal	x0,80009ea0	
     495155.000 ns	     49514	80009e9c	00036f17	auipc	x30,0x36	 x30=0x8003fe9c
     495165.000 ns	     49515	80009ea0	163f2223	sw	x3,356(x30)	 x30:0x8003fe9c  x3:0x00000001 PA:0xxxxxxxxx
     495185.000 ns	     49517	80009ea4	ff9ff06f	jal	x0,80009ea0	
     495235.000 ns	     49522	80009e9c	00036f17	auipc	x30,0x36	 x30=0x8003fe9c
     495245.000 ns	     49523	80009ea0	163f2223	sw	x3,356(x30)	 x30:0x8003fe9c  x3:0x00000001 PA:0xxxxxxxxx
     495265.000 ns	     49525	80009ea4	ff9ff06f	jal	x0,80009ea0	
     495315.000 ns	     49530	80009e9c	00036f17	auipc	x30,0x36	 x30=0x8003fe9c
     495325.000 ns	     49531	80009ea0	163f2223	sw	x3,356(x30)	 x30:0x8003fe9c  x3:0x00000001 PA:0xxxxxxxxx
     495345.000 ns	     49533	80009ea4	ff9ff06f	jal	x0,80009ea0	
     495395.000 ns	     49538	80009e9c	00036f17	auipc	x30,0x36	 x30=0x8003fe9c
     495405.000 ns	     49539	80009ea0	163f2223	sw	x3,356(x30)	 x30:0x8003fe9c  x3:0x00000001 PA:0xxxxxxxxx
     495425.000 ns	     49541	80009ea4	ff9ff06f	jal	x0,80009ea0	
     495475.000 ns	     49546	80009e9c	00036f17	auipc	x30,0x36	 x30=0x8003fe9c
     495485.000 ns	     49547	80009ea0	163f2223	sw	x3,356(x30)	 x30:0x8003fe9c  x3:0x00000001 PA:0xxxxxxxxx
     495505.000 ns	     49549	80009ea4	ff9ff06f	jal	x0,80009ea0	
     495555.000 ns	     49554	80009e9c	00036f17	auipc	x30,0x36	 x30=0x8003fe9c
     495565.000 ns	     49555	80009ea0	163f2223	sw	x3,356(x30)	 x30:0x8003fe9c  x3:0x00000001 PA:0xxxxxxxxx
     495585.000 ns	     49557	80009ea4	ff9ff06f	jal	x0,80009ea0	
     495635.000 ns	     49562	80009e9c	00036f17	auipc	x30,0x36	 x30=0x8003fe9c
     495645.000 ns	     49563	80009ea0	163f2223	sw	x3,356(x30)	 x30:0x8003fe9c  x3:0x00000001 PA:0xxxxxxxxx
     495665.000 ns	     49565	80009ea4	ff9ff06f	jal	x0,80009ea0	
     495715.000 ns	     49570	80009e9c	00036f17	auipc	x30,0x36	 x30=0x8003fe9c
     495725.000 ns	     49571	80009ea0	163f2223	sw	x3,356(x30)	 x30:0x8003fe9c  x3:0x00000001 PA:0xxxxxxxxx
     495745.000 ns	     49573	80009ea4	ff9ff06f	jal	x0,80009ea0	
     495795.000 ns	     49578	80009e9c	00036f17	auipc	x30,0x36	 x30=0x8003fe9c
     495805.000 ns	     49579	80009ea0	163f2223	sw	x3,356(x30)	 x30:0x8003fe9c  x3:0x00000001 PA:0xxxxxxxxx
     495825.000 ns	     49581	80009ea4	ff9ff06f	jal	x0,80009ea0	
     495875.000 ns	     49586	80009e9c	00036f17	auipc	x30,0x36	 x30=0x8003fe9c
     495885.000 ns	     49587	80009ea0	163f2223	sw	x3,356(x30)	 x30:0x8003fe9c  x3:0x00000001 PA:0xxxxxxxxx
     495905.000 ns	     49589	80009ea4	ff9ff06f	jal	x0,80009ea0	
     495955.000 ns	     49594	80009e9c	00036f17	auipc	x30,0x36	 x30=0x8003fe9c
     495965.000 ns	     49595	80009ea0	163f2223	sw	x3,356(x30)	 x30:0x8003fe9c  x3:0x00000001 PA:0xxxxxxxxx
     495985.000 ns	     49597	80009ea4	ff9ff06f	jal	x0,80009ea0	
     496035.000 ns	     49602	80009e9c	00036f17	auipc	x30,0x36	 x30=0x8003fe9c
     496045.000 ns	     49603	80009ea0	163f2223	sw	x3,356(x30)	 x30:0x8003fe9c  x3:0x00000001 PA:0xxxxxxxxx
     496065.000 ns	     49605	80009ea4	ff9ff06f	jal	x0,80009ea0	
     496115.000 ns	     49610	80009e9c	00036f17	auipc	x30,0x36	 x30=0x8003fe9c
     496125.000 ns	     49611	80009ea0	163f2223	sw	x3,356(x30)	 x30:0x8003fe9c  x3:0x00000001 PA:0xxxxxxxxx
     496145.000 ns	     49613	80009ea4	ff9ff06f	jal	x0,80009ea0	
     496195.000 ns	     49618	80009e9c	00036f17	auipc	x30,0x36	 x30=0x8003fe9c
     496205.000 ns	     49619	80009ea0	163f2223	sw	x3,356(x30)	 x30:0x8003fe9c  x3:0x00000001 PA:0xxxxxxxxx
     496225.000 ns	     49621	80009ea4	ff9ff06f	jal	x0,80009ea0	
     496275.000 ns	     49626	80009e9c	00036f17	auipc	x30,0x36	 x30=0x8003fe9c
     496285.000 ns	     49627	80009ea0	163f2223	sw	x3,356(x30)	 x30:0x8003fe9c  x3:0x00000001 PA:0xxxxxxxxx
     496305.000 ns	     49629	80009ea4	ff9ff06f	jal	x0,80009ea0	
     496355.000 ns	     49634	80009e9c	00036f17	auipc	x30,0x36	 x30=0x8003fe9c
     496365.000 ns	     49635	80009ea0	163f2223	sw	x3,356(x30)	 x30:0x8003fe9c  x3:0x00000001 PA:0xxxxxxxxx
     496385.000 ns	     49637	80009ea4	ff9ff06f	jal	x0,80009ea0	
     496435.000 ns	     49642	80009e9c	00036f17	auipc	x30,0x36	 x30=0x8003fe9c
     496445.000 ns	     49643	80009ea0	163f2223	sw	x3,356(x30)	 x30:0x8003fe9c  x3:0x00000001 PA:0xxxxxxxxx
     496465.000 ns	     49645	80009ea4	ff9ff06f	jal	x0,80009ea0	
     496515.000 ns	     49650	80009e9c	00036f17	auipc	x30,0x36	 x30=0x8003fe9c
     496525.000 ns	     49651	80009ea0	163f2223	sw	x3,356(x30)	 x30:0x8003fe9c  x3:0x00000001 PA:0xxxxxxxxx
     496545.000 ns	     49653	80009ea4	ff9ff06f	jal	x0,80009ea0	
     496595.000 ns	     49658	80009e9c	00036f17	auipc	x30,0x36	 x30=0x8003fe9c
     496605.000 ns	     49659	80009ea0	163f2223	sw	x3,356(x30)	 x30:0x8003fe9c  x3:0x00000001 PA:0xxxxxxxxx
     496625.000 ns	     49661	80009ea4	ff9ff06f	jal	x0,80009ea0	
     496675.000 ns	     49666	80009e9c	00036f17	auipc	x30,0x36	 x30=0x8003fe9c
     496685.000 ns	     49667	80009ea0	163f2223	sw	x3,356(x30)	 x30:0x8003fe9c  x3:0x00000001 PA:0xxxxxxxxx
     496705.000 ns	     49669	80009ea4	ff9ff06f	jal	x0,80009ea0	
     496755.000 ns	     49674	80009e9c	00036f17	auipc	x30,0x36	 x30=0x8003fe9c
     496765.000 ns	     49675	80009ea0	163f2223	sw	x3,356(x30)	 x30:0x8003fe9c  x3:0x00000001 PA:0xxxxxxxxx
     496785.000 ns	     49677	80009ea4	ff9ff06f	jal	x0,80009ea0	
     496835.000 ns	     49682	80009e9c	00036f17	auipc	x30,0x36	 x30=0x8003fe9c
     496845.000 ns	     49683	80009ea0	163f2223	sw	x3,356(x30)	 x30:0x8003fe9c  x3:0x00000001 PA:0xxxxxxxxx
     496865.000 ns	     49685	80009ea4	ff9ff06f	jal	x0,80009ea0	
     496915.000 ns	     49690	80009e9c	00036f17	auipc	x30,0x36	 x30=0x8003fe9c
     496925.000 ns	     49691	80009ea0	163f2223	sw	x3,356(x30)	 x30:0x8003fe9c  x3:0x00000001 PA:0xxxxxxxxx
     496945.000 ns	     49693	80009ea4	ff9ff06f	jal	x0,80009ea0	
     496995.000 ns	     49698	80009e9c	00036f17	auipc	x30,0x36	 x30=0x8003fe9c
     497005.000 ns	     49699	80009ea0	163f2223	sw	x3,356(x30)	 x30:0x8003fe9c  x3:0x00000001 PA:0xxxxxxxxx
     497025.000 ns	     49701	80009ea4	ff9ff06f	jal	x0,80009ea0	
     497075.000 ns	     49706	80009e9c	00036f17	auipc	x30,0x36	 x30=0x8003fe9c
     497085.000 ns	     49707	80009ea0	163f2223	sw	x3,356(x30)	 x30:0x8003fe9c  x3:0x00000001 PA:0xxxxxxxxx
     497105.000 ns	     49709	80009ea4	ff9ff06f	jal	x0,80009ea0	
     497155.000 ns	     49714	80009e9c	00036f17	auipc	x30,0x36	 x30=0x8003fe9c
     497165.000 ns	     49715	80009ea0	163f2223	sw	x3,356(x30)	 x30:0x8003fe9c  x3:0x00000001 PA:0xxxxxxxxx
     497185.000 ns	     49717	80009ea4	ff9ff06f	jal	x0,80009ea0	
     497235.000 ns	     49722	80009e9c	00036f17	auipc	x30,0x36	 x30=0x8003fe9c
     497245.000 ns	     49723	80009ea0	163f2223	sw	x3,356(x30)	 x30:0x8003fe9c  x3:0x00000001 PA:0xxxxxxxxx
     497265.000 ns	     49725	80009ea4	ff9ff06f	jal	x0,80009ea0	
     497315.000 ns	     49730	80009e9c	00036f17	auipc	x30,0x36	 x30=0x8003fe9c
     497325.000 ns	     49731	80009ea0	163f2223	sw	x3,356(x30)	 x30:0x8003fe9c  x3:0x00000001 PA:0xxxxxxxxx
     497345.000 ns	     49733	80009ea4	ff9ff06f	jal	x0,80009ea0	
     497395.000 ns	     49738	80009e9c	00036f17	auipc	x30,0x36	 x30=0x8003fe9c
     497405.000 ns	     49739	80009ea0	163f2223	sw	x3,356(x30)	 x30:0x8003fe9c  x3:0x00000001 PA:0xxxxxxxxx
     497425.000 ns	     49741	80009ea4	ff9ff06f	jal	x0,80009ea0	
     497475.000 ns	     49746	80009e9c	00036f17	auipc	x30,0x36	 x30=0x8003fe9c
     497485.000 ns	     49747	80009ea0	163f2223	sw	x3,356(x30)	 x30:0x8003fe9c  x3:0x00000001 PA:0xxxxxxxxx
     497505.000 ns	     49749	80009ea4	ff9ff06f	jal	x0,80009ea0	
     497555.000 ns	     49754	80009e9c	00036f17	auipc	x30,0x36	 x30=0x8003fe9c
     497565.000 ns	     49755	80009ea0	163f2223	sw	x3,356(x30)	 x30:0x8003fe9c  x3:0x00000001 PA:0xxxxxxxxx
     497585.000 ns	     49757	80009ea4	ff9ff06f	jal	x0,80009ea0	
     497635.000 ns	     49762	80009e9c	00036f17	auipc	x30,0x36	 x30=0x8003fe9c
     497645.000 ns	     49763	80009ea0	163f2223	sw	x3,356(x30)	 x30:0x8003fe9c  x3:0x00000001 PA:0xxxxxxxxx
     497665.000 ns	     49765	80009ea4	ff9ff06f	jal	x0,80009ea0	
     497715.000 ns	     49770	80009e9c	00036f17	auipc	x30,0x36	 x30=0x8003fe9c
     497725.000 ns	     49771	80009ea0	163f2223	sw	x3,356(x30)	 x30:0x8003fe9c  x3:0x00000001 PA:0xxxxxxxxx
     497745.000 ns	     49773	80009ea4	ff9ff06f	jal	x0,80009ea0	
     497795.000 ns	     49778	80009e9c	00036f17	auipc	x30,0x36	 x30=0x8003fe9c
     497805.000 ns	     49779	80009ea0	163f2223	sw	x3,356(x30)	 x30:0x8003fe9c  x3:0x00000001 PA:0xxxxxxxxx
     497825.000 ns	     49781	80009ea4	ff9ff06f	jal	x0,80009ea0	
     497875.000 ns	     49786	80009e9c	00036f17	auipc	x30,0x36	 x30=0x8003fe9c
     497885.000 ns	     49787	80009ea0	163f2223	sw	x3,356(x30)	 x30:0x8003fe9c  x3:0x00000001 PA:0xxxxxxxxx
     497905.000 ns	     49789	80009ea4	ff9ff06f	jal	x0,80009ea0	
     497955.000 ns	     49794	80009e9c	00036f17	auipc	x30,0x36	 x30=0x8003fe9c
     497965.000 ns	     49795	80009ea0	163f2223	sw	x3,356(x30)	 x30:0x8003fe9c  x3:0x00000001 PA:0xxxxxxxxx
     497985.000 ns	     49797	80009ea4	ff9ff06f	jal	x0,80009ea0	
     498035.000 ns	     49802	80009e9c	00036f17	auipc	x30,0x36	 x30=0x8003fe9c
     498045.000 ns	     49803	80009ea0	163f2223	sw	x3,356(x30)	 x30:0x8003fe9c  x3:0x00000001 PA:0xxxxxxxxx
     498065.000 ns	     49805	80009ea4	ff9ff06f	jal	x0,80009ea0	
     498115.000 ns	     49810	80009e9c	00036f17	auipc	x30,0x36	 x30=0x8003fe9c
     498125.000 ns	     49811	80009ea0	163f2223	sw	x3,356(x30)	 x30:0x8003fe9c  x3:0x00000001 PA:0xxxxxxxxx
     498145.000 ns	     49813	80009ea4	ff9ff06f	jal	x0,80009ea0	
     498195.000 ns	     49818	80009e9c	00036f17	auipc	x30,0x36	 x30=0x8003fe9c
     498205.000 ns	     49819	80009ea0	163f2223	sw	x3,356(x30)	 x30:0x8003fe9c  x3:0x00000001 PA:0xxxxxxxxx
     498225.000 ns	     49821	80009ea4	ff9ff06f	jal	x0,80009ea0	
     498275.000 ns	     49826	80009e9c	00036f17	auipc	x30,0x36	 x30=0x8003fe9c
     498285.000 ns	     49827	80009ea0	163f2223	sw	x3,356(x30)	 x30:0x8003fe9c  x3:0x00000001 PA:0xxxxxxxxx
     498305.000 ns	     49829	80009ea4	ff9ff06f	jal	x0,80009ea0	
     498355.000 ns	     49834	80009e9c	00036f17	auipc	x30,0x36	 x30=0x8003fe9c
     498365.000 ns	     49835	80009ea0	163f2223	sw	x3,356(x30)	 x30:0x8003fe9c  x3:0x00000001 PA:0xxxxxxxxx
     498385.000 ns	     49837	80009ea4	ff9ff06f	jal	x0,80009ea0	
     498435.000 ns	     49842	80009e9c	00036f17	auipc	x30,0x36	 x30=0x8003fe9c
     498445.000 ns	     49843	80009ea0	163f2223	sw	x3,356(x30)	 x30:0x8003fe9c  x3:0x00000001 PA:0xxxxxxxxx
     498465.000 ns	     49845	80009ea4	ff9ff06f	jal	x0,80009ea0	
     498515.000 ns	     49850	80009e9c	00036f17	auipc	x30,0x36	 x30=0x8003fe9c
     498525.000 ns	     49851	80009ea0	163f2223	sw	x3,356(x30)	 x30:0x8003fe9c  x3:0x00000001 PA:0xxxxxxxxx
     498545.000 ns	     49853	80009ea4	ff9ff06f	jal	x0,80009ea0	
     498595.000 ns	     49858	80009e9c	00036f17	auipc	x30,0x36	 x30=0x8003fe9c
     498605.000 ns	     49859	80009ea0	163f2223	sw	x3,356(x30)	 x30:0x8003fe9c  x3:0x00000001 PA:0xxxxxxxxx
     498625.000 ns	     49861	80009ea4	ff9ff06f	jal	x0,80009ea0	
     498675.000 ns	     49866	80009e9c	00036f17	auipc	x30,0x36	 x30=0x8003fe9c
     498685.000 ns	     49867	80009ea0	163f2223	sw	x3,356(x30)	 x30:0x8003fe9c  x3:0x00000001 PA:0xxxxxxxxx
     498705.000 ns	     49869	80009ea4	ff9ff06f	jal	x0,80009ea0	
     498755.000 ns	     49874	80009e9c	00036f17	auipc	x30,0x36	 x30=0x8003fe9c
     498765.000 ns	     49875	80009ea0	163f2223	sw	x3,356(x30)	 x30:0x8003fe9c  x3:0x00000001 PA:0xxxxxxxxx
     498785.000 ns	     49877	80009ea4	ff9ff06f	jal	x0,80009ea0	
     498835.000 ns	     49882	80009e9c	00036f17	auipc	x30,0x36	 x30=0x8003fe9c
     498845.000 ns	     49883	80009ea0	163f2223	sw	x3,356(x30)	 x30:0x8003fe9c  x3:0x00000001 PA:0xxxxxxxxx
     498865.000 ns	     49885	80009ea4	ff9ff06f	jal	x0,80009ea0	
     498915.000 ns	     49890	80009e9c	00036f17	auipc	x30,0x36	 x30=0x8003fe9c
     498925.000 ns	     49891	80009ea0	163f2223	sw	x3,356(x30)	 x30:0x8003fe9c  x3:0x00000001 PA:0xxxxxxxxx
     498945.000 ns	     49893	80009ea4	ff9ff06f	jal	x0,80009ea0	
     498995.000 ns	     49898	80009e9c	00036f17	auipc	x30,0x36	 x30=0x8003fe9c
     499005.000 ns	     49899	80009ea0	163f2223	sw	x3,356(x30)	 x30:0x8003fe9c  x3:0x00000001 PA:0xxxxxxxxx
     499025.000 ns	     49901	80009ea4	ff9ff06f	jal	x0,80009ea0	
     499075.000 ns	     49906	80009e9c	00036f17	auipc	x30,0x36	 x30=0x8003fe9c
     499085.000 ns	     49907	80009ea0	163f2223	sw	x3,356(x30)	 x30:0x8003fe9c  x3:0x00000001 PA:0xxxxxxxxx
     499105.000 ns	     49909	80009ea4	ff9ff06f	jal	x0,80009ea0	
     499155.000 ns	     49914	80009e9c	00036f17	auipc	x30,0x36	 x30=0x8003fe9c
     499165.000 ns	     49915	80009ea0	163f2223	sw	x3,356(x30)	 x30:0x8003fe9c  x3:0x00000001 PA:0xxxxxxxxx
     499185.000 ns	     49917	80009ea4	ff9ff06f	jal	x0,80009ea0	
     499235.000 ns	     49922	80009e9c	00036f17	auipc	x30,0x36	 x30=0x8003fe9c
     499245.000 ns	     49923	80009ea0	163f2223	sw	x3,356(x30)	 x30:0x8003fe9c  x3:0x00000001 PA:0xxxxxxxxx
     499265.000 ns	     49925	80009ea4	ff9ff06f	jal	x0,80009ea0	
     499315.000 ns	     49930	80009e9c	00036f17	auipc	x30,0x36	 x30=0x8003fe9c
     499325.000 ns	     49931	80009ea0	163f2223	sw	x3,356(x30)	 x30:0x8003fe9c  x3:0x00000001 PA:0xxxxxxxxx
     499345.000 ns	     49933	80009ea4	ff9ff06f	jal	x0,80009ea0	
     499395.000 ns	     49938	80009e9c	00036f17	auipc	x30,0x36	 x30=0x8003fe9c
     499405.000 ns	     49939	80009ea0	163f2223	sw	x3,356(x30)	 x30:0x8003fe9c  x3:0x00000001 PA:0xxxxxxxxx
     499425.000 ns	     49941	80009ea4	ff9ff06f	jal	x0,80009ea0	
     499475.000 ns	     49946	80009e9c	00036f17	auipc	x30,0x36	 x30=0x8003fe9c
     499485.000 ns	     49947	80009ea0	163f2223	sw	x3,356(x30)	 x30:0x8003fe9c  x3:0x00000001 PA:0xxxxxxxxx
     499505.000 ns	     49949	80009ea4	ff9ff06f	jal	x0,80009ea0	
     499555.000 ns	     49954	80009e9c	00036f17	auipc	x30,0x36	 x30=0x8003fe9c
     499565.000 ns	     49955	80009ea0	163f2223	sw	x3,356(x30)	 x30:0x8003fe9c  x3:0x00000001 PA:0xxxxxxxxx
     499585.000 ns	     49957	80009ea4	ff9ff06f	jal	x0,80009ea0	
     499635.000 ns	     49962	80009e9c	00036f17	auipc	x30,0x36	 x30=0x8003fe9c
     499645.000 ns	     49963	80009ea0	163f2223	sw	x3,356(x30)	 x30:0x8003fe9c  x3:0x00000001 PA:0xxxxxxxxx
     499665.000 ns	     49965	80009ea4	ff9ff06f	jal	x0,80009ea0	
     499715.000 ns	     49970	80009e9c	00036f17	auipc	x30,0x36	 x30=0x8003fe9c
     499725.000 ns	     49971	80009ea0	163f2223	sw	x3,356(x30)	 x30:0x8003fe9c  x3:0x00000001 PA:0xxxxxxxxx
     499745.000 ns	     49973	80009ea4	ff9ff06f	jal	x0,80009ea0	
     499795.000 ns	     49978	80009e9c	00036f17	auipc	x30,0x36	 x30=0x8003fe9c
     499805.000 ns	     49979	80009ea0	163f2223	sw	x3,356(x30)	 x30:0x8003fe9c  x3:0x00000001 PA:0xxxxxxxxx
     499825.000 ns	     49981	80009ea4	ff9ff06f	jal	x0,80009ea0	
     499875.000 ns	     49986	80009e9c	00036f17	auipc	x30,0x36	 x30=0x8003fe9c
     499885.000 ns	     49987	80009ea0	163f2223	sw	x3,356(x30)	 x30:0x8003fe9c  x3:0x00000001 PA:0xxxxxxxxx
     499905.000 ns	     49989	80009ea4	ff9ff06f	jal	x0,80009ea0	
     499955.000 ns	     49994	80009e9c	00036f17	auipc	x30,0x36	 x30=0x8003fe9c
     499965.000 ns	     49995	80009ea0	163f2223	sw	x3,356(x30)	 x30:0x8003fe9c  x3:0x00000001 PA:0xxxxxxxxx
     499985.000 ns	     49997	80009ea4	ff9ff06f	jal	x0,80009ea0	
