		Time			Cycle	PC		Insn	Decoded instruction	Register and memory contents
         65.000 ns	         5	80000000	f14022f3	csrrs	x5,mhartid,x0	  x0:0x00000000  x5=0xffffff14
         75.000 ns	         6	80000004	00000313	addi	x6,x0,0	  x0:0x00000000  x6=0x00000000
         85.000 ns	         7	80000008	00628263	beq	x5,x6,8000000c	  x5:0x00000000  x6:0x00000000
         95.000 ns	         8	8000000c	00000797	auipc	x15,0x0	 x15=0x8000000c
        105.000 ns	         9	80000010	00c78793	addi	x15,x15,12	 x15:0x00000000 x15=0x80000018
        115.000 ns	        10	80000014	00078067	jalr	x0,x15,0	 x15:0x00000000
        165.000 ns	        15	80000018	400012b7	lui	x5,0x40001	  x5=0x40001000
        175.000 ns	        16	8000001c	12028293	addi	x5,x5,288	  x5:0xffffff14  x5=0x40001120
        185.000 ns	        17	80000020	30129073	csrrw	x0,misa,x5	  x5:0xffffff14
        195.000 ns	        18	80000024	00041597	auipc	x11,0x41	 x11=0x80041024
        205.000 ns	        19	80000028	00058593	addi	x11,x11,0	 x11:0x00000000 x11=0x80041024
        215.000 ns	        20	8000002c	0000a297	auipc	x5,0xa	  x5=0x8000a02c
        225.000 ns	        21	80000030	ea028293	addi	x5,x5,-352	  x5:0x40001120  x5=0x80009ecc
        235.000 ns	        22	80000034	0002e293	ori	x5,x5,0	  x5:0x40001120  x5=0x80009ecc
        245.000 ns	        23	80000038	30529073	csrrw	x0,mtvec,x5	  x5:0x8000a02c
        255.000 ns	        24	8000003c	00000297	auipc	x5,0x0	  x5=0x8000003c
        265.000 ns	        25	80000040	02828293	addi	x5,x5,40	  x5:0x80009ecc  x5=0x80000064
        275.000 ns	        26	80000044	34129073	csrrw	x0,mepc,x5	  x5:0x80009ecc
        285.000 ns	        27	80000048	00000013	addi	x0,x0,0	  x0:0x00000000
        295.000 ns	        28	8000004c	000042b7	lui	x5,0x4	  x5=0x00004000
        305.000 ns	        29	80000050	80028293	addi	x5,x5,-2048	  x5:0x80000064  x5=0x00003800
        315.000 ns	        30	80000054	30029073	csrrw	x0,mstatus,x5	  x5:0x80000064
        325.000 ns	        31	80000058	00000293	addi	x5,x0,0	  x0:0x00000000  x5=0x00000000
        335.000 ns	        32	8000005c	30429073	csrrw	x0,mie,x5	  x5:0x00003800
        345.000 ns	        33	80000060	30200073	mret	
        355.000 ns	        34	80000064	aff172b7	lui	x5,0xaff17	  x5=0xaff17000
        365.000 ns	        35	80000068	fb828293	addi	x5,x5,-72	  x5:0x00000000  x5=0xaff16fb8
        385.000 ns	        37	8000006c	f0028053	fmv.w.x	f0,x5	  x5:0x00000000  f0=0xaff16fb8
        405.000 ns	        39	80000070	ff8002b7	lui	x5,0xff800	  x5=0xff800000
        415.000 ns	        40	80000074	fff28293	addi	x5,x5,-1	  x5:0xaff16fb8  x5=0xff7fffff
        435.000 ns	        42	80000078	f00280d3	fmv.w.x	f1,x5	  x5:0xaff16fb8  f1=0xff7fffff
        455.000 ns	        44	8000007c	ff8002b7	lui	x5,0xff800	  x5=0xff800000
        465.000 ns	        45	80000080	fff28293	addi	x5,x5,-1	  x5:0xff7fffff  x5=0xff7fffff
        485.000 ns	        47	80000084	f0028153	fmv.w.x	f2,x5	  x5:0xff7fffff  f2=0xff7fffff
        505.000 ns	        49	80000088	800002b7	lui	x5,0x80000	  x5=0x80000000
        525.000 ns	        51	8000008c	f00281d3	fmv.w.x	f3,x5	  x5:0xff7fffff  f3=0x80000000
        545.000 ns	        53	80000090	374a82b7	lui	x5,0x374a8	  x5=0x374a8000
        555.000 ns	        54	80000094	f4428293	addi	x5,x5,-188	  x5:0x80000000  x5=0x374a7f44
        575.000 ns	        56	80000098	f0028253	fmv.w.x	f4,x5	  x5:0x80000000  f4=0x374a7f44
        595.000 ns	        58	8000009c	f87bd2b7	lui	x5,0xf87bd	  x5=0xf87bd000
        605.000 ns	        59	800000a0	ebd28293	addi	x5,x5,-323	  x5:0x374a7f44  x5=0xf87bcebd
        625.000 ns	        61	800000a4	f00282d3	fmv.w.x	f5,x5	  x5:0x374a7f44  f5=0xf87bcebd
        645.000 ns	        63	800000a8	ff8002b7	lui	x5,0xff800	  x5=0xff800000
        665.000 ns	        65	800000ac	f0028353	fmv.w.x	f6,x5	  x5:0xf87bcebd  f6=0xff800000
        685.000 ns	        67	800000b0	0041d2b7	lui	x5,0x41d	  x5=0x0041d000
        695.000 ns	        68	800000b4	fae28293	addi	x5,x5,-82	  x5:0xff800000  x5=0x0041cfae
        715.000 ns	        70	800000b8	f00283d3	fmv.w.x	f7,x5	  x5:0xff800000  f7=0x0041cfae
        735.000 ns	        72	800000bc	800002b7	lui	x5,0x80000	  x5=0x80000000
        755.000 ns	        74	800000c0	f0028453	fmv.w.x	f8,x5	  x5:0x0041cfae  f8=0x80000000
        775.000 ns	        76	800000c4	7f8002b7	lui	x5,0x7f800	  x5=0x7f800000
        785.000 ns	        77	800000c8	fff28293	addi	x5,x5,-1	  x5:0x80000000  x5=0x7f7fffff
        805.000 ns	        79	800000cc	f00284d3	fmv.w.x	f9,x5	  x5:0x80000000  f9=0x7f7fffff
        825.000 ns	        81	800000d0	8046a2b7	lui	x5,0x8046a	  x5=0x8046a000
        835.000 ns	        82	800000d4	a7228293	addi	x5,x5,-1422	  x5:0x7f7fffff  x5=0x80469a72
        855.000 ns	        84	800000d8	f0028553	fmv.w.x	f10,x5	  x5:0x7f7fffff f10=0x80469a72
        875.000 ns	        86	800000dc	7f8002b7	lui	x5,0x7f800	  x5=0x7f800000
        885.000 ns	        87	800000e0	fff28293	addi	x5,x5,-1	  x5:0x80469a72  x5=0x7f7fffff
        905.000 ns	        89	800000e4	f00285d3	fmv.w.x	f11,x5	  x5:0x80469a72 f11=0x7f7fffff
        925.000 ns	        91	800000e8	7f8002b7	lui	x5,0x7f800	  x5=0x7f800000
        935.000 ns	        92	800000ec	fff28293	addi	x5,x5,-1	  x5:0x7f7fffff  x5=0x7f7fffff
        955.000 ns	        94	800000f0	f0028653	fmv.w.x	f12,x5	  x5:0x7f7fffff f12=0x7f7fffff
        975.000 ns	        96	800000f4	7fc002b7	lui	x5,0x7fc00	  x5=0x7fc00000
        995.000 ns	        98	800000f8	f00286d3	fmv.w.x	f13,x5	  x5:0x7f7fffff f13=0x7fc00000
       1015.000 ns	       100	800000fc	800002b7	lui	x5,0x80000	  x5=0x80000000
       1035.000 ns	       102	80000100	f0028753	fmv.w.x	f14,x5	  x5:0x7fc00000 f14=0x80000000
       1055.000 ns	       104	80000104	e318b2b7	lui	x5,0xe318b	  x5=0xe318b000
       1065.000 ns	       105	80000108	56328293	addi	x5,x5,1379	  x5:0x80000000  x5=0xe318b563
       1085.000 ns	       107	8000010c	f00287d3	fmv.w.x	f15,x5	  x5:0x80000000 f15=0xe318b563
       1105.000 ns	       109	80000110	0034d2b7	lui	x5,0x34d	  x5=0x0034d000
       1115.000 ns	       110	80000114	71328293	addi	x5,x5,1811	  x5:0xe318b563  x5=0x0034d713
       1135.000 ns	       112	80000118	f0028853	fmv.w.x	f16,x5	  x5:0xe318b563 f16=0x0034d713
       1155.000 ns	       114	8000011c	6ee062b7	lui	x5,0x6ee06	  x5=0x6ee06000
       1165.000 ns	       115	80000120	1b128293	addi	x5,x5,433	  x5:0x0034d713  x5=0x6ee061b1
       1185.000 ns	       117	80000124	f00288d3	fmv.w.x	f17,x5	  x5:0x0034d713 f17=0x6ee061b1
       1205.000 ns	       119	80000128	003642b7	lui	x5,0x364	  x5=0x00364000
       1215.000 ns	       120	8000012c	36c28293	addi	x5,x5,876	  x5:0x6ee061b1  x5=0x0036436c
       1235.000 ns	       122	80000130	f0028953	fmv.w.x	f18,x5	  x5:0x6ee061b1 f18=0x0036436c
       1255.000 ns	       124	80000134	7f8002b7	lui	x5,0x7f800	  x5=0x7f800000
       1265.000 ns	       125	80000138	fff28293	addi	x5,x5,-1	  x5:0x0036436c  x5=0x7f7fffff
       1285.000 ns	       127	8000013c	f00289d3	fmv.w.x	f19,x5	  x5:0x0036436c f19=0x7f7fffff
       1305.000 ns	       129	80000140	7f8002b7	lui	x5,0x7f800	  x5=0x7f800000
       1315.000 ns	       130	80000144	fff28293	addi	x5,x5,-1	  x5:0x7f7fffff  x5=0x7f7fffff
       1335.000 ns	       132	80000148	f0028a53	fmv.w.x	f20,x5	  x5:0x7f7fffff f20=0x7f7fffff
       1355.000 ns	       134	8000014c	7fc002b7	lui	x5,0x7fc00	  x5=0x7fc00000
       1375.000 ns	       136	80000150	f0028ad3	fmv.w.x	f21,x5	  x5:0x7f7fffff f21=0x7fc00000
       1395.000 ns	       138	80000154	00000293	addi	x5,x0,0	  x0:0x00000000  x5=0x00000000
       1415.000 ns	       140	80000158	f0028b53	fmv.w.x	f22,x5	  x5:0x7fc00000 f22=0x00000000
       1435.000 ns	       142	8000015c	800002b7	lui	x5,0x80000	  x5=0x80000000
       1455.000 ns	       144	80000160	f0028bd3	fmv.w.x	f23,x5	  x5:0x00000000 f23=0x80000000
       1475.000 ns	       146	80000164	7fc002b7	lui	x5,0x7fc00	  x5=0x7fc00000
       1495.000 ns	       148	80000168	f0028c53	fmv.w.x	f24,x5	  x5:0x80000000 f24=0x7fc00000
       1515.000 ns	       150	8000016c	2f4fd2b7	lui	x5,0x2f4fd	  x5=0x2f4fd000
       1525.000 ns	       151	80000170	37228293	addi	x5,x5,882	  x5:0x7fc00000  x5=0x2f4fd372
       1545.000 ns	       153	80000174	f0028cd3	fmv.w.x	f25,x5	  x5:0x7fc00000 f25=0x2f4fd372
       1565.000 ns	       155	80000178	7fc002b7	lui	x5,0x7fc00	  x5=0x7fc00000
       1585.000 ns	       157	8000017c	f0028d53	fmv.w.x	f26,x5	  x5:0x2f4fd372 f26=0x7fc00000
       1605.000 ns	       159	80000180	8013d2b7	lui	x5,0x8013d	  x5=0x8013d000
       1615.000 ns	       160	80000184	85528293	addi	x5,x5,-1963	  x5:0x7fc00000  x5=0x8013c855
       1635.000 ns	       162	80000188	f0028dd3	fmv.w.x	f27,x5	  x5:0x7fc00000 f27=0x8013c855
       1655.000 ns	       164	8000018c	7f8002b7	lui	x5,0x7f800	  x5=0x7f800000
       1665.000 ns	       165	80000190	00128293	addi	x5,x5,1	  x5:0x8013c855  x5=0x7f800001
       1685.000 ns	       167	80000194	f0028e53	fmv.w.x	f28,x5	  x5:0x8013c855 f28=0x7f800001
       1705.000 ns	       169	80000198	800002b7	lui	x5,0x80000	  x5=0x80000000
       1725.000 ns	       171	8000019c	f0028ed3	fmv.w.x	f29,x5	  x5:0x7f800001 f29=0x80000000
       1745.000 ns	       173	800001a0	8052c2b7	lui	x5,0x8052c	  x5=0x8052c000
       1755.000 ns	       174	800001a4	89428293	addi	x5,x5,-1900	  x5:0x80000000  x5=0x8052b894
       1775.000 ns	       176	800001a8	f0028f53	fmv.w.x	f30,x5	  x5:0x80000000 f30=0x8052b894
       1795.000 ns	       178	800001ac	7f8002b7	lui	x5,0x7f800	  x5=0x7f800000
       1805.000 ns	       179	800001b0	00128293	addi	x5,x5,1	  x5:0x8052b894  x5=0x7f800001
       1825.000 ns	       181	800001b4	f0028fd3	fmv.w.x	f31,x5	  x5:0x8052b894 f31=0x7f800001
       1845.000 ns	       183	800001b8	00225073	csrrwi	x0,frm,4	
       1855.000 ns	       184	800001bc	00000013	addi	x0,x0,0	  x0:0x00000000
       1865.000 ns	       185	800001c0	00000093	addi	x1,x0,0	  x0:0x00000000  x1=0x00000000
       1875.000 ns	       186	800001c4	126f5137	lui	x2,0x126f5	  x2=0x126f5000
       1885.000 ns	       187	800001c8	2fb10113	addi	x2,x2,763	  x2:0x00000000  x2=0x126f52fb
       1895.000 ns	       188	800001cc	00000193	addi	x3,x0,0	  x0:0x00000000  x3=0x00000000
       1905.000 ns	       189	800001d0	00000213	addi	x4,x0,0	  x0:0x00000000  x4=0x00000000
       1915.000 ns	       190	800001d4	00000293	addi	x5,x0,0	  x0:0x00000000  x5=0x00000000
       1925.000 ns	       191	800001d8	00000313	addi	x6,x0,0	  x0:0x00000000  x6=0x00000000
       1935.000 ns	       192	800001dc	800003b7	lui	x7,0x80000	  x7=0x80000000
       1945.000 ns	       193	800001e0	00000493	addi	x9,x0,0	  x0:0x00000000  x9=0x00000000
       1955.000 ns	       194	800001e4	00000513	addi	x10,x0,0	  x0:0x00000000 x10=0x00000000
       1965.000 ns	       195	800001e8	a4de3637	lui	x12,0xa4de3	 x12=0xa4de3000
       1975.000 ns	       196	800001ec	fa960613	addi	x12,x12,-87	 x12:0x00000000 x12=0xa4de2fa9
       1985.000 ns	       197	800001f0	fd61c6b7	lui	x13,0xfd61c	 x13=0xfd61c000
       1995.000 ns	       198	800001f4	f5668693	addi	x13,x13,-170	 x13:0x00000000 x13=0xfd61bf56
       2005.000 ns	       199	800001f8	e5d9d737	lui	x14,0xe5d9d	 x14=0xe5d9d000
       2015.000 ns	       200	800001fc	c0c70713	addi	x14,x14,-1012	 x14:0x00000000 x14=0xe5d9cc0c
       2025.000 ns	       201	80000200	f9c147b7	lui	x15,0xf9c14	 x15=0xf9c14000
       2035.000 ns	       202	80000204	d1478793	addi	x15,x15,-748	 x15:0x80000018 x15=0xf9c13d14
       2045.000 ns	       203	80000208	ff56b837	lui	x16,0xff56b	 x16=0xff56b000
       2055.000 ns	       204	8000020c	0e880813	addi	x16,x16,232	 x16:0x00000000 x16=0xff56b0e8
       2065.000 ns	       205	80000210	fbd548b7	lui	x17,0xfbd54	 x17=0xfbd54000
       2075.000 ns	       206	80000214	e2688893	addi	x17,x17,-474	 x17:0x00000000 x17=0xfbd53e26
       2085.000 ns	       207	80000218	00900913	addi	x18,x0,9	  x0:0x00000000 x18=0x00000009
       2095.000 ns	       208	8000021c	f33ae9b7	lui	x19,0xf33ae	 x19=0xf33ae000
       2105.000 ns	       209	80000220	69198993	addi	x19,x19,1681	 x19:0x00000000 x19=0xf33ae691
       2115.000 ns	       210	80000224	00000a13	addi	x20,x0,0	  x0:0x00000000 x20=0x00000000
       2125.000 ns	       211	80000228	fd42fab7	lui	x21,0xfd42f	 x21=0xfd42f000
       2135.000 ns	       212	8000022c	390a8a93	addi	x21,x21,912	 x21:0x00000000 x21=0xfd42f390
       2145.000 ns	       213	80000230	00000b13	addi	x22,x0,0	  x0:0x00000000 x22=0x00000000
       2155.000 ns	       214	80000234	00b00b93	addi	x23,x0,11	  x0:0x00000000 x23=0x0000000b
       2165.000 ns	       215	80000238	00200c13	addi	x24,x0,2	  x0:0x00000000 x24=0x00000002
       2175.000 ns	       216	8000023c	80000cb7	lui	x25,0x80000	 x25=0x80000000
       2185.000 ns	       217	80000240	80000d37	lui	x26,0x80000	 x26=0x80000000
       2195.000 ns	       218	80000244	00000d93	addi	x27,x0,0	  x0:0x00000000 x27=0x00000000
       2205.000 ns	       219	80000248	b529ee37	lui	x28,0xb529e	 x28=0xb529e000
       2215.000 ns	       220	8000024c	946e0e13	addi	x28,x28,-1722	 x28:0x00000000 x28=0xb529d946
       2225.000 ns	       221	80000250	80000eb7	lui	x29,0x80000	 x29=0x80000000
       2235.000 ns	       222	80000254	3e7c4f37	lui	x30,0x3e7c4	 x30=0x3e7c4000
       2245.000 ns	       223	80000258	b56f0f13	addi	x30,x30,-1194	 x30:0x00000000 x30=0x3e7c3b56
       2255.000 ns	       224	8000025c	00000f93	addi	x31,x0,0	  x0:0x00000000 x31=0x00000000
       2265.000 ns	       225	80000260	00041417	auipc	x8,0x41	  x8=0x80041260
       2275.000 ns	       226	80000264	d8440413	addi	x8,x8,-636	  x8:0x00000000  x8=0x80040fe4
       2295.000 ns	       228	80000268	e0058253	fmv.x.w	x4,f11	 f11:0x7f7fffff  x4=0x7f7fffff
       2325.000 ns	       231	8000026c	03e63d33	mulhu	x26,x12,x30	 x12:0xa4de2fa9 x30:0x3e7c3b56 x26=0x283dd160
       2355.000 ns	       234	80000270	e0031a53	fclass.s	x20,f6	  f6:0xff800000 x20=0x00000001
       2375.000 ns	       236	80000274	01e29db3	sll	x27,x5,x30	  x5:0x00000000 x30:0x3e7c3b56 x27=0x00000000
       2385.000 ns	       237	80000278	00000013	addi	x0,x0,0	  x0:0x00000000
       2395.000 ns	       238	8000027c	3088b393	sltiu	x7,x17,776	 x17:0xfbd53e26  x7=0x00000000
       2415.000 ns	       240	80000280	a0012c53	feq.s	x24,f2,f0	  f2:0xff7fffff  f0:0xaff16fb8 x24=0x00000000
       2435.000 ns	       242	80000284	01c29833	sll	x16,x5,x28	  x5:0x00000000 x28:0xb529d946 x16=0x00000000
       2455.000 ns	       244	80000288	29cd8453	fmin.s	f8,f27,f28	 f27:0x8013c855 f28:0x7f800001  f8=0x8013c855
       2485.000 ns	       247	8000028c	c01bf9d3	fcvt.wu.s	x19,f23	 f23:0x80000000 x19=0x00000000
       2505.000 ns	       249	80000290	004106b3	add	x13,x2,x4	  x2:0x126f52fb  x4:0x7f7fffff x13=0x91ef52fa
       2525.000 ns	       251	80000294	026f7f33	remu	x30,x30,x6	 x30:0x3e7c3b56  x6:0x00000000 x30=0x3e7c3b56
       2545.000 ns	       253	80000298	01b97133	and	x2,x18,x27	 x18:0x00000009 x27:0x00000000  x2=0x00000000
       2555.000 ns	       254	8000029c	411f0d33	sub	x26,x30,x17	 x30:0x3e7c3b56 x17:0xfbd53e26 x26=0x42a6fd30
       2565.000 ns	       255	800002a0	7d78aa13	slti	x20,x17,2007	 x17:0xfbd53e26 x20=0x00000001
       2925.000 ns	       291	800002a4	032e7db3	remu	x27,x28,x18	 x28:0xb529d946 x18:0x00000009 x27=0x00000002
       2955.000 ns	       294	800002a8	d01a7453	fcvt.s.wu	f8,x20	 x20:0x00000001  f8=0x3f800000
       2985.000 ns	       297	800002ac	023f18b3	mulh	x17,x30,x3	 x30:0x3e7c3b56  x3:0x00000000 x17=0x00000000
       3015.000 ns	       300	800002b0	a08a8bd3	fle.s	x23,f21,f8	 f21:0x7fc00000  f8:0x3f800000 x23=0x00000000
       3045.000 ns	       303	800002b4	a088aa53	feq.s	x20,f17,f8	 f17:0x6ee061b1  f8:0x3f800000 x20=0x00000000
       3075.000 ns	       306	800002b8	d00c7c53	fcvt.s.w	f24,x24	 x24:0x00000000 f24=0x00000000
       3105.000 ns	       309	800002bc	c00a81d3	fcvt.w.s	x3,f21	 f21:0x7fc00000  x3=0x7fffffff
       3135.000 ns	       312	800002c0	02737bb3	remu	x23,x6,x7	  x6:0x00000000  x7:0x00000000 x23=0x00000000
       3155.000 ns	       314	800002c4	4173db33	sra	x22,x7,x23	  x7:0x00000000 x23:0x00000000 x22=0x00000000
       3175.000 ns	       316	800002c8	03dbbb33	mulhu	x22,x23,x29	 x23:0x00000000 x29:0x80000000 x22=0x00000000
       3195.000 ns	       318	800002cc	e8776293	ori	x5,x14,-377	 x14:0xe5d9cc0c  x5=0xfffffe8f
       3225.000 ns	       321	800002d0	112e7753	fmul.s	f14,f28,f18	 f28:0x7f800001 f18:0x0036436c f14=0x7fc00000
       3255.000 ns	       324	800002d4	e00c91d3	fclass.s	x3,f25	 f25:0x2f4fd372  x3=0x00000040
       3275.000 ns	       326	800002d8	ad3d8c93	addi	x25,x27,-1325	 x27:0x00000002 x25=0xfffffad5
       3295.000 ns	       328	800002dc	033b8133	mul	x2,x23,x19	 x23:0x00000000 x19:0x00000000  x2=0x00000000
       3315.000 ns	       330	800002e0	0016c6b3	xor	x13,x13,x1	 x13:0x91ef52fa  x1:0x00000000 x13=0x91ef52fa
       3325.000 ns	       331	800002e4	bd3de397	auipc	x7,0xbd3de	  x7=0x3d3de2e4
       3345.000 ns	       333	800002e8	201f1a53	fsgnjn.s	f20,f30,f1	 f30:0x8052b894  f1:0xff7fffff f20=0x0052b894
       3375.000 ns	       336	800002ec	c0107f53	fcvt.wu.s	x30,f0	  f0:0xaff16fb8 x30=0x00000000
       3405.000 ns	       339	800002f0	02b13f33	mulhu	x30,x2,x11	  x2:0x00000000 x11:0x80041024 x30=0x00000000
       3435.000 ns	       342	800002f4	a05121d3	feq.s	x3,f2,f5	  f2:0xff7fffff  f5:0xf87bcebd  x3=0x00000000
       3465.000 ns	       345	800002f8	d006ff53	fcvt.s.w	f30,x13	 x13:0x91ef52fa f30=0xcedc215a
       3495.000 ns	       348	800002fc	02ec1d33	mulh	x26,x24,x14	 x24:0x00000000 x14:0xe5d9cc0c x26=0x00000000
       3525.000 ns	       351	80000300	a1bb8fd3	fle.s	x31,f23,f27	 f23:0x80000000 f27:0x8013c855 x31=0x00000000
       3555.000 ns	       354	80000304	0335de33	divu	x28,x11,x19	 x11:0x80041024 x19:0x00000000 x28=0xffffffff
       3595.000 ns	       358	80000308	1967fb53	fdiv.s	f22,f15,f22	 f15:0xe318b563 f22:0x00000000 f22=0xff800000
       3625.000 ns	       361	8000030c	03a410b3	mulh	x1,x8,x26	  x8:0x80040fe4 x26:0x00000000  x1=0x00000000
       3655.000 ns	       364	80000310	f00a8d53	fmv.w.x	f26,x21	 x21:0xfd42f390 f26=0xfd42f390
       3705.000 ns	       369	80000314	0977f253	fsub.s	f4,f15,f23	 f15:0xe318b563 f23:0x80000000  f4=0xe318b563
       3735.000 ns	       372	80000318	a10d20d3	feq.s	x1,f26,f16	 f26:0xfd42f390 f16:0x0034d713  x1=0x00000000
       3755.000 ns	       374	8000031c	4148da33	sra	x20,x17,x20	 x17:0x00000000 x20:0x00000000 x20=0x00000000
       3765.000 ns	       375	80000320	00000013	addi	x0,x0,0	  x0:0x00000000
       3785.000 ns	       377	80000324	030ec6b3	div	x13,x29,x16	 x29:0x80000000 x16:0x00000000 x13=0xffffffff
       3805.000 ns	       379	80000328	011a9f93	slli	x31,x21,0x11	 x21:0xfd42f390 x31=0xe7200000
       3825.000 ns	       381	8000032c	2109ac53	fsgnjx.s	f24,f19,f16	 f19:0x7f7fffff f16:0x0034d713 f24=0x7f7fffff
       3845.000 ns	       383	80000330	01028633	add	x12,x5,x16	  x5:0xfffffe8f x16:0x00000000 x12=0xfffffe8f
       3865.000 ns	       385	80000334	a13ba153	feq.s	x2,f23,f19	 f23:0x80000000 f19:0x7f7fffff  x2=0x00000000
       3885.000 ns	       387	80000338	0186dbb3	srl	x23,x13,x24	 x13:0xffffffff x24:0x00000000 x23=0xffffffff
       3905.000 ns	       389	8000033c	28bc15d3	fmax.s	f11,f24,f11	 f24:0x7f7fffff f11:0x7f7fffff f11=0x7f7fffff
       3935.000 ns	       392	80000340	a0680153	fle.s	x2,f16,f6	 f16:0x0034d713  f6:0xff800000  x2=0x00000000
       3955.000 ns	       394	80000344	5d4c4893	xori	x17,x24,1492	 x24:0x00000000 x17=0x000005d4
       3975.000 ns	       396	80000348	02166c33	rem	x24,x12,x1	 x12:0xfffffe8f  x1:0x00000000 x24=0xfffffe8f
       3995.000 ns	       398	8000034c	015c60b3	or	x1,x24,x21	 x24:0x00000000 x21:0xfd42f390  x1=0xffffff9f
       4015.000 ns	       400	80000350	02931ab3	mulh	x21,x6,x9	  x6:0x00000000  x9:0x00000000 x21=0x00000000
       4035.000 ns	       402	80000354	0196db33	srl	x22,x13,x25	 x13:0xffffffff x25:0xfffffad5 x22=0x000007ff
       4045.000 ns	       403	80000358	01c23933	sltu	x18,x4,x28	  x4:0x7f7fffff x28:0xffffffff x18=0x00000001
       4075.000 ns	       406	8000035c	101b71d3	fmul.s	f3,f22,f1	 f22:0xff800000  f1:0xff7fffff  f3=0x7f800000
       4095.000 ns	       408	80000360	41c65c93	srai	x25,x12,0x1c	 x12:0xfffffe8f x25=0xffffffff
       4105.000 ns	       409	80000364	015491b3	sll	x3,x9,x21	  x9:0x00000000 x21:0x00000000  x3=0x00000000
       4135.000 ns	       412	80000368	580e29d3	fsqrt.s	f19,f28	 f28:0x7f800001 f19=0x7fc00000
       4165.000 ns	       415	8000036c	0351bdb3	mulhu	x27,x3,x21	  x3:0x00000000 x21:0x00000000 x27=0x00000000
       4535.000 ns	       452	80000370	027fd2b3	divu	x5,x31,x7	 x31:0xe7200000  x7:0x3d3de2e4  x5=0x00000003
       4575.000 ns	       456	80000374	104bf1d3	fmul.s	f3,f23,f4	 f23:0x80000000  f4:0xe318b563  f3=0x00000000
       4595.000 ns	       458	80000378	015f3b33	sltu	x22,x30,x21	 x30:0x00000000 x21:0x00000000 x22=0x00000000
       4605.000 ns	       459	8000037c	019f53b3	srl	x7,x30,x25	 x30:0x00000000 x25:0xffffffff  x7=0x00000000
       4625.000 ns	       461	80000380	03ebdf33	divu	x30,x23,x30	 x23:0xffffffff x30:0x00000000 x30=0xffffffff
       4675.000 ns	       466	80000384	08687853	fsub.s	f16,f16,f6	 f16:0x0034d713  f6:0xff800000 f16=0x7f800000
       4695.000 ns	       468	80000388	2da9c513	xori	x10,x19,730	 x19:0x00000000 x10=0x000002da
       4715.000 ns	       470	8000038c	d00e74d3	fcvt.s.w	f9,x28	 x28:0xffffffff  f9=0xbf800000
       5085.000 ns	       507	80000390	02ad7333	remu	x6,x26,x10	 x26:0x00000000 x10:0x00000000  x6=0x00000000
       5125.000 ns	       511	80000394	117a1bd3	fmul.s	f23,f20,f23	 f20:0x0052b894 f23:0x80000000 f23=0x80000000
       5145.000 ns	       513	80000398	000cf8b3	and	x17,x25,x0	 x25:0xffffffff  x0:0x00000000 x17=0x00000000
       5175.000 ns	       516	8000039c	580af353	fsqrt.s	f6,f21	 f21:0x7fc00000  f6=0x7fc00000
       5205.000 ns	       519	800003a0	299384d3	fmin.s	f9,f7,f25	  f7:0x0041cfae f25:0x2f4fd372  f9=0x0041cfae
       5235.000 ns	       522	800003a4	e00b9153	fclass.s	x2,f23	 f23:0x80000000  x2=0x00000008
       5265.000 ns	       525	800003a8	e0070853	fmv.x.w	x16,f14	 f14:0x7fc00000 x16=0x7fc00000
       5285.000 ns	       527	800003ac	003affb3	and	x31,x21,x3	 x21:0x00000000  x3:0x00000000 x31=0x00000000
       5305.000 ns	       529	800003b0	a0db0b53	fle.s	x22,f22,f13	 f22:0xff800000 f13:0x7fc00000 x22=0x00000000
       5335.000 ns	       532	800003b4	e00b1253	fclass.s	x4,f22	 f22:0xff800000  x4=0x00000001
       5365.000 ns	       535	800003b8	d01918d3	fcvt.s.wu	f17,x18	 x18:0x00000001 f17=0x3f800000
       5385.000 ns	       537	800003bc	01009013	slli	x0,x1,0x10	  x1:0xffffff9f
       5405.000 ns	       539	800003c0	d00179d3	fcvt.s.w	f19,x2	  x2:0x00000008 f19=0x41000000
       5425.000 ns	       541	800003c4	010a13b3	sll	x7,x20,x16	 x20:0x00000000 x16:0x7fc00000  x7=0x00000000
       5785.000 ns	       577	800003c8	02a54f33	div	x30,x10,x10	 x10:0x000002da x10:0x000002da x30=0x00000001
       5815.000 ns	       580	800003cc	c01cf0d3	fcvt.wu.s	x1,f25	 f25:0x2f4fd372  x1=0x00000000
       5855.000 ns	       584	800003d0	115177d3	fmul.s	f15,f2,f21	  f2:0xff7fffff f21:0x7fc00000 f15=0x7fc00000
       5885.000 ns	       587	800003d4	f0080ed3	fmv.w.x	f29,x16	 x16:0x7fc00000 f29=0x7fc00000
       5905.000 ns	       589	800003d8	c5b5bf93	sltiu	x31,x11,-933	 x11:0x80041024 x31=0x00000001
       5915.000 ns	       590	800003dc	0111ca33	xor	x20,x3,x17	  x3:0x00000000 x17:0x00000000 x20=0x00000000
       5935.000 ns	       592	800003e0	d01df753	fcvt.s.wu	f14,x27	 x27:0x00000000 f14=0x00000000
       5965.000 ns	       595	800003e4	e00c1653	fclass.s	x12,f24	 f24:0x7f7fffff x12=0x00000040
       5985.000 ns	       597	800003e8	00000013	addi	x0,x0,0	  x0:0x00000000
       6005.000 ns	       599	800003ec	20c614d3	fsgnjn.s	f9,f12,f12	 f12:0x7f7fffff f12:0x7f7fffff  f9=0xff7fffff
       6025.000 ns	       601	800003f0	00000013	addi	x0,x0,0	  x0:0x00000000
       6035.000 ns	       602	800003f4	4f88f613	andi	x12,x17,1272	 x17:0x00000000 x12=0x00000000
       6045.000 ns	       603	800003f8	011b0633	add	x12,x22,x17	 x22:0x00000000 x17:0x00000000 x12=0x00000000
       6065.000 ns	       605	800003fc	a0c08cd3	fle.s	x25,f1,f12	  f1:0xff7fffff f12:0x7f7fffff x25=0x00000001
       6085.000 ns	       607	80000400	00976ab3	or	x21,x14,x9	 x14:0xe5d9cc0c  x9:0x00000000 x21=0xe5d9cc0c
       6105.000 ns	       609	80000404	e0090cd3	fmv.x.w	x25,f18	 f18:0x0036436c x25=0x0036436c
       6135.000 ns	       612	80000408	2013a0d3	fsgnjx.s	f1,f7,f1	  f7:0x0041cfae  f1:0xff7fffff  f1=0x8041cfae
       6155.000 ns	       614	8000040c	36a6f613	andi	x12,x13,874	 x13:0xffffffff x12=0x0000036a
       6175.000 ns	       616	80000410	03a35eb3	divu	x29,x6,x26	  x6:0x00000000 x26:0x00000000 x29=0xffffffff
       6205.000 ns	       619	80000414	e0069153	fclass.s	x2,f13	 f13:0x7fc00000  x2=0x00000200
       6575.000 ns	       656	80000418	03996733	rem	x14,x18,x25	 x18:0x00000001 x25:0x0036436c x14=0x00000001
       6605.000 ns	       659	8000041c	a09e91d3	flt.s	x3,f29,f9	 f29:0x7fc00000  f9:0xff7fffff  x3=0x00000000
       6635.000 ns	       662	80000420	d01273d3	fcvt.s.wu	f7,x4	  x4:0x00000001  f7=0x3f800000
       6665.000 ns	       665	80000424	293287d3	fmin.s	f15,f5,f19	  f5:0xf87bcebd f19:0x41000000 f15=0xf87bcebd
       6715.000 ns	       670	80000428	01828c53	fadd.s	f24,f5,f24	  f5:0xf87bcebd f24:0x7f7fffff f24=0x7f7ffc10
       6755.000 ns	       674	8000042c	11bd7053	fmul.s	f0,f26,f27	 f26:0xfd42f390 f27:0x8013c855  f0=0x3cf10a2c
       7125.000 ns	       711	80000430	03287533	remu	x10,x16,x18	 x16:0x7fc00000 x18:0x00000001 x10=0x00000000
       7165.000 ns	       715	80000434	580d7253	fsqrt.s	f4,f26	 f26:0xfd42f390  f4=0x7fc00000
       7185.000 ns	       717	80000438	0018f333	and	x6,x17,x1	 x17:0x00000000  x1:0x00000000  x6=0x00000000
       7205.000 ns	       719	8000043c	02e438b3	mulhu	x17,x8,x14	  x8:0x80040fe4 x14:0x00000001 x17=0x00000000
       7235.000 ns	       722	80000440	03179ab3	mulh	x21,x15,x17	 x15:0xf9c13d14 x17:0x00000000 x21=0x00000000
       7255.000 ns	       724	80000444	e12a0f93	addi	x31,x20,-494	 x20:0x00000000 x31=0xfffffe12
       7265.000 ns	       725	80000448	c7ae8113	addi	x2,x29,-902	 x29:0xffffffff  x2=0xfffffc79
       7285.000 ns	       727	8000044c	026efcb3	remu	x25,x29,x6	 x29:0xffffffff  x6:0x00000000 x25=0xffffffff
       7315.000 ns	       730	80000450	e00706d3	fmv.x.w	x13,f14	 f14:0x00000000 x13=0x00000000
       7345.000 ns	       733	80000454	a17a1c53	flt.s	x24,f20,f23	 f20:0x0052b894 f23:0x80000000 x24=0x00000000
       7375.000 ns	       736	80000458	d008f253	fcvt.s.w	f4,x17	 x17:0x00000000  f4=0x00000000
       7745.000 ns	       773	8000045c	02fbdf33	divu	x30,x23,x15	 x23:0xffffffff x15:0xf9c13d14 x30=0x00000001
       7765.000 ns	       775	80000460	8f9a7b13	andi	x22,x20,-1799	 x20:0x00000000 x22=0x00000000
       7785.000 ns	       777	80000464	f0008453	fmv.w.x	f8,x1	  x1:0x00000000  f8=0x00000000
       7805.000 ns	       779	80000468	00000013	addi	x0,x0,0	  x0:0x00000000
       7815.000 ns	       780	8000046c	c5912193	slti	x3,x2,-935	  x2:0xfffffc79  x3=0x00000000
       7835.000 ns	       782	80000470	214a12d3	fsgnjn.s	f5,f20,f20	 f20:0x0052b894 f20:0x0052b894  f5=0x8052b894
       7855.000 ns	       784	80000474	00b35493	srli	x9,x6,0xb	  x6:0x00000000  x9=0x00000000
       7865.000 ns	       785	80000478	006f5613	srli	x12,x30,0x6	 x30:0x00000001 x12=0x00000000
       7895.000 ns	       788	8000047c	58048053	fsqrt.s	f0,f9	  f9:0xff7fffff  f0=0x7fc00000
       7915.000 ns	       790	80000480	cfb16313	ori	x6,x2,-773	  x2:0xfffffc79  x6=0xfffffcfb
       7925.000 ns	       791	80000484	418f8eb3	sub	x29,x31,x24	 x31:0xfffffe12 x24:0x00000000 x29=0xfffffe12
       7945.000 ns	       793	80000488	e00c02d3	fmv.x.w	x5,f24	 f24:0x7f7ffc10  x5=0x7f7ffc10
       7975.000 ns	       796	8000048c	e00711d3	fclass.s	x3,f14	 f14:0x00000000  x3=0x00000010
       8005.000 ns	       799	80000490	29ea83d3	fmin.s	f7,f21,f30	 f21:0x7fc00000 f30:0xcedc215a  f7=0xcedc215a
       8055.000 ns	       804	80000494	08007fd3	fsub.s	f31,f0,f0	  f0:0x7fc00000  f0:0x7fc00000 f31=0x7fc00000
       8075.000 ns	       806	80000498	c4af3d13	sltiu	x26,x30,-950	 x30:0x00000001 x26=0x00000001
       8085.000 ns	       807	8000049c	018e9f13	slli	x30,x29,0x18	 x29:0xfffffe12 x30=0x12000000
       8095.000 ns	       808	800004a0	0159ddb3	srl	x27,x19,x21	 x19:0x00000000 x21:0x00000000 x27=0x00000000
       8105.000 ns	       809	800004a4	ce687113	andi	x2,x16,-794	 x16:0x7fc00000  x2=0x7fc00000
       8125.000 ns	       811	800004a8	c01a7b53	fcvt.wu.s	x22,f20	 f20:0x0052b894 x22=0x00000000
       8155.000 ns	       814	800004ac	03bdf833	remu	x16,x27,x27	 x27:0x00000000 x27:0x00000000 x16=0x00000000
       8175.000 ns	       816	800004b0	00cdf033	and	x0,x27,x12	 x27:0x00000000 x12:0x00000000
       8195.000 ns	       818	800004b4	c01271d3	fcvt.wu.s	x3,f4	  f4:0x00000000  x3=0x00000000
       8565.000 ns	       855	800004b8	03e6dbb3	divu	x23,x13,x30	 x13:0x00000000 x30:0x12000000 x23=0x00000000
       8935.000 ns	       892	800004bc	02236333	rem	x6,x6,x2	  x6:0xfffffcfb  x2:0x7fc00000  x6=0xfffffcfb
       8965.000 ns	       895	800004c0	e00b9353	fclass.s	x6,f23	 f23:0x80000000  x6=0x00000008
       8995.000 ns	       898	800004c4	02de6ab3	rem	x21,x28,x13	 x28:0xffffffff x13:0x00000000 x21=0xffffffff
       9015.000 ns	       900	800004c8	006e74b3	and	x9,x28,x6	 x28:0xffffffff  x6:0x00000008  x9=0x00000008
       9035.000 ns	       902	800004cc	a1c59dd3	flt.s	x27,f11,f28	 f11:0x7f7fffff f28:0x7f800001 x27=0x00000000
       9405.000 ns	       939	800004d0	02b25233	divu	x4,x4,x11	  x4:0x00000001 x11:0x80041024  x4=0x00000000
       9425.000 ns	       941	800004d4	01c65cb3	srl	x25,x12,x28	 x12:0x00000000 x28:0xffffffff x25=0x00000000
       9435.000 ns	       942	800004d8	a1698493	addi	x9,x19,-1514	 x19:0x00000000  x9=0xfffffa16
       9445.000 ns	       943	800004dc	013e4ab3	xor	x21,x28,x19	 x28:0xffffffff x19:0x00000000 x21=0xffffffff
       9475.000 ns	       946	800004e0	18857653	fdiv.s	f12,f10,f8	 f10:0x80469a72  f8:0x00000000 f12=0xff800000
       9495.000 ns	       948	800004e4	d969bc97	auipc	x25,0xd969b	 x25=0x5969b4e4
       9505.000 ns	       949	800004e8	bed93513	sltiu	x10,x18,-1043	 x18:0x00000001 x10=0x00000001
       9515.000 ns	       950	800004ec	4096d713	srai	x14,x13,0x9	 x13:0x00000000 x14=0x00000000
       9545.000 ns	       953	800004f0	104973d3	fmul.s	f7,f18,f4	 f18:0x0036436c  f4:0x00000000  f7=0x00000000
       9575.000 ns	       956	800004f4	c0009053	fcvt.w.s	x0,f1	  f1:0x8041cfae
       9605.000 ns	       959	800004f8	03a32933	mulhsu	x18,x6,x26	  x6:0x00000008 x26:0x00000001 x18=0x00000000
       9625.000 ns	       961	800004fc	01385033	srl	x0,x16,x19	 x16:0x00000000 x19:0x00000000
       9635.000 ns	       962	80000500	40775bb3	sra	x23,x14,x7	 x14:0x00000000  x7:0x00000000 x23=0x00000000
       9645.000 ns	       963	80000504	8f246d13	ori	x26,x8,-1806	  x8:0x80040fe4 x26=0xfffffff6
       9655.000 ns	       964	80000508	417ed913	srai	x18,x29,0x17	 x29:0xfffffe12 x18=0xffffffff
       9665.000 ns	       965	8000050c	01e25233	srl	x4,x4,x30	  x4:0x00000000 x30:0x12000000  x4=0x00000000
       9685.000 ns	       967	80000510	a1e1a953	feq.s	x18,f3,f30	  f3:0x00000000 f30:0xcedc215a x18=0x00000000
       9715.000 ns	       970	80000514	d018f053	fcvt.s.wu	f0,x17	 x17:0x00000000  f0=0x00000000
       9745.000 ns	       973	80000518	e00984d3	fmv.x.w	x9,f19	 f19:0x41000000  x9=0x41000000
       9775.000 ns	       976	8000051c	d013b8d3	fcvt.s.wu	f17,x7	  x7:0x00000000 f17=0x00000000
       9805.000 ns	       979	80000520	a0ac10d3	flt.s	x1,f24,f10	 f24:0x7f7ffc10 f10:0x80469a72  x1=0x00000000
       9825.000 ns	       981	80000524	401b02b3	sub	x5,x22,x1	 x22:0x00000000  x1:0x00000000  x5=0x00000000
       9835.000 ns	       982	80000528	009052b3	srl	x5,x0,x9	  x0:0x00000000  x9:0x41000000  x5=0x00000000
       9855.000 ns	       984	8000052c	0295b4b3	mulhu	x9,x11,x9	 x11:0x80041024  x9:0x41000000  x9=0x20810819
       9885.000 ns	       987	80000530	a0c09cd3	flt.s	x25,f1,f12	  f1:0x8041cfae f12:0xff800000 x25=0x00000000
       9905.000 ns	       989	80000534	01631713	slli	x14,x6,0x16	  x6:0x00000008 x14=0x02000000
       9945.000 ns	       993	80000538	00687453	fadd.s	f8,f16,f6	 f16:0x7f800000  f6:0x7fc00000  f8=0x7fc00000
       9965.000 ns	       995	8000053c	4970ce93	xori	x29,x1,1175	  x1:0x00000000 x29=0x00000497
       9985.000 ns	       997	80000540	c01894d3	fcvt.wu.s	x9,f17	 f17:0x00000000  x9=0x00000000
      10005.000 ns	       999	80000544	8619aa13	slti	x20,x19,-1951	 x19:0x00000000 x20=0x00000000
      10015.000 ns	      1000	80000548	00c0df93	srli	x31,x1,0xc	  x1:0x00000000 x31=0x00000000
      10375.000 ns	      1036	8000054c	02e87ab3	remu	x21,x16,x14	 x16:0x00000000 x14:0x02000000 x21=0x00000000
      10395.000 ns	      1038	80000550	41c90233	sub	x4,x18,x28	 x18:0x00000000 x28:0xffffffff  x4=0x00000001
      10405.000 ns	      1039	80000554	00000013	addi	x0,x0,0	  x0:0x00000000
      10415.000 ns	      1040	80000558	41b05133	sra	x2,x0,x27	  x0:0x00000000 x27:0x00000000  x2=0x00000000
      10425.000 ns	      1041	8000055c	00164eb3	xor	x29,x12,x1	 x12:0x00000000  x1:0x00000000 x29=0x00000000
      10445.000 ns	      1043	80000560	f0070153	fmv.w.x	f2,x14	 x14:0x02000000  f2=0x02000000
      10475.000 ns	      1046	80000564	025f3533	mulhu	x10,x30,x5	 x30:0x12000000  x5:0x00000000 x10=0x00000000
      10505.000 ns	      1049	80000568	a11d28d3	feq.s	x17,f26,f17	 f26:0xfd42f390 f17:0x00000000 x17=0x00000000
      10525.000 ns	      1051	8000056c	40eb5e33	sra	x28,x22,x14	 x22:0x00000000 x14:0x02000000 x28=0x00000000
      10545.000 ns	      1053	80000570	f0058cd3	fmv.w.x	f25,x11	 x11:0x80041024 f25=0x80041024
      10575.000 ns	      1056	80000574	21541253	fsgnjn.s	f4,f8,f21	  f8:0x7fc00000 f21:0x7fc00000  f4=0xffc00000
      10595.000 ns	      1058	80000578	015340b3	xor	x1,x6,x21	  x6:0x00000008 x21:0x00000000  x1=0x00000008
      10635.000 ns	      1062	8000057c	089cf553	fsub.s	f10,f25,f9	 f25:0x80041024  f9:0xff7fffff f10=0x7f7fffff
      10655.000 ns	      1064	80000580	41c25bb3	sra	x23,x4,x28	  x4:0x00000001 x28:0x00000000 x23=0x00000001
      10675.000 ns	      1066	80000584	e00a93d3	fclass.s	x7,f21	 f21:0x7fc00000  x7=0x00000200
      10705.000 ns	      1069	80000588	d00670d3	fcvt.s.w	f1,x12	 x12:0x00000000  f1=0x00000000
      10745.000 ns	      1073	8000058c	580671d3	fsqrt.s	f3,f12	 f12:0xff800000  f3=0x7fc00000
      10765.000 ns	      1075	80000590	3b98cc13	xori	x24,x17,953	 x17:0x00000000 x24=0x000003b9
      10775.000 ns	      1076	80000594	00c82533	slt	x10,x16,x12	 x16:0x00000000 x12:0x00000000 x10=0x00000000
      10785.000 ns	      1077	80000598	4032dd13	srai	x26,x5,0x3	  x5:0x00000000 x26=0x00000000
      10825.000 ns	      1081	8000059c	081a7753	fsub.s	f14,f20,f1	 f20:0x0052b894  f1:0x00000000 f14=0x0052b894
      10845.000 ns	      1083	800005a0	8c83ad93	slti	x27,x7,-1848	  x7:0x00000200 x27=0x00000000
      10865.000 ns	      1085	800005a4	f00189d3	fmv.w.x	f19,x3	  x3:0x00000000 f19=0x00000000
      10895.000 ns	      1088	800005a8	a17d9cd3	flt.s	x25,f27,f23	 f27:0x8013c855 f23:0x80000000 x25=0x00000001
      10925.000 ns	      1091	800005ac	20d11853	fsgnjn.s	f16,f2,f13	  f2:0x02000000 f13:0x7fc00000 f16=0x82000000
      10945.000 ns	      1093	800005b0	00550ab3	add	x21,x10,x5	 x10:0x00000000  x5:0x00000000 x21=0x00000000
      10955.000 ns	      1094	800005b4	dbfb2a13	slti	x20,x22,-577	 x22:0x00000000 x20=0x00000000
      10965.000 ns	      1095	800005b8	40478733	sub	x14,x15,x4	 x15:0xf9c13d14  x4:0x00000001 x14=0xf9c13d13
      10975.000 ns	      1096	800005bc	01d471b3	and	x3,x8,x29	  x8:0x80040fe4 x29:0x00000000  x3=0x00000000
      10985.000 ns	      1097	800005c0	0046c733	xor	x14,x13,x4	 x13:0x00000000  x4:0x00000001 x14=0x00000001
      10995.000 ns	      1098	800005c4	40e35213	srai	x4,x6,0xe	  x6:0x00000008  x4=0x00000000
      11015.000 ns	      1100	800005c8	03de3a33	mulhu	x20,x28,x29	 x28:0x00000000 x29:0x00000000 x20=0x00000000
      11035.000 ns	      1102	800005cc	01864133	xor	x2,x12,x24	 x12:0x00000000 x24:0x000003b9  x2=0x000003b9
      11055.000 ns	      1104	800005d0	e00009d3	fmv.x.w	x19,f0	  f0:0x00000000 x19=0x00000000
      11085.000 ns	      1107	800005d4	024b9fb3	mulh	x31,x23,x4	 x23:0x00000001  x4:0x00000000 x31=0x00000000
      11105.000 ns	      1109	800005d8	00000013	addi	x0,x0,0	  x0:0x00000000
      11125.000 ns	      1111	800005dc	024c2333	mulhsu	x6,x24,x4	 x24:0x000003b9  x4:0x00000000  x6=0x00000000
      11175.000 ns	      1116	800005e0	00aefc53	fadd.s	f24,f29,f10	 f29:0x7fc00000 f10:0x7f7fffff f24=0x7fc00000
      11205.000 ns	      1119	800005e4	d017f353	fcvt.s.wu	f6,x15	 x15:0xf9c13d14  f6=0x4f79c13d
      11235.000 ns	      1122	800005e8	033c36b3	mulhu	x13,x24,x19	 x24:0x000003b9 x19:0x00000000 x13=0x00000000
      11255.000 ns	      1124	800005ec	413c86b3	sub	x13,x25,x19	 x25:0x00000001 x19:0x00000000 x13=0x00000001
      11265.000 ns	      1125	800005f0	00bb1ab3	sll	x21,x22,x11	 x22:0x00000000 x11:0x80041024 x21=0x00000000
      11275.000 ns	      1126	800005f4	00940333	add	x6,x8,x9	  x8:0x80040fe4  x9:0x00000000  x6=0x80040fe4
      11295.000 ns	      1128	800005f8	03039fb3	mulh	x31,x7,x16	  x7:0x00000200 x16:0x00000000 x31=0x00000000
      11325.000 ns	      1131	800005fc	03c69cb3	mulh	x25,x13,x28	 x13:0x00000001 x28:0x00000000 x25=0x00000000
      11345.000 ns	      1133	80000600	3ec88093	addi	x1,x17,1004	 x17:0x00000000  x1=0x000003ec
      11355.000 ns	      1134	80000604	41f98633	sub	x12,x19,x31	 x19:0x00000000 x31:0x00000000 x12=0x00000000
      11375.000 ns	      1136	80000608	d01abbd3	fcvt.s.wu	f23,x21	 x21:0x00000000 f23=0x00000000
      11395.000 ns	      1138	8000060c	1f844693	xori	x13,x8,504	  x8:0x80040fe4 x13=0x80040e1c
      11405.000 ns	      1139	80000610	c3b86013	ori	x0,x16,-965	 x16:0x00000000
      11445.000 ns	      1143	80000614	09109ed3	fsub.s	f29,f1,f17	  f1:0x00000000 f17:0x00000000 f29=0x80000000
      11475.000 ns	      1146	80000618	d017f2d3	fcvt.s.wu	f5,x15	 x15:0xf9c13d14  f5=0x4f79c13d
      11505.000 ns	      1149	8000061c	a04c19d3	flt.s	x19,f24,f4	 f24:0x7fc00000  f4:0xffc00000 x19=0x00000000
      11525.000 ns	      1151	80000620	01130f33	add	x30,x6,x17	  x6:0x80040fe4 x17:0x00000000 x30=0x80040fe4
      11545.000 ns	      1153	80000624	e00b1e53	fclass.s	x28,f22	 f22:0xff800000 x28=0x00000001
      11565.000 ns	      1155	80000628	983d4d13	xori	x26,x26,-1661	 x26:0x00000000 x26=0xfffff983
      11585.000 ns	      1157	8000062c	f0090053	fmv.w.x	f0,x18	 x18:0x00000000  f0=0x00000000
      11605.000 ns	      1159	80000630	deb4fe97	auipc	x29,0xdeb4f	 x29=0x5eb4f630
      11615.000 ns	      1160	80000634	66e4f993	andi	x19,x9,1646	  x9:0x00000000 x19=0x00000000
      11975.000 ns	      1196	80000638	03de5133	divu	x2,x28,x29	 x28:0x00000001 x29:0x00000000  x2=0x00000000
      12015.000 ns	      1200	8000063c	580eccd3	fsqrt.s	f25,f29	 f29:0x80000000 f25=0x80000000
      12035.000 ns	      1202	80000640	96710317	auipc	x6,0x96710	  x6=0x16710640
      12055.000 ns	      1204	80000644	0293b6b3	mulhu	x13,x7,x9	  x7:0x00000200  x9:0x00000000 x13=0x00000000
      12085.000 ns	      1207	80000648	e00f89d3	fmv.x.w	x19,f31	 f31:0x7fc00000 x19=0x7fc00000
      12105.000 ns	      1209	8000064c	418e03b3	sub	x7,x28,x24	 x28:0x00000001 x24:0x000003b9  x7=0xfffffc48
      12145.000 ns	      1213	80000650	005a4553	fadd.s	f10,f20,f5	 f20:0x0052b894  f5:0x4f79c13d f10=0x4f79c13d
      12175.000 ns	      1216	80000654	a14302d3	fle.s	x5,f6,f20	  f6:0x4f79c13d f20:0x0052b894  x5=0x00000000
      12205.000 ns	      1219	80000658	29411753	fmax.s	f14,f2,f20	  f2:0x02000000 f20:0x0052b894 f14=0x02000000
      12235.000 ns	      1222	8000065c	026e1533	mulh	x10,x28,x6	 x28:0x00000001  x6:0x16710640 x10=0x00000000
      12255.000 ns	      1224	80000660	01a48033	add	x0,x9,x26	  x9:0x00000000 x26:0xfffff983
      12285.000 ns	      1227	80000664	197b2153	fdiv.s	f2,f22,f23	 f22:0xff800000 f23:0x00000000  f2=0xff800000
      12315.000 ns	      1230	80000668	c0087c53	fcvt.w.s	x24,f16	 f16:0x82000000 x24=0x00000000
      12335.000 ns	      1232	8000066c	41a404b3	sub	x9,x8,x26	  x8:0x80040fe4 x26:0xfffff983  x9=0x80041661
      12355.000 ns	      1234	80000670	02cdac33	mulhsu	x24,x27,x12	 x27:0x00000000 x12:0x00000000 x24=0x00000000
      12375.000 ns	      1236	80000674	af02d197	auipc	x3,0xaf02d	  x3=0x2f02d674
      12395.000 ns	      1238	80000678	a148a1d3	feq.s	x3,f17,f20	 f17:0x00000000 f20:0x0052b894  x3=0x00000000
      12425.000 ns	      1241	8000067c	214f12d3	fsgnjn.s	f5,f30,f20	 f30:0xcedc215a f20:0x0052b894  f5=0xcedc215a
      12455.000 ns	      1244	80000680	d00f01d3	fcvt.s.w	f3,x30	 x30:0x80040fe4  f3=0xcefff7e0
      12475.000 ns	      1246	80000684	41a4d0b3	sra	x1,x9,x26	  x9:0x80041661 x26:0xfffff983  x1=0xf00082cc
      12485.000 ns	      1247	80000688	a39d23b7	lui	x7,0xa39d2	  x7=0xa39d2000
      12495.000 ns	      1248	8000068c	010f36b3	sltu	x13,x30,x16	 x30:0x80040fe4 x16:0x00000000 x13=0x00000000
      12515.000 ns	      1250	80000690	03539933	mulh	x18,x7,x21	  x7:0xfffffc48 x21:0x00000000 x18=0x00000000
      12545.000 ns	      1253	80000694	a0a2a853	feq.s	x16,f5,f10	  f5:0xcedc215a f10:0x4f79c13d x16=0x00000000
      12575.000 ns	      1256	80000698	a1c00653	fle.s	x12,f0,f28	  f0:0x00000000 f28:0x7f800001 x12=0x00000000
      13755.000 ns	      1374	8000069c	580a7f53	fsqrt.s	f30,f20	 f20:0x0052b894 f30=0x1f950091
      13785.000 ns	      1377	800006a0	034318b3	mulh	x17,x6,x20	  x6:0x16710640 x20:0x00000000 x17=0x00000000
      13805.000 ns	      1379	800006a4	00000013	addi	x0,x0,0	  x0:0x00000000
      13815.000 ns	      1380	800006a8	3a0b3d13	sltiu	x26,x22,928	 x22:0x00000000 x26=0x00000001
      13825.000 ns	      1381	800006ac	01299093	slli	x1,x19,0x12	 x19:0x7fc00000  x1=0x00000000
      13865.000 ns	      1385	800006b0	00607353	fadd.s	f6,f0,f6	  f0:0x00000000  f6:0x4f79c13d  f6=0x4f79c13d
      13885.000 ns	      1387	800006b4	01a1d113	srli	x2,x3,0x1a	  x3:0x00000000  x2=0x00000000
      13905.000 ns	      1389	800006b8	a00e04d3	fle.s	x9,f28,f0	 f28:0x7f800001  f0:0x00000000  x9=0x00000000
      13925.000 ns	      1391	800006bc	01f654b3	srl	x9,x12,x31	 x12:0x00000000 x31:0x00000000  x9=0x00000000
      13945.000 ns	      1393	800006c0	c004b853	fcvt.w.s	x16,f9	  f9:0xff7fffff x16=0x80000000
      13965.000 ns	      1395	800006c4	00fed0b3	srl	x1,x29,x15	 x29:0x5eb4f630 x15:0xf9c13d14  x1=0x000005eb
      13985.000 ns	      1397	800006c8	c017f253	fcvt.wu.s	x4,f15	 f15:0xf87bcebd  x4=0x00000000
      14005.000 ns	      1399	800006cc	019552b3	srl	x5,x10,x25	 x10:0x00000000 x25:0x00000000  x5=0x00000000
      14015.000 ns	      1400	800006d0	0053d4b3	srl	x9,x7,x5	  x7:0xa39d2000  x5:0x00000000  x9=0xa39d2000
      14025.000 ns	      1401	800006d4	f6b1f093	andi	x1,x3,-149	  x3:0x00000000  x1=0x00000000
      14035.000 ns	      1402	800006d8	0494c997	auipc	x19,0x494c	 x19=0x8494c6d8
      14055.000 ns	      1404	800006dc	d011fd53	fcvt.s.wu	f26,x3	  x3:0x00000000 f26=0x00000000
      14085.000 ns	      1407	800006e0	a0129253	flt.s	x4,f5,f1	  f5:0xcedc215a  f1:0x00000000  x4=0x00000001
      14105.000 ns	      1409	800006e4	d50f0a93	addi	x21,x30,-688	 x30:0x80040fe4 x21=0x80040d34
      14115.000 ns	      1410	800006e8	6e308513	addi	x10,x1,1763	  x1:0x00000000 x10=0x000006e3
      14125.000 ns	      1411	800006ec	01372033	slt	x0,x14,x19	 x14:0x00000001 x19:0x8494c6d8
      14145.000 ns	      1413	800006f0	e0009ad3	fclass.s	x21,f1	  f1:0x00000000 x21=0x00000010
      14165.000 ns	      1415	800006f4	018c8ab3	add	x21,x25,x24	 x25:0x00000000 x24:0x00000000 x21=0x00000000
      14185.000 ns	      1417	800006f8	28030e53	fmin.s	f28,f6,f0	  f6:0x4f79c13d  f0:0x00000000 f28=0x00000000
      14205.000 ns	      1419	800006fc	daa25237	lui	x4,0xdaa25	  x4=0xdaa25000
      14225.000 ns	      1421	80000700	a12300d3	fle.s	x1,f6,f18	  f6:0x4f79c13d f18:0x0036436c  x1=0x00000000
      14255.000 ns	      1424	80000704	a1869753	flt.s	x14,f13,f24	 f13:0x7fc00000 f24:0x7fc00000 x14=0x00000000
      14275.000 ns	      1426	80000708	01d84e33	xor	x28,x16,x29	 x16:0x80000000 x29:0x5eb4f630 x28=0xdeb4f630
      14285.000 ns	      1427	8000070c	00f79293	slli	x5,x15,0xf	 x15:0xf9c13d14  x5=0x9e8a0000
      14305.000 ns	      1429	80000710	02dc6c33	rem	x24,x24,x13	 x24:0x00000000 x13:0x00000000 x24=0x00000000
      14325.000 ns	      1431	80000714	017eb333	sltu	x6,x29,x23	 x29:0x5eb4f630 x23:0x00000001  x6=0x00000000
      14335.000 ns	      1432	80000718	6a581d17	auipc	x26,0x6a581	 x26=0xea581718
      14355.000 ns	      1434	8000071c	02551e33	mulh	x28,x10,x5	 x10:0x000006e3  x5:0x9e8a0000 x28=0xfffffd60
      14725.000 ns	      1471	80000720	027374b3	remu	x9,x6,x7	  x6:0x00000000  x7:0xa39d2000  x9=0x00000000
      14745.000 ns	      1473	80000724	0077cb13	xori	x22,x15,7	 x15:0xf9c13d14 x22=0xf9c13d13
      14755.000 ns	      1474	80000728	0036bd33	sltu	x26,x13,x3	 x13:0x00000000  x3:0x00000000 x26=0x00000000
      14765.000 ns	      1475	8000072c	5b80ce93	xori	x29,x1,1464	  x1:0x00000000 x29=0x000005b8
      14795.000 ns	      1478	80000730	580c7fd3	fsqrt.s	f31,f24	 f24:0x7fc00000 f31=0x7fc00000
      14825.000 ns	      1481	80000734	e00a9ad3	fclass.s	x21,f21	 f21:0x7fc00000 x21=0x00000200
      14855.000 ns	      1484	80000738	c01dc653	fcvt.wu.s	x12,f27	 f27:0x8013c855 x12=0x00000000
      14885.000 ns	      1487	8000073c	284082d3	fmin.s	f5,f1,f4	  f1:0x00000000  f4:0xffc00000  f5=0x00000000
      14905.000 ns	      1489	80000740	00823bb3	sltu	x23,x4,x8	  x4:0xdaa25000  x8:0x80040fe4 x23=0x00000000
      14925.000 ns	      1491	80000744	a0e991d3	flt.s	x3,f19,f14	 f19:0x00000000 f14:0x02000000  x3=0x00000001
      14955.000 ns	      1494	80000748	039a8a33	mul	x20,x21,x25	 x21:0x00000200 x25:0x00000000 x20=0x00000000
      14985.000 ns	      1497	8000074c	29cf1153	fmax.s	f2,f30,f28	 f30:0x1f950091 f28:0x00000000  f2=0x1f950091
      15015.000 ns	      1500	80000750	f00d0cd3	fmv.w.x	f25,x26	 x26:0x00000000 f25=0x00000000
      15045.000 ns	      1503	80000754	d0087cd3	fcvt.s.w	f25,x16	 x16:0x80000000 f25=0xcf000000
      15415.000 ns	      1540	80000758	02b46b33	rem	x22,x8,x11	  x8:0x80040fe4 x11:0x80041024 x22=0xffffffc0
      15445.000 ns	      1543	8000075c	20132ed3	fsgnjx.s	f29,f6,f1	  f6:0x4f79c13d  f1:0x00000000 f29=0x4f79c13d
      15475.000 ns	      1546	80000760	2137a5d3	fsgnjx.s	f11,f15,f19	 f15:0xf87bcebd f19:0x00000000 f11=0xf87bcebd
      15505.000 ns	      1549	80000764	20db0553	fsgnj.s	f10,f22,f13	 f22:0xff800000 f13:0x7fc00000 f10=0x7f800000
      15525.000 ns	      1551	80000768	00000013	addi	x0,x0,0	  x0:0x00000000
      15535.000 ns	      1552	8000076c	fd938993	addi	x19,x7,-39	  x7:0xa39d2000 x19=0xa39d1fd9
      15555.000 ns	      1554	80000770	a0e1a4d3	feq.s	x9,f3,f14	  f3:0xcefff7e0 f14:0x02000000  x9=0x00000000
      15585.000 ns	      1557	80000774	a1bd0ed3	fle.s	x29,f26,f27	 f26:0x00000000 f27:0x8013c855 x29=0x00000000
      15605.000 ns	      1559	80000778	00000013	addi	x0,x0,0	  x0:0x00000000
      15625.000 ns	      1561	8000077c	28a89353	fmax.s	f6,f17,f10	 f17:0x00000000 f10:0x7f800000  f6=0x7f800000
      15655.000 ns	      1564	80000780	02b08fb3	mul	x31,x1,x11	  x1:0x00000000 x11:0x80041024 x31=0x00000000
      15685.000 ns	      1567	80000784	a12f08d3	fle.s	x17,f30,f18	 f30:0x1f950091 f18:0x0036436c x17=0x00000000
      15705.000 ns	      1569	80000788	01f04bb3	xor	x23,x0,x31	  x0:0x00000000 x31:0x00000000 x23=0x00000000
      15715.000 ns	      1570	8000078c	c321ba93	sltiu	x21,x3,-974	  x3:0x00000001 x21=0x00000001
      15735.000 ns	      1572	80000790	a1809a53	flt.s	x20,f1,f24	  f1:0x00000000 f24:0x7fc00000 x20=0x00000000
      15765.000 ns	      1575	80000794	a0e02353	feq.s	x6,f0,f14	  f0:0x00000000 f14:0x02000000  x6=0x00000000
      16135.000 ns	      1612	80000798	0258efb3	rem	x31,x17,x5	 x17:0x00000000  x5:0x9e8a0000 x31=0x00000000
      16165.000 ns	      1615	8000079c	02949533	mulh	x10,x9,x9	  x9:0x00000000  x9:0x00000000 x10=0x00000000
      16185.000 ns	      1617	800007a0	0059d813	srli	x16,x19,0x5	 x19:0xa39d1fd9 x16=0x051ce8fe
      16195.000 ns	      1618	800007a4	01050533	add	x10,x10,x16	 x10:0x00000000 x16:0x80000000 x10=0x051ce8fe
      16525.000 ns	      1651	800007a8	190915d3	fdiv.s	f11,f18,f16	 f18:0x0036436c f16:0x82000000 f11=0xbd1936d8
      16555.000 ns	      1654	800007ac	20f98e53	fsgnj.s	f28,f19,f15	 f19:0x00000000 f15:0xf87bcebd f28=0x80000000
      16575.000 ns	      1656	800007b0	414dd733	sra	x14,x27,x20	 x27:0x00000000 x20:0x00000000 x14=0x00000000
      16585.000 ns	      1657	800007b4	01eada93	srli	x21,x21,0x1e	 x21:0x00000001 x21=0x00000000
      16605.000 ns	      1659	800007b8	c001c753	fcvt.w.s	x14,f3	  f3:0xcefff7e0 x14=0x80041000
      16625.000 ns	      1661	800007bc	00000013	addi	x0,x0,0	  x0:0x00000000
      16645.000 ns	      1663	800007c0	0226c633	div	x12,x13,x2	 x13:0x00000000  x2:0x00000000 x12=0xffffffff
      16675.000 ns	      1666	800007c4	03e63db3	mulhu	x27,x12,x30	 x12:0x00000000 x30:0x80040fe4 x27=0x80040fe3
      16705.000 ns	      1669	800007c8	03894033	div	x0,x18,x24	 x18:0x00000000 x24:0x00000000
      16735.000 ns	      1672	800007cc	203913d3	fsgnjn.s	f7,f18,f3	 f18:0x0036436c  f3:0xcefff7e0  f7=0x0036436c
      16755.000 ns	      1674	800007d0	7efeb713	sltiu	x14,x29,2031	 x29:0x00000000 x14=0x00000001
      16775.000 ns	      1676	800007d4	281610d3	fmax.s	f1,f12,f1	 f12:0xff800000  f1:0x00000000  f1=0x00000000
      16805.000 ns	      1679	800007d8	03afe1b3	rem	x3,x31,x26	 x31:0x00000000 x26:0x00000000  x3=0x00000000
      16825.000 ns	      1681	800007dc	007e9833	sll	x16,x29,x7	 x29:0x00000000  x7:0xa39d2000 x16=0x00000000
      16835.000 ns	      1682	800007e0	9b2af693	andi	x13,x21,-1614	 x21:0x00000000 x13=0x00000000
      16855.000 ns	      1684	800007e4	c0177fd3	fcvt.wu.s	x31,f14	 f14:0x02000000 x31=0x00000000
      16875.000 ns	      1686	800007e8	011ac8b3	xor	x17,x21,x17	 x21:0x00000000 x17:0x00000000 x17=0x00000000
      16895.000 ns	      1688	800007ec	031002b3	mul	x5,x0,x17	  x0:0x00000000 x17:0x00000000  x5=0x00000000
      16915.000 ns	      1690	800007f0	011d3db3	sltu	x27,x26,x17	 x26:0x00000000 x17:0x00000000 x27=0x00000000
      16955.000 ns	      1694	800007f4	014a3f53	fadd.s	f30,f20,f20	 f20:0x0052b894 f20:0x0052b894 f30=0x00257128
      16985.000 ns	      1697	800007f8	29f800d3	fmin.s	f1,f16,f31	 f16:0x82000000 f31:0x7fc00000  f1=0x82000000
      17015.000 ns	      1700	800007fc	033382b3	mul	x5,x7,x19	  x7:0xa39d2000 x19:0xa39d1fd9  x5=0x57102000
      17055.000 ns	      1704	80000800	580e1153	fsqrt.s	f2,f28	 f28:0x80000000  f2=0x80000000
      17085.000 ns	      1707	80000804	021236b3	mulhu	x13,x4,x1	  x4:0xdaa25000  x1:0x00000000 x13=0x00000000
      17105.000 ns	      1709	80000808	0148d113	srli	x2,x17,0x14	 x17:0x00000000  x2=0x00000000
      17115.000 ns	      1710	8000080c	01fa6c33	or	x24,x20,x31	 x20:0x00000000 x31:0x00000000 x24=0x00000000
      17135.000 ns	      1712	80000810	030e7533	remu	x10,x28,x16	 x28:0xfffffd60 x16:0x00000000 x10=0xfffffd60
      17165.000 ns	      1715	80000814	033622b3	mulhsu	x5,x12,x19	 x12:0xffffffff x19:0xa39d1fd9  x5=0xffffffff
      17185.000 ns	      1717	80000818	0083fbb3	and	x23,x7,x8	  x7:0xa39d2000  x8:0x80040fe4 x23=0x80040000
      17205.000 ns	      1719	8000081c	d0037cd3	fcvt.s.w	f25,x6	  x6:0x00000000 f25=0x00000000
      17225.000 ns	      1721	80000820	009e4eb3	xor	x29,x28,x9	 x28:0xfffffd60  x9:0x00000000 x29=0xfffffd60
      17235.000 ns	      1722	80000824	01e27733	and	x14,x4,x30	  x4:0xdaa25000 x30:0x80040fe4 x14=0x80000000
      17255.000 ns	      1724	80000828	d002cdd3	fcvt.s.w	f27,x5	  x5:0xffffffff f27=0xbf800000
      17285.000 ns	      1727	8000082c	e00b0d53	fmv.x.w	x26,f22	 f22:0xff800000 x26=0xff800000
      17305.000 ns	      1729	80000830	494d8b13	addi	x22,x27,1172	 x27:0x00000000 x22=0x00000494
      17325.000 ns	      1731	80000834	d01044d3	fcvt.s.wu	f9,x0	  x0:0x00000000  f9=0x00000000
      17365.000 ns	      1735	80000838	114203d3	fmul.s	f7,f4,f20	  f4:0xffc00000 f20:0x0052b894  f7=0x7fc00000
      17385.000 ns	      1737	8000083c	73233213	sltiu	x4,x6,1842	  x6:0x00000000  x4=0x00000001
      17395.000 ns	      1738	80000840	400fd6b3	sra	x13,x31,x0	 x31:0x00000000  x0:0x00000000 x13=0x00000000
      17415.000 ns	      1740	80000844	02823ab3	mulhu	x21,x4,x8	  x4:0xdaa25000  x8:0x80040fe4 x21=0x00000000
      17435.000 ns	      1742	80000848	016d1093	slli	x1,x26,0x16	 x26:0xff800000  x1=0x00000000
      17445.000 ns	      1743	8000084c	181dc513	xori	x10,x27,385	 x27:0x00000000 x10=0x00000181
      17465.000 ns	      1745	80000850	203d0653	fsgnj.s	f12,f26,f3	 f26:0x00000000  f3:0xcefff7e0 f12=0x80000000
      17485.000 ns	      1747	80000854	019a39b3	sltu	x19,x20,x25	 x20:0x00000000 x25:0x00000000 x19=0x00000000
      17505.000 ns	      1749	80000858	21949053	fsgnjn.s	f0,f9,f25	  f9:0x00000000 f25:0x00000000  f0=0x80000000
      17525.000 ns	      1751	8000085c	00df7eb3	and	x29,x30,x13	 x30:0x80040fe4 x13:0x00000000 x29=0x00000000
      17885.000 ns	      1787	80000860	03e85b33	divu	x22,x16,x30	 x16:0x00000000 x30:0x80040fe4 x22=0x00000000
      17915.000 ns	      1790	80000864	0316f2b3	remu	x5,x13,x17	 x13:0x00000000 x17:0x00000000  x5=0x00000000
      17935.000 ns	      1792	80000868	017b6a33	or	x20,x22,x23	 x22:0x00000000 x23:0x80040000 x20=0x80040000
      17955.000 ns	      1794	8000086c	21fca8d3	fsgnjx.s	f17,f25,f31	 f25:0x00000000 f31:0x7fc00000 f17=0x00000000
      17975.000 ns	      1796	80000870	19c9aa13	slti	x20,x19,412	 x19:0x00000000 x20=0x00000001
      17985.000 ns	      1797	80000874	001cb333	sltu	x6,x25,x1	 x25:0x00000000  x1:0x00000000  x6=0x00000000
      18015.000 ns	      1800	80000878	580d3253	fsqrt.s	f4,f26	 f26:0x00000000  f4=0x00000000
      18035.000 ns	      1802	8000087c	40ed5193	srai	x3,x26,0xe	 x26:0xff800000  x3=0xfffffe00
      18055.000 ns	      1804	80000880	02903c33	mulhu	x24,x0,x9	  x0:0x00000000  x9:0x00000000 x24=0x00000000
      18075.000 ns	      1806	80000884	04447213	andi	x4,x8,68	  x8:0x80040fe4  x4=0x00000044
      18085.000 ns	      1807	80000888	014039b3	sltu	x19,x0,x20	  x0:0x00000000 x20:0x00000001 x19=0x00000001
      18105.000 ns	      1809	8000088c	f00b8853	fmv.w.x	f16,x23	 x23:0x80040000 f16=0x80040000
      18135.000 ns	      1812	80000890	c00471d3	fcvt.w.s	x3,f8	  f8:0x7fc00000  x3=0x7fffffff
      18165.000 ns	      1815	80000894	e00400d3	fmv.x.w	x1,f8	  f8:0x7fc00000  x1=0x7fc00000
      18215.000 ns	      1820	80000898	08f27a53	fsub.s	f20,f4,f15	  f4:0x00000000 f15:0xf87bcebd f20=0x787bcebd
      18245.000 ns	      1823	8000089c	a01692d3	flt.s	x5,f13,f1	 f13:0x7fc00000  f1:0x82000000  x5=0x00000000
      18265.000 ns	      1825	800008a0	01a154b3	srl	x9,x2,x26	  x2:0x00000000 x26:0xff800000  x9=0x00000000
      18285.000 ns	      1827	800008a4	a12509d3	fle.s	x19,f10,f18	 f10:0x7f800000 f18:0x0036436c x19=0x00000000
      18315.000 ns	      1830	800008a8	c0127cd3	fcvt.wu.s	x25,f4	  f4:0x00000000 x25=0x00000000
      18335.000 ns	      1832	800008ac	00000013	addi	x0,x0,0	  x0:0x00000000
      18355.000 ns	      1834	800008b0	d01147d3	fcvt.s.wu	f15,x2	  x2:0x00000000 f15=0x00000000
      18385.000 ns	      1837	800008b4	21082753	fsgnjx.s	f14,f16,f16	 f16:0x80040000 f16:0x80040000 f14=0x00040000
      18415.000 ns	      1840	800008b8	c00e70d3	fcvt.w.s	x1,f28	 f28:0x80000000  x1=0x00000000
      18445.000 ns	      1843	800008bc	20648153	fsgnj.s	f2,f9,f6	  f9:0x00000000  f6:0x7f800000  f2=0x00000000
      18475.000 ns	      1846	800008c0	0267fbb3	remu	x23,x15,x6	 x15:0xf9c13d14  x6:0x00000000 x23=0xf9c13d14
      18505.000 ns	      1849	800008c4	c0059653	fcvt.w.s	x12,f11	 f11:0xbd1936d8 x12=0x00000000
      18535.000 ns	      1852	800008c8	c007c053	fcvt.w.s	x0,f15	 f15:0x00000000
      18585.000 ns	      1857	800008cc	00c88bd3	fadd.s	f23,f17,f12	 f17:0x00000000 f12:0x80000000 f23=0x80000000
      18625.000 ns	      1861	800008d0	18617f53	fdiv.s	f30,f2,f6	  f2:0x00000000  f6:0x7f800000 f30=0x00000000
      18655.000 ns	      1864	800008d4	a17ba553	feq.s	x10,f23,f23	 f23:0x80000000 f23:0x80000000 x10=0x00000001
      18675.000 ns	      1866	800008d8	a04b0713	addi	x14,x22,-1532	 x22:0x00000000 x14=0xfffffa04
      18685.000 ns	      1867	800008dc	00f8c133	xor	x2,x17,x15	 x17:0x00000000 x15:0xf9c13d14  x2=0xf9c13d14
      18695.000 ns	      1868	800008e0	018023b3	slt	x7,x0,x24	  x0:0x00000000 x24:0x00000000  x7=0x00000000
      19055.000 ns	      1904	800008e4	023753b3	divu	x7,x14,x3	 x14:0xfffffa04  x3:0x7fffffff  x7=0x00000001
      19085.000 ns	      1907	800008e8	2117a8d3	fsgnjx.s	f17,f15,f17	 f15:0x00000000 f17:0x00000000 f17=0x00000000
      19105.000 ns	      1909	800008ec	01436a37	lui	x20,0x1436	 x20=0x01436000
      19125.000 ns	      1911	800008f0	0249bc33	mulhu	x24,x19,x4	 x19:0x00000000  x4:0x00000044 x24=0x00000000
      19145.000 ns	      1913	800008f4	0098b0b3	sltu	x1,x17,x9	 x17:0x00000000  x9:0x00000000  x1=0x00000000
      19165.000 ns	      1915	800008f8	035fcfb3	div	x31,x31,x21	 x31:0x00000000 x21:0x00000000 x31=0xffffffff
      19185.000 ns	      1917	800008fc	01c320b3	slt	x1,x6,x28	  x6:0x00000000 x28:0xfffffd60  x1=0x00000000
      19205.000 ns	      1919	80000900	d00f75d3	fcvt.s.w	f11,x30	 x30:0x80040fe4 f11=0xcefff7e0
      19225.000 ns	      1921	80000904	405208b3	sub	x17,x4,x5	  x4:0x00000044  x5:0x00000000 x17=0x00000044
      19235.000 ns	      1922	80000908	714d4397	auipc	x7,0x714d4	  x7=0xf14d4908
      19245.000 ns	      1923	8000090c	012fb8b3	sltu	x17,x31,x18	 x31:0xffffffff x18:0x00000000 x17=0x00000000
      19265.000 ns	      1925	80000910	21db94d3	fsgnjn.s	f9,f23,f29	 f23:0x80000000 f29:0x4f79c13d  f9=0x80000000
      19295.000 ns	      1928	80000914	d008f053	fcvt.s.w	f0,x17	 x17:0x00000044  f0=0x00000000
      19325.000 ns	      1931	80000918	20f28dd3	fsgnj.s	f27,f5,f15	  f5:0x00000000 f15:0x00000000 f27=0x00000000
      19345.000 ns	      1933	8000091c	00000013	addi	x0,x0,0	  x0:0x00000000
      19355.000 ns	      1934	80000920	d5375e37	lui	x28,0xd5375	 x28=0xd5375000
      19375.000 ns	      1936	80000924	03345a33	divu	x20,x8,x19	  x8:0x80040fe4 x19:0x00000000 x20=0xffffffff
      19405.000 ns	      1939	80000928	e0068953	fmv.x.w	x18,f13	 f13:0x7fc00000 x18=0x7fc00000
      19435.000 ns	      1942	8000092c	02dfb333	mulhu	x6,x31,x13	 x31:0xffffffff x13:0x00000000  x6=0x00000000
      19465.000 ns	      1945	80000930	c00976d3	fcvt.w.s	x13,f18	 f18:0x0036436c x13=0x00000000
      19505.000 ns	      1949	80000934	11bcbf53	fmul.s	f30,f25,f27	 f25:0x00000000 f27:0x00000000 f30=0x00000000
      19535.000 ns	      1952	80000938	21819a53	fsgnjn.s	f20,f3,f24	  f3:0xcefff7e0 f24:0x7fc00000 f20=0xcefff7e0
      19555.000 ns	      1954	8000093c	01792033	slt	x0,x18,x23	 x18:0x7fc00000 x23:0xf9c13d14
      19595.000 ns	      1958	80000940	00521253	fadd.s	f4,f4,f5	  f4:0x00000000  f5:0x00000000  f4=0x00000000
      19615.000 ns	      1960	80000944	00948733	add	x14,x9,x9	  x9:0x00000000  x9:0x00000000 x14=0x00000000
      19635.000 ns	      1962	80000948	02c7d3b3	divu	x7,x15,x12	 x15:0xf9c13d14 x12:0x00000000  x7=0xffffffff
      19655.000 ns	      1964	8000094c	401dd513	srai	x10,x27,0x1	 x27:0x00000000 x10=0x00000000
      19695.000 ns	      1968	80000950	0185ff53	fadd.s	f30,f11,f24	 f11:0xcefff7e0 f24:0x7fc00000 f30=0x7fc00000
      19725.000 ns	      1971	80000954	d01639d3	fcvt.s.wu	f19,x12	 x12:0x00000000 f19=0x00000000
      19745.000 ns	      1973	80000958	32a5ceb7	lui	x29,0x32a5c	 x29=0x32a5c000
      19755.000 ns	      1974	8000095c	ce106e93	ori	x29,x0,-799	  x0:0x00000000 x29=0xfffffce1
      19775.000 ns	      1976	80000960	e00b9b53	fclass.s	x22,f23	 f23:0x80000000 x22=0x00000008
      19795.000 ns	      1978	80000964	ce02aeb7	lui	x29,0xce02a	 x29=0xce02a000
      19815.000 ns	      1980	80000968	03712cb3	mulhsu	x25,x2,x23	  x2:0xf9c13d14 x23:0xf9c13d14 x25=0xf9e83d9a
      19845.000 ns	      1983	8000096c	e00b1053	fclass.s	x0,f22	 f22:0xff800000
      19865.000 ns	      1985	80000970	0194df13	srli	x30,x9,0x19	  x9:0x00000000 x30=0x00000000
      19875.000 ns	      1986	80000974	00000013	addi	x0,x0,0	  x0:0x00000000
      19885.000 ns	      1987	80000978	01af6333	or	x6,x30,x26	 x30:0x80040fe4 x26:0xff800000  x6=0xff800000
      19895.000 ns	      1988	8000097c	01879013	slli	x0,x15,0x18	 x15:0xf9c13d14
      19905.000 ns	      1989	80000980	40155313	srai	x6,x10,0x1	 x10:0x00000000  x6=0x00000000
      19915.000 ns	      1990	80000984	402e8b33	sub	x22,x29,x2	 x29:0xce02a000  x2:0xf9c13d14 x22=0xd44162ec
      19945.000 ns	      1993	80000988	18547553	fdiv.s	f10,f8,f5	  f8:0x7fc00000  f5:0x00000000 f10=0x7fc00000
      19975.000 ns	      1996	8000098c	d005fe53	fcvt.s.w	f28,x11	 x11:0x80041024 f28=0xcefff7df
      19995.000 ns	      1998	80000990	88ba7193	andi	x3,x20,-1909	 x20:0xffffffff  x3=0xfffff88b
      20355.000 ns	      2034	80000994	024066b3	rem	x13,x0,x4	  x0:0x00000000  x4:0x00000044 x13=0x00000000
      20385.000 ns	      2037	80000998	038fb1b3	mulhu	x3,x31,x24	 x31:0xffffffff x24:0x00000000  x3=0x00000000
      20405.000 ns	      2039	8000099c	00f4d4b3	srl	x9,x9,x15	  x9:0x00000000 x15:0xf9c13d14  x9=0x00000000
      20425.000 ns	      2041	800009a0	20688f53	fsgnj.s	f30,f17,f6	 f17:0x00000000  f6:0x7f800000 f30=0x00000000
      20455.000 ns	      2044	800009a4	c0060553	fcvt.w.s	x10,f12	 f12:0x80000000 x10=0x00000000
      20475.000 ns	      2046	800009a8	01e07233	and	x4,x0,x30	  x0:0x00000000 x30:0x00000000  x4=0x00000000
      20495.000 ns	      2048	800009ac	0246f0b3	remu	x1,x13,x4	 x13:0x00000000  x4:0x00000044  x1=0x00000000
      20515.000 ns	      2050	800009b0	012744b3	xor	x9,x14,x18	 x14:0x00000000 x18:0x7fc00000  x9=0x7fc00000
      20535.000 ns	      2052	800009b4	03ce9d33	mulh	x26,x29,x28	 x29:0xce02a000 x28:0xd5375000 x26=0x085ac211
      20555.000 ns	      2054	800009b8	40855a33	sra	x20,x10,x8	 x10:0x00000000  x8:0x80040fe4 x20=0x00000000
      20595.000 ns	      2058	800009bc	09ff4ad3	fsub.s	f21,f30,f31	 f30:0x00000000 f31:0x7fc00000 f21=0x7fc00000
      20615.000 ns	      2060	800009c0	0166dc93	srli	x25,x13,0x16	 x13:0x00000000 x25=0x00000000
      20625.000 ns	      2061	800009c4	00e08bb3	add	x23,x1,x14	  x1:0x00000000 x14:0x00000000 x23=0x00000000
      20985.000 ns	      2097	800009c8	027a4bb3	div	x23,x20,x7	 x20:0x00000000  x7:0xffffffff x23=0x00000000
      21035.000 ns	      2102	800009cc	014975d3	fadd.s	f11,f18,f20	 f18:0x0036436c f20:0xcefff7e0 f11=0xcefff7e0
      21065.000 ns	      2105	800009d0	03b98233	mul	x4,x19,x27	 x19:0x00000000 x27:0x00000000  x4=0x00000000
      21085.000 ns	      2107	800009d4	3afbaf13	slti	x30,x23,943	 x23:0x00000000 x30=0x00000001
      21095.000 ns	      2108	800009d8	4477bf93	sltiu	x31,x15,1095	 x15:0xf9c13d14 x31=0x00000000
      21105.000 ns	      2109	800009dc	418b04b3	sub	x9,x22,x24	 x22:0xd44162ec x24:0x00000000  x9=0xd44162ec
      21125.000 ns	      2111	800009e0	c015af53	fcvt.wu.s	x30,f11	 f11:0xcefff7e0 x30=0x7ffbf000
      21155.000 ns	      2114	800009e4	024f9133	mulh	x2,x31,x4	 x31:0x00000000  x4:0x00000000  x2=0x00000000
      21175.000 ns	      2116	800009e8	016618b3	sll	x17,x12,x22	 x12:0x00000000 x22:0xd44162ec x17=0x00000000
      21195.000 ns	      2118	800009ec	e0031c53	fclass.s	x24,f6	  f6:0x7f800000 x24=0x00000080
      21215.000 ns	      2120	800009f0	408c0bb3	sub	x23,x24,x8	 x24:0x00000000  x8:0x80040fe4 x23=0x7ffbf09c
      21235.000 ns	      2122	800009f4	0280b2b3	mulhu	x5,x1,x8	  x1:0x00000000  x8:0x80040fe4  x5=0x00000000
      21265.000 ns	      2125	800009f8	c007b3d3	fcvt.w.s	x7,f15	 f15:0x00000000  x7=0x00000000
      21635.000 ns	      2162	800009fc	032e4733	div	x14,x28,x18	 x28:0xd5375000 x18:0x7fc00000 x14=0x00000000
      21655.000 ns	      2164	80000a00	00478eb3	add	x29,x15,x4	 x15:0xf9c13d14  x4:0x00000000 x29=0xf9c13d14
      21675.000 ns	      2166	80000a04	02190f33	mul	x30,x18,x1	 x18:0x7fc00000  x1:0x00000000 x30=0x00000000
      21695.000 ns	      2168	80000a08	3cb44213	xori	x4,x8,971	  x8:0x80040fe4  x4=0x80040c2f
      21705.000 ns	      2169	80000a0c	0096b6b3	sltu	x13,x13,x9	 x13:0x00000000  x9:0xd44162ec x13=0x00000001
      21725.000 ns	      2171	80000a10	29b09ed3	fmax.s	f29,f1,f27	  f1:0x82000000 f27:0x00000000 f29=0x00000000
      21745.000 ns	      2173	80000a14	00f1dfb3	srl	x31,x3,x15	  x3:0x00000000 x15:0xf9c13d14 x31=0x00000000
      21755.000 ns	      2174	80000a18	4020db13	srai	x22,x1,0x2	  x1:0x00000000 x22=0x00000000
      21765.000 ns	      2175	80000a1c	4112de33	sra	x28,x5,x17	  x5:0x00000000 x17:0x00000000 x28=0x00000000
      21805.000 ns	      2179	80000a20	081b85d3	fsub.s	f11,f23,f1	 f23:0x80000000  f1:0x82000000 f11=0x02000000
      21825.000 ns	      2181	80000a24	01ec79b3	and	x19,x24,x30	 x24:0x00000080 x30:0x00000000 x19=0x00000000
      21855.000 ns	      2184	80000a28	11b27553	fmul.s	f10,f4,f27	  f4:0x00000000 f27:0x00000000 f10=0x00000000
      21895.000 ns	      2188	80000a2c	18c27cd3	fdiv.s	f25,f4,f12	  f4:0x00000000 f12:0x80000000 f25=0x7fc00000
      21915.000 ns	      2190	80000a30	007a3533	sltu	x10,x20,x7	 x20:0x00000000  x7:0x00000000 x10=0x00000000
      21935.000 ns	      2192	80000a34	e00f9ad3	fclass.s	x21,f31	 f31:0x7fc00000 x21=0x00000200
      21955.000 ns	      2194	80000a38	2c240b13	addi	x22,x8,706	  x8:0x80040fe4 x22=0x800412a6
      21975.000 ns	      2196	80000a3c	03010cb3	mul	x25,x2,x16	  x2:0x00000000 x16:0x00000000 x25=0x00000000
      21995.000 ns	      2198	80000a40	cf7b2013	slti	x0,x22,-777	 x22:0x00000000
      22005.000 ns	      2199	80000a44	0175d913	srli	x18,x11,0x17	 x11:0x80041024 x18=0x00000100
      22025.000 ns	      2201	80000a48	03d680b3	mul	x1,x13,x29	 x13:0x00000001 x29:0xf9c13d14  x1=0xf9c13d14
      22045.000 ns	      2203	80000a4c	01d09193	slli	x3,x1,0x1d	  x1:0x00000000  x3=0x80000000
      22075.000 ns	      2206	80000a50	11b58753	fmul.s	f14,f11,f27	 f11:0x02000000 f27:0x00000000 f14=0x00000000
      22095.000 ns	      2208	80000a54	01564133	xor	x2,x12,x21	 x12:0x00000000 x21:0x00000200  x2=0x00000200
      22455.000 ns	      2244	80000a58	03d9d733	divu	x14,x19,x29	 x19:0x00000000 x29:0xf9c13d14 x14=0x00000000
      22475.000 ns	      2246	80000a5c	00eb4d33	xor	x26,x22,x14	 x22:0x800412a6 x14:0x00000000 x26=0x800412a6
      22495.000 ns	      2248	80000a60	0340abb3	mulhsu	x23,x1,x20	  x1:0xf9c13d14 x20:0x00000000 x23=0x00000000
      22525.000 ns	      2251	80000a64	d0191dd3	fcvt.s.wu	f27,x18	 x18:0x00000100 f27=0x43800000
      22555.000 ns	      2254	80000a68	d0181ed3	fcvt.s.wu	f29,x16	 x16:0x00000000 f29=0x00000000
      22575.000 ns	      2256	80000a6c	00db82b3	add	x5,x23,x13	 x23:0x00000000 x13:0x00000001  x5=0x00000001
      22585.000 ns	      2257	80000a70	404fdab3	sra	x21,x31,x4	 x31:0x00000000  x4:0x80040c2f x21=0x00000000
      22595.000 ns	      2258	80000a74	0077d493	srli	x9,x15,0x7	 x15:0xf9c13d14  x9=0x01f3827a
      22615.000 ns	      2260	80000a78	a02e1653	flt.s	x12,f28,f2	 f28:0xcefff7df  f2:0x00000000 x12=0x00000001
      22635.000 ns	      2262	80000a7c	01691b33	sll	x22,x18,x22	 x18:0x00000100 x22:0x800412a6 x22=0x00004000
      22645.000 ns	      2263	80000a80	4ba54293	xori	x5,x10,1210	 x10:0x00000000  x5=0x000004ba
      22655.000 ns	      2264	80000a84	002231b3	sltu	x3,x4,x2	  x4:0x80040c2f  x2:0x00000200  x3=0x00000000
      22675.000 ns	      2266	80000a88	c0127bd3	fcvt.wu.s	x23,f4	  f4:0x00000000 x23=0x00000000
      22705.000 ns	      2269	80000a8c	03c26b33	rem	x22,x4,x28	  x4:0x80040c2f x28:0x00000000 x22=0x80040c2f
      22725.000 ns	      2271	80000a90	41db81b3	sub	x3,x23,x29	 x23:0x00000000 x29:0xf9c13d14  x3=0x063ec2ec
      22735.000 ns	      2272	80000a94	0188f2b3	and	x5,x17,x24	 x17:0x00000000 x24:0x00000080  x5=0x00000000
      22745.000 ns	      2273	80000a98	40290133	sub	x2,x18,x2	 x18:0x00000100  x2:0x00000200  x2=0xffffff00
      23105.000 ns	      2309	80000a9c	02367c33	remu	x24,x12,x3	 x12:0x00000001  x3:0x063ec2ec x24=0x00000001
      23135.000 ns	      2312	80000aa0	20100bd3	fsgnj.s	f23,f0,f1	  f0:0x00000000  f1:0x82000000 f23=0x80000000
      23155.000 ns	      2314	80000aa4	00f5b3b3	sltu	x7,x11,x15	 x11:0x80041024 x15:0xf9c13d14  x7=0x00000001
      23175.000 ns	      2316	80000aa8	a052acd3	feq.s	x25,f5,f5	  f5:0x00000000  f5:0x00000000 x25=0x00000001
      23205.000 ns	      2319	80000aac	03ac8833	mul	x16,x25,x26	 x25:0x00000000 x26:0x800412a6 x16=0x800412a6
      23235.000 ns	      2322	80000ab0	289a0fd3	fmin.s	f31,f20,f9	 f20:0xcefff7e0  f9:0x80000000 f31=0xcefff7e0
      23255.000 ns	      2324	80000ab4	021a3d93	sltiu	x27,x20,33	 x20:0x00000000 x27=0x00000001
      23265.000 ns	      2325	80000ab8	ba796a93	ori	x21,x18,-1113	 x18:0x00000100 x21=0xfffffba7
      23275.000 ns	      2326	80000abc	f71c4293	xori	x5,x24,-143	 x24:0x00000001  x5=0xffffff70
      23285.000 ns	      2327	80000ac0	f550cc93	xori	x25,x1,-171	  x1:0xf9c13d14 x25=0x063ec241
      23295.000 ns	      2328	80000ac4	003598b3	sll	x17,x11,x3	 x11:0x80041024  x3:0x063ec2ec x17=0x41024000
      23305.000 ns	      2329	80000ac8	ef3faf17	auipc	x30,0xef3fa	 x30=0x6f3faac8
      23315.000 ns	      2330	80000acc	82b38613	addi	x12,x7,-2005	  x7:0x00000001 x12=0xfffff82c
      23335.000 ns	      2332	80000ad0	022434b3	mulhu	x9,x8,x2	  x8:0x80040fe4  x2:0xffffff00  x9=0x80040f63
      23385.000 ns	      2337	80000ad4	01b68c53	fadd.s	f24,f13,f27	 f13:0x7fc00000 f27:0x43800000 f24=0x7fc00000
      23415.000 ns	      2340	80000ad8	a06386d3	fle.s	x13,f7,f6	  f7:0x7fc00000  f6:0x7f800000 x13=0x00000000
      23445.000 ns	      2343	80000adc	026b74b3	remu	x9,x22,x6	 x22:0x80040c2f  x6:0x00000000  x9=0x80040c2f
      23485.000 ns	      2347	80000ae0	11942253	fmul.s	f4,f8,f25	  f8:0x7fc00000 f25:0x7fc00000  f4=0x7fc00000
      23515.000 ns	      2350	80000ae4	e00a03d3	fmv.x.w	x7,f20	 f20:0xcefff7e0  x7=0xcefff7e0
      23545.000 ns	      2353	80000ae8	283a8c53	fmin.s	f24,f21,f3	 f21:0x7fc00000  f3:0xcefff7e0 f24=0xcefff7e0
      23565.000 ns	      2355	80000aec	7f69ae13	slti	x28,x19,2038	 x19:0x00000000 x28=0x00000001
      23585.000 ns	      2357	80000af0	0301a033	mulhsu	x0,x3,x16	  x3:0x063ec2ec x16:0x800412a6
      23605.000 ns	      2359	80000af4	00d2de93	srli	x29,x5,0xd	  x5:0xffffff70 x29=0x0007ffff
      23965.000 ns	      2395	80000af8	03075233	divu	x4,x14,x16	 x14:0x00000000 x16:0x800412a6  x4=0x00000000
      23985.000 ns	      2397	80000afc	01ea5b93	srli	x23,x20,0x1e	 x20:0x00000000 x23=0x00000000
      23995.000 ns	      2398	80000b00	01a969b3	or	x19,x18,x26	 x18:0x00000100 x26:0x800412a6 x19=0x800413a6
      24015.000 ns	      2400	80000b04	20ccacd3	fsgnjx.s	f25,f25,f12	 f25:0x7fc00000 f12:0x80000000 f25=0xffc00000
      24045.000 ns	      2403	80000b08	d01870d3	fcvt.s.wu	f1,x16	 x16:0x800412a6  f1=0x4f000412
      24065.000 ns	      2405	80000b0c	91690e13	addi	x28,x18,-1770	 x18:0x00000100 x28=0xfffffa16
      24075.000 ns	      2406	80000b10	016ec933	xor	x18,x29,x22	 x29:0x0007ffff x22:0x80040c2f x18=0x8003f3d0
      24095.000 ns	      2408	80000b14	02ea72b3	remu	x5,x20,x14	 x20:0x00000000 x14:0x00000000  x5=0x00000000
      24135.000 ns	      2412	80000b18	58027b53	fsqrt.s	f22,f4	  f4:0x7fc00000 f22=0x7fc00000
      24505.000 ns	      2449	80000b1c	029971b3	remu	x3,x18,x9	 x18:0x8003f3d0  x9:0x80040c2f  x3=0x8003f3d0
      24535.000 ns	      2452	80000b20	e00b0cd3	fmv.x.w	x25,f22	 f22:0x7fc00000 x25=0x7fc00000
      24575.000 ns	      2456	80000b24	118e7c53	fmul.s	f24,f28,f24	 f28:0xcefff7df f24:0xcefff7e0 f24=0x5e7fefbf
      24945.000 ns	      2493	80000b28	02c4cb33	div	x22,x9,x12	  x9:0x80040c2f x12:0xfffff82c x22=0x0010596a
      24975.000 ns	      2496	80000b2c	a0352753	feq.s	x14,f10,f3	 f10:0x00000000  f3:0xcefff7e0 x14=0x00000000
      24995.000 ns	      2498	80000b30	00164533	xor	x10,x12,x1	 x12:0xfffff82c  x1:0xf9c13d14 x10=0x063ec538
      25015.000 ns	      2500	80000b34	a1939f53	flt.s	x30,f7,f25	  f7:0x7fc00000 f25:0xffc00000 x30=0x00000000
      25045.000 ns	      2503	80000b38	c012fa53	fcvt.wu.s	x20,f5	  f5:0x00000000 x20=0x00000000
      25075.000 ns	      2506	80000b3c	28f111d3	fmax.s	f3,f2,f15	  f2:0x00000000 f15:0x00000000  f3=0x00000000
      25105.000 ns	      2509	80000b40	e00e1bd3	fclass.s	x23,f28	 f28:0xcefff7df x23=0x00000002
      25125.000 ns	      2511	80000b44	ec7e0513	addi	x10,x28,-313	 x28:0xfffffa16 x10=0xfffff8dd
      25145.000 ns	      2513	80000b48	c00e22d3	fcvt.w.s	x5,f28	 f28:0xcefff7df  x5=0x80041080
      25185.000 ns	      2517	80000b4c	19818bd3	fdiv.s	f23,f3,f24	  f3:0x00000000 f24:0x5e7fefbf f23=0x00000000
      25205.000 ns	      2519	80000b50	409b8633	sub	x12,x23,x9	 x23:0x00000002  x9:0x80040c2f x12=0x7ffbf3d3
      25245.000 ns	      2523	80000b54	0082c1d3	fadd.s	f3,f5,f8	  f5:0x00000000  f8:0x7fc00000  f3=0x7fc00000
      25265.000 ns	      2525	80000b58	a0705f17	auipc	x30,0xa0705	 x30=0x20705b58
      25275.000 ns	      2526	80000b5c	0111d9b3	srl	x19,x3,x17	  x3:0x8003f3d0 x17:0x41024000 x19=0x8003f3d0
      25305.000 ns	      2529	80000b60	18d4f353	fdiv.s	f6,f9,f13	  f9:0x80000000 f13:0x7fc00000  f6=0x7fc00000
      25675.000 ns	      2566	80000b64	03334cb3	div	x25,x6,x19	  x6:0x00000000 x19:0x800413a6 x25=0x00000000
      25695.000 ns	      2568	80000b68	00d763b3	or	x7,x14,x13	 x14:0x00000000 x13:0x00000000  x7=0x00000000
      25705.000 ns	      2569	80000b6c	40da53b3	sra	x7,x20,x13	 x20:0x00000000 x13:0x00000000  x7=0x00000000
      25715.000 ns	      2570	80000b70	00602e33	slt	x28,x0,x6	  x0:0x00000000  x6:0x00000000 x28=0x00000000
      25725.000 ns	      2571	80000b74	2daf7b93	andi	x23,x30,730	 x30:0x20705b58 x23=0x00000258
      25735.000 ns	      2572	80000b78	00ca1cb3	sll	x25,x20,x12	 x20:0x00000000 x12:0x7ffbf3d3 x25=0x00000000
      25745.000 ns	      2573	80000b7c	53a4ae13	slti	x28,x9,1338	  x9:0x80040c2f x28=0x00000001
      25755.000 ns	      2574	80000b80	0fa98b13	addi	x22,x19,250	 x19:0x8003f3d0 x22=0x8003f4ca
      25765.000 ns	      2575	80000b84	4117dbb3	sra	x23,x15,x17	 x15:0xf9c13d14 x17:0x41024000 x23=0xf9c13d14
      25775.000 ns	      2576	80000b88	40b55cb3	sra	x25,x10,x11	 x10:0xfffff8dd x11:0x80041024 x25=0xffffff8d
      25795.000 ns	      2578	80000b8c	c0114753	fcvt.wu.s	x14,f2	  f2:0x00000000 x14=0x00000000
      25845.000 ns	      2583	80000b90	08e0fc53	fsub.s	f24,f1,f14	  f1:0x4f000412 f14:0x00000000 f24=0x4f000412
      25865.000 ns	      2585	80000b94	2ea92d13	slti	x26,x18,746	 x18:0x8003f3d0 x26=0x00000001
      26225.000 ns	      2621	80000b98	0322c6b3	div	x13,x5,x18	  x5:0x80041080 x18:0x8003f3d0 x13=0x00000000
      26245.000 ns	      2623	80000b9c	44908393	addi	x7,x1,1097	  x1:0xf9c13d14  x7=0xf9c1415d
      26255.000 ns	      2624	80000ba0	586d4917	auipc	x18,0x586d4	 x18=0xd86d4ba0
      26265.000 ns	      2625	80000ba4	00ca5233	srl	x4,x20,x12	 x20:0x00000000 x12:0x7ffbf3d3  x4=0x00000000
      26285.000 ns	      2627	80000ba8	03a38ab3	mul	x21,x7,x26	  x7:0xf9c1415d x26:0x00000001 x21=0xf9c1415d
      26305.000 ns	      2629	80000bac	01a29833	sll	x16,x5,x26	  x5:0x80041080 x26:0x00000001 x16=0x00082100
      26325.000 ns	      2631	80000bb0	293e0fd3	fmin.s	f31,f28,f19	 f28:0xcefff7df f19:0x00000000 f31=0xcefff7df
      26345.000 ns	      2633	80000bb4	40ead1b3	sra	x3,x21,x14	 x21:0xf9c1415d x14:0x00000000  x3=0xf9c1415d
      26375.000 ns	      2636	80000bb8	18c271d3	fdiv.s	f3,f4,f12	  f4:0x7fc00000 f12:0x80000000  f3=0x7fc00000
      26745.000 ns	      2673	80000bbc	0292c1b3	div	x3,x5,x9	  x5:0x80041080  x9:0x80040c2f  x3=0x00000000
      26765.000 ns	      2675	80000bc0	008c5233	srl	x4,x24,x8	 x24:0x00000001  x8:0x80040fe4  x4=0x00000000
      26785.000 ns	      2677	80000bc4	a0308ed3	fle.s	x29,f1,f3	  f1:0x4f000412  f3:0x7fc00000 x29=0x00000000
      26815.000 ns	      2680	80000bc8	02ca1b33	mulh	x22,x20,x12	 x20:0x00000000 x12:0x7ffbf3d3 x22=0x00000000
      27185.000 ns	      2717	80000bcc	0275dbb3	divu	x23,x11,x7	 x11:0x80041024  x7:0xf9c1415d x23=0x00000000
      27205.000 ns	      2719	80000bd0	a86db513	sltiu	x10,x27,-1402	 x27:0x00000001 x10=0x00000001
      27565.000 ns	      2755	80000bd4	02f75eb3	divu	x29,x14,x15	 x14:0x00000000 x15:0xf9c13d14 x29=0x00000000
      27585.000 ns	      2757	80000bd8	65842097	auipc	x1,0x65842	  x1=0xe5842bd8
      27605.000 ns	      2759	80000bdc	d005fa53	fcvt.s.w	f20,x11	 x11:0x80041024 f20=0xcefff7df
      27655.000 ns	      2764	80000be0	09fd0753	fsub.s	f14,f26,f31	 f26:0x00000000 f31:0xcefff7df f14=0x4efff7df
      28835.000 ns	      2882	80000be4	580c34d3	fsqrt.s	f9,f24	 f24:0x4f000412  f9=0x46b50a44
      28865.000 ns	      2885	80000be8	024824b3	mulhsu	x9,x16,x4	 x16:0x00082100  x4:0x00000000  x9=0x00000000
      28915.000 ns	      2890	80000bec	00e088d3	fadd.s	f17,f1,f14	  f1:0x4f000412 f14:0x4efff7df f17=0x4f800000
      28945.000 ns	      2893	80000bf0	29828253	fmin.s	f4,f5,f24	  f5:0x00000000 f24:0x4f000412  f4=0x00000000
      28965.000 ns	      2895	80000bf4	01745313	srli	x6,x8,0x17	  x8:0x80040fe4  x6=0x00000100
      28975.000 ns	      2896	80000bf8	00fa5a93	srli	x21,x20,0xf	 x20:0x00000000 x21=0x00000000
      28995.000 ns	      2898	80000bfc	21079cd3	fsgnjn.s	f25,f15,f16	 f15:0x00000000 f16:0x80040000 f25=0x00000000
      29025.000 ns	      2901	80000c00	f0018b53	fmv.w.x	f22,x3	  x3:0x00000000 f22=0x00000000
      29055.000 ns	      2904	80000c04	29dc1bd3	fmax.s	f23,f24,f29	 f24:0x4f000412 f29:0x00000000 f23=0x4f000412
      29105.000 ns	      2909	80000c08	09123553	fsub.s	f10,f4,f17	  f4:0x00000000 f17:0x4f800000 f10=0xcf800000
      29155.000 ns	      2914	80000c0c	002ef8d3	fadd.s	f17,f29,f2	 f29:0x00000000  f2:0x00000000 f17=0x00000000
      29175.000 ns	      2916	80000c10	00365193	srli	x3,x12,0x3	 x12:0x7ffbf3d3  x3=0x0fff7e7a
      29185.000 ns	      2917	80000c14	01db3fb3	sltu	x31,x22,x29	 x22:0x00000000 x29:0x00000000 x31=0x00000000
      29195.000 ns	      2918	80000c18	01f869b3	or	x19,x16,x31	 x16:0x00082100 x31:0x00000000 x19=0x00082100
      29205.000 ns	      2919	80000c1c	412c5993	srai	x19,x24,0x12	 x24:0x00000001 x19=0x00000000
      29215.000 ns	      2920	80000c20	008e6cb3	or	x25,x28,x8	 x28:0x00000001  x8:0x80040fe4 x25=0x80040fe5
      29225.000 ns	      2921	80000c24	419e5ab3	sra	x21,x28,x25	 x28:0x00000001 x25:0xffffff8d x21=0x00000000
      29245.000 ns	      2923	80000c28	02ff1ab3	mulh	x21,x30,x15	 x30:0x20705b58 x15:0xf9c13d14 x21=0xff3569f2
      29275.000 ns	      2926	80000c2c	21b416d3	fsgnjn.s	f13,f8,f27	  f8:0x7fc00000 f27:0x43800000 f13=0xffc00000
      29295.000 ns	      2928	80000c30	0150efb3	or	x31,x1,x21	  x1:0xe5842bd8 x21:0xff3569f2 x31=0xffb56bfa
      29305.000 ns	      2929	80000c34	01c9fcb3	and	x25,x19,x28	 x19:0x00000000 x28:0x00000001 x25=0x00000000
      29335.000 ns	      2932	80000c38	105c7753	fmul.s	f14,f24,f5	 f24:0x4f000412  f5:0x00000000 f14=0x00000000
      29365.000 ns	      2935	80000c3c	a1430bd3	fle.s	x23,f6,f20	  f6:0x7fc00000 f20:0xcefff7df x23=0x00000000
      29395.000 ns	      2938	80000c40	a0a10253	fle.s	x4,f2,f10	  f2:0x00000000 f10:0xcf800000  x4=0x00000000
      29415.000 ns	      2940	80000c44	40b5e813	ori	x16,x11,1035	 x11:0x80041024 x16=0x8004142f
      29775.000 ns	      2976	80000c48	03a1eab3	rem	x21,x3,x26	  x3:0x0fff7e7a x26:0x00000001 x21=0x00000000
      29805.000 ns	      2979	80000c4c	e00810d3	fclass.s	x1,f16	 f16:0x80040000  x1=0x00000004
      29835.000 ns	      2982	80000c50	a02880d3	fle.s	x1,f17,f2	 f17:0x00000000  f2:0x00000000  x1=0x00000001
      29855.000 ns	      2984	80000c54	009ec8b3	xor	x17,x29,x9	 x29:0x00000000  x9:0x00000000 x17=0x00000000
      29865.000 ns	      2985	80000c58	011c1913	slli	x18,x24,0x11	 x24:0x00000001 x18=0x00020000
      29885.000 ns	      2987	80000c5c	0267a333	mulhsu	x6,x15,x6	 x15:0xf9c13d14  x6:0x00000100  x6=0xfffffff9
      29915.000 ns	      2990	80000c60	e0008ad3	fmv.x.w	x21,f1	  f1:0x4f000412 x21=0x4f000412
      29945.000 ns	      2993	80000c64	e00d0a53	fmv.x.w	x20,f26	 f26:0x00000000 x20=0x00000000
      29975.000 ns	      2996	80000c68	a1dd0c53	fle.s	x24,f26,f29	 f26:0x00000000 f29:0x00000000 x24=0x00000001
      29995.000 ns	      2998	80000c6c	01f0f6b3	and	x13,x1,x31	  x1:0x00000001 x31:0xffb56bfa x13=0x00000000
      30005.000 ns	      2999	80000c70	007db933	sltu	x18,x27,x7	 x27:0x00000001  x7:0xf9c1415d x18=0x00000001
      30015.000 ns	      3000	80000c74	00a3f2b3	and	x5,x7,x10	  x7:0xf9c1415d x10:0x00000001  x5=0x00000001
      30055.000 ns	      3004	80000c78	08bb78d3	fsub.s	f17,f22,f11	 f22:0x00000000 f11:0x02000000 f17=0x82000000
      30085.000 ns	      3007	80000c7c	c004f3d3	fcvt.w.s	x7,f9	  f9:0x46b50a44  x7=0x00005a85
      30135.000 ns	      3012	80000c80	0893f1d3	fsub.s	f3,f7,f9	  f7:0x7fc00000  f9:0x46b50a44  f3=0x7fc00000
      30165.000 ns	      3015	80000c84	2179ad53	fsgnjx.s	f26,f19,f23	 f19:0x00000000 f23:0x4f000412 f26=0x00000000
      30185.000 ns	      3017	80000c88	00000013	addi	x0,x0,0	  x0:0x00000000
      30205.000 ns	      3019	80000c8c	285b8dd3	fmin.s	f27,f23,f5	 f23:0x4f000412  f5:0x00000000 f27=0x00000000
      30225.000 ns	      3021	80000c90	0029da93	srli	x21,x19,0x2	 x19:0x00000000 x21=0x00000000
      30235.000 ns	      3022	80000c94	1e7fe713	ori	x14,x31,487	 x31:0xffb56bfa x14=0xffb56bff
      30245.000 ns	      3023	80000c98	c2fbfc37	lui	x24,0xc2fbf	 x24=0xc2fbf000
      30265.000 ns	      3025	80000c9c	c013fad3	fcvt.wu.s	x21,f7	  f7:0x7fc00000 x21=0xffffffff
      30285.000 ns	      3027	80000ca0	01b57833	and	x16,x10,x27	 x10:0x00000001 x27:0x00000001 x16=0x00000001
      30295.000 ns	      3028	80000ca4	011b0533	add	x10,x22,x17	 x22:0x00000000 x17:0x00000000 x10=0x00000000
      30315.000 ns	      3030	80000ca8	208594d3	fsgnjn.s	f9,f11,f8	 f11:0x02000000  f8:0x7fc00000  f9=0x82000000
      30345.000 ns	      3033	80000cac	e0001753	fclass.s	x14,f0	  f0:0x00000000 x14=0x00000010
      30375.000 ns	      3036	80000cb0	0266bfb3	mulhu	x31,x13,x6	 x13:0x00000000  x6:0xfffffff9 x31=0x00000000
      30395.000 ns	      3038	80000cb4	0115fab3	and	x21,x11,x17	 x11:0x80041024 x17:0x00000000 x21=0x00000000
      30415.000 ns	      3040	80000cb8	e00f02d3	fmv.x.w	x5,f30	 f30:0x00000000  x5=0x00000000
      30445.000 ns	      3043	80000cbc	f00d8e53	fmv.w.x	f28,x27	 x27:0x00000001 f28=0x00000001
      30475.000 ns	      3046	80000cc0	a0f6a653	feq.s	x12,f13,f15	 f13:0xffc00000 f15:0x00000000 x12=0x00000000
      30495.000 ns	      3048	80000cc4	da777e93	andi	x29,x14,-601	 x14:0x00000010 x29=0x00000000
      30525.000 ns	      3051	80000cc8	11019353	fmul.s	f6,f3,f16	  f3:0x7fc00000 f16:0x80040000  f6=0x7fc00000
      30555.000 ns	      3054	80000ccc	a01d0e53	fle.s	x28,f26,f1	 f26:0x00000000  f1:0x4f000412 x28=0x00000001
      30575.000 ns	      3056	80000cd0	f3f14093	xori	x1,x2,-193	  x2:0xffffff00  x1=0x0000003f
      30585.000 ns	      3057	80000cd4	01df2f33	slt	x30,x30,x29	 x30:0x20705b58 x29:0x00000000 x30=0x00000000
      30595.000 ns	      3058	80000cd8	005c96b3	sll	x13,x25,x5	 x25:0x00000000  x5:0x00000000 x13=0x00000000
      30605.000 ns	      3059	80000cdc	00ea5933	srl	x18,x20,x14	 x20:0x00000000 x14:0x00000010 x18=0x00000000
      30625.000 ns	      3061	80000ce0	20489853	fsgnjn.s	f16,f17,f4	 f17:0x82000000  f4:0x00000000 f16=0x82000000
      30645.000 ns	      3063	80000ce4	542caf17	auipc	x30,0x542ca	 x30=0xd42cace4
      30655.000 ns	      3064	80000ce8	00d21933	sll	x18,x4,x13	  x4:0x00000000 x13:0x00000000 x18=0x00000000
      30665.000 ns	      3065	80000cec	88c39517	auipc	x10,0x88c39	 x10=0x08c39cec
      30675.000 ns	      3066	80000cf0	019ec0b3	xor	x1,x29,x25	 x29:0x00000000 x25:0x00000000  x1=0x00000000
      30695.000 ns	      3068	80000cf4	a14204d3	fle.s	x9,f4,f20	  f4:0x00000000 f20:0xcefff7df  x9=0x00000000
      30715.000 ns	      3070	80000cf8	01a77cb3	and	x25,x14,x26	 x14:0x00000010 x26:0x00000001 x25=0x00000000
      30735.000 ns	      3072	80000cfc	0334b533	mulhu	x10,x9,x19	  x9:0x00000000 x19:0x00000000 x10=0x00000000
      30765.000 ns	      3075	80000d00	0219ffb3	remu	x31,x19,x1	 x19:0x00000000  x1:0x00000000 x31=0x00000000
      30795.000 ns	      3078	80000d04	20e48553	fsgnj.s	f10,f9,f14	  f9:0x82000000 f14:0x00000000 f10=0x02000000
      30825.000 ns	      3081	80000d08	0259c2b3	div	x5,x19,x5	 x19:0x00000000  x5:0x00000000  x5=0xffffffff
      30855.000 ns	      3084	80000d0c	299b8253	fmin.s	f4,f23,f25	 f23:0x4f000412 f25:0x00000000  f4=0x00000000
      30885.000 ns	      3087	80000d10	d01ba153	fcvt.s.wu	f2,x23	 x23:0x00000000  f2=0x00000000
      30915.000 ns	      3090	80000d14	c00a98d3	fcvt.w.s	x17,f21	 f21:0x7fc00000 x17=0x7fffffff
      30935.000 ns	      3092	80000d18	dab58813	addi	x16,x11,-597	 x11:0x80041024 x16=0x80040dcf
      30945.000 ns	      3093	80000d1c	bd50a493	slti	x9,x1,-1067	  x1:0x00000000  x9=0x00000000
      30955.000 ns	      3094	80000d20	00d18f33	add	x30,x3,x13	  x3:0x0fff7e7a x13:0x00000000 x30=0x0fff7e7a
      30975.000 ns	      3096	80000d24	03fc48b3	div	x17,x24,x31	 x24:0xc2fbf000 x31:0x00000000 x17=0xffffffff
      30995.000 ns	      3098	80000d28	91b28f97	auipc	x31,0x91b28	 x31=0x11b28d28
      31015.000 ns	      3100	80000d2c	28918f53	fmin.s	f30,f3,f9	  f3:0x7fc00000  f9:0x82000000 f30=0x82000000
      31385.000 ns	      3137	80000d30	03b4dcb3	divu	x25,x9,x27	  x9:0x00000000 x27:0x00000001 x25=0x00000000
      31415.000 ns	      3140	80000d34	d0004dd3	fcvt.s.w	f27,x0	  x0:0x00000000 f27=0x00000000
      31445.000 ns	      3143	80000d38	c01879d3	fcvt.wu.s	x19,f16	 f16:0x82000000 x19=0x00000000
      31465.000 ns	      3145	80000d3c	01f80633	add	x12,x16,x31	 x16:0x80040dcf x31:0x11b28d28 x12=0x91b69af7
      31485.000 ns	      3147	80000d40	a1299cd3	flt.s	x25,f19,f18	 f19:0x00000000 f18:0x0036436c x25=0x00000001
      31505.000 ns	      3149	80000d44	00000013	addi	x0,x0,0	  x0:0x00000000
      31525.000 ns	      3151	80000d48	20d3a753	fsgnjx.s	f14,f7,f13	  f7:0x7fc00000 f13:0xffc00000 f14=0xffc00000
      31555.000 ns	      3154	80000d4c	021d5533	divu	x10,x26,x1	 x26:0x00000001  x1:0x00000000 x10=0xffffffff
      31585.000 ns	      3157	80000d50	d01aa453	fcvt.s.wu	f8,x21	 x21:0x00000000  f8=0x00000000
      31955.000 ns	      3194	80000d54	03a8efb3	rem	x31,x17,x26	 x17:0xffffffff x26:0x00000001 x31=0x00000000
      31985.000 ns	      3197	80000d58	d0177c53	fcvt.s.wu	f24,x14	 x14:0x00000010 f24=0x41800000
      32005.000 ns	      3199	80000d5c	e88b6497	auipc	x9,0xe88b6	  x9=0x688b6d5c
      32015.000 ns	      3200	80000d60	8d306c97	auipc	x25,0x8d306	 x25=0x0d306d60
      32375.000 ns	      3236	80000d64	025d46b3	div	x13,x26,x5	 x26:0x00000001  x5:0xffffffff x13=0xffffffff
      32425.000 ns	      3241	80000d68	0077f253	fadd.s	f4,f15,f7	 f15:0x00000000  f7:0x7fc00000  f4=0x7fc00000
      32465.000 ns	      3245	80000d6c	11d7f9d3	fmul.s	f19,f15,f29	 f15:0x00000000 f29:0x00000000 f19=0x00000000
      32485.000 ns	      3247	80000d70	01dea833	slt	x16,x29,x29	 x29:0x00000000 x29:0x00000000 x16=0x00000000
      32845.000 ns	      3283	80000d74	02b9d4b3	divu	x9,x19,x11	 x19:0x00000000 x11:0x80041024  x9=0x00000000
      32865.000 ns	      3285	80000d78	413ad6b3	sra	x13,x21,x19	 x21:0x00000000 x19:0x00000000 x13=0x00000000
      32875.000 ns	      3286	80000d7c	00166533	or	x10,x12,x1	 x12:0x91b69af7  x1:0x00000000 x10=0x91b69af7
      32915.000 ns	      3290	80000d80	005c4ad3	fadd.s	f21,f24,f5	 f24:0x41800000  f5:0x00000000 f21=0x41800000
      32965.000 ns	      3295	80000d84	005ffc53	fadd.s	f24,f31,f5	 f31:0xcefff7df  f5:0x00000000 f24=0xcefff7df
      32995.000 ns	      3298	80000d88	025e3533	mulhu	x10,x28,x5	 x28:0x00000001  x5:0xffffffff x10=0x00000000
      33025.000 ns	      3301	80000d8c	a0649cd3	flt.s	x25,f9,f6	  f9:0x82000000  f6:0x7fc00000 x25=0x00000000
      33055.000 ns	      3304	80000d90	022ea6b3	mulhsu	x13,x29,x2	 x29:0x00000000  x2:0xffffff00 x13=0x00000000
      33075.000 ns	      3306	80000d94	21893237	lui	x4,0x21893	  x4=0x21893000
      33095.000 ns	      3308	80000d98	28229453	fmax.s	f8,f5,f2	  f5:0x00000000  f2:0x00000000  f8=0x00000000
      33125.000 ns	      3311	80000d9c	c0084bd3	fcvt.w.s	x23,f16	 f16:0x82000000 x23=0x00000000
      33145.000 ns	      3313	80000da0	01391e33	sll	x28,x18,x19	 x18:0x00000000 x19:0x00000000 x28=0x00000000
      33165.000 ns	      3315	80000da4	a05c2ad3	feq.s	x21,f24,f5	 f24:0xcefff7df  f5:0x00000000 x21=0x00000000
      33195.000 ns	      3318	80000da8	02d906b3	mul	x13,x18,x13	 x18:0x00000000 x13:0x00000000 x13=0x00000000
      33225.000 ns	      3321	80000dac	021301b3	mul	x3,x6,x1	  x6:0xfffffff9  x1:0x00000000  x3=0x00000000
      33245.000 ns	      3323	80000db0	d8fc2337	lui	x6,0xd8fc2	  x6=0xd8fc2000
      33265.000 ns	      3325	80000db4	a1931c53	flt.s	x24,f6,f25	  f6:0x7fc00000 f25:0x00000000 x24=0x00000000
      33295.000 ns	      3328	80000db8	d016c553	fcvt.s.wu	f10,x13	 x13:0x00000000 f10=0x00000000
      33315.000 ns	      3330	80000dbc	4d7b4f93	xori	x31,x22,1239	 x22:0x00000000 x31=0x000004d7
      33335.000 ns	      3332	80000dc0	29d38dd3	fmin.s	f27,f7,f29	  f7:0x7fc00000 f29:0x00000000 f27=0x00000000
      33365.000 ns	      3335	80000dc4	f00f0bd3	fmv.w.x	f23,x30	 x30:0x0fff7e7a f23=0x0fff7e7a
      33385.000 ns	      3337	80000dc8	6e426513	ori	x10,x4,1764	  x4:0x21893000 x10=0x218936e4
      33395.000 ns	      3338	80000dcc	390b3c13	sltiu	x24,x22,912	 x22:0x00000000 x24=0x00000001
      33405.000 ns	      3339	80000dd0	407adf13	srai	x30,x21,0x7	 x21:0x00000000 x30=0x00000000
      33445.000 ns	      3343	80000dd4	01019553	fadd.s	f10,f3,f16	  f3:0x7fc00000 f16:0x82000000 f10=0x7fc00000
      33465.000 ns	      3345	80000dd8	2181cc13	xori	x24,x3,536	  x3:0x00000000 x24=0x00000218
      33485.000 ns	      3347	80000ddc	02dd5933	divu	x18,x26,x13	 x26:0x00000001 x13:0x00000000 x18=0xffffffff
      33515.000 ns	      3350	80000de0	20fd1453	fsgnjn.s	f8,f26,f15	 f26:0x00000000 f15:0x00000000  f8=0x80000000
      33545.000 ns	      3353	80000de4	e0090d53	fmv.x.w	x26,f18	 f18:0x0036436c x26=0x0036436c
      33565.000 ns	      3355	80000de8	007eacb3	slt	x25,x29,x7	 x29:0x00000000  x7:0x00005a85 x25=0x00000001
      33575.000 ns	      3356	80000dec	33467697	auipc	x13,0x33467	 x13=0xb3467dec
      33595.000 ns	      3358	80000df0	285f9dd3	fmax.s	f27,f31,f5	 f31:0xcefff7df  f5:0x00000000 f27=0x00000000
      33625.000 ns	      3361	80000df4	20662653	fsgnjx.s	f12,f12,f6	 f12:0x80000000  f6:0x7fc00000 f12=0x80000000
      33665.000 ns	      3365	80000df8	109cb4d3	fmul.s	f9,f25,f9	 f25:0x00000000  f9:0x82000000  f9=0x80000000
      33695.000 ns	      3368	80000dfc	c0107dd3	fcvt.wu.s	x27,f0	  f0:0x00000000 x27=0x00000000
      33715.000 ns	      3370	80000e00	ccff80b7	lui	x1,0xccff8	  x1=0xccff8000
      33735.000 ns	      3372	80000e04	a0dc0753	fle.s	x14,f24,f13	 f24:0xcefff7df f13:0xffc00000 x14=0x00000000
      33755.000 ns	      3374	80000e08	01aed093	srli	x1,x29,0x1a	 x29:0x00000000  x1=0x00000000
      33765.000 ns	      3375	80000e0c	01b6dc33	srl	x24,x13,x27	 x13:0xb3467dec x27:0x00000000 x24=0xb3467dec
      33775.000 ns	      3376	80000e10	0046cdb3	xor	x27,x13,x4	 x13:0xb3467dec  x4:0x21893000 x27=0x92cf4dec
      33785.000 ns	      3377	80000e14	5a66fc37	lui	x24,0x5a66f	 x24=0x5a66f000
      33795.000 ns	      3378	80000e18	ee212393	slti	x7,x2,-286	  x2:0xffffff00  x7=0x00000000
      33815.000 ns	      3380	80000e1c	03b1ad33	mulhsu	x26,x3,x27	  x3:0x00000000 x27:0x92cf4dec x26=0x00000000
      33835.000 ns	      3382	80000e20	00fd2733	slt	x14,x26,x15	 x26:0x0036436c x15:0xf9c13d14 x14=0x00000000
      33855.000 ns	      3384	80000e24	03130033	mul	x0,x6,x17	  x6:0xd8fc2000 x17:0xffffffff
      33875.000 ns	      3386	80000e28	01c024b3	slt	x9,x0,x28	  x0:0x00000000 x28:0x00000000  x9=0x00000000
      34235.000 ns	      3422	80000e2c	03f060b3	rem	x1,x0,x31	  x0:0x00000000 x31:0x000004d7  x1=0x00000000
      34275.000 ns	      3426	80000e30	11d2b4d3	fmul.s	f9,f5,f29	  f5:0x00000000 f29:0x00000000  f9=0x00000000
      34295.000 ns	      3428	80000e34	01921c33	sll	x24,x4,x25	  x4:0x21893000 x25:0x00000001 x24=0x43126000
      34655.000 ns	      3464	80000e38	03fe5d33	divu	x26,x28,x31	 x28:0x00000000 x31:0x000004d7 x26=0x00000000
      34675.000 ns	      3466	80000e3c	018379b3	and	x19,x6,x24	  x6:0xd8fc2000 x24:0x5a66f000 x19=0x40102000
      34695.000 ns	      3468	80000e40	c01f41d3	fcvt.wu.s	x3,f30	 f30:0x82000000  x3=0x00000000
      35065.000 ns	      3505	80000e44	02b64933	div	x18,x12,x11	 x12:0x91b69af7 x11:0x80041024 x18=0x00000000
      35095.000 ns	      3508	80000e48	0293dc33	divu	x24,x7,x9	  x7:0x00000000  x9:0x00000000 x24=0xffffffff
      35115.000 ns	      3510	80000e4c	012bdb13	srli	x22,x23,0x12	 x23:0x00000000 x22=0x00000000
      35475.000 ns	      3546	80000e50	0262d9b3	divu	x19,x5,x6	  x5:0xffffffff  x6:0xd8fc2000 x19=0x00000001
      35495.000 ns	      3548	80000e54	0095a133	slt	x2,x11,x9	 x11:0x80041024  x9:0x00000000  x2=0x00000001
      35525.000 ns	      3551	80000e58	1938c453	fdiv.s	f8,f17,f19	 f17:0x82000000 f19:0x00000000  f8=0xff800000
      35545.000 ns	      3553	80000e5c	01ee8eb3	add	x29,x29,x30	 x29:0x00000000 x30:0x00000000 x29=0x00000000
      35555.000 ns	      3554	80000e60	00071cb3	sll	x25,x14,x0	 x14:0x00000000  x0:0x00000000 x25=0x00000000
      35565.000 ns	      3555	80000e64	b9d9ae13	slti	x28,x19,-1123	 x19:0x00000001 x28=0x00000000
      35575.000 ns	      3556	80000e68	decb7e13	andi	x28,x22,-532	 x22:0x00000000 x28=0x00000000
      35605.000 ns	      3559	80000e6c	1989f0d3	fdiv.s	f1,f19,f24	 f19:0x00000000 f24:0xcefff7df  f1=0x80000000
      35625.000 ns	      3561	80000e70	01e06cb3	or	x25,x0,x30	  x0:0x00000000 x30:0x00000000 x25=0x00000000
      35635.000 ns	      3562	80000e74	01952933	slt	x18,x10,x25	 x10:0x218936e4 x25:0x00000000 x18=0x00000000
      35665.000 ns	      3565	80000e78	18e52ed3	fdiv.s	f29,f10,f14	 f10:0x7fc00000 f14:0xffc00000 f29=0x7fc00000
      35685.000 ns	      3567	80000e7c	00ec3e33	sltu	x28,x24,x14	 x24:0xffffffff x14:0x00000000 x28=0x00000000
      35695.000 ns	      3568	80000e80	7679c613	xori	x12,x19,1895	 x19:0x00000001 x12=0x00000766
      35715.000 ns	      3570	80000e84	03a11f33	mulh	x30,x2,x26	  x2:0x00000001 x26:0x00000000 x30=0x00000000
      35735.000 ns	      3572	80000e88	00749b93	slli	x23,x9,0x7	  x9:0x00000000 x23=0x00000000
      35755.000 ns	      3574	80000e8c	a0442e53	feq.s	x28,f8,f4	  f8:0xff800000  f4:0x7fc00000 x28=0x00000000
      35785.000 ns	      3577	80000e90	c01fc953	fcvt.wu.s	x18,f31	 f31:0xcefff7df x18=0x7ffbef80
      35815.000 ns	      3580	80000e94	a0f222d3	feq.s	x5,f4,f15	  f4:0x7fc00000 f15:0x00000000  x5=0x00000000
      35845.000 ns	      3583	80000e98	022ebbb3	mulhu	x23,x29,x2	 x29:0x00000000  x2:0x00000001 x23=0x00000000
      35885.000 ns	      3587	80000e9c	580145d3	fsqrt.s	f11,f2	  f2:0x00000000 f11=0x00000000
      35905.000 ns	      3589	80000ea0	0eaa0513	addi	x10,x20,234	 x20:0x00000000 x10=0x000000ea
      35915.000 ns	      3590	80000ea4	015f6db3	or	x27,x30,x21	 x30:0x00000000 x21:0x00000000 x27=0x00000000
      35935.000 ns	      3592	80000ea8	210087d3	fsgnj.s	f15,f1,f16	  f1:0x80000000 f16:0x82000000 f15=0x80000000
      35965.000 ns	      3595	80000eac	a0e52dd3	feq.s	x27,f10,f14	 f10:0x7fc00000 f14:0xffc00000 x27=0x00000000
      35985.000 ns	      3597	80000eb0	40b00133	sub	x2,x0,x11	  x0:0x00000000 x11:0x80041024  x2=0x7ffbefdc
      36005.000 ns	      3599	80000eb4	036401b3	mul	x3,x8,x22	  x8:0x80040fe4 x22:0x00000000  x3=0x00000000
      36025.000 ns	      3601	80000eb8	6414f0b7	lui	x1,0x6414f	  x1=0x6414f000
      36385.000 ns	      3637	80000ebc	0313fc33	remu	x24,x7,x17	  x7:0x00000000 x17:0xffffffff x24=0x00000000
      36415.000 ns	      3640	80000ec0	c01721d3	fcvt.wu.s	x3,f14	 f14:0xffc00000  x3=0xffffffff
      36445.000 ns	      3643	80000ec4	20150ad3	fsgnj.s	f21,f10,f1	 f10:0x7fc00000  f1:0x80000000 f21=0xffc00000
      36475.000 ns	      3646	80000ec8	29e68ad3	fmin.s	f21,f13,f30	 f13:0xffc00000 f30:0x82000000 f21=0x82000000
      36495.000 ns	      3648	80000ecc	01b71333	sll	x6,x14,x27	 x14:0x00000000 x27:0x00000000  x6=0x00000000
      36515.000 ns	      3650	80000ed0	039beeb3	rem	x29,x23,x25	 x23:0x00000000 x25:0x00000000 x29=0x00000000
      36535.000 ns	      3652	80000ed4	01877233	and	x4,x14,x24	 x14:0x00000000 x24:0x00000000  x4=0x00000000
      36545.000 ns	      3653	80000ed8	948e6013	ori	x0,x28,-1720	 x28:0x00000000
      36555.000 ns	      3654	80000edc	b36efc13	andi	x24,x29,-1226	 x29:0x00000000 x24=0x00000000
      36575.000 ns	      3656	80000ee0	f0028553	fmv.w.x	f10,x5	  x5:0x00000000 f10=0x00000000
      36605.000 ns	      3659	80000ee4	28fb0453	fmin.s	f8,f22,f15	 f22:0x00000000 f15:0x80000000  f8=0x80000000
      36655.000 ns	      3664	80000ee8	083573d3	fsub.s	f7,f10,f3	 f10:0x00000000  f3:0x7fc00000  f7=0x7fc00000
      36675.000 ns	      3666	80000eec	0123b233	sltu	x4,x7,x18	  x7:0x00000000 x18:0x7ffbef80  x4=0x00000001
      36685.000 ns	      3667	80000ef0	40648833	sub	x16,x9,x6	  x9:0x00000000  x6:0x00000000 x16=0x00000000
      36705.000 ns	      3669	80000ef4	03049733	mulh	x14,x9,x16	  x9:0x00000000 x16:0x00000000 x14=0x00000000
      36725.000 ns	      3671	80000ef8	30c9ad13	slti	x26,x19,780	 x19:0x00000001 x26=0x00000001
      36745.000 ns	      3673	80000efc	29ae0d53	fmin.s	f26,f28,f26	 f28:0x00000001 f26:0x00000000 f26=0x00000000
      36765.000 ns	      3675	80000f00	62f67993	andi	x19,x12,1583	 x12:0x00000766 x19=0x00000626
      36775.000 ns	      3676	80000f04	00471f13	slli	x30,x14,0x4	 x14:0x00000000 x30=0x00000000
      37135.000 ns	      3712	80000f08	022070b3	remu	x1,x0,x2	  x0:0x00000000  x2:0x7ffbefdc  x1=0x00000000
      37165.000 ns	      3715	80000f0c	e00902d3	fmv.x.w	x5,f18	 f18:0x0036436c  x5=0x0036436c
      37215.000 ns	      3720	80000f10	014abfd3	fadd.s	f31,f21,f20	 f21:0x82000000 f20:0xcefff7df f31=0xcefff7df
      37245.000 ns	      3723	80000f14	a1682153	feq.s	x2,f16,f22	 f16:0x82000000 f22:0x00000000  x2=0x00000000
      37265.000 ns	      3725	80000f18	1edc6e17	auipc	x28,0x1edc6	 x28=0x9edc6f18
      37285.000 ns	      3727	80000f1c	0389d133	divu	x2,x19,x24	 x19:0x00000626 x24:0x00000000  x2=0xffffffff
      37305.000 ns	      3729	80000f20	01bd24b3	slt	x9,x26,x27	 x26:0x00000001 x27:0x00000000  x9=0x00000000
      37325.000 ns	      3731	80000f24	a09891d3	flt.s	x3,f17,f9	 f17:0x82000000  f9:0x00000000  x3=0x00000001
      37345.000 ns	      3733	80000f28	00ccbd33	sltu	x26,x25,x12	 x25:0x00000000 x12:0x00000766 x26=0x00000001
      37355.000 ns	      3734	80000f2c	419ad533	sra	x10,x21,x25	 x21:0x00000000 x25:0x00000000 x10=0x00000000
      37365.000 ns	      3735	80000f30	242deb17	auipc	x22,0x242de	 x22=0xa42def30
      37375.000 ns	      3736	80000f34	40bf56b3	sra	x13,x30,x11	 x30:0x00000000 x11:0x80041024 x13=0x00000000
      37395.000 ns	      3738	80000f38	e00512d3	fclass.s	x5,f10	 f10:0x00000000  x5=0x00000010
      37425.000 ns	      3741	80000f3c	03818bb3	mul	x23,x3,x24	  x3:0x00000001 x24:0x00000000 x23=0x00000000
      37455.000 ns	      3744	80000f40	024c0eb3	mul	x29,x24,x4	 x24:0x00000000  x4:0x00000001 x29=0x00000000
      37485.000 ns	      3747	80000f44	03567c33	remu	x24,x12,x21	 x12:0x00000766 x21:0x00000000 x24=0x00000766
      37855.000 ns	      3784	80000f48	028cecb3	rem	x25,x25,x8	 x25:0x00000000  x8:0x80040fe4 x25=0x00000000
      37885.000 ns	      3787	80000f4c	0341bbb3	mulhu	x23,x3,x20	  x3:0x00000001 x20:0x00000000 x23=0x00000000
      37905.000 ns	      3789	80000f50	01928033	add	x0,x5,x25	  x5:0x00000010 x25:0x00000000
      37925.000 ns	      3791	80000f54	29fd0b53	fmin.s	f22,f26,f31	 f26:0x00000000 f31:0xcefff7df f22=0xcefff7df
      37945.000 ns	      3793	80000f58	8133cb13	xori	x22,x7,-2029	  x7:0x00000000 x22=0xfffff813
      37955.000 ns	      3794	80000f5c	66aef193	andi	x3,x29,1642	 x29:0x00000000  x3=0x00000000
      38315.000 ns	      3830	80000f60	03f6fc33	remu	x24,x13,x31	 x13:0x00000000 x31:0x000004d7 x24=0x00000000
      38335.000 ns	      3832	80000f64	a9bbbe93	sltiu	x29,x23,-1381	 x23:0x00000000 x29=0x00000001
      38365.000 ns	      3835	80000f68	112073d3	fmul.s	f7,f0,f18	  f0:0x00000000 f18:0x0036436c  f7=0x00000000
      38385.000 ns	      3837	80000f6c	6e452913	slti	x18,x10,1764	 x10:0x00000000 x18=0x00000001
      38395.000 ns	      3838	80000f70	01dd5e33	srl	x28,x26,x29	 x26:0x00000001 x29:0x00000001 x28=0x00000000
      38415.000 ns	      3840	80000f74	03795f33	divu	x30,x18,x23	 x18:0x7ffbef80 x23:0x00000000 x30=0xffffffff
      38435.000 ns	      3842	80000f78	7d17ed17	auipc	x26,0x7d17e	 x26=0xfd17ef78
      38445.000 ns	      3843	80000f7c	41015913	srai	x18,x2,0x10	  x2:0xffffffff x18=0xffffffff
      38465.000 ns	      3845	80000f80	e00a1c53	fclass.s	x24,f20	 f20:0xcefff7df x24=0x00000002
      38485.000 ns	      3847	80000f84	00b9dab3	srl	x21,x19,x11	 x19:0x00000626 x11:0x80041024 x21=0x00000062
      38525.000 ns	      3851	80000f88	01772353	fadd.s	f6,f14,f23	 f14:0xffc00000 f23:0x0fff7e7a  f6=0x7fc00000
      38555.000 ns	      3854	80000f8c	a0b68b53	fle.s	x22,f13,f11	 f13:0xffc00000 f11:0x00000000 x22=0x00000000
      38575.000 ns	      3856	80000f90	56d2ff13	andi	x30,x5,1389	  x5:0x00000010 x30=0x00000000
      38585.000 ns	      3857	80000f94	019b40b3	xor	x1,x22,x25	 x22:0x00000000 x25:0x00000000  x1=0x00000000
      38605.000 ns	      3859	80000f98	28178453	fmin.s	f8,f15,f1	 f15:0x80000000  f1:0x80000000  f8=0x80000000
      38625.000 ns	      3861	80000f9c	00081913	slli	x18,x16,0x0	 x16:0x00000000 x18=0x00000000
      38635.000 ns	      3862	80000fa0	005fef33	or	x30,x31,x5	 x31:0x000004d7  x5:0x00000010 x30=0x000004d7
      38645.000 ns	      3863	80000fa4	00e09b13	slli	x22,x1,0xe	  x1:0x00000000 x22=0x00000000
      38655.000 ns	      3864	80000fa8	0147f9b3	and	x19,x15,x20	 x15:0xf9c13d14 x20:0x00000000 x19=0x00000000
      38675.000 ns	      3866	80000fac	d01df453	fcvt.s.wu	f8,x27	 x27:0x00000000  f8=0x00000000
      38695.000 ns	      3868	80000fb0	5f800c93	addi	x25,x0,1528	  x0:0x00000000 x25=0x000005f8
      39055.000 ns	      3904	80000fb4	02fcf333	remu	x6,x25,x15	 x25:0x00000000 x15:0xf9c13d14  x6=0x000005f8
      39085.000 ns	      3907	80000fb8	e00294d3	fclass.s	x9,f5	  f5:0x00000000  x9=0x00000010
      39105.000 ns	      3909	80000fbc	5a56b493	sltiu	x9,x13,1445	 x13:0x00000000  x9=0x00000001
      39115.000 ns	      3910	80000fc0	c3c88693	addi	x13,x17,-964	 x17:0xffffffff x13=0xfffffc3b
      39125.000 ns	      3911	80000fc4	37c00993	addi	x19,x0,892	  x0:0x00000000 x19=0x0000037c
      39135.000 ns	      3912	80000fc8	00e823b3	slt	x7,x16,x14	 x16:0x00000000 x14:0x00000000  x7=0x00000000
      39145.000 ns	      3913	80000fcc	0115f933	and	x18,x11,x17	 x11:0x80041024 x17:0xffffffff x18=0x80041024
      39165.000 ns	      3915	80000fd0	a0de1dd3	flt.s	x27,f28,f13	 f28:0x00000001 f13:0xffc00000 x27=0x00000000
      39195.000 ns	      3918	80000fd4	a04c8fd3	fle.s	x31,f25,f4	 f25:0x00000000  f4:0x7fc00000 x31=0x00000000
      39235.000 ns	      3922	80000fd8	180e7c53	fdiv.s	f24,f28,f0	 f28:0x00000001  f0:0x00000000 f24=0x7f800000
      39265.000 ns	      3925	80000fdc	a0ef9a53	flt.s	x20,f31,f14	 f31:0xcefff7df f14:0xffc00000 x20=0x00000000
      39295.000 ns	      3928	80000fe0	0338a333	mulhsu	x6,x17,x19	 x17:0xffffffff x19:0x0000037c  x6=0xffffffff
      39315.000 ns	      3930	80000fe4	dc75be93	sltiu	x29,x11,-569	 x11:0x80041024 x29=0x00000001
      39325.000 ns	      3931	80000fe8	008acd33	xor	x26,x21,x8	 x21:0x00000062  x8:0x80040fe4 x26=0x80040f86
      39345.000 ns	      3933	80000fec	c004f153	fcvt.w.s	x2,f9	  f9:0x00000000  x2=0x00000000
      39385.000 ns	      3937	80000ff0	1160f1d3	fmul.s	f3,f1,f22	  f1:0x80000000 f22:0xcefff7df  f3=0x00000000
      39415.000 ns	      3940	80000ff4	e00788d3	fmv.x.w	x17,f15	 f15:0x80000000 x17=0x80000000
      39435.000 ns	      3942	80000ff8	01031d33	sll	x26,x6,x16	  x6:0xffffffff x16:0x00000000 x26=0xffffffff
      39455.000 ns	      3944	80000ffc	d01b7e53	fcvt.s.wu	f28,x22	 x22:0x00000000 f28=0x00000000
      39475.000 ns	      3946	80001000	00e4dd33	srl	x26,x9,x14	  x9:0x00000001 x14:0x00000000 x26=0x00000001
      39495.000 ns	      3948	80001004	c00ff153	fcvt.w.s	x2,f31	 f31:0xcefff7df  x2=0x7ffbef80
      39525.000 ns	      3951	80001008	037bccb3	div	x25,x23,x23	 x23:0x00000000 x23:0x00000000 x25=0xffffffff
      39545.000 ns	      3953	8000100c	00f0afb3	slt	x31,x1,x15	  x1:0x00000000 x15:0xf9c13d14 x31=0x00000000
      39575.000 ns	      3956	80001010	5802f6d3	fsqrt.s	f13,f5	  f5:0x00000000 f13=0x00000000
      39595.000 ns	      3958	80001014	4c164513	xori	x10,x12,1217	 x12:0x00000766 x10=0x000003a7
      39605.000 ns	      3959	80001018	eb7bec93	ori	x25,x23,-329	 x23:0x00000000 x25=0xfffffeb7
      39625.000 ns	      3961	8000101c	d017be53	fcvt.s.wu	f28,x15	 x15:0xf9c13d14 f28=0x4f79c13e
      39645.000 ns	      3963	80001020	010b5b93	srli	x23,x22,0x10	 x22:0x00000000 x23=0x00000000
      39655.000 ns	      3964	80001024	0006c0b3	xor	x1,x13,x0	 x13:0xfffffc3b  x0:0x00000000  x1=0xfffffc3b
      39675.000 ns	      3966	80001028	e00016d3	fclass.s	x13,f0	  f0:0x00000000 x13=0x00000010
      39705.000 ns	      3969	8000102c	e00b90d3	fclass.s	x1,f23	 f23:0x0fff7e7a  x1=0x00000040
      39735.000 ns	      3972	80001030	a07a13d3	flt.s	x7,f20,f7	 f20:0xcefff7df  f7:0x00000000  x7=0x00000001
      39755.000 ns	      3974	80001034	00da71b3	and	x3,x20,x13	 x20:0x00000000 x13:0x00000010  x3=0x00000000
      39785.000 ns	      3977	80001038	183bb853	fdiv.s	f16,f23,f3	 f23:0x0fff7e7a  f3:0x00000000 f16=0x7f800000
      39805.000 ns	      3979	8000103c	405e5893	srai	x17,x28,0x5	 x28:0x00000000 x17=0x00000000
      39835.000 ns	      3982	80001040	1826fed3	fdiv.s	f29,f13,f2	 f13:0x00000000  f2:0x00000000 f29=0x7fc00000
      39875.000 ns	      3986	80001044	11b42fd3	fmul.s	f31,f8,f27	  f8:0x00000000 f27:0x00000000 f31=0x00000000
      39895.000 ns	      3988	80001048	01f2d8b3	srl	x17,x5,x31	  x5:0x00000010 x31:0x00000000 x17=0x00000010
      39915.000 ns	      3990	8000104c	21ab2dd3	fsgnjx.s	f27,f22,f26	 f22:0xcefff7df f26:0x00000000 f27=0xcefff7df
      39935.000 ns	      3992	80001050	019e9233	sll	x4,x29,x25	 x29:0x00000001 x25:0xfffffeb7  x4=0x00800000
      39955.000 ns	      3994	80001054	28908553	fmin.s	f10,f1,f9	  f1:0x80000000  f9:0x00000000 f10=0x80000000
      39985.000 ns	      3997	80001058	2134add3	fsgnjx.s	f27,f9,f19	  f9:0x00000000 f19:0x00000000 f27=0x00000000
      40005.000 ns	      3999	8000105c	011c86b3	add	x13,x25,x17	 x25:0xfffffeb7 x17:0x00000010 x13=0xfffffec7
      40015.000 ns	      4000	80001060	fe94c513	xori	x10,x9,-23	  x9:0x00000001 x10=0xffffffe8
      40025.000 ns	      4001	80001064	c1d46913	ori	x18,x8,-995	  x8:0x80040fe4 x18=0xfffffffd
      40045.000 ns	      4003	80001068	037c0bb3	mul	x23,x24,x23	 x24:0x00000002 x23:0x00000000 x23=0x00000000
      40085.000 ns	      4007	8000106c	5806ff53	fsqrt.s	f30,f13	 f13:0x00000000 f30=0x00000000
      40115.000 ns	      4010	80001070	03403233	mulhu	x4,x0,x20	  x0:0x00000000 x20:0x00000000  x4=0x00000000
      40135.000 ns	      4012	80001074	7f37fd13	andi	x26,x15,2035	 x15:0xf9c13d14 x26=0x00000510
      40155.000 ns	      4014	80001078	e0070f53	fmv.x.w	x30,f14	 f14:0xffc00000 x30=0xffc00000
      40175.000 ns	      4016	8000107c	00000013	addi	x0,x0,0	  x0:0x00000000
      40215.000 ns	      4020	80001080	0030cf53	fadd.s	f30,f1,f3	  f1:0x80000000  f3:0x00000000 f30=0x00000000
      40585.000 ns	      4057	80001084	03d16db3	rem	x27,x2,x29	  x2:0x7ffbef80 x29:0x00000001 x27=0x00000000
      40955.000 ns	      4094	80001088	03a3e833	rem	x16,x7,x26	  x7:0x00000001 x26:0x00000510 x16=0x00000001
      40975.000 ns	      4096	8000108c	411408b3	sub	x17,x8,x17	  x8:0x80040fe4 x17:0x00000010 x17=0x80040fd4
      40995.000 ns	      4098	80001090	03522bb3	mulhsu	x23,x4,x21	  x4:0x00000000 x21:0x00000062 x23=0x00000000
      41015.000 ns	      4100	80001094	886b88b7	lui	x17,0x886b8	 x17=0x886b8000
      41035.000 ns	      4102	80001098	0210bc33	mulhu	x24,x1,x1	  x1:0x00000040  x1:0x00000040 x24=0x00000000
      41055.000 ns	      4104	8000109c	01a34f33	xor	x30,x6,x26	  x6:0xffffffff x26:0x00000510 x30=0xfffffaef
      41075.000 ns	      4106	800010a0	21ea9253	fsgnjn.s	f4,f21,f30	 f21:0x82000000 f30:0x00000000  f4=0x82000000
      41095.000 ns	      4108	800010a4	01d628b3	slt	x17,x12,x29	 x12:0x00000766 x29:0x00000001 x17=0x00000000
      41115.000 ns	      4110	800010a8	037114b3	mulh	x9,x2,x23	  x2:0x7ffbef80 x23:0x00000000  x9=0x00000000
      41145.000 ns	      4113	800010ac	213d1ed3	fsgnjn.s	f29,f26,f19	 f26:0x00000000 f19:0x00000000 f29=0x80000000
      41175.000 ns	      4116	800010b0	c00676d3	fcvt.w.s	x13,f12	 f12:0x80000000 x13=0x00000000
      41195.000 ns	      4118	800010b4	5f726a13	ori	x20,x4,1527	  x4:0x00000000 x20=0x000005f7
      41205.000 ns	      4119	800010b8	400dd493	srai	x9,x27,0x0	 x27:0x00000000  x9=0x00000000
      41215.000 ns	      4120	800010bc	02e9fd93	andi	x27,x19,46	 x19:0x0000037c x27=0x0000002c
      41225.000 ns	      4121	800010c0	40578b33	sub	x22,x15,x5	 x15:0xf9c13d14  x5:0x00000010 x22=0xf9c13d04
      41245.000 ns	      4123	800010c4	030f3233	mulhu	x4,x30,x16	 x30:0xfffffaef x16:0x00000001  x4=0x00000000
      41275.000 ns	      4126	800010c8	e00894d3	fclass.s	x9,f17	 f17:0x82000000  x9=0x00000002
      41295.000 ns	      4128	800010cc	01247db3	and	x27,x8,x18	  x8:0x80040fe4 x18:0xfffffffd x27=0x80040fe4
      41305.000 ns	      4129	800010d0	00424933	xor	x18,x4,x4	  x4:0x00000000  x4:0x00000000 x18=0x00000000
      41315.000 ns	      4130	800010d4	01618ab3	add	x21,x3,x22	  x3:0x00000000 x22:0xf9c13d04 x21=0xf9c13d04
      41345.000 ns	      4133	800010d8	580f3553	fsqrt.s	f10,f30	 f30:0x00000000 f10=0x00000000
      41395.000 ns	      4138	800010dc	001c7753	fadd.s	f14,f24,f1	 f24:0x7f800000  f1:0x80000000 f14=0x7f800000
      41425.000 ns	      4141	800010e0	d01895d3	fcvt.s.wu	f11,x17	 x17:0x00000000 f11=0x00000000
      41445.000 ns	      4143	800010e4	2b4d3a13	sltiu	x20,x26,692	 x26:0x00000510 x20=0x00000000
      41455.000 ns	      4144	800010e8	40d3d633	sra	x12,x7,x13	  x7:0x00000001 x13:0x00000000 x12=0x00000001
      41475.000 ns	      4146	800010ec	a0532dd3	feq.s	x27,f6,f5	  f6:0x7fc00000  f5:0x00000000 x27=0x00000000
      41505.000 ns	      4149	800010f0	03b96a33	rem	x20,x18,x27	 x18:0x00000000 x27:0x80040fe4 x20=0x00000000
      41525.000 ns	      4151	800010f4	00a5f233	and	x4,x11,x10	 x11:0x80041024 x10:0xffffffe8  x4=0x80041020
      41535.000 ns	      4152	800010f8	0102b2b3	sltu	x5,x5,x16	  x5:0x00000010 x16:0x00000001  x5=0x00000000
      41545.000 ns	      4153	800010fc	000fd6b3	srl	x13,x31,x0	 x31:0x00000000  x0:0x00000000 x13=0x00000000
      41575.000 ns	      4156	80001100	580ecb53	fsqrt.s	f22,f29	 f29:0x80000000 f22=0x80000000
      41605.000 ns	      4159	80001104	c018f4d3	fcvt.wu.s	x9,f17	 f17:0x82000000  x9=0x00000000
      41625.000 ns	      4161	80001108	01bf3eb3	sltu	x29,x30,x27	 x30:0xfffffaef x27:0x00000000 x29=0x00000000
      41985.000 ns	      4197	8000110c	02885f33	divu	x30,x16,x8	 x16:0x00000001  x8:0x80040fe4 x30=0x00000000
      42015.000 ns	      4200	80001110	a10b0c53	fle.s	x24,f22,f16	 f22:0x80000000 f16:0x7f800000 x24=0x00000001
      42065.000 ns	      4205	80001114	00c91853	fadd.s	f16,f18,f12	 f18:0x0036436c f12:0x80000000 f16=0x0036436c
      42085.000 ns	      4207	80001118	00de1e13	slli	x28,x28,0xd	 x28:0x00000000 x28=0x00000000
      42125.000 ns	      4211	8000111c	09d81f53	fsub.s	f30,f16,f29	 f16:0x0036436c f29:0x80000000 f30=0x0036436c
      42155.000 ns	      4214	80001120	03fb6db3	rem	x27,x22,x31	 x22:0xf9c13d04 x31:0x00000000 x27=0xf9c13d04
      42185.000 ns	      4217	80001124	02d43e33	mulhu	x28,x8,x13	  x8:0x80040fe4 x13:0x00000000 x28=0x00000000
      42205.000 ns	      4219	80001128	45e1b337	lui	x6,0x45e1b	  x6=0x45e1b000
      42215.000 ns	      4220	8000112c	5ff53a93	sltiu	x21,x10,1535	 x10:0xffffffe8 x21=0x00000000
      42575.000 ns	      4256	80001130	0287e8b3	rem	x17,x15,x8	 x15:0xf9c13d14  x8:0x80040fe4 x17=0xf9c13d14
      42605.000 ns	      4259	80001134	03d3cf33	div	x30,x7,x29	  x7:0x00000001 x29:0x00000000 x30=0xffffffff
      42625.000 ns	      4261	80001138	003770b3	and	x1,x14,x3	 x14:0x00000000  x3:0x00000000  x1=0x00000000
      42665.000 ns	      4265	8000113c	018976d3	fadd.s	f13,f18,f24	 f18:0x0036436c f24:0x7f800000 f13=0x7f800000
      42685.000 ns	      4267	80001140	004c1493	slli	x9,x24,0x4	 x24:0x00000001  x9=0x00000010
      42705.000 ns	      4269	80001144	29bd9fd3	fmax.s	f31,f27,f27	 f27:0x00000000 f27:0x00000000 f31=0x00000000
      42725.000 ns	      4271	80001148	40527c13	andi	x24,x4,1029	  x4:0x80041020 x24=0x00000000
      42745.000 ns	      4273	8000114c	a11208d3	fle.s	x17,f4,f17	  f4:0x82000000 f17:0x82000000 x17=0x00000001
      43115.000 ns	      4310	80001150	03627c33	remu	x24,x4,x22	  x4:0x80041020 x22:0xf9c13d04 x24=0x80041020
      43135.000 ns	      4312	80001154	cc60ab93	slti	x23,x1,-826	  x1:0x00000000 x23=0x00000000
      43145.000 ns	      4313	80001158	01ca81b3	add	x3,x21,x28	 x21:0x00000000 x28:0x00000000  x3=0x00000000
      43165.000 ns	      4315	8000115c	d01cf553	fcvt.s.wu	f10,x25	 x25:0xfffffeb7 f10=0x4f7ffffe
      43185.000 ns	      4317	80001160	01eb0833	add	x16,x22,x30	 x22:0xf9c13d04 x30:0xffffffff x16=0xf9c13d03
      43205.000 ns	      4319	80001164	c01d3dd3	fcvt.wu.s	x27,f26	 f26:0x00000000 x27=0x00000000
      43575.000 ns	      4356	80001168	02c5ddb3	divu	x27,x11,x12	 x11:0x80041024 x12:0x00000001 x27=0x80041024
      43605.000 ns	      4359	8000116c	a0f92853	feq.s	x16,f18,f15	 f18:0x0036436c f15:0x80000000 x16=0x00000000
      43625.000 ns	      4361	80001170	001f7cb3	and	x25,x30,x1	 x30:0xffffffff  x1:0x00000000 x25=0x00000000
      43645.000 ns	      4363	80001174	039ed4b3	divu	x9,x29,x25	 x29:0x00000000 x25:0xfffffeb7  x9=0xffffffff
      43675.000 ns	      4366	80001178	206193d3	fsgnjn.s	f7,f3,f6	  f3:0x00000000  f6:0x7fc00000  f7=0x80000000
      43695.000 ns	      4368	8000117c	00b37ab3	and	x21,x6,x11	  x6:0x45e1b000 x11:0x80041024 x21=0x00001000
      44055.000 ns	      4404	80001180	02b24033	div	x0,x4,x11	  x4:0x80041020 x11:0x80041024
      44095.000 ns	      4408	80001184	19fd0cd3	fdiv.s	f25,f26,f31	 f26:0x00000000 f31:0x00000000 f25=0x7fc00000
      44115.000 ns	      4410	80001188	01329bb3	sll	x23,x5,x19	  x5:0x00000000 x19:0x0000037c x23=0x00000000
      44135.000 ns	      4412	8000118c	21999b53	fsgnjn.s	f22,f19,f25	 f19:0x00000000 f25:0x7fc00000 f22=0x80000000
      44165.000 ns	      4415	80001190	f0088d53	fmv.w.x	f26,x17	 x17:0x00000001 f26=0x00000001
      44185.000 ns	      4417	80001194	4c27c293	xori	x5,x15,1218	 x15:0xf9c13d14  x5=0xf9c139d6
      44195.000 ns	      4418	80001198	008a9113	slli	x2,x21,0x8	 x21:0x00001000  x2=0x00100000
      44205.000 ns	      4419	8000119c	40ec5133	sra	x2,x24,x14	 x24:0x80041020 x14:0x00000000  x2=0x80041020
      44235.000 ns	      4422	800011a0	5806ccd3	fsqrt.s	f25,f13	 f13:0x7f800000 f25=0x7f800000
      44255.000 ns	      4424	800011a4	00589d13	slli	x26,x17,0x5	 x17:0x00000001 x26=0x00000020
      44265.000 ns	      4425	800011a8	39becd93	xori	x27,x29,923	 x29:0x00000000 x27=0x0000039b
      44285.000 ns	      4427	800011ac	a089a053	feq.s	x0,f19,f8	 f19:0x00000000  f8:0x00000000
      44305.000 ns	      4429	800011b0	44843513	sltiu	x10,x8,1096	  x8:0x80040fe4 x10=0x00000000
      44325.000 ns	      4431	800011b4	28e188d3	fmin.s	f17,f3,f14	  f3:0x00000000 f14:0x7f800000 f17=0x00000000
      44345.000 ns	      4433	800011b8	01cb0b37	lui	x22,0x1cb0	 x22=0x01cb0000
      44355.000 ns	      4434	800011bc	017e9e13	slli	x28,x29,0x17	 x29:0x00000000 x28=0x00000000
      44365.000 ns	      4435	800011c0	01b04c33	xor	x24,x0,x27	  x0:0x00000000 x27:0x0000039b x24=0x0000039b
      44375.000 ns	      4436	800011c4	0153a0b3	slt	x1,x7,x21	  x7:0x00000001 x21:0x00001000  x1=0x00000001
      44735.000 ns	      4472	800011c8	02c1f933	remu	x18,x3,x12	  x3:0x00000000 x12:0x00000001 x18=0x00000000
      44755.000 ns	      4474	800011cc	cc780d13	addi	x26,x16,-825	 x16:0x00000000 x26=0xfffffcc7
      44775.000 ns	      4476	800011d0	200d04d3	fsgnj.s	f9,f26,f0	 f26:0x00000001  f0:0x00000000  f9=0x00000001
      44805.000 ns	      4479	800011d4	a07e1053	flt.s	x0,f28,f7	 f28:0x4f79c13e  f7:0x80000000
      44825.000 ns	      4481	800011d8	42ccff97	auipc	x31,0x42ccf	 x31=0xc2cd01d8
      44845.000 ns	      4483	800011dc	025aaa33	mulhsu	x20,x21,x5	 x21:0x00001000  x5:0xf9c139d6 x20=0x00000f9c
      44865.000 ns	      4485	800011e0	00673933	sltu	x18,x14,x6	 x14:0x00000000  x6:0x45e1b000 x18=0x00000001
      45225.000 ns	      4521	800011e4	035ced33	rem	x26,x25,x21	 x25:0x00000000 x21:0x00001000 x26=0x00000000
      45245.000 ns	      4523	800011e8	8e0e7393	andi	x7,x28,-1824	 x28:0x00000000  x7=0x00000000
      45255.000 ns	      4524	800011ec	66eaab13	slti	x22,x21,1646	 x21:0x00001000 x22=0x00000000
      45265.000 ns	      4525	800011f0	41bc0833	sub	x16,x24,x27	 x24:0x0000039b x27:0x0000039b x16=0x00000000
      45275.000 ns	      4526	800011f4	25387313	andi	x6,x16,595	 x16:0x00000000  x6=0x00000000
      45635.000 ns	      4562	800011f8	034a5233	divu	x4,x20,x20	 x20:0x00000f9c x20:0x00000f9c  x4=0x00000001
      45655.000 ns	      4564	800011fc	01c2ea33	or	x20,x5,x28	  x5:0xf9c139d6 x28:0x00000000 x20=0xf9c139d6
      45695.000 ns	      4568	80001200	01da8653	fadd.s	f12,f21,f29	 f21:0x82000000 f29:0x80000000 f12=0x82000000
      45725.000 ns	      4571	80001204	e0058253	fmv.x.w	x4,f11	 f11:0x00000000  x4=0x00000000
      45765.000 ns	      4575	80001208	1072be53	fmul.s	f28,f5,f7	  f5:0x00000000  f7:0x80000000 f28=0x80000000
      45795.000 ns	      4578	8000120c	c00f7bd3	fcvt.w.s	x23,f30	 f30:0x0036436c x23=0x00000000
      45815.000 ns	      4580	80001210	76a5f113	andi	x2,x11,1898	 x11:0x80041024  x2=0x00000020
      45825.000 ns	      4581	80001214	b9fb3213	sltiu	x4,x22,-1121	 x22:0x00000000  x4=0x00000001
      45845.000 ns	      4583	80001218	033f0633	mul	x12,x30,x19	 x30:0xffffffff x19:0x0000037c x12=0xfffffc84
      45875.000 ns	      4586	8000121c	027afb33	remu	x22,x21,x7	 x21:0x00001000  x7:0x00000000 x22=0x00001000
      45895.000 ns	      4588	80001220	76e50a17	auipc	x20,0x76e50	 x20=0xf6e51220
      45915.000 ns	      4590	80001224	02080ab3	mul	x21,x16,x0	 x16:0x00000000  x0:0x00000000 x21=0x00000000
      45935.000 ns	      4592	80001228	007f5f93	srli	x31,x30,0x7	 x30:0xffffffff x31=0x01ffffff
      45945.000 ns	      4593	8000122c	00d61e13	slli	x28,x12,0xd	 x12:0xfffffc84 x28=0xff908000
      45965.000 ns	      4595	80001230	03a6e833	rem	x16,x13,x26	 x13:0x00000000 x26:0x00000000 x16=0x00000000
      45985.000 ns	      4597	80001234	3e95a513	slti	x10,x11,1001	 x11:0x80041024 x10=0x00000001
      45995.000 ns	      4598	80001238	4049d233	sra	x4,x19,x4	 x19:0x0000037c  x4:0x00000001  x4=0x000001be
      46005.000 ns	      4599	8000123c	00bc0733	add	x14,x24,x11	 x24:0x0000039b x11:0x80041024 x14=0x800413bf
      46025.000 ns	      4601	80001240	a17f9553	flt.s	x10,f31,f23	 f31:0x00000000 f23:0x0fff7e7a x10=0x00000001
      46045.000 ns	      4603	80001244	01ac7533	and	x10,x24,x26	 x24:0x0000039b x26:0x00000000 x10=0x00000000
      46065.000 ns	      4605	80001248	03d552b3	divu	x5,x10,x29	 x10:0x00000001 x29:0x00000000  x5=0xffffffff
      46085.000 ns	      4607	8000124c	6b79f393	andi	x7,x19,1719	 x19:0x0000037c  x7=0x00000234
      46095.000 ns	      4608	80001250	89930713	addi	x14,x6,-1895	  x6:0x00000000 x14=0xfffff899
      46115.000 ns	      4610	80001254	e0088253	fmv.x.w	x4,f17	 f17:0x00000000  x4=0x00000000
      46135.000 ns	      4612	80001258	4087df33	sra	x30,x15,x8	 x15:0xf9c13d14  x8:0x80040fe4 x30=0xff9c13d1
      46145.000 ns	      4613	8000125c	00d5d8b3	srl	x17,x11,x13	 x11:0x80041024 x13:0x00000000 x17=0x80041024
      46185.000 ns	      4617	80001260	008affd3	fadd.s	f31,f21,f8	 f21:0x82000000  f8:0x00000000 f31=0x82000000
      46205.000 ns	      4619	80001264	015d4bb3	xor	x23,x26,x21	 x26:0x00000000 x21:0x00000000 x23=0x00000000
      46215.000 ns	      4620	80001268	d9a89c97	auipc	x25,0xd9a89	 x25=0x59a8a268
      46235.000 ns	      4622	8000126c	030f20b3	mulhsu	x1,x30,x16	 x30:0xff9c13d1 x16:0x00000000  x1=0x00000000
      46265.000 ns	      4625	80001270	206e1153	fsgnjn.s	f2,f28,f6	 f28:0x80000000  f6:0x7fc00000  f2=0x80000000
      46285.000 ns	      4627	80001274	0013a0b3	slt	x1,x7,x1	  x7:0x00000234  x1:0x00000000  x1=0x00000000
      47455.000 ns	      4744	80001278	580bf1d3	fsqrt.s	f3,f23	 f23:0x0fff7e7a  f3=0x2734d6df
      47475.000 ns	      4746	8000127c	24a56d13	ori	x26,x10,586	 x10:0x00000000 x26=0x0000024a
      47495.000 ns	      4748	80001280	c01d7653	fcvt.wu.s	x12,f26	 f26:0x00000001 x12=0x00000000
      47515.000 ns	      4750	80001284	2278a513	slti	x10,x17,551	 x17:0x80041024 x10=0x00000001
      47545.000 ns	      4753	80001288	105fa953	fmul.s	f18,f31,f5	 f31:0x82000000  f5:0x00000000 f18=0x80000000
      47575.000 ns	      4756	8000128c	e00e0c53	fmv.x.w	x24,f28	 f28:0x80000000 x24=0x80000000
      47945.000 ns	      4793	80001290	0250f3b3	remu	x7,x1,x5	  x1:0x00000000  x5:0xffffffff  x7=0x00000000
      47965.000 ns	      4795	80001294	01669d13	slli	x26,x13,0x16	 x13:0x00000000 x26=0x00000000
      47975.000 ns	      4796	80001298	0155b233	sltu	x4,x11,x21	 x11:0x80041024 x21:0x00000000  x4=0x00000000
      47985.000 ns	      4797	8000129c	007ac333	xor	x6,x21,x7	 x21:0x00000000  x7:0x00000000  x6=0x00000000
      47995.000 ns	      4798	800012a0	00044733	xor	x14,x8,x0	  x8:0x80040fe4  x0:0x00000000 x14=0x80040fe4
      48015.000 ns	      4800	800012a4	c00bbe53	fcvt.w.s	x28,f23	 f23:0x0fff7e7a x28=0x00000000
      48045.000 ns	      4803	800012a8	c00aa9d3	fcvt.w.s	x19,f21	 f21:0x82000000 x19=0x00000000
      48065.000 ns	      4805	800012ac	e8d9ab97	auipc	x23,0xe8d9a	 x23=0x68d9b2ac
      48095.000 ns	      4808	800012b0	18b8cf53	fdiv.s	f30,f17,f11	 f17:0x00000000 f11:0x00000000 f30=0x7fc00000
      48115.000 ns	      4810	800012b4	a50bf6b7	lui	x13,0xa50bf	 x13=0xa50bf000
      48145.000 ns	      4813	800012b8	580b1953	fsqrt.s	f18,f22	 f22:0x80000000 f18=0x80000000
      48165.000 ns	      4815	800012bc	6065f013	andi	x0,x11,1542	 x11:0x80041024
      48175.000 ns	      4816	800012c0	008e3d33	sltu	x26,x28,x8	 x28:0x00000000  x8:0x80040fe4 x26=0x00000001
      48185.000 ns	      4817	800012c4	0018a3b3	slt	x7,x17,x1	 x17:0x80041024  x1:0x00000000  x7=0x00000001
      48205.000 ns	      4819	800012c8	a1599653	flt.s	x12,f19,f21	 f19:0x00000000 f21:0x82000000 x12=0x00000000
      48225.000 ns	      4821	800012cc	01c24533	xor	x10,x4,x28	  x4:0x00000000 x28:0x00000000 x10=0x00000000
      48235.000 ns	      4822	800012d0	f60b8d93	addi	x27,x23,-160	 x23:0x68d9b2ac x27=0x68d9b20c
      48245.000 ns	      4823	800012d4	08422613	slti	x12,x4,132	  x4:0x00000000 x12=0x00000001
      48255.000 ns	      4824	800012d8	95e4f913	andi	x18,x9,-1698	  x9:0xffffffff x18=0xfffff95e
      48265.000 ns	      4825	800012dc	07fa8913	addi	x18,x21,127	 x21:0x00000000 x18=0x0000007f
      48275.000 ns	      4826	800012e0	5192d1b7	lui	x3,0x5192d	  x3=0x5192d000
      48285.000 ns	      4827	800012e4	0075da93	srli	x21,x11,0x7	 x11:0x80041024 x21=0x01000820
      48305.000 ns	      4829	800012e8	039b8233	mul	x4,x23,x25	 x23:0x68d9b2ac x25:0x59a8a268  x4=0x68616de0
      48675.000 ns	      4866	800012ec	028b6233	rem	x4,x22,x8	 x22:0x00001000  x8:0x80040fe4  x4=0x00001000
      48705.000 ns	      4869	800012f0	28d715d3	fmax.s	f11,f14,f13	 f14:0x7f800000 f13:0x7f800000 f11=0x7f800000
      48725.000 ns	      4871	800012f4	3e4cfeb7	lui	x29,0x3e4cf	 x29=0x3e4cf000
      48735.000 ns	      4872	800012f8	00839b93	slli	x23,x7,0x8	  x7:0x00000001 x23=0x00000100
      48775.000 ns	      4876	800012fc	09871553	fsub.s	f10,f14,f24	 f14:0x7f800000 f24:0x7f800000 f10=0x80000000
      48805.000 ns	      4879	80001300	03cf6233	rem	x4,x30,x28	 x30:0xff9c13d1 x28:0x00000000  x4=0xff9c13d1
      48845.000 ns	      4883	80001304	18fd85d3	fdiv.s	f11,f27,f15	 f27:0x00000000 f15:0x80000000 f11=0x7fc00000
      48875.000 ns	      4886	80001308	e0028b53	fmv.x.w	x22,f5	  f5:0x00000000 x22=0x00000000
      48915.000 ns	      4890	8000130c	580f8cd3	fsqrt.s	f25,f31	 f31:0x82000000 f25=0x7fc00000
      48945.000 ns	      4893	80001310	295710d3	fmax.s	f1,f14,f21	 f14:0x7f800000 f21:0x82000000  f1=0x7f800000
      48975.000 ns	      4896	80001314	c01fc2d3	fcvt.wu.s	x5,f31	 f31:0x82000000  x5=0x00000000
      49005.000 ns	      4899	80001318	036f72b3	remu	x5,x30,x22	 x30:0xff9c13d1 x22:0x00000000  x5=0xff9c13d1
      49025.000 ns	      4901	8000131c	01833733	sltu	x14,x6,x24	  x6:0x00000000 x24:0x80000000 x14=0x00000001
      49045.000 ns	      4903	80001320	02a14033	div	x0,x2,x10	  x2:0x00000020 x10:0x00000000
      49415.000 ns	      4940	80001324	025ccb33	div	x22,x25,x5	 x25:0x59a8a268  x5:0xff9c13d1 x22=0xffffff1b
      49435.000 ns	      4942	80001328	d981b293	sltiu	x5,x3,-616	  x3:0x5192d000  x5=0x00000001
      49445.000 ns	      4943	8000132c	408cd633	sra	x12,x25,x8	 x25:0x59a8a268  x8:0x80040fe4 x12=0x059a8a26
      49475.000 ns	      4946	80001330	10f337d3	fmul.s	f15,f6,f15	  f6:0x7fc00000 f15:0x80000000 f15=0x7fc00000
      49505.000 ns	      4949	80001334	d0067b53	fcvt.s.w	f22,x12	 x12:0x00000001 f22=0x4cb35144
      49535.000 ns	      4952	80001338	03fc3b33	mulhu	x22,x24,x31	 x24:0x80000000 x31:0x01ffffff x22=0x00ffffff
      49555.000 ns	      4954	8000133c	0a0188b7	lui	x17,0xa018	 x17=0x0a018000
      49565.000 ns	      4955	80001340	0564a497	auipc	x9,0x564a	  x9=0x8564b340
      49575.000 ns	      4956	80001344	f9abf513	andi	x10,x23,-102	 x23:0x00000100 x10=0x00000100
      49605.000 ns	      4959	80001348	58097753	fsqrt.s	f14,f18	 f18:0x80000000 f14=0x80000000
      49635.000 ns	      4962	8000134c	e0009a53	fclass.s	x20,f1	  f1:0x7f800000 x20=0x00000080
      49655.000 ns	      4964	80001350	01a148b3	xor	x17,x2,x26	  x2:0x00000020 x26:0x00000001 x17=0x00000021
      49675.000 ns	      4966	80001354	d00cff53	fcvt.s.w	f30,x25	 x25:0x59a8a268 f30=0x4eb35144
      49695.000 ns	      4968	80001358	5be66297	auipc	x5,0x5be66	  x5=0xdbe67358
      49705.000 ns	      4969	8000135c	0049f533	and	x10,x19,x4	 x19:0x00000000  x4:0xff9c13d1 x10=0x00000000
      49715.000 ns	      4970	80001360	35c1b893	sltiu	x17,x3,860	  x3:0x5192d000 x17=0x00000000
      49725.000 ns	      4971	80001364	006af233	and	x4,x21,x6	 x21:0x01000820  x6:0x00000000  x4=0x00000000
      49735.000 ns	      4972	80001368	0024e533	or	x10,x9,x2	  x9:0x8564b340  x2:0x00000020 x10=0x8564b360
      49755.000 ns	      4974	8000136c	f0028fd3	fmv.w.x	f31,x5	  x5:0xdbe67358 f31=0xdbe67358
      49805.000 ns	      4979	80001370	08b97f53	fsub.s	f30,f18,f11	 f18:0x80000000 f11:0x7fc00000 f30=0x7fc00000
      49825.000 ns	      4981	80001374	009eacb3	slt	x25,x29,x9	 x29:0x3e4cf000  x9:0x8564b340 x25=0x00000000
      49835.000 ns	      4982	80001378	00030a33	add	x20,x6,x0	  x6:0x00000000  x0:0x00000000 x20=0x00000000
      49845.000 ns	      4983	8000137c	95d51db7	lui	x27,0x95d51	 x27=0x95d51000
      49875.000 ns	      4986	80001380	5809a353	fsqrt.s	f6,f19	 f19:0x00000000  f6=0x00000000
      49895.000 ns	      4988	80001384	40fa5b93	srai	x23,x20,0xf	 x20:0x00000000 x23=0x00000000
      49915.000 ns	      4990	80001388	d006ff53	fcvt.s.w	f30,x13	 x13:0xa50bf000 f30=0xceb5e820
      49945.000 ns	      4993	8000138c	c01fa3d3	fcvt.wu.s	x7,f31	 f31:0xdbe67358  x7=0x00000000
      49965.000 ns	      4995	80001390	00901fb3	sll	x31,x0,x9	  x0:0x00000000  x9:0x8564b340 x31=0x00000000
      49975.000 ns	      4996	80001394	a7fbe913	ori	x18,x23,-1409	 x23:0x00000000 x18=0xfffffa7f
      49995.000 ns	      4998	80001398	e00e0ed3	fmv.x.w	x29,f28	 f28:0x80000000 x29=0x80000000
      50015.000 ns	      5000	8000139c	f1d24d13	xori	x26,x4,-227	  x4:0x00000000 x26=0xffffff1d
      50035.000 ns	      5002	800013a0	a1f81c53	flt.s	x24,f16,f31	 f16:0x0036436c f31:0xdbe67358 x24=0x00000000
      50405.000 ns	      5039	800013a4	02ba49b3	div	x19,x20,x11	 x20:0x00000000 x11:0x80041024 x19=0x00000000
      50445.000 ns	      5043	800013a8	1120c753	fmul.s	f14,f1,f18	  f1:0x7f800000 f18:0x80000000 f14=0x7fc00000
      50475.000 ns	      5046	800013ac	20658ad3	fsgnj.s	f21,f11,f6	 f11:0x7fc00000  f6:0x00000000 f21=0x7fc00000
      50495.000 ns	      5048	800013b0	40be06b3	sub	x13,x28,x11	 x28:0x00000000 x11:0x80041024 x13=0x7ffbefdc
      50505.000 ns	      5049	800013b4	00000013	addi	x0,x0,0	  x0:0x00000000
      50525.000 ns	      5051	800013b8	e00319d3	fclass.s	x19,f6	  f6:0x00000000 x19=0x00000010
      50545.000 ns	      5053	800013bc	013bc0b3	xor	x1,x23,x19	 x23:0x00000000 x19:0x00000000  x1=0x00000010
      50565.000 ns	      5055	800013c0	282d03d3	fmin.s	f7,f26,f2	 f26:0x00000001  f2:0x80000000  f7=0x80000000
      50595.000 ns	      5058	800013c4	03702fb3	mulhsu	x31,x0,x23	  x0:0x00000000 x23:0x00000000 x31=0x00000000
      50615.000 ns	      5060	800013c8	401bd613	srai	x12,x23,0x1	 x23:0x00000000 x12=0x00000000
      50625.000 ns	      5061	800013cc	c7a9f693	andi	x13,x19,-902	 x19:0x00000010 x13=0x00000010
      50635.000 ns	      5062	800013d0	019588b3	add	x17,x11,x25	 x11:0x80041024 x25:0x00000000 x17=0x80041024
      50655.000 ns	      5064	800013d4	a1aaa553	feq.s	x10,f21,f26	 f21:0x7fc00000 f26:0x00000001 x10=0x00000000
      50685.000 ns	      5067	800013d8	02624a33	div	x20,x4,x6	  x4:0x00000000  x6:0x00000000 x20=0xffffffff
      50715.000 ns	      5070	800013dc	a052a2d3	feq.s	x5,f5,f5	  f5:0x00000000  f5:0x00000000  x5=0x00000001
      50745.000 ns	      5073	800013e0	c0023d53	fcvt.w.s	x26,f4	  f4:0x82000000 x26=0x00000000
      50775.000 ns	      5076	800013e4	a026afd3	feq.s	x31,f13,f2	 f13:0x7f800000  f2:0x80000000 x31=0x00000000
      50795.000 ns	      5078	800013e8	01249fb3	sll	x31,x9,x18	  x9:0x8564b340 x18:0xfffffa7f x31=0x00000000
      50835.000 ns	      5082	800013ec	002975d3	fadd.s	f11,f18,f2	 f18:0x80000000  f2:0x80000000 f11=0x80000000
      50855.000 ns	      5084	800013f0	5c6cfb13	andi	x22,x25,1478	 x25:0x00000000 x22=0x00000000
      50875.000 ns	      5086	800013f4	297e1653	fmax.s	f12,f28,f23	 f28:0x80000000 f23:0x0fff7e7a f12=0x0fff7e7a
      50895.000 ns	      5088	800013f8	7e14c993	xori	x19,x9,2017	  x9:0x8564b340 x19=0x8564b4a1
      50905.000 ns	      5089	800013fc	01a89133	sll	x2,x17,x26	 x17:0x80041024 x26:0x00000000  x2=0x80041024
      50915.000 ns	      5090	80001400	58c06a13	ori	x20,x0,1420	  x0:0x00000000 x20=0x0000058c
      50935.000 ns	      5092	80001404	03759033	mulh	x0,x11,x23	 x11:0x80041024 x23:0x00000000
      50965.000 ns	      5095	80001408	29048153	fmin.s	f2,f9,f16	  f9:0x00000001 f16:0x0036436c  f2=0x00000001
      50995.000 ns	      5098	8000140c	a006add3	feq.s	x27,f13,f0	 f13:0x7f800000  f0:0x00000000 x27=0x00000000
      51025.000 ns	      5101	80001410	a1899b53	flt.s	x22,f19,f24	 f19:0x00000000 f24:0x7f800000 x22=0x00000001
      51055.000 ns	      5104	80001414	0278ab33	mulhsu	x22,x17,x7	 x17:0x80041024  x7:0x00000000 x22=0x00000000
      51075.000 ns	      5106	80001418	41065a33	sra	x20,x12,x16	 x12:0x00000000 x16:0x00000000 x20=0x00000000
      51085.000 ns	      5107	8000141c	40635d93	srai	x27,x6,0x6	  x6:0x00000000 x27=0x00000000
      51095.000 ns	      5108	80001420	52613297	auipc	x5,0x52613	  x5=0xd2614420
      51115.000 ns	      5110	80001424	0305b533	mulhu	x10,x11,x16	 x11:0x80041024 x16:0x00000000 x10=0x00000000
      51135.000 ns	      5112	80001428	d5dd6893	ori	x17,x26,-675	 x26:0x00000000 x17=0xfffffd5d
      51165.000 ns	      5115	8000142c	580cfed3	fsqrt.s	f29,f25	 f25:0x7fc00000 f29=0x7fc00000
      51185.000 ns	      5117	80001430	0d21ab97	auipc	x23,0xd21a	 x23=0x8d21b430
      51195.000 ns	      5118	80001434	2c87f237	lui	x4,0x2c87f	  x4=0x2c87f000
      51205.000 ns	      5119	80001438	40998ab3	sub	x21,x19,x9	 x19:0x8564b4a1  x9:0x8564b340 x21=0x00000161
      51215.000 ns	      5120	8000143c	0178b4b3	sltu	x9,x17,x23	 x17:0xfffffd5d x23:0x8d21b430  x9=0x00000000
      51225.000 ns	      5121	80001440	40270b33	sub	x22,x14,x2	 x14:0x00000001  x2:0x80041024 x22=0x7ffbefdd
      51235.000 ns	      5122	80001444	40c35b93	srai	x23,x6,0xc	  x6:0x00000000 x23=0x00000000
      51265.000 ns	      5125	80001448	11bda2d3	fmul.s	f5,f27,f27	 f27:0x00000000 f27:0x00000000  f5=0x00000000
      51305.000 ns	      5129	8000144c	58058653	fsqrt.s	f12,f11	 f11:0x80000000 f12=0x80000000
      51325.000 ns	      5131	80001450	01fa02b3	add	x5,x20,x31	 x20:0x00000000 x31:0x00000000  x5=0x00000000
      51355.000 ns	      5134	80001454	5806a8d3	fsqrt.s	f17,f13	 f13:0x7f800000 f17=0x7f800000
      51375.000 ns	      5136	80001458	01ef8133	add	x2,x31,x30	 x31:0x00000000 x30:0xff9c13d1  x2=0xff9c13d1
      51395.000 ns	      5138	8000145c	a1c2ad53	feq.s	x26,f5,f28	  f5:0x00000000 f28:0x80000000 x26=0x00000001
      51415.000 ns	      5140	80001460	25900493	addi	x9,x0,601	  x0:0x00000000  x9=0x00000259
      51435.000 ns	      5142	80001464	03b991b3	mulh	x3,x19,x27	 x19:0x8564b4a1 x27:0x00000000  x3=0x00000000
      51465.000 ns	      5145	80001468	d007f453	fcvt.s.w	f8,x15	 x15:0xf9c13d14  f8=0xccc7d85d
      51485.000 ns	      5147	8000146c	0007a233	slt	x4,x15,x0	 x15:0xf9c13d14  x0:0x00000000  x4=0x00000001
      51505.000 ns	      5149	80001470	c013f8d3	fcvt.wu.s	x17,f7	  f7:0x80000000 x17=0x00000000
      51555.000 ns	      5154	80001474	00a6ff53	fadd.s	f30,f13,f10	 f13:0x7f800000 f10:0x80000000 f30=0x7f800000
      51585.000 ns	      5157	80001478	c01e0a53	fcvt.wu.s	x20,f28	 f28:0x80000000 x20=0x00000000
      51615.000 ns	      5160	8000147c	21631b53	fsgnjn.s	f22,f6,f22	  f6:0x00000000 f22:0x4cb35144 f22=0x80000000
      51635.000 ns	      5162	80001480	780e0e93	addi	x29,x28,1920	 x28:0x00000000 x29=0x00000780
      51995.000 ns	      5198	80001484	03af5ab3	divu	x21,x30,x26	 x30:0xff9c13d1 x26:0x00000001 x21=0xff9c13d1
      52025.000 ns	      5201	80001488	a1922fd3	feq.s	x31,f4,f25	  f4:0x82000000 f25:0x7fc00000 x31=0x00000000
      52055.000 ns	      5204	8000148c	20629353	fsgnjn.s	f6,f5,f6	  f5:0x00000000  f6:0x00000000  f6=0x80000000
      52095.000 ns	      5208	80001490	58079953	fsqrt.s	f18,f15	 f15:0x7fc00000 f18=0x7fc00000
      52125.000 ns	      5211	80001494	28b511d3	fmax.s	f3,f10,f11	 f10:0x80000000 f11:0x80000000  f3=0x80000000
      52155.000 ns	      5214	80001498	29db92d3	fmax.s	f5,f23,f29	 f23:0x0fff7e7a f29:0x7fc00000  f5=0x0fff7e7a
      52185.000 ns	      5217	8000149c	e00f14d3	fclass.s	x9,f30	 f30:0x7f800000  x9=0x00000080
      52225.000 ns	      5221	800014a0	19639cd3	fdiv.s	f25,f7,f22	  f7:0x80000000 f22:0x80000000 f25=0x7fc00000
      52245.000 ns	      5223	800014a4	c4310893	addi	x17,x2,-957	  x2:0xff9c13d1 x17=0xff9c1014
      52265.000 ns	      5225	800014a8	e0098053	fmv.x.w	x0,f19	 f19:0x00000000
      52295.000 ns	      5228	800014ac	a1cdaed3	feq.s	x29,f27,f28	 f27:0x00000000 f28:0x80000000 x29=0x00000001
      52315.000 ns	      5230	800014b0	179d9f37	lui	x30,0x179d9	 x30=0x179d9000
      52325.000 ns	      5231	800014b4	01dbbbb3	sltu	x23,x23,x29	 x23:0x00000000 x29:0x00000001 x23=0x00000001
      53235.000 ns	      5322	800014b8	5804a3d3	fsqrt.s	f7,f9	  f9:0x00000001  f7=0x1f350483
      53255.000 ns	      5324	800014bc	00000013	addi	x0,x0,0	  x0:0x00000000
      53265.000 ns	      5325	800014c0	60142c13	slti	x24,x8,1537	  x8:0x80040fe4 x24=0x00000001
      53275.000 ns	      5326	800014c4	01921013	slli	x0,x4,0x19	  x4:0x00000001
      53285.000 ns	      5327	800014c8	009213b3	sll	x7,x4,x9	  x4:0x00000001  x9:0x00000080  x7=0x00000001
      53305.000 ns	      5329	800014cc	02c2ccb3	div	x25,x5,x12	  x5:0x00000000 x12:0x00000000 x25=0xffffffff
      53335.000 ns	      5332	800014d0	a0e38a53	fle.s	x20,f7,f14	  f7:0x1f350483 f14:0x7fc00000 x20=0x00000000
      53365.000 ns	      5335	800014d4	e0039653	fclass.s	x12,f7	  f7:0x1f350483 x12=0x00000040
      53395.000 ns	      5338	800014d8	e00c8b53	fmv.x.w	x22,f25	 f25:0x7fc00000 x22=0x7fc00000
      53425.000 ns	      5341	800014dc	21f68a53	fsgnj.s	f20,f13,f31	 f13:0x7f800000 f31:0xdbe67358 f20=0xff800000
      53795.000 ns	      5378	800014e0	03a66e33	rem	x28,x12,x26	 x12:0x00000040 x26:0x00000001 x28=0x00000000
      53825.000 ns	      5381	800014e4	03fe1f33	mulh	x30,x28,x31	 x28:0x00000000 x31:0x00000000 x30=0x00000000
      53845.000 ns	      5383	800014e8	0124d8b3	srl	x17,x9,x18	  x9:0x00000080 x18:0xfffffa7f x17=0x00000000
      54205.000 ns	      5419	800014ec	03abf733	remu	x14,x23,x26	 x23:0x00000001 x26:0x00000001 x14=0x00000000
      54255.000 ns	      5424	800014f0	080d7dd3	fsub.s	f27,f26,f0	 f26:0x00000001  f0:0x00000000 f27=0x00000001
      54285.000 ns	      5427	800014f4	03fb8333	mul	x6,x23,x31	 x23:0x00000001 x31:0x00000000  x6=0x00000000
      54305.000 ns	      5429	800014f8	005b4133	xor	x2,x22,x5	 x22:0x7fc00000  x5:0x00000000  x2=0x7fc00000
      54315.000 ns	      5430	800014fc	1f66bc13	sltiu	x24,x13,502	 x13:0x00000010 x24=0x00000001
      54335.000 ns	      5432	80001500	a1e52353	feq.s	x6,f10,f30	 f10:0x80000000 f30:0x7f800000  x6=0x00000000
      54355.000 ns	      5434	80001504	0046f533	and	x10,x13,x4	 x13:0x00000010  x4:0x00000001 x10=0x00000000
      54715.000 ns	      5470	80001508	027be933	rem	x18,x23,x7	 x23:0x00000001  x7:0x00000001 x18=0x00000000
      54735.000 ns	      5472	8000150c	017d5233	srl	x4,x26,x23	 x26:0x00000001 x23:0x00000001  x4=0x00000000
      54755.000 ns	      5474	80001510	03eaf6b3	remu	x13,x21,x30	 x21:0xff9c13d1 x30:0x00000000 x13=0xff9c13d1
      54785.000 ns	      5477	80001514	026810b3	mulh	x1,x16,x6	 x16:0x00000000  x6:0x00000000  x1=0x00000000
      54815.000 ns	      5480	80001518	c0017253	fcvt.w.s	x4,f2	  f2:0x00000001  x4=0x00000000
      54835.000 ns	      5482	8000151c	0120e833	or	x16,x1,x18	  x1:0x00000000 x18:0x00000000 x16=0x00000000
      54855.000 ns	      5484	80001520	e00281d3	fmv.x.w	x3,f5	  f5:0x0fff7e7a  x3=0x0fff7e7a
      54875.000 ns	      5486	80001524	cb866817	auipc	x16,0xcb866	 x16=0x4b867524
      54895.000 ns	      5488	80001528	03f97cb3	remu	x25,x18,x31	 x18:0x00000000 x31:0x00000000 x25=0x00000000
      54925.000 ns	      5491	8000152c	c004b353	fcvt.w.s	x6,f9	  f9:0x00000001  x6=0x00000000
      54945.000 ns	      5493	80001530	41455b33	sra	x22,x10,x20	 x10:0x00000000 x20:0x00000000 x22=0x00000000
      54955.000 ns	      5494	80001534	be7fee13	ori	x28,x31,-1049	 x31:0x00000000 x28=0xfffffbe7
      54975.000 ns	      5496	80001538	a0852e53	feq.s	x28,f10,f8	 f10:0x80000000  f8:0xccc7d85d x28=0x00000000
      54995.000 ns	      5498	8000153c	591e8c13	addi	x24,x29,1425	 x29:0x00000001 x24=0x00000592
      55005.000 ns	      5499	80001540	009e7533	and	x10,x28,x9	 x28:0x00000000  x9:0x00000080 x10=0x00000000
      55025.000 ns	      5501	80001544	020641b3	div	x3,x12,x0	 x12:0x00000040  x0:0x00000000  x3=0xffffffff
      55045.000 ns	      5503	80001548	41140e33	sub	x28,x8,x17	  x8:0x80040fe4 x17:0x00000000 x28=0x80040fe4
      55065.000 ns	      5505	8000154c	f0020653	fmv.w.x	f12,x4	  x4:0x00000000 f12=0x00000000
      55095.000 ns	      5508	80001550	29890ad3	fmin.s	f21,f18,f24	 f18:0x7fc00000 f24:0x7f800000 f21=0x7f800000
      55115.000 ns	      5510	80001554	d9747d93	andi	x27,x8,-617	  x8:0x80040fe4 x27=0x80040d84
      55125.000 ns	      5511	80001558	419554b3	sra	x9,x10,x25	 x10:0x00000000 x25:0x00000000  x9=0x00000000
      55145.000 ns	      5513	8000155c	036b8bb3	mul	x23,x23,x22	 x23:0x00000001 x22:0x00000000 x23=0x00000000
      55195.000 ns	      5518	80001560	09390cd3	fsub.s	f25,f18,f19	 f18:0x7fc00000 f19:0x00000000 f25=0x7fc00000
      55225.000 ns	      5521	80001564	a05da353	feq.s	x6,f27,f5	 f27:0x00000001  f5:0x0fff7e7a  x6=0x00000000
      55245.000 ns	      5523	80001568	aac0b693	sltiu	x13,x1,-1364	  x1:0x00000000 x13=0x00000001
      55265.000 ns	      5525	8000156c	a09413d3	flt.s	x7,f8,f9	  f8:0xccc7d85d  f9:0x00000001  x7=0x00000001
      55295.000 ns	      5528	80001570	a1d92753	feq.s	x14,f18,f29	 f18:0x7fc00000 f29:0x7fc00000 x14=0x00000000
      55325.000 ns	      5531	80001574	03450733	mul	x14,x10,x20	 x10:0x00000000 x20:0x00000000 x14=0x00000000
      55355.000 ns	      5534	80001578	20ec1153	fsgnjn.s	f2,f24,f14	 f24:0x7f800000 f14:0x7fc00000  f2=0xff800000
      55385.000 ns	      5537	8000157c	03999d33	mulh	x26,x19,x25	 x19:0x8564b4a1 x25:0x00000000 x26=0x00000000
      55405.000 ns	      5539	80001580	00000013	addi	x0,x0,0	  x0:0x00000000
      55445.000 ns	      5543	80001584	080ef553	fsub.s	f10,f29,f0	 f29:0x7fc00000  f0:0x00000000 f10=0x7fc00000
      55465.000 ns	      5545	80001588	00000013	addi	x0,x0,0	  x0:0x00000000
      55475.000 ns	      5546	8000158c	01601fb3	sll	x31,x0,x22	  x0:0x00000000 x22:0x00000000 x31=0x00000000
      55505.000 ns	      5549	80001590	58027fd3	fsqrt.s	f31,f4	  f4:0x82000000 f31=0x7fc00000
      55545.000 ns	      5553	80001594	580116d3	fsqrt.s	f13,f2	  f2:0xff800000 f13=0x7fc00000
      55565.000 ns	      5555	80001598	4eb4ba13	sltiu	x20,x9,1259	  x9:0x00000000 x20=0x00000001
      55585.000 ns	      5557	8000159c	f00306d3	fmv.w.x	f13,x6	  x6:0x00000000 f13=0x00000000
      55605.000 ns	      5559	800015a0	008fbfb3	sltu	x31,x31,x8	 x31:0x00000000  x8:0x80040fe4 x31=0x00000001
      55965.000 ns	      5595	800015a4	02d36a33	rem	x20,x6,x13	  x6:0x00000000 x13:0x00000001 x20=0x00000000
      56005.000 ns	      5599	800015a8	10e879d3	fmul.s	f19,f16,f14	 f16:0x0036436c f14:0x7fc00000 f19=0x7fc00000
      56025.000 ns	      5601	800015ac	012c1f93	slli	x31,x24,0x12	 x24:0x00000592 x31=0x16480000
      56035.000 ns	      5602	800015b0	00a81493	slli	x9,x16,0xa	 x16:0x4b867524  x9=0x19d49000
      56055.000 ns	      5604	800015b4	d00073d3	fcvt.s.w	f7,x0	  x0:0x00000000  f7=0x00000000
      56105.000 ns	      5609	800015b8	08eef153	fsub.s	f2,f29,f14	 f29:0x7fc00000 f14:0x7fc00000  f2=0x7fc00000
      56125.000 ns	      5611	800015bc	00f25a33	srl	x20,x4,x15	  x4:0x00000000 x15:0xf9c13d14 x20=0x00000000
      56485.000 ns	      5647	800015c0	02217833	remu	x16,x2,x2	  x2:0x7fc00000  x2:0x7fc00000 x16=0x00000000
      56505.000 ns	      5649	800015c4	17e1ec13	ori	x24,x3,382	  x3:0xffffffff x24=0xffffffff
      56515.000 ns	      5650	800015c8	0042aeb3	slt	x29,x5,x4	  x5:0x00000000  x4:0x00000000 x29=0x00000000
      56535.000 ns	      5652	800015cc	a150add3	feq.s	x27,f1,f21	  f1:0x7f800000 f21:0x7f800000 x27=0x00000001
      56575.000 ns	      5656	800015d0	58009ed3	fsqrt.s	f29,f1	  f1:0x7f800000 f29=0x7f800000
      56605.000 ns	      5659	800015d4	29b193d3	fmax.s	f7,f3,f27	  f3:0x80000000 f27:0x00000001  f7=0x00000001
      56625.000 ns	      5661	800015d8	019df8b3	and	x17,x27,x25	 x27:0x00000001 x25:0x00000000 x17=0x00000000
      56635.000 ns	      5662	800015dc	00c31b13	slli	x22,x6,0xc	  x6:0x00000000 x22=0x00000000
      56665.000 ns	      5665	800015e0	1968f2d3	fdiv.s	f5,f17,f22	 f17:0x7f800000 f22:0x80000000  f5=0xff800000
      56695.000 ns	      5668	800015e4	d0122bd3	fcvt.s.wu	f23,x4	  x4:0x00000000 f23=0x00000000
      56715.000 ns	      5670	800015e8	017dadb3	slt	x27,x27,x23	 x27:0x00000001 x23:0x00000000 x27=0x00000000
      56725.000 ns	      5671	800015ec	00271213	slli	x4,x14,0x2	 x14:0x00000000  x4=0x00000000
      56735.000 ns	      5672	800015f0	4081df93	srai	x31,x3,0x8	  x3:0xffffffff x31=0xffffffff
      56775.000 ns	      5676	800015f4	0117bd53	fadd.s	f26,f15,f17	 f15:0x7fc00000 f17:0x7f800000 f26=0x7fc00000
      56795.000 ns	      5678	800015f8	40dedd13	srai	x26,x29,0xd	 x29:0x00000000 x26=0x00000000
      56815.000 ns	      5680	800015fc	287f8653	fmin.s	f12,f31,f7	 f31:0x7fc00000  f7:0x00000001 f12=0x00000001
      56835.000 ns	      5682	80001600	01076833	or	x16,x14,x16	 x14:0x00000000 x16:0x00000000 x16=0x00000000
      56845.000 ns	      5683	80001604	40dd0133	sub	x2,x26,x13	 x26:0x00000000 x13:0x00000001  x2=0xffffffff
      56855.000 ns	      5684	80001608	007dc333	xor	x6,x27,x7	 x27:0x00000000  x7:0x00000001  x6=0x00000001
      56885.000 ns	      5687	8000160c	18e48d53	fdiv.s	f26,f9,f14	  f9:0x00000001 f14:0x7fc00000 f26=0x7fc00000
      56935.000 ns	      5692	80001610	011ef4d3	fadd.s	f9,f29,f17	 f29:0x7f800000 f17:0x7f800000  f9=0x00000000
      56955.000 ns	      5694	80001614	41b65013	srai	x0,x12,0x1b	 x12:0x00000040
      56975.000 ns	      5696	80001618	c00aa6d3	fcvt.w.s	x13,f21	 f21:0x7f800000 x13=0x7fffffff
      57005.000 ns	      5699	8000161c	29d41bd3	fmax.s	f23,f8,f29	  f8:0xccc7d85d f29:0x7f800000 f23=0x7f800000
      57035.000 ns	      5702	80001620	c0017653	fcvt.w.s	x12,f2	  f2:0x7fc00000 x12=0x7fffffff
      57055.000 ns	      5704	80001624	41dcd133	sra	x2,x25,x29	 x25:0x00000000 x29:0x00000000  x2=0x00000000
      57065.000 ns	      5705	80001628	322a6d13	ori	x26,x20,802	 x20:0x00000000 x26=0x00000322
      57075.000 ns	      5706	8000162c	01eeda33	srl	x20,x29,x30	 x29:0x00000000 x30:0x00000000 x20=0x00000000
      57095.000 ns	      5708	80001630	28771453	fmax.s	f8,f14,f7	 f14:0x7fc00000  f7:0x00000001  f8=0x00000001
      57125.000 ns	      5711	80001634	03363233	mulhu	x4,x12,x19	 x12:0x7fffffff x19:0x8564b4a1  x4=0x42b25a4f
      57145.000 ns	      5713	80001638	014b1f93	slli	x31,x22,0x14	 x22:0x00000000 x31=0x00000000
      57155.000 ns	      5714	8000163c	41a45213	srai	x4,x8,0x1a	  x8:0x80040fe4  x4=0xffffffe0
      57165.000 ns	      5715	80001640	01bbedb3	or	x27,x23,x27	 x23:0x00000000 x27:0x00000000 x27=0x00000000
      57185.000 ns	      5717	80001644	28a11853	fmax.s	f16,f2,f10	  f2:0x7fc00000 f10:0x7fc00000 f16=0x7fc00000
      57205.000 ns	      5719	80001648	202ab117	auipc	x2,0x202ab	  x2=0xa02ac648
      57225.000 ns	      5721	8000164c	02de9733	mulh	x14,x29,x13	 x29:0x00000000 x13:0x7fffffff x14=0x00000000
      57255.000 ns	      5724	80001650	296217d3	fmax.s	f15,f4,f22	  f4:0x82000000 f22:0x80000000 f15=0x80000000
      57285.000 ns	      5727	80001654	29f21453	fmax.s	f8,f4,f31	  f4:0x82000000 f31:0x7fc00000  f8=0x82000000
      57315.000 ns	      5730	80001658	c00d7d53	fcvt.w.s	x26,f26	 f26:0x7fc00000 x26=0x7fffffff
      57355.000 ns	      5734	8000165c	116ef853	fmul.s	f16,f29,f22	 f29:0x7f800000 f22:0x80000000 f16=0x7fc00000
      57375.000 ns	      5736	80001660	01f2f0b3	and	x1,x5,x31	  x5:0x00000000 x31:0x00000000  x1=0x00000000
      57385.000 ns	      5737	80001664	01744633	xor	x12,x8,x23	  x8:0x80040fe4 x23:0x00000000 x12=0x80040fe4
      57745.000 ns	      5773	80001668	02216833	rem	x16,x2,x2	  x2:0xa02ac648  x2:0xa02ac648 x16=0x00000000
      57765.000 ns	      5775	8000166c	0097afb3	slt	x31,x15,x9	 x15:0xf9c13d14  x9:0x19d49000 x31=0x00000001
      57785.000 ns	      5777	80001670	a0c40053	fle.s	x0,f8,f12	  f8:0x82000000 f12:0x00000001
      57815.000 ns	      5780	80001674	0211a0b3	mulhsu	x1,x3,x1	  x3:0xffffffff  x1:0x00000000  x1=0x00000000
      57835.000 ns	      5782	80001678	413b5db3	sra	x27,x22,x19	 x22:0x00000000 x19:0x8564b4a1 x27=0x00000000
      57855.000 ns	      5784	8000167c	03c98133	mul	x2,x19,x28	 x19:0x8564b4a1 x28:0x80040fe4  x2=0x06ca4e64
      57875.000 ns	      5786	80001680	004b74b3	and	x9,x22,x4	 x22:0x00000000  x4:0xffffffe0  x9=0x00000000
      57885.000 ns	      5787	80001684	006c4eb3	xor	x29,x24,x6	 x24:0xffffffff  x6:0x00000001 x29=0xfffffffe
      57895.000 ns	      5788	80001688	00605a13	srli	x20,x0,0x6	  x0:0x00000000 x20=0x00000000
      57915.000 ns	      5790	8000168c	d01e7b53	fcvt.s.wu	f22,x28	 x28:0x80040fe4 f22=0x4f00040f
      57935.000 ns	      5792	80001690	40105b93	srai	x23,x0,0x1	  x0:0x00000000 x23=0x00000000
      57955.000 ns	      5794	80001694	d01aae53	fcvt.s.wu	f28,x21	 x21:0xff9c13d1 f28=0x4f7f9c14
      57975.000 ns	      5796	80001698	f6cbe6b7	lui	x13,0xf6cbe	 x13=0xf6cbe000
      57995.000 ns	      5798	8000169c	02783a33	mulhu	x20,x16,x7	 x16:0x00000000  x7:0x00000001 x20=0x00000000
      58015.000 ns	      5800	800016a0	008bfab3	and	x21,x23,x8	 x23:0x00000000  x8:0x80040fe4 x21=0x00000000
      58025.000 ns	      5801	800016a4	01e8ecb3	or	x25,x17,x30	 x17:0x00000000 x30:0x00000000 x25=0x00000000
      58045.000 ns	      5803	800016a8	035ea6b3	mulhsu	x13,x29,x21	 x29:0xfffffffe x21:0xff9c13d1 x13=0x00000000
      58075.000 ns	      5806	800016ac	28fa11d3	fmax.s	f3,f20,f15	 f20:0xff800000 f15:0x80000000  f3=0x80000000
      58095.000 ns	      5808	800016b0	00f5e933	or	x18,x11,x15	 x11:0x80041024 x15:0xf9c13d14 x18=0xf9c53d34
      58115.000 ns	      5810	800016b4	f00b0653	fmv.w.x	f12,x22	 x22:0x00000000 f12=0x00000000
      58135.000 ns	      5812	800016b8	e7b7f513	andi	x10,x15,-389	 x15:0xf9c13d14 x10=0xf9c13c10
      58145.000 ns	      5813	800016bc	2e799b97	auipc	x23,0x2e799	 x23=0xae79a6bc
      58155.000 ns	      5814	800016c0	43cf4293	xori	x5,x30,1084	 x30:0x00000000  x5=0x0000043c
      58515.000 ns	      5850	800016c4	02f572b3	remu	x5,x10,x15	 x10:0xf9c13c10 x15:0xf9c13d14  x5=0xf9c13c10
      58535.000 ns	      5852	800016c8	7649c613	xori	x12,x19,1892	 x19:0x8564b4a1 x12=0x8564b3c5
      58555.000 ns	      5854	800016cc	e0041953	fclass.s	x18,f8	  f8:0x82000000 x18=0x00000002
      58585.000 ns	      5857	800016d0	d00c4853	fcvt.s.w	f16,x24	 x24:0xffffffff f16=0xbf800000
      58605.000 ns	      5859	800016d4	0106b633	sltu	x12,x13,x16	 x13:0x00000000 x16:0x00000000 x12=0x00000000
      58625.000 ns	      5861	800016d8	039fefb3	rem	x31,x31,x25	 x31:0x00000001 x25:0x00000000 x31=0x00000001
      58665.000 ns	      5865	800016dc	1131fb53	fmul.s	f22,f3,f19	  f3:0x80000000 f19:0x7fc00000 f22=0x7fc00000
      58685.000 ns	      5867	800016e0	41fbd113	srai	x2,x23,0x1f	 x23:0xae79a6bc  x2=0xffffffff
      58705.000 ns	      5869	800016e4	290b09d3	fmin.s	f19,f22,f16	 f22:0x7fc00000 f16:0xbf800000 f19=0xbf800000
      58745.000 ns	      5873	800016e8	189b71d3	fdiv.s	f3,f22,f9	 f22:0x7fc00000  f9:0x00000000  f3=0x7fc00000
      58765.000 ns	      5875	800016ec	ccfe4517	auipc	x10,0xccfe4	 x10=0x4cfe56ec
      58785.000 ns	      5877	800016f0	e00b0f53	fmv.x.w	x30,f22	 f22:0x7fc00000 x30=0x7fc00000
      58835.000 ns	      5882	800016f4	085b1853	fsub.s	f16,f22,f5	 f22:0x7fc00000  f5:0xff800000 f16=0x7fc00000
      58855.000 ns	      5884	800016f8	afa16393	ori	x7,x2,-1286	  x2:0xffffffff  x7=0xffffffff
      58875.000 ns	      5886	800016fc	032e2833	mulhsu	x16,x28,x18	 x28:0x80040fe4 x18:0x00000002 x16=0xffffffff
      58895.000 ns	      5888	80001700	01e48233	add	x4,x9,x30	  x9:0x00000000 x30:0x7fc00000  x4=0x7fc00000
      58905.000 ns	      5889	80001704	01f68133	add	x2,x13,x31	 x13:0x00000000 x31:0x00000001  x2=0x00000001
      58915.000 ns	      5890	80001708	40198233	sub	x4,x19,x1	 x19:0x8564b4a1  x1:0x00000000  x4=0x8564b4a1
      58925.000 ns	      5891	8000170c	40a5d1b3	sra	x3,x11,x10	 x11:0x80041024 x10:0x4cfe56ec  x3=0xfff80041
      58945.000 ns	      5893	80001710	03728033	mul	x0,x5,x23	  x5:0xf9c13c10 x23:0xae79a6bc
      58975.000 ns	      5896	80001714	021efc33	remu	x24,x29,x1	 x29:0xfffffffe  x1:0x00000000 x24=0xfffffffe
      58995.000 ns	      5898	80001718	012fd613	srli	x12,x31,0x12	 x31:0x00000001 x12=0x00000000
      59015.000 ns	      5900	8000171c	d018f853	fcvt.s.wu	f16,x17	 x17:0x00000000 f16=0x00000000
      59035.000 ns	      5902	80001720	00000013	addi	x0,x0,0	  x0:0x00000000
      59055.000 ns	      5904	80001724	207d2253	fsgnjx.s	f4,f26,f7	 f26:0x7fc00000  f7:0x00000001  f4=0x7fc00000
      59105.000 ns	      5909	80001728	002a7d53	fadd.s	f26,f20,f2	 f20:0xff800000  f2:0x7fc00000 f26=0x7fc00000
      59125.000 ns	      5911	8000172c	01195f13	srli	x30,x18,0x11	 x18:0x00000002 x30=0x00000000
      59135.000 ns	      5912	80001730	04b0aa93	slti	x21,x1,75	  x1:0x00000000 x21=0x00000001
      59145.000 ns	      5913	80001734	10bfe193	ori	x3,x31,267	 x31:0x00000001  x3=0x0000010b
      59155.000 ns	      5914	80001738	735dff13	andi	x30,x27,1845	 x27:0x00000000 x30=0x00000000
      59165.000 ns	      5915	8000173c	40ffd333	sra	x6,x31,x15	 x31:0x00000001 x15:0xf9c13d14  x6=0x00000000
      59185.000 ns	      5917	80001740	a04ea4d3	feq.s	x9,f29,f4	 f29:0x7f800000  f4:0x7fc00000  x9=0x00000000
      59215.000 ns	      5920	80001744	02708833	mul	x16,x1,x7	  x1:0x00000000  x7:0xffffffff x16=0x00000000
      59235.000 ns	      5922	80001748	0196d633	srl	x12,x13,x25	 x13:0x00000000 x25:0x00000000 x12=0x00000000
      59245.000 ns	      5923	8000174c	01170ab3	add	x21,x14,x17	 x14:0x00000000 x17:0x00000000 x21=0x00000000
      59255.000 ns	      5924	80001750	00df1c93	slli	x25,x30,0xd	 x30:0x00000000 x25=0x00000000
      59265.000 ns	      5925	80001754	a36cb193	sltiu	x3,x25,-1482	 x25:0x00000000  x3=0x00000001
      59285.000 ns	      5927	80001758	c0093853	fcvt.w.s	x16,f18	 f18:0x7fc00000 x16=0x7fffffff
      59315.000 ns	      5930	8000175c	21559a53	fsgnjn.s	f20,f11,f21	 f11:0x80000000 f21:0x7f800000 f20=0x80000000
      59345.000 ns	      5933	80001760	c014f4d3	fcvt.wu.s	x9,f9	  f9:0x00000000  x9=0x00000000
      59375.000 ns	      5936	80001764	210ea9d3	fsgnjx.s	f19,f29,f16	 f29:0x7f800000 f16:0x00000000 f19=0x7f800000
      59395.000 ns	      5938	80001768	01af8f33	add	x30,x31,x26	 x31:0x00000001 x26:0x7fffffff x30=0x80000000
      59415.000 ns	      5940	8000176c	e00e9fd3	fclass.s	x31,f29	 f29:0x7f800000 x31=0x00000080
      59445.000 ns	      5943	80001770	20312853	fsgnjx.s	f16,f2,f3	  f2:0x7fc00000  f3:0x7fc00000 f16=0x7fc00000
      59475.000 ns	      5946	80001774	02911033	mulh	x0,x2,x9	  x2:0x00000001  x9:0x00000000
      59495.000 ns	      5948	80001778	bc67c393	xori	x7,x15,-1082	 x15:0xf9c13d14  x7=0x063ec6d2
      59855.000 ns	      5984	8000177c	0326c1b3	div	x3,x13,x18	 x13:0x00000000 x18:0x00000002  x3=0x00000000
      59875.000 ns	      5986	80001780	010820b3	slt	x1,x16,x16	 x16:0x7fffffff x16:0x7fffffff  x1=0x00000000
      59915.000 ns	      5990	80001784	01b0a853	fadd.s	f16,f1,f27	  f1:0x7f800000 f27:0x00000001 f16=0x7f800000
      59935.000 ns	      5992	80001788	79fa2293	slti	x5,x20,1951	 x20:0x00000000  x5=0x00000001
      59945.000 ns	      5993	8000178c	002d4db3	xor	x27,x26,x2	 x26:0x7fffffff  x2:0x00000001 x27=0x7ffffffe
      59955.000 ns	      5994	80001790	2db9fd93	andi	x27,x19,731	 x19:0x8564b4a1 x27=0x00000081
      59975.000 ns	      5996	80001794	02c5ef33	rem	x30,x11,x12	 x11:0x80041024 x12:0x00000000 x30=0x80041024
      60005.000 ns	      5999	80001798	d01e0453	fcvt.s.wu	f8,x28	 x28:0x80040fe4  f8=0x4f000410
      60025.000 ns	      6001	8000179c	41b3d213	srai	x4,x7,0x1b	  x7:0x063ec6d2  x4=0x00000000
      60035.000 ns	      6002	800017a0	01063b33	sltu	x22,x12,x16	 x12:0x00000000 x16:0x7fffffff x22=0x00000001
      60045.000 ns	      6003	800017a4	012652b3	srl	x5,x12,x18	 x12:0x00000000 x18:0x00000002  x5=0x00000000
      60055.000 ns	      6004	800017a8	1414ec93	ori	x25,x9,321	  x9:0x00000000 x25=0x00000141
      60075.000 ns	      6006	800017ac	f0080753	fmv.w.x	f14,x16	 x16:0x7fffffff f14=0x7fffffff
      60105.000 ns	      6009	800017b0	d014fdd3	fcvt.s.wu	f27,x9	  x9:0x00000000 f27=0x00000000
      60135.000 ns	      6012	800017b4	038f0d33	mul	x26,x30,x24	 x30:0x80041024 x24:0xfffffffe x26=0xfff7dfb8
      60165.000 ns	      6015	800017b8	d00f75d3	fcvt.s.w	f11,x30	 x30:0x80041024 f11=0xcefff7df
      60185.000 ns	      6017	800017bc	00b5c1b3	xor	x3,x11,x11	 x11:0x80041024 x11:0x80041024  x3=0x00000000
      60225.000 ns	      6021	800017c0	0924f7d3	fsub.s	f15,f9,f18	  f9:0x00000000 f18:0x7fc00000 f15=0x7fc00000
      60245.000 ns	      6023	800017c4	3f672713	slti	x14,x14,1014	 x14:0x00000000 x14=0x00000001
      60255.000 ns	      6024	800017c8	01aef2b3	and	x5,x29,x26	 x29:0xfffffffe x26:0xfff7dfb8  x5=0xfff7dfb8
      60275.000 ns	      6026	800017cc	a1639d53	flt.s	x26,f7,f22	  f7:0x00000001 f22:0x7fc00000 x26=0x00000000
      60295.000 ns	      6028	800017d0	231d0c13	addi	x24,x26,561	 x26:0xfff7dfb8 x24=0x00000231
      60325.000 ns	      6031	800017d4	18173b53	fdiv.s	f22,f14,f1	 f14:0x7fffffff  f1:0x7f800000 f22=0x7fc00000
      60355.000 ns	      6034	800017d8	d01f7b53	fcvt.s.wu	f22,x30	 x30:0x80041024 f22=0x4f000410
      60385.000 ns	      6037	800017dc	c00e42d3	fcvt.w.s	x5,f28	 f28:0x4f7f9c14  x5=0x7fffffff
      60415.000 ns	      6040	800017e0	c0177653	fcvt.wu.s	x12,f14	 f14:0x7fffffff x12=0xffffffff
      60435.000 ns	      6042	800017e4	80ea8893	addi	x17,x21,-2034	 x21:0x00000000 x17=0xfffff80e
      60445.000 ns	      6043	800017e8	f9e67a93	andi	x21,x12,-98	 x12:0xffffffff x21=0xffffff9e
      60465.000 ns	      6045	800017ec	21ff15d3	fsgnjn.s	f11,f30,f31	 f30:0x7f800000 f31:0x7fc00000 f11=0xff800000
      60495.000 ns	      6048	800017f0	21ec9cd3	fsgnjn.s	f25,f25,f30	 f25:0x7fc00000 f30:0x7f800000 f25=0xffc00000
      60535.000 ns	      6052	800017f4	58050053	fsqrt.s	f0,f10	 f10:0x7fc00000  f0=0x7fc00000
      60565.000 ns	      6055	800017f8	205a1dd3	fsgnjn.s	f27,f20,f5	 f20:0x80000000  f5:0xff800000 f27=0x00000000
      60595.000 ns	      6058	800017fc	f0060c53	fmv.w.x	f24,x12	 x12:0xffffffff f24=0xffffffff
      60625.000 ns	      6061	80001800	c0191253	fcvt.wu.s	x4,f18	 f18:0x7fc00000  x4=0xffffffff
      60655.000 ns	      6064	80001804	02194c33	div	x24,x18,x1	 x18:0x00000002  x1:0x00000000 x24=0xffffffff
      60675.000 ns	      6066	80001808	02d86337	lui	x6,0x2d86	  x6=0x02d86000
      60685.000 ns	      6067	8000180c	3f92cf13	xori	x30,x5,1017	  x5:0x7fffffff x30=0x7ffffc06
      60695.000 ns	      6068	80001810	014790b3	sll	x1,x15,x20	 x15:0xf9c13d14 x20:0x00000000  x1=0xf9c13d14
      60715.000 ns	      6070	80001814	e00b99d3	fclass.s	x19,f23	 f23:0x7f800000 x19=0x00000080
      60735.000 ns	      6072	80001818	cc746893	ori	x17,x8,-825	  x8:0x80040fe4 x17=0xffffffe7
      61095.000 ns	      6108	8000181c	02777933	remu	x18,x14,x7	 x14:0x00000001  x7:0x063ec6d2 x18=0x00000001
      61145.000 ns	      6113	80001820	08cc71d3	fsub.s	f3,f24,f12	 f24:0xffffffff f12:0x00000000  f3=0x7fc00000
      61165.000 ns	      6115	80001824	4940a313	slti	x6,x1,1172	  x1:0xf9c13d14  x6=0x00000001
      61185.000 ns	      6117	80001828	21e70753	fsgnj.s	f14,f14,f30	 f14:0x7fffffff f30:0x7f800000 f14=0x7fffffff
      61215.000 ns	      6120	8000182c	a1f113d3	flt.s	x7,f2,f31	  f2:0x7fc00000 f31:0x7fc00000  x7=0x00000000
      61245.000 ns	      6123	80001830	02dbbfb3	mulhu	x31,x23,x13	 x23:0xae79a6bc x13:0x00000000 x31=0x00000000
      61265.000 ns	      6125	80001834	00000013	addi	x0,x0,0	  x0:0x00000000
      61275.000 ns	      6126	80001838	08ad6093	ori	x1,x26,138	 x26:0x00000000  x1=0x0000008a
      61305.000 ns	      6129	8000183c	10ed7d53	fmul.s	f26,f26,f14	 f26:0x7fc00000 f14:0x7fffffff f26=0x7fc00000
      61335.000 ns	      6132	80001840	d017b9d3	fcvt.s.wu	f19,x15	 x15:0xf9c13d14 f19=0x4f79c13e
      61355.000 ns	      6134	80001844	00555293	srli	x5,x10,0x5	 x10:0x4cfe56ec  x5=0x0267f2b7
      61365.000 ns	      6135	80001848	00b38a33	add	x20,x7,x11	  x7:0x00000000 x11:0x80041024 x20=0x80041024
      61375.000 ns	      6136	8000184c	01b8f733	and	x14,x17,x27	 x17:0xffffffe7 x27:0x00000081 x14=0x00000081
      61395.000 ns	      6138	80001850	d01db853	fcvt.s.wu	f16,x27	 x27:0x00000081 f16=0x43010000
      61425.000 ns	      6141	80001854	d0127e53	fcvt.s.wu	f28,x4	  x4:0xffffffff f28=0x4f7fffff
      61455.000 ns	      6144	80001858	0307a233	mulhsu	x4,x15,x16	 x15:0xf9c13d14 x16:0x7fffffff  x4=0xfce09e8a
      61485.000 ns	      6147	8000185c	02068a33	mul	x20,x13,x0	 x13:0x00000000  x0:0x00000000 x20=0x00000000
      61525.000 ns	      6151	80001860	19919ad3	fdiv.s	f21,f3,f25	  f3:0x7fc00000 f25:0xffc00000 f21=0x7fc00000
      61555.000 ns	      6154	80001864	d00f72d3	fcvt.s.w	f5,x30	 x30:0x7ffffc06  f5=0x4efffff8
      61575.000 ns	      6156	80001868	41c9d113	srai	x2,x19,0x1c	 x19:0x00000080  x2=0x00000000
      61605.000 ns	      6159	8000186c	19cc7bd3	fdiv.s	f23,f24,f28	 f24:0xffffffff f28:0x4f7fffff f23=0x7fc00000
      61645.000 ns	      6163	80001870	18b531d3	fdiv.s	f3,f10,f11	 f10:0x7fc00000 f11:0xff800000  f3=0x7fc00000
      61685.000 ns	      6167	80001874	185105d3	fdiv.s	f11,f2,f5	  f2:0x7fc00000  f5:0x4efffff8 f11=0x7fc00000
      61715.000 ns	      6170	80001878	02108cb3	mul	x25,x1,x1	  x1:0x0000008a  x1:0x0000008a x25=0x00004a64
      61735.000 ns	      6172	8000187c	f614b313	sltiu	x6,x9,-159	  x9:0x00000000  x6=0x00000001
      61745.000 ns	      6173	80001880	01099e93	slli	x29,x19,0x10	 x19:0x00000080 x29=0x00800000
      61765.000 ns	      6175	80001884	295a0c53	fmin.s	f24,f20,f21	 f20:0x80000000 f21:0x7fc00000 f24=0x80000000
      61795.000 ns	      6178	80001888	296c8453	fmin.s	f8,f25,f22	 f25:0xffc00000 f22:0x4f000410  f8=0x4f000410
      61815.000 ns	      6180	8000188c	aac46313	ori	x6,x8,-1364	  x8:0x80040fe4  x6=0xffffffec
      61825.000 ns	      6181	80001890	00910733	add	x14,x2,x9	  x2:0x00000000  x9:0x00000000 x14=0x00000000
      61845.000 ns	      6183	80001894	a0f0afd3	feq.s	x31,f1,f15	  f1:0x7f800000 f15:0x7fc00000 x31=0x00000000
      61865.000 ns	      6185	80001898	011cc233	xor	x4,x25,x17	 x25:0x00004a64 x17:0xffffffe7  x4=0xffffb583
      61885.000 ns	      6187	8000189c	21d40bd3	fsgnj.s	f23,f8,f29	  f8:0x4f000410 f29:0x7f800000 f23=0x4f000410
      61905.000 ns	      6189	800018a0	00c10733	add	x14,x2,x12	  x2:0x00000000 x12:0xffffffff x14=0xffffffff
      61925.000 ns	      6191	800018a4	2055abd3	fsgnjx.s	f23,f11,f5	 f11:0x7fc00000  f5:0x4efffff8 f23=0x7fc00000
      61945.000 ns	      6193	800018a8	00000013	addi	x0,x0,0	  x0:0x00000000
      62305.000 ns	      6229	800018ac	02e36fb3	rem	x31,x6,x14	  x6:0xffffffec x14:0xffffffff x31=0x00000000
      62335.000 ns	      6232	800018b0	a08e90d3	flt.s	x1,f29,f8	 f29:0x7f800000  f8:0x4f000410  x1=0x00000000
      62355.000 ns	      6234	800018b4	019656b3	srl	x13,x12,x25	 x12:0xffffffff x25:0x00004a64 x13=0x0fffffff
      62375.000 ns	      6236	800018b8	c00bf3d3	fcvt.w.s	x7,f23	 f23:0x7fc00000  x7=0x7fffffff
      62405.000 ns	      6239	800018bc	c012fa53	fcvt.wu.s	x20,f5	  f5:0x4efffff8 x20=0x7ffffc00
      62435.000 ns	      6242	800018c0	c0193353	fcvt.wu.s	x6,f18	 f18:0x7fc00000  x6=0xffffffff
      62455.000 ns	      6244	800018c4	f5aeae93	slti	x29,x29,-166	 x29:0x00800000 x29=0x00000000
      62465.000 ns	      6245	800018c8	01fe1ab3	sll	x21,x28,x31	 x28:0x80040fe4 x31:0x00000000 x21=0x80040fe4
      62485.000 ns	      6247	800018cc	f0030853	fmv.w.x	f16,x6	  x6:0xffffffff f16=0xffffffff
      62855.000 ns	      6284	800018d0	02ed6333	rem	x6,x26,x14	 x26:0x00000000 x14:0xffffffff  x6=0x00000000
      62885.000 ns	      6287	800018d4	f0018b53	fmv.w.x	f22,x3	  x3:0x00000000 f22=0x00000000
      62915.000 ns	      6290	800018d8	e00191d3	fclass.s	x3,f3	  f3:0x7fc00000  x3=0x00000200
      62945.000 ns	      6293	800018dc	03c51ab3	mulh	x21,x10,x28	 x10:0x4cfe56ec x28:0x80040fe4 x21=0xd9820d4a
      62975.000 ns	      6296	800018e0	027d39b3	mulhu	x19,x26,x7	 x26:0x00000000  x7:0x7fffffff x19=0x00000000
      63005.000 ns	      6299	800018e4	03d6ab33	mulhsu	x22,x13,x29	 x13:0x0fffffff x29:0x00000000 x22=0x00000000
      63025.000 ns	      6301	800018e8	00a116b3	sll	x13,x2,x10	  x2:0x00000000 x10:0x4cfe56ec x13=0x00000000
      63385.000 ns	      6337	800018ec	025ff2b3	remu	x5,x31,x5	 x31:0x00000000  x5:0x0267f2b7  x5=0x00000000
      63405.000 ns	      6339	800018f0	008babb3	slt	x23,x23,x8	 x23:0xae79a6bc  x8:0x80040fe4 x23=0x00000000
      63415.000 ns	      6340	800018f4	9158f0b7	lui	x1,0x9158f	  x1=0x9158f000
      63435.000 ns	      6342	800018f8	28b19453	fmax.s	f8,f3,f11	  f3:0x7fc00000 f11:0x7fc00000  f8=0x7fc00000
      63455.000 ns	      6344	800018fc	46c88493	addi	x9,x17,1132	 x17:0xffffffe7  x9=0x00000453
      63465.000 ns	      6345	80001900	004be033	or	x0,x23,x4	 x23:0x00000000  x4:0xffffb583
      63485.000 ns	      6347	80001904	e0001753	fclass.s	x14,f0	  f0:0x7fc00000 x14=0x00000200
      63505.000 ns	      6349	80001908	cec09217	auipc	x4,0xcec09	  x4=0x4ec0a908
      63515.000 ns	      6350	8000190c	e6112d93	slti	x27,x2,-415	  x2:0x00000000 x27=0x00000000
      63525.000 ns	      6351	80001910	5ee84b93	xori	x23,x16,1518	 x16:0x7fffffff x23=0x7ffffa11
      63565.000 ns	      6355	80001914	09d47253	fsub.s	f4,f8,f29	  f8:0x7fc00000 f29:0x7f800000  f4=0x7fc00000
      63595.000 ns	      6358	80001918	28db0653	fmin.s	f12,f22,f13	 f22:0x00000000 f13:0x00000000 f12=0x00000000
      63615.000 ns	      6360	8000191c	00ea01b3	add	x3,x20,x14	 x20:0x7ffffc00 x14:0x00000200  x3=0x7ffffe00
      63655.000 ns	      6364	80001920	08167153	fsub.s	f2,f12,f1	 f12:0x00000000  f1:0x7f800000  f2=0xff800000
      64025.000 ns	      6401	80001924	0210d0b3	divu	x1,x1,x1	  x1:0x9158f000  x1:0x9158f000  x1=0x00000001
      64045.000 ns	      6403	80001928	00461b33	sll	x22,x12,x4	 x12:0xffffffff  x4:0x4ec0a908 x22=0xffffff00
      64065.000 ns	      6405	8000192c	20fe8b53	fsgnj.s	f22,f29,f15	 f29:0x7f800000 f15:0x7fc00000 f22=0x7f800000
      64115.000 ns	      6410	80001930	09b60053	fsub.s	f0,f12,f27	 f12:0x00000000 f27:0x00000000  f0=0x80000000
      64135.000 ns	      6412	80001934	00d3d713	srli	x14,x7,0xd	  x7:0x7fffffff x14=0x0003ffff
      64155.000 ns	      6414	80001938	211201d3	fsgnj.s	f3,f4,f17	  f4:0x7fc00000 f17:0x7f800000  f3=0x7fc00000
      64185.000 ns	      6417	8000193c	a03b04d3	fle.s	x9,f22,f3	 f22:0x7f800000  f3:0x7fc00000  x9=0x00000000
      64205.000 ns	      6419	80001940	a454b493	sltiu	x9,x9,-1467	  x9:0x00000453  x9=0x00000001
      64215.000 ns	      6420	80001944	007ecd33	xor	x26,x29,x7	 x29:0x00000000  x7:0x7fffffff x26=0x7fffffff
      64225.000 ns	      6421	80001948	00ed8833	add	x16,x27,x14	 x27:0x00000000 x14:0x0003ffff x16=0x0003ffff
      64585.000 ns	      6457	8000194c	02926a33	rem	x20,x4,x9	  x4:0x4ec0a908  x9:0x00000001 x20=0x00000000
      64615.000 ns	      6460	80001950	f00800d3	fmv.w.x	f1,x16	 x16:0x7fffffff  f1=0x0003ffff
      64635.000 ns	      6462	80001954	4044c137	lui	x2,0x4044c	  x2=0x4044c000
      64645.000 ns	      6463	80001958	01571c93	slli	x25,x14,0x15	 x14:0x0003ffff x25=0xffe00000
      64665.000 ns	      6465	8000195c	0252be33	mulhu	x28,x5,x5	  x5:0x00000000  x5:0x00000000 x28=0x00000000
      64685.000 ns	      6467	80001960	00000013	addi	x0,x0,0	  x0:0x00000000
      64705.000 ns	      6469	80001964	e0029553	fclass.s	x10,f5	  f5:0x4efffff8 x10=0x00000040
      65075.000 ns	      6506	80001968	0242e733	rem	x14,x5,x4	  x5:0x00000000  x4:0x4ec0a908 x14=0x00000000
      65105.000 ns	      6509	8000196c	21c99353	fsgnjn.s	f6,f19,f28	 f19:0x4f79c13e f28:0x4f7fffff  f6=0xcf79c13e
      65125.000 ns	      6511	80001970	40e35db3	sra	x27,x6,x14	  x6:0x00000000 x14:0x00000000 x27=0x00000000
      65135.000 ns	      6512	80001974	00a57733	and	x14,x10,x10	 x10:0x00000040 x10:0x00000040 x14=0x00000040
      65145.000 ns	      6513	80001978	01cf74b3	and	x9,x30,x28	 x30:0x7ffffc06 x28:0x00000000  x9=0x00000000
      65165.000 ns	      6515	8000197c	02b313b3	mulh	x7,x6,x11	  x6:0x00000000 x11:0x80041024  x7=0x00000000
      65185.000 ns	      6517	80001980	872e2d93	slti	x27,x28,-1934	 x28:0x00000000 x27=0x00000000
      65195.000 ns	      6518	80001984	00e8cfb3	xor	x31,x17,x14	 x17:0xffffffe7 x14:0x00000040 x31=0xffffffa7
      65205.000 ns	      6519	80001988	00921213	slli	x4,x4,0x9	  x4:0x4ec0a908  x4=0x81521000
      65225.000 ns	      6521	8000198c	d013f653	fcvt.s.wu	f12,x7	  x7:0x00000000 f12=0x00000000
      65255.000 ns	      6524	80001990	032c16b3	mulh	x13,x24,x18	 x24:0xffffffff x18:0x00000001 x13=0xffffffff
      65625.000 ns	      6561	80001994	02ec7133	remu	x2,x24,x14	 x24:0xffffffff x14:0x00000040  x2=0x0000003f
      65645.000 ns	      6563	80001998	fa24ef93	ori	x31,x9,-94	  x9:0x00000000 x31=0xffffffa2
      65655.000 ns	      6564	8000199c	00000013	addi	x0,x0,0	  x0:0x00000000
      65675.000 ns	      6566	800019a0	f0038e53	fmv.w.x	f28,x7	  x7:0x00000000 f28=0x00000000
      65695.000 ns	      6568	800019a4	c1f63917	auipc	x18,0xc1f63	 x18=0x41f649a4
      65715.000 ns	      6570	800019a8	02a89533	mulh	x10,x17,x10	 x17:0xffffffe7 x10:0x00000040 x10=0xffffffff
      66085.000 ns	      6607	800019ac	02b56d33	rem	x26,x10,x11	 x10:0x00000040 x11:0x80041024 x26=0xffffffff
      66105.000 ns	      6609	800019b0	0bdf96b7	lui	x13,0xbdf9	 x13=0x0bdf9000
      66125.000 ns	      6611	800019b4	d0067dd3	fcvt.s.w	f27,x12	 x12:0xffffffff f27=0xbf800000
      66165.000 ns	      6615	800019b8	19ba7753	fdiv.s	f14,f20,f27	 f20:0x80000000 f27:0x00000000 f14=0x00000000
      66205.000 ns	      6619	800019bc	1197fa53	fmul.s	f20,f15,f25	 f15:0x7fc00000 f25:0xffc00000 f20=0x7fc00000
      66225.000 ns	      6621	800019c0	41ca5d13	srai	x26,x20,0x1c	 x20:0x00000000 x26=0x00000000
      66245.000 ns	      6623	800019c4	026deb33	rem	x22,x27,x6	 x27:0x00000000  x6:0x00000000 x22=0x00000000
      66275.000 ns	      6626	800019c8	21429353	fsgnjn.s	f6,f5,f20	  f5:0x4efffff8 f20:0x7fc00000  f6=0xcefffff8
      66305.000 ns	      6629	800019cc	a1438d53	fle.s	x26,f7,f20	  f7:0x00000001 f20:0x7fc00000 x26=0x00000000
      66335.000 ns	      6632	800019d0	03b680b3	mul	x1,x13,x27	 x13:0x0bdf9000 x27:0x00000000  x1=0x00000000
      66365.000 ns	      6635	800019d4	21319d53	fsgnjn.s	f26,f3,f19	  f3:0x7fc00000 f19:0x4f79c13e f26=0xffc00000
      66385.000 ns	      6637	800019d8	c14ea317	auipc	x6,0xc14ea	  x6=0x414eb9d8
      66415.000 ns	      6640	800019dc	580f7ad3	fsqrt.s	f21,f30	 f30:0x7f800000 f21=0x7f800000
      66435.000 ns	      6642	800019e0	0bda0d13	addi	x26,x20,189	 x20:0x00000000 x26=0x000000bd
      66445.000 ns	      6643	800019e4	015bc8b3	xor	x17,x23,x21	 x23:0x7ffffa11 x21:0xd9820d4a x17=0xa67df75b
      66455.000 ns	      6644	800019e8	41e489b3	sub	x19,x9,x30	  x9:0x00000000 x30:0x7ffffc06 x19=0x800003fa
      66495.000 ns	      6648	800019ec	09279253	fsub.s	f4,f15,f18	 f15:0x7fc00000 f18:0x7fc00000  f4=0x7fc00000
      66515.000 ns	      6650	800019f0	00328bb3	add	x23,x5,x3	  x5:0x00000000  x3:0x7ffffe00 x23=0x7ffffe00
      66525.000 ns	      6651	800019f4	41d3d933	sra	x18,x7,x29	  x7:0x00000000 x29:0x00000000 x18=0x00000000
      66545.000 ns	      6653	800019f8	21d4a0d3	fsgnjx.s	f1,f9,f29	  f9:0x00000000 f29:0x7f800000  f1=0x00000000
      66575.000 ns	      6656	800019fc	c0109953	fcvt.wu.s	x18,f1	  f1:0x0003ffff x18=0x00000000
      66605.000 ns	      6659	80001a00	d000a753	fcvt.s.w	f14,x1	  x1:0x00000000 f14=0x00000000
      66625.000 ns	      6661	80001a04	b7200193	addi	x3,x0,-1166	  x0:0x00000000  x3=0xfffffb72
      66645.000 ns	      6663	80001a08	d00ec5d3	fcvt.s.w	f11,x29	 x29:0x00000000 f11=0x00000000
      66675.000 ns	      6666	80001a0c	c0137ad3	fcvt.wu.s	x21,f6	  f6:0xcefffff8 x21=0x7ffffc00
      66705.000 ns	      6669	80001a10	c00da4d3	fcvt.w.s	x9,f27	 f27:0xbf800000  x9=0xffffffff
      66725.000 ns	      6671	80001a14	40158733	sub	x14,x11,x1	 x11:0x80041024  x1:0x00000000 x14=0x80041024
      66745.000 ns	      6673	80001a18	03753eb3	mulhu	x29,x10,x23	 x10:0xffffffff x23:0x7ffffe00 x29=0x7ffffdff
      66775.000 ns	      6676	80001a1c	026dbab3	mulhu	x21,x27,x6	 x27:0x00000000  x6:0x414eb9d8 x21=0x00000000
      66795.000 ns	      6678	80001a20	01d7a493	slti	x9,x15,29	 x15:0xf9c13d14  x9=0x00000001
      66815.000 ns	      6680	80001a24	02602533	mulhsu	x10,x0,x6	  x0:0x00000000  x6:0x414eb9d8 x10=0x00000000
      66845.000 ns	      6683	80001a28	c008b853	fcvt.w.s	x16,f17	 f17:0x7f800000 x16=0x7fffffff
      66875.000 ns	      6686	80001a2c	218c8fd3	fsgnj.s	f31,f25,f24	 f25:0xffc00000 f24:0x80000000 f31=0xffc00000
      66905.000 ns	      6689	80001a30	c00171d3	fcvt.w.s	x3,f2	  f2:0xff800000  x3=0x80000000
      66935.000 ns	      6692	80001a34	a052a6d3	feq.s	x13,f5,f5	  f5:0x4efffff8  f5:0x4efffff8 x13=0x00000001
      67305.000 ns	      6729	80001a38	02d1df33	divu	x30,x3,x13	  x3:0x80000000 x13:0x0bdf9000 x30=0x80000000
      67325.000 ns	      6731	80001a3c	480d8b13	addi	x22,x27,1152	 x27:0x00000000 x22=0x00000480
      67335.000 ns	      6732	80001a40	01484233	xor	x4,x16,x20	 x16:0x7fffffff x20:0x00000000  x4=0x7fffffff
      67355.000 ns	      6734	80001a44	214a0053	fsgnj.s	f0,f20,f20	 f20:0x7fc00000 f20:0x7fc00000  f0=0x7fc00000
      67375.000 ns	      6736	80001a48	b61bcb97	auipc	x23,0xb61bc	 x23=0x361bda48
      67395.000 ns	      6738	80001a4c	21f58553	fsgnj.s	f10,f11,f31	 f11:0x00000000 f31:0xffc00000 f10=0x80000000
      67415.000 ns	      6740	80001a50	01489993	slli	x19,x17,0x14	 x17:0xa67df75b x19=0x75b00000
      67435.000 ns	      6742	80001a54	029e8933	mul	x18,x29,x9	 x29:0x7ffffdff  x9:0x00000001 x18=0x7ffffdff
      67465.000 ns	      6745	80001a58	20812553	fsgnjx.s	f10,f2,f8	  f2:0xff800000  f8:0x7fc00000 f10=0xff800000
      67485.000 ns	      6747	80001a5c	01059d93	slli	x27,x11,0x10	 x11:0x80041024 x27=0x10240000
      67505.000 ns	      6749	80001a60	03b19a33	mulh	x20,x3,x27	  x3:0x80000000 x27:0x00000000 x20=0xf7ee0000
      67535.000 ns	      6752	80001a64	03372db3	mulhsu	x27,x14,x19	 x14:0x80041024 x19:0x75b00000 x27=0xc529de2b
      67555.000 ns	      6754	80001a68	54a97e13	andi	x28,x18,1354	 x18:0x7ffffdff x28=0x0000054a
      67565.000 ns	      6755	80001a6c	00bfc9b3	xor	x19,x31,x11	 x31:0xffffffa2 x11:0x80041024 x19=0x7ffbef86
      67575.000 ns	      6756	80001a70	00000013	addi	x0,x0,0	  x0:0x00000000
      67935.000 ns	      6792	80001a74	037b69b3	rem	x19,x22,x23	 x22:0x00000480 x23:0x361bda48 x19=0x00000480
      67965.000 ns	      6795	80001a78	c01a19d3	fcvt.wu.s	x19,f20	 f20:0x7fc00000 x19=0xffffffff
      67985.000 ns	      6797	80001a7c	410201b3	sub	x3,x4,x16	  x4:0x7fffffff x16:0x7fffffff  x3=0x00000000
      67995.000 ns	      6798	80001a80	00947eb3	and	x29,x8,x9	  x8:0x80040fe4  x9:0x00000001 x29=0x00000000
      68015.000 ns	      6800	80001a84	d002f053	fcvt.s.w	f0,x5	  x5:0x00000000  f0=0x00000000
      68045.000 ns	      6803	80001a88	d00b30d3	fcvt.s.w	f1,x22	 x22:0x00000480  f1=0x44900000
      68065.000 ns	      6805	80001a8c	db37c2b7	lui	x5,0xdb37c	  x5=0xdb37c000
      68085.000 ns	      6807	80001a90	033d33b3	mulhu	x7,x26,x19	 x26:0x000000bd x19:0xffffffff  x7=0x000000bc
      68115.000 ns	      6810	80001a94	02d4abb3	mulhsu	x23,x9,x13	  x9:0x00000001 x13:0x00000001 x23=0x00000000
      68165.000 ns	      6815	80001a98	081d8e53	fsub.s	f28,f27,f1	 f27:0xbf800000  f1:0x44900000 f28=0xc4902000
      68185.000 ns	      6817	80001a9c	fdd2b093	sltiu	x1,x5,-35	  x5:0xdb37c000  x1=0x00000001
      68195.000 ns	      6818	80001aa0	011798b3	sll	x17,x15,x17	 x15:0xf9c13d14 x17:0xa67df75b x17=0xa0000000
      68205.000 ns	      6819	80001aa4	40c75113	srai	x2,x14,0xc	 x14:0x80041024  x2=0xfff80041
      68565.000 ns	      6855	80001aa8	0390c3b3	div	x7,x1,x25	  x1:0x00000001 x25:0xffe00000  x7=0x00000000
      68605.000 ns	      6859	80001aac	18ac0253	fdiv.s	f4,f24,f10	 f24:0x80000000 f10:0xff800000  f4=0x00000000
      68975.000 ns	      6896	80001ab0	03e9c8b3	div	x17,x19,x30	 x19:0xffffffff x30:0x80000000 x17=0x00000000
      68995.000 ns	      6898	80001ab4	9c38ea37	lui	x20,0x9c38e	 x20=0x9c38e000
      69005.000 ns	      6899	80001ab8	ff422f93	slti	x31,x4,-12	  x4:0x7fffffff x31=0x00000000
      69025.000 ns	      6901	80001abc	c00f26d3	fcvt.w.s	x13,f30	 f30:0x7f800000 x13=0x7fffffff
      69055.000 ns	      6904	80001ac0	c0147553	fcvt.wu.s	x10,f8	  f8:0x7fc00000 x10=0xffffffff
      69085.000 ns	      6907	80001ac4	2183a553	fsgnjx.s	f10,f7,f24	  f7:0x00000001 f24:0x80000000 f10=0x80000001
      69115.000 ns	      6910	80001ac8	d012fb53	fcvt.s.wu	f22,x5	  x5:0xdb37c000 f22=0x4f5b37c0
      69135.000 ns	      6912	80001acc	0010dfb3	srl	x31,x1,x1	  x1:0x00000001  x1:0x00000001 x31=0x00000000
      69495.000 ns	      6948	80001ad0	02d0f233	remu	x4,x1,x13	  x1:0x00000001 x13:0x7fffffff  x4=0x00000001
      69525.000 ns	      6951	80001ad4	02f5acb3	mulhsu	x25,x11,x15	 x11:0x80041024 x15:0xf9c13d14 x25=0x8323583a
      69895.000 ns	      6988	80001ad8	022b4633	div	x12,x22,x2	 x22:0x00000480  x2:0xfff80041 x12=0x00000000
      69925.000 ns	      6991	80001adc	03d8bdb3	mulhu	x27,x17,x29	 x17:0x00000000 x29:0x00000000 x27=0x00000000
      69975.000 ns	      6996	80001ae0	00f13ad3	fadd.s	f21,f2,f15	  f2:0xff800000 f15:0x7fc00000 f21=0x7fc00000
      69995.000 ns	      6998	80001ae4	0025da93	srli	x21,x11,0x2	 x11:0x80041024 x21=0x20010409
      70015.000 ns	      7000	80001ae8	200a0cd3	fsgnj.s	f25,f20,f0	 f20:0x7fc00000  f0:0x00000000 f25=0x7fc00000
      70035.000 ns	      7002	80001aec	00b820b3	slt	x1,x16,x11	 x16:0x7fffffff x11:0x80041024  x1=0x00000000
      70055.000 ns	      7004	80001af0	d015fad3	fcvt.s.wu	f21,x11	 x11:0x80041024 f21=0x4f000410
      70075.000 ns	      7006	80001af4	01dda033	slt	x0,x27,x29	 x27:0x00000000 x29:0x00000000
      70085.000 ns	      7007	80001af8	40765393	srai	x7,x12,0x7	 x12:0x00000000  x7=0x00000000
      70105.000 ns	      7009	80001afc	d00c7953	fcvt.s.w	f18,x24	 x24:0xffffffff f18=0xbf800000
      70135.000 ns	      7012	80001b00	a0759153	flt.s	x2,f11,f7	 f11:0x00000000  f7:0x00000001  x2=0x00000001
      70155.000 ns	      7014	80001b04	fd23d117	auipc	x2,0xfd23d	  x2=0x7d23eb04
      70175.000 ns	      7016	80001b08	02aab233	mulhu	x4,x21,x10	 x21:0x20010409 x10:0xffffffff  x4=0x20010408
      70195.000 ns	      7018	80001b0c	40b85a33	sra	x20,x16,x11	 x16:0x7fffffff x11:0x80041024 x20=0x07ffffff
      70205.000 ns	      7019	80001b10	a88f3993	sltiu	x19,x30,-1400	 x30:0x80000000 x19=0x00000001
      70565.000 ns	      7055	80001b14	0352cd33	div	x26,x5,x21	  x5:0xdb37c000 x21:0x20010409 x26=0xffffffff
      70605.000 ns	      7059	80001b18	580bf453	fsqrt.s	f8,f23	 f23:0x7fc00000  f8=0x7fc00000
      70635.000 ns	      7062	80001b1c	d00e7a53	fcvt.s.w	f20,x28	 x28:0x0000054a f20=0x44a94000
      70665.000 ns	      7065	80001b20	03523ab3	mulhu	x21,x4,x21	  x4:0x20010408 x21:0x20010409 x21=0x04004103
      70695.000 ns	      7068	80001b24	a1078dd3	fle.s	x27,f15,f16	 f15:0x7fc00000 f16:0xffffffff x27=0x00000000
      70725.000 ns	      7071	80001b28	d01cf153	fcvt.s.wu	f2,x25	 x25:0x8323583a  f2=0x4f032358
      70745.000 ns	      7073	80001b2c	dc6c7517	auipc	x10,0xdc6c7	 x10=0x5c6c8b2c
      70765.000 ns	      7075	80001b30	03d69b33	mulh	x22,x13,x29	 x13:0x7fffffff x29:0x00000000 x22=0x00000000
      70785.000 ns	      7077	80001b34	002f1db3	sll	x27,x30,x2	 x30:0x80000000  x2:0x7d23eb04 x27=0x00000000
      70805.000 ns	      7079	80001b38	03ed2f33	mulhsu	x30,x26,x30	 x26:0xffffffff x30:0x80000000 x30=0xffffffff
      70825.000 ns	      7081	80001b3c	01d6f233	and	x4,x13,x29	 x13:0x7fffffff x29:0x00000000  x4=0x00000000
      70835.000 ns	      7082	80001b40	005011b3	sll	x3,x0,x5	  x0:0x00000000  x5:0xdb37c000  x3=0x00000000
      70845.000 ns	      7083	80001b44	a1090a13	addi	x20,x18,-1520	 x18:0x7ffffdff x20=0x7ffff80f
      70875.000 ns	      7086	80001b48	580248d3	fsqrt.s	f17,f4	  f4:0x00000000 f17=0x00000000
      70895.000 ns	      7088	80001b4c	8b8cbc13	sltiu	x24,x25,-1864	 x25:0x8323583a x24=0x00000001
      70905.000 ns	      7089	80001b50	009cdbb3	srl	x23,x25,x9	 x25:0x8323583a  x9:0x00000001 x23=0x4191ac1d
      70925.000 ns	      7091	80001b54	c0151dd3	fcvt.wu.s	x27,f10	 f10:0x80000001 x27=0x00000000
      70945.000 ns	      7093	80001b58	01f81913	slli	x18,x16,0x1f	 x16:0x7fffffff x18=0x80000000
      70955.000 ns	      7094	80001b5c	00000013	addi	x0,x0,0	  x0:0x00000000
      70985.000 ns	      7097	80001b60	118471d3	fmul.s	f3,f8,f24	  f8:0x7fc00000 f24:0x80000000  f3=0x7fc00000
      71015.000 ns	      7100	80001b64	c01d3d53	fcvt.wu.s	x26,f26	 f26:0xffc00000 x26=0xffffffff
      71045.000 ns	      7103	80001b68	03d20eb3	mul	x29,x4,x29	  x4:0x00000000 x29:0x00000000 x29=0x00000000
      71065.000 ns	      7105	80001b6c	006b86b3	add	x13,x23,x6	 x23:0x4191ac1d  x6:0x414eb9d8 x13=0x82e065f5
      71085.000 ns	      7107	80001b70	e0051153	fclass.s	x2,f10	 f10:0x80000001  x2=0x00000004
      71105.000 ns	      7109	80001b74	01df63b3	or	x7,x30,x29	 x30:0xffffffff x29:0x00000000  x7=0xffffffff
      71115.000 ns	      7110	80001b78	00924d33	xor	x26,x4,x9	  x4:0x00000000  x9:0x00000001 x26=0x00000001
      71155.000 ns	      7114	80001b7c	09207053	fsub.s	f0,f0,f18	  f0:0x00000000 f18:0xbf800000  f0=0x3f800000
      71175.000 ns	      7116	80001b80	01d450b3	srl	x1,x8,x29	  x8:0x80040fe4 x29:0x00000000  x1=0x80040fe4
      71195.000 ns	      7118	80001b84	217a0ed3	fsgnj.s	f29,f20,f23	 f20:0x44a94000 f23:0x7fc00000 f29=0x44a94000
      71245.000 ns	      7123	80001b88	00930353	fadd.s	f6,f6,f9	  f6:0xcefffff8  f9:0x00000000  f6=0xcefffff8
      71295.000 ns	      7128	80001b8c	00a44c53	fadd.s	f24,f8,f10	  f8:0x7fc00000 f10:0x80000001 f24=0x7fc00000
      71315.000 ns	      7130	80001b90	00bbccb3	xor	x25,x23,x11	 x23:0x4191ac1d x11:0x80041024 x25=0xc195bc39
      71345.000 ns	      7133	80001b94	58047353	fsqrt.s	f6,f8	  f8:0x7fc00000  f6=0x7fc00000
      71395.000 ns	      7138	80001b98	010bf853	fadd.s	f16,f23,f16	 f23:0x7fc00000 f16:0xffffffff f16=0x7fc00000
      71415.000 ns	      7140	80001b9c	cf0c2913	slti	x18,x24,-784	 x24:0x00000001 x18=0x00000000
      71435.000 ns	      7142	80001ba0	f00b86d3	fmv.w.x	f13,x23	 x23:0x4191ac1d f13=0x4191ac1d
      71805.000 ns	      7179	80001ba4	02aede33	divu	x28,x29,x10	 x29:0x00000000 x10:0x5c6c8b2c x28=0x00000000
      71835.000 ns	      7182	80001ba8	036601b3	mul	x3,x12,x22	 x12:0x00000000 x22:0x00000000  x3=0x00000000
      72205.000 ns	      7219	80001bac	02177933	remu	x18,x14,x1	 x14:0x80041024  x1:0x80040fe4 x18=0x00000040
      72225.000 ns	      7221	80001bb0	41828b33	sub	x22,x5,x24	  x5:0xdb37c000 x24:0x00000001 x22=0xdb37bfff
      72235.000 ns	      7222	80001bb4	01ab9313	slli	x6,x23,0x1a	 x23:0x4191ac1d  x6=0x74000000
      72255.000 ns	      7224	80001bb8	f0038153	fmv.w.x	f2,x7	  x7:0xffffffff  f2=0xffffffff
      72295.000 ns	      7228	80001bbc	187ff753	fdiv.s	f14,f31,f7	 f31:0xffc00000  f7:0x00000001 f14=0x7fc00000
      72315.000 ns	      7230	80001bc0	ea363193	sltiu	x3,x12,-349	 x12:0x00000000  x3=0x00000001
      72335.000 ns	      7232	80001bc4	20a42753	fsgnjx.s	f14,f8,f10	  f8:0x7fc00000 f10:0x80000001 f14=0xffc00000
      72705.000 ns	      7269	80001bc8	036e54b3	divu	x9,x28,x22	 x28:0x00000000 x22:0xdb37bfff  x9=0x00000000
      72735.000 ns	      7272	80001bcc	280a8453	fmin.s	f8,f21,f0	 f21:0x4f000410  f0:0x3f800000  f8=0x3f800000
      73105.000 ns	      7309	80001bd0	0358f533	remu	x10,x17,x21	 x17:0x00000000 x21:0x04004103 x10=0x00000000
      73125.000 ns	      7311	80001bd4	010ae2b3	or	x5,x21,x16	 x21:0x04004103 x16:0x7fffffff  x5=0x7fffffff
      73485.000 ns	      7347	80001bd8	02345fb3	divu	x31,x8,x3	  x8:0x80040fe4  x3:0x00000001 x31=0x80040fe4
      73515.000 ns	      7350	80001bdc	21140553	fsgnj.s	f10,f8,f17	  f8:0x3f800000 f17:0x00000000 f10=0x3f800000
      73545.000 ns	      7353	80001be0	a14a8153	fle.s	x2,f21,f20	 f21:0x4f000410 f20:0x44a94000  x2=0x00000000
      73565.000 ns	      7355	80001be4	1d6c7b13	andi	x22,x24,470	 x24:0x00000001 x22=0x00000000
      73575.000 ns	      7356	80001be8	00467133	and	x2,x12,x4	 x12:0x00000000  x4:0x00000000  x2=0x00000000
      73595.000 ns	      7358	80001bec	f00508d3	fmv.w.x	f17,x10	 x10:0x00000000 f17=0x00000000
      73625.000 ns	      7361	80001bf0	0353b533	mulhu	x10,x7,x21	  x7:0xffffffff x21:0x04004103 x10=0x04004102
      73645.000 ns	      7363	80001bf4	00ce4db3	xor	x27,x28,x12	 x28:0x00000000 x12:0x00000000 x27=0x00000000
      73675.000 ns	      7366	80001bf8	11b587d3	fmul.s	f15,f11,f27	 f11:0x00000000 f27:0xbf800000 f15=0x80000000
      73705.000 ns	      7369	80001bfc	036f03b3	mul	x7,x30,x22	 x30:0xffffffff x22:0x00000000  x7=0x00000000
      73735.000 ns	      7372	80001c00	f0000853	fmv.w.x	f16,x0	  x0:0x00000000 f16=0x00000000
      73765.000 ns	      7375	80001c04	a1ce0353	fle.s	x6,f28,f28	 f28:0xc4902000 f28:0xc4902000  x6=0x00000001
      73795.000 ns	      7378	80001c08	29af0fd3	fmin.s	f31,f30,f26	 f30:0x7f800000 f26:0xffc00000 f31=0x7f800000
      73825.000 ns	      7381	80001c0c	02f23fb3	mulhu	x31,x4,x15	  x4:0x00000000 x15:0xf9c13d14 x31=0x00000000
      73855.000 ns	      7384	80001c10	f00d0ad3	fmv.w.x	f21,x26	 x26:0x00000001 f21=0x00000001
      73875.000 ns	      7386	80001c14	006cd9b3	srl	x19,x25,x6	 x25:0xc195bc39  x6:0x00000001 x19=0x60cade1c
      73885.000 ns	      7387	80001c18	41badc13	srai	x24,x21,0x1b	 x21:0x04004103 x24=0x00000000
      73905.000 ns	      7389	80001c1c	02757eb3	remu	x29,x10,x7	 x10:0x04004102  x7:0x00000000 x29=0x04004102
      73925.000 ns	      7391	80001c20	0186da37	lui	x20,0x186d	 x20=0x0186d000
      73945.000 ns	      7393	80001c24	201eab53	fsgnjx.s	f22,f29,f1	 f29:0x44a94000  f1:0x44900000 f22=0x44a94000
      73975.000 ns	      7396	80001c28	d00e78d3	fcvt.s.w	f17,x28	 x28:0x00000000 f17=0x00000000
      73995.000 ns	      7398	80001c2c	00f50eb3	add	x29,x10,x15	 x10:0x04004102 x15:0xf9c13d14 x29=0xfdc17e16
      74005.000 ns	      7399	80001c30	0161a933	slt	x18,x3,x22	  x3:0x00000001 x22:0x00000000 x18=0x00000000
      74015.000 ns	      7400	80001c34	88b86c13	ori	x24,x16,-1909	 x16:0x7fffffff x24=0xffffffff
      74035.000 ns	      7402	80001c38	0275b733	mulhu	x14,x11,x7	 x11:0x80041024  x7:0x00000000 x14=0x00000000
      74065.000 ns	      7405	80001c3c	29c18953	fmin.s	f18,f3,f28	  f3:0x7fc00000 f28:0xc4902000 f18=0xc4902000
      74085.000 ns	      7407	80001c40	acdde813	ori	x16,x27,-1331	 x27:0x00000000 x16=0xfffffacd
      74105.000 ns	      7409	80001c44	208802d3	fsgnj.s	f5,f16,f8	 f16:0x00000000  f8:0x3f800000  f5=0x00000000
      74145.000 ns	      7413	80001c48	199176d3	fdiv.s	f13,f2,f25	  f2:0xffffffff f25:0x7fc00000 f13=0x7fc00000
      74165.000 ns	      7415	80001c4c	00000013	addi	x0,x0,0	  x0:0x00000000
      74175.000 ns	      7416	80001c50	015c9393	slli	x7,x25,0x15	 x25:0xc195bc39  x7=0x87200000
      74205.000 ns	      7419	80001c54	19f77553	fdiv.s	f10,f14,f31	 f14:0xffc00000 f31:0x7f800000 f10=0x7fc00000
      74225.000 ns	      7421	80001c58	a4e76293	ori	x5,x14,-1458	 x14:0x00000000  x5=0xfffffa4e
      74235.000 ns	      7422	80001c5c	41388633	sub	x12,x17,x19	 x17:0x00000000 x19:0x60cade1c x12=0x9f3521e4
      74255.000 ns	      7424	80001c60	02403133	mulhu	x2,x0,x4	  x0:0x00000000  x4:0x00000000  x2=0x00000000
      74275.000 ns	      7426	80001c64	01be02b3	add	x5,x28,x27	 x28:0x00000000 x27:0x00000000  x5=0x00000000
      74635.000 ns	      7462	80001c68	02a0d4b3	divu	x9,x1,x10	  x1:0x80040fe4 x10:0x04004102  x9=0x0000001f
      74665.000 ns	      7465	80001c6c	a0af8ad3	fle.s	x21,f31,f10	 f31:0x7f800000 f10:0x7fc00000 x21=0x00000000
      75035.000 ns	      7502	80001c70	037dc8b3	div	x17,x27,x23	 x27:0x00000000 x23:0x4191ac1d x17=0x00000000
      75055.000 ns	      7504	80001c74	40a68733	sub	x14,x13,x10	 x13:0x82e065f5 x10:0x04004102 x14=0x7ee024f3
      75065.000 ns	      7505	80001c78	a72ebb37	lui	x22,0xa72eb	 x22=0xa72eb000
      75075.000 ns	      7506	80001c7c	b0eb4f93	xori	x31,x22,-1266	 x22:0x00000000 x31=0x58d14b0e
      75095.000 ns	      7508	80001c80	29a58753	fmin.s	f14,f11,f26	 f11:0x00000000 f26:0xffc00000 f14=0x00000000
      75115.000 ns	      7510	80001c84	10fd8513	addi	x10,x27,271	 x27:0x00000000 x10=0x0000010f
      75125.000 ns	      7511	80001c88	01244d33	xor	x26,x8,x18	  x8:0x80040fe4 x18:0x00000000 x26=0x80040fe4
      75135.000 ns	      7512	80001c8c	60ecfe93	andi	x29,x25,1550	 x25:0xc195bc39 x29=0x00000408
      75155.000 ns	      7514	80001c90	e0030753	fmv.x.w	x14,f6	  f6:0x7fc00000 x14=0x7fc00000
      75175.000 ns	      7516	80001c94	01b78fb3	add	x31,x15,x27	 x15:0xf9c13d14 x27:0x00000000 x31=0xf9c13d14
      75195.000 ns	      7518	80001c98	c00d8dd3	fcvt.w.s	x27,f27	 f27:0xbf800000 x27=0xffffffff
      75215.000 ns	      7520	80001c9c	01f41213	slli	x4,x8,0x1f	  x8:0x80040fe4  x4=0x00000000
      75235.000 ns	      7522	80001ca0	02b696b3	mulh	x13,x13,x11	 x13:0x82e065f5 x11:0x80041024 x13=0x3e8dd0a3
      75265.000 ns	      7525	80001ca4	28598a53	fmin.s	f20,f19,f5	 f19:0x4f79c13e  f5:0x00000000 f20=0x00000000
      75285.000 ns	      7527	80001ca8	b1d5e693	ori	x13,x11,-1251	 x11:0x80041024 x13=0xfffffb3d
      75295.000 ns	      7528	80001cac	cb7ca693	slti	x13,x25,-841	 x25:0xc195bc39 x13=0x00000001
      75315.000 ns	      7530	80001cb0	a0811953	flt.s	x18,f2,f8	  f2:0xffffffff  f8:0x3f800000 x18=0x00000000
      75345.000 ns	      7533	80001cb4	03041fb3	mulh	x31,x8,x16	  x8:0x80040fe4 x16:0xfffffacd x31=0x00000299
      75375.000 ns	      7536	80001cb8	d01d7d53	fcvt.s.wu	f26,x26	 x26:0x80040fe4 f26=0x4f00040f
      75395.000 ns	      7538	80001cbc	001e6eb3	or	x29,x28,x1	 x28:0x00000000  x1:0x80040fe4 x29=0x80040fe4
      75415.000 ns	      7540	80001cc0	a1a92f53	feq.s	x30,f18,f26	 f18:0xc4902000 f26:0x4f00040f x30=0x00000000
      75785.000 ns	      7577	80001cc4	02d6ef33	rem	x30,x13,x13	 x13:0x00000001 x13:0x00000001 x30=0x00000000
      75815.000 ns	      7580	80001cc8	03e7d4b3	divu	x9,x15,x30	 x15:0xf9c13d14 x30:0x00000000  x9=0xffffffff
      75855.000 ns	      7584	80001ccc	10d07ad3	fmul.s	f21,f0,f13	  f0:0x3f800000 f13:0x7fc00000 f21=0x7fc00000
      75875.000 ns	      7586	80001cd0	74e73e13	sltiu	x28,x14,1870	 x14:0x7fc00000 x28=0x00000000
      75885.000 ns	      7587	80001cd4	e7f38713	addi	x14,x7,-385	  x7:0x87200000 x14=0x871ffe7f
      75895.000 ns	      7588	80001cd8	bd6c4113	xori	x2,x24,-1066	 x24:0xffffffff  x2=0x00000429
      75915.000 ns	      7590	80001cdc	020f76b3	remu	x13,x30,x0	 x30:0x00000000  x0:0x00000000 x13=0x00000000
      75945.000 ns	      7593	80001ce0	d0137f53	fcvt.s.wu	f30,x6	  x6:0x00000001 f30=0x3f800000
      75965.000 ns	      7595	80001ce4	23303cb7	lui	x25,0x23303	 x25=0x23303000
      75985.000 ns	      7597	80001ce8	286a9e53	fmax.s	f28,f21,f6	 f21:0x7fc00000  f6:0x7fc00000 f28=0x7fc00000
      76035.000 ns	      7602	80001cec	096b7053	fsub.s	f0,f22,f22	 f22:0x44a94000 f22:0x44a94000  f0=0x80000000
      76055.000 ns	      7604	80001cf0	00f979b3	and	x19,x18,x15	 x18:0x00000000 x15:0xf9c13d14 x19=0x00000000
      76075.000 ns	      7606	80001cf4	211c0bd3	fsgnj.s	f23,f24,f17	 f24:0x7fc00000 f17:0x00000000 f23=0x7fc00000
      76105.000 ns	      7609	80001cf8	c0022bd3	fcvt.w.s	x23,f4	  f4:0x00000000 x23=0x00000000
      76125.000 ns	      7611	80001cfc	00758133	add	x2,x11,x7	 x11:0x80041024  x7:0x87200000  x2=0x07241024
      76485.000 ns	      7647	80001d00	029efeb3	remu	x29,x29,x9	 x29:0x80040fe4  x9:0xffffffff x29=0x80040fe4
      76505.000 ns	      7649	80001d04	00ca5133	srl	x2,x20,x12	 x20:0x0186d000 x12:0x9f3521e4  x2=0x00186d00
      76515.000 ns	      7650	80001d08	34763c13	sltiu	x24,x12,839	 x12:0x9f3521e4 x24=0x00000000
      76535.000 ns	      7652	80001d0c	283d02d3	fmin.s	f5,f26,f3	 f26:0x4f00040f  f3:0x7fc00000  f5=0x4f00040f
      76565.000 ns	      7655	80001d10	202c14d3	fsgnjn.s	f9,f24,f2	 f24:0x7fc00000  f2:0xffffffff  f9=0x7fc00000
      76615.000 ns	      7660	80001d14	01bef053	fadd.s	f0,f29,f27	 f29:0x44a94000 f27:0xbf800000  f0=0x44a92000
      76645.000 ns	      7663	80001d18	21c4ab53	fsgnjx.s	f22,f9,f28	  f9:0x7fc00000 f28:0x7fc00000 f22=0x7fc00000
      76665.000 ns	      7665	80001d1c	0baf7f93	andi	x31,x30,186	 x30:0x00000000 x31=0x00000000
      76675.000 ns	      7666	80001d20	40e39837	lui	x16,0x40e39	 x16=0x40e39000
      76685.000 ns	      7667	80001d24	5fbd6993	ori	x19,x26,1531	 x26:0x80040fe4 x19=0x80040fff
      76705.000 ns	      7669	80001d28	214da2d3	fsgnjx.s	f5,f27,f20	 f27:0xbf800000 f20:0x00000000  f5=0xbf800000
      76725.000 ns	      7671	80001d2c	005c94b3	sll	x9,x25,x5	 x25:0x23303000  x5:0x00000000  x9=0x23303000
      77895.000 ns	      7788	80001d30	580ecfd3	fsqrt.s	f31,f29	 f29:0x44a94000 f31=0x42132fba
      77925.000 ns	      7791	80001d34	d010bfd3	fcvt.s.wu	f31,x1	  x1:0x80040fe4 f31=0x4f000410
      77945.000 ns	      7793	80001d38	00b95e93	srli	x29,x18,0xb	 x18:0x00000000 x29=0x00000000
      79115.000 ns	      7910	80001d3c	580d4fd3	fsqrt.s	f31,f26	 f26:0x4f00040f f31=0x46b50a40
      79135.000 ns	      7912	80001d40	ca3cc193	xori	x3,x25,-861	 x25:0x23303000  x3=0xdccfcca3
      79145.000 ns	      7913	80001d44	ea8fef13	ori	x30,x31,-344	 x31:0x00000000 x30=0xfffffea8
      79165.000 ns	      7915	80001d48	03f4f1b3	remu	x3,x9,x31	  x9:0x23303000 x31:0x00000000  x3=0x23303000
      79185.000 ns	      7917	80001d4c	40628533	sub	x10,x5,x6	  x5:0x00000000  x6:0x00000001 x10=0xffffffff
      79195.000 ns	      7918	80001d50	41b1de13	srai	x28,x3,0x1b	  x3:0x23303000 x28=0x00000004
      79205.000 ns	      7919	80001d54	01f74933	xor	x18,x14,x31	 x14:0x871ffe7f x31:0x00000000 x18=0x871ffe7f
      79215.000 ns	      7920	80001d58	324c4137	lui	x2,0x324c4	  x2=0x324c4000
      79225.000 ns	      7921	80001d5c	403cd713	srai	x14,x25,0x3	 x25:0x23303000 x14=0x04660600
      79235.000 ns	      7922	80001d60	01f38933	add	x18,x7,x31	  x7:0x87200000 x31:0x00000000 x18=0x87200000
      79245.000 ns	      7923	80001d64	00af0233	add	x4,x30,x10	 x30:0xfffffea8 x10:0xffffffff  x4=0xfffffea7
      79255.000 ns	      7924	80001d68	00579d33	sll	x26,x15,x5	 x15:0xf9c13d14  x5:0x00000000 x26=0xf9c13d14
      79275.000 ns	      7926	80001d6c	a1478953	fle.s	x18,f15,f20	 f15:0x80000000 f20:0x00000000 x18=0x00000001
      79295.000 ns	      7928	80001d70	00f5f833	and	x16,x11,x15	 x11:0x80041024 x15:0xf9c13d14 x16=0x80001004
      79305.000 ns	      7929	80001d74	014a5733	srl	x14,x20,x20	 x20:0x0186d000 x20:0x0186d000 x14=0x0186d000
      79345.000 ns	      7933	80001d78	0803b5d3	fsub.s	f11,f7,f0	  f7:0x00000001  f0:0x44a92000 f11=0xc4a92000
      79375.000 ns	      7936	80001d7c	d01dc1d3	fcvt.s.wu	f3,x27	 x27:0xffffffff  f3=0x4f800000
      79395.000 ns	      7938	80001d80	41145093	srai	x1,x8,0x11	  x8:0x80040fe4  x1=0xffffc002
      79415.000 ns	      7940	80001d84	d000c653	fcvt.s.w	f12,x1	  x1:0x80040fe4 f12=0xc67ff800
      79435.000 ns	      7942	80001d88	01fdf733	and	x14,x27,x31	 x27:0xffffffff x31:0x00000000 x14=0x00000000
      79455.000 ns	      7944	80001d8c	c00e7ed3	fcvt.w.s	x29,f28	 f28:0x7fc00000 x29=0x7fffffff
      79485.000 ns	      7947	80001d90	02b53db3	mulhu	x27,x10,x11	 x10:0xffffffff x11:0x80041024 x27=0x80041023
      79505.000 ns	      7949	80001d94	00000013	addi	x0,x0,0	  x0:0x00000000
      79525.000 ns	      7951	80001d98	c01b3653	fcvt.wu.s	x12,f22	 f22:0x7fc00000 x12=0xffffffff
      79555.000 ns	      7954	80001d9c	c00d00d3	fcvt.w.s	x1,f26	 f26:0x4f00040f  x1=0x7fffffff
      79595.000 ns	      7958	80001da0	5804fad3	fsqrt.s	f21,f9	  f9:0x7fc00000 f21=0x7fc00000
      79625.000 ns	      7961	80001da4	038260b3	rem	x1,x4,x24	  x4:0xfffffea7 x24:0x00000000  x1=0xfffffea7
      79645.000 ns	      7963	80001da8	00aad213	srli	x4,x21,0xa	 x21:0x00000000  x4=0x00000000
      79655.000 ns	      7964	80001dac	0a91e193	ori	x3,x3,169	  x3:0x23303000  x3=0x233030a9
      79665.000 ns	      7965	80001db0	8c4cf013	andi	x0,x25,-1852	 x25:0x23303000
      79675.000 ns	      7966	80001db4	00812333	slt	x6,x2,x8	  x2:0x324c4000  x8:0x80040fe4  x6=0x00000000
      80035.000 ns	      8002	80001db8	030a71b3	remu	x3,x20,x16	 x20:0x0186d000 x16:0x80001004  x3=0x0186d000
      80065.000 ns	      8005	80001dbc	d00877d3	fcvt.s.w	f15,x16	 x16:0x80001004 f15=0xceffffdf
      80085.000 ns	      8007	80001dc0	0f9a94b7	lui	x9,0xf9a9	  x9=0x0f9a9000
      80125.000 ns	      8011	80001dc4	00c746d3	fadd.s	f13,f14,f12	 f14:0x00000000 f12:0xc67ff800 f13=0xc67ff800
      80145.000 ns	      8013	80001dc8	00bec833	xor	x16,x29,x11	 x29:0x7fffffff x11:0x80041024 x16=0xfffbefdb
      80165.000 ns	      8015	80001dcc	d00fcfd3	fcvt.s.w	f31,x31	 x31:0x00000000 f31=0x00000000
      80535.000 ns	      8052	80001dd0	0327d6b3	divu	x13,x15,x18	 x15:0xf9c13d14 x18:0x00000001 x13=0xf9c13d14
      80565.000 ns	      8055	80001dd4	2011ac53	fsgnjx.s	f24,f3,f1	  f3:0x4f800000  f1:0x44900000 f24=0x4f800000
      80585.000 ns	      8057	80001dd8	00456a33	or	x20,x10,x4	 x10:0xffffffff  x4:0x00000000 x20=0xffffffff
      80605.000 ns	      8059	80001ddc	210f0853	fsgnj.s	f16,f30,f16	 f30:0x3f800000 f16:0x00000000 f16=0x3f800000
      80635.000 ns	      8062	80001de0	c00cced3	fcvt.w.s	x29,f25	 f25:0x7fc00000 x29=0x7fffffff
      80665.000 ns	      8065	80001de4	02b1a833	mulhsu	x16,x3,x11	  x3:0x0186d000 x11:0x80041024 x16=0x00c36e33
      80695.000 ns	      8068	80001de8	29779dd3	fmax.s	f27,f15,f23	 f15:0xceffffdf f23:0x7fc00000 f27=0xceffffdf
      80725.000 ns	      8071	80001dec	c016ff53	fcvt.wu.s	x30,f13	 f13:0xc67ff800 x30=0x00003ffe
      80775.000 ns	      8076	80001df0	018a3fd3	fadd.s	f31,f20,f24	 f20:0x00000000 f24:0x4f800000 f31=0x4f800000
      80795.000 ns	      8078	80001df4	01765493	srli	x9,x12,0x17	 x12:0xffffffff  x9=0x000001ff
      80815.000 ns	      8080	80001df8	032cb2b3	mulhu	x5,x25,x18	 x25:0x23303000 x18:0x00000001  x5=0x00000000
      80835.000 ns	      8082	80001dfc	01e79cb3	sll	x25,x15,x30	 x15:0xf9c13d14 x30:0x00003ffe x25=0x00000000
      80855.000 ns	      8084	80001e00	a164a053	feq.s	x0,f9,f22	  f9:0x7fc00000 f22:0x7fc00000
      80885.000 ns	      8087	80001e04	20771753	fsgnjn.s	f14,f14,f7	 f14:0x00000000  f7:0x00000001 f14=0x80000000
      80915.000 ns	      8090	80001e08	f0048e53	fmv.w.x	f28,x9	  x9:0x000001ff f28=0x000001ff
      80935.000 ns	      8092	80001e0c	b3ba2b93	slti	x23,x20,-1221	 x20:0xffffffff x23=0x00000000
      80955.000 ns	      8094	80001e10	e0071053	fclass.s	x0,f14	 f14:0x80000000
      80985.000 ns	      8097	80001e14	29a31b53	fmax.s	f22,f6,f26	  f6:0x7fc00000 f26:0x4f00040f f22=0x4f00040f
      81355.000 ns	      8134	80001e18	03de4633	div	x12,x28,x29	 x28:0x00000004 x29:0x7fffffff x12=0x00000000
      81725.000 ns	      8171	80001e1c	03a3c1b3	div	x3,x7,x26	  x7:0x87200000 x26:0xf9c13d14  x3=0x00000013
      81755.000 ns	      8174	80001e20	c016fc53	fcvt.wu.s	x24,f13	 f13:0xc67ff800 x24=0x00003ffe
      81775.000 ns	      8176	80001e24	41cf5333	sra	x6,x30,x28	 x30:0x00003ffe x28:0x00000004  x6=0x000003ff
      81785.000 ns	      8177	80001e28	015d4733	xor	x14,x26,x21	 x26:0xf9c13d14 x21:0x00000000 x14=0xf9c13d14
      81795.000 ns	      8178	80001e2c	003ed033	srl	x0,x29,x3	 x29:0x7fffffff  x3:0x00000013
      81805.000 ns	      8179	80001e30	41785a33	sra	x20,x16,x23	 x16:0x00c36e33 x23:0x00000000 x20=0x00c36e33
      81815.000 ns	      8180	80001e34	0016d493	srli	x9,x13,0x1	 x13:0xf9c13d14  x9=0x7ce09e8a
      81825.000 ns	      8181	80001e38	3407a693	slti	x13,x15,832	 x15:0xf9c13d14 x13=0x00000001
      81835.000 ns	      8182	80001e3c	01313233	sltu	x4,x2,x19	  x2:0x324c4000 x19:0x80040fff  x4=0x00000001
      81845.000 ns	      8183	80001e40	24ee3b13	sltiu	x22,x28,590	 x28:0x00000004 x22=0x00000001
      81865.000 ns	      8185	80001e44	e0031f53	fclass.s	x30,f6	  f6:0x7fc00000 x30=0x00000200
      81895.000 ns	      8188	80001e48	f0078453	fmv.w.x	f8,x15	 x15:0xf9c13d14  f8=0xf9c13d14
      81915.000 ns	      8190	80001e4c	01b8d693	srli	x13,x17,0x1b	 x17:0x00000000 x13=0x00000000
      81925.000 ns	      8191	80001e50	41ca0c33	sub	x24,x20,x28	 x20:0x00c36e33 x28:0x00000004 x24=0x00c36e2f
      83095.000 ns	      8308	80001e54	58087953	fsqrt.s	f18,f16	 f16:0x3f800000 f18=0x3f7fffae
      83115.000 ns	      8310	80001e58	34d18c93	addi	x25,x3,845	  x3:0x00000013 x25=0x00000360
      83135.000 ns	      8312	80001e5c	a0f98853	fle.s	x16,f19,f15	 f19:0x4f79c13e f15:0xceffffdf x16=0x00000000
      83185.000 ns	      8317	80001e60	081e2ed3	fsub.s	f29,f28,f1	 f28:0x000001ff  f1:0x44900000 f29=0xc4900000
      83205.000 ns	      8319	80001e64	00568e33	add	x28,x13,x5	 x13:0x00000000  x5:0x00000000 x28=0x00000000
      83225.000 ns	      8321	80001e68	02c15833	divu	x16,x2,x12	  x2:0x324c4000 x12:0x00000000 x16=0xffffffff
      83245.000 ns	      8323	80001e6c	00f54733	xor	x14,x10,x15	 x10:0xffffffff x15:0xf9c13d14 x14=0x063ec2eb
      83265.000 ns	      8325	80001e70	a10ba053	feq.s	x0,f23,f16	 f23:0x7fc00000 f16:0x3f800000
      83315.000 ns	      8330	80001e74	0814f553	fsub.s	f10,f9,f1	  f9:0x7fc00000  f1:0x44900000 f10=0x7fc00000
      83335.000 ns	      8332	80001e78	009d92b3	sll	x5,x27,x9	 x27:0x80041023  x9:0x7ce09e8a  x5=0x10408c00
      83355.000 ns	      8334	80001e7c	202b1753	fsgnjn.s	f14,f22,f2	 f22:0x4f00040f  f2:0xffffffff f14=0x4f00040f
      83395.000 ns	      8338	80001e80	104fb3d3	fmul.s	f7,f31,f4	 f31:0x4f800000  f4:0x00000000  f7=0x00000000
      83415.000 ns	      8340	80001e84	0029d833	srl	x16,x19,x2	 x19:0x80040fff  x2:0x324c4000 x16=0x80040fff
      83425.000 ns	      8341	80001e88	0030feb3	and	x29,x1,x3	  x1:0xfffffea7  x3:0x00000013 x29=0x00000003
      83785.000 ns	      8377	80001e8c	033b6d33	rem	x26,x22,x19	 x22:0x00000001 x19:0x80040fff x26=0x00000001
      83815.000 ns	      8380	80001e90	02873233	mulhu	x4,x14,x8	 x14:0x063ec2eb  x8:0x80040fe4  x4=0x031f7ad3
      83835.000 ns	      8382	80001e94	01352833	slt	x16,x10,x19	 x10:0xffffffff x19:0x80040fff x16=0x00000000
      83845.000 ns	      8383	80001e98	00d684b3	add	x9,x13,x13	 x13:0x00000000 x13:0x00000000  x9=0x00000000
      83855.000 ns	      8384	80001e9c	00391233	sll	x4,x18,x3	 x18:0x00000001  x3:0x00000013  x4=0x00080000
      83865.000 ns	      8385	80001ea0	00c348b3	xor	x17,x6,x12	  x6:0x000003ff x12:0x00000000 x17=0x000003ff
      83875.000 ns	      8386	80001ea4	014f4db3	xor	x27,x30,x20	 x30:0x00000200 x20:0x00c36e33 x27=0x00c36c33
      83885.000 ns	      8387	80001ea8	4023d133	sra	x2,x7,x2	  x7:0x87200000  x2:0x324c4000  x2=0x87200000
      83905.000 ns	      8389	80001eac	c012fad3	fcvt.wu.s	x21,f5	  f5:0xbf800000 x21=0x00000001
      83925.000 ns	      8391	80001eb0	0c3c6813	ori	x16,x24,195	 x24:0x00c36e2f x16=0x00c36eef
      83945.000 ns	      8393	80001eb4	a0110fd3	fle.s	x31,f2,f1	  f2:0xffffffff  f1:0x44900000 x31=0x00000000
      83975.000 ns	      8396	80001eb8	c006fbd3	fcvt.w.s	x23,f13	 f13:0xc67ff800 x23=0x00003ffe
      83995.000 ns	      8398	80001ebc	edfdfc17	auipc	x24,0xedfdf	 x24=0x6dfe0ebc
      84005.000 ns	      8399	80001ec0	00f4cfb3	xor	x31,x9,x15	  x9:0x00000000 x15:0xf9c13d14 x31=0xf9c13d14
      85175.000 ns	      8516	80001ec4	5800f253	fsqrt.s	f4,f1	  f1:0x44900000  f4=0x4207c381
      85195.000 ns	      8518	80001ec8	4151d913	srai	x18,x3,0x15	  x3:0x00000013 x18=0x00000000
      85205.000 ns	      8519	80001ecc	00acc233	xor	x4,x25,x10	 x25:0x00000360 x10:0xffffffff  x4=0xfffffc9f
      85215.000 ns	      8520	80001ed0	41858833	sub	x16,x11,x24	 x11:0x80041024 x24:0x6dfe0ebc x16=0x12060168
      85225.000 ns	      8521	80001ed4	01a548b3	xor	x17,x10,x26	 x10:0xffffffff x26:0x00000001 x17=0xfffffffe
      85235.000 ns	      8522	80001ed8	94cd2893	slti	x17,x26,-1716	 x26:0x00000001 x17=0x00000000
      85255.000 ns	      8524	80001edc	20e9a753	fsgnjx.s	f14,f19,f14	 f19:0x4f79c13e f14:0x4f00040f f14=0x4f79c13e
      85275.000 ns	      8526	80001ee0	413e5513	srai	x10,x28,0x13	 x28:0x00000000 x10=0x00000000
      85295.000 ns	      8528	80001ee4	f0038c53	fmv.w.x	f24,x7	  x7:0x87200000 f24=0x87200000
      85325.000 ns	      8531	80001ee8	a0afa2d3	feq.s	x5,f31,f10	 f31:0x4f800000 f10:0x7fc00000  x5=0x00000000
      85375.000 ns	      8536	80001eec	082f7253	fsub.s	f4,f30,f2	 f30:0x3f800000  f2:0xffffffff  f4=0x7fc00000
      85395.000 ns	      8538	80001ef0	404c5893	srai	x17,x24,0x4	 x24:0x6dfe0ebc x17=0x06dfe0eb
      85405.000 ns	      8539	80001ef4	fac9ee93	ori	x29,x19,-84	 x19:0x80040fff x29=0xffffffff
      85425.000 ns	      8541	80001ef8	29e80253	fmin.s	f4,f16,f30	 f16:0x3f800000 f30:0x3f800000  f4=0x3f800000
      85445.000 ns	      8543	80001efc	92f2b713	sltiu	x14,x5,-1745	  x5:0x00000000 x14=0x00000001
      85465.000 ns	      8545	80001f00	a13b84d3	fle.s	x9,f23,f19	 f23:0x7fc00000 f19:0x4f79c13e  x9=0x00000000
      85485.000 ns	      8547	80001f04	8a134c93	xori	x25,x6,-1887	  x6:0x000003ff x25=0xfffffb5e
      85495.000 ns	      8548	80001f08	003d1933	sll	x18,x26,x3	 x26:0x00000001  x3:0x00000013 x18=0x00080000
      85505.000 ns	      8549	80001f0c	00b0e2b3	or	x5,x1,x11	  x1:0xfffffea7 x11:0x80041024  x5=0xfffffea7
      85525.000 ns	      8551	80001f10	c004b653	fcvt.w.s	x12,f9	  f9:0x7fc00000 x12=0x7fffffff
      85555.000 ns	      8554	80001f14	02fa2033	mulhsu	x0,x20,x15	 x20:0x00c36e33 x15:0xf9c13d14
      85575.000 ns	      8556	80001f18	007e96b3	sll	x13,x29,x7	 x29:0xffffffff  x7:0x87200000 x13=0xffffffff
      85585.000 ns	      8557	80001f1c	010bd093	srli	x1,x23,0x10	 x23:0x00003ffe  x1=0x00000000
      85595.000 ns	      8558	80001f20	0040cdb3	xor	x27,x1,x4	  x1:0xfffffea7  x4:0xfffffc9f x27=0xfffffc9f
      85605.000 ns	      8559	80001f24	f9c52293	slti	x5,x10,-100	 x10:0x00000000  x5=0x00000000
      85645.000 ns	      8563	80001f28	09b771d3	fsub.s	f3,f14,f27	 f14:0x4f79c13e f27:0xceffffdf  f3=0x4fbce096
      85675.000 ns	      8566	80001f2c	a0b602d3	fle.s	x5,f12,f11	 f12:0xc67ff800 f11:0xc4a92000  x5=0x00000001
      85695.000 ns	      8568	80001f30	4237cb13	xori	x22,x15,1059	 x15:0xf9c13d14 x22=0xf9c13937
      85715.000 ns	      8570	80001f34	029273b3	remu	x7,x4,x9	  x4:0xfffffc9f  x9:0x00000000  x7=0xfffffc9f
      85735.000 ns	      8572	80001f38	018fe333	or	x6,x31,x24	 x31:0xf9c13d14 x24:0x6dfe0ebc  x6=0xfdff3fbc
      85755.000 ns	      8574	80001f3c	e00d8fd3	fmv.x.w	x31,f27	 f27:0xceffffdf x31=0xceffffdf
      85785.000 ns	      8577	80001f40	20202cd3	fsgnjx.s	f25,f0,f2	  f0:0x44a92000  f2:0xffffffff f25=0xc4a92000
      85815.000 ns	      8580	80001f44	a0d1abd3	feq.s	x23,f3,f13	  f3:0x4fbce096 f13:0xc67ff800 x23=0x00000000
      85835.000 ns	      8582	80001f48	0183c533	xor	x10,x7,x24	  x7:0xfffffc9f x24:0x6dfe0ebc x10=0x9201f223
      85875.000 ns	      8586	80001f4c	08e329d3	fsub.s	f19,f6,f14	  f6:0x7fc00000 f14:0x4f79c13e f19=0x7fc00000
      85905.000 ns	      8589	80001f50	e0019953	fclass.s	x18,f3	  f3:0x4fbce096 x18=0x00000040
      85925.000 ns	      8591	80001f54	b15ab493	sltiu	x9,x21,-1259	 x21:0x00000001  x9=0x00000001
      85955.000 ns	      8594	80001f58	10bbfad3	fmul.s	f21,f23,f11	 f23:0x7fc00000 f11:0xc4a92000 f21=0x7fc00000
      85985.000 ns	      8597	80001f5c	c0110f53	fcvt.wu.s	x30,f2	  f2:0xffffffff x30=0xffffffff
      86015.000 ns	      8600	80001f60	280c1353	fmax.s	f6,f24,f0	 f24:0x87200000  f0:0x44a92000  f6=0x44a92000
      86385.000 ns	      8637	80001f64	039d6833	rem	x16,x26,x25	 x26:0x00000001 x25:0xfffffb5e x16=0x00000001
      86415.000 ns	      8640	80001f68	e00692d3	fclass.s	x5,f13	 f13:0xc67ff800  x5=0x00000002
      86445.000 ns	      8643	80001f6c	2128a553	fsgnjx.s	f10,f17,f18	 f17:0x00000000 f18:0x3f7fffae f10=0x00000000
      86815.000 ns	      8680	80001f70	03e442b3	div	x5,x8,x30	  x8:0x80040fe4 x30:0xffffffff  x5=0x7ffbf01c
      87185.000 ns	      8717	80001f74	0261f533	remu	x10,x3,x6	  x3:0x00000013  x6:0xfdff3fbc x10=0x00000013
      87205.000 ns	      8719	80001f78	411a5fb3	sra	x31,x20,x17	 x20:0x00c36e33 x17:0x06dfe0eb x31=0x0000186d
      87215.000 ns	      8720	80001f7c	00565b13	srli	x22,x12,0x5	 x12:0x7fffffff x22=0x03ffffff
      87225.000 ns	      8721	80001f80	8c8a6813	ori	x16,x20,-1848	 x20:0x00c36e33 x16=0xfffffefb
      87235.000 ns	      8722	80001f84	00000013	addi	x0,x0,0	  x0:0x00000000
      87275.000 ns	      8726	80001f88	08d1c753	fsub.s	f14,f3,f13	  f3:0x4fbce096 f13:0xc67ff800 f14=0x4fbce0b6
      87645.000 ns	      8763	80001f8c	03a5e933	rem	x18,x11,x26	 x11:0x80041024 x26:0x00000001 x18=0x00000000
      87675.000 ns	      8766	80001f90	289a02d3	fmin.s	f5,f20,f9	 f20:0x00000000  f9:0x7fc00000  f5=0x00000000
      87705.000 ns	      8769	80001f94	e00b9153	fclass.s	x2,f23	 f23:0x7fc00000  x2=0x00000200
      87725.000 ns	      8771	80001f98	018bfdb3	and	x27,x23,x24	 x23:0x00000000 x24:0x6dfe0ebc x27=0x00000000
      87735.000 ns	      8772	80001f9c	0010eb33	or	x22,x1,x1	  x1:0x00000000  x1:0x00000000 x22=0x00000000
      87745.000 ns	      8773	80001fa0	00000013	addi	x0,x0,0	  x0:0x00000000
      87755.000 ns	      8774	80001fa4	cc7ab013	sltiu	x0,x21,-825	 x21:0x00000001
      87775.000 ns	      8776	80001fa8	03493f33	mulhu	x30,x18,x20	 x18:0x00000000 x20:0x00c36e33 x30=0x00000000
      87795.000 ns	      8778	80001fac	00a30933	add	x18,x6,x10	  x6:0xfdff3fbc x10:0x00000013 x18=0xfdff3fcf
      87815.000 ns	      8780	80001fb0	02ea0ab3	mul	x21,x20,x14	 x20:0x00c36e33 x14:0x00000001 x21=0x00c36e33
      87835.000 ns	      8782	80001fb4	40950c33	sub	x24,x10,x9	 x10:0x00000013  x9:0x00000001 x24=0x00000012
      87855.000 ns	      8784	80001fb8	20ce17d3	fsgnjn.s	f15,f28,f12	 f28:0x000001ff f12:0xc67ff800 f15=0x000001ff
      87875.000 ns	      8786	80001fbc	0023b133	sltu	x2,x7,x2	  x7:0xfffffc9f  x2:0x00000200  x2=0x00000000
      87885.000 ns	      8787	80001fc0	8fd66293	ori	x5,x12,-1795	 x12:0x7fffffff  x5=0xffffffff
      87905.000 ns	      8789	80001fc4	d01297d3	fcvt.s.wu	f15,x5	  x5:0x7ffbf01c f15=0x4f7fffff
      87935.000 ns	      8792	80001fc8	a130ac53	feq.s	x24,f1,f19	  f1:0x44900000 f19:0x7fc00000 x24=0x00000000
      87965.000 ns	      8795	80001fcc	28909653	fmax.s	f12,f1,f9	  f1:0x44900000  f9:0x7fc00000 f12=0x44900000
      87995.000 ns	      8798	80001fd0	e0088e53	fmv.x.w	x28,f17	 f17:0x00000000 x28=0x00000000
      88015.000 ns	      8800	80001fd4	01e24a33	xor	x20,x4,x30	  x4:0xfffffc9f x30:0x00000000 x20=0xfffffc9f
      88025.000 ns	      8801	80001fd8	00917f33	and	x30,x2,x9	  x2:0x00000000  x9:0x00000001 x30=0x00000000
      88045.000 ns	      8803	80001fdc	d017fad3	fcvt.s.wu	f21,x15	 x15:0xf9c13d14 f21=0x4f79c13d
      88415.000 ns	      8840	80001fe0	0272ed33	rem	x26,x5,x7	  x5:0xffffffff  x7:0xfffffc9f x26=0xffffffff
      88445.000 ns	      8843	80001fe4	e00a0a53	fmv.x.w	x20,f20	 f20:0x00000000 x20=0x00000000
      88475.000 ns	      8846	80001fe8	d0107353	fcvt.s.wu	f6,x0	  x0:0x00000000  f6=0x00000000
      88505.000 ns	      8849	80001fec	038b2fb3	mulhsu	x31,x22,x24	 x22:0x00000000 x24:0x00000000 x31=0x00000000
      88525.000 ns	      8851	80001ff0	0030e333	or	x6,x1,x3	  x1:0x00000000  x3:0x00000013  x6=0x00000013
      88535.000 ns	      8852	80001ff4	011ed093	srli	x1,x29,0x11	 x29:0xffffffff  x1=0x00007fff
      88895.000 ns	      8888	80001ff8	02387633	remu	x12,x16,x3	 x16:0xfffffefb  x3:0x00000013 x12=0x0000000b
      89265.000 ns	      8925	80001ffc	02374a33	div	x20,x14,x3	 x14:0x00000001  x3:0x00000013 x20=0x00000000
      89315.000 ns	      8930	80002000	0116fd53	fadd.s	f26,f13,f17	 f13:0xc67ff800 f17:0x00000000 f26=0xc67ff800
      89345.000 ns	      8933	80002004	a0c98953	fle.s	x18,f19,f12	 f19:0x7fc00000 f12:0x44900000 x18=0x00000000
      89365.000 ns	      8935	80002008	01c904b3	add	x9,x18,x28	 x18:0xfdff3fcf x28:0x00000000  x9=0x00000000
      89385.000 ns	      8937	8000200c	c0132153	fcvt.wu.s	x2,f6	  f6:0x00000000  x2=0x00000000
      89405.000 ns	      8939	80002010	7ea0e213	ori	x4,x1,2026	  x1:0x00007fff  x4=0x00007fff
      89425.000 ns	      8941	80002014	03040c33	mul	x24,x8,x16	  x8:0x80040fe4 x16:0xfffffefb x24=0x7bdbcc8c
      89445.000 ns	      8943	80002018	30973d93	sltiu	x27,x14,777	 x14:0x00000001 x27=0x00000001
      89465.000 ns	      8945	8000201c	d01c7dd3	fcvt.s.wu	f27,x24	 x24:0x7bdbcc8c f27=0x4ef7b799
      89515.000 ns	      8950	80002020	08bdbed3	fsub.s	f29,f27,f11	 f27:0xceffffdf f11:0xc4a92000 f29=0x4ef7b7a4
      89545.000 ns	      8953	80002024	29250253	fmin.s	f4,f10,f18	 f10:0x00000000 f18:0x3f7fffae  f4=0x00000000
      89585.000 ns	      8957	80002028	18267253	fdiv.s	f4,f12,f2	 f12:0x44900000  f2:0xffffffff  f4=0x7fc00000
      89605.000 ns	      8959	8000202c	e504fd97	auipc	x27,0xe504f	 x27=0x6505102c
      89615.000 ns	      8960	80002030	01289ab3	sll	x21,x17,x18	 x17:0x06dfe0eb x18:0x00000000 x21=0x06dfe0eb
      89975.000 ns	      8996	80002034	02307ab3	remu	x21,x0,x3	  x0:0x00000000  x3:0x00000013 x21=0x00000000
      90005.000 ns	      8999	80002038	201b2653	fsgnjx.s	f12,f22,f1	 f22:0x4f00040f  f1:0x44900000 f12=0x4f00040f
      90025.000 ns	      9001	8000203c	007b1693	slli	x13,x22,0x7	 x22:0x00000000 x13=0x00000000
      90385.000 ns	      9037	80002040	02bec133	div	x2,x29,x11	 x29:0xffffffff x11:0x80041024  x2=0x00000000
      90415.000 ns	      9040	80002044	21168053	fsgnj.s	f0,f13,f17	 f13:0xc67ff800 f17:0x00000000  f0=0x467ff800
      90435.000 ns	      9042	80002048	0051ba33	sltu	x20,x3,x5	  x3:0x00000013  x5:0xffffffff x20=0x00000001
      90445.000 ns	      9043	8000204c	41445813	srai	x16,x8,0x14	  x8:0x80040fe4 x16=0xfffff800
      90455.000 ns	      9044	80002050	00d5abb3	slt	x23,x11,x13	 x11:0x80041024 x13:0x00000000 x23=0x00000001
      90475.000 ns	      9046	80002054	d00075d3	fcvt.s.w	f11,x0	  x0:0x00000000 f11=0x00000000
      90515.000 ns	      9050	80002058	111d0253	fmul.s	f4,f26,f17	 f26:0xc67ff800 f17:0x00000000  f4=0x80000000
      90535.000 ns	      9052	8000205c	4199da13	srai	x20,x19,0x19	 x19:0x80040fff x20=0xffffffc0
      90555.000 ns	      9054	80002060	291215d3	fmax.s	f11,f4,f17	  f4:0x80000000 f17:0x00000000 f11=0x00000000
      90575.000 ns	      9056	80002064	015cf933	and	x18,x25,x21	 x25:0xfffffb5e x21:0x00000000 x18=0x00000000
      90585.000 ns	      9057	80002068	00fd81b3	add	x3,x27,x15	 x27:0x6505102c x15:0xf9c13d14  x3=0x5ec64d40
      90605.000 ns	      9059	8000206c	036fa4b3	mulhsu	x9,x31,x22	 x31:0x00000000 x22:0x00000000  x9=0x00000000
      90625.000 ns	      9061	80002070	0091d8b3	srl	x17,x3,x9	  x3:0x00000013  x9:0x00000000 x17=0x5ec64d40
      90645.000 ns	      9063	80002074	a11d1353	flt.s	x6,f26,f17	 f26:0xc67ff800 f17:0x00000000  x6=0x00000001
      90675.000 ns	      9066	80002078	d01fac53	fcvt.s.wu	f24,x31	 x31:0x00000000 f24=0x00000000
      90705.000 ns	      9069	8000207c	c018fad3	fcvt.wu.s	x21,f17	 f17:0x00000000 x21=0x00000000
      91885.000 ns	      9187	80002080	580ec8d3	fsqrt.s	f17,f29	 f29:0x4ef7b7a4 f17=0x4732110a
      91915.000 ns	      9190	80002084	c0003853	fcvt.w.s	x16,f0	  f0:0x467ff800 x16=0x00003ffe
      92285.000 ns	      9227	80002088	0399c0b3	div	x1,x19,x25	 x19:0x80040fff x25:0xfffffb5e  x1=0x001ba025
      92305.000 ns	      9229	8000208c	626a7917	auipc	x18,0x626a7	 x18=0xe26a908c
      92315.000 ns	      9230	80002090	141dfb93	andi	x23,x27,321	 x27:0x6505102c x23=0x00000000
      92345.000 ns	      9233	80002094	1969a753	fdiv.s	f14,f19,f22	 f19:0x7fc00000 f22:0x4f00040f f14=0x7fc00000
      92365.000 ns	      9235	80002098	066b6613	ori	x12,x22,102	 x22:0x00000000 x12=0x00000066
      92375.000 ns	      9236	8000209c	01d57033	and	x0,x10,x29	 x10:0x00000013 x29:0xffffffff
      92395.000 ns	      9238	800020a0	a1ae9e53	flt.s	x28,f29,f26	 f29:0x4ef7b7a4 f26:0xc67ff800 x28=0x00000000
      92415.000 ns	      9240	800020a4	41430cb3	sub	x25,x6,x20	  x6:0x00000001 x20:0xffffffc0 x25=0x00000041
      92435.000 ns	      9242	800020a8	038f84b3	mul	x9,x31,x24	 x31:0x00000000 x24:0x7bdbcc8c  x9=0x00000000
      92455.000 ns	      9244	800020ac	00000013	addi	x0,x0,0	  x0:0x00000000
      92465.000 ns	      9245	800020b0	41b85d93	srai	x27,x16,0x1b	 x16:0x00003ffe x27=0x00000000
      92475.000 ns	      9246	800020b4	40055f33	sra	x30,x10,x0	 x10:0x00000013  x0:0x00000000 x30=0x00000013
      92485.000 ns	      9247	800020b8	4029d733	sra	x14,x19,x2	 x19:0x80040fff  x2:0x00000000 x14=0x80040fff
      92495.000 ns	      9248	800020bc	009e9213	slli	x4,x29,0x9	 x29:0xffffffff  x4=0xfffffe00
      92515.000 ns	      9250	800020c0	c0077d53	fcvt.w.s	x26,f14	 f14:0x7fc00000 x26=0x7fffffff
      92535.000 ns	      9252	800020c4	010bfd33	and	x26,x23,x16	 x23:0x00000000 x16:0x00003ffe x26=0x00000000
      92545.000 ns	      9253	800020c8	d67c8c13	addi	x24,x25,-665	 x25:0x00000041 x24=0xfffffda8
      92555.000 ns	      9254	800020cc	4039dbb3	sra	x23,x19,x3	 x19:0x80040fff  x3:0x5ec64d40 x23=0x80040fff
      92575.000 ns	      9256	800020d0	21f814d3	fsgnjn.s	f9,f16,f31	 f16:0x3f800000 f31:0x4f800000  f9=0xbf800000
      92595.000 ns	      9258	800020d4	89d0ad13	slti	x26,x1,-1891	  x1:0x001ba025 x26=0x00000000
      92605.000 ns	      9259	800020d8	40eb0233	sub	x4,x22,x14	 x22:0x00000000 x14:0x80040fff  x4=0x7ffbf001
      92615.000 ns	      9260	800020dc	17b9feb7	lui	x29,0x17b9f	 x29=0x17b9f000
      92635.000 ns	      9262	800020e0	a16ba8d3	feq.s	x17,f23,f22	 f23:0x7fc00000 f22:0x4f00040f x17=0x00000000
      92655.000 ns	      9264	800020e4	00000013	addi	x0,x0,0	  x0:0x00000000
      92665.000 ns	      9265	800020e8	00deeab3	or	x21,x29,x13	 x29:0x17b9f000 x13:0x00000000 x21=0x17b9f000
      92685.000 ns	      9267	800020ec	036993b3	mulh	x7,x19,x22	 x19:0x80040fff x22:0x00000000  x7=0x00000000
      92705.000 ns	      9269	800020f0	400b0533	sub	x10,x22,x0	 x22:0x00000000  x0:0x00000000 x10=0x00000000
      92715.000 ns	      9270	800020f4	003a16b3	sll	x13,x20,x3	 x20:0xffffffc0  x3:0x5ec64d40 x13=0xffffffc0
      92735.000 ns	      9272	800020f8	a07b2853	feq.s	x16,f22,f7	 f22:0x4f00040f  f7:0x00000000 x16=0x00000000
      92765.000 ns	      9275	800020fc	21bc8653	fsgnj.s	f12,f25,f27	 f25:0xc4a92000 f27:0x4ef7b799 f12=0x44a92000
      92785.000 ns	      9277	80002100	2df63093	sltiu	x1,x12,735	 x12:0x00000066  x1=0x00000001
      92795.000 ns	      9278	80002104	01bbdab3	srl	x21,x23,x27	 x23:0x80040fff x27:0x00000000 x21=0x80040fff
      93155.000 ns	      9314	80002108	03e86d33	rem	x26,x16,x30	 x16:0x00000000 x30:0x00000013 x26=0x00000000
      93185.000 ns	      9317	8000210c	02a6fcb3	remu	x25,x13,x10	 x13:0xffffffc0 x10:0x00000000 x25=0xffffffc0
      93215.000 ns	      9320	80002110	2034a153	fsgnjx.s	f2,f9,f3	  f9:0xbf800000  f3:0x4fbce096  f2=0xbf800000
      93245.000 ns	      9323	80002114	f0060253	fmv.w.x	f4,x12	 x12:0x00000066  f4=0x00000066
      93275.000 ns	      9326	80002118	a024ac53	feq.s	x24,f9,f2	  f9:0xbf800000  f2:0xbf800000 x24=0x00000001
      93295.000 ns	      9328	8000211c	41c204b3	sub	x9,x4,x28	  x4:0x7ffbf001 x28:0x00000000  x9=0x7ffbf001
      93305.000 ns	      9329	80002120	b0c3bd93	sltiu	x27,x7,-1268	  x7:0x00000000 x27=0x00000001
      93325.000 ns	      9331	80002124	c013a9d3	fcvt.wu.s	x19,f7	  f7:0x00000000 x19=0x00000000
      93375.000 ns	      9336	80002128	08ccf1d3	fsub.s	f3,f25,f12	 f25:0xc4a92000 f12:0x44a92000  f3=0xc5292000
      93415.000 ns	      9340	8000212c	10e07dd3	fmul.s	f27,f0,f14	  f0:0x467ff800 f14:0x7fc00000 f27=0x7fc00000
      93445.000 ns	      9343	80002130	f0038c53	fmv.w.x	f24,x7	  x7:0x00000000 f24=0x00000000
      93475.000 ns	      9346	80002134	f0040f53	fmv.w.x	f30,x8	  x8:0x80040fe4 f30=0x80040fe4
      93495.000 ns	      9348	80002138	40b80233	sub	x4,x16,x11	 x16:0x00000000 x11:0x80041024  x4=0x7ffbefdc
      93515.000 ns	      9350	8000213c	03696db3	rem	x27,x18,x22	 x18:0xe26a908c x22:0x00000000 x27=0xe26a908c
      93535.000 ns	      9352	80002140	008bc6b3	xor	x13,x23,x8	 x23:0x80040fff  x8:0x80040fe4 x13=0x0000001b
      93565.000 ns	      9355	80002144	19b07e53	fdiv.s	f28,f0,f27	  f0:0x467ff800 f27:0x7fc00000 f28=0x7fc00000
      93595.000 ns	      9358	80002148	a09792d3	flt.s	x5,f15,f9	 f15:0x4f7fffff  f9:0xbf800000  x5=0x00000000
      93965.000 ns	      9395	8000214c	0322ddb3	divu	x27,x5,x18	  x5:0xffffffff x18:0xe26a908c x27=0x00000000
      93985.000 ns	      9397	80002150	aff22613	slti	x12,x4,-1281	  x4:0x7ffbefdc x12=0x00000000
      94005.000 ns	      9399	80002154	c01ec3d3	fcvt.wu.s	x7,f29	 f29:0x4ef7b7a4  x7=0x7bdbd200
      94025.000 ns	      9401	80002158	00741f93	slli	x31,x8,0x7	  x8:0x80040fe4 x31=0x0207f200
      94035.000 ns	      9402	8000215c	014a9033	sll	x0,x21,x20	 x21:0x80040fff x20:0xffffffc0
      94045.000 ns	      9403	80002160	776fc117	auipc	x2,0x776fc	  x2=0xf76fe160
      94065.000 ns	      9405	80002164	d008b9d3	fcvt.s.w	f19,x17	 x17:0x00000000 f19=0x00000000
      94085.000 ns	      9407	80002168	c18b2293	slti	x5,x22,-1000	 x22:0x00000000  x5=0x00000000
      94095.000 ns	      9408	8000216c	3428ff93	andi	x31,x17,834	 x17:0x00000000 x31=0x00000000
      94455.000 ns	      9444	80002170	022d7db3	remu	x27,x26,x2	 x26:0x00000000  x2:0xf76fe160 x27=0x00000000
      94475.000 ns	      9446	80002174	00000013	addi	x0,x0,0	  x0:0x00000000
      94495.000 ns	      9448	80002178	20e98753	fsgnj.s	f14,f19,f14	 f19:0x00000000 f14:0x7fc00000 f14=0x00000000
      94515.000 ns	      9450	8000217c	00e4b9b3	sltu	x19,x9,x14	  x9:0x7ffbf001 x14:0x80040fff x19=0x00000001
      94875.000 ns	      9486	80002180	039b5333	divu	x6,x22,x25	 x22:0x00000000 x25:0xffffffc0  x6=0x00000000
      94895.000 ns	      9488	80002184	012239b3	sltu	x19,x4,x18	  x4:0x7ffbefdc x18:0xe26a908c x19=0x00000001
      94905.000 ns	      9489	80002188	007bd033	srl	x0,x23,x7	 x23:0x80040fff  x7:0x7bdbd200
      94915.000 ns	      9490	8000218c	8cd24693	xori	x13,x4,-1843	  x4:0x7ffbefdc x13=0x80041711
      94935.000 ns	      9492	80002190	03de8f33	mul	x30,x29,x29	 x29:0x17b9f000 x29:0x17b9f000 x30=0xc1000000
      94985.000 ns	      9497	80002194	00f40353	fadd.s	f6,f8,f15	  f8:0xf9c13d14 f15:0x4f7fffff  f6=0xf9c13d14
      95015.000 ns	      9500	80002198	2110a853	fsgnjx.s	f16,f1,f17	  f1:0x44900000 f17:0x4732110a f16=0x44900000
      95035.000 ns	      9502	8000219c	d16d0093	addi	x1,x26,-746	 x26:0x00000000  x1=0xfffffd16
      95045.000 ns	      9503	800021a0	01d30db3	add	x27,x6,x29	  x6:0x00000000 x29:0x17b9f000 x27=0x17b9f000
      95065.000 ns	      9505	800021a4	21439953	fsgnjn.s	f18,f7,f20	  f7:0x00000000 f20:0x00000000 f18=0x80000000
      95095.000 ns	      9508	800021a8	025414b3	mulh	x9,x8,x5	  x8:0x80040fe4  x5:0x00000000  x9=0x00000000
      95125.000 ns	      9511	800021ac	020f3833	mulhu	x16,x30,x0	 x30:0xc1000000  x0:0x00000000 x16=0x00000000
      95145.000 ns	      9513	800021b0	00000013	addi	x0,x0,0	  x0:0x00000000
      95165.000 ns	      9515	800021b4	f0028053	fmv.w.x	f0,x5	  x5:0x00000000  f0=0x00000000
      95195.000 ns	      9518	800021b8	f00988d3	fmv.w.x	f17,x19	 x19:0x00000001 f17=0x00000001
      95225.000 ns	      9521	800021bc	e00e8653	fmv.x.w	x12,f29	 f29:0x4ef7b7a4 x12=0x4ef7b7a4
      95245.000 ns	      9523	800021c0	01640633	add	x12,x8,x22	  x8:0x80040fe4 x22:0x00000000 x12=0x80040fe4
      95255.000 ns	      9524	800021c4	0094e233	or	x4,x9,x9	  x9:0x00000000  x9:0x00000000  x4=0x00000000
      95275.000 ns	      9526	800021c8	205b26d3	fsgnjx.s	f13,f22,f5	 f22:0x4f00040f  f5:0x00000000 f13=0x4f00040f
      95295.000 ns	      9528	800021cc	00f2a033	slt	x0,x5,x15	  x5:0x00000000 x15:0xf9c13d14
      95315.000 ns	      9530	800021d0	c013fc53	fcvt.wu.s	x24,f7	  f7:0x00000000 x24=0x00000000
      95345.000 ns	      9533	800021d4	28428fd3	fmin.s	f31,f5,f4	  f5:0x00000000  f4:0x00000066 f31=0x00000000
      95715.000 ns	      9570	800021d8	035171b3	remu	x3,x2,x21	  x2:0xf76fe160 x21:0x80040fff  x3=0x776bd161
      95735.000 ns	      9572	800021dc	bff55517	auipc	x10,0xbff55	 x10=0x3ff571dc
      95745.000 ns	      9573	800021e0	f140fe13	andi	x28,x1,-236	  x1:0xfffffd16 x28=0xfffffd14
      95755.000 ns	      9574	800021e4	3c85c613	xori	x12,x11,968	 x11:0x80041024 x12=0x800413ec
      95775.000 ns	      9576	800021e8	292f1ed3	fmax.s	f29,f30,f18	 f30:0x80040fe4 f18:0x80000000 f29=0x80000000
      95805.000 ns	      9579	800021ec	d008ffd3	fcvt.s.w	f31,x17	 x17:0x00000000 f31=0x00000000
      95825.000 ns	      9581	800021f0	0023bbb3	sltu	x23,x7,x2	  x7:0x7bdbd200  x2:0xf76fe160 x23=0x00000001
      96185.000 ns	      9617	800021f4	0230c033	div	x0,x1,x3	  x1:0xfffffd16  x3:0x776bd161
      96215.000 ns	      9620	800021f8	e0061753	fclass.s	x14,f12	 f12:0x44a92000 x14=0x00000040
      96245.000 ns	      9623	800021fc	c0167753	fcvt.wu.s	x14,f12	 f12:0x44a92000 x14=0x00000549
      96265.000 ns	      9625	80002200	40795713	srai	x14,x18,0x7	 x18:0xe26a908c x14=0xffc4d521
      96275.000 ns	      9626	80002204	96ad8813	addi	x16,x27,-1686	 x27:0x17b9f000 x16=0x17b9e96a
      96285.000 ns	      9627	80002208	00411db3	sll	x27,x2,x4	  x2:0xf76fe160  x4:0x00000000 x27=0xf76fe160
      96305.000 ns	      9629	8000220c	d01cb553	fcvt.s.wu	f10,x25	 x25:0xffffffc0 f10=0x4f800000
      96335.000 ns	      9632	80002210	02c009b3	mul	x19,x0,x12	  x0:0x00000000 x12:0x800413ec x19=0x00000000
      96355.000 ns	      9634	80002214	01233cb3	sltu	x25,x6,x18	  x6:0x00000000 x18:0xe26a908c x25=0x00000001
      96375.000 ns	      9636	80002218	d0190253	fcvt.s.wu	f4,x18	 x18:0xe26a908c  f4=0x4f626a91
      96405.000 ns	      9639	8000221c	28311c53	fmax.s	f24,f2,f3	  f2:0xbf800000  f3:0xc5292000 f24=0xbf800000
      96425.000 ns	      9641	80002220	50c98113	addi	x2,x19,1292	 x19:0x00000000  x2=0x0000050c
      96445.000 ns	      9643	80002224	039eb633	mulhu	x12,x29,x25	 x29:0x17b9f000 x25:0x00000001 x12=0x00000000
      96465.000 ns	      9645	80002228	01a66333	or	x6,x12,x26	 x12:0x800413ec x26:0x00000000  x6=0x00000000
      96505.000 ns	      9649	8000222c	00037c53	fadd.s	f24,f6,f0	  f6:0xf9c13d14  f0:0x00000000 f24=0xf9c13d14
      96535.000 ns	      9652	80002230	217c9653	fsgnjn.s	f12,f25,f23	 f25:0xc4a92000 f23:0x7fc00000 f12=0xc4a92000
      96565.000 ns	      9655	80002234	a00792d3	flt.s	x5,f15,f0	 f15:0x4f7fffff  f0:0x00000000  x5=0x00000000
      96585.000 ns	      9657	80002238	00000013	addi	x0,x0,0	  x0:0x00000000
      96605.000 ns	      9659	8000223c	289f93d3	fmax.s	f7,f31,f9	 f31:0x00000000  f9:0xbf800000  f7=0x00000000
      96635.000 ns	      9662	80002240	28c00553	fmin.s	f10,f0,f12	  f0:0x00000000 f12:0xc4a92000 f10=0xc4a92000
      96665.000 ns	      9665	80002244	2048a2d3	fsgnjx.s	f5,f17,f4	 f17:0x00000001  f4:0x4f626a91  f5=0x00000001
      96705.000 ns	      9669	80002248	19ff8cd3	fdiv.s	f25,f31,f31	 f31:0x00000000 f31:0x00000000 f25=0x7fc00000
      96725.000 ns	      9671	8000224c	00893933	sltu	x18,x18,x8	 x18:0xe26a908c  x8:0x80040fe4 x18=0x00000000
      96745.000 ns	      9673	80002250	a1f22e53	feq.s	x28,f4,f31	  f4:0x4f626a91 f31:0x00000000 x28=0x00000000
      96775.000 ns	      9676	80002254	d00d73d3	fcvt.s.w	f7,x26	 x26:0x00000000  f7=0x00000000
      96805.000 ns	      9679	80002258	03adc4b3	div	x9,x27,x26	 x27:0xf76fe160 x26:0x00000000  x9=0xffffffff
      96825.000 ns	      9681	8000225c	40268bb3	sub	x23,x13,x2	 x13:0x80041711  x2:0x0000050c x23=0x80041205
      96845.000 ns	      9683	80002260	e00c1153	fclass.s	x2,f24	 f24:0xf9c13d14  x2=0x00000002
      96875.000 ns	      9686	80002264	20458e53	fsgnj.s	f28,f11,f4	 f11:0x00000000  f4:0x4f626a91 f28=0x00000000
      96905.000 ns	      9689	80002268	210c0453	fsgnj.s	f8,f24,f16	 f24:0xf9c13d14 f16:0x44900000  f8=0x79c13d14
      97275.000 ns	      9726	8000226c	022c4e33	div	x28,x24,x2	 x24:0x00000000  x2:0x00000002 x28=0x00000000
      97305.000 ns	      9729	80002270	03f51633	mulh	x12,x10,x31	 x10:0x3ff571dc x31:0x00000000 x12=0x00000000
      97325.000 ns	      9731	80002274	69c07013	andi	x0,x0,1692	  x0:0x00000000
      97335.000 ns	      9732	80002278	40ec5533	sra	x10,x24,x14	 x24:0x00000000 x14:0xffc4d521 x10=0x00000000
      97345.000 ns	      9733	8000227c	01c19c93	slli	x25,x3,0x1c	  x3:0x776bd161 x25=0x10000000
      97365.000 ns	      9735	80002280	20e205d3	fsgnj.s	f11,f4,f14	  f4:0x4f626a91 f14:0x00000000 f11=0x4f626a91
      97705.000 ns	      9769	80002284	189f43d3	fdiv.s	f7,f30,f9	 f30:0x80040fe4  f9:0xbf800000  f7=0x00000000
      97735.000 ns	      9772	80002288	0326d1b3	divu	x3,x13,x18	 x13:0x80041711 x18:0x00000000  x3=0xffffffff
      97775.000 ns	      9776	8000228c	18e07153	fdiv.s	f2,f0,f14	  f0:0x00000000 f14:0x00000000  f2=0x7fc00000
      97795.000 ns	      9778	80002290	9aeebb13	sltiu	x22,x29,-1618	 x29:0x17b9f000 x22=0x00000001
      97815.000 ns	      9780	80002294	e00b9dd3	fclass.s	x27,f23	 f23:0x7fc00000 x27=0x00000200
      97845.000 ns	      9783	80002298	e0048dd3	fmv.x.w	x27,f9	  f9:0xbf800000 x27=0xbf800000
      97865.000 ns	      9785	8000229c	416f5493	srai	x9,x30,0x16	 x30:0xc1000000  x9=0xffffff04
      97875.000 ns	      9786	800022a0	e38c6193	ori	x3,x24,-456	 x24:0x00000000  x3=0xfffffe38
      97895.000 ns	      9788	800022a4	21690f53	fsgnj.s	f30,f18,f22	 f18:0x80000000 f22:0x4f00040f f30=0x00000000
      97925.000 ns	      9791	800022a8	c00746d3	fcvt.w.s	x13,f14	 f14:0x00000000 x13=0x00000000
      97945.000 ns	      9793	800022ac	cffdc513	xori	x10,x27,-769	 x27:0xbf800000 x10=0x407ffcff
      97965.000 ns	      9795	800022b0	21ceac53	fsgnjx.s	f24,f29,f28	 f29:0x80000000 f28:0x00000000 f24=0x80000000
      97995.000 ns	      9798	800022b4	e0081a53	fclass.s	x20,f16	 f16:0x44900000 x20=0x00000040
      98025.000 ns	      9801	800022b8	21660453	fsgnj.s	f8,f12,f22	 f12:0xc4a92000 f22:0x4f00040f  f8=0x44a92000
      98055.000 ns	      9804	800022bc	0282ac33	mulhsu	x24,x5,x8	  x5:0x00000000  x8:0x80040fe4 x24=0x00000000
      98075.000 ns	      9806	800022c0	00b9fc33	and	x24,x19,x11	 x19:0x00000000 x11:0x80041024 x24=0x00000000
      98095.000 ns	      9808	800022c4	a1981253	flt.s	x4,f16,f25	 f16:0x44900000 f25:0x7fc00000  x4=0x00000000
      98115.000 ns	      9810	800022c8	00000013	addi	x0,x0,0	  x0:0x00000000
      98135.000 ns	      9812	800022cc	02ce84b3	mul	x9,x29,x12	 x29:0x17b9f000 x12:0x00000000  x9=0x00000000
      98155.000 ns	      9814	800022d0	018df533	and	x10,x27,x24	 x27:0xbf800000 x24:0x00000000 x10=0x00000000
      98165.000 ns	      9815	800022d4	000553b3	srl	x7,x10,x0	 x10:0x407ffcff  x0:0x00000000  x7=0x00000000
      98185.000 ns	      9817	800022d8	c0038dd3	fcvt.w.s	x27,f7	  f7:0x00000000 x27=0x00000000
      98235.000 ns	      9822	800022dc	01ad1053	fadd.s	f0,f26,f26	 f26:0xc67ff800 f26:0xc67ff800  f0=0xc6fff800
      98255.000 ns	      9824	800022e0	000daf93	slti	x31,x27,0	 x27:0x00000000 x31=0x00000000
      98265.000 ns	      9825	800022e4	4007db93	srai	x23,x15,0x0	 x15:0xf9c13d14 x23=0xf9c13d14
      98275.000 ns	      9826	800022e8	562f0d93	addi	x27,x30,1378	 x30:0xc1000000 x27=0xc1000562
      98635.000 ns	      9862	800022ec	02b7dc33	divu	x24,x15,x11	 x15:0xf9c13d14 x11:0x80041024 x24=0x00000001
      98655.000 ns	      9864	800022f0	00179eb3	sll	x29,x15,x1	 x15:0xf9c13d14  x1:0xfffffd16 x29=0x45000000
      98665.000 ns	      9865	800022f4	f455ba37	lui	x20,0xf455b	 x20=0xf455b000
      98675.000 ns	      9866	800022f8	41b5dc33	sra	x24,x11,x27	 x11:0x80041024 x27:0xc1000562 x24=0xe0010409
      98685.000 ns	      9867	800022fc	00ead1b3	srl	x3,x21,x14	 x21:0x80040fff x14:0xffc4d521  x3=0x400207ff
      98695.000 ns	      9868	80002300	00fa8033	add	x0,x21,x15	 x21:0x80040fff x15:0xf9c13d14
      98715.000 ns	      9870	80002304	a1a09353	flt.s	x6,f1,f26	  f1:0x44900000 f26:0xc67ff800  x6=0x00000000
      98735.000 ns	      9872	80002308	000818b3	sll	x17,x16,x0	 x16:0x17b9e96a  x0:0x00000000 x17=0x17b9e96a
      98755.000 ns	      9874	8000230c	03a43933	mulhu	x18,x8,x26	  x8:0x80040fe4 x26:0x00000000 x18=0x00000000
      98775.000 ns	      9876	80002310	00b478b3	and	x17,x8,x11	  x8:0x80040fe4 x11:0x80041024 x17=0x80040024
      98785.000 ns	      9877	80002314	017ba733	slt	x14,x23,x23	 x23:0xf9c13d14 x23:0xf9c13d14 x14=0x00000000
      98795.000 ns	      9878	80002318	14367497	auipc	x9,0x14367	  x9=0x94369318
      98815.000 ns	      9880	8000231c	02f00a33	mul	x20,x0,x15	  x0:0x00000000 x15:0xf9c13d14 x20=0x00000000
      98845.000 ns	      9883	80002320	2027a253	fsgnjx.s	f4,f15,f2	 f15:0x4f7fffff  f2:0x7fc00000  f4=0x4f7fffff
      98865.000 ns	      9885	80002324	00591d93	slli	x27,x18,0x5	 x18:0x00000000 x27=0x00000000
      98885.000 ns	      9887	80002328	c00d7a53	fcvt.w.s	x20,f26	 f26:0xc67ff800 x20=0x00003ffe
      98905.000 ns	      9889	8000232c	41fbdab3	sra	x21,x23,x31	 x23:0xf9c13d14 x31:0x00000000 x21=0xf9c13d14
      98935.000 ns	      9892	80002330	5801ac53	fsqrt.s	f24,f3	  f3:0xc5292000 f24=0x7fc00000
      98955.000 ns	      9894	80002334	01e26033	or	x0,x4,x30	  x4:0x00000000 x30:0xc1000000
      98965.000 ns	      9895	80002338	0d093c93	sltiu	x25,x18,208	 x18:0x00000000 x25=0x00000001
      98975.000 ns	      9896	8000233c	ac424e93	xori	x29,x4,-1340	  x4:0x00000000 x29=0xfffffac4
      98985.000 ns	      9897	80002340	01568eb3	add	x29,x13,x21	 x13:0x00000000 x21:0xf9c13d14 x29=0xf9c13d14
      99005.000 ns	      9899	80002344	d002ffd3	fcvt.s.w	f31,x5	  x5:0x00000000 f31=0x00000000
      99025.000 ns	      9901	80002348	01b8feb3	and	x29,x17,x27	 x17:0x80040024 x27:0x00000000 x29=0x00000000
      99035.000 ns	      9902	8000234c	00b05533	srl	x10,x0,x11	  x0:0x00000000 x11:0x80041024 x10=0x00000000
      99045.000 ns	      9903	80002350	93946693	ori	x13,x8,-1735	  x8:0x80040fe4 x13=0xfffffffd
      99065.000 ns	      9905	80002354	a1681d53	flt.s	x26,f16,f22	 f16:0x44900000 f22:0x4f00040f x26=0x00000001
      99435.000 ns	      9942	80002358	02baf933	remu	x18,x21,x11	 x21:0xf9c13d14 x11:0x80041024 x18=0x79bd2cf0
      99455.000 ns	      9944	8000235c	014bc2b3	xor	x5,x23,x20	 x23:0xf9c13d14 x20:0x00003ffe  x5=0xf9c102ea
      99465.000 ns	      9945	80002360	00f049b3	xor	x19,x0,x15	  x0:0x00000000 x15:0xf9c13d14 x19=0xf9c13d14
      99485.000 ns	      9947	80002364	e00b8ad3	fmv.x.w	x21,f23	 f23:0x7fc00000 x21=0x7fc00000
      99515.000 ns	      9950	80002368	029b11b3	mulh	x3,x22,x9	 x22:0x00000001  x9:0x94369318  x3=0xffffffff
      99545.000 ns	      9953	8000236c	214815d3	fsgnjn.s	f11,f16,f20	 f16:0x44900000 f20:0x00000000 f11=0xc4900000
      99565.000 ns	      9955	80002370	ae7fde97	auipc	x29,0xae7fd	 x29=0x2e7ff370
      99575.000 ns	      9956	80002374	9d9db713	sltiu	x14,x27,-1575	 x27:0x00000000 x14=0x00000001
      99595.000 ns	      9958	80002378	2025a6d3	fsgnjx.s	f13,f11,f2	 f11:0xc4900000  f2:0x7fc00000 f13=0xc4900000
      99965.000 ns	      9995	8000237c	02d7d0b3	divu	x1,x15,x13	 x15:0xf9c13d14 x13:0xfffffffd  x1=0x00000000
      99995.000 ns	      9998	80002380	0282b533	mulhu	x10,x5,x8	  x5:0xf9c102ea  x8:0x80040fe4 x10=0x7ce477f9
     100015.000 ns	     10000	80002384	e7428293	addi	x5,x5,-396	  x5:0xf9c102ea  x5=0xf9c1015e
     100055.000 ns	     10004	80002388	08a6fa53	fsub.s	f20,f13,f10	 f13:0xc4900000 f10:0xc4a92000 f20=0x43490000
     100425.000 ns	     10041	8000238c	0296e233	rem	x4,x13,x9	 x13:0xfffffffd  x9:0x94369318  x4=0xfffffffd
     100455.000 ns	     10044	80002390	03b18eb3	mul	x29,x3,x27	  x3:0xffffffff x27:0x00000000 x29=0x00000000
     100475.000 ns	     10046	80002394	01ee9833	sll	x16,x29,x30	 x29:0x2e7ff370 x30:0xc1000000 x16=0x00000000
     100495.000 ns	     10048	80002398	c0047e53	fcvt.w.s	x28,f8	  f8:0x44a92000 x28=0x00000549
     100835.000 ns	     10082	8000239c	1962ab53	fdiv.s	f22,f5,f22	  f5:0x00000001 f22:0x4f00040f f22=0x00000000
     100855.000 ns	     10084	800023a0	c3c4f993	andi	x19,x9,-964	  x9:0x94369318 x19=0x94369018
     100865.000 ns	     10085	800023a4	002c40b3	xor	x1,x24,x2	 x24:0xe0010409  x2:0x00000002  x1=0xe001040b
     100875.000 ns	     10086	800023a8	008d03b3	add	x7,x26,x8	 x26:0x00000001  x8:0x80040fe4  x7=0x80040fe5
     100895.000 ns	     10088	800023ac	28049753	fmax.s	f14,f9,f0	  f9:0xbf800000  f0:0xc6fff800 f14=0xbf800000
     100915.000 ns	     10090	800023b0	95014913	xori	x18,x2,-1712	  x2:0x00000002 x18=0xfffff952
     101275.000 ns	     10126	800023b4	03cded33	rem	x26,x27,x28	 x27:0x00000000 x28:0x00000549 x26=0x00000000
     101305.000 ns	     10129	800023b8	a13210d3	flt.s	x1,f4,f19	  f4:0x4f7fffff f19:0x00000000  x1=0x00000000
     101325.000 ns	     10131	800023bc	00b036b3	sltu	x13,x0,x11	  x0:0x00000000 x11:0x80041024 x13=0x00000001
     101365.000 ns	     10135	800023c0	008b4a53	fadd.s	f20,f22,f8	 f22:0x00000000  f8:0x44a92000 f20=0x44a92000
     101395.000 ns	     10138	800023c4	28f81553	fmax.s	f10,f16,f15	 f16:0x44900000 f15:0x4f7fffff f10=0x4f7fffff
     101415.000 ns	     10140	800023c8	01954a33	xor	x20,x10,x25	 x10:0x7ce477f9 x25:0x00000001 x20=0x7ce477f8
     101425.000 ns	     10141	800023cc	40d7dc93	srai	x25,x15,0xd	 x15:0xf9c13d14 x25=0xffffce09
     101435.000 ns	     10142	800023d0	01ddd093	srli	x1,x27,0x1d	 x27:0x00000000  x1=0x00000000
     101455.000 ns	     10144	800023d4	2118a6d3	fsgnjx.s	f13,f17,f17	 f17:0x00000001 f17:0x00000001 f13=0x00000001
     101475.000 ns	     10146	800023d8	01ddde13	srli	x28,x27,0x1d	 x27:0x00000000 x28=0x00000000
     101495.000 ns	     10148	800023dc	d019f8d3	fcvt.s.wu	f17,x19	 x19:0x94369018 f17=0x4f143690
     101525.000 ns	     10151	800023e0	a0168ad3	fle.s	x21,f13,f1	 f13:0x00000001  f1:0x44900000 x21=0x00000001
     101545.000 ns	     10153	800023e4	01fb31b3	sltu	x3,x22,x31	 x22:0x00000001 x31:0x00000000  x3=0x00000000
     101565.000 ns	     10155	800023e8	28919cd3	fmax.s	f25,f3,f9	  f3:0xc5292000  f9:0xbf800000 f25=0xbf800000
     101595.000 ns	     10158	800023ec	027f0b33	mul	x22,x30,x7	 x30:0xc1000000  x7:0x80040fe5 x22=0xa5000000
     101625.000 ns	     10161	800023f0	e0079f53	fclass.s	x30,f15	 f15:0x4f7fffff x30=0x00000040
     101655.000 ns	     10164	800023f4	e00e8253	fmv.x.w	x4,f29	 f29:0x80000000  x4=0x80000000
     101675.000 ns	     10166	800023f8	c4ecca13	xori	x20,x25,-946	 x25:0xffffce09 x20=0x00003247
     101695.000 ns	     10168	800023fc	d004ffd3	fcvt.s.w	f31,x9	  x9:0x94369318 f31=0xced792d9
     101725.000 ns	     10171	80002400	e0061bd3	fclass.s	x23,f12	 f12:0xc4a92000 x23=0x00000002
     101755.000 ns	     10174	80002404	d01716d3	fcvt.s.wu	f13,x14	 x14:0x00000001 f13=0x3f800000
     101785.000 ns	     10177	80002408	21d38e53	fsgnj.s	f28,f7,f29	  f7:0x00000000 f29:0x80000000 f28=0x80000000
     101805.000 ns	     10179	8000240c	01f3bc33	sltu	x24,x7,x31	  x7:0x80040fe5 x31:0x00000000 x24=0x00000000
     101825.000 ns	     10181	80002410	c01d7ad3	fcvt.wu.s	x21,f26	 f26:0xc67ff800 x21=0x00003ffe
     101855.000 ns	     10184	80002414	023d1ab3	mulh	x21,x26,x3	 x26:0x00000000  x3:0x00000000 x21=0x00000000
     102225.000 ns	     10221	80002418	02da76b3	remu	x13,x20,x13	 x20:0x00003247 x13:0x00000001 x13=0x00000000
     102245.000 ns	     10223	8000241c	87064713	xori	x14,x12,-1936	 x12:0x00000000 x14=0xfffff870
     102265.000 ns	     10225	80002420	218d0b53	fsgnj.s	f22,f26,f24	 f26:0xc67ff800 f24:0x7fc00000 f22=0x467ff800
     102285.000 ns	     10227	80002424	00eb2cb3	slt	x25,x22,x14	 x22:0xa5000000 x14:0x00000001 x25=0x00000001
     102295.000 ns	     10228	80002428	4047dc13	srai	x24,x15,0x4	 x15:0xf9c13d14 x24=0xff9c13d1
     102305.000 ns	     10229	8000242c	013531b3	sltu	x3,x10,x19	 x10:0x7ce477f9 x19:0x94369018  x3=0x00000001
     102325.000 ns	     10231	80002430	c00079d3	fcvt.w.s	x19,f0	  f0:0xc6fff800 x19=0x00007ffc
     102345.000 ns	     10233	80002434	01c13733	sltu	x14,x2,x28	  x2:0x00000002 x28:0x00000000 x14=0x00000000
     102365.000 ns	     10235	80002438	c01d9e53	fcvt.wu.s	x28,f27	 f27:0x7fc00000 x28=0xffffffff
     102385.000 ns	     10237	8000243c	00617eb3	and	x29,x2,x6	  x2:0x00000002  x6:0x00000000 x29=0x00000000
     102395.000 ns	     10238	80002440	b1ca7d13	andi	x26,x20,-1252	 x20:0x00003247 x26=0x00003204
     102415.000 ns	     10240	80002444	c0108cd3	fcvt.wu.s	x25,f1	  f1:0x44900000 x25=0x00000480
     102435.000 ns	     10242	80002448	4187d9b3	sra	x19,x15,x24	 x15:0xf9c13d14 x24:0xff9c13d1 x19=0xfffffce0
     102445.000 ns	     10243	8000244c	32634f97	auipc	x31,0x32634	 x31=0xb263644c
     102465.000 ns	     10245	80002450	02409633	mulh	x12,x1,x4	  x1:0x00000000  x4:0x80000000 x12=0x00000000
     102495.000 ns	     10248	80002454	21bb1ed3	fsgnjn.s	f29,f22,f27	 f22:0x467ff800 f27:0x7fc00000 f29=0xc67ff800
     102525.000 ns	     10251	80002458	208202d3	fsgnj.s	f5,f4,f8	  f4:0x4f7fffff  f8:0x44a92000  f5=0x4f7fffff
     102545.000 ns	     10253	8000245c	0132e8b3	or	x17,x5,x19	  x5:0xf9c1015e x19:0xfffffce0 x17=0xfffffdfe
     102565.000 ns	     10255	80002460	21591dd3	fsgnjn.s	f27,f18,f21	 f18:0x80000000 f21:0x4f79c13d f27=0x80000000
     102615.000 ns	     10260	80002464	00547e53	fadd.s	f28,f8,f5	  f8:0x44a92000  f5:0x4f7fffff f28=0x4f800002
     102645.000 ns	     10263	80002468	d0029ad3	fcvt.s.w	f21,x5	  x5:0xf9c1015e f21=0xccc7dfd4
     102665.000 ns	     10265	8000246c	00353533	sltu	x10,x10,x3	 x10:0x7ce477f9  x3:0x00000001 x10=0x00000000
     102685.000 ns	     10267	80002470	a0d8add3	feq.s	x27,f17,f13	 f17:0x4f143690 f13:0x3f800000 x27=0x00000000
     102715.000 ns	     10270	80002474	c0037853	fcvt.w.s	x16,f6	  f6:0xf9c13d14 x16=0x80000000
     102735.000 ns	     10272	80002478	008a4733	xor	x14,x20,x8	 x20:0x00003247  x8:0x80040fe4 x14=0x80043da3
     102755.000 ns	     10274	8000247c	036b2cb3	mulhsu	x25,x22,x22	 x22:0xa5000000 x22:0xa5000000 x25=0xc5590000
     102785.000 ns	     10277	80002480	20b3a0d3	fsgnjx.s	f1,f7,f11	  f7:0x00000000 f11:0xc4900000  f1=0x80000000
     102805.000 ns	     10279	80002484	caac6f13	ori	x30,x24,-854	 x24:0xff9c13d1 x30=0xfffffffb
     103165.000 ns	     10315	80002488	03947533	remu	x10,x8,x25	  x8:0x80040fe4 x25:0xc5590000 x10=0x80040fe4
     103215.000 ns	     10320	8000248c	09fea853	fsub.s	f16,f29,f31	 f29:0xc67ff800 f31:0xced792d9 f16=0x4ed79259
     103245.000 ns	     10323	80002490	a1451353	flt.s	x6,f10,f20	 f10:0x4f7fffff f20:0x44a92000  x6=0x00000000
     103265.000 ns	     10325	80002494	405d5693	srai	x13,x26,0x5	 x26:0x00003204 x13=0x00000190
     104435.000 ns	     10442	80002498	580289d3	fsqrt.s	f19,f5	  f5:0x4f7fffff f19=0x47350461
     104465.000 ns	     10445	8000249c	d00a06d3	fcvt.s.w	f13,x20	 x20:0x00003247 f13=0x46491c00
     104495.000 ns	     10448	800024a0	a0130053	fle.s	x0,f6,f1	  f6:0xf9c13d14  f1:0x80000000
     104525.000 ns	     10451	800024a4	e00c86d3	fmv.x.w	x13,f25	 f25:0xbf800000 x13=0xbf800000
     104545.000 ns	     10453	800024a8	40535f33	sra	x30,x6,x5	  x6:0x00000000  x5:0xf9c1015e x30=0x00000000
     104565.000 ns	     10455	800024ac	0297beb3	mulhu	x29,x15,x9	 x15:0xf9c13d14  x9:0x94369318 x29=0x9098f593
     104595.000 ns	     10458	800024b0	28898353	fmin.s	f6,f19,f8	 f19:0x47350461  f8:0x44a92000  f6=0x44a92000
     104615.000 ns	     10460	800024b4	f7646b13	ori	x22,x8,-138	  x8:0x80040fe4 x22=0xfffffff6
     104645.000 ns	     10463	800024b8	580a8853	fsqrt.s	f16,f21	 f21:0xccc7dfd4 f16=0x7fc00000
     104675.000 ns	     10466	800024bc	03758933	mul	x18,x11,x23	 x11:0x80041024 x23:0x00000002 x18=0x00082048
     104695.000 ns	     10468	800024c0	01f9feb3	and	x29,x19,x31	 x19:0xfffffce0 x31:0xb263644c x29=0xb2636440
     104715.000 ns	     10470	800024c4	a0f19853	flt.s	x16,f3,f15	  f3:0xc5292000 f15:0x4f7fffff x16=0x00000001
     104765.000 ns	     10475	800024c8	086cfd53	fsub.s	f26,f25,f6	 f25:0xbf800000  f6:0x44a92000 f26=0xc4a94000
     104795.000 ns	     10478	800024cc	02049e33	mulh	x28,x9,x0	  x9:0x94369318  x0:0x00000000 x28=0x00000000
     104825.000 ns	     10481	800024d0	e00b9d53	fclass.s	x26,f23	 f23:0x7fc00000 x26=0x00000200
     104845.000 ns	     10483	800024d4	0060dbb3	srl	x23,x1,x6	  x1:0x00000000  x6:0x00000000 x23=0x00000000
     104865.000 ns	     10485	800024d8	0367b033	mulhu	x0,x15,x22	 x15:0xf9c13d14 x22:0xfffffff6
     104885.000 ns	     10487	800024dc	0197b933	sltu	x18,x15,x25	 x15:0xf9c13d14 x25:0xc5590000 x18=0x00000000
     104905.000 ns	     10489	800024e0	d00a76d3	fcvt.s.w	f13,x20	 x20:0x00003247 f13=0x46491c00
     104925.000 ns	     10491	800024e4	78036993	ori	x19,x6,1920	  x6:0x00000000 x19=0x00000780
     104935.000 ns	     10492	800024e8	97bd4893	xori	x17,x26,-1669	 x26:0x00000200 x17=0xfffffb7b
     104945.000 ns	     10493	800024ec	a3b60017	auipc	x0,0xa3b60	
     104965.000 ns	     10495	800024f0	e0081953	fclass.s	x18,f16	 f16:0x7fc00000 x18=0x00000200
     104985.000 ns	     10497	800024f4	0125a033	slt	x0,x11,x18	 x11:0x80041024 x18:0x00000000
     105005.000 ns	     10499	800024f8	03ae32b3	mulhu	x5,x28,x26	 x28:0x00000000 x26:0x00000200  x5=0x00000000
     105025.000 ns	     10501	800024fc	0135dc13	srli	x24,x11,0x13	 x11:0x80041024 x24=0x00001000
     105035.000 ns	     10502	80002500	00c8b033	sltu	x0,x17,x12	 x17:0xfffffb7b x12:0x00000000
     105055.000 ns	     10504	80002504	03e25a33	divu	x20,x4,x30	  x4:0x80000000 x30:0x00000000 x20=0xffffffff
     105085.000 ns	     10507	80002508	a17e8153	fle.s	x2,f29,f23	 f29:0xc67ff800 f23:0x7fc00000  x2=0x00000000
     105105.000 ns	     10509	8000250c	6f653817	auipc	x16,0x6f653	 x16=0xef65550c
     105115.000 ns	     10510	80002510	017654b3	srl	x9,x12,x23	 x12:0x00000000 x23:0x00000000  x9=0x00000000
     105135.000 ns	     10512	80002514	f00905d3	fmv.w.x	f11,x18	 x18:0x00000200 f11=0x00000200
     105505.000 ns	     10549	80002518	0308f333	remu	x6,x17,x16	 x17:0xfffffb7b x16:0xef65550c  x6=0x109aa66f
     105875.000 ns	     10586	8000251c	027ee1b3	rem	x3,x29,x7	 x29:0xb2636440  x7:0x80040fe5  x3=0xb2636440
     105895.000 ns	     10588	80002520	caa37617	auipc	x12,0xcaa37	 x12=0x4aa39520
     105905.000 ns	     10589	80002524	69844b13	xori	x22,x8,1688	  x8:0x80040fe4 x22=0x8004097c
     105915.000 ns	     10590	80002528	40cc8f33	sub	x30,x25,x12	 x25:0xc5590000 x12:0x00000000 x30=0x7ab56ae0
     105955.000 ns	     10594	8000252c	01481753	fadd.s	f14,f16,f20	 f16:0x7fc00000 f20:0x44a92000 f14=0x7fc00000
     105985.000 ns	     10597	80002530	02224fb3	div	x31,x4,x2	  x4:0x80000000  x2:0x00000000 x31=0xffffffff
     106005.000 ns	     10599	80002534	40635213	srai	x4,x6,0x6	  x6:0x109aa66f  x4=0x00426a99
     106015.000 ns	     10600	80002538	01720733	add	x14,x4,x23	  x4:0x80000000 x23:0x00000000 x14=0x00426a99
     106025.000 ns	     10601	8000253c	146ecc13	xori	x24,x29,326	 x29:0xb2636440 x24=0xb2636506
     106035.000 ns	     10602	80002540	b8076a13	ori	x20,x14,-1152	 x14:0x80043da3 x20=0xfffffb99
     106045.000 ns	     10603	80002544	d1277813	andi	x16,x14,-750	 x14:0x00426a99 x16=0x00426810
     106065.000 ns	     10605	80002548	a0950b53	fle.s	x22,f10,f9	 f10:0x4f7fffff  f9:0xbf800000 x22=0x00000000
     106085.000 ns	     10607	8000254c	41745333	sra	x6,x8,x23	  x8:0x80040fe4 x23:0x00000000  x6=0x80040fe4
     106105.000 ns	     10609	80002550	29739253	fmax.s	f4,f7,f23	  f7:0x00000000 f23:0x7fc00000  f4=0x00000000
     106135.000 ns	     10612	80002554	21f11cd3	fsgnjn.s	f25,f2,f31	  f2:0x7fc00000 f31:0xced792d9 f25=0x7fc00000
     106165.000 ns	     10615	80002558	02109d33	mulh	x26,x1,x1	  x1:0x00000000  x1:0x00000000 x26=0x00000000
     106185.000 ns	     10617	8000255c	00485a33	srl	x20,x16,x4	 x16:0x00426810  x4:0x00426a99 x20=0x00000000
     106195.000 ns	     10618	80002560	0085ddb3	srl	x27,x11,x8	 x11:0x80041024  x8:0x80040fe4 x27=0x08004102
     106215.000 ns	     10620	80002564	03afc133	div	x2,x31,x26	 x31:0xffffffff x26:0x00000000  x2=0xffffffff
     106245.000 ns	     10623	80002568	28901553	fmax.s	f10,f0,f9	  f0:0xc6fff800  f9:0xbf800000 f10=0xbf800000
     106265.000 ns	     10625	8000256c	01a91013	slli	x0,x18,0x1a	 x18:0x00000200
     106285.000 ns	     10627	80002570	21cf17d3	fsgnjn.s	f15,f30,f28	 f30:0x00000000 f28:0x4f800002 f15=0x80000000
     106315.000 ns	     10630	80002574	21a504d3	fsgnj.s	f9,f10,f26	 f10:0xbf800000 f26:0xc4a94000  f9=0xbf800000
     106345.000 ns	     10633	80002578	02e11c33	mulh	x24,x2,x14	  x2:0xffffffff x14:0x00426a99 x24=0xffffffff
     106375.000 ns	     10636	8000257c	03658f33	mul	x30,x11,x22	 x11:0x80041024 x22:0x00000000 x30=0x00000000
     106405.000 ns	     10639	80002580	20192953	fsgnjx.s	f18,f18,f1	 f18:0x80000000  f1:0x80000000 f18=0x00000000
     106775.000 ns	     10676	80002584	02eaed33	rem	x26,x21,x14	 x21:0x00000000 x14:0x00426a99 x26=0x00000000
     106805.000 ns	     10679	80002588	02d829b3	mulhsu	x19,x16,x13	 x16:0x00426810 x13:0xbf800000 x19=0x0031acd7
     106825.000 ns	     10681	8000258c	00471db3	sll	x27,x14,x4	 x14:0x00426a99  x4:0x00426a99 x27=0x32000000
     106835.000 ns	     10682	80002590	4047de33	sra	x28,x15,x4	 x15:0xf9c13d14  x4:0x00426a99 x28=0xfffffffc
     107165.000 ns	     10715	80002594	194a8e53	fdiv.s	f28,f21,f20	 f21:0xccc7dfd4 f20:0x44a92000 f28=0xc78937b2
     107185.000 ns	     10717	80002598	40e5df93	srai	x31,x11,0xe	 x11:0x80041024 x31=0xfffe0010
     107205.000 ns	     10719	8000259c	28809e53	fmax.s	f28,f1,f8	  f1:0x80000000  f8:0x44a92000 f28=0x44a92000
     107225.000 ns	     10721	800025a0	41b9d893	srai	x17,x19,0x1b	 x19:0x0031acd7 x17=0x00000000
     107245.000 ns	     10723	800025a4	a03f84d3	fle.s	x9,f31,f3	 f31:0xced792d9  f3:0xc5292000  x9=0x00000001
     107275.000 ns	     10726	800025a8	c0144a53	fcvt.wu.s	x20,f8	  f8:0x44a92000 x20=0x00000549
     107295.000 ns	     10728	800025ac	00d6f333	and	x6,x13,x13	 x13:0xbf800000 x13:0xbf800000  x6=0xbf800000
     107305.000 ns	     10729	800025b0	41095933	sra	x18,x18,x16	 x18:0x00000200 x16:0x00426810 x18=0x00000000
     107315.000 ns	     10730	800025b4	01dbb933	sltu	x18,x23,x29	 x23:0x00000000 x29:0xb2636440 x18=0x00000001
     107325.000 ns	     10731	800025b8	d9e5c213	xori	x4,x11,-610	 x11:0x80041024  x4=0x7ffbedba
     107345.000 ns	     10733	800025bc	a0521bd3	flt.s	x23,f4,f5	  f4:0x00000000  f5:0x4f7fffff x23=0x00000001
     107715.000 ns	     10770	800025c0	02d77db3	remu	x27,x14,x13	 x14:0x00426a99 x13:0xbf800000 x27=0x00426a99
     107745.000 ns	     10773	800025c4	021dba33	mulhu	x20,x27,x1	 x27:0x32000000  x1:0x00000000 x20=0x00000000
     107765.000 ns	     10775	800025c8	017c1293	slli	x5,x24,0x17	 x24:0xffffffff  x5=0xff800000
     107775.000 ns	     10776	800025cc	00000013	addi	x0,x0,0	  x0:0x00000000
     107795.000 ns	     10778	800025d0	203b8653	fsgnj.s	f12,f23,f3	 f23:0x7fc00000  f3:0xc5292000 f12=0xffc00000
     107815.000 ns	     10780	800025d4	001d5e13	srli	x28,x26,0x1	 x26:0x00000000 x28=0x00000000
     107835.000 ns	     10782	800025d8	28f61bd3	fmax.s	f23,f12,f15	 f12:0xffc00000 f15:0x80000000 f23=0x80000000
     107865.000 ns	     10785	800025dc	a1069dd3	flt.s	x27,f13,f16	 f13:0x46491c00 f16:0x7fc00000 x27=0x00000000
     107895.000 ns	     10788	800025e0	217aa153	fsgnjx.s	f2,f21,f23	 f21:0xccc7dfd4 f23:0x80000000  f2=0x4cc7dfd4
     107915.000 ns	     10790	800025e4	01845993	srli	x19,x8,0x18	  x8:0x80040fe4 x19=0x00000080
     107925.000 ns	     10791	800025e8	01ed81b3	add	x3,x27,x30	 x27:0x00000000 x30:0x00000000  x3=0x00000000
     107945.000 ns	     10793	800025ec	0392bdb3	mulhu	x27,x5,x25	  x5:0xff800000 x25:0xc5590000 x27=0xc4f65380
     108315.000 ns	     10830	800025f0	028966b3	rem	x13,x18,x8	 x18:0x00000001  x8:0x80040fe4 x13=0x00000001
     108685.000 ns	     10867	800025f4	0242f233	remu	x4,x5,x4	  x5:0xff800000  x4:0x7ffbedba  x4=0x7f841246
     108705.000 ns	     10869	800025f8	01649a33	sll	x20,x9,x22	  x9:0x00000001 x22:0x00000000 x20=0x00000001
     108735.000 ns	     10872	800025fc	58064bd3	fsqrt.s	f23,f12	 f12:0xffc00000 f23=0x7fc00000
     109105.000 ns	     10909	80002600	02d84fb3	div	x31,x16,x13	 x16:0x00426810 x13:0x00000001 x31=0x00426810
     109135.000 ns	     10912	80002604	03d983b3	mul	x7,x19,x29	 x19:0x00000080 x29:0xb2636440  x7=0x31b22000
     109155.000 ns	     10914	80002608	0171ecb3	or	x25,x3,x23	  x3:0x00000000 x23:0x00000001 x25=0x00000001
     109175.000 ns	     10916	8000260c	030daeb3	mulhsu	x29,x27,x16	 x27:0xc4f65380 x16:0x00426810 x29=0xfff0af81
     109195.000 ns	     10918	80002610	00330533	add	x10,x6,x3	  x6:0xbf800000  x3:0x00000000 x10=0xbf800000
     109215.000 ns	     10920	80002614	c004f653	fcvt.w.s	x12,f9	  f9:0xbf800000 x12=0x00000001
     109245.000 ns	     10923	80002618	03533333	mulhu	x6,x6,x21	  x6:0xbf800000 x21:0x00000000  x6=0x00000000
     109265.000 ns	     10925	8000261c	011e9f33	sll	x30,x29,x17	 x29:0xfff0af81 x17:0x00000000 x30=0xfff0af81
     109305.000 ns	     10929	80002620	016e3d53	fadd.s	f26,f28,f22	 f28:0x44a92000 f22:0x467ff800 f26=0x468a8e00
     109335.000 ns	     10932	80002624	037e0833	mul	x16,x28,x23	 x28:0x00000000 x23:0x00000001 x16=0x00000000
     109355.000 ns	     10934	80002628	00ce1b33	sll	x22,x28,x12	 x28:0x00000000 x12:0x00000001 x22=0x00000000
     109395.000 ns	     10938	8000262c	08819e53	fsub.s	f28,f3,f8	  f3:0xc5292000  f8:0x44a92000 f28=0xc57db000
     109425.000 ns	     10941	80002630	03f00a33	mul	x20,x0,x31	  x0:0x00000000 x31:0x00426810 x20=0x00000000
     109445.000 ns	     10943	80002634	ac2e7f17	auipc	x30,0xac2e7	 x30=0x2c2e9634
     109465.000 ns	     10945	80002638	e0009fd3	fclass.s	x31,f1	  f1:0x80000000 x31=0x00000008
     109835.000 ns	     10982	8000263c	03f7ce33	div	x28,x15,x31	 x15:0xf9c13d14 x31:0x00426810 x28=0xff3827a3
     109865.000 ns	     10985	80002640	a07b0153	fle.s	x2,f22,f7	 f22:0x467ff800  f7:0x00000000  x2=0x00000000
     109885.000 ns	     10987	80002644	006cdb93	srli	x23,x25,0x6	 x25:0x00000001 x23=0x00000000
     109905.000 ns	     10989	80002648	032dbb33	mulhu	x22,x27,x18	 x27:0xc4f65380 x18:0x00000001 x22=0x00000000
     109935.000 ns	     10992	8000264c	e00c96d3	fclass.s	x13,f25	 f25:0x7fc00000 x13=0x00000200
     109955.000 ns	     10994	80002650	b50921b7	lui	x3,0xb5092	  x3=0xb5092000
     109985.000 ns	     10997	80002654	110974d3	fmul.s	f9,f18,f16	 f18:0x00000000 f16:0x7fc00000  f9=0x7fc00000
     110005.000 ns	     10999	80002658	0158a4b3	slt	x9,x17,x21	 x17:0x00000000 x21:0x00000000  x9=0x00000000
     110015.000 ns	     11000	8000265c	01b9e9b3	or	x19,x19,x27	 x19:0x00000080 x27:0xc4f65380 x19=0xc4f65380
     110025.000 ns	     11001	80002660	3879cab7	lui	x21,0x3879c	 x21=0x3879c000
     110055.000 ns	     11004	80002664	19b13353	fdiv.s	f6,f2,f27	  f2:0x4cc7dfd4 f27:0x80000000  f6=0xff800000
     110085.000 ns	     11007	80002668	03a91eb3	mulh	x29,x18,x26	 x18:0x00000001 x26:0x00000000 x29=0x00000000
     110115.000 ns	     11010	8000266c	02008233	mul	x4,x1,x0	  x1:0x00000000  x0:0x00000000  x4=0x00000000
     110145.000 ns	     11013	80002670	210b88d3	fsgnj.s	f17,f23,f16	 f23:0x7fc00000 f16:0x7fc00000 f17=0x7fc00000
     110165.000 ns	     11015	80002674	004519b3	sll	x19,x10,x4	 x10:0xbf800000  x4:0x00000000 x19=0xbf800000
     110175.000 ns	     11016	80002678	f80ef713	andi	x14,x29,-128	 x29:0x00000000 x14=0x00000000
     110185.000 ns	     11017	8000267c	00ea5eb3	srl	x29,x20,x14	 x20:0x00000000 x14:0x00426a99 x29=0x00000000
     110195.000 ns	     11018	80002680	01145d13	srli	x26,x8,0x11	  x8:0x80040fe4 x26=0x00004002
     110205.000 ns	     11019	80002684	001fa0b3	slt	x1,x31,x1	 x31:0x00000008  x1:0x00000000  x1=0x00000000
     110235.000 ns	     11022	80002688	10534e53	fmul.s	f28,f6,f5	  f6:0xff800000  f5:0x4f7fffff f28=0xff800000
     110255.000 ns	     11024	8000268c	cf817a13	andi	x20,x2,-776	  x2:0x00000000 x20=0x00000000
     110265.000 ns	     11025	80002690	40c8d193	srai	x3,x17,0xc	 x17:0x00000000  x3=0x00000000
     110275.000 ns	     11026	80002694	0185b4b3	sltu	x9,x11,x24	 x11:0x80041024 x24:0xffffffff  x9=0x00000001
     110295.000 ns	     11028	80002698	a19c9653	flt.s	x12,f25,f25	 f25:0x7fc00000 f25:0x7fc00000 x12=0x00000000
     110315.000 ns	     11030	8000269c	50826a97	auipc	x21,0x50826	 x21=0xd082869c
     110325.000 ns	     11031	800026a0	a2d04493	xori	x9,x0,-1491	  x0:0x00000000  x9=0xfffffa2d
     110355.000 ns	     11034	800026a4	19c9b5d3	fdiv.s	f11,f19,f28	 f19:0x47350461 f28:0xff800000 f11=0x80000000
     110695.000 ns	     11068	800026a8	188afa53	fdiv.s	f20,f21,f8	 f21:0xccc7dfd4  f8:0x44a92000 f20=0xc78937b2
     110725.000 ns	     11071	800026ac	d01b7cd3	fcvt.s.wu	f25,x22	 x22:0x00000000 f25=0x00000000
     110755.000 ns	     11074	800026b0	291a9ad3	fmax.s	f21,f21,f17	 f21:0xccc7dfd4 f17:0x7fc00000 f21=0xccc7dfd4
     110775.000 ns	     11076	800026b4	b77ab013	sltiu	x0,x21,-1161	 x21:0xd082869c
     110795.000 ns	     11078	800026b8	c01816d3	fcvt.wu.s	x13,f16	 f16:0x7fc00000 x13=0xffffffff
     110825.000 ns	     11081	800026bc	a16610d3	flt.s	x1,f12,f22	 f12:0xffc00000 f22:0x467ff800  x1=0x00000000
     110845.000 ns	     11083	800026c0	3b1d2993	slti	x19,x26,945	 x26:0x00004002 x19=0x00000000
     110855.000 ns	     11084	800026c4	00000013	addi	x0,x0,0	  x0:0x00000000
     110865.000 ns	     11085	800026c8	01c8dd93	srli	x27,x17,0x1c	 x17:0x00000000 x27=0x00000000
     110875.000 ns	     11086	800026cc	01efc233	xor	x4,x31,x30	 x31:0x00000008 x30:0x2c2e9634  x4=0x2c2e963c
     110895.000 ns	     11088	800026d0	d0070e53	fcvt.s.w	f28,x14	 x14:0x00000000 f28=0x00000000
     110925.000 ns	     11091	800026d4	a1042d53	feq.s	x26,f8,f16	  f8:0x44a92000 f16:0x7fc00000 x26=0x00000000
     111295.000 ns	     11128	800026d8	0243f4b3	remu	x9,x7,x4	  x7:0x31b22000  x4:0x2c2e963c  x9=0x058389c4
     111315.000 ns	     11130	800026dc	d4d62d93	slti	x27,x12,-691	 x12:0x00000000 x27=0x00000000
     111345.000 ns	     11133	800026e0	1022f9d3	fmul.s	f19,f5,f2	  f5:0x4f7fffff  f2:0x4cc7dfd4 f19=0x5cc7dfd3
     111365.000 ns	     11135	800026e4	fd4a0f13	addi	x30,x20,-44	 x20:0x00000000 x30=0xffffffd4
     111695.000 ns	     11168	800026e8	188421d3	fdiv.s	f3,f8,f8	  f8:0x44a92000  f8:0x44a92000  f3=0x3f683710
     111725.000 ns	     11171	800026ec	c014c753	fcvt.wu.s	x14,f9	  f9:0x7fc00000 x14=0xffffffff
     111755.000 ns	     11174	800026f0	03ad9eb3	mulh	x29,x27,x26	 x27:0x00000000 x26:0x00000000 x29=0x00000000
     111785.000 ns	     11177	800026f4	d014ff53	fcvt.s.wu	f30,x9	  x9:0x058389c4 f30=0x4cb07138
     111805.000 ns	     11179	800026f8	01e7a633	slt	x12,x15,x30	 x15:0xf9c13d14 x30:0xffffffd4 x12=0x00000001
     111815.000 ns	     11180	800026fc	41455633	sra	x12,x10,x20	 x10:0xbf800000 x20:0x00000000 x12=0xbf800000
     111825.000 ns	     11181	80002700	0d730a93	addi	x21,x6,215	  x6:0x00000000 x21=0x000000d7
     111835.000 ns	     11182	80002704	41c706b3	sub	x13,x14,x28	 x14:0xffffffff x28:0xff3827a3 x13=0x00c7d85c
     111845.000 ns	     11183	80002708	00938bb3	add	x23,x7,x9	  x7:0x31b22000  x9:0x058389c4 x23=0x3735a9c4
     111865.000 ns	     11185	8000270c	f00b8a53	fmv.w.x	f20,x23	 x23:0x00000000 f20=0x3735a9c4
     111885.000 ns	     11187	80002710	00211613	slli	x12,x2,0x2	  x2:0x00000000 x12=0x00000000
     111905.000 ns	     11189	80002714	a1628fd3	fle.s	x31,f5,f22	  f5:0x4f7fffff f22:0x467ff800 x31=0x00000000
     111935.000 ns	     11192	80002718	c00d2a53	fcvt.w.s	x20,f26	 f26:0x468a8e00 x20=0x00004547
     111965.000 ns	     11195	8000271c	28aa0cd3	fmin.s	f25,f20,f10	 f20:0x3735a9c4 f10:0xbf800000 f25=0xbf800000
     111985.000 ns	     11197	80002720	00000013	addi	x0,x0,0	  x0:0x00000000
     112005.000 ns	     11199	80002724	28021bd3	fmax.s	f23,f4,f0	  f4:0x00000000  f0:0xc6fff800 f23=0x00000000
     112025.000 ns	     11201	80002728	549d4493	xori	x9,x26,1353	 x26:0x00000000  x9=0x00000549
     112385.000 ns	     11237	8000272c	035978b3	remu	x17,x18,x21	 x18:0x00000001 x21:0x000000d7 x17=0x00000001
     112415.000 ns	     11240	80002730	d0062dd3	fcvt.s.w	f27,x12	 x12:0x00000000 f27=0x00000000
     112785.000 ns	     11277	80002734	0375ceb3	div	x29,x11,x23	 x11:0x80041024 x23:0x3735a9c4 x29=0xfffffffe
     113965.000 ns	     11395	80002738	58011553	fsqrt.s	f10,f2	  f2:0x4cc7dfd4 f10=0x461ff31f
     113985.000 ns	     11397	8000273c	017d2cb3	slt	x25,x26,x23	 x26:0x00000000 x23:0x3735a9c4 x25=0x00000001
     114345.000 ns	     11433	80002740	037e4d33	div	x26,x28,x23	 x28:0xff3827a3 x23:0x3735a9c4 x26=0x00000000
     114375.000 ns	     11436	80002744	d01e3e53	fcvt.s.wu	f28,x28	 x28:0xff3827a3 f28=0x4f7f3828
     114395.000 ns	     11438	80002748	003fa033	slt	x0,x31,x3	 x31:0x00000000  x3:0x00000000
     114405.000 ns	     11439	8000274c	809b2893	slti	x17,x22,-2039	 x22:0x00000000 x17=0x00000000
     114425.000 ns	     11441	80002750	e0048dd3	fmv.x.w	x27,f9	  f9:0x7fc00000 x27=0x7fc00000
     114455.000 ns	     11444	80002754	d0129553	fcvt.s.wu	f10,x5	  x5:0xff800000 f10=0x4f7f8000
     114485.000 ns	     11447	80002758	e00500d3	fmv.x.w	x1,f10	 f10:0x461ff31f  x1=0x4f7f8000
     114505.000 ns	     11449	8000275c	00a438b3	sltu	x17,x8,x10	  x8:0x80040fe4 x10:0xbf800000 x17=0x00000001
     114865.000 ns	     11485	80002760	0316f233	remu	x4,x13,x17	 x13:0x00c7d85c x17:0x00000000  x4=0x00000000
     114895.000 ns	     11488	80002764	e00f1153	fclass.s	x2,f30	 f30:0x4cb07138  x2=0x00000040
     114925.000 ns	     11491	80002768	21440353	fsgnj.s	f6,f8,f20	  f8:0x44a92000 f20:0x3735a9c4  f6=0x44a92000
     114965.000 ns	     11495	8000276c	580ff453	fsqrt.s	f8,f31	 f31:0xced792d9  f8=0x7fc00000
     115335.000 ns	     11532	80002770	037fe733	rem	x14,x31,x23	 x31:0x00000000 x23:0x3735a9c4 x14=0x00000000
     115365.000 ns	     11535	80002774	02a429b3	mulhsu	x19,x8,x10	  x8:0x80040fe4 x10:0xbf800000 x19=0xa04309e3
     115385.000 ns	     11537	80002778	4d07b613	sltiu	x12,x15,1232	 x15:0xf9c13d14 x12=0x00000000
     115395.000 ns	     11538	8000277c	0111feb3	and	x29,x3,x17	  x3:0x00000000 x17:0x00000001 x29=0x00000000
     115415.000 ns	     11540	80002780	a12106d3	fle.s	x13,f2,f18	  f2:0x4cc7dfd4 f18:0x00000000 x13=0x00000000
     115445.000 ns	     11543	80002784	03603733	mulhu	x14,x0,x22	  x0:0x00000000 x22:0x00000000 x14=0x00000000
     115475.000 ns	     11546	80002788	c0037653	fcvt.w.s	x12,f6	  f6:0x44a92000 x12=0x00000549
     115505.000 ns	     11549	8000278c	c01e7153	fcvt.wu.s	x2,f28	 f28:0x4f7f3828  x2=0xff382800
     115525.000 ns	     11551	80002790	ed253a17	auipc	x20,0xed253	 x20=0x6d255790
     115555.000 ns	     11554	80002794	19b77d53	fdiv.s	f26,f14,f27	 f14:0x7fc00000 f27:0x00000000 f26=0x7fc00000
     115575.000 ns	     11556	80002798	5c714893	xori	x17,x2,1479	  x2:0xff382800 x17=0xff382dc7
     115585.000 ns	     11557	8000279c	57e17313	andi	x6,x2,1406	  x2:0xff382800  x6=0x00000000
     115595.000 ns	     11558	800027a0	41da54b3	sra	x9,x20,x29	 x20:0x6d255790 x29:0x00000000  x9=0x6d255790
     115955.000 ns	     11594	800027a4	0254d8b3	divu	x17,x9,x5	  x9:0x00000549  x5:0xff800000 x17=0x00000000
     115985.000 ns	     11597	800027a8	c0052753	fcvt.w.s	x14,f10	 f10:0x4f7f8000 x14=0x7fffffff
     116005.000 ns	     11599	800027ac	009bfc33	and	x24,x23,x9	 x23:0x3735a9c4  x9:0x6d255790 x24=0x25250180
     116015.000 ns	     11600	800027b0	0057dc93	srli	x25,x15,0x5	 x15:0xf9c13d14 x25=0x07ce09e8
     116035.000 ns	     11602	800027b4	2007ae53	fsgnjx.s	f28,f15,f0	 f15:0x80000000  f0:0xc6fff800 f28=0x00000000
     116065.000 ns	     11605	800027b8	03babb33	mulhu	x22,x21,x27	 x21:0x000000d7 x27:0x7fc00000 x22=0x0000006b
     116095.000 ns	     11608	800027bc	d015f5d3	fcvt.s.wu	f11,x11	 x11:0x80041024 f11=0x4f000410
     116115.000 ns	     11610	800027c0	018273b3	and	x7,x4,x24	  x4:0x00000000 x24:0x25250180  x7=0x00000000
     116125.000 ns	     11611	800027c4	8533bb13	sltiu	x22,x7,-1965	  x7:0x31b22000 x22=0x00000001
     116135.000 ns	     11612	800027c8	01721813	slli	x16,x4,0x17	  x4:0x00000000 x16=0x00000000
     116155.000 ns	     11614	800027cc	03db48b3	div	x17,x22,x29	 x22:0x0000006b x29:0x00000000 x17=0xffffffff
     116175.000 ns	     11616	800027d0	4077da13	srai	x20,x15,0x7	 x15:0xf9c13d14 x20=0xfff3827a
     116185.000 ns	     11617	800027d4	0155a9b3	slt	x19,x11,x21	 x11:0x80041024 x21:0x000000d7 x19=0x00000001
     116195.000 ns	     11618	800027d8	003ba833	slt	x16,x23,x3	 x23:0x3735a9c4  x3:0x00000000 x16=0x00000000
     116215.000 ns	     11620	800027dc	29d105d3	fmin.s	f11,f2,f29	  f2:0x4cc7dfd4 f29:0xc67ff800 f11=0xc67ff800
     116245.000 ns	     11623	800027e0	0348bd33	mulhu	x26,x17,x20	 x17:0xffffffff x20:0xfff3827a x26=0xfff38279
     116275.000 ns	     11626	800027e4	c012ffd3	fcvt.wu.s	x31,f5	  f5:0x4f7fffff x31=0xffffff00
     116295.000 ns	     11628	800027e8	352051b7	lui	x3,0x35205	  x3=0x35205000
     116305.000 ns	     11629	800027ec	743e7f93	andi	x31,x28,1859	 x28:0xff3827a3 x31=0x00000703
     116325.000 ns	     11631	800027f0	20372153	fsgnjx.s	f2,f14,f3	 f14:0x7fc00000  f3:0x3f683710  f2=0x7fc00000
     116345.000 ns	     11633	800027f4	01a5e0b3	or	x1,x11,x26	 x11:0x80041024 x26:0xfff38279  x1=0xfff7927d
     116355.000 ns	     11634	800027f8	00ff81b3	add	x3,x31,x15	 x31:0x00000703 x15:0xf9c13d14  x3=0xf9c14417
     116395.000 ns	     11638	800027fc	09ddf5d3	fsub.s	f11,f27,f29	 f27:0x00000000 f29:0xc67ff800 f11=0x467ff800
     116415.000 ns	     11640	80002800	40c35993	srai	x19,x6,0xc	  x6:0x00000000 x19=0x00000000
     116435.000 ns	     11642	80002804	21462653	fsgnjx.s	f12,f12,f20	 f12:0xffc00000 f20:0x3735a9c4 f12=0xffc00000
     116485.000 ns	     11647	80002808	091effd3	fsub.s	f31,f29,f17	 f29:0xc67ff800 f17:0x7fc00000 f31=0x7fc00000
     116535.000 ns	     11652	8000280c	015c31d3	fadd.s	f3,f24,f21	 f24:0x7fc00000 f21:0xccc7dfd4  f3=0x7fc00000
     116905.000 ns	     11689	80002810	0371cab3	div	x21,x3,x23	  x3:0xf9c14417 x23:0x3735a9c4 x21=0x00000000
     116955.000 ns	     11694	80002814	000bca53	fadd.s	f20,f23,f0	 f23:0x00000000  f0:0xc6fff800 f20=0xc6fff800
     116985.000 ns	     11697	80002818	02330633	mul	x12,x6,x3	  x6:0x00000000  x3:0xf9c14417 x12=0x00000000
     117005.000 ns	     11699	8000281c	99fefa97	auipc	x21,0x99fef	 x21=0x19ff181c
     117025.000 ns	     11701	80002820	03742fb3	mulhsu	x31,x8,x23	  x8:0x80040fe4 x23:0x3735a9c4 x31=0xe4660b61
     117045.000 ns	     11703	80002824	40555ab3	sra	x21,x10,x5	 x10:0xbf800000  x5:0xff800000 x21=0xbf800000
     117065.000 ns	     11705	80002828	a06a26d3	feq.s	x13,f20,f6	 f20:0xc6fff800  f6:0x44a92000 x13=0x00000000
     117085.000 ns	     11707	8000282c	00c23733	sltu	x14,x4,x12	  x4:0x00000000 x12:0x00000000 x14=0x00000000
     117095.000 ns	     11708	80002830	00ec8d33	add	x26,x25,x14	 x25:0x07ce09e8 x14:0x7fffffff x26=0x07ce09e8
     117105.000 ns	     11709	80002834	00c4db93	srli	x23,x9,0xc	  x9:0x6d255790 x23=0x0006d255
     117115.000 ns	     11710	80002838	44360513	addi	x10,x12,1091	 x12:0x00000000 x10=0x00000443
     117125.000 ns	     11711	8000283c	d2f6a693	slti	x13,x13,-721	 x13:0x00000000 x13=0x00000000
     117145.000 ns	     11713	80002840	212f8a53	fsgnj.s	f20,f31,f18	 f31:0x7fc00000 f18:0x00000000 f20=0x7fc00000
     117165.000 ns	     11715	80002844	d8823097	auipc	x1,0xd8823	  x1=0x58825844
     117175.000 ns	     11716	80002848	72106713	ori	x14,x0,1825	  x0:0x00000000 x14=0x00000721
     117195.000 ns	     11718	8000284c	d00aacd3	fcvt.s.w	f25,x21	 x21:0xbf800000 f25=0xce810000
     117225.000 ns	     11721	80002850	203b13d3	fsgnjn.s	f7,f22,f3	 f22:0x467ff800  f3:0x7fc00000  f7=0xc67ff800
     117245.000 ns	     11723	80002854	35e7ca93	xori	x21,x15,862	 x15:0xf9c13d14 x21=0xf9c13e4a
     117285.000 ns	     11727	80002858	080abbd3	fsub.s	f23,f21,f0	 f21:0xccc7dfd4  f0:0xc6fff800 f23=0xccc7cfd4
     117305.000 ns	     11729	8000285c	0ec00f13	addi	x30,x0,236	  x0:0x00000000 x30=0x000000ec
     117665.000 ns	     11765	80002860	039c4d33	div	x26,x24,x25	 x24:0x25250180 x25:0x07ce09e8 x26=0x00000004
     117685.000 ns	     11767	80002864	00c10ab3	add	x21,x2,x12	  x2:0xff382800 x12:0x00000000 x21=0xff382800
     117705.000 ns	     11769	80002868	02dee233	rem	x4,x29,x13	 x29:0x00000000 x13:0x00000000  x4=0x00000000
     117725.000 ns	     11771	8000286c	00d502b3	add	x5,x10,x13	 x10:0x00000443 x13:0x00000000  x5=0x00000443
     117745.000 ns	     11773	80002870	a12d1653	flt.s	x12,f26,f18	 f26:0x7fc00000 f18:0x00000000 x12=0x00000000
     117775.000 ns	     11776	80002874	29491cd3	fmax.s	f25,f18,f20	 f18:0x00000000 f20:0x7fc00000 f25=0x00000000
     117805.000 ns	     11779	80002878	28671153	fmax.s	f2,f14,f6	 f14:0x7fc00000  f6:0x44a92000  f2=0x44a92000
     117825.000 ns	     11781	8000287c	008d7033	and	x0,x26,x8	 x26:0x00000004  x8:0x80040fe4
     118185.000 ns	     11817	80002880	02f2eeb3	rem	x29,x5,x15	  x5:0x00000443 x15:0xf9c13d14 x29=0x00000443
     118205.000 ns	     11819	80002884	13fa9b17	auipc	x22,0x13fa9	 x22=0x93fab884
     118225.000 ns	     11821	80002888	c013f2d3	fcvt.wu.s	x5,f7	  f7:0xc67ff800  x5=0x00003ffe
     118245.000 ns	     11823	8000288c	af9d2b13	slti	x22,x26,-1287	 x26:0x00000004 x22=0x00000000
     118265.000 ns	     11825	80002890	29f31ed3	fmax.s	f29,f6,f31	  f6:0x44a92000 f31:0x7fc00000 f29=0x44a92000
     118295.000 ns	     11828	80002894	f0088ad3	fmv.w.x	f21,x17	 x17:0xffffffff f21=0xffffffff
     119475.000 ns	     11946	80002898	5806f653	fsqrt.s	f12,f13	 f13:0x46491c00 f12=0x428e34ac
     119495.000 ns	     11948	8000289c	c2e17913	andi	x18,x2,-978	  x2:0xff382800 x18=0xff382800
     119515.000 ns	     11950	800028a0	032bad33	mulhsu	x26,x23,x18	 x23:0x0006d255 x18:0x00000001 x26=0x0006cd01
     119535.000 ns	     11952	800028a4	072f2113	slti	x2,x30,114	 x30:0x000000ec  x2=0x00000000
     119555.000 ns	     11954	800028a8	a1198553	fle.s	x10,f19,f17	 f19:0x5cc7dfd3 f17:0x7fc00000 x10=0x00000000
     119575.000 ns	     11956	800028ac	012cfc37	lui	x24,0x12cf	 x24=0x012cf000
     119595.000 ns	     11958	800028b0	d01af5d3	fcvt.s.wu	f11,x21	 x21:0xff382800 f11=0x4f7f3828
     119645.000 ns	     11963	800028b4	08ebffd3	fsub.s	f31,f23,f14	 f23:0xccc7cfd4 f14:0x7fc00000 f31=0x7fc00000
     119675.000 ns	     11966	800028b8	28b70b53	fmin.s	f22,f14,f11	 f14:0x7fc00000 f11:0x4f7f3828 f22=0x4f7f3828
     119705.000 ns	     11969	800028bc	024c8533	mul	x10,x25,x4	 x25:0x07ce09e8  x4:0x00000000 x10=0x00000000
     119725.000 ns	     11971	800028c0	4108d993	srai	x19,x17,0x10	 x17:0xffffffff x19=0xffffffff
     119745.000 ns	     11973	800028c4	030a5f33	divu	x30,x20,x16	 x20:0xfff3827a x16:0x00000000 x30=0xffffffff
     119765.000 ns	     11975	800028c8	0155a933	slt	x18,x11,x21	 x11:0x80041024 x21:0xff382800 x18=0x00000001
     119775.000 ns	     11976	800028cc	00d83f33	sltu	x30,x16,x13	 x16:0x00000000 x13:0x00000000 x30=0x00000000
     119805.000 ns	     11979	800028d0	112af7d3	fmul.s	f15,f21,f18	 f21:0xffffffff f18:0x00000000 f15=0x7fc00000
     119835.000 ns	     11982	800028d4	f0030753	fmv.w.x	f14,x6	  x6:0x00000000 f14=0x00000000
     119865.000 ns	     11985	800028d8	d01496d3	fcvt.s.wu	f13,x9	  x9:0x6d255790 f13=0x4eda4aaf
     119895.000 ns	     11988	800028dc	d008a4d3	fcvt.s.w	f9,x17	 x17:0xffffffff  f9=0xbf800000
     119945.000 ns	     11993	800028e0	09d9c5d3	fsub.s	f11,f19,f29	 f19:0x5cc7dfd3 f29:0x44a92000 f11=0x5cc7dfd3
     120315.000 ns	     12030	800028e4	025edfb3	divu	x31,x29,x5	 x29:0x00000443  x5:0x00003ffe x31=0x00000000
     120335.000 ns	     12032	800028e8	8b7a4b13	xori	x22,x20,-1865	 x20:0xfff3827a x22=0x000c7acd
     120365.000 ns	     12035	800028ec	193821d3	fdiv.s	f3,f16,f19	 f16:0x7fc00000 f19:0x5cc7dfd3  f3=0x7fc00000
     120385.000 ns	     12037	800028f0	3ee4c613	xori	x12,x9,1006	  x9:0x6d255790 x12=0x6d25547e
     120405.000 ns	     12039	800028f4	c013f353	fcvt.wu.s	x6,f7	  f7:0xc67ff800  x6=0x00003ffe
     120435.000 ns	     12042	800028f8	a18126d3	feq.s	x13,f2,f24	  f2:0x44a92000 f24:0x7fc00000 x13=0x00000000
     120455.000 ns	     12044	800028fc	d523c537	lui	x10,0xd523c	 x10=0xd523c000
     120465.000 ns	     12045	80002900	009a4bb3	xor	x23,x20,x9	 x20:0xfff3827a  x9:0x6d255790 x23=0x92d6d5ea
     120495.000 ns	     12048	80002904	107df2d3	fmul.s	f5,f27,f7	 f27:0x00000000  f7:0xc67ff800  f5=0x80000000
     120515.000 ns	     12050	80002908	41f78833	sub	x16,x15,x31	 x15:0xf9c13d14 x31:0x00000000 x16=0xf9c13d14
     120525.000 ns	     12051	8000290c	0113bcb3	sltu	x25,x7,x17	  x7:0x00000000 x17:0xffffffff x25=0x00000001
     120545.000 ns	     12053	80002910	f00c0f53	fmv.w.x	f30,x24	 x24:0x012cf000 f30=0x012cf000
     120575.000 ns	     12056	80002914	035b2eb3	mulhsu	x29,x22,x21	 x22:0x000c7acd x21:0xff382800 x29=0x000c710f
     120595.000 ns	     12058	80002918	0d127d93	andi	x27,x4,209	  x4:0x00000000 x27=0x00000000
     120615.000 ns	     12060	8000291c	c01812d3	fcvt.wu.s	x5,f16	 f16:0x7fc00000  x5=0xffffffff
     120645.000 ns	     12063	80002920	28409353	fmax.s	f6,f1,f4	  f1:0x80000000  f4:0x00000000  f6=0x00000000
     120665.000 ns	     12065	80002924	00d51cb3	sll	x25,x10,x13	 x10:0xd523c000 x13:0x00000000 x25=0xd523c000
     120685.000 ns	     12067	80002928	c00a1853	fcvt.w.s	x16,f20	 f20:0x7fc00000 x16=0x7fffffff
     120705.000 ns	     12069	8000292c	05def913	andi	x18,x29,93	 x29:0x000c710f x18=0x0000000d
     120715.000 ns	     12070	80002930	0e540993	addi	x19,x8,229	  x8:0x80040fe4 x19=0x800410c9
     120725.000 ns	     12071	80002934	cdb4c4b7	lui	x9,0xcdb4c	  x9=0xcdb4c000
     120745.000 ns	     12073	80002938	21c0a353	fsgnjx.s	f6,f1,f28	  f1:0x80000000 f28:0x00000000  f6=0x80000000
     120795.000 ns	     12078	8000293c	017d3f53	fadd.s	f30,f26,f23	 f26:0x7fc00000 f23:0xccc7cfd4 f30=0x7fc00000
     120815.000 ns	     12080	80002940	37bd6a93	ori	x21,x26,891	 x26:0x0006cd01 x21=0x0006cf7b
     120835.000 ns	     12082	80002944	c003f0d3	fcvt.w.s	x1,f7	  f7:0xc67ff800  x1=0x00003ffe
     120865.000 ns	     12085	80002948	03b74533	div	x10,x14,x27	 x14:0x00000721 x27:0x00000000 x10=0xffffffff
     120905.000 ns	     12089	8000294c	1072fa53	fmul.s	f20,f5,f7	  f5:0x80000000  f7:0xc67ff800 f20=0x00000000
     120935.000 ns	     12092	80002950	c00674d3	fcvt.w.s	x9,f12	 f12:0x428e34ac  x9=0x00000047
     120965.000 ns	     12095	80002954	a09a2bd3	feq.s	x23,f20,f9	 f20:0x00000000  f9:0xbf800000 x23=0x00000000
     120995.000 ns	     12098	80002958	29db9153	fmax.s	f2,f23,f29	 f23:0xccc7cfd4 f29:0x44a92000  f2=0x44a92000
     121045.000 ns	     12103	8000295c	01a6f2d3	fadd.s	f5,f13,f26	 f13:0x4eda4aaf f26:0x7fc00000  f5=0x7fc00000
     121075.000 ns	     12106	80002960	a01daa53	feq.s	x20,f27,f1	 f27:0x00000000  f1:0x80000000 x20=0x00000001
     121105.000 ns	     12109	80002964	022fd1b3	divu	x3,x31,x2	 x31:0x00000000  x2:0x00000000  x3=0xffffffff
     121135.000 ns	     12112	80002968	028b3bb3	mulhu	x23,x22,x8	 x22:0x000c7acd  x8:0x80040fe4 x23=0x00063d99
     121505.000 ns	     12149	8000296c	02f5d1b3	divu	x3,x11,x15	 x11:0x80041024 x15:0xf9c13d14  x3=0x00000000
     121525.000 ns	     12151	80002970	acfcf493	andi	x9,x25,-1329	 x25:0xd523c000  x9=0xd523c000
     121545.000 ns	     12153	80002974	291e9d53	fmax.s	f26,f29,f17	 f29:0x44a92000 f17:0x7fc00000 f26=0x44a92000
     121565.000 ns	     12155	80002978	01d3bdb3	sltu	x27,x7,x29	  x7:0x00000000 x29:0x000c710f x27=0x00000001
     121575.000 ns	     12156	8000297c	558d3d93	sltiu	x27,x26,1368	 x26:0x0006cd01 x27=0x00000000
     121595.000 ns	     12158	80002980	e0099d53	fclass.s	x26,f19	 f19:0x5cc7dfd3 x26=0x00000040
     121625.000 ns	     12161	80002984	e0079653	fclass.s	x12,f15	 f15:0x7fc00000 x12=0x00000200
     121645.000 ns	     12163	80002988	7a2dfc13	andi	x24,x27,1954	 x27:0x00000000 x24=0x00000000
     121655.000 ns	     12164	8000298c	4090db93	srai	x23,x1,0x9	  x1:0x00003ffe x23=0x0000001f
     121685.000 ns	     12167	80002990	580a4c53	fsqrt.s	f24,f20	 f20:0x00000000 f24=0x00000000
     121705.000 ns	     12169	80002994	008e1e13	slli	x28,x28,0x8	 x28:0xff3827a3 x28=0x3827a300
     121715.000 ns	     12170	80002998	fe4c6493	ori	x9,x24,-28	 x24:0x00000000  x9=0xffffffe4
     121725.000 ns	     12171	8000299c	01be5813	srli	x16,x28,0x1b	 x28:0xff3827a3 x16=0x00000007
     121735.000 ns	     12172	800029a0	40fe0933	sub	x18,x28,x15	 x28:0x3827a300 x15:0xf9c13d14 x18=0x3e6665ec
     121755.000 ns	     12174	800029a4	03de3833	mulhu	x16,x28,x29	 x28:0x3827a300 x29:0x000c710f x16=0x0002baa8
     121785.000 ns	     12177	800029a8	c00f7fd3	fcvt.w.s	x31,f30	 f30:0x7fc00000 x31=0x7fffffff
     121815.000 ns	     12180	800029ac	02033c33	mulhu	x24,x6,x0	  x6:0x00003ffe  x0:0x00000000 x24=0x00000000
     121845.000 ns	     12183	800029b0	d00338d3	fcvt.s.w	f17,x6	  x6:0x00003ffe f17=0x467ff800
     121865.000 ns	     12185	800029b4	e00c7613	andi	x12,x24,-512	 x24:0x00000000 x12=0x00000000
     121905.000 ns	     12189	800029b8	09360fd3	fsub.s	f31,f12,f19	 f12:0x428e34ac f19:0x5cc7dfd3 f31=0xdcc7dfd3
     122275.000 ns	     12226	800029bc	0300ceb3	div	x29,x1,x16	  x1:0x00003ffe x16:0x0002baa8 x29=0x00000000
     122295.000 ns	     12228	800029c0	1e724697	auipc	x13,0x1e724	 x13=0x9e7269c0
     122325.000 ns	     12231	800029c4	580205d3	fsqrt.s	f11,f4	  f4:0x00000000 f11=0x00000000
     122345.000 ns	     12233	800029c8	b4dd9d97	auipc	x27,0xb4dd9	 x27=0x34ddb9c8
     122355.000 ns	     12234	800029cc	414f5a13	srai	x20,x30,0x14	 x30:0x00000000 x20=0x00000000
     122365.000 ns	     12235	800029d0	96c06113	ori	x2,x0,-1684	  x0:0x00000000  x2=0xfffff96c
     122375.000 ns	     12236	800029d4	6fe6a193	slti	x3,x13,1790	 x13:0x9e7269c0  x3=0x00000001
     122395.000 ns	     12238	800029d8	f0088cd3	fmv.w.x	f25,x17	 x17:0xffffffff f25=0xffffffff
     122425.000 ns	     12241	800029dc	28270753	fmin.s	f14,f14,f2	 f14:0x00000000  f2:0x44a92000 f14=0x00000000
     122455.000 ns	     12244	800029e0	28800153	fmin.s	f2,f0,f8	  f0:0xc6fff800  f8:0x7fc00000  f2=0xc6fff800
     122475.000 ns	     12246	800029e4	00b99f93	slli	x31,x19,0xb	 x19:0x800410c9 x31=0x20864800
     122485.000 ns	     12247	800029e8	41125493	srai	x9,x4,0x11	  x4:0x00000000  x9=0x00000000
     122495.000 ns	     12248	800029ec	cb8ce097	auipc	x1,0xcb8ce	  x1=0x4b8d09ec
     122505.000 ns	     12249	800029f0	ff406093	ori	x1,x0,-12	  x0:0x00000000  x1=0xfffffff4
     122515.000 ns	     12250	800029f4	49127393	andi	x7,x4,1169	  x4:0x00000000  x7=0x00000000
     122525.000 ns	     12251	800029f8	00f41fb3	sll	x31,x8,x15	  x8:0x80040fe4 x15:0xf9c13d14 x31=0xfe400000
     122545.000 ns	     12253	800029fc	284a03d3	fmin.s	f7,f20,f4	 f20:0x00000000  f4:0x00000000  f7=0x00000000
     122585.000 ns	     12257	80002a00	105a7ad3	fmul.s	f21,f20,f5	 f20:0x00000000  f5:0x7fc00000 f21=0x7fc00000
     122615.000 ns	     12260	80002a04	d01eb953	fcvt.s.wu	f18,x29	 x29:0x00000000 f18=0x00000000
     122635.000 ns	     12262	80002a08	2f20f293	andi	x5,x1,754	  x1:0xfffffff4  x5=0x000002f0
     122675.000 ns	     12266	80002a0c	09290353	fsub.s	f6,f18,f18	 f18:0x00000000 f18:0x00000000  f6=0x80000000
     122725.000 ns	     12271	80002a10	00e01253	fadd.s	f4,f0,f14	  f0:0xc6fff800 f14:0x00000000  f4=0xc6fff800
     122745.000 ns	     12273	80002a14	0c6b0313	addi	x6,x22,198	 x22:0x000c7acd  x6=0x000c7b93
     122765.000 ns	     12275	80002a18	29439253	fmax.s	f4,f7,f20	  f7:0x00000000 f20:0x00000000  f4=0x00000000
     122785.000 ns	     12277	80002a1c	0080b233	sltu	x4,x1,x8	  x1:0xfffffff4  x8:0x80040fe4  x4=0x00000000
     122805.000 ns	     12279	80002a20	205c0e53	fsgnj.s	f28,f24,f5	 f24:0x00000000  f5:0x7fc00000 f28=0x00000000
     122835.000 ns	     12282	80002a24	28b78453	fmin.s	f8,f15,f11	 f15:0x7fc00000 f11:0x00000000  f8=0x00000000
     122855.000 ns	     12284	80002a28	41625733	sra	x14,x4,x22	  x4:0x00000000 x22:0x000c7acd x14=0x00000000
     122875.000 ns	     12286	80002a2c	03e9df33	divu	x30,x19,x30	 x19:0x800410c9 x30:0x00000000 x30=0xffffffff
     122905.000 ns	     12289	80002a30	a0f8a153	feq.s	x2,f17,f15	 f17:0x467ff800 f15:0x7fc00000  x2=0x00000000
     122925.000 ns	     12291	80002a34	f9d17393	andi	x7,x2,-99	  x2:0xfffff96c  x7=0x00000000
     122935.000 ns	     12292	80002a38	86ef4e93	xori	x29,x30,-1938	 x30:0xffffffff x29=0x00000791
     122945.000 ns	     12293	80002a3c	0042d9b3	srl	x19,x5,x4	  x5:0x000002f0  x4:0x00000000 x19=0x000002f0
     122965.000 ns	     12295	80002a40	d01e8053	fcvt.s.wu	f0,x29	 x29:0x00000000  f0=0x44f22000
     122995.000 ns	     12298	80002a44	02859233	mulh	x4,x11,x8	 x11:0x80041024  x8:0x80040fe4  x4=0x3ffbf00c
     123025.000 ns	     12301	80002a48	294a0dd3	fmin.s	f27,f20,f20	 f20:0x00000000 f20:0x00000000 f27=0x00000000
     123075.000 ns	     12306	80002a4c	08f97153	fsub.s	f2,f18,f15	 f18:0x00000000 f15:0x7fc00000  f2=0x7fc00000
     123105.000 ns	     12309	80002a50	f00a8d53	fmv.w.x	f26,x21	 x21:0x0006cf7b f26=0x0006cf7b
     123475.000 ns	     12346	80002a54	030bdcb3	divu	x25,x23,x16	 x23:0x0000001f x16:0x0002baa8 x25=0x00000000
     123495.000 ns	     12348	80002a58	011f54b3	srl	x9,x30,x17	 x30:0xffffffff x17:0xffffffff  x9=0x00000001
     123505.000 ns	     12349	80002a5c	00000013	addi	x0,x0,0	  x0:0x00000000
     123525.000 ns	     12351	80002a60	202d0353	fsgnj.s	f6,f26,f2	 f26:0x0006cf7b  f2:0x7fc00000  f6=0x0006cf7b
     123555.000 ns	     12354	80002a64	a0b629d3	feq.s	x19,f12,f11	 f12:0x428e34ac f11:0x00000000 x19=0x00000000
     123575.000 ns	     12356	80002a68	00cd0d33	add	x26,x26,x12	 x26:0x00000040 x12:0x00000000 x26=0x00000040
     123595.000 ns	     12358	80002a6c	c00272d3	fcvt.w.s	x5,f4	  f4:0x00000000  x5=0x00000000
     123625.000 ns	     12361	80002a70	e00b1ed3	fclass.s	x29,f22	 f22:0x4f7f3828 x29=0x00000040
     123655.000 ns	     12364	80002a74	29e29353	fmax.s	f6,f5,f30	  f5:0x7fc00000 f30:0x7fc00000  f6=0x7fc00000
     123685.000 ns	     12367	80002a78	c0104853	fcvt.wu.s	x16,f0	  f0:0x44f22000 x16=0x00000791
     123705.000 ns	     12369	80002a7c	89f7c113	xori	x2,x15,-1889	 x15:0xf9c13d14  x2=0x063ec58b
     123715.000 ns	     12370	80002a80	7cf02917	auipc	x18,0x7cf02	 x18=0xfcf04a80
     123735.000 ns	     12372	80002a84	e00c10d3	fclass.s	x1,f24	 f24:0x00000000  x1=0x00000010
     123765.000 ns	     12375	80002a88	039e2e33	mulhsu	x28,x28,x25	 x28:0x3827a300 x25:0x00000000 x28=0x00000000
     123785.000 ns	     12377	80002a8c	b0a83493	sltiu	x9,x16,-1270	 x16:0x00000791  x9=0x00000001
     123795.000 ns	     12378	80002a90	bc06ca93	xori	x21,x13,-1088	 x13:0x9e7269c0 x21=0x618d9200
     123815.000 ns	     12380	80002a94	207a0d53	fsgnj.s	f26,f20,f7	 f20:0x00000000  f7:0x00000000 f26=0x00000000
     123835.000 ns	     12382	80002a98	401e5fb3	sra	x31,x28,x1	 x28:0x00000000  x1:0x00000010 x31=0x00000000
     123845.000 ns	     12383	80002a9c	006f3933	sltu	x18,x30,x6	 x30:0xffffffff  x6:0x000c7b93 x18=0x00000000
     123855.000 ns	     12384	80002aa0	972dac13	slti	x24,x27,-1678	 x27:0x34ddb9c8 x24=0x00000000
     123875.000 ns	     12386	80002aa4	218126d3	fsgnjx.s	f13,f2,f24	  f2:0x7fc00000 f24:0x00000000 f13=0x7fc00000
     123915.000 ns	     12390	80002aa8	580ab253	fsqrt.s	f4,f21	 f21:0x7fc00000  f4=0x7fc00000
     123935.000 ns	     12392	80002aac	006136b3	sltu	x13,x2,x6	  x2:0x063ec58b  x6:0x000c7b93 x13=0x00000000
     123955.000 ns	     12394	80002ab0	a0341dd3	flt.s	x27,f8,f3	  f8:0x00000000  f3:0x7fc00000 x27=0x00000000
     123985.000 ns	     12397	80002ab4	211d0bd3	fsgnj.s	f23,f26,f17	 f26:0x00000000 f17:0x467ff800 f23=0x00000000
     124005.000 ns	     12399	80002ab8	f9d44993	xori	x19,x8,-99	  x8:0x80040fe4 x19=0x7ffbf079
     124035.000 ns	     12402	80002abc	102410d3	fmul.s	f1,f8,f2	  f8:0x00000000  f2:0x7fc00000  f1=0x7fc00000
     124065.000 ns	     12405	80002ac0	a1519d53	flt.s	x26,f3,f21	  f3:0x7fc00000 f21:0x7fc00000 x26=0x00000000
     124085.000 ns	     12407	80002ac4	0185c833	xor	x16,x11,x24	 x11:0x80041024 x24:0x00000000 x16=0x80041024
     124445.000 ns	     12443	80002ac8	024c7c33	remu	x24,x24,x4	 x24:0x00000000  x4:0x3ffbf00c x24=0x00000000
     124475.000 ns	     12446	80002acc	e00b9053	fclass.s	x0,f23	 f23:0x00000000
     124495.000 ns	     12448	80002ad0	11857313	andi	x6,x10,280	 x10:0xffffffff  x6=0x00000118
     124515.000 ns	     12450	80002ad4	d00a1053	fcvt.s.w	f0,x20	 x20:0x00000000  f0=0x00000000
     124545.000 ns	     12453	80002ad8	a1678b53	fle.s	x22,f15,f22	 f15:0x7fc00000 f22:0x4f7f3828 x22=0x00000000
     124565.000 ns	     12455	80002adc	94ed4813	xori	x16,x26,-1714	 x26:0x00000000 x16=0xfffff94e
     124595.000 ns	     12458	80002ae0	184833d3	fdiv.s	f7,f16,f4	 f16:0x7fc00000  f4:0x7fc00000  f7=0x7fc00000
     124625.000 ns	     12461	80002ae4	0265b6b3	mulhu	x13,x11,x6	 x11:0x80041024  x6:0x00000118 x13=0x0000008c
     124645.000 ns	     12463	80002ae8	41bc8333	sub	x6,x25,x27	 x25:0x00000000 x27:0x00000000  x6=0x00000000
     124665.000 ns	     12465	80002aec	c01596d3	fcvt.wu.s	x13,f11	 f11:0x00000000 x13=0x00000000
     124685.000 ns	     12467	80002af0	00575893	srli	x17,x14,0x5	 x14:0x00000000 x17=0x00000000
     124725.000 ns	     12471	80002af4	00e8f653	fadd.s	f12,f17,f14	 f17:0x467ff800 f14:0x00000000 f12=0x467ff800
     124745.000 ns	     12473	80002af8	3212c193	xori	x3,x5,801	  x5:0x00000000  x3=0x00000321
     124765.000 ns	     12475	80002afc	2127a8d3	fsgnjx.s	f17,f15,f18	 f15:0x7fc00000 f18:0x00000000 f17=0x7fc00000
     124795.000 ns	     12478	80002b00	0273f233	remu	x4,x7,x7	  x7:0x00000000  x7:0x00000000  x4=0x00000000
     124825.000 ns	     12481	80002b04	03196a33	rem	x20,x18,x17	 x18:0x00000000 x17:0x00000000 x20=0x00000000
     124855.000 ns	     12484	80002b08	e00b9753	fclass.s	x14,f23	 f23:0x00000000 x14=0x00000010
     124885.000 ns	     12487	80002b0c	a09218d3	flt.s	x17,f4,f9	  f4:0x7fc00000  f9:0xbf800000 x17=0x00000000
     124905.000 ns	     12489	80002b10	002f1c33	sll	x24,x30,x2	 x30:0xffffffff  x2:0x063ec58b x24=0xfffff800
     124925.000 ns	     12491	80002b14	287b92d3	fmax.s	f5,f23,f7	 f23:0x00000000  f7:0x7fc00000  f5=0x00000000
     124955.000 ns	     12494	80002b18	028838b3	mulhu	x17,x16,x8	 x16:0xfffff94e  x8:0x80040fe4 x17=0x80040c8a
     124975.000 ns	     12496	80002b1c	01b79c33	sll	x24,x15,x27	 x15:0xf9c13d14 x27:0x00000000 x24=0xf9c13d14
     124995.000 ns	     12498	80002b20	a1a18cd3	fle.s	x25,f3,f26	  f3:0x7fc00000 f26:0x00000000 x25=0x00000000
     125015.000 ns	     12500	80002b24	829be513	ori	x10,x23,-2007	 x23:0x0000001f x10=0xfffff83f
     125035.000 ns	     12502	80002b28	21932fd3	fsgnjx.s	f31,f6,f25	  f6:0x7fc00000 f25:0xffffffff f31=0xffc00000
     125055.000 ns	     12504	80002b2c	b3d50817	auipc	x16,0xb3d50	 x16=0x33d52b2c
     125065.000 ns	     12505	80002b30	00dc9a33	sll	x20,x25,x13	 x25:0x00000000 x13:0x00000000 x20=0x00000000
     125075.000 ns	     12506	80002b34	89866b13	ori	x22,x12,-1896	 x12:0x00000000 x22=0xfffff898
     125085.000 ns	     12507	80002b38	00243833	sltu	x16,x8,x2	  x8:0x80040fe4  x2:0x063ec58b x16=0x00000000
     125445.000 ns	     12543	80002b3c	02ec7ab3	remu	x21,x24,x14	 x24:0xf9c13d14 x14:0x00000010 x21=0x00000004
     125475.000 ns	     12546	80002b40	f0080d53	fmv.w.x	f26,x16	 x16:0x33d52b2c f26=0x00000000
     125505.000 ns	     12549	80002b44	e0048bd3	fmv.x.w	x23,f9	  f9:0xbf800000 x23=0xbf800000
     125535.000 ns	     12552	80002b48	e0048e53	fmv.x.w	x28,f9	  f9:0xbf800000 x28=0xbf800000
     125555.000 ns	     12554	80002b4c	411d8533	sub	x10,x27,x17	 x27:0x00000000 x17:0x80040c8a x10=0x7ffbf376
     125575.000 ns	     12556	80002b50	0320be33	mulhu	x28,x1,x18	  x1:0x00000010 x18:0x00000000 x28=0x00000000
     125595.000 ns	     12558	80002b54	00000013	addi	x0,x0,0	  x0:0x00000000
     125615.000 ns	     12560	80002b58	020c9633	mulh	x12,x25,x0	 x25:0x00000000  x0:0x00000000 x12=0x00000000
     125645.000 ns	     12563	80002b5c	21cc2dd3	fsgnjx.s	f27,f24,f28	 f24:0x00000000 f28:0x00000000 f27=0x00000000
     125665.000 ns	     12565	80002b60	002fc233	xor	x4,x31,x2	 x31:0x00000000  x2:0x063ec58b  x4=0x063ec58b
     125675.000 ns	     12566	80002b64	014573b3	and	x7,x10,x20	 x10:0x7ffbf376 x20:0x00000000  x7=0x00000000
     125705.000 ns	     12569	80002b68	18514353	fdiv.s	f6,f2,f5	  f2:0x7fc00000  f5:0x00000000  f6=0x7fc00000
     126075.000 ns	     12606	80002b6c	03e34db3	div	x27,x6,x30	  x6:0x00000000 x30:0xffffffff x27=0x00000000
     126095.000 ns	     12608	80002b70	01a9bf33	sltu	x30,x19,x26	 x19:0x7ffbf079 x26:0x00000000 x30=0x00000000
     126125.000 ns	     12611	80002b74	58007653	fsqrt.s	f12,f0	  f0:0x00000000 f12=0x00000000
     126155.000 ns	     12614	80002b78	0208ccb3	div	x25,x17,x0	 x17:0x80040c8a  x0:0x00000000 x25=0xffffffff
     126175.000 ns	     12616	80002b7c	36e12293	slti	x5,x2,878	  x2:0x063ec58b  x5=0x00000000
     126195.000 ns	     12618	80002b80	c00a7ed3	fcvt.w.s	x29,f20	 f20:0x00000000 x29=0x00000000
     126225.000 ns	     12621	80002b84	e0039a53	fclass.s	x20,f7	  f7:0x7fc00000 x20=0x00000200
     126245.000 ns	     12623	80002b88	0110deb3	srl	x29,x1,x17	  x1:0x00000010 x17:0x80040c8a x29=0x00000000
     126605.000 ns	     12659	80002b8c	0356e733	rem	x14,x13,x21	 x13:0x00000000 x21:0x00000004 x14=0x00000000
     126635.000 ns	     12662	80002b90	a04a9953	flt.s	x18,f21,f4	 f21:0x7fc00000  f4:0x7fc00000 x18=0x00000000
     126665.000 ns	     12665	80002b94	a03b0153	fle.s	x2,f22,f3	 f22:0x4f7f3828  f3:0x7fc00000  x2=0x00000000
     126685.000 ns	     12667	80002b98	00990a33	add	x20,x18,x9	 x18:0x00000000  x9:0x00000001 x20=0x00000001
     126715.000 ns	     12670	80002b9c	5808f153	fsqrt.s	f2,f17	 f17:0x7fc00000  f2=0x7fc00000
     126735.000 ns	     12672	80002ba0	418a06b3	sub	x13,x20,x24	 x20:0x00000200 x24:0xf9c13d14 x13=0x063ec2ed
     126745.000 ns	     12673	80002ba4	4191df13	srai	x30,x3,0x19	  x3:0x00000321 x30=0x00000000
     126785.000 ns	     12677	80002ba8	0827fcd3	fsub.s	f25,f15,f2	 f15:0x7fc00000  f2:0x7fc00000 f25=0x7fc00000
     126815.000 ns	     12680	80002bac	20841c53	fsgnjn.s	f24,f8,f8	  f8:0x00000000  f8:0x00000000 f24=0x80000000
     126835.000 ns	     12682	80002bb0	bffea113	slti	x2,x29,-1025	 x29:0x00000000  x2=0x00000000
     126855.000 ns	     12684	80002bb4	21c21653	fsgnjn.s	f12,f4,f28	  f4:0x7fc00000 f28:0x00000000 f12=0xffc00000
     126885.000 ns	     12687	80002bb8	21a22653	fsgnjx.s	f12,f4,f26	  f4:0x7fc00000 f26:0x00000000 f12=0x7fc00000
     126905.000 ns	     12689	80002bbc	41ff8a33	sub	x20,x31,x31	 x31:0x00000000 x31:0x00000000 x20=0x00000000
     126915.000 ns	     12690	80002bc0	00f8cab3	xor	x21,x17,x15	 x17:0x80040c8a x15:0xf9c13d14 x21=0x79c5319e
     126925.000 ns	     12691	80002bc4	008b4633	xor	x12,x22,x8	 x22:0xfffff898  x8:0x80040fe4 x12=0x7ffbf77c
     126945.000 ns	     12693	80002bc8	03501eb3	mulh	x29,x0,x21	  x0:0x00000000 x21:0x00000004 x29=0x00000000
     126965.000 ns	     12695	80002bcc	00de80b3	add	x1,x29,x13	 x29:0x00000000 x13:0x063ec2ed  x1=0x063ec2ed
     126985.000 ns	     12697	80002bd0	02e60533	mul	x10,x12,x14	 x12:0x7ffbf77c x14:0x00000000 x10=0x00000000
     127015.000 ns	     12700	80002bd4	28859cd3	fmax.s	f25,f11,f8	 f11:0x00000000  f8:0x00000000 f25=0x00000000
     127035.000 ns	     12702	80002bd8	004d8db3	add	x27,x27,x4	 x27:0x00000000  x4:0x063ec58b x27=0x063ec58b
     127065.000 ns	     12705	80002bdc	18f3f753	fdiv.s	f14,f7,f15	  f7:0x7fc00000 f15:0x7fc00000 f14=0x7fc00000
     127085.000 ns	     12707	80002be0	3ba00693	addi	x13,x0,954	  x0:0x00000000 x13=0x000003ba
     127095.000 ns	     12708	80002be4	01854ab3	xor	x21,x10,x24	 x10:0x00000000 x24:0xf9c13d14 x21=0xf9c13d14
     127105.000 ns	     12709	80002be8	00000013	addi	x0,x0,0	  x0:0x00000000
     127115.000 ns	     12710	80002bec	ef619097	auipc	x1,0xef619	  x1=0x6f61bbec
     127135.000 ns	     12712	80002bf0	20530253	fsgnj.s	f4,f6,f5	  f6:0x7fc00000  f5:0x00000000  f4=0x7fc00000
     127165.000 ns	     12715	80002bf4	02b30c33	mul	x24,x6,x11	  x6:0x00000000 x11:0x80041024 x24=0x00000000
     127195.000 ns	     12718	80002bf8	a05b2d53	feq.s	x26,f22,f5	 f22:0x4f7f3828  f5:0x00000000 x26=0x00000000
     127215.000 ns	     12720	80002bfc	0101e4b3	or	x9,x3,x16	  x3:0x00000321 x16:0x00000000  x9=0x00000321
     127225.000 ns	     12721	80002c00	01f54033	xor	x0,x10,x31	 x10:0x00000000 x31:0x00000000
     127245.000 ns	     12723	80002c04	02e899b3	mulh	x19,x17,x14	 x17:0x80040c8a x14:0x00000000 x19=0x00000000
     127265.000 ns	     12725	80002c08	00ea5493	srli	x9,x20,0xe	 x20:0x00000000  x9=0x00000000
     127275.000 ns	     12726	80002c0c	0119f4b3	and	x9,x19,x17	 x19:0x00000000 x17:0x80040c8a  x9=0x00000000
     127295.000 ns	     12728	80002c10	29bd93d3	fmax.s	f7,f27,f27	 f27:0x00000000 f27:0x00000000  f7=0x00000000
     127335.000 ns	     12732	80002c14	10e6b053	fmul.s	f0,f13,f14	 f13:0x7fc00000 f14:0x7fc00000  f0=0x7fc00000
     127355.000 ns	     12734	80002c18	00000013	addi	x0,x0,0	  x0:0x00000000
     127375.000 ns	     12736	80002c1c	c01142d3	fcvt.wu.s	x5,f2	  f2:0x7fc00000  x5=0xffffffff
     127405.000 ns	     12739	80002c20	d013b653	fcvt.s.wu	f12,x7	  x7:0x00000000 f12=0x00000000
     127455.000 ns	     12744	80002c24	08b0fa53	fsub.s	f20,f1,f11	  f1:0x7fc00000 f11:0x00000000 f20=0x7fc00000
     127475.000 ns	     12746	80002c28	41cb8db3	sub	x27,x23,x28	 x23:0xbf800000 x28:0x00000000 x27=0xbf800000
     127485.000 ns	     12747	80002c2c	cae5a693	slti	x13,x11,-850	 x11:0x80041024 x13=0x00000001
     127505.000 ns	     12749	80002c30	e0048753	fmv.x.w	x14,f9	  f9:0xbf800000 x14=0xbf800000
     127535.000 ns	     12752	80002c34	f0008553	fmv.w.x	f10,x1	  x1:0x6f61bbec f10=0x6f61bbec
     127555.000 ns	     12754	80002c38	00ecd333	srl	x6,x25,x14	 x25:0xffffffff x14:0xbf800000  x6=0xffffffff
     127565.000 ns	     12755	80002c3c	87c64b13	xori	x22,x12,-1924	 x12:0x7ffbf77c x22=0x80040f00
     127575.000 ns	     12756	80002c40	00976eb3	or	x29,x14,x9	 x14:0xbf800000  x9:0x00000000 x29=0xbf800000
     127585.000 ns	     12757	80002c44	0015d233	srl	x4,x11,x1	 x11:0x80041024  x1:0x6f61bbec  x4=0x00080041
     127595.000 ns	     12758	80002c48	401080b3	sub	x1,x1,x1	  x1:0x6f61bbec  x1:0x6f61bbec  x1=0x00000000
     127605.000 ns	     12759	80002c4c	7fb99997	auipc	x19,0x7fb99	 x19=0xffb9bc4c
     127625.000 ns	     12761	80002c50	a0bb01d3	fle.s	x3,f22,f11	 f22:0x4f7f3828 f11:0x00000000  x3=0x00000000
     127645.000 ns	     12763	80002c54	419a8eb3	sub	x29,x21,x25	 x21:0xf9c13d14 x25:0xffffffff x29=0xf9c13d15
     127665.000 ns	     12765	80002c58	02568333	mul	x6,x13,x5	 x13:0x00000001  x5:0xffffffff  x6=0xffffffff
     127685.000 ns	     12767	80002c5c	da764a93	xori	x21,x12,-601	 x12:0x7ffbf77c x21=0x80040adb
     127695.000 ns	     12768	80002c60	ae720a13	addi	x20,x4,-1305	  x4:0x00080041 x20=0x0007fb28
     127705.000 ns	     12769	80002c64	3e079d17	auipc	x26,0x3e079	 x26=0xbe07bc64
     127715.000 ns	     12770	80002c68	00cf7733	and	x14,x30,x12	 x30:0x00000000 x12:0x7ffbf77c x14=0x00000000
     127745.000 ns	     12773	80002c6c	19127ad3	fdiv.s	f21,f4,f17	  f4:0x7fc00000 f17:0x7fc00000 f21=0x7fc00000
     127765.000 ns	     12775	80002c70	38967013	andi	x0,x12,905	 x12:0x7ffbf77c
     127775.000 ns	     12776	80002c74	00a95713	srli	x14,x18,0xa	 x18:0x00000000 x14=0x00000000
     127795.000 ns	     12778	80002c78	283000d3	fmin.s	f1,f0,f3	  f0:0x7fc00000  f3:0x7fc00000  f1=0x7fc00000
     127825.000 ns	     12781	80002c7c	d01f0fd3	fcvt.s.wu	f31,x30	 x30:0x00000000 f31=0x00000000
     127855.000 ns	     12784	80002c80	d00e7c53	fcvt.s.w	f24,x28	 x28:0x00000000 f24=0x00000000
     127875.000 ns	     12786	80002c84	0031f6b3	and	x13,x3,x3	  x3:0x00000000  x3:0x00000000 x13=0x00000000
     127885.000 ns	     12787	80002c88	008b3333	sltu	x6,x22,x8	 x22:0x80040f00  x8:0x80040fe4  x6=0x00000001
     127915.000 ns	     12790	80002c8c	58022ed3	fsqrt.s	f29,f4	  f4:0x7fc00000 f29=0x7fc00000
     127935.000 ns	     12792	80002c90	008a5293	srli	x5,x20,0x8	 x20:0x0007fb28  x5=0x000007fb
     127955.000 ns	     12794	80002c94	03f6dab3	divu	x21,x13,x31	 x13:0x00000000 x31:0x00000000 x21=0xffffffff
     128325.000 ns	     12831	80002c98	02f7d833	divu	x16,x15,x15	 x15:0xf9c13d14 x15:0xf9c13d14 x16=0x00000001
     128345.000 ns	     12833	80002c9c	767d3513	sltiu	x10,x26,1895	 x26:0xbe07bc64 x10=0x00000000
     128385.000 ns	     12837	80002ca0	013133d3	fadd.s	f7,f2,f19	  f2:0x7fc00000 f19:0x5cc7dfd3  f7=0x7fc00000
     128415.000 ns	     12840	80002ca4	f00508d3	fmv.w.x	f17,x10	 x10:0x00000000 f17=0x00000000
     128445.000 ns	     12843	80002ca8	0236d233	divu	x4,x13,x3	 x13:0x00000000  x3:0x00000000  x4=0xffffffff
     128465.000 ns	     12845	80002cac	95cac293	xori	x5,x21,-1700	 x21:0xffffffff  x5=0x000006a3
     128485.000 ns	     12847	80002cb0	e00302d3	fmv.x.w	x5,f6	  f6:0x7fc00000  x5=0x7fc00000
     128505.000 ns	     12849	80002cb4	4144d813	srai	x16,x9,0x14	  x9:0x00000000 x16=0x00000000
     128515.000 ns	     12850	80002cb8	017e7bb3	and	x23,x28,x23	 x28:0x00000000 x23:0xbf800000 x23=0x00000000
     128525.000 ns	     12851	80002cbc	0091a733	slt	x14,x3,x9	  x3:0x00000000  x9:0x00000000 x14=0x00000000
     128545.000 ns	     12853	80002cc0	20840bd3	fsgnj.s	f23,f8,f8	  f8:0x00000000  f8:0x00000000 f23=0x00000000
     128575.000 ns	     12856	80002cc4	038fe133	rem	x2,x31,x24	 x31:0x00000000 x24:0x00000000  x2=0x00000000
     128595.000 ns	     12858	80002cc8	40665913	srai	x18,x12,0x6	 x12:0x7ffbf77c x18=0x01ffefdd
     128605.000 ns	     12859	80002ccc	c271ff17	auipc	x30,0xc271f	 x30=0x42721ccc
     128625.000 ns	     12861	80002cd0	a1f31ed3	flt.s	x29,f6,f31	  f6:0x7fc00000 f31:0x00000000 x29=0x00000000
     128645.000 ns	     12863	80002cd4	01a05493	srli	x9,x0,0x1a	  x0:0x00000000  x9=0x00000000
     128665.000 ns	     12865	80002cd8	03d52b33	mulhsu	x22,x10,x29	 x10:0x00000000 x29:0x00000000 x22=0x00000000
     128685.000 ns	     12867	80002cdc	005570b3	and	x1,x10,x5	 x10:0x00000000  x5:0x7fc00000  x1=0x00000000
     128705.000 ns	     12869	80002ce0	022e51b3	divu	x3,x28,x2	 x28:0x00000000  x2:0x00000000  x3=0xffffffff
     128735.000 ns	     12872	80002ce4	02050d33	mul	x26,x10,x0	 x10:0x00000000  x0:0x00000000 x26=0x00000000
     129105.000 ns	     12909	80002ce8	0311ccb3	div	x25,x3,x17	  x3:0xffffffff x17:0x80040c8a x25=0x00000000
     129125.000 ns	     12911	80002cec	40f05e93	srai	x29,x0,0xf	  x0:0x00000000 x29=0x00000000
     129135.000 ns	     12912	80002cf0	01afb233	sltu	x4,x31,x26	 x31:0x00000000 x26:0x00000000  x4=0x00000000
     129155.000 ns	     12914	80002cf4	218a8dd3	fsgnj.s	f27,f21,f24	 f21:0x7fc00000 f24:0x00000000 f27=0x7fc00000
     129175.000 ns	     12916	80002cf8	23d5a513	slti	x10,x11,573	 x11:0x80041024 x10=0x00000001
     129185.000 ns	     12917	80002cfc	00000013	addi	x0,x0,0	  x0:0x00000000
     129195.000 ns	     12918	80002d00	d3ec7893	andi	x17,x24,-706	 x24:0x00000000 x17=0x00000000
     129225.000 ns	     12921	80002d04	11a4ffd3	fmul.s	f31,f9,f26	  f9:0xbf800000 f26:0x00000000 f31=0x80000000
     129255.000 ns	     12924	80002d08	c017f4d3	fcvt.wu.s	x9,f15	 f15:0x7fc00000  x9=0xffffffff
     129285.000 ns	     12927	80002d0c	f0048853	fmv.w.x	f16,x9	  x9:0x00000000 f16=0xffffffff
     129315.000 ns	     12930	80002d10	21010a53	fsgnj.s	f20,f2,f16	  f2:0x7fc00000 f16:0x7fc00000 f20=0xffc00000
     129335.000 ns	     12932	80002d14	b4daec13	ori	x24,x21,-1203	 x21:0xffffffff x24=0xffffffff
     129345.000 ns	     12933	80002d18	00000013	addi	x0,x0,0	  x0:0x00000000
     129355.000 ns	     12934	80002d1c	0141a8b3	slt	x17,x3,x20	  x3:0xffffffff x20:0x0007fb28 x17=0x00000001
     129375.000 ns	     12936	80002d20	d01cccd3	fcvt.s.wu	f25,x25	 x25:0x00000000 f25=0x00000000
     129405.000 ns	     12939	80002d24	20bfa653	fsgnjx.s	f12,f31,f11	 f31:0x80000000 f11:0x00000000 f12=0x80000000
     129425.000 ns	     12941	80002d28	b011fc93	andi	x25,x3,-1279	  x3:0xffffffff x25=0xfffffb01
     129445.000 ns	     12943	80002d2c	030dbfb3	mulhu	x31,x27,x16	 x27:0xbf800000 x16:0x00000000 x31=0x00000000
     129475.000 ns	     12946	80002d30	03f00933	mul	x18,x0,x31	  x0:0x00000000 x31:0x00000000 x18=0x00000000
     129505.000 ns	     12949	80002d34	03179733	mulh	x14,x15,x17	 x15:0xf9c13d14 x17:0x00000001 x14=0xffffffff
     129535.000 ns	     12952	80002d38	a1c29753	flt.s	x14,f5,f28	  f5:0x00000000 f28:0x00000000 x14=0x00000000
     130715.000 ns	     13070	80002d3c	58051053	fsqrt.s	f0,f10	 f10:0x6f61bbec  f0=0x571f9e3a
     130745.000 ns	     13073	80002d40	e00b0053	fmv.x.w	x0,f22	 f22:0x4f7f3828
     130775.000 ns	     13076	80002d44	29b181d3	fmin.s	f3,f3,f27	  f3:0x7fc00000 f27:0x7fc00000  f3=0x7fc00000
     130805.000 ns	     13079	80002d48	c006ff53	fcvt.w.s	x30,f13	 f13:0x7fc00000 x30=0x7fffffff
     130835.000 ns	     13082	80002d4c	e00b0053	fmv.x.w	x0,f22	 f22:0x4f7f3828
     130855.000 ns	     13084	80002d50	eb313993	sltiu	x19,x2,-333	  x2:0x00000000 x19=0x00000001
     130885.000 ns	     13087	80002d54	58047453	fsqrt.s	f8,f8	  f8:0x00000000  f8=0x00000000
     130915.000 ns	     13090	80002d58	21fb90d3	fsgnjn.s	f1,f23,f31	 f23:0x00000000 f31:0x80000000  f1=0x00000000
     130935.000 ns	     13092	80002d5c	40ea5893	srai	x17,x20,0xe	 x20:0x0007fb28 x17=0x0000001f
     130945.000 ns	     13093	80002d60	00cf86b3	add	x13,x31,x12	 x31:0x00000000 x12:0x7ffbf77c x13=0x7ffbf77c
     130965.000 ns	     13095	80002d64	d00305d3	fcvt.s.w	f11,x6	  x6:0x00000001 f11=0x3f800000
     130985.000 ns	     13097	80002d68	4077dc13	srai	x24,x15,0x7	 x15:0xf9c13d14 x24=0xfff3827a
     130995.000 ns	     13098	80002d6c	1fa72513	slti	x10,x14,506	 x14:0x00000000 x10=0x00000001
     131005.000 ns	     13099	80002d70	01aa4833	xor	x16,x20,x26	 x20:0x0007fb28 x26:0x00000000 x16=0x0007fb28
     131015.000 ns	     13100	80002d74	57e2c717	auipc	x14,0x57e2c	 x14=0xd7e2ed74
     131035.000 ns	     13102	80002d78	03cda233	mulhsu	x4,x27,x28	 x27:0xbf800000 x28:0x00000000  x4=0x00000000
     131065.000 ns	     13105	80002d7c	d01cf1d3	fcvt.s.wu	f3,x25	 x25:0xfffffb01  f3=0x4f7ffffb
     131085.000 ns	     13107	80002d80	00cc1213	slli	x4,x24,0xc	 x24:0xfff3827a  x4=0x3827a000
     131445.000 ns	     13143	80002d84	02f9e1b3	rem	x3,x19,x15	 x19:0x00000001 x15:0xf9c13d14  x3=0x00000001
     131475.000 ns	     13146	80002d88	a0f39f53	flt.s	x30,f7,f15	  f7:0x7fc00000 f15:0x7fc00000 x30=0x00000000
     131505.000 ns	     13149	80002d8c	f00f8153	fmv.w.x	f2,x31	 x31:0x00000000  f2=0x00000000
     131525.000 ns	     13151	80002d90	007a7a33	and	x20,x20,x7	 x20:0x0007fb28  x7:0x00000000 x20=0x00000000
     131565.000 ns	     13155	80002d94	0151fd53	fadd.s	f26,f3,f21	  f3:0x4f7ffffb f21:0x7fc00000 f26=0x7fc00000
     131585.000 ns	     13157	80002d98	0160db13	srli	x22,x1,0x16	  x1:0x00000000 x22=0x00000000
     131605.000 ns	     13159	80002d9c	c0197d53	fcvt.wu.s	x26,f18	 f18:0x00000000 x26=0x00000000
     131625.000 ns	     13161	80002da0	016bbd33	sltu	x26,x23,x22	 x23:0x00000000 x22:0x00000000 x26=0x00000000
     131645.000 ns	     13163	80002da4	02dda1b3	mulhsu	x3,x27,x13	 x27:0xbf800000 x13:0x7ffbf77c  x3=0xdfc10425
     131675.000 ns	     13166	80002da8	d006f153	fcvt.s.w	f2,x13	 x13:0x7ffbf77c  f2=0x4efff7ee
     131695.000 ns	     13168	80002dac	405e5193	srai	x3,x28,0x5	 x28:0x00000000  x3=0x00000000
     131715.000 ns	     13170	80002db0	d008fe53	fcvt.s.w	f28,x17	 x17:0x0000001f f28=0x41f80000
     131735.000 ns	     13172	80002db4	e542bf17	auipc	x30,0xe542b	 x30=0x6542ddb4
     131755.000 ns	     13174	80002db8	d00e1bd3	fcvt.s.w	f23,x28	 x28:0x00000000 f23=0x00000000
     131785.000 ns	     13177	80002dbc	21c72ed3	fsgnjx.s	f29,f14,f28	 f14:0x7fc00000 f28:0x41f80000 f29=0x7fc00000
     131815.000 ns	     13180	80002dc0	a10d2bd3	feq.s	x23,f26,f16	 f26:0x7fc00000 f16:0xffffffff x23=0x00000000
     131845.000 ns	     13183	80002dc4	a16f8853	fle.s	x16,f31,f22	 f31:0x80000000 f22:0x4f7f3828 x16=0x00000001
     131875.000 ns	     13186	80002dc8	20ed9c53	fsgnjn.s	f24,f27,f14	 f27:0x7fc00000 f14:0x7fc00000 f24=0xffc00000
     131895.000 ns	     13188	80002dcc	41ea5513	srai	x10,x20,0x1e	 x20:0x00000000 x10=0x00000000
     131915.000 ns	     13190	80002dd0	a1cd2653	feq.s	x12,f26,f28	 f26:0x7fc00000 f28:0x41f80000 x12=0x00000000
     131935.000 ns	     13192	80002dd4	40060933	sub	x18,x12,x0	 x12:0x7ffbf77c  x0:0x00000000 x18=0x00000000
     131965.000 ns	     13195	80002dd8	11997ad3	fmul.s	f21,f18,f25	 f18:0x00000000 f25:0x00000000 f21=0x00000000
     132005.000 ns	     13199	80002ddc	10df2953	fmul.s	f18,f30,f13	 f30:0x7fc00000 f13:0x7fc00000 f18=0x7fc00000
     132025.000 ns	     13201	80002de0	6ffa7b13	andi	x22,x20,1791	 x20:0x00000000 x22=0x00000000
     132045.000 ns	     13203	80002de4	03843f33	mulhu	x30,x8,x24	  x8:0x80040fe4 x24:0xfff3827a x30=0x7ffdd0ee
     132075.000 ns	     13206	80002de8	28830c53	fmin.s	f24,f6,f8	  f6:0x7fc00000  f8:0x00000000 f24=0x00000000
     132115.000 ns	     13210	80002dec	1866a1d3	fdiv.s	f3,f13,f6	 f13:0x7fc00000  f6:0x7fc00000  f3=0x7fc00000
     132145.000 ns	     13213	80002df0	d002f2d3	fcvt.s.w	f5,x5	  x5:0x7fc00000  f5=0x4eff8000
     132165.000 ns	     13215	80002df4	00b11533	sll	x10,x2,x11	  x2:0x00000000 x11:0x80041024 x10=0x00000000
     132185.000 ns	     13217	80002df8	034233b3	mulhu	x7,x4,x20	  x4:0x3827a000 x20:0x00000000  x7=0x00000000
     132205.000 ns	     13219	80002dfc	00e3a8b3	slt	x17,x7,x14	  x7:0x00000000 x14:0xd7e2ed74 x17=0x00000000
     132245.000 ns	     13223	80002e00	002403d3	fadd.s	f7,f8,f2	  f8:0x00000000  f2:0x4efff7ee  f7=0x4efff7ee
     132285.000 ns	     13227	80002e04	19347a53	fdiv.s	f20,f8,f19	  f8:0x00000000 f19:0x5cc7dfd3 f20=0x00000000
     132305.000 ns	     13229	80002e08	017a1c93	slli	x25,x20,0x17	 x20:0x00000000 x25=0x00000000
     132325.000 ns	     13231	80002e0c	285f1e53	fmax.s	f28,f30,f5	 f30:0x7fc00000  f5:0x4eff8000 f28=0x4eff8000
     132345.000 ns	     13233	80002e10	3042ef93	ori	x31,x5,772	  x5:0x7fc00000 x31=0x7fc00304
     132365.000 ns	     13235	80002e14	e00794d3	fclass.s	x9,f15	 f15:0x7fc00000  x9=0x00000200
     132385.000 ns	     13237	80002e18	01521e93	slli	x29,x4,0x15	  x4:0x3827a000 x29=0x00000000
     132405.000 ns	     13239	80002e1c	21212753	fsgnjx.s	f14,f2,f18	  f2:0x4efff7ee f18:0x7fc00000 f14=0x4efff7ee
     132425.000 ns	     13241	80002e20	019cbe33	sltu	x28,x25,x25	 x25:0x00000000 x25:0x00000000 x28=0x00000000
     132445.000 ns	     13243	80002e24	a1492f53	feq.s	x30,f18,f20	 f18:0x7fc00000 f20:0x00000000 x30=0x00000000
     132495.000 ns	     13248	80002e28	00ff7653	fadd.s	f12,f30,f15	 f30:0x7fc00000 f15:0x7fc00000 f12=0x7fc00000
     132525.000 ns	     13251	80002e2c	e00d83d3	fmv.x.w	x7,f27	 f27:0x7fc00000  x7=0x7fc00000
     132555.000 ns	     13254	80002e30	a18a1fd3	flt.s	x31,f20,f24	 f20:0x00000000 f24:0x00000000 x31=0x00000000
     132585.000 ns	     13257	80002e34	c006f053	fcvt.w.s	x0,f13	 f13:0x7fc00000
     132605.000 ns	     13259	80002e38	00ec0a33	add	x20,x24,x14	 x24:0xfff3827a x14:0xd7e2ed74 x20=0xd7d66fee
     132625.000 ns	     13261	80002e3c	a0141553	flt.s	x10,f8,f1	  f8:0x00000000  f1:0x00000000 x10=0x00000000
     132645.000 ns	     13263	80002e40	01379f33	sll	x30,x15,x19	 x15:0xf9c13d14 x19:0x00000001 x30=0xf3827a28
     132655.000 ns	     13264	80002e44	01ea7533	and	x10,x20,x30	 x20:0xd7d66fee x30:0x00000000 x10=0xd3826a28
     132665.000 ns	     13265	80002e48	01398133	add	x2,x19,x19	 x19:0x00000001 x19:0x00000001  x2=0x00000002
     132675.000 ns	     13266	80002e4c	4bd3bd13	sltiu	x26,x7,1213	  x7:0x7fc00000 x26=0x00000000
     132695.000 ns	     13268	80002e50	03994233	div	x4,x18,x25	 x18:0x00000000 x25:0x00000000  x4=0xffffffff
     132725.000 ns	     13271	80002e54	a07f1cd3	flt.s	x25,f30,f7	 f30:0x7fc00000  f7:0x4efff7ee x25=0x00000000
     132755.000 ns	     13274	80002e58	21840fd3	fsgnj.s	f31,f8,f24	  f8:0x00000000 f24:0x00000000 f31=0x00000000
     132785.000 ns	     13277	80002e5c	d009fcd3	fcvt.s.w	f25,x19	 x19:0x00000001 f25=0x3f800000
     132805.000 ns	     13279	80002e60	e1878a93	addi	x21,x15,-488	 x15:0xf9c13d14 x21=0xf9c13b2c
     132825.000 ns	     13281	80002e64	a133abd3	feq.s	x23,f7,f19	  f7:0x4efff7ee f19:0x5cc7dfd3 x23=0x00000000
     132845.000 ns	     13283	80002e68	00bd8cb3	add	x25,x27,x11	 x27:0xbf800000 x11:0x80041024 x25=0x3f841024
     132865.000 ns	     13285	80002e6c	213ca653	fsgnjx.s	f12,f25,f19	 f25:0x3f800000 f19:0x5cc7dfd3 f12=0x3f800000
     132895.000 ns	     13288	80002e70	d0077153	fcvt.s.w	f2,x14	 x14:0xd7e2ed74  f2=0xce20744a
     132925.000 ns	     13291	80002e74	20e9aa53	fsgnjx.s	f20,f19,f14	 f19:0x5cc7dfd3 f14:0x4efff7ee f20=0x5cc7dfd3
     132955.000 ns	     13294	80002e78	03499333	mulh	x6,x19,x20	 x19:0x00000001 x20:0xd7d66fee  x6=0xffffffff
     132985.000 ns	     13297	80002e7c	03dbf833	remu	x16,x23,x29	 x23:0x00000000 x29:0x00000000 x16=0x00000000
     133005.000 ns	     13299	80002e80	007bc8b3	xor	x17,x23,x7	 x23:0x00000000  x7:0x7fc00000 x17=0x7fc00000
     133015.000 ns	     13300	80002e84	4161d493	srai	x9,x3,0x16	  x3:0x00000000  x9=0x00000000
     133025.000 ns	     13301	80002e88	06ddc2b7	lui	x5,0x6ddc	  x5=0x06ddc000
     133035.000 ns	     13302	80002e8c	014f33b3	sltu	x7,x30,x20	 x30:0xf3827a28 x20:0xd7d66fee  x7=0x00000000
     133055.000 ns	     13304	80002e90	a049a4d3	feq.s	x9,f19,f4	 f19:0x5cc7dfd3  f4:0x7fc00000  x9=0x00000000
     133085.000 ns	     13307	80002e94	d01d7b53	fcvt.s.wu	f22,x26	 x26:0x00000000 f22=0x00000000
     133105.000 ns	     13309	80002e98	013a7533	and	x10,x20,x19	 x20:0xd7d66fee x19:0x00000001 x10=0x00000000
     133115.000 ns	     13310	80002e9c	00eb1ab3	sll	x21,x22,x14	 x22:0x00000000 x14:0xd7e2ed74 x21=0x00000000
     133125.000 ns	     13311	80002ea0	00645b93	srli	x23,x8,0x6	  x8:0x80040fe4 x23=0x0200103f
     133145.000 ns	     13313	80002ea4	03ae1633	mulh	x12,x28,x26	 x28:0x00000000 x26:0x00000000 x12=0x00000000
     133165.000 ns	     13315	80002ea8	cced0217	auipc	x4,0xcced0	  x4=0x4ced2ea8
     133185.000 ns	     13317	80002eac	a1cb16d3	flt.s	x13,f22,f28	 f22:0x00000000 f28:0x4eff8000 x13=0x00000001
     133215.000 ns	     13320	80002eb0	03cc3733	mulhu	x14,x24,x28	 x24:0xfff3827a x28:0x00000000 x14=0x00000000
     133235.000 ns	     13322	80002eb4	015020b3	slt	x1,x0,x21	  x0:0x00000000 x21:0x00000000  x1=0x00000000
     133265.000 ns	     13325	80002eb8	1105ffd3	fmul.s	f31,f11,f16	 f11:0x3f800000 f16:0xffffffff f31=0x7fc00000
     133295.000 ns	     13328	80002ebc	a1b78c53	fle.s	x24,f15,f27	 f15:0x7fc00000 f27:0x7fc00000 x24=0x00000000
     133315.000 ns	     13330	80002ec0	00da2233	slt	x4,x20,x13	 x20:0xd7d66fee x13:0x00000001  x4=0x00000001
     133335.000 ns	     13332	80002ec4	038128b3	mulhsu	x17,x2,x24	  x2:0x00000002 x24:0x00000000 x17=0x00000000
     133365.000 ns	     13335	80002ec8	034596b3	mulh	x13,x11,x20	 x11:0x80041024 x20:0xd7d66fee x13=0x141424da
     133385.000 ns	     13337	80002ecc	00000013	addi	x0,x0,0	  x0:0x00000000
     133405.000 ns	     13339	80002ed0	f00a09d3	fmv.w.x	f19,x20	 x20:0xd7d66fee f19=0xd7d66fee
     133435.000 ns	     13342	80002ed4	a18e0c53	fle.s	x24,f28,f24	 f28:0x4eff8000 f24:0x00000000 x24=0x00000000
     133465.000 ns	     13345	80002ed8	d0157d53	fcvt.s.wu	f26,x10	 x10:0x00000000 f26=0x00000000
     133485.000 ns	     13347	80002edc	46956b13	ori	x22,x10,1129	 x10:0x00000000 x22=0x00000469
     133505.000 ns	     13349	80002ee0	02c626b3	mulhsu	x13,x12,x12	 x12:0x00000000 x12:0x00000000 x13=0x00000000
     133525.000 ns	     13351	80002ee4	001dfd33	and	x26,x27,x1	 x27:0xbf800000  x1:0x00000000 x26=0x00000000
     133545.000 ns	     13353	80002ee8	20770cd3	fsgnj.s	f25,f14,f7	 f14:0x4efff7ee  f7:0x4efff7ee f25=0x4efff7ee
     133565.000 ns	     13355	80002eec	aa37be93	sltiu	x29,x15,-1373	 x15:0xf9c13d14 x29=0x00000001
     133585.000 ns	     13357	80002ef0	02ee3eb3	mulhu	x29,x28,x14	 x28:0x00000000 x14:0x00000000 x29=0x00000000
     133615.000 ns	     13360	80002ef4	d00c7dd3	fcvt.s.w	f27,x24	 x24:0x00000000 f27=0x00000000
     133645.000 ns	     13363	80002ef8	e00a92d3	fclass.s	x5,f21	 f21:0x00000000  x5=0x00000010
     133665.000 ns	     13365	80002efc	90512813	slti	x16,x2,-1787	  x2:0x00000002 x16=0x00000000
     133685.000 ns	     13367	80002f00	e00f9853	fclass.s	x16,f31	 f31:0x7fc00000 x16=0x00000200
     134055.000 ns	     13404	80002f04	0257d333	divu	x6,x15,x5	 x15:0xf9c13d14  x5:0x00000010  x6=0x0f9c13d1
     134075.000 ns	     13406	80002f08	0025e9b3	or	x19,x11,x2	 x11:0x80041024  x2:0x00000002 x19=0x80041026
     134085.000 ns	     13407	80002f0c	0042f533	and	x10,x5,x4	  x5:0x00000010  x4:0x00000001 x10=0x00000000
     135255.000 ns	     13524	80002f10	58074fd3	fsqrt.s	f31,f14	 f14:0x4efff7ee f31=0x473501d1
     135295.000 ns	     13528	80002f14	10bf9053	fmul.s	f0,f31,f11	 f31:0x7fc00000 f11:0x3f800000  f0=0x473501d1
     135325.000 ns	     13531	80002f18	031f42b3	div	x5,x30,x17	 x30:0xf3827a28 x17:0x00000000  x5=0xffffffff
     135345.000 ns	     13533	80002f1c	016bf9b3	and	x19,x23,x22	 x23:0x0200103f x22:0x00000469 x19=0x00000029
     135355.000 ns	     13534	80002f20	00000013	addi	x0,x0,0	  x0:0x00000000
     135375.000 ns	     13536	80002f24	d01d3f53	fcvt.s.wu	f30,x26	 x26:0x00000000 f30=0x00000000
     135395.000 ns	     13538	80002f28	40ed5a13	srai	x20,x26,0xe	 x26:0x00000000 x20=0x00000000
     135415.000 ns	     13540	80002f2c	d01dc553	fcvt.s.wu	f10,x27	 x27:0xbf800000 f10=0x4f3f8000
     135455.000 ns	     13544	80002f30	10941e53	fmul.s	f28,f8,f9	  f8:0x00000000  f9:0xbf800000 f28=0x80000000
     135485.000 ns	     13547	80002f34	a1788353	fle.s	x6,f17,f23	 f17:0x00000000 f23:0x00000000  x6=0x00000001
     135515.000 ns	     13550	80002f38	03df0eb3	mul	x29,x30,x29	 x30:0xf3827a28 x29:0x00000000 x29=0x00000000
     135535.000 ns	     13552	80002f3c	82f9b913	sltiu	x18,x19,-2001	 x19:0x00000029 x18=0x00000001
     135555.000 ns	     13554	80002f40	20cba8d3	fsgnjx.s	f17,f23,f12	 f23:0x00000000 f12:0x3f800000 f17=0x00000000
     135585.000 ns	     13557	80002f44	297c1dd3	fmax.s	f27,f24,f23	 f24:0x00000000 f23:0x00000000 f27=0x00000000
     135605.000 ns	     13559	80002f48	00925b13	srli	x22,x4,0x9	  x4:0x00000001 x22=0x00000000
     135615.000 ns	     13560	80002f4c	40d35613	srai	x12,x6,0xd	  x6:0x00000001 x12=0x00000000
     135625.000 ns	     13561	80002f50	00585493	srli	x9,x16,0x5	 x16:0x00000200  x9=0x00000010
     135635.000 ns	     13562	80002f54	019d9c93	slli	x25,x27,0x19	 x27:0xbf800000 x25=0x00000000
     135655.000 ns	     13564	80002f58	f00e03d3	fmv.w.x	f7,x28	 x28:0x00000000  f7=0x00000000
     135675.000 ns	     13566	80002f5c	17a53237	lui	x4,0x17a53	  x4=0x17a53000
     135685.000 ns	     13567	80002f60	016b86b3	add	x13,x23,x22	 x23:0x0200103f x22:0x00000000 x13=0x0200103f
     135695.000 ns	     13568	80002f64	d7d09f97	auipc	x31,0xd7d09	 x31=0x57d0bf64
     135735.000 ns	     13572	80002f68	0184f8d3	fadd.s	f17,f9,f24	  f9:0xbf800000 f24:0x00000000 f17=0xbf800000
     135755.000 ns	     13574	80002f6c	00d19313	slli	x6,x3,0xd	  x3:0x00000000  x6=0x00000000
     135775.000 ns	     13576	80002f70	289e0753	fmin.s	f14,f28,f9	 f28:0x80000000  f9:0xbf800000 f14=0xbf800000
     135805.000 ns	     13579	80002f74	020399b3	mulh	x19,x7,x0	  x7:0x00000000  x0:0x00000000 x19=0x00000000
     135835.000 ns	     13582	80002f78	d0199653	fcvt.s.wu	f12,x19	 x19:0x00000029 f12=0x00000000
     135865.000 ns	     13585	80002f7c	03c28233	mul	x4,x5,x28	  x5:0xffffffff x28:0x00000000  x4=0x00000000
     135885.000 ns	     13587	80002f80	40008833	sub	x16,x1,x0	  x1:0x00000000  x0:0x00000000 x16=0x00000000
     135905.000 ns	     13589	80002f84	e00096d3	fclass.s	x13,f1	  f1:0x00000000 x13=0x00000010
     135935.000 ns	     13592	80002f88	033a2cb3	mulhsu	x25,x20,x19	 x20:0x00000000 x19:0x00000000 x25=0x00000000
     135965.000 ns	     13595	80002f8c	020dfdb3	remu	x27,x27,x0	 x27:0xbf800000  x0:0x00000000 x27=0xbf800000
     135995.000 ns	     13598	80002f90	a0152953	feq.s	x18,f10,f1	 f10:0x4f3f8000  f1:0x00000000 x18=0x00000000
     136015.000 ns	     13600	80002f94	0040d393	srli	x7,x1,0x4	  x1:0x00000000  x7=0x00000000
     136025.000 ns	     13601	80002f98	001bda13	srli	x20,x23,0x1	 x23:0x0200103f x20=0x0100081f
     136045.000 ns	     13603	80002f9c	03d3cb33	div	x22,x7,x29	  x7:0x00000000 x29:0x00000000 x22=0xffffffff
     136075.000 ns	     13606	80002fa0	c013f553	fcvt.wu.s	x10,f7	  f7:0x00000000 x10=0x00000000
     136095.000 ns	     13608	80002fa4	400b5a93	srai	x21,x22,0x0	 x22:0xffffffff x21=0xffffffff
     136135.000 ns	     13612	80002fa8	09a902d3	fsub.s	f5,f18,f26	 f18:0x7fc00000 f26:0x00000000  f5=0x7fc00000
     136165.000 ns	     13615	80002fac	a09daf53	feq.s	x30,f27,f9	 f27:0x00000000  f9:0xbf800000 x30=0x00000000
     136185.000 ns	     13617	80002fb0	7529b997	auipc	x19,0x7529b	 x19=0xf529dfb0
     136205.000 ns	     13619	80002fb4	e00d1b53	fclass.s	x22,f26	 f26:0x00000000 x22=0x00000010
     136235.000 ns	     13622	80002fb8	031469b3	rem	x19,x8,x17	  x8:0x80040fe4 x17:0x00000000 x19=0x80040fe4
     136265.000 ns	     13625	80002fbc	2022a7d3	fsgnjx.s	f15,f5,f2	  f5:0x7fc00000  f2:0xce20744a f15=0xffc00000
     136285.000 ns	     13627	80002fc0	53096fb7	lui	x31,0x53096	 x31=0x53096000
     136305.000 ns	     13629	80002fc4	038714b3	mulh	x9,x14,x24	 x14:0x00000000 x24:0x00000000  x9=0x00000000
     136645.000 ns	     13663	80002fc8	194a3e53	fdiv.s	f28,f20,f20	 f20:0x5cc7dfd3 f20:0x5cc7dfd3 f28=0x3f47dfd4
     136675.000 ns	     13666	80002fcc	e00f1a53	fclass.s	x20,f30	 f30:0x00000000 x20=0x00000010
     136695.000 ns	     13668	80002fd0	1b8c8713	addi	x14,x25,440	 x25:0x00000000 x14=0x000001b8
     136725.000 ns	     13671	80002fd4	1877f853	fdiv.s	f16,f15,f7	 f15:0xffc00000  f7:0x00000000 f16=0x7fc00000
     136755.000 ns	     13674	80002fd8	03ea9533	mulh	x10,x21,x30	 x21:0xffffffff x30:0x00000000 x10=0x00000000
     136775.000 ns	     13676	80002fdc	018dbb33	sltu	x22,x27,x24	 x27:0xbf800000 x24:0x00000000 x22=0x00000000
     137105.000 ns	     13709	80002fe0	19cff153	fdiv.s	f2,f31,f28	 f31:0x473501d1 f28:0x3f47dfd4  f2=0x4767d512
     137135.000 ns	     13712	80002fe4	02cef133	remu	x2,x29,x12	 x29:0x00000000 x12:0x00000000  x2=0x00000000
     137165.000 ns	     13715	80002fe8	20109153	fsgnjn.s	f2,f1,f1	  f1:0x00000000  f1:0x00000000  f2=0x80000000
     137185.000 ns	     13717	80002fec	00000013	addi	x0,x0,0	  x0:0x00000000
     137195.000 ns	     13718	80002ff0	4087dcb3	sra	x25,x15,x8	 x15:0xf9c13d14  x8:0x80040fe4 x25=0xff9c13d1
     137205.000 ns	     13719	80002ff4	011b1013	slli	x0,x22,0x11	 x22:0x00000000
     137225.000 ns	     13721	80002ff8	a1949153	flt.s	x2,f9,f25	  f9:0xbf800000 f25:0x4efff7ee  x2=0x00000001
     137255.000 ns	     13724	80002ffc	02a59b33	mulh	x22,x11,x10	 x11:0x80041024 x10:0x00000000 x22=0x00000000
     137285.000 ns	     13727	80003000	03951733	mulh	x14,x10,x25	 x10:0x00000000 x25:0xff9c13d1 x14=0x00000000
     137315.000 ns	     13730	80003004	a0f70053	fle.s	x0,f14,f15	 f14:0xbf800000 f15:0xffc00000
     137345.000 ns	     13733	80003008	d01a44d3	fcvt.s.wu	f9,x20	 x20:0x00000010  f9=0x41800000
     137375.000 ns	     13736	8000300c	21db8753	fsgnj.s	f14,f23,f29	 f23:0x00000000 f29:0x7fc00000 f14=0x00000000
     137395.000 ns	     13738	80003010	0144f8b3	and	x17,x9,x20	  x9:0x00000000 x20:0x00000010 x17=0x00000000
     137415.000 ns	     13740	80003014	02118eb3	mul	x29,x3,x1	  x3:0x00000000  x1:0x00000000 x29=0x00000000
     137435.000 ns	     13742	80003018	01f7fd33	and	x26,x15,x31	 x15:0xf9c13d14 x31:0x53096000 x26=0x51012000
     137455.000 ns	     13744	8000301c	28b70153	fmin.s	f2,f14,f11	 f14:0x00000000 f11:0x3f800000  f2=0x00000000
     137485.000 ns	     13747	80003020	e0090553	fmv.x.w	x10,f18	 f18:0x7fc00000 x10=0x7fc00000
     137505.000 ns	     13749	80003024	40778e33	sub	x28,x15,x7	 x15:0xf9c13d14  x7:0x00000000 x28=0xf9c13d14
     137865.000 ns	     13785	80003028	0226cdb3	div	x27,x13,x2	 x13:0x00000010  x2:0x00000001 x27=0x00000010
     137885.000 ns	     13787	8000302c	74b52c93	slti	x25,x10,1867	 x10:0x7fc00000 x25=0x00000000
     137915.000 ns	     13790	80003030	11ad89d3	fmul.s	f19,f27,f26	 f27:0x00000000 f26:0x00000000 f19=0x00000000
     137945.000 ns	     13793	80003034	a11f2fd3	feq.s	x31,f30,f17	 f30:0x00000000 f17:0xbf800000 x31=0x00000000
     137975.000 ns	     13796	80003038	282a12d3	fmax.s	f5,f20,f2	 f20:0x5cc7dfd3  f2:0x00000000  f5=0x5cc7dfd3
     138005.000 ns	     13799	8000303c	29ec0b53	fmin.s	f22,f24,f30	 f24:0x00000000 f30:0x00000000 f22=0x00000000
     138035.000 ns	     13802	80003040	03165333	divu	x6,x12,x17	 x12:0x00000000 x17:0x00000000  x6=0xffffffff
     138055.000 ns	     13804	80003044	00000013	addi	x0,x0,0	  x0:0x00000000
     138065.000 ns	     13805	80003048	13707a93	andi	x21,x0,311	  x0:0x00000000 x21=0x00000000
     138085.000 ns	     13807	8000304c	203e0a53	fsgnj.s	f20,f28,f3	 f28:0x3f47dfd4  f3:0x7fc00000 f20=0x3f47dfd4
     138105.000 ns	     13809	80003050	00361633	sll	x12,x12,x3	 x12:0x00000000  x3:0x00000000 x12=0x00000000
     138115.000 ns	     13810	80003054	006abcb3	sltu	x25,x21,x6	 x21:0x00000000  x6:0xffffffff x25=0x00000001
     138475.000 ns	     13846	80003058	037ef6b3	remu	x13,x29,x23	 x29:0x00000000 x23:0x0200103f x13=0x00000000
     138525.000 ns	     13851	8000305c	00a44fd3	fadd.s	f31,f8,f10	  f8:0x00000000 f10:0x4f3f8000 f31=0x4f3f8000
     138545.000 ns	     13853	80003060	01629e13	slli	x28,x5,0x16	  x5:0xffffffff x28=0xffc00000
     138555.000 ns	     13854	80003064	2a082b13	slti	x22,x16,672	 x16:0x00000000 x22=0x00000001
     138575.000 ns	     13856	80003068	21c00153	fsgnj.s	f2,f0,f28	  f0:0x473501d1 f28:0x3f47dfd4  f2=0x473501d1
     138605.000 ns	     13859	8000306c	030eb4b3	mulhu	x9,x29,x16	 x29:0x00000000 x16:0x00000000  x9=0x00000000
     138625.000 ns	     13861	80003070	01023533	sltu	x10,x4,x16	  x4:0x00000000 x16:0x00000000 x10=0x00000000
     138635.000 ns	     13862	80003074	c6977b93	andi	x23,x14,-919	 x14:0x00000000 x23=0x00000000
     138655.000 ns	     13864	80003078	d00b48d3	fcvt.s.w	f17,x22	 x22:0x00000001 f17=0x3f800000
     138675.000 ns	     13866	8000307c	01d731b3	sltu	x3,x14,x29	 x14:0x00000000 x29:0x00000000  x3=0x00000000
     139035.000 ns	     13902	80003080	033b5f33	divu	x30,x22,x19	 x22:0x00000001 x19:0x80040fe4 x30=0x00000000
     139065.000 ns	     13905	80003084	a0f49a53	flt.s	x20,f9,f15	  f9:0x41800000 f15:0xffc00000 x20=0x00000000
     139115.000 ns	     13910	80003088	01e74c53	fadd.s	f24,f14,f30	 f14:0x00000000 f30:0x00000000 f24=0x00000000
     139135.000 ns	     13912	8000308c	01cc93b3	sll	x7,x25,x28	 x25:0x00000001 x28:0xffc00000  x7=0x00000001
     139155.000 ns	     13914	80003090	a1d584d3	fle.s	x9,f11,f29	 f11:0x3f800000 f29:0x7fc00000  x9=0x00000000
     139185.000 ns	     13917	80003094	214689d3	fsgnj.s	f19,f13,f20	 f13:0x7fc00000 f20:0x3f47dfd4 f19=0x7fc00000
     139205.000 ns	     13919	80003098	412b5db3	sra	x27,x22,x18	 x22:0x00000001 x18:0x00000000 x27=0x00000001
     139225.000 ns	     13921	8000309c	285e8ed3	fmin.s	f29,f29,f5	 f29:0x7fc00000  f5:0x5cc7dfd3 f29=0x5cc7dfd3
     139245.000 ns	     13923	800030a0	ce888993	addi	x19,x17,-792	 x17:0x00000000 x19=0xfffffce8
     139265.000 ns	     13925	800030a4	208f95d3	fsgnjn.s	f11,f31,f8	 f31:0x4f3f8000  f8:0x00000000 f11=0xcf3f8000
     139295.000 ns	     13928	800030a8	d0070553	fcvt.s.w	f10,x14	 x14:0x00000000 f10=0x00000000
     139315.000 ns	     13930	800030ac	00000013	addi	x0,x0,0	  x0:0x00000000
     139325.000 ns	     13931	800030b0	41fb84b3	sub	x9,x23,x31	 x23:0x00000000 x31:0x00000000  x9=0x00000000
     139335.000 ns	     13932	800030b4	015788b3	add	x17,x15,x21	 x15:0xf9c13d14 x21:0x00000000 x17=0xf9c13d14
     139355.000 ns	     13934	800030b8	a15780d3	fle.s	x1,f15,f21	 f15:0xffc00000 f21:0x00000000  x1=0x00000000
     139385.000 ns	     13937	800030bc	03f2bb33	mulhu	x22,x5,x31	  x5:0xffffffff x31:0x00000000 x22=0x00000000
     139405.000 ns	     13939	800030c0	06063813	sltiu	x16,x12,96	 x12:0x00000000 x16=0x00000001
     139425.000 ns	     13941	800030c4	21132fd3	fsgnjx.s	f31,f6,f17	  f6:0x7fc00000 f17:0x3f800000 f31=0x7fc00000
     139445.000 ns	     13943	800030c8	f33f7693	andi	x13,x30,-205	 x30:0x00000000 x13=0x00000000
     139475.000 ns	     13946	800030cc	10bdbdd3	fmul.s	f27,f27,f11	 f27:0x00000000 f11:0xcf3f8000 f27=0x80000000
     139505.000 ns	     13949	800030d0	e00c18d3	fclass.s	x17,f24	 f24:0x00000000 x17=0x00000010
     139525.000 ns	     13951	800030d4	9d852b13	slti	x22,x10,-1576	 x10:0x00000000 x22=0x00000000
     139545.000 ns	     13953	800030d8	034a1b33	mulh	x22,x20,x20	 x20:0x00000000 x20:0x00000000 x22=0x00000000
     139575.000 ns	     13956	800030dc	c012f753	fcvt.wu.s	x14,f5	  f5:0x5cc7dfd3 x14=0xffffffff
     139605.000 ns	     13959	800030e0	032fda33	divu	x20,x31,x18	 x31:0x00000000 x18:0x00000000 x20=0xffffffff
     140785.000 ns	     14077	800030e4	580a7fd3	fsqrt.s	f31,f20	 f20:0x3f47dfd4 f31=0x3f0d551a
     140815.000 ns	     14080	800030e8	29f00253	fmin.s	f4,f0,f31	  f0:0x473501d1 f31:0x7fc00000  f4=0x3f0d551a
     140835.000 ns	     14082	800030ec	c9521c97	auipc	x25,0xc9521	 x25=0x495240ec
     140855.000 ns	     14084	800030f0	20408ad3	fsgnj.s	f21,f1,f4	  f1:0x00000000  f4:0x3f0d551a f21=0x00000000
     140885.000 ns	     14087	800030f4	d008ca53	fcvt.s.w	f20,x17	 x17:0x00000010 f20=0x41800000
     140905.000 ns	     14089	800030f8	00808133	add	x2,x1,x8	  x1:0x00000000  x8:0x80040fe4  x2=0x80040fe4
     140915.000 ns	     14090	800030fc	41373293	sltiu	x5,x14,1043	 x14:0xffffffff  x5=0x00000000
     141275.000 ns	     14126	80003100	039d7a33	remu	x20,x26,x25	 x26:0x51012000 x25:0x495240ec x20=0x07aedf14
     141295.000 ns	     14128	80003104	9d97b613	sltiu	x12,x15,-1575	 x15:0xf9c13d14 x12=0x00000001
     141315.000 ns	     14130	80003108	d01b08d3	fcvt.s.wu	f17,x22	 x22:0x00000000 f17=0x00000000
     141335.000 ns	     14132	8000310c	4199ddb3	sra	x27,x19,x25	 x19:0xfffffce8 x25:0x495240ec x27=0xffffffff
     141345.000 ns	     14133	80003110	4060d033	sra	x0,x1,x6	  x1:0x00000000  x6:0xffffffff
     141365.000 ns	     14135	80003114	c018a3d3	fcvt.wu.s	x7,f17	 f17:0x00000000  x7=0x00000000
     141395.000 ns	     14138	80003118	28268953	fmin.s	f18,f13,f2	 f13:0x7fc00000  f2:0x473501d1 f18=0x473501d1
     141415.000 ns	     14140	8000311c	40775b13	srai	x22,x14,0x7	 x14:0xffffffff x22=0xffffffff
     141425.000 ns	     14141	80003120	00bb09b3	add	x19,x22,x11	 x22:0x00000000 x11:0x80041024 x19=0x80041023
     141445.000 ns	     14143	80003124	28cb99d3	fmax.s	f19,f23,f12	 f23:0x00000000 f12:0x00000000 f19=0x00000000
     141465.000 ns	     14145	80003128	008b5eb3	srl	x29,x22,x8	 x22:0xffffffff  x8:0x80040fe4 x29=0x0fffffff
     141475.000 ns	     14146	8000312c	4ca47c93	andi	x25,x8,1226	  x8:0x80040fe4 x25=0x000004c0
     141485.000 ns	     14147	80003130	0146bdb3	sltu	x27,x13,x20	 x13:0x00000000 x20:0x07aedf14 x27=0x00000001
     141815.000 ns	     14180	80003134	18058953	fdiv.s	f18,f11,f0	 f11:0xcf3f8000  f0:0x473501d1 f18=0xc754605e
     141835.000 ns	     14182	80003138	955cba13	sltiu	x20,x25,-1707	 x25:0x000004c0 x20=0x00000001
     141855.000 ns	     14184	8000313c	20200553	fsgnj.s	f10,f0,f2	  f0:0x473501d1  f2:0x473501d1 f10=0x473501d1
     141875.000 ns	     14186	80003140	4188dd13	srai	x26,x17,0x18	 x17:0x00000010 x26=0x00000000
     141905.000 ns	     14189	80003144	11ff7ad3	fmul.s	f21,f30,f31	 f30:0x00000000 f31:0x3f0d551a f21=0x00000000
     141935.000 ns	     14192	80003148	21681bd3	fsgnjn.s	f23,f16,f22	 f16:0x7fc00000 f22:0x00000000 f23=0xffc00000
     142305.000 ns	     14229	8000314c	0341c633	div	x12,x3,x20	  x3:0x00000000 x20:0x00000001 x12=0x00000000
     142325.000 ns	     14231	80003150	a3557193	andi	x3,x10,-1483	 x10:0x00000000  x3=0x00000000
     142345.000 ns	     14233	80003154	e00910d3	fclass.s	x1,f18	 f18:0xc754605e  x1=0x00000002
     142365.000 ns	     14235	80003158	765d3b13	sltiu	x22,x26,1893	 x26:0x00000000 x22=0x00000001
     142385.000 ns	     14237	8000315c	e0049353	fclass.s	x6,f9	  f9:0x41800000  x6=0x00000040
     142405.000 ns	     14239	80003160	40cf82b3	sub	x5,x31,x12	 x31:0x00000000 x12:0x00000000  x5=0x00000000
     142425.000 ns	     14241	80003164	200d9953	fsgnjn.s	f18,f27,f0	 f27:0x80000000  f0:0x473501d1 f18=0x80000000
     142445.000 ns	     14243	80003168	40acd3b3	sra	x7,x25,x10	 x25:0x000004c0 x10:0x00000000  x7=0x000004c0
     142455.000 ns	     14244	8000316c	8aa9ff93	andi	x31,x19,-1878	 x19:0x80041023 x31=0x80041022
     142475.000 ns	     14246	80003170	e00f9853	fclass.s	x16,f31	 f31:0x3f0d551a x16=0x00000040
     142525.000 ns	     14251	80003174	09267a53	fsub.s	f20,f12,f18	 f12:0x00000000 f18:0x80000000 f20=0x00000000
     142555.000 ns	     14254	80003178	2094a1d3	fsgnjx.s	f3,f9,f9	  f9:0x41800000  f9:0x41800000  f3=0x41800000
     142575.000 ns	     14256	8000317c	014c26b3	slt	x13,x24,x20	 x24:0x00000000 x20:0x00000001 x13=0x00000001
     142585.000 ns	     14257	80003180	00e951b3	srl	x3,x18,x14	 x18:0x00000000 x14:0xffffffff  x3=0x00000000
     142605.000 ns	     14259	80003184	2170a353	fsgnjx.s	f6,f1,f23	  f1:0x00000000 f23:0xffc00000  f6=0x80000000
     142625.000 ns	     14261	80003188	0199a233	slt	x4,x19,x25	 x19:0x80041023 x25:0x000004c0  x4=0x00000001
     142635.000 ns	     14262	8000318c	01067ab3	and	x21,x12,x16	 x12:0x00000000 x16:0x00000040 x21=0x00000000
     142665.000 ns	     14265	80003190	5806f2d3	fsqrt.s	f5,f13	 f13:0x7fc00000  f5=0x7fc00000
     142715.000 ns	     14270	80003194	00c53253	fadd.s	f4,f10,f12	 f10:0x473501d1 f12:0x00000000  f4=0x473501d1
     142745.000 ns	     14273	80003198	20a12fd3	fsgnjx.s	f31,f2,f10	  f2:0x473501d1 f10:0x473501d1 f31=0x473501d1
     142775.000 ns	     14276	8000319c	21cf18d3	fsgnjn.s	f17,f30,f28	 f30:0x00000000 f28:0x3f47dfd4 f17=0x80000000
     142805.000 ns	     14279	800031a0	29f69a53	fmax.s	f20,f13,f31	 f13:0x7fc00000 f31:0x473501d1 f20=0x473501d1
     142845.000 ns	     14283	800031a4	18239a53	fdiv.s	f20,f7,f2	  f7:0x00000000  f2:0x473501d1 f20=0x00000000
     142865.000 ns	     14285	800031a8	01c25913	srli	x18,x4,0x1c	  x4:0x00000001 x18=0x00000000
     142875.000 ns	     14286	800031ac	012818b3	sll	x17,x16,x18	 x16:0x00000040 x18:0x00000000 x17=0x00000040
     142895.000 ns	     14288	800031b0	28030f53	fmin.s	f30,f6,f0	  f6:0x80000000  f0:0x473501d1 f30=0x80000000
     142935.000 ns	     14292	800031b4	101126d3	fmul.s	f13,f2,f1	  f2:0x473501d1  f1:0x00000000 f13=0x00000000
     142955.000 ns	     14294	800031b8	08e26f13	ori	x30,x4,142	  x4:0x00000001 x30=0x0000008f
     142965.000 ns	     14295	800031bc	01fbffb3	and	x31,x23,x31	 x23:0x00000000 x31:0x80041022 x31=0x00000000
     142975.000 ns	     14296	800031c0	7f544c97	auipc	x25,0x7f544	 x25=0xff5471c0
     142985.000 ns	     14297	800031c4	00000013	addi	x0,x0,0	  x0:0x00000000
     143005.000 ns	     14299	800031c8	028e2233	mulhsu	x4,x28,x8	 x28:0xffc00000  x8:0x80040fe4  x4=0xffdffefc
     143025.000 ns	     14301	800031cc	6b42a313	slti	x6,x5,1716	  x5:0x00000000  x6=0x00000001
     143045.000 ns	     14303	800031d0	a18c2f53	feq.s	x30,f24,f24	 f24:0x00000000 f24:0x00000000 x30=0x00000001
     143065.000 ns	     14305	800031d4	00a3eeb3	or	x29,x7,x10	  x7:0x000004c0 x10:0x00000000 x29=0x000004c0
     143085.000 ns	     14307	800031d8	03a7a933	mulhsu	x18,x15,x26	 x15:0xf9c13d14 x26:0x00000000 x18=0x00000000
     143115.000 ns	     14310	800031dc	e00b1fd3	fclass.s	x31,f22	 f22:0x00000000 x31=0x00000010
     143145.000 ns	     14313	800031e0	29849b53	fmax.s	f22,f9,f24	  f9:0x41800000 f24:0x00000000 f22=0x41800000
     143165.000 ns	     14315	800031e4	00429a13	slli	x20,x5,0x4	  x5:0x00000000 x20=0x00000000
     143185.000 ns	     14317	800031e8	03bd8eb3	mul	x29,x27,x27	 x27:0x00000001 x27:0x00000001 x29=0x00000001
     143215.000 ns	     14320	800031ec	a0089253	flt.s	x4,f17,f0	 f17:0x80000000  f0:0x473501d1  x4=0x00000001
     143245.000 ns	     14323	800031f0	c01473d3	fcvt.wu.s	x7,f8	  f8:0x00000000  x7=0x00000000
     143285.000 ns	     14327	800031f4	188ea353	fdiv.s	f6,f29,f8	 f29:0x5cc7dfd3  f8:0x00000000  f6=0x7f800000
     143315.000 ns	     14330	800031f8	e0099853	fclass.s	x16,f19	 f19:0x00000000 x16=0x00000010
     143335.000 ns	     14332	800031fc	5457c013	xori	x0,x15,1349	 x15:0xf9c13d14
     143355.000 ns	     14334	80003200	d00cfdd3	fcvt.s.w	f27,x25	 x25:0xff5471c0 f27=0xcb2b8e40
     143375.000 ns	     14336	80003204	01bd3d33	sltu	x26,x26,x27	 x26:0x00000000 x27:0x00000001 x26=0x00000001
     143385.000 ns	     14337	80003208	00064cb3	xor	x25,x12,x0	 x12:0x00000000  x0:0x00000000 x25=0x00000000
     143395.000 ns	     14338	8000320c	4179db33	sra	x22,x19,x23	 x19:0x80041023 x23:0x00000000 x22=0x80041023
     143755.000 ns	     14374	80003210	02b45233	divu	x4,x8,x11	  x8:0x80040fe4 x11:0x80041024  x4=0x00000000
     143785.000 ns	     14377	80003214	a1c41753	flt.s	x14,f8,f28	  f8:0x00000000 f28:0x3f47dfd4 x14=0x00000001
     143815.000 ns	     14380	80003218	20258053	fsgnj.s	f0,f11,f2	 f11:0xcf3f8000  f2:0x473501d1  f0=0x4f3f8000
     143845.000 ns	     14383	8000321c	a15f1b53	flt.s	x22,f30,f21	 f30:0x80000000 f21:0x00000000 x22=0x00000000
     144185.000 ns	     14417	80003220	184070d3	fdiv.s	f1,f0,f4	  f0:0x4f3f8000  f4:0x473501d1  f1=0x4754605e
     144215.000 ns	     14420	80003224	03704933	div	x18,x0,x23	  x0:0x00000000 x23:0x00000000 x18=0xffffffff
     144585.000 ns	     14457	80003228	02f4c3b3	div	x7,x9,x15	  x9:0x00000000 x15:0xf9c13d14  x7=0x00000000
     144615.000 ns	     14460	8000322c	02418233	mul	x4,x3,x4	  x3:0x00000000  x4:0x00000000  x4=0x00000000
     144635.000 ns	     14462	80003230	38d2ad97	auipc	x27,0x38d2a	 x27=0xb8d2d230
     144655.000 ns	     14464	80003234	03cb2a33	mulhsu	x20,x22,x28	 x22:0x00000000 x28:0xffc00000 x20=0x00000000
     144685.000 ns	     14467	80003238	21dc1653	fsgnjn.s	f12,f24,f29	 f24:0x00000000 f29:0x5cc7dfd3 f12=0x80000000
     144715.000 ns	     14470	8000323c	28d80ad3	fmin.s	f21,f16,f13	 f16:0x7fc00000 f13:0x00000000 f21=0x00000000
     144735.000 ns	     14472	80003240	41ccdd93	srai	x27,x25,0x1c	 x25:0x00000000 x27=0x00000000
     144745.000 ns	     14473	80003244	01025633	srl	x12,x4,x16	  x4:0x00000000 x16:0x00000010 x12=0x00000000
     144765.000 ns	     14475	80003248	202f0053	fsgnj.s	f0,f30,f2	 f30:0x80000000  f2:0x473501d1  f0=0x00000000
     144785.000 ns	     14477	8000324c	f168ae17	auipc	x28,0xf168a	 x28=0x7168d24c
     144795.000 ns	     14478	80003250	005ae933	or	x18,x21,x5	 x21:0x00000000  x5:0x00000000 x18=0x00000000
     144805.000 ns	     14479	80003254	147291b7	lui	x3,0x14729	  x3=0x14729000
     144825.000 ns	     14481	80003258	c00430d3	fcvt.w.s	x1,f8	  f8:0x00000000  x1=0x00000000
     144855.000 ns	     14484	8000325c	a0182ad3	feq.s	x21,f16,f1	 f16:0x7fc00000  f1:0x4754605e x21=0x00000000
     144885.000 ns	     14487	80003260	28d51053	fmax.s	f0,f10,f13	 f10:0x473501d1 f13:0x00000000  f0=0x473501d1
     144905.000 ns	     14489	80003264	004c88b3	add	x17,x25,x4	 x25:0x00000000  x4:0x00000000 x17=0x00000000
     144925.000 ns	     14491	80003268	03816c33	rem	x24,x2,x24	  x2:0x80040fe4 x24:0x00000000 x24=0x80040fe4
     144945.000 ns	     14493	8000326c	00849eb3	sll	x29,x9,x8	  x9:0x00000000  x8:0x80040fe4 x29=0x00000000
     144965.000 ns	     14495	80003270	a09ba353	feq.s	x6,f23,f9	 f23:0xffc00000  f9:0x41800000  x6=0x00000000
     144995.000 ns	     14498	80003274	026f16b3	mulh	x13,x30,x6	 x30:0x00000001  x6:0x00000001 x13=0x00000000
     145015.000 ns	     14500	80003278	012dc833	xor	x16,x27,x18	 x27:0x00000000 x18:0x00000000 x16=0x00000000
     145025.000 ns	     14501	8000327c	00674333	xor	x6,x14,x6	 x14:0x00000001  x6:0x00000000  x6=0x00000001
     145035.000 ns	     14502	80003280	0144a6b3	slt	x13,x9,x20	  x9:0x00000000 x20:0x00000000 x13=0x00000000
     145055.000 ns	     14504	80003284	f0030e53	fmv.w.x	f28,x6	  x6:0x00000000 f28=0x00000001
     145075.000 ns	     14506	80003288	012b2fb3	slt	x31,x22,x18	 x22:0x00000000 x18:0x00000000 x31=0x00000000
     145115.000 ns	     14510	8000328c	081194d3	fsub.s	f9,f3,f1	  f3:0x41800000  f1:0x4754605e  f9=0xc754505e
     145485.000 ns	     14547	80003290	03ce76b3	remu	x13,x28,x28	 x28:0x7168d24c x28:0x7168d24c x13=0x00000000
     145515.000 ns	     14550	80003294	02d86333	rem	x6,x16,x13	 x16:0x00000000 x13:0x00000000  x6=0x00000000
     145535.000 ns	     14552	80003298	01d6e133	or	x2,x13,x29	 x13:0x00000000 x29:0x00000000  x2=0x00000000
     145895.000 ns	     14588	8000329c	02baf2b3	remu	x5,x21,x11	 x21:0x00000000 x11:0x80041024  x5=0x00000000
     145915.000 ns	     14590	800032a0	01de9133	sll	x2,x29,x29	 x29:0x00000000 x29:0x00000000  x2=0x00000000
     145935.000 ns	     14592	800032a4	20c79553	fsgnjn.s	f10,f15,f12	 f15:0xffc00000 f12:0x80000000 f10=0x7fc00000
     145965.000 ns	     14595	800032a8	d01b7653	fcvt.s.wu	f12,x22	 x22:0x00000000 f12=0x00000000
     145995.000 ns	     14598	800032ac	c00d7353	fcvt.w.s	x6,f26	 f26:0x00000000  x6=0x00000000
     146025.000 ns	     14601	800032b0	03b68ab3	mul	x21,x13,x27	 x13:0x00000000 x27:0x00000000 x21=0x00000000
     146065.000 ns	     14605	800032b4	113ff2d3	fmul.s	f5,f31,f19	 f31:0x473501d1 f19:0x00000000  f5=0x00000000
     146085.000 ns	     14607	800032b8	01e54b33	xor	x22,x10,x30	 x10:0x00000000 x30:0x00000001 x22=0x00000001
     146095.000 ns	     14608	800032bc	41d30633	sub	x12,x6,x29	  x6:0x00000000 x29:0x00000000 x12=0x00000000
     146115.000 ns	     14610	800032c0	d006f0d3	fcvt.s.w	f1,x13	 x13:0x00000000  f1=0x00000000
     146145.000 ns	     14613	800032c4	03718fb3	mul	x31,x3,x23	  x3:0x14729000 x23:0x00000000 x31=0x00000000
     146165.000 ns	     14615	800032c8	01c8db13	srli	x22,x17,0x1c	 x17:0x00000000 x22=0x00000000
     146175.000 ns	     14616	800032cc	009cd333	srl	x6,x25,x9	 x25:0x00000000  x9:0x00000000  x6=0x00000000
     146215.000 ns	     14620	800032d0	09ccf8d3	fsub.s	f17,f25,f28	 f25:0x4efff7ee f28:0x00000001 f17=0x4efff7ee
     146245.000 ns	     14623	800032d4	02a078b3	remu	x17,x0,x10	  x0:0x00000000 x10:0x00000000 x17=0x00000000
     146265.000 ns	     14625	800032d8	ad06b493	sltiu	x9,x13,-1328	 x13:0x00000000  x9=0x00000001
     146625.000 ns	     14661	800032dc	03ad5733	divu	x14,x26,x26	 x26:0x00000001 x26:0x00000001 x14=0x00000001
     146645.000 ns	     14663	800032e0	7f218737	lui	x14,0x7f218	 x14=0x7f218000
     146665.000 ns	     14665	800032e4	a1cc0053	fle.s	x0,f24,f28	 f24:0x00000000 f28:0x00000001
     146685.000 ns	     14667	800032e8	01a37033	and	x0,x6,x26	  x6:0x00000000 x26:0x00000001
     146725.000 ns	     14671	800032ec	0041b9d3	fadd.s	f19,f3,f4	  f3:0x41800000  f4:0x473501d1 f19=0x473511d1
     146745.000 ns	     14673	800032f0	0170c4b3	xor	x9,x1,x23	  x1:0x00000000 x23:0x00000000  x9=0x00000000
     146755.000 ns	     14674	800032f4	6a71c113	xori	x2,x3,1703	  x3:0x14729000  x2=0x147296a7
     146775.000 ns	     14676	800032f8	0220b533	mulhu	x10,x1,x2	  x1:0x00000000  x2:0x00000000 x10=0x00000000
     146795.000 ns	     14678	800032fc	011ec9b3	xor	x19,x29,x17	 x29:0x00000000 x17:0x00000000 x19=0x00000000
     146805.000 ns	     14679	80003300	015a5833	srl	x16,x20,x21	 x20:0x00000000 x21:0x00000000 x16=0x00000000
     146815.000 ns	     14680	80003304	000fd713	srli	x14,x31,0x0	 x31:0x00000000 x14=0x00000000
     146835.000 ns	     14682	80003308	217e2a53	fsgnjx.s	f20,f28,f23	 f28:0x00000001 f23:0xffc00000 f20=0x80000001
     146865.000 ns	     14685	8000330c	21ef0553	fsgnj.s	f10,f30,f30	 f30:0x80000000 f30:0x80000000 f10=0x80000000
     146915.000 ns	     14690	80003310	017cb5d3	fadd.s	f11,f25,f23	 f25:0x4efff7ee f23:0xffc00000 f11=0x7fc00000
     146935.000 ns	     14692	80003314	c9808313	addi	x6,x1,-872	  x1:0x00000000  x6=0xfffffc98
     146945.000 ns	     14693	80003318	9b4fa313	slti	x6,x31,-1612	 x31:0x00000000  x6=0x00000000
     146965.000 ns	     14695	8000331c	29ca0253	fmin.s	f4,f20,f28	 f20:0x80000001 f28:0x00000001  f4=0x80000001
     146985.000 ns	     14697	80003320	b3e6ac13	slti	x24,x13,-1218	 x13:0x00000000 x24=0x00000000
     147015.000 ns	     14700	80003324	58091653	fsqrt.s	f12,f18	 f18:0x80000000 f12=0x80000000
     147045.000 ns	     14703	80003328	a1420cd3	fle.s	x25,f4,f20	  f4:0x80000001 f20:0x80000001 x25=0x00000001
     147075.000 ns	     14706	8000332c	0251dab3	divu	x21,x3,x5	  x3:0x14729000  x5:0x00000000 x21=0xffffffff
     147095.000 ns	     14708	80003330	40675d93	srai	x27,x14,0x6	 x14:0x00000000 x27=0x00000000
     147115.000 ns	     14710	80003334	d0097953	fcvt.s.w	f18,x18	 x18:0x00000000 f18=0x00000000
     147145.000 ns	     14713	80003338	c017a6d3	fcvt.wu.s	x13,f15	 f15:0xffc00000 x13=0xffffffff
     147165.000 ns	     14715	8000333c	00df14b3	sll	x9,x30,x13	 x30:0x00000001 x13:0x00000000  x9=0x80000000
     147175.000 ns	     14716	80003340	e3f07313	andi	x6,x0,-449	  x0:0x00000000  x6=0x00000000
     147215.000 ns	     14720	80003344	01b9f5d3	fadd.s	f11,f19,f27	 f19:0x473511d1 f27:0xcb2b8e40 f11=0xcb2ad92e
     147245.000 ns	     14723	80003348	c00ab353	fcvt.w.s	x6,f21	 f21:0x00000000  x6=0x00000000
     147275.000 ns	     14726	8000334c	02c2a133	mulhsu	x2,x5,x12	  x5:0x00000000 x12:0x00000000  x2=0x00000000
     147295.000 ns	     14728	80003350	00000013	addi	x0,x0,0	  x0:0x00000000
     147335.000 ns	     14732	80003354	0889a953	fsub.s	f18,f19,f8	 f19:0x473511d1  f8:0x00000000 f18=0x473511d1
     147355.000 ns	     14734	80003358	40045293	srai	x5,x8,0x0	  x8:0x80040fe4  x5=0x80040fe4
     147375.000 ns	     14736	8000335c	219b0c53	fsgnj.s	f24,f22,f25	 f22:0x41800000 f25:0x4efff7ee f24=0x41800000
     147395.000 ns	     14738	80003360	01c77db3	and	x27,x14,x28	 x14:0x00000000 x28:0x7168d24c x27=0x00000000
     147405.000 ns	     14739	80003364	41425293	srai	x5,x4,0x14	  x4:0x00000000  x5=0x00000000
     147425.000 ns	     14741	80003368	21711c53	fsgnjn.s	f24,f2,f23	  f2:0x473501d1 f23:0xffc00000 f24=0x473501d1
     147445.000 ns	     14743	8000336c	71197293	andi	x5,x18,1809	 x18:0x00000000  x5=0x00000000
     147455.000 ns	     14744	80003370	008a7b33	and	x22,x20,x8	 x20:0x00000000  x8:0x80040fe4 x22=0x00000000
     147475.000 ns	     14746	80003374	289690d3	fmax.s	f1,f13,f9	 f13:0x00000000  f9:0xc754505e  f1=0x00000000
     147495.000 ns	     14748	80003378	412608b3	sub	x17,x12,x18	 x12:0x00000000 x18:0x00000000 x17=0x00000000
     147515.000 ns	     14750	8000337c	036436b3	mulhu	x13,x8,x22	  x8:0x80040fe4 x22:0x00000000 x13=0x00000000
     147545.000 ns	     14753	80003380	a0910253	fle.s	x4,f2,f9	  f2:0x473501d1  f9:0xc754505e  x4=0x00000000
     147565.000 ns	     14755	80003384	c4696713	ori	x14,x18,-954	 x18:0x00000000 x14=0xfffffc46
     147595.000 ns	     14758	80003388	1852f4d3	fdiv.s	f9,f5,f5	  f5:0x00000000  f5:0x00000000  f9=0x7fc00000
     147615.000 ns	     14760	8000338c	95f04093	xori	x1,x0,-1697	  x0:0x00000000  x1=0xfffff95f
     147635.000 ns	     14762	80003390	e0008dd3	fmv.x.w	x27,f1	  f1:0x00000000 x27=0x00000000
     147655.000 ns	     14764	80003394	00fd66b3	or	x13,x26,x15	 x26:0x00000001 x15:0xf9c13d14 x13=0xf9c13d15
     147665.000 ns	     14765	80003398	009f1b93	slli	x23,x30,0x9	 x30:0x00000001 x23=0x00000200
     147705.000 ns	     14769	8000339c	08632453	fsub.s	f8,f6,f6	  f6:0x7f800000  f6:0x7f800000  f8=0x80000000
     147735.000 ns	     14772	800033a0	e0028dd3	fmv.x.w	x27,f5	  f5:0x00000000 x27=0x00000000
     147755.000 ns	     14774	800033a4	00df3eb3	sltu	x29,x30,x13	 x30:0x00000001 x13:0xf9c13d15 x29=0x00000001
     147775.000 ns	     14776	800033a8	a17c94d3	flt.s	x9,f25,f23	 f25:0x4efff7ee f23:0xffc00000  x9=0x00000000
     147805.000 ns	     14779	800033ac	035736b3	mulhu	x13,x14,x21	 x14:0xfffffc46 x21:0xffffffff x13=0xfffffc45
     147835.000 ns	     14782	800033b0	0333a033	mulhsu	x0,x7,x19	  x7:0x00000000 x19:0x00000000
     147865.000 ns	     14785	800033b4	a16f12d3	flt.s	x5,f30,f22	 f30:0x80000000 f22:0x41800000  x5=0x00000001
     147895.000 ns	     14788	800033b8	d01f8b53	fcvt.s.wu	f22,x31	 x31:0x00000000 f22=0x00000000
     147925.000 ns	     14791	800033bc	0389d3b3	divu	x7,x19,x24	 x19:0x00000000 x24:0x00000000  x7=0xffffffff
     147955.000 ns	     14794	800033c0	0312ae33	mulhsu	x28,x5,x17	  x5:0x00000001 x17:0x00000000 x28=0x00000000
     147975.000 ns	     14796	800033c4	01c9e633	or	x12,x19,x28	 x19:0x00000000 x28:0x7168d24c x12=0x00000000
     147985.000 ns	     14797	800033c8	01b3a233	slt	x4,x7,x27	  x7:0xffffffff x27:0x00000000  x4=0x00000001
     147995.000 ns	     14798	800033cc	00a54c33	xor	x24,x10,x10	 x10:0x00000000 x10:0x00000000 x24=0x00000000
     148015.000 ns	     14800	800033d0	c0104ed3	fcvt.wu.s	x29,f0	  f0:0x473501d1 x29=0x0000b502
     148045.000 ns	     14803	800033d4	201225d3	fsgnjx.s	f11,f4,f1	  f4:0x80000001  f1:0x00000000 f11=0x80000001
     148085.000 ns	     14807	800033d8	18fdf453	fdiv.s	f8,f27,f15	 f27:0xcb2b8e40 f15:0xffc00000  f8=0x7fc00000
     148115.000 ns	     14810	800033dc	036cd933	divu	x18,x25,x22	 x25:0x00000001 x22:0x00000000 x18=0xffffffff
     148145.000 ns	     14813	800033e0	f00b85d3	fmv.w.x	f11,x23	 x23:0x00000200 f11=0x00000200
     148165.000 ns	     14815	800033e4	9fdccc93	xori	x25,x25,-1539	 x25:0x00000001 x25=0xfffff9fc
     148175.000 ns	     14816	800033e8	013ad8b3	srl	x17,x21,x19	 x21:0xffffffff x19:0x00000000 x17=0xffffffff
     148185.000 ns	     14817	800033ec	41830e33	sub	x28,x6,x24	  x6:0x00000000 x24:0x00000000 x28=0x00000000
     148195.000 ns	     14818	800033f0	010b9ab3	sll	x21,x23,x16	 x23:0x00000200 x16:0x00000000 x21=0x00000200
     148215.000 ns	     14820	800033f4	a15f1253	flt.s	x4,f30,f21	 f30:0x80000000 f21:0x00000000  x4=0x00000000
     148245.000 ns	     14823	800033f8	c00d7153	fcvt.w.s	x2,f26	 f26:0x00000000  x2=0x00000000
     148265.000 ns	     14825	800033fc	01605293	srli	x5,x0,0x16	  x0:0x00000000  x5=0x00000000
     148285.000 ns	     14827	80003400	03d71d33	mulh	x26,x14,x29	 x14:0xfffffc46 x29:0x0000b502 x26=0xffffffff
     148305.000 ns	     14829	80003404	0023d013	srli	x0,x7,0x2	  x7:0xffffffff
     148325.000 ns	     14831	80003408	f00e0ad3	fmv.w.x	f21,x28	 x28:0x00000000 f21=0x00000000
     148345.000 ns	     14833	8000340c	00000013	addi	x0,x0,0	  x0:0x00000000
     148365.000 ns	     14835	80003410	036db733	mulhu	x14,x27,x22	 x27:0x00000000 x22:0x00000000 x14=0x00000000
     148385.000 ns	     14837	80003414	64513f93	sltiu	x31,x2,1605	  x2:0x00000000 x31=0x00000001
     148395.000 ns	     14838	80003418	01dcb0b3	sltu	x1,x25,x29	 x25:0xfffff9fc x29:0x0000b502  x1=0x00000000
     148415.000 ns	     14840	8000341c	02958cb3	mul	x25,x11,x9	 x11:0x80041024  x9:0x00000000 x25=0x00000000
     148435.000 ns	     14842	80003420	33a2f697	auipc	x13,0x33a2f	 x13=0xb3a32420
     148445.000 ns	     14843	80003424	0157a533	slt	x10,x15,x21	 x15:0xf9c13d14 x21:0x00000200 x10=0x00000001
     148465.000 ns	     14845	80003428	d01383d3	fcvt.s.wu	f7,x7	  x7:0xffffffff  f7=0x4f800000
     148485.000 ns	     14847	8000342c	01b66933	or	x18,x12,x27	 x12:0x00000000 x27:0x00000000 x18=0x00000000
     148495.000 ns	     14848	80003430	00000013	addi	x0,x0,0	  x0:0x00000000
     148505.000 ns	     14849	80003434	01fa02b3	add	x5,x20,x31	 x20:0x00000000 x31:0x00000001  x5=0x00000001
     148515.000 ns	     14850	80003438	41ad8333	sub	x6,x27,x26	 x27:0x00000000 x26:0xffffffff  x6=0x00000001
     148525.000 ns	     14851	8000343c	55e06e93	ori	x29,x0,1374	  x0:0x00000000 x29=0x0000055e
     148545.000 ns	     14853	80003440	e00e8653	fmv.x.w	x12,f29	 f29:0x5cc7dfd3 x12=0x5cc7dfd3
     148565.000 ns	     14855	80003444	01616033	or	x0,x2,x22	  x2:0x00000000 x22:0x00000000
     148575.000 ns	     14856	80003448	004caab3	slt	x21,x25,x4	 x25:0x00000000  x4:0x00000000 x21=0x00000000
     148595.000 ns	     14858	8000344c	03b4cdb3	div	x27,x9,x27	  x9:0x00000000 x27:0x00000000 x27=0xffffffff
     148625.000 ns	     14861	80003450	d004fc53	fcvt.s.w	f24,x9	  x9:0x00000000 f24=0x00000000
     148675.000 ns	     14866	80003454	09197853	fsub.s	f16,f18,f17	 f18:0x473511d1 f17:0x4efff7ee f16=0xcefff683
     148705.000 ns	     14869	80003458	02ec7633	remu	x12,x24,x14	 x24:0x00000000 x14:0x00000000 x12=0x00000000
     148735.000 ns	     14872	8000345c	03042db3	mulhsu	x27,x8,x16	  x8:0x80040fe4 x16:0x00000000 x27=0x00000000
     149915.000 ns	     14990	80003460	5809f7d3	fsqrt.s	f15,f19	 f19:0x473511d1 f15=0x430008fa
     150285.000 ns	     15027	80003464	02faceb3	div	x29,x21,x15	 x21:0x00000000 x15:0xf9c13d14 x29=0x00000000
     150315.000 ns	     15030	80003468	03bfa333	mulhsu	x6,x31,x27	 x31:0x00000001 x27:0x00000000  x6=0x00000000
     150345.000 ns	     15033	8000346c	a0699dd3	flt.s	x27,f19,f6	 f19:0x473511d1  f6:0x7f800000 x27=0x00000001
     150365.000 ns	     15035	80003470	bb23a737	lui	x14,0xbb23a	 x14=0xbb23a000
     150385.000 ns	     15037	80003474	d01aaf53	fcvt.s.wu	f30,x21	 x21:0x00000000 f30=0x00000000
     150405.000 ns	     15039	80003478	6fb13e13	sltiu	x28,x2,1787	  x2:0x00000000 x28=0x00000001
     150415.000 ns	     15040	8000347c	017e70b3	and	x1,x28,x23	 x28:0x00000000 x23:0x00000200  x1=0x00000000
     150425.000 ns	     15041	80003480	40065493	srai	x9,x12,0x0	 x12:0x00000000  x9=0x00000000
     150445.000 ns	     15043	80003484	c003f9d3	fcvt.w.s	x19,f7	  f7:0x4f800000 x19=0x7fffffff
     150465.000 ns	     15045	80003488	012dce33	xor	x28,x27,x18	 x27:0x00000001 x18:0x00000000 x28=0x00000001
     150485.000 ns	     15047	8000348c	020420b3	mulhsu	x1,x8,x0	  x8:0x80040fe4  x0:0x00000000  x1=0x00000000
     150535.000 ns	     15052	80003490	009d7953	fadd.s	f18,f26,f9	 f26:0x00000000  f9:0x7fc00000 f18=0x7fc00000
     150905.000 ns	     15089	80003494	03cf7633	remu	x12,x30,x28	 x30:0x00000001 x28:0x00000001 x12=0x00000000
     150925.000 ns	     15091	80003498	f3eabf13	sltiu	x30,x21,-194	 x21:0x00000000 x30=0x00000001
     150945.000 ns	     15093	8000349c	2164a353	fsgnjx.s	f6,f9,f22	  f9:0x7fc00000 f22:0x00000000  f6=0x7fc00000
     150975.000 ns	     15096	800034a0	a0ce9cd3	flt.s	x25,f29,f12	 f29:0x5cc7dfd3 f12:0x80000000 x25=0x00000000
     151015.000 ns	     15100	800034a4	18e87353	fdiv.s	f6,f16,f14	 f16:0xcefff683 f14:0x00000000  f6=0xff800000
     151035.000 ns	     15102	800034a8	00000013	addi	x0,x0,0	  x0:0x00000000
     151055.000 ns	     15104	800034ac	21909e53	fsgnjn.s	f28,f1,f25	  f1:0x00000000 f25:0x4efff7ee f28=0x80000000
     151085.000 ns	     15107	800034b0	20f81c53	fsgnjn.s	f24,f16,f15	 f16:0xcefff683 f15:0x430008fa f24=0xcefff683
     151105.000 ns	     15109	800034b4	0098e4b3	or	x9,x17,x9	 x17:0xffffffff  x9:0x00000000  x9=0xffffffff
     151125.000 ns	     15111	800034b8	21388ad3	fsgnj.s	f21,f17,f19	 f17:0x4efff7ee f19:0x473511d1 f21=0x4efff7ee
     151495.000 ns	     15148	800034bc	03304db3	div	x27,x0,x19	  x0:0x00000000 x19:0x7fffffff x27=0x00000000
     151515.000 ns	     15150	800034c0	299b3893	sltiu	x17,x22,665	 x22:0x00000000 x17=0x00000001
     151525.000 ns	     15151	800034c4	8fb682b7	lui	x5,0x8fb68	  x5=0x8fb68000
     151535.000 ns	     15152	800034c8	01ec9093	slli	x1,x25,0x1e	 x25:0x00000000  x1=0x00000000
     151545.000 ns	     15153	800034cc	00972eb3	slt	x29,x14,x9	 x14:0xbb23a000  x9:0xffffffff x29=0x00000001
     151555.000 ns	     15154	800034d0	01fb9213	slli	x4,x23,0x1f	 x23:0x00000200  x4=0x00000000
     151565.000 ns	     15155	800034d4	401ad393	srai	x7,x21,0x1	 x21:0x00000000  x7=0x00000000
     151585.000 ns	     15157	800034d8	d002f7d3	fcvt.s.w	f15,x5	  x5:0x8fb68000 f15=0xcee09300
     151605.000 ns	     15159	800034dc	01c8e733	or	x14,x17,x28	 x17:0x00000001 x28:0x00000001 x14=0x00000001
     151615.000 ns	     15160	800034e0	40305713	srai	x14,x0,0x3	  x0:0x00000000 x14=0x00000000
     151635.000 ns	     15162	800034e4	d00ef753	fcvt.s.w	f14,x29	 x29:0x00000001 f14=0x3f800000
     151665.000 ns	     15165	800034e8	f00e0b53	fmv.w.x	f22,x28	 x28:0x00000001 f22=0x00000001
     151695.000 ns	     15168	800034ec	02f38833	mul	x16,x7,x15	  x7:0x00000000 x15:0xf9c13d14 x16=0x00000000
     151715.000 ns	     15170	800034f0	ebbcbf93	sltiu	x31,x25,-325	 x25:0x00000000 x31=0x00000001
     151725.000 ns	     15171	800034f4	00d95033	srl	x0,x18,x13	 x18:0x00000000 x13:0xb3a32420
     151735.000 ns	     15172	800034f8	018d44b3	xor	x9,x26,x24	 x26:0xffffffff x24:0x00000000  x9=0xffffffff
     151755.000 ns	     15174	800034fc	a1fd2853	feq.s	x16,f26,f31	 f26:0x00000000 f31:0x473501d1 x16=0x00000000
     151785.000 ns	     15177	80003500	a12f23d3	feq.s	x7,f30,f18	 f30:0x00000000 f18:0x7fc00000  x7=0x00000000
     151805.000 ns	     15179	80003504	01285e13	srli	x28,x16,0x12	 x16:0x00000000 x28=0x00000000
     152165.000 ns	     15215	80003508	02fb5033	divu	x0,x22,x15	 x22:0x00000000 x15:0xf9c13d14
     152185.000 ns	     15217	8000350c	006be6b3	or	x13,x23,x6	 x23:0x00000200  x6:0x00000000 x13=0x00000200
     152195.000 ns	     15218	80003510	1aee3d93	sltiu	x27,x28,430	 x28:0x00000000 x27=0x00000001
     152205.000 ns	     15219	80003514	b4694e13	xori	x28,x18,-1210	 x18:0x00000000 x28=0xfffffb46
     152245.000 ns	     15223	80003518	000b7253	fadd.s	f4,f22,f0	 f22:0x00000001  f0:0x473501d1  f4=0x473501d1
     152265.000 ns	     15225	8000351c	00970eb3	add	x29,x14,x9	 x14:0x00000000  x9:0xffffffff x29=0xffffffff
     152275.000 ns	     15226	80003520	baf21e37	lui	x28,0xbaf21	 x28=0xbaf21000
     152295.000 ns	     15228	80003524	e00a1ed3	fclass.s	x29,f20	 f20:0x80000001 x29=0x00000004
     152665.000 ns	     15265	80003528	02b3c4b3	div	x9,x7,x11	  x7:0x00000000 x11:0x80041024  x9=0x00000000
     153035.000 ns	     15302	8000352c	02f456b3	divu	x13,x8,x15	  x8:0x80040fe4 x15:0xf9c13d14 x13=0x00000000
     153055.000 ns	     15304	80003530	005ed633	srl	x12,x29,x5	 x29:0x00000004  x5:0x8fb68000 x12=0x00000004
     153065.000 ns	     15305	80003534	fd638693	addi	x13,x7,-42	  x7:0x00000000 x13=0xffffffd6
     153085.000 ns	     15307	80003538	284f9553	fmax.s	f10,f31,f4	 f31:0x473501d1  f4:0x473501d1 f10=0x473501d1
     153105.000 ns	     15309	8000353c	41e78e33	sub	x28,x15,x30	 x15:0xf9c13d14 x30:0x00000001 x28=0xf9c13d13
     153115.000 ns	     15310	80003540	410f5d93	srai	x27,x30,0x10	 x30:0x00000001 x27=0x00000000
     153475.000 ns	     15346	80003544	02f2ecb3	rem	x25,x5,x15	  x5:0x8fb68000 x15:0xf9c13d14 x25=0xf9e171ac
     153495.000 ns	     15348	80003548	01a7d0b3	srl	x1,x15,x26	 x15:0xf9c13d14 x26:0xffffffff  x1=0x00000001
     153515.000 ns	     15350	8000354c	28129f53	fmax.s	f30,f5,f1	  f5:0x00000000  f1:0x00000000 f30=0x00000000
     153545.000 ns	     15353	80003550	28750853	fmin.s	f16,f10,f7	 f10:0x473501d1  f7:0x4f800000 f16=0x473501d1
     153565.000 ns	     15355	80003554	01e2de13	srli	x28,x5,0x1e	  x5:0x8fb68000 x28=0x00000002
     153575.000 ns	     15356	80003558	01d5db33	srl	x22,x11,x29	 x11:0x80041024 x29:0x00000004 x22=0x08004102
     153595.000 ns	     15358	8000355c	03eb2fb3	mulhsu	x31,x22,x30	 x22:0x00000000 x30:0x00000001 x31=0x00000000
     153615.000 ns	     15360	80003560	cba40313	addi	x6,x8,-838	  x8:0x80040fe4  x6=0x80040c9e
     153625.000 ns	     15361	80003564	01c85c13	srli	x24,x16,0x1c	 x16:0x00000000 x24=0x00000000
     153645.000 ns	     15363	80003568	022b7c33	remu	x24,x22,x2	 x22:0x08004102  x2:0x00000000 x24=0x08004102
     153675.000 ns	     15366	8000356c	21549fd3	fsgnjn.s	f31,f9,f21	  f9:0x7fc00000 f21:0x4efff7ee f31=0xffc00000
     153705.000 ns	     15369	80003570	e00c0653	fmv.x.w	x12,f24	 f24:0xcefff683 x12=0xcefff683
     153725.000 ns	     15371	80003574	0014cc33	xor	x24,x9,x1	  x9:0x00000000  x1:0x00000001 x24=0x00000001
     153735.000 ns	     15372	80003578	0131abb3	slt	x23,x3,x19	  x3:0x14729000 x19:0x7fffffff x23=0x00000001
     153755.000 ns	     15374	8000357c	f0008c53	fmv.w.x	f24,x1	  x1:0x00000001 f24=0x00000001
     153775.000 ns	     15376	80003580	000aebb3	or	x23,x21,x0	 x21:0x00000000  x0:0x00000000 x23=0x00000000
     153785.000 ns	     15377	80003584	00d6e0b3	or	x1,x13,x13	 x13:0xffffffd6 x13:0xffffffd6  x1=0xffffffd6
     153795.000 ns	     15378	80003588	0104ceb3	xor	x29,x9,x16	  x9:0x00000000 x16:0x00000000 x29=0x00000000
     153815.000 ns	     15380	8000358c	21a384d3	fsgnj.s	f9,f7,f26	  f7:0x4f800000 f26:0x00000000  f9=0x4f800000
     153845.000 ns	     15383	80003590	20e104d3	fsgnj.s	f9,f2,f14	  f2:0x473501d1 f14:0x3f800000  f9=0x473501d1
     153885.000 ns	     15387	80003594	10940ad3	fmul.s	f21,f8,f9	  f8:0x7fc00000  f9:0x4f800000 f21=0x7fc00000
     153905.000 ns	     15389	80003598	77188393	addi	x7,x17,1905	 x17:0x00000001  x7=0x00000772
     153925.000 ns	     15391	8000359c	c01df8d3	fcvt.wu.s	x17,f27	 f27:0xcb2b8e40 x17=0x00ab8e40
     153945.000 ns	     15393	800035a0	2d5aba93	sltiu	x21,x21,725	 x21:0x00000000 x21=0x00000001
     153965.000 ns	     15395	800035a4	21ee18d3	fsgnjn.s	f17,f28,f30	 f28:0x80000000 f30:0x00000000 f17=0x80000000
     153985.000 ns	     15397	800035a8	1255bd13	sltiu	x26,x11,293	 x11:0x80041024 x26=0x00000000
     153995.000 ns	     15398	800035ac	4091dc93	srai	x25,x3,0x9	  x3:0x14729000 x25=0x000a3948
     154015.000 ns	     15400	800035b0	03d23133	mulhu	x2,x4,x29	  x4:0x00000000 x29:0x00000000  x2=0x00000000
     154035.000 ns	     15402	800035b4	00179ab3	sll	x21,x15,x1	 x15:0xf9c13d14  x1:0xffffffd6 x21=0x45000000
     154055.000 ns	     15404	800035b8	20d792d3	fsgnjn.s	f5,f15,f13	 f15:0xcee09300 f13:0x00000000  f5=0xcee09300
     154095.000 ns	     15408	800035bc	10f0f353	fmul.s	f6,f1,f15	  f1:0x00000000 f15:0xcee09300  f6=0x80000000
     154115.000 ns	     15410	800035c0	415b8233	sub	x4,x23,x21	 x23:0x00000000 x21:0x45000000  x4=0xbb000000
     154135.000 ns	     15412	800035c4	c0192853	fcvt.wu.s	x16,f18	 f18:0x7fc00000 x16=0xffffffff
     154155.000 ns	     15414	800035c8	01841fb3	sll	x31,x8,x24	  x8:0x80040fe4 x24:0x00000001 x31=0x00081fc8
     154185.000 ns	     15417	800035cc	19a8c253	fdiv.s	f4,f17,f26	 f17:0x80000000 f26:0x00000000  f4=0x7fc00000
     154205.000 ns	     15419	800035d0	f132b213	sltiu	x4,x5,-237	  x5:0x8fb68000  x4=0x00000001
     154215.000 ns	     15420	800035d4	00fa08b3	add	x17,x20,x15	 x20:0x00000000 x15:0xf9c13d14 x17=0xf9c13d14
     154235.000 ns	     15422	800035d8	a0b61ad3	flt.s	x21,f12,f11	 f12:0x80000000 f11:0x00000200 x21=0x00000001
     154275.000 ns	     15426	800035dc	580bf553	fsqrt.s	f10,f23	 f23:0xffc00000 f10=0x7fc00000
     154295.000 ns	     15428	800035e0	47100ab7	lui	x21,0x47100	 x21=0x47100000
     154305.000 ns	     15429	800035e4	00e159b3	srl	x19,x2,x14	  x2:0x00000000 x14:0x00000000 x19=0x00000000
     154325.000 ns	     15431	800035e8	a1562e53	feq.s	x28,f12,f21	 f12:0x80000000 f21:0x7fc00000 x28=0x00000000
     154355.000 ns	     15434	800035ec	03088a33	mul	x20,x17,x16	 x17:0xf9c13d14 x16:0xffffffff x20=0x063ec2ec
     154385.000 ns	     15437	800035f0	215b17d3	fsgnjn.s	f15,f22,f21	 f22:0x00000001 f21:0x7fc00000 f15=0x80000001
     154415.000 ns	     15440	800035f4	e0040053	fmv.x.w	x0,f8	  f8:0x7fc00000
     154445.000 ns	     15443	800035f8	e0089b53	fclass.s	x22,f17	 f17:0x80000000 x22=0x00000008
     154475.000 ns	     15446	800035fc	f00c87d3	fmv.w.x	f15,x25	 x25:0x000a3948 f15=0x000a3948
     154845.000 ns	     15483	80003600	025fdc33	divu	x24,x31,x5	 x31:0x00081fc8  x5:0x8fb68000 x24=0x00000000
     154875.000 ns	     15486	80003604	28b61753	fmax.s	f14,f12,f11	 f12:0x80000000 f11:0x00000200 f14=0x00000200
     154895.000 ns	     15488	80003608	b0822017	auipc	x0,0xb0822	
     154905.000 ns	     15489	8000360c	db0efa93	andi	x21,x29,-592	 x29:0x00000000 x21=0x00000000
     154915.000 ns	     15490	80003610	01ca5a13	srli	x20,x20,0x1c	 x20:0x063ec2ec x20=0x00000000
     154925.000 ns	     15491	80003614	41af5493	srai	x9,x30,0x1a	 x30:0x00000001  x9=0x00000000
     154945.000 ns	     15493	80003618	a1dc8ed3	fle.s	x29,f25,f29	 f25:0x4efff7ee f29:0x5cc7dfd3 x29=0x00000001
     155315.000 ns	     15530	8000361c	02f2f6b3	remu	x13,x5,x15	  x5:0x8fb68000 x15:0xf9c13d14 x13=0x8fb68000
     155685.000 ns	     15567	80003620	03e25d33	divu	x26,x4,x30	  x4:0x00000001 x30:0x00000001 x26=0x00000001
     155705.000 ns	     15569	80003624	404b8533	sub	x10,x23,x4	 x23:0x00000000  x4:0x00000001 x10=0xffffffff
     155725.000 ns	     15571	80003628	a0d12353	feq.s	x6,f2,f13	  f2:0x473501d1 f13:0x00000000  x6=0x00000000
     155755.000 ns	     15574	8000362c	21eb85d3	fsgnj.s	f11,f23,f30	 f23:0xffc00000 f30:0x00000000 f11=0x7fc00000
     155785.000 ns	     15577	80003630	e00a1b53	fclass.s	x22,f20	 f20:0x80000001 x22=0x00000004
     155805.000 ns	     15579	80003634	00a013b3	sll	x7,x0,x10	  x0:0x00000000 x10:0xffffffff  x7=0x00000000
     155815.000 ns	     15580	80003638	00424d33	xor	x26,x4,x4	  x4:0x00000001  x4:0x00000001 x26=0x00000000
     155825.000 ns	     15581	8000363c	f283bf93	sltiu	x31,x7,-216	  x7:0x00000772 x31=0x00000001
     155835.000 ns	     15582	80003640	41820733	sub	x14,x4,x24	  x4:0x00000001 x24:0x00000000 x14=0x00000001
     156195.000 ns	     15618	80003644	02dcfc33	remu	x24,x25,x13	 x25:0x000a3948 x13:0x8fb68000 x24=0x000a3948
     156215.000 ns	     15620	80003648	013b1cb3	sll	x25,x22,x19	 x22:0x00000004 x19:0x00000000 x25=0x00000004
     156235.000 ns	     15622	8000364c	a0b1a753	feq.s	x14,f3,f11	  f3:0x41800000 f11:0x7fc00000 x14=0x00000000
     156255.000 ns	     15624	80003650	75b4c617	auipc	x12,0x75b4c	 x12=0xf5b4f650
     156265.000 ns	     15625	80003654	409bd893	srai	x17,x23,0x9	 x23:0x00000000 x17=0x00000000
     156275.000 ns	     15626	80003658	3e632193	slti	x3,x6,998	  x6:0x00000000  x3=0x00000001
     156295.000 ns	     15628	8000365c	e0051953	fclass.s	x18,f10	 f10:0x7fc00000 x18=0x00000200
     156335.000 ns	     15632	80003660	580af153	fsqrt.s	f2,f21	 f21:0x7fc00000  f2=0x7fc00000
     156365.000 ns	     15635	80003664	a1032053	feq.s	x0,f6,f16	  f6:0x80000000 f16:0x473501d1
     156395.000 ns	     15638	80003668	20f21cd3	fsgnjn.s	f25,f4,f15	  f4:0x7fc00000 f15:0x000a3948 f25=0xffc00000
     156415.000 ns	     15640	8000366c	0089c9b3	xor	x19,x19,x8	 x19:0x00000000  x8:0x80040fe4 x19=0x80040fe4
     156425.000 ns	     15641	80003670	bf908613	addi	x12,x1,-1031	  x1:0xffffffd6 x12=0xfffffbcf
     156435.000 ns	     15642	80003674	45372f93	slti	x31,x14,1107	 x14:0x00000000 x31=0x00000001
     156455.000 ns	     15644	80003678	d007ccd3	fcvt.s.w	f25,x15	 x15:0xf9c13d14 f25=0xccc7d85e
     156485.000 ns	     15647	8000367c	213007d3	fsgnj.s	f15,f0,f19	  f0:0x473501d1 f19:0x473511d1 f15=0x473501d1
     156515.000 ns	     15650	80003680	020643b3	div	x7,x12,x0	 x12:0xfffffbcf  x0:0x00000000  x7=0xffffffff
     156545.000 ns	     15653	80003684	f0010bd3	fmv.w.x	f23,x2	  x2:0x00000000 f23=0x00000000
     156565.000 ns	     15655	80003688	867cc913	xori	x18,x25,-1945	 x25:0x00000004 x18=0xfffff863
     156575.000 ns	     15656	8000368c	008ff233	and	x4,x31,x8	 x31:0x00000001  x8:0x80040fe4  x4=0x00000000
     156595.000 ns	     15658	80003690	02eab1b3	mulhu	x3,x21,x14	 x21:0x00000000 x14:0x00000000  x3=0x00000000
     156635.000 ns	     15662	80003694	11a8f553	fmul.s	f10,f17,f26	 f17:0x80000000 f26:0x00000000 f10=0x80000000
     156685.000 ns	     15667	80003698	007c7c53	fadd.s	f24,f24,f7	 f24:0x00000001  f7:0x4f800000 f24=0x4f800000
     156705.000 ns	     15669	8000369c	01601113	slli	x2,x0,0x16	  x0:0x00000000  x2=0x00000000
     156725.000 ns	     15671	800036a0	e00e1bd3	fclass.s	x23,f28	 f28:0x80000000 x23=0x00000008
     156745.000 ns	     15673	800036a4	00bbedb3	or	x27,x23,x11	 x23:0x00000000 x11:0x80041024 x27=0x8004102c
     156755.000 ns	     15674	800036a8	4199d533	sra	x10,x19,x25	 x19:0x80040fe4 x25:0x00000004 x10=0xf80040fe
     156765.000 ns	     15675	800036ac	01002933	slt	x18,x0,x16	  x0:0x00000000 x16:0xffffffff x18=0x00000000
     156785.000 ns	     15677	800036b0	0248c6b3	div	x13,x17,x4	 x17:0x00000000  x4:0x00000000 x13=0xffffffff
     156815.000 ns	     15680	800036b4	e00e01d3	fmv.x.w	x3,f28	 f28:0x80000000  x3=0x80000000
     157185.000 ns	     15717	800036b8	03387d33	remu	x26,x16,x19	 x16:0xffffffff x19:0x80040fe4 x26=0x7ffbf01b
     157215.000 ns	     15720	800036bc	290388d3	fmin.s	f17,f7,f16	  f7:0x4f800000 f16:0x473501d1 f17=0x473501d1
     157235.000 ns	     15722	800036c0	11ce4993	xori	x19,x28,284	 x28:0x00000000 x19=0x0000011c
     157275.000 ns	     15726	800036c4	0050bad3	fadd.s	f21,f1,f5	  f1:0x00000000  f5:0xcee09300 f21=0xcee09300
     157295.000 ns	     15728	800036c8	00000013	addi	x0,x0,0	  x0:0x00000000
     157315.000 ns	     15730	800036cc	034cedb3	rem	x27,x25,x20	 x25:0x00000004 x20:0x00000000 x27=0x00000004
     157335.000 ns	     15732	800036d0	008578b3	and	x17,x10,x8	 x10:0xf80040fe  x8:0x80040fe4 x17=0x800000e4
     157355.000 ns	     15734	800036d4	f0060e53	fmv.w.x	f28,x12	 x12:0xfffffbcf f28=0xfffffbcf
     157385.000 ns	     15737	800036d8	c0161fd3	fcvt.wu.s	x31,f12	 f12:0x80000000 x31=0x00000000
     157405.000 ns	     15739	800036dc	0152c997	auipc	x19,0x152c	 x19=0x8152f6dc
     157425.000 ns	     15741	800036e0	c0167853	fcvt.wu.s	x16,f12	 f12:0x80000000 x16=0x00000000
     157455.000 ns	     15744	800036e4	03539633	mulh	x12,x7,x21	  x7:0xffffffff x21:0x00000000 x12=0x00000000
     157475.000 ns	     15746	800036e8	01e9ab33	slt	x22,x19,x30	 x19:0x8152f6dc x30:0x00000001 x22=0x00000001
     157485.000 ns	     15747	800036ec	c745f293	andi	x5,x11,-908	 x11:0x80041024  x5=0x80041024
     157505.000 ns	     15749	800036f0	c01d89d3	fcvt.wu.s	x19,f27	 f27:0xcb2b8e40 x19=0x00ab8e40
     157525.000 ns	     15751	800036f4	400a5313	srai	x6,x20,0x0	 x20:0x00000000  x6=0x00000000
     157885.000 ns	     15787	800036f8	03a5f4b3	remu	x9,x11,x26	 x11:0x80041024 x26:0x7ffbf01b  x9=0x00082009
     157905.000 ns	     15789	800036fc	5edfcd13	xori	x26,x31,1517	 x31:0x00000000 x26=0x000005ed
     157915.000 ns	     15790	80003700	013aeeb3	or	x29,x21,x19	 x21:0x00000000 x19:0x00ab8e40 x29=0x00ab8e40
     157935.000 ns	     15792	80003704	297f80d3	fmin.s	f1,f31,f23	 f31:0xffc00000 f23:0x00000000  f1=0x00000000
     157965.000 ns	     15795	80003708	d003f9d3	fcvt.s.w	f19,x7	  x7:0xffffffff f19=0xbf800000
     157985.000 ns	     15797	8000370c	57f0ed93	ori	x27,x1,1407	  x1:0xffffffd6 x27=0xffffffff
     158015.000 ns	     15800	80003710	10ab7153	fmul.s	f2,f22,f10	 f22:0x00000001 f10:0x80000000  f2=0x80000000
     158035.000 ns	     15802	80003714	443dc237	lui	x4,0x443dc	  x4=0x443dc000
     158055.000 ns	     15804	80003718	a1ceaa53	feq.s	x20,f29,f28	 f29:0x5cc7dfd3 f28:0xfffffbcf x20=0x00000000
     158075.000 ns	     15806	8000371c	38c3a693	slti	x13,x7,908	  x7:0xffffffff x13=0x00000001
     158105.000 ns	     15809	80003720	18beb353	fdiv.s	f6,f29,f11	 f29:0x5cc7dfd3 f11:0x7fc00000  f6=0x7fc00000
     158125.000 ns	     15811	80003724	40b25633	sra	x12,x4,x11	  x4:0x443dc000 x11:0x80041024 x12=0x0443dc00
     158145.000 ns	     15813	80003728	c01cf953	fcvt.wu.s	x18,f25	 f25:0xccc7d85e x18=0x063ec2f0
     158175.000 ns	     15816	8000372c	c005f2d3	fcvt.w.s	x5,f11	 f11:0x7fc00000  x5=0x7fffffff
     158215.000 ns	     15820	80003730	18747953	fdiv.s	f18,f8,f7	  f8:0x7fc00000  f7:0x4f800000 f18=0x7fc00000
     158245.000 ns	     15823	80003734	c0007653	fcvt.w.s	x12,f0	  f0:0x473501d1 x12=0x0000b501
     158275.000 ns	     15826	80003738	f00e8fd3	fmv.w.x	f31,x29	 x29:0x00ab8e40 f31=0x00ab8e40
     158315.000 ns	     15830	8000373c	10ccb453	fmul.s	f8,f25,f12	 f25:0xccc7d85e f12:0x80000000  f8=0x00000000
     158345.000 ns	     15833	80003740	032282b3	mul	x5,x5,x18	  x5:0x7fffffff x18:0x063ec2f0  x5=0xf9c13d10
     158365.000 ns	     15835	80003744	019860b3	or	x1,x16,x25	 x16:0x00000000 x25:0x00000004  x1=0x00000004
     158385.000 ns	     15837	80003748	d00047d3	fcvt.s.w	f15,x0	  x0:0x00000000 f15=0x00000000
     158415.000 ns	     15840	8000374c	205e27d3	fsgnjx.s	f15,f28,f5	 f28:0xfffffbcf  f5:0xcee09300 f15=0x7ffffbcf
     158435.000 ns	     15842	80003750	01af1d33	sll	x26,x30,x26	 x30:0x00000001 x26:0x000005ed x26=0x00002000
     158455.000 ns	     15844	80003754	a0ae01d3	fle.s	x3,f28,f10	 f28:0xfffffbcf f10:0x80000000  x3=0x00000000
     158475.000 ns	     15846	80003758	006d49b3	xor	x19,x26,x6	 x26:0x000005ed  x6:0x00000000 x19=0x00002000
     158485.000 ns	     15847	8000375c	13452717	auipc	x14,0x13452	 x14=0x9345575c
     158505.000 ns	     15849	80003760	296583d3	fmin.s	f7,f11,f22	 f11:0x7fc00000 f22:0x00000001  f7=0x00000001
     158525.000 ns	     15851	80003764	414f5eb3	sra	x29,x30,x20	 x30:0x00000001 x20:0x00000000 x29=0x00000001
     158535.000 ns	     15852	80003768	41e08bb3	sub	x23,x1,x30	  x1:0x00000004 x30:0x00000001 x23=0x00000003
     158545.000 ns	     15853	8000376c	01eac933	xor	x18,x21,x30	 x21:0x00000000 x30:0x00000001 x18=0x00000001
     158905.000 ns	     15889	80003770	037be8b3	rem	x17,x23,x23	 x23:0x00000008 x23:0x00000008 x17=0x00000000
     158925.000 ns	     15891	80003774	43eec113	xori	x2,x29,1086	 x29:0x00000001  x2=0x0000043f
     158935.000 ns	     15892	80003778	015b2b13	slti	x22,x22,21	 x22:0x00000001 x22=0x00000001
     158955.000 ns	     15894	8000377c	c0089f53	fcvt.w.s	x30,f17	 f17:0x473501d1 x30=0x0000b501
     158975.000 ns	     15896	80003780	00565b93	srli	x23,x12,0x5	 x12:0x0000b501 x23=0x000005a8
     158995.000 ns	     15898	80003784	2005abd3	fsgnjx.s	f23,f11,f0	 f11:0x7fc00000  f0:0x473501d1 f23=0x7fc00000
     159015.000 ns	     15900	80003788	8a268a13	addi	x20,x13,-1886	 x13:0x00000001 x20=0xfffff8a3
     159025.000 ns	     15901	8000378c	01ec29b3	slt	x19,x24,x30	 x24:0x000a3948 x30:0x0000b501 x19=0x00000000
     159065.000 ns	     15905	80003790	082c11d3	fsub.s	f3,f24,f2	 f24:0x4f800000  f2:0x80000000  f3=0x4f800000
     159085.000 ns	     15907	80003794	016e3c33	sltu	x24,x28,x22	 x28:0x00000000 x22:0x00000001 x24=0x00000001
     159095.000 ns	     15908	80003798	00000013	addi	x0,x0,0	  x0:0x00000000
     159105.000 ns	     15909	8000379c	ef518993	addi	x19,x3,-267	  x3:0x00000000 x19=0xfffffef5
     159125.000 ns	     15911	800037a0	e00491d3	fclass.s	x3,f9	  f9:0x473501d1  x3=0x00000040
     159145.000 ns	     15913	800037a4	016744b3	xor	x9,x14,x22	 x14:0x9345575c x22:0x00000001  x9=0x9345575d
     159165.000 ns	     15915	800037a8	219e9b53	fsgnjn.s	f22,f29,f25	 f29:0x5cc7dfd3 f25:0xccc7d85e f22=0x5cc7dfd3
     159185.000 ns	     15917	800037ac	00896a33	or	x20,x18,x8	 x18:0x00000001  x8:0x80040fe4 x20=0x80040fe5
     159205.000 ns	     15919	800037b0	a09c0353	fle.s	x6,f24,f9	 f24:0x4f800000  f9:0x473501d1  x6=0x00000000
     159225.000 ns	     15921	800037b4	00dbd2b3	srl	x5,x23,x13	 x23:0x000005a8 x13:0x00000001  x5=0x000002d4
     159235.000 ns	     15922	800037b8	dc7b7013	andi	x0,x22,-569	 x22:0x00000001
     159265.000 ns	     15925	800037bc	580a7653	fsqrt.s	f12,f20	 f20:0x80000001 f12=0x7fc00000
     159295.000 ns	     15928	800037c0	d00a0cd3	fcvt.s.w	f25,x20	 x20:0x80040fe5 f25=0xcefff7e0
     159325.000 ns	     15931	800037c4	21c228d3	fsgnjx.s	f17,f4,f28	  f4:0x7fc00000 f28:0xfffffbcf f17=0xffc00000
     159365.000 ns	     15935	800037c8	58053a53	fsqrt.s	f20,f10	 f10:0x80000000 f20=0x80000000
     159395.000 ns	     15938	800037cc	20b80153	fsgnj.s	f2,f16,f11	 f16:0x473501d1 f11:0x7fc00000  f2=0x473501d1
     159425.000 ns	     15941	800037d0	02132cb3	mulhsu	x25,x6,x1	  x6:0x00000000  x1:0x00000004 x25=0x00000000
     159445.000 ns	     15943	800037d4	5229e197	auipc	x3,0x5229e	  x3=0xd22a17d4
     159455.000 ns	     15944	800037d8	40da0533	sub	x10,x20,x13	 x20:0x80040fe5 x13:0x00000001 x10=0x80040fe4
     159475.000 ns	     15946	800037dc	f00f0ed3	fmv.w.x	f29,x30	 x30:0x0000b501 f29=0x0000b501
     159495.000 ns	     15948	800037e0	9d32ab13	slti	x22,x5,-1581	  x5:0x000002d4 x22=0x00000000
     159515.000 ns	     15950	800037e4	d01ff3d3	fcvt.s.wu	f7,x31	 x31:0x00000000  f7=0x00000000
     159535.000 ns	     15952	800037e8	40028db3	sub	x27,x5,x0	  x5:0x000002d4  x0:0x00000000 x27=0x000002d4
     159545.000 ns	     15953	800037ec	016fb0b3	sltu	x1,x31,x22	 x31:0x00000000 x22:0x00000000  x1=0x00000000
     159555.000 ns	     15954	800037f0	01626933	or	x18,x4,x22	  x4:0x443dc000 x22:0x00000000 x18=0x443dc000
     159575.000 ns	     15956	800037f4	c0007353	fcvt.w.s	x6,f0	  f0:0x473501d1  x6=0x0000b501
     159945.000 ns	     15993	800037f8	0287fe33	remu	x28,x15,x8	 x15:0xf9c13d14  x8:0x80040fe4 x28=0x79bd2d30
     159965.000 ns	     15995	800037fc	410eddb3	sra	x27,x29,x16	 x29:0x00000001 x16:0x00000000 x27=0x00000001
     159975.000 ns	     15996	80003800	00089ab3	sll	x21,x17,x0	 x17:0x00000000  x0:0x00000000 x21=0x00000000
     159995.000 ns	     15998	80003804	d0021a53	fcvt.s.w	f20,x4	  x4:0x443dc000 f20=0x4e887b80
     160015.000 ns	     16000	80003808	f9b58f93	addi	x31,x11,-101	 x11:0x80041024 x31=0x80040fbf
     160035.000 ns	     16002	8000380c	29471d53	fmax.s	f26,f14,f20	 f14:0x00000200 f20:0x4e887b80 f26=0x4e887b80
     160055.000 ns	     16004	80003810	72187f93	andi	x31,x16,1825	 x16:0x00000000 x31=0x00000000
     160075.000 ns	     16006	80003814	218301d3	fsgnj.s	f3,f6,f24	  f6:0x7fc00000 f24:0x4f800000  f3=0x7fc00000
     160095.000 ns	     16008	80003818	0177dfb3	srl	x31,x15,x23	 x15:0xf9c13d14 x23:0x000005a8 x31=0x00f9c13d
     160115.000 ns	     16010	8000381c	a15692d3	flt.s	x5,f13,f21	 f13:0x00000000 f21:0xcee09300  x5=0x00000000
     160135.000 ns	     16012	80003820	6aaf2c13	slti	x24,x30,1706	 x30:0x0000b501 x24=0x00000000
     160155.000 ns	     16014	80003824	a1858f53	fle.s	x30,f11,f24	 f11:0x7fc00000 f24:0x4f800000 x30=0x00000000
     160185.000 ns	     16017	80003828	03665933	divu	x18,x12,x22	 x12:0x0000b501 x22:0x00000000 x18=0xffffffff
     160215.000 ns	     16020	8000382c	037813b3	mulh	x7,x16,x23	 x16:0x00000000 x23:0x000005a8  x7=0x00000000
     160235.000 ns	     16022	80003830	97a1a493	slti	x9,x3,-1670	  x3:0xd22a17d4  x9=0x00000001
     160245.000 ns	     16023	80003834	0103f833	and	x16,x7,x16	  x7:0x00000000 x16:0x00000000 x16=0x00000000
     160255.000 ns	     16024	80003838	012fb933	sltu	x18,x31,x18	 x31:0x00f9c13d x18:0xffffffff x18=0x00000001
     160275.000 ns	     16026	8000383c	d01c7853	fcvt.s.wu	f16,x24	 x24:0x00000000 f16=0x00000000
     160295.000 ns	     16028	80003840	00000013	addi	x0,x0,0	  x0:0x00000000
     160315.000 ns	     16030	80003844	03bb1c33	mulh	x24,x22,x27	 x22:0x00000000 x27:0x00000001 x24=0x00000000
     160335.000 ns	     16032	80003848	b9252093	slti	x1,x10,-1134	 x10:0x80040fe4  x1=0x00000001
     160345.000 ns	     16033	8000384c	b8d62013	slti	x0,x12,-1139	 x12:0x0000b501
     160355.000 ns	     16034	80003850	ba8ff917	auipc	x18,0xba8ff	 x18=0x3a902850
     160365.000 ns	     16035	80003854	418e5033	sra	x0,x28,x24	 x28:0x79bd2d30 x24:0x00000000
     160375.000 ns	     16036	80003858	00dfcc33	xor	x24,x31,x13	 x31:0x00f9c13d x13:0x00000001 x24=0x00f9c13c
     160395.000 ns	     16038	8000385c	0212b333	mulhu	x6,x5,x1	  x5:0x00000000  x1:0x00000001  x6=0x00000000
     160415.000 ns	     16040	80003860	e287ec17	auipc	x24,0xe287e	 x24=0x62881860
     160425.000 ns	     16041	80003864	a2fbf3b7	lui	x7,0xa2fbf	  x7=0xa2fbf000
     160465.000 ns	     16045	80003868	0000f253	fadd.s	f4,f1,f0	  f1:0x00000000  f0:0x473501d1  f4=0x473501d1
     160485.000 ns	     16047	8000386c	d97491b7	lui	x3,0xd9749	  x3=0xd9749000
     160525.000 ns	     16051	80003870	00a97853	fadd.s	f16,f18,f10	 f18:0x7fc00000 f10:0x80000000 f16=0x7fc00000
     160545.000 ns	     16053	80003874	f96c9897	auipc	x17,0xf96c9	 x17=0x796cc874
     160555.000 ns	     16054	80003878	00000013	addi	x0,x0,0	  x0:0x00000000
     160565.000 ns	     16055	8000387c	ca88c813	xori	x16,x17,-856	 x17:0x00000000 x16=0x869334dc
     160585.000 ns	     16057	80003880	02f51eb3	mulh	x29,x10,x15	 x10:0x80040fe4 x15:0xf9c13d14 x29=0x031f4817
     160605.000 ns	     16059	80003884	410651b3	sra	x3,x12,x16	 x12:0x0000b501 x16:0x00000000  x3=0x00000000
     160615.000 ns	     16060	80003888	00000013	addi	x0,x0,0	  x0:0x00000000
     160635.000 ns	     16062	8000388c	e00a1c53	fclass.s	x24,f20	 f20:0x4e887b80 x24=0x00000040
     160665.000 ns	     16065	80003890	28f587d3	fmin.s	f15,f11,f15	 f11:0x7fc00000 f15:0x7ffffbcf f15=0x7fc00000
     160685.000 ns	     16067	80003894	00000013	addi	x0,x0,0	  x0:0x00000000
     160705.000 ns	     16069	80003898	29bc8c53	fmin.s	f24,f25,f27	 f25:0xcefff7e0 f27:0xcb2b8e40 f24=0xcefff7e0
     160755.000 ns	     16074	8000389c	0972f653	fsub.s	f12,f5,f23	  f5:0xcee09300 f23:0x7fc00000 f12=0x7fc00000
     160775.000 ns	     16076	800038a0	01cc0f33	add	x30,x24,x28	 x24:0x00000040 x28:0x79bd2d30 x30=0x79bd2d70
     161135.000 ns	     16112	800038a4	021a4c33	div	x24,x20,x1	 x20:0x80040fe5  x1:0x00000001 x24=0x80040fe5
     161155.000 ns	     16114	800038a8	00af5913	srli	x18,x30,0xa	 x30:0x00000000 x18=0x001e6f4b
     161165.000 ns	     16115	800038ac	2512e293	ori	x5,x5,593	  x5:0x00000000  x5=0x00000251
     161175.000 ns	     16116	800038b0	01a2ad33	slt	x26,x5,x26	  x5:0x00000000 x26:0x00002000 x26=0x00000001
     161185.000 ns	     16117	800038b4	bb291e17	auipc	x28,0xbb291	 x28=0x3b2948b4
     161195.000 ns	     16118	800038b8	014e0bb3	add	x23,x28,x20	 x28:0x79bd2d30 x20:0x80040fe5 x23=0xbb2d5899
     161205.000 ns	     16119	800038bc	018b7a33	and	x20,x22,x24	 x22:0x00000000 x24:0x80040fe5 x20=0x00000000
     161225.000 ns	     16121	800038c0	a15e8c53	fle.s	x24,f29,f21	 f29:0x0000b501 f21:0xcee09300 x24=0x00000000
     161245.000 ns	     16123	800038c4	00dc9d93	slli	x27,x25,0xd	 x25:0x00000000 x27=0x00000000
     161265.000 ns	     16125	800038c8	c00d7f53	fcvt.w.s	x30,f26	 f26:0x4e887b80 x30=0x443dc000
     161305.000 ns	     16129	800038cc	5806b953	fsqrt.s	f18,f13	 f13:0x00000000 f18=0x00000000
     161335.000 ns	     16132	800038d0	039cf333	remu	x6,x25,x25	 x25:0x00000000 x25:0x00000000  x6=0x00000000
     161355.000 ns	     16134	800038d4	012e54b3	srl	x9,x28,x18	 x28:0x3b2948b4 x18:0x001e6f4b  x9=0x00076529
     161395.000 ns	     16138	800038d8	00617bd3	fadd.s	f23,f2,f6	  f2:0x473501d1  f6:0x7fc00000 f23=0x7fc00000
     161415.000 ns	     16140	800038dc	41a60233	sub	x4,x12,x26	 x12:0x0000b501 x26:0x00000001  x4=0x0000b500
     161435.000 ns	     16142	800038e0	a1432cd3	feq.s	x25,f6,f20	  f6:0x7fc00000 f20:0x4e887b80 x25=0x00000000
     161465.000 ns	     16145	800038e4	e0049553	fclass.s	x10,f9	  f9:0x473501d1 x10=0x00000040
     161835.000 ns	     16182	800038e8	0219f2b3	remu	x5,x19,x1	 x19:0xfffffef5  x1:0x00000001  x5=0x00000000
     161855.000 ns	     16184	800038ec	2dabe837	lui	x16,0x2dabe	 x16=0x2dabe000
     161865.000 ns	     16185	800038f0	0029d6b3	srl	x13,x19,x2	 x19:0xfffffef5  x2:0x0000043f x13=0x00000001
     161895.000 ns	     16188	800038f4	580e7153	fsqrt.s	f2,f28	 f28:0xfffffbcf  f2=0x7fc00000
     161915.000 ns	     16190	800038f8	579e8893	addi	x17,x29,1401	 x29:0x031f4817 x17=0x031f4d90
     161935.000 ns	     16192	800038fc	c00ca3d3	fcvt.w.s	x7,f25	 f25:0xcefff7e0  x7=0x80041000
     161955.000 ns	     16194	80003900	00b4a3b3	slt	x7,x9,x11	  x9:0x00076529 x11:0x80041024  x7=0x00000000
     161965.000 ns	     16195	80003904	416bd333	sra	x6,x23,x22	 x23:0xbb2d5899 x22:0x00000000  x6=0xbb2d5899
     161985.000 ns	     16197	80003908	c00cf053	fcvt.w.s	x0,f25	 f25:0xcefff7e0
     162015.000 ns	     16200	8000390c	28df0bd3	fmin.s	f23,f30,f13	 f30:0x00000000 f13:0x00000000 f23=0x00000000
     162035.000 ns	     16202	80003910	4016dfb3	sra	x31,x13,x1	 x13:0x00000001  x1:0x00000001 x31=0x00000000
     162065.000 ns	     16205	80003914	580e2cd3	fsqrt.s	f25,f28	 f28:0xfffffbcf f25=0x7fc00000
     162085.000 ns	     16207	80003918	00e9a533	slt	x10,x19,x14	 x19:0xfffffef5 x14:0x9345575c x10=0x00000000
     162095.000 ns	     16208	8000391c	015d2a33	slt	x20,x26,x21	 x26:0x00000001 x21:0x00000000 x20=0x00000000
     162115.000 ns	     16210	80003920	e00f9a53	fclass.s	x20,f31	 f31:0x00ab8e40 x20=0x00000040
     162135.000 ns	     16212	80003924	00455833	srl	x16,x10,x4	 x10:0x00000000  x4:0x0000b500 x16=0x00000000
     162155.000 ns	     16214	80003928	e0079c53	fclass.s	x24,f15	 f15:0x7fc00000 x24=0x00000200
     162185.000 ns	     16217	8000392c	a1df2153	feq.s	x2,f30,f29	 f30:0x00000000 f29:0x0000b501  x2=0x00000000
     162205.000 ns	     16219	80003930	00f9a233	slt	x4,x19,x15	 x19:0xfffffef5 x15:0xf9c13d14  x4=0x00000000
     162225.000 ns	     16221	80003934	d01af953	fcvt.s.wu	f18,x21	 x21:0x00000000 f18=0x00000000
     162245.000 ns	     16223	80003938	41495733	sra	x14,x18,x20	 x18:0x001e6f4b x20:0x00000040 x14=0x001e6f4b
     162255.000 ns	     16224	8000393c	011c0bb3	add	x23,x24,x17	 x24:0x00000200 x17:0x031f4d90 x23=0x031f4f90
     162265.000 ns	     16225	80003940	01490e33	add	x28,x18,x20	 x18:0x001e6f4b x20:0x00000040 x28=0x001e6f8b
     162275.000 ns	     16226	80003944	01663313	sltiu	x6,x12,22	 x12:0x0000b501  x6=0x00000000
     162295.000 ns	     16228	80003948	a06badd3	feq.s	x27,f23,f6	 f23:0x00000000  f6:0x7fc00000 x27=0x00000000
     162325.000 ns	     16231	8000394c	03f532b3	mulhu	x5,x10,x31	 x10:0x00000000 x31:0x00000000  x5=0x00000000
     162345.000 ns	     16233	80003950	00119e13	slli	x28,x3,0x1	  x3:0x00000000 x28=0x00000000
     162365.000 ns	     16235	80003954	21c08553	fsgnj.s	f10,f1,f28	  f1:0x00000000 f28:0xfffffbcf f10=0x80000000
     162385.000 ns	     16237	80003958	41f9d493	srai	x9,x19,0x1f	 x19:0xfffffef5  x9=0xffffffff
     162395.000 ns	     16238	8000395c	009b5a33	srl	x20,x22,x9	 x22:0x00000000  x9:0x00076529 x20=0x00000000
     162405.000 ns	     16239	80003960	40540bb3	sub	x23,x8,x5	  x8:0x80040fe4  x5:0x00000000 x23=0x80040fe4
     162425.000 ns	     16241	80003964	202aabd3	fsgnjx.s	f23,f21,f2	 f21:0xcee09300  f2:0x7fc00000 f23=0xcee09300
     162455.000 ns	     16244	80003968	03d5a833	mulhsu	x16,x11,x29	 x11:0x80041024 x29:0x031f4817 x16=0xfe7068a4
     162485.000 ns	     16247	8000396c	d00f2e53	fcvt.s.w	f28,x30	 x30:0x443dc000 f28=0x4e887b80
     162515.000 ns	     16250	80003970	c00fffd3	fcvt.w.s	x31,f31	 f31:0x00ab8e40 x31=0x00000000
     162545.000 ns	     16253	80003974	a04c1753	flt.s	x14,f24,f4	 f24:0xcefff7e0  f4:0x473501d1 x14=0x00000001
     162575.000 ns	     16256	80003978	c0102c53	fcvt.wu.s	x24,f0	  f0:0x473501d1 x24=0x0000b502
     162605.000 ns	     16259	8000397c	0231aeb3	mulhsu	x29,x3,x3	  x3:0x00000000  x3:0x00000000 x29=0x00000000
     162625.000 ns	     16261	80003980	002b7e33	and	x28,x22,x2	 x22:0x00000000  x2:0x00000000 x28=0x00000000
     162645.000 ns	     16263	80003984	a083a4d3	feq.s	x9,f7,f8	  f7:0x00000000  f8:0x00000000  x9=0x00000001
     163015.000 ns	     16300	80003988	03eec0b3	div	x1,x29,x30	 x29:0x00000000 x30:0x443dc000  x1=0x00000000
     163045.000 ns	     16303	8000398c	e0059253	fclass.s	x4,f11	 f11:0x7fc00000  x4=0x00000200
     163075.000 ns	     16306	80003990	d01bbb53	fcvt.s.wu	f22,x23	 x23:0x80040fe4 f22=0x4f000410
     163095.000 ns	     16308	80003994	00ca9013	slli	x0,x21,0xc	 x21:0x00000000
     163105.000 ns	     16309	80003998	40a15613	srai	x12,x2,0xa	  x2:0x00000000 x12=0x00000000
     163115.000 ns	     16310	8000399c	05409197	auipc	x3,0x5409	  x3=0x8540c99c
     163135.000 ns	     16312	800039a0	a003a3d3	feq.s	x7,f7,f0	  f7:0x00000000  f0:0x473501d1  x7=0x00000000
     163165.000 ns	     16315	800039a4	0354c133	div	x2,x9,x21	  x9:0x00000001 x21:0x00000000  x2=0xffffffff
     163195.000 ns	     16318	800039a8	206aa9d3	fsgnjx.s	f19,f21,f6	 f21:0xcee09300  f6:0x7fc00000 f19=0xcee09300
     163225.000 ns	     16321	800039ac	03ced533	divu	x10,x29,x28	 x29:0x00000000 x28:0x00000000 x10=0xffffffff
     163245.000 ns	     16323	800039b0	00315a13	srli	x20,x2,0x3	  x2:0xffffffff x20=0x1fffffff
     163255.000 ns	     16324	800039b4	006749b3	xor	x19,x14,x6	 x14:0x00000001  x6:0x00000000 x19=0x00000001
     163275.000 ns	     16326	800039b8	c00d78d3	fcvt.w.s	x17,f26	 f26:0x4e887b80 x17=0x443dc000
     163305.000 ns	     16329	800039bc	c0038e53	fcvt.w.s	x28,f7	  f7:0x00000000 x28=0x00000000
     163325.000 ns	     16331	800039c0	303e3937	lui	x18,0x303e3	 x18=0x303e3000
     163355.000 ns	     16334	800039c4	11273853	fmul.s	f16,f14,f18	 f14:0x00000200 f18:0x00000000 f16=0x00000000
     163375.000 ns	     16336	800039c8	40865613	srai	x12,x12,0x8	 x12:0x00000000 x12=0x00000000
     163385.000 ns	     16337	800039cc	00479d33	sll	x26,x15,x4	 x15:0xf9c13d14  x4:0x00000200 x26=0xf9c13d14
     163405.000 ns	     16339	800039d0	a0d78a53	fle.s	x20,f15,f13	 f15:0x7fc00000 f13:0x00000000 x20=0x00000000
     163425.000 ns	     16341	800039d4	002068b3	or	x17,x0,x2	  x0:0x00000000  x2:0xffffffff x17=0xffffffff
     163445.000 ns	     16343	800039d8	e0009853	fclass.s	x16,f1	  f1:0x00000000 x16=0x00000010
     163465.000 ns	     16345	800039dc	01260233	add	x4,x12,x18	 x12:0x00000000 x18:0x303e3000  x4=0x303e3000
     163485.000 ns	     16347	800039e0	c0017353	fcvt.w.s	x6,f2	  f2:0x7fc00000  x6=0x7fffffff
     163505.000 ns	     16349	800039e4	1f353e13	sltiu	x28,x10,499	 x10:0xffffffff x28=0x00000000
     163525.000 ns	     16351	800039e8	a0741053	flt.s	x0,f8,f7	  f8:0x00000000  f7:0x00000000
     163575.000 ns	     16356	800039ec	09737053	fsub.s	f0,f6,f23	  f6:0x7fc00000 f23:0xcee09300  f0=0x7fc00000
     163595.000 ns	     16358	800039f0	803e7613	andi	x12,x28,-2045	 x28:0x00000000 x12=0x00000000
     163605.000 ns	     16359	800039f4	45571ab7	lui	x21,0x45571	 x21=0x45571000
     163615.000 ns	     16360	800039f8	0042efb3	or	x31,x5,x4	  x5:0x00000000  x4:0x303e3000 x31=0x303e3000
     163625.000 ns	     16361	800039fc	a3fc0d13	addi	x26,x24,-1473	 x24:0x0000b502 x26=0x0000af41
     163645.000 ns	     16363	80003a00	c01bae53	fcvt.wu.s	x28,f23	 f23:0xcee09300 x28=0x70498000
     163675.000 ns	     16366	80003a04	025eabb3	mulhsu	x23,x29,x5	 x29:0x00000000  x5:0x00000000 x23=0x00000000
     163725.000 ns	     16371	80003a08	009ff053	fadd.s	f0,f31,f9	 f31:0x00ab8e40  f9:0x473501d1  f0=0x473501d1
     163745.000 ns	     16373	80003a0c	f3860713	addi	x14,x12,-200	 x12:0x00000000 x14=0xffffff38
     163755.000 ns	     16374	80003a10	018489b3	add	x19,x9,x24	  x9:0x00000001 x24:0x0000b502 x19=0x0000b503
     163765.000 ns	     16375	80003a14	90860d13	addi	x26,x12,-1784	 x12:0x00000000 x26=0xfffff908
     163775.000 ns	     16376	80003a18	40d152b3	sra	x5,x2,x13	  x2:0xffffffff x13:0x00000001  x5=0xffffffff
     163795.000 ns	     16378	80003a1c	e00b8fd3	fmv.x.w	x31,f23	 f23:0xcee09300 x31=0xcee09300
     163815.000 ns	     16380	80003a20	00e35393	srli	x7,x6,0xe	  x6:0x7fffffff  x7=0x0001ffff
     163825.000 ns	     16381	80003a24	4101d2b3	sra	x5,x3,x16	  x3:0x8540c99c x16:0x00000010  x5=0xffff8540
     164185.000 ns	     16417	80003a28	03a070b3	remu	x1,x0,x26	  x0:0x00000000 x26:0xfffff908  x1=0x00000000
     164215.000 ns	     16420	80003a2c	283b9c53	fmax.s	f24,f23,f3	 f23:0xcee09300  f3:0x7fc00000 f24=0xcee09300
     164245.000 ns	     16423	80003a30	f0048453	fmv.w.x	f8,x9	  x9:0x00000001  f8=0x00000001
     164275.000 ns	     16426	80003a34	206d9053	fsgnjn.s	f0,f27,f6	 f27:0xcb2b8e40  f6:0x7fc00000  f0=0xcb2b8e40
     164305.000 ns	     16429	80003a38	03f6aab3	mulhsu	x21,x13,x31	 x13:0x00000001 x31:0xcee09300 x21=0x00000000
     164675.000 ns	     16466	80003a3c	02b768b3	rem	x17,x14,x11	 x14:0xffffff38 x11:0x80041024 x17=0xffffff38
     164695.000 ns	     16468	80003a40	7a3f7c13	andi	x24,x30,1955	 x30:0x443dc000 x24=0x00000000
     164705.000 ns	     16469	80003a44	016b1b13	slli	x22,x22,0x16	 x22:0x00000000 x22=0x00000000
     164715.000 ns	     16470	80003a48	00000013	addi	x0,x0,0	  x0:0x00000000
     164735.000 ns	     16472	80003a4c	c01ffed3	fcvt.wu.s	x29,f31	 f31:0x00ab8e40 x29=0x00000000
     164755.000 ns	     16474	80003a50	1d0cfe13	andi	x28,x25,464	 x25:0x00000000 x28=0x00000000
     164765.000 ns	     16475	80003a54	47967197	auipc	x3,0x47967	  x3=0xc796aa54
     165095.000 ns	     16508	80003a58	19c9b953	fdiv.s	f18,f19,f28	 f19:0xcee09300 f28:0x4e887b80 f18=0xbf609300
     165115.000 ns	     16510	80003a5c	655d6993	ori	x19,x26,1621	 x26:0xfffff908 x19=0xffffff5d
     165135.000 ns	     16512	80003a60	20438753	fsgnj.s	f14,f7,f4	  f7:0x00000000  f4:0x473501d1 f14=0x00000000
     165155.000 ns	     16514	80003a64	017e9b13	slli	x22,x29,0x17	 x29:0x00000000 x22=0x00000000
     165175.000 ns	     16516	80003a68	21f69853	fsgnjn.s	f16,f13,f31	 f13:0x00000000 f31:0x00ab8e40 f16=0x80000000
     165195.000 ns	     16518	80003a6c	01ecf933	and	x18,x25,x30	 x25:0x00000000 x30:0x443dc000 x18=0x00000000
     165205.000 ns	     16519	80003a70	17b60193	addi	x3,x12,379	 x12:0x00000000  x3=0x0000017b
     165215.000 ns	     16520	80003a74	0147f1b3	and	x3,x15,x20	 x15:0xf9c13d14 x20:0x00000000  x3=0x00000000
     165575.000 ns	     16556	80003a78	02e3cfb3	div	x31,x7,x14	  x7:0x0001ffff x14:0xffffff38 x31=0xfffffd71
     165595.000 ns	     16558	80003a7c	01291fb3	sll	x31,x18,x18	 x18:0x00000000 x18:0x00000000 x31=0x00000000
     165605.000 ns	     16559	80003a80	0024d233	srl	x4,x9,x2	  x9:0x00000001  x2:0xffffffff  x4=0x00000000
     165615.000 ns	     16560	80003a84	00233633	sltu	x12,x6,x2	  x6:0x7fffffff  x2:0xffffffff x12=0x00000001
     165625.000 ns	     16561	80003a88	cb5b4093	xori	x1,x22,-843	 x22:0x00000000  x1=0xfffffcb5
     165635.000 ns	     16562	80003a8c	017fd1b3	srl	x3,x31,x23	 x31:0x00000000 x23:0x00000000  x3=0x00000000
     165645.000 ns	     16563	80003a90	41c88733	sub	x14,x17,x28	 x17:0xffffff38 x28:0x00000000 x14=0xffffff38
     165655.000 ns	     16564	80003a94	001a4033	xor	x0,x20,x1	 x20:0x00000000  x1:0xfffffcb5
     165675.000 ns	     16566	80003a98	20192853	fsgnjx.s	f16,f18,f1	 f18:0xbf609300  f1:0x00000000 f16=0xbf609300
     165695.000 ns	     16568	80003a9c	00db6033	or	x0,x22,x13	 x22:0x00000000 x13:0x00000001
     165715.000 ns	     16570	80003aa0	a0859f53	flt.s	x30,f11,f8	 f11:0x7fc00000  f8:0x00000001 x30=0x00000000
     165735.000 ns	     16572	80003aa4	000bad33	slt	x26,x23,x0	 x23:0x00000000  x0:0x00000000 x26=0x00000000
     165745.000 ns	     16573	80003aa8	5d8f7297	auipc	x5,0x5d8f7	  x5=0xdd8faaa8
     165755.000 ns	     16574	80003aac	19568093	addi	x1,x13,405	 x13:0x00000001  x1=0x00000196
     165765.000 ns	     16575	80003ab0	19146e13	ori	x28,x8,401	  x8:0x80040fe4 x28=0x80040ff5
     165775.000 ns	     16576	80003ab4	01f62a33	slt	x20,x12,x31	 x12:0x00000001 x31:0x00000000 x20=0x00000000
     165795.000 ns	     16578	80003ab8	e0021bd3	fclass.s	x23,f4	  f4:0x473501d1 x23=0x00000040
     165815.000 ns	     16580	80003abc	00537f33	and	x30,x6,x5	  x6:0x7fffffff  x5:0xdd8faaa8 x30=0x5d8faaa8
     165845.000 ns	     16583	80003ac0	580f7653	fsqrt.s	f12,f30	 f30:0x00000000 f12=0x00000000
     166215.000 ns	     16620	80003ac4	02f8ca33	div	x20,x17,x15	 x17:0xffffff38 x15:0xf9c13d14 x20=0x00000000
     166235.000 ns	     16622	80003ac8	c82a5d37	lui	x26,0xc82a5	 x26=0xc82a5000
     166245.000 ns	     16623	80003acc	29514313	xori	x6,x2,661	  x2:0xffffffff  x6=0xfffffd6a
     166265.000 ns	     16625	80003ad0	a02c03d3	fle.s	x7,f24,f2	 f24:0xcee09300  f2:0x7fc00000  x7=0x00000000
     166295.000 ns	     16628	80003ad4	20bf17d3	fsgnjn.s	f15,f30,f11	 f30:0x00000000 f11:0x7fc00000 f15=0x80000000
     166325.000 ns	     16631	80003ad8	20a8a3d3	fsgnjx.s	f7,f17,f10	 f17:0xffc00000 f10:0x80000000  f7=0x7fc00000
     166345.000 ns	     16633	80003adc	f5957393	andi	x7,x10,-167	 x10:0xffffffff  x7=0xffffff59
     166355.000 ns	     16634	80003ae0	39940213	addi	x4,x8,921	  x8:0x80040fe4  x4=0x8004137d
     166365.000 ns	     16635	80003ae4	00000013	addi	x0,x0,0	  x0:0x00000000
     166385.000 ns	     16637	80003ae8	a1d92dd3	feq.s	x27,f18,f29	 f18:0xbf609300 f29:0x0000b501 x27=0x00000000
     166435.000 ns	     16642	80003aec	0919fe53	fsub.s	f28,f19,f17	 f19:0xcee09300 f17:0xffc00000 f28=0x7fc00000
     166465.000 ns	     16645	80003af0	02fa8b33	mul	x22,x21,x15	 x21:0x00000000 x15:0xf9c13d14 x22=0x00000000
     166485.000 ns	     16647	80003af4	009e9f13	slli	x30,x29,0x9	 x29:0x00000000 x30=0x00000000
     166495.000 ns	     16648	80003af8	735cc093	xori	x1,x25,1845	 x25:0x00000000  x1=0x00000735
     166505.000 ns	     16649	80003afc	0109d193	srli	x3,x19,0x10	 x19:0xffffff5d  x3=0x0000ffff
     166515.000 ns	     16650	80003b00	412f5fb3	sra	x31,x30,x18	 x30:0x00000000 x18:0x00000000 x31=0x00000000
     166535.000 ns	     16652	80003b04	d014a6d3	fcvt.s.wu	f13,x9	  x9:0x00000001 f13=0x3f800000
     166555.000 ns	     16654	80003b08	1a398613	addi	x12,x19,419	 x19:0xffffff5d x12=0x00000100
     166565.000 ns	     16655	80003b0c	41135d13	srai	x26,x6,0x11	  x6:0xfffffd6a x26=0xffffffff
     166585.000 ns	     16657	80003b10	29e81153	fmax.s	f2,f16,f30	 f16:0xbf609300 f30:0x00000000  f2=0x00000000
     166615.000 ns	     16660	80003b14	e0099b53	fclass.s	x22,f19	 f19:0xcee09300 x22=0x00000002
     166635.000 ns	     16662	80003b18	7786bb13	sltiu	x22,x13,1912	 x13:0x00000001 x22=0x00000001
     166655.000 ns	     16664	80003b1c	c004bad3	fcvt.w.s	x21,f9	  f9:0x473501d1 x21=0x0000b502
     166685.000 ns	     16667	80003b20	21a50ed3	fsgnj.s	f29,f10,f26	 f10:0x80000000 f26:0x4e887b80 f29=0x00000000
     166705.000 ns	     16669	80003b24	01a0c1b3	xor	x3,x1,x26	  x1:0x00000735 x26:0xffffffff  x3=0xfffff8ca
     166715.000 ns	     16670	80003b28	4148d213	srai	x4,x17,0x14	 x17:0xffffff38  x4=0xffffffff
     167075.000 ns	     16706	80003b2c	037453b3	divu	x7,x8,x23	  x8:0x80040fe4 x23:0x00000040  x7=0x0200103f
     167105.000 ns	     16709	80003b30	038d3e33	mulhu	x28,x26,x24	 x26:0xffffffff x24:0x00000000 x28=0x00000000
     167125.000 ns	     16711	80003b34	41ec5f33	sra	x30,x24,x30	 x24:0x00000000 x30:0x00000000 x30=0x00000000
     167135.000 ns	     16712	80003b38	00000013	addi	x0,x0,0	  x0:0x00000000
     167155.000 ns	     16714	80003b3c	287b9ed3	fmax.s	f29,f23,f7	 f23:0xcee09300  f7:0x7fc00000 f29=0xcee09300
     167495.000 ns	     16748	80003b40	195c7753	fdiv.s	f14,f24,f21	 f24:0xcee09300 f21:0xcee09300 f14=0x3f609300
     167525.000 ns	     16751	80003b44	d01d7d53	fcvt.s.wu	f26,x26	 x26:0xffffffff f26=0x4f7fffff
     167555.000 ns	     16754	80003b48	02f00ab3	mul	x21,x0,x15	  x0:0x00000000 x15:0xf9c13d14 x21=0x00000000
     167585.000 ns	     16757	80003b4c	f00c0153	fmv.w.x	f2,x24	 x24:0x00000000  f2=0x00000000
     167605.000 ns	     16759	80003b50	05c80b93	addi	x23,x16,92	 x16:0x00000010 x23=0x0000006c
     167625.000 ns	     16761	80003b54	c01536d3	fcvt.wu.s	x13,f10	 f10:0x80000000 x13=0x00000000
     167655.000 ns	     16764	80003b58	a1a89bd3	flt.s	x23,f17,f26	 f17:0xffc00000 f26:0x4f7fffff x23=0x00000000
     167695.000 ns	     16768	80003b5c	580f4653	fsqrt.s	f12,f30	 f30:0x00000000 f12=0x00000000
     167725.000 ns	     16771	80003b60	a0288c53	fle.s	x24,f17,f2	 f17:0xffc00000  f2:0x00000000 x24=0x00000000
     167755.000 ns	     16774	80003b64	033f3233	mulhu	x4,x30,x19	 x30:0x00000000 x19:0xffffff5d  x4=0x00000000
     167775.000 ns	     16776	80003b68	00741b93	slli	x23,x8,0x7	  x8:0x80040fe4 x23=0x0207f200
     167795.000 ns	     16778	80003b6c	299495d3	fmax.s	f11,f9,f25	  f9:0x473501d1 f25:0x7fc00000 f11=0x473501d1
     167815.000 ns	     16780	80003b70	0c15a217	auipc	x4,0xc15a	  x4=0x8c15db70
     167835.000 ns	     16782	80003b74	0359f333	remu	x6,x19,x21	 x19:0xffffff5d x21:0x00000000  x6=0xffffff5d
     167855.000 ns	     16784	80003b78	003ddd93	srli	x27,x27,0x3	 x27:0x00000000 x27=0x00000000
     167865.000 ns	     16785	80003b7c	01eeb033	sltu	x0,x29,x30	 x29:0x00000000 x30:0x00000000
     168225.000 ns	     16821	80003b80	022e5eb3	divu	x29,x28,x2	 x28:0x00000000  x2:0xffffffff x29=0x00000000
     168245.000 ns	     16823	80003b84	d79f7f13	andi	x30,x30,-647	 x30:0x00000000 x30=0x00000000
     168265.000 ns	     16825	80003b88	a17c1dd3	flt.s	x27,f24,f23	 f24:0xcee09300 f23:0xcee09300 x27=0x00000000
     168295.000 ns	     16828	80003b8c	03a1bcb3	mulhu	x25,x3,x26	  x3:0xfffff8ca x26:0xffffffff x25=0xfffff8c9
     168315.000 ns	     16830	80003b90	017f8c33	add	x24,x31,x23	 x31:0x00000000 x23:0x0207f200 x24=0x0207f200
     168325.000 ns	     16831	80003b94	008edd33	srl	x26,x29,x8	 x29:0x00000000  x8:0x80040fe4 x26=0x00000000
     168345.000 ns	     16833	80003b98	21ab1fd3	fsgnjn.s	f31,f22,f26	 f22:0x4f000410 f26:0x4f7fffff f31=0xcf000410
     168375.000 ns	     16836	80003b9c	0350cb33	div	x22,x1,x21	  x1:0x00000735 x21:0x00000000 x22=0xffffffff
     168395.000 ns	     16838	80003ba0	5feac337	lui	x6,0x5feac	  x6=0x5feac000
     168405.000 ns	     16839	80003ba4	01cbeab3	or	x21,x23,x28	 x23:0x0207f200 x28:0x00000000 x21=0x0207f200
     168425.000 ns	     16841	80003ba8	20cba453	fsgnjx.s	f8,f23,f12	 f23:0xcee09300 f12:0x00000000  f8=0xcee09300
     168455.000 ns	     16844	80003bac	c01fff53	fcvt.wu.s	x30,f31	 f31:0xcf000410 x30=0x80041000
     168475.000 ns	     16846	80003bb0	008c9a33	sll	x20,x25,x8	 x25:0xfffff8c9  x8:0x80040fe4 x20=0xffff8c90
     168505.000 ns	     16849	80003bb4	1049fb53	fmul.s	f22,f19,f4	 f19:0xcee09300  f4:0x473501d1 f22=0xd69ec987
     168535.000 ns	     16852	80003bb8	a16d0fd3	fle.s	x31,f26,f22	 f26:0x4f7fffff f22:0x4f000410 x31=0x00000000
     168565.000 ns	     16855	80003bbc	03e59933	mulh	x18,x11,x30	 x11:0x80041024 x30:0x80041000 x18=0x3ffbeffe
     168595.000 ns	     16858	80003bc0	c00ccdd3	fcvt.w.s	x27,f25	 f25:0x7fc00000 x27=0x7fffffff
     168615.000 ns	     16860	80003bc4	7c288993	addi	x19,x17,1986	 x17:0xffffff38 x19=0x000006fa
     168635.000 ns	     16862	80003bc8	a08309d3	fle.s	x19,f6,f8	  f6:0x7fc00000  f8:0xcee09300 x19=0x00000000
     168655.000 ns	     16864	80003bcc	de976a97	auipc	x21,0xde976	 x21=0x5e979bcc
     168685.000 ns	     16867	80003bd0	19689053	fdiv.s	f0,f17,f22	 f17:0xffc00000 f22:0xd69ec987  f0=0x7fc00000
     168705.000 ns	     16869	80003bd4	f7356893	ori	x17,x10,-141	 x10:0xffffffff x17=0xffffffff
     168725.000 ns	     16871	80003bd8	0361b2b3	mulhu	x5,x3,x22	  x3:0xfffff8ca x22:0xffffffff  x5=0xfffff8c9
     168775.000 ns	     16876	80003bdc	0847f3d3	fsub.s	f7,f15,f4	 f15:0x80000000  f4:0x473501d1  f7=0xc73501d1
     168795.000 ns	     16878	80003be0	01ef4eb3	xor	x29,x30,x30	 x30:0x80041000 x30:0x80041000 x29=0x00000000
     168805.000 ns	     16879	80003be4	00cf4b33	xor	x22,x30,x12	 x30:0x80041000 x12:0x00000100 x22=0x80041100
     169135.000 ns	     16912	80003be8	193ba053	fdiv.s	f0,f23,f19	 f23:0xcee09300 f19:0xcee09300  f0=0x3f609300
     169155.000 ns	     16914	80003bec	011defb3	or	x31,x27,x17	 x27:0x7fffffff x17:0xffffffff x31=0xffffffff
     169175.000 ns	     16916	80003bf0	f00583d3	fmv.w.x	f7,x11	 x11:0x80041024  f7=0x80041024
     169215.000 ns	     16920	80003bf4	18637653	fdiv.s	f12,f6,f6	  f6:0x7fc00000  f6:0x7fc00000 f12=0x7fc00000
     169585.000 ns	     16957	80003bf8	028dfe33	remu	x28,x27,x8	 x27:0x7fffffff  x8:0x80040fe4 x28=0x7fffffff
     169615.000 ns	     16960	80003bfc	0331bab3	mulhu	x21,x3,x19	  x3:0xfffff8ca x19:0x00000000 x21=0x00000000
     169665.000 ns	     16965	80003c00	0872b253	fsub.s	f4,f5,f7	  f5:0xcee09300  f7:0x80041024  f4=0xcee09300
     169685.000 ns	     16967	80003c04	41408533	sub	x10,x1,x20	  x1:0x00000735 x20:0xffff8c90 x10=0x00007aa5
     169695.000 ns	     16968	80003c08	40d308b3	sub	x17,x6,x13	  x6:0x5feac000 x13:0x00000000 x17=0x5feac000
     169705.000 ns	     16969	80003c0c	00000013	addi	x0,x0,0	  x0:0x00000000
     169725.000 ns	     16971	80003c10	c018bed3	fcvt.wu.s	x29,f17	 f17:0xffc00000 x29=0xffffffff
     169765.000 ns	     16975	80003c14	580f76d3	fsqrt.s	f13,f30	 f30:0x00000000 f13=0x00000000
     169785.000 ns	     16977	80003c18	01033233	sltu	x4,x6,x16	  x6:0x5feac000 x16:0x00000010  x4=0x00000000
     169805.000 ns	     16979	80003c1c	a1a68b53	fle.s	x22,f13,f26	 f13:0x00000000 f26:0x4f7fffff x22=0x00000001
     169825.000 ns	     16981	80003c20	563ac913	xori	x18,x21,1379	 x21:0x00000000 x18=0x00000563
     169845.000 ns	     16983	80003c24	e00209d3	fmv.x.w	x19,f4	  f4:0xcee09300 x19=0xcee09300
     169865.000 ns	     16985	80003c28	00e58db3	add	x27,x11,x14	 x11:0x80041024 x14:0xffffff38 x27=0x80040f5c
     169875.000 ns	     16986	80003c2c	81863d93	sltiu	x27,x12,-2024	 x12:0x00000100 x27=0x00000001
     169895.000 ns	     16988	80003c30	0378bcb3	mulhu	x25,x17,x23	 x17:0x5feac000 x23:0x0207f200 x25=0x00c2cf97
     169925.000 ns	     16991	80003c34	208f0e53	fsgnj.s	f28,f30,f8	 f30:0x00000000  f8:0xcee09300 f28=0x80000000
     169945.000 ns	     16993	80003c38	00bc1e33	sll	x28,x24,x11	 x24:0x0207f200 x11:0x80041024 x28=0x207f2000
     169955.000 ns	     16994	80003c3c	f8a70213	addi	x4,x14,-118	 x14:0xffffff38  x4=0xfffffec2
     169965.000 ns	     16995	80003c40	400b0bb3	sub	x23,x22,x0	 x22:0x00000001  x0:0x00000000 x23=0x00000001
     170325.000 ns	     17031	80003c44	03955a33	divu	x20,x10,x25	 x10:0x00007aa5 x25:0x00c2cf97 x20=0x00000000
     170355.000 ns	     17034	80003c48	c01cfcd3	fcvt.wu.s	x25,f25	 f25:0x7fc00000 x25=0xffffffff
     170375.000 ns	     17036	80003c4c	00212333	slt	x6,x2,x2	  x2:0xffffffff  x2:0xffffffff  x6=0x00000000
     170395.000 ns	     17038	80003c50	c01dce53	fcvt.wu.s	x28,f27	 f27:0xcb2b8e40 x28=0x00ab8e40
     170415.000 ns	     17040	80003c54	cd978113	addi	x2,x15,-807	 x15:0xf9c13d14  x2=0xf9c139ed
     170445.000 ns	     17043	80003c58	105e0553	fmul.s	f10,f28,f5	 f28:0x80000000  f5:0xcee09300 f10=0x00000000
     170465.000 ns	     17045	80003c5c	00b18e33	add	x28,x3,x11	  x3:0xfffff8ca x11:0x80041024 x28=0x800408ee
     170485.000 ns	     17047	80003c60	a1479c53	flt.s	x24,f15,f20	 f15:0x80000000 f20:0x4e887b80 x24=0x00000001
     170515.000 ns	     17050	80003c64	02683833	mulhu	x16,x16,x6	 x16:0x00000010  x6:0x00000000 x16=0x00000000
     170545.000 ns	     17053	80003c68	c00898d3	fcvt.w.s	x17,f17	 f17:0xffc00000 x17=0x7fffffff
     170575.000 ns	     17056	80003c6c	c012ff53	fcvt.wu.s	x30,f5	  f5:0xcee09300 x30=0x70498000
     170605.000 ns	     17059	80003c70	03de0cb3	mul	x25,x28,x29	 x28:0x800408ee x29:0xffffffff x25=0x7ffbf712
     170635.000 ns	     17062	80003c74	02729bb3	mulh	x23,x5,x7	  x5:0xfffff8c9  x7:0x0200103f x23=0xfffffff1
     170665.000 ns	     17065	80003c78	f0050dd3	fmv.w.x	f27,x10	 x10:0x00007aa5 f27=0x00007aa5
     170695.000 ns	     17068	80003c7c	21679e53	fsgnjn.s	f28,f15,f22	 f15:0x80000000 f22:0xd69ec987 f28=0x00000000
     170725.000 ns	     17071	80003c80	215628d3	fsgnjx.s	f17,f12,f21	 f12:0x7fc00000 f21:0xcee09300 f17=0xffc00000
     170745.000 ns	     17073	80003c84	0082bc33	sltu	x24,x5,x8	  x5:0xfffff8c9  x8:0x80040fe4 x24=0x00000000
     170755.000 ns	     17074	80003c88	004f6933	or	x18,x30,x4	 x30:0x70498000  x4:0xfffffec2 x18=0xfffffec2
     170765.000 ns	     17075	80003c8c	00000013	addi	x0,x0,0	  x0:0x00000000
     170775.000 ns	     17076	80003c90	0175cd33	xor	x26,x11,x23	 x11:0x80041024 x23:0xfffffff1 x26=0x7ffbefd5
     170805.000 ns	     17079	80003c94	19d53e53	fdiv.s	f28,f10,f29	 f10:0x00000000 f29:0xcee09300 f28=0x80000000
     171175.000 ns	     17116	80003c98	0223fab3	remu	x21,x7,x2	  x7:0x0200103f  x2:0xf9c139ed x21=0x0200103f
     171205.000 ns	     17119	80003c9c	c00ff853	fcvt.w.s	x16,f31	 f31:0xcf000410 x16=0x80000000
     171235.000 ns	     17122	80003ca0	a1c02ed3	feq.s	x29,f0,f28	  f0:0x3f609300 f28:0x80000000 x29=0x00000000
     171275.000 ns	     17126	80003ca4	19147c53	fdiv.s	f24,f8,f17	  f8:0xcee09300 f17:0xffc00000 f24=0x7fc00000
     171295.000 ns	     17128	80003ca8	01692e33	slt	x28,x18,x22	 x18:0xfffffec2 x22:0x00000001 x28=0x00000001
     171315.000 ns	     17130	80003cac	c004b9d3	fcvt.w.s	x19,f9	  f9:0x473501d1 x19=0x0000b502
     171335.000 ns	     17132	80003cb0	4186d213	srai	x4,x13,0x18	 x13:0x00000000  x4=0x00000000
     171355.000 ns	     17134	80003cb4	287f9553	fmax.s	f10,f31,f7	 f31:0xcf000410  f7:0x80041024 f10=0x80041024
     171385.000 ns	     17137	80003cb8	0387ce33	div	x28,x15,x24	 x15:0xf9c13d14 x24:0x00000000 x28=0xffffffff
     171405.000 ns	     17139	80003cbc	00b74f33	xor	x30,x14,x11	 x14:0xffffff38 x11:0x80041024 x30=0x7ffbef1c
     171765.000 ns	     17175	80003cc0	03bc4db3	div	x27,x24,x27	 x24:0x00000000 x27:0x00000001 x27=0x00000000
     172135.000 ns	     17212	80003cc4	028b7db3	remu	x27,x22,x8	 x22:0x00000001  x8:0x80040fe4 x27=0x00000001
     172165.000 ns	     17215	80003cc8	a1c31653	flt.s	x12,f6,f28	  f6:0x7fc00000 f28:0x80000000 x12=0x00000000
     172185.000 ns	     17217	80003ccc	0165de93	srli	x29,x11,0x16	 x11:0x80041024 x29=0x00000200
     172205.000 ns	     17219	80003cd0	21980753	fsgnj.s	f14,f16,f25	 f16:0xbf609300 f25:0x7fc00000 f14=0x3f609300
     172575.000 ns	     17256	80003cd4	029a69b3	rem	x19,x20,x9	 x20:0x00000000  x9:0x00000001 x19=0x00000000
     172625.000 ns	     17261	80003cd8	09c43f53	fsub.s	f30,f8,f28	  f8:0xcee09300 f28:0x80000000 f30=0xcee09300
     172675.000 ns	     17266	80003cdc	01d37b53	fadd.s	f22,f6,f29	  f6:0x7fc00000 f29:0xcee09300 f22=0x7fc00000
     172705.000 ns	     17269	80003ce0	d0102ad3	fcvt.s.wu	f21,x0	  x0:0x00000000 f21=0x00000000
     172735.000 ns	     17272	80003ce4	036c9b33	mulh	x22,x25,x22	 x25:0x7ffbf712 x22:0x00000001 x22=0x00000000
     172755.000 ns	     17274	80003ce8	00e9dd33	srl	x26,x19,x14	 x19:0x00000000 x14:0xffffff38 x26=0x00000000
     172775.000 ns	     17276	80003cec	20669bd3	fsgnjn.s	f23,f13,f6	 f13:0x00000000  f6:0x7fc00000 f23=0x80000000
     172795.000 ns	     17278	80003cf0	c021f537	lui	x10,0xc021f	 x10=0xc021f000
     172815.000 ns	     17280	80003cf4	03a3a9b3	mulhsu	x19,x7,x26	  x7:0x0200103f x26:0x00000000 x19=0x00000000
     172845.000 ns	     17283	80003cf8	03723c33	mulhu	x24,x4,x23	  x4:0x00000000 x23:0xfffffff1 x24=0x00000000
     172875.000 ns	     17286	80003cfc	c01dcd53	fcvt.wu.s	x26,f27	 f27:0x00007aa5 x26=0x00000000
     172895.000 ns	     17288	80003d00	009b5c93	srli	x25,x22,0x9	 x22:0x00000000 x25=0x00000000
     172925.000 ns	     17291	80003d04	18baffd3	fdiv.s	f31,f21,f11	 f21:0x00000000 f11:0x473501d1 f31=0x00000000
     172945.000 ns	     17293	80003d08	88b08c93	addi	x25,x1,-1909	  x1:0x00000735 x25=0xffffffc0
     172955.000 ns	     17294	80003d0c	01902c33	slt	x24,x0,x25	  x0:0x00000000 x25:0x00000000 x24=0x00000000
     172975.000 ns	     17296	80003d10	21160753	fsgnj.s	f14,f12,f17	 f12:0x7fc00000 f17:0xffc00000 f14=0xffc00000
     172995.000 ns	     17298	80003d14	af781737	lui	x14,0xaf781	 x14=0xaf781000
     173015.000 ns	     17300	80003d18	d00c7bd3	fcvt.s.w	f23,x24	 x24:0x00000000 f23=0x00000000
     173035.000 ns	     17302	80003d1c	40d80933	sub	x18,x16,x13	 x16:0x80000000 x13:0x00000000 x18=0x80000000
     173055.000 ns	     17304	80003d20	214315d3	fsgnjn.s	f11,f6,f20	  f6:0x7fc00000 f20:0x4e887b80 f11=0xffc00000
     173075.000 ns	     17306	80003d24	01b52233	slt	x4,x10,x27	 x10:0xc021f000 x27:0x00000001  x4=0x00000001
     173095.000 ns	     17308	80003d28	032fa4b3	mulhsu	x9,x31,x18	 x31:0xffffffff x18:0x80000000  x9=0xffffffff
     173125.000 ns	     17311	80003d2c	d01df8d3	fcvt.s.wu	f17,x27	 x27:0x00000001 f17=0x3f800000
     173155.000 ns	     17314	80003d30	e00f08d3	fmv.x.w	x17,f30	 f30:0xcee09300 x17=0xcee09300
     173185.000 ns	     17317	80003d34	038d8933	mul	x18,x27,x24	 x27:0x00000001 x24:0x00000000 x18=0x00000000
     173215.000 ns	     17320	80003d38	035018b3	mulh	x17,x0,x21	  x0:0x00000000 x21:0x0200103f x17=0x00000000
     173235.000 ns	     17322	80003d3c	4028dfb3	sra	x31,x17,x2	 x17:0xcee09300  x2:0xf9c139ed x31=0x00000000
     173245.000 ns	     17323	80003d40	c896fc93	andi	x25,x13,-887	 x13:0x00000000 x25=0x00000000
     173265.000 ns	     17325	80003d44	f00007d3	fmv.w.x	f15,x0	  x0:0x00000000 f15=0x00000000
     173285.000 ns	     17327	80003d48	015dceb3	xor	x29,x27,x21	 x27:0x00000001 x21:0x0200103f x29=0x0200103e
     173305.000 ns	     17329	80003d4c	a1fb2553	feq.s	x10,f22,f31	 f22:0x7fc00000 f31:0x00000000 x10=0x00000000
     173325.000 ns	     17331	80003d50	402d5b13	srai	x22,x26,0x2	 x26:0x00000000 x22=0x00000000
     173345.000 ns	     17333	80003d54	02c9e033	rem	x0,x19,x12	 x19:0x00000000 x12:0x00000000
     173365.000 ns	     17335	80003d58	011dee33	or	x28,x27,x17	 x27:0x00000001 x17:0x00000000 x28=0x00000001
     173375.000 ns	     17336	80003d5c	8faf4693	xori	x13,x30,-1798	 x30:0x7ffbef1c x13=0x800417e6
     173385.000 ns	     17337	80003d60	418e5693	srai	x13,x28,0x18	 x28:0xffffffff x13=0x00000000
     173405.000 ns	     17339	80003d64	e00a8a53	fmv.x.w	x20,f21	 f21:0x00000000 x20=0x00000000
     173425.000 ns	     17341	80003d68	f90cba13	sltiu	x20,x25,-112	 x25:0x00000000 x20=0x00000001
     173455.000 ns	     17344	80003d6c	18b21053	fdiv.s	f0,f4,f11	  f4:0xcee09300 f11:0xffc00000  f0=0x7fc00000
     173485.000 ns	     17347	80003d70	c01696d3	fcvt.wu.s	x13,f13	 f13:0x00000000 x13=0x00000000
     173515.000 ns	     17350	80003d74	a1d282d3	fle.s	x5,f5,f29	  f5:0xcee09300 f29:0xcee09300  x5=0x00000001
     173545.000 ns	     17353	80003d78	28f292d3	fmax.s	f5,f5,f15	  f5:0xcee09300 f15:0x00000000  f5=0x00000000
     173575.000 ns	     17356	80003d7c	020e04b3	mul	x9,x28,x0	 x28:0x00000001  x0:0x00000000  x9=0x00000000
     173605.000 ns	     17359	80003d80	e00b94d3	fclass.s	x9,f23	 f23:0x00000000  x9=0x00000010
     173635.000 ns	     17362	80003d84	d0177653	fcvt.s.wu	f12,x14	 x14:0xaf781000 f12=0x4f2f7810
     173655.000 ns	     17364	80003d88	40698833	sub	x16,x19,x6	 x19:0x00000000  x6:0x00000000 x16=0x00000000
     173675.000 ns	     17366	80003d8c	a1010353	fle.s	x6,f2,f16	  f2:0x00000000 f16:0xbf609300  x6=0x00000000
     173705.000 ns	     17369	80003d90	02d41ab3	mulh	x21,x8,x13	  x8:0x80040fe4 x13:0x00000000 x21=0x00000000
     174075.000 ns	     17406	80003d94	02735233	divu	x4,x6,x7	  x6:0x00000000  x7:0x0200103f  x4=0x00000000
     174095.000 ns	     17408	80003d98	40290bb3	sub	x23,x18,x2	 x18:0x00000000  x2:0xf9c139ed x23=0x063ec613
     174105.000 ns	     17409	80003d9c	ac5f6a13	ori	x20,x30,-1339	 x30:0x7ffbef1c x20=0xffffffdd
     174125.000 ns	     17411	80003da0	0387b6b3	mulhu	x13,x15,x24	 x15:0xf9c13d14 x24:0x00000000 x13=0x00000000
     174145.000 ns	     17413	80003da4	00711133	sll	x2,x2,x7	  x2:0xf9c139ed  x7:0x0200103f  x2=0x80000000
     174175.000 ns	     17416	80003da8	19944bd3	fdiv.s	f23,f8,f25	  f8:0xcee09300 f25:0x7fc00000 f23=0x7fc00000
     174205.000 ns	     17419	80003dac	d00c7653	fcvt.s.w	f12,x24	 x24:0x00000000 f12=0x00000000
     174235.000 ns	     17422	80003db0	a0e38053	fle.s	x0,f7,f14	  f7:0x80041024 f14:0xffc00000
     174275.000 ns	     17426	80003db4	11d1cfd3	fmul.s	f31,f3,f29	  f3:0x7fc00000 f29:0xcee09300 f31=0x7fc00000
     174305.000 ns	     17429	80003db8	02ad5a33	divu	x20,x26,x10	 x26:0x00000000 x10:0x00000000 x20=0xffffffff
     174325.000 ns	     17431	80003dbc	01cd5893	srli	x17,x26,0x1c	 x26:0x00000000 x17=0x00000000
     174335.000 ns	     17432	80003dc0	76189d97	auipc	x27,0x76189	 x27=0xf618cdc0
     174355.000 ns	     17434	80003dc4	c003a4d3	fcvt.w.s	x9,f7	  f7:0x80041024  x9=0x00000000
     174375.000 ns	     17436	80003dc8	41ee5513	srai	x10,x28,0x1e	 x28:0x00000001 x10=0x00000000
     174395.000 ns	     17438	80003dcc	29781b53	fmax.s	f22,f16,f23	 f16:0xbf609300 f23:0x7fc00000 f22=0xbf609300
     174425.000 ns	     17441	80003dd0	20ed8cd3	fsgnj.s	f25,f27,f14	 f27:0x00007aa5 f14:0xffc00000 f25=0x80007aa5
     174455.000 ns	     17444	80003dd4	29a287d3	fmin.s	f15,f5,f26	  f5:0x00000000 f26:0x4f7fffff f15=0x00000000
     174485.000 ns	     17447	80003dd8	a08101d3	fle.s	x3,f2,f8	  f2:0x00000000  f8:0xcee09300  x3=0x00000000
     174505.000 ns	     17449	80003ddc	0048cdb3	xor	x27,x17,x4	 x17:0x00000000  x4:0x00000000 x27=0x00000000
     174525.000 ns	     17451	80003de0	a03192d3	flt.s	x5,f3,f3	  f3:0x7fc00000  f3:0x7fc00000  x5=0x00000000
     174555.000 ns	     17454	80003de4	03fddcb3	divu	x25,x27,x31	 x27:0xf618cdc0 x31:0x00000000 x25=0xffffffff
     174575.000 ns	     17456	80003de8	01b4ee33	or	x28,x9,x27	  x9:0x00000000 x27:0x00000000 x28=0x00000000
     174585.000 ns	     17457	80003dec	00eb6fb3	or	x31,x22,x14	 x22:0x00000000 x14:0xaf781000 x31=0xaf781000
     174605.000 ns	     17459	80003df0	0200e933	rem	x18,x1,x0	  x1:0x00000735  x0:0x00000000 x18=0x00000735
     174625.000 ns	     17461	80003df4	00000013	addi	x0,x0,0	  x0:0x00000000
     174645.000 ns	     17463	80003df8	207d13d3	fsgnjn.s	f7,f26,f7	 f26:0x4f7fffff  f7:0x80041024  f7=0x4f7fffff
     174665.000 ns	     17465	80003dfc	01cbda93	srli	x21,x23,0x1c	 x23:0x063ec613 x21=0x00000000
     174685.000 ns	     17467	80003e00	0394ba33	mulhu	x20,x9,x25	  x9:0x00000000 x25:0xffffffff x20=0x00000000
     174715.000 ns	     17470	80003e04	d018f053	fcvt.s.wu	f0,x17	 x17:0x00000000  f0=0x00000000
     174745.000 ns	     17473	80003e08	d01174d3	fcvt.s.wu	f9,x2	  x2:0x80000000  f9=0x4f000000
     174765.000 ns	     17475	80003e0c	0082ee33	or	x28,x5,x8	  x5:0x00000000  x8:0x80040fe4 x28=0x80040fe4
     174775.000 ns	     17476	80003e10	0109edb3	or	x27,x19,x16	 x19:0x00000000 x16:0x00000000 x27=0x00000000
     174795.000 ns	     17478	80003e14	024fb6b3	mulhu	x13,x31,x4	 x31:0xaf781000  x4:0x00000000 x13=0x00000000
     175165.000 ns	     17515	80003e18	03d478b3	remu	x17,x8,x29	  x8:0x80040fe4 x29:0x0200103e x17=0x00000064
     175185.000 ns	     17517	80003e1c	01b5cab3	xor	x21,x11,x27	 x11:0x80041024 x27:0x00000000 x21=0x80041024
     175205.000 ns	     17519	80003e20	d00d7853	fcvt.s.w	f16,x26	 x26:0x00000000 f16=0x00000000
     175245.000 ns	     17523	80003e24	580e83d3	fsqrt.s	f7,f29	 f29:0xcee09300  f7=0x7fc00000
     175275.000 ns	     17526	80003e28	a18f1b53	flt.s	x22,f30,f24	 f30:0xcee09300 f24:0x7fc00000 x22=0x00000000
     175295.000 ns	     17528	80003e2c	00000013	addi	x0,x0,0	  x0:0x00000000
     175325.000 ns	     17531	80003e30	580e7453	fsqrt.s	f8,f28	 f28:0x80000000  f8=0x80000000
     175345.000 ns	     17533	80003e34	009566b3	or	x13,x10,x9	 x10:0x00000000  x9:0x00000000 x13=0x00000000
     175355.000 ns	     17534	80003e38	01106133	or	x2,x0,x17	  x0:0x00000000 x17:0x00000064  x2=0x00000064
     175365.000 ns	     17535	80003e3c	c6c82b97	auipc	x23,0xc6c82	 x23=0x46c85e3c
     175375.000 ns	     17536	80003e40	414cdb13	srai	x22,x25,0x14	 x25:0xffffffff x22=0xffffffff
     175385.000 ns	     17537	80003e44	00419633	sll	x12,x3,x4	  x3:0x00000000  x4:0x00000000 x12=0x00000000
     175395.000 ns	     17538	80003e48	0c1eef93	ori	x31,x29,193	 x29:0x0200103e x31=0x020010ff
     175415.000 ns	     17540	80003e4c	21cd9f53	fsgnjn.s	f30,f27,f28	 f27:0x00007aa5 f28:0x80000000 f30=0x00007aa5
     175455.000 ns	     17544	80003e50	580bf653	fsqrt.s	f12,f23	 f23:0x7fc00000 f12=0x7fc00000
     175505.000 ns	     17549	80003e54	094df953	fsub.s	f18,f27,f20	 f27:0x00007aa5 f20:0x4e887b80 f18=0xce887b80
     175525.000 ns	     17551	80003e58	a9f06813	ori	x16,x0,-1377	  x0:0x00000000 x16=0xfffffa9f
     175535.000 ns	     17552	80003e5c	b3ace193	ori	x3,x25,-1222	 x25:0xffffffff  x3=0xffffffff
     175545.000 ns	     17553	80003e60	63d38713	addi	x14,x7,1597	  x7:0x0200103f x14=0x0200167c
     175565.000 ns	     17555	80003e64	02a164b3	rem	x9,x2,x10	  x2:0x00000064 x10:0x00000000  x9=0x00000064
     175595.000 ns	     17558	80003e68	21d908d3	fsgnj.s	f17,f18,f29	 f18:0xce887b80 f29:0xcee09300 f17=0xce887b80
     175615.000 ns	     17560	80003e6c	74f23ab7	lui	x21,0x74f23	 x21=0x74f23000
     175635.000 ns	     17562	80003e70	02b088b3	mul	x17,x1,x11	  x1:0x00000735 x11:0x80041024 x17=0x9d485374
     175655.000 ns	     17564	80003e74	fe212693	slti	x13,x2,-30	  x2:0x00000064 x13=0x00000000
     175665.000 ns	     17565	80003e78	00b45fb3	srl	x31,x8,x11	  x8:0x80040fe4 x11:0x80041024 x31=0x080040fe
     175675.000 ns	     17566	80003e7c	00000013	addi	x0,x0,0	  x0:0x00000000
     175695.000 ns	     17568	80003e80	e00f0dd3	fmv.x.w	x27,f30	 f30:0x00007aa5 x27=0x00007aa5
     175725.000 ns	     17571	80003e84	f00d07d3	fmv.w.x	f15,x26	 x26:0x00000000 f15=0x00000000
     175765.000 ns	     17575	80003e88	119c96d3	fmul.s	f13,f25,f25	 f25:0x80007aa5 f25:0x80007aa5 f13=0x00000000
     175785.000 ns	     17577	80003e8c	0104fdb3	and	x27,x9,x16	  x9:0x00000064 x16:0xfffffa9f x27=0x00000004
     175795.000 ns	     17578	80003e90	4124d4b3	sra	x9,x9,x18	  x9:0x00000064 x18:0x00000735  x9=0x00000000
     175825.000 ns	     17581	80003e94	186c4253	fdiv.s	f4,f24,f6	 f24:0x7fc00000  f6:0x7fc00000  f4=0x7fc00000
     175855.000 ns	     17584	80003e98	a020a753	feq.s	x14,f1,f2	  f1:0x00000000  f2:0x00000000 x14=0x00000001
     175875.000 ns	     17586	80003e9c	68eba613	slti	x12,x23,1678	 x23:0x46c85e3c x12=0x00000000
     175885.000 ns	     17587	80003ea0	412bd713	srai	x14,x23,0x12	 x23:0x46c85e3c x14=0x000011b2
     175905.000 ns	     17589	80003ea4	215baf53	fsgnjx.s	f30,f23,f21	 f23:0x7fc00000 f21:0x00000000 f30=0x7fc00000
     175935.000 ns	     17592	80003ea8	29420453	fmin.s	f8,f4,f20	  f4:0x7fc00000 f20:0x4e887b80  f8=0x4e887b80
     175955.000 ns	     17594	80003eac	2c020293	addi	x5,x4,704	  x4:0x00000000  x5=0x000002c0
     175965.000 ns	     17595	80003eb0	00000013	addi	x0,x0,0	  x0:0x00000000
     175975.000 ns	     17596	80003eb4	b9338913	addi	x18,x7,-1133	  x7:0x0200103f x18=0x02000bd2
     175995.000 ns	     17598	80003eb8	21032653	fsgnjx.s	f12,f6,f16	  f6:0x7fc00000 f16:0x00000000 f12=0x7fc00000
     176025.000 ns	     17601	80003ebc	0294a9b3	mulhsu	x19,x9,x9	  x9:0x00000000  x9:0x00000000 x19=0x00000000
     176055.000 ns	     17604	80003ec0	d008c053	fcvt.s.w	f0,x17	 x17:0x9d485374  f0=0xcec56f59
     176075.000 ns	     17606	80003ec4	2fd2a913	slti	x18,x5,765	  x5:0x000002c0 x18=0x00000001
     176435.000 ns	     17642	80003ec8	02846033	rem	x0,x8,x8	  x8:0x80040fe4  x8:0x80040fe4
     176455.000 ns	     17644	80003ecc	01763c33	sltu	x24,x12,x23	 x12:0x00000000 x23:0x46c85e3c x24=0x00000001
     176475.000 ns	     17646	80003ed0	02ea13b3	mulh	x7,x20,x14	 x20:0x00000000 x14:0x000011b2  x7=0x00000000
     176495.000 ns	     17648	80003ed4	00000013	addi	x0,x0,0	  x0:0x00000000
     176515.000 ns	     17650	80003ed8	02ee8833	mul	x16,x29,x14	 x29:0x0200103e x14:0x000011b2 x16=0x651f691c
     176545.000 ns	     17653	80003edc	281e86d3	fmin.s	f13,f29,f1	 f29:0xcee09300  f1:0x00000000 f13=0xcee09300
     176575.000 ns	     17656	80003ee0	03722db3	mulhsu	x27,x4,x23	  x4:0x00000000 x23:0x46c85e3c x27=0x00000000
     176605.000 ns	     17659	80003ee4	d018f6d3	fcvt.s.wu	f13,x17	 x17:0x9d485374 f13=0x4f1d4853
     176625.000 ns	     17661	80003ee8	12490713	addi	x14,x18,292	 x18:0x00000001 x14=0x00000125
     176635.000 ns	     17662	80003eec	40fe0833	sub	x16,x28,x15	 x28:0x80040fe4 x15:0xf9c13d14 x16=0x8642d2d0
     176675.000 ns	     17666	80003ef0	01d27dd3	fadd.s	f27,f4,f29	  f4:0x7fc00000 f29:0xcee09300 f27=0x7fc00000
     176695.000 ns	     17668	80003ef4	b7cc0913	addi	x18,x24,-1156	 x24:0x00000001 x18=0xfffffb7d
     176715.000 ns	     17670	80003ef8	d01b74d3	fcvt.s.wu	f9,x22	 x22:0xffffffff  f9=0x4f7fffff
     177085.000 ns	     17707	80003efc	02b3dc33	divu	x24,x7,x11	  x7:0x00000000 x11:0x80041024 x24=0x00000000
     177105.000 ns	     17709	80003f00	bc678d93	addi	x27,x15,-1082	 x15:0xf9c13d14 x27=0xf9c138da
     177125.000 ns	     17711	80003f04	204c9453	fsgnjn.s	f8,f25,f4	 f25:0x80007aa5  f4:0x7fc00000  f8=0x80007aa5
     177145.000 ns	     17713	80003f08	010beeb3	or	x29,x23,x16	 x23:0x46c85e3c x16:0x8642d2d0 x29=0xc6cadefc
     177165.000 ns	     17715	80003f0c	f00508d3	fmv.w.x	f17,x10	 x10:0x00000000 f17=0x00000000
     177185.000 ns	     17717	80003f10	01caf533	and	x10,x21,x28	 x21:0x74f23000 x28:0x80040fe4 x10=0x00000000
     177195.000 ns	     17718	80003f14	30743b13	sltiu	x22,x8,775	  x8:0x80040fe4 x22=0x00000000
     177215.000 ns	     17720	80003f18	a172a153	feq.s	x2,f5,f23	  f5:0x00000000 f23:0x7fc00000  x2=0x00000000
     177235.000 ns	     17722	80003f1c	019124b3	slt	x9,x2,x25	  x2:0x00000064 x25:0xffffffff  x9=0x00000000
     177255.000 ns	     17724	80003f20	28e107d3	fmin.s	f15,f2,f14	  f2:0x00000000 f14:0xffc00000 f15=0x00000000
     177285.000 ns	     17727	80003f24	f0000653	fmv.w.x	f12,x0	  x0:0x00000000 f12=0x00000000
     177655.000 ns	     17764	80003f28	031ad633	divu	x12,x21,x17	 x21:0x74f23000 x17:0x9d485374 x12=0x00000000
     177685.000 ns	     17767	80003f2c	f0000f53	fmv.w.x	f30,x0	  x0:0x00000000 f30=0x00000000
     177705.000 ns	     17769	80003f30	9ca27993	andi	x19,x4,-1590	  x4:0x00000000 x19=0x00000000
     177715.000 ns	     17770	80003f34	41fcdf93	srai	x31,x25,0x1f	 x25:0xffffffff x31=0xffffffff
     178075.000 ns	     17806	80003f38	03ccf933	remu	x18,x25,x28	 x25:0xffffffff x28:0x80040fe4 x18=0x7ffbf01b
     178125.000 ns	     17811	80003f3c	00c02fd3	fadd.s	f31,f0,f12	  f0:0xcec56f59 f12:0x00000000 f31=0xcec56f59
     178145.000 ns	     17813	80003f40	8d34a213	slti	x4,x9,-1837	  x9:0x00000000  x4=0x00000000
     178155.000 ns	     17814	80003f44	f785f513	andi	x10,x11,-136	 x11:0x80041024 x10=0x80041020
     178165.000 ns	     17815	80003f48	016d20b3	slt	x1,x26,x22	 x26:0x00000000 x22:0x00000000  x1=0x00000000
     178175.000 ns	     17816	80003f4c	01661b33	sll	x22,x12,x22	 x12:0x00000000 x22:0x00000000 x22=0x00000000
     178205.000 ns	     17819	80003f50	182d77d3	fdiv.s	f15,f26,f2	 f26:0x4f7fffff  f2:0x00000000 f15=0x7f800000
     178235.000 ns	     17822	80003f54	036dcfb3	div	x31,x27,x22	 x27:0xf9c138da x22:0x00000000 x31=0xffffffff
     178265.000 ns	     17825	80003f58	217d1853	fsgnjn.s	f16,f26,f23	 f26:0x4f7fffff f23:0x7fc00000 f16=0xcf7fffff
     178295.000 ns	     17828	80003f5c	d01d7253	fcvt.s.wu	f4,x26	 x26:0x00000000  f4=0x00000000
     178315.000 ns	     17830	80003f60	00a26333	or	x6,x4,x10	  x4:0x00000000 x10:0x80041020  x6=0x80041020
     178355.000 ns	     17834	80003f64	01c6f0d3	fadd.s	f1,f13,f28	 f13:0x4f1d4853 f28:0x80000000  f1=0x4f1d4853
     178385.000 ns	     17837	80003f68	29ce0953	fmin.s	f18,f28,f28	 f28:0x80000000 f28:0x80000000 f18=0x80000000
     178415.000 ns	     17840	80003f6c	e00e0f53	fmv.x.w	x30,f28	 f28:0x80000000 x30=0x80000000
     178445.000 ns	     17843	80003f70	e0051a53	fclass.s	x20,f10	 f10:0x80041024 x20=0x00000004
     178465.000 ns	     17845	80003f74	abe3b917	auipc	x18,0xabe3b	 x18=0x2be3ef74
     178475.000 ns	     17846	80003f78	01ff6bb3	or	x23,x30,x31	 x30:0x80000000 x31:0xffffffff x23=0xffffffff
     178835.000 ns	     17882	80003f7c	02bdf933	remu	x18,x27,x11	 x27:0xf9c138da x11:0x80041024 x18=0x79bd28b6
     178885.000 ns	     17887	80003f80	08ab96d3	fsub.s	f13,f23,f10	 f23:0x7fc00000 f10:0x80041024 f13=0x7fc00000
     178915.000 ns	     17890	80003f84	2196a2d3	fsgnjx.s	f5,f13,f25	 f13:0x4f1d4853 f25:0x80007aa5  f5=0xffc00000
     178945.000 ns	     17893	80003f88	c01da653	fcvt.wu.s	x12,f27	 f27:0x7fc00000 x12=0xffffffff
     178975.000 ns	     17896	80003f8c	02998c33	mul	x24,x19,x9	 x19:0x00000000  x9:0x00000000 x24=0x00000000
     178995.000 ns	     17898	80003f90	411d5cb3	sra	x25,x26,x17	 x26:0x00000000 x17:0x9d485374 x25=0x00000000
     179005.000 ns	     17899	80003f94	015d08b3	add	x17,x26,x21	 x26:0x00000000 x21:0x74f23000 x17=0x74f23000
     179015.000 ns	     17900	80003f98	7adac013	xori	x0,x21,1965	 x21:0x74f23000
     179025.000 ns	     17901	80003f9c	0068e2b3	or	x5,x17,x6	 x17:0x9d485374  x6:0x80041020  x5=0xf4f63020
     179035.000 ns	     17902	80003fa0	41c75893	srai	x17,x14,0x1c	 x14:0x00000125 x17=0x00000000
     179045.000 ns	     17903	80003fa4	018a9f13	slli	x30,x21,0x18	 x21:0x74f23000 x30=0x00000000
     179055.000 ns	     17904	80003fa8	00da4a33	xor	x20,x20,x13	 x20:0x00000004 x13:0x00000000 x20=0x00000004
     179065.000 ns	     17905	80003fac	01a88633	add	x12,x17,x26	 x17:0x00000000 x26:0x00000000 x12=0x00000000
     179075.000 ns	     17906	80003fb0	005c4f33	xor	x30,x24,x5	 x24:0x00000000  x5:0xf4f63020 x30=0xf4f63020
     179095.000 ns	     17908	80003fb4	e00414d3	fclass.s	x9,f8	  f8:0x80007aa5  x9=0x00000004
     179135.000 ns	     17912	80003fb8	580f11d3	fsqrt.s	f3,f30	 f30:0x00000000  f3=0x00000000
     179165.000 ns	     17915	80003fbc	21c29fd3	fsgnjn.s	f31,f5,f28	  f5:0xffc00000 f28:0x80000000 f31=0x7fc00000
     179195.000 ns	     17918	80003fc0	213494d3	fsgnjn.s	f9,f9,f19	  f9:0x4f7fffff f19:0xcee09300  f9=0x4f7fffff
     179225.000 ns	     17921	80003fc4	d0102153	fcvt.s.wu	f2,x0	  x0:0x00000000  f2=0x00000000
     179245.000 ns	     17923	80003fc8	00ddcc93	xori	x25,x27,13	 x27:0xf9c138da x25=0xf9c138d7
     179265.000 ns	     17925	80003fcc	e0090ed3	fmv.x.w	x29,f18	 f18:0x80000000 x29=0x80000000
     179285.000 ns	     17927	80003fd0	01771613	slli	x12,x14,0x17	 x14:0x00000125 x12=0x92800000
     179315.000 ns	     17930	80003fd4	1943a253	fdiv.s	f4,f7,f20	  f7:0x7fc00000 f20:0x4e887b80  f4=0x7fc00000
     179335.000 ns	     17932	80003fd8	7a773213	sltiu	x4,x14,1959	 x14:0x00000125  x4=0x00000001
     179355.000 ns	     17934	80003fdc	a06a13d3	flt.s	x7,f20,f6	 f20:0x4e887b80  f6:0x7fc00000  x7=0x00000000
     179395.000 ns	     17938	80003fe0	102a71d3	fmul.s	f3,f20,f2	 f20:0x4e887b80  f2:0x00000000  f3=0x00000000
     179425.000 ns	     17941	80003fe4	e0061253	fclass.s	x4,f12	 f12:0x00000000  x4=0x00000010
     179795.000 ns	     17978	80003fe8	039cf6b3	remu	x13,x25,x25	 x25:0xf9c138d7 x25:0xf9c138d7 x13=0x00000000
     179825.000 ns	     17981	80003fec	c0080953	fcvt.w.s	x18,f16	 f16:0xcf7fffff x18=0x80000000
     179845.000 ns	     17983	80003ff0	40038033	sub	x0,x7,x0	  x7:0x00000000  x0:0x00000000
     179855.000 ns	     17984	80003ff4	003aa333	slt	x6,x21,x3	 x21:0x74f23000  x3:0xffffffff  x6=0x00000000
     179865.000 ns	     17985	80003ff8	00d930b3	sltu	x1,x18,x13	 x18:0x80000000 x13:0x00000000  x1=0x00000000
     179885.000 ns	     17987	80003ffc	29088e53	fmin.s	f28,f17,f16	 f17:0x00000000 f16:0xcf7fffff f28=0xcf7fffff
     179905.000 ns	     17989	80004000	00fc7eb3	and	x29,x24,x15	 x24:0x00000000 x15:0xf9c13d14 x29=0x00000000
     179925.000 ns	     17991	80004004	a027aad3	feq.s	x21,f15,f2	 f15:0x7f800000  f2:0x00000000 x21=0x00000000
     179955.000 ns	     17994	80004008	a03c8ed3	fle.s	x29,f25,f3	 f25:0x80007aa5  f3:0x00000000 x29=0x00000001
     180325.000 ns	     18031	8000400c	023dcc33	div	x24,x27,x3	 x27:0xf9c138da  x3:0xffffffff x24=0x063ec726
     180345.000 ns	     18033	80004010	3aac0f13	addi	x30,x24,938	 x24:0x00000000 x30=0x063ecad0
     180355.000 ns	     18034	80004014	916f8b13	addi	x22,x31,-1770	 x31:0xffffffff x22=0xfffff915
     180385.000 ns	     18037	80004018	18d0fa53	fdiv.s	f20,f1,f13	  f1:0x4f1d4853 f13:0x7fc00000 f20=0x7fc00000
     180405.000 ns	     18039	8000401c	0026da93	srli	x21,x13,0x2	 x13:0x00000000 x21=0x00000000
     180415.000 ns	     18040	80004020	997ffc93	andi	x25,x31,-1641	 x31:0xffffffff x25=0xfffff997
     180775.000 ns	     18076	80004024	03b36f33	rem	x30,x6,x27	  x6:0x00000000 x27:0xf9c138da x30=0x00000000
     180795.000 ns	     18078	80004028	07d05997	auipc	x19,0x7d05	 x19=0x87d09028
     180825.000 ns	     18081	8000402c	101f43d3	fmul.s	f7,f30,f1	 f30:0x00000000  f1:0x4f1d4853  f7=0x00000000
     180865.000 ns	     18085	80004030	580544d3	fsqrt.s	f9,f10	 f10:0x80041024  f9=0x7fc00000
     180905.000 ns	     18089	80004034	580f7553	fsqrt.s	f10,f30	 f30:0x00000000 f10=0x00000000
     180925.000 ns	     18091	80004038	23ff6713	ori	x14,x30,575	 x30:0x00000000 x14=0x0000023f
     180935.000 ns	     18092	8000403c	002e4c33	xor	x24,x28,x2	 x28:0x80040fe4  x2:0x00000000 x24=0x80040fe4
     180955.000 ns	     18094	80004040	038fbe33	mulhu	x28,x31,x24	 x31:0xffffffff x24:0x063ec726 x28=0x80040fe3
     180985.000 ns	     18097	80004044	c000fb53	fcvt.w.s	x22,f1	  f1:0x4f1d4853 x22=0x7fffffff
     181015.000 ns	     18100	80004048	a0a3a6d3	feq.s	x13,f7,f10	  f7:0x00000000 f10:0x00000000 x13=0x00000001
     181035.000 ns	     18102	8000404c	00285033	srl	x0,x16,x2	 x16:0x8642d2d0  x2:0x00000000
     181055.000 ns	     18104	80004050	a0259753	flt.s	x14,f11,f2	 f11:0xffc00000  f2:0x00000000 x14=0x00000000
     181075.000 ns	     18106	80004054	40d2d713	srai	x14,x5,0xd	  x5:0xf4f63020 x14=0xffffa7b1
     181095.000 ns	     18108	80004058	209d8653	fsgnj.s	f12,f27,f9	 f27:0x7fc00000  f9:0x7fc00000 f12=0x7fc00000
     181115.000 ns	     18110	8000405c	0068f333	and	x6,x17,x6	 x17:0x00000000  x6:0x00000000  x6=0x00000000
     181125.000 ns	     18111	80004060	00f9e733	or	x14,x19,x15	 x19:0x87d09028 x15:0xf9c13d14 x14=0xffd1bd3c
     181135.000 ns	     18112	80004064	eea16193	ori	x3,x2,-278	  x2:0x00000000  x3=0xfffffeea
     181145.000 ns	     18113	80004068	010f9a33	sll	x20,x31,x16	 x31:0xffffffff x16:0x8642d2d0 x20=0xffff0000
     181165.000 ns	     18115	8000406c	030f2833	mulhsu	x16,x30,x16	 x30:0x00000000 x16:0x8642d2d0 x16=0x00000000
     181195.000 ns	     18118	80004070	02f7b4b3	mulhu	x9,x15,x15	 x15:0xf9c13d14 x15:0xf9c13d14  x9=0xf3a97aae
     181215.000 ns	     18120	80004074	00000013	addi	x0,x0,0	  x0:0x00000000
     181225.000 ns	     18121	80004078	40590a33	sub	x20,x18,x5	 x18:0x80000000  x5:0xf4f63020 x20=0x8b09cfe0
     181235.000 ns	     18122	8000407c	018b4633	xor	x12,x22,x24	 x22:0x7fffffff x24:0x80040fe4 x12=0xfffbf01b
     181245.000 ns	     18123	80004080	014d1c93	slli	x25,x26,0x14	 x26:0x00000000 x25=0x00000000
     181265.000 ns	     18125	80004084	207f0dd3	fsgnj.s	f27,f30,f7	 f30:0x00000000  f7:0x00000000 f27=0x00000000
     181315.000 ns	     18130	80004088	08b4fc53	fsub.s	f24,f9,f11	  f9:0x7fc00000 f11:0xffc00000 f24=0x7fc00000
     181335.000 ns	     18132	8000408c	01049cb3	sll	x25,x9,x16	  x9:0xf3a97aae x16:0x00000000 x25=0xf3a97aae
     181345.000 ns	     18133	80004090	01348333	add	x6,x9,x19	  x9:0xf3a97aae x19:0x87d09028  x6=0x7b7a0ad6
     181365.000 ns	     18135	80004094	e00e0d53	fmv.x.w	x26,f28	 f28:0xcf7fffff x26=0xcf7fffff
     181385.000 ns	     18137	80004098	41cd06b3	sub	x13,x26,x28	 x26:0x00000000 x28:0x80040fe3 x13=0x4f7bf01c
     181405.000 ns	     18139	8000409c	02f402b3	mul	x5,x8,x15	  x8:0x80040fe4 x15:0xf9c13d14  x5=0xb6fe91d0
     181435.000 ns	     18142	800040a0	02901633	mulh	x12,x0,x9	  x0:0x00000000  x9:0xf3a97aae x12=0x00000000
     181485.000 ns	     18147	800040a4	091fcb53	fsub.s	f22,f31,f17	 f31:0x7fc00000 f17:0x00000000 f22=0x7fc00000
     181515.000 ns	     18150	800040a8	037c8a33	mul	x20,x25,x23	 x25:0xf3a97aae x23:0xffffffff x20=0x0c568552
     181535.000 ns	     18152	800040ac	00a09993	slli	x19,x1,0xa	  x1:0x00000000 x19=0x00000000
     181545.000 ns	     18153	800040b0	17a73b13	sltiu	x22,x14,378	 x14:0xffd1bd3c x22=0x00000000
     181905.000 ns	     18189	800040b4	03cd5733	divu	x14,x26,x28	 x26:0xcf7fffff x28:0x80040fe3 x14=0x00000001
     181935.000 ns	     18192	800040b8	02f720b3	mulhsu	x1,x14,x15	 x14:0xffd1bd3c x15:0xf9c13d14  x1=0x00000000
     181965.000 ns	     18195	800040bc	28009e53	fmax.s	f28,f1,f0	  f1:0x4f1d4853  f0:0xcec56f59 f28=0x4f1d4853
     181995.000 ns	     18198	800040c0	d0117fd3	fcvt.s.wu	f31,x2	  x2:0x00000000 f31=0x00000000
     182015.000 ns	     18200	800040c4	41a25f33	sra	x30,x4,x26	  x4:0x00000010 x26:0xcf7fffff x30=0x00000000
     182035.000 ns	     18202	800040c8	28b906d3	fmin.s	f13,f18,f11	 f18:0x80000000 f11:0xffc00000 f13=0x80000000
     182065.000 ns	     18205	800040cc	d00510d3	fcvt.s.w	f1,x10	 x10:0x80041020  f1=0xcefff7df
     182095.000 ns	     18208	800040d0	02893733	mulhu	x14,x18,x8	 x18:0x80000000  x8:0x80040fe4 x14=0x400207f2
     182115.000 ns	     18210	800040d4	40ced733	sra	x14,x29,x12	 x29:0x00000001 x12:0x00000000 x14=0x00000001
     182135.000 ns	     18212	800040d8	a1c52c53	feq.s	x24,f10,f28	 f10:0x00000000 f28:0x4f1d4853 x24=0x00000000
     182155.000 ns	     18214	800040dc	00775093	srli	x1,x14,0x7	 x14:0x400207f2  x1=0x00000000
     182165.000 ns	     18215	800040e0	41c70033	sub	x0,x14,x28	 x14:0x00000001 x28:0x80040fe3
     182175.000 ns	     18216	800040e4	010cc2b3	xor	x5,x25,x16	 x25:0xf3a97aae x16:0x00000000  x5=0xf3a97aae
     182185.000 ns	     18217	800040e8	40ec80b3	sub	x1,x25,x14	 x25:0xf3a97aae x14:0x00000001  x1=0xf3a97aad
     182195.000 ns	     18218	800040ec	41125c33	sra	x24,x4,x17	  x4:0x00000010 x17:0x00000000 x24=0x00000010
     182215.000 ns	     18220	800040f0	a1299553	flt.s	x10,f19,f18	 f19:0xcee09300 f18:0x80000000 x10=0x00000001
     182245.000 ns	     18223	800040f4	d009bbd3	fcvt.s.w	f23,x19	 x19:0x00000000 f23=0x00000000
     182265.000 ns	     18225	800040f8	4ae84f93	xori	x31,x16,1198	 x16:0x00000000 x31=0x000004ae
     182275.000 ns	     18226	800040fc	00a79193	slli	x3,x15,0xa	 x15:0xf9c13d14  x3=0x04f45000
     182285.000 ns	     18227	80004100	018afb33	and	x22,x21,x24	 x21:0x00000000 x24:0x00000010 x22=0x00000000
     182295.000 ns	     18228	80004104	fb2b0613	addi	x12,x22,-78	 x22:0x00000000 x12=0xffffffb2
     182315.000 ns	     18230	80004108	03ddb0b3	mulhu	x1,x27,x29	 x27:0xf9c138da x29:0x00000001  x1=0x00000000
     182355.000 ns	     18234	8000410c	1003cbd3	fmul.s	f23,f7,f0	  f7:0x00000000  f0:0xcec56f59 f23=0x80000000
     182385.000 ns	     18237	80004110	c005f953	fcvt.w.s	x18,f11	 f11:0xffc00000 x18=0x7fffffff
     182405.000 ns	     18239	80004114	4bf3af13	slti	x30,x7,1215	  x7:0x00000000 x30=0x00000001
     182425.000 ns	     18241	80004118	21b42853	fsgnjx.s	f16,f8,f27	  f8:0x80007aa5 f27:0x00000000 f16=0x80007aa5
     182455.000 ns	     18244	8000411c	21121bd3	fsgnjn.s	f23,f4,f17	  f4:0x7fc00000 f17:0x00000000 f23=0xffc00000
     182475.000 ns	     18246	80004120	74200993	addi	x19,x0,1858	  x0:0x00000000 x19=0x00000742
     182495.000 ns	     18248	80004124	024804b3	mul	x9,x16,x4	 x16:0x00000000  x4:0x00000010  x9=0x00000000
     182525.000 ns	     18251	80004128	a0a0a3d3	feq.s	x7,f1,f10	  f1:0xcefff7df f10:0x00000000  x7=0x00000000
     182545.000 ns	     18253	8000412c	c0eec713	xori	x14,x29,-1010	 x29:0x00000001 x14=0xfffffc0f
     182575.000 ns	     18256	80004130	58057a53	fsqrt.s	f20,f10	 f10:0x00000000 f20=0x00000000
     182605.000 ns	     18259	80004134	a0c6a753	feq.s	x14,f13,f12	 f13:0x80000000 f12:0x7fc00000 x14=0x00000000
     182635.000 ns	     18262	80004138	03d89833	mulh	x16,x17,x29	 x17:0x00000000 x29:0x00000001 x16=0x00000000
     182665.000 ns	     18265	8000413c	f0000953	fmv.w.x	f18,x0	  x0:0x00000000 f18=0x00000000
     182695.000 ns	     18268	80004140	29880153	fmin.s	f2,f16,f24	 f16:0x80007aa5 f24:0x7fc00000  f2=0x80007aa5
     182725.000 ns	     18271	80004144	a0928b53	fle.s	x22,f5,f9	  f5:0xffc00000  f9:0x7fc00000 x22=0x00000000
     182745.000 ns	     18273	80004148	8d7bee93	ori	x29,x23,-1833	 x23:0xffffffff x29=0xffffffff
     182765.000 ns	     18275	8000414c	f0008353	fmv.w.x	f6,x1	  x1:0x00000000  f6=0x00000000
     182795.000 ns	     18278	80004150	0393b633	mulhu	x12,x7,x25	  x7:0x00000000 x25:0xf3a97aae x12=0x00000000
     182825.000 ns	     18281	80004154	281b03d3	fmin.s	f7,f22,f1	 f22:0x7fc00000  f1:0xcefff7df  f7=0xcefff7df
     182855.000 ns	     18284	80004158	a0b404d3	fle.s	x9,f8,f11	  f8:0x80007aa5 f11:0xffc00000  x9=0x00000000
     182905.000 ns	     18289	8000415c	08300553	fsub.s	f10,f0,f3	  f0:0xcec56f59  f3:0x00000000 f10=0xcec56f59
     182925.000 ns	     18291	80004160	01529613	slli	x12,x5,0x15	  x5:0xf3a97aae x12=0x55c00000
     182935.000 ns	     18292	80004164	b1b02893	slti	x17,x0,-1253	  x0:0x00000000 x17=0x00000000
     182955.000 ns	     18294	80004168	29a98d53	fmin.s	f26,f19,f26	 f19:0xcee09300 f26:0x4f7fffff f26=0xcee09300
     182975.000 ns	     18296	8000416c	4cbe2d13	slti	x26,x28,1227	 x28:0x80040fe3 x26=0x00000001
     182985.000 ns	     18297	80004170	4d36f493	andi	x9,x13,1235	 x13:0x4f7bf01c  x9=0x00000010
     183005.000 ns	     18299	80004174	e0068b53	fmv.x.w	x22,f13	 f13:0x80000000 x22=0x80000000
     183035.000 ns	     18302	80004178	d0197053	fcvt.s.wu	f0,x18	 x18:0x7fffffff  f0=0x4effffff
     183065.000 ns	     18305	8000417c	d001a0d3	fcvt.s.w	f1,x3	  x3:0x04f45000  f1=0x4c9e8a00
     183085.000 ns	     18307	80004180	01e37633	and	x12,x6,x30	  x6:0x7b7a0ad6 x30:0x00000001 x12=0x00000000
     183095.000 ns	     18308	80004184	01ea0d33	add	x26,x20,x30	 x20:0x0c568552 x30:0x00000001 x26=0x0c568553
     183105.000 ns	     18309	80004188	00455293	srli	x5,x10,0x4	 x10:0x00000001  x5=0x00000000
     183125.000 ns	     18311	8000418c	02d80733	mul	x14,x16,x13	 x16:0x00000000 x13:0x4f7bf01c x14=0x00000000
     183165.000 ns	     18315	80004190	580bf6d3	fsqrt.s	f13,f23	 f23:0xffc00000 f13=0x7fc00000
     183185.000 ns	     18317	80004194	0050acb3	slt	x25,x1,x5	  x1:0x00000000  x5:0x00000000 x25=0x00000000
     183195.000 ns	     18318	80004198	6f91a913	slti	x18,x3,1785	  x3:0x04f45000 x18=0x00000000
     183205.000 ns	     18319	8000419c	be5f3e93	sltiu	x29,x30,-1051	 x30:0x00000001 x29=0x00000001
     183215.000 ns	     18320	800041a0	4070d3b3	sra	x7,x1,x7	  x1:0x00000000  x7:0x00000000  x7=0x00000000
     183235.000 ns	     18322	800041a4	031af133	remu	x2,x21,x17	 x21:0x00000000 x17:0x00000000  x2=0x00000000
     183265.000 ns	     18325	800041a8	a15ea6d3	feq.s	x13,f29,f21	 f29:0xcee09300 f21:0x00000000 x13=0x00000000
     183285.000 ns	     18327	800041ac	8c710e13	addi	x28,x2,-1849	  x2:0x00000000 x28=0xfffff8c7
     183315.000 ns	     18330	800041b0	10f925d3	fmul.s	f11,f18,f15	 f18:0x00000000 f15:0x7f800000 f11=0x7fc00000
     183355.000 ns	     18334	800041b4	111dfdd3	fmul.s	f27,f27,f17	 f27:0x00000000 f17:0x00000000 f27=0x00000000
     183375.000 ns	     18336	800041b8	01af3133	sltu	x2,x30,x26	 x30:0x00000001 x26:0x0c568553  x2=0x00000001
     183385.000 ns	     18337	800041bc	41c35493	srai	x9,x6,0x1c	  x6:0x7b7a0ad6  x9=0x00000007
     183405.000 ns	     18339	800041c0	028d9eb3	mulh	x29,x27,x8	 x27:0xf9c138da  x8:0x80040fe4 x29=0x031f4a34
     183425.000 ns	     18341	800041c4	7e2bb613	sltiu	x12,x23,2018	 x23:0xffffffff x12=0x00000000
     183435.000 ns	     18342	800041c8	010e9813	slli	x16,x29,0x10	 x29:0x031f4a34 x16=0x4a340000
     183445.000 ns	     18343	800041cc	009f5333	srl	x6,x30,x9	 x30:0x00000001  x9:0x00000007  x6=0x00000000
     183455.000 ns	     18344	800041d0	d9d24c97	auipc	x25,0xd9d24	 x25=0x59d281d0
     183465.000 ns	     18345	800041d4	616d3993	sltiu	x19,x26,1558	 x26:0x0c568553 x19=0x00000000
     183475.000 ns	     18346	800041d8	40295ab3	sra	x21,x18,x2	 x18:0x00000000  x2:0x00000001 x21=0x00000000
     183485.000 ns	     18347	800041dc	00728d33	add	x26,x5,x7	  x5:0x00000000  x7:0x00000000 x26=0x00000000
     183505.000 ns	     18349	800041e0	02171833	mulh	x16,x14,x1	 x14:0x00000000  x1:0x00000000 x16=0x00000000
     183525.000 ns	     18351	800041e4	41a55db3	sra	x27,x10,x26	 x10:0x00000001 x26:0x0c568553 x27=0x00000001
     183545.000 ns	     18353	800041e8	289f80d3	fmin.s	f1,f31,f9	 f31:0x00000000  f9:0x7fc00000  f1=0x00000000
     183565.000 ns	     18355	800041ec	01b6d8b3	srl	x17,x13,x27	 x13:0x00000000 x27:0xf9c138da x17=0x00000000
     183575.000 ns	     18356	800041f0	010cadb3	slt	x27,x25,x16	 x25:0x59d281d0 x16:0x00000000 x27=0x00000000
     183585.000 ns	     18357	800041f4	01d83b33	sltu	x22,x16,x29	 x16:0x00000000 x29:0x031f4a34 x22=0x00000001
     183605.000 ns	     18359	800041f8	d012b553	fcvt.s.wu	f10,x5	  x5:0x00000000 f10=0x00000000
     183635.000 ns	     18362	800041fc	a00b03d3	fle.s	x7,f22,f0	 f22:0x7fc00000  f0:0x4effffff  x7=0x00000000
     183655.000 ns	     18364	80004200	018b79b3	and	x19,x22,x24	 x22:0x00000001 x24:0x00000010 x19=0x00000000
     183685.000 ns	     18367	80004204	1904f9d3	fdiv.s	f19,f9,f16	  f9:0x7fc00000 f16:0x80007aa5 f19=0x7fc00000
     183705.000 ns	     18369	80004208	c44bf613	andi	x12,x23,-956	 x23:0xffffffff x12=0xfffffc44
     183725.000 ns	     18371	8000420c	039221b3	mulhsu	x3,x4,x25	  x4:0x00000010 x25:0x59d281d0  x3=0x00000005
     183755.000 ns	     18374	80004210	f00901d3	fmv.w.x	f3,x18	 x18:0x00000000  f3=0x00000000
     183775.000 ns	     18376	80004214	00ce1b13	slli	x22,x28,0xc	 x28:0xfffff8c7 x22=0xff8c7000
     183785.000 ns	     18377	80004218	90f00b93	addi	x23,x0,-1777	  x0:0x00000000 x23=0xfffff90f
     183795.000 ns	     18378	8000421c	007de6b3	or	x13,x27,x7	 x27:0x00000000  x7:0x00000000 x13=0x00000000
     183815.000 ns	     18380	80004220	a1840ad3	fle.s	x21,f8,f24	  f8:0x80007aa5 f24:0x7fc00000 x21=0x00000000
     183845.000 ns	     18383	80004224	208297d3	fsgnjn.s	f15,f5,f8	  f5:0xffc00000  f8:0x80007aa5 f15=0x7fc00000
     183865.000 ns	     18385	80004228	d1056d13	ori	x26,x10,-752	 x10:0x00000001 x26=0xfffffd11
     183875.000 ns	     18386	8000422c	4042de33	sra	x28,x5,x4	  x5:0x00000000  x4:0x00000010 x28=0x00000000
     183885.000 ns	     18387	80004230	007c0d33	add	x26,x24,x7	 x24:0x00000010  x7:0x00000000 x26=0x00000010
     183895.000 ns	     18388	80004234	00015e13	srli	x28,x2,0x0	  x2:0x00000001 x28=0x00000001
     183915.000 ns	     18390	80004238	20120cd3	fsgnj.s	f25,f4,f1	  f4:0x7fc00000  f1:0x00000000 f25=0x7fc00000
     183935.000 ns	     18392	8000423c	00332133	slt	x2,x6,x3	  x6:0x00000000  x3:0x00000005  x2=0x00000001
     183955.000 ns	     18394	80004240	290002d3	fmin.s	f5,f0,f16	  f0:0x4effffff f16:0x80007aa5  f5=0x80007aa5
     183985.000 ns	     18397	80004244	a06286d3	fle.s	x13,f5,f6	  f5:0xffc00000  f6:0x00000000 x13=0x00000001
     184005.000 ns	     18399	80004248	01d61f93	slli	x31,x12,0x1d	 x12:0xfffffc44 x31=0x80000000
     184035.000 ns	     18402	8000424c	5805f5d3	fsqrt.s	f11,f11	 f11:0x7fc00000 f11=0x7fc00000
     184065.000 ns	     18405	80004250	a1072dd3	feq.s	x27,f14,f16	 f14:0xffc00000 f16:0x80007aa5 x27=0x00000000
     184105.000 ns	     18409	80004254	580c74d3	fsqrt.s	f9,f24	 f24:0x7fc00000  f9=0x7fc00000
     184125.000 ns	     18411	80004258	000daab3	slt	x21,x27,x0	 x27:0x00000000  x0:0x00000000 x21=0x00000000
     184135.000 ns	     18412	8000425c	e984cb93	xori	x23,x9,-360	  x9:0x00000007 x23=0xfffffe9f
     184155.000 ns	     18414	80004260	c003a0d3	fcvt.w.s	x1,f7	  f7:0xcefff7df  x1=0x80041080
     184525.000 ns	     18451	80004264	029a7833	remu	x16,x20,x9	 x20:0x0c568552  x9:0x00000007 x16=0x00000000
     184545.000 ns	     18453	80004268	2fee4a93	xori	x21,x28,766	 x28:0x00000001 x21=0x000002ff
     184575.000 ns	     18456	8000426c	1037ac53	fmul.s	f24,f15,f3	 f15:0x7fc00000  f3:0x00000000 f24=0x7fc00000
     184595.000 ns	     18458	80004270	0050ab33	slt	x22,x1,x5	  x1:0x80041080  x5:0x00000000 x22=0x00000001
     184615.000 ns	     18460	80004274	e00404d3	fmv.x.w	x9,f8	  f8:0x80007aa5  x9=0x80007aa5
     184635.000 ns	     18462	80004278	c9516d13	ori	x26,x2,-875	  x2:0x00000001 x26=0xfffffc95
     184655.000 ns	     18464	8000427c	03bc69b3	rem	x19,x24,x27	 x24:0x00000010 x27:0x00000000 x19=0x00000010
     184675.000 ns	     18466	80004280	01f3dc93	srli	x25,x7,0x1f	  x7:0x00000000 x25=0x00000000
     184695.000 ns	     18468	80004284	020babb3	mulhsu	x23,x23,x0	 x23:0xfffffe9f  x0:0x00000000 x23=0x00000000
     184715.000 ns	     18470	80004288	00ec5313	srli	x6,x24,0xe	 x24:0x00000010  x6=0x00000000
     184725.000 ns	     18471	8000428c	c2fee613	ori	x12,x29,-977	 x29:0x031f4a34 x12=0xfffffe3f
     185085.000 ns	     18507	80004290	02c77d33	remu	x26,x14,x12	 x14:0x00000000 x12:0xfffffc44 x26=0x00000000
     185125.000 ns	     18511	80004294	18590853	fdiv.s	f16,f18,f5	 f18:0x00000000  f5:0x80007aa5 f16=0x80000000
     185145.000 ns	     18513	80004298	73fec993	xori	x19,x29,1855	 x29:0x031f4a34 x19=0x031f4d0b
     185165.000 ns	     18515	8000429c	21ab1b53	fsgnjn.s	f22,f22,f26	 f22:0x7fc00000 f26:0xcee09300 f22=0x7fc00000
     185205.000 ns	     18519	800042a0	580ab7d3	fsqrt.s	f15,f21	 f21:0x00000000 f15=0x00000000
     185235.000 ns	     18522	800042a4	21c78253	fsgnj.s	f4,f15,f28	 f15:0x7fc00000 f28:0x4f1d4853  f4=0x00000000
     185255.000 ns	     18524	800042a8	0178de13	srli	x28,x17,0x17	 x17:0x00000000 x28=0x00000000
     185275.000 ns	     18526	800042ac	02ed56b3	divu	x13,x26,x14	 x26:0x00000000 x14:0x00000000 x13=0xffffffff
     185315.000 ns	     18530	800042b0	11d30bd3	fmul.s	f23,f6,f29	  f6:0x00000000 f29:0xcee09300 f23=0x80000000
     185335.000 ns	     18532	800042b4	008d1693	slli	x13,x26,0x8	 x26:0x00000000 x13=0x00000000
     185345.000 ns	     18533	800042b8	39d62013	slti	x0,x12,925	 x12:0xfffffe3f
     185355.000 ns	     18534	800042bc	41ce8eb3	sub	x29,x29,x28	 x29:0x031f4a34 x28:0x00000000 x29=0x031f4a34
     185365.000 ns	     18535	800042c0	01c49a93	slli	x21,x9,0x1c	  x9:0x80007aa5 x21=0x50000000
     185375.000 ns	     18536	800042c4	00810a33	add	x20,x2,x8	  x2:0x00000001  x8:0x80040fe4 x20=0x80040fe5
     185395.000 ns	     18538	800042c8	037f3133	mulhu	x2,x30,x23	 x30:0x00000001 x23:0x00000000  x2=0x00000000
     185445.000 ns	     18543	800042cc	0005f953	fadd.s	f18,f11,f0	 f11:0x7fc00000  f0:0x4effffff f18=0x7fc00000
     185475.000 ns	     18546	800042d0	030079b3	remu	x19,x0,x16	  x0:0x00000000 x16:0x00000000 x19=0x00000000
     185505.000 ns	     18549	800042d4	292784d3	fmin.s	f9,f15,f18	 f15:0x00000000 f18:0x7fc00000  f9=0x00000000
     185535.000 ns	     18552	800042d8	0364aeb3	mulhsu	x29,x9,x22	  x9:0x80007aa5 x22:0x00000001 x29=0xffffffff
     185585.000 ns	     18557	800042dc	089efdd3	fsub.s	f27,f29,f9	 f29:0xcee09300  f9:0x00000000 f27=0xcee09300
     185605.000 ns	     18559	800042e0	009ffa33	and	x20,x31,x9	 x31:0x80000000  x9:0x80007aa5 x20=0x80000000
     185965.000 ns	     18595	800042e4	02fbc4b3	div	x9,x23,x15	 x23:0x00000000 x15:0xf9c13d14  x9=0x00000000
     185985.000 ns	     18597	800042e8	00719133	sll	x2,x3,x7	  x3:0x00000005  x7:0x00000000  x2=0x00000005
     185995.000 ns	     18598	800042ec	40b0d893	srai	x17,x1,0xb	  x1:0x80041080 x17=0xfff00082
     186005.000 ns	     18599	800042f0	00000013	addi	x0,x0,0	  x0:0x00000000
     186025.000 ns	     18601	800042f4	e00403d3	fmv.x.w	x7,f8	  f8:0x80007aa5  x7=0x80007aa5
     186045.000 ns	     18603	800042f8	01646f33	or	x30,x8,x22	  x8:0x80040fe4 x22:0x00000001 x30=0x80040fe5
     186065.000 ns	     18605	800042fc	a19f0cd3	fle.s	x25,f30,f25	 f30:0x00000000 f25:0x7fc00000 x25=0x00000000
     186105.000 ns	     18609	80004300	18370853	fdiv.s	f16,f14,f3	 f14:0xffc00000  f3:0x00000000 f16=0x7fc00000
     186135.000 ns	     18612	80004304	a14620d3	feq.s	x1,f12,f20	 f12:0x7fc00000 f20:0x00000000  x1=0x00000000
     186165.000 ns	     18615	80004308	21a0a353	fsgnjx.s	f6,f1,f26	  f1:0x00000000 f26:0xcee09300  f6=0x80000000
     186185.000 ns	     18617	8000430c	d0138c93	addi	x25,x7,-767	  x7:0x80007aa5 x25=0x800077a6
     186195.000 ns	     18618	80004310	40bb5093	srai	x1,x22,0xb	 x22:0x00000001  x1=0x00000000
     186215.000 ns	     18620	80004314	f0050453	fmv.w.x	f8,x10	 x10:0x00000001  f8=0x00000001
     186235.000 ns	     18622	80004318	00565b13	srli	x22,x12,0x5	 x12:0xfffffe3f x22=0x07fffff1
     186245.000 ns	     18623	8000431c	2022ad13	slti	x26,x5,514	  x5:0x00000000 x26=0x00000001
     186265.000 ns	     18625	80004320	e0061ad3	fclass.s	x21,f12	 f12:0x7fc00000 x21=0x00000200
     186285.000 ns	     18627	80004324	41c5d733	sra	x14,x11,x28	 x11:0x80041024 x28:0x00000000 x14=0x80041024
     186305.000 ns	     18629	80004328	d01cf553	fcvt.s.wu	f10,x25	 x25:0x800077a6 f10=0x4f000077
     186675.000 ns	     18666	8000432c	02a9ecb3	rem	x25,x19,x10	 x19:0x00000000 x10:0x00000001 x25=0x00000000
     186705.000 ns	     18669	80004330	d00bf853	fcvt.s.w	f16,x23	 x23:0x00000000 f16=0x00000000
     186725.000 ns	     18671	80004334	b9237f13	andi	x30,x6,-1134	  x6:0x00000000 x30=0x00000000
     186745.000 ns	     18673	80004338	f0040953	fmv.w.x	f18,x8	  x8:0x80040fe4 f18=0x80040fe4
     186775.000 ns	     18676	8000433c	20e28e53	fsgnj.s	f28,f5,f14	  f5:0x80007aa5 f14:0xffc00000 f28=0x80007aa5
     186795.000 ns	     18678	80004340	00000013	addi	x0,x0,0	  x0:0x00000000
     186815.000 ns	     18680	80004344	e0041b53	fclass.s	x22,f8	  f8:0x00000001 x22=0x00000020
     186855.000 ns	     18684	80004348	1030a6d3	fmul.s	f13,f1,f3	  f1:0x00000000  f3:0x00000000 f13=0x00000000
     186875.000 ns	     18686	8000434c	00000013	addi	x0,x0,0	  x0:0x00000000
     186885.000 ns	     18687	80004350	408cd533	sra	x10,x25,x8	 x25:0x00000000  x8:0x80040fe4 x10=0x00000000
     186905.000 ns	     18689	80004354	d007f153	fcvt.s.w	f2,x15	 x15:0xf9c13d14  f2=0xccc7d85d
     186945.000 ns	     18693	80004358	18f2a253	fdiv.s	f4,f5,f15	  f5:0x80007aa5 f15:0x00000000  f4=0xff800000
     186965.000 ns	     18695	8000435c	01875d13	srli	x26,x14,0x18	 x14:0x80041024 x26=0x00000080
     186985.000 ns	     18697	80004360	e00d9653	fclass.s	x12,f27	 f27:0xcee09300 x12=0x00000002
     187005.000 ns	     18699	80004364	00ffce33	xor	x28,x31,x15	 x31:0x80000000 x15:0xf9c13d14 x28=0x79c13d14
     187015.000 ns	     18700	80004368	013d9033	sll	x0,x27,x19	 x27:0x00000000 x19:0x00000000
     187025.000 ns	     18701	8000436c	00776db3	or	x27,x14,x7	 x14:0x80041024  x7:0x80007aa5 x27=0x80047aa5
     187035.000 ns	     18702	80004370	017cd133	srl	x2,x25,x23	 x25:0x00000000 x23:0x00000000  x2=0x00000000
     187055.000 ns	     18704	80004374	e00f8053	fmv.x.w	x0,f31	 f31:0x00000000
     187085.000 ns	     18707	80004378	c0049e53	fcvt.w.s	x28,f9	  f9:0x00000000 x28=0x00000000
     187115.000 ns	     18710	8000437c	035399b3	mulh	x19,x7,x21	  x7:0x80007aa5 x21:0x00000200 x19=0xffffff00
     187145.000 ns	     18713	80004380	201e23d3	fsgnjx.s	f7,f28,f1	 f28:0x80007aa5  f1:0x00000000  f7=0x80007aa5
     187175.000 ns	     18716	80004384	c00db253	fcvt.w.s	x4,f27	 f27:0xcee09300  x4=0x8fb68000
     187195.000 ns	     18718	80004388	01a8d913	srli	x18,x17,0x1a	 x17:0xfff00082 x18=0x0000003f
     187215.000 ns	     18720	8000438c	28d80e53	fmin.s	f28,f16,f13	 f16:0x00000000 f13:0x00000000 f28=0x00000000
     187245.000 ns	     18723	80004390	289586d3	fmin.s	f13,f11,f9	 f11:0x7fc00000  f9:0x00000000 f13=0x00000000
     187265.000 ns	     18725	80004394	00000013	addi	x0,x0,0	  x0:0x00000000
     187295.000 ns	     18728	80004398	10b7f053	fmul.s	f0,f15,f11	 f15:0x00000000 f11:0x7fc00000  f0=0x7fc00000
     187325.000 ns	     18731	8000439c	28dc88d3	fmin.s	f17,f25,f13	 f25:0x7fc00000 f13:0x00000000 f17=0x00000000
     187345.000 ns	     18733	800043a0	00e20d33	add	x26,x4,x14	  x4:0x8fb68000 x14:0x80041024 x26=0x0fba9024
     187365.000 ns	     18735	800043a4	29cb0bd3	fmin.s	f23,f22,f28	 f22:0x7fc00000 f28:0x00000000 f23=0x00000000
     187735.000 ns	     18772	800043a8	02355e33	divu	x28,x10,x3	 x10:0x00000000  x3:0x00000005 x28=0x00000000
     187765.000 ns	     18775	800043ac	02a332b3	mulhu	x5,x6,x10	  x6:0x00000000 x10:0x00000000  x5=0x00000000
     187785.000 ns	     18777	800043b0	01897bb3	and	x23,x18,x24	 x18:0x0000003f x24:0x00000010 x23=0x00000010
     188145.000 ns	     18813	800043b4	035acfb3	div	x31,x21,x21	 x21:0x00000200 x21:0x00000200 x31=0x00000001
     188165.000 ns	     18815	800043b8	41603513	sltiu	x10,x0,1046	  x0:0x00000000 x10=0x00000001
     188175.000 ns	     18816	800043bc	403182b3	sub	x5,x3,x3	  x3:0x00000005  x3:0x00000005  x5=0x00000000
     188185.000 ns	     18817	800043c0	bb9f7013	andi	x0,x30,-1095	 x30:0x00000000
     188205.000 ns	     18819	800043c4	030a2633	mulhsu	x12,x20,x16	 x20:0x80000000 x16:0x00000000 x12=0x00000000
     188575.000 ns	     18856	800043c8	036edcb3	divu	x25,x29,x22	 x29:0xffffffff x22:0x00000020 x25=0x07ffffff
     188605.000 ns	     18859	800043cc	29750353	fmin.s	f6,f10,f23	 f10:0x4f000077 f23:0x00000000  f6=0x00000000
     188625.000 ns	     18861	800043d0	01d9db93	srli	x23,x19,0x1d	 x19:0xffffff00 x23=0x00000007
     188645.000 ns	     18863	800043d4	c0101253	fcvt.wu.s	x4,f0	  f0:0x7fc00000  x4=0xffffffff
     188665.000 ns	     18865	800043d8	01c69ab3	sll	x21,x13,x28	 x13:0x00000000 x28:0x00000000 x21=0x00000000
     188685.000 ns	     18867	800043dc	204a8ed3	fsgnj.s	f29,f21,f4	 f21:0x00000000  f4:0xff800000 f29=0x80000000
     188715.000 ns	     18870	800043e0	200a2453	fsgnjx.s	f8,f20,f0	 f20:0x00000000  f0:0x7fc00000  f8=0x00000000
     189085.000 ns	     18907	800043e4	03136533	rem	x10,x6,x17	  x6:0x00000000 x17:0xfff00082 x10=0x00000000
     189105.000 ns	     18909	800043e8	00f1dbb3	srl	x23,x3,x15	  x3:0x00000005 x15:0xf9c13d14 x23=0x00000000
     189125.000 ns	     18911	800043ec	d0099353	fcvt.s.w	f6,x19	 x19:0xffffff00  f6=0xc3800000
     189145.000 ns	     18913	800043f0	00eb16b3	sll	x13,x22,x14	 x22:0x00000020 x14:0x80041024 x13=0x00000200
     189505.000 ns	     18949	800043f4	03b97d33	remu	x26,x18,x27	 x18:0x0000003f x27:0x80047aa5 x26=0x0000003f
     189535.000 ns	     18952	800043f8	a09d86d3	fle.s	x13,f27,f9	 f27:0xcee09300  f9:0x00000000 x13=0x00000001
     189555.000 ns	     18954	800043fc	011808b3	add	x17,x16,x17	 x16:0x00000000 x17:0xfff00082 x17=0xfff00082
     189565.000 ns	     18955	80004400	017d4d33	xor	x26,x26,x23	 x26:0x0000003f x23:0x00000000 x26=0x0000003f
     189575.000 ns	     18956	80004404	13004993	xori	x19,x0,304	  x0:0x00000000 x19=0x00000130
     189595.000 ns	     18958	80004408	c015c0d3	fcvt.wu.s	x1,f11	 f11:0x7fc00000  x1=0xffffffff
     189635.000 ns	     18962	8000440c	58049953	fsqrt.s	f18,f9	  f9:0x00000000 f18=0x00000000
     189665.000 ns	     18965	80004410	28a20753	fmin.s	f14,f4,f10	  f4:0xff800000 f10:0x4f000077 f14=0xff800000
     189685.000 ns	     18967	80004414	00b1cbb3	xor	x23,x3,x11	  x3:0x00000005 x11:0x80041024 x23=0x80041021
     189705.000 ns	     18969	80004418	a0558bd3	fle.s	x23,f11,f5	 f11:0x7fc00000  f5:0x80007aa5 x23=0x00000000
     189725.000 ns	     18971	8000441c	00b39233	sll	x4,x7,x11	  x7:0x80007aa5 x11:0x80041024  x4=0x0007aa50
     189735.000 ns	     18972	80004420	00fb7e33	and	x28,x22,x15	 x22:0x00000020 x15:0xf9c13d14 x28=0x00000000
     189755.000 ns	     18974	80004424	20e29953	fsgnjn.s	f18,f5,f14	  f5:0x80007aa5 f14:0xff800000 f18=0x00007aa5
     189775.000 ns	     18976	80004428	00c59d13	slli	x26,x11,0xc	 x11:0x80041024 x26=0x41024000
     189785.000 ns	     18977	8000442c	00ff0b33	add	x22,x30,x15	 x30:0x00000000 x15:0xf9c13d14 x22=0xf9c13d14
     189805.000 ns	     18979	80004430	a0350253	fle.s	x4,f10,f3	 f10:0x4f000077  f3:0x00000000  x4=0x00000000
     189835.000 ns	     18982	80004434	e00a86d3	fmv.x.w	x13,f21	 f21:0x00000000 x13=0x00000000
     189885.000 ns	     18987	80004438	017f9753	fadd.s	f14,f31,f23	 f31:0x00000000 f23:0x00000000 f14=0x00000000
     189905.000 ns	     18989	8000443c	003406b3	add	x13,x8,x3	  x8:0x80040fe4  x3:0x00000005 x13=0x80040fe9
     189925.000 ns	     18991	80004440	03e76c33	rem	x24,x14,x30	 x14:0x80041024 x30:0x00000000 x24=0x80041024
     189945.000 ns	     18993	80004444	65d74393	xori	x7,x14,1629	 x14:0x80041024  x7=0x80041679
     189955.000 ns	     18994	80004448	3f513d13	sltiu	x26,x2,1013	  x2:0x00000000 x26=0x00000001
     190315.000 ns	     19030	8000444c	02176033	rem	x0,x14,x1	 x14:0x80041024  x1:0xffffffff
     190345.000 ns	     19033	80004450	21359dd3	fsgnjn.s	f27,f11,f19	 f11:0x7fc00000 f19:0x7fc00000 f27=0xffc00000
     190715.000 ns	     19070	80004454	02f47d33	remu	x26,x8,x15	  x8:0x80040fe4 x15:0xf9c13d14 x26=0x80040fe4
     190745.000 ns	     19073	80004458	a1389253	flt.s	x4,f17,f19	 f17:0x00000000 f19:0x7fc00000  x4=0x00000000
     190775.000 ns	     19076	8000445c	035bcfb3	div	x31,x23,x21	 x23:0x00000000 x21:0x00000000 x31=0xffffffff
     190795.000 ns	     19078	80004460	01f9b033	sltu	x0,x19,x31	 x19:0x00000130 x31:0x00000001
     190805.000 ns	     19079	80004464	23a3cd13	xori	x26,x7,570	  x7:0x80041679 x26=0x80041443
     190825.000 ns	     19081	80004468	a0389d53	flt.s	x26,f17,f3	 f17:0x00000000  f3:0x00000000 x26=0x00000000
     190845.000 ns	     19083	8000446c	5e900213	addi	x4,x0,1513	  x0:0x00000000  x4=0x000005e9
     190855.000 ns	     19084	80004470	00d89113	slli	x2,x17,0xd	 x17:0xfff00082  x2=0x00104000
     190865.000 ns	     19085	80004474	440dea93	ori	x21,x27,1088	 x27:0x80047aa5 x21=0x80047ee5
     190875.000 ns	     19086	80004478	4b287c13	andi	x24,x16,1202	 x16:0x00000000 x24=0x00000000
     190905.000 ns	     19089	8000447c	580d44d3	fsqrt.s	f9,f26	 f26:0xcee09300  f9=0x7fc00000
     190925.000 ns	     19091	80004480	415f8e33	sub	x28,x31,x21	 x31:0xffffffff x21:0x80047ee5 x28=0x7ffb811a
     190955.000 ns	     19094	80004484	189178d3	fdiv.s	f17,f2,f9	  f2:0xccc7d85d  f9:0x7fc00000 f17=0x7fc00000
     190975.000 ns	     19096	80004488	0130d8b3	srl	x17,x1,x19	  x1:0xffffffff x19:0x00000130 x17=0x0000ffff
     190985.000 ns	     19097	8000448c	014b46b3	xor	x13,x22,x20	 x22:0xf9c13d14 x20:0x80000000 x13=0x79c13d14
     190995.000 ns	     19098	80004490	010e7033	and	x0,x28,x16	 x28:0x7ffb811a x16:0x00000000
     191355.000 ns	     19134	80004494	028be0b3	rem	x1,x23,x8	 x23:0x00000000  x8:0x80040fe4  x1=0x00000000
     191385.000 ns	     19137	80004498	d00fcd53	fcvt.s.w	f26,x31	 x31:0xffffffff f26=0xbf800000
     191415.000 ns	     19140	8000449c	e00011d3	fclass.s	x3,f0	  f0:0x7fc00000  x3=0x00000200
     191455.000 ns	     19144	800044a0	19b573d3	fdiv.s	f7,f10,f27	 f10:0x4f000077 f27:0xffc00000  f7=0x7fc00000
     191475.000 ns	     19146	800044a4	4168d313	srai	x6,x17,0x16	 x17:0x0000ffff  x6=0x00000000
     191485.000 ns	     19147	800044a8	5e6968b7	lui	x17,0x5e696	 x17=0x5e696000
     191505.000 ns	     19149	800044ac	02cca833	mulhsu	x16,x25,x12	 x25:0x07ffffff x12:0x00000000 x16=0x00000000
     191535.000 ns	     19152	800044b0	02b914b3	mulh	x9,x18,x11	 x18:0x0000003f x11:0x80041024  x9=0xffffffe0
     191555.000 ns	     19154	800044b4	00080bb3	add	x23,x16,x0	 x16:0x00000000  x0:0x00000000 x23=0x00000000
     191565.000 ns	     19155	800044b8	00d5d2b3	srl	x5,x11,x13	 x11:0x80041024 x13:0x79c13d14  x5=0x00000800
     191575.000 ns	     19156	800044bc	00270833	add	x16,x14,x2	 x14:0x80041024  x2:0x00104000 x16=0x80145024
     191585.000 ns	     19157	800044c0	a3a0f493	andi	x9,x1,-1478	  x1:0x00000000  x9=0x00000000
     191595.000 ns	     19158	800044c4	0093aab3	slt	x21,x7,x9	  x7:0x80041679  x9:0xffffffe0 x21=0x00000001
     191615.000 ns	     19160	800044c8	03ad6e33	rem	x28,x26,x26	 x26:0x00000000 x26:0x00000000 x28=0x00000000
     191645.000 ns	     19163	800044cc	d015f8d3	fcvt.s.wu	f17,x11	 x11:0x80041024 f17=0x4f000410
     191665.000 ns	     19165	800044d0	8f9cee93	ori	x29,x25,-1799	 x25:0x07ffffff x29=0xffffffff
     191675.000 ns	     19166	800044d4	41fa8c33	sub	x24,x21,x31	 x21:0x00000001 x31:0xffffffff x24=0x00000002
     191685.000 ns	     19167	800044d8	2f59ee93	ori	x29,x19,757	 x19:0x00000130 x29=0x000003f5
     191695.000 ns	     19168	800044dc	f4c0e113	ori	x2,x1,-180	  x1:0x00000000  x2=0xffffff4c
     191715.000 ns	     19170	800044e0	03a3c933	div	x18,x7,x26	  x7:0x80041679 x26:0x00000000 x18=0xffffffff
     192085.000 ns	     19207	800044e4	0388c233	div	x4,x17,x24	 x17:0x5e696000 x24:0x00000002  x4=0x2f34b000
     192115.000 ns	     19210	800044e8	28ac15d3	fmax.s	f11,f24,f10	 f24:0x7fc00000 f10:0x4f000077 f11=0x4f000077
     192485.000 ns	     19247	800044ec	0333e2b3	rem	x5,x7,x19	  x7:0x80041679 x19:0x00000130  x5=0xffffff29
     192505.000 ns	     19249	800044f0	01b11f13	slli	x30,x2,0x1b	  x2:0xffffff4c x30=0x60000000
     192525.000 ns	     19251	800044f4	c01c79d3	fcvt.wu.s	x19,f24	 f24:0x7fc00000 x19=0xffffffff
     192565.000 ns	     19255	800044f8	5800f1d3	fsqrt.s	f3,f1	  f1:0x00000000  f3=0x00000000
     192585.000 ns	     19257	800044fc	005790b3	sll	x1,x15,x5	 x15:0xf9c13d14  x5:0xffffff29  x1=0x827a2800
     192605.000 ns	     19259	80004500	c01b2553	fcvt.wu.s	x10,f22	 f22:0x7fc00000 x10=0xffffffff
     192625.000 ns	     19261	80004504	014f2a33	slt	x20,x30,x20	 x30:0x60000000 x20:0x80000000 x20=0x00000000
     192645.000 ns	     19263	80004508	038300b3	mul	x1,x6,x24	  x6:0x00000000 x24:0x00000002  x1=0x00000000
     192675.000 ns	     19266	8000450c	020356b3	divu	x13,x6,x0	  x6:0x00000000  x0:0x00000000 x13=0xffffffff
     192695.000 ns	     19268	80004510	01cc5f33	srl	x30,x24,x28	 x24:0x00000002 x28:0x00000000 x30=0x00000002
     193055.000 ns	     19304	80004514	02aee033	rem	x0,x29,x10	 x29:0x000003f5 x10:0xffffffff
     193075.000 ns	     19306	80004518	61318213	addi	x4,x3,1555	  x3:0x00000200  x4=0x00000813
     193085.000 ns	     19307	8000451c	0d44b913	sltiu	x18,x9,212	  x9:0x00000000 x18=0x00000001
     193115.000 ns	     19310	80004520	1932ffd3	fdiv.s	f31,f5,f19	  f5:0x80007aa5 f19:0x7fc00000 f31=0x7fc00000
     193135.000 ns	     19312	80004524	d2360a93	addi	x21,x12,-733	 x12:0x00000000 x21=0xfffffd23
     193165.000 ns	     19315	80004528	18f2fe53	fdiv.s	f28,f5,f15	  f5:0x80007aa5 f15:0x00000000 f28=0xff800000
     193195.000 ns	     19318	8000452c	a0f40753	fle.s	x14,f8,f15	  f8:0x00000000 f15:0x00000000 x14=0x00000001
     193225.000 ns	     19321	80004530	022332b3	mulhu	x5,x6,x2	  x6:0x00000000  x2:0xffffff4c  x5=0x00000000
     193255.000 ns	     19324	80004534	20be26d3	fsgnjx.s	f13,f28,f11	 f28:0xff800000 f11:0x4f000077 f13=0xff800000
     193285.000 ns	     19327	80004538	28b706d3	fmin.s	f13,f14,f11	 f14:0x00000000 f11:0x4f000077 f13=0x00000000
     193655.000 ns	     19364	8000453c	033dd933	divu	x18,x27,x19	 x27:0x80047aa5 x19:0xffffffff x18=0x00000000
     193705.000 ns	     19369	80004540	08a27053	fsub.s	f0,f4,f10	  f4:0xff800000 f10:0x4f000077  f0=0xff800000
     193725.000 ns	     19371	80004544	014faf33	slt	x30,x31,x20	 x31:0xffffffff x20:0x00000000 x30=0x00000001
     193735.000 ns	     19372	80004548	00000013	addi	x0,x0,0	  x0:0x00000000
     193745.000 ns	     19373	8000454c	2df5bf93	sltiu	x31,x11,735	 x11:0x80041024 x31=0x00000000
     193755.000 ns	     19374	80004550	01029693	slli	x13,x5,0x10	  x5:0x00000000 x13=0x00000000
     193765.000 ns	     19375	80004554	dfdc5b37	lui	x22,0xdfdc5	 x22=0xdfdc5000
     193775.000 ns	     19376	80004558	d6432137	lui	x2,0xd6432	  x2=0xd6432000
     193785.000 ns	     19377	8000455c	40395a33	sra	x20,x18,x3	 x18:0x00000000  x3:0x00000200 x20=0x00000000
     193795.000 ns	     19378	80004560	00369393	slli	x7,x13,0x3	 x13:0x00000000  x7=0x00000000
     193805.000 ns	     19379	80004564	018bd313	srli	x6,x23,0x18	 x23:0x00000000  x6=0x00000000
     193825.000 ns	     19381	80004568	a1110353	fle.s	x6,f2,f17	  f2:0xccc7d85d f17:0x4f000410  x6=0x00000001
     193845.000 ns	     19383	8000456c	a59a8237	lui	x4,0xa59a8	  x4=0xa59a8000
     193865.000 ns	     19385	80004570	02bd1733	mulh	x14,x26,x11	 x26:0x00000000 x11:0x80041024 x14=0x00000000
     193895.000 ns	     19388	80004574	c01820d3	fcvt.wu.s	x1,f16	 f16:0x00000000  x1=0x00000000
     193925.000 ns	     19391	80004578	29bc9253	fmax.s	f4,f25,f27	 f25:0x7fc00000 f27:0xffc00000  f4=0x7fc00000
     193955.000 ns	     19394	8000457c	a06e2253	feq.s	x4,f28,f6	 f28:0xff800000  f6:0xc3800000  x4=0x00000000
     193985.000 ns	     19397	80004580	a0408653	fle.s	x12,f1,f4	  f1:0x00000000  f4:0x7fc00000 x12=0x00000000
     194005.000 ns	     19399	80004584	01454e33	xor	x28,x10,x20	 x10:0xffffffff x20:0x00000000 x28=0xffffffff
     194025.000 ns	     19401	80004588	a0991753	flt.s	x14,f18,f9	 f18:0x00007aa5  f9:0x7fc00000 x14=0x00000000
     194055.000 ns	     19404	8000458c	02f102b3	mul	x5,x2,x15	  x2:0xd6432000 x15:0xf9c13d14  x5=0xdbde8000
     194075.000 ns	     19406	80004590	005edfb3	srl	x31,x29,x5	 x29:0x000003f5  x5:0x00000000 x31=0x000003f5
     194085.000 ns	     19407	80004594	f3040893	addi	x17,x8,-208	  x8:0x80040fe4 x17=0x80040f14
     194095.000 ns	     19408	80004598	01375f13	srli	x30,x14,0x13	 x14:0x00000000 x30=0x00000000
     194105.000 ns	     19409	8000459c	01f2e233	or	x4,x5,x31	  x5:0xdbde8000 x31:0x000003f5  x4=0xdbde83f5
     194125.000 ns	     19411	800045a0	c00c72d3	fcvt.w.s	x5,f24	 f24:0x7fc00000  x5=0x7fffffff
     194155.000 ns	     19414	800045a4	0219f233	remu	x4,x19,x1	 x19:0xffffffff  x1:0x00000000  x4=0xffffffff
     194525.000 ns	     19451	800045a8	02f078b3	remu	x17,x0,x15	  x0:0x00000000 x15:0xf9c13d14 x17=0x00000000
     194545.000 ns	     19453	800045ac	b7f4bb93	sltiu	x23,x9,-1153	  x9:0x00000000 x23=0x00000001
     194565.000 ns	     19455	800045b0	f0018753	fmv.w.x	f14,x3	  x3:0x00000200 f14=0x00000200
     194595.000 ns	     19458	800045b4	29908ad3	fmin.s	f21,f1,f25	  f1:0x00000000 f25:0x7fc00000 f21=0x00000000
     194615.000 ns	     19460	800045b8	a2df3893	sltiu	x17,x30,-1491	 x30:0x00000000 x17=0x00000001
     194625.000 ns	     19461	800045bc	010664b3	or	x9,x12,x16	 x12:0x00000000 x16:0x80145024  x9=0x80145024
     194635.000 ns	     19462	800045c0	00000013	addi	x0,x0,0	  x0:0x00000000
     194645.000 ns	     19463	800045c4	01b1a633	slt	x12,x3,x27	  x3:0x00000200 x27:0x80047aa5 x12=0x00000000
     194665.000 ns	     19465	800045c8	0285aab3	mulhsu	x21,x11,x8	 x11:0x80041024  x8:0x80040fe4 x21=0xc0000030
     194685.000 ns	     19467	800045cc	01960cb3	add	x25,x12,x25	 x12:0x00000000 x25:0x07ffffff x25=0x07ffffff
     194695.000 ns	     19468	800045d0	fb97e0b7	lui	x1,0xfb97e	  x1=0xfb97e000
     195055.000 ns	     19504	800045d4	02f35733	divu	x14,x6,x15	  x6:0x00000001 x15:0xf9c13d14 x14=0x00000000
     195425.000 ns	     19541	800045d8	0339cab3	div	x21,x19,x19	 x19:0xffffffff x19:0xffffffff x21=0x00000001
     195455.000 ns	     19544	800045dc	03b28233	mul	x4,x5,x27	  x5:0x7fffffff x27:0x80047aa5  x4=0xfffb855b
     195485.000 ns	     19547	800045e0	02ed2333	mulhsu	x6,x26,x14	 x26:0x00000000 x14:0x00000000  x6=0x00000000
     195505.000 ns	     19549	800045e4	36628093	addi	x1,x5,870	  x5:0x7fffffff  x1=0x80000365
     195525.000 ns	     19551	800045e8	f0008bd3	fmv.w.x	f23,x1	  x1:0xfb97e000 f23=0x80000365
     195545.000 ns	     19553	800045ec	19195d17	auipc	x26,0x19195	 x26=0x991995ec
     195575.000 ns	     19556	800045f0	58037c53	fsqrt.s	f24,f6	  f6:0xc3800000 f24=0x7fc00000
     195605.000 ns	     19559	800045f4	a1ea0053	fle.s	x0,f20,f30	 f20:0x00000000 f30:0x00000000
     195625.000 ns	     19561	800045f8	006bdeb3	srl	x29,x23,x6	 x23:0x00000001  x6:0x00000000 x29=0x00000001
     195985.000 ns	     19597	800045fc	022e69b3	rem	x19,x28,x2	 x28:0xffffffff  x2:0xd6432000 x19=0xffffffff
     196005.000 ns	     19599	80004600	40555013	srai	x0,x10,0x5	 x10:0xffffffff
     196365.000 ns	     19635	80004604	03ad4f33	div	x30,x26,x26	 x26:0x991995ec x26:0x991995ec x30=0x00000001
     196395.000 ns	     19638	80004608	a14eae53	feq.s	x28,f29,f20	 f29:0x80000000 f20:0x00000000 x28=0x00000001
     196425.000 ns	     19641	8000460c	29360f53	fmin.s	f30,f12,f19	 f12:0x7fc00000 f19:0x7fc00000 f30=0x7fc00000
     196455.000 ns	     19644	80004610	032ddeb3	divu	x29,x27,x18	 x27:0x80047aa5 x18:0x00000000 x29=0xffffffff
     196475.000 ns	     19646	80004614	018091b3	sll	x3,x1,x24	  x1:0x80000365 x24:0x00000002  x3=0x00000d94
     196485.000 ns	     19647	80004618	017f1813	slli	x16,x30,0x17	 x30:0x00000001 x16=0x00800000
     196505.000 ns	     19649	8000461c	a0bf1cd3	flt.s	x25,f30,f11	 f30:0x7fc00000 f11:0x4f000077 x25=0x00000000
     196525.000 ns	     19651	80004620	40acd333	sra	x6,x25,x10	 x25:0x07ffffff x10:0xffffffff  x6=0x00000000
     196535.000 ns	     19652	80004624	004e3333	sltu	x6,x28,x4	 x28:0x00000001  x4:0xfffb855b  x6=0x00000001
     196545.000 ns	     19653	80004628	a823b693	sltiu	x13,x7,-1406	  x7:0x00000000 x13=0x00000001
     196555.000 ns	     19654	8000462c	015e5493	srli	x9,x28,0x15	 x28:0x00000001  x9=0x00000000
     196565.000 ns	     19655	80004630	40295e13	srai	x28,x18,0x2	 x18:0x00000000 x28=0x00000000
     196585.000 ns	     19657	80004634	e0038653	fmv.x.w	x12,f7	  f7:0x7fc00000 x12=0x7fc00000
     196605.000 ns	     19659	80004638	01cd1b93	slli	x23,x26,0x1c	 x26:0x991995ec x23=0xc0000000
     196635.000 ns	     19662	8000463c	185008d3	fdiv.s	f17,f0,f5	  f0:0xff800000  f5:0x80007aa5 f17=0x7f800000
     196655.000 ns	     19664	80004640	0153d033	srl	x0,x7,x21	  x7:0x00000000 x21:0x00000001
     196675.000 ns	     19666	80004644	205aacd3	fsgnjx.s	f25,f21,f5	 f21:0x00000000  f5:0x80007aa5 f25=0x80000000
     197045.000 ns	     19703	80004648	0256d133	divu	x2,x13,x5	 x13:0x00000001  x5:0x7fffffff  x2=0x00000000
     197075.000 ns	     19706	8000464c	e0039fd3	fclass.s	x31,f7	  f7:0x7fc00000 x31=0x00000200
     197105.000 ns	     19709	80004650	e00504d3	fmv.x.w	x9,f10	 f10:0x4f000077  x9=0x4f000077
     197135.000 ns	     19712	80004654	a06ca253	feq.s	x4,f25,f6	 f25:0x80000000  f6:0xc3800000  x4=0x00000000
     197155.000 ns	     19714	80004658	0023acb3	slt	x25,x7,x2	  x7:0x00000000  x2:0x00000000 x25=0x00000000
     197175.000 ns	     19716	8000465c	21b696d3	fsgnjn.s	f13,f13,f27	 f13:0x00000000 f27:0xffc00000 f13=0x00000000
     197225.000 ns	     19721	80004660	08f67053	fsub.s	f0,f12,f15	 f12:0x7fc00000 f15:0x00000000  f0=0x7fc00000
     197245.000 ns	     19723	80004664	007f1d33	sll	x26,x30,x7	 x30:0x00000001  x7:0x00000000 x26=0x00000001
     197255.000 ns	     19724	80004668	ef1af713	andi	x14,x21,-271	 x21:0x00000001 x14=0x00000001
     197275.000 ns	     19726	8000466c	0397e633	rem	x12,x15,x25	 x15:0xf9c13d14 x25:0x00000000 x12=0xf9c13d14
     197295.000 ns	     19728	80004670	40935233	sra	x4,x6,x9	  x6:0x00000001  x9:0x4f000077  x4=0x00000000
     197315.000 ns	     19730	80004674	039a08b3	mul	x17,x20,x25	 x20:0x00000000 x25:0x00000000 x17=0x00000000
     197345.000 ns	     19733	80004678	02a011b3	mulh	x3,x0,x10	  x0:0x00000000 x10:0xffffffff  x3=0x00000000
     197365.000 ns	     19735	8000467c	413c5313	srai	x6,x24,0x13	 x24:0x00000002  x6=0x00000000
     197375.000 ns	     19736	80004680	0006d9b3	srl	x19,x13,x0	 x13:0x00000001  x0:0x00000000 x19=0x00000001
     197395.000 ns	     19738	80004684	c00fcb53	fcvt.w.s	x22,f31	 f31:0x7fc00000 x22=0x7fffffff
     197435.000 ns	     19742	80004688	117189d3	fmul.s	f19,f3,f23	  f3:0x00000000 f23:0x80000365 f19=0x80000000
     197465.000 ns	     19745	8000468c	f00983d3	fmv.w.x	f7,x19	 x19:0x00000001  f7=0x00000001
     197485.000 ns	     19747	80004690	f84d3f13	sltiu	x30,x26,-124	 x26:0x00000001 x30=0x00000001
     197495.000 ns	     19748	80004694	01507f33	and	x30,x0,x21	  x0:0x00000000 x21:0x00000001 x30=0x00000000
     197515.000 ns	     19750	80004698	f00f0153	fmv.w.x	f2,x30	 x30:0x00000001  f2=0x00000000
     197565.000 ns	     19755	8000469c	0023f1d3	fadd.s	f3,f7,f2	  f7:0x00000001  f2:0xccc7d85d  f3=0x00000001
     197595.000 ns	     19758	800046a0	02f336b3	mulhu	x13,x6,x15	  x6:0x00000000 x15:0xf9c13d14 x13=0x00000000
     197645.000 ns	     19763	800046a4	003faa53	fadd.s	f20,f31,f3	 f31:0x7fc00000  f3:0x00000001 f20=0x7fc00000
     198015.000 ns	     19800	800046a8	0301f533	remu	x10,x3,x16	  x3:0x00000000 x16:0x00800000 x10=0x00000000
     198035.000 ns	     19802	800046ac	41066d93	ori	x27,x12,1040	 x12:0xf9c13d14 x27=0xf9c13d14
     198045.000 ns	     19803	800046b0	00c9cab3	xor	x21,x19,x12	 x19:0x00000001 x12:0xf9c13d14 x21=0xf9c13d15
     198065.000 ns	     19805	800046b4	29e31fd3	fmax.s	f31,f6,f30	  f6:0xc3800000 f30:0x7fc00000 f31=0xc3800000
     198095.000 ns	     19808	800046b8	037a34b3	mulhu	x9,x20,x23	 x20:0x00000000 x23:0xc0000000  x9=0x00000000
     198135.000 ns	     19812	800046bc	191546d3	fdiv.s	f13,f10,f17	 f10:0x4f000077 f17:0x7f800000 f13=0x00000000
     198505.000 ns	     19849	800046c0	030542b3	div	x5,x10,x16	 x10:0x00000000 x16:0x00800000  x5=0x00000000
     198535.000 ns	     19852	800046c4	211e08d3	fsgnj.s	f17,f28,f17	 f28:0xff800000 f17:0x7f800000 f17=0x7f800000
     198565.000 ns	     19855	800046c8	283b0953	fmin.s	f18,f22,f3	 f22:0x7fc00000  f3:0x00000001 f18=0x00000001
     198585.000 ns	     19857	800046cc	00545393	srli	x7,x8,0x5	  x8:0x80040fe4  x7=0x0400207f
     198595.000 ns	     19858	800046d0	01424233	xor	x4,x4,x20	  x4:0x00000000 x20:0x00000000  x4=0x00000000
     198615.000 ns	     19860	800046d4	d00a8253	fcvt.s.w	f4,x21	 x21:0xf9c13d15  f4=0xccc7d85d
     198635.000 ns	     19862	800046d8	00000013	addi	x0,x0,0	  x0:0x00000000
     198675.000 ns	     19866	800046dc	08aeacd3	fsub.s	f25,f29,f10	 f29:0x80000000 f10:0x4f000077 f25=0xcf000077
     198705.000 ns	     19869	800046e0	a0608253	fle.s	x4,f1,f6	  f1:0x00000000  f6:0xc3800000  x4=0x00000000
     198735.000 ns	     19872	800046e4	205f1e53	fsgnjn.s	f28,f30,f5	 f30:0x7fc00000  f5:0x80007aa5 f28=0x7fc00000
     198765.000 ns	     19875	800046e8	02d390b3	mulh	x1,x7,x13	  x7:0x0400207f x13:0x00000000  x1=0x00000000
     198795.000 ns	     19878	800046ec	03c628b3	mulhsu	x17,x12,x28	 x12:0xf9c13d14 x28:0x00000000 x17=0x00000000
     198815.000 ns	     19880	800046f0	003f9193	slli	x3,x31,0x3	 x31:0x00000200  x3=0x00001000
     198825.000 ns	     19881	800046f4	000f1713	slli	x14,x30,0x0	 x30:0x00000000 x14=0x00000000
     198845.000 ns	     19883	800046f8	c00a0bd3	fcvt.w.s	x23,f20	 f20:0x7fc00000 x23=0x7fffffff
     198865.000 ns	     19885	800046fc	01855293	srli	x5,x10,0x18	 x10:0x00000000  x5=0x00000000
     198875.000 ns	     19886	80004700	01a2ff33	and	x30,x5,x26	  x5:0x00000000 x26:0x00000001 x30=0x00000000
     198895.000 ns	     19888	80004704	03e7dfb3	divu	x31,x15,x30	 x15:0xf9c13d14 x30:0x00000000 x31=0xffffffff
     199265.000 ns	     19925	80004708	030cda33	divu	x20,x25,x16	 x25:0x00000000 x16:0x00800000 x20=0x00000000
     199635.000 ns	     19962	8000470c	02bbff33	remu	x30,x23,x11	 x23:0x7fffffff x11:0x80041024 x30=0x7fffffff
     199665.000 ns	     19965	80004710	21952d53	fsgnjx.s	f26,f10,f25	 f10:0x4f000077 f25:0xcf000077 f26=0xcf000077
     199695.000 ns	     19968	80004714	c01d0653	fcvt.wu.s	x12,f26	 f26:0xbf800000 x12=0x80007700
     199715.000 ns	     19970	80004718	00f76533	or	x10,x14,x15	 x14:0x00000000 x15:0xf9c13d14 x10=0xf9c13d14
     199725.000 ns	     19971	8000471c	01afc033	xor	x0,x31,x26	 x31:0xffffffff x26:0x00000001
     199735.000 ns	     19972	80004720	54638293	addi	x5,x7,1350	  x7:0x0400207f  x5=0x040025c5
     199745.000 ns	     19973	80004724	00678533	add	x10,x15,x6	 x15:0xf9c13d14  x6:0x00000000 x10=0xf9c13d14
     199755.000 ns	     19974	80004728	11cb5997	auipc	x19,0x11cb5	 x19=0x91cb9728
     199775.000 ns	     19976	8000472c	03980e33	mul	x28,x16,x25	 x16:0x00800000 x25:0x00000000 x28=0x00000000
     199795.000 ns	     19978	80004730	01f44cb3	xor	x25,x8,x31	  x8:0x80040fe4 x31:0xffffffff x25=0x7ffbf01b
     199805.000 ns	     19979	80004734	00c659b3	srl	x19,x12,x12	 x12:0x80007700 x12:0x80007700 x19=0x80007700
     199845.000 ns	     19983	80004738	01d67c53	fadd.s	f24,f12,f29	 f12:0x7fc00000 f29:0x80000000 f24=0x7fc00000
     199865.000 ns	     19985	8000473c	4093c897	auipc	x17,0x4093c	 x17=0xc094073c
     199875.000 ns	     19986	80004740	00ac68b3	or	x17,x24,x10	 x24:0x00000002 x10:0xf9c13d14 x17=0xf9c13d16
     199895.000 ns	     19988	80004744	e00c9753	fclass.s	x14,f25	 f25:0xcf000077 x14=0x00000002
     199915.000 ns	     19990	80004748	00000013	addi	x0,x0,0	  x0:0x00000000
     199935.000 ns	     19992	8000474c	a1eb2953	feq.s	x18,f22,f30	 f22:0x7fc00000 f30:0x7fc00000 x18=0x00000000
     199955.000 ns	     19994	80004750	00cd1d33	sll	x26,x26,x12	 x26:0x00000001 x12:0x80007700 x26=0x00000001
     199975.000 ns	     19996	80004754	022dc933	div	x18,x27,x2	 x27:0xf9c13d14  x2:0x00000000 x18=0xffffffff
     199995.000 ns	     19998	80004758	00721b33	sll	x22,x4,x7	  x4:0x00000000  x7:0x0400207f x22=0x00000000
     200005.000 ns	     19999	8000475c	40ba5913	srai	x18,x20,0xb	 x20:0x00000000 x18=0x00000000
     200025.000 ns	     20001	80004760	03442db3	mulhsu	x27,x8,x20	  x8:0x80040fe4 x20:0x00000000 x27=0x00000000
     200055.000 ns	     20004	80004764	c00f2553	fcvt.w.s	x10,f30	 f30:0x7fc00000 x10=0x7fffffff
     200085.000 ns	     20007	80004768	e00a1ad3	fclass.s	x21,f20	 f20:0x7fc00000 x21=0x00000200
     200105.000 ns	     20009	8000476c	5ee53113	sltiu	x2,x10,1518	 x10:0x7fffffff  x2=0x00000000
     200125.000 ns	     20011	80004770	d00f38d3	fcvt.s.w	f17,x30	 x30:0x7fffffff f17=0x4f000000
     200155.000 ns	     20014	80004774	024811b3	mulh	x3,x16,x4	 x16:0x00800000  x4:0x00000000  x3=0x00000000
     200175.000 ns	     20016	80004778	c8ccee13	ori	x28,x25,-884	 x25:0x7ffbf01b x28=0xfffffc9f
     200185.000 ns	     20017	8000477c	01fe56b3	srl	x13,x28,x31	 x28:0x00000000 x31:0xffffffff x13=0x00000001
     200195.000 ns	     20018	80004780	40b559b3	sra	x19,x10,x11	 x10:0x7fffffff x11:0x80041024 x19=0x07ffffff
     200215.000 ns	     20020	80004784	c00536d3	fcvt.w.s	x13,f10	 f10:0x4f000077 x13=0x7fffffff
     200235.000 ns	     20022	80004788	009372b3	and	x5,x6,x9	  x6:0x00000000  x9:0x00000000  x5=0x00000000
     200245.000 ns	     20023	8000478c	01402bb3	slt	x23,x0,x20	  x0:0x00000000 x20:0x00000000 x23=0x00000000
     200275.000 ns	     20026	80004790	58017ed3	fsqrt.s	f29,f2	  f2:0x00000000 f29=0x00000000
     200305.000 ns	     20029	80004794	c0193653	fcvt.wu.s	x12,f18	 f18:0x00000001 x12=0x00000000
     200325.000 ns	     20031	80004798	a9bb0e93	addi	x29,x22,-1381	 x22:0x00000000 x29=0xfffffa9b
     200345.000 ns	     20033	8000479c	29241453	fmax.s	f8,f8,f18	  f8:0x00000000 f18:0x00000001  f8=0x00000001
     200365.000 ns	     20035	800047a0	6af31117	auipc	x2,0x6af31	  x2=0xeaf357a0
     200395.000 ns	     20038	800047a4	580dbdd3	fsqrt.s	f27,f27	 f27:0xffc00000 f27=0x7fc00000
     200415.000 ns	     20040	800047a8	38c3f393	andi	x7,x7,908	  x7:0x0400207f  x7=0x0000000c
     200435.000 ns	     20042	800047ac	037a7f33	remu	x30,x20,x23	 x20:0x00000000 x23:0x00000000 x30=0x00000000
     200455.000 ns	     20044	800047b0	00000013	addi	x0,x0,0	  x0:0x00000000
     200465.000 ns	     20045	800047b4	41bcdc33	sra	x24,x25,x27	 x25:0x7ffbf01b x27:0x00000000 x24=0x7ffbf01b
     200475.000 ns	     20046	800047b8	01675f93	srli	x31,x14,0x16	 x14:0x00000002 x31=0x00000000
     200495.000 ns	     20048	800047bc	e0091c53	fclass.s	x24,f18	 f18:0x00000001 x24=0x00000020
     200515.000 ns	     20050	800047c0	df973913	sltiu	x18,x14,-519	 x14:0x00000002 x18=0x00000001
     200525.000 ns	     20051	800047c4	ae647d37	lui	x26,0xae647	 x26=0xae647000
     200545.000 ns	     20053	800047c8	e00d14d3	fclass.s	x9,f26	 f26:0xcf000077  x9=0x00000002
     200575.000 ns	     20056	800047cc	a1cd8753	fle.s	x14,f27,f28	 f27:0x7fc00000 f28:0x7fc00000 x14=0x00000000
     200605.000 ns	     20059	800047d0	d01dbdd3	fcvt.s.wu	f27,x27	 x27:0x00000000 f27=0x00000000
     200625.000 ns	     20061	800047d4	00e241b3	xor	x3,x4,x14	  x4:0x00000000 x14:0x00000000  x3=0x00000000
     200635.000 ns	     20062	800047d8	72386393	ori	x7,x16,1827	 x16:0x00800000  x7=0x00800723
     200655.000 ns	     20064	800047dc	02a583b3	mul	x7,x11,x10	 x11:0x80041024 x10:0x7fffffff  x7=0x7ffbefdc
     200675.000 ns	     20066	800047e0	01d61633	sll	x12,x12,x29	 x12:0x00000000 x29:0xfffffa9b x12=0x00000000
     200695.000 ns	     20068	800047e4	03ed2ab3	mulhsu	x21,x26,x30	 x26:0xae647000 x30:0x00000000 x21=0x00000000
     200715.000 ns	     20070	800047e8	6cf5ec13	ori	x24,x11,1743	 x11:0x80041024 x24=0x800416ef
     200725.000 ns	     20071	800047ec	410ade33	sra	x28,x21,x16	 x21:0x00000000 x16:0x00800000 x28=0x00000000
     200735.000 ns	     20072	800047f0	5be2b337	lui	x6,0x5be2b	  x6=0x5be2b000
     200755.000 ns	     20074	800047f4	d00db1d3	fcvt.s.w	f3,x27	 x27:0x00000000  f3=0x00000000
     200775.000 ns	     20076	800047f8	00000013	addi	x0,x0,0	  x0:0x00000000
     200785.000 ns	     20077	800047fc	07f93e13	sltiu	x28,x18,127	 x18:0x00000001 x28=0x00000001
     200795.000 ns	     20078	80004800	01753f33	sltu	x30,x10,x23	 x10:0x7fffffff x23:0x00000000 x30=0x00000000
     200815.000 ns	     20080	80004804	03e4cb33	div	x22,x9,x30	  x9:0x00000002 x30:0x00000000 x22=0xffffffff
     200845.000 ns	     20083	80004808	a1800ed3	fle.s	x29,f0,f24	  f0:0x7fc00000 f24:0x7fc00000 x29=0x00000000
     200865.000 ns	     20085	8000480c	00733e33	sltu	x28,x6,x7	  x6:0x5be2b000  x7:0x7ffbefdc x28=0x00000001
     200885.000 ns	     20087	80004810	20f212d3	fsgnjn.s	f5,f4,f15	  f4:0xccc7d85d f15:0x00000000  f5=0xccc7d85d
     200905.000 ns	     20089	80004814	410bdc13	srai	x24,x23,0x10	 x23:0x00000000 x24=0x00000000
     200925.000 ns	     20091	80004818	a16e1e53	flt.s	x28,f28,f22	 f28:0x7fc00000 f22:0x7fc00000 x28=0x00000000
     200945.000 ns	     20093	8000481c	4015df33	sra	x30,x11,x1	 x11:0x80041024  x1:0x00000000 x30=0x80041024
     200955.000 ns	     20094	80004820	00000013	addi	x0,x0,0	  x0:0x00000000
     200975.000 ns	     20096	80004824	0229b1b3	mulhu	x3,x19,x2	 x19:0x07ffffff  x2:0xeaf357a0  x3=0x07579abc
     201005.000 ns	     20099	80004828	299218d3	fmax.s	f17,f4,f25	  f4:0xccc7d85d f25:0xcf000077 f17=0xccc7d85d
     201035.000 ns	     20102	8000482c	a07e20d3	feq.s	x1,f28,f7	 f28:0x7fc00000  f7:0x00000001  x1=0x00000000
     201405.000 ns	     20139	80004830	02746bb3	rem	x23,x8,x7	  x8:0x80040fe4  x7:0x7ffbefdc x23=0xffffffc0
     201435.000 ns	     20142	80004834	e00b8ad3	fmv.x.w	x21,f23	 f23:0x80000365 x21=0x80000365
     201455.000 ns	     20144	80004838	ba62bfb7	lui	x31,0xba62b	 x31=0xba62b000
     201475.000 ns	     20146	8000483c	2029add3	fsgnjx.s	f27,f19,f2	 f19:0x80000000  f2:0x00000000 f27=0x80000000
     201505.000 ns	     20149	80004840	20c586d3	fsgnj.s	f13,f11,f12	 f11:0x4f000077 f12:0x7fc00000 f13=0x4f000077
     201535.000 ns	     20152	80004844	212590d3	fsgnjn.s	f1,f11,f18	 f11:0x4f000077 f18:0x00000001  f1=0xcf000077
     201565.000 ns	     20155	80004848	21722d53	fsgnjx.s	f26,f4,f23	  f4:0xccc7d85d f23:0x80000365 f26=0x4cc7d85d
     201595.000 ns	     20158	8000484c	f00c8653	fmv.w.x	f12,x25	 x25:0x7ffbf01b f12=0x7ffbf01b
     201615.000 ns	     20160	80004850	2f4e7f13	andi	x30,x28,756	 x28:0x00000000 x30=0x00000000
     201635.000 ns	     20162	80004854	a00598d3	flt.s	x17,f11,f0	 f11:0x4f000077  f0:0x7fc00000 x17=0x00000000
     201655.000 ns	     20164	80004858	30eb3e93	sltiu	x29,x22,782	 x22:0xffffffff x29=0x00000000
     201675.000 ns	     20166	8000485c	a09903d3	fle.s	x7,f18,f9	 f18:0x00000001  f9:0x7fc00000  x7=0x00000000
     201705.000 ns	     20169	80004860	29391e53	fmax.s	f28,f18,f19	 f18:0x00000001 f19:0x80000000 f28=0x00000001
     201735.000 ns	     20172	80004864	a09423d3	feq.s	x7,f8,f9	  f8:0x00000001  f9:0x7fc00000  x7=0x00000000
     201785.000 ns	     20177	80004868	09aecdd3	fsub.s	f27,f29,f26	 f29:0x00000000 f26:0x4cc7d85d f27=0xccc7d85d
     201835.000 ns	     20182	8000486c	08dd0253	fsub.s	f4,f26,f13	 f26:0x4cc7d85d f13:0x4f000077  f4=0xcef38368
     201865.000 ns	     20185	80004870	20e31153	fsgnjn.s	f2,f6,f14	  f6:0xc3800000 f14:0x00000200  f2=0xc3800000
     201885.000 ns	     20187	80004874	41e95d13	srai	x26,x18,0x1e	 x18:0x00000001 x26=0x00000000
     201895.000 ns	     20188	80004878	410a5a33	sra	x20,x20,x16	 x20:0x00000000 x16:0x00800000 x20=0x00000000
     201915.000 ns	     20190	8000487c	21289753	fsgnjn.s	f14,f17,f18	 f17:0xccc7d85d f18:0x00000001 f14=0xccc7d85d
     201935.000 ns	     20192	80004880	be44cd93	xori	x27,x9,-1052	  x9:0x00000002 x27=0xfffffbe6
     201965.000 ns	     20195	80004884	190ffb53	fdiv.s	f22,f31,f16	 f31:0xc3800000 f16:0x00000000 f22=0xff800000
     202335.000 ns	     20232	80004888	02aeefb3	rem	x31,x29,x10	 x29:0x00000000 x10:0x7fffffff x31=0x00000000
     202355.000 ns	     20234	8000488c	04b38693	addi	x13,x7,75	  x7:0x00000000 x13=0x0000004b
     202375.000 ns	     20236	80004890	a1c5a853	feq.s	x16,f11,f28	 f11:0x4f000077 f28:0x00000001 x16=0x00000000
     202395.000 ns	     20238	80004894	4098df33	sra	x30,x17,x9	 x17:0x00000000  x9:0x00000002 x30=0x00000000
     202415.000 ns	     20240	80004898	20ae9953	fsgnjn.s	f18,f29,f10	 f29:0x00000000 f10:0x4f000077 f18=0x80000000
     202465.000 ns	     20245	8000489c	008c4ed3	fadd.s	f29,f24,f8	 f24:0x7fc00000  f8:0x00000001 f29=0x7fc00000
     202495.000 ns	     20248	800048a0	a00382d3	fle.s	x5,f7,f0	  f7:0x00000001  f0:0x7fc00000  x5=0x00000000
     202525.000 ns	     20251	800048a4	02cee6b3	rem	x13,x29,x12	 x29:0x00000000 x12:0x00000000 x13=0x00000000
     202555.000 ns	     20254	800048a8	288e92d3	fmax.s	f5,f29,f8	 f29:0x7fc00000  f8:0x00000001  f5=0x00000001
     202585.000 ns	     20257	800048ac	28bf8153	fmin.s	f2,f31,f11	 f31:0xc3800000 f11:0x4f000077  f2=0xc3800000
     202615.000 ns	     20260	800048b0	20dd85d3	fsgnj.s	f11,f27,f13	 f27:0xccc7d85d f13:0x4f000077 f11=0x4cc7d85d
     202645.000 ns	     20263	800048b4	a01e0b53	fle.s	x22,f28,f1	 f28:0x00000001  f1:0xcf000077 x22=0x00000000
     202665.000 ns	     20265	800048b8	631f2293	slti	x5,x30,1585	 x30:0x00000000  x5=0x00000001
     202675.000 ns	     20266	800048bc	00000013	addi	x0,x0,0	  x0:0x00000000
     202695.000 ns	     20268	800048c0	03a8c0b3	div	x1,x17,x26	 x17:0x00000000 x26:0x00000000  x1=0xffffffff
     202725.000 ns	     20271	800048c4	c00ff8d3	fcvt.w.s	x17,f31	 f31:0xc3800000 x17=0x00000100
     202745.000 ns	     20273	800048c8	e88afd93	andi	x27,x21,-376	 x21:0x80000365 x27=0x80000200
     202755.000 ns	     20274	800048cc	50b02e13	slti	x28,x0,1291	  x0:0x00000000 x28=0x00000001
     202765.000 ns	     20275	800048d0	000888b3	add	x17,x17,x0	 x17:0x00000100  x0:0x00000000 x17=0x00000100
     202785.000 ns	     20277	800048d4	21ed8ed3	fsgnj.s	f29,f27,f30	 f27:0xccc7d85d f30:0x7fc00000 f29=0x4cc7d85d
     202805.000 ns	     20279	800048d8	ce614d13	xori	x26,x2,-794	  x2:0xeaf357a0 x26=0x150cab46
     202815.000 ns	     20280	800048dc	00000013	addi	x0,x0,0	  x0:0x00000000
     202825.000 ns	     20281	800048e0	41730e33	sub	x28,x6,x23	  x6:0x5be2b000 x23:0xffffffc0 x28=0x5be2b040
     202835.000 ns	     20282	800048e4	7a6fbb93	sltiu	x23,x31,1958	 x31:0x00000000 x23=0x00000001
     202855.000 ns	     20284	800048e8	e00c9f53	fclass.s	x30,f25	 f25:0xcf000077 x30=0x00000002
     202885.000 ns	     20287	800048ec	28370bd3	fmin.s	f23,f14,f3	 f14:0xccc7d85d  f3:0x00000000 f23=0xccc7d85d
     203255.000 ns	     20324	800048f0	03ce5233	divu	x4,x28,x28	 x28:0x5be2b040 x28:0x5be2b040  x4=0x00000001
     203305.000 ns	     20329	800048f4	08d976d3	fsub.s	f13,f18,f13	 f18:0x80000000 f13:0x4f000077 f13=0xcf000077
     203335.000 ns	     20332	800048f8	e00481d3	fmv.x.w	x3,f9	  f9:0x7fc00000  x3=0x7fc00000
     203365.000 ns	     20335	800048fc	c0074953	fcvt.w.s	x18,f14	 f14:0xccc7d85d x18=0xf9c13d18
     203395.000 ns	     20338	80004900	e00e0dd3	fmv.x.w	x27,f28	 f28:0x00000001 x27=0x00000001
     203415.000 ns	     20340	80004904	aec78a93	addi	x21,x15,-1300	 x15:0xf9c13d14 x21=0xf9c13800
     203435.000 ns	     20342	80004908	21520653	fsgnj.s	f12,f4,f21	  f4:0xcef38368 f21:0x00000000 f12=0x4ef38368
     203465.000 ns	     20345	8000490c	a1c58bd3	fle.s	x23,f11,f28	 f11:0x4cc7d85d f28:0x00000001 x23=0x00000000
     203485.000 ns	     20347	80004910	01f3d733	srl	x14,x7,x31	  x7:0x00000000 x31:0x00000000 x14=0x00000000
     203505.000 ns	     20349	80004914	a04896d3	flt.s	x13,f17,f4	 f17:0xccc7d85d  f4:0xcef38368 x13=0x00000000
     203535.000 ns	     20352	80004918	29561853	fmax.s	f16,f12,f21	 f12:0x4ef38368 f21:0x00000000 f16=0x4ef38368
     203565.000 ns	     20355	8000491c	02b3a733	mulhsu	x14,x7,x11	  x7:0x00000000 x11:0x80041024 x14=0x00000000
     203585.000 ns	     20357	80004920	019e04b3	add	x9,x28,x25	 x28:0x5be2b040 x25:0x7ffbf01b  x9=0xdbdea05b
     203595.000 ns	     20358	80004924	019b6b33	or	x22,x22,x25	 x22:0x00000000 x25:0x7ffbf01b x22=0x7ffbf01b
     203605.000 ns	     20359	80004928	0062f6b3	and	x13,x5,x6	  x5:0x00000001  x6:0x5be2b000 x13=0x00000000
     203625.000 ns	     20361	8000492c	285f9f53	fmax.s	f30,f31,f5	 f31:0xc3800000  f5:0x00000001 f30=0x00000001
     203655.000 ns	     20364	80004930	29c588d3	fmin.s	f17,f11,f28	 f11:0x4cc7d85d f28:0x00000001 f17=0x00000001
     203675.000 ns	     20366	80004934	01771ab3	sll	x21,x14,x23	 x14:0x00000000 x23:0x00000000 x21=0x00000000
     203715.000 ns	     20370	80004938	08f4f9d3	fsub.s	f19,f9,f15	  f9:0x7fc00000 f15:0x00000000 f19=0x7fc00000
     203745.000 ns	     20373	8000493c	c017b153	fcvt.wu.s	x2,f15	 f15:0x00000000  x2=0x00000000
     203765.000 ns	     20375	80004940	409e8133	sub	x2,x29,x9	 x29:0x00000000  x9:0xdbdea05b  x2=0x24215fa5
     203775.000 ns	     20376	80004944	69ad8493	addi	x9,x27,1690	 x27:0x00000001  x9=0x0000069b
     203795.000 ns	     20378	80004948	210185d3	fsgnj.s	f11,f3,f16	  f3:0x00000000 f16:0x4ef38368 f11=0x00000000
     203815.000 ns	     20380	8000494c	01db2c33	slt	x24,x22,x29	 x22:0x7ffbf01b x29:0x00000000 x24=0x00000000
     203825.000 ns	     20381	80004950	01825133	srl	x2,x4,x24	  x4:0x00000001 x24:0x00000000  x2=0x00000001
     203835.000 ns	     20382	80004954	008008b3	add	x17,x0,x8	  x0:0x00000000  x8:0x80040fe4 x17=0x80040fe4
     203855.000 ns	     20384	80004958	02e35833	divu	x16,x6,x14	  x6:0x5be2b000 x14:0x00000000 x16=0xffffffff
     203885.000 ns	     20387	8000495c	299e0753	fmin.s	f14,f28,f25	 f28:0x00000001 f25:0xcf000077 f14=0xcf000077
     203905.000 ns	     20389	80004960	d1d47c93	andi	x25,x8,-739	  x8:0x80040fe4 x25=0x80040d04
     203945.000 ns	     20393	80004964	01def2d3	fadd.s	f5,f29,f29	 f29:0x4cc7d85d f29:0x4cc7d85d  f5=0x4d47d85d
     203965.000 ns	     20395	80004968	2838f293	andi	x5,x17,643	 x17:0x80040fe4  x5=0x00000280
     203985.000 ns	     20397	8000496c	02d32533	mulhsu	x10,x6,x13	  x6:0x5be2b000 x13:0x00000000 x10=0x00000000
     204005.000 ns	     20399	80004970	007c1533	sll	x10,x24,x7	 x24:0x00000000  x7:0x00000000 x10=0x00000000
     204025.000 ns	     20401	80004974	0349f6b3	remu	x13,x19,x20	 x19:0x07ffffff x20:0x00000000 x13=0x07ffffff
     204055.000 ns	     20404	80004978	a1770cd3	fle.s	x25,f14,f23	 f14:0xcf000077 f23:0xccc7d85d x25=0x00000001
     204105.000 ns	     20409	8000497c	01f94c53	fadd.s	f24,f18,f31	 f18:0x80000000 f31:0xc3800000 f24=0xc3800000
     204125.000 ns	     20411	80004980	013e8db3	add	x27,x29,x19	 x29:0x00000000 x19:0x07ffffff x27=0x07ffffff
     204145.000 ns	     20413	80004984	028d8933	mul	x18,x27,x8	 x27:0x00000001  x8:0x80040fe4 x18=0x9ffbf01c
     204175.000 ns	     20416	80004988	a01d9653	flt.s	x12,f27,f1	 f27:0xccc7d85d  f1:0xcf000077 x12=0x00000000
     204195.000 ns	     20418	8000498c	004a9cb3	sll	x25,x21,x4	 x21:0x00000000  x4:0x00000001 x25=0x00000000
     204205.000 ns	     20419	80004990	00d19213	slli	x4,x3,0xd	  x3:0x7fc00000  x4=0x00000000
     204215.000 ns	     20420	80004994	01fc60b3	or	x1,x24,x31	 x24:0x00000000 x31:0x00000000  x1=0x00000000
     204235.000 ns	     20422	80004998	e00b04d3	fmv.x.w	x9,f22	 f22:0xff800000  x9=0xff800000
     204255.000 ns	     20424	8000499c	00614db3	xor	x27,x2,x6	  x2:0x00000001  x6:0x5be2b000 x27=0x5be2b001
     204295.000 ns	     20428	800049a0	00c37453	fadd.s	f8,f6,f12	  f6:0xc3800000 f12:0x4ef38368  f8=0x4ef38366
     204315.000 ns	     20430	800049a4	01ed33b3	sltu	x7,x26,x30	 x26:0x150cab46 x30:0x00000002  x7=0x00000000
     204325.000 ns	     20431	800049a8	c40e4493	xori	x9,x28,-960	 x28:0x5be2b040  x9=0xa41d4c00
     204345.000 ns	     20433	800049ac	c011fad3	fcvt.wu.s	x21,f3	  f3:0x00000000 x21=0x00000000
     204365.000 ns	     20435	800049b0	00000013	addi	x0,x0,0	  x0:0x00000000
     204385.000 ns	     20437	800049b4	a16d1fd3	flt.s	x31,f26,f22	 f26:0x4cc7d85d f22:0xff800000 x31=0x00000000
     204755.000 ns	     20474	800049b8	029946b3	div	x13,x18,x9	 x18:0x9ffbf01c  x9:0xa41d4c00 x13=0x00000001
     204785.000 ns	     20477	800049bc	037370b3	remu	x1,x6,x23	  x6:0x5be2b000 x23:0x00000000  x1=0x5be2b000
     204815.000 ns	     20480	800049c0	d01dfd53	fcvt.s.wu	f26,x27	 x27:0x5be2b001 f26=0x4eb7c560
     204835.000 ns	     20482	800049c4	9d93b293	sltiu	x5,x7,-1575	  x7:0x00000000  x5=0x00000001
     204855.000 ns	     20484	800049c8	026a0ab3	mul	x21,x20,x6	 x20:0x00000000  x6:0x5be2b000 x21=0x00000000
     204885.000 ns	     20487	800049cc	c00a1fd3	fcvt.w.s	x31,f20	 f20:0x7fc00000 x31=0x7fffffff
     205255.000 ns	     20524	800049d0	02f0f833	remu	x16,x1,x15	  x1:0x5be2b000 x15:0xf9c13d14 x16=0x5be2b000
     205285.000 ns	     20527	800049d4	02c62cb3	mulhsu	x25,x12,x12	 x12:0x00000000 x12:0x00000000 x25=0x00000000
     205315.000 ns	     20530	800049d8	02c68cb3	mul	x25,x13,x12	 x13:0x00000001 x12:0x00000000 x25=0x00000000
     205685.000 ns	     20567	800049dc	02bc5733	divu	x14,x24,x11	 x24:0x00000000 x11:0x80041024 x14=0x00000000
     205705.000 ns	     20569	800049e0	004360b3	or	x1,x6,x4	  x6:0x5be2b000  x4:0x00000000  x1=0x5be2b000
     205715.000 ns	     20570	800049e4	b6f6fd93	andi	x27,x13,-1169	 x13:0x00000001 x27=0x00000001
     205725.000 ns	     20571	800049e8	01d51d93	slli	x27,x10,0x1d	 x10:0x00000000 x27=0x00000000
     205745.000 ns	     20573	800049ec	c01fb053	fcvt.wu.s	x0,f31	 f31:0xc3800000
     205765.000 ns	     20575	800049f0	41908733	sub	x14,x1,x25	  x1:0x5be2b000 x25:0x00000000 x14=0x5be2b000
     206935.000 ns	     20692	800049f4	580f73d3	fsqrt.s	f7,f30	 f30:0x00000001  f7=0x1f350483
     206955.000 ns	     20694	800049f8	e2b7eb13	ori	x22,x15,-469	 x15:0xf9c13d14 x22=0xffffff3f
     206965.000 ns	     20695	800049fc	00af9933	sll	x18,x31,x10	 x31:0x7fffffff x10:0x00000000 x18=0x7fffffff
     207005.000 ns	     20699	80004a00	08437cd3	fsub.s	f25,f6,f4	  f6:0xc3800000  f4:0xcef38368 f25=0x4ef38366
     207035.000 ns	     20702	80004a04	a1509953	flt.s	x18,f1,f21	  f1:0xcf000077 f21:0x00000000 x18=0x00000001
     207065.000 ns	     20705	80004a08	217f8dd3	fsgnj.s	f27,f31,f23	 f31:0xc3800000 f23:0xccc7d85d f27=0xc3800000
     207085.000 ns	     20707	80004a0c	aceb0493	addi	x9,x22,-1330	 x22:0xffffff3f  x9=0xfffffa0d
     207105.000 ns	     20709	80004a10	21238753	fsgnj.s	f14,f7,f18	  f7:0x1f350483 f18:0x80000000 f14=0x9f350483
     207145.000 ns	     20713	80004a14	11e77ed3	fmul.s	f29,f14,f30	 f14:0xcf000077 f30:0x00000001 f29=0x80000001
     207175.000 ns	     20716	80004a18	a1f223d3	feq.s	x7,f4,f31	  f4:0xcef38368 f31:0xc3800000  x7=0x00000000
     207205.000 ns	     20719	80004a1c	c01fbbd3	fcvt.wu.s	x23,f31	 f31:0xc3800000 x23=0x00000100
     207235.000 ns	     20722	80004a20	03158d33	mul	x26,x11,x17	 x11:0x80041024 x17:0x80040fe4 x26=0x81207c10
     207605.000 ns	     20759	80004a24	03656533	rem	x10,x10,x22	 x10:0x00000000 x22:0xffffff3f x10=0x00000000
     207625.000 ns	     20761	80004a28	ca4c7317	auipc	x6,0xca4c7	  x6=0x4a4cba28
     207645.000 ns	     20763	80004a2c	c01a4553	fcvt.wu.s	x10,f20	 f20:0x7fc00000 x10=0xffffffff
     207675.000 ns	     20766	80004a30	c015f353	fcvt.wu.s	x6,f11	 f11:0x00000000  x6=0x00000000
     207705.000 ns	     20769	80004a34	202d0453	fsgnj.s	f8,f26,f2	 f26:0x4eb7c560  f2:0xc3800000  f8=0xceb7c560
     207735.000 ns	     20772	80004a38	d01a72d3	fcvt.s.wu	f5,x20	 x20:0x00000000  f5=0x00000000
     207755.000 ns	     20774	80004a3c	016bc533	xor	x10,x23,x22	 x23:0x00000100 x22:0xffffff3f x10=0xfffffe3f
     207785.000 ns	     20777	80004a40	1975be53	fdiv.s	f28,f11,f23	 f11:0x00000000 f23:0xccc7d85d f28=0x80000000
     207805.000 ns	     20779	80004a44	01578a33	add	x20,x15,x21	 x15:0xf9c13d14 x21:0x00000000 x20=0xf9c13d14
     207815.000 ns	     20780	80004a48	18ac5397	auipc	x7,0x18ac5	  x7=0x98ac9a48
     207835.000 ns	     20782	80004a4c	a07a29d3	feq.s	x19,f20,f7	 f20:0x7fc00000  f7:0x1f350483 x19=0x00000000
     207855.000 ns	     20784	80004a50	41898393	addi	x7,x19,1048	 x19:0x07ffffff  x7=0x00000418
     208215.000 ns	     20820	80004a54	03c76633	rem	x12,x14,x28	 x14:0x5be2b000 x28:0x5be2b040 x12=0x5be2b000
     208235.000 ns	     20822	80004a58	1091fe93	andi	x29,x3,265	  x3:0x7fc00000 x29=0x00000000
     208275.000 ns	     20826	80004a5c	0927fe53	fsub.s	f28,f15,f18	 f15:0x00000000 f18:0x80000000 f28=0x00000000
     208295.000 ns	     20828	80004a60	01e2db93	srli	x23,x5,0x1e	  x5:0x00000001 x23=0x00000000
     208305.000 ns	     20829	80004a64	41085d93	srai	x27,x16,0x10	 x16:0x5be2b000 x27=0x00005be2
     208325.000 ns	     20831	80004a68	03f08933	mul	x18,x1,x31	  x1:0x5be2b000 x31:0x7fffffff x18=0xa41d5000
     208345.000 ns	     20833	80004a6c	38c62eb7	lui	x29,0x38c62	 x29=0x38c62000
     208355.000 ns	     20834	80004a70	00000013	addi	x0,x0,0	  x0:0x00000000
     208385.000 ns	     20837	80004a74	10270e53	fmul.s	f28,f14,f2	 f14:0x9f350483  f2:0xc3800000 f28=0x23350484
     208415.000 ns	     20840	80004a78	f00d0cd3	fmv.w.x	f25,x26	 x26:0x81207c10 f25=0x81207c10
     208435.000 ns	     20842	80004a7c	01a4edb3	or	x27,x9,x26	  x9:0xfffffa0d x26:0x81207c10 x27=0xfffffe1d
     208455.000 ns	     20844	80004a80	02061933	mulh	x18,x12,x0	 x12:0x5be2b000  x0:0x00000000 x18=0x00000000
     208825.000 ns	     20881	80004a84	03026533	rem	x10,x4,x16	  x4:0x00000000 x16:0x5be2b000 x10=0x00000000
     209195.000 ns	     20918	80004a88	0210e2b3	rem	x5,x1,x1	  x1:0x5be2b000  x1:0x5be2b000  x5=0x00000000
     209215.000 ns	     20920	80004a8c	40490133	sub	x2,x18,x4	 x18:0x00000000  x4:0x00000000  x2=0x00000000
     209225.000 ns	     20921	80004a90	00e6dab3	srl	x21,x13,x14	 x13:0x00000001 x14:0x5be2b000 x21=0x00000001
     209235.000 ns	     20922	80004a94	ffeceb93	ori	x23,x25,-2	 x25:0x00000000 x23=0xfffffffe
     209245.000 ns	     20923	80004a98	00f6b933	sltu	x18,x13,x15	 x13:0x00000001 x15:0xf9c13d14 x18=0x00000001
     209255.000 ns	     20924	80004a9c	8b3b8017	auipc	x0,0x8b3b8	
     209275.000 ns	     20926	80004aa0	031998b3	mulh	x17,x19,x17	 x19:0x00000000 x17:0x80040fe4 x17=0x00000000
     209295.000 ns	     20928	80004aa4	01ef5d33	srl	x26,x30,x30	 x30:0x00000002 x30:0x00000002 x26=0x00000000
     209315.000 ns	     20930	80004aa8	e00b13d3	fclass.s	x7,f22	 f22:0xff800000  x7=0x00000001
     210495.000 ns	     21048	80004aac	580e2fd3	fsqrt.s	f31,f28	 f28:0x23350484 f31=0x30ffff26
     210515.000 ns	     21050	80004ab0	00000013	addi	x0,x0,0	  x0:0x00000000
     210525.000 ns	     21051	80004ab4	409a03b3	sub	x7,x20,x9	 x20:0xf9c13d14  x9:0xfffffa0d  x7=0xf9c14307
     210535.000 ns	     21052	80004ab8	006ae033	or	x0,x21,x6	 x21:0x00000001  x6:0x00000000
     210555.000 ns	     21054	80004abc	0252bab3	mulhu	x21,x5,x5	  x5:0x00000000  x5:0x00000000 x21=0x00000000
     210585.000 ns	     21057	80004ac0	0336cbb3	div	x23,x13,x19	 x13:0x00000001 x19:0x00000000 x23=0xffffffff
     210605.000 ns	     21059	80004ac4	00a428b3	slt	x17,x8,x10	  x8:0x80040fe4 x10:0x00000000 x17=0x00000001
     210625.000 ns	     21061	80004ac8	d0032c53	fcvt.s.w	f24,x6	  x6:0x00000000 f24=0x00000000
     210645.000 ns	     21063	80004acc	b37f9717	auipc	x14,0xb37f9	 x14=0x337fdacc
     210665.000 ns	     21065	80004ad0	d00bfe53	fcvt.s.w	f28,x23	 x23:0xffffffff f28=0xbf800000
     210685.000 ns	     21067	80004ad4	44237f97	auipc	x31,0x44237	 x31=0xc423bad4
     211045.000 ns	     21103	80004ad8	0271ceb3	div	x29,x3,x7	  x3:0x7fc00000  x7:0xf9c14307 x29=0xffffffec
     211065.000 ns	     21105	80004adc	41b9dc93	srai	x25,x19,0x1b	 x19:0x00000000 x25=0x00000000
     211085.000 ns	     21107	80004ae0	f0028a53	fmv.w.x	f20,x5	  x5:0x00000000 f20=0x00000000
     211105.000 ns	     21109	80004ae4	007b2d33	slt	x26,x22,x7	 x22:0xffffff3f  x7:0xf9c14307 x26=0x00000000
     211125.000 ns	     21111	80004ae8	d014cc53	fcvt.s.wu	f24,x9	  x9:0xfffffa0d f24=0x4f7ffffa
     211145.000 ns	     21113	80004aec	87a09eb7	lui	x29,0x87a09	 x29=0x87a09000
     211155.000 ns	     21114	80004af0	012a1093	slli	x1,x20,0x12	 x20:0xf9c13d14  x1=0xf4500000
     211195.000 ns	     21118	80004af4	0187fed3	fadd.s	f29,f15,f24	 f15:0x00000000 f24:0x4f7ffffa f29=0x4f7ffffa
     211225.000 ns	     21121	80004af8	f00e8653	fmv.w.x	f12,x29	 x29:0x87a09000 f12=0x87a09000
     211255.000 ns	     21124	80004afc	c0100b53	fcvt.wu.s	x22,f0	  f0:0x7fc00000 x22=0xffffffff
     211275.000 ns	     21126	80004b00	0125af33	slt	x30,x11,x18	 x11:0x80041024 x18:0x00000001 x30=0x00000001
     211295.000 ns	     21128	80004b04	033388b3	mul	x17,x7,x19	  x7:0xf9c14307 x19:0x00000000 x17=0x00000000
     211315.000 ns	     21130	80004b08	41f36b93	ori	x23,x6,1055	  x6:0x00000000 x23=0x0000041f
     211335.000 ns	     21132	80004b0c	212a0753	fsgnj.s	f14,f20,f18	 f20:0x00000000 f18:0x80000000 f14=0x80000000
     211355.000 ns	     21134	80004b10	057b2d13	slti	x26,x22,87	 x22:0xffffffff x26=0x00000001
     211375.000 ns	     21136	80004b14	f00587d3	fmv.w.x	f15,x11	 x11:0x80041024 f15=0x80041024
     211405.000 ns	     21139	80004b18	20680253	fsgnj.s	f4,f16,f6	 f16:0x4ef38368  f6:0xc3800000  f4=0xcef38368
     211435.000 ns	     21142	80004b1c	03881333	mulh	x6,x16,x24	 x16:0x5be2b000 x24:0x00000000  x6=0x00000000
     211465.000 ns	     21145	80004b20	e0009c53	fclass.s	x24,f1	  f1:0xcf000077 x24=0x00000002
     211485.000 ns	     21147	80004b24	96773113	sltiu	x2,x14,-1689	 x14:0x337fdacc  x2=0x00000001
     211505.000 ns	     21149	80004b28	29e594d3	fmax.s	f9,f11,f30	 f11:0x00000000 f30:0x00000001  f9=0x00000001
     211525.000 ns	     21151	80004b2c	2387cc93	xori	x25,x15,568	 x15:0xf9c13d14 x25=0xf9c13f2c
     211535.000 ns	     21152	80004b30	014e3633	sltu	x12,x28,x20	 x28:0x5be2b040 x20:0xf9c13d14 x12=0x00000001
     211565.000 ns	     21155	80004b34	1017b653	fmul.s	f12,f15,f1	 f15:0x80041024  f1:0xcf000077 f12=0x0d8204f9
     211585.000 ns	     21157	80004b38	84fcf893	andi	x17,x25,-1969	 x25:0xf9c13f2c x17=0xf9c1380c
     211595.000 ns	     21158	80004b3c	48076c93	ori	x25,x14,1152	 x14:0x337fdacc x25=0x337fdecc
     211605.000 ns	     21159	80004b40	c345a093	slti	x1,x11,-972	 x11:0x80041024  x1=0x00000001
     211625.000 ns	     21161	80004b44	e00f1753	fclass.s	x14,f30	 f30:0x00000001 x14=0x00000020
     211655.000 ns	     21164	80004b48	02d31733	mulh	x14,x6,x13	  x6:0x00000000 x13:0x00000001 x14=0x00000000
     211705.000 ns	     21169	80004b4c	007bc6d3	fadd.s	f13,f23,f7	 f23:0xccc7d85d  f7:0x1f350483 f13=0xccc7d85d
     211735.000 ns	     21172	80004b50	03271eb3	mulh	x29,x14,x18	 x14:0x00000000 x18:0x00000001 x29=0x00000000
     211765.000 ns	     21175	80004b54	209c95d3	fsgnjn.s	f11,f25,f9	 f25:0x81207c10  f9:0x00000001 f11=0x81207c10
     211785.000 ns	     21177	80004b58	41920f33	sub	x30,x4,x25	  x4:0x00000000 x25:0x337fdecc x30=0xcc802134
     211825.000 ns	     21181	80004b5c	008d4153	fadd.s	f2,f26,f8	 f26:0x4eb7c560  f8:0xceb7c560  f2=0x80000000
     211845.000 ns	     21183	80004b60	595bed13	ori	x26,x23,1429	 x23:0x0000041f x26=0x0000059f
     211865.000 ns	     21185	80004b64	d000f653	fcvt.s.w	f12,x1	  x1:0x00000001 f12=0x3f800000
     211885.000 ns	     21187	80004b68	00ad4c33	xor	x24,x26,x10	 x26:0x00000001 x10:0x00000000 x24=0x0000059f
     212215.000 ns	     21220	80004b6c	198fb5d3	fdiv.s	f11,f31,f24	 f31:0x30ffff26 f24:0x4f7ffffa f11=0x20ffff26
     212235.000 ns	     21222	80004b70	00f06833	or	x16,x0,x15	  x0:0x00000000 x15:0xf9c13d14 x16=0xf9c13d14
     212245.000 ns	     21223	80004b74	e9082e17	auipc	x28,0xe9082	 x28=0x69086b74
     212265.000 ns	     21225	80004b78	f00d8453	fmv.w.x	f8,x27	 x27:0xfffffe1d  f8=0xfffffe1d
     212295.000 ns	     21228	80004b7c	a05519d3	flt.s	x19,f10,f5	 f10:0x4f000077  f5:0x00000000 x19=0x00000000
     212665.000 ns	     21265	80004b80	03e2fcb3	remu	x25,x5,x30	  x5:0x00000000 x30:0xcc802134 x25=0x00000000
     212695.000 ns	     21268	80004b84	29f69053	fmax.s	f0,f13,f31	 f13:0xccc7d85d f31:0x30ffff26  f0=0x30ffff26
     212745.000 ns	     21273	80004b88	08fb9753	fsub.s	f14,f23,f15	 f23:0xccc7d85d f15:0x80041024 f14=0xccc7d85d
     212775.000 ns	     21276	80004b8c	a0b62cd3	feq.s	x25,f12,f11	 f12:0x3f800000 f11:0x20ffff26 x25=0x00000000
     213145.000 ns	     21313	80004b90	03814fb3	div	x31,x2,x24	  x2:0x00000001 x24:0x0000059f x31=0x00000000
     213175.000 ns	     21316	80004b94	037f9db3	mulh	x27,x31,x23	 x31:0xc423bad4 x23:0x0000041f x27=0x00000000
     213205.000 ns	     21319	80004b98	29ad1853	fmax.s	f16,f26,f26	 f26:0x4eb7c560 f26:0x4eb7c560 f16=0x4eb7c560
     213235.000 ns	     21322	80004b9c	d01afb53	fcvt.s.wu	f22,x21	 x21:0x00000000 f22=0x00000000
     213265.000 ns	     21325	80004ba0	02832933	mulhsu	x18,x6,x8	  x6:0x00000000  x8:0x80040fe4 x18=0x00000000
     213285.000 ns	     21327	80004ba4	014bb333	sltu	x6,x23,x20	 x23:0x0000041f x20:0xf9c13d14  x6=0x00000001
     213325.000 ns	     21331	80004ba8	09a43153	fsub.s	f2,f8,f26	  f8:0xfffffe1d f26:0x4eb7c560  f2=0x7fc00000
     213345.000 ns	     21333	80004bac	400a0733	sub	x14,x20,x0	 x20:0xf9c13d14  x0:0x00000000 x14=0xf9c13d14
     213365.000 ns	     21335	80004bb0	02131633	mulh	x12,x6,x1	  x6:0x00000001  x1:0x00000001 x12=0x00000000
     213395.000 ns	     21338	80004bb4	c005a853	fcvt.w.s	x16,f11	 f11:0x20ffff26 x16=0x00000000
     213425.000 ns	     21341	80004bb8	f0018a53	fmv.w.x	f20,x3	  x3:0x7fc00000 f20=0x7fc00000
     213445.000 ns	     21343	80004bbc	413fde13	srai	x28,x31,0x13	 x31:0x00000000 x28=0x00000000
     213465.000 ns	     21345	80004bc0	219a0dd3	fsgnj.s	f27,f20,f25	 f20:0x7fc00000 f25:0x81207c10 f27=0xffc00000
     213485.000 ns	     21347	80004bc4	40b45233	sra	x4,x8,x11	  x8:0x80040fe4 x11:0x80041024  x4=0xf80040fe
     213505.000 ns	     21349	80004bc8	a14c0253	fle.s	x4,f24,f20	 f24:0x4f7ffffa f20:0x7fc00000  x4=0x00000000
     213525.000 ns	     21351	80004bcc	015cceb3	xor	x29,x25,x21	 x25:0x00000000 x21:0x00000000 x29=0x00000000
     214695.000 ns	     21468	80004bd0	580620d3	fsqrt.s	f1,f12	 f12:0x3f800000  f1=0x3f7fffae
     214725.000 ns	     21471	80004bd4	02a3a933	mulhsu	x18,x7,x10	  x7:0xf9c14307 x10:0x00000000 x18=0x00000000
     214755.000 ns	     21474	80004bd8	a1178853	fle.s	x16,f15,f17	 f15:0x80041024 f17:0x00000001 x16=0x00000001
     214775.000 ns	     21476	80004bdc	40d75013	srai	x0,x14,0xd	 x14:0xf9c13d14
     214795.000 ns	     21478	80004be0	a0e3acd3	feq.s	x25,f7,f14	  f7:0x1f350483 f14:0xccc7d85d x25=0x00000000
     214815.000 ns	     21480	80004be4	0122cab3	xor	x21,x5,x18	  x5:0x00000000 x18:0x00000000 x21=0x00000000
     214835.000 ns	     21482	80004be8	28a616d3	fmax.s	f13,f12,f10	 f12:0x3f800000 f10:0x4f000077 f13=0x4f000077
     214885.000 ns	     21487	80004bec	08db9cd3	fsub.s	f25,f23,f13	 f23:0xccc7d85d f13:0xccc7d85d f25=0xcf063f39
     214905.000 ns	     21489	80004bf0	016123b3	slt	x7,x2,x22	  x2:0x00000001 x22:0xffffffff  x7=0x00000000
     214915.000 ns	     21490	80004bf4	407ddc93	srai	x25,x27,0x7	 x27:0x00000000 x25=0x00000000
     214935.000 ns	     21492	80004bf8	215c8dd3	fsgnj.s	f27,f25,f21	 f25:0xcf063f39 f21:0x00000000 f27=0x4f063f39
     214985.000 ns	     21497	80004bfc	083b0153	fsub.s	f2,f22,f3	 f22:0x00000000  f3:0x00000000  f2=0x80000000
     215015.000 ns	     21500	80004c00	21c41d53	fsgnjn.s	f26,f8,f28	  f8:0xfffffe1d f28:0xbf800000 f26=0x7ffffe1d
     215065.000 ns	     21505	80004c04	08028453	fsub.s	f8,f5,f0	  f5:0x00000000  f0:0x30ffff26  f8=0xb0ffff26
     215095.000 ns	     21508	80004c08	d0077ed3	fcvt.s.w	f29,x14	 x14:0xf9c13d14 f29=0xccc7d85d
     215145.000 ns	     21513	80004c0c	003e02d3	fadd.s	f5,f28,f3	 f28:0xbf800000  f3:0x00000000  f5=0xbf800000
     215165.000 ns	     21515	80004c10	d9cbf8b7	lui	x17,0xd9cbf	 x17=0xd9cbf000
     215175.000 ns	     21516	80004c14	3c5eed13	ori	x26,x29,965	 x29:0x00000000 x26=0x000003c5
     215185.000 ns	     21517	80004c18	016b2733	slt	x14,x22,x22	 x22:0xffffffff x22:0xffffffff x14=0x00000000
     215545.000 ns	     21553	80004c1c	0319cdb3	div	x27,x19,x17	 x19:0x00000000 x17:0xd9cbf000 x27=0x00000000
     215565.000 ns	     21555	80004c20	40800633	sub	x12,x0,x8	  x0:0x00000000  x8:0x80040fe4 x12=0x7ffbf01c
     215585.000 ns	     21557	80004c24	02fb33b3	mulhu	x7,x22,x15	 x22:0xffffffff x15:0xf9c13d14  x7=0xf9c13d13
     215615.000 ns	     21560	80004c28	0394c6b3	div	x13,x9,x25	  x9:0xfffffa0d x25:0x00000000 x13=0xffffffff
     215645.000 ns	     21563	80004c2c	0361a933	mulhsu	x18,x3,x22	  x3:0x7fc00000 x22:0xffffffff x18=0x7fbfffff
     215685.000 ns	     21567	80004c30	19377353	fdiv.s	f6,f14,f19	 f14:0xccc7d85d f19:0x7fc00000  f6=0x7fc00000
     215705.000 ns	     21569	80004c34	00000013	addi	x0,x0,0	  x0:0x00000000
     215725.000 ns	     21571	80004c38	c014f2d3	fcvt.wu.s	x5,f9	  f9:0x00000001  x5=0x00000000
     215745.000 ns	     21573	80004c3c	01b26933	or	x18,x4,x27	  x4:0x00000000 x27:0x00000000 x18=0x00000000
     215765.000 ns	     21575	80004c40	03a09e33	mulh	x28,x1,x26	  x1:0x00000001 x26:0x000003c5 x28=0x00000000
     215785.000 ns	     21577	80004c44	60eae713	ori	x14,x21,1550	 x21:0x00000000 x14=0x0000060e
     215795.000 ns	     21578	80004c48	00000013	addi	x0,x0,0	  x0:0x00000000
     215835.000 ns	     21582	80004c4c	005ef7d3	fadd.s	f15,f29,f5	 f29:0xccc7d85d  f5:0xbf800000 f15=0xccc7d85d
     215855.000 ns	     21584	80004c50	01804133	xor	x2,x0,x24	  x0:0x00000000 x24:0x0000059f  x2=0x0000059f
     215865.000 ns	     21585	80004c54	4512f313	andi	x6,x5,1105	  x5:0x00000000  x6=0x00000000
     216225.000 ns	     21621	80004c58	02965833	divu	x16,x12,x9	 x12:0x7ffbf01c  x9:0xfffffa0d x16=0x00000000
     216245.000 ns	     21623	80004c5c	c424c113	xori	x2,x9,-958	  x9:0xfffffa0d  x2=0x0000064f
     216265.000 ns	     21625	80004c60	a1400cd3	fle.s	x25,f0,f20	  f0:0x30ffff26 f20:0x7fc00000 x25=0x00000000
     216295.000 ns	     21628	80004c64	f00b8953	fmv.w.x	f18,x23	 x23:0x0000041f f18=0x0000041f
     216315.000 ns	     21630	80004c68	00000013	addi	x0,x0,0	  x0:0x00000000
     216335.000 ns	     21632	80004c6c	020b74b3	remu	x9,x22,x0	 x22:0xffffffff  x0:0x00000000  x9=0xffffffff
     216355.000 ns	     21634	80004c70	00000013	addi	x0,x0,0	  x0:0x00000000
     216375.000 ns	     21636	80004c74	e0099153	fclass.s	x2,f19	 f19:0x7fc00000  x2=0x00000200
     216405.000 ns	     21639	80004c78	e0088a53	fmv.x.w	x20,f17	 f17:0x00000001 x20=0x00000001
     216435.000 ns	     21642	80004c7c	d018fc53	fcvt.s.wu	f24,x17	 x17:0xd9cbf000 f24=0x4f59cbf0
     216455.000 ns	     21644	80004c80	0178bab3	sltu	x21,x17,x23	 x17:0xd9cbf000 x23:0x0000041f x21=0x00000000
     216475.000 ns	     21646	80004c84	212a0ed3	fsgnj.s	f29,f20,f18	 f20:0x7fc00000 f18:0x0000041f f29=0x7fc00000
     216505.000 ns	     21649	80004c88	f00d8553	fmv.w.x	f10,x27	 x27:0x00000000 f10=0x00000000
     216525.000 ns	     21651	80004c8c	00665e33	srl	x28,x12,x6	 x12:0x7ffbf01c  x6:0x00000000 x28=0x7ffbf01c
     216545.000 ns	     21653	80004c90	f00385d3	fmv.w.x	f11,x7	  x7:0xf9c13d13 f11=0xf9c13d13
     216565.000 ns	     21655	80004c94	00d41333	sll	x6,x8,x13	  x8:0x80040fe4 x13:0xffffffff  x6=0x00000000
     216585.000 ns	     21657	80004c98	2188ae53	fsgnjx.s	f28,f17,f24	 f17:0x00000001 f24:0x4f59cbf0 f28=0x00000001
     216605.000 ns	     21659	80004c9c	00000013	addi	x0,x0,0	  x0:0x00000000
     216625.000 ns	     21661	80004ca0	d00478d3	fcvt.s.w	f17,x8	  x8:0x80040fe4 f17=0xcefff7e0
     216655.000 ns	     21664	80004ca4	c007b8d3	fcvt.w.s	x17,f15	 f15:0xccc7d85d x17=0xf9c13d18
     216675.000 ns	     21666	80004ca8	06ee3f97	auipc	x31,0x6ee3	 x31=0x86ee7ca8
     216685.000 ns	     21667	80004cac	5135e893	ori	x17,x11,1299	 x11:0x80041024 x17=0x80041537
     216705.000 ns	     21669	80004cb0	a1a58553	fle.s	x10,f11,f26	 f11:0xf9c13d13 f26:0x7ffffe1d x10=0x00000000
     216735.000 ns	     21672	80004cb4	d00e7453	fcvt.s.w	f8,x28	 x28:0x7ffbf01c  f8=0x4efff7e0
     216765.000 ns	     21675	80004cb8	02c9a333	mulhsu	x6,x19,x12	 x19:0x00000000 x12:0x7ffbf01c  x6=0x00000000
     216795.000 ns	     21678	80004cbc	d018f653	fcvt.s.wu	f12,x17	 x17:0x80041537 f12=0x4f000415
     216825.000 ns	     21681	80004cc0	21f71e53	fsgnjn.s	f28,f14,f31	 f14:0xccc7d85d f31:0x30ffff26 f28=0xccc7d85d
     216855.000 ns	     21684	80004cc4	29ac9bd3	fmax.s	f23,f25,f26	 f25:0xcf063f39 f26:0x7ffffe1d f23=0xcf063f39
     216875.000 ns	     21686	80004cc8	01574233	xor	x4,x14,x21	 x14:0x0000060e x21:0x00000000  x4=0x0000060e
     216885.000 ns	     21687	80004ccc	00781d13	slli	x26,x16,0x7	 x16:0x00000000 x26=0x00000000
     216905.000 ns	     21689	80004cd0	c001a153	fcvt.w.s	x2,f3	  f3:0x00000000  x2=0x00000000
     216925.000 ns	     21691	80004cd4	0074de13	srli	x28,x9,0x7	  x9:0xffffffff x28=0x01ffffff
     216965.000 ns	     21695	80004cd8	09569753	fsub.s	f14,f13,f21	 f13:0x4f000077 f21:0x00000000 f14=0x4f000077
     216995.000 ns	     21698	80004cdc	20a31fd3	fsgnjn.s	f31,f6,f10	  f6:0x7fc00000 f10:0x00000000 f31=0xffc00000
     217025.000 ns	     21701	80004ce0	02862733	mulhsu	x14,x12,x8	 x12:0x7ffbf01c  x8:0x80040fe4 x14=0x3fffffef
     217055.000 ns	     21704	80004ce4	c007a4d3	fcvt.w.s	x9,f15	 f15:0xccc7d85d  x9=0xf9c13d18
     217075.000 ns	     21706	80004ce8	7de14f93	xori	x31,x2,2014	  x2:0x00000000 x31=0x000007de
     217095.000 ns	     21708	80004cec	e0021b53	fclass.s	x22,f4	  f4:0xcef38368 x22=0x00000002
     217145.000 ns	     21713	80004cf0	085e4a53	fsub.s	f20,f28,f5	 f28:0xccc7d85d  f5:0xbf800000 f20=0xccc7d85d
     217175.000 ns	     21716	80004cf4	f00085d3	fmv.w.x	f11,x1	  x1:0x00000001 f11=0x00000001
     217225.000 ns	     21721	80004cf8	0042f6d3	fadd.s	f13,f5,f4	  f5:0xbf800000  f4:0xcef38368 f13=0xcef38368
     217245.000 ns	     21723	80004cfc	015e0233	add	x4,x28,x21	 x28:0x01ffffff x21:0x00000000  x4=0x01ffffff
     217605.000 ns	     21759	80004d00	02fd56b3	divu	x13,x26,x15	 x26:0x00000000 x15:0xf9c13d14 x13=0x00000000
     217635.000 ns	     21762	80004d04	02cb9bb3	mulh	x23,x23,x12	 x23:0x0000041f x12:0x7ffbf01c x23=0x0000020f
     217665.000 ns	     21765	80004d08	c00d7853	fcvt.w.s	x16,f26	 f26:0x7ffffe1d x16=0x7fffffff
     218035.000 ns	     21802	80004d0c	028eeeb3	rem	x29,x29,x8	 x29:0x00000000  x8:0x80040fe4 x29=0x00000000
     218065.000 ns	     21805	80004d10	d005f853	fcvt.s.w	f16,x11	 x11:0x80041024 f16=0xcefff7df
     218095.000 ns	     21808	80004d14	c0107bd3	fcvt.wu.s	x23,f0	  f0:0x30ffff26 x23=0x00000000
     218125.000 ns	     21811	80004d18	03b00533	mul	x10,x0,x27	  x0:0x00000000 x27:0x00000000 x10=0x00000000
     218145.000 ns	     21813	80004d1c	6aad7b13	andi	x22,x26,1706	 x26:0x00000000 x22=0x00000000
     218155.000 ns	     21814	80004d20	00eed893	srli	x17,x29,0xe	 x29:0x00000000 x17=0x00000000
     218165.000 ns	     21815	80004d24	0183dcb3	srl	x25,x7,x24	  x7:0xf9c13d13 x24:0x0000059f x25=0x00000001
     218525.000 ns	     21851	80004d28	0303f0b3	remu	x1,x7,x16	  x7:0xf9c13d13 x16:0x7fffffff  x1=0x79c13d14
     218555.000 ns	     21854	80004d2c	02d66b33	rem	x22,x12,x13	 x12:0x7ffbf01c x13:0x00000000 x22=0x7ffbf01c
     218605.000 ns	     21859	80004d30	094173d3	fsub.s	f7,f2,f20	  f2:0x80000000 f20:0xccc7d85d  f7=0x4cc7d85d
     218625.000 ns	     21861	80004d34	72ea3b13	sltiu	x22,x20,1838	 x20:0x00000001 x22=0x00000001
     218635.000 ns	     21862	80004d38	007bc4b3	xor	x9,x23,x7	 x23:0x00000000  x7:0xf9c13d13  x9=0xf9c13d13
     218645.000 ns	     21863	80004d3c	00fc5c93	srli	x25,x24,0xf	 x24:0x0000059f x25=0x00000000
     218665.000 ns	     21865	80004d40	c00a7cd3	fcvt.w.s	x25,f20	 f20:0xccc7d85d x25=0x063ec2e8
     218695.000 ns	     21868	80004d44	a07304d3	fle.s	x9,f6,f7	  f6:0x7fc00000  f7:0x4cc7d85d  x9=0x00000000
     218725.000 ns	     21871	80004d48	28a10853	fmin.s	f16,f2,f10	  f2:0x80000000 f10:0x00000000 f16=0x80000000
     218755.000 ns	     21874	80004d4c	d0141ad3	fcvt.s.wu	f21,x8	  x8:0x80040fe4 f21=0x4f00040f
     218785.000 ns	     21877	80004d50	02d03533	mulhu	x10,x0,x13	  x0:0x00000000 x13:0x00000000 x10=0x00000000
     218815.000 ns	     21880	80004d54	03472ab3	mulhsu	x21,x14,x20	 x14:0x3fffffef x20:0x00000001 x21=0x00000000
     218845.000 ns	     21883	80004d58	a1ed0f53	fle.s	x30,f26,f30	 f26:0x7ffffe1d f30:0x00000001 x30=0x00000000
     219215.000 ns	     21920	80004d5c	0391dab3	divu	x21,x3,x25	  x3:0x7fc00000 x25:0x063ec2e8 x21=0x00000014
     219235.000 ns	     21922	80004d60	f0444093	xori	x1,x8,-252	  x8:0x80040fe4  x1=0x7ffbf0e0
     219255.000 ns	     21924	80004d64	a1851cd3	flt.s	x25,f10,f24	 f10:0x00000000 f24:0x4f59cbf0 x25=0x00000001
     219275.000 ns	     21926	80004d68	01459a33	sll	x20,x11,x20	 x11:0x80041024 x20:0x00000001 x20=0x00082048
     219285.000 ns	     21927	80004d6c	51114a13	xori	x20,x2,1297	  x2:0x00000000 x20=0x00000511
     219305.000 ns	     21929	80004d70	200803d3	fsgnj.s	f7,f16,f0	 f16:0x80000000  f0:0x30ffff26  f7=0x00000000
     219335.000 ns	     21932	80004d74	c01871d3	fcvt.wu.s	x3,f16	 f16:0x80000000  x3=0x00000000
     219365.000 ns	     21935	80004d78	d01d76d3	fcvt.s.wu	f13,x26	 x26:0x00000000 f13=0x00000000
     219385.000 ns	     21937	80004d7c	00277833	and	x16,x14,x2	 x14:0x3fffffef  x2:0x00000000 x16=0x00000000
     219395.000 ns	     21938	80004d80	001eb9b3	sltu	x19,x29,x1	 x29:0x00000000  x1:0x7ffbf0e0 x19=0x00000001
     219405.000 ns	     21939	80004d84	00000013	addi	x0,x0,0	  x0:0x00000000
     219415.000 ns	     21940	80004d88	00000013	addi	x0,x0,0	  x0:0x00000000
     219435.000 ns	     21942	80004d8c	02926533	rem	x10,x4,x9	  x4:0x01ffffff  x9:0x00000000 x10=0x01ffffff
     219465.000 ns	     21945	80004d90	d0144653	fcvt.s.wu	f12,x8	  x8:0x80040fe4 f12=0x4f000410
     219495.000 ns	     21948	80004d94	c0117dd3	fcvt.wu.s	x27,f2	  f2:0x80000000 x27=0x00000000
     219525.000 ns	     21951	80004d98	031fd833	divu	x16,x31,x17	 x31:0x000007de x17:0x00000000 x16=0xffffffff
     219555.000 ns	     21954	80004d9c	28160453	fmin.s	f8,f12,f1	 f12:0x4f000410  f1:0x3f7fffae  f8=0x3f7fffae
     219575.000 ns	     21956	80004da0	faaa2e93	slti	x29,x20,-86	 x20:0x00000511 x29=0x00000000
     219595.000 ns	     21958	80004da4	d016f4d3	fcvt.s.wu	f9,x13	 x13:0x00000000  f9=0x00000000
     219625.000 ns	     21961	80004da8	c01d7d53	fcvt.wu.s	x26,f26	 f26:0x7ffffe1d x26=0xffffffff
     219645.000 ns	     21963	80004dac	8bbb7f93	andi	x31,x22,-1861	 x22:0x00000001 x31=0x00000001
     219655.000 ns	     21964	80004db0	412c5013	srai	x0,x24,0x12	 x24:0x0000059f
     219675.000 ns	     21966	80004db4	f00803d3	fmv.w.x	f7,x16	 x16:0xffffffff  f7=0xffffffff
     219695.000 ns	     21968	80004db8	177e7b13	andi	x22,x28,375	 x28:0x01ffffff x22=0x00000177
     219705.000 ns	     21969	80004dbc	01a91f33	sll	x30,x18,x26	 x18:0x00000000 x26:0xffffffff x30=0x00000000
     219715.000 ns	     21970	80004dc0	000493b3	sll	x7,x9,x0	  x9:0x00000000  x0:0x00000000  x7=0x00000000
     219725.000 ns	     21971	80004dc4	0012eab3	or	x21,x5,x1	  x5:0x00000000  x1:0x7ffbf0e0 x21=0x7ffbf0e0
     219745.000 ns	     21973	80004dc8	a1190653	fle.s	x12,f18,f17	 f18:0x0000041f f17:0xcefff7e0 x12=0x00000000
     219765.000 ns	     21975	80004dcc	00d3a833	slt	x16,x7,x13	  x7:0x00000000 x13:0x00000000 x16=0x00000000
     220125.000 ns	     22011	80004dd0	02e6c233	div	x4,x13,x14	 x13:0x00000000 x14:0x3fffffef  x4=0x00000000
     220175.000 ns	     22016	80004dd4	0062b853	fadd.s	f16,f5,f6	  f5:0xbf800000  f6:0x7fc00000 f16=0x7fc00000
     220195.000 ns	     22018	80004dd8	25943f13	sltiu	x30,x8,601	  x8:0x80040fe4 x30=0x00000000
     220215.000 ns	     22020	80004ddc	03e72c33	mulhsu	x24,x14,x30	 x14:0x3fffffef x30:0x00000000 x24=0x00000000
     220235.000 ns	     22022	80004de0	402e83b3	sub	x7,x29,x2	 x29:0x00000000  x2:0x00000000  x7=0x00000000
     220255.000 ns	     22024	80004de4	283d8d53	fmin.s	f26,f27,f3	 f27:0x4f063f39  f3:0x00000000 f26=0x00000000
     220295.000 ns	     22028	80004de8	580b73d3	fsqrt.s	f7,f22	 f22:0x00000000  f7=0x00000000
     220325.000 ns	     22031	80004dec	027fdd33	divu	x26,x31,x7	 x31:0x00000001  x7:0x00000000 x26=0xffffffff
     220345.000 ns	     22033	80004df0	014f81b3	add	x3,x31,x20	 x31:0x00000001 x20:0x00000511  x3=0x00000512
     220365.000 ns	     22035	80004df4	21c996d3	fsgnjn.s	f13,f19,f28	 f19:0x7fc00000 f28:0xccc7d85d f13=0x7fc00000
     220385.000 ns	     22037	80004df8	79bac737	lui	x14,0x79bac	 x14=0x79bac000
     220395.000 ns	     22038	80004dfc	40b882b3	sub	x5,x17,x11	 x17:0x00000000 x11:0x80041024  x5=0x7ffbefdc
     220415.000 ns	     22040	80004e00	d013f053	fcvt.s.wu	f0,x7	  x7:0x00000000  f0=0x00000000
     220435.000 ns	     22042	80004e04	2f524d13	xori	x26,x4,757	  x4:0x00000000 x26=0x000002f5
     220455.000 ns	     22044	80004e08	c00bf253	fcvt.w.s	x4,f23	 f23:0xcf063f39  x4=0x80000000
     220475.000 ns	     22046	80004e0c	2425fe93	andi	x29,x11,578	 x11:0x80041024 x29=0x00000000
     220485.000 ns	     22047	80004e10	00000013	addi	x0,x0,0	  x0:0x00000000
     220505.000 ns	     22049	80004e14	20e416d3	fsgnjn.s	f13,f8,f14	  f8:0x3f7fffae f14:0x4f000077 f13=0xbf7fffae
     220525.000 ns	     22051	80004e18	01fd4933	xor	x18,x26,x31	 x26:0x000002f5 x31:0x00000001 x18=0x000002f4
     220885.000 ns	     22087	80004e1c	024759b3	divu	x19,x14,x4	 x14:0x79bac000  x4:0x80000000 x19=0x00000000
     220935.000 ns	     22092	80004e20	00c428d3	fadd.s	f17,f8,f12	  f8:0x3f7fffae f12:0x4f000410 f17=0x4f000410
     220955.000 ns	     22094	80004e24	5099f613	andi	x12,x19,1289	 x19:0x00000000 x12=0x00000000
     220975.000 ns	     22096	80004e28	21169053	fsgnjn.s	f0,f13,f17	 f13:0xbf7fffae f17:0x4f000410  f0=0xbf7fffae
     221005.000 ns	     22099	80004e2c	c00dbd53	fcvt.w.s	x26,f27	 f27:0x4f063f39 x26=0x7fffffff
     221035.000 ns	     22102	80004e30	206a2a53	fsgnjx.s	f20,f20,f6	 f20:0xccc7d85d  f6:0x7fc00000 f20=0xccc7d85d
     221065.000 ns	     22105	80004e34	28f51953	fmax.s	f18,f10,f15	 f10:0x00000000 f15:0xccc7d85d f18=0x00000000
     222245.000 ns	     22223	80004e38	5800a153	fsqrt.s	f2,f1	  f1:0x3f7fffae  f2=0x3f35042a
     222265.000 ns	     22225	80004e3c	010b3db3	sltu	x27,x22,x16	 x22:0x00000177 x16:0x00000000 x27=0x00000000
     222275.000 ns	     22226	80004e40	01b21c93	slli	x25,x4,0x1b	  x4:0x80000000 x25=0x00000000
     222295.000 ns	     22228	80004e44	28de8f53	fmin.s	f30,f29,f13	 f29:0x7fc00000 f13:0xbf7fffae f30=0xbf7fffae
     222325.000 ns	     22231	80004e48	e00a8553	fmv.x.w	x10,f21	 f21:0x4f00040f x10=0x4f00040f
     222355.000 ns	     22234	80004e4c	02820033	mul	x0,x4,x8	  x4:0x80000000  x8:0x80040fe4
     222375.000 ns	     22236	80004e50	01db61b3	or	x3,x22,x29	 x22:0x00000177 x29:0x00000000  x3=0x00000177
     222395.000 ns	     22238	80004e54	28fb9ed3	fmax.s	f29,f23,f15	 f23:0xcf063f39 f15:0xccc7d85d f29=0xccc7d85d
     222415.000 ns	     22240	80004e58	01f6c133	xor	x2,x13,x31	 x13:0x00000000 x31:0x00000001  x2=0x00000001
     222435.000 ns	     22242	80004e5c	03d85633	divu	x12,x16,x29	 x16:0x00000000 x29:0x00000000 x12=0xffffffff
     222465.000 ns	     22245	80004e60	20158fd3	fsgnj.s	f31,f11,f1	 f11:0x00000001  f1:0x3f7fffae f31=0x00000001
     222485.000 ns	     22247	80004e64	d49ef193	andi	x3,x29,-695	 x29:0x00000000  x3=0x00000000
     222505.000 ns	     22249	80004e68	03b22133	mulhsu	x2,x4,x27	  x4:0x80000000 x27:0x00000000  x2=0x00000000
     222535.000 ns	     22252	80004e6c	e00f0953	fmv.x.w	x18,f30	 f30:0xbf7fffae x18=0xbf7fffae
     222565.000 ns	     22255	80004e70	a0e51553	flt.s	x10,f10,f14	 f10:0x00000000 f14:0x4f000077 x10=0x00000001
     222585.000 ns	     22257	80004e74	0731d237	lui	x4,0x731d	  x4=0x0731d000
     222605.000 ns	     22259	80004e78	022cce33	div	x28,x25,x2	 x25:0x00000000  x2:0x00000000 x28=0xffffffff
     222635.000 ns	     22262	80004e7c	c00496d3	fcvt.w.s	x13,f9	  f9:0x00000000 x13=0x00000000
     222655.000 ns	     22264	80004e80	65d7fb13	andi	x22,x15,1629	 x15:0xf9c13d14 x22=0x00000414
     222675.000 ns	     22266	80004e84	02d9ce33	div	x28,x19,x13	 x19:0x00000000 x13:0x00000000 x28=0xffffffff
     222705.000 ns	     22269	80004e88	03a581b3	mul	x3,x11,x26	 x11:0x80041024 x26:0x7fffffff  x3=0x7ffbefdc
     222735.000 ns	     22272	80004e8c	a1cf09d3	fle.s	x19,f30,f28	 f30:0xbf7fffae f28:0xccc7d85d x19=0x00000000
     222755.000 ns	     22274	80004e90	00000013	addi	x0,x0,0	  x0:0x00000000
     222765.000 ns	     22275	80004e94	00d79d33	sll	x26,x15,x13	 x15:0xf9c13d14 x13:0x00000000 x26=0xf9c13d14
     222775.000 ns	     22276	80004e98	011f3333	sltu	x6,x30,x17	 x30:0x00000000 x17:0x00000000  x6=0x00000000
     222795.000 ns	     22278	80004e9c	0221c3b3	div	x7,x3,x2	  x3:0x7ffbefdc  x2:0x00000000  x7=0xffffffff
     222815.000 ns	     22280	80004ea0	40625fb3	sra	x31,x4,x6	  x4:0x0731d000  x6:0x00000000 x31=0x0731d000
     222835.000 ns	     22282	80004ea4	284c9353	fmax.s	f6,f25,f4	 f25:0xcf063f39  f4:0xcef38368  f6=0xcef38368
     222855.000 ns	     22284	80004ea8	014ce233	or	x4,x25,x20	 x25:0x00000000 x20:0x00000511  x4=0x00000511
     222865.000 ns	     22285	80004eac	01e3c133	xor	x2,x7,x30	  x7:0xffffffff x30:0x00000000  x2=0xffffffff
     222885.000 ns	     22287	80004eb0	e0049dd3	fclass.s	x27,f9	  f9:0x00000000 x27=0x00000010
     222905.000 ns	     22289	80004eb4	41de5013	srai	x0,x28,0x1d	 x28:0xffffffff
     222945.000 ns	     22293	80004eb8	090d0253	fsub.s	f4,f26,f16	 f26:0x00000000 f16:0x7fc00000  f4=0x7fc00000
     222965.000 ns	     22295	80004ebc	00e81293	slli	x5,x16,0xe	 x16:0x00000000  x5=0x00000000
     222985.000 ns	     22297	80004ec0	039389b3	mul	x19,x7,x25	  x7:0xffffffff x25:0x00000000 x19=0x00000000
     223015.000 ns	     22300	80004ec4	02d11e33	mulh	x28,x2,x13	  x2:0xffffffff x13:0x00000000 x28=0x00000000
     223045.000 ns	     22303	80004ec8	03a11c33	mulh	x24,x2,x26	  x2:0xffffffff x26:0xf9c13d14 x24=0x00000000
     223075.000 ns	     22306	80004ecc	29e79353	fmax.s	f6,f15,f30	 f15:0xccc7d85d f30:0xbf7fffae  f6=0xbf7fffae
     223105.000 ns	     22309	80004ed0	025aa233	mulhsu	x4,x21,x5	 x21:0x7ffbf0e0  x5:0x00000000  x4=0x00000000
     223125.000 ns	     22311	80004ed4	40ded1b3	sra	x3,x29,x13	 x29:0x00000000 x13:0x00000000  x3=0x00000000
     223145.000 ns	     22313	80004ed8	d0094ad3	fcvt.s.w	f21,x18	 x18:0xbf7fffae f21=0xce810001
     223175.000 ns	     22316	80004edc	f00e0f53	fmv.w.x	f30,x28	 x28:0x00000000 f30=0x00000000
     223195.000 ns	     22318	80004ee0	40475313	srai	x6,x14,0x4	 x14:0x79bac000  x6=0x079bac00
     223205.000 ns	     22319	80004ee4	c8f52013	slti	x0,x10,-881	 x10:0x00000001
     223225.000 ns	     22321	80004ee8	036a9db3	mulh	x27,x21,x22	 x21:0x7ffbf0e0 x22:0x00000414 x27=0x00000209
     223245.000 ns	     22323	80004eec	fe20fb13	andi	x22,x1,-30	  x1:0x7ffbf0e0 x22=0x7ffbf0e0
     223265.000 ns	     22325	80004ef0	a1bf93d3	flt.s	x7,f31,f27	 f31:0x00000001 f27:0x4f063f39  x7=0x00000001
     223285.000 ns	     22327	80004ef4	c5854b93	xori	x23,x10,-936	 x10:0x00000001 x23=0xfffffc59
     223305.000 ns	     22329	80004ef8	a0611553	flt.s	x10,f2,f6	  f2:0x3f35042a  f6:0xbf7fffae x10=0x00000000
     223675.000 ns	     22366	80004efc	03717133	remu	x2,x2,x23	  x2:0xffffffff x23:0x00000000  x2=0x000003a6
     223695.000 ns	     22368	80004f00	00340fb3	add	x31,x8,x3	  x8:0x80040fe4  x3:0x00000000 x31=0x80040fe4
     223715.000 ns	     22370	80004f04	03f5b133	mulhu	x2,x11,x31	 x11:0x80041024 x31:0x0731d000  x2=0x40041014
     224055.000 ns	     22404	80004f08	180db253	fdiv.s	f4,f27,f0	 f27:0x4f063f39  f0:0xbf7fffae  f4=0xcf0ad40e
     224075.000 ns	     22406	80004f0c	d7615617	auipc	x12,0xd7615	 x12=0x57619f0c
     224095.000 ns	     22408	80004f10	d01073d3	fcvt.s.wu	f7,x0	  x0:0x00000000  f7=0x00000000
     224125.000 ns	     22411	80004f14	a0b029d3	feq.s	x19,f0,f11	  f0:0xbf7fffae f11:0x00000001 x19=0x00000000
     224145.000 ns	     22413	80004f18	00b6f633	and	x12,x13,x11	 x13:0x00000000 x11:0x80041024 x12=0x00000000
     224155.000 ns	     22414	80004f1c	003d8d33	add	x26,x27,x3	 x27:0x00000209  x3:0x00000000 x26=0x00000209
     224175.000 ns	     22416	80004f20	a13d24d3	feq.s	x9,f26,f19	 f26:0x00000000 f19:0x7fc00000  x9=0x00000000
     224205.000 ns	     22419	80004f24	03ae2733	mulhsu	x14,x28,x26	 x28:0x00000000 x26:0xf9c13d14 x14=0x00000000
     224225.000 ns	     22421	80004f28	008f9993	slli	x19,x31,0x8	 x31:0x80040fe4 x19=0x040fe400
     224585.000 ns	     22457	80004f2c	02607e33	remu	x28,x0,x6	  x0:0x00000000  x6:0x079bac00 x28=0x00000000
     224625.000 ns	     22461	80004f30	58083253	fsqrt.s	f4,f16	 f16:0x7fc00000  f4=0x7fc00000
     224655.000 ns	     22464	80004f34	c006bfd3	fcvt.w.s	x31,f13	 f13:0xbf7fffae x31=0x00000000
     224675.000 ns	     22466	80004f38	002dd393	srli	x7,x27,0x2	 x27:0x00000209  x7=0x00000082
     224685.000 ns	     22467	80004f3c	00fea6b3	slt	x13,x29,x15	 x29:0x00000000 x15:0xf9c13d14 x13=0x00000000
     224695.000 ns	     22468	80004f40	02298513	addi	x10,x19,34	 x19:0x040fe400 x10=0x040fe422
     224705.000 ns	     22469	80004f44	00000013	addi	x0,x0,0	  x0:0x00000000
     224725.000 ns	     22471	80004f48	d017fed3	fcvt.s.wu	f29,x15	 x15:0xf9c13d14 f29=0x4f79c13d
     224755.000 ns	     22474	80004f4c	03dd9fb3	mulh	x31,x27,x29	 x27:0x00000209 x29:0x00000000 x31=0x00000000
     224775.000 ns	     22476	80004f50	00369193	slli	x3,x13,0x3	 x13:0x00000000  x3=0x00000000
     224795.000 ns	     22478	80004f54	020642b3	div	x5,x12,x0	 x12:0x00000000  x0:0x00000000  x5=0xffffffff
     224825.000 ns	     22481	80004f58	02d6b9b3	mulhu	x19,x13,x13	 x13:0x00000000 x13:0x00000000 x19=0x00000000
     224845.000 ns	     22483	80004f5c	63283693	sltiu	x13,x16,1586	 x16:0x00000000 x13=0x00000001
     224855.000 ns	     22484	80004f60	009d90b3	sll	x1,x27,x9	 x27:0x00000209  x9:0x00000000  x1=0x00000209
     224875.000 ns	     22486	80004f64	03ac3bb3	mulhu	x23,x24,x26	 x24:0x00000000 x26:0x00000209 x23=0x00000000
     224905.000 ns	     22489	80004f68	208780d3	fsgnj.s	f1,f15,f8	 f15:0xccc7d85d  f8:0x3f7fffae  f1=0x4cc7d85d
     224955.000 ns	     22494	80004f6c	002ca053	fadd.s	f0,f25,f2	 f25:0xcf063f39  f2:0x3f35042a  f0=0xcf063f39
     224985.000 ns	     22497	80004f70	c01cb053	fcvt.wu.s	x0,f25	 f25:0xcf063f39
     225005.000 ns	     22499	80004f74	05570893	addi	x17,x14,85	 x14:0x00000000 x17=0x00000055
     225035.000 ns	     22502	80004f78	18abfbd3	fdiv.s	f23,f23,f10	 f23:0xcf063f39 f10:0x00000000 f23=0xff800000
     225065.000 ns	     22505	80004f7c	206319d3	fsgnjn.s	f19,f6,f6	  f6:0xbf7fffae  f6:0xbf7fffae f19=0x3f7fffae
     225095.000 ns	     22508	80004f80	037938b3	mulhu	x17,x18,x23	 x18:0xbf7fffae x23:0x00000000 x17=0x00000000
     225125.000 ns	     22511	80004f84	c018f953	fcvt.wu.s	x18,f17	 f17:0x4f000410 x18=0x80041000
     225155.000 ns	     22514	80004f88	d0147ed3	fcvt.s.wu	f29,x8	  x8:0x80040fe4 f29=0x4f00040f
     225175.000 ns	     22516	80004f8c	4149db93	srai	x23,x19,0x14	 x19:0x00000000 x23=0x00000000
     225195.000 ns	     22518	80004f90	a06e1053	flt.s	x0,f28,f6	 f28:0xccc7d85d  f6:0xbf7fffae
     225215.000 ns	     22520	80004f94	b0a5cd93	xori	x27,x11,-1270	 x11:0x80041024 x27=0x7ffbeb2e
     225225.000 ns	     22521	80004f98	01ea1eb3	sll	x29,x20,x30	 x20:0x00000511 x30:0x00000000 x29=0x00000511
     225585.000 ns	     22557	80004f9c	02f9cbb3	div	x23,x19,x15	 x19:0x00000000 x15:0xf9c13d14 x23=0x00000000
     225635.000 ns	     22562	80004fa0	09b01653	fsub.s	f12,f0,f27	  f0:0xcf063f39 f27:0x4f063f39 f12=0xcf863f39
     225665.000 ns	     22565	80004fa4	a0a32753	feq.s	x14,f6,f10	  f6:0xbf7fffae f10:0x00000000 x14=0x00000000
     225685.000 ns	     22567	80004fa8	00000013	addi	x0,x0,0	  x0:0x00000000
     226045.000 ns	     22603	80004fac	0223fab3	remu	x21,x7,x2	  x7:0x00000082  x2:0x40041014 x21=0x00000082
     226095.000 ns	     22608	80004fb0	00e64653	fadd.s	f12,f12,f14	 f12:0xcf863f39 f14:0x4f000077 f12=0xcf0c7dfb
     226115.000 ns	     22610	80004fb4	fb508713	addi	x14,x1,-75	  x1:0x00000209 x14=0x000001be
     226125.000 ns	     22611	80004fb8	40f3d713	srai	x14,x7,0xf	  x7:0x00000082 x14=0x00000000
     226135.000 ns	     22612	80004fbc	5b044613	xori	x12,x8,1456	  x8:0x80040fe4 x12=0x80040a54
     226145.000 ns	     22613	80004fc0	008783b3	add	x7,x15,x8	 x15:0xf9c13d14  x8:0x80040fe4  x7=0x79c54cf8
     226155.000 ns	     22614	80004fc4	cd1e6d97	auipc	x27,0xcd1e6	 x27=0x4d1eafc4
     226165.000 ns	     22615	80004fc8	000a5e33	srl	x28,x20,x0	 x20:0x00000511  x0:0x00000000 x28=0x00000511
     226185.000 ns	     22617	80004fcc	0270be33	mulhu	x28,x1,x7	  x1:0x00000209  x7:0x79c54cf8 x28=0x000000f7
     226215.000 ns	     22620	80004fd0	020722b3	mulhsu	x5,x14,x0	 x14:0x00000000  x0:0x00000000  x5=0x00000000
     226245.000 ns	     22623	80004fd4	a03a86d3	fle.s	x13,f21,f3	 f21:0xce810001  f3:0x00000000 x13=0x00000001
     226295.000 ns	     22628	80004fd8	09882fd3	fsub.s	f31,f16,f24	 f16:0x7fc00000 f24:0x4f59cbf0 f31=0x7fc00000
     226325.000 ns	     22631	80004fdc	20a519d3	fsgnjn.s	f19,f10,f10	 f10:0x00000000 f10:0x00000000 f19=0x80000000
     226355.000 ns	     22634	80004fe0	a0578b53	fle.s	x22,f15,f5	 f15:0xccc7d85d  f5:0xbf800000 x22=0x00000001
     226385.000 ns	     22637	80004fe4	0306ae33	mulhsu	x28,x13,x16	 x13:0x00000001 x16:0x00000000 x28=0x00000000
     226415.000 ns	     22640	80004fe8	29140dd3	fmin.s	f27,f8,f17	  f8:0x3f7fffae f17:0x4f000410 f27=0x3f7fffae
     226435.000 ns	     22642	80004fec	01d7a3b3	slt	x7,x15,x29	 x15:0xf9c13d14 x29:0x00000511  x7=0x00000001
     226795.000 ns	     22678	80004ff0	0281c033	div	x0,x3,x8	  x3:0x00000000  x8:0x80040fe4
     226825.000 ns	     22681	80004ff4	027d3e33	mulhu	x28,x26,x7	 x26:0x00000209  x7:0x79c54cf8 x28=0x00000000
     226865.000 ns	     22685	80004ff8	580cf153	fsqrt.s	f2,f25	 f25:0xcf063f39  f2=0x7fc00000
     226885.000 ns	     22687	80004ffc	452ae213	ori	x4,x21,1106	 x21:0x00000082  x4=0x000004d2
     227245.000 ns	     22723	80005000	02cf52b3	divu	x5,x30,x12	 x30:0x00000000 x12:0x80040a54  x5=0x00000000
     227275.000 ns	     22726	80005004	c01383d3	fcvt.wu.s	x7,f7	  f7:0x00000000  x7=0x00000000
     227305.000 ns	     22729	80005008	03c790b3	mulh	x1,x15,x28	 x15:0xf9c13d14 x28:0x00000000  x1=0x00000000
     227335.000 ns	     22732	8000500c	0376bcb3	mulhu	x25,x13,x23	 x13:0x00000001 x23:0x00000000 x25=0x00000000
     227365.000 ns	     22735	80005010	d000f9d3	fcvt.s.w	f19,x1	  x1:0x00000000 f19=0x00000000
     227395.000 ns	     22738	80005014	f0060a53	fmv.w.x	f20,x12	 x12:0x80040a54 f20=0x80040a54
     227415.000 ns	     22740	80005018	00ac3e33	sltu	x28,x24,x10	 x24:0x00000000 x10:0x040fe422 x28=0x00000001
     227425.000 ns	     22741	8000501c	010c50b3	srl	x1,x24,x16	 x24:0x00000000 x16:0x00000000  x1=0x00000000
     227435.000 ns	     22742	80005020	0122acb3	slt	x25,x5,x18	  x5:0x00000000 x18:0x80041000 x25=0x00000000
     227455.000 ns	     22744	80005024	02f1b8b3	mulhu	x17,x3,x15	  x3:0x00000000 x15:0xf9c13d14 x17=0x00000000
     227825.000 ns	     22781	80005028	02c05c33	divu	x24,x0,x12	  x0:0x00000000 x12:0x80040a54 x24=0x00000000
     227855.000 ns	     22784	8000502c	02de28b3	mulhsu	x17,x28,x13	 x28:0x00000001 x13:0x00000001 x17=0x00000000
     227885.000 ns	     22787	80005030	21e50ad3	fsgnj.s	f21,f10,f30	 f10:0x00000000 f30:0x00000000 f21=0x00000000
     227915.000 ns	     22790	80005034	d01c7f53	fcvt.s.wu	f30,x24	 x24:0x00000000 f30=0x00000000
     228285.000 ns	     22827	80005038	0355ec33	rem	x24,x11,x21	 x11:0x80041024 x21:0x00000082 x24=0xffffffa4
     228305.000 ns	     22829	8000503c	12818813	addi	x16,x3,296	  x3:0x00000000 x16=0x00000128
     228325.000 ns	     22831	80005040	020c6933	rem	x18,x24,x0	 x24:0xffffffa4  x0:0x00000000 x18=0xffffffa4
     228355.000 ns	     22834	80005044	024cb6b3	mulhu	x13,x25,x4	 x25:0x00000000  x4:0x000004d2 x13=0x00000000
     228375.000 ns	     22836	80005048	0109cd33	xor	x26,x19,x16	 x19:0x00000000 x16:0x00000128 x26=0x00000128
     228385.000 ns	     22837	8000504c	31c6e193	ori	x3,x13,796	 x13:0x00000000  x3=0x0000031c
     228405.000 ns	     22839	80005050	e00c8a53	fmv.x.w	x20,f25	 f25:0xcf063f39 x20=0xcf063f39
     228435.000 ns	     22842	80005054	a1090f53	fle.s	x30,f18,f16	 f18:0x00000000 f16:0x7fc00000 x30=0x00000000
     228455.000 ns	     22844	80005058	00683733	sltu	x14,x16,x6	 x16:0x00000128  x6:0x079bac00 x14=0x00000001
     228465.000 ns	     22845	8000505c	aafd0d93	addi	x27,x26,-1361	 x26:0x00000128 x27=0xfffffbd7
     228825.000 ns	     22881	80005060	0345db33	divu	x22,x11,x20	 x11:0x80041024 x20:0xcf063f39 x22=0x00000000
     228845.000 ns	     22883	80005064	00908c33	add	x24,x1,x9	  x1:0x00000000  x9:0x00000000 x24=0x00000000
     228875.000 ns	     22886	80005068	19d87253	fdiv.s	f4,f16,f29	 f16:0x7fc00000 f29:0x4f00040f  f4=0x7fc00000
     228895.000 ns	     22888	8000506c	00e0dc13	srli	x24,x1,0xe	  x1:0x00000000 x24=0x00000000
     228905.000 ns	     22889	80005070	06630c93	addi	x25,x6,102	  x6:0x079bac00 x25=0x079bac66
     228915.000 ns	     22890	80005074	00615133	srl	x2,x2,x6	  x2:0x40041014  x6:0x079bac00  x2=0x40041014
     228945.000 ns	     22893	80005078	580677d3	fsqrt.s	f15,f12	 f12:0xcf0c7dfb f15=0x7fc00000
     228975.000 ns	     22896	8000507c	a0c10153	fle.s	x2,f2,f12	  f2:0x7fc00000 f12:0xcf0c7dfb  x2=0x00000000
     229025.000 ns	     22901	80005080	000bfdd3	fadd.s	f27,f23,f0	 f23:0xff800000  f0:0xcf063f39 f27=0xff800000
     229055.000 ns	     22904	80005084	026a12b3	mulh	x5,x20,x6	 x20:0xcf063f39  x6:0x079bac00  x5=0xfe8b639b
     229085.000 ns	     22907	80005088	c00f7253	fcvt.w.s	x4,f30	 f30:0x00000000  x4=0x00000000
     229115.000 ns	     22910	8000508c	021a9033	mulh	x0,x21,x1	 x21:0x00000082  x1:0x00000000
     229135.000 ns	     22912	80005090	019be533	or	x10,x23,x25	 x23:0x00000000 x25:0x079bac66 x10=0x079bac66
     229155.000 ns	     22914	80005094	d007bbd3	fcvt.s.w	f23,x15	 x15:0xf9c13d14 f23=0xccc7d85e
     229175.000 ns	     22916	80005098	a8b5c893	xori	x17,x11,-1397	 x11:0x80041024 x17=0x7ffbeaaf
     229535.000 ns	     22952	8000509c	0263e8b3	rem	x17,x7,x6	  x7:0x00000000  x6:0x079bac00 x17=0x00000000
     229565.000 ns	     22955	800050a0	c00effd3	fcvt.w.s	x31,f29	 f29:0x4f00040f x31=0x7fffffff
     229935.000 ns	     22992	800050a4	02a4ea33	rem	x20,x9,x10	  x9:0x00000000 x10:0x079bac66 x20=0x00000000
     229955.000 ns	     22994	800050a8	41f68833	sub	x16,x13,x31	 x13:0x00000000 x31:0x7fffffff x16=0x80000001
     229965.000 ns	     22995	800050ac	40805513	srai	x10,x0,0x8	  x0:0x00000000 x10=0x00000000
     230325.000 ns	     23031	800050b0	03ac7cb3	remu	x25,x24,x26	 x24:0x00000000 x26:0x00000128 x25=0x00000000
     230355.000 ns	     23034	800050b4	02136db3	rem	x27,x6,x1	  x6:0x079bac00  x1:0x00000000 x27=0x079bac00
     230375.000 ns	     23036	800050b8	41465d93	srai	x27,x12,0x14	 x12:0x80040a54 x27=0xfffff800
     230395.000 ns	     23038	800050bc	e00a80d3	fmv.x.w	x1,f21	 f21:0x00000000  x1=0x00000000
     230415.000 ns	     23040	800050c0	50ac0997	auipc	x19,0x50ac0	 x19=0xd0ac50c0
     230435.000 ns	     23042	800050c4	0296dc33	divu	x24,x13,x9	 x13:0x00000000  x9:0x00000000 x24=0xffffffff
     230485.000 ns	     23047	800050c8	0134f753	fadd.s	f14,f9,f19	  f9:0x00000000 f19:0x00000000 f14=0x00000000
     230515.000 ns	     23050	800050cc	a1250553	fle.s	x10,f10,f18	 f10:0x00000000 f18:0x00000000 x10=0x00000001
     230535.000 ns	     23052	800050d0	0032fa33	and	x20,x5,x3	  x5:0xfe8b639b  x3:0x0000031c x20=0x00000318
     230555.000 ns	     23054	800050d4	20ce8f53	fsgnj.s	f30,f29,f12	 f29:0x4f00040f f12:0xcf0c7dfb f30=0xcf00040f
     230575.000 ns	     23056	800050d8	01b0fd33	and	x26,x1,x27	  x1:0x00000000 x27:0xfffff800 x26=0x00000000
     230585.000 ns	     23057	800050dc	c6df3013	sltiu	x0,x30,-915	 x30:0x00000000
     230595.000 ns	     23058	800050e0	d8b19937	lui	x18,0xd8b19	 x18=0xd8b19000
     230605.000 ns	     23059	800050e4	40c1de33	sra	x28,x3,x12	  x3:0x0000031c x12:0x80040a54 x28=0x00000000
     230625.000 ns	     23061	800050e8	c00f7553	fcvt.w.s	x10,f30	 f30:0xcf00040f x10=0x80000000
     230655.000 ns	     23064	800050ec	c002ff53	fcvt.w.s	x30,f5	  f5:0xbf800000 x30=0x00000001
     230685.000 ns	     23067	800050f0	28949453	fmax.s	f8,f9,f9	  f9:0x00000000  f9:0x00000000  f8=0x00000000
     230705.000 ns	     23069	800050f4	8f819f17	auipc	x30,0x8f819	 x30=0x0f81e0f4
     230745.000 ns	     23073	800050f8	081871d3	fsub.s	f3,f16,f1	 f16:0x7fc00000  f1:0x4cc7d85d  f3=0x7fc00000
     230765.000 ns	     23075	800050fc	00000013	addi	x0,x0,0	  x0:0x00000000
     230785.000 ns	     23077	80005100	02199ab3	mulh	x21,x19,x1	 x19:0xd0ac50c0  x1:0x00000000 x21=0x00000000
     230805.000 ns	     23079	80005104	58c4a893	slti	x17,x9,1420	  x9:0x00000000 x17=0x00000001
     230825.000 ns	     23081	80005108	02af1f33	mulh	x30,x30,x10	 x30:0x0f81e0f4 x10:0x80000000 x30=0xf83f0f86
     230845.000 ns	     23083	8000510c	00f6bfb3	sltu	x31,x13,x15	 x13:0x00000000 x15:0xf9c13d14 x31=0x00000001
     230865.000 ns	     23085	80005110	29b805d3	fmin.s	f11,f16,f27	 f16:0x7fc00000 f27:0xff800000 f11=0xff800000
     230895.000 ns	     23088	80005114	a1d01fd3	flt.s	x31,f0,f29	  f0:0xcf063f39 f29:0x4f00040f x31=0x00000001
     230935.000 ns	     23092	80005118	112223d3	fmul.s	f7,f4,f18	  f4:0x7fc00000 f18:0x00000000  f7=0x7fc00000
     230955.000 ns	     23094	8000511c	408cd193	srai	x3,x25,0x8	 x25:0x00000000  x3=0x00000000
     230965.000 ns	     23095	80005120	00000013	addi	x0,x0,0	  x0:0x00000000
     230985.000 ns	     23097	80005124	28691853	fmax.s	f16,f18,f6	 f18:0x00000000  f6:0xbf7fffae f16=0x00000000
     231015.000 ns	     23100	80005128	03a993b3	mulh	x7,x19,x26	 x19:0xd0ac50c0 x26:0x00000000  x7=0x00000000
     231055.000 ns	     23104	8000512c	10e17f53	fmul.s	f30,f2,f14	  f2:0x7fc00000 f14:0x00000000 f30=0x7fc00000
     231075.000 ns	     23106	80005130	00e1af33	slt	x30,x3,x14	  x3:0x00000000 x14:0x00000001 x30=0x00000001
     231085.000 ns	     23107	80005134	015a0533	add	x10,x20,x21	 x20:0x00000318 x21:0x00000000 x10=0x00000318
     231095.000 ns	     23108	80005138	b25eab93	slti	x23,x29,-1243	 x29:0x00000511 x23=0x00000000
     231105.000 ns	     23109	8000513c	02303637	lui	x12,0x2303	 x12=0x02303000
     231465.000 ns	     23145	80005140	03ea4eb3	div	x29,x20,x30	 x20:0x00000318 x30:0x00000001 x29=0x00000318
     231835.000 ns	     23182	80005144	038cfdb3	remu	x27,x25,x24	 x25:0x00000000 x24:0xffffffff x27=0x00000000
     231855.000 ns	     23184	80005148	97e84897	auipc	x17,0x97e84	 x17=0x17e89148
     231875.000 ns	     23186	8000514c	29969ad3	fmax.s	f21,f13,f25	 f13:0xbf7fffae f25:0xcf063f39 f21=0xbf7fffae
     231895.000 ns	     23188	80005150	01134eb3	xor	x29,x6,x17	  x6:0x079bac00 x17:0x00000001 x29=0x10733d48
     231915.000 ns	     23190	80005154	a0c1a753	feq.s	x14,f3,f12	  f3:0x7fc00000 f12:0xcf0c7dfb x14=0x00000000
     231935.000 ns	     23192	80005158	69599037	lui	x0,0x69599	
     231945.000 ns	     23193	8000515c	01c41293	slli	x5,x8,0x1c	  x8:0x80040fe4  x5=0x40000000
     232305.000 ns	     23229	80005160	0381e833	rem	x16,x3,x24	  x3:0x00000000 x24:0xffffffff x16=0x00000000
     232325.000 ns	     23231	80005164	01623033	sltu	x0,x4,x22	  x4:0x00000000 x22:0x00000000
     232335.000 ns	     23232	80005168	01712133	slt	x2,x2,x23	  x2:0x00000000 x23:0x00000000  x2=0x00000000
     232355.000 ns	     23234	8000516c	021800b3	mul	x1,x16,x1	 x16:0x00000000  x1:0x00000000  x1=0x00000000
     232385.000 ns	     23237	80005170	03555a33	divu	x20,x10,x21	 x10:0x00000318 x21:0x00000000 x20=0xffffffff
     232415.000 ns	     23240	80005174	026c1db3	mulh	x27,x24,x6	 x24:0xffffffff  x6:0x079bac00 x27=0xffffffff
     232455.000 ns	     23244	80005178	1065fdd3	fmul.s	f27,f11,f6	 f11:0xff800000  f6:0xbf7fffae f27=0x7f800000
     232485.000 ns	     23247	8000517c	e00a0153	fmv.x.w	x2,f20	 f20:0x80040a54  x2=0x80040a54
     232515.000 ns	     23250	80005180	0381aa33	mulhsu	x20,x3,x24	  x3:0x00000000 x24:0xffffffff x20=0x00000000
     232535.000 ns	     23252	80005184	015dafb3	slt	x31,x27,x21	 x27:0xffffffff x21:0x00000000 x31=0x00000001
     232555.000 ns	     23254	80005188	c00974d3	fcvt.w.s	x9,f18	 f18:0x00000000  x9=0x00000000
     232595.000 ns	     23258	8000518c	119eaed3	fmul.s	f29,f29,f25	 f29:0x4f00040f f25:0xcf063f39 f29=0xde86437b
     232625.000 ns	     23261	80005190	c01cf2d3	fcvt.wu.s	x5,f25	 f25:0xcf063f39  x5=0x863f3900
     232645.000 ns	     23263	80005194	007c9d33	sll	x26,x25,x7	 x25:0x00000000  x7:0x00000000 x26=0x00000000
     232665.000 ns	     23265	80005198	21072953	fsgnjx.s	f18,f14,f16	 f14:0x00000000 f16:0x00000000 f18=0x00000000
     232695.000 ns	     23268	8000519c	d01871d3	fcvt.s.wu	f3,x16	 x16:0x00000000  f3=0x00000000
     232745.000 ns	     23273	800051a0	0070f4d3	fadd.s	f9,f1,f7	  f1:0x4cc7d85d  f7:0x7fc00000  f9=0x7fc00000
     232775.000 ns	     23276	800051a4	e0010153	fmv.x.w	x2,f2	  f2:0x7fc00000  x2=0x7fc00000
     232805.000 ns	     23279	800051a8	c01f7353	fcvt.wu.s	x6,f30	 f30:0x7fc00000  x6=0xffffffff
     233175.000 ns	     23316	800051ac	0257ca33	div	x20,x15,x5	 x15:0xf9c13d14  x5:0x863f3900 x20=0x00000000
     233195.000 ns	     23318	800051b0	0180a6b3	slt	x13,x1,x24	  x1:0x00000000 x24:0xffffffff x13=0x00000000
     233225.000 ns	     23321	800051b4	19592f53	fdiv.s	f30,f18,f21	 f18:0x00000000 f21:0xbf7fffae f30=0x80000000
     233255.000 ns	     23324	800051b8	e0019dd3	fclass.s	x27,f3	  f3:0x00000000 x27=0x00000010
     233275.000 ns	     23326	800051bc	416a8533	sub	x10,x21,x22	 x21:0x00000000 x22:0x00000000 x10=0x00000000
     233295.000 ns	     23328	800051c0	03989e33	mulh	x28,x17,x25	 x17:0x17e89148 x25:0x00000000 x28=0x00000000
     233315.000 ns	     23330	800051c4	2f70f613	andi	x12,x1,759	  x1:0x00000000 x12=0x00000000
     233335.000 ns	     23332	800051c8	c010f353	fcvt.wu.s	x6,f1	  f1:0x4cc7d85d  x6=0x063ec2e8
     233365.000 ns	     23335	800051cc	a0ae8f53	fle.s	x30,f29,f10	 f29:0xde86437b f10:0x00000000 x30=0x00000001
     233395.000 ns	     23338	800051d0	03a4f933	remu	x18,x9,x26	  x9:0x00000000 x26:0x00000000 x18=0x00000000
     233425.000 ns	     23341	800051d4	290382d3	fmin.s	f5,f7,f16	  f7:0x7fc00000 f16:0x00000000  f5=0x00000000
     233445.000 ns	     23343	800051d8	004aaf33	slt	x30,x21,x4	 x21:0x00000000  x4:0x00000000 x30=0x00000000
     233455.000 ns	     23344	800051dc	994dee93	ori	x29,x27,-1644	 x27:0x00000010 x29=0xfffff994
     233475.000 ns	     23346	800051e0	28af87d3	fmin.s	f15,f31,f10	 f31:0x7fc00000 f10:0x00000000 f15=0x00000000
     233505.000 ns	     23349	800051e4	03980ab3	mul	x21,x16,x25	 x16:0x00000000 x25:0x00000000 x21=0x00000000
     233535.000 ns	     23352	800051e8	d0027dd3	fcvt.s.w	f27,x4	  x4:0x00000000 f27=0x00000000
     233565.000 ns	     23355	800051ec	039e5b33	divu	x22,x28,x25	 x28:0x00000000 x25:0x00000000 x22=0xffffffff
     233935.000 ns	     23392	800051f0	031bcfb3	div	x31,x23,x17	 x23:0x00000000 x17:0x17e89148 x31=0x00000000
     233955.000 ns	     23394	800051f4	00000013	addi	x0,x0,0	  x0:0x00000000
     233965.000 ns	     23395	800051f8	00000013	addi	x0,x0,0	  x0:0x00000000
     233985.000 ns	     23397	800051fc	20d59dd3	fsgnjn.s	f27,f11,f13	 f11:0xff800000 f13:0xbf7fffae f27=0x7f800000
     234015.000 ns	     23400	80005200	f00e80d3	fmv.w.x	f1,x29	 x29:0xfffff994  f1=0xfffff994
     234045.000 ns	     23403	80005204	213c80d3	fsgnj.s	f1,f25,f19	 f25:0xcf063f39 f19:0x00000000  f1=0x4f063f39
     234085.000 ns	     23407	80005208	58034cd3	fsqrt.s	f25,f6	  f6:0xbf7fffae f25=0x7fc00000
     234105.000 ns	     23409	8000520c	01aca933	slt	x18,x25,x26	 x25:0x00000000 x26:0x00000000 x18=0x00000000
     234135.000 ns	     23412	80005210	5801ffd3	fsqrt.s	f31,f3	  f3:0x00000000 f31=0x00000000
     234155.000 ns	     23414	80005214	4000d513	srai	x10,x1,0x0	  x1:0x00000000 x10=0x00000000
     234165.000 ns	     23415	80005218	01d61c13	slli	x24,x12,0x1d	 x12:0x00000000 x24=0x00000000
     234185.000 ns	     23417	8000521c	e0029f53	fclass.s	x30,f5	  f5:0x00000000 x30=0x00000010
     234205.000 ns	     23419	80005220	003502b3	add	x5,x10,x3	 x10:0x00000000  x3:0x00000000  x5=0x00000000
     234225.000 ns	     23421	80005224	02223733	mulhu	x14,x4,x2	  x4:0x00000000  x2:0x7fc00000 x14=0x00000000
     234255.000 ns	     23424	80005228	03856db3	rem	x27,x10,x24	 x10:0x00000000 x24:0x00000000 x27=0x00000000
     234285.000 ns	     23427	8000522c	c004bd53	fcvt.w.s	x26,f9	  f9:0x7fc00000 x26=0x7fffffff
     234315.000 ns	     23430	80005230	02a092b3	mulh	x5,x1,x10	  x1:0x00000000 x10:0x00000000  x5=0x00000000
     234335.000 ns	     23432	80005234	0121da33	srl	x20,x3,x18	  x3:0x00000000 x18:0x00000000 x20=0x00000000
     234345.000 ns	     23433	80005238	9add3b13	sltiu	x22,x26,-1619	 x26:0x7fffffff x22=0x00000001
     234365.000 ns	     23435	8000523c	e00e9553	fclass.s	x10,f29	 f29:0xde86437b x10=0x00000002
     234405.000 ns	     23439	80005240	108e7353	fmul.s	f6,f28,f8	 f28:0xccc7d85d  f8:0x00000000  f6=0x80000000
     234425.000 ns	     23441	80005244	01386eb3	or	x29,x16,x19	 x16:0x00000000 x19:0xd0ac50c0 x29=0xd0ac50c0
     234435.000 ns	     23442	80005248	01d8ceb3	xor	x29,x17,x29	 x17:0x17e89148 x29:0xfffff994 x29=0xc744c188
     234455.000 ns	     23444	8000524c	21bf9ed3	fsgnjn.s	f29,f31,f27	 f31:0x00000000 f27:0x7f800000 f29=0x80000000
     234485.000 ns	     23447	80005250	d00c9ad3	fcvt.s.w	f21,x25	 x25:0x00000000 f21=0x00000000
     234515.000 ns	     23450	80005254	0243ea33	rem	x20,x7,x4	  x7:0x00000000  x4:0x00000000 x20=0x00000000
     234535.000 ns	     23452	80005258	01ef2c33	slt	x24,x30,x30	 x30:0x00000010 x30:0x00000010 x24=0x00000000
     234545.000 ns	     23453	8000525c	000f6633	or	x12,x30,x0	 x30:0x00000010  x0:0x00000000 x12=0x00000010
     234565.000 ns	     23455	80005260	28f41853	fmax.s	f16,f8,f15	  f8:0x00000000 f15:0x00000000 f16=0x00000000
     234595.000 ns	     23458	80005264	e00d92d3	fclass.s	x5,f27	 f27:0x7f800000  x5=0x00000080
     234615.000 ns	     23460	80005268	031fa393	slti	x7,x31,49	 x31:0x00000000  x7=0x00000001
     234655.000 ns	     23464	8000526c	0837fed3	fsub.s	f29,f15,f3	 f15:0x00000000  f3:0x00000000 f29=0x80000000
     234675.000 ns	     23466	80005270	405a5c13	srai	x24,x20,0x5	 x20:0x00000000 x24=0x00000000
     235035.000 ns	     23502	80005274	02faecb3	rem	x25,x21,x15	 x21:0x00000000 x15:0xf9c13d14 x25=0x00000000
     235065.000 ns	     23505	80005278	a0de2953	feq.s	x18,f28,f13	 f28:0xccc7d85d f13:0xbf7fffae x18=0x00000000
     235085.000 ns	     23507	8000527c	016631b3	sltu	x3,x12,x22	 x12:0x00000010 x22:0x00000001  x3=0x00000000
     235095.000 ns	     23508	80005280	01e518b3	sll	x17,x10,x30	 x10:0x00000002 x30:0x00000010 x17=0x00020000
     235105.000 ns	     23509	80005284	01f40633	add	x12,x8,x31	  x8:0x80040fe4 x31:0x00000000 x12=0x80040fe4
     235115.000 ns	     23510	80005288	01dad813	srli	x16,x21,0x1d	 x21:0x00000000 x16=0x00000000
     235125.000 ns	     23511	8000528c	b6c83993	sltiu	x19,x16,-1172	 x16:0x00000000 x19=0x00000001
     235145.000 ns	     23513	80005290	e0000153	fmv.x.w	x2,f0	  f0:0xcf063f39  x2=0xcf063f39
     235175.000 ns	     23516	80005294	033da1b3	mulhsu	x3,x27,x19	 x27:0x00000000 x19:0xd0ac50c0  x3=0x00000000
     235195.000 ns	     23518	80005298	01569033	sll	x0,x13,x21	 x13:0x00000000 x21:0x00000000
     235215.000 ns	     23520	8000529c	0392b133	mulhu	x2,x5,x25	  x5:0x00000080 x25:0x00000000  x2=0x00000000
     235245.000 ns	     23523	800052a0	204c1ed3	fsgnjn.s	f29,f24,f4	 f24:0x4f59cbf0  f4:0x7fc00000 f29=0xcf59cbf0
     235265.000 ns	     23525	800052a4	005edc33	srl	x24,x29,x5	 x29:0xc744c188  x5:0x00000080 x24=0xc744c188
     235275.000 ns	     23526	800052a8	0093d493	srli	x9,x7,0x9	  x7:0x00000001  x9=0x00000000
     235295.000 ns	     23528	800052ac	20d11953	fsgnjn.s	f18,f2,f13	  f2:0x7fc00000 f13:0xbf7fffae f18=0x7fc00000
     235325.000 ns	     23531	800052b0	a0aa9953	flt.s	x18,f21,f10	 f21:0x00000000 f10:0x00000000 x18=0x00000000
     235345.000 ns	     23533	800052b4	44c7ed13	ori	x26,x15,1100	 x15:0xf9c13d14 x26=0xf9c13d5c
     235365.000 ns	     23535	800052b8	21ddaf53	fsgnjx.s	f30,f27,f29	 f27:0x7f800000 f29:0xcf59cbf0 f30=0xff800000
     235395.000 ns	     23538	800052bc	d0092bd3	fcvt.s.w	f23,x18	 x18:0x00000000 f23=0x00000000
     235415.000 ns	     23540	800052c0	910efd93	andi	x27,x29,-1776	 x29:0xc744c188 x27=0xc744c100
     235435.000 ns	     23542	800052c4	0317ad33	mulhsu	x26,x15,x17	 x15:0xf9c13d14 x17:0x00020000 x26=0xfffff382
     235475.000 ns	     23546	800052c8	580515d3	fsqrt.s	f11,f10	 f10:0x00000000 f11=0x00000000
     235505.000 ns	     23549	800052cc	f0020c53	fmv.w.x	f24,x4	  x4:0x00000000 f24=0x00000000
     235535.000 ns	     23552	800052d0	d012ffd3	fcvt.s.wu	f31,x5	  x5:0x00000080 f31=0x43000000
     235905.000 ns	     23589	800052d4	03e1c3b3	div	x7,x3,x30	  x3:0x00000000 x30:0x00000010  x7=0x00000000
     235935.000 ns	     23592	800052d8	c01892d3	fcvt.wu.s	x5,f17	 f17:0x4f000410  x5=0x80041000
     235965.000 ns	     23595	800052dc	d002f3d3	fcvt.s.w	f7,x5	  x5:0x00000080  f7=0xcefff7e0
     235985.000 ns	     23597	800052e0	00905693	srli	x13,x0,0x9	  x0:0x00000000 x13=0x00000000
     235995.000 ns	     23598	800052e4	0056c733	xor	x14,x13,x5	 x13:0x00000000  x5:0x80041000 x14=0x80041000
     236005.000 ns	     23599	800052e8	01f2f933	and	x18,x5,x31	  x5:0x80041000 x31:0x00000000 x18=0x00000000
     236015.000 ns	     23600	800052ec	d11b4c13	xori	x24,x22,-751	 x22:0x00000001 x24=0xfffffd10
     236025.000 ns	     23601	800052f0	0087ab33	slt	x22,x15,x8	 x15:0xf9c13d14  x8:0x80040fe4 x22=0x00000000
     236035.000 ns	     23602	800052f4	00be5bb3	srl	x23,x28,x11	 x28:0x00000000 x11:0x80041024 x23=0x00000000
     236055.000 ns	     23604	800052f8	208717d3	fsgnjn.s	f15,f14,f8	 f14:0x00000000  f8:0x00000000 f15=0x80000000
     236075.000 ns	     23606	800052fc	6b5c3513	sltiu	x10,x24,1717	 x24:0xfffffd10 x10=0x00000000
     236095.000 ns	     23608	80005300	f00a07d3	fmv.w.x	f15,x20	 x20:0x00000000 f15=0x00000000
     236115.000 ns	     23610	80005304	400b0133	sub	x2,x22,x0	 x22:0x00000000  x0:0x00000000  x2=0x00000000
     236125.000 ns	     23611	80005308	01a96b33	or	x22,x18,x26	 x18:0x00000000 x26:0xfffff382 x22=0xfffff382
     236135.000 ns	     23612	8000530c	00aed3b3	srl	x7,x29,x10	 x29:0xc744c188 x10:0x00000000  x7=0xc744c188
     236145.000 ns	     23613	80005310	af94b917	auipc	x18,0xaf94b	 x18=0x2f950310
     236165.000 ns	     23615	80005314	02748fb3	mul	x31,x9,x7	  x9:0x00000000  x7:0x00000000 x31=0x00000000
     236185.000 ns	     23617	80005318	01d6d893	srli	x17,x13,0x1d	 x13:0x00000000 x17=0x00000000
     236195.000 ns	     23618	8000531c	41d10733	sub	x14,x2,x29	  x2:0x00000000 x29:0xc744c188 x14=0x38bb3e78
     236215.000 ns	     23620	80005320	03e80b33	mul	x22,x16,x30	 x16:0x00000000 x30:0x00000010 x22=0x00000000
     236265.000 ns	     23625	80005324	08c99f53	fsub.s	f30,f19,f12	 f19:0x00000000 f12:0xcf0c7dfb f30=0x4f0c7dfb
     236295.000 ns	     23628	80005328	02ae1fb3	mulh	x31,x28,x10	 x28:0x00000000 x10:0x00000000 x31=0x00000000
     236315.000 ns	     23630	8000532c	886f0293	addi	x5,x30,-1914	 x30:0x00000010  x5=0xfffff896
     236325.000 ns	     23631	80005330	018a72b3	and	x5,x20,x24	 x20:0x00000000 x24:0xfffffd10  x5=0x00000000
     236345.000 ns	     23633	80005334	03005133	divu	x2,x0,x16	  x0:0x00000000 x16:0x00000000  x2=0xffffffff
     236715.000 ns	     23670	80005338	022ce233	rem	x4,x25,x2	 x25:0x00000000  x2:0x00000000  x4=0x00000000
     236745.000 ns	     23673	8000533c	d01b4453	fcvt.s.wu	f8,x22	 x22:0x00000000  f8=0x00000000
     236795.000 ns	     23678	80005340	0852c6d3	fsub.s	f13,f5,f5	  f5:0x00000000  f5:0x00000000 f13=0x80000000
     236825.000 ns	     23681	80005344	02faa2b3	mulhsu	x5,x21,x15	 x21:0x00000000 x15:0xf9c13d14  x5=0x00000000
     236845.000 ns	     23683	80005348	9ea9e493	ori	x9,x19,-1558	 x19:0x00000001  x9=0xfffff9eb
     236855.000 ns	     23684	8000534c	76a92337	lui	x6,0x76a92	  x6=0x76a92000
     236865.000 ns	     23685	80005350	01cbf1b3	and	x3,x23,x28	 x23:0x00000000 x28:0x00000000  x3=0x00000000
     236875.000 ns	     23686	80005354	01ff98b3	sll	x17,x31,x31	 x31:0x00000000 x31:0x00000000 x17=0x00000000
     236885.000 ns	     23687	80005358	00fe2233	slt	x4,x28,x15	 x28:0x00000000 x15:0xf9c13d14  x4=0x00000000
     236895.000 ns	     23688	8000535c	483db813	sltiu	x16,x27,1155	 x27:0xc744c100 x16=0x00000000
     236925.000 ns	     23691	80005360	580d1553	fsqrt.s	f10,f26	 f26:0x00000000 f10=0x00000000
     236955.000 ns	     23694	80005364	20689253	fsgnjn.s	f4,f17,f6	 f17:0x4f000410  f6:0x80000000  f4=0x4f000410
     236975.000 ns	     23696	80005368	019c9c13	slli	x24,x25,0x19	 x25:0x00000000 x24=0x00000000
     236985.000 ns	     23697	8000536c	01bf0733	add	x14,x30,x27	 x30:0x00000010 x27:0xc744c100 x14=0xc744c110
     237025.000 ns	     23701	80005370	00d0b053	fadd.s	f0,f1,f13	  f1:0x4f063f39 f13:0x80000000  f0=0x4f063f39
     237045.000 ns	     23703	80005374	00b87fb3	and	x31,x16,x11	 x16:0x00000000 x11:0x80041024 x31=0x00000000
     237055.000 ns	     23704	80005378	2fd93fb7	lui	x31,0x2fd93	 x31=0x2fd93000
     237065.000 ns	     23705	8000537c	0181fd33	and	x26,x3,x24	  x3:0x00000000 x24:0x00000000 x26=0x00000000
     237085.000 ns	     23707	80005380	f00c8f53	fmv.w.x	f30,x25	 x25:0x00000000 f30=0x00000000
     237125.000 ns	     23711	80005384	580e4453	fsqrt.s	f8,f28	 f28:0xccc7d85d  f8=0x7fc00000
     237145.000 ns	     23713	80005388	01336f33	or	x30,x6,x19	  x6:0x76a92000 x19:0x00000001 x30=0x76a92001
     237165.000 ns	     23715	8000538c	29029ad3	fmax.s	f21,f5,f16	  f5:0x00000000 f16:0x00000000 f21=0x00000000
     237195.000 ns	     23718	80005390	c002f553	fcvt.w.s	x10,f5	  f5:0x00000000 x10=0x00000000
     237215.000 ns	     23720	80005394	015d50b3	srl	x1,x26,x21	 x26:0x00000000 x21:0x00000000  x1=0x00000000
     237225.000 ns	     23721	80005398	41668d33	sub	x26,x13,x22	 x13:0x00000000 x22:0x00000000 x26=0x00000000
     237235.000 ns	     23722	8000539c	4122d713	srai	x14,x5,0x12	  x5:0x00000000 x14=0x00000000
     237245.000 ns	     23723	800053a0	015bdeb3	srl	x29,x23,x21	 x23:0x00000000 x21:0x00000000 x29=0x00000000
     237255.000 ns	     23724	800053a4	00f21f13	slli	x30,x4,0xf	  x4:0x00000000 x30=0x00000000
     237275.000 ns	     23726	800053a8	02b39633	mulh	x12,x7,x11	  x7:0xc744c188 x11:0x80041024 x12=0x1c5cb8bb
     237305.000 ns	     23729	800053ac	02841d33	mulh	x26,x8,x8	  x8:0x80040fe4  x8:0x80040fe4 x26=0x3ffbf02c
     237325.000 ns	     23731	800053b0	40bf8eb3	sub	x29,x31,x11	 x31:0x2fd93000 x11:0x80041024 x29=0xafd51fdc
     237345.000 ns	     23733	800053b4	c014b2d3	fcvt.wu.s	x5,f9	  f9:0x7fc00000  x5=0xffffffff
     237365.000 ns	     23735	800053b8	406e0933	sub	x18,x28,x6	 x28:0x00000000  x6:0x76a92000 x18=0x8956e000
     237385.000 ns	     23737	800053bc	035f3533	mulhu	x10,x30,x21	 x30:0x00000000 x21:0x00000000 x10=0x00000000
     237415.000 ns	     23740	800053c0	a1369753	flt.s	x14,f13,f19	 f13:0x80000000 f19:0x00000000 x14=0x00000000
     237435.000 ns	     23742	800053c4	00ed9813	slli	x16,x27,0xe	 x27:0xc744c100 x16=0x30400000
     237795.000 ns	     23778	800053c8	02fbe9b3	rem	x19,x23,x15	 x23:0x00000000 x15:0xf9c13d14 x19=0x00000000
     237825.000 ns	     23781	800053cc	f0090d53	fmv.w.x	f26,x18	 x18:0x8956e000 f26=0x8956e000
     237855.000 ns	     23784	800053d0	20de22d3	fsgnjx.s	f5,f28,f13	 f28:0xccc7d85d f13:0x80000000  f5=0x4cc7d85d
     237875.000 ns	     23786	800053d4	c77de093	ori	x1,x27,-905	 x27:0xc744c100  x1=0xfffffd77
     237895.000 ns	     23788	800053d8	c00eaa53	fcvt.w.s	x20,f29	 f29:0xcf59cbf0 x20=0x80000000
     237925.000 ns	     23791	800053dc	a11791d3	flt.s	x3,f15,f17	 f15:0x00000000 f17:0x4f000410  x3=0x00000001
     237955.000 ns	     23794	800053e0	f0080253	fmv.w.x	f4,x16	 x16:0x30400000  f4=0x30400000
     237975.000 ns	     23796	800053e4	400f5d13	srai	x26,x30,0x0	 x30:0x00000000 x26=0x00000000
     238015.000 ns	     23800	800053e8	09799ed3	fsub.s	f29,f19,f23	 f19:0x00000000 f23:0x00000000 f29=0x80000000
     238045.000 ns	     23803	800053ec	a0449c53	flt.s	x24,f9,f4	  f9:0x7fc00000  f4:0x30400000 x24=0x00000000
     238065.000 ns	     23805	800053f0	620c0393	addi	x7,x24,1568	 x24:0x00000000  x7=0x00000620
     238085.000 ns	     23807	800053f4	20330ad3	fsgnj.s	f21,f6,f3	  f6:0x80000000  f3:0x00000000 f21=0x00000000
     238105.000 ns	     23809	800053f8	445bee13	ori	x28,x23,1093	 x23:0x00000000 x28=0x00000445
     238465.000 ns	     23845	800053fc	03b65533	divu	x10,x12,x27	 x12:0x1c5cb8bb x27:0xc744c100 x10=0x00000000
     238485.000 ns	     23847	80005400	0009e1b3	or	x3,x19,x0	 x19:0x00000000  x0:0x00000000  x3=0x00000000
     238495.000 ns	     23848	80005404	01769fb3	sll	x31,x13,x23	 x13:0x00000000 x23:0x00000000 x31=0x00000000
     238515.000 ns	     23850	80005408	f0000bd3	fmv.w.x	f23,x0	  x0:0x00000000 f23=0x00000000
     238545.000 ns	     23853	8000540c	0338c0b3	div	x1,x17,x19	 x17:0x00000000 x19:0x00000000  x1=0xffffffff
     238575.000 ns	     23856	80005410	f0048fd3	fmv.w.x	f31,x9	  x9:0xfffff9eb f31=0xfffff9eb
     238945.000 ns	     23893	80005414	03d5e1b3	rem	x3,x11,x29	 x11:0x80041024 x29:0xafd51fdc  x3=0xd02ef048
     238975.000 ns	     23896	80005418	02a19c33	mulh	x24,x3,x10	  x3:0x00000000 x10:0x00000000 x24=0x00000000
     238995.000 ns	     23898	8000541c	e340b193	sltiu	x3,x1,-460	  x1:0xffffffff  x3=0x00000000
     239005.000 ns	     23899	80005420	5f04cf97	auipc	x31,0x5f04c	 x31=0xdf051420
     239025.000 ns	     23901	80005424	a0d91f53	flt.s	x30,f18,f13	 f18:0x7fc00000 f13:0x80000000 x30=0x00000000
     239045.000 ns	     23903	80005428	e8e58f93	addi	x31,x11,-370	 x11:0x80041024 x31=0x80040eb2
     239065.000 ns	     23905	8000542c	d01b3dd3	fcvt.s.wu	f27,x22	 x22:0x00000000 f27=0x00000000
     239085.000 ns	     23907	80005430	00509e33	sll	x28,x1,x5	  x1:0xffffffff  x5:0xffffffff x28=0x80000000
     239105.000 ns	     23909	80005434	03a43bb3	mulhu	x23,x8,x26	  x8:0x80040fe4 x26:0x00000000 x23=0x00000000
     239135.000 ns	     23912	80005438	03a50eb3	mul	x29,x10,x26	 x10:0x00000000 x26:0x00000000 x29=0x00000000
     239165.000 ns	     23915	8000543c	e00b0e53	fmv.x.w	x28,f22	 f22:0x00000000 x28=0x00000000
     239185.000 ns	     23917	80005440	57bba013	slti	x0,x23,1403	 x23:0x00000000
     239195.000 ns	     23918	80005444	000cbd33	sltu	x26,x25,x0	 x25:0x00000000  x0:0x00000000 x26=0x00000000
     239215.000 ns	     23920	80005448	d00cfcd3	fcvt.s.w	f25,x25	 x25:0x00000000 f25=0x00000000
     239585.000 ns	     23957	8000544c	030de733	rem	x14,x27,x16	 x27:0xc744c100 x16:0x30400000 x14=0xf784c100
     239615.000 ns	     23960	80005450	0374cdb3	div	x27,x9,x23	  x9:0xfffff9eb x23:0x00000000 x27=0xffffffff
     239645.000 ns	     23963	80005454	c00b76d3	fcvt.w.s	x13,f22	 f22:0x00000000 x13=0x00000000
     239675.000 ns	     23966	80005458	02a9bab3	mulhu	x21,x19,x10	 x19:0x00000000 x10:0x00000000 x21=0x00000000
     239695.000 ns	     23968	8000545c	404d8e33	sub	x28,x27,x4	 x27:0xffffffff  x4:0x00000000 x28=0xffffffff
     239705.000 ns	     23969	80005460	00aaee33	or	x28,x21,x10	 x21:0x00000000 x10:0x00000000 x28=0x00000000
     239725.000 ns	     23971	80005464	f0088d53	fmv.w.x	f26,x17	 x17:0x00000000 f26=0x00000000
     239745.000 ns	     23973	80005468	95f17017	auipc	x0,0x95f17	
     239765.000 ns	     23975	8000546c	03617eb3	remu	x29,x2,x22	  x2:0xffffffff x22:0x00000000 x29=0xffffffff
     239795.000 ns	     23978	80005470	28749753	fmax.s	f14,f9,f7	  f9:0x7fc00000  f7:0xcefff7e0 f14=0xcefff7e0
     239815.000 ns	     23980	80005474	00c91c33	sll	x24,x18,x12	 x18:0x8956e000 x12:0x1c5cb8bb x24=0x00000000
     239835.000 ns	     23982	80005478	03fa8db3	mul	x27,x21,x31	 x21:0x00000000 x31:0x80040eb2 x27=0x00000000
     239865.000 ns	     23985	8000547c	03a57033	remu	x0,x10,x26	 x10:0x00000000 x26:0x00000000
     239885.000 ns	     23987	80005480	892b0c13	addi	x24,x22,-1902	 x22:0x00000000 x24=0xfffff892
     239895.000 ns	     23988	80005484	00a6ef33	or	x30,x13,x10	 x13:0x00000000 x10:0x00000000 x30=0x00000000
     239905.000 ns	     23989	80005488	018a32b3	sltu	x5,x20,x24	 x20:0x80000000 x24:0x00000000  x5=0x00000001
     239935.000 ns	     23992	8000548c	1834c6d3	fdiv.s	f13,f9,f3	  f9:0x7fc00000  f3:0x00000000 f13=0x7fc00000
     239965.000 ns	     23995	80005490	d00485d3	fcvt.s.w	f11,x9	  x9:0xfffff9eb f11=0xc4c2a000
     239985.000 ns	     23997	80005494	0122dc33	srl	x24,x5,x18	  x5:0x00000001 x18:0x8956e000 x24=0x00000001
     239995.000 ns	     23998	80005498	c3590113	addi	x2,x18,-971	 x18:0x8956e000  x2=0x8956dc35
     240015.000 ns	     24000	8000549c	e00c0353	fmv.x.w	x6,f24	 f24:0x00000000  x6=0x00000000
     240045.000 ns	     24003	800054a0	28a30c53	fmin.s	f24,f6,f10	  f6:0x80000000 f10:0x00000000 f24=0x80000000
     240065.000 ns	     24005	800054a4	001443b3	xor	x7,x8,x1	  x8:0x80040fe4  x1:0xffffffff  x7=0x7ffbf01b
     240085.000 ns	     24007	800054a8	02233fb3	mulhu	x31,x6,x2	  x6:0x00000000  x2:0x8956dc35 x31=0x00000000
     240115.000 ns	     24010	800054ac	e00a0c53	fmv.x.w	x24,f20	 f20:0x80040a54 x24=0x80040a54
     240145.000 ns	     24013	800054b0	c0001a53	fcvt.w.s	x20,f0	  f0:0x4f063f39 x20=0x7fffffff
     240175.000 ns	     24016	800054b4	213c8b53	fsgnj.s	f22,f25,f19	 f25:0x00000000 f19:0x00000000 f22=0x00000000
     240205.000 ns	     24019	800054b8	a003add3	feq.s	x27,f7,f0	  f7:0xcefff7e0  f0:0x4f063f39 x27=0x00000000
     240255.000 ns	     24024	800054bc	09bb1ad3	fsub.s	f21,f22,f27	 f22:0x00000000 f27:0x00000000 f21=0x80000000
     240285.000 ns	     24027	800054c0	a04e2bd3	feq.s	x23,f28,f4	 f28:0xccc7d85d  f4:0x30400000 x23=0x00000000
     240655.000 ns	     24064	800054c4	02b8fdb3	remu	x27,x17,x11	 x17:0x00000000 x11:0x80041024 x27=0x00000000
     240685.000 ns	     24067	800054c8	a19f8653	fle.s	x12,f31,f25	 f31:0xfffff9eb f25:0x00000000 x12=0x00000000
     240715.000 ns	     24070	800054cc	03b7e533	rem	x10,x15,x27	 x15:0xf9c13d14 x27:0x00000000 x10=0xf9c13d14
     240745.000 ns	     24073	800054d0	28be15d3	fmax.s	f11,f28,f11	 f28:0xccc7d85d f11:0xc4c2a000 f11=0xc4c2a000
     240765.000 ns	     24075	800054d4	41725a93	srai	x21,x4,0x17	  x4:0x00000000 x21=0x00000000
     240775.000 ns	     24076	800054d8	00569e33	sll	x28,x13,x5	 x13:0x00000000  x5:0x00000001 x28=0x00000000
     241135.000 ns	     24112	800054dc	034174b3	remu	x9,x2,x20	  x2:0x8956dc35 x20:0x7fffffff  x9=0x0956dc36
     241165.000 ns	     24115	800054e0	f0010d53	fmv.w.x	f26,x2	  x2:0x8956dc35 f26=0x8956dc35
     241185.000 ns	     24117	800054e4	72a3b993	sltiu	x19,x7,1834	  x7:0x7ffbf01b x19=0x00000000
     241205.000 ns	     24119	800054e8	209622d3	fsgnjx.s	f5,f12,f9	 f12:0xcf0c7dfb  f9:0x7fc00000  f5=0xcf0c7dfb
     241235.000 ns	     24122	800054ec	028b3233	mulhu	x4,x22,x8	 x22:0x00000000  x8:0x80040fe4  x4=0x00000000
     241265.000 ns	     24125	800054f0	21a21ed3	fsgnjn.s	f29,f4,f26	  f4:0x30400000 f26:0x8956dc35 f29=0x30400000
     241295.000 ns	     24128	800054f4	215716d3	fsgnjn.s	f13,f14,f21	 f14:0xcefff7e0 f21:0x80000000 f13=0x4efff7e0
     241315.000 ns	     24130	800054f8	a8cfee13	ori	x28,x31,-1396	 x31:0x00000000 x28=0xfffffa8c
     241355.000 ns	     24134	800054fc	01abf053	fadd.s	f0,f23,f26	 f23:0x00000000 f26:0x8956dc35  f0=0x8956dc35
     241385.000 ns	     24137	80005500	21c723d3	fsgnjx.s	f7,f14,f28	 f14:0xcefff7e0 f28:0xccc7d85d  f7=0x4efff7e0
     241405.000 ns	     24139	80005504	00a81fb3	sll	x31,x16,x10	 x16:0x30400000 x10:0xf9c13d14 x31=0x00000000
     241425.000 ns	     24141	80005508	d00e95d3	fcvt.s.w	f11,x29	 x29:0xffffffff f11=0xbf800000
     241445.000 ns	     24143	8000550c	52d5e913	ori	x18,x11,1325	 x11:0x80041024 x18=0x8004152d
     241455.000 ns	     24144	80005510	a07e8e93	addi	x29,x29,-1529	 x29:0xffffffff x29=0xfffffa06
     241465.000 ns	     24145	80005514	00000013	addi	x0,x0,0	  x0:0x00000000
     241485.000 ns	     24147	80005518	a0b68c53	fle.s	x24,f13,f11	 f13:0x4efff7e0 f11:0xbf800000 x24=0x00000000
     241515.000 ns	     24150	8000551c	288796d3	fmax.s	f13,f15,f8	 f15:0x00000000  f8:0x7fc00000 f13=0x00000000
     241565.000 ns	     24155	80005520	014a7bd3	fadd.s	f23,f20,f20	 f20:0x80040a54 f20:0x80040a54 f23=0x800814a8
     241585.000 ns	     24157	80005524	b3765037	lui	x0,0xb3765	
     241595.000 ns	     24158	80005528	7f1c6f13	ori	x30,x24,2033	 x24:0x00000000 x30=0x000007f1
     241615.000 ns	     24160	8000552c	030f8533	mul	x10,x31,x16	 x31:0x00000000 x16:0x30400000 x10=0x00000000
     241645.000 ns	     24163	80005530	c00c7053	fcvt.w.s	x0,f24	 f24:0x80000000
     241665.000 ns	     24165	80005534	887d0b13	addi	x22,x26,-1913	 x26:0x00000000 x22=0xfffff887
     241685.000 ns	     24167	80005538	03833b33	mulhu	x22,x6,x24	  x6:0x00000000 x24:0x00000000 x22=0x00000000
     241705.000 ns	     24169	8000553c	00748d33	add	x26,x9,x7	  x9:0x0956dc36  x7:0x7ffbf01b x26=0x8952cc51
     241725.000 ns	     24171	80005540	e0060953	fmv.x.w	x18,f12	 f12:0xcf0c7dfb x18=0xcf0c7dfb
     241745.000 ns	     24173	80005544	00b91b33	sll	x22,x18,x11	 x18:0x8004152d x11:0x80041024 x22=0xf0c7dfb0
     241765.000 ns	     24175	80005548	0391dc33	divu	x24,x3,x25	  x3:0x00000000 x25:0x00000000 x24=0xffffffff
     241795.000 ns	     24178	8000554c	e00c1cd3	fclass.s	x25,f24	 f24:0x80000000 x25=0x00000008
     241825.000 ns	     24181	80005550	a1259153	flt.s	x2,f11,f18	 f11:0xbf800000 f18:0x7fc00000  x2=0x00000000
     241845.000 ns	     24183	80005554	77706c93	ori	x25,x0,1911	  x0:0x00000000 x25=0x00000777
     241865.000 ns	     24185	80005558	d00cf7d3	fcvt.s.w	f15,x25	 x25:0x00000008 f15=0x44eee000
     242235.000 ns	     24222	8000555c	0394d8b3	divu	x17,x9,x25	  x9:0x0956dc36 x25:0x00000008 x17=0x00014048
     242255.000 ns	     24224	80005560	011ef4b3	and	x9,x29,x17	 x29:0xfffffa06 x17:0x00000000  x9=0x00014000
     242265.000 ns	     24225	80005564	00da2e33	slt	x28,x20,x13	 x20:0x7fffffff x13:0x00000000 x28=0x00000000
     242285.000 ns	     24227	80005568	21cb25d3	fsgnjx.s	f11,f22,f28	 f22:0x00000000 f28:0xccc7d85d f11=0x80000000
     242305.000 ns	     24229	8000556c	b164a193	slti	x3,x9,-1258	  x9:0x00014000  x3=0x00000000
     242315.000 ns	     24230	80005570	001acab3	xor	x21,x21,x1	 x21:0x00000000  x1:0xffffffff x21=0xffffffff
     242335.000 ns	     24232	80005574	20cc1b53	fsgnjn.s	f22,f24,f12	 f24:0x80000000 f12:0xcf0c7dfb f22=0x00000000
     242365.000 ns	     24235	80005578	a0f82053	feq.s	x0,f16,f15	 f16:0x00000000 f15:0x44eee000
     242395.000 ns	     24238	8000557c	286403d3	fmin.s	f7,f8,f6	  f8:0x7fc00000  f6:0x80000000  f7=0x80000000
     242415.000 ns	     24240	80005580	46c27a93	andi	x21,x4,1132	  x4:0x00000000 x21=0x00000000
     242425.000 ns	     24241	80005584	b304b093	sltiu	x1,x9,-1232	  x9:0x00014000  x1=0x00000001
     242445.000 ns	     24243	80005588	28e585d3	fmin.s	f11,f11,f14	 f11:0x80000000 f14:0xcefff7e0 f11=0xcefff7e0
     242475.000 ns	     24246	8000558c	e00400d3	fmv.x.w	x1,f8	  f8:0x7fc00000  x1=0x7fc00000
     242845.000 ns	     24283	80005590	02737f33	remu	x30,x6,x7	  x6:0x00000000  x7:0x7ffbf01b x30=0x00000000
     242895.000 ns	     24288	80005594	08a71dd3	fsub.s	f27,f14,f10	 f14:0xcefff7e0 f10:0x00000000 f27=0xcefff7e0
     242915.000 ns	     24290	80005598	6cd54113	xori	x2,x10,1741	 x10:0x00000000  x2=0x000006cd
     242925.000 ns	     24291	8000559c	00138533	add	x10,x7,x1	  x7:0x7ffbf01b  x1:0x7fc00000 x10=0xffbbf01b
     242945.000 ns	     24293	800055a0	0350fe33	remu	x28,x1,x21	  x1:0x7fc00000 x21:0x00000000 x28=0x7fc00000
     242965.000 ns	     24295	800055a4	a75d3b93	sltiu	x23,x26,-1419	 x26:0x8952cc51 x23=0x00000001
     242975.000 ns	     24296	800055a8	00aa1db3	sll	x27,x20,x10	 x20:0x7fffffff x10:0xffbbf01b x27=0xf8000000
     242985.000 ns	     24297	800055ac	008a54b3	srl	x9,x20,x8	 x20:0x7fffffff  x8:0x80040fe4  x9=0x07ffffff
     242995.000 ns	     24298	800055b0	01a31013	slli	x0,x6,0x1a	  x6:0x00000000
     243015.000 ns	     24300	800055b4	03531133	mulh	x2,x6,x21	  x6:0x00000000 x21:0x00000000  x2=0x00000000
     243035.000 ns	     24302	800055b8	e0f0b297	auipc	x5,0xe0f0b	  x5=0x60f105b8
     243055.000 ns	     24304	800055bc	a1548cd3	fle.s	x25,f9,f21	  f9:0x7fc00000 f21:0x80000000 x25=0x00000000
     243085.000 ns	     24307	800055c0	0381a333	mulhsu	x6,x3,x24	  x3:0x00000000 x24:0xffffffff  x6=0x00000000
     243455.000 ns	     24344	800055c4	02bcff33	remu	x30,x25,x11	 x25:0x00000000 x11:0x80041024 x30=0x00000000
     243475.000 ns	     24346	800055c8	004b5db3	srl	x27,x22,x4	 x22:0xf0c7dfb0  x4:0x00000000 x27=0xf0c7dfb0
     243495.000 ns	     24348	800055cc	a14680d3	fle.s	x1,f13,f20	 f13:0x00000000 f20:0x80040a54  x1=0x00000000
     243525.000 ns	     24351	800055d0	02e62db3	mulhsu	x27,x12,x14	 x12:0x00000000 x14:0xf784c100 x27=0x00000000
     243565.000 ns	     24355	800055d4	580c70d3	fsqrt.s	f1,f24	 f24:0x80000000  f1=0x80000000
     243585.000 ns	     24357	800055d8	00000013	addi	x0,x0,0	  x0:0x00000000
     243615.000 ns	     24360	800055dc	580ff6d3	fsqrt.s	f13,f31	 f31:0xfffff9eb f13=0x7fc00000
     243645.000 ns	     24363	800055e0	a0e3acd3	feq.s	x25,f7,f14	  f7:0x80000000 f14:0xcefff7e0 x25=0x00000000
     243675.000 ns	     24366	800055e4	d0193bd3	fcvt.s.wu	f23,x18	 x18:0xcf0c7dfb f23=0x4f4f0c7e
     243695.000 ns	     24368	800055e8	01d54ab3	xor	x21,x10,x29	 x10:0xffbbf01b x29:0xfffffa06 x21=0x00440a1d
     243715.000 ns	     24370	800055ec	02dcdb33	divu	x22,x25,x13	 x25:0x00000000 x13:0x00000000 x22=0xffffffff
     243765.000 ns	     24375	800055f0	0849fad3	fsub.s	f21,f19,f4	 f19:0x00000000  f4:0x30400000 f21=0xb0400000
     243795.000 ns	     24378	800055f4	a1a089d3	fle.s	x19,f1,f26	  f1:0x80000000 f26:0x8956dc35 x19=0x00000000
     243815.000 ns	     24380	800055f8	3e95ee13	ori	x28,x11,1001	 x11:0x80041024 x28=0x800413ed
     243825.000 ns	     24381	800055fc	016c14b3	sll	x9,x24,x22	 x24:0xffffffff x22:0xffffffff  x9=0x80000000
     243845.000 ns	     24383	80005600	201c85d3	fsgnj.s	f11,f25,f1	 f25:0x00000000  f1:0x80000000 f11=0x80000000
     243865.000 ns	     24385	80005604	41c853b3	sra	x7,x16,x28	 x16:0x30400000 x28:0x800413ed  x7=0x00018200
     243885.000 ns	     24387	80005608	e0020953	fmv.x.w	x18,f4	  f4:0x30400000 x18=0x30400000
     243915.000 ns	     24390	8000560c	a1159d53	flt.s	x26,f11,f17	 f11:0x80000000 f17:0x4f000410 x26=0x00000001
     243965.000 ns	     24395	80005610	083f9253	fsub.s	f4,f31,f3	 f31:0xfffff9eb  f3:0x00000000  f4=0x7fc00000
     244005.000 ns	     24399	80005614	103b4753	fmul.s	f14,f22,f3	 f22:0x00000000  f3:0x00000000 f14=0x00000000
     244055.000 ns	     24404	80005618	09d7b953	fsub.s	f18,f15,f29	 f15:0x44eee000 f29:0x30400000 f18=0x44eee000
     244085.000 ns	     24407	8000561c	a0959653	flt.s	x12,f11,f9	 f11:0x80000000  f9:0x7fc00000 x12=0x00000000
     244105.000 ns	     24409	80005620	453f2397	auipc	x7,0x453f2	  x7=0xc53f7620
     244465.000 ns	     24445	80005624	02bff733	remu	x14,x31,x11	 x31:0x00000000 x11:0x80041024 x14=0x00000000
     244485.000 ns	     24447	80005628	003a8e33	add	x28,x21,x3	 x21:0x00440a1d  x3:0x00000000 x28=0x00440a1d
     244495.000 ns	     24448	8000562c	f4912097	auipc	x1,0xf4912	  x1=0x7491762c
     244505.000 ns	     24449	80005630	60220617	auipc	x12,0x60220	 x12=0xe0225630
     244525.000 ns	     24451	80005634	a1c4a4d3	feq.s	x9,f9,f28	  f9:0x7fc00000 f28:0xccc7d85d  x9=0x00000000
     244545.000 ns	     24453	80005638	d82b6093	ori	x1,x22,-638	 x22:0xffffffff  x1=0xffffffff
     244555.000 ns	     24454	8000563c	01e12033	slt	x0,x2,x30	  x2:0x00000000 x30:0x00000000
     244575.000 ns	     24456	80005640	d01df153	fcvt.s.wu	f2,x27	 x27:0x00000000  f2=0x00000000
     244595.000 ns	     24458	80005644	418dda13	srai	x20,x27,0x18	 x27:0x00000000 x20=0x00000000
     244605.000 ns	     24459	80005648	000300b3	add	x1,x6,x0	  x6:0x00000000  x0:0x00000000  x1=0x00000000
     244615.000 ns	     24460	8000564c	00611d13	slli	x26,x2,0x6	  x2:0x00000000 x26=0x00000000
     244625.000 ns	     24461	80005650	00801b13	slli	x22,x0,0x8	  x0:0x00000000 x22=0x00000000
     244635.000 ns	     24462	80005654	cfd006b7	lui	x13,0xcfd00	 x13=0xcfd00000
     244645.000 ns	     24463	80005658	57b17f93	andi	x31,x2,1403	  x2:0x00000000 x31=0x00000000
     244655.000 ns	     24464	8000565c	adcd3493	sltiu	x9,x26,-1316	 x26:0x00000000  x9=0x00000001
     244665.000 ns	     24465	80005660	4056da13	srai	x20,x13,0x5	 x13:0xcfd00000 x20=0xfe7e8000
     245025.000 ns	     24501	80005664	025ed6b3	divu	x13,x29,x5	 x29:0xfffffa06  x5:0x60f105b8 x13=0x00000002
     245055.000 ns	     24504	80005668	020d6d33	rem	x26,x26,x0	 x26:0x00000000  x0:0x00000000 x26=0x00000000
     245425.000 ns	     24541	8000566c	035760b3	rem	x1,x14,x21	 x14:0x00000000 x21:0x00440a1d  x1=0x00000000
     245455.000 ns	     24544	80005670	024d9533	mulh	x10,x27,x4	 x27:0x00000000  x4:0x00000000 x10=0x00000000
     245475.000 ns	     24546	80005674	17957e97	auipc	x29,0x17957	 x29=0x9795c674
     245505.000 ns	     24549	80005678	580b23d3	fsqrt.s	f7,f22	 f22:0x00000000  f7=0x00000000
     245525.000 ns	     24551	8000567c	010b93b3	sll	x7,x23,x16	 x23:0x00000001 x16:0x30400000  x7=0x00000001
     245535.000 ns	     24552	80005680	0141fbb3	and	x23,x3,x20	  x3:0x00000000 x20:0xfe7e8000 x23=0x00000000
     245555.000 ns	     24554	80005684	03b9f0b3	remu	x1,x19,x27	 x19:0x00000000 x27:0x00000000  x1=0x00000000
     245575.000 ns	     24556	80005688	00f60233	add	x4,x12,x15	 x12:0xe0225630 x15:0xf9c13d14  x4=0xd9e39344
     245585.000 ns	     24557	8000568c	ffc47d13	andi	x26,x8,-4	  x8:0x80040fe4 x26=0x80040fe4
     245605.000 ns	     24559	80005690	2121a853	fsgnjx.s	f16,f3,f18	  f3:0x00000000 f18:0x44eee000 f16=0x00000000
     245635.000 ns	     24562	80005694	03161eb3	mulh	x29,x12,x17	 x12:0xe0225630 x17:0x00014048 x29=0xffffd821
     245665.000 ns	     24565	80005698	e0089353	fclass.s	x6,f17	 f17:0x4f000410  x6=0x00000040
     245705.000 ns	     24569	8000569c	1124f753	fmul.s	f14,f9,f18	  f9:0x7fc00000 f18:0x44eee000 f14=0x7fc00000
     245725.000 ns	     24571	800056a0	405b5213	srai	x4,x22,0x5	 x22:0x00000000  x4=0x00000000
     245755.000 ns	     24574	800056a4	11bff2d3	fmul.s	f5,f31,f27	 f31:0xfffff9eb f27:0xcefff7e0  f5=0x7fc00000
     245785.000 ns	     24577	800056a8	d009f4d3	fcvt.s.w	f9,x19	 x19:0x00000000  f9=0x00000000
     245805.000 ns	     24579	800056ac	00e09913	slli	x18,x1,0xe	  x1:0x00000000 x18=0x00000000
     245815.000 ns	     24580	800056b0	35537393	andi	x7,x6,853	  x6:0x00000040  x7=0x00000040
     245825.000 ns	     24581	800056b4	b2a66e13	ori	x28,x12,-1238	 x12:0xe0225630 x28=0xffffff3a
     245835.000 ns	     24582	800056b8	00000013	addi	x0,x0,0	  x0:0x00000000
     245855.000 ns	     24584	800056bc	0370e933	rem	x18,x1,x23	  x1:0x00000000 x23:0x00000000 x18=0x00000000
     245875.000 ns	     24586	800056c0	0167c2b3	xor	x5,x15,x22	 x15:0xf9c13d14 x22:0x00000000  x5=0xf9c13d14
     245895.000 ns	     24588	800056c4	0287b6b3	mulhu	x13,x15,x8	 x15:0xf9c13d14  x8:0x80040fe4 x13=0x7ce4950f
     245925.000 ns	     24591	800056c8	2050aa53	fsgnjx.s	f20,f1,f5	  f1:0x80000000  f5:0x7fc00000 f20=0x80000000
     245975.000 ns	     24596	800056cc	014e74d3	fadd.s	f9,f28,f20	 f28:0xccc7d85d f20:0x80040a54  f9=0xccc7d85d
     245995.000 ns	     24598	800056d0	1dc14f93	xori	x31,x2,476	  x2:0x00000000 x31=0x000001dc
     246005.000 ns	     24599	800056d4	006ad513	srli	x10,x21,0x6	 x21:0x00440a1d x10=0x00011028
     246015.000 ns	     24600	800056d8	c0d56b93	ori	x23,x10,-1011	 x10:0x00000000 x23=0xfffffc2d
     246045.000 ns	     24603	800056dc	1832ca53	fdiv.s	f20,f5,f3	  f5:0x7fc00000  f3:0x00000000 f20=0x7fc00000
     246065.000 ns	     24605	800056e0	417c5f13	srai	x30,x24,0x17	 x24:0xffffffff x30=0xffffffff
     246085.000 ns	     24607	800056e4	03453bb3	mulhu	x23,x10,x20	 x10:0x00011028 x20:0xfe7e8000 x23=0x00010e8e
     246115.000 ns	     24610	800056e8	033cc133	div	x2,x25,x19	 x25:0x00000000 x19:0x00000000  x2=0xffffffff
     246155.000 ns	     24614	800056ec	11cf1a53	fmul.s	f20,f30,f28	 f30:0x00000000 f28:0xccc7d85d f20=0x80000000
     246185.000 ns	     24617	800056f0	a1db1a53	flt.s	x20,f22,f29	 f22:0x00000000 f29:0x30400000 x20=0x00000001
     246225.000 ns	     24621	800056f4	19327c53	fdiv.s	f24,f4,f19	  f4:0x7fc00000 f19:0x00000000 f24=0x7fc00000
     246245.000 ns	     24623	800056f8	013f9833	sll	x16,x31,x19	 x31:0x000001dc x19:0x00000000 x16=0x000001dc
     246275.000 ns	     24626	800056fc	580cfdd3	fsqrt.s	f27,f25	 f25:0x00000000 f27=0x00000000
     246315.000 ns	     24630	80005700	1825fa53	fdiv.s	f20,f11,f2	 f11:0x80000000  f2:0x00000000 f20=0x7fc00000
     246345.000 ns	     24633	80005704	204e26d3	fsgnjx.s	f13,f28,f4	 f28:0xccc7d85d  f4:0x7fc00000 f13=0xccc7d85d
     246375.000 ns	     24636	80005708	e00e9ad3	fclass.s	x21,f29	 f29:0x30400000 x21=0x00000040
     246395.000 ns	     24638	8000570c	01acd113	srli	x2,x25,0x1a	 x25:0x00000000  x2=0x00000000
     246435.000 ns	     24642	80005710	01eff253	fadd.s	f4,f31,f30	 f31:0xfffff9eb f30:0x00000000  f4=0x7fc00000
     246465.000 ns	     24645	80005714	a17124d3	feq.s	x9,f2,f23	  f2:0x00000000 f23:0x4f4f0c7e  x9=0x00000000
     246495.000 ns	     24648	80005718	f0070bd3	fmv.w.x	f23,x14	 x14:0x00000000 f23=0x00000000
     246515.000 ns	     24650	8000571c	41335913	srai	x18,x6,0x13	  x6:0x00000040 x18=0x00000000
     246525.000 ns	     24651	80005720	415fdb13	srai	x22,x31,0x15	 x31:0x000001dc x22=0x00000000
     246535.000 ns	     24652	80005724	96644993	xori	x19,x8,-1690	  x8:0x80040fe4 x19=0x7ffbf682
     246545.000 ns	     24653	80005728	418f5db3	sra	x27,x30,x24	 x30:0xffffffff x24:0xffffffff x27=0xffffffff
     246575.000 ns	     24656	8000572c	5809f7d3	fsqrt.s	f15,f19	 f19:0x00000000 f15=0x00000000
     246595.000 ns	     24658	80005730	01a14c33	xor	x24,x2,x26	  x2:0x00000000 x26:0x80040fe4 x24=0x80040fe4
     246605.000 ns	     24659	80005734	0187fc33	and	x24,x15,x24	 x15:0xf9c13d14 x24:0xffffffff x24=0x80000d04
     246615.000 ns	     24660	80005738	00606733	or	x14,x0,x6	  x0:0x00000000  x6:0x00000040 x14=0x00000040
     246975.000 ns	     24696	8000573c	0286fab3	remu	x21,x13,x8	 x13:0x7ce4950f  x8:0x80040fe4 x21=0x7ce4950f
     247005.000 ns	     24699	80005740	e0051953	fclass.s	x18,f10	 f10:0x00000000 x18=0x00000010
     247035.000 ns	     24702	80005744	032ba133	mulhsu	x2,x23,x18	 x23:0x00010e8e x18:0x00000000  x2=0x00000000
     247055.000 ns	     24704	80005748	40070933	sub	x18,x14,x0	 x14:0x00000040  x0:0x00000000 x18=0x00000040
     247075.000 ns	     24706	8000574c	0257b333	mulhu	x6,x15,x5	 x15:0xf9c13d14  x5:0xf9c13d14  x6=0xf3a97aae
     247095.000 ns	     24708	80005750	3425f693	andi	x13,x11,834	 x11:0x80041024 x13=0x00000000
     247115.000 ns	     24710	80005754	29418f53	fmin.s	f30,f3,f20	  f3:0x00000000 f20:0x7fc00000 f30=0x00000000
     247165.000 ns	     24715	80005758	086814d3	fsub.s	f9,f16,f6	 f16:0x00000000  f6:0x80000000  f9=0x00000000
     247185.000 ns	     24717	8000575c	003721b3	slt	x3,x14,x3	 x14:0x00000040  x3:0x00000000  x3=0x00000000
     247195.000 ns	     24718	80005760	4ac68893	addi	x17,x13,1196	 x13:0x00000000 x17=0x000004ac
     247205.000 ns	     24719	80005764	40578033	sub	x0,x15,x5	 x15:0xf9c13d14  x5:0xf9c13d14
     247225.000 ns	     24721	80005768	29d78953	fmin.s	f18,f15,f29	 f15:0x00000000 f29:0x30400000 f18=0x00000000
     247245.000 ns	     24723	8000576c	01e00933	add	x18,x0,x30	  x0:0x00000000 x30:0xffffffff x18=0xffffffff
     247265.000 ns	     24725	80005770	02ff8bb3	mul	x23,x31,x15	 x31:0x000001dc x15:0xf9c13d14 x23=0x634d9130
     247295.000 ns	     24728	80005774	29328a53	fmin.s	f20,f5,f19	  f5:0x7fc00000 f19:0x00000000 f20=0x00000000
     247315.000 ns	     24730	80005778	bd7d8e13	addi	x28,x27,-1065	 x27:0xffffffff x28=0xfffffbd6
     247335.000 ns	     24732	8000577c	204d93d3	fsgnjn.s	f7,f27,f4	 f27:0x00000000  f4:0x7fc00000  f7=0x80000000
     247375.000 ns	     24736	80005780	108c7b53	fmul.s	f22,f24,f8	 f24:0x7fc00000  f8:0x7fc00000 f22=0x7fc00000
     247395.000 ns	     24738	80005784	01e49933	sll	x18,x9,x30	  x9:0x00000000 x30:0xffffffff x18=0x00000000
     247425.000 ns	     24741	80005788	11e50c53	fmul.s	f24,f10,f30	 f10:0x00000000 f30:0x00000000 f24=0x00000000
     247465.000 ns	     24745	8000578c	18c14653	fdiv.s	f12,f2,f12	  f2:0x00000000 f12:0xcf0c7dfb f12=0x80000000
     247485.000 ns	     24747	80005790	012a90b3	sll	x1,x21,x18	 x21:0x7ce4950f x18:0x00000000  x1=0x7ce4950f
     247495.000 ns	     24748	80005794	001f5e13	srli	x28,x30,0x1	 x30:0xffffffff x28=0x7fffffff
     247505.000 ns	     24749	80005798	00000013	addi	x0,x0,0	  x0:0x00000000
     247525.000 ns	     24751	8000579c	20680a53	fsgnj.s	f20,f16,f6	 f16:0x00000000  f6:0x80000000 f20=0x80000000
     247545.000 ns	     24753	800057a0	dbb6b193	sltiu	x3,x13,-581	 x13:0x00000000  x3=0x00000001
     247565.000 ns	     24755	800057a4	f0040cd3	fmv.w.x	f25,x8	  x8:0x80040fe4 f25=0x80040fe4
     247585.000 ns	     24757	800057a8	06113a13	sltiu	x20,x2,97	  x2:0x00000000 x20=0x00000001
     247605.000 ns	     24759	800057ac	a0f011d3	flt.s	x3,f0,f15	  f0:0x8956dc35 f15:0x00000000  x3=0x00000001
     247645.000 ns	     24763	800057b0	11009753	fmul.s	f14,f1,f16	  f1:0x80000000 f16:0x00000000 f14=0x80000000
     247675.000 ns	     24766	800057b4	037d8233	mul	x4,x27,x23	 x27:0xffffffff x23:0x634d9130  x4=0x9cb26ed0
     247695.000 ns	     24768	800057b8	42774c93	xori	x25,x14,1063	 x14:0x00000040 x25=0x00000467
     247715.000 ns	     24770	800057bc	20699353	fsgnjn.s	f6,f19,f6	 f19:0x00000000  f6:0x80000000  f6=0x00000000
     248085.000 ns	     24807	800057c0	02677333	remu	x6,x14,x6	 x14:0x00000040  x6:0xf3a97aae  x6=0x00000040
     248105.000 ns	     24809	800057c4	6949f613	andi	x12,x19,1684	 x19:0x7ffbf682 x12=0x00000680
     248125.000 ns	     24811	800057c8	21c117d3	fsgnjn.s	f15,f2,f28	  f2:0x00000000 f28:0xccc7d85d f15=0x00000000
     248495.000 ns	     24848	800057cc	02ebda33	divu	x20,x23,x14	 x23:0x634d9130 x14:0x00000040 x20=0x018d3644
     248515.000 ns	     24850	800057d0	0113f833	and	x16,x7,x17	  x7:0x00000040 x17:0x000004ac x16=0x00000000
     248525.000 ns	     24851	800057d4	00981f33	sll	x30,x16,x9	 x16:0x000001dc  x9:0x00000000 x30=0x00000000
     248545.000 ns	     24853	800057d8	d00afbd3	fcvt.s.w	f23,x21	 x21:0x7ce4950f f23=0x4ef9c92a
     248575.000 ns	     24856	800057dc	202f1653	fsgnjn.s	f12,f30,f2	 f30:0x00000000  f2:0x00000000 f12=0x80000000
     248595.000 ns	     24858	800057e0	bcf64a13	xori	x20,x12,-1073	 x12:0x00000680 x20=0xfffffd4f
     248615.000 ns	     24860	800057e4	e00510d3	fclass.s	x1,f10	 f10:0x00000000  x1=0x00000010
     248635.000 ns	     24862	800057e8	007d6533	or	x10,x26,x7	 x26:0x80040fe4  x7:0x00000040 x10=0x80040fe4
     248655.000 ns	     24864	800057ec	e0079553	fclass.s	x10,f15	 f15:0x00000000 x10=0x00000010
     248675.000 ns	     24866	800057f0	00000013	addi	x0,x0,0	  x0:0x00000000
     248695.000 ns	     24868	800057f4	02b012b3	mulh	x5,x0,x11	  x0:0x00000000 x11:0x80041024  x5=0x00000000
     248725.000 ns	     24871	800057f8	03e158b3	divu	x17,x2,x30	  x2:0x00000000 x30:0x00000000 x17=0xffffffff
     248755.000 ns	     24874	800057fc	a0da01d3	fle.s	x3,f20,f13	 f20:0x80000000 f13:0xccc7d85d  x3=0x00000000
     248785.000 ns	     24877	80005800	21bd0953	fsgnj.s	f18,f26,f27	 f26:0x8956dc35 f27:0x00000000 f18=0x0956dc35
     248805.000 ns	     24879	80005804	0096ce33	xor	x28,x13,x9	 x13:0x00000000  x9:0x00000000 x28=0x00000000
     248825.000 ns	     24881	80005808	02e5a533	mulhsu	x10,x11,x14	 x11:0x80041024 x14:0x00000040 x10=0xffffffe0
     249195.000 ns	     24918	8000580c	02aa6533	rem	x10,x20,x10	 x20:0xfffffd4f x10:0x00000010 x10=0xffffffef
     249215.000 ns	     24920	80005810	00953ab3	sltu	x21,x10,x9	 x10:0xffffffe0  x9:0x00000000 x21=0x00000000
     249575.000 ns	     24956	80005814	037b5233	divu	x4,x22,x23	 x22:0x00000000 x23:0x634d9130  x4=0x00000000
     249595.000 ns	     24958	80005818	b5409cb7	lui	x25,0xb5409	 x25=0xb5409000
     249615.000 ns	     24960	8000581c	02e82ab3	mulhsu	x21,x16,x14	 x16:0x00000000 x14:0x00000040 x21=0x00000000
     249635.000 ns	     24962	80005820	014f5533	srl	x10,x30,x20	 x30:0x00000000 x20:0xfffffd4f x10=0x00000000
     249655.000 ns	     24964	80005824	28be9cd3	fmax.s	f25,f29,f11	 f29:0x30400000 f11:0x80000000 f25=0x30400000
     249685.000 ns	     24967	80005828	f00e88d3	fmv.w.x	f17,x29	 x29:0xffffd821 f17=0xffffd821
     249705.000 ns	     24969	8000582c	01341d13	slli	x26,x8,0x13	  x8:0x80040fe4 x26=0x7f200000
     249715.000 ns	     24970	80005830	40ab5a33	sra	x20,x22,x10	 x22:0x00000000 x10:0x00000000 x20=0x00000000
     249735.000 ns	     24972	80005834	c01d2a53	fcvt.wu.s	x20,f26	 f26:0x8956dc35 x20=0x00000000
     249755.000 ns	     24974	80005838	a0d08013	addi	x0,x1,-1523	  x1:0x00000010
     249795.000 ns	     24978	8000583c	087449d3	fsub.s	f19,f8,f7	  f8:0x7fc00000  f7:0x80000000 f19=0x7fc00000
     249825.000 ns	     24981	80005840	c00c32d3	fcvt.w.s	x5,f24	 f24:0x00000000  x5=0x00000000
     249865.000 ns	     24985	80005844	580a8fd3	fsqrt.s	f31,f21	 f21:0xb0400000 f31=0x7fc00000
     249895.000 ns	     24988	80005848	c00d4153	fcvt.w.s	x2,f26	 f26:0x8956dc35  x2=0x00000000
     249925.000 ns	     24991	8000584c	0203ff33	remu	x30,x7,x0	  x7:0x00000040  x0:0x00000000 x30=0x00000040
     249975.000 ns	     24996	80005850	08b7f753	fsub.s	f14,f15,f11	 f15:0x00000000 f11:0x80000000 f14=0x00000000
     250005.000 ns	     24999	80005854	a04e83d3	fle.s	x7,f29,f4	 f29:0x30400000  f4:0x7fc00000  x7=0x00000000
     250045.000 ns	     25003	80005858	1093f8d3	fmul.s	f17,f7,f9	  f7:0x80000000  f9:0x00000000 f17=0x80000000
     250085.000 ns	     25007	8000585c	580304d3	fsqrt.s	f9,f6	  f6:0x00000000  f9=0x00000000
     250115.000 ns	     25010	80005860	e0068b53	fmv.x.w	x22,f13	 f13:0xccc7d85d x22=0xccc7d85d
     250145.000 ns	     25013	80005864	02041c33	mulh	x24,x8,x0	  x8:0x80040fe4  x0:0x00000000 x24=0x00000000
     250175.000 ns	     25016	80005868	e0068053	fmv.x.w	x0,f13	 f13:0xccc7d85d
     250205.000 ns	     25019	8000586c	20d82ad3	fsgnjx.s	f21,f16,f13	 f16:0x00000000 f13:0xccc7d85d f21=0x80000000
     250225.000 ns	     25021	80005870	40495f93	srai	x31,x18,0x4	 x18:0x00000000 x31=0x00000000
     250245.000 ns	     25023	80005874	e0041cd3	fclass.s	x25,f8	  f8:0x7fc00000 x25=0x00000200
     250275.000 ns	     25026	80005878	280b0a53	fmin.s	f20,f22,f0	 f22:0x7fc00000  f0:0x8956dc35 f20=0x8956dc35
     250305.000 ns	     25029	8000587c	03ad8233	mul	x4,x27,x26	 x27:0xffffffff x26:0x7f200000  x4=0x80e00000
     250335.000 ns	     25032	80005880	c00cf6d3	fcvt.w.s	x13,f25	 f25:0x30400000 x13=0x00000000
     250705.000 ns	     25069	80005884	037d5733	divu	x14,x26,x23	 x26:0x7f200000 x23:0x634d9130 x14=0x00000001
     250745.000 ns	     25073	80005888	10d2b753	fmul.s	f14,f5,f13	  f5:0x7fc00000 f13:0xccc7d85d f14=0x7fc00000
     250775.000 ns	     25076	8000588c	2074a7d3	fsgnjx.s	f15,f9,f7	  f9:0x00000000  f7:0x80000000 f15=0x80000000
     250805.000 ns	     25079	80005890	c011c953	fcvt.wu.s	x18,f3	  f3:0x00000000 x18=0x00000000
     250825.000 ns	     25081	80005894	0f97ad93	slti	x27,x15,249	 x15:0xf9c13d14 x27=0x00000001
     250845.000 ns	     25083	80005898	02084e33	div	x28,x16,x0	 x16:0x00000000  x0:0x00000000 x28=0xffffffff
     250875.000 ns	     25086	8000589c	20b58553	fsgnj.s	f10,f11,f11	 f11:0x80000000 f11:0x80000000 f10=0x80000000
     250895.000 ns	     25088	800058a0	004890b3	sll	x1,x17,x4	 x17:0xffffffff  x4:0x80e00000  x1=0xffffffff
     250915.000 ns	     25090	800058a4	032b3333	mulhu	x6,x22,x18	 x22:0xccc7d85d x18:0x00000000  x6=0x00000000
     250935.000 ns	     25092	800058a8	11b4e393	ori	x7,x9,283	  x9:0x00000000  x7=0x0000011b
     250955.000 ns	     25094	800058ac	027b8533	mul	x10,x23,x7	 x23:0x634d9130  x7:0x00000000 x10=0xc6bf8010
     250975.000 ns	     25096	800058b0	00fd2833	slt	x16,x26,x15	 x26:0x7f200000 x15:0xf9c13d14 x16=0x00000000
     250985.000 ns	     25097	800058b4	01beb733	sltu	x14,x29,x27	 x29:0xffffd821 x27:0x00000001 x14=0x00000000
     251005.000 ns	     25099	800058b8	029af2b3	remu	x5,x21,x9	 x21:0x00000000  x9:0x00000000  x5=0x00000000
     251035.000 ns	     25102	800058bc	03564eb3	div	x29,x12,x21	 x12:0x00000680 x21:0x00000000 x29=0xffffffff
     251065.000 ns	     25105	800058c0	f0070f53	fmv.w.x	f30,x14	 x14:0x00000000 f30=0x00000000
     251115.000 ns	     25110	800058c4	094b26d3	fsub.s	f13,f22,f20	 f22:0x7fc00000 f20:0x8956dc35 f13=0x7fc00000
     251145.000 ns	     25113	800058c8	02ac11b3	mulh	x3,x24,x10	 x24:0x00000000 x10:0xc6bf8010  x3=0x00000000
     251165.000 ns	     25115	800058cc	01d67733	and	x14,x12,x29	 x12:0x00000680 x29:0xffffffff x14=0x00000680
     251185.000 ns	     25117	800058d0	a0228b53	fle.s	x22,f5,f2	  f5:0x7fc00000  f2:0x00000000 x22=0x00000000
     251215.000 ns	     25120	800058d4	c01000d3	fcvt.wu.s	x1,f0	  f0:0x8956dc35  x1=0x00000000
     251245.000 ns	     25123	800058d8	e00f8ed3	fmv.x.w	x29,f31	 f31:0x7fc00000 x29=0x7fc00000
     251275.000 ns	     25126	800058dc	21cfa5d3	fsgnjx.s	f11,f31,f28	 f31:0x7fc00000 f28:0xccc7d85d f11=0xffc00000
     251315.000 ns	     25130	800058e0	10d128d3	fmul.s	f17,f2,f13	  f2:0x00000000 f13:0x7fc00000 f17=0x7fc00000
     251335.000 ns	     25132	800058e4	3ecf72b7	lui	x5,0x3ecf7	  x5=0x3ecf7000
     251355.000 ns	     25134	800058e8	c00c48d3	fcvt.w.s	x17,f24	 f24:0x00000000 x17=0x00000000
     252535.000 ns	     25252	800058ec	580cfc53	fsqrt.s	f24,f25	 f25:0x30400000 f24=0x3787c3ac
     252905.000 ns	     25289	800058f0	03e5cdb3	div	x27,x11,x30	 x11:0x80041024 x30:0x00000040 x27=0xfe001041
     252925.000 ns	     25291	800058f4	015eb533	sltu	x10,x29,x21	 x29:0x7fc00000 x21:0x00000000 x10=0x00000000
     252935.000 ns	     25292	800058f8	41e9df33	sra	x30,x19,x30	 x19:0x7ffbf682 x30:0x00000040 x30=0x7ffbf682
     252945.000 ns	     25293	800058fc	d9254e13	xori	x28,x10,-622	 x10:0xc6bf8010 x28=0xfffffd92
     252965.000 ns	     25295	80005900	a08a91d3	flt.s	x3,f21,f8	 f21:0x80000000  f8:0x7fc00000  x3=0x00000000
     252985.000 ns	     25297	80005904	00000013	addi	x0,x0,0	  x0:0x00000000
     253025.000 ns	     25301	80005908	0039fed3	fadd.s	f29,f19,f3	 f19:0x7fc00000  f3:0x00000000 f29=0x7fc00000
     253045.000 ns	     25303	8000590c	40868a33	sub	x20,x13,x8	 x13:0x00000000  x8:0x80040fe4 x20=0x7ffbf01c
     253065.000 ns	     25305	80005910	20561ad3	fsgnjn.s	f21,f12,f5	 f12:0x80000000  f5:0x7fc00000 f21=0x80000000
     253085.000 ns	     25307	80005914	015568b3	or	x17,x10,x21	 x10:0x00000000 x21:0x00000000 x17=0x00000000
     253105.000 ns	     25309	80005918	f0028f53	fmv.w.x	f30,x5	  x5:0x3ecf7000 f30=0x3ecf7000
     253125.000 ns	     25311	8000591c	00bd9713	slli	x14,x27,0xb	 x27:0xfe001041 x14=0x00820800
     253145.000 ns	     25313	80005920	a13f09d3	fle.s	x19,f30,f19	 f30:0x3ecf7000 f19:0x7fc00000 x19=0x00000000
     253175.000 ns	     25316	80005924	20ee84d3	fsgnj.s	f9,f29,f14	 f29:0x7fc00000 f14:0x7fc00000  f9=0x7fc00000
     253215.000 ns	     25320	80005928	184b7553	fdiv.s	f10,f22,f4	 f22:0x7fc00000  f4:0x7fc00000 f10=0x7fc00000
     253245.000 ns	     25323	8000592c	d015f653	fcvt.s.wu	f12,x11	 x11:0x80041024 f12=0x4f000410
     253265.000 ns	     25325	80005930	90023b13	sltiu	x22,x4,-1792	  x4:0x80e00000 x22=0x00000001
     253275.000 ns	     25326	80005934	f26bf6b7	lui	x13,0xf26bf	 x13=0xf26bf000
     253285.000 ns	     25327	80005938	41ab5a13	srai	x20,x22,0x1a	 x22:0x00000000 x20=0x00000000
     253295.000 ns	     25328	8000593c	01cf8d33	add	x26,x31,x28	 x31:0x00000000 x28:0xfffffd92 x26=0xfffffd92
     253335.000 ns	     25332	80005940	096bf4d3	fsub.s	f9,f23,f22	 f23:0x4ef9c92a f22:0x7fc00000  f9=0x7fc00000
     253355.000 ns	     25334	80005944	ed7bb213	sltiu	x4,x23,-297	 x23:0x634d9130  x4=0x00000001
     253365.000 ns	     25335	80005948	409850b3	sra	x1,x16,x9	 x16:0x00000000  x9:0x00000000  x1=0x00000000
     253375.000 ns	     25336	8000594c	400200b3	sub	x1,x4,x0	  x4:0x80e00000  x0:0x00000000  x1=0x00000001
     253385.000 ns	     25337	80005950	01f85e13	srli	x28,x16,0x1f	 x16:0x00000000 x28=0x00000000
     253405.000 ns	     25339	80005954	a10e2853	feq.s	x16,f28,f16	 f28:0xccc7d85d f16:0x00000000 x16=0x00000000
     253425.000 ns	     25341	80005958	017d29b3	slt	x19,x26,x23	 x26:0xfffffd92 x23:0x634d9130 x19=0x00000001
     253445.000 ns	     25343	8000595c	29491253	fmax.s	f4,f18,f20	 f18:0x0956dc35 f20:0x8956dc35  f4=0x0956dc35
     253475.000 ns	     25346	80005960	e0011553	fclass.s	x10,f2	  f2:0x00000000 x10=0x00000010
     253495.000 ns	     25348	80005964	00000013	addi	x0,x0,0	  x0:0x00000000
     253515.000 ns	     25350	80005968	201fa0d3	fsgnjx.s	f1,f31,f1	 f31:0x7fc00000  f1:0x80000000  f1=0xffc00000
     253545.000 ns	     25353	8000596c	029fc6b3	div	x13,x31,x9	 x31:0x00000000  x9:0x00000000 x13=0xffffffff
     253565.000 ns	     25355	80005970	0094deb3	srl	x29,x9,x9	  x9:0x00000000  x9:0x00000000 x29=0x00000000
     253595.000 ns	     25358	80005974	111b3fd3	fmul.s	f31,f22,f17	 f22:0x7fc00000 f17:0x7fc00000 f31=0x7fc00000
     253615.000 ns	     25360	80005978	3670cc13	xori	x24,x1,871	  x1:0x00000001 x24=0x00000366
     253635.000 ns	     25362	8000597c	200e15d3	fsgnjn.s	f11,f28,f0	 f28:0xccc7d85d  f0:0x8956dc35 f11=0x4cc7d85d
     253665.000 ns	     25365	80005980	029323b3	mulhsu	x7,x6,x9	  x6:0x00000000  x9:0x00000000  x7=0x00000000
     253685.000 ns	     25367	80005984	aab2c613	xori	x12,x5,-1365	  x5:0x3ecf7000 x12=0xc1308aab
     253695.000 ns	     25368	80005988	00411313	slli	x6,x2,0x4	  x2:0x00000000  x6=0x00000000
     253705.000 ns	     25369	8000598c	857bf6b7	lui	x13,0x857bf	 x13=0x857bf000
     253715.000 ns	     25370	80005990	012430b3	sltu	x1,x8,x18	  x8:0x80040fe4 x18:0x00000000  x1=0x00000000
     253725.000 ns	     25371	80005994	00904933	xor	x18,x0,x9	  x0:0x00000000  x9:0x00000000 x18=0x00000000
     253745.000 ns	     25373	80005998	e00b9653	fclass.s	x12,f23	 f23:0x4ef9c92a x12=0x00000040
     253775.000 ns	     25376	8000599c	c01af6d3	fcvt.wu.s	x13,f21	 f21:0x80000000 x13=0x00000000
     253795.000 ns	     25378	800059a0	b60ca513	slti	x10,x25,-1184	 x25:0x00000200 x10=0x00000000
     253805.000 ns	     25379	800059a4	9543a893	slti	x17,x7,-1708	  x7:0x00000000 x17=0x00000000
     253825.000 ns	     25381	800059a8	0352fa33	remu	x20,x5,x21	  x5:0x3ecf7000 x21:0x00000000 x20=0x3ecf7000
     255005.000 ns	     25499	800059ac	58060bd3	fsqrt.s	f23,f12	 f12:0x4f000410 f23=0x46b50a40
     255035.000 ns	     25502	800059b0	203e1753	fsgnjn.s	f14,f28,f3	 f28:0xccc7d85d  f3:0x00000000 f14=0xccc7d85d
     255405.000 ns	     25539	800059b4	0385c133	div	x2,x11,x24	 x11:0x80041024 x24:0x00000366  x2=0xffda571f
     255425.000 ns	     25541	800059b8	69a20093	addi	x1,x4,1690	  x4:0x00000001  x1=0x0000069b
     255445.000 ns	     25543	800059bc	03f80db3	mul	x27,x16,x31	 x16:0x00000000 x31:0x00000000 x27=0x00000000
     255465.000 ns	     25545	800059c0	01e93033	sltu	x0,x18,x30	 x18:0x00000000 x30:0x7ffbf682
     255485.000 ns	     25547	800059c4	02d396b3	mulh	x13,x7,x13	  x7:0x00000000 x13:0x00000000 x13=0x00000000
     255515.000 ns	     25550	800059c8	d00897d3	fcvt.s.w	f15,x17	 x17:0x00000000 f15=0x00000000
     255855.000 ns	     25584	800059cc	19e07853	fdiv.s	f16,f0,f30	  f0:0x8956dc35 f30:0x3ecf7000 f16=0x8a047b5a
     255885.000 ns	     25587	800059d0	a0d00153	fle.s	x2,f0,f13	  f0:0x8956dc35 f13:0x7fc00000  x2=0x00000000
     255905.000 ns	     25589	800059d4	013431b3	sltu	x3,x8,x19	  x8:0x80040fe4 x19:0x00000001  x3=0x00000000
     255915.000 ns	     25590	800059d8	0060dd13	srli	x26,x1,0x6	  x1:0x0000069b x26=0x0000001a
     255925.000 ns	     25591	800059dc	01e1feb3	and	x29,x3,x30	  x3:0x00000000 x30:0x7ffbf682 x29=0x00000000
     255935.000 ns	     25592	800059e0	0c21aa17	auipc	x20,0xc21a	 x20=0x8c21f9e0
     255965.000 ns	     25595	800059e4	580403d3	fsqrt.s	f7,f8	  f8:0x7fc00000  f7=0x7fc00000
     255995.000 ns	     25598	800059e8	c01d04d3	fcvt.wu.s	x9,f26	 f26:0x8956dc35  x9=0x00000000
     256015.000 ns	     25600	800059ec	00000013	addi	x0,x0,0	  x0:0x00000000
     256025.000 ns	     25601	800059f0	40e10cb3	sub	x25,x2,x14	  x2:0x00000000 x14:0x00820800 x25=0xff7df800
     256035.000 ns	     25602	800059f4	0045f3b3	and	x7,x11,x4	 x11:0x80041024  x4:0x00000001  x7=0x00000000
     256045.000 ns	     25603	800059f8	c0ae2a97	auipc	x21,0xc0ae2	 x21=0x40ae79f8
     256405.000 ns	     25639	800059fc	0358cf33	div	x30,x17,x21	 x17:0x00000000 x21:0x00000000 x30=0x00000000
     256435.000 ns	     25642	80005a00	0202e4b3	rem	x9,x5,x0	  x5:0x3ecf7000  x0:0x00000000  x9=0x3ecf7000
     256465.000 ns	     25645	80005a04	218a21d3	fsgnjx.s	f3,f20,f24	 f20:0x8956dc35 f24:0x3787c3ac  f3=0x8956dc35
     256515.000 ns	     25650	80005a08	000da5d3	fadd.s	f11,f27,f0	 f27:0x00000000  f0:0x8956dc35 f11=0x8956dc35
     256545.000 ns	     25653	80005a0c	a17a1553	flt.s	x10,f20,f23	 f20:0x8956dc35 f23:0x46b50a40 x10=0x00000001
     256915.000 ns	     25690	80005a10	021becb3	rem	x25,x23,x1	 x23:0x634d9130  x1:0x0000069b x25=0x00000200
     256935.000 ns	     25692	80005a14	00bc9733	sll	x14,x25,x11	 x25:0xff7df800 x11:0x80041024 x14=0x00002000
     256945.000 ns	     25693	80005a18	ad166513	ori	x10,x12,-1327	 x12:0x00000040 x10=0xfffffad1
     256955.000 ns	     25694	80005a1c	0c687993	andi	x19,x16,198	 x16:0x00000000 x19=0x00000000
     256975.000 ns	     25696	80005a20	032a8933	mul	x18,x21,x18	 x21:0x40ae79f8 x18:0x00000000 x18=0x00000000
     257005.000 ns	     25699	80005a24	f0098553	fmv.w.x	f10,x19	 x19:0x00000001 f10=0x00000000
     257025.000 ns	     25701	80005a28	7a033717	auipc	x14,0x7a033	 x14=0xfa038a28
     257035.000 ns	     25702	80005a2c	00aa6cb3	or	x25,x20,x10	 x20:0x8c21f9e0 x10:0xfffffad1 x25=0xfffffbf1
     257055.000 ns	     25704	80005a30	a1f993d3	flt.s	x7,f19,f31	 f19:0x7fc00000 f31:0x7fc00000  x7=0x00000000
     257085.000 ns	     25707	80005a34	e00d9253	fclass.s	x4,f27	 f27:0x00000000  x4=0x00000010
     257115.000 ns	     25710	80005a38	21f79b53	fsgnjn.s	f22,f15,f31	 f15:0x00000000 f31:0x7fc00000 f22=0x80000000
     257145.000 ns	     25713	80005a3c	e00a9b53	fclass.s	x22,f21	 f21:0x80000000 x22=0x00000008
     257165.000 ns	     25715	80005a40	e8a0c113	xori	x2,x1,-374	  x1:0x0000069b  x2=0xfffff811
     257185.000 ns	     25717	80005a44	29321c53	fmax.s	f24,f4,f19	  f4:0x0956dc35 f19:0x7fc00000 f24=0x0956dc35
     257215.000 ns	     25720	80005a48	a0afa653	feq.s	x12,f31,f10	 f31:0x7fc00000 f10:0x00000000 x12=0x00000000
     257245.000 ns	     25723	80005a4c	d005f8d3	fcvt.s.w	f17,x11	 x11:0x80041024 f17=0xcefff7df
     257265.000 ns	     25725	80005a50	f790ff93	andi	x31,x1,-135	  x1:0x0000069b x31=0x00000619
     257275.000 ns	     25726	80005a54	00e0b733	sltu	x14,x1,x14	  x1:0x0000069b x14:0xfa038a28 x14=0x00000001
     257295.000 ns	     25728	80005a58	a11a2a53	feq.s	x20,f20,f17	 f20:0x8956dc35 f17:0xcefff7df x20=0x00000000
     257315.000 ns	     25730	80005a5c	41cf0cb3	sub	x25,x30,x28	 x30:0x00000000 x28:0x00000000 x25=0x00000000
     257335.000 ns	     25732	80005a60	a02da153	feq.s	x2,f27,f2	 f27:0x00000000  f2:0x00000000  x2=0x00000001
     257355.000 ns	     25734	80005a64	40895b13	srai	x22,x18,0x8	 x18:0x00000000 x22=0x00000000
     257375.000 ns	     25736	80005a68	208a9ad3	fsgnjn.s	f21,f21,f8	 f21:0x80000000  f8:0x7fc00000 f21=0x80000000
     257405.000 ns	     25739	80005a6c	e0041c53	fclass.s	x24,f8	  f8:0x7fc00000 x24=0x00000200
     257435.000 ns	     25742	80005a70	026c6233	rem	x4,x24,x6	 x24:0x00000366  x6:0x00000000  x4=0x00000200
     257455.000 ns	     25744	80005a74	0009bd33	sltu	x26,x19,x0	 x19:0x00000000  x0:0x00000000 x26=0x00000000
     257465.000 ns	     25745	80005a78	01536733	or	x14,x6,x21	  x6:0x00000000 x21:0x40ae79f8 x14=0x40ae79f8
     257495.000 ns	     25748	80005a7c	1039f253	fmul.s	f4,f19,f3	 f19:0x7fc00000  f3:0x8956dc35  f4=0x7fc00000
     257515.000 ns	     25750	80005a80	25c16e93	ori	x29,x2,604	  x2:0x00000001 x29=0x0000025d
     257535.000 ns	     25752	80005a84	d013f4d3	fcvt.s.wu	f9,x7	  x7:0x00000000  f9=0x00000000
     257555.000 ns	     25754	80005a88	0e5e0c17	auipc	x24,0xe5e0	 x24=0x8e5e5a88
     257575.000 ns	     25756	80005a8c	a11f08d3	fle.s	x17,f30,f17	 f30:0x3ecf7000 f17:0xcefff7df x17=0x00000000
     257615.000 ns	     25760	80005a90	580173d3	fsqrt.s	f7,f2	  f2:0x00000000  f7=0x00000000
     257645.000 ns	     25763	80005a94	21820353	fsgnj.s	f6,f4,f24	  f4:0x7fc00000 f24:0x0956dc35  f6=0x7fc00000
     257675.000 ns	     25766	80005a98	d01eced3	fcvt.s.wu	f29,x29	 x29:0x0000025d f29=0x44174000
     257695.000 ns	     25768	80005a9c	e6142113	slti	x2,x8,-415	  x8:0x80040fe4  x2=0x00000001
     257715.000 ns	     25770	80005aa0	f00a85d3	fmv.w.x	f11,x21	 x21:0x40ae79f8 f11=0x40ae79f8
     257745.000 ns	     25773	80005aa4	03bd6c33	rem	x24,x26,x27	 x26:0x00000000 x27:0x00000000 x24=0x00000000
     257765.000 ns	     25775	80005aa8	41665713	srai	x14,x12,0x16	 x12:0x00000000 x14=0x00000000
     257785.000 ns	     25777	80005aac	02d74633	div	x12,x14,x13	 x14:0x40ae79f8 x13:0x00000000 x12=0xffffffff
     257815.000 ns	     25780	80005ab0	0355a833	mulhsu	x16,x11,x21	 x11:0x80041024 x21:0x40ae79f8 x16=0xdfa9c9d1
     257845.000 ns	     25783	80005ab4	d01b78d3	fcvt.s.wu	f17,x22	 x22:0x00000000 f17=0x00000000
     257885.000 ns	     25787	80005ab8	108495d3	fmul.s	f11,f9,f8	  f9:0x00000000  f8:0x7fc00000 f11=0x7fc00000
     258755.000 ns	     25874	80005abc	580c7cd3	fsqrt.s	f25,f24	 f24:0x0956dc35 f25=0x2417edd8
     258795.000 ns	     25878	80005ac0	10932bd3	fmul.s	f23,f6,f9	  f6:0x7fc00000  f9:0x00000000 f23=0x7fc00000
     258825.000 ns	     25881	80005ac4	a1cea0d3	feq.s	x1,f29,f28	 f29:0x44174000 f28:0xccc7d85d  x1=0x00000000
     258855.000 ns	     25884	80005ac8	a1a99bd3	flt.s	x23,f19,f26	 f19:0x7fc00000 f26:0x8956dc35 x23=0x00000000
     258875.000 ns	     25886	80005acc	00000013	addi	x0,x0,0	  x0:0x00000000
     258885.000 ns	     25887	80005ad0	00b59c33	sll	x24,x11,x11	 x11:0x80041024 x11:0x80041024 x24=0x00410240
     258895.000 ns	     25888	80005ad4	5e20a493	slti	x9,x1,1506	  x1:0x00000000  x9=0x00000001
     258915.000 ns	     25890	80005ad8	29c001d3	fmin.s	f3,f0,f28	  f0:0x8956dc35 f28:0xccc7d85d  f3=0xccc7d85d
     258945.000 ns	     25893	80005adc	a1082bd3	feq.s	x23,f16,f16	 f16:0x8a047b5a f16:0x8a047b5a x23=0x00000001
     258965.000 ns	     25895	80005ae0	00763d33	sltu	x26,x12,x7	 x12:0xffffffff  x7:0x00000000 x26=0x00000000
     259005.000 ns	     25899	80005ae4	09770353	fsub.s	f6,f14,f23	 f14:0xccc7d85d f23:0x7fc00000  f6=0x7fc00000
     259025.000 ns	     25901	80005ae8	019d5f93	srli	x31,x26,0x19	 x26:0x00000000 x31=0x00000000
     259055.000 ns	     25904	80005aec	185c77d3	fdiv.s	f15,f24,f5	 f24:0x0956dc35  f5:0x7fc00000 f15=0x7fc00000
     259085.000 ns	     25907	80005af0	c011c253	fcvt.wu.s	x4,f3	  f3:0xccc7d85d  x4=0x063ec2e8
     259115.000 ns	     25910	80005af4	c00b4d53	fcvt.w.s	x26,f22	 f22:0x80000000 x26=0x00000000
     259135.000 ns	     25912	80005af8	01b2f933	and	x18,x5,x27	  x5:0x3ecf7000 x27:0x00000000 x18=0x00000000
     259155.000 ns	     25914	80005afc	a1df0a53	fle.s	x20,f30,f29	 f30:0x3ecf7000 f29:0x44174000 x20=0x00000001
     259175.000 ns	     25916	80005b00	bdbd2c13	slti	x24,x26,-1061	 x26:0x00000000 x24=0x00000000
     259195.000 ns	     25918	80005b04	21acac53	fsgnjx.s	f24,f25,f26	 f25:0x2417edd8 f26:0x8956dc35 f24=0xa417edd8
     259225.000 ns	     25921	80005b08	c01bbd53	fcvt.wu.s	x26,f23	 f23:0x7fc00000 x26=0xffffffff
     259255.000 ns	     25924	80005b0c	291d0fd3	fmin.s	f31,f26,f17	 f26:0x8956dc35 f17:0x00000000 f31=0x8956dc35
     259285.000 ns	     25927	80005b10	e00d9353	fclass.s	x6,f27	 f27:0x00000000  x6=0x00000010
     259305.000 ns	     25929	80005b14	00323833	sltu	x16,x4,x3	  x4:0x063ec2e8  x3:0x00000000 x16=0x00000000
     259325.000 ns	     25931	80005b18	e00996d3	fclass.s	x13,f19	 f19:0x7fc00000 x13=0x00000200
     259345.000 ns	     25933	80005b1c	40fa5f33	sra	x30,x20,x15	 x20:0x00000001 x15:0xf9c13d14 x30=0x00000000
     259355.000 ns	     25934	80005b20	01a7db93	srli	x23,x15,0x1a	 x15:0xf9c13d14 x23=0x0000003e
     259375.000 ns	     25936	80005b24	f0040553	fmv.w.x	f10,x8	  x8:0x80040fe4 f10=0x80040fe4
     259405.000 ns	     25939	80005b28	c002fe53	fcvt.w.s	x28,f5	  f5:0x7fc00000 x28=0x7fffffff
     259435.000 ns	     25942	80005b2c	2080a653	fsgnjx.s	f12,f1,f8	  f1:0xffc00000  f8:0x7fc00000 f12=0xffc00000
     259455.000 ns	     25944	80005b30	408152b3	sra	x5,x2,x8	  x2:0x00000001  x8:0x80040fe4  x5=0x00000000
     259475.000 ns	     25946	80005b34	a195acd3	feq.s	x25,f11,f25	 f11:0x7fc00000 f25:0x2417edd8 x25=0x00000000
     259505.000 ns	     25949	80005b38	e00102d3	fmv.x.w	x5,f2	  f2:0x00000000  x5=0x00000000
     259525.000 ns	     25951	80005b3c	01380733	add	x14,x16,x19	 x16:0x00000000 x19:0x00000000 x14=0x00000000
     259535.000 ns	     25952	80005b40	01a839b3	sltu	x19,x16,x26	 x16:0x00000000 x26:0xffffffff x19=0x00000001
     259545.000 ns	     25953	80005b44	01348b33	add	x22,x9,x19	  x9:0x00000001 x19:0x00000000 x22=0x00000002
     259555.000 ns	     25954	80005b48	417eddb3	sra	x27,x29,x23	 x29:0x0000025d x23:0x0000003e x27=0x00000000
     259575.000 ns	     25956	80005b4c	03b11f33	mulh	x30,x2,x27	  x2:0x00000001 x27:0x00000000 x30=0x00000000
     259605.000 ns	     25959	80005b50	020b0533	mul	x10,x22,x0	 x22:0x00000002  x0:0x00000000 x10=0x00000000
     259625.000 ns	     25961	80005b54	4107d713	srai	x14,x15,0x10	 x15:0xf9c13d14 x14=0xfffff9c1
     259645.000 ns	     25963	80005b58	0279f633	remu	x12,x19,x7	 x19:0x00000001  x7:0x00000000 x12=0x00000001
     259675.000 ns	     25966	80005b5c	289a0d53	fmin.s	f26,f20,f9	 f20:0x8956dc35  f9:0x00000000 f26=0x8956dc35
     259705.000 ns	     25969	80005b60	20072353	fsgnjx.s	f6,f14,f0	 f14:0xccc7d85d  f0:0x8956dc35  f6=0x4cc7d85d
     259725.000 ns	     25971	80005b64	00ee7db3	and	x27,x28,x14	 x28:0x7fffffff x14:0xfffff9c1 x27=0x7ffff9c1
     259745.000 ns	     25973	80005b68	03ad3bb3	mulhu	x23,x26,x26	 x26:0xffffffff x26:0xffffffff x23=0xfffffffe
     259765.000 ns	     25975	80005b6c	40a9d893	srai	x17,x19,0xa	 x19:0x00000001 x17=0x00000000
     259775.000 ns	     25976	80005b70	00989693	slli	x13,x17,0x9	 x17:0x00000000 x13=0x00000000
     259795.000 ns	     25978	80005b74	021352b3	divu	x5,x6,x1	  x6:0x00000010  x1:0x00000000  x5=0xffffffff
     259815.000 ns	     25980	80005b78	3eeec193	xori	x3,x29,1006	 x29:0x0000025d  x3=0x000001b3
     259825.000 ns	     25981	80005b7c	8fcebf13	sltiu	x30,x29,-1796	 x29:0x0000025d x30=0x00000001
     259835.000 ns	     25982	80005b80	01e8eeb3	or	x29,x17,x30	 x17:0x00000000 x30:0x00000000 x29=0x00000001
     259855.000 ns	     25984	80005b84	029f0133	mul	x2,x30,x9	 x30:0x00000000  x9:0x00000001  x2=0x00000001
     259875.000 ns	     25986	80005b88	00c74333	xor	x6,x14,x12	 x14:0xfffff9c1 x12:0x00000001  x6=0xfffff9c0
     259885.000 ns	     25987	80005b8c	93a4a993	slti	x19,x9,-1734	  x9:0x00000001 x19=0x00000000
     259895.000 ns	     25988	80005b90	00fb9b93	slli	x23,x23,0xf	 x23:0xfffffffe x23=0xffff0000
     259905.000 ns	     25989	80005b94	01148533	add	x10,x9,x17	  x9:0x00000001 x17:0x00000000 x10=0x00000001
     259915.000 ns	     25990	80005b98	403e5db3	sra	x27,x28,x3	 x28:0x7fffffff  x3:0x000001b3 x27=0x00000fff
     259935.000 ns	     25992	80005b9c	025eaab3	mulhsu	x21,x29,x5	 x29:0x00000001  x5:0xffffffff x21=0x00000000
     259955.000 ns	     25994	80005ba0	01a15033	srl	x0,x2,x26	  x2:0x00000001 x26:0xffffffff
     259965.000 ns	     25995	80005ba4	00781f13	slli	x30,x16,0x7	 x16:0x00000000 x30=0x00000000
     259975.000 ns	     25996	80005ba8	0084c933	xor	x18,x9,x8	  x9:0x00000001  x8:0x80040fe4 x18=0x80040fe5
     259995.000 ns	     25998	80005bac	020f5c33	divu	x24,x30,x0	 x30:0x00000001  x0:0x00000000 x24=0xffffffff
     260015.000 ns	     26000	80005bb0	408b5e93	srai	x29,x22,0x8	 x22:0x00000002 x29=0x00000000
     260055.000 ns	     26004	80005bb4	09407953	fsub.s	f18,f0,f20	  f0:0x8956dc35 f20:0x8956dc35 f18=0x00000000
     260075.000 ns	     26006	80005bb8	003a32b3	sltu	x5,x20,x3	 x20:0x00000001  x3:0x000001b3  x5=0x00000001
     260115.000 ns	     26010	80005bbc	001e4bd3	fadd.s	f23,f28,f1	 f28:0xccc7d85d  f1:0xffc00000 f23=0x7fc00000
     260135.000 ns	     26012	80005bc0	a2807a93	andi	x21,x0,-1496	  x0:0x00000000 x21=0x00000000
     260155.000 ns	     26014	80005bc4	20951953	fsgnjn.s	f18,f10,f9	 f10:0x80040fe4  f9:0x00000000 f18=0x80040fe4
     260185.000 ns	     26017	80005bc8	21519853	fsgnjn.s	f16,f3,f21	  f3:0xccc7d85d f21:0x80000000 f16=0x4cc7d85d
     260225.000 ns	     26021	80005bcc	19527ad3	fdiv.s	f21,f4,f21	  f4:0x7fc00000 f21:0x80000000 f21=0x7fc00000
     260255.000 ns	     26024	80005bd0	21ba0153	fsgnj.s	f2,f20,f27	 f20:0x8956dc35 f27:0x00000000  f2=0x0956dc35
     260275.000 ns	     26026	80005bd4	413d82b3	sub	x5,x27,x19	 x27:0x00000fff x19:0x00000000  x5=0x00000fff
     260295.000 ns	     26028	80005bd8	d018bbd3	fcvt.s.wu	f23,x17	 x17:0x00000000 f23=0x00000000
     260325.000 ns	     26031	80005bdc	a00ea0d3	feq.s	x1,f29,f0	 f29:0x44174000  f0:0x8956dc35  x1=0x00000000
     260355.000 ns	     26034	80005be0	02259db3	mulh	x27,x11,x2	 x11:0x80041024  x2:0x00000001 x27=0xffffffff
     260725.000 ns	     26071	80005be4	0348df33	divu	x30,x17,x20	 x17:0x00000000 x20:0x00000001 x30=0x00000000
     260765.000 ns	     26075	80005be8	1889f653	fdiv.s	f12,f19,f8	 f19:0x7fc00000  f8:0x7fc00000 f12=0x7fc00000
     260795.000 ns	     26078	80005bec	299991d3	fmax.s	f3,f19,f25	 f19:0x7fc00000 f25:0x2417edd8  f3=0x2417edd8
     260815.000 ns	     26080	80005bf0	00000013	addi	x0,x0,0	  x0:0x00000000
     260835.000 ns	     26082	80005bf4	21400153	fsgnj.s	f2,f0,f20	  f0:0x8956dc35 f20:0x8956dc35  f2=0x8956dc35
     260855.000 ns	     26084	80005bf8	01b87a33	and	x20,x16,x27	 x16:0x00000000 x27:0xffffffff x20=0x00000000
     260875.000 ns	     26086	80005bfc	f0068353	fmv.w.x	f6,x13	 x13:0x00000000  f6=0x00000000
     260895.000 ns	     26088	80005c00	01161e33	sll	x28,x12,x17	 x12:0x00000001 x17:0x00000000 x28=0x00000001
     260915.000 ns	     26090	80005c04	21cb9353	fsgnjn.s	f6,f23,f28	 f23:0x00000000 f28:0xccc7d85d  f6=0x00000000
     261285.000 ns	     26127	80005c08	03bc74b3	remu	x9,x24,x27	 x24:0xffffffff x27:0xffffffff  x9=0x00000000
     261315.000 ns	     26130	80005c0c	e00486d3	fmv.x.w	x13,f9	  f9:0x00000000 x13=0x00000000
     261355.000 ns	     26134	80005c10	190679d3	fdiv.s	f19,f12,f16	 f12:0x7fc00000 f16:0x4cc7d85d f19=0x7fc00000
     261375.000 ns	     26136	80005c14	00865693	srli	x13,x12,0x8	 x12:0x00000001 x13=0x00000000
     261395.000 ns	     26138	80005c18	03e5fb33	remu	x22,x11,x30	 x11:0x80041024 x30:0x00000000 x22=0x80041024
     261425.000 ns	     26141	80005c1c	e00904d3	fmv.x.w	x9,f18	 f18:0x80040fe4  x9=0x80040fe4
     261445.000 ns	     26143	80005c20	f471c813	xori	x16,x3,-185	  x3:0x000001b3 x16=0xfffffef4
     261465.000 ns	     26145	80005c24	023c2833	mulhsu	x16,x24,x3	 x24:0xffffffff  x3:0x000001b3 x16=0xffffffff
     261485.000 ns	     26147	80005c28	00bd0d33	add	x26,x26,x11	 x26:0xffffffff x11:0x80041024 x26=0x80041023
     261495.000 ns	     26148	80005c2c	4071ddb3	sra	x27,x3,x7	  x3:0x000001b3  x7:0x00000000 x27=0x000001b3
     261505.000 ns	     26149	80005c30	414e5633	sra	x12,x28,x20	 x28:0x00000001 x20:0x00000000 x12=0x00000001
     261525.000 ns	     26151	80005c34	21848dd3	fsgnj.s	f27,f9,f24	  f9:0x00000000 f24:0xa417edd8 f27=0x80000000
     261555.000 ns	     26154	80005c38	f00e88d3	fmv.w.x	f17,x29	 x29:0x00000000 f17=0x00000000
     261925.000 ns	     26191	80005c3c	03204933	div	x18,x0,x18	  x0:0x00000000 x18:0x80040fe5 x18=0x00000000
     261955.000 ns	     26194	80005c40	0200d9b3	divu	x19,x1,x0	  x1:0x00000000  x0:0x00000000 x19=0xffffffff
     261985.000 ns	     26197	80005c44	d00c7553	fcvt.s.w	f10,x24	 x24:0xffffffff f10=0xbf800000
     262015.000 ns	     26200	80005c48	206d0dd3	fsgnj.s	f27,f26,f6	 f26:0x8956dc35  f6:0x00000000 f27=0x0956dc35
     262045.000 ns	     26203	80005c4c	02bb2133	mulhsu	x2,x22,x11	 x22:0x80041024 x11:0x80041024  x2=0xc0000010
     262065.000 ns	     26205	80005c50	52403093	sltiu	x1,x0,1316	  x0:0x00000000  x1=0x00000001
     262085.000 ns	     26207	80005c54	d01affd3	fcvt.s.wu	f31,x21	 x21:0x00000000 f31=0x00000000
     262105.000 ns	     26209	80005c58	7c4b6c13	ori	x24,x22,1988	 x22:0x80041024 x24=0x800417e4
     262125.000 ns	     26211	80005c5c	02662833	mulhsu	x16,x12,x6	 x12:0x00000001  x6:0xfffff9c0 x16=0x00000000
     262145.000 ns	     26213	80005c60	00055ab3	srl	x21,x10,x0	 x10:0x00000001  x0:0x00000000 x21=0x00000001
     262165.000 ns	     26215	80005c64	a14c0d53	fle.s	x26,f24,f20	 f24:0xa417edd8 f20:0x8956dc35 x26=0x00000001
     262185.000 ns	     26217	80005c68	002dc0b3	xor	x1,x27,x2	 x27:0x000001b3  x2:0xc0000010  x1=0xc00001a3
     262205.000 ns	     26219	80005c6c	d0077d53	fcvt.s.w	f26,x14	 x14:0xfffff9c1 f26=0xc4c7e000
     262235.000 ns	     26222	80005c70	0312fb33	remu	x22,x5,x17	  x5:0x00000fff x17:0x00000000 x22=0x00000fff
     262605.000 ns	     26259	80005c74	02437bb3	remu	x23,x6,x4	  x6:0xfffff9c0  x4:0x063ec2e8 x23=0x06318580
     262645.000 ns	     26263	80005c78	19cb20d3	fdiv.s	f1,f22,f28	 f22:0x80000000 f28:0xccc7d85d  f1=0x00000000
     262675.000 ns	     26266	80005c7c	28038e53	fmin.s	f28,f7,f0	  f7:0x00000000  f0:0x8956dc35 f28=0x8956dc35
     262695.000 ns	     26268	80005c80	416f5fb3	sra	x31,x30,x22	 x30:0x00000000 x22:0x00000fff x31=0x00000000
     262705.000 ns	     26269	80005c84	41090db3	sub	x27,x18,x16	 x18:0x00000000 x16:0x00000000 x27=0x00000000
     262715.000 ns	     26270	80005c88	00000013	addi	x0,x0,0	  x0:0x00000000
     262755.000 ns	     26274	80005c8c	099e77d3	fsub.s	f15,f28,f25	 f28:0x8956dc35 f25:0x2417edd8 f15=0xa417edd8
     262785.000 ns	     26277	80005c90	a0721a53	flt.s	x20,f4,f7	  f4:0x7fc00000  f7:0x00000000 x20=0x00000000
     262815.000 ns	     26280	80005c94	209715d3	fsgnjn.s	f11,f14,f9	 f14:0xccc7d85d  f9:0x00000000 f11=0xccc7d85d
     262835.000 ns	     26282	80005c98	00de9a93	slli	x21,x29,0xd	 x29:0x00000000 x21=0x00000000
     262865.000 ns	     26285	80005c9c	10baf6d3	fmul.s	f13,f21,f11	 f21:0x7fc00000 f11:0xccc7d85d f13=0x7fc00000
     262885.000 ns	     26287	80005ca0	01109a93	slli	x21,x1,0x11	  x1:0xc00001a3 x21=0x03460000
     262905.000 ns	     26289	80005ca4	a13eae53	feq.s	x28,f29,f19	 f29:0x44174000 f19:0x7fc00000 x28=0x00000000
     262925.000 ns	     26291	80005ca8	71c9af93	slti	x31,x19,1820	 x19:0xffffffff x31=0x00000001
     262945.000 ns	     26293	80005cac	d010f253	fcvt.s.wu	f4,x1	  x1:0xc00001a3  f4=0x4f400001
     262965.000 ns	     26295	80005cb0	f59616b7	lui	x13,0xf5961	 x13=0xf5961000
     262985.000 ns	     26297	80005cb4	e0051bd3	fclass.s	x23,f10	 f10:0xbf800000 x23=0x00000002
     263005.000 ns	     26299	80005cb8	00bf9a33	sll	x20,x31,x11	 x31:0x00000001 x11:0x80041024 x20=0x00000010
     263025.000 ns	     26301	80005cbc	0329e733	rem	x14,x19,x18	 x19:0xffffffff x18:0x00000000 x14=0xffffffff
     264205.000 ns	     26419	80005cc0	580272d3	fsqrt.s	f5,f4	  f4:0x4f400001  f5=0x4707c3ad
     264225.000 ns	     26421	80005cc4	4027d493	srai	x9,x15,0x2	 x15:0xf9c13d14  x9=0xfe704f45
     264235.000 ns	     26422	80005cc8	01da8533	add	x10,x21,x29	 x21:0x03460000 x29:0x00000000 x10=0x03460000
     264255.000 ns	     26424	80005ccc	e00d1b53	fclass.s	x22,f26	 f26:0xc4c7e000 x22=0x00000002
     264275.000 ns	     26426	80005cd0	006a9993	slli	x19,x21,0x6	 x21:0x03460000 x19=0xd1800000
     264295.000 ns	     26428	80005cd4	03b19133	mulh	x2,x3,x27	  x3:0x000001b3 x27:0x00000000  x2=0x00000000
     264315.000 ns	     26430	80005cd8	40510733	sub	x14,x2,x5	  x2:0xc0000010  x5:0x00000fff x14=0xfffff001
     264325.000 ns	     26431	80005cdc	000d3733	sltu	x14,x26,x0	 x26:0x00000001  x0:0x00000000 x14=0x00000000
     264685.000 ns	     26467	80005ce0	03aad833	divu	x16,x21,x26	 x21:0x03460000 x26:0x00000001 x16=0x03460000
     264705.000 ns	     26469	80005ce4	007bdf33	srl	x30,x23,x7	 x23:0x00000002  x7:0x00000000 x30=0x00000002
     264715.000 ns	     26470	80005ce8	01355f13	srli	x30,x10,0x13	 x10:0x03460000 x30=0x00000068
     264725.000 ns	     26471	80005cec	d2c1f213	andi	x4,x3,-724	  x3:0x000001b3  x4=0x00000120
     264745.000 ns	     26473	80005cf0	037831b3	mulhu	x3,x16,x23	 x16:0x03460000 x23:0x00000002  x3=0x00000000
     264775.000 ns	     26476	80005cf4	e0060cd3	fmv.x.w	x25,f12	 f12:0x7fc00000 x25=0x7fc00000
     264805.000 ns	     26479	80005cf8	c018f653	fcvt.wu.s	x12,f17	 f17:0x00000000 x12=0x00000000
     264835.000 ns	     26482	80005cfc	29c496d3	fmax.s	f13,f9,f28	  f9:0x00000000 f28:0x8956dc35 f13=0x00000000
     264865.000 ns	     26485	80005d00	c00d9853	fcvt.w.s	x16,f27	 f27:0x0956dc35 x16=0x00000000
     264895.000 ns	     26488	80005d04	d0133a53	fcvt.s.wu	f20,x6	  x6:0xfffff9c0 f20=0x4f7ffffa
     264915.000 ns	     26490	80005d08	00ae1393	slli	x7,x28,0xa	 x28:0x00000000  x7=0x00000000
     266085.000 ns	     26607	80005d0c	58020e53	fsqrt.s	f28,f4	  f4:0x4f400001 f28=0x4707c3ad
     266105.000 ns	     26609	80005d10	4090d493	srai	x9,x1,0x9	  x1:0xc00001a3  x9=0xffe00000
     266125.000 ns	     26611	80005d14	20d28fd3	fsgnj.s	f31,f5,f13	  f5:0x4707c3ad f13:0x00000000 f31=0x4707c3ad
     266165.000 ns	     26615	80005d18	10abba53	fmul.s	f20,f23,f10	 f23:0x00000000 f10:0xbf800000 f20=0x80000000
     266185.000 ns	     26617	80005d1c	00000013	addi	x0,x0,0	  x0:0x00000000
     266195.000 ns	     26618	80005d20	00000013	addi	x0,x0,0	  x0:0x00000000
     266205.000 ns	     26619	80005d24	c4683813	sltiu	x16,x16,-954	 x16:0x00000000 x16=0x00000001
     266215.000 ns	     26620	80005d28	01f583b3	add	x7,x11,x31	 x11:0x80041024 x31:0x00000001  x7=0x80041025
     266225.000 ns	     26621	80005d2c	b5ec6013	ori	x0,x24,-1186	 x24:0x800417e4
     266235.000 ns	     26622	80005d30	01a583b3	add	x7,x11,x26	 x11:0x80041024 x26:0x00000001  x7=0x80041025
     266255.000 ns	     26624	80005d34	e00408d3	fmv.x.w	x17,f8	  f8:0x7fc00000 x17=0x7fc00000
     266275.000 ns	     26626	80005d38	0ae49697	auipc	x13,0xae49	 x13=0x8ae4ed38
     266285.000 ns	     26627	80005d3c	0171bcb3	sltu	x25,x3,x23	  x3:0x00000000 x23:0x00000002 x25=0x00000001
     266305.000 ns	     26629	80005d40	f00a0253	fmv.w.x	f4,x20	 x20:0x00000010  f4=0x00000010
     266335.000 ns	     26632	80005d44	025b2e33	mulhsu	x28,x22,x5	 x22:0x00000002  x5:0x00000fff x28=0x00000000
     266355.000 ns	     26634	80005d48	4091d513	srai	x10,x3,0x9	  x3:0x00000000 x10=0x00000000
     266375.000 ns	     26636	80005d4c	29d41653	fmax.s	f12,f8,f29	  f8:0x7fc00000 f29:0x44174000 f12=0x44174000
     266405.000 ns	     26639	80005d50	20011dd3	fsgnjn.s	f27,f2,f0	  f2:0x8956dc35  f0:0x8956dc35 f27=0x0956dc35
     266425.000 ns	     26641	80005d54	0139beb3	sltu	x29,x19,x19	 x19:0xd1800000 x19:0xd1800000 x29=0x00000000
     266435.000 ns	     26642	80005d58	b0c10b17	auipc	x22,0xb0c10	 x22=0x30c15d58
     266445.000 ns	     26643	80005d5c	cdbc8e93	addi	x29,x25,-805	 x25:0x00000001 x29=0xfffffcdc
     266465.000 ns	     26645	80005d60	021630b3	mulhu	x1,x12,x1	 x12:0x00000000  x1:0xc00001a3  x1=0x00000000
     266505.000 ns	     26649	80005d64	19e470d3	fdiv.s	f1,f8,f30	  f8:0x7fc00000 f30:0x3ecf7000  f1=0x7fc00000
     266545.000 ns	     26653	80005d68	580c7fd3	fsqrt.s	f31,f24	 f24:0xa417edd8 f31=0x7fc00000
     266595.000 ns	     26658	80005d6c	014e18d3	fadd.s	f17,f28,f20	 f28:0x4707c3ad f20:0x80000000 f17=0x4707c3ad
     266625.000 ns	     26661	80005d70	02c0cf33	div	x30,x1,x12	  x1:0x00000000 x12:0x00000000 x30=0xffffffff
     266645.000 ns	     26663	80005d74	339be813	ori	x16,x23,825	 x23:0x00000002 x16=0x0000033b
     266655.000 ns	     26664	80005d78	b5419e97	auipc	x29,0xb5419	 x29=0x3541ed78
     267015.000 ns	     26700	80005d7c	03fb4f33	div	x30,x22,x31	 x22:0x30c15d58 x31:0x00000001 x30=0x30c15d58
     267045.000 ns	     26703	80005d80	03422033	mulhsu	x0,x4,x20	  x4:0x00000120 x20:0x00000010
     267075.000 ns	     26706	80005d84	a1511e53	flt.s	x28,f2,f21	  f2:0x8956dc35 f21:0x7fc00000 x28=0x00000000
     267095.000 ns	     26708	80005d88	6178fa93	andi	x21,x17,1559	 x17:0x7fc00000 x21=0x00000000
     267455.000 ns	     26744	80005d8c	03e3e6b3	rem	x13,x7,x30	  x7:0x80041025 x30:0x30c15d58 x13=0xe186cad5
     267475.000 ns	     26746	80005d90	012ed693	srli	x13,x29,0x12	 x29:0x3541ed78 x13=0x00000d50
     267485.000 ns	     26747	80005d94	79e878b7	lui	x17,0x79e87	 x17=0x79e87000
     267505.000 ns	     26749	80005d98	29fc8a53	fmin.s	f20,f25,f31	 f25:0x2417edd8 f31:0x7fc00000 f20=0x2417edd8
     267545.000 ns	     26753	80005d9c	19d0fc53	fdiv.s	f24,f1,f29	  f1:0x7fc00000 f29:0x44174000 f24=0x7fc00000
     267575.000 ns	     26756	80005da0	e00e90d3	fclass.s	x1,f29	 f29:0x44174000  x1=0x00000040
     267595.000 ns	     26758	80005da4	d29e8113	addi	x2,x29,-727	 x29:0x3541ed78  x2=0x3541eaa1
     267615.000 ns	     26760	80005da8	29f78ad3	fmin.s	f21,f15,f31	 f15:0xa417edd8 f31:0x7fc00000 f21=0xa417edd8
     267665.000 ns	     26765	80005dac	01679d53	fadd.s	f26,f15,f22	 f15:0xa417edd8 f22:0x80000000 f26=0xa417edd8
     268035.000 ns	     26802	80005db0	022afe33	remu	x28,x21,x2	 x21:0x00000000  x2:0x3541eaa1 x28=0x00000000
     268055.000 ns	     26804	80005db4	018ffb33	and	x22,x31,x24	 x31:0x00000001 x24:0x800417e4 x22=0x00000000
     268075.000 ns	     26806	80005db8	d006f8d3	fcvt.s.w	f17,x13	 x13:0x00000d50 f17=0x45550000
     268105.000 ns	     26809	80005dbc	f00307d3	fmv.w.x	f15,x6	  x6:0xfffff9c0 f15=0xfffff9c0
     268135.000 ns	     26812	80005dc0	03171033	mulh	x0,x14,x17	 x14:0x00000000 x17:0x79e87000
     268175.000 ns	     26816	80005dc4	5804fd53	fsqrt.s	f26,f9	  f9:0x00000000 f26=0x00000000
     268195.000 ns	     26818	80005dc8	00dbd0b3	srl	x1,x23,x13	 x23:0x00000002 x13:0x00000d50  x1=0x00000000
     268205.000 ns	     26819	80005dcc	40e2d713	srai	x14,x5,0xe	  x5:0x00000fff x14=0x00000000
     268225.000 ns	     26821	80005dd0	02c8d1b3	divu	x3,x17,x12	 x17:0x79e87000 x12:0x00000000  x3=0xffffffff
     268255.000 ns	     26824	80005dd4	030b3db3	mulhu	x27,x22,x16	 x22:0x00000000 x16:0x0000033b x27=0x00000000
     268285.000 ns	     26827	80005dd8	03fc9533	mulh	x10,x25,x31	 x25:0x00000001 x31:0x00000001 x10=0x00000000
     268335.000 ns	     26832	80005ddc	097f7753	fsub.s	f14,f30,f23	 f30:0x3ecf7000 f23:0x00000000 f14=0x3ecf7000
     268375.000 ns	     26836	80005de0	101d3fd3	fmul.s	f31,f26,f1	 f26:0x00000000  f1:0x7fc00000 f31=0x7fc00000
     268395.000 ns	     26838	80005de4	24c04f13	xori	x30,x0,588	  x0:0x00000000 x30=0x0000024c
     268755.000 ns	     26874	80005de8	03984833	div	x16,x16,x25	 x16:0x0000033b x25:0x00000001 x16=0x0000033b
     268785.000 ns	     26877	80005dec	a0f488d3	fle.s	x17,f9,f15	  f9:0x00000000 f15:0xfffff9c0 x17=0x00000000
     269155.000 ns	     26914	80005df0	02fce733	rem	x14,x25,x15	 x25:0x00000001 x15:0xf9c13d14 x14=0x00000001
     269175.000 ns	     26916	80005df4	b401bb93	sltiu	x23,x3,-1216	  x3:0xffffffff x23=0x00000000
     269195.000 ns	     26918	80005df8	e00c8ed3	fmv.x.w	x29,f25	 f25:0x2417edd8 x29=0x2417edd8
     269215.000 ns	     26920	80005dfc	b499b113	sltiu	x2,x19,-1207	 x19:0xd1800000  x2=0x00000001
     269225.000 ns	     26921	80005e00	0026e6b3	or	x13,x13,x2	 x13:0x00000d50  x2:0x3541eaa1 x13=0x00000d51
     269235.000 ns	     26922	80005e04	24ca6293	ori	x5,x20,588	 x20:0x00000010  x5=0x0000025c
     269245.000 ns	     26923	80005e08	01e79113	slli	x2,x15,0x1e	 x15:0xf9c13d14  x2=0x00000000
     269255.000 ns	     26924	80005e0c	01cd91b3	sll	x3,x27,x28	 x27:0x00000000 x28:0x00000000  x3=0x00000000
     269265.000 ns	     26925	80005e10	00828233	add	x4,x5,x8	  x5:0x0000025c  x8:0x80040fe4  x4=0x80041240
     269295.000 ns	     26928	80005e14	103a03d3	fmul.s	f7,f20,f3	 f20:0x2417edd8  f3:0x2417edd8  f7=0x08b454e4
     269325.000 ns	     26931	80005e18	d00433d3	fcvt.s.w	f7,x8	  x8:0x80040fe4  f7=0xcefff7e1
     269355.000 ns	     26934	80005e1c	c00eb653	fcvt.w.s	x12,f29	 f29:0x44174000 x12=0x0000025d
     269375.000 ns	     26936	80005e20	4061de33	sra	x28,x3,x6	  x3:0x00000000  x6:0xfffff9c0 x28=0x00000000
     269385.000 ns	     26937	80005e24	01458c33	add	x24,x11,x20	 x11:0x80041024 x20:0x00000010 x24=0x80041034
     269395.000 ns	     26938	80005e28	0169fc33	and	x24,x19,x22	 x19:0xd1800000 x22:0x00000000 x24=0x00000000
     269405.000 ns	     26939	80005e2c	c1364513	xori	x10,x12,-1005	 x12:0x0000025d x10=0xfffffe4e
     269415.000 ns	     26940	80005e30	00721c33	sll	x24,x4,x7	  x4:0x80041240  x7:0x80041025 x24=0x00824800
     269435.000 ns	     26942	80005e34	0230e9b3	rem	x19,x1,x3	  x1:0x00000000  x3:0x00000000 x19=0x00000000
     269805.000 ns	     26979	80005e38	039dee33	rem	x28,x27,x25	 x27:0x00000000 x25:0x00000001 x28=0x00000000
     269835.000 ns	     26982	80005e3c	f0010253	fmv.w.x	f4,x2	  x2:0x00000000  f4=0x00000000
     269885.000 ns	     26987	80005e40	09202653	fsub.s	f12,f0,f18	  f0:0x8956dc35 f18:0x80040fe4 f12=0x8956dc34
     270255.000 ns	     27024	80005e44	02e26db3	rem	x27,x4,x14	  x4:0x80041240 x14:0x00000001 x27=0x00000000
     270275.000 ns	     27026	80005e48	40325e13	srai	x28,x4,0x3	  x4:0x80041240 x28=0xf0008248
     270295.000 ns	     27028	80005e4c	028c16b3	mulh	x13,x24,x8	 x24:0x00824800  x8:0x80040fe4 x13=0xffbede11
     270315.000 ns	     27030	80005e50	01e089b3	add	x19,x1,x30	  x1:0x00000000 x30:0x0000024c x19=0x0000024c
     270335.000 ns	     27032	80005e54	e00c8753	fmv.x.w	x14,f25	 f25:0x2417edd8 x14=0x2417edd8
     270365.000 ns	     27035	80005e58	02600cb3	mul	x25,x0,x6	  x0:0x00000000  x6:0xfffff9c0 x25=0x00000000
     270395.000 ns	     27038	80005e5c	d00fff53	fcvt.s.w	f30,x31	 x31:0x00000001 f30=0x3f800000
     270415.000 ns	     27040	80005e60	f8326c13	ori	x24,x4,-125	  x4:0x80041240 x24=0xffffffc3
     270435.000 ns	     27042	80005e64	281b0653	fmin.s	f12,f22,f1	 f22:0x80000000  f1:0x7fc00000 f12=0x80000000
     270465.000 ns	     27045	80005e68	289b06d3	fmin.s	f13,f22,f9	 f22:0x80000000  f9:0x00000000 f13=0x80000000
     270485.000 ns	     27047	80005e6c	40f552b3	sra	x5,x10,x15	 x10:0xfffffe4e x15:0xf9c13d14  x5=0xffffffff
     270495.000 ns	     27048	80005e70	012ea333	slt	x6,x29,x18	 x29:0x2417edd8 x18:0x00000000  x6=0x00000000
     270525.000 ns	     27051	80005e74	199c0653	fdiv.s	f12,f24,f25	 f24:0x7fc00000 f25:0x2417edd8 f12=0x7fc00000
     270565.000 ns	     27055	80005e78	19a678d3	fdiv.s	f17,f12,f26	 f12:0x80000000 f26:0x00000000 f17=0x7fc00000
     270595.000 ns	     27058	80005e7c	03b7deb3	divu	x29,x15,x27	 x15:0xf9c13d14 x27:0x00000000 x29=0xffffffff
     270615.000 ns	     27060	80005e80	108de013	ori	x0,x27,264	 x27:0x00000000
     270655.000 ns	     27064	80005e84	09877653	fsub.s	f12,f14,f24	 f14:0x3ecf7000 f24:0x7fc00000 f12=0x7fc00000
     271025.000 ns	     27101	80005e88	02784e33	div	x28,x16,x7	 x16:0x0000033b  x7:0x80041025 x28=0x00000000
     271055.000 ns	     27104	80005e8c	a18381d3	fle.s	x3,f7,f24	  f7:0xcefff7e1 f24:0x7fc00000  x3=0x00000000
     271075.000 ns	     27106	80005e90	00777e33	and	x28,x14,x7	 x14:0x2417edd8  x7:0x80041025 x28=0x00040000
     271095.000 ns	     27108	80005e94	d000a453	fcvt.s.w	f8,x1	  x1:0x00000000  f8=0x00000000
     271115.000 ns	     27110	80005e98	017a9633	sll	x12,x21,x23	 x21:0x00000000 x23:0x00000000 x12=0x00000000
     271475.000 ns	     27146	80005e9c	03a6cc33	div	x24,x13,x26	 x13:0xffbede11 x26:0x00000001 x24=0xffbede11
     272655.000 ns	     27264	80005ea0	580f7fd3	fsqrt.s	f31,f30	 f30:0x3f800000 f31=0x3f7fffae
     272675.000 ns	     27266	80005ea4	a6004e93	xori	x29,x0,-1440	  x0:0x00000000 x29=0xfffffa60
     272685.000 ns	     27267	80005ea8	013494b3	sll	x9,x9,x19	  x9:0xffe00000 x19:0x0000024c  x9=0x00000000
     272705.000 ns	     27269	80005eac	037ede33	divu	x28,x29,x23	 x29:0xffffffff x23:0x00000000 x28=0xffffffff
     272725.000 ns	     27271	80005eb0	01245e33	srl	x28,x8,x18	  x8:0x80040fe4 x18:0x00000000 x28=0x80040fe4
     272735.000 ns	     27272	80005eb4	5a388713	addi	x14,x17,1443	 x17:0x00000000 x14=0x000005a3
     272755.000 ns	     27274	80005eb8	e00e90d3	fclass.s	x1,f29	 f29:0x44174000  x1=0x00000040
     272785.000 ns	     27277	80005ebc	21a19553	fsgnjn.s	f10,f3,f26	  f3:0x2417edd8 f26:0x00000000 f10=0xa417edd8
     272815.000 ns	     27280	80005ec0	28979653	fmax.s	f12,f15,f9	 f15:0xfffff9c0  f9:0x00000000 f12=0x00000000
     272835.000 ns	     27282	80005ec4	011fd8b3	srl	x17,x31,x17	 x31:0x00000001 x17:0x00000000 x17=0x00000001
     272865.000 ns	     27285	80005ec8	198572d3	fdiv.s	f5,f10,f24	 f10:0xa417edd8 f24:0x7fc00000  f5=0x7fc00000
     272915.000 ns	     27290	80005ecc	09d7fe53	fsub.s	f28,f15,f29	 f15:0xfffff9c0 f29:0x44174000 f28=0x7fc00000
     272935.000 ns	     27292	80005ed0	007b6a33	or	x20,x22,x7	 x22:0x00000000  x7:0x80041025 x20=0x80041025
     272945.000 ns	     27293	80005ed4	00925c33	srl	x24,x4,x9	  x4:0x80041240  x9:0x00000000 x24=0x80041240
     272965.000 ns	     27295	80005ed8	036fbb33	mulhu	x22,x31,x22	 x31:0x00000001 x22:0x00000000 x22=0x00000000
     272995.000 ns	     27298	80005edc	20bb89d3	fsgnj.s	f19,f23,f11	 f23:0x00000000 f11:0xccc7d85d f19=0x80000000
     274175.000 ns	     27416	80005ee0	5801fa53	fsqrt.s	f20,f3	  f3:0x2417edd8 f20=0x3156db90
     274195.000 ns	     27418	80005ee4	40cb0bb3	sub	x23,x22,x12	 x22:0x00000000 x12:0x00000000 x23=0x00000000
     274205.000 ns	     27419	80005ee8	019dd813	srli	x16,x27,0x19	 x27:0x00000000 x16=0x00000000
     274215.000 ns	     27420	80005eec	018623b3	slt	x7,x12,x24	 x12:0x00000000 x24:0x80041240  x7=0x00000000
     274235.000 ns	     27422	80005ef0	a1a820d3	feq.s	x1,f16,f26	 f16:0x4cc7d85d f26:0x00000000  x1=0x00000000
     274255.000 ns	     27424	80005ef4	abb12913	slti	x18,x2,-1349	  x2:0x00000000 x18=0x00000000
     274275.000 ns	     27426	80005ef8	02a6a0b3	mulhsu	x1,x13,x10	 x13:0xffbede11 x10:0xfffffe4e  x1=0xffbede11
     274295.000 ns	     27428	80005efc	b72bad13	slti	x26,x23,-1166	 x23:0x00000000 x26=0x00000000
     274315.000 ns	     27430	80005f00	0384a9b3	mulhsu	x19,x9,x24	  x9:0x00000000 x24:0x80041240 x19=0x00000000
     274345.000 ns	     27433	80005f04	20b59e53	fsgnjn.s	f28,f11,f11	 f11:0xccc7d85d f11:0xccc7d85d f28=0x4cc7d85d
     274375.000 ns	     27436	80005f08	d0157153	fcvt.s.wu	f2,x10	 x10:0xfffffe4e  f2=0x4f7ffffe
     274415.000 ns	     27440	80005f0c	113af553	fmul.s	f10,f21,f19	 f21:0xa417edd8 f19:0x80000000 f10=0x00000000
     274435.000 ns	     27442	80005f10	01bc58b3	srl	x17,x24,x27	 x24:0x80041240 x27:0x00000000 x17=0x80041240
     274455.000 ns	     27444	80005f14	c01a70d3	fcvt.wu.s	x1,f20	 f20:0x3156db90  x1=0x00000000
     274475.000 ns	     27446	80005f18	bee9cb13	xori	x22,x19,-1042	 x19:0x00000000 x22=0xfffffbee
     274485.000 ns	     27447	80005f1c	dbc12d93	slti	x27,x2,-580	  x2:0x00000000 x27=0x00000000
     274495.000 ns	     27448	80005f20	407bdf33	sra	x30,x23,x7	 x23:0x00000000  x7:0x00000000 x30=0x00000000
     274855.000 ns	     27484	80005f24	0240c633	div	x12,x1,x4	  x1:0x00000000  x4:0x80041240 x12=0x00000000
     274875.000 ns	     27486	80005f28	00a3bcb3	sltu	x25,x7,x10	  x7:0x00000000 x10:0xfffffe4e x25=0x00000001
     274885.000 ns	     27487	80005f2c	014781b3	add	x3,x15,x20	 x15:0xf9c13d14 x20:0x80041025  x3=0x79c54d39
     274905.000 ns	     27489	80005f30	03ad26b3	mulhsu	x13,x26,x26	 x26:0x00000000 x26:0x00000000 x13=0x00000000
     274935.000 ns	     27492	80005f34	c000c2d3	fcvt.w.s	x5,f1	  f1:0x7fc00000  x5=0x7fffffff
     274965.000 ns	     27495	80005f38	a0e82753	feq.s	x14,f16,f14	 f16:0x4cc7d85d f14:0x3ecf7000 x14=0x00000000
     274985.000 ns	     27497	80005f3c	00be99b3	sll	x19,x29,x11	 x29:0xfffffa60 x11:0x80041024 x19=0xffffa600
     274995.000 ns	     27498	80005f40	00809fb3	sll	x31,x1,x8	  x1:0x00000000  x8:0x80040fe4 x31=0x00000000
     275015.000 ns	     27500	80005f44	e0031253	fclass.s	x4,f6	  f6:0x00000000  x4=0x00000010
     275385.000 ns	     27537	80005f48	0249de33	divu	x28,x19,x4	 x19:0xffffa600  x4:0x80041240 x28=0x0ffffa60
     275415.000 ns	     27540	80005f4c	e00903d3	fmv.x.w	x7,f18	 f18:0x80040fe4  x7=0x80040fe4
     275445.000 ns	     27543	80005f50	024d2333	mulhsu	x6,x26,x4	 x26:0x00000000  x4:0x00000010  x6=0x00000000
     275465.000 ns	     27545	80005f54	62928313	addi	x6,x5,1577	  x5:0x7fffffff  x6=0x80000628
     276635.000 ns	     27662	80005f58	580e1453	fsqrt.s	f8,f28	 f28:0x4cc7d85d  f8=0x461ff021
     276665.000 ns	     27665	80005f5c	03312d33	mulhsu	x26,x2,x19	  x2:0x00000000 x19:0xffffa600 x26=0x00000000
     276695.000 ns	     27668	80005f60	a1709053	flt.s	x0,f1,f23	  f1:0x7fc00000 f23:0x00000000
     276715.000 ns	     27670	80005f64	00000013	addi	x0,x0,0	  x0:0x00000000
     277045.000 ns	     27703	80005f68	194973d3	fdiv.s	f7,f18,f20	 f18:0x80040fe4 f20:0x3156db90  f7=0x8c378294
     277075.000 ns	     27706	80005f6c	a1b10ad3	fle.s	x21,f2,f27	  f2:0x4f7ffffe f27:0x0956dc35 x21=0x00000000
     277095.000 ns	     27708	80005f70	41c95233	sra	x4,x18,x28	 x18:0x00000000 x28:0x0ffffa60  x4=0x00000000
     277105.000 ns	     27709	80005f74	013ca933	slt	x18,x25,x19	 x25:0x00000001 x19:0xffffa600 x18=0x00000000
     277125.000 ns	     27711	80005f78	211a9cd3	fsgnjn.s	f25,f21,f17	 f21:0xa417edd8 f17:0x7fc00000 f25=0xa417edd8
     277145.000 ns	     27713	80005f7c	29d4f513	andi	x10,x9,669	  x9:0x00000000 x10=0x00000000
     277155.000 ns	     27714	80005f80	a86cdd17	auipc	x26,0xa86cd	 x26=0x286d2f80
     277165.000 ns	     27715	80005f84	41c05233	sra	x4,x0,x28	  x0:0x00000000 x28:0x0ffffa60  x4=0x00000000
     277185.000 ns	     27717	80005f88	29dc94d3	fmax.s	f9,f25,f29	 f25:0xa417edd8 f29:0x44174000  f9=0x44174000
     277215.000 ns	     27720	80005f8c	29d310d3	fmax.s	f1,f6,f29	  f6:0x00000000 f29:0x44174000  f1=0x44174000
     277245.000 ns	     27723	80005f90	e00613d3	fclass.s	x7,f12	 f12:0x00000000  x7=0x00000010
     277275.000 ns	     27726	80005f94	020334b3	mulhu	x9,x6,x0	  x6:0x80000628  x0:0x00000000  x9=0x00000000
     277305.000 ns	     27729	80005f98	21151553	fsgnjn.s	f10,f10,f17	 f10:0x00000000 f17:0x7fc00000 f10=0x80000000
     277335.000 ns	     27732	80005f9c	e0021553	fclass.s	x10,f4	  f4:0x00000000 x10=0x00000010
     277355.000 ns	     27734	80005fa0	0036da13	srli	x20,x13,0x3	 x13:0x00000000 x20=0x00000000
     277375.000 ns	     27736	80005fa4	a0dd90d3	flt.s	x1,f27,f13	 f27:0x0956dc35 f13:0x80000000  x1=0x00000000
     277405.000 ns	     27739	80005fa8	c0008ad3	fcvt.w.s	x21,f1	  f1:0x44174000 x21=0x0000025d
     277455.000 ns	     27744	80005fac	0153b553	fadd.s	f10,f7,f21	  f7:0x8c378294 f21:0xa417edd8 f10=0xa417edd8
     277485.000 ns	     27747	80005fb0	030c3bb3	mulhu	x23,x24,x16	 x24:0x80041240 x16:0x00000000 x23=0x00000000
     277505.000 ns	     27749	80005fb4	5dd43113	sltiu	x2,x8,1501	  x8:0x80040fe4  x2=0x00000000
     277515.000 ns	     27750	80005fb8	41db8e33	sub	x28,x23,x29	 x23:0x00000000 x29:0xfffffa60 x28=0x000005a0
     277525.000 ns	     27751	80005fbc	cd403013	sltiu	x0,x0,-812	  x0:0x00000000
     277535.000 ns	     27752	80005fc0	40505e33	sra	x28,x0,x5	  x0:0x00000000  x5:0x7fffffff x28=0x00000000
     277555.000 ns	     27754	80005fc4	28458ad3	fmin.s	f21,f11,f4	 f11:0xccc7d85d  f4:0x00000000 f21=0xccc7d85d
     277925.000 ns	     27791	80005fc8	0280cd33	div	x26,x1,x8	  x1:0x00000000  x8:0x80040fe4 x26=0x00000000
     277945.000 ns	     27793	80005fcc	01eb4a33	xor	x20,x22,x30	 x22:0xfffffbee x30:0x00000000 x20=0xfffffbee
     277965.000 ns	     27795	80005fd0	201689d3	fsgnj.s	f19,f13,f1	 f13:0x80000000  f1:0x44174000 f19=0x00000000
     277995.000 ns	     27798	80005fd4	a1670d53	fle.s	x26,f14,f22	 f14:0x3ecf7000 f22:0x80000000 x26=0x00000000
     278025.000 ns	     27801	80005fd8	20688553	fsgnj.s	f10,f17,f6	 f17:0x7fc00000  f6:0x00000000 f10=0x7fc00000
     278045.000 ns	     27803	80005fdc	01e3beb3	sltu	x29,x7,x30	  x7:0x00000010 x30:0x00000000 x29=0x00000000
     278055.000 ns	     27804	80005fe0	5981e3b7	lui	x7,0x5981e	  x7=0x5981e000
     278075.000 ns	     27806	80005fe4	c01dc3d3	fcvt.wu.s	x7,f27	 f27:0x0956dc35  x7=0x00000000
     278095.000 ns	     27808	80005fe8	82caee93	ori	x29,x21,-2004	 x21:0x0000025d x29=0xfffffa7d
     278115.000 ns	     27810	80005fec	29a291d3	fmax.s	f3,f5,f26	  f5:0x7fc00000 f26:0x00000000  f3=0x00000000
     278135.000 ns	     27812	80005ff0	f4290d37	lui	x26,0xf4290	 x26=0xf4290000
     278155.000 ns	     27814	80005ff4	21c6a5d3	fsgnjx.s	f11,f13,f28	 f13:0x80000000 f28:0x4cc7d85d f11=0x80000000
     278175.000 ns	     27816	80005ff8	e415ec93	ori	x25,x11,-447	 x11:0x80041024 x25=0xfffffe65
     278185.000 ns	     27817	80005ffc	0128d813	srli	x16,x17,0x12	 x17:0x80041240 x16=0x00002001
     278195.000 ns	     27818	80006000	a3bcb193	sltiu	x3,x25,-1477	 x25:0x00000001  x3=0x00000000
     278235.000 ns	     27822	80006004	001dbb53	fadd.s	f22,f27,f1	 f27:0x0956dc35  f1:0x44174000 f22=0x44174000
     278285.000 ns	     27827	80006008	09dafcd3	fsub.s	f25,f21,f29	 f21:0xccc7d85d f29:0x44174000 f25=0xccc7d8a8
     278315.000 ns	     27830	8000600c	d000cad3	fcvt.s.w	f21,x1	  x1:0x00000000 f21=0x00000000
     278685.000 ns	     27867	80006010	03a669b3	rem	x19,x12,x26	 x12:0x00000000 x26:0xf4290000 x19=0x00000000
     278715.000 ns	     27870	80006014	038e81b3	mul	x3,x29,x24	 x29:0xfffffa7d x24:0x80041240  x3=0x698f6940
     278745.000 ns	     27873	80006018	21a8afd3	fsgnjx.s	f31,f17,f26	 f17:0x7fc00000 f26:0x00000000 f31=0x7fc00000
     278775.000 ns	     27876	8000601c	a15c0cd3	fle.s	x25,f24,f21	 f24:0x7fc00000 f21:0x00000000 x25=0x00000000
     278805.000 ns	     27879	80006020	c00579d3	fcvt.w.s	x19,f10	 f10:0x7fc00000 x19=0x7fffffff
     278835.000 ns	     27882	80006024	21fa27d3	fsgnjx.s	f15,f20,f31	 f20:0x3156db90 f31:0x7fc00000 f15=0x3156db90
     278865.000 ns	     27885	80006028	d01c19d3	fcvt.s.wu	f19,x24	 x24:0x80041240 f19=0x4f000412
     278895.000 ns	     27888	8000602c	02c18133	mul	x2,x3,x12	  x3:0x698f6940 x12:0x00000000  x2=0x00000000
     279265.000 ns	     27925	80006030	03176f33	rem	x30,x14,x17	 x14:0x00000000 x17:0x80041240 x30=0x00000000
     279285.000 ns	     27927	80006034	00cdbf33	sltu	x30,x27,x12	 x27:0x00000000 x12:0x00000000 x30=0x00000000
     279295.000 ns	     27928	80006038	01ea12b3	sll	x5,x20,x30	 x20:0xfffffbee x30:0x00000000  x5=0xfffffbee
     279305.000 ns	     27929	8000603c	51c47f13	andi	x30,x8,1308	  x8:0x80040fe4 x30=0x00000504
     279335.000 ns	     27932	80006040	117f1953	fmul.s	f18,f30,f23	 f30:0x3f800000 f23:0x00000000 f18=0x00000000
     279385.000 ns	     27937	80006044	01744453	fadd.s	f8,f8,f23	  f8:0x461ff021 f23:0x00000000  f8=0x461ff021
     279415.000 ns	     27940	80006048	02ce2ab3	mulhsu	x21,x28,x12	 x28:0x00000000 x12:0x00000000 x21=0x00000000
     279435.000 ns	     27942	8000604c	000b5db3	srl	x27,x22,x0	 x22:0xfffffbee  x0:0x00000000 x27=0xfffffbee
     279445.000 ns	     27943	80006050	40d95393	srai	x7,x18,0xd	 x18:0x00000000  x7=0x00000000
     279455.000 ns	     27944	80006054	4128d313	srai	x6,x17,0x12	 x17:0x80041240  x6=0xffffe001
     279465.000 ns	     27945	80006058	113a9217	auipc	x4,0x113a9	  x4=0x913af058
     279475.000 ns	     27946	8000605c	40cd0933	sub	x18,x26,x12	 x26:0xf4290000 x12:0x00000000 x18=0xf4290000
     279495.000 ns	     27948	80006060	281c1c53	fmax.s	f24,f24,f1	 f24:0x7fc00000  f1:0x44174000 f24=0x44174000
     279525.000 ns	     27951	80006064	e00d1fd3	fclass.s	x31,f26	 f26:0x00000000 x31=0x00000010
     279565.000 ns	     27955	80006068	58067a53	fsqrt.s	f20,f12	 f12:0x00000000 f20=0x00000000
     279595.000 ns	     27958	8000606c	d00e26d3	fcvt.s.w	f13,x28	 x28:0x00000000 f13=0x00000000
     279615.000 ns	     27960	80006070	00885e13	srli	x28,x16,0x8	 x16:0x00002001 x28=0x00000020
     279975.000 ns	     27996	80006074	03b5d0b3	divu	x1,x11,x27	 x11:0x80041024 x27:0xfffffbee  x1=0x00000000
     279995.000 ns	     27998	80006078	ff02e017	auipc	x0,0xff02e	
     280005.000 ns	     27999	8000607c	414d5f13	srai	x30,x26,0x14	 x26:0xf4290000 x30=0xffffff42
     280025.000 ns	     28001	80006080	e0081953	fclass.s	x18,f16	 f16:0x4cc7d85d x18=0x00000040
     280045.000 ns	     28003	80006084	71ebec93	ori	x25,x23,1822	 x23:0x00000000 x25=0x0000071e
     280055.000 ns	     28004	80006088	41875933	sra	x18,x14,x24	 x14:0x00000000 x24:0x80041240 x18=0x00000000
     280415.000 ns	     28040	8000608c	03eef1b3	remu	x3,x29,x30	 x29:0xfffffa7d x30:0xffffff42  x3=0xfffffa7d
     280435.000 ns	     28042	80006090	0151eeb3	or	x29,x3,x21	  x3:0x698f6940 x21:0x00000000 x29=0xfffffa7d
     280465.000 ns	     28045	80006094	104d2fd3	fmul.s	f31,f26,f4	 f26:0x00000000  f4:0x00000000 f31=0x00000000
     280495.000 ns	     28048	80006098	e0091f53	fclass.s	x30,f18	 f18:0x00000000 x30=0x00000010
     280835.000 ns	     28082	8000609c	18942953	fdiv.s	f18,f8,f9	  f8:0x461ff021  f9:0x44174000 f18=0x4147d866
     280855.000 ns	     28084	800060a0	a2f87d93	andi	x27,x16,-1489	 x16:0x00002001 x27=0x00002001
     280875.000 ns	     28086	800060a4	037d62b3	rem	x5,x26,x23	 x26:0xf4290000 x23:0x00000000  x5=0xf4290000
     280905.000 ns	     28089	800060a8	29d710d3	fmax.s	f1,f14,f29	 f14:0x3ecf7000 f29:0x44174000  f1=0x44174000
     280955.000 ns	     28094	800060ac	0186ccd3	fadd.s	f25,f13,f24	 f13:0x00000000 f24:0x44174000 f25=0x44174000
     281005.000 ns	     28099	800060b0	00582753	fadd.s	f14,f16,f5	 f16:0x4cc7d85d  f5:0x7fc00000 f14=0x7fc00000
     281025.000 ns	     28101	800060b4	406950b3	sra	x1,x18,x6	 x18:0x00000000  x6:0xffffe001  x1=0x00000000
     281035.000 ns	     28102	800060b8	01380e33	add	x28,x16,x19	 x16:0x00002001 x19:0x7fffffff x28=0x80002000
     281055.000 ns	     28104	800060bc	a0c62bd3	feq.s	x23,f12,f12	 f12:0x00000000 f12:0x00000000 x23=0x00000001
     281085.000 ns	     28107	800060c0	20719053	fsgnjn.s	f0,f3,f7	  f3:0x00000000  f7:0x8c378294  f0=0x00000000
     281115.000 ns	     28110	800060c4	0391b6b3	mulhu	x13,x3,x25	  x3:0xfffffa7d x25:0x0000071e x13=0x0000071d
     281135.000 ns	     28112	800060c8	2021ff13	andi	x30,x3,514	  x3:0xfffffa7d x30=0x00000200
     281145.000 ns	     28113	800060cc	006c1933	sll	x18,x24,x6	 x24:0x80041240  x6:0xffffe001 x18=0x00082480
     281165.000 ns	     28115	800060d0	a1f394d3	flt.s	x9,f7,f31	  f7:0x8c378294 f31:0x00000000  x9=0x00000001
     281185.000 ns	     28117	800060d4	90aa2213	slti	x4,x20,-1782	 x20:0xfffffbee  x4=0x00000000
     281195.000 ns	     28118	800060d8	01c109b3	add	x19,x2,x28	  x2:0x00000000 x28:0x80002000 x19=0x80002000
     281215.000 ns	     28120	800060dc	e0069fd3	fclass.s	x31,f13	 f13:0x00000000 x31=0x00000010
     281245.000 ns	     28123	800060e0	035a7333	remu	x6,x20,x21	 x20:0xfffffbee x21:0x00000000  x6=0xfffffbee
     281265.000 ns	     28125	800060e4	4118d713	srai	x14,x17,0x11	 x17:0x80041240 x14=0xffffc002
     281275.000 ns	     28126	800060e8	41715eb3	sra	x29,x2,x23	  x2:0x00000000 x23:0x00000001 x29=0x00000000
     281285.000 ns	     28127	800060ec	6d7a8813	addi	x16,x21,1751	 x21:0x00000000 x16=0x000006d7
     281305.000 ns	     28129	800060f0	d01376d3	fcvt.s.wu	f13,x6	  x6:0xfffffbee f13=0x4f7ffffb
     281345.000 ns	     28133	800060f4	11c474d3	fmul.s	f9,f8,f28	  f8:0x461ff021 f28:0x4cc7d85d  f9=0x5379b5ac
     281375.000 ns	     28136	800060f8	21170553	fsgnj.s	f10,f14,f17	 f14:0x7fc00000 f17:0x7fc00000 f10=0x7fc00000
     281395.000 ns	     28138	800060fc	410606b3	sub	x13,x12,x16	 x12:0x00000000 x16:0x000006d7 x13=0xfffff929
     281415.000 ns	     28140	80006100	a0db1053	flt.s	x0,f22,f13	 f22:0x44174000 f13:0x4f7ffffb
     281445.000 ns	     28143	80006104	e0039853	fclass.s	x16,f7	  f7:0x8c378294 x16=0x00000002
     281475.000 ns	     28146	80006108	a0902e53	feq.s	x28,f0,f9	  f0:0x00000000  f9:0x5379b5ac x28=0x00000000
     281505.000 ns	     28149	8000610c	d0087453	fcvt.s.w	f8,x16	 x16:0x00000002  f8=0x40000000
     281535.000 ns	     28152	80006110	20b79953	fsgnjn.s	f18,f15,f11	 f15:0x3156db90 f11:0x80000000 f18=0x3156db90
     281555.000 ns	     28154	80006114	00f59693	slli	x13,x11,0xf	 x11:0x80041024 x13=0x08120000
     281565.000 ns	     28155	80006118	9cc5ad93	slti	x27,x11,-1588	 x11:0x80041024 x27=0x00000001
     281575.000 ns	     28156	8000611c	db9d0a93	addi	x21,x26,-583	 x26:0xf4290000 x21=0xf428fdb9
     281595.000 ns	     28158	80006120	d01c7753	fcvt.s.wu	f14,x24	 x24:0x80041240 f14=0x4f000412
     281965.000 ns	     28195	80006124	03114533	div	x10,x2,x17	  x2:0x00000000 x17:0x80041240 x10=0x00000000
     281985.000 ns	     28197	80006128	011d0633	add	x12,x26,x17	 x26:0xf4290000 x17:0x80041240 x12=0x742d1240
     281995.000 ns	     28198	8000612c	c7063713	sltiu	x14,x12,-912	 x12:0x00000000 x14=0x00000001
     282005.000 ns	     28199	80006130	00ab5493	srli	x9,x22,0xa	 x22:0xfffffbee  x9=0x003ffffe
     282015.000 ns	     28200	80006134	01513bb3	sltu	x23,x2,x21	  x2:0x00000000 x21:0xf428fdb9 x23=0x00000001
     282035.000 ns	     28202	80006138	c0014ad3	fcvt.w.s	x21,f2	  f2:0x4f7ffffe x21=0x7fffffff
     282055.000 ns	     28204	8000613c	405156b3	sra	x13,x2,x5	  x2:0x00000000  x5:0xf4290000 x13=0x00000000
     282075.000 ns	     28206	80006140	024221b3	mulhsu	x3,x4,x4	  x4:0x00000000  x4:0x00000000  x3=0x00000000
     282415.000 ns	     28240	80006144	18f9a0d3	fdiv.s	f1,f19,f15	 f19:0x4f000412 f15:0x3156db90  f1=0x5d34ba72
     282445.000 ns	     28243	80006148	d0057953	fcvt.s.w	f18,x10	 x10:0x00000000 f18=0x00000000
     282465.000 ns	     28245	8000614c	40c50cb3	sub	x25,x10,x12	 x10:0x00000000 x12:0x742d1240 x25=0x8bd2edc0
     282475.000 ns	     28246	80006150	01fe2933	slt	x18,x28,x31	 x28:0x00000000 x31:0x00000010 x18=0x00000001
     282485.000 ns	     28247	80006154	00d32fb3	slt	x31,x6,x13	  x6:0xfffffbee x13:0x00000000 x31=0x00000001
     282515.000 ns	     28250	80006158	1040be53	fmul.s	f28,f1,f4	  f1:0x5d34ba72  f4:0x00000000 f28=0x00000000
     282545.000 ns	     28253	8000615c	02142033	mulhsu	x0,x8,x1	  x8:0x80040fe4  x1:0x00000000
     282565.000 ns	     28255	80006160	002abd33	sltu	x26,x21,x2	 x21:0x7fffffff  x2:0x00000000 x26=0x00000000
     282575.000 ns	     28256	80006164	260a4113	xori	x2,x20,608	 x20:0xfffffbee  x2=0xfffff98e
     282595.000 ns	     28258	80006168	e00d18d3	fclass.s	x17,f26	 f26:0x00000000 x17=0x00000010
     282615.000 ns	     28260	8000616c	40205293	srai	x5,x0,0x2	  x0:0x00000000  x5=0x00000000
     282635.000 ns	     28262	80006170	023fb333	mulhu	x6,x31,x3	 x31:0x00000001  x3:0x00000000  x6=0x00000000
     282665.000 ns	     28265	80006174	d01af153	fcvt.s.wu	f2,x21	 x21:0x7fffffff  f2=0x4effffff
     282695.000 ns	     28268	80006178	204b8853	fsgnj.s	f16,f23,f4	 f23:0x00000000  f4:0x00000000 f16=0x00000000
     282735.000 ns	     28272	8000617c	11839453	fmul.s	f8,f7,f24	  f7:0x8c378294 f24:0x44174000  f8=0x90d8d7cb
     282765.000 ns	     28275	80006180	026d3c33	mulhu	x24,x26,x6	 x26:0x00000000  x6:0x00000000 x24=0x00000000
     282785.000 ns	     28277	80006184	0071c533	xor	x10,x3,x7	  x3:0x00000000  x7:0x00000000 x10=0x00000000
     282795.000 ns	     28278	80006188	00087633	and	x12,x16,x0	 x16:0x00000002  x0:0x00000000 x12=0x00000000
     282835.000 ns	     28282	8000618c	082dffd3	fsub.s	f31,f27,f2	 f27:0x0956dc35  f2:0x4effffff f31=0xceffffff
     282885.000 ns	     28287	80006190	09849b53	fsub.s	f22,f9,f24	  f9:0x5379b5ac f24:0x44174000 f22=0x5379b5ab
     282905.000 ns	     28289	80006194	5f204a17	auipc	x20,0x5f204	 x20=0xdf20a194
     284075.000 ns	     28406	80006198	580c0b53	fsqrt.s	f22,f24	 f24:0x44174000 f22=0x4155e5ba
     284125.000 ns	     28411	8000619c	01ff0dd3	fadd.s	f27,f30,f31	 f30:0x3f800000 f31:0xceffffff f27=0xceffffff
     284155.000 ns	     28414	800061a0	e00e9053	fclass.s	x0,f29	 f29:0x44174000
     284195.000 ns	     28418	800061a4	5802bb53	fsqrt.s	f22,f5	  f5:0x7fc00000 f22=0x7fc00000
     284235.000 ns	     28422	800061a8	187b0d53	fdiv.s	f26,f22,f7	 f22:0x4155e5ba  f7:0x8c378294 f26=0x7fc00000
     284265.000 ns	     28425	800061ac	c00e7653	fcvt.w.s	x12,f28	 f28:0x00000000 x12=0x00000000
     284285.000 ns	     28427	800061b0	01fe5d93	srli	x27,x28,0x1f	 x28:0x00000000 x27=0x00000000
     284305.000 ns	     28429	800061b4	e00e9153	fclass.s	x2,f29	 f29:0x44174000  x2=0x00000040
     284345.000 ns	     28433	800061b8	1051cbd3	fmul.s	f23,f3,f5	  f3:0x00000000  f5:0x7fc00000 f23=0x7fc00000
     284375.000 ns	     28436	800061bc	e00f9d53	fclass.s	x26,f31	 f31:0xceffffff x26=0x00000002
     284395.000 ns	     28438	800061c0	00f01a13	slli	x20,x0,0xf	  x0:0x00000000 x20=0x00000000
     284405.000 ns	     28439	800061c4	004e5db3	srl	x27,x28,x4	 x28:0x00000000  x4:0x00000000 x27=0x00000000
     284425.000 ns	     28441	800061c8	e00d8dd3	fmv.x.w	x27,f27	 f27:0xceffffff x27=0xceffffff
     284455.000 ns	     28444	800061cc	0238c9b3	div	x19,x17,x3	 x17:0x00000010  x3:0x00000000 x19=0xffffffff
     284495.000 ns	     28448	800061d0	11b18c53	fmul.s	f24,f3,f27	  f3:0x00000000 f27:0xceffffff f24=0x80000000
     284525.000 ns	     28451	800061d4	0239bf33	mulhu	x30,x19,x3	 x19:0xffffffff  x3:0x00000000 x30=0x00000000
     284555.000 ns	     28454	800061d8	038284b3	mul	x9,x5,x24	  x5:0x00000000 x24:0x00000000  x9=0x00000000
     284575.000 ns	     28456	800061dc	04beae13	slti	x28,x29,75	 x29:0x00000000 x28=0x00000001
     284605.000 ns	     28459	800061e0	10b37153	fmul.s	f2,f6,f11	  f6:0x00000000 f11:0x80000000  f2=0x80000000
     284625.000 ns	     28461	800061e4	7576c493	xori	x9,x13,1879	 x13:0x00000000  x9=0x00000757
     284645.000 ns	     28463	800061e8	a1bbad53	feq.s	x26,f23,f27	 f23:0x7fc00000 f27:0xceffffff x26=0x00000000
     284665.000 ns	     28465	800061ec	40da8d33	sub	x26,x21,x13	 x21:0x7fffffff x13:0x00000000 x26=0x7fffffff
     284675.000 ns	     28466	800061f0	89877113	andi	x2,x14,-1896	 x14:0x00000001  x2=0x00000000
     284695.000 ns	     28468	800061f4	a03ca9d3	feq.s	x19,f25,f3	 f25:0x44174000  f3:0x00000000 x19=0x00000000
     284725.000 ns	     28471	800061f8	03e43833	mulhu	x16,x8,x30	  x8:0x80040fe4 x30:0x00000000 x16=0x00000000
     284745.000 ns	     28473	800061fc	0069eab3	or	x21,x19,x6	 x19:0x00000000  x6:0x00000000 x21=0x00000000
     284755.000 ns	     28474	80006200	00000013	addi	x0,x0,0	  x0:0x00000000
     284775.000 ns	     28476	80006204	02275cb3	divu	x25,x14,x2	 x14:0x00000001  x2:0x00000000 x25=0xffffffff
     284805.000 ns	     28479	80006208	e0029d53	fclass.s	x26,f5	  f5:0x7fc00000 x26=0x00000200
     284835.000 ns	     28482	8000620c	03e5b333	mulhu	x6,x11,x30	 x11:0x80041024 x30:0x00000000  x6=0x00000000
     284855.000 ns	     28484	80006210	400cd9b3	sra	x19,x25,x0	 x25:0xffffffff  x0:0x00000000 x19=0xffffffff
     284865.000 ns	     28485	80006214	01a4a8b3	slt	x17,x9,x26	  x9:0x00000757 x26:0x00000200 x17=0x00000000
     284875.000 ns	     28486	80006218	75844d93	xori	x27,x8,1880	  x8:0x80040fe4 x27=0x800408bc
     284895.000 ns	     28488	8000621c	c0017ed3	fcvt.w.s	x29,f2	  f2:0x80000000 x29=0x00000000
     284925.000 ns	     28491	80006220	d0020953	fcvt.s.w	f18,x4	  x4:0x00000000 f18=0x00000000
     284955.000 ns	     28494	80006224	a03dadd3	feq.s	x27,f27,f3	 f27:0xceffffff  f3:0x00000000 x27=0x00000000
     284995.000 ns	     28498	80006228	58093853	fsqrt.s	f16,f18	 f18:0x00000000 f16=0x00000000
     285025.000 ns	     28501	8000622c	03b44c33	div	x24,x8,x27	  x8:0x80040fe4 x27:0x00000000 x24=0xffffffff
     285045.000 ns	     28503	80006230	40bf5f13	srai	x30,x30,0xb	 x30:0x00000000 x30=0x00000000
     285075.000 ns	     28506	80006234	105bf9d3	fmul.s	f19,f23,f5	 f23:0x7fc00000  f5:0x7fc00000 f19=0x7fc00000
     285105.000 ns	     28509	80006238	d013f353	fcvt.s.wu	f6,x7	  x7:0x00000000  f6=0x00000000
     285125.000 ns	     28511	8000623c	1fa48693	addi	x13,x9,506	  x9:0x00000757 x13=0x00000951
     285135.000 ns	     28512	80006240	01029133	sll	x2,x5,x16	  x5:0x00000000 x16:0x00000000  x2=0x00000000
     285145.000 ns	     28513	80006244	002430b3	sltu	x1,x8,x2	  x8:0x80040fe4  x2:0x00000000  x1=0x00000000
     285505.000 ns	     28549	80006248	0395e933	rem	x18,x11,x25	 x11:0x80041024 x25:0xffffffff x18=0x00000000
     285525.000 ns	     28551	8000624c	4023d693	srai	x13,x7,0x2	  x7:0x00000000 x13=0x00000000
     285885.000 ns	     28587	80006250	03a4ee33	rem	x28,x9,x26	  x9:0x00000757 x26:0x00000200 x28=0x00000157
     285905.000 ns	     28589	80006254	00a29b33	sll	x22,x5,x10	  x5:0x00000000 x10:0x00000000 x22=0x00000000
     285915.000 ns	     28590	80006258	e5604d13	xori	x26,x0,-426	  x0:0x00000000 x26=0xfffffe56
     285935.000 ns	     28592	8000625c	d007f253	fcvt.s.w	f4,x15	 x15:0xf9c13d14  f4=0xccc7d85d
     285955.000 ns	     28594	80006260	00031893	slli	x17,x6,0x0	  x6:0x00000000 x17=0x00000000
     285965.000 ns	     28595	80006264	f91a3013	sltiu	x0,x20,-111	 x20:0x00000000
     285975.000 ns	     28596	80006268	01109893	slli	x17,x1,0x11	  x1:0x00000000 x17=0x00000000
     285995.000 ns	     28598	8000626c	210a2bd3	fsgnjx.s	f23,f20,f16	 f20:0x00000000 f16:0x00000000 f23=0x00000000
     286025.000 ns	     28601	80006270	a1a094d3	flt.s	x9,f1,f26	  f1:0x5d34ba72 f26:0x7fc00000  x9=0x00000000
     286045.000 ns	     28603	80006274	01ebf133	and	x2,x23,x30	 x23:0x00000001 x30:0x00000000  x2=0x00000000
     286055.000 ns	     28604	80006278	00f07fb3	and	x31,x0,x15	  x0:0x00000000 x15:0xf9c13d14 x31=0x00000000
     286065.000 ns	     28605	8000627c	403f0bb3	sub	x23,x30,x3	 x30:0x00000000  x3:0x00000000 x23=0x00000000
     286085.000 ns	     28607	80006280	02a08bb3	mul	x23,x1,x10	  x1:0x00000000 x10:0x00000000 x23=0x00000000
     286115.000 ns	     28610	80006284	219d1ad3	fsgnjn.s	f21,f26,f25	 f26:0x7fc00000 f25:0x44174000 f21=0xffc00000
     286135.000 ns	     28612	80006288	f33170b7	lui	x1,0xf3317	  x1=0xf3317000
     286155.000 ns	     28614	8000628c	0244fa33	remu	x20,x9,x4	  x9:0x00000000  x4:0x00000000 x20=0x00000000
     286175.000 ns	     28616	80006290	00bc1d13	slli	x26,x24,0xb	 x24:0xffffffff x26=0xfffff800
     286195.000 ns	     28618	80006294	03d4fd33	remu	x26,x9,x29	  x9:0x00000000 x29:0x00000000 x26=0x00000000
     286245.000 ns	     28623	80006298	01b9f5d3	fadd.s	f11,f19,f27	 f19:0x7fc00000 f27:0xceffffff f11=0x7fc00000
     286265.000 ns	     28625	8000629c	00acdf33	srl	x30,x25,x10	 x25:0xffffffff x10:0x00000000 x30=0xffffffff
     286275.000 ns	     28626	800062a0	de137513	andi	x10,x6,-543	  x6:0x00000000 x10=0x00000000
     286295.000 ns	     28628	800062a4	036939b3	mulhu	x19,x18,x22	 x18:0x00000000 x22:0x00000000 x19=0x00000000
     286335.000 ns	     28632	800062a8	182b1c53	fdiv.s	f24,f22,f2	 f22:0x7fc00000  f2:0x80000000 f24=0x7fc00000
     286375.000 ns	     28636	800062ac	190c85d3	fdiv.s	f11,f25,f16	 f25:0x44174000 f16:0x00000000 f11=0x7f800000
     287555.000 ns	     28754	800062b0	580e8353	fsqrt.s	f6,f29	 f29:0x44174000  f6=0x4155e5ba
     287575.000 ns	     28756	800062b4	001a5393	srli	x7,x20,0x1	 x20:0x00000000  x7=0x00000000
     287585.000 ns	     28757	800062b8	997b4e37	lui	x28,0x997b4	 x28=0x997b4000
     287595.000 ns	     28758	800062bc	00000013	addi	x0,x0,0	  x0:0x00000000
     287605.000 ns	     28759	800062c0	00c04833	xor	x16,x0,x12	  x0:0x00000000 x12:0x00000000 x16=0x00000000
     287615.000 ns	     28760	800062c4	01c6e2b3	or	x5,x13,x28	 x13:0x00000000 x28:0x997b4000  x5=0x997b4000
     287635.000 ns	     28762	800062c8	21b22cd3	fsgnjx.s	f25,f4,f27	  f4:0xccc7d85d f27:0xceffffff f25=0x4cc7d85d
     287655.000 ns	     28764	800062cc	00f35fb3	srl	x31,x6,x15	  x6:0x00000000 x15:0xf9c13d14 x31=0x00000000
     287665.000 ns	     28765	800062d0	00fa1013	slli	x0,x20,0xf	 x20:0x00000000
     287675.000 ns	     28766	800062d4	411fd9b3	sra	x19,x31,x17	 x31:0x00000000 x17:0x00000000 x19=0x00000000
     287685.000 ns	     28767	800062d8	001ae333	or	x6,x21,x1	 x21:0x00000000  x1:0xf3317000  x6=0xf3317000
     287695.000 ns	     28768	800062dc	0155c533	xor	x10,x11,x21	 x11:0x80041024 x21:0x00000000 x10=0x80041024
     287705.000 ns	     28769	800062e0	013c9233	sll	x4,x25,x19	 x25:0xffffffff x19:0x00000000  x4=0xffffffff
     287715.000 ns	     28770	800062e4	00821a93	slli	x21,x4,0x8	  x4:0x00000000 x21=0xffffff00
     287745.000 ns	     28773	800062e8	580e3b53	fsqrt.s	f22,f28	 f28:0x00000000 f22=0x00000000
     287765.000 ns	     28775	800062ec	019b5193	srli	x3,x22,0x19	 x22:0x00000000  x3=0x00000000
     287785.000 ns	     28777	800062f0	a0678853	fle.s	x16,f15,f6	 f15:0x3156db90  f6:0x4155e5ba x16=0x00000001
     287815.000 ns	     28780	800062f4	c01bfa53	fcvt.wu.s	x20,f23	 f23:0x00000000 x20=0x00000000
     287845.000 ns	     28783	800062f8	02a81133	mulh	x2,x16,x10	 x16:0x00000001 x10:0x80041024  x2=0xffffffff
     287865.000 ns	     28785	800062fc	012e8c33	add	x24,x29,x18	 x29:0x00000000 x18:0x00000000 x24=0x00000000
     287885.000 ns	     28787	80006300	20b72553	fsgnjx.s	f10,f14,f11	 f14:0x4f000412 f11:0x7f800000 f10=0x4f000412
     287915.000 ns	     28790	80006304	a1829ad3	flt.s	x21,f5,f24	  f5:0x7fc00000 f24:0x7fc00000 x21=0x00000000
     287945.000 ns	     28793	80006308	f0088f53	fmv.w.x	f30,x17	 x17:0x00000000 f30=0x00000000
     288315.000 ns	     28830	8000630c	02f3e2b3	rem	x5,x7,x15	  x7:0x00000000 x15:0xf9c13d14  x5=0x00000000
     288335.000 ns	     28832	80006310	4007df13	srai	x30,x15,0x0	 x15:0xf9c13d14 x30=0xf9c13d14
     288345.000 ns	     28833	80006314	00525e93	srli	x29,x4,0x5	  x4:0xffffffff x29=0x07ffffff
     288355.000 ns	     28834	80006318	00e07033	and	x0,x0,x14	  x0:0x00000000 x14:0x00000001
     288365.000 ns	     28835	8000631c	c3236013	ori	x0,x6,-974	  x6:0xf3317000
     288385.000 ns	     28837	80006320	a14b8dd3	fle.s	x27,f23,f20	 f23:0x00000000 f20:0x00000000 x27=0x00000001
     288405.000 ns	     28839	80006324	00000013	addi	x0,x0,0	  x0:0x00000000
     288425.000 ns	     28841	80006328	219f9953	fsgnjn.s	f18,f31,f25	 f31:0xceffffff f25:0x4cc7d85d f18=0xceffffff
     288445.000 ns	     28843	8000632c	017d01b3	add	x3,x26,x23	 x26:0x00000000 x23:0x00000000  x3=0x00000000
     288455.000 ns	     28844	80006330	9363e393	ori	x7,x7,-1738	  x7:0x00000000  x7=0xfffff936
     288495.000 ns	     28848	80006334	003970d3	fadd.s	f1,f18,f3	 f18:0xceffffff  f3:0x00000000  f1=0xceffffff
     288525.000 ns	     28851	80006338	20690f53	fsgnj.s	f30,f18,f6	 f18:0xceffffff  f6:0x4155e5ba f30=0x4effffff
     288545.000 ns	     28853	8000633c	0000c333	xor	x6,x1,x0	  x1:0xf3317000  x0:0x00000000  x6=0xf3317000
     288555.000 ns	     28854	80006340	01f95693	srli	x13,x18,0x1f	 x18:0x00000000 x13=0x00000000
     288575.000 ns	     28856	80006344	201f8fd3	fsgnj.s	f31,f31,f1	 f31:0xceffffff  f1:0xceffffff f31=0xceffffff
     288605.000 ns	     28859	80006348	28ac03d3	fmin.s	f7,f24,f10	 f24:0x7fc00000 f10:0x4f000412  f7=0x4f000412
     288635.000 ns	     28862	8000634c	206612d3	fsgnjn.s	f5,f12,f6	 f12:0x00000000  f6:0x4155e5ba  f5=0x80000000
     288655.000 ns	     28864	80006350	00000013	addi	x0,x0,0	  x0:0x00000000
     288665.000 ns	     28865	80006354	001cde33	srl	x28,x25,x1	 x25:0xffffffff  x1:0xf3317000 x28=0xffffffff
     288675.000 ns	     28866	80006358	01d2b0b3	sltu	x1,x5,x29	  x5:0x00000000 x29:0x07ffffff  x1=0x00000001
     288695.000 ns	     28868	8000635c	21fcafd3	fsgnjx.s	f31,f25,f31	 f25:0x4cc7d85d f31:0xceffffff f31=0xccc7d85d
     288725.000 ns	     28871	80006360	a1b02053	feq.s	x0,f0,f27	  f0:0x00000000 f27:0xceffffff
     288755.000 ns	     28874	80006364	f00184d3	fmv.w.x	f9,x3	  x3:0x00000000  f9=0x00000000
     288785.000 ns	     28877	80006368	216d1053	fsgnjn.s	f0,f26,f22	 f26:0x7fc00000 f22:0x00000000  f0=0xffc00000
     288815.000 ns	     28880	8000636c	21ee0353	fsgnj.s	f6,f28,f30	 f28:0x00000000 f30:0x4effffff  f6=0x00000000
     288835.000 ns	     28882	80006370	f664c013	xori	x0,x9,-154	  x9:0x00000000
     288845.000 ns	     28883	80006374	41d3dc93	srai	x25,x7,0x1d	  x7:0xfffff936 x25=0xffffffff
     288855.000 ns	     28884	80006378	0198df13	srli	x30,x17,0x19	 x17:0x00000000 x30=0x00000000
     288875.000 ns	     28886	8000637c	c004f753	fcvt.w.s	x14,f9	  f9:0x00000000 x14=0x00000000
     288905.000 ns	     28889	80006380	02181733	mulh	x14,x16,x1	 x16:0x00000001  x1:0x00000001 x14=0x00000000
     288935.000 ns	     28892	80006384	20272753	fsgnjx.s	f14,f14,f2	 f14:0x4f000412  f2:0x80000000 f14=0xcf000412
     288955.000 ns	     28894	80006388	00000013	addi	x0,x0,0	  x0:0x00000000
     288975.000 ns	     28896	8000638c	21701e53	fsgnjn.s	f28,f0,f23	  f0:0xffc00000 f23:0x00000000 f28=0xffc00000
     289005.000 ns	     28899	80006390	03589eb3	mulh	x29,x17,x21	 x17:0x00000000 x21:0x00000000 x29=0x00000000
     289025.000 ns	     28901	80006394	00000013	addi	x0,x0,0	  x0:0x00000000
     289065.000 ns	     28905	80006398	012d7053	fadd.s	f0,f26,f18	 f26:0x7fc00000 f18:0xceffffff  f0=0x7fc00000
     289435.000 ns	     28942	8000639c	03926ab3	rem	x21,x4,x25	  x4:0xffffffff x25:0xffffffff x21=0x00000000
     289455.000 ns	     28944	800063a0	4139d733	sra	x14,x19,x19	 x19:0x00000000 x19:0x00000000 x14=0x00000000
     289465.000 ns	     28945	800063a4	016f0eb3	add	x29,x30,x22	 x30:0x00000000 x22:0x00000000 x29=0x00000000
     289485.000 ns	     28947	800063a8	03db4cb3	div	x25,x22,x29	 x22:0x00000000 x29:0x00000000 x25=0xffffffff
     289515.000 ns	     28950	800063ac	035e61b3	rem	x3,x28,x21	 x28:0xffffffff x21:0x00000000  x3=0xffffffff
     289545.000 ns	     28953	800063b0	a1d80e53	fle.s	x28,f16,f29	 f16:0x00000000 f29:0x44174000 x28=0x00000001
     289575.000 ns	     28956	800063b4	035bcbb3	div	x23,x23,x21	 x23:0x00000000 x21:0x00000000 x23=0xffffffff
     289605.000 ns	     28959	800063b8	a092a953	feq.s	x18,f5,f9	  f5:0x80000000  f9:0x00000000 x18=0x00000001
     289635.000 ns	     28962	800063bc	283e99d3	fmax.s	f19,f29,f3	 f29:0x44174000  f3:0x00000000 f19=0x44174000
     289665.000 ns	     28965	800063c0	a15f2cd3	feq.s	x25,f30,f21	 f30:0x4effffff f21:0xffc00000 x25=0x00000000
     289695.000 ns	     28968	800063c4	2165a7d3	fsgnjx.s	f15,f11,f22	 f11:0x7f800000 f22:0x00000000 f15=0x7f800000
     289715.000 ns	     28970	800063c8	00ef4833	xor	x16,x30,x14	 x30:0x00000000 x14:0x00000000 x16=0x00000000
     289725.000 ns	     28971	800063cc	01d02e33	slt	x28,x0,x29	  x0:0x00000000 x29:0x00000000 x28=0x00000000
     289745.000 ns	     28973	800063d0	c00b20d3	fcvt.w.s	x1,f22	 f22:0x00000000  x1=0x00000000
     289765.000 ns	     28975	800063d4	00000013	addi	x0,x0,0	  x0:0x00000000
     289795.000 ns	     28978	800063d8	1976f353	fdiv.s	f6,f13,f23	 f13:0x4f7ffffb f23:0x00000000  f6=0x7f800000
     289825.000 ns	     28981	800063dc	0383df33	divu	x30,x7,x24	  x7:0xfffff936 x24:0x00000000 x30=0xffffffff
     289865.000 ns	     28985	800063e0	197fa853	fdiv.s	f16,f31,f23	 f31:0xccc7d85d f23:0x00000000 f16=0xff800000
     289885.000 ns	     28987	800063e4	c9d1ea97	auipc	x21,0xc9d1e	 x21=0x49d243e4
     289905.000 ns	     28989	800063e8	a0b19b53	flt.s	x22,f3,f11	  f3:0x00000000 f11:0x7f800000 x22=0x00000001
     289925.000 ns	     28991	800063ec	01baaa33	slt	x20,x21,x27	 x21:0x00000000 x27:0x00000001 x20=0x00000000
     289935.000 ns	     28992	800063f0	006b7833	and	x16,x22,x6	 x22:0x00000001  x6:0xf3317000 x16=0x00000000
     289945.000 ns	     28993	800063f4	40e8dc93	srai	x25,x17,0xe	 x17:0x00000000 x25=0x00000000
     289985.000 ns	     28997	800063f8	09538153	fsub.s	f2,f7,f21	  f7:0x4f000412 f21:0xffc00000  f2=0x7fc00000
     290005.000 ns	     28999	800063fc	62830693	addi	x13,x6,1576	  x6:0xf3317000 x13=0xf3317628
     290015.000 ns	     29000	80006400	40625c33	sra	x24,x4,x6	  x4:0xffffffff  x6:0xf3317000 x24=0xffffffff
     290035.000 ns	     29002	80006404	f00e02d3	fmv.w.x	f5,x28	 x28:0x00000000  f5=0x00000000
     290065.000 ns	     29005	80006408	f00b06d3	fmv.w.x	f13,x22	 x22:0x00000001 f13=0x00000001
     290435.000 ns	     29042	8000640c	02a26933	rem	x18,x4,x10	  x4:0xffffffff x10:0x80041024 x18=0xffffffff
     290465.000 ns	     29045	80006410	03b5b033	mulhu	x0,x11,x27	 x11:0x80041024 x27:0x00000001
     290485.000 ns	     29047	80006414	40300933	sub	x18,x0,x3	  x0:0x00000000  x3:0xffffffff x18=0x00000001
     290505.000 ns	     29049	80006418	c0177c53	fcvt.wu.s	x24,f14	 f14:0xcf000412 x24=0x80041200
     290535.000 ns	     29052	8000641c	e00f0653	fmv.x.w	x12,f30	 f30:0x4effffff x12=0x4effffff
     290565.000 ns	     29055	80006420	03698133	mul	x2,x19,x22	 x19:0x00000000 x22:0x00000001  x2=0x00000000
     290595.000 ns	     29058	80006424	e00f81d3	fmv.x.w	x3,f31	 f31:0xccc7d85d  x3=0xccc7d85d
     290615.000 ns	     29060	80006428	f2db2f13	slti	x30,x22,-211	 x22:0x00000001 x30=0x00000000
     290635.000 ns	     29062	8000642c	e0041a53	fclass.s	x20,f8	  f8:0x90d8d7cb x20=0x00000002
     290655.000 ns	     29064	80006430	99019297	auipc	x5,0x99019	  x5=0x1901f430
     290675.000 ns	     29066	80006434	a0bca953	feq.s	x18,f25,f11	 f25:0x4cc7d85d f11:0x7f800000 x18=0x00000000
     290695.000 ns	     29068	80006438	37349eb7	lui	x29,0x37349	 x29=0x37349000
     290705.000 ns	     29069	8000643c	6e357813	andi	x16,x10,1763	 x10:0x80041024 x16=0x00000020
     291065.000 ns	     29105	80006440	02ca5033	divu	x0,x20,x12	 x20:0x00000002 x12:0x4effffff
     291085.000 ns	     29107	80006444	01c96eb3	or	x29,x18,x28	 x18:0x00000000 x28:0x00000000 x29=0x00000000
     291445.000 ns	     29143	80006448	025fc0b3	div	x1,x31,x5	 x31:0x00000000  x5:0x1901f430  x1=0x00000000
     291465.000 ns	     29145	8000644c	7fe73e93	sltiu	x29,x14,2046	 x14:0x00000000 x29=0x00000001
     291485.000 ns	     29147	80006450	c01b9653	fcvt.wu.s	x12,f23	 f23:0x00000000 x12=0x00000000
     291525.000 ns	     29151	80006454	10ab4d53	fmul.s	f26,f22,f10	 f22:0x00000000 f10:0x4f000412 f26=0x00000000
     291545.000 ns	     29153	80006458	01c81133	sll	x2,x16,x28	 x16:0x00000020 x28:0x00000000  x2=0x00000020
     291555.000 ns	     29154	8000645c	016c5293	srli	x5,x24,0x16	 x24:0x80041200  x5=0x00000200
     291915.000 ns	     29190	80006460	024cfbb3	remu	x23,x25,x4	 x25:0x00000000  x4:0xffffffff x23=0x00000000
     291945.000 ns	     29193	80006464	c00e0bd3	fcvt.w.s	x23,f28	 f28:0xffc00000 x23=0x7fffffff
     291965.000 ns	     29195	80006468	016f93b3	sll	x7,x31,x22	 x31:0x00000000 x22:0x00000001  x7=0x00000000
     291985.000 ns	     29197	8000646c	c00f83d3	fcvt.w.s	x7,f31	 f31:0xccc7d85d  x7=0xf9c13d18
     292015.000 ns	     29200	80006470	29739ad3	fmax.s	f21,f7,f23	  f7:0x4f000412 f23:0x00000000 f21=0x4f000412
     292385.000 ns	     29237	80006474	03655ab3	divu	x21,x10,x22	 x10:0x80041024 x22:0x00000001 x21=0x80041024
     292415.000 ns	     29240	80006478	d019fb53	fcvt.s.wu	f22,x19	 x19:0x00000000 f22=0x00000000
     292445.000 ns	     29243	8000647c	210e2fd3	fsgnjx.s	f31,f28,f16	 f28:0xffc00000 f16:0xff800000 f31=0x7fc00000
     292465.000 ns	     29245	80006480	93e8a913	slti	x18,x17,-1730	 x17:0x00000000 x18=0x00000000
     292485.000 ns	     29247	80006484	f00e03d3	fmv.w.x	f7,x28	 x28:0x00000000  f7=0x00000000
     292505.000 ns	     29249	80006488	12e8f913	andi	x18,x17,302	 x17:0x00000000 x18=0x00000000
     292545.000 ns	     29253	8000648c	09817dd3	fsub.s	f27,f2,f24	  f2:0x7fc00000 f24:0x7fc00000 f27=0x7fc00000
     292565.000 ns	     29255	80006490	41875193	srai	x3,x14,0x18	 x14:0x00000000  x3=0x00000000
     292585.000 ns	     29257	80006494	e0040fd3	fmv.x.w	x31,f8	  f8:0x90d8d7cb x31=0x90d8d7cb
     292615.000 ns	     29260	80006498	03830a33	mul	x20,x6,x24	  x6:0xf3317000 x24:0x80041200 x20=0x39e00000
     292635.000 ns	     29262	8000649c	002e8133	add	x2,x29,x2	 x29:0x00000001  x2:0x00000020  x2=0x00000021
     292645.000 ns	     29263	800064a0	d9ad2e13	slti	x28,x26,-614	 x26:0x00000000 x28=0x00000000
     292655.000 ns	     29264	800064a4	408e8ab3	sub	x21,x29,x8	 x29:0x00000001  x8:0x80040fe4 x21=0x7ffbf01d
     293015.000 ns	     29300	800064a8	02b14bb3	div	x23,x2,x11	  x2:0x00000021 x11:0x80041024 x23=0x00000000
     293035.000 ns	     29302	800064ac	0100d313	srli	x6,x1,0x10	  x1:0x00000000  x6=0x00000000
     293045.000 ns	     29303	800064b0	ed336193	ori	x3,x6,-301	  x6:0xf3317000  x3=0xfffffed3
     293065.000 ns	     29305	800064b4	a0032bd3	feq.s	x23,f6,f0	  f6:0x7f800000  f0:0x7fc00000 x23=0x00000000
     293095.000 ns	     29308	800064b8	204693d3	fsgnjn.s	f7,f13,f4	 f13:0x00000001  f4:0xccc7d85d  f7=0x00000001
     293115.000 ns	     29310	800064bc	ca984513	xori	x10,x16,-855	 x16:0x00000020 x10=0xfffffc89
     293475.000 ns	     29346	800064c0	024fe2b3	rem	x5,x31,x4	 x31:0x90d8d7cb  x4:0xffffffff  x5=0x00000000
     293505.000 ns	     29349	800064c4	d0097f53	fcvt.s.w	f30,x18	 x18:0x00000000 f30=0x00000000
     293545.000 ns	     29353	800064c8	10151553	fmul.s	f10,f10,f1	 f10:0x4f000412  f1:0xceffffff f10=0xde800411
     293565.000 ns	     29355	800064cc	01854bb3	xor	x23,x10,x24	 x10:0xfffffc89 x24:0x80041200 x23=0x7ffbee89
     293575.000 ns	     29356	800064d0	412a5e33	sra	x28,x20,x18	 x20:0x39e00000 x18:0x00000000 x28=0x39e00000
     293585.000 ns	     29357	800064d4	90800a97	auipc	x21,0x90800	 x21=0x108064d4
     293605.000 ns	     29359	800064d8	a0f382d3	fle.s	x5,f7,f15	  f7:0x00000001 f15:0x7f800000  x5=0x00000001
     293625.000 ns	     29361	800064dc	f2012393	slti	x7,x2,-224	  x2:0x00000021  x7=0x00000000
     293635.000 ns	     29362	800064e0	410881b3	sub	x3,x17,x16	 x17:0x00000000 x16:0x00000020  x3=0xffffffe0
     293655.000 ns	     29364	800064e4	03f71db3	mulh	x27,x14,x31	 x14:0x00000000 x31:0x90d8d7cb x27=0x00000000
     293675.000 ns	     29366	800064e8	019792b3	sll	x5,x15,x25	 x15:0xf9c13d14 x25:0x00000000  x5=0xf9c13d14
     293715.000 ns	     29370	800064ec	086805d3	fsub.s	f11,f16,f6	 f16:0xff800000  f6:0x7f800000 f11=0x80000000
     293735.000 ns	     29372	800064f0	005d58b3	srl	x17,x26,x5	 x26:0x00000000  x5:0x00000001 x17=0x00000000
     294095.000 ns	     29408	800064f4	02f75833	divu	x16,x14,x15	 x14:0x00000000 x15:0xf9c13d14 x16=0x00000000
     294125.000 ns	     29411	800064f8	28789353	fmax.s	f6,f17,f7	 f17:0x7fc00000  f7:0x00000001  f6=0x00000001
     294155.000 ns	     29414	800064fc	032df4b3	remu	x9,x27,x18	 x27:0x00000000 x18:0x00000000  x9=0x00000000
     294175.000 ns	     29416	80006500	010a72b3	and	x5,x20,x16	 x20:0x39e00000 x16:0x00000000  x5=0x00000000
     294535.000 ns	     29452	80006504	034ac6b3	div	x13,x21,x20	 x21:0x108064d4 x20:0x39e00000 x13=0x00000000
     294555.000 ns	     29454	80006508	ca178e93	addi	x29,x15,-863	 x15:0xf9c13d14 x29=0xf9c139b5
     294575.000 ns	     29456	8000650c	a19d96d3	flt.s	x13,f27,f25	 f27:0x7fc00000 f25:0x4cc7d85d x13=0x00000000
     294605.000 ns	     29459	80006510	02cdad33	mulhsu	x26,x27,x12	 x27:0x00000000 x12:0x00000000 x26=0x00000000
     294625.000 ns	     29461	80006514	4127d993	srai	x19,x15,0x12	 x15:0xf9c13d14 x19=0xfffffe70
     294635.000 ns	     29462	80006518	ddaccc13	xori	x24,x25,-550	 x25:0x00000000 x24=0xfffffdda
     294645.000 ns	     29463	8000651c	a5d1c093	xori	x1,x3,-1443	  x3:0xffffffe0  x1=0x000005bd
     294655.000 ns	     29464	80006520	79be8d13	addi	x26,x29,1947	 x29:0xf9c139b5 x26=0xf9c14150
     294675.000 ns	     29466	80006524	02df01b3	mul	x3,x30,x13	 x30:0x00000000 x13:0x00000000  x3=0x00000000
     294705.000 ns	     29469	80006528	02251833	mulh	x16,x10,x2	 x10:0xfffffc89  x2:0x00000021 x16=0xffffffff
     294735.000 ns	     29472	8000652c	a1d69353	flt.s	x6,f13,f29	 f13:0x00000001 f29:0x44174000  x6=0x00000001
     294765.000 ns	     29475	80006530	027529b3	mulhsu	x19,x10,x7	 x10:0xfffffc89  x7:0x00000000 x19=0x00000000
     294795.000 ns	     29478	80006534	f0000dd3	fmv.w.x	f27,x0	  x0:0x00000000 f27=0x00000000
     295165.000 ns	     29515	80006538	028c7133	remu	x2,x24,x8	 x24:0xfffffdda  x8:0x80040fe4  x2=0x7ffbedf6
     295205.000 ns	     29519	8000653c	580ff2d3	fsqrt.s	f5,f31	 f31:0x7fc00000  f5=0x7fc00000
     295225.000 ns	     29521	80006540	412f5813	srai	x16,x30,0x12	 x30:0x00000000 x16=0x00000000
     295235.000 ns	     29522	80006544	91da0b93	addi	x23,x20,-1763	 x20:0x39e00000 x23=0x39dff91d
     295265.000 ns	     29525	80006548	119ffad3	fmul.s	f21,f31,f25	 f31:0x7fc00000 f25:0x4cc7d85d f21=0x7fc00000
     295305.000 ns	     29529	8000654c	101c7ad3	fmul.s	f21,f24,f1	 f24:0x7fc00000  f1:0xceffffff f21=0x7fc00000
     295325.000 ns	     29531	80006550	00a7cf33	xor	x30,x15,x10	 x15:0xf9c13d14 x10:0xfffffc89 x30=0x063ec19d
     295345.000 ns	     29533	80006554	03630bb3	mul	x23,x6,x22	  x6:0x00000001 x22:0x00000001 x23=0x00000001
     295365.000 ns	     29535	80006558	00c85c13	srli	x24,x16,0xc	 x16:0x00000000 x24=0x00000000
     295695.000 ns	     29568	8000655c	1926f9d3	fdiv.s	f19,f13,f18	 f13:0x00000001 f18:0xceffffff f19=0x80000000
     295725.000 ns	     29571	80006560	03a18133	mul	x2,x3,x26	  x3:0x00000000 x26:0xf9c14150  x2=0x00000000
     295745.000 ns	     29573	80006564	41825993	srai	x19,x4,0x18	  x4:0xffffffff x19=0xffffffff
     295765.000 ns	     29575	80006568	d00b7653	fcvt.s.w	f12,x22	 x22:0x00000001 f12=0x3f800000
     295815.000 ns	     29580	8000656c	00f27453	fadd.s	f8,f4,f15	  f4:0xccc7d85d f15:0x7f800000  f8=0x7f800000
     295845.000 ns	     29583	80006570	a0eca753	feq.s	x14,f25,f14	 f25:0x4cc7d85d f14:0xcf000412 x14=0x00000000
     295875.000 ns	     29586	80006574	a1441053	flt.s	x0,f8,f20	  f8:0x7f800000 f20:0x00000000
     295905.000 ns	     29589	80006578	21ff9bd3	fsgnjn.s	f23,f31,f31	 f31:0x7fc00000 f31:0x7fc00000 f23=0xffc00000
     295935.000 ns	     29592	8000657c	02c28a33	mul	x20,x5,x12	  x5:0x00000000 x12:0x00000000 x20=0x00000000
     295965.000 ns	     29595	80006580	02fe2133	mulhsu	x2,x28,x15	 x28:0x39e00000 x15:0xf9c13d14  x2=0x38768fae
     295995.000 ns	     29598	80006584	d01f0753	fcvt.s.wu	f14,x30	 x30:0x063ec19d f14=0x4cc7d834
     296035.000 ns	     29602	80006588	10f1a553	fmul.s	f10,f3,f15	  f3:0x00000000 f15:0x7f800000 f10=0x7fc00000
     296055.000 ns	     29604	8000658c	6fcb3e13	sltiu	x28,x22,1788	 x22:0x00000001 x28=0x00000001
     296065.000 ns	     29605	80006590	7d77b893	sltiu	x17,x15,2007	 x15:0xf9c13d14 x17=0x00000000
     296105.000 ns	     29609	80006594	005e7a53	fadd.s	f20,f28,f5	 f28:0xffc00000  f5:0x7fc00000 f20=0x7fc00000
     296135.000 ns	     29612	80006598	d00749d3	fcvt.s.w	f19,x14	 x14:0x00000000 f19=0x00000000
     296155.000 ns	     29614	8000659c	41740bb3	sub	x23,x8,x23	  x8:0x80040fe4 x23:0x00000001 x23=0x80040fe3
     296175.000 ns	     29616	800065a0	d01bf253	fcvt.s.wu	f4,x23	 x23:0x00000001  f4=0x4f00040f
     296195.000 ns	     29618	800065a4	fc8b3d13	sltiu	x26,x22,-56	 x22:0x00000001 x26=0x00000001
     296205.000 ns	     29619	800065a8	8ea57a13	andi	x20,x10,-1814	 x10:0xfffffc89 x20=0xfffff888
     296215.000 ns	     29620	800065ac	01015513	srli	x10,x2,0x10	  x2:0x38768fae x10=0x00003876
     296235.000 ns	     29622	800065b0	02189cb3	mulh	x25,x17,x1	 x17:0x00000000  x1:0x000005bd x25=0x00000000
     296255.000 ns	     29624	800065b4	01e05f93	srli	x31,x0,0x1e	  x0:0x00000000 x31=0x00000000
     296275.000 ns	     29626	800065b8	e0039f53	fclass.s	x30,f7	  f7:0x00000001 x30=0x00000020
     296295.000 ns	     29628	800065bc	0186ab33	slt	x22,x13,x24	 x13:0x00000000 x24:0x00000000 x22=0x00000000
     296315.000 ns	     29630	800065c0	e00a10d3	fclass.s	x1,f20	 f20:0x7fc00000  x1=0x00000200
     296345.000 ns	     29633	800065c4	c0182fd3	fcvt.wu.s	x31,f16	 f16:0xff800000 x31=0x00000000
     296375.000 ns	     29636	800065c8	20d49653	fsgnjn.s	f12,f9,f13	  f9:0x00000000 f13:0x00000001 f12=0x80000000
     296395.000 ns	     29638	800065cc	00000013	addi	x0,x0,0	  x0:0x00000000
     296405.000 ns	     29639	800065d0	2bd52913	slti	x18,x10,701	 x10:0x00003876 x18=0x00000000
     296425.000 ns	     29641	800065d4	03f4fb33	remu	x22,x9,x31	  x9:0x00000000 x31:0x00000000 x22=0x00000000
     296445.000 ns	     29643	800065d8	00117233	and	x4,x2,x1	  x2:0x38768fae  x1:0x00000200  x4=0x00000200
     296465.000 ns	     29645	800065dc	02ef72b3	remu	x5,x30,x14	 x30:0x00000020 x14:0x00000000  x5=0x00000020
     296485.000 ns	     29647	800065e0	01ce1633	sll	x12,x28,x28	 x28:0x00000001 x28:0x00000001 x12=0x00000002
     296495.000 ns	     29648	800065e4	1bb98c93	addi	x25,x19,443	 x19:0xffffffff x25=0x000001ba
     296505.000 ns	     29649	800065e8	415c5533	sra	x10,x24,x21	 x24:0x00000000 x21:0x108064d4 x10=0x00000000
     296535.000 ns	     29652	800065ec	11400b53	fmul.s	f22,f0,f20	  f0:0x7fc00000 f20:0x7fc00000 f22=0x7fc00000
     296565.000 ns	     29655	800065f0	0395a333	mulhsu	x6,x11,x25	 x11:0x80041024 x25:0x000001ba  x6=0xffffff23
     296595.000 ns	     29658	800065f4	c006b353	fcvt.w.s	x6,f13	 f13:0x00000001  x6=0x00000000
     296625.000 ns	     29661	800065f8	a1622153	feq.s	x2,f4,f22	  f4:0x4f00040f f22:0x7fc00000  x2=0x00000000
     296665.000 ns	     29665	800065fc	19d9f3d3	fdiv.s	f7,f19,f29	 f19:0x00000000 f29:0x44174000  f7=0x00000000
     296685.000 ns	     29667	80006600	401d5a93	srai	x21,x26,0x1	 x26:0x00000001 x21=0x00000000
     296695.000 ns	     29668	80006604	011e9693	slli	x13,x29,0x11	 x29:0xf9c139b5 x13=0x736a0000
     296725.000 ns	     29671	80006608	19e476d3	fdiv.s	f13,f8,f30	  f8:0x7f800000 f30:0x00000000 f13=0x7f800000
     296755.000 ns	     29674	8000660c	e0018353	fmv.x.w	x6,f3	  f3:0x00000000  x6=0x00000000
     296785.000 ns	     29677	80006610	e0099fd3	fclass.s	x31,f19	 f19:0x00000000 x31=0x00000010
     296815.000 ns	     29680	80006614	297f0a53	fmin.s	f20,f30,f23	 f30:0x00000000 f23:0xffc00000 f20=0x00000000
     296835.000 ns	     29682	80006618	6cb45317	auipc	x6,0x6cb45	  x6=0xecb4b618
     296845.000 ns	     29683	8000661c	010cebb3	or	x23,x25,x16	 x25:0x000001ba x16:0x00000000 x23=0x000001ba
     296875.000 ns	     29686	80006620	5806f0d3	fsqrt.s	f1,f13	 f13:0x7f800000  f1=0x7f800000
     296895.000 ns	     29688	80006624	9df34337	lui	x6,0x9df34	  x6=0x9df34000
     296905.000 ns	     29689	80006628	01591213	slli	x4,x18,0x15	 x18:0x00000000  x4=0x00000000
     296945.000 ns	     29693	8000662c	0178cc53	fadd.s	f24,f17,f23	 f17:0x7fc00000 f23:0xffc00000 f24=0x7fc00000
     297315.000 ns	     29730	80006630	02b9fdb3	remu	x27,x19,x11	 x19:0xffffffff x11:0x80041024 x27=0x7ffbefdb
     297335.000 ns	     29732	80006634	013378b3	and	x17,x6,x19	  x6:0x9df34000 x19:0xffffffff x17=0x9df34000
     297355.000 ns	     29734	80006638	28e691d3	fmax.s	f3,f13,f14	 f13:0x7f800000 f14:0x4cc7d834  f3=0x7f800000
     297385.000 ns	     29737	8000663c	a0c11353	flt.s	x6,f2,f12	  f2:0x7fc00000 f12:0x80000000  x6=0x00000000
     297415.000 ns	     29740	80006640	03f53733	mulhu	x14,x10,x31	 x10:0x00000000 x31:0x00000010 x14=0x00000000
     297445.000 ns	     29743	80006644	02a10333	mul	x6,x2,x10	  x2:0x00000000 x10:0x00000000  x6=0x00000000
     297465.000 ns	     29745	80006648	019b5c93	srli	x25,x22,0x19	 x22:0x00000000 x25=0x00000000
     297475.000 ns	     29746	8000664c	4082d233	sra	x4,x5,x8	  x5:0x00000020  x8:0x80040fe4  x4=0x00000002
     297485.000 ns	     29747	80006650	41a6b813	sltiu	x16,x13,1050	 x13:0x736a0000 x16=0x00000000
     297505.000 ns	     29749	80006654	21471ed3	fsgnjn.s	f29,f14,f20	 f14:0x4cc7d834 f20:0x00000000 f29=0xccc7d834
     297525.000 ns	     29751	80006658	e8f81097	auipc	x1,0xe8f81	  x1=0x68f87658
     297545.000 ns	     29753	8000665c	02fb3ab3	mulhu	x21,x22,x15	 x22:0x00000000 x15:0xf9c13d14 x21=0x00000000
     297585.000 ns	     29757	80006660	1997b3d3	fdiv.s	f7,f15,f25	 f15:0x7f800000 f25:0x4cc7d85d  f7=0x7f800000
     297605.000 ns	     29759	80006664	011b0333	add	x6,x22,x17	 x22:0x00000000 x17:0x9df34000  x6=0x9df34000
     297615.000 ns	     29760	80006668	005ceab3	or	x21,x25,x5	 x25:0x00000000  x5:0x00000020 x21=0x00000020
     297635.000 ns	     29762	8000666c	c014c153	fcvt.wu.s	x2,f9	  f9:0x00000000  x2=0x00000000
     297655.000 ns	     29764	80006670	b507fb93	andi	x23,x15,-1200	 x15:0xf9c13d14 x23=0xf9c13910
     297665.000 ns	     29765	80006674	a17d4c93	xori	x25,x26,-1513	 x26:0x00000001 x25=0xfffffa16
     297705.000 ns	     29769	80006678	09a07253	fsub.s	f4,f0,f26	  f0:0x7fc00000 f26:0x00000000  f4=0x7fc00000
     297735.000 ns	     29772	8000667c	d01ef153	fcvt.s.wu	f2,x29	 x29:0xf9c139b5  f2=0x4f79c139
     297755.000 ns	     29774	80006680	00000013	addi	x0,x0,0	  x0:0x00000000
     297765.000 ns	     29775	80006684	29e8c097	auipc	x1,0x29e8c	  x1=0xa9e92684
     297775.000 ns	     29776	80006688	03442093	slti	x1,x8,52	  x8:0x80040fe4  x1=0x00000001
     297795.000 ns	     29778	8000668c	a0d9a153	feq.s	x2,f19,f13	 f19:0x00000000 f13:0x7f800000  x2=0x00000000
     297825.000 ns	     29781	80006690	034e1a33	mulh	x20,x28,x20	 x28:0x00000001 x20:0xfffff888 x20=0xffffffff
     297845.000 ns	     29783	80006694	00b61e93	slli	x29,x12,0xb	 x12:0x00000002 x29=0x00001000
     297855.000 ns	     29784	80006698	01afeb33	or	x22,x31,x26	 x31:0x00000010 x26:0x00000001 x22=0x00000011
     297875.000 ns	     29786	8000669c	f0020dd3	fmv.w.x	f27,x4	  x4:0x00000002 f27=0x00000002
     297895.000 ns	     29788	800066a0	404cdf33	sra	x30,x25,x4	 x25:0xfffffa16  x4:0x00000002 x30=0xfffffe85
     297915.000 ns	     29790	800066a4	a1a793d3	flt.s	x7,f15,f26	 f15:0x7f800000 f26:0x00000000  x7=0x00000000
     297935.000 ns	     29792	800066a8	01b22cb3	slt	x25,x4,x27	  x4:0x00000002 x27:0x7ffbefdb x25=0x00000001
     297945.000 ns	     29793	800066ac	00f83fb3	sltu	x31,x16,x15	 x16:0x00000000 x15:0xf9c13d14 x31=0x00000001
     297965.000 ns	     29795	800066b0	03429fb3	mulh	x31,x5,x20	  x5:0x00000020 x20:0xffffffff x31=0xffffffff
     297995.000 ns	     29798	800066b4	03b7b033	mulhu	x0,x15,x27	 x15:0xf9c13d14 x27:0x7ffbefdb
     298025.000 ns	     29801	800066b8	29e41153	fmax.s	f2,f8,f30	  f8:0x7f800000 f30:0x00000000  f2=0x7f800000
     298045.000 ns	     29803	800066bc	01118db3	add	x27,x3,x17	  x3:0x00000000 x17:0x9df34000 x27=0x9df34000
     298405.000 ns	     29839	800066c0	028b7eb3	remu	x29,x22,x8	 x22:0x00000011  x8:0x80040fe4 x29=0x00000011
     298425.000 ns	     29841	800066c4	e4b10d13	addi	x26,x2,-437	  x2:0x00000000 x26=0xfffffe4b
     298465.000 ns	     29845	800066c8	00ae2853	fadd.s	f16,f28,f10	 f28:0xffc00000 f10:0x7fc00000 f16=0x7fc00000
     298495.000 ns	     29848	800066cc	20b11853	fsgnjn.s	f16,f2,f11	  f2:0x7f800000 f11:0x80000000 f16=0x7f800000
     298525.000 ns	     29851	800066d0	d0122653	fcvt.s.wu	f12,x4	  x4:0x00000002 f12=0x40000000
     298545.000 ns	     29853	800066d4	40bfdd33	sra	x26,x31,x11	 x31:0xffffffff x11:0x80041024 x26=0xffffffff
     298555.000 ns	     29854	800066d8	0031fbb3	and	x23,x3,x3	  x3:0x00000000  x3:0x00000000 x23=0x00000000
     298595.000 ns	     29858	800066dc	0810aed3	fsub.s	f29,f1,f1	  f1:0x7f800000  f1:0x7f800000 f29=0x80000000
     298615.000 ns	     29860	800066e0	042de113	ori	x2,x27,66	 x27:0x9df34000  x2=0x9df34042
     298635.000 ns	     29862	800066e4	a1af2dd3	feq.s	x27,f30,f26	 f30:0x00000000 f26:0x00000000 x27=0x00000001
     298665.000 ns	     29865	800066e8	a12d1953	flt.s	x18,f26,f18	 f26:0x00000000 f18:0xceffffff x18=0x00000000
     298685.000 ns	     29867	800066ec	40615633	sra	x12,x2,x6	  x2:0x9df34042  x6:0x9df34000 x12=0x9df34042
     298705.000 ns	     29869	800066f0	219298d3	fsgnjn.s	f17,f5,f25	  f5:0x7fc00000 f25:0x4cc7d85d f17=0xffc00000
     298735.000 ns	     29872	800066f4	a19a94d3	flt.s	x9,f21,f25	 f21:0x7fc00000 f25:0x4cc7d85d  x9=0x00000000
     299105.000 ns	     29909	800066f8	03dc73b3	remu	x7,x24,x29	 x24:0x00000000 x29:0x00000011  x7=0x00000000
     299135.000 ns	     29912	800066fc	289a9ad3	fmax.s	f21,f21,f9	 f21:0x7fc00000  f9:0x00000000 f21=0x00000000
     299165.000 ns	     29915	80006700	02cfaeb3	mulhsu	x29,x31,x12	 x31:0xffffffff x12:0x9df34042 x29=0xffffffff
     299205.000 ns	     29919	80006704	116f7bd3	fmul.s	f23,f30,f22	 f30:0x00000000 f22:0x7fc00000 f23=0x7fc00000
     299245.000 ns	     29923	80006708	19f373d3	fdiv.s	f7,f6,f31	  f6:0x00000001 f31:0x7fc00000  f7=0x7fc00000
     299265.000 ns	     29925	8000670c	01c8d0b3	srl	x1,x17,x28	 x17:0x9df34000 x28:0x00000001  x1=0x4ef9a000
     299285.000 ns	     29927	80006710	20d6af53	fsgnjx.s	f30,f13,f13	 f13:0x7f800000 f13:0x7f800000 f30=0x7f800000
     299305.000 ns	     29929	80006714	01831c93	slli	x25,x6,0x18	  x6:0x9df34000 x25=0x00000000
     299315.000 ns	     29930	80006718	77b97813	andi	x16,x18,1915	 x18:0x00000000 x16=0x00000000
     299675.000 ns	     29966	8000671c	02fc70b3	remu	x1,x24,x15	 x24:0x00000000 x15:0xf9c13d14  x1=0x00000000
     299715.000 ns	     29970	80006720	1893f453	fdiv.s	f8,f7,f9	  f7:0x7fc00000  f9:0x00000000  f8=0x7fc00000
     299735.000 ns	     29972	80006724	00885c13	srli	x24,x16,0x8	 x16:0x00000000 x24=0x00000000
     299775.000 ns	     29976	80006728	006e7853	fadd.s	f16,f28,f6	 f28:0xffc00000  f6:0x00000001 f16=0x7fc00000
     299795.000 ns	     29978	8000672c	01ae4233	xor	x4,x28,x26	 x28:0x00000001 x26:0xffffffff  x4=0xfffffffe
     299825.000 ns	     29981	80006730	1157f0d3	fmul.s	f1,f15,f21	 f15:0x7f800000 f21:0x00000000  f1=0x7fc00000
     299845.000 ns	     29983	80006734	01d1bab3	sltu	x21,x3,x29	  x3:0x00000000 x29:0xffffffff x21=0x00000001
     301015.000 ns	     30100	80006738	580cc053	fsqrt.s	f0,f25	 f25:0x4cc7d85d  f0=0x461ff021
     301045.000 ns	     30103	8000673c	e0011553	fclass.s	x10,f2	  f2:0x7f800000 x10=0x00000080
     301065.000 ns	     30105	80006740	009e5713	srli	x14,x28,0x9	 x28:0x00000001 x14=0x00000000
     301085.000 ns	     30107	80006744	d01bfdd3	fcvt.s.wu	f27,x23	 x23:0x00000000 f27=0x00000000
     301115.000 ns	     30110	80006748	c00d4253	fcvt.w.s	x4,f26	 f26:0x00000000  x4=0x00000000
     301145.000 ns	     30113	8000674c	020bd4b3	divu	x9,x23,x0	 x23:0x00000000  x0:0x00000000  x9=0xffffffff
     301175.000 ns	     30116	80006750	037680b3	mul	x1,x13,x23	 x13:0x736a0000 x23:0x00000000  x1=0x00000000
     301205.000 ns	     30119	80006754	02dc21b3	mulhsu	x3,x24,x13	 x24:0x00000000 x13:0x736a0000  x3=0x00000000
     301225.000 ns	     30121	80006758	01f55393	srli	x7,x10,0x1f	 x10:0x00000080  x7=0x00000000
     301245.000 ns	     30123	8000675c	c0151e53	fcvt.wu.s	x28,f10	 f10:0x7fc00000 x28=0xffffffff
     301265.000 ns	     30125	80006760	201ff113	andi	x2,x31,513	 x31:0xffffffff  x2=0x00000201
     301275.000 ns	     30126	80006764	b6018913	addi	x18,x3,-1184	  x3:0x00000000 x18=0xfffffb60
     301605.000 ns	     30159	80006768	18c90653	fdiv.s	f12,f18,f12	 f18:0xceffffff f12:0x40000000 f12=0xce080b5e
     301625.000 ns	     30161	8000676c	00caf633	and	x12,x21,x12	 x21:0x00000001 x12:0x9df34042 x12=0x00000000
     301645.000 ns	     30163	80006770	035314b3	mulh	x9,x6,x21	  x6:0x9df34000 x21:0x00000001  x9=0xffffffff
     301665.000 ns	     30165	80006774	00b0dc93	srli	x25,x1,0xb	  x1:0x00000000 x25=0x00000000
     301685.000 ns	     30167	80006778	021693b3	mulh	x7,x13,x1	 x13:0x736a0000  x1:0x00000000  x7=0x00000000
     301715.000 ns	     30170	8000677c	03969c33	mulh	x24,x13,x25	 x13:0x736a0000 x25:0x00000000 x24=0x00000000
     301735.000 ns	     30172	80006780	195f0813	addi	x16,x30,405	 x30:0xfffffe85 x16=0x0000001a
     301745.000 ns	     30173	80006784	0012f3b3	and	x7,x5,x1	  x5:0x00000020  x1:0x00000000  x7=0x00000000
     301755.000 ns	     30174	80006788	00c8d393	srli	x7,x17,0xc	 x17:0x9df34000  x7=0x0009df34
     301765.000 ns	     30175	8000678c	2673a993	slti	x19,x7,615	  x7:0x00000000 x19=0x00000000
     301785.000 ns	     30177	80006790	02df06b3	mul	x13,x30,x13	 x30:0xfffffe85 x13:0x736a0000 x13=0x22120000
     301805.000 ns	     30179	80006794	d7eba693	slti	x13,x23,-642	 x23:0x00000000 x13=0x00000000
     301815.000 ns	     30180	80006798	cb0991b7	lui	x3,0xcb099	  x3=0xcb099000
     301835.000 ns	     30182	8000679c	03936033	rem	x0,x6,x25	  x6:0x9df34000 x25:0x00000000
     301865.000 ns	     30185	800067a0	a10623d3	feq.s	x7,f12,f16	 f12:0xce080b5e f16:0x7fc00000  x7=0x00000000
     301895.000 ns	     30188	800067a4	03b82b33	mulhsu	x22,x16,x27	 x16:0x0000001a x27:0x00000001 x22=0x00000000
     301915.000 ns	     30190	800067a8	40840fb3	sub	x31,x8,x8	  x8:0x80040fe4  x8:0x80040fe4 x31=0x00000000
     301925.000 ns	     30191	800067ac	016a89b3	add	x19,x21,x22	 x21:0x00000001 x22:0x00000000 x19=0x00000001
     301945.000 ns	     30193	800067b0	c002fed3	fcvt.w.s	x29,f5	  f5:0x7fc00000 x29=0x7fffffff
     301975.000 ns	     30196	800067b4	28869d53	fmax.s	f26,f13,f8	 f13:0x7f800000  f8:0x7fc00000 f26=0x7f800000
     302005.000 ns	     30199	800067b8	036a4733	div	x14,x20,x22	 x20:0xffffffff x22:0x00000000 x14=0xffffffff
     302025.000 ns	     30201	800067bc	8920a113	slti	x2,x1,-1902	  x1:0x00000000  x2=0x00000000
     302045.000 ns	     30203	800067c0	28739c53	fmax.s	f24,f7,f7	  f7:0x7fc00000  f7:0x7fc00000 f24=0x7fc00000
     302065.000 ns	     30205	800067c4	81ac5b37	lui	x22,0x81ac5	 x22=0x81ac5000
     302075.000 ns	     30206	800067c8	00000013	addi	x0,x0,0	  x0:0x00000000
     302085.000 ns	     30207	800067cc	9f98af93	slti	x31,x17,-1543	 x17:0x9df34000 x31=0x00000001
     302115.000 ns	     30210	800067d0	58088753	fsqrt.s	f14,f17	 f17:0xffc00000 f14=0x7fc00000
     302135.000 ns	     30212	800067d4	017d9fb3	sll	x31,x27,x23	 x27:0x00000001 x23:0x00000000 x31=0x00000001
     302145.000 ns	     30213	800067d8	01cbe8b3	or	x17,x23,x28	 x23:0x00000000 x28:0xffffffff x17=0xffffffff
     302155.000 ns	     30214	800067dc	0116a9b3	slt	x19,x13,x17	 x13:0x00000000 x17:0x9df34000 x19=0x00000000
     302165.000 ns	     30215	800067e0	dd897c93	andi	x25,x18,-552	 x18:0xfffffb60 x25=0xfffff940
     302185.000 ns	     30217	800067e4	c01cf9d3	fcvt.wu.s	x19,f25	 f25:0x4cc7d85d x19=0x063ec2e8
     302205.000 ns	     30219	800067e8	01708633	add	x12,x1,x23	  x1:0x00000000 x23:0x00000000 x12=0x00000000
     302225.000 ns	     30221	800067ec	d003f3d3	fcvt.s.w	f7,x7	  x7:0x00000000  f7=0x00000000
     302245.000 ns	     30223	800067f0	9a73b293	sltiu	x5,x7,-1625	  x7:0x00000000  x5=0x00000001
     302265.000 ns	     30225	800067f4	20b11853	fsgnjn.s	f16,f2,f11	  f2:0x7f800000 f11:0x80000000 f16=0x7f800000
     302285.000 ns	     30227	800067f8	0194b933	sltu	x18,x9,x25	  x9:0xffffffff x25:0xfffff940 x18=0x00000000
     302295.000 ns	     30228	800067fc	ea760e93	addi	x29,x12,-345	 x12:0x00000000 x29=0xfffffea7
     302315.000 ns	     30230	80006800	288b8cd3	fmin.s	f25,f23,f8	 f23:0x7fc00000  f8:0x7fc00000 f25=0x7fc00000
     302365.000 ns	     30235	80006804	083b83d3	fsub.s	f7,f23,f3	 f23:0x7fc00000  f3:0x7f800000  f7=0x7fc00000
     302395.000 ns	     30238	80006808	a1c320d3	feq.s	x1,f6,f28	  f6:0x00000001 f28:0xffc00000  x1=0x00000000
     302415.000 ns	     30240	8000680c	01c81633	sll	x12,x16,x28	 x16:0x0000001a x28:0xffffffff x12=0x00000000
     302425.000 ns	     30241	80006810	f0d52b17	auipc	x22,0xf0d52	 x22=0x70d58810
     302435.000 ns	     30242	80006814	40855293	srai	x5,x10,0x8	 x10:0x00000080  x5=0x00000000
     302445.000 ns	     30243	80006818	0130d193	srli	x3,x1,0x13	  x1:0x00000000  x3=0x00000000
     302465.000 ns	     30245	8000681c	034d2ab3	mulhsu	x21,x26,x20	 x26:0xffffffff x20:0xffffffff x21=0xffffffff
     302485.000 ns	     30247	80006820	0191f3b3	and	x7,x3,x25	  x3:0xcb099000 x25:0xfffff940  x7=0x00000000
     302515.000 ns	     30250	80006824	580f01d3	fsqrt.s	f3,f30	 f30:0x7f800000  f3=0x7f800000
     302535.000 ns	     30252	80006828	012fb8b3	sltu	x17,x31,x18	 x31:0x00000001 x18:0x00000000 x17=0x00000000
     302895.000 ns	     30288	8000682c	02b9d333	divu	x6,x19,x11	 x19:0x063ec2e8 x11:0x80041024  x6=0x00000000
     302925.000 ns	     30291	80006830	205d1bd3	fsgnjn.s	f23,f26,f5	 f26:0x7f800000  f5:0x7fc00000 f23=0xff800000
     302965.000 ns	     30295	80006834	19d59fd3	fdiv.s	f31,f11,f29	 f11:0x80000000 f29:0x80000000 f31=0x7fc00000
     302985.000 ns	     30297	80006838	8f9f3c93	sltiu	x25,x30,-1799	 x30:0xfffffe85 x25=0x00000000
     302995.000 ns	     30298	8000683c	07454713	xori	x14,x10,116	 x10:0x00000080 x14=0x000000f4
     303015.000 ns	     30300	80006840	02a22333	mulhsu	x6,x4,x10	  x4:0x00000000 x10:0x00000080  x6=0x00000000
     303045.000 ns	     30303	80006844	20d621d3	fsgnjx.s	f3,f12,f13	 f12:0xce080b5e f13:0x7f800000  f3=0xce080b5e
     303095.000 ns	     30308	80006848	00a4c453	fadd.s	f8,f9,f10	  f9:0x00000000 f10:0x7fc00000  f8=0x7fc00000
     303125.000 ns	     30311	8000684c	c018f253	fcvt.wu.s	x4,f17	 f17:0xffc00000  x4=0xffffffff
     303175.000 ns	     30316	80006850	00433653	fadd.s	f12,f6,f4	  f6:0x00000001  f4:0x7fc00000 f12=0x7fc00000
     303195.000 ns	     30318	80006854	00c78133	add	x2,x15,x12	 x15:0xf9c13d14 x12:0x00000000  x2=0xf9c13d14
     303215.000 ns	     30320	80006858	a07e84d3	fle.s	x9,f29,f7	 f29:0x80000000  f7:0x7fc00000  x9=0x00000000
     303235.000 ns	     30322	8000685c	00259b33	sll	x22,x11,x2	 x11:0x80041024  x2:0x00000000 x22=0x02400000
     303275.000 ns	     30326	80006860	018eca53	fadd.s	f20,f29,f24	 f29:0x80000000 f24:0x7fc00000 f20=0x7fc00000
     303645.000 ns	     30363	80006864	0288f233	remu	x4,x17,x8	 x17:0x00000000  x8:0x80040fe4  x4=0x00000000
     303665.000 ns	     30365	80006868	01361c93	slli	x25,x12,0x13	 x12:0x00000000 x25=0x00000000
     303685.000 ns	     30367	8000686c	f0000fd3	fmv.w.x	f31,x0	  x0:0x00000000 f31=0x00000000
     303705.000 ns	     30369	80006870	00000013	addi	x0,x0,0	  x0:0x00000000
     303725.000 ns	     30371	80006874	217d2353	fsgnjx.s	f6,f26,f23	 f26:0x7f800000 f23:0xff800000  f6=0xff800000
     303745.000 ns	     30373	80006878	648deb93	ori	x23,x27,1608	 x27:0x00000001 x23=0x00000649
     303765.000 ns	     30375	8000687c	21ac0b53	fsgnj.s	f22,f24,f26	 f24:0x7fc00000 f26:0x7f800000 f22=0x7fc00000
     303795.000 ns	     30378	80006880	204827d3	fsgnjx.s	f15,f16,f4	 f16:0x7f800000  f4:0x7fc00000 f15=0x7f800000
     303825.000 ns	     30381	80006884	21fe9d53	fsgnjn.s	f26,f29,f31	 f29:0x80000000 f31:0x00000000 f26=0x80000000
     303855.000 ns	     30384	80006888	c0123d53	fcvt.wu.s	x26,f4	  f4:0x7fc00000 x26=0xffffffff
     303905.000 ns	     30389	8000688c	01ecc853	fadd.s	f16,f25,f30	 f25:0x7fc00000 f30:0x7f800000 f16=0x7fc00000
     303925.000 ns	     30391	80006890	c89e0193	addi	x3,x28,-887	 x28:0xffffffff  x3=0xfffffc88
     303935.000 ns	     30392	80006894	00f95813	srli	x16,x18,0xf	 x18:0x00000000 x16=0x00000000
     303955.000 ns	     30394	80006898	d00e7bd3	fcvt.s.w	f23,x28	 x28:0xffffffff f23=0xbf800000
     303985.000 ns	     30397	8000689c	c0153a53	fcvt.wu.s	x20,f10	 f10:0x7fc00000 x20=0xffffffff
     304005.000 ns	     30399	800068a0	412b8fb3	sub	x31,x23,x18	 x23:0x00000649 x18:0x00000000 x31=0x00000649
     304015.000 ns	     30400	800068a4	b7256093	ori	x1,x10,-1166	 x10:0x00000080  x1=0xfffffbf2
     304025.000 ns	     30401	800068a8	d12c8493	addi	x9,x25,-750	 x25:0x00000000  x9=0xfffffd12
     304045.000 ns	     30403	800068ac	0267a8b3	mulhsu	x17,x15,x6	 x15:0xf9c13d14  x6:0x00000000 x17=0x00000000
     304075.000 ns	     30406	800068b0	c00cf353	fcvt.w.s	x6,f25	 f25:0x7fc00000  x6=0x7fffffff
     304105.000 ns	     30409	800068b4	21eda2d3	fsgnjx.s	f5,f27,f30	 f27:0x00000000 f30:0x7f800000  f5=0x00000000
     304155.000 ns	     30414	800068b8	090ff553	fsub.s	f10,f31,f16	 f31:0x00000000 f16:0x7fc00000 f10=0x7fc00000
     304175.000 ns	     30416	800068bc	7a2e1a17	auipc	x20,0x7a2e1	 x20=0xfa2e78bc
     304185.000 ns	     30417	800068c0	3520a013	slti	x0,x1,850	  x1:0xfffffbf2
     304215.000 ns	     30420	800068c4	1877b053	fdiv.s	f0,f15,f7	 f15:0x7f800000  f7:0x7fc00000  f0=0x7fc00000
     304245.000 ns	     30423	800068c8	e00b0853	fmv.x.w	x16,f22	 f22:0x7fc00000 x16=0x7fc00000
     304265.000 ns	     30425	800068cc	40cc0633	sub	x12,x24,x12	 x24:0x00000000 x12:0x00000000 x12=0x00000000
     304285.000 ns	     30427	800068d0	020e1f33	mulh	x30,x28,x0	 x28:0xffffffff  x0:0x00000000 x30=0x00000000
     304325.000 ns	     30431	800068d4	103af653	fmul.s	f12,f21,f3	 f21:0x00000000  f3:0xce080b5e f12=0x80000000
     304695.000 ns	     30468	800068d8	023cd833	divu	x16,x25,x3	 x25:0x00000000  x3:0xfffffc88 x16=0x00000000
     304715.000 ns	     30470	800068dc	1806ed13	ori	x26,x13,384	 x13:0x00000000 x26=0x00000180
     304725.000 ns	     30471	800068e0	2a8b2d93	slti	x27,x22,680	 x22:0x02400000 x27=0x00000000
     304735.000 ns	     30472	800068e4	bf9c78b7	lui	x17,0xbf9c7	 x17=0xbf9c7000
     304745.000 ns	     30473	800068e8	14ce6e93	ori	x29,x28,332	 x28:0xffffffff x29=0xffffffff
     304755.000 ns	     30474	800068ec	06ab6393	ori	x7,x22,106	 x22:0x02400000  x7=0x0240006a
     304775.000 ns	     30476	800068f0	02b7bbb3	mulhu	x23,x15,x11	 x15:0xf9c13d14 x11:0x80041024 x23=0x7ce4954e
     304805.000 ns	     30479	800068f4	c00190d3	fcvt.w.s	x1,f3	  f3:0xce080b5e  x1=0xddfd2880
     304835.000 ns	     30482	800068f8	284f99d3	fmax.s	f19,f31,f4	 f31:0x00000000  f4:0x7fc00000 f19=0x00000000
     304855.000 ns	     30484	800068fc	005cf9b3	and	x19,x25,x5	 x25:0x00000000  x5:0x00000000 x19=0x00000000
     304875.000 ns	     30486	80006900	038c8033	mul	x0,x25,x24	 x25:0x00000000 x24:0x00000000
     304905.000 ns	     30489	80006904	291a1353	fmax.s	f6,f20,f17	 f20:0x7fc00000 f17:0xffc00000  f6=0x7fc00000
     304935.000 ns	     30492	80006908	025e2633	mulhsu	x12,x28,x5	 x28:0xffffffff  x5:0x00000000 x12=0x00000000
     304955.000 ns	     30494	8000690c	0044f233	and	x4,x9,x4	  x9:0xfffffd12  x4:0x00000000  x4=0x00000000
     304975.000 ns	     30496	80006910	a1eb9b53	flt.s	x22,f23,f30	 f23:0xbf800000 f30:0x7f800000 x22=0x00000001
     304995.000 ns	     30498	80006914	fdac5d17	auipc	x26,0xfdac5	 x26=0x7dacb914
     305015.000 ns	     30500	80006918	a0ca9953	flt.s	x18,f21,f12	 f21:0x00000000 f12:0x80000000 x18=0x00000000
     305035.000 ns	     30502	8000691c	43f0b813	sltiu	x16,x1,1087	  x1:0xddfd2880 x16=0x00000000
     305055.000 ns	     30504	80006920	28d81153	fmax.s	f2,f16,f13	 f16:0x7fc00000 f13:0x7f800000  f2=0x7f800000
     305075.000 ns	     30506	80006924	00712cb3	slt	x25,x2,x7	  x2:0xf9c13d14  x7:0x0240006a x25=0x00000001
     305085.000 ns	     30507	80006928	0008b233	sltu	x4,x17,x0	 x17:0xbf9c7000  x0:0x00000000  x4=0x00000000
     305105.000 ns	     30509	8000692c	02c222b3	mulhsu	x5,x4,x12	  x4:0x00000000 x12:0x00000000  x5=0x00000000
     305475.000 ns	     30546	80006930	0217e933	rem	x18,x15,x1	 x15:0xf9c13d14  x1:0xddfd2880 x18=0xf9c13d14
     305505.000 ns	     30549	80006934	a16523d3	feq.s	x7,f10,f22	 f10:0x7fc00000 f22:0x7fc00000  x7=0x00000000
     305525.000 ns	     30551	80006938	1c5ce817	auipc	x16,0x1c5ce	 x16=0x9c5d4938
     305535.000 ns	     30552	8000693c	00000013	addi	x0,x0,0	  x0:0x00000000
     305545.000 ns	     30553	80006940	2655ff13	andi	x30,x11,613	 x11:0x80041024 x30=0x00000024
     305555.000 ns	     30554	80006944	88186813	ori	x16,x16,-1919	 x16:0x9c5d4938 x16=0xfffff9b9
     305565.000 ns	     30555	80006948	019a68b3	or	x17,x20,x25	 x20:0xfa2e78bc x25:0x00000001 x17=0xfa2e78bd
     305605.000 ns	     30559	8000694c	00c0fa53	fadd.s	f20,f1,f12	  f1:0x7fc00000 f12:0x80000000 f20=0x7fc00000
     305625.000 ns	     30561	80006950	00c09e13	slli	x28,x1,0xc	  x1:0xddfd2880 x28=0xd2880000
     305645.000 ns	     30563	80006954	03109633	mulh	x12,x1,x17	  x1:0xddfd2880 x17:0xfa2e78bd x12=0x00c5e47f
     306015.000 ns	     30600	80006958	02fcceb3	div	x29,x25,x15	 x25:0x00000001 x15:0xf9c13d14 x29=0x00000000
     306035.000 ns	     30602	8000695c	5ef1af93	slti	x31,x3,1519	  x3:0xfffffc88 x31=0x00000001
     306045.000 ns	     30603	80006960	00000013	addi	x0,x0,0	  x0:0x00000000
     306055.000 ns	     30604	80006964	00000013	addi	x0,x0,0	  x0:0x00000000
     306065.000 ns	     30605	80006968	41de5133	sra	x2,x28,x29	 x28:0xd2880000 x29:0x00000000  x2=0xd2880000
     306075.000 ns	     30606	8000696c	8ea23237	lui	x4,0x8ea23	  x4=0x8ea23000
     306095.000 ns	     30608	80006970	0399a3b3	mulhsu	x7,x19,x25	 x19:0x00000000 x25:0x00000001  x7=0x00000000
     306115.000 ns	     30610	80006974	971fec13	ori	x24,x31,-1679	 x31:0x00000001 x24=0xfffff971
     306135.000 ns	     30612	80006978	e0098cd3	fmv.x.w	x25,f19	 f19:0x00000000 x25=0x00000000
     306155.000 ns	     30614	8000697c	00000013	addi	x0,x0,0	  x0:0x00000000
     306175.000 ns	     30616	80006980	a11ca953	feq.s	x18,f25,f17	 f25:0x7fc00000 f17:0xffc00000 x18=0x00000000
     306215.000 ns	     30620	80006984	11ba30d3	fmul.s	f1,f20,f27	 f20:0x7fc00000 f27:0x00000000  f1=0x7fc00000
     306255.000 ns	     30624	80006988	580b70d3	fsqrt.s	f1,f22	 f22:0x7fc00000  f1=0x7fc00000
     306275.000 ns	     30626	8000698c	40650133	sub	x2,x10,x6	 x10:0x00000080  x6:0x7fffffff  x2=0x80000081
     306295.000 ns	     30628	80006990	03539cb3	mulh	x25,x7,x21	  x7:0x00000000 x21:0xffffffff x25=0x00000000
     306315.000 ns	     30630	80006994	01fb9cb3	sll	x25,x23,x31	 x23:0x7ce4954e x31:0x00000001 x25=0xf9c92a9c
     306335.000 ns	     30632	80006998	209f8f53	fsgnj.s	f30,f31,f9	 f31:0x00000000  f9:0x00000000 f30=0x00000000
     306365.000 ns	     30635	8000699c	02810fb3	mul	x31,x2,x8	  x2:0x80000081  x8:0x80040fe4 x31=0x820c01e4
     306385.000 ns	     30637	800069a0	40ae8a33	sub	x20,x29,x10	 x29:0x00000000 x10:0x00000080 x20=0xffffff80
     306405.000 ns	     30639	800069a4	e00c01d3	fmv.x.w	x3,f24	 f24:0x7fc00000  x3=0x7fc00000
     306455.000 ns	     30644	800069a8	00c275d3	fadd.s	f11,f4,f12	  f4:0x7fc00000 f12:0x80000000 f11=0x7fc00000
     306475.000 ns	     30646	800069ac	b15c3293	sltiu	x5,x24,-1259	 x24:0xfffff971  x5=0x00000001
     306495.000 ns	     30648	800069b0	a0142e53	feq.s	x28,f8,f1	  f8:0x7fc00000  f1:0x7fc00000 x28=0x00000000
     306515.000 ns	     30650	800069b4	41af84b3	sub	x9,x31,x26	 x31:0x820c01e4 x26:0x7dacb914  x9=0x045f48d0
     306875.000 ns	     30686	800069b8	02e86ab3	rem	x21,x16,x14	 x16:0xfffff9b9 x14:0x000000f4 x21=0xffffff71
     306895.000 ns	     30688	800069bc	019e5d13	srli	x26,x28,0x19	 x28:0x00000000 x26=0x00000000
     306915.000 ns	     30690	800069c0	02101033	mulh	x0,x0,x1	  x0:0x00000000  x1:0xddfd2880
     306935.000 ns	     30692	800069c4	f4140c13	addi	x24,x8,-191	  x8:0x80040fe4 x24=0x80040f25
     306945.000 ns	     30693	800069c8	b6de0893	addi	x17,x28,-1171	 x28:0x00000000 x17=0xfffffb6d
     306965.000 ns	     30695	800069cc	e0091153	fclass.s	x2,f18	 f18:0xceffffff  x2=0x00000002
     307335.000 ns	     30732	800069d0	037ce833	rem	x16,x25,x23	 x25:0xf9c92a9c x23:0x7ce4954e x16=0xf9c92a9c
     307355.000 ns	     30734	800069d4	013e5e13	srli	x28,x28,0x13	 x28:0x00000000 x28=0x00000000
     307365.000 ns	     30735	800069d8	405e56b3	sra	x13,x28,x5	 x28:0x00000000  x5:0x00000001 x13=0x00000000
     307395.000 ns	     30738	800069dc	19017c53	fdiv.s	f24,f2,f16	  f2:0x7f800000 f16:0x7fc00000 f24=0x7fc00000
     307765.000 ns	     30775	800069e0	02284733	div	x14,x16,x2	 x16:0xf9c92a9c  x2:0x00000002 x14=0xfce4954e
     307795.000 ns	     30778	800069e4	288b1cd3	fmax.s	f25,f22,f8	 f22:0x7fc00000  f8:0x7fc00000 f25=0x7fc00000
     307825.000 ns	     30781	800069e8	c01e4d53	fcvt.wu.s	x26,f28	 f28:0xffc00000 x26=0xffffffff
     307855.000 ns	     30784	800069ec	29289753	fmax.s	f14,f17,f18	 f17:0xffc00000 f18:0xceffffff f14=0xceffffff
     307905.000 ns	     30789	800069f0	015949d3	fadd.s	f19,f18,f21	 f18:0xceffffff f21:0x00000000 f19=0xceffffff
     307925.000 ns	     30791	800069f4	00000013	addi	x0,x0,0	  x0:0x00000000
     307945.000 ns	     30793	800069f8	0277de33	divu	x28,x15,x7	 x15:0xf9c13d14  x7:0x00000000 x28=0xffffffff
     307975.000 ns	     30796	800069fc	e00200d3	fmv.x.w	x1,f4	  f4:0x7fc00000  x1=0x7fc00000
     307995.000 ns	     30798	80006a00	01ccb033	sltu	x0,x25,x28	 x25:0xf9c92a9c x28:0xffffffff
     308005.000 ns	     30799	80006a04	002a1a13	slli	x20,x20,0x2	 x20:0xffffff80 x20=0xfffffe00
     308025.000 ns	     30801	80006a08	e0089853	fclass.s	x16,f17	 f17:0xffc00000 x16=0x00000200
     308055.000 ns	     30804	80006a0c	d00ab8d3	fcvt.s.w	f17,x21	 x21:0xffffff71 f17=0xc30f0000
     308075.000 ns	     30806	80006a10	00e59d33	sll	x26,x11,x14	 x11:0x80041024 x14:0xfce4954e x26=0x04090000
     308085.000 ns	     30807	80006a14	aaf9e713	ori	x14,x19,-1361	 x19:0x00000000 x14=0xfffffaaf
     308105.000 ns	     30809	80006a18	29708353	fmin.s	f6,f1,f23	  f1:0x7fc00000 f23:0xbf800000  f6=0xbf800000
     308475.000 ns	     30846	80006a1c	0392f6b3	remu	x13,x5,x25	  x5:0x00000001 x25:0xf9c92a9c x13=0x00000001
     308505.000 ns	     30849	80006a20	020c1033	mulh	x0,x24,x0	 x24:0x80040f25  x0:0x00000000
     308535.000 ns	     30852	80006a24	02784cb3	div	x25,x16,x7	 x16:0x00000200  x7:0x00000000 x25=0xffffffff
     308565.000 ns	     30855	80006a28	296411d3	fmax.s	f3,f8,f22	  f8:0x7fc00000 f22:0x7fc00000  f3=0x7fc00000
     308595.000 ns	     30858	80006a2c	0201e1b3	rem	x3,x3,x0	  x3:0x7fc00000  x0:0x00000000  x3=0x7fc00000
     308615.000 ns	     30860	80006a30	00fcd633	srl	x12,x25,x15	 x25:0xffffffff x15:0xf9c13d14 x12=0x00000fff
     308625.000 ns	     30861	80006a34	015ab333	sltu	x6,x21,x21	 x21:0xffffff71 x21:0xffffff71  x6=0x00000000
     308635.000 ns	     30862	80006a38	410d50b3	sra	x1,x26,x16	 x26:0x04090000 x16:0x00000200  x1=0x04090000
     308645.000 ns	     30863	80006a3c	406e53b3	sra	x7,x28,x6	 x28:0xffffffff  x6:0x7fffffff  x7=0xffffffff
     308665.000 ns	     30865	80006a40	209f1253	fsgnjn.s	f4,f30,f9	 f30:0x00000000  f9:0x00000000  f4=0x80000000
     308685.000 ns	     30867	80006a44	00765913	srli	x18,x12,0x7	 x12:0x00000fff x18=0x0000001f
     308695.000 ns	     30868	80006a48	c889fa93	andi	x21,x19,-888	 x19:0x00000000 x21=0x00000000
     308705.000 ns	     30869	80006a4c	e83be313	ori	x6,x23,-381	 x23:0x7ce4954e  x6=0xffffffcf
     308725.000 ns	     30871	80006a50	20a385d3	fsgnj.s	f11,f7,f10	  f7:0x7fc00000 f10:0x7fc00000 f11=0x7fc00000
     308755.000 ns	     30874	80006a54	f0050e53	fmv.w.x	f28,x10	 x10:0x00000080 f28=0x00000080
     308775.000 ns	     30876	80006a58	01357233	and	x4,x10,x19	 x10:0x00000080 x19:0x00000000  x4=0x00000000
     308805.000 ns	     30879	80006a5c	103541d3	fmul.s	f3,f10,f3	 f10:0x7fc00000  f3:0x7fc00000  f3=0x7fc00000
     308825.000 ns	     30881	80006a60	5e346893	ori	x17,x8,1507	  x8:0x80040fe4 x17=0x80040fe7
     308855.000 ns	     30884	80006a64	580b7b53	fsqrt.s	f22,f22	 f22:0x7fc00000 f22=0x7fc00000
     308885.000 ns	     30887	80006a68	02a09fb3	mulh	x31,x1,x10	  x1:0x04090000 x10:0x00000080 x31=0x00000002
     308915.000 ns	     30890	80006a6c	285e85d3	fmin.s	f11,f29,f5	 f29:0x80000000  f5:0x00000000 f11=0x80000000
     308935.000 ns	     30892	80006a70	00f99e13	slli	x28,x19,0xf	 x19:0x00000000 x28=0x00000000
     308965.000 ns	     30895	80006a74	10933053	fmul.s	f0,f6,f9	  f6:0xbf800000  f9:0x00000000  f0=0x80000000
     308985.000 ns	     30897	80006a78	01c55133	srl	x2,x10,x28	 x10:0x00000080 x28:0xffffffff  x2=0x00000080
     309005.000 ns	     30899	80006a7c	0366aa33	mulhsu	x20,x13,x22	 x13:0x00000001 x22:0x00000001 x20=0x00000000
     309375.000 ns	     30936	80006a80	02e16033	rem	x0,x2,x14	  x2:0x00000002 x14:0xfffffaaf
     309415.000 ns	     30940	80006a84	5808f0d3	fsqrt.s	f1,f17	 f17:0xc30f0000  f1=0x7fc00000
     309785.000 ns	     30977	80006a88	039a7fb3	remu	x31,x20,x25	 x20:0x00000000 x25:0xffffffff x31=0x00000000
     310155.000 ns	     31014	80006a8c	02e25eb3	divu	x29,x4,x14	  x4:0x00000000 x14:0xfffffaaf x29=0x00000000
     310175.000 ns	     31016	80006a90	257ce217	auipc	x4,0x257ce	  x4=0xa57d4a90
     310185.000 ns	     31017	80006a94	00018333	add	x6,x3,x0	  x3:0x7fc00000  x0:0x00000000  x6=0x7fc00000
     310195.000 ns	     31018	80006a98	413952b3	sra	x5,x18,x19	 x18:0x0000001f x19:0x00000000  x5=0x0000001f
     310205.000 ns	     31019	80006a9c	401a5e13	srai	x28,x20,0x1	 x20:0x00000000 x28=0x00000000
     310225.000 ns	     31021	80006aa0	028713b3	mulh	x7,x14,x8	 x14:0xfffffaaf  x8:0x80040fe4  x7=0x000002a8
     310255.000 ns	     31024	80006aa4	2139ad53	fsgnjx.s	f26,f19,f19	 f19:0xceffffff f19:0xceffffff f26=0x4effffff
     310285.000 ns	     31027	80006aa8	0284a333	mulhsu	x6,x9,x8	  x9:0x045f48d0  x8:0x80040fe4  x6=0x022fb62a
     310315.000 ns	     31030	80006aac	d0037553	fcvt.s.w	f10,x6	  x6:0x7fc00000 f10=0x4c0bed8a
     310365.000 ns	     31035	80006ab0	09c3fc53	fsub.s	f24,f7,f28	  f7:0x7fc00000 f28:0x00000080 f24=0x7fc00000
     310395.000 ns	     31038	80006ab4	02893833	mulhu	x16,x18,x8	 x18:0x0000001f  x8:0x80040fe4 x16=0x0000000f
     310425.000 ns	     31041	80006ab8	f00109d3	fmv.w.x	f19,x2	  x2:0x00000080 f19=0x00000080
     310455.000 ns	     31044	80006abc	02dc3f33	mulhu	x30,x24,x13	 x24:0x80040f25 x13:0x00000001 x30=0x00000000
     310485.000 ns	     31047	80006ac0	d019c953	fcvt.s.wu	f18,x19	 x19:0x00000000 f18=0x00000000
     310505.000 ns	     31049	80006ac4	40b65db3	sra	x27,x12,x11	 x12:0x00000fff x11:0x80041024 x27=0x000000ff
     310535.000 ns	     31052	80006ac8	18de2f53	fdiv.s	f30,f28,f13	 f28:0x00000080 f13:0x7f800000 f30=0x00000000
     310555.000 ns	     31054	80006acc	0022fbb3	and	x23,x5,x2	  x5:0x0000001f  x2:0x00000080 x23=0x00000000
     310565.000 ns	     31055	80006ad0	019a5833	srl	x16,x20,x25	 x20:0x00000000 x25:0xffffffff x16=0x00000000
     310575.000 ns	     31056	80006ad4	15cc14b7	lui	x9,0x15cc1	  x9=0x15cc1000
     310595.000 ns	     31058	80006ad8	f0018f53	fmv.w.x	f30,x3	  x3:0x7fc00000 f30=0x7fc00000
     310625.000 ns	     31061	80006adc	c0057d53	fcvt.w.s	x26,f10	 f10:0x4c0bed8a x26=0x022fb628
     310655.000 ns	     31064	80006ae0	a1eda6d3	feq.s	x13,f27,f30	 f27:0x00000000 f30:0x7fc00000 x13=0x00000000
     310685.000 ns	     31067	80006ae4	03e34533	div	x10,x6,x30	  x6:0x022fb62a x30:0x00000000 x10=0xffffffff
     310735.000 ns	     31072	80006ae8	00d44f53	fadd.s	f30,f8,f13	  f8:0x7fc00000 f13:0x7f800000 f30=0x7fc00000
     310755.000 ns	     31074	80006aec	16bece93	xori	x29,x29,363	 x29:0x00000000 x29=0x0000016b
     310775.000 ns	     31076	80006af0	f00e8853	fmv.w.x	f16,x29	 x29:0x00000000 f16=0x0000016b
     310795.000 ns	     31078	80006af4	0091a1b3	slt	x3,x3,x9	  x3:0x7fc00000  x9:0x15cc1000  x3=0x00000000
     310805.000 ns	     31079	80006af8	009c7bb3	and	x23,x24,x9	 x24:0x80040f25  x9:0x15cc1000 x23=0x00040000
     311165.000 ns	     31115	80006afc	02a8f1b3	remu	x3,x17,x10	 x17:0x80040fe7 x10:0xffffffff  x3=0x80040fe7
     311195.000 ns	     31118	80006b00	21ef2bd3	fsgnjx.s	f23,f30,f30	 f30:0x7fc00000 f30:0x7fc00000 f23=0x7fc00000
     311225.000 ns	     31121	80006b04	d00e7d53	fcvt.s.w	f26,x28	 x28:0x00000000 f26=0x00000000
     311255.000 ns	     31124	80006b08	a04b0e53	fle.s	x28,f22,f4	 f22:0x7fc00000  f4:0x80000000 x28=0x00000000
     311285.000 ns	     31127	80006b0c	02bbb6b3	mulhu	x13,x23,x11	 x23:0x00040000 x11:0x80041024 x13=0x00020010
     311315.000 ns	     31130	80006b10	295f12d3	fmax.s	f5,f30,f21	 f30:0x7fc00000 f21:0x00000000  f5=0x00000000
     311345.000 ns	     31133	80006b14	a1fd96d3	flt.s	x13,f27,f31	 f27:0x00000000 f31:0x00000000 x13=0x00000000
     311375.000 ns	     31136	80006b18	023e8533	mul	x10,x29,x3	 x29:0x0000016b  x3:0x80040fe7 x10=0x85c28c8d
     311395.000 ns	     31138	80006b1c	01d39c33	sll	x24,x7,x29	  x7:0x000002a8 x29:0x0000016b x24=0x00154000
     311425.000 ns	     31141	80006b20	11be9a53	fmul.s	f20,f29,f27	 f29:0x80000000 f27:0x00000000 f20=0x80000000
     311445.000 ns	     31143	80006b24	00eb5f93	srli	x31,x22,0xe	 x22:0x00000001 x31=0x00000000
     311455.000 ns	     31144	80006b28	00085f93	srli	x31,x16,0x0	 x16:0x00000000 x31=0x00000000
     311465.000 ns	     31145	80006b2c	0187cfb3	xor	x31,x15,x24	 x15:0xf9c13d14 x24:0x00154000 x31=0xf9d47d14
     311485.000 ns	     31147	80006b30	c01d3ed3	fcvt.wu.s	x29,f26	 f26:0x00000000 x29=0x00000000
     311505.000 ns	     31149	80006b34	008819b3	sll	x19,x16,x8	 x16:0x00000000  x8:0x80040fe4 x19=0x00000000
     311865.000 ns	     31185	80006b38	03b8edb3	rem	x27,x17,x27	 x17:0x80040fe7 x27:0x000000ff x27=0xffffff7b
     311895.000 ns	     31188	80006b3c	29780bd3	fmin.s	f23,f16,f23	 f16:0x0000016b f23:0x7fc00000 f23=0x0000016b
     311915.000 ns	     31190	80006b40	01c84233	xor	x4,x16,x28	 x16:0x00000000 x28:0x00000000  x4=0x00000000
     312275.000 ns	     31226	80006b44	02bdeb33	rem	x22,x27,x11	 x27:0xffffff7b x11:0x80041024 x22=0xffffff7b
     312305.000 ns	     31229	80006b48	02a7b133	mulhu	x2,x15,x10	 x15:0xf9c13d14 x10:0x85c28c8d  x2=0x827f324a
     312335.000 ns	     31232	80006b4c	a1849bd3	flt.s	x23,f9,f24	  f9:0x00000000 f24:0x7fc00000 x23=0x00000000
     312355.000 ns	     31234	80006b50	019ca233	slt	x4,x25,x25	 x25:0xffffffff x25:0xffffffff  x4=0x00000000
     312375.000 ns	     31236	80006b54	e00e9053	fclass.s	x0,f29	 f29:0x80000000
     312405.000 ns	     31239	80006b58	03068eb3	mul	x29,x13,x16	 x13:0x00000000 x16:0x00000000 x29=0x00000000
     312435.000 ns	     31242	80006b5c	f0018553	fmv.w.x	f10,x3	  x3:0x80040fe7 f10=0x80040fe7
     312465.000 ns	     31245	80006b60	c0140c53	fcvt.wu.s	x24,f8	  f8:0x7fc00000 x24=0xffffffff
     312495.000 ns	     31248	80006b64	037dd2b3	divu	x5,x27,x23	 x27:0xffffff7b x23:0x00000000  x5=0xffffffff
     312515.000 ns	     31250	80006b68	008a91b3	sll	x3,x21,x8	 x21:0x00000000  x8:0x80040fe4  x3=0x00000000
     312525.000 ns	     31251	80006b6c	75aae313	ori	x6,x21,1882	 x21:0x00000000  x6=0x0000075a
     312545.000 ns	     31253	80006b70	e00f14d3	fclass.s	x9,f30	 f30:0x7fc00000  x9=0x00000200
     312575.000 ns	     31256	80006b74	030f2533	mulhsu	x10,x30,x16	 x30:0x00000000 x16:0x00000000 x10=0x00000000
     312605.000 ns	     31259	80006b78	02eb9f33	mulh	x30,x23,x14	 x23:0x00000000 x14:0xfffffaaf x30=0x00000000
     312625.000 ns	     31261	80006b7c	00cfa333	slt	x6,x31,x12	 x31:0xf9d47d14 x12:0x00000fff  x6=0x00000001
     313795.000 ns	     31378	80006b80	5809fed3	fsqrt.s	f29,f19	 f19:0x00000080 f29=0x1f350536
     313815.000 ns	     31380	80006b84	019adab3	srl	x21,x21,x25	 x21:0x00000000 x25:0xffffffff x21=0x00000000
     313825.000 ns	     31381	80006b88	01d86733	or	x14,x16,x29	 x16:0x00000000 x29:0x00000000 x14=0x00000000
     313845.000 ns	     31383	80006b8c	20ff8e53	fsgnj.s	f28,f31,f15	 f31:0x00000000 f15:0x7f800000 f28=0x00000000
     313865.000 ns	     31385	80006b90	00000013	addi	x0,x0,0	  x0:0x00000000
     313885.000 ns	     31387	80006b94	03c2fcb3	remu	x25,x5,x28	  x5:0xffffffff x28:0x00000000 x25=0xffffffff
     313905.000 ns	     31389	80006b98	00000013	addi	x0,x0,0	  x0:0x00000000
     313925.000 ns	     31391	80006b9c	f00d8bd3	fmv.w.x	f23,x27	 x27:0xffffff7b f23=0xffffff7b
     313955.000 ns	     31394	80006ba0	03f11133	mulh	x2,x2,x31	  x2:0x827f324a x31:0xf9d47d14  x2=0x030659a3
     314005.000 ns	     31399	80006ba4	000f2653	fadd.s	f12,f30,f0	 f30:0x7fc00000  f0:0x80000000 f12=0x7fc00000
     314055.000 ns	     31404	80006ba8	0887a253	fsub.s	f4,f15,f8	 f15:0x7f800000  f8:0x7fc00000  f4=0x7fc00000
     314085.000 ns	     31407	80006bac	a07baa53	feq.s	x20,f23,f7	 f23:0xffffff7b  f7:0x7fc00000 x20=0x00000000
     314115.000 ns	     31410	80006bb0	02a683b3	mul	x7,x13,x10	 x13:0x00000000 x10:0x00000000  x7=0x00000000
     314145.000 ns	     31413	80006bb4	21aa2953	fsgnjx.s	f18,f20,f26	 f20:0x80000000 f26:0x00000000 f18=0x80000000
     314165.000 ns	     31415	80006bb8	3670cd13	xori	x26,x1,871	  x1:0x04090000 x26=0x04090367
     314185.000 ns	     31417	80006bbc	d010f853	fcvt.s.wu	f16,x1	  x1:0x04090000 f16=0x4c812000
     314215.000 ns	     31420	80006bc0	e00099d3	fclass.s	x19,f1	  f1:0x7fc00000 x19=0x00000200
     314245.000 ns	     31423	80006bc4	f00e0a53	fmv.w.x	f20,x28	 x28:0x00000000 f20=0x00000000
     314275.000 ns	     31426	80006bc8	03cf93b3	mulh	x7,x31,x28	 x31:0xf9d47d14 x28:0x00000000  x7=0x00000000
     314305.000 ns	     31429	80006bcc	29308c53	fmin.s	f24,f1,f19	  f1:0x7fc00000 f19:0x00000080 f24=0x00000080
     314325.000 ns	     31431	80006bd0	41e7d633	sra	x12,x15,x30	 x15:0xf9c13d14 x30:0x00000000 x12=0xf9c13d14
     314355.000 ns	     31434	80006bd4	11933c53	fmul.s	f24,f6,f25	  f6:0xbf800000 f25:0x7fc00000 f24=0x7fc00000
     314375.000 ns	     31436	80006bd8	007a26b3	slt	x13,x20,x7	 x20:0x00000000  x7:0x00000000 x13=0x00000000
     314735.000 ns	     31472	80006bdc	033ce233	rem	x4,x25,x19	 x25:0xffffffff x19:0x00000200  x4=0xffffffff
     314765.000 ns	     31475	80006be0	a00124d3	feq.s	x9,f2,f0	  f2:0x7f800000  f0:0x80000000  x9=0x00000000
     314795.000 ns	     31478	80006be4	030836b3	mulhu	x13,x16,x16	 x16:0x00000000 x16:0x00000000 x13=0x00000000
     314815.000 ns	     31480	80006be8	dda83917	auipc	x18,0xdda83	 x18=0x5da89be8
     314825.000 ns	     31481	80006bec	01418233	add	x4,x3,x20	  x3:0x00000000 x20:0x00000000  x4=0x00000000
     314835.000 ns	     31482	80006bf0	41d68eb3	sub	x29,x13,x29	 x13:0x00000000 x29:0x00000000 x29=0x00000000
     314855.000 ns	     31484	80006bf4	c0030c53	fcvt.w.s	x24,f6	  f6:0xbf800000 x24=0xffffffff
     314875.000 ns	     31486	80006bf8	00cd9093	slli	x1,x27,0xc	 x27:0xffffff7b  x1=0xfff7b000
     314885.000 ns	     31487	80006bfc	018b2c33	slt	x24,x22,x24	 x22:0xffffff7b x24:0xffffffff x24=0x00000001
     314905.000 ns	     31489	80006c00	d01c4953	fcvt.s.wu	f18,x24	 x24:0xffffffff f18=0x3f800000
     314935.000 ns	     31492	80006c04	21c292d3	fsgnjn.s	f5,f5,f28	  f5:0x00000000 f28:0x00000000  f5=0x80000000
     314955.000 ns	     31494	80006c08	4146d293	srai	x5,x13,0x14	 x13:0x00000000  x5=0x00000000
     314975.000 ns	     31496	80006c0c	c00dc953	fcvt.w.s	x18,f27	 f27:0x00000000 x18=0x00000000
     314995.000 ns	     31498	80006c10	ac860993	addi	x19,x12,-1336	 x12:0xf9c13d14 x19=0xf9c137dc
     315005.000 ns	     31499	80006c14	4002da93	srai	x21,x5,0x0	  x5:0x00000000 x21=0x00000000
     315015.000 ns	     31500	80006c18	40a7d833	sra	x16,x15,x10	 x15:0xf9c13d14 x10:0x00000000 x16=0xf9c13d14
     315035.000 ns	     31502	80006c1c	d0017653	fcvt.s.w	f12,x2	  x2:0x030659a3 f12=0x4c419668
     315055.000 ns	     31504	80006c20	b1b77213	andi	x4,x14,-1253	 x14:0x00000000  x4=0x00000000
     315085.000 ns	     31507	80006c24	108bb6d3	fmul.s	f13,f23,f8	 f23:0xffffff7b  f8:0x7fc00000 f13=0x7fc00000
     315135.000 ns	     31512	80006c28	08ecf653	fsub.s	f12,f25,f14	 f25:0x7fc00000 f14:0xceffffff f12=0x7fc00000
     315185.000 ns	     31517	80006c2c	0916f4d3	fsub.s	f9,f13,f17	 f13:0x7fc00000 f17:0xc30f0000  f9=0x7fc00000
     315205.000 ns	     31519	80006c30	004a5113	srli	x2,x20,0x4	 x20:0x00000000  x2=0x00000000
     315225.000 ns	     31521	80006c34	a008a153	feq.s	x2,f17,f0	 f17:0xc30f0000  f0:0x80000000  x2=0x00000000
     315255.000 ns	     31524	80006c38	a1b588d3	fle.s	x17,f11,f27	 f11:0x80000000 f27:0x00000000 x17=0x00000001
     315275.000 ns	     31526	80006c3c	01287233	and	x4,x16,x18	 x16:0xf9c13d14 x18:0x00000000  x4=0x00000000
     315285.000 ns	     31527	80006c40	45853813	sltiu	x16,x10,1112	 x10:0x00000000 x16=0x00000001
     315295.000 ns	     31528	80006c44	019133b3	sltu	x7,x2,x25	  x2:0x00000000 x25:0xffffffff  x7=0x00000001
     315655.000 ns	     31564	80006c48	03b66d33	rem	x26,x12,x27	 x12:0xf9c13d14 x27:0xffffff7b x26=0xffffffa4
     315675.000 ns	     31566	80006c4c	00c25c13	srli	x24,x4,0xc	  x4:0x00000000 x24=0x00000000
     315685.000 ns	     31567	80006c50	013933b3	sltu	x7,x18,x19	 x18:0x00000000 x19:0xf9c137dc  x7=0x00000001
     315705.000 ns	     31569	80006c54	21d78a53	fsgnj.s	f20,f15,f29	 f15:0x7f800000 f29:0x1f350536 f20=0x7f800000
     315725.000 ns	     31571	80006c58	40738833	sub	x16,x7,x7	  x7:0x00000001  x7:0x00000001 x16=0x00000000
     315745.000 ns	     31573	80006c5c	a03aac53	feq.s	x24,f21,f3	 f21:0x00000000  f3:0x7fc00000 x24=0x00000000
     315765.000 ns	     31575	80006c60	00aad933	srl	x18,x21,x10	 x21:0x00000000 x10:0x00000000 x18=0x00000000
     316935.000 ns	     31692	80006c64	580970d3	fsqrt.s	f1,f18	 f18:0x3f800000  f1=0x3f7fffae
     316975.000 ns	     31696	80006c68	11b3fcd3	fmul.s	f25,f7,f27	  f7:0x7fc00000 f27:0x00000000 f25=0x7fc00000
     317345.000 ns	     31733	80006c6c	027bf9b3	remu	x19,x23,x7	 x23:0x00000000  x7:0x00000001 x19=0x00000000
     317375.000 ns	     31736	80006c70	d00bf1d3	fcvt.s.w	f3,x23	 x23:0x00000000  f3=0x00000000
     317395.000 ns	     31738	80006c74	5b730993	addi	x19,x6,1463	  x6:0x00000001 x19=0x000005b8
     317755.000 ns	     31774	80006c78	02834733	div	x14,x6,x8	  x6:0x00000001  x8:0x80040fe4 x14=0x00000000
     317785.000 ns	     31777	80006c7c	20db12d3	fsgnjn.s	f5,f22,f13	 f22:0x7fc00000 f13:0x7fc00000  f5=0xffc00000
     317805.000 ns	     31779	80006c80	f8d52117	auipc	x2,0xf8d52	  x2=0x78d58c80
     317825.000 ns	     31781	80006c84	d01096d3	fcvt.s.wu	f13,x1	  x1:0xfff7b000 f13=0x4f7ff7b0
     317845.000 ns	     31783	80006c88	01610333	add	x6,x2,x22	  x2:0x00000000 x22:0xffffff7b  x6=0x78d58bfb
     317855.000 ns	     31784	80006c8c	0016b8b3	sltu	x17,x13,x1	 x13:0x00000000  x1:0xfff7b000 x17=0x00000001
     317865.000 ns	     31785	80006c90	2eedf893	andi	x17,x27,750	 x27:0xffffff7b x17=0x0000026a
     317875.000 ns	     31786	80006c94	0174a133	slt	x2,x9,x23	  x9:0x00000000 x23:0x00000000  x2=0x00000000
     317885.000 ns	     31787	80006c98	019ba6b3	slt	x13,x23,x25	 x23:0x00000000 x25:0xffffffff x13=0x00000000
     317895.000 ns	     31788	80006c9c	0126ceb3	xor	x29,x13,x18	 x13:0x00000000 x18:0x00000000 x29=0x00000000
     317905.000 ns	     31789	80006ca0	41bb5ab3	sra	x21,x22,x27	 x22:0xffffff7b x27:0xffffff7b x21=0xffffffff
     317945.000 ns	     31793	80006ca4	004ab3d3	fadd.s	f7,f21,f4	 f21:0x00000000  f4:0x7fc00000  f7=0x7fc00000
     317965.000 ns	     31795	80006ca8	4094d093	srai	x1,x9,0x9	  x9:0x00000000  x1=0x00000000
     317985.000 ns	     31797	80006cac	029158b3	divu	x17,x2,x9	  x2:0x00000000  x9:0x00000000 x17=0xffffffff
     318015.000 ns	     31800	80006cb0	e00c0153	fmv.x.w	x2,f24	 f24:0x7fc00000  x2=0x7fc00000
     318045.000 ns	     31803	80006cb4	d015bf53	fcvt.s.wu	f30,x11	 x11:0x80041024 f30=0x4f000411
     318065.000 ns	     31805	80006cb8	c5cc3e93	sltiu	x29,x24,-932	 x24:0x00000000 x29=0x00000001
     318075.000 ns	     31806	80006cbc	65622293	slti	x5,x4,1622	  x4:0x00000000  x5=0x00000001
     318095.000 ns	     31808	80006cc0	031d0f33	mul	x30,x26,x17	 x26:0xffffffa4 x17:0xffffffff x30=0x0000005c
     318115.000 ns	     31810	80006cc4	00000013	addi	x0,x0,0	  x0:0x00000000
     318125.000 ns	     31811	80006cc8	01b11833	sll	x16,x2,x27	  x2:0x7fc00000 x27:0xffffff7b x16=0x00000000
     318145.000 ns	     31813	80006ccc	023fef33	rem	x30,x31,x3	 x31:0xf9d47d14  x3:0x00000000 x30=0xf9d47d14
     318515.000 ns	     31850	80006cd0	0366f2b3	remu	x5,x13,x22	 x13:0x00000000 x22:0xffffff7b  x5=0x00000000
     318545.000 ns	     31853	80006cd4	21fc2053	fsgnjx.s	f0,f24,f31	 f24:0x7fc00000 f31:0x00000000  f0=0x7fc00000
     318565.000 ns	     31855	80006cd8	011b6513	ori	x10,x22,17	 x22:0xffffff7b x10=0xffffff7b
     318575.000 ns	     31856	80006cdc	014fc0b3	xor	x1,x31,x20	 x31:0xf9d47d14 x20:0x00000000  x1=0xf9d47d14
     318585.000 ns	     31857	80006ce0	00b31233	sll	x4,x6,x11	  x6:0x78d58bfb x11:0x80041024  x4=0x8d58bfb0
     318595.000 ns	     31858	80006ce4	00b01313	slli	x6,x0,0xb	  x0:0x00000000  x6=0x00000000
     318605.000 ns	     31859	80006ce8	1260bf93	sltiu	x31,x1,294	  x1:0xf9d47d14 x31=0x00000000
     318615.000 ns	     31860	80006cec	00fd54b3	srl	x9,x26,x15	 x26:0xffffffa4 x15:0xf9c13d14  x9=0x00000fff
     318655.000 ns	     31864	80006cf0	09401ad3	fsub.s	f21,f0,f20	  f0:0x7fc00000 f20:0x7f800000 f21=0x7fc00000
     318675.000 ns	     31866	80006cf4	00803eb3	sltu	x29,x0,x8	  x0:0x00000000  x8:0x80040fe4 x29=0x00000001
     318695.000 ns	     31868	80006cf8	20038dd3	fsgnj.s	f27,f7,f0	  f7:0x7fc00000  f0:0x7fc00000 f27=0x7fc00000
     318725.000 ns	     31871	80006cfc	283116d3	fmax.s	f13,f2,f3	  f2:0x7f800000  f3:0x00000000 f13=0x7f800000
     318775.000 ns	     31876	80006d00	084df453	fsub.s	f8,f27,f4	 f27:0x7fc00000  f4:0x7fc00000  f8=0x7fc00000
     318795.000 ns	     31878	80006d04	00d8ab33	slt	x22,x17,x13	 x17:0xffffffff x13:0x00000000 x22=0x00000001
     318815.000 ns	     31880	80006d08	03d0af33	mulhsu	x30,x1,x29	  x1:0xf9d47d14 x29:0x00000001 x30=0xffffffff
     318835.000 ns	     31882	80006d0c	018c4e33	xor	x28,x24,x24	 x24:0x00000000 x24:0x00000000 x28=0x00000000
     318845.000 ns	     31883	80006d10	411bd033	sra	x0,x23,x17	 x23:0x00000000 x17:0xffffffff
     318855.000 ns	     31884	80006d14	0144c233	xor	x4,x9,x20	  x9:0x00000fff x20:0x00000000  x4=0x00000fff
     318875.000 ns	     31886	80006d18	e00e1153	fclass.s	x2,f28	 f28:0x00000000  x2=0x00000010
     318915.000 ns	     31890	80006d1c	195df8d3	fdiv.s	f17,f27,f21	 f27:0x7fc00000 f21:0x7fc00000 f17=0x7fc00000
     318945.000 ns	     31893	80006d20	a0cea553	feq.s	x10,f29,f12	 f29:0x1f350536 f12:0x7fc00000 x10=0x00000000
     318975.000 ns	     31896	80006d24	a0a88253	fle.s	x4,f17,f10	 f17:0x7fc00000 f10:0x80040fe7  x4=0x00000000
     319005.000 ns	     31899	80006d28	a02b2f53	feq.s	x30,f22,f2	 f22:0x7fc00000  f2:0x7f800000 x30=0x00000000
     319035.000 ns	     31902	80006d2c	e0091753	fclass.s	x14,f18	 f18:0x3f800000 x14=0x00000040
     319085.000 ns	     31907	80006d30	08e53ed3	fsub.s	f29,f10,f14	 f10:0x80040fe7 f14:0xceffffff f29=0x4effffff
     319105.000 ns	     31909	80006d34	00f04333	xor	x6,x0,x15	  x0:0x00000000 x15:0xf9c13d14  x6=0xf9c13d14
     319115.000 ns	     31910	80006d38	9f90ef13	ori	x30,x1,-1543	  x1:0xf9d47d14 x30=0xfffffdfd
     319135.000 ns	     31912	80006d3c	c004fe53	fcvt.w.s	x28,f9	  f9:0x7fc00000 x28=0x7fffffff
     319175.000 ns	     31916	80006d40	5808fed3	fsqrt.s	f29,f17	 f17:0x7fc00000 f29=0x7fc00000
     319195.000 ns	     31918	80006d44	ae260737	lui	x14,0xae260	 x14=0xae260000
     319205.000 ns	     31919	80006d48	41d5d533	sra	x10,x11,x29	 x11:0x80041024 x29:0x00000001 x10=0xc0020812
     319225.000 ns	     31921	80006d4c	f0030953	fmv.w.x	f18,x6	  x6:0xf9c13d14 f18=0xf9c13d14
     319245.000 ns	     31923	80006d50	0026f733	and	x14,x13,x2	 x13:0x00000000  x2:0x00000010 x14=0x00000000
     319255.000 ns	     31924	80006d54	60bb6337	lui	x6,0x60bb6	  x6=0x60bb6000
     319275.000 ns	     31926	80006d58	20bc09d3	fsgnj.s	f19,f24,f11	 f24:0x7fc00000 f11:0x80000000 f19=0xffc00000
     319295.000 ns	     31928	80006d5c	00000013	addi	x0,x0,0	  x0:0x00000000
     319315.000 ns	     31930	80006d60	e0079853	fclass.s	x16,f15	 f15:0x7f800000 x16=0x00000080
     319365.000 ns	     31935	80006d64	097702d3	fsub.s	f5,f14,f23	 f14:0xceffffff f23:0xffffff7b  f5=0x7fc00000
     319735.000 ns	     31972	80006d68	0270ef33	rem	x30,x1,x7	  x1:0xf9d47d14  x7:0x00000001 x30=0x00000000
     319765.000 ns	     31975	80006d6c	026634b3	mulhu	x9,x12,x6	 x12:0xf9c13d14  x6:0x60bb6000  x9=0x5e5f44b7
     319795.000 ns	     31978	80006d70	a1c11e53	flt.s	x28,f2,f28	  f2:0x7f800000 f28:0x00000000 x28=0x00000000
     319845.000 ns	     31983	80006d74	01ed0953	fadd.s	f18,f26,f30	 f26:0x00000000 f30:0x4f000411 f18=0x4f000411
     319875.000 ns	     31986	80006d78	d00170d3	fcvt.s.w	f1,x2	  x2:0x00000010  f1=0x41800000
     319905.000 ns	     31989	80006d7c	02a0a3b3	mulhsu	x7,x1,x10	  x1:0xf9d47d14 x10:0xc0020812  x7=0xfb5f5146
     319925.000 ns	     31991	80006d80	41d55633	sra	x12,x10,x29	 x10:0xc0020812 x29:0x00000001 x12=0xe0010409
     319955.000 ns	     31994	80006d84	1884bf53	fdiv.s	f30,f9,f8	  f9:0x7fc00000  f8:0x7fc00000 f30=0x7fc00000
     319975.000 ns	     31996	80006d88	06afea93	ori	x21,x31,106	 x31:0x00000000 x21=0x0000006a
     320335.000 ns	     32032	80006d8c	02f7c2b3	div	x5,x15,x15	 x15:0xf9c13d14 x15:0xf9c13d14  x5=0x00000001
     320365.000 ns	     32035	80006d90	c00c4ad3	fcvt.w.s	x21,f24	 f24:0x7fc00000 x21=0x7fffffff
     320385.000 ns	     32037	80006d94	00475033	srl	x0,x14,x4	 x14:0x00000000  x4:0x00000000
     320395.000 ns	     32038	80006d98	cbfc33b7	lui	x7,0xcbfc3	  x7=0xcbfc3000
     320405.000 ns	     32039	80006d9c	01a6a033	slt	x0,x13,x26	 x13:0x00000000 x26:0xffffffa4
     320415.000 ns	     32040	80006da0	01dfdab3	srl	x21,x31,x29	 x31:0x00000000 x29:0x00000001 x21=0x00000000
     320445.000 ns	     32043	80006da4	18b21653	fdiv.s	f12,f4,f11	  f4:0x7fc00000 f11:0x80000000 f12=0x7fc00000
     320475.000 ns	     32046	80006da8	a1c68f53	fle.s	x30,f13,f28	 f13:0x7f800000 f28:0x00000000 x30=0x00000000
     320505.000 ns	     32049	80006dac	d00c7653	fcvt.s.w	f12,x24	 x24:0x00000000 f12=0x00000000
     320525.000 ns	     32051	80006db0	00b89ab3	sll	x21,x17,x11	 x17:0xffffffff x11:0x80041024 x21=0xfffffff0
     320545.000 ns	     32053	80006db4	a02098d3	flt.s	x17,f1,f2	  f1:0x41800000  f2:0x7f800000 x17=0x00000001
     320575.000 ns	     32056	80006db8	d01c4c53	fcvt.s.wu	f24,x24	 x24:0x00000000 f24=0x00000000
     320945.000 ns	     32093	80006dbc	036468b3	rem	x17,x8,x22	  x8:0x80040fe4 x22:0x00000001 x17=0x00000000
     320965.000 ns	     32095	80006dc0	1ceac717	auipc	x14,0x1ceac	 x14=0x9ceb2dc0
     320975.000 ns	     32096	80006dc4	f7544613	xori	x12,x8,-139	  x8:0x80040fe4 x12=0x7ffbf091
     320995.000 ns	     32098	80006dc8	d0179c53	fcvt.s.wu	f24,x15	 x15:0xf9c13d14 f24=0x4f79c13d
     321015.000 ns	     32100	80006dcc	82109e37	lui	x28,0x82109	 x28=0x82109000
     321025.000 ns	     32101	80006dd0	7c9fb813	sltiu	x16,x31,1993	 x31:0x00000000 x16=0x00000001
     321035.000 ns	     32102	80006dd4	009c4d33	xor	x26,x24,x9	 x24:0x00000000  x9:0x5e5f44b7 x26=0x5e5f44b7
     321045.000 ns	     32103	80006dd8	d5e42e13	slti	x28,x8,-674	  x8:0x80040fe4 x28=0x00000001
     321405.000 ns	     32139	80006ddc	021658b3	divu	x17,x12,x1	 x12:0x7ffbf091  x1:0xf9d47d14 x17=0x00000000
     321435.000 ns	     32142	80006de0	e00a14d3	fclass.s	x9,f20	 f20:0x7f800000  x9=0x00000080
     321465.000 ns	     32145	80006de4	022f9db3	mulh	x27,x31,x2	 x31:0x00000000  x2:0x00000010 x27=0x00000000
     321835.000 ns	     32182	80006de8	03a556b3	divu	x13,x10,x26	 x10:0xc0020812 x26:0x5e5f44b7 x13=0x00000002
     321855.000 ns	     32184	80006dec	00000013	addi	x0,x0,0	  x0:0x00000000
     322215.000 ns	     32220	80006df0	0266d733	divu	x14,x13,x6	 x13:0x00000002  x6:0x60bb6000 x14=0x00000000
     322245.000 ns	     32223	80006df4	f0090d53	fmv.w.x	f26,x18	 x18:0x00000000 f26=0x00000000
     322275.000 ns	     32226	80006df8	21c9a9d3	fsgnjx.s	f19,f19,f28	 f19:0xffc00000 f28:0x00000000 f19=0xffc00000
     322305.000 ns	     32229	80006dfc	c01cfa53	fcvt.wu.s	x20,f25	 f25:0x7fc00000 x20=0xffffffff
     322335.000 ns	     32232	80006e00	036c10b3	mulh	x1,x24,x22	 x24:0x00000000 x22:0x00000001  x1=0x00000000
     322365.000 ns	     32235	80006e04	03b5a833	mulhsu	x16,x11,x27	 x11:0x80041024 x27:0x00000000 x16=0x00000000
     322385.000 ns	     32237	80006e08	00000013	addi	x0,x0,0	  x0:0x00000000
     322395.000 ns	     32238	80006e0c	6ae93513	sltiu	x10,x18,1710	 x18:0x00000000 x10=0x00000001
     322405.000 ns	     32239	80006e10	b3352c17	auipc	x24,0xb3352	 x24=0x33358e10
     322415.000 ns	     32240	80006e14	01f9fbb3	and	x23,x19,x31	 x19:0x000005b8 x31:0x00000000 x23=0x00000000
     322445.000 ns	     32243	80006e18	10b0b453	fmul.s	f8,f1,f11	  f1:0x41800000 f11:0x80000000  f8=0x80000000
     322475.000 ns	     32246	80006e1c	02741e33	mulh	x28,x8,x7	  x8:0x80040fe4  x7:0xcbfc3000 x28=0x1a0114b6
     322495.000 ns	     32248	80006e20	70d98893	addi	x17,x19,1805	 x19:0x000005b8 x17=0x00000cc5
     322505.000 ns	     32249	80006e24	00309a93	slli	x21,x1,0x3	  x1:0x00000000 x21=0x00000000
     322515.000 ns	     32250	80006e28	1da17693	andi	x13,x2,474	  x2:0x00000010 x13=0x00000010
     322525.000 ns	     32251	80006e2c	01731113	slli	x2,x6,0x17	  x6:0x60bb6000  x2=0x00000000
     322535.000 ns	     32252	80006e30	00000013	addi	x0,x0,0	  x0:0x00000000
     322545.000 ns	     32253	80006e34	e5f94f93	xori	x31,x18,-417	 x18:0x00000000 x31=0xfffffe5f
     322565.000 ns	     32255	80006e38	0339a233	mulhsu	x4,x19,x19	 x19:0x000005b8 x19:0x000005b8  x4=0x00000000
     322605.000 ns	     32259	80006e3c	580ccf53	fsqrt.s	f30,f25	 f25:0x7fc00000 f30=0x7fc00000
     322625.000 ns	     32261	80006e40	011366b3	or	x13,x6,x17	  x6:0x60bb6000 x17:0x00000cc5 x13=0x60bb6cc5
     322645.000 ns	     32263	80006e44	215c9ed3	fsgnjn.s	f29,f25,f21	 f25:0x7fc00000 f21:0x7fc00000 f29=0xffc00000
     322685.000 ns	     32267	80006e48	19eaf153	fdiv.s	f2,f21,f30	 f21:0x7fc00000 f30:0x7fc00000  f2=0x7fc00000
     323055.000 ns	     32304	80006e4c	02c75ab3	divu	x21,x14,x12	 x14:0x00000000 x12:0x7ffbf091 x21=0x00000000
     323095.000 ns	     32308	80006e50	118475d3	fmul.s	f11,f8,f24	  f8:0x80000000 f24:0x4f79c13d f11=0x80000000
     323125.000 ns	     32311	80006e54	035071b3	remu	x3,x0,x21	  x0:0x00000000 x21:0x00000000  x3=0x00000000
     323155.000 ns	     32314	80006e58	03266e33	rem	x28,x12,x18	 x12:0x7ffbf091 x18:0x00000000 x28=0x7ffbf091
     323175.000 ns	     32316	80006e5c	42a5c813	xori	x16,x11,1066	 x11:0x80041024 x16=0x8004140e
     323195.000 ns	     32318	80006e60	a1d00b53	fle.s	x22,f0,f29	  f0:0x7fc00000 f29:0xffc00000 x22=0x00000000
     323215.000 ns	     32320	80006e64	00509db3	sll	x27,x1,x5	  x1:0x00000000  x5:0x00000001 x27=0x00000000
     323575.000 ns	     32356	80006e68	03d96733	rem	x14,x18,x29	 x18:0x00000000 x29:0x00000001 x14=0x00000000
     323595.000 ns	     32358	80006e6c	41e0d013	srai	x0,x1,0x1e	  x1:0x00000000
     323605.000 ns	     32359	80006e70	00b30c33	add	x24,x6,x11	  x6:0x60bb6000 x11:0x80041024 x24=0xe0bf7024
     323625.000 ns	     32361	80006e74	208512d3	fsgnjn.s	f5,f10,f8	 f10:0x80040fe7  f8:0x80000000  f5=0x00040fe7
     323645.000 ns	     32363	80006e78	2d2a2d13	slti	x26,x20,722	 x20:0xffffffff x26=0x00000001
     323655.000 ns	     32364	80006e7c	1291fb97	auipc	x23,0x1291f	 x23=0x92925e7c
     323675.000 ns	     32366	80006e80	28c69953	fmax.s	f18,f13,f12	 f13:0x7f800000 f12:0x00000000 f18=0x7f800000
     323695.000 ns	     32368	80006e84	012d5693	srli	x13,x26,0x12	 x26:0x00000001 x13=0x00000000
     323705.000 ns	     32369	80006e88	018d7133	and	x2,x26,x24	 x26:0x00000001 x24:0xe0bf7024  x2=0x00000000
     323715.000 ns	     32370	80006e8c	00000013	addi	x0,x0,0	  x0:0x00000000
     323725.000 ns	     32371	80006e90	0180b8b3	sltu	x17,x1,x24	  x1:0x00000000 x24:0xe0bf7024 x17=0x00000001
     323735.000 ns	     32372	80006e94	da83f013	andi	x0,x7,-600	  x7:0xcbfc3000
     323755.000 ns	     32374	80006e98	c0063653	fcvt.w.s	x12,f12	 f12:0x00000000 x12=0x00000000
     323775.000 ns	     32376	80006e9c	0c675497	auipc	x9,0xc675	  x9=0x8c67be9c
     323795.000 ns	     32378	80006ea0	f0040fd3	fmv.w.x	f31,x8	  x8:0x80040fe4 f31=0x80040fe4
     323825.000 ns	     32381	80006ea4	d017f153	fcvt.s.wu	f2,x15	 x15:0xf9c13d14  f2=0x4f79c13d
     323845.000 ns	     32383	80006ea8	401bdb93	srai	x23,x23,0x1	 x23:0x92925e7c x23=0xc9492f3e
     323855.000 ns	     32384	80006eac	402edc13	srai	x24,x29,0x2	 x29:0x00000001 x24=0x00000000
     323885.000 ns	     32387	80006eb0	11a07fd3	fmul.s	f31,f0,f26	  f0:0x7fc00000 f26:0x00000000 f31=0x7fc00000
     323905.000 ns	     32389	80006eb4	011ea633	slt	x12,x29,x17	 x29:0x00000001 x17:0x00000001 x12=0x00000000
     323925.000 ns	     32391	80006eb8	02caa2b3	mulhsu	x5,x21,x12	 x21:0x00000000 x12:0x00000000  x5=0x00000000
     323955.000 ns	     32394	80006ebc	e00e0c53	fmv.x.w	x24,f28	 f28:0x00000000 x24=0x00000000
     323975.000 ns	     32396	80006ec0	9021cf13	xori	x30,x3,-1790	  x3:0x00000000 x30=0xfffff902
     323985.000 ns	     32397	80006ec4	e1924993	xori	x19,x4,-487	  x4:0x00000000 x19=0xfffffe19
     324005.000 ns	     32399	80006ec8	282902d3	fmin.s	f5,f18,f2	 f18:0x7f800000  f2:0x4f79c13d  f5=0x4f79c13d
     324025.000 ns	     32401	80006ecc	24aea513	slti	x10,x29,586	 x29:0x00000001 x10=0x00000001
     324045.000 ns	     32403	80006ed0	f00c0353	fmv.w.x	f6,x24	 x24:0x00000000  f6=0x00000000
     324065.000 ns	     32405	80006ed4	42123a13	sltiu	x20,x4,1057	  x4:0x00000000 x20=0x00000001
     324075.000 ns	     32406	80006ed8	009722b3	slt	x5,x14,x9	 x14:0x00000000  x9:0x8c67be9c  x5=0x00000000
     324095.000 ns	     32408	80006edc	290618d3	fmax.s	f17,f12,f16	 f12:0x00000000 f16:0x4c812000 f17=0x4c812000
     324465.000 ns	     32445	80006ee0	0291d933	divu	x18,x3,x9	  x3:0x00000000  x9:0x8c67be9c x18=0x00000000
     324485.000 ns	     32447	80006ee4	6ac8c197	auipc	x3,0x6ac8c	  x3=0xeac92ee4
     324495.000 ns	     32448	80006ee8	bdc9b193	sltiu	x3,x19,-1060	 x19:0xfffffe19  x3=0x00000000
     324505.000 ns	     32449	80006eec	007e98b3	sll	x17,x29,x7	 x29:0x00000001  x7:0xcbfc3000 x17=0x00000001
     324525.000 ns	     32451	80006ef0	03fb9b33	mulh	x22,x23,x31	 x23:0xc9492f3e x31:0xfffffe5f x22=0x00000059
     324545.000 ns	     32453	80006ef4	dfa0a193	slti	x3,x1,-518	  x1:0x00000000  x3=0x00000000
     324565.000 ns	     32455	80006ef8	28fd8453	fmin.s	f8,f27,f15	 f27:0x7fc00000 f15:0x7f800000  f8=0x7f800000
     324595.000 ns	     32458	80006efc	020fe8b3	rem	x17,x31,x0	 x31:0xfffffe5f  x0:0x00000000 x17=0xfffffe5f
     324615.000 ns	     32460	80006f00	01895f33	srl	x30,x18,x24	 x18:0x00000000 x24:0x00000000 x30=0x00000000
     324625.000 ns	     32461	80006f04	01f9ffb3	and	x31,x19,x31	 x19:0xfffffe19 x31:0xfffffe5f x31=0xfffffe19
     324645.000 ns	     32463	80006f08	e00c0853	fmv.x.w	x16,f24	 f24:0x4f79c13d x16=0x4f79c13d
     325015.000 ns	     32500	80006f0c	02837633	remu	x12,x6,x8	  x6:0x60bb6000  x8:0x80040fe4 x12=0x60bb6000
     325065.000 ns	     32505	80006f10	006e3f53	fadd.s	f30,f28,f6	 f28:0x00000000  f6:0x00000000 f30=0x00000000
     325095.000 ns	     32508	80006f14	a09bac53	feq.s	x24,f23,f9	 f23:0xffffff7b  f9:0x7fc00000 x24=0x00000000
     325115.000 ns	     32510	80006f18	00000013	addi	x0,x0,0	  x0:0x00000000
     325135.000 ns	     32512	80006f1c	20260153	fsgnj.s	f2,f12,f2	 f12:0x00000000  f2:0x4f79c13d  f2=0x00000000
     325155.000 ns	     32514	80006f20	01a66f33	or	x30,x12,x26	 x12:0x60bb6000 x26:0x00000001 x30=0x60bb6001
     325165.000 ns	     32515	80006f24	3fb30613	addi	x12,x6,1019	  x6:0x60bb6000 x12=0x60bb63fb
     325175.000 ns	     32516	80006f28	7496f093	andi	x1,x13,1865	 x13:0x00000000  x1=0x00000000
     325205.000 ns	     32519	80006f2c	197c9653	fdiv.s	f12,f25,f23	 f25:0x7fc00000 f23:0xffffff7b f12=0x7fc00000
     325235.000 ns	     32522	80006f30	03a998b3	mulh	x17,x19,x26	 x19:0xfffffe19 x26:0x00000001 x17=0xffffffff
     325255.000 ns	     32524	80006f34	278a6d13	ori	x26,x20,632	 x20:0x00000001 x26=0x00000279
     325275.000 ns	     32526	80006f38	2180a4d3	fsgnjx.s	f9,f1,f24	  f1:0x41800000 f24:0x4f79c13d  f9=0x41800000
     325295.000 ns	     32528	80006f3c	0092f1b3	and	x3,x5,x9	  x5:0x00000000  x9:0x8c67be9c  x3=0x00000000
     325305.000 ns	     32529	80006f40	013c51b3	srl	x3,x24,x19	 x24:0x00000000 x19:0xfffffe19  x3=0x00000000
     325315.000 ns	     32530	80006f44	01f6ec33	or	x24,x13,x31	 x13:0x00000000 x31:0xfffffe19 x24=0xfffffe19
     325325.000 ns	     32531	80006f48	40b20c33	sub	x24,x4,x11	  x4:0x00000000 x11:0x80041024 x24=0x7ffbefdc
     325335.000 ns	     32532	80006f4c	01f8ac33	slt	x24,x17,x31	 x17:0xffffffff x31:0xfffffe19 x24=0x00000000
     325355.000 ns	     32534	80006f50	a1f92353	feq.s	x6,f18,f31	 f18:0x7f800000 f31:0x7fc00000  x6=0x00000000
     325395.000 ns	     32538	80006f54	1819fa53	fdiv.s	f20,f19,f1	 f19:0xffc00000  f1:0x41800000 f20=0x7fc00000
     325425.000 ns	     32541	80006f58	029cba33	mulhu	x20,x25,x9	 x25:0xffffffff  x9:0x8c67be9c x20=0x8c67be9b
     325445.000 ns	     32543	80006f5c	011ef2b3	and	x5,x29,x17	 x29:0x00000001 x17:0xffffffff  x5=0x00000001
     325465.000 ns	     32545	80006f60	d0152b53	fcvt.s.wu	f22,x10	 x10:0x00000001 f22=0x3f800000
     325495.000 ns	     32548	80006f64	02b13333	mulhu	x6,x2,x11	  x2:0x00000000 x11:0x80041024  x6=0x00000000
     325515.000 ns	     32550	80006f68	015b8e33	add	x28,x23,x21	 x23:0xc9492f3e x21:0x00000000 x28=0xc9492f3e
     325545.000 ns	     32553	80006f6c	19d17353	fdiv.s	f6,f2,f29	  f2:0x00000000 f29:0xffc00000  f6=0x7fc00000
     325585.000 ns	     32557	80006f70	580bfd53	fsqrt.s	f26,f23	 f23:0xffffff7b f26=0x7fc00000
     325615.000 ns	     32560	80006f74	d01c1ad3	fcvt.s.wu	f21,x24	 x24:0x00000000 f21=0x00000000
     325645.000 ns	     32563	80006f78	d01b0753	fcvt.s.wu	f14,x22	 x22:0x00000059 f14=0x42b20000
     325675.000 ns	     32566	80006f7c	a0492d53	feq.s	x26,f18,f4	 f18:0x7f800000  f4:0x7fc00000 x26=0x00000000
     325705.000 ns	     32569	80006f80	02f23b33	mulhu	x22,x4,x15	  x4:0x00000000 x15:0xf9c13d14 x22=0x00000000
     325725.000 ns	     32571	80006f84	002ad813	srli	x16,x21,0x2	 x21:0x00000000 x16=0x00000000
     325745.000 ns	     32573	80006f88	03bf2f33	mulhsu	x30,x30,x27	 x30:0x60bb6001 x27:0x00000000 x30=0x00000000
     325765.000 ns	     32575	80006f8c	000ba633	slt	x12,x23,x0	 x23:0xc9492f3e  x0:0x00000000 x12=0x00000001
     325785.000 ns	     32577	80006f90	297301d3	fmin.s	f3,f6,f23	  f6:0x7fc00000 f23:0xffffff7b  f3=0x7fc00000
     325805.000 ns	     32579	80006f94	00cf20b3	slt	x1,x30,x12	 x30:0x00000000 x12:0x60bb63fb  x1=0x00000001
     325825.000 ns	     32581	80006f98	0239b6b3	mulhu	x13,x19,x3	 x19:0xfffffe19  x3:0x00000000 x13=0x00000000
     325875.000 ns	     32586	80006f9c	09c793d3	fsub.s	f7,f15,f28	 f15:0x7f800000 f28:0x00000000  f7=0x7f800000
     325905.000 ns	     32589	80006fa0	c01fbad3	fcvt.wu.s	x21,f31	 f31:0x7fc00000 x21=0xffffffff
     325925.000 ns	     32591	80006fa4	5726efb7	lui	x31,0x5726e	 x31=0x5726e000
     325935.000 ns	     32592	80006fa8	4c638513	addi	x10,x7,1222	  x7:0xcbfc3000 x10=0xcbfc34c6
     325965.000 ns	     32595	80006fac	10b689d3	fmul.s	f19,f13,f11	 f13:0x7f800000 f11:0x80000000 f19=0x7fc00000
     325985.000 ns	     32597	80006fb0	0122a133	slt	x2,x5,x18	  x5:0x00000001 x18:0x00000000  x2=0x00000000
     326005.000 ns	     32599	80006fb4	a0f4a0d3	feq.s	x1,f9,f15	  f9:0x41800000 f15:0x7f800000  x1=0x00000000
     326025.000 ns	     32601	80006fb8	006483b3	add	x7,x9,x6	  x9:0x8c67be9c  x6:0x00000000  x7=0x8c67be9c
     326045.000 ns	     32603	80006fbc	0289aa33	mulhsu	x20,x19,x8	 x19:0xfffffe19  x8:0x80040fe4 x20=0xffffff0c
     326075.000 ns	     32606	80006fc0	20f992d3	fsgnjn.s	f5,f19,f15	 f19:0x7fc00000 f15:0x7f800000  f5=0xffc00000
     326095.000 ns	     32608	80006fc4	40bbda13	srai	x20,x23,0xb	 x23:0xc9492f3e x20=0xfff92925
     326135.000 ns	     32612	80006fc8	0960b253	fsub.s	f4,f1,f22	  f1:0x41800000 f22:0x3f800000  f4=0x41700000
     326155.000 ns	     32614	80006fcc	01f03bb3	sltu	x23,x0,x31	  x0:0x00000000 x31:0x5726e000 x23=0x00000001
     326165.000 ns	     32615	80006fd0	9d04af93	slti	x31,x9,-1584	  x9:0x8c67be9c x31=0x00000001
     326175.000 ns	     32616	80006fd4	41bb8c33	sub	x24,x23,x27	 x23:0xc9492f3e x27:0x00000000 x24=0x00000001
     326195.000 ns	     32618	80006fd8	290a0ad3	fmin.s	f21,f20,f16	 f20:0x7fc00000 f16:0x4c812000 f21=0x4c812000
     326225.000 ns	     32621	80006fdc	028d13b3	mulh	x7,x26,x8	 x26:0x00000000  x8:0x80040fe4  x7=0x00000000
     326255.000 ns	     32624	80006fe0	039123b3	mulhsu	x7,x2,x25	  x2:0x00000000 x25:0xffffffff  x7=0x00000000
     326275.000 ns	     32626	80006fe4	c7933213	sltiu	x4,x6,-903	  x6:0x00000000  x4=0x00000001
     326295.000 ns	     32628	80006fe8	02441e33	mulh	x28,x8,x4	  x8:0x80040fe4  x4:0x00000000 x28=0xffffffff
     326325.000 ns	     32631	80006fec	c00241d3	fcvt.w.s	x3,f4	  f4:0x41700000  x3=0x0000000f
     326345.000 ns	     32633	80006ff0	4eef3493	sltiu	x9,x30,1262	 x30:0x00000000  x9=0x00000001
     326375.000 ns	     32636	80006ff4	1974fc53	fdiv.s	f24,f9,f23	  f9:0x41800000 f23:0xffffff7b f24=0x7fc00000
     326405.000 ns	     32639	80006ff8	e0020753	fmv.x.w	x14,f4	  f4:0x41700000 x14=0x41700000
     326775.000 ns	     32676	80006ffc	0313c3b3	div	x7,x7,x17	  x7:0x00000000 x17:0xffffffff  x7=0x00000000
     326805.000 ns	     32679	80007000	02ad1bb3	mulh	x23,x26,x10	 x26:0x00000000 x10:0xcbfc34c6 x23=0x00000000
     326835.000 ns	     32682	80007004	21d01453	fsgnjn.s	f8,f0,f29	  f0:0x7fc00000 f29:0xffc00000  f8=0x7fc00000
     326865.000 ns	     32685	80007008	0203cab3	div	x21,x7,x0	  x7:0x00000000  x0:0x00000000 x21=0xffffffff
     326885.000 ns	     32687	8000700c	01a06d33	or	x26,x0,x26	  x0:0x00000000 x26:0x00000000 x26=0x00000000
     326895.000 ns	     32688	80007010	40508233	sub	x4,x1,x5	  x1:0x00000000  x5:0x00000001  x4=0xffffffff
     326905.000 ns	     32689	80007014	5d84ab93	slti	x23,x9,1496	  x9:0x00000001 x23=0x00000001
     326925.000 ns	     32691	80007018	0268eb33	rem	x22,x17,x6	 x17:0xffffffff  x6:0x00000000 x22=0xffffffff
     327295.000 ns	     32728	8000701c	03cf6f33	rem	x30,x30,x28	 x30:0x00000000 x28:0xffffffff x30=0x00000000
     327325.000 ns	     32731	80007020	29db1453	fmax.s	f8,f22,f29	 f22:0x3f800000 f29:0xffc00000  f8=0x3f800000
     327365.000 ns	     32735	80007024	180bf2d3	fdiv.s	f5,f23,f0	 f23:0xffffff7b  f0:0x7fc00000  f5=0x7fc00000
     327395.000 ns	     32738	80007028	0322e133	rem	x2,x5,x18	  x5:0x00000001 x18:0x00000000  x2=0x00000001
     327425.000 ns	     32741	8000702c	a0da89d3	fle.s	x19,f21,f13	 f21:0x4c812000 f13:0x7f800000 x19=0x00000001
     327455.000 ns	     32744	80007030	a10d8b53	fle.s	x22,f27,f16	 f27:0x7fc00000 f16:0x4c812000 x22=0x00000000
     327485.000 ns	     32747	80007034	039a0b33	mul	x22,x20,x25	 x20:0xfff92925 x25:0xffffffff x22=0x0006d6db
     327515.000 ns	     32750	80007038	d018f853	fcvt.s.wu	f16,x17	 x17:0xffffffff f16=0x4f7fffff
     327535.000 ns	     32752	8000703c	01257eb3	and	x29,x10,x18	 x10:0xcbfc34c6 x18:0x00000000 x29=0x00000000
     327895.000 ns	     32788	80007040	02c5d733	divu	x14,x11,x12	 x11:0x80041024 x12:0x00000001 x14=0x80041024
     327925.000 ns	     32791	80007044	03d84533	div	x10,x16,x29	 x16:0x00000000 x29:0x00000001 x10=0xffffffff
     327945.000 ns	     32793	80007048	01f90533	add	x10,x18,x31	 x18:0x00000000 x31:0x00000001 x10=0x00000001
     327965.000 ns	     32795	8000704c	201b0c53	fsgnj.s	f24,f22,f1	 f22:0x3f800000  f1:0x41800000 f24=0x3f800000
     327985.000 ns	     32797	80007050	b5022d93	slti	x27,x4,-1200	  x4:0xffffffff x27=0x00000000
     328005.000 ns	     32799	80007054	033c0db3	mul	x27,x24,x19	 x24:0x00000001 x19:0x00000001 x27=0x00000001
     328375.000 ns	     32836	80007058	02ffeab3	rem	x21,x31,x15	 x31:0x00000001 x15:0xf9c13d14 x21=0x00000001
     328395.000 ns	     32838	8000705c	006ee6b3	or	x13,x29,x6	 x29:0x00000000  x6:0x00000000 x13=0x00000000
     328405.000 ns	     32839	80007060	01dde1b3	or	x3,x27,x29	 x27:0x00000001 x29:0x00000000  x3=0x00000001
     328765.000 ns	     32875	80007064	02ab6b33	rem	x22,x22,x10	 x22:0x0006d6db x10:0x00000001 x22=0x00000000
     328785.000 ns	     32877	80007068	002388b3	add	x17,x7,x2	  x7:0x00000000  x2:0x00000001 x17=0x00000001
     328795.000 ns	     32878	8000706c	0056eab3	or	x21,x13,x5	 x13:0x00000000  x5:0x00000001 x21=0x00000001
     328805.000 ns	     32879	80007070	004ceb33	or	x22,x25,x4	 x25:0xffffffff  x4:0xffffffff x22=0xffffffff
     328825.000 ns	     32881	80007074	03711ab3	mulh	x21,x2,x23	  x2:0x00000001 x23:0x00000001 x21=0x00000000
     328855.000 ns	     32884	80007078	03adec33	rem	x24,x27,x26	 x27:0x00000001 x26:0x00000000 x24=0x00000001
     328885.000 ns	     32887	8000707c	03dbd633	divu	x12,x23,x29	 x23:0x00000001 x29:0x00000000 x12=0xffffffff
     328905.000 ns	     32889	80007080	3ddeb613	sltiu	x12,x29,989	 x29:0x00000000 x12=0x00000001
     328925.000 ns	     32891	80007084	287e16d3	fmax.s	f13,f28,f7	 f28:0x00000000  f7:0x7f800000 f13=0x7f800000
     328965.000 ns	     32895	80007088	5801c3d3	fsqrt.s	f7,f3	  f3:0x7fc00000  f7=0x7fc00000
     328995.000 ns	     32898	8000708c	21daa0d3	fsgnjx.s	f1,f21,f29	 f21:0x4c812000 f29:0xffc00000  f1=0xcc812000
     329025.000 ns	     32901	80007090	21138ed3	fsgnj.s	f29,f7,f17	  f7:0x7fc00000 f17:0x4c812000 f29=0x7fc00000
     329045.000 ns	     32903	80007094	00085a33	srl	x20,x16,x0	 x16:0x00000000  x0:0x00000000 x20=0x00000000
     329065.000 ns	     32905	80007098	03ff91b3	mulh	x3,x31,x31	 x31:0x00000001 x31:0x00000001  x3=0x00000000
     329435.000 ns	     32942	8000709c	0256c833	div	x16,x13,x5	 x13:0x00000000  x5:0x00000001 x16=0x00000000
     329455.000 ns	     32944	800070a0	41788933	sub	x18,x17,x23	 x17:0x00000001 x23:0x00000001 x18=0x00000000
     329475.000 ns	     32946	800070a4	029c2c33	mulhsu	x24,x24,x9	 x24:0x00000001  x9:0x00000001 x24=0x00000000
     329505.000 ns	     32949	800070a8	214207d3	fsgnj.s	f15,f4,f20	  f4:0x41700000 f20:0x7fc00000 f15=0x41700000
     329535.000 ns	     32952	800070ac	c0114353	fcvt.wu.s	x6,f2	  f2:0x00000000  x6=0x00000000
     329565.000 ns	     32955	800070b0	c01a1cd3	fcvt.wu.s	x25,f20	 f20:0x7fc00000 x25=0xffffffff
     329595.000 ns	     32958	800070b4	20140cd3	fsgnj.s	f25,f8,f1	  f8:0x3f800000  f1:0xcc812000 f25=0xbf800000
     329615.000 ns	     32960	800070b8	e2a1b513	sltiu	x10,x3,-470	  x3:0x00000000 x10=0x00000001
     329645.000 ns	     32963	800070bc	18bebe53	fdiv.s	f28,f29,f11	 f29:0x7fc00000 f11:0x80000000 f28=0x7fc00000
     329675.000 ns	     32966	800070c0	28b08bd3	fmin.s	f23,f1,f11	  f1:0xcc812000 f11:0x80000000 f23=0xcc812000
     329695.000 ns	     32968	800070c4	016ddf93	srli	x31,x27,0x16	 x27:0x00000001 x31=0x00000000
     329715.000 ns	     32970	800070c8	e0079253	fclass.s	x4,f15	 f15:0x41700000  x4=0x00000040
     329745.000 ns	     32973	800070cc	d01277d3	fcvt.s.wu	f15,x4	  x4:0xffffffff f15=0x42800000
     329765.000 ns	     32975	800070d0	b8313713	sltiu	x14,x2,-1149	  x2:0x00000001 x14=0x00000001
     329785.000 ns	     32977	800070d4	a0d40bd3	fle.s	x23,f8,f13	  f8:0x3f800000 f13:0x7f800000 x23=0x00000001
     329815.000 ns	     32980	800070d8	0325e9b3	rem	x19,x11,x18	 x11:0x80041024 x18:0x00000000 x19=0x80041024
     329845.000 ns	     32983	800070dc	03429133	mulh	x2,x5,x20	  x5:0x00000001 x20:0x00000000  x2=0x00000000
     330215.000 ns	     33020	800070e0	02e75e33	divu	x28,x14,x14	 x14:0x00000001 x14:0x00000001 x28=0x00000001
     330235.000 ns	     33022	800070e4	17a9c4b7	lui	x9,0x17a9c	  x9=0x17a9c000
     330245.000 ns	     33023	800070e8	0016dd93	srli	x27,x13,0x1	 x13:0x00000000 x27=0x00000000
     330265.000 ns	     33025	800070ec	03b8ce33	div	x28,x17,x27	 x17:0x00000001 x27:0x00000001 x28=0xffffffff
     330295.000 ns	     33028	800070f0	02211c33	mulh	x24,x2,x2	  x2:0x00000000  x2:0x00000000 x24=0x00000000
     330325.000 ns	     33031	800070f4	d01ab853	fcvt.s.wu	f16,x21	 x21:0x00000000 f16=0x00000000
     330345.000 ns	     33033	800070f8	01a15133	srl	x2,x2,x26	  x2:0x00000000 x26:0x00000000  x2=0x00000000
     330355.000 ns	     33034	800070fc	01fdcd33	xor	x26,x27,x31	 x27:0x00000000 x31:0x00000000 x26=0x00000000
     330365.000 ns	     33035	80007100	9c61c313	xori	x6,x3,-1594	  x3:0x00000000  x6=0xfffff9c6
     330375.000 ns	     33036	80007104	6a2b0513	addi	x10,x22,1698	 x22:0xffffffff x10=0x000006a1
     330395.000 ns	     33038	80007108	28251753	fmax.s	f14,f10,f2	 f10:0x80040fe7  f2:0x00000000 f14=0x00000000
     330425.000 ns	     33041	8000710c	02450a33	mul	x20,x10,x4	 x10:0x00000001  x4:0x00000040 x20=0x0001a840
     330455.000 ns	     33044	80007110	03788e33	mul	x28,x17,x23	 x17:0x00000001 x23:0x00000001 x28=0x00000001
     330495.000 ns	     33048	80007114	10f1f653	fmul.s	f12,f3,f15	  f3:0x7fc00000 f15:0x42800000 f12=0x7fc00000
     330525.000 ns	     33051	80007118	d00fc553	fcvt.s.w	f10,x31	 x31:0x00000000 f10=0x00000000
     330555.000 ns	     33054	8000711c	209d19d3	fsgnjn.s	f19,f26,f9	 f26:0x7fc00000  f9:0x41800000 f19=0xffc00000
     330595.000 ns	     33058	80007120	107e7453	fmul.s	f8,f28,f7	 f28:0x7fc00000  f7:0x7fc00000  f8=0x7fc00000
     330615.000 ns	     33060	80007124	01f31113	slli	x2,x6,0x1f	  x6:0xfffff9c6  x2=0x00000000
     330975.000 ns	     33096	80007128	0246f6b3	remu	x13,x13,x4	 x13:0x00000000  x4:0x00000040 x13=0x00000000
     330995.000 ns	     33098	8000712c	01d2f6b3	and	x13,x5,x29	  x5:0x00000001 x29:0x00000000 x13=0x00000000
     331005.000 ns	     33099	80007130	6625c113	xori	x2,x11,1634	 x11:0x80041024  x2=0x80041646
     331015.000 ns	     33100	80007134	40f95cb3	sra	x25,x18,x15	 x18:0x00000000 x15:0xf9c13d14 x25=0x00000000
     331035.000 ns	     33102	80007138	a19b9353	flt.s	x6,f23,f25	 f23:0xcc812000 f25:0xbf800000  x6=0x00000001
     331405.000 ns	     33139	8000713c	02c0e1b3	rem	x3,x1,x12	  x1:0x00000000 x12:0x00000001  x3=0x00000000
     331425.000 ns	     33141	80007140	01f44e33	xor	x28,x8,x31	  x8:0x80040fe4 x31:0x00000000 x28=0x80040fe4
     331445.000 ns	     33143	80007144	a01501d3	fle.s	x3,f10,f1	 f10:0x00000000  f1:0xcc812000  x3=0x00000000
     331465.000 ns	     33145	80007148	0f203c93	sltiu	x25,x0,242	  x0:0x00000000 x25=0x00000001
     331485.000 ns	     33147	8000714c	214120d3	fsgnjx.s	f1,f2,f20	  f2:0x00000000 f20:0x7fc00000  f1=0x00000000
     331505.000 ns	     33149	80007150	01181733	sll	x14,x16,x17	 x16:0x00000000 x17:0x00000001 x14=0x00000000
     331515.000 ns	     33150	80007154	41955d13	srai	x26,x10,0x19	 x10:0x000006a1 x26=0x00000000
     331535.000 ns	     33152	80007158	02314233	div	x4,x2,x3	  x2:0x80041646  x3:0x00000000  x4=0xffffffff
     331555.000 ns	     33154	8000715c	00b9d1b3	srl	x3,x19,x11	 x19:0x80041024 x11:0x80041024  x3=0x08004102
     331585.000 ns	     33157	80007160	580cc253	fsqrt.s	f4,f25	 f25:0xbf800000  f4=0x7fc00000
     331615.000 ns	     33160	80007164	f0030b53	fmv.w.x	f22,x6	  x6:0x00000001 f22=0x00000001
     331635.000 ns	     33162	80007168	01869233	sll	x4,x13,x24	 x13:0x00000000 x24:0x00000000  x4=0x00000000
     331655.000 ns	     33164	8000716c	c01e9753	fcvt.wu.s	x14,f29	 f29:0x7fc00000 x14=0xffffffff
     331695.000 ns	     33168	80007170	19abf853	fdiv.s	f16,f23,f26	 f23:0xcc812000 f26:0x7fc00000 f16=0x7fc00000
     331725.000 ns	     33171	80007174	f00d8953	fmv.w.x	f18,x27	 x27:0x00000000 f18=0x00000000
     331745.000 ns	     33173	80007178	f4370b13	addi	x22,x14,-189	 x14:0xffffffff x22=0xffffff42
     332105.000 ns	     33209	8000717c	0231df33	divu	x30,x3,x3	  x3:0x08004102  x3:0x08004102 x30=0x00000001
     332135.000 ns	     33212	80007180	02a08d33	mul	x26,x1,x10	  x1:0x00000000 x10:0x000006a1 x26=0x00000000
     332505.000 ns	     33249	80007184	02aa61b3	rem	x3,x20,x10	 x20:0x0001a840 x10:0x000006a1  x3=0x00000000
     332535.000 ns	     33252	80007188	e00903d3	fmv.x.w	x7,f18	 f18:0x00000000  x7=0x00000000
     332565.000 ns	     33255	8000718c	d01129d3	fcvt.s.wu	f19,x2	  x2:0x80041646 f19=0x4f000417
     332935.000 ns	     33292	80007190	02f17f33	remu	x30,x2,x15	  x2:0x80041646 x15:0xf9c13d14 x30=0x80041646
     332955.000 ns	     33294	80007194	d759fe93	andi	x29,x19,-651	 x19:0x80041024 x29=0x80041024
     332975.000 ns	     33296	80007198	a1660753	fle.s	x14,f12,f22	 f12:0x7fc00000 f22:0x00000001 x14=0x00000000
     332995.000 ns	     33298	8000719c	00be90b3	sll	x1,x29,x11	 x29:0x00000000 x11:0x80041024  x1=0x00410240
     333025.000 ns	     33301	800071a0	5801f253	fsqrt.s	f4,f3	  f3:0x7fc00000  f4=0x7fc00000
     333045.000 ns	     33303	800071a4	00735f33	srl	x30,x6,x7	  x6:0x00000001  x7:0x00000000 x30=0x00000001
     333085.000 ns	     33307	800071a8	002d4ad3	fadd.s	f21,f26,f2	 f26:0x7fc00000  f2:0x00000000 f21=0x7fc00000
     333105.000 ns	     33309	800071ac	f6b02093	slti	x1,x0,-149	  x0:0x00000000  x1=0x00000000
     333125.000 ns	     33311	800071b0	d019a3d3	fcvt.s.wu	f7,x19	 x19:0x80041024  f7=0x4f000411
     333165.000 ns	     33315	800071b4	11c631d3	fmul.s	f3,f12,f28	 f12:0x7fc00000 f28:0x7fc00000  f3=0x7fc00000
     333185.000 ns	     33317	800071b8	40545293	srai	x5,x8,0x5	  x8:0x80040fe4  x5=0xfc00207f
     333205.000 ns	     33319	800071bc	a14e89d3	fle.s	x19,f29,f20	 f29:0x7fc00000 f20:0x7fc00000 x19=0x00000000
     333245.000 ns	     33323	800071c0	19257453	fdiv.s	f8,f10,f18	 f10:0x00000000 f18:0x00000000  f8=0x7fc00000
     333265.000 ns	     33325	800071c4	012178b3	and	x17,x2,x18	  x2:0x80041646 x18:0x00000000 x17=0x00000000
     333285.000 ns	     33327	800071c8	29050753	fmin.s	f14,f10,f16	 f10:0x00000000 f16:0x7fc00000 f14=0x00000000
     333305.000 ns	     33329	800071cc	00275db3	srl	x27,x14,x2	 x14:0x00000000  x2:0x80041646 x27=0x00000000
     333315.000 ns	     33330	800071d0	1881b813	sltiu	x16,x3,392	  x3:0x00000000 x16=0x00000001
     333335.000 ns	     33332	800071d4	21cda053	fsgnjx.s	f0,f27,f28	 f27:0x7fc00000 f28:0x7fc00000  f0=0x7fc00000
     333365.000 ns	     33335	800071d8	0203dd33	divu	x26,x7,x0	  x7:0x00000000  x0:0x00000000 x26=0xffffffff
     333385.000 ns	     33337	800071dc	00c0d393	srli	x7,x1,0xc	  x1:0x00000000  x7=0x00000000
     333395.000 ns	     33338	800071e0	00369fb3	sll	x31,x13,x3	 x13:0x00000000  x3:0x00000000 x31=0x00000000
     333405.000 ns	     33339	800071e4	003c3ab3	sltu	x21,x24,x3	 x24:0x00000000  x3:0x00000000 x21=0x00000000
     333425.000 ns	     33341	800071e8	f00b00d3	fmv.w.x	f1,x22	 x22:0xffffff42  f1=0xffffff42
     333445.000 ns	     33343	800071ec	00551233	sll	x4,x10,x5	 x10:0x000006a1  x5:0xfc00207f  x4=0x80000000
     333455.000 ns	     33344	800071f0	2d494f93	xori	x31,x18,724	 x18:0x00000000 x31=0x000002d4
     333475.000 ns	     33346	800071f4	027d31b3	mulhu	x3,x26,x7	 x26:0xffffffff  x7:0x00000000  x3=0x00000000
     333505.000 ns	     33349	800071f8	d015fc53	fcvt.s.wu	f24,x11	 x11:0x80041024 f24=0x4f000410
     333525.000 ns	     33351	800071fc	01705a13	srli	x20,x0,0x17	  x0:0x00000000 x20=0x00000000
     333535.000 ns	     33352	80007200	4107db33	sra	x22,x15,x16	 x15:0xf9c13d14 x16:0x00000001 x22=0xfce09e8a
     333545.000 ns	     33353	80007204	28f8c513	xori	x10,x17,655	 x17:0x00000000 x10=0x0000028f
     333565.000 ns	     33355	80007208	0279c933	div	x18,x19,x7	 x19:0x00000000  x7:0x00000000 x18=0xffffffff
     333585.000 ns	     33357	8000720c	00000013	addi	x0,x0,0	  x0:0x00000000
     333595.000 ns	     33358	80007210	019ed093	srli	x1,x29,0x19	 x29:0x80041024  x1=0x00000040
     333605.000 ns	     33359	80007214	2d5a7997	auipc	x19,0x2d5a7	 x19=0xad5ae214
     333615.000 ns	     33360	80007218	014cdf33	srl	x30,x25,x20	 x25:0x00000001 x20:0x00000000 x30=0x00000001
     333625.000 ns	     33361	8000721c	011a3c33	sltu	x24,x20,x17	 x20:0x00000000 x17:0x00000000 x24=0x00000000
     333635.000 ns	     33362	80007220	41eed033	sra	x0,x29,x30	 x29:0x80041024 x30:0x00000001
     333645.000 ns	     33363	80007224	000e3233	sltu	x4,x28,x0	 x28:0x80040fe4  x0:0x00000000  x4=0x00000000
     333665.000 ns	     33365	80007228	295f8a53	fmin.s	f20,f31,f21	 f31:0x7fc00000 f21:0x7fc00000 f20=0x7fc00000
     333695.000 ns	     33368	8000722c	c01cffd3	fcvt.wu.s	x31,f25	 f25:0xbf800000 x31=0x00000001
     333725.000 ns	     33371	80007230	d000ffd3	fcvt.s.w	f31,x1	  x1:0x00000040 f31=0x42800000
     333755.000 ns	     33374	80007234	29e80a53	fmin.s	f20,f16,f30	 f16:0x7fc00000 f30:0x00000000 f20=0x00000000
     333785.000 ns	     33377	80007238	d0021c53	fcvt.s.w	f24,x4	  x4:0x00000000 f24=0x00000000
     333815.000 ns	     33380	8000723c	214313d3	fsgnjn.s	f7,f6,f20	  f6:0x7fc00000 f20:0x00000000  f7=0xffc00000
     333845.000 ns	     33383	80007240	d0127553	fcvt.s.wu	f10,x4	  x4:0x00000000 f10=0x00000000
     333875.000 ns	     33386	80007244	21d2a253	fsgnjx.s	f4,f5,f29	  f5:0x7fc00000 f29:0x7fc00000  f4=0x7fc00000
     333905.000 ns	     33389	80007248	a1b98153	fle.s	x2,f19,f27	 f19:0x4f000417 f27:0x7fc00000  x2=0x00000000
     333925.000 ns	     33391	8000724c	019e7f33	and	x30,x28,x25	 x28:0x80040fe4 x25:0x00000001 x30=0x00000000
     333945.000 ns	     33393	80007250	0297b033	mulhu	x0,x15,x9	 x15:0xf9c13d14  x9:0x17a9c000
     333975.000 ns	     33396	80007254	024d8ab3	mul	x21,x27,x4	 x27:0x00000000  x4:0x00000000 x21=0x00000000
     334005.000 ns	     33399	80007258	02bea1b3	mulhsu	x3,x29,x11	 x29:0x80041024 x11:0x80041024  x3=0xc0000010
     334035.000 ns	     33402	8000725c	a1549653	flt.s	x12,f9,f21	  f9:0x41800000 f21:0x7fc00000 x12=0x00000000
     334055.000 ns	     33404	80007260	00000013	addi	x0,x0,0	  x0:0x00000000
     334065.000 ns	     33405	80007264	68d40a13	addi	x20,x8,1677	  x8:0x80040fe4 x20=0x80041671
     334075.000 ns	     33406	80007268	017eaf33	slt	x30,x29,x23	 x29:0x80041024 x23:0x00000001 x30=0x00000001
     334085.000 ns	     33407	8000726c	2b814993	xori	x19,x2,696	  x2:0x00000000 x19=0x000002b8
     334095.000 ns	     33408	80007270	642f21b7	lui	x3,0x642f2	  x3=0x642f2000
     334105.000 ns	     33409	80007274	01a832b3	sltu	x5,x16,x26	 x16:0x00000001 x26:0xffffffff  x5=0x00000001
     334115.000 ns	     33410	80007278	971c8093	addi	x1,x25,-1679	 x25:0x00000001  x1=0xfffff972
     334145.000 ns	     33413	8000727c	19167253	fdiv.s	f4,f12,f17	 f12:0x7fc00000 f17:0x4c812000  f4=0x7fc00000
     334165.000 ns	     33415	80007280	d98ce617	auipc	x12,0xd98ce	 x12=0x598d5280
     334185.000 ns	     33417	80007284	c0180e53	fcvt.wu.s	x28,f16	 f16:0x7fc00000 x28=0xffffffff
     334205.000 ns	     33419	80007288	409c82b3	sub	x5,x25,x9	 x25:0x00000001  x9:0x17a9c000  x5=0xe8564001
     334225.000 ns	     33421	8000728c	e0078ed3	fmv.x.w	x29,f15	 f15:0x42800000 x29=0x42800000
     334255.000 ns	     33424	80007290	c0093bd3	fcvt.w.s	x23,f18	 f18:0x00000000 x23=0x00000000
     334275.000 ns	     33426	80007294	00000013	addi	x0,x0,0	  x0:0x00000000
     334285.000 ns	     33427	80007298	01919913	slli	x18,x3,0x19	  x3:0x642f2000 x18=0x00000000
     334315.000 ns	     33430	8000729c	1816fad3	fdiv.s	f21,f13,f1	 f13:0x7f800000  f1:0xffffff42 f21=0x7fc00000
     334335.000 ns	     33432	800072a0	0167ddb3	srl	x27,x15,x22	 x15:0xf9c13d14 x22:0xfce09e8a x27=0x003e704f
     334365.000 ns	     33435	800072a4	580ef1d3	fsqrt.s	f3,f29	 f29:0x7fc00000  f3=0x7fc00000
     334395.000 ns	     33438	800072a8	20c68053	fsgnj.s	f0,f13,f12	 f13:0x7f800000 f12:0x7fc00000  f0=0x7f800000
     334425.000 ns	     33441	800072ac	f00302d3	fmv.w.x	f5,x6	  x6:0x00000001  f5=0x00000001
     334455.000 ns	     33444	800072b0	03c50233	mul	x4,x10,x28	 x10:0x0000028f x28:0xffffffff  x4=0xfffffd71
     334475.000 ns	     33446	800072b4	ad7ff693	andi	x13,x31,-1321	 x31:0x00000001 x13=0x00000001
     334485.000 ns	     33447	800072b8	004f0a33	add	x20,x30,x4	 x30:0x00000001  x4:0xfffffd71 x20=0xfffffd72
     334505.000 ns	     33449	800072bc	03f7a133	mulhsu	x2,x15,x31	 x15:0xf9c13d14 x31:0x00000001  x2=0xffffffff
     334525.000 ns	     33451	800072c0	2c0f8637	lui	x12,0x2c0f8	 x12=0x2c0f8000
     334545.000 ns	     33453	800072c4	c008c3d3	fcvt.w.s	x7,f17	 f17:0x4c812000  x7=0x04090000
     334575.000 ns	     33456	800072c8	e0040853	fmv.x.w	x16,f8	  f8:0x7fc00000 x16=0x7fc00000
     334615.000 ns	     33460	800072cc	10d20d53	fmul.s	f26,f4,f13	  f4:0x7fc00000 f13:0x7f800000 f26=0x7fc00000
     334645.000 ns	     33463	800072d0	d012f0d3	fcvt.s.wu	f1,x5	  x5:0xe8564001  f1=0x4f685640
     334675.000 ns	     33466	800072d4	288e13d3	fmax.s	f7,f28,f8	 f28:0x7fc00000  f8:0x7fc00000  f7=0x7fc00000
     334695.000 ns	     33468	800072d8	01afe0b3	or	x1,x31,x26	 x31:0x00000001 x26:0xffffffff  x1=0xffffffff
     334705.000 ns	     33469	800072dc	01de9f13	slli	x30,x29,0x1d	 x29:0x42800000 x30=0x00000000
     334715.000 ns	     33470	800072e0	ba2fea93	ori	x21,x31,-1118	 x31:0x00000001 x21=0xfffffba3
     334755.000 ns	     33474	800072e4	09ab7853	fsub.s	f16,f22,f26	 f22:0x00000001 f26:0x7fc00000 f16=0x7fc00000
     334775.000 ns	     33476	800072e8	0e086b97	auipc	x23,0xe086	 x23=0x8e08d2e8
     334795.000 ns	     33478	800072ec	210a0bd3	fsgnj.s	f23,f20,f16	 f20:0x00000000 f16:0x7fc00000 f23=0x00000000
     334825.000 ns	     33481	800072f0	e00a0c53	fmv.x.w	x24,f20	 f20:0x00000000 x24=0x00000000
     334865.000 ns	     33485	800072f4	19e17ad3	fdiv.s	f21,f2,f30	  f2:0x00000000 f30:0x00000000 f21=0x7fc00000
     334895.000 ns	     33488	800072f8	02b61333	mulh	x6,x12,x11	 x12:0x2c0f8000 x11:0x80041024  x6=0xe9f8f305
     334915.000 ns	     33490	800072fc	40495f93	srai	x31,x18,0x4	 x18:0x00000000 x31=0x00000000
     334925.000 ns	     33491	80007300	0082fdb3	and	x27,x5,x8	  x5:0xe8564001  x8:0x80040fe4 x27=0x80040000
     334945.000 ns	     33493	80007304	02be1933	mulh	x18,x28,x11	 x28:0xffffffff x11:0x80041024 x18=0x00000000
     334965.000 ns	     33495	80007308	6095cc93	xori	x25,x11,1545	 x11:0x80041024 x25=0x8004162d
     334985.000 ns	     33497	8000730c	03117c33	remu	x24,x2,x17	  x2:0xffffffff x17:0x00000000 x24=0xffffffff
     335005.000 ns	     33499	80007310	00000013	addi	x0,x0,0	  x0:0x00000000
     335035.000 ns	     33502	80007314	10c67e53	fmul.s	f28,f12,f12	 f12:0x7fc00000 f12:0x7fc00000 f28=0x7fc00000
     335085.000 ns	     33507	80007318	088e78d3	fsub.s	f17,f28,f8	 f28:0x7fc00000  f8:0x7fc00000 f17=0x7fc00000
     335115.000 ns	     33510	8000731c	d00574d3	fcvt.s.w	f9,x10	 x10:0x0000028f  f9=0x4423c000
     335135.000 ns	     33512	80007320	d706e013	ori	x0,x13,-656	 x13:0x00000001
     335145.000 ns	     33513	80007324	01bf8c33	add	x24,x31,x27	 x31:0x00000000 x27:0x80040000 x24=0x80040000
     335165.000 ns	     33515	80007328	213f9d53	fsgnjn.s	f26,f31,f19	 f31:0x42800000 f19:0x4f000417 f26=0xc2800000
     335185.000 ns	     33517	8000732c	002eca33	xor	x20,x29,x2	 x29:0x42800000  x2:0xffffffff x20=0xbd7fffff
     335195.000 ns	     33518	80007330	002d60b3	or	x1,x26,x2	 x26:0xffffffff  x2:0xffffffff  x1=0xffffffff
     335215.000 ns	     33520	80007334	f0098653	fmv.w.x	f12,x19	 x19:0x000002b8 f12=0x000002b8
     335235.000 ns	     33522	80007338	414dd1b3	sra	x3,x27,x20	 x27:0x80040000 x20:0xbd7fffff  x3=0xffffffff
     335245.000 ns	     33523	8000733c	01941cb3	sll	x25,x8,x25	  x8:0x80040fe4 x25:0x8004162d x25=0x81fc8000
     335265.000 ns	     33525	80007340	a19aab53	feq.s	x22,f21,f25	 f21:0x7fc00000 f25:0xbf800000 x22=0x00000000
     335295.000 ns	     33528	80007344	28940d53	fmin.s	f26,f8,f9	  f8:0x7fc00000  f9:0x4423c000 f26=0x4423c000
     335325.000 ns	     33531	80007348	21a41ad3	fsgnjn.s	f21,f8,f26	  f8:0x7fc00000 f26:0xc2800000 f21=0xffc00000
     335355.000 ns	     33534	8000734c	21e6a753	fsgnjx.s	f14,f13,f30	 f13:0x7f800000 f30:0x00000000 f14=0x7f800000
     335375.000 ns	     33536	80007350	9e84bb97	auipc	x23,0x9e84b	 x23=0x1e852350
     335395.000 ns	     33538	80007354	02eb4733	div	x14,x22,x14	 x22:0x00000000 x14:0x00000000 x14=0xffffffff
     335415.000 ns	     33540	80007358	bea00313	addi	x6,x0,-1046	  x0:0x00000000  x6=0xfffffbea
     335425.000 ns	     33541	8000735c	004a1a33	sll	x20,x20,x4	 x20:0xbd7fffff  x4:0xfffffd71 x20=0xfffe0000
     335435.000 ns	     33542	80007360	0099da93	srli	x21,x19,0x9	 x19:0x000002b8 x21=0x00000001
     335455.000 ns	     33544	80007364	03277eb3	remu	x29,x14,x18	 x14:0xffffffff x18:0x00000000 x29=0xffffffff
     335485.000 ns	     33547	80007368	d00f72d3	fcvt.s.w	f5,x30	 x30:0x00000000  f5=0x00000000
     335515.000 ns	     33550	8000736c	e0090953	fmv.x.w	x18,f18	 f18:0x00000000 x18=0x00000000
     335535.000 ns	     33552	80007370	4114d093	srai	x1,x9,0x11	  x9:0x17a9c000  x1=0x00000bd4
     335545.000 ns	     33553	80007374	0156cab3	xor	x21,x13,x21	 x13:0x00000001 x21:0x00000001 x21=0x00000000
     335555.000 ns	     33554	80007378	019aee33	or	x28,x21,x25	 x21:0x00000001 x25:0x81fc8000 x28=0x81fc8000
     335585.000 ns	     33557	8000737c	580948d3	fsqrt.s	f17,f18	 f18:0x00000000 f17=0x00000000
     335615.000 ns	     33560	80007380	296b1653	fmax.s	f12,f22,f22	 f22:0x00000001 f22:0x00000001 f12=0x00000001
     335645.000 ns	     33563	80007384	02a8b3b3	mulhu	x7,x17,x10	 x17:0x00000000 x10:0x0000028f  x7=0x00000000
     335675.000 ns	     33566	80007388	c017fbd3	fcvt.wu.s	x23,f15	 f15:0x42800000 x23=0x00000040
     336045.000 ns	     33603	8000738c	03c466b3	rem	x13,x8,x28	  x8:0x80040fe4 x28:0x81fc8000 x13=0xfe078fe4
     336065.000 ns	     33605	80007390	00d67d33	and	x26,x12,x13	 x12:0x2c0f8000 x13:0x00000001 x26=0x2c078000
     336085.000 ns	     33607	80007394	c00ffc53	fcvt.w.s	x24,f31	 f31:0x42800000 x24=0x00000040
     336105.000 ns	     33609	80007398	00000013	addi	x0,x0,0	  x0:0x00000000
     336145.000 ns	     33613	8000739c	0935f5d3	fsub.s	f11,f11,f19	 f11:0x80000000 f19:0x4f000417 f11=0xcf000417
     336165.000 ns	     33615	800073a0	41385493	srai	x9,x16,0x13	 x16:0x7fc00000  x9=0x00000ff8
     336185.000 ns	     33617	800073a4	02cf1e33	mulh	x28,x30,x12	 x30:0x00000000 x12:0x2c0f8000 x28=0x00000000
     336215.000 ns	     33620	800073a8	29d40953	fmin.s	f18,f8,f29	  f8:0x7fc00000 f29:0x7fc00000 f18=0x7fc00000
     336245.000 ns	     33623	800073ac	d002f7d3	fcvt.s.w	f15,x5	  x5:0xe8564001 f15=0xcdbd4dff
     336265.000 ns	     33625	800073b0	febeec37	lui	x24,0xfebee	 x24=0xfebee000
     336285.000 ns	     33627	800073b4	e00c98d3	fclass.s	x17,f25	 f25:0xbf800000 x17=0x00000002
     336315.000 ns	     33630	800073b8	f0000953	fmv.w.x	f18,x0	  x0:0x00000000 f18=0x00000000
     336335.000 ns	     33632	800073bc	eba2e013	ori	x0,x5,-326	  x5:0xe8564001
     336345.000 ns	     33633	800073c0	01d3a2b3	slt	x5,x7,x29	  x7:0x00000000 x29:0xffffffff  x5=0x00000000
     336355.000 ns	     33634	800073c4	7c764db7	lui	x27,0x7c764	 x27=0x7c764000
     336365.000 ns	     33635	800073c8	009958b3	srl	x17,x18,x9	 x18:0x00000000  x9:0x00000ff8 x17=0x00000000
     336375.000 ns	     33636	800073cc	40330cb3	sub	x25,x6,x3	  x6:0xfffffbea  x3:0xffffffff x25=0xfffffbeb
     336395.000 ns	     33638	800073d0	a1a280d3	fle.s	x1,f5,f26	  f5:0x00000000 f26:0x4423c000  x1=0x00000001
     336415.000 ns	     33640	800073d4	01286bb3	or	x23,x16,x18	 x16:0x7fc00000 x18:0x00000000 x23=0x7fc00000
     336425.000 ns	     33641	800073d8	40f38c33	sub	x24,x7,x15	  x7:0x00000000 x15:0xf9c13d14 x24=0x063ec2ec
     336435.000 ns	     33642	800073dc	4278b317	auipc	x6,0x4278b	  x6=0xc27923dc
     336445.000 ns	     33643	800073e0	ab1c3a13	sltiu	x20,x24,-1359	 x24:0xfebee000 x20=0x00000001
     336455.000 ns	     33644	800073e4	001aef33	or	x30,x21,x1	 x21:0x00000000  x1:0x00000001 x30=0x00000001
     336815.000 ns	     33680	800073e8	037d4233	div	x4,x26,x23	 x26:0x2c078000 x23:0x7fc00000  x4=0x00000000
     336835.000 ns	     33682	800073ec	40bc8db3	sub	x27,x25,x11	 x25:0xfffffbeb x11:0x80041024 x27=0x7ffbebc7
     336855.000 ns	     33684	800073f0	a1d8a953	feq.s	x18,f17,f29	 f17:0x00000000 f29:0x7fc00000 x18=0x00000000
     336875.000 ns	     33686	800073f4	00af9193	slli	x3,x31,0xa	 x31:0x00000000  x3=0x00000000
     336895.000 ns	     33688	800073f8	024c9f33	mulh	x30,x25,x4	 x25:0xfffffbeb  x4:0x00000000 x30=0x00000000
     336915.000 ns	     33690	800073fc	7ccb4e13	xori	x28,x22,1996	 x22:0x00000000 x28=0x000007cc
     336935.000 ns	     33692	80007400	023ca033	mulhsu	x0,x25,x3	 x25:0xfffffbeb  x3:0x00000000
     336955.000 ns	     33694	80007404	c19f3d93	sltiu	x27,x30,-999	 x30:0x00000000 x27=0x00000001
     336965.000 ns	     33695	80007408	41680ab3	sub	x21,x16,x22	 x16:0x7fc00000 x22:0x00000000 x21=0x7fc00000
     337005.000 ns	     33699	8000740c	01d9b953	fadd.s	f18,f19,f29	 f19:0x4f000417 f29:0x7fc00000 f18=0x7fc00000
     337025.000 ns	     33701	80007410	41578ab3	sub	x21,x15,x21	 x15:0xf9c13d14 x21:0x00000000 x21=0x7a013d14
     337035.000 ns	     33702	80007414	010b3b33	sltu	x22,x22,x16	 x22:0x00000000 x16:0x7fc00000 x22=0x00000001
     337395.000 ns	     33738	80007418	03757233	remu	x4,x10,x23	 x10:0x0000028f x23:0x7fc00000  x4=0x0000028f
     337425.000 ns	     33741	8000741c	a0680dd3	fle.s	x27,f16,f6	 f16:0x7fc00000  f6:0x7fc00000 x27=0x00000000
     337455.000 ns	     33744	80007420	025b9333	mulh	x6,x23,x5	 x23:0x7fc00000  x5:0x00000000  x6=0x00000000
     337485.000 ns	     33747	80007424	c0044a53	fcvt.w.s	x20,f8	  f8:0x7fc00000 x20=0x7fffffff
     337515.000 ns	     33750	80007428	c00496d3	fcvt.w.s	x13,f9	  f9:0x4423c000 x13=0x0000028f
     337555.000 ns	     33754	8000742c	197ec053	fdiv.s	f0,f29,f23	 f29:0x7fc00000 f23:0x00000000  f0=0x7fc00000
     337575.000 ns	     33756	80007430	00eddc93	srli	x25,x27,0xe	 x27:0x00000000 x25=0x00000000
     337585.000 ns	     33757	80007434	00000013	addi	x0,x0,0	  x0:0x00000000
     337595.000 ns	     33758	80007438	401ed713	srai	x14,x29,0x1	 x29:0xffffffff x14=0xffffffff
     337615.000 ns	     33760	8000743c	026d6b33	rem	x22,x26,x6	 x26:0x2c078000  x6:0x00000000 x22=0x2c078000
     337645.000 ns	     33763	80007440	020254b3	divu	x9,x4,x0	  x4:0x0000028f  x0:0x00000000  x9=0xffffffff
     337665.000 ns	     33765	80007444	90167b93	andi	x23,x12,-1791	 x12:0x2c0f8000 x23=0x2c0f8000
     337685.000 ns	     33767	80007448	c012b653	fcvt.wu.s	x12,f5	  f5:0x00000000 x12=0x00000000
     337705.000 ns	     33769	8000744c	405189b3	sub	x19,x3,x5	  x3:0x00000000  x5:0x00000000 x19=0x00000000
     337725.000 ns	     33771	80007450	03fb8eb3	mul	x29,x23,x31	 x23:0x2c0f8000 x31:0x00000000 x29=0x00000000
     337755.000 ns	     33774	80007454	03ed79b3	remu	x19,x26,x30	 x26:0x2c078000 x30:0x00000000 x19=0x2c078000
     337785.000 ns	     33777	80007458	28e61953	fmax.s	f18,f12,f14	 f12:0x00000001 f14:0x7f800000 f18=0x7f800000
     337805.000 ns	     33779	8000745c	15997a13	andi	x20,x18,345	 x18:0x00000000 x20=0x00000000
     337825.000 ns	     33781	80007460	28590d53	fmin.s	f26,f18,f5	 f18:0x7f800000  f5:0x00000000 f26=0x00000000
     337855.000 ns	     33784	80007464	031d9c33	mulh	x24,x27,x17	 x27:0x00000000 x17:0x00000000 x24=0x00000000
     338225.000 ns	     33821	80007468	03ccd2b3	divu	x5,x25,x28	 x25:0x00000000 x28:0x000007cc  x5=0x00000000
     338255.000 ns	     33824	8000746c	03e4f733	remu	x14,x9,x30	  x9:0xffffffff x30:0x00000000 x14=0xffffffff
     338275.000 ns	     33826	80007470	00101d93	slli	x27,x0,0x1	  x0:0x00000000 x27=0x00000000
     338295.000 ns	     33828	80007474	a00baa53	feq.s	x20,f23,f0	 f23:0x00000000  f0:0x7fc00000 x20=0x00000000
     338665.000 ns	     33865	80007478	0210de33	divu	x28,x1,x1	  x1:0x00000001  x1:0x00000001 x28=0x00000001
     338685.000 ns	     33867	8000747c	5a385c17	auipc	x24,0x5a385	 x24=0xda38c47c
     338715.000 ns	     33870	80007480	19b6a153	fdiv.s	f2,f13,f27	 f13:0x7f800000 f27:0x7fc00000  f2=0x7fc00000
     338735.000 ns	     33872	80007484	e573b693	sltiu	x13,x7,-425	  x7:0x00000000 x13=0x00000001
     338745.000 ns	     33873	80007488	5b432813	slti	x16,x6,1460	  x6:0x00000000 x16=0x00000001
     338755.000 ns	     33874	8000748c	73092f93	slti	x31,x18,1840	 x18:0x00000000 x31=0x00000001
     339115.000 ns	     33910	80007490	022ed9b3	divu	x19,x29,x2	 x29:0x00000000  x2:0xffffffff x19=0x00000000
     339135.000 ns	     33912	80007494	1f08af13	slti	x30,x17,496	 x17:0x00000000 x30=0x00000001
     339145.000 ns	     33913	80007498	2ed7bb93	sltiu	x23,x15,749	 x15:0xf9c13d14 x23=0x00000000
     339165.000 ns	     33915	8000749c	d01f7fd3	fcvt.s.wu	f31,x30	 x30:0x00000000 f31=0x3f800000
     339185.000 ns	     33917	800074a0	f01d3e93	sltiu	x29,x26,-255	 x26:0x2c078000 x29=0x00000001
     339195.000 ns	     33918	800074a4	005fa9b3	slt	x19,x31,x5	 x31:0x00000001  x5:0x00000000 x19=0x00000000
     339215.000 ns	     33920	800074a8	d0109353	fcvt.s.wu	f6,x1	  x1:0x00000001  f6=0x3f800000
     339245.000 ns	     33923	800074ac	21942ed3	fsgnjx.s	f29,f8,f25	  f8:0x7fc00000 f25:0xbf800000 f29=0xffc00000
     339275.000 ns	     33926	800074b0	e00192d3	fclass.s	x5,f3	  f3:0x7fc00000  x5=0x00000200
     339315.000 ns	     33930	800074b4	10b2a653	fmul.s	f12,f5,f11	  f5:0x00000000 f11:0xcf000417 f12=0x80000000
     339365.000 ns	     33935	800074b8	08eef353	fsub.s	f6,f29,f14	 f29:0xffc00000 f14:0x7f800000  f6=0x7fc00000
     339385.000 ns	     33937	800074bc	01027ab3	and	x21,x4,x16	  x4:0x0000028f x16:0x00000001 x21=0x00000001
     339405.000 ns	     33939	800074c0	d002a6d3	fcvt.s.w	f13,x5	  x5:0x00000200 f13=0x44000000
     339775.000 ns	     33976	800074c4	03a6d4b3	divu	x9,x13,x26	 x13:0x00000001 x26:0x2c078000  x9=0x00000000
     339805.000 ns	     33979	800074c8	03e49633	mulh	x12,x9,x30	  x9:0xffffffff x30:0x00000001 x12=0x00000000
     339835.000 ns	     33982	800074cc	e0000cd3	fmv.x.w	x25,f0	  f0:0x7fc00000 x25=0x7fc00000
     339875.000 ns	     33986	800074d0	580c1ed3	fsqrt.s	f29,f24	 f24:0x00000000 f29=0x00000000
     339905.000 ns	     33989	800074d4	292e93d3	fmax.s	f7,f29,f18	 f29:0xffc00000 f18:0x7f800000  f7=0x7f800000
     339935.000 ns	     33992	800074d8	a09e22d3	feq.s	x5,f28,f9	 f28:0x7fc00000  f9:0x4423c000  x5=0x00000000
     339955.000 ns	     33994	800074dc	1720b893	sltiu	x17,x1,370	  x1:0x00000001 x17=0x00000001
     339965.000 ns	     33995	800074e0	40c0d093	srai	x1,x1,0xc	  x1:0x00000001  x1=0x00000000
     339985.000 ns	     33997	800074e4	e0091dd3	fclass.s	x27,f18	 f18:0x7f800000 x27=0x00000080
     340015.000 ns	     34000	800074e8	29df07d3	fmin.s	f15,f30,f29	 f30:0x00000000 f29:0x00000000 f15=0x00000000
     340035.000 ns	     34002	800074ec	0070c333	xor	x6,x1,x7	  x1:0x00000000  x7:0x00000000  x6=0x00000000
     340045.000 ns	     34003	800074f0	f812f813	andi	x16,x5,-127	  x5:0x00000000 x16=0x00000000
     340405.000 ns	     34039	800074f4	02b37e33	remu	x28,x6,x11	  x6:0x00000000 x11:0x80041024 x28=0x00000000
     340425.000 ns	     34041	800074f8	40b05893	srai	x17,x0,0xb	  x0:0x00000000 x17=0x00000000
     340445.000 ns	     34043	800074fc	02dc1e33	mulh	x28,x24,x13	 x24:0xda38c47c x13:0x00000001 x28=0xffffffff
     340465.000 ns	     34045	80007500	01ca5c33	srl	x24,x20,x28	 x20:0x00000000 x28:0x00000000 x24=0x00000000
     340475.000 ns	     34046	80007504	00000013	addi	x0,x0,0	  x0:0x00000000
     340515.000 ns	     34050	80007508	00a68753	fadd.s	f14,f13,f10	 f13:0x44000000 f10:0x00000000 f14=0x44000000
     340535.000 ns	     34052	8000750c	01f37cb3	and	x25,x6,x31	  x6:0x00000000 x31:0x00000001 x25=0x00000000
     340555.000 ns	     34054	80007510	a0d39cd3	flt.s	x25,f7,f13	  f7:0x7f800000 f13:0x44000000 x25=0x00000000
     340585.000 ns	     34057	80007514	209e8dd3	fsgnj.s	f27,f29,f9	 f29:0x00000000  f9:0x4423c000 f27=0x00000000
     340615.000 ns	     34060	80007518	038a1db3	mulh	x27,x20,x24	 x20:0x00000000 x24:0x00000000 x27=0x00000000
     340645.000 ns	     34063	8000751c	f00b0453	fmv.w.x	f8,x22	 x22:0x2c078000  f8=0x2c078000
     340685.000 ns	     34067	80007520	10d78953	fmul.s	f18,f15,f13	 f15:0x00000000 f13:0x44000000 f18=0x00000000
     340715.000 ns	     34070	80007524	e0038b53	fmv.x.w	x22,f7	  f7:0x7f800000 x22=0x7f800000
     340755.000 ns	     34074	80007528	11060ad3	fmul.s	f21,f12,f16	 f12:0x80000000 f16:0x7fc00000 f21=0x7fc00000
     340785.000 ns	     34077	8000752c	0271ac33	mulhsu	x24,x3,x7	  x3:0x00000000  x7:0x00000000 x24=0x00000000
     340805.000 ns	     34079	80007530	009614b3	sll	x9,x12,x9	 x12:0x00000000  x9:0x00000000  x9=0x00000000
     340845.000 ns	     34083	80007534	085792d3	fsub.s	f5,f15,f5	 f15:0x00000000  f5:0x00000000  f5=0x80000000
     340865.000 ns	     34085	80007538	00f411b3	sll	x3,x8,x15	  x8:0x80040fe4 x15:0xf9c13d14  x3=0xfe400000
     340885.000 ns	     34087	8000753c	d0167a53	fcvt.s.wu	f20,x12	 x12:0x00000000 f20=0x00000000
     340915.000 ns	     34090	80007540	e00f0ed3	fmv.x.w	x29,f30	 f30:0x00000000 x29=0x00000000
     340935.000 ns	     34092	80007544	82616e93	ori	x29,x2,-2010	  x2:0xffffffff x29=0xffffffff
     340955.000 ns	     34094	80007548	a1341053	flt.s	x0,f8,f19	  f8:0x2c078000 f19:0x4f000417
     340975.000 ns	     34096	8000754c	007ce1b3	or	x3,x25,x7	 x25:0x00000000  x7:0x00000000  x3=0x00000000
     340995.000 ns	     34098	80007550	d01a9053	fcvt.s.wu	f0,x21	 x21:0x00000001  f0=0x3f800000
     341015.000 ns	     34100	80007554	00d4d4b3	srl	x9,x9,x13	  x9:0x00000000 x13:0x00000001  x9=0x00000000
     341035.000 ns	     34102	80007558	02cd0533	mul	x10,x26,x12	 x26:0x2c078000 x12:0x00000000 x10=0x00000000
     341055.000 ns	     34104	8000755c	1b972893	slti	x17,x14,441	 x14:0xffffffff x17=0x00000001
     341065.000 ns	     34105	80007560	614b6b93	ori	x23,x22,1556	 x22:0x7f800000 x23=0x7f800614
     341075.000 ns	     34106	80007564	0012e6b3	or	x13,x5,x1	  x5:0x00000000  x1:0x00000000 x13=0x00000000
     341085.000 ns	     34107	80007568	00b94fb3	xor	x31,x18,x11	 x18:0x00000000 x11:0x80041024 x31=0x80041024
     341105.000 ns	     34109	8000756c	03f3bfb3	mulhu	x31,x7,x31	  x7:0x00000000 x31:0x00000001 x31=0x00000000
     341135.000 ns	     34112	80007570	021f7c33	remu	x24,x30,x1	 x30:0x00000001  x1:0x00000000 x24=0x00000001
     341185.000 ns	     34117	80007574	01ed43d3	fadd.s	f7,f26,f30	 f26:0x00000000 f30:0x00000000  f7=0x00000000
     341205.000 ns	     34119	80007578	019f3d33	sltu	x26,x30,x25	 x30:0x00000001 x25:0x00000000 x26=0x00000000
     341245.000 ns	     34123	8000757c	08fcf2d3	fsub.s	f5,f25,f15	 f25:0xbf800000 f15:0x00000000  f5=0xbf800000
     341275.000 ns	     34126	80007580	c00823d3	fcvt.w.s	x7,f16	 f16:0x7fc00000  x7=0x7fffffff
     341305.000 ns	     34129	80007584	d00015d3	fcvt.s.w	f11,x0	  x0:0x00000000 f11=0x00000000
     341325.000 ns	     34131	80007588	412a7d13	andi	x26,x20,1042	 x20:0x00000000 x26=0x00000000
     341335.000 ns	     34132	8000758c	4163dd93	srai	x27,x7,0x16	  x7:0x7fffffff x27=0x000001ff
     341345.000 ns	     34133	80007590	01459a13	slli	x20,x11,0x14	 x11:0x80041024 x20=0x02400000
     341365.000 ns	     34135	80007594	d01032d3	fcvt.s.wu	f5,x0	  x0:0x00000000  f5=0x00000000
     341395.000 ns	     34138	80007598	d004b053	fcvt.s.w	f0,x9	  x9:0x00000000  f0=0x00000000
     341445.000 ns	     34143	8000759c	011b26d3	fadd.s	f13,f22,f17	 f22:0x00000001 f17:0x00000000 f13=0x00000001
     341465.000 ns	     34145	800075a0	00c41bb3	sll	x23,x8,x12	  x8:0x80040fe4 x12:0x00000000 x23=0x80040fe4
     341485.000 ns	     34147	800075a4	f0060153	fmv.w.x	f2,x12	 x12:0x00000000  f2=0x00000000
     341505.000 ns	     34149	800075a8	008deeb3	or	x29,x27,x8	 x27:0x000001ff  x8:0x80040fe4 x29=0x80040fff
     341515.000 ns	     34150	800075ac	40f850b3	sra	x1,x16,x15	 x16:0x00000000 x15:0xf9c13d14  x1=0x00000000
     341535.000 ns	     34152	800075b0	29048f53	fmin.s	f30,f9,f16	  f9:0x4423c000 f16:0x7fc00000 f30=0x4423c000
     341565.000 ns	     34155	800075b4	c00c79d3	fcvt.w.s	x19,f24	 f24:0x00000000 x19=0x00000000
     341585.000 ns	     34157	800075b8	0160d493	srli	x9,x1,0x16	  x1:0x00000000  x9=0x00000000
     341595.000 ns	     34158	800075bc	4b57ae13	slti	x28,x15,1205	 x15:0xf9c13d14 x28=0x00000001
     342765.000 ns	     34275	800075c0	5806f253	fsqrt.s	f4,f13	 f13:0x00000001  f4=0x1f350483
     342795.000 ns	     34278	800075c4	c000add3	fcvt.w.s	x27,f1	  f1:0x4f685640 x27=0x7fffffff
     343165.000 ns	     34315	800075c8	028cc4b3	div	x9,x25,x8	 x25:0x00000000  x8:0x80040fe4  x9=0x00000000
     343195.000 ns	     34318	800075cc	a1b00653	fle.s	x12,f0,f27	  f0:0x00000000 f27:0x00000000 x12=0x00000001
     343215.000 ns	     34320	800075d0	0057ec33	or	x24,x15,x5	 x15:0xf9c13d14  x5:0x00000000 x24=0xf9c13d14
     343235.000 ns	     34322	800075d4	e0038353	fmv.x.w	x6,f7	  f7:0x00000000  x6=0x00000000
     343255.000 ns	     34324	800075d8	e5c20513	addi	x10,x4,-420	  x4:0x0000028f x10=0x000000eb
     343265.000 ns	     34325	800075dc	00b3fa33	and	x20,x7,x11	  x7:0x7fffffff x11:0x80041024 x20=0x00041024
     343275.000 ns	     34326	800075e0	00d50f33	add	x30,x10,x13	 x10:0x00000000 x13:0x00000000 x30=0x000000eb
     343295.000 ns	     34328	800075e4	20260e53	fsgnj.s	f28,f12,f2	 f12:0x80000000  f2:0x00000000 f28=0x00000000
     343315.000 ns	     34330	800075e8	01dbbe33	sltu	x28,x23,x29	 x23:0x80040fe4 x29:0x80040fff x28=0x00000001
     343675.000 ns	     34366	800075ec	03b8f2b3	remu	x5,x17,x27	 x17:0x00000001 x27:0x7fffffff  x5=0x00000001
     343705.000 ns	     34369	800075f0	d01af4d3	fcvt.s.wu	f9,x21	 x21:0x00000001  f9=0x3f800000
     343735.000 ns	     34372	800075f4	c01d9853	fcvt.wu.s	x16,f27	 f27:0x00000000 x16=0x00000000
     343755.000 ns	     34374	800075f8	00b99fb3	sll	x31,x19,x11	 x19:0x00000000 x11:0x80041024 x31=0x00000000
     343775.000 ns	     34376	800075fc	02c81533	mulh	x10,x16,x12	 x16:0x00000000 x12:0x00000001 x10=0x00000000
     343795.000 ns	     34378	80007600	014fb1b3	sltu	x3,x31,x20	 x31:0x00000000 x20:0x00041024  x3=0x00000001
     343805.000 ns	     34379	80007604	a998fd13	andi	x26,x17,-1383	 x17:0x00000001 x26=0x00000001
     343815.000 ns	     34380	80007608	014291b3	sll	x3,x5,x20	  x5:0x00000001 x20:0x00041024  x3=0x00000010
     343855.000 ns	     34384	8000760c	007379d3	fadd.s	f19,f6,f7	  f6:0x7fc00000  f7:0x00000000 f19=0x7fc00000
     343875.000 ns	     34386	80007610	0160d093	srli	x1,x1,0x16	  x1:0x00000000  x1=0x00000000
     343885.000 ns	     34387	80007614	013f5bb3	srl	x23,x30,x19	 x30:0x000000eb x19:0x00000000 x23=0x000000eb
     343905.000 ns	     34389	80007618	e0000e53	fmv.x.w	x28,f0	  f0:0x00000000 x28=0x00000000
     343945.000 ns	     34393	8000761c	10b23353	fmul.s	f6,f4,f11	  f4:0x1f350483 f11:0x00000000  f6=0x00000000
     343965.000 ns	     34395	80007620	0062c133	xor	x2,x5,x6	  x5:0x00000001  x6:0x00000000  x2=0x00000001
     343975.000 ns	     34396	80007624	441079b7	lui	x19,0x44107	 x19=0x44107000
     343985.000 ns	     34397	80007628	fd236d13	ori	x26,x6,-46	  x6:0x00000000 x26=0xffffffd2
     343995.000 ns	     34398	8000762c	0070aa33	slt	x20,x1,x7	  x1:0x00000000  x7:0x7fffffff x20=0x00000001
     344015.000 ns	     34400	80007630	02666cb3	rem	x25,x12,x6	 x12:0x00000001  x6:0x00000000 x25=0x00000001
     344035.000 ns	     34402	80007634	00feebb3	or	x23,x29,x15	 x29:0x80040fff x15:0xf9c13d14 x23=0xf9c53fff
     344055.000 ns	     34404	80007638	21dd9853	fsgnjn.s	f16,f27,f29	 f27:0x00000000 f29:0x00000000 f16=0x80000000
     344075.000 ns	     34406	8000763c	40a8dc33	sra	x24,x17,x10	 x17:0x00000001 x10:0x00000000 x24=0x00000001
     344095.000 ns	     34408	80007640	a14d9d53	flt.s	x26,f27,f20	 f27:0x00000000 f20:0x00000000 x26=0x00000000
     344125.000 ns	     34411	80007644	03502533	mulhsu	x10,x0,x21	  x0:0x00000000 x21:0x00000001 x10=0x00000000
     344145.000 ns	     34413	80007648	ed62b093	sltiu	x1,x5,-298	  x5:0x00000001  x1=0x00000001
     344165.000 ns	     34415	8000764c	d00979d3	fcvt.s.w	f19,x18	 x18:0x00000000 f19=0x00000000
     344195.000 ns	     34418	80007650	03428f33	mul	x30,x5,x20	  x5:0x00000001 x20:0x00000001 x30=0x00000001
     344215.000 ns	     34420	80007654	41210133	sub	x2,x2,x18	  x2:0x00000001 x18:0x00000000  x2=0x00000001
     344235.000 ns	     34422	80007658	a1db28d3	feq.s	x17,f22,f29	 f22:0x00000001 f29:0x00000000 x17=0x00000000
     344255.000 ns	     34424	8000765c	090b7693	andi	x13,x22,144	 x22:0x7f800000 x13=0x00000000
     344265.000 ns	     34425	80007660	00c75c13	srli	x24,x14,0xc	 x14:0xffffffff x24=0x000fffff
     344275.000 ns	     34426	80007664	004c1293	slli	x5,x24,0x4	 x24:0x00000001  x5=0x00fffff0
     344285.000 ns	     34427	80007668	e20de993	ori	x19,x27,-480	 x27:0x7fffffff x19=0xffffffff
     344305.000 ns	     34429	8000766c	a025ac53	feq.s	x24,f11,f2	 f11:0x00000000  f2:0x00000000 x24=0x00000001
     344335.000 ns	     34432	80007670	c0087a53	fcvt.w.s	x20,f16	 f16:0x80000000 x20=0x00000000
     344355.000 ns	     34434	80007674	009c4533	xor	x10,x24,x9	 x24:0x00000001  x9:0x00000000 x10=0x00000001
     344375.000 ns	     34436	80007678	e0021253	fclass.s	x4,f4	  f4:0x1f350483  x4=0x00000040
     344425.000 ns	     34441	8000767c	0031a553	fadd.s	f10,f3,f3	  f3:0x7fc00000  f3:0x7fc00000 f10=0x7fc00000
     344455.000 ns	     34444	80007680	02973c33	mulhu	x24,x14,x9	 x14:0xffffffff  x9:0x00000000 x24=0x00000000
     344475.000 ns	     34446	80007684	4170dc13	srai	x24,x1,0x17	  x1:0x00000001 x24=0x00000000
     344485.000 ns	     34447	80007688	6a446a13	ori	x20,x8,1700	  x8:0x80040fe4 x20=0x80040fe4
     344505.000 ns	     34449	8000768c	02631ab3	mulh	x21,x6,x6	  x6:0x00000000  x6:0x00000000 x21=0x00000000
     344535.000 ns	     34452	80007690	d0122753	fcvt.s.wu	f14,x4	  x4:0x00000040 f14=0x42800000
     344555.000 ns	     34454	80007694	17052893	slti	x17,x10,368	 x10:0x00000001 x17=0x00000001
     344585.000 ns	     34457	80007698	11ceffd3	fmul.s	f31,f29,f28	 f29:0x00000000 f28:0x00000000 f31=0x00000000
     344605.000 ns	     34459	8000769c	bc548993	addi	x19,x9,-1083	  x9:0x00000000 x19=0xfffffbc5
     344625.000 ns	     34461	800076a0	c00282d3	fcvt.w.s	x5,f5	  f5:0x00000000  x5=0x00000000
     344645.000 ns	     34463	800076a4	9f070013	addi	x0,x14,-1552	 x14:0xffffffff
     344665.000 ns	     34465	800076a8	e00e18d3	fclass.s	x17,f28	 f28:0x00000000 x17=0x00000010
     344695.000 ns	     34468	800076ac	21a62953	fsgnjx.s	f18,f12,f26	 f12:0x80000000 f26:0x00000000 f18=0x80000000
     344725.000 ns	     34471	800076b0	c00e7fd3	fcvt.w.s	x31,f28	 f28:0x00000000 x31=0x00000000
     344745.000 ns	     34473	800076b4	40c35313	srai	x6,x6,0xc	  x6:0x00000000  x6=0x00000000
     344765.000 ns	     34475	800076b8	28541e53	fmax.s	f28,f8,f5	  f8:0x2c078000  f5:0x00000000 f28=0x2c078000
     344815.000 ns	     34480	800076bc	005cf453	fadd.s	f8,f25,f5	 f25:0xbf800000  f5:0x00000000  f8=0xbf800000
     344835.000 ns	     34482	800076c0	86f40213	addi	x4,x8,-1937	  x8:0x80040fe4  x4=0x80040853
     344855.000 ns	     34484	800076c4	28e296d3	fmax.s	f13,f5,f14	  f5:0x00000000 f14:0x42800000 f13=0x42800000
     344885.000 ns	     34487	800076c8	29349cd3	fmax.s	f25,f9,f19	  f9:0x3f800000 f19:0x00000000 f25=0x3f800000
     345255.000 ns	     34524	800076cc	03965fb3	divu	x31,x12,x25	 x12:0x00000001 x25:0x00000001 x31=0x00000001
     345285.000 ns	     34527	800076d0	03544b33	div	x22,x8,x21	  x8:0x80040fe4 x21:0x00000000 x22=0xffffffff
     345315.000 ns	     34530	800076d4	e00e84d3	fmv.x.w	x9,f29	 f29:0x00000000  x9=0x00000000
     345345.000 ns	     34533	800076d8	21da8653	fsgnj.s	f12,f21,f29	 f21:0x7fc00000 f29:0x00000000 f12=0x7fc00000
     345375.000 ns	     34536	800076dc	21222953	fsgnjx.s	f18,f4,f18	  f4:0x1f350483 f18:0x80000000 f18=0x9f350483
     345395.000 ns	     34538	800076e0	00435133	srl	x2,x6,x4	  x6:0x00000000  x4:0x80040853  x2=0x00000000
     345415.000 ns	     34540	800076e4	a1d12b53	feq.s	x22,f2,f29	  f2:0x00000000 f29:0x00000000 x22=0x00000001
     345445.000 ns	     34543	800076e8	c01872d3	fcvt.wu.s	x5,f16	 f16:0x80000000  x5=0x00000000
     345475.000 ns	     34546	800076ec	02d458b3	divu	x17,x8,x13	  x8:0x80040fe4 x13:0x00000000 x17=0xffffffff
     345495.000 ns	     34548	800076f0	00a146b3	xor	x13,x2,x10	  x2:0x00000000 x10:0x00000001 x13=0x00000001
     345515.000 ns	     34550	800076f4	a0448653	fle.s	x12,f9,f4	  f9:0x3f800000  f4:0x1f350483 x12=0x00000000
     345535.000 ns	     34552	800076f8	0103e633	or	x12,x7,x16	  x7:0x7fffffff x16:0x00000000 x12=0x7fffffff
     345555.000 ns	     34554	800076fc	20db1ed3	fsgnjn.s	f29,f22,f13	 f22:0x00000001 f13:0x42800000 f29=0x80000001
     345585.000 ns	     34557	80007700	286d13d3	fmax.s	f7,f26,f6	 f26:0x00000000  f6:0x00000000  f7=0x00000000
     345625.000 ns	     34561	80007704	18f8fe53	fdiv.s	f28,f17,f15	 f17:0x00000000 f15:0x00000000 f28=0x7fc00000
     345995.000 ns	     34598	80007708	0346ebb3	rem	x23,x13,x20	 x13:0x00000001 x20:0x80040fe4 x23=0x00000001
     346025.000 ns	     34601	8000770c	d01a79d3	fcvt.s.wu	f19,x20	 x20:0x80040fe4 f19=0x4f00040f
     346045.000 ns	     34603	80007710	00033cb3	sltu	x25,x6,x0	  x6:0x00000000  x0:0x00000000 x25=0x00000000
     346065.000 ns	     34605	80007714	028081b3	mul	x3,x1,x8	  x1:0x00000001  x8:0x80040fe4  x3=0x80040fe4
     346095.000 ns	     34608	80007718	214b1ed3	fsgnjn.s	f29,f22,f20	 f22:0x00000001 f20:0x00000000 f29=0x80000001
     346125.000 ns	     34611	8000771c	29601953	fmax.s	f18,f0,f22	  f0:0x00000000 f22:0x00000001 f18=0x00000001
     346145.000 ns	     34613	80007720	3fefec97	auipc	x25,0x3fefe	 x25=0xbff05720
     346165.000 ns	     34615	80007724	03586633	rem	x12,x16,x21	 x16:0x00000000 x21:0x00000000 x12=0x00000000
     346185.000 ns	     34617	80007728	009b10b3	sll	x1,x22,x9	 x22:0x00000001  x9:0x00000000  x1=0x00000001
     346205.000 ns	     34619	8000772c	f00d8b53	fmv.w.x	f22,x27	 x27:0x7fffffff f22=0x7fffffff
     346225.000 ns	     34621	80007730	40cad933	sra	x18,x21,x12	 x21:0x00000000 x12:0x00000000 x18=0x00000000
     346235.000 ns	     34622	80007734	a5c63a13	sltiu	x20,x12,-1444	 x12:0x00000000 x20=0x00000001
     346255.000 ns	     34624	80007738	0352bab3	mulhu	x21,x5,x21	  x5:0x00000000 x21:0x00000000 x21=0x00000000
     346275.000 ns	     34626	8000773c	409582b3	sub	x5,x11,x9	 x11:0x80041024  x9:0x00000000  x5=0x80041024
     346295.000 ns	     34628	80007740	022a53b3	divu	x7,x20,x2	 x20:0x00000001  x2:0x00000000  x7=0xffffffff
     346335.000 ns	     34632	80007744	58037c53	fsqrt.s	f24,f6	  f6:0x00000000 f24=0x00000000
     346365.000 ns	     34635	80007748	e0059253	fclass.s	x4,f11	 f11:0x00000000  x4=0x00000010
     346395.000 ns	     34638	8000774c	c01d22d3	fcvt.wu.s	x5,f26	 f26:0x00000000  x5=0x00000000
     346425.000 ns	     34641	80007750	d01f7dd3	fcvt.s.wu	f27,x30	 x30:0x00000001 f27=0x3f800000
     346445.000 ns	     34643	80007754	40175513	srai	x10,x14,0x1	 x14:0xffffffff x10=0xffffffff
     346455.000 ns	     34644	80007758	4176deb3	sra	x29,x13,x23	 x13:0x00000001 x23:0x00000001 x29=0x00000000
     346465.000 ns	     34645	8000775c	44f9e497	auipc	x9,0x44f9e	  x9=0xc4fa575c
     346485.000 ns	     34647	80007760	f0058453	fmv.w.x	f8,x11	 x11:0x80041024  f8=0x80041024
     346505.000 ns	     34649	80007764	01f47cb3	and	x25,x8,x31	  x8:0x80040fe4 x31:0x00000001 x25=0x00000000
     346525.000 ns	     34651	80007768	d00dfed3	fcvt.s.w	f29,x27	 x27:0x7fffffff f29=0x4effffff
     346555.000 ns	     34654	8000776c	e00782d3	fmv.x.w	x5,f15	 f15:0x00000000  x5=0x00000000
     346585.000 ns	     34657	80007770	e00092d3	fclass.s	x5,f1	  f1:0x4f685640  x5=0x00000040
     346625.000 ns	     34661	80007774	580641d3	fsqrt.s	f3,f12	 f12:0x7fc00000  f3=0x7fc00000
     346655.000 ns	     34664	80007778	203b82d3	fsgnj.s	f5,f23,f3	 f23:0x00000000  f3:0x7fc00000  f5=0x00000000
     346675.000 ns	     34666	8000777c	149a4f93	xori	x31,x20,329	 x20:0x00000001 x31=0x00000148
     346695.000 ns	     34668	80007780	d018ced3	fcvt.s.wu	f29,x17	 x17:0xffffffff f29=0x4f800000
     346735.000 ns	     34672	80007784	182f90d3	fdiv.s	f1,f31,f2	 f31:0x00000000  f2:0x00000000  f1=0x7fc00000
     346755.000 ns	     34674	80007788	0175a033	slt	x0,x11,x23	 x11:0x80041024 x23:0x00000001
     346775.000 ns	     34676	8000778c	039af6b3	remu	x13,x21,x25	 x21:0x00000000 x25:0x00000000 x13=0x00000000
     346825.000 ns	     34681	80007790	0001f753	fadd.s	f14,f3,f0	  f3:0x7fc00000  f0:0x00000000 f14=0x7fc00000
     346845.000 ns	     34683	80007794	d5418713	addi	x14,x3,-684	  x3:0x80040fe4 x14=0x80040d38
     346855.000 ns	     34684	80007798	b9874f13	xori	x30,x14,-1128	 x14:0xffffffff x30=0x7ffbf6a0
     346875.000 ns	     34686	8000779c	02d232b3	mulhu	x5,x4,x13	  x4:0x00000010 x13:0x00000000  x5=0x00000000
     346905.000 ns	     34689	800077a0	02296633	rem	x12,x18,x2	 x18:0x00000000  x2:0x00000000 x12=0x00000000
     346935.000 ns	     34692	800077a4	0306e533	rem	x10,x13,x16	 x13:0x00000000 x16:0x00000000 x10=0x00000000
     346955.000 ns	     34694	800077a8	015dfb33	and	x22,x27,x21	 x27:0x7fffffff x21:0x00000000 x22=0x00000000
     346985.000 ns	     34697	800077ac	580bf053	fsqrt.s	f0,f23	 f23:0x00000000  f0=0x00000000
     347005.000 ns	     34699	800077b0	5ba28c13	addi	x24,x5,1466	  x5:0x00000000 x24=0x000005ba
     347025.000 ns	     34701	800077b4	f00881d3	fmv.w.x	f3,x17	 x17:0xffffffff  f3=0xffffffff
     347045.000 ns	     34703	800077b8	4036d3b3	sra	x7,x13,x3	 x13:0x00000000  x3:0x80040fe4  x7=0x00000000
     347055.000 ns	     34704	800077bc	0093d3b3	srl	x7,x7,x9	  x7:0xffffffff  x9:0xc4fa575c  x7=0x00000000
     347065.000 ns	     34705	800077c0	00b3a233	slt	x4,x7,x11	  x7:0xffffffff x11:0x80041024  x4=0x00000000
     347085.000 ns	     34707	800077c4	e00f9353	fclass.s	x6,f31	 f31:0x00000000  x6=0x00000010
     347115.000 ns	     34710	800077c8	035c4333	div	x6,x24,x21	 x24:0x000005ba x21:0x00000000  x6=0xffffffff
     347135.000 ns	     34712	800077cc	01dd9893	slli	x17,x27,0x1d	 x27:0x7fffffff x17=0xe0000000
     347145.000 ns	     34713	800077d0	11f6a493	slti	x9,x13,287	 x13:0x00000000  x9=0x00000001
     347155.000 ns	     34714	800077d4	00506bb3	or	x23,x0,x5	  x0:0x00000000  x5:0x00000000 x23=0x00000000
     347175.000 ns	     34716	800077d8	a0e92b53	feq.s	x22,f18,f14	 f18:0x00000001 f14:0x7fc00000 x22=0x00000000
     347225.000 ns	     34721	800077dc	0042b253	fadd.s	f4,f5,f4	  f5:0x00000000  f4:0x1f350483  f4=0x1f350483
     347245.000 ns	     34723	800077e0	41b08e33	sub	x28,x1,x27	  x1:0x00000001 x27:0x7fffffff x28=0x80000002
     347255.000 ns	     34724	800077e4	01919933	sll	x18,x3,x25	  x3:0x80040fe4 x25:0x00000000 x18=0x80040fe4
     347265.000 ns	     34725	800077e8	016deb33	or	x22,x27,x22	 x27:0x7fffffff x22:0x00000000 x22=0x7fffffff
     347275.000 ns	     34726	800077ec	01af1e13	slli	x28,x30,0x1a	 x30:0x7ffbf6a0 x28=0x80000000
     347295.000 ns	     34728	800077f0	20969f53	fsgnjn.s	f30,f13,f9	 f13:0x42800000  f9:0x3f800000 f30=0xc2800000
     347325.000 ns	     34731	800077f4	288e99d3	fmax.s	f19,f29,f8	 f29:0x4f800000  f8:0x80041024 f19=0x4f800000
     347355.000 ns	     34734	800077f8	a0a08053	fle.s	x0,f1,f10	  f1:0x7fc00000 f10:0x7fc00000
     347395.000 ns	     34738	800077fc	193b71d3	fdiv.s	f3,f22,f19	 f22:0x7fffffff f19:0x4f800000  f3=0x7fc00000
     347425.000 ns	     34741	80007800	e0021853	fclass.s	x16,f4	  f4:0x1f350483 x16=0x00000040
     347445.000 ns	     34743	80007804	00f698b3	sll	x17,x13,x15	 x13:0x00000000 x15:0xf9c13d14 x17=0x00000000
     347465.000 ns	     34745	80007808	03f632b3	mulhu	x5,x12,x31	 x12:0x00000000 x31:0x00000148  x5=0x00000000
     347515.000 ns	     34750	8000780c	080eb453	fsub.s	f8,f29,f0	 f29:0x4f800000  f0:0x00000000  f8=0x4f800000
     347545.000 ns	     34753	80007810	e00f8953	fmv.x.w	x18,f31	 f31:0x00000000 x18=0x00000000
     347565.000 ns	     34755	80007814	012bc633	xor	x12,x23,x18	 x23:0x00000000 x18:0x80040fe4 x12=0x00000000
     347585.000 ns	     34757	80007818	0309b6b3	mulhu	x13,x19,x16	 x19:0xfffffbc5 x16:0x00000040 x13=0x0000003f
     347615.000 ns	     34760	8000781c	f00f0f53	fmv.w.x	f30,x30	 x30:0x7ffbf6a0 f30=0x7ffbf6a0
     347635.000 ns	     34762	80007820	00fbadb3	slt	x27,x23,x15	 x23:0x00000000 x15:0xf9c13d14 x27=0x00000000
     347655.000 ns	     34764	80007824	03296eb3	rem	x29,x18,x18	 x18:0x00000000 x18:0x00000000 x29=0x00000000
     347685.000 ns	     34767	80007828	21022a53	fsgnjx.s	f20,f4,f16	  f4:0x1f350483 f16:0x80000000 f20=0x9f350483
     347705.000 ns	     34769	8000782c	0043adb3	slt	x27,x7,x4	  x7:0x00000000  x4:0x00000000 x27=0x00000000
     347725.000 ns	     34771	80007830	c001ced3	fcvt.w.s	x29,f3	  f3:0x7fc00000 x29=0x7fffffff
     347745.000 ns	     34773	80007834	00a99293	slli	x5,x19,0xa	 x19:0xfffffbc5  x5=0xffef1400
     347765.000 ns	     34775	80007838	03b38e33	mul	x28,x7,x27	  x7:0x00000000 x27:0x00000000 x28=0x00000000
     347795.000 ns	     34778	8000783c	21ab8dd3	fsgnj.s	f27,f23,f26	 f23:0x00000000 f26:0x00000000 f27=0x00000000
     347815.000 ns	     34780	80007840	5beda093	slti	x1,x27,1470	 x27:0x00000000  x1=0x00000001
     347825.000 ns	     34781	80007844	01b0da13	srli	x20,x1,0x1b	  x1:0x00000001 x20=0x00000000
     347835.000 ns	     34782	80007848	01d293b3	sll	x7,x5,x29	  x5:0xffef1400 x29:0x7fffffff  x7=0x00000000
     347845.000 ns	     34783	8000784c	7fd03813	sltiu	x16,x0,2045	  x0:0x00000000 x16=0x00000001
     347885.000 ns	     34787	80007850	017ff753	fadd.s	f14,f31,f23	 f31:0x00000000 f23:0x00000000 f14=0x00000000
     347915.000 ns	     34790	80007854	d0147253	fcvt.s.wu	f4,x8	  x8:0x80040fe4  f4=0x4f00040f
     347935.000 ns	     34792	80007858	67946693	ori	x13,x8,1657	  x8:0x80040fe4 x13=0x80040ffd
     347965.000 ns	     34795	8000785c	11a27153	fmul.s	f2,f4,f26	  f4:0x4f00040f f26:0x00000000  f2=0x00000000
     347985.000 ns	     34797	80007860	002b2fb3	slt	x31,x22,x2	 x22:0x7fffffff  x2:0x00000000 x31=0x00000000
     347995.000 ns	     34798	80007864	fdde7993	andi	x19,x28,-35	 x28:0x00000000 x19=0x00000000
     348005.000 ns	     34799	80007868	00000013	addi	x0,x0,0	  x0:0x00000000
     349175.000 ns	     34916	8000786c	58097953	fsqrt.s	f18,f18	 f18:0x00000001 f18=0x1f350483
     349195.000 ns	     34918	80007870	001069b3	or	x19,x0,x1	  x0:0x00000000  x1:0x00000001 x19=0x00000001
     349205.000 ns	     34919	80007874	01531d93	slli	x27,x6,0x15	  x6:0xffffffff x27=0xffe00000
     349215.000 ns	     34920	80007878	22ccf813	andi	x16,x25,556	 x25:0x00000000 x16=0x00000000
     349235.000 ns	     34922	8000787c	20d586d3	fsgnj.s	f13,f11,f13	 f11:0x00000000 f13:0x42800000 f13=0x00000000
     349265.000 ns	     34925	80007880	036b2cb3	mulhsu	x25,x22,x22	 x22:0x7fffffff x22:0x7fffffff x25=0x3fffffff
     349295.000 ns	     34928	80007884	e0050ed3	fmv.x.w	x29,f10	 f10:0x7fc00000 x29=0x7fc00000
     349315.000 ns	     34930	80007888	00e8b933	sltu	x18,x17,x14	 x17:0x00000000 x14:0x80040d38 x18=0x00000001
     349355.000 ns	     34934	8000788c	083afed3	fsub.s	f29,f21,f3	 f21:0x7fc00000  f3:0x7fc00000 f29=0x7fc00000
     349385.000 ns	     34937	80007890	03671c33	mulh	x24,x14,x22	 x14:0x80040d38 x22:0x7fffffff x24=0xc002069c
     349405.000 ns	     34939	80007894	00bcceb3	xor	x29,x25,x11	 x25:0x3fffffff x11:0x80041024 x29=0xbffbefdb
     349415.000 ns	     34940	80007898	016868b3	or	x17,x16,x22	 x16:0x00000000 x22:0x7fffffff x17=0x7fffffff
     349435.000 ns	     34942	8000789c	d01e82d3	fcvt.s.wu	f5,x29	 x29:0x7fc00000  f5=0x4f3ffbf0
     349465.000 ns	     34945	800078a0	03658d33	mul	x26,x11,x22	 x11:0x80041024 x22:0x7fffffff x26=0x7ffbefdc
     349485.000 ns	     34947	800078a4	00db09b3	add	x19,x22,x13	 x22:0x7fffffff x13:0x80040ffd x19=0x00040ffc
     349505.000 ns	     34949	800078a8	03dfbcb3	mulhu	x25,x31,x29	 x31:0x00000000 x29:0xbffbefdb x25=0x00000000
     349525.000 ns	     34951	800078ac	013d9f93	slli	x31,x27,0x13	 x27:0xffe00000 x31=0x00000000
     349565.000 ns	     34955	800078b0	0985f953	fsub.s	f18,f11,f24	 f11:0x00000000 f24:0x00000000 f18=0x80000000
     349585.000 ns	     34957	800078b4	bc6bae93	slti	x29,x23,-1082	 x23:0x00000000 x29=0x00000000
     349605.000 ns	     34959	800078b8	21509553	fsgnjn.s	f10,f1,f21	  f1:0x7fc00000 f21:0x7fc00000 f10=0xffc00000
     349625.000 ns	     34961	800078bc	b1af0b13	addi	x22,x30,-1254	 x30:0x7ffbf6a0 x22=0x7ffbf1ba
     349635.000 ns	     34962	800078c0	e0d0c293	xori	x5,x1,-499	  x1:0x00000001  x5=0xfffffe0c
     349655.000 ns	     34964	800078c4	a1e38853	fle.s	x16,f7,f30	  f7:0x00000000 f30:0x7ffbf6a0 x16=0x00000000
     349685.000 ns	     34967	800078c8	d01bffd3	fcvt.s.wu	f31,x23	 x23:0x00000000 f31=0x00000000
     349725.000 ns	     34971	800078cc	580e11d3	fsqrt.s	f3,f28	 f28:0x7fc00000  f3=0x7fc00000
     349755.000 ns	     34974	800078d0	c01970d3	fcvt.wu.s	x1,f18	 f18:0x80000000  x1=0x00000000
     349775.000 ns	     34976	800078d4	9fbce513	ori	x10,x25,-1541	 x25:0x00000000 x10=0xfffff9fb
     349795.000 ns	     34978	800078d8	02220db3	mul	x27,x4,x2	  x4:0x00000000  x2:0x00000000 x27=0x00000000
     349825.000 ns	     34981	800078dc	a0f89d53	flt.s	x26,f17,f15	 f17:0x00000000 f15:0x00000000 x26=0x00000000
     349845.000 ns	     34983	800078e0	0078b1b3	sltu	x3,x17,x7	 x17:0x7fffffff  x7:0x00000000  x3=0x00000000
     349865.000 ns	     34985	800078e4	023c5733	divu	x14,x24,x3	 x24:0xc002069c  x3:0x80040fe4 x14=0xffffffff
     349885.000 ns	     34987	800078e8	fa76f3b7	lui	x7,0xfa76f	  x7=0xfa76f000
     349905.000 ns	     34989	800078ec	c00c7cd3	fcvt.w.s	x25,f24	 f24:0x00000000 x25=0x00000000
     349945.000 ns	     34993	800078f0	19d7f9d3	fdiv.s	f19,f15,f29	 f15:0x00000000 f29:0x7fc00000 f19=0x7fc00000
     350315.000 ns	     35030	800078f4	0361ebb3	rem	x23,x3,x22	  x3:0x00000000 x22:0x7ffbf1ba x23=0x00000000
     350345.000 ns	     35033	800078f8	0375e6b3	rem	x13,x11,x23	 x11:0x80041024 x23:0x00000000 x13=0x80041024
     350375.000 ns	     35036	800078fc	28e99f53	fmax.s	f30,f19,f14	 f19:0x7fc00000 f14:0x00000000 f30=0x00000000
     350395.000 ns	     35038	80007900	01901fb3	sll	x31,x0,x25	  x0:0x00000000 x25:0x00000000 x31=0x00000000
     350425.000 ns	     35041	80007904	1938fb53	fdiv.s	f22,f17,f19	 f17:0x00000000 f19:0x7fc00000 f22=0x7fc00000
     350445.000 ns	     35043	80007908	4001d833	sra	x16,x3,x0	  x3:0x00000000  x0:0x00000000 x16=0x00000000
     350465.000 ns	     35045	8000790c	d007b753	fcvt.s.w	f14,x15	 x15:0xf9c13d14 f14=0xccc7d85e
     350495.000 ns	     35048	80007910	0376ea33	rem	x20,x13,x23	 x13:0x80041024 x23:0x00000000 x20=0x80041024
     350515.000 ns	     35050	80007914	019eebb3	or	x23,x29,x25	 x29:0x00000000 x25:0x00000000 x23=0x00000000
     350525.000 ns	     35051	80007918	0094b333	sltu	x6,x9,x9	  x9:0x00000001  x9:0x00000001  x6=0x00000000
     350545.000 ns	     35053	8000791c	03803833	mulhu	x16,x0,x24	  x0:0x00000000 x24:0xc002069c x16=0x00000000
     350565.000 ns	     35055	80007920	fc57d337	lui	x6,0xfc57d	  x6=0xfc57d000
     350585.000 ns	     35057	80007924	c01af053	fcvt.wu.s	x0,f21	 f21:0x7fc00000
     350615.000 ns	     35060	80007928	c00b33d3	fcvt.w.s	x7,f22	 f22:0x7fc00000  x7=0x7fffffff
     350645.000 ns	     35063	8000792c	e00f0bd3	fmv.x.w	x23,f30	 f30:0x00000000 x23=0x00000000
     351825.000 ns	     35181	80007930	5804ad53	fsqrt.s	f26,f9	  f9:0x3f800000 f26=0x3f7fffae
     351855.000 ns	     35184	80007934	e00e0853	fmv.x.w	x16,f28	 f28:0x7fc00000 x16=0x7fc00000
     351875.000 ns	     35186	80007938	405d5313	srai	x6,x26,0x5	 x26:0x00000000  x6=0x00000000
     351895.000 ns	     35188	8000793c	289e06d3	fmin.s	f13,f28,f9	 f28:0x7fc00000  f9:0x3f800000 f13=0x3f800000
     351915.000 ns	     35190	80007940	41400c33	sub	x24,x0,x20	  x0:0x00000000 x20:0x80041024 x24=0x7ffbefdc
     351935.000 ns	     35192	80007944	02ddb933	mulhu	x18,x27,x13	 x27:0x00000000 x13:0x80041024 x18=0x00000000
     351955.000 ns	     35194	80007948	4379bd93	sltiu	x27,x19,1079	 x19:0x00040ffc x27=0x00000000
     351965.000 ns	     35195	8000794c	6785ac17	auipc	x24,0x6785a	 x24=0xe786194c
     351995.000 ns	     35198	80007950	18d58c53	fdiv.s	f24,f11,f13	 f11:0x00000000 f13:0x3f800000 f24=0x00000000
     352015.000 ns	     35200	80007954	40c5db13	srai	x22,x11,0xc	 x11:0x80041024 x22=0xfff80041
     352035.000 ns	     35202	80007958	02edb2b3	mulhu	x5,x27,x14	 x27:0x00000000 x14:0xffffffff  x5=0x00000000
     352055.000 ns	     35204	8000795c	9e663d13	sltiu	x26,x12,-1562	 x12:0x00000000 x26=0x00000001
     352075.000 ns	     35206	80007960	29f00ad3	fmin.s	f21,f0,f31	  f0:0x00000000 f31:0x00000000 f21=0x00000000
     352105.000 ns	     35209	80007964	288c1a53	fmax.s	f20,f24,f8	 f24:0x00000000  f8:0x4f800000 f20=0x4f800000
     352125.000 ns	     35211	80007968	00adbc33	sltu	x24,x27,x10	 x27:0x00000000 x10:0xfffff9fb x24=0x00000001
     352135.000 ns	     35212	8000796c	00983ab3	sltu	x21,x16,x9	 x16:0x7fc00000  x9:0x00000001 x21=0x00000000
     352145.000 ns	     35213	80007970	010a2033	slt	x0,x20,x16	 x20:0x80041024 x16:0x7fc00000
     352165.000 ns	     35215	80007974	207f8753	fsgnj.s	f14,f31,f7	 f31:0x00000000  f7:0x00000000 f14=0x00000000
     352195.000 ns	     35218	80007978	028c8d33	mul	x26,x25,x8	 x25:0x00000000  x8:0x80040fe4 x26=0x00000000
     352215.000 ns	     35220	8000797c	8d7a3193	sltiu	x3,x20,-1833	 x20:0x80041024  x3=0x00000001
     352225.000 ns	     35221	80007980	003d9513	slli	x10,x27,0x3	 x27:0x00000000 x10=0x00000000
     352245.000 ns	     35223	80007984	02442ab3	mulhsu	x21,x8,x4	  x8:0x80040fe4  x4:0x00000000 x21=0x00000000
     352275.000 ns	     35226	80007988	c008fb53	fcvt.w.s	x22,f17	 f17:0x00000000 x22=0x00000000
     352295.000 ns	     35228	8000798c	008c1133	sll	x2,x24,x8	 x24:0x00000001  x8:0x80040fe4  x2=0x00000010
     352305.000 ns	     35229	80007990	76848293	addi	x5,x9,1896	  x9:0x00000001  x5=0x00000769
     352315.000 ns	     35230	80007994	f1f6e013	ori	x0,x13,-225	 x13:0x80041024
     352325.000 ns	     35231	80007998	015248b3	xor	x17,x4,x21	  x4:0x00000000 x21:0x00000000 x17=0x00000000
     352345.000 ns	     35233	8000799c	c017f253	fcvt.wu.s	x4,f15	 f15:0x00000000  x4=0x00000000
     352375.000 ns	     35236	800079a0	e00b8ed3	fmv.x.w	x29,f23	 f23:0x00000000 x29=0x00000000
     352395.000 ns	     35238	800079a4	00e20cb3	add	x25,x4,x14	  x4:0x00000000 x14:0xffffffff x25=0xffffffff
     352405.000 ns	     35239	800079a8	0f57a613	slti	x12,x15,245	 x15:0xf9c13d14 x12=0x00000001
     352415.000 ns	     35240	800079ac	01b69813	slli	x16,x13,0x1b	 x13:0x80041024 x16=0x20000000
     352775.000 ns	     35276	800079b0	034a4533	div	x10,x20,x20	 x20:0x80041024 x20:0x80041024 x10=0x00000001
     352795.000 ns	     35278	800079b4	00d9d913	srli	x18,x19,0xd	 x19:0x00040ffc x18=0x00000020
     352815.000 ns	     35280	800079b8	a0739353	flt.s	x6,f7,f7	  f7:0x00000000  f7:0x00000000  x6=0x00000000
     352835.000 ns	     35282	800079bc	0119dc33	srl	x24,x19,x17	 x19:0x00040ffc x17:0x00000000 x24=0x00040ffc
     352855.000 ns	     35284	800079c0	29be1fd3	fmax.s	f31,f28,f27	 f28:0x7fc00000 f27:0x00000000 f31=0x00000000
     352875.000 ns	     35286	800079c4	897b4c93	xori	x25,x22,-1897	 x22:0x00000000 x25=0xfffff897
     352885.000 ns	     35287	800079c8	012cb2b3	sltu	x5,x25,x18	 x25:0xffffffff x18:0x00000020  x5=0x00000000
     352905.000 ns	     35289	800079cc	e0099ad3	fclass.s	x21,f19	 f19:0x7fc00000 x21=0x00000200
     352925.000 ns	     35291	800079d0	014e5493	srli	x9,x28,0x14	 x28:0x00000000  x9=0x00000000
     352935.000 ns	     35292	800079d4	011c3133	sltu	x2,x24,x17	 x24:0x00040ffc x17:0x00000000  x2=0x00000000
     352955.000 ns	     35294	800079d8	a0012dd3	feq.s	x27,f2,f0	  f2:0x00000000  f0:0x00000000 x27=0x00000001
     352985.000 ns	     35297	800079dc	2191a353	fsgnjx.s	f6,f3,f25	  f3:0x7fc00000 f25:0x3f800000  f6=0x7fc00000
     353025.000 ns	     35301	800079e0	192f1e53	fdiv.s	f28,f30,f18	 f30:0x00000000 f18:0x80000000 f28=0x7fc00000
     353055.000 ns	     35304	800079e4	d016fa53	fcvt.s.wu	f20,x13	 x13:0x80041024 f20=0x4f000410
     353085.000 ns	     35307	800079e8	03fefcb3	remu	x25,x29,x31	 x29:0x00000000 x31:0x00000000 x25=0x00000000
     353115.000 ns	     35310	800079ec	a005a0d3	feq.s	x1,f11,f0	 f11:0x00000000  f0:0x00000000  x1=0x00000001
     353135.000 ns	     35312	800079f0	dbe48f13	addi	x30,x9,-578	  x9:0x00000000 x30=0xfffffdbe
     353155.000 ns	     35314	800079f4	a1df10d3	flt.s	x1,f30,f29	 f30:0x00000000 f29:0x7fc00000  x1=0x00000000
     353185.000 ns	     35317	800079f8	286994d3	fmax.s	f9,f19,f6	 f19:0x7fc00000  f6:0x7fc00000  f9=0x7fc00000
     353555.000 ns	     35354	800079fc	02807533	remu	x10,x0,x8	  x0:0x00000000  x8:0x80040fe4 x10=0x00000000
     353575.000 ns	     35356	80007a00	00000013	addi	x0,x0,0	  x0:0x00000000
     353585.000 ns	     35357	80007a04	019a1cb3	sll	x25,x20,x25	 x20:0x80041024 x25:0x00000000 x25=0x80041024
     353605.000 ns	     35359	80007a08	e00f9153	fclass.s	x2,f31	 f31:0x00000000  x2=0x00000010
     353635.000 ns	     35362	80007a0c	288195d3	fmax.s	f11,f3,f8	  f3:0x7fc00000  f8:0x4f800000 f11=0x4f800000
     353655.000 ns	     35364	80007a10	0087d813	srli	x16,x15,0x8	 x15:0xf9c13d14 x16=0x00f9c13d
     353675.000 ns	     35366	80007a14	21fe8153	fsgnj.s	f2,f29,f31	 f29:0x7fc00000 f31:0x00000000  f2=0x7fc00000
     353705.000 ns	     35369	80007a18	022e2cb3	mulhsu	x25,x28,x2	 x28:0x00000000  x2:0x00000010 x25=0x00000000
     353725.000 ns	     35371	80007a1c	41760633	sub	x12,x12,x23	 x12:0x00000001 x23:0x00000000 x12=0x00000001
     353745.000 ns	     35373	80007a20	d0089bd3	fcvt.s.w	f23,x17	 x17:0x00000000 f23=0x00000000
     354115.000 ns	     35410	80007a24	022a5133	divu	x2,x20,x2	 x20:0x80041024  x2:0x00000010  x2=0x08004102
     354135.000 ns	     35412	80007a28	5cdf7b93	andi	x23,x30,1485	 x30:0xfffffdbe x23=0x0000058c
     354155.000 ns	     35414	80007a2c	f0098dd3	fmv.w.x	f27,x19	 x19:0x00040ffc f27=0x00040ffc
     354175.000 ns	     35416	80007a30	c293b813	sltiu	x16,x7,-983	  x7:0x7fffffff x16=0x00000001
     354185.000 ns	     35417	80007a34	41c45233	sra	x4,x8,x28	  x8:0x80040fe4 x28:0x00000000  x4=0x80040fe4
     354195.000 ns	     35418	80007a38	da56b013	sltiu	x0,x13,-603	 x13:0x80041024
     354225.000 ns	     35421	80007a3c	197094d3	fdiv.s	f9,f1,f23	  f1:0x7fc00000 f23:0x00000000  f9=0x7fc00000
     354255.000 ns	     35424	80007a40	02f08c33	mul	x24,x1,x15	  x1:0x00000000 x15:0xf9c13d14 x24=0x00000000
     354285.000 ns	     35427	80007a44	29090dd3	fmin.s	f27,f18,f16	 f18:0x80000000 f16:0x80000000 f27=0x80000000
     354305.000 ns	     35429	80007a48	f0e68913	addi	x18,x13,-242	 x13:0x80041024 x18=0x80040f32
     354315.000 ns	     35430	80007a4c	01b85093	srli	x1,x16,0x1b	 x16:0x00000001  x1=0x00000000
     354325.000 ns	     35431	80007a50	01b61e13	slli	x28,x12,0x1b	 x12:0x00000001 x28=0x08000000
     354335.000 ns	     35432	80007a54	9a527137	lui	x2,0x9a527	  x2=0x9a527000
     354355.000 ns	     35434	80007a58	21bd8ed3	fsgnj.s	f29,f27,f27	 f27:0x80000000 f27:0x80000000 f29=0x80000000
     354385.000 ns	     35437	80007a5c	2184aed3	fsgnjx.s	f29,f9,f24	  f9:0x7fc00000 f24:0x00000000 f29=0x7fc00000
     354415.000 ns	     35440	80007a60	c00a9153	fcvt.w.s	x2,f21	 f21:0x00000000  x2=0x00000000
     354785.000 ns	     35477	80007a64	02cbd733	divu	x14,x23,x12	 x23:0x0000058c x12:0x00000001 x14=0x0000058c
     354805.000 ns	     35479	80007a68	4122d293	srai	x5,x5,0x12	  x5:0x00000000  x5=0x00000000
     355165.000 ns	     35515	80007a6c	03575733	divu	x14,x14,x21	 x14:0x0000058c x21:0x00000200 x14=0x00000002
     355185.000 ns	     35517	80007a70	017c8733	add	x14,x25,x23	 x25:0x00000000 x23:0x0000058c x14=0x0000058c
     355195.000 ns	     35518	80007a74	41fa0033	sub	x0,x20,x31	 x20:0x80041024 x31:0x00000000
     355215.000 ns	     35520	80007a78	f0068753	fmv.w.x	f14,x13	 x13:0x80041024 f14=0x80041024
     355245.000 ns	     35523	80007a7c	a0141b53	flt.s	x22,f8,f1	  f8:0x4f800000  f1:0x7fc00000 x22=0x00000000
     355265.000 ns	     35525	80007a80	01521833	sll	x16,x4,x21	  x4:0x80040fe4 x21:0x00000200 x16=0x80040fe4
     355285.000 ns	     35527	80007a84	a0221853	flt.s	x16,f4,f2	  f4:0x4f00040f  f2:0x7fc00000 x16=0x00000000
     355335.000 ns	     35532	80007a88	09cff753	fsub.s	f14,f31,f28	 f31:0x00000000 f28:0x7fc00000 f14=0x7fc00000
     355365.000 ns	     35535	80007a8c	a1b12153	feq.s	x2,f2,f27	  f2:0x7fc00000 f27:0x80000000  x2=0x00000000
     355385.000 ns	     35537	80007a90	6ad47f13	andi	x30,x8,1709	  x8:0x80040fe4 x30=0x000006a4
     355425.000 ns	     35541	80007a94	08be0bd3	fsub.s	f23,f28,f11	 f28:0x7fc00000 f11:0x4f800000 f23=0x7fc00000
     355445.000 ns	     35543	80007a98	f88acd37	lui	x26,0xf88ac	 x26=0xf88ac000
     355485.000 ns	     35547	80007a9c	0192bfd3	fadd.s	f31,f5,f25	  f5:0x4f3ffbf0 f25:0x3f800000 f31=0x4f3ffbf1
     355505.000 ns	     35549	80007aa0	b5e44917	auipc	x18,0xb5e44	 x18=0x35e4baa0
     355525.000 ns	     35551	80007aa4	02a77333	remu	x6,x14,x10	 x14:0x0000058c x10:0x00000000  x6=0x0000058c
     355895.000 ns	     35588	80007aa8	0351c633	div	x12,x3,x21	  x3:0x00000001 x21:0x00000200 x12=0x00000000
     355925.000 ns	     35591	80007aac	0364b1b3	mulhu	x3,x9,x22	  x9:0x00000000 x22:0x00000000  x3=0x00000000
     355945.000 ns	     35593	80007ab0	26d9e893	ori	x17,x19,621	 x19:0x00040ffc x17=0x00040ffd
     355955.000 ns	     35594	80007ab4	00482233	slt	x4,x16,x4	 x16:0x00000000  x4:0x80040fe4  x4=0x00000000
     355965.000 ns	     35595	80007ab8	a3de2e93	slti	x29,x28,-1475	 x28:0x08000000 x29=0x00000000
     355985.000 ns	     35597	80007abc	f0078853	fmv.w.x	f16,x15	 x15:0xf9c13d14 f16=0xf9c13d14
     356005.000 ns	     35599	80007ac0	012b5913	srli	x18,x22,0x12	 x22:0x00000000 x18=0x00000000
     356025.000 ns	     35601	80007ac4	219a12d3	fsgnjn.s	f5,f20,f25	 f20:0x4f000410 f25:0x3f800000  f5=0xcf000410
     356395.000 ns	     35638	80007ac8	03746333	rem	x6,x8,x23	  x8:0x80040fe4 x23:0x0000058c  x6=0xfffffab4
     356415.000 ns	     35640	80007acc	403fd893	srai	x17,x31,0x3	 x31:0x00000000 x17=0x00000000
     356425.000 ns	     35641	80007ad0	012eadb3	slt	x27,x29,x18	 x29:0x00000000 x18:0x00000000 x27=0x00000000
     356465.000 ns	     35645	80007ad4	00e1f053	fadd.s	f0,f3,f14	  f3:0x7fc00000 f14:0x7fc00000  f0=0x7fc00000
     356515.000 ns	     35650	80007ad8	00577dd3	fadd.s	f27,f14,f5	 f14:0x7fc00000  f5:0xcf000410 f27=0x7fc00000
     356535.000 ns	     35652	80007adc	40ea82b3	sub	x5,x21,x14	 x21:0x00000200 x14:0x0000058c  x5=0xfffffc74
     356545.000 ns	     35653	80007ae0	00c7a1b3	slt	x3,x15,x12	 x15:0xf9c13d14 x12:0x00000000  x3=0x00000001
     356555.000 ns	     35654	80007ae4	40c75033	sra	x0,x14,x12	 x14:0x0000058c x12:0x00000000
     356575.000 ns	     35656	80007ae8	28f981d3	fmin.s	f3,f19,f15	 f19:0x7fc00000 f15:0x00000000  f3=0x00000000
     356605.000 ns	     35659	80007aec	a1259053	flt.s	x0,f11,f18	 f11:0x4f800000 f18:0x80000000
     356635.000 ns	     35662	80007af0	21b683d3	fsgnj.s	f7,f13,f27	 f13:0x3f800000 f27:0x7fc00000  f7=0x3f800000
     356665.000 ns	     35665	80007af4	a1000353	fle.s	x6,f0,f16	  f0:0x7fc00000 f16:0xf9c13d14  x6=0x00000000
     356715.000 ns	     35670	80007af8	00b4bd53	fadd.s	f26,f9,f11	  f9:0x7fc00000 f11:0x4f800000 f26=0x7fc00000
     356735.000 ns	     35672	80007afc	00e66333	or	x6,x12,x14	 x12:0x00000000 x14:0x0000058c  x6=0x0000058c
     356745.000 ns	     35673	80007b00	0020cab3	xor	x21,x1,x2	  x1:0x00000000  x2:0x00000000 x21=0x00000000
     356765.000 ns	     35675	80007b04	03d426b3	mulhsu	x13,x8,x29	  x8:0x80040fe4 x29:0x00000000 x13=0x00000000
     357135.000 ns	     35712	80007b08	025bd033	divu	x0,x23,x5	 x23:0x0000058c  x5:0xfffffc74
     357505.000 ns	     35749	80007b0c	0272e6b3	rem	x13,x5,x7	  x5:0xfffffc74  x7:0x7fffffff x13=0xfffffc74
     357525.000 ns	     35751	80007b10	004664b3	or	x9,x12,x4	 x12:0x00000000  x4:0x00000000  x9=0x00000000
     357535.000 ns	     35752	80007b14	901e7693	andi	x13,x28,-1791	 x28:0x08000000 x13=0x08000000
     357575.000 ns	     35756	80007b18	002ff153	fadd.s	f2,f31,f2	 f31:0x4f3ffbf1  f2:0x7fc00000  f2=0x7fc00000
     357595.000 ns	     35758	80007b1c	a99e4393	xori	x7,x28,-1383	 x28:0x08000000  x7=0xf7fffa99
     357605.000 ns	     35759	80007b20	87f6b193	sltiu	x3,x13,-1921	 x13:0x08000000  x3=0x00000001
     357625.000 ns	     35761	80007b24	0240ff33	remu	x30,x1,x4	  x1:0x00000000  x4:0x00000000 x30=0x00000000
     357655.000 ns	     35764	80007b28	d01f22d3	fcvt.s.wu	f5,x30	 x30:0x000006a4  f5=0x00000000
     357685.000 ns	     35767	80007b2c	a05708d3	fle.s	x17,f14,f5	 f14:0x7fc00000  f5:0xcf000410 x17=0x00000000
     357715.000 ns	     35770	80007b30	f0080ad3	fmv.w.x	f21,x16	 x16:0x00000000 f21=0x00000000
     357745.000 ns	     35773	80007b34	21cc23d3	fsgnjx.s	f7,f24,f28	 f24:0x00000000 f28:0x7fc00000  f7=0x00000000
     357795.000 ns	     35778	80007b38	09ef73d3	fsub.s	f7,f30,f30	 f30:0x00000000 f30:0x00000000  f7=0x80000000
     357825.000 ns	     35781	80007b3c	a0701153	flt.s	x2,f0,f7	  f0:0x7fc00000  f7:0x00000000  x2=0x00000000
     357865.000 ns	     35785	80007b40	580e2d53	fsqrt.s	f26,f28	 f28:0x7fc00000 f26=0x7fc00000
     357895.000 ns	     35788	80007b44	d01daed3	fcvt.s.wu	f29,x27	 x27:0x00000000 f29=0x00000000
     358265.000 ns	     35825	80007b48	028ae9b3	rem	x19,x21,x8	 x21:0x00000000  x8:0x80040fe4 x19=0x00000000
     358295.000 ns	     35828	80007b4c	f00b09d3	fmv.w.x	f19,x22	 x22:0x00000000 f19=0x00000000
     358315.000 ns	     35830	80007b50	00b9b1b3	sltu	x3,x19,x11	 x19:0x00000000 x11:0x80041024  x3=0x00000001
     358325.000 ns	     35831	80007b54	01821113	slli	x2,x4,0x18	  x4:0x00000000  x2=0x00000000
     358345.000 ns	     35833	80007b58	20069b53	fsgnjn.s	f22,f13,f0	 f13:0x3f800000  f0:0x7fc00000 f22=0xbf800000
     358375.000 ns	     35836	80007b5c	d00e2b53	fcvt.s.w	f22,x28	 x28:0x08000000 f22=0x4d000000
     358395.000 ns	     35838	80007b60	01009993	slli	x19,x1,0x10	  x1:0x00000000 x19=0x00000000
     358415.000 ns	     35840	80007b64	035b7133	remu	x2,x22,x21	 x22:0x00000000 x21:0x00000000  x2=0x00000000
     358435.000 ns	     35842	80007b68	fac6f893	andi	x17,x13,-84	 x13:0x08000000 x17=0x08000000
     358445.000 ns	     35843	80007b6c	df23ad37	lui	x26,0xdf23a	 x26=0xdf23a000
     358465.000 ns	     35845	80007b70	a00c2ed3	feq.s	x29,f24,f0	 f24:0x00000000  f0:0x7fc00000 x29=0x00000000
     358495.000 ns	     35848	80007b74	e00f1153	fclass.s	x2,f30	 f30:0x00000000  x2=0x00000010
     358515.000 ns	     35850	80007b78	00fb9693	slli	x13,x23,0xf	 x23:0x0000058c x13=0x02c60000
     358535.000 ns	     35852	80007b7c	03b838b3	mulhu	x17,x16,x27	 x16:0x00000000 x27:0x00000000 x17=0x00000000
     358565.000 ns	     35855	80007b80	02d930b3	mulhu	x1,x18,x13	 x18:0x00000000 x13:0x08000000  x1=0x00000000
     358585.000 ns	     35857	80007b84	01b9f9b3	and	x19,x19,x27	 x19:0x00000000 x27:0x00000000 x19=0x00000000
     358605.000 ns	     35859	80007b88	2031aa53	fsgnjx.s	f20,f3,f3	  f3:0x00000000  f3:0x00000000 f20=0x00000000
     358625.000 ns	     35861	80007b8c	01b94b33	xor	x22,x18,x27	 x18:0x00000000 x27:0x00000000 x22=0x00000000
     358645.000 ns	     35863	80007b90	f00d0ad3	fmv.w.x	f21,x26	 x26:0xdf23a000 f21=0xdf23a000
     358675.000 ns	     35866	80007b94	c00a1153	fcvt.w.s	x2,f20	 f20:0x00000000  x2=0x00000000
     358695.000 ns	     35868	80007b98	0019e833	or	x16,x19,x1	 x19:0x00000000  x1:0x00000000 x16=0x00000000
     358705.000 ns	     35869	80007b9c	00e36fb3	or	x31,x6,x14	  x6:0x0000058c x14:0x0000058c x31=0x0000058c
     358725.000 ns	     35871	80007ba0	e0091953	fclass.s	x18,f18	 f18:0x80000000 x18=0x00000008
     358755.000 ns	     35874	80007ba4	e0078d53	fmv.x.w	x26,f15	 f15:0x00000000 x26=0x00000000
     358785.000 ns	     35877	80007ba8	283e9f53	fmax.s	f30,f29,f3	 f29:0x00000000  f3:0x00000000 f30=0x00000000
     358815.000 ns	     35880	80007bac	f0058bd3	fmv.w.x	f23,x11	 x11:0x80041024 f23=0x80041024
     358835.000 ns	     35882	80007bb0	000ad6b3	srl	x13,x21,x0	 x21:0x00000000  x0:0x00000000 x13=0x00000000
     358845.000 ns	     35883	80007bb4	01564533	xor	x10,x12,x21	 x12:0x00000000 x21:0x00000000 x10=0x00000000
     359205.000 ns	     35919	80007bb8	03796333	rem	x6,x18,x23	 x18:0x00000008 x23:0x0000058c  x6=0x00000008
     359235.000 ns	     35922	80007bbc	20ed8d53	fsgnj.s	f26,f27,f14	 f27:0x7fc00000 f14:0x7fc00000 f26=0x7fc00000
     359265.000 ns	     35925	80007bc0	a1901353	flt.s	x6,f0,f25	  f0:0x7fc00000 f25:0x3f800000  x6=0x00000000
     359295.000 ns	     35928	80007bc4	f0000353	fmv.w.x	f6,x0	  x0:0x00000000  f6=0x00000000
     359315.000 ns	     35930	80007bc8	5e5b2693	slti	x13,x22,1509	 x22:0x00000000 x13=0x00000001
     359325.000 ns	     35931	80007bcc	00000013	addi	x0,x0,0	  x0:0x00000000
     359365.000 ns	     35935	80007bd0	0917cf53	fsub.s	f30,f15,f17	 f15:0x00000000 f17:0x00000000 f30=0x80000000
     359395.000 ns	     35938	80007bd4	21ad1c53	fsgnjn.s	f24,f26,f26	 f26:0x7fc00000 f26:0x7fc00000 f24=0xffc00000
     359765.000 ns	     35975	80007bd8	027c5833	divu	x16,x24,x7	 x24:0x00000000  x7:0xf7fffa99 x16=0x00000000
     359795.000 ns	     35978	80007bdc	298e0dd3	fmin.s	f27,f28,f24	 f28:0x7fc00000 f24:0xffc00000 f27=0x7fc00000
     359825.000 ns	     35981	80007be0	030aabb3	mulhsu	x23,x21,x16	 x21:0x00000000 x16:0x00000000 x23=0x00000000
     359845.000 ns	     35983	80007be4	b04d6513	ori	x10,x26,-1276	 x26:0x00000000 x10=0xfffffb04
     359855.000 ns	     35984	80007be8	402a5f93	srai	x31,x20,0x2	 x20:0x80041024 x31=0xe0010409
     359865.000 ns	     35985	80007bec	a23dc213	xori	x4,x27,-1501	 x27:0x00000000  x4=0xfffffa23
     359885.000 ns	     35987	80007bf0	21092953	fsgnjx.s	f18,f18,f16	 f18:0x80000000 f16:0xf9c13d14 f18=0x00000000
     359905.000 ns	     35989	80007bf4	3b22f713	andi	x14,x5,946	  x5:0xfffffc74 x14=0x00000030
     359925.000 ns	     35991	80007bf8	02e11233	mulh	x4,x2,x14	  x2:0x00000000 x14:0x0000058c  x4=0x00000000
     359955.000 ns	     35994	80007bfc	a0e41253	flt.s	x4,f8,f14	  f8:0x4f800000 f14:0x7fc00000  x4=0x00000000
     359985.000 ns	     35997	80007c00	02803233	mulhu	x4,x0,x8	  x0:0x00000000  x8:0x80040fe4  x4=0x00000000
     360015.000 ns	     36000	80007c04	03bcc533	div	x10,x25,x27	 x25:0x00000000 x27:0x00000000 x10=0xffffffff
     360045.000 ns	     36003	80007c08	03d35db3	divu	x27,x6,x29	  x6:0x00000000 x29:0x00000000 x27=0xffffffff
     360065.000 ns	     36005	80007c0c	9cf6ff93	andi	x31,x13,-1585	 x13:0x00000001 x31=0x00000001
     360085.000 ns	     36007	80007c10	02cbc833	div	x16,x23,x12	 x23:0x00000000 x12:0x00000000 x16=0xffffffff
     360135.000 ns	     36012	80007c14	085e0ed3	fsub.s	f29,f28,f5	 f28:0x7fc00000  f5:0x00000000 f29=0x7fc00000
     360165.000 ns	     36015	80007c18	e00c8753	fmv.x.w	x14,f25	 f25:0x3f800000 x14=0x3f800000
     360195.000 ns	     36018	80007c1c	e0059353	fclass.s	x6,f11	 f11:0x4f800000  x6=0x00000040
     360215.000 ns	     36020	80007c20	00c29eb3	sll	x29,x5,x12	  x5:0xfffffc74 x12:0x00000000 x29=0xfffffc74
     360235.000 ns	     36022	80007c24	e00f0753	fmv.x.w	x14,f30	 f30:0x80000000 x14=0x80000000
     360265.000 ns	     36025	80007c28	c017abd3	fcvt.wu.s	x23,f15	 f15:0x00000000 x23=0x00000000
     360285.000 ns	     36027	80007c2c	7bbcb737	lui	x14,0x7bbcb	 x14=0x7bbcb000
     360295.000 ns	     36028	80007c30	004c6bb3	or	x23,x24,x4	 x24:0x00000000  x4:0x00000000 x23=0x00000000
     360315.000 ns	     36030	80007c34	200502d3	fsgnj.s	f5,f10,f0	 f10:0xffc00000  f0:0x7fc00000  f5=0x7fc00000
     360345.000 ns	     36033	80007c38	c0029b53	fcvt.w.s	x22,f5	  f5:0x00000000 x22=0x7fffffff
     360365.000 ns	     36035	80007c3c	015e19b3	sll	x19,x28,x21	 x28:0x08000000 x21:0x00000000 x19=0x08000000
     360385.000 ns	     36037	80007c40	029a6bb3	rem	x23,x20,x9	 x20:0x80041024  x9:0x00000000 x23=0x80041024
     360405.000 ns	     36039	80007c44	90610213	addi	x4,x2,-1786	  x2:0x00000000  x4=0xfffff906
     360425.000 ns	     36041	80007c48	035d3ab3	mulhu	x21,x26,x21	 x26:0x00000000 x21:0x00000000 x21=0x00000000
     360455.000 ns	     36044	80007c4c	d01103d3	fcvt.s.wu	f7,x2	  x2:0x00000000  f7=0x00000000
     360475.000 ns	     36046	80007c50	d6efb493	sltiu	x9,x31,-658	 x31:0x00000001  x9=0x00000001
     360485.000 ns	     36047	80007c54	9d188993	addi	x19,x17,-1583	 x17:0x00000000 x19=0xfffff9d1
     360515.000 ns	     36050	80007c58	18f37cd3	fdiv.s	f25,f6,f15	  f6:0x00000000 f15:0x00000000 f25=0x7fc00000
     360535.000 ns	     36052	80007c5c	01d0c833	xor	x16,x1,x29	  x1:0x00000000 x29:0xfffffc74 x16=0xfffffc74
     360545.000 ns	     36053	80007c60	28b5b813	sltiu	x16,x11,651	 x11:0x80041024 x16=0x00000000
     360555.000 ns	     36054	80007c64	40d78633	sub	x12,x15,x13	 x15:0xf9c13d14 x13:0x00000001 x12=0xf9c13d13
     360575.000 ns	     36056	80007c68	f00a82d3	fmv.w.x	f5,x21	 x21:0x00000000  f5=0x00000000
     360595.000 ns	     36058	80007c6c	79343013	sltiu	x0,x8,1939	  x8:0x80040fe4
     360605.000 ns	     36059	80007c70	4143d8b3	sra	x17,x7,x20	  x7:0xf7fffa99 x20:0x80041024 x17=0xff7fffa9
     360615.000 ns	     36060	80007c74	001020b3	slt	x1,x0,x1	  x0:0x00000000  x1:0x00000000  x1=0x00000000
     360635.000 ns	     36062	80007c78	f0060fd3	fmv.w.x	f31,x12	 x12:0xf9c13d13 f31=0xf9c13d13
     360675.000 ns	     36066	80007c7c	58094b53	fsqrt.s	f22,f18	 f18:0x00000000 f22=0x00000000
     360715.000 ns	     36070	80007c80	194e4853	fdiv.s	f16,f28,f20	 f28:0x7fc00000 f20:0x00000000 f16=0x7fc00000
     360735.000 ns	     36072	80007c84	9a5aa713	slti	x14,x21,-1627	 x21:0x00000000 x14=0x00000000
     360745.000 ns	     36073	80007c88	83d0c713	xori	x14,x1,-1987	  x1:0x00000000 x14=0xfffff83d
     360765.000 ns	     36075	80007c8c	20ee21d3	fsgnjx.s	f3,f28,f14	 f28:0x7fc00000 f14:0x7fc00000  f3=0x7fc00000
     360795.000 ns	     36078	80007c90	a0c99f53	flt.s	x30,f19,f12	 f19:0x00000000 f12:0x7fc00000 x30=0x00000000
     360825.000 ns	     36081	80007c94	e00f88d3	fmv.x.w	x17,f31	 f31:0xf9c13d13 x17=0xf9c13d13
     360845.000 ns	     36083	80007c98	8a69fb17	auipc	x22,0x8a69f	 x22=0x0a6a6c98
     360865.000 ns	     36085	80007c9c	034f1533	mulh	x10,x30,x20	 x30:0x00000000 x20:0x80041024 x10=0x00000000
     360885.000 ns	     36087	80007ca0	532bae93	slti	x29,x23,1330	 x23:0x80041024 x29=0x00000001
     360905.000 ns	     36089	80007ca4	a009a4d3	feq.s	x9,f19,f0	 f19:0x00000000  f0:0x7fc00000  x9=0x00000000
     361275.000 ns	     36126	80007ca8	034bd4b3	divu	x9,x23,x20	 x23:0x80041024 x20:0x80041024  x9=0x00000001
     361305.000 ns	     36129	80007cac	a1dc0dd3	fle.s	x27,f24,f29	 f24:0xffc00000 f29:0x7fc00000 x27=0x00000000
     361335.000 ns	     36132	80007cb0	28401c53	fmax.s	f24,f0,f4	  f0:0x7fc00000  f4:0x4f00040f f24=0x4f00040f
     361355.000 ns	     36134	80007cb4	00000013	addi	x0,x0,0	  x0:0x00000000
     361715.000 ns	     36170	80007cb8	03f45933	divu	x18,x8,x31	  x8:0x80040fe4 x31:0x00000001 x18=0x80040fe4
     361735.000 ns	     36172	80007cbc	00ea4733	xor	x14,x20,x14	 x20:0x80041024 x14:0xfffff83d x14=0x7ffbe819
     361755.000 ns	     36174	80007cc0	21858953	fsgnj.s	f18,f11,f24	 f11:0x4f800000 f24:0x4f00040f f18=0x4f800000
     361775.000 ns	     36176	80007cc4	3b562493	slti	x9,x12,949	 x12:0xf9c13d13  x9=0x00000001
     361795.000 ns	     36178	80007cc8	03f9b8b3	mulhu	x17,x19,x31	 x19:0xfffff9d1 x31:0x00000001 x17=0x00000000
     361815.000 ns	     36180	80007ccc	0148c8b3	xor	x17,x17,x20	 x17:0xf9c13d13 x20:0x80041024 x17=0x80041024
     361835.000 ns	     36182	80007cd0	a0470cd3	fle.s	x25,f14,f4	 f14:0x7fc00000  f4:0x4f00040f x25=0x00000000
     361855.000 ns	     36184	80007cd4	003532b3	sltu	x5,x10,x3	 x10:0x00000000  x3:0x00000001  x5=0x00000001
     361865.000 ns	     36185	80007cd8	008f0db3	add	x27,x30,x8	 x30:0x00000000  x8:0x80040fe4 x27=0x80040fe4
     361885.000 ns	     36187	80007cdc	03a25833	divu	x16,x4,x26	  x4:0xfffff906 x26:0x00000000 x16=0xffffffff
     361905.000 ns	     36189	80007ce0	416c88b3	sub	x17,x25,x22	 x25:0x00000000 x22:0x0a6a6c98 x17=0xf5959368
     361915.000 ns	     36190	80007ce4	014d9493	slli	x9,x27,0x14	 x27:0x80040fe4  x9=0xfe400000
     361935.000 ns	     36192	80007ce8	03f40833	mul	x16,x8,x31	  x8:0x80040fe4 x31:0x00000001 x16=0x80040fe4
     361965.000 ns	     36195	80007cec	03a3d4b3	divu	x9,x7,x26	  x7:0xf7fffa99 x26:0x00000000  x9=0xffffffff
     362005.000 ns	     36199	80007cf0	10a4b1d3	fmul.s	f3,f9,f10	  f9:0x7fc00000 f10:0xffc00000  f3=0x7fc00000
     362025.000 ns	     36201	80007cf4	01124633	xor	x12,x4,x17	  x4:0xfffff906 x17:0xf5959368 x12=0x0a6a6a6e
     362035.000 ns	     36202	80007cf8	f26d1b37	lui	x22,0xf26d1	 x22=0xf26d1000
     362075.000 ns	     36206	80007cfc	09c529d3	fsub.s	f19,f10,f28	 f10:0xffc00000 f28:0x7fc00000 f19=0x7fc00000
     362105.000 ns	     36209	80007d00	d01478d3	fcvt.s.wu	f17,x8	  x8:0x80040fe4 f17=0x4f00040f
     362125.000 ns	     36211	80007d04	01e56a33	or	x20,x10,x30	 x10:0x00000000 x30:0x00000000 x20=0x00000000
     362145.000 ns	     36213	80007d08	d00f4c53	fcvt.s.w	f24,x30	 x30:0x00000000 f24=0x00000000
     362165.000 ns	     36215	80007d0c	00ddf833	and	x16,x27,x13	 x27:0x80040fe4 x13:0x00000001 x16=0x00000000
     362175.000 ns	     36216	80007d10	00525d33	srl	x26,x4,x5	  x4:0xfffff906  x5:0x00000001 x26=0x7ffffc83
     362195.000 ns	     36218	80007d14	20438d53	fsgnj.s	f26,f7,f4	  f7:0x00000000  f4:0x4f00040f f26=0x00000000
     362215.000 ns	     36220	80007d18	012da8b3	slt	x17,x27,x18	 x27:0x80040fe4 x18:0x80040fe4 x17=0x00000000
     362225.000 ns	     36221	80007d1c	e0897013	andi	x0,x18,-504	 x18:0x80040fe4
     362245.000 ns	     36223	80007d20	28a38b53	fmin.s	f22,f7,f10	  f7:0x00000000 f10:0xffc00000 f22=0x00000000
     362275.000 ns	     36226	80007d24	f00d0fd3	fmv.w.x	f31,x26	 x26:0x7ffffc83 f31=0x7ffffc83
     362295.000 ns	     36228	80007d28	01ae1893	slli	x17,x28,0x1a	 x28:0x08000000 x17=0x00000000
     362315.000 ns	     36230	80007d2c	21980953	fsgnj.s	f18,f16,f25	 f16:0x7fc00000 f25:0x7fc00000 f18=0x7fc00000
     362335.000 ns	     36232	80007d30	00cebeb3	sltu	x29,x29,x12	 x29:0x00000001 x12:0x0a6a6a6e x29=0x00000001
     362345.000 ns	     36233	80007d34	000579b3	and	x19,x10,x0	 x10:0x00000000  x0:0x00000000 x19=0x00000000
     362355.000 ns	     36234	80007d38	01387fb3	and	x31,x16,x19	 x16:0x00000000 x19:0xfffff9d1 x31=0x00000000
     362365.000 ns	     36235	80007d3c	862b8017	auipc	x0,0x862b8	
     362375.000 ns	     36236	80007d40	00102c33	slt	x24,x0,x1	  x0:0x00000000  x1:0x00000000 x24=0x00000000
     362395.000 ns	     36238	80007d44	a1701153	flt.s	x2,f0,f23	  f0:0x7fc00000 f23:0x80041024  x2=0x00000000
     362425.000 ns	     36241	80007d48	021543b3	div	x7,x10,x1	 x10:0x00000000  x1:0x00000000  x7=0xffffffff
     362445.000 ns	     36243	80007d4c	071f8e13	addi	x28,x31,113	 x31:0x00000000 x28=0x00000071
     362465.000 ns	     36245	80007d50	02c116b3	mulh	x13,x2,x12	  x2:0x00000000 x12:0x0a6a6a6e x13=0x00000000
     362495.000 ns	     36248	80007d54	021e36b3	mulhu	x13,x28,x1	 x28:0x08000000  x1:0x00000000 x13=0x00000000
     362525.000 ns	     36251	80007d58	a09608d3	fle.s	x17,f12,f9	 f12:0x7fc00000  f9:0x7fc00000 x17=0x00000000
     362545.000 ns	     36253	80007d5c	6ee33513	sltiu	x10,x6,1774	  x6:0x00000040 x10=0x00000001
     362565.000 ns	     36255	80007d60	297691d3	fmax.s	f3,f13,f23	 f13:0x3f800000 f23:0x80041024  f3=0x3f800000
     362585.000 ns	     36257	80007d64	419f0ab3	sub	x21,x30,x25	 x30:0x00000000 x25:0x00000000 x21=0x00000000
     362605.000 ns	     36259	80007d68	f00d0653	fmv.w.x	f12,x26	 x26:0x7ffffc83 f12=0x7ffffc83
     362625.000 ns	     36261	80007d6c	01289333	sll	x6,x17,x18	 x17:0x00000000 x18:0x80040fe4  x6=0x00000000
     362635.000 ns	     36262	80007d70	01836ab3	or	x21,x6,x24	  x6:0x00000040 x24:0x00000000 x21=0x00000000
     362645.000 ns	     36263	80007d74	c725a193	slti	x3,x11,-910	 x11:0x80041024  x3=0x00000001
     362655.000 ns	     36264	80007d78	4069d233	sra	x4,x19,x6	 x19:0x00000000  x6:0x00000000  x4=0x00000000
     362675.000 ns	     36266	80007d7c	c00a7e53	fcvt.w.s	x28,f20	 f20:0x00000000 x28=0x00000000
     362695.000 ns	     36268	80007d80	01ffcd33	xor	x26,x31,x31	 x31:0x00000000 x31:0x00000000 x26=0x00000000
     362725.000 ns	     36271	80007d84	1107f3d3	fmul.s	f7,f15,f16	 f15:0x00000000 f16:0x7fc00000  f7=0x7fc00000
     362755.000 ns	     36274	80007d88	d00bfdd3	fcvt.s.w	f27,x23	 x23:0x80041024 f27=0xcefff7df
     362785.000 ns	     36277	80007d8c	21aa96d3	fsgnjn.s	f13,f21,f26	 f21:0xdf23a000 f26:0x00000000 f13=0xdf23a000
     362815.000 ns	     36280	80007d90	c01e34d3	fcvt.wu.s	x9,f28	 f28:0x7fc00000  x9=0xffffffff
     363185.000 ns	     36317	80007d94	0323c1b3	div	x3,x7,x18	  x7:0xffffffff x18:0x80040fe4  x3=0x00000000
     363235.000 ns	     36322	80007d98	01fccf53	fadd.s	f30,f25,f31	 f25:0x7fc00000 f31:0x7ffffc83 f30=0x7fc00000
     363265.000 ns	     36325	80007d9c	a13baed3	feq.s	x29,f23,f19	 f23:0x80041024 f19:0x7fc00000 x29=0x00000000
     363295.000 ns	     36328	80007da0	e0049ed3	fclass.s	x29,f9	  f9:0x7fc00000 x29=0x00000200
     363325.000 ns	     36331	80007da4	02922133	mulhsu	x2,x4,x9	  x4:0x00000000  x9:0xffffffff  x2=0x00000000
     363345.000 ns	     36333	80007da8	01a99c33	sll	x24,x19,x26	 x19:0x00000000 x26:0x00000000 x24=0x00000000
     363355.000 ns	     36334	80007dac	00000013	addi	x0,x0,0	  x0:0x00000000
     363375.000 ns	     36336	80007db0	20790053	fsgnj.s	f0,f18,f7	 f18:0x7fc00000  f7:0x7fc00000  f0=0x7fc00000
     363395.000 ns	     36338	80007db4	eb987493	andi	x9,x16,-327	 x16:0x00000000  x9=0x00000000
     363415.000 ns	     36340	80007db8	029d5633	divu	x12,x26,x9	 x26:0x00000000  x9:0xffffffff x12=0xffffffff
     363445.000 ns	     36343	80007dbc	a1c22053	feq.s	x0,f4,f28	  f4:0x4f00040f f28:0x7fc00000
     363465.000 ns	     36345	80007dc0	419b84b3	sub	x9,x23,x25	 x23:0x80041024 x25:0x00000000  x9=0x80041024
     363475.000 ns	     36346	80007dc4	f0acb493	sltiu	x9,x25,-246	 x25:0x00000000  x9=0x00000001
     363485.000 ns	     36347	80007dc8	016b3e33	sltu	x28,x22,x22	 x22:0xf26d1000 x22:0xf26d1000 x28=0x00000000
     363505.000 ns	     36349	80007dcc	e00594d3	fclass.s	x9,f11	 f11:0x4f800000  x9=0x00000040
     363535.000 ns	     36352	80007dd0	03017033	remu	x0,x2,x16	  x2:0x00000000 x16:0x00000000
     363565.000 ns	     36355	80007dd4	d001f3d3	fcvt.s.w	f7,x3	  x3:0x00000000  f7=0x00000000
     363615.000 ns	     36360	80007dd8	09b7fc53	fsub.s	f24,f15,f27	 f15:0x00000000 f27:0xcefff7df f24=0x4efff7df
     363635.000 ns	     36362	80007ddc	ab430d93	addi	x27,x6,-1356	  x6:0x00000000 x27=0xfffffab4
     363645.000 ns	     36363	80007de0	4f5bb013	sltiu	x0,x23,1269	 x23:0x80041024
     363655.000 ns	     36364	80007de4	1c647913	andi	x18,x8,454	  x8:0x80040fe4 x18=0x000001c4
     363675.000 ns	     36366	80007de8	21382253	fsgnjx.s	f4,f16,f19	 f16:0x7fc00000 f19:0x7fc00000  f4=0x7fc00000
     363705.000 ns	     36369	80007dec	283804d3	fmin.s	f9,f16,f3	 f16:0x7fc00000  f3:0x3f800000  f9=0x3f800000
     363725.000 ns	     36371	80007df0	0095d1b3	srl	x3,x11,x9	 x11:0x80041024  x9:0x00000040  x3=0x80041024
     363745.000 ns	     36373	80007df4	c0057fd3	fcvt.w.s	x31,f10	 f10:0xffc00000 x31=0x7fffffff
     363765.000 ns	     36375	80007df8	01076d33	or	x26,x14,x16	 x14:0x7ffbe819 x16:0x00000000 x26=0x7ffbe819
     363785.000 ns	     36377	80007dfc	036d8fb3	mul	x31,x27,x22	 x27:0xfffffab4 x22:0xf26d1000 x31=0xe64f4000
     363815.000 ns	     36380	80007e00	e00100d3	fmv.x.w	x1,f2	  f2:0x7fc00000  x1=0x7fc00000
     363835.000 ns	     36382	80007e04	b15056b7	lui	x13,0xb1505	 x13=0xb1505000
     363845.000 ns	     36383	80007e08	006d9cb3	sll	x25,x27,x6	 x27:0xfffffab4  x6:0x00000000 x25=0xfffffab4
     363855.000 ns	     36384	80007e0c	f6cdc013	xori	x0,x27,-148	 x27:0xfffffab4
     363865.000 ns	     36385	80007e10	011c8533	add	x10,x25,x17	 x25:0x00000000 x17:0x00000000 x10=0xfffffab4
     363885.000 ns	     36387	80007e14	0261a633	mulhsu	x12,x3,x6	  x3:0x80041024  x6:0x00000000 x12=0x00000000
     363905.000 ns	     36389	80007e18	260a3c93	sltiu	x25,x20,608	 x20:0x00000000 x25=0x00000001
     363915.000 ns	     36390	80007e1c	c38d8893	addi	x17,x27,-968	 x27:0xfffffab4 x17=0xfffff6ec
     364275.000 ns	     36426	80007e20	03985033	divu	x0,x16,x25	 x16:0x00000000 x25:0xfffffab4
     364645.000 ns	     36463	80007e24	025dfbb3	remu	x23,x27,x5	 x27:0xfffffab4  x5:0x00000001 x23=0x00000000
     364695.000 ns	     36468	80007e28	086a7cd3	fsub.s	f25,f20,f6	 f20:0x00000000  f6:0x00000000 f25=0x80000000
     364725.000 ns	     36471	80007e2c	a1762dd3	feq.s	x27,f12,f23	 f12:0x7ffffc83 f23:0x80041024 x27=0x00000000
     365095.000 ns	     36508	80007e30	02397c33	remu	x24,x18,x3	 x18:0x000001c4  x3:0x80041024 x24=0x000001c4
     365115.000 ns	     36510	80007e34	01331733	sll	x14,x6,x19	  x6:0x00000000 x19:0x00000000 x14=0x00000000
     365125.000 ns	     36511	80007e38	00c1d533	srl	x10,x3,x12	  x3:0x80041024 x12:0x00000000 x10=0x80041024
     365135.000 ns	     36512	80007e3c	00000013	addi	x0,x0,0	  x0:0x00000000
     365145.000 ns	     36513	80007e40	0023dcb3	srl	x25,x7,x2	  x7:0xffffffff  x2:0x00000000 x25=0xffffffff
     365155.000 ns	     36514	80007e44	0102b8b3	sltu	x17,x5,x16	  x5:0x00000001 x16:0x00000000 x17=0x00000000
     365165.000 ns	     36515	80007e48	00209113	slli	x2,x1,0x2	  x1:0x7fc00000  x2=0xff000000
     365185.000 ns	     36517	80007e4c	a0da80d3	fle.s	x1,f21,f13	 f21:0xdf23a000 f13:0xdf23a000  x1=0x00000001
     365215.000 ns	     36520	80007e50	f00d0d53	fmv.w.x	f26,x26	 x26:0x7ffbe819 f26=0x7ffbe819
     365235.000 ns	     36522	80007e54	018a88b3	add	x17,x21,x24	 x21:0x00000000 x24:0x000001c4 x17=0x000001c4
     365245.000 ns	     36523	80007e58	11822993	slti	x19,x4,280	  x4:0x00000000 x19=0x00000001
     365255.000 ns	     36524	80007e5c	01082eb3	slt	x29,x16,x16	 x16:0x00000000 x16:0x00000000 x29=0x00000000
     365275.000 ns	     36526	80007e60	027381b3	mul	x3,x7,x7	  x7:0xffffffff  x7:0xffffffff  x3=0x00000001
     365305.000 ns	     36529	80007e64	03d58fb3	mul	x31,x11,x29	 x11:0x80041024 x29:0x00000200 x31=0x00000000
     365335.000 ns	     36532	80007e68	20baa4d3	fsgnjx.s	f9,f21,f11	 f21:0xdf23a000 f11:0x4f800000  f9=0xdf23a000
     365365.000 ns	     36535	80007e6c	a0bd96d3	flt.s	x13,f27,f11	 f27:0xcefff7df f11:0x4f800000 x13=0x00000001
     365385.000 ns	     36537	80007e70	01d0c333	xor	x6,x1,x29	  x1:0x00000001 x29:0x00000000  x6=0x00000001
     365395.000 ns	     36538	80007e74	01c4cbb3	xor	x23,x9,x28	  x9:0x00000040 x28:0x00000000 x23=0x00000040
     365405.000 ns	     36539	80007e78	355569b7	lui	x19,0x35556	 x19=0x35556000
     365425.000 ns	     36541	80007e7c	219ba853	fsgnjx.s	f16,f23,f25	 f23:0x80041024 f25:0x80000000 f16=0x00041024
     365455.000 ns	     36544	80007e80	20088153	fsgnj.s	f2,f17,f0	 f17:0x4f00040f  f0:0x7fc00000  f2=0x4f00040f
     365485.000 ns	     36547	80007e84	20192753	fsgnjx.s	f14,f18,f1	 f18:0x7fc00000  f1:0x7fc00000 f14=0x7fc00000
     365505.000 ns	     36549	80007e88	00481893	slli	x17,x16,0x4	 x16:0x00000000 x17=0x00000000
     365525.000 ns	     36551	80007e8c	e0091bd3	fclass.s	x23,f18	 f18:0x7fc00000 x23=0x00000200
     365555.000 ns	     36554	80007e90	a10d8d53	fle.s	x26,f27,f16	 f27:0xcefff7df f16:0x00041024 x26=0x00000001
     365925.000 ns	     36591	80007e94	02214bb3	div	x23,x2,x2	  x2:0xff000000  x2:0xff000000 x23=0x00000001
     365955.000 ns	     36594	80007e98	283c0cd3	fmin.s	f25,f24,f3	 f24:0x4efff7df  f3:0x3f800000 f25=0x3f800000
     365975.000 ns	     36596	80007e9c	202153b7	lui	x7,0x20215	  x7=0x20215000
     365985.000 ns	     36597	80007ea0	40945513	srai	x10,x8,0x9	  x8:0x80040fe4 x10=0xffc00207
     365995.000 ns	     36598	80007ea4	007709b3	add	x19,x14,x7	 x14:0x00000000  x7:0xffffffff x19=0x20215000
     366005.000 ns	     36599	80007ea8	00f1c4b3	xor	x9,x3,x15	  x3:0x00000001 x15:0xf9c13d14  x9=0xf9c13d15
     366365.000 ns	     36635	80007eac	02bdc033	div	x0,x27,x11	 x27:0x00000000 x11:0x80041024
     366385.000 ns	     36637	80007eb0	00fa9713	slli	x14,x21,0xf	 x21:0x00000000 x14=0x00000000
     366395.000 ns	     36638	80007eb4	21e9cd93	xori	x27,x19,542	 x19:0x20215000 x27=0x2021521e
     366415.000 ns	     36640	80007eb8	028632b3	mulhu	x5,x12,x8	 x12:0x00000000  x8:0x80040fe4  x5=0x00000000
     366435.000 ns	     36642	80007ebc	002c89b3	add	x19,x25,x2	 x25:0xffffffff  x2:0xff000000 x19=0xfeffffff
     366455.000 ns	     36644	80007ec0	0289beb3	mulhu	x29,x19,x8	 x19:0x20215000  x8:0x80040fe4 x29=0x7f840bd3
     366475.000 ns	     36646	80007ec4	00fd9113	slli	x2,x27,0xf	 x27:0x2021521e  x2=0xa90f0000
     366495.000 ns	     36648	80007ec8	039f1d33	mulh	x26,x30,x25	 x30:0x00000000 x25:0xffffffff x26=0x00000000
     366515.000 ns	     36650	80007ecc	00000013	addi	x0,x0,0	  x0:0x00000000
     366535.000 ns	     36652	80007ed0	c013f353	fcvt.wu.s	x6,f7	  f7:0x00000000  x6=0x00000000
     366555.000 ns	     36654	80007ed4	e3272a93	slti	x21,x14,-462	 x14:0x00000000 x21=0x00000000
     366575.000 ns	     36656	80007ed8	205b9ed3	fsgnjn.s	f29,f23,f5	 f23:0x80041024  f5:0x00000000 f29=0x80041024
     366605.000 ns	     36659	80007edc	e00a0cd3	fmv.x.w	x25,f20	 f20:0x00000000 x25=0x00000000
     366625.000 ns	     36661	80007ee0	01f4e233	or	x4,x9,x31	  x9:0xf9c13d15 x31:0x00000000  x4=0xf9c13d15
     366655.000 ns	     36664	80007ee4	195a72d3	fdiv.s	f5,f20,f21	 f20:0x00000000 f21:0xdf23a000  f5=0x80000000
     366705.000 ns	     36669	80007ee8	09922553	fsub.s	f10,f4,f25	  f4:0x7fc00000 f25:0x3f800000 f10=0x7fc00000
     367075.000 ns	     36706	80007eec	0235c8b3	div	x17,x11,x3	 x11:0x80041024  x3:0x00000001 x17=0x80041024
     367105.000 ns	     36709	80007ef0	28a50553	fmin.s	f10,f10,f10	 f10:0x7fc00000 f10:0x7fc00000 f10=0x7fc00000
     367125.000 ns	     36711	80007ef4	01a520b3	slt	x1,x10,x26	 x10:0xffc00207 x26:0x00000000  x1=0x00000001
     367145.000 ns	     36713	80007ef8	f0050753	fmv.w.x	f14,x10	 x10:0xffc00207 f14=0xffc00207
     367175.000 ns	     36716	80007efc	c01a1153	fcvt.wu.s	x2,f20	 f20:0x00000000  x2=0x00000000
     367205.000 ns	     36719	80007f00	284d0ad3	fmin.s	f21,f26,f4	 f26:0x7ffbe819  f4:0x7fc00000 f21=0x7fc00000
     367235.000 ns	     36722	80007f04	219d8fd3	fsgnj.s	f31,f27,f25	 f27:0xcefff7df f25:0x3f800000 f31=0x4efff7df
     367255.000 ns	     36724	80007f08	3e222293	slti	x5,x4,994	  x4:0xf9c13d15  x5=0x00000001
     367275.000 ns	     36726	80007f0c	035dc233	div	x4,x27,x21	 x27:0x2021521e x21:0x00000000  x4=0xffffffff
     367295.000 ns	     36728	80007f10	0162d233	srl	x4,x5,x22	  x5:0x00000000 x22:0xf26d1000  x4=0x00000001
     367315.000 ns	     36730	80007f14	21181853	fsgnjn.s	f16,f16,f17	 f16:0x00041024 f17:0x4f00040f f16=0x80041024
     367335.000 ns	     36732	80007f18	7f48a193	slti	x3,x17,2036	 x17:0x80041024  x3=0x00000001
     367345.000 ns	     36733	80007f1c	d09fbb93	sltiu	x23,x31,-759	 x31:0x00000000 x23=0x00000001
     367365.000 ns	     36735	80007f20	02ee4933	div	x18,x28,x14	 x28:0x00000000 x14:0x00000000 x18=0xffffffff
     367705.000 ns	     36769	80007f24	19b473d3	fdiv.s	f7,f8,f27	  f8:0x4f800000 f27:0xcefff7df  f7=0xc0000000
     367755.000 ns	     36774	80007f28	0980f853	fsub.s	f16,f1,f24	  f1:0x7fc00000 f24:0x4efff7df f16=0x7fc00000
     367795.000 ns	     36778	80007f2c	580304d3	fsqrt.s	f9,f6	  f6:0x00000000  f9=0x00000000
     367815.000 ns	     36780	80007f30	00000013	addi	x0,x0,0	  x0:0x00000000
     367835.000 ns	     36782	80007f34	03a8d933	divu	x18,x17,x26	 x17:0x80041024 x26:0x00000000 x18=0xffffffff
     367855.000 ns	     36784	80007f38	00549a13	slli	x20,x9,0x5	  x9:0xf9c13d15 x20=0x3827a2a0
     367865.000 ns	     36785	80007f3c	bc35aa93	slti	x21,x11,-1085	 x11:0x80041024 x21=0x00000001
     367885.000 ns	     36787	80007f40	e00c1fd3	fclass.s	x31,f24	 f24:0x4efff7df x31=0x00000040
     367915.000 ns	     36790	80007f44	03bb1cb3	mulh	x25,x22,x27	 x22:0xf26d1000 x27:0x2021521e x25=0xfe4bddb4
     367955.000 ns	     36794	80007f48	580aa853	fsqrt.s	f16,f21	 f21:0x7fc00000 f16=0x7fc00000
     367975.000 ns	     36796	80007f4c	7dec2b93	slti	x23,x24,2014	 x24:0x000001c4 x23=0x00000001
     367995.000 ns	     36798	80007f50	02d51d33	mulh	x26,x10,x13	 x10:0xffc00207 x13:0x00000001 x26=0xffffffff
     368035.000 ns	     36802	80007f54	18938653	fdiv.s	f12,f7,f9	  f7:0xc0000000  f9:0x00000000 f12=0xff800000
     368065.000 ns	     36805	80007f58	d0064853	fcvt.s.w	f16,x12	 x12:0x00000000 f16=0x00000000
     368095.000 ns	     36808	80007f5c	296d90d3	fmax.s	f1,f27,f22	 f27:0xcefff7df f22:0x00000000  f1=0x00000000
     368115.000 ns	     36810	80007f60	3f0d8237	lui	x4,0x3f0d8	  x4=0x3f0d8000
     368125.000 ns	     36811	80007f64	11618193	addi	x3,x3,278	  x3:0x00000001  x3=0x00000117
     368135.000 ns	     36812	80007f68	4173dc13	srai	x24,x7,0x17	  x7:0x20215000 x24=0x00000040
     368155.000 ns	     36814	80007f6c	c008f153	fcvt.w.s	x2,f17	 f17:0x4f00040f  x2=0x7fffffff
     368195.000 ns	     36818	80007f70	101bf4d3	fmul.s	f9,f23,f1	 f23:0x80041024  f1:0x00000000  f9=0x80000000
     368225.000 ns	     36821	80007f74	e0028753	fmv.x.w	x14,f5	  f5:0x80000000 x14=0x80000000
     368255.000 ns	     36824	80007f78	21be81d3	fsgnj.s	f3,f29,f27	 f29:0x80041024 f27:0xcefff7df  f3=0x80041024
     368275.000 ns	     36826	80007f7c	abebe393	ori	x7,x23,-1346	 x23:0x00000001  x7=0xfffffabf
     368285.000 ns	     36827	80007f80	7ab7cd93	xori	x27,x15,1963	 x15:0xf9c13d14 x27=0xf9c13abf
     368295.000 ns	     36828	80007f84	0002a533	slt	x10,x5,x0	  x5:0x00000001  x0:0x00000000 x10=0x00000000
     368305.000 ns	     36829	80007f88	29c90f13	addi	x30,x18,668	 x18:0xffffffff x30=0x0000029b
     368335.000 ns	     36832	80007f8c	10348653	fmul.s	f12,f9,f3	  f9:0x80000000  f3:0x80041024 f12=0x00000000
     368355.000 ns	     36834	80007f90	4182dd93	srai	x27,x5,0x18	  x5:0x00000001 x27=0x00000000
     368365.000 ns	     36835	80007f94	52afa113	slti	x2,x31,1322	 x31:0x00000040  x2=0x00000001
     368375.000 ns	     36836	80007f98	fa06bc13	sltiu	x24,x13,-96	 x13:0x00000001 x24=0x00000001
     368385.000 ns	     36837	80007f9c	41fbddb3	sra	x27,x23,x31	 x23:0x00000001 x31:0x00000040 x27=0x00000001
     368395.000 ns	     36838	80007fa0	00000013	addi	x0,x0,0	  x0:0x00000000
     368415.000 ns	     36840	80007fa4	0266d333	divu	x6,x13,x6	 x13:0x00000001  x6:0x00000000  x6=0xffffffff
     368445.000 ns	     36843	80007fa8	20601d53	fsgnjn.s	f26,f0,f6	  f0:0x7fc00000  f6:0x00000000 f26=0xffc00000
     368815.000 ns	     36880	80007fac	023d6eb3	rem	x29,x26,x3	 x26:0xffffffff  x3:0x00000117 x29=0xffffffff
     368845.000 ns	     36883	80007fb0	a1d80e53	fle.s	x28,f16,f29	 f16:0x00000000 f29:0x80041024 x28=0x00000000
     368865.000 ns	     36885	80007fb4	00b83833	sltu	x16,x16,x11	 x16:0x00000000 x11:0x80041024 x16=0x00000001
     368875.000 ns	     36886	80007fb8	0103ea33	or	x20,x7,x16	  x7:0xfffffabf x16:0x00000000 x20=0xfffffabf
     368885.000 ns	     36887	80007fbc	01580633	add	x12,x16,x21	 x16:0x00000000 x21:0x00000001 x12=0x00000002
     368905.000 ns	     36889	80007fc0	02d828b3	mulhsu	x17,x16,x13	 x16:0x00000001 x13:0x00000001 x17=0x00000000
     368935.000 ns	     36892	80007fc4	a0bd0a53	fle.s	x20,f26,f11	 f26:0xffc00000 f11:0x4f800000 x20=0x00000000
     368955.000 ns	     36894	80007fc8	418c5b13	srai	x22,x24,0x18	 x24:0x00000001 x22=0x00000000
     368995.000 ns	     36898	80007fcc	01507a53	fadd.s	f20,f0,f21	  f0:0x7fc00000 f21:0x7fc00000 f20=0x7fc00000
     369365.000 ns	     36935	80007fd0	03de5db3	divu	x27,x28,x29	 x28:0x00000000 x29:0xffffffff x27=0x00000000
     369395.000 ns	     36938	80007fd4	a0d3a4d3	feq.s	x9,f7,f13	  f7:0xc0000000 f13:0xdf23a000  x9=0x00000000
     369415.000 ns	     36940	80007fd8	00840bb3	add	x23,x8,x8	  x8:0x80040fe4  x8:0x80040fe4 x23=0x00081fc8
     369425.000 ns	     36941	80007fdc	01205c13	srli	x24,x0,0x12	  x0:0x00000000 x24=0x00000000
     369445.000 ns	     36943	80007fe0	c009f953	fcvt.w.s	x18,f19	 f19:0x7fc00000 x18=0x7fffffff
     369815.000 ns	     36980	80007fe4	03a64933	div	x18,x12,x26	 x12:0x00000002 x26:0xffffffff x18=0xfffffffe
     369845.000 ns	     36983	80007fe8	21b02153	fsgnjx.s	f2,f0,f27	  f0:0x7fc00000 f27:0xcefff7df  f2=0xffc00000
     369865.000 ns	     36985	80007fec	00ec19b3	sll	x19,x24,x14	 x24:0x00000000 x14:0x80000000 x19=0x00000000
     369875.000 ns	     36986	80007ff0	019dc233	xor	x4,x27,x25	 x27:0x00000000 x25:0xfe4bddb4  x4=0xfe4bddb4
     369895.000 ns	     36988	80007ff4	a0bd0d53	fle.s	x26,f26,f11	 f26:0xffc00000 f11:0x4f800000 x26=0x00000000
     369925.000 ns	     36991	80007ff8	036d49b3	div	x19,x26,x22	 x26:0xffffffff x22:0x00000000 x19=0xffffffff
     369965.000 ns	     36995	80007ffc	5806b4d3	fsqrt.s	f9,f13	 f13:0xdf23a000  f9=0x7fc00000
     369995.000 ns	     36998	80008000	02edbeb3	mulhu	x29,x27,x14	 x27:0x00000000 x14:0x80000000 x29=0x00000000
     370015.000 ns	     37000	80008004	01fc70b3	and	x1,x24,x31	 x24:0x00000000 x31:0x00000040  x1=0x00000000
     370035.000 ns	     37002	80008008	e0009c53	fclass.s	x24,f1	  f1:0x00000000 x24=0x00000010
     370405.000 ns	     37039	8000800c	02bf73b3	remu	x7,x30,x11	 x30:0x0000029b x11:0x80041024  x7=0x0000029b
     370435.000 ns	     37042	80008010	03d4b0b3	mulhu	x1,x9,x29	  x9:0x00000000 x29:0x00000000  x1=0x00000000
     370465.000 ns	     37045	80008014	209b9953	fsgnjn.s	f18,f23,f9	 f23:0x80041024  f9:0x7fc00000 f18=0x80041024
     370495.000 ns	     37048	80008018	f0058853	fmv.w.x	f16,x11	 x11:0x80041024 f16=0x80041024
     370865.000 ns	     37085	8000801c	039a66b3	rem	x13,x20,x25	 x20:0x00000000 x25:0xfe4bddb4 x13=0x00000000
     370885.000 ns	     37087	80008020	40315e13	srai	x28,x2,0x3	  x2:0x00000001 x28=0x00000000
     370905.000 ns	     37089	80008024	e0091e53	fclass.s	x28,f18	 f18:0x80041024 x28=0x00000004
     370935.000 ns	     37092	80008028	02cbba33	mulhu	x20,x23,x12	 x23:0x00081fc8 x12:0x00000002 x20=0x00000000
     370965.000 ns	     37095	8000802c	f0028753	fmv.w.x	f14,x5	  x5:0x00000001 f14=0x00000001
     371005.000 ns	     37099	80008030	58081dd3	fsqrt.s	f27,f16	 f16:0x80041024 f27=0x7fc00000
     371025.000 ns	     37101	80008034	92614b93	xori	x23,x2,-1754	  x2:0x00000001 x23=0xfffff927
     371045.000 ns	     37103	80008038	e00e1e53	fclass.s	x28,f28	 f28:0x7fc00000 x28=0x00000200
     371075.000 ns	     37106	8000803c	021574b3	remu	x9,x10,x1	 x10:0x00000000  x1:0x00000000  x9=0x00000000
     371105.000 ns	     37109	80008040	d01df153	fcvt.s.wu	f2,x27	 x27:0x00000000  f2=0x00000000
     371125.000 ns	     37111	80008044	6eed2713	slti	x14,x26,1774	 x26:0x00000000 x14=0x00000001
     371135.000 ns	     37112	80008048	f9612993	slti	x19,x2,-106	  x2:0x00000001 x19=0x00000000
     371155.000 ns	     37114	8000804c	212d90d3	fsgnjn.s	f1,f27,f18	 f27:0x7fc00000 f18:0x80041024  f1=0x7fc00000
     371175.000 ns	     37116	80008050	9f00ef17	auipc	x30,0x9f00e	 x30=0x1f016050
     371185.000 ns	     37117	80008054	d2b94193	xori	x3,x18,-725	 x18:0xfffffffe  x3=0x000002d5
     371545.000 ns	     37153	80008058	03ede2b3	rem	x5,x27,x30	 x27:0x00000000 x30:0x0000029b  x5=0x00000000
     371565.000 ns	     37155	8000805c	bf5d3313	sltiu	x6,x26,-1035	 x26:0x00000000  x6=0x00000001
     371575.000 ns	     37156	80008060	402403b3	sub	x7,x8,x2	  x8:0x80040fe4  x2:0x00000001  x7=0x80040fe3
     371615.000 ns	     37160	80008064	09a67bd3	fsub.s	f23,f12,f26	 f12:0x00000000 f26:0xffc00000 f23=0x7fc00000
     371655.000 ns	     37164	80008068	107d8653	fmul.s	f12,f27,f7	 f27:0x7fc00000  f7:0xc0000000 f12=0x7fc00000
     371685.000 ns	     37167	8000806c	21a92e53	fsgnjx.s	f28,f18,f26	 f18:0x80041024 f26:0xffc00000 f28=0x00041024
     371705.000 ns	     37169	80008070	000d7cb3	and	x25,x26,x0	 x26:0x00000000  x0:0x00000000 x25=0x00000000
     371725.000 ns	     37171	80008074	2040a1d3	fsgnjx.s	f3,f1,f4	  f1:0x7fc00000  f4:0x7fc00000  f3=0x7fc00000
     371745.000 ns	     37173	80008078	c0694a93	xori	x21,x18,-1018	 x18:0xfffffffe x21=0x000003f8
     372915.000 ns	     37290	8000807c	580c7bd3	fsqrt.s	f23,f24	 f24:0x4efff7df f23=0x473501cb
     372945.000 ns	     37293	80008080	02d86fb3	rem	x31,x16,x13	 x16:0x00000001 x13:0x00000000 x31=0x00000001
     372965.000 ns	     37295	80008084	f3e0b113	sltiu	x2,x1,-194	  x1:0x00000000  x2=0x00000001
     372985.000 ns	     37297	80008088	d0198953	fcvt.s.wu	f18,x19	 x19:0x00000000 f18=0x00000000
     373015.000 ns	     37300	8000808c	c01ef2d3	fcvt.wu.s	x5,f29	 f29:0x80041024  x5=0x00000000
     373035.000 ns	     37302	80008090	413d8bb3	sub	x23,x27,x19	 x27:0x00000000 x19:0x00000000 x23=0x00000000
     373065.000 ns	     37305	80008094	18b02ed3	fdiv.s	f29,f0,f11	  f0:0x7fc00000 f11:0x4f800000 f29=0x7fc00000
     373105.000 ns	     37309	80008098	580df453	fsqrt.s	f8,f27	 f27:0x7fc00000  f8=0x7fc00000
     373135.000 ns	     37312	8000809c	033bbbb3	mulhu	x23,x23,x19	 x23:0x00000000 x19:0x00000000 x23=0x00000000
     373155.000 ns	     37314	800080a0	401d5033	sra	x0,x26,x1	 x26:0x00000000  x1:0x00000000
     374245.000 ns	     37423	800080a4	58077ad3	fsqrt.s	f21,f14	 f14:0x00000001 f21=0x1f350483
     374275.000 ns	     37426	800080a8	c0023bd3	fcvt.w.s	x23,f4	  f4:0x7fc00000 x23=0x7fffffff
     374305.000 ns	     37429	800080ac	a1f18153	fle.s	x2,f3,f31	  f3:0x7fc00000 f31:0x4efff7df  x2=0x00000000
     375485.000 ns	     37547	800080b0	580cfed3	fsqrt.s	f29,f25	 f25:0x3f800000 f29=0x3f7fffae
     375515.000 ns	     37550	800080b4	a1961fd3	flt.s	x31,f12,f25	 f12:0x7fc00000 f25:0x3f800000 x31=0x00000000
     376695.000 ns	     37668	800080b8	580af853	fsqrt.s	f16,f21	 f21:0x1f350483 f16=0x2effff26
     376715.000 ns	     37670	800080bc	002dc4b3	xor	x9,x27,x2	 x27:0x00000000  x2:0x00000000  x9=0x00000000
     376735.000 ns	     37672	800080c0	033be9b3	rem	x19,x23,x19	 x23:0x7fffffff x19:0x00000000 x19=0x7fffffff
     377105.000 ns	     37709	800080c4	03207ab3	remu	x21,x0,x18	  x0:0x00000000 x18:0xfffffffe x21=0x00000000
     377125.000 ns	     37711	800080c8	d6424c37	lui	x24,0xd6424	 x24=0xd6424000
     377135.000 ns	     37712	800080cc	001bd933	srl	x18,x23,x1	 x23:0x7fffffff  x1:0x00000000 x18=0x7fffffff
     377145.000 ns	     37713	800080d0	415a8133	sub	x2,x21,x21	 x21:0x00000000 x21:0x00000000  x2=0x00000000
     378315.000 ns	     37830	800080d4	580aa753	fsqrt.s	f14,f21	 f21:0x1f350483 f14=0x2effff26
     378345.000 ns	     37833	800080d8	a03d0b53	fle.s	x22,f26,f3	 f26:0xffc00000  f3:0x7fc00000 x22=0x00000000
     378375.000 ns	     37836	800080dc	f00c0d53	fmv.w.x	f26,x24	 x24:0xd6424000 f26=0xd6424000
     378405.000 ns	     37839	800080e0	03f86db3	rem	x27,x16,x31	 x16:0x00000001 x31:0x00000000 x27=0x00000001
     378455.000 ns	     37844	800080e4	0920f353	fsub.s	f6,f1,f18	  f1:0x7fc00000 f18:0x00000000  f6=0x7fc00000
     378475.000 ns	     37846	800080e8	00331293	slli	x5,x6,0x3	  x6:0x00000001  x5=0x00000008
     378495.000 ns	     37848	800080ec	d01dfb53	fcvt.s.wu	f22,x27	 x27:0x00000001 f22=0x3f800000
     378535.000 ns	     37852	800080f0	580d85d3	fsqrt.s	f11,f27	 f27:0x7fc00000 f11=0x7fc00000
     378565.000 ns	     37855	800080f4	a007aad3	feq.s	x21,f15,f0	 f15:0x00000000  f0:0x7fc00000 x21=0x00000000
     378585.000 ns	     37857	800080f8	013f9a33	sll	x20,x31,x19	 x31:0x00000000 x19:0x7fffffff x20=0x00000000
     378605.000 ns	     37859	800080fc	f00f0ad3	fmv.w.x	f21,x30	 x30:0x1f016050 f21=0x1f016050
     378635.000 ns	     37862	80008100	21b0a053	fsgnjx.s	f0,f1,f27	  f1:0x7fc00000 f27:0x7fc00000  f0=0x7fc00000
     378665.000 ns	     37865	80008104	02a35fb3	divu	x31,x6,x10	  x6:0x00000001 x10:0x00000000 x31=0xffffffff
     378695.000 ns	     37868	80008108	281d0553	fmin.s	f10,f26,f1	 f26:0xd6424000  f1:0x7fc00000 f10=0xd6424000
     378725.000 ns	     37871	8000810c	03b584b3	mul	x9,x11,x27	 x11:0x80041024 x27:0x00000001  x9=0x80041024
     378745.000 ns	     37873	80008110	015a5a33	srl	x20,x20,x21	 x20:0x00000000 x21:0x00000000 x20=0x00000000
     378765.000 ns	     37875	80008114	29c08b53	fmin.s	f22,f1,f28	  f1:0x7fc00000 f28:0x00041024 f22=0x00041024
     378785.000 ns	     37877	80008118	b4aa0513	addi	x10,x20,-1206	 x20:0x00000000 x10=0xfffffb4a
     378825.000 ns	     37881	8000811c	00bf45d3	fadd.s	f11,f30,f11	 f30:0x7fc00000 f11:0x7fc00000 f11=0x7fc00000
     378845.000 ns	     37883	80008120	5f6d0a13	addi	x20,x26,1526	 x26:0x00000000 x20=0x000005f6
     378865.000 ns	     37885	80008124	29d61753	fmax.s	f14,f12,f29	 f12:0x7fc00000 f29:0x3f7fffae f14=0x3f7fffae
     378885.000 ns	     37887	80008128	409a8e33	sub	x28,x21,x9	 x21:0x00000000  x9:0x80041024 x28=0x7ffbefdc
     378905.000 ns	     37889	8000812c	c00590d3	fcvt.w.s	x1,f11	 f11:0x7fc00000  x1=0x7fffffff
     378935.000 ns	     37892	80008130	02689733	mulh	x14,x17,x6	 x17:0x00000000  x6:0x00000001 x14=0x00000000
     379305.000 ns	     37929	80008134	03314933	div	x18,x2,x19	  x2:0x00000000 x19:0x7fffffff x18=0x00000000
     379675.000 ns	     37966	80008138	0218ddb3	divu	x27,x17,x1	 x17:0x00000000  x1:0x7fffffff x27=0x00000000
     379705.000 ns	     37969	8000813c	e00b8a53	fmv.x.w	x20,f23	 f23:0x473501cb x20=0x473501cb
     379725.000 ns	     37971	80008140	00cc1233	sll	x4,x24,x12	 x24:0xd6424000 x12:0x00000002  x4=0x59090000
     380085.000 ns	     38007	80008144	02acd233	divu	x4,x25,x10	 x25:0x00000000 x10:0xfffffb4a  x4=0x00000000
     380105.000 ns	     38009	80008148	324d6613	ori	x12,x26,804	 x26:0x00000000 x12=0x00000324
     380135.000 ns	     38012	8000814c	11e977d3	fmul.s	f15,f18,f30	 f18:0x00000000 f30:0x7fc00000 f15=0x7fc00000
     380165.000 ns	     38015	80008150	f0050f53	fmv.w.x	f30,x10	 x10:0xfffffb4a f30=0xfffffb4a
     380185.000 ns	     38017	80008154	006bbeb3	sltu	x29,x23,x6	 x23:0x7fffffff  x6:0x00000001 x29=0x00000000
     380195.000 ns	     38018	80008158	000f7cb3	and	x25,x30,x0	 x30:0x1f016050  x0:0x00000000 x25=0x00000000
     380205.000 ns	     38019	8000815c	01505c13	srli	x24,x0,0x15	  x0:0x00000000 x24=0x00000000
     380215.000 ns	     38020	80008160	41885bb3	sra	x23,x16,x24	 x16:0x00000001 x24:0xd6424000 x23=0x00000001
     380225.000 ns	     38021	80008164	01524233	xor	x4,x4,x21	  x4:0x00000000 x21:0x00000000  x4=0x00000000
     380235.000 ns	     38022	80008168	415fdd93	srai	x27,x31,0x15	 x31:0xffffffff x27=0xffffffff
     380255.000 ns	     38024	8000816c	e00c0e53	fmv.x.w	x28,f24	 f24:0x4efff7df x28=0x4efff7df
     380285.000 ns	     38027	80008170	02e7f233	remu	x4,x15,x14	 x15:0xf9c13d14 x14:0x00000000  x4=0xf9c13d14
     380305.000 ns	     38029	80008174	01b52933	slt	x18,x10,x27	 x10:0xfffffb4a x27:0xffffffff x18=0x00000001
     380325.000 ns	     38031	80008178	036a69b3	rem	x19,x20,x22	 x20:0x473501cb x22:0x00000000 x19=0x473501cb
     380345.000 ns	     38033	8000817c	0107dd33	srl	x26,x15,x16	 x15:0xf9c13d14 x16:0x00000001 x26=0x7ce09e8a
     380355.000 ns	     38034	80008180	c9eb0917	auipc	x18,0xc9eb0	 x18=0x49eb8180
     380365.000 ns	     38035	80008184	712fe813	ori	x16,x31,1810	 x31:0xffffffff x16=0xffffffff
     380385.000 ns	     38037	80008188	28ed0e53	fmin.s	f28,f26,f14	 f26:0xd6424000 f14:0x3f7fffae f28=0xd6424000
     380415.000 ns	     38040	8000818c	e0009b53	fclass.s	x22,f1	  f1:0x7fc00000 x22=0x00000200
     380435.000 ns	     38042	80008190	0024c033	xor	x0,x9,x2	  x9:0x80041024  x2:0x00000000
     380445.000 ns	     38043	80008194	4b1bbd93	sltiu	x27,x23,1201	 x23:0x00000001 x27=0x00000001
     380465.000 ns	     38045	80008198	e0028fd3	fmv.x.w	x31,f5	  f5:0x80000000 x31=0x80000000
     380505.000 ns	     38049	8000819c	580f4053	fsqrt.s	f0,f30	 f30:0xfffffb4a  f0=0x7fc00000
     380555.000 ns	     38054	800081a0	09e67853	fsub.s	f16,f12,f30	 f12:0x7fc00000 f30:0xfffffb4a f16=0x7fc00000
     380925.000 ns	     38091	800081a4	036261b3	rem	x3,x4,x22	  x4:0xf9c13d14 x22:0x00000200  x3=0xffffff14
     380955.000 ns	     38094	800081a8	29fb95d3	fmax.s	f11,f23,f31	 f23:0x473501cb f31:0x4efff7df f11=0x4efff7df
     380985.000 ns	     38097	800081ac	28cf8853	fmin.s	f16,f31,f12	 f31:0x4efff7df f12:0x7fc00000 f16=0x4efff7df
     381015.000 ns	     38100	800081b0	a11b18d3	flt.s	x17,f22,f17	 f22:0x00041024 f17:0x4f00040f x17=0x00000001
     381035.000 ns	     38102	800081b4	6aecad13	slti	x26,x25,1710	 x25:0x00000000 x26=0x00000001
     381055.000 ns	     38104	800081b8	20b19953	fsgnjn.s	f18,f3,f11	  f3:0x7fc00000 f11:0x4efff7df f18=0xffc00000
     381075.000 ns	     38106	800081bc	003dd833	srl	x16,x27,x3	 x27:0x00000001  x3:0xffffff14 x16=0x00000000
     381085.000 ns	     38107	800081c0	d09b6917	auipc	x18,0xd09b6	 x18=0x509be1c0
     381105.000 ns	     38109	800081c4	03e4bf33	mulhu	x30,x9,x30	  x9:0x80041024 x30:0x1f016050 x30=0x0f812e21
     381135.000 ns	     38112	800081c8	f00005d3	fmv.w.x	f11,x0	  x0:0x00000000 f11=0x00000000
     381165.000 ns	     38115	800081cc	03842e33	mulhsu	x28,x8,x24	  x8:0x80040fe4 x24:0x00000000 x28=0x00000000
     381185.000 ns	     38117	800081d0	40d9db33	sra	x22,x19,x13	 x19:0x473501cb x13:0x00000000 x22=0x473501cb
     381205.000 ns	     38119	800081d4	02253fb3	mulhu	x31,x10,x2	 x10:0xfffffb4a  x2:0x00000000 x31=0x00000000
     381245.000 ns	     38123	800081d8	18e1ffd3	fdiv.s	f31,f3,f14	  f3:0x7fc00000 f14:0x3f7fffae f31=0x7fc00000
     381265.000 ns	     38125	800081dc	009562b3	or	x5,x10,x9	 x10:0xfffffb4a  x9:0x80041024  x5=0xfffffb6e
     381275.000 ns	     38126	800081e0	4f0d8837	lui	x16,0x4f0d8	 x16=0x4f0d8000
     381295.000 ns	     38128	800081e4	c01df153	fcvt.wu.s	x2,f27	 f27:0x7fc00000  x2=0xffffffff
     381665.000 ns	     38165	800081e8	03e8ed33	rem	x26,x17,x30	 x17:0x00000001 x30:0x0f812e21 x26=0x00000001
     381695.000 ns	     38168	800081ec	d005b153	fcvt.s.w	f2,x11	 x11:0x80041024  f2=0xcefff7e0
     381715.000 ns	     38170	800081f0	2dcd3613	sltiu	x12,x26,732	 x26:0x00000001 x12=0x00000001
     381725.000 ns	     38171	800081f4	418a5a13	srai	x20,x20,0x18	 x20:0x473501cb x20=0x00000047
     381735.000 ns	     38172	800081f8	0b838813	addi	x16,x7,184	  x7:0x80040fe3 x16=0x8004109b
     381755.000 ns	     38174	800081fc	29559cd3	fmax.s	f25,f11,f21	 f11:0x00000000 f21:0x1f016050 f25=0x1f016050
     381785.000 ns	     38177	80008200	a11020d3	feq.s	x1,f0,f17	  f0:0x7fc00000 f17:0x4f00040f  x1=0x00000000
     381815.000 ns	     38180	80008204	21b8a6d3	fsgnjx.s	f13,f17,f27	 f17:0x4f00040f f27:0x7fc00000 f13=0x4f00040f
     381835.000 ns	     38182	80008208	ed377b97	auipc	x23,0xed377	 x23=0x6d37f208
     381875.000 ns	     38186	8000820c	0885f3d3	fsub.s	f7,f11,f8	 f11:0x00000000  f8:0x7fc00000  f7=0x7fc00000
     381905.000 ns	     38189	80008210	e00619d3	fclass.s	x19,f12	 f12:0x7fc00000 x19=0x00000200
     381945.000 ns	     38193	80008214	58067653	fsqrt.s	f12,f12	 f12:0x7fc00000 f12=0x7fc00000
     381965.000 ns	     38195	80008218	41a789b3	sub	x19,x15,x26	 x15:0xf9c13d14 x26:0x00000001 x19=0xf9c13d13
     381995.000 ns	     38198	8000821c	11f20fd3	fmul.s	f31,f4,f31	  f4:0x7fc00000 f31:0x7fc00000 f31=0x7fc00000
     382025.000 ns	     38201	80008220	d00874d3	fcvt.s.w	f9,x16	 x16:0x8004109b  f9=0xcefff7de
     382055.000 ns	     38204	80008224	28e19ed3	fmax.s	f29,f3,f14	  f3:0x7fc00000 f14:0x3f7fffae f29=0x3f7fffae
     382085.000 ns	     38207	80008228	f00f0053	fmv.w.x	f0,x30	 x30:0x0f812e21  f0=0x0f812e21
     382115.000 ns	     38210	8000822c	03ee3f33	mulhu	x30,x28,x30	 x28:0x00000000 x30:0x0f812e21 x30=0x00000000
     382145.000 ns	     38213	80008230	a0501853	flt.s	x16,f0,f5	  f0:0x0f812e21  f5:0x80000000 x16=0x00000000
     382175.000 ns	     38216	80008234	f0088553	fmv.w.x	f10,x17	 x17:0x00000001 f10=0x00000001
     382195.000 ns	     38218	80008238	0a2a7a93	andi	x21,x20,162	 x20:0x00000047 x21=0x00000002
     382235.000 ns	     38222	8000823c	08ff9453	fsub.s	f8,f31,f15	 f31:0x7fc00000 f15:0x7fc00000  f8=0x7fc00000
     382605.000 ns	     38259	80008240	0333d8b3	divu	x17,x7,x19	  x7:0x80040fe3 x19:0xf9c13d13 x17=0x00000000
     382625.000 ns	     38261	80008244	50097893	andi	x17,x18,1280	 x18:0x509be1c0 x17=0x00000100
     382635.000 ns	     38262	80008248	005143b3	xor	x7,x2,x5	  x2:0xffffffff  x5:0xfffffb6e  x7=0x00000491
     383805.000 ns	     38379	8000824c	580c8853	fsqrt.s	f16,f25	 f25:0x1f016050 f16=0x2eb6f6ba
     383825.000 ns	     38381	80008250	e9748693	addi	x13,x9,-361	  x9:0x80041024 x13=0x80040ebb
     383845.000 ns	     38383	80008254	e0010653	fmv.x.w	x12,f2	  f2:0xcefff7e0 x12=0xcefff7e0
     383865.000 ns	     38385	80008258	00c5de33	srl	x28,x11,x12	 x11:0x80041024 x12:0x00000001 x28=0x80041024
     383895.000 ns	     38388	8000825c	19c0f0d3	fdiv.s	f1,f1,f28	  f1:0x7fc00000 f28:0xd6424000  f1=0x7fc00000
     383925.000 ns	     38391	80008260	c016abd3	fcvt.wu.s	x23,f13	 f13:0x4f00040f x23=0x80040f00
     383955.000 ns	     38394	80008264	21eca9d3	fsgnjx.s	f19,f25,f30	 f25:0x1f016050 f30:0xfffffb4a f19=0x9f016050
     383985.000 ns	     38397	80008268	a07e81d3	fle.s	x3,f29,f7	 f29:0x3f7fffae  f7:0x7fc00000  x3=0x00000000
     384355.000 ns	     38434	8000826c	028dfcb3	remu	x25,x27,x8	 x27:0x00000001  x8:0x80040fe4 x25=0x00000001
     384375.000 ns	     38436	80008270	009dc3b3	xor	x7,x27,x9	 x27:0x00000001  x9:0x80041024  x7=0x80041025
     384395.000 ns	     38438	80008274	a0d01253	flt.s	x4,f0,f13	  f0:0x0f812e21 f13:0x4f00040f  x4=0x00000001
     384425.000 ns	     38441	80008278	211f1153	fsgnjn.s	f2,f30,f17	 f30:0xfffffb4a f17:0x4f00040f  f2=0xfffffb4a
     384445.000 ns	     38443	8000827c	cf186d93	ori	x27,x16,-783	 x16:0x00000000 x27=0xfffffcf1
     384465.000 ns	     38445	80008280	0336b933	mulhu	x18,x13,x19	 x13:0x80040ebb x19:0xf9c13d13 x18=0x7ce493ed
     384495.000 ns	     38448	80008284	f00e8453	fmv.w.x	f8,x29	 x29:0x00000000  f8=0x00000000
     384525.000 ns	     38451	80008288	a1b2add3	feq.s	x27,f5,f27	  f5:0x80000000 f27:0x7fc00000 x27=0x00000000
     384555.000 ns	     38454	8000828c	e00b9fd3	fclass.s	x31,f23	 f23:0x473501cb x31=0x00000040
     384575.000 ns	     38456	80008290	41b2dc13	srai	x24,x5,0x1b	  x5:0xfffffb6e x24=0xffffffff
     384585.000 ns	     38457	80008294	414c5b33	sra	x22,x24,x20	 x24:0x00000000 x20:0x00000047 x22=0xffffffff
     384595.000 ns	     38458	80008298	01b0a9b3	slt	x19,x1,x27	  x1:0x00000000 x27:0x00000000 x19=0x00000000
     384615.000 ns	     38460	8000829c	28b180d3	fmin.s	f1,f3,f11	  f3:0x7fc00000 f11:0x00000000  f1=0x00000000
     384635.000 ns	     38462	800082a0	00b9d713	srli	x14,x19,0xb	 x19:0xf9c13d13 x14=0x00000000
     384645.000 ns	     38463	800082a4	00bbb233	sltu	x4,x23,x11	 x23:0x80040f00 x11:0x80041024  x4=0x00000001
     384665.000 ns	     38465	800082a8	20129e53	fsgnjn.s	f28,f5,f1	  f5:0x80000000  f1:0x00000000 f28=0x80000000
     384695.000 ns	     38468	800082ac	c001ce53	fcvt.w.s	x28,f3	  f3:0x7fc00000 x28=0x7fffffff
     384715.000 ns	     38470	800082b0	9c630613	addi	x12,x6,-1594	  x6:0x00000001 x12=0xfffff9c7
     384725.000 ns	     38471	800082b4	40550333	sub	x6,x10,x5	 x10:0xfffffb4a  x5:0xfffffb6e  x6=0xffffffdc
     384735.000 ns	     38472	800082b8	868eb337	lui	x6,0x868eb	  x6=0x868eb000
     384745.000 ns	     38473	800082bc	b50bc393	xori	x7,x23,-1200	 x23:0x80040f00  x7=0x7ffbf450
     385105.000 ns	     38509	800082c0	03c3db33	divu	x22,x7,x28	  x7:0x80041025 x28:0x7fffffff x22=0x00000000
     385125.000 ns	     38511	800082c4	00d121b3	slt	x3,x2,x13	  x2:0xffffffff x13:0x80040ebb  x3=0x00000000
     385135.000 ns	     38512	800082c8	404e8bb3	sub	x23,x29,x4	 x29:0x00000000  x4:0x00000001 x23=0xffffffff
     385495.000 ns	     38548	800082cc	02a166b3	rem	x13,x2,x10	  x2:0xffffffff x10:0xfffffb4a x13=0xffffffff
     385515.000 ns	     38550	800082d0	d50ff693	andi	x13,x31,-688	 x31:0x00000040 x13=0x00000040
     385535.000 ns	     38552	800082d4	03b40033	mul	x0,x8,x27	  x8:0x80040fe4 x27:0x00000000
     385565.000 ns	     38555	800082d8	0301a233	mulhsu	x4,x3,x16	  x3:0x00000000 x16:0x00000000  x4=0x00000000
     385585.000 ns	     38557	800082dc	016426b3	slt	x13,x8,x22	  x8:0x80040fe4 x22:0x00000000 x13=0x00000001
     385605.000 ns	     38559	800082e0	216c2553	fsgnjx.s	f10,f24,f22	 f24:0x4efff7df f22:0x00041024 f10=0x4efff7df
     385625.000 ns	     38561	800082e4	4a5e5997	auipc	x19,0x4a5e5	 x19=0xca5ed2e4
     385635.000 ns	     38562	800082e8	01ffc133	xor	x2,x31,x31	 x31:0x00000040 x31:0x00000040  x2=0x00000000
     385655.000 ns	     38564	800082ec	03a5aeb3	mulhsu	x29,x11,x26	 x11:0x80041024 x26:0x00000001 x29=0xffffffff
     385675.000 ns	     38566	800082f0	94620313	addi	x6,x4,-1722	  x4:0x00000000  x6=0xfffff946
     385705.000 ns	     38569	800082f4	11f1b9d3	fmul.s	f19,f3,f31	  f3:0x7fc00000 f31:0x7fc00000 f19=0x7fc00000
     386075.000 ns	     38606	800082f8	03d3d2b3	divu	x5,x7,x29	  x7:0x7ffbf450 x29:0xffffffff  x5=0x00000000
     386125.000 ns	     38611	800082fc	0802f353	fsub.s	f6,f5,f0	  f5:0x80000000  f0:0x0f812e21  f6=0x8f812e21
     386155.000 ns	     38614	80008300	e00f8cd3	fmv.x.w	x25,f31	 f31:0x7fc00000 x25=0x7fc00000
     386185.000 ns	     38617	80008304	03e703b3	mul	x7,x14,x30	 x14:0x00000000 x30:0x00000000  x7=0x00000000
     386205.000 ns	     38619	80008308	1b943093	sltiu	x1,x8,441	  x8:0x80040fe4  x1=0x00000000
     387375.000 ns	     38736	8000830c	58087653	fsqrt.s	f12,f16	 f16:0x2eb6f6ba f12=0x3699089b
     387405.000 ns	     38739	80008310	c013f653	fcvt.wu.s	x12,f7	  f7:0x7fc00000 x12=0xffffffff
     387425.000 ns	     38741	80008314	aa197db7	lui	x27,0xaa197	 x27=0xaa197000
     387435.000 ns	     38742	80008318	7b8833b7	lui	x7,0x7b883	  x7=0x7b883000
     387795.000 ns	     38778	8000831c	026dc133	div	x2,x27,x6	 x27:0x00000000  x6:0xfffff946  x2=0x000cc536
     387815.000 ns	     38780	80008320	0067d613	srli	x12,x15,0x6	 x15:0xf9c13d14 x12=0x03e704f4
     387845.000 ns	     38783	80008324	5809f653	fsqrt.s	f12,f19	 f19:0x7fc00000 f12=0x7fc00000
     388215.000 ns	     38820	80008328	02f84733	div	x14,x16,x15	 x16:0x00000000 x15:0xf9c13d14 x14=0x00000000
     388235.000 ns	     38822	8000832c	01db8d33	add	x26,x23,x29	 x23:0xffffffff x29:0xffffffff x26=0xfffffffe
     388255.000 ns	     38824	80008330	210a1ad3	fsgnjn.s	f21,f20,f16	 f20:0x7fc00000 f16:0x2eb6f6ba f21=0xffc00000
     388285.000 ns	     38827	80008334	296c1dd3	fmax.s	f27,f24,f22	 f24:0x4efff7df f22:0x00041024 f27=0x4efff7df
     388305.000 ns	     38829	80008338	01975013	srli	x0,x14,0x19	 x14:0x00000000
     388325.000 ns	     38831	8000833c	d00f0ad3	fcvt.s.w	f21,x30	 x30:0x00000000 f21=0x00000000
     388355.000 ns	     38834	80008340	c00f30d3	fcvt.w.s	x1,f30	 f30:0xfffffb4a  x1=0x7fffffff
     388375.000 ns	     38836	80008344	00735db3	srl	x27,x6,x7	  x6:0xfffff946  x7:0x7b883000 x27=0xfffff946
     388385.000 ns	     38837	80008348	01b09c13	slli	x24,x1,0x1b	  x1:0x7fffffff x24=0xf8000000
     388395.000 ns	     38838	8000834c	40a75e93	srai	x29,x14,0xa	 x14:0x00000000 x29=0x00000000
     388415.000 ns	     38840	80008350	d01f7c53	fcvt.s.wu	f24,x30	 x30:0x00000000 f24=0x00000000
     388435.000 ns	     38842	80008354	d6844113	xori	x2,x8,-664	  x8:0x80040fe4  x2=0x7ffbf28c
     388455.000 ns	     38844	80008358	20b519d3	fsgnjn.s	f19,f10,f11	 f10:0x4efff7df f11:0x00000000 f19=0xcefff7df
     388485.000 ns	     38847	8000835c	c01902d3	fcvt.wu.s	x5,f18	 f18:0xffc00000  x5=0xffffffff
     388515.000 ns	     38850	80008360	d0189553	fcvt.s.wu	f10,x17	 x17:0x00000100 f10=0x43800000
     388535.000 ns	     38852	80008364	431b0493	addi	x9,x22,1073	 x22:0x00000000  x9=0x00000431
     388545.000 ns	     38853	80008368	d13db093	sltiu	x1,x27,-749	 x27:0xfffff946  x1=0x00000001
     388555.000 ns	     38854	8000836c	ff7fa093	slti	x1,x31,-9	 x31:0x00000040  x1=0x00000000
     388575.000 ns	     38856	80008370	f0098953	fmv.w.x	f18,x19	 x19:0xca5ed2e4 f18=0xca5ed2e4
     388595.000 ns	     38858	80008374	400ed6b3	sra	x13,x29,x0	 x29:0x00000000  x0:0x00000000 x13=0x00000000
     388605.000 ns	     38859	80008378	f119ad13	slti	x26,x19,-239	 x19:0xca5ed2e4 x26=0x00000001
     388615.000 ns	     38860	8000837c	00a254b3	srl	x9,x4,x10	  x4:0x00000000 x10:0xfffffb4a  x9=0x00000000
     388625.000 ns	     38861	80008380	f2a3c213	xori	x4,x7,-214	  x7:0x7b883000  x4=0x8477cf2a
     388635.000 ns	     38862	80008384	4080da33	sra	x20,x1,x8	  x1:0x00000000  x8:0x80040fe4 x20=0x00000000
     388645.000 ns	     38863	80008388	01e39db3	sll	x27,x7,x30	  x7:0x7b883000 x30:0x00000000 x27=0x7b883000
     388655.000 ns	     38864	8000838c	01d9ba33	sltu	x20,x19,x29	 x19:0xca5ed2e4 x29:0x00000000 x20=0x00000000
     388675.000 ns	     38866	80008390	28668ad3	fmin.s	f21,f13,f6	 f13:0x4f00040f  f6:0x8f812e21 f21=0x8f812e21
     389045.000 ns	     38903	80008394	03ad7033	remu	x0,x26,x26	 x26:0x00000001 x26:0x00000001
     389065.000 ns	     38905	80008398	4a31e093	ori	x1,x3,1187	  x3:0x00000000  x1=0x000004a3
     389085.000 ns	     38907	8000839c	a11e2cd3	feq.s	x25,f28,f17	 f28:0x80000000 f17:0x4f00040f x25=0x00000000
     389105.000 ns	     38909	800083a0	001d5e93	srli	x29,x26,0x1	 x26:0x00000001 x29=0x00000000
     389115.000 ns	     38910	800083a4	00000013	addi	x0,x0,0	  x0:0x00000000
     389125.000 ns	     38911	800083a8	0041c033	xor	x0,x3,x4	  x3:0x00000000  x4:0x8477cf2a
     389135.000 ns	     38912	800083ac	007e2133	slt	x2,x28,x7	 x28:0x7fffffff  x7:0x7b883000  x2=0x00000000
     389145.000 ns	     38913	800083b0	01094bb3	xor	x23,x18,x16	 x18:0x7ce493ed x16:0x00000000 x23=0x7ce493ed
     389155.000 ns	     38914	800083b4	00299533	sll	x10,x19,x2	 x19:0xca5ed2e4  x2:0x7ffbf28c x10=0xca5ed2e4
     389175.000 ns	     38916	800083b8	e0020ad3	fmv.x.w	x21,f4	  f4:0x7fc00000 x21=0x7fc00000
     389195.000 ns	     38918	800083bc	0172f733	and	x14,x5,x23	  x5:0xffffffff x23:0x7ce493ed x14=0x7ce493ed
     389555.000 ns	     38954	800083c0	03586333	rem	x6,x16,x21	 x16:0x00000000 x21:0x7fc00000  x6=0x00000000
     389605.000 ns	     38959	800083c4	015d7d53	fadd.s	f26,f26,f21	 f26:0xd6424000 f21:0x8f812e21 f26=0xd6424000
     389635.000 ns	     38962	800083c8	d0182353	fcvt.s.wu	f6,x16	 x16:0x00000000  f6=0x00000000
     389655.000 ns	     38964	800083cc	00e599b3	sll	x19,x11,x14	 x11:0x80041024 x14:0x7ce493ed x19=0x82048000
     389665.000 ns	     38965	800083d0	01f1a233	slt	x4,x3,x31	  x3:0x00000000 x31:0x00000040  x4=0x00000001
     389685.000 ns	     38967	800083d4	03e906b3	mul	x13,x18,x30	 x18:0x7ce493ed x30:0x00000000 x13=0x00000000
     389725.000 ns	     38971	800083d8	11c0f6d3	fmul.s	f13,f1,f28	  f1:0x00000000 f28:0x80000000 f13=0x80000000
     390095.000 ns	     39008	800083dc	0251c533	div	x10,x3,x5	  x3:0x00000000  x5:0xffffffff x10=0x00000000
     390115.000 ns	     39010	800083e0	01849e93	slli	x29,x9,0x18	  x9:0x00000000 x29=0x00000000
     390135.000 ns	     39012	800083e4	02dc6cb3	rem	x25,x24,x13	 x24:0xf8000000 x13:0x00000000 x25=0xf8000000
     390165.000 ns	     39015	800083e8	032312b3	mulh	x5,x6,x18	  x6:0x00000000 x18:0x7ce493ed  x5=0x00000000
     390185.000 ns	     39017	800083ec	70548113	addi	x2,x9,1797	  x9:0x00000000  x2=0x00000705
     390195.000 ns	     39018	800083f0	42bd7813	andi	x16,x26,1067	 x26:0x00000001 x16=0x00000001
     390215.000 ns	     39020	800083f4	284711d3	fmax.s	f3,f14,f4	 f14:0x3f7fffae  f4:0x7fc00000  f3=0x3f7fffae
     390235.000 ns	     39022	800083f8	962873b7	lui	x7,0x96287	  x7=0x96287000
     390245.000 ns	     39023	800083fc	4e29e113	ori	x2,x19,1250	 x19:0x82048000  x2=0x820484e2
     390265.000 ns	     39025	80008400	a117ae53	feq.s	x28,f15,f17	 f15:0x7fc00000 f17:0x4f00040f x28=0x00000000
     390285.000 ns	     39027	80008404	30198d13	addi	x26,x19,769	 x19:0x82048000 x26=0x82048301
     390645.000 ns	     39063	80008408	028fecb3	rem	x25,x31,x8	 x31:0x00000040  x8:0x80040fe4 x25=0x00000040
     390675.000 ns	     39066	8000840c	021a3033	mulhu	x0,x20,x1	 x20:0x00000000  x1:0x000004a3
     391045.000 ns	     39103	80008410	028ee733	rem	x14,x29,x8	 x29:0x00000000  x8:0x80040fe4 x14=0x00000000
     391075.000 ns	     39106	80008414	a17a02d3	fle.s	x5,f20,f23	 f20:0x7fc00000 f23:0x473501cb  x5=0x00000000
     391105.000 ns	     39109	80008418	e00b1ad3	fclass.s	x21,f22	 f22:0x00041024 x21=0x00000020
     391125.000 ns	     39111	8000841c	9c291b17	auipc	x22,0x9c291	 x22=0x1c29941c
     391145.000 ns	     39113	80008420	02a91733	mulh	x14,x18,x10	 x18:0x7ce493ed x10:0x00000000 x14=0x00000000
     391165.000 ns	     39115	80008424	26d5f893	andi	x17,x11,621	 x11:0x80041024 x17=0x00000024
     391185.000 ns	     39117	80008428	a13211d3	flt.s	x3,f4,f19	  f4:0x7fc00000 f19:0xcefff7df  x3=0x00000000
     391555.000 ns	     39154	8000842c	0228cf33	div	x30,x17,x2	 x17:0x00000100  x2:0x820484e2 x30=0x00000000
     391605.000 ns	     39159	80008430	09447853	fsub.s	f16,f8,f20	  f8:0x00000000 f20:0x7fc00000 f16=0x7fc00000
     391635.000 ns	     39162	80008434	f00e08d3	fmv.w.x	f17,x28	 x28:0x00000000 f17=0x00000000
     391665.000 ns	     39165	80008438	f00488d3	fmv.w.x	f17,x9	  x9:0x00000000 f17=0x00000000
     391685.000 ns	     39167	8000843c	0127bb33	sltu	x22,x15,x18	 x15:0xf9c13d14 x18:0x7ce493ed x22=0x00000000
     392855.000 ns	     39284	80008440	5801a853	fsqrt.s	f16,f3	  f3:0x3f7fffae f16=0x3f35042a
     392875.000 ns	     39286	80008444	01030733	add	x14,x6,x16	  x6:0x00000000 x16:0x00000001 x14=0x00000001
     392895.000 ns	     39288	80008448	21cd16d3	fsgnjn.s	f13,f26,f28	 f26:0xd6424000 f28:0x80000000 f13=0x56424000
     392915.000 ns	     39290	8000844c	01dcabb3	slt	x23,x25,x29	 x25:0x00000040 x29:0x00000000 x23=0x00000000
     392935.000 ns	     39292	80008450	c002fbd3	fcvt.w.s	x23,f5	  f5:0x80000000 x23=0x00000000
     392965.000 ns	     39295	80008454	d01b9f53	fcvt.s.wu	f30,x23	 x23:0x7ce493ed f30=0x00000000
     392985.000 ns	     39297	80008458	0091ea33	or	x20,x3,x9	  x3:0x00000000  x9:0x00000000 x20=0x00000000
     392995.000 ns	     39298	8000845c	a43cce93	xori	x29,x25,-1469	 x25:0x00000040 x29=0xfffffa03
     393035.000 ns	     39302	80008460	097279d3	fsub.s	f19,f4,f23	  f4:0x7fc00000 f23:0x473501cb f19=0x7fc00000
     393055.000 ns	     39304	80008464	016779b3	and	x19,x14,x22	 x14:0x00000001 x22:0x00000000 x19=0x00000000
     393065.000 ns	     39305	80008468	00ff3cb3	sltu	x25,x30,x15	 x30:0x00000000 x15:0xf9c13d14 x25=0x00000001
     393085.000 ns	     39307	8000846c	20318a53	fsgnj.s	f20,f3,f3	  f3:0x3f7fffae  f3:0x3f7fffae f20=0x3f7fffae
     393115.000 ns	     39310	80008470	a149a6d3	feq.s	x13,f19,f20	 f19:0x7fc00000 f20:0x7fc00000 x13=0x00000000
     393135.000 ns	     39312	80008474	00a13013	sltiu	x0,x2,10	  x2:0x820484e2
     393155.000 ns	     39314	80008478	03f43b33	mulhu	x22,x8,x31	  x8:0x80040fe4 x31:0x00000040 x22=0x00000020
     393175.000 ns	     39316	8000847c	c6682f93	slti	x31,x16,-922	 x16:0x00000001 x31=0x00000000
     393195.000 ns	     39318	80008480	219e18d3	fsgnjn.s	f17,f28,f25	 f28:0x80000000 f25:0x1f016050 f17=0x80000000
     393565.000 ns	     39355	80008484	031276b3	remu	x13,x4,x17	  x4:0x00000001 x17:0x00000024 x13=0x00000001
     393595.000 ns	     39358	80008488	a0c819d3	flt.s	x19,f16,f12	 f16:0x3f35042a f12:0x7fc00000 x19=0x00000000
     393625.000 ns	     39361	8000848c	c01ec953	fcvt.wu.s	x18,f29	 f29:0x3f7fffae x18=0x00000001
     393645.000 ns	     39363	80008490	0180a0b3	slt	x1,x1,x24	  x1:0x000004a3 x24:0xf8000000  x1=0x00000000
     393665.000 ns	     39365	80008494	e0090b53	fmv.x.w	x22,f18	 f18:0xca5ed2e4 x22=0xca5ed2e4
     393685.000 ns	     39367	80008498	157f6a97	auipc	x21,0x157f6	 x21=0x957fe498
     393725.000 ns	     39371	8000849c	08577053	fsub.s	f0,f14,f5	 f14:0x3f7fffae  f5:0x80000000  f0=0x3f7fffae
     393745.000 ns	     39373	800084a0	4098dbb3	sra	x23,x17,x9	 x17:0x00000024  x9:0x00000000 x23=0x00000024
     393755.000 ns	     39374	800084a4	67cf7693	andi	x13,x30,1660	 x30:0x00000000 x13=0x00000000
     393775.000 ns	     39376	800084a8	21df0c53	fsgnj.s	f24,f30,f29	 f30:0x00000000 f29:0x3f7fffae f24=0x00000000
     393795.000 ns	     39378	800084ac	412a8513	addi	x10,x21,1042	 x21:0x957fe498 x10=0x957fe8aa
     393805.000 ns	     39379	800084b0	40a65633	sra	x12,x12,x10	 x12:0x03e704f4 x10:0x00000000 x12=0x0000f9c1
     393815.000 ns	     39380	800084b4	01a4eab3	or	x21,x9,x26	  x9:0x00000000 x26:0x82048301 x21=0x82048301
     393835.000 ns	     39382	800084b8	03b61f33	mulh	x30,x12,x27	 x12:0x03e704f4 x27:0x7b883000 x30=0x00007884
     393855.000 ns	     39384	800084bc	0061fdb3	and	x27,x3,x6	  x3:0x00000000  x6:0x00000000 x27=0x00000000
     393875.000 ns	     39386	800084c0	214b28d3	fsgnjx.s	f17,f22,f20	 f22:0x00041024 f20:0x3f7fffae f17=0x00041024
     393895.000 ns	     39388	800084c4	01ea9f33	sll	x30,x21,x30	 x21:0x82048301 x30:0x00007884 x30=0x20483010
     393905.000 ns	     39389	800084c8	00d2d9b3	srl	x19,x5,x13	  x5:0x00000000 x13:0x00000000 x19=0x00000000
     393915.000 ns	     39390	800084cc	40dad913	srai	x18,x21,0xd	 x21:0x82048301 x18=0xfffc1024
     393935.000 ns	     39392	800084d0	21021d53	fsgnjn.s	f26,f4,f16	  f4:0x7fc00000 f16:0x3f35042a f26=0xffc00000
     393955.000 ns	     39394	800084d4	38763c13	sltiu	x24,x12,903	 x12:0x0000f9c1 x24=0x00000000
     393975.000 ns	     39396	800084d8	21a90653	fsgnj.s	f12,f18,f26	 f18:0xca5ed2e4 f26:0xffc00000 f12=0xca5ed2e4
     394015.000 ns	     39400	800084dc	10d479d3	fmul.s	f19,f8,f13	  f8:0x00000000 f13:0x56424000 f19=0x00000000
     394035.000 ns	     39402	800084e0	99cea913	slti	x18,x29,-1636	 x29:0xfffffa03 x18=0x00000000
     394055.000 ns	     39404	800084e4	a1cea253	feq.s	x4,f29,f28	 f29:0x3f7fffae f28:0x80000000  x4=0x00000000
     394075.000 ns	     39406	800084e8	01611f13	slli	x30,x2,0x16	  x2:0x820484e2 x30=0x38800000
     394085.000 ns	     39407	800084ec	0175fa33	and	x20,x11,x23	 x11:0x80041024 x23:0x00000024 x20=0x00000024
     394115.000 ns	     39410	800084f0	19ff7fd3	fdiv.s	f31,f30,f31	 f30:0x00000000 f31:0x7fc00000 f31=0x7fc00000
     394485.000 ns	     39447	800084f4	02ff59b3	divu	x19,x30,x15	 x30:0x38800000 x15:0xf9c13d14 x19=0x00000000
     394505.000 ns	     39449	800084f8	e2528213	addi	x4,x5,-475	  x5:0x00000000  x4=0xfffffe25
     394515.000 ns	     39450	800084fc	00ab8e33	add	x28,x23,x10	 x23:0x00000024 x10:0x957fe8aa x28=0x957fe8ce
     394525.000 ns	     39451	80008500	0034e2b3	or	x5,x9,x3	  x9:0x00000000  x3:0x00000000  x5=0x00000000
     394545.000 ns	     39453	80008504	03873eb3	mulhu	x29,x14,x24	 x14:0x00000001 x24:0x00000000 x29=0x00000000
     394565.000 ns	     39455	80008508	2d962913	slti	x18,x12,729	 x12:0x0000f9c1 x18=0x00000000
     394575.000 ns	     39456	8000850c	00b261b3	or	x3,x4,x11	  x4:0xfffffe25 x11:0x80041024  x3=0xfffffe25
     394585.000 ns	     39457	80008510	8bda7f93	andi	x31,x20,-1859	 x20:0x00000024 x31=0x00000024
     394595.000 ns	     39458	80008514	01197db3	and	x27,x18,x17	 x18:0x00000000 x17:0x00000024 x27=0x00000000
     394605.000 ns	     39459	80008518	7678a913	slti	x18,x17,1895	 x17:0x00000024 x18=0x00000001
     394625.000 ns	     39461	8000851c	c01df0d3	fcvt.wu.s	x1,f27	 f27:0x4efff7df  x1=0x7ffbef80
     394655.000 ns	     39464	80008520	d00ac3d3	fcvt.s.w	f7,x21	 x21:0x82048301  f7=0xcefbf6fa
     394675.000 ns	     39466	80008524	6950c617	auipc	x12,0x6950c	 x12=0xe9514524
     394695.000 ns	     39468	80008528	287f9dd3	fmax.s	f27,f31,f7	 f31:0x7fc00000  f7:0xcefbf6fa f27=0xcefbf6fa
     394725.000 ns	     39471	8000852c	f0088e53	fmv.w.x	f28,x17	 x17:0x00000024 f28=0x00000024
     394775.000 ns	     39476	80008530	09493cd3	fsub.s	f25,f18,f20	 f18:0xca5ed2e4 f20:0x3f7fffae f25=0xca5ed2e7
     394805.000 ns	     39479	80008534	280e04d3	fmin.s	f9,f28,f0	 f28:0x00000024  f0:0x3f7fffae  f9=0x00000024
     394845.000 ns	     39483	80008538	19b14f53	fdiv.s	f30,f2,f27	  f2:0xfffffb4a f27:0xcefbf6fa f30=0x7fc00000
     394865.000 ns	     39485	8000853c	41a68333	sub	x6,x13,x26	 x13:0x00000000 x26:0x82048301  x6=0x7dfb7cff
     394905.000 ns	     39489	80008540	09d2fbd3	fsub.s	f23,f5,f29	  f5:0x80000000 f29:0x3f7fffae f23=0xbf7fffae
     394935.000 ns	     39492	80008544	03962b33	mulhsu	x22,x12,x25	 x12:0xe9514524 x25:0x00000001 x22=0xffffffff
     394955.000 ns	     39494	80008548	b4263c13	sltiu	x24,x12,-1214	 x12:0xe9514524 x24=0x00000001
     394965.000 ns	     39495	8000854c	012e2d33	slt	x26,x28,x18	 x28:0x957fe8ce x18:0x00000001 x26=0x00000001
     394975.000 ns	     39496	80008550	cdf40113	addi	x2,x8,-801	  x8:0x80040fe4  x2=0x80040cc3
     394995.000 ns	     39498	80008554	03f889b3	mul	x19,x17,x31	 x17:0x00000024 x31:0x00000024 x19=0x00000510
     395015.000 ns	     39500	80008558	002c5633	srl	x12,x24,x2	 x24:0x00000001  x2:0x820484e2 x12=0x00000000
     395025.000 ns	     39501	8000855c	00000013	addi	x0,x0,0	  x0:0x00000000
     395045.000 ns	     39503	80008560	28740dd3	fmin.s	f27,f8,f7	  f8:0x00000000  f7:0xcefbf6fa f27=0xcefbf6fa
     395065.000 ns	     39505	80008564	014a0033	add	x0,x20,x20	 x20:0x00000024 x20:0x00000024
     395075.000 ns	     39506	80008568	29428a93	addi	x21,x5,660	  x5:0x00000000 x21=0x00000294
     395085.000 ns	     39507	8000856c	f96e3f93	sltiu	x31,x28,-106	 x28:0x957fe8ce x31=0x00000001
     395095.000 ns	     39508	80008570	2de46193	ori	x3,x8,734	  x8:0x80040fe4  x3=0x80040ffe
     395105.000 ns	     39509	80008574	010c2e33	slt	x28,x24,x16	 x24:0x00000001 x16:0x00000001 x28=0x00000000
     395125.000 ns	     39511	80008578	039b88b3	mul	x17,x23,x25	 x23:0x00000024 x25:0x00000001 x17=0x00000024
     395155.000 ns	     39514	8000857c	c00978d3	fcvt.w.s	x17,f18	 f18:0xca5ed2e4 x17=0x0037b4b9
     395175.000 ns	     39516	80008580	00899c93	slli	x25,x19,0x8	 x19:0x00000510 x25=0x00051000
     395205.000 ns	     39519	80008584	11beca53	fmul.s	f20,f29,f27	 f29:0x3f7fffae f27:0xcefbf6fa f20=0xcefbf6a9
     395255.000 ns	     39524	80008588	0817fcd3	fsub.s	f25,f15,f1	 f15:0x7fc00000  f1:0x00000000 f25=0x7fc00000
     395275.000 ns	     39526	8000858c	01d17033	and	x0,x2,x29	  x2:0x80040cc3 x29:0x00000000
     395295.000 ns	     39528	80008590	e00c0653	fmv.x.w	x12,f24	 f24:0x00000000 x12=0x00000000
     395325.000 ns	     39531	80008594	e0071253	fclass.s	x4,f14	 f14:0x3f7fffae  x4=0x00000040
     395355.000 ns	     39534	80008598	037a3133	mulhu	x2,x20,x23	 x20:0x00000024 x23:0x00000024  x2=0x00000000
     395395.000 ns	     39538	8000859c	10717b53	fmul.s	f22,f2,f7	  f2:0xfffffb4a  f7:0xcefbf6fa f22=0x7fc00000
     395765.000 ns	     39575	800085a0	023e42b3	div	x5,x28,x3	 x28:0x00000000  x3:0x80040ffe  x5=0x00000000
     395785.000 ns	     39577	800085a4	006478b3	and	x17,x8,x6	  x8:0x80040fe4  x6:0x7dfb7cff x17=0x00000ce4
     395795.000 ns	     39578	800085a8	0016dd13	srli	x26,x13,0x1	 x13:0x00000000 x26=0x00000000
     395815.000 ns	     39580	800085ac	21be2553	fsgnjx.s	f10,f28,f27	 f28:0x00000024 f27:0xcefbf6fa f10=0x80000024
     395855.000 ns	     39584	800085b0	5809f1d3	fsqrt.s	f3,f19	 f19:0x00000000  f3=0x00000000
     395885.000 ns	     39587	800085b4	03013633	mulhu	x12,x2,x16	  x2:0x00000000 x16:0x00000001 x12=0x00000000
     395915.000 ns	     39590	800085b8	e00e9953	fclass.s	x18,f29	 f29:0x3f7fffae x18=0x00000040
     395945.000 ns	     39593	800085bc	039aab33	mulhsu	x22,x21,x25	 x21:0x00000294 x25:0x00051000 x22=0x00000000
     395965.000 ns	     39595	800085c0	ae34ea17	auipc	x20,0xae34e	 x20=0x2e3565c0
     395985.000 ns	     39597	800085c4	281a97d3	fmax.s	f15,f21,f1	 f21:0x8f812e21  f1:0x00000000 f15=0x00000000
     396015.000 ns	     39600	800085c8	030e9a33	mulh	x20,x29,x16	 x29:0x00000000 x16:0x00000001 x20=0x00000000
     396045.000 ns	     39603	800085cc	20e49353	fsgnjn.s	f6,f9,f14	  f9:0x00000024 f14:0x3f7fffae  f6=0x80000024
     396075.000 ns	     39606	800085d0	e00201d3	fmv.x.w	x3,f4	  f4:0x7fc00000  x3=0x7fc00000
     396105.000 ns	     39609	800085d4	d01174d3	fcvt.s.wu	f9,x2	  x2:0x00000000  f9=0x00000000
     396125.000 ns	     39611	800085d8	00161713	slli	x14,x12,0x1	 x12:0x00000000 x14=0x00000000
     396155.000 ns	     39614	800085dc	199d24d3	fdiv.s	f9,f26,f25	 f26:0xffc00000 f25:0x7fc00000  f9=0x7fc00000
     396525.000 ns	     39651	800085e0	03274eb3	div	x29,x14,x18	 x14:0x00000001 x18:0x00000040 x29=0x00000000
     396565.000 ns	     39655	800085e4	5800f853	fsqrt.s	f16,f1	  f1:0x00000000 f16=0x00000000
     396595.000 ns	     39658	800085e8	d01ecf53	fcvt.s.wu	f30,x29	 x29:0x00000000 f30=0x00000000
     396625.000 ns	     39661	800085ec	03b19d33	mulh	x26,x3,x27	  x3:0x7fc00000 x27:0x00000000 x26=0x00000000
     396655.000 ns	     39664	800085f0	034f6633	rem	x12,x30,x20	 x30:0x38800000 x20:0x00000000 x12=0x38800000
     396675.000 ns	     39666	800085f4	0167bfb3	sltu	x31,x15,x22	 x15:0xf9c13d14 x22:0x00000000 x31=0x00000000
     396685.000 ns	     39667	800085f8	9f6b72b7	lui	x5,0x9f6b7	  x5=0x9f6b7000
     396715.000 ns	     39670	800085fc	580bfa53	fsqrt.s	f20,f23	 f23:0xbf7fffae f20=0x7fc00000
     396755.000 ns	     39674	80008600	11850753	fmul.s	f14,f10,f24	 f10:0x80000024 f24:0x00000000 f14=0x80000000
     396775.000 ns	     39676	80008604	00995d93	srli	x27,x18,0x9	 x18:0x00000040 x27=0x00000000
     396785.000 ns	     39677	80008608	00219cb3	sll	x25,x3,x2	  x3:0x7fc00000  x2:0x00000000 x25=0x7fc00000
     396805.000 ns	     39679	8000860c	e0068353	fmv.x.w	x6,f13	 f13:0x56424000  x6=0x56424000
     396825.000 ns	     39681	80008610	01f740b3	xor	x1,x14,x31	 x14:0x00000000 x31:0x00000000  x1=0x00000000
     396835.000 ns	     39682	80008614	01c3d933	srl	x18,x7,x28	  x7:0x96287000 x28:0x00000000 x18=0x96287000
     396855.000 ns	     39684	80008618	d00e2a53	fcvt.s.w	f20,x28	 x28:0x00000000 f20=0x00000000
     396875.000 ns	     39686	8000861c	3d579817	auipc	x16,0x3d579	 x16=0xbd58161c
     396895.000 ns	     39688	80008620	e00082d3	fmv.x.w	x5,f1	  f1:0x00000000  x5=0x00000000
     396915.000 ns	     39690	80008624	01d30633	add	x12,x6,x29	  x6:0x56424000 x29:0x00000000 x12=0x56424000
     396935.000 ns	     39692	80008628	03c992b3	mulh	x5,x19,x28	 x19:0x00000510 x28:0x00000000  x5=0x00000000
     396965.000 ns	     39695	8000862c	02fd2fb3	mulhsu	x31,x26,x15	 x26:0x00000000 x15:0xf9c13d14 x31=0x00000000
     396985.000 ns	     39697	80008630	006b16b3	sll	x13,x22,x6	 x22:0x00000000  x6:0x56424000 x13=0x00000000
     397315.000 ns	     39730	80008634	180903d3	fdiv.s	f7,f18,f0	 f18:0xca5ed2e4  f0:0x3f7fffae  f7=0xcaded27d
     397335.000 ns	     39732	80008638	01d00e33	add	x28,x0,x29	  x0:0x00000000 x29:0x00000000 x28=0x00000000
     397345.000 ns	     39733	8000863c	2b14e993	ori	x19,x9,689	  x9:0x00000000 x19=0x000002b1
     397365.000 ns	     39735	80008640	211b2ed3	fsgnjx.s	f29,f22,f17	 f22:0x7fc00000 f17:0x00041024 f29=0x7fc00000
     397395.000 ns	     39738	80008644	216d1353	fsgnjn.s	f6,f26,f22	 f26:0xffc00000 f22:0x7fc00000  f6=0xffc00000
     397425.000 ns	     39741	80008648	288b1d53	fmax.s	f26,f22,f8	 f22:0x7fc00000  f8:0x00000000 f26=0x00000000
     397455.000 ns	     39744	8000864c	28ef13d3	fmax.s	f7,f30,f14	 f30:0x00000000 f14:0x80000000  f7=0x00000000
     397475.000 ns	     39746	80008650	00000013	addi	x0,x0,0	  x0:0x00000000
     397485.000 ns	     39747	80008654	4092d113	srai	x2,x5,0x9	  x5:0x00000000  x2=0x00000000
     397525.000 ns	     39751	80008658	004ffdd3	fadd.s	f27,f31,f4	 f31:0x7fc00000  f4:0x7fc00000 f27=0x7fc00000
     397555.000 ns	     39754	8000865c	02190db3	mul	x27,x18,x1	 x18:0x96287000  x1:0x00000000 x27=0x00000000
     397585.000 ns	     39757	80008660	f0080d53	fmv.w.x	f26,x16	 x16:0xbd58161c f26=0xbd58161c
     397615.000 ns	     39760	80008664	a17e98d3	flt.s	x17,f29,f23	 f29:0x7fc00000 f23:0xbf7fffae x17=0x00000000
     397645.000 ns	     39763	80008668	a1de1553	flt.s	x10,f28,f29	 f28:0x00000024 f29:0x7fc00000 x10=0x00000000
     397665.000 ns	     39765	8000866c	0114f033	and	x0,x9,x17	  x9:0x00000000 x17:0x00000000
     397675.000 ns	     39766	80008670	00231d33	sll	x26,x6,x2	  x6:0x56424000  x2:0x00000000 x26=0x56424000
     397695.000 ns	     39768	80008674	c00af653	fcvt.w.s	x12,f21	 f21:0x8f812e21 x12=0x00000000
     398065.000 ns	     39805	80008678	0325c8b3	div	x17,x11,x18	 x11:0x80041024 x18:0x96287000 x17=0x00000001
     398085.000 ns	     39807	8000867c	b1f6e013	ori	x0,x13,-1249	 x13:0x00000000
     398095.000 ns	     39808	80008680	8165ea13	ori	x20,x11,-2026	 x11:0x80041024 x20=0xfffff836
     398105.000 ns	     39809	80008684	41a1d693	srai	x13,x3,0x1a	  x3:0x7fc00000 x13=0x0000001f
     398125.000 ns	     39811	80008688	d004f6d3	fcvt.s.w	f13,x9	  x9:0x00000000 f13=0x00000000
     398175.000 ns	     39816	8000868c	010c7753	fadd.s	f14,f24,f16	 f24:0x00000000 f16:0x00000000 f14=0x00000000
     398205.000 ns	     39819	80008690	023391b3	mulh	x3,x7,x3	  x7:0x96287000  x3:0x7fc00000  x3=0xcb2eade4
     398225.000 ns	     39821	80008694	00699d33	sll	x26,x19,x6	 x19:0x000002b1  x6:0x56424000 x26=0x000002b1
     398235.000 ns	     39822	80008698	01af23b3	slt	x7,x30,x26	 x30:0x38800000 x26:0x56424000  x7=0x00000000
     398245.000 ns	     39823	8000869c	00304533	xor	x10,x0,x3	  x0:0x00000000  x3:0xcb2eade4 x10=0xcb2eade4
     398265.000 ns	     39825	800086a0	035993b3	mulh	x7,x19,x21	 x19:0x000002b1 x21:0x00000294  x7=0x00000000
     398295.000 ns	     39828	800086a4	a1f70653	fle.s	x12,f14,f31	 f14:0x00000000 f31:0x7fc00000 x12=0x00000000
     398345.000 ns	     39833	800086a8	0890fb53	fsub.s	f22,f1,f9	  f1:0x00000000  f9:0x7fc00000 f22=0x7fc00000
     398375.000 ns	     39836	800086ac	d00fbf53	fcvt.s.w	f30,x31	 x31:0x00000000 f30=0x00000000
     398405.000 ns	     39839	800086b0	286686d3	fmin.s	f13,f13,f6	 f13:0x00000000  f6:0xffc00000 f13=0x00000000
     398425.000 ns	     39841	800086b4	40ec02b3	sub	x5,x24,x14	 x24:0x00000001 x14:0x00000000  x5=0x00000001
     398435.000 ns	     39842	800086b8	006b99b3	sll	x19,x23,x6	 x23:0x00000024  x6:0x56424000 x19=0x00000024
     398475.000 ns	     39846	800086bc	007df053	fadd.s	f0,f27,f7	 f27:0x7fc00000  f7:0x00000000  f0=0x7fc00000
     398495.000 ns	     39848	800086c0	0127f1b3	and	x3,x15,x18	 x15:0xf9c13d14 x18:0x96287000  x3=0x90003000
     398855.000 ns	     39884	800086c4	03324b33	div	x22,x4,x19	  x4:0x00000040 x19:0x00000024 x22=0x00000001
     398875.000 ns	     39886	800086c8	40b15133	sra	x2,x2,x11	  x2:0x00000000 x11:0x80041024  x2=0x00000000
     398895.000 ns	     39888	800086cc	03513ab3	mulhu	x21,x2,x21	  x2:0x00000000 x21:0x00000294 x21=0x00000000
     398925.000 ns	     39891	800086d0	022569b3	rem	x19,x10,x2	 x10:0xcb2eade4  x2:0x00000000 x19=0xcb2eade4
     398965.000 ns	     39895	800086d4	109bfc53	fmul.s	f24,f23,f9	 f23:0xbf7fffae  f9:0x7fc00000 f24=0x7fc00000
     398995.000 ns	     39898	800086d8	28629ed3	fmax.s	f29,f5,f6	  f5:0x80000000  f6:0xffc00000 f29=0x80000000
     399015.000 ns	     39900	800086dc	fd31eb13	ori	x22,x3,-45	  x3:0x90003000 x22=0xffffffd3
     399025.000 ns	     39901	800086e0	40005db3	sra	x27,x0,x0	  x0:0x00000000  x0:0x00000000 x27=0x00000000
     399045.000 ns	     39903	800086e4	a05682d3	fle.s	x5,f13,f5	 f13:0x00000000  f5:0x80000000  x5=0x00000001
     399415.000 ns	     39940	800086e8	039debb3	rem	x23,x27,x25	 x27:0x00000000 x25:0x7fc00000 x23=0x00000000
     399445.000 ns	     39943	800086ec	29ab9e53	fmax.s	f28,f23,f26	 f23:0xbf7fffae f26:0xbd58161c f28=0xbd58161c
     399475.000 ns	     39946	800086f0	034496b3	mulh	x13,x9,x20	  x9:0x00000000 x20:0xfffff836 x13=0x00000000
     399505.000 ns	     39949	800086f4	021fd233	divu	x4,x31,x1	 x31:0x00000000  x1:0x00000000  x4=0xffffffff
     399545.000 ns	     39953	800086f8	1966f253	fdiv.s	f4,f13,f22	 f13:0x00000000 f22:0x7fc00000  f4=0x7fc00000
     399575.000 ns	     39956	800086fc	0200ce33	div	x28,x1,x0	  x1:0x00000000  x0:0x00000000 x28=0xffffffff
     399595.000 ns	     39958	80008700	006f7533	and	x10,x30,x6	 x30:0x38800000  x6:0x56424000 x10=0x10000000
     399605.000 ns	     39959	80008704	7c4b7093	andi	x1,x22,1988	 x22:0xffffffd3  x1=0x000007c0
     399625.000 ns	     39961	80008708	a0c60153	fle.s	x2,f12,f12	 f12:0xca5ed2e4 f12:0xca5ed2e4  x2=0x00000001
     399655.000 ns	     39964	8000870c	03d469b3	rem	x19,x8,x29	  x8:0x80040fe4 x29:0x00000000 x19=0x80040fe4
     399675.000 ns	     39966	80008710	01339913	slli	x18,x7,0x13	  x7:0x00000000 x18=0x00000000
     399685.000 ns	     39967	80008714	cbc76093	ori	x1,x14,-836	 x14:0x00000000  x1=0xfffffcbc
     399705.000 ns	     39969	80008718	c00ef353	fcvt.w.s	x6,f29	 f29:0x80000000  x6=0x00000000
     399725.000 ns	     39971	8000871c	af4e4e93	xori	x29,x28,-1292	 x28:0xffffffff x29=0x0000050b
     399745.000 ns	     39973	80008720	d001a2d3	fcvt.s.w	f5,x3	  x3:0x90003000  f5=0xcedfffa0
     399775.000 ns	     39976	80008724	21c0ab53	fsgnjx.s	f22,f1,f28	  f1:0x00000000 f28:0xbd58161c f22=0x80000000
     400145.000 ns	     40013	80008728	03c5c633	div	x12,x11,x28	 x11:0x80041024 x28:0xffffffff x12=0x7ffbefdc
     400165.000 ns	     40015	8000872c	00634eb3	xor	x29,x6,x6	  x6:0x00000000  x6:0x00000000 x29=0x00000000
     400175.000 ns	     40016	80008730	01bc99b3	sll	x19,x25,x27	 x25:0x7fc00000 x27:0x00000000 x19=0x7fc00000
     400195.000 ns	     40018	80008734	28908cd3	fmin.s	f25,f1,f9	  f1:0x00000000  f9:0x7fc00000 f25=0x00000000
     400215.000 ns	     40020	80008738	01205893	srli	x17,x0,0x12	  x0:0x00000000 x17=0x00000000
     400225.000 ns	     40021	8000873c	f3d9dfb7	lui	x31,0xf3d9d	 x31=0xf3d9d000
     400255.000 ns	     40024	80008740	1885f4d3	fdiv.s	f9,f11,f8	 f11:0x00000000  f8:0x00000000  f9=0x7fc00000
     400285.000 ns	     40027	80008744	02652033	mulhsu	x0,x10,x6	 x10:0x10000000  x6:0x00000000
     400325.000 ns	     40031	80008748	58097e53	fsqrt.s	f28,f18	 f18:0xca5ed2e4 f28=0x7fc00000
     400345.000 ns	     40033	8000874c	00b908b3	add	x17,x18,x11	 x18:0x00000000 x11:0x80041024 x17=0x80041024
     400705.000 ns	     40069	80008750	0386e1b3	rem	x3,x13,x24	 x13:0x00000000 x24:0x00000001  x3=0x00000000
     400725.000 ns	     40071	80008754	01a6e833	or	x16,x13,x26	 x13:0x00000000 x26:0x000002b1 x16=0x000002b1
     400735.000 ns	     40072	80008758	00363833	sltu	x16,x12,x3	 x12:0x7ffbefdc  x3:0x00000000 x16=0x00000000
     400755.000 ns	     40074	8000875c	022c2633	mulhsu	x12,x24,x2	 x24:0x00000001  x2:0x00000001 x12=0x00000000
     400785.000 ns	     40077	80008760	d01302d3	fcvt.s.wu	f5,x6	  x6:0x00000000  f5=0x00000000
     400825.000 ns	     40081	80008764	5803abd3	fsqrt.s	f23,f7	  f7:0x00000000 f23=0x00000000
     400845.000 ns	     40083	80008768	2d12ecb7	lui	x25,0x2d12e	 x25=0x2d12e000
     400855.000 ns	     40084	8000876c	00bb9d33	sll	x26,x23,x11	 x23:0x00000000 x11:0x80041024 x26=0x00000000
     400875.000 ns	     40086	80008770	d01d0353	fcvt.s.wu	f6,x26	 x26:0x000002b1  f6=0x00000000
     401245.000 ns	     40123	80008774	031dccb3	div	x25,x27,x17	 x27:0x00000000 x17:0x80041024 x25=0x00000000
     401265.000 ns	     40125	80008778	000a4c33	xor	x24,x20,x0	 x20:0xfffff836  x0:0x00000000 x24=0xfffff836
     401285.000 ns	     40127	8000877c	e0040553	fmv.x.w	x10,f8	  f8:0x00000000 x10=0x00000000
     401655.000 ns	     40164	80008780	02b7c0b3	div	x1,x15,x11	 x15:0xf9c13d14 x11:0x80041024  x1=0x00000000
     401685.000 ns	     40167	80008784	a19a2bd3	feq.s	x23,f20,f25	 f20:0x00000000 f25:0x00000000 x23=0x00000001
     401715.000 ns	     40170	80008788	039ca333	mulhsu	x6,x25,x25	 x25:0x00000000 x25:0x00000000  x6=0x00000000
     401745.000 ns	     40173	8000878c	28ca0e53	fmin.s	f28,f20,f12	 f20:0x00000000 f12:0xca5ed2e4 f28=0xca5ed2e4
     401765.000 ns	     40175	80008790	0165eeb3	or	x29,x11,x22	 x11:0x80041024 x22:0xffffffd3 x29=0xfffffff7
     401775.000 ns	     40176	80008794	2fb62613	slti	x12,x12,763	 x12:0x00000000 x12=0x00000001
     401785.000 ns	     40177	80008798	4dcd7d17	auipc	x26,0x4dcd7	 x26=0xcdcdf798
     401795.000 ns	     40178	8000879c	012d1c13	slli	x24,x26,0x12	 x26:0x00000000 x24=0xde600000
     401805.000 ns	     40179	800087a0	01cc5a13	srli	x20,x24,0x1c	 x24:0xfffff836 x20=0x0000000d
     401815.000 ns	     40180	800087a4	414186b3	sub	x13,x3,x20	  x3:0x00000000 x20:0xfffff836 x13=0xfffffff3
     401835.000 ns	     40182	800087a8	a0282853	feq.s	x16,f16,f2	 f16:0x00000000  f2:0xfffffb4a x16=0x00000000
     401865.000 ns	     40185	800087ac	290187d3	fmin.s	f15,f3,f16	  f3:0x00000000 f16:0x00000000 f15=0x00000000
     401895.000 ns	     40188	800087b0	c01af153	fcvt.wu.s	x2,f21	 f21:0x8f812e21  x2=0x00000000
     401925.000 ns	     40191	800087b4	f00e0c53	fmv.w.x	f24,x28	 x28:0xffffffff f24=0xffffffff
     402295.000 ns	     40228	800087b8	037a5c33	divu	x24,x20,x23	 x20:0x0000000d x23:0x00000001 x24=0x0000000d
     402315.000 ns	     40230	800087bc	8f9c1517	auipc	x10,0x8f9c1	 x10=0x0f9c97bc
     402335.000 ns	     40232	800087c0	e0090153	fmv.x.w	x2,f18	 f18:0xca5ed2e4  x2=0xca5ed2e4
     402355.000 ns	     40234	800087c4	396be713	ori	x14,x23,918	 x23:0x00000001 x14=0x00000397
     402365.000 ns	     40235	800087c8	fe6f8713	addi	x14,x31,-26	 x31:0xf3d9d000 x14=0xf3d9cfe6
     402385.000 ns	     40237	800087cc	02c4a8b3	mulhsu	x17,x9,x12	  x9:0x00000000 x12:0x00000001 x17=0x00000000
     402415.000 ns	     40240	800087d0	034a0133	mul	x2,x20,x20	 x20:0x0000000d x20:0x0000000d  x2=0x000000a9
     402435.000 ns	     40242	800087d4	cd5ca013	slti	x0,x25,-811	 x25:0x00000000
     402455.000 ns	     40244	800087d8	e00914d3	fclass.s	x9,f18	 f18:0xca5ed2e4  x9=0x00000002
     402485.000 ns	     40247	800087dc	d0177d53	fcvt.s.wu	f26,x14	 x14:0xf3d9cfe6 f26=0x4f73d9cf
     402505.000 ns	     40249	800087e0	00fee4b3	or	x9,x29,x15	 x29:0xfffffff7 x15:0xf9c13d14  x9=0xfffffff7
     402515.000 ns	     40250	800087e4	48cacf93	xori	x31,x21,1164	 x21:0x00000000 x31=0x0000048c
     402525.000 ns	     40251	800087e8	012c1493	slli	x9,x24,0x12	 x24:0x0000000d  x9=0x00340000
     402535.000 ns	     40252	800087ec	319eb113	sltiu	x2,x29,793	 x29:0xfffffff7  x2=0x00000000
     402545.000 ns	     40253	800087f0	00000013	addi	x0,x0,0	  x0:0x00000000
     402905.000 ns	     40289	800087f4	0241e633	rem	x12,x3,x4	  x3:0x00000000  x4:0xffffffff x12=0x00000000
     402935.000 ns	     40292	800087f8	a13e2ad3	feq.s	x21,f28,f19	 f28:0xca5ed2e4 f19:0x00000000 x21=0x00000000
     402965.000 ns	     40295	800087fc	21a01fd3	fsgnjn.s	f31,f0,f26	  f0:0x7fc00000 f26:0x4f73d9cf f31=0xffc00000
     403015.000 ns	     40300	80008800	0947f5d3	fsub.s	f11,f15,f20	 f15:0x00000000 f20:0x00000000 f11=0x80000000
     403035.000 ns	     40302	80008804	0aa730b7	lui	x1,0xaa73	  x1=0x0aa73000
     403045.000 ns	     40303	80008808	5add0897	auipc	x17,0x5add0	 x17=0xdadd8808
     403055.000 ns	     40304	8000880c	01608e33	add	x28,x1,x22	  x1:0x00000000 x22:0xffffffd3 x28=0x0aa72fd3
     403075.000 ns	     40306	80008810	03215d33	divu	x26,x2,x18	  x2:0x00000000 x18:0x00000000 x26=0xffffffff
     403095.000 ns	     40308	80008814	0148fa33	and	x20,x17,x20	 x17:0xdadd8808 x20:0x0000000d x20=0x00000008
     403105.000 ns	     40309	80008818	d17b6eb7	lui	x29,0xd17b6	 x29=0xd17b6000
     403115.000 ns	     40310	8000881c	415e5bb3	sra	x23,x28,x21	 x28:0x0aa72fd3 x21:0x00000000 x23=0x0aa72fd3
     403135.000 ns	     40312	80008820	20f30cd3	fsgnj.s	f25,f6,f15	  f6:0x00000000 f15:0x00000000 f25=0x00000000
     403165.000 ns	     40315	80008824	28cb0853	fmin.s	f16,f22,f12	 f22:0x80000000 f12:0xca5ed2e4 f16=0xca5ed2e4
     403215.000 ns	     40320	80008828	08ea90d3	fsub.s	f1,f21,f14	 f21:0x8f812e21 f14:0x00000000  f1=0x8f812e21
     403235.000 ns	     40322	8000882c	012f1933	sll	x18,x30,x18	 x30:0x38800000 x18:0x00000000 x18=0x38800000
     403255.000 ns	     40324	80008830	d01df9d3	fcvt.s.wu	f19,x27	 x27:0x00000000 f19=0x00000000
     403275.000 ns	     40326	80008834	00a99733	sll	x14,x19,x10	 x19:0x7fc00000 x10:0x0f9c97bc x14=0x00000000
     403295.000 ns	     40328	80008838	213b9253	fsgnjn.s	f4,f23,f19	 f23:0x00000000 f19:0x00000000  f4=0x80000000
     403325.000 ns	     40331	8000883c	02df1d33	mulh	x26,x30,x13	 x30:0x38800000 x13:0xfffffff3 x26=0xfffffffd
     403365.000 ns	     40335	80008840	19a490d3	fdiv.s	f1,f9,f26	  f9:0x7fc00000 f26:0x4f73d9cf  f1=0x7fc00000
     403395.000 ns	     40338	80008844	a16da153	feq.s	x2,f27,f22	 f27:0x7fc00000 f22:0x80000000  x2=0x00000000
     403415.000 ns	     40340	80008848	27a60097	auipc	x1,0x27a60	  x1=0xa7a68848
     403435.000 ns	     40342	8000884c	026bfd33	remu	x26,x23,x6	 x23:0x0aa72fd3  x6:0x00000000 x26=0x0aa72fd3
     403465.000 ns	     40345	80008850	0394cd33	div	x26,x9,x25	  x9:0x00340000 x25:0x00000000 x26=0xffffffff
     403495.000 ns	     40348	80008854	d00182d3	fcvt.s.w	f5,x3	  x3:0x00000000  f5=0x00000000
     403535.000 ns	     40352	80008858	1015a153	fmul.s	f2,f11,f1	 f11:0x80000000  f1:0x7fc00000  f2=0x7fc00000
     403555.000 ns	     40354	8000885c	710d8293	addi	x5,x27,1808	 x27:0x00000000  x5=0x00000710
     403575.000 ns	     40356	80008860	e00982d3	fmv.x.w	x5,f19	 f19:0x00000000  x5=0x00000000
     403945.000 ns	     40393	80008864	03aecbb3	div	x23,x29,x26	 x29:0xd17b6000 x26:0xffffffff x23=0x2e84a000
     403965.000 ns	     40395	80008868	00d40133	add	x2,x8,x13	  x8:0x80040fe4 x13:0xfffffff3  x2=0x80040fd7
     403975.000 ns	     40396	8000886c	41bed993	srai	x19,x29,0x1b	 x29:0xd17b6000 x19=0xfffffffa
     403995.000 ns	     40398	80008870	026696b3	mulh	x13,x13,x6	 x13:0xfffffff3  x6:0x00000000 x13=0x00000000
     404045.000 ns	     40403	80008874	0146f7d3	fadd.s	f15,f13,f20	 f13:0x00000000 f20:0x00000000 f15=0x00000000
     404065.000 ns	     40405	80008878	010abeb3	sltu	x29,x21,x16	 x21:0x00000000 x16:0x00000000 x29=0x00000000
     404075.000 ns	     40406	8000887c	01fe9f93	slli	x31,x29,0x1f	 x29:0xd17b6000 x31=0x00000000
     404095.000 ns	     40408	80008880	0275aa33	mulhsu	x20,x11,x7	 x11:0x80041024  x7:0x00000000 x20=0x00000000
     404135.000 ns	     40412	80008884	580b0453	fsqrt.s	f8,f22	 f22:0x80000000  f8=0x80000000
     404165.000 ns	     40415	80008888	20aa8ed3	fsgnj.s	f29,f21,f10	 f21:0x8f812e21 f10:0x80000024 f29=0x8f812e21
     404195.000 ns	     40418	8000888c	02f49db3	mulh	x27,x9,x15	  x9:0x00340000 x15:0xf9c13d14 x27=0xfffebb40
     404225.000 ns	     40421	80008890	c01ef153	fcvt.wu.s	x2,f29	 f29:0x8f812e21  x2=0x00000000
     404245.000 ns	     40423	80008894	001dd6b3	srl	x13,x27,x1	 x27:0xfffebb40  x1:0xa7a68848 x13=0x00fffebb
     404255.000 ns	     40424	80008898	417dd693	srai	x13,x27,0x17	 x27:0xfffebb40 x13=0xffffffff
     404275.000 ns	     40426	8000889c	a1e401d3	fle.s	x3,f8,f30	  f8:0x80000000 f30:0x00000000  x3=0x00000001
     404295.000 ns	     40428	800088a0	8c696f93	ori	x31,x18,-1850	 x18:0x38800000 x31=0xfffff8c6
     404305.000 ns	     40429	800088a4	00509b13	slli	x22,x1,0x5	  x1:0xa7a68848 x22=0xf4d10900
     404325.000 ns	     40431	800088a8	f00f0853	fmv.w.x	f16,x30	 x30:0x38800000 f16=0x38800000
     404355.000 ns	     40434	800088ac	025b3633	mulhu	x12,x22,x5	 x22:0xffffffd3  x5:0x00000000 x12=0x00000000
     404385.000 ns	     40437	800088b0	d01244d3	fcvt.s.wu	f9,x4	  x4:0xffffffff  f9=0x4f800000
     404405.000 ns	     40439	800088b4	01a67ab3	and	x21,x12,x26	 x12:0x00000000 x26:0xffffffff x21=0x00000000
     404425.000 ns	     40441	800088b8	21ad8353	fsgnj.s	f6,f27,f26	 f27:0x7fc00000 f26:0x4f73d9cf  f6=0x7fc00000
     404455.000 ns	     40444	800088bc	28c69e53	fmax.s	f28,f13,f12	 f13:0x00000000 f12:0xca5ed2e4 f28=0x00000000
     404475.000 ns	     40446	800088c0	41f95613	srai	x12,x18,0x1f	 x18:0x38800000 x12=0x00000000
     404485.000 ns	     40447	800088c4	011a7a33	and	x20,x20,x17	 x20:0x00000000 x17:0xdadd8808 x20=0x00000000
     404495.000 ns	     40448	800088c8	e6cdab93	slti	x23,x27,-404	 x27:0xfffebb40 x23=0x00000001
     404505.000 ns	     40449	800088cc	001f2fb3	slt	x31,x30,x1	 x30:0x38800000  x1:0xa7a68848 x31=0x00000000
     404515.000 ns	     40450	800088d0	01462f33	slt	x30,x12,x20	 x12:0x00000000 x20:0x00000000 x30=0x00000000
     404535.000 ns	     40452	800088d4	c00b99d3	fcvt.w.s	x19,f23	 f23:0x00000000 x19=0x00000000
     404555.000 ns	     40454	800088d8	9c4ec893	xori	x17,x29,-1596	 x29:0x00000000 x17=0xfffff9c4
     404585.000 ns	     40457	800088dc	19031553	fdiv.s	f10,f6,f16	  f6:0x7fc00000 f16:0x38800000 f10=0x7fc00000
     404605.000 ns	     40459	800088e0	41c45c93	srai	x25,x8,0x1c	  x8:0x80040fe4 x25=0xfffffff8
     404625.000 ns	     40461	800088e4	03809633	mulh	x12,x1,x24	  x1:0xa7a68848 x24:0x0000000d x12=0xfffffffb
     404655.000 ns	     40464	800088e8	f00a8253	fmv.w.x	f4,x21	 x21:0x00000000  f4=0x00000000
     404675.000 ns	     40466	800088ec	890a6893	ori	x17,x20,-1904	 x20:0x00000000 x17=0xfffff890
     404685.000 ns	     40467	800088f0	63a2ad97	auipc	x27,0x63a2a	 x27=0xe3a328f0
     404705.000 ns	     40469	800088f4	d009a1d3	fcvt.s.w	f3,x19	 x19:0x00000000  f3=0x00000000
     404725.000 ns	     40471	800088f8	d1f52213	slti	x4,x10,-737	 x10:0x0f9c97bc  x4=0x00000000
     404755.000 ns	     40474	800088fc	102bfcd3	fmul.s	f25,f23,f2	 f23:0x00000000  f2:0x7fc00000 f25=0x7fc00000
     404785.000 ns	     40477	80008900	20a725d3	fsgnjx.s	f11,f14,f10	 f14:0x00000000 f10:0x7fc00000 f11=0x00000000
     404815.000 ns	     40480	80008904	d0153f53	fcvt.s.wu	f30,x10	 x10:0x0f9c97bc f30=0x4d79c97c
     404835.000 ns	     40482	80008908	010e5fb3	srl	x31,x28,x16	 x28:0x0aa72fd3 x16:0x00000000 x31=0x0aa72fd3
     404845.000 ns	     40483	8000890c	40a2d913	srai	x18,x5,0xa	  x5:0x00000000 x18=0x00000000
     404885.000 ns	     40487	80008910	002ccfd3	fadd.s	f31,f25,f2	 f25:0x7fc00000  f2:0x7fc00000 f31=0x7fc00000
     404935.000 ns	     40492	80008914	09b27653	fsub.s	f12,f4,f27	  f4:0x00000000 f27:0x7fc00000 f12=0x7fc00000
     404965.000 ns	     40495	80008918	0374bc33	mulhu	x24,x9,x23	  x9:0x00340000 x23:0x00000001 x24=0x00000000
     405005.000 ns	     40499	8000891c	580efcd3	fsqrt.s	f25,f29	 f29:0x8f812e21 f25=0x7fc00000
     405025.000 ns	     40501	80008920	00ca1d13	slli	x26,x20,0xc	 x20:0x00000000 x26=0x00000000
     405035.000 ns	     40502	80008924	000cedb3	or	x27,x25,x0	 x25:0xfffffff8  x0:0x00000000 x27=0xfffffff8
     405045.000 ns	     40503	80008928	00d57533	and	x10,x10,x13	 x10:0x0f9c97bc x13:0xffffffff x10=0x0f9c97bc
     405065.000 ns	     40505	8000892c	d019f6d3	fcvt.s.wu	f13,x19	 x19:0x00000000 f13=0x00000000
     405115.000 ns	     40510	80008930	096b7bd3	fsub.s	f23,f22,f22	 f22:0x80000000 f22:0x80000000 f23=0x00000000
     405145.000 ns	     40513	80008934	a0bd0653	fle.s	x12,f26,f11	 f26:0x4f73d9cf f11:0x00000000 x12=0x00000000
     405165.000 ns	     40515	80008938	01bf9633	sll	x12,x31,x27	 x31:0x0aa72fd3 x27:0xfffffff8 x12=0xd3000000
     405185.000 ns	     40517	8000893c	c005c6d3	fcvt.w.s	x13,f11	 f11:0x00000000 x13=0x00000000
     405205.000 ns	     40519	80008940	015d6533	or	x10,x26,x21	 x26:0x00000000 x21:0x00000000 x10=0x00000000
     405215.000 ns	     40520	80008944	00000013	addi	x0,x0,0	  x0:0x00000000
     405575.000 ns	     40556	80008948	028ef9b3	remu	x19,x29,x8	 x29:0x00000000  x8:0x80040fe4 x19=0x00000000
     405605.000 ns	     40559	8000894c	f0050d53	fmv.w.x	f26,x10	 x10:0x00000000 f26=0x00000000
     405635.000 ns	     40562	80008950	02714533	div	x10,x2,x7	  x2:0x00000000  x7:0x00000000 x10=0xffffffff
     405675.000 ns	     40566	80008954	117e7b53	fmul.s	f22,f28,f23	 f28:0x00000000 f23:0x00000000 f22=0x00000000
     405705.000 ns	     40569	80008958	037083b3	mul	x7,x1,x23	  x1:0xa7a68848 x23:0x00000001  x7=0xa7a68848
     405725.000 ns	     40571	8000895c	ecbe3113	sltiu	x2,x28,-309	 x28:0x0aa72fd3  x2=0x00000001
     405745.000 ns	     40573	80008960	a0b69cd3	flt.s	x25,f13,f11	 f13:0x00000000 f11:0x00000000 x25=0x00000000
     405795.000 ns	     40578	80008964	0900bbd3	fsub.s	f23,f1,f16	  f1:0x7fc00000 f16:0x38800000 f23=0x7fc00000
     405815.000 ns	     40580	80008968	01a04233	xor	x4,x0,x26	  x0:0x00000000 x26:0x00000000  x4=0x00000000
     405825.000 ns	     40581	8000896c	59697397	auipc	x7,0x59697	  x7=0xd969f96c
     405835.000 ns	     40582	80008970	019d52b3	srl	x5,x26,x25	 x26:0x00000000 x25:0x00000000  x5=0x00000000
     405845.000 ns	     40583	80008974	00549b13	slli	x22,x9,0x5	  x9:0x00340000 x22=0x06800000
     405865.000 ns	     40585	80008978	291b1b53	fmax.s	f22,f22,f17	 f22:0x00000000 f17:0x00041024 f22=0x00041024
     405895.000 ns	     40588	8000897c	a1509753	flt.s	x14,f1,f21	  f1:0x7fc00000 f21:0x8f812e21 x14=0x00000000
     406265.000 ns	     40625	80008980	023368b3	rem	x17,x6,x3	  x6:0x00000000  x3:0x00000001 x17=0x00000000
     406635.000 ns	     40662	80008984	02b974b3	remu	x9,x18,x11	 x18:0x00000000 x11:0x80041024  x9=0x00000000
     406655.000 ns	     40664	80008988	001528b3	slt	x17,x10,x1	 x10:0xffffffff  x1:0xa7a68848 x17=0x00000000
     406665.000 ns	     40665	8000898c	77198c93	addi	x25,x19,1905	 x19:0x00000000 x25=0x00000771
     406675.000 ns	     40666	80008990	019c5733	srl	x14,x24,x25	 x24:0x00000000 x25:0x00000000 x14=0x00000000
     406715.000 ns	     40670	80008994	0152f3d3	fadd.s	f7,f5,f21	  f5:0x00000000 f21:0x8f812e21  f7=0x8f812e21
     406735.000 ns	     40672	80008998	d501b393	sltiu	x7,x3,-688	  x3:0x00000001  x7=0x00000001
     406745.000 ns	     40673	8000899c	0143b4b3	sltu	x9,x7,x20	  x7:0xd969f96c x20:0x00000000  x9=0x00000000
     406765.000 ns	     40675	800089a0	28810f53	fmin.s	f30,f2,f8	  f2:0x7fc00000  f8:0x80000000 f30=0x80000000
     406785.000 ns	     40677	800089a4	00b49b93	slli	x23,x9,0xb	  x9:0x00000000 x23=0x00000000
     406795.000 ns	     40678	800089a8	412008b3	sub	x17,x0,x18	  x0:0x00000000 x18:0x00000000 x17=0x00000000
     406805.000 ns	     40679	800089ac	40828633	sub	x12,x5,x8	  x5:0x00000000  x8:0x80040fe4 x12=0x7ffbf01c
     406815.000 ns	     40680	800089b0	00e9cab3	xor	x21,x19,x14	 x19:0x00000000 x14:0x00000000 x21=0x00000000
     406835.000 ns	     40682	800089b4	d00c9a53	fcvt.s.w	f20,x25	 x25:0x00000771 f20=0x44ee2000
     406855.000 ns	     40684	800089b8	404150b3	sra	x1,x2,x4	  x2:0x00000001  x4:0x00000000  x1=0x00000001
     406875.000 ns	     40686	800089bc	a0131553	flt.s	x10,f6,f1	  f6:0x7fc00000  f1:0x7fc00000 x10=0x00000000
     406895.000 ns	     40688	800089c0	01147633	and	x12,x8,x17	  x8:0x80040fe4 x17:0x00000000 x12=0x00000000
     406905.000 ns	     40689	800089c4	008ead33	slt	x26,x29,x8	 x29:0x00000000  x8:0x80040fe4 x26=0x00000000
     406915.000 ns	     40690	800089c8	74a03e13	sltiu	x28,x0,1866	  x0:0x00000000 x28=0x00000001
     406925.000 ns	     40691	800089cc	736c0b93	addi	x23,x24,1846	 x24:0x00000000 x23=0x00000736
     406945.000 ns	     40693	800089d0	c0118ed3	fcvt.wu.s	x29,f3	  f3:0x00000000 x29=0x00000000
     406965.000 ns	     40695	800089d4	4107d1b3	sra	x3,x15,x16	 x15:0xf9c13d14 x16:0x00000000  x3=0xf9c13d14
     406975.000 ns	     40696	800089d8	212da113	slti	x2,x27,530	 x27:0xfffffff8  x2=0x00000001
     406995.000 ns	     40698	800089dc	298c0b53	fmin.s	f22,f24,f24	 f24:0xffffffff f24:0xffffffff f22=0x7fc00000
     407025.000 ns	     40701	800089e0	02f29eb3	mulh	x29,x5,x15	  x5:0x00000000 x15:0xf9c13d14 x29=0x00000000
     407055.000 ns	     40704	800089e4	031fa533	mulhsu	x10,x31,x17	 x31:0x0aa72fd3 x17:0x00000000 x10=0x00000000
     407075.000 ns	     40706	800089e8	00000013	addi	x0,x0,0	  x0:0x00000000
     407085.000 ns	     40707	800089ec	186c4d13	xori	x26,x24,390	 x24:0x00000000 x26=0x00000186
     407105.000 ns	     40709	800089f0	02d1b0b3	mulhu	x1,x3,x13	  x3:0xf9c13d14 x13:0x00000000  x1=0x00000000
     407125.000 ns	     40711	800089f4	007a61b3	or	x3,x20,x7	 x20:0x00000000  x7:0x00000001  x3=0x00000001
     407165.000 ns	     40715	800089f8	08767153	fsub.s	f2,f12,f7	 f12:0x7fc00000  f7:0x8f812e21  f2=0x7fc00000
     407185.000 ns	     40717	800089fc	00000013	addi	x0,x0,0	  x0:0x00000000
     407195.000 ns	     40718	80008a00	411f5c33	sra	x24,x30,x17	 x30:0x00000000 x17:0x00000000 x24=0x00000000
     407205.000 ns	     40719	80008a04	00da53b3	srl	x7,x20,x13	 x20:0x00000000 x13:0x00000000  x7=0x00000000
     407215.000 ns	     40720	80008a08	415e50b3	sra	x1,x28,x21	 x28:0x00000001 x21:0x00000000  x1=0x00000001
     407225.000 ns	     40721	80008a0c	1c45bc13	sltiu	x24,x11,452	 x11:0x80041024 x24=0x00000000
     407245.000 ns	     40723	80008a10	f00b89d3	fmv.w.x	f19,x23	 x23:0x00000736 f19=0x00000736
     407265.000 ns	     40725	80008a14	01fb5213	srli	x4,x22,0x1f	 x22:0x06800000  x4=0x00000000
     407285.000 ns	     40727	80008a18	f00488d3	fmv.w.x	f17,x9	  x9:0x00000000 f17=0x00000000
     407305.000 ns	     40729	80008a1c	c6808f13	addi	x30,x1,-920	  x1:0x00000001 x30=0xfffffc69
     407325.000 ns	     40731	80008a20	c0120053	fcvt.wu.s	x0,f4	  f4:0x00000000
     407345.000 ns	     40733	80008a24	05010193	addi	x3,x2,80	  x2:0x00000001  x3=0x00000051
     407355.000 ns	     40734	80008a28	004a43b3	xor	x7,x20,x4	 x20:0x00000000  x4:0x00000000  x7=0x00000000
     407375.000 ns	     40736	80008a2c	a1800d53	fle.s	x26,f0,f24	  f0:0x7fc00000 f24:0xffffffff x26=0x00000000
     407395.000 ns	     40738	80008a30	e9e15cb7	lui	x25,0xe9e15	 x25=0xe9e15000
     407415.000 ns	     40740	80008a34	0293f8b3	remu	x17,x7,x9	  x7:0x00000000  x9:0x00000000 x17=0x00000000
     407435.000 ns	     40742	80008a38	34318137	lui	x2,0x34318	  x2=0x34318000
     407795.000 ns	     40778	80008a3c	028e6f33	rem	x30,x28,x8	 x28:0x00000001  x8:0x80040fe4 x30=0x00000001
     407825.000 ns	     40781	80008a40	e0029353	fclass.s	x6,f5	  f5:0x00000000  x6=0x00000010
     407855.000 ns	     40784	80008a44	a05b2dd3	feq.s	x27,f22,f5	 f22:0x7fc00000  f5:0x00000000 x27=0x00000000
     407875.000 ns	     40786	80008a48	41035f33	sra	x30,x6,x16	  x6:0x00000010 x16:0x00000000 x30=0x00000010
     407895.000 ns	     40788	80008a4c	035d99b3	mulh	x19,x27,x21	 x27:0x00000000 x21:0x00000000 x19=0x00000000
     407915.000 ns	     40790	80008a50	41c456b3	sra	x13,x8,x28	  x8:0x80040fe4 x28:0x00000001 x13=0xc00207f2
     407925.000 ns	     40791	80008a54	0fee2613	slti	x12,x28,254	 x28:0x00000001 x12=0x00000001
     407935.000 ns	     40792	80008a58	00f0d313	srli	x6,x1,0xf	  x1:0x00000001  x6=0x00000000
     407945.000 ns	     40793	80008a5c	41c40bb3	sub	x23,x8,x28	  x8:0x80040fe4 x28:0x00000001 x23=0x80040fe3
     407985.000 ns	     40797	80008a60	015aae53	fadd.s	f28,f21,f21	 f21:0x8f812e21 f21:0x8f812e21 f28=0x90012e21
     408015.000 ns	     40800	80008a64	02eefe33	remu	x28,x29,x14	 x29:0x00000000 x14:0x00000000 x28=0x00000000
     408035.000 ns	     40802	80008a68	01d09913	slli	x18,x1,0x1d	  x1:0x00000001 x18=0x20000000
     408395.000 ns	     40838	80008a6c	03737ab3	remu	x21,x6,x23	  x6:0x00000000 x23:0x80040fe3 x21=0x00000000
     408415.000 ns	     40840	80008a70	219ef213	andi	x4,x29,537	 x29:0x00000000  x4=0x00000000
     408425.000 ns	     40841	80008a74	00958ab3	add	x21,x11,x9	 x11:0x80041024  x9:0x00000000 x21=0x80041024
     408435.000 ns	     40842	80008a78	41085d13	srai	x26,x16,0x10	 x16:0x00000000 x26=0x00000000
     408455.000 ns	     40844	80008a7c	e0040753	fmv.x.w	x14,f8	  f8:0x80000000 x14=0x80000000
     408485.000 ns	     40847	80008a80	28319053	fmax.s	f0,f3,f3	  f3:0x00000000  f3:0x00000000  f0=0x00000000
     408505.000 ns	     40849	80008a84	01a49b13	slli	x22,x9,0x1a	  x9:0x00000000 x22=0x00000000
     408515.000 ns	     40850	80008a88	00a02533	slt	x10,x0,x10	  x0:0x00000000 x10:0x00000000 x10=0x00000000
     408525.000 ns	     40851	80008a8c	1e956493	ori	x9,x10,489	 x10:0x00000000  x9=0x000001e9
     408545.000 ns	     40853	80008a90	d0127853	fcvt.s.wu	f16,x4	  x4:0x00000000 f16=0x00000000
     408575.000 ns	     40856	80008a94	a0aaa853	feq.s	x16,f21,f10	 f21:0x8f812e21 f10:0x7fc00000 x16=0x00000000
     409755.000 ns	     40974	80008a98	5809a3d3	fsqrt.s	f7,f19	 f19:0x00000736  f7=0x1f350eb4
     409785.000 ns	     40977	80008a9c	28649f53	fmax.s	f30,f9,f6	  f9:0x4f800000  f6:0x7fc00000 f30=0x4f800000
     409815.000 ns	     40980	80008aa0	038b5133	divu	x2,x22,x24	 x22:0x00000000 x24:0x00000000  x2=0xffffffff
     409835.000 ns	     40982	80008aa4	00316e33	or	x28,x2,x3	  x2:0x34318000  x3:0x00000051 x28=0xffffffff
     409855.000 ns	     40984	80008aa8	e00d92d3	fclass.s	x5,f27	 f27:0x7fc00000  x5=0x00000200
     409885.000 ns	     40987	80008aac	025f90b3	mulh	x1,x31,x5	 x31:0x0aa72fd3  x5:0x00000000  x1=0x00000015
     409915.000 ns	     40990	80008ab0	03ac9cb3	mulh	x25,x25,x26	 x25:0xe9e15000 x26:0x00000000 x25=0x00000000
     409935.000 ns	     40992	80008ab4	422f8c93	addi	x25,x31,1058	 x31:0x0aa72fd3 x25=0x0aa733f5
     409955.000 ns	     40994	80008ab8	03539c33	mulh	x24,x7,x21	  x7:0x00000000 x21:0x80041024 x24=0x00000000
     409985.000 ns	     40997	80008abc	c016a353	fcvt.wu.s	x6,f13	 f13:0x00000000  x6=0x00000000
     410015.000 ns	     41000	80008ac0	21f8a7d3	fsgnjx.s	f15,f17,f31	 f17:0x00000000 f31:0x7fc00000 f15=0x00000000
     410045.000 ns	     41003	80008ac4	03dfa3b3	mulhsu	x7,x31,x29	 x31:0x0aa72fd3 x29:0x00000000  x7=0x00000000
     410075.000 ns	     41006	80008ac8	e00416d3	fclass.s	x13,f8	  f8:0x80000000 x13=0x00000008
     410115.000 ns	     41010	80008acc	194576d3	fdiv.s	f13,f10,f20	 f10:0x7fc00000 f20:0x44ee2000 f13=0x7fc00000
     410135.000 ns	     41012	80008ad0	980a34b7	lui	x9,0x980a3	  x9=0x980a3000
     410155.000 ns	     41014	80008ad4	026860b3	rem	x1,x16,x6	 x16:0x00000000  x6:0x00000000  x1=0x00000000
     410175.000 ns	     41016	80008ad8	40948bb3	sub	x23,x9,x9	  x9:0x000001e9  x9:0x000001e9 x23=0x00000000
     410195.000 ns	     41018	80008adc	d01477d3	fcvt.s.wu	f15,x8	  x8:0x80040fe4 f15=0x4f00040f
     410225.000 ns	     41021	80008ae0	a1d392d3	flt.s	x5,f7,f29	  f7:0x1f350eb4 f29:0x8f812e21  x5=0x00000000
     410255.000 ns	     41024	80008ae4	0336e033	rem	x0,x13,x19	 x13:0x00000008 x19:0x00000000
     410275.000 ns	     41026	80008ae8	01e21893	slli	x17,x4,0x1e	  x4:0x00000000 x17=0x00000000
     410285.000 ns	     41027	80008aec	b11c3f13	sltiu	x30,x24,-1263	 x24:0x00000000 x30=0x00000001
     410315.000 ns	     41030	80008af0	18a88953	fdiv.s	f18,f17,f10	 f17:0x00000000 f10:0x7fc00000 f18=0x7fc00000
     410335.000 ns	     41032	80008af4	00782e93	slti	x29,x16,7	 x16:0x00000000 x29=0x00000001
     410355.000 ns	     41034	80008af8	f00282d3	fmv.w.x	f5,x5	  x5:0x00000000  f5=0x00000000
     410375.000 ns	     41036	80008afc	01715293	srli	x5,x2,0x17	  x2:0xffffffff  x5=0x000001ff
     410395.000 ns	     41038	80008b00	02193933	mulhu	x18,x18,x1	 x18:0x20000000  x1:0x00000000 x18=0x00000000
     410425.000 ns	     41041	80008b04	a0d02c53	feq.s	x24,f0,f13	  f0:0x00000000 f13:0x7fc00000 x24=0x00000000
     410445.000 ns	     41043	80008b08	2f980f13	addi	x30,x16,761	 x16:0x00000000 x30=0x000002f9
     410455.000 ns	     41044	80008b0c	afe13813	sltiu	x16,x2,-1282	  x2:0xffffffff x16=0x00000000
     410465.000 ns	     41045	80008b10	00ac3333	sltu	x6,x24,x10	 x24:0x00000000 x10:0x00000000  x6=0x00000000
     410475.000 ns	     41046	80008b14	36b67093	andi	x1,x12,875	 x12:0x00000001  x1=0x00000001
     411645.000 ns	     41163	80008b18	5807fcd3	fsqrt.s	f25,f15	 f15:0x4f00040f f25=0x46b50a40
     411675.000 ns	     41166	80008b1c	028d8133	mul	x2,x27,x8	 x27:0x00000000  x8:0x80040fe4  x2=0x00000000
     411715.000 ns	     41170	80008b20	119f8153	fmul.s	f2,f31,f25	 f31:0x7fc00000 f25:0x46b50a40  f2=0x7fc00000
     411735.000 ns	     41172	80008b24	b1a1c193	xori	x3,x3,-1254	  x3:0x00000051  x3=0xfffffb4b
     411745.000 ns	     41173	80008b28	41d4d233	sra	x4,x9,x29	  x9:0x980a3000 x29:0x00000001  x4=0xcc051800
     411755.000 ns	     41174	80008b2c	403ed613	srai	x12,x29,0x3	 x29:0x00000001 x12=0x00000000
     411765.000 ns	     41175	80008b30	015d86b3	add	x13,x27,x21	 x27:0x00000000 x21:0x80041024 x13=0x80041024
     411775.000 ns	     41176	80008b34	d1deee93	ori	x29,x29,-739	 x29:0x00000001 x29=0xfffffd1d
     411785.000 ns	     41177	80008b38	01442a33	slt	x20,x8,x20	  x8:0x80040fe4 x20:0x00000000 x20=0x00000001
     411805.000 ns	     41179	80008b3c	e0071253	fclass.s	x4,f14	 f14:0x00000000  x4=0x00000010
     411825.000 ns	     41181	80008b40	0067f233	and	x4,x15,x6	 x15:0xf9c13d14  x6:0x00000000  x4=0x00000000
     411865.000 ns	     41185	80008b44	01b306d3	fadd.s	f13,f6,f27	  f6:0x7fc00000 f27:0x7fc00000 f13=0x7fc00000
     411885.000 ns	     41187	80008b48	636b0393	addi	x7,x22,1590	 x22:0x00000000  x7=0x00000636
     411895.000 ns	     41188	80008b4c	007686b3	add	x13,x13,x7	 x13:0x80041024  x7:0x00000000 x13=0x8004165a
     411905.000 ns	     41189	80008b50	01073f33	sltu	x30,x14,x16	 x14:0x80000000 x16:0x00000000 x30=0x00000000
     411915.000 ns	     41190	80008b54	014a13b3	sll	x7,x20,x20	 x20:0x00000001 x20:0x00000001  x7=0x00000002
     411925.000 ns	     41191	80008b58	c7374013	xori	x0,x14,-909	 x14:0x80000000
     411935.000 ns	     41192	80008b5c	4067d3b3	sra	x7,x15,x6	 x15:0xf9c13d14  x6:0x00000000  x7=0xf9c13d14
     411955.000 ns	     41194	80008b60	03b1c9b3	div	x19,x3,x27	  x3:0xfffffb4b x27:0x00000000 x19=0xffffffff
     411975.000 ns	     41196	80008b64	40e8d9b3	sra	x19,x17,x14	 x17:0x00000000 x14:0x80000000 x19=0x00000000
     411985.000 ns	     41197	80008b68	0158fbb3	and	x23,x17,x21	 x17:0x00000000 x21:0x80041024 x23=0x00000000
     411995.000 ns	     41198	80008b6c	95f62193	slti	x3,x12,-1697	 x12:0x00000000  x3=0x00000000
     412005.000 ns	     41199	80008b70	0029af33	slt	x30,x19,x2	 x19:0x00000000  x2:0x00000000 x30=0x00000000
     412015.000 ns	     41200	80008b74	b1627517	auipc	x10,0xb1627	 x10=0x3162fb74
     412035.000 ns	     41202	80008b78	d00429d3	fcvt.s.w	f19,x8	  x8:0x80040fe4 f19=0xcefff7e1
     412055.000 ns	     41204	80008b7c	0196d513	srli	x10,x13,0x19	 x13:0x8004165a x10=0x00000040
     412075.000 ns	     41206	80008b80	213f92d3	fsgnjn.s	f5,f31,f19	 f31:0x7fc00000 f19:0xcefff7e1  f5=0x7fc00000
     412095.000 ns	     41208	80008b84	41445a13	srai	x20,x8,0x14	  x8:0x80040fe4 x20=0xfffff800
     412135.000 ns	     41212	80008b88	01abf753	fadd.s	f14,f23,f26	 f23:0x7fc00000 f26:0x00000000 f14=0x7fc00000
     412155.000 ns	     41214	80008b8c	00000013	addi	x0,x0,0	  x0:0x00000000
     412165.000 ns	     41215	80008b90	00000013	addi	x0,x0,0	  x0:0x00000000
     412175.000 ns	     41216	80008b94	c3eab913	sltiu	x18,x21,-962	 x21:0x80041024 x18=0x00000001
     412185.000 ns	     41217	80008b98	2ef74f37	lui	x30,0x2ef74	 x30=0x2ef74000
     412205.000 ns	     41219	80008b9c	d004fc53	fcvt.s.w	f24,x9	  x9:0x980a3000 f24=0xcecfeba0
     412225.000 ns	     41221	80008ba0	00caf4b3	and	x9,x21,x12	 x21:0x80041024 x12:0x00000000  x9=0x00000000
     412235.000 ns	     41222	80008ba4	00fa6733	or	x14,x20,x15	 x20:0xfffff800 x15:0xf9c13d14 x14=0xfffffd14
     412245.000 ns	     41223	80008ba8	012eed33	or	x26,x29,x18	 x29:0xfffffd1d x18:0x00000001 x26=0xfffffd1d
     412255.000 ns	     41224	80008bac	40825213	srai	x4,x4,0x8	  x4:0x00000000  x4=0x00000000
     412275.000 ns	     41226	80008bb0	03b28e33	mul	x28,x5,x27	  x5:0x000001ff x27:0x00000000 x28=0x00000000
     412305.000 ns	     41229	80008bb4	02c43db3	mulhu	x27,x8,x12	  x8:0x80040fe4 x12:0x00000000 x27=0x00000000
     412325.000 ns	     41231	80008bb8	00abe1b3	or	x3,x23,x10	 x23:0x00000000 x10:0x00000040  x3=0x00000040
     412345.000 ns	     41233	80008bbc	20889953	fsgnjn.s	f18,f17,f8	 f17:0x00000000  f8:0x80000000 f18=0x00000000
     412375.000 ns	     41236	80008bc0	03af9eb3	mulh	x29,x31,x26	 x31:0x0aa72fd3 x26:0xfffffd1d x29=0xffffffe1
     412395.000 ns	     41238	80008bc4	4b1cddb7	lui	x27,0x4b1cd	 x27=0x4b1cd000
     412425.000 ns	     41241	80008bc8	11a47653	fmul.s	f12,f8,f26	  f8:0x80000000 f26:0x00000000 f12=0x80000000
     412445.000 ns	     41243	80008bcc	009503b3	add	x7,x10,x9	 x10:0x00000040  x9:0x00000000  x7=0x00000040
     412485.000 ns	     41247	80008bd0	09687dd3	fsub.s	f27,f16,f22	 f16:0x00000000 f22:0x7fc00000 f27=0x7fc00000
     412515.000 ns	     41250	80008bd4	288909d3	fmin.s	f19,f18,f8	 f18:0x00000000  f8:0x80000000 f19=0x80000000
     412535.000 ns	     41252	80008bd8	011c3bb3	sltu	x23,x24,x17	 x24:0x00000000 x17:0x00000000 x23=0x00000000
     412555.000 ns	     41254	80008bdc	e00791d3	fclass.s	x3,f15	 f15:0x4f00040f  x3=0x00000040
     412575.000 ns	     41256	80008be0	01888533	add	x10,x17,x24	 x17:0x00000000 x24:0x00000000 x10=0x00000000
     412585.000 ns	     41257	80008be4	01af5733	srl	x14,x30,x26	 x30:0x2ef74000 x26:0xfffffd1d x14=0x00000001
     412605.000 ns	     41259	80008be8	e0069bd3	fclass.s	x23,f13	 f13:0x7fc00000 x23=0x00000200
     412975.000 ns	     41296	80008bec	028771b3	remu	x3,x14,x8	 x14:0xfffffd14  x8:0x80040fe4  x3=0x00000001
     413025.000 ns	     41301	80008bf0	08cbf0d3	fsub.s	f1,f23,f12	 f23:0x7fc00000 f12:0x80000000  f1=0x7fc00000
     413045.000 ns	     41303	80008bf4	011566b3	or	x13,x10,x17	 x10:0x00000000 x17:0x00000000 x13=0x00000000
     413085.000 ns	     41307	80008bf8	0928f953	fsub.s	f18,f17,f18	 f17:0x00000000 f18:0x00000000 f18=0x80000000
     413105.000 ns	     41309	80008bfc	41008a33	sub	x20,x1,x16	  x1:0x00000001 x16:0x00000000 x20=0x00000001
     413125.000 ns	     41311	80008c00	039ebe33	mulhu	x28,x29,x25	 x29:0xffffffe1 x25:0x0aa733f5 x28=0x0aa733f3
     413155.000 ns	     41314	80008c04	0241d6b3	divu	x13,x3,x4	  x3:0x00000001  x4:0x00000000 x13=0xffffffff
     413185.000 ns	     41317	80008c08	21cdafd3	fsgnjx.s	f31,f27,f28	 f27:0x7fc00000 f28:0x90012e21 f31=0xffc00000
     413205.000 ns	     41319	80008c0c	008c3a33	sltu	x20,x24,x8	 x24:0x00000000  x8:0x80040fe4 x20=0x00000001
     413245.000 ns	     41323	80008c10	09f28353	fsub.s	f6,f5,f31	  f5:0x7fc00000 f31:0xffc00000  f6=0x7fc00000
     413265.000 ns	     41325	80008c14	00f4a8b3	slt	x17,x9,x15	  x9:0x00000000 x15:0xf9c13d14 x17=0x00000000
     413285.000 ns	     41327	80008c18	20f48653	fsgnj.s	f12,f9,f15	  f9:0x4f800000 f15:0x4f00040f f12=0x4f800000
     413305.000 ns	     41329	80008c1c	7ed672b7	lui	x5,0x7ed67	  x5=0x7ed67000
     413315.000 ns	     41330	80008c20	407fdfb3	sra	x31,x31,x7	 x31:0x0aa72fd3  x7:0x00000040 x31=0x0aa72fd3
     413335.000 ns	     41332	80008c24	a10f9853	flt.s	x16,f31,f16	 f31:0xffc00000 f16:0x00000000 x16=0x00000000
     413365.000 ns	     41335	80008c28	f00482d3	fmv.w.x	f5,x9	  x9:0x00000000  f5=0x00000000
     413735.000 ns	     41372	80008c2c	02e86733	rem	x14,x16,x14	 x16:0x00000000 x14:0x00000001 x14=0x00000000
     414105.000 ns	     41409	80008c30	03d87333	remu	x6,x16,x29	 x16:0x00000000 x29:0xffffffe1  x6=0x00000000
     414135.000 ns	     41412	80008c34	d0167353	fcvt.s.wu	f6,x12	 x12:0x00000000  f6=0x00000000
     414505.000 ns	     41449	80008c38	0377f1b3	remu	x3,x15,x23	 x15:0xf9c13d14 x23:0x00000200  x3=0x00000114
     414525.000 ns	     41451	80008c3c	b38c7917	auipc	x18,0xb38c7	 x18=0x338cfc3c
     414545.000 ns	     41453	80008c40	d018b853	fcvt.s.wu	f16,x17	 x17:0x00000000 f16=0x00000000
     414595.000 ns	     41458	80008c44	08327453	fsub.s	f8,f4,f3	  f4:0x00000000  f3:0x00000000  f8=0x80000000
     414615.000 ns	     41460	80008c48	41f903b3	sub	x7,x18,x31	 x18:0x338cfc3c x31:0x0aa72fd3  x7=0x28e5cc69
     414625.000 ns	     41461	80008c4c	019b4d33	xor	x26,x22,x25	 x22:0x00000000 x25:0x0aa733f5 x26=0x0aa733f5
     414645.000 ns	     41463	80008c50	022b1bb3	mulh	x23,x22,x2	 x22:0x00000000  x2:0x00000000 x23=0x00000000
     414665.000 ns	     41465	80008c54	3fbda493	slti	x9,x27,1019	 x27:0x4b1cd000  x9=0x00000000
     414705.000 ns	     41469	80008c58	01b39953	fadd.s	f18,f7,f27	  f7:0x1f350eb4 f27:0x7fc00000 f18=0x7fc00000
     414725.000 ns	     41471	80008c5c	03f44293	xori	x5,x8,63	  x8:0x80040fe4  x5=0x80040fdb
     415895.000 ns	     41588	80008c60	580603d3	fsqrt.s	f7,f12	 f12:0x4f800000  f7=0x477fffae
     415915.000 ns	     41590	80008c64	017ddc93	srli	x25,x27,0x17	 x27:0x4b1cd000 x25=0x00000096
     415925.000 ns	     41591	80008c68	00000013	addi	x0,x0,0	  x0:0x00000000
     415945.000 ns	     41593	80008c6c	c0159cd3	fcvt.wu.s	x25,f11	 f11:0x00000000 x25=0x00000000
     415975.000 ns	     41596	80008c70	037554b3	divu	x9,x10,x23	 x10:0x00000000 x23:0x00000000  x9=0xffffffff
     415995.000 ns	     41598	80008c74	011b2f33	slt	x30,x22,x17	 x22:0x00000000 x17:0x00000000 x30=0x00000000
     416015.000 ns	     41600	80008c78	022851b3	divu	x3,x16,x2	 x16:0x00000000  x2:0x00000000  x3=0xffffffff
     416035.000 ns	     41602	80008c7c	008a1693	slli	x13,x20,0x8	 x20:0x00000001 x13=0x00000100
     416055.000 ns	     41604	80008c80	f00104d3	fmv.w.x	f9,x2	  x2:0x00000000  f9=0x00000000
     416075.000 ns	     41606	80008c84	41725f93	srai	x31,x4,0x17	  x4:0x00000000 x31=0x00000000
     416085.000 ns	     41607	80008c88	002e6133	or	x2,x28,x2	 x28:0x0aa733f3  x2:0x00000000  x2=0x0aa733f3
     416095.000 ns	     41608	80008c8c	015756b3	srl	x13,x14,x21	 x14:0x00000000 x21:0x80041024 x13=0x00000000
     416115.000 ns	     41610	80008c90	29769653	fmax.s	f12,f13,f23	 f13:0x7fc00000 f23:0x7fc00000 f12=0x7fc00000
     416165.000 ns	     41615	80008c94	0113fa53	fadd.s	f20,f7,f17	  f7:0x477fffae f17:0x00000000 f20=0x477fffae
     416195.000 ns	     41618	80008c98	c00f0bd3	fcvt.w.s	x23,f30	 f30:0x4f800000 x23=0x7fffffff
     416215.000 ns	     41620	80008c9c	8c1ffd17	auipc	x26,0x8c1ff	 x26=0x0c207c9c
     416225.000 ns	     41621	80008ca0	15c74993	xori	x19,x14,348	 x14:0x00000000 x19=0x0000015c
     416235.000 ns	     41622	80008ca4	01c73233	sltu	x4,x14,x28	 x14:0x00000000 x28:0x0aa733f3  x4=0x00000001
     416255.000 ns	     41624	80008ca8	c008fc53	fcvt.w.s	x24,f17	 f17:0x00000000 x24=0x00000000
     416285.000 ns	     41627	80008cac	219395d3	fsgnjn.s	f11,f7,f25	  f7:0x477fffae f25:0x46b50a40 f11=0xc77fffae
     416315.000 ns	     41630	80008cb0	f0020653	fmv.w.x	f12,x4	  x4:0x00000001 f12=0x00000001
     416335.000 ns	     41632	80008cb4	87533993	sltiu	x19,x6,-1931	  x6:0x00000000 x19=0x00000001
     416345.000 ns	     41633	80008cb8	00d3d3b3	srl	x7,x7,x13	  x7:0x28e5cc69 x13:0x00000000  x7=0x28e5cc69
     416355.000 ns	     41634	80008cbc	87caef93	ori	x31,x21,-1924	 x21:0x80041024 x31=0xfffff87c
     416385.000 ns	     41637	80008cc0	5806fad3	fsqrt.s	f21,f13	 f13:0x7fc00000 f21=0x7fc00000
     416415.000 ns	     41640	80008cc4	a0e70dd3	fle.s	x27,f14,f14	 f14:0x7fc00000 f14:0x7fc00000 x27=0x00000000
     416435.000 ns	     41642	80008cc8	014c5493	srli	x9,x24,0x14	 x24:0x00000000  x9=0x00000000
     416445.000 ns	     41643	80008ccc	00624f33	xor	x30,x4,x6	  x4:0x00000001  x6:0x00000000 x30=0x00000001
     416465.000 ns	     41645	80008cd0	c01c1e53	fcvt.wu.s	x28,f24	 f24:0xcecfeba0 x28=0x67f5d000
     416495.000 ns	     41648	80008cd4	d01c7c53	fcvt.s.wu	f24,x24	 x24:0x00000000 f24=0x00000000
     416525.000 ns	     41651	80008cd8	a06094d3	flt.s	x9,f1,f6	  f1:0x7fc00000  f6:0x00000000  x9=0x00000000
     416545.000 ns	     41653	80008cdc	00539a93	slli	x21,x7,0x5	  x7:0x28e5cc69 x21=0x1cb98d20
     416565.000 ns	     41655	80008ce0	f0068e53	fmv.w.x	f28,x13	 x13:0x00000000 f28=0x00000000
     416595.000 ns	     41658	80008ce4	027dad33	mulhsu	x26,x27,x7	 x27:0x00000000  x7:0x28e5cc69 x26=0x00000000
     416625.000 ns	     41661	80008ce8	a01b0853	fle.s	x16,f22,f1	 f22:0x7fc00000  f1:0x7fc00000 x16=0x00000000
     416655.000 ns	     41664	80008cec	036421b3	mulhsu	x3,x8,x22	  x8:0x80040fe4 x22:0x00000000  x3=0x00000000
     416675.000 ns	     41666	80008cf0	8cb9be13	sltiu	x28,x19,-1845	 x19:0x00000001 x28=0x00000001
     416695.000 ns	     41668	80008cf4	e00316d3	fclass.s	x13,f6	  f6:0x00000000 x13=0x00000010
     416715.000 ns	     41670	80008cf8	35164093	xori	x1,x12,849	 x12:0x00000000  x1=0x00000351
     416735.000 ns	     41672	80008cfc	d0167153	fcvt.s.wu	f2,x12	 x12:0x00000000  f2=0x00000000
     416755.000 ns	     41674	80008d00	01904eb3	xor	x29,x0,x25	  x0:0x00000000 x25:0x00000000 x29=0x00000000
     416785.000 ns	     41677	80008d04	19f0a653	fdiv.s	f12,f1,f31	  f1:0x7fc00000 f31:0xffc00000 f12=0x7fc00000
     416805.000 ns	     41679	80008d08	10843993	sltiu	x19,x8,264	  x8:0x80040fe4 x19=0x00000000
     416825.000 ns	     41681	80008d0c	d00cb9d3	fcvt.s.w	f19,x25	 x25:0x00000000 f19=0x00000000
     416865.000 ns	     41685	80008d10	5806abd3	fsqrt.s	f23,f13	 f13:0x7fc00000 f23=0x7fc00000
     416885.000 ns	     41687	80008d14	00a203b3	add	x7,x4,x10	  x4:0x00000001 x10:0x00000000  x7=0x00000001
     417245.000 ns	     41723	80008d18	0282d333	divu	x6,x5,x8	  x5:0x80040fdb  x8:0x80040fe4  x6=0x00000000
     417275.000 ns	     41726	80008d1c	29470953	fmin.s	f18,f14,f20	 f14:0x7fc00000 f20:0x477fffae f18=0x477fffae
     417645.000 ns	     41763	80008d20	03cb6a33	rem	x20,x22,x28	 x22:0x00000000 x28:0x00000001 x20=0x00000000
     417665.000 ns	     41765	80008d24	00821d33	sll	x26,x4,x8	  x4:0x00000001  x8:0x80040fe4 x26=0x00000010
     417695.000 ns	     41768	80008d28	181cb753	fdiv.s	f14,f25,f1	 f25:0x46b50a40  f1:0x7fc00000 f14=0x7fc00000
     417725.000 ns	     41771	80008d2c	029bb0b3	mulhu	x1,x23,x9	 x23:0x7fffffff  x9:0x00000000  x1=0x00000000
     417775.000 ns	     41776	80008d30	01eb8dd3	fadd.s	f27,f23,f30	 f23:0x7fc00000 f30:0x4f800000 f27=0x7fc00000
     417825.000 ns	     41781	80008d34	00ecced3	fadd.s	f29,f25,f14	 f25:0x46b50a40 f14:0x7fc00000 f29=0x7fc00000
     417845.000 ns	     41783	80008d38	c3c03a93	sltiu	x21,x0,-964	  x0:0x00000000 x21=0x00000001
     417865.000 ns	     41785	80008d3c	030706b3	mul	x13,x14,x16	 x14:0x00000000 x16:0x00000000 x13=0x00000000
     417885.000 ns	     41787	80008d40	409b0633	sub	x12,x22,x9	 x22:0x00000000  x9:0x00000000 x12=0x00000000
     417895.000 ns	     41788	80008d44	f5b0f093	andi	x1,x1,-165	  x1:0x00000000  x1=0x00000000
     417905.000 ns	     41789	80008d48	01932733	slt	x14,x6,x25	  x6:0x00000000 x25:0x00000000 x14=0x00000000
     417925.000 ns	     41791	80008d4c	03509ab3	mulh	x21,x1,x21	  x1:0x00000000 x21:0x00000001 x21=0x00000000
     417975.000 ns	     41796	80008d50	01bd7253	fadd.s	f4,f26,f27	 f26:0x00000000 f27:0x7fc00000  f4=0x7fc00000
     418005.000 ns	     41799	80008d54	20b69853	fsgnjn.s	f16,f13,f11	 f13:0x7fc00000 f11:0xc77fffae f16=0x7fc00000
     418025.000 ns	     41801	80008d58	00000013	addi	x0,x0,0	  x0:0x00000000
     418035.000 ns	     41802	80008d5c	014d7533	and	x10,x26,x20	 x26:0x00000010 x20:0x00000000 x10=0x00000000
     418055.000 ns	     41804	80008d60	0350a1b3	mulhsu	x3,x1,x21	  x1:0x00000000 x21:0x00000000  x3=0x00000000
     418425.000 ns	     41841	80008d64	02fd7f33	remu	x30,x26,x15	 x26:0x00000010 x15:0xf9c13d14 x30=0x00000010
     418445.000 ns	     41843	80008d68	5abd6313	ori	x6,x26,1451	 x26:0x00000010  x6=0x000005bb
     418455.000 ns	     41844	80008d6c	011bc6b3	xor	x13,x23,x17	 x23:0x7fffffff x17:0x00000000 x13=0x7fffffff
     418465.000 ns	     41845	80008d70	00ec23b3	slt	x7,x24,x14	 x24:0x00000000 x14:0x00000000  x7=0x00000000
     418495.000 ns	     41848	80008d74	580577d3	fsqrt.s	f15,f10	 f10:0x7fc00000 f15=0x7fc00000
     418515.000 ns	     41850	80008d78	4a143393	sltiu	x7,x8,1185	  x8:0x80040fe4  x7=0x00000000
     418535.000 ns	     41852	80008d7c	c00dcf53	fcvt.w.s	x30,f27	 f27:0x7fc00000 x30=0x7fffffff
     418565.000 ns	     41855	80008d80	28721453	fmax.s	f8,f4,f7	  f4:0x7fc00000  f7:0x477fffae  f8=0x477fffae
     418595.000 ns	     41858	80008d84	201aa853	fsgnjx.s	f16,f21,f1	 f21:0x7fc00000  f1:0x7fc00000 f16=0x7fc00000
     418615.000 ns	     41860	80008d88	40140933	sub	x18,x8,x1	  x8:0x80040fe4  x1:0x00000000 x18=0x80040fe4
     418625.000 ns	     41861	80008d8c	00ec5bb3	srl	x23,x24,x14	 x24:0x00000000 x14:0x00000000 x23=0x00000000
     418665.000 ns	     41865	80008d90	08db1453	fsub.s	f8,f22,f13	 f22:0x7fc00000 f13:0x7fc00000  f8=0x7fc00000
     418695.000 ns	     41868	80008d94	036d3633	mulhu	x12,x26,x22	 x26:0x00000010 x22:0x00000000 x12=0x00000000
     418715.000 ns	     41870	80008d98	41cbd933	sra	x18,x23,x28	 x23:0x00000000 x28:0x00000001 x18=0x00000000
     418725.000 ns	     41871	80008d9c	bc832293	slti	x5,x6,-1080	  x6:0x000005bb  x5=0x00000000
     418745.000 ns	     41873	80008da0	d0054453	fcvt.s.w	f8,x10	 x10:0x00000000  f8=0x00000000
     418765.000 ns	     41875	80008da4	016a8233	add	x4,x21,x22	 x21:0x00000000 x22:0x00000000  x4=0x00000000
     418795.000 ns	     41878	80008da8	1125f1d3	fmul.s	f3,f11,f18	 f11:0xc77fffae f18:0x477fffae  f3=0xcf7fff5c
     418815.000 ns	     41880	80008dac	40e65193	srai	x3,x12,0xe	 x12:0x00000000  x3=0x00000000
     418835.000 ns	     41882	80008db0	032e2533	mulhsu	x10,x28,x18	 x28:0x00000001 x18:0x00000000 x10=0x00000000
     418865.000 ns	     41885	80008db4	29a70a53	fmin.s	f20,f14,f26	 f14:0x7fc00000 f26:0x00000000 f20=0x00000000
     418895.000 ns	     41888	80008db8	217d0753	fsgnj.s	f14,f26,f23	 f26:0x00000000 f23:0x7fc00000 f14=0x00000000
     418925.000 ns	     41891	80008dbc	d0187053	fcvt.s.wu	f0,x16	 x16:0x00000000  f0=0x00000000
     418945.000 ns	     41893	80008dc0	7bdca197	auipc	x3,0x7bdca	  x3=0xfbdd2dc0
     418955.000 ns	     41894	80008dc4	018a36b3	sltu	x13,x20,x24	 x20:0x00000000 x24:0x00000000 x13=0x00000000
     418965.000 ns	     41895	80008dc8	010a2c33	slt	x24,x20,x16	 x20:0x00000000 x16:0x00000000 x24=0x00000000
     418985.000 ns	     41897	80008dcc	a0be8cd3	fle.s	x25,f29,f11	 f29:0x7fc00000 f11:0xc77fffae x25=0x00000000
     419015.000 ns	     41900	80008dd0	20c58bd3	fsgnj.s	f23,f11,f12	 f11:0xc77fffae f12:0x7fc00000 f23=0x477fffae
     419045.000 ns	     41903	80008dd4	c00dafd3	fcvt.w.s	x31,f27	 f27:0x7fc00000 x31=0x7fffffff
     419075.000 ns	     41906	80008dd8	e0058953	fmv.x.w	x18,f11	 f11:0xc77fffae x18=0xc77fffae
     419095.000 ns	     41908	80008ddc	01a69d13	slli	x26,x13,0x1a	 x13:0x00000000 x26=0x00000000
     419105.000 ns	     41909	80008de0	40658a33	sub	x20,x11,x6	 x11:0x80041024  x6:0x000005bb x20=0x80040a69
     419125.000 ns	     41911	80008de4	21f80153	fsgnj.s	f2,f16,f31	 f16:0x7fc00000 f31:0xffc00000  f2=0xffc00000
     419155.000 ns	     41914	80008de8	28d81c53	fmax.s	f24,f16,f13	 f16:0x7fc00000 f13:0x7fc00000 f24=0x7fc00000
     419205.000 ns	     41919	80008dec	00a57a53	fadd.s	f20,f10,f10	 f10:0x7fc00000 f10:0x7fc00000 f20=0x7fc00000
     419225.000 ns	     41921	80008df0	9cf58b13	addi	x22,x11,-1585	 x11:0x80041024 x22=0x800409f3
     419585.000 ns	     41957	80008df4	03e5ef33	rem	x30,x11,x30	 x11:0x80041024 x30:0x7fffffff x30=0x80041024
     419605.000 ns	     41959	80008df8	05063d97	auipc	x27,0x5063	 x27=0x8506bdf8
     419625.000 ns	     41961	80008dfc	03af9633	mulh	x12,x31,x26	 x31:0x7fffffff x26:0x00000000 x12=0x00000000
     419665.000 ns	     41965	80008e00	580a4d53	fsqrt.s	f26,f20	 f20:0x7fc00000 f26=0x7fc00000
     419685.000 ns	     41967	80008e04	004fc733	xor	x14,x31,x4	 x31:0x7fffffff  x4:0x00000000 x14=0x7fffffff
     419715.000 ns	     41970	80008e08	580e2e53	fsqrt.s	f28,f28	 f28:0x00000000 f28=0x00000000
     419735.000 ns	     41972	80008e0c	0120dfb3	srl	x31,x1,x18	  x1:0x00000000 x18:0xc77fffae x31=0x00000000
     419755.000 ns	     41974	80008e10	21500cd3	fsgnj.s	f25,f0,f21	  f0:0x00000000 f21:0x7fc00000 f25=0x00000000
     419775.000 ns	     41976	80008e14	003df8b3	and	x17,x27,x3	 x27:0x8506bdf8  x3:0xfbdd2dc0 x17=0x81042dc0
     419785.000 ns	     41977	80008e18	005469b3	or	x19,x8,x5	  x8:0x80040fe4  x5:0x00000000 x19=0x80040fe4
     419795.000 ns	     41978	80008e1c	5187ed13	ori	x26,x15,1304	 x15:0xf9c13d14 x26=0xf9c13d1c
     419805.000 ns	     41979	80008e20	37d95a97	auipc	x21,0x37d95	 x21=0xb7d9de20
     419815.000 ns	     41980	80008e24	61533eb7	lui	x29,0x61533	 x29=0x61533000
     419825.000 ns	     41981	80008e28	00ba58b3	srl	x17,x20,x11	 x20:0x80040a69 x11:0x80041024 x17=0x080040a6
     419845.000 ns	     41983	80008e2c	a16388d3	fle.s	x17,f7,f22	  f7:0x477fffae f22:0x7fc00000 x17=0x00000000
     419875.000 ns	     41986	80008e30	a03aab53	feq.s	x22,f21,f3	 f21:0x7fc00000  f3:0xcf7fff5c x22=0x00000000
     419895.000 ns	     41988	80008e34	e2caf137	lui	x2,0xe2caf	  x2=0xe2caf000
     419915.000 ns	     41990	80008e38	027f6e33	rem	x28,x30,x7	 x30:0x80041024  x7:0x00000000 x28=0x80041024
     419935.000 ns	     41992	80008e3c	002d1633	sll	x12,x26,x2	 x26:0xf9c13d1c  x2:0x0aa733f3 x12=0xf9c13d1c
     419955.000 ns	     41994	80008e40	0244ceb3	div	x29,x9,x4	  x9:0x00000000  x4:0x00000000 x29=0xffffffff
     419975.000 ns	     41996	80008e44	00947b33	and	x22,x8,x9	  x8:0x80040fe4  x9:0x00000000 x22=0x00000000
     420005.000 ns	     41999	80008e48	18ebfc53	fdiv.s	f24,f23,f14	 f23:0x477fffae f14:0x00000000 f24=0x7f800000
     420025.000 ns	     42001	80008e4c	d8e5e093	ori	x1,x11,-626	 x11:0x80041024  x1=0xfffffdae
     420035.000 ns	     42002	80008e50	0163c133	xor	x2,x7,x22	  x7:0x00000000 x22:0x00000000  x2=0x00000000
     420065.000 ns	     42005	80008e54	18498cd3	fdiv.s	f25,f19,f4	 f19:0x00000000  f4:0x7fc00000 f25=0x7fc00000
     420085.000 ns	     42007	80008e58	0051fc33	and	x24,x3,x5	  x3:0xfbdd2dc0  x5:0x00000000 x24=0x00000000
     420105.000 ns	     42009	80008e5c	03ed16b3	mulh	x13,x26,x30	 x26:0xf9c13d1c x30:0x80041024 x13=0x031f4812
     420135.000 ns	     42012	80008e60	e00d93d3	fclass.s	x7,f27	 f27:0x7fc00000  x7=0x00000200
     420155.000 ns	     42014	80008e64	99e04cb7	lui	x25,0x99e04	 x25=0x99e04000
     420165.000 ns	     42015	80008e68	eed64613	xori	x12,x12,-275	 x12:0xf9c13d1c x12=0x063ec3f1
     420175.000 ns	     42016	80008e6c	6040ee93	ori	x29,x1,1540	  x1:0xfffffdae x29=0xffffffae
     420185.000 ns	     42017	80008e70	0111ffb3	and	x31,x3,x17	  x3:0xfbdd2dc0 x17:0x00000000 x31=0x00000000
     420195.000 ns	     42018	80008e74	e55a4193	xori	x3,x20,-427	 x20:0x80040a69  x3=0x7ffbf43c
     420205.000 ns	     42019	80008e78	fe1c16b7	lui	x13,0xfe1c1	 x13=0xfe1c1000
     420215.000 ns	     42020	80008e7c	d3908493	addi	x9,x1,-711	  x1:0xfffffdae  x9=0xfffffae7
     420235.000 ns	     42022	80008e80	a0528dd3	fle.s	x27,f5,f5	  f5:0x00000000  f5:0x00000000 x27=0x00000001
     420255.000 ns	     42024	80008e84	00000013	addi	x0,x0,0	  x0:0x00000000
     420275.000 ns	     42026	80008e88	c01f90d3	fcvt.wu.s	x1,f31	 f31:0xffc00000  x1=0xffffffff
     420295.000 ns	     42028	80008e8c	d2084913	xori	x18,x16,-736	 x16:0x00000000 x18=0xfffffd20
     420315.000 ns	     42030	80008e90	03fc7b33	remu	x22,x24,x31	 x24:0x00000000 x31:0x00000000 x22=0x00000000
     420345.000 ns	     42033	80008e94	20522053	fsgnjx.s	f0,f4,f5	  f4:0x7fc00000  f5:0x00000000  f0=0x7fc00000
     420395.000 ns	     42038	80008e98	00e17d53	fadd.s	f26,f2,f14	  f2:0xffc00000 f14:0x00000000 f26=0x7fc00000
     420425.000 ns	     42041	80008e9c	28291fd3	fmax.s	f31,f18,f2	 f18:0x477fffae  f2:0xffc00000 f31=0x477fffae
     420445.000 ns	     42043	80008ea0	a4c83b93	sltiu	x23,x16,-1460	 x16:0x00000000 x23=0x00000001
     420465.000 ns	     42045	80008ea4	0257ce33	div	x28,x15,x5	 x15:0xf9c13d14  x5:0x00000000 x28=0xffffffff
     420835.000 ns	     42082	80008ea8	03dd6533	rem	x10,x26,x29	 x26:0xf9c13d1c x29:0xffffffae x10=0xffffffee
     420865.000 ns	     42085	80008eac	e00313d3	fclass.s	x7,f6	  f6:0x00000000  x7=0x00000010
     420895.000 ns	     42088	80008eb0	036ce4b3	rem	x9,x25,x22	 x25:0x99e04000 x22:0x00000000  x9=0x99e04000
     420925.000 ns	     42091	80008eb4	a04228d3	feq.s	x17,f4,f4	  f4:0x7fc00000  f4:0x7fc00000 x17=0x00000000
     420945.000 ns	     42093	80008eb8	40dd5d33	sra	x26,x26,x13	 x26:0xf9c13d1c x13:0xfe1c1000 x26=0xf9c13d1c
     420965.000 ns	     42095	80008ebc	02330ab3	mul	x21,x6,x3	  x6:0x000005bb  x3:0x7ffbf43c x21=0x68d093d4
     420995.000 ns	     42098	80008ec0	024d3833	mulhu	x16,x26,x4	 x26:0xf9c13d1c  x4:0x00000000 x16=0x00000000
     421025.000 ns	     42101	80008ec4	20e58253	fsgnj.s	f4,f11,f14	 f11:0xc77fffae f14:0x00000000  f4=0x477fffae
     421055.000 ns	     42104	80008ec8	a00e2153	feq.s	x2,f28,f0	 f28:0x00000000  f0:0x7fc00000  x2=0x00000000
     421075.000 ns	     42106	80008ecc	01a990b3	sll	x1,x19,x26	 x19:0x80040fe4 x26:0xf9c13d1c  x1=0x40000000
     421085.000 ns	     42107	80008ed0	4120d633	sra	x12,x1,x18	  x1:0xffffffff x18:0xfffffd20 x12=0x40000000
     421095.000 ns	     42108	80008ed4	01171f93	slli	x31,x14,0x11	 x14:0x7fffffff x31=0xfffe0000
     421115.000 ns	     42110	80008ed8	d005c653	fcvt.s.w	f12,x11	 x11:0x80041024 f12=0xcefff7e0
     421145.000 ns	     42113	80008edc	21309353	fsgnjn.s	f6,f1,f19	  f1:0x7fc00000 f19:0x00000000  f6=0xffc00000
     421195.000 ns	     42118	80008ee0	016b7cd3	fadd.s	f25,f22,f22	 f22:0x7fc00000 f22:0x7fc00000 f25=0x7fc00000
     421225.000 ns	     42121	80008ee4	c01aa753	fcvt.wu.s	x14,f21	 f21:0x7fc00000 x14=0xffffffff
     421255.000 ns	     42124	80008ee8	29368653	fmin.s	f12,f13,f19	 f13:0x7fc00000 f19:0x00000000 f12=0x00000000
     421285.000 ns	     42127	80008eec	286d9953	fmax.s	f18,f27,f6	 f27:0x7fc00000  f6:0xffc00000 f18=0x7fc00000
     421315.000 ns	     42130	80008ef0	e0069bd3	fclass.s	x23,f13	 f13:0x7fc00000 x23=0x00000200
     421345.000 ns	     42133	80008ef4	20828cd3	fsgnj.s	f25,f5,f8	  f5:0x00000000  f8:0x00000000 f25=0x00000000
     421375.000 ns	     42136	80008ef8	29d70ad3	fmin.s	f21,f14,f29	 f14:0x00000000 f29:0x7fc00000 f21=0x00000000
     421395.000 ns	     42138	80008efc	00a66c33	or	x24,x12,x10	 x12:0x40000000 x10:0xffffffee x24=0xffffffee
     421405.000 ns	     42139	80008f00	00390db3	add	x27,x18,x3	 x18:0xfffffd20  x3:0x7ffbf43c x27=0x7ffbf15c
     421425.000 ns	     42141	80008f04	21642e53	fsgnjx.s	f28,f8,f22	  f8:0x00000000 f22:0x7fc00000 f28=0x00000000
     421455.000 ns	     42144	80008f08	d006ff53	fcvt.s.w	f30,x13	 x13:0xfe1c1000 f30=0xcbf1f800
     421485.000 ns	     42147	80008f0c	c01a8b53	fcvt.wu.s	x22,f21	 f21:0x00000000 x22=0x00000000
     421505.000 ns	     42149	80008f10	0ff03c93	sltiu	x25,x0,255	  x0:0x00000000 x25=0x00000001
     421525.000 ns	     42151	80008f14	29f91dd3	fmax.s	f27,f18,f31	 f18:0x7fc00000 f31:0x477fffae f27=0x477fffae
     421545.000 ns	     42153	80008f18	00202e33	slt	x28,x0,x2	  x0:0x00000000  x2:0x00000000 x28=0x00000000
     421565.000 ns	     42155	80008f1c	e00681d3	fmv.x.w	x3,f13	 f13:0x7fc00000  x3=0x7fc00000
     421585.000 ns	     42157	80008f20	40d55193	srai	x3,x10,0xd	 x10:0xffffffee  x3=0xffffffff
     421595.000 ns	     42158	80008f24	01267f33	and	x30,x12,x18	 x12:0x40000000 x18:0xfffffd20 x30=0x40000000
     421615.000 ns	     42160	80008f28	e00c9dd3	fclass.s	x27,f25	 f25:0x00000000 x27=0x00000010
     421635.000 ns	     42162	80008f2c	d252cf93	xori	x31,x5,-731	  x5:0x00000000 x31=0xfffffd25
     421645.000 ns	     42163	80008f30	a04ce037	lui	x0,0xa04ce	
     421665.000 ns	     42165	80008f34	03491c33	mulh	x24,x18,x20	 x18:0xfffffd20 x20:0x80040a69 x24=0x0000016f
     421685.000 ns	     42167	80008f38	00eada33	srl	x20,x21,x14	 x21:0x68d093d4 x14:0xffffffff x20=0x00000000
     421695.000 ns	     42168	80008f3c	0163cbb3	xor	x23,x7,x22	  x7:0x00000010 x22:0x00000000 x23=0x00000010
     421705.000 ns	     42169	80008f40	620f0d13	addi	x26,x30,1568	 x30:0x40000000 x26=0x40000620
     421745.000 ns	     42173	80008f44	019771d3	fadd.s	f3,f14,f25	 f14:0x00000000 f25:0x00000000  f3=0x00000000
     421765.000 ns	     42175	80008f48	39c81137	lui	x2,0x39c81	  x2=0x39c81000
     421785.000 ns	     42177	80008f4c	202f9b53	fsgnjn.s	f22,f31,f2	 f31:0x477fffae  f2:0xffc00000 f22=0x477fffae
     421815.000 ns	     42180	80008f50	e0019953	fclass.s	x18,f3	  f3:0x00000000 x18=0x00000010
     421855.000 ns	     42184	80008f54	18377ed3	fdiv.s	f29,f14,f3	 f14:0x00000000  f3:0x00000000 f29=0x7fc00000
     421895.000 ns	     42188	80008f58	58091e53	fsqrt.s	f28,f18	 f18:0x7fc00000 f28=0x7fc00000
     421925.000 ns	     42191	80008f5c	0304fa33	remu	x20,x9,x16	  x9:0x99e04000 x16:0x00000000 x20=0x99e04000
     421965.000 ns	     42195	80008f60	112bf853	fmul.s	f16,f23,f18	 f23:0x477fffae f18:0x7fc00000 f16=0x7fc00000
     421995.000 ns	     42198	80008f64	a1de2fd3	feq.s	x31,f28,f29	 f28:0x7fc00000 f29:0x7fc00000 x31=0x00000000
     422015.000 ns	     42200	80008f68	019abab3	sltu	x21,x21,x25	 x21:0x68d093d4 x25:0x00000001 x21=0x00000000
     422035.000 ns	     42202	80008f6c	c00e73d3	fcvt.w.s	x7,f28	 f28:0x7fc00000  x7=0x7fffffff
     422055.000 ns	     42204	80008f70	00cb1013	slli	x0,x22,0xc	 x22:0x00000000
     422065.000 ns	     42205	80008f74	01c2c933	xor	x18,x5,x28	  x5:0x00000000 x28:0x00000000 x18=0x00000000
     422075.000 ns	     42206	80008f78	00000013	addi	x0,x0,0	  x0:0x00000000
     422095.000 ns	     42208	80008f7c	a1e30fd3	fle.s	x31,f6,f30	  f6:0xffc00000 f30:0xcbf1f800 x31=0x00000000
     422115.000 ns	     42210	80008f80	0011c233	xor	x4,x3,x1	  x3:0xffffffff  x1:0x40000000  x4=0xbfffffff
     422125.000 ns	     42211	80008f84	01befe33	and	x28,x29,x27	 x29:0xffffffae x27:0x00000010 x28=0x00000000
     422135.000 ns	     42212	80008f88	419a88b3	sub	x17,x21,x25	 x21:0x00000000 x25:0x00000001 x17=0xffffffff
     422155.000 ns	     42214	80008f8c	a0f704d3	fle.s	x9,f14,f15	 f14:0x00000000 f15:0x7fc00000  x9=0x00000000
     422175.000 ns	     42216	80008f90	006b9333	sll	x6,x23,x6	 x23:0x00000010  x6:0x000005bb  x6=0x80000000
     422535.000 ns	     42252	80008f94	039af333	remu	x6,x21,x25	 x21:0x00000000 x25:0x00000001  x6=0x00000000
     422555.000 ns	     42254	80008f98	fa157fb7	lui	x31,0xfa157	 x31=0xfa157000
     422565.000 ns	     42255	80008f9c	013788b3	add	x17,x15,x19	 x15:0xf9c13d14 x19:0x80040fe4 x17=0x79c54cf8
     422585.000 ns	     42257	80008fa0	a0202153	feq.s	x2,f0,f2	  f0:0x7fc00000  f2:0xffc00000  x2=0x00000000
     422615.000 ns	     42260	80008fa4	205d24d3	fsgnjx.s	f9,f26,f5	 f26:0x7fc00000  f5:0x00000000  f9=0x7fc00000
     422645.000 ns	     42263	80008fa8	02d1a4b3	mulhsu	x9,x3,x13	  x3:0xffffffff x13:0xfe1c1000  x9=0xffffffff
     422665.000 ns	     42265	80008fac	ee2f2293	slti	x5,x30,-286	 x30:0x40000000  x5=0x00000000
     422705.000 ns	     42269	80008fb0	007ff8d3	fadd.s	f17,f31,f7	 f31:0x477fffae  f7:0x477fffae f17=0x47ffffae
     422725.000 ns	     42271	80008fb4	b7934313	xori	x6,x6,-1159	  x6:0x00000000  x6=0xfffffb79
     422745.000 ns	     42273	80008fb8	288f8953	fmin.s	f18,f31,f8	 f31:0x477fffae  f8:0x00000000 f18=0x00000000
     422775.000 ns	     42276	80008fbc	a1180253	fle.s	x4,f16,f17	 f16:0x7fc00000 f17:0x47ffffae  x4=0x00000000
     422815.000 ns	     42280	80008fc0	58097f53	fsqrt.s	f30,f18	 f18:0x00000000 f30=0x00000000
     422845.000 ns	     42283	80008fc4	03c39733	mulh	x14,x7,x28	  x7:0x7fffffff x28:0x00000000 x14=0x00000000
     422865.000 ns	     42285	80008fc8	00b5cf33	xor	x30,x11,x11	 x11:0x80041024 x11:0x80041024 x30=0x00000000
     422875.000 ns	     42286	80008fcc	005fce33	xor	x28,x31,x5	 x31:0xfa157000  x5:0x00000000 x28=0xfa157000
     422895.000 ns	     42288	80008fd0	a0971f53	flt.s	x30,f14,f9	 f14:0x00000000  f9:0x7fc00000 x30=0x00000000
     422915.000 ns	     42290	80008fd4	01b793b3	sll	x7,x15,x27	 x15:0xf9c13d14 x27:0x00000010  x7=0x3d140000
     422925.000 ns	     42291	80008fd8	00a9bfb3	sltu	x31,x19,x10	 x19:0x80040fe4 x10:0xffffffee x31=0x00000001
     422935.000 ns	     42292	80008fdc	4285ee93	ori	x29,x11,1064	 x11:0x80041024 x29=0x8004142c
     422955.000 ns	     42294	80008fe0	02e9af33	mulhsu	x30,x19,x14	 x19:0x80040fe4 x14:0x00000000 x30=0x00000000
     422975.000 ns	     42296	80008fe4	5c0eab93	slti	x23,x29,1472	 x29:0xffffffae x23=0x00000001
     422995.000 ns	     42298	80008fe8	02719733	mulh	x14,x3,x7	  x3:0xffffffff  x7:0x3d140000 x14=0xffffffff
     423025.000 ns	     42301	80008fec	288d9c53	fmax.s	f24,f27,f8	 f27:0x477fffae  f8:0x00000000 f24=0x477fffae
     423055.000 ns	     42304	80008ff0	287094d3	fmax.s	f9,f1,f7	  f1:0x7fc00000  f7:0x477fffae  f9=0x477fffae
     423425.000 ns	     42341	80008ff4	03c74e33	div	x28,x14,x28	 x14:0xffffffff x28:0xfa157000 x28=0x00000000
     423455.000 ns	     42344	80008ff8	a1fe9253	flt.s	x4,f29,f31	 f29:0x7fc00000 f31:0x477fffae  x4=0x00000000
     423475.000 ns	     42346	80008ffc	00f29193	slli	x3,x5,0xf	  x5:0x00000000  x3=0x00000000
     423495.000 ns	     42348	80009000	20a42fd3	fsgnjx.s	f31,f8,f10	  f8:0x00000000 f10:0x7fc00000 f31=0x00000000
     423525.000 ns	     42351	80009004	03676133	rem	x2,x14,x22	 x14:0xffffffff x22:0x00000000  x2=0xffffffff
     423895.000 ns	     42388	80009008	033dfa33	remu	x20,x27,x19	 x27:0x00000010 x19:0x80040fe4 x20=0x00000010
     423915.000 ns	     42390	8000900c	ecbe4493	xori	x9,x28,-309	 x28:0x00000000  x9=0xfffffecb
     423925.000 ns	     42391	80009010	0164b233	sltu	x4,x9,x22	  x9:0xffffffff x22:0x00000000  x4=0x00000000
     424285.000 ns	     42427	80009014	028fcab3	div	x21,x31,x8	 x31:0x00000001  x8:0x80040fe4 x21=0x00000000
     424655.000 ns	     42464	80009018	0378d833	divu	x16,x17,x23	 x17:0x79c54cf8 x23:0x00000001 x16=0x79c54cf8
     424675.000 ns	     42466	8000901c	6c212d93	slti	x27,x2,1730	  x2:0xffffffff x27=0x00000001
     424695.000 ns	     42468	80009020	21c88153	fsgnj.s	f2,f17,f28	 f17:0x47ffffae f28:0x7fc00000  f2=0x47ffffae
     424725.000 ns	     42471	80009024	20a8ae53	fsgnjx.s	f28,f17,f10	 f17:0x47ffffae f10:0x7fc00000 f28=0x47ffffae
     424755.000 ns	     42474	80009028	0247ef33	rem	x30,x15,x4	 x15:0xf9c13d14  x4:0x00000000 x30=0xf9c13d14
     424775.000 ns	     42476	8000902c	013d70b3	and	x1,x26,x19	 x26:0x40000620 x19:0x80040fe4  x1=0x00000620
     424785.000 ns	     42477	80009030	0103ed33	or	x26,x7,x16	  x7:0x3d140000 x16:0x79c54cf8 x26=0x7dd54cf8
     424795.000 ns	     42478	80009034	01d35633	srl	x12,x6,x29	  x6:0xfffffb79 x29:0x8004142c x12=0x000fffff
     424815.000 ns	     42480	80009038	03c93d33	mulhu	x26,x18,x28	 x18:0x00000000 x28:0x00000000 x26=0x00000000
     424835.000 ns	     42482	8000903c	dd6e7517	auipc	x10,0xdd6e7	 x10=0x5d6f003c
     424845.000 ns	     42483	80009040	000bf533	and	x10,x23,x0	 x23:0x00000001  x0:0x00000000 x10=0x00000000
     424855.000 ns	     42484	80009044	fb4d7e13	andi	x28,x26,-76	 x26:0x00000000 x28=0x00000000
     424875.000 ns	     42486	80009048	a0f32853	feq.s	x16,f6,f15	  f6:0xffc00000 f15:0x7fc00000 x16=0x00000000
     425215.000 ns	     42520	8000904c	198c49d3	fdiv.s	f19,f24,f24	 f24:0x477fffae f24:0x477fffae f19=0x3fc8d918
     425245.000 ns	     42523	80009050	29e98d53	fmin.s	f26,f19,f30	 f19:0x00000000 f30:0x00000000 f26=0x00000000
     425275.000 ns	     42526	80009054	216e92d3	fsgnjn.s	f5,f29,f22	 f29:0x7fc00000 f22:0x477fffae  f5=0xffc00000
     425305.000 ns	     42529	80009058	21779c53	fsgnjn.s	f24,f15,f23	 f15:0x7fc00000 f23:0x477fffae f24=0xffc00000
     425325.000 ns	     42531	8000905c	009a4bb3	xor	x23,x20,x9	 x20:0x00000010  x9:0xfffffecb x23=0xfffffedb
     425345.000 ns	     42533	80009060	0262bbb3	mulhu	x23,x5,x6	  x5:0x00000000  x6:0xfffffb79 x23=0x00000000
     425365.000 ns	     42535	80009064	016ff233	and	x4,x31,x22	 x31:0x00000001 x22:0x00000000  x4=0x00000000
     425385.000 ns	     42537	80009068	e0070c53	fmv.x.w	x24,f14	 f14:0x00000000 x24=0x00000000
     425755.000 ns	     42574	8000906c	03bf6f33	rem	x30,x30,x27	 x30:0xf9c13d14 x27:0x00000001 x30=0x00000000
     425805.000 ns	     42579	80009070	01f33353	fadd.s	f6,f6,f31	  f6:0xffc00000 f31:0x00000000  f6=0x7fc00000
     425825.000 ns	     42581	80009074	40d85d13	srai	x26,x16,0xd	 x16:0x00000000 x26=0x00000000
     425835.000 ns	     42582	80009078	71548a93	addi	x21,x9,1813	  x9:0xfffffecb x21=0x000005e0
     425845.000 ns	     42583	8000907c	41158c33	sub	x24,x11,x17	 x11:0x80041024 x17:0x79c54cf8 x24=0x063ec32c
     425855.000 ns	     42584	80009080	01e39fb3	sll	x31,x7,x30	  x7:0x3d140000 x30:0x00000000 x31=0x3d140000
     425865.000 ns	     42585	80009084	00becc33	xor	x24,x29,x11	 x29:0x8004142c x11:0x80041024 x24=0x00000408
     425875.000 ns	     42586	80009088	007a0733	add	x14,x20,x7	 x20:0x00000010  x7:0x3d140000 x14=0x3d140010
     425885.000 ns	     42587	8000908c	016c6f33	or	x30,x24,x22	 x24:0x063ec32c x22:0x00000000 x30=0x00000408
     425905.000 ns	     42589	80009090	d0042cd3	fcvt.s.w	f25,x8	  x8:0x80040fe4 f25=0xcefff7e1
     425925.000 ns	     42591	80009094	4197b293	sltiu	x5,x15,1049	 x15:0xf9c13d14  x5=0x00000000
     425935.000 ns	     42592	80009098	01019b93	slli	x23,x3,0x10	  x3:0x00000000 x23=0x00000000
     425955.000 ns	     42594	8000909c	21771653	fsgnjn.s	f12,f14,f23	 f14:0x00000000 f23:0x477fffae f12=0x80000000
     425975.000 ns	     42596	800090a0	3d5744b7	lui	x9,0x3d574	  x9=0x3d574000
     425995.000 ns	     42598	800090a4	037038b3	mulhu	x17,x0,x23	  x0:0x00000000 x23:0x00000000 x17=0x00000000
     426015.000 ns	     42600	800090a8	00944633	xor	x12,x8,x9	  x8:0x80040fe4  x9:0xfffffecb x12=0xbd534fe4
     426035.000 ns	     42602	800090ac	d01b75d3	fcvt.s.wu	f11,x22	 x22:0x00000000 f11=0x00000000
     426075.000 ns	     42606	800090b0	1984f653	fdiv.s	f12,f9,f24	  f9:0x477fffae f24:0xffc00000 f12=0x7fc00000
     426105.000 ns	     42609	800090b4	a0ac28d3	feq.s	x17,f24,f10	 f24:0xffc00000 f10:0x7fc00000 x17=0x00000000
     426125.000 ns	     42611	800090b8	4133d833	sra	x16,x7,x19	  x7:0x3d140000 x19:0x80040fe4 x16=0x03d14000
     426145.000 ns	     42613	800090bc	03de94b3	mulh	x9,x29,x29	 x29:0x8004142c x29:0x8004142c  x9=0x3ffbebe4
     426165.000 ns	     42615	800090c0	826b8813	addi	x16,x23,-2010	 x23:0x00000000 x16=0xfffff826
     426175.000 ns	     42616	800090c4	00ecc033	xor	x0,x25,x14	 x25:0x00000001 x14:0x3d140010
     426205.000 ns	     42619	800090c8	11301fd3	fmul.s	f31,f0,f19	  f0:0x7fc00000 f19:0x3fc8d918 f31=0x7fc00000
     426575.000 ns	     42656	800090cc	02fd4ab3	div	x21,x26,x15	 x26:0x00000000 x15:0xf9c13d14 x21=0x00000000
     426595.000 ns	     42658	800090d0	01165d13	srli	x26,x12,0x11	 x12:0xbd534fe4 x26=0x00005ea9
     426615.000 ns	     42660	800090d4	a01c9dd3	flt.s	x27,f25,f1	 f25:0xcefff7e1  f1:0x7fc00000 x27=0x00000000
     426655.000 ns	     42664	800090d8	110e7ad3	fmul.s	f21,f28,f16	 f28:0x47ffffae f16:0x7fc00000 f21=0x7fc00000
     426695.000 ns	     42668	800090dc	11d98453	fmul.s	f8,f19,f29	 f19:0x3fc8d918 f29:0x7fc00000  f8=0x7fc00000
     426715.000 ns	     42670	800090e0	490dfc93	andi	x25,x27,1168	 x27:0x00000000 x25=0x00000000
     426735.000 ns	     42672	800090e4	a05b2653	feq.s	x12,f22,f5	 f22:0x477fffae  f5:0xffc00000 x12=0x00000000
     427105.000 ns	     42709	800090e8	02944db3	div	x27,x8,x9	  x8:0x80040fe4  x9:0x3ffbebe4 x27=0xfffffffe
     427135.000 ns	     42712	800090ec	034d19b3	mulh	x19,x26,x20	 x26:0x00005ea9 x20:0x00000010 x19=0x00000000
     427155.000 ns	     42714	800090f0	00fb6333	or	x6,x22,x15	 x22:0x00000000 x15:0xf9c13d14  x6=0xf9c13d14
     427175.000 ns	     42716	800090f4	28149553	fmax.s	f10,f9,f1	  f9:0x477fffae  f1:0x7fc00000 f10=0x477fffae
     427205.000 ns	     42719	800090f8	f0058cd3	fmv.w.x	f25,x11	 x11:0x80041024 f25=0x80041024
     427225.000 ns	     42721	800090fc	0304df37	lui	x30,0x304d	 x30=0x0304d000
     427235.000 ns	     42722	80009100	0042ba33	sltu	x20,x5,x4	  x5:0x00000000  x4:0x00000000 x20=0x00000000
     427265.000 ns	     42725	80009104	11f87453	fmul.s	f8,f16,f31	 f16:0x7fc00000 f31:0x7fc00000  f8=0x7fc00000
     428445.000 ns	     42843	80009108	58017a53	fsqrt.s	f20,f2	  f2:0x47ffffae f20=0x43b5048f
     428475.000 ns	     42846	8000910c	e00c04d3	fmv.x.w	x9,f24	 f24:0xffc00000  x9=0xffc00000
     428505.000 ns	     42849	80009110	a1231153	flt.s	x2,f6,f18	  f6:0x7fc00000 f18:0x00000000  x2=0x00000000
     428845.000 ns	     42883	80009114	194b76d3	fdiv.s	f13,f22,f20	 f22:0x477fffae f20:0x43b5048f f13=0x430bb185
     428865.000 ns	     42885	80009118	012359b3	srl	x19,x6,x18	  x6:0xf9c13d14 x18:0x00000000 x19=0xf9c13d14
     428885.000 ns	     42887	8000911c	f00783d3	fmv.w.x	f7,x15	 x15:0xf9c13d14  f7=0xf9c13d14
     428915.000 ns	     42890	80009120	03403533	mulhu	x10,x0,x20	  x0:0x00000000 x20:0x00000000 x10=0x00000000
     428945.000 ns	     42893	80009124	f00d8453	fmv.w.x	f8,x27	 x27:0xfffffffe  f8=0xfffffffe
     428965.000 ns	     42895	80009128	01ee7a33	and	x20,x28,x30	 x28:0x00000000 x30:0x0304d000 x20=0x00000000
     428985.000 ns	     42897	8000912c	217a1bd3	fsgnjn.s	f23,f20,f23	 f20:0x43b5048f f23:0x477fffae f23=0xc3b5048f
     429015.000 ns	     42900	80009130	c0199253	fcvt.wu.s	x4,f19	 f19:0x3fc8d918  x4=0x00000001
     429045.000 ns	     42903	80009134	214e2f53	fsgnjx.s	f30,f28,f20	 f28:0x47ffffae f20:0x43b5048f f30=0x47ffffae
     429095.000 ns	     42908	80009138	08c7fd53	fsub.s	f26,f15,f12	 f15:0x7fc00000 f12:0x7fc00000 f26=0x7fc00000
     429125.000 ns	     42911	8000913c	d0187053	fcvt.s.wu	f0,x16	 x16:0xfffff826  f0=0x4f7ffff8
     429175.000 ns	     42916	80009140	09e21f53	fsub.s	f30,f4,f30	  f4:0x477fffae f30:0x47ffffae f30=0xc77fffae
     429205.000 ns	     42919	80009144	20f884d3	fsgnj.s	f9,f17,f15	 f17:0x47ffffae f15:0x7fc00000  f9=0x47ffffae
     429235.000 ns	     42922	80009148	20e309d3	fsgnj.s	f19,f6,f14	  f6:0x7fc00000 f14:0x00000000 f19=0x7fc00000
     429265.000 ns	     42925	8000914c	02429b33	mulh	x22,x5,x4	  x5:0x00000000  x4:0x00000001 x22=0x00000000
     429295.000 ns	     42928	80009150	c01f3e53	fcvt.wu.s	x28,f30	 f30:0xc77fffae x28=0x00010000
     429315.000 ns	     42930	80009154	007c7cb3	and	x25,x24,x7	 x24:0x00000408  x7:0x3d140000 x25=0x00000000
     429335.000 ns	     42932	80009158	f00f8ed3	fmv.w.x	f29,x31	 x31:0x3d140000 f29=0x3d140000
     429355.000 ns	     42934	8000915c	01cba0b3	slt	x1,x23,x28	 x23:0x00000000 x28:0x00010000  x1=0x00000001
     429375.000 ns	     42936	80009160	a1459f53	flt.s	x30,f11,f20	 f11:0x00000000 f20:0x43b5048f x30=0x00000001
     429745.000 ns	     42973	80009164	02fcccb3	div	x25,x25,x15	 x25:0x00000000 x15:0xf9c13d14 x25=0x00000000
     429775.000 ns	     42976	80009168	21f70353	fsgnj.s	f6,f14,f31	 f14:0x00000000 f31:0x7fc00000  f6=0x00000000
     429805.000 ns	     42979	8000916c	a0292353	feq.s	x6,f18,f2	 f18:0x00000000  f2:0x47ffffae  x6=0x00000000
     429825.000 ns	     42981	80009170	21398537	lui	x10,0x21398	 x10=0x21398000
     429865.000 ns	     42985	80009174	00baf9d3	fadd.s	f19,f21,f11	 f21:0x7fc00000 f11:0x00000000 f19=0x7fc00000
     429895.000 ns	     42988	80009178	039f5cb3	divu	x25,x30,x25	 x30:0x00000001 x25:0x00000000 x25=0xffffffff
     429915.000 ns	     42990	8000917c	be60fd93	andi	x27,x1,-1050	  x1:0x00000001 x27=0x00000000
     429925.000 ns	     42991	80009180	409edb13	srai	x22,x29,0x9	 x29:0x8004142c x22=0xffc0020a
     429935.000 ns	     42992	80009184	414104b3	sub	x9,x2,x20	  x2:0x00000000 x20:0x00000000  x9=0x00000000
     429955.000 ns	     42994	80009188	a1d60753	fle.s	x14,f12,f29	 f12:0x7fc00000 f29:0x3d140000 x14=0x00000000
     429975.000 ns	     42996	8000918c	00000013	addi	x0,x0,0	  x0:0x00000000
     430005.000 ns	     42999	80009190	18f1cb53	fdiv.s	f22,f3,f15	  f3:0x00000000 f15:0x7fc00000 f22=0x7fc00000
     430375.000 ns	     43036	80009194	0399c533	div	x10,x19,x25	 x19:0xf9c13d14 x25:0xffffffff x10=0x063ec2ec
     430745.000 ns	     43073	80009198	03825ab3	divu	x21,x4,x24	  x4:0x00000001 x24:0x00000408 x21=0x00000000
     430785.000 ns	     43077	8000919c	102219d3	fmul.s	f19,f4,f2	  f4:0x477fffae  f2:0x47ffffae f19=0x4fffff5c
     430805.000 ns	     43079	800091a0	001e6e33	or	x28,x28,x1	 x28:0x00010000  x1:0x00000001 x28=0x00010001
     430825.000 ns	     43081	800091a4	e00c9bd3	fclass.s	x23,f25	 f25:0x80041024 x23=0x00000004
     430855.000 ns	     43084	800091a8	a059a753	feq.s	x14,f19,f5	 f19:0x4fffff5c  f5:0xffc00000 x14=0x00000000
     430875.000 ns	     43086	800091ac	01e3a1b3	slt	x3,x7,x30	  x7:0x3d140000 x30:0x00000001  x3=0x00000000
     431235.000 ns	     43122	800091b0	02f8ff33	remu	x30,x17,x15	 x17:0x00000000 x15:0xf9c13d14 x30=0x00000000
     431265.000 ns	     43125	800091b4	a1c68653	fle.s	x12,f13,f28	 f13:0x430bb185 f28:0x47ffffae x12=0x00000001
     431285.000 ns	     43127	800091b8	00081e33	sll	x28,x16,x0	 x16:0xfffff826  x0:0x00000000 x28=0xfffff826
     431295.000 ns	     43128	800091bc	002761b3	or	x3,x14,x2	 x14:0x00000000  x2:0x00000000  x3=0x00000000
     431315.000 ns	     43130	800091c0	29209d53	fmax.s	f26,f1,f18	  f1:0x7fc00000 f18:0x00000000 f26=0x00000000
     431335.000 ns	     43132	800091c4	c4544713	xori	x14,x8,-955	  x8:0x80040fe4 x14=0x7ffbf3a1
     431345.000 ns	     43133	800091c8	00abedb3	or	x27,x23,x10	 x23:0x00000004 x10:0x063ec2ec x27=0x063ec2ec
     431385.000 ns	     43137	800091cc	089dfa53	fsub.s	f20,f27,f9	 f27:0x477fffae  f9:0x47ffffae f20=0xc77fffae
     431405.000 ns	     43139	800091d0	00832f33	slt	x30,x6,x8	  x6:0x00000000  x8:0x80040fe4 x30=0x00000000
     431415.000 ns	     43140	800091d4	41778ab3	sub	x21,x15,x23	 x15:0xf9c13d14 x23:0x00000004 x21=0xf9c13d10
     431425.000 ns	     43141	800091d8	40518033	sub	x0,x3,x5	  x3:0x00000000  x5:0x00000000
     431435.000 ns	     43142	800091dc	00d98c33	add	x24,x19,x13	 x19:0xf9c13d14 x13:0xfe1c1000 x24=0xf7dd4d14
     431445.000 ns	     43143	800091e0	003d3533	sltu	x10,x26,x3	 x26:0x00005ea9  x3:0x00000000 x10=0x00000000
     431465.000 ns	     43145	800091e4	28b996d3	fmax.s	f13,f19,f11	 f19:0x4fffff5c f11:0x00000000 f13=0x4fffff5c
     431485.000 ns	     43147	800091e8	50cec093	xori	x1,x29,1292	 x29:0x8004142c  x1=0x80041120
     431505.000 ns	     43149	800091ec	289905d3	fmin.s	f11,f18,f9	 f18:0x00000000  f9:0x47ffffae f11=0x00000000
     431535.000 ns	     43152	800091f0	029e8133	mul	x2,x29,x9	 x29:0x8004142c  x9:0x00000000  x2=0x00000000
     431565.000 ns	     43155	800091f4	f00a84d3	fmv.w.x	f9,x21	 x21:0xf9c13d10  f9=0xf9c13d10
     431595.000 ns	     43158	800091f8	a0089ad3	flt.s	x21,f17,f0	 f17:0x47ffffae  f0:0x4f7ffff8 x21=0x00000001
     431625.000 ns	     43161	800091fc	28219453	fmax.s	f8,f3,f2	  f3:0x00000000  f2:0x47ffffae  f8=0x47ffffae
     431655.000 ns	     43164	80009200	c00cfc53	fcvt.w.s	x24,f25	 f25:0x80041024 x24=0x00000000
     431685.000 ns	     43167	80009204	214290d3	fsgnjn.s	f1,f5,f20	  f5:0xffc00000 f20:0xc77fffae  f1=0x7fc00000
     431715.000 ns	     43170	80009208	022134b3	mulhu	x9,x2,x2	  x2:0x00000000  x2:0x00000000  x9=0x00000000
     431735.000 ns	     43172	8000920c	b39fe113	ori	x2,x31,-1223	 x31:0x3d140000  x2=0xfffffb39
     431755.000 ns	     43174	80009210	2031a253	fsgnjx.s	f4,f3,f3	  f3:0x00000000  f3:0x00000000  f4=0x00000000
     431775.000 ns	     43176	80009214	002889b3	add	x19,x17,x2	 x17:0x00000000  x2:0x00000000 x19=0xfffffb39
     431795.000 ns	     43178	80009218	c0162853	fcvt.wu.s	x16,f12	 f12:0x7fc00000 x16=0xffffffff
     431815.000 ns	     43180	8000921c	eaf82b13	slti	x22,x16,-337	 x16:0xfffff826 x22=0x00000000
     431835.000 ns	     43182	80009220	21508ed3	fsgnj.s	f29,f1,f21	  f1:0x7fc00000 f21:0x7fc00000 f29=0x7fc00000
     431865.000 ns	     43185	80009224	03e9aeb3	mulhsu	x29,x19,x30	 x19:0xfffffb39 x30:0x00000000 x29=0x00000000
     431895.000 ns	     43188	80009228	e00c98d3	fclass.s	x17,f25	 f25:0x80041024 x17=0x00000004
     431925.000 ns	     43191	8000922c	0388af33	mulhsu	x30,x17,x24	 x17:0x00000000 x24:0x00000000 x30=0x00000000
     431945.000 ns	     43193	80009230	016c1013	slli	x0,x24,0x16	 x24:0x00000000
     431965.000 ns	     43195	80009234	28e48353	fmin.s	f6,f9,f14	  f9:0xf9c13d10 f14:0x00000000  f6=0xf9c13d10
     431995.000 ns	     43198	80009238	0383c333	div	x6,x7,x24	  x7:0x3d140000 x24:0x00000000  x6=0xffffffff
     432365.000 ns	     43235	8000923c	033b7633	remu	x12,x22,x19	 x22:0x00000000 x19:0xfffffb39 x12=0x00000000
     432385.000 ns	     43237	80009240	0028df93	srli	x31,x17,0x2	 x17:0x00000004 x31=0x00000001
     432395.000 ns	     43238	80009244	00351ab3	sll	x21,x10,x3	 x10:0x00000000  x3:0x00000000 x21=0x00000000
     432405.000 ns	     43239	80009248	01923633	sltu	x12,x4,x25	  x4:0x00000001 x25:0xffffffff x12=0x00000001
     432435.000 ns	     43242	8000924c	1193af53	fmul.s	f30,f7,f25	  f7:0xf9c13d14 f25:0x80041024 f30=0x384448d3
     432465.000 ns	     43245	80009250	e0090153	fmv.x.w	x2,f18	 f18:0x00000000  x2=0x00000000
     432495.000 ns	     43248	80009254	02d61cb3	mulh	x25,x12,x13	 x12:0x00000001 x13:0xfe1c1000 x25=0xffffffff
     432515.000 ns	     43250	80009258	6d419b97	auipc	x23,0x6d419	 x23=0xed422258
     432545.000 ns	     43253	8000925c	11cd4f53	fmul.s	f30,f26,f28	 f26:0x00000000 f28:0x47ffffae f30=0x00000000
     432565.000 ns	     43255	80009260	00371733	sll	x14,x14,x3	 x14:0x7ffbf3a1  x3:0x00000000 x14=0x7ffbf3a1
     432575.000 ns	     43256	80009264	01a59493	slli	x9,x11,0x1a	 x11:0x80041024  x9=0x90000000
     432595.000 ns	     43258	80009268	28bc99d3	fmax.s	f19,f25,f11	 f25:0x80041024 f11:0x00000000 f19=0x00000000
     432625.000 ns	     43261	8000926c	c001f553	fcvt.w.s	x10,f3	  f3:0x00000000 x10=0x00000000
     432645.000 ns	     43263	80009270	01e21d93	slli	x27,x4,0x1e	  x4:0x00000001 x27=0x40000000
     432665.000 ns	     43265	80009274	a1d69c53	flt.s	x24,f13,f29	 f13:0x4fffff5c f29:0x7fc00000 x24=0x00000000
     432695.000 ns	     43268	80009278	29b40ed3	fmin.s	f29,f8,f27	  f8:0x47ffffae f27:0x477fffae f29=0x477fffae
     432715.000 ns	     43270	8000927c	01d999b3	sll	x19,x19,x29	 x19:0xfffffb39 x29:0x00000000 x19=0xfffffb39
     432745.000 ns	     43273	80009280	5804f853	fsqrt.s	f16,f9	  f9:0xf9c13d10 f16=0x7fc00000
     432785.000 ns	     43277	80009284	10f72453	fmul.s	f8,f14,f15	 f14:0x00000000 f15:0x7fc00000  f8=0x7fc00000
     432805.000 ns	     43279	80009288	f0798e13	addi	x28,x19,-249	 x19:0xfffffb39 x28=0xfffffa40
     432815.000 ns	     43280	8000928c	00bb50b3	srl	x1,x22,x11	 x22:0x00000000 x11:0x80041024  x1=0x00000000
     432825.000 ns	     43281	80009290	ad123c93	sltiu	x25,x4,-1327	  x4:0x00000001 x25=0x00000001
     432845.000 ns	     43283	80009294	e0059153	fclass.s	x2,f11	 f11:0x00000000  x2=0x00000010
     433215.000 ns	     43320	80009298	027c5d33	divu	x26,x24,x7	 x24:0x00000000  x7:0x3d140000 x26=0x00000000
     434395.000 ns	     43438	8000929c	580e20d3	fsqrt.s	f1,f28	 f28:0x47ffffae  f1=0x43b5048f
     434765.000 ns	     43475	800092a0	02d0e2b3	rem	x5,x1,x13	  x1:0x00000000 x13:0xfe1c1000  x5=0x00000000
     434785.000 ns	     43477	800092a4	01de6133	or	x2,x28,x29	 x28:0xfffffa40 x29:0x00000000  x2=0xfffffa40
     434805.000 ns	     43479	800092a8	c00cfc53	fcvt.w.s	x24,f25	 f25:0x80041024 x24=0x00000000
     434835.000 ns	     43482	800092ac	a15fafd3	feq.s	x31,f31,f21	 f31:0x7fc00000 f21:0x7fc00000 x31=0x00000000
     434855.000 ns	     43484	800092b0	006778b3	and	x17,x14,x6	 x14:0x7ffbf3a1  x6:0xffffffff x17=0x7ffbf3a1
     434875.000 ns	     43486	800092b4	c0150153	fcvt.wu.s	x2,f10	 f10:0x477fffae  x2=0x00010000
     435245.000 ns	     43523	800092b8	0274fc33	remu	x24,x9,x7	  x9:0x90000000  x7:0x3d140000 x24=0x15d80000
     435615.000 ns	     43560	800092bc	02dac233	div	x4,x21,x13	 x21:0x00000000 x13:0xfe1c1000  x4=0x00000000
     435635.000 ns	     43562	800092c0	00769193	slli	x3,x13,0x7	 x13:0xfe1c1000  x3=0x0e080000
     435665.000 ns	     43565	800092c4	5802f2d3	fsqrt.s	f5,f5	  f5:0xffc00000  f5=0x7fc00000
     435695.000 ns	     43568	800092c8	a1e309d3	fle.s	x19,f6,f30	  f6:0xf9c13d10 f30:0x00000000 x19=0x00000001
     435715.000 ns	     43570	800092cc	9d065917	auipc	x18,0x9d065	 x18=0x1d06e2cc
     435725.000 ns	     43571	800092d0	003b6f33	or	x30,x22,x3	 x22:0x00000000  x3:0x0e080000 x30=0x0e080000
     435735.000 ns	     43572	800092d4	015421b3	slt	x3,x8,x21	  x8:0x80040fe4 x21:0x00000000  x3=0x00000001
     435755.000 ns	     43574	800092d8	214799d3	fsgnjn.s	f19,f15,f20	 f15:0x7fc00000 f20:0xc77fffae f19=0x7fc00000
     435785.000 ns	     43577	800092dc	03a909b3	mul	x19,x18,x26	 x18:0x1d06e2cc x26:0x00000000 x19=0x00000000
     435805.000 ns	     43579	800092e0	11e93213	sltiu	x4,x18,286	 x18:0x1d06e2cc  x4=0x00000000
     435815.000 ns	     43580	800092e4	d39b8397	auipc	x7,0xd39b8	  x7=0x539c12e4
     435835.000 ns	     43582	800092e8	291a8e53	fmin.s	f28,f21,f17	 f21:0x7fc00000 f17:0x47ffffae f28=0x47ffffae
     435855.000 ns	     43584	800092ec	03866d93	ori	x27,x12,56	 x12:0x00000001 x27=0x00000039
     435865.000 ns	     43585	800092f0	00577233	and	x4,x14,x5	 x14:0x7ffbf3a1  x5:0x00000000  x4=0x00000000
     435885.000 ns	     43587	800092f4	c007bed3	fcvt.w.s	x29,f15	 f15:0x7fc00000 x29=0x7fffffff
     435915.000 ns	     43590	800092f8	e0088dd3	fmv.x.w	x27,f17	 f17:0x47ffffae x27=0x47ffffae
     435945.000 ns	     43593	800092fc	c011fcd3	fcvt.wu.s	x25,f3	  f3:0x00000000 x25=0x00000000
     435975.000 ns	     43596	80009300	d01dcbd3	fcvt.s.wu	f23,x27	 x27:0x47ffffae f23=0x4e8fffff
     436345.000 ns	     43633	80009304	03bfc733	div	x14,x31,x27	 x31:0x00000000 x27:0x47ffffae x14=0x00000000
     436375.000 ns	     43636	80009308	e0059f53	fclass.s	x30,f11	 f11:0x00000000 x30=0x00000010
     436405.000 ns	     43639	8000930c	02479d33	mulh	x26,x15,x4	 x15:0xf9c13d14  x4:0x00000000 x26=0x00000000
     436775.000 ns	     43676	80009310	023e6533	rem	x10,x28,x3	 x28:0xfffffa40  x3:0x00000001 x10=0x00000000
     436795.000 ns	     43678	80009314	0151d993	srli	x19,x3,0x15	  x3:0x00000001 x19=0x00000000
     436815.000 ns	     43680	80009318	a12b08d3	fle.s	x17,f22,f18	 f22:0x7fc00000 f18:0x00000000 x17=0x00000000
     437185.000 ns	     43717	8000931c	0274cd33	div	x26,x9,x7	  x9:0x90000000  x7:0x539c12e4 x26=0xffffffff
     437215.000 ns	     43720	80009320	29f218d3	fmax.s	f17,f4,f31	  f4:0x00000000 f31:0x7fc00000 f17=0x00000000
     437235.000 ns	     43722	80009324	bbb2ec93	ori	x25,x5,-1093	  x5:0x00000000 x25=0xfffffbbb
     437245.000 ns	     43723	80009328	41aad0b3	sra	x1,x21,x26	 x21:0x00000000 x26:0xffffffff  x1=0x00000000
     438415.000 ns	     43840	8000932c	580ef653	fsqrt.s	f12,f29	 f29:0x477fffae f12=0x4335042a
     438465.000 ns	     43845	80009330	017dfed3	fadd.s	f29,f27,f23	 f27:0x477fffae f23:0x4e8fffff f29=0x4e9001fe
     438835.000 ns	     43882	80009334	02d4efb3	rem	x31,x9,x13	  x9:0x90000000 x13:0xfe1c1000 x31=0xff885000
     438855.000 ns	     43884	80009338	00d60833	add	x16,x12,x13	 x12:0x00000001 x13:0xfe1c1000 x16=0xfe1c1001
     438865.000 ns	     43885	8000933c	41d6dbb3	sra	x23,x13,x29	 x13:0xfe1c1000 x29:0x7fffffff x23=0xffffffff
     438875.000 ns	     43886	80009340	7ff8e993	ori	x19,x17,2047	 x17:0x00000000 x19=0x000007ff
     438895.000 ns	     43888	80009344	d014f5d3	fcvt.s.wu	f11,x9	  x9:0x90000000 f11=0x4f100000
     438925.000 ns	     43891	80009348	e00d9ad3	fclass.s	x21,f27	 f27:0x477fffae x21=0x00000040
     438945.000 ns	     43893	8000934c	40e50bb3	sub	x23,x10,x14	 x10:0x00000000 x14:0x00000000 x23=0x00000000
     439305.000 ns	     43929	80009350	02fe7533	remu	x10,x28,x15	 x28:0xfffffa40 x15:0xf9c13d14 x10=0x063ebd2c
     439675.000 ns	     43966	80009354	03eaf6b3	remu	x13,x21,x30	 x21:0x00000040 x30:0x00000010 x13=0x00000000
     439705.000 ns	     43969	80009358	f0048353	fmv.w.x	f6,x9	  x9:0x90000000  f6=0x90000000
     439725.000 ns	     43971	8000935c	00ea3633	sltu	x12,x20,x14	 x20:0x00000000 x14:0x00000000 x12=0x00000000
     439745.000 ns	     43973	80009360	a1279ad3	flt.s	x21,f15,f18	 f15:0x7fc00000 f18:0x00000000 x21=0x00000000
     439785.000 ns	     43977	80009364	195a77d3	fdiv.s	f15,f20,f21	 f20:0xc77fffae f21:0x7fc00000 f15=0x7fc00000
     439815.000 ns	     43980	80009368	29350853	fmin.s	f16,f10,f19	 f10:0x477fffae f19:0x7fc00000 f16=0x477fffae
     439835.000 ns	     43982	8000936c	7b862913	slti	x18,x12,1976	 x12:0x00000000 x18=0x00000001
     439855.000 ns	     43984	80009370	02259233	mulh	x4,x11,x2	 x11:0x80041024  x2:0x00010000  x4=0xffff8004
     439875.000 ns	     43986	80009374	40395893	srai	x17,x18,0x3	 x18:0x1d06e2cc x17=0x00000000
     439895.000 ns	     43988	80009378	d015fa53	fcvt.s.wu	f20,x11	 x11:0x80041024 f20=0x4f000410
     439915.000 ns	     43990	8000937c	007e5c93	srli	x25,x28,0x7	 x28:0xfffffa40 x25=0x01fffff4
     439935.000 ns	     43992	80009380	a10e2153	feq.s	x2,f28,f16	 f28:0x47ffffae f16:0x477fffae  x2=0x00000000
     439955.000 ns	     43994	80009384	c601f317	auipc	x6,0xc601f	  x6=0x46028384
     439975.000 ns	     43996	80009388	022361b3	rem	x3,x6,x2	  x6:0xffffffff  x2:0x00000000  x3=0x46028384
     439995.000 ns	     43998	8000938c	004713b3	sll	x7,x14,x4	 x14:0x00000000  x4:0xffff8004  x7=0x00000000
     440005.000 ns	     43999	80009390	41b2d513	srai	x10,x5,0x1b	  x5:0x00000000 x10=0x00000000
     440015.000 ns	     44000	80009394	cdb26313	ori	x6,x4,-805	  x4:0xffff8004  x6=0xfffffcdf
     440035.000 ns	     44002	80009398	d01e93d3	fcvt.s.wu	f7,x29	 x29:0x7fffffff  f7=0x4effffff
     440055.000 ns	     44004	8000939c	9bf3a393	slti	x7,x7,-1601	  x7:0x00000000  x7=0x00000000
     440065.000 ns	     44005	800093a0	003946b3	xor	x13,x18,x3	 x18:0x00000001  x3:0x46028384 x13=0x46028385
     440085.000 ns	     44007	800093a4	02db3eb3	mulhu	x29,x22,x13	 x22:0x00000000 x13:0x00000000 x29=0x00000000
     440105.000 ns	     44009	800093a8	0196d633	srl	x12,x13,x25	 x13:0x00000000 x25:0x01fffff4 x12=0x00000460
     440125.000 ns	     44011	800093ac	03da4633	div	x12,x20,x29	 x20:0x00000000 x29:0x00000000 x12=0xffffffff
     440145.000 ns	     44013	800093b0	0075d733	srl	x14,x11,x7	 x11:0x80041024  x7:0x00000000 x14=0x80041024
     440165.000 ns	     44015	800093b4	d016f053	fcvt.s.wu	f0,x13	 x13:0x46028385  f0=0x4e8c0507
     440185.000 ns	     44017	800093b8	e4d9fc13	andi	x24,x19,-435	 x19:0x000007ff x24=0x0000064d
     440205.000 ns	     44019	800093bc	280a0dd3	fmin.s	f27,f20,f0	 f20:0x4f000410  f0:0x4e8c0507 f27=0x4e8c0507
     440255.000 ns	     44024	800093c0	00094653	fadd.s	f12,f18,f0	 f18:0x00000000  f0:0x4e8c0507 f12=0x4e8c0507
     440305.000 ns	     44029	800093c4	01564cd3	fadd.s	f25,f12,f21	 f12:0x4335042a f21:0x7fc00000 f25=0x7fc00000
     440325.000 ns	     44031	800093c8	2ea031b7	lui	x3,0x2ea03	  x3=0x2ea03000
     440335.000 ns	     44032	800093cc	00b49393	slli	x7,x9,0xb	  x9:0x90000000  x7=0x00000000
     440695.000 ns	     44068	800093d0	02e973b3	remu	x7,x18,x14	 x18:0x00000001 x14:0x80041024  x7=0x00000001
     440725.000 ns	     44071	800093d4	29c79253	fmax.s	f4,f15,f28	 f15:0x7fc00000 f28:0x47ffffae  f4=0x47ffffae
     440765.000 ns	     44075	800093d8	19cb4bd3	fdiv.s	f23,f22,f28	 f22:0x7fc00000 f28:0x47ffffae f23=0x7fc00000
     440785.000 ns	     44077	800093dc	0018dc13	srli	x24,x17,0x1	 x17:0x00000000 x24=0x00000000
     440795.000 ns	     44078	800093e0	4f2f2137	lui	x2,0x4f2f2	  x2=0x4f2f2000
     440805.000 ns	     44079	800093e4	4180db33	sra	x22,x1,x24	  x1:0x00000000 x24:0x0000064d x22=0x00000000
     440815.000 ns	     44080	800093e8	58a33c13	sltiu	x24,x6,1418	  x6:0xfffffcdf x24=0x00000000
     440825.000 ns	     44081	800093ec	dfe6cf93	xori	x31,x13,-514	 x13:0x46028385 x31=0xb9fd7e7b
     440835.000 ns	     44082	800093f0	3d8d0493	addi	x9,x26,984	 x26:0xffffffff  x9=0x000003d7
     440855.000 ns	     44084	800093f4	d015f453	fcvt.s.wu	f8,x11	 x11:0x80041024  f8=0x4f000410
     440885.000 ns	     44087	800093f8	21d1abd3	fsgnjx.s	f23,f3,f29	  f3:0x00000000 f29:0x4e9001fe f23=0x00000000
     442065.000 ns	     44205	800093fc	5805cad3	fsqrt.s	f21,f11	 f11:0x4f100000 f21=0x46cba4f0
     442085.000 ns	     44207	80009400	00000013	addi	x0,x0,0	  x0:0x00000000
     442095.000 ns	     44208	80009404	007684b3	add	x9,x13,x7	 x13:0x46028385  x7:0x00000001  x9=0x46028386
     442105.000 ns	     44209	80009408	50c08d13	addi	x26,x1,1292	  x1:0x00000000 x26=0x0000050c
     442465.000 ns	     44245	8000940c	02945233	divu	x4,x8,x9	  x8:0x80040fe4  x9:0x000003d7  x4=0x00000001
     442495.000 ns	     44248	80009410	a117a753	feq.s	x14,f15,f17	 f15:0x7fc00000 f17:0x00000000 x14=0x00000000
     442545.000 ns	     44253	80009414	00c87153	fadd.s	f2,f16,f12	 f16:0x477fffae f12:0x4e8c0507  f2=0x4e8c0706
     442575.000 ns	     44256	80009418	a0799553	flt.s	x10,f19,f7	 f19:0x7fc00000  f7:0x4effffff x10=0x00000000
     442595.000 ns	     44258	8000941c	4177d193	srai	x3,x15,0x17	 x15:0xf9c13d14  x3=0xfffffff3
     442615.000 ns	     44260	80009420	0385e233	rem	x4,x11,x24	 x11:0x80041024 x24:0x00000000  x4=0x80041024
     442635.000 ns	     44262	80009424	0020f933	and	x18,x1,x2	  x1:0x00000000  x2:0x4f2f2000 x18=0x00000000
     442645.000 ns	     44263	80009428	407a8d33	sub	x26,x21,x7	 x21:0x00000000  x7:0x00000001 x26=0xffffffff
     442655.000 ns	     44264	8000942c	15521e17	auipc	x28,0x15521	 x28=0x9552a42c
     442665.000 ns	     44265	80009430	738a6317	auipc	x6,0x738a6	  x6=0xf38af430
     442685.000 ns	     44267	80009434	f0030ed3	fmv.w.x	f29,x6	  x6:0xfffffcdf f29=0xf38af430
     443055.000 ns	     44304	80009438	03317f33	remu	x30,x2,x19	  x2:0x4f2f2000 x19:0x000007ff x30=0x00000720
     443425.000 ns	     44341	8000943c	039b7733	remu	x14,x22,x25	 x22:0x00000000 x25:0x01fffff4 x14=0x00000000
     443445.000 ns	     44343	80009440	701a4113	xori	x2,x20,1793	 x20:0x00000000  x2=0x00000701
     443455.000 ns	     44344	80009444	00000013	addi	x0,x0,0	  x0:0x00000000
     443475.000 ns	     44346	80009448	03349eb3	mulh	x29,x9,x19	  x9:0x46028386 x19:0x000007ff x29=0x0000022f
     443505.000 ns	     44349	8000944c	20a623d3	fsgnjx.s	f7,f12,f10	 f12:0x4e8c0507 f10:0x477fffae  f7=0x4e8c0507
     443535.000 ns	     44352	80009450	21612453	fsgnjx.s	f8,f2,f22	  f2:0x4e8c0706 f22:0x7fc00000  f8=0x4e8c0706
     443565.000 ns	     44355	80009454	c0139e53	fcvt.wu.s	x28,f7	  f7:0x4e8c0507 x28=0x46028380
     443585.000 ns	     44357	80009458	00000013	addi	x0,x0,0	  x0:0x00000000
     443605.000 ns	     44359	8000945c	d017f3d3	fcvt.s.wu	f7,x15	 x15:0xf9c13d14  f7=0x4f79c13d
     443975.000 ns	     44396	80009460	039d6c33	rem	x24,x26,x25	 x26:0xffffffff x25:0x01fffff4 x24=0xffffffff
     444345.000 ns	     44433	80009464	03814a33	div	x20,x2,x24	  x2:0x00000701 x24:0x00000000 x20=0xfffff8ff
     444375.000 ns	     44436	80009468	e00901d3	fmv.x.w	x3,f18	 f18:0x00000000  x3=0x00000000
     444405.000 ns	     44439	8000946c	02bebf33	mulhu	x30,x29,x11	 x29:0x0000022f x11:0x80041024 x30=0x00000117
     444455.000 ns	     44444	80009470	006813d3	fadd.s	f7,f16,f6	 f16:0x477fffae  f6:0x90000000  f7=0x477fffae
     444475.000 ns	     44446	80009474	bae6fc17	auipc	x24,0xbae6f	 x24=0x3ae78474
     444485.000 ns	     44447	80009478	004522b3	slt	x5,x10,x4	 x10:0x00000000  x4:0x80041024  x5=0x00000000
     444495.000 ns	     44448	8000947c	c1b22693	slti	x13,x4,-997	  x4:0x80041024 x13=0x00000001
     444505.000 ns	     44449	80009480	04ce0393	addi	x7,x28,76	 x28:0x46028380  x7=0x460283cc
     444515.000 ns	     44450	80009484	11d33c13	sltiu	x24,x6,285	  x6:0xf38af430 x24=0x00000000
     444535.000 ns	     44452	80009488	a0d11253	flt.s	x4,f2,f13	  f2:0x4e8c0706 f13:0x4fffff5c  x4=0x00000001
     444555.000 ns	     44454	8000948c	003d91b3	sll	x3,x27,x3	 x27:0x47ffffae  x3:0x00000000  x3=0x47ffffae
     444575.000 ns	     44456	80009490	28e81e53	fmax.s	f28,f16,f14	 f16:0x477fffae f14:0x00000000 f28=0x477fffae
     444605.000 ns	     44459	80009494	021a8eb3	mul	x29,x21,x1	 x21:0x00000000  x1:0x00000000 x29=0x00000000
     444625.000 ns	     44461	80009498	005c5bb3	srl	x23,x24,x5	 x24:0x00000000  x5:0x00000000 x23=0x00000000
     444645.000 ns	     44463	8000949c	c0027fd3	fcvt.w.s	x31,f4	  f4:0x47ffffae x31=0x0001ffff
     444665.000 ns	     44465	800094a0	00bf8eb3	add	x29,x31,x11	 x31:0xb9fd7e7b x11:0x80041024 x29=0x80061023
     444675.000 ns	     44466	800094a4	00ac9f33	sll	x30,x25,x10	 x25:0x01fffff4 x10:0x00000000 x30=0x01fffff4
     444695.000 ns	     44468	800094a8	29569a53	fmax.s	f20,f13,f21	 f13:0x4fffff5c f21:0x46cba4f0 f20=0x4fffff5c
     444715.000 ns	     44470	800094ac	ff717393	andi	x7,x2,-9	  x2:0x00000701  x7=0x00000701
     444725.000 ns	     44471	800094b0	00000013	addi	x0,x0,0	  x0:0x00000000
     444745.000 ns	     44473	800094b4	288e8fd3	fmin.s	f31,f29,f8	 f29:0xf38af430  f8:0x4e8c0706 f31=0xf38af430
     444775.000 ns	     44476	800094b8	e0041ad3	fclass.s	x21,f8	  f8:0x4e8c0706 x21=0x00000040
     444805.000 ns	     44479	800094bc	d007f5d3	fcvt.s.w	f11,x15	 x15:0xf9c13d14 f11=0xccc7d85d
     444825.000 ns	     44481	800094c0	00ae86b3	add	x13,x29,x10	 x29:0x80061023 x10:0x00000000 x13=0x80061023
     444835.000 ns	     44482	800094c4	00c8fb33	and	x22,x17,x12	 x17:0x00000000 x12:0xffffffff x22=0x00000000
     446005.000 ns	     44599	800094c8	580114d3	fsqrt.s	f9,f2	  f2:0x4e8c0706  f9=0x4705e0bf
     446035.000 ns	     44602	800094cc	285009d3	fmin.s	f19,f0,f5	  f0:0x4e8c0507  f5:0x7fc00000 f19=0x4e8c0507
     446055.000 ns	     44604	800094d0	40a401b3	sub	x3,x8,x10	  x8:0x80040fe4 x10:0x00000000  x3=0x80040fe4
     446095.000 ns	     44608	800094d4	08037dd3	fsub.s	f27,f6,f0	  f6:0x90000000  f0:0x4e8c0507 f27=0xce8c0507
     446115.000 ns	     44610	800094d8	01a2e233	or	x4,x5,x26	  x5:0x00000000 x26:0xffffffff  x4=0xffffffff
     446125.000 ns	     44611	800094dc	41e3db13	srai	x22,x7,0x1e	  x7:0x00000701 x22=0x00000000
     446145.000 ns	     44613	800094e0	a0df0cd3	fle.s	x25,f30,f13	 f30:0x00000000 f13:0x4fffff5c x25=0x00000001
     446165.000 ns	     44615	800094e4	01c59133	sll	x2,x11,x28	 x11:0x80041024 x28:0x46028380  x2=0x80041024
     446525.000 ns	     44651	800094e8	028fcab3	div	x21,x31,x8	 x31:0x0001ffff  x8:0x80040fe4 x21=0x00000000
     446545.000 ns	     44653	800094ec	82eb7537	lui	x10,0x82eb7	 x10=0x82eb7000
     446565.000 ns	     44655	800094f0	f00801d3	fmv.w.x	f3,x16	 x16:0xfe1c1001  f3=0xfe1c1001
     446595.000 ns	     44658	800094f4	02cc9933	mulh	x18,x25,x12	 x25:0x00000001 x12:0xffffffff x18=0xffffffff
     446615.000 ns	     44660	800094f8	4091d133	sra	x2,x3,x9	  x3:0x80040fe4  x9:0x46028386  x2=0xfe00103f
     446655.000 ns	     44664	800094fc	001cc2d3	fadd.s	f5,f25,f1	 f25:0x7fc00000  f1:0x43b5048f  f5=0x7fc00000
     446705.000 ns	     44669	80009500	091d3153	fsub.s	f2,f26,f17	 f26:0x00000000 f17:0x00000000  f2=0x80000000
     446735.000 ns	     44672	80009504	a0e91953	flt.s	x18,f18,f14	 f18:0x00000000 f14:0x00000000 x18=0x00000000
     446755.000 ns	     44674	80009508	009bb933	sltu	x18,x23,x9	 x23:0x00000000  x9:0x46028386 x18=0x00000001
     446765.000 ns	     44675	8000950c	a1da0a13	addi	x20,x20,-1507	 x20:0xfffff8ff x20=0xfffff31c
     446785.000 ns	     44677	80009510	200f82d3	fsgnj.s	f5,f31,f0	 f31:0xf38af430  f0:0x4e8c0507  f5=0x738af430
     446815.000 ns	     44680	80009514	03741233	mulh	x4,x8,x23	  x8:0x80040fe4 x23:0x00000000  x4=0x00000000
     446835.000 ns	     44682	80009518	000f6533	or	x10,x30,x0	 x30:0x01fffff4  x0:0x00000000 x10=0x01fffff4
     446845.000 ns	     44683	8000951c	001319b3	sll	x19,x6,x1	  x6:0xf38af430  x1:0x00000000 x19=0xf38af430
     446865.000 ns	     44685	80009520	216a2dd3	fsgnjx.s	f27,f20,f22	 f20:0x4fffff5c f22:0x7fc00000 f27=0x4fffff5c
     446905.000 ns	     44689	80009524	100238d3	fmul.s	f17,f4,f0	  f4:0x47ffffae  f0:0x4e8c0507 f17=0x570c04db
     446925.000 ns	     44691	80009528	00ec5fb3	srl	x31,x24,x14	 x24:0x00000000 x14:0x00000000 x31=0x00000000
     446945.000 ns	     44693	8000952c	202f28d3	fsgnjx.s	f17,f30,f2	 f30:0x00000000  f2:0x80000000 f17=0x80000000
     446965.000 ns	     44695	80009530	4040dd33	sra	x26,x1,x4	  x1:0x00000000  x4:0x00000000 x26=0x00000000
     448135.000 ns	     44812	80009534	58027dd3	fsqrt.s	f27,f4	  f4:0x47ffffae f27=0x43b5048f
     448155.000 ns	     44814	80009538	00000013	addi	x0,x0,0	  x0:0x00000000
     448165.000 ns	     44815	8000953c	07c2fc13	andi	x24,x5,124	  x5:0x00000000 x24=0x00000000
     448175.000 ns	     44816	80009540	00f1ddb3	srl	x27,x3,x15	  x3:0x80040fe4 x15:0xf9c13d14 x27=0x00000800
     448185.000 ns	     44817	80009544	019d1313	slli	x6,x26,0x19	 x26:0x00000000  x6=0x00000000
     448205.000 ns	     44819	80009548	03291a33	mulh	x20,x18,x18	 x18:0x00000001 x18:0x00000001 x20=0x00000000
     448225.000 ns	     44821	8000954c	1de4ce37	lui	x28,0x1de4c	 x28=0x1de4c000
     448235.000 ns	     44822	80009550	01aa5b13	srli	x22,x20,0x1a	 x20:0x00000000 x22=0x00000000
     448245.000 ns	     44823	80009554	40860833	sub	x16,x12,x8	 x12:0xffffffff  x8:0x80040fe4 x16=0x7ffbf01b
     448255.000 ns	     44824	80009558	96f7f113	andi	x2,x15,-1681	 x15:0xf9c13d14  x2=0xf9c13904
     448275.000 ns	     44826	8000955c	a1979153	flt.s	x2,f15,f25	 f15:0x7fc00000 f25:0x7fc00000  x2=0x00000000
     448295.000 ns	     44828	80009560	9da7f493	andi	x9,x15,-1574	 x15:0xf9c13d14  x9=0xf9c13910
     448315.000 ns	     44830	80009564	29358153	fmin.s	f2,f11,f19	 f11:0xccc7d85d f19:0x4e8c0507  f2=0xccc7d85d
     448335.000 ns	     44832	80009568	018f99b3	sll	x19,x31,x24	 x31:0x00000000 x24:0x00000000 x19=0x00000000
     448355.000 ns	     44834	8000956c	d00315d3	fcvt.s.w	f11,x6	  x6:0x00000000 f11=0x00000000
     448725.000 ns	     44871	80009570	02f5e133	rem	x2,x11,x15	 x11:0x80041024 x15:0xf9c13d14  x2=0xfceb4a94
     448755.000 ns	     44874	80009574	a0de9953	flt.s	x18,f29,f13	 f29:0xf38af430 f13:0x4fffff5c x18=0x00000001
     449125.000 ns	     44911	80009578	029cfd33	remu	x26,x25,x9	 x25:0x00000001  x9:0xf9c13910 x26=0x00000001
     449145.000 ns	     44913	8000957c	01191813	slli	x16,x18,0x11	 x18:0x00000001 x16=0x00020000
     449155.000 ns	     44914	80009580	00507db3	and	x27,x0,x5	  x0:0x00000000  x5:0x00000000 x27=0x00000000
     449165.000 ns	     44915	80009584	0056ef33	or	x30,x13,x5	 x13:0x80061023  x5:0x00000000 x30=0x80061023
     449185.000 ns	     44917	80009588	a1699353	flt.s	x6,f19,f22	 f19:0x4e8c0507 f22:0x7fc00000  x6=0x00000000
     450365.000 ns	     45035	8000958c	5802f0d3	fsqrt.s	f1,f5	  f5:0x738af430  f1=0x59855d1d
     450405.000 ns	     45039	80009590	1000f653	fmul.s	f12,f1,f0	  f1:0x43b5048f  f0:0x4e8c0507 f12=0x6891e314
     450435.000 ns	     45042	80009594	a0aa1fd3	flt.s	x31,f20,f10	 f20:0x4fffff5c f10:0x477fffae x31=0x00000000
     450465.000 ns	     45045	80009598	c00ef753	fcvt.w.s	x14,f29	 f29:0xf38af430 x14=0x80000000
     450485.000 ns	     45047	8000959c	01a2ceb3	xor	x29,x5,x26	  x5:0x00000000 x26:0x00000001 x29=0x00000001
     450495.000 ns	     45048	800095a0	01d49d13	slli	x26,x9,0x1d	  x9:0xf9c13910 x26=0x00000000
     450855.000 ns	     45084	800095a4	02d853b3	divu	x7,x16,x13	 x16:0x00020000 x13:0x80061023  x7=0x00000000
     450885.000 ns	     45087	800095a8	03f60d33	mul	x26,x12,x31	 x12:0xffffffff x31:0x00000000 x26=0x00000000
     450915.000 ns	     45090	800095ac	20f91f53	fsgnjn.s	f30,f18,f15	 f18:0x00000000 f15:0x7fc00000 f30=0x80000000
     450945.000 ns	     45093	800095b0	02ccbe33	mulhu	x28,x25,x12	 x25:0x00000001 x12:0xffffffff x28=0x00000000
     450965.000 ns	     45095	800095b4	002164b3	or	x9,x2,x2	  x2:0xfceb4a94  x2:0xfceb4a94  x9=0xfceb4a94
     450985.000 ns	     45097	800095b8	20eb01d3	fsgnj.s	f3,f22,f14	 f22:0x7fc00000 f14:0x00000000  f3=0x7fc00000
     451015.000 ns	     45100	800095bc	03c07cb3	remu	x25,x0,x28	  x0:0x00000000 x28:0x00000000 x25=0x00000000
     451035.000 ns	     45102	800095c0	40f951b3	sra	x3,x18,x15	 x18:0x00000001 x15:0xf9c13d14  x3=0x00000000
     451055.000 ns	     45104	800095c4	03a85fb3	divu	x31,x16,x26	 x16:0x00020000 x26:0x00000000 x31=0xffffffff
     451075.000 ns	     45106	800095c8	018573b3	and	x7,x10,x24	 x10:0x01fffff4 x24:0x00000000  x7=0x00000000
     451095.000 ns	     45108	800095cc	20dbaa53	fsgnjx.s	f20,f23,f13	 f23:0x00000000 f13:0x4fffff5c f20=0x00000000
     451125.000 ns	     45111	800095d0	206f0a53	fsgnj.s	f20,f30,f6	 f30:0x80000000  f6:0x90000000 f20=0x80000000
     451145.000 ns	     45113	800095d4	d7654b13	xori	x22,x10,-650	 x10:0x01fffff4 x22=0xfe000282
     451165.000 ns	     45115	800095d8	03b6c333	div	x6,x13,x27	 x13:0x80061023 x27:0x00000000  x6=0xffffffff
     451195.000 ns	     45118	800095dc	d00bf753	fcvt.s.w	f14,x23	 x23:0x00000000 f14=0x00000000
     451225.000 ns	     45121	800095e0	21e4ab53	fsgnjx.s	f22,f9,f30	  f9:0x4705e0bf f30:0x80000000 f22=0xc705e0bf
     451245.000 ns	     45123	800095e4	00f91293	slli	x5,x18,0xf	 x18:0x00000001  x5=0x00008000
     451265.000 ns	     45125	800095e8	20702ad3	fsgnjx.s	f21,f0,f7	  f0:0x4e8c0507  f7:0x477fffae f21=0x4e8c0507
     451295.000 ns	     45128	800095ec	e00b0ed3	fmv.x.w	x29,f22	 f22:0xc705e0bf x29=0xc705e0bf
     451325.000 ns	     45131	800095f0	21ca04d3	fsgnj.s	f9,f20,f28	 f20:0x80000000 f28:0x477fffae  f9=0x00000000
     451345.000 ns	     45133	800095f4	00dd5193	srli	x3,x26,0xd	 x26:0x00000000  x3=0x00000000
     451365.000 ns	     45135	800095f8	29d40b53	fmin.s	f22,f8,f29	  f8:0x4e8c0706 f29:0xf38af430 f22=0xf38af430
     451385.000 ns	     45137	800095fc	001d9d93	slli	x27,x27,0x1	 x27:0x00000000 x27=0x00000000
     451745.000 ns	     45173	80009600	03ffeb33	rem	x22,x31,x31	 x31:0xffffffff x31:0xffffffff x22=0x00000000
     452115.000 ns	     45210	80009604	02e6e033	rem	x0,x13,x14	 x13:0x80061023 x14:0x80000000
     452135.000 ns	     45212	80009608	b9a27213	andi	x4,x4,-1126	  x4:0x00000000  x4=0x00000000
     452155.000 ns	     45214	8000960c	027ce0b3	rem	x1,x25,x7	 x25:0x00000000  x7:0x00000000  x1=0x00000000
     452175.000 ns	     45216	80009610	00825f33	srl	x30,x4,x8	  x4:0x00000000  x8:0x80040fe4 x30=0x00000000
     452185.000 ns	     45217	80009614	41ea8db3	sub	x27,x21,x30	 x21:0x00000000 x30:0x80061023 x27=0x00000000
     452195.000 ns	     45218	80009618	afe42293	slti	x5,x8,-1282	  x8:0x80040fe4  x5=0x00000001
     452215.000 ns	     45220	8000961c	a02b9bd3	flt.s	x23,f23,f2	 f23:0x00000000  f2:0xccc7d85d x23=0x00000000
     452235.000 ns	     45222	80009620	22cab893	sltiu	x17,x21,556	 x21:0x00000000 x17=0x00000001
     452255.000 ns	     45224	80009624	e00f0553	fmv.x.w	x10,f30	 f30:0x80000000 x10=0x80000000
     452285.000 ns	     45227	80009628	d00db453	fcvt.s.w	f8,x27	 x27:0x00000000  f8=0x00000000
     452325.000 ns	     45231	8000962c	11befe53	fmul.s	f28,f29,f27	 f29:0xf38af430 f27:0x43b5048f f28=0xf7c4823e
     452345.000 ns	     45233	80009630	4383e993	ori	x19,x7,1080	  x7:0x00000000 x19=0x00000438
     452365.000 ns	     45235	80009634	a0e6aa53	feq.s	x20,f13,f14	 f13:0x4fffff5c f14:0x00000000 x20=0x00000000
     452395.000 ns	     45238	80009638	03010e33	mul	x28,x2,x16	  x2:0xfceb4a94 x16:0x00020000 x28=0x95280000
     452445.000 ns	     45243	8000963c	08dff053	fsub.s	f0,f31,f13	 f31:0xf38af430 f13:0x4fffff5c  f0=0xf38af430
     452475.000 ns	     45246	80009640	a1a49653	flt.s	x12,f9,f26	  f9:0x00000000 f26:0x00000000 x12=0x00000000
     452495.000 ns	     45248	80009644	0060ceb3	xor	x29,x1,x6	  x1:0x00000000  x6:0xffffffff x29=0xffffffff
     452515.000 ns	     45250	80009648	c0009153	fcvt.w.s	x2,f1	  f1:0x59855d1d  x2=0x7fffffff
     452535.000 ns	     45252	8000964c	0052b633	sltu	x12,x5,x5	  x5:0x00000001  x5:0x00000001 x12=0x00000000
     452555.000 ns	     45254	80009650	03573f33	mulhu	x30,x14,x21	 x14:0x80000000 x21:0x00000000 x30=0x00000000
     452575.000 ns	     45256	80009654	012b02b3	add	x5,x22,x18	 x22:0x00000000 x18:0x00000001  x5=0x00000001
     452595.000 ns	     45258	80009658	a1168753	fle.s	x14,f13,f17	 f13:0x4fffff5c f17:0x80000000 x14=0x00000000
     452625.000 ns	     45261	8000965c	211594d3	fsgnjn.s	f9,f11,f17	 f11:0x00000000 f17:0x80000000  f9=0x00000000
     452645.000 ns	     45263	80009660	00d00a33	add	x20,x0,x13	  x0:0x00000000 x13:0x80061023 x20=0x80061023
     452665.000 ns	     45265	80009664	c01cf9d3	fcvt.wu.s	x19,f25	 f25:0x7fc00000 x19=0xffffffff
     453035.000 ns	     45302	80009668	0305f333	remu	x6,x11,x16	 x11:0x80041024 x16:0x00020000  x6=0x00001024
     453065.000 ns	     45305	8000966c	02ee5cb3	divu	x25,x28,x14	 x28:0x95280000 x14:0x00000000 x25=0xffffffff
     453095.000 ns	     45308	80009670	c01194d3	fcvt.wu.s	x9,f3	  f3:0x7fc00000  x9=0xffffffff
     453465.000 ns	     45345	80009674	0305c633	div	x12,x11,x16	 x11:0x80041024 x16:0x00020000 x12=0xffffc003
     453485.000 ns	     45347	80009678	0161e733	or	x14,x3,x22	  x3:0x00000000 x22:0x00000000 x14=0x00000000
     453505.000 ns	     45349	8000967c	29fa1453	fmax.s	f8,f20,f31	 f20:0x80000000 f31:0xf38af430  f8=0x80000000
     453525.000 ns	     45351	80009680	4065d9b3	sra	x19,x11,x6	 x11:0x80041024  x6:0x00001024 x19=0xf8004102
     453535.000 ns	     45352	80009684	01a53cb3	sltu	x25,x10,x26	 x10:0x80000000 x26:0x00000000 x25=0x00000000
     453555.000 ns	     45354	80009688	2132a153	fsgnjx.s	f2,f5,f19	  f5:0x738af430 f19:0x4e8c0507  f2=0x738af430
     453585.000 ns	     45357	8000968c	d0128b53	fcvt.s.wu	f22,x5	  x5:0x00000001 f22=0x3f800000
     453605.000 ns	     45359	80009690	5f268893	addi	x17,x13,1522	 x13:0x80061023 x17=0x80061615
     453615.000 ns	     45360	80009694	01ea8933	add	x18,x21,x30	 x21:0x00000000 x30:0x00000000 x18=0x00000000
     453625.000 ns	     45361	80009698	ac658613	addi	x12,x11,-1338	 x11:0x80041024 x12=0x80040aea
     453635.000 ns	     45362	8000969c	411fd333	sra	x6,x31,x17	 x31:0xffffffff x17:0x80061615  x6=0xffffffff
     453655.000 ns	     45364	800096a0	a1dcab53	feq.s	x22,f25,f29	 f25:0x7fc00000 f29:0xf38af430 x22=0x00000000
     453675.000 ns	     45366	800096a4	00000013	addi	x0,x0,0	  x0:0x00000000
     453695.000 ns	     45368	800096a8	c003b3d3	fcvt.w.s	x7,f7	  f7:0x477fffae  x7=0x00010000
     453715.000 ns	     45370	800096ac	407b5f33	sra	x30,x22,x7	 x22:0x00000000  x7:0x00000000 x30=0x00000000
     453725.000 ns	     45371	800096b0	00163033	sltu	x0,x12,x1	 x12:0x80040aea  x1:0x00000000
     453735.000 ns	     45372	800096b4	58e80a93	addi	x21,x16,1422	 x16:0x00020000 x21=0x0002058e
     454095.000 ns	     45408	800096b8	0265fbb3	remu	x23,x11,x6	 x11:0x80041024  x6:0xffffffff x23=0x80041024
     454125.000 ns	     45411	800096bc	0319a9b3	mulhsu	x19,x19,x17	 x19:0xf8004102 x17:0x80061615 x19=0xfbffefd1
     454145.000 ns	     45413	800096c0	003a0fb3	add	x31,x20,x3	 x20:0x80061023  x3:0x00000000 x31=0x80061023
     454165.000 ns	     45415	800096c4	21242753	fsgnjx.s	f14,f8,f18	  f8:0x80000000 f18:0x00000000 f14=0x80000000
     454195.000 ns	     45418	800096c8	214a93d3	fsgnjn.s	f7,f21,f20	 f21:0x4e8c0507 f20:0x80000000  f7=0x4e8c0507
     454225.000 ns	     45421	800096cc	03fd1eb3	mulh	x29,x26,x31	 x26:0x00000000 x31:0x80061023 x29=0x00000000
     454255.000 ns	     45424	800096d0	03d0bab3	mulhu	x21,x1,x29	  x1:0x00000000 x29:0xffffffff x21=0x00000000
     454275.000 ns	     45426	800096d4	00956db3	or	x27,x10,x9	 x10:0x80000000  x9:0xffffffff x27=0xffffffff
     454295.000 ns	     45428	800096d8	a0881153	flt.s	x2,f16,f8	 f16:0x477fffae  f8:0x80000000  x2=0x00000000
     454325.000 ns	     45431	800096dc	d00d7e53	fcvt.s.w	f28,x26	 x26:0x00000000 f28=0x00000000
     454345.000 ns	     45433	800096e0	00028f33	add	x30,x5,x0	  x5:0x00000001  x0:0x00000000 x30=0x00000001
     454355.000 ns	     45434	800096e4	00219a33	sll	x20,x3,x2	  x3:0x00000000  x2:0x00000000 x20=0x00000000
     454385.000 ns	     45437	800096e8	10857a53	fmul.s	f20,f10,f8	 f10:0x477fffae  f8:0x80000000 f20=0x80000000
     454405.000 ns	     45439	800096ec	404edcb3	sra	x25,x29,x4	 x29:0x00000000  x4:0x00000000 x25=0x00000000
     454425.000 ns	     45441	800096f0	a1760f53	fle.s	x30,f12,f23	 f12:0x6891e314 f23:0x00000000 x30=0x00000000
     454455.000 ns	     45444	800096f4	d00cfc53	fcvt.s.w	f24,x25	 x25:0x00000000 f24=0x00000000
     454485.000 ns	     45447	800096f8	03557033	remu	x0,x10,x21	 x10:0x80000000 x21:0x00000000
     454515.000 ns	     45450	800096fc	0208a533	mulhsu	x10,x17,x0	 x17:0x80061615  x0:0x00000000 x10=0x00000000
     454535.000 ns	     45452	80009700	41b25293	srai	x5,x4,0x1b	  x4:0x00000000  x5=0x00000000
     454555.000 ns	     45454	80009704	28998653	fmin.s	f12,f19,f9	 f19:0x4e8c0507  f9:0x00000000 f12=0x00000000
     454585.000 ns	     45457	80009708	20ba9353	fsgnjn.s	f6,f21,f11	 f21:0x4e8c0507 f11:0x00000000  f6=0xce8c0507
     454615.000 ns	     45460	8000970c	03a7a133	mulhsu	x2,x15,x26	 x15:0xf9c13d14 x26:0x00000000  x2=0x00000000
     454635.000 ns	     45462	80009710	01f79913	slli	x18,x15,0x1f	 x15:0xf9c13d14 x18=0x00000000
     454645.000 ns	     45463	80009714	0167e4b3	or	x9,x15,x22	 x15:0xf9c13d14 x22:0x00000000  x9=0xf9c13d14
     454665.000 ns	     45465	80009718	e00b0553	fmv.x.w	x10,f22	 f22:0x3f800000 x10=0x3f800000
     455845.000 ns	     45583	8000971c	580ab2d3	fsqrt.s	f5,f21	 f21:0x4e8c0507  f5=0x4705dfcb
     455875.000 ns	     45586	80009720	e0050253	fmv.x.w	x4,f10	 f10:0x477fffae  x4=0x477fffae
     455895.000 ns	     45588	80009724	41dc5bb3	sra	x23,x24,x29	 x24:0x00000000 x29:0x00000000 x23=0x00000000
     455915.000 ns	     45590	80009728	e0030ad3	fmv.x.w	x21,f6	  f6:0xce8c0507 x21=0xce8c0507
     455935.000 ns	     45592	8000972c	00fd4333	xor	x6,x26,x15	 x26:0x00000000 x15:0xf9c13d14  x6=0xf9c13d14
     455945.000 ns	     45593	80009730	01d7a4b3	slt	x9,x15,x29	 x15:0xf9c13d14 x29:0x00000000  x9=0x00000001
     455955.000 ns	     45594	80009734	1795f613	andi	x12,x11,377	 x11:0x80041024 x12=0x00000020
     455965.000 ns	     45595	80009738	3f3c9b17	auipc	x22,0x3f3c9	 x22=0xbf3d2738
     455995.000 ns	     45598	8000973c	1147f0d3	fmul.s	f1,f15,f20	 f15:0x7fc00000 f20:0x80000000  f1=0x7fc00000
     456365.000 ns	     45635	80009740	02d3da33	divu	x20,x7,x13	  x7:0x00010000 x13:0x80061023 x20=0x00000000
     456385.000 ns	     45637	80009744	01de0633	add	x12,x28,x29	 x28:0x95280000 x29:0x00000000 x12=0x95280000
     456405.000 ns	     45639	80009748	027511b3	mulh	x3,x10,x7	 x10:0x3f800000  x7:0x00010000  x3=0x00003f80
     456435.000 ns	     45642	8000974c	a1811f53	flt.s	x30,f2,f24	  f2:0x738af430 f24:0x00000000 x30=0x00000000
     456475.000 ns	     45646	80009750	10b10553	fmul.s	f10,f2,f11	  f2:0x738af430 f11:0x00000000 f10=0x00000000
     456495.000 ns	     45648	80009754	00217f33	and	x30,x2,x2	  x2:0x00000000  x2:0x00000000 x30=0x00000000
     456515.000 ns	     45650	80009758	a1a1a253	feq.s	x4,f3,f26	  f3:0x7fc00000 f26:0x00000000  x4=0x00000000
     456535.000 ns	     45652	8000975c	624c1e97	auipc	x29,0x624c1	 x29=0xe24ca75c
     456555.000 ns	     45654	80009760	d003f3d3	fcvt.s.w	f7,x7	  x7:0x00010000  f7=0x47800000
     456585.000 ns	     45657	80009764	a1a09dd3	flt.s	x27,f1,f26	  f1:0x7fc00000 f26:0x00000000 x27=0x00000000
     456955.000 ns	     45694	80009768	02da5e33	divu	x28,x20,x13	 x20:0x00000000 x13:0x80061023 x28=0x00000000
     456975.000 ns	     45696	8000976c	0040a4b3	slt	x9,x1,x4	  x1:0x00000000  x4:0x00000000  x9=0x00000000
     457005.000 ns	     45699	80009770	18e3fcd3	fdiv.s	f25,f7,f14	  f7:0x47800000 f14:0x80000000 f25=0xff800000
     457025.000 ns	     45701	80009774	01c854b3	srl	x9,x16,x28	 x16:0x00020000 x28:0x00000000  x9=0x00020000
     457045.000 ns	     45703	80009778	0219aab3	mulhsu	x21,x19,x1	 x19:0xfbffefd1  x1:0x00000000 x21=0x00000000
     457065.000 ns	     45705	8000977c	01abdfb3	srl	x31,x23,x26	 x23:0x00000000 x26:0x00000000 x31=0x00000000
     457075.000 ns	     45706	80009780	41e3d293	srai	x5,x7,0x1e	  x7:0x00010000  x5=0x00000000
     457095.000 ns	     45708	80009784	02b701b3	mul	x3,x14,x11	 x14:0x00000000 x11:0x80041024  x3=0x00000000
     457125.000 ns	     45711	80009788	037ead33	mulhsu	x26,x29,x23	 x29:0xe24ca75c x23:0x00000000 x26=0x00000000
     457155.000 ns	     45714	8000978c	a14e0ed3	fle.s	x29,f28,f20	 f28:0x00000000 f20:0x80000000 x29=0x00000001
     457175.000 ns	     45716	80009790	00e4b9b3	sltu	x19,x9,x14	  x9:0x00020000 x14:0x00000000 x19=0x00000000
     457195.000 ns	     45718	80009794	291691d3	fmax.s	f3,f13,f17	 f13:0x4fffff5c f17:0x80000000  f3=0x4fffff5c
     457235.000 ns	     45722	80009798	5805f553	fsqrt.s	f10,f11	 f11:0x00000000 f10=0x00000000
     457265.000 ns	     45725	8000979c	a1a61e53	flt.s	x28,f12,f26	 f12:0x00000000 f26:0x00000000 x28=0x00000000
     457285.000 ns	     45727	800097a0	290eb713	sltiu	x14,x29,656	 x29:0x00000001 x14=0x00000001
     457295.000 ns	     45728	800097a4	00e16c33	or	x24,x2,x14	  x2:0x00000000 x14:0x00000000 x24=0x00000001
     457315.000 ns	     45730	800097a8	029e1133	mulh	x2,x28,x9	 x28:0x00000000  x9:0x00020000  x2=0x00000000
     457335.000 ns	     45732	800097ac	011e9713	slli	x14,x29,0x11	 x29:0x00000001 x14=0x00020000
     457345.000 ns	     45733	800097b0	0125db13	srli	x22,x11,0x12	 x11:0x80041024 x22=0x00002001
     457355.000 ns	     45734	800097b4	4b2bed13	ori	x26,x23,1202	 x23:0x00000000 x26=0x000004b2
     457365.000 ns	     45735	800097b8	01e763b3	or	x7,x14,x30	 x14:0x00020000 x30:0x00000000  x7=0x00020000
     457375.000 ns	     45736	800097bc	37a9c293	xori	x5,x19,890	 x19:0x00000000  x5=0x0000037a
     457395.000 ns	     45738	800097c0	e0010dd3	fmv.x.w	x27,f2	  f2:0x738af430 x27=0x738af430
     457415.000 ns	     45740	800097c4	ff4f0c93	addi	x25,x30,-12	 x30:0x00000000 x25=0xfffffff4
     457435.000 ns	     45742	800097c8	f0090ad3	fmv.w.x	f21,x18	 x18:0x00000000 f21=0x00000000
     457475.000 ns	     45746	800097cc	111989d3	fmul.s	f19,f19,f17	 f19:0x4e8c0507 f17:0x80000000 f19=0x80000000
     457495.000 ns	     45748	800097d0	00443833	sltu	x16,x8,x4	  x8:0x80040fe4  x4:0x00000000 x16=0x00000000
     457535.000 ns	     45752	800097d4	0127a6d3	fadd.s	f13,f15,f18	 f15:0x7fc00000 f18:0x00000000 f13=0x7fc00000
     457555.000 ns	     45754	800097d8	00c09233	sll	x4,x1,x12	  x1:0x00000000 x12:0x95280000  x4=0x00000000
     457575.000 ns	     45756	800097dc	c00d4853	fcvt.w.s	x16,f26	 f26:0x00000000 x16=0x00000000
     457605.000 ns	     45759	800097e0	03c54e33	div	x28,x10,x28	 x10:0x3f800000 x28:0x00000000 x28=0xffffffff
     457635.000 ns	     45762	800097e4	03e07833	remu	x16,x0,x30	  x0:0x00000000 x30:0x00000000 x16=0x00000000
     457665.000 ns	     45765	800097e8	29e31c53	fmax.s	f24,f6,f30	  f6:0xce8c0507 f30:0x80000000 f24=0x80000000
     457695.000 ns	     45768	800097ec	03c521b3	mulhsu	x3,x10,x28	 x10:0x3f800000 x28:0xffffffff  x3=0x3f7fffff
     457745.000 ns	     45773	800097f0	015c75d3	fadd.s	f11,f24,f21	 f24:0x80000000 f21:0x00000000 f11=0x00000000
     457765.000 ns	     45775	800097f4	9b2afd13	andi	x26,x21,-1614	 x21:0x00000000 x26=0x00000000
     457785.000 ns	     45777	800097f8	f00e84d3	fmv.w.x	f9,x29	 x29:0x00000001  f9=0x00000001
     457805.000 ns	     45779	800097fc	4066db13	srai	x22,x13,0x6	 x13:0x80061023 x22=0xfe001840
     457825.000 ns	     45781	80009800	217c2753	fsgnjx.s	f14,f24,f23	 f24:0x80000000 f23:0x00000000 f14=0x80000000
     457855.000 ns	     45784	80009804	03d9bd33	mulhu	x26,x19,x29	 x19:0x00000000 x29:0x00000001 x26=0x00000000
     457885.000 ns	     45787	80009808	024be833	rem	x16,x23,x4	 x23:0x00000000  x4:0x00000000 x16=0x00000000
     458255.000 ns	     45824	8000980c	02647c33	remu	x24,x8,x6	  x8:0x80040fe4  x6:0xf9c13d14 x24=0x80040fe4
     458295.000 ns	     45828	80009810	18477cd3	fdiv.s	f25,f14,f4	 f14:0x80000000  f4:0x47ffffae f25=0x80000000
     458315.000 ns	     45830	80009814	f09e2093	slti	x1,x28,-247	 x28:0xffffffff  x1=0x00000000
     458335.000 ns	     45832	80009818	d01afb53	fcvt.s.wu	f22,x21	 x21:0x00000000 f22=0x00000000
     458355.000 ns	     45834	8000981c	007d3c33	sltu	x24,x26,x7	 x26:0x00000000  x7:0x00020000 x24=0x00000001
     458375.000 ns	     45836	80009820	c0047ed3	fcvt.w.s	x29,f8	  f8:0x80000000 x29=0x00000000
     458405.000 ns	     45839	80009824	29f80653	fmin.s	f12,f16,f31	 f16:0x477fffae f31:0xf38af430 f12=0xf38af430
     458435.000 ns	     45842	80009828	f00f0b53	fmv.w.x	f22,x30	 x30:0x00000000 f22=0x00000000
     458465.000 ns	     45845	8000982c	a0dc0f53	fle.s	x30,f24,f13	 f24:0x80000000 f13:0x7fc00000 x30=0x00000000
     458495.000 ns	     45848	80009830	02466f33	rem	x30,x12,x4	 x12:0x95280000  x4:0x00000000 x30=0x95280000
     458515.000 ns	     45850	80009834	f044ed97	auipc	x27,0xf044e	 x27=0x70457834
     458525.000 ns	     45851	80009838	a4a0b697	auipc	x13,0xa4a0b	 x13=0x24a14838
     458545.000 ns	     45853	8000983c	28209053	fmax.s	f0,f1,f2	  f1:0x7fc00000  f2:0x738af430  f0=0x738af430
     458575.000 ns	     45856	80009840	21391bd3	fsgnjn.s	f23,f18,f19	 f18:0x00000000 f19:0x80000000 f23=0x00000000
     458595.000 ns	     45858	80009844	410f50b3	sra	x1,x30,x16	 x30:0x95280000 x16:0x00000000  x1=0x95280000
     458615.000 ns	     45860	80009848	023c22b3	mulhsu	x5,x24,x3	 x24:0x00000001  x3:0x3f7fffff  x5=0x00000000
     458635.000 ns	     45862	8000984c	01a1de13	srli	x28,x3,0x1a	  x3:0x3f7fffff x28=0x0000000f
     458645.000 ns	     45863	80009850	0bc7aa93	slti	x21,x15,188	 x15:0xf9c13d14 x21=0x00000001
     458655.000 ns	     45864	80009854	0198ea33	or	x20,x17,x25	 x17:0x80061615 x25:0xfffffff4 x20=0xfffffff5
     458675.000 ns	     45866	80009858	03baaab3	mulhsu	x21,x21,x27	 x21:0x00000000 x27:0x70457834 x21=0x00000000
     458705.000 ns	     45869	8000985c	205625d3	fsgnjx.s	f11,f12,f5	 f12:0xf38af430  f5:0x4705dfcb f11=0xf38af430
     458735.000 ns	     45872	80009860	0337eeb3	rem	x29,x15,x19	 x15:0xf9c13d14 x19:0x00000000 x29=0xf9c13d14
     458755.000 ns	     45874	80009864	41bb06b3	sub	x13,x22,x27	 x22:0xfe001840 x27:0x70457834 x13=0x8dbaa00c
     458765.000 ns	     45875	80009868	0152dc13	srli	x24,x5,0x15	  x5:0x00000000 x24=0x00000000
     458775.000 ns	     45876	8000986c	01351e33	sll	x28,x10,x19	 x10:0x3f800000 x19:0x00000000 x28=0x3f800000
     459135.000 ns	     45912	80009870	02d359b3	divu	x19,x6,x13	  x6:0xf9c13d14 x13:0x8dbaa00c x19=0x00000001
     459505.000 ns	     45949	80009874	031df8b3	remu	x17,x27,x17	 x27:0x70457834 x17:0x80061615 x17=0x70457834
     459555.000 ns	     45954	80009878	08741ad3	fsub.s	f21,f8,f7	  f8:0x80000000  f7:0x47800000 f21=0xc7800000
     459575.000 ns	     45956	8000987c	00000013	addi	x0,x0,0	  x0:0x00000000
     459585.000 ns	     45957	80009880	015c4eb3	xor	x29,x24,x21	 x24:0x00000000 x21:0x00000000 x29=0x00000000
     459595.000 ns	     45958	80009884	00f8d393	srli	x7,x17,0xf	 x17:0x70457834  x7=0x0000e08a
     459615.000 ns	     45960	80009888	c00b1a53	fcvt.w.s	x20,f22	 f22:0x00000000 x20=0x00000000
     459645.000 ns	     45963	8000988c	02963133	mulhu	x2,x12,x9	 x12:0x95280000  x9:0x00020000  x2=0x00012a50
     459665.000 ns	     45965	80009890	01037633	and	x12,x6,x16	  x6:0xf9c13d14 x16:0x00000000 x12=0x00000000
     459675.000 ns	     45966	80009894	49024193	xori	x3,x4,1168	  x4:0x00000000  x3=0x00000490
     459695.000 ns	     45968	80009898	c01170d3	fcvt.wu.s	x1,f2	  f2:0x738af430  x1=0xffffffff
     459725.000 ns	     45971	8000989c	d011ff53	fcvt.s.wu	f30,x3	  x3:0x3f7fffff f30=0x44920000
     459755.000 ns	     45974	800098a0	20970f53	fsgnj.s	f30,f14,f9	 f14:0x80000000  f9:0x00000001 f30=0x00000000
     459775.000 ns	     45976	800098a4	003df533	and	x10,x27,x3	 x27:0x70457834  x3:0x00000490 x10=0x00000010
     459795.000 ns	     45978	800098a8	21488353	fsgnj.s	f6,f17,f20	 f17:0x80000000 f20:0x80000000  f6=0x80000000
     459825.000 ns	     45981	800098ac	f00d0553	fmv.w.x	f10,x26	 x26:0x00000000 f10=0x00000000
     459845.000 ns	     45983	800098b0	001a59b3	srl	x19,x20,x1	 x20:0x00000000  x1:0xffffffff x19=0x00000000
     459865.000 ns	     45985	800098b4	d01c7553	fcvt.s.wu	f10,x24	 x24:0x00000000 f10=0x00000000
     459885.000 ns	     45987	800098b8	52712837	lui	x16,0x52712	 x16=0x52712000
     459895.000 ns	     45988	800098bc	002c89b3	add	x19,x25,x2	 x25:0xfffffff4  x2:0x00012a50 x19=0x00012a44
     459925.000 ns	     45991	800098c0	194874d3	fdiv.s	f9,f16,f20	 f16:0x477fffae f20:0x80000000  f9=0xff800000
     459945.000 ns	     45993	800098c4	74c76013	ori	x0,x14,1868	 x14:0x00020000
     459965.000 ns	     45995	800098c8	d00229d3	fcvt.s.w	f19,x4	  x4:0x00000000 f19=0x00000000
     459995.000 ns	     45998	800098cc	02a3b833	mulhu	x16,x7,x10	  x7:0x0000e08a x10:0x00000010 x16=0x00000000
     460015.000 ns	     46000	800098d0	7fbaed13	ori	x26,x21,2043	 x21:0x00000000 x26=0x000007fb
     460025.000 ns	     46001	800098d4	9d6fe193	ori	x3,x31,-1578	 x31:0x00000000  x3=0xfffff9d6
     460045.000 ns	     46003	800098d8	216c2c53	fsgnjx.s	f24,f24,f22	 f24:0x80000000 f22:0x00000000 f24=0x80000000
     460095.000 ns	     46008	800098dc	00eafd53	fadd.s	f26,f21,f14	 f21:0xc7800000 f14:0x80000000 f26=0xc7800000
     460125.000 ns	     46011	800098e0	0320d833	divu	x16,x1,x18	  x1:0xffffffff x18:0x00000000 x16=0xffffffff
     460145.000 ns	     46013	800098e4	626eac17	auipc	x24,0x626ea	 x24=0xe26f38e4
     460155.000 ns	     46014	800098e8	014012b3	sll	x5,x0,x20	  x0:0x00000000 x20:0x00000000  x5=0x00000000
     460165.000 ns	     46015	800098ec	b8020c13	addi	x24,x4,-1152	  x4:0x00000000 x24=0xfffffb80
     460185.000 ns	     46017	800098f0	29bd87d3	fmin.s	f15,f27,f27	 f27:0x43b5048f f27:0x43b5048f f15=0x43b5048f
     460205.000 ns	     46019	800098f4	8be52a13	slti	x20,x10,-1858	 x10:0x00000010 x20=0x00000000
     460215.000 ns	     46020	800098f8	01471bb3	sll	x23,x14,x20	 x14:0x00020000 x20:0x00000000 x23=0x00020000
     460225.000 ns	     46021	800098fc	01ad9d33	sll	x26,x27,x26	 x27:0x70457834 x26:0x000007fb x26=0xa0000000
     460235.000 ns	     46022	80009900	73a24d37	lui	x26,0x73a24	 x26=0x73a24000
     460255.000 ns	     46024	80009904	e00d0053	fmv.x.w	x0,f26	 f26:0xc7800000
     460285.000 ns	     46027	80009908	02c41633	mulh	x12,x8,x12	  x8:0x80040fe4 x12:0x00000000 x12=0x00000000
     460305.000 ns	     46029	8000990c	41940fb3	sub	x31,x8,x25	  x8:0x80040fe4 x25:0xfffffff4 x31=0x80040ff0
     460345.000 ns	     46033	80009910	09f23053	fsub.s	f0,f4,f31	  f4:0x47ffffae f31:0xf38af430  f0=0x738af430
     460365.000 ns	     46035	80009914	413288b3	sub	x17,x5,x19	  x5:0x00000000 x19:0x00012a44 x17=0xfffed5bc
     460375.000 ns	     46036	80009918	00787ab3	and	x21,x16,x7	 x16:0xffffffff  x7:0x0000e08a x21=0x0000e08a
     460395.000 ns	     46038	8000991c	026f2533	mulhsu	x10,x30,x6	 x30:0x95280000  x6:0xf9c13d14 x10=0x97c341aa
     460765.000 ns	     46075	80009920	033672b3	remu	x5,x12,x19	 x12:0x00000000 x19:0x00012a44  x5=0x00000000
     460785.000 ns	     46077	80009924	29264a13	xori	x20,x12,658	 x12:0x00000000 x20=0x00000292
     460805.000 ns	     46079	80009928	02012f33	mulhsu	x30,x2,x0	  x2:0x00012a50  x0:0x00000000 x30=0x00000000
     460825.000 ns	     46081	8000992c	0065a833	slt	x16,x11,x6	 x11:0x80041024  x6:0xf9c13d14 x16=0x00000001
     460835.000 ns	     46082	80009930	0052da93	srli	x21,x5,0x5	  x5:0x00000000 x21=0x00000000
     460855.000 ns	     46084	80009934	a0f22a53	feq.s	x20,f4,f15	  f4:0x47ffffae f15:0x43b5048f x20=0x00000000
     460895.000 ns	     46088	80009938	580b2753	fsqrt.s	f14,f22	 f22:0x00000000 f14=0x00000000
     460925.000 ns	     46091	8000993c	021901b3	mul	x3,x18,x1	 x18:0x00000000  x1:0xffffffff  x3=0x00000000
     460955.000 ns	     46094	80009940	200b8053	fsgnj.s	f0,f23,f0	 f23:0x00000000  f0:0x738af430  f0=0x00000000
     460985.000 ns	     46097	80009944	c011f753	fcvt.wu.s	x14,f3	  f3:0x4fffff5c x14=0xffffffff
     461015.000 ns	     46100	80009948	021b22b3	mulhsu	x5,x22,x1	 x22:0xfe001840  x1:0xffffffff  x5=0xfe001840
     461035.000 ns	     46102	8000994c	00eb9c93	slli	x25,x23,0xe	 x23:0x00020000 x25=0x80000000
     461075.000 ns	     46106	80009950	09c37fd3	fsub.s	f31,f6,f28	  f6:0x80000000 f28:0x00000000 f31=0x80000000
     461095.000 ns	     46108	80009954	40ae5033	sra	x0,x28,x10	 x28:0x3f800000 x10:0x97c341aa
     461105.000 ns	     46109	80009958	004056b3	srl	x13,x0,x4	  x0:0x00000000  x4:0x00000000 x13=0x00000000
     461125.000 ns	     46111	8000995c	d01df0d3	fcvt.s.wu	f1,x27	 x27:0x70457834  f1=0x4ee08af0
     461155.000 ns	     46114	80009960	027e90b3	mulh	x1,x29,x7	 x29:0x00000000  x7:0x0000e08a  x1=0x00000000
     461175.000 ns	     46116	80009964	00791cb3	sll	x25,x18,x7	 x18:0x00000000  x7:0x0000e08a x25=0x00000000
     461185.000 ns	     46117	80009968	00000013	addi	x0,x0,0	  x0:0x00000000
     461195.000 ns	     46118	8000996c	76ffb993	sltiu	x19,x31,1903	 x31:0x80040ff0 x19=0x00000000
     461215.000 ns	     46120	80009970	20b02b53	fsgnjx.s	f22,f0,f11	  f0:0x00000000 f11:0xf38af430 f22=0x80000000
     461245.000 ns	     46123	80009974	e0008753	fmv.x.w	x14,f1	  f1:0x4ee08af0 x14=0x4ee08af0
     461265.000 ns	     46125	80009978	00000013	addi	x0,x0,0	  x0:0x00000000
     461275.000 ns	     46126	8000997c	b02bc893	xori	x17,x23,-1278	 x23:0x00020000 x17=0xfffdfb02
     461295.000 ns	     46128	80009980	a0790cd3	fle.s	x25,f18,f7	 f18:0x00000000  f7:0x47800000 x25=0x00000001
     461325.000 ns	     46131	80009984	f0038753	fmv.w.x	f14,x7	  x7:0x0000e08a f14=0x0000e08a
     461355.000 ns	     46134	80009988	032b6a33	rem	x20,x22,x18	 x22:0xfe001840 x18:0x00000000 x20=0xfe001840
     461375.000 ns	     46136	8000998c	bafaf9b7	lui	x19,0xbafaf	 x19=0xbafaf000
     461395.000 ns	     46138	80009990	f00e8c53	fmv.w.x	f24,x29	 x29:0x00000000 f24=0x00000000
     461425.000 ns	     46141	80009994	c01ff853	fcvt.wu.s	x16,f31	 f31:0x80000000 x16=0x00000000
     461445.000 ns	     46143	80009998	cc37a493	slti	x9,x15,-829	 x15:0xf9c13d14  x9=0x00000001
     461805.000 ns	     46179	8000999c	02bd58b3	divu	x17,x26,x11	 x26:0x73a24000 x11:0x80041024 x17=0x00000000
     461825.000 ns	     46181	800099a0	01565a93	srli	x21,x12,0x15	 x12:0x00000000 x21=0x00000000
     461845.000 ns	     46183	800099a4	e0081fd3	fclass.s	x31,f16	 f16:0x477fffae x31=0x00000040
     461875.000 ns	     46186	800099a8	a0858b53	fle.s	x22,f11,f8	 f11:0xf38af430  f8:0x80000000 x22=0x00000001
     461905.000 ns	     46189	800099ac	28800fd3	fmin.s	f31,f0,f8	  f0:0x00000000  f8:0x80000000 f31=0x80000000
     461935.000 ns	     46192	800099b0	a08ba853	feq.s	x16,f23,f8	 f23:0x00000000  f8:0x80000000 x16=0x00000001
     461965.000 ns	     46195	800099b4	03e24533	div	x10,x4,x30	  x4:0x00000000 x30:0x00000000 x10=0xffffffff
     461995.000 ns	     46198	800099b8	28be8553	fmin.s	f10,f29,f11	 f29:0xf38af430 f11:0xf38af430 f10=0xf38af430
     462015.000 ns	     46200	800099bc	41a28033	sub	x0,x5,x26	  x5:0xfe001840 x26:0x73a24000
     462035.000 ns	     46202	800099c0	d0179953	fcvt.s.wu	f18,x15	 x15:0xf9c13d14 f18=0x4f79c13d
     462075.000 ns	     46206	800099c4	5806f9d3	fsqrt.s	f19,f13	 f13:0x7fc00000 f19=0x7fc00000
     462105.000 ns	     46209	800099c8	020fe0b3	rem	x1,x31,x0	 x31:0x00000040  x0:0x00000000  x1=0x00000040
     462125.000 ns	     46211	800099cc	001f1513	slli	x10,x30,0x1	 x30:0x00000000 x10=0x00000000
     462135.000 ns	     46212	800099d0	001d9513	slli	x10,x27,0x1	 x27:0x70457834 x10=0xe08af068
     462145.000 ns	     46213	800099d4	014f00b3	add	x1,x30,x20	 x30:0x00000000 x20:0xfe001840  x1=0xfe001840
     462155.000 ns	     46214	800099d8	00068333	add	x6,x13,x0	 x13:0x00000000  x0:0x00000000  x6=0x00000000
     462165.000 ns	     46215	800099dc	010a0933	add	x18,x20,x16	 x20:0xfe001840 x16:0x00000001 x18=0xfe001841
     462195.000 ns	     46218	800099e0	5808fd53	fsqrt.s	f26,f17	 f17:0x80000000 f26=0x80000000
     462225.000 ns	     46221	800099e4	c0020e53	fcvt.w.s	x28,f4	  f4:0x47ffffae x28=0x0001ffff
     462245.000 ns	     46223	800099e8	ae1b4313	xori	x6,x22,-1311	 x22:0x00000001  x6=0xfffffae0
     462265.000 ns	     46225	800099ec	e0029dd3	fclass.s	x27,f5	  f5:0x4705dfcb x27=0x00000040
     462305.000 ns	     46229	800099f0	11d73953	fmul.s	f18,f14,f29	 f14:0x0000e08a f29:0xf38af430 f18=0xb0f3c123
     462325.000 ns	     46231	800099f4	c4452293	slti	x5,x10,-956	 x10:0xe08af068  x5=0x00000001
     462335.000 ns	     46232	800099f8	4bc0ca13	xori	x20,x1,1212	  x1:0xfe001840 x20=0xfe001cfc
     462345.000 ns	     46233	800099fc	01ff7fb3	and	x31,x30,x31	 x30:0x00000000 x31:0x00000040 x31=0x00000000
     462365.000 ns	     46235	80009a00	c00ac8d3	fcvt.w.s	x17,f21	 f21:0xc7800000 x17=0xffff0000
     462415.000 ns	     46240	80009a04	08f617d3	fsub.s	f15,f12,f15	 f12:0xf38af430 f15:0x43b5048f f15=0xf38af430
     462445.000 ns	     46243	80009a08	21d99ed3	fsgnjn.s	f29,f19,f29	 f19:0x7fc00000 f29:0xf38af430 f29=0x7fc00000
     462815.000 ns	     46280	80009a0c	030be033	rem	x0,x23,x16	 x23:0x00020000 x16:0x00000001
     462845.000 ns	     46283	80009a10	21168253	fsgnj.s	f4,f13,f17	 f13:0x7fc00000 f17:0x80000000  f4=0xffc00000
     463215.000 ns	     46320	80009a14	021dd233	divu	x4,x27,x1	 x27:0x00000040  x1:0xfe001840  x4=0x00000000
     463255.000 ns	     46324	80009a18	108348d3	fmul.s	f17,f6,f8	  f6:0x80000000  f8:0x80000000 f17=0x00000000
     463285.000 ns	     46327	80009a1c	211723d3	fsgnjx.s	f7,f14,f17	 f14:0x0000e08a f17:0x80000000  f7=0x0000e08a
     463325.000 ns	     46331	80009a20	1116a9d3	fmul.s	f19,f13,f17	 f13:0x7fc00000 f17:0x00000000 f19=0x7fc00000
     463345.000 ns	     46333	80009a24	418989b3	sub	x19,x19,x24	 x19:0xbafaf000 x24:0xfffffb80 x19=0xbafaf480
     463365.000 ns	     46335	80009a28	d0097753	fcvt.s.w	f14,x18	 x18:0xfe001841 f14=0xcbfff3df
     463395.000 ns	     46338	80009a2c	e0008153	fmv.x.w	x2,f1	  f1:0x4ee08af0  x2=0x4ee08af0
     463765.000 ns	     46375	80009a30	034776b3	remu	x13,x14,x20	 x14:0x4ee08af0 x20:0xfe001cfc x13=0x4ee08af0
     463795.000 ns	     46378	80009a34	024b0d33	mul	x26,x22,x4	 x22:0x00000001  x4:0x00000000 x26=0x00000000
     463815.000 ns	     46380	80009a38	665cf813	andi	x16,x25,1637	 x25:0x00000001 x16=0x00000001
     464175.000 ns	     46416	80009a3c	0282ce33	div	x28,x5,x8	  x5:0x00000001  x8:0x80040fe4 x28=0x00000000
     464195.000 ns	     46418	80009a40	1fbeb837	lui	x16,0x1fbeb	 x16=0x1fbeb000
     464205.000 ns	     46419	80009a44	4068d513	srai	x10,x17,0x6	 x17:0xffff0000 x10=0xfffffc00
     464215.000 ns	     46420	80009a48	9f8dab13	slti	x22,x27,-1544	 x27:0x00000040 x22=0x00000000
     464225.000 ns	     46421	80009a4c	0091eeb3	or	x29,x3,x9	  x3:0x00000000  x9:0x00000001 x29=0x00000001
     464235.000 ns	     46422	80009a50	01c81d93	slli	x27,x16,0x1c	 x16:0x1fbeb000 x27=0x00000000
     464245.000 ns	     46423	80009a54	01909e13	slli	x28,x1,0x19	  x1:0xfe001840 x28=0x80000000
     464255.000 ns	     46424	80009a58	416a5a13	srai	x20,x20,0x16	 x20:0xfe001cfc x20=0xfffffff8
     464265.000 ns	     46425	80009a5c	00e95613	srli	x12,x18,0xe	 x18:0xfe001841 x12=0x0003f800
     464285.000 ns	     46427	80009a60	20ec0053	fsgnj.s	f0,f24,f14	 f24:0x00000000 f14:0xcbfff3df  f0=0x80000000
     464305.000 ns	     46429	80009a64	0bb1fa17	auipc	x20,0xbb1f	 x20=0x8bb28a64
     464325.000 ns	     46431	80009a68	a0aaaed3	feq.s	x29,f21,f10	 f21:0xc7800000 f10:0xf38af430 x29=0x00000000
     464345.000 ns	     46433	80009a6c	00cda3b3	slt	x7,x27,x12	 x27:0x00000000 x12:0x0003f800  x7=0x00000001
     464365.000 ns	     46435	80009a70	c0042553	fcvt.w.s	x10,f8	  f8:0x80000000 x10=0x00000000
     464395.000 ns	     46438	80009a74	20ea2853	fsgnjx.s	f16,f20,f14	 f20:0x80000000 f14:0xcbfff3df f16=0x00000000
     464425.000 ns	     46441	80009a78	d01efc53	fcvt.s.wu	f24,x29	 x29:0x00000000 f24=0x00000000
     464455.000 ns	     46444	80009a7c	d01db4d3	fcvt.s.wu	f9,x27	 x27:0x00000000  f9=0x00000000
     464475.000 ns	     46446	80009a80	436d3e93	sltiu	x29,x26,1078	 x26:0x00000000 x29=0x00000001
     464495.000 ns	     46448	80009a84	d00efb53	fcvt.s.w	f22,x29	 x29:0x00000000 f22=0x3f800000
     464525.000 ns	     46451	80009a88	201aa5d3	fsgnjx.s	f11,f21,f1	 f21:0xc7800000  f1:0x4ee08af0 f11=0xc7800000
     464555.000 ns	     46454	80009a8c	0262a4b3	mulhsu	x9,x5,x6	  x5:0x00000001  x6:0xfffffae0  x9=0x00000000
     464585.000 ns	     46457	80009a90	299b0b53	fmin.s	f22,f22,f25	 f22:0x3f800000 f25:0x80000000 f22=0x80000000
     464955.000 ns	     46494	80009a94	03d4c633	div	x12,x9,x29	  x9:0x00000000 x29:0x00000001 x12=0x00000000
     464985.000 ns	     46497	80009a98	a12b1953	flt.s	x18,f22,f18	 f22:0x80000000 f18:0xb0f3c123 x18=0x00000000
     465005.000 ns	     46499	80009a9c	0064b533	sltu	x10,x9,x6	  x9:0x00000000  x6:0xfffffae0 x10=0x00000001
     465015.000 ns	     46500	80009aa0	40e45f93	srai	x31,x8,0xe	  x8:0x80040fe4 x31=0xfffe0010
     465045.000 ns	     46503	80009aa4	10a61d53	fmul.s	f26,f12,f10	 f12:0xf38af430 f10:0xf38af430 f26=0x7f800000
     465075.000 ns	     46506	80009aa8	02c223b3	mulhsu	x7,x4,x12	  x4:0x00000000 x12:0x00000000  x7=0x00000000
     465105.000 ns	     46509	80009aac	c0134953	fcvt.wu.s	x18,f6	  f6:0x80000000 x18=0x00000000
     465125.000 ns	     46511	80009ab0	405b5b33	sra	x22,x22,x5	 x22:0x00000000  x5:0x00000001 x22=0x00000000
     465485.000 ns	     46547	80009ab4	0319f633	remu	x12,x19,x17	 x19:0xbafaf480 x17:0xffff0000 x12=0xbafaf480
     465515.000 ns	     46550	80009ab8	20b81cd3	fsgnjn.s	f25,f16,f11	 f16:0x00000000 f11:0xc7800000 f25=0x00000000
     465535.000 ns	     46552	80009abc	01f0bf33	sltu	x30,x1,x31	  x1:0xfe001840 x31:0xfffe0010 x30=0x00000001
     465555.000 ns	     46554	80009ac0	02914233	div	x4,x2,x9	  x2:0x4ee08af0  x9:0x00000000  x4=0xffffffff
     465595.000 ns	     46558	80009ac4	111acc53	fmul.s	f24,f21,f17	 f21:0xc7800000 f17:0x00000000 f24=0x80000000
     465615.000 ns	     46560	80009ac8	0026cb33	xor	x22,x13,x2	 x13:0x4ee08af0  x2:0x4ee08af0 x22=0x00000000
     465625.000 ns	     46561	80009acc	00ac43b3	xor	x7,x24,x10	 x24:0xfffffb80 x10:0x00000001  x7=0xfffffb81
     465665.000 ns	     46565	80009ad0	09977d53	fsub.s	f26,f14,f25	 f14:0xcbfff3df f25:0x00000000 f26=0xcbfff3df
     465695.000 ns	     46568	80009ad4	a1522753	feq.s	x14,f4,f21	  f4:0xffc00000 f21:0xc7800000 x14=0x00000000
     465725.000 ns	     46571	80009ad8	f00a0ed3	fmv.w.x	f29,x20	 x20:0x8bb28a64 f29=0x8bb28a64
     465755.000 ns	     46574	80009adc	f0038e53	fmv.w.x	f28,x7	  x7:0xfffffb81 f28=0xfffffb81
     465775.000 ns	     46576	80009ae0	0033fd33	and	x26,x7,x3	  x7:0xfffffb81  x3:0x00000000 x26=0x00000000
     465785.000 ns	     46577	80009ae4	0045a1b3	slt	x3,x11,x4	 x11:0x80041024  x4:0xffffffff  x3=0x00000001
     465795.000 ns	     46578	80009ae8	01a85513	srli	x10,x16,0x1a	 x16:0x1fbeb000 x10=0x00000007
     466155.000 ns	     46614	80009aec	026374b3	remu	x9,x6,x6	  x6:0xfffffae0  x6:0xfffffae0  x9=0x00000000
     466185.000 ns	     46617	80009af0	a0db2353	feq.s	x6,f22,f13	 f22:0x80000000 f13:0x7fc00000  x6=0x00000000
     466205.000 ns	     46619	80009af4	007a0fb3	add	x31,x20,x7	 x20:0x8bb28a64  x7:0xfffffb81 x31=0x8bb285e5
     466565.000 ns	     46655	80009af8	02c86db3	rem	x27,x16,x12	 x16:0x1fbeb000 x12:0xbafaf480 x27=0x1fbeb000
     466585.000 ns	     46657	80009afc	01e66833	or	x16,x12,x30	 x12:0xbafaf480 x30:0x00000001 x16=0xbafaf481
     466595.000 ns	     46658	80009b00	00da2b33	slt	x22,x20,x13	 x20:0x8bb28a64 x13:0x4ee08af0 x22=0x00000001
     466615.000 ns	     46660	80009b04	a05508d3	fle.s	x17,f10,f5	 f10:0xf38af430  f5:0x4705dfcb x17=0x00000001
     466635.000 ns	     46662	80009b08	409bd813	srai	x16,x23,0x9	 x23:0x00020000 x16=0x00000100
     466655.000 ns	     46664	80009b0c	f0070753	fmv.w.x	f14,x14	 x14:0x00000000 f14=0x00000000
     466685.000 ns	     46667	80009b10	037dab33	mulhsu	x22,x27,x23	 x27:0x1fbeb000 x23:0x00020000 x22=0x00003f7d
     466705.000 ns	     46669	80009b14	415e8ab3	sub	x21,x29,x21	 x29:0x00000001 x21:0x00000000 x21=0x00000001
     466715.000 ns	     46670	80009b18	018aebb3	or	x23,x21,x24	 x21:0x00000000 x24:0xfffffb80 x23=0xfffffb81
     466725.000 ns	     46671	80009b1c	35127a17	auipc	x20,0x35127	 x20=0xb5130b1c
     466735.000 ns	     46672	80009b20	00e4d733	srl	x14,x9,x14	  x9:0x00000000 x14:0x00000000 x14=0x00000000
     466745.000 ns	     46673	80009b24	4195d193	srai	x3,x11,0x19	 x11:0x80041024  x3=0xffffffc0
     466755.000 ns	     46674	80009b28	00e4a133	slt	x2,x9,x14	  x9:0x00000000 x14:0x00000000  x2=0x00000000
     466775.000 ns	     46676	80009b2c	28da1053	fmax.s	f0,f20,f13	 f20:0x80000000 f13:0x7fc00000  f0=0x80000000
     466805.000 ns	     46679	80009b30	e00910d3	fclass.s	x1,f18	 f18:0xb0f3c123  x1=0x00000002
     466825.000 ns	     46681	80009b34	4088d533	sra	x10,x17,x8	 x17:0x00000001  x8:0x80040fe4 x10=0x00000000
     466845.000 ns	     46683	80009b38	21949f53	fsgnjn.s	f30,f9,f25	  f9:0x00000000 f25:0x00000000 f30=0x80000000
     466875.000 ns	     46686	80009b3c	0301b8b3	mulhu	x17,x3,x16	  x3:0xffffffc0 x16:0x00000100 x17=0x000000ff
     466895.000 ns	     46688	80009b40	9efdf113	andi	x2,x27,-1553	 x27:0x1fbeb000  x2=0x1fbeb000
     466925.000 ns	     46691	80009b44	580345d3	fsqrt.s	f11,f6	  f6:0x80000000 f11=0x80000000
     466955.000 ns	     46694	80009b48	d00a4453	fcvt.s.w	f8,x20	 x20:0xb5130b1c  f8=0xce95d9ea
     466985.000 ns	     46697	80009b4c	03a758b3	divu	x17,x14,x26	 x14:0x00000000 x26:0x00000000 x17=0xffffffff
     467015.000 ns	     46700	80009b50	a0ee2c53	feq.s	x24,f28,f14	 f28:0xfffffb81 f14:0x00000000 x24=0x00000000
     467035.000 ns	     46702	80009b54	dfa78393	addi	x7,x15,-518	 x15:0xf9c13d14  x7=0xf9c13b0e
     467045.000 ns	     46703	80009b58	00ebd633	srl	x12,x23,x14	 x23:0xfffffb81 x14:0x00000000 x12=0xfffffb81
     467065.000 ns	     46705	80009b5c	a02289d3	fle.s	x19,f5,f2	  f5:0x4705dfcb  f2:0x738af430 x19=0x00000001
     467115.000 ns	     46710	80009b60	010525d3	fadd.s	f11,f10,f16	 f10:0xf38af430 f16:0x00000000 f11=0xf38af430
     467135.000 ns	     46712	80009b64	72d56d93	ori	x27,x10,1837	 x10:0x00000000 x27=0x0000072d
     467155.000 ns	     46714	80009b68	216c96d3	fsgnjn.s	f13,f25,f22	 f25:0x00000000 f22:0x80000000 f13=0x00000000
     467185.000 ns	     46717	80009b6c	a0af9b53	flt.s	x22,f31,f10	 f31:0x80000000 f10:0xf38af430 x22=0x00000000
     467205.000 ns	     46719	80009b70	00b39eb3	sll	x29,x7,x11	  x7:0xf9c13b0e x11:0x80041024 x29=0x9c13b0e0
     467565.000 ns	     46755	80009b74	03f0ccb3	div	x25,x1,x31	  x1:0x00000002 x31:0x8bb285e5 x25=0x00000000
     467585.000 ns	     46757	80009b78	006c7c33	and	x24,x24,x6	 x24:0x00000000  x6:0x00000000 x24=0x00000000
     467605.000 ns	     46759	80009b7c	297f0853	fmin.s	f16,f30,f23	 f30:0x80000000 f23:0x00000000 f16=0x80000000
     467645.000 ns	     46763	80009b80	11c7f1d3	fmul.s	f3,f15,f28	 f15:0xf38af430 f28:0xfffffb81  f3=0x7fc00000
     467675.000 ns	     46766	80009b84	029f42b3	div	x5,x30,x9	 x30:0x00000001  x9:0x00000000  x5=0xffffffff
     467705.000 ns	     46769	80009b88	0206e633	rem	x12,x13,x0	 x13:0x4ee08af0  x0:0x00000000 x12=0x4ee08af0
     467735.000 ns	     46772	80009b8c	d01acdd3	fcvt.s.wu	f27,x21	 x21:0x00000001 f27=0x3f800000
     467765.000 ns	     46775	80009b90	03a6e833	rem	x16,x13,x26	 x13:0x4ee08af0 x26:0x00000000 x16=0x4ee08af0
     467795.000 ns	     46778	80009b94	02dd1e33	mulh	x28,x26,x13	 x26:0x00000000 x13:0x4ee08af0 x28=0x00000000
     467825.000 ns	     46781	80009b98	287898d3	fmax.s	f17,f17,f7	 f17:0x00000000  f7:0x0000e08a f17=0x0000e08a
     467855.000 ns	     46784	80009b9c	02638eb3	mul	x29,x7,x6	  x7:0xf9c13b0e  x6:0x00000000 x29=0x00000000
     467885.000 ns	     46787	80009ba0	03f0b8b3	mulhu	x17,x1,x31	  x1:0x00000002 x31:0x8bb285e5 x17=0x00000001
     467915.000 ns	     46790	80009ba4	02ab6633	rem	x12,x22,x10	 x22:0x00000000 x10:0x00000000 x12=0x00000000
     467935.000 ns	     46792	80009ba8	0e814b93	xori	x23,x2,232	  x2:0x1fbeb000 x23=0x1fbeb0e8
     467955.000 ns	     46794	80009bac	216d9dd3	fsgnjn.s	f27,f27,f22	 f27:0x3f800000 f22:0x80000000 f27=0x3f800000
     467985.000 ns	     46797	80009bb0	208404d3	fsgnj.s	f9,f8,f8	  f8:0xce95d9ea  f8:0xce95d9ea  f9=0xce95d9ea
     468005.000 ns	     46799	80009bb4	010f2bb3	slt	x23,x30,x16	 x30:0x00000001 x16:0x4ee08af0 x23=0x00000001
     468015.000 ns	     46800	80009bb8	13001eb7	lui	x29,0x13001	 x29=0x13001000
     468025.000 ns	     46801	80009bbc	bdc0aa93	slti	x21,x1,-1060	  x1:0x00000002 x21=0x00000000
     468045.000 ns	     46803	80009bc0	a0242cd3	feq.s	x25,f8,f2	  f8:0xce95d9ea  f2:0x738af430 x25=0x00000000
     468075.000 ns	     46806	80009bc4	a11a9253	flt.s	x4,f21,f17	 f21:0xc7800000 f17:0x0000e08a  x4=0x00000001
     468105.000 ns	     46809	80009bc8	e0041753	fclass.s	x14,f8	  f8:0xce95d9ea x14=0x00000002
     468125.000 ns	     46811	80009bcc	011001b3	add	x3,x0,x17	  x0:0x00000000 x17:0x00000001  x3=0x00000001
     468155.000 ns	     46814	80009bd0	10ee4e53	fmul.s	f28,f28,f14	 f28:0xfffffb81 f14:0x00000000 f28=0x7fc00000
     468185.000 ns	     46817	80009bd4	203c0053	fsgnj.s	f0,f24,f3	 f24:0x80000000  f3:0x7fc00000  f0=0x00000000
     468205.000 ns	     46819	80009bd8	09073d93	sltiu	x27,x14,144	 x14:0x00000002 x27=0x00000001
     468225.000 ns	     46821	80009bdc	28d294d3	fmax.s	f9,f5,f13	  f5:0x4705dfcb f13:0x00000000  f9=0x4705dfcb
     468245.000 ns	     46823	80009be0	011a5ab3	srl	x21,x20,x17	 x20:0xb5130b1c x17:0x00000001 x21=0x5a89858e
     468265.000 ns	     46825	80009be4	29600dd3	fmin.s	f27,f0,f22	  f0:0x00000000 f22:0x80000000 f27=0x80000000
     468295.000 ns	     46828	80009be8	a11c8a53	fle.s	x20,f25,f17	 f25:0x00000000 f17:0x0000e08a x20=0x00000001
     468315.000 ns	     46830	80009bec	45fbd537	lui	x10,0x45fbd	 x10=0x45fbd000
     468335.000 ns	     46832	80009bf0	20cea8d3	fsgnjx.s	f17,f29,f12	 f29:0x8bb28a64 f12:0xf38af430 f17=0x0bb28a64
     469515.000 ns	     46950	80009bf4	5808a0d3	fsqrt.s	f1,f17	 f17:0x0000e08a  f1=0x25172c23
     469545.000 ns	     46953	80009bf8	0294e1b3	rem	x3,x9,x9	  x9:0x00000000  x9:0x00000000  x3=0x00000000
     469575.000 ns	     46956	80009bfc	291d95d3	fmax.s	f11,f27,f17	 f27:0x80000000 f17:0x0bb28a64 f11=0x0bb28a64
     469595.000 ns	     46958	80009c00	01a6cbb3	xor	x23,x13,x26	 x13:0x4ee08af0 x26:0x00000000 x23=0x4ee08af0
     469615.000 ns	     46960	80009c04	c00604d3	fcvt.w.s	x9,f12	 f12:0xf38af430  x9=0x80000000
     469635.000 ns	     46962	80009c08	0008f333	and	x6,x17,x0	 x17:0x00000001  x0:0x00000000  x6=0x00000000
     469655.000 ns	     46964	80009c0c	026a8cb3	mul	x25,x21,x6	 x21:0x5a89858e  x6:0x00000000 x25=0x00000000
     469685.000 ns	     46967	80009c10	e00b80d3	fmv.x.w	x1,f23	 f23:0x00000000  x1=0x00000000
     469725.000 ns	     46971	80009c14	18047253	fdiv.s	f4,f8,f0	  f8:0xce95d9ea  f0:0x00000000  f4=0xff800000
     469765.000 ns	     46975	80009c18	10014153	fmul.s	f2,f2,f0	  f2:0x738af430  f0:0x00000000  f2=0x00000000
     469785.000 ns	     46977	80009c1c	2f40e093	ori	x1,x1,756	  x1:0x00000000  x1=0x000002f4
     469795.000 ns	     46978	80009c20	b3a0a237	lui	x4,0xb3a0a	  x4=0xb3a0a000
     469805.000 ns	     46979	80009c24	5b74e013	ori	x0,x9,1463	  x9:0x80000000
     469845.000 ns	     46983	80009c28	01ee0953	fadd.s	f18,f28,f30	 f28:0x7fc00000 f30:0x80000000 f18=0x7fc00000
     469865.000 ns	     46985	80009c2c	007da533	slt	x10,x27,x7	 x27:0x00000001  x7:0xf9c13b0e x10=0x00000000
     469885.000 ns	     46987	80009c30	c01eb753	fcvt.wu.s	x14,f29	 f29:0x8bb28a64 x14=0x00000000
     469905.000 ns	     46989	80009c34	f2bc0e13	addi	x28,x24,-213	 x24:0x00000000 x28=0xffffff2b
     469925.000 ns	     46991	80009c38	21d288d3	fsgnj.s	f17,f5,f29	  f5:0x4705dfcb f29:0x8bb28a64 f17=0xc705dfcb
     469955.000 ns	     46994	80009c3c	0322f233	remu	x4,x5,x18	  x5:0xffffffff x18:0x00000000  x4=0xffffffff
     469985.000 ns	     46997	80009c40	a1608753	fle.s	x14,f1,f22	  f1:0x25172c23 f22:0x80000000 x14=0x00000000
     470005.000 ns	     46999	80009c44	01261c93	slli	x25,x12,0x12	 x12:0x00000000 x25=0x00000000
     470015.000 ns	     47000	80009c48	00ead293	srli	x5,x21,0xe	 x21:0x5a89858e  x5=0x00016a26
     470025.000 ns	     47001	80009c4c	492ba093	slti	x1,x23,1170	 x23:0x4ee08af0  x1=0x00000000
     470045.000 ns	     47003	80009c50	036981b3	mul	x3,x19,x22	 x19:0x00000001 x22:0x00000000  x3=0x00000000
     470065.000 ns	     47005	80009c54	d3d63b93	sltiu	x23,x12,-707	 x12:0x00000000 x23=0x00000001
     470075.000 ns	     47006	80009c58	0123cc33	xor	x24,x7,x18	  x7:0xf9c13b0e x18:0x00000000 x24=0xf9c13b0e
     470095.000 ns	     47008	80009c5c	0258bb33	mulhu	x22,x17,x5	 x17:0x00000001  x5:0x00016a26 x22=0x00000000
     470125.000 ns	     47011	80009c60	e00d1953	fclass.s	x18,f26	 f26:0xcbfff3df x18=0x00000002
     470155.000 ns	     47014	80009c64	293b1b53	fmax.s	f22,f22,f19	 f22:0x80000000 f19:0x7fc00000 f22=0x80000000
     470185.000 ns	     47017	80009c68	a0082f53	feq.s	x30,f16,f0	 f16:0x80000000  f0:0x00000000 x30=0x00000001
     470215.000 ns	     47020	80009c6c	c017c853	fcvt.wu.s	x16,f15	 f15:0xf38af430 x16=0x00000000
     470245.000 ns	     47023	80009c70	d00578d3	fcvt.s.w	f17,x10	 x10:0x00000000 f17=0x00000000
     470275.000 ns	     47026	80009c74	d0167353	fcvt.s.wu	f6,x12	 x12:0x00000000  f6=0x00000000
     470305.000 ns	     47029	80009c78	c00699d3	fcvt.w.s	x19,f13	 f13:0x00000000 x19=0x00000000
     470325.000 ns	     47031	80009c7c	41cbd113	srai	x2,x23,0x1c	 x23:0x00000001  x2=0x00000000
     470335.000 ns	     47032	80009c80	3e937e13	andi	x28,x6,1001	  x6:0x00000000 x28=0x00000000
     470345.000 ns	     47033	80009c84	41bdd513	srai	x10,x27,0x1b	 x27:0x00000001 x10=0x00000000
     470355.000 ns	     47034	80009c88	01d6d093	srli	x1,x13,0x1d	 x13:0x4ee08af0  x1=0x00000002
     470365.000 ns	     47035	80009c8c	f218a113	slti	x2,x17,-223	 x17:0x00000001  x2=0x00000000
     470375.000 ns	     47036	80009c90	74a67a93	andi	x21,x12,1866	 x12:0x00000000 x21=0x00000000
     470395.000 ns	     47038	80009c94	c0007053	fcvt.w.s	x0,f0	  f0:0x00000000
     470415.000 ns	     47040	80009c98	db2cae93	slti	x29,x25,-590	 x25:0x00000000 x29=0x00000000
     470425.000 ns	     47041	80009c9c	00000013	addi	x0,x0,0	  x0:0x00000000
     470445.000 ns	     47043	80009ca0	d0147753	fcvt.s.wu	f14,x8	  x8:0x80040fe4 f14=0x4f00040f
     470475.000 ns	     47046	80009ca4	a0372053	feq.s	x0,f14,f3	 f14:0x00000000  f3:0x7fc00000
     470845.000 ns	     47083	80009ca8	03b2fb33	remu	x22,x5,x27	  x5:0x00016a26 x27:0x00000001 x22=0x00000000
     470875.000 ns	     47086	80009cac	28ee8253	fmin.s	f4,f29,f14	 f29:0x8bb28a64 f14:0x4f00040f  f4=0x8bb28a64
     470905.000 ns	     47089	80009cb0	a0f92c53	feq.s	x24,f18,f15	 f18:0x7fc00000 f15:0xf38af430 x24=0x00000000
     470935.000 ns	     47092	80009cb4	c007a4d3	fcvt.w.s	x9,f15	 f15:0xf38af430  x9=0x80000000
     470975.000 ns	     47096	80009cb8	580dfad3	fsqrt.s	f21,f27	 f27:0x80000000 f21=0x80000000
     471005.000 ns	     47099	80009cbc	a1a928d3	feq.s	x17,f18,f26	 f18:0x7fc00000 f26:0xcbfff3df x17=0x00000000
     471035.000 ns	     47102	80009cc0	03961cb3	mulh	x25,x12,x25	 x12:0x00000000 x25:0x00000000 x25=0x00000000
     471075.000 ns	     47106	80009cc4	580abc53	fsqrt.s	f24,f21	 f21:0x80000000 f24=0x80000000
     471095.000 ns	     47108	80009cc8	001ddbb3	srl	x23,x27,x1	 x27:0x00000001  x1:0x00000002 x23=0x00000000
     471105.000 ns	     47109	80009ccc	00b3df13	srli	x30,x7,0xb	  x7:0xf9c13b0e x30=0x001f3827
     471115.000 ns	     47110	80009cd0	bb275c97	auipc	x25,0xbb275	 x25=0x3b27ecd0
     471125.000 ns	     47111	80009cd4	a485eb93	ori	x23,x11,-1464	 x11:0x80041024 x23=0xfffffa6c
     471155.000 ns	     47114	80009cd8	580170d3	fsqrt.s	f1,f2	  f2:0x00000000  f1=0x00000000
     471185.000 ns	     47117	80009cdc	03cfa533	mulhsu	x10,x31,x28	 x31:0x8bb285e5 x28:0x00000000 x10=0x00000000
     471225.000 ns	     47121	80009ce0	18b00553	fdiv.s	f10,f0,f11	  f0:0x00000000 f11:0x0bb28a64 f10=0x00000000
     471255.000 ns	     47124	80009ce4	21028bd3	fsgnj.s	f23,f5,f16	  f5:0x4705dfcb f16:0x80000000 f23=0xc705dfcb
     471275.000 ns	     47126	80009ce8	3440f337	lui	x6,0x3440f	  x6=0x3440f000
     471295.000 ns	     47128	80009cec	c01e9cd3	fcvt.wu.s	x25,f29	 f29:0x8bb28a64 x25=0x00000000
     471325.000 ns	     47131	80009cf0	c011f8d3	fcvt.wu.s	x17,f3	  f3:0x7fc00000 x17=0xffffffff
     471355.000 ns	     47134	80009cf4	a1429d53	flt.s	x26,f5,f20	  f5:0x4705dfcb f20:0x80000000 x26=0x00000000
     471375.000 ns	     47136	80009cf8	0120d3b3	srl	x7,x1,x18	  x1:0x00000002 x18:0x00000002  x7=0x00000000
     471385.000 ns	     47137	80009cfc	32cd0193	addi	x3,x26,812	 x26:0x00000000  x3=0x0000032c
     471395.000 ns	     47138	80009d00	3206fd93	andi	x27,x13,800	 x13:0x4ee08af0 x27=0x00000220
     471415.000 ns	     47140	80009d04	28b61ad3	fmax.s	f21,f12,f11	 f12:0xf38af430 f11:0x0bb28a64 f21=0x0bb28a64
     471435.000 ns	     47142	80009d08	4758a037	lui	x0,0x4758a	
     471445.000 ns	     47143	80009d0c	0103e633	or	x12,x7,x16	  x7:0x00000000 x16:0x00000000 x12=0x00000000
     471455.000 ns	     47144	80009d10	17608e93	addi	x29,x1,374	  x1:0x00000002 x29=0x00000178
     471475.000 ns	     47146	80009d14	a11b1653	flt.s	x12,f22,f17	 f22:0x80000000 f17:0x00000000 x12=0x00000000
     471525.000 ns	     47151	80009d18	01c82853	fadd.s	f16,f16,f28	 f16:0x80000000 f28:0x7fc00000 f16=0x7fc00000
     471545.000 ns	     47153	80009d1c	009fdbb3	srl	x23,x31,x9	 x31:0x8bb285e5  x9:0x80000000 x23=0x8bb285e5
     471555.000 ns	     47154	80009d20	00ca0e33	add	x28,x20,x12	 x20:0x00000001 x12:0x00000000 x28=0x00000001
     471575.000 ns	     47156	80009d24	f0008c53	fmv.w.x	f24,x1	  x1:0x00000002 f24=0x00000002
     471595.000 ns	     47158	80009d28	00062a33	slt	x20,x12,x0	 x12:0x00000000  x0:0x00000000 x20=0x00000000
     471605.000 ns	     47159	80009d2c	01401b33	sll	x22,x0,x20	  x0:0x00000000 x20:0x00000001 x22=0x00000000
     471625.000 ns	     47161	80009d30	f0098bd3	fmv.w.x	f23,x19	 x19:0x00000000 f23=0x00000000
     471995.000 ns	     47198	80009d34	02887cb3	remu	x25,x16,x8	 x16:0x00000000  x8:0x80040fe4 x25=0x00000000
     472025.000 ns	     47201	80009d38	a04c10d3	flt.s	x1,f24,f4	 f24:0x00000002  f4:0x8bb28a64  x1=0x00000000
     472045.000 ns	     47203	80009d3c	9a1c4a13	xori	x20,x24,-1631	 x24:0x00000000 x20=0xfffff9a1
     472055.000 ns	     47204	80009d40	3b522f93	slti	x31,x4,949	  x4:0xffffffff x31=0x00000001
     472065.000 ns	     47205	80009d44	afa9af13	slti	x30,x19,-1286	 x19:0x00000000 x30=0x00000000
     472075.000 ns	     47206	80009d48	00000013	addi	x0,x0,0	  x0:0x00000000
     472095.000 ns	     47208	80009d4c	214e2553	fsgnjx.s	f10,f28,f20	 f28:0x7fc00000 f20:0x80000000 f10=0xffc00000
     472125.000 ns	     47211	80009d50	03effe33	remu	x28,x31,x30	 x31:0x00000001 x30:0x00000000 x28=0x00000001
     472145.000 ns	     47213	80009d54	40addeb3	sra	x29,x27,x10	 x27:0x00000220 x10:0x00000000 x29=0x00000220
     472165.000 ns	     47215	80009d58	e00d81d3	fmv.x.w	x3,f27	 f27:0x80000000  x3=0x80000000
     472195.000 ns	     47218	80009d5c	026f3c33	mulhu	x24,x30,x6	 x30:0x00000000  x6:0x3440f000 x24=0x00000000
     472215.000 ns	     47220	80009d60	b1ff8393	addi	x7,x31,-1249	 x31:0x00000001  x7=0xfffffb20
     472225.000 ns	     47221	80009d64	d5fbb097	auipc	x1,0xd5fbb	  x1=0x55fc4d64
     472245.000 ns	     47223	80009d68	a0960f53	fle.s	x30,f12,f9	 f12:0xf38af430  f9:0x4705dfcb x30=0x00000001
     472285.000 ns	     47227	80009d6c	5806fd53	fsqrt.s	f26,f13	 f13:0x00000000 f26=0x00000000
     472655.000 ns	     47264	80009d70	027ae933	rem	x18,x21,x7	 x21:0x00000000  x7:0xfffffb20 x18=0x00000000
     472675.000 ns	     47266	80009d74	01eb7e33	and	x28,x22,x30	 x22:0x00000000 x30:0x00000001 x28=0x00000000
     472685.000 ns	     47267	80009d78	019974b3	and	x9,x18,x25	 x18:0x00000000 x25:0x00000000  x9=0x00000000
     472695.000 ns	     47268	80009d7c	00000013	addi	x0,x0,0	  x0:0x00000000
     472715.000 ns	     47270	80009d80	21269653	fsgnjn.s	f12,f13,f18	 f13:0x00000000 f18:0x7fc00000 f12=0x80000000
     472735.000 ns	     47272	80009d84	41c40eb3	sub	x29,x8,x28	  x8:0x80040fe4 x28:0x00000000 x29=0x80040fe4
     472745.000 ns	     47273	80009d88	40510db3	sub	x27,x2,x5	  x2:0x00000000  x5:0x00016a26 x27=0xfffe95da
     472765.000 ns	     47275	80009d8c	f0040053	fmv.w.x	f0,x8	  x8:0x80040fe4  f0=0x80040fe4
     472785.000 ns	     47277	80009d90	004469b3	or	x19,x8,x4	  x8:0x80040fe4  x4:0xffffffff x19=0xffffffff
     472805.000 ns	     47279	80009d94	a06d9f53	flt.s	x30,f27,f6	 f27:0x80000000  f6:0x00000000 x30=0x00000000
     472825.000 ns	     47281	80009d98	410b0633	sub	x12,x22,x16	 x22:0x00000000 x16:0x00000000 x12=0x00000000
     473995.000 ns	     47398	80009d9c	580af953	fsqrt.s	f18,f21	 f21:0x0bb28a64 f18=0x25172c23
     474015.000 ns	     47400	80009da0	11854a13	xori	x20,x10,280	 x10:0x00000000 x20=0x00000118
     474035.000 ns	     47402	80009da4	02a4e733	rem	x14,x9,x10	  x9:0x00000000 x10:0x00000000 x14=0x00000000
     474055.000 ns	     47404	80009da8	172db397	auipc	x7,0x172db	  x7=0x972e4da8
     474065.000 ns	     47405	80009dac	00668d33	add	x26,x13,x6	 x13:0x4ee08af0  x6:0x3440f000 x26=0x83217af0
     474075.000 ns	     47406	80009db0	0cff4db7	lui	x27,0xcff4	 x27=0x0cff4000
     474085.000 ns	     47407	80009db4	416e8033	sub	x0,x29,x22	 x29:0x80040fe4 x22:0x00000000
     474105.000 ns	     47409	80009db8	d00788d3	fcvt.s.w	f17,x15	 x15:0xf9c13d14 f17=0xccc7d85e
     474135.000 ns	     47412	80009dbc	a0eb1953	flt.s	x18,f22,f14	 f22:0x80000000 f14:0x4f00040f x18=0x00000001
     474165.000 ns	     47415	80009dc0	e00f0553	fmv.x.w	x10,f30	 f30:0x80000000 x10=0x80000000
     474195.000 ns	     47418	80009dc4	f00c0853	fmv.w.x	f16,x24	 x24:0x00000000 f16=0x00000000
     474225.000 ns	     47421	80009dc8	201f0b53	fsgnj.s	f22,f30,f1	 f30:0x80000000  f1:0x00000000 f22=0x00000000
     474245.000 ns	     47423	80009dcc	00a286b3	add	x13,x5,x10	  x5:0x00016a26 x10:0x80000000 x13=0x80016a26
     474255.000 ns	     47424	80009dd0	ccf63113	sltiu	x2,x12,-817	 x12:0x00000000  x2=0x00000001
     474275.000 ns	     47426	80009dd4	a05302d3	fle.s	x5,f6,f5	  f6:0x00000000  f5:0x4705dfcb  x5=0x00000001
     474295.000 ns	     47428	80009dd8	4137d033	sra	x0,x15,x19	 x15:0xf9c13d14 x19:0xffffffff
     474315.000 ns	     47430	80009ddc	035530b3	mulhu	x1,x10,x21	 x10:0x80000000 x21:0x00000000  x1=0x00000000
     474655.000 ns	     47464	80009de0	1915fb53	fdiv.s	f22,f11,f17	 f11:0x0bb28a64 f17:0xccc7d85e f22=0xfe328a64
     474675.000 ns	     47466	80009de4	41e9d993	srai	x19,x19,0x1e	 x19:0xffffffff x19=0xffffffff
     474695.000 ns	     47468	80009de8	f00a8153	fmv.w.x	f2,x21	 x21:0x00000000  f2=0x00000000
     474725.000 ns	     47471	80009dec	03e679b3	remu	x19,x12,x30	 x12:0x00000000 x30:0x00000000 x19=0x00000000
     474755.000 ns	     47474	80009df0	035d82b3	mul	x5,x27,x21	 x27:0x0cff4000 x21:0x00000000  x5=0x00000000
     474785.000 ns	     47477	80009df4	a1118353	fle.s	x6,f3,f17	  f3:0x7fc00000 f17:0xccc7d85e  x6=0x00000000
     474835.000 ns	     47482	80009df8	01a64753	fadd.s	f14,f12,f26	 f12:0x80000000 f26:0x00000000 f14=0x00000000
     474875.000 ns	     47486	80009dfc	190f72d3	fdiv.s	f5,f30,f16	 f30:0x80000000 f16:0x00000000  f5=0x7fc00000
     474905.000 ns	     47489	80009e00	025c8033	mul	x0,x25,x5	 x25:0x00000000  x5:0x00000000
     474925.000 ns	     47491	80009e04	41665813	srai	x16,x12,0x16	 x12:0x00000000 x16=0x00000000
     474945.000 ns	     47493	80009e08	037e10b3	mulh	x1,x28,x23	 x28:0x00000000 x23:0x8bb285e5  x1=0x00000000
     474985.000 ns	     47497	80009e0c	58017e53	fsqrt.s	f28,f2	  f2:0x00000000 f28=0x00000000
     475005.000 ns	     47499	80009e10	cc92b993	sltiu	x19,x5,-823	  x5:0x00000000 x19=0x00000001
     475045.000 ns	     47503	80009e14	014d8ed3	fadd.s	f29,f27,f20	 f27:0x80000000 f20:0x80000000 f29=0x80000000
     475075.000 ns	     47506	80009e18	02e82933	mulhsu	x18,x16,x14	 x16:0x00000000 x14:0x00000000 x18=0x00000000
     475095.000 ns	     47508	80009e1c	3071bd13	sltiu	x26,x3,775	  x3:0x80000000 x26=0x00000000
     475115.000 ns	     47510	80009e20	29429cd3	fmax.s	f25,f5,f20	  f5:0x7fc00000 f20:0x80000000 f25=0x80000000
     475145.000 ns	     47513	80009e24	a0742253	feq.s	x4,f8,f7	  f8:0xce95d9ea  f7:0x0000e08a  x4=0x00000000
     475165.000 ns	     47515	80009e28	41b10333	sub	x6,x2,x27	  x2:0x00000001 x27:0x0cff4000  x6=0xf300c001
     475175.000 ns	     47516	80009e2c	01e10d33	add	x26,x2,x30	  x2:0x00000001 x30:0x00000000 x26=0x00000001
     475185.000 ns	     47517	80009e30	6476ed93	ori	x27,x13,1607	 x13:0x80016a26 x27=0x80016e67
     475205.000 ns	     47519	80009e34	d00c9553	fcvt.s.w	f10,x25	 x25:0x00000000 f10=0x00000000
     475575.000 ns	     47556	80009e38	02bae233	rem	x4,x21,x11	 x21:0x00000000 x11:0x80041024  x4=0x00000000
     475615.000 ns	     47560	80009e3c	119d9953	fmul.s	f18,f27,f25	 f27:0x80000000 f25:0x80000000 f18=0x00000000
     475635.000 ns	     47562	80009e40	1dedb993	sltiu	x19,x27,478	 x27:0x80016e67 x19=0x00000000
     475645.000 ns	     47563	80009e44	5228e193	ori	x3,x17,1314	 x17:0xffffffff  x3=0xffffffff
     475655.000 ns	     47564	80009e48	00aefd33	and	x26,x29,x10	 x29:0x80040fe4 x10:0x80000000 x26=0x80000000
     475675.000 ns	     47566	80009e4c	c0117753	fcvt.wu.s	x14,f2	  f2:0x00000000 x14=0x00000000
     475705.000 ns	     47569	80009e50	02b4aeb3	mulhsu	x29,x9,x11	  x9:0x00000000 x11:0x80041024 x29=0x00000000
     475725.000 ns	     47571	80009e54	01500133	add	x2,x0,x21	  x0:0x00000000 x21:0x00000000  x2=0x00000000
     475745.000 ns	     47573	80009e58	c016f9d3	fcvt.wu.s	x19,f13	 f13:0x00000000 x19=0x00000000
     475765.000 ns	     47575	80009e5c	40e68033	sub	x0,x13,x14	 x13:0x80016a26 x14:0x00000000
     475795.000 ns	     47578	80009e60	580cfad3	fsqrt.s	f21,f25	 f25:0x80000000 f21=0x80000000
     475825.000 ns	     47581	80009e64	02041e33	mulh	x28,x8,x0	  x8:0x80040fe4  x0:0x00000000 x28=0x00000000
     475855.000 ns	     47584	80009e68	f0078253	fmv.w.x	f4,x15	 x15:0xf9c13d14  f4=0xf9c13d14
     475875.000 ns	     47586	80009e6c	001e4c33	xor	x24,x28,x1	 x28:0x00000000  x1:0x00000000 x24=0x00000000
     475895.000 ns	     47588	80009e70	02723cb3	mulhu	x25,x4,x7	  x4:0x00000000  x7:0x972e4da8 x25=0x00000000
     475925.000 ns	     47591	80009e74	c008fd53	fcvt.w.s	x26,f17	 f17:0xccc7d85e x26=0x063ec2f0
     475955.000 ns	     47594	80009e78	a0d30d53	fle.s	x26,f6,f13	  f6:0x00000000 f13:0x00000000 x26=0x00000001
     476325.000 ns	     47631	80009e7c	02716533	rem	x10,x2,x7	  x2:0x00000000  x7:0x972e4da8 x10=0x00000000
     476345.000 ns	     47633	80009e80	00e8c533	xor	x10,x17,x14	 x17:0xffffffff x14:0x00000000 x10=0xffffffff
     476355.000 ns	     47634	80009e84	006e1a33	sll	x20,x28,x6	 x28:0x00000000  x6:0xf300c001 x20=0x00000000
     476385.000 ns	     47637	80009e88	1152fbd3	fmul.s	f23,f5,f21	  f5:0x7fc00000 f21:0x80000000 f23=0x7fc00000
     476415.000 ns	     47640	80009e8c	20ee2e53	fsgnjx.s	f28,f28,f14	 f28:0x00000000 f14:0x00000000 f28=0x00000000
     476445.000 ns	     47643	80009e90	280109d3	fmin.s	f19,f2,f0	  f2:0x00000000  f0:0x80040fe4 f19=0x80040fe4
     476465.000 ns	     47645	80009e94	41e354b3	sra	x9,x6,x30	  x6:0xf300c001 x30:0x00000000  x9=0xf300c001
     476475.000 ns	     47646	80009e98	401601b3	sub	x3,x12,x1	 x12:0x00000000  x1:0x00000000  x3=0x00000000
     476485.000 ns	     47647	80009e9c	43748037	lui	x0,0x43748	
     476845.000 ns	     47683	80009ea0	03f75833	divu	x16,x14,x31	 x14:0x00000000 x31:0x00000001 x16=0x00000000
     476865.000 ns	     47685	80009ea4	0030fdb3	and	x27,x1,x3	  x1:0x00000000  x3:0x00000000 x27=0x00000000
     476875.000 ns	     47686	80009ea8	00000797	auipc	x15,0x0	 x15=0x80009ea8
     476885.000 ns	     47687	80009eac	00c78793	addi	x15,x15,12	 x15:0xf9c13d14 x15=0x80009eb4
     476895.000 ns	     47688	80009eb0	00078067	jalr	x0,x15,0	 x15:0xf9c13d14
     476945.000 ns	     47693	80009eb4	00100193	addi	x3,x0,1	  x0:0x00000000  x3=0x00000001
     476955.000 ns	     47694	80009eb8	00000073	ecall	
     476965.000 ns	     47695	80009ebc	00036f17	auipc	x30,0x36	 x30=0x8003febc
     476975.000 ns	     47696	80009ec0	143f2223	sw	x3,324(x30)	 x30:0x00000000  x3:0x00000001 PA:0xxxxxxxxx
     476995.000 ns	     47698	80009ec4	ff9ff06f	jal	x0,80009ec0	
     477045.000 ns	     47703	80009ebc	00036f17	auipc	x30,0x36	 x30=0x8003febc
     477055.000 ns	     47704	80009ec0	143f2223	sw	x3,324(x30)	 x30:0x8003febc  x3:0x00000001 PA:0xxxxxxxxx
     477075.000 ns	     47706	80009ec4	ff9ff06f	jal	x0,80009ec0	
     477125.000 ns	     47711	80009ebc	00036f17	auipc	x30,0x36	 x30=0x8003febc
     477135.000 ns	     47712	80009ec0	143f2223	sw	x3,324(x30)	 x30:0x8003febc  x3:0x00000001 PA:0xxxxxxxxx
     477155.000 ns	     47714	80009ec4	ff9ff06f	jal	x0,80009ec0	
     477205.000 ns	     47719	80009ebc	00036f17	auipc	x30,0x36	 x30=0x8003febc
     477215.000 ns	     47720	80009ec0	143f2223	sw	x3,324(x30)	 x30:0x8003febc  x3:0x00000001 PA:0xxxxxxxxx
     477235.000 ns	     47722	80009ec4	ff9ff06f	jal	x0,80009ec0	
     477285.000 ns	     47727	80009ebc	00036f17	auipc	x30,0x36	 x30=0x8003febc
     477295.000 ns	     47728	80009ec0	143f2223	sw	x3,324(x30)	 x30:0x8003febc  x3:0x00000001 PA:0xxxxxxxxx
     477315.000 ns	     47730	80009ec4	ff9ff06f	jal	x0,80009ec0	
     477365.000 ns	     47735	80009ebc	00036f17	auipc	x30,0x36	 x30=0x8003febc
     477375.000 ns	     47736	80009ec0	143f2223	sw	x3,324(x30)	 x30:0x8003febc  x3:0x00000001 PA:0xxxxxxxxx
     477395.000 ns	     47738	80009ec4	ff9ff06f	jal	x0,80009ec0	
     477445.000 ns	     47743	80009ebc	00036f17	auipc	x30,0x36	 x30=0x8003febc
     477455.000 ns	     47744	80009ec0	143f2223	sw	x3,324(x30)	 x30:0x8003febc  x3:0x00000001 PA:0xxxxxxxxx
     477475.000 ns	     47746	80009ec4	ff9ff06f	jal	x0,80009ec0	
     477525.000 ns	     47751	80009ebc	00036f17	auipc	x30,0x36	 x30=0x8003febc
     477535.000 ns	     47752	80009ec0	143f2223	sw	x3,324(x30)	 x30:0x8003febc  x3:0x00000001 PA:0xxxxxxxxx
     477555.000 ns	     47754	80009ec4	ff9ff06f	jal	x0,80009ec0	
     477605.000 ns	     47759	80009ebc	00036f17	auipc	x30,0x36	 x30=0x8003febc
     477615.000 ns	     47760	80009ec0	143f2223	sw	x3,324(x30)	 x30:0x8003febc  x3:0x00000001 PA:0xxxxxxxxx
     477635.000 ns	     47762	80009ec4	ff9ff06f	jal	x0,80009ec0	
     477685.000 ns	     47767	80009ebc	00036f17	auipc	x30,0x36	 x30=0x8003febc
     477695.000 ns	     47768	80009ec0	143f2223	sw	x3,324(x30)	 x30:0x8003febc  x3:0x00000001 PA:0xxxxxxxxx
     477715.000 ns	     47770	80009ec4	ff9ff06f	jal	x0,80009ec0	
     477765.000 ns	     47775	80009ebc	00036f17	auipc	x30,0x36	 x30=0x8003febc
     477775.000 ns	     47776	80009ec0	143f2223	sw	x3,324(x30)	 x30:0x8003febc  x3:0x00000001 PA:0xxxxxxxxx
     477795.000 ns	     47778	80009ec4	ff9ff06f	jal	x0,80009ec0	
     477845.000 ns	     47783	80009ebc	00036f17	auipc	x30,0x36	 x30=0x8003febc
     477855.000 ns	     47784	80009ec0	143f2223	sw	x3,324(x30)	 x30:0x8003febc  x3:0x00000001 PA:0xxxxxxxxx
     477875.000 ns	     47786	80009ec4	ff9ff06f	jal	x0,80009ec0	
     477925.000 ns	     47791	80009ebc	00036f17	auipc	x30,0x36	 x30=0x8003febc
     477935.000 ns	     47792	80009ec0	143f2223	sw	x3,324(x30)	 x30:0x8003febc  x3:0x00000001 PA:0xxxxxxxxx
     477955.000 ns	     47794	80009ec4	ff9ff06f	jal	x0,80009ec0	
     478005.000 ns	     47799	80009ebc	00036f17	auipc	x30,0x36	 x30=0x8003febc
     478015.000 ns	     47800	80009ec0	143f2223	sw	x3,324(x30)	 x30:0x8003febc  x3:0x00000001 PA:0xxxxxxxxx
     478035.000 ns	     47802	80009ec4	ff9ff06f	jal	x0,80009ec0	
     478085.000 ns	     47807	80009ebc	00036f17	auipc	x30,0x36	 x30=0x8003febc
     478095.000 ns	     47808	80009ec0	143f2223	sw	x3,324(x30)	 x30:0x8003febc  x3:0x00000001 PA:0xxxxxxxxx
     478115.000 ns	     47810	80009ec4	ff9ff06f	jal	x0,80009ec0	
     478165.000 ns	     47815	80009ebc	00036f17	auipc	x30,0x36	 x30=0x8003febc
     478175.000 ns	     47816	80009ec0	143f2223	sw	x3,324(x30)	 x30:0x8003febc  x3:0x00000001 PA:0xxxxxxxxx
     478195.000 ns	     47818	80009ec4	ff9ff06f	jal	x0,80009ec0	
     478245.000 ns	     47823	80009ebc	00036f17	auipc	x30,0x36	 x30=0x8003febc
     478255.000 ns	     47824	80009ec0	143f2223	sw	x3,324(x30)	 x30:0x8003febc  x3:0x00000001 PA:0xxxxxxxxx
     478275.000 ns	     47826	80009ec4	ff9ff06f	jal	x0,80009ec0	
     478325.000 ns	     47831	80009ebc	00036f17	auipc	x30,0x36	 x30=0x8003febc
     478335.000 ns	     47832	80009ec0	143f2223	sw	x3,324(x30)	 x30:0x8003febc  x3:0x00000001 PA:0xxxxxxxxx
     478355.000 ns	     47834	80009ec4	ff9ff06f	jal	x0,80009ec0	
     478405.000 ns	     47839	80009ebc	00036f17	auipc	x30,0x36	 x30=0x8003febc
     478415.000 ns	     47840	80009ec0	143f2223	sw	x3,324(x30)	 x30:0x8003febc  x3:0x00000001 PA:0xxxxxxxxx
     478435.000 ns	     47842	80009ec4	ff9ff06f	jal	x0,80009ec0	
     478485.000 ns	     47847	80009ebc	00036f17	auipc	x30,0x36	 x30=0x8003febc
     478495.000 ns	     47848	80009ec0	143f2223	sw	x3,324(x30)	 x30:0x8003febc  x3:0x00000001 PA:0xxxxxxxxx
     478515.000 ns	     47850	80009ec4	ff9ff06f	jal	x0,80009ec0	
     478565.000 ns	     47855	80009ebc	00036f17	auipc	x30,0x36	 x30=0x8003febc
     478575.000 ns	     47856	80009ec0	143f2223	sw	x3,324(x30)	 x30:0x8003febc  x3:0x00000001 PA:0xxxxxxxxx
     478595.000 ns	     47858	80009ec4	ff9ff06f	jal	x0,80009ec0	
     478645.000 ns	     47863	80009ebc	00036f17	auipc	x30,0x36	 x30=0x8003febc
     478655.000 ns	     47864	80009ec0	143f2223	sw	x3,324(x30)	 x30:0x8003febc  x3:0x00000001 PA:0xxxxxxxxx
     478675.000 ns	     47866	80009ec4	ff9ff06f	jal	x0,80009ec0	
     478725.000 ns	     47871	80009ebc	00036f17	auipc	x30,0x36	 x30=0x8003febc
     478735.000 ns	     47872	80009ec0	143f2223	sw	x3,324(x30)	 x30:0x8003febc  x3:0x00000001 PA:0xxxxxxxxx
     478755.000 ns	     47874	80009ec4	ff9ff06f	jal	x0,80009ec0	
     478805.000 ns	     47879	80009ebc	00036f17	auipc	x30,0x36	 x30=0x8003febc
     478815.000 ns	     47880	80009ec0	143f2223	sw	x3,324(x30)	 x30:0x8003febc  x3:0x00000001 PA:0xxxxxxxxx
     478835.000 ns	     47882	80009ec4	ff9ff06f	jal	x0,80009ec0	
     478885.000 ns	     47887	80009ebc	00036f17	auipc	x30,0x36	 x30=0x8003febc
     478895.000 ns	     47888	80009ec0	143f2223	sw	x3,324(x30)	 x30:0x8003febc  x3:0x00000001 PA:0xxxxxxxxx
     478915.000 ns	     47890	80009ec4	ff9ff06f	jal	x0,80009ec0	
     478965.000 ns	     47895	80009ebc	00036f17	auipc	x30,0x36	 x30=0x8003febc
     478975.000 ns	     47896	80009ec0	143f2223	sw	x3,324(x30)	 x30:0x8003febc  x3:0x00000001 PA:0xxxxxxxxx
     478995.000 ns	     47898	80009ec4	ff9ff06f	jal	x0,80009ec0	
     479045.000 ns	     47903	80009ebc	00036f17	auipc	x30,0x36	 x30=0x8003febc
     479055.000 ns	     47904	80009ec0	143f2223	sw	x3,324(x30)	 x30:0x8003febc  x3:0x00000001 PA:0xxxxxxxxx
     479075.000 ns	     47906	80009ec4	ff9ff06f	jal	x0,80009ec0	
     479125.000 ns	     47911	80009ebc	00036f17	auipc	x30,0x36	 x30=0x8003febc
     479135.000 ns	     47912	80009ec0	143f2223	sw	x3,324(x30)	 x30:0x8003febc  x3:0x00000001 PA:0xxxxxxxxx
     479155.000 ns	     47914	80009ec4	ff9ff06f	jal	x0,80009ec0	
     479205.000 ns	     47919	80009ebc	00036f17	auipc	x30,0x36	 x30=0x8003febc
     479215.000 ns	     47920	80009ec0	143f2223	sw	x3,324(x30)	 x30:0x8003febc  x3:0x00000001 PA:0xxxxxxxxx
     479235.000 ns	     47922	80009ec4	ff9ff06f	jal	x0,80009ec0	
     479285.000 ns	     47927	80009ebc	00036f17	auipc	x30,0x36	 x30=0x8003febc
     479295.000 ns	     47928	80009ec0	143f2223	sw	x3,324(x30)	 x30:0x8003febc  x3:0x00000001 PA:0xxxxxxxxx
     479315.000 ns	     47930	80009ec4	ff9ff06f	jal	x0,80009ec0	
     479365.000 ns	     47935	80009ebc	00036f17	auipc	x30,0x36	 x30=0x8003febc
     479375.000 ns	     47936	80009ec0	143f2223	sw	x3,324(x30)	 x30:0x8003febc  x3:0x00000001 PA:0xxxxxxxxx
     479395.000 ns	     47938	80009ec4	ff9ff06f	jal	x0,80009ec0	
     479445.000 ns	     47943	80009ebc	00036f17	auipc	x30,0x36	 x30=0x8003febc
     479455.000 ns	     47944	80009ec0	143f2223	sw	x3,324(x30)	 x30:0x8003febc  x3:0x00000001 PA:0xxxxxxxxx
     479475.000 ns	     47946	80009ec4	ff9ff06f	jal	x0,80009ec0	
     479525.000 ns	     47951	80009ebc	00036f17	auipc	x30,0x36	 x30=0x8003febc
     479535.000 ns	     47952	80009ec0	143f2223	sw	x3,324(x30)	 x30:0x8003febc  x3:0x00000001 PA:0xxxxxxxxx
     479555.000 ns	     47954	80009ec4	ff9ff06f	jal	x0,80009ec0	
     479605.000 ns	     47959	80009ebc	00036f17	auipc	x30,0x36	 x30=0x8003febc
     479615.000 ns	     47960	80009ec0	143f2223	sw	x3,324(x30)	 x30:0x8003febc  x3:0x00000001 PA:0xxxxxxxxx
     479635.000 ns	     47962	80009ec4	ff9ff06f	jal	x0,80009ec0	
     479685.000 ns	     47967	80009ebc	00036f17	auipc	x30,0x36	 x30=0x8003febc
     479695.000 ns	     47968	80009ec0	143f2223	sw	x3,324(x30)	 x30:0x8003febc  x3:0x00000001 PA:0xxxxxxxxx
     479715.000 ns	     47970	80009ec4	ff9ff06f	jal	x0,80009ec0	
     479765.000 ns	     47975	80009ebc	00036f17	auipc	x30,0x36	 x30=0x8003febc
     479775.000 ns	     47976	80009ec0	143f2223	sw	x3,324(x30)	 x30:0x8003febc  x3:0x00000001 PA:0xxxxxxxxx
     479795.000 ns	     47978	80009ec4	ff9ff06f	jal	x0,80009ec0	
     479845.000 ns	     47983	80009ebc	00036f17	auipc	x30,0x36	 x30=0x8003febc
     479855.000 ns	     47984	80009ec0	143f2223	sw	x3,324(x30)	 x30:0x8003febc  x3:0x00000001 PA:0xxxxxxxxx
     479875.000 ns	     47986	80009ec4	ff9ff06f	jal	x0,80009ec0	
     479925.000 ns	     47991	80009ebc	00036f17	auipc	x30,0x36	 x30=0x8003febc
     479935.000 ns	     47992	80009ec0	143f2223	sw	x3,324(x30)	 x30:0x8003febc  x3:0x00000001 PA:0xxxxxxxxx
     479955.000 ns	     47994	80009ec4	ff9ff06f	jal	x0,80009ec0	
     480005.000 ns	     47999	80009ebc	00036f17	auipc	x30,0x36	 x30=0x8003febc
     480015.000 ns	     48000	80009ec0	143f2223	sw	x3,324(x30)	 x30:0x8003febc  x3:0x00000001 PA:0xxxxxxxxx
     480035.000 ns	     48002	80009ec4	ff9ff06f	jal	x0,80009ec0	
     480085.000 ns	     48007	80009ebc	00036f17	auipc	x30,0x36	 x30=0x8003febc
     480095.000 ns	     48008	80009ec0	143f2223	sw	x3,324(x30)	 x30:0x8003febc  x3:0x00000001 PA:0xxxxxxxxx
     480115.000 ns	     48010	80009ec4	ff9ff06f	jal	x0,80009ec0	
     480165.000 ns	     48015	80009ebc	00036f17	auipc	x30,0x36	 x30=0x8003febc
     480175.000 ns	     48016	80009ec0	143f2223	sw	x3,324(x30)	 x30:0x8003febc  x3:0x00000001 PA:0xxxxxxxxx
     480195.000 ns	     48018	80009ec4	ff9ff06f	jal	x0,80009ec0	
     480245.000 ns	     48023	80009ebc	00036f17	auipc	x30,0x36	 x30=0x8003febc
     480255.000 ns	     48024	80009ec0	143f2223	sw	x3,324(x30)	 x30:0x8003febc  x3:0x00000001 PA:0xxxxxxxxx
     480275.000 ns	     48026	80009ec4	ff9ff06f	jal	x0,80009ec0	
     480325.000 ns	     48031	80009ebc	00036f17	auipc	x30,0x36	 x30=0x8003febc
     480335.000 ns	     48032	80009ec0	143f2223	sw	x3,324(x30)	 x30:0x8003febc  x3:0x00000001 PA:0xxxxxxxxx
     480355.000 ns	     48034	80009ec4	ff9ff06f	jal	x0,80009ec0	
     480405.000 ns	     48039	80009ebc	00036f17	auipc	x30,0x36	 x30=0x8003febc
     480415.000 ns	     48040	80009ec0	143f2223	sw	x3,324(x30)	 x30:0x8003febc  x3:0x00000001 PA:0xxxxxxxxx
     480435.000 ns	     48042	80009ec4	ff9ff06f	jal	x0,80009ec0	
     480485.000 ns	     48047	80009ebc	00036f17	auipc	x30,0x36	 x30=0x8003febc
     480495.000 ns	     48048	80009ec0	143f2223	sw	x3,324(x30)	 x30:0x8003febc  x3:0x00000001 PA:0xxxxxxxxx
     480515.000 ns	     48050	80009ec4	ff9ff06f	jal	x0,80009ec0	
     480565.000 ns	     48055	80009ebc	00036f17	auipc	x30,0x36	 x30=0x8003febc
     480575.000 ns	     48056	80009ec0	143f2223	sw	x3,324(x30)	 x30:0x8003febc  x3:0x00000001 PA:0xxxxxxxxx
     480595.000 ns	     48058	80009ec4	ff9ff06f	jal	x0,80009ec0	
     480645.000 ns	     48063	80009ebc	00036f17	auipc	x30,0x36	 x30=0x8003febc
     480655.000 ns	     48064	80009ec0	143f2223	sw	x3,324(x30)	 x30:0x8003febc  x3:0x00000001 PA:0xxxxxxxxx
     480675.000 ns	     48066	80009ec4	ff9ff06f	jal	x0,80009ec0	
     480725.000 ns	     48071	80009ebc	00036f17	auipc	x30,0x36	 x30=0x8003febc
     480735.000 ns	     48072	80009ec0	143f2223	sw	x3,324(x30)	 x30:0x8003febc  x3:0x00000001 PA:0xxxxxxxxx
     480755.000 ns	     48074	80009ec4	ff9ff06f	jal	x0,80009ec0	
     480805.000 ns	     48079	80009ebc	00036f17	auipc	x30,0x36	 x30=0x8003febc
     480815.000 ns	     48080	80009ec0	143f2223	sw	x3,324(x30)	 x30:0x8003febc  x3:0x00000001 PA:0xxxxxxxxx
     480835.000 ns	     48082	80009ec4	ff9ff06f	jal	x0,80009ec0	
     480885.000 ns	     48087	80009ebc	00036f17	auipc	x30,0x36	 x30=0x8003febc
     480895.000 ns	     48088	80009ec0	143f2223	sw	x3,324(x30)	 x30:0x8003febc  x3:0x00000001 PA:0xxxxxxxxx
     480915.000 ns	     48090	80009ec4	ff9ff06f	jal	x0,80009ec0	
     480965.000 ns	     48095	80009ebc	00036f17	auipc	x30,0x36	 x30=0x8003febc
     480975.000 ns	     48096	80009ec0	143f2223	sw	x3,324(x30)	 x30:0x8003febc  x3:0x00000001 PA:0xxxxxxxxx
     480995.000 ns	     48098	80009ec4	ff9ff06f	jal	x0,80009ec0	
     481045.000 ns	     48103	80009ebc	00036f17	auipc	x30,0x36	 x30=0x8003febc
     481055.000 ns	     48104	80009ec0	143f2223	sw	x3,324(x30)	 x30:0x8003febc  x3:0x00000001 PA:0xxxxxxxxx
     481075.000 ns	     48106	80009ec4	ff9ff06f	jal	x0,80009ec0	
     481125.000 ns	     48111	80009ebc	00036f17	auipc	x30,0x36	 x30=0x8003febc
     481135.000 ns	     48112	80009ec0	143f2223	sw	x3,324(x30)	 x30:0x8003febc  x3:0x00000001 PA:0xxxxxxxxx
     481155.000 ns	     48114	80009ec4	ff9ff06f	jal	x0,80009ec0	
     481205.000 ns	     48119	80009ebc	00036f17	auipc	x30,0x36	 x30=0x8003febc
     481215.000 ns	     48120	80009ec0	143f2223	sw	x3,324(x30)	 x30:0x8003febc  x3:0x00000001 PA:0xxxxxxxxx
     481235.000 ns	     48122	80009ec4	ff9ff06f	jal	x0,80009ec0	
     481285.000 ns	     48127	80009ebc	00036f17	auipc	x30,0x36	 x30=0x8003febc
     481295.000 ns	     48128	80009ec0	143f2223	sw	x3,324(x30)	 x30:0x8003febc  x3:0x00000001 PA:0xxxxxxxxx
     481315.000 ns	     48130	80009ec4	ff9ff06f	jal	x0,80009ec0	
     481365.000 ns	     48135	80009ebc	00036f17	auipc	x30,0x36	 x30=0x8003febc
     481375.000 ns	     48136	80009ec0	143f2223	sw	x3,324(x30)	 x30:0x8003febc  x3:0x00000001 PA:0xxxxxxxxx
     481395.000 ns	     48138	80009ec4	ff9ff06f	jal	x0,80009ec0	
     481445.000 ns	     48143	80009ebc	00036f17	auipc	x30,0x36	 x30=0x8003febc
     481455.000 ns	     48144	80009ec0	143f2223	sw	x3,324(x30)	 x30:0x8003febc  x3:0x00000001 PA:0xxxxxxxxx
     481475.000 ns	     48146	80009ec4	ff9ff06f	jal	x0,80009ec0	
     481525.000 ns	     48151	80009ebc	00036f17	auipc	x30,0x36	 x30=0x8003febc
     481535.000 ns	     48152	80009ec0	143f2223	sw	x3,324(x30)	 x30:0x8003febc  x3:0x00000001 PA:0xxxxxxxxx
     481555.000 ns	     48154	80009ec4	ff9ff06f	jal	x0,80009ec0	
     481605.000 ns	     48159	80009ebc	00036f17	auipc	x30,0x36	 x30=0x8003febc
     481615.000 ns	     48160	80009ec0	143f2223	sw	x3,324(x30)	 x30:0x8003febc  x3:0x00000001 PA:0xxxxxxxxx
     481635.000 ns	     48162	80009ec4	ff9ff06f	jal	x0,80009ec0	
     481685.000 ns	     48167	80009ebc	00036f17	auipc	x30,0x36	 x30=0x8003febc
     481695.000 ns	     48168	80009ec0	143f2223	sw	x3,324(x30)	 x30:0x8003febc  x3:0x00000001 PA:0xxxxxxxxx
     481715.000 ns	     48170	80009ec4	ff9ff06f	jal	x0,80009ec0	
     481765.000 ns	     48175	80009ebc	00036f17	auipc	x30,0x36	 x30=0x8003febc
     481775.000 ns	     48176	80009ec0	143f2223	sw	x3,324(x30)	 x30:0x8003febc  x3:0x00000001 PA:0xxxxxxxxx
     481795.000 ns	     48178	80009ec4	ff9ff06f	jal	x0,80009ec0	
     481845.000 ns	     48183	80009ebc	00036f17	auipc	x30,0x36	 x30=0x8003febc
     481855.000 ns	     48184	80009ec0	143f2223	sw	x3,324(x30)	 x30:0x8003febc  x3:0x00000001 PA:0xxxxxxxxx
     481875.000 ns	     48186	80009ec4	ff9ff06f	jal	x0,80009ec0	
     481925.000 ns	     48191	80009ebc	00036f17	auipc	x30,0x36	 x30=0x8003febc
     481935.000 ns	     48192	80009ec0	143f2223	sw	x3,324(x30)	 x30:0x8003febc  x3:0x00000001 PA:0xxxxxxxxx
     481955.000 ns	     48194	80009ec4	ff9ff06f	jal	x0,80009ec0	
     482005.000 ns	     48199	80009ebc	00036f17	auipc	x30,0x36	 x30=0x8003febc
     482015.000 ns	     48200	80009ec0	143f2223	sw	x3,324(x30)	 x30:0x8003febc  x3:0x00000001 PA:0xxxxxxxxx
     482035.000 ns	     48202	80009ec4	ff9ff06f	jal	x0,80009ec0	
     482085.000 ns	     48207	80009ebc	00036f17	auipc	x30,0x36	 x30=0x8003febc
     482095.000 ns	     48208	80009ec0	143f2223	sw	x3,324(x30)	 x30:0x8003febc  x3:0x00000001 PA:0xxxxxxxxx
     482115.000 ns	     48210	80009ec4	ff9ff06f	jal	x0,80009ec0	
     482165.000 ns	     48215	80009ebc	00036f17	auipc	x30,0x36	 x30=0x8003febc
     482175.000 ns	     48216	80009ec0	143f2223	sw	x3,324(x30)	 x30:0x8003febc  x3:0x00000001 PA:0xxxxxxxxx
     482195.000 ns	     48218	80009ec4	ff9ff06f	jal	x0,80009ec0	
     482245.000 ns	     48223	80009ebc	00036f17	auipc	x30,0x36	 x30=0x8003febc
     482255.000 ns	     48224	80009ec0	143f2223	sw	x3,324(x30)	 x30:0x8003febc  x3:0x00000001 PA:0xxxxxxxxx
     482275.000 ns	     48226	80009ec4	ff9ff06f	jal	x0,80009ec0	
     482325.000 ns	     48231	80009ebc	00036f17	auipc	x30,0x36	 x30=0x8003febc
     482335.000 ns	     48232	80009ec0	143f2223	sw	x3,324(x30)	 x30:0x8003febc  x3:0x00000001 PA:0xxxxxxxxx
     482355.000 ns	     48234	80009ec4	ff9ff06f	jal	x0,80009ec0	
     482405.000 ns	     48239	80009ebc	00036f17	auipc	x30,0x36	 x30=0x8003febc
     482415.000 ns	     48240	80009ec0	143f2223	sw	x3,324(x30)	 x30:0x8003febc  x3:0x00000001 PA:0xxxxxxxxx
     482435.000 ns	     48242	80009ec4	ff9ff06f	jal	x0,80009ec0	
     482485.000 ns	     48247	80009ebc	00036f17	auipc	x30,0x36	 x30=0x8003febc
     482495.000 ns	     48248	80009ec0	143f2223	sw	x3,324(x30)	 x30:0x8003febc  x3:0x00000001 PA:0xxxxxxxxx
     482515.000 ns	     48250	80009ec4	ff9ff06f	jal	x0,80009ec0	
     482565.000 ns	     48255	80009ebc	00036f17	auipc	x30,0x36	 x30=0x8003febc
     482575.000 ns	     48256	80009ec0	143f2223	sw	x3,324(x30)	 x30:0x8003febc  x3:0x00000001 PA:0xxxxxxxxx
     482595.000 ns	     48258	80009ec4	ff9ff06f	jal	x0,80009ec0	
     482645.000 ns	     48263	80009ebc	00036f17	auipc	x30,0x36	 x30=0x8003febc
     482655.000 ns	     48264	80009ec0	143f2223	sw	x3,324(x30)	 x30:0x8003febc  x3:0x00000001 PA:0xxxxxxxxx
     482675.000 ns	     48266	80009ec4	ff9ff06f	jal	x0,80009ec0	
     482725.000 ns	     48271	80009ebc	00036f17	auipc	x30,0x36	 x30=0x8003febc
     482735.000 ns	     48272	80009ec0	143f2223	sw	x3,324(x30)	 x30:0x8003febc  x3:0x00000001 PA:0xxxxxxxxx
     482755.000 ns	     48274	80009ec4	ff9ff06f	jal	x0,80009ec0	
     482805.000 ns	     48279	80009ebc	00036f17	auipc	x30,0x36	 x30=0x8003febc
     482815.000 ns	     48280	80009ec0	143f2223	sw	x3,324(x30)	 x30:0x8003febc  x3:0x00000001 PA:0xxxxxxxxx
     482835.000 ns	     48282	80009ec4	ff9ff06f	jal	x0,80009ec0	
     482885.000 ns	     48287	80009ebc	00036f17	auipc	x30,0x36	 x30=0x8003febc
     482895.000 ns	     48288	80009ec0	143f2223	sw	x3,324(x30)	 x30:0x8003febc  x3:0x00000001 PA:0xxxxxxxxx
     482915.000 ns	     48290	80009ec4	ff9ff06f	jal	x0,80009ec0	
     482965.000 ns	     48295	80009ebc	00036f17	auipc	x30,0x36	 x30=0x8003febc
     482975.000 ns	     48296	80009ec0	143f2223	sw	x3,324(x30)	 x30:0x8003febc  x3:0x00000001 PA:0xxxxxxxxx
     482995.000 ns	     48298	80009ec4	ff9ff06f	jal	x0,80009ec0	
     483045.000 ns	     48303	80009ebc	00036f17	auipc	x30,0x36	 x30=0x8003febc
     483055.000 ns	     48304	80009ec0	143f2223	sw	x3,324(x30)	 x30:0x8003febc  x3:0x00000001 PA:0xxxxxxxxx
     483075.000 ns	     48306	80009ec4	ff9ff06f	jal	x0,80009ec0	
     483125.000 ns	     48311	80009ebc	00036f17	auipc	x30,0x36	 x30=0x8003febc
     483135.000 ns	     48312	80009ec0	143f2223	sw	x3,324(x30)	 x30:0x8003febc  x3:0x00000001 PA:0xxxxxxxxx
     483155.000 ns	     48314	80009ec4	ff9ff06f	jal	x0,80009ec0	
     483205.000 ns	     48319	80009ebc	00036f17	auipc	x30,0x36	 x30=0x8003febc
     483215.000 ns	     48320	80009ec0	143f2223	sw	x3,324(x30)	 x30:0x8003febc  x3:0x00000001 PA:0xxxxxxxxx
     483235.000 ns	     48322	80009ec4	ff9ff06f	jal	x0,80009ec0	
     483285.000 ns	     48327	80009ebc	00036f17	auipc	x30,0x36	 x30=0x8003febc
     483295.000 ns	     48328	80009ec0	143f2223	sw	x3,324(x30)	 x30:0x8003febc  x3:0x00000001 PA:0xxxxxxxxx
     483315.000 ns	     48330	80009ec4	ff9ff06f	jal	x0,80009ec0	
     483365.000 ns	     48335	80009ebc	00036f17	auipc	x30,0x36	 x30=0x8003febc
     483375.000 ns	     48336	80009ec0	143f2223	sw	x3,324(x30)	 x30:0x8003febc  x3:0x00000001 PA:0xxxxxxxxx
     483395.000 ns	     48338	80009ec4	ff9ff06f	jal	x0,80009ec0	
     483445.000 ns	     48343	80009ebc	00036f17	auipc	x30,0x36	 x30=0x8003febc
     483455.000 ns	     48344	80009ec0	143f2223	sw	x3,324(x30)	 x30:0x8003febc  x3:0x00000001 PA:0xxxxxxxxx
     483475.000 ns	     48346	80009ec4	ff9ff06f	jal	x0,80009ec0	
     483525.000 ns	     48351	80009ebc	00036f17	auipc	x30,0x36	 x30=0x8003febc
     483535.000 ns	     48352	80009ec0	143f2223	sw	x3,324(x30)	 x30:0x8003febc  x3:0x00000001 PA:0xxxxxxxxx
     483555.000 ns	     48354	80009ec4	ff9ff06f	jal	x0,80009ec0	
     483605.000 ns	     48359	80009ebc	00036f17	auipc	x30,0x36	 x30=0x8003febc
     483615.000 ns	     48360	80009ec0	143f2223	sw	x3,324(x30)	 x30:0x8003febc  x3:0x00000001 PA:0xxxxxxxxx
     483635.000 ns	     48362	80009ec4	ff9ff06f	jal	x0,80009ec0	
     483685.000 ns	     48367	80009ebc	00036f17	auipc	x30,0x36	 x30=0x8003febc
     483695.000 ns	     48368	80009ec0	143f2223	sw	x3,324(x30)	 x30:0x8003febc  x3:0x00000001 PA:0xxxxxxxxx
     483715.000 ns	     48370	80009ec4	ff9ff06f	jal	x0,80009ec0	
     483765.000 ns	     48375	80009ebc	00036f17	auipc	x30,0x36	 x30=0x8003febc
     483775.000 ns	     48376	80009ec0	143f2223	sw	x3,324(x30)	 x30:0x8003febc  x3:0x00000001 PA:0xxxxxxxxx
     483795.000 ns	     48378	80009ec4	ff9ff06f	jal	x0,80009ec0	
     483845.000 ns	     48383	80009ebc	00036f17	auipc	x30,0x36	 x30=0x8003febc
     483855.000 ns	     48384	80009ec0	143f2223	sw	x3,324(x30)	 x30:0x8003febc  x3:0x00000001 PA:0xxxxxxxxx
     483875.000 ns	     48386	80009ec4	ff9ff06f	jal	x0,80009ec0	
     483925.000 ns	     48391	80009ebc	00036f17	auipc	x30,0x36	 x30=0x8003febc
     483935.000 ns	     48392	80009ec0	143f2223	sw	x3,324(x30)	 x30:0x8003febc  x3:0x00000001 PA:0xxxxxxxxx
     483955.000 ns	     48394	80009ec4	ff9ff06f	jal	x0,80009ec0	
     484005.000 ns	     48399	80009ebc	00036f17	auipc	x30,0x36	 x30=0x8003febc
     484015.000 ns	     48400	80009ec0	143f2223	sw	x3,324(x30)	 x30:0x8003febc  x3:0x00000001 PA:0xxxxxxxxx
     484035.000 ns	     48402	80009ec4	ff9ff06f	jal	x0,80009ec0	
     484085.000 ns	     48407	80009ebc	00036f17	auipc	x30,0x36	 x30=0x8003febc
     484095.000 ns	     48408	80009ec0	143f2223	sw	x3,324(x30)	 x30:0x8003febc  x3:0x00000001 PA:0xxxxxxxxx
     484115.000 ns	     48410	80009ec4	ff9ff06f	jal	x0,80009ec0	
     484165.000 ns	     48415	80009ebc	00036f17	auipc	x30,0x36	 x30=0x8003febc
     484175.000 ns	     48416	80009ec0	143f2223	sw	x3,324(x30)	 x30:0x8003febc  x3:0x00000001 PA:0xxxxxxxxx
     484195.000 ns	     48418	80009ec4	ff9ff06f	jal	x0,80009ec0	
     484245.000 ns	     48423	80009ebc	00036f17	auipc	x30,0x36	 x30=0x8003febc
     484255.000 ns	     48424	80009ec0	143f2223	sw	x3,324(x30)	 x30:0x8003febc  x3:0x00000001 PA:0xxxxxxxxx
     484275.000 ns	     48426	80009ec4	ff9ff06f	jal	x0,80009ec0	
     484325.000 ns	     48431	80009ebc	00036f17	auipc	x30,0x36	 x30=0x8003febc
     484335.000 ns	     48432	80009ec0	143f2223	sw	x3,324(x30)	 x30:0x8003febc  x3:0x00000001 PA:0xxxxxxxxx
     484355.000 ns	     48434	80009ec4	ff9ff06f	jal	x0,80009ec0	
     484405.000 ns	     48439	80009ebc	00036f17	auipc	x30,0x36	 x30=0x8003febc
     484415.000 ns	     48440	80009ec0	143f2223	sw	x3,324(x30)	 x30:0x8003febc  x3:0x00000001 PA:0xxxxxxxxx
     484435.000 ns	     48442	80009ec4	ff9ff06f	jal	x0,80009ec0	
     484485.000 ns	     48447	80009ebc	00036f17	auipc	x30,0x36	 x30=0x8003febc
     484495.000 ns	     48448	80009ec0	143f2223	sw	x3,324(x30)	 x30:0x8003febc  x3:0x00000001 PA:0xxxxxxxxx
     484515.000 ns	     48450	80009ec4	ff9ff06f	jal	x0,80009ec0	
     484565.000 ns	     48455	80009ebc	00036f17	auipc	x30,0x36	 x30=0x8003febc
     484575.000 ns	     48456	80009ec0	143f2223	sw	x3,324(x30)	 x30:0x8003febc  x3:0x00000001 PA:0xxxxxxxxx
     484595.000 ns	     48458	80009ec4	ff9ff06f	jal	x0,80009ec0	
     484645.000 ns	     48463	80009ebc	00036f17	auipc	x30,0x36	 x30=0x8003febc
     484655.000 ns	     48464	80009ec0	143f2223	sw	x3,324(x30)	 x30:0x8003febc  x3:0x00000001 PA:0xxxxxxxxx
     484675.000 ns	     48466	80009ec4	ff9ff06f	jal	x0,80009ec0	
     484725.000 ns	     48471	80009ebc	00036f17	auipc	x30,0x36	 x30=0x8003febc
     484735.000 ns	     48472	80009ec0	143f2223	sw	x3,324(x30)	 x30:0x8003febc  x3:0x00000001 PA:0xxxxxxxxx
     484755.000 ns	     48474	80009ec4	ff9ff06f	jal	x0,80009ec0	
     484805.000 ns	     48479	80009ebc	00036f17	auipc	x30,0x36	 x30=0x8003febc
     484815.000 ns	     48480	80009ec0	143f2223	sw	x3,324(x30)	 x30:0x8003febc  x3:0x00000001 PA:0xxxxxxxxx
     484835.000 ns	     48482	80009ec4	ff9ff06f	jal	x0,80009ec0	
     484885.000 ns	     48487	80009ebc	00036f17	auipc	x30,0x36	 x30=0x8003febc
     484895.000 ns	     48488	80009ec0	143f2223	sw	x3,324(x30)	 x30:0x8003febc  x3:0x00000001 PA:0xxxxxxxxx
     484915.000 ns	     48490	80009ec4	ff9ff06f	jal	x0,80009ec0	
     484965.000 ns	     48495	80009ebc	00036f17	auipc	x30,0x36	 x30=0x8003febc
     484975.000 ns	     48496	80009ec0	143f2223	sw	x3,324(x30)	 x30:0x8003febc  x3:0x00000001 PA:0xxxxxxxxx
     484995.000 ns	     48498	80009ec4	ff9ff06f	jal	x0,80009ec0	
     485045.000 ns	     48503	80009ebc	00036f17	auipc	x30,0x36	 x30=0x8003febc
     485055.000 ns	     48504	80009ec0	143f2223	sw	x3,324(x30)	 x30:0x8003febc  x3:0x00000001 PA:0xxxxxxxxx
     485075.000 ns	     48506	80009ec4	ff9ff06f	jal	x0,80009ec0	
     485125.000 ns	     48511	80009ebc	00036f17	auipc	x30,0x36	 x30=0x8003febc
     485135.000 ns	     48512	80009ec0	143f2223	sw	x3,324(x30)	 x30:0x8003febc  x3:0x00000001 PA:0xxxxxxxxx
     485155.000 ns	     48514	80009ec4	ff9ff06f	jal	x0,80009ec0	
     485205.000 ns	     48519	80009ebc	00036f17	auipc	x30,0x36	 x30=0x8003febc
     485215.000 ns	     48520	80009ec0	143f2223	sw	x3,324(x30)	 x30:0x8003febc  x3:0x00000001 PA:0xxxxxxxxx
     485235.000 ns	     48522	80009ec4	ff9ff06f	jal	x0,80009ec0	
     485285.000 ns	     48527	80009ebc	00036f17	auipc	x30,0x36	 x30=0x8003febc
     485295.000 ns	     48528	80009ec0	143f2223	sw	x3,324(x30)	 x30:0x8003febc  x3:0x00000001 PA:0xxxxxxxxx
     485315.000 ns	     48530	80009ec4	ff9ff06f	jal	x0,80009ec0	
     485365.000 ns	     48535	80009ebc	00036f17	auipc	x30,0x36	 x30=0x8003febc
     485375.000 ns	     48536	80009ec0	143f2223	sw	x3,324(x30)	 x30:0x8003febc  x3:0x00000001 PA:0xxxxxxxxx
     485395.000 ns	     48538	80009ec4	ff9ff06f	jal	x0,80009ec0	
     485445.000 ns	     48543	80009ebc	00036f17	auipc	x30,0x36	 x30=0x8003febc
     485455.000 ns	     48544	80009ec0	143f2223	sw	x3,324(x30)	 x30:0x8003febc  x3:0x00000001 PA:0xxxxxxxxx
     485475.000 ns	     48546	80009ec4	ff9ff06f	jal	x0,80009ec0	
     485525.000 ns	     48551	80009ebc	00036f17	auipc	x30,0x36	 x30=0x8003febc
     485535.000 ns	     48552	80009ec0	143f2223	sw	x3,324(x30)	 x30:0x8003febc  x3:0x00000001 PA:0xxxxxxxxx
     485555.000 ns	     48554	80009ec4	ff9ff06f	jal	x0,80009ec0	
     485605.000 ns	     48559	80009ebc	00036f17	auipc	x30,0x36	 x30=0x8003febc
     485615.000 ns	     48560	80009ec0	143f2223	sw	x3,324(x30)	 x30:0x8003febc  x3:0x00000001 PA:0xxxxxxxxx
     485635.000 ns	     48562	80009ec4	ff9ff06f	jal	x0,80009ec0	
     485685.000 ns	     48567	80009ebc	00036f17	auipc	x30,0x36	 x30=0x8003febc
     485695.000 ns	     48568	80009ec0	143f2223	sw	x3,324(x30)	 x30:0x8003febc  x3:0x00000001 PA:0xxxxxxxxx
     485715.000 ns	     48570	80009ec4	ff9ff06f	jal	x0,80009ec0	
     485765.000 ns	     48575	80009ebc	00036f17	auipc	x30,0x36	 x30=0x8003febc
     485775.000 ns	     48576	80009ec0	143f2223	sw	x3,324(x30)	 x30:0x8003febc  x3:0x00000001 PA:0xxxxxxxxx
     485795.000 ns	     48578	80009ec4	ff9ff06f	jal	x0,80009ec0	
     485845.000 ns	     48583	80009ebc	00036f17	auipc	x30,0x36	 x30=0x8003febc
     485855.000 ns	     48584	80009ec0	143f2223	sw	x3,324(x30)	 x30:0x8003febc  x3:0x00000001 PA:0xxxxxxxxx
     485875.000 ns	     48586	80009ec4	ff9ff06f	jal	x0,80009ec0	
     485925.000 ns	     48591	80009ebc	00036f17	auipc	x30,0x36	 x30=0x8003febc
     485935.000 ns	     48592	80009ec0	143f2223	sw	x3,324(x30)	 x30:0x8003febc  x3:0x00000001 PA:0xxxxxxxxx
     485955.000 ns	     48594	80009ec4	ff9ff06f	jal	x0,80009ec0	
     486005.000 ns	     48599	80009ebc	00036f17	auipc	x30,0x36	 x30=0x8003febc
     486015.000 ns	     48600	80009ec0	143f2223	sw	x3,324(x30)	 x30:0x8003febc  x3:0x00000001 PA:0xxxxxxxxx
     486035.000 ns	     48602	80009ec4	ff9ff06f	jal	x0,80009ec0	
     486085.000 ns	     48607	80009ebc	00036f17	auipc	x30,0x36	 x30=0x8003febc
     486095.000 ns	     48608	80009ec0	143f2223	sw	x3,324(x30)	 x30:0x8003febc  x3:0x00000001 PA:0xxxxxxxxx
     486115.000 ns	     48610	80009ec4	ff9ff06f	jal	x0,80009ec0	
     486165.000 ns	     48615	80009ebc	00036f17	auipc	x30,0x36	 x30=0x8003febc
     486175.000 ns	     48616	80009ec0	143f2223	sw	x3,324(x30)	 x30:0x8003febc  x3:0x00000001 PA:0xxxxxxxxx
     486195.000 ns	     48618	80009ec4	ff9ff06f	jal	x0,80009ec0	
     486245.000 ns	     48623	80009ebc	00036f17	auipc	x30,0x36	 x30=0x8003febc
     486255.000 ns	     48624	80009ec0	143f2223	sw	x3,324(x30)	 x30:0x8003febc  x3:0x00000001 PA:0xxxxxxxxx
     486275.000 ns	     48626	80009ec4	ff9ff06f	jal	x0,80009ec0	
     486325.000 ns	     48631	80009ebc	00036f17	auipc	x30,0x36	 x30=0x8003febc
     486335.000 ns	     48632	80009ec0	143f2223	sw	x3,324(x30)	 x30:0x8003febc  x3:0x00000001 PA:0xxxxxxxxx
     486355.000 ns	     48634	80009ec4	ff9ff06f	jal	x0,80009ec0	
     486405.000 ns	     48639	80009ebc	00036f17	auipc	x30,0x36	 x30=0x8003febc
     486415.000 ns	     48640	80009ec0	143f2223	sw	x3,324(x30)	 x30:0x8003febc  x3:0x00000001 PA:0xxxxxxxxx
     486435.000 ns	     48642	80009ec4	ff9ff06f	jal	x0,80009ec0	
     486485.000 ns	     48647	80009ebc	00036f17	auipc	x30,0x36	 x30=0x8003febc
     486495.000 ns	     48648	80009ec0	143f2223	sw	x3,324(x30)	 x30:0x8003febc  x3:0x00000001 PA:0xxxxxxxxx
     486515.000 ns	     48650	80009ec4	ff9ff06f	jal	x0,80009ec0	
     486565.000 ns	     48655	80009ebc	00036f17	auipc	x30,0x36	 x30=0x8003febc
     486575.000 ns	     48656	80009ec0	143f2223	sw	x3,324(x30)	 x30:0x8003febc  x3:0x00000001 PA:0xxxxxxxxx
     486595.000 ns	     48658	80009ec4	ff9ff06f	jal	x0,80009ec0	
     486645.000 ns	     48663	80009ebc	00036f17	auipc	x30,0x36	 x30=0x8003febc
     486655.000 ns	     48664	80009ec0	143f2223	sw	x3,324(x30)	 x30:0x8003febc  x3:0x00000001 PA:0xxxxxxxxx
     486675.000 ns	     48666	80009ec4	ff9ff06f	jal	x0,80009ec0	
     486725.000 ns	     48671	80009ebc	00036f17	auipc	x30,0x36	 x30=0x8003febc
     486735.000 ns	     48672	80009ec0	143f2223	sw	x3,324(x30)	 x30:0x8003febc  x3:0x00000001 PA:0xxxxxxxxx
     486755.000 ns	     48674	80009ec4	ff9ff06f	jal	x0,80009ec0	
     486805.000 ns	     48679	80009ebc	00036f17	auipc	x30,0x36	 x30=0x8003febc
     486815.000 ns	     48680	80009ec0	143f2223	sw	x3,324(x30)	 x30:0x8003febc  x3:0x00000001 PA:0xxxxxxxxx
     486835.000 ns	     48682	80009ec4	ff9ff06f	jal	x0,80009ec0	
     486885.000 ns	     48687	80009ebc	00036f17	auipc	x30,0x36	 x30=0x8003febc
     486895.000 ns	     48688	80009ec0	143f2223	sw	x3,324(x30)	 x30:0x8003febc  x3:0x00000001 PA:0xxxxxxxxx
     486915.000 ns	     48690	80009ec4	ff9ff06f	jal	x0,80009ec0	
     486965.000 ns	     48695	80009ebc	00036f17	auipc	x30,0x36	 x30=0x8003febc
     486975.000 ns	     48696	80009ec0	143f2223	sw	x3,324(x30)	 x30:0x8003febc  x3:0x00000001 PA:0xxxxxxxxx
     486995.000 ns	     48698	80009ec4	ff9ff06f	jal	x0,80009ec0	
     487045.000 ns	     48703	80009ebc	00036f17	auipc	x30,0x36	 x30=0x8003febc
     487055.000 ns	     48704	80009ec0	143f2223	sw	x3,324(x30)	 x30:0x8003febc  x3:0x00000001 PA:0xxxxxxxxx
     487075.000 ns	     48706	80009ec4	ff9ff06f	jal	x0,80009ec0	
     487125.000 ns	     48711	80009ebc	00036f17	auipc	x30,0x36	 x30=0x8003febc
     487135.000 ns	     48712	80009ec0	143f2223	sw	x3,324(x30)	 x30:0x8003febc  x3:0x00000001 PA:0xxxxxxxxx
     487155.000 ns	     48714	80009ec4	ff9ff06f	jal	x0,80009ec0	
     487205.000 ns	     48719	80009ebc	00036f17	auipc	x30,0x36	 x30=0x8003febc
     487215.000 ns	     48720	80009ec0	143f2223	sw	x3,324(x30)	 x30:0x8003febc  x3:0x00000001 PA:0xxxxxxxxx
     487235.000 ns	     48722	80009ec4	ff9ff06f	jal	x0,80009ec0	
     487285.000 ns	     48727	80009ebc	00036f17	auipc	x30,0x36	 x30=0x8003febc
     487295.000 ns	     48728	80009ec0	143f2223	sw	x3,324(x30)	 x30:0x8003febc  x3:0x00000001 PA:0xxxxxxxxx
     487315.000 ns	     48730	80009ec4	ff9ff06f	jal	x0,80009ec0	
     487365.000 ns	     48735	80009ebc	00036f17	auipc	x30,0x36	 x30=0x8003febc
     487375.000 ns	     48736	80009ec0	143f2223	sw	x3,324(x30)	 x30:0x8003febc  x3:0x00000001 PA:0xxxxxxxxx
     487395.000 ns	     48738	80009ec4	ff9ff06f	jal	x0,80009ec0	
     487445.000 ns	     48743	80009ebc	00036f17	auipc	x30,0x36	 x30=0x8003febc
     487455.000 ns	     48744	80009ec0	143f2223	sw	x3,324(x30)	 x30:0x8003febc  x3:0x00000001 PA:0xxxxxxxxx
     487475.000 ns	     48746	80009ec4	ff9ff06f	jal	x0,80009ec0	
     487525.000 ns	     48751	80009ebc	00036f17	auipc	x30,0x36	 x30=0x8003febc
     487535.000 ns	     48752	80009ec0	143f2223	sw	x3,324(x30)	 x30:0x8003febc  x3:0x00000001 PA:0xxxxxxxxx
     487555.000 ns	     48754	80009ec4	ff9ff06f	jal	x0,80009ec0	
     487605.000 ns	     48759	80009ebc	00036f17	auipc	x30,0x36	 x30=0x8003febc
     487615.000 ns	     48760	80009ec0	143f2223	sw	x3,324(x30)	 x30:0x8003febc  x3:0x00000001 PA:0xxxxxxxxx
     487635.000 ns	     48762	80009ec4	ff9ff06f	jal	x0,80009ec0	
     487685.000 ns	     48767	80009ebc	00036f17	auipc	x30,0x36	 x30=0x8003febc
     487695.000 ns	     48768	80009ec0	143f2223	sw	x3,324(x30)	 x30:0x8003febc  x3:0x00000001 PA:0xxxxxxxxx
     487715.000 ns	     48770	80009ec4	ff9ff06f	jal	x0,80009ec0	
     487765.000 ns	     48775	80009ebc	00036f17	auipc	x30,0x36	 x30=0x8003febc
     487775.000 ns	     48776	80009ec0	143f2223	sw	x3,324(x30)	 x30:0x8003febc  x3:0x00000001 PA:0xxxxxxxxx
     487795.000 ns	     48778	80009ec4	ff9ff06f	jal	x0,80009ec0	
     487845.000 ns	     48783	80009ebc	00036f17	auipc	x30,0x36	 x30=0x8003febc
     487855.000 ns	     48784	80009ec0	143f2223	sw	x3,324(x30)	 x30:0x8003febc  x3:0x00000001 PA:0xxxxxxxxx
     487875.000 ns	     48786	80009ec4	ff9ff06f	jal	x0,80009ec0	
     487925.000 ns	     48791	80009ebc	00036f17	auipc	x30,0x36	 x30=0x8003febc
     487935.000 ns	     48792	80009ec0	143f2223	sw	x3,324(x30)	 x30:0x8003febc  x3:0x00000001 PA:0xxxxxxxxx
     487955.000 ns	     48794	80009ec4	ff9ff06f	jal	x0,80009ec0	
     488005.000 ns	     48799	80009ebc	00036f17	auipc	x30,0x36	 x30=0x8003febc
     488015.000 ns	     48800	80009ec0	143f2223	sw	x3,324(x30)	 x30:0x8003febc  x3:0x00000001 PA:0xxxxxxxxx
     488035.000 ns	     48802	80009ec4	ff9ff06f	jal	x0,80009ec0	
     488085.000 ns	     48807	80009ebc	00036f17	auipc	x30,0x36	 x30=0x8003febc
     488095.000 ns	     48808	80009ec0	143f2223	sw	x3,324(x30)	 x30:0x8003febc  x3:0x00000001 PA:0xxxxxxxxx
     488115.000 ns	     48810	80009ec4	ff9ff06f	jal	x0,80009ec0	
     488165.000 ns	     48815	80009ebc	00036f17	auipc	x30,0x36	 x30=0x8003febc
     488175.000 ns	     48816	80009ec0	143f2223	sw	x3,324(x30)	 x30:0x8003febc  x3:0x00000001 PA:0xxxxxxxxx
     488195.000 ns	     48818	80009ec4	ff9ff06f	jal	x0,80009ec0	
     488245.000 ns	     48823	80009ebc	00036f17	auipc	x30,0x36	 x30=0x8003febc
     488255.000 ns	     48824	80009ec0	143f2223	sw	x3,324(x30)	 x30:0x8003febc  x3:0x00000001 PA:0xxxxxxxxx
     488275.000 ns	     48826	80009ec4	ff9ff06f	jal	x0,80009ec0	
     488325.000 ns	     48831	80009ebc	00036f17	auipc	x30,0x36	 x30=0x8003febc
     488335.000 ns	     48832	80009ec0	143f2223	sw	x3,324(x30)	 x30:0x8003febc  x3:0x00000001 PA:0xxxxxxxxx
     488355.000 ns	     48834	80009ec4	ff9ff06f	jal	x0,80009ec0	
     488405.000 ns	     48839	80009ebc	00036f17	auipc	x30,0x36	 x30=0x8003febc
     488415.000 ns	     48840	80009ec0	143f2223	sw	x3,324(x30)	 x30:0x8003febc  x3:0x00000001 PA:0xxxxxxxxx
     488435.000 ns	     48842	80009ec4	ff9ff06f	jal	x0,80009ec0	
     488485.000 ns	     48847	80009ebc	00036f17	auipc	x30,0x36	 x30=0x8003febc
     488495.000 ns	     48848	80009ec0	143f2223	sw	x3,324(x30)	 x30:0x8003febc  x3:0x00000001 PA:0xxxxxxxxx
     488515.000 ns	     48850	80009ec4	ff9ff06f	jal	x0,80009ec0	
     488565.000 ns	     48855	80009ebc	00036f17	auipc	x30,0x36	 x30=0x8003febc
     488575.000 ns	     48856	80009ec0	143f2223	sw	x3,324(x30)	 x30:0x8003febc  x3:0x00000001 PA:0xxxxxxxxx
     488595.000 ns	     48858	80009ec4	ff9ff06f	jal	x0,80009ec0	
     488645.000 ns	     48863	80009ebc	00036f17	auipc	x30,0x36	 x30=0x8003febc
     488655.000 ns	     48864	80009ec0	143f2223	sw	x3,324(x30)	 x30:0x8003febc  x3:0x00000001 PA:0xxxxxxxxx
     488675.000 ns	     48866	80009ec4	ff9ff06f	jal	x0,80009ec0	
     488725.000 ns	     48871	80009ebc	00036f17	auipc	x30,0x36	 x30=0x8003febc
     488735.000 ns	     48872	80009ec0	143f2223	sw	x3,324(x30)	 x30:0x8003febc  x3:0x00000001 PA:0xxxxxxxxx
     488755.000 ns	     48874	80009ec4	ff9ff06f	jal	x0,80009ec0	
     488805.000 ns	     48879	80009ebc	00036f17	auipc	x30,0x36	 x30=0x8003febc
     488815.000 ns	     48880	80009ec0	143f2223	sw	x3,324(x30)	 x30:0x8003febc  x3:0x00000001 PA:0xxxxxxxxx
     488835.000 ns	     48882	80009ec4	ff9ff06f	jal	x0,80009ec0	
     488885.000 ns	     48887	80009ebc	00036f17	auipc	x30,0x36	 x30=0x8003febc
     488895.000 ns	     48888	80009ec0	143f2223	sw	x3,324(x30)	 x30:0x8003febc  x3:0x00000001 PA:0xxxxxxxxx
     488915.000 ns	     48890	80009ec4	ff9ff06f	jal	x0,80009ec0	
     488965.000 ns	     48895	80009ebc	00036f17	auipc	x30,0x36	 x30=0x8003febc
     488975.000 ns	     48896	80009ec0	143f2223	sw	x3,324(x30)	 x30:0x8003febc  x3:0x00000001 PA:0xxxxxxxxx
     488995.000 ns	     48898	80009ec4	ff9ff06f	jal	x0,80009ec0	
     489045.000 ns	     48903	80009ebc	00036f17	auipc	x30,0x36	 x30=0x8003febc
     489055.000 ns	     48904	80009ec0	143f2223	sw	x3,324(x30)	 x30:0x8003febc  x3:0x00000001 PA:0xxxxxxxxx
     489075.000 ns	     48906	80009ec4	ff9ff06f	jal	x0,80009ec0	
     489125.000 ns	     48911	80009ebc	00036f17	auipc	x30,0x36	 x30=0x8003febc
     489135.000 ns	     48912	80009ec0	143f2223	sw	x3,324(x30)	 x30:0x8003febc  x3:0x00000001 PA:0xxxxxxxxx
     489155.000 ns	     48914	80009ec4	ff9ff06f	jal	x0,80009ec0	
     489205.000 ns	     48919	80009ebc	00036f17	auipc	x30,0x36	 x30=0x8003febc
     489215.000 ns	     48920	80009ec0	143f2223	sw	x3,324(x30)	 x30:0x8003febc  x3:0x00000001 PA:0xxxxxxxxx
     489235.000 ns	     48922	80009ec4	ff9ff06f	jal	x0,80009ec0	
     489285.000 ns	     48927	80009ebc	00036f17	auipc	x30,0x36	 x30=0x8003febc
     489295.000 ns	     48928	80009ec0	143f2223	sw	x3,324(x30)	 x30:0x8003febc  x3:0x00000001 PA:0xxxxxxxxx
     489315.000 ns	     48930	80009ec4	ff9ff06f	jal	x0,80009ec0	
     489365.000 ns	     48935	80009ebc	00036f17	auipc	x30,0x36	 x30=0x8003febc
     489375.000 ns	     48936	80009ec0	143f2223	sw	x3,324(x30)	 x30:0x8003febc  x3:0x00000001 PA:0xxxxxxxxx
     489395.000 ns	     48938	80009ec4	ff9ff06f	jal	x0,80009ec0	
     489445.000 ns	     48943	80009ebc	00036f17	auipc	x30,0x36	 x30=0x8003febc
     489455.000 ns	     48944	80009ec0	143f2223	sw	x3,324(x30)	 x30:0x8003febc  x3:0x00000001 PA:0xxxxxxxxx
     489475.000 ns	     48946	80009ec4	ff9ff06f	jal	x0,80009ec0	
     489525.000 ns	     48951	80009ebc	00036f17	auipc	x30,0x36	 x30=0x8003febc
     489535.000 ns	     48952	80009ec0	143f2223	sw	x3,324(x30)	 x30:0x8003febc  x3:0x00000001 PA:0xxxxxxxxx
     489555.000 ns	     48954	80009ec4	ff9ff06f	jal	x0,80009ec0	
     489605.000 ns	     48959	80009ebc	00036f17	auipc	x30,0x36	 x30=0x8003febc
     489615.000 ns	     48960	80009ec0	143f2223	sw	x3,324(x30)	 x30:0x8003febc  x3:0x00000001 PA:0xxxxxxxxx
     489635.000 ns	     48962	80009ec4	ff9ff06f	jal	x0,80009ec0	
     489685.000 ns	     48967	80009ebc	00036f17	auipc	x30,0x36	 x30=0x8003febc
     489695.000 ns	     48968	80009ec0	143f2223	sw	x3,324(x30)	 x30:0x8003febc  x3:0x00000001 PA:0xxxxxxxxx
     489715.000 ns	     48970	80009ec4	ff9ff06f	jal	x0,80009ec0	
     489765.000 ns	     48975	80009ebc	00036f17	auipc	x30,0x36	 x30=0x8003febc
     489775.000 ns	     48976	80009ec0	143f2223	sw	x3,324(x30)	 x30:0x8003febc  x3:0x00000001 PA:0xxxxxxxxx
     489795.000 ns	     48978	80009ec4	ff9ff06f	jal	x0,80009ec0	
     489845.000 ns	     48983	80009ebc	00036f17	auipc	x30,0x36	 x30=0x8003febc
     489855.000 ns	     48984	80009ec0	143f2223	sw	x3,324(x30)	 x30:0x8003febc  x3:0x00000001 PA:0xxxxxxxxx
     489875.000 ns	     48986	80009ec4	ff9ff06f	jal	x0,80009ec0	
     489925.000 ns	     48991	80009ebc	00036f17	auipc	x30,0x36	 x30=0x8003febc
     489935.000 ns	     48992	80009ec0	143f2223	sw	x3,324(x30)	 x30:0x8003febc  x3:0x00000001 PA:0xxxxxxxxx
     489955.000 ns	     48994	80009ec4	ff9ff06f	jal	x0,80009ec0	
     490005.000 ns	     48999	80009ebc	00036f17	auipc	x30,0x36	 x30=0x8003febc
     490015.000 ns	     49000	80009ec0	143f2223	sw	x3,324(x30)	 x30:0x8003febc  x3:0x00000001 PA:0xxxxxxxxx
     490035.000 ns	     49002	80009ec4	ff9ff06f	jal	x0,80009ec0	
     490085.000 ns	     49007	80009ebc	00036f17	auipc	x30,0x36	 x30=0x8003febc
     490095.000 ns	     49008	80009ec0	143f2223	sw	x3,324(x30)	 x30:0x8003febc  x3:0x00000001 PA:0xxxxxxxxx
     490115.000 ns	     49010	80009ec4	ff9ff06f	jal	x0,80009ec0	
     490165.000 ns	     49015	80009ebc	00036f17	auipc	x30,0x36	 x30=0x8003febc
     490175.000 ns	     49016	80009ec0	143f2223	sw	x3,324(x30)	 x30:0x8003febc  x3:0x00000001 PA:0xxxxxxxxx
     490195.000 ns	     49018	80009ec4	ff9ff06f	jal	x0,80009ec0	
     490245.000 ns	     49023	80009ebc	00036f17	auipc	x30,0x36	 x30=0x8003febc
     490255.000 ns	     49024	80009ec0	143f2223	sw	x3,324(x30)	 x30:0x8003febc  x3:0x00000001 PA:0xxxxxxxxx
     490275.000 ns	     49026	80009ec4	ff9ff06f	jal	x0,80009ec0	
     490325.000 ns	     49031	80009ebc	00036f17	auipc	x30,0x36	 x30=0x8003febc
     490335.000 ns	     49032	80009ec0	143f2223	sw	x3,324(x30)	 x30:0x8003febc  x3:0x00000001 PA:0xxxxxxxxx
     490355.000 ns	     49034	80009ec4	ff9ff06f	jal	x0,80009ec0	
     490405.000 ns	     49039	80009ebc	00036f17	auipc	x30,0x36	 x30=0x8003febc
     490415.000 ns	     49040	80009ec0	143f2223	sw	x3,324(x30)	 x30:0x8003febc  x3:0x00000001 PA:0xxxxxxxxx
     490435.000 ns	     49042	80009ec4	ff9ff06f	jal	x0,80009ec0	
     490485.000 ns	     49047	80009ebc	00036f17	auipc	x30,0x36	 x30=0x8003febc
     490495.000 ns	     49048	80009ec0	143f2223	sw	x3,324(x30)	 x30:0x8003febc  x3:0x00000001 PA:0xxxxxxxxx
     490515.000 ns	     49050	80009ec4	ff9ff06f	jal	x0,80009ec0	
     490565.000 ns	     49055	80009ebc	00036f17	auipc	x30,0x36	 x30=0x8003febc
     490575.000 ns	     49056	80009ec0	143f2223	sw	x3,324(x30)	 x30:0x8003febc  x3:0x00000001 PA:0xxxxxxxxx
     490595.000 ns	     49058	80009ec4	ff9ff06f	jal	x0,80009ec0	
     490645.000 ns	     49063	80009ebc	00036f17	auipc	x30,0x36	 x30=0x8003febc
     490655.000 ns	     49064	80009ec0	143f2223	sw	x3,324(x30)	 x30:0x8003febc  x3:0x00000001 PA:0xxxxxxxxx
     490675.000 ns	     49066	80009ec4	ff9ff06f	jal	x0,80009ec0	
     490725.000 ns	     49071	80009ebc	00036f17	auipc	x30,0x36	 x30=0x8003febc
     490735.000 ns	     49072	80009ec0	143f2223	sw	x3,324(x30)	 x30:0x8003febc  x3:0x00000001 PA:0xxxxxxxxx
     490755.000 ns	     49074	80009ec4	ff9ff06f	jal	x0,80009ec0	
     490805.000 ns	     49079	80009ebc	00036f17	auipc	x30,0x36	 x30=0x8003febc
     490815.000 ns	     49080	80009ec0	143f2223	sw	x3,324(x30)	 x30:0x8003febc  x3:0x00000001 PA:0xxxxxxxxx
     490835.000 ns	     49082	80009ec4	ff9ff06f	jal	x0,80009ec0	
     490885.000 ns	     49087	80009ebc	00036f17	auipc	x30,0x36	 x30=0x8003febc
     490895.000 ns	     49088	80009ec0	143f2223	sw	x3,324(x30)	 x30:0x8003febc  x3:0x00000001 PA:0xxxxxxxxx
     490915.000 ns	     49090	80009ec4	ff9ff06f	jal	x0,80009ec0	
     490965.000 ns	     49095	80009ebc	00036f17	auipc	x30,0x36	 x30=0x8003febc
     490975.000 ns	     49096	80009ec0	143f2223	sw	x3,324(x30)	 x30:0x8003febc  x3:0x00000001 PA:0xxxxxxxxx
     490995.000 ns	     49098	80009ec4	ff9ff06f	jal	x0,80009ec0	
     491045.000 ns	     49103	80009ebc	00036f17	auipc	x30,0x36	 x30=0x8003febc
     491055.000 ns	     49104	80009ec0	143f2223	sw	x3,324(x30)	 x30:0x8003febc  x3:0x00000001 PA:0xxxxxxxxx
     491075.000 ns	     49106	80009ec4	ff9ff06f	jal	x0,80009ec0	
     491125.000 ns	     49111	80009ebc	00036f17	auipc	x30,0x36	 x30=0x8003febc
     491135.000 ns	     49112	80009ec0	143f2223	sw	x3,324(x30)	 x30:0x8003febc  x3:0x00000001 PA:0xxxxxxxxx
     491155.000 ns	     49114	80009ec4	ff9ff06f	jal	x0,80009ec0	
     491205.000 ns	     49119	80009ebc	00036f17	auipc	x30,0x36	 x30=0x8003febc
     491215.000 ns	     49120	80009ec0	143f2223	sw	x3,324(x30)	 x30:0x8003febc  x3:0x00000001 PA:0xxxxxxxxx
     491235.000 ns	     49122	80009ec4	ff9ff06f	jal	x0,80009ec0	
     491285.000 ns	     49127	80009ebc	00036f17	auipc	x30,0x36	 x30=0x8003febc
     491295.000 ns	     49128	80009ec0	143f2223	sw	x3,324(x30)	 x30:0x8003febc  x3:0x00000001 PA:0xxxxxxxxx
     491315.000 ns	     49130	80009ec4	ff9ff06f	jal	x0,80009ec0	
     491365.000 ns	     49135	80009ebc	00036f17	auipc	x30,0x36	 x30=0x8003febc
     491375.000 ns	     49136	80009ec0	143f2223	sw	x3,324(x30)	 x30:0x8003febc  x3:0x00000001 PA:0xxxxxxxxx
     491395.000 ns	     49138	80009ec4	ff9ff06f	jal	x0,80009ec0	
     491445.000 ns	     49143	80009ebc	00036f17	auipc	x30,0x36	 x30=0x8003febc
     491455.000 ns	     49144	80009ec0	143f2223	sw	x3,324(x30)	 x30:0x8003febc  x3:0x00000001 PA:0xxxxxxxxx
     491475.000 ns	     49146	80009ec4	ff9ff06f	jal	x0,80009ec0	
     491525.000 ns	     49151	80009ebc	00036f17	auipc	x30,0x36	 x30=0x8003febc
     491535.000 ns	     49152	80009ec0	143f2223	sw	x3,324(x30)	 x30:0x8003febc  x3:0x00000001 PA:0xxxxxxxxx
     491555.000 ns	     49154	80009ec4	ff9ff06f	jal	x0,80009ec0	
     491605.000 ns	     49159	80009ebc	00036f17	auipc	x30,0x36	 x30=0x8003febc
     491615.000 ns	     49160	80009ec0	143f2223	sw	x3,324(x30)	 x30:0x8003febc  x3:0x00000001 PA:0xxxxxxxxx
     491635.000 ns	     49162	80009ec4	ff9ff06f	jal	x0,80009ec0	
     491685.000 ns	     49167	80009ebc	00036f17	auipc	x30,0x36	 x30=0x8003febc
     491695.000 ns	     49168	80009ec0	143f2223	sw	x3,324(x30)	 x30:0x8003febc  x3:0x00000001 PA:0xxxxxxxxx
     491715.000 ns	     49170	80009ec4	ff9ff06f	jal	x0,80009ec0	
     491765.000 ns	     49175	80009ebc	00036f17	auipc	x30,0x36	 x30=0x8003febc
     491775.000 ns	     49176	80009ec0	143f2223	sw	x3,324(x30)	 x30:0x8003febc  x3:0x00000001 PA:0xxxxxxxxx
     491795.000 ns	     49178	80009ec4	ff9ff06f	jal	x0,80009ec0	
     491845.000 ns	     49183	80009ebc	00036f17	auipc	x30,0x36	 x30=0x8003febc
     491855.000 ns	     49184	80009ec0	143f2223	sw	x3,324(x30)	 x30:0x8003febc  x3:0x00000001 PA:0xxxxxxxxx
     491875.000 ns	     49186	80009ec4	ff9ff06f	jal	x0,80009ec0	
     491925.000 ns	     49191	80009ebc	00036f17	auipc	x30,0x36	 x30=0x8003febc
     491935.000 ns	     49192	80009ec0	143f2223	sw	x3,324(x30)	 x30:0x8003febc  x3:0x00000001 PA:0xxxxxxxxx
     491955.000 ns	     49194	80009ec4	ff9ff06f	jal	x0,80009ec0	
     492005.000 ns	     49199	80009ebc	00036f17	auipc	x30,0x36	 x30=0x8003febc
     492015.000 ns	     49200	80009ec0	143f2223	sw	x3,324(x30)	 x30:0x8003febc  x3:0x00000001 PA:0xxxxxxxxx
     492035.000 ns	     49202	80009ec4	ff9ff06f	jal	x0,80009ec0	
     492085.000 ns	     49207	80009ebc	00036f17	auipc	x30,0x36	 x30=0x8003febc
     492095.000 ns	     49208	80009ec0	143f2223	sw	x3,324(x30)	 x30:0x8003febc  x3:0x00000001 PA:0xxxxxxxxx
     492115.000 ns	     49210	80009ec4	ff9ff06f	jal	x0,80009ec0	
     492165.000 ns	     49215	80009ebc	00036f17	auipc	x30,0x36	 x30=0x8003febc
     492175.000 ns	     49216	80009ec0	143f2223	sw	x3,324(x30)	 x30:0x8003febc  x3:0x00000001 PA:0xxxxxxxxx
     492195.000 ns	     49218	80009ec4	ff9ff06f	jal	x0,80009ec0	
     492245.000 ns	     49223	80009ebc	00036f17	auipc	x30,0x36	 x30=0x8003febc
     492255.000 ns	     49224	80009ec0	143f2223	sw	x3,324(x30)	 x30:0x8003febc  x3:0x00000001 PA:0xxxxxxxxx
     492275.000 ns	     49226	80009ec4	ff9ff06f	jal	x0,80009ec0	
     492325.000 ns	     49231	80009ebc	00036f17	auipc	x30,0x36	 x30=0x8003febc
     492335.000 ns	     49232	80009ec0	143f2223	sw	x3,324(x30)	 x30:0x8003febc  x3:0x00000001 PA:0xxxxxxxxx
     492355.000 ns	     49234	80009ec4	ff9ff06f	jal	x0,80009ec0	
     492405.000 ns	     49239	80009ebc	00036f17	auipc	x30,0x36	 x30=0x8003febc
     492415.000 ns	     49240	80009ec0	143f2223	sw	x3,324(x30)	 x30:0x8003febc  x3:0x00000001 PA:0xxxxxxxxx
     492435.000 ns	     49242	80009ec4	ff9ff06f	jal	x0,80009ec0	
     492485.000 ns	     49247	80009ebc	00036f17	auipc	x30,0x36	 x30=0x8003febc
     492495.000 ns	     49248	80009ec0	143f2223	sw	x3,324(x30)	 x30:0x8003febc  x3:0x00000001 PA:0xxxxxxxxx
     492515.000 ns	     49250	80009ec4	ff9ff06f	jal	x0,80009ec0	
     492565.000 ns	     49255	80009ebc	00036f17	auipc	x30,0x36	 x30=0x8003febc
     492575.000 ns	     49256	80009ec0	143f2223	sw	x3,324(x30)	 x30:0x8003febc  x3:0x00000001 PA:0xxxxxxxxx
     492595.000 ns	     49258	80009ec4	ff9ff06f	jal	x0,80009ec0	
     492645.000 ns	     49263	80009ebc	00036f17	auipc	x30,0x36	 x30=0x8003febc
     492655.000 ns	     49264	80009ec0	143f2223	sw	x3,324(x30)	 x30:0x8003febc  x3:0x00000001 PA:0xxxxxxxxx
     492675.000 ns	     49266	80009ec4	ff9ff06f	jal	x0,80009ec0	
     492725.000 ns	     49271	80009ebc	00036f17	auipc	x30,0x36	 x30=0x8003febc
     492735.000 ns	     49272	80009ec0	143f2223	sw	x3,324(x30)	 x30:0x8003febc  x3:0x00000001 PA:0xxxxxxxxx
     492755.000 ns	     49274	80009ec4	ff9ff06f	jal	x0,80009ec0	
     492805.000 ns	     49279	80009ebc	00036f17	auipc	x30,0x36	 x30=0x8003febc
     492815.000 ns	     49280	80009ec0	143f2223	sw	x3,324(x30)	 x30:0x8003febc  x3:0x00000001 PA:0xxxxxxxxx
     492835.000 ns	     49282	80009ec4	ff9ff06f	jal	x0,80009ec0	
     492885.000 ns	     49287	80009ebc	00036f17	auipc	x30,0x36	 x30=0x8003febc
     492895.000 ns	     49288	80009ec0	143f2223	sw	x3,324(x30)	 x30:0x8003febc  x3:0x00000001 PA:0xxxxxxxxx
     492915.000 ns	     49290	80009ec4	ff9ff06f	jal	x0,80009ec0	
     492965.000 ns	     49295	80009ebc	00036f17	auipc	x30,0x36	 x30=0x8003febc
     492975.000 ns	     49296	80009ec0	143f2223	sw	x3,324(x30)	 x30:0x8003febc  x3:0x00000001 PA:0xxxxxxxxx
     492995.000 ns	     49298	80009ec4	ff9ff06f	jal	x0,80009ec0	
     493045.000 ns	     49303	80009ebc	00036f17	auipc	x30,0x36	 x30=0x8003febc
     493055.000 ns	     49304	80009ec0	143f2223	sw	x3,324(x30)	 x30:0x8003febc  x3:0x00000001 PA:0xxxxxxxxx
     493075.000 ns	     49306	80009ec4	ff9ff06f	jal	x0,80009ec0	
     493125.000 ns	     49311	80009ebc	00036f17	auipc	x30,0x36	 x30=0x8003febc
     493135.000 ns	     49312	80009ec0	143f2223	sw	x3,324(x30)	 x30:0x8003febc  x3:0x00000001 PA:0xxxxxxxxx
     493155.000 ns	     49314	80009ec4	ff9ff06f	jal	x0,80009ec0	
     493205.000 ns	     49319	80009ebc	00036f17	auipc	x30,0x36	 x30=0x8003febc
     493215.000 ns	     49320	80009ec0	143f2223	sw	x3,324(x30)	 x30:0x8003febc  x3:0x00000001 PA:0xxxxxxxxx
     493235.000 ns	     49322	80009ec4	ff9ff06f	jal	x0,80009ec0	
     493285.000 ns	     49327	80009ebc	00036f17	auipc	x30,0x36	 x30=0x8003febc
     493295.000 ns	     49328	80009ec0	143f2223	sw	x3,324(x30)	 x30:0x8003febc  x3:0x00000001 PA:0xxxxxxxxx
     493315.000 ns	     49330	80009ec4	ff9ff06f	jal	x0,80009ec0	
     493365.000 ns	     49335	80009ebc	00036f17	auipc	x30,0x36	 x30=0x8003febc
     493375.000 ns	     49336	80009ec0	143f2223	sw	x3,324(x30)	 x30:0x8003febc  x3:0x00000001 PA:0xxxxxxxxx
     493395.000 ns	     49338	80009ec4	ff9ff06f	jal	x0,80009ec0	
     493445.000 ns	     49343	80009ebc	00036f17	auipc	x30,0x36	 x30=0x8003febc
     493455.000 ns	     49344	80009ec0	143f2223	sw	x3,324(x30)	 x30:0x8003febc  x3:0x00000001 PA:0xxxxxxxxx
     493475.000 ns	     49346	80009ec4	ff9ff06f	jal	x0,80009ec0	
     493525.000 ns	     49351	80009ebc	00036f17	auipc	x30,0x36	 x30=0x8003febc
     493535.000 ns	     49352	80009ec0	143f2223	sw	x3,324(x30)	 x30:0x8003febc  x3:0x00000001 PA:0xxxxxxxxx
     493555.000 ns	     49354	80009ec4	ff9ff06f	jal	x0,80009ec0	
     493605.000 ns	     49359	80009ebc	00036f17	auipc	x30,0x36	 x30=0x8003febc
     493615.000 ns	     49360	80009ec0	143f2223	sw	x3,324(x30)	 x30:0x8003febc  x3:0x00000001 PA:0xxxxxxxxx
     493635.000 ns	     49362	80009ec4	ff9ff06f	jal	x0,80009ec0	
     493685.000 ns	     49367	80009ebc	00036f17	auipc	x30,0x36	 x30=0x8003febc
     493695.000 ns	     49368	80009ec0	143f2223	sw	x3,324(x30)	 x30:0x8003febc  x3:0x00000001 PA:0xxxxxxxxx
     493715.000 ns	     49370	80009ec4	ff9ff06f	jal	x0,80009ec0	
     493765.000 ns	     49375	80009ebc	00036f17	auipc	x30,0x36	 x30=0x8003febc
     493775.000 ns	     49376	80009ec0	143f2223	sw	x3,324(x30)	 x30:0x8003febc  x3:0x00000001 PA:0xxxxxxxxx
     493795.000 ns	     49378	80009ec4	ff9ff06f	jal	x0,80009ec0	
     493845.000 ns	     49383	80009ebc	00036f17	auipc	x30,0x36	 x30=0x8003febc
     493855.000 ns	     49384	80009ec0	143f2223	sw	x3,324(x30)	 x30:0x8003febc  x3:0x00000001 PA:0xxxxxxxxx
     493875.000 ns	     49386	80009ec4	ff9ff06f	jal	x0,80009ec0	
     493925.000 ns	     49391	80009ebc	00036f17	auipc	x30,0x36	 x30=0x8003febc
     493935.000 ns	     49392	80009ec0	143f2223	sw	x3,324(x30)	 x30:0x8003febc  x3:0x00000001 PA:0xxxxxxxxx
     493955.000 ns	     49394	80009ec4	ff9ff06f	jal	x0,80009ec0	
     494005.000 ns	     49399	80009ebc	00036f17	auipc	x30,0x36	 x30=0x8003febc
     494015.000 ns	     49400	80009ec0	143f2223	sw	x3,324(x30)	 x30:0x8003febc  x3:0x00000001 PA:0xxxxxxxxx
     494035.000 ns	     49402	80009ec4	ff9ff06f	jal	x0,80009ec0	
     494085.000 ns	     49407	80009ebc	00036f17	auipc	x30,0x36	 x30=0x8003febc
     494095.000 ns	     49408	80009ec0	143f2223	sw	x3,324(x30)	 x30:0x8003febc  x3:0x00000001 PA:0xxxxxxxxx
     494115.000 ns	     49410	80009ec4	ff9ff06f	jal	x0,80009ec0	
     494165.000 ns	     49415	80009ebc	00036f17	auipc	x30,0x36	 x30=0x8003febc
     494175.000 ns	     49416	80009ec0	143f2223	sw	x3,324(x30)	 x30:0x8003febc  x3:0x00000001 PA:0xxxxxxxxx
     494195.000 ns	     49418	80009ec4	ff9ff06f	jal	x0,80009ec0	
     494245.000 ns	     49423	80009ebc	00036f17	auipc	x30,0x36	 x30=0x8003febc
     494255.000 ns	     49424	80009ec0	143f2223	sw	x3,324(x30)	 x30:0x8003febc  x3:0x00000001 PA:0xxxxxxxxx
     494275.000 ns	     49426	80009ec4	ff9ff06f	jal	x0,80009ec0	
     494325.000 ns	     49431	80009ebc	00036f17	auipc	x30,0x36	 x30=0x8003febc
     494335.000 ns	     49432	80009ec0	143f2223	sw	x3,324(x30)	 x30:0x8003febc  x3:0x00000001 PA:0xxxxxxxxx
     494355.000 ns	     49434	80009ec4	ff9ff06f	jal	x0,80009ec0	
     494405.000 ns	     49439	80009ebc	00036f17	auipc	x30,0x36	 x30=0x8003febc
     494415.000 ns	     49440	80009ec0	143f2223	sw	x3,324(x30)	 x30:0x8003febc  x3:0x00000001 PA:0xxxxxxxxx
     494435.000 ns	     49442	80009ec4	ff9ff06f	jal	x0,80009ec0	
     494485.000 ns	     49447	80009ebc	00036f17	auipc	x30,0x36	 x30=0x8003febc
     494495.000 ns	     49448	80009ec0	143f2223	sw	x3,324(x30)	 x30:0x8003febc  x3:0x00000001 PA:0xxxxxxxxx
     494515.000 ns	     49450	80009ec4	ff9ff06f	jal	x0,80009ec0	
     494565.000 ns	     49455	80009ebc	00036f17	auipc	x30,0x36	 x30=0x8003febc
     494575.000 ns	     49456	80009ec0	143f2223	sw	x3,324(x30)	 x30:0x8003febc  x3:0x00000001 PA:0xxxxxxxxx
     494595.000 ns	     49458	80009ec4	ff9ff06f	jal	x0,80009ec0	
     494645.000 ns	     49463	80009ebc	00036f17	auipc	x30,0x36	 x30=0x8003febc
     494655.000 ns	     49464	80009ec0	143f2223	sw	x3,324(x30)	 x30:0x8003febc  x3:0x00000001 PA:0xxxxxxxxx
     494675.000 ns	     49466	80009ec4	ff9ff06f	jal	x0,80009ec0	
     494725.000 ns	     49471	80009ebc	00036f17	auipc	x30,0x36	 x30=0x8003febc
     494735.000 ns	     49472	80009ec0	143f2223	sw	x3,324(x30)	 x30:0x8003febc  x3:0x00000001 PA:0xxxxxxxxx
     494755.000 ns	     49474	80009ec4	ff9ff06f	jal	x0,80009ec0	
     494805.000 ns	     49479	80009ebc	00036f17	auipc	x30,0x36	 x30=0x8003febc
     494815.000 ns	     49480	80009ec0	143f2223	sw	x3,324(x30)	 x30:0x8003febc  x3:0x00000001 PA:0xxxxxxxxx
     494835.000 ns	     49482	80009ec4	ff9ff06f	jal	x0,80009ec0	
     494885.000 ns	     49487	80009ebc	00036f17	auipc	x30,0x36	 x30=0x8003febc
     494895.000 ns	     49488	80009ec0	143f2223	sw	x3,324(x30)	 x30:0x8003febc  x3:0x00000001 PA:0xxxxxxxxx
     494915.000 ns	     49490	80009ec4	ff9ff06f	jal	x0,80009ec0	
     494965.000 ns	     49495	80009ebc	00036f17	auipc	x30,0x36	 x30=0x8003febc
     494975.000 ns	     49496	80009ec0	143f2223	sw	x3,324(x30)	 x30:0x8003febc  x3:0x00000001 PA:0xxxxxxxxx
     494995.000 ns	     49498	80009ec4	ff9ff06f	jal	x0,80009ec0	
     495045.000 ns	     49503	80009ebc	00036f17	auipc	x30,0x36	 x30=0x8003febc
     495055.000 ns	     49504	80009ec0	143f2223	sw	x3,324(x30)	 x30:0x8003febc  x3:0x00000001 PA:0xxxxxxxxx
     495075.000 ns	     49506	80009ec4	ff9ff06f	jal	x0,80009ec0	
     495125.000 ns	     49511	80009ebc	00036f17	auipc	x30,0x36	 x30=0x8003febc
     495135.000 ns	     49512	80009ec0	143f2223	sw	x3,324(x30)	 x30:0x8003febc  x3:0x00000001 PA:0xxxxxxxxx
     495155.000 ns	     49514	80009ec4	ff9ff06f	jal	x0,80009ec0	
     495205.000 ns	     49519	80009ebc	00036f17	auipc	x30,0x36	 x30=0x8003febc
     495215.000 ns	     49520	80009ec0	143f2223	sw	x3,324(x30)	 x30:0x8003febc  x3:0x00000001 PA:0xxxxxxxxx
     495235.000 ns	     49522	80009ec4	ff9ff06f	jal	x0,80009ec0	
     495285.000 ns	     49527	80009ebc	00036f17	auipc	x30,0x36	 x30=0x8003febc
     495295.000 ns	     49528	80009ec0	143f2223	sw	x3,324(x30)	 x30:0x8003febc  x3:0x00000001 PA:0xxxxxxxxx
     495315.000 ns	     49530	80009ec4	ff9ff06f	jal	x0,80009ec0	
     495365.000 ns	     49535	80009ebc	00036f17	auipc	x30,0x36	 x30=0x8003febc
     495375.000 ns	     49536	80009ec0	143f2223	sw	x3,324(x30)	 x30:0x8003febc  x3:0x00000001 PA:0xxxxxxxxx
     495395.000 ns	     49538	80009ec4	ff9ff06f	jal	x0,80009ec0	
     495445.000 ns	     49543	80009ebc	00036f17	auipc	x30,0x36	 x30=0x8003febc
     495455.000 ns	     49544	80009ec0	143f2223	sw	x3,324(x30)	 x30:0x8003febc  x3:0x00000001 PA:0xxxxxxxxx
     495475.000 ns	     49546	80009ec4	ff9ff06f	jal	x0,80009ec0	
     495525.000 ns	     49551	80009ebc	00036f17	auipc	x30,0x36	 x30=0x8003febc
     495535.000 ns	     49552	80009ec0	143f2223	sw	x3,324(x30)	 x30:0x8003febc  x3:0x00000001 PA:0xxxxxxxxx
     495555.000 ns	     49554	80009ec4	ff9ff06f	jal	x0,80009ec0	
     495605.000 ns	     49559	80009ebc	00036f17	auipc	x30,0x36	 x30=0x8003febc
     495615.000 ns	     49560	80009ec0	143f2223	sw	x3,324(x30)	 x30:0x8003febc  x3:0x00000001 PA:0xxxxxxxxx
     495635.000 ns	     49562	80009ec4	ff9ff06f	jal	x0,80009ec0	
     495685.000 ns	     49567	80009ebc	00036f17	auipc	x30,0x36	 x30=0x8003febc
     495695.000 ns	     49568	80009ec0	143f2223	sw	x3,324(x30)	 x30:0x8003febc  x3:0x00000001 PA:0xxxxxxxxx
     495715.000 ns	     49570	80009ec4	ff9ff06f	jal	x0,80009ec0	
     495765.000 ns	     49575	80009ebc	00036f17	auipc	x30,0x36	 x30=0x8003febc
     495775.000 ns	     49576	80009ec0	143f2223	sw	x3,324(x30)	 x30:0x8003febc  x3:0x00000001 PA:0xxxxxxxxx
     495795.000 ns	     49578	80009ec4	ff9ff06f	jal	x0,80009ec0	
     495845.000 ns	     49583	80009ebc	00036f17	auipc	x30,0x36	 x30=0x8003febc
     495855.000 ns	     49584	80009ec0	143f2223	sw	x3,324(x30)	 x30:0x8003febc  x3:0x00000001 PA:0xxxxxxxxx
     495875.000 ns	     49586	80009ec4	ff9ff06f	jal	x0,80009ec0	
     495925.000 ns	     49591	80009ebc	00036f17	auipc	x30,0x36	 x30=0x8003febc
     495935.000 ns	     49592	80009ec0	143f2223	sw	x3,324(x30)	 x30:0x8003febc  x3:0x00000001 PA:0xxxxxxxxx
     495955.000 ns	     49594	80009ec4	ff9ff06f	jal	x0,80009ec0	
     496005.000 ns	     49599	80009ebc	00036f17	auipc	x30,0x36	 x30=0x8003febc
     496015.000 ns	     49600	80009ec0	143f2223	sw	x3,324(x30)	 x30:0x8003febc  x3:0x00000001 PA:0xxxxxxxxx
     496035.000 ns	     49602	80009ec4	ff9ff06f	jal	x0,80009ec0	
     496085.000 ns	     49607	80009ebc	00036f17	auipc	x30,0x36	 x30=0x8003febc
     496095.000 ns	     49608	80009ec0	143f2223	sw	x3,324(x30)	 x30:0x8003febc  x3:0x00000001 PA:0xxxxxxxxx
     496115.000 ns	     49610	80009ec4	ff9ff06f	jal	x0,80009ec0	
     496165.000 ns	     49615	80009ebc	00036f17	auipc	x30,0x36	 x30=0x8003febc
     496175.000 ns	     49616	80009ec0	143f2223	sw	x3,324(x30)	 x30:0x8003febc  x3:0x00000001 PA:0xxxxxxxxx
     496195.000 ns	     49618	80009ec4	ff9ff06f	jal	x0,80009ec0	
     496245.000 ns	     49623	80009ebc	00036f17	auipc	x30,0x36	 x30=0x8003febc
     496255.000 ns	     49624	80009ec0	143f2223	sw	x3,324(x30)	 x30:0x8003febc  x3:0x00000001 PA:0xxxxxxxxx
     496275.000 ns	     49626	80009ec4	ff9ff06f	jal	x0,80009ec0	
     496325.000 ns	     49631	80009ebc	00036f17	auipc	x30,0x36	 x30=0x8003febc
     496335.000 ns	     49632	80009ec0	143f2223	sw	x3,324(x30)	 x30:0x8003febc  x3:0x00000001 PA:0xxxxxxxxx
     496355.000 ns	     49634	80009ec4	ff9ff06f	jal	x0,80009ec0	
     496405.000 ns	     49639	80009ebc	00036f17	auipc	x30,0x36	 x30=0x8003febc
     496415.000 ns	     49640	80009ec0	143f2223	sw	x3,324(x30)	 x30:0x8003febc  x3:0x00000001 PA:0xxxxxxxxx
     496435.000 ns	     49642	80009ec4	ff9ff06f	jal	x0,80009ec0	
     496485.000 ns	     49647	80009ebc	00036f17	auipc	x30,0x36	 x30=0x8003febc
     496495.000 ns	     49648	80009ec0	143f2223	sw	x3,324(x30)	 x30:0x8003febc  x3:0x00000001 PA:0xxxxxxxxx
     496515.000 ns	     49650	80009ec4	ff9ff06f	jal	x0,80009ec0	
     496565.000 ns	     49655	80009ebc	00036f17	auipc	x30,0x36	 x30=0x8003febc
     496575.000 ns	     49656	80009ec0	143f2223	sw	x3,324(x30)	 x30:0x8003febc  x3:0x00000001 PA:0xxxxxxxxx
     496595.000 ns	     49658	80009ec4	ff9ff06f	jal	x0,80009ec0	
     496645.000 ns	     49663	80009ebc	00036f17	auipc	x30,0x36	 x30=0x8003febc
     496655.000 ns	     49664	80009ec0	143f2223	sw	x3,324(x30)	 x30:0x8003febc  x3:0x00000001 PA:0xxxxxxxxx
     496675.000 ns	     49666	80009ec4	ff9ff06f	jal	x0,80009ec0	
     496725.000 ns	     49671	80009ebc	00036f17	auipc	x30,0x36	 x30=0x8003febc
     496735.000 ns	     49672	80009ec0	143f2223	sw	x3,324(x30)	 x30:0x8003febc  x3:0x00000001 PA:0xxxxxxxxx
     496755.000 ns	     49674	80009ec4	ff9ff06f	jal	x0,80009ec0	
     496805.000 ns	     49679	80009ebc	00036f17	auipc	x30,0x36	 x30=0x8003febc
     496815.000 ns	     49680	80009ec0	143f2223	sw	x3,324(x30)	 x30:0x8003febc  x3:0x00000001 PA:0xxxxxxxxx
     496835.000 ns	     49682	80009ec4	ff9ff06f	jal	x0,80009ec0	
     496885.000 ns	     49687	80009ebc	00036f17	auipc	x30,0x36	 x30=0x8003febc
     496895.000 ns	     49688	80009ec0	143f2223	sw	x3,324(x30)	 x30:0x8003febc  x3:0x00000001 PA:0xxxxxxxxx
     496915.000 ns	     49690	80009ec4	ff9ff06f	jal	x0,80009ec0	
     496965.000 ns	     49695	80009ebc	00036f17	auipc	x30,0x36	 x30=0x8003febc
     496975.000 ns	     49696	80009ec0	143f2223	sw	x3,324(x30)	 x30:0x8003febc  x3:0x00000001 PA:0xxxxxxxxx
     496995.000 ns	     49698	80009ec4	ff9ff06f	jal	x0,80009ec0	
     497045.000 ns	     49703	80009ebc	00036f17	auipc	x30,0x36	 x30=0x8003febc
     497055.000 ns	     49704	80009ec0	143f2223	sw	x3,324(x30)	 x30:0x8003febc  x3:0x00000001 PA:0xxxxxxxxx
     497075.000 ns	     49706	80009ec4	ff9ff06f	jal	x0,80009ec0	
     497125.000 ns	     49711	80009ebc	00036f17	auipc	x30,0x36	 x30=0x8003febc
     497135.000 ns	     49712	80009ec0	143f2223	sw	x3,324(x30)	 x30:0x8003febc  x3:0x00000001 PA:0xxxxxxxxx
     497155.000 ns	     49714	80009ec4	ff9ff06f	jal	x0,80009ec0	
     497205.000 ns	     49719	80009ebc	00036f17	auipc	x30,0x36	 x30=0x8003febc
     497215.000 ns	     49720	80009ec0	143f2223	sw	x3,324(x30)	 x30:0x8003febc  x3:0x00000001 PA:0xxxxxxxxx
     497235.000 ns	     49722	80009ec4	ff9ff06f	jal	x0,80009ec0	
     497285.000 ns	     49727	80009ebc	00036f17	auipc	x30,0x36	 x30=0x8003febc
     497295.000 ns	     49728	80009ec0	143f2223	sw	x3,324(x30)	 x30:0x8003febc  x3:0x00000001 PA:0xxxxxxxxx
     497315.000 ns	     49730	80009ec4	ff9ff06f	jal	x0,80009ec0	
     497365.000 ns	     49735	80009ebc	00036f17	auipc	x30,0x36	 x30=0x8003febc
     497375.000 ns	     49736	80009ec0	143f2223	sw	x3,324(x30)	 x30:0x8003febc  x3:0x00000001 PA:0xxxxxxxxx
     497395.000 ns	     49738	80009ec4	ff9ff06f	jal	x0,80009ec0	
     497445.000 ns	     49743	80009ebc	00036f17	auipc	x30,0x36	 x30=0x8003febc
     497455.000 ns	     49744	80009ec0	143f2223	sw	x3,324(x30)	 x30:0x8003febc  x3:0x00000001 PA:0xxxxxxxxx
     497475.000 ns	     49746	80009ec4	ff9ff06f	jal	x0,80009ec0	
     497525.000 ns	     49751	80009ebc	00036f17	auipc	x30,0x36	 x30=0x8003febc
     497535.000 ns	     49752	80009ec0	143f2223	sw	x3,324(x30)	 x30:0x8003febc  x3:0x00000001 PA:0xxxxxxxxx
     497555.000 ns	     49754	80009ec4	ff9ff06f	jal	x0,80009ec0	
     497605.000 ns	     49759	80009ebc	00036f17	auipc	x30,0x36	 x30=0x8003febc
     497615.000 ns	     49760	80009ec0	143f2223	sw	x3,324(x30)	 x30:0x8003febc  x3:0x00000001 PA:0xxxxxxxxx
     497635.000 ns	     49762	80009ec4	ff9ff06f	jal	x0,80009ec0	
     497685.000 ns	     49767	80009ebc	00036f17	auipc	x30,0x36	 x30=0x8003febc
     497695.000 ns	     49768	80009ec0	143f2223	sw	x3,324(x30)	 x30:0x8003febc  x3:0x00000001 PA:0xxxxxxxxx
     497715.000 ns	     49770	80009ec4	ff9ff06f	jal	x0,80009ec0	
     497765.000 ns	     49775	80009ebc	00036f17	auipc	x30,0x36	 x30=0x8003febc
     497775.000 ns	     49776	80009ec0	143f2223	sw	x3,324(x30)	 x30:0x8003febc  x3:0x00000001 PA:0xxxxxxxxx
     497795.000 ns	     49778	80009ec4	ff9ff06f	jal	x0,80009ec0	
     497845.000 ns	     49783	80009ebc	00036f17	auipc	x30,0x36	 x30=0x8003febc
     497855.000 ns	     49784	80009ec0	143f2223	sw	x3,324(x30)	 x30:0x8003febc  x3:0x00000001 PA:0xxxxxxxxx
     497875.000 ns	     49786	80009ec4	ff9ff06f	jal	x0,80009ec0	
     497925.000 ns	     49791	80009ebc	00036f17	auipc	x30,0x36	 x30=0x8003febc
     497935.000 ns	     49792	80009ec0	143f2223	sw	x3,324(x30)	 x30:0x8003febc  x3:0x00000001 PA:0xxxxxxxxx
     497955.000 ns	     49794	80009ec4	ff9ff06f	jal	x0,80009ec0	
     498005.000 ns	     49799	80009ebc	00036f17	auipc	x30,0x36	 x30=0x8003febc
     498015.000 ns	     49800	80009ec0	143f2223	sw	x3,324(x30)	 x30:0x8003febc  x3:0x00000001 PA:0xxxxxxxxx
     498035.000 ns	     49802	80009ec4	ff9ff06f	jal	x0,80009ec0	
     498085.000 ns	     49807	80009ebc	00036f17	auipc	x30,0x36	 x30=0x8003febc
     498095.000 ns	     49808	80009ec0	143f2223	sw	x3,324(x30)	 x30:0x8003febc  x3:0x00000001 PA:0xxxxxxxxx
     498115.000 ns	     49810	80009ec4	ff9ff06f	jal	x0,80009ec0	
     498165.000 ns	     49815	80009ebc	00036f17	auipc	x30,0x36	 x30=0x8003febc
     498175.000 ns	     49816	80009ec0	143f2223	sw	x3,324(x30)	 x30:0x8003febc  x3:0x00000001 PA:0xxxxxxxxx
     498195.000 ns	     49818	80009ec4	ff9ff06f	jal	x0,80009ec0	
     498245.000 ns	     49823	80009ebc	00036f17	auipc	x30,0x36	 x30=0x8003febc
     498255.000 ns	     49824	80009ec0	143f2223	sw	x3,324(x30)	 x30:0x8003febc  x3:0x00000001 PA:0xxxxxxxxx
     498275.000 ns	     49826	80009ec4	ff9ff06f	jal	x0,80009ec0	
     498325.000 ns	     49831	80009ebc	00036f17	auipc	x30,0x36	 x30=0x8003febc
     498335.000 ns	     49832	80009ec0	143f2223	sw	x3,324(x30)	 x30:0x8003febc  x3:0x00000001 PA:0xxxxxxxxx
     498355.000 ns	     49834	80009ec4	ff9ff06f	jal	x0,80009ec0	
     498405.000 ns	     49839	80009ebc	00036f17	auipc	x30,0x36	 x30=0x8003febc
     498415.000 ns	     49840	80009ec0	143f2223	sw	x3,324(x30)	 x30:0x8003febc  x3:0x00000001 PA:0xxxxxxxxx
     498435.000 ns	     49842	80009ec4	ff9ff06f	jal	x0,80009ec0	
     498485.000 ns	     49847	80009ebc	00036f17	auipc	x30,0x36	 x30=0x8003febc
     498495.000 ns	     49848	80009ec0	143f2223	sw	x3,324(x30)	 x30:0x8003febc  x3:0x00000001 PA:0xxxxxxxxx
     498515.000 ns	     49850	80009ec4	ff9ff06f	jal	x0,80009ec0	
     498565.000 ns	     49855	80009ebc	00036f17	auipc	x30,0x36	 x30=0x8003febc
     498575.000 ns	     49856	80009ec0	143f2223	sw	x3,324(x30)	 x30:0x8003febc  x3:0x00000001 PA:0xxxxxxxxx
     498595.000 ns	     49858	80009ec4	ff9ff06f	jal	x0,80009ec0	
     498645.000 ns	     49863	80009ebc	00036f17	auipc	x30,0x36	 x30=0x8003febc
     498655.000 ns	     49864	80009ec0	143f2223	sw	x3,324(x30)	 x30:0x8003febc  x3:0x00000001 PA:0xxxxxxxxx
     498675.000 ns	     49866	80009ec4	ff9ff06f	jal	x0,80009ec0	
     498725.000 ns	     49871	80009ebc	00036f17	auipc	x30,0x36	 x30=0x8003febc
     498735.000 ns	     49872	80009ec0	143f2223	sw	x3,324(x30)	 x30:0x8003febc  x3:0x00000001 PA:0xxxxxxxxx
     498755.000 ns	     49874	80009ec4	ff9ff06f	jal	x0,80009ec0	
     498805.000 ns	     49879	80009ebc	00036f17	auipc	x30,0x36	 x30=0x8003febc
     498815.000 ns	     49880	80009ec0	143f2223	sw	x3,324(x30)	 x30:0x8003febc  x3:0x00000001 PA:0xxxxxxxxx
     498835.000 ns	     49882	80009ec4	ff9ff06f	jal	x0,80009ec0	
     498885.000 ns	     49887	80009ebc	00036f17	auipc	x30,0x36	 x30=0x8003febc
     498895.000 ns	     49888	80009ec0	143f2223	sw	x3,324(x30)	 x30:0x8003febc  x3:0x00000001 PA:0xxxxxxxxx
     498915.000 ns	     49890	80009ec4	ff9ff06f	jal	x0,80009ec0	
     498965.000 ns	     49895	80009ebc	00036f17	auipc	x30,0x36	 x30=0x8003febc
     498975.000 ns	     49896	80009ec0	143f2223	sw	x3,324(x30)	 x30:0x8003febc  x3:0x00000001 PA:0xxxxxxxxx
     498995.000 ns	     49898	80009ec4	ff9ff06f	jal	x0,80009ec0	
     499045.000 ns	     49903	80009ebc	00036f17	auipc	x30,0x36	 x30=0x8003febc
     499055.000 ns	     49904	80009ec0	143f2223	sw	x3,324(x30)	 x30:0x8003febc  x3:0x00000001 PA:0xxxxxxxxx
     499075.000 ns	     49906	80009ec4	ff9ff06f	jal	x0,80009ec0	
     499125.000 ns	     49911	80009ebc	00036f17	auipc	x30,0x36	 x30=0x8003febc
     499135.000 ns	     49912	80009ec0	143f2223	sw	x3,324(x30)	 x30:0x8003febc  x3:0x00000001 PA:0xxxxxxxxx
     499155.000 ns	     49914	80009ec4	ff9ff06f	jal	x0,80009ec0	
     499205.000 ns	     49919	80009ebc	00036f17	auipc	x30,0x36	 x30=0x8003febc
     499215.000 ns	     49920	80009ec0	143f2223	sw	x3,324(x30)	 x30:0x8003febc  x3:0x00000001 PA:0xxxxxxxxx
     499235.000 ns	     49922	80009ec4	ff9ff06f	jal	x0,80009ec0	
     499285.000 ns	     49927	80009ebc	00036f17	auipc	x30,0x36	 x30=0x8003febc
     499295.000 ns	     49928	80009ec0	143f2223	sw	x3,324(x30)	 x30:0x8003febc  x3:0x00000001 PA:0xxxxxxxxx
     499315.000 ns	     49930	80009ec4	ff9ff06f	jal	x0,80009ec0	
     499365.000 ns	     49935	80009ebc	00036f17	auipc	x30,0x36	 x30=0x8003febc
     499375.000 ns	     49936	80009ec0	143f2223	sw	x3,324(x30)	 x30:0x8003febc  x3:0x00000001 PA:0xxxxxxxxx
     499395.000 ns	     49938	80009ec4	ff9ff06f	jal	x0,80009ec0	
     499445.000 ns	     49943	80009ebc	00036f17	auipc	x30,0x36	 x30=0x8003febc
     499455.000 ns	     49944	80009ec0	143f2223	sw	x3,324(x30)	 x30:0x8003febc  x3:0x00000001 PA:0xxxxxxxxx
     499475.000 ns	     49946	80009ec4	ff9ff06f	jal	x0,80009ec0	
     499525.000 ns	     49951	80009ebc	00036f17	auipc	x30,0x36	 x30=0x8003febc
     499535.000 ns	     49952	80009ec0	143f2223	sw	x3,324(x30)	 x30:0x8003febc  x3:0x00000001 PA:0xxxxxxxxx
     499555.000 ns	     49954	80009ec4	ff9ff06f	jal	x0,80009ec0	
     499605.000 ns	     49959	80009ebc	00036f17	auipc	x30,0x36	 x30=0x8003febc
     499615.000 ns	     49960	80009ec0	143f2223	sw	x3,324(x30)	 x30:0x8003febc  x3:0x00000001 PA:0xxxxxxxxx
     499635.000 ns	     49962	80009ec4	ff9ff06f	jal	x0,80009ec0	
     499685.000 ns	     49967	80009ebc	00036f17	auipc	x30,0x36	 x30=0x8003febc
     499695.000 ns	     49968	80009ec0	143f2223	sw	x3,324(x30)	 x30:0x8003febc  x3:0x00000001 PA:0xxxxxxxxx
     499715.000 ns	     49970	80009ec4	ff9ff06f	jal	x0,80009ec0	
     499765.000 ns	     49975	80009ebc	00036f17	auipc	x30,0x36	 x30=0x8003febc
     499775.000 ns	     49976	80009ec0	143f2223	sw	x3,324(x30)	 x30:0x8003febc  x3:0x00000001 PA:0xxxxxxxxx
     499795.000 ns	     49978	80009ec4	ff9ff06f	jal	x0,80009ec0	
     499845.000 ns	     49983	80009ebc	00036f17	auipc	x30,0x36	 x30=0x8003febc
     499855.000 ns	     49984	80009ec0	143f2223	sw	x3,324(x30)	 x30:0x8003febc  x3:0x00000001 PA:0xxxxxxxxx
     499875.000 ns	     49986	80009ec4	ff9ff06f	jal	x0,80009ec0	
     499925.000 ns	     49991	80009ebc	00036f17	auipc	x30,0x36	 x30=0x8003febc
     499935.000 ns	     49992	80009ec0	143f2223	sw	x3,324(x30)	 x30:0x8003febc  x3:0x00000001 PA:0xxxxxxxxx
     499955.000 ns	     49994	80009ec4	ff9ff06f	jal	x0,80009ec0	
