		Time			Cycle	PC		Insn	Decoded instruction	Register and memory contents
         65.000 ns	         5	80000000	f14022f3	csrrs	x5,mhartid,x0	  x0:0x00000000  x5=0xffffff14
         75.000 ns	         6	80000004	00000313	addi	x6,x0,0	  x0:0x00000000  x6=0x00000000
         85.000 ns	         7	80000008	00628263	beq	x5,x6,8000000c	  x5:0x00000000  x6:0x00000000
         95.000 ns	         8	8000000c	00000e17	auipc	x28,0x0	 x28=0x8000000c
        105.000 ns	         9	80000010	00ce0e13	addi	x28,x28,12	 x28:0x00000000 x28=0x80000018
        115.000 ns	        10	80000014	000e0067	jalr	x0,x28,0	 x28:0x00000000
        165.000 ns	        15	80000018	40001937	lui	x18,0x40001	 x18=0x40001000
        175.000 ns	        16	8000001c	12090913	addi	x18,x18,288	 x18:0x00000000 x18=0x40001120
        185.000 ns	        17	80000020	30191073	csrrw	x0,misa,x18	 x18:0x00000000
        195.000 ns	        18	80000024	00041317	auipc	x6,0x41	  x6=0x80041024
        205.000 ns	        19	80000028	00030313	addi	x6,x6,0	  x6:0x00000000  x6=0x80041024
        215.000 ns	        20	8000002c	0000b917	auipc	x18,0xb	 x18=0x8000b02c
        225.000 ns	        21	80000030	8b490913	addi	x18,x18,-1868	 x18:0x40001120 x18=0x8000a8e0
        235.000 ns	        22	80000034	00196913	ori	x18,x18,1	 x18:0x40001120 x18=0x8000a8e1
        245.000 ns	        23	80000038	30591073	csrrw	x0,mtvec,x18	 x18:0x8000b02c
        255.000 ns	        24	8000003c	00000917	auipc	x18,0x0	 x18=0x8000003c
        265.000 ns	        25	80000040	02890913	addi	x18,x18,40	 x18:0x8000a8e1 x18=0x80000064
        275.000 ns	        26	80000044	34191073	csrrw	x0,mepc,x18	 x18:0x8000a8e1
        285.000 ns	        27	80000048	00000013	addi	x0,x0,0	  x0:0x00000000
        295.000 ns	        28	8000004c	00004937	lui	x18,0x4	 x18=0x00004000
        305.000 ns	        29	80000050	80090913	addi	x18,x18,-2048	 x18:0x80000064 x18=0x00003800
        315.000 ns	        30	80000054	30091073	csrrw	x0,mstatus,x18	 x18:0x80000064
        325.000 ns	        31	80000058	00000913	addi	x18,x0,0	  x0:0x00000000 x18=0x00000000
        335.000 ns	        32	8000005c	30491073	csrrw	x0,mie,x18	 x18:0x00003800
        345.000 ns	        33	80000060	30200073	mret	
        355.000 ns	        34	80000064	ff800937	lui	x18,0xff800	 x18=0xff800000
        375.000 ns	        36	80000068	f0090053	fmv.w.x	f0,x18	 x18:0x00000000  f0=0xff800000
        395.000 ns	        38	8000006c	ff800937	lui	x18,0xff800	 x18=0xff800000
        415.000 ns	        40	80000070	f00900d3	fmv.w.x	f1,x18	 x18:0xff800000  f1=0xff800000
        435.000 ns	        42	80000074	b92a4937	lui	x18,0xb92a4	 x18=0xb92a4000
        445.000 ns	        43	80000078	13b90913	addi	x18,x18,315	 x18:0xff800000 x18=0xb92a413b
        465.000 ns	        45	8000007c	f0090153	fmv.w.x	f2,x18	 x18:0xff800000  f2=0xb92a413b
        485.000 ns	        47	80000080	7fc00937	lui	x18,0x7fc00	 x18=0x7fc00000
        505.000 ns	        49	80000084	f00901d3	fmv.w.x	f3,x18	 x18:0xb92a413b  f3=0x7fc00000
        525.000 ns	        51	80000088	7f800937	lui	x18,0x7f800	 x18=0x7f800000
        535.000 ns	        52	8000008c	00190913	addi	x18,x18,1	 x18:0x7fc00000 x18=0x7f800001
        555.000 ns	        54	80000090	f0090253	fmv.w.x	f4,x18	 x18:0x7fc00000  f4=0x7f800001
        575.000 ns	        56	80000094	80000937	lui	x18,0x80000	 x18=0x80000000
        595.000 ns	        58	80000098	f00902d3	fmv.w.x	f5,x18	 x18:0x7f800001  f5=0x80000000
        615.000 ns	        60	8000009c	e26c6937	lui	x18,0xe26c6	 x18=0xe26c6000
        625.000 ns	        61	800000a0	82990913	addi	x18,x18,-2007	 x18:0x80000000 x18=0xe26c5829
        645.000 ns	        63	800000a4	f0090353	fmv.w.x	f6,x18	 x18:0x80000000  f6=0xe26c5829
        665.000 ns	        65	800000a8	7f800937	lui	x18,0x7f800	 x18=0x7f800000
        675.000 ns	        66	800000ac	00190913	addi	x18,x18,1	 x18:0xe26c5829 x18=0x7f800001
        695.000 ns	        68	800000b0	f00903d3	fmv.w.x	f7,x18	 x18:0xe26c5829  f7=0x7f800001
        715.000 ns	        70	800000b4	065ea937	lui	x18,0x65ea	 x18=0x065ea000
        725.000 ns	        71	800000b8	2c490913	addi	x18,x18,708	 x18:0x7f800001 x18=0x065ea2c4
        745.000 ns	        73	800000bc	f0090453	fmv.w.x	f8,x18	 x18:0x7f800001  f8=0x065ea2c4
        765.000 ns	        75	800000c0	004c1937	lui	x18,0x4c1	 x18=0x004c1000
        775.000 ns	        76	800000c4	63f90913	addi	x18,x18,1599	 x18:0x065ea2c4 x18=0x004c163f
        795.000 ns	        78	800000c8	f00904d3	fmv.w.x	f9,x18	 x18:0x065ea2c4  f9=0x004c163f
        815.000 ns	        80	800000cc	ff800937	lui	x18,0xff800	 x18=0xff800000
        825.000 ns	        81	800000d0	fff90913	addi	x18,x18,-1	 x18:0x004c163f x18=0xff7fffff
        845.000 ns	        83	800000d4	f0090553	fmv.w.x	f10,x18	 x18:0x004c163f f10=0xff7fffff
        865.000 ns	        85	800000d8	61eb7937	lui	x18,0x61eb7	 x18=0x61eb7000
        875.000 ns	        86	800000dc	58390913	addi	x18,x18,1411	 x18:0xff7fffff x18=0x61eb7583
        895.000 ns	        88	800000e0	f00905d3	fmv.w.x	f11,x18	 x18:0xff7fffff f11=0x61eb7583
        915.000 ns	        90	800000e4	ff800937	lui	x18,0xff800	 x18=0xff800000
        925.000 ns	        91	800000e8	fff90913	addi	x18,x18,-1	 x18:0x61eb7583 x18=0xff7fffff
        945.000 ns	        93	800000ec	f0090653	fmv.w.x	f12,x18	 x18:0x61eb7583 f12=0xff7fffff
        965.000 ns	        95	800000f0	00000913	addi	x18,x0,0	  x0:0x00000000 x18=0x00000000
        985.000 ns	        97	800000f4	f00906d3	fmv.w.x	f13,x18	 x18:0xff7fffff f13=0x00000000
       1005.000 ns	        99	800000f8	43f9b937	lui	x18,0x43f9b	 x18=0x43f9b000
       1015.000 ns	       100	800000fc	24190913	addi	x18,x18,577	 x18:0x00000000 x18=0x43f9b241
       1035.000 ns	       102	80000100	f0090753	fmv.w.x	f14,x18	 x18:0x00000000 f14=0x43f9b241
       1055.000 ns	       104	80000104	7fc00937	lui	x18,0x7fc00	 x18=0x7fc00000
       1075.000 ns	       106	80000108	f00907d3	fmv.w.x	f15,x18	 x18:0x43f9b241 f15=0x7fc00000
       1095.000 ns	       108	8000010c	0791e937	lui	x18,0x791e	 x18=0x0791e000
       1105.000 ns	       109	80000110	79790913	addi	x18,x18,1943	 x18:0x7fc00000 x18=0x0791e797
       1125.000 ns	       111	80000114	f0090853	fmv.w.x	f16,x18	 x18:0x7fc00000 f16=0x0791e797
       1145.000 ns	       113	80000118	00000913	addi	x18,x0,0	  x0:0x00000000 x18=0x00000000
       1165.000 ns	       115	8000011c	f00908d3	fmv.w.x	f17,x18	 x18:0x0791e797 f17=0x00000000
       1185.000 ns	       117	80000120	7fc00937	lui	x18,0x7fc00	 x18=0x7fc00000
       1205.000 ns	       119	80000124	f0090953	fmv.w.x	f18,x18	 x18:0x00000000 f18=0x7fc00000
       1225.000 ns	       121	80000128	ff800937	lui	x18,0xff800	 x18=0xff800000
       1245.000 ns	       123	8000012c	f00909d3	fmv.w.x	f19,x18	 x18:0x7fc00000 f19=0xff800000
       1265.000 ns	       125	80000130	7f800937	lui	x18,0x7f800	 x18=0x7f800000
       1275.000 ns	       126	80000134	fff90913	addi	x18,x18,-1	 x18:0xff800000 x18=0x7f7fffff
       1295.000 ns	       128	80000138	f0090a53	fmv.w.x	f20,x18	 x18:0xff800000 f20=0x7f7fffff
       1315.000 ns	       130	8000013c	37aac937	lui	x18,0x37aac	 x18=0x37aac000
       1325.000 ns	       131	80000140	a5690913	addi	x18,x18,-1450	 x18:0x7f7fffff x18=0x37aaba56
       1345.000 ns	       133	80000144	f0090ad3	fmv.w.x	f21,x18	 x18:0x7f7fffff f21=0x37aaba56
       1365.000 ns	       135	80000148	00000913	addi	x18,x0,0	  x0:0x00000000 x18=0x00000000
       1385.000 ns	       137	8000014c	f0090b53	fmv.w.x	f22,x18	 x18:0x37aaba56 f22=0x00000000
       1405.000 ns	       139	80000150	80000937	lui	x18,0x80000	 x18=0x80000000
       1425.000 ns	       141	80000154	f0090bd3	fmv.w.x	f23,x18	 x18:0x00000000 f23=0x80000000
       1445.000 ns	       143	80000158	80000937	lui	x18,0x80000	 x18=0x80000000
       1465.000 ns	       145	8000015c	f0090c53	fmv.w.x	f24,x18	 x18:0x80000000 f24=0x80000000
       1485.000 ns	       147	80000160	00337937	lui	x18,0x337	 x18=0x00337000
       1495.000 ns	       148	80000164	b2090913	addi	x18,x18,-1248	 x18:0x80000000 x18=0x00336b20
       1515.000 ns	       150	80000168	f0090cd3	fmv.w.x	f25,x18	 x18:0x80000000 f25=0x00336b20
       1535.000 ns	       152	8000016c	7f800937	lui	x18,0x7f800	 x18=0x7f800000
       1545.000 ns	       153	80000170	fff90913	addi	x18,x18,-1	 x18:0x00336b20 x18=0x7f7fffff
       1565.000 ns	       155	80000174	f0090d53	fmv.w.x	f26,x18	 x18:0x00336b20 f26=0x7f7fffff
       1585.000 ns	       157	80000178	0012e937	lui	x18,0x12e	 x18=0x0012e000
       1595.000 ns	       158	8000017c	7ef90913	addi	x18,x18,2031	 x18:0x7f7fffff x18=0x0012e7ef
       1615.000 ns	       160	80000180	f0090dd3	fmv.w.x	f27,x18	 x18:0x7f7fffff f27=0x0012e7ef
       1635.000 ns	       162	80000184	7f800937	lui	x18,0x7f800	 x18=0x7f800000
       1655.000 ns	       164	80000188	f0090e53	fmv.w.x	f28,x18	 x18:0x0012e7ef f28=0x7f800000
       1675.000 ns	       166	8000018c	7f800937	lui	x18,0x7f800	 x18=0x7f800000
       1685.000 ns	       167	80000190	fff90913	addi	x18,x18,-1	 x18:0x7f800000 x18=0x7f7fffff
       1705.000 ns	       169	80000194	f0090ed3	fmv.w.x	f29,x18	 x18:0x7f800000 f29=0x7f7fffff
       1725.000 ns	       171	80000198	80000937	lui	x18,0x80000	 x18=0x80000000
       1745.000 ns	       173	8000019c	f0090f53	fmv.w.x	f30,x18	 x18:0x7f7fffff f30=0x80000000
       1765.000 ns	       175	800001a0	00000913	addi	x18,x0,0	  x0:0x00000000 x18=0x00000000
       1785.000 ns	       177	800001a4	f0090fd3	fmv.w.x	f31,x18	 x18:0x80000000 f31=0x00000000
       1805.000 ns	       179	800001a8	00215073	csrrwi	x0,frm,2	
       1815.000 ns	       180	800001ac	80000037	lui	x0,0x80000	
       1825.000 ns	       181	800001b0	00000013	addi	x0,x0,0	  x0:0x00000000
       1835.000 ns	       182	800001b4	fdbca0b7	lui	x1,0xfdbca	  x1=0xfdbca000
       1845.000 ns	       183	800001b8	e3808093	addi	x1,x1,-456	  x1:0x00000000  x1=0xfdbc9e38
       1855.000 ns	       184	800001bc	80000137	lui	x2,0x80000	  x2=0x80000000
       1865.000 ns	       185	800001c0	00b00193	addi	x3,x0,11	  x0:0x00000000  x3=0x0000000b
       1875.000 ns	       186	800001c4	80000237	lui	x4,0x80000	  x4=0x80000000
       1885.000 ns	       187	800001c8	f71b72b7	lui	x5,0xf71b7	  x5=0xf71b7000
       1895.000 ns	       188	800001cc	95528293	addi	x5,x5,-1707	  x5:0xffffff14  x5=0xf71b6955
       1905.000 ns	       189	800001d0	00700393	addi	x7,x0,7	  x0:0x00000000  x7=0x00000007
       1915.000 ns	       190	800001d4	28aa7437	lui	x8,0x28aa7	  x8=0x28aa7000
       1925.000 ns	       191	800001d8	92340413	addi	x8,x8,-1757	  x8:0x00000000  x8=0x28aa6923
       1935.000 ns	       192	800001dc	00000493	addi	x9,x0,0	  x0:0x00000000  x9=0x00000000
       1945.000 ns	       193	800001e0	00000513	addi	x10,x0,0	  x0:0x00000000 x10=0x00000000
       1955.000 ns	       194	800001e4	800005b7	lui	x11,0x80000	 x11=0x80000000
       1965.000 ns	       195	800001e8	50549637	lui	x12,0x50549	 x12=0x50549000
       1975.000 ns	       196	800001ec	89a60613	addi	x12,x12,-1894	 x12:0x00000000 x12=0x5054889a
       1985.000 ns	       197	800001f0	800006b7	lui	x13,0x80000	 x13=0x80000000
       1995.000 ns	       198	800001f4	f7272737	lui	x14,0xf7272	 x14=0xf7272000
       2005.000 ns	       199	800001f8	80e70713	addi	x14,x14,-2034	 x14:0x00000000 x14=0xf727180e
       2015.000 ns	       200	800001fc	c6b297b7	lui	x15,0xc6b29	 x15=0xc6b29000
       2025.000 ns	       201	80000200	78b78793	addi	x15,x15,1931	 x15:0x00000000 x15=0xc6b2978b
       2035.000 ns	       202	80000204	00c00813	addi	x16,x0,12	  x0:0x00000000 x16=0x0000000c
       2045.000 ns	       203	80000208	800008b7	lui	x17,0x80000	 x17=0x80000000
       2055.000 ns	       204	8000020c	e31f3937	lui	x18,0xe31f3	 x18=0xe31f3000
       2065.000 ns	       205	80000210	b0a90913	addi	x18,x18,-1270	 x18:0x00000000 x18=0xe31f2b0a
       2075.000 ns	       206	80000214	8caf19b7	lui	x19,0x8caf1	 x19=0x8caf1000
       2085.000 ns	       207	80000218	2cd98993	addi	x19,x19,717	 x19:0x00000000 x19=0x8caf12cd
       2095.000 ns	       208	8000021c	fbd18a37	lui	x20,0xfbd18	 x20=0xfbd18000
       2105.000 ns	       209	80000220	76aa0a13	addi	x20,x20,1898	 x20:0x00000000 x20=0xfbd1876a
       2115.000 ns	       210	80000224	00000a93	addi	x21,x0,0	  x0:0x00000000 x21=0x00000000
       2125.000 ns	       211	80000228	00d00b13	addi	x22,x0,13	  x0:0x00000000 x22=0x0000000d
       2135.000 ns	       212	8000022c	f157bbb7	lui	x23,0xf157b	 x23=0xf157b000
       2145.000 ns	       213	80000230	578b8b93	addi	x23,x23,1400	 x23:0x00000000 x23=0xf157b578
       2155.000 ns	       214	80000234	00800c13	addi	x24,x0,8	  x0:0x00000000 x24=0x00000008
       2165.000 ns	       215	80000238	00200d13	addi	x26,x0,2	  x0:0x00000000 x26=0x00000002
       2175.000 ns	       216	8000023c	80000db7	lui	x27,0x80000	 x27=0x80000000
       2185.000 ns	       217	80000240	f506fe37	lui	x28,0xf506f	 x28=0xf506f000
       2195.000 ns	       218	80000244	533e0e13	addi	x28,x28,1331	 x28:0x80000018 x28=0xf506f533
       2205.000 ns	       219	80000248	80000eb7	lui	x29,0x80000	 x29=0x80000000
       2215.000 ns	       220	8000024c	00b00f13	addi	x30,x0,11	  x0:0x00000000 x30=0x0000000b
       2225.000 ns	       221	80000250	00000f93	addi	x31,x0,0	  x0:0x00000000 x31=0x00000000
       2235.000 ns	       222	80000254	00041c97	auipc	x25,0x41	 x25=0x80041254
       2245.000 ns	       223	80000258	d90c8c93	addi	x25,x25,-624	 x25:0x00000000 x25=0x80040fe4
       2265.000 ns	       225	8000025c	216293d3	fsgnjn.s	f7,f5,f22	  f5:0x80000000 f22:0x00000000  f7=0x80000000
       2295.000 ns	       228	80000260	a14e8453	fle.s	x8,f29,f20	 f29:0x7f7fffff f20:0x7f7fffff  x8=0x00000001
       2325.000 ns	       231	80000264	21941053	fsgnjn.s	f0,f8,f25	  f8:0x065ea2c4 f25:0x00336b20  f0=0x865ea2c4
       2365.000 ns	       235	80000268	1185f6d3	fmul.s	f13,f11,f24	 f11:0x61eb7583 f24:0x80000000 f13=0x80000000
       2385.000 ns	       237	8000026c	0062c4b3	xor	x9,x5,x6	  x5:0xf71b6955  x6:0x80041024  x9=0x771f7971
       2395.000 ns	       238	80000270	01c91f93	slli	x31,x18,0x1c	 x18:0xe31f2b0a x31=0xa0000000
       2405.000 ns	       239	80000274	7d6b6e93	ori	x29,x22,2006	 x22:0x0000000d x29=0x000007df
       2425.000 ns	       241	80000278	03cda133	mulhsu	x2,x27,x28	 x27:0x80000000 x28:0xf506f533  x2=0x857c8566
       2445.000 ns	       243	8000027c	0107d5b3	srl	x11,x15,x16	 x15:0xc6b2978b x16:0x0000000c x11=0x000c6b29
       2475.000 ns	       246	80000280	1992f0d3	fdiv.s	f1,f5,f25	  f5:0x80000000 f25:0x00336b20  f1=0x80000000
       2495.000 ns	       248	80000284	0170a833	slt	x16,x1,x23	  x1:0xfdbc9e38 x23:0xf157b578 x16=0x00000000
       2505.000 ns	       249	80000288	00000013	addi	x0,x0,0	  x0:0x00000000
       3675.000 ns	       366	8000028c	580df453	fsqrt.s	f8,f27	 f27:0x0012e7ef  f8=0x1f4fc104
       3695.000 ns	       368	80000290	00e7eab3	or	x21,x15,x14	 x15:0xc6b2978b x14:0xf727180e x21=0xf7b79f8f
       3705.000 ns	       369	80000294	b2c86213	ori	x4,x16,-1236	 x16:0x00000000  x4=0xfffffb2c
       3725.000 ns	       371	80000298	e00392d3	fclass.s	x5,f7	  f7:0x80000000  x5=0x00000008
       3755.000 ns	       374	8000029c	20a49f53	fsgnjn.s	f30,f9,f10	  f9:0x004c163f f10:0xff7fffff f30=0x004c163f
       4125.000 ns	       411	800002a0	03cbd433	divu	x8,x23,x28	 x23:0xf157b578 x28:0xf506f533  x8=0x00000000
       4145.000 ns	       413	800002a4	016fdd93	srli	x27,x31,0x16	 x31:0xa0000000 x27=0x00000280
       4165.000 ns	       415	800002a8	027b0933	mul	x18,x22,x7	 x22:0x0000000d  x7:0x00000007 x18=0x0000005b
       4195.000 ns	       418	800002ac	02c588b3	mul	x17,x11,x12	 x11:0x000c6b29 x12:0x5054889a x17=0x99da3eaa
       4225.000 ns	       421	800002b0	287f17d3	fmax.s	f15,f30,f7	 f30:0x004c163f  f7:0x80000000 f15=0x004c163f
       4255.000 ns	       424	800002b4	21db9053	fsgnjn.s	f0,f23,f29	 f23:0x80000000 f29:0x7f7fffff  f0=0x80000000
       4275.000 ns	       426	800002b8	5e8ec093	xori	x1,x29,1512	 x29:0x000007df  x1=0x00000237
       4295.000 ns	       428	800002bc	d0167ad3	fcvt.s.wu	f21,x12	 x12:0x5054889a f21=0x4ea0a911
       4335.000 ns	       432	800002c0	18567553	fdiv.s	f10,f12,f5	 f12:0xff7fffff  f5:0x80000000 f10=0x7f800000
       4355.000 ns	       434	800002c4	273f15b7	lui	x11,0x273f1	 x11=0x273f1000
       4365.000 ns	       435	800002c8	005d29b3	slt	x19,x26,x5	 x26:0x00000002  x5:0x00000008 x19=0x00000001
       4725.000 ns	       471	800002cc	02ccec33	rem	x24,x25,x12	 x25:0x80040fe4 x12:0x5054889a x24=0xd058987e
       5095.000 ns	       508	800002d0	0314e033	rem	x0,x9,x17	  x9:0x771f7971 x17:0x99da3eaa
       5125.000 ns	       511	800002d4	297d09d3	fmin.s	f19,f26,f23	 f26:0x7f7fffff f23:0x80000000 f19=0x80000000
       5145.000 ns	       513	800002d8	40155d33	sra	x26,x10,x1	 x10:0x00000000  x1:0x00000237 x26=0x00000000
       5185.000 ns	       517	800002dc	089d01d3	fsub.s	f3,f26,f9	 f26:0x7f7fffff  f9:0x004c163f  f3=0x7f7fffff
       5205.000 ns	       519	800002e0	01c2d1b3	srl	x3,x5,x28	  x5:0x00000008 x28:0xf506f533  x3=0x00000000
       5215.000 ns	       520	800002e4	00954fb3	xor	x31,x10,x9	 x10:0x00000000  x9:0x771f7971 x31=0x771f7971
       5225.000 ns	       521	800002e8	db82e193	ori	x3,x5,-584	  x5:0x00000008  x3=0xfffffdb8
       5235.000 ns	       522	800002ec	4082d6b3	sra	x13,x5,x8	  x5:0x00000008  x8:0x00000000 x13=0x00000008
       5595.000 ns	       558	800002f0	02367ab3	remu	x21,x12,x3	 x12:0x5054889a  x3:0x00000000 x21=0x5054889a
       5615.000 ns	       560	800002f4	2976b913	sltiu	x18,x13,663	 x13:0x80000000 x18=0x00000001
       5975.000 ns	       596	800002f8	0230f4b3	remu	x9,x1,x3	  x1:0x00000237  x3:0xfffffdb8  x9=0x00000237
       6345.000 ns	       633	800002fc	022a7eb3	remu	x29,x20,x2	 x20:0xfbd1876a  x2:0x857c8566 x29=0x76550204
       6365.000 ns	       635	80000300	419a89b3	sub	x19,x21,x25	 x21:0x5054889a x25:0x80040fe4 x19=0xd05078b6
       6385.000 ns	       637	80000304	e00f8053	fmv.x.w	x0,f31	 f31:0x00000000
       6415.000 ns	       640	80000308	297a88d3	fmin.s	f17,f21,f23	 f21:0x4ea0a911 f23:0x80000000 f17=0x80000000
       7595.000 ns	       758	8000030c	58077253	fsqrt.s	f4,f14	 f14:0x43f9b241  f4=0x41b2c6bb
       7635.000 ns	       762	80000310	10938fd3	fmul.s	f31,f7,f9	  f7:0x80000000  f9:0x004c163f f31=0x80000000
       7685.000 ns	       767	80000314	00d27853	fadd.s	f16,f4,f13	  f4:0x41b2c6bb f13:0x80000000 f16=0x41b2c6bb
       7705.000 ns	       769	80000318	40b25913	srai	x18,x4,0xb	  x4:0xfffffb2c x18=0xffffffff
       7715.000 ns	       770	8000031c	ce74e693	ori	x13,x9,-793	  x9:0x00000237 x13=0xfffffef7
       7735.000 ns	       772	80000320	d01a92d3	fcvt.s.wu	f5,x21	 x21:0x5054889a  f5=0x4ea0a911
       7755.000 ns	       774	80000324	82096613	ori	x12,x18,-2016	 x18:0xffffffff x12=0xffffffff
       8115.000 ns	       810	80000328	037ec633	div	x12,x29,x23	 x29:0x76550204 x23:0xf157b578 x12=0xfffffff8
       8135.000 ns	       812	8000032c	01558bb3	add	x23,x11,x21	 x11:0x273f1000 x21:0x5054889a x23=0x7793989a
       8145.000 ns	       813	80000330	00e6d413	srli	x8,x13,0xe	 x13:0xfffffef7  x8=0x0003ffff
       8165.000 ns	       815	80000334	e0051dd3	fclass.s	x27,f10	 f10:0x7f800000 x27=0x00000080
       8205.000 ns	       819	80000338	5806f353	fsqrt.s	f6,f13	 f13:0x80000000  f6=0x80000000
       8255.000 ns	       824	8000033c	09bb8053	fsub.s	f0,f23,f27	 f23:0x80000000 f27:0x0012e7ef  f0=0x8012e7ef
       8285.000 ns	       827	80000340	d016c7d3	fcvt.s.wu	f15,x13	 x13:0xfffffef7 f15=0x4f7fffff
       8655.000 ns	       864	80000344	0364ec33	rem	x24,x9,x22	  x9:0x00000237 x22:0x0000000d x24=0x00000008
       8695.000 ns	       868	80000348	192df353	fdiv.s	f6,f27,f18	 f27:0x0012e7ef f18:0x7fc00000  f6=0x7fc00000
       8725.000 ns	       871	8000034c	d016a3d3	fcvt.s.wu	f7,x13	 x13:0xfffffef7  f7=0x4f7fffff
       8755.000 ns	       874	80000350	c0147bd3	fcvt.wu.s	x23,f8	  f8:0x1f4fc104 x23=0x00000000
       8775.000 ns	       876	80000354	00000013	addi	x0,x0,0	  x0:0x00000000
       8785.000 ns	       877	80000358	01cf3033	sltu	x0,x30,x28	 x30:0x0000000b x28:0xf506f533
       9145.000 ns	       913	8000035c	039449b3	div	x19,x8,x25	  x8:0x0003ffff x25:0x80040fe4 x19=0x00000000
       9175.000 ns	       916	80000360	03930833	mul	x16,x6,x25	  x6:0x80041024 x25:0x80040fe4 x16=0x81207c10
       9205.000 ns	       919	80000364	031e8bb3	mul	x23,x29,x17	 x29:0x76550204 x17:0x99da3eaa x23=0x46584ea8
       9225.000 ns	       921	80000368	00cad4b3	srl	x9,x21,x12	 x21:0x5054889a x12:0xfffffff8  x9=0x00000050
       9235.000 ns	       922	8000036c	01feabb3	slt	x23,x29,x31	 x29:0x76550204 x31:0x771f7971 x23=0x00000001
       9255.000 ns	       924	80000370	28e58fd3	fmin.s	f31,f11,f14	 f11:0x61eb7583 f14:0x43f9b241 f31=0x43f9b241
       9625.000 ns	       961	80000374	025b4033	div	x0,x22,x5	 x22:0x0000000d  x5:0x00000008
       9645.000 ns	       963	80000378	ac7a2617	auipc	x12,0xac7a2	 x12=0x2c7a2378
       9655.000 ns	       964	8000037c	cc9b40b7	lui	x1,0xcc9b4	  x1=0xcc9b4000
       9675.000 ns	       966	80000380	29080f53	fmin.s	f30,f16,f16	 f16:0x41b2c6bb f16:0x41b2c6bb f30=0x41b2c6bb
       9705.000 ns	       969	80000384	02a41833	mulh	x16,x8,x10	  x8:0x0003ffff x10:0x00000000 x16=0x00000000
       9725.000 ns	       971	80000388	70a64437	lui	x8,0x70a64	  x8=0x70a64000
       9735.000 ns	       972	8000038c	00000013	addi	x0,x0,0	  x0:0x00000000
       9755.000 ns	       974	80000390	033520b3	mulhsu	x1,x10,x19	 x10:0x00000000 x19:0x00000000  x1=0x00000000
       9775.000 ns	       976	80000394	01a19933	sll	x18,x3,x26	  x3:0xfffffdb8 x26:0x00000000 x18=0xfffffdb8
       9785.000 ns	       977	80000398	410cd413	srai	x8,x25,0x10	 x25:0x80040fe4  x8=0xffff8004
       9805.000 ns	       979	8000039c	208f0ed3	fsgnj.s	f29,f30,f8	 f30:0x41b2c6bb  f8:0x1f4fc104 f29=0x41b2c6bb
       9825.000 ns	       981	800003a0	00f721b3	slt	x3,x14,x15	 x14:0xf727180e x15:0xc6b2978b  x3=0x00000000
       9845.000 ns	       983	800003a4	a1b59ed3	flt.s	x29,f11,f27	 f11:0x61eb7583 f27:0x0012e7ef x29=0x00000000
       9875.000 ns	       986	800003a8	025b01b3	mul	x3,x22,x5	 x22:0x0000000d  x5:0x00000008  x3=0x00000068
       9895.000 ns	       988	800003ac	00000013	addi	x0,x0,0	  x0:0x00000000
       9915.000 ns	       990	800003b0	d0192f53	fcvt.s.wu	f30,x18	 x18:0xfffffdb8 f30=0x4f7ffffe
       9945.000 ns	       993	800003b4	03dca0b3	mulhsu	x1,x25,x29	 x25:0x80040fe4 x29:0x00000000  x1=0x00000000
       9975.000 ns	       996	800003b8	03e00db3	mul	x27,x0,x30	  x0:0x00000000 x30:0x0000000b x27=0x00000000
       9995.000 ns	       998	800003bc	79567213	andi	x4,x12,1941	 x12:0x2c7a2378  x4=0x00000310
      10015.000 ns	      1000	800003c0	038f9db3	mulh	x27,x31,x24	 x31:0x771f7971 x24:0x00000008 x27=0x00000003
      10035.000 ns	      1002	800003c4	00895bb3	srl	x23,x18,x8	 x18:0xfffffdb8  x8:0xffff8004 x23=0x0fffffdb
      10045.000 ns	      1003	800003c8	00c38733	add	x14,x7,x12	  x7:0x00000007 x12:0x2c7a2378 x14=0x2c7a237f
      10055.000 ns	      1004	800003cc	00b39233	sll	x4,x7,x11	  x7:0x00000007 x11:0x273f1000  x4=0x00000007
      10065.000 ns	      1005	800003d0	01853eb3	sltu	x29,x10,x24	 x10:0x00000000 x24:0x00000008 x29=0x00000001
      10075.000 ns	      1006	800003d4	0018a6b3	slt	x13,x17,x1	 x17:0x99da3eaa  x1:0x00000000 x13=0x00000001
      10085.000 ns	      1007	800003d8	01191713	slli	x14,x18,0x11	 x18:0xfffffdb8 x14=0xfb700000
      10105.000 ns	      1009	800003dc	28fb9a53	fmax.s	f20,f23,f15	 f23:0x80000000 f15:0x4f7fffff f20=0x4f7fffff
      10135.000 ns	      1012	800003e0	a0ee95d3	flt.s	x11,f29,f14	 f29:0x41b2c6bb f14:0x43f9b241 x11=0x00000001
      10165.000 ns	      1015	800003e4	21652653	fsgnjx.s	f12,f10,f22	 f10:0x7f800000 f22:0x00000000 f12=0x7f800000
      10185.000 ns	      1017	800003e8	00575613	srli	x12,x14,0x5	 x14:0xfb700000 x12=0x07db8000
      10225.000 ns	      1021	800003ec	008074d3	fadd.s	f9,f0,f8	  f0:0x8012e7ef  f8:0x1f4fc104  f9=0x1f4fc104
      10255.000 ns	      1024	800003f0	29478a53	fmin.s	f20,f15,f20	 f15:0x4f7fffff f20:0x4f7fffff f20=0x4f7fffff
      10285.000 ns	      1027	800003f4	d0108b53	fcvt.s.wu	f22,x1	  x1:0x00000000 f22=0x00000000
      10315.000 ns	      1030	800003f8	037d3db3	mulhu	x27,x26,x23	 x26:0x00000000 x23:0x0fffffdb x27=0x00000000
      10365.000 ns	      1035	800003fc	08d872d3	fsub.s	f5,f16,f13	 f16:0x41b2c6bb f13:0x80000000  f5=0x41b2c6bb
      10395.000 ns	      1038	80000400	28f01ad3	fmax.s	f21,f0,f15	  f0:0x8012e7ef f15:0x4f7fffff f21=0x4f7fffff
      10425.000 ns	      1041	80000404	d0132ad3	fcvt.s.wu	f21,x6	  x6:0x80041024 f21=0x4f000411
      10455.000 ns	      1044	80000408	e00b9753	fclass.s	x14,f23	 f23:0x80000000 x14=0x00000008
      10505.000 ns	      1049	8000040c	08ecc4d3	fsub.s	f9,f25,f14	 f25:0x00336b20 f14:0x43f9b241  f9=0xc3f9b241
      10525.000 ns	      1051	80000410	00000013	addi	x0,x0,0	  x0:0x00000000
      10545.000 ns	      1053	80000414	288510d3	fmax.s	f1,f10,f8	 f10:0x7f800000  f8:0x1f4fc104  f1=0x7f800000
      10575.000 ns	      1056	80000418	e0029953	fclass.s	x18,f5	  f5:0x41b2c6bb x18=0x00000040
      10615.000 ns	      1060	8000041c	109b12d3	fmul.s	f5,f22,f9	 f22:0x00000000  f9:0xc3f9b241  f5=0x80000000
      10655.000 ns	      1064	80000420	1964f153	fdiv.s	f2,f9,f22	  f9:0xc3f9b241 f22:0x00000000  f2=0xff800000
      10675.000 ns	      1066	80000424	0196f033	and	x0,x13,x25	 x13:0x00000001 x25:0x80040fe4
      10695.000 ns	      1068	80000428	c0137a53	fcvt.wu.s	x20,f6	  f6:0x7fc00000 x20=0xffffffff
      10715.000 ns	      1070	8000042c	014ca733	slt	x14,x25,x20	 x25:0x80040fe4 x20:0xfbd1876a x14=0x00000001
      10725.000 ns	      1071	80000430	e13d8b93	addi	x23,x27,-493	 x27:0x00000000 x23=0xfffffe13
      10745.000 ns	      1073	80000434	f00f88d3	fmv.w.x	f17,x31	 x31:0x771f7971 f17=0x771f7971
      10775.000 ns	      1076	80000438	020e7d33	remu	x26,x28,x0	 x28:0xf506f533  x0:0x00000000 x26=0xf506f533
      10805.000 ns	      1079	8000043c	a0558753	fle.s	x14,f11,f5	 f11:0x61eb7583  f5:0x80000000 x14=0x00000000
      10835.000 ns	      1082	80000440	029d13b3	mulh	x7,x26,x9	 x26:0xf506f533  x9:0x00000050  x7=0xfffffffc
      10855.000 ns	      1084	80000444	416edab3	sra	x21,x29,x22	 x29:0x00000001 x22:0x0000000d x21=0x00000000
      10885.000 ns	      1087	80000448	100f7a53	fmul.s	f20,f30,f0	 f30:0x4f7ffffe  f0:0x8012e7ef f20=0x8f173f77
      11255.000 ns	      1124	8000044c	0237efb3	rem	x31,x15,x3	 x15:0xc6b2978b  x3:0x00000068 x31=0xffffffa3
      11275.000 ns	      1126	80000450	8ede2493	slti	x9,x28,-1811	 x28:0xf506f533  x9=0x00000001
      11315.000 ns	      1130	80000454	08b448d3	fsub.s	f17,f8,f11	  f8:0x1f4fc104 f11:0x61eb7583 f17=0xe1eb7583
      11345.000 ns	      1133	80000458	02c99d33	mulh	x26,x19,x12	 x19:0x00000000 x12:0x07db8000 x26=0x00000000
      11375.000 ns	      1136	8000045c	a129a9d3	feq.s	x19,f19,f18	 f19:0x80000000 f18:0x7fc00000 x19=0x00000000
      11395.000 ns	      1138	80000460	0155a733	slt	x14,x11,x21	 x11:0x00000001 x21:0x00000000 x14=0x00000000
      11425.000 ns	      1141	80000464	58093953	fsqrt.s	f18,f18	 f18:0x7fc00000 f18=0x7fc00000
      11795.000 ns	      1178	80000468	02ccfdb3	remu	x27,x25,x12	 x25:0x80040fe4 x12:0x07db8000 x27=0x024c0fe4
      11825.000 ns	      1181	8000046c	d01d73d3	fcvt.s.wu	f7,x26	 x26:0x00000000  f7=0x00000000
      11855.000 ns	      1184	80000470	f0078e53	fmv.w.x	f28,x15	 x15:0xc6b2978b f28=0xc6b2978b
      11875.000 ns	      1186	80000474	006d4eb3	xor	x29,x26,x6	 x26:0x00000000  x6:0x80041024 x29=0x80041024
      11885.000 ns	      1187	80000478	b39b66b7	lui	x13,0xb39b6	 x13=0xb39b6000
      11905.000 ns	      1189	8000047c	03e61233	mulh	x4,x12,x30	 x12:0x07db8000 x30:0x0000000b  x4=0x00000000
      11925.000 ns	      1191	80000480	db1d4413	xori	x8,x26,-591	 x26:0x00000000  x8=0xfffffdb1
      11935.000 ns	      1192	80000484	01cc1113	slli	x2,x24,0x1c	 x24:0x00000008  x2=0x80000000
      11945.000 ns	      1193	80000488	0020bc33	sltu	x24,x1,x2	  x1:0x00000000  x2:0x857c8566 x24=0x00000001
      11965.000 ns	      1195	8000048c	c01c3fd3	fcvt.wu.s	x31,f24	 f24:0x80000000 x31=0x00000000
      11985.000 ns	      1197	80000490	5776f713	andi	x14,x13,1399	 x13:0xb39b6000 x14=0x00000000
      12005.000 ns	      1199	80000494	f00883d3	fmv.w.x	f7,x17	 x17:0x99da3eaa  f7=0x99da3eaa
      12035.000 ns	      1202	80000498	0339c933	div	x18,x19,x19	 x19:0x00000000 x19:0x00000000 x18=0xffffffff
      12065.000 ns	      1205	8000049c	d01a24d3	fcvt.s.wu	f9,x20	 x20:0xffffffff  f9=0x4f800000
      12095.000 ns	      1208	800004a0	037f3d33	mulhu	x26,x30,x23	 x30:0x0000000b x23:0xfffffe13 x26=0x0000000a
      12125.000 ns	      1211	800004a4	21321cd3	fsgnjn.s	f25,f4,f19	  f4:0x41b2c6bb f19:0x80000000 f25=0x41b2c6bb
      12145.000 ns	      1213	800004a8	01449bb3	sll	x23,x9,x20	  x9:0x00000001 x20:0xffffffff x23=0x80000000
      12155.000 ns	      1214	800004ac	00bb33b3	sltu	x7,x22,x11	 x22:0x0000000d x11:0x00000001  x7=0x00000000
      12165.000 ns	      1215	800004b0	fa097193	andi	x3,x18,-96	 x18:0xffffffff  x3=0xffffffa0
      12175.000 ns	      1216	800004b4	41c75c33	sra	x24,x14,x28	 x14:0x00000000 x28:0xf506f533 x24=0x00000000
      12535.000 ns	      1252	800004b8	02527033	remu	x0,x4,x5	  x4:0x00000000  x5:0x00000008
      12565.000 ns	      1255	800004bc	2069a9d3	fsgnjx.s	f19,f19,f6	 f19:0x80000000  f6:0x7fc00000 f19=0x80000000
      12595.000 ns	      1258	800004c0	a06115d3	flt.s	x11,f2,f6	  f2:0xff800000  f6:0x7fc00000 x11=0x00000000
      12625.000 ns	      1261	800004c4	c0063253	fcvt.w.s	x4,f12	 f12:0x7f800000  x4=0x7fffffff
      12665.000 ns	      1265	800004c8	1048f5d3	fmul.s	f11,f17,f4	 f17:0xe1eb7583  f4:0x41b2c6bb f11=0xe4246e7e
      13035.000 ns	      1302	800004cc	03e27fb3	remu	x31,x4,x30	  x4:0x7fffffff x30:0x0000000b x31=0x00000001
      13065.000 ns	      1305	800004d0	206d8fd3	fsgnj.s	f31,f27,f6	 f27:0x0012e7ef  f6:0x7fc00000 f31=0x0012e7ef
      13085.000 ns	      1307	800004d4	41cc5013	srai	x0,x24,0x1c	 x24:0x00000000
      13095.000 ns	      1308	800004d8	e852c113	xori	x2,x5,-379	  x5:0x00000008  x2=0xfffffe8d
      13455.000 ns	      1344	800004dc	03fd42b3	div	x5,x26,x31	 x26:0x0000000a x31:0x00000001  x5=0x0000000a
      13475.000 ns	      1346	800004e0	016364b3	or	x9,x6,x22	  x6:0x80041024 x22:0x0000000d  x9=0x8004102d
      13485.000 ns	      1347	800004e4	51910013	addi	x0,x2,1305	  x2:0xfffffe8d
      13495.000 ns	      1348	800004e8	418f5593	srai	x11,x30,0x18	 x30:0x0000000b x11=0x00000000
      13515.000 ns	      1350	800004ec	c008f053	fcvt.w.s	x0,f17	 f17:0xe1eb7583
      13545.000 ns	      1353	800004f0	e00f8c53	fmv.x.w	x24,f31	 f31:0x0012e7ef x24=0x0012e7ef
      13565.000 ns	      1355	800004f4	41a95f93	srai	x31,x18,0x1a	 x18:0xffffffff x31=0xffffffff
      13575.000 ns	      1356	800004f8	01ae8c33	add	x24,x29,x26	 x29:0x80041024 x26:0x0000000a x24=0x8004102e
      13595.000 ns	      1358	800004fc	02b71ab3	mulh	x21,x14,x11	 x14:0x00000000 x11:0x00000000 x21=0x00000000
      13625.000 ns	      1361	80000500	035b2a33	mulhsu	x20,x22,x21	 x22:0x0000000d x21:0x00000000 x20=0x00000000
      13645.000 ns	      1363	80000504	0198c833	xor	x16,x17,x25	 x17:0x99da3eaa x25:0x80040fe4 x16=0x19de314e
      13655.000 ns	      1364	80000508	40bdd1b3	sra	x3,x27,x11	 x27:0x024c0fe4 x11:0x00000000  x3=0x024c0fe4
      14015.000 ns	      1400	8000050c	0266f6b3	remu	x13,x13,x6	 x13:0xb39b6000  x6:0x80041024 x13=0x33974fdc
      14045.000 ns	      1403	80000510	299d88d3	fmin.s	f17,f27,f25	 f27:0x0012e7ef f25:0x41b2c6bb f17=0x0012e7ef
      14075.000 ns	      1406	80000514	c017bc53	fcvt.wu.s	x24,f15	 f15:0x4f7fffff x24=0xffffff00
      14095.000 ns	      1408	80000518	0015d033	srl	x0,x11,x1	 x11:0x00000000  x1:0x00000000
      14115.000 ns	      1410	8000051c	e00803d3	fmv.x.w	x7,f16	 f16:0x41b2c6bb  x7=0x41b2c6bb
      14145.000 ns	      1413	80000520	a1d012d3	flt.s	x5,f0,f29	  f0:0x8012e7ef f29:0x41b2c6bb  x5=0x00000001
      14165.000 ns	      1415	80000524	019fd7b3	srl	x15,x31,x25	 x31:0xffffffff x25:0x80040fe4 x15=0x0fffffff
      14525.000 ns	      1451	80000528	03e87633	remu	x12,x16,x30	 x16:0x19de314e x30:0x0000000b x12=0x00000005
      14555.000 ns	      1454	8000052c	a1bc2dd3	feq.s	x27,f24,f27	 f24:0x80000000 f27:0x0012e7ef x27=0x00000000
      14575.000 ns	      1456	80000530	016266b3	or	x13,x4,x22	  x4:0x7fffffff x22:0x0000000d x13=0x7fffffff
      14585.000 ns	      1457	80000534	0044efb3	or	x31,x9,x4	  x9:0x8004102d  x4:0x7fffffff x31=0xffffffff
      14595.000 ns	      1458	80000538	00510fb3	add	x31,x2,x5	  x2:0xfffffe8d  x5:0x00000001 x31=0xfffffe8e
      14605.000 ns	      1459	8000053c	01ebdf93	srli	x31,x23,0x1e	 x23:0x80000000 x31=0x00000002
      14615.000 ns	      1460	80000540	23cf3597	auipc	x11,0x23cf3	 x11=0xa3cf3540
      14635.000 ns	      1462	80000544	a0fc8453	fle.s	x8,f25,f15	 f25:0x41b2c6bb f15:0x4f7fffff  x8=0x00000001
      14665.000 ns	      1465	80000548	c00571d3	fcvt.w.s	x3,f10	 f10:0x7f800000  x3=0x7fffffff
      14695.000 ns	      1468	8000054c	c011f653	fcvt.wu.s	x12,f3	  f3:0x7f7fffff x12=0xffffffff
      14715.000 ns	      1470	80000550	00fbe7b3	or	x15,x23,x15	 x23:0x80000000 x15:0x0fffffff x15=0x8fffffff
      14725.000 ns	      1471	80000554	98f02613	slti	x12,x0,-1649	  x0:0x00000000 x12=0x00000000
      14745.000 ns	      1473	80000558	29269ad3	fmax.s	f21,f13,f18	 f13:0x80000000 f18:0x7fc00000 f21=0x80000000
      15115.000 ns	      1510	8000055c	02754b33	div	x22,x10,x7	 x10:0x00000000  x7:0x41b2c6bb x22=0x00000000
      15145.000 ns	      1513	80000560	d0082c53	fcvt.s.w	f24,x16	 x16:0x19de314e f24=0x4dcef18b
      15165.000 ns	      1515	80000564	4aa9fe93	andi	x29,x19,1194	 x19:0x00000000 x29=0x00000000
      15175.000 ns	      1516	80000568	01044833	xor	x16,x8,x16	  x8:0x00000001 x16:0x19de314e x16=0x19de314f
      15195.000 ns	      1518	8000056c	d01e7553	fcvt.s.wu	f10,x28	 x28:0xf506f533 f10=0x4f7506f5
      15215.000 ns	      1520	80000570	33eef713	andi	x14,x29,830	 x29:0x00000000 x14=0x00000000
      15225.000 ns	      1521	80000574	00000013	addi	x0,x0,0	  x0:0x00000000
      15245.000 ns	      1523	80000578	02a04d33	div	x26,x0,x10	  x0:0x00000000 x10:0x00000000 x26=0xffffffff
      15275.000 ns	      1526	8000057c	29671e53	fmax.s	f28,f14,f22	 f14:0x43f9b241 f22:0x00000000 f28=0x43f9b241
      15295.000 ns	      1528	80000580	cf614513	xori	x10,x2,-778	  x2:0xfffffe8d x10=0x0000027b
      15315.000 ns	      1530	80000584	e00a8253	fmv.x.w	x4,f21	 f21:0x80000000  x4=0x80000000
      15355.000 ns	      1534	80000588	107e4753	fmul.s	f14,f28,f7	 f28:0x43f9b241  f7:0x99da3eaa f14=0x9e54deea
      15385.000 ns	      1537	8000058c	03af1b33	mulh	x22,x30,x26	 x30:0x0000000b x26:0xffffffff x22=0xffffffff
      15415.000 ns	      1540	80000590	c0194653	fcvt.wu.s	x12,f18	 f18:0x7fc00000 x12=0xffffffff
      15445.000 ns	      1543	80000594	e00d89d3	fmv.x.w	x19,f27	 f27:0x0012e7ef x19=0x0012e7ef
      15495.000 ns	      1548	80000598	01857553	fadd.s	f10,f10,f24	 f10:0x4f7506f5 f24:0x4dcef18b f10=0x4f877293
      15515.000 ns	      1550	8000059c	01c1f233	and	x4,x3,x28	  x3:0x7fffffff x28:0xf506f533  x4=0x7506f533
      15535.000 ns	      1552	800005a0	a059a153	feq.s	x2,f19,f5	 f19:0x80000000  f5:0x80000000  x2=0x00000001
      16715.000 ns	      1670	800005a4	580cf653	fsqrt.s	f12,f25	 f25:0x41b2c6bb f12=0x409745ac
      16735.000 ns	      1672	800005a8	e2544137	lui	x2,0xe2544	  x2=0xe2544000
      16755.000 ns	      1674	800005ac	0201d133	divu	x2,x3,x0	  x3:0x7fffffff  x0:0x00000000  x2=0xffffffff
      16775.000 ns	      1676	800005b0	01c986b3	add	x13,x19,x28	 x19:0x0012e7ef x28:0xf506f533 x13=0xf519dd22
      16795.000 ns	      1678	800005b4	03178533	mul	x10,x15,x17	 x15:0x8fffffff x17:0x99da3eaa x10=0x0625c156
      16835.000 ns	      1682	800005b8	58017053	fsqrt.s	f0,f2	  f2:0xff800000  f0=0x7fc00000
      17205.000 ns	      1719	800005bc	02d6e533	rem	x10,x13,x13	 x13:0xf519dd22 x13:0xf519dd22 x10=0x00000000
      17225.000 ns	      1721	800005c0	7b381eb7	lui	x29,0x7b381	 x29=0x7b381000
      17235.000 ns	      1722	800005c4	40670933	sub	x18,x14,x6	 x14:0x00000000  x6:0x80041024 x18=0x7ffbefdc
      17595.000 ns	      1758	800005c8	0324e4b3	rem	x9,x9,x18	  x9:0x8004102d x18:0xffffffff  x9=0x8004102d
      17625.000 ns	      1761	800005cc	c009ff53	fcvt.w.s	x30,f19	 f19:0x80000000 x30=0x00000000
      17675.000 ns	      1766	800005d0	0153f0d3	fadd.s	f1,f7,f21	  f7:0x99da3eaa f21:0x80000000  f1=0x99da3eaa
      17695.000 ns	      1768	800005d4	01dad1b3	srl	x3,x21,x29	 x21:0x00000000 x29:0x7b381000  x3=0x00000000
      17705.000 ns	      1769	800005d8	010efb13	andi	x22,x29,16	 x29:0x7b381000 x22=0x00000000
      17725.000 ns	      1771	800005dc	02eb99b3	mulh	x19,x23,x14	 x23:0x80000000 x14:0x00000000 x19=0x00000000
      17745.000 ns	      1773	800005e0	d8848217	auipc	x4,0xd8848	  x4=0x588485e0
      17765.000 ns	      1775	800005e4	038d2db3	mulhsu	x27,x26,x24	 x26:0xffffffff x24:0xffffff00 x27=0xffffffff
      17785.000 ns	      1777	800005e8	0026b733	sltu	x14,x13,x2	 x13:0xf519dd22  x2:0xffffffff x14=0x00000001
      18115.000 ns	      1810	800005ec	18b3bcd3	fdiv.s	f25,f7,f11	  f7:0x99da3eaa f11:0xe4246e7e f25=0x74da3eaa
      18135.000 ns	      1812	800005f0	41215813	srai	x16,x2,0x12	  x2:0xffffffff x16=0xffffffff
      18155.000 ns	      1814	800005f4	204b0853	fsgnj.s	f16,f22,f4	 f22:0x00000000  f4:0x41b2c6bb f16=0x00000000
      18185.000 ns	      1817	800005f8	c0137bd3	fcvt.wu.s	x23,f6	  f6:0x7fc00000 x23=0xffffffff
      18215.000 ns	      1820	800005fc	20e7abd3	fsgnjx.s	f23,f15,f14	 f15:0x4f7fffff f14:0x9e54deea f23=0xcf7fffff
      18235.000 ns	      1822	80000600	419309b3	sub	x19,x6,x25	  x6:0x80041024 x25:0x80040fe4 x19=0x00000040
      18245.000 ns	      1823	80000604	00e0f633	and	x12,x1,x14	  x1:0x00000000 x14:0x00000001 x12=0x00000000
      18255.000 ns	      1824	80000608	00f567b3	or	x15,x10,x15	 x10:0x00000000 x15:0x8fffffff x15=0x8fffffff
      18265.000 ns	      1825	8000060c	003b3b33	sltu	x22,x22,x3	 x22:0x00000000  x3:0x00000000 x22=0x00000000
      18275.000 ns	      1826	80000610	9c083b93	sltiu	x23,x16,-1600	 x16:0xffffffff x23=0x00000000
      18285.000 ns	      1827	80000614	399d12b7	lui	x5,0x399d1	  x5=0x399d1000
      18305.000 ns	      1829	80000618	d007f253	fcvt.s.w	f4,x15	 x15:0x8fffffff  f4=0xcee00000
      18325.000 ns	      1831	8000061c	63f954b7	lui	x9,0x63f95	  x9=0x63f95000
      18365.000 ns	      1835	80000620	08b53b53	fsub.s	f22,f10,f11	 f10:0x4f877293 f11:0xe4246e7e f22=0x64246e7f
      18405.000 ns	      1839	80000624	11c9fed3	fmul.s	f29,f19,f28	 f19:0x80000000 f28:0x43f9b241 f29=0x80000000
      18435.000 ns	      1842	80000628	c015f4d3	fcvt.wu.s	x9,f11	 f11:0xe4246e7e  x9=0x00000000
      18455.000 ns	      1844	8000062c	0088dfb3	srl	x31,x17,x8	 x17:0x99da3eaa  x8:0x00000001 x31=0x4ced1f55
      18465.000 ns	      1845	80000630	019d9b33	sll	x22,x27,x25	 x27:0xffffffff x25:0x80040fe4 x22=0xfffffff0
      18485.000 ns	      1847	80000634	f0060453	fmv.w.x	f8,x12	 x12:0x00000000  f8=0x00000000
      18505.000 ns	      1849	80000638	67387413	andi	x8,x16,1651	 x16:0xffffffff  x8=0x00000673
      18515.000 ns	      1850	8000063c	0166c9b3	xor	x19,x13,x22	 x13:0xf519dd22 x22:0xfffffff0 x19=0x0ae622d2
      18525.000 ns	      1851	80000640	ce468893	addi	x17,x13,-796	 x13:0xf519dd22 x17=0xf519da06
      18545.000 ns	      1853	80000644	03ab80b3	mul	x1,x23,x26	 x23:0x00000000 x26:0xffffffff  x1=0x00000000
      19725.000 ns	      1971	80000648	580d7cd3	fsqrt.s	f25,f26	 f26:0x7f7fffff f25=0x5f350461
      20065.000 ns	      2005	8000064c	19c772d3	fdiv.s	f5,f14,f28	 f14:0x9e54deea f28:0x43f9b241  f5=0x9a0a9b3c
      20435.000 ns	      2042	80000650	02dcd0b3	divu	x1,x25,x13	 x25:0x80040fe4 x13:0xf519dd22  x1=0x00000000
      20465.000 ns	      2045	80000654	a1302553	feq.s	x10,f0,f19	  f0:0x7fc00000 f19:0x80000000 x10=0x00000000
      20485.000 ns	      2047	80000658	40885b13	srai	x22,x16,0x8	 x16:0xffffffff x22=0xffffffff
      20495.000 ns	      2048	8000065c	019727b3	slt	x15,x14,x25	 x14:0x00000001 x25:0x80040fe4 x15=0x00000000
      20505.000 ns	      2049	80000660	00000013	addi	x0,x0,0	  x0:0x00000000
      20515.000 ns	      2050	80000664	01ff09b3	add	x19,x30,x31	 x30:0x00000000 x31:0x4ced1f55 x19=0x4ced1f55
      20535.000 ns	      2052	80000668	02ca88b3	mul	x17,x21,x12	 x21:0x00000000 x12:0x00000000 x17=0x00000000
      20555.000 ns	      2054	8000066c	b1e33693	sltiu	x13,x6,-1250	  x6:0x80041024 x13=0x00000001
      20575.000 ns	      2056	80000670	e0078153	fmv.x.w	x2,f15	 f15:0x4f7fffff  x2=0x4f7fffff
      20595.000 ns	      2058	80000674	ecb7a793	slti	x15,x15,-309	 x15:0x00000000 x15=0x00000000
      20605.000 ns	      2059	80000678	1bed4793	xori	x15,x26,446	 x26:0xffffffff x15=0xfffffe41
      20615.000 ns	      2060	8000067c	5551f897	auipc	x17,0x5551f	 x17=0xd551f67c
      20635.000 ns	      2062	80000680	02e93233	mulhu	x4,x18,x14	 x18:0x7ffbefdc x14:0x00000001  x4=0x00000000
      20655.000 ns	      2064	80000684	010c3ab3	sltu	x21,x24,x16	 x24:0xffffff00 x16:0xffffffff x21=0x00000001
      20665.000 ns	      2065	80000688	0007aa33	slt	x20,x15,x0	 x15:0xfffffe41  x0:0x00000000 x20=0x00000001
      20675.000 ns	      2066	8000068c	0171f0b3	and	x1,x3,x23	  x3:0x00000000 x23:0x00000000  x1=0x00000000
      21035.000 ns	      2102	80000690	0222ffb3	remu	x31,x5,x2	  x5:0x399d1000  x2:0x4f7fffff x31=0x399d1000
      21055.000 ns	      2104	80000694	5e730d13	addi	x26,x6,1511	  x6:0x80041024 x26=0x8004160b
      21075.000 ns	      2106	80000698	210cadd3	fsgnjx.s	f27,f25,f16	 f25:0x5f350461 f16:0x00000000 f27=0x5f350461
      21105.000 ns	      2109	8000069c	a10e9253	flt.s	x4,f29,f16	 f29:0x80000000 f16:0x00000000  x4=0x00000000
      21125.000 ns	      2111	800006a0	37b33793	sltiu	x15,x6,891	  x6:0x80041024 x15=0x00000000
      21135.000 ns	      2112	800006a4	413382b3	sub	x5,x7,x19	  x7:0x41b2c6bb x19:0x4ced1f55  x5=0xf4c5a766
      21145.000 ns	      2113	800006a8	00744f33	xor	x30,x8,x7	  x8:0x00000673  x7:0x41b2c6bb x30=0x41b2c0c8
      21155.000 ns	      2114	800006ac	40558233	sub	x4,x11,x5	 x11:0xa3cf3540  x5:0x399d1000  x4=0xaf098dda
      21175.000 ns	      2116	800006b0	02fba4b3	mulhsu	x9,x23,x15	 x23:0x00000000 x15:0x00000000  x9=0x00000000
      21545.000 ns	      2153	800006b4	03c9c4b3	div	x9,x19,x28	 x19:0x4ced1f55 x28:0xf506f533  x9=0xfffffff9
      21575.000 ns	      2156	800006b8	f00b81d3	fmv.w.x	f3,x23	 x23:0x00000000  f3=0x00000000
      21595.000 ns	      2158	800006bc	40cb5233	sra	x4,x22,x12	 x22:0xffffffff x12:0x00000000  x4=0xffffffff
      21605.000 ns	      2159	800006c0	0170feb3	and	x29,x1,x23	  x1:0x00000000 x23:0x00000000 x29=0x00000000
      21625.000 ns	      2161	800006c4	d0067ad3	fcvt.s.w	f21,x12	 x12:0x00000000 f21=0x00000000
      21645.000 ns	      2163	800006c8	b5be3513	sltiu	x10,x28,-1189	 x28:0xf506f533 x10=0x00000001
      21665.000 ns	      2165	800006cc	21241853	fsgnjn.s	f16,f8,f18	  f8:0x00000000 f18:0x7fc00000 f16=0x80000000
      21695.000 ns	      2168	800006d0	215107d3	fsgnj.s	f15,f2,f21	  f2:0xff800000 f21:0x00000000 f15=0x7f800000
      21725.000 ns	      2171	800006d4	02919533	mulh	x10,x3,x9	  x3:0x00000000  x9:0xfffffff9 x10=0x00000000
      21755.000 ns	      2174	800006d8	28f284d3	fmin.s	f9,f5,f15	  f5:0x9a0a9b3c f15:0x7f800000  f9=0x9a0a9b3c
      21775.000 ns	      2176	800006dc	de913913	sltiu	x18,x2,-535	  x2:0x4f7fffff x18=0x00000001
      21785.000 ns	      2177	800006e0	d7d3c193	xori	x3,x7,-643	  x7:0x41b2c6bb  x3=0xbe4d3bc6
      21795.000 ns	      2178	800006e4	e7e11b17	auipc	x22,0xe7e11	 x22=0x67e116e4
      21815.000 ns	      2180	800006e8	03ce15b3	mulh	x11,x28,x28	 x28:0xf506f533 x28:0xf506f533 x11=0x0078671e
      21845.000 ns	      2183	800006ec	02d0b033	mulhu	x0,x1,x13	  x1:0x00000000 x13:0x00000001
      22215.000 ns	      2220	800006f0	028edbb3	divu	x23,x29,x8	 x29:0x00000000  x8:0x00000673 x23=0x00000000
      22235.000 ns	      2222	800006f4	77c51897	auipc	x17,0x77c51	 x17=0xf7c516f4
      22245.000 ns	      2223	800006f8	0127a2b3	slt	x5,x15,x18	 x15:0x00000000 x18:0x00000001  x5=0x00000001
      22255.000 ns	      2224	800006fc	000c9e93	slli	x29,x25,0x0	 x25:0x80040fe4 x29=0x80040fe4
      22285.000 ns	      2227	80000700	1198a053	fmul.s	f0,f17,f25	 f17:0x0012e7ef f25:0x5f350461  f0=0x1ed5e4ec
      22305.000 ns	      2229	80000704	b8844213	xori	x4,x8,-1144	  x8:0x00000673  x4=0xfffffdfb
      22315.000 ns	      2230	80000708	6cb7c893	xori	x17,x15,1739	 x15:0x00000000 x17=0x000006cb
      22325.000 ns	      2231	8000070c	016b5933	srl	x18,x22,x22	 x22:0x67e116e4 x22:0x67e116e4 x18=0x067e116e
      22345.000 ns	      2233	80000710	0341ab33	mulhsu	x22,x3,x20	  x3:0xbe4d3bc6 x20:0x00000001 x22=0xffffffff
      22715.000 ns	      2270	80000714	02877533	remu	x10,x14,x8	 x14:0x00000001  x8:0x00000673 x10=0x00000001
      22755.000 ns	      2274	80000718	112d4ed3	fmul.s	f29,f26,f18	 f26:0x7f7fffff f18:0x7fc00000 f29=0x7fc00000
      22785.000 ns	      2277	8000071c	299a8cd3	fmin.s	f25,f21,f25	 f21:0x00000000 f25:0x5f350461 f25=0x00000000
      22815.000 ns	      2280	80000720	a0ec1bd3	flt.s	x23,f24,f14	 f24:0x4dcef18b f14:0x9e54deea x23=0x00000000
      22845.000 ns	      2283	80000724	d01ef153	fcvt.s.wu	f2,x29	 x29:0x80040fe4  f2=0x4f00040f
      22875.000 ns	      2286	80000728	a18f28d3	feq.s	x17,f30,f24	 f30:0x4f7ffffe f24:0x4dcef18b x17=0x00000000
      22895.000 ns	      2288	8000072c	01feb4b3	sltu	x9,x29,x31	 x29:0x80040fe4 x31:0x399d1000  x9=0x00000000
      22915.000 ns	      2290	80000730	204b01d3	fsgnj.s	f3,f22,f4	 f22:0x64246e7f  f4:0xcee00000  f3=0xe4246e7f
      22935.000 ns	      2292	80000734	f3025037	lui	x0,0xf3025	
      22955.000 ns	      2294	80000738	c01cfd53	fcvt.wu.s	x26,f25	 f25:0x00000000 x26=0x00000000
      22995.000 ns	      2298	8000073c	18a7fcd3	fdiv.s	f25,f15,f10	 f15:0x7f800000 f10:0x4f877293 f25=0x7f800000
      23365.000 ns	      2335	80000740	02256bb3	rem	x23,x10,x2	 x10:0x00000001  x2:0x4f7fffff x23=0x00000001
      23385.000 ns	      2337	80000744	014267b3	or	x15,x4,x20	  x4:0xfffffdfb x20:0x00000001 x15=0xfffffdfb
      23395.000 ns	      2338	80000748	1f41ce93	xori	x29,x3,500	  x3:0xbe4d3bc6 x29=0xbe4d3a32
      23405.000 ns	      2339	8000074c	004dfeb3	and	x29,x27,x4	 x27:0xffffffff  x4:0xfffffdfb x29=0xfffffdfb
      23425.000 ns	      2341	80000750	d0030353	fcvt.s.w	f6,x6	  x6:0x80041024  f6=0xcefff7df
      23455.000 ns	      2344	80000754	f00b8153	fmv.w.x	f2,x23	 x23:0x00000001  f2=0x00000001
      23485.000 ns	      2347	80000758	03ec3fb3	mulhu	x31,x24,x30	 x24:0xffffff00 x30:0x41b2c0c8 x31=0x41b2c086
      23505.000 ns	      2349	8000075c	00c6a133	slt	x2,x13,x12	 x13:0x00000001 x12:0x00000000  x2=0x00000000
      23515.000 ns	      2350	80000760	8d1b78b7	lui	x17,0x8d1b7	 x17=0x8d1b7000
      23535.000 ns	      2352	80000764	c01623d3	fcvt.wu.s	x7,f12	 f12:0x409745ac  x7=0x00000005
      23585.000 ns	      2357	80000768	091c2653	fsub.s	f12,f24,f17	 f24:0x4dcef18b f17:0x0012e7ef f12=0x4dcef18b
      23615.000 ns	      2360	8000076c	c00d7a53	fcvt.w.s	x20,f26	 f26:0x7f7fffff x20=0x7fffffff
      23635.000 ns	      2362	80000770	00000013	addi	x0,x0,0	  x0:0x00000000
      23655.000 ns	      2364	80000774	d0147a53	fcvt.s.wu	f20,x8	  x8:0x00000673 f20=0x44ce6000
      23685.000 ns	      2367	80000778	03f68233	mul	x4,x13,x31	 x13:0x00000001 x31:0x41b2c086  x4=0x41b2c086
      23705.000 ns	      2369	8000077c	40635193	srai	x3,x6,0x6	  x6:0x80041024  x3=0xfe001040
      23715.000 ns	      2370	80000780	018421b3	slt	x3,x8,x24	  x8:0x00000673 x24:0xffffff00  x3=0x00000000
      23745.000 ns	      2373	80000784	106591d3	fmul.s	f3,f11,f6	 f11:0xe4246e7e  f6:0xcefff7df  f3=0x73a46945
      23775.000 ns	      2376	80000788	a11206d3	fle.s	x13,f4,f17	  f4:0xcee00000 f17:0x0012e7ef x13=0x00000001
      23795.000 ns	      2378	8000078c	c5d2a013	slti	x0,x5,-931	  x5:0x00000001
      24155.000 ns	      2414	80000790	03c6c733	div	x14,x13,x28	 x13:0x00000001 x28:0xf506f533 x14=0x00000000
      24185.000 ns	      2417	80000794	207fa0d3	fsgnjx.s	f1,f31,f7	 f31:0x0012e7ef  f7:0x99da3eaa  f1=0x8012e7ef
      24215.000 ns	      2420	80000798	e00e9bd3	fclass.s	x23,f29	 f29:0x7fc00000 x23=0x00000200
      24265.000 ns	      2425	8000079c	00f7f6d3	fadd.s	f13,f15,f15	 f15:0x7f800000 f15:0x7f800000 f13=0x00000000
      24295.000 ns	      2428	800007a0	a03a1ad3	flt.s	x21,f20,f3	 f20:0x44ce6000  f3:0x73a46945 x21=0x00000001
      24315.000 ns	      2430	800007a4	7a65e417	auipc	x8,0x7a65e	  x8=0xfa65e7a4
      24335.000 ns	      2432	800007a8	a0d48153	fle.s	x2,f9,f13	  f9:0x9a0a9b3c f13:0x00000000  x2=0x00000001
      24355.000 ns	      2434	800007ac	005385b3	add	x11,x7,x5	  x7:0x00000005  x5:0x00000001 x11=0x00000006
      24365.000 ns	      2435	800007b0	00755793	srli	x15,x10,0x7	 x10:0x00000001 x15=0x00000000
      24695.000 ns	      2468	800007b4	19c770d3	fdiv.s	f1,f14,f28	 f14:0x9e54deea f28:0x43f9b241  f1=0x9a0a9b3c
      24725.000 ns	      2471	800007b8	20c497d3	fsgnjn.s	f15,f9,f12	  f9:0x9a0a9b3c f12:0x4dcef18b f15=0x9a0a9b3c
      24755.000 ns	      2474	800007bc	e0030653	fmv.x.w	x12,f6	  f6:0xcefff7df x12=0xcefff7df
      24785.000 ns	      2477	800007c0	03d0b0b3	mulhu	x1,x1,x29	  x1:0x00000000 x29:0xfffffdfb  x1=0x00000000
      24815.000 ns	      2480	800007c4	28d20dd3	fmin.s	f27,f4,f13	  f4:0xcee00000 f13:0x00000000 f27=0xcee00000
      24845.000 ns	      2483	800007c8	03623533	mulhu	x10,x4,x22	  x4:0x41b2c086 x22:0xffffffff x10=0x41b2c085
      25215.000 ns	      2520	800007cc	02bcdeb3	divu	x29,x25,x11	 x25:0x80040fe4 x11:0x00000006 x29=0x155602a6
      25265.000 ns	      2525	800007d0	0102f8d3	fadd.s	f17,f5,f16	  f5:0x9a0a9b3c f16:0x80000000 f17=0x9a0a9b3c
      25285.000 ns	      2527	800007d4	0bebc793	xori	x15,x23,190	 x23:0x00000200 x15=0x000002be
      25305.000 ns	      2529	800007d8	03ecb033	mulhu	x0,x25,x30	 x25:0x80040fe4 x30:0x41b2c0c8
      25335.000 ns	      2532	800007dc	203fa4d3	fsgnjx.s	f9,f31,f3	 f31:0x0012e7ef  f3:0x73a46945  f9=0x0012e7ef
      25355.000 ns	      2534	800007e0	003e3633	sltu	x12,x28,x3	 x28:0xf506f533  x3:0x00000000 x12=0x00000000
      25385.000 ns	      2537	800007e4	18d077d3	fdiv.s	f15,f0,f13	  f0:0x1ed5e4ec f13:0x00000000 f15=0x7f800000
      25425.000 ns	      2541	800007e8	10aa1853	fmul.s	f16,f20,f10	 f20:0x44ce6000 f10:0x4f877293 f16=0x54da61fa
      25465.000 ns	      2545	800007ec	195c7253	fdiv.s	f4,f24,f21	 f24:0x4dcef18b f21:0x00000000  f4=0x7f800000
      25485.000 ns	      2547	800007f0	00000013	addi	x0,x0,0	  x0:0x00000000
      25505.000 ns	      2549	800007f4	e0019153	fclass.s	x2,f3	  f3:0x73a46945  x2=0x00000040
      25535.000 ns	      2552	800007f8	a06ea553	feq.s	x10,f29,f6	 f29:0x7fc00000  f6:0xcefff7df x10=0x00000000
      25565.000 ns	      2555	800007fc	f0010dd3	fmv.w.x	f27,x2	  x2:0x00000040 f27=0x00000040
      25595.000 ns	      2558	80000800	28e01d53	fmax.s	f26,f0,f14	  f0:0x1ed5e4ec f14:0x9e54deea f26=0x1ed5e4ec
      25625.000 ns	      2561	80000804	20d608d3	fsgnj.s	f17,f12,f13	 f12:0x4dcef18b f13:0x00000000 f17=0x4dcef18b
      25645.000 ns	      2563	80000808	000cb5b3	sltu	x11,x25,x0	 x25:0x80040fe4  x0:0x00000000 x11=0x00000000
      25655.000 ns	      2564	8000080c	01dd5133	srl	x2,x26,x29	 x26:0x00000000 x29:0x155602a6  x2=0x00000000
      25665.000 ns	      2565	80000810	e15dc013	xori	x0,x27,-491	 x27:0xffffffff
      25685.000 ns	      2567	80000814	c0171b53	fcvt.wu.s	x22,f14	 f14:0x9e54deea x22=0x00000000
      25705.000 ns	      2569	80000818	005091b3	sll	x3,x1,x5	  x1:0x00000000  x5:0x00000001  x3=0x00000000
      25725.000 ns	      2571	8000081c	e0071ad3	fclass.s	x21,f14	 f14:0x9e54deea x21=0x00000002
      25755.000 ns	      2574	80000820	03fbbab3	mulhu	x21,x23,x31	 x23:0x00000200 x31:0x41b2c086 x21=0x00000083
      25795.000 ns	      2578	80000824	580981d3	fsqrt.s	f3,f19	 f19:0x80000000  f3=0x80000000
      25825.000 ns	      2581	80000828	0297e533	rem	x10,x15,x9	 x15:0x000002be  x9:0x00000000 x10=0x000002be
      25845.000 ns	      2583	8000082c	02d57393	andi	x7,x10,45	 x10:0x00000000  x7=0x0000002c
      25855.000 ns	      2584	80000830	007e74b3	and	x9,x28,x7	 x28:0xf506f533  x7:0x00000005  x9=0x00000020
      25895.000 ns	      2588	80000834	00903ad3	fadd.s	f21,f0,f9	  f0:0x1ed5e4ec  f9:0x0012e7ef f21=0x1ed5e4ec
      26265.000 ns	      2625	80000838	02f5c833	div	x16,x11,x15	 x11:0x00000000 x15:0x000002be x16=0x00000000
      26285.000 ns	      2627	8000083c	cd491617	auipc	x12,0xcd491	 x12=0x4d49183c
      26295.000 ns	      2628	80000840	792ac593	xori	x11,x21,1938	 x21:0x00000083 x11=0x00000711
      26315.000 ns	      2630	80000844	d0082453	fcvt.s.w	f8,x16	 x16:0x00000000  f8=0x00000000
      26345.000 ns	      2633	80000848	a08aa253	feq.s	x4,f21,f8	 f21:0x1ed5e4ec  f8:0x00000000  x4=0x00000000
      26365.000 ns	      2635	8000084c	01265393	srli	x7,x12,0x12	 x12:0x4d49183c  x7=0x00001352
      26375.000 ns	      2636	80000850	01008ab3	add	x21,x1,x16	  x1:0x00000000 x16:0x00000000 x21=0x00000000
      26395.000 ns	      2638	80000854	d0117d53	fcvt.s.wu	f26,x2	  x2:0x00000000 f26=0x00000000
      26425.000 ns	      2641	80000858	a11c90d3	flt.s	x1,f25,f17	 f25:0x7f800000 f17:0x4dcef18b  x1=0x00000000
      26445.000 ns	      2643	8000085c	00f2f933	and	x18,x5,x15	  x5:0x00000001 x15:0x000002be x18=0x00000000
      26485.000 ns	      2647	80000860	086f1453	fsub.s	f8,f30,f6	 f30:0x4f7ffffe  f6:0xcefff7df  f8=0x4fbffdf6
      26515.000 ns	      2650	80000864	0219d133	divu	x2,x19,x1	 x19:0x4ced1f55  x1:0x00000000  x2=0xffffffff
      26555.000 ns	      2654	80000868	5802f853	fsqrt.s	f16,f5	  f5:0x9a0a9b3c f16=0x7fc00000
      26585.000 ns	      2657	8000086c	c0137d53	fcvt.wu.s	x26,f6	  f6:0xcefff7df x26=0x7ffbef80
      26955.000 ns	      2694	80000870	026543b3	div	x7,x10,x6	 x10:0x000002be  x6:0x80041024  x7=0x00000000
      26975.000 ns	      2696	80000874	00a02633	slt	x12,x0,x10	  x0:0x00000000 x10:0x000002be x12=0x00000001
      26985.000 ns	      2697	80000878	0105adb3	slt	x27,x11,x16	 x11:0x00000711 x16:0x00000000 x27=0x00000000
      27005.000 ns	      2699	8000087c	027fe833	rem	x16,x31,x7	 x31:0x41b2c086  x7:0x00000000 x16=0x41b2c086
      27025.000 ns	      2701	80000880	8564c417	auipc	x8,0x8564c	  x8=0x0564c880
      27035.000 ns	      2702	80000884	0053e833	or	x16,x7,x5	  x7:0x00000000  x5:0x00000001 x16=0x00000001
      27055.000 ns	      2704	80000888	2177a453	fsgnjx.s	f8,f15,f23	 f15:0x7f800000 f23:0xcf7fffff  f8=0xff800000
      27075.000 ns	      2706	8000088c	01c7e833	or	x16,x15,x28	 x15:0x000002be x28:0xf506f533 x16=0xf506f7bf
      27085.000 ns	      2707	80000890	4a524b97	auipc	x23,0x4a524	 x23=0xca524890
      27095.000 ns	      2708	80000894	0094e6b3	or	x13,x9,x9	  x9:0x00000020  x9:0x00000020 x13=0x00000020
      27105.000 ns	      2709	80000898	e5face93	xori	x29,x21,-417	 x21:0x00000000 x29=0xfffffe5f
      27115.000 ns	      2710	8000089c	00000013	addi	x0,x0,0	  x0:0x00000000
      27125.000 ns	      2711	800008a0	01ab12b3	sll	x5,x22,x26	 x22:0x00000000 x26:0x7ffbef80  x5=0x00000000
      27165.000 ns	      2715	800008a4	00dcb1d3	fadd.s	f3,f25,f13	 f25:0x7f800000 f13:0x00000000  f3=0x7f800000
      27195.000 ns	      2718	800008a8	e0070b53	fmv.x.w	x22,f14	 f14:0x9e54deea x22=0x9e54deea
      27225.000 ns	      2721	800008ac	0219e2b3	rem	x5,x19,x1	 x19:0x4ced1f55  x1:0x00000000  x5=0x4ced1f55
      27265.000 ns	      2725	800008b0	10917053	fmul.s	f0,f2,f9	  f2:0x00000001  f9:0x0012e7ef  f0=0x00000000
      27295.000 ns	      2728	800008b4	20fd2bd3	fsgnjx.s	f23,f26,f15	 f26:0x00000000 f15:0x7f800000 f23=0x00000000
      27335.000 ns	      2732	800008b8	10920e53	fmul.s	f28,f4,f9	  f4:0x7f800000  f9:0x0012e7ef f28=0x7f800000
      27365.000 ns	      2735	800008bc	206ca253	fsgnjx.s	f4,f25,f6	 f25:0x7f800000  f6:0xcefff7df  f4=0xff800000
      27385.000 ns	      2737	800008c0	01ee9113	slli	x2,x29,0x1e	 x29:0xfffffe5f  x2=0xc0000000
      27395.000 ns	      2738	800008c4	01fb1b93	slli	x23,x22,0x1f	 x22:0x9e54deea x23=0x00000000
      27755.000 ns	      2774	800008c8	025bfc33	remu	x24,x23,x5	 x23:0xca524890  x5:0x4ced1f55 x24=0x00000000
      27775.000 ns	      2776	800008cc	c80cf597	auipc	x11,0xc80cf	 x11=0x480cf8cc
      27795.000 ns	      2778	800008d0	c01dfd53	fcvt.wu.s	x26,f27	 f27:0x00000040 x26=0x00000000
      27815.000 ns	      2780	800008d4	00000013	addi	x0,x0,0	  x0:0x00000000
      27845.000 ns	      2783	800008d8	11757c53	fmul.s	f24,f10,f23	 f10:0x4f877293 f23:0x00000000 f24=0x00000000
      27865.000 ns	      2785	800008dc	d5503f93	sltiu	x31,x0,-683	  x0:0x00000000 x31=0x00000001
      27875.000 ns	      2786	800008e0	00fc77b3	and	x15,x24,x15	 x24:0x00000000 x15:0x000002be x15=0x00000000
      27895.000 ns	      2788	800008e4	031ab9b3	mulhu	x19,x21,x17	 x21:0x00000000 x17:0x8d1b7000 x19=0x00000000
      27925.000 ns	      2791	800008e8	03ca2eb3	mulhsu	x29,x20,x28	 x20:0x7fffffff x28:0xf506f533 x29=0x7a837a98
      27955.000 ns	      2794	800008ec	0358d533	divu	x10,x17,x21	 x17:0x8d1b7000 x21:0x00000000 x10=0xffffffff
      27975.000 ns	      2796	800008f0	017ec9b3	xor	x19,x29,x23	 x29:0x7a837a98 x23:0x00000000 x19=0x7a837a98
      27985.000 ns	      2797	800008f4	009b6233	or	x4,x22,x9	 x22:0x9e54deea  x9:0x00000020  x4=0x9e54deea
      27995.000 ns	      2798	800008f8	d4186913	ori	x18,x16,-703	 x16:0xf506f7bf x18=0xffffffff
      28015.000 ns	      2800	800008fc	217d9353	fsgnjn.s	f6,f27,f23	 f27:0x00000040 f23:0x00000000  f6=0x80000040
      28045.000 ns	      2803	80000900	c0164ad3	fcvt.wu.s	x21,f12	 f12:0x4dcef18b x21=0x19de3160
      28065.000 ns	      2805	80000904	01372233	slt	x4,x14,x19	 x14:0x00000000 x19:0x7a837a98  x4=0x00000001
      28085.000 ns	      2807	80000908	c013cd53	fcvt.wu.s	x26,f7	  f7:0x99da3eaa x26=0x00000000
      28135.000 ns	      2812	8000090c	00397dd3	fadd.s	f27,f18,f3	 f18:0x7fc00000  f3:0x7f800000 f27=0x7fc00000
      28505.000 ns	      2849	80000910	03104033	div	x0,x0,x17	  x0:0x00000000 x17:0x8d1b7000
      28535.000 ns	      2852	80000914	022238b3	mulhu	x17,x4,x2	  x4:0x00000001  x2:0xc0000000 x17=0x00000000
      28565.000 ns	      2855	80000918	a11d1ed3	flt.s	x29,f26,f17	 f26:0x00000000 f17:0x4dcef18b x29=0x00000001
      28605.000 ns	      2859	8000091c	580df553	fsqrt.s	f10,f27	 f27:0x7fc00000 f10=0x7fc00000
      28635.000 ns	      2862	80000920	03a975b3	remu	x11,x18,x26	 x18:0xffffffff x26:0x00000000 x11=0xffffffff
      28665.000 ns	      2865	80000924	a1452ed3	feq.s	x29,f10,f20	 f10:0x7fc00000 f20:0x44ce6000 x29=0x00000000
      28715.000 ns	      2870	80000928	01c5a453	fadd.s	f8,f11,f28	 f11:0xe4246e7e f28:0x7f800000  f8=0x7f800000
      28735.000 ns	      2872	8000092c	001a5693	srli	x13,x20,0x1	 x20:0x7fffffff x13=0x3fffffff
      28745.000 ns	      2873	80000930	7b062693	slti	x13,x12,1968	 x12:0x00000001 x13=0x00000001
      28755.000 ns	      2874	80000934	e02cb197	auipc	x3,0xe02cb	  x3=0x602cb934
      28765.000 ns	      2875	80000938	01f84c33	xor	x24,x16,x31	 x16:0xf506f7bf x31:0x00000001 x24=0xf506f7be
      28775.000 ns	      2876	8000093c	40eb56b3	sra	x13,x22,x14	 x22:0x9e54deea x14:0x00000000 x13=0x9e54deea
      28795.000 ns	      2878	80000940	025db833	mulhu	x16,x27,x5	 x27:0x00000000  x5:0x4ced1f55 x16=0x00000000
      28815.000 ns	      2880	80000944	00652533	slt	x10,x10,x6	 x10:0xffffffff  x6:0x80041024 x10=0x00000000
      28825.000 ns	      2881	80000948	ccdce237	lui	x4,0xccdce	  x4=0xccdce000
      29185.000 ns	      2917	8000094c	03f2c833	div	x16,x5,x31	  x5:0x4ced1f55 x31:0x00000001 x16=0x4ced1f55
      29205.000 ns	      2919	80000950	41f8d433	sra	x8,x17,x31	 x17:0x00000000 x31:0x00000001  x8=0x00000000
      29225.000 ns	      2921	80000954	f0020753	fmv.w.x	f14,x4	  x4:0xccdce000 f14=0xccdce000
      29255.000 ns	      2924	80000958	037d9b33	mulh	x22,x27,x23	 x27:0x00000000 x23:0x00000000 x22=0x00000000
      29285.000 ns	      2927	8000095c	d007b153	fcvt.s.w	f2,x15	 x15:0x00000000  f2=0x00000000
      29315.000 ns	      2930	80000960	29f40d53	fmin.s	f26,f8,f31	  f8:0x7f800000 f31:0x0012e7ef f26=0x0012e7ef
      29345.000 ns	      2933	80000964	029f3233	mulhu	x4,x30,x9	 x30:0x41b2c0c8  x9:0x00000020  x4=0x00000008
      29365.000 ns	      2935	80000968	010c82b3	add	x5,x25,x16	 x25:0x80040fe4 x16:0x4ced1f55  x5=0xccf12f39
      29385.000 ns	      2937	8000096c	a09097d3	flt.s	x15,f1,f9	  f1:0x9a0a9b3c  f9:0x0012e7ef x15=0x00000001
      29405.000 ns	      2939	80000970	4022d133	sra	x2,x5,x2	  x5:0x4ced1f55  x2:0xc0000000  x2=0xccf12f39
      29425.000 ns	      2941	80000974	02073633	mulhu	x12,x14,x0	 x14:0x00000000  x0:0x00000000 x12=0x00000000
      29455.000 ns	      2944	80000978	02a4b933	mulhu	x18,x9,x10	  x9:0x00000020 x10:0x00000000 x18=0x00000000
      29475.000 ns	      2946	8000097c	f17d5397	auipc	x7,0xf17d5	  x7=0x717d597c
      29485.000 ns	      2947	80000980	0136d413	srli	x8,x13,0x13	 x13:0x9e54deea  x8=0x000013ca
      29495.000 ns	      2948	80000984	71a6b493	sltiu	x9,x13,1818	 x13:0x9e54deea  x9=0x00000000
      29515.000 ns	      2950	80000988	d0037f53	fcvt.s.w	f30,x6	  x6:0x80041024 f30=0xcefff7df
      29545.000 ns	      2953	8000098c	03d261b3	rem	x3,x4,x29	  x4:0x00000008 x29:0x00000000  x3=0x00000008
      29575.000 ns	      2956	80000990	20f30c53	fsgnj.s	f24,f6,f15	  f6:0x80000040 f15:0x7f800000 f24=0x00000040
      29605.000 ns	      2959	80000994	28b903d3	fmin.s	f7,f18,f11	 f18:0x7fc00000 f11:0xe4246e7e  f7=0xe4246e7e
      29635.000 ns	      2962	80000998	d01cfa53	fcvt.s.wu	f20,x25	 x25:0x80040fe4 f20=0x4f00040f
      29655.000 ns	      2964	8000099c	01c29293	slli	x5,x5,0x1c	  x5:0xccf12f39  x5=0x90000000
      29665.000 ns	      2965	800009a0	0042d6b3	srl	x13,x5,x4	  x5:0xccf12f39  x4:0x00000008 x13=0x00900000
      29675.000 ns	      2966	800009a4	b7a9a637	lui	x12,0xb7a9a	 x12=0xb7a9a000
      29695.000 ns	      2968	800009a8	d013f253	fcvt.s.wu	f4,x7	  x7:0x717d597c  f4=0x4ee2fab2
      29725.000 ns	      2971	800009ac	c0153653	fcvt.wu.s	x12,f10	 f10:0x7fc00000 x12=0xffffffff
      29755.000 ns	      2974	800009b0	02508ab3	mul	x21,x1,x5	  x1:0x00000000  x5:0x90000000 x21=0x00000000
      29775.000 ns	      2976	800009b4	40925fb3	sra	x31,x4,x9	  x4:0x00000008  x9:0x00000000 x31=0x00000008
      29795.000 ns	      2978	800009b8	03d69db3	mulh	x27,x13,x29	 x13:0x00900000 x29:0x00000000 x27=0x00000000
      29825.000 ns	      2981	800009bc	21539253	fsgnjn.s	f4,f7,f21	  f7:0xe4246e7e f21:0x1ed5e4ec  f4=0xe4246e7e
      29855.000 ns	      2984	800009c0	2103a4d3	fsgnjx.s	f9,f7,f16	  f7:0xe4246e7e f16:0x7fc00000  f9=0xe4246e7e
      29875.000 ns	      2986	800009c4	001ce433	or	x8,x25,x1	 x25:0x80040fe4  x1:0x00000000  x8=0x80040fe4
      29885.000 ns	      2987	800009c8	303af713	andi	x14,x21,771	 x21:0x00000000 x14=0x00000000
      29915.000 ns	      2990	800009cc	5800f653	fsqrt.s	f12,f1	  f1:0x9a0a9b3c f12=0x7fc00000
      29945.000 ns	      2993	800009d0	f0030b53	fmv.w.x	f22,x6	  x6:0x80041024 f22=0x80041024
      29965.000 ns	      2995	800009d4	000c5d13	srli	x26,x24,0x0	 x24:0xf506f7be x26=0xf506f7be
      29985.000 ns	      2997	800009d8	215e03d3	fsgnj.s	f7,f28,f21	 f28:0x7f800000 f21:0x1ed5e4ec  f7=0x7f800000
      30015.000 ns	      3000	800009dc	28129bd3	fmax.s	f23,f5,f1	  f5:0x9a0a9b3c  f1:0x9a0a9b3c f23=0x9a0a9b3c
      30385.000 ns	      3037	800009e0	024ee3b3	rem	x7,x29,x4	 x29:0x00000000  x4:0x00000008  x7=0x00000000
      30405.000 ns	      3039	800009e4	d4708f93	addi	x31,x1,-697	  x1:0x00000000 x31=0xfffffd47
      30415.000 ns	      3040	800009e8	e4594813	xori	x16,x18,-443	 x18:0x00000000 x16=0xfffffe45
      30425.000 ns	      3041	800009ec	0190eab3	or	x21,x1,x25	  x1:0x00000000 x25:0x80040fe4 x21=0x80040fe4
      30435.000 ns	      3042	800009f0	2f322493	slti	x9,x4,755	  x4:0x00000008  x9=0x00000001
      30455.000 ns	      3044	800009f4	f00a8ad3	fmv.w.x	f21,x21	 x21:0x00000000 f21=0x80040fe4
      30505.000 ns	      3049	800009f8	09e17653	fsub.s	f12,f2,f30	  f2:0x00000000 f30:0xcefff7df f12=0x4efff7df
      30525.000 ns	      3051	800009fc	41f487b3	sub	x15,x9,x31	  x9:0x00000001 x31:0xfffffd47 x15=0x000002ba
      30545.000 ns	      3053	80000a00	d01f2ad3	fcvt.s.wu	f21,x30	 x30:0x41b2c0c8 f21=0x4e836582
      30565.000 ns	      3055	80000a04	6864ca93	xori	x21,x9,1670	  x9:0x00000001 x21=0x00000687
      30585.000 ns	      3057	80000a08	025537b3	mulhu	x15,x10,x5	 x10:0x00000000  x5:0x90000000 x15=0x00000000
      30605.000 ns	      3059	80000a0c	c86a1bb7	lui	x23,0xc86a1	 x23=0xc86a1000
      30625.000 ns	      3061	80000a10	a02ca853	feq.s	x16,f25,f2	 f25:0x7f800000  f2:0x00000000 x16=0x00000000
      30655.000 ns	      3064	80000a14	029c32b3	mulhu	x5,x24,x9	 x24:0xf506f7be  x9:0x00000001  x5=0x00000000
      30675.000 ns	      3066	80000a18	002da533	slt	x10,x27,x2	 x27:0x00000000  x2:0xccf12f39 x10=0x00000000
      30685.000 ns	      3067	80000a1c	00325733	srl	x14,x4,x3	  x4:0x00000008  x3:0x00000008 x14=0x00000000
      31855.000 ns	      3184	80000a20	58067653	fsqrt.s	f12,f12	 f12:0x4efff7df f12=0x473501cb
      31875.000 ns	      3186	80000a24	58d0a893	slti	x17,x1,1421	  x1:0x00000000 x17=0x00000001
      31895.000 ns	      3188	80000a28	e0058753	fmv.x.w	x14,f11	 f11:0xe4246e7e x14=0xe4246e7e
      31925.000 ns	      3191	80000a2c	03d98b33	mul	x22,x19,x29	 x19:0x7a837a98 x29:0x00000000 x22=0x00000000
      31945.000 ns	      3193	80000a30	40c3d793	srai	x15,x7,0xc	  x7:0x00000000 x15=0x00000000
      31965.000 ns	      3195	80000a34	0332b033	mulhu	x0,x5,x19	  x5:0x00000000 x19:0x7a837a98
      31995.000 ns	      3198	80000a38	025f1b33	mulh	x22,x30,x5	 x30:0x41b2c0c8  x5:0x00000000 x22=0x00000000
      32035.000 ns	      3202	80000a3c	18239a53	fdiv.s	f20,f7,f2	  f7:0x7f800000  f2:0x00000000 f20=0x7f800000
      32055.000 ns	      3204	80000a40	4044d893	srai	x17,x9,0x4	  x9:0x00000001 x17=0x00000000
      32065.000 ns	      3205	80000a44	007b9813	slli	x16,x23,0x7	 x23:0xc86a1000 x16=0x35080000
      32085.000 ns	      3207	80000a48	294417d3	fmax.s	f15,f8,f20	  f8:0x7f800000 f20:0x7f800000 f15=0x7f800000
      32115.000 ns	      3210	80000a4c	c003a753	fcvt.w.s	x14,f7	  f7:0x7f800000 x14=0x7fffffff
      32485.000 ns	      3247	80000a50	03876833	rem	x16,x14,x24	 x14:0xe4246e7e x24:0xf506f7be x16=0x074ca529
      32505.000 ns	      3249	80000a54	0127d213	srli	x4,x15,0x12	 x15:0x00000000  x4=0x00000000
      32835.000 ns	      3282	80000a58	19148f53	fdiv.s	f30,f9,f17	  f9:0xe4246e7e f17:0x4dcef18b f30=0xd5a46e7e
      32865.000 ns	      3285	80000a5c	29ca1853	fmax.s	f16,f20,f28	 f20:0x7f800000 f28:0x7f800000 f16=0x7f800000
      32895.000 ns	      3288	80000a60	c00c35d3	fcvt.w.s	x11,f24	 f24:0x00000040 x11=0x00000000
      32925.000 ns	      3291	80000a64	e00914d3	fclass.s	x9,f18	 f18:0x7fc00000  x9=0x00000200
      32955.000 ns	      3294	80000a68	c0127bd3	fcvt.wu.s	x23,f4	  f4:0xe4246e7e x23=0x00000000
      32985.000 ns	      3297	80000a6c	20e48253	fsgnj.s	f4,f9,f14	  f9:0xe4246e7e f14:0xccdce000  f4=0xe4246e7e
      33015.000 ns	      3300	80000a70	21bb8753	fsgnj.s	f14,f23,f27	 f23:0x9a0a9b3c f27:0x7fc00000 f14=0x1a0a9b3c
      33035.000 ns	      3302	80000a74	404e5d33	sra	x26,x28,x4	 x28:0xf506f533  x4:0x00000000 x26=0xf506f533
      33045.000 ns	      3303	80000a78	4d626f93	ori	x31,x4,1238	  x4:0x00000000 x31=0x000004d6
      33405.000 ns	      3339	80000a7c	03eb5033	divu	x0,x22,x30	 x22:0x00000000 x30:0x41b2c0c8
      33445.000 ns	      3343	80000a80	180321d3	fdiv.s	f3,f6,f0	  f6:0x80000040  f0:0x00000000  f3=0xff800000
      33475.000 ns	      3346	80000a84	03bb9a33	mulh	x20,x23,x27	 x23:0x00000000 x27:0x00000000 x20=0x00000000
      33495.000 ns	      3348	80000a88	c0587ab7	lui	x21,0xc0587	 x21=0xc0587000
      33525.000 ns	      3351	80000a8c	19610753	fdiv.s	f14,f2,f22	  f2:0x00000000 f22:0x80041024 f14=0x80000000
      33555.000 ns	      3354	80000a90	a0df1053	flt.s	x0,f30,f13	 f30:0xd5a46e7e f13:0x00000000
      33595.000 ns	      3358	80000a94	580e7d53	fsqrt.s	f26,f28	 f28:0x7f800000 f26=0x7f800000
      33615.000 ns	      3360	80000a98	41c68833	sub	x16,x13,x28	 x13:0x00900000 x28:0xf506f533 x16=0x0b890acd
      33635.000 ns	      3362	80000a9c	f0078453	fmv.w.x	f8,x15	 x15:0x00000000  f8=0x00000000
      33665.000 ns	      3365	80000aa0	297809d3	fmin.s	f19,f16,f23	 f16:0x7f800000 f23:0x9a0a9b3c f19=0x9a0a9b3c
      33685.000 ns	      3367	80000aa4	00000013	addi	x0,x0,0	  x0:0x00000000
      33695.000 ns	      3368	80000aa8	a0b42937	lui	x18,0xa0b42	 x18=0xa0b42000
      33705.000 ns	      3369	80000aac	59a44d97	auipc	x27,0x59a44	 x27=0xd9a44aac
      33725.000 ns	      3371	80000ab0	02baf033	remu	x0,x21,x11	 x21:0xc0587000 x11:0x00000000
      33745.000 ns	      3373	80000ab4	54d73d17	auipc	x26,0x54d73	 x26=0xd4d73ab4
      33765.000 ns	      3375	80000ab8	296a9753	fmax.s	f14,f21,f22	 f21:0x4e836582 f22:0x80041024 f14=0x4e836582
      33785.000 ns	      3377	80000abc	85cb4717	auipc	x14,0x85cb4	 x14=0x05cb4abc
      33795.000 ns	      3378	80000ac0	002e9013	slli	x0,x29,0x2	 x29:0x00000000
      33805.000 ns	      3379	80000ac4	57178513	addi	x10,x15,1393	 x15:0x00000000 x10=0x00000571
      33815.000 ns	      3380	80000ac8	0142c6b3	xor	x13,x5,x20	  x5:0x00000000 x20:0x00000000 x13=0x00000000
      33825.000 ns	      3381	80000acc	91d40513	addi	x10,x8,-1763	  x8:0x80040fe4 x10=0x80040901
      33845.000 ns	      3383	80000ad0	e0018d53	fmv.x.w	x26,f3	  f3:0xff800000 x26=0xff800000
      33875.000 ns	      3386	80000ad4	a0472b53	feq.s	x22,f14,f4	 f14:0x4e836582  f4:0xe4246e7e x22=0x00000000
      33895.000 ns	      3388	80000ad8	41140f33	sub	x30,x8,x17	  x8:0x80040fe4 x17:0x00000000 x30=0x80040fe4
      33925.000 ns	      3391	80000adc	1832f7d3	fdiv.s	f15,f5,f3	  f5:0x9a0a9b3c  f3:0xff800000 f15=0x00000000
      33945.000 ns	      3393	80000ae0	b6e37d13	andi	x26,x6,-1170	  x6:0x80041024 x26=0x80041024
      33965.000 ns	      3395	80000ae4	d01ecf53	fcvt.s.wu	f30,x29	 x29:0x00000000 f30=0x00000000
      33995.000 ns	      3398	80000ae8	02567133	remu	x2,x12,x5	 x12:0xffffffff  x5:0x00000000  x2=0xffffffff
      34025.000 ns	      3401	80000aec	202aac53	fsgnjx.s	f24,f21,f2	 f21:0x4e836582  f2:0x00000000 f24=0x4e836582
      34045.000 ns	      3403	80000af0	2fd0c813	xori	x16,x1,765	  x1:0x00000000 x16=0x000002fd
      34055.000 ns	      3404	80000af4	010028b3	slt	x17,x0,x16	  x0:0x00000000 x16:0x0b890acd x17=0x00000001
      34095.000 ns	      3408	80000af8	08647f53	fsub.s	f30,f8,f6	  f8:0x00000000  f6:0x80000040 f30=0x00000040
      34125.000 ns	      3411	80000afc	02d894b3	mulh	x9,x17,x13	 x17:0x00000000 x13:0x00000000  x9=0x00000000
      34165.000 ns	      3415	80000b00	58097453	fsqrt.s	f8,f18	 f18:0x7fc00000  f8=0x7fc00000
      34195.000 ns	      3418	80000b04	020febb3	rem	x23,x31,x0	 x31:0x000004d6  x0:0x00000000 x23=0x000004d6
      34225.000 ns	      3421	80000b08	21390e53	fsgnj.s	f28,f18,f19	 f18:0x7fc00000 f19:0x9a0a9b3c f28=0xffc00000
      34245.000 ns	      3423	80000b0c	7bb38db7	lui	x27,0x7bb38	 x27=0x7bb38000
      34265.000 ns	      3425	80000b10	e00e9853	fclass.s	x16,f29	 f29:0x7fc00000 x16=0x00000200
      34295.000 ns	      3428	80000b14	03dcfd33	remu	x26,x25,x29	 x25:0x80040fe4 x29:0x00000000 x26=0x80040fe4
      34665.000 ns	      3465	80000b18	03aeceb3	div	x29,x29,x26	 x29:0x00000000 x26:0x80041024 x29=0x00000000
      34685.000 ns	      3467	80000b1c	4089d433	sra	x8,x19,x8	 x19:0x7a837a98  x8:0x80040fe4  x8=0x07a837a9
      34705.000 ns	      3469	80000b20	024ae7b3	rem	x15,x21,x4	 x21:0xc0587000  x4:0x00000000 x15=0xc0587000
      34725.000 ns	      3471	80000b24	01a50eb3	add	x29,x10,x26	 x10:0x80040901 x26:0x80040fe4 x29=0x000818e5
      34735.000 ns	      3472	80000b28	00ac9b13	slli	x22,x25,0xa	 x25:0x80040fe4 x22=0x103f9000
      34755.000 ns	      3474	80000b2c	03250ab3	mul	x21,x10,x18	 x10:0x80040901 x18:0xa0b42000 x21=0x75d42000
      34775.000 ns	      3476	80000b30	395d2293	slti	x5,x26,917	 x26:0x80040fe4  x5=0x00000001
      34805.000 ns	      3479	80000b34	105b72d3	fmul.s	f5,f22,f5	 f22:0x80041024  f5:0x9a0a9b3c  f5=0x00000000
      34825.000 ns	      3481	80000b38	01646a33	or	x20,x8,x22	  x8:0x07a837a9 x22:0x103f9000 x20=0x17bfb7a9
      34835.000 ns	      3482	80000b3c	01a4d633	srl	x12,x9,x26	  x9:0x00000000 x26:0x80040fe4 x12=0x00000000
      34845.000 ns	      3483	80000b40	0097ef33	or	x30,x15,x9	 x15:0xc0587000  x9:0x00000000 x30=0xc0587000
      34865.000 ns	      3485	80000b44	e00c1853	fclass.s	x16,f24	 f24:0x4e836582 x16=0x00000040
      36045.000 ns	      3603	80000b48	580c76d3	fsqrt.s	f13,f24	 f24:0x4e836582 f13=0x4701afbb
      36075.000 ns	      3606	80000b4c	02740b33	mul	x22,x8,x7	  x8:0x07a837a9  x7:0x00000000 x22=0x00000000
      36095.000 ns	      3608	80000b50	e86bf293	andi	x5,x23,-378	 x23:0x000004d6  x5=0x00000486
      36115.000 ns	      3610	80000b54	03a73533	mulhu	x10,x14,x26	 x14:0x05cb4abc x26:0x80040fe4 x10=0x02e5bce7
      36135.000 ns	      3612	80000b58	01ffdf93	srli	x31,x31,0x1f	 x31:0x000004d6 x31=0x00000000
      36145.000 ns	      3613	80000b5c	013ddfb3	srl	x31,x27,x19	 x27:0x7bb38000 x19:0x7a837a98 x31=0x0000007b
      36155.000 ns	      3614	80000b60	209cf617	auipc	x12,0x209cf	 x12=0xa09cfb60
      36165.000 ns	      3615	80000b64	41170033	sub	x0,x14,x17	 x14:0x05cb4abc x17:0x00000001
      36185.000 ns	      3617	80000b68	d01482d3	fcvt.s.wu	f5,x9	  x9:0x00000000  f5=0x00000000
      36215.000 ns	      3620	80000b6c	29d79453	fmax.s	f8,f15,f29	 f15:0x00000000 f29:0x7fc00000  f8=0x00000000
      36245.000 ns	      3623	80000b70	03979833	mulh	x16,x15,x25	 x15:0xc0587000 x25:0x80040fe4 x16=0x1fd2c56e
      36275.000 ns	      3626	80000b74	a1c40553	fle.s	x10,f8,f28	  f8:0x00000000 f28:0xffc00000 x10=0x00000000
      36295.000 ns	      3628	80000b78	00e3ff33	and	x30,x7,x14	  x7:0x00000000 x14:0x05cb4abc x30=0x00000000
      36315.000 ns	      3630	80000b7c	c015f053	fcvt.wu.s	x0,f11	 f11:0xe4246e7e
      36355.000 ns	      3634	80000b80	182bf6d3	fdiv.s	f13,f23,f2	 f23:0x9a0a9b3c  f2:0x00000000 f13=0xff800000
      36385.000 ns	      3637	80000b84	c0154a53	fcvt.wu.s	x20,f10	 f10:0x7fc00000 x20=0xffffffff
      36415.000 ns	      3640	80000b88	c01ccc53	fcvt.wu.s	x24,f25	 f25:0x7f800000 x24=0xffffffff
      36435.000 ns	      3642	80000b8c	01562f33	slt	x30,x12,x21	 x12:0xa09cfb60 x21:0x75d42000 x30=0x00000001
      36445.000 ns	      3643	80000b90	000ce133	or	x2,x25,x0	 x25:0x80040fe4  x0:0x00000000  x2=0x80040fe4
      36455.000 ns	      3644	80000b94	40e1d6b3	sra	x13,x3,x14	  x3:0x00000008 x14:0x05cb4abc x13=0x00000000
      36465.000 ns	      3645	80000b98	010e23b3	slt	x7,x28,x16	 x28:0xf506f533 x16:0x1fd2c56e  x7=0x00000001
      36475.000 ns	      3646	80000b9c	00f05193	srli	x3,x0,0xf	  x0:0x00000000  x3=0x00000000
      36485.000 ns	      3647	80000ba0	3045a293	slti	x5,x11,772	 x11:0x00000000  x5=0x00000001
      36495.000 ns	      3648	80000ba4	40995bb3	sra	x23,x18,x9	 x18:0xa0b42000  x9:0x00000000 x23=0xa0b42000
      36515.000 ns	      3650	80000ba8	c00426d3	fcvt.w.s	x13,f8	  f8:0x00000000 x13=0x00000000
      36545.000 ns	      3653	80000bac	21c30c53	fsgnj.s	f24,f6,f28	  f6:0x80000040 f28:0xffc00000 f24=0x80000040
      36915.000 ns	      3690	80000bb0	03a9f3b3	remu	x7,x19,x26	 x19:0x7a837a98 x26:0x80040fe4  x7=0x7a837a98
      36935.000 ns	      3692	80000bb4	417b8917	auipc	x18,0x417b8	 x18=0xc17b8bb4
      36945.000 ns	      3693	80000bb8	41dd5533	sra	x10,x26,x29	 x26:0x80040fe4 x29:0x000818e5 x10=0xfc00207f
      36975.000 ns	      3696	80000bbc	580e41d3	fsqrt.s	f3,f28	 f28:0xffc00000  f3=0x7fc00000
      37005.000 ns	      3699	80000bc0	a1b62153	feq.s	x2,f12,f27	 f12:0x473501cb f27:0x7fc00000  x2=0x00000000
      37025.000 ns	      3701	80000bc4	39e0f893	andi	x17,x1,926	  x1:0x00000000 x17=0x00000000
      37045.000 ns	      3703	80000bc8	038d95b3	mulh	x11,x27,x24	 x27:0x7bb38000 x24:0xffffffff x11=0xffffffff
      37075.000 ns	      3706	80000bcc	21c01453	fsgnjn.s	f8,f0,f28	  f0:0x00000000 f28:0xffc00000  f8=0x00000000
      37115.000 ns	      3710	80000bd0	580107d3	fsqrt.s	f15,f2	  f2:0x00000000 f15=0x00000000
      37145.000 ns	      3713	80000bd4	a01085d3	fle.s	x11,f1,f1	  f1:0x9a0a9b3c  f1:0x9a0a9b3c x11=0x00000001
      37165.000 ns	      3715	80000bd8	d9dd4993	xori	x19,x26,-611	 x26:0x80040fe4 x19=0x7ffbf279
      37185.000 ns	      3717	80000bdc	c01d7f53	fcvt.wu.s	x30,f26	 f26:0x7f800000 x30=0xffffffff
      37225.000 ns	      3721	80000be0	18612f53	fdiv.s	f30,f2,f6	  f2:0x00000000  f6:0x80000040 f30=0x80000000
      37245.000 ns	      3723	80000be4	00891233	sll	x4,x18,x8	 x18:0xc17b8bb4  x8:0x07a837a9  x4=0xf7176800
      37575.000 ns	      3756	80000be8	18198bd3	fdiv.s	f23,f19,f1	 f19:0x9a0a9b3c  f1:0x9a0a9b3c f23=0x3f43adfc
      37595.000 ns	      3758	80000bec	00000013	addi	x0,x0,0	  x0:0x00000000
      37615.000 ns	      3760	80000bf0	c00c9ad3	fcvt.w.s	x21,f25	 f25:0x7f800000 x21=0x7fffffff
      37635.000 ns	      3762	80000bf4	5b8f8193	addi	x3,x31,1464	 x31:0x0000007b  x3=0x00000633
      37645.000 ns	      3763	80000bf8	006192b3	sll	x5,x3,x6	  x3:0x00000000  x6:0x80041024  x5=0x00006330
      37665.000 ns	      3765	80000bfc	d010f753	fcvt.s.wu	f14,x1	  x1:0x00000000 f14=0x00000000
      37695.000 ns	      3768	80000c00	a1158b53	fle.s	x22,f11,f17	 f11:0xe4246e7e f17:0x4dcef18b x22=0x00000001
      37715.000 ns	      3770	80000c04	41fc85b3	sub	x11,x25,x31	 x25:0x80040fe4 x31:0x0000007b x11=0x80040f69
      38075.000 ns	      3806	80000c08	0323fbb3	remu	x23,x7,x18	  x7:0x7a837a98 x18:0xc17b8bb4 x23=0x7a837a98
      38095.000 ns	      3808	80000c0c	403e03b3	sub	x7,x28,x3	 x28:0xf506f533  x3:0x00000633  x7=0xf506ef00
      38105.000 ns	      3809	80000c10	00091ab3	sll	x21,x18,x0	 x18:0xc17b8bb4  x0:0x00000000 x21=0xc17b8bb4
      38125.000 ns	      3811	80000c14	d01d7ed3	fcvt.s.wu	f29,x26	 x26:0x80040fe4 f29=0x4f00040f
      38145.000 ns	      3813	80000c18	d8de4413	xori	x8,x28,-627	 x28:0xf506f533  x8=0x0af908be
      38155.000 ns	      3814	80000c1c	e9cd6b17	auipc	x22,0xe9cd6	 x22=0x69cd6c1c
      38175.000 ns	      3816	80000c20	027ebf33	mulhu	x30,x29,x7	 x29:0x000818e5  x7:0xf506ef00 x30=0x0007c00b
      38215.000 ns	      3820	80000c24	5802f053	fsqrt.s	f0,f5	  f5:0x00000000  f0=0x00000000
      38245.000 ns	      3823	80000c28	0357a1b3	mulhsu	x3,x15,x21	 x15:0xc0587000 x21:0xc17b8bb4  x3=0xcfe3f431
      38275.000 ns	      3826	80000c2c	21961dd3	fsgnjn.s	f27,f12,f25	 f12:0x473501cb f25:0x7f800000 f27=0xc73501cb
      38295.000 ns	      3828	80000c30	20378293	addi	x5,x15,515	 x15:0xc0587000  x5=0xc0587203
      38305.000 ns	      3829	80000c34	00ddb733	sltu	x14,x27,x13	 x27:0x7bb38000 x13:0x00000000 x14=0x00000000
      38325.000 ns	      3831	80000c38	d01e7253	fcvt.s.wu	f4,x28	 x28:0xf506f533  f4=0x4f7506f5
      38345.000 ns	      3833	80000c3c	01d59bb3	sll	x23,x11,x29	 x11:0x80040f69 x29:0x000818e5 x23=0x0081ed20
      38365.000 ns	      3835	80000c40	c0194d53	fcvt.wu.s	x26,f18	 f18:0x7fc00000 x26=0xffffffff
      38395.000 ns	      3838	80000c44	c01178d3	fcvt.wu.s	x17,f2	  f2:0x00000000 x17=0x00000000
      38415.000 ns	      3840	80000c48	c64b8013	addi	x0,x23,-924	 x23:0x0081ed20
      38425.000 ns	      3841	80000c4c	008209b3	add	x19,x4,x8	  x4:0xf7176800  x8:0x0af908be x19=0x021070be
      38445.000 ns	      3843	80000c50	d0037353	fcvt.s.w	f6,x6	  x6:0x80041024  f6=0xcefff7df
      38475.000 ns	      3846	80000c54	a12b99d3	flt.s	x19,f23,f18	 f23:0x3f43adfc f18:0x7fc00000 x19=0x00000000
      38495.000 ns	      3848	80000c58	41bfdc13	srai	x24,x31,0x1b	 x31:0x0000007b x24=0x00000000
      38515.000 ns	      3850	80000c5c	205f2cd3	fsgnjx.s	f25,f30,f5	 f30:0x80000000  f5:0x00000000 f25=0x80000000
      38555.000 ns	      3854	80000c60	192f4f53	fdiv.s	f30,f30,f18	 f30:0x80000000 f18:0x7fc00000 f30=0x7fc00000
      38585.000 ns	      3857	80000c64	d01cb4d3	fcvt.s.wu	f9,x25	 x25:0x80040fe4  f9=0x4f000410
      38615.000 ns	      3860	80000c68	0388cd33	div	x26,x17,x24	 x17:0x00000000 x24:0x00000000 x26=0xffffffff
      38645.000 ns	      3863	80000c6c	291201d3	fmin.s	f3,f4,f17	  f4:0x4f7506f5 f17:0x4dcef18b  f3=0x4dcef18b
      38675.000 ns	      3866	80000c70	29d61cd3	fmax.s	f25,f12,f29	 f12:0x473501cb f29:0x4f00040f f25=0x4f00040f
      38705.000 ns	      3869	80000c74	f00001d3	fmv.w.x	f3,x0	  x0:0x00000000  f3=0x00000000
      38735.000 ns	      3872	80000c78	0389a533	mulhsu	x10,x19,x24	 x19:0x00000000 x24:0x00000000 x10=0x00000000
      38765.000 ns	      3875	80000c7c	a05a09d3	fle.s	x19,f20,f5	 f20:0x7f800000  f5:0x00000000 x19=0x00000000
      38785.000 ns	      3877	80000c80	6f21a113	slti	x2,x3,1778	  x3:0xcfe3f431  x2=0x00000001
      39145.000 ns	      3913	80000c84	027042b3	div	x5,x0,x7	  x0:0x00000000  x7:0xf506ef00  x5=0x00000000
      39175.000 ns	      3916	80000c88	a1cf14d3	flt.s	x9,f30,f28	 f30:0x7fc00000 f28:0xffc00000  x9=0x00000000
      39195.000 ns	      3918	80000c8c	00000013	addi	x0,x0,0	  x0:0x00000000
      39215.000 ns	      3920	80000c90	e0059253	fclass.s	x4,f11	 f11:0xe4246e7e  x4=0x00000002
      39235.000 ns	      3922	80000c94	42e371b7	lui	x3,0x42e37	  x3=0x42e37000
      39245.000 ns	      3923	80000c98	010944b3	xor	x9,x18,x16	 x18:0xc17b8bb4 x16:0x1fd2c56e  x9=0xdea94eda
      39605.000 ns	      3959	80000c9c	03d1d833	divu	x16,x3,x29	  x3:0xcfe3f431 x29:0x000818e5 x16=0x00000842
      39635.000 ns	      3962	80000ca0	a04fabd3	feq.s	x23,f31,f4	 f31:0x0012e7ef  f4:0x4f7506f5 x23=0x00000000
      39655.000 ns	      3964	80000ca4	d5ec4093	xori	x1,x24,-674	 x24:0x00000000  x1=0xfffffd5e
      39695.000 ns	      3968	80000ca8	09acf653	fsub.s	f12,f25,f26	 f25:0x4f00040f f26:0x7f800000 f12=0xff800000
      39715.000 ns	      3970	80000cac	40ec80b3	sub	x1,x25,x14	 x25:0x80040fe4 x14:0x00000000  x1=0x80040fe4
      39725.000 ns	      3971	80000cb0	00bd1813	slli	x16,x26,0xb	 x26:0xffffffff x16=0xfffff800
      39755.000 ns	      3974	80000cb4	18f92053	fdiv.s	f0,f18,f15	 f18:0x7fc00000 f15:0x00000000  f0=0x7fc00000
      39785.000 ns	      3977	80000cb8	03c594b3	mulh	x9,x11,x28	 x11:0x80040f69 x28:0xf506f533  x9=0x057c58d9
      39805.000 ns	      3979	80000cbc	0132d093	srli	x1,x5,0x13	  x5:0x00000000  x1=0x00000000
      39815.000 ns	      3980	80000cc0	018c7233	and	x4,x24,x24	 x24:0x00000000 x24:0x00000000  x4=0x00000000
      39845.000 ns	      3983	80000cc4	1040f4d3	fmul.s	f9,f1,f4	  f1:0x9a0a9b3c  f4:0x4f7506f5  f9=0xaa04aa55
      39875.000 ns	      3986	80000cc8	29f618d3	fmax.s	f17,f12,f31	 f12:0xff800000 f31:0x0012e7ef f17=0x0012e7ef
      39895.000 ns	      3988	80000ccc	f1aaa993	slti	x19,x21,-230	 x21:0xc17b8bb4 x19=0x00000001
      39905.000 ns	      3989	80000cd0	3229af13	slti	x30,x19,802	 x19:0x00000000 x30=0x00000001
      39925.000 ns	      3991	80000cd4	02fdb3b3	mulhu	x7,x27,x15	 x27:0x7bb38000 x15:0xc0587000  x7=0x5cf15bd2
      40295.000 ns	      4028	80000cd8	03e0fc33	remu	x24,x1,x30	  x1:0x00000000 x30:0x0007c00b x24=0x00000000
      40325.000 ns	      4031	80000cdc	a1c62053	feq.s	x0,f12,f28	 f12:0xff800000 f28:0xffc00000
      40345.000 ns	      4033	80000ce0	010d8933	add	x18,x27,x16	 x27:0x7bb38000 x16:0xfffff800 x18=0x7bb37800
      40385.000 ns	      4037	80000ce4	012374d3	fadd.s	f9,f6,f18	  f6:0xcefff7df f18:0x7fc00000  f9=0x7fc00000
      40415.000 ns	      4040	80000ce8	f0020fd3	fmv.w.x	f31,x4	  x4:0x00000000 f31=0x00000000
      40455.000 ns	      4044	80000cec	5803f453	fsqrt.s	f8,f7	  f7:0x7f800000  f8=0x7f800000
      40485.000 ns	      4047	80000cf0	022f39b3	mulhu	x19,x30,x2	 x30:0x00000001  x2:0x00000001 x19=0x00000000
      40505.000 ns	      4049	80000cf4	00db3bb3	sltu	x23,x22,x13	 x22:0x69cd6c1c x13:0x00000000 x23=0x00000000
      40525.000 ns	      4051	80000cf8	a17c9253	flt.s	x4,f25,f23	 f25:0x4f00040f f23:0x3f43adfc  x4=0x00000000
      40545.000 ns	      4053	80000cfc	00000013	addi	x0,x0,0	  x0:0x00000000
      40555.000 ns	      4054	80000d00	41b65b33	sra	x22,x12,x27	 x12:0xa09cfb60 x27:0x7bb38000 x22=0xa09cfb60
      40915.000 ns	      4090	80000d04	03b5e533	rem	x10,x11,x27	 x11:0x80040f69 x27:0x7bb38000 x10=0xfbb78f69
      40935.000 ns	      4092	80000d08	010dd693	srli	x13,x27,0x10	 x27:0x7bb38000 x13=0x00007bb3
      40955.000 ns	      4094	80000d0c	032c9d33	mulh	x26,x25,x18	 x25:0x80040fe4 x18:0x7bb37800 x26=0xc2283a7b
      40975.000 ns	      4096	80000d10	40c18233	sub	x4,x3,x12	  x3:0x42e37000 x12:0xa09cfb60  x4=0xa24674a0
      40995.000 ns	      4098	80000d14	03d58a33	mul	x20,x11,x29	 x11:0x80040f69 x29:0x000818e5 x20=0x605ba0ed
      41035.000 ns	      4102	80000d18	5807f1d3	fsqrt.s	f3,f15	 f15:0x00000000  f3=0x00000000
      41065.000 ns	      4105	80000d1c	e00d8053	fmv.x.w	x0,f27	 f27:0xc73501cb
      41085.000 ns	      4107	80000d20	7e0076b7	lui	x13,0x7e007	 x13=0x7e007000
      41105.000 ns	      4109	80000d24	02fc99b3	mulh	x19,x25,x15	 x25:0x80040fe4 x15:0xc0587000 x19=0x1fd2c56e
      41125.000 ns	      4111	80000d28	01274733	xor	x14,x14,x18	 x14:0x00000000 x18:0x7bb37800 x14=0x7bb37800
      41145.000 ns	      4113	80000d2c	20829e53	fsgnjn.s	f28,f5,f8	  f5:0x00000000  f8:0x7f800000 f28=0x80000000
      41165.000 ns	      4115	80000d30	c0346693	ori	x13,x8,-1021	  x8:0x0af908be x13=0xfffffcbf
      41195.000 ns	      4118	80000d34	5801b5d3	fsqrt.s	f11,f3	  f3:0x00000000 f11=0x00000000
      41235.000 ns	      4122	80000d38	580df3d3	fsqrt.s	f7,f27	 f27:0xc73501cb  f7=0x7fc00000
      41605.000 ns	      4159	80000d3c	035ff7b3	remu	x15,x31,x21	 x31:0x0000007b x21:0xc17b8bb4 x15=0x0000007b
      41635.000 ns	      4162	80000d40	a19c2d53	feq.s	x26,f24,f25	 f24:0x80000040 f25:0x4f00040f x26=0x00000000
      41665.000 ns	      4165	80000d44	292004d3	fmin.s	f9,f0,f18	  f0:0x7fc00000 f18:0x7fc00000  f9=0x7fc00000
      41685.000 ns	      4167	80000d48	000ed113	srli	x2,x29,0x0	 x29:0x000818e5  x2=0x000818e5
      41705.000 ns	      4169	80000d4c	203c0353	fsgnj.s	f6,f24,f3	 f24:0x80000040  f3:0x00000000  f6=0x00000040
      41725.000 ns	      4171	80000d50	407ddf13	srai	x30,x27,0x7	 x27:0x7bb38000 x30=0x00f76700
      41745.000 ns	      4173	80000d54	0384a133	mulhsu	x2,x9,x24	  x9:0x057c58d9 x24:0x00000000  x2=0x00000000
      41775.000 ns	      4176	80000d58	036e3133	mulhu	x2,x28,x22	 x28:0xf506f533 x22:0xa09cfb60  x2=0x99ba9a17
      41825.000 ns	      4181	80000d5c	09f82353	fsub.s	f6,f16,f31	 f16:0x7f800000 f31:0x00000000  f6=0x7f800000
      41855.000 ns	      4184	80000d60	a0cba8d3	feq.s	x17,f23,f12	 f23:0x3f43adfc f12:0xff800000 x17=0x00000000
      41875.000 ns	      4186	80000d64	d979c693	xori	x13,x19,-617	 x19:0x1fd2c56e x13=0xe02d38f9
      41885.000 ns	      4187	80000d68	0f9a4393	xori	x7,x20,249	 x20:0x605ba0ed  x7=0x605ba014
      41925.000 ns	      4191	80000d6c	09577953	fsub.s	f18,f14,f21	 f14:0x00000000 f21:0x4e836582 f18=0xce836582
      41945.000 ns	      4193	80000d70	40e05c33	sra	x24,x0,x14	  x0:0x00000000 x14:0x7bb37800 x24=0x00000000
      41955.000 ns	      4194	80000d74	019e9a33	sll	x20,x29,x25	 x29:0x000818e5 x25:0x80040fe4 x20=0x00818e50
      41965.000 ns	      4195	80000d78	00304133	xor	x2,x0,x3	  x0:0x00000000  x3:0x42e37000  x2=0x42e37000
      41975.000 ns	      4196	80000d7c	0d864d93	xori	x27,x12,216	 x12:0xa09cfb60 x27=0xa09cfbb8
      41985.000 ns	      4197	80000d80	0076afb3	slt	x31,x13,x7	 x13:0xe02d38f9  x7:0x605ba014 x31=0x00000001
      42025.000 ns	      4201	80000d84	08f72253	fsub.s	f4,f14,f15	 f14:0x00000000 f15:0x00000000  f4=0x80000000
      42045.000 ns	      4203	80000d88	f7ba4917	auipc	x18,0xf7ba4	 x18=0x77ba4d88
      42055.000 ns	      4204	80000d8c	013689b3	add	x19,x13,x19	 x13:0xe02d38f9 x19:0x1fd2c56e x19=0xfffffe67
      42065.000 ns	      4205	80000d90	01b51233	sll	x4,x10,x27	 x10:0xfbb78f69 x27:0xa09cfbb8  x4=0x69000000
      42075.000 ns	      4206	80000d94	0182d033	srl	x0,x5,x24	  x5:0x00000000 x24:0x00000000
      42095.000 ns	      4208	80000d98	03fb3fb3	mulhu	x31,x22,x31	 x22:0xa09cfb60 x31:0x00000001 x31=0x00000000
      42115.000 ns	      4210	80000d9c	01546633	or	x12,x8,x21	  x8:0x0af908be x21:0xc17b8bb4 x12=0xcbfb8bbe
      42135.000 ns	      4212	80000da0	202a8c53	fsgnj.s	f24,f21,f2	 f21:0x4e836582  f2:0x00000000 f24=0x4e836582
      42155.000 ns	      4214	80000da4	00000013	addi	x0,x0,0	  x0:0x00000000
      42165.000 ns	      4215	80000da8	01899413	slli	x8,x19,0x18	 x19:0xfffffe67  x8=0x67000000
      42185.000 ns	      4217	80000dac	025d1f33	mulh	x30,x26,x5	 x26:0x00000000  x5:0x00000000 x30=0x00000000
      42205.000 ns	      4219	80000db0	178d2393	slti	x7,x26,376	 x26:0x00000000  x7=0x00000001
      42225.000 ns	      4221	80000db4	20248e53	fsgnj.s	f28,f9,f2	  f9:0x7fc00000  f2:0x00000000 f28=0x7fc00000
      42255.000 ns	      4224	80000db8	d01b7fd3	fcvt.s.wu	f31,x22	 x22:0xa09cfb60 f31=0x4f209cfb
      42275.000 ns	      4226	80000dbc	40e7ddb3	sra	x27,x15,x14	 x15:0x0000007b x14:0x7bb37800 x27=0x0000007b
      42285.000 ns	      4227	80000dc0	41905393	srai	x7,x0,0x19	  x0:0x00000000  x7=0x00000000
      42295.000 ns	      4228	80000dc4	00830d33	add	x26,x6,x8	  x6:0x80041024  x8:0x67000000 x26=0xe7041024
      42655.000 ns	      4264	80000dc8	0340c8b3	div	x17,x1,x20	  x1:0x00000000 x20:0x00818e50 x17=0x00000000
      42685.000 ns	      4267	80000dcc	21d4a3d3	fsgnjx.s	f7,f9,f29	  f9:0x7fc00000 f29:0x4f00040f  f7=0x7fc00000
      42705.000 ns	      4269	80000dd0	01830833	add	x16,x6,x24	  x6:0x80041024 x24:0x00000000 x16=0x80041024
      43065.000 ns	      4305	80000dd4	0226ca33	div	x20,x13,x2	 x13:0xe02d38f9  x2:0x42e37000 x20=0x00000000
      43095.000 ns	      4308	80000dd8	02888ab3	mul	x21,x17,x8	 x17:0x00000000  x8:0x67000000 x21=0x00000000
      43115.000 ns	      4310	80000ddc	0123e7b3	or	x15,x7,x18	  x7:0x00000000 x18:0x77ba4d88 x15=0x77ba4d88
      43155.000 ns	      4314	80000de0	01333253	fadd.s	f4,f6,f19	  f6:0x7f800000 f19:0x9a0a9b3c  f4=0x7f800000
      43175.000 ns	      4316	80000de4	001210b3	sll	x1,x4,x1	  x4:0x69000000  x1:0x00000000  x1=0x69000000
      43185.000 ns	      4317	80000de8	20b8cb93	xori	x23,x17,523	 x17:0x00000000 x23=0x0000020b
      43205.000 ns	      4319	80000dec	c01a8653	fcvt.wu.s	x12,f21	 f21:0x4e836582 x12=0x41b2c100
      43225.000 ns	      4321	80000df0	00605513	srli	x10,x0,0x6	  x0:0x00000000 x10=0x00000000
      43245.000 ns	      4323	80000df4	28090dd3	fmin.s	f27,f18,f0	 f18:0xce836582  f0:0x7fc00000 f27=0xce836582
      43265.000 ns	      4325	80000df8	eb9e4bb7	lui	x23,0xeb9e4	 x23=0xeb9e4000
      43275.000 ns	      4326	80000dfc	bfca4693	xori	x13,x20,-1028	 x20:0x00000000 x13=0xfffffbfc
      43285.000 ns	      4327	80000e00	00bf7d33	and	x26,x30,x11	 x30:0x00000000 x11:0x80040f69 x26=0x00000000
      43295.000 ns	      4328	80000e04	47a93b13	sltiu	x22,x18,1146	 x18:0x77ba4d88 x22=0x00000000
      43335.000 ns	      4332	80000e08	0081f853	fadd.s	f16,f3,f8	  f3:0x00000000  f8:0x7f800000 f16=0x7f800000
      43355.000 ns	      4334	80000e0c	006fe4b3	or	x9,x31,x6	 x31:0x00000000  x6:0x80041024  x9=0x80041024
      43375.000 ns	      4336	80000e10	c00b7153	fcvt.w.s	x2,f22	 f22:0x80041024  x2=0x00000000
      43405.000 ns	      4339	80000e14	03647533	remu	x10,x8,x22	  x8:0x67000000 x22:0x00000000 x10=0x67000000
      43435.000 ns	      4342	80000e18	285601d3	fmin.s	f3,f12,f5	 f12:0xff800000  f5:0x00000000  f3=0xff800000
      43465.000 ns	      4345	80000e1c	e0080653	fmv.x.w	x12,f16	 f16:0x7f800000 x12=0x7f800000
      43485.000 ns	      4347	80000e20	4e23c593	xori	x11,x7,1250	  x7:0x00000000 x11=0x000004e2
      43515.000 ns	      4350	80000e24	101ffbd3	fmul.s	f23,f31,f1	 f31:0x4f209cfb  f1:0x9a0a9b3c f23=0xa9adec08
      43545.000 ns	      4353	80000e28	28260ed3	fmin.s	f29,f12,f2	 f12:0xff800000  f2:0x00000000 f29=0xff800000
      43575.000 ns	      4356	80000e2c	f0020153	fmv.w.x	f2,x4	  x4:0x69000000  f2=0x69000000
      43595.000 ns	      4358	80000e30	82eebf93	sltiu	x31,x29,-2002	 x29:0x000818e5 x31=0x00000001
      43615.000 ns	      4360	80000e34	a1cf0153	fle.s	x2,f30,f28	 f30:0x7fc00000 f28:0x7fc00000  x2=0x00000000
      43635.000 ns	      4362	80000e38	003654b3	srl	x9,x12,x3	 x12:0x7f800000  x3:0x42e37000  x9=0x7f800000
      43645.000 ns	      4363	80000e3c	fcd8f913	andi	x18,x17,-51	 x17:0x00000000 x18=0x00000000
      43675.000 ns	      4366	80000e40	183719d3	fdiv.s	f19,f14,f3	 f14:0x00000000  f3:0xff800000 f19=0x80000000
      43705.000 ns	      4369	80000e44	c01676d3	fcvt.wu.s	x13,f12	 f12:0xff800000 x13=0x00000000
      43725.000 ns	      4371	80000e48	01543eb3	sltu	x29,x8,x21	  x8:0x67000000 x21:0x00000000 x29=0x00000000
      43735.000 ns	      4372	80000e4c	00ab5f33	srl	x30,x22,x10	 x22:0x00000000 x10:0x67000000 x30=0x00000000
      43745.000 ns	      4373	80000e50	00d968b3	or	x17,x18,x13	 x18:0x00000000 x13:0x00000000 x17=0x00000000
      44105.000 ns	      4409	80000e54	03f1e2b3	rem	x5,x3,x31	  x3:0x42e37000 x31:0x00000001  x5=0x00000000
      44135.000 ns	      4412	80000e58	206d12d3	fsgnjn.s	f5,f26,f6	 f26:0x7f800000  f6:0x7f800000  f5=0xff800000
      44165.000 ns	      4415	80000e5c	d00f9753	fcvt.s.w	f14,x31	 x31:0x00000001 f14=0x3f800000
      44195.000 ns	      4418	80000e60	21789a53	fsgnjn.s	f20,f17,f23	 f17:0x0012e7ef f23:0xa9adec08 f20=0x0012e7ef
      44225.000 ns	      4421	80000e64	20848e53	fsgnj.s	f28,f9,f8	  f9:0x7fc00000  f8:0x7f800000 f28=0x7fc00000
      44565.000 ns	      4455	80000e68	19ff9953	fdiv.s	f18,f31,f31	 f31:0x4f209cfb f31:0x4f209cfb f18=0x3f209cfc
      44585.000 ns	      4457	80000e6c	465afa13	andi	x20,x21,1125	 x21:0x00000000 x20=0x00000000
      44605.000 ns	      4459	80000e70	21aca553	fsgnjx.s	f10,f25,f26	 f25:0x4f00040f f26:0x7f800000 f10=0x4f00040f
      44625.000 ns	      4461	80000e74	f440f117	auipc	x2,0xf440f	  x2=0x7440fe74
      44645.000 ns	      4463	80000e78	21651353	fsgnjn.s	f6,f10,f22	 f10:0x4f00040f f22:0x80041024  f6=0x4f00040f
      44675.000 ns	      4466	80000e7c	e0048853	fmv.x.w	x16,f9	  f9:0x7fc00000 x16=0x7fc00000
      44705.000 ns	      4469	80000e80	e00792d3	fclass.s	x5,f15	 f15:0x00000000  x5=0x00000010
      44725.000 ns	      4471	80000e84	005862b3	or	x5,x16,x5	 x16:0x7fc00000  x5:0x00000000  x5=0x7fc00010
      44755.000 ns	      4474	80000e88	10689bd3	fmul.s	f23,f17,f6	 f17:0x0012e7ef  f6:0x4f00040f f23=0x0e974443
      44775.000 ns	      4476	80000e8c	006467b3	or	x15,x8,x6	  x8:0x67000000  x6:0x80041024 x15=0xe7041024
      44795.000 ns	      4478	80000e90	29ff0b53	fmin.s	f22,f30,f31	 f30:0x7fc00000 f31:0x4f209cfb f22=0x4f209cfb
      44815.000 ns	      4480	80000e94	0191d933	srl	x18,x3,x25	  x3:0x42e37000 x25:0x80040fe4 x18=0x042e3700
      44825.000 ns	      4481	80000e98	01278a33	add	x20,x15,x18	 x15:0xe7041024 x18:0x00000000 x20=0xeb324724
      44835.000 ns	      4482	80000e9c	00815733	srl	x14,x2,x8	  x2:0x7440fe74  x8:0x67000000 x14=0x7440fe74
      44855.000 ns	      4484	80000ea0	02aa9433	mulh	x8,x21,x10	 x21:0x00000000 x10:0x67000000  x8=0x00000000
      44875.000 ns	      4486	80000ea4	0042e133	or	x2,x5,x4	  x5:0x7fc00010  x4:0x69000000  x2=0x7fc00010
      44885.000 ns	      4487	80000ea8	b5890213	addi	x4,x18,-1192	 x18:0x042e3700  x4=0x042e3258
      44925.000 ns	      4491	80000eac	08d4fb53	fsub.s	f22,f9,f13	  f9:0x7fc00000 f13:0xff800000 f22=0x7fc00000
      44945.000 ns	      4493	80000eb0	41a05eb3	sra	x29,x0,x26	  x0:0x00000000 x26:0x00000000 x29=0x00000000
      44965.000 ns	      4495	80000eb4	02d6fab3	remu	x21,x13,x13	 x13:0x00000000 x13:0x00000000 x21=0x00000000
      44985.000 ns	      4497	80000eb8	01611f13	slli	x30,x2,0x16	  x2:0x7fc00010 x30=0x04000000
      45005.000 ns	      4499	80000ebc	a065ab53	feq.s	x22,f11,f6	 f11:0x00000000  f6:0x4f00040f x22=0x00000000
      45025.000 ns	      4501	80000ec0	408f5c13	srai	x24,x30,0x8	 x30:0x00000000 x24=0x00040000
      45045.000 ns	      4503	80000ec4	c0111653	fcvt.wu.s	x12,f2	  f2:0x69000000 x12=0x00000000
      45075.000 ns	      4506	80000ec8	d00efdd3	fcvt.s.w	f27,x29	 x29:0x00000000 f27=0x00000000
      45105.000 ns	      4509	80000ecc	c00a31d3	fcvt.w.s	x3,f20	 f20:0x0012e7ef  x3=0x00000000
      45135.000 ns	      4512	80000ed0	024b87b3	mul	x15,x23,x4	 x23:0xeb9e4000  x4:0x042e3258 x15=0x66e60000
      45505.000 ns	      4549	80000ed4	03b376b3	remu	x13,x6,x27	  x6:0x80041024 x27:0x0000007b x13=0x0000003d
      45535.000 ns	      4552	80000ed8	21c810d3	fsgnjn.s	f1,f16,f28	 f16:0x7f800000 f28:0x7fc00000  f1=0xff800000
      45555.000 ns	      4554	80000edc	00335d93	srli	x27,x6,0x3	  x6:0x80041024 x27=0x10008204
      45575.000 ns	      4556	80000ee0	0327b533	mulhu	x10,x15,x18	 x15:0x66e60000 x18:0x042e3700 x10=0x01ae2b6f
      45595.000 ns	      4558	80000ee4	c31aaf13	slti	x30,x21,-975	 x21:0x00000000 x30=0x00000000
      45615.000 ns	      4560	80000ee8	21881ad3	fsgnjn.s	f21,f16,f24	 f16:0x7f800000 f24:0x4e836582 f21=0xff800000
      45645.000 ns	      4563	80000eec	e0091d53	fclass.s	x26,f18	 f18:0x3f209cfc x26=0x00000040
      45665.000 ns	      4565	80000ef0	a1dd3113	sltiu	x2,x26,-1507	 x26:0x00000000  x2=0x00000001
      45705.000 ns	      4569	80000ef4	01c99053	fadd.s	f0,f19,f28	 f19:0x80000000 f28:0x7fc00000  f0=0x7fc00000
      45725.000 ns	      4571	80000ef8	00b9c433	xor	x8,x19,x11	 x19:0xfffffe67 x11:0x000004e2  x8=0xfffffa85
      45745.000 ns	      4573	80000efc	c00d89d3	fcvt.w.s	x19,f27	 f27:0x00000000 x19=0x00000000
      45765.000 ns	      4575	80000f00	165db497	auipc	x9,0x165db	  x9=0x965dbf00
      45785.000 ns	      4577	80000f04	0383a5b3	mulhsu	x11,x7,x24	  x7:0x00000000 x24:0x00040000 x11=0x00000000
      45825.000 ns	      4581	80000f08	1833aad3	fdiv.s	f21,f7,f3	  f7:0x7fc00000  f3:0xff800000 f21=0x7fc00000
      45855.000 ns	      4584	80000f0c	289786d3	fmin.s	f13,f15,f9	 f15:0x00000000  f9:0x7fc00000 f13=0x00000000
      45885.000 ns	      4587	80000f10	d01df8d3	fcvt.s.wu	f17,x27	 x27:0x10008204 f17=0x4d800410
      45905.000 ns	      4589	80000f14	41e00933	sub	x18,x0,x30	  x0:0x00000000 x30:0x00000000 x18=0x00000000
      45925.000 ns	      4591	80000f18	021d2733	mulhsu	x14,x26,x1	 x26:0x00000040  x1:0x69000000 x14=0x0000001a
      45955.000 ns	      4594	80000f1c	d00f75d3	fcvt.s.w	f11,x30	 x30:0x00000000 f11=0x00000000
      46325.000 ns	      4631	80000f20	0371f533	remu	x10,x3,x23	  x3:0x00000000 x23:0xeb9e4000 x10=0x00000000
      46345.000 ns	      4633	80000f24	c45b0517	auipc	x10,0xc45b0	 x10=0x445b0f24
      46365.000 ns	      4635	80000f28	c01e0b53	fcvt.wu.s	x22,f28	 f28:0x7fc00000 x22=0xffffffff
      46385.000 ns	      4637	80000f2c	40c7d113	srai	x2,x15,0xc	 x15:0x66e60000  x2=0x00066e60
      46395.000 ns	      4638	80000f30	013d5533	srl	x10,x26,x19	 x26:0x00000040 x19:0x00000000 x10=0x00000040
      46425.000 ns	      4641	80000f34	18cd0ed3	fdiv.s	f29,f26,f12	 f26:0x7f800000 f12:0xff800000 f29=0x7fc00000
      46445.000 ns	      4643	80000f38	00000013	addi	x0,x0,0	  x0:0x00000000
      46455.000 ns	      4644	80000f3c	054df893	andi	x17,x27,84	 x27:0x10008204 x17=0x00000004
      46475.000 ns	      4646	80000f40	e0049fd3	fclass.s	x31,f9	  f9:0x7fc00000 x31=0x00000200
      46495.000 ns	      4648	80000f44	40fcdf93	srai	x31,x25,0xf	 x25:0x80040fe4 x31=0xffff0008
      46515.000 ns	      4650	80000f48	0380b633	mulhu	x12,x1,x24	  x1:0x69000000 x24:0x00040000 x12=0x0001a400
      46545.000 ns	      4653	80000f4c	20d400d3	fsgnj.s	f1,f8,f13	  f8:0x7f800000 f13:0x00000000  f1=0x7f800000
      46565.000 ns	      4655	80000f50	01a2b8b3	sltu	x17,x5,x26	  x5:0x7fc00010 x26:0x00000040 x17=0x00000000
      46605.000 ns	      4659	80000f54	09f7f553	fsub.s	f10,f15,f31	 f15:0x00000000 f31:0x4f209cfb f10=0xcf209cfb
      46655.000 ns	      4664	80000f58	0875b0d3	fsub.s	f1,f11,f7	 f11:0x00000000  f7:0x7fc00000  f1=0x7fc00000
      46675.000 ns	      4666	80000f5c	d814b393	sltiu	x7,x9,-639	  x9:0x965dbf00  x7=0x00000001
      46685.000 ns	      4667	80000f60	44d4c793	xori	x15,x9,1101	  x9:0x965dbf00 x15=0x965dbb4d
      46695.000 ns	      4668	80000f64	00c1d033	srl	x0,x3,x12	  x3:0x00000000 x12:0x0001a400
      47055.000 ns	      4704	80000f68	03a5cab3	div	x21,x11,x26	 x11:0x00000000 x26:0x00000040 x21=0x00000000
      47085.000 ns	      4707	80000f6c	03e452b3	divu	x5,x8,x30	  x8:0xfffffa85 x30:0x00000000  x5=0xffffffff
      47105.000 ns	      4709	80000f70	00a040b3	xor	x1,x0,x10	  x0:0x00000000 x10:0x00000040  x1=0x00000040
      47115.000 ns	      4710	80000f74	fde13b13	sltiu	x22,x2,-34	  x2:0x00066e60 x22=0x00000001
      47125.000 ns	      4711	80000f78	009fb5b3	sltu	x11,x31,x9	 x31:0xffff0008  x9:0x965dbf00 x11=0x00000000
      47145.000 ns	      4713	80000f7c	29c81d53	fmax.s	f26,f16,f28	 f16:0x7f800000 f28:0x7fc00000 f26=0x7f800000
      47175.000 ns	      4716	80000f80	20342953	fsgnjx.s	f18,f8,f3	  f8:0x7f800000  f3:0xff800000 f18=0xff800000
      47195.000 ns	      4718	80000f84	0fe62613	slti	x12,x12,254	 x12:0x0001a400 x12=0x00000000
      47215.000 ns	      4720	80000f88	21ee2ad3	fsgnjx.s	f21,f28,f30	 f28:0x7fc00000 f30:0x7fc00000 f21=0x7fc00000
      47235.000 ns	      4722	80000f8c	00000013	addi	x0,x0,0	  x0:0x00000000
      47255.000 ns	      4724	80000f90	d00f72d3	fcvt.s.w	f5,x30	 x30:0x00000000  f5=0x00000000
      47285.000 ns	      4727	80000f94	a12c25d3	feq.s	x11,f24,f18	 f24:0x4e836582 f18:0xff800000 x11=0x00000000
      47305.000 ns	      4729	80000f98	00eb4d33	xor	x26,x22,x14	 x22:0x00000001 x14:0x0000001a x26=0x0000001b
      47315.000 ns	      4730	80000f9c	9d440f93	addi	x31,x8,-1580	  x8:0xfffffa85 x31=0xfffff459
      47355.000 ns	      4734	80000fa0	0981fe53	fsub.s	f28,f3,f24	  f3:0xff800000 f24:0x4e836582 f28=0xff800000
      47375.000 ns	      4736	80000fa4	00525993	srli	x19,x4,0x5	  x4:0x042e3258 x19=0x00217192
      47385.000 ns	      4737	80000fa8	01e35913	srli	x18,x6,0x1e	  x6:0x80041024 x18=0x00000002
      47395.000 ns	      4738	80000fac	000fafb3	slt	x31,x31,x0	 x31:0xfffff459  x0:0x00000000 x31=0x00000001
      47425.000 ns	      4741	80000fb0	58043c53	fsqrt.s	f24,f8	  f8:0x7f800000 f24=0x7f800000
      47445.000 ns	      4743	80000fb4	0181dd13	srli	x26,x3,0x18	  x3:0x00000000 x26=0x00000000
      47465.000 ns	      4745	80000fb8	21cc0dd3	fsgnj.s	f27,f24,f28	 f24:0x7f800000 f28:0xff800000 f27=0xff800000
      47495.000 ns	      4748	80000fbc	c0050553	fcvt.w.s	x10,f10	 f10:0xcf209cfb x10=0x80000000
      47545.000 ns	      4753	80000fc0	09e532d3	fsub.s	f5,f10,f30	 f10:0xcf209cfb f30:0x7fc00000  f5=0x7fc00000
      47915.000 ns	      4790	80000fc4	032f5ab3	divu	x21,x30,x18	 x30:0x00000000 x18:0x00000002 x21=0x00000000
      47945.000 ns	      4793	80000fc8	a08685d3	fle.s	x11,f13,f8	 f13:0x00000000  f8:0x7f800000 x11=0x00000001
      47975.000 ns	      4796	80000fcc	a16522d3	feq.s	x5,f10,f22	 f10:0xcf209cfb f22:0x7fc00000  x5=0x00000000
      48005.000 ns	      4799	80000fd0	c00bf253	fcvt.w.s	x4,f23	 f23:0x0e974443  x4=0x00000000
      48035.000 ns	      4802	80000fd4	e0059c53	fclass.s	x24,f11	 f11:0x00000000 x24=0x00000010
      48085.000 ns	      4807	80000fd8	091d7ad3	fsub.s	f21,f26,f17	 f26:0x7f800000 f17:0x4d800410 f21=0x7f800000
      48105.000 ns	      4809	80000fdc	6b224493	xori	x9,x4,1714	  x4:0x00000000  x9=0x000006b2
      48135.000 ns	      4812	80000fe0	10b5f9d3	fmul.s	f19,f11,f11	 f11:0x00000000 f11:0x00000000 f19=0x00000000
      48175.000 ns	      4816	80000fe4	11c70853	fmul.s	f16,f14,f28	 f14:0x3f800000 f28:0xff800000 f16=0xff800000
      48195.000 ns	      4818	80000fe8	9f010893	addi	x17,x2,-1552	  x2:0x00066e60 x17=0x00066850
      48215.000 ns	      4820	80000fec	a016a3d3	feq.s	x7,f13,f1	 f13:0x00000000  f1:0x7fc00000  x7=0x00000000
      48265.000 ns	      4825	80000ff0	09a028d3	fsub.s	f17,f0,f26	  f0:0x7fc00000 f26:0x7f800000 f17=0x7fc00000
      48315.000 ns	      4830	80000ff4	09f13cd3	fsub.s	f25,f2,f31	  f2:0x69000000 f31:0x4f209cfb f25=0x69000000
      48345.000 ns	      4833	80000ff8	a0b6a4d3	feq.s	x9,f13,f11	 f13:0x00000000 f11:0x00000000  x9=0x00000001
      48395.000 ns	      4838	80000ffc	085f0653	fsub.s	f12,f30,f5	 f30:0x7fc00000  f5:0x7fc00000 f12=0x7fc00000
      48425.000 ns	      4841	80001000	21c30cd3	fsgnj.s	f25,f6,f28	  f6:0x4f00040f f28:0xff800000 f25=0xcf00040f
      48445.000 ns	      4843	80001004	00000013	addi	x0,x0,0	  x0:0x00000000
      48465.000 ns	      4845	80001008	e0018f53	fmv.x.w	x30,f3	  f3:0xff800000 x30=0xff800000
      48485.000 ns	      4847	8000100c	018bd033	srl	x0,x23,x24	 x23:0xeb9e4000 x24:0x00000010
      48495.000 ns	      4848	80001010	00000013	addi	x0,x0,0	  x0:0x00000000
      48515.000 ns	      4850	80001014	02a69d33	mulh	x26,x13,x10	 x13:0x0000003d x10:0x80000000 x26=0xffffffe1
      48885.000 ns	      4887	80001018	028fc6b3	div	x13,x31,x8	 x31:0x00000001  x8:0xfffffa85 x13=0x00000000
      48905.000 ns	      4889	8000101c	00000013	addi	x0,x0,0	  x0:0x00000000
      48915.000 ns	      4890	80001020	0023f033	and	x0,x7,x2	  x7:0x00000000  x2:0x00066e60
      48925.000 ns	      4891	80001024	0137f6b3	and	x13,x15,x19	 x15:0x965dbb4d x19:0x00217192 x13=0x00013100
      48935.000 ns	      4892	80001028	5e336b93	ori	x23,x6,1507	  x6:0x80041024 x23=0x800415e7
      48955.000 ns	      4894	8000102c	c00840d3	fcvt.w.s	x1,f16	 f16:0xff800000  x1=0x80000000
      48975.000 ns	      4896	80001030	01c72233	slt	x4,x14,x28	 x14:0x0000001a x28:0xf506f533  x4=0x00000000
      48985.000 ns	      4897	80001034	98657d93	andi	x27,x10,-1658	 x10:0x80000000 x27=0x80000000
      49005.000 ns	      4899	80001038	03ddbbb3	mulhu	x23,x27,x29	 x27:0x10008204 x29:0x00000000 x23=0x00000000
      49025.000 ns	      4901	8000103c	40f95813	srai	x16,x18,0xf	 x18:0x00000002 x16=0x00000000
      49045.000 ns	      4903	80001040	d0069353	fcvt.s.w	f6,x13	 x13:0x00013100  f6=0x47988000
      49075.000 ns	      4906	80001044	28020253	fmin.s	f4,f4,f0	  f4:0x7f800000  f0:0x7fc00000  f4=0x7f800000
      49105.000 ns	      4909	80001048	299d1a53	fmax.s	f20,f26,f25	 f26:0x7f800000 f25:0xcf00040f f20=0x7f800000
      49125.000 ns	      4911	8000104c	00000013	addi	x0,x0,0	  x0:0x00000000
      49145.000 ns	      4913	80001050	c01ea553	fcvt.wu.s	x10,f29	 f29:0x7fc00000 x10=0xffffffff
      49165.000 ns	      4915	80001054	40390fb3	sub	x31,x18,x3	 x18:0x00000002  x3:0x00000000 x31=0x00000002
      49185.000 ns	      4917	80001058	03f12433	mulhsu	x8,x2,x31	  x2:0x00066e60 x31:0x00000001  x8=0x00000000
      49205.000 ns	      4919	8000105c	00835c13	srli	x24,x6,0x8	  x6:0x80041024 x24=0x00800410
      49225.000 ns	      4921	80001060	e00985d3	fmv.x.w	x11,f19	 f19:0x00000000 x11=0x00000000
      49245.000 ns	      4923	80001064	090ae193	ori	x3,x21,144	 x21:0x00000000  x3=0x00000090
      49255.000 ns	      4924	80001068	37a6b693	sltiu	x13,x13,890	 x13:0x00013100 x13=0x00000000
      49275.000 ns	      4926	8000106c	026cbbb3	mulhu	x23,x25,x6	 x25:0x80040fe4  x6:0x80041024 x23=0x40041014
      49295.000 ns	      4928	80001070	41b65613	srai	x12,x12,0x1b	 x12:0x00000000 x12=0x00000000
      49315.000 ns	      4930	80001074	c017f7d3	fcvt.wu.s	x15,f15	 f15:0x00000000 x15=0x00000000
      49345.000 ns	      4933	80001078	02485133	divu	x2,x16,x4	 x16:0x00000000  x4:0x00000000  x2=0xffffffff
      49715.000 ns	      4970	8000107c	0381c433	div	x8,x3,x24	  x3:0x00000090 x24:0x00800410  x8=0x00000000
      49735.000 ns	      4972	80001080	000b3ab3	sltu	x21,x22,x0	 x22:0x00000001  x0:0x00000000 x21=0x00000000
      49745.000 ns	      4973	80001084	fec0fb93	andi	x23,x1,-20	  x1:0x80000000 x23=0x80000000
      49765.000 ns	      4975	80001088	d01c7f53	fcvt.s.wu	f30,x24	 x24:0x00800410 f30=0x4b000410
      49795.000 ns	      4978	8000108c	296e0fd3	fmin.s	f31,f28,f22	 f28:0xff800000 f22:0x7fc00000 f31=0xff800000
      49835.000 ns	      4982	80001090	19bfcfd3	fdiv.s	f31,f31,f27	 f31:0x4f209cfb f27:0xff800000 f31=0x7fc00000
      50175.000 ns	      5016	80001094	18237353	fdiv.s	f6,f6,f2	  f6:0x47988000  f2:0x69000000  f6=0x1d988000
      50225.000 ns	      5021	80001098	00462853	fadd.s	f16,f12,f4	 f12:0x7fc00000  f4:0x7f800000 f16=0x7fc00000
      50255.000 ns	      5024	8000109c	03f52633	mulhsu	x12,x10,x31	 x10:0xffffffff x31:0x00000002 x12=0xffffffff
      50285.000 ns	      5027	800010a0	a03c81d3	fle.s	x3,f25,f3	 f25:0xcf00040f  f3:0xff800000  x3=0x00000000
      50655.000 ns	      5064	800010a4	0394ed33	rem	x26,x9,x25	  x9:0x00000001 x25:0x80040fe4 x26=0x00000001
      50675.000 ns	      5066	800010a8	01bd5fb3	srl	x31,x26,x27	 x26:0xffffffe1 x27:0x80000000 x31=0x00000001
      50685.000 ns	      5067	800010ac	8deda893	slti	x17,x27,-1826	 x27:0x80000000 x17=0x00000001
      50695.000 ns	      5068	800010b0	07da6293	ori	x5,x20,125	 x20:0xeb324724  x5=0xeb32477d
      50735.000 ns	      5072	800010b4	094737d3	fsub.s	f15,f14,f20	 f14:0x3f800000 f20:0x7f800000 f15=0xff800000
      50765.000 ns	      5075	800010b8	0240dfb3	divu	x31,x1,x4	  x1:0x80000000  x4:0x00000000 x31=0xffffffff
      50785.000 ns	      5077	800010bc	407683b3	sub	x7,x13,x7	 x13:0x00000000  x7:0x00000000  x7=0x00000000
      50805.000 ns	      5079	800010c0	03878133	mul	x2,x15,x24	 x15:0x00000000 x24:0x00800410  x2=0x00000000
      50825.000 ns	      5081	800010c4	b9206893	ori	x17,x0,-1134	  x0:0x00000000 x17=0xfffffb92
      50835.000 ns	      5082	800010c8	00df0a33	add	x20,x30,x13	 x30:0xff800000 x13:0x00000000 x20=0xff800000
      50855.000 ns	      5084	800010cc	a0c32053	feq.s	x0,f6,f12	  f6:0x1d988000 f12:0x7fc00000
      50875.000 ns	      5086	800010d0	2775cb93	xori	x23,x11,631	 x11:0x00000000 x23=0x00000277
      50885.000 ns	      5087	800010d4	01e635b3	sltu	x11,x12,x30	 x12:0xffffffff x30:0xff800000 x11=0x00000000
      50895.000 ns	      5088	800010d8	41de8433	sub	x8,x29,x29	 x29:0x00000000 x29:0x00000000  x8=0x00000000
      50905.000 ns	      5089	800010dc	01295893	srli	x17,x18,0x12	 x18:0x00000002 x17=0x00000000
      50915.000 ns	      5090	800010e0	01f634b3	sltu	x9,x12,x31	 x12:0xffffffff x31:0xffffffff  x9=0x00000000
      50935.000 ns	      5092	800010e4	e0021dd3	fclass.s	x27,f4	  f4:0x7f800000 x27=0x00000080
      50965.000 ns	      5095	800010e8	c01d70d3	fcvt.wu.s	x1,f26	 f26:0x7f800000  x1=0xffffffff
      50985.000 ns	      5097	800010ec	2a92a613	slti	x12,x5,681	  x5:0xeb32477d x12=0x00000001
      51025.000 ns	      5101	800010f0	08beb4d3	fsub.s	f9,f29,f11	 f29:0x7fc00000 f11:0x00000000  f9=0x7fc00000
      51055.000 ns	      5104	800010f4	215f9fd3	fsgnjn.s	f31,f31,f21	 f31:0x7fc00000 f21:0x7f800000 f31=0xffc00000
      51075.000 ns	      5106	800010f8	8d14a493	slti	x9,x9,-1839	  x9:0x00000000  x9=0x00000000
      51085.000 ns	      5107	800010fc	e76b4d97	auipc	x27,0xe76b4	 x27=0x676b50fc
      51105.000 ns	      5109	80001100	02c59433	mulh	x8,x11,x12	 x11:0x00000000 x12:0x00000001  x8=0x00000000
      51145.000 ns	      5113	80001104	184df753	fdiv.s	f14,f27,f4	 f27:0xff800000  f4:0x7f800000 f14=0x7fc00000
      51515.000 ns	      5150	80001108	03eb5db3	divu	x27,x22,x30	 x22:0x00000001 x30:0xff800000 x27=0x00000000
      51535.000 ns	      5152	8000110c	00c7a8b3	slt	x17,x15,x12	 x15:0x00000000 x12:0x00000001 x17=0x00000001
      51555.000 ns	      5154	80001110	e00f99d3	fclass.s	x19,f31	 f31:0xffc00000 x19=0x00000200
      51595.000 ns	      5158	80001114	580cb853	fsqrt.s	f16,f25	 f25:0xcf00040f f16=0x7fc00000
      51625.000 ns	      5161	80001118	20fc88d3	fsgnj.s	f17,f25,f15	 f25:0xcf00040f f15:0xff800000 f17=0xcf00040f
      51655.000 ns	      5164	8000111c	a08f8fd3	fle.s	x31,f31,f8	 f31:0xffc00000  f8:0x7f800000 x31=0x00000000
      51675.000 ns	      5166	80001120	94870d97	auipc	x27,0x94870	 x27=0x14871120
      51685.000 ns	      5167	80001124	37b81b17	auipc	x22,0x37b81	 x22=0xb7b82124
      51695.000 ns	      5168	80001128	0115d713	srli	x14,x11,0x11	 x11:0x00000000 x14=0x00000000
      51715.000 ns	      5170	8000112c	03368633	mul	x12,x13,x19	 x13:0x00000000 x19:0x00000200 x12=0x00000000
      51745.000 ns	      5173	80001130	c0167753	fcvt.wu.s	x14,f12	 f12:0x7fc00000 x14=0xffffffff
      52115.000 ns	      5210	80001134	025c69b3	rem	x19,x24,x5	 x24:0x00800410  x5:0xeb32477d x19=0x00800410
      52145.000 ns	      5213	80001138	a138aad3	feq.s	x21,f17,f19	 f17:0xcf00040f f19:0x00000000 x21=0x00000000
      52165.000 ns	      5215	8000113c	01a747b3	xor	x15,x14,x26	 x14:0xffffffff x26:0x00000001 x15=0xfffffffe
      52175.000 ns	      5216	80001140	12df1197	auipc	x3,0x12df1	  x3=0x92df2140
      52195.000 ns	      5218	80001144	f00008d3	fmv.w.x	f17,x0	  x0:0x00000000 f17=0x00000000
      52245.000 ns	      5223	80001148	016c29d3	fadd.s	f19,f24,f22	 f24:0x7f800000 f22:0x7fc00000 f19=0x7fc00000
      52285.000 ns	      5227	8000114c	580775d3	fsqrt.s	f11,f14	 f14:0x7fc00000 f11=0x7fc00000
      52315.000 ns	      5230	80001150	29db8dd3	fmin.s	f27,f23,f29	 f23:0x0e974443 f29:0x7fc00000 f27=0x0e974443
      52335.000 ns	      5232	80001154	00555d13	srli	x26,x10,0x5	 x10:0xffffffff x26=0x07ffffff
      52375.000 ns	      5236	80001158	08cc4e53	fsub.s	f28,f24,f12	 f24:0x7f800000 f12:0x7fc00000 f28=0x7fc00000
      52395.000 ns	      5238	8000115c	017d59b3	srl	x19,x26,x23	 x26:0x00000001 x23:0x00000277 x19=0x0000000f
      52415.000 ns	      5240	80001160	020e0133	mul	x2,x28,x0	 x28:0xf506f533  x0:0x00000000  x2=0x00000000
      52445.000 ns	      5243	80001164	036788b3	mul	x17,x15,x22	 x15:0xfffffffe x22:0xb7b82124 x17=0x908fbdb8
      52485.000 ns	      5247	80001168	107d3453	fmul.s	f8,f26,f7	 f26:0x7f800000  f7:0x7fc00000  f8=0x7fc00000
      52525.000 ns	      5251	8000116c	105bf3d3	fmul.s	f7,f23,f5	 f23:0x0e974443  f5:0x7fc00000  f7=0x7fc00000
      52565.000 ns	      5255	80001170	18373553	fdiv.s	f10,f14,f3	 f14:0x7fc00000  f3:0xff800000 f10=0x7fc00000
      52615.000 ns	      5260	80001174	00114653	fadd.s	f12,f2,f1	  f2:0x69000000  f1:0x7fc00000 f12=0x7fc00000
      52635.000 ns	      5262	80001178	40bcd633	sra	x12,x25,x11	 x25:0x80040fe4 x11:0x00000000 x12=0x80040fe4
      52665.000 ns	      5265	8000117c	11094c53	fmul.s	f24,f18,f16	 f18:0xff800000 f16:0x7fc00000 f24=0x7fc00000
      52685.000 ns	      5267	80001180	40890c33	sub	x24,x18,x8	 x18:0x00000002  x8:0x00000000 x24=0x00000002
      52705.000 ns	      5269	80001184	034f04b3	mul	x9,x30,x20	 x30:0xff800000 x20:0xff800000  x9=0x00000000
      53075.000 ns	      5306	80001188	026b4f33	div	x30,x22,x6	 x22:0xb7b82124  x6:0x80041024 x30=0x00000000
      53095.000 ns	      5308	8000118c	1d2b7c13	andi	x24,x22,466	 x22:0xb7b82124 x24=0x00000100
      53105.000 ns	      5309	80001190	64c37793	andi	x15,x6,1612	  x6:0x80041024 x15=0x00000004
      53125.000 ns	      5311	80001194	c01e2a53	fcvt.wu.s	x20,f28	 f28:0x7fc00000 x20=0xffffffff
      53145.000 ns	      5313	80001198	01ae2233	slt	x4,x28,x26	 x28:0xf506f533 x26:0x07ffffff  x4=0x00000001
      53165.000 ns	      5315	8000119c	a09317d3	flt.s	x15,f6,f9	  f6:0x1d988000  f9:0x7fc00000 x15=0x00000000
      53195.000 ns	      5318	800011a0	c005f1d3	fcvt.w.s	x3,f11	 f11:0x7fc00000  x3=0x7fffffff
      53225.000 ns	      5321	800011a4	21191ad3	fsgnjn.s	f21,f18,f17	 f18:0xff800000 f17:0x00000000 f21=0xff800000
      53255.000 ns	      5324	800011a8	02fbc4b3	div	x9,x23,x15	 x23:0x00000277 x15:0x00000000  x9=0xffffffff
      53275.000 ns	      5326	800011ac	0101cf33	xor	x30,x3,x16	  x3:0x7fffffff x16:0x00000000 x30=0x7fffffff
      53285.000 ns	      5327	800011b0	01895713	srli	x14,x18,0x18	 x18:0x00000002 x14=0x00000000
      53305.000 ns	      5329	800011b4	a1d98a53	fle.s	x20,f19,f29	 f19:0x7fc00000 f29:0x7fc00000 x20=0x00000000
      53355.000 ns	      5334	800011b8	0905f553	fsub.s	f10,f11,f16	 f11:0x7fc00000 f16:0x7fc00000 f10=0x7fc00000
      53375.000 ns	      5336	800011bc	9d1f3e93	sltiu	x29,x30,-1583	 x30:0x7fffffff x29=0x00000001
      53395.000 ns	      5338	800011c0	c014aad3	fcvt.wu.s	x21,f9	  f9:0x7fc00000 x21=0xffffffff
      53425.000 ns	      5341	800011c4	f00805d3	fmv.w.x	f11,x16	 x16:0x00000000 f11=0x00000000
      53455.000 ns	      5344	800011c8	02237833	remu	x16,x6,x2	  x6:0x80041024  x2:0x00000000 x16=0x80041024
      53475.000 ns	      5346	800011cc	40b30833	sub	x16,x6,x11	  x6:0x80041024 x11:0x00000000 x16=0x80041024
      53485.000 ns	      5347	800011d0	417adc33	sra	x24,x21,x23	 x21:0xffffffff x23:0x00000277 x24=0xffffffff
      53495.000 ns	      5348	800011d4	f581e013	ori	x0,x3,-168	  x3:0x7fffffff
      53515.000 ns	      5350	800011d8	c0072453	fcvt.w.s	x8,f14	 f14:0x7fc00000  x8=0x7fffffff
      53535.000 ns	      5352	800011dc	d4bea693	slti	x13,x29,-693	 x29:0x00000001 x13=0x00000000
      53565.000 ns	      5355	800011e0	1906fe53	fdiv.s	f28,f13,f16	 f13:0x00000000 f16:0x7fc00000 f28=0x7fc00000
      53585.000 ns	      5357	800011e4	00000013	addi	x0,x0,0	  x0:0x00000000
      53605.000 ns	      5359	800011e8	21232f53	fsgnjx.s	f30,f6,f18	  f6:0x1d988000 f18:0xff800000 f30=0x9d988000
      53625.000 ns	      5361	800011ec	8dd3ee93	ori	x29,x7,-1827	  x7:0x00000000 x29=0xfffff8dd
      53635.000 ns	      5362	800011f0	417dd713	srai	x14,x27,0x17	 x27:0x14871120 x14=0x00000029
      53655.000 ns	      5364	800011f4	20f8a853	fsgnjx.s	f16,f17,f15	 f17:0x00000000 f15:0xff800000 f16=0x80000000
      53675.000 ns	      5366	800011f8	00296b33	or	x22,x18,x2	 x18:0x00000002  x2:0x00000000 x22=0x00000002
      53685.000 ns	      5367	800011fc	a89a5537	lui	x10,0xa89a5	 x10=0xa89a5000
      53705.000 ns	      5369	80001200	21c70ed3	fsgnj.s	f29,f14,f28	 f14:0x7fc00000 f28:0x7fc00000 f29=0x7fc00000
      53735.000 ns	      5372	80001204	21d21dd3	fsgnjn.s	f27,f4,f29	  f4:0x7f800000 f29:0x7fc00000 f27=0xff800000
      53755.000 ns	      5374	80001208	012e9493	slli	x9,x29,0x12	 x29:0xfffff8dd  x9=0xe3740000
      53765.000 ns	      5375	8000120c	b39c4c13	xori	x24,x24,-1223	 x24:0xffffffff x24=0x000004c6
      53775.000 ns	      5376	80001210	0164deb3	srl	x29,x9,x22	  x9:0xffffffff x22:0x00000002 x29=0x38dd0000
      53785.000 ns	      5377	80001214	003aa5b3	slt	x11,x21,x3	 x21:0xffffffff  x3:0x7fffffff x11=0x00000001
      53805.000 ns	      5379	80001218	e00394d3	fclass.s	x9,f7	  f7:0x7fc00000  x9=0x00000200
      53825.000 ns	      5381	8000121c	8508e597	auipc	x11,0x8508e	 x11=0x0508f21c
      53845.000 ns	      5383	80001220	28650ed3	fmin.s	f29,f10,f6	 f10:0x7fc00000  f6:0x1d988000 f29=0x1d988000
      53875.000 ns	      5386	80001224	d0188f53	fcvt.s.wu	f30,x17	 x17:0x908fbdb8 f30=0x4f108fbe
      53895.000 ns	      5388	80001228	2c4e4d93	xori	x27,x28,708	 x28:0xf506f533 x27=0xf506f7f7
      53915.000 ns	      5390	8000122c	a17a2fd3	feq.s	x31,f20,f23	 f20:0x7f800000 f23:0x0e974443 x31=0x00000000
      53945.000 ns	      5393	80001230	e0018653	fmv.x.w	x12,f3	  f3:0xff800000 x12=0xff800000
      53965.000 ns	      5395	80001234	01275f33	srl	x30,x14,x18	 x14:0x00000029 x18:0x00000002 x30=0x0000000a
      53985.000 ns	      5397	80001238	d00f21d3	fcvt.s.w	f3,x30	 x30:0x7fffffff  f3=0x41200000
      54015.000 ns	      5400	8000123c	d00447d3	fcvt.s.w	f15,x8	  x8:0x7fffffff f15=0x4f000000
      54385.000 ns	      5437	80001240	03385033	divu	x0,x16,x19	 x16:0x80041024 x19:0x0000000f
      54415.000 ns	      5440	80001244	03c933b3	mulhu	x7,x18,x28	 x18:0x00000002 x28:0xf506f533  x7=0x00000001
      54445.000 ns	      5443	80001248	c013f053	fcvt.wu.s	x0,f7	  f7:0x7fc00000
      54815.000 ns	      5480	8000124c	0375d1b3	divu	x3,x11,x23	 x11:0x0508f21c x23:0x00000277  x3=0x00020aee
      54835.000 ns	      5482	80001250	006c0833	add	x16,x24,x6	 x24:0x000004c6  x6:0x80041024 x16=0x800414ea
      54855.000 ns	      5484	80001254	034e32b3	mulhu	x5,x28,x20	 x28:0xf506f533 x20:0x00000000  x5=0x00000000
      54875.000 ns	      5486	80001258	795e4a13	xori	x20,x28,1941	 x28:0xf506f533 x20=0xf506f2a6
      54885.000 ns	      5487	8000125c	014ed393	srli	x7,x29,0x14	 x29:0x38dd0000  x7=0x0000038d
      54895.000 ns	      5488	80001260	01409d93	slli	x27,x1,0x14	  x1:0xffffffff x27=0xfff00000
      54905.000 ns	      5489	80001264	00513233	sltu	x4,x2,x5	  x2:0x00000000  x5:0x00000000  x4=0x00000000
      54925.000 ns	      5491	80001268	030b9033	mulh	x0,x23,x16	 x23:0x00000277 x16:0x800414ea
      54955.000 ns	      5494	8000126c	023c1733	mulh	x14,x24,x3	 x24:0x000004c6  x3:0x00020aee x14=0x00000000
      54985.000 ns	      5497	80001270	c0074853	fcvt.w.s	x16,f14	 f14:0x7fc00000 x16=0x7fffffff
      55015.000 ns	      5500	80001274	c0121453	fcvt.wu.s	x8,f4	  f4:0x7f800000  x8=0xffffffff
      55045.000 ns	      5503	80001278	a1669ed3	flt.s	x29,f13,f22	 f13:0x00000000 f22:0x7fc00000 x29=0x00000000
      55065.000 ns	      5505	8000127c	28ec6d13	ori	x26,x24,654	 x24:0x000004c6 x26=0x000006ce
      55075.000 ns	      5506	80001280	e538a613	slti	x12,x17,-429	 x17:0x908fbdb8 x12=0x00000001
      55085.000 ns	      5507	80001284	00000013	addi	x0,x0,0	  x0:0x00000000
      55095.000 ns	      5508	80001288	01ed8fb3	add	x31,x27,x30	 x27:0xfff00000 x30:0x0000000a x31=0xfff0000a
      55105.000 ns	      5509	8000128c	006a8eb3	add	x29,x21,x6	 x21:0xffffffff  x6:0x80041024 x29=0x80041023
      55125.000 ns	      5511	80001290	a1301153	flt.s	x2,f0,f19	  f0:0x7fc00000 f19:0x7fc00000  x2=0x00000000
      55175.000 ns	      5516	80001294	00bd7e53	fadd.s	f28,f26,f11	 f26:0x7f800000 f11:0x00000000 f28=0x7f800000
      55205.000 ns	      5519	80001298	d01aafd3	fcvt.s.wu	f31,x21	 x21:0xffffffff f31=0x4f800000
      55255.000 ns	      5524	8000129c	008d7ed3	fadd.s	f29,f26,f8	 f26:0x7f800000  f8:0x7fc00000 f29=0x7fc00000
      55285.000 ns	      5527	800012a0	02232bb3	mulhsu	x23,x6,x2	  x6:0x80041024  x2:0x00000000 x23=0x00000000
      55315.000 ns	      5530	800012a4	0378f733	remu	x14,x17,x23	 x17:0x908fbdb8 x23:0x00000277 x14=0x908fbdb8
      55335.000 ns	      5532	800012a8	20abe537	lui	x10,0x20abe	 x10=0x20abe000
      55355.000 ns	      5534	800012ac	022a0f33	mul	x30,x20,x2	 x20:0xf506f2a6  x2:0x00000000 x30=0x00000000
      55385.000 ns	      5537	800012b0	a0949dd3	flt.s	x27,f9,f9	  f9:0x7fc00000  f9:0x7fc00000 x27=0x00000000
      55405.000 ns	      5539	800012b4	79906c13	ori	x24,x0,1945	  x0:0x00000000 x24=0x00000799
      55425.000 ns	      5541	800012b8	d015fdd3	fcvt.s.wu	f27,x11	 x11:0x0508f21c f27=0x4ca11e43
      55445.000 ns	      5543	800012bc	4064d9b3	sra	x19,x9,x6	  x9:0x00000200  x6:0x80041024 x19=0x00000020
      55455.000 ns	      5544	800012c0	014d24b3	slt	x9,x26,x20	 x26:0x000006ce x20:0xf506f2a6  x9=0x00000000
      55475.000 ns	      5546	800012c4	21611853	fsgnjn.s	f16,f2,f22	  f2:0x69000000 f22:0x7fc00000 f16=0xe9000000
      55505.000 ns	      5549	800012c8	a0350553	fle.s	x10,f10,f3	 f10:0x7fc00000  f3:0x41200000 x10=0x00000000
      55525.000 ns	      5551	800012cc	4171d893	srai	x17,x3,0x17	  x3:0x00020aee x17=0x00000000
      55545.000 ns	      5553	800012d0	28ea18d3	fmax.s	f17,f20,f14	 f20:0x7f800000 f14:0x7fc00000 f17=0x7f800000
      55575.000 ns	      5556	800012d4	025cf933	remu	x18,x25,x5	 x25:0x80040fe4  x5:0x00000000 x18=0x80040fe4
      55595.000 ns	      5558	800012d8	00000013	addi	x0,x0,0	  x0:0x00000000
      55625.000 ns	      5561	800012dc	58067fd3	fsqrt.s	f31,f12	 f12:0x7fc00000 f31=0x7fc00000
      55655.000 ns	      5564	800012e0	024f0d33	mul	x26,x30,x4	 x30:0x00000000  x4:0x00000000 x26=0x00000000
      55685.000 ns	      5567	800012e4	a1360f53	fle.s	x30,f12,f19	 f12:0x7fc00000 f19:0x7fc00000 x30=0x00000000
      55715.000 ns	      5570	800012e8	29ea1353	fmax.s	f6,f20,f30	 f20:0x7f800000 f30:0x4f108fbe  f6=0x7f800000
      55745.000 ns	      5573	800012ec	a12a0053	fle.s	x0,f20,f18	 f20:0x7f800000 f18:0xff800000
      56115.000 ns	      5610	800012f0	03f9cd33	div	x26,x19,x31	 x19:0x00000020 x31:0xfff0000a x26=0x00000000
      56135.000 ns	      5612	800012f4	41aad493	srai	x9,x21,0x1a	 x21:0xffffffff  x9=0xffffffff
      56145.000 ns	      5613	800012f8	0002a5b3	slt	x11,x5,x0	  x5:0x00000000  x0:0x00000000 x11=0x00000000
      56165.000 ns	      5615	800012fc	d005fe53	fcvt.s.w	f28,x11	 x11:0x0508f21c f28=0x00000000
      56195.000 ns	      5618	80001300	20172053	fsgnjx.s	f0,f14,f1	 f14:0x7fc00000  f1:0x7fc00000  f0=0x7fc00000
      56215.000 ns	      5620	80001304	3d5a2fb7	lui	x31,0x3d5a2	 x31=0x3d5a2000
      56225.000 ns	      5621	80001308	6f3e4913	xori	x18,x28,1779	 x28:0xf506f533 x18=0xf506f3c0
      56235.000 ns	      5622	8000130c	016933b3	sltu	x7,x18,x22	 x18:0x80040fe4 x22:0x00000002  x7=0x00000000
      56245.000 ns	      5623	80001310	00000013	addi	x0,x0,0	  x0:0x00000000
      56265.000 ns	      5625	80001314	c00674d3	fcvt.w.s	x9,f12	 f12:0x7fc00000  x9=0x7fffffff
      56285.000 ns	      5627	80001318	ec3f0b13	addi	x22,x30,-317	 x30:0x00000000 x22=0xfffffec3
      56295.000 ns	      5628	8000131c	9b2bb793	sltiu	x15,x23,-1614	 x23:0x00000000 x15=0x00000001
      56655.000 ns	      5664	80001320	03f248b3	div	x17,x4,x31	  x4:0x00000000 x31:0x3d5a2000 x17=0x00000000
      56685.000 ns	      5667	80001324	a15c0b53	fle.s	x22,f24,f21	 f24:0x7fc00000 f21:0xff800000 x22=0x00000000
      56725.000 ns	      5671	80001328	10cc78d3	fmul.s	f17,f24,f12	 f24:0x7fc00000 f12:0x7fc00000 f17=0x7fc00000
      56745.000 ns	      5673	8000132c	519a3793	sltiu	x15,x20,1305	 x20:0xf506f2a6 x15=0x00000000
      56755.000 ns	      5674	80001330	66c54d37	lui	x26,0x66c54	 x26=0x66c54000
      56765.000 ns	      5675	80001334	41d35b93	srai	x23,x6,0x1d	  x6:0x80041024 x23=0xfffffffc
      56775.000 ns	      5676	80001338	41125f93	srai	x31,x4,0x11	  x4:0x00000000 x31=0x00000000
      56795.000 ns	      5678	8000133c	03a084b3	mul	x9,x1,x26	  x1:0xffffffff x26:0x66c54000  x9=0x993ac000
      56825.000 ns	      5681	80001340	f00d0f53	fmv.w.x	f30,x26	 x26:0x66c54000 f30=0x66c54000
      56845.000 ns	      5683	80001344	00735db3	srl	x27,x6,x7	  x6:0x80041024  x7:0x00000000 x27=0x80041024
      56855.000 ns	      5684	80001348	7c9e7093	andi	x1,x28,1993	 x28:0xf506f533  x1=0x00000501
      56865.000 ns	      5685	8000134c	01f45ab3	srl	x21,x8,x31	  x8:0xffffffff x31:0x00000000 x21=0xffffffff
      56905.000 ns	      5689	80001350	010877d3	fadd.s	f15,f16,f16	 f16:0xe9000000 f16:0xe9000000 f15=0xe9800000
      56925.000 ns	      5691	80001354	003ea133	slt	x2,x29,x3	 x29:0x80041023  x3:0x00020aee  x2=0x00000001
      56935.000 ns	      5692	80001358	41ed08b3	sub	x17,x26,x30	 x26:0x66c54000 x30:0x00000000 x17=0x66c54000
      57295.000 ns	      5728	8000135c	02c8efb3	rem	x31,x17,x12	 x17:0x00000000 x12:0x00000001 x31=0x00000000
      57325.000 ns	      5731	80001360	20cf82d3	fsgnj.s	f5,f31,f12	 f31:0x7fc00000 f12:0x7fc00000  f5=0x7fc00000
      57355.000 ns	      5734	80001364	02078ab3	mul	x21,x15,x0	 x15:0x00000000  x0:0x00000000 x21=0x00000000
      57375.000 ns	      5736	80001368	404180b3	sub	x1,x3,x4	  x3:0x00020aee  x4:0x00000000  x1=0x00020aee
      57395.000 ns	      5738	8000136c	a1291653	flt.s	x12,f18,f18	 f18:0xff800000 f18:0xff800000 x12=0x00000000
      57415.000 ns	      5740	80001370	00000013	addi	x0,x0,0	  x0:0x00000000
      57425.000 ns	      5741	80001374	01a55613	srli	x12,x10,0x1a	 x10:0x00000000 x12=0x00000000
      57435.000 ns	      5742	80001378	01c8d033	srl	x0,x17,x28	 x17:0x66c54000 x28:0xf506f533
      57445.000 ns	      5743	8000137c	0197dab3	srl	x21,x15,x25	 x15:0x00000000 x25:0x80040fe4 x21=0x00000000
      57485.000 ns	      5747	80001380	08deb5d3	fsub.s	f11,f29,f13	 f29:0x7fc00000 f13:0x00000000 f11=0x7fc00000
      57515.000 ns	      5750	80001384	212619d3	fsgnjn.s	f19,f12,f18	 f12:0x7fc00000 f18:0xff800000 f19=0x7fc00000
      57545.000 ns	      5753	80001388	032e99b3	mulh	x19,x29,x18	 x29:0x80041023 x18:0xf506f3c0 x19=0x057c598a
      57565.000 ns	      5755	8000138c	8955e393	ori	x7,x11,-1899	 x11:0x00000000  x7=0xfffff895
      57585.000 ns	      5757	80001390	e00207d3	fmv.x.w	x15,f4	  f4:0x7f800000 x15=0x7f800000
      57615.000 ns	      5760	80001394	29239653	fmax.s	f12,f7,f18	  f7:0x7fc00000 f18:0xff800000 f12=0xff800000
      57645.000 ns	      5763	80001398	21ff2553	fsgnjx.s	f10,f30,f31	 f30:0x66c54000 f31:0x7fc00000 f10=0x66c54000
      57675.000 ns	      5766	8000139c	a0f011d3	flt.s	x3,f0,f15	  f0:0x7fc00000 f15:0xe9800000  x3=0x00000000
      57705.000 ns	      5769	800013a0	c012fa53	fcvt.wu.s	x20,f5	  f5:0x7fc00000 x20=0xffffffff
      57755.000 ns	      5774	800013a4	0996f1d3	fsub.s	f3,f13,f25	 f13:0x00000000 f25:0xcf00040f  f3=0x4f00040f
      57775.000 ns	      5776	800013a8	0082ad33	slt	x26,x5,x8	  x5:0x00000000  x8:0xffffffff x26=0x00000000
      57805.000 ns	      5779	800013ac	580ef153	fsqrt.s	f2,f29	 f29:0x7fc00000  f2=0x7fc00000
      57835.000 ns	      5782	800013b0	02b1bdb3	mulhu	x27,x3,x11	  x3:0x00000000 x11:0x00000000 x27=0x00000000
      57855.000 ns	      5784	800013b4	8c7136b7	lui	x13,0x8c713	 x13=0x8c713000
      57865.000 ns	      5785	800013b8	006de033	or	x0,x27,x6	 x27:0x00000000  x6:0x80041024
      58225.000 ns	      5821	800013bc	022e4bb3	div	x23,x28,x2	 x28:0xf506f533  x2:0x00000001 x23=0xf506f533
      58245.000 ns	      5823	800013c0	00000013	addi	x0,x0,0	  x0:0x00000000
      58265.000 ns	      5825	800013c4	a1e60053	fle.s	x0,f12,f30	 f12:0xff800000 f30:0x66c54000
      58295.000 ns	      5828	800013c8	038a3133	mulhu	x2,x20,x24	 x20:0xffffffff x24:0x00000799  x2=0x00000798
      58315.000 ns	      5830	800013cc	bed80913	addi	x18,x16,-1043	 x16:0x7fffffff x18=0x7ffffbec
      58335.000 ns	      5832	800013d0	d00ffc53	fcvt.s.w	f24,x31	 x31:0x00000000 f24=0x00000000
      58365.000 ns	      5835	800013d4	f00c0ed3	fmv.w.x	f29,x24	 x24:0x00000799 f29=0x00000799
      58395.000 ns	      5838	800013d8	a1728253	fle.s	x4,f5,f23	  f5:0x7fc00000 f23:0x0e974443  x4=0x00000000
      58425.000 ns	      5841	800013dc	024b5233	divu	x4,x22,x4	 x22:0x00000000  x4:0x00000000  x4=0xffffffff
      58455.000 ns	      5844	800013e0	d014bb53	fcvt.s.wu	f22,x9	  x9:0x993ac000 f22=0x4f193ac0
      58485.000 ns	      5847	800013e4	218f1453	fsgnjn.s	f8,f30,f24	 f30:0x66c54000 f24:0x00000000  f8=0xe6c54000
      58515.000 ns	      5850	800013e8	035ea5b3	mulhsu	x11,x29,x21	 x29:0x80041023 x21:0x00000000 x11=0x00000000
      58545.000 ns	      5853	800013ec	f00f8153	fmv.w.x	f2,x31	 x31:0x00000000  f2=0x00000000
      58565.000 ns	      5855	800013f0	008a59b3	srl	x19,x20,x8	 x20:0xffffffff  x8:0xffffffff x19=0x00000001
      58575.000 ns	      5856	800013f4	014f3133	sltu	x2,x30,x20	 x30:0x00000000 x20:0xffffffff  x2=0x00000001
      58585.000 ns	      5857	800013f8	0c38e613	ori	x12,x17,195	 x17:0x66c54000 x12=0x66c540c3
      58595.000 ns	      5858	800013fc	828b2117	auipc	x2,0x828b2	  x2=0x028b33fc
      58615.000 ns	      5860	80001400	035d1733	mulh	x14,x26,x21	 x26:0x00000000 x21:0x00000000 x14=0x00000000
      58635.000 ns	      5862	80001404	012c6533	or	x10,x24,x18	 x24:0x00000799 x18:0x7ffffbec x10=0x7ffffffd
      58645.000 ns	      5863	80001408	00896fb3	or	x31,x18,x8	 x18:0x7ffffbec  x8:0xffffffff x31=0xffffffff
      58655.000 ns	      5864	8000140c	01af3833	sltu	x16,x30,x26	 x30:0x00000000 x26:0x00000000 x16=0x00000000
      58665.000 ns	      5865	80001410	4092d833	sra	x16,x5,x9	  x5:0x00000000  x9:0x993ac000 x16=0x00000000
      58675.000 ns	      5866	80001414	715d7e93	andi	x29,x26,1813	 x26:0x00000000 x29=0x00000000
      58695.000 ns	      5868	80001418	03842b33	mulhsu	x22,x8,x24	  x8:0xffffffff x24:0x00000799 x22=0xffffffff
      58745.000 ns	      5873	8000141c	012f3553	fadd.s	f10,f30,f18	 f30:0x66c54000 f18:0xff800000 f10=0xff800000
      58775.000 ns	      5876	80001420	0289bd33	mulhu	x26,x19,x8	 x19:0x00000001  x8:0xffffffff x26=0x00000000
      58795.000 ns	      5878	80001424	40fc0233	sub	x4,x24,x15	 x24:0x00000799 x15:0x7f800000  x4=0x80800799
      58805.000 ns	      5879	80001428	01757233	and	x4,x10,x23	 x10:0x7ffffffd x23:0xf506f533  x4=0x7506f531
      58815.000 ns	      5880	8000142c	40bd5fb3	sra	x31,x26,x11	 x26:0x00000000 x11:0x00000000 x31=0x00000000
      58825.000 ns	      5881	80001430	011d7fb3	and	x31,x26,x17	 x26:0x00000000 x17:0x66c54000 x31=0x00000000
      58845.000 ns	      5883	80001434	0260b7b3	mulhu	x15,x1,x6	  x1:0x00020aee  x6:0x80041024 x15=0x0001057f
      58875.000 ns	      5886	80001438	d00d77d3	fcvt.s.w	f15,x26	 x26:0x00000000 f15=0x00000000
      58895.000 ns	      5888	8000143c	002b58b3	srl	x17,x22,x2	 x22:0xffffffff  x2:0x028b33fc x17=0x0000000f
      58905.000 ns	      5889	80001440	411b86b3	sub	x13,x23,x17	 x23:0xf506f533 x17:0x66c54000 x13=0xf506f524
      58915.000 ns	      5890	80001444	0667c013	xori	x0,x15,102	 x15:0x0001057f
      58935.000 ns	      5892	80001448	280b8653	fmin.s	f12,f23,f0	 f23:0x0e974443  f0:0x7fc00000 f12=0x0e974443
      58955.000 ns	      5894	8000144c	010faf33	slt	x30,x31,x16	 x31:0x00000000 x16:0x00000000 x30=0x00000000
      58975.000 ns	      5896	80001450	d0023b53	fcvt.s.w	f22,x4	  x4:0x7506f531 f22=0x4eea0deb
      58995.000 ns	      5898	80001454	005827b3	slt	x15,x16,x5	 x16:0x00000000  x5:0x00000000 x15=0x00000000
      59005.000 ns	      5899	80001458	26522513	slti	x10,x4,613	  x4:0x7506f531 x10=0x00000000
      59015.000 ns	      5900	8000145c	0197ac33	slt	x24,x15,x25	 x15:0x0001057f x25:0x80040fe4 x24=0x00000000
      59035.000 ns	      5902	80001460	d015f953	fcvt.s.wu	f18,x11	 x11:0x00000000 f18=0x00000000
      59055.000 ns	      5904	80001464	b0b00a93	addi	x21,x0,-1269	  x0:0x00000000 x21=0xfffffb0b
      59065.000 ns	      5905	80001468	53cfff93	andi	x31,x31,1340	 x31:0x00000000 x31=0x00000000
      59085.000 ns	      5907	8000146c	c01db953	fcvt.wu.s	x18,f27	 f27:0x4ca11e43 x18=0x0508f218
      59105.000 ns	      5909	80001470	401cdf13	srai	x30,x25,0x1	 x25:0x80040fe4 x30=0xc00207f2
      59465.000 ns	      5945	80001474	03247ab3	remu	x21,x8,x18	  x8:0xffffffff x18:0x0508f218 x21=0x0440b74f
      59495.000 ns	      5948	80001478	02b70733	mul	x14,x14,x11	 x14:0x00000000 x11:0x00000000 x14=0x00000000
      59515.000 ns	      5950	8000147c	00db7c33	and	x24,x22,x13	 x22:0xffffffff x13:0xf506f524 x24=0xf506f524
      59525.000 ns	      5951	80001480	de91a293	slti	x5,x3,-535	  x3:0x00000000  x5=0x00000000
      59545.000 ns	      5953	80001484	032684b3	mul	x9,x13,x18	 x13:0xf506f524 x18:0x0508f218  x9=0xe9830360
      59575.000 ns	      5956	80001488	d011f453	fcvt.s.wu	f8,x3	  x3:0x00000000  f8=0x00000000
      59615.000 ns	      5960	8000148c	58023553	fsqrt.s	f10,f4	  f4:0x7f800000 f10=0x7f800000
      59645.000 ns	      5963	80001490	03ffd033	divu	x0,x31,x31	 x31:0x00000000 x31:0x00000000
      59675.000 ns	      5966	80001494	21f80ed3	fsgnj.s	f29,f16,f31	 f16:0xe9000000 f31:0x7fc00000 f29=0x69000000
      59705.000 ns	      5969	80001498	c017f453	fcvt.wu.s	x8,f15	 f15:0x00000000  x8=0x00000000
      59725.000 ns	      5971	8000149c	4087db33	sra	x22,x15,x8	 x15:0x00000000  x8:0xffffffff x22=0x00000000
      59765.000 ns	      5975	800014a0	00c617d3	fadd.s	f15,f12,f12	 f12:0x0e974443 f12:0x0e974443 f15=0x0f174443
      60135.000 ns	      6012	800014a4	02ca44b3	div	x9,x20,x12	 x20:0xffffffff x12:0x66c540c3  x9=0x00000000
      60155.000 ns	      6014	800014a8	01d56bb3	or	x23,x10,x29	 x10:0x00000000 x29:0x00000000 x23=0x00000000
      60515.000 ns	      6050	800014ac	0356edb3	rem	x27,x13,x21	 x13:0xf506f524 x21:0x0440b74f x27=0xfd8863c2
      60545.000 ns	      6053	800014b0	21eb8d53	fsgnj.s	f26,f23,f30	 f23:0x0e974443 f30:0x66c54000 f26=0x0e974443
      60575.000 ns	      6056	800014b4	d01874d3	fcvt.s.wu	f9,x16	 x16:0x00000000  f9=0x00000000
      60595.000 ns	      6058	800014b8	01abdb33	srl	x22,x23,x26	 x23:0x00000000 x26:0x00000000 x22=0x00000000
      60615.000 ns	      6060	800014bc	025e6f33	rem	x30,x28,x5	 x28:0xf506f533  x5:0x00000000 x30=0xf506f533
      60645.000 ns	      6063	800014c0	f00b8e53	fmv.w.x	f28,x23	 x23:0x00000000 f28=0x00000000
      60665.000 ns	      6065	800014c4	8b5e8413	addi	x8,x29,-1867	 x29:0x00000000  x8=0xfffff8b5
      60685.000 ns	      6067	800014c8	e0039553	fclass.s	x10,f7	  f7:0x7fc00000 x10=0x00000200
      61055.000 ns	      6104	800014cc	03e95db3	divu	x27,x18,x30	 x18:0x0508f218 x30:0xf506f533 x27=0x00000000
      61075.000 ns	      6106	800014d0	01052033	slt	x0,x10,x16	 x10:0x00000200 x16:0x00000000
      61095.000 ns	      6108	800014d4	03ddc233	div	x4,x27,x29	 x27:0x00000000 x29:0x00000000  x4=0xffffffff
      61125.000 ns	      6111	800014d8	034a82b3	mul	x5,x21,x20	 x21:0x0440b74f x20:0xffffffff  x5=0xfbbf48b1
      61495.000 ns	      6148	800014dc	032f70b3	remu	x1,x30,x18	 x30:0xf506f533 x18:0x0508f218  x1=0x035990b3
      61525.000 ns	      6151	800014e0	03c13233	mulhu	x4,x2,x28	  x2:0x028b33fc x28:0xf506f533  x4=0x026f4a73
      61895.000 ns	      6188	800014e4	033940b3	div	x1,x18,x19	 x18:0x0508f218 x19:0x00000001  x1=0x0508f218
      61925.000 ns	      6191	800014e8	d01c8c53	fcvt.s.wu	f24,x25	 x25:0x80040fe4 f24=0x4f000410
      61945.000 ns	      6193	800014ec	1f6cb413	sltiu	x8,x25,502	 x25:0x80040fe4  x8=0x00000000
      61975.000 ns	      6196	800014f0	10eb74d3	fmul.s	f9,f22,f14	 f22:0x4eea0deb f14:0x7fc00000  f9=0x7fc00000
      61995.000 ns	      6198	800014f4	013fb633	sltu	x12,x31,x19	 x31:0x00000000 x19:0x00000001 x12=0x00000001
      62015.000 ns	      6200	800014f8	a1b788d3	fle.s	x17,f15,f27	 f15:0x0f174443 f27:0x4ca11e43 x17=0x00000001
      62045.000 ns	      6203	800014fc	021e27b3	mulhsu	x15,x28,x1	 x28:0xf506f533  x1:0x0508f218 x15=0xffc8c0a1
      62065.000 ns	      6205	80001500	00000013	addi	x0,x0,0	  x0:0x00000000
      62075.000 ns	      6206	80001504	01a9d013	srli	x0,x19,0x1a	 x19:0x00000001
      62095.000 ns	      6208	80001508	29169353	fmax.s	f6,f13,f17	 f13:0x00000000 f17:0x7fc00000  f6=0x00000000
      62125.000 ns	      6211	8000150c	28ea0c53	fmin.s	f24,f20,f14	 f20:0x7f800000 f14:0x7fc00000 f24=0x7f800000
      62155.000 ns	      6214	80001510	03331033	mulh	x0,x6,x19	  x6:0x80041024 x19:0x00000001
      62195.000 ns	      6218	80001514	11a6f153	fmul.s	f2,f13,f26	 f13:0x00000000 f26:0x0e974443  f2=0x00000000
      62225.000 ns	      6221	80001518	03638233	mul	x4,x7,x22	  x7:0xfffff895 x22:0x00000000  x4=0x00000000
      62245.000 ns	      6223	8000151c	3190ff13	andi	x30,x1,793	  x1:0x0508f218 x30=0x00000218
      62265.000 ns	      6225	80001520	a0288fd3	fle.s	x31,f17,f2	 f17:0x7fc00000  f2:0x00000000 x31=0x00000000
      62285.000 ns	      6227	80001524	40e052b3	sra	x5,x0,x14	  x0:0x00000000 x14:0x00000000  x5=0x00000000
      62315.000 ns	      6230	80001528	11c72253	fmul.s	f4,f14,f28	 f14:0x7fc00000 f28:0x00000000  f4=0x7fc00000
      62335.000 ns	      6232	8000152c	00000013	addi	x0,x0,0	  x0:0x00000000
      62355.000 ns	      6234	80001530	e0068c53	fmv.x.w	x24,f13	 f13:0x00000000 x24=0x00000000
      62395.000 ns	      6238	80001534	193870d3	fdiv.s	f1,f16,f19	 f16:0xe9000000 f19:0x7fc00000  f1=0x7fc00000
      62425.000 ns	      6241	80001538	a0a02ed3	feq.s	x29,f0,f10	  f0:0x7fc00000 f10:0x7f800000 x29=0x00000000
      62455.000 ns	      6244	8000153c	e00a9a53	fclass.s	x20,f21	 f21:0xff800000 x20=0x00000001
      62475.000 ns	      6246	80001540	f55844b7	lui	x9,0xf5584	  x9=0xf5584000
      62505.000 ns	      6249	80001544	18f07053	fdiv.s	f0,f0,f15	  f0:0x7fc00000 f15:0x0f174443  f0=0x7fc00000
      62535.000 ns	      6252	80001548	02373833	mulhu	x16,x14,x3	 x14:0x00000000  x3:0x00000000 x16=0x00000000
      62555.000 ns	      6254	8000154c	40380d33	sub	x26,x16,x3	 x16:0x00000000  x3:0x00000000 x26=0x00000000
      62575.000 ns	      6256	80001550	03a69833	mulh	x16,x13,x26	 x13:0xf506f524 x26:0x00000000 x16=0x00000000
      62595.000 ns	      6258	80001554	83bbe693	ori	x13,x23,-1989	 x23:0x00000000 x13=0xfffff83b
      62615.000 ns	      6260	80001558	d00275d3	fcvt.s.w	f11,x4	  x4:0x00000000 f11=0x00000000
      62645.000 ns	      6263	8000155c	e0031653	fclass.s	x12,f6	  f6:0x00000000 x12=0x00000010
      62665.000 ns	      6265	80001560	00b65c33	srl	x24,x12,x11	 x12:0x00000001 x11:0x00000000 x24=0x00000010
      62685.000 ns	      6267	80001564	02c02db3	mulhsu	x27,x0,x12	  x0:0x00000000 x12:0x00000010 x27=0x00000000
      62715.000 ns	      6270	80001568	0319a5b3	mulhsu	x11,x19,x17	 x19:0x00000001 x17:0x00000001 x11=0x00000000
      63085.000 ns	      6307	8000156c	02777a33	remu	x20,x14,x7	 x14:0x00000000  x7:0xfffff895 x20=0x00000000
      63105.000 ns	      6309	80001570	00093933	sltu	x18,x18,x0	 x18:0x0508f218  x0:0x00000000 x18=0x00000000
      63115.000 ns	      6310	80001574	01ea81b3	add	x3,x21,x30	 x21:0x0440b74f x30:0x00000218  x3=0x0440b967
      63135.000 ns	      6312	80001578	299a99d3	fmax.s	f19,f21,f25	 f21:0xff800000 f25:0xcf00040f f19=0xcf00040f
      63165.000 ns	      6315	8000157c	e00203d3	fmv.x.w	x7,f4	  f4:0x7fc00000  x7=0x7fc00000
      63195.000 ns	      6318	80001580	28249d53	fmax.s	f26,f9,f2	  f9:0x7fc00000  f2:0x00000000 f26=0x00000000
      63215.000 ns	      6320	80001584	0049b933	sltu	x18,x19,x4	 x19:0x00000001  x4:0x00000000 x18=0x00000000
      63235.000 ns	      6322	80001588	022dab33	mulhsu	x22,x27,x2	 x27:0x00000000  x2:0x028b33fc x22=0x00000000
      63255.000 ns	      6324	8000158c	00687db3	and	x27,x16,x6	 x16:0x00000000  x6:0x80041024 x27=0x00000000
      63265.000 ns	      6325	80001590	75c50093	addi	x1,x10,1884	 x10:0x00000200  x1=0x0000095c
      63285.000 ns	      6327	80001594	02f604b3	mul	x9,x12,x15	 x12:0x00000010 x15:0xffc8c0a1  x9=0xfc8c0a10
      63305.000 ns	      6329	80001598	00164733	xor	x14,x12,x1	 x12:0x00000010  x1:0x0508f218 x14=0x0000094c
      63335.000 ns	      6332	8000159c	5809a853	fsqrt.s	f16,f19	 f19:0xcf00040f f16=0x7fc00000
      63365.000 ns	      6335	800015a0	c00278d3	fcvt.w.s	x17,f4	  f4:0x7fc00000 x17=0x7fffffff
      63735.000 ns	      6372	800015a4	02124c33	div	x24,x4,x1	  x4:0x00000000  x1:0x0000095c x24=0x00000000
      63755.000 ns	      6374	800015a8	01775993	srli	x19,x14,0x17	 x14:0x0000094c x19=0x00000000
      63765.000 ns	      6375	800015ac	00000013	addi	x0,x0,0	  x0:0x00000000
      63775.000 ns	      6376	800015b0	41428533	sub	x10,x5,x20	  x5:0x00000000 x20:0x00000000 x10=0x00000000
      63795.000 ns	      6378	800015b4	21c51753	fsgnjn.s	f14,f10,f28	 f10:0x7f800000 f28:0x00000000 f14=0xff800000
      63825.000 ns	      6381	800015b8	03f53833	mulhu	x16,x10,x31	 x10:0x00000200 x31:0x00000000 x16=0x00000000
      63855.000 ns	      6384	800015bc	030d38b3	mulhu	x17,x26,x16	 x26:0x00000000 x16:0x00000000 x17=0x00000000
      63885.000 ns	      6387	800015c0	219a2cd3	fsgnjx.s	f25,f20,f25	 f20:0x7f800000 f25:0xcf00040f f25=0xff800000
      63915.000 ns	      6390	800015c4	c01ef853	fcvt.wu.s	x16,f29	 f29:0x69000000 x16=0x00000000
      63935.000 ns	      6392	800015c8	6d3f0193	addi	x3,x30,1747	 x30:0x00000218  x3=0x000008eb
      63945.000 ns	      6393	800015cc	01d1f133	and	x2,x3,x29	  x3:0x0440b967 x29:0x00000000  x2=0x00000000
      63965.000 ns	      6395	800015d0	c016f3d3	fcvt.wu.s	x7,f13	 f13:0x00000000  x7=0x00000000
      64015.000 ns	      6400	800015d4	01c5fe53	fadd.s	f28,f11,f28	 f11:0x00000000 f28:0x00000000 f28=0x00000000
      65195.000 ns	      6518	800015d8	580ef253	fsqrt.s	f4,f29	 f29:0x69000000  f4=0x53b50482
      65225.000 ns	      6521	800015dc	28d29dd3	fmax.s	f27,f5,f13	  f5:0x7fc00000 f13:0x00000000 f27=0x00000000
      65255.000 ns	      6524	800015e0	d01223d3	fcvt.s.wu	f7,x4	  x4:0x00000000  f7=0x00000000
      65285.000 ns	      6527	800015e4	d01698d3	fcvt.s.wu	f17,x13	 x13:0xfffff83b f17=0x4f7ffff8
      65305.000 ns	      6529	800015e8	c75b00b7	lui	x1,0xc75b0	  x1=0xc75b0000
      65325.000 ns	      6531	800015ec	021a80b3	mul	x1,x21,x1	 x21:0x0440b74f  x1:0x0000095c  x1=0x92150000
      65355.000 ns	      6534	800015f0	032c89b3	mul	x19,x25,x18	 x25:0x80040fe4 x18:0x00000000 x19=0x00000000
      65385.000 ns	      6537	800015f4	e0059a53	fclass.s	x20,f11	 f11:0x00000000 x20=0x00000010
      65405.000 ns	      6539	800015f8	00000013	addi	x0,x0,0	  x0:0x00000000
      65415.000 ns	      6540	800015fc	bf8cf717	auipc	x14,0xbf8cf	 x14=0x3f8d05fc
      65425.000 ns	      6541	80001600	01088c33	add	x24,x17,x16	 x17:0x00000000 x16:0x00000000 x24=0x00000000
      65435.000 ns	      6542	80001604	00168d33	add	x26,x13,x1	 x13:0xfffff83b  x1:0x92150000 x26=0x9214f83b
      65455.000 ns	      6544	80001608	036da533	mulhsu	x10,x27,x22	 x27:0x00000000 x22:0x00000000 x10=0x00000000
      65475.000 ns	      6546	8000160c	9b772093	slti	x1,x14,-1609	 x14:0x3f8d05fc  x1=0x00000000
      65485.000 ns	      6547	80001610	017eb733	sltu	x14,x29,x23	 x29:0x00000000 x23:0x00000000 x14=0x00000000
      65505.000 ns	      6549	80001614	21330953	fsgnj.s	f18,f6,f19	  f6:0x00000000 f19:0xcf00040f f18=0x80000000
      65535.000 ns	      6552	80001618	a18006d3	fle.s	x13,f0,f24	  f0:0x7fc00000 f24:0x7f800000 x13=0x00000000
      65555.000 ns	      6554	8000161c	01a581b3	add	x3,x11,x26	 x11:0x00000000 x26:0x9214f83b  x3=0x9214f83b
      65575.000 ns	      6556	80001620	02751533	mulh	x10,x10,x7	 x10:0x00000000  x7:0x00000000 x10=0x00000000
      65625.000 ns	      6561	80001624	0197fd53	fadd.s	f26,f15,f25	 f15:0x0f174443 f25:0xff800000 f26=0xff800000
      65645.000 ns	      6563	80001628	012dbdb3	sltu	x27,x27,x18	 x27:0x00000000 x18:0x00000000 x27=0x00000000
      65685.000 ns	      6567	8000162c	09c27ad3	fsub.s	f21,f4,f28	  f4:0x53b50482 f28:0x00000000 f21=0x53b50482
      65705.000 ns	      6569	80001630	edd0c293	xori	x5,x1,-291	  x1:0x00000000  x5=0xfffffedd
      65715.000 ns	      6570	80001634	00000013	addi	x0,x0,0	  x0:0x00000000
      65735.000 ns	      6572	80001638	205c9253	fsgnjn.s	f4,f25,f5	 f25:0xff800000  f5:0x7fc00000  f4=0xff800000
      65755.000 ns	      6574	8000163c	019aec33	or	x24,x21,x25	 x21:0x0440b74f x25:0x80040fe4 x24=0x8444bfef
      65775.000 ns	      6576	80001640	20000f53	fsgnj.s	f30,f0,f0	  f0:0x7fc00000  f0:0x7fc00000 f30=0x7fc00000
      65805.000 ns	      6579	80001644	d0073953	fcvt.s.w	f18,x14	 x14:0x00000000 f18=0x00000000
      65835.000 ns	      6582	80001648	d0142e53	fcvt.s.wu	f28,x8	  x8:0x00000000 f28=0x00000000
      65855.000 ns	      6584	8000164c	003555b3	srl	x11,x10,x3	 x10:0x00000000  x3:0x9214f83b x11=0x00000000
      65875.000 ns	      6586	80001650	285000d3	fmin.s	f1,f0,f5	  f0:0x7fc00000  f5:0x7fc00000  f1=0x7fc00000
      65905.000 ns	      6589	80001654	e00706d3	fmv.x.w	x13,f14	 f14:0xff800000 x13=0xff800000
      65935.000 ns	      6592	80001658	292719d3	fmax.s	f19,f14,f18	 f14:0xff800000 f18:0x00000000 f19=0x00000000
      65965.000 ns	      6595	8000165c	03be9433	mulh	x8,x29,x27	 x29:0x00000000 x27:0x00000000  x8=0x00000000
      65995.000 ns	      6598	80001660	219c2dd3	fsgnjx.s	f27,f24,f25	 f24:0x7f800000 f25:0xff800000 f27=0xff800000
      66025.000 ns	      6601	80001664	c00fc853	fcvt.w.s	x16,f31	 f31:0x7fc00000 x16=0x7fffffff
      66055.000 ns	      6604	80001668	03dfac33	mulhsu	x24,x31,x29	 x31:0x00000000 x29:0x00000000 x24=0x00000000
      66085.000 ns	      6607	8000166c	02383c33	mulhu	x24,x16,x3	 x16:0x7fffffff  x3:0x9214f83b x24=0x490a7c1c
      66105.000 ns	      6609	80001670	015cc6b3	xor	x13,x25,x21	 x25:0x80040fe4 x21:0x0440b74f x13=0x8444b8ab
      66145.000 ns	      6613	80001674	08677d53	fsub.s	f26,f14,f6	 f14:0xff800000  f6:0x00000000 f26=0xff800000
      66175.000 ns	      6616	80001678	a09f1953	flt.s	x18,f30,f9	 f30:0x7fc00000  f9:0x7fc00000 x18=0x00000000
      66205.000 ns	      6619	8000167c	a15e2d53	feq.s	x26,f28,f21	 f28:0x00000000 f21:0x53b50482 x26=0x00000000
      66235.000 ns	      6622	80001680	d00d7cd3	fcvt.s.w	f25,x26	 x26:0x9214f83b f25=0x00000000
      66265.000 ns	      6625	80001684	a1970ad3	fle.s	x21,f14,f25	 f14:0xff800000 f25:0xff800000 x21=0x00000001
      66295.000 ns	      6628	80001688	0246e933	rem	x18,x13,x4	 x13:0x8444b8ab  x4:0x00000000 x18=0x8444b8ab
      66315.000 ns	      6630	8000168c	019944b3	xor	x9,x18,x25	 x18:0x00000000 x25:0x80040fe4  x9=0x0440b74f
      66325.000 ns	      6631	80001690	00497c33	and	x24,x18,x4	 x18:0x8444b8ab  x4:0x00000000 x24=0x00000000
      66345.000 ns	      6633	80001694	e00a98d3	fclass.s	x17,f21	 f21:0x53b50482 x17=0x00000040
      66715.000 ns	      6670	80001698	0252dc33	divu	x24,x5,x5	  x5:0xfffffedd  x5:0xfffffedd x24=0x00000001
      67085.000 ns	      6707	8000169c	031559b3	divu	x19,x10,x17	 x10:0x00000000 x17:0x00000040 x19=0x00000000
      68265.000 ns	      6825	800016a0	5807f553	fsqrt.s	f10,f15	 f15:0x0f174443 f10=0x26d5ebc2
      68295.000 ns	      6828	800016a4	02c7aa33	mulhsu	x20,x15,x12	 x15:0xffc8c0a1 x12:0x00000010 x20=0xffffffff
      68325.000 ns	      6831	800016a8	d0107c53	fcvt.s.wu	f24,x0	  x0:0x00000000 f24=0x00000000
      68345.000 ns	      6833	800016ac	16f6b613	sltiu	x12,x13,367	 x13:0x8444b8ab x12=0x00000000
      68365.000 ns	      6835	800016b0	e0008ed3	fmv.x.w	x29,f1	  f1:0x7fc00000 x29=0x7fc00000
      68385.000 ns	      6837	800016b4	eb074713	xori	x14,x14,-336	 x14:0x00000000 x14=0xfffffeb0
      68395.000 ns	      6838	800016b8	009cac33	slt	x24,x25,x9	 x25:0x80040fe4  x9:0x0440b74f x24=0x00000001
      68405.000 ns	      6839	800016bc	005f39b3	sltu	x19,x30,x5	 x30:0x00000218  x5:0xfffffedd x19=0x00000001
      68425.000 ns	      6841	800016c0	035a9c33	mulh	x24,x21,x21	 x21:0x00000001 x21:0x00000001 x24=0x00000000
      68795.000 ns	      6878	800016c4	02fb7833	remu	x16,x22,x15	 x22:0x00000000 x15:0xffc8c0a1 x16=0x00000000
      68825.000 ns	      6881	800016c8	a0ab91d3	flt.s	x3,f23,f10	 f23:0x0e974443 f10:0x26d5ebc2  x3=0x00000001
      68855.000 ns	      6884	800016cc	03a25133	divu	x2,x4,x26	  x4:0x00000000 x26:0x00000000  x2=0xffffffff
      68885.000 ns	      6887	800016d0	296f15d3	fmax.s	f11,f30,f22	 f30:0x7fc00000 f22:0x4eea0deb f11=0x4eea0deb
      68905.000 ns	      6889	800016d4	41048833	sub	x16,x9,x16	  x9:0x0440b74f x16:0x00000000 x16=0x0440b74f
      68925.000 ns	      6891	800016d8	d01679d3	fcvt.s.wu	f19,x12	 x12:0x00000000 f19=0x00000000
      68945.000 ns	      6893	800016dc	00c0d6b3	srl	x13,x1,x12	  x1:0x00000000 x12:0x00000000 x13=0x00000000
      68955.000 ns	      6894	800016e0	7161b797	auipc	x15,0x7161b	 x15=0xf161c6e0
      68965.000 ns	      6895	800016e4	505ce713	ori	x14,x25,1285	 x25:0x80040fe4 x14=0x80040fe5
      68985.000 ns	      6897	800016e8	21361453	fsgnjn.s	f8,f12,f19	 f12:0x0e974443 f19:0x00000000  f8=0x8e974443
      69005.000 ns	      6899	800016ec	e9bbfd93	andi	x27,x23,-357	 x23:0x00000000 x27=0x00000000
      69015.000 ns	      6900	800016f0	40b08733	sub	x14,x1,x11	  x1:0x00000000 x11:0x00000000 x14=0x00000000
      69025.000 ns	      6901	800016f4	01b02433	slt	x8,x0,x27	  x0:0x00000000 x27:0x00000000  x8=0x00000000
      69045.000 ns	      6903	800016f8	a1ad1553	flt.s	x10,f26,f26	 f26:0xff800000 f26:0xff800000 x10=0x00000000
      69075.000 ns	      6906	800016fc	21ee99d3	fsgnjn.s	f19,f29,f30	 f29:0x69000000 f30:0x7fc00000 f19=0xe9000000
      69105.000 ns	      6909	80001700	c01d38d3	fcvt.wu.s	x17,f26	 f26:0xff800000 x17=0x00000000
      69135.000 ns	      6912	80001704	02bb5733	divu	x14,x22,x11	 x22:0x00000000 x11:0x00000000 x14=0xffffffff
      69165.000 ns	      6915	80001708	a0af1b53	flt.s	x22,f30,f10	 f30:0x7fc00000 f10:0x26d5ebc2 x22=0x00000000
      69205.000 ns	      6919	8000170c	58077f53	fsqrt.s	f30,f14	 f14:0xff800000 f30=0x7fc00000
      69225.000 ns	      6921	80001710	351bf093	andi	x1,x23,849	 x23:0x00000000  x1=0x00000000
      69245.000 ns	      6923	80001714	e00918d3	fclass.s	x17,f18	 f18:0x00000000 x17=0x00000010
      69275.000 ns	      6926	80001718	21390f53	fsgnj.s	f30,f18,f19	 f18:0x00000000 f19:0xe9000000 f30=0x80000000
      69305.000 ns	      6929	8000171c	216ea5d3	fsgnjx.s	f11,f29,f22	 f29:0x69000000 f22:0x4eea0deb f11=0x69000000
      69325.000 ns	      6931	80001720	008cf233	and	x4,x25,x8	 x25:0x80040fe4  x8:0x00000000  x4=0x00000000
      69335.000 ns	      6932	80001724	010e63b3	or	x7,x28,x16	 x28:0xf506f533 x16:0x0440b74f  x7=0xf546f77f
      69345.000 ns	      6933	80001728	8a428637	lui	x12,0x8a428	 x12=0x8a428000
      69365.000 ns	      6935	8000172c	21bfad53	fsgnjx.s	f26,f31,f27	 f31:0x7fc00000 f27:0xff800000 f26=0xffc00000
      69395.000 ns	      6938	80001730	02eb2c33	mulhsu	x24,x22,x14	 x22:0x00000000 x14:0xffffffff x24=0x00000000
      69415.000 ns	      6940	80001734	01189ab3	sll	x21,x17,x17	 x17:0x00000010 x17:0x00000010 x21=0x00100000
      69435.000 ns	      6942	80001738	c01e08d3	fcvt.wu.s	x17,f28	 f28:0x00000000 x17=0x00000000
      69465.000 ns	      6945	8000173c	033ba833	mulhsu	x16,x23,x19	 x23:0x00000000 x19:0x00000001 x16=0x00000000
      69495.000 ns	      6948	80001740	d01cc1d3	fcvt.s.wu	f3,x25	 x25:0x80040fe4  f3=0x4f000410
      69515.000 ns	      6950	80001744	00acb433	sltu	x8,x25,x10	 x25:0x80040fe4 x10:0x00000000  x8=0x00000000
      69535.000 ns	      6952	80001748	293a0b53	fmin.s	f22,f20,f19	 f20:0x7f800000 f19:0xe9000000 f22=0xe9000000
      69555.000 ns	      6954	8000174c	018289b3	add	x19,x5,x24	  x5:0xfffffedd x24:0x00000000 x19=0xfffffedd
      69565.000 ns	      6955	80001750	015ac033	xor	x0,x21,x21	 x21:0x00100000 x21:0x00100000
      69585.000 ns	      6957	80001754	a1d42b53	feq.s	x22,f8,f29	  f8:0x8e974443 f29:0x69000000 x22=0x00000000
      69605.000 ns	      6959	80001758	007391b3	sll	x3,x7,x7	  x7:0xf546f77f  x7:0xf546f77f  x3=0x80000000
      69625.000 ns	      6961	8000175c	038693b3	mulh	x7,x13,x24	 x13:0x00000000 x24:0x00000000  x7=0x00000000
      69665.000 ns	      6965	80001760	1981b053	fdiv.s	f0,f3,f24	  f3:0x4f000410 f24:0x00000000  f0=0x7f800000
      69695.000 ns	      6968	80001764	a1e507d3	fle.s	x15,f10,f30	 f10:0x26d5ebc2 f30:0x80000000 x15=0x00000000
      69715.000 ns	      6970	80001768	00c34933	xor	x18,x6,x12	  x6:0x80041024 x12:0x8a428000 x18=0x0a469024
      69735.000 ns	      6972	8000176c	c0017bd3	fcvt.w.s	x23,f2	  f2:0x00000000 x23=0x00000000
      69755.000 ns	      6974	80001770	0014d7b3	srl	x15,x9,x1	  x9:0x0440b74f  x1:0x00000000 x15=0x0440b74f
      69765.000 ns	      6975	80001774	41c958b3	sra	x17,x18,x28	 x18:0x0a469024 x28:0xf506f533 x17=0x00000148
      69785.000 ns	      6977	80001778	c00ef753	fcvt.w.s	x14,f29	 f29:0x69000000 x14=0x7fffffff
      69815.000 ns	      6980	8000177c	0274c233	div	x4,x9,x7	  x9:0x0440b74f  x7:0x00000000  x4=0xffffffff
      69835.000 ns	      6982	80001780	94490f13	addi	x30,x18,-1724	 x18:0x0a469024 x30=0x0a468968
      69855.000 ns	      6984	80001784	c001aed3	fcvt.w.s	x29,f3	  f3:0x4f000410 x29=0x7fffffff
      69875.000 ns	      6986	80001788	00e31f93	slli	x31,x6,0xe	  x6:0x80041024 x31=0x04090000
      69895.000 ns	      6988	8000178c	d0117bd3	fcvt.s.wu	f23,x2	  x2:0xffffffff f23=0x4f7fffff
      69925.000 ns	      6991	80001790	02c53833	mulhu	x16,x10,x12	 x10:0x00000000 x12:0x8a428000 x16=0x00000000
      69955.000 ns	      6994	80001794	0399bfb3	mulhu	x31,x19,x25	 x19:0xfffffedd x25:0x80040fe4 x31=0x80040f52
      69985.000 ns	      6997	80001798	a1c58a53	fle.s	x20,f11,f28	 f11:0x69000000 f28:0x00000000 x20=0x00000000
      70005.000 ns	      6999	8000179c	1b14f813	andi	x16,x9,433	  x9:0x0440b74f x16=0x00000101
      70025.000 ns	      7001	800017a0	02b43c33	mulhu	x24,x8,x11	  x8:0x00000000 x11:0x00000000 x24=0x00000000
      70055.000 ns	      7004	800017a4	0365ad33	mulhsu	x26,x11,x22	 x11:0x00000000 x22:0x00000000 x26=0x00000000
      70085.000 ns	      7007	800017a8	f00d0a53	fmv.w.x	f20,x26	 x26:0x00000000 f20=0x00000000
      70105.000 ns	      7009	800017ac	49572413	slti	x8,x14,1173	 x14:0x7fffffff  x8=0x00000000
      70465.000 ns	      7045	800017b0	02534ab3	div	x21,x6,x5	  x6:0x80041024  x5:0xfffffedd x21=0x00709741
      70495.000 ns	      7048	800017b4	03591db3	mulh	x27,x18,x21	 x18:0x0a469024 x21:0x00100000 x27=0x000484f1
      70545.000 ns	      7053	800017b8	0128c253	fadd.s	f4,f17,f18	 f17:0x4f7ffff8 f18:0x00000000  f4=0x4f7ffff8
      70575.000 ns	      7056	800017bc	03c12b33	mulhsu	x22,x2,x28	  x2:0xffffffff x28:0xf506f533 x22=0xffffffff
      70595.000 ns	      7058	800017c0	b50eb993	sltiu	x19,x29,-1200	 x29:0x7fffffff x19=0x00000001
      70615.000 ns	      7060	800017c4	0390b233	mulhu	x4,x1,x25	  x1:0x00000000 x25:0x80040fe4  x4=0x00000000
      70635.000 ns	      7062	800017c8	40548ab3	sub	x21,x9,x5	  x9:0x0440b74f  x5:0xfffffedd x21=0x0440b872
      70655.000 ns	      7064	800017cc	029a9eb3	mulh	x29,x21,x9	 x21:0x00709741  x9:0x0440b74f x29=0x0012161b
      71025.000 ns	      7101	800017d0	029a7533	remu	x10,x20,x9	 x20:0x00000000  x9:0x0440b74f x10=0x00000000
      71045.000 ns	      7103	800017d4	0036a0b3	slt	x1,x13,x3	 x13:0x00000000  x3:0x80000000  x1=0x00000000
      71065.000 ns	      7105	800017d8	a1b2a3d3	feq.s	x7,f5,f27	  f5:0x7fc00000 f27:0xff800000  x7=0x00000000
      71085.000 ns	      7107	800017dc	f52313b7	lui	x7,0xf5231	  x7=0xf5231000
      71095.000 ns	      7108	800017e0	1f7c8137	lui	x2,0x1f7c8	  x2=0x1f7c8000
      71105.000 ns	      7109	800017e4	41415293	srai	x5,x2,0x14	  x2:0xffffffff  x5=0x000001f7
      71125.000 ns	      7111	800017e8	a0b60253	fle.s	x4,f12,f11	 f12:0x0e974443 f11:0x69000000  x4=0x00000001
      71145.000 ns	      7113	800017ec	9049f513	andi	x10,x19,-1788	 x19:0x00000001 x10=0x00000000
      71165.000 ns	      7115	800017f0	e0019753	fclass.s	x14,f3	  f3:0x4f000410 x14=0x00000040
      71185.000 ns	      7117	800017f4	00000013	addi	x0,x0,0	  x0:0x00000000
      71205.000 ns	      7119	800017f8	03786433	rem	x8,x16,x23	 x16:0x00000101 x23:0x00000000  x8=0x00000101
      71235.000 ns	      7122	800017fc	d0193e53	fcvt.s.wu	f28,x18	 x18:0x0a469024 f28=0x4d246903
      71255.000 ns	      7124	80001800	8e420293	addi	x5,x4,-1820	  x4:0x00000001  x5=0xfffff8e5
      71275.000 ns	      7126	80001804	038a6d33	rem	x26,x20,x24	 x20:0x00000000 x24:0x00000000 x26=0x00000000
      71295.000 ns	      7128	80001808	00091613	slli	x12,x18,0x0	 x18:0x0a469024 x12=0x0a469024
      71655.000 ns	      7164	8000180c	02355433	divu	x8,x10,x3	 x10:0x00000000  x3:0x80000000  x8=0x00000000
      71685.000 ns	      7167	80001810	286587d3	fmin.s	f15,f11,f6	 f11:0x69000000  f6:0x00000000 f15=0x00000000
      71725.000 ns	      7171	80001814	11a14c53	fmul.s	f24,f2,f26	  f2:0x00000000 f26:0xffc00000 f24=0x7fc00000
      71745.000 ns	      7173	80001818	4102dbb3	sra	x23,x5,x16	  x5:0xfffff8e5 x16:0x00000101 x23=0xfffffc72
      71755.000 ns	      7174	8000181c	51f12493	slti	x9,x2,1311	  x2:0x1f7c8000  x9=0x00000000
      71775.000 ns	      7176	80001820	03f403b3	mul	x7,x8,x31	  x8:0x00000000 x31:0x80040f52  x7=0x00000000
      71795.000 ns	      7178	80001824	6f4aeb13	ori	x22,x21,1780	 x21:0x0440b872 x22=0x0440bef6
      72155.000 ns	      7214	80001828	037ed433	divu	x8,x29,x23	 x29:0x0012161b x23:0xfffffc72  x8=0x00000000
      72175.000 ns	      7216	8000182c	0033c433	xor	x8,x7,x3	  x7:0x00000000  x3:0x80000000  x8=0x80000000
      72185.000 ns	      7217	80001830	1707e993	ori	x19,x15,368	 x15:0x0440b74f x19=0x0440b77f
      72205.000 ns	      7219	80001834	d0067f53	fcvt.s.w	f30,x12	 x12:0x0a469024 f30=0x4d246902
      72225.000 ns	      7221	80001838	01c7feb3	and	x29,x15,x28	 x15:0x0440b74f x28:0xf506f533 x29=0x0400b503
      72255.000 ns	      7224	8000183c	115703d3	fmul.s	f7,f14,f21	 f14:0xff800000 f21:0x53b50482  f7=0xff800000
      72285.000 ns	      7227	80001840	296a96d3	fmax.s	f13,f21,f22	 f21:0x53b50482 f22:0xe9000000 f13=0x53b50482
      72305.000 ns	      7229	80001844	04d57817	auipc	x16,0x4d57	 x16=0x84d58844
      72315.000 ns	      7230	80001848	ed59f393	andi	x7,x19,-299	 x19:0x0440b77f  x7=0x0440b655
      72325.000 ns	      7231	8000184c	0093e233	or	x4,x7,x9	  x7:0x00000000  x9:0x00000000  x4=0x0440b655
      72335.000 ns	      7232	80001850	89f91917	auipc	x18,0x89f91	 x18=0x09f92850
      72355.000 ns	      7234	80001854	c0159053	fcvt.wu.s	x0,f11	 f11:0x69000000
      72375.000 ns	      7236	80001858	00fd0bb3	add	x23,x26,x15	 x26:0x00000000 x15:0x0440b74f x23=0x0440b74f
      72385.000 ns	      7237	8000185c	75aa8a93	addi	x21,x21,1882	 x21:0x0440b872 x21=0x0440bfcc
      72395.000 ns	      7238	80001860	d68d0693	addi	x13,x26,-664	 x26:0x00000000 x13=0xfffffd68
      72405.000 ns	      7239	80001864	0149bbb3	sltu	x23,x19,x20	 x19:0x0440b77f x20:0x00000000 x23=0x00000000
      72425.000 ns	      7241	80001868	29558553	fmin.s	f10,f11,f21	 f11:0x69000000 f21:0x53b50482 f10=0x53b50482
      72455.000 ns	      7244	8000186c	e00a82d3	fmv.x.w	x5,f21	 f21:0x53b50482  x5=0x53b50482
      72485.000 ns	      7247	80001870	20ae1fd3	fsgnjn.s	f31,f28,f10	 f28:0x4d246903 f10:0x53b50482 f31=0xcd246903
      72515.000 ns	      7250	80001874	03ec0133	mul	x2,x24,x30	 x24:0x00000000 x30:0x0a468968  x2=0x00000000
      72545.000 ns	      7253	80001878	a1c7ab53	feq.s	x22,f15,f28	 f15:0x00000000 f28:0x4d246903 x22=0x00000000
      72565.000 ns	      7255	8000187c	00453bb3	sltu	x23,x10,x4	 x10:0x00000000  x4:0x0440b655 x23=0x00000001
      72925.000 ns	      7291	80001880	02315fb3	divu	x31,x2,x3	  x2:0x00000000  x3:0x80000000 x31=0x00000000
      72945.000 ns	      7293	80001884	9c2ce193	ori	x3,x25,-1598	 x25:0x80040fe4  x3=0xffffffe6
      72965.000 ns	      7295	80001888	c0040253	fcvt.w.s	x4,f8	  f8:0x8e974443  x4=0x00000000
      73015.000 ns	      7300	8000188c	09f13753	fsub.s	f14,f2,f31	  f2:0x00000000 f31:0xcd246903 f14=0x4d246903
      73045.000 ns	      7303	80001890	d01241d3	fcvt.s.wu	f3,x4	  x4:0x00000000  f3=0x00000000
      73085.000 ns	      7307	80001894	580ca0d3	fsqrt.s	f1,f25	 f25:0x00000000  f1=0x00000000
      73455.000 ns	      7344	80001898	02664233	div	x4,x12,x6	 x12:0x0a469024  x6:0x80041024  x4=0x00000000
      73485.000 ns	      7347	8000189c	03af5db3	divu	x27,x30,x26	 x30:0x0a468968 x26:0x00000000 x27=0xffffffff
      73515.000 ns	      7350	800018a0	a1f69c53	flt.s	x24,f13,f31	 f13:0x53b50482 f31:0xcd246903 x24=0x00000000
      73555.000 ns	      7354	800018a4	18dc3353	fdiv.s	f6,f24,f13	 f24:0x7fc00000 f13:0x53b50482  f6=0x7fc00000
      73585.000 ns	      7357	800018a8	d015f8d3	fcvt.s.wu	f17,x11	 x11:0x00000000 f17=0x00000000
      73615.000 ns	      7360	800018ac	03f5fab3	remu	x21,x11,x31	 x11:0x00000000 x31:0x00000000 x21=0x00000000
      73645.000 ns	      7363	800018b0	21fc2dd3	fsgnjx.s	f27,f24,f31	 f24:0x7fc00000 f31:0xcd246903 f27=0xffc00000
      73675.000 ns	      7366	800018b4	0398b8b3	mulhu	x17,x17,x25	 x17:0x00000148 x25:0x80040fe4 x17=0x000000a4
      73695.000 ns	      7368	800018b8	0154d5b3	srl	x11,x9,x21	  x9:0x00000000 x21:0x00000000 x11=0x00000000
      73705.000 ns	      7369	800018bc	018c6c33	or	x24,x24,x24	 x24:0x00000000 x24:0x00000000 x24=0x00000000
      73735.000 ns	      7372	800018c0	58017b53	fsqrt.s	f22,f2	  f2:0x00000000 f22=0x00000000
      73755.000 ns	      7374	800018c4	b1d7ff97	auipc	x31,0xb1d7f	 x31=0x31d808c4
      74875.000 ns	      7486	800018c8	58073153	fsqrt.s	f2,f14	 f14:0x4d246903  f2=0x45e88258
      74895.000 ns	      7488	800018cc	9f317137	lui	x2,0x9f317	  x2=0x9f317000
      74915.000 ns	      7490	800018d0	02a7c833	div	x16,x15,x10	 x15:0x0440b74f x10:0x00000000 x16=0xffffffff
      74945.000 ns	      7493	800018d4	205e06d3	fsgnj.s	f13,f28,f5	 f28:0x4d246903  f5:0x7fc00000 f13=0x4d246903
      74975.000 ns	      7496	800018d8	d0088653	fcvt.s.w	f12,x17	 x17:0x000000a4 f12=0x43240000
      74995.000 ns	      7498	800018dc	01fc0d33	add	x26,x24,x31	 x24:0x00000000 x31:0x31d808c4 x26=0x31d808c4
      75005.000 ns	      7499	800018e0	567f4893	xori	x17,x30,1383	 x30:0x0a468968 x17=0x0a468c0f
      75025.000 ns	      7501	800018e4	a1e98a53	fle.s	x20,f19,f30	 f19:0xe9000000 f30:0x4d246902 x20=0x00000001
      75055.000 ns	      7504	800018e8	204f1dd3	fsgnjn.s	f27,f30,f4	 f30:0x4d246902  f4:0x4f7ffff8 f27=0xcd246902
      75075.000 ns	      7506	800018ec	01cfb0b3	sltu	x1,x31,x28	 x31:0x31d808c4 x28:0xf506f533  x1=0x00000001
      75085.000 ns	      7507	800018f0	40705013	srai	x0,x0,0x7	  x0:0x00000000
      75105.000 ns	      7509	800018f4	e00180d3	fmv.x.w	x1,f3	  f3:0x00000000  x1=0x00000000
      75125.000 ns	      7511	800018f8	01c3ac33	slt	x24,x7,x28	  x7:0x0440b655 x28:0xf506f533 x24=0x00000000
      75135.000 ns	      7512	800018fc	d645c393	xori	x7,x11,-668	 x11:0x00000000  x7=0xfffffd64
      75155.000 ns	      7514	80001900	02b50bb3	mul	x23,x10,x11	 x10:0x00000000 x11:0x00000000 x23=0x00000000
      75175.000 ns	      7516	80001904	00e61f13	slli	x30,x12,0xe	 x12:0x0a469024 x30=0xa4090000
      75185.000 ns	      7517	80001908	013dc0b3	xor	x1,x27,x19	 x27:0xffffffff x19:0x0440b77f  x1=0xfbbf4880
      75205.000 ns	      7519	8000190c	a1c49853	flt.s	x16,f9,f28	  f9:0x7fc00000 f28:0x4d246903 x16=0x00000000
      75235.000 ns	      7522	80001910	c00c79d3	fcvt.w.s	x19,f24	 f24:0x7fc00000 x19=0x7fffffff
      75265.000 ns	      7525	80001914	020ad033	divu	x0,x21,x0	 x21:0x00000000  x0:0x00000000
      75295.000 ns	      7528	80001918	20ec1753	fsgnjn.s	f14,f24,f14	 f24:0x7fc00000 f14:0x4d246903 f14=0xffc00000
      75315.000 ns	      7530	8000191c	01d3c933	xor	x18,x7,x29	  x7:0xfffffd64 x29:0x0400b503 x18=0xfbff4867
      75335.000 ns	      7532	80001920	213424d3	fsgnjx.s	f9,f8,f19	  f8:0x8e974443 f19:0xe9000000  f9=0x0e974443
      75355.000 ns	      7534	80001924	01ffaf33	slt	x30,x31,x31	 x31:0x31d808c4 x31:0x31d808c4 x30=0x00000000
      75365.000 ns	      7535	80001928	e72d7b13	andi	x22,x26,-398	 x26:0x31d808c4 x22=0x31d80840
      75375.000 ns	      7536	8000192c	018f1e93	slli	x29,x30,0x18	 x30:0xa4090000 x29=0x00000000
      75385.000 ns	      7537	80001930	00db19b3	sll	x19,x22,x13	 x22:0x00000000 x13:0xfffffd68 x19=0xd8084000
      75395.000 ns	      7538	80001934	0063ef33	or	x30,x7,x6	  x7:0xfffffd64  x6:0x80041024 x30=0xfffffd64
      75405.000 ns	      7539	80001938	00fc5213	srli	x4,x24,0xf	 x24:0x00000000  x4=0x00000000
      75415.000 ns	      7540	8000193c	00d95f13	srli	x30,x18,0xd	 x18:0xfbff4867 x30=0x0007dffa
      75435.000 ns	      7542	80001940	03148eb3	mul	x29,x9,x17	  x9:0x00000000 x17:0x0a468c0f x29=0x00000000
      75455.000 ns	      7544	80001944	01f61833	sll	x16,x12,x31	 x12:0x0a469024 x31:0x31d808c4 x16=0xa4690240
      75485.000 ns	      7547	80001948	5808fcd3	fsqrt.s	f25,f17	 f17:0x00000000 f25=0x00000000
      75515.000 ns	      7550	8000194c	c01b4b53	fcvt.wu.s	x22,f22	 f22:0x00000000 x22=0x00000000
      75535.000 ns	      7552	80001950	a03b5437	lui	x8,0xa03b5	  x8=0xa03b5000
      75545.000 ns	      7553	80001954	01ea4f33	xor	x30,x20,x30	 x20:0x00000001 x30:0x0007dffa x30=0x0007dffb
      75565.000 ns	      7555	80001958	a14890d3	flt.s	x1,f17,f20	 f17:0x00000000 f20:0x00000000  x1=0x00000000
      75595.000 ns	      7558	8000195c	288f0853	fmin.s	f16,f30,f8	 f30:0x4d246902  f8:0x8e974443 f16=0x8e974443
      75625.000 ns	      7561	80001960	03b12433	mulhsu	x8,x2,x27	  x2:0x9f317000 x27:0xffffffff  x8=0x9f317000
      75645.000 ns	      7563	80001964	41ca4d13	xori	x26,x20,1052	 x20:0x00000001 x26=0x0000041d
      75655.000 ns	      7564	80001968	00f03fb3	sltu	x31,x0,x15	  x0:0x00000000 x15:0x0440b74f x31=0x00000001
      75685.000 ns	      7567	8000196c	18e3fb53	fdiv.s	f22,f7,f14	  f7:0xff800000 f14:0xffc00000 f22=0x7fc00000
      76055.000 ns	      7604	80001970	026e4a33	div	x20,x28,x6	 x28:0xf506f533  x6:0x80041024 x20=0x00000000
      76075.000 ns	      7606	80001974	cd9bdf37	lui	x30,0xcd9bd	 x30=0xcd9bd000
      76435.000 ns	      7642	80001978	022b6833	rem	x16,x22,x2	 x22:0x00000000  x2:0x9f317000 x16=0x00000000
      76475.000 ns	      7646	8000197c	5801b8d3	fsqrt.s	f17,f3	  f3:0x00000000 f17=0x00000000
      76525.000 ns	      7651	80001980	015448d3	fadd.s	f17,f8,f21	  f8:0x8e974443 f21:0x53b50482 f17=0x53b50482
      76555.000 ns	      7654	80001984	a1248d53	fle.s	x26,f9,f18	  f9:0x0e974443 f18:0x00000000 x26=0x00000000
      76575.000 ns	      7656	80001988	000f3833	sltu	x16,x30,x0	 x30:0xcd9bd000  x0:0x00000000 x16=0x00000000
      76595.000 ns	      7658	8000198c	215b9d53	fsgnjn.s	f26,f23,f21	 f23:0x4f7fffff f21:0x53b50482 f26=0xcf7fffff
      76615.000 ns	      7660	80001990	0c034697	auipc	x13,0xc034	 x13=0x8c035990
      76625.000 ns	      7661	80001994	014c7433	and	x8,x24,x20	 x24:0x00000000 x20:0x00000000  x8=0x00000000
      76635.000 ns	      7662	80001998	42a48213	addi	x4,x9,1066	  x9:0x00000000  x4=0x0000042a
      76655.000 ns	      7664	8000199c	f0010f53	fmv.w.x	f30,x2	  x2:0x9f317000 f30=0x9f317000
      76675.000 ns	      7666	800019a0	01ed6ab7	lui	x21,0x1ed6	 x21=0x01ed6000
      76685.000 ns	      7667	800019a4	00cf73b3	and	x7,x30,x12	 x30:0xcd9bd000 x12:0x0a469024  x7=0x08029000
      76695.000 ns	      7668	800019a8	27ac0097	auipc	x1,0x27ac0	  x1=0xa7ac19a8
      76715.000 ns	      7670	800019ac	e0030f53	fmv.x.w	x30,f6	  f6:0x7fc00000 x30=0x7fc00000
      76755.000 ns	      7674	800019b0	580f7dd3	fsqrt.s	f27,f30	 f30:0x9f317000 f27=0x7fc00000
      77125.000 ns	      7711	800019b4	03f9f3b3	remu	x7,x19,x31	 x19:0xd8084000 x31:0x00000001  x7=0x00000000
      77145.000 ns	      7713	800019b8	00dc44b3	xor	x9,x24,x13	 x24:0x00000000 x13:0x8c035990  x9=0x8c035990
      77155.000 ns	      7714	800019bc	432ccc13	xori	x24,x25,1074	 x25:0x80040fe4 x24=0x80040bd6
      77165.000 ns	      7715	800019c0	01ccb4b3	sltu	x9,x25,x28	 x25:0x80040fe4 x28:0xf506f533  x9=0x00000001
      77175.000 ns	      7716	800019c4	00000013	addi	x0,x0,0	  x0:0x00000000
      77195.000 ns	      7718	800019c8	a10d2fd3	feq.s	x31,f26,f16	 f26:0xcf7fffff f16:0x8e974443 x31=0x00000000
      77215.000 ns	      7720	800019cc	01f5fb33	and	x22,x11,x31	 x11:0x00000000 x31:0x00000001 x22=0x00000000
      77225.000 ns	      7721	800019d0	408cd133	sra	x2,x25,x8	 x25:0x80040fe4  x8:0x00000000  x2=0x80040fe4
      77245.000 ns	      7723	800019d4	c00305d3	fcvt.w.s	x11,f6	  f6:0x7fc00000 x11=0x7fffffff
      77275.000 ns	      7726	800019d8	03077db3	remu	x27,x14,x16	 x14:0x00000040 x16:0x00000000 x27=0x00000040
      77295.000 ns	      7728	800019dc	00000013	addi	x0,x0,0	  x0:0x00000000
      77305.000 ns	      7729	800019e0	01772a33	slt	x20,x14,x23	 x14:0x00000040 x23:0x00000000 x20=0x00000000
      77325.000 ns	      7731	800019e4	d008b753	fcvt.s.w	f14,x17	 x17:0x0a468c0f f14=0x4d2468c1
      77345.000 ns	      7733	800019e8	cb1ee613	ori	x12,x29,-847	 x29:0x00000000 x12=0xfffffcb1
      77365.000 ns	      7735	800019ec	a16b11d3	flt.s	x3,f22,f22	 f22:0x7fc00000 f22:0x7fc00000  x3=0x00000000
      77395.000 ns	      7738	800019f0	e0018dd3	fmv.x.w	x27,f3	  f3:0x00000000 x27=0x00000000
      77425.000 ns	      7741	800019f4	e00097d3	fclass.s	x15,f1	  f1:0x00000000 x15=0x00000010
      77465.000 ns	      7745	800019f8	192f35d3	fdiv.s	f11,f30,f18	 f30:0x9f317000 f18:0x00000000 f11=0xff800000
      77485.000 ns	      7747	800019fc	ed3ec213	xori	x4,x29,-301	 x29:0x00000000  x4=0xfffffed3
      77495.000 ns	      7748	80001a00	2cf7bd13	sltiu	x26,x15,719	 x15:0x00000010 x26=0x00000001
      77505.000 ns	      7749	80001a04	d093a417	auipc	x8,0xd093a	  x8=0x5093ba04
      77515.000 ns	      7750	80001a08	41225613	srai	x12,x4,0x12	  x4:0xfffffed3 x12=0xffffffff
      77525.000 ns	      7751	80001a0c	ba24ff13	andi	x30,x9,-1118	  x9:0x00000001 x30=0x00000000
      77535.000 ns	      7752	80001a10	400dd113	srai	x2,x27,0x0	 x27:0x00000000  x2=0x00000000
      77575.000 ns	      7756	80001a14	01f070d3	fadd.s	f1,f0,f31	  f0:0x7f800000 f31:0xcd246903  f1=0x7f800000
      77945.000 ns	      7793	80001a18	02c5f733	remu	x14,x11,x12	 x11:0x7fffffff x12:0xffffffff x14=0x7fffffff
      77965.000 ns	      7795	80001a1c	00000013	addi	x0,x0,0	  x0:0x00000000
      77975.000 ns	      7796	80001a20	019bc8b3	xor	x17,x23,x25	 x23:0x00000000 x25:0x80040fe4 x17=0x80040fe4
      77985.000 ns	      7797	80001a24	9b6d7e93	andi	x29,x26,-1610	 x26:0x00000001 x29=0x00000000
      77995.000 ns	      7798	80001a28	00000013	addi	x0,x0,0	  x0:0x00000000
      78025.000 ns	      7801	80001a2c	11857c53	fmul.s	f24,f10,f24	 f10:0x53b50482 f24:0x7fc00000 f24=0x7fc00000
      78055.000 ns	      7804	80001a30	d0022fd3	fcvt.s.w	f31,x4	  x4:0xfffffed3 f31=0xc3968000
      78085.000 ns	      7807	80001a34	a1e3a7d3	feq.s	x15,f7,f30	  f7:0xff800000 f30:0x9f317000 x15=0x00000000
      78125.000 ns	      7811	80001a38	18919153	fdiv.s	f2,f3,f9	  f3:0x00000000  f9:0x0e974443  f2=0x00000000
      78155.000 ns	      7814	80001a3c	03aa23b3	mulhsu	x7,x20,x26	 x20:0x00000000 x26:0x00000001  x7=0x00000000
      78175.000 ns	      7816	80001a40	41f1de93	srai	x29,x3,0x1f	  x3:0x00000000 x29=0x00000000
      78535.000 ns	      7852	80001a44	031878b3	remu	x17,x16,x17	 x16:0x00000000 x17:0x80040fe4 x17=0x00000000
      78565.000 ns	      7855	80001a48	a1281953	flt.s	x18,f16,f18	 f16:0x8e974443 f18:0x00000000 x18=0x00000001
      78585.000 ns	      7857	80001a4c	00bdd533	srl	x10,x27,x11	 x27:0x00000000 x11:0x7fffffff x10=0x00000000
      78605.000 ns	      7859	80001a50	03b2f2b3	remu	x5,x5,x27	  x5:0x53b50482 x27:0x00000000  x5=0x53b50482
      78635.000 ns	      7862	80001a54	2104a353	fsgnjx.s	f6,f9,f16	  f9:0x0e974443 f16:0x8e974443  f6=0x8e974443
      78665.000 ns	      7865	80001a58	a1b7a7d3	feq.s	x15,f15,f27	 f15:0x00000000 f27:0x7fc00000 x15=0x00000000
      78685.000 ns	      7867	80001a5c	61348813	addi	x16,x9,1555	  x9:0x00000001 x16=0x00000614
      79045.000 ns	      7903	80001a60	03c14db3	div	x27,x2,x28	  x2:0x00000000 x28:0xf506f533 x27=0x00000000
      79095.000 ns	      7908	80001a64	01307d53	fadd.s	f26,f0,f19	  f0:0x7f800000 f19:0xe9000000 f26=0x7f800000
      79115.000 ns	      7910	80001a68	00494733	xor	x14,x18,x4	 x18:0x00000001  x4:0xfffffed3 x14=0xfffffed2
      79125.000 ns	      7911	80001a6c	005d9433	sll	x8,x27,x5	 x27:0x00000000  x5:0x53b50482  x8=0x00000000
      79485.000 ns	      7947	80001a70	02d644b3	div	x9,x12,x13	 x12:0xffffffff x13:0x8c035990  x9=0x00000000
      79515.000 ns	      7950	80001a74	a0a82053	feq.s	x0,f16,f10	 f16:0x8e974443 f10:0x53b50482
      79545.000 ns	      7953	80001a78	28ea0bd3	fmin.s	f23,f20,f14	 f20:0x00000000 f14:0x4d2468c1 f23=0x00000000
      79575.000 ns	      7956	80001a7c	c017ffd3	fcvt.wu.s	x31,f15	 f15:0x00000000 x31=0x00000000
      79595.000 ns	      7958	80001a80	01075233	srl	x4,x14,x16	 x14:0xfffffed2 x16:0x00000614  x4=0x00000fff
      79605.000 ns	      7959	80001a84	01ac1fb3	sll	x31,x24,x26	 x24:0x80040bd6 x26:0x00000001 x31=0x000817ac
      79625.000 ns	      7961	80001a88	287f0e53	fmin.s	f28,f30,f7	 f30:0x9f317000  f7:0xff800000 f28=0xff800000
      79965.000 ns	      7995	80001a8c	19034553	fdiv.s	f10,f6,f16	  f6:0x8e974443 f16:0x8e974443 f10=0x3f558d8e
      80335.000 ns	      8032	80001a90	03f5d3b3	divu	x7,x11,x31	 x11:0x7fffffff x31:0x000817ac  x7=0x00000fd1
      80365.000 ns	      8035	80001a94	03e13233	mulhu	x4,x2,x30	  x2:0x00000000 x30:0x00000000  x4=0x00000000
      80395.000 ns	      8038	80001a98	03d68933	mul	x18,x13,x29	 x13:0x8c035990 x29:0x00000000 x18=0x00000000
      80425.000 ns	      8041	80001a9c	29b68a53	fmin.s	f20,f13,f27	 f13:0x4d246903 f27:0x7fc00000 f20=0x4d246903
      80455.000 ns	      8044	80001aa0	c003fbd3	fcvt.w.s	x23,f7	  f7:0xff800000 x23=0x80000000
      80485.000 ns	      8047	80001aa4	c01c7a53	fcvt.wu.s	x20,f24	 f24:0x7fc00000 x20=0xffffffff
      80505.000 ns	      8049	80001aa8	00000013	addi	x0,x0,0	  x0:0x00000000
      80515.000 ns	      8050	80001aac	41880a33	sub	x20,x16,x24	 x16:0x00000614 x24:0x80040bd6 x20=0x7ffbfa3e
      80535.000 ns	      8052	80001ab0	02f47533	remu	x10,x8,x15	  x8:0x00000000 x15:0x00000000 x10=0x00000000
      80575.000 ns	      8056	80001ab4	1930f653	fdiv.s	f12,f1,f19	  f1:0x7f800000 f19:0xe9000000 f12=0xff800000
      80595.000 ns	      8058	80001ab8	005e4fb3	xor	x31,x28,x5	 x28:0xf506f533  x5:0x53b50482 x31=0xa6b3f1b1
      80615.000 ns	      8060	80001abc	f0000e53	fmv.w.x	f28,x0	  x0:0x00000000 f28=0x00000000
      80635.000 ns	      8062	80001ac0	012a1b33	sll	x22,x20,x18	 x20:0x7ffbfa3e x18:0x00000000 x22=0x7ffbfa3e
      80645.000 ns	      8063	80001ac4	b4cba593	slti	x11,x23,-1204	 x23:0x80000000 x11=0x00000001
      80665.000 ns	      8065	80001ac8	020318b3	mulh	x17,x6,x0	  x6:0x80041024  x0:0x00000000 x17=0x00000000
      80715.000 ns	      8070	80001acc	094af153	fsub.s	f2,f21,f20	 f21:0x53b50482 f20:0x4d246903  f2=0x53b4ff5e
      80735.000 ns	      8072	80001ad0	f1cab397	auipc	x7,0xf1cab	  x7=0x71cacad0
      80745.000 ns	      8073	80001ad4	01298a93	addi	x21,x19,18	 x19:0xd8084000 x21=0xd8084012
      80765.000 ns	      8075	80001ad8	02920fb3	mul	x31,x4,x9	  x4:0x00000000  x9:0x00000000 x31=0x00000000
      81135.000 ns	      8112	80001adc	0365d633	divu	x12,x11,x22	 x11:0x00000001 x22:0x7ffbfa3e x12=0x00000000
      81185.000 ns	      8117	80001ae0	08f808d3	fsub.s	f17,f16,f15	 f16:0x8e974443 f15:0x00000000 f17=0x8e974443
      81215.000 ns	      8120	80001ae4	a01b9f53	flt.s	x30,f23,f1	 f23:0x00000000  f1:0x7f800000 x30=0x00000001
      81245.000 ns	      8123	80001ae8	03eaa4b3	mulhsu	x9,x21,x30	 x21:0xd8084012 x30:0x00000000  x9=0xffffffff
      82425.000 ns	      8241	80001aec	58077153	fsqrt.s	f2,f14	 f14:0x4d2468c1  f2=0x45e881fe
      82795.000 ns	      8278	80001af0	02196633	rem	x12,x18,x1	 x18:0x00000000  x1:0xa7ac19a8 x12=0x00000000
      82825.000 ns	      8281	80001af4	28e184d3	fmin.s	f9,f3,f14	  f3:0x00000000 f14:0x4d2468c1  f9=0x00000000
      82845.000 ns	      8283	80001af8	01299493	slli	x9,x19,0x12	 x19:0xd8084000  x9=0x00000000
      82855.000 ns	      8284	80001afc	41ad0b33	sub	x22,x26,x26	 x26:0x00000001 x26:0x00000001 x22=0x00000000
      82875.000 ns	      8286	80001b00	c0174153	fcvt.wu.s	x2,f14	 f14:0x4d2468c1  x2=0x0a468c10
      82895.000 ns	      8288	80001b04	00b0d933	srl	x18,x1,x11	  x1:0xa7ac19a8 x11:0x00000001 x18=0x53d60cd4
      82935.000 ns	      8292	80001b08	00fac6d3	fadd.s	f13,f21,f15	 f21:0x53b50482 f15:0x00000000 f13=0x53b50482
      82965.000 ns	      8295	80001b0c	02a3f3b3	remu	x7,x7,x10	  x7:0x71cacad0 x10:0x00000000  x7=0x71cacad0
      82985.000 ns	      8297	80001b10	01d0d793	srli	x15,x1,0x1d	  x1:0xa7ac19a8 x15=0x00000005
      83005.000 ns	      8299	80001b14	288604d3	fmin.s	f9,f12,f8	 f12:0xff800000  f8:0x8e974443  f9=0xff800000
      84185.000 ns	      8417	80001b18	580af0d3	fsqrt.s	f1,f21	 f21:0x53b50482  f1=0x499837af
      84215.000 ns	      8420	80001b1c	d0180c53	fcvt.s.wu	f24,x16	 x16:0x00000614 f24=0x44c28000
      84235.000 ns	      8422	80001b20	003766b3	or	x13,x14,x3	 x14:0xfffffed2  x3:0x00000000 x13=0xfffffed2
      84255.000 ns	      8424	80001b24	c003f2d3	fcvt.w.s	x5,f7	  f7:0xff800000  x5=0x80000000
      84285.000 ns	      8427	80001b28	a1cd9253	flt.s	x4,f27,f28	 f27:0x7fc00000 f28:0x00000000  x4=0x00000000
      84325.000 ns	      8431	80001b2c	580877d3	fsqrt.s	f15,f16	 f16:0x8e974443 f15=0x7fc00000
      84355.000 ns	      8434	80001b30	02dd9db3	mulh	x27,x27,x13	 x27:0x00000000 x13:0xfffffed2 x27=0x00000000
      84725.000 ns	      8471	80001b34	02e34d33	div	x26,x6,x14	  x6:0x80041024 x14:0xfffffed2 x26=0x006c7d67
      84745.000 ns	      8473	80001b38	278df013	andi	x0,x27,632	 x27:0x00000000
      84765.000 ns	      8475	80001b3c	f0078ed3	fmv.w.x	f29,x15	 x15:0x00000005 f29=0x00000005
      84785.000 ns	      8477	80001b40	009bf933	and	x18,x23,x9	 x23:0x80000000  x9:0x00000000 x18=0x00000000
      84795.000 ns	      8478	80001b44	00227133	and	x2,x4,x2	  x4:0x00000000  x2:0x0a468c10  x2=0x00000000
      84825.000 ns	      8481	80001b48	58097ad3	fsqrt.s	f21,f18	 f18:0x00000000 f21=0x00000000
      84845.000 ns	      8483	80001b4c	419bdb93	srai	x23,x23,0x19	 x23:0x80000000 x23=0xffffffc0
      84865.000 ns	      8485	80001b50	03e1b4b3	mulhu	x9,x3,x30	  x3:0x00000000 x30:0x00000001  x9=0x00000000
      85235.000 ns	      8522	80001b54	02bcceb3	div	x29,x25,x11	 x25:0x80040fe4 x11:0x00000001 x29=0x80040fe4
      85265.000 ns	      8525	80001b58	29610ed3	fmin.s	f29,f2,f22	  f2:0x45e881fe f22:0x7fc00000 f29=0x45e881fe
      85295.000 ns	      8528	80001b5c	a1aa0dd3	fle.s	x27,f20,f26	 f20:0x4d246903 f26:0x7f800000 x27=0x00000001
      85325.000 ns	      8531	80001b60	c0157753	fcvt.wu.s	x14,f10	 f10:0x3f558d8e x14=0x00000000
      85345.000 ns	      8533	80001b64	9346f393	andi	x7,x13,-1740	 x13:0xfffffed2  x7=0xfffff810
      85355.000 ns	      8534	80001b68	01482c33	slt	x24,x16,x20	 x16:0x00000614 x20:0x7ffbfa3e x24=0x00000001
      85375.000 ns	      8536	80001b6c	e0040453	fmv.x.w	x8,f8	  f8:0x8e974443  x8=0x8e974443
      85395.000 ns	      8538	80001b70	a10a5bb7	lui	x23,0xa10a5	 x23=0xa10a5000
      85415.000 ns	      8540	80001b74	029f4633	div	x12,x30,x9	 x30:0x00000001  x9:0x00000000 x12=0xffffffff
      85445.000 ns	      8543	80001b78	c01a0653	fcvt.wu.s	x12,f20	 f20:0x4d246903 x12=0x0a469030
      85465.000 ns	      8545	80001b7c	03342013	slti	x0,x8,51	  x8:0x8e974443
      85505.000 ns	      8549	80001b80	096ef2d3	fsub.s	f5,f29,f22	 f29:0x45e881fe f22:0x7fc00000  f5=0x7fc00000
      85535.000 ns	      8552	80001b84	a0378453	fle.s	x8,f15,f3	 f15:0x7fc00000  f3:0x00000000  x8=0x00000000
      85565.000 ns	      8555	80001b88	027f2bb3	mulhsu	x23,x30,x7	 x30:0x00000001  x7:0xfffff810 x23=0x00000000
      85595.000 ns	      8558	80001b8c	020447b3	div	x15,x8,x0	  x8:0x00000000  x0:0x00000000 x15=0xffffffff
      85965.000 ns	      8595	80001b90	02f67a33	remu	x20,x12,x15	 x12:0x0a469030 x15:0x00000005 x20=0x0a469030
      85995.000 ns	      8598	80001b94	d00bf9d3	fcvt.s.w	f19,x23	 x23:0x00000000 f19=0x00000000
      86015.000 ns	      8600	80001b98	2f023893	sltiu	x17,x4,752	  x4:0x00000000 x17=0x00000001
      86025.000 ns	      8601	80001b9c	5e0aa897	auipc	x17,0x5e0aa	 x17=0xde0abb9c
      86035.000 ns	      8602	80001ba0	3dcc6b13	ori	x22,x24,988	 x24:0x00000001 x22=0x000003dd
      86045.000 ns	      8603	80001ba4	00749db3	sll	x27,x9,x7	  x9:0x00000000  x7:0xfffff810 x27=0x00000000
      86055.000 ns	      8604	80001ba8	415bd6b3	sra	x13,x23,x21	 x23:0x00000000 x21:0xd8084012 x13=0x00000000
      86065.000 ns	      8605	80001bac	516d6793	ori	x15,x26,1302	 x26:0x006c7d67 x15=0x006c7d77
      86085.000 ns	      8607	80001bb0	204b94d3	fsgnjn.s	f9,f23,f4	 f23:0x00000000  f4:0x4f7ffff8  f9=0x80000000
      86115.000 ns	      8610	80001bb4	21130fd3	fsgnj.s	f31,f6,f17	  f6:0x8e974443 f17:0x8e974443 f31=0x8e974443
      86135.000 ns	      8612	80001bb8	0110f6b3	and	x13,x1,x17	  x1:0xa7ac19a8 x17:0xde0abb9c x13=0x86081988
      86145.000 ns	      8613	80001bbc	d6f5c293	xori	x5,x11,-657	 x11:0x00000001  x5=0xfffffd6e
      86185.000 ns	      8617	80001bc0	094f9953	fsub.s	f18,f31,f20	 f31:0x8e974443 f20:0x4d246903 f18=0xcd246903
      86215.000 ns	      8620	80001bc4	20832fd3	fsgnjx.s	f31,f6,f8	  f6:0x8e974443  f8:0x8e974443 f31=0x0e974443
      86265.000 ns	      8625	80001bc8	08897bd3	fsub.s	f23,f18,f8	 f18:0xcd246903  f8:0x8e974443 f23=0xcd246903
      86295.000 ns	      8628	80001bcc	022faa33	mulhsu	x20,x31,x2	 x31:0x00000000  x2:0x00000000 x20=0x00000000
      86315.000 ns	      8630	80001bd0	00d1dbb3	srl	x23,x3,x13	  x3:0x00000000 x13:0x86081988 x23=0x00000000
      86325.000 ns	      8631	80001bd4	01245d13	srli	x26,x8,0x12	  x8:0x00000000 x26=0x00000000
      86345.000 ns	      8633	80001bd8	a1d52753	feq.s	x14,f10,f29	 f10:0x3f558d8e f29:0x45e881fe x14=0x00000000
      86365.000 ns	      8635	80001bdc	00aa7ab3	and	x21,x20,x10	 x20:0x00000000 x10:0x00000000 x21=0x00000000
      86385.000 ns	      8637	80001be0	21139353	fsgnjn.s	f6,f7,f17	  f7:0xff800000 f17:0x8e974443  f6=0x7f800000
      86405.000 ns	      8639	80001be4	007eac33	slt	x24,x29,x7	 x29:0x80040fe4  x7:0xfffff810 x24=0x00000001
      86415.000 ns	      8640	80001be8	01ff1613	slli	x12,x30,0x1f	 x30:0x00000001 x12=0x80000000
      86745.000 ns	      8673	80001bec	18a0b153	fdiv.s	f2,f1,f10	  f1:0x499837af f10:0x3f558d8e  f2=0x49b678ec
      86775.000 ns	      8676	80001bf0	e00614d3	fclass.s	x9,f12	 f12:0xff800000  x9=0x00000001
      86805.000 ns	      8679	80001bf4	d004fdd3	fcvt.s.w	f27,x9	  x9:0x00000000 f27=0x3f800000
      86825.000 ns	      8681	80001bf8	404b8833	sub	x16,x23,x4	 x23:0x00000000  x4:0x00000000 x16=0x00000000
      86845.000 ns	      8683	80001bfc	e0029853	fclass.s	x16,f5	  f5:0x7fc00000 x16=0x00000200
      86875.000 ns	      8686	80001c00	a0202653	feq.s	x12,f0,f2	  f0:0x7f800000  f2:0x49b678ec x12=0x00000000
      86905.000 ns	      8689	80001c04	02d595b3	mulh	x11,x11,x13	 x11:0x00000001 x13:0x86081988 x11=0xffffffff
      86935.000 ns	      8692	80001c08	c0139153	fcvt.wu.s	x2,f7	  f7:0xff800000  x2=0x00000000
      86955.000 ns	      8694	80001c0c	0051f6b3	and	x13,x3,x5	  x3:0x00000000  x5:0xfffffd6e x13=0x00000000
      86975.000 ns	      8696	80001c10	02db6433	rem	x8,x22,x13	 x22:0x000003dd x13:0x86081988  x8=0x000003dd
      86995.000 ns	      8698	80001c14	70ccadb7	lui	x27,0x70cca	 x27=0x70cca000
      87005.000 ns	      8699	80001c18	41ae8f33	sub	x30,x29,x26	 x29:0x80040fe4 x26:0x00000000 x30=0x80040fe4
      87015.000 ns	      8700	80001c1c	00076a33	or	x20,x14,x0	 x14:0x00000000  x0:0x00000000 x20=0x00000000
      87035.000 ns	      8702	80001c20	211f20d3	fsgnjx.s	f1,f30,f17	 f30:0x9f317000 f17:0x8e974443  f1=0x1f317000
      87085.000 ns	      8707	80001c24	01b37853	fadd.s	f16,f6,f27	  f6:0x7f800000 f27:0x3f800000 f16=0x7f800000
      87105.000 ns	      8709	80001c28	40c30f33	sub	x30,x6,x12	  x6:0x80041024 x12:0x00000000 x30=0x80041024
      87115.000 ns	      8710	80001c2c	41bed993	srai	x19,x29,0x1b	 x29:0x80040fe4 x19=0xfffffff0
      87145.000 ns	      8713	80001c30	58028b53	fsqrt.s	f22,f5	  f5:0x7fc00000 f22=0x7fc00000
      87175.000 ns	      8716	80001c34	29fe89d3	fmin.s	f19,f29,f31	 f29:0x45e881fe f31:0x0e974443 f19=0x0e974443
      87195.000 ns	      8718	80001c38	00a2fdb3	and	x27,x5,x10	  x5:0xfffffd6e x10:0x00000000 x27=0x00000000
      87215.000 ns	      8720	80001c3c	a09082d3	fle.s	x5,f1,f9	  f1:0x1f317000  f9:0x80000000  x5=0x00000000
      87235.000 ns	      8722	80001c40	40125e93	srai	x29,x4,0x1	  x4:0x00000000 x29=0x00000000
      87245.000 ns	      8723	80001c44	0195adb3	slt	x27,x11,x25	 x11:0xffffffff x25:0x80040fe4 x27=0x00000000
      87255.000 ns	      8724	80001c48	0062b933	sltu	x18,x5,x6	  x5:0x00000000  x6:0x80041024 x18=0x00000001
      87265.000 ns	      8725	80001c4c	001d25b3	slt	x11,x26,x1	 x26:0x00000000  x1:0xa7ac19a8 x11=0x00000000
      87285.000 ns	      8727	80001c50	032382b3	mul	x5,x7,x18	  x7:0xfffff810 x18:0x00000000  x5=0xfffff810
      87305.000 ns	      8729	80001c54	0091f3b3	and	x7,x3,x9	  x3:0x00000000  x9:0x00000001  x7=0x00000000
      87315.000 ns	      8730	80001c58	00c62a33	slt	x20,x12,x12	 x12:0x00000000 x12:0x00000000 x20=0x00000000
      87335.000 ns	      8732	80001c5c	e00d92d3	fclass.s	x5,f27	 f27:0x3f800000  x5=0x00000040
      87705.000 ns	      8769	80001c60	02fa57b3	divu	x15,x20,x15	 x20:0x00000000 x15:0x006c7d77 x15=0x00000000
      87735.000 ns	      8772	80001c64	02f0b533	mulhu	x10,x1,x15	  x1:0xa7ac19a8 x15:0x006c7d77 x10=0x00000000
      87755.000 ns	      8774	80001c68	00ca5b13	srli	x22,x20,0xc	 x20:0x00000000 x22=0x00000000
      87765.000 ns	      8775	80001c6c	01a5e9b3	or	x19,x11,x26	 x11:0x00000000 x26:0x00000000 x19=0x00000000
      87785.000 ns	      8777	80001c70	02e03d33	mulhu	x26,x0,x14	  x0:0x00000000 x14:0x00000000 x26=0x00000000
      87815.000 ns	      8780	80001c74	03fc2133	mulhsu	x2,x24,x31	 x24:0x00000001 x31:0x00000000  x2=0x00000000
      87855.000 ns	      8784	80001c78	186273d3	fdiv.s	f7,f4,f6	  f4:0x4f7ffff8  f6:0x7f800000  f7=0x00000000
      87875.000 ns	      8786	80001c7c	41c65bb3	sra	x23,x12,x28	 x12:0x00000000 x28:0xf506f533 x23=0x00000000
      87895.000 ns	      8788	80001c80	a1f9a553	feq.s	x10,f19,f31	 f19:0x0e974443 f31:0x0e974443 x10=0x00000001
      87925.000 ns	      8791	80001c84	02c76ab3	rem	x21,x14,x12	 x14:0x00000000 x12:0x00000000 x21=0x00000000
      88295.000 ns	      8828	80001c88	039cda33	divu	x20,x25,x25	 x25:0x80040fe4 x25:0x80040fe4 x20=0x00000001
      88315.000 ns	      8830	80001c8c	01e285b3	add	x11,x5,x30	  x5:0x00000040 x30:0x80041024 x11=0x80041064
      88675.000 ns	      8866	80001c90	0315f4b3	remu	x9,x11,x17	 x11:0x00000000 x17:0xde0abb9c  x9=0x80041064
      88705.000 ns	      8869	80001c94	03c12d33	mulhsu	x26,x2,x28	  x2:0x00000000 x28:0xf506f533 x26=0x00000000
      88725.000 ns	      8871	80001c98	01f3c433	xor	x8,x7,x31	  x7:0x00000000 x31:0x00000000  x8=0x00000000
      88745.000 ns	      8873	80001c9c	2103a4d3	fsgnjx.s	f9,f7,f16	  f7:0x00000000 f16:0x7f800000  f9=0x00000000
      89115.000 ns	      8910	80001ca0	0328f0b3	remu	x1,x17,x18	 x17:0xde0abb9c x18:0x00000001  x1=0x00000000
      89135.000 ns	      8912	80001ca4	b4828917	auipc	x18,0xb4828	 x18=0x34829ca4
      89155.000 ns	      8914	80001ca8	033e4933	div	x18,x28,x19	 x28:0xf506f533 x19:0x00000000 x18=0xffffffff
      89185.000 ns	      8917	80001cac	e0059453	fclass.s	x8,f11	 f11:0xff800000  x8=0x00000001
      89235.000 ns	      8922	80001cb0	005dc9d3	fadd.s	f19,f27,f5	 f27:0x3f800000  f5:0x7fc00000 f19=0x7fc00000
      89265.000 ns	      8925	80001cb4	29fe01d3	fmin.s	f3,f28,f31	 f28:0x00000000 f31:0x0e974443  f3=0x00000000
      89295.000 ns	      8928	80001cb8	d01c3e53	fcvt.s.wu	f28,x24	 x24:0x00000001 f28=0x3f800000
      89315.000 ns	      8930	80001cbc	3542a813	slti	x16,x5,852	  x5:0x00000040 x16=0x00000001
      89335.000 ns	      8932	80001cc0	e0049153	fclass.s	x2,f9	  f9:0x00000000  x2=0x00000010
      89355.000 ns	      8934	80001cc4	010feab3	or	x21,x31,x16	 x31:0x00000000 x16:0x00000200 x21=0x00000001
      89365.000 ns	      8935	80001cc8	d7501517	auipc	x10,0xd7501	 x10=0x57502cc8
      89385.000 ns	      8937	80001ccc	02971a33	mulh	x20,x14,x9	 x14:0x00000000  x9:0x80041064 x20=0x00000000
      89405.000 ns	      8939	80001cd0	003072b3	and	x5,x0,x3	  x0:0x00000000  x3:0x00000000  x5=0x00000000
      89435.000 ns	      8942	80001cd4	10cf7053	fmul.s	f0,f30,f12	 f30:0x9f317000 f12:0xff800000  f0=0x7f800000
      89465.000 ns	      8945	80001cd8	c0083dd3	fcvt.w.s	x27,f16	 f16:0x7f800000 x27=0x7fffffff
      89505.000 ns	      8949	80001cdc	580f2953	fsqrt.s	f18,f30	 f30:0x9f317000 f18=0x7fc00000
      89535.000 ns	      8952	80001ce0	21fb8c53	fsgnj.s	f24,f23,f31	 f23:0xcd246903 f31:0x0e974443 f24=0x4d246903
      89555.000 ns	      8954	80001ce4	f9e39fb7	lui	x31,0xf9e39	 x31=0xf9e39000
      89575.000 ns	      8956	80001ce8	29148353	fmin.s	f6,f9,f17	  f9:0x00000000 f17:0x8e974443  f6=0x8e974443
      89595.000 ns	      8958	80001cec	4026d433	sra	x8,x13,x2	 x13:0x00000000  x2:0x00000010  x8=0x00000000
      89605.000 ns	      8959	80001cf0	007b5b93	srli	x23,x22,0x7	 x22:0x00000000 x23=0x00000000
      89615.000 ns	      8960	80001cf4	41360ab3	sub	x21,x12,x19	 x12:0x00000000 x19:0x00000000 x21=0x00000000
      89625.000 ns	      8961	80001cf8	8daccf93	xori	x31,x25,-1830	 x25:0x80040fe4 x31=0x7ffbf73e
      89645.000 ns	      8963	80001cfc	a0272553	feq.s	x10,f14,f2	 f14:0x4d2468c1  f2:0x49b678ec x10=0x00000000
      89665.000 ns	      8965	80001d00	016390b3	sll	x1,x7,x22	  x7:0x00000000 x22:0x00000000  x1=0x00000000
      89685.000 ns	      8967	80001d04	02061633	mulh	x12,x12,x0	 x12:0x00000000  x0:0x00000000 x12=0x00000000
      89725.000 ns	      8971	80001d08	5809cdd3	fsqrt.s	f27,f19	 f19:0x7fc00000 f27=0x7fc00000
      89745.000 ns	      8973	80001d0c	9238a037	lui	x0,0x9238a	
      89755.000 ns	      8974	80001d10	01401f13	slli	x30,x0,0x14	  x0:0x00000000 x30=0x00000000
      89765.000 ns	      8975	80001d14	00000013	addi	x0,x0,0	  x0:0x00000000
      89785.000 ns	      8977	80001d18	a12daf53	feq.s	x30,f27,f18	 f27:0x7fc00000 f18:0x7fc00000 x30=0x00000000
      89815.000 ns	      8980	80001d1c	02e5dd33	divu	x26,x11,x14	 x11:0x80041064 x14:0x00000000 x26=0xffffffff
      90185.000 ns	      9017	80001d20	03246733	rem	x14,x8,x18	  x8:0x00000000 x18:0xffffffff x14=0x00000000
      90205.000 ns	      9019	80001d24	3a9b7393	andi	x7,x22,937	 x22:0x00000000  x7=0x00000000
      90215.000 ns	      9020	80001d28	01d0e433	or	x8,x1,x29	  x1:0x00000000 x29:0x00000000  x8=0x00000000
      90225.000 ns	      9021	80001d2c	9a64b913	sltiu	x18,x9,-1626	  x9:0x80041064 x18=0x00000001
      90245.000 ns	      9023	80001d30	c01a7253	fcvt.wu.s	x4,f20	 f20:0x4d246903  x4=0x0a469030
      90275.000 ns	      9026	80001d34	c018f4d3	fcvt.wu.s	x9,f17	 f17:0x8e974443  x9=0x00000000
      90295.000 ns	      9028	80001d38	00000013	addi	x0,x0,0	  x0:0x00000000
      90655.000 ns	      9064	80001d3c	024af933	remu	x18,x21,x4	 x21:0x00000000  x4:0x0a469030 x18=0x00000000
      90685.000 ns	      9067	80001d40	023b9a33	mulh	x20,x23,x3	 x23:0x00000000  x3:0x00000000 x20=0x00000000
      90725.000 ns	      9071	80001d44	5801cbd3	fsqrt.s	f23,f3	  f3:0x00000000 f23=0x00000000
      90765.000 ns	      9075	80001d48	103471d3	fmul.s	f3,f8,f3	  f8:0x8e974443  f3:0x00000000  f3=0x80000000
      90785.000 ns	      9077	80001d4c	00da57b3	srl	x15,x20,x13	 x20:0x00000000 x13:0x00000000 x15=0x00000000
      90805.000 ns	      9079	80001d50	a17da653	feq.s	x12,f27,f23	 f27:0x7fc00000 f23:0x00000000 x12=0x00000000
      90855.000 ns	      9084	80001d54	00d2aa53	fadd.s	f20,f5,f13	  f5:0x7fc00000 f13:0x53b50482 f20=0x7fc00000
      90885.000 ns	      9087	80001d58	0278aab3	mulhsu	x21,x17,x7	 x17:0xde0abb9c  x7:0x00000000 x21=0x00000000
      90915.000 ns	      9090	80001d5c	0327c633	div	x12,x15,x18	 x15:0x00000000 x18:0x00000000 x12=0xffffffff
      90945.000 ns	      9093	80001d60	200c2153	fsgnjx.s	f2,f24,f0	 f24:0x4d246903  f0:0x7f800000  f2=0x4d246903
      90965.000 ns	      9095	80001d64	0197d993	srli	x19,x15,0x19	 x15:0x00000000 x19=0x00000000
      90985.000 ns	      9097	80001d68	033d1d33	mulh	x26,x26,x19	 x26:0xffffffff x19:0x00000000 x26=0x00000000
      91015.000 ns	      9100	80001d6c	a1069b53	flt.s	x22,f13,f16	 f13:0x53b50482 f16:0x7f800000 x22=0x00000001
      91055.000 ns	      9104	80001d70	114b23d3	fmul.s	f7,f22,f20	 f22:0x7fc00000 f20:0x7fc00000  f7=0x7fc00000
      91075.000 ns	      9106	80001d74	173b4993	xori	x19,x22,371	 x22:0x00000001 x19=0x00000172
      91095.000 ns	      9108	80001d78	033db1b3	mulhu	x3,x27,x19	 x27:0x7fffffff x19:0x00000000  x3=0x000000b8
      91115.000 ns	      9110	80001d7c	00f72eb3	slt	x29,x14,x15	 x14:0x00000000 x15:0x00000000 x29=0x00000000
      91125.000 ns	      9111	80001d80	01358d33	add	x26,x11,x19	 x11:0x80041064 x19:0x00000172 x26=0x800411d6
      91135.000 ns	      9112	80001d84	d6416d93	ori	x27,x2,-668	  x2:0x00000010 x27=0xfffffd74
      91175.000 ns	      9116	80001d88	08e91dd3	fsub.s	f27,f18,f14	 f18:0x7fc00000 f14:0x4d2468c1 f27=0x7fc00000
      91195.000 ns	      9118	80001d8c	41c18833	sub	x16,x3,x28	  x3:0x000000b8 x28:0xf506f533 x16=0x0af90b85
      91205.000 ns	      9119	80001d90	010c2433	slt	x8,x24,x16	 x24:0x00000001 x16:0x00000001  x8=0x00000001
      91225.000 ns	      9121	80001d94	d008f3d3	fcvt.s.w	f7,x17	 x17:0xde0abb9c  f7=0xce07d511
      91255.000 ns	      9124	80001d98	0356a3b3	mulhsu	x7,x13,x21	 x13:0x00000000 x21:0x00000000  x7=0x00000000
      91275.000 ns	      9126	80001d9c	010c3533	sltu	x10,x24,x16	 x24:0x00000001 x16:0x0af90b85 x10=0x00000001
      91315.000 ns	      9130	80001da0	08a89fd3	fsub.s	f31,f17,f10	 f17:0x8e974443 f10:0x3f558d8e f31=0xbf558d8e
      91335.000 ns	      9132	80001da4	00dcc033	xor	x0,x25,x13	 x25:0x80040fe4 x13:0x00000000
      91345.000 ns	      9133	80001da8	002bf6b3	and	x13,x23,x2	 x23:0x00000000  x2:0x00000010 x13=0x00000000
      91365.000 ns	      9135	80001dac	03703eb3	mulhu	x29,x0,x23	  x0:0x00000000 x23:0x00000000 x29=0x00000000
      91395.000 ns	      9138	80001db0	21788b53	fsgnj.s	f22,f17,f23	 f17:0x8e974443 f23:0x00000000 f22=0x0e974443
      91425.000 ns	      9141	80001db4	a1560bd3	fle.s	x23,f12,f21	 f12:0xff800000 f21:0x00000000 x23=0x00000001
      91445.000 ns	      9143	80001db8	d4912e93	slti	x29,x2,-695	  x2:0x00000010 x29=0x00000000
      91465.000 ns	      9145	80001dbc	e00c9453	fclass.s	x8,f25	 f25:0x00000000  x8=0x00000010
      91495.000 ns	      9148	80001dc0	e00392d3	fclass.s	x5,f7	  f7:0xce07d511  x5=0x00000002
      91525.000 ns	      9151	80001dc4	f0098a53	fmv.w.x	f20,x19	 x19:0x00000172 f20=0x00000172
      91545.000 ns	      9153	80001dc8	df62e997	auipc	x19,0xdf62e	 x19=0x5f62fdc8
      91565.000 ns	      9155	80001dcc	0216ff33	remu	x30,x13,x1	 x13:0x00000000  x1:0x00000000 x30=0x00000000
      91595.000 ns	      9158	80001dd0	032fe8b3	rem	x17,x31,x18	 x31:0x7ffbf73e x18:0x00000000 x17=0x7ffbf73e
      91615.000 ns	      9160	80001dd4	010940b3	xor	x1,x18,x16	 x18:0x00000000 x16:0x0af90b85  x1=0x0af90b85
      91635.000 ns	      9162	80001dd8	284c08d3	fmin.s	f17,f24,f4	 f24:0x4d246903  f4:0x4f7ffff8 f17=0x4d246903
      91655.000 ns	      9164	80001ddc	001065b3	or	x11,x0,x1	  x0:0x00000000  x1:0x00000000 x11=0x0af90b85
      91675.000 ns	      9166	80001de0	206a8bd3	fsgnj.s	f23,f21,f6	 f21:0x00000000  f6:0x8e974443 f23=0x80000000
      91695.000 ns	      9168	80001de4	86a07913	andi	x18,x0,-1942	  x0:0x00000000 x18=0x00000000
      91715.000 ns	      9170	80001de8	e0091653	fclass.s	x12,f18	 f18:0x7fc00000 x12=0x00000200
      91745.000 ns	      9173	80001dec	f0060dd3	fmv.w.x	f27,x12	 x12:0xffffffff f27=0x00000200
      91765.000 ns	      9175	80001df0	76664113	xori	x2,x12,1894	 x12:0x00000200  x2=0x00000566
      91775.000 ns	      9176	80001df4	40e8d533	sra	x10,x17,x14	 x17:0x7ffbf73e x14:0x00000000 x10=0x7ffbf73e
      91795.000 ns	      9178	80001df8	21a08053	fsgnj.s	f0,f1,f26	  f1:0x1f317000 f26:0x7f800000  f0=0x1f317000
      91815.000 ns	      9180	80001dfc	0001e533	or	x10,x3,x0	  x3:0x000000b8  x0:0x00000000 x10=0x000000b8
      91825.000 ns	      9181	80001e00	8c64f793	andi	x15,x9,-1850	  x9:0x00000000 x15=0x00000000
      91845.000 ns	      9183	80001e04	a11581d3	fle.s	x3,f11,f17	 f11:0xff800000 f17:0x4d246903  x3=0x00000001
      91875.000 ns	      9186	80001e08	207b81d3	fsgnj.s	f3,f23,f7	 f23:0x80000000  f7:0xce07d511  f3=0x80000000
      91895.000 ns	      9188	80001e0c	095f3f93	sltiu	x31,x30,149	 x30:0x00000000 x31=0x00000001
      91915.000 ns	      9190	80001e10	02b495b3	mulh	x11,x9,x11	  x9:0x00000000 x11:0x0af90b85 x11=0x00000000
      91935.000 ns	      9192	80001e14	6f7ac893	xori	x17,x21,1783	 x21:0x00000000 x17=0x000006f7
      91955.000 ns	      9194	80001e18	d0037bd3	fcvt.s.w	f23,x6	  x6:0x80041024 f23=0xcefff7df
      91985.000 ns	      9197	80001e1c	20ae93d3	fsgnjn.s	f7,f29,f10	 f29:0x45e881fe f10:0x3f558d8e  f7=0xc5e881fe
      92015.000 ns	      9200	80001e20	d005f7d3	fcvt.s.w	f15,x11	 x11:0x00000000 f15=0x00000000
      92045.000 ns	      9203	80001e24	02dfcfb3	div	x31,x31,x13	 x31:0x00000001 x13:0x00000000 x31=0xffffffff
      92075.000 ns	      9206	80001e28	c0148853	fcvt.wu.s	x16,f9	  f9:0x00000000 x16=0x00000000
      92105.000 ns	      9209	80001e2c	a1260a53	fle.s	x20,f12,f18	 f12:0xff800000 f18:0x7fc00000 x20=0x00000000
      92125.000 ns	      9211	80001e30	00d64233	xor	x4,x12,x13	 x12:0x00000200 x13:0x00000000  x4=0x00000200
      92145.000 ns	      9213	80001e34	03a485b3	mul	x11,x9,x26	  x9:0x00000000 x26:0x800411d6 x11=0x00000000
      92515.000 ns	      9250	80001e38	03b3d4b3	divu	x9,x7,x27	  x7:0x00000000 x27:0xfffffd74  x9=0x00000000
      92545.000 ns	      9253	80001e3c	a1198253	fle.s	x4,f19,f17	 f19:0x7fc00000 f17:0x4d246903  x4=0x00000000
      92575.000 ns	      9256	80001e40	a0be83d3	fle.s	x7,f29,f11	 f29:0x45e881fe f11:0xff800000  x7=0x00000000
      92595.000 ns	      9258	80001e44	4045d813	srai	x16,x11,0x4	 x11:0x00000000 x16=0x00000000
      92615.000 ns	      9260	80001e48	032637b3	mulhu	x15,x12,x18	 x12:0x00000200 x18:0x00000000 x15=0x00000000
      92635.000 ns	      9262	80001e4c	01249533	sll	x10,x9,x18	  x9:0x00000000 x18:0x00000000 x10=0x00000000
      92645.000 ns	      9263	80001e50	011962b3	or	x5,x18,x17	 x18:0x00000000 x17:0x000006f7  x5=0x000006f7
      92665.000 ns	      9265	80001e54	02a85eb3	divu	x29,x16,x10	 x16:0x00000000 x10:0x000000b8 x29=0xffffffff
      92695.000 ns	      9268	80001e58	f0038ad3	fmv.w.x	f21,x7	  x7:0x00000000 f21=0x00000000
      92745.000 ns	      9273	80001e5c	09ea7053	fsub.s	f0,f20,f30	 f20:0x00000172 f30:0x9f317000  f0=0x1f317000
      92775.000 ns	      9276	80001e60	29368353	fmin.s	f6,f13,f19	 f13:0x53b50482 f19:0x7fc00000  f6=0x53b50482
      92805.000 ns	      9279	80001e64	035471b3	remu	x3,x8,x21	  x8:0x00000010 x21:0x00000000  x3=0x00000010
      92835.000 ns	      9282	80001e68	a1431dd3	flt.s	x27,f6,f20	  f6:0x53b50482 f20:0x00000172 x27=0x00000000
      92865.000 ns	      9285	80001e6c	a0ff0553	fle.s	x10,f30,f15	 f30:0x9f317000 f15:0x00000000 x10=0x00000001
      92885.000 ns	      9287	80001e70	008b76b3	and	x13,x22,x8	 x22:0x00000001  x8:0x00000010 x13=0x00000000
      92905.000 ns	      9289	80001e74	28d08fd3	fmin.s	f31,f1,f13	  f1:0x1f317000 f13:0x53b50482 f31=0x1f317000
      92925.000 ns	      9291	80001e78	40185993	srai	x19,x16,0x1	 x16:0x00000000 x19=0x00000000
      92955.000 ns	      9294	80001e7c	5803b5d3	fsqrt.s	f11,f7	  f7:0xc5e881fe f11=0x7fc00000
      92985.000 ns	      9297	80001e80	20af8c53	fsgnj.s	f24,f31,f10	 f31:0x1f317000 f10:0x3f558d8e f24=0x1f317000
      93005.000 ns	      9299	80001e84	419ed613	srai	x12,x29,0x19	 x29:0xffffffff x12=0xffffffff
      93025.000 ns	      9301	80001e88	a0850853	fle.s	x16,f10,f8	 f10:0x3f558d8e  f8:0x8e974443 x16=0x00000000
      93065.000 ns	      9305	80001e8c	1914f3d3	fdiv.s	f7,f9,f17	  f9:0x00000000 f17:0x4d246903  f7=0x00000000
      93095.000 ns	      9308	80001e90	e0091953	fclass.s	x18,f18	 f18:0x7fc00000 x18=0x00000200
      93125.000 ns	      9311	80001e94	a09107d3	fle.s	x15,f2,f9	  f2:0x4d246903  f9:0x00000000 x15=0x00000000
      93145.000 ns	      9313	80001e98	007b6433	or	x8,x22,x7	 x22:0x00000001  x7:0x00000000  x8=0x00000001
      93165.000 ns	      9315	80001e9c	29d310d3	fmax.s	f1,f6,f29	  f6:0x53b50482 f29:0x45e881fe  f1=0x53b50482
      93505.000 ns	      9349	80001ea0	18107dd3	fdiv.s	f27,f0,f1	  f0:0x1f317000  f1:0x1f317000 f27=0x0ab17000
      93525.000 ns	      9351	80001ea4	003ddc13	srli	x24,x27,0x3	 x27:0x00000000 x24=0x00000000
      93885.000 ns	      9387	80001ea8	021671b3	remu	x3,x12,x1	 x12:0xffffffff  x1:0x0af90b85  x3=0x039ff70c
      94255.000 ns	      9424	80001eac	02ab43b3	div	x7,x22,x10	 x22:0x00000001 x10:0x00000001  x7=0x00000001
      94275.000 ns	      9426	80001eb0	d34bfa93	andi	x21,x23,-716	 x23:0x00000001 x21=0x00000000
      94295.000 ns	      9428	80001eb4	c01177d3	fcvt.wu.s	x15,f2	  f2:0x4d246903 x15=0x0a469030
      94665.000 ns	      9465	80001eb8	021fc4b3	div	x9,x31,x1	 x31:0xffffffff  x1:0x0af90b85  x9=0x00000000
      94695.000 ns	      9468	80001ebc	f0040f53	fmv.w.x	f30,x8	  x8:0x00000001 f30=0x00000001
      94725.000 ns	      9471	80001ec0	287b85d3	fmin.s	f11,f23,f7	 f23:0xcefff7df  f7:0x00000000 f11=0xcefff7df
      94745.000 ns	      9473	80001ec4	43247213	andi	x4,x8,1074	  x8:0x00000001  x4=0x00000000
      94765.000 ns	      9475	80001ec8	03693f33	mulhu	x30,x18,x22	 x18:0x00000200 x22:0x00000001 x30=0x00000000
      94785.000 ns	      9477	80001ecc	00cada13	srli	x20,x21,0xc	 x21:0x00000000 x20=0x00000000
      94795.000 ns	      9478	80001ed0	4051d113	srai	x2,x3,0x5	  x3:0x039ff70c  x2=0x001cffb8
      94805.000 ns	      9479	80001ed4	00277c33	and	x24,x14,x2	 x14:0x00000000  x2:0x00000566 x24=0x00000000
      94825.000 ns	      9481	80001ed8	a0d50a53	fle.s	x20,f10,f13	 f10:0x3f558d8e f13:0x53b50482 x20=0x00000001
      94845.000 ns	      9483	80001edc	b6492193	slti	x3,x18,-1180	 x18:0x00000200  x3=0x00000000
      94855.000 ns	      9484	80001ee0	feee0813	addi	x16,x28,-18	 x28:0xf506f533 x16=0xf506f521
      94865.000 ns	      9485	80001ee4	003021b3	slt	x3,x0,x3	  x0:0x00000000  x3:0x039ff70c  x3=0x00000000
      94885.000 ns	      9487	80001ee8	a0a0afd3	feq.s	x31,f1,f10	  f1:0x53b50482 f10:0x3f558d8e x31=0x00000000
      94915.000 ns	      9490	80001eec	0388e633	rem	x12,x17,x24	 x17:0x000006f7 x24:0x00000000 x12=0x000006f7
      94935.000 ns	      9492	80001ef0	7e80e213	ori	x4,x1,2024	  x1:0x0af90b85  x4=0x0af90fed
      94955.000 ns	      9494	80001ef4	c0033a53	fcvt.w.s	x20,f6	  f6:0x53b50482 x20=0x7fffffff
      94975.000 ns	      9496	80001ef8	00000013	addi	x0,x0,0	  x0:0x00000000
      94985.000 ns	      9497	80001efc	6e79e713	ori	x14,x19,1767	 x19:0x00000000 x14=0x000006e7
      95005.000 ns	      9499	80001f00	e00a81d3	fmv.x.w	x3,f21	 f21:0x00000000  x3=0x00000000
      95025.000 ns	      9501	80001f04	0583f6b7	lui	x13,0x583f	 x13=0x0583f000
      95035.000 ns	      9502	80001f08	efd2f913	andi	x18,x5,-259	  x5:0x000006f7 x18=0x000006f5
      95045.000 ns	      9503	80001f0c	000d3833	sltu	x16,x26,x0	 x26:0x800411d6  x0:0x00000000 x16=0x00000000
      95065.000 ns	      9505	80001f10	02c2b9b3	mulhu	x19,x5,x12	  x5:0x000006f7 x12:0x000006f7 x19=0x00000000
      95095.000 ns	      9508	80001f14	d019f0d3	fcvt.s.wu	f1,x19	 x19:0x00000000  f1=0x00000000
      95115.000 ns	      9510	80001f18	014a84b3	add	x9,x21,x20	 x21:0x00000000 x20:0x7fffffff  x9=0x7fffffff
      95125.000 ns	      9511	80001f1c	41d1d6b3	sra	x13,x3,x29	  x3:0x00000000 x29:0xffffffff x13=0x00000000
      95135.000 ns	      9512	80001f20	7b49c813	xori	x16,x19,1972	 x19:0x00000000 x16=0x000007b4
      95145.000 ns	      9513	80001f24	b207d4b7	lui	x9,0xb207d	  x9=0xb207d000
      95165.000 ns	      9515	80001f28	03fb90b3	mulh	x1,x23,x31	 x23:0x00000001 x31:0x00000000  x1=0x00000000
      95185.000 ns	      9517	80001f2c	403ed133	sra	x2,x29,x3	 x29:0xffffffff  x3:0x00000000  x2=0xffffffff
      95195.000 ns	      9518	80001f30	72fe0f93	addi	x31,x28,1839	 x28:0xf506f533 x31=0xf506fc62
      95225.000 ns	      9521	80001f34	1079fc53	fmul.s	f24,f19,f7	 f19:0x7fc00000  f7:0x00000000 f24=0x7fc00000
      95595.000 ns	      9558	80001f38	02e5c633	div	x12,x11,x14	 x11:0x00000000 x14:0x000006e7 x12=0x00000000
      95615.000 ns	      9560	80001f3c	01fa2f33	slt	x30,x20,x31	 x20:0x7fffffff x31:0xf506fc62 x30=0x00000000
      95625.000 ns	      9561	80001f40	002c6233	or	x4,x24,x2	 x24:0x00000000  x2:0xffffffff  x4=0xffffffff
      95645.000 ns	      9563	80001f44	a07207d3	fle.s	x15,f4,f7	  f4:0x4f7ffff8  f7:0x00000000 x15=0x00000000
      95675.000 ns	      9566	80001f48	d01975d3	fcvt.s.wu	f11,x18	 x18:0x000006f5 f11=0x44dea000
      95695.000 ns	      9568	80001f4c	00000013	addi	x0,x0,0	  x0:0x00000000
      95725.000 ns	      9571	80001f50	10f29f53	fmul.s	f30,f5,f15	  f5:0x7fc00000 f15:0x00000000 f30=0x7fc00000
      95745.000 ns	      9573	80001f54	0070d833	srl	x16,x1,x7	  x1:0x00000000  x7:0x00000001 x16=0x00000000
      95765.000 ns	      9575	80001f58	c0041053	fcvt.w.s	x0,f8	  f8:0x8e974443
      95795.000 ns	      9578	80001f5c	a157aad3	feq.s	x21,f15,f21	 f15:0x00000000 f21:0x00000000 x21=0x00000001
      95815.000 ns	      9580	80001f60	01bc9693	slli	x13,x25,0x1b	 x25:0x80040fe4 x13=0x20000000
      95825.000 ns	      9581	80001f64	01af5193	srli	x3,x30,0x1a	 x30:0x00000000  x3=0x00000000
      95835.000 ns	      9582	80001f68	01edb133	sltu	x2,x27,x30	 x27:0x00000000 x30:0x00000000  x2=0x00000000
      95845.000 ns	      9583	80001f6c	997f7b13	andi	x22,x30,-1641	 x30:0x00000000 x22=0x00000000
      95855.000 ns	      9584	80001f70	015c4fb3	xor	x31,x24,x21	 x24:0x00000000 x21:0x00000001 x31=0x00000001
      95865.000 ns	      9585	80001f74	0034da13	srli	x20,x9,0x3	  x9:0xb207d000 x20=0x1640fa00
      95875.000 ns	      9586	80001f78	007c0933	add	x18,x24,x7	 x24:0x00000000  x7:0x00000001 x18=0x00000001
      95915.000 ns	      9590	80001f7c	0800c9d3	fsub.s	f19,f1,f0	  f1:0x00000000  f0:0x1f317000 f19=0x9f317000
      95945.000 ns	      9593	80001f80	c00a7953	fcvt.w.s	x18,f20	 f20:0x00000172 x18=0x00000000
      95965.000 ns	      9595	80001f84	01e59f33	sll	x30,x11,x30	 x11:0x00000000 x30:0x00000000 x30=0x00000000
      95975.000 ns	      9596	80001f88	002d81b3	add	x3,x27,x2	 x27:0x00000000  x2:0x00000000  x3=0x00000000
      95985.000 ns	      9597	80001f8c	00fd7c33	and	x24,x26,x15	 x26:0x800411d6 x15:0x00000000 x24=0x00000000
      96005.000 ns	      9599	80001f90	d01c88d3	fcvt.s.wu	f17,x25	 x25:0x80040fe4 f17=0x4f000410
      96055.000 ns	      9604	80001f94	004ba8d3	fadd.s	f17,f23,f4	 f23:0xcefff7df  f4:0x4f7ffff8 f17=0x4f000408
      96085.000 ns	      9607	80001f98	e00404d3	fmv.x.w	x9,f8	  f8:0x8e974443  x9=0x8e974443
      96115.000 ns	      9610	80001f9c	28559053	fmax.s	f0,f11,f5	 f11:0x44dea000  f5:0x7fc00000  f0=0x44dea000
      96135.000 ns	      9612	80001fa0	af6ec693	xori	x13,x29,-1290	 x29:0xffffffff x13=0x00000509
      96155.000 ns	      9614	80001fa4	20f70dd3	fsgnj.s	f27,f14,f15	 f14:0x4d2468c1 f15:0x00000000 f27=0x4d2468c1
      96185.000 ns	      9617	80001fa8	20012053	fsgnjx.s	f0,f2,f0	  f2:0x4d246903  f0:0x44dea000  f0=0x4d246903
      96215.000 ns	      9620	80001fac	c0073ad3	fcvt.w.s	x21,f14	 f14:0x4d2468c1 x21=0x0a468c10
      96245.000 ns	      9623	80001fb0	c00f4053	fcvt.w.s	x0,f30	 f30:0x7fc00000
      96275.000 ns	      9626	80001fb4	28891e53	fmax.s	f28,f18,f8	 f18:0x7fc00000  f8:0x8e974443 f28=0x8e974443
      96305.000 ns	      9629	80001fb8	209924d3	fsgnjx.s	f9,f18,f9	 f18:0x7fc00000  f9:0x00000000  f9=0x7fc00000
      96335.000 ns	      9632	80001fbc	206688d3	fsgnj.s	f17,f13,f6	 f13:0x53b50482  f6:0x53b50482 f17=0x53b50482
      96365.000 ns	      9635	80001fc0	03026133	rem	x2,x4,x16	  x4:0xffffffff x16:0x00000000  x2=0xffffffff
      97545.000 ns	      9753	80001fc4	580b7ad3	fsqrt.s	f21,f22	 f22:0x0e974443 f21=0x268b25a7
      97575.000 ns	      9756	80001fc8	204408d3	fsgnj.s	f17,f8,f4	  f8:0x8e974443  f4:0x4f7ffff8 f17=0x0e974443
      97595.000 ns	      9758	80001fcc	40375833	sra	x16,x14,x3	 x14:0x000006e7  x3:0x00000000 x16=0x000006e7
      97625.000 ns	      9761	80001fd0	58009d53	fsqrt.s	f26,f1	  f1:0x00000000 f26=0x00000000
      97645.000 ns	      9763	80001fd4	00000013	addi	x0,x0,0	  x0:0x00000000
      97665.000 ns	      9765	80001fd8	c01b9553	fcvt.wu.s	x10,f23	 f23:0xcefff7df x10=0x7ffbef80
      97685.000 ns	      9767	80001fdc	017b2033	slt	x0,x22,x23	 x22:0x00000000 x23:0x00000001
      97695.000 ns	      9768	80001fe0	397c2a93	slti	x21,x24,919	 x24:0x00000000 x21=0x00000001
      97715.000 ns	      9770	80001fe4	d01d7653	fcvt.s.wu	f12,x26	 x26:0x800411d6 f12=0x4f000411
      97735.000 ns	      9772	80001fe8	40ca5233	sra	x4,x20,x12	 x20:0x1640fa00 x12:0x00000000  x4=0x1640fa00
      97755.000 ns	      9774	80001fec	03feadb3	mulhsu	x27,x29,x31	 x29:0xffffffff x31:0x00000001 x27=0xffffffff
      97775.000 ns	      9776	80001ff0	00f2d393	srli	x7,x5,0xf	  x5:0x000006f7  x7=0x00000000
      97795.000 ns	      9778	80001ff4	a1a71753	flt.s	x14,f14,f26	 f14:0x4d2468c1 f26:0x00000000 x14=0x00000000
      97815.000 ns	      9780	80001ff8	2b1a7637	lui	x12,0x2b1a7	 x12=0x2b1a7000
      97835.000 ns	      9782	80001ffc	02730133	mul	x2,x6,x7	  x6:0x80041024  x7:0x00000000  x2=0x00000000
      97865.000 ns	      9785	80002000	e00787d3	fmv.x.w	x15,f15	 f15:0x00000000 x15=0x00000000
      97915.000 ns	      9790	80002004	08af4bd3	fsub.s	f23,f30,f10	 f30:0x7fc00000 f10:0x3f558d8e f23=0x7fc00000
      97935.000 ns	      9792	80002008	01af9033	sll	x0,x31,x26	 x31:0x00000001 x26:0x800411d6
      97955.000 ns	      9794	8000200c	c0042f53	fcvt.w.s	x30,f8	  f8:0x8e974443 x30=0x00000000
      98325.000 ns	      9831	80002010	03f2deb3	divu	x29,x5,x31	  x5:0x000006f7 x31:0x00000001 x29=0x000006f7
      98345.000 ns	      9833	80002014	417e0a33	sub	x20,x28,x23	 x28:0xf506f533 x23:0x00000001 x20=0xf506f532
      98365.000 ns	      9835	80002018	29a815d3	fmax.s	f11,f16,f26	 f16:0x7f800000 f26:0x00000000 f11=0x7f800000
      98385.000 ns	      9837	8000201c	411e56b3	sra	x13,x28,x17	 x28:0xf506f533 x17:0x000006f7 x13=0xffffffea
      98405.000 ns	      9839	80002020	d00a0a53	fcvt.s.w	f20,x20	 x20:0xf506f532 f20=0xcd2f90ac
      98435.000 ns	      9842	80002024	200b2953	fsgnjx.s	f18,f22,f0	 f22:0x0e974443  f0:0x4d246903 f18=0x0e974443
      98455.000 ns	      9844	80002028	04502d13	slti	x26,x0,69	  x0:0x00000000 x26=0x00000001
      98475.000 ns	      9846	8000202c	d003fcd3	fcvt.s.w	f25,x7	  x7:0x00000000 f25=0x00000000
      98845.000 ns	      9883	80002030	030ffeb3	remu	x29,x31,x16	 x31:0x00000001 x16:0x000006e7 x29=0x00000001
      98865.000 ns	      9885	80002034	00536f33	or	x30,x6,x5	  x6:0x80041024  x5:0x000006f7 x30=0x800416f7
      98875.000 ns	      9886	80002038	0a7d6893	ori	x17,x26,167	 x26:0x00000001 x17=0x000000a7
      98895.000 ns	      9888	8000203c	c0132a53	fcvt.wu.s	x20,f6	  f6:0x53b50482 x20=0xffffffff
      98915.000 ns	      9890	80002040	0102d133	srl	x2,x5,x16	  x5:0x000006f7 x16:0x000006e7  x2=0x0000000d
      98925.000 ns	      9891	80002044	01a5e033	or	x0,x11,x26	 x11:0x00000000 x26:0x00000001
      98945.000 ns	      9893	80002048	c00afad3	fcvt.w.s	x21,f21	 f21:0x268b25a7 x21=0x00000000
      98965.000 ns	      9895	8000204c	019d5193	srli	x3,x26,0x19	 x26:0x00000001  x3=0x00000000
      98985.000 ns	      9897	80002050	f0030053	fmv.w.x	f0,x6	  x6:0x80041024  f0=0x80041024
      99015.000 ns	      9900	80002054	c01e79d3	fcvt.wu.s	x19,f28	 f28:0x8e974443 x19=0x00000000
      99035.000 ns	      9902	80002058	646bdf97	auipc	x31,0x646bd	 x31=0xe46bf058
      99055.000 ns	      9904	8000205c	c010ffd3	fcvt.wu.s	x31,f1	  f1:0x00000000 x31=0x00000000
      99085.000 ns	      9907	80002060	a066a553	feq.s	x10,f13,f6	 f13:0x53b50482  f6:0x53b50482 x10=0x00000001
      99135.000 ns	      9912	80002064	0133fbd3	fadd.s	f23,f7,f19	  f7:0x00000000 f19:0x9f317000 f23=0x9f317000
      99505.000 ns	      9949	80002068	03b9d833	divu	x16,x19,x27	 x19:0x00000000 x27:0xffffffff x16=0x00000000
      99555.000 ns	      9954	8000206c	081df2d3	fsub.s	f5,f27,f1	 f27:0x4d2468c1  f1:0x00000000  f5=0x4d2468c1
      99585.000 ns	      9957	80002070	0366f2b3	remu	x5,x13,x22	 x13:0xffffffea x22:0x00000000  x5=0xffffffea
      99605.000 ns	      9959	80002074	00359433	sll	x8,x11,x3	 x11:0x00000000  x3:0x00000000  x8=0x00000000
      99615.000 ns	      9960	80002078	00000013	addi	x0,x0,0	  x0:0x00000000
      99625.000 ns	      9961	8000207c	a98c0013	addi	x0,x24,-1384	 x24:0x00000000
      99665.000 ns	      9965	80002080	09172653	fsub.s	f12,f14,f17	 f14:0x4d2468c1 f17:0x0e974443 f12=0x4d2468c1
      99695.000 ns	      9968	80002084	29ca1b53	fmax.s	f22,f20,f28	 f20:0xcd2f90ac f28:0x8e974443 f22=0x8e974443
      99725.000 ns	      9971	80002088	a1b89bd3	flt.s	x23,f17,f27	 f17:0x0e974443 f27:0x4d2468c1 x23=0x00000001
      99745.000 ns	      9973	8000208c	01ae9b93	slli	x23,x29,0x1a	 x29:0x00000001 x23=0x04000000
      99765.000 ns	      9975	80002090	03fe09b3	mul	x19,x28,x31	 x28:0xf506f533 x31:0x00000000 x19=0x00000000
      99795.000 ns	      9978	80002094	d00537d3	fcvt.s.w	f15,x10	 x10:0x00000001 f15=0x3f800000
      99815.000 ns	      9980	80002098	05b9f913	andi	x18,x19,91	 x19:0x00000000 x18=0x00000000
      99825.000 ns	      9981	8000209c	41b3db33	sra	x22,x7,x27	  x7:0x00000000 x27:0xffffffff x22=0x00000000
      99855.000 ns	      9984	800020a0	1181afd3	fmul.s	f31,f3,f24	  f3:0x80000000 f24:0x7fc00000 f31=0x7fc00000
      99875.000 ns	      9986	800020a4	9906ed93	ori	x27,x13,-1648	 x13:0xffffffea x27=0xfffffffa
      99885.000 ns	      9987	800020a8	4070d5b3	sra	x11,x1,x7	  x1:0x00000000  x7:0x00000000 x11=0x00000000
     100215.000 ns	     10020	800020ac	18a47b53	fdiv.s	f22,f8,f10	  f8:0x8e974443 f10:0x3f558d8e f22=0x8eb5551e
     100245.000 ns	     10023	800020b0	f0098453	fmv.w.x	f8,x19	 x19:0x00000000  f8=0x00000000
     100265.000 ns	     10025	800020b4	018e8fb3	add	x31,x29,x24	 x29:0x00000001 x24:0x00000000 x31=0x00000001
     100295.000 ns	     10028	800020b8	1895f2d3	fdiv.s	f5,f11,f9	 f11:0x7f800000  f9:0x7fc00000  f5=0x7fc00000
     100335.000 ns	     10032	800020bc	11772dd3	fmul.s	f27,f14,f23	 f14:0x4d2468c1 f23:0x9f317000 f27=0xace3e8b7
     100355.000 ns	     10034	800020c0	4189d993	srai	x19,x19,0x18	 x19:0x00000000 x19=0x00000000
     100375.000 ns	     10036	800020c4	28f88ad3	fmin.s	f21,f17,f15	 f17:0x0e974443 f15:0x3f800000 f21=0x0e974443
     100395.000 ns	     10038	800020c8	00dc4fb3	xor	x31,x24,x13	 x24:0x00000000 x13:0xffffffea x31=0xffffffea
     100415.000 ns	     10040	800020cc	20221c53	fsgnjn.s	f24,f4,f2	  f4:0x4f7ffff8  f2:0x4d246903 f24=0xcf7ffff8
     100445.000 ns	     10043	800020d0	a0de1553	flt.s	x10,f28,f13	 f28:0x8e974443 f13:0x53b50482 x10=0x00000001
     100485.000 ns	     10047	800020d4	58039cd3	fsqrt.s	f25,f7	  f7:0x00000000 f25=0x00000000
     100505.000 ns	     10049	800020d8	9179b113	sltiu	x2,x19,-1769	 x19:0x00000000  x2=0x00000001
     100525.000 ns	     10051	800020dc	d0179053	fcvt.s.wu	f0,x15	 x15:0x00000000  f0=0x00000000
     100545.000 ns	     10053	800020e0	00c072b3	and	x5,x0,x12	  x0:0x00000000 x12:0x2b1a7000  x5=0x00000000
     100565.000 ns	     10055	800020e4	285a11d3	fmax.s	f3,f20,f5	 f20:0xcd2f90ac  f5:0x7fc00000  f3=0xcd2f90ac
     100585.000 ns	     10057	800020e8	41f658b3	sra	x17,x12,x31	 x12:0x2b1a7000 x31:0xffffffea x17=0x000ac69c
     100595.000 ns	     10058	800020ec	00885f93	srli	x31,x16,0x8	 x16:0x00000000 x31=0x00000000
     100615.000 ns	     10060	800020f0	20479453	fsgnjn.s	f8,f15,f4	 f15:0x3f800000  f4:0x4f7ffff8  f8=0xbf800000
     100635.000 ns	     10062	800020f4	00811b33	sll	x22,x2,x8	  x2:0x00000001  x8:0x00000000 x22=0x00000001
     100655.000 ns	     10064	800020f8	28b01553	fmax.s	f10,f0,f11	  f0:0x00000000 f11:0x7f800000 f10=0x7f800000
     100685.000 ns	     10067	800020fc	028ec4b3	div	x9,x29,x8	 x29:0x00000001  x8:0x00000000  x9=0xffffffff
     100705.000 ns	     10069	80002100	000be1b3	or	x3,x23,x0	 x23:0x04000000  x0:0x00000000  x3=0x04000000
     100725.000 ns	     10071	80002104	29fa97d3	fmax.s	f15,f21,f31	 f21:0x0e974443 f31:0x7fc00000 f15=0x0e974443
     100745.000 ns	     10073	80002108	01359613	slli	x12,x11,0x13	 x11:0x00000000 x12=0x00000000
     100755.000 ns	     10074	8000210c	40567d93	andi	x27,x12,1029	 x12:0x2b1a7000 x27=0x00000000
     100765.000 ns	     10075	80002110	41e7d893	srai	x17,x15,0x1e	 x15:0x00000000 x17=0x00000000
     100785.000 ns	     10077	80002114	020f27b3	mulhsu	x15,x30,x0	 x30:0x800416f7  x0:0x00000000 x15=0x00000000
     100815.000 ns	     10080	80002118	a04e2a53	feq.s	x20,f28,f4	 f28:0x8e974443  f4:0x4f7ffff8 x20=0x00000000
     100835.000 ns	     10082	8000211c	01409893	slli	x17,x1,0x14	  x1:0x00000000 x17=0x00000000
     100845.000 ns	     10083	80002120	f8b48713	addi	x14,x9,-117	  x9:0xffffffff x14=0xffffff8a
     100855.000 ns	     10084	80002124	791b3613	sltiu	x12,x22,1937	 x22:0x00000001 x12=0x00000001
     100875.000 ns	     10086	80002128	024f2eb3	mulhsu	x29,x30,x4	 x30:0x800416f7  x4:0x1640fa00 x29=0xf4dfde02
     100895.000 ns	     10088	8000212c	2d4fb793	sltiu	x15,x31,724	 x31:0x00000000 x15=0x00000001
     100915.000 ns	     10090	80002130	0249aeb3	mulhsu	x29,x19,x4	 x19:0x00000000  x4:0x1640fa00 x29=0x00000000
     100945.000 ns	     10093	80002134	c0170253	fcvt.wu.s	x4,f14	 f14:0x4d2468c1  x4=0x0a468c10
     100975.000 ns	     10096	80002138	20b085d3	fsgnj.s	f11,f1,f11	  f1:0x00000000 f11:0x7f800000 f11=0x00000000
     101345.000 ns	     10133	8000213c	03edd3b3	divu	x7,x27,x30	 x27:0x00000000 x30:0x800416f7  x7=0x00000000
     101365.000 ns	     10135	80002140	0121af33	slt	x30,x3,x18	  x3:0x04000000 x18:0x00000000 x30=0x00000000
     101385.000 ns	     10137	80002144	c00d9b53	fcvt.w.s	x22,f27	 f27:0xace3e8b7 x22=0x00000000
     101405.000 ns	     10139	80002148	79dd2f13	slti	x30,x26,1949	 x26:0x00000001 x30=0x00000001
     101415.000 ns	     10140	8000214c	013da033	slt	x0,x27,x19	 x27:0x00000000 x19:0x00000000
     101435.000 ns	     10142	80002150	032ced33	rem	x26,x25,x18	 x25:0x80040fe4 x18:0x00000000 x26=0x80040fe4
     101465.000 ns	     10145	80002154	205c0dd3	fsgnj.s	f27,f24,f5	 f24:0xcf7ffff8  f5:0x7fc00000 f27=0x4f7ffff8
     101495.000 ns	     10148	80002158	0365a2b3	mulhsu	x5,x11,x22	 x11:0x00000000 x22:0x00000000  x5=0x00000000
     101545.000 ns	     10153	8000215c	01ae93d3	fadd.s	f7,f29,f26	 f29:0x45e881fe f26:0x00000000  f7=0x45e881fe
     101565.000 ns	     10155	80002160	8eb7a013	slti	x0,x15,-1813	 x15:0x00000001
     101575.000 ns	     10156	80002164	41a402b3	sub	x5,x8,x26	  x8:0x00000000 x26:0x80040fe4  x5=0x7ffbf01c
     101585.000 ns	     10157	80002168	918fc013	xori	x0,x31,-1768	 x31:0x00000000
     101595.000 ns	     10158	8000216c	d7597f93	andi	x31,x18,-651	 x18:0x00000000 x31=0x00000000
     101615.000 ns	     10160	80002170	2090a253	fsgnjx.s	f4,f1,f9	  f1:0x00000000  f9:0x7fc00000  f4=0x00000000
     101645.000 ns	     10163	80002174	21919ed3	fsgnjn.s	f29,f3,f25	  f3:0xcd2f90ac f25:0x00000000 f29=0xcd2f90ac
     101675.000 ns	     10166	80002178	02108833	mul	x16,x1,x1	  x1:0x00000000  x1:0x00000000 x16=0x00000000
     101695.000 ns	     10168	8000217c	0097eb33	or	x22,x15,x9	 x15:0x00000001  x9:0xffffffff x22=0xffffffff
     101715.000 ns	     10170	80002180	f0030fd3	fmv.w.x	f31,x6	  x6:0x80041024 f31=0x80041024
     101745.000 ns	     10173	80002184	e00e0253	fmv.x.w	x4,f28	 f28:0x8e974443  x4=0x8e974443
     101775.000 ns	     10176	80002188	a0298b53	fle.s	x22,f19,f2	 f19:0x9f317000  f2:0x4d246903 x22=0x00000001
     101795.000 ns	     10178	8000218c	01e70833	add	x16,x14,x30	 x14:0xffffff8a x30:0x00000001 x16=0xffffff8b
     101815.000 ns	     10180	80002190	2091a053	fsgnjx.s	f0,f3,f9	  f3:0xcd2f90ac  f9:0x7fc00000  f0=0xcd2f90ac
     101845.000 ns	     10183	80002194	a1ac2753	feq.s	x14,f24,f26	 f24:0xcf7ffff8 f26:0x00000000 x14=0x00000000
     101865.000 ns	     10185	80002198	01834933	xor	x18,x6,x24	  x6:0x80041024 x24:0x00000000 x18=0x80041024
     101885.000 ns	     10187	8000219c	c0003ad3	fcvt.w.s	x21,f0	  f0:0xcd2f90ac x21=0xf506f540
     101905.000 ns	     10189	800021a0	b95df193	andi	x3,x27,-1131	 x27:0x00000000  x3=0x00000000
     101925.000 ns	     10191	800021a4	03fdcbb3	div	x23,x27,x31	 x27:0x00000000 x31:0x00000000 x23=0xffffffff
     101955.000 ns	     10194	800021a8	d0079a53	fcvt.s.w	f20,x15	 x15:0x00000001 f20=0x3f800000
     101975.000 ns	     10196	800021ac	41bbd993	srai	x19,x23,0x1b	 x23:0xffffffff x19=0xffffffff
     101995.000 ns	     10198	800021b0	e0098553	fmv.x.w	x10,f19	 f19:0x9f317000 x10=0x9f317000
     102365.000 ns	     10235	800021b4	030756b3	divu	x13,x14,x16	 x14:0x00000000 x16:0xffffff8b x13=0x00000000
     102385.000 ns	     10237	800021b8	b2548b13	addi	x22,x9,-1243	  x9:0xffffffff x22=0xfffffb24
     102395.000 ns	     10238	800021bc	01aed993	srli	x19,x29,0x1a	 x29:0x00000000 x19=0x00000000
     102415.000 ns	     10240	800021c0	f0080453	fmv.w.x	f8,x16	 x16:0xffffff8b  f8=0xffffff8b
     102445.000 ns	     10243	800021c4	209b1bd3	fsgnjn.s	f23,f22,f9	 f22:0x8eb5551e  f9:0x7fc00000 f23=0x8eb5551e
     102815.000 ns	     10280	800021c8	022e48b3	div	x17,x28,x2	 x28:0xf506f533  x2:0x00000001 x17=0xf506f533
     102845.000 ns	     10283	800021cc	03690f33	mul	x30,x18,x22	 x18:0x80041024 x22:0xfffffb24 x30=0xec419110
     102865.000 ns	     10285	800021d0	01044c33	xor	x24,x8,x16	  x8:0x00000000 x16:0xffffff8b x24=0xffffff8b
     102875.000 ns	     10286	800021d4	00000013	addi	x0,x0,0	  x0:0x00000000
     102895.000 ns	     10288	800021d8	e00b88d3	fmv.x.w	x17,f23	 f23:0x8eb5551e x17=0x8eb5551e
     102915.000 ns	     10290	800021dc	65cff593	andi	x11,x31,1628	 x31:0x00000000 x11=0x00000000
     102925.000 ns	     10291	800021e0	349d0893	addi	x17,x26,841	 x26:0x80040fe4 x17=0x8004132d
     102935.000 ns	     10292	800021e4	79a82a13	slti	x20,x16,1946	 x16:0xffffff8b x20=0x00000001
     103295.000 ns	     10328	800021e8	0373e6b3	rem	x13,x7,x23	  x7:0x00000000 x23:0xffffffff x13=0x00000000
     103315.000 ns	     10330	800021ec	0001a833	slt	x16,x3,x0	  x3:0x00000000  x0:0x00000000 x16=0x00000000
     103335.000 ns	     10332	800021f0	c015ffd3	fcvt.wu.s	x31,f11	 f11:0x00000000 x31=0x00000000
     103365.000 ns	     10335	800021f4	28c58b53	fmin.s	f22,f11,f12	 f11:0x00000000 f12:0x4d2468c1 f22=0x00000000
     103405.000 ns	     10339	800021f8	111d7d53	fmul.s	f26,f26,f17	 f26:0x00000000 f17:0x0e974443 f26=0x00000000
     103425.000 ns	     10341	800021fc	01a513b3	sll	x7,x10,x26	 x10:0x9f317000 x26:0x80040fe4  x7=0xf3170000
     103445.000 ns	     10343	80002200	a03d9fd3	flt.s	x31,f27,f3	 f27:0x4f7ffff8  f3:0xcd2f90ac x31=0x00000000
     103465.000 ns	     10345	80002204	00590933	add	x18,x18,x5	 x18:0x80041024  x5:0x7ffbf01c x18=0x00000040
     103485.000 ns	     10347	80002208	201ea753	fsgnjx.s	f14,f29,f1	 f29:0xcd2f90ac  f1:0x00000000 f14=0xcd2f90ac
     103515.000 ns	     10350	8000220c	21db28d3	fsgnjx.s	f17,f22,f29	 f22:0x00000000 f29:0xcd2f90ac f17=0x80000000
     103545.000 ns	     10353	80002210	214282d3	fsgnj.s	f5,f5,f20	  f5:0x7fc00000 f20:0x3f800000  f5=0x7fc00000
     103565.000 ns	     10355	80002214	01ad4f33	xor	x30,x26,x26	 x26:0x80040fe4 x26:0x80040fe4 x30=0x00000000
     103585.000 ns	     10357	80002218	295515d3	fmax.s	f11,f10,f21	 f10:0x7f800000 f21:0x0e974443 f11=0x7f800000
     103605.000 ns	     10359	8000221c	01569693	slli	x13,x13,0x15	 x13:0x00000000 x13=0x00000000
     103615.000 ns	     10360	80002220	418b05b3	sub	x11,x22,x24	 x22:0xfffffb24 x24:0xffffff8b x11=0xfffffb99
     103635.000 ns	     10362	80002224	02152733	mulhsu	x14,x10,x1	 x10:0x9f317000  x1:0x00000000 x14=0x00000000
     103675.000 ns	     10366	80002228	11227453	fmul.s	f8,f4,f18	  f4:0x00000000 f18:0x0e974443  f8=0x00000000
     103695.000 ns	     10368	8000222c	e79f5697	auipc	x13,0xe79f5	 x13=0x679f722c
     103725.000 ns	     10371	80002230	580191d3	fsqrt.s	f3,f3	  f3:0xcd2f90ac  f3=0x7fc00000
     103745.000 ns	     10373	80002234	af353693	sltiu	x13,x10,-1293	 x10:0x9f317000 x13=0x00000001
     103755.000 ns	     10374	80002238	c831b993	sltiu	x19,x3,-893	  x3:0x00000000 x19=0x00000001
     103765.000 ns	     10375	8000223c	00ce6a33	or	x20,x28,x12	 x28:0xf506f533 x12:0x00000001 x20=0xf506f533
     103775.000 ns	     10376	80002240	007f5a13	srli	x20,x30,0x7	 x30:0x00000000 x20=0x00000000
     103795.000 ns	     10378	80002244	a1be9053	flt.s	x0,f29,f27	 f29:0xcd2f90ac f27:0x4f7ffff8
     103825.000 ns	     10381	80002248	d00afcd3	fcvt.s.w	f25,x21	 x21:0xf506f540 f25=0xcd2f90ac
     103845.000 ns	     10383	8000224c	00975813	srli	x16,x14,0x9	 x14:0x00000000 x16=0x00000000
     104205.000 ns	     10419	80002250	02afeab3	rem	x21,x31,x10	 x31:0x00000000 x10:0x9f317000 x21=0x00000000
     104235.000 ns	     10422	80002254	d00d4353	fcvt.s.w	f6,x26	 x26:0x80040fe4  f6=0xcefff7e0
     104265.000 ns	     10425	80002258	d018fe53	fcvt.s.wu	f28,x17	 x17:0x8004132d f28=0x4f000413
     104295.000 ns	     10428	8000225c	d009f4d3	fcvt.s.w	f9,x19	 x19:0x00000001  f9=0x3f800000
     104315.000 ns	     10430	80002260	00f5a0b3	slt	x1,x11,x15	 x11:0xfffffb99 x15:0x00000001  x1=0x00000001
     104675.000 ns	     10466	80002264	02bec033	div	x0,x29,x11	 x29:0x00000000 x11:0xfffffb99
     104705.000 ns	     10469	80002268	f00805d3	fmv.w.x	f11,x16	 x16:0x00000000 f11=0x00000000
     104735.000 ns	     10472	8000226c	c00bf0d3	fcvt.w.s	x1,f23	 f23:0x8eb5551e  x1=0x00000000
     104755.000 ns	     10474	80002270	41ecd233	sra	x4,x25,x30	 x25:0x80040fe4 x30:0x00000000  x4=0x80040fe4
     104775.000 ns	     10476	80002274	e00e0753	fmv.x.w	x14,f28	 f28:0x4f000413 x14=0x4f000413
     104805.000 ns	     10479	80002278	c0189153	fcvt.wu.s	x2,f17	 f17:0x80000000  x2=0x00000000
     104855.000 ns	     10484	8000227c	01287d53	fadd.s	f26,f16,f18	 f16:0x7f800000 f18:0x0e974443 f26=0x7f800000
     104895.000 ns	     10488	80002280	105b20d3	fmul.s	f1,f22,f5	 f22:0x00000000  f5:0x7fc00000  f1=0x7fc00000
     104925.000 ns	     10491	80002284	024f2ab3	mulhsu	x21,x30,x4	 x30:0x00000000  x4:0x80040fe4 x21=0x00000000
     105295.000 ns	     10528	80002288	02d0c3b3	div	x7,x1,x13	  x1:0x00000000 x13:0x00000001  x7=0x00000000
     105315.000 ns	     10530	8000228c	013166b3	or	x13,x2,x19	  x2:0x00000000 x19:0x00000001 x13=0x00000001
     105325.000 ns	     10531	80002290	01f14d33	xor	x26,x2,x31	  x2:0x00000000 x31:0x00000000 x26=0x00000000
     105345.000 ns	     10533	80002294	02c100b3	mul	x1,x2,x12	  x2:0x00000000 x12:0x00000001  x1=0x00000000
     105365.000 ns	     10535	80002298	d125e293	ori	x5,x11,-750	 x11:0xfffffb99  x5=0xffffff9b
     105385.000 ns	     10537	8000229c	206483d3	fsgnj.s	f7,f9,f6	  f9:0x3f800000  f6:0xcefff7e0  f7=0xbf800000
     105415.000 ns	     10540	800022a0	d0140ed3	fcvt.s.wu	f29,x8	  x8:0x00000000 f29=0x00000000
     105445.000 ns	     10543	800022a4	03461b33	mulh	x22,x12,x20	 x12:0x00000001 x20:0x00000000 x22=0x00000000
     105465.000 ns	     10545	800022a8	bd275617	auipc	x12,0xbd275	 x12=0x3d2772a8
     105475.000 ns	     10546	800022ac	415d0733	sub	x14,x26,x21	 x26:0x00000000 x21:0x00000000 x14=0x00000000
     105485.000 ns	     10547	800022b0	40eadd93	srai	x27,x21,0xe	 x21:0x00000000 x27=0x00000000
     105495.000 ns	     10548	800022b4	75c28b13	addi	x22,x5,1884	  x5:0xffffff9b x22=0x000006f7
     105515.000 ns	     10550	800022b8	d0067c53	fcvt.s.w	f24,x12	 x12:0x3d2772a8 f24=0x4e749dca
     105535.000 ns	     10552	800022bc	74a30b93	addi	x23,x6,1866	  x6:0x80041024 x23=0x8004176e
     105555.000 ns	     10554	800022c0	e00a1253	fclass.s	x4,f20	 f20:0x3f800000  x4=0x00000040
     105585.000 ns	     10557	800022c4	021f8633	mul	x12,x31,x1	 x31:0x00000000  x1:0x00000000 x12=0x00000000
     105615.000 ns	     10560	800022c8	02841033	mulh	x0,x8,x8	  x8:0x00000000  x8:0x00000000
     105635.000 ns	     10562	800022cc	5673b737	lui	x14,0x5673b	 x14=0x5673b000
     105645.000 ns	     10563	800022d0	41d300b3	sub	x1,x6,x29	  x6:0x80041024 x29:0x00000000  x1=0x80041024
     105655.000 ns	     10564	800022d4	00292bb3	slt	x23,x18,x2	 x18:0x00000040  x2:0x00000000 x23=0x00000000
     105665.000 ns	     10565	800022d8	01775a13	srli	x20,x14,0x17	 x14:0x5673b000 x20=0x000000ac
     105685.000 ns	     10567	800022dc	e00202d3	fmv.x.w	x5,f4	  f4:0x00000000  x5=0x00000000
     105705.000 ns	     10569	800022e0	014d5bb3	srl	x23,x26,x20	 x26:0x00000000 x20:0x00000000 x23=0x00000000
     105725.000 ns	     10571	800022e4	a10b9ed3	flt.s	x29,f23,f16	 f23:0x8eb5551e f16:0x7f800000 x29=0x00000001
     105755.000 ns	     10574	800022e8	20c52353	fsgnjx.s	f6,f10,f12	 f10:0x7f800000 f12:0x4d2468c1  f6=0x7f800000
     105775.000 ns	     10576	800022ec	01be07b3	add	x15,x28,x27	 x28:0xf506f533 x27:0x00000000 x15=0xf506f533
     106135.000 ns	     10612	800022f0	02196433	rem	x8,x18,x1	 x18:0x00000040  x1:0x80041024  x8=0x00000040
     106155.000 ns	     10614	800022f4	01411213	slli	x4,x2,0x14	  x2:0x00000000  x4=0x00000000
     106165.000 ns	     10615	800022f8	019b7633	and	x12,x22,x25	 x22:0x000006f7 x25:0x80040fe4 x12=0x000006e4
     106175.000 ns	     10616	800022fc	b72ce613	ori	x12,x25,-1166	 x25:0x80040fe4 x12=0xfffffff6
     106195.000 ns	     10618	80002300	e00e80d3	fmv.x.w	x1,f29	 f29:0x00000000  x1=0x00000000
     106215.000 ns	     10620	80002304	401bddb3	sra	x27,x23,x1	 x23:0x00000000  x1:0x80041024 x27=0x00000000
     106225.000 ns	     10621	80002308	41fa51b3	sra	x3,x20,x31	 x20:0x000000ac x31:0x00000000  x3=0x000000ac
     106245.000 ns	     10623	8000230c	c002fd53	fcvt.w.s	x26,f5	  f5:0x7fc00000 x26=0x7fffffff
     106265.000 ns	     10625	80002310	00000013	addi	x0,x0,0	  x0:0x00000000
     106285.000 ns	     10627	80002314	039cb9b3	mulhu	x19,x25,x25	 x25:0x80040fe4 x25:0x80040fe4 x19=0x40040ff4
     106315.000 ns	     10630	80002318	03c99b33	mulh	x22,x19,x28	 x19:0x00000001 x28:0xf506f533 x22=0xfd4190b9
     106335.000 ns	     10632	8000231c	00e91733	sll	x14,x18,x14	 x18:0x00000040 x14:0x5673b000 x14=0x00000040
     106345.000 ns	     10633	80002320	ddebb813	sltiu	x16,x23,-546	 x23:0x00000000 x16=0x00000001
     106365.000 ns	     10635	80002324	03d786b3	mul	x13,x15,x29	 x15:0xf506f533 x29:0x00000001 x13=0xf506f533
     106395.000 ns	     10638	80002328	d0101253	fcvt.s.wu	f4,x0	  x0:0x00000000  f4=0x00000000
     106415.000 ns	     10640	8000232c	313e6493	ori	x9,x28,787	 x28:0xf506f533  x9=0xf506f733
     106425.000 ns	     10641	80002330	6d335297	auipc	x5,0x6d335	  x5=0xed337330
     106445.000 ns	     10643	80002334	02e8b633	mulhu	x12,x17,x14	 x17:0x8004132d x14:0x00000040 x12=0x00000020
     106475.000 ns	     10646	80002338	f0060c53	fmv.w.x	f24,x12	 x12:0xfffffff6 f24=0x00000020
     106525.000 ns	     10651	8000233c	00d3f4d3	fadd.s	f9,f7,f13	  f7:0xbf800000 f13:0x53b50482  f9=0x53b50481
     106565.000 ns	     10655	80002340	117a7f53	fmul.s	f30,f20,f23	 f20:0x3f800000 f23:0x8eb5551e f30=0x8eb5551e
     106585.000 ns	     10657	80002344	aa764513	xori	x10,x12,-1369	 x12:0x00000020 x10=0xfffffa87
     106605.000 ns	     10659	80002348	028a00b3	mul	x1,x20,x8	 x20:0x000000ac  x8:0x00000040  x1=0x00002b00
     106975.000 ns	     10696	8000234c	02945133	divu	x2,x8,x9	  x8:0x00000040  x9:0xf506f733  x2=0x00000000
     106995.000 ns	     10698	80002350	7994b693	sltiu	x13,x9,1945	  x9:0xf506f733 x13=0x00000000
     107015.000 ns	     10700	80002354	02c90833	mul	x16,x18,x12	 x18:0x00000040 x12:0x00000020 x16=0x00000800
     107035.000 ns	     10702	80002358	22a17713	andi	x14,x2,554	  x2:0x00000000 x14=0x00000000
     107055.000 ns	     10704	8000235c	286b1853	fmax.s	f16,f22,f6	 f22:0x00000000  f6:0x7f800000 f16=0x7f800000
     107075.000 ns	     10706	80002360	0066feb3	and	x29,x13,x6	 x13:0x00000000  x6:0x80041024 x29=0x00000000
     107095.000 ns	     10708	80002364	e0058953	fmv.x.w	x18,f11	 f11:0x00000000 x18=0x00000000
     107125.000 ns	     10711	80002368	a15f1d53	flt.s	x26,f30,f21	 f30:0x8eb5551e f21:0x0e974443 x26=0x00000001
     107175.000 ns	     10716	8000236c	00e87e53	fadd.s	f28,f16,f14	 f16:0x7f800000 f14:0xcd2f90ac f28=0x7f800000
     107545.000 ns	     10753	80002370	02bce2b3	rem	x5,x25,x11	 x25:0x80040fe4 x11:0xfffffb99  x5=0xfffffd52
     107565.000 ns	     10755	80002374	41f20eb3	sub	x29,x4,x31	  x4:0x00000000 x31:0x00000000 x29=0x00000000
     107585.000 ns	     10757	80002378	2003af53	fsgnjx.s	f30,f7,f0	  f7:0xbf800000  f0:0xcd2f90ac f30=0x3f800000
     107605.000 ns	     10759	8000237c	2f72b493	sltiu	x9,x5,759	  x5:0xfffffd52  x9=0x00000000
     107615.000 ns	     10760	80002380	4c8a4693	xori	x13,x20,1224	 x20:0x000000ac x13=0x00000464
     107635.000 ns	     10762	80002384	020dfdb3	remu	x27,x27,x0	 x27:0x00000000  x0:0x00000000 x27=0x00000000
     107665.000 ns	     10765	80002388	a04c00d3	fle.s	x1,f24,f4	 f24:0x00000020  f4:0x00000000  x1=0x00000000
     107695.000 ns	     10768	8000238c	20c08153	fsgnj.s	f2,f1,f12	  f1:0x7fc00000 f12:0x4d2468c1  f2=0x7fc00000
     107725.000 ns	     10771	80002390	f0058f53	fmv.w.x	f30,x11	 x11:0xfffffb99 f30=0xfffffb99
     107745.000 ns	     10773	80002394	01441d93	slli	x27,x8,0x14	  x8:0x00000040 x27=0x04000000
     107765.000 ns	     10775	80002398	a0ad07d3	fle.s	x15,f26,f10	 f26:0x7f800000 f10:0x7f800000 x15=0x00000001
     107785.000 ns	     10777	8000239c	00022833	slt	x16,x4,x0	  x4:0x00000000  x0:0x00000000 x16=0x00000000
     107805.000 ns	     10779	800023a0	e00910d3	fclass.s	x1,f18	 f18:0x0e974443  x1=0x00000040
     107835.000 ns	     10782	800023a4	20319353	fsgnjn.s	f6,f3,f3	  f3:0x7fc00000  f3:0x7fc00000  f6=0xffc00000
     107855.000 ns	     10784	800023a8	01e565b3	or	x11,x10,x30	 x10:0xfffffa87 x30:0x00000000 x11=0xfffffa87
     107875.000 ns	     10786	800023ac	a03e1f53	flt.s	x30,f28,f3	 f28:0x7f800000  f3:0x7fc00000 x30=0x00000000
     107895.000 ns	     10788	800023b0	01c59493	slli	x9,x11,0x1c	 x11:0xfffffb99  x9=0x70000000
     107915.000 ns	     10790	800023b4	034c26b3	mulhsu	x13,x24,x20	 x24:0xffffff8b x20:0x000000ac x13=0xffffffff
     107945.000 ns	     10793	800023b8	032fe7b3	rem	x15,x31,x18	 x31:0x00000000 x18:0x00000000 x15=0x00000000
     107985.000 ns	     10797	800023bc	19f37f53	fdiv.s	f30,f6,f31	  f6:0xffc00000 f31:0x80041024 f30=0x7fc00000
     108015.000 ns	     10800	800023c0	e00d15d3	fclass.s	x11,f26	 f26:0x7f800000 x11=0x00000080
     108035.000 ns	     10802	800023c4	01d45493	srli	x9,x8,0x1d	  x8:0x00000040  x9=0x00000000
     108055.000 ns	     10804	800023c8	d01b96d3	fcvt.s.wu	f13,x23	 x23:0x00000000 f13=0x00000000
     108085.000 ns	     10807	800023cc	d01ecd53	fcvt.s.wu	f26,x29	 x29:0x00000000 f26=0x00000000
     108105.000 ns	     10809	800023d0	00191633	sll	x12,x18,x1	 x18:0x00000000  x1:0x00000040 x12=0x00000000
     108115.000 ns	     10810	800023d4	04c77613	andi	x12,x14,76	 x14:0x00000000 x12=0x00000000
     108135.000 ns	     10812	800023d8	280b1dd3	fmax.s	f27,f22,f0	 f22:0x00000000  f0:0xcd2f90ac f27=0x00000000
     108165.000 ns	     10815	800023dc	02c358b3	divu	x17,x6,x12	  x6:0x80041024 x12:0x00000000 x17=0xffffffff
     108195.000 ns	     10818	800023e0	d0117753	fcvt.s.wu	f14,x2	  x2:0x00000000 f14=0x00000000
     108225.000 ns	     10821	800023e4	f0010f53	fmv.w.x	f30,x2	  x2:0x00000000 f30=0x00000000
     108245.000 ns	     10823	800023e8	b1c57993	andi	x19,x10,-1252	 x10:0xfffffa87 x19=0xfffffa04
     108605.000 ns	     10859	800023ec	0348fc33	remu	x24,x17,x20	 x17:0xffffffff x20:0x000000ac x24=0x0000000f
     108635.000 ns	     10862	800023f0	29dc8d53	fmin.s	f26,f25,f29	 f25:0xcd2f90ac f29:0x00000000 f26=0xcd2f90ac
     109005.000 ns	     10899	800023f4	028667b3	rem	x15,x12,x8	 x12:0x00000000  x8:0x00000040 x15=0x00000000
     109035.000 ns	     10902	800023f8	0278f9b3	remu	x19,x17,x7	 x17:0xffffffff  x7:0x00000000 x19=0xffffffff
     109085.000 ns	     10907	800023fc	091c7f53	fsub.s	f30,f24,f17	 f24:0x00000020 f17:0x80000000 f30=0x00000020
     109115.000 ns	     10910	80002400	024fbc33	mulhu	x24,x31,x4	 x31:0x00000000  x4:0x00000000 x24=0x00000000
     109135.000 ns	     10912	80002404	3fcaf437	lui	x8,0x3fcaf	  x8=0x3fcaf000
     109145.000 ns	     10913	80002408	67fca013	slti	x0,x25,1663	 x25:0x80040fe4
     109155.000 ns	     10914	8000240c	076fcc13	xori	x24,x31,118	 x31:0x00000000 x24=0x00000076
     109175.000 ns	     10916	80002410	03c60733	mul	x14,x12,x28	 x12:0x00000000 x28:0xf506f533 x14=0x00000000
     109195.000 ns	     10918	80002414	003b6a33	or	x20,x22,x3	 x22:0xfd4190b9  x3:0x000000ac x20=0xfd4190bd
     109215.000 ns	     10920	80002418	213e0253	fsgnj.s	f4,f28,f19	 f28:0x7f800000 f19:0x9f317000  f4=0xff800000
     109235.000 ns	     10922	8000241c	005f8233	add	x4,x31,x5	 x31:0x00000000  x5:0xfffffd52  x4=0xfffffd52
     109255.000 ns	     10924	80002420	0220cc33	div	x24,x1,x2	  x1:0x00000040  x2:0x00000000 x24=0xffffffff
     109275.000 ns	     10926	80002424	0121fc33	and	x24,x3,x18	  x3:0x000000ac x18:0x00000000 x24=0x00000000
     109285.000 ns	     10927	80002428	01e39213	slli	x4,x7,0x1e	  x7:0x00000000  x4=0x00000000
     109295.000 ns	     10928	8000242c	01341413	slli	x8,x8,0x13	  x8:0x3fcaf000  x8=0x80000000
     109305.000 ns	     10929	80002430	00ac8633	add	x12,x25,x10	 x25:0x80040fe4 x10:0xfffffa87 x12=0x80040a6b
     109325.000 ns	     10931	80002434	029ce733	rem	x14,x25,x9	 x25:0x80040fe4  x9:0x00000000 x14=0x80040fe4
     109355.000 ns	     10934	80002438	205513d3	fsgnjn.s	f7,f10,f5	 f10:0x7f800000  f5:0x7fc00000  f7=0xff800000
     109375.000 ns	     10936	8000243c	a863b393	sltiu	x7,x7,-1402	  x7:0x00000000  x7=0x00000001
     109395.000 ns	     10938	80002440	d0123553	fcvt.s.wu	f10,x4	  x4:0x00000000 f10=0x00000000
     109415.000 ns	     10940	80002444	a9bd9c17	auipc	x24,0xa9bd9	 x24=0x29bdb444
     109435.000 ns	     10942	80002448	d007f653	fcvt.s.w	f12,x15	 x15:0x00000000 f12=0x00000000
     109455.000 ns	     10944	8000244c	99d7cb93	xori	x23,x15,-1635	 x15:0x00000000 x23=0xfffff99d
     109465.000 ns	     10945	80002450	00052933	slt	x18,x10,x0	 x10:0xfffffa87  x0:0x00000000 x18=0x00000001
     109485.000 ns	     10947	80002454	a1ba9fd3	flt.s	x31,f21,f27	 f21:0x0e974443 f27:0x00000000 x31=0x00000000
     109515.000 ns	     10950	80002458	a1cc1f53	flt.s	x30,f24,f28	 f24:0x00000020 f28:0x7f800000 x30=0x00000001
     109545.000 ns	     10953	8000245c	e0031bd3	fclass.s	x23,f6	  f6:0xffc00000 x23=0x00000200
     109575.000 ns	     10956	80002460	d013cfd3	fcvt.s.wu	f31,x7	  x7:0x00000001 f31=0x3f800000
     109605.000 ns	     10959	80002464	c00c16d3	fcvt.w.s	x13,f24	 f24:0x00000020 x13=0x00000000
     109625.000 ns	     10961	80002468	008a9c33	sll	x24,x21,x8	 x21:0x00000000  x8:0x80000000 x24=0x00000000
     109645.000 ns	     10963	8000246c	21d69bd3	fsgnjn.s	f23,f13,f29	 f13:0x00000000 f29:0x00000000 f23=0x80000000
     109675.000 ns	     10966	80002470	02662033	mulhsu	x0,x12,x6	 x12:0x80040a6b  x6:0x80041024
     109695.000 ns	     10968	80002474	56a5fa93	andi	x21,x11,1386	 x11:0x00000080 x21=0x00000000
     109715.000 ns	     10970	80002478	a0a09b53	flt.s	x22,f1,f10	  f1:0x7fc00000 f10:0x00000000 x22=0x00000000
     109745.000 ns	     10973	8000247c	f0058fd3	fmv.w.x	f31,x11	 x11:0x00000080 f31=0x00000080
     109775.000 ns	     10976	80002480	038bb0b3	mulhu	x1,x23,x24	 x23:0x00000200 x24:0x00000000  x1=0x00000000
     109795.000 ns	     10978	80002484	f36cb613	sltiu	x12,x25,-202	 x25:0x80040fe4 x12=0x00000001
     109825.000 ns	     10981	80002488	58007253	fsqrt.s	f4,f0	  f0:0xcd2f90ac  f4=0x7fc00000
     109855.000 ns	     10984	8000248c	206da653	fsgnjx.s	f12,f27,f6	 f27:0x00000000  f6:0xffc00000 f12=0x80000000
     109885.000 ns	     10987	80002490	d00706d3	fcvt.s.w	f13,x14	 x14:0x80040fe4 f13=0xcefff7e0
     109905.000 ns	     10989	80002494	008c5bb3	srl	x23,x24,x8	 x24:0x00000000  x8:0x80000000 x23=0x00000000
     109925.000 ns	     10991	80002498	a12b28d3	feq.s	x17,f22,f18	 f22:0x00000000 f18:0x0e974443 x17=0x00000000
     109965.000 ns	     10995	8000249c	10643753	fmul.s	f14,f8,f6	  f8:0x00000000  f6:0xffc00000 f14=0x7fc00000
     110005.000 ns	     10999	800024a0	19164dd3	fdiv.s	f27,f12,f17	 f12:0x80000000 f17:0x80000000 f27=0x7fc00000
     110025.000 ns	     11001	800024a4	ce9dedb7	lui	x27,0xce9de	 x27=0xce9de000
     110385.000 ns	     11037	800024a8	03374633	div	x12,x14,x19	 x14:0x80040fe4 x19:0xffffffff x12=0x7ffbf01c
     110405.000 ns	     11039	800024ac	4100d9b3	sra	x19,x1,x16	  x1:0x00000000 x16:0x00000000 x19=0x00000000
     110415.000 ns	     11040	800024b0	e68b6c37	lui	x24,0xe68b6	 x24=0xe68b6000
     110425.000 ns	     11041	800024b4	0043ef33	or	x30,x7,x4	  x7:0x00000001  x4:0x00000000 x30=0x00000001
     110445.000 ns	     11043	800024b8	e0038653	fmv.x.w	x12,f7	  f7:0xff800000 x12=0xff800000
     110475.000 ns	     11046	800024bc	2187a553	fsgnjx.s	f10,f15,f24	 f15:0x0e974443 f24:0x00000020 f10=0x0e974443
     110505.000 ns	     11049	800024c0	c00bb1d3	fcvt.w.s	x3,f23	 f23:0x80000000  x3=0x00000000
     110535.000 ns	     11052	800024c4	025aba33	mulhu	x20,x21,x5	 x21:0x00000000  x5:0xfffffd52 x20=0x00000000
     110565.000 ns	     11055	800024c8	a0ed8fd3	fle.s	x31,f27,f14	 f27:0x7fc00000 f14:0x7fc00000 x31=0x00000000
     110585.000 ns	     11057	800024cc	016b9393	slli	x7,x23,0x16	 x23:0x00000000  x7=0x00000000
     110945.000 ns	     11093	800024d0	03847033	remu	x0,x8,x24	  x8:0x80000000 x24:0xe68b6000
     110965.000 ns	     11095	800024d4	00afa933	slt	x18,x31,x10	 x31:0x00000000 x10:0xfffffa87 x18=0x00000000
     110995.000 ns	     11098	800024d8	58088dd3	fsqrt.s	f27,f17	 f17:0x80000000 f27=0x80000000
     111015.000 ns	     11100	800024dc	0097d613	srli	x12,x15,0x9	 x15:0x00000000 x12=0x00000000
     111025.000 ns	     11101	800024e0	005a9eb3	sll	x29,x21,x5	 x21:0x00000000  x5:0xfffffd52 x29=0x00000000
     111045.000 ns	     11103	800024e4	289215d3	fmax.s	f11,f4,f9	  f4:0x7fc00000  f9:0x53b50481 f11=0x53b50481
     111065.000 ns	     11105	800024e8	006b9a33	sll	x20,x23,x6	 x23:0x00000000  x6:0x80041024 x20=0x00000000
     111085.000 ns	     11107	800024ec	292b9853	fmax.s	f16,f23,f18	 f23:0x80000000 f18:0x0e974443 f16=0x0e974443
     111105.000 ns	     11109	800024f0	00fad697	auipc	x13,0xfad	 x13=0x80faf4f0
     111145.000 ns	     11113	800024f4	08c47153	fsub.s	f2,f8,f12	  f8:0x00000000 f12:0x80000000  f2=0x00000000
     111165.000 ns	     11115	800024f8	009b8033	add	x0,x23,x9	 x23:0x00000000  x9:0x00000000
     111175.000 ns	     11116	800024fc	00563933	sltu	x18,x12,x5	 x12:0x00000000  x5:0xfffffd52 x18=0x00000001
     111185.000 ns	     11117	80002500	01781493	slli	x9,x16,0x17	 x16:0x00000000  x9=0x00000000
     111205.000 ns	     11119	80002504	206602d3	fsgnj.s	f5,f12,f6	 f12:0x80000000  f6:0xffc00000  f5=0x80000000
     111235.000 ns	     11122	80002508	03929bb3	mulh	x23,x5,x25	  x5:0xfffffd52 x25:0x80040fe4 x23=0x00000156
     111265.000 ns	     11125	8000250c	02252b33	mulhsu	x22,x10,x2	 x10:0xfffffa87  x2:0x00000000 x22=0x00000000
     111285.000 ns	     11127	80002510	001219b3	sll	x19,x4,x1	  x4:0x00000000  x1:0x00000000 x19=0x00000000
     111295.000 ns	     11128	80002514	c9fc0b37	lui	x22,0xc9fc0	 x22=0xc9fc0000
     111315.000 ns	     11130	80002518	03133bb3	mulhu	x23,x6,x17	  x6:0x80041024 x17:0x00000000 x23=0x00000000
     111335.000 ns	     11132	8000251c	409b5033	sra	x0,x22,x9	 x22:0x00000000  x9:0x00000000
     111345.000 ns	     11133	80002520	401a01b3	sub	x3,x20,x1	 x20:0x00000000  x1:0x00000000  x3=0x00000000
     111355.000 ns	     11134	80002524	a8b40517	auipc	x10,0xa8b40	 x10=0x28b42524
     111365.000 ns	     11135	80002528	01846c33	or	x24,x8,x24	  x8:0x80000000 x24:0xe68b6000 x24=0xe68b6000
     111385.000 ns	     11137	8000252c	c0040553	fcvt.w.s	x10,f8	  f8:0x00000000 x10=0x00000000
     111415.000 ns	     11140	80002530	d0057053	fcvt.s.w	f0,x10	 x10:0x28b42524  f0=0x00000000
     111445.000 ns	     11143	80002534	f00485d3	fmv.w.x	f11,x9	  x9:0x00000000 f11=0x00000000
     111475.000 ns	     11146	80002538	d01d3cd3	fcvt.s.wu	f25,x26	 x26:0x00000001 f25=0x3f800000
     111495.000 ns	     11148	8000253c	018d5a33	srl	x20,x26,x24	 x26:0x00000001 x24:0xe68b6000 x20=0x00000001
     111505.000 ns	     11149	80002540	26564b93	xori	x23,x12,613	 x12:0x00000000 x23=0x00000265
     111515.000 ns	     11150	80002544	004e9113	slli	x2,x29,0x4	 x29:0x00000000  x2=0x00000000
     111535.000 ns	     11152	80002548	a05728d3	feq.s	x17,f14,f5	 f14:0x7fc00000  f5:0x80000000 x17=0x00000000
     111585.000 ns	     11157	8000254c	010bfc53	fadd.s	f24,f23,f16	 f23:0x80000000 f16:0x0e974443 f24=0x0e974443
     111605.000 ns	     11159	80002550	81367f13	andi	x30,x12,-2029	 x12:0x00000000 x30=0x00000000
     111625.000 ns	     11161	80002554	28538953	fmin.s	f18,f7,f5	  f7:0xff800000  f5:0x80000000 f18=0xff800000
     111645.000 ns	     11163	80002558	41435b93	srai	x23,x6,0x14	  x6:0x80041024 x23=0xfffff800
     111655.000 ns	     11164	8000255c	015dd1b3	srl	x3,x27,x21	 x27:0xce9de000 x21:0x00000000  x3=0xce9de000
     111685.000 ns	     11167	80002560	580324d3	fsqrt.s	f9,f6	  f6:0xffc00000  f9=0x7fc00000
     111705.000 ns	     11169	80002564	1d0e6113	ori	x2,x28,464	 x28:0xf506f533  x2=0xf506f5f3
     111715.000 ns	     11170	80002568	1bfc0a17	auipc	x20,0x1bfc0	 x20=0x9bfc2568
     111725.000 ns	     11171	8000256c	0001bdb3	sltu	x27,x3,x0	  x3:0xce9de000  x0:0x00000000 x27=0x00000000
     111735.000 ns	     11172	80002570	00c40633	add	x12,x8,x12	  x8:0x80000000 x12:0x00000000 x12=0x80000000
     111755.000 ns	     11174	80002574	03071f33	mulh	x30,x14,x16	 x14:0x80040fe4 x16:0x00000000 x30=0x00000000
     111795.000 ns	     11178	80002578	580988d3	fsqrt.s	f17,f19	 f19:0x9f317000 f17=0x7fc00000
     111815.000 ns	     11180	8000257c	016e8fb3	add	x31,x29,x22	 x29:0x00000000 x22:0xc9fc0000 x31=0xc9fc0000
     111835.000 ns	     11182	80002580	204989d3	fsgnj.s	f19,f19,f4	 f19:0x9f317000  f4:0x7fc00000 f19=0x1f317000
     111865.000 ns	     11185	80002584	033a85b3	mul	x11,x21,x19	 x21:0x00000000 x19:0x00000000 x11=0x00000000
     111895.000 ns	     11188	80002588	c00e7653	fcvt.w.s	x12,f28	 f28:0x7f800000 x12=0x7fffffff
     111925.000 ns	     11191	8000258c	c0090153	fcvt.w.s	x2,f18	 f18:0xff800000  x2=0x80000000
     111945.000 ns	     11193	80002590	f4e66513	ori	x10,x12,-178	 x12:0x7fffffff x10=0xffffffff
     111965.000 ns	     11195	80002594	286618d3	fmax.s	f17,f12,f6	 f12:0x80000000  f6:0xffc00000 f17=0x80000000
     111985.000 ns	     11197	80002598	a7584513	xori	x10,x16,-1419	 x16:0x00000000 x10=0xfffffa75
     111995.000 ns	     11198	8000259c	407f5813	srai	x16,x30,0x7	 x30:0x00000000 x16=0x00000000
     112015.000 ns	     11200	800025a0	c0082053	fcvt.w.s	x0,f16	 f16:0x0e974443
     112035.000 ns	     11202	800025a4	01c6e133	or	x2,x13,x28	 x13:0x80faf4f0 x28:0xf506f533  x2=0xf5fef5f3
     112055.000 ns	     11204	800025a8	a1022bd3	feq.s	x23,f4,f16	  f4:0x7fc00000 f16:0x0e974443 x23=0x00000000
     112075.000 ns	     11206	800025ac	fd42f213	andi	x4,x5,-44	  x5:0xfffffd52  x4=0xfffffd50
     112085.000 ns	     11207	800025b0	2a098893	addi	x17,x19,672	 x19:0x00000000 x17=0x000002a0
     112095.000 ns	     11208	800025b4	80c62a93	slti	x21,x12,-2036	 x12:0x7fffffff x21=0x00000000
     112115.000 ns	     11210	800025b8	28018cd3	fmin.s	f25,f3,f0	  f3:0x7fc00000  f0:0x00000000 f25=0x00000000
     112135.000 ns	     11212	800025bc	0097f533	and	x10,x15,x9	 x15:0x00000000  x9:0x00000000 x10=0x00000000
     112175.000 ns	     11216	800025c0	00c77cd3	fadd.s	f25,f14,f12	 f14:0x7fc00000 f12:0x80000000 f25=0x7fc00000
     112195.000 ns	     11218	800025c4	5a123513	sltiu	x10,x4,1441	  x4:0xfffffd50 x10=0x00000000
     112215.000 ns	     11220	800025c8	037626b3	mulhsu	x13,x12,x23	 x12:0x7fffffff x23:0x00000000 x13=0x00000000
     112235.000 ns	     11222	800025cc	01969033	sll	x0,x13,x25	 x13:0x80faf4f0 x25:0x80040fe4
     112255.000 ns	     11224	800025d0	02d143b3	div	x7,x2,x13	  x2:0xf5fef5f3 x13:0x00000000  x7=0xffffffff
     112285.000 ns	     11227	800025d4	0275a733	mulhsu	x14,x11,x7	 x11:0x00000000  x7:0x00000000 x14=0x00000000
     112305.000 ns	     11229	800025d8	00bc36b3	sltu	x13,x24,x11	 x24:0xe68b6000 x11:0x00000000 x13=0x00000000
     112315.000 ns	     11230	800025dc	19162493	slti	x9,x12,401	 x12:0x7fffffff  x9=0x00000000
     112335.000 ns	     11232	800025e0	21f010d3	fsgnjn.s	f1,f0,f31	  f0:0x00000000 f31:0x00000080  f1=0x80000000
     112355.000 ns	     11234	800025e4	403702b3	sub	x5,x14,x3	 x14:0x00000000  x3:0xce9de000  x5=0x31622000
     112375.000 ns	     11236	800025e8	21ca9053	fsgnjn.s	f0,f21,f28	 f21:0x0e974443 f28:0x7f800000  f0=0x8e974443
     112405.000 ns	     11239	800025ec	c017f553	fcvt.wu.s	x10,f15	 f15:0x0e974443 x10=0x00000000
     112435.000 ns	     11242	800025f0	291c0153	fmin.s	f2,f24,f17	 f24:0x0e974443 f17:0x80000000  f2=0x80000000
     112465.000 ns	     11245	800025f4	a073aad3	feq.s	x21,f7,f7	  f7:0xff800000  f7:0xff800000 x21=0x00000001
     112485.000 ns	     11247	800025f8	0db9ec13	ori	x24,x19,219	 x19:0x00000000 x24=0x000000db
     112505.000 ns	     11249	800025fc	207b8a53	fsgnj.s	f20,f23,f7	 f23:0x80000000  f7:0xff800000 f20=0x80000000
     112525.000 ns	     11251	80002600	00b42093	slti	x1,x8,11	  x8:0x80000000  x1=0x00000001
     112535.000 ns	     11252	80002604	aa9f2013	slti	x0,x30,-1367	 x30:0x00000000
     112545.000 ns	     11253	80002608	0180b3b3	sltu	x7,x1,x24	  x1:0x00000000 x24:0x000000db  x7=0x00000001
     112565.000 ns	     11255	8000260c	20788a53	fsgnj.s	f20,f17,f7	 f17:0x80000000  f7:0xff800000 f20=0x80000000
     112585.000 ns	     11257	80002610	00e6e533	or	x10,x13,x14	 x13:0x00000000 x14:0x00000000 x10=0x00000000
     112595.000 ns	     11258	80002614	33dba293	slti	x5,x23,829	 x23:0x00000000  x5=0x00000001
     112615.000 ns	     11260	80002618	a10884d3	fle.s	x9,f17,f16	 f17:0x80000000 f16:0x0e974443  x9=0x00000001
     112635.000 ns	     11262	8000261c	9fe32413	slti	x8,x6,-1538	  x6:0x80041024  x8=0x00000001
     112655.000 ns	     11264	80002620	d010f3d3	fcvt.s.wu	f7,x1	  x1:0x00000001  f7=0x3f800000
     112685.000 ns	     11267	80002624	a10491d3	flt.s	x3,f9,f16	  f9:0x7fc00000 f16:0x0e974443  x3=0x00000000
     112705.000 ns	     11269	80002628	018a5bb3	srl	x23,x20,x24	 x20:0x9bfc2568 x24:0x000000db x23=0x00000013
     112735.000 ns	     11272	8000262c	58004253	fsqrt.s	f4,f0	  f0:0x8e974443  f4=0x7fc00000
     112755.000 ns	     11274	80002630	af968e93	addi	x29,x13,-1287	 x13:0x00000000 x29=0xfffffaf9
     112775.000 ns	     11276	80002634	c018b053	fcvt.wu.s	x0,f17	 f17:0x80000000
     112805.000 ns	     11279	80002638	d012f053	fcvt.s.wu	f0,x5	  x5:0x00000001  f0=0x3f800000
     112845.000 ns	     11283	8000263c	19f885d3	fdiv.s	f11,f17,f31	 f17:0x80000000 f31:0x00000080 f11=0x80000000
     112865.000 ns	     11285	80002640	f1a5cd97	auipc	x27,0xf1a5c	 x27=0x71a5e640
     112875.000 ns	     11286	80002644	0187aa33	slt	x20,x15,x24	 x15:0x00000000 x24:0x000000db x20=0x00000001
     112895.000 ns	     11288	80002648	031c9733	mulh	x14,x25,x17	 x25:0x80040fe4 x17:0x000002a0 x14=0xfffffeb0
     112925.000 ns	     11291	8000264c	a17e09d3	fle.s	x19,f28,f23	 f28:0x7f800000 f23:0x80000000 x19=0x00000000
     112975.000 ns	     11296	80002650	092805d3	fsub.s	f11,f16,f18	 f16:0x0e974443 f18:0xff800000 f11=0x7f800000
     113005.000 ns	     11299	80002654	a1ed0dd3	fle.s	x27,f26,f30	 f26:0xcd2f90ac f30:0x00000020 x27=0x00000001
     113025.000 ns	     11301	80002658	40ef5293	srai	x5,x30,0xe	 x30:0x00000000  x5=0x00000000
     113035.000 ns	     11302	8000265c	00119393	slli	x7,x3,0x1	  x3:0x00000000  x7=0x00000000
     113395.000 ns	     11338	80002660	02ce49b3	div	x19,x28,x12	 x28:0xf506f533 x12:0x7fffffff x19=0x00000000
     113415.000 ns	     11340	80002664	40c3d033	sra	x0,x7,x12	  x7:0x00000001 x12:0x7fffffff
     113775.000 ns	     11376	80002668	029bd233	divu	x4,x23,x9	 x23:0x00000013  x9:0x00000001  x4=0x00000013
     113815.000 ns	     11380	8000266c	580946d3	fsqrt.s	f13,f18	 f18:0xff800000 f13=0x7fc00000
     113835.000 ns	     11382	80002670	40b159b3	sra	x19,x2,x11	  x2:0xf5fef5f3 x11:0x00000000 x19=0xf5fef5f3
     113845.000 ns	     11383	80002674	f0e67613	andi	x12,x12,-242	 x12:0x7fffffff x12=0x7fffff0e
     113865.000 ns	     11385	80002678	029f9ab3	mulh	x21,x31,x9	 x31:0xc9fc0000  x9:0x00000001 x21=0xffffffff
     113895.000 ns	     11388	8000267c	a08096d3	flt.s	x13,f1,f8	  f1:0x80000000  f8:0x00000000 x13=0x00000000
     114265.000 ns	     11425	80002680	029f5b33	divu	x22,x30,x9	 x30:0x00000000  x9:0x00000001 x22=0x00000000
     114285.000 ns	     11427	80002684	6cbf6037	lui	x0,0x6cbf6	
     114295.000 ns	     11428	80002688	503de737	lui	x14,0x503de	 x14=0x503de000
     114315.000 ns	     11430	8000268c	d01a9253	fcvt.s.wu	f4,x21	 x21:0xffffffff  f4=0x4f7fffff
     115495.000 ns	     11548	80002690	580837d3	fsqrt.s	f15,f16	 f16:0x0e974443 f15=0x268b25a7
     115525.000 ns	     11551	80002694	03efbbb3	mulhu	x23,x31,x30	 x31:0xc9fc0000 x30:0x00000000 x23=0x00000000
     115895.000 ns	     11588	80002698	0340da33	divu	x20,x1,x20	  x1:0x00000001 x20:0x00000001 x20=0x00000001
     115925.000 ns	     11591	8000269c	03eb0ab3	mul	x21,x22,x30	 x22:0x00000000 x30:0x00000000 x21=0x00000000
     115945.000 ns	     11593	800026a0	00b82eb3	slt	x29,x16,x11	 x16:0x00000000 x11:0x00000000 x29=0x00000000
     115955.000 ns	     11594	800026a4	415d8bb3	sub	x23,x27,x21	 x27:0x00000001 x21:0x00000000 x23=0x00000001
     115965.000 ns	     11595	800026a8	0083ac33	slt	x24,x7,x8	  x7:0x00000000  x8:0x00000001 x24=0x00000001
     115995.000 ns	     11598	800026ac	5801f453	fsqrt.s	f8,f3	  f3:0x7fc00000  f8=0x7fc00000
     116015.000 ns	     11600	800026b0	41975933	sra	x18,x14,x25	 x14:0x503de000 x25:0x80040fe4 x18=0x0503de00
     116035.000 ns	     11602	800026b4	d00975d3	fcvt.s.w	f11,x18	 x18:0x00000001 f11=0x4ca07bc0
     116055.000 ns	     11604	800026b8	3bd8b937	lui	x18,0x3bd8b	 x18=0x3bd8b000
     116075.000 ns	     11606	800026bc	f00583d3	fmv.w.x	f7,x11	 x11:0x00000000  f7=0x00000000
     116095.000 ns	     11608	800026c0	00e814b3	sll	x9,x16,x14	 x16:0x00000000 x14:0x503de000  x9=0x00000000
     116115.000 ns	     11610	800026c4	29c996d3	fmax.s	f13,f19,f28	 f19:0x1f317000 f28:0x7f800000 f13=0x7f800000
     116145.000 ns	     11613	800026c8	20581153	fsgnjn.s	f2,f16,f5	 f16:0x0e974443  f5:0x80000000  f2=0x0e974443
     116175.000 ns	     11616	800026cc	02e8ac33	mulhsu	x24,x17,x14	 x17:0x000002a0 x14:0x503de000 x24=0x000000d2
     116205.000 ns	     11619	800026d0	f00e07d3	fmv.w.x	f15,x28	 x28:0xf506f533 f15=0xf506f533
     116235.000 ns	     11622	800026d4	02fe0a33	mul	x20,x28,x15	 x28:0xf506f533 x15:0x00000000 x20=0x00000000
     116285.000 ns	     11627	800026d8	01c7fdd3	fadd.s	f27,f15,f28	 f15:0xf506f533 f28:0x7f800000 f27=0x7f800000
     116315.000 ns	     11630	800026dc	20772953	fsgnjx.s	f18,f14,f7	 f14:0x7fc00000  f7:0x00000000 f18=0x7fc00000
     116365.000 ns	     11635	800026e0	009e36d3	fadd.s	f13,f28,f9	 f28:0x7f800000  f9:0x7fc00000 f13=0x7fc00000
     116385.000 ns	     11637	800026e4	0179d893	srli	x17,x19,0x17	 x19:0xf5fef5f3 x17=0x000001eb
     116405.000 ns	     11639	800026e8	20048bd3	fsgnj.s	f23,f9,f0	  f9:0x7fc00000  f0:0x3f800000 f23=0x7fc00000
     116435.000 ns	     11642	800026ec	e00902d3	fmv.x.w	x5,f18	 f18:0x7fc00000  x5=0x7fc00000
     116455.000 ns	     11644	800026f0	00817fb3	and	x31,x2,x8	  x2:0xf5fef5f3  x8:0x00000001 x31=0x00000001
     116475.000 ns	     11646	800026f4	20bc1e53	fsgnjn.s	f28,f24,f11	 f24:0x0e974443 f11:0x4ca07bc0 f28=0x8e974443
     116505.000 ns	     11649	800026f8	d01bb853	fcvt.s.wu	f16,x23	 x23:0x00000001 f16=0x3f800000
     116535.000 ns	     11652	800026fc	d00d2c53	fcvt.s.w	f24,x26	 x26:0x00000001 f24=0x3f800000
     116555.000 ns	     11654	80002700	41455a33	sra	x20,x10,x20	 x10:0x00000000 x20:0x00000000 x20=0x00000000
     116585.000 ns	     11657	80002704	10a28dd3	fmul.s	f27,f5,f10	  f5:0x80000000 f10:0x0e974443 f27=0x80000000
     116605.000 ns	     11659	80002708	00611fb3	sll	x31,x2,x6	  x2:0xf5fef5f3  x6:0x80041024 x31=0x5fef5f30
     116965.000 ns	     11695	8000270c	03297f33	remu	x30,x18,x18	 x18:0x3bd8b000 x18:0x3bd8b000 x30=0x00000000
     116985.000 ns	     11697	80002710	eda93f13	sltiu	x30,x18,-294	 x18:0x3bd8b000 x30=0x00000001
     117005.000 ns	     11699	80002714	03248ab3	mul	x21,x9,x18	  x9:0x00000000 x18:0x3bd8b000 x21=0x00000000
     117025.000 ns	     11701	80002718	dd610d93	addi	x27,x2,-554	  x2:0xf5fef5f3 x27=0xf5fef3c9
     117035.000 ns	     11702	8000271c	01b104b3	add	x9,x2,x27	  x2:0xf5fef5f3 x27:0x00000001  x9=0xebfde9bc
     117055.000 ns	     11704	80002720	e0058153	fmv.x.w	x2,f11	 f11:0x4ca07bc0  x2=0x4ca07bc0
     117075.000 ns	     11706	80002724	15dba113	slti	x2,x23,349	 x23:0x00000001  x2=0x00000001
     117085.000 ns	     11707	80002728	01566fb3	or	x31,x12,x21	 x12:0x7fffff0e x21:0x00000000 x31=0x7fffff0e
     117095.000 ns	     11708	8000272c	7a7e3893	sltiu	x17,x28,1959	 x28:0xf506f533 x17=0x00000000
     117115.000 ns	     11710	80002730	d008fe53	fcvt.s.w	f28,x17	 x17:0x000001eb f28=0x00000000
     117455.000 ns	     11744	80002734	18f02e53	fdiv.s	f28,f0,f15	  f0:0x3f800000 f15:0xf506f533 f28=0x89800000
     117475.000 ns	     11746	80002738	49068613	addi	x12,x13,1168	 x13:0x00000000 x12=0x00000490
     117485.000 ns	     11747	8000273c	2ea1c813	xori	x16,x3,746	  x3:0x00000000 x16=0x000002ea
     117495.000 ns	     11748	80002740	f2937113	andi	x2,x6,-215	  x6:0x80041024  x2=0x80041020
     117515.000 ns	     11750	80002744	a08d2653	feq.s	x12,f26,f8	 f26:0xcd2f90ac  f8:0x7fc00000 x12=0x00000000
     117545.000 ns	     11753	80002748	c00f85d3	fcvt.w.s	x11,f31	 f31:0x00000080 x11=0x00000000
     117595.000 ns	     11758	8000274c	08353753	fsub.s	f14,f10,f3	 f10:0x0e974443  f3:0x7fc00000 f14=0x7fc00000
     117625.000 ns	     11761	80002750	a1060b53	fle.s	x22,f12,f16	 f12:0x80000000 f16:0x3f800000 x22=0x00000001
     117645.000 ns	     11763	80002754	01b4bb33	sltu	x22,x9,x27	  x9:0xebfde9bc x27:0xf5fef3c9 x22=0x00000001
     117665.000 ns	     11765	80002758	a1358653	fle.s	x12,f11,f19	 f11:0x4ca07bc0 f19:0x1f317000 x12=0x00000000
     118035.000 ns	     11802	8000275c	032670b3	remu	x1,x12,x18	 x12:0x00000000 x18:0x3bd8b000  x1=0x00000000
     118075.000 ns	     11806	80002760	110d9653	fmul.s	f12,f27,f16	 f27:0x80000000 f16:0x3f800000 f12=0x80000000
     118095.000 ns	     11808	80002764	016f4eb3	xor	x29,x30,x22	 x30:0x00000001 x22:0x00000001 x29=0x00000000
     118115.000 ns	     11810	80002768	a17da7d3	feq.s	x15,f27,f23	 f27:0x80000000 f23:0x7fc00000 x15=0x00000000
     118145.000 ns	     11813	8000276c	027f1b33	mulh	x22,x30,x7	 x30:0x00000001  x7:0x00000000 x22=0x00000000
     118165.000 ns	     11815	80002770	00b88833	add	x16,x17,x11	 x17:0x00000000 x11:0x00000000 x16=0x00000000
     119335.000 ns	     11932	80002774	580210d3	fsqrt.s	f1,f4	  f4:0x4f7fffff  f1=0x47350461
     119355.000 ns	     11934	80002778	450e4a17	auipc	x20,0x450e4	 x20=0xc50e6778
     119365.000 ns	     11935	8000277c	003719b3	sll	x19,x14,x3	 x14:0x503de000  x3:0x00000000 x19=0x503de000
     119385.000 ns	     11937	80002780	28d20ed3	fmin.s	f29,f4,f13	  f4:0x4f7fffff f13:0x7fc00000 f29=0x4f7fffff
     119405.000 ns	     11939	80002784	012dfb33	and	x22,x27,x18	 x27:0xf5fef3c9 x18:0x3bd8b000 x22=0x31d8b000
     119415.000 ns	     11940	80002788	00f850b3	srl	x1,x16,x15	 x16:0x00000000 x15:0x00000000  x1=0x00000000
     119425.000 ns	     11941	8000278c	0092c9b3	xor	x19,x5,x9	  x5:0x7fc00000  x9:0xebfde9bc x19=0x943de9bc
     119445.000 ns	     11943	80002790	02cd9833	mulh	x16,x27,x12	 x27:0xf5fef3c9 x12:0x00000000 x16=0x00000000
     119465.000 ns	     11945	80002794	8997b613	sltiu	x12,x15,-1895	 x15:0x00000000 x12=0x00000001
     119825.000 ns	     11981	80002798	02c740b3	div	x1,x14,x12	 x14:0x503de000 x12:0x00000000  x1=0x503de000
     119845.000 ns	     11983	8000279c	003babb3	slt	x23,x23,x3	 x23:0x00000001  x3:0x00000000 x23=0x00000000
     119855.000 ns	     11984	800027a0	012a9a13	slli	x20,x21,0x12	 x21:0x00000000 x20=0x00000000
     119865.000 ns	     11985	800027a4	afaccf13	xori	x30,x25,-1286	 x25:0x80040fe4 x30=0x7ffbf51e
     119875.000 ns	     11986	800027a8	00b0f7b3	and	x15,x1,x11	  x1:0x503de000 x11:0x00000000 x15=0x00000000
     119895.000 ns	     11988	800027ac	a1341c53	flt.s	x24,f8,f19	  f8:0x7fc00000 f19:0x1f317000 x24=0x00000000
     119925.000 ns	     11991	800027b0	e0099fd3	fclass.s	x31,f19	 f19:0x1f317000 x31=0x00000040
     119955.000 ns	     11994	800027b4	21f89b53	fsgnjn.s	f22,f17,f31	 f17:0x80000000 f31:0x00000080 f22=0x80000000
     119975.000 ns	     11996	800027b8	40140733	sub	x14,x8,x1	  x8:0x00000001  x1:0x503de000 x14=0xafc22001
     119985.000 ns	     11997	800027bc	00134fb3	xor	x31,x6,x1	  x6:0x80041024  x1:0x503de000 x31=0xd039f024
     120005.000 ns	     11999	800027c0	21eb8e53	fsgnj.s	f28,f23,f30	 f23:0x7fc00000 f30:0x00000020 f28=0x7fc00000
     120035.000 ns	     12002	800027c4	20138f53	fsgnj.s	f30,f7,f1	  f7:0x00000000  f1:0x47350461 f30=0x00000000
     120065.000 ns	     12005	800027c8	a1781253	flt.s	x4,f16,f23	 f16:0x3f800000 f23:0x7fc00000  x4=0x00000000
     120085.000 ns	     12007	800027cc	40ebddb3	sra	x27,x23,x14	 x23:0x00000000 x14:0xafc22001 x27=0x00000000
     120095.000 ns	     12008	800027d0	7ee02a93	slti	x21,x0,2030	  x0:0x00000000 x21=0x00000001
     120455.000 ns	     12044	800027d4	02816533	rem	x10,x2,x8	  x2:0x80041020  x8:0x00000001 x10=0x00000000
     120485.000 ns	     12047	800027d8	a1342c53	feq.s	x24,f8,f19	  f8:0x7fc00000 f19:0x1f317000 x24=0x00000000
     120515.000 ns	     12050	800027dc	d00991d3	fcvt.s.w	f3,x19	 x19:0x943de9bc  f3=0xced7842c
     120535.000 ns	     12052	800027e0	01e55293	srli	x5,x10,0x1e	 x10:0x00000000  x5=0x00000000
     120555.000 ns	     12054	800027e4	d01effd3	fcvt.s.wu	f31,x29	 x29:0x00000000 f31=0x00000000
     120925.000 ns	     12091	800027e8	03c7eeb3	rem	x29,x15,x28	 x15:0x00000000 x28:0xf506f533 x29=0x00000000
     120945.000 ns	     12093	800027ec	011e9bb3	sll	x23,x29,x17	 x29:0x00000000 x17:0x00000000 x23=0x00000000
     120965.000 ns	     12095	800027f0	e00710d3	fclass.s	x1,f14	 f14:0x7fc00000  x1=0x00000200
     121005.000 ns	     12099	800027f4	580d19d3	fsqrt.s	f19,f26	 f26:0xcd2f90ac f19=0x7fc00000
     121025.000 ns	     12101	800027f8	fba77793	andi	x15,x14,-70	 x14:0xafc22001 x15=0xafc22000
     121035.000 ns	     12102	800027fc	00000013	addi	x0,x0,0	  x0:0x00000000
     121055.000 ns	     12104	80002800	281d86d3	fmin.s	f13,f27,f1	 f27:0x80000000  f1:0x47350461 f13=0x80000000
     121075.000 ns	     12106	80002804	00eedd93	srli	x27,x29,0xe	 x29:0x00000000 x27=0x00000000
     121435.000 ns	     12142	80002808	028364b3	rem	x9,x6,x8	  x6:0x80041024  x8:0x00000001  x9=0x00000000
     121465.000 ns	     12145	8000280c	03999a33	mulh	x20,x19,x25	 x19:0x943de9bc x25:0x80040fe4 x20=0x35df5569
     121485.000 ns	     12147	80002810	be2d4993	xori	x19,x26,-1054	 x26:0x00000001 x19=0xfffffbe3
     121495.000 ns	     12148	80002814	39043093	sltiu	x1,x8,912	  x8:0x00000001  x1=0x00000001
     121505.000 ns	     12149	80002818	2f967a13	andi	x20,x12,761	 x12:0x00000001 x20=0x00000001
     121515.000 ns	     12150	8000281c	00000013	addi	x0,x0,0	  x0:0x00000000
     121525.000 ns	     12151	80002820	55fff8b7	lui	x17,0x55fff	 x17=0x55fff000
     121535.000 ns	     12152	80002824	00d4e7b3	or	x15,x9,x13	  x9:0x00000000 x13:0x00000000 x15=0x00000000
     121555.000 ns	     12154	80002828	20f19cd3	fsgnjn.s	f25,f3,f15	  f3:0xced7842c f15:0xf506f533 f25=0x4ed7842c
     121585.000 ns	     12157	8000282c	c00074d3	fcvt.w.s	x9,f0	  f0:0x3f800000  x9=0x00000001
     121615.000 ns	     12160	80002830	20360853	fsgnj.s	f16,f12,f3	 f12:0x80000000  f3:0xced7842c f16=0x80000000
     121635.000 ns	     12162	80002834	3191f693	andi	x13,x3,793	  x3:0x00000000 x13=0x00000000
     121995.000 ns	     12198	80002838	02c0ffb3	remu	x31,x1,x12	  x1:0x00000001 x12:0x00000001 x31=0x00000000
     122015.000 ns	     12200	8000283c	002d5593	srli	x11,x26,0x2	 x26:0x00000001 x11=0x00000000
     122035.000 ns	     12202	80002840	f00785d3	fmv.w.x	f11,x15	 x15:0x00000000 f11=0x00000000
     122065.000 ns	     12205	80002844	f0000ed3	fmv.w.x	f29,x0	  x0:0x00000000 f29=0x00000000
     122085.000 ns	     12207	80002848	0088f133	and	x2,x17,x8	 x17:0x55fff000  x8:0x00000001  x2=0x00000000
     122105.000 ns	     12209	8000284c	d00c7253	fcvt.s.w	f4,x24	 x24:0x00000000  f4=0x00000000
     122135.000 ns	     12212	80002850	c01475d3	fcvt.wu.s	x11,f8	  f8:0x7fc00000 x11=0xffffffff
     122155.000 ns	     12214	80002854	01d31b13	slli	x22,x6,0x1d	  x6:0x80041024 x22=0x80000000
     122175.000 ns	     12216	80002858	29ce8fd3	fmin.s	f31,f29,f28	 f29:0x00000000 f28:0x7fc00000 f31=0x00000000
     122195.000 ns	     12218	8000285c	000655b3	srl	x11,x12,x0	 x12:0x00000001  x0:0x00000000 x11=0x00000001
     122215.000 ns	     12220	80002860	03798d33	mul	x26,x19,x23	 x19:0xfffffbe3 x23:0x00000000 x26=0x00000000
     122255.000 ns	     12224	80002864	18901fd3	fdiv.s	f31,f0,f9	  f0:0x3f800000  f9:0x7fc00000 f31=0x7fc00000
     122285.000 ns	     12227	80002868	21de1fd3	fsgnjn.s	f31,f28,f29	 f28:0x7fc00000 f29:0x00000000 f31=0xffc00000
     122315.000 ns	     12230	8000286c	d01f71d3	fcvt.s.wu	f3,x30	 x30:0x7ffbf51e  f3=0x4efff7ea
     122345.000 ns	     12233	80002870	e0021a53	fclass.s	x20,f4	  f4:0x00000000 x20=0x00000010
     122375.000 ns	     12236	80002874	20950d53	fsgnj.s	f26,f10,f9	 f10:0x0e974443  f9:0x7fc00000 f26=0x0e974443
     122415.000 ns	     12240	80002878	10e3fc53	fmul.s	f24,f7,f14	  f7:0x00000000 f14:0x7fc00000 f24=0x7fc00000
     122445.000 ns	     12243	8000287c	02f3a533	mulhsu	x10,x7,x15	  x7:0x00000000 x15:0x00000000 x10=0x00000000
     122475.000 ns	     12246	80002880	d0098553	fcvt.s.w	f10,x19	 x19:0xfffffbe3 f10=0xc483a000
     122495.000 ns	     12248	80002884	003be533	or	x10,x23,x3	 x23:0x00000000  x3:0x00000000 x10=0x00000000
     122515.000 ns	     12250	80002888	03dde4b3	rem	x9,x27,x29	 x27:0x00000000 x29:0x00000000  x9=0x00000000
     122545.000 ns	     12253	8000288c	a13c16d3	flt.s	x13,f24,f19	 f24:0x7fc00000 f19:0x7fc00000 x13=0x00000000
     122595.000 ns	     12258	80002890	093e74d3	fsub.s	f9,f28,f19	 f28:0x7fc00000 f19:0x7fc00000  f9=0x7fc00000
     122615.000 ns	     12260	80002894	7af97f13	andi	x30,x18,1967	 x18:0x3bd8b000 x30=0x00000000
     122635.000 ns	     12262	80002898	c0057753	fcvt.w.s	x14,f10	 f10:0xc483a000 x14=0x0000041d
     122665.000 ns	     12265	8000289c	c00773d3	fcvt.w.s	x7,f14	 f14:0x7fc00000  x7=0x7fffffff
     122685.000 ns	     12267	800028a0	00d39513	slli	x10,x7,0xd	  x7:0x00000000 x10=0xffffe000
     122705.000 ns	     12269	800028a4	038b4fb3	div	x31,x22,x24	 x22:0x80000000 x24:0x00000000 x31=0xffffffff
     122735.000 ns	     12272	800028a8	d00a7a53	fcvt.s.w	f20,x20	 x20:0x00000010 f20=0x41800000
     122765.000 ns	     12275	800028ac	d01225d3	fcvt.s.wu	f11,x4	  x4:0x00000000 f11=0x00000000
     122785.000 ns	     12277	800028b0	c2c3a113	slti	x2,x7,-980	  x7:0x7fffffff  x2=0x00000000
     122805.000 ns	     12279	800028b4	e00206d3	fmv.x.w	x13,f4	  f4:0x00000000 x13=0x00000000
     122825.000 ns	     12281	800028b8	41685593	srai	x11,x16,0x16	 x16:0x00000000 x11=0x00000000
     122845.000 ns	     12283	800028bc	a1310853	fle.s	x16,f2,f19	  f2:0x0e974443 f19:0x7fc00000 x16=0x00000000
     122875.000 ns	     12286	800028c0	0254d533	divu	x10,x9,x5	  x9:0x00000000  x5:0x00000000 x10=0xffffffff
     122895.000 ns	     12288	800028c4	001c5bb3	srl	x23,x24,x1	 x24:0x00000000  x1:0x00000001 x23=0x00000000
     122915.000 ns	     12290	800028c8	286009d3	fmin.s	f19,f0,f6	  f0:0x3f800000  f6:0xffc00000 f19=0x3f800000
     122935.000 ns	     12292	800028cc	f08d8237	lui	x4,0xf08d8	  x4=0xf08d8000
     122975.000 ns	     12296	800028d0	09d741d3	fsub.s	f3,f14,f29	 f14:0x7fc00000 f29:0x00000000  f3=0x7fc00000
     122995.000 ns	     12298	800028d4	00d3a5b3	slt	x11,x7,x13	  x7:0x7fffffff x13:0x00000000 x11=0x00000000
     123015.000 ns	     12300	800028d8	a07f2253	feq.s	x4,f30,f7	 f30:0x00000000  f7:0x00000000  x4=0x00000001
     123035.000 ns	     12302	800028dc	00de85b3	add	x11,x29,x13	 x29:0x00000000 x13:0x00000000 x11=0x00000000
     123045.000 ns	     12303	800028e0	0013e8b3	or	x17,x7,x1	  x7:0x7fffffff  x1:0x00000001 x17=0x7fffffff
     123055.000 ns	     12304	800028e4	017123b3	slt	x7,x2,x23	  x2:0x00000000 x23:0x00000000  x7=0x00000000
     123075.000 ns	     12306	800028e8	029eda33	divu	x20,x29,x9	 x29:0x00000000  x9:0x00000000 x20=0xffffffff
     123105.000 ns	     12309	800028ec	c00af5d3	fcvt.w.s	x11,f21	 f21:0x0e974443 x11=0x00000000
     123155.000 ns	     12314	800028f0	0998f4d3	fsub.s	f9,f17,f25	 f17:0x80000000 f25:0x4ed7842c  f9=0xced7842c
     123175.000 ns	     12316	800028f4	010a2933	slt	x18,x20,x16	 x20:0xffffffff x16:0x00000000 x18=0x00000001
     123195.000 ns	     12318	800028f8	201fa9d3	fsgnjx.s	f19,f31,f1	 f31:0xffc00000  f1:0x47350461 f19=0xffc00000
     123225.000 ns	     12321	800028fc	21202cd3	fsgnjx.s	f25,f0,f18	  f0:0x3f800000 f18:0x7fc00000 f25=0x3f800000
     123245.000 ns	     12323	80002900	019fe9b3	or	x19,x31,x25	 x31:0xffffffff x25:0x80040fe4 x19=0xffffffff
     123265.000 ns	     12325	80002904	21aa11d3	fsgnjn.s	f3,f20,f26	 f20:0x41800000 f26:0x0e974443  f3=0xc1800000
     123285.000 ns	     12327	80002908	016cd393	srli	x7,x25,0x16	 x25:0x80040fe4  x7=0x00000200
     123295.000 ns	     12328	8000290c	00c7b733	sltu	x14,x15,x12	 x15:0x00000000 x12:0x00000001 x14=0x00000001
     123305.000 ns	     12329	80002910	9a05a917	auipc	x18,0x9a05a	 x18=0x1a05c910
     123345.000 ns	     12333	80002914	01a57fd3	fadd.s	f31,f10,f26	 f10:0xc483a000 f26:0x0e974443 f31=0xc483a000
     123385.000 ns	     12337	80002918	5808f053	fsqrt.s	f0,f17	 f17:0x80000000  f0=0x80000000
     123415.000 ns	     12340	8000291c	205712d3	fsgnjn.s	f5,f14,f5	 f14:0x7fc00000  f5:0x80000000  f5=0x7fc00000
     123435.000 ns	     12342	80002920	00b9f433	and	x8,x19,x11	 x19:0xffffffff x11:0x00000000  x8=0x00000000
     123455.000 ns	     12344	80002924	c01170d3	fcvt.wu.s	x1,f2	  f2:0x0e974443  x1=0x00000000
     123795.000 ns	     12378	80002928	1821cf53	fdiv.s	f30,f3,f2	  f3:0xc1800000  f2:0x0e974443 f30=0xf234b4b6
     123825.000 ns	     12381	8000292c	0235b033	mulhu	x0,x11,x3	 x11:0x00000000  x3:0x00000000
     123875.000 ns	     12386	80002930	007d73d3	fadd.s	f7,f26,f7	 f26:0x0e974443  f7:0x00000000  f7=0x0e974443
     123895.000 ns	     12388	80002934	6545c993	xori	x19,x11,1620	 x11:0x00000000 x19=0x00000654
     123905.000 ns	     12389	80002938	002e03b3	add	x7,x28,x2	 x28:0xf506f533  x2:0x00000000  x7=0xf506f533
     123925.000 ns	     12391	8000293c	e00192d3	fclass.s	x5,f3	  f3:0xc1800000  x5=0x00000002
     123955.000 ns	     12394	80002940	0204c1b3	div	x3,x9,x0	  x9:0x00000000  x0:0x00000000  x3=0xffffffff
     123975.000 ns	     12396	80002944	40e285b3	sub	x11,x5,x14	  x5:0x00000002 x14:0x00000001 x11=0x00000001
     123995.000 ns	     12398	80002948	a1680dd3	fle.s	x27,f16,f22	 f16:0x80000000 f22:0x80000000 x27=0x00000001
     124015.000 ns	     12400	8000294c	a3124013	xori	x0,x4,-1487	  x4:0x00000001
     124035.000 ns	     12402	80002950	20d508d3	fsgnj.s	f17,f10,f13	 f10:0xc483a000 f13:0x80000000 f17=0xc483a000
     124055.000 ns	     12404	80002954	ded00a13	addi	x20,x0,-531	  x0:0x00000000 x20=0xfffffded
     124065.000 ns	     12405	80002958	000d49b3	xor	x19,x26,x0	 x26:0x00000000  x0:0x00000000 x19=0x00000000
     124085.000 ns	     12407	8000295c	2151ad53	fsgnjx.s	f26,f3,f21	  f3:0xc1800000 f21:0x0e974443 f26=0xc1800000
     124105.000 ns	     12409	80002960	00c9a2b3	slt	x5,x19,x12	 x19:0x00000654 x12:0x00000001  x5=0x00000001
     124115.000 ns	     12410	80002964	01d3d433	srl	x8,x7,x29	  x7:0xf506f533 x29:0x00000000  x8=0xf506f533
     124145.000 ns	     12413	80002968	10111bd3	fmul.s	f23,f2,f1	  f2:0x0e974443  f1:0x47350461 f23=0x1655ebb3
     124175.000 ns	     12416	8000296c	038631b3	mulhu	x3,x12,x24	 x12:0x00000001 x24:0x00000000  x3=0x00000000
     124195.000 ns	     12418	80002970	00d0cbb3	xor	x23,x1,x13	  x1:0x00000000 x13:0x00000000 x23=0x00000000
     124225.000 ns	     12421	80002974	101efe53	fmul.s	f28,f29,f1	 f29:0x00000000  f1:0x47350461 f28=0x00000000
     124245.000 ns	     12423	80002978	bfd24893	xori	x17,x4,-1027	  x4:0x00000001 x17=0xfffffbfc
     124255.000 ns	     12424	8000297c	3b936013	ori	x0,x6,953	  x6:0x80041024
     124275.000 ns	     12426	80002980	03890c33	mul	x24,x18,x24	 x18:0x1a05c910 x24:0x00000000 x24=0x00000000
     124305.000 ns	     12429	80002984	218b2d53	fsgnjx.s	f26,f22,f24	 f22:0x80000000 f24:0x7fc00000 f26=0x80000000
     124335.000 ns	     12432	80002988	a1f795d3	flt.s	x11,f15,f31	 f15:0xf506f533 f31:0xc483a000 x11=0x00000001
     124365.000 ns	     12435	8000298c	29f58fd3	fmin.s	f31,f11,f31	 f11:0x00000000 f31:0xc483a000 f31=0xc483a000
     124385.000 ns	     12437	80002990	00a216b3	sll	x13,x4,x10	  x4:0x00000001 x10:0xffffffff x13=0x80000000
     124395.000 ns	     12438	80002994	3ec2c293	xori	x5,x5,1004	  x5:0x00000001  x5=0x000003ed
     124415.000 ns	     12440	80002998	a0e62ed3	feq.s	x29,f12,f14	 f12:0x80000000 f14:0x7fc00000 x29=0x00000000
     124435.000 ns	     12442	8000299c	8f356993	ori	x19,x10,-1805	 x10:0xffffffff x19=0xffffffff
     124445.000 ns	     12443	800029a0	a4805c17	auipc	x24,0xa4805	 x24=0x248079a0
     124465.000 ns	     12445	800029a4	d005f1d3	fcvt.s.w	f3,x11	 x11:0x00000001  f3=0x3f800000
     124515.000 ns	     12450	800029a8	00d4f3d3	fadd.s	f7,f9,f13	  f9:0xced7842c f13:0x80000000  f7=0xced7842c
     124535.000 ns	     12452	800029ac	00ed8133	add	x2,x27,x14	 x27:0x00000001 x14:0x00000001  x2=0x00000002
     124545.000 ns	     12453	800029b0	9dbbc417	auipc	x8,0x9dbbc	  x8=0x1dbbe9b0
     124565.000 ns	     12455	800029b4	294582d3	fmin.s	f5,f11,f20	 f11:0x00000000 f20:0x41800000  f5=0x00000000
     124585.000 ns	     12457	800029b8	f82da793	slti	x15,x27,-126	 x27:0x00000001 x15=0x00000000
     124615.000 ns	     12460	800029bc	1048fed3	fmul.s	f29,f17,f4	 f17:0xc483a000  f4:0x00000000 f29=0x80000000
     124645.000 ns	     12463	800029c0	a00f9253	flt.s	x4,f31,f0	 f31:0xc483a000  f0:0x80000000  x4=0x00000001
     124675.000 ns	     12466	800029c4	29268853	fmin.s	f16,f13,f18	 f13:0x80000000 f18:0x7fc00000 f16=0x80000000
     124705.000 ns	     12469	800029c8	20438b53	fsgnj.s	f22,f7,f4	  f7:0xced7842c  f4:0x00000000 f22=0x4ed7842c
     124735.000 ns	     12472	800029cc	a07b1253	flt.s	x4,f22,f7	 f22:0x80000000  f7:0xced7842c  x4=0x00000000
     124755.000 ns	     12474	800029d0	00000013	addi	x0,x0,0	  x0:0x00000000
     124775.000 ns	     12476	800029d4	e00d8a53	fmv.x.w	x20,f27	 f27:0x80000000 x20=0x80000000
     124795.000 ns	     12478	800029d8	01086f33	or	x30,x16,x16	 x16:0x00000000 x16:0x00000000 x30=0x00000000
     124815.000 ns	     12480	800029dc	03077133	remu	x2,x14,x16	 x14:0x00000001 x16:0x00000000  x2=0x00000001
     124835.000 ns	     12482	800029e0	247da193	slti	x3,x27,583	 x27:0x00000001  x3=0x00000001
     124855.000 ns	     12484	800029e4	d01879d3	fcvt.s.wu	f19,x16	 x16:0x00000000 f19=0x00000000
     124875.000 ns	     12486	800029e8	112fe813	ori	x16,x31,274	 x31:0xffffffff x16=0xffffffff
     124885.000 ns	     12487	800029ec	15704513	xori	x10,x0,343	  x0:0x00000000 x10=0x00000157
     124905.000 ns	     12489	800029f0	21071f53	fsgnjn.s	f30,f14,f16	 f14:0x7fc00000 f16:0x80000000 f30=0x7fc00000
     124925.000 ns	     12491	800029f4	002862b3	or	x5,x16,x2	 x16:0xffffffff  x2:0x00000001  x5=0xffffffff
     124935.000 ns	     12492	800029f8	01e92733	slt	x14,x18,x30	 x18:0x1a05c910 x30:0x00000000 x14=0x00000000
     124945.000 ns	     12493	800029fc	fbb72413	slti	x8,x14,-69	 x14:0x00000001  x8=0x00000000
     124955.000 ns	     12494	80002a00	41a9db33	sra	x22,x19,x26	 x19:0xffffffff x26:0x00000000 x22=0xffffffff
     124965.000 ns	     12495	80002a04	e98110b7	lui	x1,0xe9811	  x1=0xe9811000
     124985.000 ns	     12497	80002a08	291c8053	fmin.s	f0,f25,f17	 f25:0x3f800000 f17:0xc483a000  f0=0xc483a000
     125005.000 ns	     12499	80002a0c	6cdd07b7	lui	x15,0x6cdd0	 x15=0x6cdd0000
     125015.000 ns	     12500	80002a10	01ab07b3	add	x15,x22,x26	 x22:0xffffffff x26:0x00000000 x15=0xffffffff
     125025.000 ns	     12501	80002a14	018fc633	xor	x12,x31,x24	 x31:0xffffffff x24:0x248079a0 x12=0xdb7f865f
     125045.000 ns	     12503	80002a18	e00697d3	fclass.s	x15,f13	 f13:0x80000000 x15=0x00000008
     125075.000 ns	     12506	80002a1c	03ad76b3	remu	x13,x26,x26	 x26:0x00000000 x26:0x00000000 x13=0x00000000
     125125.000 ns	     12511	80002a20	00df7ed3	fadd.s	f29,f30,f13	 f30:0x7fc00000 f13:0x80000000 f29=0x7fc00000
     125155.000 ns	     12514	80002a24	280e0e53	fmin.s	f28,f28,f0	 f28:0x00000000  f0:0xc483a000 f28=0xc483a000
     125175.000 ns	     12516	80002a28	ec392bb7	lui	x23,0xec392	 x23=0xec392000
     125185.000 ns	     12517	80002a2c	00785813	srli	x16,x16,0x7	 x16:0xffffffff x16=0x01ffffff
     125205.000 ns	     12519	80002a30	21868953	fsgnj.s	f18,f13,f24	 f13:0x80000000 f24:0x7fc00000 f18=0x00000000
     125235.000 ns	     12522	80002a34	02823db3	mulhu	x27,x4,x8	  x4:0x00000000  x8:0x00000000 x27=0x00000000
     125255.000 ns	     12524	80002a38	885d7393	andi	x7,x26,-1915	 x26:0x00000000  x7=0x00000000
     125265.000 ns	     12525	80002a3c	01a65993	srli	x19,x12,0x1a	 x12:0xdb7f865f x19=0x00000036
     125275.000 ns	     12526	80002a40	83cfc793	xori	x15,x31,-1988	 x31:0xffffffff x15=0x000007c3
     125295.000 ns	     12528	80002a44	03faa133	mulhsu	x2,x21,x31	 x21:0x00000001 x31:0xffffffff  x2=0x00000000
     125315.000 ns	     12530	80002a48	40828c33	sub	x24,x5,x8	  x5:0xffffffff  x8:0x00000000 x24=0xffffffff
     125335.000 ns	     12532	80002a4c	f0058253	fmv.w.x	f4,x11	 x11:0x00000001  f4=0x00000001
     125355.000 ns	     12534	80002a50	01cf5933	srl	x18,x30,x28	 x30:0x00000000 x28:0xf506f533 x18=0x00000000
     125365.000 ns	     12535	80002a54	cb8fe537	lui	x10,0xcb8fe	 x10=0xcb8fe000
     125375.000 ns	     12536	80002a58	33b48917	auipc	x18,0x33b48	 x18=0xb3b4aa58
     125735.000 ns	     12572	80002a5c	037250b3	divu	x1,x4,x23	  x4:0x00000000 x23:0xec392000  x1=0x00000000
     125765.000 ns	     12575	80002a60	f00203d3	fmv.w.x	f7,x4	  x4:0x00000000  f7=0x00000000
     125785.000 ns	     12577	80002a64	55214793	xori	x15,x2,1362	  x2:0x00000000 x15=0x00000552
     126955.000 ns	     12694	80002a68	580a8cd3	fsqrt.s	f25,f21	 f21:0x0e974443 f25=0x268b25a7
     126975.000 ns	     12696	80002a6c	408c8b33	sub	x22,x25,x8	 x25:0x80040fe4  x8:0x00000000 x22=0x80040fe4
     126995.000 ns	     12698	80002a70	e00a8653	fmv.x.w	x12,f21	 f21:0x0e974443 x12=0x0e974443
     127015.000 ns	     12700	80002a74	01625733	srl	x14,x4,x22	  x4:0x00000000 x22:0xffffffff x14=0x00000000
     127035.000 ns	     12702	80002a78	02e0e133	rem	x2,x1,x14	  x1:0x00000000 x14:0x00000000  x2=0x00000000
     127055.000 ns	     12704	80002a7c	f58a4193	xori	x3,x20,-168	 x20:0x80000000  x3=0x7fffff58
     127075.000 ns	     12706	80002a80	02712fb3	mulhsu	x31,x2,x7	  x2:0x00000000  x7:0x00000000 x31=0x00000000
     127105.000 ns	     12709	80002a84	03ee2433	mulhsu	x8,x28,x30	 x28:0xf506f533 x30:0x00000000  x8=0x00000000
     127135.000 ns	     12712	80002a88	c00d7dd3	fcvt.w.s	x27,f26	 f26:0x80000000 x27=0x00000000
     127505.000 ns	     12749	80002a8c	03c04733	div	x14,x0,x28	  x0:0x00000000 x28:0xf506f533 x14=0x00000000
     127875.000 ns	     12786	80002a90	0370d833	divu	x16,x1,x23	  x1:0x00000000 x23:0xec392000 x16=0x00000000
     127895.000 ns	     12788	80002a94	b91cb293	sltiu	x5,x25,-1135	 x25:0x80040fe4  x5=0x00000001
     127905.000 ns	     12789	80002a98	5ae51a37	lui	x20,0x5ae51	 x20=0x5ae51000
     127925.000 ns	     12791	80002a9c	a0e40fd3	fle.s	x31,f8,f14	  f8:0x7fc00000 f14:0x7fc00000 x31=0x00000000
     127955.000 ns	     12794	80002aa0	29ff8253	fmin.s	f4,f31,f31	 f31:0xc483a000 f31:0xc483a000  f4=0xc483a000
     127985.000 ns	     12797	80002aa4	a08e96d3	flt.s	x13,f29,f8	 f29:0x7fc00000  f8:0x7fc00000 x13=0x00000000
     128015.000 ns	     12800	80002aa8	03051a33	mulh	x20,x10,x16	 x10:0xcb8fe000 x16:0x00000000 x20=0x00000000
     128035.000 ns	     12802	80002aac	64d8a013	slti	x0,x17,1613	 x17:0xfffffbfc
     128055.000 ns	     12804	80002ab0	a17882d3	fle.s	x5,f17,f23	 f17:0xc483a000 f23:0x1655ebb3  x5=0x00000001
     128095.000 ns	     12808	80002ab4	190c1953	fdiv.s	f18,f24,f16	 f24:0x7fc00000 f16:0x80000000 f18=0x7fc00000
     128115.000 ns	     12810	80002ab8	001ae3b3	or	x7,x21,x1	 x21:0x00000001  x1:0x00000000  x7=0x00000001
     128475.000 ns	     12846	80002abc	0382e233	rem	x4,x5,x24	  x5:0x00000001 x24:0xffffffff  x4=0x00000000
     128525.000 ns	     12851	80002ac0	088bfa53	fsub.s	f20,f23,f8	 f23:0x1655ebb3  f8:0x7fc00000 f20=0x7fc00000
     128565.000 ns	     12855	80002ac4	11891c53	fmul.s	f24,f18,f24	 f18:0x7fc00000 f24:0x7fc00000 f24=0x7fc00000
     128585.000 ns	     12857	80002ac8	403b8833	sub	x16,x23,x3	 x23:0xec392000  x3:0x7fffff58 x16=0x6c3920a8
     128945.000 ns	     12893	80002acc	03825133	divu	x2,x4,x24	  x4:0x00000000 x24:0xffffffff  x2=0x00000000
     128965.000 ns	     12895	80002ad0	00fbd013	srli	x0,x23,0xf	 x23:0xec392000
     128975.000 ns	     12896	80002ad4	41865a93	srai	x21,x12,0x18	 x12:0x0e974443 x21=0x0000000e
     128995.000 ns	     12898	80002ad8	a1eea053	feq.s	x0,f29,f30	 f29:0x7fc00000 f30:0x7fc00000
     129015.000 ns	     12900	80002adc	2dcbe013	ori	x0,x23,732	 x23:0xec392000
     129035.000 ns	     12902	80002ae0	28cb18d3	fmax.s	f17,f22,f12	 f22:0x4ed7842c f12:0x80000000 f17=0x4ed7842c
     129065.000 ns	     12905	80002ae4	f0078653	fmv.w.x	f12,x15	 x15:0x00000552 f12=0x00000552
     129115.000 ns	     12910	80002ae8	09634853	fsub.s	f16,f6,f22	  f6:0xffc00000 f22:0x4ed7842c f16=0x7fc00000
     129155.000 ns	     12914	80002aec	18661f53	fdiv.s	f30,f12,f6	 f12:0x00000552  f6:0xffc00000 f30=0x7fc00000
     129185.000 ns	     12917	80002af0	e00a19d3	fclass.s	x19,f20	 f20:0x7fc00000 x19=0x00000200
     129205.000 ns	     12919	80002af4	3858f913	andi	x18,x17,901	 x17:0xfffffbfc x18=0x00000384
     129225.000 ns	     12921	80002af8	d01814d3	fcvt.s.wu	f9,x16	 x16:0x6c3920a8  f9=0x4ed87241
     129245.000 ns	     12923	80002afc	40915f33	sra	x30,x2,x9	  x2:0x00000000  x9:0x00000000 x30=0x00000000
     129265.000 ns	     12925	80002b00	d005a9d3	fcvt.s.w	f19,x11	 x11:0x00000001 f19=0x3f800000
     129285.000 ns	     12927	80002b04	00e10fb3	add	x31,x2,x14	  x2:0x00000000 x14:0x00000000 x31=0x00000000
     129305.000 ns	     12929	80002b08	a0ee0ad3	fle.s	x21,f28,f14	 f28:0xc483a000 f14:0x7fc00000 x21=0x00000000
     129325.000 ns	     12931	80002b0c	002cd133	srl	x2,x25,x2	 x25:0x80040fe4  x2:0x00000000  x2=0x80040fe4
     129335.000 ns	     12932	80002b10	9982ef13	ori	x30,x5,-1640	  x5:0x00000001 x30=0xfffff999
     129345.000 ns	     12933	80002b14	c4be6d17	auipc	x26,0xc4be6	 x26=0x44be8b14
     129385.000 ns	     12937	80002b18	002478d3	fadd.s	f17,f8,f2	  f8:0x7fc00000  f2:0x0e974443 f17=0x7fc00000
     129415.000 ns	     12940	80002b1c	02915fb3	divu	x31,x2,x9	  x2:0x80040fe4  x9:0x00000000 x31=0xffffffff
     129435.000 ns	     12942	80002b20	41ff5c13	srai	x24,x30,0x1f	 x30:0xfffff999 x24=0xffffffff
     129445.000 ns	     12943	80002b24	41bb0033	sub	x0,x22,x27	 x22:0x80040fe4 x27:0x00000000
     129455.000 ns	     12944	80002b28	01097133	and	x2,x18,x16	 x18:0x00000384 x16:0x6c3920a8  x2=0x00000080
     129465.000 ns	     12945	80002b2c	01aa5993	srli	x19,x20,0x1a	 x20:0x00000000 x19=0x00000000
     129485.000 ns	     12947	80002b30	e0048953	fmv.x.w	x18,f9	  f9:0x4ed87241 x18=0x4ed87241
     129505.000 ns	     12949	80002b34	01f72ab3	slt	x21,x14,x31	 x14:0x00000000 x31:0xffffffff x21=0x00000000
     129515.000 ns	     12950	80002b38	00ead2b3	srl	x5,x21,x14	 x21:0x00000000 x14:0x00000000  x5=0x00000000
     129535.000 ns	     12952	80002b3c	20bea0d3	fsgnjx.s	f1,f29,f11	 f29:0x7fc00000 f11:0x00000000  f1=0x7fc00000
     129555.000 ns	     12954	80002b40	a8da6b93	ori	x23,x20,-1395	 x20:0x00000000 x23=0xfffffa8d
     129565.000 ns	     12955	80002b44	00052133	slt	x2,x10,x0	 x10:0xcb8fe000  x0:0x00000000  x2=0x00000001
     129585.000 ns	     12957	80002b48	e00a10d3	fclass.s	x1,f20	 f20:0x7fc00000  x1=0x00000200
     129605.000 ns	     12959	80002b4c	00001a93	slli	x21,x0,0x0	  x0:0x00000000 x21=0x00000000
     129645.000 ns	     12963	80002b50	0065ac53	fadd.s	f24,f11,f6	 f11:0x00000000  f6:0xffc00000 f24=0x7fc00000
     129665.000 ns	     12965	80002b54	005f9f33	sll	x30,x31,x5	 x31:0xffffffff  x5:0x00000000 x30=0xffffffff
     129685.000 ns	     12967	80002b58	c000ff53	fcvt.w.s	x30,f1	  f1:0x7fc00000 x30=0x7fffffff
     130055.000 ns	     13004	80002b5c	03e07d33	remu	x26,x0,x30	  x0:0x00000000 x30:0xfffff999 x26=0x00000000
     130085.000 ns	     13007	80002b60	f0020253	fmv.w.x	f4,x4	  x4:0x00000000  f4=0x00000000
     130105.000 ns	     13009	80002b64	01c29eb3	sll	x29,x5,x28	  x5:0x00000000 x28:0xf506f533 x29=0x00000000
     130125.000 ns	     13011	80002b68	02453433	mulhu	x8,x10,x4	 x10:0xcb8fe000  x4:0x00000000  x8=0x00000000
     130145.000 ns	     13013	80002b6c	001565b3	or	x11,x10,x1	 x10:0xcb8fe000  x1:0x00000200 x11=0xcb8fe200
     130185.000 ns	     13017	80002b70	013af653	fadd.s	f12,f21,f19	 f21:0x0e974443 f19:0x3f800000 f12=0x3f800000
     130215.000 ns	     13020	80002b74	a0e49453	flt.s	x8,f9,f14	  f9:0x4ed87241 f14:0x7fc00000  x8=0x00000000
     130235.000 ns	     13022	80002b78	015e5f33	srl	x30,x28,x21	 x28:0xf506f533 x21:0x00000000 x30=0xf506f533
     130245.000 ns	     13023	80002b7c	0f0aab93	slti	x23,x21,240	 x21:0x00000000 x23=0x00000001
     130275.000 ns	     13026	80002b80	5807c853	fsqrt.s	f16,f15	 f15:0xf506f533 f16=0x7fc00000
     130645.000 ns	     13063	80002b84	03ee4733	div	x14,x28,x30	 x28:0xf506f533 x30:0xf506f533 x14=0x00000001
     130665.000 ns	     13065	80002b88	00000013	addi	x0,x0,0	  x0:0x00000000
     130685.000 ns	     13067	80002b8c	28320f53	fmin.s	f30,f4,f3	  f4:0x00000000  f3:0x3f800000 f30=0x00000000
     130705.000 ns	     13069	80002b90	004412b3	sll	x5,x8,x4	  x8:0x00000000  x4:0x00000000  x5=0x00000000
     130715.000 ns	     13070	80002b94	5027f213	andi	x4,x15,1282	 x15:0x00000552  x4=0x00000502
     130735.000 ns	     13072	80002b98	a0dc84d3	fle.s	x9,f25,f13	 f25:0x268b25a7 f13:0x80000000  x9=0x00000000
     130765.000 ns	     13075	80002b9c	02027b33	remu	x22,x4,x0	  x4:0x00000000  x0:0x00000000 x22=0x00000502
     130785.000 ns	     13077	80002ba0	dcbb4093	xori	x1,x22,-565	 x22:0x80040fe4  x1=0xfffff8c9
     130795.000 ns	     13078	80002ba4	0106cd33	xor	x26,x13,x16	 x13:0x00000000 x16:0x6c3920a8 x26=0x6c3920a8
     131125.000 ns	     13111	80002ba8	18367bd3	fdiv.s	f23,f12,f3	 f12:0x3f800000  f3:0x3f800000 f23=0x3f7fff38
     131155.000 ns	     13114	80002bac	0343c5b3	div	x11,x7,x20	  x7:0x00000001 x20:0x00000000 x11=0xffffffff
     131185.000 ns	     13117	80002bb0	f0098a53	fmv.w.x	f20,x19	 x19:0x00000000 f20=0x00000000
     131205.000 ns	     13119	80002bb4	00f4f1b3	and	x3,x9,x15	  x9:0x00000000 x15:0x00000552  x3=0x00000000
     131225.000 ns	     13121	80002bb8	024b9633	mulh	x12,x23,x4	 x23:0x00000001  x4:0x00000502 x12=0x00000000
     131255.000 ns	     13124	80002bbc	29c79c53	fmax.s	f24,f15,f28	 f15:0xf506f533 f28:0xc483a000 f24=0xc483a000
     131275.000 ns	     13126	80002bc0	002685b3	add	x11,x13,x2	 x13:0x00000000  x2:0x00000001 x11=0x00000001
     131305.000 ns	     13129	80002bc4	18d240d3	fdiv.s	f1,f4,f13	  f4:0x00000000 f13:0x80000000  f1=0x7fc00000
     131325.000 ns	     13131	80002bc8	0097f2b3	and	x5,x15,x9	 x15:0x00000552  x9:0x00000000  x5=0x00000000
     131345.000 ns	     13133	80002bcc	285c8253	fmin.s	f4,f25,f5	 f25:0x268b25a7  f5:0x00000000  f4=0x00000000
     131375.000 ns	     13136	80002bd0	a1f22853	feq.s	x16,f4,f31	  f4:0x00000000 f31:0xc483a000 x16=0x00000000
     131405.000 ns	     13139	80002bd4	02d40ab3	mul	x21,x8,x13	  x8:0x00000000 x13:0x00000000 x21=0x00000000
     131425.000 ns	     13141	80002bd8	01d1e2b3	or	x5,x3,x29	  x3:0x00000000 x29:0x00000000  x5=0x00000000
     131435.000 ns	     13142	80002bdc	92c28293	addi	x5,x5,-1748	  x5:0x00000000  x5=0xfffff92c
     131455.000 ns	     13144	80002be0	d00531d3	fcvt.s.w	f3,x10	 x10:0xcb8fe000  f3=0xce51c080
     131475.000 ns	     13146	80002be4	00e016b3	sll	x13,x0,x14	  x0:0x00000000 x14:0x00000001 x13=0x00000000
     131495.000 ns	     13148	80002be8	e00e8253	fmv.x.w	x4,f29	 f29:0x7fc00000  x4=0x7fc00000
     131525.000 ns	     13151	80002bec	03356833	rem	x16,x10,x19	 x10:0xcb8fe000 x19:0x00000000 x16=0xcb8fe000
     131545.000 ns	     13153	80002bf0	01b5ad33	slt	x26,x11,x27	 x11:0x00000001 x27:0x00000000 x26=0x00000000
     131875.000 ns	     13186	80002bf4	1801fad3	fdiv.s	f21,f3,f0	  f3:0xce51c080  f0:0xc483a000 f21=0x49494332
     131905.000 ns	     13189	80002bf8	21f40c53	fsgnj.s	f24,f8,f31	  f8:0x7fc00000 f31:0xc483a000 f24=0xffc00000
     131925.000 ns	     13191	80002bfc	4155d633	sra	x12,x11,x21	 x11:0x00000001 x21:0x00000000 x12=0x00000001
     131935.000 ns	     13192	80002c00	df13aa37	lui	x20,0xdf13a	 x20=0xdf13a000
     131955.000 ns	     13194	80002c04	0393b533	mulhu	x10,x7,x25	  x7:0x00000001 x25:0x80040fe4 x10=0x00000000
     131985.000 ns	     13197	80002c08	02d7aa33	mulhsu	x20,x15,x13	 x15:0x00000552 x13:0x00000000 x20=0x00000000
     132015.000 ns	     13200	80002c0c	f0010153	fmv.w.x	f2,x2	  x2:0x00000001  f2=0x00000001
     132385.000 ns	     13237	80002c10	0257fa33	remu	x20,x15,x5	 x15:0x00000552  x5:0xfffff92c x20=0x00000552
     132415.000 ns	     13240	80002c14	2141a153	fsgnjx.s	f2,f3,f20	  f3:0xce51c080 f20:0x00000000  f2=0xce51c080
     132785.000 ns	     13277	80002c18	02705033	divu	x0,x0,x7	  x0:0x00000000  x7:0x00000001
     132805.000 ns	     13279	80002c1c	0157cdb3	xor	x27,x15,x21	 x15:0x00000552 x21:0x00000000 x27=0x00000552
     132825.000 ns	     13281	80002c20	29681f53	fmax.s	f30,f16,f22	 f16:0x7fc00000 f22:0x4ed7842c f30=0x4ed7842c
     132845.000 ns	     13283	80002c24	00f71793	slli	x15,x14,0xf	 x14:0x00000001 x15=0x00008000
     132865.000 ns	     13285	80002c28	026fb533	mulhu	x10,x31,x6	 x31:0xffffffff  x6:0x80041024 x10=0x80041023
     132885.000 ns	     13287	80002c2c	40f75f33	sra	x30,x14,x15	 x14:0x00000001 x15:0x00000552 x30=0x00000001
     132895.000 ns	     13288	80002c30	01ca1933	sll	x18,x20,x28	 x20:0x00000552 x28:0xf506f533 x18=0x2a900000
     132915.000 ns	     13290	80002c34	2174acd3	fsgnjx.s	f25,f9,f23	  f9:0x4ed87241 f23:0x3f7fff38 f25=0x4ed87241
     133285.000 ns	     13327	80002c38	027d68b3	rem	x17,x26,x7	 x26:0x00000000  x7:0x00000001 x17=0x00000000
     133315.000 ns	     13330	80002c3c	d01cf2d3	fcvt.s.wu	f5,x25	 x25:0x80040fe4  f5=0x4f00040f
     133335.000 ns	     13332	80002c40	d13c8613	addi	x12,x25,-749	 x25:0x80040fe4 x12=0x80040cf7
     133345.000 ns	     13333	80002c44	00000013	addi	x0,x0,0	  x0:0x00000000
     133355.000 ns	     13334	80002c48	402788b3	sub	x17,x15,x2	 x15:0x00008000  x2:0x00000001 x17=0x00007fff
     133365.000 ns	     13335	80002c4c	01c410b3	sll	x1,x8,x28	  x8:0x00000000 x28:0xf506f533  x1=0x00000000
     133375.000 ns	     13336	80002c50	41ad5f13	srai	x30,x26,0x1a	 x26:0x00000000 x30=0x00000000
     133385.000 ns	     13337	80002c54	c2e02a13	slti	x20,x0,-978	  x0:0x00000000 x20=0x00000000
     133405.000 ns	     13339	80002c58	21aa1153	fsgnjn.s	f2,f20,f26	 f20:0x00000000 f26:0x80000000  f2=0x00000000
     133425.000 ns	     13341	80002c5c	b5443d93	sltiu	x27,x8,-1196	  x8:0x00000000 x27=0x00000001
     133435.000 ns	     13342	80002c60	41c75e93	srai	x29,x14,0x1c	 x14:0x00000001 x29=0x00000000
     133455.000 ns	     13344	80002c64	21e38ad3	fsgnj.s	f21,f7,f30	  f7:0x00000000 f30:0x4ed7842c f21=0x00000000
     133485.000 ns	     13347	80002c68	d01d4ed3	fcvt.s.wu	f29,x26	 x26:0x00000000 f29=0x00000000
     133515.000 ns	     13350	80002c6c	d0059253	fcvt.s.w	f4,x11	 x11:0x00000001  f4=0x3f800000
     133535.000 ns	     13352	80002c70	00519a13	slli	x20,x3,0x5	  x3:0x00000000 x20=0x00000000
     133555.000 ns	     13354	80002c74	d01f8753	fcvt.s.wu	f14,x31	 x31:0xffffffff f14=0x4f800000
     133585.000 ns	     13357	80002c78	c0083bd3	fcvt.w.s	x23,f16	 f16:0x7fc00000 x23=0x7fffffff
     133615.000 ns	     13360	80002c7c	02ab38b3	mulhu	x17,x22,x10	 x22:0x00000502 x10:0x80041023 x17=0x00000281
     133635.000 ns	     13362	80002c80	78fb0793	addi	x15,x22,1935	 x22:0x00000502 x15=0x00000c91
     134805.000 ns	     13479	80002c84	58062853	fsqrt.s	f16,f12	 f12:0x3f800000 f16=0x3f7fffae
     134825.000 ns	     13481	80002c88	4042d613	srai	x12,x5,0x4	  x5:0xfffff92c x12=0xffffff92
     134835.000 ns	     13482	80002c8c	014432b3	sltu	x5,x8,x20	  x8:0x00000000 x20:0x00000000  x5=0x00000000
     134855.000 ns	     13484	80002c90	030d10b3	mulh	x1,x26,x16	 x26:0x00000000 x16:0xcb8fe000  x1=0x00000000
     134885.000 ns	     13487	80002c94	28569f53	fmax.s	f30,f13,f5	 f13:0x80000000  f5:0x4f00040f f30=0x4f00040f
     134915.000 ns	     13490	80002c98	299c9d53	fmax.s	f26,f25,f25	 f25:0x4ed87241 f25:0x4ed87241 f26=0x4ed87241
     134945.000 ns	     13493	80002c9c	2143a4d3	fsgnjx.s	f9,f7,f20	  f7:0x00000000 f20:0x00000000  f9=0x00000000
     134965.000 ns	     13495	80002ca0	402a8733	sub	x14,x21,x2	 x21:0x00000000  x2:0x00000001 x14=0xffffffff
     134975.000 ns	     13496	80002ca4	4128db93	srai	x23,x17,0x12	 x17:0x00000281 x23=0x00000000
     135015.000 ns	     13500	80002ca8	081881d3	fsub.s	f3,f17,f1	 f17:0x7fc00000  f1:0x7fc00000  f3=0x7fc00000
     135035.000 ns	     13502	80002cac	01cbd633	srl	x12,x23,x28	 x23:0x7fffffff x28:0xf506f533 x12=0x00000000
     135075.000 ns	     13506	80002cb0	081c94d3	fsub.s	f9,f25,f1	 f25:0x4ed87241  f1:0x7fc00000  f9=0x7fc00000
     135105.000 ns	     13509	80002cb4	028e7233	remu	x4,x28,x8	 x28:0xf506f533  x8:0x00000000  x4=0xf506f533
     135125.000 ns	     13511	80002cb8	35b06a13	ori	x20,x0,859	  x0:0x00000000 x20=0x0000035b
     135145.000 ns	     13513	80002cbc	a15912d3	flt.s	x5,f18,f21	 f18:0x7fc00000 f21:0x00000000  x5=0x00000000
     135175.000 ns	     13516	80002cc0	e00f1ed3	fclass.s	x29,f30	 f30:0x4f00040f x29=0x00000040
     135205.000 ns	     13519	80002cc4	d019f9d3	fcvt.s.wu	f19,x19	 x19:0x00000000 f19=0x00000000
     135235.000 ns	     13522	80002cc8	f00c8453	fmv.w.x	f8,x25	 x25:0x80040fe4  f8=0x80040fe4
     135265.000 ns	     13525	80002ccc	e0080bd3	fmv.x.w	x23,f16	 f16:0x3f7fffae x23=0x3f7fffae
     135285.000 ns	     13527	80002cd0	6b383213	sltiu	x4,x16,1715	 x16:0xcb8fe000  x4=0x00000000
     135305.000 ns	     13529	80002cd4	d007f4d3	fcvt.s.w	f9,x15	 x15:0x00000c91  f9=0x45491000
     135335.000 ns	     13532	80002cd8	c0021d53	fcvt.w.s	x26,f4	  f4:0x3f800000 x26=0x00000001
     135385.000 ns	     13537	80002cdc	012bf0d3	fadd.s	f1,f23,f18	 f23:0x3f7fff38 f18:0x7fc00000  f1=0x7fc00000
     135405.000 ns	     13539	80002ce0	abb259b7	lui	x19,0xabb25	 x19=0xabb25000
     135765.000 ns	     13575	80002ce4	0349d733	divu	x14,x19,x20	 x19:0x00000000 x20:0x0000035b x14=0x00332b4e
     135795.000 ns	     13578	80002ce8	216a9653	fsgnjn.s	f12,f21,f22	 f21:0x00000000 f22:0x4ed7842c f12=0x80000000
     135825.000 ns	     13581	80002cec	20b08253	fsgnj.s	f4,f1,f11	  f1:0x7fc00000 f11:0x00000000  f4=0x7fc00000
     135845.000 ns	     13583	80002cf0	01b900b3	add	x1,x18,x27	 x18:0x2a900000 x27:0x00000001  x1=0x2a900001
     135875.000 ns	     13586	80002cf4	580532d3	fsqrt.s	f5,f10	 f10:0xc483a000  f5=0x7fc00000
     135905.000 ns	     13589	80002cf8	02370bb3	mul	x23,x14,x3	 x14:0x00332b4e  x3:0x00000000 x23=0x00000000
     135955.000 ns	     13594	80002cfc	01f73753	fadd.s	f14,f14,f31	 f14:0x4f800000 f31:0xc483a000 f14=0x4f7ffffb
     135985.000 ns	     13597	80002d00	03e5af33	mulhsu	x30,x11,x30	 x11:0x00000001 x30:0x00000000 x30=0x00000000
     136005.000 ns	     13599	80002d04	0096db33	srl	x22,x13,x9	 x13:0x00000000  x9:0x00000000 x22=0x00000000
     136015.000 ns	     13600	80002d08	49c1ae97	auipc	x29,0x49c1a	 x29=0xc9c1cd08
     136025.000 ns	     13601	80002d0c	924e7713	andi	x14,x28,-1756	 x28:0xf506f533 x14=0xf506f120
     136035.000 ns	     13602	80002d10	0020dab3	srl	x21,x1,x2	  x1:0x2a900001  x2:0x00000001 x21=0x15480000
     136045.000 ns	     13603	80002d14	000060b3	or	x1,x0,x0	  x0:0x00000000  x0:0x00000000  x1=0x00000000
     136055.000 ns	     13604	80002d18	c0f5cb93	xori	x23,x11,-1009	 x11:0x00000001 x23=0xfffffc0e
     136075.000 ns	     13606	80002d1c	f0028753	fmv.w.x	f14,x5	  x5:0x00000000 f14=0x00000000
     136115.000 ns	     13610	80002d20	11da80d3	fmul.s	f1,f21,f29	 f21:0x00000000 f29:0x00000000  f1=0x00000000
     136145.000 ns	     13613	80002d24	03288833	mul	x16,x17,x18	 x17:0x00000281 x18:0x2a900000 x16=0x92900000
     136175.000 ns	     13616	80002d28	a09114d3	flt.s	x9,f2,f9	  f2:0x00000000  f9:0x45491000  x9=0x00000001
     136195.000 ns	     13618	80002d2c	07d88b13	addi	x22,x17,125	 x17:0x00000281 x22=0x000002fe
     137365.000 ns	     13735	80002d30	580f08d3	fsqrt.s	f17,f30	 f30:0x4f00040f f17=0x46b50a40
     137395.000 ns	     13738	80002d34	f0000f53	fmv.w.x	f30,x0	  x0:0x00000000 f30=0x00000000
     137415.000 ns	     13740	80002d38	01a54bb3	xor	x23,x10,x26	 x10:0x80041023 x26:0x00000001 x23=0x80041022
     137445.000 ns	     13743	80002d3c	18809253	fdiv.s	f4,f1,f8	  f1:0x00000000  f8:0x80040fe4  f4=0x80000000
     137465.000 ns	     13745	80002d40	812aa813	slti	x16,x21,-2030	 x21:0x15480000 x16=0x00000000
     137485.000 ns	     13747	80002d44	c01e7ad3	fcvt.wu.s	x21,f28	 f28:0xc483a000 x21=0x0000041d
     137505.000 ns	     13749	80002d48	59866997	auipc	x19,0x59866	 x19=0xd9868d48
     137525.000 ns	     13751	80002d4c	02d7f9b3	remu	x19,x15,x13	 x15:0x00000c91 x13:0x00000000 x19=0x00000c91
     137545.000 ns	     13753	80002d50	01af6833	or	x16,x30,x26	 x30:0x00000000 x26:0x00000001 x16=0x00000001
     137565.000 ns	     13755	80002d54	021606b3	mul	x13,x12,x1	 x12:0x00000000  x1:0x00000000 x13=0x00000000
     137605.000 ns	     13759	80002d58	5807f853	fsqrt.s	f16,f15	 f15:0xf506f533 f16=0x7fc00000
     137625.000 ns	     13761	80002d5c	2ce00593	addi	x11,x0,718	  x0:0x00000000 x11=0x000002ce
     137645.000 ns	     13763	80002d60	f00403d3	fmv.w.x	f7,x8	  x8:0x00000000  f7=0x00000000
     137665.000 ns	     13765	80002d64	400ada13	srai	x20,x21,0x0	 x21:0x0000041d x20=0x0000041d
     137685.000 ns	     13767	80002d68	0362a233	mulhsu	x4,x5,x22	  x5:0x00000000 x22:0x000002fe  x4=0x00000000
     137705.000 ns	     13769	80002d6c	018c7b33	and	x22,x24,x24	 x24:0xffffffff x24:0xffffffff x22=0xffffffff
     137715.000 ns	     13770	80002d70	00000013	addi	x0,x0,0	  x0:0x00000000
     137725.000 ns	     13771	80002d74	40860833	sub	x16,x12,x8	 x12:0x00000000  x8:0x00000000 x16=0x00000000
     137745.000 ns	     13773	80002d78	02c02633	mulhsu	x12,x0,x12	  x0:0x00000000 x12:0x00000000 x12=0x00000000
     137765.000 ns	     13775	80002d7c	416853b3	sra	x7,x16,x22	 x16:0x00000001 x22:0xffffffff  x7=0x00000000
     137775.000 ns	     13776	80002d80	40695eb3	sra	x29,x18,x6	 x18:0x2a900000  x6:0x80041024 x29=0x02a90000
     137785.000 ns	     13777	80002d84	00000013	addi	x0,x0,0	  x0:0x00000000
     138145.000 ns	     13813	80002d88	0336e633	rem	x12,x13,x19	 x13:0x00000000 x19:0x00000c91 x12=0x00000000
     138185.000 ns	     13817	80002d8c	1801f4d3	fdiv.s	f9,f3,f0	  f3:0x7fc00000  f0:0xc483a000  f9=0x7fc00000
     138205.000 ns	     13819	80002d90	2a848293	addi	x5,x9,680	  x9:0x00000001  x5=0x000002a9
     138225.000 ns	     13821	80002d94	03213633	mulhu	x12,x2,x18	  x2:0x00000001 x18:0x2a900000 x12=0x00000000
     138245.000 ns	     13823	80002d98	01dfd693	srli	x13,x31,0x1d	 x31:0xffffffff x13=0x00000007
     138255.000 ns	     13824	80002d9c	658d3f13	sltiu	x30,x26,1624	 x26:0x00000001 x30=0x00000001
     138275.000 ns	     13826	80002da0	a1e7a153	feq.s	x2,f15,f30	 f15:0xf506f533 f30:0x00000000  x2=0x00000000
     138615.000 ns	     13860	80002da4	191c9753	fdiv.s	f14,f25,f17	 f25:0x4ed87241 f17:0x46b50a40 f14=0x4770512c
     138645.000 ns	     13863	80002da8	e00f8dd3	fmv.x.w	x27,f31	 f31:0xc483a000 x27=0xc483a000
     138675.000 ns	     13866	80002dac	02c17bb3	remu	x23,x2,x12	  x2:0x00000000 x12:0x00000000 x23=0x00000000
     138705.000 ns	     13869	80002db0	21242ed3	fsgnjx.s	f29,f8,f18	  f8:0x80040fe4 f18:0x7fc00000 f29=0x80040fe4
     138735.000 ns	     13872	80002db4	c0029ed3	fcvt.w.s	x29,f5	  f5:0x7fc00000 x29=0x7fffffff
     138755.000 ns	     13874	80002db8	00d8e9b3	or	x19,x17,x13	 x17:0x00000281 x13:0x00000007 x19=0x00000287
     138765.000 ns	     13875	80002dbc	0005f7b3	and	x15,x11,x0	 x11:0x000002ce  x0:0x00000000 x15=0x00000000
     138785.000 ns	     13877	80002dc0	21122bd3	fsgnjx.s	f23,f4,f17	  f4:0x80000000 f17:0x46b50a40 f23=0x80000000
     138825.000 ns	     13881	80002dc4	105df6d3	fmul.s	f13,f27,f5	 f27:0x80000000  f5:0x7fc00000 f13=0x7fc00000
     138875.000 ns	     13886	80002dc8	00e62cd3	fadd.s	f25,f12,f14	 f12:0x80000000 f14:0x4770512c f25=0x4770512c
     138895.000 ns	     13888	80002dcc	01ac3833	sltu	x16,x24,x26	 x24:0xffffffff x26:0x00000001 x16=0x00000000
     138905.000 ns	     13889	80002dd0	0bd72713	slti	x14,x14,189	 x14:0xf506f120 x14=0x00000001
     139235.000 ns	     13922	80002dd4	19c70853	fdiv.s	f16,f14,f28	 f14:0x4770512c f28:0xc483a000 f16=0xc266972c
     139265.000 ns	     13925	80002dd8	028778b3	remu	x17,x14,x8	 x14:0xf506f120  x8:0x00000000 x17=0x00000001
     139285.000 ns	     13927	80002ddc	209ab213	sltiu	x4,x21,521	 x21:0x0000041d  x4=0x00000000
     139295.000 ns	     13928	80002de0	00c88433	add	x8,x17,x12	 x17:0x00000001 x12:0x00000000  x8=0x00000001
     139315.000 ns	     13930	80002de4	e0030453	fmv.x.w	x8,f6	  f6:0xffc00000  x8=0xffc00000
     139335.000 ns	     13932	80002de8	85d49897	auipc	x17,0x85d49	 x17=0x05d4bde8
     139355.000 ns	     13934	80002dec	02ca75b3	remu	x11,x20,x12	 x20:0x0000041d x12:0x00000000 x11=0x0000041d
     139375.000 ns	     13936	80002df0	8f3f6213	ori	x4,x30,-1805	 x30:0x00000001  x4=0xfffff8f3
     139395.000 ns	     13938	80002df4	03ce26b3	mulhsu	x13,x28,x28	 x28:0xf506f533 x28:0xf506f533 x13=0xf57f5c51
     139415.000 ns	     13940	80002df8	41d4d5b3	sra	x11,x9,x29	  x9:0x00000001 x29:0x7fffffff x11=0x00000000
     139425.000 ns	     13941	80002dfc	c7270e93	addi	x29,x14,-910	 x14:0x00000001 x29=0xfffffc73
     139435.000 ns	     13942	80002e00	00000013	addi	x0,x0,0	  x0:0x00000000
     139455.000 ns	     13944	80002e04	2052a3d3	fsgnjx.s	f7,f5,f5	  f5:0x7fc00000  f5:0x7fc00000  f7=0x7fc00000
     139475.000 ns	     13946	80002e08	40360b33	sub	x22,x12,x3	 x12:0x00000000  x3:0x00000000 x22=0x00000000
     139835.000 ns	     13982	80002e0c	0258c3b3	div	x7,x17,x5	 x17:0x05d4bde8  x5:0x000002a9  x7=0x00023125
     139865.000 ns	     13985	80002e10	02642833	mulhsu	x16,x8,x6	  x8:0xffc00000  x6:0x80041024 x16=0xffdffefb
     139895.000 ns	     13988	80002e14	a046a7d3	feq.s	x15,f13,f4	 f13:0x7fc00000  f4:0x80000000 x15=0x00000000
     139925.000 ns	     13991	80002e18	f00084d3	fmv.w.x	f9,x1	  x1:0x00000000  f9=0x00000000
     139955.000 ns	     13994	80002e1c	291f0853	fmin.s	f16,f30,f17	 f30:0x00000000 f17:0x46b50a40 f16=0x00000000
     139985.000 ns	     13997	80002e20	214597d3	fsgnjn.s	f15,f11,f20	 f11:0x00000000 f20:0x00000000 f15=0x80000000
     140005.000 ns	     13999	80002e24	004b62b3	or	x5,x22,x4	 x22:0x00000000  x4:0xfffff8f3  x5=0xfffff8f3
     140025.000 ns	     14001	80002e28	02488933	mul	x18,x17,x4	 x17:0x05d4bde8  x4:0xfffff8f3 x18=0xe3010338
     140395.000 ns	     14038	80002e2c	029e5d33	divu	x26,x28,x9	 x28:0xf506f533  x9:0x00000001 x26=0xf506f533
     140425.000 ns	     14041	80002e30	02579db3	mulh	x27,x15,x5	 x15:0x00000000  x5:0xfffff8f3 x27=0x00000000
     140455.000 ns	     14044	80002e34	02218133	mul	x2,x3,x2	  x3:0x00000000  x2:0x00000000  x2=0x00000000
     140475.000 ns	     14046	80002e38	2a460613	addi	x12,x12,676	 x12:0x00000000 x12=0x000002a4
     140835.000 ns	     14082	80002e3c	0242d933	divu	x18,x5,x4	  x5:0xfffff8f3  x4:0xfffff8f3 x18=0x00000001
     140855.000 ns	     14084	80002e40	1aeecf13	xori	x30,x29,430	 x29:0xfffffc73 x30=0xfffffddd
     140865.000 ns	     14085	80002e44	41aed213	srai	x4,x29,0x1a	 x29:0xfffffc73  x4=0xffffffff
     140885.000 ns	     14087	80002e48	e0078453	fmv.x.w	x8,f15	 f15:0x80000000  x8=0x80000000
     140915.000 ns	     14090	80002e4c	0379cb33	div	x22,x19,x23	 x19:0x00000287 x23:0x00000000 x22=0xffffffff
     140935.000 ns	     14092	80002e50	005bb9b3	sltu	x19,x23,x5	 x23:0x00000000  x5:0xfffff8f3 x19=0x00000001
     140955.000 ns	     14094	80002e54	21fca7d3	fsgnjx.s	f15,f25,f31	 f25:0x4770512c f31:0xc483a000 f15=0xc770512c
     140985.000 ns	     14097	80002e58	c0064553	fcvt.w.s	x10,f12	 f12:0x80000000 x10=0x00000000
     141005.000 ns	     14099	80002e5c	a272b493	sltiu	x9,x5,-1497	  x5:0xfffff8f3  x9=0x00000001
     141015.000 ns	     14100	80002e60	00c678b3	and	x17,x12,x12	 x12:0x000002a4 x12:0x000002a4 x17=0x000002a4
     141025.000 ns	     14101	80002e64	0b4f9817	auipc	x16,0xb4f9	 x16=0x8b4fbe64
     141045.000 ns	     14103	80002e68	20778453	fsgnj.s	f8,f15,f7	 f15:0xc770512c  f7:0x7fc00000  f8=0x4770512c
     141065.000 ns	     14105	80002e6c	41248033	sub	x0,x9,x18	  x9:0x00000001 x18:0x00000001
     141075.000 ns	     14106	80002e70	a0df3b13	sltiu	x22,x30,-1523	 x30:0xfffffddd x22=0x00000000
     141095.000 ns	     14108	80002e74	d006ca53	fcvt.s.w	f20,x13	 x13:0xf57f5c51 f20=0xcd280a3b
     141115.000 ns	     14110	80002e78	0058aeb3	slt	x29,x17,x5	 x17:0x000002a4  x5:0xfffff8f3 x29=0x00000000
     141135.000 ns	     14112	80002e7c	037239b3	mulhu	x19,x4,x23	  x4:0xffffffff x23:0x00000000 x19=0x00000000
     141505.000 ns	     14149	80002e80	02d2d7b3	divu	x15,x5,x13	  x5:0xfffff8f3 x13:0xf57f5c51 x15=0x00000001
     141525.000 ns	     14151	80002e84	406605b3	sub	x11,x12,x6	 x12:0x000002a4  x6:0x80041024 x11=0x7ffbf280
     141535.000 ns	     14152	80002e88	00909593	slli	x11,x1,0x9	  x1:0x00000000 x11=0x00000000
     141555.000 ns	     14154	80002e8c	a1d81ed3	flt.s	x29,f16,f29	 f16:0x00000000 f29:0x80040fe4 x29=0x00000000
     141595.000 ns	     14158	80002e90	18b7a853	fdiv.s	f16,f15,f11	 f15:0xc770512c f11:0x00000000 f16=0xff800000
     141615.000 ns	     14160	80002e94	00ea7db3	and	x27,x20,x14	 x20:0x0000041d x14:0x00000001 x27=0x00000001
     141625.000 ns	     14161	80002e98	0070d5b3	srl	x11,x1,x7	  x1:0x00000000  x7:0x00023125 x11=0x00000000
     141655.000 ns	     14164	80002e9c	1913f353	fdiv.s	f6,f7,f17	  f7:0x7fc00000 f17:0x46b50a40  f6=0x7fc00000
     141685.000 ns	     14167	80002ea0	28670ad3	fmin.s	f21,f14,f6	 f14:0x4770512c  f6:0xffc00000 f21=0x4770512c
     141705.000 ns	     14169	80002ea4	005add33	srl	x26,x21,x5	 x21:0x0000041d  x5:0xfffff8f3 x26=0x00000000
     141725.000 ns	     14171	80002ea8	a1292153	feq.s	x2,f18,f18	 f18:0x7fc00000 f18:0x7fc00000  x2=0x00000000
     141755.000 ns	     14174	80002eac	21dc87d3	fsgnj.s	f15,f25,f29	 f25:0x4770512c f29:0x80040fe4 f15=0xc770512c
     141775.000 ns	     14176	80002eb0	a65fcd17	auipc	x26,0xa65fc	 x26=0x265feeb0
     141785.000 ns	     14177	80002eb4	40ff5133	sra	x2,x30,x15	 x30:0xfffffddd x15:0x00000001  x2=0xfffffeee
     141805.000 ns	     14179	80002eb8	d012bed3	fcvt.s.wu	f29,x5	  x5:0xfffff8f3 f29=0x4f7ffff9
     141825.000 ns	     14181	80002ebc	0003b9b3	sltu	x19,x7,x0	  x7:0x00023125  x0:0x00000000 x19=0x00000000
     141835.000 ns	     14182	80002ec0	01379133	sll	x2,x15,x19	 x15:0x00000001 x19:0x00000000  x2=0x00000001
     141875.000 ns	     14186	80002ec4	011a0853	fadd.s	f16,f20,f17	 f20:0xcd280a3b f17:0x46b50a40 f16=0xcd280493
     141905.000 ns	     14189	80002ec8	f00a83d3	fmv.w.x	f7,x21	 x21:0x0000041d  f7=0x0000041d
     141925.000 ns	     14191	80002ecc	0e02d037	lui	x0,0xe02d	
     141935.000 ns	     14192	80002ed0	0007d5b3	srl	x11,x15,x0	 x15:0x00000001  x0:0x00000000 x11=0x00000001
     141955.000 ns	     14194	80002ed4	20fb2a53	fsgnjx.s	f20,f22,f15	 f22:0x4ed7842c f15:0xc770512c f20=0xced7842c
     141975.000 ns	     14196	80002ed8	00b6a9b3	slt	x19,x13,x11	 x13:0xf57f5c51 x11:0x00000000 x19=0x00000001
     141985.000 ns	     14197	80002edc	415e06b3	sub	x13,x28,x21	 x28:0xf506f533 x21:0x0000041d x13=0xf506f116
     142005.000 ns	     14199	80002ee0	c013b053	fcvt.wu.s	x0,f7	  f7:0x0000041d
     142025.000 ns	     14201	80002ee4	419d5633	sra	x12,x26,x25	 x26:0x265feeb0 x25:0x80040fe4 x12=0x0265feeb
     142045.000 ns	     14203	80002ee8	03b2b733	mulhu	x14,x5,x27	  x5:0xfffff8f3 x27:0x00000001 x14=0x00000000
     142065.000 ns	     14205	80002eec	41ca5833	sra	x16,x20,x28	 x20:0x0000041d x28:0xf506f533 x16=0x00000000
     142075.000 ns	     14206	80002ef0	01a01ab3	sll	x21,x0,x26	  x0:0x00000000 x26:0x265feeb0 x21=0x00000000
     142095.000 ns	     14208	80002ef4	0213d933	divu	x18,x7,x1	  x7:0x00023125  x1:0x00000000 x18=0xffffffff
     142115.000 ns	     14210	80002ef8	3e9abd93	sltiu	x27,x21,1001	 x21:0x0000041d x27=0x00000001
     142125.000 ns	     14211	80002efc	90417093	andi	x1,x2,-1788	  x2:0x00000001  x1=0x00000000
     142135.000 ns	     14212	80002f00	00baf733	and	x14,x21,x11	 x21:0x00000000 x11:0x00000001 x14=0x00000000
     142155.000 ns	     14214	80002f04	e00f9253	fclass.s	x4,f31	 f31:0xc483a000  x4=0x00000002
     142205.000 ns	     14219	80002f08	00f77b53	fadd.s	f22,f14,f15	 f14:0x4770512c f15:0xc770512c f22=0x80000000
     142235.000 ns	     14222	80002f0c	0364c1b3	div	x3,x9,x22	  x9:0x00000001 x22:0x00000000  x3=0xffffffff
     142605.000 ns	     14259	80002f10	034cf8b3	remu	x17,x25,x20	 x25:0x80040fe4 x20:0x0000041d x17=0x00000204
     142625.000 ns	     14261	80002f14	00add033	srl	x0,x27,x10	 x27:0x00000001 x10:0x00000000
     142645.000 ns	     14263	80002f18	e0050853	fmv.x.w	x16,f10	 f10:0xc483a000 x16=0xc483a000
     142675.000 ns	     14266	80002f1c	21fa0953	fsgnj.s	f18,f20,f31	 f20:0xced7842c f31:0xc483a000 f18=0xced7842c
     142695.000 ns	     14268	80002f20	0000fdb3	and	x27,x1,x0	  x1:0x00000000  x0:0x00000000 x27=0x00000000
     142705.000 ns	     14269	80002f24	0129d713	srli	x14,x19,0x12	 x19:0x00000001 x14=0x00000000
     142725.000 ns	     14271	80002f28	e0008ad3	fmv.x.w	x21,f1	  f1:0x00000000 x21=0x00000000
     142745.000 ns	     14273	80002f2c	38d2ad13	slti	x26,x5,909	  x5:0xfffff8f3 x26=0x00000001
     142755.000 ns	     14274	80002f30	00000013	addi	x0,x0,0	  x0:0x00000000
     143115.000 ns	     14310	80002f34	0302f0b3	remu	x1,x5,x16	  x5:0xfffff8f3 x16:0xc483a000  x1=0x3b7c58f3
     143145.000 ns	     14313	80002f38	28e08ad3	fmin.s	f21,f1,f14	  f1:0x00000000 f14:0x4770512c f21=0x00000000
     143175.000 ns	     14316	80002f3c	020499b3	mulh	x19,x9,x0	  x9:0x00000001  x0:0x00000000 x19=0x00000000
     143205.000 ns	     14319	80002f40	e00011d3	fclass.s	x3,f0	  f0:0xc483a000  x3=0x00000002
     143235.000 ns	     14322	80002f44	d010f1d3	fcvt.s.wu	f3,x1	  x1:0x3b7c58f3  f3=0x4e6df163
     143265.000 ns	     14325	80002f48	e0030ad3	fmv.x.w	x21,f6	  f6:0x7fc00000 x21=0x7fc00000
     143295.000 ns	     14328	80002f4c	03bad233	divu	x4,x21,x27	 x21:0x00000000 x27:0x00000000  x4=0xffffffff
     143315.000 ns	     14330	80002f50	756cc893	xori	x17,x25,1878	 x25:0x80040fe4 x17=0x800408b2
     143335.000 ns	     14332	80002f54	d00ffe53	fcvt.s.w	f28,x31	 x31:0xffffffff f28=0xbf800000
     143355.000 ns	     14334	80002f58	48096593	ori	x11,x18,1152	 x18:0xffffffff x11=0xffffffff
     143715.000 ns	     14370	80002f5c	02fc6db3	rem	x27,x24,x15	 x24:0xffffffff x15:0x00000001 x27=0x00000000
     143745.000 ns	     14373	80002f60	215a0f53	fsgnj.s	f30,f20,f21	 f20:0xced7842c f21:0x00000000 f30=0x4ed7842c
     143765.000 ns	     14375	80002f64	40f709b3	sub	x19,x14,x15	 x14:0x00000000 x15:0x00000001 x19=0xffffffff
     143785.000 ns	     14377	80002f68	e00106d3	fmv.x.w	x13,f2	  f2:0x00000000 x13=0x00000000
     143815.000 ns	     14380	80002f6c	d01073d3	fcvt.s.wu	f7,x0	  x0:0x00000000  f7=0x00000000
     143845.000 ns	     14383	80002f70	2195aa53	fsgnjx.s	f20,f11,f25	 f11:0x00000000 f25:0x4770512c f20=0x00000000
     143875.000 ns	     14386	80002f74	20219453	fsgnjn.s	f8,f3,f2	  f3:0x4e6df163  f2:0x00000000  f8=0xce6df163
     143915.000 ns	     14390	80002f78	580e2e53	fsqrt.s	f28,f28	 f28:0xbf800000 f28=0x7fc00000
     143935.000 ns	     14392	80002f7c	9f820993	addi	x19,x4,-1544	  x4:0xffffffff x19=0xfffff9f7
     143955.000 ns	     14394	80002f80	d007f553	fcvt.s.w	f10,x15	 x15:0x00000001 f10=0x3f800000
     143975.000 ns	     14396	80002f84	00fb2a33	slt	x20,x22,x15	 x22:0x00000000 x15:0x00000001 x20=0x00000001
     144335.000 ns	     14432	80002f88	0269d3b3	divu	x7,x19,x6	 x19:0xfffff9f7  x6:0x80041024  x7=0x00000001
     144385.000 ns	     14437	80002f8c	004d7dd3	fadd.s	f27,f26,f4	 f26:0x4ed87241  f4:0x80000000 f27=0x4ed87241
     144415.000 ns	     14440	80002f90	201e0e53	fsgnj.s	f28,f28,f1	 f28:0x7fc00000  f1:0x00000000 f28=0x7fc00000
     144455.000 ns	     14444	80002f94	580ff1d3	fsqrt.s	f3,f31	 f31:0xc483a000  f3=0x7fc00000
     144485.000 ns	     14447	80002f98	03143533	mulhu	x10,x8,x17	  x8:0x80000000 x17:0x800408b2 x10=0x40020459
     144505.000 ns	     14449	80002f9c	00405fb3	srl	x31,x0,x4	  x0:0x00000000  x4:0xffffffff x31=0x00000000
     144525.000 ns	     14451	80002fa0	a0e02bd3	feq.s	x23,f0,f14	  f0:0xc483a000 f14:0x4770512c x23=0x00000000
     144555.000 ns	     14454	80002fa4	d0031753	fcvt.s.w	f14,x6	  x6:0x80041024 f14=0xcefff7df
     144575.000 ns	     14456	80002fa8	41d455b3	sra	x11,x8,x29	  x8:0x80000000 x29:0x00000000 x11=0x80000000
     144595.000 ns	     14458	80002fac	c000fa53	fcvt.w.s	x20,f1	  f1:0x00000000 x20=0x00000000
     144615.000 ns	     14460	80002fb0	01441c33	sll	x24,x8,x20	  x8:0x80000000 x20:0x00000001 x24=0x80000000
     144635.000 ns	     14462	80002fb4	a1c495d3	flt.s	x11,f9,f28	  f9:0x00000000 f28:0x7fc00000 x11=0x00000000
     144665.000 ns	     14465	80002fb8	d00ff6d3	fcvt.s.w	f13,x31	 x31:0x00000000 f13=0x00000000
     144685.000 ns	     14467	80002fbc	c5f24113	xori	x2,x4,-929	  x4:0xffffffff  x2=0x000003a0
     144705.000 ns	     14469	80002fc0	a17d04d3	fle.s	x9,f26,f23	 f26:0x4ed87241 f23:0x80000000  x9=0x00000000
     144725.000 ns	     14471	80002fc4	cc39a413	slti	x8,x19,-829	 x19:0xfffff9f7  x8=0x00000001
     144735.000 ns	     14472	80002fc8	081b0c37	lui	x24,0x81b0	 x24=0x081b0000
     145595.000 ns	     14558	80002fcc	580efa53	fsqrt.s	f20,f29	 f29:0x4f7ffff9 f20=0x4734fdc0
     145635.000 ns	     14562	80002fd0	10a02bd3	fmul.s	f23,f0,f10	  f0:0xc483a000 f10:0x3f800000 f23=0xc483a000
     145655.000 ns	     14564	80002fd4	00a8e8b3	or	x17,x17,x10	 x17:0x800408b2 x10:0x40020459 x17=0xc0060cfb
     145675.000 ns	     14566	80002fd8	29eb9553	fmax.s	f10,f23,f30	 f23:0xc483a000 f30:0x4ed7842c f10=0x4ed7842c
     145695.000 ns	     14568	80002fdc	07b83413	sltiu	x8,x16,123	 x16:0xc483a000  x8=0x00000000
     145705.000 ns	     14569	80002fe0	00a5b5b3	sltu	x11,x11,x10	 x11:0x00000000 x10:0x40020459 x11=0x00000001
     145715.000 ns	     14570	80002fe4	64883113	sltiu	x2,x16,1608	 x16:0xc483a000  x2=0x00000000
     145755.000 ns	     14574	80002fe8	0133f553	fadd.s	f10,f7,f19	  f7:0x00000000 f19:0x00000000 f10=0x00000000
     145795.000 ns	     14578	80002fec	100af9d3	fmul.s	f19,f21,f0	 f21:0x00000000  f0:0xc483a000 f19=0x80000000
     145825.000 ns	     14581	80002ff0	a1a2aed3	feq.s	x29,f5,f26	  f5:0x7fc00000 f26:0x4ed87241 x29=0x00000000
     145855.000 ns	     14584	80002ff4	a0c70ed3	fle.s	x29,f14,f12	 f14:0xcefff7df f12:0x80000000 x29=0x00000001
     145885.000 ns	     14587	80002ff8	d0090b53	fcvt.s.w	f22,x18	 x18:0xffffffff f22=0xbf800000
     145915.000 ns	     14590	80002ffc	c00dfa53	fcvt.w.s	x20,f27	 f27:0x4ed87241 x20=0x6c392080
     145935.000 ns	     14592	80003000	01144633	xor	x12,x8,x17	  x8:0x00000000 x17:0xc0060cfb x12=0xc0060cfb
     145945.000 ns	     14593	80003004	001095b3	sll	x11,x1,x1	  x1:0x3b7c58f3  x1:0x3b7c58f3 x11=0xc7980000
     145965.000 ns	     14595	80003008	d00f9a53	fcvt.s.w	f20,x31	 x31:0x00000000 f20=0x00000000
     145985.000 ns	     14597	8000300c	3113a093	slti	x1,x7,785	  x7:0x00000001  x1=0x00000001
     145995.000 ns	     14598	80003010	018da4b3	slt	x9,x27,x24	 x27:0x00000000 x24:0x081b0000  x9=0x00000001
     146015.000 ns	     14600	80003014	d0097b53	fcvt.s.w	f22,x18	 x18:0xffffffff f22=0xbf800000
     146385.000 ns	     14637	80003018	02f56033	rem	x0,x10,x15	 x10:0x40020459 x15:0x00000001
     146415.000 ns	     14640	8000301c	038b9033	mulh	x0,x23,x24	 x23:0x00000000 x24:0x081b0000
     146435.000 ns	     14642	80003020	41180933	sub	x18,x16,x17	 x16:0xc483a000 x17:0xc0060cfb x18=0x047d9305
     146445.000 ns	     14643	80003024	e75f8f93	addi	x31,x31,-395	 x31:0x00000000 x31=0xfffffe75
     146465.000 ns	     14645	80003028	03708c33	mul	x24,x1,x23	  x1:0x00000001 x23:0x00000000 x24=0x00000000
     146485.000 ns	     14647	8000302c	fad2a393	slti	x7,x5,-83	  x5:0xfffff8f3  x7=0x00000001
     146495.000 ns	     14648	80003030	d0fa4a97	auipc	x21,0xd0fa4	 x21=0x50fa7030
     146515.000 ns	     14650	80003034	a1301953	flt.s	x18,f0,f19	  f0:0xc483a000 f19:0x80000000 x18=0x00000001
     146535.000 ns	     14652	80003038	b16dbd93	sltiu	x27,x27,-1258	 x27:0x00000000 x27=0x00000001
     146545.000 ns	     14653	8000303c	a4c94693	xori	x13,x18,-1460	 x18:0x00000001 x13=0xfffffa4d
     146555.000 ns	     14654	80003040	d1375d97	auipc	x27,0xd1375	 x27=0x51378040
     146565.000 ns	     14655	80003044	0151da13	srli	x20,x3,0x15	  x3:0x00000002 x20=0x00000000
     146585.000 ns	     14657	80003048	292688d3	fmin.s	f17,f13,f18	 f13:0x00000000 f18:0xced7842c f17=0xced7842c
     146615.000 ns	     14660	8000304c	d00b0ed3	fcvt.s.w	f29,x22	 x22:0x00000000 f29=0x00000000
     146635.000 ns	     14662	80003050	00f54eb3	xor	x29,x10,x15	 x10:0x40020459 x15:0x00000001 x29=0x40020458
     146655.000 ns	     14664	80003054	037b8d33	mul	x26,x23,x23	 x23:0x00000000 x23:0x00000000 x26=0x00000000
     146695.000 ns	     14668	80003058	18aabf53	fdiv.s	f30,f21,f10	 f21:0x00000000 f10:0x00000000 f30=0x7fc00000
     146715.000 ns	     14670	8000305c	0052a3b3	slt	x7,x5,x5	  x5:0xfffff8f3  x5:0xfffff8f3  x7=0x00000000
     146735.000 ns	     14672	80003060	21a20a53	fsgnj.s	f20,f4,f26	  f4:0x80000000 f26:0x4ed87241 f20=0x00000000
     146765.000 ns	     14675	80003064	f0018b53	fmv.w.x	f22,x3	  x3:0x00000002 f22=0x00000002
     146795.000 ns	     14678	80003068	02b43d33	mulhu	x26,x8,x11	  x8:0x00000000 x11:0xc7980000 x26=0x00000000
     146815.000 ns	     14680	8000306c	00ce5533	srl	x10,x28,x12	 x28:0xf506f533 x12:0xc0060cfb x10=0x0000001e
     146845.000 ns	     14683	80003070	19897253	fdiv.s	f4,f18,f24	 f18:0xced7842c f24:0xffc00000  f4=0x7fc00000
     146865.000 ns	     14685	80003074	0057fbb3	and	x23,x15,x5	 x15:0x00000001  x5:0xfffff8f3 x23=0x00000001
     146885.000 ns	     14687	80003078	d00a34d3	fcvt.s.w	f9,x20	 x20:0x00000000  f9=0x00000000
     146915.000 ns	     14690	8000307c	02efef33	rem	x30,x31,x14	 x31:0xfffffe75 x14:0x00000000 x30=0xfffffe75
     147285.000 ns	     14727	80003080	0237cbb3	div	x23,x15,x3	 x15:0x00000001  x3:0x00000002 x23=0x00000000
     147335.000 ns	     14732	80003084	00e1f5d3	fadd.s	f11,f3,f14	  f3:0x7fc00000 f14:0xcefff7df f11=0x7fc00000
     147365.000 ns	     14735	80003088	f00b8653	fmv.w.x	f12,x23	 x23:0x00000000 f12=0x00000000
     147395.000 ns	     14738	8000308c	d00a3053	fcvt.s.w	f0,x20	 x20:0x00000000  f0=0x00000000
     147415.000 ns	     14740	80003090	41185133	sra	x2,x16,x17	 x16:0xc483a000 x17:0xc0060cfb  x2=0xfffffff8
     147435.000 ns	     14742	80003094	f00288d3	fmv.w.x	f17,x5	  x5:0xfffff8f3 f17=0xfffff8f3
     147455.000 ns	     14744	80003098	888ced13	ori	x26,x25,-1912	 x25:0x80040fe4 x26=0xffffffec
     147465.000 ns	     14745	8000309c	2cb46d13	ori	x26,x8,715	  x8:0x00000000 x26=0x000002cb
     147475.000 ns	     14746	800030a0	01c69c13	slli	x24,x13,0x1c	 x13:0xfffffa4d x24=0xd0000000
     147485.000 ns	     14747	800030a4	f785f693	andi	x13,x11,-136	 x11:0xc7980000 x13=0xc7980000
     147505.000 ns	     14749	800030a8	a16596d3	flt.s	x13,f11,f22	 f11:0x7fc00000 f22:0x00000002 x13=0x00000000
     147525.000 ns	     14751	800030ac	01769433	sll	x8,x13,x23	 x13:0xfffffa4d x23:0x00000000  x8=0x00000000
     147545.000 ns	     14753	800030b0	e0081fd3	fclass.s	x31,f16	 f16:0xcd280493 x31=0x00000002
     147565.000 ns	     14755	800030b4	01491133	sll	x2,x18,x20	 x18:0x00000001 x20:0x00000000  x2=0x00000001
     147575.000 ns	     14756	800030b8	a4115a37	lui	x20,0xa4115	 x20=0xa4115000
     147595.000 ns	     14758	800030bc	206ba453	fsgnjx.s	f8,f23,f6	 f23:0xc483a000  f6:0x7fc00000  f8=0xc483a000
     147615.000 ns	     14760	800030c0	fd898d13	addi	x26,x19,-40	 x19:0xfffff9f7 x26=0xfffff9cf
     147625.000 ns	     14761	800030c4	01dd1113	slli	x2,x26,0x1d	 x26:0x000002cb  x2=0xe0000000
     147645.000 ns	     14763	800030c8	028158b3	divu	x17,x2,x8	  x2:0x00000001  x8:0x00000000 x17=0xffffffff
     147665.000 ns	     14765	800030cc	01ad11b3	sll	x3,x26,x26	 x26:0xfffff9cf x26:0xfffff9cf  x3=0xfce78000
     147675.000 ns	     14766	800030d0	f3232093	slti	x1,x6,-206	  x6:0x80041024  x1=0x00000001
     147695.000 ns	     14768	800030d4	215e9753	fsgnjn.s	f14,f29,f21	 f29:0x00000000 f21:0x00000000 f14=0x80000000
     147715.000 ns	     14770	800030d8	a5250213	addi	x4,x10,-1454	 x10:0x0000001e  x4=0xfffffa70
     147735.000 ns	     14772	800030dc	f0060c53	fmv.w.x	f24,x12	 x12:0xc0060cfb f24=0xc0060cfb
     147765.000 ns	     14775	800030e0	e00c0fd3	fmv.x.w	x31,f24	 f24:0xffc00000 x31=0xc0060cfb
     147795.000 ns	     14778	800030e4	292c9c53	fmax.s	f24,f25,f18	 f25:0x4770512c f18:0xced7842c f24=0x4770512c
     147815.000 ns	     14780	800030e8	5a722213	slti	x4,x4,1447	  x4:0xfffffa70  x4=0x00000001
     147825.000 ns	     14781	800030ec	a94a4393	xori	x7,x20,-1388	 x20:0xa4115000  x7=0x5beeaa94
     147835.000 ns	     14782	800030f0	277d3397	auipc	x7,0x277d3	  x7=0xa77d60f0
     147845.000 ns	     14783	800030f4	409fd693	srai	x13,x31,0x9	 x31:0xc0060cfb x13=0xffe00306
     147865.000 ns	     14785	800030f8	e00c92d3	fclass.s	x5,f25	 f25:0x4770512c  x5=0x00000040
     147885.000 ns	     14787	800030fc	01e0b533	sltu	x10,x1,x30	  x1:0x00000001 x30:0xfffffe75 x10=0x00000001
     147905.000 ns	     14789	80003100	03342433	mulhsu	x8,x8,x19	  x8:0x00000000 x19:0xfffff9f7  x8=0x00000000
     147925.000 ns	     14791	80003104	01f3d2b3	srl	x5,x7,x31	  x7:0xa77d60f0 x31:0xc0060cfb  x5=0x00000014
     147955.000 ns	     14794	80003108	19f02b53	fdiv.s	f22,f0,f31	  f0:0x00000000 f31:0xc483a000 f22=0x80000000
     147975.000 ns	     14796	8000310c	00f531b3	sltu	x3,x10,x15	 x10:0x00000001 x15:0x00000001  x3=0x00000000
     147985.000 ns	     14797	80003110	e74bc893	xori	x17,x23,-396	 x23:0x00000000 x17=0xfffffe74
     148005.000 ns	     14799	80003114	291090d3	fmax.s	f1,f1,f17	  f1:0x00000000 f17:0xfffff8f3  f1=0x00000000
     148025.000 ns	     14801	80003118	25be7713	andi	x14,x28,603	 x28:0xf506f533 x14=0x00000013
     148385.000 ns	     14837	8000311c	02dcd8b3	divu	x17,x25,x13	 x25:0x80040fe4 x13:0xffe00306 x17=0x00000000
     148405.000 ns	     14839	80003120	2cd43693	sltiu	x13,x8,717	  x8:0x00000000 x13=0x00000001
     148415.000 ns	     14840	80003124	010fe5b3	or	x11,x31,x16	 x31:0xc0060cfb x16:0xc483a000 x11=0xc487acfb
     148425.000 ns	     14841	80003128	00eedf13	srli	x30,x29,0xe	 x29:0x40020458 x30=0x00010008
     148445.000 ns	     14843	8000312c	02511033	mulh	x0,x2,x5	  x2:0xe0000000  x5:0x00000014
     148475.000 ns	     14846	80003130	2193a5d3	fsgnjx.s	f11,f7,f25	  f7:0x00000000 f25:0x4770512c f11=0x00000000
     148505.000 ns	     14849	80003134	e0000453	fmv.x.w	x8,f0	  f0:0x00000000  x8=0x00000000
     148535.000 ns	     14852	80003138	c01505d3	fcvt.wu.s	x11,f10	 f10:0x00000000 x11=0x00000000
     148565.000 ns	     14855	8000313c	0375bab3	mulhu	x21,x11,x23	 x11:0xc487acfb x23:0x00000000 x21=0x00000000
     148595.000 ns	     14858	80003140	c0169153	fcvt.wu.s	x2,f13	 f13:0x00000000  x2=0x00000000
     148625.000 ns	     14861	80003144	d0137953	fcvt.s.wu	f18,x6	  x6:0x80041024 f18=0x4f000410
     148655.000 ns	     14864	80003148	20ada253	fsgnjx.s	f4,f27,f10	 f27:0x4ed87241 f10:0x00000000  f4=0x4ed87241
     148675.000 ns	     14866	8000314c	6ac06d93	ori	x27,x0,1708	  x0:0x00000000 x27=0x000006ac
     148685.000 ns	     14867	80003150	411ed7b3	sra	x15,x29,x17	 x29:0x40020458 x17:0x00000000 x15=0x40020458
     148725.000 ns	     14871	80003154	00619653	fadd.s	f12,f3,f6	  f3:0x7fc00000  f6:0x7fc00000 f12=0x7fc00000
     148745.000 ns	     14873	80003158	007a1993	slli	x19,x20,0x7	 x20:0xa4115000 x19=0x08a80000
     149105.000 ns	     14909	8000315c	03d6ddb3	divu	x27,x13,x29	 x13:0x00000001 x29:0x40020458 x27=0x00000000
     149475.000 ns	     14946	80003160	02cffa33	remu	x20,x31,x12	 x31:0xc0060cfb x12:0xc0060cfb x20=0x00000000
     149495.000 ns	     14948	80003164	01aba133	slt	x2,x23,x26	 x23:0x00000000 x26:0xfffff9cf  x2=0x00000000
     149855.000 ns	     14984	80003168	02474fb3	div	x31,x14,x4	 x14:0x00000013  x4:0x00000001 x31=0x00000013
     149875.000 ns	     14986	8000316c	01982d33	slt	x26,x16,x25	 x16:0xc483a000 x25:0x80040fe4 x26=0x00000000
     149885.000 ns	     14987	80003170	a866c937	lui	x18,0xa866c	 x18=0xa866c000
     149905.000 ns	     14989	80003174	a0bd1c53	flt.s	x24,f26,f11	 f26:0x4ed87241 f11:0x00000000 x24=0x00000000
     149935.000 ns	     14992	80003178	026a86b3	mul	x13,x21,x6	 x21:0x00000000  x6:0x80041024 x13=0x00000000
     149955.000 ns	     14994	8000317c	41c6d013	srai	x0,x13,0x1c	 x13:0x00000001
     149965.000 ns	     14995	80003180	01fdff93	andi	x31,x27,31	 x27:0x00000000 x31=0x00000000
     149975.000 ns	     14996	80003184	00952833	slt	x16,x10,x9	 x10:0x00000001  x9:0x00000001 x16=0x00000000
     149995.000 ns	     14998	80003188	0329b8b3	mulhu	x17,x19,x18	 x19:0x08a80000 x18:0xa866c000 x17=0x05b1b96e
     150025.000 ns	     15001	8000318c	e00602d3	fmv.x.w	x5,f12	 f12:0x7fc00000  x5=0x7fc00000
     150045.000 ns	     15003	80003190	4054d133	sra	x2,x9,x5	  x9:0x00000001  x5:0x00000014  x2=0x00000001
     150065.000 ns	     15005	80003194	c019f6d3	fcvt.wu.s	x13,f19	 f19:0x80000000 x13=0x00000000
     150085.000 ns	     15007	80003198	f21d9437	lui	x8,0xf21d9	  x8=0xf21d9000
     150105.000 ns	     15009	8000319c	a0a593d3	flt.s	x7,f11,f10	 f11:0x00000000 f10:0x00000000  x7=0x00000000
     150125.000 ns	     15011	800031a0	006dadb3	slt	x27,x27,x6	 x27:0x00000000  x6:0x80041024 x27=0x00000000
     150135.000 ns	     15012	800031a4	00306c33	or	x24,x0,x3	  x0:0x00000000  x3:0x00000000 x24=0x00000000
     150145.000 ns	     15013	800031a8	01816433	or	x8,x2,x24	  x2:0x00000001 x24:0x00000000  x8=0x00000001
     150155.000 ns	     15014	800031ac	00a415b3	sll	x11,x8,x10	  x8:0xf21d9000 x10:0x00000001 x11=0x00000002
     150175.000 ns	     15016	800031b0	c00279d3	fcvt.w.s	x19,f4	  f4:0x4ed87241 x19=0x6c392080
     150195.000 ns	     15018	800031b4	31b912b7	lui	x5,0x31b91	  x5=0x31b91000
     150225.000 ns	     15021	800031b8	1920fe53	fdiv.s	f28,f1,f18	  f1:0x00000000 f18:0x4f000410 f28=0x00000000
     150275.000 ns	     15026	800031bc	09297e53	fsub.s	f28,f18,f18	 f18:0x4f000410 f18:0x4f000410 f28=0x80000000
     150295.000 ns	     15028	800031c0	00f41813	slli	x16,x8,0xf	  x8:0x00000001 x16=0x00008000
     150325.000 ns	     15031	800031c4	18088ed3	fdiv.s	f29,f17,f0	 f17:0xfffff8f3  f0:0x00000000 f29=0x7fc00000
     150345.000 ns	     15033	800031c8	410686b3	sub	x13,x13,x16	 x13:0x00000000 x16:0x00000000 x13=0xffff8000
     150365.000 ns	     15035	800031cc	21ea9053	fsgnjn.s	f0,f21,f30	 f21:0x00000000 f30:0x7fc00000  f0=0x80000000
     150395.000 ns	     15038	800031d0	f0040053	fmv.w.x	f0,x8	  x8:0x00000001  f0=0x00000001
     150415.000 ns	     15040	800031d4	40dc05b3	sub	x11,x24,x13	 x24:0x00000000 x13:0xffff8000 x11=0x00008000
     150435.000 ns	     15042	800031d8	a16d9953	flt.s	x18,f27,f22	 f27:0x4ed87241 f22:0x80000000 x18=0x00000000
     150465.000 ns	     15045	800031dc	28029a53	fmax.s	f20,f5,f0	  f5:0x7fc00000  f0:0x00000001 f20=0x00000001
     150495.000 ns	     15048	800031e0	02202233	mulhsu	x4,x0,x2	  x0:0x00000000  x2:0x00000001  x4=0x00000000
     150865.000 ns	     15085	800031e4	02abfa33	remu	x20,x23,x10	 x23:0x00000000 x10:0x00000001 x20=0x00000000
     150895.000 ns	     15088	800031e8	e0048c53	fmv.x.w	x24,f9	  f9:0x00000000 x24=0x00000000
     150925.000 ns	     15091	800031ec	02b32033	mulhsu	x0,x6,x11	  x6:0x80041024 x11:0x00008000
     150955.000 ns	     15094	800031f0	20abac53	fsgnjx.s	f24,f23,f10	 f23:0xc483a000 f10:0x00000000 f24=0xc483a000
     150985.000 ns	     15097	800031f4	02858d33	mul	x26,x11,x8	 x11:0x00008000  x8:0x00000001 x26=0x00008000
     151005.000 ns	     15099	800031f8	07c29117	auipc	x2,0x7c29	  x2=0x87c2c1f8
     151015.000 ns	     15100	800031fc	01c7ceb3	xor	x29,x15,x28	 x15:0x40020458 x28:0xf506f533 x29=0xb504f16b
     151035.000 ns	     15102	80003200	0228bd33	mulhu	x26,x17,x2	 x17:0x05b1b96e  x2:0x00000001 x26=0x03050dc8
     151065.000 ns	     15105	80003204	2156aed3	fsgnjx.s	f29,f13,f21	 f13:0x00000000 f21:0x00000000 f29=0x00000000
     151095.000 ns	     15108	80003208	c00ff553	fcvt.w.s	x10,f31	 f31:0xc483a000 x10=0x0000041d
     151115.000 ns	     15110	8000320c	0130ba33	sltu	x20,x1,x19	  x1:0x00000001 x19:0x6c392080 x20=0x00000001
     151125.000 ns	     15111	80003210	018605b3	add	x11,x12,x24	 x12:0xc0060cfb x24:0x00000000 x11=0xc0060cfb
     152295.000 ns	     15228	80003214	580044d3	fsqrt.s	f9,f0	  f0:0x00000001  f9=0x1f350483
     152325.000 ns	     15231	80003218	d0167d53	fcvt.s.wu	f26,x12	 x12:0xc0060cfb f26=0x4f40060c
     152355.000 ns	     15234	8000321c	d0148753	fcvt.s.wu	f14,x9	  x9:0x00000001 f14=0x3f800000
     152385.000 ns	     15237	80003220	292c90d3	fmax.s	f1,f25,f18	 f25:0x4770512c f18:0x4f000410  f1=0x4f000410
     152755.000 ns	     15274	80003224	03d5d233	divu	x4,x11,x29	 x11:0xc0060cfb x29:0xb504f16b  x4=0x00000001
     152785.000 ns	     15277	80003228	c0103653	fcvt.wu.s	x12,f0	  f0:0x00000001 x12=0x00000000
     152805.000 ns	     15279	8000322c	7ef13a93	sltiu	x21,x2,2031	  x2:0x87c2c1f8 x21=0x00000000
     152835.000 ns	     15282	80003230	11d13bd3	fmul.s	f23,f2,f29	  f2:0x00000000 f29:0x00000000 f23=0x00000000
     152855.000 ns	     15284	80003234	00451f93	slli	x31,x10,0x4	 x10:0x0000041d x31=0x000041d0
     152865.000 ns	     15285	80003238	aba62393	slti	x7,x12,-1350	 x12:0x00000000  x7=0x00000000
     152885.000 ns	     15287	8000323c	298e82d3	fmin.s	f5,f29,f24	 f29:0x00000000 f24:0xc483a000  f5=0xc483a000
     152905.000 ns	     15289	80003240	0184e133	or	x2,x9,x24	  x9:0x00000001 x24:0x00000000  x2=0x00000001
     152915.000 ns	     15290	80003244	14db6593	ori	x11,x22,333	 x22:0x00000000 x11=0x0000014d
     152925.000 ns	     15291	80003248	002ccbb3	xor	x23,x25,x2	 x25:0x80040fe4  x2:0x87c2c1f8 x23=0x80040fe5
     152935.000 ns	     15292	8000324c	00aeec33	or	x24,x29,x10	 x29:0xb504f16b x10:0x0000041d x24=0xb504f57f
     152955.000 ns	     15294	80003250	032e18b3	mulh	x17,x28,x18	 x28:0xf506f533 x18:0x00000000 x17=0x00000000
     152985.000 ns	     15297	80003254	e00a06d3	fmv.x.w	x13,f20	 f20:0x00000001 x13=0x00000001
     153015.000 ns	     15300	80003258	29148253	fmin.s	f4,f9,f17	  f9:0x1f350483 f17:0xfffff8f3  f4=0x1f350483
     153385.000 ns	     15337	8000325c	03e642b3	div	x5,x12,x30	 x12:0x00000000 x30:0x00010008  x5=0x00000000
     153405.000 ns	     15339	80003260	d9723e97	auipc	x29,0xd9723	 x29=0x59726260
     153425.000 ns	     15341	80003264	0202f233	remu	x4,x5,x0	  x5:0x00000000  x0:0x00000000  x4=0x00000000
     153445.000 ns	     15343	80003268	01de6833	or	x16,x28,x29	 x28:0xf506f533 x29:0xb504f16b x16=0xfd76f773
     153465.000 ns	     15345	8000326c	f00f0bd3	fmv.w.x	f23,x30	 x30:0x00010008 f23=0x00010008
     153485.000 ns	     15347	80003270	7e858213	addi	x4,x11,2024	 x11:0x0000014d  x4=0x00000935
     153495.000 ns	     15348	80003274	374f4213	xori	x4,x30,884	 x30:0x00010008  x4=0x0001037c
     153515.000 ns	     15350	80003278	205b9753	fsgnjn.s	f14,f23,f5	 f23:0x00010008  f5:0xc483a000 f14=0x00010008
     153545.000 ns	     15353	8000327c	297b99d3	fmax.s	f19,f23,f23	 f23:0x00010008 f23:0x00010008 f19=0x00010008
     153915.000 ns	     15390	80003280	02ee6eb3	rem	x29,x28,x14	 x28:0xf506f533 x14:0x00000013 x29=0xfffffff2
     153955.000 ns	     15394	80003284	10999d53	fmul.s	f26,f19,f9	 f19:0x00010008  f9:0x1f350483 f26=0x00000000
     153985.000 ns	     15397	80003288	29a307d3	fmin.s	f15,f6,f26	  f6:0x7fc00000 f26:0x4f40060c f15=0x00000000
     154015.000 ns	     15400	8000328c	a15891d3	flt.s	x3,f17,f21	 f17:0xfffff8f3 f21:0x00000000  x3=0x00000000
     154035.000 ns	     15402	80003290	01478233	add	x4,x15,x20	 x15:0x40020458 x20:0x00000001  x4=0x40020459
     154045.000 ns	     15403	80003294	00a9b2b3	sltu	x5,x19,x10	 x19:0x6c392080 x10:0x0000041d  x5=0x00000000
     154055.000 ns	     15404	80003298	00000013	addi	x0,x0,0	  x0:0x00000000
     154065.000 ns	     15405	8000329c	01419413	slli	x8,x3,0x14	  x3:0x00000000  x8=0x00000000
     154085.000 ns	     15407	800032a0	03d718b3	mulh	x17,x14,x29	 x14:0x00000013 x29:0xfffffff2 x17=0xffffffff
     154425.000 ns	     15441	800032a4	1939a2d3	fdiv.s	f5,f19,f19	 f19:0x00010008 f19:0x00010008  f5=0x3bb4ba5b
     154455.000 ns	     15444	800032a8	a04e0553	fle.s	x10,f28,f4	 f28:0x80000000  f4:0x1f350483 x10=0x00000001
     154485.000 ns	     15447	800032ac	020f8733	mul	x14,x31,x0	 x31:0x000041d0  x0:0x00000000 x14=0x00000000
     154855.000 ns	     15484	800032b0	0306cd33	div	x26,x13,x16	 x13:0x00000001 x16:0xfd76f773 x26=0x00000000
     154885.000 ns	     15487	800032b4	02b920b3	mulhsu	x1,x18,x11	 x18:0x00000000 x11:0x0000014d  x1=0x00000000
     155255.000 ns	     15524	800032b8	02b4f7b3	remu	x15,x9,x11	  x9:0x00000001 x11:0x0000014d x15=0x00000001
     155275.000 ns	     15526	800032bc	014eceb3	xor	x29,x29,x20	 x29:0xfffffff2 x20:0x00000001 x29=0xfffffff3
     155635.000 ns	     15562	800032c0	02a4edb3	rem	x27,x9,x10	  x9:0x00000001 x10:0x00000001 x27=0x00000000
     155665.000 ns	     15565	800032c4	f00988d3	fmv.w.x	f17,x19	 x19:0x6c392080 f17=0x6c392080
     155705.000 ns	     15569	800032c8	5805fe53	fsqrt.s	f28,f11	 f11:0x00000000 f28=0x00000000
     155735.000 ns	     15572	800032cc	20761e53	fsgnjn.s	f28,f12,f7	 f12:0x7fc00000  f7:0x00000000 f28=0xffc00000
     155755.000 ns	     15574	800032d0	076e7413	andi	x8,x28,118	 x28:0xf506f533  x8=0x00000032
     155775.000 ns	     15576	800032d4	21ff1b53	fsgnjn.s	f22,f30,f31	 f30:0x7fc00000 f31:0xc483a000 f22=0x7fc00000
     156145.000 ns	     15613	800032d8	03825033	divu	x0,x4,x24	  x4:0x40020459 x24:0xb504f57f
     156175.000 ns	     15616	800032dc	c01c72d3	fcvt.wu.s	x5,f24	 f24:0xc483a000  x5=0x0000041d
     156205.000 ns	     15619	800032e0	e00000d3	fmv.x.w	x1,f0	  f0:0x00000001  x1=0x00000001
     156225.000 ns	     15621	800032e4	51ad4937	lui	x18,0x51ad4	 x18=0x51ad4000
     156235.000 ns	     15622	800032e8	00000013	addi	x0,x0,0	  x0:0x00000000
     156245.000 ns	     15623	800032ec	35960d93	addi	x27,x12,857	 x12:0x00000000 x27=0x00000359
     156285.000 ns	     15627	800032f0	00e6fad3	fadd.s	f21,f13,f14	 f13:0x00000000 f14:0x00010008 f21=0x00010008
     156305.000 ns	     15629	800032f4	002403b3	add	x7,x8,x2	  x8:0x00000032  x2:0x00000001  x7=0x00000033
     156345.000 ns	     15633	800032f8	00eff753	fadd.s	f14,f31,f14	 f31:0xc483a000 f14:0x00010008 f14=0xc483a000
     156365.000 ns	     15635	800032fc	03a55797	auipc	x15,0x3a55	 x15=0x83a582fc
     156395.000 ns	     15638	80003300	10e97153	fmul.s	f2,f18,f14	 f18:0x4f000410 f14:0xc483a000  f2=0xd403a42e
     156415.000 ns	     15640	80003304	9e059597	auipc	x11,0x9e059	 x11=0x1e05c304
     156435.000 ns	     15642	80003308	c006add3	fcvt.w.s	x27,f13	 f13:0x00000000 x27=0x00000000
     156805.000 ns	     15679	8000330c	022c4533	div	x10,x24,x2	 x24:0xb504f57f  x2:0x00000001 x10=0xb504f57f
     156825.000 ns	     15681	80003310	01ae9e93	slli	x29,x29,0x1a	 x29:0xfffffff3 x29=0xcc000000
     156865.000 ns	     15685	80003314	08a8f7d3	fsub.s	f15,f17,f10	 f17:0x6c392080 f10:0x00000000 f15=0x6c392080
     156895.000 ns	     15688	80003318	a1b99853	flt.s	x16,f19,f27	 f19:0x00010008 f27:0x4ed87241 x16=0x00000001
     156925.000 ns	     15691	8000331c	c01a2153	fcvt.wu.s	x2,f20	 f20:0x00000001  x2=0x00000000
     156975.000 ns	     15696	80003320	09092b53	fsub.s	f22,f18,f16	 f18:0x4f000410 f16:0xcd280493 f22=0x4f0a8459
     157005.000 ns	     15699	80003324	c00afc53	fcvt.w.s	x24,f21	 f21:0x00010008 x24=0x00000000
     157035.000 ns	     15702	80003328	a0db2553	feq.s	x10,f22,f13	 f22:0x4f0a8459 f13:0x00000000 x10=0x00000000
     157055.000 ns	     15704	8000332c	c99ac393	xori	x7,x21,-871	 x21:0x00000000  x7=0xfffffc99
     157075.000 ns	     15706	80003330	e0088653	fmv.x.w	x12,f17	 f17:0x6c392080 x12=0x6c392080
     157105.000 ns	     15709	80003334	f00701d3	fmv.w.x	f3,x14	 x14:0x00000000  f3=0x00000000
     157475.000 ns	     15746	80003338	0306f1b3	remu	x3,x13,x16	 x13:0x00000001 x16:0x00000001  x3=0x00000000
     157495.000 ns	     15748	8000333c	0727bbb7	lui	x23,0x727b	 x23=0x0727b000
     157505.000 ns	     15749	80003340	c8bcbf17	auipc	x30,0xc8bcb	 x30=0x48bce340
     157515.000 ns	     15750	80003344	4093ed93	ori	x27,x7,1033	  x7:0xfffffc99 x27=0xfffffc99
     157535.000 ns	     15752	80003348	03fe22b3	mulhsu	x5,x28,x31	 x28:0xf506f533 x31:0x000041d0  x5=0xfffffd2d
     157575.000 ns	     15756	8000334c	114cf253	fmul.s	f4,f25,f20	 f25:0x4770512c f20:0x00000001  f4=0x0000f052
     157605.000 ns	     15759	80003350	c0037ad3	fcvt.w.s	x21,f6	  f6:0x7fc00000 x21=0x7fffffff
     157635.000 ns	     15762	80003354	c01a2953	fcvt.wu.s	x18,f20	 f20:0x00000001 x18=0x00000000
     157665.000 ns	     15765	80003358	282891d3	fmax.s	f3,f17,f2	 f17:0x6c392080  f2:0xd403a42e  f3=0x6c392080
     157685.000 ns	     15767	8000335c	eb04e093	ori	x1,x9,-336	  x9:0x00000001  x1=0xfffffeb1
     157705.000 ns	     15769	80003360	29118953	fmin.s	f18,f3,f17	  f3:0x6c392080 f17:0x6c392080 f18=0x6c392080
     157725.000 ns	     15771	80003364	01945233	srl	x4,x8,x25	  x8:0x00000032 x25:0x80040fe4  x4=0x00000003
     157735.000 ns	     15772	80003368	ef640813	addi	x16,x8,-266	  x8:0x00000032 x16=0xffffff28
     157755.000 ns	     15774	8000336c	202c96d3	fsgnjn.s	f13,f25,f2	 f25:0x4770512c  f2:0xd403a42e f13=0x4770512c
     157785.000 ns	     15777	80003370	d0127953	fcvt.s.wu	f18,x4	  x4:0x00000003 f18=0x40400000
     157815.000 ns	     15780	80003374	29008353	fmin.s	f6,f1,f16	  f1:0x4f000410 f16:0xcd280493  f6=0xcd280493
     157845.000 ns	     15783	80003378	d0101ed3	fcvt.s.wu	f29,x0	  x0:0x00000000 f29=0x00000000
     157865.000 ns	     15785	8000337c	01e394b3	sll	x9,x7,x30	  x7:0xfffffc99 x30:0x48bce340  x9=0xfffffc99
     157885.000 ns	     15787	80003380	0383d933	divu	x18,x7,x24	  x7:0xfffffc99 x24:0x00000000 x18=0xffffffff
     157925.000 ns	     15791	80003384	1128f653	fmul.s	f12,f17,f18	 f17:0x6c392080 f18:0x40400000 f12=0x6d0ad860
     157955.000 ns	     15794	80003388	02a47eb3	remu	x29,x8,x10	  x8:0x00000032 x10:0x00000000 x29=0x00000032
     158005.000 ns	     15799	8000338c	09019b53	fsub.s	f22,f3,f16	  f3:0x6c392080 f16:0xcd280493 f22=0x6c392080
     158035.000 ns	     15802	80003390	d01f7dd3	fcvt.s.wu	f27,x30	 x30:0x48bce340 f27=0x4e9179c6
     158055.000 ns	     15804	80003394	bc8bc293	xori	x5,x23,-1080	 x23:0x0727b000  x5=0xf8d84bc8
     158075.000 ns	     15806	80003398	0283a2b3	mulhsu	x5,x7,x8	  x7:0xfffffc99  x8:0x00000032  x5=0xffffffff
     158095.000 ns	     15808	8000339c	ec0fcd13	xori	x26,x31,-320	 x31:0x000041d0 x26=0xffffbf10
     158105.000 ns	     15809	800033a0	000a84b3	add	x9,x21,x0	 x21:0x7fffffff  x0:0x00000000  x9=0x7fffffff
     158125.000 ns	     15811	800033a4	e00412d3	fclass.s	x5,f8	  f8:0xc483a000  x5=0x00000002
     158165.000 ns	     15815	800033a8	116b3cd3	fmul.s	f25,f22,f22	 f22:0x6c392080 f22:0x6c392080 f25=0x7f800000
     158185.000 ns	     15817	800033ac	8e35b517	auipc	x10,0x8e35b	 x10=0x0e35e3ac
     158545.000 ns	     15853	800033b0	030e60b3	rem	x1,x28,x16	 x28:0xf506f533 x16:0xffffff28  x1=0xffffffd3
     158575.000 ns	     15856	800033b4	28220b53	fmin.s	f22,f4,f2	  f4:0x0000f052  f2:0xd403a42e f22=0xd403a42e
     158605.000 ns	     15859	800033b8	d00affd3	fcvt.s.w	f31,x21	 x21:0x7fffffff f31=0x4effffff
     158635.000 ns	     15862	800033bc	a02aa2d3	feq.s	x5,f21,f2	 f21:0x00010008  f2:0xd403a42e  x5=0x00000000
     158655.000 ns	     15864	800033c0	00000013	addi	x0,x0,0	  x0:0x00000000
     158665.000 ns	     15865	800033c4	a3c27193	andi	x3,x4,-1476	  x4:0x00000003  x3=0x00000000
     158675.000 ns	     15866	800033c8	00352a33	slt	x20,x10,x3	 x10:0x0e35e3ac  x3:0x00000000 x20=0x00000000
     158695.000 ns	     15868	800033cc	c000fed3	fcvt.w.s	x29,f1	  f1:0x4f000410 x29=0x7fffffff
     158715.000 ns	     15870	800033d0	01ba5733	srl	x14,x20,x27	 x20:0x00000001 x27:0xfffffc99 x14=0x00000000
     158735.000 ns	     15872	800033d4	021320b3	mulhsu	x1,x6,x1	  x6:0x80041024  x1:0xffffffd3  x1=0x8004103a
     158755.000 ns	     15874	800033d8	5403fa13	andi	x20,x7,1344	  x7:0xfffffc99 x20=0x00000400
     158765.000 ns	     15875	800033dc	00f75833	srl	x16,x14,x15	 x14:0x00000000 x15:0x83a582fc x16=0x00000000
     158775.000 ns	     15876	800033e0	41455bb3	sra	x23,x10,x20	 x10:0x0e35e3ac x20:0x00000000 x23=0x0e35e3ac
     158785.000 ns	     15877	800033e4	00000013	addi	x0,x0,0	  x0:0x00000000
     158805.000 ns	     15879	800033e8	f00301d3	fmv.w.x	f3,x6	  x6:0x80041024  f3=0x80041024
     158835.000 ns	     15882	800033ec	29158f53	fmin.s	f30,f11,f17	 f11:0x00000000 f17:0x6c392080 f30=0x00000000
     158865.000 ns	     15885	800033f0	20d585d3	fsgnj.s	f11,f11,f13	 f11:0x00000000 f13:0x4770512c f11=0x00000000
     158885.000 ns	     15887	800033f4	391ea813	slti	x16,x29,913	 x29:0x7fffffff x16=0x00000000
     158905.000 ns	     15889	800033f8	a13f1553	flt.s	x10,f30,f19	 f30:0x00000000 f19:0x00010008 x10=0x00000001
     158925.000 ns	     15891	800033fc	01e4d9b3	srl	x19,x9,x30	  x9:0x7fffffff x30:0x48bce340 x19=0x7fffffff
     158945.000 ns	     15893	80003400	a0701ad3	flt.s	x21,f0,f7	  f0:0x00000001  f7:0x00000000 x21=0x00000000
     158975.000 ns	     15896	80003404	03892633	mulhsu	x12,x18,x24	 x18:0xffffffff x24:0x00000000 x12=0x00000000
     159005.000 ns	     15899	80003408	d01dbe53	fcvt.s.wu	f28,x27	 x27:0xfffffc99 f28=0x4f7ffffd
     159375.000 ns	     15936	8000340c	021a4fb3	div	x31,x20,x1	 x20:0x00000400  x1:0x8004103a x31=0x00000000
     159405.000 ns	     15939	80003410	208224d3	fsgnjx.s	f9,f4,f8	  f4:0x0000f052  f8:0xc483a000  f9=0x8000f052
     159425.000 ns	     15941	80003414	008321b3	slt	x3,x6,x8	  x6:0x80041024  x8:0x00000032  x3=0x00000001
     159435.000 ns	     15942	80003418	00597133	and	x2,x18,x5	 x18:0xffffffff  x5:0x00000000  x2=0x00000000
     159455.000 ns	     15944	8000341c	e0028d53	fmv.x.w	x26,f5	  f5:0x3bb4ba5b x26=0x3bb4ba5b
     159475.000 ns	     15946	80003420	00bd5b93	srli	x23,x26,0xb	 x26:0xffffbf10 x23=0x00077697
     159495.000 ns	     15948	80003424	c0169b53	fcvt.wu.s	x22,f13	 f13:0x4770512c x22=0x0000f051
     159525.000 ns	     15951	80003428	03ecad33	mulhsu	x26,x25,x30	 x25:0x80040fe4 x30:0x48bce340 x26=0xdba2b5d7
     159545.000 ns	     15953	8000342c	09c86917	auipc	x18,0x9c86	 x18=0x89c8942c
     159555.000 ns	     15954	80003430	01b5df13	srli	x30,x11,0x1b	 x11:0x1e05c304 x30=0x00000003
     159575.000 ns	     15956	80003434	29430bd3	fmin.s	f23,f6,f20	  f6:0xcd280493 f20:0x00000001 f23=0xcd280493
     159605.000 ns	     15959	80003438	c009ff53	fcvt.w.s	x30,f19	 f19:0x00010008 x30=0x00000000
     159635.000 ns	     15962	8000343c	d0040a53	fcvt.s.w	f20,x8	  x8:0x00000032 f20=0x42480000
     159665.000 ns	     15965	80003440	e0019153	fclass.s	x2,f3	  f3:0x80041024  x2=0x00000004
     159695.000 ns	     15968	80003444	297819d3	fmax.s	f19,f16,f23	 f16:0xcd280493 f23:0xcd280493 f19=0xcd280493
     159715.000 ns	     15970	80003448	01608a33	add	x20,x1,x22	  x1:0x8004103a x22:0x0000f051 x20=0x8005008b
     159725.000 ns	     15971	8000344c	0104d793	srli	x15,x9,0x10	  x9:0x7fffffff x15=0x00007fff
     159755.000 ns	     15974	80003450	189d76d3	fdiv.s	f13,f26,f9	 f26:0x00000000  f9:0x8000f052 f13=0x80000000
     159785.000 ns	     15977	80003454	29511953	fmax.s	f18,f2,f21	  f2:0xd403a42e f21:0x00010008 f18=0x00010008
     159815.000 ns	     15980	80003458	c01310d3	fcvt.wu.s	x1,f6	  f6:0xcd280493  x1=0x0a804930
     159845.000 ns	     15983	8000345c	a0a983d3	fle.s	x7,f19,f10	 f19:0xcd280493 f10:0x00000000  x7=0x00000001
     159875.000 ns	     15986	80003460	f00287d3	fmv.w.x	f15,x5	  x5:0x00000000 f15=0x00000000
     159895.000 ns	     15988	80003464	01b49b93	slli	x23,x9,0x1b	  x9:0x7fffffff x23=0xf8000000
     159915.000 ns	     15990	80003468	0220aeb3	mulhsu	x29,x1,x2	  x1:0x0a804930  x2:0x00000004 x29=0x00000000
     159935.000 ns	     15992	8000346c	019208b3	add	x17,x4,x25	  x4:0x00000003 x25:0x80040fe4 x17=0x80040fe7
     159955.000 ns	     15994	80003470	c0178c53	fcvt.wu.s	x24,f15	 f15:0x00000000 x24=0x00000000
     160325.000 ns	     16031	80003474	02f8d0b3	divu	x1,x17,x15	 x17:0xffffffff x15:0x00007fff  x1=0x0001000a
     160375.000 ns	     16036	80003478	09574453	fsub.s	f8,f14,f21	 f14:0xc483a000 f21:0x00010008  f8=0xc483a000
     160425.000 ns	     16041	8000347c	0862f753	fsub.s	f14,f5,f6	  f5:0x3bb4ba5b  f6:0xcd280493 f14=0x4d280493
     160455.000 ns	     16044	80003480	28b89ed3	fmax.s	f29,f17,f11	 f17:0x6c392080 f11:0x00000000 f29=0x6c392080
     160485.000 ns	     16047	80003484	03c63133	mulhu	x2,x12,x28	 x12:0x00000000 x28:0xf506f533  x2=0x00000000
     160515.000 ns	     16050	80003488	e00089d3	fmv.x.w	x19,f1	  f1:0x4f000410 x19=0x4f000410
     160535.000 ns	     16052	8000348c	0147d593	srli	x11,x15,0x14	 x15:0x00007fff x11=0x00000000
     160545.000 ns	     16053	80003490	b39b7a13	andi	x20,x22,-1223	 x22:0x0000f051 x20=0x0000f011
     160555.000 ns	     16054	80003494	bfa90193	addi	x3,x18,-1030	 x18:0x89c8942c  x3=0x89c89026
     160575.000 ns	     16056	80003498	d0140153	fcvt.s.wu	f2,x8	  x8:0x00000032  f2=0x42480000
     160595.000 ns	     16058	8000349c	017e5d13	srli	x26,x28,0x17	 x28:0xf506f533 x26=0x000001ea
     160615.000 ns	     16060	800034a0	023f0ab3	mul	x21,x30,x3	 x30:0x00000000  x3:0x89c89026 x21=0x00000000
     160645.000 ns	     16063	800034a4	214ba753	fsgnjx.s	f14,f23,f20	 f23:0xcd280493 f20:0x42480000 f14=0xcd280493
     160665.000 ns	     16065	800034a8	00abbc33	sltu	x24,x23,x10	 x23:0xf8000000 x10:0x00000001 x24=0x00000000
     160685.000 ns	     16067	800034ac	e00e8c53	fmv.x.w	x24,f29	 f29:0x6c392080 x24=0x6c392080
     160705.000 ns	     16069	800034b0	00f71733	sll	x14,x14,x15	 x14:0x00000000 x15:0x00007fff x14=0x00000000
     160725.000 ns	     16071	800034b4	213398d3	fsgnjn.s	f17,f7,f19	  f7:0x00000000 f19:0xcd280493 f17=0x00000000
     160745.000 ns	     16073	800034b8	019113b3	sll	x7,x2,x25	  x2:0x00000000 x25:0x80040fe4  x7=0x00000000
     160755.000 ns	     16074	800034bc	0024b0b3	sltu	x1,x9,x2	  x9:0x7fffffff  x2:0x00000000  x1=0x00000000
     160765.000 ns	     16075	800034c0	005a1113	slli	x2,x20,0x5	 x20:0x0000f011  x2=0x001e0220
     160775.000 ns	     16076	800034c4	27973113	sltiu	x2,x14,633	 x14:0x00000000  x2=0x00000001
     160795.000 ns	     16078	800034c8	f0008ed3	fmv.w.x	f29,x1	  x1:0x00000000 f29=0x00000000
     160825.000 ns	     16081	800034cc	28c99553	fmax.s	f10,f19,f12	 f19:0xcd280493 f12:0x6d0ad860 f10=0x6d0ad860
     160855.000 ns	     16084	800034d0	03de6b33	rem	x22,x28,x29	 x28:0xf506f533 x29:0x00000000 x22=0xf506f533
     160875.000 ns	     16086	800034d4	8d3a6093	ori	x1,x20,-1837	 x20:0x0000f011  x1=0xfffff8d3
     160885.000 ns	     16087	800034d8	01e4dfb3	srl	x31,x9,x30	  x9:0x7fffffff x30:0x00000000 x31=0x7fffffff
     161245.000 ns	     16123	800034dc	03b847b3	div	x15,x16,x27	 x16:0x00000000 x27:0xfffffc99 x15=0x00000000
     161275.000 ns	     16126	800034e0	a0cdabd3	feq.s	x23,f27,f12	 f27:0x4e9179c6 f12:0x6d0ad860 x23=0x00000000
     161645.000 ns	     16163	800034e4	02936b33	rem	x22,x6,x9	  x6:0x80041024  x9:0x7fffffff x22=0x80041024
     161665.000 ns	     16165	800034e8	582bbc13	sltiu	x24,x23,1410	 x23:0x00000000 x24=0x00000001
     161675.000 ns	     16166	800034ec	1dda6b13	ori	x22,x20,477	 x20:0x0000f011 x22=0x0000f1dd
     161695.000 ns	     16168	800034f0	a02d16d3	flt.s	x13,f26,f2	 f26:0x00000000  f2:0x42480000 x13=0x00000001
     162065.000 ns	     16205	800034f4	034968b3	rem	x17,x18,x20	 x18:0x89c8942c x20:0x0000f011 x17=0xfffff33c
     162095.000 ns	     16208	800034f8	d0107d53	fcvt.s.wu	f26,x0	  x0:0x00000000 f26=0x00000000
     162125.000 ns	     16211	800034fc	028200b3	mul	x1,x4,x8	  x4:0x00000003  x8:0x00000032  x1=0x00000096
     163305.000 ns	     16329	80003500	580035d3	fsqrt.s	f11,f0	  f0:0x00000001 f11=0x1f350483
     163335.000 ns	     16332	80003504	c00472d3	fcvt.w.s	x5,f8	  f8:0xc483a000  x5=0x0000041d
     163705.000 ns	     16369	80003508	02a0d5b3	divu	x11,x1,x10	  x1:0x00000096 x10:0x00000001 x11=0x00000096
     163725.000 ns	     16371	8000350c	37084c13	xori	x24,x16,880	 x16:0x00000000 x24=0x00000370
     163745.000 ns	     16373	80003510	d01ef3d3	fcvt.s.wu	f7,x29	 x29:0x00000000  f7=0x00000000
     163765.000 ns	     16375	80003514	01655293	srli	x5,x10,0x16	 x10:0x00000001  x5=0x00000000
     163775.000 ns	     16376	80003518	c6e6e113	ori	x2,x13,-914	 x13:0x00000001  x2=0xfffffc6f
     163785.000 ns	     16377	8000351c	01174f33	xor	x30,x14,x17	 x14:0x00000000 x17:0xfffff33c x30=0xfffff33c
     163795.000 ns	     16378	80003520	0116f4b3	and	x9,x13,x17	 x13:0x00000001 x17:0xfffff33c  x9=0x00000000
     163805.000 ns	     16379	80003524	ffa82793	slti	x15,x16,-6	 x16:0x00000000 x15=0x00000000
     164165.000 ns	     16415	80003528	024ddeb3	divu	x29,x27,x4	 x27:0xfffffc99  x4:0x00000003 x29=0x55555433
     164205.000 ns	     16419	8000352c	58073753	fsqrt.s	f14,f14	 f14:0xcd280493 f14=0x7fc00000
     164235.000 ns	     16422	80003530	28438353	fmin.s	f6,f7,f4	  f7:0x00000000  f4:0x0000f052  f6=0x00000000
     164255.000 ns	     16424	80003534	010e25b3	slt	x11,x28,x16	 x28:0xf506f533 x16:0x00000000 x11=0x00000001
     164265.000 ns	     16425	80003538	00feeab3	or	x21,x29,x15	 x29:0x55555433 x15:0x00000000 x21=0x55555433
     164275.000 ns	     16426	8000353c	41c65b13	srai	x22,x12,0x1c	 x12:0x00000000 x22=0x00000000
     164285.000 ns	     16427	80003540	40cfd3b3	sra	x7,x31,x12	 x31:0x7fffffff x12:0x00000000  x7=0x7fffffff
     164295.000 ns	     16428	80003544	fbab6513	ori	x10,x22,-70	 x22:0x0000f1dd x10=0xffffffba
     164315.000 ns	     16430	80003548	a1d42fd3	feq.s	x31,f8,f29	  f8:0xc483a000 f29:0x00000000 x31=0x00000000
     164335.000 ns	     16432	8000354c	50e02a13	slti	x20,x0,1294	  x0:0x00000000 x20=0x00000001
     164345.000 ns	     16433	80003550	00d3f3b3	and	x7,x7,x13	  x7:0x7fffffff x13:0x00000001  x7=0x00000001
     164355.000 ns	     16434	80003554	00000013	addi	x0,x0,0	  x0:0x00000000
     164395.000 ns	     16438	80003558	018a0f53	fadd.s	f30,f20,f24	 f20:0x42480000 f24:0xc483a000 f30=0xc47ac000
     164445.000 ns	     16443	8000355c	01080f53	fadd.s	f30,f16,f16	 f16:0xcd280493 f16:0xcd280493 f30=0xcda80493
     164485.000 ns	     16447	80003560	19de20d3	fdiv.s	f1,f28,f29	 f28:0x4f7ffffd f29:0x00000000  f1=0x7f800000
     164855.000 ns	     16484	80003564	022a69b3	rem	x19,x20,x2	 x20:0x00000001  x2:0xfffffc6f x19=0x00000001
     164885.000 ns	     16487	80003568	c00eff53	fcvt.w.s	x30,f29	 f29:0x00000000 x30=0x00000000
     164915.000 ns	     16490	8000356c	a1eb2553	feq.s	x10,f22,f30	 f22:0xd403a42e f30:0xcda80493 x10=0x00000000
     164935.000 ns	     16492	80003570	008dcbb3	xor	x23,x27,x8	 x27:0xfffffc99  x8:0x00000032 x23=0xfffffcab
     164955.000 ns	     16494	80003574	a1df8b53	fle.s	x22,f31,f29	 f31:0x4effffff f29:0x00000000 x22=0x00000000
     164985.000 ns	     16497	80003578	e00414d3	fclass.s	x9,f8	  f8:0xc483a000  x9=0x00000002
     165015.000 ns	     16500	8000357c	29ff93d3	fmax.s	f7,f31,f31	 f31:0x4effffff f31:0x4effffff  f7=0x4effffff
     165035.000 ns	     16502	80003580	010d75b3	and	x11,x26,x16	 x26:0x000001ea x16:0x00000000 x11=0x00000000
     165045.000 ns	     16503	80003584	972fe213	ori	x4,x31,-1678	 x31:0x00000000  x4=0xfffff972
     165055.000 ns	     16504	80003588	a12fa193	slti	x3,x31,-1518	 x31:0x00000000  x3=0x00000000
     165075.000 ns	     16506	8000358c	d01c70d3	fcvt.s.wu	f1,x24	 x24:0x00000370  f1=0x445c0000
     165105.000 ns	     16509	80003590	201a8cd3	fsgnj.s	f25,f21,f1	 f21:0x00010008  f1:0x7f800000 f25=0x00010008
     165475.000 ns	     16546	80003594	032b4633	div	x12,x22,x18	 x22:0x00000000 x18:0x89c8942c x12=0x00000000
     165505.000 ns	     16549	80003598	d01e49d3	fcvt.s.wu	f19,x28	 x28:0xf506f533 f19=0x4f7506f5
     165535.000 ns	     16552	8000359c	03d209b3	mul	x19,x4,x29	  x4:0xfffff972 x29:0x55555433 x19=0xaab219b6
     165555.000 ns	     16554	800035a0	0dc84a13	xori	x20,x16,220	 x16:0x00000000 x20=0x000000dc
     165565.000 ns	     16555	800035a4	01715eb3	srl	x29,x2,x23	  x2:0xfffffc6f x23:0xfffffcab x29=0x001fffff
     165575.000 ns	     16556	800035a8	cf684213	xori	x4,x16,-778	 x16:0x00000000  x4=0xfffffcf6
     165585.000 ns	     16557	800035ac	4046d6b3	sra	x13,x13,x4	 x13:0x00000001  x4:0xfffff972 x13=0x00000000
     165605.000 ns	     16559	800035b0	a0669dd3	flt.s	x27,f13,f6	 f13:0x80000000  f6:0x00000000 x27=0x00000000
     165635.000 ns	     16562	800035b4	d017fa53	fcvt.s.wu	f20,x15	 x15:0x00000000 f20=0x00000000
     165655.000 ns	     16564	800035b8	41cf89b3	sub	x19,x31,x28	 x31:0x00000000 x28:0xf506f533 x19=0x0af90acd
     165675.000 ns	     16566	800035bc	037c0833	mul	x16,x24,x23	 x24:0x00000370 x23:0xfffffcab x16=0xfff48bd0
     165695.000 ns	     16568	800035c0	013f1533	sll	x10,x30,x19	 x30:0x00000000 x19:0xaab219b6 x10=0x00000000
     165725.000 ns	     16571	800035c4	11f736d3	fmul.s	f13,f14,f31	 f14:0x7fc00000 f31:0x4effffff f13=0x7fc00000
     166095.000 ns	     16608	800035c8	03ac7a33	remu	x20,x24,x26	 x24:0x00000370 x26:0x000001ea x20=0x00000186
     166115.000 ns	     16610	800035cc	4183d7b3	sra	x15,x7,x24	  x7:0x00000001 x24:0x00000370 x15=0x00000000
     166135.000 ns	     16612	800035d0	d018a7d3	fcvt.s.wu	f15,x17	 x17:0xfffff33c f15=0x4f7ffff4
     166165.000 ns	     16615	800035d4	d006fcd3	fcvt.s.w	f25,x13	 x13:0x00000000 f25=0x00000000
     166185.000 ns	     16617	800035d8	018f80b3	add	x1,x31,x24	 x31:0x00000000 x24:0x00000370  x1=0x00000370
     166195.000 ns	     16618	800035dc	00183ab3	sltu	x21,x16,x1	 x16:0xfff48bd0  x1:0x00000096 x21=0x00000000
     166525.000 ns	     16651	800035e0	1885bc53	fdiv.s	f24,f11,f8	 f11:0x1f350483  f8:0xc483a000 f24=0x9a2db0ee
     166545.000 ns	     16653	800035e4	f5f7e637	lui	x12,0xf5f7e	 x12=0xf5f7e000
     166905.000 ns	     16689	800035e8	02794bb3	div	x23,x18,x7	 x18:0x89c8942c  x7:0x00000001 x23=0x89c8942c
     166935.000 ns	     16692	800035ec	e00c05d3	fmv.x.w	x11,f24	 f24:0x9a2db0ee x11=0x9a2db0ee
     166955.000 ns	     16694	800035f0	01cdd093	srli	x1,x27,0x1c	 x27:0x00000000  x1=0x00000000
     166985.000 ns	     16697	800035f4	19492fd3	fdiv.s	f31,f18,f20	 f18:0x00010008 f20:0x00000000 f31=0x7f800000
     167325.000 ns	     16731	800035f8	196b39d3	fdiv.s	f19,f22,f22	 f22:0xd403a42e f22:0xd403a42e f19=0x3f03a42e
     167345.000 ns	     16733	800035fc	95088193	addi	x3,x17,-1712	 x17:0xfffff33c  x3=0xffffec8c
     167365.000 ns	     16735	80003600	02633bb3	mulhu	x23,x6,x6	  x6:0x80041024  x6:0x80041024 x23=0x40041034
     167385.000 ns	     16737	80003604	00d9dbb3	srl	x23,x19,x13	 x19:0x0af90acd x13:0x00000000 x23=0x0af90acd
     167395.000 ns	     16738	80003608	00ec8733	add	x14,x25,x14	 x25:0x80040fe4 x14:0x00000000 x14=0x80040fe4
     167405.000 ns	     16739	8000360c	40865433	sra	x8,x12,x8	 x12:0xf5f7e000  x8:0x00000032  x8=0xfffffd7d
     167435.000 ns	     16742	80003610	1122b753	fmul.s	f14,f5,f18	  f5:0x3bb4ba5b f18:0x00010008 f14=0x0000016a
     167485.000 ns	     16747	80003614	017e7c53	fadd.s	f24,f28,f23	 f28:0x4f7ffffd f23:0xcd280493 f24=0x4f757fb3
     167515.000 ns	     16750	80003618	e00e80d3	fmv.x.w	x1,f29	 f29:0x00000000  x1=0x00000000
     167535.000 ns	     16752	8000361c	407c0233	sub	x4,x24,x7	 x24:0x00000370  x7:0x00000001  x4=0x0000036f
     167555.000 ns	     16754	80003620	037eb6b3	mulhu	x13,x29,x23	 x29:0x001fffff x23:0x0af90acd x13=0x00015f21
     167925.000 ns	     16791	80003624	03ad6eb3	rem	x29,x26,x26	 x26:0x000001ea x26:0x000001ea x29=0x00000000
     167945.000 ns	     16793	80003628	00432133	slt	x2,x6,x4	  x6:0x80041024  x4:0x0000036f  x2=0x00000001
     168305.000 ns	     16829	8000362c	02c44833	div	x16,x8,x12	  x8:0xfffffd7d x12:0xf5f7e000 x16=0x00000000
     168335.000 ns	     16832	80003630	28849853	fmax.s	f16,f9,f8	  f9:0x8000f052  f8:0xc483a000 f16=0x8000f052
     168355.000 ns	     16834	80003634	01d6e6b3	or	x13,x13,x29	 x13:0x00015f21 x29:0x00000000 x13=0x00015f21
     168385.000 ns	     16837	80003638	10087a53	fmul.s	f20,f16,f0	 f16:0x8000f052  f0:0x00000001 f20=0x80000000
     168435.000 ns	     16842	8000363c	01b378d3	fadd.s	f17,f6,f27	  f6:0x00000000 f27:0x4e9179c6 f17=0x4e9179c6
     168465.000 ns	     16845	80003640	03be67b3	rem	x15,x28,x27	 x28:0xf506f533 x27:0x00000000 x15=0xf506f533
     168505.000 ns	     16849	80003644	10c99e53	fmul.s	f28,f19,f12	 f19:0x3f03a42e f12:0x6d0ad860 f28=0x6c8ecb89
     168535.000 ns	     16852	80003648	c0177253	fcvt.wu.s	x4,f14	 f14:0x0000016a  x4=0x00000000
     168555.000 ns	     16854	8000364c	00881233	sll	x4,x16,x8	 x16:0x00000000  x8:0xfffffd7d  x4=0x00000000
     168565.000 ns	     16855	80003650	0103d493	srli	x9,x7,0x10	  x7:0x00000001  x9=0x00000000
     168575.000 ns	     16856	80003654	01960b33	add	x22,x12,x25	 x12:0xf5f7e000 x25:0x80040fe4 x22=0x75fbefe4
     168595.000 ns	     16858	80003658	a095aa53	feq.s	x20,f11,f9	 f11:0x1f350483  f9:0x8000f052 x20=0x00000000
     168625.000 ns	     16861	8000365c	212fae53	fsgnjx.s	f28,f31,f18	 f31:0x7f800000 f18:0x00010008 f28=0x7f800000
     168655.000 ns	     16864	80003660	f0008a53	fmv.w.x	f20,x1	  x1:0x00000000 f20=0x00000000
     168685.000 ns	     16867	80003664	d01a7c53	fcvt.s.wu	f24,x20	 x20:0x00000000 f24=0x00000000
     168715.000 ns	     16870	80003668	a00d81d3	fle.s	x3,f27,f0	 f27:0x4e9179c6  f0:0x00000001  x3=0x00000000
     168755.000 ns	     16874	8000366c	580a7253	fsqrt.s	f4,f20	 f20:0x00000000  f4=0x00000000
     169095.000 ns	     16908	80003670	18bbf853	fdiv.s	f16,f23,f11	 f23:0xcd280493 f11:0x1f350483 f16=0xed6d33a4
     169125.000 ns	     16911	80003674	294c1553	fmax.s	f10,f24,f20	 f24:0x00000000 f20:0x00000000 f10=0x00000000
     170305.000 ns	     17029	80003678	58093dd3	fsqrt.s	f27,f18	 f18:0x00010008 f27=0x1f366e92
     170335.000 ns	     17032	8000367c	e00d8453	fmv.x.w	x8,f27	 f27:0x4e9179c6  x8=0x1f366e92
     170355.000 ns	     17034	80003680	019249b3	xor	x19,x4,x25	  x4:0x00000000 x25:0x80040fe4 x19=0x80040fe4
     170365.000 ns	     17035	80003684	408707b3	sub	x15,x14,x8	 x14:0x80040fe4  x8:0x1f366e92 x15=0x60cda152
     170385.000 ns	     17037	80003688	024806b3	mul	x13,x16,x4	 x16:0x00000000  x4:0x00000000 x13=0x00000000
     170415.000 ns	     17040	8000368c	207b97d3	fsgnjn.s	f15,f23,f7	 f23:0xcd280493  f7:0x4effffff f15=0xcd280493
     170435.000 ns	     17042	80003690	649f7093	andi	x1,x30,1609	 x30:0x00000000  x1=0x00000000
     170445.000 ns	     17043	80003694	41a35213	srai	x4,x6,0x1a	  x6:0x80041024  x4=0xffffffe0
     170455.000 ns	     17044	80003698	0118f133	and	x2,x17,x17	 x17:0xfffff33c x17:0xfffff33c  x2=0xfffff33c
     170465.000 ns	     17045	8000369c	00f9ca33	xor	x20,x19,x15	 x19:0x80040fe4 x15:0x60cda152 x20=0xe0c9aeb6
     170485.000 ns	     17047	800036a0	a03c0853	fle.s	x16,f24,f3	 f24:0x00000000  f3:0x80041024 x16=0x00000000
     170525.000 ns	     17051	800036a4	116bc9d3	fmul.s	f19,f23,f22	 f23:0xcd280493 f22:0xd403a42e f19=0x61accc30
     170555.000 ns	     17054	800036a8	c0034ad3	fcvt.w.s	x21,f6	  f6:0x00000000 x21=0x00000000
     170585.000 ns	     17057	800036ac	020bb733	mulhu	x14,x23,x0	 x23:0x0af90acd  x0:0x00000000 x14=0x00000000
     170605.000 ns	     17059	800036b0	010c21b3	slt	x3,x24,x16	 x24:0x00000370 x16:0x00000000  x3=0x00000000
     170625.000 ns	     17061	800036b4	213f8953	fsgnj.s	f18,f31,f19	 f31:0x7f800000 f19:0x61accc30 f18=0x7f800000
     170645.000 ns	     17063	800036b8	bb838493	addi	x9,x7,-1096	  x7:0x00000001  x9=0xfffffbb9
     170665.000 ns	     17065	800036bc	d006c453	fcvt.s.w	f8,x13	 x13:0x00000000  f8=0x00000000
     171035.000 ns	     17102	800036c0	02cb70b3	remu	x1,x22,x12	 x22:0x75fbefe4 x12:0xf5f7e000  x1=0x75fbefe4
     171065.000 ns	     17105	800036c4	03192f33	mulhsu	x30,x18,x17	 x18:0x89c8942c x17:0xfffff33c x30=0x89c89a11
     171085.000 ns	     17107	800036c8	b0713713	sltiu	x14,x2,-1273	  x2:0xfffff33c x14=0x00000001
     171095.000 ns	     17108	800036cc	91a18e97	auipc	x29,0x91a18	 x29=0x11a1b6cc
     171115.000 ns	     17110	800036d0	02e088b3	mul	x17,x1,x14	  x1:0x75fbefe4 x14:0x00000000 x17=0x75fbefe4
     171135.000 ns	     17112	800036d4	0158a0b3	slt	x1,x17,x21	 x17:0xfffff33c x21:0x00000000  x1=0x00000000
     171155.000 ns	     17114	800036d8	284b03d3	fmin.s	f7,f22,f4	 f22:0xd403a42e  f4:0x00000000  f7=0xd403a42e
     171185.000 ns	     17117	800036dc	29269b53	fmax.s	f22,f13,f18	 f13:0x7fc00000 f18:0x7f800000 f22=0x7f800000
     171205.000 ns	     17119	800036e0	0c05b137	lui	x2,0xc05b	  x2=0x0c05b000
     171215.000 ns	     17120	800036e4	41a386b3	sub	x13,x7,x26	  x7:0x00000001 x26:0x000001ea x13=0xfffffe17
     171225.000 ns	     17121	800036e8	f07a6013	ori	x0,x20,-249	 x20:0xe0c9aeb6
     171235.000 ns	     17122	800036ec	41cb50b3	sra	x1,x22,x28	 x22:0x75fbefe4 x28:0xf506f533  x1=0x00000ebf
     171245.000 ns	     17123	800036f0	01a76633	or	x12,x14,x26	 x14:0x00000001 x26:0x000001ea x12=0x000001eb
     171255.000 ns	     17124	800036f4	00d16f33	or	x30,x2,x13	  x2:0x0c05b000 x13:0xfffffe17 x30=0xfffffe17
     171615.000 ns	     17160	800036f8	034471b3	remu	x3,x8,x20	  x8:0x1f366e92 x20:0xe0c9aeb6  x3=0x1f366e92
     172795.000 ns	     17278	800036fc	58003dd3	fsqrt.s	f27,f0	  f0:0x00000001 f27=0x1f350483
     172815.000 ns	     17280	80003700	00ac3433	sltu	x8,x24,x10	 x24:0x00000370 x10:0x00000000  x8=0x00000000
     172825.000 ns	     17281	80003704	00fd87b3	add	x15,x27,x15	 x27:0x00000000 x15:0x60cda152 x15=0x60cda152
     172835.000 ns	     17282	80003708	4578b493	sltiu	x9,x17,1111	 x17:0x75fbefe4  x9=0x00000000
     172845.000 ns	     17283	8000370c	01f14b33	xor	x22,x2,x31	  x2:0x0c05b000 x31:0x00000000 x22=0x0c05b000
     172865.000 ns	     17285	80003710	a1238d53	fle.s	x26,f7,f18	  f7:0xd403a42e f18:0x7f800000 x26=0x00000001
     172885.000 ns	     17287	80003714	6c584637	lui	x12,0x6c584	 x12=0x6c584000
     172895.000 ns	     17288	80003718	41588633	sub	x12,x17,x21	 x17:0x75fbefe4 x21:0x00000000 x12=0x75fbefe4
     172905.000 ns	     17289	8000371c	40cf08b3	sub	x17,x30,x12	 x30:0xfffffe17 x12:0x000001eb x17=0x8a040e33
     172925.000 ns	     17291	80003720	c01907d3	fcvt.wu.s	x15,f18	 f18:0x7f800000 x15=0xffffffff
     173295.000 ns	     17328	80003724	027653b3	divu	x7,x12,x7	 x12:0x75fbefe4  x7:0x00000001  x7=0x75fbefe4
     173325.000 ns	     17331	80003728	21469153	fsgnjn.s	f2,f13,f20	 f13:0x7fc00000 f20:0x00000000  f2=0xffc00000
     173345.000 ns	     17333	8000372c	4044d833	sra	x16,x9,x4	  x9:0x00000000  x4:0xffffffe0 x16=0x00000000
     173375.000 ns	     17336	80003730	58027953	fsqrt.s	f18,f4	  f4:0x00000000 f18=0x00000000
     173405.000 ns	     17339	80003734	02362ab3	mulhsu	x21,x12,x3	 x12:0x75fbefe4  x3:0x1f366e92 x21=0x0e629826
     173775.000 ns	     17376	80003738	031b47b3	div	x15,x22,x17	 x22:0x0c05b000 x17:0x8a040e33 x15=0x00000000
     173805.000 ns	     17379	8000373c	d0117fd3	fcvt.s.wu	f31,x2	  x2:0x0c05b000 f31=0x4d405b00
     173825.000 ns	     17381	80003740	41258a33	sub	x20,x11,x18	 x11:0x9a2db0ee x18:0x89c8942c x20=0x10651cc2
     173835.000 ns	     17382	80003744	00709713	slli	x14,x1,0x7	  x1:0x00000ebf x14=0x00075f80
     173855.000 ns	     17384	80003748	20a82553	fsgnjx.s	f10,f16,f10	 f16:0xed6d33a4 f10:0x00000000 f10=0xed6d33a4
     173905.000 ns	     17389	8000374c	00e57ed3	fadd.s	f29,f10,f14	 f10:0x00000000 f14:0x0000016a f29=0xed6d33a4
     173935.000 ns	     17392	80003750	a1ad0253	fle.s	x4,f26,f26	 f26:0x00000000 f26:0x00000000  x4=0x00000001
     173955.000 ns	     17394	80003754	c5e5bd93	sltiu	x27,x11,-930	 x11:0x9a2db0ee x27=0x00000001
     173985.000 ns	     17397	80003758	580470d3	fsqrt.s	f1,f8	  f8:0x00000000  f1=0x00000000
     174025.000 ns	     17401	8000375c	58094853	fsqrt.s	f16,f18	 f18:0x00000000 f16=0x00000000
     174395.000 ns	     17438	80003760	03195933	divu	x18,x18,x17	 x18:0x89c8942c x17:0x8a040e33 x18=0x00000000
     174435.000 ns	     17442	80003764	580c70d3	fsqrt.s	f1,f24	 f24:0x00000000  f1=0x00000000
     174465.000 ns	     17445	80003768	029cc733	div	x14,x25,x9	 x25:0x80040fe4  x9:0x00000000 x14=0xffffffff
     174495.000 ns	     17448	8000376c	f00102d3	fmv.w.x	f5,x2	  x2:0x0c05b000  f5=0x0c05b000
     174515.000 ns	     17450	80003770	00875513	srli	x10,x14,0x8	 x14:0xffffffff x10=0x00ffffff
     174535.000 ns	     17452	80003774	c01e4d53	fcvt.wu.s	x26,f28	 f28:0x7f800000 x26=0xffffffff
     174905.000 ns	     17489	80003778	0399d2b3	divu	x5,x19,x25	 x19:0x80040fe4 x25:0x80040fe4  x5=0x00000001
     174925.000 ns	     17491	8000377c	01aa6bb3	or	x23,x20,x26	 x20:0x10651cc2 x26:0xffffffff x23=0xffffffff
     174945.000 ns	     17493	80003780	209f0ed3	fsgnj.s	f29,f30,f9	 f30:0xcda80493  f9:0x8000f052 f29=0xcda80493
     174975.000 ns	     17496	80003784	020a6233	rem	x4,x20,x0	 x20:0x10651cc2  x0:0x00000000  x4=0x10651cc2
     175005.000 ns	     17499	80003788	d00bfa53	fcvt.s.w	f20,x23	 x23:0xffffffff f20=0xbf800000
     175035.000 ns	     17502	8000378c	20b60453	fsgnj.s	f8,f12,f11	 f12:0x6d0ad860 f11:0x1f350483  f8=0x6d0ad860
     175055.000 ns	     17504	80003790	40b055b3	sra	x11,x0,x11	  x0:0x00000000 x11:0x9a2db0ee x11=0x00000000
     175075.000 ns	     17506	80003794	c015fd53	fcvt.wu.s	x26,f11	 f11:0x1f350483 x26=0x00000000
     175105.000 ns	     17509	80003798	28cd8553	fmin.s	f10,f27,f12	 f27:0x1f350483 f12:0x6d0ad860 f10=0x1f350483
     175135.000 ns	     17512	8000379c	a0550953	fle.s	x18,f10,f5	 f10:0xed6d33a4  f5:0x0c05b000 x18=0x00000000
     175165.000 ns	     17515	800037a0	f00e07d3	fmv.w.x	f15,x28	 x28:0xf506f533 f15=0xf506f533
     175185.000 ns	     17517	800037a4	e8e65837	lui	x16,0xe8e65	 x16=0xe8e65000
     175195.000 ns	     17518	800037a8	001d8433	add	x8,x27,x1	 x27:0x00000001  x1:0x00000ebf  x8=0x00000ec0
     175215.000 ns	     17520	800037ac	c0057253	fcvt.w.s	x4,f10	 f10:0x1f350483  x4=0x00000000
     175245.000 ns	     17523	800037b0	e0030ed3	fmv.x.w	x29,f6	  f6:0x00000000 x29=0x00000000
     175275.000 ns	     17526	800037b4	03205533	divu	x10,x0,x18	  x0:0x00000000 x18:0x00000000 x10=0xffffffff
     175295.000 ns	     17528	800037b8	012b26b3	slt	x13,x22,x18	 x22:0x0c05b000 x18:0x00000000 x13=0x00000000
     175305.000 ns	     17529	800037bc	41ccdb13	srai	x22,x25,0x1c	 x25:0x80040fe4 x22=0xfffffff8
     176475.000 ns	     17646	800037c0	5802c4d3	fsqrt.s	f9,f5	  f5:0x0c05b000  f9=0x253d0f84
     176505.000 ns	     17649	800037c4	d000f953	fcvt.s.w	f18,x1	  x1:0x00000ebf f18=0x456bf000
     176535.000 ns	     17652	800037c8	a1d82953	feq.s	x18,f16,f29	 f16:0x00000000 f29:0xcda80493 x18=0x00000000
     176565.000 ns	     17655	800037cc	d0170cd3	fcvt.s.wu	f25,x14	 x14:0xffffffff f25=0x4f800000
     176595.000 ns	     17658	800037d0	027b3db3	mulhu	x27,x22,x7	 x22:0xfffffff8  x7:0x75fbefe4 x27=0x75fbefe0
     176625.000 ns	     17661	800037d4	f0080f53	fmv.w.x	f30,x16	 x16:0xe8e65000 f30=0xe8e65000
     176645.000 ns	     17663	800037d8	01745933	srl	x18,x8,x23	  x8:0x00000ec0 x23:0xffffffff x18=0x00000000
     176665.000 ns	     17665	800037dc	03e80033	mul	x0,x16,x30	 x16:0xe8e65000 x30:0xfffffe17
     176685.000 ns	     17667	800037e0	fce6dfb7	lui	x31,0xfce6d	 x31=0xfce6d000
     176705.000 ns	     17669	800037e4	a1fa8c53	fle.s	x24,f21,f31	 f21:0x00010008 f31:0x4d405b00 x24=0x00000001
     176725.000 ns	     17671	800037e8	dab3fa13	andi	x20,x7,-597	  x7:0x75fbefe4 x20=0x75fbeda0
     176735.000 ns	     17672	800037ec	011e2c33	slt	x24,x28,x17	 x28:0xf506f533 x17:0x8a040e33 x24=0x00000000
     176755.000 ns	     17674	800037f0	d014f5d3	fcvt.s.wu	f11,x9	  x9:0x00000000 f11=0x00000000
     176775.000 ns	     17676	800037f4	0960e193	ori	x3,x1,150	  x1:0x00000ebf  x3=0x00000ebf
     176815.000 ns	     17680	800037f8	01e37953	fadd.s	f18,f6,f30	  f6:0x00000000 f30:0xe8e65000 f18=0xe8e65000
     176835.000 ns	     17682	800037fc	01749b13	slli	x22,x9,0x17	  x9:0x00000000 x22=0x00000000
     176845.000 ns	     17683	80003800	00a8a1b3	slt	x3,x17,x10	 x17:0x8a040e33 x10:0xffffffff  x3=0x00000001
     176855.000 ns	     17684	80003804	3c06e113	ori	x2,x13,960	 x13:0x00000000  x2=0x000003c0
     176875.000 ns	     17686	80003808	02fccfb3	div	x31,x25,x15	 x25:0x80040fe4 x15:0x00000000 x31=0xffffffff
     176905.000 ns	     17689	8000380c	d00e8bd3	fcvt.s.w	f23,x29	 x29:0x00000000 f23=0x00000000
     176925.000 ns	     17691	80003810	01c52733	slt	x14,x10,x28	 x10:0xffffffff x28:0xf506f533 x14=0x00000000
     176935.000 ns	     17692	80003814	00014eb3	xor	x29,x2,x0	  x2:0x000003c0  x0:0x00000000 x29=0x000003c0
     176955.000 ns	     17694	80003818	033d8933	mul	x18,x27,x19	 x27:0x75fbefe0 x19:0x80040fe4 x18=0x96efc380
     176985.000 ns	     17697	8000381c	216e17d3	fsgnjn.s	f15,f28,f22	 f28:0x7f800000 f22:0x7f800000 f15=0xff800000
     177005.000 ns	     17699	80003820	aa851517	auipc	x10,0xaa851	 x10=0x2a854820
     177015.000 ns	     17700	80003824	f0564217	auipc	x4,0xf0564	  x4=0x70567824
     177025.000 ns	     17701	80003828	001d86b3	add	x13,x27,x1	 x27:0x75fbefe0  x1:0x00000ebf x13=0x75fbfe9f
     177035.000 ns	     17702	8000382c	14d74693	xori	x13,x14,333	 x14:0x00000000 x13=0x0000014d
     177055.000 ns	     17704	80003830	a08e18d3	flt.s	x17,f28,f8	 f28:0x7f800000  f8:0x6d0ad860 x17=0x00000000
     177085.000 ns	     17707	80003834	d012c653	fcvt.s.wu	f12,x5	  x5:0x00000001 f12=0x3f800000
     177105.000 ns	     17709	80003838	e5c275b7	lui	x11,0xe5c27	 x11=0xe5c27000
     177115.000 ns	     17710	8000383c	1e674b13	xori	x22,x14,486	 x14:0x00000000 x22=0x000001e6
     177145.000 ns	     17713	80003840	101d3553	fmul.s	f10,f26,f1	 f26:0x00000000  f1:0x00000000 f10=0x00000000
     177175.000 ns	     17716	80003844	a1511f53	flt.s	x30,f2,f21	  f2:0xffc00000 f21:0x00010008 x30=0x00000000
     177195.000 ns	     17718	80003848	e5d3e913	ori	x18,x7,-419	  x7:0x75fbefe4 x18=0xfffffffd
     177235.000 ns	     17722	8000384c	01ec7b53	fadd.s	f22,f24,f30	 f24:0x00000000 f30:0xe8e65000 f22=0xe8e65000
     177265.000 ns	     17725	80003850	c004f553	fcvt.w.s	x10,f9	  f9:0x253d0f84 x10=0x00000000
     177295.000 ns	     17728	80003854	28b58c53	fmin.s	f24,f11,f11	 f11:0x00000000 f11:0x00000000 f24=0x00000000
     177325.000 ns	     17731	80003858	29b49853	fmax.s	f16,f9,f27	  f9:0x253d0f84 f27:0x1f350483 f16=0x253d0f84
     177345.000 ns	     17733	8000385c	013ea633	slt	x12,x29,x19	 x29:0x000003c0 x19:0x80040fe4 x12=0x00000000
     177355.000 ns	     17734	80003860	40ea0f33	sub	x30,x20,x14	 x20:0x75fbeda0 x14:0x00000000 x30=0x75fbeda0
     177385.000 ns	     17737	80003864	114928d3	fmul.s	f17,f18,f20	 f18:0xe8e65000 f20:0xbf800000 f17=0x68e65000
     177405.000 ns	     17739	80003868	40f003b3	sub	x7,x0,x15	  x0:0x00000000 x15:0x00000000  x7=0x00000000
     177425.000 ns	     17741	8000386c	d0144353	fcvt.s.wu	f6,x8	  x8:0x00000ec0  f6=0x456c0000
     177455.000 ns	     17744	80003870	03c728b3	mulhsu	x17,x14,x28	 x14:0x00000000 x28:0xf506f533 x17=0x00000000
     177485.000 ns	     17747	80003874	02c731b3	mulhu	x3,x14,x12	 x14:0x00000000 x12:0x00000000  x3=0x00000000
     177515.000 ns	     17750	80003878	c01cf853	fcvt.wu.s	x16,f25	 f25:0x4f800000 x16=0x00000000
     177535.000 ns	     17752	8000387c	1bdeb493	sltiu	x9,x29,445	 x29:0x000003c0  x9=0x00000000
     177895.000 ns	     17788	80003880	02b25db3	divu	x27,x4,x11	  x4:0x70567824 x11:0xe5c27000 x27=0x00000000
     177925.000 ns	     17791	80003884	20db00d3	fsgnj.s	f1,f22,f13	 f22:0xe8e65000 f13:0x7fc00000  f1=0x68e65000
     177955.000 ns	     17794	80003888	f0038ed3	fmv.w.x	f29,x7	  x7:0x00000000 f29=0x00000000
     177975.000 ns	     17796	8000388c	4f802bb7	lui	x23,0x4f802	 x23=0x4f802000
     177985.000 ns	     17797	80003890	00161fb3	sll	x31,x12,x1	 x12:0x00000000  x1:0x00000ebf x31=0x00000000
     178005.000 ns	     17799	80003894	d01c9753	fcvt.s.wu	f14,x25	 x25:0x80040fe4 f14=0x4f00040f
     178035.000 ns	     17802	80003898	02789d33	mulh	x26,x17,x7	 x17:0x00000000  x7:0x00000000 x26=0x00000000
     178055.000 ns	     17804	8000389c	40285093	srai	x1,x16,0x2	 x16:0x00000000  x1=0x00000000
     178065.000 ns	     17805	800038a0	00499693	slli	x13,x19,0x4	 x19:0x80040fe4 x13=0x0040fe40
     178075.000 ns	     17806	800038a4	6918e393	ori	x7,x17,1681	 x17:0x00000000  x7=0x00000691
     178095.000 ns	     17808	800038a8	03ea1b33	mulh	x22,x20,x30	 x20:0x75fbeda0 x30:0x75fbeda0 x22=0x36603f20
     178125.000 ns	     17811	800038ac	a01e1853	flt.s	x16,f28,f1	 f28:0x7f800000  f1:0x68e65000 x16=0x00000000
     178495.000 ns	     17848	800038b0	02b9e1b3	rem	x3,x19,x11	 x19:0x80040fe4 x11:0xe5c27000  x3=0xe8fa4fe4
     178515.000 ns	     17850	800038b4	1b5e2513	slti	x10,x28,437	 x28:0xf506f533 x10=0x00000001
     178525.000 ns	     17851	800038b8	405a8bb3	sub	x23,x21,x5	 x21:0x0e629826  x5:0x00000001 x23=0x0e629825
     178535.000 ns	     17852	800038bc	01285293	srli	x5,x16,0x12	 x16:0x00000000  x5=0x00000000
     178575.000 ns	     17856	800038c0	099fb3d3	fsub.s	f7,f31,f25	 f31:0x4d405b00 f25:0x4f800000  f7=0xcf73fa50
     178605.000 ns	     17859	800038c4	29450353	fmin.s	f6,f10,f20	 f10:0x00000000 f20:0xbf800000  f6=0xbf800000
     178645.000 ns	     17863	800038c8	580d3753	fsqrt.s	f14,f26	 f26:0x00000000 f14=0x00000000
     178675.000 ns	     17866	800038cc	029d5f33	divu	x30,x26,x9	 x26:0x00000000  x9:0x00000000 x30=0xffffffff
     178715.000 ns	     17870	800038d0	18ebb6d3	fdiv.s	f13,f23,f14	 f23:0x00000000 f14:0x00000000 f13=0x7fc00000
     178745.000 ns	     17873	800038d4	20ee9053	fsgnjn.s	f0,f29,f14	 f29:0x00000000 f14:0x00000000  f0=0x80000000
     178775.000 ns	     17876	800038d8	283a01d3	fmin.s	f3,f20,f3	 f20:0xbf800000  f3:0x80041024  f3=0xbf800000
     178825.000 ns	     17881	800038dc	080112d3	fsub.s	f5,f2,f0	  f2:0xffc00000  f0:0x80000000  f5=0x7fc00000
     178845.000 ns	     17883	800038e0	86f7ba13	sltiu	x20,x15,-1937	 x15:0x00000000 x20=0x00000001
     178865.000 ns	     17885	800038e4	a0709753	flt.s	x14,f1,f7	  f1:0x68e65000  f7:0xcf73fa50 x14=0x00000000
     178915.000 ns	     17890	800038e8	09c43553	fsub.s	f10,f8,f28	  f8:0x6d0ad860 f28:0x7f800000 f10=0xff800000
     178945.000 ns	     17893	800038ec	206a9353	fsgnjn.s	f6,f21,f6	 f21:0x00010008  f6:0xbf800000  f6=0x00010008
     178965.000 ns	     17895	800038f0	00d29233	sll	x4,x5,x13	  x5:0x00000000 x13:0x0040fe40  x4=0x00000000
     178985.000 ns	     17897	800038f4	f0080ed3	fmv.w.x	f29,x16	 x16:0x00000000 f29=0x00000000
     179005.000 ns	     17899	800038f8	000dd813	srli	x16,x27,0x0	 x27:0x00000000 x16=0x00000000
     179015.000 ns	     17900	800038fc	01dc9613	slli	x12,x25,0x1d	 x25:0x80040fe4 x12=0x80000000
     179025.000 ns	     17901	80003900	417504b3	sub	x9,x10,x23	 x10:0x00000001 x23:0x0e629825  x9=0xf19d67dc
     179035.000 ns	     17902	80003904	411d5493	srai	x9,x26,0x11	 x26:0x00000000  x9=0x00000000
     179045.000 ns	     17903	80003908	40e1dd13	srai	x26,x3,0xe	  x3:0xe8fa4fe4 x26=0xffffa3e9
     179065.000 ns	     17905	8000390c	03c73ab3	mulhu	x21,x14,x28	 x14:0x00000000 x28:0xf506f533 x21=0x00000000
     179095.000 ns	     17908	80003910	29fc8cd3	fmin.s	f25,f25,f31	 f25:0x4f800000 f31:0x4d405b00 f25=0x4d405b00
     179115.000 ns	     17910	80003914	00050b33	add	x22,x10,x0	 x10:0x00000001  x0:0x00000000 x22=0x00000001
     179125.000 ns	     17911	80003918	0105f8b3	and	x17,x11,x16	 x11:0xe5c27000 x16:0x00000000 x17=0x00000000
     179145.000 ns	     17913	8000391c	20b71053	fsgnjn.s	f0,f14,f11	 f14:0x00000000 f11:0x00000000  f0=0x80000000
     179185.000 ns	     17917	80003920	184e3a53	fdiv.s	f20,f28,f4	 f28:0x7f800000  f4:0x00000000 f20=0x7f800000
     179215.000 ns	     17920	80003924	0383ba33	mulhu	x20,x7,x24	  x7:0x00000691 x24:0x00000000 x20=0x00000000
     179235.000 ns	     17922	80003928	b1c1b593	sltiu	x11,x3,-1252	  x3:0xe8fa4fe4 x11=0x00000001
     179255.000 ns	     17924	8000392c	c001f053	fcvt.w.s	x0,f3	  f3:0xbf800000
     179305.000 ns	     17929	80003930	01f314d3	fadd.s	f9,f6,f31	  f6:0x00010008 f31:0x4d405b00  f9=0x4d405b00
     179325.000 ns	     17931	80003934	40a1df33	sra	x30,x3,x10	  x3:0xe8fa4fe4 x10:0x00000001 x30=0xf47d27f2
     179345.000 ns	     17933	80003938	02485033	divu	x0,x16,x4	 x16:0x00000000  x4:0x00000000
     179375.000 ns	     17936	8000393c	281f9f53	fmax.s	f30,f31,f1	 f31:0x4d405b00  f1:0x68e65000 f30=0x68e65000
     179405.000 ns	     17939	80003940	28f89253	fmax.s	f4,f17,f15	 f17:0x68e65000 f15:0xff800000  f4=0x68e65000
     179435.000 ns	     17942	80003944	a01a1953	flt.s	x18,f20,f1	 f20:0x7f800000  f1:0x68e65000 x18=0x00000000
     179465.000 ns	     17945	80003948	02e72fb3	mulhsu	x31,x14,x14	 x14:0x00000000 x14:0x00000000 x31=0x00000000
     179495.000 ns	     17948	8000394c	e00193d3	fclass.s	x7,f3	  f3:0xbf800000  x7=0x00000002
     179515.000 ns	     17950	80003950	4166d733	sra	x14,x13,x22	 x13:0x0040fe40 x22:0x00000001 x14=0x00207f20
     179525.000 ns	     17951	80003954	005cc6b3	xor	x13,x25,x5	 x25:0x80040fe4  x5:0x00000000 x13=0x80040fe4
     179535.000 ns	     17952	80003958	bf044ab7	lui	x21,0xbf044	 x21=0xbf044000
     179545.000 ns	     17953	8000395c	224aa397	auipc	x7,0x224aa	  x7=0xa24ad95c
     179565.000 ns	     17955	80003960	e00e9553	fclass.s	x10,f29	 f29:0x00000000 x10=0x00000010
     179585.000 ns	     17957	80003964	0134a3b3	slt	x7,x9,x19	  x9:0x00000000 x19:0x80040fe4  x7=0x00000000
     179595.000 ns	     17958	80003968	3276f393	andi	x7,x13,807	 x13:0x80040fe4  x7=0x00000324
     179605.000 ns	     17959	8000396c	00000013	addi	x0,x0,0	  x0:0x00000000
     179615.000 ns	     17960	80003970	00e53833	sltu	x16,x10,x14	 x10:0x00000010 x14:0x00207f20 x16=0x00000001
     179625.000 ns	     17961	80003974	269b0417	auipc	x8,0x269b0	  x8=0xa69b3974
     179645.000 ns	     17963	80003978	02526f33	rem	x30,x4,x5	  x4:0x00000000  x5:0x00000000 x30=0x00000000
     179675.000 ns	     17966	8000397c	021b7bb3	remu	x23,x22,x1	 x22:0x00000001  x1:0x00000000 x23=0x00000001
     180045.000 ns	     18003	80003980	02d4e033	rem	x0,x9,x13	  x9:0x00000000 x13:0x80040fe4
     180075.000 ns	     18006	80003984	c01d32d3	fcvt.wu.s	x5,f26	 f26:0x00000000  x5=0x00000000
     180095.000 ns	     18008	80003988	8f6e3513	sltiu	x10,x28,-1802	 x28:0xf506f533 x10=0x00000001
     180115.000 ns	     18010	8000398c	203e19d3	fsgnjn.s	f19,f28,f3	 f28:0x7f800000  f3:0xbf800000 f19=0x7f800000
     180135.000 ns	     18012	80003990	9bd27393	andi	x7,x4,-1603	  x4:0x00000000  x7=0x00000000
     180145.000 ns	     18013	80003994	01cfd0b3	srl	x1,x31,x28	 x31:0x00000000 x28:0xf506f533  x1=0x00000000
     180155.000 ns	     18014	80003998	002f9893	slli	x17,x31,0x2	 x31:0x00000000 x17=0x00000000
     180175.000 ns	     18016	8000399c	a01e08d3	fle.s	x17,f28,f1	 f28:0x7f800000  f1:0x68e65000 x17=0x00000000
     180205.000 ns	     18019	800039a0	a0298853	fle.s	x16,f19,f2	 f19:0x7f800000  f2:0xffc00000 x16=0x00000000
     180235.000 ns	     18022	800039a4	e00a1b53	fclass.s	x22,f20	 f20:0x7f800000 x22=0x00000080
     180265.000 ns	     18025	800039a8	03408c33	mul	x24,x1,x20	  x1:0x00000000 x20:0x00000000 x24=0x00000000
     180295.000 ns	     18028	800039ac	a09f0853	fle.s	x16,f30,f9	 f30:0x68e65000  f9:0x4d405b00 x16=0x00000000
     180315.000 ns	     18030	800039b0	00aa9113	slli	x2,x21,0xa	 x21:0xbf044000  x2=0x11000000
     180335.000 ns	     18032	800039b4	c00c9bd3	fcvt.w.s	x23,f25	 f25:0x4d405b00 x23=0x0c05b000
     180355.000 ns	     18034	800039b8	00000013	addi	x0,x0,0	  x0:0x00000000
     180365.000 ns	     18035	800039bc	0148e533	or	x10,x17,x20	 x17:0x00000000 x20:0x00000000 x10=0x00000000
     180385.000 ns	     18037	800039c0	28cd98d3	fmax.s	f17,f27,f12	 f27:0x1f350483 f12:0x3f800000 f17=0x3f800000
     180405.000 ns	     18039	800039c4	9ca0cf13	xori	x30,x1,-1590	  x1:0x00000000 x30=0xfffff9ca
     180445.000 ns	     18043	800039c8	010109d3	fadd.s	f19,f2,f16	  f2:0xffc00000 f16:0x253d0f84 f19=0x7fc00000
     180465.000 ns	     18045	800039cc	3bcc3493	sltiu	x9,x24,956	 x24:0x00000000  x9=0x00000001
     180475.000 ns	     18046	800039d0	994c6693	ori	x13,x24,-1644	 x24:0x00000000 x13=0xfffff994
     180485.000 ns	     18047	800039d4	01ec9eb3	sll	x29,x25,x30	 x25:0x80040fe4 x30:0xfffff9ca x29=0x103f9000
     180495.000 ns	     18048	800039d8	01eb9a13	slli	x20,x23,0x1e	 x23:0x0c05b000 x20=0x00000000
     180515.000 ns	     18050	800039dc	212eafd3	fsgnjx.s	f31,f29,f18	 f29:0x00000000 f18:0xe8e65000 f31=0x80000000
     180545.000 ns	     18053	800039e0	21d91d53	fsgnjn.s	f26,f18,f29	 f18:0xe8e65000 f29:0x00000000 f26=0xe8e65000
     180565.000 ns	     18055	800039e4	006d9213	slli	x4,x27,0x6	 x27:0x00000000  x4=0x00000000
     180585.000 ns	     18057	800039e8	03269933	mulh	x18,x13,x18	 x13:0xfffff994 x18:0x00000000 x18=0x00000000
     180615.000 ns	     18060	800039ec	21162ad3	fsgnjx.s	f21,f12,f17	 f12:0x3f800000 f17:0x3f800000 f21=0x3f800000
     180645.000 ns	     18063	800039f0	e0091a53	fclass.s	x20,f18	 f18:0xe8e65000 x20=0x00000002
     180675.000 ns	     18066	800039f4	e0068453	fmv.x.w	x8,f13	 f13:0x7fc00000  x8=0x7fc00000
     180695.000 ns	     18068	800039f8	00e9dd13	srli	x26,x19,0xe	 x19:0x80040fe4 x26=0x00020010
     180705.000 ns	     18069	800039fc	00000013	addi	x0,x0,0	  x0:0x00000000
     180725.000 ns	     18071	80003a00	292a0253	fmin.s	f4,f20,f18	 f20:0x7f800000 f18:0xe8e65000  f4=0xe8e65000
     180755.000 ns	     18074	80003a04	28b19f53	fmax.s	f30,f3,f11	  f3:0xbf800000 f11:0x00000000 f30=0x00000000
     180785.000 ns	     18077	80003a08	a0248253	fle.s	x4,f9,f2	  f9:0x4d405b00  f2:0xffc00000  x4=0x00000000
     180805.000 ns	     18079	80003a0c	00ee2033	slt	x0,x28,x14	 x28:0xf506f533 x14:0x00207f20
     180825.000 ns	     18081	80003a10	d00a36d3	fcvt.s.w	f13,x20	 x20:0x00000002 f13=0x40000000
     180845.000 ns	     18083	80003a14	01f0a533	slt	x10,x1,x31	  x1:0x00000000 x31:0x00000000 x10=0x00000000
     180865.000 ns	     18085	80003a18	d01224d3	fcvt.s.wu	f9,x4	  x4:0x00000000  f9=0x00000000
     180885.000 ns	     18087	80003a1c	009a66b3	or	x13,x20,x9	 x20:0x00000002  x9:0x00000001 x13=0x00000003
     180905.000 ns	     18089	80003a20	02669eb3	mulh	x29,x13,x6	 x13:0xfffff994  x6:0x80041024 x29=0xfffffffe
     180945.000 ns	     18093	80003a24	10b17653	fmul.s	f12,f2,f11	  f2:0xffc00000 f11:0x00000000 f12=0x7fc00000
     180965.000 ns	     18095	80003a28	40fe5693	srai	x13,x28,0xf	 x28:0xf506f533 x13=0xffffea0d
     181005.000 ns	     18099	80003a2c	0085b2d3	fadd.s	f5,f11,f8	 f11:0x00000000  f8:0x6d0ad860  f5=0x6d0ad860
     181025.000 ns	     18101	80003a30	01c1c933	xor	x18,x3,x28	  x3:0xe8fa4fe4 x28:0xf506f533 x18=0x1dfcbad7
     181035.000 ns	     18102	80003a34	406a88b3	sub	x17,x21,x6	 x21:0xbf044000  x6:0x80041024 x17=0x3f002fdc
     181045.000 ns	     18103	80003a38	006d2c33	slt	x24,x26,x6	 x26:0x00020010  x6:0x80041024 x24=0x00000000
     181375.000 ns	     18136	80003a3c	19229cd3	fdiv.s	f25,f5,f18	  f5:0x6d0ad860 f18:0xe8e65000 f25=0xc38ad860
     181425.000 ns	     18141	80003a40	096efdd3	fsub.s	f27,f29,f22	 f29:0x00000000 f22:0xe8e65000 f27=0x68e65000
     181455.000 ns	     18144	80003a44	03ac2733	mulhsu	x14,x24,x26	 x24:0x00000000 x26:0x00020010 x14=0x00000000
     181475.000 ns	     18146	80003a48	01aeda13	srli	x20,x29,0x1a	 x29:0xfffffffe x20=0x0000003f
     181495.000 ns	     18148	80003a4c	c012cb53	fcvt.wu.s	x22,f5	  f5:0x6d0ad860 x22=0xffffffff
     181525.000 ns	     18151	80003a50	02611633	mulh	x12,x2,x6	  x2:0x11000000  x6:0x80041024 x12=0xf7804512
     181545.000 ns	     18153	80003a54	01ad2233	slt	x4,x26,x26	 x26:0x00020010 x26:0x00020010  x4=0x00000000
     181565.000 ns	     18155	80003a58	20b19553	fsgnjn.s	f10,f3,f11	  f3:0xbf800000 f11:0x00000000 f10=0xbf800000
     181585.000 ns	     18157	80003a5c	4184d093	srai	x1,x9,0x18	  x9:0x00000001  x1=0x00000000
     181605.000 ns	     18159	80003a60	0318b2b3	mulhu	x5,x17,x17	 x17:0x3f002fdc x17:0x3f002fdc  x5=0x0f81178e
     181635.000 ns	     18162	80003a64	033280b3	mul	x1,x5,x19	  x5:0x00000000 x19:0x80040fe4  x1=0xbd924c78
     181655.000 ns	     18164	80003a68	6e64a717	auipc	x14,0x6e64a	 x14=0xee64da68
     181685.000 ns	     18167	80003a6c	18b87ed3	fdiv.s	f29,f16,f11	 f16:0x253d0f84 f11:0x00000000 f29=0x7f800000
     181715.000 ns	     18170	80003a70	a00808d3	fle.s	x17,f16,f0	 f16:0x253d0f84  f0:0x80000000 x17=0x00000000
     181745.000 ns	     18173	80003a74	023dba33	mulhu	x20,x27,x3	 x27:0x00000000  x3:0xe8fa4fe4 x20=0x00000000
     181765.000 ns	     18175	80003a78	01a2d213	srli	x4,x5,0x1a	  x5:0x0f81178e  x4=0x00000003
     181785.000 ns	     18177	80003a7c	29510b53	fmin.s	f22,f2,f21	  f2:0xffc00000 f21:0x3f800000 f22=0x3f800000
     181805.000 ns	     18179	80003a80	e4ce3293	sltiu	x5,x28,-436	 x28:0xf506f533  x5=0x00000001
     181815.000 ns	     18180	80003a84	01f032b3	sltu	x5,x0,x31	  x0:0x00000000 x31:0x00000000  x5=0x00000000
     181835.000 ns	     18182	80003a88	03761933	mulh	x18,x12,x23	 x12:0xf7804512 x23:0x0c05b000 x18=0xff99d2e6
     181865.000 ns	     18185	80003a8c	a0942153	feq.s	x2,f8,f9	  f8:0x6d0ad860  f9:0x00000000  x2=0x00000000
     181885.000 ns	     18187	80003a90	00acf0b3	and	x1,x25,x10	 x25:0x80040fe4 x10:0x00000000  x1=0x00000000
     183055.000 ns	     18304	80003a94	580808d3	fsqrt.s	f17,f16	 f16:0x253d0f84 f17=0x3205af90
     183085.000 ns	     18307	80003a98	280684d3	fmin.s	f9,f13,f0	 f13:0x40000000  f0:0x80000000  f9=0x80000000
     183105.000 ns	     18309	80003a9c	84e62517	auipc	x10,0x84e62	 x10=0x04e65a9c
     183115.000 ns	     18310	80003aa0	0056ad33	slt	x26,x13,x5	 x13:0xffffea0d  x5:0x00000000 x26=0x00000001
     183135.000 ns	     18312	80003aa4	a018a4d3	feq.s	x9,f17,f1	 f17:0x3205af90  f1:0x68e65000  x9=0x00000000
     183155.000 ns	     18314	80003aa8	40615913	srai	x18,x2,0x6	  x2:0x00000000 x18=0x00000000
     183165.000 ns	     18315	80003aac	01ad10b3	sll	x1,x26,x26	 x26:0x00000001 x26:0x00000001  x1=0x00000002
     183525.000 ns	     18351	80003ab0	02a96933	rem	x18,x18,x10	 x18:0xff99d2e6 x10:0x04e65a9c x18=0x00000000
     183545.000 ns	     18353	80003ab4	00dc3c33	sltu	x24,x24,x13	 x24:0x00000000 x13:0xffffea0d x24=0x00000001
     183565.000 ns	     18355	80003ab8	c017f1d3	fcvt.wu.s	x3,f15	 f15:0xff800000  x3=0x00000000
     183595.000 ns	     18358	80003abc	d0152a53	fcvt.s.wu	f20,x10	 x10:0x04e65a9c f20=0x4c9ccb54
     183625.000 ns	     18361	80003ac0	0202cbb3	div	x23,x5,x0	  x5:0x00000000  x0:0x00000000 x23=0xffffffff
     183645.000 ns	     18363	80003ac4	606ac8b7	lui	x17,0x606ac	 x17=0x606ac000
     183675.000 ns	     18366	80003ac8	114f4b53	fmul.s	f22,f30,f20	 f30:0x00000000 f20:0x4c9ccb54 f22=0x00000000
     183695.000 ns	     18368	80003acc	13b8ae93	slti	x29,x17,315	 x17:0x00000000 x29=0x00000000
     184055.000 ns	     18404	80003ad0	02de4933	div	x18,x28,x13	 x28:0xf506f533 x13:0xffffea0d x18=0x00007ffa
     184105.000 ns	     18409	80003ad4	09af2c53	fsub.s	f24,f30,f26	 f30:0x00000000 f26:0xe8e65000 f24=0x68e65000
     184125.000 ns	     18411	80003ad8	001f2933	slt	x18,x30,x1	 x30:0xfffff9ca  x1:0x00000002 x18=0x00000001
     184135.000 ns	     18412	80003adc	00c417b3	sll	x15,x8,x12	  x8:0x7fc00000 x12:0xf7804512 x15=0x00000000
     184155.000 ns	     18414	80003ae0	020c94b3	mulh	x9,x25,x0	 x25:0x80040fe4  x0:0x00000000  x9=0x00000000
     184175.000 ns	     18416	80003ae4	01e733b3	sltu	x7,x14,x30	 x14:0xee64da68 x30:0xfffff9ca  x7=0x00000001
     184185.000 ns	     18417	80003ae8	9622ce93	xori	x29,x5,-1694	  x5:0x00000000 x29=0xfffff962
     185355.000 ns	     18534	80003aec	580af0d3	fsqrt.s	f1,f21	 f21:0x3f800000  f1=0x3f7fffae
     185375.000 ns	     18536	80003af0	6d70f8b7	lui	x17,0x6d70f	 x17=0x6d70f000
     185735.000 ns	     18572	80003af4	02c764b3	rem	x9,x14,x12	 x14:0xee64da68 x12:0xf7804512  x9=0xff645044
     185755.000 ns	     18574	80003af8	00000013	addi	x0,x0,0	  x0:0x00000000
     185775.000 ns	     18576	80003afc	03ff4d33	div	x26,x30,x31	 x30:0xfffff9ca x31:0x00000000 x26=0xffffffff
     185805.000 ns	     18579	80003b00	e00a9b53	fclass.s	x22,f21	 f21:0x3f800000 x22=0x00000040
     185825.000 ns	     18581	80003b04	22c2ce93	xori	x29,x5,556	  x5:0x00000000 x29=0x0000022c
     186995.000 ns	     18698	80003b08	5808fbd3	fsqrt.s	f23,f17	 f17:0x3205af90 f23=0x383d0ee6
     187025.000 ns	     18701	80003b0c	29c41e53	fmax.s	f28,f8,f28	  f8:0x6d0ad860 f28:0x7f800000 f28=0x7f800000
     187055.000 ns	     18704	80003b10	285607d3	fmin.s	f15,f12,f5	 f12:0x7fc00000  f5:0x6d0ad860 f15=0x6d0ad860
     187085.000 ns	     18707	80003b14	f00b81d3	fmv.w.x	f3,x23	 x23:0xffffffff  f3=0xffffffff
     187115.000 ns	     18710	80003b18	299096d3	fmax.s	f13,f1,f25	  f1:0x3f7fffae f25:0xc38ad860 f13=0x3f7fffae
     187485.000 ns	     18747	80003b1c	03cc6db3	rem	x27,x24,x28	 x24:0x00000001 x28:0xf506f533 x27=0x00000001
     187515.000 ns	     18750	80003b20	02a6b7b3	mulhu	x15,x13,x10	 x13:0xffffea0d x10:0x04e65a9c x15=0x04e65a30
     187885.000 ns	     18787	80003b24	0312d8b3	divu	x17,x5,x17	  x5:0x00000000 x17:0x6d70f000 x17=0x00000000
     187935.000 ns	     18792	80003b28	093f8253	fsub.s	f4,f31,f19	 f31:0x80000000 f19:0x7fc00000  f4=0x7fc00000
     187965.000 ns	     18795	80003b2c	20df9d53	fsgnjn.s	f26,f31,f13	 f31:0x80000000 f13:0x3f7fffae f26=0x80000000
     187985.000 ns	     18797	80003b30	0073d293	srli	x5,x7,0x7	  x7:0x00000001  x5=0x00000000
     188005.000 ns	     18799	80003b34	d0157dd3	fcvt.s.wu	f27,x10	 x10:0x04e65a9c f27=0x4c9ccb53
     188025.000 ns	     18801	80003b38	00000013	addi	x0,x0,0	  x0:0x00000000
     188035.000 ns	     18802	80003b3c	011a3133	sltu	x2,x20,x17	 x20:0x00000000 x17:0x00000000  x2=0x00000000
     188045.000 ns	     18803	80003b40	0039cdb3	xor	x27,x19,x3	 x19:0x80040fe4  x3:0x00000000 x27=0x80040fe4
     188055.000 ns	     18804	80003b44	00000013	addi	x0,x0,0	  x0:0x00000000
     188065.000 ns	     18805	80003b48	00c674b3	and	x9,x12,x12	 x12:0xf7804512 x12:0xf7804512  x9=0xf7804512
     188085.000 ns	     18807	80003b4c	020396b3	mulh	x13,x7,x0	  x7:0x00000001  x0:0x00000000 x13=0x00000000
     188115.000 ns	     18810	80003b50	a1d41a53	flt.s	x20,f8,f29	  f8:0x6d0ad860 f29:0x7f800000 x20=0x00000001
     188485.000 ns	     18847	80003b54	02157d33	remu	x26,x10,x1	 x10:0x04e65a9c  x1:0x00000002 x26=0x00000000
     188515.000 ns	     18850	80003b58	21af9dd3	fsgnjn.s	f27,f31,f26	 f31:0x80000000 f26:0x80000000 f27=0x00000000
     188535.000 ns	     18852	80003b5c	6be82117	auipc	x2,0x6be82	  x2=0xebe85b5c
     188895.000 ns	     18888	80003b60	03ec7433	remu	x8,x24,x30	 x24:0x00000001 x30:0xfffff9ca  x8=0x00000001
     188915.000 ns	     18890	80003b64	9f560713	addi	x14,x12,-1547	 x12:0xf7804512 x14=0xf7803f07
     188925.000 ns	     18891	80003b68	4103d113	srai	x2,x7,0x10	  x7:0x00000001  x2=0x00000000
     188945.000 ns	     18893	80003b6c	a0ab1b53	flt.s	x22,f22,f10	 f22:0x00000000 f10:0xbf800000 x22=0x00000000
     188975.000 ns	     18896	80003b70	208cacd3	fsgnjx.s	f25,f25,f8	 f25:0xc38ad860  f8:0x6d0ad860 f25=0xc38ad860
     189345.000 ns	     18933	80003b74	03957733	remu	x14,x10,x25	 x10:0x04e65a9c x25:0x80040fe4 x14=0x04e65a9c
     189365.000 ns	     18935	80003b78	8322aa93	slti	x21,x5,-1998	  x5:0x00000000 x21=0x00000000
     189385.000 ns	     18937	80003b7c	028a21b3	mulhsu	x3,x20,x8	 x20:0x00000001  x8:0x00000001  x3=0x00000000
     189415.000 ns	     18940	80003b80	c0133553	fcvt.wu.s	x10,f6	  f6:0x00010008 x10=0x00000000
     189435.000 ns	     18942	80003b84	3b012393	slti	x7,x2,944	  x2:0x00000000  x7=0x00000001
     189445.000 ns	     18943	80003b88	00000013	addi	x0,x0,0	  x0:0x00000000
     189455.000 ns	     18944	80003b8c	0657b297	auipc	x5,0x657b	  x5=0x8657eb8c
     189465.000 ns	     18945	80003b90	4103d2b3	sra	x5,x7,x16	  x7:0x00000001 x16:0x00000000  x5=0x00000001
     189475.000 ns	     18946	80003b94	40f70633	sub	x12,x14,x15	 x14:0x04e65a9c x15:0x04e65a30 x12=0x0000006c
     189485.000 ns	     18947	80003b98	f44bf593	andi	x11,x23,-188	 x23:0xffffffff x11=0xffffff44
     189495.000 ns	     18948	80003b9c	00498633	add	x12,x19,x4	 x19:0x80040fe4  x4:0x00000003 x12=0x80040fe7
     189515.000 ns	     18950	80003ba0	20d3a4d3	fsgnjx.s	f9,f7,f13	  f7:0xcf73fa50 f13:0x3f7fffae  f9=0xcf73fa50
     189535.000 ns	     18952	80003ba4	41a2d093	srai	x1,x5,0x1a	  x5:0x00000001  x1=0x00000000
     189555.000 ns	     18954	80003ba8	e0030fd3	fmv.x.w	x31,f6	  f6:0x00010008 x31=0x00010008
     189595.000 ns	     18958	80003bac	11a9f553	fmul.s	f10,f19,f26	 f19:0x7fc00000 f26:0x80000000 f10=0x7fc00000
     189625.000 ns	     18961	80003bb0	03d82233	mulhsu	x4,x16,x29	 x16:0x00000000 x29:0x0000022c  x4=0x00000000
     189655.000 ns	     18964	80003bb4	a16b0ed3	fle.s	x29,f22,f22	 f22:0x00000000 f22:0x00000000 x29=0x00000001
     189685.000 ns	     18967	80003bb8	288b18d3	fmax.s	f17,f22,f8	 f22:0x00000000  f8:0x6d0ad860 f17=0x6d0ad860
     189705.000 ns	     18969	80003bbc	00969833	sll	x16,x13,x9	 x13:0x00000000  x9:0xf7804512 x16=0x00000000
     189715.000 ns	     18970	80003bc0	00a89413	slli	x8,x17,0xa	 x17:0x00000000  x8=0x00000000
     189725.000 ns	     18971	80003bc4	9759e813	ori	x16,x19,-1675	 x19:0x80040fe4 x16=0xfffffff5
     189735.000 ns	     18972	80003bc8	0075dc13	srli	x24,x11,0x7	 x11:0xffffff44 x24=0x01fffffe
     189745.000 ns	     18973	80003bcc	01000733	add	x14,x0,x16	  x0:0x00000000 x16:0x00000000 x14=0xfffffff5
     190915.000 ns	     19090	80003bd0	58084d53	fsqrt.s	f26,f16	 f16:0x253d0f84 f26=0x3205af90
     190945.000 ns	     19093	80003bd4	21cc8853	fsgnj.s	f16,f25,f28	 f25:0xc38ad860 f28:0x7f800000 f16=0x438ad860
     190975.000 ns	     19096	80003bd8	029e32b3	mulhu	x5,x28,x9	 x28:0xf506f533  x9:0xf7804512  x5=0xece47c2a
     191005.000 ns	     19099	80003bdc	033d1633	mulh	x12,x26,x19	 x26:0x00000000 x19:0x80040fe4 x12=0x00000000
     191035.000 ns	     19102	80003be0	03a674b3	remu	x9,x12,x26	 x12:0x80040fe7 x26:0x00000000  x9=0x00000000
     191055.000 ns	     19104	80003be4	01c61733	sll	x14,x12,x28	 x12:0x00000000 x28:0xf506f533 x14=0x00000000
     191075.000 ns	     19106	80003be8	0200bdb3	mulhu	x27,x1,x0	  x1:0x00000000  x0:0x00000000 x27=0x00000000
     191105.000 ns	     19109	80003bec	28670053	fmin.s	f0,f14,f6	 f14:0x00000000  f6:0x00010008  f0=0x00000000
     191145.000 ns	     19113	80003bf0	11f9fcd3	fmul.s	f25,f19,f31	 f19:0x7fc00000 f31:0x80000000 f25=0x7fc00000
     191165.000 ns	     19115	80003bf4	d9eff693	andi	x13,x31,-610	 x31:0x00010008 x13=0x00010008
     191175.000 ns	     19116	80003bf8	0004c933	xor	x18,x9,x0	  x9:0x00000000  x0:0x00000000 x18=0x00000000
     191185.000 ns	     19117	80003bfc	b02b4513	xori	x10,x22,-1278	 x22:0x00000000 x10=0xfffffb02
     191205.000 ns	     19119	80003c00	d00a47d3	fcvt.s.w	f15,x20	 x20:0x00000001 f15=0x3f800000
     191235.000 ns	     19122	80003c04	c01712d3	fcvt.wu.s	x5,f14	 f14:0x00000000  x5=0x00000000
     191265.000 ns	     19125	80003c08	d008fcd3	fcvt.s.w	f25,x17	 x17:0x00000000 f25=0x00000000
     191285.000 ns	     19127	80003c0c	4cc68b93	addi	x23,x13,1228	 x13:0x00010008 x23=0x000104d4
     191305.000 ns	     19129	80003c10	282e0c53	fmin.s	f24,f28,f2	 f28:0x7f800000  f2:0xffc00000 f24=0x7f800000
     191325.000 ns	     19131	80003c14	01690533	add	x10,x18,x22	 x18:0x00000000 x22:0x00000000 x10=0x00000000
     191335.000 ns	     19132	80003c18	c579d8b7	lui	x17,0xc579d	 x17=0xc579d000
     191345.000 ns	     19133	80003c1c	01442a33	slt	x20,x8,x20	  x8:0x00000000 x20:0x00000001 x20=0x00000001
     191355.000 ns	     19134	80003c20	412dd013	srai	x0,x27,0x12	 x27:0x00000000
     191365.000 ns	     19135	80003c24	01801893	slli	x17,x0,0x18	  x0:0x00000000 x17=0x00000000
     191375.000 ns	     19136	80003c28	694fe397	auipc	x7,0x694fe	  x7=0xe9501c28
     191385.000 ns	     19137	80003c2c	7bbf3193	sltiu	x3,x30,1979	 x30:0xfffff9ca  x3=0x00000000
     191405.000 ns	     19139	80003c30	e00a8853	fmv.x.w	x16,f21	 f21:0x3f800000 x16=0x3f800000
     191425.000 ns	     19141	80003c34	00e63fb3	sltu	x31,x12,x14	 x12:0x00000000 x14:0x00000000 x31=0x00000000
     191445.000 ns	     19143	80003c38	028803b3	mul	x7,x16,x8	 x16:0x3f800000  x8:0x00000000  x7=0x00000000
     191475.000 ns	     19146	80003c3c	d01339d3	fcvt.s.wu	f19,x6	  x6:0x80041024 f19=0x4f000411
     191495.000 ns	     19148	80003c40	0d832f93	slti	x31,x6,216	  x6:0x80041024 x31=0x00000001
     191535.000 ns	     19152	80003c44	01c9c6d3	fadd.s	f13,f19,f28	 f19:0x4f000411 f28:0x7f800000 f13=0x7f800000
     191565.000 ns	     19155	80003c48	29bb9cd3	fmax.s	f25,f23,f27	 f23:0x383d0ee6 f27:0x00000000 f25=0x383d0ee6
     191615.000 ns	     19160	80003c4c	098d0953	fsub.s	f18,f26,f24	 f26:0x3205af90 f24:0x7f800000 f18=0xff800000
     191635.000 ns	     19162	80003c50	0136da33	srl	x20,x13,x19	 x13:0x00010008 x19:0x80040fe4 x20=0x00001000
     191665.000 ns	     19165	80003c54	184911d3	fdiv.s	f3,f18,f4	 f18:0xff800000  f4:0x7fc00000  f3=0x7fc00000
     191695.000 ns	     19168	80003c58	215c1053	fsgnjn.s	f0,f24,f21	 f24:0x7f800000 f21:0x3f800000  f0=0xff800000
     191725.000 ns	     19171	80003c5c	d0137953	fcvt.s.wu	f18,x6	  x6:0x80041024 f18=0x4f000410
     191775.000 ns	     19176	80003c60	08a271d3	fsub.s	f3,f4,f10	  f4:0x7fc00000 f10:0x7fc00000  f3=0x7fc00000
     191805.000 ns	     19179	80003c64	f00f8cd3	fmv.w.x	f25,x31	 x31:0x00000001 f25=0x00000001
     191825.000 ns	     19181	80003c68	bddbe7b7	lui	x15,0xbddbe	 x15=0xbddbe000
     191835.000 ns	     19182	80003c6c	1bb9fb13	andi	x22,x19,443	 x19:0x80040fe4 x22=0x000001a0
     191845.000 ns	     19183	80003c70	00139d33	sll	x26,x7,x1	  x7:0x00000000  x1:0x00000000 x26=0x00000000
     192175.000 ns	     19216	80003c74	1978fe53	fdiv.s	f28,f17,f23	 f17:0x6d0ad860 f23:0x383d0ee6 f28=0x7443f934
     192195.000 ns	     19218	80003c78	aa86a513	slti	x10,x13,-1368	 x13:0x00010008 x10=0x00000000
     192215.000 ns	     19220	80003c7c	c00ff4d3	fcvt.w.s	x9,f31	 f31:0x80000000  x9=0x00000000
     192245.000 ns	     19223	80003c80	c00220d3	fcvt.w.s	x1,f4	  f4:0x7fc00000  x1=0x7fffffff
     192275.000 ns	     19226	80003c84	20288d53	fsgnj.s	f26,f17,f2	 f17:0x6d0ad860  f2:0xffc00000 f26=0xed0ad860
     192645.000 ns	     19263	80003c88	038659b3	divu	x19,x12,x24	 x12:0x00000000 x24:0x01fffffe x19=0x00000000
     192695.000 ns	     19268	80003c8c	01398853	fadd.s	f16,f19,f19	 f19:0x4f000411 f19:0x4f000411 f16=0x4f800411
     192715.000 ns	     19270	80003c90	01619693	slli	x13,x3,0x16	  x3:0x00000000 x13=0x00000000
     192735.000 ns	     19272	80003c94	02a914b3	mulh	x9,x18,x10	 x18:0x00000000 x10:0x00000000  x9=0x00000000
     192755.000 ns	     19274	80003c98	2e0ab093	sltiu	x1,x21,736	 x21:0x00000000  x1=0x00000001
     192775.000 ns	     19276	80003c9c	022856b3	divu	x13,x16,x2	 x16:0x3f800000  x2:0x00000000 x13=0xffffffff
     192825.000 ns	     19281	80003ca0	0975c3d3	fsub.s	f7,f11,f23	 f11:0x00000000 f23:0x383d0ee6  f7=0xb83d0ee6
     192845.000 ns	     19283	80003ca4	00242ab3	slt	x21,x8,x2	  x8:0x00000000  x2:0x00000000 x21=0x00000000
     192875.000 ns	     19286	80003ca8	199ef1d3	fdiv.s	f3,f29,f25	 f29:0x7f800000 f25:0x00000001  f3=0x7f800000
     192895.000 ns	     19288	80003cac	85967493	andi	x9,x12,-1959	 x12:0x00000000  x9=0x00000000
     192905.000 ns	     19289	80003cb0	ed438993	addi	x19,x7,-300	  x7:0x00000000 x19=0xfffffed4
     192925.000 ns	     19291	80003cb4	02768c33	mul	x24,x13,x7	 x13:0xffffffff  x7:0x00000000 x24=0x00000000
     192945.000 ns	     19293	80003cb8	17ef9517	auipc	x10,0x17ef9	 x10=0x97efccb8
     192965.000 ns	     19295	80003cbc	02e1edb3	rem	x27,x3,x14	  x3:0x00000000 x14:0x00000000 x27=0x00000000
     192985.000 ns	     19297	80003cc0	0170d233	srl	x4,x1,x23	  x1:0x00000001 x23:0x000104d4  x4=0x00000000
     193005.000 ns	     19299	80003cc4	0245d2b3	divu	x5,x11,x4	 x11:0xffffff44  x4:0x00000000  x5=0xffffffff
     193025.000 ns	     19301	80003cc8	87d12713	slti	x14,x2,-1923	  x2:0x00000000 x14=0x00000000
     193035.000 ns	     19302	80003ccc	72023b97	auipc	x23,0x72023	 x23=0xf2026ccc
     193045.000 ns	     19303	80003cd0	d16f3813	sltiu	x16,x30,-746	 x30:0xfffff9ca x16=0x00000001
     193065.000 ns	     19305	80003cd4	e00806d3	fmv.x.w	x13,f16	 f16:0x4f800411 x13=0x4f800411
     193085.000 ns	     19307	80003cd8	010c46b3	xor	x13,x24,x16	 x24:0x00000000 x16:0x3f800000 x13=0x00000001
     193105.000 ns	     19309	80003cdc	20300153	fsgnj.s	f2,f0,f3	  f0:0xff800000  f3:0x7f800000  f2=0x7f800000
     193135.000 ns	     19312	80003ce0	d01aab53	fcvt.s.wu	f22,x21	 x21:0x00000000 f22=0x00000000
     193165.000 ns	     19315	80003ce4	a0b315d3	flt.s	x11,f6,f11	  f6:0x00010008 f11:0x00000000 x11=0x00000000
     193195.000 ns	     19318	80003ce8	c00f30d3	fcvt.w.s	x1,f30	 f30:0x00000000  x1=0x00000000
     193225.000 ns	     19321	80003cec	20e3ad53	fsgnjx.s	f26,f7,f14	  f7:0xb83d0ee6 f14:0x00000000 f26=0xb83d0ee6
     193245.000 ns	     19323	80003cf0	400e5513	srai	x10,x28,0x0	 x28:0xf506f533 x10=0xf506f533
     193255.000 ns	     19324	80003cf4	8dd06513	ori	x10,x0,-1827	  x0:0x00000000 x10=0xfffff8dd
     193265.000 ns	     19325	80003cf8	41bed813	srai	x16,x29,0x1b	 x29:0x00000001 x16=0x00000000
     193275.000 ns	     19326	80003cfc	009cfc33	and	x24,x25,x9	 x25:0x80040fe4  x9:0x00000000 x24=0x00000000
     193295.000 ns	     19328	80003d00	c0109d53	fcvt.wu.s	x26,f1	  f1:0x3f7fffae x26=0x00000000
     193325.000 ns	     19331	80003d04	a1bf88d3	fle.s	x17,f31,f27	 f31:0x80000000 f27:0x00000000 x17=0x00000001
     193355.000 ns	     19334	80003d08	0322e033	rem	x0,x5,x18	  x5:0xffffffff x18:0x00000000
     193375.000 ns	     19336	80003d0c	002a94b3	sll	x9,x21,x2	 x21:0x00000000  x2:0x00000000  x9=0x00000000
     193395.000 ns	     19338	80003d10	03a45433	divu	x8,x8,x26	  x8:0x00000000 x26:0x00000000  x8=0xffffffff
     193415.000 ns	     19340	80003d14	d0253797	auipc	x15,0xd0253	 x15=0x50256d14
     193425.000 ns	     19341	80003d18	00103933	sltu	x18,x0,x1	  x0:0x00000000  x1:0x00000000 x18=0x00000000
     193435.000 ns	     19342	80003d1c	c3278293	addi	x5,x15,-974	 x15:0xbddbe000  x5=0x50256946
     193455.000 ns	     19344	80003d20	d00c0753	fcvt.s.w	f14,x24	 x24:0x00000000 f14=0x00000000
     193475.000 ns	     19346	80003d24	0180afb3	slt	x31,x1,x24	  x1:0x00000000 x24:0x00000000 x31=0x00000000
     193835.000 ns	     19382	80003d28	033f78b3	remu	x17,x30,x19	 x30:0xfffff9ca x19:0xfffffed4 x17=0xfffff9ca
     193855.000 ns	     19384	80003d2c	441cc713	xori	x14,x25,1089	 x25:0x80040fe4 x14=0x80040ba5
     193875.000 ns	     19386	80003d30	29598953	fmin.s	f18,f19,f21	 f19:0x4f000411 f21:0x3f800000 f18=0x3f800000
     193905.000 ns	     19389	80003d34	f0080853	fmv.w.x	f16,x16	 x16:0x00000000 f16=0x00000000
     193925.000 ns	     19391	80003d38	409109b3	sub	x19,x2,x9	  x2:0x00000000  x9:0x00000000 x19=0x00000000
     193945.000 ns	     19393	80003d3c	a12b87d3	fle.s	x15,f23,f18	 f23:0x383d0ee6 f18:0x3f800000 x15=0x00000001
     193975.000 ns	     19396	80003d40	02fa35b3	mulhu	x11,x20,x15	 x20:0x00001000 x15:0x50256d14 x11=0x00000000
     193995.000 ns	     19398	80003d44	00000013	addi	x0,x0,0	  x0:0x00000000
     194005.000 ns	     19399	80003d48	4114d913	srai	x18,x9,0x11	  x9:0x00000000 x18=0x00000000
     194015.000 ns	     19400	80003d4c	cfd70d93	addi	x27,x14,-771	 x14:0x80040ba5 x27=0x800408a2
     194025.000 ns	     19401	80003d50	0125d033	srl	x0,x11,x18	 x11:0x00000000 x18:0x00000000
     194035.000 ns	     19402	80003d54	52e90d93	addi	x27,x18,1326	 x18:0x00000000 x27=0x0000052e
     194055.000 ns	     19404	80003d58	a0cd98d3	flt.s	x17,f27,f12	 f27:0x00000000 f12:0x7fc00000 x17=0x00000000
     194075.000 ns	     19406	80003d5c	40890db3	sub	x27,x18,x8	 x18:0x00000000  x8:0xffffffff x27=0x00000001
     194095.000 ns	     19408	80003d60	21ce80d3	fsgnj.s	f1,f29,f28	 f29:0x7f800000 f28:0x7443f934  f1=0x7f800000
     194125.000 ns	     19411	80003d64	0336f5b3	remu	x11,x13,x19	 x13:0x00000001 x19:0x00000000 x11=0x00000001
     194145.000 ns	     19413	80003d68	42672717	auipc	x14,0x42672	 x14=0xc2675d68
     194155.000 ns	     19414	80003d6c	017fda93	srli	x21,x31,0x17	 x31:0x00000000 x21=0x00000000
     194165.000 ns	     19415	80003d70	00a832b3	sltu	x5,x16,x10	 x16:0x00000000 x10:0xfffff8dd  x5=0x00000001
     194175.000 ns	     19416	80003d74	31c40813	addi	x16,x8,796	  x8:0xffffffff x16=0x0000031b
     194185.000 ns	     19417	80003d78	fff5f8b7	lui	x17,0xfff5f	 x17=0xfff5f000
     194205.000 ns	     19419	80003d7c	02137ab3	remu	x21,x6,x1	  x6:0x80041024  x1:0x00000000 x21=0x80041024
     194225.000 ns	     19421	80003d80	3eb06593	ori	x11,x0,1003	  x0:0x00000000 x11=0x000003eb
     194235.000 ns	     19422	80003d84	a3a80193	addi	x3,x16,-1478	 x16:0x0000031b  x3=0xfffffd55
     194275.000 ns	     19426	80003d88	005390d3	fadd.s	f1,f7,f5	  f7:0xb83d0ee6  f5:0x6d0ad860  f1=0x6d0ad860
     194645.000 ns	     19463	80003d8c	0305f6b3	remu	x13,x11,x16	 x11:0x000003eb x16:0x0000031b x13=0x000000d0
     194675.000 ns	     19466	80003d90	0320fc33	remu	x24,x1,x18	  x1:0x00000000 x18:0x00000000 x24=0x00000000
     194705.000 ns	     19469	80003d94	a1241a53	flt.s	x20,f8,f18	  f8:0x6d0ad860 f18:0x3f800000 x20=0x00000000
     194725.000 ns	     19471	80003d98	00000013	addi	x0,x0,0	  x0:0x00000000
     194745.000 ns	     19473	80003d9c	e00d9753	fclass.s	x14,f27	 f27:0x00000000 x14=0x00000010
     195115.000 ns	     19510	80003da0	0356db33	divu	x22,x13,x21	 x13:0x000000d0 x21:0x80041024 x22=0x00000000
     195155.000 ns	     19514	80003da4	18ce1fd3	fdiv.s	f31,f28,f12	 f28:0x7443f934 f12:0x7fc00000 f31=0x7fc00000
     195175.000 ns	     19516	80003da8	ef27ae97	auipc	x29,0xef27a	 x29=0x6f27dda8
     195185.000 ns	     19517	80003dac	40035233	sra	x4,x6,x0	  x6:0x80041024  x0:0x00000000  x4=0x80041024
     195205.000 ns	     19519	80003db0	0252b9b3	mulhu	x19,x5,x5	  x5:0x00000001  x5:0x00000001 x19=0x00000000
     195235.000 ns	     19522	80003db4	03c33db3	mulhu	x27,x6,x28	  x6:0x80041024 x28:0xf506f533 x27=0x7a875e28
     195255.000 ns	     19524	80003db8	0132d713	srli	x14,x5,0x13	  x5:0x00000001 x14=0x00000000
     195275.000 ns	     19526	80003dbc	a02e1953	flt.s	x18,f28,f2	 f28:0x7443f934  f2:0x7f800000 x18=0x00000001
     195295.000 ns	     19528	80003dc0	54d1b593	sltiu	x11,x3,1357	  x3:0xfffffd55 x11=0x00000000
     195335.000 ns	     19532	80003dc4	09fd3053	fsub.s	f0,f26,f31	 f26:0xb83d0ee6 f31:0x7fc00000  f0=0x7fc00000
     195365.000 ns	     19535	80003dc8	a1d89b53	flt.s	x22,f17,f29	 f17:0x6d0ad860 f29:0x7f800000 x22=0x00000001
     195385.000 ns	     19537	80003dcc	00693fb3	sltu	x31,x18,x6	 x18:0x00000001  x6:0x80041024 x31=0x00000001
     195395.000 ns	     19538	80003dd0	ff67eb93	ori	x23,x15,-10	 x15:0x00000001 x23=0xfffffff7
     195415.000 ns	     19540	80003dd4	a01110d3	flt.s	x1,f2,f1	  f2:0x7f800000  f1:0x6d0ad860  x1=0x00000000
     195435.000 ns	     19542	80003dd8	005ad293	srli	x5,x21,0x5	 x21:0x80041024  x5=0x04002081
     195445.000 ns	     19543	80003ddc	46176013	ori	x0,x14,1121	 x14:0x00000000
     195455.000 ns	     19544	80003de0	e01f6e93	ori	x29,x30,-511	 x30:0xfffff9ca x29=0xffffffcb
     195465.000 ns	     19545	80003de4	01ddeeb3	or	x29,x27,x29	 x27:0x7a875e28 x29:0x6f27dda8 x29=0xffffffeb
     196635.000 ns	     19662	80003de8	580475d3	fsqrt.s	f11,f8	  f8:0x6d0ad860 f11=0x55c45ac0
     196655.000 ns	     19664	80003dec	e7070217	auipc	x4,0xe7070	  x4=0x67073dec
     196665.000 ns	     19665	80003df0	0162f233	and	x4,x5,x22	  x5:0x04002081 x22:0x00000001  x4=0x00000001
     196675.000 ns	     19666	80003df4	0076a8b3	slt	x17,x13,x7	 x13:0x000000d0  x7:0x00000000 x17=0x00000000
     196685.000 ns	     19667	80003df8	00000013	addi	x0,x0,0	  x0:0x00000000
     197045.000 ns	     19703	80003dfc	03d8e3b3	rem	x7,x17,x29	 x17:0xfff5f000 x29:0xffffffeb  x7=0x00000000
     197075.000 ns	     19706	80003e00	293b8d53	fmin.s	f26,f23,f19	 f23:0x383d0ee6 f19:0x4f000411 f26=0x383d0ee6
     197105.000 ns	     19709	80003e04	028e3133	mulhu	x2,x28,x8	 x28:0xf506f533  x8:0xffffffff  x2=0xf506f532
     197135.000 ns	     19712	80003e08	03799433	mulh	x8,x19,x23	 x19:0x00000000 x23:0xfffffff7  x8=0x00000000
     197155.000 ns	     19714	80003e0c	8c18aa93	slti	x21,x17,-1855	 x17:0x00000000 x21=0x00000000
     197165.000 ns	     19715	80003e10	687a8693	addi	x13,x21,1671	 x21:0x80041024 x13=0x00000687
     197185.000 ns	     19717	80003e14	f00789d3	fmv.w.x	f19,x15	 x15:0x00000001 f19=0x00000001
     197235.000 ns	     19722	80003e18	08d97053	fsub.s	f0,f18,f13	 f18:0x3f800000 f13:0x7f800000  f0=0xff800000
     197265.000 ns	     19725	80003e1c	03d49233	mulh	x4,x9,x29	  x9:0x00000000 x29:0xffffffeb  x4=0x00000000
     197295.000 ns	     19728	80003e20	298c9753	fmax.s	f14,f25,f24	 f25:0x00000001 f24:0x7f800000 f14=0x7f800000
     197325.000 ns	     19731	80003e24	c0199753	fcvt.wu.s	x14,f19	 f19:0x00000001 x14=0x00000000
     197345.000 ns	     19733	80003e28	017c1693	slli	x13,x24,0x17	 x24:0x00000000 x13=0x00000000
     197365.000 ns	     19735	80003e2c	03136ab3	rem	x21,x6,x17	  x6:0x80041024 x17:0x00000000 x21=0x80041024
     197385.000 ns	     19737	80003e30	40ad8c33	sub	x24,x27,x10	 x27:0x7a875e28 x10:0xfffff8dd x24=0x7a87654b
     197395.000 ns	     19738	80003e34	40efd033	sra	x0,x31,x14	 x31:0x00000001 x14:0x00000000
     197405.000 ns	     19739	80003e38	41cb82b3	sub	x5,x23,x28	 x23:0xfffffff7 x28:0xf506f533  x5=0x0af90ac4
     197425.000 ns	     19741	80003e3c	02631c33	mulh	x24,x6,x6	  x6:0x80041024  x6:0x80041024 x24=0x3ffbefec
     197795.000 ns	     19778	80003e40	036d4033	div	x0,x26,x22	 x26:0x00000000 x22:0x00000001
     197815.000 ns	     19780	80003e44	41a7d633	sra	x12,x15,x26	 x15:0x00000001 x26:0x00000000 x12=0x00000001
     197825.000 ns	     19781	80003e48	0027b833	sltu	x16,x15,x2	 x15:0x00000001  x2:0xf506f532 x16=0x00000001
     197835.000 ns	     19782	80003e4c	01b393b3	sll	x7,x7,x27	  x7:0x00000000 x27:0x7a875e28  x7=0x00000000
     197855.000 ns	     19784	80003e50	29df0953	fmin.s	f18,f30,f29	 f30:0x00000000 f29:0x7f800000 f18=0x00000000
     197875.000 ns	     19786	80003e54	01a0f133	and	x2,x1,x26	  x1:0x00000000 x26:0x00000000  x2=0x00000000
     197885.000 ns	     19787	80003e58	01311113	slli	x2,x2,0x13	  x2:0xf506f532  x2=0x00000000
     197905.000 ns	     19789	80003e5c	02722fb3	mulhsu	x31,x4,x7	  x4:0x00000000  x7:0x00000000 x31=0x00000000
     197925.000 ns	     19791	80003e60	40ae06b3	sub	x13,x28,x10	 x28:0xf506f533 x10:0xfffff8dd x13=0xf506fc56
     197945.000 ns	     19793	80003e64	0301a233	mulhsu	x4,x3,x16	  x3:0xfffffd55 x16:0x00000001  x4=0xffffffff
     197965.000 ns	     19795	80003e68	747a8d13	addi	x26,x21,1863	 x21:0x80041024 x26=0x8004176b
     197975.000 ns	     19796	80003e6c	482c0793	addi	x15,x24,1154	 x24:0x3ffbefec x15=0x3ffbf46e
     197985.000 ns	     19797	80003e70	01bcd8b3	srl	x17,x25,x27	 x25:0x80040fe4 x27:0x7a875e28 x17=0x0080040f
     198345.000 ns	     19833	80003e74	02f175b3	remu	x11,x2,x15	  x2:0x00000000 x15:0x00000001 x11=0x00000000
     198375.000 ns	     19836	80003e78	c0147fd3	fcvt.wu.s	x31,f8	  f8:0x6d0ad860 x31=0xffffffff
     198405.000 ns	     19839	80003e7c	a0eca0d3	feq.s	x1,f25,f14	 f25:0x00000001 f14:0x7f800000  x1=0x00000000
     198435.000 ns	     19842	80003e80	20dfae53	fsgnjx.s	f28,f31,f13	 f31:0x7fc00000 f13:0x7f800000 f28=0x7fc00000
     198465.000 ns	     19845	80003e84	d00a09d3	fcvt.s.w	f19,x20	 x20:0x00000000 f19=0x00000000
     198495.000 ns	     19848	80003e88	e00c1d53	fclass.s	x26,f24	 f24:0x7f800000 x26=0x00000080
     198515.000 ns	     19850	80003e8c	00000013	addi	x0,x0,0	  x0:0x00000000
     198875.000 ns	     19886	80003e90	02614033	div	x0,x2,x6	  x2:0x00000000  x6:0x80041024
     198925.000 ns	     19891	80003e94	00220453	fadd.s	f8,f4,f2	  f4:0x7fc00000  f2:0x7f800000  f8=0x7fc00000
     198965.000 ns	     19895	80003e98	1028fed3	fmul.s	f29,f17,f2	 f17:0x6d0ad860  f2:0x7f800000 f29=0x7f800000
     198985.000 ns	     19897	80003e9c	77c35917	auipc	x18,0x77c35	 x18=0xf7c38e9c
     198995.000 ns	     19898	80003ea0	01545fb3	srl	x31,x8,x21	  x8:0x00000000 x21:0x80041024 x31=0x00000000
     199005.000 ns	     19899	80003ea4	00f19793	slli	x15,x3,0xf	  x3:0xfffffd55 x15=0xfeaa8000
     199025.000 ns	     19901	80003ea8	f0000953	fmv.w.x	f18,x0	  x0:0x00000000 f18=0x00000000
     199055.000 ns	     19904	80003eac	29200453	fmin.s	f8,f0,f18	  f0:0xff800000 f18:0x00000000  f8=0xff800000
     199085.000 ns	     19907	80003eb0	d019fe53	fcvt.s.wu	f28,x19	 x19:0x00000000 f28=0x00000000
     199105.000 ns	     19909	80003eb4	00ffd4b3	srl	x9,x31,x15	 x31:0x00000000 x15:0xfeaa8000  x9=0x00000000
     199125.000 ns	     19911	80003eb8	e0011253	fclass.s	x4,f2	  f2:0x7f800000  x4=0x00000080
     199155.000 ns	     19914	80003ebc	03a5b0b3	mulhu	x1,x11,x26	 x11:0x00000000 x26:0x00000080  x1=0x00000000
     199175.000 ns	     19916	80003ec0	014b8833	add	x16,x23,x20	 x23:0xfffffff7 x20:0x00000000 x16=0xfffffff7
     199195.000 ns	     19918	80003ec4	e00310d3	fclass.s	x1,f6	  f6:0x00010008  x1=0x00000020
     199245.000 ns	     19923	80003ec8	08bef3d3	fsub.s	f7,f29,f11	 f29:0x7f800000 f11:0x55c45ac0  f7=0x7f800000
     199285.000 ns	     19927	80003ecc	187a7f53	fdiv.s	f30,f20,f7	 f20:0x4c9ccb54  f7:0xb83d0ee6 f30=0x00000000
     199315.000 ns	     19930	80003ed0	027ba1b3	mulhsu	x3,x23,x7	 x23:0xfffffff7  x7:0x00000000  x3=0x00000000
     199345.000 ns	     19933	80003ed4	e0078553	fmv.x.w	x10,f15	 f15:0x3f800000 x10=0x3f800000
     199375.000 ns	     19936	80003ed8	023cfd33	remu	x26,x25,x3	 x25:0x80040fe4  x3:0x00000000 x26=0x80040fe4
     199405.000 ns	     19939	80003edc	f00e0453	fmv.w.x	f8,x28	 x28:0xf506f533  f8=0xf506f533
     199775.000 ns	     19976	80003ee0	03025bb3	divu	x23,x4,x16	  x4:0x00000080 x16:0xfffffff7 x23=0x00000000
     199795.000 ns	     19978	80003ee4	01b41d13	slli	x26,x8,0x1b	  x8:0x00000000 x26=0x00000000
     199805.000 ns	     19979	80003ee8	01a88733	add	x14,x17,x26	 x17:0x0080040f x26:0x80040fe4 x14=0x0080040f
     199815.000 ns	     19980	80003eec	6c311d97	auipc	x27,0x6c311	 x27=0xec314eec
     199825.000 ns	     19981	80003ef0	b9e64813	xori	x16,x12,-1122	 x12:0x00000001 x16=0xfffffb9f
     199845.000 ns	     19983	80003ef4	28558653	fmin.s	f12,f11,f5	 f11:0x55c45ac0  f5:0x6d0ad860 f12=0x55c45ac0
     199865.000 ns	     19985	80003ef8	000ac6b3	xor	x13,x21,x0	 x21:0x80041024  x0:0x00000000 x13=0x80041024
     199875.000 ns	     19986	80003efc	00069bb3	sll	x23,x13,x0	 x13:0xf506fc56  x0:0x00000000 x23=0x80041024
     200235.000 ns	     20022	80003f00	02e875b3	remu	x11,x16,x14	 x16:0xfffffb9f x14:0x0080040f x11=0x0077e1ae
     200605.000 ns	     20059	80003f04	026c6833	rem	x16,x24,x6	 x24:0x3ffbefec  x6:0x80041024 x16=0x3ffbefec
     200635.000 ns	     20062	80003f08	20372153	fsgnjx.s	f2,f14,f3	 f14:0x7f800000  f3:0x7f800000  f2=0x7f800000
     200655.000 ns	     20064	80003f0c	01fa1213	slli	x4,x20,0x1f	 x20:0x00000000  x4=0x00000000
     200695.000 ns	     20068	80003f10	0051afd3	fadd.s	f31,f3,f5	  f3:0x7f800000  f5:0x6d0ad860 f31=0x7f800000
     200725.000 ns	     20071	80003f14	03553d33	mulhu	x26,x10,x21	 x10:0x3f800000 x21:0x80041024 x26=0x1fc10200
     200755.000 ns	     20074	80003f18	e00905d3	fmv.x.w	x11,f18	 f18:0x00000000 x11=0x00000000
     200785.000 ns	     20077	80003f1c	02b50f33	mul	x30,x10,x11	 x10:0x3f800000 x11:0x0077e1ae x30=0x00000000
     200805.000 ns	     20079	80003f20	416e5a93	srai	x21,x28,0x16	 x28:0xf506f533 x21=0xffffffd4
     200825.000 ns	     20081	80003f24	a1951553	flt.s	x10,f10,f25	 f10:0x7fc00000 f25:0x00000001 x10=0x00000000
     200855.000 ns	     20084	80003f28	f0080453	fmv.w.x	f8,x16	 x16:0x3ffbefec  f8=0x3ffbefec
     200875.000 ns	     20086	80003f2c	ce746213	ori	x4,x8,-793	  x8:0x00000000  x4=0xfffffce7
     200895.000 ns	     20088	80003f30	215983d3	fsgnj.s	f7,f19,f21	 f19:0x00000000 f21:0x3f800000  f7=0x00000000
     200915.000 ns	     20090	80003f34	018eac33	slt	x24,x29,x24	 x29:0xffffffeb x24:0x3ffbefec x24=0x00000001
     200935.000 ns	     20092	80003f38	02b82233	mulhsu	x4,x16,x11	 x16:0x3ffbefec x11:0x00000000  x4=0x00000000
     200975.000 ns	     20096	80003f3c	58017853	fsqrt.s	f16,f2	  f2:0x7f800000 f16=0x7f800000
     200995.000 ns	     20098	80003f40	3db4f093	andi	x1,x9,987	  x9:0x00000000  x1=0x00000000
     201015.000 ns	     20100	80003f44	c015fed3	fcvt.wu.s	x29,f11	 f11:0x55c45ac0 x29=0xffffffff
     201045.000 ns	     20103	80003f48	21f397d3	fsgnjn.s	f15,f7,f31	  f7:0x00000000 f31:0x7f800000 f15=0x80000000
     201065.000 ns	     20105	80003f4c	d6d33b93	sltiu	x23,x6,-659	  x6:0x80041024 x23=0x00000001
     201075.000 ns	     20106	80003f50	2b204d37	lui	x26,0x2b204	 x26=0x2b204000
     201095.000 ns	     20108	80003f54	025b97b3	mulh	x15,x23,x5	 x23:0x80041024  x5:0x0af90ac4 x15=0x00000000
     201115.000 ns	     20110	80003f58	414d8433	sub	x8,x27,x20	 x27:0xec314eec x20:0x00000000  x8=0xec314eec
     201125.000 ns	     20111	80003f5c	0168e4b3	or	x9,x17,x22	 x17:0x0080040f x22:0x00000001  x9=0x0080040f
     201145.000 ns	     20113	80003f60	c0117753	fcvt.wu.s	x14,f2	  f2:0x7f800000 x14=0xffffffff
     201185.000 ns	     20117	80003f64	10971bd3	fmul.s	f23,f14,f9	 f14:0x7f800000  f9:0xcf73fa50 f23=0xff800000
     201205.000 ns	     20119	80003f68	5184ef93	ori	x31,x9,1304	  x9:0x0080040f x31=0x0080051f
     201215.000 ns	     20120	80003f6c	b66d6b93	ori	x23,x26,-1178	 x26:0x2b204000 x23=0xfffffb66
     201225.000 ns	     20121	80003f70	476d1717	auipc	x14,0x476d1	 x14=0xc76d4f70
     201235.000 ns	     20122	80003f74	4051ac13	slti	x24,x3,1029	  x3:0x00000000 x24=0x00000001
     201275.000 ns	     20126	80003f78	081720d3	fsub.s	f1,f14,f1	 f14:0x7f800000  f1:0x6d0ad860  f1=0x7f800000
     201295.000 ns	     20128	80003f7c	c8c17113	andi	x2,x2,-884	  x2:0x00000000  x2=0x00000000
     201305.000 ns	     20129	80003f80	014bc5b3	xor	x11,x23,x20	 x23:0xfffffb66 x20:0x00000000 x11=0xfffffb66
     201325.000 ns	     20131	80003f84	c003f153	fcvt.w.s	x2,f7	  f7:0x00000000  x2=0x00000000
     201355.000 ns	     20134	80003f88	f0078353	fmv.w.x	f6,x15	 x15:0x00000000  f6=0x00000000
     201385.000 ns	     20137	80003f8c	295086d3	fmin.s	f13,f1,f21	  f1:0x7f800000 f21:0x3f800000 f13=0x3f800000
     201415.000 ns	     20140	80003f90	d0117053	fcvt.s.wu	f0,x2	  x2:0x00000000  f0=0x00000000
     201445.000 ns	     20143	80003f94	e00f1d53	fclass.s	x26,f30	 f30:0x00000000 x26=0x00000010
     201465.000 ns	     20145	80003f98	2f26e513	ori	x10,x13,754	 x13:0x80041024 x10=0x800412f6
     201495.000 ns	     20148	80003f9c	58087053	fsqrt.s	f0,f16	 f16:0x7f800000  f0=0x7f800000
     201865.000 ns	     20185	80003fa0	035c6c33	rem	x24,x24,x21	 x24:0x00000001 x21:0xffffffd4 x24=0x00000001
     201895.000 ns	     20188	80003fa4	a0c30653	fle.s	x12,f6,f12	  f6:0x00000000 f12:0x55c45ac0 x12=0x00000001
     201915.000 ns	     20190	80003fa8	41e55493	srai	x9,x10,0x1e	 x10:0x800412f6  x9=0xfffffffe
     201935.000 ns	     20192	80003fac	290502d3	fmin.s	f5,f10,f16	 f10:0x7fc00000 f16:0x7f800000  f5=0x7f800000
     201965.000 ns	     20195	80003fb0	a09f27d3	feq.s	x15,f30,f9	 f30:0x00000000  f9:0xcf73fa50 x15=0x00000000
     201985.000 ns	     20197	80003fb4	d9d7c413	xori	x8,x15,-611	 x15:0x00000000  x8=0xfffffd9d
     202005.000 ns	     20199	80003fb8	20b42253	fsgnjx.s	f4,f8,f11	  f8:0x3ffbefec f11:0x55c45ac0  f4=0x3ffbefec
     202055.000 ns	     20204	80003fbc	0034aed3	fadd.s	f29,f9,f3	  f9:0xcf73fa50  f3:0x7f800000 f29=0x7f800000
     202085.000 ns	     20207	80003fc0	208828d3	fsgnjx.s	f17,f16,f8	 f16:0x7f800000  f8:0x3ffbefec f17=0x7f800000
     202125.000 ns	     20211	80003fc4	18040053	fdiv.s	f0,f8,f0	  f8:0x3ffbefec  f0:0x7f800000  f0=0x00000000
     202155.000 ns	     20214	80003fc8	03e9eb33	rem	x22,x19,x30	 x19:0x00000000 x30:0x00000000 x22=0x00000000
     202175.000 ns	     20216	80003fcc	dd562a13	slti	x20,x12,-555	 x12:0x00000001 x20=0x00000000
     202185.000 ns	     20217	80003fd0	006a9fb3	sll	x31,x21,x6	 x21:0xffffffd4  x6:0x80041024 x31=0xfffffd40
     202205.000 ns	     20219	80003fd4	e0081653	fclass.s	x12,f16	 f16:0x7f800000 x12=0x00000080
     202255.000 ns	     20224	80003fd8	00b2cb53	fadd.s	f22,f5,f11	  f5:0x7f800000 f11:0x55c45ac0 f22=0x7f800000
     202275.000 ns	     20226	80003fdc	408a5b93	srai	x23,x20,0x8	 x20:0x00000000 x23=0x00000000
     202285.000 ns	     20227	80003fe0	00535a33	srl	x20,x6,x5	  x6:0x80041024  x5:0x0af90ac4 x20=0x08004102
     202305.000 ns	     20229	80003fe4	022f8ab3	mul	x21,x31,x2	 x31:0xfffffd40  x2:0x00000000 x21=0x00000000
     202325.000 ns	     20231	80003fe8	00000013	addi	x0,x0,0	  x0:0x00000000
     202345.000 ns	     20233	80003fec	d0010ad3	fcvt.s.w	f21,x2	  x2:0x00000000 f21=0x00000000
     202395.000 ns	     20238	80003ff0	09baaa53	fsub.s	f20,f21,f27	 f21:0x3f800000 f27:0x00000000 f20=0x80000000
     202415.000 ns	     20240	80003ff4	33f7ca13	xori	x20,x15,831	 x15:0x00000000 x20=0x0000033f
     202435.000 ns	     20242	80003ff8	a1da0c53	fle.s	x24,f20,f29	 f20:0x80000000 f29:0x7f800000 x24=0x00000001
     202465.000 ns	     20245	80003ffc	02f0c3b3	div	x7,x1,x15	  x1:0x00000000 x15:0x00000000  x7=0xffffffff
     202515.000 ns	     20250	80004000	09087a53	fsub.s	f20,f16,f16	 f16:0x7f800000 f16:0x7f800000 f20=0x80000000
     203695.000 ns	     20368	80004004	58047c53	fsqrt.s	f24,f8	  f8:0x3ffbefec f24=0x3fb39396
     203715.000 ns	     20370	80004008	40635eb3	sra	x29,x6,x6	  x6:0x80041024  x6:0x80041024 x29=0xf8004102
     203725.000 ns	     20371	8000400c	ddb070b7	lui	x1,0xddb07	  x1=0xddb07000
     203735.000 ns	     20372	80004010	017888b3	add	x17,x17,x23	 x17:0x0080040f x23:0x00000000 x17=0x0080040f
     203745.000 ns	     20373	80004014	41768533	sub	x10,x13,x23	 x13:0x80041024 x23:0x00000000 x10=0x80041024
     203765.000 ns	     20375	80004018	027ebc33	mulhu	x24,x29,x7	 x29:0xf8004102  x7:0xffffffff x24=0xf8004101
     203795.000 ns	     20378	8000401c	a0259c53	flt.s	x24,f11,f2	 f11:0x55c45ac0  f2:0x7f800000 x24=0x00000001
     203815.000 ns	     20380	80004020	69ef0393	addi	x7,x30,1694	 x30:0x00000000  x7=0x0000069e
     203855.000 ns	     20384	80004024	0989fc53	fsub.s	f24,f19,f24	 f19:0x00000000 f24:0x3fb39396 f24=0xbfb39396
     203885.000 ns	     20387	80004028	20331753	fsgnjn.s	f14,f6,f3	  f6:0x00000000  f3:0x7f800000 f14=0x80000000
     203915.000 ns	     20390	8000402c	28810bd3	fmin.s	f23,f2,f8	  f2:0x7f800000  f8:0x3ffbefec f23=0x3ffbefec
     203945.000 ns	     20393	80004030	0229e633	rem	x12,x19,x2	 x19:0x00000000  x2:0x00000000 x12=0x00000000
     203975.000 ns	     20396	80004034	299480d3	fmin.s	f1,f9,f25	  f9:0xcf73fa50 f25:0x00000001  f1=0xcf73fa50
     203995.000 ns	     20398	80004038	403d5093	srai	x1,x26,0x3	 x26:0x00000010  x1=0x00000002
     204005.000 ns	     20399	8000403c	403ad913	srai	x18,x21,0x3	 x21:0x00000000 x18=0x00000000
     204015.000 ns	     20400	80004040	008d03b3	add	x7,x26,x8	 x26:0x00000010  x8:0xfffffd9d  x7=0xfffffdad
     204035.000 ns	     20402	80004044	296f0b53	fmin.s	f22,f30,f22	 f30:0x00000000 f22:0x7f800000 f22=0x00000000
     204065.000 ns	     20405	80004048	0344b6b3	mulhu	x13,x9,x20	  x9:0xfffffffe x20:0x0000033f x13=0x0000033e
     204085.000 ns	     20407	8000404c	0164ea33	or	x20,x9,x22	  x9:0xfffffffe x22:0x00000000 x20=0xfffffffe
     204095.000 ns	     20408	80004050	01bd3fb3	sltu	x31,x26,x27	 x26:0x00000010 x27:0xec314eec x31=0x00000001
     204105.000 ns	     20409	80004054	00365d13	srli	x26,x12,0x3	 x12:0x00000000 x26=0x00000000
     204115.000 ns	     20410	80004058	00befeb3	and	x29,x29,x11	 x29:0xf8004102 x11:0xfffffb66 x29=0xf8004102
     204135.000 ns	     20412	8000405c	202501d3	fsgnj.s	f3,f10,f2	 f10:0x7fc00000  f2:0x7f800000  f3=0x7fc00000
     204165.000 ns	     20415	80004060	d00b7853	fcvt.s.w	f16,x22	 x22:0x00000000 f16=0x00000000
     204535.000 ns	     20452	80004064	03be7633	remu	x12,x28,x27	 x28:0xf506f533 x27:0xec314eec x12=0x08d5a647
     204565.000 ns	     20455	80004068	0232ca33	div	x20,x5,x3	  x5:0x0af90ac4  x3:0x00000000 x20=0xffffffff
     204595.000 ns	     20458	8000406c	d0009a53	fcvt.s.w	f20,x1	  x1:0x00000002 f20=0x40000000
     204615.000 ns	     20460	80004070	e6412a17	auipc	x20,0xe6412	 x20=0x66416070
     204625.000 ns	     20461	80004074	0057b5b3	sltu	x11,x15,x5	 x15:0x00000000  x5:0x0af90ac4 x11=0x00000001
     204655.000 ns	     20464	80004078	10f0ff53	fmul.s	f30,f1,f15	  f1:0xcf73fa50 f15:0x80000000 f30=0x00000000
     204675.000 ns	     20466	8000407c	409dd733	sra	x14,x27,x9	 x27:0xec314eec  x9:0xfffffffe x14=0xffffffff
     204685.000 ns	     20467	80004080	008281b3	add	x3,x5,x8	  x5:0x0af90ac4  x8:0xfffffd9d  x3=0x0af90861
     204695.000 ns	     20468	80004084	00d4e233	or	x4,x9,x13	  x9:0xfffffffe x13:0x0000033e  x4=0xfffffffe
     204705.000 ns	     20469	80004088	a59e7713	andi	x14,x28,-1447	 x28:0xf506f533 x14=0xf506f011
     204735.000 ns	     20472	8000408c	19d5af53	fdiv.s	f30,f11,f29	 f11:0x55c45ac0 f29:0x7f800000 f30=0x00000000
     204765.000 ns	     20475	80004090	d00a2153	fcvt.s.w	f2,x20	 x20:0x66416070  f2=0x4ecc82c1
     204785.000 ns	     20477	80004094	50aab637	lui	x12,0x50aab	 x12=0x50aab000
     204805.000 ns	     20479	80004098	29b69fd3	fmax.s	f31,f13,f27	 f13:0x3f800000 f27:0x00000000 f31=0x3f800000
     204835.000 ns	     20482	8000409c	20de1953	fsgnjn.s	f18,f28,f13	 f28:0x00000000 f13:0x3f800000 f18=0x80000000
     205205.000 ns	     20519	800040a0	03f1cf33	div	x30,x3,x31	  x3:0x0af90861 x31:0x00000001 x30=0x0af90861
     205225.000 ns	     20521	800040a4	01f39993	slli	x19,x7,0x1f	  x7:0xfffffdad x19=0x80000000
     205235.000 ns	     20522	800040a8	00000013	addi	x0,x0,0	  x0:0x00000000
     205255.000 ns	     20524	800040ac	d0027a53	fcvt.s.w	f20,x4	  x4:0xfffffffe f20=0xc0000000
     205275.000 ns	     20526	800040b0	0098fb33	and	x22,x17,x9	 x17:0x0080040f  x9:0xfffffffe x22=0x0080040e
     205295.000 ns	     20528	800040b4	036bbd33	mulhu	x26,x23,x22	 x23:0x00000000 x22:0x00000000 x26=0x00000000
     205315.000 ns	     20530	800040b8	0064d213	srli	x4,x9,0x6	  x9:0xfffffffe  x4=0x03ffffff
     205325.000 ns	     20531	800040bc	007cdc13	srli	x24,x25,0x7	 x25:0x80040fe4 x24=0x0100081f
     205685.000 ns	     20567	800040c0	02b2d433	divu	x8,x5,x11	  x5:0x0af90ac4 x11:0x00000001  x8=0x0af90ac4
     205715.000 ns	     20570	800040c4	a0992a53	feq.s	x20,f18,f9	 f18:0x80000000  f9:0xcf73fa50 x20=0x00000000
     205745.000 ns	     20573	800040c8	e0018c53	fmv.x.w	x24,f3	  f3:0x7fc00000 x24=0x7fc00000
     205765.000 ns	     20575	800040cc	00000013	addi	x0,x0,0	  x0:0x00000000
     205785.000 ns	     20577	800040d0	02808733	mul	x14,x1,x8	  x1:0x00000002  x8:0x0af90ac4 x14=0x15f21588
     205805.000 ns	     20579	800040d4	0075d633	srl	x12,x11,x7	 x11:0x00000001  x7:0xfffffdad x12=0x00000000
     205825.000 ns	     20581	800040d8	03b70ab3	mul	x21,x14,x27	 x14:0x15f21588 x27:0xec314eec x21=0x7cc34960
     207005.000 ns	     20699	800040dc	580fcad3	fsqrt.s	f21,f31	 f31:0x3f800000 f21=0x3f7fffae
     207035.000 ns	     20702	800040e0	20868953	fsgnj.s	f18,f13,f8	 f13:0x3f800000  f8:0x3ffbefec f18=0x3f800000
     207055.000 ns	     20704	800040e4	013f1c13	slli	x24,x30,0x13	 x30:0x0af90861 x24=0x43080000
     207075.000 ns	     20706	800040e8	03840833	mul	x16,x8,x24	  x8:0x0af90ac4 x24:0x7fc00000 x16=0xa2200000
     207095.000 ns	     20708	800040ec	6476c193	xori	x3,x13,1607	 x13:0x0000033e  x3=0x00000579
     207115.000 ns	     20710	800040f0	f00300d3	fmv.w.x	f1,x6	  x6:0x80041024  f1=0x80041024
     207485.000 ns	     20747	800040f4	0230c7b3	div	x15,x1,x3	  x1:0x00000002  x3:0x0af90861 x15=0x00000000
     207505.000 ns	     20749	800040f8	004ec033	xor	x0,x29,x4	 x29:0xf8004102  x4:0x03ffffff
     207515.000 ns	     20750	800040fc	0043a7b3	slt	x15,x7,x4	  x7:0xfffffdad  x4:0x03ffffff x15=0x00000001
     207525.000 ns	     20751	80004100	004a93b3	sll	x7,x21,x4	 x21:0x7cc34960  x4:0x03ffffff  x7=0x00000000
     207565.000 ns	     20755	80004104	093e8cd3	fsub.s	f25,f29,f19	 f29:0x7f800000 f19:0x00000000 f25=0x7f800000
     207595.000 ns	     20758	80004108	21eb25d3	fsgnjx.s	f11,f22,f30	 f22:0x00000000 f30:0x00000000 f11=0x00000000
     207615.000 ns	     20760	8000410c	419c0533	sub	x10,x24,x25	 x24:0x43080000 x25:0x80040fe4 x10=0xc303f01c
     207635.000 ns	     20762	80004110	a0b8a7d3	feq.s	x15,f17,f11	 f17:0x7f800000 f11:0x00000000 x15=0x00000000
     207665.000 ns	     20765	80004114	212a9b53	fsgnjn.s	f22,f21,f18	 f21:0x3f7fffae f18:0x3f800000 f22=0xbf7fffae
     207695.000 ns	     20768	80004118	284e0953	fmin.s	f18,f28,f4	 f28:0x00000000  f4:0x3ffbefec f18=0x00000000
     207715.000 ns	     20770	8000411c	b21cfb13	andi	x22,x25,-1247	 x25:0x80040fe4 x22=0x80040b20
     207735.000 ns	     20772	80004120	02a59933	mulh	x18,x11,x10	 x11:0x00000001 x10:0xc303f01c x18=0xffffffff
     207755.000 ns	     20774	80004124	1168f593	andi	x11,x17,278	 x17:0x0080040f x11=0x00000006
     207775.000 ns	     20776	80004128	f0028253	fmv.w.x	f4,x5	  x5:0x0af90ac4  f4=0x0af90ac4
     207825.000 ns	     20781	8000412c	089883d3	fsub.s	f7,f17,f9	 f17:0x7f800000  f9:0xcf73fa50  f7=0x7f800000
     207845.000 ns	     20783	80004130	4087d013	srai	x0,x15,0x8	 x15:0x00000000
     207865.000 ns	     20785	80004134	e00e82d3	fmv.x.w	x5,f29	 f29:0x7f800000  x5=0x7f800000
     207885.000 ns	     20787	80004138	75634493	xori	x9,x6,1878	  x6:0x80041024  x9=0x80041772
     207905.000 ns	     20789	8000413c	0227d0b3	divu	x1,x15,x2	 x15:0x00000000  x2:0x00000000  x1=0xffffffff
     207925.000 ns	     20791	80004140	ecc82c13	slti	x24,x16,-308	 x16:0xa2200000 x24=0x00000001
     207935.000 ns	     20792	80004144	5950bd13	sltiu	x26,x1,1429	  x1:0xffffffff x26=0x00000000
     207955.000 ns	     20794	80004148	a1622453	feq.s	x8,f4,f22	  f4:0x0af90ac4 f22:0xbf7fffae  x8=0x00000000
     208325.000 ns	     20831	8000414c	03127833	remu	x16,x4,x17	  x4:0x03ffffff x17:0x0080040f x16=0x007fe396
     208355.000 ns	     20834	80004150	209b01d3	fsgnj.s	f3,f22,f9	 f22:0xbf7fffae  f9:0xcf73fa50  f3=0xbf7fffae
     208375.000 ns	     20836	80004154	000b9d33	sll	x26,x23,x0	 x23:0x00000000  x0:0x00000000 x26=0x00000000
     208395.000 ns	     20838	80004158	0228df33	divu	x30,x17,x2	 x17:0x0080040f  x2:0x00000000 x30=0xffffffff
     208435.000 ns	     20842	8000415c	11b3f653	fmul.s	f12,f7,f27	  f7:0x7f800000 f27:0x00000000 f12=0x7fc00000
     208465.000 ns	     20845	80004160	a16a2d53	feq.s	x26,f20,f22	 f20:0xc0000000 f22:0xbf7fffae x26=0x00000000
     208485.000 ns	     20847	80004164	5209c693	xori	x13,x19,1312	 x19:0x80000000 x13=0x80000520
     208495.000 ns	     20848	80004168	017a5033	srl	x0,x20,x23	 x20:0x00000000 x23:0x00000000
     208855.000 ns	     20884	8000416c	031966b3	rem	x13,x18,x17	 x18:0xffffffff x17:0x0080040f x13=0xffffffff
     209225.000 ns	     20921	80004170	03f5d033	divu	x0,x11,x31	 x11:0x00000006 x31:0x00000001
     209245.000 ns	     20923	80004174	0dca8793	addi	x15,x21,220	 x21:0x7cc34960 x15=0x7cc34a3c
     209265.000 ns	     20925	80004178	280582d3	fmin.s	f5,f11,f0	 f11:0x00000000  f0:0x00000000  f5=0x00000000
     209285.000 ns	     20927	8000417c	00000013	addi	x0,x0,0	  x0:0x00000000
     209295.000 ns	     20928	80004180	4007d393	srai	x7,x15,0x0	 x15:0x7cc34a3c  x7=0x7cc34a3c
     209315.000 ns	     20930	80004184	e00882d3	fmv.x.w	x5,f17	 f17:0x7f800000  x5=0x7f800000
     209335.000 ns	     20932	80004188	00ae5633	srl	x12,x28,x10	 x28:0xf506f533 x10:0xc303f01c x12=0x0000000f
     209345.000 ns	     20933	8000418c	00f19493	slli	x9,x3,0xf	  x3:0x00000579  x9=0x02bc8000
     209365.000 ns	     20935	80004190	a03a8553	fle.s	x10,f21,f3	 f21:0x3f7fffae  f3:0xbf7fffae x10=0x00000000
     209395.000 ns	     20938	80004194	21c020d3	fsgnjx.s	f1,f0,f28	  f0:0x00000000 f28:0x00000000  f1=0x00000000
     209425.000 ns	     20941	80004198	a1b3a0d3	feq.s	x1,f7,f27	  f7:0x7f800000 f27:0x00000000  x1=0x00000000
     209445.000 ns	     20943	8000419c	00000013	addi	x0,x0,0	  x0:0x00000000
     209465.000 ns	     20945	800041a0	02f024b3	mulhsu	x9,x0,x15	  x0:0x00000000 x15:0x7cc34a3c  x9=0x00000000
     209505.000 ns	     20949	800041a4	118d9553	fmul.s	f10,f27,f24	 f27:0x00000000 f24:0xbfb39396 f10=0x80000000
     209555.000 ns	     20954	800041a8	09557053	fsub.s	f0,f10,f21	 f10:0x7fc00000 f21:0x3f7fffae  f0=0xbf7fffae
     209575.000 ns	     20956	800041ac	e947a813	slti	x16,x15,-364	 x15:0x7cc34a3c x16=0x00000000
     209615.000 ns	     20960	800041b0	08d328d3	fsub.s	f17,f6,f13	  f6:0x00000000 f13:0x3f800000 f17=0xbf800000
     209645.000 ns	     20963	800041b4	a13003d3	fle.s	x7,f0,f19	  f0:0xbf7fffae f19:0x00000000  x7=0x00000001
     209665.000 ns	     20965	800041b8	01a79293	slli	x5,x15,0x1a	 x15:0x7cc34a3c  x5=0xf0000000
     209705.000 ns	     20969	800041bc	001cf853	fadd.s	f16,f25,f1	 f25:0x7f800000  f1:0x00000000 f16=0x7f800000
     209735.000 ns	     20972	800041c0	e00a0b53	fmv.x.w	x22,f20	 f20:0xc0000000 x22=0xc0000000
     209765.000 ns	     20975	800041c4	02500f33	mul	x30,x0,x5	  x0:0x00000000  x5:0xf0000000 x30=0x00000000
     209795.000 ns	     20978	800041c8	e00d07d3	fmv.x.w	x15,f26	 f26:0x383d0ee6 x15=0x383d0ee6
     209815.000 ns	     20980	800041cc	01c28733	add	x14,x5,x28	  x5:0xf0000000 x28:0xf506f533 x14=0xe506f533
     209825.000 ns	     20981	800041d0	014cfb33	and	x22,x25,x20	 x25:0x80040fe4 x20:0x00000000 x22=0x00000000
     209845.000 ns	     20983	800041d4	03e853b3	divu	x7,x16,x30	 x16:0x00000000 x30:0x00000000  x7=0xffffffff
     209865.000 ns	     20985	800041d8	23063393	sltiu	x7,x12,560	 x12:0x0000000f  x7=0x00000001
     209875.000 ns	     20986	800041dc	019e3733	sltu	x14,x28,x25	 x28:0xf506f533 x25:0x80040fe4 x14=0x00000000
     209915.000 ns	     20990	800041e0	094df9d3	fsub.s	f19,f27,f20	 f27:0x00000000 f20:0xc0000000 f19=0x40000000
     209955.000 ns	     20994	800041e4	183f0353	fdiv.s	f6,f30,f3	 f30:0x00000000  f3:0xbf7fffae  f6=0x80000000
     209985.000 ns	     20997	800041e8	037516b3	mulh	x13,x10,x23	 x10:0x00000000 x23:0x00000000 x13=0x00000000
     210015.000 ns	     21000	800041ec	c011f3d3	fcvt.wu.s	x7,f3	  f3:0xbf7fffae  x7=0x00000000
     210035.000 ns	     21002	800041f0	41425213	srai	x4,x4,0x14	  x4:0x03ffffff  x4=0x0000003f
     210045.000 ns	     21003	800041f4	011b5f93	srli	x31,x22,0x11	 x22:0x00000000 x31=0x00000000
     210065.000 ns	     21005	800041f8	020821b3	mulhsu	x3,x16,x0	 x16:0x00000000  x0:0x00000000  x3=0x00000000
     210085.000 ns	     21007	800041fc	01ec0b33	add	x22,x24,x30	 x24:0x00000001 x30:0x00000000 x22=0x00000001
     210105.000 ns	     21009	80004200	a1d2abd3	feq.s	x23,f5,f29	  f5:0x00000000 f29:0x7f800000 x23=0x00000000
     210135.000 ns	     21012	80004204	a1f80fd3	fle.s	x31,f16,f31	 f16:0x7f800000 f31:0x3f800000 x31=0x00000000
     210155.000 ns	     21014	80004208	41d881b3	sub	x3,x17,x29	 x17:0x0080040f x29:0xf8004102  x3=0x087fc30d
     210175.000 ns	     21016	8000420c	f00e8f53	fmv.w.x	f30,x29	 x29:0xf8004102 f30=0xf8004102
     210195.000 ns	     21018	80004210	00c94633	xor	x12,x18,x12	 x18:0xffffffff x12:0x0000000f x12=0xfffffff0
     210215.000 ns	     21020	80004214	0213ef33	rem	x30,x7,x1	  x7:0x00000000  x1:0x00000000 x30=0x00000000
     210245.000 ns	     21023	80004218	c01d38d3	fcvt.wu.s	x17,f26	 f26:0x383d0ee6 x17=0x00000001
     210265.000 ns	     21025	8000421c	008852b3	srl	x5,x16,x8	 x16:0x00000000  x8:0x00000000  x5=0x00000000
     210625.000 ns	     21061	80004220	02c16433	rem	x8,x2,x12	  x2:0x00000000 x12:0xfffffff0  x8=0x00000000
     210645.000 ns	     21063	80004224	82356f13	ori	x30,x10,-2013	 x10:0x00000000 x30=0xfffff823
     210665.000 ns	     21065	80004228	d01df8d3	fcvt.s.wu	f17,x27	 x27:0xec314eec f17=0x4f6c314e
     210695.000 ns	     21068	8000422c	c01afed3	fcvt.wu.s	x29,f21	 f21:0x3f7fffae x29=0x00000000
     210715.000 ns	     21070	80004230	405bddb3	sra	x27,x23,x5	 x23:0x00000000  x5:0x00000000 x27=0x00000000
     210725.000 ns	     21071	80004234	414bd3b3	sra	x7,x23,x20	 x23:0x00000000 x20:0x00000000  x7=0x00000000
     210765.000 ns	     21075	80004238	016018d3	fadd.s	f17,f0,f22	  f0:0xbf7fffae f22:0xbf7fffae f17=0xbfffffae
     210795.000 ns	     21078	8000423c	a0f212d3	flt.s	x5,f4,f15	  f4:0x0af90ac4 f15:0x80000000  x5=0x00000000
     210815.000 ns	     21080	80004240	006dc233	xor	x4,x27,x6	 x27:0x00000000  x6:0x80041024  x4=0x80041024
     210825.000 ns	     21081	80004244	41b98433	sub	x8,x19,x27	 x19:0x80000000 x27:0x00000000  x8=0x80000000
     210845.000 ns	     21083	80004248	037700b3	mul	x1,x14,x23	 x14:0x00000000 x23:0x00000000  x1=0x00000000
     210875.000 ns	     21086	8000424c	20528653	fsgnj.s	f12,f5,f5	  f5:0x00000000  f5:0x00000000 f12=0x00000000
     210905.000 ns	     21089	80004250	a1de9fd3	flt.s	x31,f29,f29	 f29:0x7f800000 f29:0x7f800000 x31=0x00000000
     210925.000 ns	     21091	80004254	010b37b3	sltu	x15,x22,x16	 x22:0x00000001 x16:0x00000000 x15=0x00000000
     210955.000 ns	     21094	80004258	10fb77d3	fmul.s	f15,f22,f15	 f22:0xbf7fffae f15:0x80000000 f15=0x00000000
     210985.000 ns	     21097	8000425c	0221f3b3	remu	x7,x3,x2	  x3:0x087fc30d  x2:0x00000000  x7=0x087fc30d
     211005.000 ns	     21099	80004260	402ad2b3	sra	x5,x21,x2	 x21:0x7cc34960  x2:0x00000000  x5=0x7cc34960
     211015.000 ns	     21100	80004264	00a4c033	xor	x0,x9,x10	  x9:0x00000000 x10:0x00000000
     211035.000 ns	     21102	80004268	d000fc53	fcvt.s.w	f24,x1	  x1:0x00000000 f24=0x00000000
     211065.000 ns	     21105	8000426c	28588153	fmin.s	f2,f17,f5	 f17:0xbfffffae  f5:0x00000000  f2=0xbfffffae
     211095.000 ns	     21108	80004270	28ed9dd3	fmax.s	f27,f27,f14	 f27:0x00000000 f14:0x80000000 f27=0x00000000
     211115.000 ns	     21110	80004274	01296d33	or	x26,x18,x18	 x18:0xffffffff x18:0xffffffff x26=0xffffffff
     211135.000 ns	     21112	80004278	298d9853	fmax.s	f16,f27,f24	 f27:0x00000000 f24:0x00000000 f16=0x00000000
     211165.000 ns	     21115	8000427c	212c2e53	fsgnjx.s	f28,f24,f18	 f24:0x00000000 f18:0x00000000 f28=0x00000000
     211185.000 ns	     21117	80004280	b0018917	auipc	x18,0xb0018	 x18=0x3001c280
     211225.000 ns	     21121	80004284	09367cd3	fsub.s	f25,f12,f19	 f12:0x00000000 f19:0x40000000 f25=0xc0000000
     211245.000 ns	     21123	80004288	00000013	addi	x0,x0,0	  x0:0x00000000
     211605.000 ns	     21159	8000428c	035176b3	remu	x13,x2,x21	  x2:0x00000000 x21:0x7cc34960 x13=0x00000000
     211635.000 ns	     21162	80004290	21ed01d3	fsgnj.s	f3,f26,f30	 f26:0x383d0ee6 f30:0xf8004102  f3=0xb83d0ee6
     211665.000 ns	     21165	80004294	d00bf253	fcvt.s.w	f4,x23	 x23:0x00000000  f4=0x00000000
     211685.000 ns	     21167	80004298	41430d33	sub	x26,x6,x20	  x6:0x80041024 x20:0x00000000 x26=0x80041024
     211695.000 ns	     21168	8000429c	018e29b3	slt	x19,x28,x24	 x28:0xf506f533 x24:0x00000001 x19=0x00000001
     211705.000 ns	     21169	800042a0	00839233	sll	x4,x7,x8	  x7:0x087fc30d  x8:0x80000000  x4=0x087fc30d
     211715.000 ns	     21170	800042a4	81ec0a37	lui	x20,0x81ec0	 x20=0x81ec0000
     211725.000 ns	     21171	800042a8	40f95133	sra	x2,x18,x15	 x18:0x3001c280 x15:0x00000000  x2=0x3001c280
     211745.000 ns	     21173	800042ac	a02893d3	flt.s	x7,f17,f2	 f17:0xbfffffae  f2:0xbfffffae  x7=0x00000000
     211775.000 ns	     21176	800042b0	03ea1bb3	mulh	x23,x20,x30	 x20:0x81ec0000 x30:0xfffff823 x23=0x000003df
     211805.000 ns	     21179	800042b4	e00d03d3	fmv.x.w	x7,f26	 f26:0x383d0ee6  x7=0x383d0ee6
     211835.000 ns	     21182	800042b8	e0021053	fclass.s	x0,f4	  f4:0x00000000
     211865.000 ns	     21185	800042bc	213aa553	fsgnjx.s	f10,f21,f19	 f21:0x3f7fffae f19:0x40000000 f10=0x3f7fffae
     211905.000 ns	     21189	800042c0	100b9bd3	fmul.s	f23,f23,f0	 f23:0x3ffbefec  f0:0xbf7fffae f23=0xbffbef9b
     211935.000 ns	     21192	800042c4	038008b3	mul	x17,x0,x24	  x0:0x00000000 x24:0x00000001 x17=0x00000000
     211955.000 ns	     21194	800042c8	01ff8db3	add	x27,x31,x31	 x31:0x00000000 x31:0x00000000 x27=0x00000000
     211975.000 ns	     21196	800042cc	d00d7c53	fcvt.s.w	f24,x26	 x26:0x80041024 f24=0xcefff7df
     212345.000 ns	     21233	800042d0	032848b3	div	x17,x16,x18	 x16:0x00000000 x18:0x3001c280 x17=0x00000000
     212375.000 ns	     21236	800042d4	a16fabd3	feq.s	x23,f31,f22	 f31:0x3f800000 f22:0xbf7fffae x23=0x00000000
     212395.000 ns	     21238	800042d8	01d7e233	or	x4,x15,x29	 x15:0x00000000 x29:0x00000000  x4=0x00000000
     212415.000 ns	     21240	800042dc	28519253	fmax.s	f4,f3,f5	  f3:0xb83d0ee6  f5:0x00000000  f4=0x00000000
     212435.000 ns	     21242	800042e0	001bdeb3	srl	x29,x23,x1	 x23:0x00000000  x1:0x00000000 x29=0x00000000
     212455.000 ns	     21244	800042e4	21ef2853	fsgnjx.s	f16,f30,f30	 f30:0xf8004102 f30:0xf8004102 f16=0x78004102
     212485.000 ns	     21247	800042e8	e0021453	fclass.s	x8,f4	  f4:0x00000000  x8=0x00000010
     212515.000 ns	     21250	800042ec	283900d3	fmin.s	f1,f18,f3	 f18:0x00000000  f3:0xb83d0ee6  f1=0xb83d0ee6
     212535.000 ns	     21252	800042f0	00d878b3	and	x17,x16,x13	 x16:0x00000000 x13:0x00000000 x17=0x00000000
     212555.000 ns	     21254	800042f4	2037a853	fsgnjx.s	f16,f15,f3	 f15:0x00000000  f3:0xb83d0ee6 f16=0x80000000
     212585.000 ns	     21257	800042f8	a0399dd3	flt.s	x27,f19,f3	 f19:0x40000000  f3:0xb83d0ee6 x27=0x00000000
     212605.000 ns	     21259	800042fc	412e5a93	srai	x21,x28,0x12	 x28:0xf506f533 x21=0xfffffd41
     212615.000 ns	     21260	80004300	00000013	addi	x0,x0,0	  x0:0x00000000
     212625.000 ns	     21261	80004304	019b29b3	slt	x19,x22,x25	 x22:0x00000001 x25:0x80040fe4 x19=0x00000000
     212635.000 ns	     21262	80004308	c1b58113	addi	x2,x11,-997	 x11:0x00000006  x2=0xfffffc21
     212655.000 ns	     21264	8000430c	20378ed3	fsgnj.s	f29,f15,f3	 f15:0x00000000  f3:0xb83d0ee6 f29=0x80000000
     212685.000 ns	     21267	80004310	211f05d3	fsgnj.s	f11,f30,f17	 f30:0xf8004102 f17:0xbfffffae f11=0xf8004102
     212715.000 ns	     21270	80004314	0210bab3	mulhu	x21,x1,x1	  x1:0x00000000  x1:0x00000000 x21=0x00000000
     212745.000 ns	     21273	80004318	c01e4ad3	fcvt.wu.s	x21,f28	 f28:0x00000000 x21=0x00000000
     212775.000 ns	     21276	8000431c	d00a7c53	fcvt.s.w	f24,x20	 x20:0x81ec0000 f24=0xcefc2800
     212795.000 ns	     21278	80004320	00840033	add	x0,x8,x8	  x8:0x00000010  x8:0x00000010
     212815.000 ns	     21280	80004324	f0068153	fmv.w.x	f2,x13	 x13:0x00000000  f2=0x00000000
     212835.000 ns	     21282	80004328	40b9d193	srai	x3,x19,0xb	 x19:0x00000000  x3=0x00000000
     212855.000 ns	     21284	8000432c	293290d3	fmax.s	f1,f5,f19	  f5:0x00000000 f19:0x40000000  f1=0x40000000
     212875.000 ns	     21286	80004330	01d41933	sll	x18,x8,x29	  x8:0x00000010 x29:0x00000000 x18=0x00000010
     212885.000 ns	     21287	80004334	9da1b713	sltiu	x14,x3,-1574	  x3:0x00000000 x14=0x00000001
     212905.000 ns	     21289	80004338	039209b3	mul	x19,x4,x25	  x4:0x00000000 x25:0x80040fe4 x19=0x00000000
     212925.000 ns	     21291	8000433c	00574233	xor	x4,x14,x5	 x14:0x00000000  x5:0x7cc34960  x4=0x7cc34961
     213285.000 ns	     21327	80004340	032ae133	rem	x2,x21,x18	 x21:0x00000000 x18:0x00000010  x2=0x00000000
     213305.000 ns	     21329	80004344	00b12633	slt	x12,x2,x11	  x2:0xfffffc21 x11:0x00000006 x12=0x00000001
     213325.000 ns	     21331	80004348	20632ad3	fsgnjx.s	f21,f6,f6	  f6:0x80000000  f6:0x80000000 f21=0x00000000
     213355.000 ns	     21334	8000434c	02989133	mulh	x2,x17,x9	 x17:0x00000000  x9:0x00000000  x2=0x00000000
     213375.000 ns	     21336	80004350	019100b3	add	x1,x2,x25	  x2:0x00000000 x25:0x80040fe4  x1=0x80040fe4
     213385.000 ns	     21337	80004354	40e60c33	sub	x24,x12,x14	 x12:0x00000001 x14:0x00000001 x24=0x00000000
     213395.000 ns	     21338	80004358	01ae1f33	sll	x30,x28,x26	 x28:0xf506f533 x26:0x80041024 x30=0x506f5330
     213405.000 ns	     21339	8000435c	332a3217	auipc	x4,0x332a3	  x4=0xb32a735c
     213415.000 ns	     21340	80004360	40fa0833	sub	x16,x20,x15	 x20:0x81ec0000 x15:0x00000000 x16=0x81ec0000
     213445.000 ns	     21343	80004364	112225d3	fmul.s	f11,f4,f18	  f4:0x00000000 f18:0x00000000 f11=0x00000000
     213475.000 ns	     21346	80004368	03397133	remu	x2,x18,x19	 x18:0x00000010 x19:0x00000000  x2=0x00000010
     213495.000 ns	     21348	8000436c	f9ca8893	addi	x17,x21,-100	 x21:0x00000000 x17=0xffffff9c
     213515.000 ns	     21350	80004370	039f3133	mulhu	x2,x30,x25	 x30:0x506f5330 x25:0x80040fe4  x2=0x2838f053
     213535.000 ns	     21352	80004374	4496a817	auipc	x16,0x4496a	 x16=0xc496e374
     213895.000 ns	     21388	80004378	02bdf533	remu	x10,x27,x11	 x27:0x00000000 x11:0x00000006 x10=0x00000000
     214265.000 ns	     21425	8000437c	02804d33	div	x26,x0,x8	  x0:0x00000000  x8:0x00000010 x26=0x00000000
     214285.000 ns	     21427	80004380	00a3bdb3	sltu	x27,x7,x10	  x7:0x383d0ee6 x10:0x00000000 x27=0x00000000
     214295.000 ns	     21428	80004384	9453ba93	sltiu	x21,x7,-1723	  x7:0x383d0ee6 x21=0x00000001
     214305.000 ns	     21429	80004388	01557f33	and	x30,x10,x21	 x10:0x00000000 x21:0x00000000 x30=0x00000000
     214325.000 ns	     21431	8000438c	03aa86b3	mul	x13,x21,x26	 x21:0x00000000 x26:0x00000000 x13=0x00000000
     214345.000 ns	     21433	80004390	91e139b7	lui	x19,0x91e13	 x19=0x91e13000
     214365.000 ns	     21435	80004394	039710b3	mulh	x1,x14,x25	 x14:0x00000001 x25:0x80040fe4  x1=0xffffffff
     214385.000 ns	     21437	80004398	00000013	addi	x0,x0,0	  x0:0x00000000
     214395.000 ns	     21438	8000439c	01e46433	or	x8,x8,x30	  x8:0x00000010 x30:0x00000000  x8=0x00000010
     214425.000 ns	     21441	800043a0	1164ce53	fmul.s	f28,f9,f22	  f9:0xcf73fa50 f22:0xbf7fffae f28=0x4f73fa02
     214445.000 ns	     21443	800043a4	00c0a833	slt	x16,x1,x12	  x1:0xffffffff x12:0x00000001 x16=0x00000001
     214455.000 ns	     21444	800043a8	2013f693	andi	x13,x7,513	  x7:0x383d0ee6 x13=0x00000200
     214475.000 ns	     21446	800043ac	a0afa453	feq.s	x8,f31,f10	 f31:0x3f800000 f10:0x3f7fffae  x8=0x00000000
     214505.000 ns	     21449	800043b0	03885733	divu	x14,x16,x24	 x16:0x00000001 x24:0x00000000 x14=0xffffffff
     214875.000 ns	     21486	800043b4	02bbc9b3	div	x19,x23,x11	 x23:0x00000000 x11:0x00000006 x19=0x00000000
     214895.000 ns	     21488	800043b8	008d5813	srli	x16,x26,0x8	 x26:0x00000000 x16=0x00000000
     214915.000 ns	     21490	800043bc	02cab1b3	mulhu	x3,x21,x12	 x21:0x00000001 x12:0x00000001  x3=0x00000000
     214945.000 ns	     21493	800043c0	029b25b3	mulhsu	x11,x22,x9	 x22:0x00000001  x9:0x00000000 x11=0x00000000
     214975.000 ns	     21496	800043c4	02542fb3	mulhsu	x31,x8,x5	  x8:0x00000000  x5:0x7cc34960 x31=0x00000000
     215005.000 ns	     21499	800043c8	03be7ab3	remu	x21,x28,x27	 x28:0xf506f533 x27:0x00000000 x21=0xf506f533
     215035.000 ns	     21502	800043cc	299e19d3	fmax.s	f19,f28,f25	 f28:0x4f73fa02 f25:0xc0000000 f19=0x4f73fa02
     215065.000 ns	     21505	800043d0	29c09b53	fmax.s	f22,f1,f28	  f1:0x40000000 f28:0x4f73fa02 f22=0x4f73fa02
     215085.000 ns	     21507	800043d4	60243113	sltiu	x2,x8,1538	  x8:0x00000000  x2=0x00000001
     215105.000 ns	     21509	800043d8	c0187ad3	fcvt.wu.s	x21,f16	 f16:0x80000000 x21=0x00000000
     215135.000 ns	     21512	800043dc	281800d3	fmin.s	f1,f16,f1	 f16:0x80000000  f1:0x40000000  f1=0x80000000
     215155.000 ns	     21514	800043e0	00c2cab3	xor	x21,x5,x12	  x5:0x7cc34960 x12:0x00000001 x21=0x7cc34961
     215175.000 ns	     21516	800043e4	a1462253	feq.s	x4,f12,f20	 f12:0x00000000 f20:0xc0000000  x4=0x00000000
     215195.000 ns	     21518	800043e8	006419b3	sll	x19,x8,x6	  x8:0x00000000  x6:0x80041024 x19=0x00000000
     215205.000 ns	     21519	800043ec	00a512b3	sll	x5,x10,x10	 x10:0x00000000 x10:0x00000000  x5=0x00000000
     215215.000 ns	     21520	800043f0	01399db3	sll	x27,x19,x19	 x19:0x00000000 x19:0x00000000 x27=0x00000000
     215225.000 ns	     21521	800043f4	84648093	addi	x1,x9,-1978	  x9:0x00000000  x1=0xfffff846
     215235.000 ns	     21522	800043f8	b77cef93	ori	x31,x25,-1161	 x25:0x80040fe4 x31=0xfffffff7
     215245.000 ns	     21523	800043fc	c9e77717	auipc	x14,0xc9e77	 x14=0x49e7b3fc
     215255.000 ns	     21524	80004400	0050a7b3	slt	x15,x1,x5	  x1:0xfffff846  x5:0x00000000 x15=0x00000001
     215275.000 ns	     21526	80004404	29e99653	fmax.s	f12,f19,f30	 f19:0x4f73fa02 f30:0xf8004102 f12=0x4f73fa02
     215295.000 ns	     21528	80004408	f62ec693	xori	x13,x29,-158	 x29:0x00000000 x13=0xffffff62
     215315.000 ns	     21530	8000440c	033fceb3	div	x29,x31,x19	 x31:0xfffffff7 x19:0x00000000 x29=0xffffffff
     215335.000 ns	     21532	80004410	41cf03b3	sub	x7,x30,x28	 x30:0x00000000 x28:0xf506f533  x7=0x0af90acd
     215345.000 ns	     21533	80004414	011dafb3	slt	x31,x27,x17	 x27:0x00000000 x17:0xffffff9c x31=0x00000000
     215365.000 ns	     21535	80004418	e00e13d3	fclass.s	x7,f28	 f28:0x4f73fa02  x7=0x00000040
     215385.000 ns	     21537	8000441c	d9850993	addi	x19,x10,-616	 x10:0x00000000 x19=0xfffffd98
     215745.000 ns	     21573	80004420	02c0f633	remu	x12,x1,x12	  x1:0xfffff846 x12:0x00000001 x12=0x00000000
     215765.000 ns	     21575	80004424	886cbd93	sltiu	x27,x25,-1914	 x25:0x80040fe4 x27=0x00000001
     215805.000 ns	     21579	80004428	017a1753	fadd.s	f14,f20,f23	 f20:0xc0000000 f23:0xbffbef9b f14=0xc07df7cd
     215835.000 ns	     21582	8000442c	03309833	mulh	x16,x1,x19	  x1:0xfffff846 x19:0xfffffd98 x16=0x00000000
     215865.000 ns	     21585	80004430	201188d3	fsgnj.s	f17,f3,f1	  f3:0xb83d0ee6  f1:0x80000000 f17=0xb83d0ee6
     215885.000 ns	     21587	80004434	01a29833	sll	x16,x5,x26	  x5:0x00000000 x26:0x00000000 x16=0x00000000
     215895.000 ns	     21588	80004438	0153eeb3	or	x29,x7,x21	  x7:0x00000040 x21:0x7cc34961 x29=0x7cc34961
     215905.000 ns	     21589	8000443c	4a01a913	slti	x18,x3,1184	  x3:0x00000000 x18=0x00000001
     215915.000 ns	     21590	80004440	00b18eb3	add	x29,x3,x11	  x3:0x00000000 x11:0x00000000 x29=0x00000000
     215935.000 ns	     21592	80004444	025880b3	mul	x1,x17,x5	 x17:0xffffff9c  x5:0x00000000  x1=0x00000000
     215985.000 ns	     21597	80004448	015a72d3	fadd.s	f5,f20,f21	 f20:0xc0000000 f21:0x00000000  f5=0xc0000000
     216005.000 ns	     21599	8000444c	01409493	slli	x9,x1,0x14	  x1:0x00000000  x9=0x00000000
     216015.000 ns	     21600	80004450	006a8c33	add	x24,x21,x6	 x21:0x7cc34961  x6:0x80041024 x24=0xfcc75985
     216025.000 ns	     21601	80004454	00065233	srl	x4,x12,x0	 x12:0x00000000  x0:0x00000000  x4=0x00000000
     216045.000 ns	     21603	80004458	21f2a153	fsgnjx.s	f2,f5,f31	  f5:0xc0000000 f31:0x3f800000  f2=0xc0000000
     216065.000 ns	     21605	8000445c	00917533	and	x10,x2,x9	  x2:0x00000001  x9:0x00000000 x10=0x00000000
     216085.000 ns	     21607	80004460	c0171253	fcvt.wu.s	x4,f14	 f14:0xc07df7cd  x4=0x00000003
     216105.000 ns	     21609	80004464	40807413	andi	x8,x0,1032	  x0:0x00000000  x8=0x00000000
     216135.000 ns	     21612	80004468	58034953	fsqrt.s	f18,f6	  f6:0x80000000 f18=0x80000000
     216165.000 ns	     21615	8000446c	21fd2f53	fsgnjx.s	f30,f26,f31	 f26:0x383d0ee6 f31:0x3f800000 f30=0x383d0ee6
     216195.000 ns	     21618	80004470	282e1bd3	fmax.s	f23,f28,f2	 f28:0x4f73fa02  f2:0xc0000000 f23=0x4f73fa02
     216225.000 ns	     21621	80004474	282c9c53	fmax.s	f24,f25,f2	 f25:0xc0000000  f2:0xc0000000 f24=0xc0000000
     216245.000 ns	     21623	80004478	aa3fbd93	sltiu	x27,x31,-1373	 x31:0x00000000 x27=0x00000001
     216275.000 ns	     21626	8000447c	1058a053	fmul.s	f0,f17,f5	 f17:0xb83d0ee6  f5:0xc0000000  f0=0x38bd0ee6
     216295.000 ns	     21628	80004480	0151d833	srl	x16,x3,x21	  x3:0x00000000 x21:0x7cc34961 x16=0x00000000
     216655.000 ns	     21664	80004484	02dee233	rem	x4,x29,x13	 x29:0x00000000 x13:0xffffff62  x4=0x00000000
     216685.000 ns	     21667	80004488	a1ea2ad3	feq.s	x21,f20,f30	 f20:0xc0000000 f30:0x383d0ee6 x21=0x00000000
     216705.000 ns	     21669	8000448c	3bd98a17	auipc	x20,0x3bd98	 x20=0xbbd9c48c
     217065.000 ns	     21705	80004490	0395e733	rem	x14,x11,x25	 x11:0x00000000 x25:0x80040fe4 x14=0x00000000
     217085.000 ns	     21707	80004494	017dd5b3	srl	x11,x27,x23	 x27:0x00000001 x23:0x00000000 x11=0x00000001
     217095.000 ns	     21708	80004498	69937813	andi	x16,x6,1689	  x6:0x80041024 x16=0x00000000
     217105.000 ns	     21709	8000449c	40ce6713	ori	x14,x28,1036	 x28:0xf506f533 x14=0xf506f53f
     217135.000 ns	     21712	800044a0	18a7f9d3	fdiv.s	f19,f15,f10	 f15:0x00000000 f10:0x3f7fffae f19=0x00000000
     217165.000 ns	     21715	800044a4	c0157d53	fcvt.wu.s	x26,f10	 f10:0x3f7fffae x26=0x00000000
     217215.000 ns	     21720	800044a8	08c87753	fsub.s	f14,f16,f12	 f16:0x80000000 f12:0x4f73fa02 f14=0xcf73fa02
     217245.000 ns	     21723	800044ac	a16e2d53	feq.s	x26,f28,f22	 f28:0x4f73fa02 f22:0x4f73fa02 x26=0x00000001
     217275.000 ns	     21726	800044b0	e00c19d3	fclass.s	x19,f24	 f24:0xc0000000 x19=0x00000002
     217295.000 ns	     21728	800044b4	539b7a93	andi	x21,x22,1337	 x22:0x00000001 x21=0x00000001
     217315.000 ns	     21730	800044b8	d017fd53	fcvt.s.wu	f26,x15	 x15:0x00000001 f26=0x3f800000
     217335.000 ns	     21732	800044bc	01380c33	add	x24,x16,x19	 x16:0x00000000 x19:0x00000002 x24=0x00000002
     217345.000 ns	     21733	800044c0	873a8d97	auipc	x27,0x873a8	 x27=0x073ac4c0
     217365.000 ns	     21735	800044c4	20efafd3	fsgnjx.s	f31,f31,f14	 f31:0x3f800000 f14:0xcf73fa02 f31=0xbf800000
     217395.000 ns	     21738	800044c8	a1e08fd3	fle.s	x31,f1,f30	  f1:0x80000000 f30:0x383d0ee6 x31=0x00000001
     217415.000 ns	     21740	800044cc	006421b3	slt	x3,x8,x6	  x8:0x00000000  x6:0x80041024  x3=0x00000000
     217455.000 ns	     21744	800044d0	09607c53	fsub.s	f24,f0,f22	  f0:0x38bd0ee6 f22:0x4f73fa02 f24=0xcf73fa01
     217475.000 ns	     21746	800044d4	57ae1f37	lui	x30,0x57ae1	 x30=0x57ae1000
     217485.000 ns	     21747	800044d8	015a6eb3	or	x29,x20,x21	 x20:0xbbd9c48c x21:0x00000001 x29=0xbbd9c48d
     217495.000 ns	     21748	800044dc	01f05233	srl	x4,x0,x31	  x0:0x00000000 x31:0x00000001  x4=0x00000000
     217505.000 ns	     21749	800044e0	012e91b3	sll	x3,x29,x18	 x29:0x00000000 x18:0x00000001  x3=0x77b3891a
     217525.000 ns	     21751	800044e4	d01213d3	fcvt.s.wu	f7,x4	  x4:0x00000000  f7=0x00000000
     217545.000 ns	     21753	800044e8	000e37b3	sltu	x15,x28,x0	 x28:0xf506f533  x0:0x00000000 x15=0x00000000
     217555.000 ns	     21754	800044ec	0f00bc13	sltiu	x24,x1,240	  x1:0x00000000 x24=0x00000001
     217575.000 ns	     21756	800044f0	03563ab3	mulhu	x21,x12,x21	 x12:0x00000000 x21:0x00000001 x21=0x00000000
     217595.000 ns	     21758	800044f4	00c95513	srli	x10,x18,0xc	 x18:0x00000001 x10=0x00000000
     217605.000 ns	     21759	800044f8	44abbb93	sltiu	x23,x23,1098	 x23:0x00000000 x23=0x00000001
     217615.000 ns	     21760	800044fc	9e7a0d93	addi	x27,x20,-1561	 x20:0xbbd9c48c x27=0xbbd9be73
     217625.000 ns	     21761	80004500	17077c13	andi	x24,x14,368	 x14:0xf506f53f x24=0x00000130
     217635.000 ns	     21762	80004504	01dc76b3	and	x13,x24,x29	 x24:0x00000001 x29:0xbbd9c48d x13=0x00000000
     217655.000 ns	     21764	80004508	a1a228d3	feq.s	x17,f4,f26	  f4:0x00000000 f26:0x3f800000 x17=0x00000000
     217685.000 ns	     21767	8000450c	c01cced3	fcvt.wu.s	x29,f25	 f25:0xc0000000 x29=0x00000002
     217715.000 ns	     21770	80004510	0218c733	div	x14,x17,x1	 x17:0x00000000  x1:0x00000000 x14=0xffffffff
     217765.000 ns	     21775	80004514	08f93253	fsub.s	f4,f18,f15	 f18:0x80000000 f15:0x00000000  f4=0x80000000
     217785.000 ns	     21777	80004518	00f97f33	and	x30,x18,x15	 x18:0x00000001 x15:0x00000000 x30=0x00000000
     217805.000 ns	     21779	8000451c	d00a7fd3	fcvt.s.w	f31,x20	 x20:0xbbd9c48c f31=0xce884c76
     217825.000 ns	     21781	80004520	791df113	andi	x2,x27,1937	 x27:0xbbd9be73  x2=0x00000611
     217835.000 ns	     21782	80004524	41fe5713	srai	x14,x28,0x1f	 x28:0xf506f533 x14=0xffffffff
     217845.000 ns	     21783	80004528	00000013	addi	x0,x0,0	  x0:0x00000000
     218175.000 ns	     21816	8000452c	19661d53	fdiv.s	f26,f12,f22	 f12:0x4f73fa02 f22:0x4f73fa02 f26=0x3f73fa02
     218215.000 ns	     21820	80004530	1072ba53	fmul.s	f20,f5,f7	  f5:0xc0000000  f7:0x00000000 f20=0x80000000
     218245.000 ns	     21823	80004534	f00584d3	fmv.w.x	f9,x11	 x11:0x00000001  f9=0x00000001
     219425.000 ns	     21941	80004538	580f0d53	fsqrt.s	f26,f30	 f30:0x383d0ee6 f26=0x3b85af21
     219455.000 ns	     21944	8000453c	21cf25d3	fsgnjx.s	f11,f30,f28	 f30:0x383d0ee6 f28:0x4f73fa02 f11=0x383d0ee6
     219475.000 ns	     21946	80004540	29cb7593	andi	x11,x22,668	 x22:0x00000001 x11=0x00000000
     219515.000 ns	     21950	80004544	008e0cd3	fadd.s	f25,f28,f8	 f28:0x4f73fa02  f8:0x3ffbefec f25=0x4f73fa02
     219545.000 ns	     21953	80004548	d00496d3	fcvt.s.w	f13,x9	  x9:0x00000000 f13=0x00000000
     219575.000 ns	     21956	8000454c	d010fb53	fcvt.s.wu	f22,x1	  x1:0x00000000 f22=0x00000000
     219595.000 ns	     21958	80004550	0169c833	xor	x16,x19,x22	 x19:0x00000002 x22:0x00000001 x16=0x00000003
     219635.000 ns	     21962	80004554	0185bf53	fadd.s	f30,f11,f24	 f11:0x383d0ee6 f24:0xcf73fa01 f30=0xcf73fa00
     220005.000 ns	     21999	80004558	0394cb33	div	x22,x9,x25	  x9:0x00000000 x25:0x80040fe4 x22=0x00000000
     220035.000 ns	     22002	8000455c	2104aa53	fsgnjx.s	f20,f9,f16	  f9:0x00000001 f16:0x80000000 f20=0x80000001
     220065.000 ns	     22005	80004560	f00107d3	fmv.w.x	f15,x2	  x2:0x00000611 f15=0x00000611
     220115.000 ns	     22010	80004564	094674d3	fsub.s	f9,f12,f20	 f12:0x4f73fa02 f20:0x80000001  f9=0x4f73fa02
     220145.000 ns	     22013	80004568	21beafd3	fsgnjx.s	f31,f29,f27	 f29:0x80000000 f27:0x00000000 f31=0x80000000
     220175.000 ns	     22016	8000456c	c000f453	fcvt.w.s	x8,f1	  f1:0x80000000  x8=0x00000000
     220205.000 ns	     22019	80004570	280e1353	fmax.s	f6,f28,f0	 f28:0x4f73fa02  f0:0x38bd0ee6  f6=0x4f73fa02
     220225.000 ns	     22021	80004574	01665493	srli	x9,x12,0x16	 x12:0x00000000  x9=0x00000000
     220235.000 ns	     22022	80004578	01c8f9b3	and	x19,x17,x28	 x17:0x00000000 x28:0xf506f533 x19=0x00000000
     220255.000 ns	     22024	8000457c	029a64b3	rem	x9,x20,x9	 x20:0xbbd9c48c  x9:0x00000000  x9=0xbbd9c48c
     220275.000 ns	     22026	80004580	0127eeb3	or	x29,x15,x18	 x15:0x00000000 x18:0x00000001 x29=0x00000001
     220295.000 ns	     22028	80004584	d0038bd3	fcvt.s.w	f23,x7	  x7:0x00000040 f23=0x42800000
     220325.000 ns	     22031	80004588	03962a33	mulhsu	x20,x12,x25	 x12:0x00000000 x25:0x80040fe4 x20=0x00000000
     220345.000 ns	     22033	8000458c	00895613	srli	x12,x18,0x8	 x18:0x00000001 x12=0x00000000
     220365.000 ns	     22035	80004590	29681053	fmax.s	f0,f16,f22	 f16:0x80000000 f22:0x00000000  f0=0x00000000
     220395.000 ns	     22038	80004594	e0050bd3	fmv.x.w	x23,f10	 f10:0x3f7fffae x23=0x3f7fffae
     220415.000 ns	     22040	80004598	01501093	slli	x1,x0,0x15	  x0:0x00000000  x1=0x00000000
     220425.000 ns	     22041	8000459c	01dfb433	sltu	x8,x31,x29	 x31:0x00000001 x29:0x00000001  x8=0x00000000
     220755.000 ns	     22074	800045a0	186a79d3	fdiv.s	f19,f20,f6	 f20:0x80000001  f6:0x4f73fa02 f19=0x80000000
     220775.000 ns	     22076	800045a4	01038833	add	x16,x7,x16	  x7:0x00000040 x16:0x00000003 x16=0x00000043
     220785.000 ns	     22077	800045a8	84bae013	ori	x0,x21,-1973	 x21:0x00000000
     220795.000 ns	     22078	800045ac	dc9e0993	addi	x19,x28,-567	 x28:0xf506f533 x19=0xf506f2fc
     220805.000 ns	     22079	800045b0	ec2f0913	addi	x18,x30,-318	 x30:0x00000000 x18=0xfffffec2
     220815.000 ns	     22080	800045b4	00000013	addi	x0,x0,0	  x0:0x00000000
     220835.000 ns	     22082	800045b8	c013ff53	fcvt.wu.s	x30,f7	  f7:0x00000000 x30=0x00000000
     220855.000 ns	     22084	800045bc	0109b1b3	sltu	x3,x19,x16	 x19:0xf506f2fc x16:0x00000043  x3=0x00000000
     220865.000 ns	     22085	800045c0	409d0733	sub	x14,x26,x9	 x26:0x00000001  x9:0xbbd9c48c x14=0x44263b75
     220885.000 ns	     22087	800045c4	299889d3	fmin.s	f19,f17,f25	 f17:0xb83d0ee6 f25:0x4f73fa02 f19=0xb83d0ee6
     220905.000 ns	     22089	800045c8	01466a33	or	x20,x12,x20	 x12:0x00000000 x20:0x00000000 x20=0x00000000
     220915.000 ns	     22090	800045cc	00908db3	add	x27,x1,x9	  x1:0x00000000  x9:0xbbd9c48c x27=0xbbd9c48c
     220935.000 ns	     22092	800045d0	291b1a53	fmax.s	f20,f22,f17	 f22:0x00000000 f17:0xb83d0ee6 f20=0x00000000
     220955.000 ns	     22094	800045d4	01f85d13	srli	x26,x16,0x1f	 x16:0x00000043 x26=0x00000000
     220995.000 ns	     22098	800045d8	0181f353	fadd.s	f6,f3,f24	  f3:0xb83d0ee6 f24:0xcf73fa01  f6=0xcf73fa01
     221025.000 ns	     22101	800045dc	c01b2f53	fcvt.wu.s	x30,f22	 f22:0x00000000 x30=0x00000000
     221055.000 ns	     22104	800045e0	034f8933	mul	x18,x31,x20	 x31:0x00000001 x20:0x00000000 x18=0x00000000
     221075.000 ns	     22106	800045e4	0134a633	slt	x12,x9,x19	  x9:0xbbd9c48c x19:0xf506f2fc x12=0x00000001
     221095.000 ns	     22108	800045e8	a0ba1753	flt.s	x14,f20,f11	 f20:0x00000000 f11:0x383d0ee6 x14=0x00000001
     221125.000 ns	     22111	800045ec	028dd6b3	divu	x13,x27,x8	 x27:0xbbd9c48c  x8:0x00000000 x13=0xffffffff
     221155.000 ns	     22114	800045f0	030c25b3	mulhsu	x11,x24,x16	 x24:0x00000130 x16:0x00000043 x11=0x00000000
     221175.000 ns	     22116	800045f4	00ca5d13	srli	x26,x20,0xc	 x20:0x00000000 x26=0x00000000
     221185.000 ns	     22117	800045f8	013bd113	srli	x2,x23,0x13	 x23:0x3f7fffae  x2=0x000007ef
     221205.000 ns	     22119	800045fc	20531153	fsgnjn.s	f2,f6,f5	  f6:0xcf73fa01  f5:0xc0000000  f2=0x4f73fa01
     221235.000 ns	     22122	80004600	f0008353	fmv.w.x	f6,x1	  x1:0x00000000  f6=0x00000000
     221265.000 ns	     22125	80004604	0313feb3	remu	x29,x7,x17	  x7:0x00000040 x17:0x00000000 x29=0x00000040
     221285.000 ns	     22127	80004608	405e5033	sra	x0,x28,x5	 x28:0xf506f533  x5:0x00000000
     221305.000 ns	     22129	8000460c	e00d1153	fclass.s	x2,f26	 f26:0x3b85af21  x2=0x00000040
     221335.000 ns	     22132	80004610	c0079ad3	fcvt.w.s	x21,f15	 f15:0x00000611 x21=0x00000000
     221355.000 ns	     22134	80004614	9006c113	xori	x2,x13,-1792	 x13:0xffffffff  x2=0x000006ff
     221375.000 ns	     22136	80004618	d01db2d3	fcvt.s.wu	f5,x27	 x27:0xbbd9c48c  f5=0x4f3bd9c5
     221405.000 ns	     22139	8000461c	026abbb3	mulhu	x23,x21,x6	 x21:0x00000000  x6:0x80041024 x23=0x00000000
     221435.000 ns	     22142	80004620	e00a09d3	fmv.x.w	x19,f20	 f20:0x00000000 x19=0x00000000
     221465.000 ns	     22145	80004624	c0110fd3	fcvt.wu.s	x31,f2	  f2:0x4f73fa01 x31=0xf3fa0100
     221495.000 ns	     22148	80004628	03522833	mulhsu	x16,x4,x21	  x4:0x00000000 x21:0x00000000 x16=0x00000000
     221515.000 ns	     22150	8000462c	013c9d93	slli	x27,x25,0x13	 x25:0x80040fe4 x27=0x7f200000
     221535.000 ns	     22152	80004630	f0098553	fmv.w.x	f10,x19	 x19:0x00000000 f10=0x00000000
     221555.000 ns	     22154	80004634	00000013	addi	x0,x0,0	  x0:0x00000000
     221565.000 ns	     22155	80004638	01a38433	add	x8,x7,x26	  x7:0x00000040 x26:0x00000000  x8=0x00000040
     221605.000 ns	     22159	8000463c	00c576d3	fadd.s	f13,f10,f12	 f10:0x00000000 f12:0x4f73fa02 f13=0x4f73fa02
     221635.000 ns	     22162	80004640	030a8d33	mul	x26,x21,x16	 x21:0x00000000 x16:0x00000000 x26=0x00000000
     221685.000 ns	     22167	80004644	004a7053	fadd.s	f0,f20,f4	 f20:0x00000000  f4:0x80000000  f0=0x80000000
     221715.000 ns	     22170	80004648	c00ea3d3	fcvt.w.s	x7,f29	 f29:0x80000000  x7=0x00000000
     221745.000 ns	     22173	8000464c	28ef8ad3	fmin.s	f21,f31,f14	 f31:0x80000000 f14:0xcf73fa02 f21=0xcf73fa02
     221765.000 ns	     22175	80004650	01305633	srl	x12,x0,x19	  x0:0x00000000 x19:0x00000000 x12=0x00000000
     221785.000 ns	     22177	80004654	03eb06b3	mul	x13,x22,x30	 x22:0x00000000 x30:0x00000000 x13=0x00000000
     221815.000 ns	     22180	80004658	28550b53	fmin.s	f22,f10,f5	 f10:0x00000000  f5:0x4f3bd9c5 f22=0x00000000
     221845.000 ns	     22183	8000465c	21a22a53	fsgnjx.s	f20,f4,f26	  f4:0x80000000 f26:0x3b85af21 f20=0x80000000
     221865.000 ns	     22185	80004660	b8edee93	ori	x29,x27,-1138	 x27:0x7f200000 x29=0xfffffb8e
     221885.000 ns	     22187	80004664	02961a33	mulh	x20,x12,x9	 x12:0x00000000  x9:0xbbd9c48c x20=0x00000000
     221915.000 ns	     22190	80004668	d004c0d3	fcvt.s.w	f1,x9	  x9:0xbbd9c48c  f1=0xce884c77
     221945.000 ns	     22193	8000466c	29e31a53	fmax.s	f20,f6,f30	  f6:0x00000000 f30:0xcf73fa00 f20=0x00000000
     221995.000 ns	     22198	80004670	0146fcd3	fadd.s	f25,f13,f20	 f13:0x4f73fa02 f20:0x80000000 f25=0x4f73fa02
     222035.000 ns	     22202	80004674	184bf9d3	fdiv.s	f19,f23,f4	 f23:0x42800000  f4:0x80000000 f19=0xff800000
     222405.000 ns	     22239	80004678	03d871b3	remu	x3,x16,x29	 x16:0x00000000 x29:0xfffffb8e  x3=0x00000000
     222435.000 ns	     22242	8000467c	a028ad53	feq.s	x26,f17,f2	 f17:0xb83d0ee6  f2:0x4f73fa01 x26=0x00000000
     222455.000 ns	     22244	80004680	00000013	addi	x0,x0,0	  x0:0x00000000
     222475.000 ns	     22246	80004684	205ba6d3	fsgnjx.s	f13,f23,f5	 f23:0x42800000  f5:0x4f3bd9c5 f13=0x42800000
     222505.000 ns	     22249	80004688	02b7e433	rem	x8,x15,x11	 x15:0x00000000 x11:0x00000000  x8=0x00000000
     222535.000 ns	     22252	8000468c	29420dd3	fmin.s	f27,f4,f20	  f4:0x80000000 f20:0x00000000 f27=0x80000000
     222565.000 ns	     22255	80004690	20ce98d3	fsgnjn.s	f17,f29,f12	 f29:0x80000000 f12:0x4f73fa02 f17=0x80000000
     222585.000 ns	     22257	80004694	16f86613	ori	x12,x16,367	 x16:0x00000000 x12=0x0000016f
     222595.000 ns	     22258	80004698	0032c033	xor	x0,x5,x3	  x5:0x00000000  x3:0x00000000
     222635.000 ns	     22262	8000469c	09018cd3	fsub.s	f25,f3,f16	  f3:0xb83d0ee6 f16:0x80000000 f25=0xb83d0ee6
     222665.000 ns	     22265	800046a0	c003c853	fcvt.w.s	x16,f7	  f7:0x00000000 x16=0x00000000
     222685.000 ns	     22267	800046a4	011c43b3	xor	x7,x24,x17	 x24:0x00000130 x17:0x00000000  x7=0x00000130
     222695.000 ns	     22268	800046a8	14147113	andi	x2,x8,321	  x8:0x00000000  x2=0x00000000
     222715.000 ns	     22270	800046ac	d0130653	fcvt.s.wu	f12,x6	  x6:0x80041024 f12=0x4f000410
     222745.000 ns	     22273	800046b0	d0067f53	fcvt.s.w	f30,x12	 x12:0x0000016f f30=0x43b78000
     222775.000 ns	     22276	800046b4	02568933	mul	x18,x13,x5	 x13:0x00000000  x5:0x00000000 x18=0x00000000
     222795.000 ns	     22278	800046b8	53d30293	addi	x5,x6,1341	  x6:0x80041024  x5=0x80041561
     222825.000 ns	     22281	800046bc	19c27fd3	fdiv.s	f31,f4,f28	  f4:0x80000000 f28:0x4f73fa02 f31=0x80000000
     222855.000 ns	     22284	800046c0	a10a2dd3	feq.s	x27,f20,f16	 f20:0x00000000 f16:0x80000000 x27=0x00000001
     222895.000 ns	     22288	800046c4	19197dd3	fdiv.s	f27,f18,f17	 f18:0x80000000 f17:0x80000000 f27=0x7fc00000
     222925.000 ns	     22291	800046c8	d00bf753	fcvt.s.w	f14,x23	 x23:0x00000000 f14=0x00000000
     222945.000 ns	     22293	800046cc	6769f293	andi	x5,x19,1654	 x19:0x00000000  x5=0x00000000
     222965.000 ns	     22295	800046d0	f00809d3	fmv.w.x	f19,x16	 x16:0x00000000 f19=0x00000000
     222985.000 ns	     22297	800046d4	00000013	addi	x0,x0,0	  x0:0x00000000
     223005.000 ns	     22299	800046d8	21eea4d3	fsgnjx.s	f9,f29,f30	 f29:0x80000000 f30:0x43b78000  f9=0x80000000
     223025.000 ns	     22301	800046dc	40ec5b93	srai	x23,x24,0xe	 x24:0x00000130 x23=0x00000000
     223055.000 ns	     22304	800046e0	11a1c5d3	fmul.s	f11,f3,f26	  f3:0xb83d0ee6 f26:0x3b85af21 f11=0xb4457426
     223085.000 ns	     22307	800046e4	c00d77d3	fcvt.w.s	x15,f26	 f26:0x3b85af21 x15=0x00000000
     223115.000 ns	     22310	800046e8	02436ab3	rem	x21,x6,x4	  x6:0x80041024  x4:0x00000000 x21=0x80041024
     223145.000 ns	     22313	800046ec	202f27d3	fsgnjx.s	f15,f30,f2	 f30:0x43b78000  f2:0x4f73fa01 f15=0x43b78000
     223165.000 ns	     22315	800046f0	1ddb2393	slti	x7,x22,477	 x22:0x00000000  x7=0x00000001
     223185.000 ns	     22317	800046f4	0331c133	div	x2,x3,x19	  x3:0x00000000 x19:0x00000000  x2=0xffffffff
     223205.000 ns	     22319	800046f8	00ce7133	and	x2,x28,x12	 x28:0xf506f533 x12:0x0000016f  x2=0x00000123
     223225.000 ns	     22321	800046fc	03ef3633	mulhu	x12,x30,x30	 x30:0x00000000 x30:0x00000000 x12=0x00000000
     223255.000 ns	     22324	80004700	f00f8553	fmv.w.x	f10,x31	 x31:0xf3fa0100 f10=0xf3fa0100
     223295.000 ns	     22328	80004704	10c97b53	fmul.s	f22,f18,f12	 f18:0x80000000 f12:0x4f000410 f22=0x80000000
     223315.000 ns	     22330	80004708	f9868213	addi	x4,x13,-104	 x13:0x00000000  x4=0xffffff98
     223325.000 ns	     22331	8000470c	01525533	srl	x10,x4,x21	  x4:0x00000000 x21:0x80041024 x10=0x0ffffff9
     223345.000 ns	     22333	80004710	023ce0b3	rem	x1,x25,x3	 x25:0x80040fe4  x3:0x00000000  x1=0x80040fe4
     223375.000 ns	     22336	80004714	02321933	mulh	x18,x4,x3	  x4:0xffffff98  x3:0x00000000 x18=0x00000000
     223405.000 ns	     22339	80004718	03fb0833	mul	x16,x22,x31	 x22:0x00000000 x31:0xf3fa0100 x16=0x00000000
     223435.000 ns	     22342	8000471c	a0611d53	flt.s	x26,f2,f6	  f2:0x4f73fa01  f6:0x00000000 x26=0x00000000
     223455.000 ns	     22344	80004720	01315113	srli	x2,x2,0x13	  x2:0x00000123  x2=0x00000000
     223475.000 ns	     22346	80004724	031aefb3	rem	x31,x21,x17	 x21:0x80041024 x17:0x00000000 x31=0x80041024
     223495.000 ns	     22348	80004728	014071b3	and	x3,x0,x20	  x0:0x00000000 x20:0x00000000  x3=0x00000000
     223515.000 ns	     22350	8000472c	028bb8b3	mulhu	x17,x23,x8	 x23:0x00000000  x8:0x00000000 x17=0x00000000
     223535.000 ns	     22352	80004730	0042bfb3	sltu	x31,x5,x4	  x5:0x00000000  x4:0xffffff98 x31=0x00000001
     223555.000 ns	     22354	80004734	a1a30b53	fle.s	x22,f6,f26	  f6:0x00000000 f26:0x3b85af21 x22=0x00000001
     223575.000 ns	     22356	80004738	e3917193	andi	x3,x2,-455	  x2:0x00000000  x3=0x00000000
     223595.000 ns	     22358	8000473c	0326a7b3	mulhsu	x15,x13,x18	 x13:0x00000000 x18:0x00000000 x15=0x00000000
     223625.000 ns	     22361	80004740	f00986d3	fmv.w.x	f13,x19	 x19:0x00000000 f13=0x00000000
     223645.000 ns	     22363	80004744	1fbb7b37	lui	x22,0x1fbb7	 x22=0x1fbb7000
     223665.000 ns	     22365	80004748	201e1253	fsgnjn.s	f4,f28,f1	 f28:0x4f73fa02  f1:0xce884c77  f4=0x4f73fa02
     223695.000 ns	     22368	8000474c	20552953	fsgnjx.s	f18,f10,f5	 f10:0xf3fa0100  f5:0x4f3bd9c5 f18=0xf3fa0100
     223745.000 ns	     22373	80004750	093873d3	fsub.s	f7,f16,f19	 f16:0x80000000 f19:0x00000000  f7=0x80000000
     223765.000 ns	     22375	80004754	006d88b3	add	x17,x27,x6	 x27:0x00000001  x6:0x80041024 x17=0x80041025
     223795.000 ns	     22378	80004758	58094fd3	fsqrt.s	f31,f18	 f18:0xf3fa0100 f31=0x7fc00000
     224165.000 ns	     22415	8000475c	0213f9b3	remu	x19,x7,x1	  x7:0x00000001  x1:0x80040fe4 x19=0x00000001
     224185.000 ns	     22417	80004760	e029c2b7	lui	x5,0xe029c	  x5=0xe029c000
     224205.000 ns	     22419	80004764	03802eb3	mulhsu	x29,x0,x24	  x0:0x00000000 x24:0x00000130 x29=0x00000000
     224235.000 ns	     22422	80004768	a09da153	feq.s	x2,f27,f9	 f27:0x7fc00000  f9:0x80000000  x2=0x00000000
     224265.000 ns	     22425	8000476c	e0010953	fmv.x.w	x18,f2	  f2:0x4f73fa01 x18=0x4f73fa01
     224295.000 ns	     22428	80004770	034ea5b3	mulhsu	x11,x29,x20	 x29:0x00000000 x20:0x00000000 x11=0x00000000
     224345.000 ns	     22433	80004774	090b0f53	fsub.s	f30,f22,f16	 f22:0x80000000 f16:0x80000000 f30=0x00000000
     224375.000 ns	     22436	80004778	d00ab5d3	fcvt.s.w	f11,x21	 x21:0x80041024 f11=0xcefff7e0
     224405.000 ns	     22439	8000477c	212412d3	fsgnjn.s	f5,f8,f18	  f8:0x3ffbefec f18:0xf3fa0100  f5=0x3ffbefec
     224445.000 ns	     22443	80004780	1905af53	fdiv.s	f30,f11,f16	 f11:0xcefff7e0 f16:0x80000000 f30=0x7f800000
     224475.000 ns	     22446	80004784	033936b3	mulhu	x13,x18,x19	 x18:0x4f73fa01 x19:0x00000001 x13=0x00000000
     224505.000 ns	     22449	80004788	027b2533	mulhsu	x10,x22,x7	 x22:0x1fbb7000  x7:0x00000001 x10=0x00000000
     224525.000 ns	     22451	8000478c	001685b3	add	x11,x13,x1	 x13:0x00000000  x1:0x80040fe4 x11=0x80040fe4
     224535.000 ns	     22452	80004790	10417a13	andi	x20,x2,260	  x2:0x00000000 x20=0x00000000
     224555.000 ns	     22454	80004794	034d37b3	mulhu	x15,x26,x20	 x26:0x00000000 x20:0x00000000 x15=0x00000000
     224575.000 ns	     22456	80004798	5e358c13	addi	x24,x11,1507	 x11:0x80040fe4 x24=0x800415c7
     224585.000 ns	     22457	8000479c	2f22fd13	andi	x26,x5,754	  x5:0xe029c000 x26=0x00000000
     224605.000 ns	     22459	800047a0	d00e3b53	fcvt.s.w	f22,x28	 x28:0xf506f533 f22=0xcd2f90ad
     224635.000 ns	     22462	800047a4	0306ec33	rem	x24,x13,x16	 x13:0x00000000 x16:0x00000000 x24=0x00000000
     224655.000 ns	     22464	800047a8	00f0db13	srli	x22,x1,0xf	  x1:0x80040fe4 x22=0x00010008
     224675.000 ns	     22466	800047ac	e00107d3	fmv.x.w	x15,f2	  f2:0x4f73fa01 x15=0x4f73fa01
     224705.000 ns	     22469	800047b0	f00f06d3	fmv.w.x	f13,x30	 x30:0x00000000 f13=0x00000000
     224725.000 ns	     22471	800047b4	00d2c3b3	xor	x7,x5,x13	  x5:0xe029c000 x13:0x00000000  x7=0xe029c000
     224745.000 ns	     22473	800047b8	e0080053	fmv.x.w	x0,f16	 f16:0x80000000
     224765.000 ns	     22475	800047bc	8c6fad93	slti	x27,x31,-1850	 x31:0x00000001 x27=0x00000000
     224775.000 ns	     22476	800047c0	058e3813	sltiu	x16,x28,88	 x28:0xf506f533 x16=0x00000000
     224795.000 ns	     22478	800047c4	e00f0a53	fmv.x.w	x20,f30	 f30:0x7f800000 x20=0x7f800000
     224815.000 ns	     22480	800047c8	002d7a33	and	x20,x26,x2	 x26:0x00000000  x2:0x00000000 x20=0x00000000
     224835.000 ns	     22482	800047cc	20128a53	fsgnj.s	f20,f5,f1	  f5:0x3ffbefec  f1:0xce884c77 f20=0xbffbefec
     224865.000 ns	     22485	800047d0	a06ba3d3	feq.s	x7,f23,f6	 f23:0x42800000  f6:0x00000000  x7=0x00000000
     224885.000 ns	     22487	800047d4	414c57b3	sra	x15,x24,x20	 x24:0x00000000 x20:0x00000000 x15=0x00000000
     224915.000 ns	     22490	800047d8	1041fd53	fmul.s	f26,f3,f4	  f3:0xb83d0ee6  f4:0x4f73fa02 f26=0xc8342dc6
     224935.000 ns	     22492	800047dc	0944f093	andi	x1,x9,148	  x9:0xbbd9c48c  x1=0x00000084
     224955.000 ns	     22494	800047e0	285581d3	fmin.s	f3,f11,f5	 f11:0xcefff7e0  f5:0x3ffbefec  f3=0xcefff7e0
     224975.000 ns	     22496	800047e4	00ca3733	sltu	x14,x20,x12	 x20:0x00000000 x12:0x00000000 x14=0x00000000
     224985.000 ns	     22497	800047e8	c11bac37	lui	x24,0xc11ba	 x24=0xc11ba000
     225005.000 ns	     22499	800047ec	a19daad3	feq.s	x21,f27,f25	 f27:0x7fc00000 f25:0xb83d0ee6 x21=0x00000000
     225025.000 ns	     22501	800047f0	40bb5813	srai	x16,x22,0xb	 x22:0x00010008 x16=0x00000020
     225385.000 ns	     22537	800047f4	02657133	remu	x2,x10,x6	 x10:0x00000000  x6:0x80041024  x2=0x00000000
     225425.000 ns	     22541	800047f8	5804f4d3	fsqrt.s	f9,f9	  f9:0x80000000  f9=0x80000000
     225445.000 ns	     22543	800047fc	41f5d233	sra	x4,x11,x31	 x11:0x80040fe4 x31:0x00000001  x4=0xc00207f2
     225805.000 ns	     22579	80004800	036f4a33	div	x20,x30,x22	 x30:0x00000000 x22:0x00010008 x20=0x00000000
     225835.000 ns	     22582	80004804	209229d3	fsgnjx.s	f19,f4,f9	  f4:0x4f73fa02  f9:0x80000000 f19=0xcf73fa02
     225855.000 ns	     22584	80004808	f91bb693	sltiu	x13,x23,-111	 x23:0x00000000 x13=0x00000001
     225865.000 ns	     22585	8000480c	00349593	slli	x11,x9,0x3	  x9:0xbbd9c48c x11=0xdece2460
     225875.000 ns	     22586	80004810	659a0813	addi	x16,x20,1625	 x20:0x00000000 x16=0x00000659
     225885.000 ns	     22587	80004814	402007b3	sub	x15,x0,x2	  x0:0x00000000  x2:0x00000000 x15=0x00000000
     225895.000 ns	     22588	80004818	0194d113	srli	x2,x9,0x19	  x9:0xbbd9c48c  x2=0x0000005d
     225905.000 ns	     22589	8000481c	004d0033	add	x0,x26,x4	 x26:0x00000000  x4:0xc00207f2
     226235.000 ns	     22622	80004820	188bbfd3	fdiv.s	f31,f23,f8	 f23:0x42800000  f8:0x3ffbefec f31=0x425f5204
     226275.000 ns	     22626	80004824	118f7b53	fmul.s	f22,f30,f24	 f30:0x7f800000 f24:0xcf73fa01 f22=0xff800000
     226305.000 ns	     22629	80004828	a18417d3	flt.s	x15,f8,f24	  f8:0x3ffbefec f24:0xcf73fa01 x15=0x00000000
     226335.000 ns	     22632	8000482c	a19d91d3	flt.s	x3,f27,f25	 f27:0x7fc00000 f25:0xb83d0ee6  x3=0x00000000
     226365.000 ns	     22635	80004830	a09fa7d3	feq.s	x15,f31,f9	 f31:0x425f5204  f9:0x80000000 x15=0x00000000
     226385.000 ns	     22637	80004834	40f06c37	lui	x24,0x40f06	 x24=0x40f06000
     226405.000 ns	     22639	80004838	287189d3	fmin.s	f19,f3,f7	  f3:0xcefff7e0  f7:0x80000000 f19=0xcefff7e0
     226425.000 ns	     22641	8000483c	001ef533	and	x10,x29,x1	 x29:0x00000000  x1:0x00000084 x10=0x00000000
     226445.000 ns	     22643	80004840	e0008753	fmv.x.w	x14,f1	  f1:0xce884c77 x14=0xce884c77
     226475.000 ns	     22646	80004844	a1bb08d3	fle.s	x17,f22,f27	 f22:0xff800000 f27:0x7fc00000 x17=0x00000000
     226505.000 ns	     22649	80004848	e00e82d3	fmv.x.w	x5,f29	 f29:0x80000000  x5=0x80000000
     226535.000 ns	     22652	8000484c	f0038ed3	fmv.w.x	f29,x7	  x7:0x00000000 f29=0x00000000
     226565.000 ns	     22655	80004850	a1a48bd3	fle.s	x23,f9,f26	  f9:0x80000000 f26:0xc8342dc6 x23=0x00000000
     226585.000 ns	     22657	80004854	5626ff93	andi	x31,x13,1378	 x13:0x00000001 x31=0x00000000
     226595.000 ns	     22658	80004858	5ca0b613	sltiu	x12,x1,1482	  x1:0x00000084 x12=0x00000001
     226605.000 ns	     22659	8000485c	e2a08b93	addi	x23,x1,-470	  x1:0x00000084 x23=0xfffffeae
     226625.000 ns	     22661	80004860	031a27b3	mulhsu	x15,x20,x17	 x20:0x00000000 x17:0x00000000 x15=0x00000000
     226965.000 ns	     22695	80004864	197bfb53	fdiv.s	f22,f23,f23	 f23:0x42800000 f23:0x42800000 f22=0x3f36ca88
     226985.000 ns	     22697	80004868	00000013	addi	x0,x0,0	  x0:0x00000000
     227005.000 ns	     22699	8000486c	a1830453	fle.s	x8,f6,f24	  f6:0x00000000 f24:0xcf73fa01  x8=0x00000000
     227035.000 ns	     22702	80004870	03185db3	divu	x27,x16,x17	 x16:0x00000659 x17:0x00000000 x27=0xffffffff
     227065.000 ns	     22705	80004874	a1ef0c53	fle.s	x24,f30,f30	 f30:0x7f800000 f30:0x7f800000 x24=0x00000001
     227095.000 ns	     22708	80004878	28589fd3	fmax.s	f31,f17,f5	 f17:0x80000000  f5:0x3ffbefec f31=0x3ffbefec
     227465.000 ns	     22745	8000487c	026dffb3	remu	x31,x27,x6	 x27:0xffffffff  x6:0x80041024 x31=0x7ffbefdb
     227485.000 ns	     22747	80004880	001bcc33	xor	x24,x23,x1	 x23:0xfffffeae  x1:0x00000084 x24=0xfffffe2a
     227505.000 ns	     22749	80004884	f0090b53	fmv.w.x	f22,x18	 x18:0x4f73fa01 f22=0x4f73fa01
     227555.000 ns	     22754	80004888	00378fd3	fadd.s	f31,f15,f3	 f15:0x43b78000  f3:0xcefff7e0 f31=0xcefff7dd
     227575.000 ns	     22756	8000488c	00000013	addi	x0,x0,0	  x0:0x00000000
     227595.000 ns	     22758	80004890	29b71253	fmax.s	f4,f14,f27	 f14:0x00000000 f27:0x7fc00000  f4=0x00000000
     227615.000 ns	     22760	80004894	01ed9a33	sll	x20,x27,x30	 x27:0xffffffff x30:0x00000000 x20=0xffffffff
     227625.000 ns	     22761	80004898	00373db3	sltu	x27,x14,x3	 x14:0xce884c77  x3:0x00000000 x27=0x00000000
     227635.000 ns	     22762	8000489c	ac902693	slti	x13,x0,-1335	  x0:0x00000000 x13=0x00000000
     227655.000 ns	     22764	800048a0	289d9553	fmax.s	f10,f27,f9	 f27:0x7fc00000  f9:0x80000000 f10=0x80000000
     227685.000 ns	     22767	800048a4	e0030453	fmv.x.w	x8,f6	  f6:0x00000000  x8=0x00000000
     228055.000 ns	     22804	800048a8	0336f3b3	remu	x7,x13,x19	 x13:0x00000000 x19:0x00000001  x7=0x00000000
     228085.000 ns	     22807	800048ac	035cb0b3	mulhu	x1,x25,x21	 x25:0x80040fe4 x21:0x00000000  x1=0x00000000
     228105.000 ns	     22809	800048b0	00954ab3	xor	x21,x10,x9	 x10:0x00000000  x9:0xbbd9c48c x21=0xbbd9c48c
     228125.000 ns	     22811	800048b4	02578d33	mul	x26,x15,x5	 x15:0x00000000  x5:0x80000000 x26=0x00000000
     228175.000 ns	     22816	800048b8	08c5bb53	fsub.s	f22,f11,f12	 f11:0xcefff7e0 f12:0x4f000410 f22=0xcf800000
     228195.000 ns	     22818	800048bc	00a05c13	srli	x24,x0,0xa	  x0:0x00000000 x24=0x00000000
     228215.000 ns	     22820	800048c0	f0058cd3	fmv.w.x	f25,x11	 x11:0xdece2460 f25=0xdece2460
     228235.000 ns	     22822	800048c4	f1750493	addi	x9,x10,-233	 x10:0x00000000  x9=0xffffff17
     228255.000 ns	     22824	800048c8	a1e810d3	flt.s	x1,f16,f30	 f16:0x80000000 f30:0x7f800000  x1=0x00000001
     228285.000 ns	     22827	800048cc	d0178cd3	fcvt.s.wu	f25,x15	 x15:0x00000000 f25=0x00000000
     228325.000 ns	     22831	800048d0	10f2c653	fmul.s	f12,f5,f15	  f5:0x3ffbefec f15:0x43b78000 f12=0x4434967a
     228355.000 ns	     22834	800048d4	a13c80d3	fle.s	x1,f25,f19	 f25:0x00000000 f19:0xcefff7e0  x1=0x00000000
     228725.000 ns	     22871	800048d8	024dceb3	div	x29,x27,x4	 x27:0x00000000  x4:0xc00207f2 x29=0x00000000
     228745.000 ns	     22873	800048dc	fd7fcb13	xori	x22,x31,-41	 x31:0x7ffbefdb x22=0x8004100c
     228755.000 ns	     22874	800048e0	0080e3b3	or	x7,x1,x8	  x1:0x00000000  x8:0x00000000  x7=0x00000000
     228775.000 ns	     22876	800048e4	c00ef653	fcvt.w.s	x12,f29	 f29:0x00000000 x12=0x00000000
     228795.000 ns	     22878	800048e8	4142dfb3	sra	x31,x5,x20	  x5:0x80000000 x20:0xffffffff x31=0xffffffff
     228815.000 ns	     22880	800048ec	c01af7d3	fcvt.wu.s	x15,f21	 f21:0xcf73fa02 x15=0xf3fa0200
     228845.000 ns	     22883	800048f0	a0f39653	flt.s	x12,f7,f15	  f7:0x80000000 f15:0x43b78000 x12=0x00000001
     228875.000 ns	     22886	800048f4	28918d53	fmin.s	f26,f3,f9	  f3:0xcefff7e0  f9:0x80000000 f26=0xcefff7e0
     228905.000 ns	     22889	800048f8	214f9e53	fsgnjn.s	f28,f31,f20	 f31:0xcefff7dd f20:0xbffbefec f28=0x4efff7dd
     228925.000 ns	     22891	800048fc	009d9e93	slli	x29,x27,0x9	 x27:0x00000000 x29=0x00000000
     229285.000 ns	     22927	80004900	02f4c633	div	x12,x9,x15	  x9:0xffffff17 x15:0xf3fa0200 x12=0x00000000
     229315.000 ns	     22930	80004904	218429d3	fsgnjx.s	f19,f8,f24	  f8:0x3ffbefec f24:0xcf73fa01 f19=0xbffbefec
     229345.000 ns	     22933	80004908	032a0bb3	mul	x23,x20,x18	 x20:0xffffffff x18:0x4f73fa01 x23=0xb08c05ff
     229365.000 ns	     22935	8000490c	017d1513	slli	x10,x26,0x17	 x26:0x00000000 x10=0x00000000
     229385.000 ns	     22937	80004910	20050ed3	fsgnj.s	f29,f10,f0	 f10:0x80000000  f0:0x80000000 f29=0x80000000
     229405.000 ns	     22939	80004914	f53ae013	ori	x0,x21,-173	 x21:0xbbd9c48c
     229415.000 ns	     22940	80004918	0149f133	and	x2,x19,x20	 x19:0x00000001 x20:0xffffffff  x2=0x00000001
     229425.000 ns	     22941	8000491c	013927b3	slt	x15,x18,x19	 x18:0x4f73fa01 x19:0x00000001 x15=0x00000000
     229445.000 ns	     22943	80004920	a15ea0d3	feq.s	x1,f29,f21	 f29:0x80000000 f21:0xcf73fa02  x1=0x00000000
     229475.000 ns	     22946	80004924	0323b033	mulhu	x0,x7,x18	  x7:0x00000000 x18:0x4f73fa01
     229495.000 ns	     22948	80004928	411ddbb3	sra	x23,x27,x17	 x27:0x00000000 x17:0x00000000 x23=0x00000000
     229505.000 ns	     22949	8000492c	00425893	srli	x17,x4,0x4	  x4:0xc00207f2 x17=0x0c00207f
     229515.000 ns	     22950	80004930	00000013	addi	x0,x0,0	  x0:0x00000000
     229525.000 ns	     22951	80004934	00000013	addi	x0,x0,0	  x0:0x00000000
     229535.000 ns	     22952	80004938	01dbd513	srli	x10,x23,0x1d	 x23:0x00000000 x10=0x00000000
     229555.000 ns	     22954	8000493c	039b3233	mulhu	x4,x22,x25	 x22:0x8004100c x25:0x80040fe4  x4=0x40041008
     229575.000 ns	     22956	80004940	9f07e5b7	lui	x11,0x9f07e	 x11=0x9f07e000
     229585.000 ns	     22957	80004944	00d89193	slli	x3,x17,0xd	 x17:0x0c00207f  x3=0x040fe000
     229605.000 ns	     22959	80004948	c0113f53	fcvt.wu.s	x30,f2	  f2:0x4f73fa01 x30=0xf3fa0100
     229635.000 ns	     22962	8000494c	039ea0b3	mulhsu	x1,x29,x25	 x29:0x00000000 x25:0x80040fe4  x1=0x00000000
     229665.000 ns	     22965	80004950	281e9f53	fmax.s	f30,f29,f1	 f29:0x80000000  f1:0xce884c77 f30=0x80000000
     229685.000 ns	     22967	80004954	8728ea93	ori	x21,x17,-1934	 x17:0x0c00207f x21=0xfffff87f
     229705.000 ns	     22969	80004958	a11f84d3	fle.s	x9,f31,f17	 f31:0xcefff7dd f17:0x80000000  x9=0x00000001
     229725.000 ns	     22971	8000495c	00e6e5b3	or	x11,x13,x14	 x13:0x00000000 x14:0xce884c77 x11=0xce884c77
     229735.000 ns	     22972	80004960	019bceb3	xor	x29,x23,x25	 x23:0x00000000 x25:0x80040fe4 x29=0x80040fe4
     229745.000 ns	     22973	80004964	01d0c1b3	xor	x3,x1,x29	  x1:0x00000000 x29:0x00000000  x3=0x80040fe4
     229765.000 ns	     22975	80004968	c0017d53	fcvt.w.s	x26,f2	  f2:0x4f73fa01 x26=0x7fffffff
     229795.000 ns	     22978	8000496c	214309d3	fsgnj.s	f19,f6,f20	  f6:0x00000000 f20:0xbffbefec f19=0x80000000
     229825.000 ns	     22981	80004970	038181b3	mul	x3,x3,x24	  x3:0x80040fe4 x24:0x00000000  x3=0x00000000
     229855.000 ns	     22984	80004974	02dd8a33	mul	x20,x27,x13	 x27:0x00000000 x13:0x00000000 x20=0x00000000
     229875.000 ns	     22986	80004978	730dfc13	andi	x24,x27,1840	 x27:0x00000000 x24=0x00000000
     230235.000 ns	     23022	8000497c	0331f533	remu	x10,x3,x19	  x3:0x00000000 x19:0x00000001 x10=0x00000000
     230255.000 ns	     23024	80004980	01f101b3	add	x3,x2,x31	  x2:0x00000001 x31:0xffffffff  x3=0x00000000
     230265.000 ns	     23025	80004984	010e5d13	srli	x26,x28,0x10	 x28:0xf506f533 x26=0x0000f506
     230275.000 ns	     23026	80004988	00702f33	slt	x30,x0,x7	  x0:0x00000000  x7:0x00000000 x30=0x00000000
     230635.000 ns	     23062	8000498c	03c0f1b3	remu	x3,x1,x28	  x1:0x00000000 x28:0xf506f533  x3=0x00000000
     230665.000 ns	     23065	80004990	025f8c33	mul	x24,x31,x5	 x31:0xffffffff  x5:0x80000000 x24=0x80000000
     230695.000 ns	     23068	80004994	d0153753	fcvt.s.wu	f14,x10	 x10:0x00000000 f14=0x00000000
     230725.000 ns	     23071	80004998	295488d3	fmin.s	f17,f9,f21	  f9:0x80000000 f21:0xcf73fa02 f17=0xcf73fa02
     230755.000 ns	     23074	8000499c	2104af53	fsgnjx.s	f30,f9,f16	  f9:0x80000000 f16:0x80000000 f30=0x00000000
     230775.000 ns	     23076	800049a0	2d17ed97	auipc	x27,0x2d17e	 x27=0xad1829a0
     230785.000 ns	     23077	800049a4	1e8d9197	auipc	x3,0x1e8d9	  x3=0x9e8dd9a4
     230805.000 ns	     23079	800049a8	218190d3	fsgnjn.s	f1,f3,f24	  f3:0xcefff7e0 f24:0xcf73fa01  f1=0x4efff7e0
     230835.000 ns	     23082	800049ac	a1700b53	fle.s	x22,f0,f23	  f0:0x80000000 f23:0x42800000 x22=0x00000001
     230885.000 ns	     23087	800049b0	006a79d3	fadd.s	f19,f20,f6	 f20:0xbffbefec  f6:0x00000000 f19=0xbffbefec
     230925.000 ns	     23091	800049b4	184e8dd3	fdiv.s	f27,f29,f4	 f29:0x80000000  f4:0x00000000 f27=0x7fc00000
     230955.000 ns	     23094	800049b8	c01a74d3	fcvt.wu.s	x9,f20	 f20:0xbffbefec  x9=0x00000001
     230995.000 ns	     23098	800049bc	10da3653	fmul.s	f12,f20,f13	 f20:0xbffbefec f13:0x00000000 f12=0x80000000
     231025.000 ns	     23101	800049c0	d00d7dd3	fcvt.s.w	f27,x26	 x26:0x0000f506 f27=0x47750600
     231045.000 ns	     23103	800049c4	fc576f13	ori	x30,x14,-59	 x14:0xce884c77 x30=0xfffffff7
     231405.000 ns	     23139	800049c8	03b8f533	remu	x10,x17,x27	 x17:0x0c00207f x27:0xad1829a0 x10=0x0c00207f
     231425.000 ns	     23141	800049cc	01f82bb3	slt	x23,x16,x31	 x16:0x00000659 x31:0xffffffff x23=0x00000000
     231465.000 ns	     23145	800049d0	00837fd3	fadd.s	f31,f6,f8	  f6:0x00000000  f8:0x3ffbefec f31=0x3ffbefec
     231495.000 ns	     23148	800049d4	d00a85d3	fcvt.s.w	f11,x21	 x21:0xfffff87f f11=0xc4f02000
     231515.000 ns	     23150	800049d8	4119d193	srai	x3,x19,0x11	 x19:0x00000001  x3=0x00000000
     231525.000 ns	     23151	800049dc	224e6b37	lui	x22,0x224e6	 x22=0x224e6000
     231545.000 ns	     23153	800049e0	025e1633	mulh	x12,x28,x5	 x28:0xf506f533  x5:0x80000000 x12=0x057c8566
     231595.000 ns	     23158	800049e4	0921fdd3	fsub.s	f27,f3,f18	  f3:0xcefff7e0 f18:0xf3fa0100 f27=0x73fa0100
     231635.000 ns	     23162	800049e8	58007cd3	fsqrt.s	f25,f0	  f0:0x80000000 f25=0x80000000
     231665.000 ns	     23165	800049ec	21968953	fsgnj.s	f18,f13,f25	 f13:0x00000000 f25:0x00000000 f18=0x80000000
     231695.000 ns	     23168	800049f0	f00b8253	fmv.w.x	f4,x23	 x23:0x00000000  f4=0x00000000
     232065.000 ns	     23205	800049f4	03b17f33	remu	x30,x2,x27	  x2:0x00000001 x27:0xad1829a0 x30=0x00000001
     232115.000 ns	     23210	800049f8	09f0fad3	fsub.s	f21,f1,f31	  f1:0x4efff7e0 f31:0x3ffbefec f21=0x4efff7df
     232135.000 ns	     23212	800049fc	4166d993	srai	x19,x13,0x16	 x13:0x00000000 x19=0x00000000
     232175.000 ns	     23216	80004a00	0870f8d3	fsub.s	f17,f1,f7	  f1:0x4efff7e0  f7:0x80000000 f17=0x4efff7e0
     232195.000 ns	     23218	80004a04	007528b3	slt	x17,x10,x7	 x10:0x0c00207f  x7:0x00000000 x17=0x00000000
     232205.000 ns	     23219	80004a08	419c5493	srai	x9,x24,0x19	 x24:0x80000000  x9=0xffffffc0
     232225.000 ns	     23221	80004a0c	e00f17d3	fclass.s	x15,f30	 f30:0x00000000 x15=0x00000010
     232245.000 ns	     23223	80004a10	009ce833	or	x16,x25,x9	 x25:0x80040fe4  x9:0x00000001 x16=0xffffffe4
     232255.000 ns	     23224	80004a14	28cbe293	ori	x5,x23,652	 x23:0x00000000  x5=0x0000028c
     232275.000 ns	     23226	80004a18	e0078b53	fmv.x.w	x22,f15	 f15:0x43b78000 x22=0x43b78000
     232305.000 ns	     23229	80004a1c	a1e12753	feq.s	x14,f2,f30	  f2:0x4f73fa01 f30:0x00000000 x14=0x00000000
     232335.000 ns	     23232	80004a20	03da2433	mulhsu	x8,x20,x29	 x20:0x00000000 x29:0x80040fe4  x8=0x00000000
     232365.000 ns	     23235	80004a24	2042a8d3	fsgnjx.s	f17,f5,f4	  f5:0x3ffbefec  f4:0x00000000 f17=0x3ffbefec
     232395.000 ns	     23238	80004a28	d00cf453	fcvt.s.w	f8,x25	 x25:0x80040fe4  f8=0xcefff7e0
     232415.000 ns	     23240	80004a2c	005f5913	srli	x18,x30,0x5	 x30:0x00000001 x18=0x00000000
     232425.000 ns	     23241	80004a30	00000013	addi	x0,x0,0	  x0:0x00000000
     232445.000 ns	     23243	80004a34	f00885d3	fmv.w.x	f11,x17	 x17:0x00000000 f11=0x00000000
     232495.000 ns	     23248	80004a38	0963f9d3	fsub.s	f19,f7,f22	  f7:0x80000000 f22:0xcf800000 f19=0x4f800000
     232515.000 ns	     23250	80004a3c	4b074817	auipc	x16,0x4b074	 x16=0xcb078a3c
     232535.000 ns	     23252	80004a40	e00f0bd3	fmv.x.w	x23,f30	 f30:0x00000000 x23=0x00000000
     232565.000 ns	     23255	80004a44	03418233	mul	x4,x3,x20	  x3:0x00000000 x20:0x00000000  x4=0x00000000
     232905.000 ns	     23289	80004a48	19cd98d3	fdiv.s	f17,f27,f28	 f27:0x73fa0100 f28:0x4efff7dd f17=0x647a0100
     232935.000 ns	     23292	80004a4c	a11b2553	feq.s	x10,f22,f17	 f22:0xcf800000 f17:0x3ffbefec x10=0x00000000
     232955.000 ns	     23294	80004a50	003262b3	or	x5,x4,x3	  x4:0x00000000  x3:0x00000000  x5=0x00000000
     232965.000 ns	     23295	80004a54	01011893	slli	x17,x2,0x10	  x2:0x00000001 x17=0x00010000
     232985.000 ns	     23297	80004a58	299d0c53	fmin.s	f24,f26,f25	 f26:0xcefff7e0 f25:0x80000000 f24=0xcefff7e0
     233035.000 ns	     23302	80004a5c	09a2f253	fsub.s	f4,f5,f26	  f5:0x3ffbefec f26:0xcefff7e0  f4=0x4efff7e0
     233065.000 ns	     23305	80004a60	a05186d3	fle.s	x13,f3,f5	  f3:0xcefff7e0  f5:0x3ffbefec x13=0x00000001
     233085.000 ns	     23307	80004a64	001b19b3	sll	x19,x22,x1	 x22:0x43b78000  x1:0x00000000 x19=0x43b78000
     233105.000 ns	     23309	80004a68	21462153	fsgnjx.s	f2,f12,f20	 f12:0x80000000 f20:0xbffbefec  f2=0x00000000
     233155.000 ns	     23314	80004a6c	002dfed3	fadd.s	f29,f27,f2	 f27:0x73fa0100  f2:0x4f73fa01 f29=0x73fa0100
     233175.000 ns	     23316	80004a70	1b7a3213	sltiu	x4,x20,439	 x20:0x00000000  x4=0x00000001
     233215.000 ns	     23320	80004a74	09d29b53	fsub.s	f22,f5,f29	  f5:0x3ffbefec f29:0x73fa0100 f22=0xf3fa0100
     233245.000 ns	     23323	80004a78	211a0753	fsgnj.s	f14,f20,f17	 f20:0xbffbefec f17:0x647a0100 f14=0x3ffbefec
     233265.000 ns	     23325	80004a7c	0041cdb3	xor	x27,x3,x4	  x3:0x00000000  x4:0x00000001 x27=0x00000001
     233625.000 ns	     23361	80004a80	02d7e233	rem	x4,x15,x13	 x15:0x00000010 x13:0x00000001  x4=0x00000000
     233645.000 ns	     23363	80004a84	00ce3eb3	sltu	x29,x28,x12	 x28:0xf506f533 x12:0x057c8566 x29=0x00000000
     233675.000 ns	     23366	80004a88	1055a253	fmul.s	f4,f11,f5	 f11:0x00000000  f5:0x3ffbefec  f4=0x00000000
     233705.000 ns	     23369	80004a8c	d005b153	fcvt.s.w	f2,x11	 x11:0xce884c77  f2=0xce45decf
     233735.000 ns	     23372	80004a90	29321953	fmax.s	f18,f4,f19	  f4:0x00000000 f19:0x4f800000 f18=0x4f800000
     233765.000 ns	     23375	80004a94	02c419b3	mulh	x19,x8,x12	  x8:0x00000000 x12:0x057c8566 x19=0x00000000
     233785.000 ns	     23377	80004a98	01ea1eb3	sll	x29,x20,x30	 x20:0x00000000 x30:0x00000001 x29=0x00000000
     233805.000 ns	     23379	80004a9c	211481d3	fsgnj.s	f3,f9,f17	  f9:0x80000000 f17:0x647a0100  f3=0x00000000
     233835.000 ns	     23382	80004aa0	20ec8153	fsgnj.s	f2,f25,f14	 f25:0x80000000 f14:0x3ffbefec  f2=0x00000000
     233855.000 ns	     23384	80004aa4	3e574893	xori	x17,x14,997	 x14:0x00000000 x17=0x000003e5
     233865.000 ns	     23385	80004aa8	00aff4b3	and	x9,x31,x10	 x31:0xffffffff x10:0x00000000  x9=0x00000000
     233875.000 ns	     23386	80004aac	015609b3	add	x19,x12,x21	 x12:0x057c8566 x21:0xfffff87f x19=0x057c7de5
     233895.000 ns	     23388	80004ab0	d0087d53	fcvt.s.w	f26,x16	 x16:0xcb078a3c f26=0xce53e1d7
     233915.000 ns	     23390	80004ab4	00ba1ab3	sll	x21,x20,x11	 x20:0x00000000 x11:0xce884c77 x21=0x00000000
     234275.000 ns	     23426	80004ab8	02d25eb3	divu	x29,x4,x13	  x4:0x00000000 x13:0x00000001 x29=0x00000000
     234305.000 ns	     23429	80004abc	e00f1653	fclass.s	x12,f30	 f30:0x00000000 x12=0x00000010
     234325.000 ns	     23431	80004ac0	01495b13	srli	x22,x18,0x14	 x18:0x00000000 x22=0x00000000
     234335.000 ns	     23432	80004ac4	01441533	sll	x10,x8,x20	  x8:0x00000000 x20:0x00000000 x10=0x00000000
     234375.000 ns	     23436	80004ac8	0145f7d3	fadd.s	f15,f11,f20	 f11:0x00000000 f20:0xbffbefec f15=0xbffbefec
     234395.000 ns	     23438	80004acc	41fa59b3	sra	x19,x20,x31	 x20:0x00000000 x31:0xffffffff x19=0x00000000
     234415.000 ns	     23440	80004ad0	020a9c33	mulh	x24,x21,x0	 x21:0x00000000  x0:0x00000000 x24=0x00000000
     234435.000 ns	     23442	80004ad4	00161733	sll	x14,x12,x1	 x12:0x00000010  x1:0x00000000 x14=0x00000010
     234445.000 ns	     23443	80004ad8	d4f09617	auipc	x12,0xd4f09	 x12=0x54f0dad8
     234465.000 ns	     23445	80004adc	02905c33	divu	x24,x0,x9	  x0:0x00000000  x9:0x00000000 x24=0xffffffff
     234495.000 ns	     23448	80004ae0	03771d33	mulh	x26,x14,x23	 x14:0x00000010 x23:0x00000000 x26=0x00000000
     234525.000 ns	     23451	80004ae4	037df3b3	remu	x7,x27,x23	 x27:0x00000001 x23:0x00000000  x7=0x00000001
     234545.000 ns	     23453	80004ae8	e2bca693	slti	x13,x25,-469	 x25:0x80040fe4 x13=0x00000001
     234565.000 ns	     23455	80004aec	21a0a153	fsgnjx.s	f2,f1,f26	  f1:0x4efff7e0 f26:0xce53e1d7  f2=0xcefff7e0
     234605.000 ns	     23459	80004af0	1016f4d3	fmul.s	f9,f13,f1	 f13:0x00000000  f1:0x4efff7e0  f9=0x00000000
     234625.000 ns	     23461	80004af4	ad87b897	auipc	x17,0xad87b	 x17=0x2d87faf4
     234635.000 ns	     23462	80004af8	0044bab3	sltu	x21,x9,x4	  x9:0x00000000  x4:0x00000000 x21=0x00000000
     234655.000 ns	     23464	80004afc	20db22d3	fsgnjx.s	f5,f22,f13	 f22:0xf3fa0100 f13:0x00000000  f5=0xf3fa0100
     234685.000 ns	     23467	80004b00	d01715d3	fcvt.s.wu	f11,x14	 x14:0x00000010 f11=0x41800000
     234715.000 ns	     23470	80004b04	f0008ad3	fmv.w.x	f21,x1	  x1:0x00000000 f21=0x00000000
     234745.000 ns	     23473	80004b08	c00af8d3	fcvt.w.s	x17,f21	 f21:0x4efff7df x17=0x00000000
     234785.000 ns	     23477	80004b0c	580cfc53	fsqrt.s	f24,f25	 f25:0x80000000 f24=0x80000000
     234815.000 ns	     23480	80004b10	e0079ed3	fclass.s	x29,f15	 f15:0xbffbefec x29=0x00000002
     234835.000 ns	     23482	80004b14	00541833	sll	x16,x8,x5	  x8:0x00000000  x5:0x00000000 x16=0x00000000
     234855.000 ns	     23484	80004b18	e00c8d53	fmv.x.w	x26,f25	 f25:0x80000000 x26=0x80000000
     234885.000 ns	     23487	80004b1c	c00ef553	fcvt.w.s	x10,f29	 f29:0x73fa0100 x10=0x7fffffff
     234915.000 ns	     23490	80004b20	29208953	fmin.s	f18,f1,f18	  f1:0x4efff7e0 f18:0x4f800000 f18=0x4efff7e0
     234935.000 ns	     23492	80004b24	012ddf93	srli	x31,x27,0x12	 x27:0x00000001 x31=0x00000000
     234955.000 ns	     23494	80004b28	02997533	remu	x10,x18,x9	 x18:0x00000000  x9:0x00000000 x10=0x00000000
     234975.000 ns	     23496	80004b2c	ca5f4393	xori	x7,x30,-859	 x30:0x00000001  x7=0xfffffca4
     234995.000 ns	     23498	80004b30	d0084ad3	fcvt.s.w	f21,x16	 x16:0x00000000 f21=0x00000000
     235045.000 ns	     23503	80004b34	09d892d3	fsub.s	f5,f17,f29	 f17:0x647a0100 f29:0x73fa0100  f5=0xf3fa00ff
     235065.000 ns	     23505	80004b38	010b1eb3	sll	x29,x22,x16	 x22:0x00000000 x16:0x00000000 x29=0x00000000
     235085.000 ns	     23507	80004b3c	a13f8dd3	fle.s	x27,f31,f19	 f31:0x3ffbefec f19:0x4f800000 x27=0x00000001
     235105.000 ns	     23509	80004b40	abed7137	lui	x2,0xabed7	  x2=0xabed7000
     235115.000 ns	     23510	80004b44	0162c6b3	xor	x13,x5,x22	  x5:0x00000000 x22:0x00000000 x13=0x00000000
     235125.000 ns	     23511	80004b48	43e90d17	auipc	x26,0x43e90	 x26=0xc3e94b48
     235145.000 ns	     23513	80004b4c	022d1eb3	mulh	x29,x26,x2	 x26:0x80000000  x2:0xabed7000 x29=0x13bbceb1
     235165.000 ns	     23515	80004b50	418604b3	sub	x9,x12,x24	 x12:0x54f0dad8 x24:0xffffffff  x9=0x54f0dad9
     235175.000 ns	     23516	80004b54	01ece133	or	x2,x25,x30	 x25:0x80040fe4 x30:0x00000001  x2=0x80040fe5
     235195.000 ns	     23518	80004b58	e00917d3	fclass.s	x15,f18	 f18:0x4efff7e0 x15=0x00000040
     235215.000 ns	     23520	80004b5c	6793f013	andi	x0,x7,1657	  x7:0xfffffca4
     235225.000 ns	     23521	80004b60	01734b33	xor	x22,x6,x23	  x6:0x80041024 x23:0x00000000 x22=0x80041024
     235235.000 ns	     23522	80004b64	01cc0933	add	x18,x24,x28	 x24:0xffffffff x28:0xf506f533 x18=0xf506f532
     235245.000 ns	     23523	80004b68	ac9d6693	ori	x13,x26,-1335	 x26:0xc3e94b48 x13=0xfffffbc9
     235255.000 ns	     23524	80004b6c	014b57b3	srl	x15,x22,x20	 x22:0x80041024 x20:0x00000000 x15=0x80041024
     235275.000 ns	     23526	80004b70	d00bf5d3	fcvt.s.w	f11,x23	 x23:0x00000000 f11=0x00000000
     235305.000 ns	     23529	80004b74	039ba833	mulhsu	x16,x23,x25	 x23:0x00000000 x25:0x80040fe4 x16=0x00000000
     235325.000 ns	     23531	80004b78	416dda33	sra	x20,x27,x22	 x27:0x00000001 x22:0x80041024 x20=0x00000000
     235365.000 ns	     23535	80004b7c	09257c53	fsub.s	f24,f10,f18	 f10:0x80000000 f18:0x4efff7e0 f24=0xcefff7e0
     235385.000 ns	     23537	80004b80	7aa62993	slti	x19,x12,1962	 x12:0x54f0dad8 x19=0x00000000
     235405.000 ns	     23539	80004b84	a1f020d3	feq.s	x1,f0,f31	  f0:0x80000000 f31:0x3ffbefec  x1=0x00000000
     235425.000 ns	     23541	80004b88	01241fb3	sll	x31,x8,x18	  x8:0x00000000 x18:0xf506f532 x31=0x00000000
     235435.000 ns	     23542	80004b8c	35649837	lui	x16,0x35649	 x16=0x35649000
     235455.000 ns	     23544	80004b90	c003f2d3	fcvt.w.s	x5,f7	  f7:0x80000000  x5=0x00000000
     235485.000 ns	     23547	80004b94	e0078453	fmv.x.w	x8,f15	 f15:0xbffbefec  x8=0xbffbefec
     235515.000 ns	     23550	80004b98	037960b3	rem	x1,x18,x23	 x18:0xf506f532 x23:0x00000000  x1=0xf506f532
     235555.000 ns	     23554	80004b9c	19af4bd3	fdiv.s	f23,f30,f26	 f30:0x00000000 f26:0xce53e1d7 f23=0x80000000
     235585.000 ns	     23557	80004ba0	034cf3b3	remu	x7,x25,x20	 x25:0x80040fe4 x20:0x00000000  x7=0x80040fe4
     235605.000 ns	     23559	80004ba4	6b0fef37	lui	x30,0x6b0fe	 x30=0x6b0fe000
     235625.000 ns	     23561	80004ba8	299508d3	fmin.s	f17,f10,f25	 f10:0x80000000 f25:0x80000000 f17=0x80000000
     235645.000 ns	     23563	80004bac	00a006b3	add	x13,x0,x10	  x0:0x00000000 x10:0x00000000 x13=0x00000000
     235665.000 ns	     23565	80004bb0	d006fbd3	fcvt.s.w	f23,x13	 x13:0xfffffbc9 f23=0x00000000
     235695.000 ns	     23568	80004bb4	f0088d53	fmv.w.x	f26,x17	 x17:0x00000000 f26=0x00000000
     235725.000 ns	     23571	80004bb8	202625d3	fsgnjx.s	f11,f12,f2	 f12:0x80000000  f2:0xcefff7e0 f11=0x00000000
     235745.000 ns	     23573	80004bbc	39166813	ori	x16,x12,913	 x12:0x54f0dad8 x16=0x54f0dbd9
     235765.000 ns	     23575	80004bc0	c0081253	fcvt.w.s	x4,f16	 f16:0x80000000  x4=0x00000000
     235795.000 ns	     23578	80004bc4	e0098753	fmv.x.w	x14,f19	 f19:0x4f800000 x14=0x4f800000
     235825.000 ns	     23581	80004bc8	a1658253	fle.s	x4,f11,f22	 f11:0x00000000 f22:0xf3fa0100  x4=0x00000000
     235855.000 ns	     23584	80004bcc	e0090253	fmv.x.w	x4,f18	 f18:0x4efff7e0  x4=0x4efff7e0
     235885.000 ns	     23587	80004bd0	21cb2b53	fsgnjx.s	f22,f22,f28	 f22:0xf3fa0100 f28:0x4efff7dd f22=0xf3fa0100
     235935.000 ns	     23592	80004bd4	00eb9553	fadd.s	f10,f23,f14	 f23:0x00000000 f14:0x3ffbefec f10=0x3ffbefec
     235955.000 ns	     23594	80004bd8	01b78fb3	add	x31,x15,x27	 x15:0x80041024 x27:0x00000001 x31=0x80041025
     235965.000 ns	     23595	80004bdc	8ffea513	slti	x10,x29,-1793	 x29:0x13bbceb1 x10=0x00000000
     235975.000 ns	     23596	80004be0	37aa0897	auipc	x17,0x37aa0	 x17=0xb7aa4be0
     235985.000 ns	     23597	80004be4	01fe1bb3	sll	x23,x28,x31	 x28:0xf506f533 x31:0x80041025 x23=0xa0dea660
     236005.000 ns	     23599	80004be8	f0078753	fmv.w.x	f14,x15	 x15:0x80041024 f14=0x80041024
     236035.000 ns	     23602	80004bec	e0070b53	fmv.x.w	x22,f14	 f14:0x3ffbefec x22=0x80041024
     236055.000 ns	     23604	80004bf0	35984993	xori	x19,x16,857	 x16:0x54f0dbd9 x19=0x54f0d880
     236065.000 ns	     23605	80004bf4	4078d513	srai	x10,x17,0x7	 x17:0xb7aa4be0 x10=0xff6f5497
     236075.000 ns	     23606	80004bf8	a511e293	ori	x5,x3,-1455	  x3:0x00000000  x5=0xfffffa51
     236095.000 ns	     23608	80004bfc	c01f72d3	fcvt.wu.s	x5,f30	 f30:0x00000000  x5=0x00000000
     236115.000 ns	     23610	80004c00	fe443393	sltiu	x7,x8,-28	  x8:0xbffbefec  x7=0x00000001
     236125.000 ns	     23611	80004c04	40410433	sub	x8,x2,x4	  x2:0x80040fe5  x4:0x4efff7e0  x8=0x31041805
     236135.000 ns	     23612	80004c08	0156a0b3	slt	x1,x13,x21	 x13:0x00000000 x21:0x00000000  x1=0x00000000
     236155.000 ns	     23614	80004c0c	a08406d3	fle.s	x13,f8,f8	  f8:0xcefff7e0  f8:0xcefff7e0 x13=0x00000001
     236205.000 ns	     23619	80004c10	00219453	fadd.s	f8,f3,f2	  f3:0x00000000  f2:0xcefff7e0  f8=0xcefff7e0
     236225.000 ns	     23621	80004c14	01576d33	or	x26,x14,x21	 x14:0x4f800000 x21:0x00000000 x26=0x4f800000
     236235.000 ns	     23622	80004c18	afe7d217	auipc	x4,0xafe7d	  x4=0x2fe81c18
     236245.000 ns	     23623	80004c1c	2d896413	ori	x8,x18,728	 x18:0xf506f532  x8=0xf506f7fa
     236265.000 ns	     23625	80004c20	d0183d53	fcvt.s.wu	f26,x16	 x16:0x54f0dbd9 f26=0x4ea9e1b8
     236295.000 ns	     23628	80004c24	e00a9453	fclass.s	x8,f21	 f21:0x00000000  x8=0x00000010
     236335.000 ns	     23632	80004c28	18461653	fdiv.s	f12,f12,f4	 f12:0x80000000  f4:0x00000000 f12=0x7fc00000
     236355.000 ns	     23634	80004c2c	0015a5b3	slt	x11,x11,x1	 x11:0xce884c77  x1:0x00000000 x11=0x00000001
     236375.000 ns	     23636	80004c30	a0e81ed3	flt.s	x29,f16,f14	 f16:0x80000000 f14:0x80041024 x29=0x00000000
     236405.000 ns	     23639	80004c34	0250fb33	remu	x22,x1,x5	  x1:0x00000000  x5:0x00000000 x22=0x00000000
     236435.000 ns	     23642	80004c38	28d38853	fmin.s	f16,f7,f13	  f7:0x80000000 f13:0x00000000 f16=0x80000000
     236475.000 ns	     23646	80004c3c	180cffd3	fdiv.s	f31,f25,f0	 f25:0x80000000  f0:0x80000000 f31=0x7fc00000
     236845.000 ns	     23683	80004c40	0388cb33	div	x22,x17,x24	 x17:0xb7aa4be0 x24:0xffffffff x22=0x4855b420
     236865.000 ns	     23685	80004c44	ef43f293	andi	x5,x7,-268	  x7:0x00000001  x5=0x00000000
     236885.000 ns	     23687	80004c48	c00df053	fcvt.w.s	x0,f27	 f27:0x73fa0100
     236915.000 ns	     23690	80004c4c	e00380d3	fmv.x.w	x1,f7	  f7:0x80000000  x1=0x80000000
     236935.000 ns	     23692	80004c50	1a996d17	auipc	x26,0x1a996	 x26=0x9a99ac50
     236955.000 ns	     23694	80004c54	f0018ed3	fmv.w.x	f29,x3	  x3:0x00000000 f29=0x00000000
     236985.000 ns	     23697	80004c58	e00d84d3	fmv.x.w	x9,f27	 f27:0x73fa0100  x9=0x73fa0100
     237005.000 ns	     23699	80004c5c	008961b3	or	x3,x18,x8	 x18:0xf506f532  x8:0x00000010  x3=0xf506f532
     237015.000 ns	     23700	80004c60	40ab8033	sub	x0,x23,x10	 x23:0xa0dea660 x10:0xff6f5497
     237025.000 ns	     23701	80004c64	8ef3fc13	andi	x24,x7,-1809	  x7:0x00000001 x24=0x00000001
     237045.000 ns	     23703	80004c68	c0134ed3	fcvt.wu.s	x29,f6	  f6:0x00000000 x29=0x00000000
     237065.000 ns	     23705	80004c6c	00000013	addi	x0,x0,0	  x0:0x00000000
     237085.000 ns	     23707	80004c70	c010f9d3	fcvt.wu.s	x19,f1	  f1:0x4efff7e0 x19=0x7ffbf000
     237105.000 ns	     23709	80004c74	01c8ea33	or	x20,x17,x28	 x17:0xb7aa4be0 x28:0xf506f533 x20=0xf7aefff3
     237125.000 ns	     23711	80004c78	d005f053	fcvt.s.w	f0,x11	 x11:0x00000001  f0=0x3f800000
     237155.000 ns	     23714	80004c7c	d0113953	fcvt.s.wu	f18,x2	  x2:0x80040fe5 f18=0x4f000410
     237205.000 ns	     23719	80004c80	01670bd3	fadd.s	f23,f14,f22	 f14:0x80041024 f22:0xf3fa0100 f23=0xf3fa0100
     237225.000 ns	     23721	80004c84	407b8933	sub	x18,x23,x7	 x23:0xa0dea660  x7:0x00000001 x18=0xa0dea65f
     237245.000 ns	     23723	80004c88	289106d3	fmin.s	f13,f2,f9	  f2:0xcefff7e0  f9:0x00000000 f13=0xcefff7e0
     237265.000 ns	     23725	80004c8c	01535933	srl	x18,x6,x21	  x6:0x80041024 x21:0x00000000 x18=0x80041024
     237275.000 ns	     23726	80004c90	00535213	srli	x4,x6,0x5	  x6:0x80041024  x4=0x04002081
     237635.000 ns	     23762	80004c94	02824233	div	x4,x4,x8	  x4:0x2fe81c18  x8:0x00000010  x4=0x00400208
     237655.000 ns	     23764	80004c98	00000013	addi	x0,x0,0	  x0:0x00000000
     237665.000 ns	     23765	80004c9c	95bc0f93	addi	x31,x24,-1701	 x24:0x00000001 x31=0xfffff95c
     237675.000 ns	     23766	80004ca0	01a06ab3	or	x21,x0,x26	  x0:0x00000000 x26:0x9a99ac50 x21=0x9a99ac50
     237715.000 ns	     23770	80004ca4	01ebf8d3	fadd.s	f17,f23,f30	 f23:0xf3fa0100 f30:0x00000000 f17=0xf3fa0100
     237735.000 ns	     23772	80004ca8	00d15793	srli	x15,x2,0xd	  x2:0x80040fe5 x15=0x00040020
     237745.000 ns	     23773	80004cac	41d1d3b3	sra	x7,x3,x29	  x3:0xf506f532 x29:0x00000000  x7=0xf506f532
     237755.000 ns	     23774	80004cb0	01fa9c33	sll	x24,x21,x31	 x21:0x9a99ac50 x31:0xfffff95c x24=0x00000000
     237775.000 ns	     23776	80004cb4	e0080953	fmv.x.w	x18,f16	 f16:0x80000000 x18=0x80000000
     237795.000 ns	     23778	80004cb8	003d3fb3	sltu	x31,x26,x3	 x26:0x9a99ac50  x3:0xf506f532 x31=0x00000001
     237805.000 ns	     23779	80004cbc	01325793	srli	x15,x4,0x13	  x4:0x00400208 x15=0x00000008
     237815.000 ns	     23780	80004cc0	00416ab3	or	x21,x2,x4	  x2:0x80040fe5  x4:0x00400208 x21=0x80440fed
     237835.000 ns	     23782	80004cc4	a1b8a4d3	feq.s	x9,f17,f27	 f17:0xf3fa0100 f27:0x73fa0100  x9=0x00000000
     237855.000 ns	     23784	80004cc8	011a2d33	slt	x26,x20,x17	 x20:0xf7aefff3 x17:0xb7aa4be0 x26=0x00000000
     237865.000 ns	     23785	80004ccc	01b574b3	and	x9,x10,x27	 x10:0xff6f5497 x27:0x00000001  x9=0x00000001
     237875.000 ns	     23786	80004cd0	41dc5813	srai	x16,x24,0x1d	 x24:0x00000000 x16=0x00000000
     237895.000 ns	     23788	80004cd4	29358353	fmin.s	f6,f11,f19	 f11:0x00000000 f19:0x4f800000  f6=0x00000000
     237925.000 ns	     23791	80004cd8	e00898d3	fclass.s	x17,f17	 f17:0xf3fa0100 x17=0x00000002
     237945.000 ns	     23793	80004cdc	00000013	addi	x0,x0,0	  x0:0x00000000
     237965.000 ns	     23795	80004ce0	e0018153	fmv.x.w	x2,f3	  f3:0x00000000  x2=0x00000000
     237985.000 ns	     23797	80004ce4	a533a413	slti	x8,x7,-1453	  x7:0xf506f532  x8=0x00000001
     237995.000 ns	     23798	80004ce8	1c985a37	lui	x20,0x1c985	 x20=0x1c985000
     238005.000 ns	     23799	80004cec	41f1dd93	srai	x27,x3,0x1f	  x3:0xf506f532 x27=0xffffffff
     238015.000 ns	     23800	80004cf0	01b9fbb3	and	x23,x19,x27	 x19:0x7ffbf000 x27:0x00000001 x23=0x7ffbf000
     238035.000 ns	     23802	80004cf4	e00c8c53	fmv.x.w	x24,f25	 f25:0x80000000 x24=0x80000000
     238055.000 ns	     23804	80004cf8	ea957213	andi	x4,x10,-343	 x10:0xff6f5497  x4=0xff6f5481
     238075.000 ns	     23806	80004cfc	d006ffd3	fcvt.s.w	f31,x13	 x13:0x00000001 f31=0x3f800000
     238095.000 ns	     23808	80004d00	009360b3	or	x1,x6,x9	  x6:0x80041024  x9:0x00000001  x1=0x80041025
     238125.000 ns	     23811	80004d04	18860fd3	fdiv.s	f31,f12,f8	 f12:0x7fc00000  f8:0xcefff7e0 f31=0x7fc00000
     238145.000 ns	     23813	80004d08	017af433	and	x8,x21,x23	 x21:0x80440fed x23:0x7ffbf000  x8=0x00400000
     238165.000 ns	     23815	80004d0c	e0059a53	fclass.s	x20,f11	 f11:0x00000000 x20=0x00000010
     238185.000 ns	     23817	80004d10	41d45733	sra	x14,x8,x29	  x8:0x00000001 x29:0x00000000 x14=0x00400000
     238205.000 ns	     23819	80004d14	c00dfdd3	fcvt.w.s	x27,f27	 f27:0x73fa0100 x27=0x7fffffff
     238235.000 ns	     23822	80004d18	a1872053	feq.s	x0,f14,f24	 f14:0x80041024 f24:0xcefff7e0
     238255.000 ns	     23824	80004d1c	413e8433	sub	x8,x29,x19	 x29:0x00000000 x19:0x7ffbf000  x8=0x80041000
     238265.000 ns	     23825	80004d20	8caaa693	slti	x13,x21,-1846	 x21:0x80440fed x13=0x00000001
     238275.000 ns	     23826	80004d24	a8482513	slti	x10,x16,-1404	 x16:0x00000000 x10=0x00000000
     238295.000 ns	     23828	80004d28	213626d3	fsgnjx.s	f13,f12,f19	 f12:0x7fc00000 f19:0x4f800000 f13=0x7fc00000
     238335.000 ns	     23832	80004d2c	10c98b53	fmul.s	f22,f19,f12	 f19:0x4f800000 f12:0x7fc00000 f22=0x7fc00000
     238355.000 ns	     23834	80004d30	402ed613	srai	x12,x29,0x2	 x29:0x00000000 x12=0x00000000
     238365.000 ns	     23835	80004d34	01b4beb3	sltu	x29,x9,x27	  x9:0x00000001 x27:0x7fffffff x29=0x00000001
     238375.000 ns	     23836	80004d38	01091fb3	sll	x31,x18,x16	 x18:0x80000000 x16:0x00000000 x31=0x80000000
     238395.000 ns	     23838	80004d3c	c004c0d3	fcvt.w.s	x1,f9	  f9:0x00000000  x1=0x00000000
     238415.000 ns	     23840	80004d40	ff8da593	slti	x11,x27,-8	 x27:0x7fffffff x11=0x00000000
     238425.000 ns	     23841	80004d44	01022533	slt	x10,x4,x16	  x4:0xff6f5481 x16:0x00000000 x10=0x00000001
     238435.000 ns	     23842	80004d48	0150d593	srli	x11,x1,0x15	  x1:0x00000000 x11=0x00000000
     238765.000 ns	     23875	80004d4c	19a13c53	fdiv.s	f24,f2,f26	  f2:0xcefff7e0 f26:0x4ea9e1b8 f24=0xbf7ff7e0
     238785.000 ns	     23877	80004d50	00000013	addi	x0,x0,0	  x0:0x00000000
     238795.000 ns	     23878	80004d54	c639bd93	sltiu	x27,x19,-925	 x19:0x7ffbf000 x27=0x00000001
     238815.000 ns	     23880	80004d58	025b7db3	remu	x27,x22,x5	 x22:0x4855b420  x5:0x00000000 x27=0x4855b420
     238865.000 ns	     23885	80004d5c	082309d3	fsub.s	f19,f6,f2	  f6:0x00000000  f2:0xcefff7e0 f19=0x4efff7e0
     238895.000 ns	     23888	80004d60	030a6233	rem	x4,x20,x16	 x20:0x00000010 x16:0x00000000  x4=0x00000010
     238915.000 ns	     23890	80004d64	0197fab3	and	x21,x15,x25	 x15:0x00000008 x25:0x80040fe4 x21=0x00000000
     238935.000 ns	     23892	80004d68	022e61b3	rem	x3,x28,x2	 x28:0xf506f533  x2:0x00000000  x3=0xf506f533
     238985.000 ns	     23897	80004d6c	086dfa53	fsub.s	f20,f27,f6	 f27:0x73fa0100  f6:0x00000000 f20=0x73fa0100
     239015.000 ns	     23900	80004d70	295c1053	fmax.s	f0,f24,f21	 f24:0xbf7ff7e0 f21:0x00000000  f0=0x00000000
     239035.000 ns	     23902	80004d74	01101233	sll	x4,x0,x17	  x0:0x00000000 x17:0x00000002  x4=0x00000000
     239055.000 ns	     23904	80004d78	d01a3ad3	fcvt.s.wu	f21,x20	 x20:0x00000010 f21=0x41800000
     239085.000 ns	     23907	80004d7c	03cda7b3	mulhsu	x15,x27,x28	 x27:0x4855b420 x28:0xf506f533 x15=0x453bfcad
     239105.000 ns	     23909	80004d80	400e5b13	srai	x22,x28,0x0	 x28:0xf506f533 x22=0xf506f533
     239115.000 ns	     23910	80004d84	484beb13	ori	x22,x23,1156	 x23:0x7ffbf000 x22=0x7ffbf484
     239135.000 ns	     23912	80004d88	c01b78d3	fcvt.wu.s	x17,f22	 f22:0x7fc00000 x17=0xffffffff
     239165.000 ns	     23915	80004d8c	a1e18ad3	fle.s	x21,f3,f30	  f3:0x00000000 f30:0x00000000 x21=0x00000001
     239205.000 ns	     23919	80004d90	580799d3	fsqrt.s	f19,f15	 f15:0xbffbefec f19=0x7fc00000
     239225.000 ns	     23921	80004d94	1dea7193	andi	x3,x20,478	 x20:0x00000010  x3=0x00000010
     239265.000 ns	     23925	80004d98	0929f7d3	fsub.s	f15,f19,f18	 f19:0x7fc00000 f18:0x4f000410 f15=0x7fc00000
     239295.000 ns	     23928	80004d9c	a1978753	fle.s	x14,f15,f25	 f15:0xbffbefec f25:0x80000000 x14=0x00000000
     239315.000 ns	     23930	80004da0	857caf93	slti	x31,x25,-1961	 x25:0x80040fe4 x31=0x00000001
     239355.000 ns	     23934	80004da4	00c3f253	fadd.s	f4,f7,f12	  f7:0x80000000 f12:0x7fc00000  f4=0x7fc00000
     239385.000 ns	     23937	80004da8	026c16b3	mulh	x13,x24,x6	 x24:0x80000000  x6:0x80041024 x13=0x3ffdf7ee
     239415.000 ns	     23940	80004dac	a1d18d53	fle.s	x26,f3,f29	  f3:0x00000000 f29:0x00000000 x26=0x00000001
     239465.000 ns	     23945	80004db0	08df2c53	fsub.s	f24,f30,f13	 f30:0x00000000 f13:0x7fc00000 f24=0x7fc00000
     239515.000 ns	     23950	80004db4	090a2f53	fsub.s	f30,f20,f16	 f20:0x73fa0100 f16:0x80000000 f30=0x73fa0100
     239545.000 ns	     23953	80004db8	a13c1553	flt.s	x10,f24,f19	 f24:0x7fc00000 f19:0x7fc00000 x10=0x00000000
     239575.000 ns	     23956	80004dbc	a0750453	fle.s	x8,f10,f7	 f10:0x3ffbefec  f7:0x80000000  x8=0x00000000
     239605.000 ns	     23959	80004dc0	d0139cd3	fcvt.s.wu	f25,x7	  x7:0xf506f532 f25=0x4f7506f5
     239625.000 ns	     23961	80004dc4	40c55213	srai	x4,x10,0xc	 x10:0x00000000  x4=0x00000000
     239635.000 ns	     23962	80004dc8	013daa33	slt	x20,x27,x19	 x27:0x4855b420 x19:0x7ffbf000 x20=0x00000001
     239655.000 ns	     23964	80004dcc	28c406d3	fmin.s	f13,f8,f12	  f8:0xcefff7e0 f12:0x7fc00000 f13=0xcefff7e0
     239685.000 ns	     23967	80004dd0	0208ea33	rem	x20,x17,x0	 x17:0xffffffff  x0:0x00000000 x20=0xffffffff
     239705.000 ns	     23969	80004dd4	015e0f33	add	x30,x28,x21	 x28:0xf506f533 x21:0x00000001 x30=0xf506f534
     239715.000 ns	     23970	80004dd8	014d9fb3	sll	x31,x27,x20	 x27:0x4855b420 x20:0xffffffff x31=0x00000000
     239725.000 ns	     23971	80004ddc	b4260213	addi	x4,x12,-1214	 x12:0x00000000  x4=0xfffffb42
     239745.000 ns	     23973	80004de0	29280753	fmin.s	f14,f16,f18	 f16:0x80000000 f18:0x4f000410 f14=0x80000000
     239775.000 ns	     23976	80004de4	20109053	fsgnjn.s	f0,f1,f1	  f1:0x4efff7e0  f1:0x4efff7e0  f0=0xcefff7e0
     239795.000 ns	     23978	80004de8	00641493	slli	x9,x8,0x6	  x8:0x00000000  x9=0x00000000
     239815.000 ns	     23980	80004dec	0208d933	divu	x18,x17,x0	 x17:0xffffffff  x0:0x00000000 x18=0xffffffff
     239845.000 ns	     23983	80004df0	209310d3	fsgnjn.s	f1,f6,f9	  f6:0x00000000  f9:0x00000000  f1=0x80000000
     239875.000 ns	     23986	80004df4	d0169cd3	fcvt.s.wu	f25,x13	 x13:0x3ffdf7ee f25=0x4e7ff7df
     239905.000 ns	     23989	80004df8	281490d3	fmax.s	f1,f9,f1	  f9:0x00000000  f1:0x80000000  f1=0x00000000
     239935.000 ns	     23992	80004dfc	a0a09d53	flt.s	x26,f1,f10	  f1:0x80000000 f10:0x3ffbefec x26=0x00000001
     239965.000 ns	     23995	80004e00	29208c53	fmin.s	f24,f1,f18	  f1:0x00000000 f18:0x4f000410 f24=0x00000000
     239995.000 ns	     23998	80004e04	021d33b3	mulhu	x7,x26,x1	 x26:0x00000001  x1:0x00000000  x7=0x00000000
     240015.000 ns	     24000	80004e08	62af4093	xori	x1,x30,1578	 x30:0xf506f534  x1=0xf506f31e
     240025.000 ns	     24001	80004e0c	6cc45617	auipc	x12,0x6cc45	 x12=0xecc49e0c
     240035.000 ns	     24002	80004e10	01023533	sltu	x10,x4,x16	  x4:0xfffffb42 x16:0x00000000 x10=0x00000000
     240045.000 ns	     24003	80004e14	4079ee97	auipc	x29,0x4079e	 x29=0xc07a2e14
     240055.000 ns	     24004	80004e18	c8c38213	addi	x4,x7,-884	  x7:0x00000000  x4=0xfffffc8c
     240075.000 ns	     24006	80004e1c	28ac8c53	fmin.s	f24,f25,f10	 f25:0x4e7ff7df f10:0x3ffbefec f24=0x3ffbefec
     240105.000 ns	     24009	80004e20	a08c10d3	flt.s	x1,f24,f8	 f24:0x00000000  f8:0xcefff7e0  x1=0x00000000
     240135.000 ns	     24012	80004e24	020b30b3	mulhu	x1,x22,x0	 x22:0x7ffbf484  x0:0x00000000  x1=0x00000000
     240155.000 ns	     24014	80004e28	0163e9b3	or	x19,x7,x22	  x7:0x00000000 x22:0x7ffbf484 x19=0x7ffbf484
     240165.000 ns	     24015	80004e2c	469b3613	sltiu	x12,x22,1129	 x22:0x7ffbf484 x12=0x00000000
     240185.000 ns	     24017	80004e30	03f6e5b3	rem	x11,x13,x31	 x13:0x3ffdf7ee x31:0x00000000 x11=0x3ffdf7ee
     240205.000 ns	     24019	80004e34	409152b3	sra	x5,x2,x9	  x2:0x00000000  x9:0x00000000  x5=0x00000000
     240215.000 ns	     24020	80004e38	62ed2193	slti	x3,x26,1582	 x26:0x00000001  x3=0x00000001
     240235.000 ns	     24022	80004e3c	a1f31fd3	flt.s	x31,f6,f31	  f6:0x00000000 f31:0x7fc00000 x31=0x00000000
     240255.000 ns	     24024	80004e40	01165293	srli	x5,x12,0x11	 x12:0x00000000  x5=0x00000000
     240265.000 ns	     24025	80004e44	0144c633	xor	x12,x9,x20	  x9:0x00000000 x20:0xffffffff x12=0xffffffff
     240285.000 ns	     24027	80004e48	d01e7dd3	fcvt.s.wu	f27,x28	 x28:0xf506f533 f27=0x4f7506f5
     240315.000 ns	     24030	80004e4c	a10c1853	flt.s	x16,f24,f16	 f24:0x3ffbefec f16:0x80000000 x16=0x00000000
     240345.000 ns	     24033	80004e50	e00007d3	fmv.x.w	x15,f0	  f0:0xcefff7e0 x15=0xcefff7e0
     240375.000 ns	     24036	80004e54	20d219d3	fsgnjn.s	f19,f4,f13	  f4:0x7fc00000 f13:0xcefff7e0 f19=0x7fc00000
     240405.000 ns	     24039	80004e58	02f8bdb3	mulhu	x27,x17,x15	 x17:0xffffffff x15:0xcefff7e0 x27=0xcefff7df
     240435.000 ns	     24042	80004e5c	e00b0ad3	fmv.x.w	x21,f22	 f22:0x7fc00000 x21=0x7fc00000
     240455.000 ns	     24044	80004e60	0150a3b3	slt	x7,x1,x21	  x1:0x00000000 x21:0x00000001  x7=0x00000001
     240465.000 ns	     24045	80004e64	00000013	addi	x0,x0,0	  x0:0x00000000
     240485.000 ns	     24047	80004e68	219c0953	fsgnj.s	f18,f24,f25	 f24:0x3ffbefec f25:0x4e7ff7df f18=0x3ffbefec
     240505.000 ns	     24049	80004e6c	40c15233	sra	x4,x2,x12	  x2:0x00000000 x12:0xffffffff  x4=0x00000000
     240515.000 ns	     24050	80004e70	72b40613	addi	x12,x8,1835	  x8:0x00000000 x12=0x0000072b
     240535.000 ns	     24052	80004e74	02172d33	mulhsu	x26,x14,x1	 x14:0x00000000  x1:0x00000000 x26=0x00000000
     240555.000 ns	     24054	80004e78	010f7c13	andi	x24,x30,16	 x30:0xf506f534 x24=0x00000010
     240565.000 ns	     24055	80004e7c	00000013	addi	x0,x0,0	  x0:0x00000000
     240585.000 ns	     24057	80004e80	c00915d3	fcvt.w.s	x11,f18	 f18:0x3ffbefec x11=0x00000001
     240615.000 ns	     24060	80004e84	d0122253	fcvt.s.wu	f4,x4	  x4:0x00000000  f4=0x00000000
     240645.000 ns	     24063	80004e88	d019f5d3	fcvt.s.wu	f11,x19	 x19:0x7ffbf484 f11=0x4efff7e9
     240675.000 ns	     24066	80004e8c	e0089f53	fclass.s	x30,f17	 f17:0xf3fa0100 x30=0x00000002
     240695.000 ns	     24068	80004e90	01b85813	srli	x16,x16,0x1b	 x16:0x00000000 x16=0x00000000
     240715.000 ns	     24070	80004e94	20419bd3	fsgnjn.s	f23,f3,f4	  f3:0x00000000  f4:0x00000000 f23=0x80000000
     240745.000 ns	     24073	80004e98	02253433	mulhu	x8,x10,x2	 x10:0x00000000  x2:0x00000000  x8=0x00000000
     240765.000 ns	     24075	80004e9c	407c8d33	sub	x26,x25,x7	 x25:0x80040fe4  x7:0x00000001 x26=0x80040fe3
     240785.000 ns	     24077	80004ea0	29c41b53	fmax.s	f22,f8,f28	  f8:0xcefff7e0 f28:0x4efff7dd f22=0x4efff7dd
     240805.000 ns	     24079	80004ea4	2ca451b7	lui	x3,0x2ca45	  x3=0x2ca45000
     240825.000 ns	     24081	80004ea8	21d20453	fsgnj.s	f8,f4,f29	  f4:0x00000000 f29:0x00000000  f8=0x00000000
     240845.000 ns	     24083	80004eac	00000013	addi	x0,x0,0	  x0:0x00000000
     241205.000 ns	     24119	80004eb0	03374233	div	x4,x14,x19	 x14:0x00000000 x19:0x7ffbf484  x4=0x00000000
     241225.000 ns	     24121	80004eb4	1497d097	auipc	x1,0x1497d	  x1=0x94981eb4
     241585.000 ns	     24157	80004eb8	038ed433	divu	x8,x29,x24	 x29:0xc07a2e14 x24:0x00000010  x8=0x0c07a2e1
     241605.000 ns	     24159	80004ebc	4b3a8597	auipc	x11,0x4b3a8	 x11=0xcb3acebc
     241615.000 ns	     24160	80004ec0	4e898197	auipc	x3,0x4e898	  x3=0xce89cec0
     241625.000 ns	     24161	80004ec4	016cb013	sltiu	x0,x25,22	 x25:0x80040fe4
     242795.000 ns	     24278	80004ec8	580b4dd3	fsqrt.s	f27,f22	 f22:0x4efff7dd f27=0x473501ca
     242815.000 ns	     24280	80004ecc	017035b3	sltu	x11,x0,x23	  x0:0x00000000 x23:0x7ffbf000 x11=0x00000001
     242825.000 ns	     24281	80004ed0	40b05a13	srai	x20,x0,0xb	  x0:0x00000000 x20=0x00000000
     242835.000 ns	     24282	80004ed4	bf147513	andi	x10,x8,-1039	  x8:0x0c07a2e1 x10=0x0c07a2e1
     242855.000 ns	     24284	80004ed8	d0000cd3	fcvt.s.w	f25,x0	  x0:0x00000000 f25=0x00000000
     242875.000 ns	     24286	80004edc	f4ec0013	addi	x0,x24,-178	 x24:0x00000010
     243235.000 ns	     24322	80004ee0	03607533	remu	x10,x0,x22	  x0:0x00000000 x22:0x7ffbf484 x10=0x00000000
     243265.000 ns	     24325	80004ee4	a14f1ad3	flt.s	x21,f30,f20	 f30:0x73fa0100 f20:0x73fa0100 x21=0x00000000
     243285.000 ns	     24327	80004ee8	ef3ccc13	xori	x24,x25,-269	 x25:0x80040fe4 x24=0x7ffbf117
     243325.000 ns	     24331	80004eec	089cf853	fsub.s	f16,f25,f9	 f25:0x00000000  f9:0x00000000 f16=0x80000000
     243345.000 ns	     24333	80004ef0	01206fb3	or	x31,x0,x18	  x0:0x00000000 x18:0xffffffff x31=0xffffffff
     243365.000 ns	     24335	80004ef4	21ae9ed3	fsgnjn.s	f29,f29,f26	 f29:0x00000000 f26:0x4ea9e1b8 f29=0x80000000
     243385.000 ns	     24337	80004ef8	3558c713	xori	x14,x17,853	 x17:0xffffffff x14=0xfffffcaa
     243425.000 ns	     24341	80004efc	09bbcc53	fsub.s	f24,f23,f27	 f23:0x80000000 f27:0x473501ca f24=0xc73501ca
     243455.000 ns	     24344	80004f00	02c6ac33	mulhsu	x24,x13,x12	 x13:0x3ffdf7ee x12:0x0000072b x24=0x000001ca
     244635.000 ns	     24462	80004f04	580df8d3	fsqrt.s	f17,f27	 f27:0x473501ca f17=0x42fffb4e
     245005.000 ns	     24499	80004f08	02f3f0b3	remu	x1,x7,x15	  x7:0x00000001 x15:0xcefff7e0  x1=0x00000001
     245035.000 ns	     24502	80004f0c	d0037cd3	fcvt.s.w	f25,x6	  x6:0x80041024 f25=0xcefff7df
     245065.000 ns	     24505	80004f10	f00a8d53	fmv.w.x	f26,x21	 x21:0x00000000 f26=0x00000000
     245085.000 ns	     24507	80004f14	79aa4513	xori	x10,x20,1946	 x20:0x00000000 x10=0x0000079a
     245445.000 ns	     24543	80004f18	02df69b3	rem	x19,x30,x13	 x30:0x00000002 x13:0x3ffdf7ee x19=0x00000002
     245495.000 ns	     24548	80004f1c	00cc76d3	fadd.s	f13,f24,f12	 f24:0xc73501ca f12:0x7fc00000 f13=0x7fc00000
     245865.000 ns	     24585	80004f20	033fd833	divu	x16,x31,x19	 x31:0xffffffff x19:0x00000002 x16=0x7fffffff
     245895.000 ns	     24588	80004f24	d01bf8d3	fcvt.s.wu	f17,x23	 x23:0x7ffbf000 f17=0x4efff7e0
     245925.000 ns	     24591	80004f28	020fc4b3	div	x9,x31,x0	 x31:0xffffffff  x0:0x00000000  x9=0xffffffff
     245945.000 ns	     24593	80004f2c	db8ef013	andi	x0,x29,-584	 x29:0xc07a2e14
     245955.000 ns	     24594	80004f30	f2a6cf13	xori	x30,x13,-214	 x13:0x3ffdf7ee x30=0xc00208c4
     245975.000 ns	     24596	80004f34	d0180dd3	fcvt.s.wu	f27,x16	 x16:0x7fffffff f27=0x4f000000
     246005.000 ns	     24599	80004f38	e00f98d3	fclass.s	x17,f31	 f31:0x7fc00000 x17=0x00000200
     246035.000 ns	     24602	80004f3c	a1472953	feq.s	x18,f14,f20	 f14:0x80000000 f20:0x73fa0100 x18=0x00000000
     246055.000 ns	     24604	80004f40	d088d737	lui	x14,0xd088d	 x14=0xd088d000
     246095.000 ns	     24608	80004f44	09c5fc53	fsub.s	f24,f11,f28	 f11:0x4efff7e9 f28:0x4efff7dd f24=0x44c00000
     246115.000 ns	     24610	80004f48	ae534d13	xori	x26,x6,-1307	  x6:0x80041024 x26=0x7ffbeac1
     246125.000 ns	     24611	80004f4c	3157f413	andi	x8,x15,789	 x15:0xcefff7e0  x8=0x00000300
     246485.000 ns	     24647	80004f50	030463b3	rem	x7,x8,x16	  x8:0x0c07a2e1 x16:0x7fffffff  x7=0x00000300
     246505.000 ns	     24649	80004f54	7e412f13	slti	x30,x2,2020	  x2:0x00000000 x30=0x00000001
     246525.000 ns	     24651	80004f58	a0dea9d3	feq.s	x19,f29,f13	 f29:0x80000000 f13:0x7fc00000 x19=0x00000000
     246545.000 ns	     24653	80004f5c	00c48a33	add	x20,x9,x12	  x9:0xffffffff x12:0x0000072b x20=0x0000072a
     246565.000 ns	     24655	80004f60	028a3eb3	mulhu	x29,x20,x8	 x20:0x00000000  x8:0x00000300 x29=0x00000000
     246595.000 ns	     24658	80004f64	f00f80d3	fmv.w.x	f1,x31	 x31:0xffffffff  f1=0xffffffff
     246615.000 ns	     24660	80004f68	48ccea13	ori	x20,x25,1164	 x25:0x80040fe4 x20=0x80040fec
     246625.000 ns	     24661	80004f6c	003df9b3	and	x19,x27,x3	 x27:0xcefff7df  x3:0xce89cec0 x19=0xce89c6c0
     246635.000 ns	     24662	80004f70	32d46497	auipc	x9,0x32d46	  x9=0xb2d4af70
     246995.000 ns	     24698	80004f74	03714533	div	x10,x2,x23	  x2:0x00000000 x23:0x7ffbf000 x10=0x00000000
     247365.000 ns	     24735	80004f78	0304da33	divu	x20,x9,x16	  x9:0xffffffff x16:0x7fffffff x20=0x00000001
     247415.000 ns	     24740	80004f7c	01173bd3	fadd.s	f23,f14,f17	 f14:0x80000000 f17:0x4efff7e0 f23=0x4efff7e0
     247465.000 ns	     24745	80004f80	09f236d3	fsub.s	f13,f4,f31	  f4:0x00000000 f31:0x7fc00000 f13=0x7fc00000
     247495.000 ns	     24748	80004f84	209391d3	fsgnjn.s	f3,f7,f9	  f7:0x80000000  f9:0x00000000  f3=0x80000000
     247525.000 ns	     24751	80004f88	208a03d3	fsgnj.s	f7,f20,f8	 f20:0x73fa0100  f8:0x00000000  f7=0x73fa0100
     247545.000 ns	     24753	80004f8c	00000013	addi	x0,x0,0	  x0:0x00000000
     247555.000 ns	     24754	80004f90	d4798393	addi	x7,x19,-697	 x19:0xce89c6c0  x7=0xce89c407
     247565.000 ns	     24755	80004f94	ac963b93	sltiu	x23,x12,-1335	 x12:0x0000072b x23=0x00000001
     247585.000 ns	     24757	80004f98	d0023cd3	fcvt.s.w	f25,x4	  x4:0x00000000 f25=0x00000000
     247605.000 ns	     24759	80004f9c	e3ca2393	slti	x7,x20,-452	 x20:0x00000001  x7=0x00000000
     247625.000 ns	     24761	80004fa0	28bc19d3	fmax.s	f19,f24,f11	 f24:0x44c00000 f11:0x4efff7e9 f19=0x4efff7e9
     247655.000 ns	     24764	80004fa4	205417d3	fsgnjn.s	f15,f8,f5	  f8:0x00000000  f5:0xf3fa00ff f15=0x00000000
     247675.000 ns	     24766	80004fa8	a860fa93	andi	x21,x1,-1402	  x1:0x00000001 x21=0x00000000
     247715.000 ns	     24770	80004fac	01f57953	fadd.s	f18,f10,f31	 f10:0x3ffbefec f31:0x7fc00000 f18=0x7fc00000
     247735.000 ns	     24772	80004fb0	bb1b3b13	sltiu	x22,x22,-1103	 x22:0x7ffbf484 x22=0x00000001
     247745.000 ns	     24773	80004fb4	4863c117	auipc	x2,0x4863c	  x2=0xc8640fb4
     247765.000 ns	     24775	80004fb8	f0060c53	fmv.w.x	f24,x12	 x12:0x0000072b f24=0x0000072b
     247785.000 ns	     24777	80004fbc	41f152b3	sra	x5,x2,x31	  x2:0x00000000 x31:0xffffffff  x5=0xffffffff
     247805.000 ns	     24779	80004fc0	e0050b53	fmv.x.w	x22,f10	 f10:0x3ffbefec x22=0x3ffbefec
     247845.000 ns	     24783	80004fc4	10833a53	fmul.s	f20,f6,f8	  f6:0x00000000  f8:0x00000000 f20=0x00000000
     247875.000 ns	     24786	80004fc8	02aa56b3	divu	x13,x20,x10	 x20:0x00000001 x10:0x00000000 x13=0xffffffff
     247925.000 ns	     24791	80004fcc	00b8ff53	fadd.s	f30,f17,f11	 f17:0x4efff7e0 f11:0x4efff7e9 f30=0x4f7ff7e4
     247955.000 ns	     24794	80004fd0	207ca553	fsgnjx.s	f10,f25,f7	 f25:0x00000000  f7:0x73fa0100 f10=0x00000000
     247975.000 ns	     24796	80004fd4	01c16733	or	x14,x2,x28	  x2:0xc8640fb4 x28:0xf506f533 x14=0xfd66ffb7
     247985.000 ns	     24797	80004fd8	0100e2b3	or	x5,x1,x16	  x1:0x00000001 x16:0x7fffffff  x5=0x7fffffff
     248005.000 ns	     24799	80004fdc	020d9733	mulh	x14,x27,x0	 x27:0xcefff7df  x0:0x00000000 x14=0x00000000
     248035.000 ns	     24802	80004fe0	c019f8d3	fcvt.wu.s	x17,f19	 f19:0x4efff7e9 x17=0x7ffbf480
     248065.000 ns	     24805	80004fe4	c0137a53	fcvt.wu.s	x20,f6	  f6:0x00000000 x20=0x00000000
     248085.000 ns	     24807	80004fe8	40a65a93	srai	x21,x12,0xa	 x12:0x0000072b x21=0x00000001
     248095.000 ns	     24808	80004fec	01f7e633	or	x12,x15,x31	 x15:0xcefff7e0 x31:0xffffffff x12=0xffffffff
     248115.000 ns	     24810	80004ff0	e0019853	fclass.s	x16,f3	  f3:0x80000000 x16=0x00000008
     248145.000 ns	     24813	80004ff4	a1949a53	flt.s	x20,f9,f25	  f9:0x00000000 f25:0x00000000 x20=0x00000000
     248165.000 ns	     24815	80004ff8	00ef6033	or	x0,x30,x14	 x30:0x00000001 x14:0x00000000
     248175.000 ns	     24816	80004ffc	74a57717	auipc	x14,0x74a57	 x14=0xf4a5bffc
     248185.000 ns	     24817	80005000	18f741b7	lui	x3,0x18f74	  x3=0x18f74000
     248195.000 ns	     24818	80005004	007f0fb3	add	x31,x30,x7	 x30:0x00000001  x7:0x00000000 x31=0x00000001
     248205.000 ns	     24819	80005008	40e6d593	srai	x11,x13,0xe	 x13:0xffffffff x11=0xffffffff
     248235.000 ns	     24822	8000500c	11ab7453	fmul.s	f8,f22,f26	 f22:0x4efff7dd f26:0x00000000  f8=0x00000000
     248265.000 ns	     24825	80005010	a1a5abd3	feq.s	x23,f11,f26	 f11:0x4efff7e9 f26:0x00000000 x23=0x00000000
     248295.000 ns	     24828	80005014	206086d3	fsgnj.s	f13,f1,f6	  f1:0xffffffff  f6:0x00000000 f13=0x7fffffff
     248315.000 ns	     24830	80005018	01f1dab3	srl	x21,x3,x31	  x3:0x18f74000 x31:0x00000001 x21=0x0c7ba000
     248335.000 ns	     24832	8000501c	a1d298d3	flt.s	x17,f5,f29	  f5:0xf3fa00ff f29:0x80000000 x17=0x00000001
     248365.000 ns	     24835	80005020	d01a73d3	fcvt.s.wu	f7,x20	 x20:0x00000000  f7=0x00000000
     248395.000 ns	     24838	80005024	03911ab3	mulh	x21,x2,x25	  x2:0xc8640fb4 x25:0x80040fe4 x21=0x1bcd1642
     248425.000 ns	     24841	80005028	20b118d3	fsgnjn.s	f17,f2,f11	  f2:0xcefff7e0 f11:0x4efff7e9 f17=0xcefff7e0
     248455.000 ns	     24844	8000502c	03052933	mulhsu	x18,x10,x16	 x10:0x00000000 x16:0x00000008 x18=0x00000000
     248505.000 ns	     24849	80005030	086e98d3	fsub.s	f17,f29,f6	 f29:0x80000000  f6:0x00000000 f17=0x80000000
     248555.000 ns	     24854	80005034	0902fbd3	fsub.s	f23,f5,f16	  f5:0xf3fa00ff f16:0x80000000 f23=0xf3fa00ff
     248575.000 ns	     24856	80005038	13256a93	ori	x21,x10,306	 x10:0x00000000 x21=0x00000132
     248595.000 ns	     24858	8000503c	a1981953	flt.s	x18,f16,f25	 f16:0x80000000 f25:0x00000000 x18=0x00000000
     248645.000 ns	     24863	80005040	08f7f9d3	fsub.s	f19,f15,f15	 f15:0x00000000 f15:0x00000000 f19=0x80000000
     248685.000 ns	     24867	80005044	58002b53	fsqrt.s	f22,f0	  f0:0xcefff7e0 f22=0x7fc00000
     248735.000 ns	     24872	80005048	081601d3	fsub.s	f3,f12,f1	 f12:0x7fc00000  f1:0xffffffff  f3=0x7fc00000
     248765.000 ns	     24875	8000504c	a1cc10d3	flt.s	x1,f24,f28	 f24:0x0000072b f28:0x4efff7dd  x1=0x00000001
     248795.000 ns	     24878	80005050	035094b3	mulh	x9,x1,x21	  x1:0x00000001 x21:0x00000132  x9=0x00000000
     248815.000 ns	     24880	80005054	0071ab33	slt	x22,x3,x7	  x3:0x18f74000  x7:0x00000000 x22=0x00000000
     248825.000 ns	     24881	80005058	00376733	or	x14,x14,x3	 x14:0xf4a5bffc  x3:0x18f74000 x14=0xfcf7fffc
     248835.000 ns	     24882	8000505c	011e24b3	slt	x9,x28,x17	 x28:0xf506f533 x17:0x00000001  x9=0x00000001
     248875.000 ns	     24886	80005060	0193acd3	fadd.s	f25,f7,f25	  f7:0x00000000 f25:0x00000000 f25=0x00000000
     248905.000 ns	     24889	80005064	a0340f53	fle.s	x30,f8,f3	  f8:0x00000000  f3:0x7fc00000 x30=0x00000000
     248925.000 ns	     24891	80005068	005fbdb3	sltu	x27,x31,x5	 x31:0x00000001  x5:0x7fffffff x27=0x00000001
     248935.000 ns	     24892	8000506c	41015033	sra	x0,x2,x16	  x2:0xc8640fb4 x16:0x00000008
     248945.000 ns	     24893	80005070	00000013	addi	x0,x0,0	  x0:0x00000000
     248965.000 ns	     24895	80005074	a06ea553	feq.s	x10,f29,f6	 f29:0x80000000  f6:0x00000000 x10=0x00000001
     248985.000 ns	     24897	80005078	a17409b7	lui	x19,0xa1740	 x19=0xa1740000
     249025.000 ns	     24901	8000507c	016590d3	fadd.s	f1,f11,f22	 f11:0x4efff7e9 f22:0x7fc00000  f1=0x7fc00000
     249045.000 ns	     24903	80005080	405b5f33	sra	x30,x22,x5	 x22:0x00000000  x5:0x7fffffff x30=0x00000000
     249055.000 ns	     24904	80005084	2c9e2e93	slti	x29,x28,713	 x28:0xf506f533 x29=0x00000001
     249075.000 ns	     24906	80005088	c00d2153	fcvt.w.s	x2,f26	 f26:0x00000000  x2=0x00000000
     249095.000 ns	     24908	8000508c	4174dbb3	sra	x23,x9,x23	  x9:0x00000001 x23:0x00000000 x23=0x00000001
     249115.000 ns	     24910	80005090	d0032853	fcvt.s.w	f16,x6	  x6:0x80041024 f16=0xcefff7e0
     249135.000 ns	     24912	80005094	00c1d593	srli	x11,x3,0xc	  x3:0x18f74000 x11=0x00018f74
     249155.000 ns	     24914	80005098	d00ab753	fcvt.s.w	f14,x21	 x21:0x00000132 f14=0x43990000
     249175.000 ns	     24916	8000509c	0123d993	srli	x19,x7,0x12	  x7:0x00000000 x19=0x00000000
     249185.000 ns	     24917	800050a0	01b29733	sll	x14,x5,x27	  x5:0x7fffffff x27:0x00000001 x14=0xfffffffe
     249205.000 ns	     24919	800050a4	216f9353	fsgnjn.s	f6,f31,f22	 f31:0x7fc00000 f22:0x7fc00000  f6=0xffc00000
     249575.000 ns	     24956	800050a8	0251f833	remu	x16,x3,x5	  x3:0x18f74000  x5:0x7fffffff x16=0x18f74000
     249945.000 ns	     24993	800050ac	038dc033	div	x0,x27,x24	 x27:0x00000001 x24:0x000001ca
     249965.000 ns	     24995	800050b0	41e403b3	sub	x7,x8,x30	  x8:0x00000300 x30:0x00000000  x7=0x00000300
     249975.000 ns	     24996	800050b4	a0e2b793	sltiu	x15,x5,-1522	  x5:0x7fffffff x15=0x00000001
     249995.000 ns	     24998	800050b8	02d30733	mul	x14,x6,x13	  x6:0x80041024 x13:0xffffffff x14=0x7ffbefdc
     250025.000 ns	     25001	800050bc	d00f7b53	fcvt.s.w	f22,x30	 x30:0x00000000 f22=0x00000000
     250055.000 ns	     25004	800050c0	e00094d3	fclass.s	x9,f1	  f1:0x7fc00000  x9=0x00000200
     250085.000 ns	     25007	800050c4	a0100b53	fle.s	x22,f0,f1	  f0:0xcefff7e0  f1:0x7fc00000 x22=0x00000000
     250115.000 ns	     25010	800050c8	024969b3	rem	x19,x18,x4	 x18:0x00000000  x4:0x00000000 x19=0x00000000
     250135.000 ns	     25012	800050cc	0ba96f13	ori	x30,x18,186	 x18:0x00000000 x30=0x000000ba
     250495.000 ns	     25048	800050d0	03f9d733	divu	x14,x19,x31	 x19:0x00000000 x31:0x00000001 x14=0x00000000
     250515.000 ns	     25050	800050d4	e4d8c193	xori	x3,x17,-435	 x17:0x00000001  x3=0xfffffe4c
     250525.000 ns	     25051	800050d8	b4f48793	addi	x15,x9,-1201	  x9:0x00000200 x15=0xfffffd4f
     250545.000 ns	     25053	800050dc	f00081d3	fmv.w.x	f3,x1	  x1:0x00000001  f3=0x00000001
     250565.000 ns	     25055	800050e0	010c63b3	or	x7,x24,x16	 x24:0x000001ca x16:0x18f74000  x7=0x18f741ca
     250925.000 ns	     25091	800050e4	03815d33	divu	x26,x2,x24	  x2:0x00000000 x24:0x000001ca x26=0x00000000
     250945.000 ns	     25093	800050e8	96300737	lui	x14,0x96300	 x14=0x96300000
     250955.000 ns	     25094	800050ec	40d6ddb3	sra	x27,x13,x13	 x13:0xffffffff x13:0xffffffff x27=0xffffffff
     250965.000 ns	     25095	800050f0	00000013	addi	x0,x0,0	  x0:0x00000000
     250985.000 ns	     25097	800050f4	f0060d53	fmv.w.x	f26,x12	 x12:0xffffffff f26=0xffffffff
     251355.000 ns	     25134	800050f8	03f267b3	rem	x15,x4,x31	  x4:0x00000000 x31:0x00000001 x15=0x00000000
     251385.000 ns	     25137	800050fc	f00f00d3	fmv.w.x	f1,x30	 x30:0x000000ba  f1=0x000000ba
     251415.000 ns	     25140	80005100	20e2a053	fsgnjx.s	f0,f5,f14	  f5:0xf3fa00ff f14:0x43990000  f0=0xf3fa00ff
     251445.000 ns	     25143	80005104	038313b3	mulh	x7,x6,x24	  x6:0x80041024 x24:0x000001ca  x7=0xffffff1b
     251465.000 ns	     25145	80005108	00219033	sll	x0,x3,x2	  x3:0xfffffe4c  x2:0x00000000
     251485.000 ns	     25147	8000510c	02400bb3	mul	x23,x0,x4	  x0:0x00000000  x4:0x00000000 x23=0x00000000
     251505.000 ns	     25149	80005110	0fca0b93	addi	x23,x20,252	 x20:0x00000000 x23=0x000000fc
     251515.000 ns	     25150	80005114	006fa9b3	slt	x19,x31,x6	 x31:0x00000001  x6:0x80041024 x19=0x00000000
     251535.000 ns	     25152	80005118	28ca8253	fmin.s	f4,f21,f12	 f21:0x41800000 f12:0x7fc00000  f4=0x41800000
     251555.000 ns	     25154	8000511c	012bbeb3	sltu	x29,x23,x18	 x23:0x000000fc x18:0x00000000 x29=0x00000000
     251595.000 ns	     25158	80005120	08dd30d3	fsub.s	f1,f26,f13	 f26:0xffffffff f13:0x7fffffff  f1=0x7fc00000
     251615.000 ns	     25160	80005124	f5a2c113	xori	x2,x5,-166	  x5:0x7fffffff  x2=0x800000a5
     251635.000 ns	     25162	80005128	218328d3	fsgnjx.s	f17,f6,f24	  f6:0xffc00000 f24:0x0000072b f17=0xffc00000
     251655.000 ns	     25164	8000512c	00c85a33	srl	x20,x16,x12	 x16:0x18f74000 x12:0xffffffff x20=0x00000000
     252015.000 ns	     25200	80005130	02df6ab3	rem	x21,x30,x13	 x30:0x000000ba x13:0xffffffff x21=0x00000000
     252035.000 ns	     25202	80005134	148a3893	sltiu	x17,x20,328	 x20:0x00000000 x17=0x00000001
     252055.000 ns	     25204	80005138	f00c09d3	fmv.w.x	f19,x24	 x24:0x000001ca f19=0x000001ca
     252085.000 ns	     25207	8000513c	c0143853	fcvt.wu.s	x16,f8	  f8:0x00000000 x16=0x00000000
     252105.000 ns	     25209	80005140	0138cbb3	xor	x23,x17,x19	 x17:0x00000001 x19:0x00000000 x23=0x00000001
     252125.000 ns	     25211	80005144	a125aad3	feq.s	x21,f11,f18	 f11:0x4efff7e9 f18:0x7fc00000 x21=0x00000000
     252145.000 ns	     25213	80005148	4165de93	srai	x29,x11,0x16	 x11:0x00018f74 x29=0x00000000
     252155.000 ns	     25214	8000514c	81fd4597	auipc	x11,0x81fd4	 x11=0x01fd914c
     252165.000 ns	     25215	80005150	01df0eb3	add	x29,x30,x29	 x30:0x000000ba x29:0x00000000 x29=0x000000ba
     252185.000 ns	     25217	80005154	03301133	mulh	x2,x0,x19	  x0:0x00000000 x19:0x00000000  x2=0x00000000
     252205.000 ns	     25219	80005158	b770b513	sltiu	x10,x1,-1161	  x1:0x00000001 x10=0x00000001
     252225.000 ns	     25221	8000515c	c00c8b53	fcvt.w.s	x22,f25	 f25:0x00000000 x22=0x00000000
     252245.000 ns	     25223	80005160	01e515b3	sll	x11,x10,x30	 x10:0x00000001 x30:0x000000ba x11=0x04000000
     252265.000 ns	     25225	80005164	020d3933	mulhu	x18,x26,x0	 x26:0x00000000  x0:0x00000000 x18=0x00000000
     252315.000 ns	     25230	80005168	08688253	fsub.s	f4,f17,f6	 f17:0xffc00000  f6:0xffc00000  f4=0x7fc00000
     252345.000 ns	     25233	8000516c	29e49553	fmax.s	f10,f9,f30	  f9:0x00000000 f30:0x4f7ff7e4 f10=0x4f7ff7e4
     252375.000 ns	     25236	80005170	e00693d3	fclass.s	x7,f13	 f13:0x7fffffff  x7=0x00000200
     252395.000 ns	     25238	80005174	34a7ad93	slti	x27,x15,842	 x15:0x00000000 x27=0x00000001
     252415.000 ns	     25240	80005178	e0059153	fclass.s	x2,f11	 f11:0x4efff7e9  x2=0x00000040
     252435.000 ns	     25242	8000517c	00000013	addi	x0,x0,0	  x0:0x00000000
     252455.000 ns	     25244	80005180	c01c35d3	fcvt.wu.s	x11,f24	 f24:0x0000072b x11=0x00000000
     252505.000 ns	     25249	80005184	08aeff53	fsub.s	f30,f29,f10	 f29:0x80000000 f10:0x4f7ff7e4 f30=0xcf7ff7e4
     252555.000 ns	     25254	80005188	08d1f053	fsub.s	f0,f3,f13	  f3:0x00000001 f13:0x7fffffff  f0=0x7fc00000
     252585.000 ns	     25257	8000518c	03a098b3	mulh	x17,x1,x26	  x1:0x00000001 x26:0x00000000 x17=0x00000000
     252605.000 ns	     25259	80005190	00416233	or	x4,x2,x4	  x2:0x00000040  x4:0x00000000  x4=0x00000040
     252625.000 ns	     25261	80005194	f00087d3	fmv.w.x	f15,x1	  x1:0x00000001 f15=0x00000001
     252995.000 ns	     25298	80005198	03efcc33	div	x24,x31,x30	 x31:0x00000001 x30:0x000000ba x24=0x00000000
     253045.000 ns	     25303	8000519c	08f87e53	fsub.s	f28,f16,f15	 f16:0xcefff7e0 f15:0x00000001 f28=0xcefff7e0
     253065.000 ns	     25305	800051a0	25259537	lui	x10,0x25259	 x10=0x25259000
     253075.000 ns	     25306	800051a4	00900db3	add	x27,x0,x9	  x0:0x00000000  x9:0x00000200 x27=0x00000200
     253085.000 ns	     25307	800051a8	01f55433	srl	x8,x10,x31	 x10:0x00000001 x31:0x00000001  x8=0x1292c800
     253095.000 ns	     25308	800051ac	490d33b7	lui	x7,0x490d3	  x7=0x490d3000
     253135.000 ns	     25312	800051b0	08681bd3	fsub.s	f23,f16,f6	 f16:0xcefff7e0  f6:0xffc00000 f23=0x7fc00000
     253165.000 ns	     25315	800051b4	033c0433	mul	x8,x24,x19	 x24:0x00000000 x19:0x00000000  x8=0x00000000
     253185.000 ns	     25317	800051b8	f86c3d13	sltiu	x26,x24,-122	 x24:0x00000000 x26=0x00000001
     253195.000 ns	     25318	800051bc	4109d5b3	sra	x11,x19,x16	 x19:0x00000000 x16:0x00000000 x11=0x00000000
     253215.000 ns	     25320	800051c0	e00d1053	fclass.s	x0,f26	 f26:0xffffffff
     253235.000 ns	     25322	800051c4	40b158b3	sra	x17,x2,x11	  x2:0x00000040 x11:0x00000000 x17=0x00000040
     253245.000 ns	     25323	800051c8	b295ec13	ori	x24,x11,-1239	 x11:0x00000000 x24=0xfffffb29
     253265.000 ns	     25325	800051cc	d015f953	fcvt.s.wu	f18,x11	 x11:0x00000000 f18=0x00000000
     253295.000 ns	     25328	800051d0	21b29353	fsgnjn.s	f6,f5,f27	  f5:0xf3fa00ff f27:0x4f000000  f6=0xf3fa00ff
     253325.000 ns	     25331	800051d4	e00c8053	fmv.x.w	x0,f25	 f25:0x00000000
     253355.000 ns	     25334	800051d8	c004f2d3	fcvt.w.s	x5,f9	  f9:0x00000000  x5=0x00000000
     253385.000 ns	     25337	800051dc	20641bd3	fsgnjn.s	f23,f8,f6	  f8:0x00000000  f6:0xf3fa00ff f23=0x00000000
     253415.000 ns	     25340	800051e0	a012a953	feq.s	x18,f5,f1	  f5:0xf3fa00ff  f1:0x7fc00000 x18=0x00000000
     253445.000 ns	     25343	800051e4	033f00b3	mul	x1,x30,x19	 x30:0x000000ba x19:0x00000000  x1=0x00000000
     253475.000 ns	     25346	800051e8	030fd3b3	divu	x7,x31,x16	 x31:0x00000001 x16:0x00000000  x7=0xffffffff
     253505.000 ns	     25349	800051ec	20cb9253	fsgnjn.s	f4,f23,f12	 f23:0x00000000 f12:0x7fc00000  f4=0x80000000
     253525.000 ns	     25351	800051f0	30332f93	slti	x31,x6,771	  x6:0x80041024 x31=0x00000001
     253545.000 ns	     25353	800051f4	d007f553	fcvt.s.w	f10,x15	 x15:0x00000000 f10=0x00000000
     253575.000 ns	     25356	800051f8	299c1bd3	fmax.s	f23,f24,f25	 f24:0x0000072b f25:0x00000000 f23=0x0000072b
     253605.000 ns	     25359	800051fc	039694b3	mulh	x9,x13,x25	 x13:0xffffffff x25:0x80040fe4  x9=0x00000000
     253635.000 ns	     25362	80005200	e00815d3	fclass.s	x11,f16	 f16:0xcefff7e0 x11=0x00000002
     253655.000 ns	     25364	80005204	ff790a13	addi	x20,x18,-9	 x18:0x00000000 x20=0xfffffff7
     253665.000 ns	     25365	80005208	12a8fd13	andi	x26,x17,298	 x17:0x00000040 x26=0x00000000
     253685.000 ns	     25367	8000520c	e00405d3	fmv.x.w	x11,f8	  f8:0x00000000 x11=0x00000000
     253705.000 ns	     25369	80005210	00e64233	xor	x4,x12,x14	 x12:0xffffffff x14:0x96300000  x4=0x69cfffff
     253725.000 ns	     25371	80005214	2042aad3	fsgnjx.s	f21,f5,f4	  f5:0xf3fa00ff  f4:0x80000000 f21=0x73fa00ff
     253765.000 ns	     25375	80005218	5800b5d3	fsqrt.s	f11,f1	  f1:0x7fc00000 f11=0x7fc00000
     253795.000 ns	     25378	8000521c	c0182453	fcvt.wu.s	x8,f16	 f16:0xcefff7e0  x8=0x7ffbf000
     253825.000 ns	     25381	80005220	a1f00853	fle.s	x16,f0,f31	  f0:0x7fc00000 f31:0x7fc00000 x16=0x00000000
     253845.000 ns	     25383	80005224	2d28d517	auipc	x10,0x2d28d	 x10=0xad292224
     253865.000 ns	     25385	80005228	289693d3	fmax.s	f7,f13,f9	 f13:0x7fffffff  f9:0x00000000  f7=0x00000000
     253885.000 ns	     25387	8000522c	2e9c0413	addi	x8,x24,745	 x24:0xfffffb29  x8=0xfffffe12
     253895.000 ns	     25388	80005230	01875b13	srli	x22,x14,0x18	 x14:0x96300000 x22=0x00000096
     253905.000 ns	     25389	80005234	409fd013	srai	x0,x31,0x9	 x31:0x00000001
     254265.000 ns	     25425	80005238	022c5633	divu	x12,x24,x2	 x24:0xfffffb29  x2:0x00000040 x12=0x03ffffec
     254285.000 ns	     25427	8000523c	6afb7693	andi	x13,x22,1711	 x22:0x00000096 x13=0x00000086
     254295.000 ns	     25428	80005240	49c68a93	addi	x21,x13,1180	 x13:0xffffffff x21=0x00000522
     254335.000 ns	     25432	80005244	00ccc653	fadd.s	f12,f25,f12	 f25:0x00000000 f12:0x7fc00000 f12=0x7fc00000
     254385.000 ns	     25437	80005248	0126f053	fadd.s	f0,f13,f18	 f13:0x7fffffff f18:0x00000000  f0=0x7fc00000
     254405.000 ns	     25439	8000524c	40e85f93	srai	x31,x16,0xe	 x16:0x00000000 x31=0x00000000
     254415.000 ns	     25440	80005250	7ed77b93	andi	x23,x14,2029	 x14:0x96300000 x23=0x00000000
     254425.000 ns	     25441	80005254	00b744b3	xor	x9,x14,x11	 x14:0x96300000 x11:0x00000000  x9=0x96300000
     254435.000 ns	     25442	80005258	ceaee537	lui	x10,0xceaee	 x10=0xceaee000
     254455.000 ns	     25444	8000525c	d0091d53	fcvt.s.w	f26,x18	 x18:0x00000000 f26=0x00000000
     254495.000 ns	     25448	80005260	11562553	fmul.s	f10,f12,f21	 f12:0x7fc00000 f21:0x73fa00ff f10=0x7fc00000
     254515.000 ns	     25450	80005264	49233d93	sltiu	x27,x6,1170	  x6:0x80041024 x27=0x00000000
     254525.000 ns	     25451	80005268	97288db7	lui	x27,0x97288	 x27=0x97288000
     254545.000 ns	     25453	8000526c	a0532bd3	feq.s	x23,f6,f5	  f6:0xf3fa00ff  f5:0xf3fa00ff x23=0x00000001
     254565.000 ns	     25455	80005270	015d5ab3	srl	x21,x26,x21	 x26:0x00000000 x21:0x00000522 x21=0x00000000
     254595.000 ns	     25458	80005274	11179353	fmul.s	f6,f15,f17	 f15:0x00000001 f17:0xffc00000  f6=0x7fc00000
     254615.000 ns	     25460	80005278	0187a733	slt	x14,x15,x24	 x15:0x00000000 x24:0xfffffb29 x14=0x00000000
     254635.000 ns	     25462	8000527c	c000a8d3	fcvt.w.s	x17,f1	  f1:0x7fc00000 x17=0x7fffffff
     254975.000 ns	     25496	80005280	18e87fd3	fdiv.s	f31,f16,f14	 f16:0xcefff7e0 f14:0x43990000 f31=0xcaaba76e
     255345.000 ns	     25533	80005284	03425bb3	divu	x23,x4,x20	  x4:0x69cfffff x20:0xfffffff7 x23=0x00000000
     255365.000 ns	     25535	80005288	008b13b3	sll	x7,x22,x8	 x22:0x00000096  x8:0xfffffe12  x7=0x02580000
     255385.000 ns	     25537	8000528c	026882b3	mul	x5,x17,x6	 x17:0x7fffffff  x6:0x80041024  x5=0x7ffbefdc
     255405.000 ns	     25539	80005290	eadb2513	slti	x10,x22,-339	 x22:0x00000096 x10=0x00000000
     255425.000 ns	     25541	80005294	03089eb3	mulh	x29,x17,x16	 x17:0x7fffffff x16:0x00000000 x29=0x00000000
     255445.000 ns	     25543	80005298	b852b717	auipc	x14,0xb852b	 x14=0x38530298
     255455.000 ns	     25544	8000529c	3a543137	lui	x2,0x3a543	  x2=0x3a543000
     255495.000 ns	     25548	800052a0	098eb353	fsub.s	f6,f29,f24	 f29:0x80000000 f24:0x0000072b  f6=0x8000072b
     255515.000 ns	     25550	800052a4	00000013	addi	x0,x0,0	  x0:0x00000000
     255535.000 ns	     25552	800052a8	03482bb3	mulhsu	x23,x16,x20	 x16:0x00000000 x20:0xfffffff7 x23=0x00000000
     255555.000 ns	     25554	800052ac	922d3493	sltiu	x9,x26,-1758	 x26:0x00000000  x9=0x00000001
     255565.000 ns	     25555	800052b0	00000013	addi	x0,x0,0	  x0:0x00000000
     255595.000 ns	     25558	800052b4	101dac53	fmul.s	f24,f27,f1	 f27:0x4f000000  f1:0x7fc00000 f24=0x7fc00000
     255615.000 ns	     25560	800052b8	49470513	addi	x10,x14,1172	 x14:0x38530298 x10=0x3853072c
     255635.000 ns	     25562	800052bc	e00993d3	fclass.s	x7,f19	 f19:0x000001ca  x7=0x00000020
     255655.000 ns	     25564	800052c0	01b390b3	sll	x1,x7,x27	  x7:0x02580000 x27:0x97288000  x1=0x00000020
     255665.000 ns	     25565	800052c4	01bf3b33	sltu	x22,x30,x27	 x30:0x000000ba x27:0x97288000 x22=0x00000001
     255685.000 ns	     25567	800052c8	e0088bd3	fmv.x.w	x23,f17	 f17:0xffc00000 x23=0xffc00000
     255705.000 ns	     25569	800052cc	016d4133	xor	x2,x26,x22	 x26:0x00000000 x22:0x00000096  x2=0x00000001
     255715.000 ns	     25570	800052d0	04c43193	sltiu	x3,x8,76	  x8:0xfffffe12  x3=0x00000000
     255725.000 ns	     25571	800052d4	ee50c793	xori	x15,x1,-283	  x1:0x00000020 x15=0xfffffec5
     255745.000 ns	     25573	800052d8	f00402d3	fmv.w.x	f5,x8	  x8:0xfffffe12  f5=0xfffffe12
     255765.000 ns	     25575	800052dc	edfef7b7	lui	x15,0xedfef	 x15=0xedfef000
     255775.000 ns	     25576	800052e0	01484b33	xor	x22,x16,x20	 x16:0x00000000 x20:0xfffffff7 x22=0xfffffff7
     256135.000 ns	     25612	800052e4	026dd0b3	divu	x1,x27,x6	 x27:0x97288000  x6:0x80041024  x1=0x00000001
     256165.000 ns	     25615	800052e8	21c89c53	fsgnjn.s	f24,f17,f28	 f17:0xffc00000 f28:0xcefff7e0 f24=0x7fc00000
     256185.000 ns	     25617	800052ec	1e5b2093	slti	x1,x22,485	 x22:0xfffffff7  x1=0x00000001
     256205.000 ns	     25619	800052f0	02da94b3	mulh	x9,x21,x13	 x21:0x00000000 x13:0x00000086  x9=0x00000000
     256245.000 ns	     25623	800052f4	580eced3	fsqrt.s	f29,f29	 f29:0x80000000 f29=0x80000000
     256275.000 ns	     25626	800052f8	03f3dc33	divu	x24,x7,x31	  x7:0x00000020 x31:0x00000000 x24=0xffffffff
     256295.000 ns	     25628	800052fc	01d0a5b3	slt	x11,x1,x29	  x1:0x00000001 x29:0x00000000 x11=0x00000000
     256315.000 ns	     25630	80005300	022b29b3	mulhsu	x19,x22,x2	 x22:0xfffffff7  x2:0x00000001 x19=0xffffffff
     256345.000 ns	     25633	80005304	28319253	fmax.s	f4,f3,f3	  f3:0x00000001  f3:0x00000001  f4=0x00000001
     256365.000 ns	     25635	80005308	0008fab3	and	x21,x17,x0	 x17:0x7fffffff  x0:0x00000000 x21=0x00000000
     256395.000 ns	     25638	8000530c	18a92353	fdiv.s	f6,f18,f10	 f18:0x00000000 f10:0x7fc00000  f6=0x7fc00000
     256425.000 ns	     25641	80005310	219f0353	fsgnj.s	f6,f30,f25	 f30:0xcf7ff7e4 f25:0x00000000  f6=0x4f7ff7e4
     256445.000 ns	     25643	80005314	01592ab3	slt	x21,x18,x21	 x18:0x00000000 x21:0x00000000 x21=0x00000000
     256465.000 ns	     25645	80005318	d019c453	fcvt.s.wu	f8,x19	 x19:0xffffffff  f8=0x4f800000
     256495.000 ns	     25648	8000531c	033fa6b3	mulhsu	x13,x31,x19	 x31:0x00000000 x19:0xffffffff x13=0x00000000
     256525.000 ns	     25651	80005320	a04d08d3	fle.s	x17,f26,f4	 f26:0x00000000  f4:0x00000001 x17=0x00000001
     256575.000 ns	     25656	80005324	093332d3	fsub.s	f5,f6,f19	  f6:0x4f7ff7e4 f19:0x000001ca  f5=0x4f7ff7e4
     256605.000 ns	     25659	80005328	21fb1353	fsgnjn.s	f6,f22,f31	 f22:0x00000000 f31:0xcaaba76e  f6=0x00000000
     256625.000 ns	     25661	8000532c	a1508a13	addi	x20,x1,-1515	  x1:0x00000001 x20=0xfffffa16
     256645.000 ns	     25663	80005330	28431053	fmax.s	f0,f6,f4	  f6:0x00000000  f4:0x00000001  f0=0x00000001
     256665.000 ns	     25665	80005334	009a1fb3	sll	x31,x20,x9	 x20:0xfffffff7  x9:0x00000000 x31=0xfffffa16
     256685.000 ns	     25667	80005338	c00f73d3	fcvt.w.s	x7,f30	 f30:0xcf7ff7e4  x7=0x80000000
     256735.000 ns	     25672	8000533c	016f0953	fadd.s	f18,f30,f22	 f30:0xcf7ff7e4 f22:0x00000000 f18=0xcf7ff7e4
     256755.000 ns	     25674	80005340	00bd19b3	sll	x19,x26,x11	 x26:0x00000000 x11:0x00000000 x19=0x00000000
     256765.000 ns	     25675	80005344	01215413	srli	x8,x2,0x12	  x2:0x00000001  x8=0x00000000
     256775.000 ns	     25676	80005348	01e392b3	sll	x5,x7,x30	  x7:0x80000000 x30:0x000000ba  x5=0x00000000
     256785.000 ns	     25677	8000534c	000ce833	or	x16,x25,x0	 x25:0x80040fe4  x0:0x00000000 x16=0x80040fe4
     256795.000 ns	     25678	80005350	00349793	slli	x15,x9,0x3	  x9:0x00000000 x15=0x00000000
     256805.000 ns	     25679	80005354	00da7f33	and	x30,x20,x13	 x20:0xfffffa16 x13:0x00000000 x30=0x00000000
     256825.000 ns	     25681	80005358	c00373d3	fcvt.w.s	x7,f6	  f6:0x00000000  x7=0x00000000
     256845.000 ns	     25683	8000535c	8413c4b7	lui	x9,0x8413c	  x9=0x8413c000
     256865.000 ns	     25685	80005360	218309d3	fsgnj.s	f19,f6,f24	  f6:0x00000000 f24:0x7fc00000 f19=0x00000000
     256885.000 ns	     25687	80005364	01cb0033	add	x0,x22,x28	 x22:0xfffffff7 x28:0xf506f533
     256895.000 ns	     25688	80005368	00fb34b3	sltu	x9,x22,x15	 x22:0xfffffff7 x15:0x00000000  x9=0x00000000
     257255.000 ns	     25724	8000536c	02c5c5b3	div	x11,x11,x12	 x11:0x00000000 x12:0x03ffffec x11=0x00000000
     257285.000 ns	     25727	80005370	c00d3fd3	fcvt.w.s	x31,f26	 f26:0x00000000 x31=0x00000000
     257305.000 ns	     25729	80005374	008d4eb3	xor	x29,x26,x8	 x26:0x00000000  x8:0x00000000 x29=0x00000000
     257325.000 ns	     25731	80005378	200f28d3	fsgnjx.s	f17,f30,f0	 f30:0xcf7ff7e4  f0:0x00000001 f17=0xcf7ff7e4
     257355.000 ns	     25734	8000537c	f0088253	fmv.w.x	f4,x17	 x17:0x00000001  f4=0x00000001
     257385.000 ns	     25737	80005380	c01597d3	fcvt.wu.s	x15,f11	 f11:0x7fc00000 x15=0xffffffff
     257415.000 ns	     25740	80005384	03fad3b3	divu	x7,x21,x31	 x21:0x00000000 x31:0x00000000  x7=0xffffffff
     257445.000 ns	     25743	80005388	29f29453	fmax.s	f8,f5,f31	  f5:0x4f7ff7e4 f31:0xcaaba76e  f8=0x4f7ff7e4
     257475.000 ns	     25746	8000538c	a015abd3	feq.s	x23,f11,f1	 f11:0x7fc00000  f1:0x7fc00000 x23=0x00000000
     257505.000 ns	     25749	80005390	c001bad3	fcvt.w.s	x21,f3	  f3:0x00000001 x21=0x00000000
     257535.000 ns	     25752	80005394	d01c75d3	fcvt.s.wu	f11,x24	 x24:0xffffffff f11=0x4f7fffff
     257555.000 ns	     25754	80005398	01c012b3	sll	x5,x0,x28	  x0:0x00000000 x28:0xf506f533  x5=0x00000000
     257565.000 ns	     25755	8000539c	41d2d0b3	sra	x1,x5,x29	  x5:0x00000000 x29:0x00000000  x1=0x00000000
     257575.000 ns	     25756	800053a0	004c40b3	xor	x1,x24,x4	 x24:0xffffffff  x4:0x69cfffff  x1=0x96300000
     257595.000 ns	     25758	800053a4	03b337b3	mulhu	x15,x6,x27	  x6:0x80041024 x27:0x97288000 x15=0x4b96a629
     257625.000 ns	     25761	800053a8	0289d1b3	divu	x3,x19,x8	 x19:0x00000000  x8:0x00000000  x3=0xffffffff
     257655.000 ns	     25764	800053ac	e0001453	fclass.s	x8,f0	  f0:0x00000001  x8=0x00000020
     257685.000 ns	     25767	800053b0	d0027cd3	fcvt.s.w	f25,x4	  x4:0x69cfffff f25=0x4ed39fff
     257715.000 ns	     25770	800053b4	037f2db3	mulhsu	x27,x30,x23	 x30:0x00000000 x23:0x00000000 x27=0x00000000
     257735.000 ns	     25772	800053b8	0097b4b3	sltu	x9,x15,x9	 x15:0x4b96a629  x9:0x00000000  x9=0x00000000
     257755.000 ns	     25774	800053bc	21908e53	fsgnj.s	f28,f1,f25	  f1:0x7fc00000 f25:0x4ed39fff f28=0x7fc00000
     257805.000 ns	     25779	800053c0	01baf753	fadd.s	f14,f21,f27	 f21:0x73fa00ff f27:0x4f000000 f14=0x73fa00ff
     258175.000 ns	     25816	800053c4	031bfdb3	remu	x27,x23,x17	 x23:0x00000000 x17:0x00000001 x27=0x00000000
     258195.000 ns	     25818	800053c8	4132da33	sra	x20,x5,x19	  x5:0x00000000 x19:0x00000000 x20=0x00000000
     258225.000 ns	     25821	800053cc	5809ae53	fsqrt.s	f28,f19	 f19:0x00000000 f28=0x00000000
     258245.000 ns	     25823	800053d0	40c584b3	sub	x9,x11,x12	 x11:0x00000000 x12:0x03ffffec  x9=0xfc000014
     258275.000 ns	     25826	800053d4	18e3f7d3	fdiv.s	f15,f7,f14	  f7:0x00000000 f14:0x73fa00ff f15=0x00000000
     258295.000 ns	     25828	800053d8	005d6933	or	x18,x26,x5	 x26:0x00000000  x5:0x00000000 x18=0x00000000
     258305.000 ns	     25829	800053dc	41fe8c33	sub	x24,x29,x31	 x29:0x00000000 x31:0x00000000 x24=0x00000000
     258315.000 ns	     25830	800053e0	ef0d3193	sltiu	x3,x26,-272	 x26:0x00000000  x3=0x00000001
     258335.000 ns	     25832	800053e4	c0058d53	fcvt.w.s	x26,f11	 f11:0x4f7fffff x26=0x7fffffff
     258365.000 ns	     25835	800053e8	023c80b3	mul	x1,x25,x3	 x25:0x80040fe4  x3:0xffffffff  x1=0x80040fe4
     258385.000 ns	     25837	800053ec	00b88033	add	x0,x17,x11	 x17:0x00000001 x11:0x00000000
     258405.000 ns	     25839	800053f0	a0862553	feq.s	x10,f12,f8	 f12:0x7fc00000  f8:0x4f7ff7e4 x10=0x00000000
     258425.000 ns	     25841	800053f4	e9d72213	slti	x4,x14,-355	 x14:0x38530298  x4=0x00000000
     258435.000 ns	     25842	800053f8	011809b3	add	x19,x16,x17	 x16:0x80040fe4 x17:0x00000001 x19=0x80040fe5
     258445.000 ns	     25843	800053fc	40dd5713	srai	x14,x26,0xd	 x26:0x7fffffff x14=0x0003ffff
     258455.000 ns	     25844	80005400	406e5a13	srai	x20,x28,0x6	 x28:0xf506f533 x20=0xffd41bd4
     258475.000 ns	     25846	80005404	212793d3	fsgnjn.s	f7,f15,f18	 f15:0x00000000 f18:0xcf7ff7e4  f7=0x00000000
     258495.000 ns	     25848	80005408	01cf5d33	srl	x26,x30,x28	 x30:0x00000000 x28:0xf506f533 x26=0x00000000
     258505.000 ns	     25849	8000540c	8f988a93	addi	x21,x17,-1799	 x17:0x00000001 x21=0xfffff8fa
     258515.000 ns	     25850	80005410	01b83fb3	sltu	x31,x16,x27	 x16:0x80040fe4 x27:0x00000000 x31=0x00000000
     258525.000 ns	     25851	80005414	3da67f13	andi	x30,x12,986	 x12:0x03ffffec x30=0x000003c8
     258535.000 ns	     25852	80005418	41d55113	srai	x2,x10,0x1d	 x10:0x00000000  x2=0x00000000
     258555.000 ns	     25854	8000541c	f00001d3	fmv.w.x	f3,x0	  x0:0x00000000  f3=0x00000000
     258585.000 ns	     25857	80005420	20fd26d3	fsgnjx.s	f13,f26,f15	 f26:0x00000000 f15:0x00000000 f13=0x00000000
     258625.000 ns	     25861	80005424	5801f2d3	fsqrt.s	f5,f3	  f3:0x00000000  f5=0x00000000
     258665.000 ns	     25865	80005428	196aa4d3	fdiv.s	f9,f21,f22	 f21:0x73fa00ff f22:0x00000000  f9=0x7f800000
     258685.000 ns	     25867	8000542c	1da45eb7	lui	x29,0x1da45	 x29=0x1da45000
     258695.000 ns	     25868	80005430	01ead713	srli	x14,x21,0x1e	 x21:0xfffff8fa x14=0x00000003
     258715.000 ns	     25870	80005434	e00f1753	fclass.s	x14,f30	 f30:0xcf7ff7e4 x14=0x00000002
     258735.000 ns	     25872	80005438	007f9db3	sll	x27,x31,x7	 x31:0x00000000  x7:0xffffffff x27=0x00000000
     258755.000 ns	     25874	8000543c	029e2133	mulhsu	x2,x28,x9	 x28:0xf506f533  x9:0xfc000014  x2=0xf532d95d
     258785.000 ns	     25877	80005440	2041add3	fsgnjx.s	f27,f3,f4	  f3:0x00000000  f4:0x00000001 f27=0x00000000
     258805.000 ns	     25879	80005444	0137d533	srl	x10,x15,x19	 x15:0x4b96a629 x19:0x80040fe5 x10=0x025cb531
     258815.000 ns	     25880	80005448	97293693	sltiu	x13,x18,-1678	 x18:0x00000000 x13=0x00000001
     258835.000 ns	     25882	8000544c	022184b3	mul	x9,x3,x2	  x3:0x00000001  x2:0xf532d95d  x9=0xf532d95d
     258875.000 ns	     25886	80005450	104b7953	fmul.s	f18,f22,f4	 f22:0x00000000  f4:0x00000001 f18=0x00000000
     258895.000 ns	     25888	80005454	008d21b3	slt	x3,x26,x8	 x26:0x00000000  x8:0x00000020  x3=0x00000001
     258925.000 ns	     25891	80005458	111d19d3	fmul.s	f19,f26,f17	 f26:0x00000000 f17:0xcf7ff7e4 f19=0x80000000
     258955.000 ns	     25894	8000545c	210387d3	fsgnj.s	f15,f7,f16	  f7:0x00000000 f16:0xcefff7e0 f15=0x80000000
     258985.000 ns	     25897	80005460	c015f553	fcvt.wu.s	x10,f11	 f11:0x4f7fffff x10=0xffffff00
     259015.000 ns	     25900	80005464	02162b33	mulhsu	x22,x12,x1	 x12:0x03ffffec  x1:0x80040fe4 x22=0x02001035
     260195.000 ns	     26018	80005468	580a83d3	fsqrt.s	f7,f21	 f21:0x73fa00ff  f7=0x59b2e2e7
     260215.000 ns	     26020	8000546c	90e67697	auipc	x13,0x90e67	 x13=0x10e6c46c
     260225.000 ns	     26021	80005470	0102eab3	or	x21,x5,x16	  x5:0x00000000 x16:0x80040fe4 x21=0x80040fe4
     260235.000 ns	     26022	80005474	f061bb13	sltiu	x22,x3,-250	  x3:0x00000001 x22=0x00000001
     260245.000 ns	     26023	80005478	52bd0013	addi	x0,x26,1323	 x26:0x00000000
     260265.000 ns	     26025	8000547c	f00d03d3	fmv.w.x	f7,x26	 x26:0x00000000  f7=0x00000000
     260295.000 ns	     26028	80005480	02773933	mulhu	x18,x14,x7	 x14:0x00000002  x7:0xffffffff x18=0x00000001
     260325.000 ns	     26031	80005484	c0123553	fcvt.wu.s	x10,f4	  f4:0x00000001 x10=0x00000000
     260355.000 ns	     26034	80005488	d00c3b53	fcvt.s.w	f22,x24	 x24:0x00000000 f22=0x00000000
     260375.000 ns	     26036	8000548c	01a0d0b3	srl	x1,x1,x26	  x1:0x80040fe4 x26:0x00000000  x1=0x80040fe4
     260735.000 ns	     26072	80005490	028ccf33	div	x30,x25,x8	 x25:0x80040fe4  x8:0x00000020 x30=0xfc002080
     260765.000 ns	     26075	80005494	21599cd3	fsgnjn.s	f25,f19,f21	 f19:0x80000000 f21:0x73fa00ff f25=0x80000000
     260785.000 ns	     26077	80005498	01775993	srli	x19,x14,0x17	 x14:0x00000002 x19=0x00000000
     260795.000 ns	     26078	8000549c	402f5233	sra	x4,x30,x2	 x30:0xfc002080  x2:0xf532d95d  x4=0xffffffff
     260805.000 ns	     26079	800054a0	00dedfb3	srl	x31,x29,x13	 x29:0x1da45000 x13:0x10e6c46c x31=0x0001da45
     260825.000 ns	     26081	800054a4	c001ff53	fcvt.w.s	x30,f3	  f3:0x00000000 x30=0x00000000
     260845.000 ns	     26083	800054a8	854c7213	andi	x4,x24,-1964	 x24:0x00000000  x4=0x00000000
     261205.000 ns	     26119	800054ac	02f866b3	rem	x13,x16,x15	 x16:0x80040fe4 x15:0x4b96a629 x13=0xcb9ab60d
     261225.000 ns	     26121	800054b0	01687f33	and	x30,x16,x22	 x16:0x80040fe4 x22:0x00000001 x30=0x00000000
     261235.000 ns	     26122	800054b4	015193b3	sll	x7,x3,x21	  x3:0x00000001 x21:0x80040fe4  x7=0x00000010
     261255.000 ns	     26124	800054b8	d01c7c53	fcvt.s.wu	f24,x24	 x24:0x00000000 f24=0x00000000
     261285.000 ns	     26127	800054bc	02f62f33	mulhsu	x30,x12,x15	 x12:0x03ffffec x15:0x4b96a629 x30=0x012e5a92
     261325.000 ns	     26131	800054c0	58057f53	fsqrt.s	f30,f10	 f10:0x7fc00000 f30=0x7fc00000
     261345.000 ns	     26133	800054c4	00866fb3	or	x31,x12,x8	 x12:0x03ffffec  x8:0x00000020 x31=0x03ffffec
     261355.000 ns	     26134	800054c8	00ffa0b3	slt	x1,x31,x15	 x31:0x0001da45 x15:0x4b96a629  x1=0x00000001
     261365.000 ns	     26135	800054cc	00ea5d13	srli	x26,x20,0xe	 x20:0xffd41bd4 x26=0x0003ff50
     261375.000 ns	     26136	800054d0	4015dd93	srai	x27,x11,0x1	 x11:0x00000000 x27=0x00000000
     261385.000 ns	     26137	800054d4	d23a2ab7	lui	x21,0xd23a2	 x21=0xd23a2000
     261405.000 ns	     26139	800054d8	c01176d3	fcvt.wu.s	x13,f2	  f2:0xcefff7e0 x13=0x7ffbf000
     261455.000 ns	     26144	800054dc	0859fbd3	fsub.s	f23,f19,f5	 f19:0x80000000  f5:0x00000000 f23=0x80000000
     261475.000 ns	     26146	800054e0	00299713	slli	x14,x19,0x2	 x19:0x00000000 x14=0x00000000
     261495.000 ns	     26148	800054e4	022ba133	mulhsu	x2,x23,x2	 x23:0x00000000  x2:0xf532d95d  x2=0x00000000
     261515.000 ns	     26150	800054e8	00081ab3	sll	x21,x16,x0	 x16:0x80040fe4  x0:0x00000000 x21=0x80040fe4
     261525.000 ns	     26151	800054ec	013e61b3	or	x3,x28,x19	 x28:0xf506f533 x19:0x00000000  x3=0xf506f533
     261535.000 ns	     26152	800054f0	d756da97	auipc	x21,0xd756d	 x21=0x575724f0
     261545.000 ns	     26153	800054f4	01bd6bb3	or	x23,x26,x27	 x26:0x0003ff50 x27:0x00000000 x23=0x0003ff50
     261565.000 ns	     26155	800054f8	e0009453	fclass.s	x8,f1	  f1:0x7fc00000  x8=0x00000200
     261595.000 ns	     26158	800054fc	e00810d3	fclass.s	x1,f16	 f16:0xcefff7e0  x1=0x00000002
     261615.000 ns	     26160	80005500	41df52b3	sra	x5,x30,x29	 x30:0x012e5a92 x29:0x1da45000  x5=0x012e5a92
     261635.000 ns	     26162	80005504	c00a39d3	fcvt.w.s	x19,f20	 f20:0x00000000 x19=0x00000000
     261655.000 ns	     26164	80005508	7c8d2b13	slti	x22,x26,1992	 x26:0x0003ff50 x22=0x00000000
     261685.000 ns	     26167	8000550c	19abf153	fdiv.s	f2,f23,f26	 f23:0x80000000 f26:0x00000000  f2=0x7fc00000
     261715.000 ns	     26170	80005510	d0098d53	fcvt.s.w	f26,x19	 x19:0x00000000 f26=0x00000000
     261735.000 ns	     26172	80005514	014ae9b3	or	x19,x21,x20	 x21:0x575724f0 x20:0xffd41bd4 x19=0xffd73ff4
     262095.000 ns	     26208	80005518	03c86733	rem	x14,x16,x28	 x16:0x80040fe4 x28:0xf506f533 x14=0xf8b786b3
     262135.000 ns	     26212	8000551c	10f9f253	fmul.s	f4,f19,f15	 f19:0x80000000 f15:0x80000000  f4=0x00000000
     262165.000 ns	     26215	80005520	c00c07d3	fcvt.w.s	x15,f24	 f24:0x00000000 x15=0x00000000
     262185.000 ns	     26217	80005524	002fd1b3	srl	x3,x31,x2	 x31:0x03ffffec  x2:0x00000000  x3=0x03ffffec
     262205.000 ns	     26219	80005528	c00f7453	fcvt.w.s	x8,f30	 f30:0x7fc00000  x8=0x7fffffff
     262235.000 ns	     26222	8000552c	f0038dd3	fmv.w.x	f27,x7	  x7:0x00000010 f27=0x00000010
     262255.000 ns	     26224	80005530	010c8433	add	x8,x25,x16	 x25:0x80040fe4 x16:0x80040fe4  x8=0x00081fc8
     262275.000 ns	     26226	80005534	02ce9433	mulh	x8,x29,x12	 x29:0x1da45000 x12:0x03ffffec  x8=0x0076913d
     262305.000 ns	     26229	80005538	02fb1bb3	mulh	x23,x22,x15	 x22:0x00000000 x15:0x00000000 x23=0x00000000
     262335.000 ns	     26232	8000553c	03dd2633	mulhsu	x12,x26,x29	 x26:0x0003ff50 x29:0x1da45000 x12=0x0000767c
     262355.000 ns	     26234	80005540	9452ba93	sltiu	x21,x5,-1723	  x5:0x012e5a92 x21=0x00000001
     262365.000 ns	     26235	80005544	bbb23713	sltiu	x14,x4,-1093	  x4:0x00000000 x14=0x00000001
     262385.000 ns	     26237	80005548	d01c2053	fcvt.s.wu	f0,x24	 x24:0x00000000  f0=0x00000000
     262755.000 ns	     26274	8000554c	0341fa33	remu	x20,x3,x20	  x3:0x03ffffec x20:0xffd41bd4 x20=0x03ffffec
     262775.000 ns	     26276	80005550	b3521d97	auipc	x27,0xb3521	 x27=0x33526550
     263135.000 ns	     26312	80005554	0270c033	div	x0,x1,x7	  x1:0x00000002  x7:0x00000010
     263165.000 ns	     26315	80005558	c014f453	fcvt.wu.s	x8,f9	  f9:0x7f800000  x8=0xffffffff
     263535.000 ns	     26352	8000555c	03057eb3	remu	x29,x10,x16	 x10:0x00000000 x16:0x80040fe4 x29=0x00000000
     263565.000 ns	     26355	80005560	037ab1b3	mulhu	x3,x21,x23	 x21:0x00000001 x23:0x00000000  x3=0x00000000
     263595.000 ns	     26358	80005564	297b9653	fmax.s	f12,f23,f23	 f23:0x80000000 f23:0x80000000 f12=0x80000000
     263625.000 ns	     26361	80005568	f00e0ad3	fmv.w.x	f21,x28	 x28:0xf506f533 f21=0xf506f533
     263655.000 ns	     26364	8000556c	e00317d3	fclass.s	x15,f6	  f6:0x00000000 x15=0x00000010
     263685.000 ns	     26367	80005570	c00429d3	fcvt.w.s	x19,f8	  f8:0x4f7ff7e4 x19=0x7fffffff
     263705.000 ns	     26369	80005574	1c814493	xori	x9,x2,456	  x2:0x00000000  x9=0x000001c8
     263715.000 ns	     26370	80005578	25708193	addi	x3,x1,599	  x1:0x00000002  x3=0x00000259
     264075.000 ns	     26406	8000557c	02514c33	div	x24,x2,x5	  x2:0x00000000  x5:0x012e5a92 x24=0x00000000
     264105.000 ns	     26409	80005580	a1d29d53	flt.s	x26,f5,f29	  f5:0x00000000 f29:0x80000000 x26=0x00000000
     264125.000 ns	     26411	80005584	01cc9433	sll	x8,x25,x28	 x25:0x80040fe4 x28:0xf506f533  x8=0x7f200000
     264135.000 ns	     26412	80005588	41c1dc33	sra	x24,x3,x28	  x3:0x00000259 x28:0xf506f533 x24=0x00000000
     264175.000 ns	     26416	8000558c	01f536d3	fadd.s	f13,f10,f31	 f10:0x7fc00000 f31:0xcaaba76e f13=0x7fc00000
     264195.000 ns	     26418	80005590	006e5013	srli	x0,x28,0x6	 x28:0xf506f533
     264205.000 ns	     26419	80005594	006a1f33	sll	x30,x20,x6	 x20:0x03ffffec  x6:0x80041024 x30=0x3ffffec0
     264565.000 ns	     26455	80005598	0302dfb3	divu	x31,x5,x16	  x5:0x012e5a92 x16:0x80040fe4 x31=0x00000000
     264935.000 ns	     26492	8000559c	02c146b3	div	x13,x2,x12	  x2:0x00000000 x12:0x0000767c x13=0x00000000
     264965.000 ns	     26495	800055a0	201e0cd3	fsgnj.s	f25,f28,f1	 f28:0x00000000  f1:0x7fc00000 f25=0x00000000
     264985.000 ns	     26497	800055a4	01e11e93	slli	x29,x2,0x1e	  x2:0x00000000 x29=0x00000000
     264995.000 ns	     26498	800055a8	6ec24513	xori	x10,x4,1772	  x4:0x00000000 x10=0x000006ec
     265355.000 ns	     26534	800055ac	0338fd33	remu	x26,x17,x19	 x17:0x00000001 x19:0x7fffffff x26=0x00000001
     265375.000 ns	     26536	800055b0	00000013	addi	x0,x0,0	  x0:0x00000000
     265385.000 ns	     26537	800055b4	00055233	srl	x4,x10,x0	 x10:0x000006ec  x0:0x00000000  x4=0x000006ec
     265405.000 ns	     26539	800055b8	e00087d3	fmv.x.w	x15,f1	  f1:0x7fc00000 x15=0x7fc00000
     265425.000 ns	     26541	800055bc	4126d4b3	sra	x9,x13,x18	 x13:0x00000000 x18:0x00000001  x9=0x00000000
     265435.000 ns	     26542	800055c0	d0a44993	xori	x19,x8,-758	  x8:0x7f200000 x19=0x80dffd0a
     265445.000 ns	     26543	800055c4	00000013	addi	x0,x0,0	  x0:0x00000000
     265455.000 ns	     26544	800055c8	01f782b3	add	x5,x15,x31	 x15:0x7fc00000 x31:0x00000000  x5=0x7fc00000
     265465.000 ns	     26545	800055cc	df18ea93	ori	x21,x17,-527	 x17:0x00000001 x21=0xfffffdf1
     265495.000 ns	     26548	800055d0	1058cb53	fmul.s	f22,f17,f5	 f17:0xcf7ff7e4  f5:0x00000000 f22=0x80000000
     265515.000 ns	     26550	800055d4	00885113	srli	x2,x16,0x8	 x16:0x80040fe4  x2=0x0080040f
     265525.000 ns	     26551	800055d8	01711fb3	sll	x31,x2,x23	  x2:0x00000000 x23:0x00000000 x31=0x0080040f
     265545.000 ns	     26553	800055dc	a0a11f53	flt.s	x30,f2,f10	  f2:0x7fc00000 f10:0x7fc00000 x30=0x00000000
     265575.000 ns	     26556	800055e0	a02d2dd3	feq.s	x27,f26,f2	 f26:0x00000000  f2:0x7fc00000 x27=0x00000000
     265605.000 ns	     26559	800055e4	28498c53	fmin.s	f24,f19,f4	 f19:0x80000000  f4:0x00000000 f24=0x80000000
     265625.000 ns	     26561	800055e8	41fbba13	sltiu	x20,x23,1055	 x23:0x00000000 x20=0x00000001
     265645.000 ns	     26563	800055ec	035f91b3	mulh	x3,x31,x21	 x31:0x0080040f x21:0xfffffdf1  x3=0xfffffffe
     265665.000 ns	     26565	800055f0	008c4833	xor	x16,x24,x8	 x24:0x00000000  x8:0x7f200000 x16=0x7f200000
     265705.000 ns	     26569	800055f4	09cd0a53	fsub.s	f20,f26,f28	 f26:0x00000000 f28:0x00000000 f20=0x80000000
     266075.000 ns	     26606	800055f8	030574b3	remu	x9,x10,x16	 x10:0x000006ec x16:0x80040fe4  x9=0x000006ec
     266105.000 ns	     26609	800055fc	02a7b6b3	mulhu	x13,x15,x10	 x15:0x7fc00000 x10:0x000006ec x13=0x00000374
     266155.000 ns	     26614	80005600	010ec5d3	fadd.s	f11,f29,f16	 f29:0x80000000 f16:0xcefff7e0 f11=0xcefff7e0
     266175.000 ns	     26616	80005604	0095a8b3	slt	x17,x11,x9	 x11:0x00000000  x9:0x000006ec x17=0x00000001
     266185.000 ns	     26617	80005608	00658433	add	x8,x11,x6	 x11:0x00000000  x6:0x80041024  x8=0x80041024
     266195.000 ns	     26618	8000560c	0ceabe93	sltiu	x29,x21,206	 x21:0xfffffdf1 x29=0x00000000
     266205.000 ns	     26619	80005610	de9f06b7	lui	x13,0xde9f0	 x13=0xde9f0000
     266235.000 ns	     26622	80005614	1099f053	fmul.s	f0,f19,f9	 f19:0x80000000  f9:0x7f800000  f0=0x7fc00000
     266255.000 ns	     26624	80005618	db414113	xori	x2,x2,-588	  x2:0x0080040f  x2=0xff7ff9bb
     266275.000 ns	     26626	8000561c	f00400d3	fmv.w.x	f1,x8	  x8:0x80041024  f1=0x80041024
     266295.000 ns	     26628	80005620	01dfe533	or	x10,x31,x29	 x31:0x0080040f x29:0x00000000 x10=0x0080040f
     266305.000 ns	     26629	80005624	01bb45b3	xor	x11,x22,x27	 x22:0x00000000 x27:0x00000000 x11=0x00000000
     266315.000 ns	     26630	80005628	3e39b713	sltiu	x14,x19,995	 x19:0x80dffd0a x14=0x00000000
     266335.000 ns	     26632	8000562c	295913d3	fmax.s	f7,f18,f21	 f18:0x00000000 f21:0xf506f533  f7=0x00000000
     266355.000 ns	     26634	80005630	00b530b3	sltu	x1,x10,x11	 x10:0x0080040f x11:0x00000000  x1=0x00000000
     266375.000 ns	     26636	80005634	d01afbd3	fcvt.s.wu	f23,x21	 x21:0xfffffdf1 f23=0x4f7ffffd
     266415.000 ns	     26640	80005638	1105bb53	fmul.s	f22,f11,f16	 f11:0xcefff7e0 f16:0xcefff7e0 f22=0x5e7fefc1
     266435.000 ns	     26642	8000563c	01ed43b3	xor	x7,x26,x30	 x26:0x00000001 x30:0x00000000  x7=0x00000001
     266445.000 ns	     26643	80005640	00000013	addi	x0,x0,0	  x0:0x00000000
     266465.000 ns	     26645	80005644	e00d8753	fmv.x.w	x14,f27	 f27:0x00000010 x14=0x00000010
     266485.000 ns	     26647	80005648	71252693	slti	x13,x10,1810	 x10:0x0080040f x13=0x00000000
     266505.000 ns	     26649	8000564c	028d81b3	mul	x3,x27,x8	 x27:0x00000000  x8:0x80041024  x3=0x00000000
     266525.000 ns	     26651	80005650	003fd213	srli	x4,x31,0x3	 x31:0x0080040f  x4=0x00100081
     266535.000 ns	     26652	80005654	00ffa533	slt	x10,x31,x15	 x31:0x0080040f x15:0x7fc00000 x10=0x00000001
     266555.000 ns	     26654	80005658	0248bf33	mulhu	x30,x17,x4	 x17:0x00000001  x4:0x000006ec x30=0x00000000
     266585.000 ns	     26657	8000565c	02f6b4b3	mulhu	x9,x13,x15	 x13:0x00000000 x15:0x7fc00000  x9=0x00000000
     266605.000 ns	     26659	80005660	01229ab3	sll	x21,x5,x18	  x5:0x7fc00000 x18:0x00000001 x21=0xff800000
     266615.000 ns	     26660	80005664	41badab3	sra	x21,x21,x27	 x21:0xfffffdf1 x27:0x00000000 x21=0xff800000
     266635.000 ns	     26662	80005668	20d58fd3	fsgnj.s	f31,f11,f13	 f11:0xcefff7e0 f13:0x7fc00000 f31=0x4efff7e0
     266655.000 ns	     26664	8000566c	01a51e93	slli	x29,x10,0x1a	 x10:0x00000001 x29=0x04000000
     266675.000 ns	     26666	80005670	e0020153	fmv.x.w	x2,f4	  f4:0x00000000  x2=0x00000000
     266695.000 ns	     26668	80005674	97f90b97	auipc	x23,0x97f90	 x23=0x17f95674
     266705.000 ns	     26669	80005678	001f20b3	slt	x1,x30,x1	 x30:0x00000000  x1:0x00000000  x1=0x00000000
     266725.000 ns	     26671	8000567c	03b333b3	mulhu	x7,x6,x27	  x6:0x80041024 x27:0x00000000  x7=0x00000000
     266745.000 ns	     26673	80005680	41f85393	srai	x7,x16,0x1f	 x16:0x7f200000  x7=0x00000000
     266755.000 ns	     26674	80005684	41cc5933	sra	x18,x24,x28	 x24:0x00000000 x28:0xf506f533 x18=0x00000000
     266765.000 ns	     26675	80005688	01095413	srli	x8,x18,0x10	 x18:0x00000001  x8=0x00000000
     266775.000 ns	     26676	8000568c	00525f93	srli	x31,x4,0x5	  x4:0x00100081 x31=0x00008004
     266785.000 ns	     26677	80005690	09a48a13	addi	x20,x9,154	  x9:0x00000000 x20=0x0000009a
     266805.000 ns	     26679	80005694	02979233	mulh	x4,x15,x9	 x15:0x7fc00000  x9:0x00000000  x4=0x00000000
     266835.000 ns	     26682	80005698	d0020ad3	fcvt.s.w	f21,x4	  x4:0x00100081 f21=0x00000000
     266865.000 ns	     26685	8000569c	c00d9a53	fcvt.w.s	x20,f27	 f27:0x00000010 x20=0x00000000
     266885.000 ns	     26687	800056a0	48b4b393	sltiu	x7,x9,1163	  x9:0x00000000  x7=0x00000001
     266895.000 ns	     26688	800056a4	eb864993	xori	x19,x12,-328	 x12:0x0000767c x19=0xffff88c4
     266905.000 ns	     26689	800056a8	0135d7b3	srl	x15,x11,x19	 x11:0x00000000 x19:0x80dffd0a x15=0x00000000
     266925.000 ns	     26691	800056ac	c0091a53	fcvt.w.s	x20,f18	 f18:0x00000000 x20=0x00000000
     266945.000 ns	     26693	800056b0	d8df8293	addi	x5,x31,-627	 x31:0x00008004  x5=0x00007d91
     266965.000 ns	     26695	800056b4	030c9c33	mulh	x24,x25,x16	 x25:0x80040fe4 x16:0x7f200000 x24=0xc0720464
     266985.000 ns	     26697	800056b8	d29c7793	andi	x15,x24,-727	 x24:0x00000000 x15=0xc0720420
     267005.000 ns	     26699	800056bc	c01a7053	fcvt.wu.s	x0,f20	 f20:0x80000000
     267035.000 ns	     26702	800056c0	02885133	divu	x2,x16,x8	 x16:0x7f200000  x8:0x00000000  x2=0xffffffff
     267055.000 ns	     26704	800056c4	009d5433	srl	x8,x26,x9	 x26:0x00000001  x9:0x00000000  x8=0x00000001
     267065.000 ns	     26705	800056c8	01f18833	add	x16,x3,x31	  x3:0x00000000 x31:0x00008004 x16=0x00008004
     267085.000 ns	     26707	800056cc	f0040ed3	fmv.w.x	f29,x8	  x8:0x00000000 f29=0x00000001
     267105.000 ns	     26709	800056d0	3f71adb7	lui	x27,0x3f71a	 x27=0x3f71a000
     267115.000 ns	     26710	800056d4	f9f9e793	ori	x15,x19,-97	 x19:0xffff88c4 x15=0xffffffdf
     267125.000 ns	     26711	800056d8	0188a133	slt	x2,x17,x24	 x17:0x00000001 x24:0xc0720464  x2=0x00000000
     267145.000 ns	     26713	800056dc	c015a653	fcvt.wu.s	x12,f11	 f11:0xcefff7e0 x12=0x7ffbf000
     267175.000 ns	     26716	800056e0	a14584d3	fle.s	x9,f11,f20	 f11:0xcefff7e0 f20:0x80000000  x9=0x00000001
     267195.000 ns	     26718	800056e4	4058deb3	sra	x29,x17,x5	 x17:0x00000001  x5:0x00007d91 x29=0x00000000
     267205.000 ns	     26719	800056e8	6aa9c2b7	lui	x5,0x6aa9c	  x5=0x6aa9c000
     267225.000 ns	     26721	800056ec	289c16d3	fmax.s	f13,f24,f9	 f24:0x80000000  f9:0x7f800000 f13=0x7f800000
     267595.000 ns	     26758	800056f0	03becb33	div	x22,x29,x27	 x29:0x00000000 x27:0x3f71a000 x22=0x00000000
     267965.000 ns	     26795	800056f4	02e9c0b3	div	x1,x19,x14	 x19:0xffff88c4 x14:0x00000010  x1=0xfffff88d
     267995.000 ns	     26798	800056f8	d00b21d3	fcvt.s.w	f3,x22	 x22:0x00000000  f3=0x00000000
     268015.000 ns	     26800	800056fc	002b65b3	or	x11,x22,x2	 x22:0x00000000  x2:0x00000000 x11=0x00000000
     268035.000 ns	     26802	80005700	0364cdb3	div	x27,x9,x22	  x9:0x00000001 x22:0x00000000 x27=0xffffffff
     268055.000 ns	     26804	80005704	00000013	addi	x0,x0,0	  x0:0x00000000
     268075.000 ns	     26806	80005708	a1cbafd3	feq.s	x31,f23,f28	 f23:0x4f7ffffd f28:0x00000000 x31=0x00000000
     268445.000 ns	     26843	8000570c	03ca6a33	rem	x20,x20,x28	 x20:0x00000000 x28:0xf506f533 x20=0x00000000
     268485.000 ns	     26847	80005710	580828d3	fsqrt.s	f17,f16	 f16:0xcefff7e0 f17=0x7fc00000
     268515.000 ns	     26850	80005714	a0ada7d3	feq.s	x15,f27,f10	 f27:0x00000010 f10:0x7fc00000 x15=0x00000000
     268545.000 ns	     26853	80005718	03ab9733	mulh	x14,x23,x26	 x23:0x17f95674 x26:0x00000001 x14=0x00000000
     268575.000 ns	     26856	8000571c	037728b3	mulhsu	x17,x14,x23	 x14:0x00000010 x23:0x17f95674 x17=0x00000000
     268605.000 ns	     26859	80005720	f00c89d3	fmv.w.x	f19,x25	 x25:0x80040fe4 f19=0x80040fe4
     268635.000 ns	     26862	80005724	03490a33	mul	x20,x18,x20	 x18:0x00000000 x20:0x00000000 x20=0x00000000
     268655.000 ns	     26864	80005728	d427c9b7	lui	x19,0xd427c	 x19=0xd427c000
     268675.000 ns	     26866	8000572c	294a97d3	fmax.s	f15,f21,f20	 f21:0x00000000 f20:0x80000000 f15=0x00000000
     268695.000 ns	     26868	80005730	d3dcaf97	auipc	x31,0xd3dca	 x31=0x53dcf730
     268705.000 ns	     26869	80005734	01d0a933	slt	x18,x1,x29	  x1:0xfffff88d x29:0x00000000 x18=0x00000001
     268715.000 ns	     26870	80005738	412389b3	sub	x19,x7,x18	  x7:0x00000001 x18:0x00000000 x19=0x00000000
     268725.000 ns	     26871	8000573c	0d2ecd93	xori	x27,x29,210	 x29:0x00000000 x27=0x000000d2
     268735.000 ns	     26872	80005740	00d2b7b3	sltu	x15,x5,x13	  x5:0x6aa9c000 x13:0x00000000 x15=0x00000000
     268755.000 ns	     26874	80005744	03968733	mul	x14,x13,x25	 x13:0x00000000 x25:0x80040fe4 x14=0x00000000
     268775.000 ns	     26876	80005748	00c48db3	add	x27,x9,x12	  x9:0x00000001 x12:0x7ffbf000 x27=0x7ffbf001
     268795.000 ns	     26878	8000574c	026fba33	mulhu	x20,x31,x6	 x31:0x53dcf730  x6:0x80041024 x20=0x29efd055
     268825.000 ns	     26881	80005750	c0138253	fcvt.wu.s	x4,f7	  f7:0x00000000  x4=0x00000000
     268855.000 ns	     26884	80005754	d0053753	fcvt.s.w	f14,x10	 x10:0x00000001 f14=0x3f800000
     268875.000 ns	     26886	80005758	cfc6f413	andi	x8,x13,-772	 x13:0x00000000  x8=0x00000000
     268885.000 ns	     26887	8000575c	51ed6c13	ori	x24,x26,1310	 x26:0x00000001 x24=0x0000051f
     268915.000 ns	     26890	80005760	5803f7d3	fsqrt.s	f15,f7	  f7:0x00000000 f15=0x00000000
     268935.000 ns	     26892	80005764	153eb193	sltiu	x3,x29,339	 x29:0x00000000  x3=0x00000001
     268955.000 ns	     26894	80005768	a1468c53	fle.s	x24,f13,f20	 f13:0x7f800000 f20:0x80000000 x24=0x00000000
     268975.000 ns	     26896	8000576c	00000013	addi	x0,x0,0	  x0:0x00000000
     268985.000 ns	     26897	80005770	409e0bb3	sub	x23,x28,x9	 x28:0xf506f533  x9:0x00000001 x23=0xf506f532
     269005.000 ns	     26899	80005774	023e1a33	mulh	x20,x28,x3	 x28:0xf506f533  x3:0x00000001 x20=0xffffffff
     269035.000 ns	     26902	80005778	a04921d3	feq.s	x3,f18,f4	 f18:0x00000000  f4:0x00000000  x3=0x00000001
     269055.000 ns	     26904	8000577c	d2f18813	addi	x16,x3,-721	  x3:0x00000001 x16=0xfffffd30
     269075.000 ns	     26906	80005780	d007c553	fcvt.s.w	f10,x15	 x15:0x00000000 f10=0x00000000
     269105.000 ns	     26909	80005784	c0109953	fcvt.wu.s	x18,f1	  f1:0x80041024 x18=0x00000000
     269135.000 ns	     26912	80005788	c007f853	fcvt.w.s	x16,f15	 f15:0x00000000 x16=0x00000000
     269505.000 ns	     26949	8000578c	02ca7d33	remu	x26,x20,x12	 x20:0xffffffff x12:0x7ffbf000 x26=0x00081fff
     269525.000 ns	     26951	80005790	259898b7	lui	x17,0x25989	 x17=0x25989000
     269535.000 ns	     26952	80005794	0130cbb3	xor	x23,x1,x19	  x1:0xfffff88d x19:0x00000000 x23=0xfffff88d
     269545.000 ns	     26953	80005798	4190d233	sra	x4,x1,x25	  x1:0xfffff88d x25:0x80040fe4  x4=0xffffff88
     269565.000 ns	     26955	8000579c	a17f1dd3	flt.s	x27,f30,f23	 f30:0x7fc00000 f23:0x4f7ffffd x27=0x00000000
     269585.000 ns	     26957	800057a0	e53f1ab7	lui	x21,0xe53f1	 x21=0xe53f1000
     269605.000 ns	     26959	800057a4	d014b6d3	fcvt.s.wu	f13,x9	  x9:0x00000001 f13=0x3f800000
     269625.000 ns	     26961	800057a8	00000013	addi	x0,x0,0	  x0:0x00000000
     269645.000 ns	     26963	800057ac	02941533	mulh	x10,x8,x9	  x8:0x00000000  x9:0x00000001 x10=0x00000000
     269675.000 ns	     26966	800057b0	0277a8b3	mulhsu	x17,x15,x7	 x15:0x00000000  x7:0x00000001 x17=0x00000000
     269705.000 ns	     26969	800057b4	a16ca453	feq.s	x8,f25,f22	 f25:0x00000000 f22:0x5e7fefc1  x8=0x00000000
     269725.000 ns	     26971	800057b8	410d56b3	sra	x13,x26,x16	 x26:0x00081fff x16:0x00000000 x13=0x00081fff
     269765.000 ns	     26975	800057bc	087f7dd3	fsub.s	f27,f30,f7	 f30:0x7fc00000  f7:0x00000000 f27=0x7fc00000
     269795.000 ns	     26978	800057c0	032a90b3	mulh	x1,x21,x18	 x21:0xe53f1000 x18:0x00000000  x1=0x00000000
     269825.000 ns	     26981	800057c4	a00f8fd3	fle.s	x31,f31,f0	 f31:0x4efff7e0  f0:0x7fc00000 x31=0x00000000
     269855.000 ns	     26984	800057c8	e0069bd3	fclass.s	x23,f13	 f13:0x3f800000 x23=0x00000040
     269875.000 ns	     26986	800057cc	414b8d33	sub	x26,x23,x20	 x23:0xfffff88d x20:0xffffffff x26=0x00000041
     269895.000 ns	     26988	800057d0	032ffbb3	remu	x23,x31,x18	 x31:0x00000000 x18:0x00000000 x23=0x00000000
     269915.000 ns	     26990	800057d4	bfc28093	addi	x1,x5,-1028	  x5:0x6aa9c000  x1=0x6aa9bbfc
     269935.000 ns	     26992	800057d8	d01b7853	fcvt.s.wu	f16,x22	 x22:0x00000000 f16=0x00000000
     269955.000 ns	     26994	800057dc	a2e42a13	slti	x20,x8,-1490	  x8:0x00000000 x20=0x00000000
     269965.000 ns	     26995	800057e0	01f167b3	or	x15,x2,x31	  x2:0x00000000 x31:0x00000000 x15=0x00000000
     269975.000 ns	     26996	800057e4	06a54a93	xori	x21,x10,106	 x10:0x00000000 x21=0x0000006a
     269995.000 ns	     26998	800057e8	21801f53	fsgnjn.s	f30,f0,f24	  f0:0x7fc00000 f24:0x80000000 f30=0x7fc00000
     270025.000 ns	     27001	800057ec	e0021ed3	fclass.s	x29,f4	  f4:0x00000000 x29=0x00000010
     270055.000 ns	     27004	800057f0	c01e75d3	fcvt.wu.s	x11,f28	 f28:0x00000000 x11=0x00000000
     270075.000 ns	     27006	800057f4	008d1233	sll	x4,x26,x8	 x26:0x00000041  x8:0x00000000  x4=0x00000041
     270435.000 ns	     27042	800057f8	0243db33	divu	x22,x7,x4	  x7:0x00000001  x4:0xffffff88 x22=0x00000000
     270475.000 ns	     27046	800057fc	1178f053	fmul.s	f0,f17,f23	 f17:0x7fc00000 f23:0x4f7ffffd  f0=0x7fc00000
     270845.000 ns	     27083	80005800	023668b3	rem	x17,x12,x3	 x12:0x7ffbf000  x3:0x00000001 x17=0x00000000
     270875.000 ns	     27086	80005804	205c07d3	fsgnj.s	f15,f24,f5	 f24:0x80000000  f5:0x00000000 f15=0x00000000
     270895.000 ns	     27088	80005808	edbd3d93	sltiu	x27,x26,-293	 x26:0x00000041 x27=0x00000001
     270925.000 ns	     27091	8000580c	580071d3	fsqrt.s	f3,f0	  f0:0x7fc00000  f3=0x7fc00000
     270955.000 ns	     27094	80005810	02bf2b33	mulhsu	x22,x30,x11	 x30:0x00000000 x11:0x00000000 x22=0x00000000
     270985.000 ns	     27097	80005814	03ec62b3	rem	x5,x24,x30	 x24:0x00000000 x30:0x00000000  x5=0x00000000
     271005.000 ns	     27099	80005818	71a38713	addi	x14,x7,1818	  x7:0x00000001 x14=0x0000071b
     271015.000 ns	     27100	8000581c	0105c4b3	xor	x9,x11,x16	 x11:0x00000000 x16:0x00000000  x9=0x00000000
     271035.000 ns	     27102	80005820	038e93b3	mulh	x7,x29,x24	 x29:0x00000010 x24:0x00000000  x7=0x00000000
     271065.000 ns	     27105	80005824	03a0a6b3	mulhsu	x13,x1,x26	  x1:0x6aa9bbfc x26:0x00000041 x13=0x0000001b
     271095.000 ns	     27108	80005828	f0038353	fmv.w.x	f6,x7	  x7:0x00000000  f6=0x00000000
     271115.000 ns	     27110	8000582c	3d41c413	xori	x8,x3,980	  x3:0x00000001  x8=0x000003d5
     271135.000 ns	     27112	80005830	2134afd3	fsgnjx.s	f31,f9,f19	  f9:0x7f800000 f19:0x80040fe4 f31=0xff800000
     271165.000 ns	     27115	80005834	f0070ed3	fmv.w.x	f29,x14	 x14:0x0000071b f29=0x0000071b
     271185.000 ns	     27117	80005838	4053df33	sra	x30,x7,x5	  x7:0x00000000  x5:0x00000000 x30=0x00000000
     271195.000 ns	     27118	8000583c	00105b13	srli	x22,x0,0x1	  x0:0x00000000 x22=0x00000000
     271215.000 ns	     27120	80005840	02bbf833	remu	x16,x23,x11	 x23:0x00000000 x11:0x00000000 x16=0x00000000
     271235.000 ns	     27122	80005844	ab931017	auipc	x0,0xab931	
     271245.000 ns	     27123	80005848	01ce1293	slli	x5,x28,0x1c	 x28:0xf506f533  x5=0x30000000
     271265.000 ns	     27125	8000584c	03fa11b3	mulh	x3,x20,x31	 x20:0x00000000 x31:0x00000000  x3=0x00000000
     271285.000 ns	     27127	80005850	4146de93	srai	x29,x13,0x14	 x13:0x0000001b x29=0x00000000
     271305.000 ns	     27129	80005854	f0070fd3	fmv.w.x	f31,x14	 x14:0x0000071b f31=0x0000071b
     271325.000 ns	     27131	80005858	464c6b13	ori	x22,x24,1124	 x24:0x00000000 x22=0x00000464
     271345.000 ns	     27133	8000585c	c0187553	fcvt.wu.s	x10,f16	 f16:0x00000000 x10=0x00000000
     271385.000 ns	     27137	80005860	58003bd3	fsqrt.s	f23,f0	  f0:0x7fc00000 f23=0x7fc00000
     271415.000 ns	     27140	80005864	030ef133	remu	x2,x29,x16	 x29:0x00000000 x16:0x00000000  x2=0x00000000
     271445.000 ns	     27143	80005868	02f4b5b3	mulhu	x11,x9,x15	  x9:0x00000000 x15:0x00000000 x11=0x00000000
     271475.000 ns	     27146	8000586c	e00096d3	fclass.s	x13,f1	  f1:0x80041024 x13=0x00000004
     271495.000 ns	     27148	80005870	0190f4b3	and	x9,x1,x25	  x1:0x6aa9bbfc x25:0x80040fe4  x9=0x00000be4
     271515.000 ns	     27150	80005874	d0027153	fcvt.s.w	f2,x4	  x4:0x00000041  f2=0x42820000
     271545.000 ns	     27153	80005878	d00e0753	fcvt.s.w	f14,x28	 x28:0xf506f533 f14=0xcd2f90ac
     271575.000 ns	     27156	8000587c	c01b38d3	fcvt.wu.s	x17,f22	 f22:0x5e7fefc1 x17=0xffffffff
     271595.000 ns	     27158	80005880	01b99fb3	sll	x31,x19,x27	 x19:0x00000000 x27:0x00000001 x31=0x00000000
     271605.000 ns	     27159	80005884	00e8c133	xor	x2,x17,x14	 x17:0xffffffff x14:0x0000071b  x2=0xfffff8e4
     271615.000 ns	     27160	80005888	01316b33	or	x22,x2,x19	  x2:0x00000000 x19:0x00000000 x22=0xfffff8e4
     271625.000 ns	     27161	8000588c	014b8933	add	x18,x23,x20	 x23:0x00000000 x20:0x00000000 x18=0x00000000
     271655.000 ns	     27164	80005890	11a2f353	fmul.s	f6,f5,f26	  f5:0x00000000 f26:0x00000000  f6=0x00000000
     271675.000 ns	     27166	80005894	0001a8b3	slt	x17,x3,x0	  x3:0x00000000  x0:0x00000000 x17=0x00000000
     271695.000 ns	     27168	80005898	289392d3	fmax.s	f5,f7,f9	  f7:0x00000000  f9:0x7f800000  f5=0x7f800000
     271725.000 ns	     27171	8000589c	c0097753	fcvt.w.s	x14,f18	 f18:0x00000000 x14=0x00000000
     271755.000 ns	     27174	800058a0	e00615d3	fclass.s	x11,f12	 f12:0x80000000 x11=0x00000008
     271775.000 ns	     27176	800058a4	00ae5993	srli	x19,x28,0xa	 x28:0xf506f533 x19=0x003d41bd
     271795.000 ns	     27178	800058a8	03ffad33	mulhsu	x26,x31,x31	 x31:0x00000000 x31:0x00000000 x26=0x00000000
     271825.000 ns	     27181	800058ac	288113d3	fmax.s	f7,f2,f8	  f2:0x42820000  f8:0x4f7ff7e4  f7=0x4f7ff7e4
     271855.000 ns	     27184	800058b0	03aefdb3	remu	x27,x29,x26	 x29:0x00000000 x26:0x00000000 x27=0x00000000
     271885.000 ns	     27187	800058b4	02022eb3	mulhsu	x29,x4,x0	  x4:0x00000041  x0:0x00000000 x29=0x00000000
     271915.000 ns	     27190	800058b8	d01907d3	fcvt.s.wu	f15,x18	 x18:0x00000000 f15=0x00000000
     271935.000 ns	     27192	800058bc	00ff0233	add	x4,x30,x15	 x30:0x00000000 x15:0x00000000  x4=0x00000000
     271945.000 ns	     27193	800058c0	010eb7b3	sltu	x15,x29,x16	 x29:0x00000000 x16:0x00000000 x15=0x00000000
     271955.000 ns	     27194	800058c4	0166fb33	and	x22,x13,x22	 x13:0x00000004 x22:0xfffff8e4 x22=0x00000004
     271975.000 ns	     27196	800058c8	02953433	mulhu	x8,x10,x9	 x10:0x00000000  x9:0x00000be4  x8=0x00000000
     271995.000 ns	     27198	800058cc	ca210993	addi	x19,x2,-862	  x2:0xfffff8e4 x19=0xfffff586
     272015.000 ns	     27200	800058d0	03ad0633	mul	x12,x26,x26	 x26:0x00000000 x26:0x00000000 x12=0x00000000
     272035.000 ns	     27202	800058d4	01ba61b3	or	x3,x20,x27	 x20:0x00000000 x27:0x00000000  x3=0x00000000
     272055.000 ns	     27204	800058d8	02446bb3	rem	x23,x8,x4	  x8:0x00000000  x4:0x00000000 x23=0x00000000
     272085.000 ns	     27207	800058dc	03a5fdb3	remu	x27,x11,x26	 x11:0x00000008 x26:0x00000000 x27=0x00000008
     272125.000 ns	     27211	800058e0	11df04d3	fmul.s	f9,f30,f29	 f30:0x7fc00000 f29:0x0000071b  f9=0x7fc00000
     272145.000 ns	     27213	800058e4	00231bb3	sll	x23,x6,x2	  x6:0x80041024  x2:0xfffff8e4 x23=0x00410240
     272185.000 ns	     27217	800058e8	00dbf353	fadd.s	f6,f23,f13	 f23:0x7fc00000 f13:0x3f800000  f6=0x7fc00000
     272205.000 ns	     27219	800058ec	01f8e2b3	or	x5,x17,x31	 x17:0x00000000 x31:0x00000000  x5=0x00000000
     272215.000 ns	     27220	800058f0	92e1a113	slti	x2,x3,-1746	  x3:0x00000000  x2=0x00000000
     273385.000 ns	     27337	800058f4	580b7ed3	fsqrt.s	f29,f22	 f22:0x5e7fefc1 f29=0x4eb4f8e9
     273435.000 ns	     27342	800058f8	01f49753	fadd.s	f14,f9,f31	  f9:0x7fc00000 f31:0x0000071b f14=0x7fc00000
     273455.000 ns	     27344	800058fc	813e8b13	addi	x22,x29,-2029	 x29:0x00000000 x22=0xfffff813
     273465.000 ns	     27345	80005900	3331b013	sltiu	x0,x3,819	  x3:0x00000000
     273485.000 ns	     27347	80005904	d01c7053	fcvt.s.wu	f0,x24	 x24:0x00000000  f0=0x00000000
     273515.000 ns	     27350	80005908	03fae2b3	rem	x5,x21,x31	 x21:0x0000006a x31:0x00000000  x5=0x0000006a
     273535.000 ns	     27352	8000590c	41cc5eb3	sra	x29,x24,x28	 x24:0x00000000 x28:0xf506f533 x29=0x00000000
     273555.000 ns	     27354	80005910	29dc16d3	fmax.s	f13,f24,f29	 f24:0x80000000 f29:0x4eb4f8e9 f13=0x4eb4f8e9
     273575.000 ns	     27356	80005914	405f5913	srai	x18,x30,0x5	 x30:0x00000000 x18=0x00000000
     273585.000 ns	     27357	80005918	bd806eb7	lui	x29,0xbd806	 x29=0xbd806000
     273595.000 ns	     27358	8000591c	40f5df93	srai	x31,x11,0xf	 x11:0x00000008 x31=0x00000000
     273605.000 ns	     27359	80005920	89400913	addi	x18,x0,-1900	  x0:0x00000000 x18=0xfffff894
     273625.000 ns	     27361	80005924	02fd8ab3	mul	x21,x27,x15	 x27:0x00000008 x15:0x00000000 x21=0x00000000
     273655.000 ns	     27364	80005928	a0af8fd3	fle.s	x31,f31,f10	 f31:0x0000071b f10:0x00000000 x31=0x00000000
     273685.000 ns	     27367	8000592c	038558b3	divu	x17,x10,x24	 x10:0x00000000 x24:0x00000000 x17=0xffffffff
     273705.000 ns	     27369	80005930	409858b3	sra	x17,x16,x9	 x16:0x00000000  x9:0x00000be4 x17=0x00000000
     273715.000 ns	     27370	80005934	01386db3	or	x27,x16,x19	 x16:0x00000000 x19:0xfffff586 x27=0xfffff586
     273725.000 ns	     27371	80005938	fa43f9b7	lui	x19,0xfa43f	 x19=0xfa43f000
     273735.000 ns	     27372	8000593c	01231913	slli	x18,x6,0x12	  x6:0x80041024 x18=0x40900000
     273745.000 ns	     27373	80005940	00646db3	or	x27,x8,x6	  x8:0x00000000  x6:0x80041024 x27=0x80041024
     273755.000 ns	     27374	80005944	4143df93	srai	x31,x7,0x14	  x7:0x00000000 x31=0x00000000
     273775.000 ns	     27376	80005948	28970d53	fmin.s	f26,f14,f9	 f14:0x7fc00000  f9:0x7fc00000 f26=0x7fc00000
     274115.000 ns	     27410	8000594c	181efd53	fdiv.s	f26,f29,f1	 f29:0x4eb4f8e9  f1:0x80041024 f26=0xff800000
     274135.000 ns	     27412	80005950	4ed79417	auipc	x8,0x4ed79	  x8=0xced7e950
     274145.000 ns	     27413	80005954	c792f793	andi	x15,x5,-903	  x5:0x0000006a x15=0x00000068
     274505.000 ns	     27449	80005958	03cbc733	div	x14,x23,x28	 x23:0x00410240 x28:0xf506f533 x14=0x00000000
     274555.000 ns	     27454	8000595c	093e7753	fsub.s	f14,f28,f19	 f28:0x00000000 f19:0x80040fe4 f14=0x00040fe4
     274575.000 ns	     27456	80005960	00d39633	sll	x12,x7,x13	  x7:0x00000000 x13:0x00000004 x12=0x00000000
     274585.000 ns	     27457	80005964	007dd5b3	srl	x11,x27,x7	 x27:0x80041024  x7:0x00000000 x11=0x80041024
     274625.000 ns	     27461	80005968	012945d3	fadd.s	f11,f18,f18	 f18:0x00000000 f18:0x00000000 f11=0x00000000
     274655.000 ns	     27464	8000596c	d01c8a53	fcvt.s.wu	f20,x25	 x25:0x80040fe4 f20=0x4f000410
     274685.000 ns	     27467	80005970	03036b33	rem	x22,x6,x16	  x6:0x80041024 x16:0x00000000 x22=0x80041024
     274715.000 ns	     27470	80005974	a1ea8953	fle.s	x18,f21,f30	 f21:0x00000000 f30:0x7fc00000 x18=0x00000000
     274755.000 ns	     27474	80005978	112df753	fmul.s	f14,f27,f18	 f27:0x7fc00000 f18:0x00000000 f14=0x7fc00000
     274775.000 ns	     27476	8000597c	44b33413	sltiu	x8,x6,1099	  x6:0x80041024  x8=0x00000000
     274785.000 ns	     27477	80005980	4c760093	addi	x1,x12,1223	 x12:0x00000000  x1=0x000004c7
     274805.000 ns	     27479	80005984	29821253	fmax.s	f4,f4,f24	  f4:0x00000000 f24:0x80000000  f4=0x00000000
     274845.000 ns	     27483	80005988	1937fad3	fdiv.s	f21,f15,f19	 f15:0x00000000 f19:0x80040fe4 f21=0x80000000
     275215.000 ns	     27520	8000598c	026162b3	rem	x5,x2,x6	  x2:0x00000000  x6:0x80041024  x5=0x00000000
     275245.000 ns	     27523	80005990	a00680d3	fle.s	x1,f13,f0	 f13:0x4eb4f8e9  f0:0x00000000  x1=0x00000000
     275265.000 ns	     27525	80005994	0187e9b3	or	x19,x15,x24	 x15:0x00000068 x24:0x00000000 x19=0x00000068
     275275.000 ns	     27526	80005998	7fcd0593	addi	x11,x26,2044	 x26:0x00000000 x11=0x000007fc
     275295.000 ns	     27528	8000599c	022e5633	divu	x12,x28,x2	 x28:0xf506f533  x2:0x00000000 x12=0xffffffff
     275315.000 ns	     27530	800059a0	40640833	sub	x16,x8,x6	  x8:0x00000000  x6:0x80041024 x16=0x7ffbefdc
     275325.000 ns	     27531	800059a4	01df1293	slli	x5,x30,0x1d	 x30:0x00000000  x5=0x00000000
     275335.000 ns	     27532	800059a8	00759833	sll	x16,x11,x7	 x11:0x000007fc  x7:0x00000000 x16=0x000007fc
     275695.000 ns	     27568	800059ac	026a5f33	divu	x30,x20,x6	 x20:0x00000000  x6:0x80041024 x30=0x00000000
     275725.000 ns	     27571	800059b0	29511153	fmax.s	f2,f2,f21	  f2:0x42820000 f21:0x80000000  f2=0x42820000
     275755.000 ns	     27574	800059b4	027d22b3	mulhsu	x5,x26,x7	 x26:0x00000000  x7:0x00000000  x5=0x00000000
     275785.000 ns	     27577	800059b8	027eaab3	mulhsu	x21,x29,x7	 x29:0xbd806000  x7:0x00000000 x21=0x00000000
     275805.000 ns	     27579	800059bc	009a0733	add	x14,x20,x9	 x20:0x00000000  x9:0x00000be4 x14=0x00000be4
     275815.000 ns	     27580	800059c0	014f1133	sll	x2,x30,x20	 x30:0x00000000 x20:0x00000000  x2=0x00000000
     275835.000 ns	     27582	800059c4	d0084fd3	fcvt.s.w	f31,x16	 x16:0x000007fc f31=0x44ff8000
     275855.000 ns	     27584	800059c8	314e2b13	slti	x22,x28,788	 x28:0xf506f533 x22=0x00000001
     275865.000 ns	     27585	800059cc	4766f713	andi	x14,x13,1142	 x13:0x00000004 x14=0x00000004
     275875.000 ns	     27586	800059d0	164feb13	ori	x22,x31,356	 x31:0x00000000 x22=0x00000164
     275895.000 ns	     27588	800059d4	21cf9ad3	fsgnjn.s	f21,f31,f28	 f31:0x44ff8000 f28:0x00000000 f21=0xc4ff8000
     275915.000 ns	     27590	800059d8	cb35c613	xori	x12,x11,-845	 x11:0x000007fc x12=0xfffffb4f
     276275.000 ns	     27626	800059dc	03b9e133	rem	x2,x19,x27	 x19:0x00000068 x27:0x80041024  x2=0x00000068
     276315.000 ns	     27630	800059e0	181f7f53	fdiv.s	f30,f30,f1	 f30:0x7fc00000  f1:0x80041024 f30=0x7fc00000
     276335.000 ns	     27632	800059e4	00632a33	slt	x20,x6,x6	  x6:0x80041024  x6:0x80041024 x20=0x00000000
     276355.000 ns	     27634	800059e8	29650753	fmin.s	f14,f10,f22	 f10:0x00000000 f22:0x5e7fefc1 f14=0x00000000
     276375.000 ns	     27636	800059ec	40f9d4b3	sra	x9,x19,x15	 x19:0x00000068 x15:0x00000068  x9=0x00000000
     276395.000 ns	     27638	800059f0	d013f6d3	fcvt.s.wu	f13,x7	  x7:0x00000000 f13=0x00000000
     276425.000 ns	     27641	800059f4	e00185d3	fmv.x.w	x11,f3	  f3:0x7fc00000 x11=0x7fc00000
     276445.000 ns	     27643	800059f8	00640f33	add	x30,x8,x6	  x8:0x00000000  x6:0x80041024 x30=0x80041024
     276465.000 ns	     27645	800059fc	035471b3	remu	x3,x8,x21	  x8:0x00000000 x21:0x00000000  x3=0x00000000
     276485.000 ns	     27647	80005a00	45164713	xori	x14,x12,1105	 x12:0xfffffb4f x14=0xffffff1e
     276495.000 ns	     27648	80005a04	016eba33	sltu	x20,x29,x22	 x29:0xbd806000 x22:0x00000164 x20=0x00000000
     276515.000 ns	     27650	80005a08	e0078c53	fmv.x.w	x24,f15	 f15:0x00000000 x24=0x00000000
     276555.000 ns	     27654	80005a0c	1060f053	fmul.s	f0,f1,f6	  f1:0x80041024  f6:0x7fc00000  f0=0x7fc00000
     276585.000 ns	     27657	80005a10	0202dbb3	divu	x23,x5,x0	  x5:0x00000000  x0:0x00000000 x23=0xffffffff
     276615.000 ns	     27660	80005a14	e0039153	fclass.s	x2,f7	  f7:0x4f7ff7e4  x2=0x00000040
     276645.000 ns	     27663	80005a18	f00b8753	fmv.w.x	f14,x23	 x23:0xffffffff f14=0xffffffff
     276665.000 ns	     27665	80005a1c	e97132b7	lui	x5,0xe9713	  x5=0xe9713000
     276675.000 ns	     27666	80005a20	0020bb33	sltu	x22,x1,x2	  x1:0x00000000  x2:0x00000040 x22=0x00000001
     276685.000 ns	     27667	80005a24	01917b33	and	x22,x2,x25	  x2:0x00000040 x25:0x80040fe4 x22=0x00000040
     276695.000 ns	     27668	80005a28	e676a713	slti	x14,x13,-409	 x13:0x00000004 x14=0x00000000
     276705.000 ns	     27669	80005a2c	00b93fb3	sltu	x31,x18,x11	 x18:0x00000000 x11:0x7fc00000 x31=0x00000001
     276745.000 ns	     27673	80005a30	090280d3	fsub.s	f1,f5,f16	  f5:0x7f800000 f16:0x00000000  f1=0x7f800000
     276765.000 ns	     27675	80005a34	01896033	or	x0,x18,x24	 x18:0x00000000 x24:0x00000000
     276775.000 ns	     27676	80005a38	c29d8893	addi	x17,x27,-983	 x27:0x80041024 x17=0x80040c4d
     276795.000 ns	     27678	80005a3c	d01b1f53	fcvt.s.wu	f30,x22	 x22:0x00000040 f30=0x42800000
     277165.000 ns	     27715	80005a40	03144d33	div	x26,x8,x17	  x8:0x00000000 x17:0x00000000 x26=0x00000000
     277195.000 ns	     27718	80005a44	f00488d3	fmv.w.x	f17,x9	  x9:0x00000000 f17=0x00000000
     277215.000 ns	     27720	80005a48	40aa89b3	sub	x19,x21,x10	 x21:0x00000000 x10:0x00000000 x19=0x00000000
     277235.000 ns	     27722	80005a4c	e0000653	fmv.x.w	x12,f0	  f0:0x7fc00000 x12=0x7fc00000
     277255.000 ns	     27724	80005a50	407fdd33	sra	x26,x31,x7	 x31:0x00000001  x7:0x00000000 x26=0x00000001
     277265.000 ns	     27725	80005a54	38a8aab7	lui	x21,0x38a8a	 x21=0x38a8a000
     277285.000 ns	     27727	80005a58	0278e2b3	rem	x5,x17,x7	 x17:0x80040c4d  x7:0x00000000  x5=0x80040c4d
     277315.000 ns	     27730	80005a5c	d016ffd3	fcvt.s.wu	f31,x13	 x13:0x00000004 f31=0x40800000
     277345.000 ns	     27733	80005a60	034f5ab3	divu	x21,x30,x20	 x30:0x80041024 x20:0x00000000 x21=0xffffffff
     277365.000 ns	     27735	80005a64	ba28e513	ori	x10,x17,-1118	 x17:0x80040c4d x10=0xffffffef
     277375.000 ns	     27736	80005a68	79253813	sltiu	x16,x10,1938	 x10:0x00000000 x16=0x00000000
     277415.000 ns	     27740	80005a6c	08e92dd3	fsub.s	f27,f18,f14	 f18:0x00000000 f14:0xffffffff f27=0x7fc00000
     277445.000 ns	     27743	80005a70	d01f98d3	fcvt.s.wu	f17,x31	 x31:0x00000001 f17=0x3f800000
     277465.000 ns	     27745	80005a74	011120b3	slt	x1,x2,x17	  x2:0x00000040 x17:0x80040c4d  x1=0x00000000
     277475.000 ns	     27746	80005a78	016a63b3	or	x7,x20,x22	 x20:0x00000000 x22:0x00000040  x7=0x00000040
     277495.000 ns	     27748	80005a7c	a0160dd3	fle.s	x27,f12,f1	 f12:0x80000000  f1:0x7f800000 x27=0x00000001
     277525.000 ns	     27751	80005a80	d00c70d3	fcvt.s.w	f1,x24	 x24:0x00000000  f1=0x00000000
     277545.000 ns	     27753	80005a84	01371793	slli	x15,x14,0x13	 x14:0x00000000 x15=0x00000000
     277565.000 ns	     27755	80005a88	d00df453	fcvt.s.w	f8,x27	 x27:0x00000001  f8=0x3f800000
     277585.000 ns	     27757	80005a8c	2cb38513	addi	x10,x7,715	  x7:0x00000040 x10=0x0000030b
     277595.000 ns	     27758	80005a90	2f714617	auipc	x12,0x2f714	 x12=0xaf719a90
     277605.000 ns	     27759	80005a94	0141e033	or	x0,x3,x20	  x3:0x00000000 x20:0x00000000
     277625.000 ns	     27761	80005a98	216098d3	fsgnjn.s	f17,f1,f22	  f1:0x00000000 f22:0x5e7fefc1 f17=0x80000000
     277645.000 ns	     27763	80005a9c	016c1b13	slli	x22,x24,0x16	 x24:0x00000000 x22=0x00000000
     278005.000 ns	     27799	80005aa0	02d2f2b3	remu	x5,x5,x13	  x5:0x80040c4d x13:0x00000004  x5=0x00000001
     278025.000 ns	     27801	80005aa4	00543d33	sltu	x26,x8,x5	  x8:0x00000000  x5:0x80040c4d x26=0x00000001
     278035.000 ns	     27802	80005aa8	37493293	sltiu	x5,x18,884	 x18:0x00000000  x5=0x00000001
     278045.000 ns	     27803	80005aac	41d9d293	srai	x5,x19,0x1d	 x19:0x00000000  x5=0x00000000
     278055.000 ns	     27804	80005ab0	413f5713	srai	x14,x30,0x13	 x30:0x80041024 x14=0xfffff000
     278065.000 ns	     27805	80005ab4	00db07b3	add	x15,x22,x13	 x22:0x00000000 x13:0x00000004 x15=0x00000004
     278075.000 ns	     27806	80005ab8	409cd013	srai	x0,x25,0x9	 x25:0x80040fe4
     278085.000 ns	     27807	80005abc	41ed54b3	sra	x9,x26,x30	 x26:0x00000001 x30:0x80041024  x9=0x00000000
     278125.000 ns	     27811	80005ac0	0189f8d3	fadd.s	f17,f19,f24	 f19:0x80040fe4 f24:0x80000000 f17=0x80040fe4
     278155.000 ns	     27814	80005ac4	d00140d3	fcvt.s.w	f1,x2	  x2:0x00000040  f1=0x42800000
     278175.000 ns	     27816	80005ac8	1c613913	sltiu	x18,x2,454	  x2:0x00000040 x18=0x00000001
     278195.000 ns	     27818	80005acc	027d04b3	mul	x9,x26,x7	 x26:0x00000001  x7:0x00000040  x9=0x00000040
     278225.000 ns	     27821	80005ad0	20eaabd3	fsgnjx.s	f23,f21,f14	 f21:0xc4ff8000 f14:0xffffffff f23=0x44ff8000
     278595.000 ns	     27858	80005ad4	02db4d33	div	x26,x22,x13	 x22:0x00000000 x13:0x00000004 x26=0x00000000
     278625.000 ns	     27861	80005ad8	a0c40f53	fle.s	x30,f8,f12	  f8:0x3f800000 f12:0x80000000 x30=0x00000000
     278645.000 ns	     27863	80005adc	007605b3	add	x11,x12,x7	 x12:0xaf719a90  x7:0x00000040 x11=0xaf719ad0
     278665.000 ns	     27865	80005ae0	024c9eb3	mulh	x29,x25,x4	 x25:0x80040fe4  x4:0x00000000 x29=0x00000000
     278685.000 ns	     27867	80005ae4	dd927493	andi	x9,x4,-551	  x4:0x00000000  x9=0x00000000
     278695.000 ns	     27868	80005ae8	67714b93	xori	x23,x2,1655	  x2:0x00000040 x23=0x00000637
     278715.000 ns	     27870	80005aec	f0008a53	fmv.w.x	f20,x1	  x1:0x00000000 f20=0x00000000
     278745.000 ns	     27873	80005af0	21f40a53	fsgnj.s	f20,f8,f31	  f8:0x3f800000 f31:0x40800000 f20=0x3f800000
     278765.000 ns	     27875	80005af4	016644b3	xor	x9,x12,x22	 x12:0xaf719a90 x22:0x00000000  x9=0xaf719a90
     278785.000 ns	     27877	80005af8	038aa0b3	mulhsu	x1,x21,x24	 x21:0xffffffff x24:0x00000000  x1=0x00000000
     278805.000 ns	     27879	80005afc	41648d33	sub	x26,x9,x22	  x9:0x00000000 x22:0x00000000 x26=0xaf719a90
     278815.000 ns	     27880	80005b00	009ed213	srli	x4,x29,0x9	 x29:0x00000000  x4=0x00000000
     278825.000 ns	     27881	80005b04	0018a933	slt	x18,x17,x1	 x17:0x80040c4d  x1:0x00000000 x18=0x00000001
     278835.000 ns	     27882	80005b08	8700e413	ori	x8,x1,-1936	  x1:0x00000000  x8=0xfffff870
     278845.000 ns	     27883	80005b0c	3fa4e213	ori	x4,x9,1018	  x9:0xaf719a90  x4=0xaf719bfa
     278855.000 ns	     27884	80005b10	01c365b3	or	x11,x6,x28	  x6:0x80041024 x28:0xf506f533 x11=0xf506f537
     278865.000 ns	     27885	80005b14	f280b417	auipc	x8,0xf280b	  x8=0x72810b14
     278885.000 ns	     27887	80005b18	0251eeb3	rem	x29,x3,x5	  x3:0x00000000  x5:0x00000000 x29=0x00000000
     278905.000 ns	     27889	80005b1c	01ee21b3	slt	x3,x28,x30	 x28:0xf506f533 x30:0x00000000  x3=0x00000001
     278915.000 ns	     27890	80005b20	864adeb7	lui	x29,0x864ad	 x29=0x864ad000
     278925.000 ns	     27891	80005b24	00d35f93	srli	x31,x6,0xd	  x6:0x80041024 x31=0x00040020
     278935.000 ns	     27892	80005b28	a2d20093	addi	x1,x4,-1491	  x4:0xaf719bfa  x1=0xaf719627
     278955.000 ns	     27894	80005b2c	0247b6b3	mulhu	x13,x15,x4	 x15:0x00000004  x4:0xaf719bfa x13=0x00000002
     278995.000 ns	     27898	80005b30	58034d53	fsqrt.s	f26,f6	  f6:0x7fc00000 f26=0x7fc00000
     279015.000 ns	     27900	80005b34	0100deb3	srl	x29,x1,x16	  x1:0xaf719627 x16:0x00000000 x29=0xaf719627
     279375.000 ns	     27936	80005b38	0247d0b3	divu	x1,x15,x4	 x15:0x00000004  x4:0xaf719bfa  x1=0x00000000
     279405.000 ns	     27939	80005b3c	d00cc053	fcvt.s.w	f0,x25	 x25:0x80040fe4  f0=0xcefff7e0
     279425.000 ns	     27941	80005b40	00004bb3	xor	x23,x0,x0	  x0:0x00000000  x0:0x00000000 x23=0x00000000
     279435.000 ns	     27942	80005b44	011240b3	xor	x1,x4,x17	  x4:0xaf719bfa x17:0x80040c4d  x1=0x2f7597b7
     279445.000 ns	     27943	80005b48	016f1fb3	sll	x31,x30,x22	 x30:0x00000000 x22:0x00000000 x31=0x00000000
     279465.000 ns	     27945	80005b4c	29f410d3	fmax.s	f1,f8,f31	  f8:0x3f800000 f31:0x40800000  f1=0x40800000
     279485.000 ns	     27947	80005b50	4a48a513	slti	x10,x17,1188	 x17:0x80040c4d x10=0x00000001
     279505.000 ns	     27949	80005b54	20939153	fsgnjn.s	f2,f7,f9	  f7:0x4f7ff7e4  f9:0x7fc00000  f2=0xcf7ff7e4
     279525.000 ns	     27951	80005b58	002ddd13	srli	x26,x27,0x2	 x27:0x00000001 x26=0x00000000
     279535.000 ns	     27952	80005b5c	5b5d74b7	lui	x9,0x5b5d7	  x9=0x5b5d7000
     279555.000 ns	     27954	80005b60	a06cafd3	feq.s	x31,f25,f6	 f25:0x00000000  f6:0x7fc00000 x31=0x00000000
     279585.000 ns	     27957	80005b64	c01b85d3	fcvt.wu.s	x11,f23	 f23:0x44ff8000 x11=0x000007fc
     279605.000 ns	     27959	80005b68	0063d4b3	srl	x9,x7,x6	  x7:0x00000040  x6:0x80041024  x9=0x00000004
     279625.000 ns	     27961	80005b6c	02052733	mulhsu	x14,x10,x0	 x10:0x00000001  x0:0x00000000 x14=0x00000000
     279645.000 ns	     27963	80005b70	00a31f13	slli	x30,x6,0xa	  x6:0x80041024 x30=0x10409000
     279665.000 ns	     27965	80005b74	02b335b3	mulhu	x11,x6,x11	  x6:0x80041024 x11:0x000007fc x11=0x000003fe
     279695.000 ns	     27968	80005b78	a15120d3	feq.s	x1,f2,f21	  f2:0xcf7ff7e4 f21:0xc4ff8000  x1=0x00000000
     279725.000 ns	     27971	80005b7c	037bf133	remu	x2,x23,x23	 x23:0x00000000 x23:0x00000000  x2=0x00000000
     279745.000 ns	     27973	80005b80	40a602b3	sub	x5,x12,x10	 x12:0xaf719a90 x10:0x00000001  x5=0xaf719a8f
     279765.000 ns	     27975	80005b84	a1f4aed3	feq.s	x29,f9,f31	  f9:0x7fc00000 f31:0x40800000 x29=0x00000000
     279785.000 ns	     27977	80005b88	017908b3	add	x17,x18,x23	 x18:0x00000001 x23:0x00000000 x17=0x00000001
     279825.000 ns	     27981	80005b8c	0994bbd3	fsub.s	f23,f9,f25	  f9:0x7fc00000 f25:0x00000000 f23=0x7fc00000
     280195.000 ns	     28018	80005b90	027ffb33	remu	x22,x31,x7	 x31:0x00000000  x7:0x00000040 x22=0x00000000
     280565.000 ns	     28055	80005b94	0326f933	remu	x18,x13,x18	 x13:0x00000002 x18:0x00000001 x18=0x00000000
     280585.000 ns	     28057	80005b98	00001813	slli	x16,x0,0x0	  x0:0x00000000 x16=0x00000000
     280605.000 ns	     28059	80005b9c	210d0d53	fsgnj.s	f26,f26,f16	 f26:0x7fc00000 f16:0x00000000 f26=0x7fc00000
     280975.000 ns	     28096	80005ba0	035177b3	remu	x15,x2,x21	  x2:0x00000000 x21:0xffffffff x15=0x00000000
     281005.000 ns	     28099	80005ba4	a06113d3	flt.s	x7,f2,f6	  f2:0xcf7ff7e4  f6:0x7fc00000  x7=0x00000000
     281025.000 ns	     28101	80005ba8	0064f033	and	x0,x9,x6	  x9:0x00000004  x6:0x80041024
     281035.000 ns	     28102	80005bac	019a1213	slli	x4,x20,0x19	 x20:0x00000000  x4=0x00000000
     281075.000 ns	     28106	80005bb0	018f24d3	fadd.s	f9,f30,f24	 f30:0x42800000 f24:0x80000000  f9=0x42800000
     281095.000 ns	     28108	80005bb4	014fda93	srli	x21,x31,0x14	 x31:0x00000000 x21=0x00000000
     281105.000 ns	     28109	80005bb8	01f281b3	add	x3,x5,x31	  x5:0xaf719a8f x31:0x00000000  x3=0xaf719a8f
     281145.000 ns	     28113	80005bbc	00ab7ad3	fadd.s	f21,f22,f10	 f22:0x5e7fefc1 f10:0x00000000 f21=0x5e7fefc1
     281165.000 ns	     28115	80005bc0	00e81893	slli	x17,x16,0xe	 x16:0x00000000 x17=0x00000000
     281205.000 ns	     28119	80005bc4	00b1a753	fadd.s	f14,f3,f11	  f3:0x7fc00000 f11:0x00000000 f14=0x7fc00000
     281225.000 ns	     28121	80005bc8	ceaf2eb7	lui	x29,0xceaf2	 x29=0xceaf2000
     281245.000 ns	     28123	80005bcc	d0077253	fcvt.s.w	f4,x14	 x14:0x00000000  f4=0x00000000
     281275.000 ns	     28126	80005bd0	d00a1bd3	fcvt.s.w	f23,x20	 x20:0x00000000 f23=0x00000000
     281295.000 ns	     28128	80005bd4	c895bb13	sltiu	x22,x11,-887	 x11:0x000003fe x22=0x00000001
     281305.000 ns	     28129	80005bd8	80efea13	ori	x20,x31,-2034	 x31:0x00000000 x20=0xfffff80e
     281315.000 ns	     28130	80005bdc	00815433	srl	x8,x2,x8	  x2:0x00000000  x8:0x72810b14  x8=0x00000000
     281335.000 ns	     28132	80005be0	c00996d3	fcvt.w.s	x13,f19	 f19:0x80040fe4 x13=0x00000000
     281355.000 ns	     28134	80005be4	0145f433	and	x8,x11,x20	 x11:0x000003fe x20:0xfffff80e  x8=0x0000000e
     281375.000 ns	     28136	80005be8	037276b3	remu	x13,x4,x23	  x4:0x00000000 x23:0x00000000 x13=0x00000000
     281405.000 ns	     28139	80005bec	f0030ad3	fmv.w.x	f21,x6	  x6:0x80041024 f21=0x80041024
     281445.000 ns	     28143	80005bf0	1156c153	fmul.s	f2,f13,f21	 f13:0x00000000 f21:0x5e7fefc1  f2=0x80000000
     281475.000 ns	     28146	80005bf4	c0197a53	fcvt.wu.s	x20,f18	 f18:0x00000000 x20=0x00000000
     281505.000 ns	     28149	80005bf8	027c9db3	mulh	x27,x25,x7	 x25:0x80040fe4  x7:0x00000000 x27=0x00000000
     281535.000 ns	     28152	80005bfc	025d1a33	mulh	x20,x26,x5	 x26:0x00000000  x5:0xaf719a8f x20=0x00000000
     281575.000 ns	     28156	80005c00	5805b1d3	fsqrt.s	f3,f11	 f11:0x00000000  f3=0x00000000
     281595.000 ns	     28158	80005c04	0080a233	slt	x4,x1,x8	  x1:0x00000000  x8:0x0000000e  x4=0x00000001
     281615.000 ns	     28160	80005c08	211d10d3	fsgnjn.s	f1,f26,f17	 f26:0x7fc00000 f17:0x80040fe4  f1=0x7fc00000
     281645.000 ns	     28163	80005c0c	02428233	mul	x4,x5,x4	  x5:0xaf719a8f  x4:0x00000000  x4=0xaf719a8f
     281685.000 ns	     28167	80005c10	18917653	fdiv.s	f12,f2,f9	  f2:0x80000000  f9:0x42800000 f12=0x80000000
     281715.000 ns	     28170	80005c14	e00b95d3	fclass.s	x11,f23	 f23:0x00000000 x11=0x00000010
     281745.000 ns	     28173	80005c18	0208f133	remu	x2,x17,x0	 x17:0x00000000  x0:0x00000000  x2=0x00000000
     281765.000 ns	     28175	80005c1c	32c47c17	auipc	x24,0x32c47	 x24=0xb2c4cc1c
     281785.000 ns	     28177	80005c20	29350a53	fmin.s	f20,f10,f19	 f10:0x00000000 f19:0x80040fe4 f20=0x80040fe4
     281815.000 ns	     28180	80005c24	024787b3	mul	x15,x15,x4	 x15:0x00000000  x4:0xaf719a8f x15=0x00000000
     281835.000 ns	     28182	80005c28	019b65b3	or	x11,x22,x25	 x22:0x00000001 x25:0x80040fe4 x11=0x80040fe5
     281845.000 ns	     28183	80005c2c	00000013	addi	x0,x0,0	  x0:0x00000000
     281855.000 ns	     28184	80005c30	01d3f5b3	and	x11,x7,x29	  x7:0x00000000 x29:0xceaf2000 x11=0x00000000
     282215.000 ns	     28220	80005c34	0283df33	divu	x30,x7,x8	  x7:0x00000000  x8:0x0000000e x30=0x00000000
     282245.000 ns	     28223	80005c38	295b0353	fmin.s	f6,f22,f21	 f22:0x5e7fefc1 f21:0x80041024  f6=0x80041024
     282285.000 ns	     28227	80005c3c	58001453	fsqrt.s	f8,f0	  f0:0xcefff7e0  f8=0x7fc00000
     282315.000 ns	     28230	80005c40	d0117fd3	fcvt.s.wu	f31,x2	  x2:0x00000000 f31=0x00000000
     282335.000 ns	     28232	80005c44	01978eb3	add	x29,x15,x25	 x15:0x00000000 x25:0x80040fe4 x29=0x80040fe4
     282345.000 ns	     28233	80005c48	01cf33b3	sltu	x7,x30,x28	 x30:0x00000000 x28:0xf506f533  x7=0x00000001
     282355.000 ns	     28234	80005c4c	caaac993	xori	x19,x21,-854	 x21:0x00000000 x19=0xfffffcaa
     282365.000 ns	     28235	80005c50	00673733	sltu	x14,x14,x6	 x14:0x00000000  x6:0x80041024 x14=0x00000001
     282385.000 ns	     28237	80005c54	d01f9ed3	fcvt.s.wu	f29,x31	 x31:0x00000000 f29=0x00000000
     282405.000 ns	     28239	80005c58	4141d7b3	sra	x15,x3,x20	  x3:0xaf719a8f x20:0x00000000 x15=0xaf719a8f
     282425.000 ns	     28241	80005c5c	034e93b3	mulh	x7,x29,x20	 x29:0x80040fe4 x20:0x00000000  x7=0x00000000
     282445.000 ns	     28243	80005c60	aa604d93	xori	x27,x0,-1370	  x0:0x00000000 x27=0xfffffaa6
     282465.000 ns	     28245	80005c64	a1628d53	fle.s	x26,f5,f22	  f5:0x7f800000 f22:0x5e7fefc1 x26=0x00000000
     282485.000 ns	     28247	80005c68	01e40133	add	x2,x8,x30	  x8:0x0000000e x30:0x00000000  x2=0x0000000e
     282505.000 ns	     28249	80005c6c	03ee1eb3	mulh	x29,x28,x30	 x28:0xf506f533 x30:0x00000000 x29=0x00000000
     282525.000 ns	     28251	80005c70	0053a4b3	slt	x9,x7,x5	  x7:0x00000000  x5:0xaf719a8f  x9=0x00000000
     282545.000 ns	     28253	80005c74	f00d0dd3	fmv.w.x	f27,x26	 x26:0x00000000 f27=0x00000000
     282565.000 ns	     28255	80005c78	d3aac4b7	lui	x9,0xd3aac	  x9=0xd3aac000
     282585.000 ns	     28257	80005c7c	034e7a33	remu	x20,x28,x20	 x28:0xf506f533 x20:0x00000000 x20=0xf506f533
     282615.000 ns	     28260	80005c80	03ea32b3	mulhu	x5,x20,x30	 x20:0x00000000 x30:0x00000000  x5=0x00000000
     282635.000 ns	     28262	80005c84	eab9de97	auipc	x29,0xeab9d	 x29=0x6aba2c84
     282665.000 ns	     28265	80005c88	5807fbd3	fsqrt.s	f23,f15	 f15:0x00000000 f23=0x00000000
     282695.000 ns	     28268	80005c8c	21129f53	fsgnjn.s	f30,f5,f17	  f5:0x7f800000 f17:0x80040fe4 f30=0x7f800000
     282715.000 ns	     28270	80005c90	00a8da13	srli	x20,x17,0xa	 x17:0x00000000 x20=0x00000000
     282735.000 ns	     28272	80005c94	037a63b3	rem	x7,x20,x23	 x20:0xf506f533 x23:0x00000000  x7=0x00000000
     283805.000 ns	     28379	80005c98	580b7f53	fsqrt.s	f30,f22	 f22:0x5e7fefc1 f30=0x4eb4f8e9
     283835.000 ns	     28382	80005c9c	c00a31d3	fcvt.w.s	x3,f20	 f20:0x80040fe4  x3=0x00000000
     283855.000 ns	     28384	80005ca0	00000013	addi	x0,x0,0	  x0:0x00000000
     283875.000 ns	     28386	80005ca4	a1560c53	fle.s	x24,f12,f21	 f12:0x80000000 f21:0x80041024 x24=0x00000000
     283895.000 ns	     28388	80005ca8	40815b93	srai	x23,x2,0x8	  x2:0x0000000e x23=0x00000000
     283925.000 ns	     28391	80005cac	580e80d3	fsqrt.s	f1,f29	 f29:0x00000000  f1=0x00000000
     283955.000 ns	     28394	80005cb0	20190253	fsgnj.s	f4,f18,f1	 f18:0x00000000  f1:0x7fc00000  f4=0x00000000
     283985.000 ns	     28397	80005cb4	c00a8453	fcvt.w.s	x8,f21	 f21:0x80041024  x8=0x00000000
     284355.000 ns	     28434	80005cb8	0363fab3	remu	x21,x7,x22	  x7:0x00000000 x22:0x00000001 x21=0x00000000
     284385.000 ns	     28437	80005cbc	d0064fd3	fcvt.s.w	f31,x12	 x12:0xaf719a90 f31=0xcea11ccb
     284755.000 ns	     28474	80005cc0	02c1c833	div	x16,x3,x12	  x3:0x00000000 x12:0xaf719a90 x16=0x00000000
     284795.000 ns	     28478	80005cc4	194ea3d3	fdiv.s	f7,f29,f20	 f29:0x00000000 f20:0x80040fe4  f7=0x80000000
     284815.000 ns	     28480	80005cc8	019753b3	srl	x7,x14,x25	 x14:0x00000001 x25:0x80040fe4  x7=0x00000000
     284835.000 ns	     28482	80005ccc	03382c33	mulhsu	x24,x16,x19	 x16:0x00000000 x19:0xfffffcaa x24=0x00000000
     284865.000 ns	     28485	80005cd0	c0193bd3	fcvt.wu.s	x23,f18	 f18:0x00000000 x23=0x00000000
     284895.000 ns	     28488	80005cd4	21d41fd3	fsgnjn.s	f31,f8,f29	  f8:0x7fc00000 f29:0x00000000 f31=0xffc00000
     284915.000 ns	     28490	80005cd8	40c68133	sub	x2,x13,x12	 x13:0x00000000 x12:0xaf719a90  x2=0x508e6570
     284925.000 ns	     28491	80005cdc	b0f64613	xori	x12,x12,-1265	 x12:0xaf719a90 x12=0x508e619f
     284955.000 ns	     28494	80005ce0	5800bb53	fsqrt.s	f22,f1	  f1:0x00000000 f22=0x00000000
     285325.000 ns	     28531	80005ce4	0295fdb3	remu	x27,x11,x9	 x11:0x00000000  x9:0xd3aac000 x27=0x00000000
     285355.000 ns	     28534	80005ce8	28a190d3	fmax.s	f1,f3,f10	  f3:0x00000000 f10:0x00000000  f1=0x00000000
     285385.000 ns	     28537	80005cec	d01c39d3	fcvt.s.wu	f19,x24	 x24:0x00000000 f19=0x00000000
     285405.000 ns	     28539	80005cf0	004b2733	slt	x14,x22,x4	 x22:0x00000001  x4:0xaf719a8f x14=0x00000000
     285415.000 ns	     28540	80005cf4	01630733	add	x14,x6,x22	  x6:0x80041024 x22:0x00000001 x14=0x80041025
     285425.000 ns	     28541	80005cf8	0010e5b3	or	x11,x1,x1	  x1:0x00000000  x1:0x00000000 x11=0x00000000
     285435.000 ns	     28542	80005cfc	8fa87717	auipc	x14,0x8fa87	 x14=0x0fa8ccfc
     285445.000 ns	     28543	80005d00	d5ce6393	ori	x7,x28,-676	 x28:0xf506f533  x7=0xfffffd7f
     285455.000 ns	     28544	80005d04	09143093	sltiu	x1,x8,145	  x8:0x00000000  x1=0x00000001
     285465.000 ns	     28545	80005d08	cd922637	lui	x12,0xcd922	 x12=0xcd922000
     285475.000 ns	     28546	80005d0c	01d2d533	srl	x10,x5,x29	  x5:0x00000000 x29:0x6aba2c84 x10=0x00000000
     285495.000 ns	     28548	80005d10	28b08053	fmin.s	f0,f1,f11	  f1:0x00000000 f11:0x00000000  f0=0x00000000
     285865.000 ns	     28585	80005d14	0224c133	div	x2,x9,x2	  x9:0xd3aac000  x2:0x508e6570  x2=0x00000000
     285885.000 ns	     28587	80005d18	32314913	xori	x18,x2,803	  x2:0x508e6570 x18=0x00000323
     285905.000 ns	     28589	80005d1c	a19891d3	flt.s	x3,f17,f25	 f17:0x80040fe4 f25:0x00000000  x3=0x00000001
     285955.000 ns	     28594	80005d20	017cced3	fadd.s	f29,f25,f23	 f25:0x00000000 f23:0x00000000 f29=0x00000000
     285975.000 ns	     28596	80005d24	00584c33	xor	x24,x16,x5	 x16:0x00000000  x5:0x00000000 x24=0x00000000
     286005.000 ns	     28599	80005d28	19b8fe53	fdiv.s	f28,f17,f27	 f17:0x80040fe4 f27:0x00000000 f28=0xff800000
     286035.000 ns	     28602	80005d2c	29141b53	fmax.s	f22,f8,f17	  f8:0x7fc00000 f17:0x80040fe4 f22=0x80040fe4
     286075.000 ns	     28606	80005d30	58087c53	fsqrt.s	f24,f16	 f16:0x00000000 f24=0x00000000
     286445.000 ns	     28643	80005d34	027dc9b3	div	x19,x27,x7	 x27:0x00000000  x7:0xfffffd7f x19=0x00000000
     286465.000 ns	     28645	80005d38	005d15b3	sll	x11,x26,x5	 x26:0x00000000  x5:0x00000000 x11=0x00000000
     286475.000 ns	     28646	80005d3c	fc8b3393	sltiu	x7,x22,-56	 x22:0x00000001  x7=0x00000001
     286485.000 ns	     28647	80005d40	55ea8113	addi	x2,x21,1374	 x21:0x00000000  x2=0x0000055e
     286505.000 ns	     28649	80005d44	02ef0db3	mul	x27,x30,x14	 x30:0x00000000 x14:0x0fa8ccfc x27=0x00000000
     286525.000 ns	     28651	80005d48	c3ddf013	andi	x0,x27,-963	 x27:0x00000000
     286545.000 ns	     28653	80005d4c	d00276d3	fcvt.s.w	f13,x4	  x4:0xaf719a8f f13=0xcea11cca
     286595.000 ns	     28658	80005d50	086f3353	fsub.s	f6,f30,f6	 f30:0x4eb4f8e9  f6:0x80041024  f6=0x4eb4f8e9
     286615.000 ns	     28660	80005d54	51db2093	slti	x1,x22,1309	 x22:0x00000001  x1=0x00000001
     286975.000 ns	     28696	80005d58	0268e033	rem	x0,x17,x6	 x17:0x00000000  x6:0x80041024
     287345.000 ns	     28733	80005d5c	0228d733	divu	x14,x17,x2	 x17:0x00000000  x2:0x0000055e x14=0x00000000
     287375.000 ns	     28736	80005d60	037770b3	remu	x1,x14,x23	 x14:0x0fa8ccfc x23:0x00000000  x1=0x00000000
     287395.000 ns	     28738	80005d64	404f8bb3	sub	x23,x31,x4	 x31:0x00000000  x4:0xaf719a8f x23=0x508e6571
     287405.000 ns	     28739	80005d68	008cf533	and	x10,x25,x8	 x25:0x80040fe4  x8:0x00000000 x10=0x00000000
     287415.000 ns	     28740	80005d6c	5889ec13	ori	x24,x19,1416	 x19:0x00000000 x24=0x00000588
     287445.000 ns	     28743	80005d70	580af5d3	fsqrt.s	f11,f21	 f21:0x80041024 f11=0x7fc00000
     287465.000 ns	     28745	80005d74	00c5feb3	and	x29,x11,x12	 x11:0x00000000 x12:0xcd922000 x29=0x00000000
     287475.000 ns	     28746	80005d78	a95d8213	addi	x4,x27,-1387	 x27:0x00000000  x4=0xfffffa95
     287495.000 ns	     28748	80005d7c	216e25d3	fsgnjx.s	f11,f28,f22	 f28:0xff800000 f22:0x80040fe4 f11=0x7f800000
     287515.000 ns	     28750	80005d80	61acb893	sltiu	x17,x25,1562	 x25:0x80040fe4 x17=0x00000000
     287535.000 ns	     28752	80005d84	a12784d3	fle.s	x9,f15,f18	 f15:0x00000000 f18:0x00000000  x9=0x00000001
     287555.000 ns	     28754	80005d88	40995113	srai	x2,x18,0x9	 x18:0x00000323  x2=0x00000001
     287575.000 ns	     28756	80005d8c	03bb7db3	remu	x27,x22,x27	 x22:0x00000001 x27:0x00000000 x27=0x00000001
     287595.000 ns	     28758	80005d90	40c6d133	sra	x2,x13,x12	 x13:0x00000000 x12:0xcd922000  x2=0x00000000
     287605.000 ns	     28759	80005d94	0041d2b3	srl	x5,x3,x4	  x3:0x00000001  x4:0xfffffa95  x5=0x00000000
     287615.000 ns	     28760	80005d98	00d50133	add	x2,x10,x13	 x10:0x00000000 x13:0x00000000  x2=0x00000000
     287625.000 ns	     28761	80005d9c	01bb5833	srl	x16,x22,x27	 x22:0x00000001 x27:0x00000001 x16=0x00000000
     287645.000 ns	     28763	80005da0	e0081a53	fclass.s	x20,f16	 f16:0x00000000 x20=0x00000010
     287675.000 ns	     28766	80005da4	a0a724d3	feq.s	x9,f14,f10	 f14:0x7fc00000 f10:0x00000000  x9=0x00000000
     287705.000 ns	     28769	80005da8	0307f533	remu	x10,x15,x16	 x15:0xaf719a8f x16:0x00000000 x10=0xaf719a8f
     287725.000 ns	     28771	80005dac	00f459b3	srl	x19,x8,x15	  x8:0x00000000 x15:0xaf719a8f x19=0x00000000
     287755.000 ns	     28774	80005db0	116f8753	fmul.s	f14,f31,f22	 f31:0xffc00000 f22:0x80040fe4 f14=0x7fc00000
     287775.000 ns	     28776	80005db4	6f9e3917	auipc	x18,0x6f9e3	 x18=0xef9e8db4
     287795.000 ns	     28778	80005db8	28439253	fmax.s	f4,f7,f4	  f7:0x80000000  f4:0x00000000  f4=0x00000000
     287815.000 ns	     28780	80005dbc	9be56813	ori	x16,x10,-1602	 x10:0xaf719a8f x16=0xfffffbbf
     287855.000 ns	     28784	80005dc0	012c9353	fadd.s	f6,f25,f18	 f25:0x00000000 f18:0x00000000  f6=0x00000000
     287875.000 ns	     28786	80005dc4	9c6a6893	ori	x17,x20,-1594	 x20:0x00000010 x17=0xfffff9d6
     287895.000 ns	     28788	80005dc8	f0098e53	fmv.w.x	f28,x19	 x19:0x00000000 f28=0x00000000
     287915.000 ns	     28790	80005dcc	01012fb3	slt	x31,x2,x16	  x2:0x00000000 x16:0xfffffbbf x31=0x00000000
     287925.000 ns	     28791	80005dd0	40695593	srai	x11,x18,0x6	 x18:0xef9e8db4 x11=0xffbe7a36
     287955.000 ns	     28794	80005dd4	18577553	fdiv.s	f10,f14,f5	 f14:0x7fc00000  f5:0x7f800000 f10=0x7fc00000
     287975.000 ns	     28796	80005dd8	01baceb3	xor	x29,x21,x27	 x21:0x00000000 x27:0x00000001 x29=0x00000001
     287995.000 ns	     28798	80005ddc	28061853	fmax.s	f16,f12,f0	 f12:0x80000000  f0:0x00000000 f16=0x00000000
     288045.000 ns	     28803	80005de0	096ef9d3	fsub.s	f19,f29,f22	 f29:0x00000000 f22:0x80040fe4 f19=0x00040fe4
     289225.000 ns	     28921	80005de4	5809fc53	fsqrt.s	f24,f19	 f19:0x00000000 f24=0x1f3ac312
     289255.000 ns	     28924	80005de8	e0060753	fmv.x.w	x14,f12	 f12:0x80000000 x14=0x80000000
     289285.000 ns	     28927	80005dec	e00c1d53	fclass.s	x26,f24	 f24:0x1f3ac312 x26=0x00000040
     289335.000 ns	     28932	80005df0	000cf9d3	fadd.s	f19,f25,f0	 f25:0x00000000  f0:0x00000000 f19=0x00000000
     289385.000 ns	     28937	80005df4	08c518d3	fsub.s	f17,f10,f12	 f10:0x7fc00000 f12:0x80000000 f17=0x7fc00000
     289405.000 ns	     28939	80005df8	0043cc33	xor	x24,x7,x4	  x7:0x00000001  x4:0xfffffa95 x24=0xfffffa94
     289425.000 ns	     28941	80005dfc	e00d0a53	fmv.x.w	x20,f26	 f26:0x7fc00000 x20=0x7fc00000
     289445.000 ns	     28943	80005e00	00bbb8b3	sltu	x17,x23,x11	 x23:0x508e6571 x11:0xffbe7a36 x17=0x00000001
     289455.000 ns	     28944	80005e04	0115c693	xori	x13,x11,17	 x11:0xffbe7a36 x13=0xffbe7a27
     289475.000 ns	     28946	80005e08	201f1253	fsgnjn.s	f4,f30,f1	 f30:0x4eb4f8e9  f1:0x00000000  f4=0xceb4f8e9
     289515.000 ns	     28950	80005e0c	580978d3	fsqrt.s	f17,f18	 f18:0x00000000 f17=0x00000000
     289535.000 ns	     28952	80005e10	01b974b3	and	x9,x18,x27	 x18:0xef9e8db4 x27:0x00000001  x9=0x00000000
     289545.000 ns	     28953	80005e14	005fd9b3	srl	x19,x31,x5	 x31:0x00000000  x5:0x00000000 x19=0x00000000
     289565.000 ns	     28955	80005e18	21f52453	fsgnjx.s	f8,f10,f31	 f10:0x7fc00000 f31:0xffc00000  f8=0xffc00000
     289595.000 ns	     28958	80005e1c	293a8653	fmin.s	f12,f21,f19	 f21:0x80041024 f19:0x00000000 f12=0x80041024
     289615.000 ns	     28960	80005e20	00000013	addi	x0,x0,0	  x0:0x00000000
     289635.000 ns	     28962	80005e24	21698453	fsgnj.s	f8,f19,f22	 f19:0x00000000 f22:0x80040fe4  f8=0x80000000
     289655.000 ns	     28964	80005e28	01626833	or	x16,x4,x22	  x4:0xfffffa95 x22:0x00000001 x16=0xfffffa95
     289665.000 ns	     28965	80005e2c	0156df33	srl	x30,x13,x21	 x13:0xffbe7a27 x21:0x00000000 x30=0xffbe7a27
     289685.000 ns	     28967	80005e30	21a88653	fsgnj.s	f12,f17,f26	 f17:0x00000000 f26:0x7fc00000 f12=0x00000000
     289705.000 ns	     28969	80005e34	00000013	addi	x0,x0,0	  x0:0x00000000
     289725.000 ns	     28971	80005e38	d01dfad3	fcvt.s.wu	f21,x27	 x27:0x00000001 f21=0x3f800000
     289755.000 ns	     28974	80005e3c	a1c7a9d3	feq.s	x19,f15,f28	 f15:0x00000000 f28:0x00000000 x19=0x00000001
     289775.000 ns	     28976	80005e40	16e34993	xori	x19,x6,366	  x6:0x80041024 x19=0x8004114a
     289785.000 ns	     28977	80005e44	011ad633	srl	x12,x21,x17	 x21:0x00000000 x17:0x00000001 x12=0x00000000
     289825.000 ns	     28981	80005e48	091773d3	fsub.s	f7,f14,f17	 f14:0x7fc00000 f17:0x00000000  f7=0x7fc00000
     289855.000 ns	     28984	80005e4c	02154fb3	div	x31,x10,x1	 x10:0xaf719a8f  x1:0x00000000 x31=0xffffffff
     290225.000 ns	     29021	80005e50	03775b33	divu	x22,x14,x23	 x14:0x80000000 x23:0x508e6571 x22=0x00000001
     290265.000 ns	     29025	80005e54	58091ed3	fsqrt.s	f29,f18	 f18:0x00000000 f29=0x00000000
     290285.000 ns	     29027	80005e58	018f83b3	add	x7,x31,x24	 x31:0xffffffff x24:0xfffffa94  x7=0xfffffa93
     290295.000 ns	     29028	80005e5c	9a0d9697	auipc	x13,0x9a0d9	 x13=0x1a0dee5c
     290315.000 ns	     29030	80005e60	c0080dd3	fcvt.w.s	x27,f16	 f16:0x00000000 x27=0x00000000
     290345.000 ns	     29033	80005e64	209491d3	fsgnjn.s	f3,f9,f9	  f9:0x42800000  f9:0x42800000  f3=0xc2800000
     290375.000 ns	     29036	80005e68	a1c92653	feq.s	x12,f18,f28	 f18:0x00000000 f28:0x00000000 x12=0x00000001
     290745.000 ns	     29073	80005e6c	0377c6b3	div	x13,x15,x23	 x15:0xaf719a8f x23:0x508e6571 x13=0xffffffff
     290765.000 ns	     29075	80005e70	1343a613	slti	x12,x7,308	  x7:0xfffffa93 x12=0x00000001
     290785.000 ns	     29077	80005e74	28500053	fmin.s	f0,f0,f5	  f0:0x00000000  f5:0x7f800000  f0=0x00000000
     290825.000 ns	     29081	80005e78	19fb26d3	fdiv.s	f13,f22,f31	 f22:0x80040fe4 f31:0xffc00000 f13=0x7fc00000
     290875.000 ns	     29086	80005e7c	008b1153	fadd.s	f2,f22,f8	 f22:0x80040fe4  f8:0x80000000  f2=0x80040fe4
     290915.000 ns	     29090	80005e80	58057753	fsqrt.s	f14,f10	 f10:0x7fc00000 f14=0x7fc00000
     290945.000 ns	     29093	80005e84	0201f7b3	remu	x15,x3,x0	  x3:0x00000001  x0:0x00000000 x15=0x00000001
     290965.000 ns	     29095	80005e88	00872ab3	slt	x21,x14,x8	 x14:0x80000000  x8:0x00000000 x21=0x00000001
     290985.000 ns	     29097	80005e8c	20ab1bd3	fsgnjn.s	f23,f22,f10	 f22:0x80040fe4 f10:0x7fc00000 f23=0x80040fe4
     291355.000 ns	     29134	80005e90	03a4da33	divu	x20,x9,x26	  x9:0x00000000 x26:0x00000040 x20=0x00000000
     291375.000 ns	     29136	80005e94	00a71413	slli	x8,x14,0xa	 x14:0x80000000  x8=0x00000000
     291395.000 ns	     29138	80005e98	c002ced3	fcvt.w.s	x29,f5	  f5:0x7f800000 x29=0x7fffffff
     291765.000 ns	     29175	80005e9c	02bf64b3	rem	x9,x30,x11	 x30:0xffbe7a27 x11:0xffbe7a36  x9=0xfffffff1
     291785.000 ns	     29177	80005ea0	019c8233	add	x4,x25,x25	 x25:0x80040fe4 x25:0x80040fe4  x4=0x00081fc8
     291795.000 ns	     29178	80005ea4	0073cf33	xor	x30,x7,x7	  x7:0xfffffa93  x7:0xfffffa93 x30=0x00000000
     291815.000 ns	     29180	80005ea8	02de12b3	mulh	x5,x28,x13	 x28:0xf506f533 x13:0xffffffff  x5=0x00000000
     291845.000 ns	     29183	80005eac	a1c62453	feq.s	x8,f12,f28	 f12:0x00000000 f28:0x00000000  x8=0x00000001
     291865.000 ns	     29185	80005eb0	64e6ad97	auipc	x27,0x64e6a	 x27=0xe4e6feb0
     291875.000 ns	     29186	80005eb4	01b6f7b3	and	x15,x13,x27	 x13:0xffffffff x27:0x00000000 x15=0xe4e6feb0
     292235.000 ns	     29222	80005eb8	03dacb33	div	x22,x21,x29	 x21:0x00000001 x29:0x7fffffff x22=0x00000000
     292275.000 ns	     29226	80005ebc	10333153	fmul.s	f2,f6,f3	  f6:0x00000000  f3:0xc2800000  f2=0x80000000
     292315.000 ns	     29230	80005ec0	18e1b353	fdiv.s	f6,f3,f14	  f3:0xc2800000 f14:0x7fc00000  f6=0x7fc00000
     292345.000 ns	     29233	80005ec4	211d9953	fsgnjn.s	f18,f27,f17	 f27:0x00000000 f17:0x00000000 f18=0x80000000
     292365.000 ns	     29235	80005ec8	41208733	sub	x14,x1,x18	  x1:0x00000000 x18:0xef9e8db4 x14=0x1061724c
     292395.000 ns	     29238	80005ecc	104ac7d3	fmul.s	f15,f21,f4	 f21:0x3f800000  f4:0xceb4f8e9 f15=0xceb4f8ea
     292415.000 ns	     29240	80005ed0	01df0f33	add	x30,x30,x29	 x30:0x00000000 x29:0x7fffffff x30=0x7fffffff
     292435.000 ns	     29242	80005ed4	28071653	fmax.s	f12,f14,f0	 f14:0x7fc00000  f0:0x00000000 f12=0x00000000
     292455.000 ns	     29244	80005ed8	b9054993	xori	x19,x10,-1136	 x10:0xaf719a8f x19=0x508e611f
     292465.000 ns	     29245	80005edc	01a8e433	or	x8,x17,x26	 x17:0x00000001 x26:0x00000040  x8=0x00000041
     292475.000 ns	     29246	80005ee0	8f2ac693	xori	x13,x21,-1806	 x21:0x00000001 x13=0xfffff8f3
     292495.000 ns	     29248	80005ee4	29c580d3	fmin.s	f1,f11,f28	 f11:0x7f800000 f28:0x00000000  f1=0x00000000
     292525.000 ns	     29251	80005ee8	21362953	fsgnjx.s	f18,f12,f19	 f12:0x00000000 f19:0x00000000 f18=0x00000000
     292555.000 ns	     29254	80005eec	a0400253	fle.s	x4,f0,f4	  f0:0x00000000  f4:0xceb4f8e9  x4=0x00000000
     292575.000 ns	     29256	80005ef0	41125ab3	sra	x21,x4,x17	  x4:0x00081fc8 x17:0x00000001 x21=0x00000000
     292585.000 ns	     29257	80005ef4	01b8d7b3	srl	x15,x17,x27	 x17:0x00000001 x27:0xe4e6feb0 x15=0x00000000
     292595.000 ns	     29258	80005ef8	15722a17	auipc	x20,0x15722	 x20=0x95727ef8
     292615.000 ns	     29260	80005efc	a12b9953	flt.s	x18,f23,f18	 f23:0x80040fe4 f18:0x00000000 x18=0x00000001
     292635.000 ns	     29262	80005f00	003bf533	and	x10,x23,x3	 x23:0x508e6571  x3:0x00000001 x10=0x00000001
     292675.000 ns	     29266	80005f04	080042d3	fsub.s	f5,f0,f0	  f0:0x00000000  f0:0x00000000  f5=0x80000000
     292705.000 ns	     29269	80005f08	032835b3	mulhu	x11,x16,x18	 x16:0xfffffa95 x18:0x00000001 x11=0x00000000
     292755.000 ns	     29274	80005f0c	08bd7ed3	fsub.s	f29,f26,f11	 f26:0x7fc00000 f11:0x7f800000 f29=0x7fc00000
     292785.000 ns	     29277	80005f10	29329ed3	fmax.s	f29,f5,f19	  f5:0x80000000 f19:0x00000000 f29=0x00000000
     292815.000 ns	     29280	80005f14	f0000e53	fmv.w.x	f28,x0	  x0:0x00000000 f28=0x00000000
     293185.000 ns	     29317	80005f18	03b0c933	div	x18,x1,x27	  x1:0x00000000 x27:0xe4e6feb0 x18=0x00000000
     293215.000 ns	     29320	80005f1c	03a880b3	mul	x1,x17,x26	 x17:0x00000001 x26:0x00000040  x1=0x00000040
     293245.000 ns	     29323	80005f20	290412d3	fmax.s	f5,f8,f16	  f8:0x80000000 f16:0x00000000  f5=0x00000000
     293275.000 ns	     29326	80005f24	02fb2733	mulhsu	x14,x22,x15	 x22:0x00000000 x15:0x00000000 x14=0x00000000
     293305.000 ns	     29329	80005f28	a12d2753	feq.s	x14,f26,f18	 f26:0x7fc00000 f18:0x00000000 x14=0x00000000
     293325.000 ns	     29331	80005f2c	41168a33	sub	x20,x13,x17	 x13:0xfffff8f3 x17:0x00000001 x20=0xfffff8f2
     293335.000 ns	     29332	80005f30	0061e533	or	x10,x3,x6	  x3:0x00000001  x6:0x80041024 x10=0x80041025
     293355.000 ns	     29334	80005f34	d01546d3	fcvt.s.wu	f13,x10	 x10:0x00000001 f13=0x4f000410
     293375.000 ns	     29336	80005f38	01e98bb3	add	x23,x19,x30	 x19:0x508e611f x30:0x7fffffff x23=0xd08e611e
     293385.000 ns	     29337	80005f3c	63564993	xori	x19,x12,1589	 x12:0x00000001 x19=0x00000634
     293395.000 ns	     29338	80005f40	0b8fb913	sltiu	x18,x31,184	 x31:0xffffffff x18=0x00000000
     293415.000 ns	     29340	80005f44	03d812b3	mulh	x5,x16,x29	 x16:0xfffffa95 x29:0x7fffffff  x5=0xfffffd4a
     293785.000 ns	     29377	80005f48	02d7f933	remu	x18,x15,x13	 x15:0x00000000 x13:0xfffff8f3 x18=0x00000000
     293805.000 ns	     29379	80005f4c	003b45b3	xor	x11,x22,x3	 x22:0x00000000  x3:0x00000001 x11=0x00000001
     293825.000 ns	     29381	80005f50	d015c853	fcvt.s.wu	f16,x11	 x11:0x00000000 f16=0x3f800000
     293845.000 ns	     29383	80005f54	019bc633	xor	x12,x23,x25	 x23:0xd08e611e x25:0x80040fe4 x12=0x508a6efa
     293865.000 ns	     29385	80005f58	d015f153	fcvt.s.wu	f2,x11	 x11:0x00000001  f2=0x3f800000
     293895.000 ns	     29388	80005f5c	e00580d3	fmv.x.w	x1,f11	 f11:0x7f800000  x1=0x7f800000
     293935.000 ns	     29392	80005f60	191e77d3	fdiv.s	f15,f28,f17	 f28:0x00000000 f17:0x00000000 f15=0x7fc00000
     293965.000 ns	     29395	80005f64	02e649b3	div	x19,x12,x14	 x12:0x508a6efa x14:0x00000000 x19=0xffffffff
     293995.000 ns	     29398	80005f68	027f8733	mul	x14,x31,x7	 x31:0xffffffff  x7:0xfffffa93 x14=0x0000056d
     294015.000 ns	     29400	80005f6c	be390113	addi	x2,x18,-1053	 x18:0x00000000  x2=0xfffffbe3
     294025.000 ns	     29401	80005f70	41f5d513	srai	x10,x11,0x1f	 x11:0x00000001 x10=0x00000000
     294035.000 ns	     29402	80005f74	718e4993	xori	x19,x28,1816	 x28:0xf506f533 x19=0xf506f22b
     294045.000 ns	     29403	80005f78	417987b3	sub	x15,x19,x23	 x19:0xffffffff x23:0xd08e611e x15=0x2478910d
     294055.000 ns	     29404	80005f7c	0015f433	and	x8,x11,x1	 x11:0x00000001  x1:0x7f800000  x8=0x00000000
     294075.000 ns	     29406	80005f80	035a4ab3	div	x21,x20,x21	 x20:0xfffff8f2 x21:0x00000000 x21=0xffffffff
     294095.000 ns	     29408	80005f84	014dc033	xor	x0,x27,x20	 x27:0xe4e6feb0 x20:0xfffff8f2
     294115.000 ns	     29410	80005f88	02aea433	mulhsu	x8,x29,x10	 x29:0x7fffffff x10:0x00000000  x8=0x00000000
     294485.000 ns	     29447	80005f8c	03c56433	rem	x8,x10,x28	 x10:0x00000000 x28:0xf506f533  x8=0x00000000
     294855.000 ns	     29484	80005f90	030ecc33	div	x24,x29,x16	 x29:0x7fffffff x16:0xfffffa95 x24=0xffe85ffb
     294875.000 ns	     29486	80005f94	00dff533	and	x10,x31,x13	 x31:0xffffffff x13:0xfffff8f3 x10=0xfffff8f3
     294885.000 ns	     29487	80005f98	00b0d533	srl	x10,x1,x11	  x1:0x7f800000 x11:0x00000001 x10=0x3fc00000
     294905.000 ns	     29489	80005f9c	0284dbb3	divu	x23,x9,x8	  x9:0xfffffff1  x8:0x00000000 x23=0xffffffff
     294935.000 ns	     29492	80005fa0	03ed3bb3	mulhu	x23,x26,x30	 x26:0x00000040 x30:0x7fffffff x23=0x0000001f
     294965.000 ns	     29495	80005fa4	a0368b53	fle.s	x22,f13,f3	 f13:0x4f000410  f3:0xc2800000 x22=0x00000000
     294995.000 ns	     29498	80005fa8	a009aa53	feq.s	x20,f19,f0	 f19:0x00000000  f0:0x00000000 x20=0x00000001
     295025.000 ns	     29501	80005fac	e00112d3	fclass.s	x5,f2	  f2:0x3f800000  x5=0x00000040
     295055.000 ns	     29504	80005fb0	20ad2553	fsgnjx.s	f10,f26,f10	 f26:0x7fc00000 f10:0x7fc00000 f10=0x7fc00000
     295075.000 ns	     29506	80005fb4	a27f5437	lui	x8,0xa27f5	  x8=0xa27f5000
     295105.000 ns	     29509	80005fb8	10898fd3	fmul.s	f31,f19,f8	 f19:0x00000000  f8:0x80000000 f31=0x80000000
     295145.000 ns	     29513	80005fbc	10270553	fmul.s	f10,f14,f2	 f14:0x7fc00000  f2:0x3f800000 f10=0x7fc00000
     295175.000 ns	     29516	80005fc0	c0113d53	fcvt.wu.s	x26,f2	  f2:0x3f800000 x26=0x00000001
     295545.000 ns	     29553	80005fc4	02645733	divu	x14,x8,x6	  x8:0xa27f5000  x6:0x80041024 x14=0x00000001
     295565.000 ns	     29555	80005fc8	3d8a2213	slti	x4,x20,984	 x20:0x00000001  x4=0x00000001
     295575.000 ns	     29556	80005fcc	92bc3c13	sltiu	x24,x24,-1749	 x24:0xffe85ffb x24=0x00000001
     295585.000 ns	     29557	80005fd0	01bb51b3	srl	x3,x22,x27	 x22:0x00000000 x27:0xe4e6feb0  x3=0x00000000
     295595.000 ns	     29558	80005fd4	01a0a033	slt	x0,x1,x26	  x1:0x7f800000 x26:0x00000001
     295615.000 ns	     29560	80005fd8	a08b8fd3	fle.s	x31,f23,f8	 f23:0x80040fe4  f8:0x80000000 x31=0x00000001
     295635.000 ns	     29562	80005fdc	00000013	addi	x0,x0,0	  x0:0x00000000
     295645.000 ns	     29563	80005fe0	41c0dfb3	sra	x31,x1,x28	  x1:0x7f800000 x28:0xf506f533 x31=0x00000ff0
     295655.000 ns	     29564	80005fe4	191f7717	auipc	x14,0x191f7	 x14=0x991fcfe4
     295665.000 ns	     29565	80005fe8	00a6df93	srli	x31,x13,0xa	 x13:0xfffff8f3 x31=0x003ffffe
     295705.000 ns	     29569	80005fec	08c7ffd3	fsub.s	f31,f15,f12	 f15:0x7fc00000 f12:0x00000000 f31=0x7fc00000
     295725.000 ns	     29571	80005ff0	00a31733	sll	x14,x6,x10	  x6:0x80041024 x10:0x3fc00000 x14=0x80041024
     295755.000 ns	     29574	80005ff4	58042b53	fsqrt.s	f22,f8	  f8:0x80000000 f22=0x80000000
     295775.000 ns	     29576	80005ff8	2b1b4193	xori	x3,x22,689	 x22:0x00000000  x3=0x000002b1
     295805.000 ns	     29579	80005ffc	18c6f553	fdiv.s	f10,f13,f12	 f13:0x4f000410 f12:0x00000000 f10=0x7f800000
     295845.000 ns	     29583	80006000	11eb00d3	fmul.s	f1,f22,f30	 f22:0x80000000 f30:0x4eb4f8e9  f1=0x80000000
     295875.000 ns	     29586	80006004	212202d3	fsgnj.s	f5,f4,f18	  f4:0xceb4f8e9 f18:0x00000000  f5=0x4eb4f8e9
     295895.000 ns	     29588	80006008	518ba813	slti	x16,x23,1304	 x23:0x0000001f x16=0x00000001
     295915.000 ns	     29590	8000600c	29c41e53	fmax.s	f28,f8,f28	  f8:0x80000000 f28:0x00000000 f28=0x00000000
     295945.000 ns	     29593	80006010	28a20ed3	fmin.s	f29,f4,f10	  f4:0xceb4f8e9 f10:0x7f800000 f29=0xceb4f8e9
     295975.000 ns	     29596	80006014	c0050753	fcvt.w.s	x14,f10	 f10:0x7f800000 x14=0x7fffffff
     295995.000 ns	     29598	80006018	2c9b0493	addi	x9,x22,713	 x22:0x00000000  x9=0x000002c9
     296035.000 ns	     29602	8000601c	0978f6d3	fsub.s	f13,f17,f23	 f17:0x00000000 f23:0x80040fe4 f13=0x00040fe4
     296065.000 ns	     29605	80006020	a15e9453	flt.s	x8,f29,f21	 f29:0xceb4f8e9 f21:0x3f800000  x8=0x00000001
     296085.000 ns	     29607	80006024	9f8b0c13	addi	x24,x22,-1544	 x22:0x00000000 x24=0xfffff9f8
     296105.000 ns	     29609	80006028	d015f5d3	fcvt.s.wu	f11,x11	 x11:0x00000001 f11=0x3f800000
     296125.000 ns	     29611	8000602c	00fa9393	slli	x7,x21,0xf	 x21:0xffffffff  x7=0xffff8000
     296485.000 ns	     29647	80006030	02c6e4b3	rem	x9,x13,x12	 x13:0xfffff8f3 x12:0x508a6efa  x9=0xfffff8f3
     296505.000 ns	     29649	80006034	0028e4b3	or	x9,x17,x2	 x17:0x00000001  x2:0xfffffbe3  x9=0xfffffbe3
     296525.000 ns	     29651	80006038	214226d3	fsgnjx.s	f13,f4,f20	  f4:0xceb4f8e9 f20:0x80040fe4 f13=0x4eb4f8e9
     296545.000 ns	     29653	8000603c	a1d0aa13	slti	x20,x1,-1507	  x1:0x7f800000 x20=0x00000000
     296555.000 ns	     29654	80006040	b76f8213	addi	x4,x31,-1162	 x31:0x003ffffe  x4=0x003ffb74
     296575.000 ns	     29656	80006044	c002ffd3	fcvt.w.s	x31,f5	  f5:0x4eb4f8e9 x31=0x5a7c7480
     296595.000 ns	     29658	80006048	015be9b3	or	x19,x23,x21	 x23:0x0000001f x21:0xffffffff x19=0xffffffff
     296605.000 ns	     29659	8000604c	00685393	srli	x7,x16,0x6	 x16:0x00000001  x7=0x00000000
     296615.000 ns	     29660	80006050	404e5233	sra	x4,x28,x4	 x28:0xf506f533  x4:0x003ffb74  x4=0xffffff50
     296975.000 ns	     29696	80006054	02a6e4b3	rem	x9,x13,x10	 x13:0xfffff8f3 x10:0x3fc00000  x9=0xfffff8f3
     297005.000 ns	     29699	80006058	029c9c33	mulh	x24,x25,x9	 x25:0x80040fe4  x9:0xfffffbe3 x24=0x00000386
     297035.000 ns	     29702	8000605c	d00b9553	fcvt.s.w	f10,x23	 x23:0x0000001f f10=0x41f80000
     297065.000 ns	     29705	80006060	2159aed3	fsgnjx.s	f29,f19,f21	 f19:0x00000000 f21:0x3f800000 f29=0x00000000
     297085.000 ns	     29707	80006064	75d5e913	ori	x18,x11,1885	 x11:0x00000001 x18=0x0000075d
     297105.000 ns	     29709	80006068	e00d0953	fmv.x.w	x18,f26	 f26:0x7fc00000 x18=0x7fc00000
     297125.000 ns	     29711	8000606c	01a33233	sltu	x4,x6,x26	  x6:0x80041024 x26:0x00000001  x4=0x00000000
     297145.000 ns	     29713	80006070	f00d0cd3	fmv.w.x	f25,x26	 x26:0x00000001 f25=0x00000001
     297185.000 ns	     29717	80006074	18947cd3	fdiv.s	f25,f8,f9	  f8:0x80000000  f9:0x42800000 f25=0x80000000
     297205.000 ns	     29719	80006078	01712bb3	slt	x23,x2,x23	  x2:0xfffffbe3 x23:0x0000001f x23=0x00000001
     297215.000 ns	     29720	8000607c	01f0cc33	xor	x24,x1,x31	  x1:0x7f800000 x31:0x5a7c7480 x24=0x25fc7480
     297235.000 ns	     29722	80006080	c0013753	fcvt.w.s	x14,f2	  f2:0x3f800000 x14=0x00000001
     297255.000 ns	     29724	80006084	008a6f33	or	x30,x20,x8	 x20:0x00000000  x8:0x00000001 x30=0x00000001
     297615.000 ns	     29760	80006088	02c668b3	rem	x17,x12,x12	 x12:0x508a6efa x12:0x508a6efa x17=0x00000000
     297655.000 ns	     29764	8000608c	18acb1d3	fdiv.s	f3,f25,f10	 f25:0x80000000 f10:0x41f80000  f3=0x80000000
     297685.000 ns	     29767	80006090	294a9953	fmax.s	f18,f21,f20	 f21:0x3f800000 f20:0x80040fe4 f18=0x3f800000
     297715.000 ns	     29770	80006094	c00a49d3	fcvt.w.s	x19,f20	 f20:0x80040fe4 x19=0x00000000
     297735.000 ns	     29772	80006098	8e8d8d93	addi	x27,x27,-1816	 x27:0xe4e6feb0 x27=0xe4e6f798
     297755.000 ns	     29774	8000609c	280a0ed3	fmin.s	f29,f20,f0	 f20:0x80040fe4  f0:0x00000000 f29=0x80040fe4
     297775.000 ns	     29776	800060a0	c97b4e93	xori	x29,x22,-873	 x22:0x00000000 x29=0xfffffc97
     297795.000 ns	     29778	800060a4	21090353	fsgnj.s	f6,f18,f16	 f18:0x3f800000 f16:0x3f800000  f6=0x3f800000
     297825.000 ns	     29781	800060a8	0363fab3	remu	x21,x7,x22	  x7:0x00000000 x22:0x00000000 x21=0x00000000
     298195.000 ns	     29818	800060ac	03f668b3	rem	x17,x12,x31	 x12:0x508a6efa x31:0x5a7c7480 x17=0x508a6efa
     298535.000 ns	     29852	800060b0	195bf3d3	fdiv.s	f7,f23,f21	 f23:0x80040fe4 f21:0x3f800000  f7=0x80000000
     298555.000 ns	     29854	800060b4	c369e713	ori	x14,x19,-970	 x19:0x00000000 x14=0xfffffc36
     298575.000 ns	     29856	800060b8	c0147453	fcvt.wu.s	x8,f8	  f8:0x80000000  x8=0x00000000
     298595.000 ns	     29858	800060bc	0e96f293	andi	x5,x13,233	 x13:0xfffff8f3  x5=0x000000e1
     298615.000 ns	     29860	800060c0	29301d53	fmax.s	f26,f0,f19	  f0:0x00000000 f19:0x00000000 f26=0x00000000
     298665.000 ns	     29865	800060c4	011081d3	fadd.s	f3,f1,f17	  f1:0x80000000 f17:0x00000000  f3=0x00000000
     298685.000 ns	     29867	800060c8	f4e5b093	sltiu	x1,x11,-178	 x11:0x00000001  x1=0x00000001
     298705.000 ns	     29869	800060cc	f00f0853	fmv.w.x	f16,x30	 x30:0x00000001 f16=0x00000001
     298725.000 ns	     29871	800060d0	e2f7b093	sltiu	x1,x15,-465	 x15:0x2478910d  x1=0x00000001
     298745.000 ns	     29873	800060d4	21f083d3	fsgnj.s	f7,f1,f31	  f1:0x80000000 f31:0x7fc00000  f7=0x00000000
     298765.000 ns	     29875	800060d8	0064e933	or	x18,x9,x6	  x9:0xfffff8f3  x6:0x80041024 x18=0xfffff8f7
     298775.000 ns	     29876	800060dc	31b76413	ori	x8,x14,795	 x14:0xfffffc36  x8=0xffffff3f
     298785.000 ns	     29877	800060e0	005d2f33	slt	x30,x26,x5	 x26:0x00000001  x5:0x000000e1 x30=0x00000001
     298795.000 ns	     29878	800060e4	01bd07b3	add	x15,x26,x27	 x26:0x00000001 x27:0xe4e6f798 x15=0xe4e6f799
     298815.000 ns	     29880	800060e8	f00307d3	fmv.w.x	f15,x6	  x6:0x80041024 f15=0x80041024
     298835.000 ns	     29882	800060ec	01ee1a33	sll	x20,x28,x30	 x28:0xf506f533 x30:0x00000001 x20=0xea0dea66
     298855.000 ns	     29884	800060f0	20951d53	fsgnjn.s	f26,f10,f9	 f10:0x41f80000  f9:0x42800000 f26=0xc1f80000
     298875.000 ns	     29886	800060f4	419587b3	sub	x15,x11,x25	 x11:0x00000001 x25:0x80040fe4 x15=0x7ffbf01d
     298885.000 ns	     29887	800060f8	011b1b13	slli	x22,x22,0x11	 x22:0x00000000 x22=0x00000000
     298905.000 ns	     29889	800060fc	e0061b53	fclass.s	x22,f12	 f12:0x00000000 x22=0x00000010
     298925.000 ns	     29891	80006100	345b3b93	sltiu	x23,x22,837	 x22:0x00000000 x23=0x00000001
     299285.000 ns	     29927	80006104	03bc5f33	divu	x30,x24,x27	 x24:0x25fc7480 x27:0xe4e6f798 x30=0x00000000
     299315.000 ns	     29930	80006108	290083d3	fmin.s	f7,f1,f16	  f1:0x80000000 f16:0x00000001  f7=0x80000000
     299335.000 ns	     29932	8000610c	417d0f33	sub	x30,x26,x23	 x26:0x00000001 x23:0x00000001 x30=0x00000000
     299345.000 ns	     29933	80006110	008c6db3	or	x27,x24,x8	 x24:0x25fc7480  x8:0xffffff3f x27=0xffffffbf
     299355.000 ns	     29934	80006114	01c82eb3	slt	x29,x16,x28	 x16:0x00000001 x28:0xf506f533 x29=0x00000000
     300525.000 ns	     30051	80006118	580af6d3	fsqrt.s	f13,f21	 f21:0x3f800000 f13=0x3f7fffae
     300575.000 ns	     30056	8000611c	00a081d3	fadd.s	f3,f1,f10	  f1:0x80000000 f10:0x41f80000  f3=0x41f80000
     300605.000 ns	     30059	80006120	d00bf053	fcvt.s.w	f0,x23	 x23:0x00000001  f0=0x3f800000
     300625.000 ns	     30061	80006124	2f2cf013	andi	x0,x25,754	 x25:0x80040fe4
     300645.000 ns	     30063	80006128	21a082d3	fsgnj.s	f5,f1,f26	  f1:0x80000000 f26:0xc1f80000  f5=0x80000000
     300675.000 ns	     30066	8000612c	03661db3	mulh	x27,x12,x22	 x12:0x508a6efa x22:0x00000010 x27=0x00000005
     300705.000 ns	     30069	80006130	a0608ad3	fle.s	x21,f1,f6	  f1:0x80000000  f6:0x3f800000 x21=0x00000001
     300735.000 ns	     30072	80006134	c0027bd3	fcvt.w.s	x23,f4	  f4:0xceb4f8e9 x23=0x5a7c7480
     300785.000 ns	     30077	80006138	0941f9d3	fsub.s	f19,f3,f20	  f3:0x41f80000 f20:0x80040fe4 f19=0x41f80000
     300805.000 ns	     30079	8000613c	dc99f3b7	lui	x7,0xdc99f	  x7=0xdc99f000
     300825.000 ns	     30081	80006140	037b9733	mulh	x14,x23,x23	 x23:0x5a7c7480 x23:0x5a7c7480 x14=0x1ffbbe6b
     300845.000 ns	     30083	80006144	f6d6b793	sltiu	x15,x13,-147	 x13:0xfffff8f3 x15=0x00000001
     300855.000 ns	     30084	80006148	0095d9b3	srl	x19,x11,x9	 x11:0x00000001  x9:0xfffff8f3 x19=0x00000000
     300895.000 ns	     30088	8000614c	09c04853	fsub.s	f16,f0,f28	  f0:0x3f800000 f28:0x00000000 f16=0x3f800000
     300925.000 ns	     30091	80006150	0395abb3	mulhsu	x23,x11,x25	 x11:0x00000001 x25:0x80040fe4 x23=0x00000000
     300955.000 ns	     30094	80006154	c017fb53	fcvt.wu.s	x22,f15	 f15:0x80041024 x22=0x00000000
     300975.000 ns	     30096	80006158	400d55b3	sra	x11,x26,x0	 x26:0x00000001  x0:0x00000000 x11=0x00000001
     300985.000 ns	     30097	8000615c	007053b3	srl	x7,x0,x7	  x0:0x00000000  x7:0xdc99f000  x7=0x00000000
     301025.000 ns	     30101	80006160	094cf3d3	fsub.s	f7,f25,f20	 f25:0x80000000 f20:0x80040fe4  f7=0x00040fe4
     301055.000 ns	     30104	80006164	e00b0ad3	fmv.x.w	x21,f22	 f22:0x80000000 x21=0x80000000
     301425.000 ns	     30141	80006168	030fc5b3	div	x11,x31,x16	 x31:0x5a7c7480 x16:0x00000001 x11=0x5a7c7480
     301445.000 ns	     30143	8000616c	4a4a2697	auipc	x13,0x4a4a2	 x13=0xca4a816c
     301465.000 ns	     30145	80006170	02de20b3	mulhsu	x1,x28,x13	 x28:0xf506f533 x13:0xfffff8f3  x1=0xf7544bf0
     301495.000 ns	     30148	80006174	d012b8d3	fcvt.s.wu	f17,x5	  x5:0x000000e1 f17=0x43610000
     301525.000 ns	     30151	80006178	a19c25d3	feq.s	x11,f24,f25	 f24:0x1f3ac312 f25:0x80000000 x11=0x00000000
     301555.000 ns	     30154	8000617c	c00075d3	fcvt.w.s	x11,f0	  f0:0x3f800000 x11=0x00000001
     301575.000 ns	     30156	80006180	01c262b3	or	x5,x4,x28	  x4:0x00000000 x28:0xf506f533  x5=0xf506f533
     301595.000 ns	     30158	80006184	0369a933	mulhsu	x18,x19,x22	 x19:0x00000000 x22:0x00000000 x18=0x00000000
     301615.000 ns	     30160	80006188	01c58e97	auipc	x29,0x1c58	 x29=0x81c5e188
     301625.000 ns	     30161	8000618c	417ad893	srai	x17,x21,0x17	 x21:0x80000000 x17=0xffffff00
     301635.000 ns	     30162	80006190	4110d833	sra	x16,x1,x17	  x1:0xf7544bf0 x17:0x508a6efa x16=0xf7544bf0
     301645.000 ns	     30163	80006194	a8532093	slti	x1,x6,-1403	  x6:0x80041024  x1=0x00000001
     301665.000 ns	     30165	80006198	a0e009d3	fle.s	x19,f0,f14	  f0:0x3f800000 f14:0x7fc00000 x19=0x00000000
     301695.000 ns	     30168	8000619c	285f10d3	fmax.s	f1,f30,f5	 f30:0x4eb4f8e9  f5:0x80000000  f1=0x4eb4f8e9
     301715.000 ns	     30170	800061a0	0188c033	xor	x0,x17,x24	 x17:0xffffff00 x24:0x25fc7480
     301735.000 ns	     30172	800061a4	d00710d3	fcvt.s.w	f1,x14	 x14:0x1ffbbe6b  f1=0x4dffddf3
     301765.000 ns	     30175	800061a8	03e728b3	mulhsu	x17,x14,x30	 x14:0x1ffbbe6b x30:0x00000000 x17=0x00000000
     301795.000 ns	     30178	800061ac	033fb133	mulhu	x2,x31,x19	 x31:0x5a7c7480 x19:0x00000000  x2=0x00000000
     301815.000 ns	     30180	800061b0	2641e493	ori	x9,x3,612	  x3:0x000002b1  x9=0x000002f5
     301835.000 ns	     30182	800061b4	036d14b3	mulh	x9,x26,x22	 x26:0x00000001 x22:0x00000000  x9=0x00000000
     301855.000 ns	     30184	800061b8	00a5f833	and	x16,x11,x10	 x11:0x00000001 x10:0x3fc00000 x16=0x00000000
     301875.000 ns	     30186	800061bc	a01d9153	flt.s	x2,f27,f1	 f27:0x00000000  f1:0x4dffddf3  x2=0x00000001
     301895.000 ns	     30188	800061c0	9194f393	andi	x7,x9,-1767	  x9:0x00000000  x7=0x00000000
     301905.000 ns	     30189	800061c4	01541633	sll	x12,x8,x21	  x8:0xffffff3f x21:0x80000000 x12=0xffffff3f
     301925.000 ns	     30191	800061c8	a0531953	flt.s	x18,f6,f5	  f6:0x3f800000  f5:0x80000000 x18=0x00000000
     301955.000 ns	     30194	800061cc	e00c05d3	fmv.x.w	x11,f24	 f24:0x1f3ac312 x11=0x1f3ac312
     301985.000 ns	     30197	800061d0	d0162553	fcvt.s.wu	f10,x12	 x12:0xffffff3f f10=0x4f800000
     302005.000 ns	     30199	800061d4	416f5493	srai	x9,x30,0x16	 x30:0x00000000  x9=0x00000000
     302025.000 ns	     30201	800061d8	21ea2dd3	fsgnjx.s	f27,f20,f30	 f20:0x80040fe4 f30:0x4eb4f8e9 f27=0x80040fe4
     302055.000 ns	     30204	800061dc	c0119ed3	fcvt.wu.s	x29,f3	  f3:0x41f80000 x29=0x0000001f
     302085.000 ns	     30207	800061e0	f0050053	fmv.w.x	f0,x10	 x10:0x3fc00000  f0=0x3fc00000
     302115.000 ns	     30210	800061e4	21740753	fsgnj.s	f14,f8,f23	  f8:0x80000000 f23:0x80040fe4 f14=0x80000000
     302135.000 ns	     30212	800061e8	00b94b33	xor	x22,x18,x11	 x18:0x00000000 x11:0x1f3ac312 x22=0x1f3ac312
     302495.000 ns	     30248	800061ec	035fe1b3	rem	x3,x31,x21	 x31:0x5a7c7480 x21:0x80000000  x3=0x5a7c7480
     302525.000 ns	     30251	800061f0	c00dfd53	fcvt.w.s	x26,f27	 f27:0x80040fe4 x26=0x00000000
     302545.000 ns	     30253	800061f4	0143aeb3	slt	x29,x7,x20	  x7:0x00000000 x20:0xea0dea66 x29=0x00000000
     302555.000 ns	     30254	800061f8	45baf813	andi	x16,x21,1115	 x21:0x80000000 x16=0x00000000
     302575.000 ns	     30256	800061fc	03ef6f33	rem	x30,x30,x30	 x30:0x00000000 x30:0x00000000 x30=0x00000000
     302595.000 ns	     30258	80006200	00000013	addi	x0,x0,0	  x0:0x00000000
     302955.000 ns	     30294	80006204	02c7d633	divu	x12,x15,x12	 x15:0x00000001 x12:0xffffff3f x12=0x00000000
     302985.000 ns	     30297	80006208	d01b0dd3	fcvt.s.wu	f27,x22	 x22:0x1f3ac312 f27=0x4df9d619
     303325.000 ns	     30331	8000620c	19b5f653	fdiv.s	f12,f11,f27	 f11:0x3f800000 f27:0x80040fe4 f12=0x31000000
     303355.000 ns	     30334	80006210	e0051653	fclass.s	x12,f10	 f10:0x4f800000 x12=0x00000040
     304535.000 ns	     30452	80006214	580c4c53	fsqrt.s	f24,f24	 f24:0x1f3ac312 f24=0x2f040f74
     304555.000 ns	     30454	80006218	7a49fb17	auipc	x22,0x7a49f	 x22=0xfa4a5218
     304565.000 ns	     30455	8000621c	00b99b13	slli	x22,x19,0xb	 x19:0x00000000 x22=0x00000000
     304585.000 ns	     30457	80006220	a1112953	feq.s	x18,f2,f17	  f2:0x3f800000 f17:0x43610000 x18=0x00000000
     304625.000 ns	     30461	80006224	18e8aed3	fdiv.s	f29,f17,f14	 f17:0x43610000 f14:0x80000000 f29=0xff800000
     304655.000 ns	     30464	80006228	02bf8833	mul	x16,x31,x11	 x31:0x5a7c7480 x11:0x1f3ac312 x16=0x0e7db100
     304685.000 ns	     30467	8000622c	c0147c53	fcvt.wu.s	x24,f8	  f8:0x80000000 x24=0x00000000
     305055.000 ns	     30504	80006230	02b0c233	div	x4,x1,x11	  x1:0x00000001 x11:0x1f3ac312  x4=0x00000000
     305085.000 ns	     30507	80006234	c0167ad3	fcvt.wu.s	x21,f12	 f12:0x31000000 x21=0x00000000
     305115.000 ns	     30510	80006238	c00721d3	fcvt.w.s	x3,f14	 f14:0x80000000  x3=0x00000000
     305145.000 ns	     30513	8000623c	031c8b33	mul	x22,x25,x17	 x25:0x80040fe4 x17:0x00000000 x22=0x00000000
     305175.000 ns	     30516	80006240	02380c33	mul	x24,x16,x3	 x16:0x0e7db100  x3:0x00000000 x24=0x00000000
     305195.000 ns	     30518	80006244	00000013	addi	x0,x0,0	  x0:0x00000000
     305205.000 ns	     30519	80006248	015b5933	srl	x18,x22,x21	 x22:0x00000000 x21:0x00000000 x18=0x00000000
     305225.000 ns	     30521	8000624c	03ae1433	mulh	x8,x28,x26	 x28:0xf506f533 x26:0x00000000  x8=0x00000000
     305245.000 ns	     30523	80006250	00f01233	sll	x4,x0,x15	  x0:0x00000000 x15:0x00000001  x4=0x00000000
     305255.000 ns	     30524	80006254	56f2e413	ori	x8,x5,1391	  x5:0xf506f533  x8=0xf506f57f
     305265.000 ns	     30525	80006258	01b9dab3	srl	x21,x19,x27	 x19:0x00000000 x27:0x00000005 x21=0x00000000
     305305.000 ns	     30529	8000625c	08eb79d3	fsub.s	f19,f22,f14	 f22:0x80000000 f14:0x80000000 f19=0x00000000
     305325.000 ns	     30531	80006260	a55aa913	slti	x18,x21,-1451	 x21:0x00000000 x18=0x00000000
     305345.000 ns	     30533	80006264	d01cf6d3	fcvt.s.wu	f13,x25	 x25:0x80040fe4 f13=0x4f00040f
     305365.000 ns	     30535	80006268	6c672417	auipc	x8,0x6c672	  x8=0xec678268
     305385.000 ns	     30537	8000626c	209181d3	fsgnj.s	f3,f3,f9	  f3:0x41f80000  f9:0x42800000  f3=0x41f80000
     305405.000 ns	     30539	80006270	400203b3	sub	x7,x4,x0	  x4:0x00000000  x0:0x00000000  x7=0x00000000
     305425.000 ns	     30541	80006274	21eb03d3	fsgnj.s	f7,f22,f30	 f22:0x80000000 f30:0x4eb4f8e9  f7=0x00000000
     305455.000 ns	     30544	80006278	e0099953	fclass.s	x18,f19	 f19:0x00000000 x18=0x00000010
     305485.000 ns	     30547	8000627c	293a90d3	fmax.s	f1,f21,f19	 f21:0x3f800000 f19:0x00000000  f1=0x3f800000
     305535.000 ns	     30552	80006280	00450f53	fadd.s	f30,f10,f4	 f10:0x4f800000  f4:0xceb4f8e9 f30=0x4f25838b
     305565.000 ns	     30555	80006284	03bbb7b3	mulhu	x15,x23,x27	 x23:0x00000000 x27:0x00000005 x15=0x00000000
     305595.000 ns	     30558	80006288	208928d3	fsgnjx.s	f17,f18,f8	 f18:0x3f800000  f8:0x80000000 f17=0xbf800000
     305615.000 ns	     30560	8000628c	408e0fb3	sub	x31,x28,x8	 x28:0xf506f533  x8:0xec678268 x31=0x089f72cb
     305655.000 ns	     30564	80006290	097ecbd3	fsub.s	f23,f29,f23	 f29:0xff800000 f23:0x80040fe4 f23=0xff800000
     305705.000 ns	     30569	80006294	01f42f53	fadd.s	f30,f8,f31	  f8:0x80000000 f31:0x7fc00000 f30=0x7fc00000
     305735.000 ns	     30572	80006298	a18f1dd3	flt.s	x27,f30,f24	 f30:0x4f25838b f24:0x2f040f74 x27=0x00000000
     305765.000 ns	     30575	8000629c	e00d03d3	fmv.x.w	x7,f26	 f26:0xc1f80000  x7=0xc1f80000
     305795.000 ns	     30578	800062a0	f0078cd3	fmv.w.x	f25,x15	 x15:0x00000000 f25=0x00000000
     305825.000 ns	     30581	800062a4	28200a53	fmin.s	f20,f0,f2	  f0:0x3fc00000  f2:0x3f800000 f20=0x3f800000
     305855.000 ns	     30584	800062a8	0331b0b3	mulhu	x1,x3,x19	  x3:0x00000000 x19:0x00000000  x1=0x00000000
     305895.000 ns	     30588	800062ac	58077553	fsqrt.s	f10,f14	 f14:0x80000000 f10=0x80000000
     305915.000 ns	     30590	800062b0	92e46b93	ori	x23,x8,-1746	  x8:0xec678268 x23=0xfffffb6e
     305925.000 ns	     30591	800062b4	00cbbf33	sltu	x30,x23,x12	 x23:0x00000000 x12:0x00000040 x30=0x00000000
     305935.000 ns	     30592	800062b8	41c1d833	sra	x16,x3,x28	  x3:0x00000000 x28:0xf506f533 x16=0x00000000
     305955.000 ns	     30594	800062bc	20222353	fsgnjx.s	f6,f4,f2	  f4:0xceb4f8e9  f2:0x3f800000  f6=0xceb4f8e9
     306295.000 ns	     30628	800062c0	192814d3	fdiv.s	f9,f16,f18	 f16:0x3f800000 f18:0x3f800000  f9=0x3f7fff38
     306315.000 ns	     30630	800062c4	006335b3	sltu	x11,x6,x6	  x6:0x80041024  x6:0x80041024 x11=0x00000000
     306325.000 ns	     30631	800062c8	00519633	sll	x12,x3,x5	  x3:0x00000000  x5:0xf506f533 x12=0x00000000
     306335.000 ns	     30632	800062cc	1163b413	sltiu	x8,x7,278	  x7:0xc1f80000  x8=0x00000000
     306345.000 ns	     30633	800062d0	04a04193	xori	x3,x0,74	  x0:0x00000000  x3=0x0000004a
     306355.000 ns	     30634	800062d4	175a3c13	sltiu	x24,x20,373	 x20:0xea0dea66 x24=0x00000000
     306365.000 ns	     30635	800062d8	f8043897	auipc	x17,0xf8043	 x17=0x780492d8
     306375.000 ns	     30636	800062dc	40e15a13	srai	x20,x2,0xe	  x2:0x00000001 x20=0x00000000
     306385.000 ns	     30637	800062e0	00ae90b3	sll	x1,x29,x10	 x29:0x00000000 x10:0x3fc00000  x1=0x00000000
     306395.000 ns	     30638	800062e4	01ad0bb3	add	x23,x26,x26	 x26:0x00000000 x26:0x00000000 x23=0x00000000
     306415.000 ns	     30640	800062e8	025ca233	mulhsu	x4,x25,x5	 x25:0x80040fe4  x5:0xf506f533  x4=0x858068b7
     306435.000 ns	     30642	800062ec	00e02eb3	slt	x29,x0,x14	  x0:0x00000000 x14:0x1ffbbe6b x29=0x00000001
     306445.000 ns	     30643	800062f0	7bbbb717	auipc	x14,0x7bbbb	 x14=0xfbbc12f0
     306465.000 ns	     30645	800062f4	02338833	mul	x16,x7,x3	  x7:0xc1f80000  x3:0x0000004a x16=0x11b00000
     306515.000 ns	     30650	800062f8	083075d3	fsub.s	f11,f0,f3	  f0:0x3fc00000  f3:0x41f80000 f11=0xc1ec0000
     306535.000 ns	     30652	800062fc	00dd9893	slli	x17,x27,0xd	 x27:0x00000000 x17=0x00000000
     306555.000 ns	     30654	80006300	e0068753	fmv.x.w	x14,f13	 f13:0x4f00040f x14=0x4f00040f
     306585.000 ns	     30657	80006304	f00d0453	fmv.w.x	f8,x26	 x26:0x00000000  f8=0x00000000
     306625.000 ns	     30661	80006308	1089fcd3	fmul.s	f25,f19,f8	 f19:0x00000000  f8:0x80000000 f25=0x00000000
     306645.000 ns	     30663	8000630c	007ff133	and	x2,x31,x7	 x31:0x089f72cb  x7:0xc1f80000  x2=0x00980000
     306665.000 ns	     30665	80006310	e0011f53	fclass.s	x30,f2	  f2:0x3f800000 x30=0x00000040
     306695.000 ns	     30668	80006314	a16115d3	flt.s	x11,f2,f22	  f2:0x3f800000 f22:0x80000000 x11=0x00000000
     306715.000 ns	     30670	80006318	9ced0993	addi	x19,x26,-1586	 x26:0x00000000 x19=0xfffff9ce
     306745.000 ns	     30673	8000631c	11e87153	fmul.s	f2,f16,f30	 f16:0x3f800000 f30:0x7fc00000  f2=0x7fc00000
     306775.000 ns	     30676	80006320	a0411853	flt.s	x16,f2,f4	  f2:0x3f800000  f4:0xceb4f8e9 x16=0x00000000
     306795.000 ns	     30678	80006324	b33ab9b7	lui	x19,0xb33ab	 x19=0xb33ab000
     306805.000 ns	     30679	80006328	01101093	slli	x1,x0,0x11	  x0:0x00000000  x1=0x00000000
     306815.000 ns	     30680	8000632c	016e27b3	slt	x15,x28,x22	 x28:0xf506f533 x22:0x00000000 x15=0x00000001
     306825.000 ns	     30681	80006330	a91b6393	ori	x7,x22,-1391	 x22:0x00000000  x7=0xfffffa91
     306855.000 ns	     30684	80006334	18351553	fdiv.s	f10,f10,f3	 f10:0x80000000  f3:0x41f80000 f10=0x80000000
     306885.000 ns	     30687	80006338	03451133	mulh	x2,x10,x20	 x10:0x3fc00000 x20:0x00000000  x2=0x00000000
     306925.000 ns	     30691	8000633c	19dbcfd3	fdiv.s	f31,f23,f29	 f23:0xff800000 f29:0xff800000 f31=0x7fc00000
     306955.000 ns	     30694	80006340	e00580d3	fmv.x.w	x1,f11	 f11:0xc1ec0000  x1=0xc1ec0000
     306975.000 ns	     30696	80006344	00000013	addi	x0,x0,0	  x0:0x00000000
     307005.000 ns	     30699	80006348	10cf7953	fmul.s	f18,f30,f12	 f30:0x7fc00000 f12:0x31000000 f18=0x7fc00000
     307025.000 ns	     30701	8000634c	00000013	addi	x0,x0,0	  x0:0x00000000
     307035.000 ns	     30702	80006350	00000013	addi	x0,x0,0	  x0:0x00000000
     307055.000 ns	     30704	80006354	f00606d3	fmv.w.x	f13,x12	 x12:0x00000000 f13=0x00000000
     307085.000 ns	     30707	80006358	29229753	fmax.s	f14,f5,f18	  f5:0x80000000 f18:0x7fc00000 f14=0x80000000
     307105.000 ns	     30709	8000635c	00351233	sll	x4,x10,x3	 x10:0x3fc00000  x3:0x0000004a  x4=0x00000000
     307125.000 ns	     30711	80006360	282f9e53	fmax.s	f28,f31,f2	 f31:0x7fc00000  f2:0x7fc00000 f28=0x7fc00000
     307145.000 ns	     30713	80006364	bbf82e93	slti	x29,x16,-1089	 x16:0x00000000 x29=0x00000000
     307165.000 ns	     30715	80006368	e00d8753	fmv.x.w	x14,f27	 f27:0x4df9d619 x14=0x4df9d619
     307195.000 ns	     30718	8000636c	024f5633	divu	x12,x30,x4	 x30:0x00000040  x4:0x00000000 x12=0xffffffff
     307215.000 ns	     30720	80006370	e3ff3393	sltiu	x7,x30,-449	 x30:0x00000040  x7=0x00000001
     307225.000 ns	     30721	80006374	00356033	or	x0,x10,x3	 x10:0x3fc00000  x3:0x0000004a
     307235.000 ns	     30722	80006378	4bcadb97	auipc	x23,0x4bcad	 x23=0xcbcb3378
     307255.000 ns	     30724	8000637c	e00c80d3	fmv.x.w	x1,f25	 f25:0x00000000  x1=0x00000000
     307285.000 ns	     30727	80006380	f00b0ed3	fmv.w.x	f29,x22	 x22:0x00000000 f29=0x00000000
     307305.000 ns	     30729	80006384	01b6a733	slt	x14,x13,x27	 x13:0xca4a816c x27:0x00000000 x14=0x00000001
     307325.000 ns	     30731	80006388	c018ffd3	fcvt.wu.s	x31,f17	 f17:0xbf800000 x31=0x00000001
     307345.000 ns	     30733	8000638c	41475093	srai	x1,x14,0x14	 x14:0x4df9d619  x1=0x00000000
     307365.000 ns	     30735	80006390	a1949553	flt.s	x10,f9,f25	  f9:0x3f7fff38 f25:0x00000000 x10=0x00000000
     307385.000 ns	     30737	80006394	018a8733	add	x14,x21,x24	 x21:0x00000000 x24:0x00000000 x14=0x00000000
     307395.000 ns	     30738	80006398	083a5e97	auipc	x29,0x83a5	 x29=0x883ab398
     307405.000 ns	     30739	8000639c	41995433	sra	x8,x18,x25	 x18:0x00000010 x25:0x80040fe4  x8=0x00000001
     307425.000 ns	     30741	800063a0	02956433	rem	x8,x10,x9	 x10:0x00000000  x9:0x00000000  x8=0x00000000
     307445.000 ns	     30743	800063a4	01278633	add	x12,x15,x18	 x15:0x00000001 x18:0x00000010 x12=0x00000011
     307465.000 ns	     30745	800063a8	29849dd3	fmax.s	f27,f9,f24	  f9:0x3f7fff38 f24:0x2f040f74 f27=0x3f7fff38
     307485.000 ns	     30747	800063ac	9aa02593	slti	x11,x0,-1622	  x0:0x00000000 x11=0x00000000
     307845.000 ns	     30783	800063b0	03ffd7b3	divu	x15,x31,x31	 x31:0x00000001 x31:0x00000001 x15=0x00000001
     307865.000 ns	     30785	800063b4	00e5d113	srli	x2,x11,0xe	 x11:0x00000000  x2=0x00000000
     307885.000 ns	     30787	800063b8	21531cd3	fsgnjn.s	f25,f6,f21	  f6:0xceb4f8e9 f21:0x3f800000 f25=0xceb4f8e9
     307915.000 ns	     30790	800063bc	203daed3	fsgnjx.s	f29,f27,f3	 f27:0x3f7fff38  f3:0x41f80000 f29=0x3f7fff38
     307935.000 ns	     30792	800063c0	4d147793	andi	x15,x8,1233	  x8:0x00000000 x15=0x00000000
     307955.000 ns	     30794	800063c4	a0c12d53	feq.s	x26,f2,f12	  f2:0x7fc00000 f12:0x31000000 x26=0x00000000
     307985.000 ns	     30797	800063c8	a1070253	fle.s	x4,f14,f16	 f14:0x80000000 f16:0x3f800000  x4=0x00000001
     308015.000 ns	     30800	800063cc	a132aed3	feq.s	x29,f5,f19	  f5:0x80000000 f19:0x00000000 x29=0x00000001
     308035.000 ns	     30802	800063d0	0135c0b3	xor	x1,x11,x19	 x11:0x00000000 x19:0xb33ab000  x1=0xb33ab000
     308055.000 ns	     30804	800063d4	209a9053	fsgnjn.s	f0,f21,f9	 f21:0x3f800000  f9:0x3f7fff38  f0=0xbf800000
     308085.000 ns	     30807	800063d8	d01648d3	fcvt.s.wu	f17,x12	 x12:0x00000011 f17=0x41880000
     308115.000 ns	     30810	800063dc	02be0633	mul	x12,x28,x11	 x28:0xf506f533 x11:0x00000000 x12=0x00000000
     308135.000 ns	     30812	800063e0	dad41937	lui	x18,0xdad41	 x18=0xdad41000
     308145.000 ns	     30813	800063e4	ab852f13	slti	x30,x10,-1352	 x10:0x00000000 x30=0x00000000
     308165.000 ns	     30815	800063e8	a07b2a53	feq.s	x20,f22,f7	 f22:0x80000000  f7:0x00000000 x20=0x00000001
     308195.000 ns	     30818	800063ec	e0029853	fclass.s	x16,f5	  f5:0x80000000 x16=0x00000008
     308215.000 ns	     30820	800063f0	0191b633	sltu	x12,x3,x25	  x3:0x0000004a x25:0x80040fe4 x12=0x00000001
     308235.000 ns	     30822	800063f4	02703b33	mulhu	x22,x0,x7	  x0:0x00000000  x7:0x00000001 x22=0x00000000
     308255.000 ns	     30824	800063f8	40315593	srai	x11,x2,0x3	  x2:0x00000000 x11=0x00000000
     308275.000 ns	     30826	800063fc	282f07d3	fmin.s	f15,f30,f2	 f30:0x7fc00000  f2:0x7fc00000 f15=0x7fc00000
     308305.000 ns	     30829	80006400	d007ad53	fcvt.s.w	f26,x15	 x15:0x00000000 f26=0x00000000
     308335.000 ns	     30832	80006404	e00c9f53	fclass.s	x30,f25	 f25:0xceb4f8e9 x30=0x00000002
     308355.000 ns	     30834	80006408	401303b3	sub	x7,x6,x1	  x6:0x80041024  x1:0xb33ab000  x7=0xccc96024
     308375.000 ns	     30836	8000640c	214d23d3	fsgnjx.s	f7,f26,f20	 f26:0x00000000 f20:0x3f800000  f7=0x00000000
     308395.000 ns	     30838	80006410	6b557937	lui	x18,0x6b557	 x18=0x6b557000
     308415.000 ns	     30840	80006414	029735b3	mulhu	x11,x14,x9	 x14:0x00000000  x9:0x00000000 x11=0x00000000
     308445.000 ns	     30843	80006418	e00e9053	fclass.s	x0,f29	 f29:0x3f7fff38
     308475.000 ns	     30846	8000641c	02d12633	mulhsu	x12,x2,x13	  x2:0x00000000 x13:0xca4a816c x12=0x00000000
     308505.000 ns	     30849	80006420	287c16d3	fmax.s	f13,f24,f7	 f24:0x2f040f74  f7:0x00000000 f13=0x2f040f74
     308535.000 ns	     30852	80006424	289d8c53	fmin.s	f24,f27,f9	 f27:0x3f7fff38  f9:0x3f7fff38 f24=0x3f7fff38
     308565.000 ns	     30855	80006428	022101b3	mul	x3,x2,x2	  x2:0x00000000  x2:0x00000000  x3=0x00000000
     308585.000 ns	     30857	8000642c	009455b3	srl	x11,x8,x9	  x8:0x00000000  x9:0x00000000 x11=0x00000000
     308605.000 ns	     30859	80006430	d015a7d3	fcvt.s.wu	f15,x11	 x11:0x00000000 f15=0x00000000
     308635.000 ns	     30862	80006434	03c3a1b3	mulhsu	x3,x7,x28	  x7:0xccc96024 x28:0xf506f533  x3=0xcefb54ad
     308675.000 ns	     30866	80006438	188e7053	fdiv.s	f0,f28,f8	 f28:0x7fc00000  f8:0x00000000  f0=0x7fc00000
     308705.000 ns	     30869	8000643c	291b9e53	fmax.s	f28,f23,f17	 f23:0xff800000 f17:0x41880000 f28=0x41880000
     308725.000 ns	     30871	80006440	0194f8b3	and	x17,x9,x25	  x9:0x00000000 x25:0x80040fe4 x17=0x00000000
     308745.000 ns	     30873	80006444	e0061bd3	fclass.s	x23,f12	 f12:0x31000000 x23=0x00000040
     308765.000 ns	     30875	80006448	aa862413	slti	x8,x12,-1368	 x12:0x00000000  x8=0x00000000
     309125.000 ns	     30911	8000644c	02d5ffb3	remu	x31,x11,x13	 x11:0x00000000 x13:0xca4a816c x31=0x00000000
     309145.000 ns	     30913	80006450	013b1213	slli	x4,x22,0x13	 x22:0x00000000  x4=0x00000000
     309165.000 ns	     30915	80006454	a0b5a653	feq.s	x12,f11,f11	 f11:0xc1ec0000 f11:0xc1ec0000 x12=0x00000001
     309185.000 ns	     30917	80006458	01455413	srli	x8,x10,0x14	 x10:0x00000000  x8=0x00000000
     309195.000 ns	     30918	8000645c	00ff1993	slli	x19,x30,0xf	 x30:0x00000002 x19=0x00010000
     309205.000 ns	     30919	80006460	a67b6a13	ori	x20,x22,-1433	 x22:0x00000000 x20=0xfffffa67
     309215.000 ns	     30920	80006464	d2270113	addi	x2,x14,-734	 x14:0x00000000  x2=0xfffffd22
     309225.000 ns	     30921	80006468	964767b7	lui	x15,0x96476	 x15=0x96476000
     309245.000 ns	     30923	8000646c	02d305b3	mul	x11,x6,x13	  x6:0x80041024 x13:0xca4a816c x11=0x2040f330
     309265.000 ns	     30925	80006470	daa73437	lui	x8,0xdaa73	  x8=0xdaa73000
     309275.000 ns	     30926	80006474	01b9b933	sltu	x18,x19,x27	 x19:0x00010000 x27:0x00000000 x18=0x00000000
     309295.000 ns	     30928	80006478	21469ed3	fsgnjn.s	f29,f13,f20	 f13:0x2f040f74 f20:0x3f800000 f29=0xaf040f74
     309325.000 ns	     30931	8000647c	d00628d3	fcvt.s.w	f17,x12	 x12:0x00000001 f17=0x3f800000
     309355.000 ns	     30934	80006480	c010f253	fcvt.wu.s	x4,f1	  f1:0x3f800000  x4=0x00000001
     309385.000 ns	     30937	80006484	28178bd3	fmin.s	f23,f15,f1	 f15:0x00000000  f1:0x3f800000 f23=0x00000000
     309415.000 ns	     30940	80006488	a1cf83d3	fle.s	x7,f31,f28	 f31:0x7fc00000 f28:0x41880000  x7=0x00000000
     309435.000 ns	     30942	8000648c	019158b3	srl	x17,x2,x25	  x2:0xfffffd22 x25:0x80040fe4 x17=0x0fffffd2
     309465.000 ns	     30945	80006490	580bc8d3	fsqrt.s	f17,f23	 f23:0x00000000 f17=0x00000000
     309495.000 ns	     30948	80006494	020de5b3	rem	x11,x27,x0	 x27:0x00000000  x0:0x00000000 x11=0x00000000
     309515.000 ns	     30950	80006498	01a65233	srl	x4,x12,x26	 x12:0x00000001 x26:0x00000000  x4=0x00000001
     309535.000 ns	     30952	8000649c	02b2f533	remu	x10,x5,x11	  x5:0xf506f533 x11:0x00000000 x10=0xf506f533
     309565.000 ns	     30955	800064a0	d00b8bd3	fcvt.s.w	f23,x23	 x23:0x00000040 f23=0x42800000
     309595.000 ns	     30958	800064a4	03667ab3	remu	x21,x12,x22	 x12:0x00000001 x22:0x00000000 x21=0x00000001
     309625.000 ns	     30961	800064a8	d00072d3	fcvt.s.w	f5,x0	  x0:0x00000000  f5=0x00000000
     309655.000 ns	     30964	800064ac	a0858753	fle.s	x14,f11,f8	 f11:0xc1ec0000  f8:0x00000000 x14=0x00000001
     309675.000 ns	     30966	800064b0	00000013	addi	x0,x0,0	  x0:0x00000000
     309695.000 ns	     30968	800064b4	21030f53	fsgnj.s	f30,f6,f16	  f6:0xceb4f8e9 f16:0x3f800000 f30=0x4eb4f8e9
     309725.000 ns	     30971	800064b8	28a68ad3	fmin.s	f21,f13,f10	 f13:0x2f040f74 f10:0x80000000 f21=0x80000000
     310095.000 ns	     31008	800064bc	028dd133	divu	x2,x27,x8	 x27:0x00000000  x8:0xdaa73000  x2=0x00000000
     310125.000 ns	     31011	800064c0	d0144a53	fcvt.s.wu	f20,x8	  x8:0xdaa73000 f20=0x4f5aa730
     310155.000 ns	     31014	800064c4	030b0eb3	mul	x29,x22,x16	 x22:0x00000000 x16:0x00000008 x29=0x00000000
     310185.000 ns	     31017	800064c8	c0108853	fcvt.wu.s	x16,f1	  f1:0x3f800000 x16=0x00000001
     310205.000 ns	     31019	800064cc	00f61ab3	sll	x21,x12,x15	 x12:0x00000001 x15:0x96476000 x21=0x00000001
     310215.000 ns	     31020	800064d0	00000013	addi	x0,x0,0	  x0:0x00000000
     310225.000 ns	     31021	800064d4	41f55eb3	sra	x29,x10,x31	 x10:0xf506f533 x31:0x00000000 x29=0xf506f533
     310235.000 ns	     31022	800064d8	81f0c1b7	lui	x3,0x81f0c	  x3=0x81f0c000
     310255.000 ns	     31024	800064dc	02439033	mulh	x0,x7,x4	  x7:0x00000000  x4:0x00000001
     310275.000 ns	     31026	800064e0	410f5513	srai	x10,x30,0x10	 x30:0x00000002 x10=0x00000000
     310295.000 ns	     31028	800064e4	025020b3	mulhsu	x1,x0,x5	  x0:0x00000000  x5:0xf506f533  x1=0x00000000
     310345.000 ns	     31033	800064e8	001e8553	fadd.s	f10,f29,f1	 f29:0xaf040f74  f1:0x3f800000 f10=0x3f7fffff
     310365.000 ns	     31035	800064ec	01313833	sltu	x16,x2,x19	  x2:0x00000000 x19:0x00010000 x16=0x00000001
     310385.000 ns	     31037	800064f0	28d18b53	fmin.s	f22,f3,f13	  f3:0x41f80000 f13:0x2f040f74 f22=0x2f040f74
     310405.000 ns	     31039	800064f4	0171ffb3	and	x31,x3,x23	  x3:0x81f0c000 x23:0x00000040 x31=0x00000000
     310425.000 ns	     31041	800064f8	e0089bd3	fclass.s	x23,f17	 f17:0x00000000 x23=0x00000010
     310475.000 ns	     31046	800064fc	00f340d3	fadd.s	f1,f6,f15	  f6:0xceb4f8e9 f15:0x00000000  f1=0xceb4f8e9
     310495.000 ns	     31048	80006500	01fce7b3	or	x15,x25,x31	 x25:0x80040fe4 x31:0x00000000 x15=0x80040fe4
     310505.000 ns	     31049	80006504	00835db3	srl	x27,x6,x8	  x6:0x80041024  x8:0xdaa73000 x27=0x80041024
     310515.000 ns	     31050	80006508	8a016413	ori	x8,x2,-1888	  x2:0x00000000  x8=0xfffff8a0
     310525.000 ns	     31051	8000650c	a0f28913	addi	x18,x5,-1521	  x5:0xf506f533 x18=0xf506ef42
     310535.000 ns	     31052	80006510	57cc0d13	addi	x26,x24,1404	 x24:0x00000000 x26=0x0000057c
     310555.000 ns	     31054	80006514	021969b3	rem	x19,x18,x1	 x18:0x00000000  x1:0x00000000 x19=0xf506ef42
     310575.000 ns	     31056	80006518	00000013	addi	x0,x0,0	  x0:0x00000000
     310935.000 ns	     31092	8000651c	03b0ffb3	remu	x31,x1,x27	  x1:0x00000000 x27:0x80041024 x31=0x00000000
     310965.000 ns	     31095	80006520	e0091ad3	fclass.s	x21,f18	 f18:0x7fc00000 x21=0x00000200
     310995.000 ns	     31098	80006524	c0153653	fcvt.wu.s	x12,f10	 f10:0x3f7fffff x12=0x00000001
     311015.000 ns	     31100	80006528	41a650b3	sra	x1,x12,x26	 x12:0x00000001 x26:0x0000057c  x1=0x00000000
     311025.000 ns	     31101	8000652c	41cedfb3	sra	x31,x29,x28	 x29:0xf506f533 x28:0xf506f533 x31=0xfffffea0
     311385.000 ns	     31137	80006530	03be7733	remu	x14,x28,x27	 x28:0xf506f533 x27:0x80041024 x14=0x7502e50f
     311415.000 ns	     31140	80006534	c01df3d3	fcvt.wu.s	x7,f27	 f27:0x3f7fff38  x7=0x00000000
     311445.000 ns	     31143	80006538	a0908ed3	fle.s	x29,f1,f9	  f1:0xceb4f8e9  f9:0x3f7fff38 x29=0x00000001
     311465.000 ns	     31145	8000653c	007e8733	add	x14,x29,x7	 x29:0xf506f533  x7:0x00000000 x14=0x00000001
     311475.000 ns	     31146	80006540	87db6f93	ori	x31,x22,-1923	 x22:0x00000000 x31=0xfffff87d
     311485.000 ns	     31147	80006544	01b7edb3	or	x27,x15,x27	 x15:0x80040fe4 x27:0x80041024 x27=0x80041fe4
     311505.000 ns	     31149	80006548	201a0053	fsgnj.s	f0,f20,f1	 f20:0x4f5aa730  f1:0xceb4f8e9  f0=0xcf5aa730
     311535.000 ns	     31152	8000654c	299d16d3	fmax.s	f13,f26,f25	 f26:0x00000000 f25:0xceb4f8e9 f13=0x00000000
     311555.000 ns	     31154	80006550	409ed293	srai	x5,x29,0x9	 x29:0x00000001  x5=0x00000000
     311565.000 ns	     31155	80006554	00595393	srli	x7,x18,0x5	 x18:0xf506ef42  x7=0x07a8377a
     311575.000 ns	     31156	80006558	01171f13	slli	x30,x14,0x11	 x14:0x00000001 x30=0x00020000
     311585.000 ns	     31157	8000655c	014583b3	add	x7,x11,x20	 x11:0x00000000 x20:0xfffffa67  x7=0xfffffa67
     311945.000 ns	     31193	80006560	02c65eb3	divu	x29,x12,x12	 x12:0x00000001 x12:0x00000001 x29=0x00000001
     311975.000 ns	     31196	80006564	206e05d3	fsgnj.s	f11,f28,f6	 f28:0x41880000  f6:0xceb4f8e9 f11=0xc1880000
     311995.000 ns	     31198	80006568	01f19a93	slli	x21,x3,0x1f	  x3:0x81f0c000 x21=0x00000000
     312005.000 ns	     31199	8000656c	00000013	addi	x0,x0,0	  x0:0x00000000
     312015.000 ns	     31200	80006570	b249dd17	auipc	x26,0xb249d	 x26=0x324a3570
     312025.000 ns	     31201	80006574	00000013	addi	x0,x0,0	  x0:0x00000000
     312045.000 ns	     31203	80006578	d01bca53	fcvt.s.wu	f20,x23	 x23:0x00000010 f20=0x41800000
     312075.000 ns	     31206	8000657c	02712533	mulhsu	x10,x2,x7	  x2:0x00000000  x7:0xfffffa67 x10=0x00000000
     312105.000 ns	     31209	80006580	e0010953	fmv.x.w	x18,f2	  f2:0x7fc00000 x18=0x7fc00000
     312125.000 ns	     31211	80006584	78ec6b13	ori	x22,x24,1934	 x24:0x00000000 x22=0x0000078e
     312165.000 ns	     31215	80006588	00c2f953	fadd.s	f18,f5,f12	  f5:0x00000000 f12:0x31000000 f18=0x31000000
     312215.000 ns	     31220	8000658c	0031f8d3	fadd.s	f17,f3,f3	  f3:0x41f80000  f3:0x41f80000 f17=0x42780000
     312245.000 ns	     31223	80006590	a1cd24d3	feq.s	x9,f26,f28	 f26:0x00000000 f28:0x41880000  x9=0x00000000
     312285.000 ns	     31227	80006594	19799353	fdiv.s	f6,f19,f23	 f19:0x00000000 f23:0x42800000  f6=0x00000000
     312315.000 ns	     31230	80006598	028336b3	mulhu	x13,x6,x8	  x6:0x80041024  x8:0xfffff8a0 x13=0x80040c73
     312345.000 ns	     31233	8000659c	02034133	div	x2,x6,x0	  x6:0x80041024  x0:0x00000000  x2=0xffffffff
     312365.000 ns	     31235	800065a0	a1787213	andi	x4,x16,-1513	 x16:0x00000001  x4=0x00000001
     312385.000 ns	     31237	800065a4	d00101d3	fcvt.s.w	f3,x2	  x2:0xffffffff  f3=0xbf800000
     312415.000 ns	     31240	800065a8	28018c53	fmin.s	f24,f3,f0	  f3:0x41f80000  f0:0xcf5aa730 f24=0xcf5aa730
     312435.000 ns	     31242	800065ac	b227ab93	slti	x23,x15,-1246	 x15:0x80040fe4 x23=0x00000001
     312795.000 ns	     31278	800065b0	03c6fab3	remu	x21,x13,x28	 x13:0x80040c73 x28:0xf506f533 x21=0x80040c73
     312815.000 ns	     31280	800065b4	4016d293	srai	x5,x13,0x1	 x13:0x80040c73  x5=0xc0020639
     312835.000 ns	     31282	800065b8	215086d3	fsgnj.s	f13,f1,f21	  f1:0xceb4f8e9 f21:0x80000000 f13=0xceb4f8e9
     313205.000 ns	     31319	800065bc	039ee8b3	rem	x17,x29,x25	 x29:0x00000001 x25:0x80040fe4 x17=0x00000001
     313235.000 ns	     31322	800065c0	e0070ed3	fmv.x.w	x29,f14	 f14:0x80000000 x29=0x80000000
     313275.000 ns	     31326	800065c4	193ab3d3	fdiv.s	f7,f21,f19	 f21:0x80000000 f19:0x00000000  f7=0x7fc00000
     313315.000 ns	     31330	800065c8	580ff8d3	fsqrt.s	f17,f31	 f31:0x7fc00000 f17=0x7fc00000
     313345.000 ns	     31333	800065cc	213da5d3	fsgnjx.s	f11,f27,f19	 f27:0x3f7fff38 f19:0x00000000 f11=0x3f7fff38
     313385.000 ns	     31337	800065d0	119a8453	fmul.s	f8,f21,f25	 f21:0x80000000 f25:0xceb4f8e9  f8=0x00000000
     313435.000 ns	     31342	800065d4	00407453	fadd.s	f8,f0,f4	  f0:0xcf5aa730  f4:0xceb4f8e9  f8=0xcf9a91d2
     313455.000 ns	     31344	800065d8	00c2ba33	sltu	x20,x5,x12	  x5:0xc0020639 x12:0x00000001 x20=0x00000000
     313465.000 ns	     31345	800065dc	4164df93	srai	x31,x9,0x16	  x9:0x00000000 x31=0x00000000
     313475.000 ns	     31346	800065e0	015d9413	slli	x8,x27,0x15	 x27:0x80041fe4  x8=0xfc800000
     313495.000 ns	     31348	800065e4	c00e7153	fcvt.w.s	x2,f28	 f28:0x41880000  x2=0x00000011
     313525.000 ns	     31351	800065e8	d0008853	fcvt.s.w	f16,x1	  x1:0x00000000 f16=0x00000000
     313555.000 ns	     31354	800065ec	03693ab3	mulhu	x21,x18,x22	 x18:0x7fc00000 x22:0x0000078e x21=0x000003c5
     313585.000 ns	     31357	800065f0	28438953	fmin.s	f18,f7,f4	  f7:0x7fc00000  f4:0xceb4f8e9 f18=0xceb4f8e9
     313605.000 ns	     31359	800065f4	00000013	addi	x0,x0,0	  x0:0x00000000
     313645.000 ns	     31363	800065f8	00c4ff53	fadd.s	f30,f9,f12	  f9:0x3f7fff38 f12:0x31000000 f30=0x3f7fff38
     313665.000 ns	     31365	800065fc	41985913	srai	x18,x16,0x19	 x16:0x00000001 x18=0x00000000
     313685.000 ns	     31367	80006600	29521b53	fmax.s	f22,f4,f21	  f4:0xceb4f8e9 f21:0x80000000 f22=0x80000000
     313715.000 ns	     31370	80006604	d01f89d3	fcvt.s.wu	f19,x31	 x31:0x00000000 f19=0x00000000
     313765.000 ns	     31375	80006608	008f2ed3	fadd.s	f29,f30,f8	 f30:0x3f7fff38  f8:0xcf9a91d2 f29=0xcf9a91d2
     313785.000 ns	     31377	8000660c	b3c0f717	auipc	x14,0xb3c0f	 x14=0x33c1560c
     313795.000 ns	     31378	80006610	011c7233	and	x4,x24,x17	 x24:0x00000000 x17:0x00000001  x4=0x00000000
     313805.000 ns	     31379	80006614	0132e9b3	or	x19,x5,x19	  x5:0xc0020639 x19:0xf506ef42 x19=0xf506ef7b
     313825.000 ns	     31381	80006618	a1260753	fle.s	x14,f12,f18	 f12:0x31000000 f18:0xceb4f8e9 x14=0x00000000
     313845.000 ns	     31383	8000661c	403652b3	sra	x5,x12,x3	 x12:0x00000001  x3:0x81f0c000  x5=0x00000001
     313865.000 ns	     31385	80006620	a158a653	feq.s	x12,f17,f21	 f17:0x7fc00000 f21:0x80000000 x12=0x00000000
     313895.000 ns	     31388	80006624	c00e83d3	fcvt.w.s	x7,f29	 f29:0xcf9a91d2  x7=0x80000000
     313925.000 ns	     31391	80006628	023129b3	mulhsu	x19,x2,x3	  x2:0x00000011  x3:0x81f0c000 x19=0x00000008
     313955.000 ns	     31394	8000662c	a00916d3	flt.s	x13,f18,f0	 f18:0xceb4f8e9  f0:0xcf5aa730 x13=0x00000000
     313985.000 ns	     31397	80006630	f00c0653	fmv.w.x	f12,x24	 x24:0x00000000 f12=0x00000000
     314015.000 ns	     31400	80006634	e00b83d3	fmv.x.w	x7,f23	 f23:0x42800000  x7=0x42800000
     314045.000 ns	     31403	80006638	215f9953	fsgnjn.s	f18,f31,f21	 f31:0x7fc00000 f21:0x80000000 f18=0x7fc00000
     314075.000 ns	     31406	8000663c	20192853	fsgnjx.s	f16,f18,f1	 f18:0xceb4f8e9  f1:0xceb4f8e9 f16=0xffc00000
     314095.000 ns	     31408	80006640	f339a213	slti	x4,x19,-205	 x19:0x00000008  x4=0x00000000
     314115.000 ns	     31410	80006644	29058753	fmin.s	f14,f11,f16	 f11:0x3f7fff38 f16:0xffc00000 f14=0x3f7fff38
     314145.000 ns	     31413	80006648	28fb13d3	fmax.s	f7,f22,f15	 f22:0x80000000 f15:0x00000000  f7=0x00000000
     314165.000 ns	     31415	8000664c	00b8d133	srl	x2,x17,x11	 x17:0x00000001 x11:0x00000000  x2=0x00000001
     314185.000 ns	     31417	80006650	e00d05d3	fmv.x.w	x11,f26	 f26:0x00000000 x11=0x00000000
     314205.000 ns	     31419	80006654	006c0733	add	x14,x24,x6	 x24:0x00000000  x6:0x80041024 x14=0x80041024
     314215.000 ns	     31420	80006658	91c03893	sltiu	x17,x0,-1764	  x0:0x00000000 x17=0x00000001
     314235.000 ns	     31422	8000665c	c0037453	fcvt.w.s	x8,f6	  f6:0x00000000  x8=0x00000000
     314605.000 ns	     31459	80006660	03707c33	remu	x24,x0,x23	  x0:0x00000000 x23:0x00000001 x24=0x00000000
     314655.000 ns	     31464	80006664	01e6f1d3	fadd.s	f3,f13,f30	 f13:0xceb4f8e9 f30:0x3f7fff38  f3=0xceb4f8e8
     314675.000 ns	     31466	80006668	e2f00713	addi	x14,x0,-465	  x0:0x00000000 x14=0xfffffe2f
     314695.000 ns	     31468	8000666c	f00d86d3	fmv.w.x	f13,x27	 x27:0x80041fe4 f13=0x80041fe4
     314715.000 ns	     31470	80006670	00e10d33	add	x26,x2,x14	  x2:0x00000001 x14:0x80041024 x26=0xfffffe30
     314725.000 ns	     31471	80006674	00889233	sll	x4,x17,x8	 x17:0x00000001  x8:0x00000000  x4=0x00000001
     314735.000 ns	     31472	80006678	4f1b5137	lui	x2,0x4f1b5	  x2=0x4f1b5000
     314745.000 ns	     31473	8000667c	8d5b4613	xori	x12,x22,-1835	 x22:0x0000078e x12=0xffffff5b
     314765.000 ns	     31475	80006680	28888d53	fmin.s	f26,f17,f8	 f17:0x7fc00000  f8:0xcf9a91d2 f26=0xcf9a91d2
     314785.000 ns	     31477	80006684	018b7bb3	and	x23,x22,x24	 x22:0x0000078e x24:0x00000000 x23=0x00000000
     314795.000 ns	     31478	80006688	4171da13	srai	x20,x3,0x17	  x3:0x81f0c000 x20=0xffffff03
     315965.000 ns	     31595	8000668c	58057a53	fsqrt.s	f20,f10	 f10:0x3f7fffff f20=0x3f350461
     315985.000 ns	     31597	80006690	4eb58f93	addi	x31,x11,1259	 x11:0x00000000 x31=0x000004eb
     315995.000 ns	     31598	80006694	01d264b3	or	x9,x4,x29	  x4:0x00000001 x29:0x80000000  x9=0x80000001
     316005.000 ns	     31599	80006698	016e39b3	sltu	x19,x28,x22	 x28:0xf506f533 x22:0x0000078e x19=0x00000000
     316015.000 ns	     31600	8000669c	41ea5b93	srai	x23,x20,0x1e	 x20:0xffffff03 x23=0xffffffff
     316025.000 ns	     31601	800066a0	276cef93	ori	x31,x25,630	 x25:0x80040fe4 x31=0x80040ff6
     316045.000 ns	     31603	800066a4	03894fb3	div	x31,x18,x24	 x18:0x00000000 x24:0x00000000 x31=0xffffffff
     316065.000 ns	     31605	800066a8	012a5f93	srli	x31,x20,0x12	 x20:0xffffff03 x31=0x00003fff
     316085.000 ns	     31607	800066ac	f0050953	fmv.w.x	f18,x10	 x10:0x00000000 f18=0x00000000
     316115.000 ns	     31610	800066b0	28909dd3	fmax.s	f27,f1,f9	  f1:0xceb4f8e9  f9:0x3f7fff38 f27=0x3f7fff38
     316145.000 ns	     31613	800066b4	e0050553	fmv.x.w	x10,f10	 f10:0x3f7fffff x10=0x3f7fffff
     316175.000 ns	     31616	800066b8	0367b4b3	mulhu	x9,x15,x22	 x15:0x80040fe4 x22:0x0000078e  x9=0x000003c7
     316195.000 ns	     31618	800066bc	14a3f917	auipc	x18,0x14a3f	 x18=0x94a456bc
     316205.000 ns	     31619	800066c0	000148b3	xor	x17,x2,x0	  x2:0x4f1b5000  x0:0x00000000 x17=0x4f1b5000
     316225.000 ns	     31621	800066c4	217b8cd3	fsgnj.s	f25,f23,f23	 f23:0x42800000 f23:0x42800000 f25=0x42800000
     316255.000 ns	     31624	800066c8	e0019a53	fclass.s	x20,f3	  f3:0xceb4f8e8 x20=0x00000002
     316275.000 ns	     31626	800066cc	2c66cdb7	lui	x27,0x2c66c	 x27=0x2c66c000
     316285.000 ns	     31627	800066d0	0020a933	slt	x18,x1,x2	  x1:0x00000000  x2:0x4f1b5000 x18=0x00000001
     316325.000 ns	     31631	800066d4	003743d3	fadd.s	f7,f14,f3	 f14:0x3f7fff38  f3:0xceb4f8e8  f7=0xceb4f8e8
     316345.000 ns	     31633	800066d8	e6b88413	addi	x8,x17,-405	 x17:0x4f1b5000  x8=0x4f1b4e6b
     316705.000 ns	     31669	800066dc	03d74533	div	x10,x14,x29	 x14:0xfffffe2f x29:0x80000000 x10=0x00000000
     317075.000 ns	     31706	800066e0	02886b33	rem	x22,x16,x8	 x16:0x00000001  x8:0x00000000 x22=0x00000001
     317105.000 ns	     31709	800066e4	023438b3	mulhu	x17,x8,x3	  x8:0x4f1b4e6b  x3:0x81f0c000 x17=0x28272771
     317125.000 ns	     31711	800066e8	404fd713	srai	x14,x31,0x4	 x31:0x00003fff x14=0x000003ff
     317145.000 ns	     31713	800066ec	c00fa953	fcvt.w.s	x18,f31	 f31:0x7fc00000 x18=0x7fffffff
     317515.000 ns	     31750	800066f0	030e68b3	rem	x17,x28,x16	 x28:0xf506f533 x16:0x00000001 x17=0x00000000
     317535.000 ns	     31752	800066f4	5ba98c13	addi	x24,x19,1466	 x19:0x00000000 x24=0x000005ba
     317555.000 ns	     31754	800066f8	d00a84d3	fcvt.s.w	f9,x21	 x21:0x000003c5  f9=0x44714000
     317585.000 ns	     31757	800066fc	a1aa9053	flt.s	x0,f21,f26	 f21:0x80000000 f26:0xcf9a91d2
     317615.000 ns	     31760	80006700	213313d3	fsgnjn.s	f7,f6,f19	  f6:0x00000000 f19:0x00000000  f7=0x80000000
     317635.000 ns	     31762	80006704	00fd5c13	srli	x24,x26,0xf	 x26:0xfffffe30 x24=0x0001ffff
     317645.000 ns	     31763	80006708	01879f13	slli	x30,x15,0x18	 x15:0x80040fe4 x30=0xe4000000
     317665.000 ns	     31765	8000670c	d01f8d53	fcvt.s.wu	f26,x31	 x31:0x00003fff f26=0x467ffc00
     318035.000 ns	     31802	80006710	03a1f5b3	remu	x11,x3,x26	  x3:0x81f0c000 x26:0xfffffe30 x11=0x81f0c000
     318075.000 ns	     31806	80006714	580b77d3	fsqrt.s	f15,f22	 f22:0x80000000 f15=0x80000000
     318105.000 ns	     31809	80006718	285a1bd3	fmax.s	f23,f20,f5	 f20:0x3f350461  f5:0x00000000 f23=0x3f350461
     318125.000 ns	     31811	8000671c	41d78fb3	sub	x31,x15,x29	 x15:0x80040fe4 x29:0x80000000 x31=0x00040fe4
     318145.000 ns	     31813	80006720	c0041a53	fcvt.w.s	x20,f8	  f8:0xcf9a91d2 x20=0x80000000
     318165.000 ns	     31815	80006724	01154f33	xor	x30,x10,x17	 x10:0x00000000 x17:0x00000000 x30=0x00000000
     318525.000 ns	     31851	80006728	03994d33	div	x26,x18,x25	 x18:0x7fffffff x25:0x80040fe4 x26=0xffffffff
     318895.000 ns	     31888	8000672c	0355dc33	divu	x24,x11,x21	 x11:0x81f0c000 x21:0x000003c5 x24=0x002278a3
     318925.000 ns	     31891	80006730	e00085d3	fmv.x.w	x11,f1	  f1:0xceb4f8e9 x11=0xceb4f8e9
     318955.000 ns	     31894	80006734	291f8ed3	fmin.s	f29,f31,f17	 f31:0x7fc00000 f17:0x7fc00000 f29=0x7fc00000
     318985.000 ns	     31897	80006738	032491b3	mulh	x3,x9,x18	  x9:0x000003c7 x18:0x7fffffff  x3=0x000001e3
     319005.000 ns	     31899	8000673c	01556fb3	or	x31,x10,x21	 x10:0x00000000 x21:0x000003c5 x31=0x000003c5
     319035.000 ns	     31902	80006740	193dced3	fdiv.s	f29,f27,f19	 f27:0x3f7fff38 f19:0x00000000 f29=0x7f800000
     319055.000 ns	     31904	80006744	61bee493	ori	x9,x29,1563	 x29:0x80000000  x9=0x8000061b
     319075.000 ns	     31906	80006748	20579cd3	fsgnjn.s	f25,f15,f5	 f15:0x80000000  f5:0x00000000 f25=0x80000000
     319115.000 ns	     31910	8000674c	5800a153	fsqrt.s	f2,f1	  f1:0xceb4f8e9  f2=0x7fc00000
     319155.000 ns	     31914	80006750	112519d3	fmul.s	f19,f10,f18	 f10:0x3f7fffff f18:0x00000000 f19=0x00000000
     319185.000 ns	     31917	80006754	281900d3	fmin.s	f1,f18,f1	 f18:0x00000000  f1:0xceb4f8e9  f1=0xceb4f8e9
     319215.000 ns	     31920	80006758	d0142e53	fcvt.s.wu	f28,x8	  x8:0x4f1b4e6b f28=0x4e9e369d
     319245.000 ns	     31923	8000675c	a09ea6d3	feq.s	x13,f29,f9	 f29:0x7f800000  f9:0x44714000 x13=0x00000000
     319265.000 ns	     31925	80006760	01425d93	srli	x27,x4,0x14	  x4:0x00000001 x27=0x00000000
     319275.000 ns	     31926	80006764	00e85113	srli	x2,x16,0xe	 x16:0x00000001  x2=0x00000000
     319285.000 ns	     31927	80006768	00915f93	srli	x31,x2,0x9	  x2:0x4f1b5000 x31=0x00000000
     319295.000 ns	     31928	8000676c	0c5e9697	auipc	x13,0xc5e9	 x13=0x8c5ef76c
     319305.000 ns	     31929	80006770	00000013	addi	x0,x0,0	  x0:0x00000000
     319315.000 ns	     31930	80006774	47292613	slti	x12,x18,1138	 x18:0x7fffffff x12=0x00000000
     319355.000 ns	     31934	80006778	082a75d3	fsub.s	f11,f20,f2	 f20:0x3f350461  f2:0x7fc00000 f11=0x7fc00000
     319385.000 ns	     31937	8000677c	022f4533	div	x10,x30,x2	 x30:0x00000000  x2:0x00000000 x10=0xffffffff
     319415.000 ns	     31940	80006780	29b10a53	fmin.s	f20,f2,f27	  f2:0x7fc00000 f27:0x3f7fff38 f20=0x3f7fff38
     319435.000 ns	     31942	80006784	41f80833	sub	x16,x16,x31	 x16:0x00000001 x31:0x00000000 x16=0x00000001
     319455.000 ns	     31944	80006788	a13c0053	fle.s	x0,f24,f19	 f24:0xcf5aa730 f19:0x00000000
     319485.000 ns	     31947	8000678c	02268d33	mul	x26,x13,x2	 x13:0x8c5ef76c  x2:0x00000000 x26=0x00000000
     319535.000 ns	     31952	80006790	0161fd53	fadd.s	f26,f3,f22	  f3:0xceb4f8e8 f22:0x80000000 f26=0xceb4f8e8
     319585.000 ns	     31957	80006794	012677d3	fadd.s	f15,f12,f18	 f12:0x00000000 f18:0x00000000 f15=0x00000000
     319605.000 ns	     31959	80006798	00f7dc33	srl	x24,x15,x15	 x15:0x80040fe4 x15:0x80040fe4 x24=0x080040fe
     319615.000 ns	     31960	8000679c	0005eeb3	or	x29,x11,x0	 x11:0xceb4f8e9  x0:0x00000000 x29=0xceb4f8e9
     319635.000 ns	     31962	800067a0	c00bf5d3	fcvt.w.s	x11,f23	 f23:0x3f350461 x11=0x00000000
     319665.000 ns	     31965	800067a4	286d8653	fmin.s	f12,f27,f6	 f27:0x3f7fff38  f6:0x00000000 f12=0x00000000
     319695.000 ns	     31968	800067a8	28b00b53	fmin.s	f22,f0,f11	  f0:0xcf5aa730 f11:0x7fc00000 f22=0xcf5aa730
     320065.000 ns	     32005	800067ac	03dbf533	remu	x10,x23,x29	 x23:0xffffffff x29:0xceb4f8e9 x10=0x314b0716
     320435.000 ns	     32042	800067b0	030d74b3	remu	x9,x26,x16	 x26:0x00000000 x16:0x00000001  x9=0x00000000
     320465.000 ns	     32045	800067b4	f00f8953	fmv.w.x	f18,x31	 x31:0x00000000 f18=0x00000000
     320485.000 ns	     32047	800067b8	01ae7833	and	x16,x28,x26	 x28:0xf506f533 x26:0x00000000 x16=0x00000000
     320495.000 ns	     32048	800067bc	db463113	sltiu	x2,x12,-588	 x12:0x00000000  x2=0x00000001
     320505.000 ns	     32049	800067c0	41c45513	srai	x10,x8,0x1c	  x8:0x4f1b4e6b x10=0x00000004
     320525.000 ns	     32051	800067c4	29e29653	fmax.s	f12,f5,f30	  f5:0x00000000 f30:0x3f7fff38 f12=0x3f7fff38
     320545.000 ns	     32053	800067c8	01b7a833	slt	x16,x15,x27	 x15:0x80040fe4 x27:0x00000000 x16=0x00000001
     320905.000 ns	     32089	800067cc	030ce6b3	rem	x13,x25,x16	 x25:0x80040fe4 x16:0x00000000 x13=0x00000000
     321275.000 ns	     32126	800067d0	034ce7b3	rem	x15,x25,x20	 x25:0x80040fe4 x20:0x80000000 x15=0x80040fe4
     321295.000 ns	     32128	800067d4	b28bcb17	auipc	x22,0xb28bc	 x22=0x328c27d4
     321315.000 ns	     32130	800067d8	a16aadd3	feq.s	x27,f21,f22	 f21:0x80000000 f22:0xcf5aa730 x27=0x00000000
     321345.000 ns	     32133	800067dc	c000fa53	fcvt.w.s	x20,f1	  f1:0xceb4f8e9 x20=0x5a7c7480
     321365.000 ns	     32135	800067e0	399e0517	auipc	x10,0x399e0	 x10=0xb99e67e0
     321385.000 ns	     32137	800067e4	c0167bd3	fcvt.wu.s	x23,f12	 f12:0x3f7fff38 x23=0x00000000
     321415.000 ns	     32140	800067e8	f00c8ed3	fmv.w.x	f29,x25	 x25:0x80040fe4 f29=0x80040fe4
     321445.000 ns	     32143	800067ec	e0089c53	fclass.s	x24,f17	 f17:0x7fc00000 x24=0x00000200
     321465.000 ns	     32145	800067f0	01932db3	slt	x27,x6,x25	  x6:0x80041024 x25:0x80040fe4 x27=0x00000000
     321485.000 ns	     32147	800067f4	21ae11d3	fsgnjn.s	f3,f28,f26	 f28:0x4e9e369d f26:0xceb4f8e8  f3=0x4e9e369d
     321515.000 ns	     32150	800067f8	c014f5d3	fcvt.wu.s	x11,f9	  f9:0x44714000 x11=0x000003c5
     321885.000 ns	     32187	800067fc	02ab79b3	remu	x19,x22,x10	 x22:0x328c27d4 x10:0xb99e67e0 x19=0x328c27d4
     321915.000 ns	     32190	80006800	211a1453	fsgnjn.s	f8,f20,f17	 f20:0x3f7fff38 f17:0x7fc00000  f8=0xbf7fff38
     321945.000 ns	     32193	80006804	282c8453	fmin.s	f8,f25,f2	 f25:0x80000000  f2:0x7fc00000  f8=0x80000000
     321985.000 ns	     32197	80006808	1908f853	fdiv.s	f16,f17,f16	 f17:0x7fc00000 f16:0xffc00000 f16=0x7fc00000
     322015.000 ns	     32200	8000680c	a1f92853	feq.s	x16,f18,f31	 f18:0x00000000 f31:0x7fc00000 x16=0x00000000
     322035.000 ns	     32202	80006810	019dbc33	sltu	x24,x27,x25	 x27:0x00000000 x25:0x80040fe4 x24=0x00000001
     322065.000 ns	     32205	80006814	18f94ad3	fdiv.s	f21,f18,f15	 f18:0x00000000 f15:0x00000000 f21=0x7fc00000
     322085.000 ns	     32207	80006818	00028633	add	x12,x5,x0	  x5:0x00000001  x0:0x00000000 x12=0x00000001
     322105.000 ns	     32209	8000681c	03ec9eb3	mulh	x29,x25,x30	 x25:0x80040fe4 x30:0x00000000 x29=0x00000000
     322125.000 ns	     32211	80006820	002f1193	slli	x3,x30,0x2	 x30:0x00000000  x3=0x00000000
     322135.000 ns	     32212	80006824	b1e74393	xori	x7,x14,-1250	 x14:0x000003ff  x7=0xfffff8e1
     322155.000 ns	     32214	80006828	c016f053	fcvt.wu.s	x0,f13	 f13:0x80041fe4
     322175.000 ns	     32216	8000682c	68b15fb7	lui	x31,0x68b15	 x31=0x68b15000
     322195.000 ns	     32218	80006830	a10b18d3	flt.s	x17,f22,f16	 f22:0xcf5aa730 f16:0x7fc00000 x17=0x00000000
     322215.000 ns	     32220	80006834	01b985b3	add	x11,x19,x27	 x19:0x328c27d4 x27:0x00000000 x11=0x328c27d4
     322235.000 ns	     32222	80006838	c002ffd3	fcvt.w.s	x31,f5	  f5:0x00000000 x31=0x00000000
     322255.000 ns	     32224	8000683c	00000013	addi	x0,x0,0	  x0:0x00000000
     322265.000 ns	     32225	80006840	008ccb33	xor	x22,x25,x8	 x25:0x80040fe4  x8:0x4f1b4e6b x22=0xcf1f418f
     322275.000 ns	     32226	80006844	02fee793	ori	x15,x29,47	 x29:0x00000000 x15=0x0000002f
     322295.000 ns	     32228	80006848	03801833	mulh	x16,x0,x24	  x0:0x00000000 x24:0x00000001 x16=0x00000000
     322315.000 ns	     32230	8000684c	01d713b3	sll	x7,x14,x29	 x14:0x000003ff x29:0x00000000  x7=0x000003ff
     322335.000 ns	     32232	80006850	28479153	fmax.s	f2,f15,f4	 f15:0x00000000  f4:0xceb4f8e9  f2=0x00000000
     322385.000 ns	     32237	80006854	0195f453	fadd.s	f8,f11,f25	 f11:0x7fc00000 f25:0x80000000  f8=0x7fc00000
     322415.000 ns	     32240	80006858	d0082253	fcvt.s.w	f4,x16	 x16:0x00000000  f4=0x00000000
     322435.000 ns	     32242	8000685c	348a8d93	addi	x27,x21,840	 x21:0x000003c5 x27=0x0000070d
     322445.000 ns	     32243	80006860	0008d533	srl	x10,x17,x0	 x17:0x00000000  x0:0x00000000 x10=0x00000000
     322455.000 ns	     32244	80006864	01939733	sll	x14,x7,x25	  x7:0x000003ff x25:0x80040fe4 x14=0x00003ff0
     322465.000 ns	     32245	80006868	bd7aa8b7	lui	x17,0xbd7aa	 x17=0xbd7aa000
     322475.000 ns	     32246	8000686c	00000013	addi	x0,x0,0	  x0:0x00000000
     322495.000 ns	     32248	80006870	20231153	fsgnjn.s	f2,f6,f2	  f6:0x00000000  f2:0x00000000  f2=0x80000000
     322525.000 ns	     32251	80006874	e00c19d3	fclass.s	x19,f24	 f24:0xcf5aa730 x19=0x00000002
     322555.000 ns	     32254	80006878	28999e53	fmax.s	f28,f19,f9	 f19:0x00000000  f9:0x44714000 f28=0x44714000
     322575.000 ns	     32256	8000687c	01b1bd33	sltu	x26,x3,x27	  x3:0x00000000 x27:0x0000070d x26=0x00000001
     322585.000 ns	     32257	80006880	e070c293	xori	x5,x1,-505	  x1:0x00000000  x5=0xfffffe07
     322595.000 ns	     32258	80006884	01d9dbb3	srl	x23,x19,x29	 x19:0x00000002 x29:0x00000000 x23=0x00000002
     322605.000 ns	     32259	80006888	f8dae417	auipc	x8,0xf8dae	  x8=0x78db4888
     322625.000 ns	     32261	8000688c	a1442f53	feq.s	x30,f8,f20	  f8:0x7fc00000 f20:0x3f7fff38 x30=0x00000000
     322645.000 ns	     32263	80006890	84b03b93	sltiu	x23,x0,-1973	  x0:0x00000000 x23=0x00000001
     322665.000 ns	     32265	80006894	c01180d3	fcvt.wu.s	x1,f3	  f3:0x4e9e369d  x1=0x4f1b4e80
     322685.000 ns	     32267	80006898	015a3233	sltu	x4,x20,x21	 x20:0x5a7c7480 x21:0x000003c5  x4=0x00000000
     322705.000 ns	     32269	8000689c	20fa2253	fsgnjx.s	f4,f20,f15	 f20:0x3f7fff38 f15:0x00000000  f4=0x3f7fff38
     322735.000 ns	     32272	800068a0	03e89eb3	mulh	x29,x17,x30	 x17:0xbd7aa000 x30:0x00000000 x29=0x00000000
     322755.000 ns	     32274	800068a4	006b49b3	xor	x19,x22,x6	 x22:0xcf1f418f  x6:0x80041024 x19=0x4f1b51ab
     322765.000 ns	     32275	800068a8	b8798a13	addi	x20,x19,-1145	 x19:0x00000002 x20=0x4f1b4d32
     322775.000 ns	     32276	800068ac	3148cd93	xori	x27,x17,788	 x17:0xbd7aa000 x27=0xbd7aa314
     322785.000 ns	     32277	800068b0	77666693	ori	x13,x12,1910	 x12:0x00000001 x13=0x00000777
     322795.000 ns	     32278	800068b4	01d3df33	srl	x30,x7,x29	  x7:0x000003ff x29:0x00000000 x30=0x000003ff
     322805.000 ns	     32279	800068b8	001c1fb3	sll	x31,x24,x1	 x24:0x00000001  x1:0x4f1b4e80 x31=0x00000001
     322825.000 ns	     32281	800068bc	03a217b3	mulh	x15,x4,x26	  x4:0x00000000 x26:0x00000001 x15=0x00000000
     323195.000 ns	     32318	800068c0	0356e433	rem	x8,x13,x21	 x13:0x00000777 x21:0x000003c5  x8=0x000003b2
     323215.000 ns	     32320	800068c4	00000013	addi	x0,x0,0	  x0:0x00000000
     323225.000 ns	     32321	800068c8	012d77b3	and	x15,x26,x18	 x26:0x00000001 x18:0x7fffffff x15=0x00000001
     323235.000 ns	     32322	800068cc	b28a5817	auipc	x16,0xb28a5	 x16=0x328ab8cc
     323255.000 ns	     32324	800068d0	03dc0733	mul	x14,x24,x29	 x24:0x00000001 x29:0x00000000 x14=0x00000000
     323275.000 ns	     32326	800068d4	009e2bb3	slt	x23,x28,x9	 x28:0xf506f533  x9:0x00000000 x23=0x00000001
     323295.000 ns	     32328	800068d8	0287a033	mulhsu	x0,x15,x8	 x15:0x00000001  x8:0x000003b2
     323325.000 ns	     32331	800068dc	e0071ed3	fclass.s	x29,f14	 f14:0x3f7fff38 x29=0x00000040
     323345.000 ns	     32333	800068e0	70df3a13	sltiu	x20,x30,1805	 x30:0x000003ff x20=0x00000001
     323355.000 ns	     32334	800068e4	10397d13	andi	x26,x18,259	 x18:0x7fffffff x26=0x00000103
     323375.000 ns	     32336	800068e8	d00e1ad3	fcvt.s.w	f21,x28	 x28:0xf506f533 f21=0xcd2f90ac
     323405.000 ns	     32339	800068ec	e00d1bd3	fclass.s	x23,f26	 f26:0xceb4f8e8 x23=0x00000002
     323425.000 ns	     32341	800068f0	3dc88b93	addi	x23,x17,988	 x17:0xbd7aa000 x23=0xbd7aa3dc
     323785.000 ns	     32377	800068f4	0334dd33	divu	x26,x9,x19	  x9:0x00000000 x19:0x4f1b51ab x26=0x00000000
     323815.000 ns	     32380	800068f8	28bc9bd3	fmax.s	f23,f25,f11	 f25:0x80000000 f11:0x7fc00000 f23=0x80000000
     323835.000 ns	     32382	800068fc	a00b7593	andi	x11,x22,-1536	 x22:0xcf1f418f x11=0xcf1f4000
     323855.000 ns	     32384	80006900	e00d88d3	fmv.x.w	x17,f27	 f27:0x3f7fff38 x17=0x3f7fff38
     323875.000 ns	     32386	80006904	9796fbb7	lui	x23,0x9796f	 x23=0x9796f000
     323885.000 ns	     32387	80006908	00f6c6b3	xor	x13,x13,x15	 x13:0x00000777 x15:0x00000001 x13=0x00000776
     323905.000 ns	     32389	8000690c	023492b3	mulh	x5,x9,x3	  x9:0x00000000  x3:0x00000000  x5=0x00000000
     324275.000 ns	     32426	80006910	032941b3	div	x3,x18,x18	 x18:0x7fffffff x18:0x7fffffff  x3=0x00000001
     324295.000 ns	     32428	80006914	00a77db3	and	x27,x14,x10	 x14:0x00000000 x10:0x00000000 x27=0x00000000
     324315.000 ns	     32430	80006918	f00689d3	fmv.w.x	f19,x13	 x13:0x00000776 f19=0x00000776
     324335.000 ns	     32432	8000691c	da7b0113	addi	x2,x22,-601	 x22:0xcf1f418f  x2=0xcf1f3f36
     324345.000 ns	     32433	80006920	40ddd233	sra	x4,x27,x13	 x27:0x00000000 x13:0x00000776  x4=0x00000000
     324355.000 ns	     32434	80006924	70c5e393	ori	x7,x11,1804	 x11:0xcf1f4000  x7=0xcf1f470c
     324375.000 ns	     32436	80006928	20ec2ad3	fsgnjx.s	f21,f24,f14	 f24:0xcf5aa730 f14:0x3f7fff38 f21=0xcf5aa730
     324395.000 ns	     32438	8000692c	007a3d33	sltu	x26,x20,x7	 x20:0x00000001  x7:0x000003ff x26=0x00000001
     324415.000 ns	     32440	80006930	28e798d3	fmax.s	f17,f15,f14	 f15:0x00000000 f14:0x3f7fff38 f17=0x3f7fff38
     324435.000 ns	     32442	80006934	01da8233	add	x4,x21,x29	 x21:0x000003c5 x29:0x00000040  x4=0x00000405
     324455.000 ns	     32444	80006938	21208053	fsgnj.s	f0,f1,f18	  f1:0xceb4f8e9 f18:0x00000000  f0=0x4eb4f8e9
     324485.000 ns	     32447	8000693c	a0c20453	fle.s	x8,f4,f12	  f4:0x3f7fff38 f12:0x3f7fff38  x8=0x00000001
     324505.000 ns	     32449	80006940	01f171b3	and	x3,x2,x31	  x2:0xcf1f3f36 x31:0x00000001  x3=0x00000000
     324525.000 ns	     32451	80006944	02e1deb3	divu	x29,x3,x14	  x3:0x00000001 x14:0x00000000 x29=0xffffffff
     324895.000 ns	     32488	80006948	03437633	remu	x12,x6,x20	  x6:0x80041024 x20:0x00000001 x12=0x00000000
     324915.000 ns	     32490	8000694c	4cad4c37	lui	x24,0x4cad4	 x24=0x4cad4000
     324935.000 ns	     32492	80006950	c00bb3d3	fcvt.w.s	x7,f23	 f23:0x80000000  x7=0x00000000
     324965.000 ns	     32495	80006954	29e69853	fmax.s	f16,f13,f30	 f13:0x80041fe4 f30:0x3f7fff38 f16=0x3f7fff38
     325005.000 ns	     32499	80006958	580b7c53	fsqrt.s	f24,f22	 f22:0xcf5aa730 f24=0x7fc00000
     325025.000 ns	     32501	8000695c	4aa44913	xori	x18,x8,1194	  x8:0x00000001 x18=0x000004ab
     325045.000 ns	     32503	80006960	02746c33	rem	x24,x8,x7	  x8:0x00000001  x7:0x00000000 x24=0x00000001
     325065.000 ns	     32505	80006964	62e04093	xori	x1,x0,1582	  x0:0x00000000  x1=0x0000062e
     325085.000 ns	     32507	80006968	02b99433	mulh	x8,x19,x11	 x19:0x4f1b51ab x11:0xcf1f4000  x8=0xf0e56d73
     325105.000 ns	     32509	8000696c	01576433	or	x8,x14,x21	 x14:0x00000000 x21:0x000003c5  x8=0x000003c5
     325125.000 ns	     32511	80006970	287089d3	fmin.s	f19,f1,f7	  f1:0xceb4f8e9  f7:0x80000000 f19=0xceb4f8e9
     325145.000 ns	     32513	80006974	418fd613	srai	x12,x31,0x18	 x31:0x00000001 x12=0x00000000
     325165.000 ns	     32515	80006978	030920b3	mulhsu	x1,x18,x16	 x18:0x000004ab x16:0x328ab8cc  x1=0x000000eb
     325535.000 ns	     32552	8000697c	03366133	rem	x2,x12,x19	 x12:0x00000000 x19:0x4f1b51ab  x2=0x00000000
     325585.000 ns	     32557	80006980	00199ad3	fadd.s	f21,f19,f1	 f19:0xceb4f8e9  f1:0xceb4f8e9 f21=0xcf34f8e9
     325605.000 ns	     32559	80006984	373aad17	auipc	x26,0x373aa	 x26=0xb73b0984
     325625.000 ns	     32561	80006988	a0da0c53	fle.s	x24,f20,f13	 f20:0x3f7fff38 f13:0x80041fe4 x24=0x00000000
     325645.000 ns	     32563	8000698c	b1993a93	sltiu	x21,x18,-1255	 x18:0x000004ab x21=0x00000001
     325655.000 ns	     32564	80006990	00000013	addi	x0,x0,0	  x0:0x00000000
     325675.000 ns	     32566	80006994	02811ab3	mulh	x21,x2,x8	  x2:0x00000000  x8:0x000003c5 x21=0x00000000
     325715.000 ns	     32570	80006998	18f0f0d3	fdiv.s	f1,f1,f15	  f1:0xceb4f8e9 f15:0x00000000  f1=0xff800000
     325735.000 ns	     32572	8000699c	8a86e717	auipc	x14,0x8a86e	 x14=0x0a87499c
     325755.000 ns	     32574	800069a0	03729f33	mulh	x30,x5,x23	  x5:0x00000000 x23:0x9796f000 x30=0x00000000
     325805.000 ns	     32579	800069a4	08dc7f53	fsub.s	f30,f24,f13	 f24:0x7fc00000 f13:0x80041fe4 f30=0x7fc00000
     325845.000 ns	     32583	800069a8	19ff05d3	fdiv.s	f11,f30,f31	 f30:0x3f7fff38 f31:0x7fc00000 f11=0x7fc00000
     325865.000 ns	     32585	800069ac	ee0c7413	andi	x8,x24,-288	 x24:0x00000000  x8=0x00000000
     325895.000 ns	     32588	800069b0	580b2353	fsqrt.s	f6,f22	 f22:0xcf5aa730  f6=0x7fc00000
     325925.000 ns	     32591	800069b4	a17d0753	fle.s	x14,f26,f23	 f26:0xceb4f8e8 f23:0x80000000 x14=0x00000001
     326295.000 ns	     32628	800069b8	0368fdb3	remu	x27,x17,x22	 x17:0x3f7fff38 x22:0xcf1f418f x27=0x3f7fff38
     327475.000 ns	     32746	800069bc	58057e53	fsqrt.s	f28,f10	 f10:0x3f7fffff f28=0x3f350461
     327495.000 ns	     32748	800069c0	6ef54eb7	lui	x29,0x6ef54	 x29=0x6ef54000
     327515.000 ns	     32750	800069c4	038f6eb3	rem	x29,x30,x24	 x30:0x00000000 x24:0x00000000 x29=0x00000000
     327535.000 ns	     32752	800069c8	f6396f13	ori	x30,x18,-157	 x18:0x000004ab x30=0xffffffeb
     327555.000 ns	     32754	800069cc	a1578fd3	fle.s	x31,f15,f21	 f15:0x00000000 f21:0xcf34f8e9 x31=0x00000000
     327585.000 ns	     32757	800069d0	c0043453	fcvt.w.s	x8,f8	  f8:0x7fc00000  x8=0x7fffffff
     327615.000 ns	     32760	800069d4	03bbbf33	mulhu	x30,x23,x27	 x23:0x9796f000 x27:0x3f7fff38 x30=0x2599f011
     327645.000 ns	     32763	800069d8	03951433	mulh	x8,x10,x25	 x10:0x00000000 x25:0x80040fe4  x8=0x00000000
     328015.000 ns	     32800	800069dc	03925433	divu	x8,x4,x25	  x4:0x00000405 x25:0x80040fe4  x8=0x00000000
     328035.000 ns	     32802	800069e0	01d087b3	add	x15,x1,x29	  x1:0x000000eb x29:0x00000000 x15=0x000000eb
     328395.000 ns	     32838	800069e4	024054b3	divu	x9,x0,x4	  x0:0x00000000  x4:0x00000405  x9=0x00000000
     328415.000 ns	     32840	800069e8	f2c5b913	sltiu	x18,x11,-212	 x11:0xcf1f4000 x18=0x00000001
     328435.000 ns	     32842	800069ec	03ee8033	mul	x0,x29,x30	 x29:0x00000000 x30:0x2599f011
     328465.000 ns	     32845	800069f0	d008ffd3	fcvt.s.w	f31,x17	 x17:0x3f7fff38 f31=0x4e7dfffc
     328505.000 ns	     32849	800069f4	1887f253	fdiv.s	f4,f15,f8	 f15:0x00000000  f8:0x7fc00000  f4=0x7fc00000
     328555.000 ns	     32854	800069f8	000c0953	fadd.s	f18,f24,f0	 f24:0x7fc00000  f0:0x4eb4f8e9 f18=0x7fc00000
     328925.000 ns	     32891	800069fc	0244d5b3	divu	x11,x9,x4	  x9:0x00000000  x4:0x00000405 x11=0x00000000
     329295.000 ns	     32928	80006a00	031bc833	div	x16,x23,x17	 x23:0x9796f000 x17:0x3f7fff38 x16=0xffffffff
     329335.000 ns	     32932	80006a04	19dc0f53	fdiv.s	f30,f24,f29	 f24:0x7fc00000 f29:0x80040fe4 f30=0x7fc00000
     329365.000 ns	     32935	80006a08	20581cd3	fsgnjn.s	f25,f16,f5	 f16:0x3f7fff38  f5:0x00000000 f25=0xbf7fff38
     329385.000 ns	     32937	80006a0c	012b9a93	slli	x21,x23,0x12	 x23:0x9796f000 x21=0xc0000000
     329405.000 ns	     32939	80006a10	c00efc53	fcvt.w.s	x24,f29	 f29:0x80040fe4 x24=0x00000000
     329425.000 ns	     32941	80006a14	409bd593	srai	x11,x23,0x9	 x23:0x9796f000 x11=0xffcbcb78
     329445.000 ns	     32943	80006a18	c0077553	fcvt.w.s	x10,f14	 f14:0x3f7fff38 x10=0x00000000
     329475.000 ns	     32946	80006a1c	03cd08b3	mul	x17,x26,x28	 x26:0xb73b0984 x28:0xf506f533 x17=0x8df6394c
     329505.000 ns	     32949	80006a20	20301653	fsgnjn.s	f12,f0,f3	  f0:0x4eb4f8e9  f3:0x4e9e369d f12=0xceb4f8e9
     329535.000 ns	     32952	80006a24	02096933	rem	x18,x18,x0	 x18:0x00000001  x0:0x00000000 x18=0x00000001
     329565.000 ns	     32955	80006a28	d0167153	fcvt.s.wu	f2,x12	 x12:0x00000000  f2=0x00000000
     329585.000 ns	     32957	80006a2c	01e570b3	and	x1,x10,x30	 x10:0x00000000 x30:0x2599f011  x1=0x00000000
     329595.000 ns	     32958	80006a30	00724d33	xor	x26,x4,x7	  x4:0x00000405  x7:0x00000000 x26=0x00000405
     329615.000 ns	     32960	80006a34	030fbf33	mulhu	x30,x31,x16	 x31:0x00000000 x16:0xffffffff x30=0x00000000
     329635.000 ns	     32962	80006a38	01a15a13	srli	x20,x2,0x1a	  x2:0x00000000 x20=0x00000000
     329645.000 ns	     32963	80006a3c	06f26513	ori	x10,x4,111	  x4:0x00000405 x10=0x0000046f
     329655.000 ns	     32964	80006a40	00000013	addi	x0,x0,0	  x0:0x00000000
     329665.000 ns	     32965	80006a44	00589713	slli	x14,x17,0x5	 x17:0x8df6394c x14=0xbec72980
     329675.000 ns	     32966	80006a48	0088c633	xor	x12,x17,x8	 x17:0x8df6394c  x8:0x00000000 x12=0x8df6394c
     329695.000 ns	     32968	80006a4c	03318533	mul	x10,x3,x19	  x3:0x00000000 x19:0x4f1b51ab x10=0x00000000
     329715.000 ns	     32970	80006a50	005dc9b3	xor	x19,x27,x5	 x27:0x3f7fff38  x5:0x00000000 x19=0x3f7fff38
     329735.000 ns	     32972	80006a54	02102033	mulhsu	x0,x0,x1	  x0:0x00000000  x1:0x00000000
     329765.000 ns	     32975	80006a58	d0107453	fcvt.s.wu	f8,x0	  x0:0x00000000  f8=0x00000000
     329785.000 ns	     32977	80006a5c	014db433	sltu	x8,x27,x20	 x27:0x3f7fff38 x20:0x00000000  x8=0x00000000
     329805.000 ns	     32979	80006a60	a1bcadd3	feq.s	x27,f25,f27	 f25:0xbf7fff38 f27:0x3f7fff38 x27=0x00000000
     329835.000 ns	     32982	80006a64	a04a88d3	fle.s	x17,f21,f4	 f21:0xcf34f8e9  f4:0x7fc00000 x17=0x00000000
     329855.000 ns	     32984	80006a68	4bd02817	auipc	x16,0x4bd02	 x16=0xcbd08a68
     329865.000 ns	     32985	80006a6c	00b8c0b3	xor	x1,x17,x11	 x17:0x00000000 x11:0xffcbcb78  x1=0xffcbcb78
     329885.000 ns	     32987	80006a70	c011ffd3	fcvt.wu.s	x31,f3	  f3:0x4e9e369d x31=0x4f1b4e80
     329905.000 ns	     32989	80006a74	01703133	sltu	x2,x0,x23	  x0:0x00000000 x23:0x9796f000  x2=0x00000001
     329935.000 ns	     32992	80006a78	18fcffd3	fdiv.s	f31,f25,f15	 f25:0xbf7fff38 f15:0x00000000 f31=0xff800000
     329965.000 ns	     32995	80006a7c	210c1ad3	fsgnjn.s	f21,f24,f16	 f24:0x7fc00000 f16:0x3f7fff38 f21=0xffc00000
     329995.000 ns	     32998	80006a80	283415d3	fmax.s	f11,f8,f3	  f8:0x00000000  f3:0x4e9e369d f11=0x4e9e369d
     330025.000 ns	     33001	80006a84	a1af0953	fle.s	x18,f30,f26	 f30:0x7fc00000 f26:0xceb4f8e8 x18=0x00000000
     330045.000 ns	     33003	80006a88	00c1ceb3	xor	x29,x3,x12	  x3:0x00000000 x12:0x8df6394c x29=0x8df6394c
     330055.000 ns	     33004	80006a8c	c0c74893	xori	x17,x14,-1012	 x14:0xbec72980 x17=0x4138d58c
     330075.000 ns	     33006	80006a90	a07621d3	feq.s	x3,f12,f7	 f12:0xceb4f8e9  f7:0x80000000  x3=0x00000000
     330095.000 ns	     33008	80006a94	010d5713	srli	x14,x26,0x10	 x26:0x00000405 x14=0x00000000
     330425.000 ns	     33041	80006a98	18da7b53	fdiv.s	f22,f20,f13	 f20:0x3f7fff38 f13:0x80041fe4 f22=0xfe34b429
     330445.000 ns	     33043	80006a9c	3e33ff93	andi	x31,x7,995	  x7:0x00000000 x31=0x00000000
     330465.000 ns	     33045	80006aa0	02b727b3	mulhsu	x15,x14,x11	 x14:0x00000000 x11:0xffcbcb78 x15=0x00000000
     330485.000 ns	     33047	80006aa4	016ec6b3	xor	x13,x29,x22	 x29:0x8df6394c x22:0xcf1f418f x13=0x42e978c3
     330495.000 ns	     33048	80006aa8	00000013	addi	x0,x0,0	  x0:0x00000000
     330505.000 ns	     33049	80006aac	0ed13c13	sltiu	x24,x2,237	  x2:0x00000001 x24=0x00000001
     330525.000 ns	     33051	80006ab0	d00b18d3	fcvt.s.w	f17,x22	 x22:0xcf1f418f f17=0xce4382f9
     330545.000 ns	     33053	80006ab4	fa6cff13	andi	x30,x25,-90	 x25:0x80040fe4 x30=0x80040fa4
     330555.000 ns	     33054	80006ab8	16e5eb17	auipc	x22,0x16e5e	 x22=0x96e64ab8
     330575.000 ns	     33056	80006abc	a1a70153	fle.s	x2,f14,f26	 f14:0x3f7fff38 f26:0xceb4f8e8  x2=0x00000000
     330595.000 ns	     33058	80006ac0	009ad933	srl	x18,x21,x9	 x21:0xc0000000  x9:0x00000000 x18=0xc0000000
     330615.000 ns	     33060	80006ac4	031334b3	mulhu	x9,x6,x17	  x6:0x80041024 x17:0x4138d58c  x9=0x209d73c6
     330645.000 ns	     33063	80006ac8	c01d9bd3	fcvt.wu.s	x23,f27	 f27:0x3f7fff38 x23=0x00000000
     330665.000 ns	     33065	80006acc	071fa593	slti	x11,x31,113	 x31:0x00000000 x11=0x00000001
     330685.000 ns	     33067	80006ad0	e00c10d3	fclass.s	x1,f24	 f24:0x7fc00000  x1=0x00000200
     330705.000 ns	     33069	80006ad4	d207a593	slti	x11,x15,-736	 x15:0x00000000 x11=0x00000000
     330725.000 ns	     33071	80006ad8	e00107d3	fmv.x.w	x15,f2	  f2:0x00000000 x15=0x00000000
     330745.000 ns	     33073	80006adc	00aa87b3	add	x15,x21,x10	 x21:0xc0000000 x10:0x00000000 x15=0xc0000000
     330755.000 ns	     33074	80006ae0	4098d833	sra	x16,x17,x9	 x17:0x4138d58c  x9:0x209d73c6 x16=0x0104e356
     331925.000 ns	     33191	80006ae4	580df153	fsqrt.s	f2,f27	 f27:0x3f7fff38  f2=0x3f3503d5
     331945.000 ns	     33193	80006ae8	01c781b3	add	x3,x15,x28	 x15:0xc0000000 x28:0xf506f533  x3=0xb506f533
     331965.000 ns	     33195	80006aec	29da85d3	fmin.s	f11,f21,f29	 f21:0xffc00000 f29:0x80040fe4 f11=0x80040fe4
     331985.000 ns	     33197	80006af0	40df51b3	sra	x3,x30,x13	 x30:0x80040fa4 x13:0x42e978c3  x3=0xf00081f4
     331995.000 ns	     33198	80006af4	016c74b3	and	x9,x24,x22	 x24:0x00000001 x22:0x96e64ab8  x9=0x00000000
     332005.000 ns	     33199	80006af8	01578eb3	add	x29,x15,x21	 x15:0xc0000000 x21:0xc0000000 x29=0x80000000
     332045.000 ns	     33203	80006afc	09e4c953	fsub.s	f18,f9,f30	  f9:0x44714000 f30:0x7fc00000 f18=0x7fc00000
     332065.000 ns	     33205	80006b00	00883833	sltu	x16,x16,x8	 x16:0x0104e356  x8:0x00000000 x16=0x00000000
     332085.000 ns	     33207	80006b04	03c88ab3	mul	x21,x17,x28	 x17:0x4138d58c x28:0xf506f533 x21=0x5ff986e4
     332115.000 ns	     33210	80006b08	215b11d3	fsgnjn.s	f3,f22,f21	 f22:0xfe34b429 f21:0xffc00000  f3=0x7e34b429
     332135.000 ns	     33212	80006b0c	0149d3b3	srl	x7,x19,x20	 x19:0x3f7fff38 x20:0x00000000  x7=0x3f7fff38
     332155.000 ns	     33214	80006b10	a064aad3	feq.s	x21,f9,f6	  f9:0x44714000  f6:0x7fc00000 x21=0x00000000
     332185.000 ns	     33217	80006b14	e00986d3	fmv.x.w	x13,f19	 f19:0xceb4f8e9 x13=0xceb4f8e9
     332235.000 ns	     33222	80006b18	0983f553	fsub.s	f10,f7,f24	  f7:0x80000000 f24:0x7fc00000 f10=0x7fc00000
     332255.000 ns	     33224	80006b1c	331acf13	xori	x30,x21,817	 x21:0x00000000 x30=0x00000331
     332275.000 ns	     33226	80006b20	20b4a4d3	fsgnjx.s	f9,f9,f11	  f9:0x44714000 f11:0x80040fe4  f9=0xc4714000
     332295.000 ns	     33228	80006b24	213ccf13	xori	x30,x25,531	 x25:0x80040fe4 x30=0x80040df7
     332315.000 ns	     33230	80006b28	f0068c53	fmv.w.x	f24,x13	 x13:0xceb4f8e9 f24=0xceb4f8e9
     332335.000 ns	     33232	80006b2c	00000013	addi	x0,x0,0	  x0:0x00000000
     332355.000 ns	     33234	80006b30	28740653	fmin.s	f12,f8,f7	  f8:0x00000000  f7:0x80000000 f12=0x80000000
     332385.000 ns	     33237	80006b34	a0119853	flt.s	x16,f3,f1	  f3:0x7e34b429  f1:0xff800000 x16=0x00000000
     332405.000 ns	     33239	80006b38	b7fca813	slti	x16,x25,-1153	 x25:0x80040fe4 x16=0x00000001
     332415.000 ns	     33240	80006b3c	018de0b3	or	x1,x27,x24	 x27:0x00000000 x24:0x00000001  x1=0x00000001
     332435.000 ns	     33242	80006b40	c005f553	fcvt.w.s	x10,f11	 f11:0x80040fe4 x10=0x00000000
     332455.000 ns	     33244	80006b44	40e453b3	sra	x7,x8,x14	  x8:0x00000000 x14:0x00000000  x7=0x00000000
     332475.000 ns	     33246	80006b48	034b2f33	mulhsu	x30,x22,x20	 x22:0x96e64ab8 x20:0x00000000 x30=0x00000000
     332495.000 ns	     33248	80006b4c	41addf13	srai	x30,x27,0x1a	 x27:0x00000000 x30=0x00000000
     332515.000 ns	     33250	80006b50	028f37b3	mulhu	x15,x30,x8	 x30:0x00000000  x8:0x00000000 x15=0x00000000
     332545.000 ns	     33253	80006b54	f0070653	fmv.w.x	f12,x14	 x14:0x00000000 f12=0x00000000
     332575.000 ns	     33256	80006b58	02705833	divu	x16,x0,x7	  x0:0x00000000  x7:0x00000000 x16=0xffffffff
     332605.000 ns	     33259	80006b5c	c007ffd3	fcvt.w.s	x31,f15	 f15:0x00000000 x31=0x00000000
     332635.000 ns	     33262	80006b60	027b1433	mulh	x8,x22,x7	 x22:0x96e64ab8  x7:0x00000000  x8=0x00000000
     332665.000 ns	     33265	80006b64	28ea9bd3	fmax.s	f23,f21,f14	 f21:0xffc00000 f14:0x3f7fff38 f23=0x3f7fff38
     332685.000 ns	     33267	80006b68	00d9c3b3	xor	x7,x19,x13	 x19:0x3f7fff38 x13:0xceb4f8e9  x7=0xf1cb07d1
     332695.000 ns	     33268	80006b6c	016480b3	add	x1,x9,x22	  x9:0x00000000 x22:0x96e64ab8  x1=0x96e64ab8
     332715.000 ns	     33270	80006b70	034ff233	remu	x4,x31,x20	 x31:0x00000000 x20:0x00000000  x4=0x00000000
     332735.000 ns	     33272	80006b74	0199d8b3	srl	x17,x19,x25	 x19:0x3f7fff38 x25:0x80040fe4 x17=0x03f7fff3
     332755.000 ns	     33274	80006b78	c00d27d3	fcvt.w.s	x15,f26	 f26:0xceb4f8e8 x15=0xa5838c00
     332785.000 ns	     33277	80006b7c	29000953	fmin.s	f18,f0,f16	  f0:0x4eb4f8e9 f16:0x3f7fff38 f18=0x3f7fff38
     332815.000 ns	     33280	80006b80	28498ad3	fmin.s	f21,f19,f4	 f19:0xceb4f8e9  f4:0x7fc00000 f21=0xceb4f8e9
     332835.000 ns	     33282	80006b84	00ea50b3	srl	x1,x20,x14	 x20:0x00000000 x14:0x00000000  x1=0x00000000
     332845.000 ns	     33283	80006b88	417adc13	srai	x24,x21,0x17	 x21:0x00000000 x24=0x00000000
     332855.000 ns	     33284	80006b8c	01cdd913	srli	x18,x27,0x1c	 x27:0x00000000 x18=0x00000000
     332875.000 ns	     33286	80006b90	d00148d3	fcvt.s.w	f17,x2	  x2:0x00000000 f17=0x00000000
     332895.000 ns	     33288	80006b94	00381a13	slli	x20,x16,0x3	 x16:0xffffffff x20=0xfffffff8
     332905.000 ns	     33289	80006b98	41b407b3	sub	x15,x8,x27	  x8:0x00000000 x27:0x00000000 x15=0x00000000
     332945.000 ns	     33293	80006b9c	083a9253	fsub.s	f4,f21,f3	 f21:0xceb4f8e9  f3:0x7e34b429  f4=0xfe34b429
     332975.000 ns	     33296	80006ba0	289b08d3	fmin.s	f17,f22,f9	 f22:0xfe34b429  f9:0xc4714000 f17=0xfe34b429
     333005.000 ns	     33299	80006ba4	03ec5233	divu	x4,x24,x30	 x24:0x00000000 x30:0x00000000  x4=0xffffffff
     333035.000 ns	     33302	80006ba8	21e40fd3	fsgnj.s	f31,f8,f30	  f8:0x00000000 f30:0x7fc00000 f31=0x00000000
     333085.000 ns	     33307	80006bac	00ff17d3	fadd.s	f15,f30,f15	 f30:0x7fc00000 f15:0x00000000 f15=0x7fc00000
     333115.000 ns	     33310	80006bb0	02e490b3	mulh	x1,x9,x14	  x9:0x00000000 x14:0x00000000  x1=0x00000000
     333145.000 ns	     33313	80006bb4	02574bb3	div	x23,x14,x5	 x14:0x00000000  x5:0x00000000 x23=0xffffffff
     333185.000 ns	     33317	80006bb8	580b40d3	fsqrt.s	f1,f22	 f22:0xfe34b429  f1=0x7fc00000
     333205.000 ns	     33319	80006bbc	7d0c0893	addi	x17,x24,2000	 x24:0x00000000 x17=0x000007d0
     333215.000 ns	     33320	80006bc0	002f33b3	sltu	x7,x30,x2	 x30:0x00000000  x2:0x00000000  x7=0x00000000
     333545.000 ns	     33353	80006bc4	18204d53	fdiv.s	f26,f0,f2	  f0:0x4eb4f8e9  f2:0x3f3503d5 f26=0x4effefee
     333565.000 ns	     33355	80006bc8	8127fa93	andi	x21,x15,-2030	 x15:0x00000000 x21=0x00000000
     333585.000 ns	     33357	80006bcc	03bd09b3	mul	x19,x26,x27	 x26:0x00000405 x27:0x00000000 x19=0x00000000
     333615.000 ns	     33360	80006bd0	a1ea2c53	feq.s	x24,f20,f30	 f20:0x3f7fff38 f30:0x7fc00000 x24=0x00000000
     333645.000 ns	     33363	80006bd4	2192a1d3	fsgnjx.s	f3,f5,f25	  f5:0x00000000 f25:0xbf7fff38  f3=0x80000000
     333675.000 ns	     33366	80006bd8	e00588d3	fmv.x.w	x17,f11	 f11:0x80040fe4 x17=0x80040fe4
     333695.000 ns	     33368	80006bdc	cd90bd13	sltiu	x26,x1,-807	  x1:0x00000000 x26=0x00000001
     333705.000 ns	     33369	80006be0	00982633	slt	x12,x16,x9	 x16:0xffffffff  x9:0x00000000 x12=0x00000001
     333715.000 ns	     33370	80006be4	0111e733	or	x14,x3,x17	  x3:0xf00081f4 x17:0x80040fe4 x14=0xf0048ff4
     333745.000 ns	     33373	80006be8	1884f053	fdiv.s	f0,f9,f8	  f9:0xc4714000  f8:0x00000000  f0=0xff800000
     333765.000 ns	     33375	80006bec	f7fd8a13	addi	x20,x27,-129	 x27:0x00000000 x20=0xffffff7f
     333775.000 ns	     33376	80006bf0	00c0d613	srli	x12,x1,0xc	  x1:0x00000000 x12=0x00000000
     333805.000 ns	     33379	80006bf4	105af1d3	fmul.s	f3,f21,f5	 f21:0xceb4f8e9  f5:0x00000000  f3=0x80000000
     333825.000 ns	     33381	80006bf8	01e35433	srl	x8,x6,x30	  x6:0x80041024 x30:0x00000000  x8=0x80041024
     333835.000 ns	     33382	80006bfc	58388d93	addi	x27,x17,1411	 x17:0x80040fe4 x27=0x80041567
     333865.000 ns	     33385	80006c00	19e5f853	fdiv.s	f16,f11,f30	 f11:0x80040fe4 f30:0x7fc00000 f16=0x7fc00000
     333885.000 ns	     33387	80006c04	8c1e3497	auipc	x9,0x8c1e3	  x9=0x0c1e9c04
     333905.000 ns	     33389	80006c08	02fe73b3	remu	x7,x28,x15	 x28:0xf506f533 x15:0x00000000  x7=0xf506f533
     333925.000 ns	     33391	80006c0c	7e51ab93	slti	x23,x3,2021	  x3:0xf00081f4 x23=0x00000001
     333935.000 ns	     33392	80006c10	e0fe0593	addi	x11,x28,-497	 x28:0xf506f533 x11=0xf506f342
     333945.000 ns	     33393	80006c14	fb8da793	slti	x15,x27,-72	 x27:0x80041567 x15=0x00000001
     334305.000 ns	     33429	80006c18	039cec33	rem	x24,x25,x25	 x25:0x80040fe4 x25:0x80040fe4 x24=0x00000000
     334325.000 ns	     33431	80006c1c	00000013	addi	x0,x0,0	  x0:0x00000000
     334335.000 ns	     33432	80006c20	00590633	add	x12,x18,x5	 x18:0x00000000  x5:0x00000000 x12=0x00000000
     334365.000 ns	     33435	80006c24	58089053	fsqrt.s	f0,f17	 f17:0xfe34b429  f0=0x7fc00000
     334385.000 ns	     33437	80006c28	a0dcc237	lui	x4,0xa0dcc	  x4=0xa0dcc000
     334405.000 ns	     33439	80006c2c	d011bbd3	fcvt.s.wu	f23,x3	  x3:0xf00081f4 f23=0x4f700082
     334435.000 ns	     33442	80006c30	a0ea18d3	flt.s	x17,f20,f14	 f20:0x3f7fff38 f14:0x3f7fff38 x17=0x00000000
     334775.000 ns	     33476	80006c34	18d49253	fdiv.s	f4,f9,f13	  f9:0xc4714000 f13:0x80041fe4  f4=0x7f800000
     334795.000 ns	     33478	80006c38	409a51b3	sra	x3,x20,x9	 x20:0xffffff7f  x9:0x0c1e9c04  x3=0xfffffff7
     334825.000 ns	     33481	80006c3c	18c21cd3	fdiv.s	f25,f4,f12	  f4:0x7f800000 f12:0x00000000 f25=0x7f800000
     334855.000 ns	     33484	80006c40	03150133	mul	x2,x10,x17	 x10:0x00000000 x17:0x00000000  x2=0x00000000
     334885.000 ns	     33487	80006c44	21f60bd3	fsgnj.s	f23,f12,f31	 f12:0x00000000 f31:0x00000000 f23=0x00000000
     334915.000 ns	     33490	80006c48	28949ed3	fmax.s	f29,f9,f9	  f9:0xc4714000  f9:0xc4714000 f29=0xc4714000
     334945.000 ns	     33493	80006c4c	f00702d3	fmv.w.x	f5,x14	 x14:0xf0048ff4  f5=0xf0048ff4
     334975.000 ns	     33496	80006c50	e00318d3	fclass.s	x17,f6	  f6:0x7fc00000 x17=0x00000200
     335005.000 ns	     33499	80006c54	d01ff9d3	fcvt.s.wu	f19,x31	 x31:0x00000000 f19=0x00000000
     335035.000 ns	     33502	80006c58	21b926d3	fsgnjx.s	f13,f18,f27	 f18:0x3f7fff38 f27:0x3f7fff38 f13=0x3f7fff38
     335055.000 ns	     33504	80006c5c	0f43b393	sltiu	x7,x7,244	  x7:0xf506f533  x7=0x00000000
     335065.000 ns	     33505	80006c60	00419113	slli	x2,x3,0x4	  x3:0xfffffff7  x2=0xffffff70
     335085.000 ns	     33507	80006c64	d001fc53	fcvt.s.w	f24,x3	  x3:0xfffffff7 f24=0xc1100000
     335105.000 ns	     33509	80006c68	b0897793	andi	x15,x18,-1272	 x18:0x00000000 x15=0x00000000
     335125.000 ns	     33511	80006c6c	03251d33	mulh	x26,x10,x18	 x10:0x00000000 x18:0x00000000 x26=0x00000000
     335155.000 ns	     33514	80006c70	a1cd9ad3	flt.s	x21,f27,f28	 f27:0x3f7fff38 f28:0x3f350461 x21=0x00000000
     335175.000 ns	     33516	80006c74	008b5833	srl	x16,x22,x8	 x22:0x96e64ab8  x8:0x80041024 x16=0x096e64ab
     335185.000 ns	     33517	80006c78	41bb5513	srai	x10,x22,0x1b	 x22:0x96e64ab8 x10=0xfffffff2
     335195.000 ns	     33518	80006c7c	62133013	sltiu	x0,x6,1569	  x6:0x80041024
     335215.000 ns	     33520	80006c80	03a98ab3	mul	x21,x19,x26	 x19:0x00000000 x26:0x00000000 x21=0x00000000
     335245.000 ns	     33523	80006c84	02adb033	mulhu	x0,x27,x10	 x27:0x80041567 x10:0xfffffff2
     335265.000 ns	     33525	80006c88	40725693	srai	x13,x4,0x7	  x4:0xa0dcc000 x13=0xff41b980
     335295.000 ns	     33528	80006c8c	1176fa53	fmul.s	f20,f13,f23	 f13:0x3f7fff38 f23:0x00000000 f20=0x00000000
     335325.000 ns	     33531	80006c90	283e14d3	fmax.s	f9,f28,f3	 f28:0x3f350461  f3:0x80000000  f9=0x3f350461
     335345.000 ns	     33533	80006c94	00000013	addi	x0,x0,0	  x0:0x00000000
     335365.000 ns	     33535	80006c98	03ef7933	remu	x18,x30,x30	 x30:0x00000000 x30:0x00000000 x18=0x00000000
     335385.000 ns	     33537	80006c9c	9c246d13	ori	x26,x8,-1598	  x8:0x80041024 x26=0xfffff9e6
     335395.000 ns	     33538	80006ca0	019a3113	sltiu	x2,x20,25	 x20:0xffffff7f  x2=0x00000000
     335405.000 ns	     33539	80006ca4	69593b93	sltiu	x23,x18,1685	 x18:0x00000000 x23=0x00000001
     335445.000 ns	     33543	80006ca8	00aea753	fadd.s	f14,f29,f10	 f29:0xc4714000 f10:0x7fc00000 f14=0x7fc00000
     335465.000 ns	     33545	80006cac	00000013	addi	x0,x0,0	  x0:0x00000000
     335475.000 ns	     33546	80006cb0	a2ae3293	sltiu	x5,x28,-1494	 x28:0xf506f533  x5=0x00000001
     335495.000 ns	     33548	80006cb4	211118d3	fsgnjn.s	f17,f2,f17	  f2:0x3f3503d5 f17:0xfe34b429 f17=0x3f3503d5
     335545.000 ns	     33553	80006cb8	01867d53	fadd.s	f26,f12,f24	 f12:0x00000000 f24:0xc1100000 f26=0xc1100000
     335565.000 ns	     33555	80006cbc	c56a1997	auipc	x19,0xc56a1	 x19=0x456a7cbc
     335605.000 ns	     33559	80006cc0	0101a0d3	fadd.s	f1,f3,f16	  f3:0x80000000 f16:0x7fc00000  f1=0x7fc00000
     335635.000 ns	     33562	80006cc4	29909ed3	fmax.s	f29,f1,f25	  f1:0x7fc00000 f25:0x7f800000 f29=0x7f800000
     335665.000 ns	     33565	80006cc8	c01d3053	fcvt.wu.s	x0,f26	 f26:0xc1100000
     335695.000 ns	     33568	80006ccc	e00506d3	fmv.x.w	x13,f10	 f10:0x7fc00000 x13=0x7fc00000
     335715.000 ns	     33570	80006cd0	00529013	slli	x0,x5,0x5	  x5:0x00000001
     335735.000 ns	     33572	80006cd4	20761353	fsgnjn.s	f6,f12,f7	 f12:0x00000000  f7:0x80000000  f6=0x00000000
     336105.000 ns	     33609	80006cd8	02e1d7b3	divu	x15,x3,x14	  x3:0xfffffff7 x14:0xf0048ff4 x15=0x00000001
     336125.000 ns	     33611	80006cdc	3bf8bb97	auipc	x23,0x3bf8b	 x23=0xbbf91cdc
     336135.000 ns	     33612	80006ce0	001f39b3	sltu	x19,x30,x1	 x30:0x00000000  x1:0x00000000 x19=0x00000000
     336155.000 ns	     33614	80006ce4	217129d3	fsgnjx.s	f19,f2,f23	  f2:0x3f3503d5 f23:0x00000000 f19=0x3f3503d5
     336185.000 ns	     33617	80006ce8	e00e9ad3	fclass.s	x21,f29	 f29:0x7f800000 x21=0x00000080
     336205.000 ns	     33619	80006cec	401e5093	srai	x1,x28,0x1	 x28:0xf506f533  x1=0xfa837a99
     336225.000 ns	     33621	80006cf0	0277c833	div	x16,x15,x7	 x15:0x00000001  x7:0x00000000 x16=0xffffffff
     336245.000 ns	     33623	80006cf4	4107d8b3	sra	x17,x15,x16	 x15:0x00000001 x16:0x096e64ab x17=0x00000000
     336255.000 ns	     33624	80006cf8	41f78733	sub	x14,x15,x31	 x15:0x00000001 x31:0x00000000 x14=0x00000001
     336285.000 ns	     33627	80006cfc	19aff753	fdiv.s	f14,f31,f26	 f31:0x00000000 f26:0xc1100000 f14=0x80000000
     336315.000 ns	     33630	80006d00	20e9a9d3	fsgnjx.s	f19,f19,f14	 f19:0x3f3503d5 f14:0x7fc00000 f19=0xbf3503d5
     336345.000 ns	     33633	80006d04	e0099ad3	fclass.s	x21,f19	 f19:0x3f3503d5 x21=0x00000002
     336365.000 ns	     33635	80006d08	00000013	addi	x0,x0,0	  x0:0x00000000
     336375.000 ns	     33636	80006d0c	414b85b3	sub	x11,x23,x20	 x23:0xbbf91cdc x20:0xffffff7f x11=0xbbf91d5d
     336395.000 ns	     33638	80006d10	295417d3	fmax.s	f15,f8,f21	  f8:0x00000000 f21:0xceb4f8e9 f15=0x00000000
     336415.000 ns	     33640	80006d14	010a2533	slt	x10,x20,x16	 x20:0xffffff7f x16:0xffffffff x10=0x00000001
     336435.000 ns	     33642	80006d18	21cbab53	fsgnjx.s	f22,f23,f28	 f23:0x00000000 f28:0x3f350461 f22=0x00000000
     336485.000 ns	     33647	80006d1c	080dcdd3	fsub.s	f27,f27,f0	 f27:0x3f7fff38  f0:0x7fc00000 f27=0x7fc00000
     336855.000 ns	     33684	80006d20	0368e533	rem	x10,x17,x22	 x17:0x00000000 x22:0x96e64ab8 x10=0x00000000
     336875.000 ns	     33686	80006d24	00d4db93	srli	x23,x9,0xd	  x9:0x0c1e9c04 x23=0x000060f4
     336885.000 ns	     33687	80006d28	d4486d93	ori	x27,x16,-700	 x16:0xffffffff x27=0xffffffff
     336905.000 ns	     33689	80006d2c	287785d3	fmin.s	f11,f15,f7	 f15:0x00000000  f7:0x80000000 f11=0x80000000
     336925.000 ns	     33691	80006d30	32737413	andi	x8,x6,807	  x6:0x80041024  x8=0x00000024
     336935.000 ns	     33692	80006d34	66b1a993	slti	x19,x3,1643	  x3:0xfffffff7 x19=0x00000001
     336945.000 ns	     33693	80006d38	0107c2b3	xor	x5,x15,x16	 x15:0x00000001 x16:0xffffffff  x5=0xfffffffe
     336975.000 ns	     33696	80006d3c	1055f6d3	fmul.s	f13,f11,f5	 f11:0x80000000  f5:0xf0048ff4 f13=0x00000000
     337025.000 ns	     33701	80006d40	012b75d3	fadd.s	f11,f22,f18	 f22:0x00000000 f18:0x3f7fff38 f11=0x3f7fff38
     337055.000 ns	     33704	80006d44	03ed55b3	divu	x11,x26,x30	 x26:0xfffff9e6 x30:0x00000000 x11=0xffffffff
     337075.000 ns	     33706	80006d48	6085ec13	ori	x24,x11,1544	 x11:0xbbf91d5d x24=0xffffffff
     337095.000 ns	     33708	80006d4c	c014f953	fcvt.wu.s	x18,f9	  f9:0x3f350461 x18=0x00000000
     337125.000 ns	     33711	80006d50	a19f27d3	feq.s	x15,f30,f25	 f30:0x7fc00000 f25:0x7f800000 x15=0x00000000
     337165.000 ns	     33715	80006d54	108b24d3	fmul.s	f9,f22,f8	 f22:0x00000000  f8:0x00000000  f9=0x00000000
     337195.000 ns	     33718	80006d58	21702fd3	fsgnjx.s	f31,f0,f23	  f0:0x7fc00000 f23:0x00000000 f31=0x7fc00000
     337225.000 ns	     33721	80006d5c	02251b33	mulh	x22,x10,x2	 x10:0x00000000  x2:0x00000000 x22=0x00000000
     337255.000 ns	     33724	80006d60	21769653	fsgnjn.s	f12,f13,f23	 f13:0x00000000 f23:0x00000000 f12=0x80000000
     337285.000 ns	     33727	80006d64	a1d68153	fle.s	x2,f13,f29	 f13:0x00000000 f29:0x7f800000  x2=0x00000001
     337655.000 ns	     33764	80006d68	02d5f1b3	remu	x3,x11,x13	 x11:0xffffffff x13:0x7fc00000  x3=0x007fffff
     337685.000 ns	     33767	80006d6c	a0318ad3	fle.s	x21,f3,f3	  f3:0x80000000  f3:0x80000000 x21=0x00000001
     337725.000 ns	     33771	80006d70	10738bd3	fmul.s	f23,f7,f7	  f7:0x80000000  f7:0x80000000 f23=0x00000000
     337745.000 ns	     33773	80006d74	019b1213	slli	x4,x22,0x19	 x22:0x00000000  x4=0x00000000
     337765.000 ns	     33775	80006d78	e00580d3	fmv.x.w	x1,f11	 f11:0x3f7fff38  x1=0x3f7fff38
     337785.000 ns	     33777	80006d7c	003de9b3	or	x19,x27,x3	 x27:0xffffffff  x3:0x007fffff x19=0xffffffff
     337795.000 ns	     33778	80006d80	00a53fb3	sltu	x31,x10,x10	 x10:0x00000000 x10:0x00000000 x31=0x00000000
     337805.000 ns	     33779	80006d84	41c1d193	srai	x3,x3,0x1c	  x3:0x007fffff  x3=0x00000000
     337825.000 ns	     33781	80006d88	f00f8bd3	fmv.w.x	f23,x31	 x31:0x00000000 f23=0x00000000
     337845.000 ns	     33783	80006d8c	dbed8b37	lui	x22,0xdbed8	 x22=0xdbed8000
     337865.000 ns	     33785	80006d90	a07e8dd3	fle.s	x27,f29,f7	 f29:0x7f800000  f7:0x80000000 x27=0x00000000
     337895.000 ns	     33788	80006d94	024b16b3	mulh	x13,x22,x4	 x22:0x00000000  x4:0x00000000 x13=0x00000000
     337915.000 ns	     33790	80006d98	000869b3	or	x19,x16,x0	 x16:0xffffffff  x0:0x00000000 x19=0xffffffff
     337935.000 ns	     33792	80006d9c	d0181f53	fcvt.s.wu	f30,x16	 x16:0xffffffff f30=0x4f7fffff
     337955.000 ns	     33794	80006da0	5b94b137	lui	x2,0x5b94b	  x2=0x5b94b000
     337975.000 ns	     33796	80006da4	03fd8733	mul	x14,x27,x31	 x27:0x00000000 x31:0x00000000 x14=0x00000000
     337995.000 ns	     33798	80006da8	004f1293	slli	x5,x30,0x4	 x30:0x00000000  x5=0x00000000
     338005.000 ns	     33799	80006dac	b7d48693	addi	x13,x9,-1155	  x9:0x0c1e9c04 x13=0x0c1e9781
     338025.000 ns	     33801	80006db0	d00571d3	fcvt.s.w	f3,x10	 x10:0x00000000  f3=0x00000000
     338055.000 ns	     33804	80006db4	02c1d9b3	divu	x19,x3,x12	  x3:0x00000000 x12:0x00000000 x19=0xffffffff
     338085.000 ns	     33807	80006db8	f0000e53	fmv.w.x	f28,x0	  x0:0x00000000 f28=0x00000000
     338115.000 ns	     33810	80006dbc	022e9eb3	mulh	x29,x29,x2	 x29:0x80000000  x2:0x5b94b000 x29=0xd235a800
     338485.000 ns	     33847	80006dc0	0264d9b3	divu	x19,x9,x6	  x9:0x0c1e9c04  x6:0x80041024 x19=0x00000000
     338515.000 ns	     33850	80006dc4	20b41653	fsgnjn.s	f12,f8,f11	  f8:0x00000000 f11:0x3f7fff38 f12=0x80000000
     338535.000 ns	     33852	80006dc8	01a689b3	add	x19,x13,x26	 x13:0x0c1e9781 x26:0xfffff9e6 x19=0x0c1e9167
     338545.000 ns	     33853	80006dcc	b9a57e93	andi	x29,x10,-1126	 x10:0x00000000 x29=0x00000000
     338555.000 ns	     33854	80006dd0	012cbf33	sltu	x30,x25,x18	 x25:0x80040fe4 x18:0x00000000 x30=0x00000000
     338575.000 ns	     33856	80006dd4	219f0153	fsgnj.s	f2,f30,f25	 f30:0x4f7fffff f25:0x7f800000  f2=0x4f7fffff
     338605.000 ns	     33859	80006dd8	a1061b53	flt.s	x22,f12,f16	 f12:0x80000000 f16:0x7fc00000 x22=0x00000000
     338635.000 ns	     33862	80006ddc	295d0853	fmin.s	f16,f26,f21	 f26:0xc1100000 f21:0xceb4f8e9 f16=0xceb4f8e9
     338685.000 ns	     33867	80006de0	0001bc53	fadd.s	f24,f3,f0	  f3:0x00000000  f0:0x7fc00000 f24=0x7fc00000
     338715.000 ns	     33870	80006de4	c007fb53	fcvt.w.s	x22,f15	 f15:0x00000000 x22=0x00000000
     338745.000 ns	     33873	80006de8	03d758b3	divu	x17,x14,x29	 x14:0x00000000 x29:0x00000000 x17=0xffffffff
     339085.000 ns	     33907	80006dec	19a8f253	fdiv.s	f4,f17,f26	 f17:0x3f3503d5 f26:0xc1100000  f4=0xbd997011
     339115.000 ns	     33910	80006df0	a14a88d3	fle.s	x17,f21,f20	 f21:0xceb4f8e9 f20:0x00000000 x17=0x00000001
     339145.000 ns	     33913	80006df4	0325a4b3	mulhsu	x9,x11,x18	 x11:0xffffffff x18:0x00000000  x9=0x00000000
     339185.000 ns	     33917	80006df8	119cacd3	fmul.s	f25,f25,f25	 f25:0x7f800000 f25:0x7f800000 f25=0x7f800000
     339205.000 ns	     33919	80006dfc	001a1bb3	sll	x23,x20,x1	 x20:0xffffff7f  x1:0x3f7fff38 x23=0x7f000000
     339225.000 ns	     33921	80006e00	20518153	fsgnj.s	f2,f3,f5	  f3:0x00000000  f5:0xf0048ff4  f2=0x80000000
     339245.000 ns	     33923	80006e04	00000013	addi	x0,x0,0	  x0:0x00000000
     339255.000 ns	     33924	80006e08	d7004613	xori	x12,x0,-656	  x0:0x00000000 x12=0xfffffd70
     339265.000 ns	     33925	80006e0c	40bfd6b3	sra	x13,x31,x11	 x31:0x00000000 x11:0xffffffff x13=0x00000000
     339625.000 ns	     33961	80006e10	03a94bb3	div	x23,x18,x26	 x18:0x00000000 x26:0xfffff9e6 x23=0x00000000
     339655.000 ns	     33964	80006e14	e00a93d3	fclass.s	x7,f21	 f21:0xceb4f8e9  x7=0x00000002
     339695.000 ns	     33968	80006e18	580ff353	fsqrt.s	f6,f31	 f31:0x7fc00000  f6=0x7fc00000
     339725.000 ns	     33971	80006e1c	20412f53	fsgnjx.s	f30,f2,f4	  f2:0x80000000  f4:0xbd997011 f30=0x00000000
     339755.000 ns	     33974	80006e20	e00b8a53	fmv.x.w	x20,f23	 f23:0x00000000 x20=0x00000000
     339785.000 ns	     33977	80006e24	20ff91d3	fsgnjn.s	f3,f31,f15	 f31:0x7fc00000 f15:0x00000000  f3=0xffc00000
     339805.000 ns	     33979	80006e28	01205c13	srli	x24,x0,0x12	  x0:0x00000000 x24=0x00000000
     339825.000 ns	     33981	80006e2c	2197ad53	fsgnjx.s	f26,f15,f25	 f15:0x00000000 f25:0x7f800000 f26=0x00000000
     339845.000 ns	     33983	80006e30	40175e93	srai	x29,x14,0x1	 x14:0x00000000 x29=0x00000000
     339855.000 ns	     33984	80006e34	019943b3	xor	x7,x18,x25	 x18:0x00000000 x25:0x80040fe4  x7=0x80040fe4
     339865.000 ns	     33985	80006e38	0123fdb3	and	x27,x7,x18	  x7:0x00000002 x18:0x00000000 x27=0x00000000
     339885.000 ns	     33987	80006e3c	025ee833	rem	x16,x29,x5	 x29:0x00000000  x5:0x00000000 x16=0x00000000
     339925.000 ns	     33991	80006e40	110cf753	fmul.s	f14,f25,f16	 f25:0x7f800000 f16:0xceb4f8e9 f14=0xff800000
     340295.000 ns	     34028	80006e44	02b35ab3	divu	x21,x6,x11	  x6:0x80041024 x11:0xffffffff x21=0x00000000
     340325.000 ns	     34031	80006e48	a19024d3	feq.s	x9,f0,f25	  f0:0x7fc00000 f25:0x7f800000  x9=0x00000000
     341505.000 ns	     34149	80006e4c	58097ad3	fsqrt.s	f21,f18	 f18:0x3f7fff38 f21=0x3f3503d5
     341525.000 ns	     34151	80006e50	000b9f93	slli	x31,x23,0x0	 x23:0x00000000 x31=0x00000000
     341545.000 ns	     34153	80006e54	21af83d3	fsgnj.s	f7,f31,f26	 f31:0x7fc00000 f26:0x00000000  f7=0x7fc00000
     341565.000 ns	     34155	80006e58	01debc33	sltu	x24,x29,x29	 x29:0x00000000 x29:0x00000000 x24=0x00000000
     341575.000 ns	     34156	80006e5c	009d63b3	or	x7,x26,x9	 x26:0xfffff9e6  x9:0x00000000  x7=0xfffff9e6
     341595.000 ns	     34158	80006e60	a1c71dd3	flt.s	x27,f14,f28	 f14:0xff800000 f28:0x00000000 x27=0x00000001
     341615.000 ns	     34160	80006e64	00000013	addi	x0,x0,0	  x0:0x00000000
     341635.000 ns	     34162	80006e68	202ba8d3	fsgnjx.s	f17,f23,f2	 f23:0x00000000  f2:0x80000000 f17=0x80000000
     341655.000 ns	     34164	80006e6c	01b78eb3	add	x29,x15,x27	 x15:0x00000000 x27:0x00000001 x29=0x00000001
     341695.000 ns	     34168	80006e70	00811953	fadd.s	f18,f2,f8	  f2:0x80000000  f8:0x00000000 f18=0x00000000
     341715.000 ns	     34170	80006e74	00000013	addi	x0,x0,0	  x0:0x00000000
     341725.000 ns	     34171	80006e78	007dcbb3	xor	x23,x27,x7	 x27:0x00000001  x7:0xfffff9e6 x23=0xfffff9e7
     341745.000 ns	     34173	80006e7c	a1500053	fle.s	x0,f0,f21	  f0:0x7fc00000 f21:0x3f3503d5
     341765.000 ns	     34175	80006e80	008975b3	and	x11,x18,x8	 x18:0x00000000  x8:0x00000024 x11=0x00000000
     341775.000 ns	     34176	80006e84	42d53637	lui	x12,0x42d53	 x12=0x42d53000
     341785.000 ns	     34177	80006e88	00ca9493	slli	x9,x21,0xc	 x21:0x00000000  x9=0x00000000
     341805.000 ns	     34179	80006e8c	d0190ed3	fcvt.s.wu	f29,x18	 x18:0x00000000 f29=0x00000000
     341825.000 ns	     34181	80006e90	4fec2593	slti	x11,x24,1278	 x24:0x00000000 x11=0x00000001
     341845.000 ns	     34183	80006e94	20ce0e53	fsgnj.s	f28,f28,f12	 f28:0x00000000 f12:0x80000000 f28=0x80000000
     341865.000 ns	     34185	80006e98	017459b3	srl	x19,x8,x23	  x8:0x00000024 x23:0xfffff9e7 x19=0x00000000
     341895.000 ns	     34188	80006e9c	5807fe53	fsqrt.s	f28,f15	 f15:0x00000000 f28=0x00000000
     341915.000 ns	     34190	80006ea0	01251233	sll	x4,x10,x18	 x10:0x00000000 x18:0x00000000  x4=0x00000000
     341925.000 ns	     34191	80006ea4	60b03f93	sltiu	x31,x0,1547	  x0:0x00000000 x31=0x00000001
     341935.000 ns	     34192	80006ea8	006d7533	and	x10,x26,x6	 x26:0xfffff9e6  x6:0x80041024 x10=0x80041024
     341945.000 ns	     34193	80006eac	00d0d3b3	srl	x7,x1,x13	  x1:0x3f7fff38 x13:0x00000000  x7=0x3f7fff38
     341955.000 ns	     34194	80006eb0	810a4993	xori	x19,x20,-2032	 x20:0x00000000 x19=0xfffff810
     341995.000 ns	     34198	80006eb4	00967853	fadd.s	f16,f12,f9	 f12:0x80000000  f9:0x00000000 f16=0x00000000
     342025.000 ns	     34201	80006eb8	d002b8d3	fcvt.s.w	f17,x5	  x5:0x00000000 f17=0x00000000
     342045.000 ns	     34203	80006ebc	01499633	sll	x12,x19,x20	 x19:0xfffff810 x20:0x00000000 x12=0xfffff810
     342055.000 ns	     34204	80006ec0	41fed533	sra	x10,x29,x31	 x29:0x00000001 x31:0x00000001 x10=0x00000000
     342075.000 ns	     34206	80006ec4	032f9033	mulh	x0,x31,x18	 x31:0x00000001 x18:0x00000000
     342105.000 ns	     34209	80006ec8	035a4ab3	div	x21,x20,x21	 x20:0x00000000 x21:0x00000000 x21=0xffffffff
     342125.000 ns	     34211	80006ecc	00000013	addi	x0,x0,0	  x0:0x00000000
     342135.000 ns	     34212	80006ed0	01872c33	slt	x24,x14,x24	 x14:0x00000000 x24:0x00000000 x24=0x00000000
     342145.000 ns	     34213	80006ed4	019f0d33	add	x26,x30,x25	 x30:0x00000000 x25:0x80040fe4 x26=0x80040fe4
     342165.000 ns	     34215	80006ed8	21408653	fsgnj.s	f12,f1,f20	  f1:0x7fc00000 f20:0x00000000 f12=0x7fc00000
     342195.000 ns	     34218	80006edc	21e52e53	fsgnjx.s	f28,f10,f30	 f10:0x7fc00000 f30:0x00000000 f28=0x7fc00000
     342215.000 ns	     34220	80006ee0	5f02e137	lui	x2,0x5f02e	  x2=0x5f02e000
     342235.000 ns	     34222	80006ee4	e00d9053	fclass.s	x0,f27	 f27:0x7fc00000
     342255.000 ns	     34224	80006ee8	01a598b3	sll	x17,x11,x26	 x11:0x00000001 x26:0x80040fe4 x17=0x00000010
     342275.000 ns	     34226	80006eec	20bf23d3	fsgnjx.s	f7,f30,f11	 f30:0x00000000 f11:0x3f7fff38  f7=0x00000000
     342305.000 ns	     34229	80006ef0	a11590d3	flt.s	x1,f11,f17	 f11:0x3f7fff38 f17:0x00000000  x1=0x00000000
     342335.000 ns	     34232	80006ef4	20b6a653	fsgnjx.s	f12,f13,f11	 f13:0x00000000 f11:0x3f7fff38 f12=0x00000000
     342365.000 ns	     34235	80006ef8	e00400d3	fmv.x.w	x1,f8	  f8:0x00000000  x1=0x00000000
     342385.000 ns	     34237	80006efc	24e7ab13	slti	x22,x15,590	 x15:0x00000000 x22=0x00000001
     342395.000 ns	     34238	80006f00	02c5a013	slti	x0,x11,44	 x11:0x00000001
     342415.000 ns	     34240	80006f04	211586d3	fsgnj.s	f13,f11,f17	 f11:0x3f7fff38 f17:0x00000000 f13=0x3f7fff38
     342785.000 ns	     34277	80006f08	02c6d433	divu	x8,x13,x12	 x13:0x00000000 x12:0xfffff810  x8=0x00000000
     342815.000 ns	     34280	80006f0c	a0b21b53	flt.s	x22,f4,f11	  f4:0xbd997011 f11:0x3f7fff38 x22=0x00000001
     342845.000 ns	     34283	80006f10	c0007bd3	fcvt.w.s	x23,f0	  f0:0x7fc00000 x23=0x7fffffff
     342865.000 ns	     34285	80006f14	880434b7	lui	x9,0x88043	  x9=0x88043000
     342875.000 ns	     34286	80006f18	01fd1b33	sll	x22,x26,x31	 x26:0x80040fe4 x31:0x00000001 x22=0x00081fc8
     342895.000 ns	     34288	80006f1c	c00ec6d3	fcvt.w.s	x13,f29	 f29:0x00000000 x13=0x00000000
     342915.000 ns	     34290	80006f20	0015bbb3	sltu	x23,x11,x1	 x11:0x00000001  x1:0x00000000 x23=0x00000000
     342925.000 ns	     34291	80006f24	a11270b7	lui	x1,0xa1127	  x1=0xa1127000
     342945.000 ns	     34293	80006f28	c01e7953	fcvt.wu.s	x18,f28	 f28:0x7fc00000 x18=0xffffffff
     342975.000 ns	     34296	80006f2c	e00118d3	fclass.s	x17,f2	  f2:0x80000000 x17=0x00000008
     342995.000 ns	     34298	80006f30	b5e1aa93	slti	x21,x3,-1186	  x3:0x00000000 x21=0x00000000
     343015.000 ns	     34300	80006f34	a082a053	feq.s	x0,f5,f8	  f5:0xf0048ff4  f8:0x00000000
     343035.000 ns	     34302	80006f38	0143bc33	sltu	x24,x7,x20	  x7:0x3f7fff38 x20:0x00000000 x24=0x00000000
     343055.000 ns	     34304	80006f3c	21051353	fsgnjn.s	f6,f10,f16	 f10:0x7fc00000 f16:0x00000000  f6=0xffc00000
     343075.000 ns	     34306	80006f40	411cd133	sra	x2,x25,x17	 x25:0x80040fe4 x17:0x00000008  x2=0xff80040f
     343085.000 ns	     34307	80006f44	01df9a93	slli	x21,x31,0x1d	 x31:0x00000001 x21=0x20000000
     343105.000 ns	     34309	80006f48	03bbbc33	mulhu	x24,x23,x27	 x23:0x00000000 x27:0x00000001 x24=0x00000000
     343155.000 ns	     34314	80006f4c	090d1b53	fsub.s	f22,f26,f16	 f26:0x00000000 f16:0x00000000 f22=0x80000000
     343525.000 ns	     34351	80006f50	03206633	rem	x12,x0,x18	  x0:0x00000000 x18:0xffffffff x12=0x00000000
     343555.000 ns	     34354	80006f54	28a21f53	fmax.s	f30,f4,f10	  f4:0xbd997011 f10:0x7fc00000 f30=0xbd997011
     343575.000 ns	     34356	80006f58	41a3d613	srai	x12,x7,0x1a	  x7:0x3f7fff38 x12=0x0000000f
     343585.000 ns	     34357	80006f5c	5fb06193	ori	x3,x0,1531	  x0:0x00000000  x3=0x000005fb
     343595.000 ns	     34358	80006f60	942f0793	addi	x15,x30,-1726	 x30:0x00000000 x15=0xfffff942
     343605.000 ns	     34359	80006f64	00ec8ab3	add	x21,x25,x14	 x25:0x80040fe4 x14:0x00000000 x21=0x80040fe4
     343615.000 ns	     34360	80006f68	8873b193	sltiu	x3,x7,-1913	  x7:0x3f7fff38  x3=0x00000001
     343635.000 ns	     34362	80006f6c	a19b2a53	feq.s	x20,f22,f25	 f22:0x80000000 f25:0x7f800000 x20=0x00000000
     343655.000 ns	     34364	80006f70	01385713	srli	x14,x16,0x13	 x16:0x00000000 x14=0x00000000
     343675.000 ns	     34366	80006f74	03aab3b3	mulhu	x7,x21,x26	 x21:0x80040fe4 x26:0x80040fe4  x7=0x40040ff4
     343705.000 ns	     34369	80006f78	027aba33	mulhu	x20,x21,x7	 x21:0x80040fe4  x7:0x3f7fff38 x20=0x20030c03
     343735.000 ns	     34372	80006f7c	207804d3	fsgnj.s	f9,f16,f7	 f16:0x00000000  f7:0x00000000  f9=0x00000000
     343765.000 ns	     34375	80006f80	e00b84d3	fmv.x.w	x9,f23	 f23:0x00000000  x9=0x00000000
     343795.000 ns	     34378	80006f84	208c2a53	fsgnjx.s	f20,f24,f8	 f24:0x7fc00000  f8:0x00000000 f20=0x7fc00000
     343815.000 ns	     34380	80006f88	18228613	addi	x12,x5,386	  x5:0x00000000 x12=0x00000182
     343825.000 ns	     34381	80006f8c	18207193	andi	x3,x0,386	  x0:0x00000000  x3=0x00000000
     343835.000 ns	     34382	80006f90	c9abc293	xori	x5,x23,-870	 x23:0x00000000  x5=0xfffffc9a
     343855.000 ns	     34384	80006f94	a0e02053	feq.s	x0,f0,f14	  f0:0x7fc00000 f14:0xff800000
     343875.000 ns	     34386	80006f98	01088133	add	x2,x17,x16	 x17:0x00000008 x16:0x00000000  x2=0x00000008
     343885.000 ns	     34387	80006f9c	00af82b3	add	x5,x31,x10	 x31:0x00000001 x10:0x00000000  x5=0x00000001
     343915.000 ns	     34390	80006fa0	58047d53	fsqrt.s	f26,f8	  f8:0x00000000 f26=0x00000000
     345055.000 ns	     34504	80006fa4	580af653	fsqrt.s	f12,f21	 f21:0x3f3503d5 f12=0x3efffe2e
     345075.000 ns	     34506	80006fa8	000bd393	srli	x7,x23,0x0	 x23:0x00000000  x7=0x00000000
     345085.000 ns	     34507	80006fac	00000013	addi	x0,x0,0	  x0:0x00000000
     345105.000 ns	     34509	80006fb0	20d32a53	fsgnjx.s	f20,f6,f13	  f6:0xffc00000 f13:0x3f7fff38 f20=0xffc00000
     345135.000 ns	     34512	80006fb4	e00e14d3	fclass.s	x9,f28	 f28:0x7fc00000  x9=0x00000200
     345505.000 ns	     34549	80006fb8	0312c4b3	div	x9,x5,x17	  x5:0x00000001 x17:0x00000008  x9=0x00000000
     345535.000 ns	     34552	80006fbc	d00ef253	fcvt.s.w	f4,x29	 x29:0x00000001  f4=0x3f800000
     345555.000 ns	     34554	80006fc0	01107233	and	x4,x0,x17	  x0:0x00000000 x17:0x00000008  x4=0x00000000
     345565.000 ns	     34555	80006fc4	01491193	slli	x3,x18,0x14	 x18:0xffffffff  x3=0xfff00000
     345585.000 ns	     34557	80006fc8	0380d733	divu	x14,x1,x24	  x1:0xa1127000 x24:0x00000000 x14=0xffffffff
     345605.000 ns	     34559	80006fcc	006130b3	sltu	x1,x2,x6	  x2:0x00000008  x6:0x80041024  x1=0x00000001
     345625.000 ns	     34561	80006fd0	29009153	fmax.s	f2,f1,f16	  f1:0x7fc00000 f16:0x00000000  f2=0x00000000
     345645.000 ns	     34563	80006fd4	0110ef33	or	x30,x1,x17	  x1:0xa1127000 x17:0x00000008 x30=0x00000009
     345665.000 ns	     34565	80006fd8	20fa8153	fsgnj.s	f2,f21,f15	 f21:0x3f3503d5 f15:0x00000000  f2=0x3f3503d5
     345695.000 ns	     34568	80006fdc	a05caf53	feq.s	x30,f25,f5	 f25:0x7f800000  f5:0xf0048ff4 x30=0x00000000
     345715.000 ns	     34570	80006fe0	feb8a693	slti	x13,x17,-21	 x17:0x00000008 x13=0x00000000
     345735.000 ns	     34572	80006fe4	e0031bd3	fclass.s	x23,f6	  f6:0xffc00000 x23=0x00000200
     346105.000 ns	     34609	80006fe8	032641b3	div	x3,x12,x18	 x12:0x00000182 x18:0xffffffff  x3=0xfffffe7e
     346125.000 ns	     34611	80006fec	f3df6897	auipc	x17,0xf3df6	 x17=0x73dfcfec
     346145.000 ns	     34613	80006ff0	d00d24d3	fcvt.s.w	f9,x26	 x26:0x80040fe4  f9=0xcefff7e1
     346175.000 ns	     34616	80006ff4	21239253	fsgnjn.s	f4,f7,f18	  f7:0x00000000 f18:0x00000000  f4=0x80000000
     346205.000 ns	     34619	80006ff8	037f3f33	mulhu	x30,x30,x23	 x30:0x00000000 x23:0x00000200 x30=0x00000000
     346235.000 ns	     34622	80006ffc	f0030c53	fmv.w.x	f24,x6	  x6:0x80041024 f24=0x80041024
     346255.000 ns	     34624	80007000	01118ab3	add	x21,x3,x17	  x3:0xfffffe7e x17:0x73dfcfec x21=0x73dfce6a
     346615.000 ns	     34660	80007004	03cd61b3	rem	x3,x26,x28	 x26:0x80040fe4 x28:0xf506f533  x3=0xf8b786b3
     346645.000 ns	     34663	80007008	2108ad53	fsgnjx.s	f26,f17,f16	 f17:0x00000000 f16:0x00000000 f26=0x00000000
     346675.000 ns	     34666	8000700c	29f59153	fmax.s	f2,f11,f31	 f11:0x3f7fff38 f31:0x7fc00000  f2=0x3f7fff38
     346725.000 ns	     34671	80007010	09debf53	fsub.s	f30,f29,f29	 f29:0x00000000 f29:0x00000000 f30=0x80000000
     346755.000 ns	     34674	80007014	a0302dd3	feq.s	x27,f0,f3	  f0:0x7fc00000  f3:0xffc00000 x27=0x00000000
     346775.000 ns	     34676	80007018	ce3e6113	ori	x2,x28,-797	 x28:0xf506f533  x2=0xfffffdf3
     346785.000 ns	     34677	8000701c	5c348d37	lui	x26,0x5c348	 x26=0x5c348000
     346805.000 ns	     34679	80007020	037da933	mulhsu	x18,x27,x23	 x27:0x00000000 x23:0x00000200 x18=0x00000000
     346825.000 ns	     34681	80007024	00e06ab3	or	x21,x0,x14	  x0:0x00000000 x14:0xffffffff x21=0xffffffff
     346835.000 ns	     34682	80007028	008b25b3	slt	x11,x22,x8	 x22:0x00081fc8  x8:0x00000000 x11=0x00000000
     347195.000 ns	     34718	8000702c	026d49b3	div	x19,x26,x6	 x26:0x5c348000  x6:0x80041024 x19=0x00000000
     347225.000 ns	     34721	80007030	02a8bbb3	mulhu	x23,x17,x10	 x17:0x73dfcfec x10:0x00000000 x23=0x00000000
     347595.000 ns	     34758	80007034	02e7cb33	div	x22,x15,x14	 x15:0xfffff942 x14:0xffffffff x22=0x000006be
     347615.000 ns	     34760	80007038	e73f7813	andi	x16,x30,-397	 x30:0x00000000 x16=0x00000000
     347625.000 ns	     34761	8000703c	41320d33	sub	x26,x4,x19	  x4:0x00000000 x19:0x00000000 x26=0x00000000
     347665.000 ns	     34765	80007040	001d2353	fadd.s	f6,f26,f1	 f26:0x00000000  f1:0x7fc00000  f6=0x7fc00000
     347685.000 ns	     34767	80007044	4182d713	srai	x14,x5,0x18	  x5:0x00000001 x14=0x00000000
     347705.000 ns	     34769	80007048	a1178953	fle.s	x18,f15,f17	 f15:0x00000000 f17:0x00000000 x18=0x00000001
     347725.000 ns	     34771	8000704c	408ad2b3	sra	x5,x21,x8	 x21:0xffffffff  x8:0x00000000  x5=0xffffffff
     347745.000 ns	     34773	80007050	03532033	mulhsu	x0,x6,x21	  x6:0x80041024 x21:0xffffffff
     348115.000 ns	     34810	80007054	0357e2b3	rem	x5,x15,x21	 x15:0xfffff942 x21:0xffffffff  x5=0x00000000
     348145.000 ns	     34813	80007058	209409d3	fsgnj.s	f19,f8,f9	  f8:0x00000000  f9:0xcefff7e1 f19=0x80000000
     348165.000 ns	     34815	8000705c	2509a813	slti	x16,x19,592	 x19:0x00000000 x16=0x00000001
     348185.000 ns	     34817	80007060	02339533	mulh	x10,x7,x3	  x7:0x00000000  x3:0xf8b786b3 x10=0x00000000
     348215.000 ns	     34820	80007064	d014f4d3	fcvt.s.wu	f9,x9	  x9:0x00000000  f9=0x00000000
     348235.000 ns	     34822	80007068	6af6c437	lui	x8,0x6af6c	  x8=0x6af6c000
     348245.000 ns	     34823	8000706c	014d10b3	sll	x1,x26,x20	 x26:0x00000000 x20:0x20030c03  x1=0x00000000
     348255.000 ns	     34824	80007070	00000013	addi	x0,x0,0	  x0:0x00000000
     348275.000 ns	     34826	80007074	21bf9b53	fsgnjn.s	f22,f31,f27	 f31:0x7fc00000 f27:0x7fc00000 f22=0xffc00000
     348295.000 ns	     34828	80007078	b9c4e437	lui	x8,0xb9c4e	  x8=0xb9c4e000
     348335.000 ns	     34832	8000707c	001122d3	fadd.s	f5,f2,f1	  f2:0x3f7fff38  f1:0x7fc00000  f5=0x7fc00000
     348365.000 ns	     34835	80007080	02302a33	mulhsu	x20,x0,x3	  x0:0x00000000  x3:0xf8b786b3 x20=0x00000000
     348385.000 ns	     34837	80007084	7b4c6c13	ori	x24,x24,1972	 x24:0x00000000 x24=0x000007b4
     348395.000 ns	     34838	80007088	01e61893	slli	x17,x12,0x1e	 x12:0x00000182 x17=0x80000000
     348405.000 ns	     34839	8000708c	01124833	xor	x16,x4,x17	  x4:0x00000000 x17:0x73dfcfec x16=0x80000000
     348435.000 ns	     34842	80007090	5807b7d3	fsqrt.s	f15,f15	 f15:0x00000000 f15=0x00000000
     348465.000 ns	     34845	80007094	28d38153	fmin.s	f2,f7,f13	  f7:0x00000000 f13:0x3f7fff38  f2=0x00000000
     348835.000 ns	     34882	80007098	02846733	rem	x14,x8,x8	  x8:0xb9c4e000  x8:0xb9c4e000 x14=0x00000000
     348855.000 ns	     34884	8000709c	01e71693	slli	x13,x14,0x1e	 x14:0x00000000 x13=0x00000000
     348865.000 ns	     34885	800070a0	3aba4193	xori	x3,x20,939	 x20:0x00000000  x3=0x000003ab
     348885.000 ns	     34887	800070a4	0299f733	remu	x14,x19,x9	 x19:0x00000000  x9:0x00000000 x14=0x00000000
     348915.000 ns	     34890	800070a8	026522b3	mulhsu	x5,x10,x6	 x10:0x00000000  x6:0x80041024  x5=0x00000000
     348935.000 ns	     34892	800070ac	012f5993	srli	x19,x30,0x12	 x30:0x00000000 x19=0x00000000
     348945.000 ns	     34893	800070b0	007fa133	slt	x2,x31,x7	 x31:0x00000001  x7:0x00000000  x2=0x00000000
     348975.000 ns	     34896	800070b4	11b1f953	fmul.s	f18,f3,f27	  f3:0xffc00000 f27:0x7fc00000 f18=0x7fc00000
     348995.000 ns	     34898	800070b8	01fd1893	slli	x17,x26,0x1f	 x26:0x00000000 x17=0x00000000
     349035.000 ns	     34902	800070bc	08233ed3	fsub.s	f29,f6,f2	  f6:0x7fc00000  f2:0x00000000 f29=0x7fc00000
     349065.000 ns	     34905	800070c0	03a4c8b3	div	x17,x9,x26	  x9:0x00000000 x26:0x00000000 x17=0xffffffff
     349085.000 ns	     34907	800070c4	33298013	addi	x0,x19,818	 x19:0x00000000
     349095.000 ns	     34908	800070c8	50b06593	ori	x11,x0,1291	  x0:0x00000000 x11=0x0000050b
     349105.000 ns	     34909	800070cc	0a488593	addi	x11,x17,164	 x17:0xffffffff x11=0x000000a3
     349125.000 ns	     34911	800070d0	d00d7553	fcvt.s.w	f10,x26	 x26:0x00000000 f10=0x00000000
     349145.000 ns	     34913	800070d4	85a62913	slti	x18,x12,-1958	 x12:0x00000182 x18=0x00000000
     349165.000 ns	     34915	800070d8	c01392d3	fcvt.wu.s	x5,f7	  f7:0x00000000  x5=0x00000000
     349205.000 ns	     34919	800070dc	19dda653	fdiv.s	f12,f27,f29	 f27:0x7fc00000 f29:0x7fc00000 f12=0x7fc00000
     349235.000 ns	     34922	800070e0	027ad533	divu	x10,x21,x7	 x21:0xffffffff  x7:0x00000000 x10=0xffffffff
     349275.000 ns	     34926	800070e4	112ef9d3	fmul.s	f19,f29,f18	 f29:0x7fc00000 f18:0x7fc00000 f19=0x7fc00000
     349305.000 ns	     34929	800070e8	f0028f53	fmv.w.x	f30,x5	  x5:0x00000000 f30=0x00000000
     349335.000 ns	     34932	800070ec	c01ba3d3	fcvt.wu.s	x7,f23	 f23:0x00000000  x7=0x00000000
     349365.000 ns	     34935	800070f0	286402d3	fmin.s	f5,f8,f6	  f8:0x00000000  f6:0x7fc00000  f5=0x00000000
     349385.000 ns	     34937	800070f4	f46f3693	sltiu	x13,x30,-186	 x30:0x00000000 x13=0x00000001
     349395.000 ns	     34938	800070f8	41895793	srai	x15,x18,0x18	 x18:0x00000000 x15=0x00000000
     349415.000 ns	     34940	800070fc	215a2353	fsgnjx.s	f6,f20,f21	 f20:0xffc00000 f21:0x3f3503d5  f6=0xffc00000
     349445.000 ns	     34943	80007100	a1ab8dd3	fle.s	x27,f23,f26	 f23:0x00000000 f26:0x00000000 x27=0x00000001
     349475.000 ns	     34946	80007104	299a1c53	fmax.s	f24,f20,f25	 f20:0xffc00000 f25:0x7f800000 f24=0x7f800000
     349505.000 ns	     34949	80007108	022d5233	divu	x4,x26,x2	 x26:0x00000000  x2:0x00000000  x4=0xffffffff
     349535.000 ns	     34952	8000710c	21528ad3	fsgnj.s	f21,f5,f21	  f5:0x00000000 f21:0x3f3503d5 f21=0x00000000
     349555.000 ns	     34954	80007110	0021f6b3	and	x13,x3,x2	  x3:0x000003ab  x2:0x00000000 x13=0x00000000
     349565.000 ns	     34955	80007114	00daa1b3	slt	x3,x21,x13	 x21:0xffffffff x13:0x00000001  x3=0x00000001
     349585.000 ns	     34957	80007118	0377eeb3	rem	x29,x15,x23	 x15:0x00000000 x23:0x00000000 x29=0x00000000
     349625.000 ns	     34961	8000711c	102a75d3	fmul.s	f11,f20,f2	 f20:0xffc00000  f2:0x00000000 f11=0x7fc00000
     349655.000 ns	     34964	80007120	03a47033	remu	x0,x8,x26	  x8:0xb9c4e000 x26:0x00000000
     349675.000 ns	     34966	80007124	01ec97b3	sll	x15,x25,x30	 x25:0x80040fe4 x30:0x00000000 x15=0x80040fe4
     349695.000 ns	     34968	80007128	a020afd3	feq.s	x31,f1,f2	  f1:0x7fc00000  f2:0x00000000 x31=0x00000000
     349725.000 ns	     34971	8000712c	e0080653	fmv.x.w	x12,f16	 f16:0x00000000 x12=0x00000000
     349745.000 ns	     34973	80007130	00000013	addi	x0,x0,0	  x0:0x00000000
     349765.000 ns	     34975	80007134	03399eb3	mulh	x29,x19,x19	 x19:0x00000000 x19:0x00000000 x29=0x00000000
     350135.000 ns	     35012	80007138	02fa6133	rem	x2,x20,x15	 x20:0x00000000 x15:0x80040fe4  x2=0x00000000
     350185.000 ns	     35017	8000713c	0082f4d3	fadd.s	f9,f5,f8	  f5:0x00000000  f8:0x00000000  f9=0x00000000
     350235.000 ns	     35022	80007140	09b60fd3	fsub.s	f31,f12,f27	 f12:0x7fc00000 f27:0x7fc00000 f31=0x7fc00000
     350265.000 ns	     35025	80007144	a1578653	fle.s	x12,f15,f21	 f15:0x00000000 f21:0x00000000 x12=0x00000001
     350285.000 ns	     35027	80007148	01e49d13	slli	x26,x9,0x1e	  x9:0x00000000 x26=0x00000000
     350305.000 ns	     35029	8000714c	e0020c53	fmv.x.w	x24,f4	  f4:0x80000000 x24=0x80000000
     350335.000 ns	     35032	80007150	038f9233	mulh	x4,x31,x24	 x31:0x00000000 x24:0x000007b4  x4=0x00000000
     350705.000 ns	     35069	80007154	02fa40b3	div	x1,x20,x15	 x20:0x00000000 x15:0x80040fe4  x1=0x00000000
     350735.000 ns	     35072	80007158	03603633	mulhu	x12,x0,x22	  x0:0x00000000 x22:0x000006be x12=0x00000000
     350765.000 ns	     35075	8000715c	20b1aad3	fsgnjx.s	f21,f3,f11	  f3:0xffc00000 f11:0x7fc00000 f21=0xffc00000
     350785.000 ns	     35077	80007160	dd0a8e93	addi	x29,x21,-560	 x21:0xffffffff x29=0xfffffdcf
     350795.000 ns	     35078	80007164	004feab3	or	x21,x31,x4	 x31:0x00000000  x4:0x00000000 x21=0x00000000
     350825.000 ns	     35081	80007168	106049d3	fmul.s	f19,f0,f6	  f0:0x7fc00000  f6:0xffc00000 f19=0x7fc00000
     350845.000 ns	     35083	8000716c	001b9413	slli	x8,x23,0x1	 x23:0x00000000  x8=0x00000000
     350865.000 ns	     35085	80007170	f00c02d3	fmv.w.x	f5,x24	 x24:0x80000000  f5=0x80000000
     351235.000 ns	     35122	80007174	03cbe6b3	rem	x13,x23,x28	 x23:0x00000000 x28:0xf506f533 x13=0x00000000
     351255.000 ns	     35124	80007178	f55a1197	auipc	x3,0xf55a1	  x3=0x755a8178
     351275.000 ns	     35126	8000717c	f00e0bd3	fmv.w.x	f23,x28	 x28:0xf506f533 f23=0xf506f533
     351305.000 ns	     35129	80007180	02c502b3	mul	x5,x10,x12	 x10:0xffffffff x12:0x00000000  x5=0x00000000
     351325.000 ns	     35131	80007184	00000013	addi	x0,x0,0	  x0:0x00000000
     351345.000 ns	     35133	80007188	a1ce8853	fle.s	x16,f29,f28	 f29:0x7fc00000 f28:0x7fc00000 x16=0x00000000
     351365.000 ns	     35135	8000718c	01c8f3b3	and	x7,x17,x28	 x17:0xffffffff x28:0xf506f533  x7=0xf506f533
     351375.000 ns	     35136	80007190	00eac7b3	xor	x15,x21,x14	 x21:0x00000000 x14:0x00000000 x15=0x00000000
     351395.000 ns	     35138	80007194	2185ab53	fsgnjx.s	f22,f11,f24	 f11:0x7fc00000 f24:0x7f800000 f22=0x7fc00000
     351415.000 ns	     35140	80007198	557fe013	ori	x0,x31,1367	 x31:0x00000000
     351425.000 ns	     35141	8000719c	2094a993	slti	x19,x9,521	  x9:0x00000000 x19=0x00000001
     351445.000 ns	     35143	800071a0	a02a1fd3	flt.s	x31,f20,f2	 f20:0xffc00000  f2:0x00000000 x31=0x00000000
     351495.000 ns	     35148	800071a4	011771d3	fadd.s	f3,f14,f17	 f14:0xff800000 f17:0x00000000  f3=0xff800000
     351515.000 ns	     35150	800071a8	3c042393	slti	x7,x8,960	  x8:0x00000000  x7=0x00000001
     351525.000 ns	     35151	800071ac	00cc3db3	sltu	x27,x24,x12	 x24:0x80000000 x12:0x00000000 x27=0x00000000
     351555.000 ns	     35154	800071b0	58012253	fsqrt.s	f4,f2	  f2:0x00000000  f4=0x00000000
     351585.000 ns	     35157	800071b4	d006f353	fcvt.s.w	f6,x13	 x13:0x00000000  f6=0x00000000
     351615.000 ns	     35160	800071b8	f00603d3	fmv.w.x	f7,x12	 x12:0x00000000  f7=0x00000000
     351645.000 ns	     35163	800071bc	03e21533	mulh	x10,x4,x30	  x4:0x00000000 x30:0x00000000 x10=0x00000000
     351675.000 ns	     35166	800071c0	02178bb3	mul	x23,x15,x1	 x15:0x00000000  x1:0x00000000 x23=0x00000000
     352045.000 ns	     35203	800071c4	02347633	remu	x12,x8,x3	  x8:0x00000000  x3:0x755a8178 x12=0x00000000
     352065.000 ns	     35205	800071c8	89d1c593	xori	x11,x3,-1891	  x3:0x755a8178 x11=0x8aa579e5
     352075.000 ns	     35206	800071cc	d4c10b13	addi	x22,x2,-692	  x2:0x00000000 x22=0xfffffd4c
     352095.000 ns	     35208	800071d0	29f29253	fmax.s	f4,f5,f31	  f5:0x80000000 f31:0x7fc00000  f4=0x80000000
     352115.000 ns	     35210	800071d4	01fd1393	slli	x7,x26,0x1f	 x26:0x00000000  x7=0x00000000
     352135.000 ns	     35212	800071d8	a07397d3	flt.s	x15,f7,f7	  f7:0x00000000  f7:0x00000000 x15=0x00000000
     352155.000 ns	     35214	800071dc	43aeb593	sltiu	x11,x29,1082	 x29:0xfffffdcf x11=0x00000000
     352175.000 ns	     35216	800071e0	29689453	fmax.s	f8,f17,f22	 f17:0x00000000 f22:0x7fc00000  f8=0x00000000
     352195.000 ns	     35218	800071e4	ac7b2513	slti	x10,x22,-1337	 x22:0xfffffd4c x10=0x00000000
     352215.000 ns	     35220	800071e8	e00198d3	fclass.s	x17,f3	  f3:0xff800000 x17=0x00000001
     352245.000 ns	     35223	800071ec	e0008c53	fmv.x.w	x24,f1	  f1:0x7fc00000 x24=0x7fc00000
     352275.000 ns	     35226	800071f0	a13d8dd3	fle.s	x27,f27,f19	 f27:0x7fc00000 f19:0x7fc00000 x27=0x00000000
     352305.000 ns	     35229	800071f4	c004fb53	fcvt.w.s	x22,f9	  f9:0x00000000 x22=0x00000000
     352335.000 ns	     35232	800071f8	a0028c53	fle.s	x24,f5,f0	  f5:0x80000000  f0:0x7fc00000 x24=0x00000000
     352375.000 ns	     35236	800071fc	580d08d3	fsqrt.s	f17,f26	 f26:0x00000000 f17=0x00000000
     352405.000 ns	     35239	80007200	a1f216d3	flt.s	x13,f4,f31	  f4:0x80000000 f31:0x7fc00000 x13=0x00000000
     352435.000 ns	     35242	80007204	033d8633	mul	x12,x27,x19	 x27:0x00000000 x19:0x00000001 x12=0x00000000
     352465.000 ns	     35245	80007208	21230553	fsgnj.s	f10,f6,f18	  f6:0x00000000 f18:0x7fc00000 f10=0x00000000
     352495.000 ns	     35248	8000720c	03d396b3	mulh	x13,x7,x29	  x7:0x00000000 x29:0xfffffdcf x13=0x00000000
     352515.000 ns	     35250	80007210	501fcd93	xori	x27,x31,1281	 x31:0x00000000 x27=0x00000501
     352535.000 ns	     35252	80007214	0383bb33	mulhu	x22,x7,x24	  x7:0x00000000 x24:0x00000000 x22=0x00000000
     352555.000 ns	     35254	80007218	fcc3c497	auipc	x9,0xfcc3c	  x9=0x7cc43218
     352565.000 ns	     35255	8000721c	ef771637	lui	x12,0xef771	 x12=0xef771000
     352585.000 ns	     35257	80007220	0304b533	mulhu	x10,x9,x16	  x9:0x00000000 x16:0x00000000 x10=0x00000000
     352605.000 ns	     35259	80007224	666c3497	auipc	x9,0x666c3	  x9=0xe66ca224
     352615.000 ns	     35260	80007228	8d853f97	auipc	x31,0x8d853	 x31=0x0d85a228
     352625.000 ns	     35261	8000722c	00000013	addi	x0,x0,0	  x0:0x00000000
     352655.000 ns	     35264	80007230	106a7d53	fmul.s	f26,f20,f6	 f20:0xffc00000  f6:0x00000000 f26=0x7fc00000
     352685.000 ns	     35267	80007234	c00cb4d3	fcvt.w.s	x9,f25	 f25:0x7f800000  x9=0x7fffffff
     352715.000 ns	     35270	80007238	f00a01d3	fmv.w.x	f3,x20	 x20:0x00000000  f3=0x00000000
     352755.000 ns	     35274	8000723c	580a7bd3	fsqrt.s	f23,f20	 f20:0xffc00000 f23=0x7fc00000
     352795.000 ns	     35278	80007240	103591d3	fmul.s	f3,f11,f3	 f11:0x7fc00000  f3:0x00000000  f3=0x7fc00000
     352835.000 ns	     35282	80007244	19e97453	fdiv.s	f8,f18,f30	 f18:0x7fc00000 f30:0x00000000  f8=0x7fc00000
     352865.000 ns	     35285	80007248	a19f8653	fle.s	x12,f31,f25	 f31:0x7fc00000 f25:0x7f800000 x12=0x00000000
     352885.000 ns	     35287	8000724c	27b1a417	auipc	x8,0x27b1a	  x8=0xa7b2124c
     352895.000 ns	     35288	80007250	001d56b3	srl	x13,x26,x1	 x26:0x00000000  x1:0x00000000 x13=0x00000000
     352905.000 ns	     35289	80007254	56c9a813	slti	x16,x19,1388	 x19:0x00000001 x16=0x00000001
     352925.000 ns	     35291	80007258	c0064f53	fcvt.w.s	x30,f12	 f12:0x7fc00000 x30=0x7fffffff
     352955.000 ns	     35294	8000725c	03268fb3	mul	x31,x13,x18	 x13:0x00000000 x18:0x00000000 x31=0x00000000
     352975.000 ns	     35296	80007260	0062e833	or	x16,x5,x6	  x5:0x00000000  x6:0x80041024 x16=0x80041024
     352985.000 ns	     35297	80007264	30293513	sltiu	x10,x18,770	 x18:0x00000000 x10=0x00000001
     353005.000 ns	     35299	80007268	203193d3	fsgnjn.s	f7,f3,f3	  f3:0x7fc00000  f3:0x7fc00000  f7=0xffc00000
     353025.000 ns	     35301	8000726c	af48e413	ori	x8,x17,-1292	 x17:0x00000001  x8=0xfffffaf5
     353045.000 ns	     35303	80007270	e00d9f53	fclass.s	x30,f27	 f27:0x7fc00000 x30=0x00000200
     353415.000 ns	     35340	80007274	02694c33	div	x24,x18,x6	 x18:0x00000000  x6:0x80041024 x24=0x00000000
     353435.000 ns	     35342	80007278	00518a33	add	x20,x3,x5	  x3:0x755a8178  x5:0x00000000 x20=0x755a8178
     353455.000 ns	     35344	8000727c	02ed6733	rem	x14,x26,x14	 x26:0x00000000 x14:0x00000000 x14=0x00000000
     353485.000 ns	     35347	80007280	d00b0cd3	fcvt.s.w	f25,x22	 x22:0x00000000 f25=0x00000000
     353515.000 ns	     35350	80007284	a0fda4d3	feq.s	x9,f27,f15	 f27:0x7fc00000 f15:0x00000000  x9=0x00000000
     353535.000 ns	     35352	80007288	0177b2b3	sltu	x5,x15,x23	 x15:0x00000000 x23:0x00000000  x5=0x00000000
     353545.000 ns	     35353	8000728c	00342db3	slt	x27,x8,x3	  x8:0xfffffaf5  x3:0x755a8178 x27=0x00000001
     353555.000 ns	     35354	80007290	a71a4593	xori	x11,x20,-1423	 x20:0x755a8178 x11=0x8aa57b09
     353595.000 ns	     35358	80007294	090f7ad3	fsub.s	f21,f30,f16	 f30:0x00000000 f16:0x00000000 f21=0x80000000
     353625.000 ns	     35361	80007298	036ff533	remu	x10,x31,x22	 x31:0x00000000 x22:0x00000000 x10=0x00000000
     353655.000 ns	     35364	8000729c	d010f1d3	fcvt.s.wu	f3,x1	  x1:0x00000000  f3=0x00000000
     353685.000 ns	     35367	800072a0	a04eaf53	feq.s	x30,f29,f4	 f29:0x7fc00000  f4:0x80000000 x30=0x00000000
     353705.000 ns	     35369	800072a4	0106d993	srli	x19,x13,0x10	 x13:0x00000000 x19=0x00000000
     353715.000 ns	     35370	800072a8	40a2dc33	sra	x24,x5,x10	  x5:0x00000000 x10:0x00000000 x24=0x00000000
     353735.000 ns	     35372	800072ac	a01396d3	flt.s	x13,f7,f1	  f7:0xffc00000  f1:0x7fc00000 x13=0x00000000
     353755.000 ns	     35374	800072b0	00acbb33	sltu	x22,x25,x10	 x25:0x80040fe4 x10:0x00000000 x22=0x00000000
     353765.000 ns	     35375	800072b4	b34c0493	addi	x9,x24,-1228	 x24:0x00000000  x9=0xfffffb34
     353785.000 ns	     35377	800072b8	29d50953	fmin.s	f18,f10,f29	 f10:0x00000000 f29:0x7fc00000 f18=0x00000000
     353825.000 ns	     35381	800072bc	5804f853	fsqrt.s	f16,f9	  f9:0x00000000 f16=0x00000000
     353855.000 ns	     35384	800072c0	e0079f53	fclass.s	x30,f15	 f15:0x00000000 x30=0x00000010
     353875.000 ns	     35386	800072c4	012fa8b3	slt	x17,x31,x18	 x31:0x00000000 x18:0x00000000 x17=0x00000000
     353895.000 ns	     35388	800072c8	a12c9ed3	flt.s	x29,f25,f18	 f25:0x00000000 f18:0x00000000 x29=0x00000000
     353925.000 ns	     35391	800072cc	a18c8053	fle.s	x0,f25,f24	 f25:0x00000000 f24:0x7f800000
     353945.000 ns	     35393	800072d0	0059efb3	or	x31,x19,x5	 x19:0x00000000  x5:0x00000000 x31=0x00000000
     353955.000 ns	     35394	800072d4	93a78093	addi	x1,x15,-1734	 x15:0x00000000  x1=0xfffff93a
     353975.000 ns	     35396	800072d8	c019c853	fcvt.wu.s	x16,f19	 f19:0x7fc00000 x16=0xffffffff
     354005.000 ns	     35399	800072dc	e00d0153	fmv.x.w	x2,f26	 f26:0x7fc00000  x2=0x7fc00000
     354025.000 ns	     35401	800072e0	8eb57a97	auipc	x21,0x8eb57	 x21=0x0eb5e2e0
     354045.000 ns	     35403	800072e4	e0028b53	fmv.x.w	x22,f5	  f5:0x80000000 x22=0x80000000
     354065.000 ns	     35405	800072e8	a14ae793	ori	x15,x21,-1516	 x21:0x00000000 x15=0xfffffaf4
     354075.000 ns	     35406	800072ec	00819733	sll	x14,x3,x8	  x3:0x755a8178  x8:0xfffffaf5 x14=0x2f000000
     354085.000 ns	     35407	800072f0	40c1d633	sra	x12,x3,x12	  x3:0x755a8178 x12:0x00000000 x12=0x755a8178
     354105.000 ns	     35409	800072f4	29919e53	fmax.s	f28,f3,f25	  f3:0x00000000 f25:0x00000000 f28=0x00000000
     354125.000 ns	     35411	800072f8	0074e733	or	x14,x9,x7	  x9:0xfffffb34  x7:0x00000000 x14=0xfffffb34
     354135.000 ns	     35412	800072fc	00579c33	sll	x24,x15,x5	 x15:0xfffffaf4  x5:0x00000000 x24=0xfffffaf4
     354155.000 ns	     35414	80007300	28870a53	fmin.s	f20,f14,f8	 f14:0xff800000  f8:0x7fc00000 f20=0xff800000
     354185.000 ns	     35417	80007304	291c04d3	fmin.s	f9,f24,f17	 f24:0x7f800000 f17:0x00000000  f9=0x00000000
     354205.000 ns	     35419	80007308	01427633	and	x12,x4,x20	  x4:0x00000000 x20:0x755a8178 x12=0x00000000
     354215.000 ns	     35420	8000730c	2a22f993	andi	x19,x5,674	  x5:0x00000000 x19=0x00000000
     354235.000 ns	     35422	80007310	f00b8b53	fmv.w.x	f22,x23	 x23:0x00000000 f22=0x00000000
     354255.000 ns	     35424	80007314	957fc413	xori	x8,x31,-1705	 x31:0x00000000  x8=0xfffff957
     354265.000 ns	     35425	80007318	ae017493	andi	x9,x2,-1312	  x2:0x7fc00000  x9=0x7fc00000
     354275.000 ns	     35426	8000731c	00000013	addi	x0,x0,0	  x0:0x00000000
     354315.000 ns	     35430	80007320	08b3fad3	fsub.s	f21,f7,f11	  f7:0xffc00000 f11:0x7fc00000 f21=0x7fc00000
     354335.000 ns	     35432	80007324	3fd54d13	xori	x26,x10,1021	 x10:0x00000000 x26=0x000003fd
     354355.000 ns	     35434	80007328	c01e78d3	fcvt.wu.s	x17,f28	 f28:0x00000000 x17=0x00000000
     354385.000 ns	     35437	8000732c	a1e61ad3	flt.s	x21,f12,f30	 f12:0x7fc00000 f30:0x00000000 x21=0x00000000
     354415.000 ns	     35440	80007330	a15e2a53	feq.s	x20,f28,f21	 f28:0x00000000 f21:0x7fc00000 x20=0x00000000
     354445.000 ns	     35443	80007334	021d3933	mulhu	x18,x26,x1	 x26:0x000003fd  x1:0xfffff93a x18=0x000003fc
     354815.000 ns	     35480	80007338	0213e7b3	rem	x15,x7,x1	  x7:0x00000000  x1:0xfffff93a x15=0x00000000
     354835.000 ns	     35482	8000733c	001739b3	sltu	x19,x14,x1	 x14:0xfffffb34  x1:0xfffff93a x19=0x00000000
     354855.000 ns	     35484	80007340	a1c6a753	feq.s	x14,f13,f28	 f13:0x3f7fff38 f28:0x00000000 x14=0x00000000
     354875.000 ns	     35486	80007344	479ec517	auipc	x10,0x479ec	 x10=0xc79f3344
     354895.000 ns	     35488	80007348	e0058453	fmv.x.w	x8,f11	 f11:0x7fc00000  x8=0x7fc00000
     354925.000 ns	     35491	8000734c	2051acd3	fsgnjx.s	f25,f3,f5	  f3:0x00000000  f5:0x80000000 f25=0x80000000
     354945.000 ns	     35493	80007350	7bf6d8b7	lui	x17,0x7bf6d	 x17=0x7bf6d000
     354965.000 ns	     35495	80007354	02ec8533	mul	x10,x25,x14	 x25:0x80040fe4 x14:0x00000000 x10=0x00000000
     354995.000 ns	     35498	80007358	03d62ab3	mulhsu	x21,x12,x29	 x12:0x00000000 x29:0x00000000 x21=0x00000000
     355015.000 ns	     35500	8000735c	00000013	addi	x0,x0,0	  x0:0x00000000
     355035.000 ns	     35502	80007360	02821933	mulh	x18,x4,x8	  x4:0x00000000  x8:0x7fc00000 x18=0x00000000
     355065.000 ns	     35505	80007364	218619d3	fsgnjn.s	f19,f12,f24	 f12:0x7fc00000 f24:0x7f800000 f19=0xffc00000
     355085.000 ns	     35507	80007368	0151cc33	xor	x24,x3,x21	  x3:0x755a8178 x21:0x00000000 x24=0x755a8178
     355445.000 ns	     35543	8000736c	039256b3	divu	x13,x4,x25	  x4:0x00000000 x25:0x80040fe4 x13=0x00000000
     355465.000 ns	     35545	80007370	f2f4f2b7	lui	x5,0xf2f4f	  x5=0xf2f4f000
     355475.000 ns	     35546	80007374	dd26ff13	andi	x30,x13,-558	 x13:0x00000000 x30=0x00000000
     355485.000 ns	     35547	80007378	d745bf93	sltiu	x31,x11,-652	 x11:0x8aa57b09 x31=0x00000001
     355505.000 ns	     35549	8000737c	d00b8ad3	fcvt.s.w	f21,x23	 x23:0x00000000 f21=0x00000000
     355525.000 ns	     35551	80007380	011e9f93	slli	x31,x29,0x11	 x29:0x00000000 x31=0x00000000
     355535.000 ns	     35552	80007384	008fa9b3	slt	x19,x31,x8	 x31:0x00000001  x8:0x7fc00000 x19=0x00000001
     355555.000 ns	     35554	80007388	d00bf5d3	fcvt.s.w	f11,x23	 x23:0x00000000 f11=0x00000000
     355585.000 ns	     35557	8000738c	28d58ed3	fmin.s	f29,f11,f13	 f11:0x7fc00000 f13:0x3f7fff38 f29=0x00000000
     355625.000 ns	     35561	80007390	1088b0d3	fmul.s	f1,f17,f8	 f17:0x00000000  f8:0x7fc00000  f1=0x7fc00000
     355655.000 ns	     35564	80007394	02ebf4b3	remu	x9,x23,x14	 x23:0x00000000 x14:0x00000000  x9=0x00000000
     355705.000 ns	     35569	80007398	01212453	fadd.s	f8,f2,f18	  f2:0x00000000 f18:0x00000000  f8=0x00000000
     355745.000 ns	     35573	8000739c	180df2d3	fdiv.s	f5,f27,f0	 f27:0x7fc00000  f0:0x7fc00000  f5=0x7fc00000
     355765.000 ns	     35575	800073a0	01bcd113	srli	x2,x25,0x1b	 x25:0x80040fe4  x2=0x00000010
     355785.000 ns	     35577	800073a4	0219bf33	mulhu	x30,x19,x1	 x19:0x00000001  x1:0xfffff93a x30=0x00000000
     355805.000 ns	     35579	800073a8	00f19eb3	sll	x29,x3,x15	  x3:0x755a8178 x15:0x00000000 x29=0x755a8178
     355825.000 ns	     35581	800073ac	e00e8753	fmv.x.w	x14,f29	 f29:0x00000000 x14=0x00000000
     355855.000 ns	     35584	800073b0	f00f87d3	fmv.w.x	f15,x31	 x31:0x00000000 f15=0x00000000
     355875.000 ns	     35586	800073b4	41d25bb3	sra	x23,x4,x29	  x4:0x00000000 x29:0x755a8178 x23=0x00000000
     355905.000 ns	     35589	800073b8	106570d3	fmul.s	f1,f10,f6	 f10:0x00000000  f6:0x00000000  f1=0x00000000
     355955.000 ns	     35594	800073bc	096e7b53	fsub.s	f22,f28,f22	 f28:0x00000000 f22:0x00000000 f22=0x80000000
     355975.000 ns	     35596	800073c0	0104c033	xor	x0,x9,x16	  x9:0x00000000 x16:0xffffffff
     355985.000 ns	     35597	800073c4	3a242413	slti	x8,x8,930	  x8:0x7fc00000  x8=0x00000000
     356005.000 ns	     35599	800073c8	03578633	mul	x12,x15,x21	 x15:0x00000000 x21:0x00000000 x12=0x00000000
     356035.000 ns	     35602	800073cc	280793d3	fmax.s	f7,f15,f0	 f15:0x00000000  f0:0x7fc00000  f7=0x00000000
     356065.000 ns	     35605	800073d0	c0107b53	fcvt.wu.s	x22,f0	  f0:0x7fc00000 x22=0xffffffff
     356095.000 ns	     35608	800073d4	a1ff9453	flt.s	x8,f31,f31	 f31:0x7fc00000 f31:0x7fc00000  x8=0x00000000
     356125.000 ns	     35611	800073d8	d01f3e53	fcvt.s.wu	f28,x30	 x30:0x00000000 f28=0x00000000
     356155.000 ns	     35614	800073dc	e00d8c53	fmv.x.w	x24,f27	 f27:0x7fc00000 x24=0x7fc00000
     356185.000 ns	     35617	800073e0	280c10d3	fmax.s	f1,f24,f0	 f24:0x7f800000  f0:0x7fc00000  f1=0x7f800000
     356235.000 ns	     35622	800073e4	01087e53	fadd.s	f28,f16,f16	 f16:0x00000000 f16:0x00000000 f28=0x00000000
     356255.000 ns	     35624	800073e8	bfaf7493	andi	x9,x30,-1030	 x30:0x00000000  x9=0x00000000
     356265.000 ns	     35625	800073ec	016ae613	ori	x12,x21,22	 x21:0x00000000 x12=0x00000016
     356275.000 ns	     35626	800073f0	01c178b3	and	x17,x2,x28	  x2:0x00000010 x28:0xf506f533 x17=0x00000010
     356635.000 ns	     35662	800073f4	03b37eb3	remu	x29,x6,x27	  x6:0x80041024 x27:0x00000001 x29=0x00000000
     356655.000 ns	     35664	800073f8	0d95f437	lui	x8,0xd95f	  x8=0x0d95f000
     356675.000 ns	     35666	800073fc	e00e0853	fmv.x.w	x16,f28	 f28:0x00000000 x16=0x00000000
     356705.000 ns	     35669	80007400	02aaf533	remu	x10,x21,x10	 x21:0x00000000 x10:0x00000000 x10=0x00000000
     356735.000 ns	     35672	80007404	c00a46d3	fcvt.w.s	x13,f20	 f20:0xff800000 x13=0x80000000
     356765.000 ns	     35675	80007408	02f3f5b3	remu	x11,x7,x15	  x7:0x00000000 x15:0x00000000 x11=0x00000000
     356785.000 ns	     35677	8000740c	00871f13	slli	x30,x14,0x8	 x14:0x00000000 x30=0x00000000
     356795.000 ns	     35678	80007410	de30ebb7	lui	x23,0xde30e	 x23=0xde30e000
     356815.000 ns	     35680	80007414	02a693b3	mulh	x7,x13,x10	 x13:0x80000000 x10:0x00000000  x7=0x00000000
     356835.000 ns	     35682	80007418	20372bb7	lui	x23,0x20372	 x23=0x20372000
     356855.000 ns	     35684	8000741c	02088233	mul	x4,x17,x0	 x17:0x00000010  x0:0x00000000  x4=0x00000000
     356875.000 ns	     35686	80007420	012c21b3	slt	x3,x24,x18	 x24:0x7fc00000 x18:0x00000000  x3=0x00000000
     356885.000 ns	     35687	80007424	902ce993	ori	x19,x25,-1790	 x25:0x80040fe4 x19=0xffffffe6
     356915.000 ns	     35690	80007428	111399d3	fmul.s	f19,f7,f17	  f7:0x00000000 f17:0x00000000 f19=0x00000000
     356945.000 ns	     35693	8000742c	a1f499d3	flt.s	x19,f9,f31	  f9:0x00000000 f31:0x7fc00000 x19=0x00000000
     356965.000 ns	     35695	80007430	00bb17b3	sll	x15,x22,x11	 x22:0xffffffff x11:0x00000000 x15=0xffffffff
     356975.000 ns	     35696	80007434	0019d033	srl	x0,x19,x1	 x19:0x00000000  x1:0xfffff93a
     356985.000 ns	     35697	80007438	0170a6b3	slt	x13,x1,x23	  x1:0xfffff93a x23:0x20372000 x13=0x00000001
     356995.000 ns	     35698	8000743c	3e52ff13	andi	x30,x5,997	  x5:0xf2f4f000 x30=0x00000000
     357025.000 ns	     35701	80007440	580947d3	fsqrt.s	f15,f18	 f18:0x00000000 f15=0x00000000
     357055.000 ns	     35704	80007444	03b32833	mulhsu	x16,x6,x27	  x6:0x80041024 x27:0x00000001 x16=0xffffffff
     357075.000 ns	     35706	80007448	012ed113	srli	x2,x29,0x12	 x29:0x00000000  x2=0x00000000
     357095.000 ns	     35708	8000744c	29331c53	fmax.s	f24,f6,f19	  f6:0x00000000 f19:0x00000000 f24=0x00000000
     357115.000 ns	     35710	80007450	3e4dae93	slti	x29,x27,996	 x27:0x00000001 x29=0x00000001
     357125.000 ns	     35711	80007454	00aff733	and	x14,x31,x10	 x31:0x00000000 x10:0x00000000 x14=0x00000000
     357145.000 ns	     35713	80007458	214482d3	fsgnj.s	f5,f9,f20	  f9:0x00000000 f20:0xff800000  f5=0x80000000
     357175.000 ns	     35716	8000745c	e0041a53	fclass.s	x20,f8	  f8:0x00000000 x20=0x00000010
     357195.000 ns	     35718	80007460	403c85b3	sub	x11,x25,x3	 x25:0x80040fe4  x3:0x00000000 x11=0x80040fe4
     357205.000 ns	     35719	80007464	40ec8eb3	sub	x29,x25,x14	 x25:0x80040fe4 x14:0x00000000 x29=0x80040fe4
     357215.000 ns	     35720	80007468	007483b3	add	x7,x9,x7	  x9:0x00000000  x7:0x00000000  x7=0x00000000
     357245.000 ns	     35723	8000746c	183c8353	fdiv.s	f6,f25,f3	 f25:0x80000000  f3:0x00000000  f6=0x7fc00000
     357615.000 ns	     35760	80007470	03cb71b3	remu	x3,x22,x28	 x22:0xffffffff x28:0xf506f533  x3=0x0af90acc
     357645.000 ns	     35763	80007474	c00692d3	fcvt.w.s	x5,f13	 f13:0x3f7fff38  x5=0x00000000
     357695.000 ns	     35768	80007478	08f47ed3	fsub.s	f29,f8,f15	  f8:0x00000000 f15:0x00000000 f29=0x80000000
     358065.000 ns	     35805	8000747c	031878b3	remu	x17,x16,x17	 x16:0xffffffff x17:0x00000010 x17=0x0000000f
     358085.000 ns	     35807	80007480	00000013	addi	x0,x0,0	  x0:0x00000000
     358125.000 ns	     35811	80007484	01ee7ad3	fadd.s	f21,f28,f30	 f28:0x00000000 f30:0x00000000 f21=0x00000000
     358155.000 ns	     35814	80007488	293895d3	fmax.s	f11,f17,f19	 f17:0x00000000 f19:0x00000000 f11=0x00000000
     358525.000 ns	     35851	8000748c	03def933	remu	x18,x29,x29	 x29:0x80040fe4 x29:0x80040fe4 x18=0x00000000
     358555.000 ns	     35854	80007490	e00e1b53	fclass.s	x22,f28	 f28:0x00000000 x22=0x00000010
     358585.000 ns	     35857	80007494	c00a84d3	fcvt.w.s	x9,f21	 f21:0x00000000  x9=0x00000000
     358955.000 ns	     35894	80007498	0308d7b3	divu	x15,x17,x16	 x17:0x0000000f x16:0xffffffff x15=0x00000000
     358985.000 ns	     35897	8000749c	a14481d3	fle.s	x3,f9,f20	  f9:0x00000000 f20:0xff800000  x3=0x00000000
     359015.000 ns	     35900	800074a0	02e81d33	mulh	x26,x16,x14	 x16:0xffffffff x14:0x00000000 x26=0x00000000
     359035.000 ns	     35902	800074a4	00000013	addi	x0,x0,0	  x0:0x00000000
     359045.000 ns	     35903	800074a8	f7fabb93	sltiu	x23,x21,-129	 x21:0x00000000 x23=0x00000001
     359055.000 ns	     35904	800074ac	007bf6b3	and	x13,x23,x7	 x23:0x20372000  x7:0x00000000 x13=0x00000000
     359085.000 ns	     35907	800074b0	580471d3	fsqrt.s	f3,f8	  f8:0x00000000  f3=0x00000000
     359115.000 ns	     35910	800074b4	02a52833	mulhsu	x16,x10,x10	 x10:0x00000000 x10:0x00000000 x16=0x00000000
     359145.000 ns	     35913	800074b8	024b53b3	divu	x7,x22,x4	 x22:0x00000010  x4:0x00000000  x7=0xffffffff
     359165.000 ns	     35915	800074bc	dd3ba937	lui	x18,0xdd3ba	 x18=0xdd3ba000
     359185.000 ns	     35917	800074c0	029c73b3	remu	x7,x24,x9	 x24:0x7fc00000  x9:0x00000000  x7=0x7fc00000
     359205.000 ns	     35919	800074c4	40075f33	sra	x30,x14,x0	 x14:0x00000000  x0:0x00000000 x30=0x00000000
     359215.000 ns	     35920	800074c8	0107dbb3	srl	x23,x15,x16	 x15:0x00000000 x16:0x00000000 x23=0x00000000
     359235.000 ns	     35922	800074cc	024b1233	mulh	x4,x22,x4	 x22:0x00000010  x4:0x00000000  x4=0x00000000
     359255.000 ns	     35924	800074d0	801d7493	andi	x9,x26,-2047	 x26:0x00000000  x9=0x00000000
     359265.000 ns	     35925	800074d4	74150d13	addi	x26,x10,1857	 x10:0x00000000 x26=0x00000741
     359285.000 ns	     35927	800074d8	21bc89d3	fsgnj.s	f19,f25,f27	 f25:0x80000000 f27:0x7fc00000 f19=0x00000000
     359305.000 ns	     35929	800074dc	01c1cbb3	xor	x23,x3,x28	  x3:0x00000000 x28:0xf506f533 x23=0xf506f533
     359315.000 ns	     35930	800074e0	41a154b3	sra	x9,x2,x26	  x2:0x00000000 x26:0x00000741  x9=0x00000000
     359335.000 ns	     35932	800074e4	d008f453	fcvt.s.w	f8,x17	 x17:0x0000000f  f8=0x41700000
     359355.000 ns	     35934	800074e8	01da28b3	slt	x17,x20,x29	 x20:0x00000010 x29:0x80040fe4 x17=0x00000000
     359375.000 ns	     35936	800074ec	e0018fd3	fmv.x.w	x31,f3	  f3:0x00000000 x31=0x00000000
     359395.000 ns	     35938	800074f0	0060d613	srli	x12,x1,0x6	  x1:0xfffff93a x12=0x03ffffe4
     359415.000 ns	     35940	800074f4	215398d3	fsgnjn.s	f17,f7,f21	  f7:0x00000000 f21:0x00000000 f17=0x80000000
     359435.000 ns	     35942	800074f8	99666717	auipc	x14,0x99666	 x14=0x1966d4f8
     359445.000 ns	     35943	800074fc	00f30fb3	add	x31,x6,x15	  x6:0x80041024 x15:0x00000000 x31=0x80041024
     359465.000 ns	     35945	80007500	283606d3	fmin.s	f13,f12,f3	 f12:0x7fc00000  f3:0x00000000 f13=0x00000000
     359835.000 ns	     35982	80007504	0271e233	rem	x4,x3,x7	  x3:0x00000000  x7:0x7fc00000  x4=0x00000000
     359855.000 ns	     35984	80007508	21e0a817	auipc	x16,0x21e0a	 x16=0xa1e11508
     359875.000 ns	     35986	8000750c	a10721d3	feq.s	x3,f14,f16	 f14:0xff800000 f16:0x00000000  x3=0x00000000
     359895.000 ns	     35988	80007510	019f7633	and	x12,x30,x25	 x30:0x00000000 x25:0x80040fe4 x12=0x00000000
     359915.000 ns	     35990	80007514	0208cab3	div	x21,x17,x0	 x17:0x00000000  x0:0x00000000 x21=0xffffffff
     359935.000 ns	     35992	80007518	001ceeb3	or	x29,x25,x1	 x25:0x80040fe4  x1:0xfffff93a x29=0xfffffffe
     359945.000 ns	     35993	8000751c	6f76b037	lui	x0,0x6f76b	
     359965.000 ns	     35995	80007520	28a41553	fmax.s	f10,f8,f10	  f8:0x41700000 f10:0x00000000 f10=0x41700000
     359985.000 ns	     35997	80007524	00a0c733	xor	x14,x1,x10	  x1:0xfffff93a x10:0x00000000 x14=0xfffff93a
     360005.000 ns	     35999	80007528	e0020853	fmv.x.w	x16,f4	  f4:0x80000000 x16=0x80000000
     360035.000 ns	     36002	8000752c	d00776d3	fcvt.s.w	f13,x14	 x14:0x1966d4f8 f13=0xc4d8c000
     360055.000 ns	     36004	80007530	b857f013	andi	x0,x15,-1147	 x15:0x00000000
     360085.000 ns	     36007	80007534	113788d3	fmul.s	f17,f15,f19	 f15:0x00000000 f19:0x00000000 f17=0x00000000
     360115.000 ns	     36010	80007538	02218033	mul	x0,x3,x2	  x3:0x00000000  x2:0x00000000
     360135.000 ns	     36012	8000753c	40545ab3	sra	x21,x8,x5	  x8:0x0d95f000  x5:0x00000000 x21=0x0d95f000
     360145.000 ns	     36013	80007540	df0c6d93	ori	x27,x24,-528	 x24:0x7fc00000 x27=0xfffffdf0
     360155.000 ns	     36014	80007544	004e5813	srli	x16,x28,0x4	 x28:0xf506f533 x16=0x0f506f53
     360165.000 ns	     36015	80007548	5da65517	auipc	x10,0x5da65	 x10=0xdda6c548
     360175.000 ns	     36016	8000754c	4314c213	xori	x4,x9,1073	  x9:0x00000000  x4=0x00000431
     360185.000 ns	     36017	80007550	013b5193	srli	x3,x22,0x13	 x22:0x00000010  x3=0x00000000
     360195.000 ns	     36018	80007554	01a8e3b3	or	x7,x17,x26	 x17:0x00000000 x26:0x00000741  x7=0x00000741
     360215.000 ns	     36020	80007558	e0030dd3	fmv.x.w	x27,f6	  f6:0x7fc00000 x27=0x7fc00000
     360235.000 ns	     36022	8000755c	01257bb3	and	x23,x10,x18	 x10:0xdda6c548 x18:0xdd3ba000 x23=0xdd228000
     360245.000 ns	     36023	80007560	01e35a93	srli	x21,x6,0x1e	  x6:0x80041024 x21=0x00000002
     360255.000 ns	     36024	80007564	01a836b3	sltu	x13,x16,x26	 x16:0x0f506f53 x26:0x00000741 x13=0x00000000
     360265.000 ns	     36025	80007568	07e46493	ori	x9,x8,126	  x8:0x0d95f000  x9=0x0d95f07e
     360275.000 ns	     36026	8000756c	6da7b897	auipc	x17,0x6da7b	 x17=0xeda8256c
     360285.000 ns	     36027	80007570	cedd9f37	lui	x30,0xcedd9	 x30=0xcedd9000
     360295.000 ns	     36028	80007574	f2ce61b7	lui	x3,0xf2ce6	  x3=0xf2ce6000
     360305.000 ns	     36029	80007578	012d9513	slli	x10,x27,0x12	 x27:0x7fc00000 x10=0x00000000
     360315.000 ns	     36030	8000757c	012b2b33	slt	x22,x22,x18	 x22:0x00000010 x18:0xdd3ba000 x22=0x00000000
     360335.000 ns	     36032	80007580	29a792d3	fmax.s	f5,f15,f26	 f15:0x00000000 f26:0x7fc00000  f5=0x00000000
     360355.000 ns	     36034	80007584	99aabc13	sltiu	x24,x21,-1638	 x21:0x00000002 x24=0x00000001
     360365.000 ns	     36035	80007588	007ef0b3	and	x1,x29,x7	 x29:0xfffffffe  x7:0x00000741  x1=0x00000740
     360375.000 ns	     36036	8000758c	01ef89b3	add	x19,x31,x30	 x31:0x80041024 x30:0xcedd9000 x19=0x4ee1a024
     360385.000 ns	     36037	80007590	0a41a293	slti	x5,x3,164	  x3:0xf2ce6000  x5=0x00000001
     360405.000 ns	     36039	80007594	e00519d3	fclass.s	x19,f10	 f10:0x41700000 x19=0x00000040
     360425.000 ns	     36041	80007598	fcd07993	andi	x19,x0,-51	  x0:0x00000000 x19=0x00000000
     360445.000 ns	     36043	8000759c	218ca253	fsgnjx.s	f4,f25,f24	 f25:0x80000000 f24:0x00000000  f4=0x80000000
     360475.000 ns	     36046	800075a0	20d4a4d3	fsgnjx.s	f9,f9,f13	  f9:0x00000000 f13:0xc4d8c000  f9=0x80000000
     360845.000 ns	     36083	800075a4	03c8ca33	div	x20,x17,x28	 x17:0xeda8256c x28:0xf506f533 x20=0x00000001
     360875.000 ns	     36086	800075a8	02c8fc33	remu	x24,x17,x12	 x17:0xeda8256c x12:0x00000000 x24=0xeda8256c
     360895.000 ns	     36088	800075ac	0072f733	and	x14,x5,x7	  x5:0x00000001  x7:0x00000741 x14=0x00000001
     360905.000 ns	     36089	800075b0	e6e98297	auipc	x5,0xe6e98	  x5=0x66e9f5b0
     360915.000 ns	     36090	800075b4	fdbefd13	andi	x26,x29,-37	 x29:0xfffffffe x26=0xffffffda
     360925.000 ns	     36091	800075b8	00ed1693	slli	x13,x26,0xe	 x26:0x00000741 x13=0xfff68000
     360935.000 ns	     36092	800075bc	01055093	srli	x1,x10,0x10	 x10:0x00000000  x1=0x00000000
     360945.000 ns	     36093	800075c0	2cc1f993	andi	x19,x3,716	  x3:0xf2ce6000 x19=0x00000000
     360955.000 ns	     36094	800075c4	005febb3	or	x23,x31,x5	 x31:0x80041024  x5:0x66e9f5b0 x23=0xe6edf5b4
     360975.000 ns	     36096	800075c8	a0d79853	flt.s	x16,f15,f13	 f15:0x00000000 f13:0xc4d8c000 x16=0x00000000
     360995.000 ns	     36098	800075cc	503cf793	andi	x15,x25,1283	 x25:0x80040fe4 x15=0x00000500
     361005.000 ns	     36099	800075d0	015d4db3	xor	x27,x26,x21	 x26:0xffffffda x21:0x00000002 x27=0xffffffd8
     361015.000 ns	     36100	800075d4	00124a33	xor	x20,x4,x1	  x4:0x00000431  x1:0x00000000 x20=0x00000431
     361025.000 ns	     36101	800075d8	014c64b3	or	x9,x24,x20	 x24:0xeda8256c x20:0x00000001  x9=0xeda8257d
     361385.000 ns	     36137	800075dc	028557b3	divu	x15,x10,x8	 x10:0x00000000  x8:0x0d95f000 x15=0x00000000
     361405.000 ns	     36139	800075e0	5ebd7f17	auipc	x30,0x5ebd7	 x30=0xdebde5e0
     361425.000 ns	     36141	800075e4	e0020fd3	fmv.x.w	x31,f4	  f4:0x80000000 x31=0x80000000
     361455.000 ns	     36144	800075e8	d0157a53	fcvt.s.wu	f20,x10	 x10:0x00000000 f20=0x00000000
     361485.000 ns	     36147	800075ec	20408453	fsgnj.s	f8,f1,f4	  f1:0x7f800000  f4:0x80000000  f8=0xff800000
     361505.000 ns	     36149	800075f0	9aea7793	andi	x15,x20,-1618	 x20:0x00000431 x15=0x00000020
     361515.000 ns	     36150	800075f4	00c5bfb3	sltu	x31,x11,x12	 x11:0x80040fe4 x12:0x00000000 x31=0x00000000
     361535.000 ns	     36152	800075f8	033fe7b3	rem	x15,x31,x19	 x31:0x80000000 x19:0x00000000 x15=0x00000000
     361565.000 ns	     36155	800075fc	20cc9f53	fsgnjn.s	f30,f25,f12	 f25:0x80000000 f12:0x7fc00000 f30=0x80000000
     361595.000 ns	     36158	80007600	a022a553	feq.s	x10,f5,f2	  f5:0x00000000  f2:0x00000000 x10=0x00000001
     361615.000 ns	     36160	80007604	fd02a993	slti	x19,x5,-48	  x5:0x66e9f5b0 x19=0x00000000
     361655.000 ns	     36164	80007608	01004c53	fadd.s	f24,f0,f16	  f0:0x7fc00000 f16:0x00000000 f24=0x7fc00000
     361685.000 ns	     36167	8000760c	e0010853	fmv.x.w	x16,f2	  f2:0x00000000 x16=0x00000000
     361705.000 ns	     36169	80007610	00ea4bb3	xor	x23,x20,x14	 x20:0x00000431 x14:0x00000001 x23=0x00000430
     361715.000 ns	     36170	80007614	409ddf13	srai	x30,x27,0x9	 x27:0xffffffd8 x30=0xffffffff
     361735.000 ns	     36172	80007618	033d33b3	mulhu	x7,x26,x19	 x26:0xffffffda x19:0x00000000  x7=0x00000000
     361755.000 ns	     36174	8000761c	011d0c33	add	x24,x26,x17	 x26:0xffffffda x17:0xeda8256c x24=0xeda82546
     361775.000 ns	     36176	80007620	03e494b3	mulh	x9,x9,x30	  x9:0xeda8257d x30:0xffffffff  x9=0x00000000
     361805.000 ns	     36179	80007624	f0010453	fmv.w.x	f8,x2	  x2:0x00000000  f8=0x00000000
     361855.000 ns	     36184	80007628	08bffd53	fsub.s	f26,f31,f11	 f31:0x7fc00000 f11:0x00000000 f26=0x7fc00000
     361885.000 ns	     36187	8000762c	2060afd3	fsgnjx.s	f31,f1,f6	  f1:0x7f800000  f6:0x7fc00000 f31=0x7f800000
     361905.000 ns	     36189	80007630	40788033	sub	x0,x17,x7	 x17:0xeda8256c  x7:0x00000000
     361915.000 ns	     36190	80007634	3ffe7a13	andi	x20,x28,1023	 x28:0xf506f533 x20=0x00000133
     361925.000 ns	     36191	80007638	0085ff33	and	x30,x11,x8	 x11:0x80040fe4  x8:0x0d95f000 x30=0x00040000
     361945.000 ns	     36193	8000763c	021ecd33	div	x26,x29,x1	 x29:0xfffffffe  x1:0x00000000 x26=0xffffffff
     361965.000 ns	     36195	80007640	01511fb3	sll	x31,x2,x21	  x2:0x00000000 x21:0x00000002 x31=0x00000000
     361975.000 ns	     36196	80007644	4d55c993	xori	x19,x11,1237	 x11:0x80040fe4 x19=0x80040b31
     361995.000 ns	     36198	80007648	d0022e53	fcvt.s.w	f28,x4	  x4:0x00000431 f28=0x44862000
     362025.000 ns	     36201	8000764c	e0060ad3	fmv.x.w	x21,f12	 f12:0x7fc00000 x21=0x7fc00000
     362065.000 ns	     36205	80007650	58039dd3	fsqrt.s	f27,f7	  f7:0x00000000 f27=0x00000000
     362085.000 ns	     36207	80007654	6cd0a0b7	lui	x1,0x6cd0a	  x1=0x6cd0a000
     362105.000 ns	     36209	80007658	29840153	fmin.s	f2,f8,f24	  f8:0x00000000 f24:0x7fc00000  f2=0x00000000
     362125.000 ns	     36211	8000765c	cd47ea17	auipc	x20,0xcd47e	 x20=0x4d48565c
     362135.000 ns	     36212	80007660	001f41b3	xor	x3,x30,x1	 x30:0x00040000  x1:0x6cd0a000  x3=0x6cd4a000
     362145.000 ns	     36213	80007664	4119d5b3	sra	x11,x19,x17	 x19:0x80040b31 x17:0xeda8256c x11=0xfff80040
     362165.000 ns	     36215	80007668	020b4133	div	x2,x22,x0	 x22:0x00000000  x0:0x00000000  x2=0xffffffff
     362195.000 ns	     36218	8000766c	f0070f53	fmv.w.x	f30,x14	 x14:0x00000001 f30=0x00000001
     362225.000 ns	     36221	80007670	e00097d3	fclass.s	x15,f1	  f1:0x7f800000 x15=0x00000080
     362245.000 ns	     36223	80007674	7fffbf93	sltiu	x31,x31,2047	 x31:0x00000000 x31=0x00000001
     362255.000 ns	     36224	80007678	0ee3ff93	andi	x31,x7,238	  x7:0x00000000 x31=0x00000000
     362265.000 ns	     36225	8000767c	00801213	slli	x4,x0,0x8	  x0:0x00000000  x4=0x00000000
     362275.000 ns	     36226	80007680	0171d913	srli	x18,x3,0x17	  x3:0x6cd4a000 x18=0x000000d9
     362285.000 ns	     36227	80007684	003c9f33	sll	x30,x25,x3	 x25:0x80040fe4  x3:0x6cd4a000 x30=0x80040fe4
     362305.000 ns	     36229	80007688	29b688d3	fmin.s	f17,f13,f27	 f13:0xc4d8c000 f27:0x00000000 f17=0xc4d8c000
     362325.000 ns	     36231	8000768c	00e61b33	sll	x22,x12,x14	 x12:0x00000000 x14:0x00000001 x22=0x00000000
     362335.000 ns	     36232	80007690	01cdedb3	or	x27,x27,x28	 x27:0xffffffd8 x28:0xf506f533 x27=0xfffffffb
     362695.000 ns	     36268	80007694	0269e133	rem	x2,x19,x6	 x19:0x80040b31  x6:0x80041024  x2=0xfffffb0d
     362725.000 ns	     36271	80007698	03d60033	mul	x0,x12,x29	 x12:0x00000000 x29:0xfffffffe
     362755.000 ns	     36274	8000769c	20960a53	fsgnj.s	f20,f12,f9	 f12:0x7fc00000  f9:0x80000000 f20=0xffc00000
     362775.000 ns	     36276	800076a0	41d48db3	sub	x27,x9,x29	  x9:0x00000000 x29:0xfffffffe x27=0x00000002
     362805.000 ns	     36279	800076a4	580b9353	fsqrt.s	f6,f23	 f23:0x7fc00000  f6=0x7fc00000
     362845.000 ns	     36283	800076a8	10b03053	fmul.s	f0,f0,f11	  f0:0x7fc00000 f11:0x00000000  f0=0x7fc00000
     362865.000 ns	     36285	800076ac	01442db3	slt	x27,x8,x20	  x8:0x0d95f000 x20:0x4d48565c x27=0x00000001
     362875.000 ns	     36286	800076b0	aeb36113	ori	x2,x6,-1301	  x6:0x80041024  x2=0xfffffaef
     362885.000 ns	     36287	800076b4	018cc633	xor	x12,x25,x24	 x25:0x80040fe4 x24:0xeda82546 x12=0x6dac2aa2
     362895.000 ns	     36288	800076b8	01e0ceb3	xor	x29,x1,x30	  x1:0x6cd0a000 x30:0x80040fe4 x29=0xecd4afe4
     362905.000 ns	     36289	800076bc	00000013	addi	x0,x0,0	  x0:0x00000000
     362915.000 ns	     36290	800076c0	00db5733	srl	x14,x22,x13	 x22:0x00000000 x13:0xfff68000 x14=0x00000000
     362925.000 ns	     36291	800076c4	01893db3	sltu	x27,x18,x24	 x18:0x000000d9 x24:0xeda82546 x27=0x00000001
     362935.000 ns	     36292	800076c8	c59e91b7	lui	x3,0xc59e9	  x3=0xc59e9000
     362975.000 ns	     36296	800076cc	01017bd3	fadd.s	f23,f2,f16	  f2:0x00000000 f16:0x00000000 f23=0x00000000
     363005.000 ns	     36299	800076d0	d0084b53	fcvt.s.w	f22,x16	 x16:0x00000000 f22=0x00000000
     363045.000 ns	     36303	800076d4	5804f9d3	fsqrt.s	f19,f9	  f9:0x80000000 f19=0x80000000
     363075.000 ns	     36306	800076d8	020817b3	mulh	x15,x16,x0	 x16:0x00000000  x0:0x00000000 x15=0x00000000
     363115.000 ns	     36310	800076dc	18c37353	fdiv.s	f6,f6,f12	  f6:0x7fc00000 f12:0x7fc00000  f6=0x7fc00000
     363135.000 ns	     36312	800076e0	0d474093	xori	x1,x14,212	 x14:0x00000000  x1=0x000000d4
     363155.000 ns	     36314	800076e4	d01a17d3	fcvt.s.wu	f15,x20	 x20:0x4d48565c f15=0x4e9a90ac
     363175.000 ns	     36316	800076e8	ee94b013	sltiu	x0,x9,-279	  x9:0x00000000
     363185.000 ns	     36317	800076ec	01b58433	add	x8,x11,x27	 x11:0xfff80040 x27:0x00000001  x8=0xfff80041
     363195.000 ns	     36318	800076f0	419c5c13	srai	x24,x24,0x19	 x24:0xeda82546 x24=0xfffffff6
     363205.000 ns	     36319	800076f4	00af1293	slli	x5,x30,0xa	 x30:0x80040fe4  x5=0x103f9000
     363565.000 ns	     36355	800076f8	033b6bb3	rem	x23,x22,x19	 x22:0x00000000 x19:0x80040b31 x23=0x00000000
     363585.000 ns	     36357	800076fc	db472493	slti	x9,x14,-588	 x14:0x00000000  x9=0x00000000
     363595.000 ns	     36358	80007700	218d2a13	slti	x20,x26,536	 x26:0xffffffff x20=0x00000001
     363605.000 ns	     36359	80007704	01a8b033	sltu	x0,x17,x26	 x17:0xeda8256c x26:0xffffffff
     363615.000 ns	     36360	80007708	41655013	srai	x0,x10,0x16	 x10:0x00000001
     363625.000 ns	     36361	8000770c	41d4d433	sra	x8,x9,x29	  x9:0x00000000 x29:0xecd4afe4  x8=0x00000000
     363645.000 ns	     36363	80007710	28e09ed3	fmax.s	f29,f1,f14	  f1:0x7f800000 f14:0xff800000 f29=0x7f800000
     363665.000 ns	     36365	80007714	e4edca93	xori	x21,x27,-434	 x27:0x00000001 x21=0xfffffe4f
     363675.000 ns	     36366	80007718	00635db3	srl	x27,x6,x6	  x6:0x80041024  x6:0x80041024 x27=0x08004102
     363695.000 ns	     36368	8000771c	28c20053	fmin.s	f0,f4,f12	  f4:0x80000000 f12:0x7fc00000  f0=0x80000000
     363725.000 ns	     36371	80007720	d01f7553	fcvt.s.wu	f10,x30	 x30:0x80040fe4 f10=0x4f00040f
     363745.000 ns	     36373	80007724	191efd93	andi	x27,x29,401	 x29:0xecd4afe4 x27=0x00000180
     363765.000 ns	     36375	80007728	027f48b3	div	x17,x30,x7	 x30:0x80040fe4  x7:0x00000000 x17=0xffffffff
     363815.000 ns	     36380	8000772c	09587cd3	fsub.s	f25,f16,f21	 f16:0x00000000 f21:0x00000000 f25=0x80000000
     364185.000 ns	     36417	80007730	0347f5b3	remu	x11,x15,x20	 x15:0x00000000 x20:0x00000001 x11=0x00000000
     364205.000 ns	     36419	80007734	41f35133	sra	x2,x6,x31	  x6:0x80041024 x31:0x00000000  x2=0x80041024
     364215.000 ns	     36420	80007738	88fb8693	addi	x13,x23,-1905	 x23:0x00000000 x13=0xfffff88f
     364225.000 ns	     36421	8000773c	01d36233	or	x4,x6,x29	  x6:0x80041024 x29:0xecd4afe4  x4=0xecd4bfe4
     364235.000 ns	     36422	80007740	01513f33	sltu	x30,x2,x21	  x2:0x80041024 x21:0xfffffe4f x30=0x00000001
     364265.000 ns	     36425	80007744	10c87fd3	fmul.s	f31,f16,f12	 f16:0x00000000 f12:0x7fc00000 f31=0x7fc00000
     364285.000 ns	     36427	80007748	a5680597	auipc	x11,0xa5680	 x11=0x25687748
     364305.000 ns	     36429	8000774c	2037add3	fsgnjx.s	f27,f15,f3	 f15:0x4e9a90ac  f3:0x00000000 f27=0x4e9a90ac
     364345.000 ns	     36433	80007750	193ef3d3	fdiv.s	f7,f29,f19	 f29:0x7f800000 f19:0x80000000  f7=0xff800000
     364365.000 ns	     36435	80007754	01d0f833	and	x16,x1,x29	  x1:0x000000d4 x29:0xecd4afe4 x16=0x000000c4
     364385.000 ns	     36437	80007758	e00480d3	fmv.x.w	x1,f9	  f9:0x80000000  x1=0x80000000
     364415.000 ns	     36440	8000775c	02884633	div	x12,x16,x8	 x16:0x00000000  x8:0x00000000 x12=0xffffffff
     364445.000 ns	     36443	80007760	e0048453	fmv.x.w	x8,f9	  f9:0x80000000  x8=0x80000000
     364475.000 ns	     36446	80007764	026d36b3	mulhu	x13,x26,x6	 x26:0xffffffff  x6:0x80041024 x13=0x80041023
     364495.000 ns	     36448	80007768	006e1733	sll	x14,x28,x6	 x28:0xf506f533  x6:0x80041024 x14=0x506f5330
     364505.000 ns	     36449	8000776c	6b97a913	slti	x18,x15,1721	 x15:0x00000000 x18=0x00000001
     364525.000 ns	     36451	80007770	208d8953	fsgnj.s	f18,f27,f8	 f27:0x4e9a90ac  f8:0x00000000 f18=0x4e9a90ac
     364895.000 ns	     36488	80007774	038f5833	divu	x16,x30,x24	 x30:0x00000001 x24:0xfffffff6 x16=0x00000000
     364915.000 ns	     36490	80007778	6d2da193	slti	x3,x27,1746	 x27:0x00000180  x3=0x00000001
     364925.000 ns	     36491	8000777c	5f8be013	ori	x0,x23,1528	 x23:0x00000000
     364935.000 ns	     36492	80007780	0004adb3	slt	x27,x9,x0	  x9:0x00000000  x0:0x00000000 x27=0x00000000
     364945.000 ns	     36493	80007784	59cd7b13	andi	x22,x26,1436	 x26:0xffffffff x22=0x0000059c
     364955.000 ns	     36494	80007788	00f95b13	srli	x22,x18,0xf	 x18:0x00000001 x22=0x00000000
     364975.000 ns	     36496	8000778c	a1c815d3	flt.s	x11,f16,f28	 f16:0x00000000 f28:0x44862000 x11=0x00000001
     364995.000 ns	     36498	80007790	00417a33	and	x20,x2,x4	  x2:0x80041024  x4:0xecd4bfe4 x20=0x80041024
     365035.000 ns	     36502	80007794	08ff7fd3	fsub.s	f31,f30,f15	 f30:0x00000001 f15:0x4e9a90ac f31=0xce9a90ac
     365065.000 ns	     36505	80007798	21769753	fsgnjn.s	f14,f13,f23	 f13:0xc4d8c000 f23:0x00000000 f14=0xc4d8c000
     365085.000 ns	     36507	8000779c	ff2fed93	ori	x27,x31,-14	 x31:0x00000000 x27=0xfffffff2
     365105.000 ns	     36509	800077a0	20071553	fsgnjn.s	f10,f14,f0	 f14:0xc4d8c000  f0:0x80000000 f10=0x44d8c000
     365125.000 ns	     36511	800077a4	0152a133	slt	x2,x5,x21	  x5:0x103f9000 x21:0xfffffe4f  x2=0x00000000
     365145.000 ns	     36513	800077a8	d0197cd3	fcvt.s.wu	f25,x18	 x18:0x00000001 f25=0x3f800000
     365165.000 ns	     36515	800077ac	017e88b3	add	x17,x29,x23	 x29:0xecd4afe4 x23:0x00000000 x17=0xecd4afe4
     365175.000 ns	     36516	800077b0	27fb78b7	lui	x17,0x27fb7	 x17=0x27fb7000
     365185.000 ns	     36517	800077b4	01911b93	slli	x23,x2,0x19	  x2:0x00000000 x23=0x00000000
     365225.000 ns	     36521	800077b8	09ba4bd3	fsub.s	f23,f20,f27	 f20:0xffc00000 f27:0x4e9a90ac f23=0x7fc00000
     365255.000 ns	     36524	800077bc	f00b8453	fmv.w.x	f8,x23	 x23:0x00000000  f8=0x00000000
     365275.000 ns	     36526	800077c0	9198bf93	sltiu	x31,x17,-1767	 x17:0x27fb7000 x31=0x00000001
     365295.000 ns	     36528	800077c4	21599653	fsgnjn.s	f12,f19,f21	 f19:0x80000000 f21:0x00000000 f12=0x80000000
     365665.000 ns	     36565	800077c8	03e97fb3	remu	x31,x18,x30	 x18:0x00000001 x30:0x00000001 x31=0x00000000
     365685.000 ns	     36567	800077cc	40d78b33	sub	x22,x15,x13	 x15:0x00000000 x13:0x80041023 x22=0x7ffbefdd
     365695.000 ns	     36568	800077d0	4039d713	srai	x14,x19,0x3	 x19:0x80040b31 x14=0xf0008166
     365715.000 ns	     36570	800077d4	02035033	divu	x0,x6,x0	  x6:0x80041024  x0:0x00000000
     365735.000 ns	     36572	800077d8	01fe1213	slli	x4,x28,0x1f	 x28:0xf506f533  x4=0x80000000
     365745.000 ns	     36573	800077dc	92028b17	auipc	x22,0x92028	 x22=0x1202f7dc
     365755.000 ns	     36574	800077e0	01979a33	sll	x20,x15,x25	 x15:0x00000000 x25:0x80040fe4 x20=0x00000000
     365775.000 ns	     36576	800077e4	214e06d3	fsgnj.s	f13,f28,f20	 f28:0x44862000 f20:0xffc00000 f13=0xc4862000
     365795.000 ns	     36578	800077e8	40e2d733	sra	x14,x5,x14	  x5:0x103f9000 x14:0xf0008166 x14=0x0040fe40
     365805.000 ns	     36579	800077ec	01c40fb3	add	x31,x8,x28	  x8:0x80000000 x28:0xf506f533 x31=0x7506f533
     366165.000 ns	     36615	800077f0	03c9cb33	div	x22,x19,x28	 x19:0x80040b31 x28:0xf506f533 x22=0x0000000b
     366195.000 ns	     36618	800077f4	036fa0b3	mulhsu	x1,x31,x22	 x31:0x00000000 x22:0x1202f7dc  x1=0x00000005
     366235.000 ns	     36622	800077f8	580afb53	fsqrt.s	f22,f21	 f21:0x00000000 f22=0x00000000
     366265.000 ns	     36625	800077fc	e0079f53	fclass.s	x30,f15	 f15:0x4e9a90ac x30=0x00000040
     366295.000 ns	     36628	80007800	20a79ed3	fsgnjn.s	f29,f15,f10	 f15:0x4e9a90ac f10:0x44d8c000 f29=0xce9a90ac
     366315.000 ns	     36630	80007804	d69af997	auipc	x19,0xd69af	 x19=0x569b6804
     366345.000 ns	     36633	80007808	580ea7d3	fsqrt.s	f15,f29	 f29:0xce9a90ac f15=0x7fc00000
     366365.000 ns	     36635	8000780c	01829a13	slli	x20,x5,0x18	  x5:0x103f9000 x20=0x00000000
     366385.000 ns	     36637	80007810	c0177053	fcvt.wu.s	x0,f14	 f14:0xc4d8c000
     366415.000 ns	     36640	80007814	e00882d3	fmv.x.w	x5,f17	 f17:0xc4d8c000  x5=0xc4d8c000
     366465.000 ns	     36645	80007818	09e875d3	fsub.s	f11,f16,f30	 f16:0x00000000 f30:0x00000001 f11=0x80000001
     366495.000 ns	     36648	8000781c	03daaf33	mulhsu	x30,x21,x29	 x21:0xfffffe4f x29:0xecd4afe4 x30=0xfffffe6f
     366525.000 ns	     36651	80007820	02eaa7b3	mulhsu	x15,x21,x14	 x21:0xfffffe4f x14:0x0040fe40 x15=0xffffffff
     366545.000 ns	     36653	80007824	00000013	addi	x0,x0,0	  x0:0x00000000
     366585.000 ns	     36657	80007828	094bf153	fsub.s	f2,f23,f20	 f23:0x7fc00000 f20:0xffc00000  f2=0x7fc00000
     366605.000 ns	     36659	8000782c	8fb62993	slti	x19,x12,-1797	 x12:0xffffffff x19=0x00000000
     366615.000 ns	     36660	80007830	add00393	addi	x7,x0,-1315	  x0:0x00000000  x7=0xfffffadd
     366625.000 ns	     36661	80007834	0159f5b3	and	x11,x19,x21	 x19:0x569b6804 x21:0xfffffe4f x11=0x00000000
     366645.000 ns	     36663	80007838	c0081f53	fcvt.w.s	x30,f16	 f16:0x00000000 x30=0x00000000
     367015.000 ns	     36700	8000783c	023be633	rem	x12,x23,x3	 x23:0x00000000  x3:0x00000001 x12=0x00000000
     367035.000 ns	     36702	80007840	008ad513	srli	x10,x21,0x8	 x21:0xfffffe4f x10=0x00fffffe
     367055.000 ns	     36704	80007844	21182ad3	fsgnjx.s	f21,f16,f17	 f16:0x00000000 f17:0xc4d8c000 f21=0x80000000
     367085.000 ns	     36707	80007848	f00107d3	fmv.w.x	f15,x2	  x2:0x00000000 f15=0x00000000
     367105.000 ns	     36709	8000784c	69d22993	slti	x19,x4,1693	  x4:0x80000000 x19=0x00000001
     367465.000 ns	     36745	80007850	026dd433	divu	x8,x27,x6	 x27:0xfffffff2  x6:0x80041024  x8=0x00000001
     367485.000 ns	     36747	80007854	bbcc0993	addi	x19,x24,-1092	 x24:0xfffffff6 x19=0xfffffbb2
     367495.000 ns	     36748	80007858	0002aeb3	slt	x29,x5,x0	  x5:0xc4d8c000  x0:0x00000000 x29=0x00000001
     367515.000 ns	     36750	8000785c	a157a5d3	feq.s	x11,f15,f21	 f15:0x00000000 f21:0x80000000 x11=0x00000001
     367545.000 ns	     36753	80007860	d01bf153	fcvt.s.wu	f2,x23	 x23:0x00000000  f2=0x00000000
     367565.000 ns	     36755	80007864	eef9c613	xori	x12,x19,-273	 x19:0xfffffbb2 x12=0x0000055d
     367585.000 ns	     36757	80007868	f0000953	fmv.w.x	f18,x0	  x0:0x00000000 f18=0x00000000
     367615.000 ns	     36760	8000786c	e00f9fd3	fclass.s	x31,f31	 f31:0xce9a90ac x31=0x00000002
     367645.000 ns	     36763	80007870	022083b3	mul	x7,x1,x2	  x1:0x00000005  x2:0x00000000  x7=0x00000000
     367665.000 ns	     36765	80007874	002a36b3	sltu	x13,x20,x2	 x20:0x00000000  x2:0x00000000 x13=0x00000000
     367695.000 ns	     36768	80007878	580a8853	fsqrt.s	f16,f21	 f21:0x80000000 f16=0x80000000
     368065.000 ns	     36805	8000787c	02e4dd33	divu	x26,x9,x14	  x9:0x00000000 x14:0x0040fe40 x26=0x00000000
     368085.000 ns	     36807	80007880	816b0193	addi	x3,x22,-2026	 x22:0x0000000b  x3=0xfffff821
     368115.000 ns	     36810	80007884	5803ac53	fsqrt.s	f24,f7	  f7:0xff800000 f24=0x7fc00000
     368135.000 ns	     36812	80007888	00000013	addi	x0,x0,0	  x0:0x00000000
     368155.000 ns	     36814	8000788c	d017c6d3	fcvt.s.wu	f13,x15	 x15:0xffffffff f13=0x4f800000
     368175.000 ns	     36816	80007890	4bf1b697	auipc	x13,0x4bf1b	 x13=0xcbf22890
     368535.000 ns	     36852	80007894	0214fb33	remu	x22,x9,x1	  x9:0x00000000  x1:0x00000005 x22=0x00000000
     368565.000 ns	     36855	80007898	03654633	div	x12,x10,x22	 x10:0x00fffffe x22:0x0000000b x12=0xffffffff
     368595.000 ns	     36858	8000789c	291a8ad3	fmin.s	f21,f21,f17	 f21:0x80000000 f17:0xc4d8c000 f21=0xc4d8c000
     368615.000 ns	     36860	800078a0	c0b0c637	lui	x12,0xc0b0c	 x12=0xc0b0c000
     368625.000 ns	     36861	800078a4	415553b3	sra	x7,x10,x21	 x10:0x00fffffe x21:0xfffffe4f  x7=0x000001ff
     368665.000 ns	     36865	800078a8	0980a953	fsub.s	f18,f1,f24	  f1:0x7f800000 f24:0x7fc00000 f18=0x7fc00000
     368685.000 ns	     36867	800078ac	41de5733	sra	x14,x28,x29	 x28:0xf506f533 x29:0x00000001 x14=0xfa837a99
     368705.000 ns	     36869	800078b0	28050c53	fmin.s	f24,f10,f0	 f10:0x44d8c000  f0:0x80000000 f24=0x80000000
     368725.000 ns	     36871	800078b4	6dfa2fb7	lui	x31,0x6dfa2	 x31=0x6dfa2000
     368735.000 ns	     36872	800078b8	00a55793	srli	x15,x10,0xa	 x10:0x00fffffe x15=0x00003fff
     368755.000 ns	     36874	800078bc	a15c1d53	flt.s	x26,f24,f21	 f24:0x80000000 f21:0xc4d8c000 x26=0x00000000
     368785.000 ns	     36877	800078c0	206b9c53	fsgnjn.s	f24,f23,f6	 f23:0x7fc00000  f6:0x7fc00000 f24=0xffc00000
     368815.000 ns	     36880	800078c4	c00ffb53	fcvt.w.s	x22,f31	 f31:0xce9a90ac x22=0x4d485600
     368845.000 ns	     36883	800078c8	c0077953	fcvt.w.s	x18,f14	 f14:0xc4d8c000 x18=0x000006c6
     368865.000 ns	     36885	800078cc	41ab8d33	sub	x26,x23,x26	 x23:0x00000000 x26:0x00000000 x26=0x00000000
     369225.000 ns	     36921	800078d0	02d05633	divu	x12,x0,x13	  x0:0x00000000 x13:0xcbf22890 x12=0x00000000
     369595.000 ns	     36958	800078d4	03674fb3	div	x31,x14,x22	 x14:0xfa837a99 x22:0x4d485600 x31=0x00000000
     369965.000 ns	     36995	800078d8	0267d033	divu	x0,x15,x6	 x15:0x00003fff  x6:0x80041024
     370335.000 ns	     37032	800078dc	036de9b3	rem	x19,x27,x22	 x27:0xfffffff2 x22:0x4d485600 x19=0xfffffff2
     370355.000 ns	     37034	800078e0	01495a13	srli	x20,x18,0x14	 x18:0x000006c6 x20=0x00000000
     370365.000 ns	     37035	800078e4	0187d2b3	srl	x5,x15,x24	 x15:0x00003fff x24:0xfffffff6  x5=0x00000000
     370405.000 ns	     37039	800078e8	0093c653	fadd.s	f12,f7,f9	  f7:0xff800000  f9:0x80000000 f12=0xff800000
     370425.000 ns	     37041	800078ec	0040d393	srli	x7,x1,0x4	  x1:0x00000005  x7=0x00000000
     370445.000 ns	     37043	800078f0	c00f80d3	fcvt.w.s	x1,f31	 f31:0xce9a90ac  x1=0xb2b7aa00
     370465.000 ns	     37045	800078f4	c1213b13	sltiu	x22,x2,-1006	  x2:0x00000000 x22=0x00000001
     370485.000 ns	     37047	800078f8	03e98933	mul	x18,x19,x30	 x19:0xfffffff2 x30:0x00000000 x18=0x00000000
     370505.000 ns	     37049	800078fc	00c307b3	add	x15,x6,x12	  x6:0x80041024 x12:0x00000000 x15=0x80041024
     370525.000 ns	     37051	80007900	f00c0253	fmv.w.x	f4,x24	 x24:0xfffffff6  f4=0xfffffff6
     370565.000 ns	     37055	80007904	5802fbd3	fsqrt.s	f23,f5	  f5:0x00000000 f23=0x00000000
     370585.000 ns	     37057	80007908	009a4f33	xor	x30,x20,x9	 x20:0x00000000  x9:0x00000000 x30=0x00000000
     370595.000 ns	     37058	8000790c	87d09737	lui	x14,0x87d09	 x14=0x87d09000
     370625.000 ns	     37061	80007910	58010ad3	fsqrt.s	f21,f2	  f2:0x00000000 f21=0x00000000
     370655.000 ns	     37064	80007914	e0031d53	fclass.s	x26,f6	  f6:0x7fc00000 x26=0x00000200
     370675.000 ns	     37066	80007918	40835d13	srai	x26,x6,0x8	  x6:0x80041024 x26=0xff800410
     370685.000 ns	     37067	8000791c	b0a7a113	slti	x2,x15,-1270	 x15:0x80041024  x2=0x00000001
     370695.000 ns	     37068	80007920	ef84c513	xori	x10,x9,-264	  x9:0x00000000 x10=0xfffffef8
     370705.000 ns	     37069	80007924	2b034913	xori	x18,x6,688	  x6:0x80041024 x18=0x80041294
     370725.000 ns	     37071	80007928	e00b0a53	fmv.x.w	x20,f22	 f22:0x00000000 x20=0x00000000
     370745.000 ns	     37073	8000792c	637be093	ori	x1,x23,1591	 x23:0x00000000  x1=0x00000637
     370755.000 ns	     37074	80007930	008aa4b3	slt	x9,x21,x8	 x21:0xfffffe4f  x8:0x00000001  x9=0x00000001
     370765.000 ns	     37075	80007934	00119f93	slli	x31,x3,0x1	  x3:0xfffff821 x31=0xfffff042
     370785.000 ns	     37077	80007938	28a511d3	fmax.s	f3,f10,f10	 f10:0x44d8c000 f10:0x44d8c000  f3=0x44d8c000
     370825.000 ns	     37081	8000793c	580ff9d3	fsqrt.s	f19,f31	 f31:0xce9a90ac f19=0x7fc00000
     370875.000 ns	     37086	80007940	0965fe53	fsub.s	f28,f11,f22	 f11:0x80000001 f22:0x00000000 f28=0x80000001
     370905.000 ns	     37089	80007944	20c614d3	fsgnjn.s	f9,f12,f12	 f12:0xff800000 f12:0xff800000  f9=0x7f800000
     370925.000 ns	     37091	80007948	40b85913	srai	x18,x16,0xb	 x16:0x00000000 x18=0x00000000
     370935.000 ns	     37092	8000794c	55956213	ori	x4,x10,1369	 x10:0xfffffef8  x4=0xfffffff9
     370945.000 ns	     37093	80007950	41c15d33	sra	x26,x2,x28	  x2:0x00000001 x28:0xf506f533 x26=0x00000000
     370965.000 ns	     37095	80007954	030ce0b3	rem	x1,x25,x16	 x25:0x80040fe4 x16:0x00000000  x1=0x80040fe4
     370995.000 ns	     37098	80007958	e00183d3	fmv.x.w	x7,f3	  f3:0x44d8c000  x7=0x44d8c000
     371035.000 ns	     37102	8000795c	181a0653	fdiv.s	f12,f20,f1	 f20:0xffc00000  f1:0x7f800000 f12=0x7fc00000
     371065.000 ns	     37105	80007960	a0aa25d3	feq.s	x11,f20,f10	 f20:0xffc00000 f10:0x44d8c000 x11=0x00000000
     371085.000 ns	     37107	80007964	014c03b3	add	x7,x24,x20	 x24:0xfffffff6 x20:0x00000000  x7=0xfffffff6
     371095.000 ns	     37108	80007968	00000013	addi	x0,x0,0	  x0:0x00000000
     371105.000 ns	     37109	8000796c	0113aab3	slt	x21,x7,x17	  x7:0x44d8c000 x17:0x27fb7000 x21=0x00000001
     371465.000 ns	     37145	80007970	02297db3	remu	x27,x18,x2	 x18:0x00000000  x2:0x00000001 x27=0x00000000
     371485.000 ns	     37147	80007974	01b61733	sll	x14,x12,x27	 x12:0x00000000 x27:0xfffffff2 x14=0x00000000
     371505.000 ns	     37149	80007978	c01073d3	fcvt.wu.s	x7,f0	  f0:0x80000000  x7=0x00000000
     371525.000 ns	     37151	8000797c	00000013	addi	x0,x0,0	  x0:0x00000000
     371545.000 ns	     37153	80007980	a0ae88d3	fle.s	x17,f29,f10	 f29:0xce9a90ac f10:0x44d8c000 x17=0x00000001
     371575.000 ns	     37156	80007984	e00115d3	fclass.s	x11,f2	  f2:0x00000000 x11=0x00000010
     371605.000 ns	     37159	80007988	e00d0f53	fmv.x.w	x30,f26	 f26:0x7fc00000 x30=0x7fc00000
     371635.000 ns	     37162	8000798c	a053a653	feq.s	x12,f7,f5	  f7:0xff800000  f5:0x00000000 x12=0x00000000
     371665.000 ns	     37165	80007990	a06729d3	feq.s	x19,f14,f6	 f14:0xc4d8c000  f6:0x7fc00000 x19=0x00000000
     371685.000 ns	     37167	80007994	65132e93	slti	x29,x6,1617	  x6:0x80041024 x29=0x00000001
     371695.000 ns	     37168	80007998	00bce9b3	or	x19,x25,x11	 x25:0x80040fe4 x11:0x00000010 x19=0x80040ff4
     371725.000 ns	     37171	8000799c	197e0f53	fdiv.s	f30,f28,f23	 f28:0x80000001 f23:0x00000000 f30=0xff800000
     371755.000 ns	     37174	800079a0	28f81453	fmax.s	f8,f16,f15	 f16:0x80000000 f15:0x00000000  f8=0x00000000
     371785.000 ns	     37177	800079a4	03b1e4b3	rem	x9,x3,x27	  x3:0xfffff821 x27:0x00000000  x9=0xfffff821
     371805.000 ns	     37179	800079a8	416dd0b3	sra	x1,x27,x22	 x27:0x00000000 x22:0x00000001  x1=0x00000000
     371825.000 ns	     37181	800079ac	212c8953	fsgnj.s	f18,f25,f18	 f25:0x3f800000 f18:0x7fc00000 f18=0x3f800000
     371845.000 ns	     37183	800079b0	01509993	slli	x19,x1,0x15	  x1:0x80040fe4 x19=0x00000000
     371865.000 ns	     37185	800079b4	e0020c53	fmv.x.w	x24,f4	  f4:0xfffffff6 x24=0xfffffff6
     371895.000 ns	     37188	800079b8	c00cf153	fcvt.w.s	x2,f25	 f25:0x3f800000  x2=0x00000001
     371915.000 ns	     37190	800079bc	00c55033	srl	x0,x10,x12	 x10:0xfffffef8 x12:0x00000000
     371925.000 ns	     37191	800079c0	a24a0293	addi	x5,x20,-1500	 x20:0x00000000  x5=0xfffffa24
     371945.000 ns	     37193	800079c4	283d0153	fmin.s	f2,f26,f3	 f26:0x7fc00000  f3:0x44d8c000  f2=0x44d8c000
     371965.000 ns	     37195	800079c8	6e323193	sltiu	x3,x4,1763	  x4:0xfffffff9  x3=0x00000000
     371995.000 ns	     37198	800079cc	1895cc53	fdiv.s	f24,f11,f9	 f11:0x80000001  f9:0x7f800000 f24=0x80000000
     372025.000 ns	     37201	800079d0	e0030153	fmv.x.w	x2,f6	  f6:0x7fc00000  x2=0x7fc00000
     372055.000 ns	     37204	800079d4	e00a8d53	fmv.x.w	x26,f21	 f21:0x00000000 x26=0x00000000
     372095.000 ns	     37208	800079d8	10ef76d3	fmul.s	f13,f30,f14	 f30:0xff800000 f14:0xc4d8c000 f13=0x7f800000
     372115.000 ns	     37210	800079dc	40bdd993	srai	x19,x27,0xb	 x27:0x00000000 x19=0x00000000
     372125.000 ns	     37211	800079e0	01b6c3b3	xor	x7,x13,x27	 x13:0xcbf22890 x27:0x00000000  x7=0xcbf22890
     372135.000 ns	     37212	800079e4	44066617	auipc	x12,0x44066	 x12=0xc406d9e4
     372155.000 ns	     37214	800079e8	d01f0e53	fcvt.s.wu	f28,x30	 x30:0x7fc00000 f28=0x4eff8000
     372175.000 ns	     37216	800079ec	3327d0b7	lui	x1,0x3327d	  x1=0x3327d000
     372535.000 ns	     37252	800079f0	0311e8b3	rem	x17,x3,x17	  x3:0x00000000 x17:0x00000001 x17=0x00000000
     372565.000 ns	     37255	800079f4	03bf3d33	mulhu	x26,x30,x27	 x30:0x7fc00000 x27:0x00000000 x26=0x00000000
     372605.000 ns	     37259	800079f8	11d008d3	fmul.s	f17,f0,f29	  f0:0x80000000 f29:0xce9a90ac f17=0x00000000
     372625.000 ns	     37261	800079fc	89ca2a13	slti	x20,x20,-1892	 x20:0x00000000 x20=0x00000000
     372645.000 ns	     37263	80007a00	d0137153	fcvt.s.wu	f2,x6	  x6:0x80041024  f2=0x4f000410
     372675.000 ns	     37266	80007a04	024602b3	mul	x5,x12,x4	 x12:0xc406d9e4  x4:0xfffffff9  x5=0xa3d00ac4
     373045.000 ns	     37303	80007a08	025840b3	div	x1,x16,x5	 x16:0x00000000  x5:0xfffffa24  x1=0x00000000
     373075.000 ns	     37306	80007a0c	21c89ad3	fsgnjn.s	f21,f17,f28	 f17:0x00000000 f28:0x4eff8000 f21=0x80000000
     373105.000 ns	     37309	80007a10	f00885d3	fmv.w.x	f11,x17	 x17:0x00000000 f11=0x00000000
     373125.000 ns	     37311	80007a14	1a510813	addi	x16,x2,421	  x2:0x7fc00000 x16=0x7fc001a5
     373145.000 ns	     37313	80007a18	d008f653	fcvt.s.w	f12,x17	 x17:0x00000000 f12=0x00000000
     373185.000 ns	     37317	80007a1c	11dcf753	fmul.s	f14,f25,f29	 f25:0x3f800000 f29:0xce9a90ac f14=0xce9a90ac
     373205.000 ns	     37319	80007a20	019a3c33	sltu	x24,x20,x25	 x20:0x00000000 x25:0x80040fe4 x24=0x00000001
     373225.000 ns	     37321	80007a24	033bbf33	mulhu	x30,x23,x19	 x23:0x00000000 x19:0x00000000 x30=0x00000000
     373255.000 ns	     37324	80007a28	c0058ed3	fcvt.w.s	x29,f11	 f11:0x00000000 x29=0x00000000
     373305.000 ns	     37329	80007a2c	081471d3	fsub.s	f3,f8,f1	  f8:0x00000000  f1:0x7f800000  f3=0xff800000
     373335.000 ns	     37332	80007a30	a10d9bd3	flt.s	x23,f27,f16	 f27:0x4e9a90ac f16:0x80000000 x23=0x00000000
     373365.000 ns	     37335	80007a34	d011f953	fcvt.s.wu	f18,x3	  x3:0x00000000 f18=0x00000000
     373395.000 ns	     37338	80007a38	29ad0e53	fmin.s	f28,f26,f26	 f26:0x7fc00000 f26:0x7fc00000 f28=0x7fc00000
     373435.000 ns	     37342	80007a3c	19397253	fdiv.s	f4,f18,f19	 f18:0x00000000 f19:0x7fc00000  f4=0x7fc00000
     373455.000 ns	     37344	80007a40	015dd6b3	srl	x13,x27,x21	 x27:0x00000000 x21:0x00000001 x13=0x00000000
     373475.000 ns	     37346	80007a44	a14c2753	feq.s	x14,f24,f20	 f24:0x80000000 f20:0xffc00000 x14=0x00000000
     373495.000 ns	     37348	80007a48	63462b93	slti	x23,x12,1588	 x12:0xc406d9e4 x23=0x00000001
     373505.000 ns	     37349	80007a4c	00000013	addi	x0,x0,0	  x0:0x00000000
     373525.000 ns	     37351	80007a50	024696b3	mulh	x13,x13,x4	 x13:0x00000000  x4:0xfffffff9 x13=0x00000000
     373555.000 ns	     37354	80007a54	209b29d3	fsgnjx.s	f19,f22,f9	 f22:0x00000000  f9:0x7f800000 f19=0x00000000
     373575.000 ns	     37356	80007a58	405c5113	srai	x2,x24,0x5	 x24:0x00000001  x2=0x00000000
     373605.000 ns	     37359	80007a5c	580f7553	fsqrt.s	f10,f30	 f30:0xff800000 f10=0x7fc00000
     373625.000 ns	     37361	80007a60	01945393	srli	x7,x8,0x19	  x8:0x00000001  x7=0x00000000
     373635.000 ns	     37362	80007a64	01b6c3b3	xor	x7,x13,x27	 x13:0x00000000 x27:0x00000000  x7=0x00000000
     373995.000 ns	     37398	80007a68	02516233	rem	x4,x2,x5	  x2:0x00000000  x5:0xa3d00ac4  x4=0x00000000
     374015.000 ns	     37400	80007a6c	64cb4b37	lui	x22,0x64cb4	 x22=0x64cb4000
     374035.000 ns	     37402	80007a70	0270ba33	mulhu	x20,x1,x7	  x1:0x00000000  x7:0x00000000 x20=0x00000000
     374065.000 ns	     37405	80007a74	a00d0d53	fle.s	x26,f26,f0	 f26:0x7fc00000  f0:0x80000000 x26=0x00000000
     374085.000 ns	     37407	80007a78	00ab2233	slt	x4,x22,x10	 x22:0x64cb4000 x10:0xfffffef8  x4=0x00000000
     374105.000 ns	     37409	80007a7c	d01bced3	fcvt.s.wu	f29,x23	 x23:0x00000001 f29=0x3f800000
     374135.000 ns	     37412	80007a80	218227d3	fsgnjx.s	f15,f4,f24	  f4:0x7fc00000 f24:0x80000000 f15=0xffc00000
     374165.000 ns	     37415	80007a84	f00c8ed3	fmv.w.x	f29,x25	 x25:0x80040fe4 f29=0x80040fe4
     374185.000 ns	     37417	80007a88	f0a60913	addi	x18,x12,-246	 x12:0xc406d9e4 x18=0xc406d8ee
     374205.000 ns	     37419	80007a8c	a1bd1d53	flt.s	x26,f26,f27	 f26:0x7fc00000 f27:0x4e9a90ac x26=0x00000000
     374225.000 ns	     37421	80007a90	12f1bc13	sltiu	x24,x3,303	  x3:0x00000000 x24=0x00000001
     374255.000 ns	     37424	80007a94	195ef4d3	fdiv.s	f9,f29,f21	 f29:0x80040fe4 f21:0x80000000  f9=0x7f800000
     374285.000 ns	     37427	80007a98	e0099f53	fclass.s	x30,f19	 f19:0x00000000 x30=0x00000010
     374315.000 ns	     37430	80007a9c	219b9fd3	fsgnjn.s	f31,f23,f25	 f23:0x00000000 f25:0x3f800000 f31=0x80000000
     374335.000 ns	     37432	80007aa0	000eda93	srli	x21,x29,0x0	 x29:0x00000000 x21=0x00000000
     374355.000 ns	     37434	80007aa4	e00f8b53	fmv.x.w	x22,f31	 f31:0x80000000 x22=0x80000000
     374385.000 ns	     37437	80007aa8	e00a0153	fmv.x.w	x2,f20	 f20:0xffc00000  x2=0xffc00000
     374405.000 ns	     37439	80007aac	abb4e013	ori	x0,x9,-1349	  x9:0xfffff821
     374415.000 ns	     37440	80007ab0	00383eb3	sltu	x29,x16,x3	 x16:0x7fc001a5  x3:0x00000000 x29=0x00000000
     374435.000 ns	     37442	80007ab4	f00e0353	fmv.w.x	f6,x28	 x28:0xf506f533  f6=0xf506f533
     374465.000 ns	     37445	80007ab8	2196aa53	fsgnjx.s	f20,f13,f25	 f13:0x7f800000 f25:0x3f800000 f20=0x7f800000
     374495.000 ns	     37448	80007abc	e00e8753	fmv.x.w	x14,f29	 f29:0x80040fe4 x14=0x80040fe4
     374515.000 ns	     37450	80007ac0	4040d513	srai	x10,x1,0x4	  x1:0x00000000 x10=0x00000000
     374535.000 ns	     37452	80007ac4	c00f91d3	fcvt.w.s	x3,f31	 f31:0x80000000  x3=0x00000000
     374555.000 ns	     37454	80007ac8	3d05c713	xori	x14,x11,976	 x11:0x00000010 x14=0x000003c0
     374565.000 ns	     37455	80007acc	4067d5b3	sra	x11,x15,x6	 x15:0x80041024  x6:0x80041024 x11=0xf8004102
     374585.000 ns	     37457	80007ad0	219daed3	fsgnjx.s	f29,f27,f25	 f27:0x4e9a90ac f25:0x3f800000 f29=0x4e9a90ac
     374615.000 ns	     37460	80007ad4	20eea853	fsgnjx.s	f16,f29,f14	 f29:0x80040fe4 f14:0xce9a90ac f16=0xce9a90ac
     374635.000 ns	     37462	80007ad8	9a360513	addi	x10,x12,-1629	 x12:0xc406d9e4 x10=0xc406d387
     374645.000 ns	     37463	80007adc	00167733	and	x14,x12,x1	 x12:0xc406d9e4  x1:0x00000000 x14=0x00000000
     374655.000 ns	     37464	80007ae0	01aa0933	add	x18,x20,x26	 x20:0x00000000 x26:0x00000000 x18=0x00000000
     374665.000 ns	     37465	80007ae4	007dbc33	sltu	x24,x27,x7	 x27:0x00000000  x7:0x00000000 x24=0x00000000
     374695.000 ns	     37468	80007ae8	1021f0d3	fmul.s	f1,f3,f2	  f3:0xff800000  f2:0x4f000410  f1=0xff800000
     374735.000 ns	     37472	80007aec	580c1ed3	fsqrt.s	f29,f24	 f24:0x80000000 f29=0x80000000
     375105.000 ns	     37509	80007af0	0300c533	div	x10,x1,x16	  x1:0x00000000 x16:0x7fc001a5 x10=0x00000000
     375135.000 ns	     37512	80007af4	20888953	fsgnj.s	f18,f17,f8	 f17:0x00000000  f8:0x00000000 f18=0x00000000
     375155.000 ns	     37514	80007af8	002f1613	slli	x12,x30,0x2	 x30:0x00000010 x12=0x00000040
     375175.000 ns	     37516	80007afc	29120853	fmin.s	f16,f4,f17	  f4:0x7fc00000 f17:0x00000000 f16=0x00000000
     375195.000 ns	     37518	80007b00	005b9b13	slli	x22,x23,0x5	 x23:0x00000001 x22=0x00000020
     375205.000 ns	     37519	80007b04	0d9dcf93	xori	x31,x27,217	 x27:0x00000000 x31=0x000000d9
     375225.000 ns	     37521	80007b08	031802b3	mul	x5,x16,x17	 x16:0x7fc001a5 x17:0x00000000  x5=0x00000000
     375255.000 ns	     37524	80007b0c	2036a953	fsgnjx.s	f18,f13,f3	 f13:0x7f800000  f3:0xff800000 f18=0xff800000
     375275.000 ns	     37526	80007b10	00065f13	srli	x30,x12,0x0	 x12:0x00000040 x30=0x00000040
     375295.000 ns	     37528	80007b14	e0058ed3	fmv.x.w	x29,f11	 f11:0x00000000 x29=0x00000000
     375325.000 ns	     37531	80007b18	215703d3	fsgnj.s	f7,f14,f21	 f14:0xce9a90ac f21:0x80000000  f7=0xce9a90ac
     375345.000 ns	     37533	80007b1c	a32e0f13	addi	x30,x28,-1486	 x28:0xf506f533 x30=0xf506ef65
     375355.000 ns	     37534	80007b20	30d67f97	auipc	x31,0x30d67	 x31=0xb0d6eb20
     375375.000 ns	     37536	80007b24	20230953	fsgnj.s	f18,f6,f2	  f6:0xf506f533  f2:0x4f000410 f18=0x7506f533
     375405.000 ns	     37539	80007b28	29de07d3	fmin.s	f15,f28,f29	 f28:0x7fc00000 f29:0x80000000 f15=0x80000000
     375435.000 ns	     37542	80007b2c	29c20653	fmin.s	f12,f4,f28	  f4:0x7fc00000 f28:0x7fc00000 f12=0x7fc00000
     375455.000 ns	     37544	80007b30	fb153413	sltiu	x8,x10,-79	 x10:0x00000000  x8=0x00000001
     375465.000 ns	     37545	80007b34	53e76393	ori	x7,x14,1342	 x14:0x00000000  x7=0x0000053e
     375475.000 ns	     37546	80007b38	24f04813	xori	x16,x0,591	  x0:0x00000000 x16=0x0000024f
     375485.000 ns	     37547	80007b3c	00ce5fb3	srl	x31,x28,x12	 x28:0xf506f533 x12:0x00000040 x31=0xf506f533
     375495.000 ns	     37548	80007b40	01eb5833	srl	x16,x22,x30	 x22:0x00000020 x30:0xf506ef65 x16=0x00000001
     375505.000 ns	     37549	80007b44	01ee3733	sltu	x14,x28,x30	 x28:0xf506f533 x30:0xf506ef65 x14=0x00000000
     375525.000 ns	     37551	80007b48	c00bf853	fcvt.w.s	x16,f23	 f23:0x00000000 x16=0x00000000
     375555.000 ns	     37554	80007b4c	21808ed3	fsgnj.s	f29,f1,f24	  f1:0xff800000 f24:0x80000000 f29=0xff800000
     375585.000 ns	     37557	80007b50	a1710b53	fle.s	x22,f2,f23	  f2:0x4f000410 f23:0x00000000 x22=0x00000000
     375615.000 ns	     37560	80007b54	211ba1d3	fsgnjx.s	f3,f23,f17	 f23:0x00000000 f17:0x00000000  f3=0x00000000
     375665.000 ns	     37565	80007b58	09d3f253	fsub.s	f4,f7,f29	  f7:0xce9a90ac f29:0xff800000  f4=0x7f800000
     375695.000 ns	     37568	80007b5c	a0139653	flt.s	x12,f7,f1	  f7:0xce9a90ac  f1:0xff800000 x12=0x00000000
     375715.000 ns	     37570	80007b60	b827f893	andi	x17,x15,-1150	 x15:0x80041024 x17=0x80041000
     375735.000 ns	     37572	80007b64	03188f33	mul	x30,x17,x17	 x17:0x00000000 x17:0x00000000 x30=0x81000000
     375755.000 ns	     37574	80007b68	00369d13	slli	x26,x13,0x3	 x13:0x00000000 x26=0x00000000
     375775.000 ns	     37576	80007b6c	0375beb3	mulhu	x29,x11,x23	 x11:0xf8004102 x23:0x00000001 x29=0x00000000
     375795.000 ns	     37578	80007b70	01e4e433	or	x8,x9,x30	  x9:0xfffff821 x30:0x81000000  x8=0xfffff821
     375825.000 ns	     37581	80007b74	194377d3	fdiv.s	f15,f6,f20	  f6:0xf506f533 f20:0x7f800000 f15=0x80000000
     375855.000 ns	     37584	80007b78	03f73433	mulhu	x8,x14,x31	 x14:0x00000000 x31:0xf506f533  x8=0x00000000
     375885.000 ns	     37587	80007b7c	20cd2ad3	fsgnjx.s	f21,f26,f12	 f26:0x7fc00000 f12:0x7fc00000 f21=0x7fc00000
     375915.000 ns	     37590	80007b80	0288d5b3	divu	x11,x17,x8	 x17:0x80041000  x8:0x00000000 x11=0xffffffff
     375945.000 ns	     37593	80007b84	a02a2fd3	feq.s	x31,f20,f2	 f20:0x7f800000  f2:0x4f000410 x31=0x00000000
     375995.000 ns	     37598	80007b88	00e2a1d3	fadd.s	f3,f5,f14	  f5:0x00000000 f14:0xce9a90ac  f3=0xce9a90ac
     376015.000 ns	     37600	80007b8c	01b75bb3	srl	x23,x14,x27	 x14:0x00000000 x27:0x00000000 x23=0x00000000
     376025.000 ns	     37601	80007b90	01235533	srl	x10,x6,x18	  x6:0x80041024 x18:0x00000000 x10=0x80041024
     376045.000 ns	     37603	80007b94	21591553	fsgnjn.s	f10,f18,f21	 f18:0x7506f533 f21:0x7fc00000 f10=0xf506f533
     376085.000 ns	     37607	80007b98	580af8d3	fsqrt.s	f17,f21	 f21:0x7fc00000 f17=0x7fc00000
     376115.000 ns	     37610	80007b9c	02e388b3	mul	x17,x7,x14	  x7:0x0000053e x14:0x00000000 x17=0x00000000
     376145.000 ns	     37613	80007ba0	e0059ad3	fclass.s	x21,f11	 f11:0x00000000 x21=0x00000010
     376175.000 ns	     37616	80007ba4	033adfb3	divu	x31,x21,x19	 x21:0x00000000 x19:0x00000000 x31=0xffffffff
     376205.000 ns	     37619	80007ba8	e00989d3	fmv.x.w	x19,f19	 f19:0x00000000 x19=0x00000000
     376235.000 ns	     37622	80007bac	c0177753	fcvt.wu.s	x14,f14	 f14:0xce9a90ac x14=0x4d485600
     376275.000 ns	     37626	80007bb0	1175f953	fmul.s	f18,f11,f23	 f11:0x00000000 f23:0x00000000 f18=0x00000000
     376305.000 ns	     37629	80007bb4	e0001253	fclass.s	x4,f0	  f0:0x80000000  x4=0x00000008
     376345.000 ns	     37633	80007bb8	5807c5d3	fsqrt.s	f11,f15	 f15:0x80000000 f11=0x80000000
     376365.000 ns	     37635	80007bbc	01d75913	srli	x18,x14,0x1d	 x14:0x4d485600 x18=0x00000002
     376725.000 ns	     37671	80007bc0	029dd2b3	divu	x5,x27,x9	 x27:0x00000000  x9:0xfffff821  x5=0x00000000
     376755.000 ns	     37674	80007bc4	02c01933	mulh	x18,x0,x12	  x0:0x00000000 x12:0x00000000 x18=0x00000000
     376775.000 ns	     37676	80007bc8	00ca5993	srli	x19,x20,0xc	 x20:0x00000000 x19=0x00000000
     376795.000 ns	     37678	80007bcc	c00e76d3	fcvt.w.s	x13,f28	 f28:0x7fc00000 x13=0x7fffffff
     376815.000 ns	     37680	80007bd0	011d1a13	slli	x20,x26,0x11	 x26:0x00000000 x20=0x00000000
     376825.000 ns	     37681	80007bd4	01120bb3	add	x23,x4,x17	  x4:0x00000008 x17:0x00000000 x23=0x00000008
     377185.000 ns	     37717	80007bd8	0370d6b3	divu	x13,x1,x23	  x1:0x00000000 x23:0x00000000 x13=0x00000000
     377205.000 ns	     37719	80007bdc	6aa84093	xori	x1,x16,1706	 x16:0x00000000  x1=0x000006aa
     377215.000 ns	     37720	80007be0	41fbdf93	srai	x31,x23,0x1f	 x23:0x00000008 x31=0x00000000
     377225.000 ns	     37721	80007be4	e95b3893	sltiu	x17,x22,-363	 x22:0x00000000 x17=0x00000001
     377245.000 ns	     37723	80007be8	02d098b3	mulh	x17,x1,x13	  x1:0x000006aa x13:0x00000000 x17=0x00000000
     377275.000 ns	     37726	80007bec	d01bacd3	fcvt.s.wu	f25,x23	 x23:0x00000008 f25=0x41000000
     377295.000 ns	     37728	80007bf0	005a44b3	xor	x9,x20,x5	 x20:0x00000000  x5:0x00000000  x9=0x00000000
     377305.000 ns	     37729	80007bf4	007e56b3	srl	x13,x28,x7	 x28:0xf506f533  x7:0x0000053e x13=0x00000003
     377345.000 ns	     37733	80007bf8	09409753	fsub.s	f14,f1,f20	  f1:0xff800000 f20:0x7f800000 f14=0x80000000
     377395.000 ns	     37738	80007bfc	00947dd3	fadd.s	f27,f8,f9	  f8:0x00000000  f9:0x7f800000 f27=0x7f800000
     377425.000 ns	     37741	80007c00	f0000bd3	fmv.w.x	f23,x0	  x0:0x00000000 f23=0x00000000
     377445.000 ns	     37743	80007c04	d989ad97	auipc	x27,0xd989a	 x27=0x598a1c04
     377455.000 ns	     37744	80007c08	c9b9a893	slti	x17,x19,-869	 x19:0x00000000 x17=0x00000000
     377465.000 ns	     37745	80007c0c	8487ba93	sltiu	x21,x15,-1976	 x15:0x80041024 x21=0x00000001
     377475.000 ns	     37746	80007c10	00dbc8b3	xor	x17,x23,x13	 x23:0x00000008 x13:0x00000003 x17=0x0000000b
     377485.000 ns	     37747	80007c14	41b58933	sub	x18,x11,x27	 x11:0xffffffff x27:0x598a1c04 x18=0xa675e3fb
     377525.000 ns	     37751	80007c18	003f76d3	fadd.s	f13,f30,f3	 f30:0xff800000  f3:0xce9a90ac f13=0xff800000
     377555.000 ns	     37754	80007c1c	a1792853	feq.s	x16,f18,f23	 f18:0x00000000 f23:0x00000000 x16=0x00000001
     377575.000 ns	     37756	80007c20	3444ee97	auipc	x29,0x3444e	 x29=0xb4455c20
     377605.000 ns	     37759	80007c24	580b7453	fsqrt.s	f8,f22	 f22:0x00000000  f8=0x00000000
     377635.000 ns	     37762	80007c28	02d21a33	mulh	x20,x4,x13	  x4:0x00000008 x13:0x00000003 x20=0x00000000
     377655.000 ns	     37764	80007c2c	014200b3	add	x1,x4,x20	  x4:0x00000008 x20:0x00000000  x1=0x00000008
     377675.000 ns	     37766	80007c30	03f77b33	remu	x22,x14,x31	 x14:0x4d485600 x31:0x00000000 x22=0x4d485600
     378045.000 ns	     37803	80007c34	02b0c0b3	div	x1,x1,x11	  x1:0x000006aa x11:0xffffffff  x1=0xfffffff8
     378065.000 ns	     37805	80007c38	00cdc1b3	xor	x3,x27,x12	 x27:0x598a1c04 x12:0x00000000  x3=0x598a1c04
     378425.000 ns	     37841	80007c3c	0222c033	div	x0,x5,x2	  x5:0x00000000  x2:0xffc00000
     378455.000 ns	     37844	80007c40	d00184d3	fcvt.s.w	f9,x3	  x3:0x00000000  f9=0x4eb31438
     378485.000 ns	     37847	80007c44	a0b40ad3	fle.s	x21,f8,f11	  f8:0x00000000 f11:0x80000000 x21=0x00000001
     378855.000 ns	     37884	80007c48	0232f033	remu	x0,x5,x3	  x5:0x00000000  x3:0x598a1c04
     378875.000 ns	     37886	80007c4c	a3bd4113	xori	x2,x26,-1477	 x26:0x00000000  x2=0xfffffa3b
     378895.000 ns	     37888	80007c50	0268b5b3	mulhu	x11,x17,x6	 x17:0x0000000b  x6:0x80041024 x11=0x00000005
     378915.000 ns	     37890	80007c54	175a8193	addi	x3,x21,373	 x21:0x00000001  x3=0x00000176
     378925.000 ns	     37891	80007c58	94671617	auipc	x12,0x94671	 x12=0x14678c58
     378935.000 ns	     37892	80007c5c	00717a33	and	x20,x2,x7	  x2:0xfffffa3b  x7:0x0000053e x20=0x0000003a
     378955.000 ns	     37894	80007c60	d001b2d3	fcvt.s.w	f5,x3	  x3:0x00000176  f5=0x43bb0000
     378995.000 ns	     37898	80007c64	10a2fdd3	fmul.s	f27,f5,f10	  f5:0x00000000 f10:0xf506f533 f27=0xf9452a38
     379025.000 ns	     37901	80007c68	02855f33	divu	x30,x10,x8	 x10:0x80041024  x8:0x00000000 x30=0xffffffff
     379045.000 ns	     37903	80007c6c	00f91833	sll	x16,x18,x15	 x18:0xa675e3fb x15:0x80041024 x16=0x675e3fb0
     379055.000 ns	     37904	80007c70	00000013	addi	x0,x0,0	  x0:0x00000000
     379075.000 ns	     37906	80007c74	28048ad3	fmin.s	f21,f9,f0	  f9:0x4eb31438  f0:0x80000000 f21=0x80000000
     379105.000 ns	     37909	80007c78	c014cc53	fcvt.wu.s	x24,f9	  f9:0x4eb31438 x24=0x598a1c00
     379125.000 ns	     37911	80007c7c	016cac33	slt	x24,x25,x22	 x25:0x80040fe4 x22:0x4d485600 x24=0x00000001
     379135.000 ns	     37912	80007c80	00211f93	slli	x31,x2,0x2	  x2:0xfffffa3b x31=0xffffe8ec
     379495.000 ns	     37948	80007c84	0276d5b3	divu	x11,x13,x7	 x13:0x00000003  x7:0x0000053e x11=0x00000000
     379515.000 ns	     37950	80007c88	4192d633	sra	x12,x5,x25	  x5:0x00000000 x25:0x80040fe4 x12=0x00000000
     379555.000 ns	     37954	80007c8c	08c1f753	fsub.s	f14,f3,f12	  f3:0xce9a90ac f12:0x7fc00000 f14=0x7fc00000
     379575.000 ns	     37956	80007c90	f1cc7213	andi	x4,x24,-228	 x24:0x00000001  x4=0x00000000
     379585.000 ns	     37957	80007c94	019f94b3	sll	x9,x31,x25	 x31:0xffffe8ec x25:0x80040fe4  x9=0xfffe8ec0
     379595.000 ns	     37958	80007c98	009144b3	xor	x9,x2,x9	  x2:0xfffffa3b  x9:0x00000000  x9=0x000174fb
     379605.000 ns	     37959	80007c9c	94567b13	andi	x22,x12,-1723	 x12:0x00000000 x22=0x00000000
     379625.000 ns	     37961	80007ca0	2146ac53	fsgnjx.s	f24,f13,f20	 f13:0xff800000 f20:0x7f800000 f24=0xff800000
     379655.000 ns	     37964	80007ca4	c01a14d3	fcvt.wu.s	x9,f20	 f20:0x7f800000  x9=0xffffffff
     379675.000 ns	     37966	80007ca8	52e271b7	lui	x3,0x52e27	  x3=0x52e27000
     379695.000 ns	     37968	80007cac	29d887d3	fmin.s	f15,f17,f29	 f17:0x7fc00000 f29:0xff800000 f15=0xff800000
     379715.000 ns	     37970	80007cb0	402f5b13	srai	x22,x30,0x2	 x30:0xffffffff x22=0xffffffff
     379725.000 ns	     37971	80007cb4	333a9837	lui	x16,0x333a9	 x16=0x333a9000
     379745.000 ns	     37973	80007cb8	02b9e933	rem	x18,x19,x11	 x19:0x00000000 x11:0x00000000 x18=0x00000000
     379765.000 ns	     37975	80007cbc	00000013	addi	x0,x0,0	  x0:0x00000000
     379785.000 ns	     37977	80007cc0	2169a253	fsgnjx.s	f4,f19,f22	 f19:0x00000000 f22:0x00000000  f4=0x00000000
     379805.000 ns	     37979	80007cc4	00000013	addi	x0,x0,0	  x0:0x00000000
     379815.000 ns	     37980	80007cc8	00eb3eb3	sltu	x29,x22,x14	 x22:0xffffffff x14:0x4d485600 x29=0x00000000
     379835.000 ns	     37982	80007ccc	29b61fd3	fmax.s	f31,f12,f27	 f12:0x7fc00000 f27:0xf9452a38 f31=0xf9452a38
     379875.000 ns	     37986	80007cd0	190c0ad3	fdiv.s	f21,f24,f16	 f24:0xff800000 f16:0x00000000 f21=0xff800000
     379915.000 ns	     37990	80007cd4	580b7653	fsqrt.s	f12,f22	 f22:0x00000000 f12=0x00000000
     379935.000 ns	     37992	80007cd8	db56f697	auipc	x13,0xdb56f	 x13=0x5b576cd8
     379955.000 ns	     37994	80007cdc	03aabb33	mulhu	x22,x21,x26	 x21:0x00000001 x26:0x00000000 x22=0x00000000
     379985.000 ns	     37997	80007ce0	e0020c53	fmv.x.w	x24,f4	  f4:0x00000000 x24=0x00000000
     380015.000 ns	     38000	80007ce4	d000a953	fcvt.s.w	f18,x1	  x1:0xfffffff8 f18=0xc1000000
     380065.000 ns	     38005	80007ce8	08c443d3	fsub.s	f7,f8,f12	  f8:0x00000000 f12:0x00000000  f7=0x80000000
     380115.000 ns	     38010	80007cec	01fdbe53	fadd.s	f28,f27,f31	 f27:0xf9452a38 f31:0xf9452a38 f28=0xf9c52a38
     380145.000 ns	     38013	80007cf0	20269f53	fsgnjn.s	f30,f13,f2	 f13:0xff800000  f2:0x4f000410 f30=0xff800000
     380175.000 ns	     38016	80007cf4	032761b3	rem	x3,x14,x18	 x14:0x4d485600 x18:0x00000000  x3=0x4d485600
     380205.000 ns	     38019	80007cf8	c004f553	fcvt.w.s	x10,f9	  f9:0x4eb31438 x10=0x598a1c00
     380235.000 ns	     38022	80007cfc	02c239b3	mulhu	x19,x4,x12	  x4:0x00000000 x12:0x00000000 x19=0x00000000
     380265.000 ns	     38025	80007d00	e0019a53	fclass.s	x20,f3	  f3:0xce9a90ac x20=0x00000002
     380295.000 ns	     38028	80007d04	e00699d3	fclass.s	x19,f13	 f13:0xff800000 x19=0x00000001
     380315.000 ns	     38030	80007d08	00423933	sltu	x18,x4,x4	  x4:0x00000000  x4:0x00000000 x18=0x00000000
     380325.000 ns	     38031	80007d0c	00611633	sll	x12,x2,x6	  x2:0xfffffa3b  x6:0x80041024 x12=0xffffa3b0
     380685.000 ns	     38067	80007d10	039dd1b3	divu	x3,x27,x25	 x27:0x598a1c04 x25:0x80040fe4  x3=0x00000000
     380715.000 ns	     38070	80007d14	f0090053	fmv.w.x	f0,x18	 x18:0x00000000  f0=0x00000000
     380745.000 ns	     38073	80007d18	c01ef7d3	fcvt.wu.s	x15,f29	 f29:0xff800000 x15=0x00000000
     380775.000 ns	     38076	80007d1c	02e93db3	mulhu	x27,x18,x14	 x18:0x00000000 x14:0x4d485600 x27=0x00000000
     380805.000 ns	     38079	80007d20	03a1c033	div	x0,x3,x26	  x3:0x00000000 x26:0x00000000
     381175.000 ns	     38116	80007d24	026c4fb3	div	x31,x24,x6	 x24:0x00000000  x6:0x80041024 x31=0x00000000
     381215.000 ns	     38120	80007d28	1947af53	fdiv.s	f30,f15,f20	 f15:0xff800000 f20:0x7f800000 f30=0x7fc00000
     381235.000 ns	     38122	80007d2c	01a84133	xor	x2,x16,x26	 x16:0x333a9000 x26:0x00000000  x2=0x333a9000
     381275.000 ns	     38126	80007d30	08d8fdd3	fsub.s	f27,f17,f13	 f17:0x7fc00000 f13:0xff800000 f27=0x7fc00000
     381645.000 ns	     38163	80007d34	0318e4b3	rem	x9,x17,x17	 x17:0x0000000b x17:0x0000000b  x9=0x00000000
     381665.000 ns	     38165	80007d38	007594b3	sll	x9,x11,x7	 x11:0x00000000  x7:0x0000053e  x9=0x00000000
     381675.000 ns	     38166	80007d3c	12ff0993	addi	x19,x30,303	 x30:0xffffffff x19=0x0000012e
     381685.000 ns	     38167	80007d40	b8dd0e93	addi	x29,x26,-1139	 x26:0x00000000 x29=0xfffffb8d
     381705.000 ns	     38169	80007d44	a14599d3	flt.s	x19,f11,f20	 f11:0x80000000 f20:0x7f800000 x19=0x00000001
     381735.000 ns	     38172	80007d48	a1fc01d3	fle.s	x3,f24,f31	 f24:0xff800000 f31:0xf9452a38  x3=0x00000001
     381765.000 ns	     38175	80007d4c	029cdbb3	divu	x23,x25,x9	 x25:0x80040fe4  x9:0x00000000 x23=0xffffffff
     382135.000 ns	     38212	80007d50	022ce033	rem	x0,x25,x2	 x25:0x80040fe4  x2:0x333a9000
     382175.000 ns	     38216	80007d54	19b70bd3	fdiv.s	f23,f14,f27	 f14:0x7fc00000 f27:0x7fc00000 f23=0x7fc00000
     382195.000 ns	     38218	80007d58	ebbea993	slti	x19,x29,-325	 x29:0xfffffb8d x19=0x00000001
     382215.000 ns	     38220	80007d5c	c017c553	fcvt.wu.s	x10,f15	 f15:0xff800000 x10=0x00000000
     382235.000 ns	     38222	80007d60	c46d3c37	lui	x24,0xc46d3	 x24=0xc46d3000
     382255.000 ns	     38224	80007d64	a0d69453	flt.s	x8,f13,f13	 f13:0xff800000 f13:0xff800000  x8=0x00000000
     382285.000 ns	     38227	80007d68	02391a33	mulh	x20,x18,x3	 x18:0x00000000  x3:0x00000001 x20=0x00000000
     382315.000 ns	     38230	80007d6c	d0124dd3	fcvt.s.wu	f27,x4	  x4:0x00000000 f27=0x00000000
     382355.000 ns	     38234	80007d70	1118b1d3	fmul.s	f3,f17,f17	 f17:0x7fc00000 f17:0x7fc00000  f3=0x7fc00000
     382385.000 ns	     38237	80007d74	034fc233	div	x4,x31,x20	 x31:0x00000000 x20:0x00000000  x4=0xffffffff
     382415.000 ns	     38240	80007d78	03f3a6b3	mulhsu	x13,x7,x31	  x7:0x0000053e x31:0x00000000 x13=0x00000000
     382435.000 ns	     38242	80007d7c	0083f8b3	and	x17,x7,x8	  x7:0x0000053e  x8:0x00000000 x17=0x00000000
     382455.000 ns	     38244	80007d80	201a2953	fsgnjx.s	f18,f20,f1	 f20:0x7f800000  f1:0xff800000 f18=0xff800000
     382475.000 ns	     38246	80007d84	001660b3	or	x1,x12,x1	 x12:0xffffa3b0  x1:0xfffffff8  x1=0xfffffff8
     382495.000 ns	     38248	80007d88	03d207b3	mul	x15,x4,x29	  x4:0xffffffff x29:0xfffffb8d x15=0x00000473
     382515.000 ns	     38250	80007d8c	34af8fb7	lui	x31,0x34af8	 x31=0x34af8000
     382535.000 ns	     38252	80007d90	f0060f53	fmv.w.x	f30,x12	 x12:0xffffa3b0 f30=0xffffa3b0
     382555.000 ns	     38254	80007d94	01ba95b3	sll	x11,x21,x27	 x21:0x00000001 x27:0x00000000 x11=0x00000001
     382575.000 ns	     38256	80007d98	a1770dd3	fle.s	x27,f14,f23	 f14:0x7fc00000 f23:0x7fc00000 x27=0x00000000
     382945.000 ns	     38293	80007d9c	0381e4b3	rem	x9,x3,x24	  x3:0x00000001 x24:0xc46d3000  x9=0x00000001
     382965.000 ns	     38295	80007da0	01139133	sll	x2,x7,x17	  x7:0x0000053e x17:0x00000000  x2=0x0000053e
     382975.000 ns	     38296	80007da4	84304193	xori	x3,x0,-1981	  x0:0x00000000  x3=0xfffff843
     382995.000 ns	     38298	80007da8	0321f233	remu	x4,x3,x18	  x3:0x00000001 x18:0x00000000  x4=0xfffff843
     383025.000 ns	     38301	80007dac	298f02d3	fmin.s	f5,f30,f24	 f30:0xffffa3b0 f24:0xff800000  f5=0xff800000
     383055.000 ns	     38304	80007db0	a18a80d3	fle.s	x1,f21,f24	 f21:0xff800000 f24:0xff800000  x1=0x00000001
     383085.000 ns	     38307	80007db4	e0021553	fclass.s	x10,f4	  f4:0x00000000 x10=0x00000010
     383115.000 ns	     38310	80007db8	211b1e53	fsgnjn.s	f28,f22,f17	 f22:0x00000000 f17:0x7fc00000 f28=0x80000000
     383135.000 ns	     38312	80007dbc	0080e2b3	or	x5,x1,x8	  x1:0x00000001  x8:0x00000000  x5=0x00000001
     383155.000 ns	     38314	80007dc0	a19c1553	flt.s	x10,f24,f25	 f24:0xff800000 f25:0x41000000 x10=0x00000001
     383175.000 ns	     38316	80007dc4	018ebf33	sltu	x30,x29,x24	 x29:0xfffffb8d x24:0xc46d3000 x30=0x00000000
     383185.000 ns	     38317	80007dc8	1c792e93	slti	x29,x18,455	 x18:0x00000000 x29=0x00000001
     383205.000 ns	     38319	80007dcc	036babb3	mulhsu	x23,x23,x22	 x23:0xffffffff x22:0x00000000 x23=0x00000000
     383235.000 ns	     38322	80007dd0	a1632c53	feq.s	x24,f6,f22	  f6:0xf506f533 f22:0x00000000 x24=0x00000000
     383285.000 ns	     38327	80007dd4	096c7f53	fsub.s	f30,f24,f22	 f24:0xff800000 f22:0x00000000 f30=0xff800000
     383315.000 ns	     38330	80007dd8	d01e2e53	fcvt.s.wu	f28,x28	 x28:0xf506f533 f28=0x4f7506f6
     383345.000 ns	     38333	80007ddc	210dab53	fsgnjx.s	f22,f27,f16	 f27:0x00000000 f16:0x00000000 f22=0x00000000
     383375.000 ns	     38336	80007de0	28079cd3	fmax.s	f25,f15,f0	 f15:0xff800000  f0:0x00000000 f25=0x00000000
     383395.000 ns	     38338	80007de4	403adab3	sra	x21,x21,x3	 x21:0x00000001  x3:0xfffff843 x21=0x00000000
     383415.000 ns	     38340	80007de8	20929353	fsgnjn.s	f6,f5,f9	  f5:0xff800000  f9:0x4eb31438  f6=0xff800000
     383445.000 ns	     38343	80007dec	e0011dd3	fclass.s	x27,f2	  f2:0x4f000410 x27=0x00000040
     383485.000 ns	     38347	80007df0	18408053	fdiv.s	f0,f1,f4	  f1:0xff800000  f4:0x00000000  f0=0xff800000
     383515.000 ns	     38350	80007df4	a1d619d3	flt.s	x19,f12,f29	 f12:0x00000000 f29:0xff800000 x19=0x00000000
     383565.000 ns	     38355	80007df8	085a7953	fsub.s	f18,f20,f5	 f20:0x7f800000  f5:0xff800000 f18=0x00000000
     383585.000 ns	     38357	80007dfc	007d31b3	sltu	x3,x26,x7	 x26:0x00000000  x7:0x0000053e  x3=0x00000001
     383595.000 ns	     38358	80007e00	41380033	sub	x0,x16,x19	 x16:0x333a9000 x19:0x00000000
     383625.000 ns	     38361	80007e04	11098f53	fmul.s	f30,f19,f16	 f19:0x00000000 f16:0x00000000 f30=0x00000000
     383655.000 ns	     38364	80007e08	202c8b53	fsgnj.s	f22,f25,f2	 f25:0x00000000  f2:0x4f000410 f22=0x00000000
     383685.000 ns	     38367	80007e0c	28c28d53	fmin.s	f26,f5,f12	  f5:0xff800000 f12:0x00000000 f26=0xff800000
     384055.000 ns	     38404	80007e10	02e25433	divu	x8,x4,x14	  x4:0xfffff843 x14:0x4d485600  x8=0x00000003
     384085.000 ns	     38407	80007e14	f00084d3	fmv.w.x	f9,x1	  x1:0x00000001  f9=0x00000001
     384105.000 ns	     38409	80007e18	7b9d2493	slti	x9,x26,1977	 x26:0x00000000  x9=0x00000001
     384125.000 ns	     38411	80007e1c	02ac85b3	mul	x11,x25,x10	 x25:0x80040fe4 x10:0x00000001 x11=0x80040fe4
     384495.000 ns	     38448	80007e20	02956433	rem	x8,x10,x9	 x10:0x00000001  x9:0x00000001  x8=0x00000000
     384515.000 ns	     38450	80007e24	01489993	slli	x19,x17,0x14	 x17:0x00000000 x19=0x00000000
     384525.000 ns	     38451	80007e28	01cf91b3	sll	x3,x31,x28	 x31:0x34af8000 x28:0xf506f533  x3=0x00000000
     384545.000 ns	     38453	80007e2c	f00e03d3	fmv.w.x	f7,x28	 x28:0xf506f533  f7=0xf506f533
     384565.000 ns	     38455	80007e30	9d2efb93	andi	x23,x29,-1582	 x29:0x00000001 x23=0x00000000
     384575.000 ns	     38456	80007e34	29eae993	ori	x19,x21,670	 x21:0x00000000 x19=0x0000029e
     384595.000 ns	     38458	80007e38	d0127c53	fcvt.s.wu	f24,x4	  x4:0xfffff843 f24=0x4f7ffff8
     384625.000 ns	     38461	80007e3c	d00714d3	fcvt.s.w	f9,x14	 x14:0x4d485600  f9=0x4e9a90ac
     384645.000 ns	     38463	80007e40	0f3b7a93	andi	x21,x22,243	 x22:0x00000000 x21=0x00000000
     384655.000 ns	     38464	80007e44	262d3b13	sltiu	x22,x26,610	 x26:0x00000000 x22=0x00000001
     384665.000 ns	     38465	80007e48	00de1493	slli	x9,x28,0xd	 x28:0xf506f533  x9=0xdea66000
     384675.000 ns	     38466	80007e4c	5c416893	ori	x17,x2,1476	  x2:0x0000053e x17=0x000005fe
     384685.000 ns	     38467	80007e50	0144db93	srli	x23,x9,0x14	  x9:0x00000001 x23=0x00000dea
     384695.000 ns	     38468	80007e54	f0decb13	xori	x22,x29,-243	 x29:0x00000001 x22=0xffffff0c
     384715.000 ns	     38470	80007e58	20c41d53	fsgnjn.s	f26,f8,f12	  f8:0x00000000 f12:0x00000000 f26=0x80000000
     384745.000 ns	     38473	80007e5c	29218dd3	fmin.s	f27,f3,f18	  f3:0x7fc00000 f18:0x00000000 f27=0x00000000
     384775.000 ns	     38476	80007e60	c00f2d53	fcvt.w.s	x26,f30	 f30:0x00000000 x26=0x00000000
     384795.000 ns	     38478	80007e64	00ca2433	slt	x8,x20,x12	 x20:0x00000000 x12:0xffffa3b0  x8=0x00000000
     384805.000 ns	     38479	80007e68	002cfdb3	and	x27,x25,x2	 x25:0x80040fe4  x2:0x0000053e x27=0x00000524
     384825.000 ns	     38481	80007e6c	21402c53	fsgnjx.s	f24,f0,f20	  f0:0xff800000 f20:0x7f800000 f24=0xff800000
     384855.000 ns	     38484	80007e70	2092a353	fsgnjx.s	f6,f5,f9	  f5:0xff800000  f9:0x4e9a90ac  f6=0xff800000
     384885.000 ns	     38487	80007e74	03d5b433	mulhu	x8,x11,x29	 x11:0x80040fe4 x29:0x00000001  x8=0x00000000
     384905.000 ns	     38489	80007e78	1d384513	xori	x10,x16,467	 x16:0x333a9000 x10=0x333a91d3
     384925.000 ns	     38491	80007e7c	c00cfad3	fcvt.w.s	x21,f25	 f25:0x00000000 x21=0x00000000
     384955.000 ns	     38494	80007e80	03013f33	mulhu	x30,x2,x16	  x2:0x0000053e x16:0x333a9000 x30=0x0000010c
     384975.000 ns	     38496	80007e84	01125113	srli	x2,x4,0x11	  x4:0xfffff843  x2=0x00007fff
     384995.000 ns	     38498	80007e88	c0017d53	fcvt.w.s	x26,f2	  f2:0x4f000410 x26=0x7fffffff
     385015.000 ns	     38500	80007e8c	00829c33	sll	x24,x5,x8	  x5:0x00000001  x8:0x00000000 x24=0x00000001
     385025.000 ns	     38501	80007e90	08518613	addi	x12,x3,133	  x3:0x00000000 x12=0x00000085
     385035.000 ns	     38502	80007e94	019dc733	xor	x14,x27,x25	 x27:0x00000524 x25:0x80040fe4 x14=0x80040ac0
     385065.000 ns	     38505	80007e98	19d73ad3	fdiv.s	f21,f14,f29	 f14:0x7fc00000 f29:0xff800000 f21=0x7fc00000
     385095.000 ns	     38508	80007e9c	d01d7453	fcvt.s.wu	f8,x26	 x26:0x7fffffff  f8=0x4effffff
     385115.000 ns	     38510	80007ea0	000817b3	sll	x15,x16,x0	 x16:0x333a9000  x0:0x00000000 x15=0x333a9000
     385125.000 ns	     38511	80007ea4	a43aff17	auipc	x30,0xa43af	 x30=0x243b6ea4
     385145.000 ns	     38513	80007ea8	03011133	mulh	x2,x2,x16	  x2:0x00007fff x16:0x333a9000  x2=0x0000199d
     385515.000 ns	     38550	80007eac	037cf133	remu	x2,x25,x23	 x25:0x80040fe4 x23:0x00000dea  x2=0x00000ada
     385545.000 ns	     38553	80007eb0	203d96d3	fsgnjn.s	f13,f27,f3	 f27:0x00000000  f3:0x7fc00000 f13=0x80000000
     385565.000 ns	     38555	80007eb4	01b81f33	sll	x30,x16,x27	 x16:0x333a9000 x27:0x00000524 x30=0x33a90000
     385575.000 ns	     38556	80007eb8	004926b3	slt	x13,x18,x4	 x18:0x00000000  x4:0xfffff843 x13=0x00000000
     385595.000 ns	     38558	80007ebc	03053a33	mulhu	x20,x10,x16	 x10:0x333a91d3 x16:0x333a9000 x20=0x0a406323
     385615.000 ns	     38560	80007ec0	bc83a813	slti	x16,x7,-1080	  x7:0x0000053e x16=0x00000000
     385635.000 ns	     38562	80007ec4	20e707d3	fsgnj.s	f15,f14,f14	 f14:0x7fc00000 f14:0x7fc00000 f15=0x7fc00000
     385655.000 ns	     38564	80007ec8	93474613	xori	x12,x14,-1740	 x14:0x80040ac0 x12=0x7ffbf3f4
     385675.000 ns	     38566	80007ecc	f00f0f53	fmv.w.x	f30,x30	 x30:0x33a90000 f30=0x33a90000
     385705.000 ns	     38569	80007ed0	20198e53	fsgnj.s	f28,f19,f1	 f19:0x00000000  f1:0xff800000 f28=0x80000000
     385735.000 ns	     38572	80007ed4	027c0133	mul	x2,x24,x7	 x24:0x00000001  x7:0x0000053e  x2=0x0000053e
     385765.000 ns	     38575	80007ed8	c004f753	fcvt.w.s	x14,f9	  f9:0x4e9a90ac x14=0x4d485600
     385785.000 ns	     38577	80007edc	33e26093	ori	x1,x4,830	  x4:0xfffff843  x1=0xfffffb7f
     385795.000 ns	     38578	80007ee0	339bca13	xori	x20,x23,825	 x23:0x00000dea x20=0x00000ed3
     385815.000 ns	     38580	80007ee4	a0b808d3	fle.s	x17,f16,f11	 f16:0x00000000 f11:0x80000000 x17=0x00000001
     386185.000 ns	     38617	80007ee8	036ffa33	remu	x20,x31,x22	 x31:0x34af8000 x22:0xffffff0c x20=0x34af8000
     386215.000 ns	     38620	80007eec	a0d883d3	fle.s	x7,f17,f13	 f17:0x7fc00000 f13:0x80000000  x7=0x00000000
     386245.000 ns	     38623	80007ef0	a0f598d3	flt.s	x17,f11,f15	 f11:0x80000000 f15:0x7fc00000 x17=0x00000000
     386265.000 ns	     38625	80007ef4	01f49393	slli	x7,x9,0x1f	  x9:0xdea66000  x7=0x00000000
     386275.000 ns	     38626	80007ef8	00714a33	xor	x20,x2,x7	  x2:0x0000053e  x7:0x00000000 x20=0x0000053e
     386285.000 ns	     38627	80007efc	00de39b3	sltu	x19,x28,x13	 x28:0xf506f533 x13:0x00000000 x19=0x00000000
     386295.000 ns	     38628	80007f00	0165de93	srli	x29,x11,0x16	 x11:0x80040fe4 x29=0x00000200
     386655.000 ns	     38664	80007f04	03c4f0b3	remu	x1,x9,x28	  x9:0xdea66000 x28:0xf506f533  x1=0xdea66000
     386685.000 ns	     38667	80007f08	d01b4653	fcvt.s.wu	f12,x22	 x22:0xffffff0c f12=0x4f7fffff
     386715.000 ns	     38670	80007f0c	e0099d53	fclass.s	x26,f19	 f19:0x00000000 x26=0x00000010
     386745.000 ns	     38673	80007f10	d01012d3	fcvt.s.wu	f5,x0	  x0:0x00000000  f5=0x00000000
     386765.000 ns	     38675	80007f14	ce3f3913	sltiu	x18,x30,-797	 x30:0x33a90000 x18=0x00000001
     386795.000 ns	     38678	80007f18	1912f0d3	fdiv.s	f1,f5,f17	  f5:0x00000000 f17:0x7fc00000  f1=0x7fc00000
     386815.000 ns	     38680	80007f1c	414908b3	sub	x17,x18,x20	 x18:0x00000000 x20:0x0000053e x17=0xfffffac3
     386835.000 ns	     38682	80007f20	c0097553	fcvt.w.s	x10,f18	 f18:0x00000000 x10=0x00000000
     386865.000 ns	     38685	80007f24	0369bf33	mulhu	x30,x19,x22	 x19:0x00000000 x22:0xffffff0c x30=0x00000000
     386885.000 ns	     38687	80007f28	40bf5b13	srai	x22,x30,0xb	 x30:0x33a90000 x22=0x00000000
     386895.000 ns	     38688	80007f2c	01320eb3	add	x29,x4,x19	  x4:0xfffff843 x19:0x00000000 x29=0xfffff843
     386905.000 ns	     38689	80007f30	290fed13	ori	x26,x31,656	 x31:0x34af8000 x26=0x34af8290
     386945.000 ns	     38693	80007f34	08ac9dd3	fsub.s	f27,f25,f10	 f25:0x00000000 f10:0xf506f533 f27=0x7506f533
     387315.000 ns	     38730	80007f38	03a34833	div	x16,x6,x26	  x6:0x80041024 x26:0x00000010 x16=0xfffffffe
     387335.000 ns	     38732	80007f3c	005e32b3	sltu	x5,x28,x5	 x28:0xf506f533  x5:0x00000001  x5=0x00000000
     387345.000 ns	     38733	80007f40	59038eb7	lui	x29,0x59038	 x29=0x59038000
     387365.000 ns	     38735	80007f44	d00bf9d3	fcvt.s.w	f19,x23	 x23:0x00000dea f19=0x455ea000
     387385.000 ns	     38737	80007f48	ff9b7113	andi	x2,x22,-7	 x22:0x00000000  x2=0x00000000
     387405.000 ns	     38739	80007f4c	a03e07d3	fle.s	x15,f28,f3	 f28:0x80000000  f3:0x7fc00000 x15=0x00000000
     387425.000 ns	     38741	80007f50	0194d193	srli	x3,x9,0x19	  x9:0xdea66000  x3=0x0000006f
     387435.000 ns	     38742	80007f54	005129b3	slt	x19,x2,x5	  x2:0x00000000  x5:0x00000000 x19=0x00000000
     387455.000 ns	     38744	80007f58	e00a9dd3	fclass.s	x27,f21	 f21:0x7fc00000 x27=0x00000200
     387485.000 ns	     38747	80007f5c	e00e1a53	fclass.s	x20,f28	 f28:0x80000000 x20=0x00000008
     387515.000 ns	     38750	80007f60	034406b3	mul	x13,x8,x20	  x8:0x00000000 x20:0x0000053e x13=0x00000000
     387535.000 ns	     38752	80007f64	00b79813	slli	x16,x15,0xb	 x15:0x00000000 x16=0x00000000
     387555.000 ns	     38754	80007f68	e0011053	fclass.s	x0,f2	  f2:0x4f000410
     387575.000 ns	     38756	80007f6c	42328093	addi	x1,x5,1059	  x5:0x00000000  x1=0x00000423
     387585.000 ns	     38757	80007f70	01448913	addi	x18,x9,20	  x9:0xdea66000 x18=0xdea66014
     387595.000 ns	     38758	80007f74	563d3f13	sltiu	x30,x26,1379	 x26:0x34af8290 x30=0x00000000
     387605.000 ns	     38759	80007f78	006d6433	or	x8,x26,x6	 x26:0x34af8290  x6:0x80041024  x8=0xb4af92b4
     387635.000 ns	     38762	80007f7c	10d9bed3	fmul.s	f29,f19,f13	 f19:0x455ea000 f13:0x80000000 f29=0x80000000
     387655.000 ns	     38764	80007f80	009ca133	slt	x2,x25,x9	 x25:0x80040fe4  x9:0xdea66000  x2=0x00000001
     387665.000 ns	     38765	80007f84	9eb94613	xori	x12,x18,-1557	 x18:0xdea66014 x12=0x215999ff
     387675.000 ns	     38766	80007f88	00c8b033	sltu	x0,x17,x12	 x17:0xfffffac3 x12:0x7ffbf3f4
     388005.000 ns	     38799	80007f8c	1883ff53	fdiv.s	f30,f7,f8	  f7:0xf506f533  f8:0x4effffff f30=0xe586f534
     388025.000 ns	     38801	80007f90	00cf0a33	add	x20,x30,x12	 x30:0x00000000 x12:0x215999ff x20=0x215999ff
     388035.000 ns	     38802	80007f94	014bfa33	and	x20,x23,x20	 x23:0x00000dea x20:0x00000008 x20=0x000009ea
     388055.000 ns	     38804	80007f98	c01105d3	fcvt.wu.s	x11,f2	  f2:0x4f000410 x11=0x80041000
     388085.000 ns	     38807	80007f9c	033921b3	mulhsu	x3,x18,x19	 x18:0xdea66014 x19:0x00000000  x3=0x00000000
     388105.000 ns	     38809	80007fa0	e21985b7	lui	x11,0xe2198	 x11=0xe2198000
     388115.000 ns	     38810	80007fa4	00ae59b3	srl	x19,x28,x10	 x28:0xf506f533 x10:0x00000000 x19=0xf506f533
     388135.000 ns	     38812	80007fa8	03bb28b3	mulhsu	x17,x22,x27	 x22:0x00000000 x27:0x00000200 x17=0x00000000
     388165.000 ns	     38815	80007fac	21a39253	fsgnjn.s	f4,f7,f26	  f7:0xf506f533 f26:0x80000000  f4=0x7506f533
     388205.000 ns	     38819	80007fb0	580b70d3	fsqrt.s	f1,f22	 f22:0x00000000  f1=0x00000000
     388225.000 ns	     38821	80007fb4	1e6c2793	slti	x15,x24,486	 x24:0x00000001 x15=0x00000001
     388245.000 ns	     38823	80007fb8	f00e06d3	fmv.w.x	f13,x28	 x28:0xf506f533 f13=0xf506f533
     388275.000 ns	     38826	80007fbc	031106b3	mul	x13,x2,x17	  x2:0x00000001 x17:0x00000000 x13=0x00000000
     388295.000 ns	     38828	80007fc0	823a3813	sltiu	x16,x20,-2013	 x20:0x000009ea x16=0x00000001
     388315.000 ns	     38830	80007fc4	211195d3	fsgnjn.s	f11,f3,f17	  f3:0x7fc00000 f17:0x7fc00000 f11=0xffc00000
     388345.000 ns	     38833	80007fc8	28a69453	fmax.s	f8,f13,f10	 f13:0xf506f533 f10:0xf506f533  f8=0xf506f533
     388385.000 ns	     38837	80007fcc	580cf253	fsqrt.s	f4,f25	 f25:0x00000000  f4=0x00000000
     388415.000 ns	     38840	80007fd0	026e25b3	mulhsu	x11,x28,x6	 x28:0xf506f533  x6:0x80041024 x11=0xfa834e04
     388445.000 ns	     38843	80007fd4	c00e3453	fcvt.w.s	x8,f28	 f28:0x80000000  x8=0x00000000
     388475.000 ns	     38846	80007fd8	21d38c53	fsgnj.s	f24,f7,f29	  f7:0xf506f533 f29:0x80000000 f24=0xf506f533
     388495.000 ns	     38848	80007fdc	01880fb3	add	x31,x16,x24	 x16:0x00000001 x24:0x00000001 x31=0x00000002
     388525.000 ns	     38851	80007fe0	5801f353	fsqrt.s	f6,f3	  f3:0x7fc00000  f6=0x7fc00000
     388545.000 ns	     38853	80007fe4	0082d993	srli	x19,x5,0x8	  x5:0x00000000 x19=0x00000000
     388555.000 ns	     38854	80007fe8	00351413	slli	x8,x10,0x3	 x10:0x00000000  x8=0x00000000
     388565.000 ns	     38855	80007fec	01868db3	add	x27,x13,x24	 x13:0x00000000 x24:0x00000001 x27=0x00000001
     388585.000 ns	     38857	80007ff0	a13e1653	flt.s	x12,f28,f19	 f28:0x80000000 f19:0x455ea000 x12=0x00000001
     388615.000 ns	     38860	80007ff4	022d10b3	mulh	x1,x26,x2	 x26:0x34af8290  x2:0x00000001  x1=0x00000000
     388635.000 ns	     38862	80007ff8	00f17533	and	x10,x2,x15	  x2:0x00000001 x15:0x00000001 x10=0x00000001
     388655.000 ns	     38864	80007ffc	28b80cd3	fmin.s	f25,f16,f11	 f16:0x00000000 f11:0xffc00000 f25=0x00000000
     388675.000 ns	     38866	80008000	01f741b3	xor	x3,x14,x31	 x14:0x4d485600 x31:0x00000002  x3=0x4d485602
     388715.000 ns	     38870	80008004	086845d3	fsub.s	f11,f16,f6	 f16:0x00000000  f6:0x7fc00000 f11=0x7fc00000
     388735.000 ns	     38872	80008008	01cedbb3	srl	x23,x29,x28	 x29:0x59038000 x28:0xf506f533 x23=0x00000b20
     388755.000 ns	     38874	8000800c	a02389d3	fle.s	x19,f7,f2	  f7:0xf506f533  f2:0x4f000410 x19=0x00000001
     388785.000 ns	     38877	80008010	d015ccd3	fcvt.s.wu	f25,x11	 x11:0xfa834e04 f25=0x4f7a834e
     388825.000 ns	     38881	80008014	1116f753	fmul.s	f14,f13,f17	 f13:0xf506f533 f17:0x7fc00000 f14=0x7fc00000
     388875.000 ns	     38886	80008018	012ea853	fadd.s	f16,f29,f18	 f29:0x80000000 f18:0x00000000 f16=0x00000000
     388905.000 ns	     38889	8000801c	214010d3	fsgnjn.s	f1,f0,f20	  f0:0xff800000 f20:0x7f800000  f1=0xff800000
     388945.000 ns	     38893	80008020	11dd7fd3	fmul.s	f31,f26,f29	 f26:0x80000000 f29:0x80000000 f31=0x00000000
     388975.000 ns	     38896	80008024	a1861253	flt.s	x4,f12,f24	 f12:0x4f7fffff f24:0xf506f533  x4=0x00000000
     389025.000 ns	     38901	80008028	09387dd3	fsub.s	f27,f16,f19	 f16:0x00000000 f19:0x455ea000 f27=0xc55ea000
     389075.000 ns	     38906	8000802c	09967cd3	fsub.s	f25,f12,f25	 f12:0x4f7fffff f25:0x4f7a834e f25=0x4caf9620
     389105.000 ns	     38909	80008030	032d09b3	mul	x19,x26,x18	 x26:0x34af8290 x18:0xdea66014 x19=0x780c3340
     389145.000 ns	     38913	80008034	580f7bd3	fsqrt.s	f23,f30	 f30:0xe586f534 f23=0x7fc00000
     389175.000 ns	     38916	80008038	035ec6b3	div	x13,x29,x21	 x29:0x59038000 x21:0x00000000 x13=0xffffffff
     389195.000 ns	     38918	8000803c	40388bb3	sub	x23,x17,x3	 x17:0x00000000  x3:0x4d485602 x23=0xb2b7a9fe
     389205.000 ns	     38919	80008040	41a7d0b3	sra	x1,x15,x26	 x15:0x00000001 x26:0x34af8290  x1=0x00000000
     389225.000 ns	     38921	80008044	c01181d3	fcvt.wu.s	x3,f3	  f3:0x7fc00000  x3=0xffffffff
     389245.000 ns	     38923	80008048	00d1d193	srli	x3,x3,0xd	  x3:0x4d485602  x3=0x0007ffff
     389605.000 ns	     38959	8000804c	03c0cfb3	div	x31,x1,x28	  x1:0x00000000 x28:0xf506f533 x31=0x00000000
     389635.000 ns	     38962	80008050	d013f2d3	fcvt.s.wu	f5,x7	  x7:0x00000000  f5=0x00000000
     389665.000 ns	     38965	80008054	a0a38dd3	fle.s	x27,f7,f10	  f7:0xf506f533 f10:0xf506f533 x27=0x00000001
     389715.000 ns	     38970	80008058	01868ad3	fadd.s	f21,f13,f24	 f13:0xf506f533 f24:0xf506f533 f21=0xf586f533
     389735.000 ns	     38972	8000805c	dbf88113	addi	x2,x17,-577	 x17:0x00000000  x2=0xfffffdbf
     389755.000 ns	     38974	80008060	217c0dd3	fsgnj.s	f27,f24,f23	 f24:0xf506f533 f23:0x7fc00000 f27=0x7506f533
     389775.000 ns	     38976	80008064	e07b7b93	andi	x23,x22,-505	 x22:0x00000000 x23=0x00000000
     389795.000 ns	     38978	80008068	a0b883d3	fle.s	x7,f17,f11	 f17:0x7fc00000 f11:0x7fc00000  x7=0x00000000
     389825.000 ns	     38981	8000806c	a02497d3	flt.s	x15,f9,f2	  f9:0x4e9a90ac  f2:0x4f000410 x15=0x00000001
     389855.000 ns	     38984	80008070	025fffb3	remu	x31,x31,x5	 x31:0x00000000  x5:0x00000000 x31=0x00000000
     389875.000 ns	     38986	80008074	69596db7	lui	x27,0x69596	 x27=0x69596000
     389895.000 ns	     38988	80008078	038f39b3	mulhu	x19,x30,x24	 x30:0x00000000 x24:0x00000001 x19=0x00000000
     389925.000 ns	     38991	8000807c	286080d3	fmin.s	f1,f1,f6	  f1:0xff800000  f6:0x7fc00000  f1=0xff800000
     389945.000 ns	     38993	80008080	00ac62b3	or	x5,x24,x10	 x24:0x00000001 x10:0x00000001  x5=0x00000001
     389975.000 ns	     38996	80008084	19eb4b53	fdiv.s	f22,f22,f30	 f22:0x00000000 f30:0xe586f534 f22=0x80000000
     390005.000 ns	     38999	80008088	209a2453	fsgnjx.s	f8,f20,f9	 f20:0x7f800000  f9:0x4e9a90ac  f8=0x7f800000
     390035.000 ns	     39002	8000808c	e00a9853	fclass.s	x16,f21	 f21:0xf586f533 x16=0x00000002
     390055.000 ns	     39004	80008090	68a2e697	auipc	x13,0x68a2e	 x13=0xe8a36090
     390065.000 ns	     39005	80008094	018c7bb3	and	x23,x24,x24	 x24:0x00000001 x24:0x00000001 x23=0x00000001
     390085.000 ns	     39007	80008098	205e1fd3	fsgnjn.s	f31,f28,f5	 f28:0x80000000  f5:0x00000000 f31=0x80000000
     390105.000 ns	     39009	8000809c	41185393	srai	x7,x16,0x11	 x16:0x00000002  x7=0x00000000
     390115.000 ns	     39010	800080a0	00d1a2b3	slt	x5,x3,x13	  x3:0x0007ffff x13:0xe8a36090  x5=0x00000000
     390475.000 ns	     39046	800080a4	02297433	remu	x8,x18,x2	 x18:0xdea66014  x2:0xfffffdbf  x8=0xdea66014
     390515.000 ns	     39050	800080a8	18e41253	fdiv.s	f4,f8,f14	  f8:0x7f800000 f14:0x7fc00000  f4=0x7fc00000
     390545.000 ns	     39053	800080ac	c0193553	fcvt.wu.s	x10,f18	 f18:0x00000000 x10=0x00000000
     390565.000 ns	     39055	800080b0	007319b3	sll	x19,x6,x7	  x6:0x80041024  x7:0x00000000 x19=0x80041024
     390575.000 ns	     39056	800080b4	012af733	and	x14,x21,x18	 x21:0x00000000 x18:0xdea66014 x14=0x00000000
     390595.000 ns	     39058	800080b8	c019f0d3	fcvt.wu.s	x1,f19	 f19:0x455ea000  x1=0x00000dea
     390615.000 ns	     39060	800080bc	2051c193	xori	x3,x3,517	  x3:0x0007ffff  x3=0x0007fdfa
     390625.000 ns	     39061	800080c0	014b90b3	sll	x1,x23,x20	 x23:0x00000001 x20:0x000009ea  x1=0x00000400
     390645.000 ns	     39063	800080c4	21d39153	fsgnjn.s	f2,f7,f29	  f7:0xf506f533 f29:0x80000000  f2=0x7506f533
     390685.000 ns	     39067	800080c8	19cea1d3	fdiv.s	f3,f29,f28	 f29:0x80000000 f28:0x80000000  f3=0x7fc00000
     390725.000 ns	     39071	800080cc	19697753	fdiv.s	f14,f18,f22	 f18:0x00000000 f22:0x80000000 f14=0x7fc00000
     390745.000 ns	     39073	800080d0	f514f017	auipc	x0,0xf514f	
     390765.000 ns	     39075	800080d4	d01df753	fcvt.s.wu	f14,x27	 x27:0x69596000 f14=0x4ed2b2c0
     390785.000 ns	     39077	800080d8	4057d933	sra	x18,x15,x5	 x15:0x00000001  x5:0x00000000 x18=0x00000001
     390805.000 ns	     39079	800080dc	c01b12d3	fcvt.wu.s	x5,f22	 f22:0x80000000  x5=0x00000000
     390825.000 ns	     39081	800080e0	00420533	add	x10,x4,x4	  x4:0x00000000  x4:0x00000000 x10=0x00000000
     390845.000 ns	     39083	800080e4	c01486d3	fcvt.wu.s	x13,f9	  f9:0x4e9a90ac x13=0x4d485600
     390865.000 ns	     39085	800080e8	40efd5b3	sra	x11,x31,x14	 x31:0x00000000 x14:0x00000000 x11=0x00000000
     390885.000 ns	     39087	800080ec	21bc07d3	fsgnj.s	f15,f24,f27	 f24:0xf506f533 f27:0x7506f533 f15=0x7506f533
     390905.000 ns	     39089	800080f0	00d6ba33	sltu	x20,x13,x13	 x13:0x4d485600 x13:0x4d485600 x20=0x00000000
     390925.000 ns	     39091	800080f4	e00c1a53	fclass.s	x20,f24	 f24:0xf506f533 x20=0x00000002
     390945.000 ns	     39093	800080f8	00000013	addi	x0,x0,0	  x0:0x00000000
     390955.000 ns	     39094	800080fc	41fb8233	sub	x4,x23,x31	 x23:0x00000001 x31:0x00000000  x4=0x00000001
     390965.000 ns	     39095	80008100	4118d833	sra	x16,x17,x17	 x17:0x00000000 x17:0x00000000 x16=0x00000000
     390985.000 ns	     39097	80008104	a0dc8953	fle.s	x18,f25,f13	 f25:0x4caf9620 f13:0xf506f533 x18=0x00000000
     391035.000 ns	     39102	80008108	014571d3	fadd.s	f3,f10,f20	 f10:0xf506f533 f20:0x7f800000  f3=0x7f800000
     391055.000 ns	     39104	8000810c	0fc1bc17	auipc	x24,0xfc1b	 x24=0x8fc2310c
     391075.000 ns	     39106	80008110	20468153	fsgnj.s	f2,f13,f4	 f13:0xf506f533  f4:0x7fc00000  f2=0x7506f533
     391105.000 ns	     39109	80008114	a1ae0453	fle.s	x8,f28,f26	 f28:0x80000000 f26:0x80000000  x8=0x00000001
     391135.000 ns	     39112	80008118	c0133853	fcvt.wu.s	x16,f6	  f6:0x7fc00000 x16=0xffffffff
     391165.000 ns	     39115	8000811c	29a99153	fmax.s	f2,f19,f26	 f19:0x455ea000 f26:0x80000000  f2=0x455ea000
     391195.000 ns	     39118	80008120	a10511d3	flt.s	x3,f10,f16	 f10:0xf506f533 f16:0x00000000  x3=0x00000001
     391215.000 ns	     39120	80008124	86476f17	auipc	x30,0x86476	 x30=0x0647e124
     391225.000 ns	     39121	80008128	a38ef193	andi	x3,x29,-1480	 x29:0x59038000  x3=0x59038000
     391245.000 ns	     39123	8000812c	c01a7953	fcvt.wu.s	x18,f20	 f20:0x7f800000 x18=0xffffffff
     391265.000 ns	     39125	80008130	6ca13213	sltiu	x4,x2,1738	  x2:0xfffffdbf  x4=0x00000000
     391295.000 ns	     39128	80008134	184fb9d3	fdiv.s	f19,f31,f4	 f31:0x80000000  f4:0x7fc00000 f19=0x7fc00000
     391315.000 ns	     39130	80008138	00f07833	and	x16,x0,x15	  x0:0x00000000 x15:0x00000001 x16=0x00000000
     391335.000 ns	     39132	8000813c	d006fad3	fcvt.s.w	f21,x13	 x13:0x4d485600 f21=0x4e9a90ac
     391365.000 ns	     39135	80008140	f0020453	fmv.w.x	f8,x4	  x4:0x00000000  f8=0x00000000
     391395.000 ns	     39138	80008144	2172abd3	fsgnjx.s	f23,f5,f23	  f5:0x00000000 f23:0x7fc00000 f23=0x00000000
     391445.000 ns	     39143	80008148	00007ad3	fadd.s	f21,f0,f0	  f0:0xff800000  f0:0xff800000 f21=0x80000000
     391465.000 ns	     39145	8000814c	0149e133	or	x2,x19,x20	 x19:0x80041024 x20:0x00000002  x2=0x80041026
     391475.000 ns	     39146	80008150	00121793	slli	x15,x4,0x1	  x4:0x00000000 x15=0x00000000
     391515.000 ns	     39150	80008154	0029fb53	fadd.s	f22,f19,f2	 f19:0x7fc00000  f2:0x455ea000 f22=0x7fc00000
     391545.000 ns	     39153	80008158	292b0053	fmin.s	f0,f22,f18	 f22:0x80000000 f18:0x00000000  f0=0x00000000
     391575.000 ns	     39156	8000815c	20e197d3	fsgnjn.s	f15,f3,f14	  f3:0x7f800000 f14:0x4ed2b2c0 f15=0xff800000
     391605.000 ns	     39159	80008160	02708f33	mul	x30,x1,x7	  x1:0x00000400  x7:0x00000000 x30=0x00000000
     391635.000 ns	     39162	80008164	2047a853	fsgnjx.s	f16,f15,f4	 f15:0xff800000  f4:0x7fc00000 f16=0xff800000
     391665.000 ns	     39165	80008168	a13e17d3	flt.s	x15,f28,f19	 f28:0x80000000 f19:0x7fc00000 x15=0x00000000
     391685.000 ns	     39167	8000816c	ec28b293	sltiu	x5,x17,-318	 x17:0x00000000  x5=0x00000001
     391695.000 ns	     39168	80008170	907b8413	addi	x8,x23,-1785	 x23:0x00000001  x8=0xfffff908
     391705.000 ns	     39169	80008174	16674093	xori	x1,x14,358	 x14:0x00000000  x1=0x00000166
     391735.000 ns	     39172	80008178	1163f4d3	fmul.s	f9,f7,f22	  f7:0xf506f533 f22:0x7fc00000  f9=0x7fc00000
     391755.000 ns	     39174	8000817c	d0b70193	addi	x3,x14,-757	 x14:0x00000000  x3=0xfffffd0b
     391775.000 ns	     39176	80008180	c00bf9d3	fcvt.w.s	x19,f23	 f23:0x00000000 x19=0x00000000
     391795.000 ns	     39178	80008184	01fd1eb3	sll	x29,x26,x31	 x26:0x34af8290 x31:0x00000000 x29=0x34af8290
     391805.000 ns	     39179	80008188	67870a93	addi	x21,x14,1656	 x14:0x00000000 x21=0x00000678
     391825.000 ns	     39181	8000818c	e00f0ad3	fmv.x.w	x21,f30	 f30:0xe586f534 x21=0xe586f534
     391855.000 ns	     39184	80008190	28a804d3	fmin.s	f9,f16,f10	 f16:0xff800000 f10:0xf506f533  f9=0xff800000
     391885.000 ns	     39187	80008194	02d5a533	mulhsu	x10,x11,x13	 x11:0x00000000 x13:0x4d485600 x10=0x00000000
     391905.000 ns	     39189	80008198	006fe633	or	x12,x31,x6	 x31:0x00000000  x6:0x80041024 x12=0x80041024
     391935.000 ns	     39192	8000819c	10e478d3	fmul.s	f17,f8,f14	  f8:0x00000000 f14:0x4ed2b2c0 f17=0x00000000
     391965.000 ns	     39195	800081a0	e00698d3	fclass.s	x17,f13	 f13:0xf506f533 x17=0x00000002
     391985.000 ns	     39197	800081a4	41d15a13	srai	x20,x2,0x1d	  x2:0x80041026 x20=0xfffffffc
     392005.000 ns	     39199	800081a8	20692b53	fsgnjx.s	f22,f18,f6	 f18:0x00000000  f6:0x7fc00000 f22=0x00000000
     392025.000 ns	     39201	800081ac	8e67f413	andi	x8,x15,-1818	 x15:0x00000000  x8=0x00000000
     392045.000 ns	     39203	800081b0	29d69dd3	fmax.s	f27,f13,f29	 f13:0xf506f533 f29:0x80000000 f27=0x80000000
     392065.000 ns	     39205	800081b4	015a5113	srli	x2,x20,0x15	 x20:0xfffffffc  x2=0x000007ff
     392085.000 ns	     39207	800081b8	21b28353	fsgnj.s	f6,f5,f27	  f5:0x00000000 f27:0x80000000  f6=0x80000000
     392115.000 ns	     39210	800081bc	030b1f33	mulh	x30,x22,x16	 x22:0x00000000 x16:0x00000000 x30=0x00000000
     392135.000 ns	     39212	800081c0	41c1d513	srai	x10,x3,0x1c	  x3:0xfffffd0b x10=0xffffffff
     392175.000 ns	     39216	800081c4	00481a53	fadd.s	f20,f16,f4	 f16:0xff800000  f4:0x7fc00000 f20=0x7fc00000
     392195.000 ns	     39218	800081c8	00000013	addi	x0,x0,0	  x0:0x00000000
     392205.000 ns	     39219	800081cc	f3320493	addi	x9,x4,-205	  x4:0x00000000  x9=0xffffff33
     392215.000 ns	     39220	800081d0	01ba0eb3	add	x29,x20,x27	 x20:0xfffffffc x27:0x69596000 x29=0x69595ffc
     392225.000 ns	     39221	800081d4	413cdbb3	sra	x23,x25,x19	 x25:0x80040fe4 x19:0x00000000 x23=0x80040fe4
     392235.000 ns	     39222	800081d8	0101c9b3	xor	x19,x3,x16	  x3:0xfffffd0b x16:0x00000000 x19=0xfffffd0b
     392255.000 ns	     39224	800081dc	c0107053	fcvt.wu.s	x0,f0	  f0:0x00000000
     392285.000 ns	     39227	800081e0	03e972b3	remu	x5,x18,x30	 x18:0xffffffff x30:0x00000000  x5=0xffffffff
     392655.000 ns	     39264	800081e4	03816b33	rem	x22,x2,x24	  x2:0x000007ff x24:0x8fc2310c x22=0x000007ff
     392685.000 ns	     39267	800081e8	294d09d3	fmin.s	f19,f26,f20	 f26:0x80000000 f20:0x7fc00000 f19=0x80000000
     392705.000 ns	     39269	800081ec	00d04033	xor	x0,x0,x13	  x0:0x00000000 x13:0x4d485600
     392715.000 ns	     39270	800081f0	00000013	addi	x0,x0,0	  x0:0x00000000
     392725.000 ns	     39271	800081f4	11fbff13	andi	x30,x23,287	 x23:0x80040fe4 x30=0x00000104
     392745.000 ns	     39273	800081f8	0388a033	mulhsu	x0,x17,x24	 x17:0x00000002 x24:0x8fc2310c
     392795.000 ns	     39278	800081fc	084f8a53	fsub.s	f20,f31,f4	 f31:0x80000000  f4:0x7fc00000 f20=0x7fc00000
     392815.000 ns	     39280	80008200	019e8833	add	x16,x29,x25	 x29:0x69595ffc x25:0x80040fe4 x16=0xe95d6fe0
     392825.000 ns	     39281	80008204	001d1793	slli	x15,x26,0x1	 x26:0x34af8290 x15=0x695f0520
     392845.000 ns	     39283	80008208	e0001b53	fclass.s	x22,f0	  f0:0x00000000 x22=0x00000010
     392875.000 ns	     39286	8000820c	a076a0d3	feq.s	x1,f13,f7	 f13:0xf506f533  f7:0xf506f533  x1=0x00000001
     392905.000 ns	     39289	80008210	02794533	div	x10,x18,x7	 x18:0xffffffff  x7:0x00000000 x10=0xffffffff
     392925.000 ns	     39291	80008214	38e7ce97	auipc	x29,0x38e7c	 x29=0xb8e84214
     392945.000 ns	     39293	80008218	a0498853	fle.s	x16,f19,f4	 f19:0x80000000  f4:0x7fc00000 x16=0x00000000
     392975.000 ns	     39296	8000821c	037a80b3	mul	x1,x21,x23	 x21:0xe586f534 x23:0x80040fe4  x1=0x29606e50
     393005.000 ns	     39299	80008220	a0ba1653	flt.s	x12,f20,f11	 f20:0x7fc00000 f11:0x7fc00000 x12=0x00000000
     394185.000 ns	     39417	80008224	580734d3	fsqrt.s	f9,f14	 f14:0x4ed2b2c0  f9=0x4724393a
     394205.000 ns	     39419	80008228	93a88813	addi	x16,x17,-1734	 x17:0x00000002 x16=0xfffff93c
     394215.000 ns	     39420	8000822c	40245b13	srai	x22,x8,0x2	  x8:0x00000000 x22=0x00000000
     394235.000 ns	     39422	80008230	21391953	fsgnjn.s	f18,f18,f19	 f18:0x00000000 f19:0x80000000 f18=0x00000000
     394265.000 ns	     39425	80008234	20eb12d3	fsgnjn.s	f5,f22,f14	 f22:0x00000000 f14:0x4ed2b2c0  f5=0x80000000
     394295.000 ns	     39428	80008238	20c0acd3	fsgnjx.s	f25,f1,f12	  f1:0xff800000 f12:0x4f7fffff f25=0xff800000
     394325.000 ns	     39431	8000823c	c00370d3	fcvt.w.s	x1,f6	  f6:0x80000000  x1=0x00000000
     394375.000 ns	     39436	80008240	08d24a53	fsub.s	f20,f4,f13	  f4:0x7fc00000 f13:0xf506f533 f20=0x7fc00000
     394405.000 ns	     39439	80008244	d0067553	fcvt.s.w	f10,x12	 x12:0x00000000 f10=0x00000000
     394425.000 ns	     39441	80008248	9bf37013	andi	x0,x6,-1601	  x6:0x80041024
     394445.000 ns	     39443	8000824c	e00b9253	fclass.s	x4,f23	 f23:0x00000000  x4=0x00000010
     394485.000 ns	     39447	80008250	580b7753	fsqrt.s	f14,f22	 f22:0x00000000 f14=0x00000000
     394505.000 ns	     39449	80008254	008444b3	xor	x9,x8,x8	  x8:0x00000000  x8:0x00000000  x9=0x00000000
     394515.000 ns	     39450	80008258	20db2713	slti	x14,x22,525	 x22:0x00000000 x14=0x00000001
     394535.000 ns	     39452	8000825c	02ce2833	mulhsu	x16,x28,x12	 x28:0xf506f533 x12:0x00000000 x16=0x00000000
     394565.000 ns	     39455	80008260	02362b33	mulhsu	x22,x12,x3	 x12:0x00000000  x3:0xfffffd0b x22=0x00000000
     394595.000 ns	     39458	80008264	20999bd3	fsgnjn.s	f23,f19,f9	 f19:0x80000000  f9:0x4724393a f23=0x80000000
     394635.000 ns	     39462	80008268	580cf053	fsqrt.s	f0,f25	 f25:0xff800000  f0=0x7fc00000
     394665.000 ns	     39465	8000826c	21781fd3	fsgnjn.s	f31,f16,f23	 f16:0xff800000 f23:0x80000000 f31=0x7f800000
     394685.000 ns	     39467	80008270	0196e533	or	x10,x13,x25	 x13:0x4d485600 x25:0x80040fe4 x10=0xcd4c5fe4
     394705.000 ns	     39469	80008274	02679633	mulh	x12,x15,x6	 x15:0x695f0520  x6:0x80041024 x12=0xcb522990
     394725.000 ns	     39471	80008278	46654593	xori	x11,x10,1126	 x10:0xffffffff x11=0xcd4c5b82
     394735.000 ns	     39472	8000827c	0117d133	srl	x2,x15,x17	 x15:0x695f0520 x17:0x00000002  x2=0x1a57c148
     395095.000 ns	     39508	80008280	02d3c033	div	x0,x7,x13	  x7:0x00000000 x13:0x4d485600
     395125.000 ns	     39511	80008284	a0092653	feq.s	x12,f18,f0	 f18:0x00000000  f0:0x7fc00000 x12=0x00000000
     395155.000 ns	     39514	80008288	f0008dd3	fmv.w.x	f27,x1	  x1:0x00000000 f27=0x00000000
     395185.000 ns	     39517	8000828c	e0069053	fclass.s	x0,f13	 f13:0xf506f533
     395205.000 ns	     39519	80008290	17334213	xori	x4,x6,371	  x6:0x80041024  x4=0x80041157
     395225.000 ns	     39521	80008294	29ca8153	fmin.s	f2,f21,f28	 f21:0x80000000 f28:0x80000000  f2=0x80000000
     395255.000 ns	     39524	80008298	d01b7253	fcvt.s.wu	f4,x22	 x22:0x00000000  f4=0x00000000
     395285.000 ns	     39527	8000829c	a0fba153	feq.s	x2,f23,f15	 f23:0x80000000 f15:0xff800000  x2=0x00000000
     395315.000 ns	     39530	800082a0	f0018b53	fmv.w.x	f22,x3	  x3:0xfffffd0b f22=0xfffffd0b
     395345.000 ns	     39533	800082a4	20bf21d3	fsgnjx.s	f3,f30,f11	 f30:0xe586f534 f11:0x7fc00000  f3=0xe586f534
     395365.000 ns	     39535	800082a8	04017a13	andi	x20,x2,64	  x2:0x00000000 x20=0x00000000
     395375.000 ns	     39536	800082ac	3af1ea93	ori	x21,x3,943	  x3:0xfffffd0b x21=0xffffffaf
     395395.000 ns	     39538	800082b0	a1a51853	flt.s	x16,f10,f26	 f10:0x00000000 f26:0x80000000 x16=0x00000000
     395415.000 ns	     39540	800082b4	edcb6013	ori	x0,x22,-292	 x22:0x00000000
     395425.000 ns	     39541	800082b8	01c12733	slt	x14,x2,x28	  x2:0x00000000 x28:0xf506f533 x14=0x00000000
     395445.000 ns	     39543	800082bc	028542b3	div	x5,x10,x8	 x10:0xcd4c5fe4  x8:0x00000000  x5=0xffffffff
     395475.000 ns	     39546	800082c0	0222e633	rem	x12,x5,x2	  x5:0xffffffff  x2:0x00000000 x12=0xffffffff
     395845.000 ns	     39583	800082c4	0383feb3	remu	x29,x7,x24	  x7:0x00000000 x24:0x8fc2310c x29=0x00000000
     395885.000 ns	     39587	800082c8	18f6fdd3	fdiv.s	f27,f13,f15	 f13:0xf506f533 f15:0xff800000 f27=0x00000000
     395915.000 ns	     39590	800082cc	290604d3	fmin.s	f9,f12,f16	 f12:0x4f7fffff f16:0xff800000  f9=0xff800000
     395945.000 ns	     39593	800082d0	20e910d3	fsgnjn.s	f1,f18,f14	 f18:0x00000000 f14:0x00000000  f1=0x80000000
     395975.000 ns	     39596	800082d4	20b196d3	fsgnjn.s	f13,f3,f11	  f3:0xe586f534 f11:0x7fc00000 f13=0xe586f534
     395995.000 ns	     39598	800082d8	0034b533	sltu	x10,x9,x3	  x9:0x00000000  x3:0xfffffd0b x10=0x00000001
     396015.000 ns	     39600	800082dc	c011f453	fcvt.wu.s	x8,f3	  f3:0xe586f534  x8=0x00000000
     396045.000 ns	     39603	800082e0	03dfb633	mulhu	x12,x31,x29	 x31:0x00000000 x29:0x00000000 x12=0x00000000
     396075.000 ns	     39606	800082e4	29481bd3	fmax.s	f23,f16,f20	 f16:0xff800000 f20:0x7fc00000 f23=0xff800000
     396105.000 ns	     39609	800082e8	e00997d3	fclass.s	x15,f19	 f19:0x80000000 x15=0x00000008
     396125.000 ns	     39611	800082ec	01699133	sll	x2,x19,x22	 x19:0xfffffd0b x22:0x00000000  x2=0xfffffd0b
     396135.000 ns	     39612	800082f0	01df9f93	slli	x31,x31,0x1d	 x31:0x00000000 x31=0x00000000
     396145.000 ns	     39613	800082f4	018435b3	sltu	x11,x8,x24	  x8:0x00000000 x24:0x8fc2310c x11=0x00000001
     396155.000 ns	     39614	800082f8	0068db33	srl	x22,x17,x6	 x17:0x00000002  x6:0x80041024 x22=0x00000000
     396165.000 ns	     39615	800082fc	eb9caa13	slti	x20,x25,-327	 x25:0x80040fe4 x20=0x00000001
     396205.000 ns	     39619	80008300	089a9b53	fsub.s	f22,f21,f9	 f21:0x80000000  f9:0xff800000 f22=0x7f800000
     396235.000 ns	     39622	80008304	020ed9b3	divu	x19,x29,x0	 x29:0x00000000  x0:0x00000000 x19=0xffffffff
     396265.000 ns	     39625	80008308	a0562653	feq.s	x12,f12,f5	 f12:0x4f7fffff  f5:0x80000000 x12=0x00000000
     396635.000 ns	     39662	8000830c	02266ab3	rem	x21,x12,x2	 x12:0x00000000  x2:0xfffffd0b x21=0x00000000
     396665.000 ns	     39665	80008310	024ea933	mulhsu	x18,x29,x4	 x29:0x00000000  x4:0x80041157 x18=0x00000000
     396695.000 ns	     39668	80008314	d00e9453	fcvt.s.w	f8,x29	 x29:0x00000000  f8=0x00000000
     396735.000 ns	     39672	80008318	19da33d3	fdiv.s	f7,f20,f29	 f20:0x7fc00000 f29:0x80000000  f7=0x7fc00000
     396765.000 ns	     39675	8000831c	035681b3	mul	x3,x13,x21	 x13:0x4d485600 x21:0x00000000  x3=0x00000000
     396785.000 ns	     39677	80008320	352b7f93	andi	x31,x22,850	 x22:0x00000000 x31=0x00000000
     397145.000 ns	     39713	80008324	03b4c933	div	x18,x9,x27	  x9:0x00000000 x27:0x69596000 x18=0x00000000
     397165.000 ns	     39715	80008328	015c5693	srli	x13,x24,0x15	 x24:0x8fc2310c x13=0x0000047e
     397195.000 ns	     39718	8000832c	58037453	fsqrt.s	f8,f6	  f6:0x80000000  f8=0x80000000
     397225.000 ns	     39721	80008330	d000a653	fcvt.s.w	f12,x1	  x1:0x00000000 f12=0x00000000
     397255.000 ns	     39724	80008334	215d0bd3	fsgnj.s	f23,f26,f21	 f26:0x80000000 f21:0x80000000 f23=0x80000000
     397285.000 ns	     39727	80008338	022b8733	mul	x14,x23,x2	 x23:0x80040fe4  x2:0xfffffd0b x14=0x73fd02cc
     397655.000 ns	     39764	8000833c	0257e5b3	rem	x11,x15,x5	 x15:0x00000008  x5:0xffffffff x11=0x00000000
     397675.000 ns	     39766	80008340	52ce7f93	andi	x31,x28,1324	 x28:0xf506f533 x31=0x00000520
     397695.000 ns	     39768	80008344	d009cfd3	fcvt.s.w	f31,x19	 x19:0xffffffff f31=0xbf800000
     397725.000 ns	     39771	80008348	03b68433	mul	x8,x13,x27	 x13:0x0000047e x27:0x69596000  x8=0x3f7d4000
     397755.000 ns	     39774	8000834c	d0180ad3	fcvt.s.wu	f21,x16	 x16:0x00000000 f21=0x00000000
     397785.000 ns	     39777	80008350	a00d0ed3	fle.s	x29,f26,f0	 f26:0x80000000  f0:0x7fc00000 x29=0x00000000
     397805.000 ns	     39779	80008354	011bd393	srli	x7,x23,0x11	 x23:0x80040fe4  x7=0x00004002
     397825.000 ns	     39781	80008358	02402bb3	mulhsu	x23,x0,x4	  x0:0x00000000  x4:0x80041157 x23=0x00000000
     397855.000 ns	     39784	8000835c	21cb0c53	fsgnj.s	f24,f22,f28	 f22:0x7f800000 f28:0x80000000 f24=0xff800000
     398225.000 ns	     39821	80008360	02514ab3	div	x21,x2,x5	  x2:0xfffffd0b  x5:0xffffffff x21=0x000002f5
     398255.000 ns	     39824	80008364	02a725b3	mulhsu	x11,x14,x10	 x14:0x73fd02cc x10:0x00000001 x11=0x00000000
     398275.000 ns	     39826	80008368	00000013	addi	x0,x0,0	  x0:0x00000000
     398305.000 ns	     39829	8000836c	113ec4d3	fmul.s	f9,f29,f19	 f29:0x80000000 f19:0x80000000  f9=0x00000000
     398335.000 ns	     39832	80008370	210a05d3	fsgnj.s	f11,f20,f16	 f20:0x7fc00000 f16:0xff800000 f11=0xffc00000
     398365.000 ns	     39835	80008374	d00ef153	fcvt.s.w	f2,x29	 x29:0x00000000  f2=0x00000000
     398395.000 ns	     39838	80008378	a0d328d3	feq.s	x17,f6,f13	  f6:0x80000000 f13:0xe586f534 x17=0x00000000
     398425.000 ns	     39841	8000837c	c01df953	fcvt.wu.s	x18,f27	 f27:0x00000000 x18=0x00000000
     398445.000 ns	     39843	80008380	01acc833	xor	x16,x25,x26	 x25:0x80040fe4 x26:0x34af8290 x16=0xb4ab8d74
     398455.000 ns	     39844	80008384	0005d033	srl	x0,x11,x0	 x11:0x00000000  x0:0x00000000
     398465.000 ns	     39845	80008388	00000013	addi	x0,x0,0	  x0:0x00000000
     398485.000 ns	     39847	8000838c	0322cdb3	div	x27,x5,x18	  x5:0xffffffff x18:0x00000000 x27=0xffffffff
     398515.000 ns	     39850	80008390	c00421d3	fcvt.w.s	x3,f8	  f8:0x80000000  x3=0x00000000
     398535.000 ns	     39852	80008394	018f11b3	sll	x3,x30,x24	 x30:0x00000104 x24:0x8fc2310c  x3=0x00104000
     398565.000 ns	     39855	80008398	11b575d3	fmul.s	f11,f10,f27	 f10:0x00000000 f27:0x00000000 f11=0x00000000
     398585.000 ns	     39857	8000839c	401a5513	srai	x10,x20,0x1	 x20:0x00000001 x10=0x00000000
     398605.000 ns	     39859	800083a0	a05d98d3	flt.s	x17,f27,f5	 f27:0x00000000  f5:0x80000000 x17=0x00000000
     398625.000 ns	     39861	800083a4	405289b3	sub	x19,x5,x5	  x5:0xffffffff  x5:0xffffffff x19=0x00000000
     398655.000 ns	     39864	800083a8	113133d3	fmul.s	f7,f2,f19	  f2:0x00000000 f19:0x80000000  f7=0x80000000
     398675.000 ns	     39866	800083ac	a31e7b37	lui	x22,0xa31e7	 x22=0xa31e7000
     398695.000 ns	     39868	800083b0	d00e7fd3	fcvt.s.w	f31,x28	 x28:0xf506f533 f31=0xcd2f90ac
     398725.000 ns	     39871	800083b4	d001fa53	fcvt.s.w	f20,x3	  x3:0x00104000 f20=0x49820000
     398745.000 ns	     39873	800083b8	40a2d4b3	sra	x9,x5,x10	  x5:0xffffffff x10:0x00000000  x9=0xffffffff
     398765.000 ns	     39875	800083bc	c01ef6d3	fcvt.wu.s	x13,f29	 f29:0x80000000 x13=0x00000000
     398785.000 ns	     39877	800083c0	016836b3	sltu	x13,x16,x22	 x16:0xb4ab8d74 x22:0xa31e7000 x13=0x00000000
     398795.000 ns	     39878	800083c4	4104d993	srai	x19,x9,0x10	  x9:0xffffffff x19=0xffffffff
     398815.000 ns	     39880	800083c8	02b707b3	mul	x15,x14,x11	 x14:0x73fd02cc x11:0x00000000 x15=0x00000000
     398835.000 ns	     39882	800083cc	40b70733	sub	x14,x14,x11	 x14:0x73fd02cc x11:0x00000000 x14=0x73fd02cc
     398845.000 ns	     39883	800083d0	0e433013	sltiu	x0,x6,228	  x6:0x80041024
     398855.000 ns	     39884	800083d4	00000013	addi	x0,x0,0	  x0:0x00000000
     399215.000 ns	     39920	800083d8	03cc5c33	divu	x24,x24,x28	 x24:0x8fc2310c x28:0xf506f533 x24=0x00000000
     399585.000 ns	     39957	800083dc	02455033	divu	x0,x10,x4	 x10:0x00000000  x4:0x80041157
     399615.000 ns	     39960	800083e0	a07528d3	feq.s	x17,f10,f7	 f10:0x00000000  f7:0x80000000 x17=0x00000001
     399645.000 ns	     39963	800083e4	c0097053	fcvt.w.s	x0,f18	 f18:0x00000000
     399665.000 ns	     39965	800083e8	c4a3c793	xori	x15,x7,-950	  x7:0x00004002 x15=0xffffbc48
     399685.000 ns	     39967	800083ec	02bf11b3	mulh	x3,x30,x11	 x30:0x00000104 x11:0x00000000  x3=0x00000000
     399705.000 ns	     39969	800083f0	01ab9e93	slli	x29,x23,0x1a	 x23:0x00000000 x29=0x00000000
     399725.000 ns	     39971	800083f4	03e72733	mulhsu	x14,x14,x30	 x14:0x73fd02cc x30:0x00000104 x14=0x00000075
     399775.000 ns	     39976	800083f8	090c7b53	fsub.s	f22,f24,f16	 f24:0xff800000 f16:0xff800000 f22=0x00000000
     399805.000 ns	     39979	800083fc	c01774d3	fcvt.wu.s	x9,f14	 f14:0x00000000  x9=0x00000000
     399825.000 ns	     39981	80008400	00bc2733	slt	x14,x24,x11	 x24:0x00000000 x11:0x00000000 x14=0x00000000
     399835.000 ns	     39982	80008404	00faf733	and	x14,x21,x15	 x21:0x000002f5 x15:0xffffbc48 x14=0x00000040
     399855.000 ns	     39984	80008408	a0791f53	flt.s	x30,f18,f7	 f18:0x00000000  f7:0x80000000 x30=0x00000000
     399875.000 ns	     39986	8000840c	00000013	addi	x0,x0,0	  x0:0x00000000
     399895.000 ns	     39988	80008410	20680ad3	fsgnj.s	f21,f16,f6	 f16:0xff800000  f6:0x80000000 f21=0xff800000
     399915.000 ns	     39990	80008414	00bafeb3	and	x29,x21,x11	 x21:0x000002f5 x11:0x00000000 x29=0x00000000
     399945.000 ns	     39993	80008418	580434d3	fsqrt.s	f9,f8	  f8:0x80000000  f9=0x80000000
     399965.000 ns	     39995	8000841c	184dcf93	xori	x31,x27,388	 x27:0xffffffff x31=0xfffffe7b
     399975.000 ns	     39996	80008420	01ad3bb3	sltu	x23,x26,x26	 x26:0x34af8290 x26:0x34af8290 x23=0x00000000
     399985.000 ns	     39997	80008424	40c3da93	srai	x21,x7,0xc	  x7:0x00004002 x21=0x00000004
     400005.000 ns	     39999	80008428	02ec3eb3	mulhu	x29,x24,x14	 x24:0x00000000 x14:0x00000040 x29=0x00000000
     400035.000 ns	     40002	8000842c	21aa0753	fsgnj.s	f14,f20,f26	 f20:0x49820000 f26:0x80000000 f14=0xc9820000
     400065.000 ns	     40005	80008430	031b81b3	mul	x3,x23,x17	 x23:0x00000000 x17:0x00000001  x3=0x00000000
     400435.000 ns	     40042	80008434	036bef33	rem	x30,x23,x22	 x23:0x00000000 x22:0xa31e7000 x30=0x00000000
     400455.000 ns	     40044	80008438	00000013	addi	x0,x0,0	  x0:0x00000000
     400465.000 ns	     40045	8000843c	edbbbf93	sltiu	x31,x23,-293	 x23:0x00000000 x31=0x00000001
     400475.000 ns	     40046	80008440	ca120c13	addi	x24,x4,-863	  x4:0x80041157 x24=0x80040df8
     400485.000 ns	     40047	80008444	01725533	srl	x10,x4,x23	  x4:0x80041157 x23:0x00000000 x10=0x80041157
     400515.000 ns	     40050	80008448	104789d3	fmul.s	f19,f15,f4	 f15:0xff800000  f4:0x00000000 f19=0x7fc00000
     400535.000 ns	     40052	8000844c	01b470b3	and	x1,x8,x27	  x8:0x3f7d4000 x27:0xffffffff  x1=0x3f7d4000
     400555.000 ns	     40054	80008450	f00a8fd3	fmv.w.x	f31,x21	 x21:0x00000004 f31=0x00000004
     400585.000 ns	     40057	80008454	e00f1c53	fclass.s	x24,f30	 f30:0xe586f534 x24=0x00000002
     400615.000 ns	     40060	80008458	297f0bd3	fmin.s	f23,f30,f23	 f30:0xe586f534 f23:0x80000000 f23=0xe586f534
     400635.000 ns	     40062	8000845c	4ed2e513	ori	x10,x5,1261	  x5:0xffffffff x10=0xffffffff
     400675.000 ns	     40066	80008460	08c6f353	fsub.s	f6,f13,f12	 f13:0xe586f534 f12:0x00000000  f6=0xe586f534
     400695.000 ns	     40068	80008464	410fd293	srai	x5,x31,0x10	 x31:0x00000001  x5=0x00000000
     400735.000 ns	     40072	80008468	00a07fd3	fadd.s	f31,f0,f10	  f0:0x7fc00000 f10:0x00000000 f31=0x7fc00000
     400765.000 ns	     40075	8000846c	287a11d3	fmax.s	f3,f20,f7	 f20:0x49820000  f7:0x80000000  f3=0x49820000
     400795.000 ns	     40078	80008470	a1ee88d3	fle.s	x17,f29,f30	 f29:0x80000000 f30:0xe586f534 x17=0x00000000
     400815.000 ns	     40080	80008474	01468b33	add	x22,x13,x20	 x13:0x00000000 x20:0x00000001 x22=0x00000001
     400835.000 ns	     40082	80008478	2169ac53	fsgnjx.s	f24,f19,f22	 f19:0x7fc00000 f22:0x00000000 f24=0x7fc00000
     401205.000 ns	     40119	8000847c	02f5c5b3	div	x11,x11,x15	 x11:0x00000000 x15:0xffffbc48 x11=0x00000000
     401235.000 ns	     40122	80008480	03038133	mul	x2,x7,x16	  x7:0x00004002 x16:0xb4ab8d74  x2=0x4cb41ae8
     401255.000 ns	     40124	80008484	00adddb3	srl	x27,x27,x10	 x27:0xffffffff x10:0xffffffff x27=0x00000001
     401275.000 ns	     40126	80008488	c01c45d3	fcvt.wu.s	x11,f24	 f24:0x7fc00000 x11=0xffffffff
     401295.000 ns	     40128	8000848c	00857eb3	and	x29,x10,x8	 x10:0xffffffff  x8:0x3f7d4000 x29=0x3f7d4000
     401325.000 ns	     40131	80008490	19bb31d3	fdiv.s	f3,f22,f27	 f22:0x00000000 f27:0x00000000  f3=0x7fc00000
     401345.000 ns	     40133	80008494	01b5d833	srl	x16,x11,x27	 x11:0xffffffff x27:0x00000001 x16=0x7fffffff
     401355.000 ns	     40134	80008498	00421713	slli	x14,x4,0x4	  x4:0x80041157 x14=0x00411570
     401375.000 ns	     40136	8000849c	21a015d3	fsgnjn.s	f11,f0,f26	  f0:0x7fc00000 f26:0x80000000 f11=0x7fc00000
     401405.000 ns	     40139	800084a0	29e694d3	fmax.s	f9,f13,f30	 f13:0xe586f534 f30:0xe586f534  f9=0xe586f534
     401435.000 ns	     40142	800084a4	c0167dd3	fcvt.wu.s	x27,f12	 f12:0x00000000 x27=0x00000000
     401805.000 ns	     40179	800084a8	036affb3	remu	x31,x21,x22	 x21:0x00000004 x22:0x00000001 x31=0x00000000
     401825.000 ns	     40181	800084ac	0037f6b3	and	x13,x15,x3	 x15:0xffffbc48  x3:0x00000000 x13=0x00000000
     401845.000 ns	     40183	800084b0	a1b59b53	flt.s	x22,f11,f27	 f11:0x7fc00000 f27:0x00000000 x22=0x00000000
     401865.000 ns	     40185	800084b4	008341b3	xor	x3,x6,x8	  x6:0x80041024  x8:0x3f7d4000  x3=0xbf795024
     401885.000 ns	     40187	800084b8	a1da1953	flt.s	x18,f20,f29	 f20:0x49820000 f29:0x80000000 x18=0x00000000
     402255.000 ns	     40224	800084bc	02716ab3	rem	x21,x2,x7	  x2:0x4cb41ae8  x7:0x00004002 x21=0x0000355c
     402295.000 ns	     40228	800084c0	187d22d3	fdiv.s	f5,f26,f7	 f26:0x80000000  f7:0x80000000  f5=0x7fc00000
     402315.000 ns	     40230	800084c4	09518a93	addi	x21,x3,149	  x3:0xbf795024 x21=0xbf7950b9
     402335.000 ns	     40232	800084c8	20680d53	fsgnj.s	f26,f16,f6	 f16:0xff800000  f6:0xe586f534 f26=0xff800000
     402365.000 ns	     40235	800084cc	022fb533	mulhu	x10,x31,x2	 x31:0x00000000  x2:0x4cb41ae8 x10=0x00000000
     402395.000 ns	     40238	800084d0	0299bd33	mulhu	x26,x19,x9	 x19:0xffffffff  x9:0x00000000 x26=0x00000000
     402425.000 ns	     40241	800084d4	f00806d3	fmv.w.x	f13,x16	 x16:0x7fffffff f13=0x7fffffff
     402445.000 ns	     40243	800084d8	01edd633	srl	x12,x27,x30	 x27:0x00000000 x30:0x00000000 x12=0x00000000
     402485.000 ns	     40247	800084dc	003ef3d3	fadd.s	f7,f29,f3	 f29:0x80000000  f3:0x7fc00000  f7=0x7fc00000
     402505.000 ns	     40249	800084e0	0049c633	xor	x12,x19,x4	 x19:0xffffffff  x4:0x80041157 x12=0x7ffbeea8
     402525.000 ns	     40251	800084e4	e0021ed3	fclass.s	x29,f4	  f4:0x00000000 x29=0x00000010
     402545.000 ns	     40253	800084e8	620de613	ori	x12,x27,1568	 x27:0x00000000 x12=0x00000620
     402555.000 ns	     40254	800084ec	b7152493	slti	x9,x10,-1167	 x10:0x00000000  x9=0x00000000
     402565.000 ns	     40255	800084f0	3845fc13	andi	x24,x11,900	 x11:0xffffffff x24=0x00000384
     402575.000 ns	     40256	800084f4	014427b3	slt	x15,x8,x20	  x8:0x3f7d4000 x20:0x00000001 x15=0x00000000
     402595.000 ns	     40258	800084f8	02aa49b3	div	x19,x20,x10	 x20:0x00000001 x10:0x00000000 x19=0xffffffff
     402625.000 ns	     40261	800084fc	a07aa753	feq.s	x14,f21,f7	 f21:0xff800000  f7:0x7fc00000 x14=0x00000000
     402995.000 ns	     40298	80008500	0346fd33	remu	x26,x13,x20	 x13:0x00000000 x20:0x00000001 x26=0x00000000
     403045.000 ns	     40303	80008504	0074f053	fadd.s	f0,f9,f7	  f9:0xe586f534  f7:0x7fc00000  f0=0x7fc00000
     403065.000 ns	     40305	80008508	01106433	or	x8,x0,x17	  x0:0x00000000 x17:0x00000000  x8=0x00000000
     403075.000 ns	     40306	8000850c	415c57b3	sra	x15,x24,x21	 x24:0x00000384 x21:0xbf7950b9 x15=0x00000000
     403435.000 ns	     40342	80008510	03825a33	divu	x20,x4,x24	  x4:0x80041157 x24:0x00000384 x20=0x002469d5
     403455.000 ns	     40344	80008514	411b5f13	srai	x30,x22,0x11	 x22:0x00000000 x30=0x00000000
     403475.000 ns	     40346	80008518	a15e21d3	feq.s	x3,f28,f21	 f28:0x80000000 f21:0xff800000  x3=0x00000000
     403495.000 ns	     40348	8000851c	29c53393	sltiu	x7,x10,668	 x10:0x00000000  x7=0x00000001
     403515.000 ns	     40350	80008520	e0018d53	fmv.x.w	x26,f3	  f3:0x7fc00000 x26=0x7fc00000
     403535.000 ns	     40352	80008524	72bec613	xori	x12,x29,1835	 x29:0x00000010 x12=0x0000073b
     403575.000 ns	     40356	80008528	09c53953	fsub.s	f18,f10,f28	 f10:0x00000000 f28:0x80000000 f18=0x00000000
     403595.000 ns	     40358	8000852c	01f59893	slli	x17,x11,0x1f	 x11:0xffffffff x17=0x80000000
     403605.000 ns	     40359	80008530	00000013	addi	x0,x0,0	  x0:0x00000000
     403615.000 ns	     40360	80008534	41c15813	srai	x16,x2,0x1c	  x2:0x4cb41ae8 x16=0x00000004
     403625.000 ns	     40361	80008538	48253eb7	lui	x29,0x48253	 x29=0x48253000
     403645.000 ns	     40363	8000853c	f0038153	fmv.w.x	f2,x7	  x7:0x00000001  f2=0x00000001
     403665.000 ns	     40365	80008540	1d258497	auipc	x9,0x1d258	  x9=0x9d260540
     403675.000 ns	     40366	80008544	4029a437	lui	x8,0x4029a	  x8=0x4029a000
     403695.000 ns	     40368	80008548	d0092453	fcvt.s.w	f8,x18	 x18:0x00000000  f8=0x00000000
     403715.000 ns	     40370	8000854c	00fdd613	srli	x12,x27,0xf	 x27:0x00000000 x12=0x00000000
     403735.000 ns	     40372	80008550	a09928d3	feq.s	x17,f18,f9	 f18:0x00000000  f9:0xe586f534 x17=0x00000000
     403755.000 ns	     40374	80008554	00270db3	add	x27,x14,x2	 x14:0x00000000  x2:0x4cb41ae8 x27=0x4cb41ae8
     404115.000 ns	     40410	80008558	029970b3	remu	x1,x18,x9	 x18:0x00000000  x9:0x9d260540  x1=0x00000000
     404155.000 ns	     40414	8000855c	580cf353	fsqrt.s	f6,f25	 f25:0xff800000  f6=0x7fc00000
     404185.000 ns	     40417	80008560	f0058e53	fmv.w.x	f28,x11	 x11:0xffffffff f28=0xffffffff
     404235.000 ns	     40422	80008564	00141dd3	fadd.s	f27,f8,f1	  f8:0x00000000  f1:0x80000000 f27=0x80000000
     404275.000 ns	     40426	80008568	58040bd3	fsqrt.s	f23,f8	  f8:0x00000000 f23=0x00000000
     404305.000 ns	     40429	8000856c	e0008c53	fmv.x.w	x24,f1	  f1:0x80000000 x24=0x80000000
     404325.000 ns	     40431	80008570	013b2db3	slt	x27,x22,x19	 x22:0x00000000 x19:0xffffffff x27=0x00000000
     404365.000 ns	     40435	80008574	086ffd53	fsub.s	f26,f31,f6	 f31:0x7fc00000  f6:0x7fc00000 f26=0x7fc00000
     404735.000 ns	     40472	80008578	03c846b3	div	x13,x16,x28	 x16:0x00000004 x28:0xf506f533 x13=0x00000000
     404765.000 ns	     40475	8000857c	f00a8653	fmv.w.x	f12,x21	 x21:0xbf7950b9 f12=0xbf7950b9
     404795.000 ns	     40478	80008580	f0068653	fmv.w.x	f12,x13	 x13:0x00000000 f12=0x00000000
     404825.000 ns	     40481	80008584	0209e633	rem	x12,x19,x0	 x19:0xffffffff  x0:0x00000000 x12=0xffffffff
     404845.000 ns	     40483	80008588	00d982b3	add	x5,x19,x13	 x19:0xffffffff x13:0x00000000  x5=0xffffffff
     404855.000 ns	     40484	8000858c	ebc5f613	andi	x12,x11,-324	 x11:0xffffffff x12=0xfffffebc
     404865.000 ns	     40485	80008590	00647fb3	and	x31,x8,x6	  x8:0x4029a000  x6:0x80041024 x31=0x00000000
     404875.000 ns	     40486	80008594	00299593	slli	x11,x19,0x2	 x19:0xffffffff x11=0xfffffffc
     404885.000 ns	     40487	80008598	835ac1b7	lui	x3,0x835ac	  x3=0x835ac000
     404905.000 ns	     40489	8000859c	02034233	div	x4,x6,x0	  x6:0x80041024  x0:0x00000000  x4=0xffffffff
     404935.000 ns	     40492	800085a0	c00d7b53	fcvt.w.s	x22,f26	 f26:0x7fc00000 x22=0x7fffffff
     404955.000 ns	     40494	800085a4	004c8033	add	x0,x25,x4	 x25:0x80040fe4  x4:0xffffffff
     405315.000 ns	     40530	800085a8	035054b3	divu	x9,x0,x21	  x0:0x00000000 x21:0xbf7950b9  x9=0x00000000
     405345.000 ns	     40533	800085ac	036034b3	mulhu	x9,x0,x22	  x0:0x00000000 x22:0x7fffffff  x9=0x00000000
     405365.000 ns	     40535	800085b0	77c28393	addi	x7,x5,1916	  x5:0xffffffff  x7=0x0000077b
     405375.000 ns	     40536	800085b4	408bd0b3	sra	x1,x23,x8	 x23:0x00000000  x8:0x4029a000  x1=0x00000000
     405735.000 ns	     40572	800085b8	0285d233	divu	x4,x11,x8	 x11:0xfffffffc  x8:0x4029a000  x4=0x00000003
     405775.000 ns	     40576	800085bc	181a0753	fdiv.s	f14,f20,f1	 f20:0x49820000  f1:0x80000000 f14=0xff800000
     405795.000 ns	     40578	800085c0	001d8db3	add	x27,x27,x1	 x27:0x00000000  x1:0x00000000 x27=0x00000000
     405825.000 ns	     40581	800085c4	580f3853	fsqrt.s	f16,f30	 f30:0xe586f534 f16=0x7fc00000
     405855.000 ns	     40584	800085c8	02900b33	mul	x22,x0,x9	  x0:0x00000000  x9:0x00000000 x22=0x00000000
     405875.000 ns	     40586	800085cc	71273493	sltiu	x9,x14,1810	 x14:0x00000000  x9=0x00000001
     405885.000 ns	     40587	800085d0	9fa83f13	sltiu	x30,x16,-1542	 x16:0x00000004 x30=0x00000001
     405905.000 ns	     40589	800085d4	032e4833	div	x16,x28,x18	 x28:0xf506f533 x18:0x00000000 x16=0xffffffff
     405925.000 ns	     40591	800085d8	508fb213	sltiu	x4,x31,1288	 x31:0x00000000  x4=0x00000001
     405935.000 ns	     40592	800085dc	0158cf33	xor	x30,x17,x21	 x17:0x00000000 x21:0xbf7950b9 x30=0xbf7950b9
     405945.000 ns	     40593	800085e0	40b5db33	sra	x22,x11,x11	 x11:0xfffffffc x11:0xfffffffc x22=0xffffffff
     405955.000 ns	     40594	800085e4	013303b3	add	x7,x6,x19	  x6:0x80041024 x19:0xffffffff  x7=0x80041023
     405975.000 ns	     40596	800085e8	03f562b3	rem	x5,x10,x31	 x10:0x00000000 x31:0x00000000  x5=0x00000000
     406005.000 ns	     40599	800085ec	20da9153	fsgnjn.s	f2,f21,f13	 f21:0xff800000 f13:0x7fffffff  f2=0xff800000
     406035.000 ns	     40602	800085f0	a1b22153	feq.s	x2,f4,f27	  f4:0x00000000 f27:0x80000000  x2=0x00000001
     406055.000 ns	     40604	800085f4	00000013	addi	x0,x0,0	  x0:0x00000000
     406065.000 ns	     40605	800085f8	00000013	addi	x0,x0,0	  x0:0x00000000
     406085.000 ns	     40607	800085fc	a02aa053	feq.s	x0,f21,f2	 f21:0xff800000  f2:0xff800000
     406115.000 ns	     40610	80008600	c00316d3	fcvt.w.s	x13,f6	  f6:0x7fc00000 x13=0x7fffffff
     406135.000 ns	     40612	80008604	73da6413	ori	x8,x20,1853	 x20:0x002469d5  x8=0x00246ffd
     406175.000 ns	     40616	80008608	01a87dd3	fadd.s	f27,f16,f26	 f16:0x7fc00000 f26:0x7fc00000 f27=0x7fc00000
     406205.000 ns	     40619	8000860c	a10d8253	fle.s	x4,f27,f16	 f27:0x80000000 f16:0x7fc00000  x4=0x00000000
     406225.000 ns	     40621	80008610	dfad4413	xori	x8,x26,-518	 x26:0x7fc00000  x8=0x803ffdfa
     406265.000 ns	     40625	80008614	00de89d3	fadd.s	f19,f29,f13	 f29:0x80000000 f13:0x7fffffff f19=0x7fc00000
     406295.000 ns	     40628	80008618	03ae28b3	mulhsu	x17,x28,x26	 x28:0xf506f533 x26:0x7fc00000 x17=0xfa8638dc
     406325.000 ns	     40631	8000861c	206f1ad3	fsgnjn.s	f21,f30,f6	 f30:0xe586f534  f6:0x7fc00000 f21=0xe586f534
     406345.000 ns	     40633	80008620	0042e833	or	x16,x5,x4	  x5:0x00000000  x4:0x00000000 x16=0x00000000
     406365.000 ns	     40635	80008624	20c917d3	fsgnjn.s	f15,f18,f12	 f18:0x00000000 f12:0x00000000 f15=0x80000000
     406395.000 ns	     40638	80008628	20ad27d3	fsgnjx.s	f15,f26,f10	 f26:0x7fc00000 f10:0x00000000 f15=0x7fc00000
     406415.000 ns	     40640	8000862c	010b9b93	slli	x23,x23,0x10	 x23:0x00000000 x23=0x00000000
     406425.000 ns	     40641	80008630	00f9d413	srli	x8,x19,0xf	 x19:0xffffffff  x8=0x0001ffff
     406445.000 ns	     40643	80008634	d000bed3	fcvt.s.w	f29,x1	  x1:0x00000000 f29=0x00000000
     406475.000 ns	     40646	80008638	c010fd53	fcvt.wu.s	x26,f1	  f1:0x80000000 x26=0x00000000
     406495.000 ns	     40648	8000863c	008a1593	slli	x11,x20,0x8	 x20:0x002469d5 x11=0x2469d500
     406505.000 ns	     40649	80008640	124d7513	andi	x10,x26,292	 x26:0x00000000 x10=0x00000000
     406515.000 ns	     40650	80008644	2c656f13	ori	x30,x10,710	 x10:0x00000000 x30=0x000002c6
     406525.000 ns	     40651	80008648	a1613793	sltiu	x15,x2,-1514	  x2:0x00000001 x15=0x00000001
     406535.000 ns	     40652	8000864c	9ee54c37	lui	x24,0x9ee54	 x24=0x9ee54000
     406575.000 ns	     40656	80008650	08eeb8d3	fsub.s	f17,f29,f14	 f29:0x00000000 f14:0xff800000 f17=0x7f800000
     406605.000 ns	     40659	80008654	21ea9c53	fsgnjn.s	f24,f21,f30	 f21:0xe586f534 f30:0xe586f534 f24=0x6586f534
     406635.000 ns	     40662	80008658	206022d3	fsgnjx.s	f5,f0,f6	  f0:0x7fc00000  f6:0x7fc00000  f5=0x7fc00000
     406655.000 ns	     40664	8000865c	0149a2b3	slt	x5,x19,x20	 x19:0xffffffff x20:0x002469d5  x5=0x00000001
     406685.000 ns	     40667	80008660	11621cd3	fmul.s	f25,f4,f22	  f4:0x00000000 f22:0x00000000 f25=0x00000000
     406715.000 ns	     40670	80008664	039115b3	mulh	x11,x2,x25	  x2:0x00000001 x25:0x80040fe4 x11=0xffffffff
     406745.000 ns	     40673	80008668	d0198453	fcvt.s.wu	f8,x19	 x19:0xffffffff  f8=0x4f800000
     406775.000 ns	     40676	8000866c	a05f85d3	fle.s	x11,f31,f5	 f31:0x7fc00000  f5:0x7fc00000 x11=0x00000000
     406805.000 ns	     40679	80008670	02b110b3	mulh	x1,x2,x11	  x2:0x00000001 x11:0xffffffff  x1=0x00000000
     406835.000 ns	     40682	80008674	e00284d3	fmv.x.w	x9,f5	  f5:0x7fc00000  x9=0x7fc00000
     406865.000 ns	     40685	80008678	c0177a53	fcvt.wu.s	x20,f14	 f14:0xff800000 x20=0x00000000
     406885.000 ns	     40687	8000867c	b0896113	ori	x2,x18,-1272	 x18:0x00000000  x2=0xfffffb08
     406895.000 ns	     40688	80008680	013ea9b3	slt	x19,x29,x19	 x29:0x48253000 x19:0xffffffff x19=0x00000000
     406905.000 ns	     40689	80008684	bf088b13	addi	x22,x17,-1040	 x17:0xfa8638dc x22=0xfa8634cc
     406925.000 ns	     40691	80008688	20b02153	fsgnjx.s	f2,f0,f11	  f0:0x7fc00000 f11:0x7fc00000  f2=0x7fc00000
     407295.000 ns	     40728	8000868c	0231e3b3	rem	x7,x3,x3	  x3:0x835ac000  x3:0x835ac000  x7=0x00000000
     407325.000 ns	     40731	80008690	c00841d3	fcvt.w.s	x3,f16	 f16:0x7fc00000  x3=0x7fffffff
     407345.000 ns	     40733	80008694	01001a13	slli	x20,x0,0x10	  x0:0x00000000 x20=0x00000000
     407375.000 ns	     40736	80008698	196276d3	fdiv.s	f13,f4,f22	  f4:0x00000000 f22:0x00000000 f13=0x7fc00000
     407405.000 ns	     40739	8000869c	02a3a6b3	mulhsu	x13,x7,x10	  x7:0x00000000 x10:0x00000000 x13=0x00000000
     407775.000 ns	     40776	800086a0	0253fb33	remu	x22,x7,x5	  x7:0x00000000  x5:0x00000001 x22=0x00000000
     407805.000 ns	     40779	800086a4	f0090bd3	fmv.w.x	f23,x18	 x18:0x00000000 f23=0x00000000
     407835.000 ns	     40782	800086a8	0382a0b3	mulhsu	x1,x5,x24	  x5:0x00000001 x24:0x9ee54000  x1=0x00000000
     407865.000 ns	     40785	800086ac	d016fad3	fcvt.s.wu	f21,x13	 x13:0x00000000 f21=0x00000000
     407885.000 ns	     40787	800086b0	00863b33	sltu	x22,x12,x8	 x12:0xfffffebc  x8:0x0001ffff x22=0x00000000
     407905.000 ns	     40789	800086b4	0371ba33	mulhu	x20,x3,x23	  x3:0x7fffffff x23:0x00000000 x20=0x00000000
     407925.000 ns	     40791	800086b8	00864fb3	xor	x31,x12,x8	 x12:0xfffffebc  x8:0x0001ffff x31=0xfffe0143
     407945.000 ns	     40793	800086bc	e0061ed3	fclass.s	x29,f12	 f12:0x00000000 x29=0x00000010
     407965.000 ns	     40795	800086c0	963f2c13	slti	x24,x30,-1693	 x30:0x000002c6 x24=0x00000000
     407985.000 ns	     40797	800086c4	c019ac53	fcvt.wu.s	x24,f19	 f19:0x7fc00000 x24=0xffffffff
     408005.000 ns	     40799	800086c8	01557c33	and	x24,x10,x21	 x10:0x00000000 x21:0xbf7950b9 x24=0x00000000
     408025.000 ns	     40801	800086cc	d00bfe53	fcvt.s.w	f28,x23	 x23:0x00000000 f28=0x00000000
     408045.000 ns	     40803	800086d0	01d99993	slli	x19,x19,0x1d	 x19:0x00000000 x19=0x00000000
     408055.000 ns	     40804	800086d4	aa7f7113	andi	x2,x30,-1369	 x30:0x000002c6  x2=0x00000286
     408385.000 ns	     40837	800086d8	19ef7853	fdiv.s	f16,f30,f30	 f30:0xe586f534 f30:0xe586f534 f16=0x3f06f534
     408405.000 ns	     40839	800086dc	86c098b7	lui	x17,0x86c09	 x17=0x86c09000
     408415.000 ns	     40840	800086e0	01515513	srli	x10,x2,0x15	  x2:0x00000286 x10=0x00000000
     408425.000 ns	     40841	800086e4	40b3d033	sra	x0,x7,x11	  x7:0x00000000 x11:0x00000000
     408435.000 ns	     40842	800086e8	35fe8493	addi	x9,x29,863	 x29:0x00000010  x9=0x0000036f
     408795.000 ns	     40878	800086ec	02c3f633	remu	x12,x7,x12	  x7:0x00000000 x12:0xfffffebc x12=0x00000000
     408815.000 ns	     40880	800086f0	0124e933	or	x18,x9,x18	  x9:0x7fc00000 x18:0x00000000 x18=0x0000036f
     408835.000 ns	     40882	800086f4	f00f8453	fmv.w.x	f8,x31	 x31:0xfffe0143  f8=0xfffe0143
     408855.000 ns	     40884	800086f8	006f3233	sltu	x4,x30,x6	 x30:0x000002c6  x6:0x80041024  x4=0x00000001
     408875.000 ns	     40886	800086fc	21011753	fsgnjn.s	f14,f2,f16	  f2:0x7fc00000 f16:0x3f06f534 f14=0xffc00000
     408905.000 ns	     40889	80008700	21409753	fsgnjn.s	f14,f1,f20	  f1:0x80000000 f20:0x49820000 f14=0x80000000
     408925.000 ns	     40891	80008704	01495e93	srli	x29,x18,0x14	 x18:0x0000036f x29=0x00000000
     408945.000 ns	     40893	80008708	d012ff53	fcvt.s.wu	f30,x5	  x5:0x00000001 f30=0x3f800000
     408965.000 ns	     40895	8000870c	013ef433	and	x8,x29,x19	 x29:0x00000010 x19:0x00000000  x8=0x00000000
     409005.000 ns	     40899	80008710	015ff0d3	fadd.s	f1,f31,f21	 f31:0x7fc00000 f21:0x00000000  f1=0x7fc00000
     409035.000 ns	     40902	80008714	28558fd3	fmin.s	f31,f11,f5	 f11:0x7fc00000  f5:0x7fc00000 f31=0x7fc00000
     409055.000 ns	     40904	80008718	00091233	sll	x4,x18,x0	 x18:0x0000036f  x0:0x00000000  x4=0x0000036f
     409065.000 ns	     40905	8000871c	0082ef33	or	x30,x5,x8	  x5:0x00000001  x8:0x00000000 x30=0x00000001
     409085.000 ns	     40907	80008720	a09ca153	feq.s	x2,f25,f9	 f25:0x00000000  f9:0xe586f534  x2=0x00000000
     409115.000 ns	     40910	80008724	c00a7a53	fcvt.w.s	x20,f20	 f20:0x49820000 x20=0x00104000
     409135.000 ns	     40912	80008728	013552b3	srl	x5,x10,x19	 x10:0x00000000 x19:0x00000000  x5=0x00000000
     409145.000 ns	     40913	8000872c	00ead633	srl	x12,x21,x14	 x21:0xbf7950b9 x14:0x00000000 x12=0xbf7950b9
     409165.000 ns	     40915	80008730	0201da33	divu	x20,x3,x0	  x3:0x7fffffff  x0:0x00000000 x20=0xffffffff
     409205.000 ns	     40919	80008734	1080f653	fmul.s	f12,f1,f8	  f1:0x7fc00000  f8:0xfffe0143 f12=0x7fc00000
     409235.000 ns	     40922	80008738	29af18d3	fmax.s	f17,f30,f26	 f30:0x3f800000 f26:0x7fc00000 f17=0x3f800000
     409265.000 ns	     40925	8000873c	a0b829d3	feq.s	x19,f16,f11	 f16:0x3f06f534 f11:0x7fc00000 x19=0x00000000
     409295.000 ns	     40928	80008740	f00b0dd3	fmv.w.x	f27,x22	 x22:0x00000000 f27=0x00000000
     409665.000 ns	     40965	80008744	03e377b3	remu	x15,x6,x30	  x6:0x80041024 x30:0x00000001 x15=0x00000000
     409685.000 ns	     40967	80008748	41465b33	sra	x22,x12,x20	 x12:0xbf7950b9 x20:0xffffffff x22=0xffffffff
     410855.000 ns	     41084	8000874c	580f3053	fsqrt.s	f0,f30	 f30:0x3f800000  f0=0x3f7fffae
     410875.000 ns	     41086	80008750	001a9913	slli	x18,x21,0x1	 x21:0xbf7950b9 x18=0x7ef2a172
     410895.000 ns	     41088	80008754	e0070fd3	fmv.x.w	x31,f14	 f14:0x80000000 x31=0x80000000
     410915.000 ns	     41090	80008758	00c7c0b3	xor	x1,x15,x12	 x15:0x00000000 x12:0xbf7950b9  x1=0xbf7950b9
     410925.000 ns	     41091	8000875c	38660213	addi	x4,x12,902	 x12:0xbf7950b9  x4=0xbf79543f
     410945.000 ns	     41093	80008760	c01f35d3	fcvt.wu.s	x11,f30	 f30:0x3f800000 x11=0x00000001
     410995.000 ns	     41098	80008764	082270d3	fsub.s	f1,f4,f2	  f4:0x00000000  f2:0x7fc00000  f1=0x7fc00000
     411025.000 ns	     41101	80008768	20c91ed3	fsgnjn.s	f29,f18,f12	 f18:0x00000000 f12:0x7fc00000 f29=0x80000000
     411045.000 ns	     41103	8000876c	190ce817	auipc	x16,0x190ce	 x16=0x990d676c
     411065.000 ns	     41105	80008770	034a25b3	mulhsu	x11,x20,x20	 x20:0xffffffff x20:0xffffffff x11=0xffffffff
     411085.000 ns	     41107	80008774	00f39d33	sll	x26,x7,x15	  x7:0x00000000 x15:0x00000000 x26=0x00000000
     411095.000 ns	     41108	80008778	01505db3	srl	x27,x0,x21	  x0:0x00000000 x21:0xbf7950b9 x27=0x00000000
     411115.000 ns	     41110	8000877c	219922d3	fsgnjx.s	f5,f18,f25	 f18:0x00000000 f25:0x00000000  f5=0x00000000
     411135.000 ns	     41112	80008780	4055d1b3	sra	x3,x11,x5	 x11:0xffffffff  x5:0x00000000  x3=0xffffffff
     411145.000 ns	     41113	80008784	417d5833	sra	x16,x26,x23	 x26:0x00000000 x23:0x00000000 x16=0x00000000
     411155.000 ns	     41114	80008788	00db30b3	sltu	x1,x22,x13	 x22:0xffffffff x13:0x00000000  x1=0x00000000
     411175.000 ns	     41116	8000878c	20179c53	fsgnjn.s	f24,f15,f1	 f15:0x7fc00000  f1:0x7fc00000 f24=0xffc00000
     411195.000 ns	     41118	80008790	f9066093	ori	x1,x12,-112	 x12:0xbf7950b9  x1=0xffffffb9
     411555.000 ns	     41154	80008794	02b5f5b3	remu	x11,x11,x11	 x11:0xffffffff x11:0xffffffff x11=0x00000000
     411575.000 ns	     41156	80008798	0082a7b3	slt	x15,x5,x8	  x5:0x00000000  x8:0x00000000 x15=0x00000000
     411585.000 ns	     41157	8000879c	76aa1997	auipc	x19,0x76aa1	 x19=0xf6aa979c
     411605.000 ns	     41159	800087a0	a05211d3	flt.s	x3,f4,f5	  f4:0x00000000  f5:0x00000000  x3=0x00000000
     411625.000 ns	     41161	800087a4	40cb05b3	sub	x11,x22,x12	 x22:0xffffffff x12:0xbf7950b9 x11=0x4086af46
     411985.000 ns	     41197	800087a8	039fd033	divu	x0,x31,x25	 x31:0x80000000 x25:0x80040fe4
     412015.000 ns	     41200	800087ac	027d9133	mulh	x2,x27,x7	 x27:0x00000000  x7:0x00000000  x2=0x00000000
     412045.000 ns	     41203	800087b0	e00f9bd3	fclass.s	x23,f31	 f31:0x7fc00000 x23=0x00000200
     412065.000 ns	     41205	800087b4	01469613	slli	x12,x13,0x14	 x13:0x00000000 x12=0x00000000
     412075.000 ns	     41206	800087b8	17cd7197	auipc	x3,0x17cd7	  x3=0x97cdf7b8
     412115.000 ns	     41210	800087bc	01998253	fadd.s	f4,f19,f25	 f19:0x7fc00000 f25:0x00000000  f4=0x7fc00000
     412145.000 ns	     41213	800087c0	289e9a53	fmax.s	f20,f29,f9	 f29:0x80000000  f9:0xe586f534 f20=0x80000000
     412165.000 ns	     41215	800087c4	ec14bb13	sltiu	x22,x9,-319	  x9:0x0000036f x22=0x00000001
     412185.000 ns	     41217	800087c8	207a19d3	fsgnjn.s	f19,f20,f7	 f20:0x80000000  f7:0x7fc00000 f19=0x80000000
     412215.000 ns	     41220	800087cc	e00c02d3	fmv.x.w	x5,f24	 f24:0xffc00000  x5=0xffc00000
     412245.000 ns	     41223	800087d0	28ff9a53	fmax.s	f20,f31,f15	 f31:0x7fc00000 f15:0x7fc00000 f20=0x7fc00000
     412265.000 ns	     41225	800087d4	41fc5ab3	sra	x21,x24,x31	 x24:0x00000000 x31:0x80000000 x21=0x00000000
     412305.000 ns	     41229	800087d8	089e1153	fsub.s	f2,f28,f9	 f28:0x00000000  f9:0xe586f534  f2=0x6586f534
     412325.000 ns	     41231	800087dc	01d02eb3	slt	x29,x0,x29	  x0:0x00000000 x29:0x00000000 x29=0x00000000
     412335.000 ns	     41232	800087e0	00c9b233	sltu	x4,x19,x12	 x19:0xf6aa979c x12:0x00000000  x4=0x00000000
     412375.000 ns	     41236	800087e4	088073d3	fsub.s	f7,f0,f8	  f0:0x3f7fffae  f8:0xfffe0143  f7=0x7fc00000
     412395.000 ns	     41238	800087e8	eaec4713	xori	x14,x24,-338	 x24:0x00000000 x14=0xfffffeae
     412415.000 ns	     41240	800087ec	02fafb33	remu	x22,x21,x15	 x21:0x00000000 x15:0x00000000 x22=0x00000000
     412445.000 ns	     41243	800087f0	f00c8cd3	fmv.w.x	f25,x25	 x25:0x80040fe4 f25=0x80040fe4
     412475.000 ns	     41246	800087f4	02c1f0b3	remu	x1,x3,x12	  x3:0x97cdf7b8 x12:0x00000000  x1=0x97cdf7b8
     412495.000 ns	     41248	800087f8	414684b3	sub	x9,x13,x20	 x13:0x00000000 x20:0xffffffff  x9=0x00000001
     412515.000 ns	     41250	800087fc	024f90b3	mulh	x1,x31,x4	 x31:0x80000000  x4:0x00000000  x1=0x00000000
     412545.000 ns	     41253	80008800	c01d8853	fcvt.wu.s	x16,f27	 f27:0x00000000 x16=0x00000000
     412575.000 ns	     41256	80008804	280d92d3	fmax.s	f5,f27,f0	 f27:0x00000000  f0:0x3f7fffae  f5=0x3f7fffae
     412595.000 ns	     41258	80008808	ce484513	xori	x10,x16,-796	 x16:0x00000000 x10=0xfffffce4
     412605.000 ns	     41259	8000880c	0067b833	sltu	x16,x15,x6	 x15:0x00000000  x6:0x80041024 x16=0x00000001
     412645.000 ns	     41263	80008810	002397d3	fadd.s	f15,f7,f2	  f7:0x7fc00000  f2:0x6586f534 f15=0x7fc00000
     412685.000 ns	     41267	80008814	580c7853	fsqrt.s	f16,f24	 f24:0xffc00000 f16=0x7fc00000
     412715.000 ns	     41270	80008818	02c41733	mulh	x14,x8,x12	  x8:0x00000000 x12:0x00000000 x14=0x00000000
     412735.000 ns	     41272	8000881c	40255ab3	sra	x21,x10,x2	 x10:0xfffffce4  x2:0x00000000 x21=0xfffffce4
     412745.000 ns	     41273	80008820	001a3633	sltu	x12,x20,x1	 x20:0xffffffff  x1:0x00000000 x12=0x00000000
     412765.000 ns	     41275	80008824	f00588d3	fmv.w.x	f17,x11	 x11:0x4086af46 f17=0x4086af46
     412795.000 ns	     41278	80008828	d01cfc53	fcvt.s.wu	f24,x25	 x25:0x80040fe4 f24=0x4f00040f
     412825.000 ns	     41281	8000882c	29189e53	fmax.s	f28,f17,f17	 f17:0x4086af46 f17:0x4086af46 f28=0x4086af46
     412855.000 ns	     41284	80008830	21122353	fsgnjx.s	f6,f4,f17	  f4:0x7fc00000 f17:0x4086af46  f6=0x7fc00000
     412885.000 ns	     41287	80008834	28b58a53	fmin.s	f20,f11,f11	 f11:0x7fc00000 f11:0x7fc00000 f20=0x7fc00000
     412915.000 ns	     41290	80008838	03dd77b3	remu	x15,x26,x29	 x26:0x00000000 x29:0x00000000 x15=0x00000000
     412955.000 ns	     41294	8000883c	108c7953	fmul.s	f18,f24,f8	 f24:0x4f00040f  f8:0xfffe0143 f18=0x7fc00000
     412975.000 ns	     41296	80008840	0171f6b3	and	x13,x3,x23	  x3:0x97cdf7b8 x23:0x00000200 x13=0x00000200
     412995.000 ns	     41298	80008844	02bdad33	mulhsu	x26,x27,x11	 x27:0x00000000 x11:0x4086af46 x26=0x00000000
     413025.000 ns	     41301	80008848	e00185d3	fmv.x.w	x11,f3	  f3:0x7fc00000 x11=0x7fc00000
     413055.000 ns	     41304	8000884c	a1d490d3	flt.s	x1,f9,f29	  f9:0xe586f534 f29:0x80000000  x1=0x00000001
     413085.000 ns	     41307	80008850	21779953	fsgnjn.s	f18,f15,f23	 f15:0x7fc00000 f23:0x00000000 f18=0xffc00000
     413105.000 ns	     41309	80008854	69357fb7	lui	x31,0x69357	 x31=0x69357000
     413125.000 ns	     41311	80008858	a13f9a53	flt.s	x20,f31,f19	 f31:0x7fc00000 f19:0x80000000 x20=0x00000000
     413145.000 ns	     41313	8000885c	41345113	srai	x2,x8,0x13	  x8:0x00000000  x2=0x00000000
     413155.000 ns	     41314	80008860	01dc64b3	or	x9,x24,x29	 x24:0x00000000 x29:0x00000000  x9=0x00000000
     413175.000 ns	     41316	80008864	029fbd33	mulhu	x26,x31,x9	 x31:0x69357000  x9:0x00000001 x26=0x00000000
     413195.000 ns	     41318	80008868	0cb82137	lui	x2,0xcb82	  x2=0x0cb82000
     413215.000 ns	     41320	8000886c	a0931653	flt.s	x12,f6,f9	  f6:0x7fc00000  f9:0xe586f534 x12=0x00000000
     413245.000 ns	     41323	80008870	02080fb3	mul	x31,x16,x0	 x16:0x00000001  x0:0x00000000 x31=0x00000000
     413275.000 ns	     41326	80008874	c014c2d3	fcvt.wu.s	x5,f9	  f9:0xe586f534  x5=0x00000000
     413305.000 ns	     41329	80008878	29620dd3	fmin.s	f27,f4,f22	  f4:0x7fc00000 f22:0x00000000 f27=0x00000000
     413335.000 ns	     41332	8000887c	c000aa53	fcvt.w.s	x20,f1	  f1:0x7fc00000 x20=0x7fffffff
     413365.000 ns	     41335	80008880	0247e7b3	rem	x15,x15,x4	 x15:0x00000000  x4:0x00000000 x15=0x00000000
     413385.000 ns	     41337	80008884	010b5033	srl	x0,x22,x16	 x22:0x00000000 x16:0x00000001
     413405.000 ns	     41339	80008888	f0008253	fmv.w.x	f4,x1	  x1:0x00000001  f4=0x00000001
     413435.000 ns	     41342	8000888c	e0010d53	fmv.x.w	x26,f2	  f2:0x6586f534 x26=0x6586f534
     413455.000 ns	     41344	80008890	40fc0233	sub	x4,x24,x15	 x24:0x00000000 x15:0x00000000  x4=0x00000000
     413465.000 ns	     41345	80008894	700b4613	xori	x12,x22,1792	 x22:0x00000000 x12=0x00000700
     413475.000 ns	     41346	80008898	435fff13	andi	x30,x31,1077	 x31:0x00000000 x30=0x00000000
     413495.000 ns	     41348	8000889c	025046b3	div	x13,x0,x5	  x0:0x00000000  x5:0x00000000 x13=0xffffffff
     413515.000 ns	     41350	800088a0	d231a997	auipc	x19,0xd231a	 x19=0x523228a0
     413545.000 ns	     41353	800088a4	10e3fb53	fmul.s	f22,f7,f14	  f7:0x7fc00000 f14:0x80000000 f22=0x7fc00000
     413595.000 ns	     41358	800088a8	015f44d3	fadd.s	f9,f30,f21	 f30:0x3f800000 f21:0x00000000  f9=0x3f800000
     413615.000 ns	     41360	800088ac	01b42f33	slt	x30,x8,x27	  x8:0x00000000 x27:0x00000000 x30=0x00000000
     413625.000 ns	     41361	800088b0	c6767793	andi	x15,x12,-921	 x12:0x00000700 x15=0x00000400
     413645.000 ns	     41363	800088b4	03edaa33	mulhsu	x20,x27,x30	 x27:0x00000000 x30:0x00000000 x20=0x00000000
     413675.000 ns	     41366	800088b8	f0070653	fmv.w.x	f12,x14	 x14:0x00000000 f12=0x00000000
     413695.000 ns	     41368	800088bc	003c9833	sll	x16,x25,x3	 x25:0x80040fe4  x3:0x97cdf7b8 x16=0xe4000000
     413715.000 ns	     41370	800088c0	021a3133	mulhu	x2,x20,x1	 x20:0x00000000  x1:0x00000001  x2=0x00000000
     413735.000 ns	     41372	800088c4	016930b3	sltu	x1,x18,x22	 x18:0x7ef2a172 x22:0x00000000  x1=0x00000000
     414905.000 ns	     41489	800088c8	58020953	fsqrt.s	f18,f4	  f4:0x00000001 f18=0x1f350483
     414925.000 ns	     41491	800088cc	00bf5c13	srli	x24,x30,0xb	 x30:0x00000000 x24=0x00000000
     414945.000 ns	     41493	800088d0	c0187653	fcvt.wu.s	x12,f16	 f16:0x7fc00000 x12=0xffffffff
     414985.000 ns	     41497	800088d4	10f11553	fmul.s	f10,f2,f15	  f2:0x6586f534 f15:0x7fc00000 f10=0x7fc00000
     415015.000 ns	     41500	800088d8	d0147b53	fcvt.s.wu	f22,x8	  x8:0x00000000 f22=0x00000000
     415035.000 ns	     41502	800088dc	00ed1093	slli	x1,x26,0xe	 x26:0x6586f534  x1=0xbd4d0000
     415055.000 ns	     41504	800088e0	c01cf6d3	fcvt.wu.s	x13,f25	 f25:0x80040fe4 x13=0x00000000
     415075.000 ns	     41506	800088e4	008e7233	and	x4,x28,x8	 x28:0xf506f533  x8:0x00000000  x4=0x00000000
     415085.000 ns	     41507	800088e8	c8c17813	andi	x16,x2,-884	  x2:0x00000000 x16=0x00000000
     415105.000 ns	     41509	800088ec	c008a2d3	fcvt.w.s	x5,f17	 f17:0x4086af46  x5=0x00000004
     415155.000 ns	     41514	800088f0	09d1f453	fsub.s	f8,f3,f29	  f3:0x7fc00000 f29:0x80000000  f8=0x7fc00000
     415205.000 ns	     41519	800088f4	013e0053	fadd.s	f0,f28,f19	 f28:0x4086af46 f19:0x80000000  f0=0x4086af46
     415225.000 ns	     41521	800088f8	407d8933	sub	x18,x27,x7	 x27:0x00000000  x7:0x00000000 x18=0x00000000
     415245.000 ns	     41523	800088fc	038d2133	mulhsu	x2,x26,x24	 x26:0x6586f534 x24:0x00000000  x2=0x00000000
     415265.000 ns	     41525	80008900	e7bec137	lui	x2,0xe7bec	  x2=0xe7bec000
     415285.000 ns	     41527	80008904	02f12f33	mulhsu	x30,x2,x15	  x2:0x00000000 x15:0x00000400 x30=0xffffff9e
     415305.000 ns	     41529	80008908	00000013	addi	x0,x0,0	  x0:0x00000000
     415315.000 ns	     41530	8000890c	009d5b13	srli	x22,x26,0x9	 x26:0x6586f534 x22=0x0032c37a
     415325.000 ns	     41531	80008910	0035a2b3	slt	x5,x11,x3	 x11:0x7fc00000  x3:0x97cdf7b8  x5=0x00000000
     415335.000 ns	     41532	80008914	0f932013	slti	x0,x6,249	  x6:0x80041024
     415355.000 ns	     41534	80008918	a0cd8c53	fle.s	x24,f27,f12	 f27:0x00000000 f12:0x00000000 x24=0x00000001
     415375.000 ns	     41536	8000891c	0a2ba013	slti	x0,x23,162	 x23:0x00000200
     415385.000 ns	     41537	80008920	9e930093	addi	x1,x6,-1559	  x6:0x80041024  x1=0x80040a0d
     415415.000 ns	     41540	80008924	18717053	fdiv.s	f0,f2,f7	  f2:0x6586f534  f7:0x7fc00000  f0=0x7fc00000
     415445.000 ns	     41543	80008928	292f1953	fmax.s	f18,f30,f18	 f30:0x3f800000 f18:0x1f350483 f18=0x3f800000
     415475.000 ns	     41546	8000892c	20770353	fsgnj.s	f6,f14,f7	 f14:0x80000000  f7:0x7fc00000  f6=0x00000000
     415845.000 ns	     41583	80008930	022cc433	div	x8,x25,x2	 x25:0x80040fe4  x2:0xe7bec000  x8=0x00000005
     415865.000 ns	     41585	80008934	00a15a13	srli	x20,x2,0xa	  x2:0xe7bec000 x20=0x0039efb0
     415885.000 ns	     41587	80008938	21ac9ad3	fsgnjn.s	f21,f25,f26	 f25:0x80040fe4 f26:0x7fc00000 f21=0x80040fe4
     415905.000 ns	     41589	8000893c	0075b233	sltu	x4,x11,x7	 x11:0x7fc00000  x7:0x00000000  x4=0x00000000
     416265.000 ns	     41625	80008940	0268ddb3	divu	x27,x17,x6	 x17:0x86c09000  x6:0x80041024 x27=0x00000001
     416635.000 ns	     41662	80008944	02fb69b3	rem	x19,x22,x15	 x22:0x0032c37a x15:0x00000400 x19=0x0000037a
     416655.000 ns	     41664	80008948	01909ab3	sll	x21,x1,x25	  x1:0x80040a0d x25:0x80040fe4 x21=0x0040a0d0
     416685.000 ns	     41667	8000894c	10f8b353	fmul.s	f6,f17,f15	 f17:0x4086af46 f15:0x7fc00000  f6=0x7fc00000
     416715.000 ns	     41670	80008950	e00f17d3	fclass.s	x15,f30	 f30:0x3f800000 x15=0x00000040
     416735.000 ns	     41672	80008954	15448993	addi	x19,x9,340	  x9:0x00000000 x19=0x00000154
     416755.000 ns	     41674	80008958	e00388d3	fmv.x.w	x17,f7	  f7:0x7fc00000 x17=0x7fc00000
     416785.000 ns	     41677	8000895c	02bb0db3	mul	x27,x22,x11	 x22:0x0032c37a x11:0x7fc00000 x27=0x21800000
     416815.000 ns	     41680	80008960	038f23b3	mulhsu	x7,x30,x24	 x30:0xffffff9e x24:0x00000001  x7=0xffffffff
     416845.000 ns	     41683	80008964	a06f2653	feq.s	x12,f30,f6	 f30:0x3f800000  f6:0x7fc00000 x12=0x00000000
     416865.000 ns	     41685	80008968	7077eb13	ori	x22,x15,1799	 x15:0x00000040 x22=0x00000747
     416885.000 ns	     41687	8000896c	29dd8153	fmin.s	f2,f27,f29	 f27:0x00000000 f29:0x80000000  f2=0x80000000
     416915.000 ns	     41690	80008970	203ea853	fsgnjx.s	f16,f29,f3	 f29:0x80000000  f3:0x7fc00000 f16=0x80000000
     416935.000 ns	     41692	80008974	00000013	addi	x0,x0,0	  x0:0x00000000
     416955.000 ns	     41694	80008978	d000fd53	fcvt.s.w	f26,x1	  x1:0x80040a0d f26=0xcefff7eb
     416985.000 ns	     41697	8000897c	d0053553	fcvt.s.w	f10,x10	 x10:0xfffffce4 f10=0xc4470000
     417015.000 ns	     41700	80008980	a1cda6d3	feq.s	x13,f27,f28	 f27:0x00000000 f28:0x4086af46 x13=0x00000000
     417045.000 ns	     41703	80008984	f00c00d3	fmv.w.x	f1,x24	 x24:0x00000001  f1=0x00000001
     417075.000 ns	     41706	80008988	02ec1233	mulh	x4,x24,x14	 x24:0x00000001 x14:0x00000000  x4=0x00000000
     417105.000 ns	     41709	8000898c	214c84d3	fsgnj.s	f9,f25,f20	 f25:0x80040fe4 f20:0x7fc00000  f9=0x00040fe4
     417125.000 ns	     41711	80008990	01b1d193	srli	x3,x3,0x1b	  x3:0x97cdf7b8  x3=0x00000012
     417145.000 ns	     41713	80008994	c018ffd3	fcvt.wu.s	x31,f17	 f17:0x4086af46 x31=0x00000004
     417165.000 ns	     41715	80008998	00661b33	sll	x22,x12,x6	 x12:0x00000000  x6:0x80041024 x22=0x00000000
     417195.000 ns	     41718	8000899c	18e51953	fdiv.s	f18,f10,f14	 f10:0xc4470000 f14:0x80000000 f18=0x7f800000
     418375.000 ns	     41836	800089a0	5800f153	fsqrt.s	f2,f1	  f1:0x00000001  f2=0x1f350483
     418405.000 ns	     41839	800089a4	f0050a53	fmv.w.x	f20,x10	 x10:0xfffffce4 f20=0xfffffce4
     418435.000 ns	     41842	800089a8	28a38e53	fmin.s	f28,f7,f10	  f7:0x7fc00000 f10:0xc4470000 f28=0xc4470000
     418465.000 ns	     41845	800089ac	a0cb11d3	flt.s	x3,f22,f12	 f22:0x00000000 f12:0x00000000  x3=0x00000000
     418485.000 ns	     41847	800089b0	400fde93	srai	x29,x31,0x0	 x31:0x00000004 x29=0x00000004
     418505.000 ns	     41849	800089b4	0242a5b3	mulhsu	x11,x5,x4	  x5:0x00000000  x4:0x00000000 x11=0x00000000
     418535.000 ns	     41852	800089b8	c01a01d3	fcvt.wu.s	x3,f20	 f20:0xfffffce4  x3=0xffffffff
     418555.000 ns	     41854	800089bc	01c0e633	or	x12,x1,x28	  x1:0x80040a0d x28:0xf506f533 x12=0xf506ff3f
     418565.000 ns	     41855	800089c0	01649e93	slli	x29,x9,0x16	  x9:0x00000000 x29=0x00000000
     418585.000 ns	     41857	800089c4	028888b3	mul	x17,x17,x8	 x17:0x7fc00000  x8:0x00000005 x17=0x7ec00000
     418605.000 ns	     41859	800089c8	010d9433	sll	x8,x27,x16	 x27:0x21800000 x16:0x00000000  x8=0x21800000
     418635.000 ns	     41862	800089cc	1817f053	fdiv.s	f0,f15,f1	 f15:0x7fc00000  f1:0x00000001  f0=0x7fc00000
     418655.000 ns	     41864	800089d0	92fb2113	slti	x2,x22,-1745	 x22:0x00000000  x2=0x00000000
     418665.000 ns	     41865	800089d4	f884f017	auipc	x0,0xf884f	
     418675.000 ns	     41866	800089d8	9ccb4993	xori	x19,x22,-1588	 x22:0x00000000 x19=0xfffff9cc
     418685.000 ns	     41867	800089dc	01751793	slli	x15,x10,0x17	 x10:0xfffffce4 x15=0x72000000
     419045.000 ns	     41903	800089e0	03e46433	rem	x8,x8,x30	  x8:0x21800000 x30:0xffffff9e  x8=0x00000048
     419065.000 ns	     41905	800089e4	0031b3b3	sltu	x7,x3,x3	  x3:0xffffffff  x3:0xffffffff  x7=0x00000000
     419075.000 ns	     41906	800089e8	41be0bb3	sub	x23,x28,x27	 x28:0xf506f533 x27:0x21800000 x23=0xd386f533
     419085.000 ns	     41907	800089ec	e144f297	auipc	x5,0xe144f	  x5=0x614579ec
     419095.000 ns	     41908	800089f0	4115d4b3	sra	x9,x11,x17	 x11:0x00000000 x17:0x7ec00000  x9=0x00000000
     419115.000 ns	     41910	800089f4	02e5a0b3	mulhsu	x1,x11,x14	 x11:0x00000000 x14:0x00000000  x1=0x00000000
     419135.000 ns	     41912	800089f8	4196d913	srai	x18,x13,0x19	 x13:0x00000000 x18=0x00000000
     419175.000 ns	     41916	800089fc	095af4d3	fsub.s	f9,f21,f21	 f21:0x80040fe4 f21:0x80040fe4  f9=0x00000000
     419195.000 ns	     41918	80008a00	01f4e033	or	x0,x9,x31	  x9:0x00000000 x31:0x00000004
     419215.000 ns	     41920	80008a04	02be88b3	mul	x17,x29,x11	 x29:0x00000000 x11:0x00000000 x17=0x00000000
     419235.000 ns	     41922	80008a08	01f7f8b3	and	x17,x15,x31	 x15:0x72000000 x31:0x00000004 x17=0x00000000
     419255.000 ns	     41924	80008a0c	0256b8b3	mulhu	x17,x13,x5	 x13:0x00000000  x5:0x614579ec x17=0x00000000
     419285.000 ns	     41927	80008a10	0366a6b3	mulhsu	x13,x13,x22	 x13:0x00000000 x22:0x00000000 x13=0x00000000
     419315.000 ns	     41930	80008a14	20ac9c53	fsgnjn.s	f24,f25,f10	 f25:0x80040fe4 f10:0xc4470000 f24=0x00040fe4
     419335.000 ns	     41932	80008a18	92dde213	ori	x4,x27,-1747	 x27:0x21800000  x4=0xfffff92d
     419355.000 ns	     41934	80008a1c	a0d41f53	flt.s	x30,f8,f13	  f8:0x7fc00000 f13:0x7fc00000 x30=0x00000000
     419375.000 ns	     41936	80008a20	015a31b3	sltu	x3,x20,x21	 x20:0x0039efb0 x21:0x0040a0d0  x3=0x00000001
     419395.000 ns	     41938	80008a24	d01719d3	fcvt.s.wu	f19,x14	 x14:0x00000000 f19=0x00000000
     419425.000 ns	     41941	80008a28	20040f53	fsgnj.s	f30,f8,f0	  f8:0x7fc00000  f0:0x7fc00000 f30=0x7fc00000
     419445.000 ns	     41943	80008a2c	00c45d93	srli	x27,x8,0xc	  x8:0x00000048 x27=0x00000000
     419465.000 ns	     41945	80008a30	e00a1a53	fclass.s	x20,f20	 f20:0xfffffce4 x20=0x00000200
     419495.000 ns	     41948	80008a34	d01171d3	fcvt.s.wu	f3,x2	  x2:0x00000000  f3=0x00000000
     419545.000 ns	     41953	80008a38	08a07dd3	fsub.s	f27,f0,f10	  f0:0x7fc00000 f10:0xc4470000 f27=0x7fc00000
     419575.000 ns	     41956	80008a3c	0323f633	remu	x12,x7,x18	  x7:0x00000000 x18:0x00000000 x12=0x00000000
     419605.000 ns	     41959	80008a40	02f23233	mulhu	x4,x4,x15	  x4:0xfffff92d x15:0x72000000  x4=0x71fffcf6
     419635.000 ns	     41962	80008a44	03e303b3	mul	x7,x6,x30	  x6:0x80041024 x30:0x00000000  x7=0x00000000
     419675.000 ns	     41966	80008a48	58063853	fsqrt.s	f16,f12	 f12:0x00000000 f16=0x00000000
     419695.000 ns	     41968	80008a4c	00ce3133	sltu	x2,x28,x12	 x28:0xf506f533 x12:0x00000000  x2=0x00000000
     419735.000 ns	     41972	80008a50	00cb4853	fadd.s	f16,f22,f12	 f22:0x00000000 f12:0x00000000 f16=0x00000000
     419765.000 ns	     41975	80008a54	031c6733	rem	x14,x24,x17	 x24:0x00000001 x17:0x00000000 x14=0x00000001
     419795.000 ns	     41978	80008a58	024babb3	mulhsu	x23,x23,x4	 x23:0xd386f533  x4:0x71fffcf6 x23=0xec3219b7
     419825.000 ns	     41981	80008a5c	a1b729d3	feq.s	x19,f14,f27	 f14:0x80000000 f27:0x7fc00000 x19=0x00000000
     419855.000 ns	     41984	80008a60	203fabd3	fsgnjx.s	f23,f31,f3	 f31:0x7fc00000  f3:0x00000000 f23=0x7fc00000
     419875.000 ns	     41986	80008a64	00659913	slli	x18,x11,0x6	 x11:0x00000000 x18=0x00000000
     419895.000 ns	     41988	80008a68	286e9653	fmax.s	f12,f29,f6	 f29:0x80000000  f6:0x7fc00000 f12=0x80000000
     419935.000 ns	     41992	80008a6c	108874d3	fmul.s	f9,f16,f8	 f16:0x00000000  f8:0x7fc00000  f9=0x7fc00000
     419965.000 ns	     41995	80008a70	e0080bd3	fmv.x.w	x23,f16	 f16:0x00000000 x23=0x00000000
     419985.000 ns	     41997	80008a74	5d86ff93	andi	x31,x13,1496	 x13:0x00000000 x31=0x00000000
     420005.000 ns	     41999	80008a78	03dfdb33	divu	x22,x31,x29	 x31:0x00000004 x29:0x00000000 x22=0xffffffff
     420035.000 ns	     42002	80008a7c	02b676b3	remu	x13,x12,x11	 x12:0x00000000 x11:0x00000000 x13=0x00000000
     420065.000 ns	     42005	80008a80	020e71b3	remu	x3,x28,x0	 x28:0xf506f533  x0:0x00000000  x3=0xf506f533
     420095.000 ns	     42008	80008a84	203618d3	fsgnjn.s	f17,f12,f3	 f12:0x80000000  f3:0x00000000 f17=0x80000000
     420115.000 ns	     42010	80008a88	95834193	xori	x3,x6,-1704	  x6:0x80041024  x3=0x7ffbe97c
     420135.000 ns	     42012	80008a8c	a0d726d3	feq.s	x13,f14,f13	 f14:0x80000000 f13:0x7fc00000 x13=0x00000000
     420165.000 ns	     42015	80008a90	20620c53	fsgnj.s	f24,f4,f6	  f4:0x00000001  f6:0x7fc00000 f24=0x00000001
     420185.000 ns	     42017	80008a94	00000013	addi	x0,x0,0	  x0:0x00000000
     420205.000 ns	     42019	80008a98	28139fd3	fmax.s	f31,f7,f1	  f7:0x7fc00000  f1:0x00000001 f31=0x00000001
     420245.000 ns	     42023	80008a9c	580c9753	fsqrt.s	f14,f25	 f25:0x80040fe4 f14=0x7fc00000
     420285.000 ns	     42027	80008aa0	198475d3	fdiv.s	f11,f8,f24	  f8:0x7fc00000 f24:0x00000001 f11=0x7fc00000
     420305.000 ns	     42029	80008aa4	418380b3	sub	x1,x7,x24	  x7:0x00000000 x24:0x00000001  x1=0xffffffff
     420315.000 ns	     42030	80008aa8	000b1093	slli	x1,x22,0x0	 x22:0xffffffff  x1=0xffffffff
     420335.000 ns	     42032	80008aac	d0041cd3	fcvt.s.w	f25,x8	  x8:0x00000048 f25=0x42900000
     420365.000 ns	     42035	80008ab0	20fd9253	fsgnjn.s	f4,f27,f15	 f27:0x7fc00000 f15:0x7fc00000  f4=0xffc00000
     420385.000 ns	     42037	80008ab4	6bd2c893	xori	x17,x5,1725	  x5:0x614579ec x17=0x61457f51
     420395.000 ns	     42038	80008ab8	00661f33	sll	x30,x12,x6	 x12:0x00000000  x6:0x80041024 x30=0x00000000
     420415.000 ns	     42040	80008abc	20759953	fsgnjn.s	f18,f11,f7	 f11:0x7fc00000  f7:0x7fc00000 f18=0xffc00000
     420445.000 ns	     42043	80008ac0	02fe0733	mul	x14,x28,x15	 x28:0xf506f533 x15:0x72000000 x14=0xb6000000
     420475.000 ns	     42046	80008ac4	214ea753	fsgnjx.s	f14,f29,f20	 f29:0x80000000 f20:0xfffffce4 f14=0x00000000
     420505.000 ns	     42049	80008ac8	d0104ad3	fcvt.s.wu	f21,x0	  x0:0x00000000 f21=0x00000000
     420525.000 ns	     42051	80008acc	0024aa33	slt	x20,x9,x2	  x9:0x00000000  x2:0x00000000 x20=0x00000000
     420535.000 ns	     42052	80008ad0	aee2f493	andi	x9,x5,-1298	  x5:0x614579ec  x9=0x614578ec
     420555.000 ns	     42054	80008ad4	209904d3	fsgnj.s	f9,f18,f9	 f18:0xffc00000  f9:0x7fc00000  f9=0x7fc00000
     420575.000 ns	     42056	80008ad8	012bed33	or	x26,x23,x18	 x23:0x00000000 x18:0x00000000 x26=0x00000000
     420595.000 ns	     42058	80008adc	d00a97d3	fcvt.s.w	f15,x21	 x21:0x0040a0d0 f15=0x4a8141a0
     420625.000 ns	     42061	80008ae0	02a1b833	mulhu	x16,x3,x10	  x3:0x7ffbe97c x10:0xfffffce4 x16=0x7ffbe7ee
     420645.000 ns	     42063	80008ae4	cd0a0413	addi	x8,x20,-816	 x20:0x00000000  x8=0xfffffcd0
     420665.000 ns	     42065	80008ae8	c00628d3	fcvt.w.s	x17,f12	 f12:0x80000000 x17=0x00000000
     420695.000 ns	     42068	80008aec	e0068853	fmv.x.w	x16,f13	 f13:0x7fc00000 x16=0x7fc00000
     420715.000 ns	     42070	80008af0	fe04b113	sltiu	x2,x9,-32	  x9:0x614578ec  x2=0x00000001
     420735.000 ns	     42072	80008af4	20569653	fsgnjn.s	f12,f13,f5	 f13:0x7fc00000  f5:0x3f7fffae f12=0xffc00000
     420755.000 ns	     42074	80008af8	4c13c893	xori	x17,x7,1217	  x7:0x00000000 x17=0x000004c1
     420765.000 ns	     42075	80008afc	011b7b33	and	x22,x22,x17	 x22:0xffffffff x17:0x00000000 x22=0x000004c1
     420785.000 ns	     42077	80008b00	e0060653	fmv.x.w	x12,f12	 f12:0xffc00000 x12=0xffc00000
     420815.000 ns	     42080	80008b04	a166a953	feq.s	x18,f13,f22	 f13:0x7fc00000 f22:0x00000000 x18=0x00000000
     420835.000 ns	     42082	80008b08	413dda93	srai	x21,x27,0x13	 x27:0x00000000 x21=0x00000000
     420855.000 ns	     42084	80008b0c	0291ba33	mulhu	x20,x3,x9	  x3:0x7ffbe97c  x9:0x614578ec x20=0x30a12ed1
     420875.000 ns	     42086	80008b10	42bb5097	auipc	x1,0x42bb5	  x1=0xc2bbdb10
     420885.000 ns	     42087	80008b14	00d5d833	srl	x16,x11,x13	 x11:0x00000000 x13:0x00000000 x16=0x00000000
     420895.000 ns	     42088	80008b18	3c512093	slti	x1,x2,965	  x2:0x00000001  x1=0x00000001
     420905.000 ns	     42089	80008b1c	406e5893	srai	x17,x28,0x6	 x28:0xf506f533 x17=0xffd41bd4
     420935.000 ns	     42092	80008b20	109bfb53	fmul.s	f22,f23,f9	 f23:0x7fc00000  f9:0x7fc00000 f22=0x7fc00000
     420965.000 ns	     42095	80008b24	20eb29d3	fsgnjx.s	f19,f22,f14	 f22:0x00000000 f14:0x00000000 f19=0x7fc00000
     420985.000 ns	     42097	80008b28	012f78b3	and	x17,x30,x18	 x30:0x00000000 x18:0x00000000 x17=0x00000000
     420995.000 ns	     42098	80008b2c	00a5dd93	srli	x27,x11,0xa	 x11:0x00000000 x27=0x00000000
     421015.000 ns	     42100	80008b30	c0037b53	fcvt.w.s	x22,f6	  f6:0x7fc00000 x22=0x7fffffff
     421035.000 ns	     42102	80008b34	016c80b3	add	x1,x25,x22	 x25:0x80040fe4 x22:0x000004c1  x1=0x00040fe3
     421075.000 ns	     42106	80008b38	00368553	fadd.s	f10,f13,f3	 f13:0x7fc00000  f3:0x00000000 f10=0x7fc00000
     421095.000 ns	     42108	80008b3c	00bd7f33	and	x30,x26,x11	 x26:0x00000000 x11:0x00000000 x30=0x00000000
     421115.000 ns	     42110	80008b40	20750653	fsgnj.s	f12,f10,f7	 f10:0x7fc00000  f7:0x7fc00000 f12=0x7fc00000
     421135.000 ns	     42112	80008b44	414d0933	sub	x18,x26,x20	 x26:0x00000000 x20:0x30a12ed1 x18=0xcf5ed12f
     421155.000 ns	     42114	80008b48	0246beb3	mulhu	x29,x13,x4	 x13:0x00000000  x4:0x71fffcf6 x29=0x00000000
     421185.000 ns	     42117	80008b4c	200b0dd3	fsgnj.s	f27,f22,f0	 f22:0x7fc00000  f0:0x7fc00000 f27=0x7fc00000
     421225.000 ns	     42121	80008b50	18b9afd3	fdiv.s	f31,f19,f11	 f19:0x7fc00000 f11:0x7fc00000 f31=0x7fc00000
     421245.000 ns	     42123	80008b54	0161c9b3	xor	x19,x3,x22	  x3:0x7ffbe97c x22:0x7fffffff x19=0x00041683
     421265.000 ns	     42125	80008b58	e00b03d3	fmv.x.w	x7,f22	 f22:0x7fc00000  x7=0x7fc00000
     421295.000 ns	     42128	80008b5c	c00f72d3	fcvt.w.s	x5,f30	 f30:0x7fc00000  x5=0x7fffffff
     421315.000 ns	     42130	80008b60	01d51eb3	sll	x29,x10,x29	 x10:0xfffffce4 x29:0x00000000 x29=0xfffffce4
     421325.000 ns	     42131	80008b64	0f75fb93	andi	x23,x11,247	 x11:0x00000000 x23=0x00000000
     421335.000 ns	     42132	80008b68	006b1133	sll	x2,x22,x6	 x22:0x7fffffff  x6:0x80041024  x2=0xfffffff0
     421345.000 ns	     42133	80008b6c	47537393	andi	x7,x6,1141	  x6:0x80041024  x7=0x00000024
     421365.000 ns	     42135	80008b70	0219aab3	mulhsu	x21,x19,x1	 x19:0x00041683  x1:0x00040fe3 x21=0x00000010
     421385.000 ns	     42137	80008b74	00c7de93	srli	x29,x15,0xc	 x15:0x72000000 x29=0x00072000
     421405.000 ns	     42139	80008b78	20969653	fsgnjn.s	f12,f13,f9	 f13:0x7fc00000  f9:0x7fc00000 f12=0xffc00000
     421435.000 ns	     42142	80008b7c	202423d3	fsgnjx.s	f7,f8,f2	  f8:0x7fc00000  f2:0x1f350483  f7=0x7fc00000
     421465.000 ns	     42145	80008b80	a0fd1953	flt.s	x18,f26,f15	 f26:0xcefff7eb f15:0x4a8141a0 x18=0x00000001
     421485.000 ns	     42147	80008b84	e5b5b493	sltiu	x9,x11,-421	 x11:0x00000000  x9=0x00000001
     421505.000 ns	     42149	80008b88	e0021b53	fclass.s	x22,f4	  f4:0xffc00000 x22=0x00000200
     421535.000 ns	     42152	80008b8c	025882b3	mul	x5,x17,x5	 x17:0x00000000  x5:0x7fffffff  x5=0x00000000
     421555.000 ns	     42154	80008b90	00000013	addi	x0,x0,0	  x0:0x00000000
     421915.000 ns	     42190	80008b94	0248c2b3	div	x5,x17,x4	 x17:0x00000000  x4:0x71fffcf6  x5=0x00000000
     421945.000 ns	     42193	80008b98	a01f8a53	fle.s	x20,f31,f1	 f31:0x7fc00000  f1:0x00000001 x20=0x00000000
     421975.000 ns	     42196	80008b9c	031d4eb3	div	x29,x26,x17	 x26:0x00000000 x17:0x00000000 x29=0xffffffff
     421995.000 ns	     42198	80008ba0	00199513	slli	x10,x19,0x1	 x19:0x00041683 x10=0x00082d06
     422005.000 ns	     42199	80008ba4	7fbdea13	ori	x20,x27,2043	 x27:0x00000000 x20=0x000007fb
     422015.000 ns	     42200	80008ba8	656872b7	lui	x5,0x65687	  x5=0x65687000
     422025.000 ns	     42201	80008bac	e7b4b993	sltiu	x19,x9,-389	  x9:0x00000001 x19=0x00000001
     422055.000 ns	     42204	80008bb0	1082f5d3	fmul.s	f11,f5,f8	  f5:0x3f7fffae  f8:0x7fc00000 f11=0x7fc00000
     422075.000 ns	     42206	80008bb4	00029813	slli	x16,x5,0x0	  x5:0x65687000 x16=0x65687000
     422085.000 ns	     42207	80008bb8	0066bb33	sltu	x22,x13,x6	 x13:0x00000000  x6:0x80041024 x22=0x00000001
     422105.000 ns	     42209	80008bbc	29458fd3	fmin.s	f31,f11,f20	 f11:0x7fc00000 f20:0xfffffce4 f31=0x7fc00000
     422155.000 ns	     42214	80008bc0	09aacfd3	fsub.s	f31,f21,f26	 f21:0x00000000 f26:0xcefff7eb f31=0x4efff7eb
     422205.000 ns	     42219	80008bc4	08198cd3	fsub.s	f25,f19,f1	 f19:0x7fc00000  f1:0x00000001 f25=0x7fc00000
     422225.000 ns	     42221	80008bc8	3e633d93	sltiu	x27,x6,998	  x6:0x80041024 x27=0x00000000
     422245.000 ns	     42223	80008bcc	d00287d3	fcvt.s.w	f15,x5	  x5:0x65687000 f15=0x4ecad0e0
     422265.000 ns	     42225	80008bd0	0080c233	xor	x4,x1,x8	  x1:0x00040fe3  x8:0xfffffcd0  x4=0xfffbf333
     422285.000 ns	     42227	80008bd4	d00499d3	fcvt.s.w	f19,x9	  x9:0x00000001 f19=0x3f800000
     422305.000 ns	     42229	80008bd8	017f65b3	or	x11,x30,x23	 x30:0x00000000 x23:0x00000000 x11=0x00000000
     422315.000 ns	     42230	80008bdc	146bb513	sltiu	x10,x23,326	 x23:0x00000000 x10=0x00000001
     422325.000 ns	     42231	80008be0	008a3633	sltu	x12,x20,x8	 x20:0x000007fb  x8:0xfffffcd0 x12=0x00000001
     422365.000 ns	     42235	80008be4	00e17953	fadd.s	f18,f2,f14	  f2:0x1f350483 f14:0x00000000 f18=0x1f350483
     422395.000 ns	     42238	80008be8	e00b0bd3	fmv.x.w	x23,f22	 f22:0x7fc00000 x23=0x7fc00000
     422445.000 ns	     42243	80008bec	0100fa53	fadd.s	f20,f1,f16	  f1:0x00000001 f16:0x00000000 f20=0x00000001
     422465.000 ns	     42245	80008bf0	00000013	addi	x0,x0,0	  x0:0x00000000
     422475.000 ns	     42246	80008bf4	7fb2e713	ori	x14,x5,2043	  x5:0x65687000 x14=0x656877fb
     422485.000 ns	     42247	80008bf8	01bddb13	srli	x22,x27,0x1b	 x27:0x00000000 x22=0x00000000
     422505.000 ns	     42249	80008bfc	c01e33d3	fcvt.wu.s	x7,f28	 f28:0xc4470000  x7=0x0000031c
     422525.000 ns	     42251	80008c00	015a02b3	add	x5,x20,x21	 x20:0x000007fb x21:0x00000010  x5=0x0000080b
     422535.000 ns	     42252	80008c04	401550b3	sra	x1,x10,x1	 x10:0x00000001  x1:0x00040fe3  x1=0x00000000
     422545.000 ns	     42253	80008c08	017263b3	or	x7,x4,x23	  x4:0xfffbf333 x23:0x7fc00000  x7=0xfffbf333
     422555.000 ns	     42254	80008c0c	01d3f0b3	and	x1,x7,x29	  x7:0x0000031c x29:0xffffffff  x1=0xfffbf333
     422885.000 ns	     42287	80008c10	181288d3	fdiv.s	f17,f5,f1	  f5:0x3f7fffae  f1:0x00000001 f17=0x7e34b47c
     423255.000 ns	     42324	80008c14	0374c2b3	div	x5,x9,x23	  x9:0x00000001 x23:0x7fc00000  x5=0x00000000
     423295.000 ns	     42328	80008c18	580e4453	fsqrt.s	f8,f28	 f28:0xc4470000  f8=0x7fc00000
     423665.000 ns	     42365	80008c1c	02eec0b3	div	x1,x29,x14	 x29:0xffffffff x14:0x656877fb  x1=0x00000000
     423705.000 ns	     42369	80008c20	18358ed3	fdiv.s	f29,f11,f3	 f11:0x7fc00000  f3:0x00000000 f29=0x7fc00000
     423755.000 ns	     42374	80008c24	00eb2153	fadd.s	f2,f22,f14	 f22:0x7fc00000 f14:0x00000000  f2=0x7fc00000
     423785.000 ns	     42377	80008c28	21fc8853	fsgnj.s	f16,f25,f31	 f25:0x7fc00000 f31:0x4efff7eb f16=0x7fc00000
     423825.000 ns	     42381	80008c2c	19adfcd3	fdiv.s	f25,f27,f26	 f27:0x7fc00000 f26:0xcefff7eb f25=0x7fc00000
     423845.000 ns	     42383	80008c30	01f18193	addi	x3,x3,31	  x3:0x7ffbe97c  x3=0x7ffbe99b
     423865.000 ns	     42385	80008c34	c00dcbd3	fcvt.w.s	x23,f27	 f27:0x7fc00000 x23=0x7fffffff
     423885.000 ns	     42387	80008c38	00d21633	sll	x12,x4,x13	  x4:0xfffbf333 x13:0x00000000 x12=0xfffbf333
     423905.000 ns	     42389	80008c3c	2177a9d3	fsgnjx.s	f19,f15,f23	 f15:0x4ecad0e0 f23:0x7fc00000 f19=0x4ecad0e0
     423935.000 ns	     42392	80008c40	e0048453	fmv.x.w	x8,f9	  f9:0x7fc00000  x8=0x7fc00000
     423965.000 ns	     42395	80008c44	293c0453	fmin.s	f8,f24,f19	 f24:0x00000001 f19:0x4ecad0e0  f8=0x00000001
     423995.000 ns	     42398	80008c48	d0077e53	fcvt.s.w	f28,x14	 x14:0x656877fb f28=0x4ecad0ef
     424025.000 ns	     42401	80008c4c	d0137f53	fcvt.s.wu	f30,x6	  x6:0x80041024 f30=0x4f000410
     424045.000 ns	     42403	80008c50	0152b733	sltu	x14,x5,x21	  x5:0x00000000 x21:0x00000010 x14=0x00000001
     424055.000 ns	     42404	80008c54	00be35b3	sltu	x11,x28,x11	 x28:0xf506f533 x11:0x00000000 x11=0x00000000
     424075.000 ns	     42406	80008c58	d00b71d3	fcvt.s.w	f3,x22	 x22:0x00000000  f3=0x00000000
     424105.000 ns	     42409	80008c5c	a1479953	flt.s	x18,f15,f20	 f15:0x4ecad0e0 f20:0x00000001 x18=0x00000000
     424135.000 ns	     42412	80008c60	20dc9553	fsgnjn.s	f10,f25,f13	 f25:0x7fc00000 f13:0x7fc00000 f10=0xffc00000
     424165.000 ns	     42415	80008c64	d0110cd3	fcvt.s.wu	f25,x2	  x2:0xfffffff0 f25=0x4f800000
     424195.000 ns	     42418	80008c68	a045a1d3	feq.s	x3,f11,f4	 f11:0x7fc00000  f4:0xffc00000  x3=0x00000000
     424215.000 ns	     42420	80008c6c	7501b993	sltiu	x19,x3,1872	  x3:0x7ffbe99b x19=0x00000001
     424235.000 ns	     42422	80008c70	a1f02453	feq.s	x8,f0,f31	  f0:0x7fc00000 f31:0x4efff7eb  x8=0x00000000
     424255.000 ns	     42424	80008c74	01629693	slli	x13,x5,0x16	  x5:0x00000000 x13=0x00000000
     424265.000 ns	     42425	80008c78	458cedb7	lui	x27,0x458ce	 x27=0x458ce000
     425435.000 ns	     42542	80008c7c	5807a3d3	fsqrt.s	f7,f15	 f15:0x4ecad0e0  f7=0x47211f56
     425465.000 ns	     42545	80008c80	d00d70d3	fcvt.s.w	f1,x26	 x26:0x00000000  f1=0x00000000
     425485.000 ns	     42547	80008c84	254d6c37	lui	x24,0x254d6	 x24=0x254d6000
     425495.000 ns	     42548	80008c88	81d27813	andi	x16,x4,-2019	  x4:0xfffbf333 x16=0xfffbf011
     425505.000 ns	     42549	80008c8c	014e1bb3	sll	x23,x28,x20	 x28:0xf506f533 x20:0x000007fb x23=0x98000000
     425515.000 ns	     42550	80008c90	01000933	add	x18,x0,x16	  x0:0x00000000 x16:0x65687000 x18=0xfffbf011
     425525.000 ns	     42551	80008c94	000febb3	or	x23,x31,x0	 x31:0x00000000  x0:0x00000000 x23=0x00000000
     425535.000 ns	     42552	80008c98	00000013	addi	x0,x0,0	  x0:0x00000000
     425545.000 ns	     42553	80008c9c	010f96b3	sll	x13,x31,x16	 x31:0x00000000 x16:0xfffbf011 x13=0x00000000
     425565.000 ns	     42555	80008ca0	0243b1b3	mulhu	x3,x7,x4	  x7:0xfffbf333  x4:0xfffbf333  x3=0xfff7e676
     425585.000 ns	     42557	80008ca4	71153537	lui	x10,0x71153	 x10=0x71153000
     425605.000 ns	     42559	80008ca8	a13411d3	flt.s	x3,f8,f19	  f8:0x00000001 f19:0x4ecad0e0  x3=0x00000001
     425645.000 ns	     42563	80008cac	1097f353	fmul.s	f6,f15,f9	 f15:0x4ecad0e0  f9:0x7fc00000  f6=0x7fc00000
     426825.000 ns	     42681	80008cb0	58099353	fsqrt.s	f6,f19	 f19:0x4ecad0e0  f6=0x47211f56
     426845.000 ns	     42683	80008cb4	5f66a797	auipc	x15,0x5f66a	 x15=0xdf672cb4
     426865.000 ns	     42685	80008cb8	026a2fb3	mulhsu	x31,x20,x6	 x20:0x000007fb  x6:0x80041024 x31=0x000003fd
     426885.000 ns	     42687	80008cbc	00911493	slli	x9,x2,0x9	  x2:0xfffffff0  x9=0xffffe000
     426895.000 ns	     42688	80008cc0	01cc9eb3	sll	x29,x25,x28	 x25:0x80040fe4 x28:0xf506f533 x29=0x7f200000
     426905.000 ns	     42689	80008cc4	3ebf6013	ori	x0,x30,1003	 x30:0x00000000
     427265.000 ns	     42725	80008cc8	03d06bb3	rem	x23,x0,x29	  x0:0x00000000 x29:0xffffffff x23=0x00000000
     427285.000 ns	     42727	80008ccc	008ef633	and	x12,x29,x8	 x29:0x7f200000  x8:0x00000000 x12=0x00000000
     427305.000 ns	     42729	80008cd0	21fea753	fsgnjx.s	f14,f29,f31	 f29:0x7fc00000 f31:0x4efff7eb f14=0x7fc00000
     427325.000 ns	     42731	80008cd4	012febb3	or	x23,x31,x18	 x31:0x000003fd x18:0xfffbf011 x23=0xfffbf3fd
     427685.000 ns	     42767	80008cd8	038c5033	divu	x0,x24,x24	 x24:0x254d6000 x24:0x254d6000
     427705.000 ns	     42769	80008cdc	4044db33	sra	x22,x9,x4	  x9:0xffffe000  x4:0xfffbf333 x22=0xffffffff
     427715.000 ns	     42770	80008ce0	01bdd093	srli	x1,x27,0x1b	 x27:0x458ce000  x1=0x00000008
     427735.000 ns	     42772	80008ce4	028f2db3	mulhsu	x27,x30,x8	 x30:0x00000000  x8:0x00000000 x27=0x00000000
     427755.000 ns	     42774	80008ce8	92969797	auipc	x15,0x92969	 x15=0x12971ce8
     428085.000 ns	     42807	80008cec	18847753	fdiv.s	f14,f8,f8	  f8:0x00000001  f8:0x00000001 f14=0x33b4b4b7
     428455.000 ns	     42844	80008cf0	0274c733	div	x14,x9,x7	  x9:0xffffe000  x7:0xfffbf333 x14=0x00000000
     428485.000 ns	     42847	80008cf4	205521d3	fsgnjx.s	f3,f10,f5	 f10:0xffc00000  f5:0x3f7fffae  f3=0xffc00000
     428515.000 ns	     42850	80008cf8	a0b6a953	feq.s	x18,f13,f11	 f13:0x7fc00000 f11:0x7fc00000 x18=0x00000000
     428535.000 ns	     42852	80008cfc	5337b493	sltiu	x9,x15,1331	 x15:0x12971ce8  x9=0x00000000
     428545.000 ns	     42853	80008d00	0140bf33	sltu	x30,x1,x20	  x1:0x00000008 x20:0x000007fb x30=0x00000001
     428555.000 ns	     42854	80008d04	00851833	sll	x16,x10,x8	 x10:0x71153000  x8:0x00000000 x16=0x71153000
     428575.000 ns	     42856	80008d08	e00e94d3	fclass.s	x9,f29	 f29:0x7fc00000  x9=0x00000200
     428605.000 ns	     42859	80008d0c	294f0253	fmin.s	f4,f30,f20	 f30:0x4f000410 f20:0x00000001  f4=0x00000001
     428625.000 ns	     42861	80008d10	01cfd593	srli	x11,x31,0x1c	 x31:0x000003fd x11=0x00000000
     428645.000 ns	     42863	80008d14	c00ff653	fcvt.w.s	x12,f31	 f31:0x4efff7eb x12=0x7ffbf580
     428695.000 ns	     42868	80008d18	00407bd3	fadd.s	f23,f0,f4	  f0:0x7fc00000  f4:0x00000001 f23=0x7fc00000
     428745.000 ns	     42873	80008d1c	01477fd3	fadd.s	f31,f14,f20	 f14:0x33b4b4b7 f20:0x00000001 f31=0x33b4b4b7
     428775.000 ns	     42876	80008d20	038e0133	mul	x2,x28,x24	 x28:0xf506f533 x24:0x254d6000  x2=0xbb4a2000
     428805.000 ns	     42879	80008d24	f00e8153	fmv.w.x	f2,x29	 x29:0x7f200000  f2=0x7f200000
     429985.000 ns	     42997	80008d28	580caed3	fsqrt.s	f29,f25	 f25:0x4f800000 f29=0x477fffae
     430005.000 ns	     42999	80008d2c	a470fb93	andi	x23,x1,-1465	  x1:0x00000008 x23=0x00000000
     430025.000 ns	     43001	80008d30	02de5d33	divu	x26,x28,x13	 x28:0xf506f533 x13:0x00000000 x26=0xffffffff
     430045.000 ns	     43003	80008d34	40c38ab3	sub	x21,x7,x12	  x7:0xfffbf333 x12:0x7ffbf580 x21=0x7ffffdb3
     430085.000 ns	     43007	80008d38	096b73d3	fsub.s	f7,f22,f22	 f22:0x7fc00000 f22:0x7fc00000  f7=0x7fc00000
     430105.000 ns	     43009	80008d3c	00e43a33	sltu	x20,x8,x14	  x8:0x00000000 x14:0x00000000 x20=0x00000000
     430125.000 ns	     43011	80008d40	d009bc53	fcvt.s.w	f24,x19	 x19:0x00000001 f24=0x3f800000
     430155.000 ns	     43014	80008d44	a19406d3	fle.s	x13,f8,f25	  f8:0x00000001 f25:0x4f800000 x13=0x00000001
     430185.000 ns	     43017	80008d48	d01af053	fcvt.s.wu	f0,x21	 x21:0x7ffffdb3  f0=0x4efffffb
     430215.000 ns	     43020	80008d4c	02f88eb3	mul	x29,x17,x15	 x17:0x00000000 x15:0x12971ce8 x29=0x00000000
     430235.000 ns	     43022	80008d50	00235233	srl	x4,x6,x2	  x6:0x80041024  x2:0xbb4a2000  x4=0x80041024
     431405.000 ns	     43139	80008d54	5807fbd3	fsqrt.s	f23,f15	 f15:0x4ecad0e0 f23=0x47211f56
     431425.000 ns	     43141	80008d58	005c9f13	slli	x30,x25,0x5	 x25:0x80040fe4 x30=0x0081fc80
     431435.000 ns	     43142	80008d5c	40cb5193	srai	x3,x22,0xc	 x22:0xffffffff  x3=0xffffffff
     431795.000 ns	     43178	80008d60	02f349b3	div	x19,x6,x15	  x6:0x80041024 x15:0x12971ce8 x19=0xfffffffa
     431815.000 ns	     43180	80008d64	4eb4a293	slti	x5,x9,1259	  x9:0x00000200  x5=0x00000001
     431845.000 ns	     43183	80008d68	1976fe53	fdiv.s	f28,f13,f23	 f13:0x7fc00000 f23:0x47211f56 f28=0x7fc00000
     431875.000 ns	     43186	80008d6c	a1348953	fle.s	x18,f9,f19	  f9:0x7fc00000 f19:0x4ecad0e0 x18=0x00000000
     431895.000 ns	     43188	80008d70	00415a13	srli	x20,x2,0x4	  x2:0xbb4a2000 x20=0x0bb4a200
     431915.000 ns	     43190	80008d74	0284d0b3	divu	x1,x9,x8	  x9:0x00000200  x8:0x00000000  x1=0xffffffff
     431945.000 ns	     43193	80008d78	e0051fd3	fclass.s	x31,f10	 f10:0xffc00000 x31=0x00000200
     431965.000 ns	     43195	80008d7c	402489b3	sub	x19,x9,x2	  x9:0x00000200  x2:0xbb4a2000 x19=0x44b5e200
     432325.000 ns	     43231	80008d80	0258d633	divu	x12,x17,x5	 x17:0x00000000  x5:0x00000001 x12=0x00000000
     432355.000 ns	     43234	80008d84	21b003d3	fsgnj.s	f7,f0,f27	  f0:0x4efffffb f27:0x7fc00000  f7=0x4efffffb
     432385.000 ns	     43237	80008d88	e00b0ed3	fmv.x.w	x29,f22	 f22:0x7fc00000 x29=0x7fc00000
     432415.000 ns	     43240	80008d8c	03aa8833	mul	x16,x21,x26	 x21:0x7ffffdb3 x26:0xffffffff x16=0x8000024d
     432445.000 ns	     43243	80008d90	021730b3	mulhu	x1,x14,x1	 x14:0x00000000  x1:0xffffffff  x1=0x00000000
     432485.000 ns	     43247	80008d94	19692353	fdiv.s	f6,f18,f22	 f18:0x1f350483 f22:0x7fc00000  f6=0x7fc00000
     432515.000 ns	     43250	80008d98	216291d3	fsgnjn.s	f3,f5,f22	  f5:0x3f7fffae f22:0x7fc00000  f3=0xbf7fffae
     432545.000 ns	     43253	80008d9c	20279b53	fsgnjn.s	f22,f15,f2	 f15:0x4ecad0e0  f2:0x7f200000 f22=0xcecad0e0
     432565.000 ns	     43255	80008da0	e8dbf293	andi	x5,x23,-371	 x23:0x00000000  x5=0x00000000
     432575.000 ns	     43256	80008da4	87d08513	addi	x10,x1,-1923	  x1:0x00000000 x10=0xfffff87d
     432585.000 ns	     43257	80008da8	41e484b3	sub	x9,x9,x30	  x9:0x00000200 x30:0x0081fc80  x9=0xff7e0580
     432595.000 ns	     43258	80008dac	00000013	addi	x0,x0,0	  x0:0x00000000
     432615.000 ns	     43260	80008db0	c01436d3	fcvt.wu.s	x13,f8	  f8:0x00000001 x13=0x00000000
     432645.000 ns	     43263	80008db4	02479633	mulh	x12,x15,x4	 x15:0x12971ce8  x4:0x80041024 x12=0xf6b4bd14
     432675.000 ns	     43266	80008db8	e00c81d3	fmv.x.w	x3,f25	 f25:0x4f800000  x3=0x4f800000
     432695.000 ns	     43268	80008dbc	412b58b3	sra	x17,x22,x18	 x22:0xffffffff x18:0x00000000 x17=0xffffffff
     432715.000 ns	     43270	80008dc0	024e9bb3	mulh	x23,x29,x4	 x29:0x7fc00000  x4:0x80041024 x23=0xc022070d
     432745.000 ns	     43273	80008dc4	d0169153	fcvt.s.wu	f2,x13	 x13:0x00000000  f2=0x00000000
     433085.000 ns	     43307	80008dc8	19ebf653	fdiv.s	f12,f23,f30	 f23:0x47211f56 f30:0x4f000410 f12=0x37211f56
     433115.000 ns	     43310	80008dcc	02f531b3	mulhu	x3,x10,x15	 x10:0xfffff87d x15:0x12971ce8  x3=0x12971c5c
     433485.000 ns	     43347	80008dd0	02466c33	rem	x24,x12,x4	 x12:0xf6b4bd14  x4:0x80041024 x24=0xf6b4bd14
     433535.000 ns	     43352	80008dd4	01b54753	fadd.s	f14,f10,f27	 f10:0xffc00000 f27:0x7fc00000 f14=0x7fc00000
     433555.000 ns	     43354	80008dd8	0103a1b3	slt	x3,x7,x16	  x7:0xfffbf333 x16:0x8000024d  x3=0x00000000
     433575.000 ns	     43356	80008ddc	a14e99d3	flt.s	x19,f29,f20	 f29:0x477fffae f20:0x00000001 x19=0x00000000
     433605.000 ns	     43359	80008de0	0377a733	mulhsu	x14,x15,x23	 x15:0x12971ce8 x23:0xc022070d x14=0x0df3ce42
     433625.000 ns	     43361	80008de4	40add0b3	sra	x1,x27,x10	 x27:0x00000000 x10:0xfffff87d  x1=0x00000000
     433635.000 ns	     43362	80008de8	bf1ef593	andi	x11,x29,-1039	 x29:0x7fc00000 x11=0x7fc00000
     433645.000 ns	     43363	80008dec	019164b3	or	x9,x2,x25	  x2:0xbb4a2000 x25:0x80040fe4  x9=0xbb4e2fe4
     433655.000 ns	     43364	80008df0	40528533	sub	x10,x5,x5	  x5:0x00000000  x5:0x00000000 x10=0x00000000
     433665.000 ns	     43365	80008df4	01fb0f33	add	x30,x22,x31	 x22:0xffffffff x31:0x00000200 x30=0x000001ff
     433675.000 ns	     43366	80008df8	00637f33	and	x30,x6,x6	  x6:0x80041024  x6:0x80041024 x30=0x80041024
     433685.000 ns	     43367	80008dfc	01c966b3	or	x13,x18,x28	 x18:0x00000000 x28:0xf506f533 x13=0xf506f533
     433725.000 ns	     43371	80008e00	085c7153	fsub.s	f2,f24,f5	 f24:0x3f800000  f5:0x3f7fffae  f2=0x36a40000
     433745.000 ns	     43373	80008e04	95ee6d93	ori	x27,x28,-1698	 x28:0xf506f533 x27=0xfffffd7f
     433765.000 ns	     43375	80008e08	28909453	fmax.s	f8,f1,f9	  f1:0x00000000  f9:0x7fc00000  f8=0x00000000
     433795.000 ns	     43378	80008e0c	a09e2fd3	feq.s	x31,f28,f9	 f28:0x7fc00000  f9:0x7fc00000 x31=0x00000000
     433815.000 ns	     43380	80008e10	00258233	add	x4,x11,x2	 x11:0x7fc00000  x2:0xbb4a2000  x4=0x3b0a2000
     433835.000 ns	     43382	80008e14	a0031dd3	flt.s	x27,f6,f0	  f6:0x7fc00000  f0:0x4efffffb x27=0x00000000
     433855.000 ns	     43384	80008e18	1d9a8f93	addi	x31,x21,473	 x21:0x7ffffdb3 x31=0x7fffff8c
     433865.000 ns	     43385	80008e1c	1dd88f93	addi	x31,x17,477	 x17:0xffffffff x31=0x000001dc
     433905.000 ns	     43389	80008e20	09143853	fsub.s	f16,f8,f17	  f8:0x00000000 f17:0x7e34b47c f16=0xfe34b47c
     433925.000 ns	     43391	80008e24	4faaaa93	slti	x21,x21,1274	 x21:0x7ffffdb3 x21=0x00000000
     433955.000 ns	     43394	80008e28	184e73d3	fdiv.s	f7,f28,f4	 f28:0x7fc00000  f4:0x00000001  f7=0x7fc00000
     433985.000 ns	     43397	80008e2c	e0098dd3	fmv.x.w	x27,f19	 f19:0x4ecad0e0 x27=0x4ecad0e0
     434005.000 ns	     43399	80008e30	01c4f833	and	x16,x9,x28	  x9:0xbb4e2fe4 x28:0xf506f533 x16=0xb1062520
     434015.000 ns	     43400	80008e34	4361c513	xori	x10,x3,1078	  x3:0x00000000 x10=0x00000436
     434035.000 ns	     43402	80008e38	02049fb3	mulh	x31,x9,x0	  x9:0xbb4e2fe4  x0:0x00000000 x31=0x00000000
     434055.000 ns	     43404	80008e3c	014325b3	slt	x11,x6,x20	  x6:0x80041024 x20:0x0bb4a200 x11=0x00000001
     434075.000 ns	     43406	80008e40	a09ca0d3	feq.s	x1,f25,f9	 f25:0x4f800000  f9:0x7fc00000  x1=0x00000000
     434095.000 ns	     43408	80008e44	86187093	andi	x1,x16,-1951	 x16:0xb1062520  x1=0xb1062020
     434115.000 ns	     43410	80008e48	02e0a4b3	mulhsu	x9,x1,x14	  x1:0x00000000 x14:0x0df3ce42  x9=0xfbb218d0
     434145.000 ns	     43413	80008e4c	a0558fd3	fle.s	x31,f11,f5	 f11:0x7fc00000  f5:0x3f7fffae x31=0x00000000
     434185.000 ns	     43417	80008e50	11ecf553	fmul.s	f10,f25,f30	 f25:0x4f800000 f30:0x4f000410 f10=0x5f000410
     434215.000 ns	     43420	80008e54	02388533	mul	x10,x17,x3	 x17:0xffffffff  x3:0x00000000 x10=0x00000000
     434235.000 ns	     43422	80008e58	77953f93	sltiu	x31,x10,1913	 x10:0x00000436 x31=0x00000001
     434255.000 ns	     43424	80008e5c	039283b3	mul	x7,x5,x25	  x5:0x00000000 x25:0x80040fe4  x7=0x00000000
     434285.000 ns	     43427	80008e60	20dea3d3	fsgnjx.s	f7,f29,f13	 f29:0x477fffae f13:0x7fc00000  f7=0x477fffae
     434305.000 ns	     43429	80008e64	20ab3d13	sltiu	x26,x22,522	 x22:0xffffffff x26=0x00000000
     434325.000 ns	     43431	80008e68	28d89f53	fmax.s	f30,f17,f13	 f17:0x7e34b47c f13:0x7fc00000 f30=0x7e34b47c
     434695.000 ns	     43468	80008e6c	02bc5733	divu	x14,x24,x11	 x24:0xf6b4bd14 x11:0x00000001 x14=0xf6b4bd14
     435065.000 ns	     43505	80008e70	037d78b3	remu	x17,x26,x23	 x26:0x00000000 x23:0xc022070d x17=0x00000000
     435085.000 ns	     43507	80008e74	45d32593	slti	x11,x6,1117	  x6:0x80041024 x11=0x00000001
     435105.000 ns	     43509	80008e78	f0098c53	fmv.w.x	f24,x19	 x19:0x00000000 f24=0x00000000
     435125.000 ns	     43511	80008e7c	dd4f7813	andi	x16,x30,-556	 x30:0x80041024 x16=0x80041004
     435145.000 ns	     43513	80008e80	a046a553	feq.s	x10,f13,f4	 f13:0x7fc00000  f4:0x00000001 x10=0x00000000
     435175.000 ns	     43516	80008e84	a10e9b53	flt.s	x22,f29,f16	 f29:0x477fffae f16:0xfe34b47c x22=0x00000000
     435195.000 ns	     43518	80008e88	00981113	slli	x2,x16,0x9	 x16:0x80041004  x2=0x08200800
     435215.000 ns	     43520	80008e8c	c019ffd3	fcvt.wu.s	x31,f19	 f19:0x4ecad0e0 x31=0x65687000
     435245.000 ns	     43523	80008e90	20e7ab53	fsgnjx.s	f22,f15,f14	 f15:0x4ecad0e0 f14:0x7fc00000 f22=0x4ecad0e0
     435275.000 ns	     43526	80008e94	29870353	fmin.s	f6,f14,f24	 f14:0x7fc00000 f24:0x00000000  f6=0x00000000
     435305.000 ns	     43529	80008e98	0296b1b3	mulhu	x3,x13,x9	 x13:0xf506f533  x9:0xfbb218d0  x3=0xf0e848ff
     435325.000 ns	     43531	80008e9c	0163dd33	srl	x26,x7,x22	  x7:0x00000000 x22:0x00000000 x26=0x00000000
     435345.000 ns	     43533	80008ea0	021c8233	mul	x4,x25,x1	 x25:0x80040fe4  x1:0xb1062020  x4=0x85d67c80
     435365.000 ns	     43535	80008ea4	400f5a13	srai	x20,x30,0x0	 x30:0x80041024 x20=0x80041024
     435385.000 ns	     43537	80008ea8	02fc00b3	mul	x1,x24,x15	 x24:0xf6b4bd14 x15:0x12971ce8  x1=0x47458a20
     435405.000 ns	     43539	80008eac	40db57b3	sra	x15,x22,x13	 x22:0x00000000 x13:0xf506f533 x15=0x00000000
     435425.000 ns	     43541	80008eb0	e00300d3	fmv.x.w	x1,f6	  f6:0x00000000  x1=0x00000000
     435455.000 ns	     43544	80008eb4	294a9d53	fmax.s	f26,f21,f20	 f21:0x00000000 f20:0x00000001 f26=0x00000001
     435475.000 ns	     43546	80008eb8	4175dd93	srai	x27,x11,0x17	 x11:0x00000001 x27=0x00000000
     435495.000 ns	     43548	80008ebc	e0000953	fmv.x.w	x18,f0	  f0:0x4efffffb x18=0x4efffffb
     435515.000 ns	     43550	80008ec0	00da24b3	slt	x9,x20,x13	 x20:0x80041024 x13:0xf506f533  x9=0x00000001
     435845.000 ns	     43583	80008ec4	1809f853	fdiv.s	f16,f19,f0	 f19:0x4ecad0e0  f0:0x4efffffb f16=0x3f4ad0e0
     435865.000 ns	     43585	80008ec8	00061293	slli	x5,x12,0x0	 x12:0xf6b4bd14  x5=0xf6b4bd14
     436225.000 ns	     43621	80008ecc	030152b3	divu	x5,x2,x16	  x2:0x08200800 x16:0x80041004  x5=0x00000000
     436245.000 ns	     43623	80008ed0	0016d033	srl	x0,x13,x1	 x13:0xf506f533  x1:0x00000000
     436265.000 ns	     43625	80008ed4	a0ab20d3	feq.s	x1,f22,f10	 f22:0x4ecad0e0 f10:0x5f000410  x1=0x00000000
     436285.000 ns	     43627	80008ed8	40645f93	srai	x31,x8,0x6	  x8:0x00000000 x31=0x00000000
     436295.000 ns	     43628	80008edc	dad0f413	andi	x8,x1,-595	  x1:0x00000000  x8=0x00000000
     436315.000 ns	     43630	80008ee0	a06c2453	feq.s	x8,f24,f6	 f24:0x00000000  f6:0x00000000  x8=0x00000001
     436335.000 ns	     43632	80008ee4	8aa3f1b7	lui	x3,0x8aa3f	  x3=0x8aa3f000
     436355.000 ns	     43634	80008ee8	c0117453	fcvt.wu.s	x8,f2	  f2:0x36a40000  x8=0x00000000
     436725.000 ns	     43671	80008eec	02c07fb3	remu	x31,x0,x12	  x0:0x00000000 x12:0xf6b4bd14 x31=0x00000000
     436775.000 ns	     43676	80008ef0	01c6f653	fadd.s	f12,f13,f28	 f13:0x7fc00000 f28:0x7fc00000 f12=0x7fc00000
     436805.000 ns	     43679	80008ef4	28440253	fmin.s	f4,f8,f4	  f8:0x00000000  f4:0x00000001  f4=0x00000000
     436835.000 ns	     43682	80008ef8	d012fed3	fcvt.s.wu	f29,x5	  x5:0x00000000 f29=0x00000000
     437205.000 ns	     43719	80008efc	02d270b3	remu	x1,x4,x13	  x4:0x85d67c80 x13:0xf506f533  x1=0x85d67c80
     437225.000 ns	     43721	80008f00	00e8bbb3	sltu	x23,x17,x14	 x17:0x00000000 x14:0xf6b4bd14 x23=0x00000001
     437245.000 ns	     43723	80008f04	e00e1bd3	fclass.s	x23,f28	 f28:0x7fc00000 x23=0x00000200
     437275.000 ns	     43726	80008f08	209e1ed3	fsgnjn.s	f29,f28,f9	 f28:0x7fc00000  f9:0x7fc00000 f29=0xffc00000
     437295.000 ns	     43728	80008f0c	14c7e113	ori	x2,x15,332	 x15:0x00000000  x2=0x0000014c
     437305.000 ns	     43729	80008f10	01448fb3	add	x31,x9,x20	  x9:0x00000001 x20:0x80041024 x31=0x80041025
     437315.000 ns	     43730	80008f14	018a9513	slli	x10,x21,0x18	 x21:0x00000000 x10=0x00000000
     437335.000 ns	     43732	80008f18	21f2a7d3	fsgnjx.s	f15,f5,f31	  f5:0x3f7fffae f31:0x33b4b4b7 f15=0x3f7fffae
     437365.000 ns	     43735	80008f1c	a10b26d3	feq.s	x13,f22,f16	 f22:0x4ecad0e0 f16:0x3f4ad0e0 x13=0x00000000
     437395.000 ns	     43738	80008f20	d00ca153	fcvt.s.w	f2,x25	 x25:0x80040fe4  f2=0xcefff7e1
     437765.000 ns	     43775	80008f24	02174a33	div	x20,x14,x1	 x14:0xf6b4bd14  x1:0x85d67c80 x20=0x00000000
     437795.000 ns	     43778	80008f28	c00cfd53	fcvt.w.s	x26,f25	 f25:0x4f800000 x26=0x7fffffff
     437825.000 ns	     43781	80008f2c	d019f7d3	fcvt.s.wu	f15,x19	 x19:0x00000000 f15=0x00000000
     437845.000 ns	     43783	80008f30	01921c13	slli	x24,x4,0x19	  x4:0x85d67c80 x24=0x00000000
     437875.000 ns	     43786	80008f34	58067953	fsqrt.s	f18,f12	 f12:0x7fc00000 f18=0x7fc00000
     437895.000 ns	     43788	80008f38	00434db3	xor	x27,x6,x4	  x6:0x80041024  x4:0x85d67c80 x27=0x05d26ca4
     438255.000 ns	     43824	80008f3c	032debb3	rem	x23,x27,x18	 x27:0x00000000 x18:0x4efffffb x23=0x05d26ca4
     438275.000 ns	     43826	80008f40	01d855b3	srl	x11,x16,x29	 x16:0x80041004 x29:0x7fc00000 x11=0x80041004
     438285.000 ns	     43827	80008f44	c54c8693	addi	x13,x25,-940	 x25:0x80040fe4 x13=0x80040c38
     438645.000 ns	     43863	80008f48	0221e7b3	rem	x15,x3,x2	  x3:0x8aa3f000  x2:0x0000014c x15=0xffffff4c
     438665.000 ns	     43865	80008f4c	8af90493	addi	x9,x18,-1873	 x18:0x4efffffb  x9=0x4efff8aa
     438675.000 ns	     43866	80008f50	00a865b3	or	x11,x16,x10	 x16:0x80041004 x10:0x00000000 x11=0x80041004
     438695.000 ns	     43868	80008f54	200daad3	fsgnjx.s	f21,f27,f0	 f27:0x7fc00000  f0:0x4efffffb f21=0x7fc00000
     438715.000 ns	     43870	80008f58	018a7a33	and	x20,x20,x24	 x20:0x00000000 x24:0x00000000 x20=0x00000000
     438745.000 ns	     43873	80008f5c	10f8f2d3	fmul.s	f5,f17,f15	 f17:0x7e34b47c f15:0x00000000  f5=0x00000000
     438765.000 ns	     43875	80008f60	41c184b3	sub	x9,x3,x28	  x3:0x8aa3f000 x28:0xf506f533  x9=0x959cfacd
     438775.000 ns	     43876	80008f64	01071a33	sll	x20,x14,x16	 x14:0xf6b4bd14 x16:0x80041004 x20=0x6b4bd140
     438785.000 ns	     43877	80008f68	41d6dd93	srai	x27,x13,0x1d	 x13:0x80040c38 x27=0xfffffffc
     438795.000 ns	     43878	80008f6c	01a8d533	srl	x10,x17,x26	 x17:0x00000000 x26:0x7fffffff x10=0x00000000
     438805.000 ns	     43879	80008f70	90ed2113	slti	x2,x26,-1778	 x26:0x7fffffff  x2=0x00000000
     438825.000 ns	     43881	80008f74	c003cf53	fcvt.w.s	x30,f7	  f7:0x477fffae x30=0x00010000
     439195.000 ns	     43918	80008f78	0322f1b3	remu	x3,x5,x18	  x5:0x00000000 x18:0x4efffffb  x3=0x00000000
     439225.000 ns	     43921	80008f7c	e00f9c53	fclass.s	x24,f31	 f31:0x33b4b4b7 x24=0x00000040
     439255.000 ns	     43924	80008f80	29261ad3	fmax.s	f21,f12,f18	 f12:0x7fc00000 f18:0x7fc00000 f21=0x7fc00000
     439285.000 ns	     43927	80008f84	027e5933	divu	x18,x28,x7	 x28:0xf506f533  x7:0x00000000 x18=0xffffffff
     439305.000 ns	     43929	80008f88	41e4d913	srai	x18,x9,0x1e	  x9:0x959cfacd x18=0xfffffffe
     439325.000 ns	     43931	80008f8c	d018f8d3	fcvt.s.wu	f17,x17	 x17:0x00000000 f17=0x00000000
     439345.000 ns	     43933	80008f90	b596bf13	sltiu	x30,x13,-1191	 x13:0x80040c38 x30=0x00000001
     439365.000 ns	     43935	80008f94	c00c7153	fcvt.w.s	x2,f24	 f24:0x00000000  x2=0x00000000
     439395.000 ns	     43938	80008f98	a00017d3	flt.s	x15,f0,f0	  f0:0x4efffffb  f0:0x4efffffb x15=0x00000000
     439445.000 ns	     43943	80008f9c	00f136d3	fadd.s	f13,f2,f15	  f2:0xcefff7e1 f15:0x00000000 f13=0xcefff7e1
     439465.000 ns	     43945	80008fa0	8ee1c813	xori	x16,x3,-1810	  x3:0x00000000 x16=0xfffff8ee
     439475.000 ns	     43946	80008fa4	013b2db3	slt	x27,x22,x19	 x22:0x00000000 x19:0x00000000 x27=0x00000000
     439485.000 ns	     43947	80008fa8	005527b3	slt	x15,x10,x5	 x10:0x00000000  x5:0x00000000 x15=0x00000000
     439505.000 ns	     43949	80008fac	0230b3b3	mulhu	x7,x1,x3	  x1:0x85d67c80  x3:0x00000000  x7=0x00000000
     439535.000 ns	     43952	80008fb0	d0057553	fcvt.s.w	f10,x10	 x10:0x00000000 f10=0x00000000
     439565.000 ns	     43955	80008fb4	20208153	fsgnj.s	f2,f1,f2	  f1:0x00000000  f2:0xcefff7e1  f2=0x80000000
     439585.000 ns	     43957	80008fb8	004b89b3	add	x19,x23,x4	 x23:0x05d26ca4  x4:0x85d67c80 x19=0x8ba8e924
     439595.000 ns	     43958	80008fbc	01711213	slli	x4,x2,0x17	  x2:0x00000000  x4=0x00000000
     439635.000 ns	     43962	80008fc0	086cfcd3	fsub.s	f25,f25,f6	 f25:0x4f800000  f6:0x00000000 f25=0x4f800000
     439655.000 ns	     43964	80008fc4	01018533	add	x10,x3,x16	  x3:0x00000000 x16:0xfffff8ee x10=0xfffff8ee
     439665.000 ns	     43965	80008fc8	00000013	addi	x0,x0,0	  x0:0x00000000
     439675.000 ns	     43966	80008fcc	01866233	or	x4,x12,x24	 x12:0xf6b4bd14 x24:0x00000040  x4=0xf6b4bd54
     439685.000 ns	     43967	80008fd0	12bbc893	xori	x17,x23,299	 x23:0x05d26ca4 x17=0x05d26d8f
     439705.000 ns	     43969	80008fd4	28441ed3	fmax.s	f29,f8,f4	  f8:0x00000000  f4:0x00000000 f29=0x00000000
     439725.000 ns	     43971	80008fd8	00000013	addi	x0,x0,0	  x0:0x00000000
     440085.000 ns	     44007	80008fdc	03dc76b3	remu	x13,x24,x29	 x24:0x00000040 x29:0x7fc00000 x13=0x00000040
     440105.000 ns	     44009	80008fe0	00fc8f33	add	x30,x25,x15	 x25:0x80040fe4 x15:0x00000000 x30=0x80040fe4
     440115.000 ns	     44010	80008fe4	40d60db3	sub	x27,x12,x13	 x12:0xf6b4bd14 x13:0x00000040 x27=0xf6b4bcd4
     440125.000 ns	     44011	80008fe8	c5b8a437	lui	x8,0xc5b8a	  x8=0xc5b8a000
     440145.000 ns	     44013	80008fec	28ce0ed3	fmin.s	f29,f28,f12	 f28:0x7fc00000 f12:0x7fc00000 f29=0x7fc00000
     440165.000 ns	     44015	80008ff0	410dd9b3	sra	x19,x27,x16	 x27:0xf6b4bcd4 x16:0xfffff8ee x19=0xffffdad2
     440175.000 ns	     44016	80008ff4	00c91b13	slli	x22,x18,0xc	 x18:0xfffffffe x22=0xffffe000
     440195.000 ns	     44018	80008ff8	03b616b3	mulh	x13,x12,x27	 x12:0xf6b4bd14 x27:0xf6b4bcd4 x13=0x005660d7
     440225.000 ns	     44021	80008ffc	e0079453	fclass.s	x8,f15	 f15:0x00000000  x8=0x00000010
     440245.000 ns	     44023	80009000	00754c33	xor	x24,x10,x7	 x10:0xfffff8ee  x7:0x00000000 x24=0xfffff8ee
     440265.000 ns	     44025	80009004	d0073fd3	fcvt.s.w	f31,x14	 x14:0xf6b4bd14 f31=0xcd14b42f
     440295.000 ns	     44028	80009008	20679c53	fsgnjn.s	f24,f15,f6	 f15:0x00000000  f6:0x00000000 f24=0x80000000
     440315.000 ns	     44030	8000900c	719e0b13	addi	x22,x28,1817	 x28:0xf506f533 x22=0xf506fc4c
     440335.000 ns	     44032	80009010	293c8453	fmin.s	f8,f25,f19	 f25:0x4f800000 f19:0x4ecad0e0  f8=0x4ecad0e0
     440385.000 ns	     44037	80009014	0020ae53	fadd.s	f28,f1,f2	  f1:0x00000000  f2:0x80000000 f28=0x80000000
     440415.000 ns	     44040	80009018	d0067ed3	fcvt.s.w	f29,x12	 x12:0xf6b4bd14 f29=0xcd14b42e
     440435.000 ns	     44042	8000901c	008f5533	srl	x10,x30,x8	 x30:0x80040fe4  x8:0x00000010 x10=0x00008004
     440445.000 ns	     44043	80009020	01a7e033	or	x0,x15,x26	 x15:0x00000000 x26:0x7fffffff
     440455.000 ns	     44044	80009024	ef538713	addi	x14,x7,-267	  x7:0x00000000 x14=0xfffffef5
     440465.000 ns	     44045	80009028	226d7093	andi	x1,x26,550	 x26:0x7fffffff  x1=0x00000226
     440475.000 ns	     44046	8000902c	00979bb3	sll	x23,x15,x9	 x15:0x00000000  x9:0x959cfacd x23=0x00000000
     440485.000 ns	     44047	80009030	01001113	slli	x2,x0,0x10	  x0:0x00000000  x2=0x00000000
     440505.000 ns	     44049	80009034	20868c53	fsgnj.s	f24,f13,f8	 f13:0xcefff7e1  f8:0x4ecad0e0 f24=0x4efff7e1
     440525.000 ns	     44051	80009038	41495a93	srai	x21,x18,0x14	 x18:0xfffffffe x21=0xffffffff
     440535.000 ns	     44052	8000903c	011636b3	sltu	x13,x12,x17	 x12:0xf6b4bd14 x17:0x05d26d8f x13=0x00000000
     440895.000 ns	     44088	80009040	02eef033	remu	x0,x29,x14	 x29:0x7fc00000 x14:0xfffffef5
     440915.000 ns	     44090	80009044	010dda33	srl	x20,x27,x16	 x27:0xf6b4bcd4 x16:0xfffff8ee x20=0x0003dad2
     440935.000 ns	     44092	80009048	d002b9d3	fcvt.s.w	f19,x5	  x5:0x00000000 f19=0x00000000
     440955.000 ns	     44094	8000904c	18e2e493	ori	x9,x5,398	  x5:0x00000000  x9=0x0000018e
     440975.000 ns	     44096	80009050	d013f253	fcvt.s.wu	f4,x7	  x7:0x00000000  f4=0x00000000
     440995.000 ns	     44098	80009054	40718733	sub	x14,x3,x7	  x3:0x00000000  x7:0x00000000 x14=0x00000000
     441005.000 ns	     44099	80009058	6db5fd13	andi	x26,x11,1755	 x11:0x80041004 x26=0x00000000
     441015.000 ns	     44100	8000905c	694ee593	ori	x11,x29,1684	 x29:0x7fc00000 x11=0x7fc00694
     441025.000 ns	     44101	80009060	4b59f737	lui	x14,0x4b59f	 x14=0x4b59f000
     441055.000 ns	     44104	80009064	5806a353	fsqrt.s	f6,f13	 f13:0xcefff7e1  f6=0x7fc00000
     441085.000 ns	     44107	80009068	21b8aad3	fsgnjx.s	f21,f17,f27	 f17:0x00000000 f27:0x7fc00000 f21=0x00000000
     441125.000 ns	     44111	8000906c	11e7cc53	fmul.s	f24,f15,f30	 f15:0x00000000 f30:0x7e34b47c f24=0x00000000
     441155.000 ns	     44114	80009070	0253d4b3	divu	x9,x7,x5	  x7:0x00000000  x5:0x00000000  x9=0xffffffff
     441195.000 ns	     44118	80009074	100ef253	fmul.s	f4,f29,f0	 f29:0xcd14b42e  f0:0x4efffffb  f4=0xdc94b42b
     441215.000 ns	     44120	80009078	f462aa93	slti	x21,x5,-186	  x5:0x00000000 x21=0x00000000
     441235.000 ns	     44122	8000907c	a09280d3	fle.s	x1,f5,f9	  f5:0x00000000  f9:0x7fc00000  x1=0x00000000
     441255.000 ns	     44124	80009080	0134c8b3	xor	x17,x9,x19	  x9:0xffffffff x19:0xffffdad2 x17=0x0000252d
     441265.000 ns	     44125	80009084	011c9f33	sll	x30,x25,x17	 x25:0x80040fe4 x17:0x05d26d8f x30=0x81fc8000
     441285.000 ns	     44127	80009088	29f584d3	fmin.s	f9,f11,f31	 f11:0x7fc00000 f31:0xcd14b42f  f9=0xcd14b42f
     441305.000 ns	     44129	8000908c	010ce433	or	x8,x25,x16	 x25:0x80040fe4 x16:0xfffff8ee  x8=0xffffffee
     441315.000 ns	     44130	80009090	01725fb3	srl	x31,x4,x23	  x4:0xf6b4bd54 x23:0x00000000 x31=0xf6b4bd54
     441355.000 ns	     44134	80009094	083f4c53	fsub.s	f24,f30,f3	 f30:0x7e34b47c  f3:0xbf7fffae f24=0x7e34b47c
     441385.000 ns	     44137	80009098	f00a08d3	fmv.w.x	f17,x20	 x20:0x0003dad2 f17=0x0003dad2
     441425.000 ns	     44141	8000909c	19577f53	fdiv.s	f30,f14,f21	 f14:0x7fc00000 f21:0x00000000 f30=0x7fc00000
     441445.000 ns	     44143	800090a0	009bf433	and	x8,x23,x9	 x23:0x00000000  x9:0xffffffff  x8=0x00000000
     441465.000 ns	     44145	800090a4	a10aa7d3	feq.s	x15,f21,f16	 f21:0x00000000 f16:0x3f4ad0e0 x15=0x00000000
     441485.000 ns	     44147	800090a8	f8b67513	andi	x10,x12,-117	 x12:0xf6b4bd14 x10=0xf6b4bd00
     441525.000 ns	     44151	800090ac	007925d3	fadd.s	f11,f18,f7	 f18:0x7fc00000  f7:0x477fffae f11=0x7fc00000
     441555.000 ns	     44154	800090b0	20f01bd3	fsgnjn.s	f23,f0,f15	  f0:0x4efffffb f15:0x00000000 f23=0xcefffffb
     441575.000 ns	     44156	800090b4	c4dccab7	lui	x21,0xc4dcc	 x21=0xc4dcc000
     441595.000 ns	     44158	800090b8	e00c16d3	fclass.s	x13,f24	 f24:0x7e34b47c x13=0x00000040
     441625.000 ns	     44161	800090bc	a17ba653	feq.s	x12,f23,f23	 f23:0xcefffffb f23:0xcefffffb x12=0x00000001
     441665.000 ns	     44165	800090c0	19c279d3	fdiv.s	f19,f4,f28	  f4:0xdc94b42b f28:0x80000000 f19=0x7f800000
     441715.000 ns	     44170	800090c4	01e47ad3	fadd.s	f21,f8,f30	  f8:0x4ecad0e0 f30:0x7fc00000 f21=0x7fc00000
     441745.000 ns	     44173	800090c8	213f8653	fsgnj.s	f12,f31,f19	 f31:0xcd14b42f f19:0x7f800000 f12=0x4d14b42f
     441765.000 ns	     44175	800090cc	eb7456b7	lui	x13,0xeb745	 x13=0xeb745000
     441785.000 ns	     44177	800090d0	207298d3	fsgnjn.s	f17,f5,f7	  f5:0x00000000  f7:0x477fffae f17=0x80000000
     441805.000 ns	     44179	800090d4	3e3a8293	addi	x5,x21,995	 x21:0xc4dcc000  x5=0xc4dcc3e3
     441815.000 ns	     44180	800090d8	418e54b3	sra	x9,x28,x24	 x28:0xf506f533 x24:0xfffff8ee  x9=0xffffd41b
     441845.000 ns	     44183	800090dc	101e88d3	fmul.s	f17,f29,f1	 f29:0xcd14b42e  f1:0x00000000 f17=0x80000000
     441865.000 ns	     44185	800090e0	00ac11b3	sll	x3,x24,x10	 x24:0xfffff8ee x10:0xf6b4bd00  x3=0xfffff8ee
     441875.000 ns	     44186	800090e4	00000013	addi	x0,x0,0	  x0:0x00000000
     441885.000 ns	     44187	800090e8	7fd96993	ori	x19,x18,2045	 x18:0xfffffffe x19=0xffffffff
     441905.000 ns	     44189	800090ec	21f48d53	fsgnj.s	f26,f9,f31	  f9:0xcd14b42f f31:0xcd14b42f f26=0xcd14b42f
     441935.000 ns	     44192	800090f0	21ddac53	fsgnjx.s	f24,f27,f29	 f27:0x7fc00000 f29:0xcd14b42e f24=0xffc00000
     441965.000 ns	     44195	800090f4	a0eb9253	flt.s	x4,f23,f14	 f23:0xcefffffb f14:0x7fc00000  x4=0x00000000
     441985.000 ns	     44197	800090f8	41e30233	sub	x4,x6,x30	  x6:0x80041024 x30:0x81fc8000  x4=0xfe079024
     441995.000 ns	     44198	800090fc	81bc4497	auipc	x9,0x81bc4	  x9=0x01bcd0fc
     442005.000 ns	     44199	80009100	01f99fb3	sll	x31,x19,x31	 x19:0xffffffff x31:0xf6b4bd54 x31=0xfff00000
     442035.000 ns	     44202	80009104	194df253	fdiv.s	f4,f27,f20	 f27:0x7fc00000 f20:0x00000001  f4=0x7fc00000
     442065.000 ns	     44205	80009108	d01ece53	fcvt.s.wu	f28,x29	 x29:0x7fc00000 f28=0x4eff8000
     442085.000 ns	     44207	8000910c	0127a4b3	slt	x9,x15,x18	 x15:0x00000000 x18:0xfffffffe  x9=0x00000000
     442105.000 ns	     44209	80009110	d017f5d3	fcvt.s.wu	f11,x15	 x15:0x00000000 f11=0x00000000
     442135.000 ns	     44212	80009114	208e2053	fsgnjx.s	f0,f28,f8	 f28:0x4eff8000  f8:0x4ecad0e0  f0=0x4eff8000
     442155.000 ns	     44214	80009118	01ba9233	sll	x4,x21,x27	 x21:0xc4dcc000 x27:0xf6b4bcd4  x4=0x00000000
     442165.000 ns	     44215	8000911c	287b0013	addi	x0,x22,647	 x22:0xf506fc4c
     442185.000 ns	     44217	80009120	c0021a53	fcvt.w.s	x20,f4	  f4:0x7fc00000 x20=0x7fffffff
     442215.000 ns	     44220	80009124	f00302d3	fmv.w.x	f5,x6	  x6:0x80041024  f5=0x80041024
     442235.000 ns	     44222	80009128	01956933	or	x18,x10,x25	 x10:0xf6b4bd00 x25:0x80040fe4 x18=0xf6b4bfe4
     442245.000 ns	     44223	8000912c	bbb4dab7	lui	x21,0xbbb4d	 x21=0xbbb4d000
     442265.000 ns	     44225	80009130	d00b72d3	fcvt.s.w	f5,x22	 x22:0xf506fc4c  f5=0xcd2f903b
     442285.000 ns	     44227	80009134	008d03b3	add	x7,x26,x8	 x26:0x00000000  x8:0x00000000  x7=0x00000000
     442295.000 ns	     44228	80009138	748fd0b7	lui	x1,0x748fd	  x1=0x748fd000
     442325.000 ns	     44231	8000913c	58037253	fsqrt.s	f4,f6	  f6:0x7fc00000  f4=0x7fc00000
     442355.000 ns	     44234	80009140	e00c06d3	fmv.x.w	x13,f24	 f24:0xffc00000 x13=0xffc00000
     442375.000 ns	     44236	80009144	55f78717	auipc	x14,0x55f78	 x14=0xd5f81144
     442415.000 ns	     44240	80009148	009df8d3	fadd.s	f17,f27,f9	 f27:0x7fc00000  f9:0xcd14b42f f17=0x7fc00000
     442445.000 ns	     44243	8000914c	02ed02b3	mul	x5,x26,x14	 x26:0x00000000 x14:0x4b59f000  x5=0x00000000
     442465.000 ns	     44245	80009150	00641bb3	sll	x23,x8,x6	  x8:0x00000000  x6:0x80041024 x23=0x00000000
     442495.000 ns	     44248	80009154	18267c53	fdiv.s	f24,f12,f2	 f12:0x4d14b42f  f2:0x80000000 f24=0xff800000
     442525.000 ns	     44251	80009158	218d21d3	fsgnjx.s	f3,f26,f24	 f26:0xcd14b42f f24:0xffc00000  f3=0x4d14b42f
     442555.000 ns	     44254	8000915c	a12b99d3	flt.s	x19,f23,f18	 f23:0xcefffffb f18:0x7fc00000 x19=0x00000000
     442575.000 ns	     44256	80009160	5b5ac393	xori	x7,x21,1461	 x21:0xbbb4d000  x7=0xbbb4d5b5
     442595.000 ns	     44258	80009164	a09600d3	fle.s	x1,f12,f9	 f12:0x4d14b42f  f9:0xcd14b42f  x1=0x00000000
     442615.000 ns	     44260	80009168	eb228193	addi	x3,x5,-334	  x5:0x00000000  x3=0xfffffeb2
     442625.000 ns	     44261	8000916c	407d87b3	sub	x15,x27,x7	 x27:0xf6b4bcd4  x7:0xbbb4d5b5 x15=0x3affe71f
     442645.000 ns	     44263	80009170	02456f33	rem	x30,x10,x4	 x10:0xf6b4bd00  x4:0x00000000 x30=0xf6b4bd00
     442675.000 ns	     44266	80009174	c0117053	fcvt.wu.s	x0,f2	  f2:0x80000000
     442705.000 ns	     44269	80009178	03f816b3	mulh	x13,x16,x31	 x16:0xfffff8ee x31:0xfff00000 x13=0x00000000
     442725.000 ns	     44271	8000917c	f722b293	sltiu	x5,x5,-142	  x5:0x00000000  x5=0x00000001
     442735.000 ns	     44272	80009180	00da68b3	or	x17,x20,x13	 x20:0x7fffffff x13:0x00000000 x17=0x7fffffff
     442745.000 ns	     44273	80009184	2d1c7837	lui	x16,0x2d1c7	 x16=0x2d1c7000
     442755.000 ns	     44274	80009188	41e45933	sra	x18,x8,x30	  x8:0x00000000 x30:0xf6b4bd00 x18=0x00000000
     442775.000 ns	     44276	8000918c	a0cfa1d3	feq.s	x3,f31,f12	 f31:0xcd14b42f f12:0x4d14b42f  x3=0x00000000
     442795.000 ns	     44278	80009190	01461e93	slli	x29,x12,0x14	 x12:0x00000001 x29=0x00100000
     442815.000 ns	     44280	80009194	021785b3	mul	x11,x15,x1	 x15:0x3affe71f  x1:0x00000000 x11=0x00000000
     442845.000 ns	     44283	80009198	f00c0fd3	fmv.w.x	f31,x24	 x24:0xfffff8ee f31=0xfffff8ee
     442875.000 ns	     44286	8000919c	023218b3	mulh	x17,x4,x3	  x4:0x00000000  x3:0x00000000 x17=0x00000000
     442895.000 ns	     44288	800091a0	016d5433	srl	x8,x26,x22	 x26:0x00000000 x22:0xf506fc4c  x8=0x00000000
     442905.000 ns	     44289	800091a4	010fa8b3	slt	x17,x31,x16	 x31:0xfff00000 x16:0x2d1c7000 x17=0x00000001
     442915.000 ns	     44290	800091a8	0151f6b3	and	x13,x3,x21	  x3:0x00000000 x21:0xbbb4d000 x13=0x00000000
     442935.000 ns	     44292	800091ac	200097d3	fsgnjn.s	f15,f1,f0	  f1:0x00000000  f0:0x4eff8000 f15=0x80000000
     442965.000 ns	     44295	800091b0	03ee2733	mulhsu	x14,x28,x30	 x28:0xf506f533 x30:0xf6b4bd00 x14=0xf56cf069
     442985.000 ns	     44297	800091b4	011db7b3	sltu	x15,x27,x17	 x27:0xf6b4bcd4 x17:0x00000001 x15=0x00000000
     442995.000 ns	     44298	800091b8	0199fc33	and	x24,x19,x25	 x19:0x00000000 x25:0x80040fe4 x24=0x00000000
     443015.000 ns	     44300	800091bc	02e418b3	mulh	x17,x8,x14	  x8:0x00000000 x14:0xf56cf069 x17=0x00000000
     443035.000 ns	     44302	800091c0	00a13133	sltu	x2,x2,x10	  x2:0x00000000 x10:0xf6b4bd00  x2=0x00000001
     443055.000 ns	     44304	800091c4	28048d53	fmin.s	f26,f9,f0	  f9:0xcd14b42f  f0:0x4eff8000 f26=0xcd14b42f
     443075.000 ns	     44306	800091c8	00000013	addi	x0,x0,0	  x0:0x00000000
     443085.000 ns	     44307	800091cc	0016a733	slt	x14,x13,x1	 x13:0x00000000  x1:0x00000000 x14=0x00000000
     443105.000 ns	     44309	800091d0	a0f42ad3	feq.s	x21,f8,f15	  f8:0x4ecad0e0 f15:0x80000000 x21=0x00000000
     443155.000 ns	     44314	800091d4	08a42f53	fsub.s	f30,f8,f10	  f8:0x4ecad0e0 f10:0x00000000 f30=0x4ecad0e0
     443175.000 ns	     44316	800091d8	0115f5b3	and	x11,x11,x17	 x11:0x00000000 x17:0x00000000 x11=0x00000000
     443185.000 ns	     44317	800091dc	01ada233	slt	x4,x27,x26	 x27:0xf6b4bcd4 x26:0x00000000  x4=0x00000001
     443215.000 ns	     44320	800091e0	10f704d3	fmul.s	f9,f14,f15	 f14:0x7fc00000 f15:0x80000000  f9=0x7fc00000
     443265.000 ns	     44325	800091e4	01379cd3	fadd.s	f25,f15,f19	 f15:0x80000000 f19:0x7f800000 f25=0x7f800000
     443315.000 ns	     44330	800091e8	097e29d3	fsub.s	f19,f28,f23	 f28:0x4eff8000 f23:0xcefffffb f19=0x4f7fbffd
     443345.000 ns	     44333	800091ec	288c87d3	fmin.s	f15,f25,f8	 f25:0x7f800000  f8:0x4ecad0e0 f15=0x4ecad0e0
     443365.000 ns	     44335	800091f0	91c54713	xori	x14,x10,-1764	 x10:0xf6b4bd00 x14=0x094b441c
     443725.000 ns	     44371	800091f4	03e35db3	divu	x27,x6,x30	  x6:0x80041024 x30:0xf6b4bd00 x27=0x00000000
     443745.000 ns	     44373	800091f8	41df8133	sub	x2,x31,x29	 x31:0xfff00000 x29:0x00100000  x2=0xffe00000
     443785.000 ns	     44377	800091fc	085d8bd3	fsub.s	f23,f27,f5	 f27:0x7fc00000  f5:0xcd2f903b f23=0x7fc00000
     443835.000 ns	     44382	80009200	085c1b53	fsub.s	f22,f24,f5	 f24:0xff800000  f5:0xcd2f903b f22=0xff800000
     443865.000 ns	     44385	80009204	214d8753	fsgnj.s	f14,f27,f20	 f27:0x7fc00000 f20:0x00000001 f14=0x7fc00000
     443915.000 ns	     44390	80009208	0983cdd3	fsub.s	f27,f7,f24	  f7:0x477fffae f24:0xff800000 f27=0x7f800000
     443935.000 ns	     44392	8000920c	08f84897	auipc	x17,0x8f84	 x17=0x88f8d20c
     443945.000 ns	     44393	80009210	4009d833	sra	x16,x19,x0	 x19:0x00000000  x0:0x00000000 x16=0x00000000
     443965.000 ns	     44395	80009214	f00f88d3	fmv.w.x	f17,x31	 x31:0xfff00000 f17=0xfff00000
     443995.000 ns	     44398	80009218	d003f853	fcvt.s.w	f16,x7	  x7:0xbbb4d5b5 f16=0xce889654
     444015.000 ns	     44400	8000921c	8b1fb913	sltiu	x18,x31,-1871	 x31:0xfff00000 x18=0x00000001
     444025.000 ns	     44401	80009220	00000013	addi	x0,x0,0	  x0:0x00000000
     444035.000 ns	     44402	80009224	01f248b3	xor	x17,x4,x31	  x4:0x00000001 x31:0xfff00000 x17=0xfff00001
     444055.000 ns	     44404	80009228	20609353	fsgnjn.s	f6,f1,f6	  f1:0x00000000  f6:0x7fc00000  f6=0x80000000
     444085.000 ns	     44407	8000922c	02c035b3	mulhu	x11,x0,x12	  x0:0x00000000 x12:0x00000001 x11=0x00000000
     444105.000 ns	     44409	80009230	96ddb293	sltiu	x5,x27,-1683	 x27:0x00000000  x5=0x00000001
     444125.000 ns	     44411	80009234	29f40253	fmin.s	f4,f8,f31	  f8:0x4ecad0e0 f31:0xfffff8ee  f4=0x4ecad0e0
     444495.000 ns	     44448	80009238	0395e5b3	rem	x11,x11,x25	 x11:0x00000000 x25:0x80040fe4 x11=0x00000000
     444515.000 ns	     44450	8000923c	e5663113	sltiu	x2,x12,-426	 x12:0x00000001  x2=0x00000001
     444875.000 ns	     44486	80009240	022945b3	div	x11,x18,x2	 x18:0x00000001  x2:0xffe00000 x11=0x00000001
     444895.000 ns	     44488	80009244	00ced613	srli	x12,x29,0xc	 x29:0x00100000 x12=0x00000100
     444905.000 ns	     44489	80009248	d546b013	sltiu	x0,x13,-684	 x13:0x00000000
     444925.000 ns	     44491	8000924c	a1e40553	fle.s	x10,f8,f30	  f8:0x4ecad0e0 f30:0x4ecad0e0 x10=0x00000001
     444955.000 ns	     44494	80009250	d00138d3	fcvt.s.w	f17,x2	  x2:0x00000001 f17=0x3f800000
     445325.000 ns	     44531	80009254	03c463b3	rem	x7,x8,x28	  x8:0x00000000 x28:0xf506f533  x7=0x00000000
     445345.000 ns	     44533	80009258	000e1633	sll	x12,x28,x0	 x28:0xf506f533  x0:0x00000000 x12=0xf506f533
     445355.000 ns	     44534	8000925c	06ba4b93	xori	x23,x20,107	 x20:0x7fffffff x23=0x7fffff94
     445375.000 ns	     44536	80009260	29e186d3	fmin.s	f13,f3,f30	  f3:0x4d14b42f f30:0x4ecad0e0 f13=0x4d14b42f
     445395.000 ns	     44538	80009264	3334fb13	andi	x22,x9,819	  x9:0x00000000 x22=0x00000000
     445415.000 ns	     44540	80009268	a0d60a53	fle.s	x20,f12,f13	 f12:0x4d14b42f f13:0x4d14b42f x20=0x00000001
     445435.000 ns	     44542	8000926c	008f9533	sll	x10,x31,x8	 x31:0xfff00000  x8:0x00000000 x10=0xfff00000
     445795.000 ns	     44578	80009270	0250c3b3	div	x7,x1,x5	  x1:0x00000000  x5:0x00000001  x7=0x00000000
     445825.000 ns	     44581	80009274	c015cbd3	fcvt.wu.s	x23,f11	 f11:0x00000000 x23=0x00000000
     445845.000 ns	     44583	80009278	016d4733	xor	x14,x26,x22	 x26:0x00000000 x22:0x00000000 x14=0x00000000
     445865.000 ns	     44585	8000927c	d013f0d3	fcvt.s.wu	f1,x7	  x7:0x00000000  f1=0x00000000
     445885.000 ns	     44587	80009280	01979d93	slli	x27,x15,0x19	 x15:0x00000000 x27=0x00000000
     445895.000 ns	     44588	80009284	00000013	addi	x0,x0,0	  x0:0x00000000
     445915.000 ns	     44590	80009288	21d715d3	fsgnjn.s	f11,f14,f29	 f14:0x7fc00000 f29:0xcd14b42e f11=0x7fc00000
     446285.000 ns	     44627	8000928c	03ec42b3	div	x5,x24,x30	 x24:0x00000000 x30:0xf6b4bd00  x5=0x00000000
     446325.000 ns	     44631	80009290	18c91a53	fdiv.s	f20,f18,f12	 f18:0x7fc00000 f12:0x4d14b42f f20=0x7fc00000
     446345.000 ns	     44633	80009294	01d774b3	and	x9,x14,x29	 x14:0x00000000 x29:0x00100000  x9=0x00000000
     446365.000 ns	     44635	80009298	021dbeb3	mulhu	x29,x27,x1	 x27:0x00000000  x1:0x00000000 x29=0x00000000
     446385.000 ns	     44637	8000929c	00a87ab3	and	x21,x16,x10	 x16:0x00000000 x10:0xfff00000 x21=0x00000000
     446395.000 ns	     44638	800092a0	5fa8e093	ori	x1,x17,1530	 x17:0xfff00001  x1=0xfff005fb
     446405.000 ns	     44639	800092a4	001613b3	sll	x7,x12,x1	 x12:0xf506f533  x1:0x00000000  x7=0x98000000
     446415.000 ns	     44640	800092a8	00000013	addi	x0,x0,0	  x0:0x00000000
     446455.000 ns	     44644	800092ac	01fe05d3	fadd.s	f11,f28,f31	 f28:0x4eff8000 f31:0xfffff8ee f11=0x7fc00000
     446485.000 ns	     44647	800092b0	d01ef153	fcvt.s.wu	f2,x29	 x29:0x00000000  f2=0x00000000
     446515.000 ns	     44650	800092b4	29060d53	fmin.s	f26,f12,f16	 f12:0x4d14b42f f16:0xce889654 f26=0xce889654
     446535.000 ns	     44652	800092b8	5aab7d37	lui	x26,0x5aab7	 x26=0x5aab7000
     446555.000 ns	     44654	800092bc	296600d3	fmin.s	f1,f12,f22	 f12:0x4d14b42f f22:0xff800000  f1=0xff800000
     446575.000 ns	     44656	800092c0	00000013	addi	x0,x0,0	  x0:0x00000000
     446595.000 ns	     44658	800092c4	a0992fd3	feq.s	x31,f18,f9	 f18:0x7fc00000  f9:0x7fc00000 x31=0x00000000
     446625.000 ns	     44661	800092c8	e00709d3	fmv.x.w	x19,f14	 f14:0x7fc00000 x19=0x7fc00000
     446645.000 ns	     44663	800092cc	cfff5817	auipc	x16,0xcfff5	 x16=0x4fffe2cc
     446655.000 ns	     44664	800092d0	41e5d113	srai	x2,x11,0x1e	 x11:0x00000001  x2=0x00000000
     446675.000 ns	     44666	800092d4	d013f853	fcvt.s.wu	f16,x7	  x7:0x98000000 f16=0x4f180000
     446695.000 ns	     44668	800092d8	014f54b3	srl	x9,x30,x20	 x30:0xf6b4bd00 x20:0x00000001  x9=0x7b5a5e80
     446705.000 ns	     44669	800092dc	41568a33	sub	x20,x13,x21	 x13:0x00000000 x21:0x00000000 x20=0x00000000
     446725.000 ns	     44671	800092e0	21160cd3	fsgnj.s	f25,f12,f17	 f12:0x4d14b42f f17:0x3f800000 f25=0x4d14b42f
     446755.000 ns	     44674	800092e4	28d09f53	fmax.s	f30,f1,f13	  f1:0xff800000 f13:0x4d14b42f f30=0x4d14b42f
     446785.000 ns	     44677	800092e8	02c490b3	mulh	x1,x9,x12	  x9:0x7b5a5e80 x12:0xf506f533  x1=0xfab67834
     446825.000 ns	     44681	800092ec	1093f153	fmul.s	f2,f7,f9	  f7:0x477fffae  f9:0x7fc00000  f2=0x7fc00000
     446845.000 ns	     44683	800092f0	40d9da13	srai	x20,x19,0xd	 x19:0x7fc00000 x20=0x0003fe00
     446875.000 ns	     44686	800092f4	11f34953	fmul.s	f18,f6,f31	  f6:0x80000000 f31:0xfffff8ee f18=0x7fc00000
     446895.000 ns	     44688	800092f8	01d30733	add	x14,x6,x29	  x6:0x80041024 x29:0x00000000 x14=0x80041024
     446905.000 ns	     44689	800092fc	005341b3	xor	x3,x6,x5	  x6:0x80041024  x5:0x00000000  x3=0x80041024
     446915.000 ns	     44690	80009300	0199b9b3	sltu	x19,x19,x25	 x19:0x7fc00000 x25:0x80040fe4 x19=0x00000001
     446935.000 ns	     44692	80009304	c0127ad3	fcvt.wu.s	x21,f4	  f4:0x4ecad0e0 x21=0x65687000
     446955.000 ns	     44694	80009308	003b5433	srl	x8,x22,x3	 x22:0x00000000  x3:0x80041024  x8=0x00000000
     446965.000 ns	     44695	8000930c	41a407b3	sub	x15,x8,x26	  x8:0x00000000 x26:0x5aab7000 x15=0xa5549000
     446985.000 ns	     44697	80009310	036f77b3	remu	x15,x30,x22	 x30:0xf6b4bd00 x22:0x00000000 x15=0xf6b4bd00
     447005.000 ns	     44699	80009314	dfdc6413	ori	x8,x24,-515	 x24:0x00000000  x8=0xfffffdfd
     447025.000 ns	     44701	80009318	f00f0dd3	fmv.w.x	f27,x30	 x30:0xf6b4bd00 f27=0xf6b4bd00
     447045.000 ns	     44703	8000931c	9d5e6b97	auipc	x23,0x9d5e6	 x23=0x1d5ef31c
     447375.000 ns	     44736	80009320	199d73d3	fdiv.s	f7,f26,f25	 f26:0xce889654 f25:0x4d14b42f  f7=0xc0889654
     447745.000 ns	     44773	80009324	03cde133	rem	x2,x27,x28	 x27:0x00000000 x28:0xf506f533  x2=0x00000000
     447765.000 ns	     44775	80009328	00b7a633	slt	x12,x15,x11	 x15:0xf6b4bd00 x11:0x00000001 x12=0x00000001
     447785.000 ns	     44777	8000932c	02a0abb3	mulhsu	x23,x1,x10	  x1:0xfab67834 x10:0xfff00000 x23=0xfab6cccc
     447815.000 ns	     44780	80009330	20e3abd3	fsgnjx.s	f23,f7,f14	  f7:0xc0889654 f14:0x7fc00000 f23=0xc0889654
     447835.000 ns	     44782	80009334	00bf81b3	add	x3,x31,x11	 x31:0x00000000 x11:0x00000001  x3=0x00000001
     447845.000 ns	     44783	80009338	2c976613	ori	x12,x14,713	 x14:0x80041024 x12=0x800412ed
     447855.000 ns	     44784	8000933c	018150b3	srl	x1,x2,x24	  x2:0x00000000 x24:0x00000000  x1=0x00000000
     447875.000 ns	     44786	80009340	21770fd3	fsgnj.s	f31,f14,f23	 f14:0x7fc00000 f23:0xc0889654 f31=0xffc00000
     447905.000 ns	     44789	80009344	d017f653	fcvt.s.wu	f12,x15	 x15:0xf6b4bd00 f12=0x4f76b4bd
     447935.000 ns	     44792	80009348	d00b0753	fcvt.s.w	f14,x22	 x22:0x00000000 f14=0x00000000
     447975.000 ns	     44796	8000934c	58038753	fsqrt.s	f14,f7	  f7:0xc0889654 f14=0x7fc00000
     447995.000 ns	     44798	80009350	0078dbb3	srl	x23,x17,x7	 x17:0xfff00001  x7:0x98000000 x23=0xfff00001
     448005.000 ns	     44799	80009354	00000013	addi	x0,x0,0	  x0:0x00000000
     448015.000 ns	     44800	80009358	412c5033	sra	x0,x24,x18	 x24:0x00000000 x18:0x00000001
     448035.000 ns	     44802	8000935c	0351bd33	mulhu	x26,x3,x21	  x3:0x00000001 x21:0x65687000 x26=0x00000000
     448065.000 ns	     44805	80009360	e00a04d3	fmv.x.w	x9,f20	 f20:0x7fc00000  x9=0x7fc00000
     449115.000 ns	     44910	80009364	58044fd3	fsqrt.s	f31,f8	  f8:0x4ecad0e0 f31=0x47211f56
     449135.000 ns	     44912	80009368	00181933	sll	x18,x16,x1	 x16:0x4fffe2cc  x1:0x00000000 x18=0x4fffe2cc
     449145.000 ns	     44913	8000936c	0198d133	srl	x2,x17,x25	 x17:0xfff00001 x25:0x80040fe4  x2=0x0fff0000
     449155.000 ns	     44914	80009370	b475ef13	ori	x30,x11,-1209	 x11:0x00000001 x30=0xfffffb47
     449175.000 ns	     44916	80009374	a1719853	flt.s	x16,f3,f23	  f3:0x4d14b42f f23:0xc0889654 x16=0x00000000
     449195.000 ns	     44918	80009378	008e2433	slt	x8,x28,x8	 x28:0xf506f533  x8:0xfffffdfd  x8=0x00000001
     449225.000 ns	     44921	8000937c	11e0f8d3	fmul.s	f17,f1,f30	  f1:0xff800000 f30:0x4d14b42f f17=0xff800000
     449245.000 ns	     44923	80009380	75190193	addi	x3,x18,1873	 x18:0x4fffe2cc  x3=0x4fffea1d
     449265.000 ns	     44925	80009384	28ea98d3	fmax.s	f17,f21,f14	 f21:0x7fc00000 f14:0x7fc00000 f17=0x7fc00000
     449285.000 ns	     44927	80009388	41a6d7b3	sra	x15,x13,x26	 x13:0x00000000 x26:0x00000000 x15=0x00000000
     449295.000 ns	     44928	8000938c	01c5db93	srli	x23,x11,0x1c	 x11:0x00000001 x23=0x00000000
     449315.000 ns	     44930	80009390	036ab9b3	mulhu	x19,x21,x22	 x21:0x65687000 x22:0x00000000 x19=0x00000000
     449345.000 ns	     44933	80009394	a0cf94d3	flt.s	x9,f31,f12	 f31:0x47211f56 f12:0x4f76b4bd  x9=0x00000001
     449365.000 ns	     44935	80009398	406d01b3	sub	x3,x26,x6	 x26:0x00000000  x6:0x80041024  x3=0x7ffbefdc
     449725.000 ns	     44971	8000939c	0232eb33	rem	x22,x5,x3	  x5:0x00000000  x3:0x4fffea1d x22=0x00000000
     450065.000 ns	     45005	800093a0	19bbadd3	fdiv.s	f27,f23,f27	 f23:0xc0889654 f27:0xf6b4bd00 f27=0x09089654
     450085.000 ns	     45007	800093a4	57e5a993	slti	x19,x11,1406	 x11:0x00000001 x19=0x00000001
     450095.000 ns	     45008	800093a8	01dd3133	sltu	x2,x26,x29	 x26:0x00000000 x29:0x00000000  x2=0x00000000
     450115.000 ns	     45010	800093ac	21ca8053	fsgnj.s	f0,f21,f28	 f21:0x7fc00000 f28:0x4eff8000  f0=0x7fc00000
     450135.000 ns	     45012	800093b0	00931233	sll	x4,x6,x9	  x6:0x80041024  x9:0x00000001  x4=0x00082048
     450155.000 ns	     45014	800093b4	20338ad3	fsgnj.s	f21,f7,f3	  f7:0xc0889654  f3:0x4d14b42f f21=0x40889654
     450175.000 ns	     45016	800093b8	41fad493	srai	x9,x21,0x1f	 x21:0x65687000  x9=0x00000000
     450195.000 ns	     45018	800093bc	a13799d3	flt.s	x19,f15,f19	 f15:0x4ecad0e0 f19:0x4f7fbffd x19=0x00000001
     450225.000 ns	     45021	800093c0	d01cfd53	fcvt.s.wu	f26,x25	 x25:0x80040fe4 f26=0x4f00040f
     450255.000 ns	     45024	800093c4	e00c8fd3	fmv.x.w	x31,f25	 f25:0x4d14b42f x31=0x4d14b42f
     450275.000 ns	     45026	800093c8	9d5e5097	auipc	x1,0x9d5e5	  x1=0x1d5ee3c8
     450285.000 ns	     45027	800093cc	00ed9493	slli	x9,x27,0xe	 x27:0x00000000  x9=0x00000000
     450305.000 ns	     45029	800093d0	286b1853	fmax.s	f16,f22,f6	 f22:0xff800000  f6:0x80000000 f16=0x80000000
     450335.000 ns	     45032	800093d4	d00c15d3	fcvt.s.w	f11,x24	 x24:0x00000000 f11=0x00000000
     450365.000 ns	     45035	800093d8	02a70fb3	mul	x31,x14,x10	 x14:0x80041024 x10:0xfff00000 x31=0xfdc00000
     450395.000 ns	     45038	800093dc	03dfabb3	mulhsu	x23,x31,x29	 x31:0x4d14b42f x29:0x00000000 x23=0x00000000
     450415.000 ns	     45040	800093e0	019ef733	and	x14,x29,x25	 x29:0x00000000 x25:0x80040fe4 x14=0x00000000
     450425.000 ns	     45041	800093e4	f807e693	ori	x13,x15,-128	 x15:0x00000000 x13=0xffffff80
     450445.000 ns	     45043	800093e8	21021553	fsgnjn.s	f10,f4,f16	  f4:0x4ecad0e0 f16:0x80000000 f10=0x4ecad0e0
     450465.000 ns	     45045	800093ec	00ee7c33	and	x24,x28,x14	 x28:0xf506f533 x14:0x00000000 x24=0x00000000
     450485.000 ns	     45047	800093f0	03eb0ab3	mul	x21,x22,x30	 x22:0x00000000 x30:0xfffffb47 x21=0x00000000
     450515.000 ns	     45050	800093f4	e0041853	fclass.s	x16,f8	  f8:0x4ecad0e0 x16=0x00000040
     450535.000 ns	     45052	800093f8	bdc80513	addi	x10,x16,-1060	 x16:0x00000000 x10=0xfffffc1c
     450545.000 ns	     45053	800093fc	00b38a33	add	x20,x7,x11	  x7:0x98000000 x11:0x00000001 x20=0x98000001
     450555.000 ns	     45054	80009400	b146fb93	andi	x23,x13,-1260	 x13:0xffffff80 x23=0xfffffb00
     450585.000 ns	     45057	80009404	580b84d3	fsqrt.s	f9,f23	 f23:0xc0889654  f9=0x7fc00000
     450615.000 ns	     45060	80009408	218097d3	fsgnjn.s	f15,f1,f24	  f1:0xff800000 f24:0xff800000 f15=0x7f800000
     450655.000 ns	     45064	8000940c	109ff853	fmul.s	f16,f31,f9	 f31:0x47211f56  f9:0x7fc00000 f16=0x7fc00000
     450675.000 ns	     45066	80009410	c0d00f93	addi	x31,x0,-1011	  x0:0x00000000 x31=0xfffffc0d
     450715.000 ns	     45070	80009414	09fc76d3	fsub.s	f13,f24,f31	 f24:0xff800000 f31:0x47211f56 f13=0xff800000
     450735.000 ns	     45072	80009418	0948e8b7	lui	x17,0x948e	 x17=0x0948e000
     450755.000 ns	     45074	8000941c	d01b4a53	fcvt.s.wu	f20,x22	 x22:0x00000000 f20=0x00000000
     450785.000 ns	     45077	80009420	299a87d3	fmin.s	f15,f21,f25	 f21:0x40889654 f25:0x4d14b42f f15=0x40889654
     450815.000 ns	     45080	80009424	02693933	mulhu	x18,x18,x6	 x18:0x4fffe2cc  x6:0x80041024 x18=0x28013670
     450845.000 ns	     45083	80009428	a15f8f53	fle.s	x30,f31,f21	 f31:0x47211f56 f21:0x40889654 x30=0x00000000
     450865.000 ns	     45085	8000942c	82a0a293	slti	x5,x1,-2006	  x1:0x1d5ee3c8  x5=0x00000000
     450875.000 ns	     45086	80009430	01acffb3	and	x31,x25,x26	 x25:0x80040fe4 x26:0x00000000 x31=0x00000000
     450895.000 ns	     45088	80009434	030d9bb3	mulh	x23,x27,x16	 x27:0x00000000 x16:0x00000040 x23=0x00000000
     451265.000 ns	     45125	80009438	032d7233	remu	x4,x26,x18	 x26:0x00000000 x18:0x28013670  x4=0x00000000
     451285.000 ns	     45127	8000943c	00000013	addi	x0,x0,0	  x0:0x00000000
     451295.000 ns	     45128	80009440	be07bd93	sltiu	x27,x15,-1056	 x15:0x00000000 x27=0x00000001
     451305.000 ns	     45129	80009444	013eedb3	or	x27,x29,x19	 x29:0x00000000 x19:0x00000001 x27=0x00000001
     451325.000 ns	     45131	80009448	02589733	mulh	x14,x17,x5	 x17:0x0948e000  x5:0x00000000 x14=0x00000000
     451365.000 ns	     45135	8000944c	1059a6d3	fmul.s	f13,f19,f5	 f19:0x4f7fbffd  f5:0xcd2f903b f13=0xdd2f6455
     451385.000 ns	     45137	80009450	b04ae513	ori	x10,x21,-1276	 x21:0x00000000 x10=0xfffffb04
     451395.000 ns	     45138	80009454	0136b633	sltu	x12,x13,x19	 x13:0xffffff80 x19:0x00000001 x12=0x00000000
     451415.000 ns	     45140	80009458	a1161153	flt.s	x2,f12,f17	 f12:0x4f76b4bd f17:0x7fc00000  x2=0x00000000
     451445.000 ns	     45143	8000945c	034b8f33	mul	x30,x23,x20	 x23:0x00000000 x20:0x98000001 x30=0x00000000
     451465.000 ns	     45145	80009460	01b60033	add	x0,x12,x27	 x12:0x00000000 x27:0x00000001
     451485.000 ns	     45147	80009464	29df98d3	fmax.s	f17,f31,f29	 f31:0x47211f56 f29:0xcd14b42e f17=0x47211f56
     451515.000 ns	     45150	80009468	03685033	divu	x0,x16,x22	 x16:0x00000040 x22:0x00000000
     451545.000 ns	     45153	8000946c	020208b3	mul	x17,x4,x0	  x4:0x00000000  x0:0x00000000 x17=0x00000000
     451565.000 ns	     45155	80009470	00490033	add	x0,x18,x4	 x18:0x28013670  x4:0x00000000
     451585.000 ns	     45157	80009474	d007a4d3	fcvt.s.w	f9,x15	 x15:0x00000000  f9=0x00000000
     451955.000 ns	     45194	80009478	02b05833	divu	x16,x0,x11	  x0:0x00000000 x11:0x00000001 x16=0x00000000
     451985.000 ns	     45197	8000947c	a1d5a0d3	feq.s	x1,f11,f29	 f11:0x00000000 f29:0xcd14b42e  x1=0x00000000
     452005.000 ns	     45199	80009480	01d21513	slli	x10,x4,0x1d	  x4:0x00000000 x10=0x00000000
     452015.000 ns	     45200	80009484	00c70a33	add	x20,x14,x12	 x14:0x00000000 x12:0x00000000 x20=0x00000000
     452025.000 ns	     45201	80009488	01b85d93	srli	x27,x16,0x1b	 x16:0x00000000 x27=0x00000000
     452045.000 ns	     45203	8000948c	210c9d53	fsgnjn.s	f26,f25,f16	 f25:0x4d14b42f f16:0x7fc00000 f26=0xcd14b42f
     452075.000 ns	     45206	80009490	d010b553	fcvt.s.wu	f10,x1	  x1:0x00000000 f10=0x00000000
     452105.000 ns	     45209	80009494	200dacd3	fsgnjx.s	f25,f27,f0	 f27:0x09089654  f0:0x7fc00000 f25=0x09089654
     452125.000 ns	     45211	80009498	08f12b13	slti	x22,x2,143	  x2:0x00000000 x22=0x00000001
     452455.000 ns	     45244	8000949c	18560cd3	fdiv.s	f25,f12,f5	 f12:0x4f76b4bd  f5:0xcd2f903b f25=0xc176b4be
     452485.000 ns	     45247	800094a0	f0068ed3	fmv.w.x	f29,x13	 x13:0xffffff80 f29=0xffffff80
     452515.000 ns	     45250	800094a4	c01a11d3	fcvt.wu.s	x3,f20	 f20:0x00000000  x3=0x00000000
     452535.000 ns	     45252	800094a8	8286cf93	xori	x31,x13,-2008	 x13:0xffffff80 x31=0x000007a8
     452555.000 ns	     45254	800094ac	03a18db3	mul	x27,x3,x26	  x3:0x00000000 x26:0x00000000 x27=0x00000000
     452575.000 ns	     45256	800094b0	8500f593	andi	x11,x1,-1968	  x1:0x00000000 x11=0x00000000
     452595.000 ns	     45258	800094b4	299287d3	fmin.s	f15,f5,f25	  f5:0xcd2f903b f25:0xc176b4be f15=0xcd2f903b
     452645.000 ns	     45263	800094b8	00b13f53	fadd.s	f30,f2,f11	  f2:0x7fc00000 f11:0x00000000 f30=0x7fc00000
     452665.000 ns	     45265	800094bc	005225b3	slt	x11,x4,x5	  x4:0x00000000  x5:0x00000000 x11=0x00000000
     452675.000 ns	     45266	800094c0	f71c2813	slti	x16,x24,-143	 x24:0x00000000 x16=0x00000000
     452695.000 ns	     45268	800094c4	20889b53	fsgnjn.s	f22,f17,f8	 f17:0x47211f56  f8:0x4ecad0e0 f22=0xc7211f56
     452725.000 ns	     45271	800094c8	d00bf953	fcvt.s.w	f18,x23	 x23:0x00000000 f18=0x00000000
     452745.000 ns	     45273	800094cc	01a1ad33	slt	x26,x3,x26	  x3:0x00000000 x26:0x00000000 x26=0x00000000
     452755.000 ns	     45274	800094d0	407f88b3	sub	x17,x31,x7	 x31:0x000007a8  x7:0x98000000 x17=0x680007a8
     452765.000 ns	     45275	800094d4	00461933	sll	x18,x12,x4	 x12:0x00000000  x4:0x00000000 x18=0x00000000
     452785.000 ns	     45277	800094d8	a1ab06d3	fle.s	x13,f22,f26	 f22:0xc7211f56 f26:0xcd14b42f x13=0x00000000
     452805.000 ns	     45279	800094dc	a5a12137	lui	x2,0xa5a12	  x2=0xa5a12000
     452825.000 ns	     45281	800094e0	a12c93d3	flt.s	x7,f25,f18	 f25:0xc176b4be f18:0x00000000  x7=0x00000001
     452855.000 ns	     45284	800094e4	024d8533	mul	x10,x27,x4	 x27:0x00000000  x4:0x00000000 x10=0x00000000
     453225.000 ns	     45321	800094e8	022b4bb3	div	x23,x22,x2	 x22:0x00000001  x2:0xa5a12000 x23=0x00000000
     453255.000 ns	     45324	800094ec	a0930a53	fle.s	x20,f6,f9	  f6:0x80000000  f9:0x00000000 x20=0x00000001
     453275.000 ns	     45326	800094f0	001092b3	sll	x5,x1,x1	  x1:0x00000000  x1:0x00000000  x5=0x00000000
     453295.000 ns	     45328	800094f4	02cf6733	rem	x14,x30,x12	 x30:0x00000000 x12:0x00000000 x14=0x00000000
     453665.000 ns	     45365	800094f8	039361b3	rem	x3,x6,x25	  x6:0x80041024 x25:0x80040fe4  x3=0x80041024
     453695.000 ns	     45368	800094fc	d01bf553	fcvt.s.wu	f10,x23	 x23:0x00000000 f10=0x00000000
     453725.000 ns	     45371	80009500	031137b3	mulhu	x15,x2,x17	  x2:0xa5a12000 x17:0x680007a8 x15=0x434979f4
     453775.000 ns	     45376	80009504	0012f653	fadd.s	f12,f5,f1	  f5:0xcd2f903b  f1:0xff800000 f12=0xff800000
     453805.000 ns	     45379	80009508	02950933	mul	x18,x10,x9	 x10:0x00000000  x9:0x00000000 x18=0x00000000
     453825.000 ns	     45381	8000950c	41c688b3	sub	x17,x13,x28	 x13:0x00000000 x28:0xf506f533 x17=0x0af90acd
     453835.000 ns	     45382	80009510	006d54b3	srl	x9,x26,x6	 x26:0x00000000  x6:0x80041024  x9=0x00000000
     453875.000 ns	     45386	80009514	01b979d3	fadd.s	f19,f18,f27	 f18:0x00000000 f27:0x09089654 f19=0x09089654
     453895.000 ns	     45388	80009518	056f6c13	ori	x24,x30,86	 x30:0x00000000 x24=0x00000056
     453915.000 ns	     45390	8000951c	204690d3	fsgnjn.s	f1,f13,f4	 f13:0xdd2f6455  f4:0x4ecad0e0  f1=0xdd2f6455
     453945.000 ns	     45393	80009520	a19a0bd3	fle.s	x23,f20,f25	 f20:0x00000000 f25:0xc176b4be x23=0x00000000
     453975.000 ns	     45396	80009524	c012b8d3	fcvt.wu.s	x17,f5	  f5:0xcd2f903b x17=0x0af903b0
     454005.000 ns	     45399	80009528	031d14b3	mulh	x9,x26,x17	 x26:0x00000000 x17:0x0af90acd  x9=0x00000000
     454025.000 ns	     45401	8000952c	01b697b3	sll	x15,x13,x27	 x13:0x00000000 x27:0x00000000 x15=0x00000000
     454035.000 ns	     45402	80009530	896e8a13	addi	x20,x29,-1898	 x29:0x00000000 x20=0xfffff896
     454045.000 ns	     45403	80009534	2098a793	slti	x15,x17,521	 x17:0x0af903b0 x15=0x00000000
     454055.000 ns	     45404	80009538	41015c33	sra	x24,x2,x16	  x2:0xa5a12000 x16:0x00000000 x24=0xa5a12000
     455225.000 ns	     45521	8000953c	58027d53	fsqrt.s	f26,f4	  f4:0x4ecad0e0 f26=0x47211f56
     455265.000 ns	     45525	80009540	580b7753	fsqrt.s	f14,f22	 f22:0xc7211f56 f14=0x7fc00000
     455285.000 ns	     45527	80009544	4178d193	srai	x3,x17,0x17	 x17:0x0af903b0  x3=0x00000015
     455305.000 ns	     45529	80009548	e0040f53	fmv.x.w	x30,f8	  f8:0x4ecad0e0 x30=0x4ecad0e0
     455325.000 ns	     45531	8000954c	05981517	auipc	x10,0x5981	 x10=0x8598a54c
     455335.000 ns	     45532	80009550	4a5a6293	ori	x5,x20,1189	 x20:0xfffff896  x5=0xfffffcb7
     455355.000 ns	     45534	80009554	20bc9653	fsgnjn.s	f12,f25,f11	 f25:0xc176b4be f11:0x00000000 f12=0xc176b4be
     455385.000 ns	     45537	80009558	0280ac33	mulhsu	x24,x1,x8	  x1:0x00000000  x8:0x00000001 x24=0x00000000
     455405.000 ns	     45539	8000955c	798a1f17	auipc	x30,0x798a1	 x30=0xf98aa55c
     455445.000 ns	     45543	80009560	01937653	fadd.s	f12,f6,f25	  f6:0x80000000 f25:0xc176b4be f12=0xc176b4be
     455485.000 ns	     45547	80009564	19ca7553	fdiv.s	f10,f20,f28	 f20:0x00000000 f28:0x4eff8000 f10=0x00000000
     455505.000 ns	     45549	80009568	a44f4a13	xori	x20,x30,-1468	 x30:0xf98aa55c x20=0x06755f18
     455515.000 ns	     45550	8000956c	009d0433	add	x8,x26,x9	 x26:0x00000000  x9:0x00000000  x8=0x00000000
     455525.000 ns	     45551	80009570	d5dac2b7	lui	x5,0xd5dac	  x5=0xd5dac000
     455885.000 ns	     45587	80009574	027c7433	remu	x8,x24,x7	 x24:0x00000000  x7:0x00000001  x8=0x00000000
     455915.000 ns	     45590	80009578	a0a22dd3	feq.s	x27,f4,f10	  f4:0x4ecad0e0 f10:0x00000000 x27=0x00000000
     455955.000 ns	     45594	8000957c	184f75d3	fdiv.s	f11,f30,f4	 f30:0x7fc00000  f4:0x4ecad0e0 f11=0x7fc00000
     455985.000 ns	     45597	80009580	02bc7633	remu	x12,x24,x11	 x24:0x00000000 x11:0x00000000 x12=0x00000000
     456015.000 ns	     45600	80009584	a13622d3	feq.s	x5,f12,f19	 f12:0xc176b4be f19:0x09089654  x5=0x00000000
     456045.000 ns	     45603	80009588	02b6e233	rem	x4,x13,x11	 x13:0x00000000 x11:0x00000000  x4=0x00000000
     456095.000 ns	     45608	8000958c	01ea0753	fadd.s	f14,f20,f30	 f20:0x00000000 f30:0x7fc00000 f14=0x7fc00000
     456115.000 ns	     45610	80009590	6a27c013	xori	x0,x15,1698	 x15:0x00000000
     456135.000 ns	     45612	80009594	296b0853	fmin.s	f16,f22,f22	 f22:0xc7211f56 f22:0xc7211f56 f16=0xc7211f56
     456155.000 ns	     45614	80009598	016f25b3	slt	x11,x30,x22	 x30:0xf98aa55c x22:0x00000001 x11=0x00000001
     456165.000 ns	     45615	8000959c	0122bc33	sltu	x24,x5,x18	  x5:0x00000000 x18:0x00000000 x24=0x00000000
     456175.000 ns	     45616	800095a0	d8777c13	andi	x24,x14,-633	 x14:0x00000000 x24=0x00000000
     456185.000 ns	     45617	800095a4	d8694813	xori	x16,x18,-634	 x18:0x00000000 x16=0xfffffd86
     456195.000 ns	     45618	800095a8	01d7e233	or	x4,x15,x29	 x15:0x00000000 x29:0x00000000  x4=0x00000000
     456205.000 ns	     45619	800095ac	01978133	add	x2,x15,x25	 x15:0x00000000 x25:0x80040fe4  x2=0x80040fe4
     456215.000 ns	     45620	800095b0	b12af093	andi	x1,x21,-1262	 x21:0x00000000  x1=0x00000000
     456575.000 ns	     45656	800095b4	02b07a33	remu	x20,x0,x11	  x0:0x00000000 x11:0x00000001 x20=0x00000000
     456595.000 ns	     45658	800095b8	00f060b3	or	x1,x0,x15	  x0:0x00000000 x15:0x00000000  x1=0x00000000
     456615.000 ns	     45660	800095bc	c00507d3	fcvt.w.s	x15,f10	 f10:0x00000000 x15=0x00000000
     456645.000 ns	     45663	800095c0	a131a8d3	feq.s	x17,f3,f19	  f3:0x4d14b42f f19:0x09089654 x17=0x00000000
     456665.000 ns	     45665	800095c4	bc70a5b7	lui	x11,0xbc70a	 x11=0xbc70a000
     456675.000 ns	     45666	800095c8	00d3cc33	xor	x24,x7,x13	  x7:0x00000001 x13:0x00000000 x24=0x00000001
     456685.000 ns	     45667	800095cc	01d41ab3	sll	x21,x8,x29	  x8:0x00000000 x29:0x00000000 x21=0x00000000
     456705.000 ns	     45669	800095d0	d01d10d3	fcvt.s.wu	f1,x26	 x26:0x00000000  f1=0x00000000
     456725.000 ns	     45671	800095d4	01d698b3	sll	x17,x13,x29	 x13:0x00000000 x29:0x00000000 x17=0x00000000
     456735.000 ns	     45672	800095d8	00a12733	slt	x14,x2,x10	  x2:0x80040fe4 x10:0x8598a54c x14=0x00000001
     456765.000 ns	     45675	800095dc	103d7ed3	fmul.s	f29,f26,f3	 f26:0x47211f56  f3:0x4d14b42f f29=0x54bb2f0a
     456785.000 ns	     45677	800095e0	010519b3	sll	x19,x10,x16	 x10:0x8598a54c x16:0xfffffd86 x19=0x66295300
     456795.000 ns	     45678	800095e4	983b3493	sltiu	x9,x22,-1661	 x22:0x00000001  x9=0x00000001
     456805.000 ns	     45679	800095e8	01ff57b3	srl	x15,x30,x31	 x30:0xf98aa55c x31:0x000007a8 x15=0x00f98aa5
     456825.000 ns	     45681	800095ec	29bb15d3	fmax.s	f11,f22,f27	 f22:0xc7211f56 f27:0x09089654 f11=0x09089654
     456845.000 ns	     45683	800095f0	41400133	sub	x2,x0,x20	  x0:0x00000000 x20:0x00000000  x2=0x00000000
     456855.000 ns	     45684	800095f4	00000013	addi	x0,x0,0	  x0:0x00000000
     456885.000 ns	     45687	800095f8	11a51bd3	fmul.s	f23,f10,f26	 f10:0x00000000 f26:0x47211f56 f23=0x00000000
     456905.000 ns	     45689	800095fc	01d3b0b3	sltu	x1,x7,x29	  x7:0x00000001 x29:0x00000000  x1=0x00000000
     456925.000 ns	     45691	80009600	a1732053	feq.s	x0,f6,f23	  f6:0x80000000 f23:0x00000000
     456955.000 ns	     45694	80009604	a18d8253	fle.s	x4,f27,f24	 f27:0x09089654 f24:0xff800000  x4=0x00000000
     457325.000 ns	     45731	80009608	02f174b3	remu	x9,x2,x15	  x2:0x00000000 x15:0x00f98aa5  x9=0x00000000
     457345.000 ns	     45733	8000960c	01da8fb3	add	x31,x21,x29	 x21:0x00000000 x29:0x00000000 x31=0x00000000
     457365.000 ns	     45735	80009610	a0be8dd3	fle.s	x27,f29,f11	 f29:0x54bb2f0a f11:0x09089654 x27=0x00000000
     457395.000 ns	     45738	80009614	c00548d3	fcvt.w.s	x17,f10	 f10:0x00000000 x17=0x00000000
     457425.000 ns	     45741	80009618	20fca2d3	fsgnjx.s	f5,f25,f15	 f25:0xc176b4be f15:0xcd2f903b  f5=0x4176b4be
     457455.000 ns	     45744	8000961c	d00171d3	fcvt.s.w	f3,x2	  x2:0x00000000  f3=0x00000000
     457475.000 ns	     45746	80009620	012c3db3	sltu	x27,x24,x18	 x24:0x00000001 x18:0x00000000 x27=0x00000000
     457495.000 ns	     45748	80009624	03b3bfb3	mulhu	x31,x7,x27	  x7:0x00000001 x27:0x00000000 x31=0x00000000
     457865.000 ns	     45785	80009628	033a49b3	div	x19,x20,x19	 x20:0x00000000 x19:0x66295300 x19=0x00000000
     457895.000 ns	     45788	8000962c	a030a3d3	feq.s	x7,f1,f3	  f1:0x00000000  f3:0x00000000  x7=0x00000001
     457915.000 ns	     45790	80009630	4105dbb3	sra	x23,x11,x16	 x11:0xbc70a000 x16:0xfffffd86 x23=0xfef1c280
     457925.000 ns	     45791	80009634	01245eb3	srl	x29,x8,x18	  x8:0x00000000 x18:0x00000000 x29=0x00000000
     457935.000 ns	     45792	80009638	00ea61b3	or	x3,x20,x14	 x20:0x00000000 x14:0x00000001  x3=0x00000001
     457945.000 ns	     45793	8000963c	00b2d8b3	srl	x17,x5,x11	  x5:0x00000000 x11:0xbc70a000 x17=0x00000000
     457965.000 ns	     45795	80009640	026e35b3	mulhu	x11,x28,x6	 x28:0xf506f533  x6:0x80041024 x11=0x7a875e28
     457995.000 ns	     45798	80009644	0318d5b3	divu	x11,x17,x17	 x17:0x00000000 x17:0x00000000 x11=0xffffffff
     458025.000 ns	     45801	80009648	20389bd3	fsgnjn.s	f23,f17,f3	 f17:0x47211f56  f3:0x00000000 f23=0xc7211f56
     458045.000 ns	     45803	8000964c	417e05b3	sub	x11,x28,x23	 x28:0xf506f533 x23:0xfef1c280 x11=0xf61532b3
     458055.000 ns	     45804	80009650	00eeeb33	or	x22,x29,x14	 x29:0x00000000 x14:0x00000001 x22=0x00000001
     459225.000 ns	     45921	80009654	58020953	fsqrt.s	f18,f4	  f4:0x4ecad0e0 f18=0x47211f56
     459255.000 ns	     45924	80009658	02f93733	mulhu	x14,x18,x15	 x18:0x00000000 x15:0x00f98aa5 x14=0x00000000
     459285.000 ns	     45927	8000965c	02f0a5b3	mulhsu	x11,x1,x15	  x1:0x00000000 x15:0x00f98aa5 x11=0x00000000
     459315.000 ns	     45930	80009660	f0070bd3	fmv.w.x	f23,x14	 x14:0x00000000 f23=0x00000000
     459335.000 ns	     45932	80009664	4104df13	srai	x30,x9,0x10	  x9:0x00000000 x30=0x00000000
     459365.000 ns	     45935	80009668	10a175d3	fmul.s	f11,f2,f10	  f2:0x7fc00000 f10:0x00000000 f11=0x7fc00000
     459385.000 ns	     45937	8000966c	410d80b3	sub	x1,x27,x16	 x27:0x00000000 x16:0xfffffd86  x1=0x0000027a
     459395.000 ns	     45938	80009670	01e0bc33	sltu	x24,x1,x30	  x1:0x00000000 x30:0x00000000 x24=0x00000000
     459405.000 ns	     45939	80009674	00000013	addi	x0,x0,0	  x0:0x00000000
     459435.000 ns	     45942	80009678	1812fcd3	fdiv.s	f25,f5,f1	  f5:0x4176b4be  f1:0x00000000 f25=0x7f800000
     459455.000 ns	     45944	8000967c	008c3fb3	sltu	x31,x24,x8	 x24:0x00000000  x8:0x00000000 x31=0x00000000
     459495.000 ns	     45948	80009680	092c13d3	fsub.s	f7,f24,f18	 f24:0xff800000 f18:0x47211f56  f7=0xff800000
     459525.000 ns	     45951	80009684	033f7533	remu	x10,x30,x19	 x30:0x00000000 x19:0x00000000 x10=0x00000000
     459555.000 ns	     45954	80009688	03be66b3	rem	x13,x28,x27	 x28:0xf506f533 x27:0x00000000 x13=0xf506f533
     459585.000 ns	     45957	8000968c	a02f2153	feq.s	x2,f30,f2	 f30:0x7fc00000  f2:0x7fc00000  x2=0x00000000
     459605.000 ns	     45959	80009690	00f41913	slli	x18,x8,0xf	  x8:0x00000000 x18=0x00000000
     459625.000 ns	     45961	80009694	e0000f53	fmv.x.w	x30,f0	  f0:0x7fc00000 x30=0x7fc00000
     459665.000 ns	     45965	80009698	110c03d3	fmul.s	f7,f24,f16	 f24:0xff800000 f16:0xc7211f56  f7=0x7f800000
     459685.000 ns	     45967	8000969c	e5d52a13	slti	x20,x10,-419	 x10:0x00000000 x20=0x00000000
     459695.000 ns	     45968	800096a0	01598733	add	x14,x19,x21	 x19:0x00000000 x21:0x00000000 x14=0x00000000
     459715.000 ns	     45970	800096a4	a18aa2d3	feq.s	x5,f21,f24	 f21:0x40889654 f24:0xff800000  x5=0x00000000
     460895.000 ns	     46088	800096a8	58020ed3	fsqrt.s	f29,f4	  f4:0x4ecad0e0 f29=0x47211f56
     460915.000 ns	     46090	800096ac	31d42993	slti	x19,x8,797	  x8:0x00000000 x19=0x00000001
     460955.000 ns	     46094	800096b0	08caff53	fsub.s	f30,f21,f12	 f21:0x40889654 f12:0xc176b4be f30=0x419d7ff4
     462135.000 ns	     46212	800096b4	5802f8d3	fsqrt.s	f17,f5	  f5:0x4176b4be f17=0x402e7268
     462165.000 ns	     46215	800096b8	e0058253	fmv.x.w	x4,f11	 f11:0x7fc00000  x4=0x7fc00000
     462215.000 ns	     46220	800096bc	001532d3	fadd.s	f5,f10,f1	 f10:0x00000000  f1:0x00000000  f5=0x00000000
     462245.000 ns	     46223	800096c0	28400553	fmin.s	f10,f0,f4	  f0:0x7fc00000  f4:0x4ecad0e0 f10=0x4ecad0e0
     462275.000 ns	     46226	800096c4	0249b733	mulhu	x14,x19,x4	 x19:0x00000001  x4:0x7fc00000 x14=0x00000000
     462295.000 ns	     46228	800096c8	003e84b3	add	x9,x29,x3	 x29:0x00000000  x3:0x00000001  x9=0x00000001
     462335.000 ns	     46232	800096cc	091b7e53	fsub.s	f28,f22,f17	 f22:0xc7211f56 f17:0x402e7268 f28=0xc721220f
     462355.000 ns	     46234	800096d0	01751213	slli	x4,x10,0x17	 x10:0x00000000  x4=0x00000000
     462365.000 ns	     46235	800096d4	59f62213	slti	x4,x12,1439	 x12:0x00000000  x4=0x00000001
     462375.000 ns	     46236	800096d8	01d91ab3	sll	x21,x18,x29	 x18:0x00000000 x29:0x00000000 x21=0x00000000
     462395.000 ns	     46238	800096dc	d009f1d3	fcvt.s.w	f3,x19	 x19:0x00000001  f3=0x3f800000
     462415.000 ns	     46240	800096e0	405552b3	sra	x5,x10,x5	 x10:0x00000000  x5:0x00000000  x5=0x00000000
     462425.000 ns	     46241	800096e4	c0057793	andi	x15,x10,-1024	 x10:0x00000000 x15=0x00000000
     462455.000 ns	     46244	800096e8	58002f53	fsqrt.s	f30,f0	  f0:0x7fc00000 f30=0x7fc00000
     462485.000 ns	     46247	800096ec	28fd9553	fmax.s	f10,f27,f15	 f27:0x09089654 f15:0xcd2f903b f10=0x09089654
     462505.000 ns	     46249	800096f0	000436b3	sltu	x13,x8,x0	  x8:0x00000000  x0:0x00000000 x13=0x00000000
     462515.000 ns	     46250	800096f4	36934093	xori	x1,x6,873	  x6:0x80041024  x1=0x8004134d
     462535.000 ns	     46252	800096f8	e00095d3	fclass.s	x11,f1	  f1:0x00000000 x11=0x00000010
     462555.000 ns	     46254	800096fc	2cc64793	xori	x15,x12,716	 x12:0x00000000 x15=0x000002cc
     462565.000 ns	     46255	80009700	015e43b3	xor	x7,x28,x21	 x28:0xf506f533 x21:0x00000000  x7=0xf506f533
     462595.000 ns	     46258	80009704	58082553	fsqrt.s	f10,f16	 f16:0xc7211f56 f10=0x7fc00000
     462615.000 ns	     46260	80009708	4832ec13	ori	x24,x5,1155	  x5:0x00000000 x24=0x00000483
     462625.000 ns	     46261	8000970c	04a58093	addi	x1,x11,74	 x11:0x00000010  x1=0x0000005a
     462645.000 ns	     46263	80009710	020584b3	mul	x9,x11,x0	 x11:0x00000010  x0:0x00000000  x9=0x00000000
     462665.000 ns	     46265	80009714	00a8afb3	slt	x31,x17,x10	 x17:0x00000000 x10:0x00000000 x31=0x00000000
     462685.000 ns	     46267	80009718	204f2253	fsgnjx.s	f4,f30,f4	 f30:0x7fc00000  f4:0x4ecad0e0  f4=0x7fc00000
     462705.000 ns	     46269	8000971c	1a412817	auipc	x16,0x1a412	 x16=0x9a41b71c
     462715.000 ns	     46270	80009720	00cb5e93	srli	x29,x22,0xc	 x22:0x00000001 x29=0x00000000
     462735.000 ns	     46272	80009724	28fe0dd3	fmin.s	f27,f28,f15	 f28:0xc721220f f15:0xcd2f903b f27=0xcd2f903b
     462765.000 ns	     46275	80009728	d0047cd3	fcvt.s.w	f25,x8	  x8:0x00000000 f25=0x00000000
     462785.000 ns	     46277	8000972c	dce5fc13	andi	x24,x11,-562	 x11:0x00000010 x24=0x00000000
     462795.000 ns	     46278	80009730	00000013	addi	x0,x0,0	  x0:0x00000000
     462805.000 ns	     46279	80009734	57434513	xori	x10,x6,1396	  x6:0x80041024 x10=0x80041550
     462815.000 ns	     46280	80009738	41ccdf13	srai	x30,x25,0x1c	 x25:0x80040fe4 x30=0xfffffff8
     462835.000 ns	     46282	8000973c	03b64d33	div	x26,x12,x27	 x12:0x00000000 x27:0x00000000 x26=0xffffffff
     462855.000 ns	     46284	80009740	01e12a33	slt	x20,x2,x30	  x2:0x00000000 x30:0x7fc00000 x20=0x00000000
     462865.000 ns	     46285	80009744	01c458b3	srl	x17,x8,x28	  x8:0x00000000 x28:0xf506f533 x17=0x00000000
     462885.000 ns	     46287	80009748	f0008753	fmv.w.x	f14,x1	  x1:0x0000005a f14=0x0000005a
     462915.000 ns	     46290	8000974c	d00e94d3	fcvt.s.w	f9,x29	 x29:0x00000000  f9=0x00000000
     462945.000 ns	     46293	80009750	e00990d3	fclass.s	x1,f19	 f19:0x09089654  x1=0x00000040
     462965.000 ns	     46295	80009754	01d2c4b3	xor	x9,x5,x29	  x5:0x00000000 x29:0x00000000  x9=0x00000000
     462975.000 ns	     46296	80009758	0168f3b3	and	x7,x17,x22	 x17:0x00000000 x22:0x00000001  x7=0x00000000
     462985.000 ns	     46297	8000975c	4173d033	sra	x0,x7,x23	  x7:0xf506f533 x23:0xfef1c280
     463005.000 ns	     46299	80009760	03ce83b3	mul	x7,x29,x28	 x29:0x00000000 x28:0xf506f533  x7=0x00000000
     463035.000 ns	     46302	80009764	20549bd3	fsgnjn.s	f23,f9,f5	  f9:0x00000000  f5:0x00000000 f23=0x80000000
     463055.000 ns	     46304	80009768	ef04f193	andi	x3,x9,-272	  x9:0x00000000  x3=0x00000000
     463075.000 ns	     46306	8000976c	c019f5d3	fcvt.wu.s	x11,f19	 f19:0x09089654 x11=0x00000000
     463095.000 ns	     46308	80009770	016f1113	slli	x2,x30,0x16	 x30:0xfffffff8  x2=0xfe000000
     463115.000 ns	     46310	80009774	20ec9a53	fsgnjn.s	f20,f25,f14	 f25:0x00000000 f14:0x0000005a f20=0x80000000
     463135.000 ns	     46312	80009778	00000013	addi	x0,x0,0	  x0:0x00000000
     463145.000 ns	     46313	8000977c	411dd133	sra	x2,x27,x17	 x27:0x00000000 x17:0x00000000  x2=0x00000000
     463155.000 ns	     46314	80009780	c1370e93	addi	x29,x14,-1005	 x14:0x00000000 x29=0xfffffc13
     463165.000 ns	     46315	80009784	00dbea33	or	x20,x23,x13	 x23:0xfef1c280 x13:0x00000000 x20=0xfef1c280
     463525.000 ns	     46351	80009788	02fd77b3	remu	x15,x26,x15	 x26:0xffffffff x15:0x000002cc x15=0x000001e3
     463565.000 ns	     46355	8000978c	19ecf453	fdiv.s	f8,f25,f30	 f25:0x00000000 f30:0x7fc00000  f8=0x7fc00000
     463595.000 ns	     46358	80009790	21ea9a53	fsgnjn.s	f20,f21,f30	 f21:0x40889654 f30:0x7fc00000 f20=0xc0889654
     463615.000 ns	     46360	80009794	0662fb13	andi	x22,x5,102	  x5:0x00000000 x22=0x00000000
     463645.000 ns	     46363	80009798	580df6d3	fsqrt.s	f13,f27	 f27:0xcd2f903b f13=0x7fc00000
     463665.000 ns	     46365	8000979c	01ac86b3	add	x13,x25,x26	 x25:0x80040fe4 x26:0xffffffff x13=0x80040fe3
     463675.000 ns	     46366	800097a0	001e1793	slli	x15,x28,0x1	 x28:0xf506f533 x15=0xea0dea66
     463685.000 ns	     46367	800097a4	00e927b3	slt	x15,x18,x14	 x18:0x00000000 x14:0x00000000 x15=0x00000000
     463695.000 ns	     46368	800097a8	00b2cdb3	xor	x27,x5,x11	  x5:0x00000000 x11:0x00000000 x27=0x00000000
     463715.000 ns	     46370	800097ac	c01cfed3	fcvt.wu.s	x29,f25	 f25:0x00000000 x29=0x00000000
     463765.000 ns	     46375	800097b0	098f7253	fsub.s	f4,f30,f24	 f30:0x7fc00000 f24:0xff800000  f4=0x7fc00000
     463795.000 ns	     46378	800097b4	e0091553	fclass.s	x10,f18	 f18:0x47211f56 x10=0x00000040
     463815.000 ns	     46380	800097b8	414d5193	srai	x3,x26,0x14	 x26:0xffffffff  x3=0xffffffff
     463835.000 ns	     46382	800097bc	03d35133	divu	x2,x6,x29	  x6:0x80041024 x29:0x00000000  x2=0xffffffff
     464785.000 ns	     46477	800097c0	580ffad3	fsqrt.s	f21,f31	 f31:0x47211f56 f21=0x42e3dbfe
     464805.000 ns	     46479	800097c4	00000013	addi	x0,x0,0	  x0:0x00000000
     464825.000 ns	     46481	800097c8	29ae95d3	fmax.s	f11,f29,f26	 f29:0x47211f56 f26:0x47211f56 f11=0x47211f56
     464845.000 ns	     46483	800097cc	41790db3	sub	x27,x18,x23	 x18:0x00000000 x23:0xfef1c280 x27=0x010e3d80
     464855.000 ns	     46484	800097d0	1e2bfa13	andi	x20,x23,482	 x23:0xfef1c280 x20=0x00000080
     464875.000 ns	     46486	800097d4	e0019b53	fclass.s	x22,f3	  f3:0x3f800000 x22=0x00000040
     464905.000 ns	     46489	800097d8	291e1cd3	fmax.s	f25,f28,f17	 f28:0xc721220f f17:0x402e7268 f25=0x402e7268
     464935.000 ns	     46492	800097dc	a0bd8bd3	fle.s	x23,f27,f11	 f27:0xcd2f903b f11:0x47211f56 x23=0x00000001
     464975.000 ns	     46496	800097e0	19eb8153	fdiv.s	f2,f23,f30	 f23:0x80000000 f30:0x7fc00000  f2=0x7fc00000
     464995.000 ns	     46498	800097e4	001f7733	and	x14,x30,x1	 x30:0xfffffff8  x1:0x00000040 x14=0x00000040
     465005.000 ns	     46499	800097e8	20ed7017	auipc	x0,0x20ed7	
     465025.000 ns	     46501	800097ec	a1aba7d3	feq.s	x15,f23,f26	 f23:0x80000000 f26:0x47211f56 x15=0x00000000
     465045.000 ns	     46503	800097f0	00dd5613	srli	x12,x26,0xd	 x26:0xffffffff x12=0x0007ffff
     465065.000 ns	     46505	800097f4	02cfb3b3	mulhu	x7,x31,x12	 x31:0x00000000 x12:0x00000000  x7=0x00000000
     465095.000 ns	     46508	800097f8	d000c553	fcvt.s.w	f10,x1	  x1:0x00000040 f10=0x42800000
     465125.000 ns	     46511	800097fc	02e608b3	mul	x17,x12,x14	 x12:0x0007ffff x14:0x00000040 x17=0x01ffffc0
     465145.000 ns	     46513	80009800	00438733	add	x14,x7,x4	  x7:0x00000000  x4:0x00000001 x14=0x00000001
     465165.000 ns	     46515	80009804	033121b3	mulhsu	x3,x2,x19	  x2:0xffffffff x19:0x00000001  x3=0xffffffff
     465535.000 ns	     46552	80009808	02d85db3	divu	x27,x16,x13	 x16:0x9a41b71c x13:0x80040fe3 x27=0x00000001
     465565.000 ns	     46555	8000980c	212e1253	fsgnjn.s	f4,f28,f18	 f28:0xc721220f f18:0x47211f56  f4=0xc721220f
     465615.000 ns	     46560	80009810	002af753	fadd.s	f14,f21,f2	 f21:0x42e3dbfe  f2:0x7fc00000 f14=0x7fc00000
     465655.000 ns	     46564	80009814	103879d3	fmul.s	f19,f16,f3	 f16:0xc7211f56  f3:0x3f800000 f19=0xc7211f56
     465685.000 ns	     46567	80009818	e0021253	fclass.s	x4,f4	  f4:0xc721220f  x4=0x00000002
     465715.000 ns	     46570	8000981c	033934b3	mulhu	x9,x18,x19	 x18:0x00000000 x19:0x00000001  x9=0x00000000
     465735.000 ns	     46572	80009820	00de7eb3	and	x29,x28,x13	 x28:0xf506f533 x13:0x80040fe3 x29=0x80040523
     465755.000 ns	     46574	80009824	29eb9fd3	fmax.s	f31,f23,f30	 f23:0x80000000 f30:0x7fc00000 f31=0x80000000
     465785.000 ns	     46577	80009828	a196ac53	feq.s	x24,f13,f25	 f13:0x7fc00000 f25:0x402e7268 x24=0x00000000
     465815.000 ns	     46580	8000982c	20cf8fd3	fsgnj.s	f31,f31,f12	 f31:0x80000000 f12:0xc176b4be f31=0x80000000
     465845.000 ns	     46583	80009830	29f71953	fmax.s	f18,f14,f31	 f14:0x7fc00000 f31:0x80000000 f18=0x80000000
     465865.000 ns	     46585	80009834	01895f33	srl	x30,x18,x24	 x18:0x00000000 x24:0x00000000 x30=0x00000000
     465875.000 ns	     46586	80009838	7051aa97	auipc	x21,0x7051a	 x21=0xf0523838
     465895.000 ns	     46588	8000983c	032b43b3	div	x7,x22,x18	 x22:0x00000040 x18:0x00000000  x7=0xffffffff
     465945.000 ns	     46593	80009840	08a570d3	fsub.s	f1,f10,f10	 f10:0x42800000 f10:0x42800000  f1=0x80000000
     465975.000 ns	     46596	80009844	02b1e5b3	rem	x11,x3,x11	  x3:0xffffffff x11:0x00000000 x11=0xffffffff
     466005.000 ns	     46599	80009848	293e0553	fmin.s	f10,f28,f19	 f28:0xc721220f f19:0xc7211f56 f10=0xc721220f
     466025.000 ns	     46601	8000984c	00a5c2b3	xor	x5,x11,x10	 x11:0xffffffff x10:0x00000040  x5=0xffffffbf
     466045.000 ns	     46603	80009850	a1dd1d53	flt.s	x26,f26,f29	 f26:0x47211f56 f29:0x47211f56 x26=0x00000000
     466075.000 ns	     46606	80009854	d0139f53	fcvt.s.wu	f30,x7	  x7:0xffffffff f30=0x4f7fffff
     466095.000 ns	     46608	80009858	40b10ab3	sub	x21,x2,x11	  x2:0xffffffff x11:0xffffffff x21=0x00000000
     466135.000 ns	     46612	8000985c	0994a7d3	fsub.s	f15,f9,f25	  f9:0x00000000 f25:0x402e7268 f15=0xc02e7268
     466155.000 ns	     46614	80009860	002e4933	xor	x18,x28,x2	 x28:0xf506f533  x2:0xffffffff x18=0x0af90acc
     466165.000 ns	     46615	80009864	00de3433	sltu	x8,x28,x13	 x28:0xf506f533 x13:0x80040fe3  x8=0x00000000
     466175.000 ns	     46616	80009868	41f555b3	sra	x11,x10,x31	 x10:0x00000040 x31:0x00000000 x11=0x00000040
     466195.000 ns	     46618	8000986c	0382a1b3	mulhsu	x3,x5,x24	  x5:0xffffffbf x24:0x00000000  x3=0x00000000
     466225.000 ns	     46621	80009870	03f43fb3	mulhu	x31,x8,x31	  x8:0x00000000 x31:0x00000000 x31=0x00000000
     466245.000 ns	     46623	80009874	012b7ab3	and	x21,x22,x18	 x22:0x00000040 x18:0x0af90acc x21=0x00000040
     466265.000 ns	     46625	80009878	21fa2ad3	fsgnjx.s	f21,f20,f31	 f20:0xc0889654 f31:0x80000000 f21=0x40889654
     466285.000 ns	     46627	8000987c	4c589497	auipc	x9,0x4c589	  x9=0xcc59287c
     466305.000 ns	     46629	80009880	28cf0ad3	fmin.s	f21,f30,f12	 f30:0x4f7fffff f12:0xc176b4be f21=0xc176b4be
     466325.000 ns	     46631	80009884	003d1b93	slli	x23,x26,0x3	 x26:0x00000000 x23=0x00000000
     466335.000 ns	     46632	80009888	016a5193	srli	x3,x20,0x16	 x20:0x00000080  x3=0x00000000
     466355.000 ns	     46634	8000988c	21ecaed3	fsgnjx.s	f29,f25,f30	 f25:0x402e7268 f30:0x4f7fffff f29=0x402e7268
     466375.000 ns	     46636	80009890	40a68b33	sub	x22,x13,x10	 x13:0x80040fe3 x10:0x00000040 x22=0x80040fa3
     466385.000 ns	     46637	80009894	00eb5a13	srli	x20,x22,0xe	 x22:0x00000040 x20=0x00020010
     466395.000 ns	     46638	80009898	414ada93	srai	x21,x21,0x14	 x21:0x00000040 x21=0x00000000
     466415.000 ns	     46640	8000989c	21aa9753	fsgnjn.s	f14,f21,f26	 f21:0xc176b4be f26:0x47211f56 f14=0xc176b4be
     466435.000 ns	     46642	800098a0	01da2933	slt	x18,x20,x29	 x20:0x00020010 x29:0x80040523 x18=0x00000000
     466795.000 ns	     46678	800098a4	036665b3	rem	x11,x12,x22	 x12:0x0007ffff x22:0x80040fa3 x11=0x0007ffff
     466815.000 ns	     46680	800098a8	01df6433	or	x8,x30,x29	 x30:0x00000000 x29:0x80040523  x8=0x80040523
     466845.000 ns	     46683	800098ac	1190f853	fmul.s	f16,f1,f25	  f1:0x80000000 f25:0x402e7268 f16=0x80000000
     466865.000 ns	     46685	800098b0	00f75213	srli	x4,x14,0xf	 x14:0x00000001  x4=0x00000000
     466875.000 ns	     46686	800098b4	40ae56b3	sra	x13,x28,x10	 x28:0xf506f533 x10:0x00000040 x13=0xf506f533
     466895.000 ns	     46688	800098b8	036e26b3	mulhsu	x13,x28,x22	 x28:0xf506f533 x22:0x80040fa3 x13=0xfa834e09
     466925.000 ns	     46691	800098bc	286d8453	fmin.s	f8,f27,f6	 f27:0xcd2f903b  f6:0x80000000  f8=0xcd2f903b
     466945.000 ns	     46693	800098c0	01d82633	slt	x12,x16,x29	 x16:0x9a41b71c x29:0x80040523 x12=0x00000000
     466965.000 ns	     46695	800098c4	e00387d3	fmv.x.w	x15,f7	  f7:0x7f800000 x15=0x7f800000
     466985.000 ns	     46697	800098c8	01981ab3	sll	x21,x16,x25	 x16:0x9a41b71c x25:0x80040fe4 x21=0xa41b71c0
     467005.000 ns	     46699	800098cc	29689953	fmax.s	f18,f17,f22	 f17:0x402e7268 f22:0xc7211f56 f18=0x402e7268
     467045.000 ns	     46703	800098d0	187c2853	fdiv.s	f16,f24,f7	 f24:0xff800000  f7:0x7f800000 f16=0x7fc00000
     467065.000 ns	     46705	800098d4	c975f913	andi	x18,x11,-873	 x11:0x0007ffff x18=0x0007fc97
     467425.000 ns	     46741	800098d8	03544433	div	x8,x8,x21	  x8:0x80040523 x21:0xa41b71c0  x8=0x00000001
     467455.000 ns	     46744	800098dc	f00686d3	fmv.w.x	f13,x13	 x13:0xfa834e09 f13=0xfa834e09
     467475.000 ns	     46746	800098e0	01d1e0b3	or	x1,x3,x29	  x3:0x00000000 x29:0x80040523  x1=0x80040523
     467495.000 ns	     46748	800098e4	a19196d3	flt.s	x13,f3,f25	  f3:0x3f800000 f25:0x402e7268 x13=0x00000001
     467525.000 ns	     46751	800098e8	02101db3	mulh	x27,x0,x1	  x0:0x00000000  x1:0x00000040 x27=0x00000000
     467545.000 ns	     46753	800098ec	00b1c8b3	xor	x17,x3,x11	  x3:0x00000000 x11:0x0007ffff x17=0x0007ffff
     467585.000 ns	     46757	800098f0	08fd2353	fsub.s	f6,f26,f15	 f26:0x47211f56 f15:0xc02e7268  f6=0x4721220f
     467605.000 ns	     46759	800098f4	01f94fb3	xor	x31,x18,x31	 x18:0x0007fc97 x31:0x00000000 x31=0x0007fc97
     467625.000 ns	     46761	800098f8	c0159fd3	fcvt.wu.s	x31,f11	 f11:0x47211f56 x31=0x0000a11f
     467655.000 ns	     46764	800098fc	a058add3	feq.s	x27,f17,f5	 f17:0x402e7268  f5:0x00000000 x27=0x00000000
     467685.000 ns	     46767	80009900	21439853	fsgnjn.s	f16,f7,f20	  f7:0x7f800000 f20:0xc0889654 f16=0x7f800000
     467715.000 ns	     46770	80009904	02301133	mulh	x2,x0,x3	  x0:0x00000000  x3:0x00000000  x2=0x00000000
     467735.000 ns	     46772	80009908	40a1dd13	srai	x26,x3,0xa	  x3:0x00000000 x26=0x00000000
     467745.000 ns	     46773	8000990c	00da5893	srli	x17,x20,0xd	 x20:0x00020010 x17=0x00000010
     467755.000 ns	     46774	80009910	6af7db97	auipc	x23,0x6af7d	 x23=0xeaf86910
     467765.000 ns	     46775	80009914	010558b3	srl	x17,x10,x16	 x10:0x00000040 x16:0x9a41b71c x17=0x00000000
     467785.000 ns	     46777	80009918	20862053	fsgnjx.s	f0,f12,f8	 f12:0xc176b4be  f8:0xcd2f903b  f0=0x4176b4be
     467815.000 ns	     46780	8000991c	a0b980d3	fle.s	x1,f19,f11	 f19:0xc7211f56 f11:0x47211f56  x1=0x00000001
     467835.000 ns	     46782	80009920	0e788193	addi	x3,x17,231	 x17:0x00000000  x3=0x000000e7
     467845.000 ns	     46783	80009924	01738eb3	add	x29,x7,x23	  x7:0xffffffff x23:0xeaf86910 x29=0xeaf8690f
     467865.000 ns	     46785	80009928	d001ce53	fcvt.s.w	f28,x3	  x3:0x00000000 f28=0x43670000
     467915.000 ns	     46790	8000992c	088499d3	fsub.s	f19,f9,f8	  f9:0x00000000  f8:0xcd2f903b f19=0x4d2f903b
     467935.000 ns	     46792	80009930	01b5e1b3	or	x3,x11,x27	 x11:0x0007ffff x27:0x00000000  x3=0x0007ffff
     467945.000 ns	     46793	80009934	4037d593	srai	x11,x15,0x3	 x15:0x7f800000 x11=0x0ff00000
     467955.000 ns	     46794	80009938	01d4d633	srl	x12,x9,x29	  x9:0xcc59287c x29:0xeaf8690f x12=0x000198b2
     467965.000 ns	     46795	8000993c	00c98fb3	add	x31,x19,x12	 x19:0x00000001 x12:0x00000000 x31=0x000198b3
     467985.000 ns	     46797	80009940	c006f9d3	fcvt.w.s	x19,f13	 f13:0xfa834e09 x19=0x80000000
     468005.000 ns	     46799	80009944	47980193	addi	x3,x16,1145	 x16:0x9a41b71c  x3=0x9a41bb95
     468015.000 ns	     46800	80009948	3cf37f13	andi	x30,x6,975	  x6:0x80041024 x30=0x00000004
     468025.000 ns	     46801	8000994c	00000013	addi	x0,x0,0	  x0:0x00000000
     468045.000 ns	     46803	80009950	c00a96d3	fcvt.w.s	x13,f21	 f21:0xc176b4be x13=0xfffffff1
     468085.000 ns	     46807	80009954	11977a53	fmul.s	f20,f14,f25	 f14:0xc176b4be f25:0x402e7268 f20=0xc2281d1a
     468115.000 ns	     46810	80009958	a0861f53	flt.s	x30,f12,f8	 f12:0xc176b4be  f8:0xcd2f903b x30=0x00000000
     468135.000 ns	     46812	8000995c	40ca08b3	sub	x17,x20,x12	 x20:0x00020010 x12:0x000198b2 x17=0x0000675e
     468145.000 ns	     46813	80009960	61fbf393	andi	x7,x23,1567	 x23:0xeaf86910  x7=0x00000010
     468165.000 ns	     46815	80009964	c002f6d3	fcvt.w.s	x13,f5	  f5:0x00000000 x13=0x00000000
     468195.000 ns	     46818	80009968	a1131d53	flt.s	x26,f6,f17	  f6:0x4721220f f17:0x402e7268 x26=0x00000000
     468225.000 ns	     46821	8000996c	028636b3	mulhu	x13,x12,x8	 x12:0x000198b2  x8:0x00000001 x13=0x00000000
     468245.000 ns	     46823	80009970	d287a813	slti	x16,x15,-728	 x15:0x7f800000 x16=0x00000000
     468255.000 ns	     46824	80009974	00a28bb3	add	x23,x5,x10	  x5:0xffffffbf x10:0x00000040 x23=0xffffffff
     468265.000 ns	     46825	80009978	91b70413	addi	x8,x14,-1765	 x14:0x00000001  x8=0xfffff91c
     468285.000 ns	     46827	8000997c	a1e700d3	fle.s	x1,f14,f30	 f14:0xc176b4be f30:0x4f7fffff  x1=0x00000001
     468305.000 ns	     46829	80009980	0f72ea93	ori	x21,x5,247	  x5:0xffffffbf x21=0xffffffff
     468315.000 ns	     46830	80009984	00000013	addi	x0,x0,0	  x0:0x00000000
     468335.000 ns	     46832	80009988	037a3f33	mulhu	x30,x20,x23	 x20:0x00020010 x23:0xffffffff x30=0x0002000f
     468355.000 ns	     46834	8000998c	00cfc6b3	xor	x13,x31,x12	 x31:0x000198b3 x12:0x000198b2 x13=0x00000001
     468365.000 ns	     46835	80009990	0c2e2713	slti	x14,x28,194	 x28:0xf506f533 x14=0x00000001
     468375.000 ns	     46836	80009994	01e15c33	srl	x24,x2,x30	  x2:0x00000000 x30:0x0002000f x24=0x00000000
     468385.000 ns	     46837	80009998	06deea93	ori	x21,x29,109	 x29:0xeaf8690f x21=0xeaf8696f
     468425.000 ns	     46841	8000999c	01602ad3	fadd.s	f21,f0,f22	  f0:0x4176b4be f22:0xc7211f56 f21=0xc7210feb
     468455.000 ns	     46844	800099a0	02181633	mulh	x12,x16,x1	 x16:0x00000000  x1:0x00000001 x12=0x00000000
     468475.000 ns	     46846	800099a4	01c6f1b3	and	x3,x13,x28	 x13:0x00000001 x28:0xf506f533  x3=0x00000001
     468485.000 ns	     46847	800099a8	00cb14b3	sll	x9,x22,x12	 x22:0x80040fa3 x12:0x00000000  x9=0x80040fa3
     468495.000 ns	     46848	800099ac	00cd65b3	or	x11,x26,x12	 x26:0x00000000 x12:0x00000000 x11=0x00000000
     468515.000 ns	     46850	800099b0	a008afd3	feq.s	x31,f17,f0	 f17:0x402e7268  f0:0x4176b4be x31=0x00000000
     468535.000 ns	     46852	800099b4	a6d1e497	auipc	x9,0xa6d1e	  x9=0x26d279b4
     468555.000 ns	     46854	800099b8	d002f253	fcvt.s.w	f4,x5	  x5:0xffffffbf  f4=0xc2820000
     468585.000 ns	     46857	800099bc	e00d01d3	fmv.x.w	x3,f26	 f26:0x47211f56  x3=0x47211f56
     468615.000 ns	     46860	800099c0	a1789d53	flt.s	x26,f17,f23	 f17:0x402e7268 f23:0x80000000 x26=0x00000000
     468635.000 ns	     46862	800099c4	6f596213	ori	x4,x18,1781	 x18:0x0007fc97  x4=0x0007fef7
     468645.000 ns	     46863	800099c8	0198f133	and	x2,x17,x25	 x17:0x0000675e x25:0x80040fe4  x2=0x00000744
     468665.000 ns	     46865	800099cc	a14021d3	feq.s	x3,f0,f20	  f0:0x4176b4be f20:0xc2281d1a  x3=0x00000000
     468685.000 ns	     46867	800099d0	45332793	slti	x15,x6,1107	  x6:0x80041024 x15=0x00000001
     468695.000 ns	     46868	800099d4	011f1f93	slli	x31,x30,0x11	 x30:0x0002000f x31=0x001e0000
     468705.000 ns	     46869	800099d8	002808b3	add	x17,x16,x2	 x16:0x00000000  x2:0x00000744 x17=0x00000744
     468715.000 ns	     46870	800099dc	01bba8b3	slt	x17,x23,x27	 x23:0xffffffff x27:0x00000000 x17=0x00000001
     468725.000 ns	     46871	800099e0	f57c12b7	lui	x5,0xf57c1	  x5=0xf57c1000
     468735.000 ns	     46872	800099e4	015bfc33	and	x24,x23,x21	 x23:0xffffffff x21:0xeaf8696f x24=0xeaf8696f
     468765.000 ns	     46875	800099e8	10ae3cd3	fmul.s	f25,f28,f10	 f28:0x43670000 f10:0xc721220f f25=0xcb1165bb
     468795.000 ns	     46878	800099ec	f0030d53	fmv.w.x	f26,x6	  x6:0x80041024 f26=0x80041024
     468825.000 ns	     46881	800099f0	d01ff653	fcvt.s.wu	f12,x31	 x31:0x001e0000 f12=0x49f00000
     468855.000 ns	     46884	800099f4	e0010dd3	fmv.x.w	x27,f2	  f2:0x7fc00000 x27=0x7fc00000
     468885.000 ns	     46887	800099f8	28e81f53	fmax.s	f30,f16,f14	 f16:0x7f800000 f14:0xc176b4be f30=0x7f800000
     468905.000 ns	     46889	800099fc	01073933	sltu	x18,x14,x16	 x14:0x00000001 x16:0x00000000 x18=0x00000000
     468915.000 ns	     46890	80009a00	2eb4e037	lui	x0,0x2eb4e	
     469275.000 ns	     46926	80009a04	028168b3	rem	x17,x2,x8	  x2:0x00000744  x8:0xfffff91c x17=0x00000060
     469305.000 ns	     46929	80009a08	28031f53	fmax.s	f30,f6,f0	  f6:0x4721220f  f0:0x4176b4be f30=0x4721220f
     469345.000 ns	     46933	80009a0c	11a575d3	fmul.s	f11,f10,f26	 f10:0xc721220f f26:0x80041024 f11=0x05a3ac41
     469365.000 ns	     46935	80009a10	63906c13	ori	x24,x0,1593	  x0:0x00000000 x24=0x00000639
     469385.000 ns	     46937	80009a14	02928bb3	mul	x23,x5,x9	  x5:0xf57c1000  x9:0x26d279b4 x23=0x5ecb4000
     469415.000 ns	     46940	80009a18	02b522b3	mulhsu	x5,x10,x11	 x10:0x00000040 x11:0x00000000  x5=0x00000000
     469445.000 ns	     46943	80009a1c	02ba2033	mulhsu	x0,x20,x11	 x20:0x00020010 x11:0x00000000
     469475.000 ns	     46946	80009a20	e0041a53	fclass.s	x20,f8	  f8:0xcd2f903b x20=0x00000002
     469505.000 ns	     46949	80009a24	e00019d3	fclass.s	x19,f0	  f0:0x4176b4be x19=0x00000040
     469875.000 ns	     46986	80009a28	03d5cfb3	div	x31,x11,x29	 x11:0x00000000 x29:0xeaf8690f x31=0x00000000
     469905.000 ns	     46989	80009a2c	c0103a53	fcvt.wu.s	x20,f0	  f0:0x4176b4be x20=0x00000010
     469935.000 ns	     46992	80009a30	21960f53	fsgnj.s	f30,f12,f25	 f12:0x49f00000 f25:0xcb1165bb f30=0xc9f00000
     469965.000 ns	     46995	80009a34	c0040f53	fcvt.w.s	x30,f8	  f8:0xcd2f903b x30=0xf506fc50
     469985.000 ns	     46997	80009a38	01e556b3	srl	x13,x10,x30	 x10:0x00000040 x30:0x0002000f x13=0x00000000
     470005.000 ns	     46999	80009a3c	03940a33	mul	x20,x8,x25	  x8:0xfffff91c x25:0x80040fe4 x20=0xe40280f0
     470025.000 ns	     47001	80009a40	24a93113	sltiu	x2,x18,586	 x18:0x00000000  x2=0x00000001
     470045.000 ns	     47003	80009a44	02d5a5b3	mulhsu	x11,x11,x13	 x11:0x00000000 x13:0x00000000 x11=0x00000000
     470075.000 ns	     47006	80009a48	e00094d3	fclass.s	x9,f1	  f1:0x80000000  x9=0x00000008
     470095.000 ns	     47008	80009a4c	40ae05b3	sub	x11,x28,x10	 x28:0xf506f533 x10:0x00000040 x11=0xf506f4f3
     470105.000 ns	     47009	80009a50	a624c097	auipc	x1,0xa624c	  x1=0x26255a50
     470115.000 ns	     47010	80009a54	01aad993	srli	x19,x21,0x1a	 x21:0xeaf8696f x19=0x0000003a
     470145.000 ns	     47013	80009a58	580480d3	fsqrt.s	f1,f9	  f9:0x00000000  f1=0x00000000
     470165.000 ns	     47015	80009a5c	009c99b3	sll	x19,x25,x9	 x25:0x80040fe4  x9:0x00000008 x19=0x040fe400
     470205.000 ns	     47019	80009a60	09b470d3	fsub.s	f1,f8,f27	  f8:0xcd2f903b f27:0xcd2f903b  f1=0x00000000
     470225.000 ns	     47021	80009a64	ebcd41b7	lui	x3,0xebcd4	  x3=0xebcd4000
     470235.000 ns	     47022	80009a68	00dea8b3	slt	x17,x29,x13	 x29:0xeaf8690f x13:0x00000000 x17=0x00000001
     470245.000 ns	     47023	80009a6c	01fde433	or	x8,x27,x31	 x27:0x7fc00000 x31:0x00000000  x8=0x7fc00000
     470275.000 ns	     47026	80009a70	58057a53	fsqrt.s	f20,f10	 f10:0xc721220f f20=0x7fc00000
     470305.000 ns	     47029	80009a74	03a941b3	div	x3,x18,x26	 x18:0x00000000 x26:0x00000000  x3=0xffffffff
     470325.000 ns	     47031	80009a78	1e77ba13	sltiu	x20,x15,487	 x15:0x00000001 x20=0x00000001
     470335.000 ns	     47032	80009a7c	d0942993	slti	x19,x8,-759	  x8:0x7fc00000 x19=0x00000000
     470345.000 ns	     47033	80009a80	008eb3b3	sltu	x7,x29,x8	 x29:0xeaf8690f  x8:0x7fc00000  x7=0x00000000
     470365.000 ns	     47035	80009a84	03320233	mul	x4,x4,x19	  x4:0x0007fef7 x19:0x040fe400  x4=0x00000000
     470395.000 ns	     47038	80009a88	0213af33	mulhsu	x30,x7,x1	  x7:0x00000010  x1:0x26255a50 x30=0x00000000
     470415.000 ns	     47040	80009a8c	bfcf0093	addi	x1,x30,-1028	 x30:0xf506fc50  x1=0xfffffbfc
     470425.000 ns	     47041	80009a90	c7a10f37	lui	x30,0xc7a10	 x30=0xc7a10000
     470785.000 ns	     47077	80009a94	02ef6f33	rem	x30,x30,x14	 x30:0x00000000 x14:0x00000001 x30=0x00000000
     470805.000 ns	     47079	80009a98	fdaca693	slti	x13,x25,-38	 x25:0x80040fe4 x13=0x00000001
     470815.000 ns	     47080	80009a9c	00dbf3b3	and	x7,x23,x13	 x23:0x5ecb4000 x13:0x00000000  x7=0x00000000
     470845.000 ns	     47083	80009aa0	1133f0d3	fmul.s	f1,f7,f19	  f7:0x7f800000 f19:0x4d2f903b  f1=0x7f800000
     470865.000 ns	     47085	80009aa4	006d38b3	sltu	x17,x26,x6	 x26:0x00000000  x6:0x80041024 x17=0x00000001
     470885.000 ns	     47087	80009aa8	e0039f53	fclass.s	x30,f7	  f7:0x7f800000 x30=0x00000080
     472065.000 ns	     47205	80009aac	580974d3	fsqrt.s	f9,f18	 f18:0x402e7268  f9=0x3f76b42c
     472085.000 ns	     47207	80009ab0	41fedb13	srai	x22,x29,0x1f	 x29:0xeaf8690f x22=0xffffffff
     472125.000 ns	     47211	80009ab4	016bf353	fadd.s	f6,f23,f22	 f23:0x80000000 f22:0xc7211f56  f6=0xc7211f56
     472145.000 ns	     47213	80009ab8	011f56b3	srl	x13,x30,x17	 x30:0x00000080 x17:0x00000001 x13=0x00000040
     472165.000 ns	     47215	80009abc	02ffbb33	mulhu	x22,x31,x15	 x31:0x00000000 x15:0x00000001 x22=0x00000000
     472195.000 ns	     47218	80009ac0	a1bd8253	fle.s	x4,f27,f27	 f27:0xcd2f903b f27:0xcd2f903b  x4=0x00000001
     472225.000 ns	     47221	80009ac4	d0187853	fcvt.s.wu	f16,x16	 x16:0x00000000 f16=0x00000000
     472255.000 ns	     47224	80009ac8	d01830d3	fcvt.s.wu	f1,x16	 x16:0x00000000  f1=0x00000000
     472625.000 ns	     47261	80009acc	034ee0b3	rem	x1,x29,x20	 x29:0xeaf8690f x20:0x00000001  x1=0x00000000
     472645.000 ns	     47263	80009ad0	4de78693	addi	x13,x15,1246	 x15:0x00000001 x13=0x000004df
     472675.000 ns	     47266	80009ad4	110bfd53	fmul.s	f26,f23,f16	 f23:0x80000000 f16:0x00000000 f26=0x80000000
     472695.000 ns	     47268	80009ad8	a2422613	slti	x12,x4,-1500	  x4:0x00000001 x12=0x00000000
     472705.000 ns	     47269	80009adc	408e0c33	sub	x24,x28,x8	 x28:0xf506f533  x8:0x7fc00000 x24=0x7546f533
     472725.000 ns	     47271	80009ae0	21a88bd3	fsgnj.s	f23,f17,f26	 f17:0x402e7268 f26:0x80000000 f23=0xc02e7268
     472755.000 ns	     47274	80009ae4	20d2a153	fsgnjx.s	f2,f5,f13	  f5:0x00000000 f13:0xfa834e09  f2=0x80000000
     472775.000 ns	     47276	80009ae8	41a0d233	sra	x4,x1,x26	  x1:0x00000000 x26:0x00000000  x4=0x00000000
     472795.000 ns	     47278	80009aec	a04f90d3	flt.s	x1,f31,f4	 f31:0x80000000  f4:0xc2820000  x1=0x00000000
     472825.000 ns	     47281	80009af0	0391bdb3	mulhu	x27,x3,x25	  x3:0xffffffff x25:0x80040fe4 x27=0x80040fe3
     472855.000 ns	     47284	80009af4	286812d3	fmax.s	f5,f16,f6	 f16:0x00000000  f6:0xc7211f56  f5=0x00000000
     472875.000 ns	     47286	80009af8	41040433	sub	x8,x8,x16	  x8:0x7fc00000 x16:0x00000000  x8=0x7fc00000
     472885.000 ns	     47287	80009afc	013fdb93	srli	x23,x31,0x13	 x31:0x00000000 x23=0x00000000
     472905.000 ns	     47289	80009b00	027a7a33	remu	x20,x20,x7	 x20:0x00000001  x7:0x00000000 x20=0x00000001
     472935.000 ns	     47292	80009b04	e0019dd3	fclass.s	x27,f3	  f3:0x3f800000 x27=0x00000040
     472955.000 ns	     47294	80009b08	0165d913	srli	x18,x11,0x16	 x11:0xf506f4f3 x18=0x000003d4
     472975.000 ns	     47296	80009b0c	214289d3	fsgnj.s	f19,f5,f20	  f5:0x00000000 f20:0x7fc00000 f19=0x00000000
     472995.000 ns	     47298	80009b10	ebd98c13	addi	x24,x19,-323	 x19:0x00000000 x24=0xfffffebd
     473015.000 ns	     47300	80009b14	02f19fb3	mulh	x31,x3,x15	  x3:0xffffffff x15:0x00000001 x31=0xffffffff
     473035.000 ns	     47302	80009b18	f3736d13	ori	x26,x6,-201	  x6:0x80041024 x26=0xffffff37
     473055.000 ns	     47304	80009b1c	036de0b3	rem	x1,x27,x22	 x27:0x00000040 x22:0x00000000  x1=0x00000040
     473085.000 ns	     47307	80009b20	a0da9053	flt.s	x0,f21,f13	 f21:0xc7210feb f13:0xfa834e09
     473105.000 ns	     47309	80009b24	129f2437	lui	x8,0x129f2	  x8=0x129f2000
     473125.000 ns	     47311	80009b28	a1399753	flt.s	x14,f19,f19	 f19:0x00000000 f19:0x00000000 x14=0x00000000
     473145.000 ns	     47313	80009b2c	00000013	addi	x0,x0,0	  x0:0x00000000
     473165.000 ns	     47315	80009b30	d002bd53	fcvt.s.w	f26,x5	  x5:0x00000000 f26=0x00000000
     473185.000 ns	     47317	80009b34	00000013	addi	x0,x0,0	  x0:0x00000000
     473205.000 ns	     47319	80009b38	21509a53	fsgnjn.s	f20,f1,f21	  f1:0x00000000 f21:0xc7210feb f20=0x00000000
     473225.000 ns	     47321	80009b3c	01765c33	srl	x24,x12,x23	 x12:0x00000000 x23:0x00000000 x24=0x00000000
     473555.000 ns	     47354	80009b40	18067653	fdiv.s	f12,f12,f0	 f12:0x49f00000  f0:0x4176b4be f12=0x4842fce5
     473575.000 ns	     47356	80009b44	0105d4b3	srl	x9,x11,x16	 x11:0xf506f4f3 x16:0x00000000  x9=0xf506f4f3
     473605.000 ns	     47359	80009b48	11eb35d3	fmul.s	f11,f22,f30	 f22:0xc7211f56 f30:0xc9f00000 f11=0x51970d61
     473635.000 ns	     47362	80009b4c	f00407d3	fmv.w.x	f15,x8	  x8:0x129f2000 f15=0x129f2000
     473655.000 ns	     47364	80009b50	00c019b3	sll	x19,x0,x12	  x0:0x00000000 x12:0x00000000 x19=0x00000000
     473665.000 ns	     47365	80009b54	0066f2b3	and	x5,x13,x6	 x13:0x000004df  x6:0x80041024  x5=0x00000004
     474025.000 ns	     47401	80009b58	039af033	remu	x0,x21,x25	 x21:0xeaf8696f x25:0x80040fe4
     474055.000 ns	     47404	80009b5c	c0161d53	fcvt.wu.s	x26,f12	 f12:0x4842fce5 x26=0x00030bf3
     474085.000 ns	     47407	80009b60	29f98453	fmin.s	f8,f19,f31	 f19:0x00000000 f31:0x80000000  f8=0x80000000
     474105.000 ns	     47409	80009b64	37e04993	xori	x19,x0,894	  x0:0x00000000 x19=0x0000037e
     474115.000 ns	     47410	80009b68	0163f1b3	and	x3,x7,x22	  x7:0x00000000 x22:0x00000000  x3=0x00000000
     474125.000 ns	     47411	80009b6c	01adad33	slt	x26,x27,x26	 x27:0x00000040 x26:0x00030bf3 x26=0x00000001
     474145.000 ns	     47413	80009b70	f0040653	fmv.w.x	f12,x8	  x8:0x129f2000 f12=0x129f2000
     474165.000 ns	     47415	80009b74	0010d2b3	srl	x5,x1,x1	  x1:0x00000040  x1:0x00000040  x5=0x00000040
     474185.000 ns	     47417	80009b78	a0cfab53	feq.s	x22,f31,f12	 f31:0x80000000 f12:0x129f2000 x22=0x00000000
     474215.000 ns	     47420	80009b7c	21a78f53	fsgnj.s	f30,f15,f26	 f15:0x129f2000 f26:0x00000000 f30=0x129f2000
     474585.000 ns	     47457	80009b80	0318c933	div	x18,x17,x17	 x17:0x00000001 x17:0x00000001 x18=0x00000001
     474615.000 ns	     47460	80009b84	a0a587d3	fle.s	x15,f11,f10	 f11:0x51970d61 f10:0xc721220f x15=0x00000000
     474635.000 ns	     47462	80009b88	01fc82b3	add	x5,x25,x31	 x25:0x80040fe4 x31:0xffffffff  x5=0x80040fe3
     474645.000 ns	     47463	80009b8c	42bb4a93	xori	x21,x22,1067	 x22:0x00000000 x21=0x0000042b
     474665.000 ns	     47465	80009b90	d01c7453	fcvt.s.wu	f8,x24	 x24:0x00000000  f8=0x00000000
     474695.000 ns	     47468	80009b94	d00d0753	fcvt.s.w	f14,x26	 x26:0x00000001 f14=0x3f800000
     474725.000 ns	     47471	80009b98	c00a33d3	fcvt.w.s	x7,f20	 f20:0x00000000  x7=0x00000000
     475095.000 ns	     47508	80009b9c	03a05133	divu	x2,x0,x26	  x0:0x00000000 x26:0x00000001  x2=0x00000000
     475125.000 ns	     47511	80009ba0	a06fab53	feq.s	x22,f31,f6	 f31:0x80000000  f6:0xc7211f56 x22=0x00000000
     475175.000 ns	     47516	80009ba4	08d53753	fsub.s	f14,f10,f13	 f10:0xc721220f f13:0xfa834e09 f14=0x7a834e09
     475205.000 ns	     47519	80009ba8	2119a3d3	fsgnjx.s	f7,f19,f17	 f19:0x00000000 f17:0x402e7268  f7=0x00000000
     475225.000 ns	     47521	80009bac	009c1a93	slli	x21,x24,0x9	 x24:0x00000000 x21=0x00000000
     475235.000 ns	     47522	80009bb0	48374693	xori	x13,x14,1155	 x14:0x00000000 x13=0x00000483
     476405.000 ns	     47639	80009bb4	5801fb53	fsqrt.s	f22,f3	  f3:0x3f800000 f22=0x3f7fffae
     476425.000 ns	     47641	80009bb8	4e66bc13	sltiu	x24,x13,1254	 x13:0x000004df x24=0x00000001
     476435.000 ns	     47642	80009bbc	01cb17b3	sll	x15,x22,x28	 x22:0x00000000 x28:0xf506f533 x15=0x00000000
     476455.000 ns	     47644	80009bc0	030a7533	remu	x10,x20,x16	 x20:0x00000001 x16:0x00000000 x10=0x00000001
     476795.000 ns	     47678	80009bc4	197f4d53	fdiv.s	f26,f30,f23	 f30:0x129f2000 f23:0xc02e7268 f26=0x91ebbfae
     476815.000 ns	     47680	80009bc8	01ccdab3	srl	x21,x25,x28	 x25:0x80040fe4 x28:0xf506f533 x21=0x00001000
     476835.000 ns	     47682	80009bcc	03130b33	mul	x22,x6,x17	  x6:0x80041024 x17:0x00000001 x22=0x80041024
     476865.000 ns	     47685	80009bd0	d00c3953	fcvt.s.w	f18,x24	 x24:0x00000001 f18=0x3f800000
     476885.000 ns	     47687	80009bd4	0bafeb13	ori	x22,x31,186	 x31:0xffffffff x22=0xffffffff
     476905.000 ns	     47689	80009bd8	f00e8653	fmv.w.x	f12,x29	 x29:0xeaf8690f f12=0xeaf8690f
     476925.000 ns	     47691	80009bdc	84fafb37	lui	x22,0x84faf	 x22=0x84faf000
     476935.000 ns	     47692	80009be0	01921ab3	sll	x21,x4,x25	  x4:0x00000000 x25:0x80040fe4 x21=0x00000000
     477265.000 ns	     47725	80009be4	199df9d3	fdiv.s	f19,f27,f25	 f27:0xcd2f903b f25:0xcb1165bb f19=0x412f903c
     477285.000 ns	     47727	80009be8	00154b33	xor	x22,x10,x1	 x10:0x00000001  x1:0x00000040 x22=0x00000041
     477295.000 ns	     47728	80009bec	00ec2633	slt	x12,x24,x14	 x24:0x00000001 x14:0x00000000 x12=0x00000000
     477305.000 ns	     47729	80009bf0	41815f13	srai	x30,x2,0x18	  x2:0x00000000 x30=0x00000000
     477665.000 ns	     47765	80009bf4	032ee633	rem	x12,x29,x18	 x29:0xeaf8690f x18:0x00000001 x12=0x00000000
     477685.000 ns	     47767	80009bf8	0cf1a5b7	lui	x11,0xcf1a	 x11=0x0cf1a000
     478045.000 ns	     47803	80009bfc	02d36fb3	rem	x31,x6,x13	  x6:0x80041024 x13:0x00000483 x31=0xfffffd06
     478065.000 ns	     47805	80009c00	017d4033	xor	x0,x26,x23	 x26:0x00000001 x23:0x00000000
     478075.000 ns	     47806	80009c04	09822e93	slti	x29,x4,152	  x4:0x00000000 x29=0x00000001
     478085.000 ns	     47807	80009c08	40dfd0b3	sra	x1,x31,x13	 x31:0xfffffd06 x13:0x00000483  x1=0xffffffa0
     478105.000 ns	     47809	80009c0c	d01ef953	fcvt.s.wu	f18,x29	 x29:0xeaf8690f f18=0x3f800000
     478135.000 ns	     47812	80009c10	f00d0cd3	fmv.w.x	f25,x26	 x26:0x00000001 f25=0x00000001
     478155.000 ns	     47814	80009c14	00db0133	add	x2,x22,x13	 x22:0x00000041 x13:0x00000483  x2=0x000004c4
     478165.000 ns	     47815	80009c18	001b1633	sll	x12,x22,x1	 x22:0x00000041  x1:0xffffffa0 x12=0x00000041
     478175.000 ns	     47816	80009c1c	7de37d93	andi	x27,x6,2014	  x6:0x80041024 x27=0x00000004
     478185.000 ns	     47817	80009c20	006b5d33	srl	x26,x22,x6	 x22:0x00000041  x6:0x80041024 x26=0x00000004
     478195.000 ns	     47818	80009c24	7ce46813	ori	x16,x8,1998	  x8:0x129f2000 x16=0x129f27ce
     478205.000 ns	     47819	80009c28	00285bb3	srl	x23,x16,x2	 x16:0x00000000  x2:0x000004c4 x23=0x0129f27c
     478215.000 ns	     47820	80009c2c	b84ea113	slti	x2,x29,-1148	 x29:0x00000001  x2=0x00000000
     478225.000 ns	     47821	80009c30	d21a6f13	ori	x30,x20,-735	 x20:0x00000001 x30=0xfffffd21
     478245.000 ns	     47823	80009c34	a17b0153	fle.s	x2,f22,f23	 f22:0x3f7fffae f23:0xc02e7268  x2=0x00000000
     478615.000 ns	     47860	80009c38	026b74b3	remu	x9,x22,x6	 x22:0x00000041  x6:0x80041024  x9=0x00000041
     478635.000 ns	     47862	80009c3c	17b9af13	slti	x30,x19,379	 x19:0x0000037e x30=0x00000000
     478645.000 ns	     47863	80009c40	01fc8fb3	add	x31,x25,x31	 x25:0x80040fe4 x31:0xfffffd06 x31=0x80040cea
     478665.000 ns	     47865	80009c44	c003b8d3	fcvt.w.s	x17,f7	  f7:0x00000000 x17=0x00000000
     478695.000 ns	     47868	80009c48	a1769ad3	flt.s	x21,f13,f23	 f13:0xfa834e09 f23:0xc02e7268 x21=0x00000001
     478735.000 ns	     47872	80009c4c	119a08d3	fmul.s	f17,f20,f25	 f20:0x00000000 f25:0x00000001 f17=0x00000000
     478755.000 ns	     47874	80009c50	2274c793	xori	x15,x9,551	  x9:0x00000041 x15=0x00000266
     478765.000 ns	     47875	80009c54	382d2393	slti	x7,x26,898	 x26:0x00000004  x7=0x00000001
     479125.000 ns	     47911	80009c58	03546933	rem	x18,x8,x21	  x8:0x129f2000 x21:0x00000001 x18=0x00000000
     479155.000 ns	     47914	80009c5c	02d88ab3	mul	x21,x17,x13	 x17:0x00000000 x13:0x00000483 x21=0x00000000
     479185.000 ns	     47917	80009c60	03a122b3	mulhsu	x5,x2,x26	  x2:0x00000000 x26:0x00000004  x5=0x00000000
     479205.000 ns	     47919	80009c64	00c92bb3	slt	x23,x18,x12	 x18:0x00000000 x12:0x00000041 x23=0x00000001
     479215.000 ns	     47920	80009c68	00495733	srl	x14,x18,x4	 x18:0x00000000  x4:0x00000000 x14=0x00000000
     479225.000 ns	     47921	80009c6c	01cc4f33	xor	x30,x24,x28	 x24:0x00000001 x28:0xf506f533 x30=0xf506f532
     479245.000 ns	     47923	80009c70	c01428d3	fcvt.wu.s	x17,f8	  f8:0x00000000 x17=0x00000000
     479265.000 ns	     47925	80009c74	1b4917b7	lui	x15,0x1b491	 x15=0x1b491000
     479275.000 ns	     47926	80009c78	c564a013	slti	x0,x9,-938	  x9:0x00000041
     479285.000 ns	     47927	80009c7c	416907b3	sub	x15,x18,x22	 x18:0x00000000 x22:0x00000041 x15=0xffffffbf
     479305.000 ns	     47929	80009c80	c01ebb53	fcvt.wu.s	x22,f29	 f29:0x402e7268 x22=0x00000003
     479645.000 ns	     47963	80009c84	186bf453	fdiv.s	f8,f23,f6	 f23:0xc02e7268  f6:0xc7211f56  f8=0x38ab6287
     479675.000 ns	     47966	80009c88	293e06d3	fmin.s	f13,f28,f19	 f28:0x43670000 f19:0x412f903c f13=0x412f903c
     479705.000 ns	     47969	80009c8c	20229253	fsgnjn.s	f4,f5,f2	  f5:0x00000000  f2:0x80000000  f4=0x00000000
     479735.000 ns	     47972	80009c90	023349b3	div	x19,x6,x3	  x6:0x80041024  x3:0x00000000 x19=0xffffffff
     479765.000 ns	     47975	80009c94	21e61553	fsgnjn.s	f10,f12,f30	 f12:0xeaf8690f f30:0x129f2000 f10=0xeaf8690f
     479795.000 ns	     47978	80009c98	02523c33	mulhu	x24,x4,x5	  x4:0x00000000  x5:0x00000000 x24=0x00000000
     479815.000 ns	     47980	80009c9c	adb065b7	lui	x11,0xadb06	 x11=0xadb06000
     479825.000 ns	     47981	80009ca0	019de0b3	or	x1,x27,x25	 x27:0x00000004 x25:0x80040fe4  x1=0x80040fe4
     479835.000 ns	     47982	80009ca4	0b324d93	xori	x27,x4,179	  x4:0x00000000 x27=0x000000b3
     479845.000 ns	     47983	80009ca8	015081b3	add	x3,x1,x21	  x1:0xffffffa0 x21:0x00000000  x3=0x80040fe4
     480205.000 ns	     48019	80009cac	037146b3	div	x13,x2,x23	  x2:0x00000000 x23:0x00000001 x13=0x00000000
     480235.000 ns	     48022	80009cb0	d00b9153	fcvt.s.w	f2,x23	 x23:0x00000001  f2=0x3f800000
     480255.000 ns	     48024	80009cb4	00743eb3	sltu	x29,x8,x7	  x8:0x129f2000  x7:0x00000001 x29=0x00000000
     480295.000 ns	     48028	80009cb8	00579f53	fadd.s	f30,f15,f5	 f15:0x129f2000  f5:0x00000000 f30=0x129f2000
     480315.000 ns	     48030	80009cbc	4eb6ba37	lui	x20,0x4eb6b	 x20=0x4eb6b000
     480335.000 ns	     48032	80009cc0	d00079d3	fcvt.s.w	f19,x0	  x0:0x00000000 f19=0x00000000
     480365.000 ns	     48035	80009cc4	a09e1f53	flt.s	x30,f28,f9	 f28:0x43670000  f9:0x3f76b42c x30=0x00000000
     480395.000 ns	     48038	80009cc8	a00d27d3	feq.s	x15,f26,f0	 f26:0x91ebbfae  f0:0x4176b4be x15=0x00000000
     480425.000 ns	     48041	80009ccc	03a5abb3	mulhsu	x23,x11,x26	 x11:0xadb06000 x26:0x00000004 x23=0xfffffffe
     480445.000 ns	     48043	80009cd0	1423f613	andi	x12,x7,322	  x7:0x00000001 x12=0x00000000
     480455.000 ns	     48044	80009cd4	01805f13	srli	x30,x0,0x18	  x0:0x00000000 x30=0x00000000
     480475.000 ns	     48046	80009cd8	a0370a53	fle.s	x20,f14,f3	 f14:0x7a834e09  f3:0x3f800000 x20=0x00000000
     480495.000 ns	     48048	80009cdc	006f7f33	and	x30,x30,x6	 x30:0x00000000  x6:0x80041024 x30=0x00000000
     480825.000 ns	     48081	80009ce0	18fab3d3	fdiv.s	f7,f21,f15	 f21:0xc7210feb f15:0x129f2000  f7=0xf3e361c6
     480845.000 ns	     48083	80009ce4	59151797	auipc	x15,0x59151	 x15=0xd915ace4
     480855.000 ns	     48084	80009ce8	4e20b293	sltiu	x5,x1,1250	  x1:0x80040fe4  x5=0x00000000
     480865.000 ns	     48085	80009cec	d19c4b93	xori	x23,x24,-743	 x24:0x00000000 x23=0xfffffd19
     480885.000 ns	     48087	80009cf0	e00610d3	fclass.s	x1,f12	 f12:0xeaf8690f  x1=0x00000002
     480905.000 ns	     48089	80009cf4	00b1a6b3	slt	x13,x3,x11	  x3:0x80040fe4 x11:0xadb06000 x13=0x00000001
     480925.000 ns	     48091	80009cf8	0382c833	div	x16,x5,x24	  x5:0x00000000 x24:0x00000000 x16=0xffffffff
     480955.000 ns	     48094	80009cfc	a1ef0453	fle.s	x8,f30,f30	 f30:0x129f2000 f30:0x129f2000  x8=0x00000001
     480985.000 ns	     48097	80009d00	03991c33	mulh	x24,x18,x25	 x18:0x00000000 x25:0x80040fe4 x24=0x00000000
     481015.000 ns	     48100	80009d04	29b18053	fmin.s	f0,f3,f27	  f3:0x3f800000 f27:0xcd2f903b  f0=0xcd2f903b
     481045.000 ns	     48103	80009d08	205482d3	fsgnj.s	f5,f9,f5	  f9:0x3f76b42c  f5:0x00000000  f5=0x3f76b42c
     481075.000 ns	     48106	80009d0c	f00d0153	fmv.w.x	f2,x26	 x26:0x00000004  f2=0x00000004
     481095.000 ns	     48108	80009d10	40f1dd93	srai	x27,x3,0xf	  x3:0x80040fe4 x27=0xffff0008
     481115.000 ns	     48110	80009d14	a14687d3	fle.s	x15,f13,f20	 f13:0x412f903c f20:0x00000000 x15=0x00000000
     481145.000 ns	     48113	80009d18	d00f24d3	fcvt.s.w	f9,x30	 x30:0x00000000  f9=0x00000000
     481175.000 ns	     48116	80009d1c	a00d08d3	fle.s	x17,f26,f0	 f26:0x91ebbfae  f0:0xcd2f903b x17=0x00000000
     481195.000 ns	     48118	80009d20	01036fb3	or	x31,x6,x16	  x6:0x80041024 x16:0xffffffff x31=0xffffffff
     481205.000 ns	     48119	80009d24	00000013	addi	x0,x0,0	  x0:0x00000000
     481225.000 ns	     48121	80009d28	03cd89b3	mul	x19,x27,x28	 x27:0xffff0008 x28:0xf506f533 x19=0xb304a998
     481255.000 ns	     48124	80009d2c	f0090ed3	fmv.w.x	f29,x18	 x18:0x00000000 f29=0x00000000
     481285.000 ns	     48127	80009d30	f0098fd3	fmv.w.x	f31,x19	 x19:0xb304a998 f31=0xb304a998
     481315.000 ns	     48130	80009d34	03844fb3	div	x31,x8,x24	  x8:0x00000001 x24:0x00000000 x31=0xffffffff
     481345.000 ns	     48133	80009d38	03042fb3	mulhsu	x31,x8,x16	  x8:0x00000001 x16:0xffffffff x31=0x00000000
     481375.000 ns	     48136	80009d3c	213c9cd3	fsgnjn.s	f25,f25,f19	 f25:0x00000001 f19:0x00000000 f25=0x80000001
     481405.000 ns	     48139	80009d40	a04494d3	flt.s	x9,f9,f4	  f9:0x00000000  f4:0x00000000  x9=0x00000000
     481435.000 ns	     48142	80009d44	038411b3	mulh	x3,x8,x24	  x8:0x00000001 x24:0x00000000  x3=0x00000000
     481455.000 ns	     48144	80009d48	41a25b33	sra	x22,x4,x26	  x4:0x00000000 x26:0x00000004 x22=0x00000000
     481475.000 ns	     48146	80009d4c	c0027ad3	fcvt.w.s	x21,f4	  f4:0x00000000 x21=0x00000000
     481495.000 ns	     48148	80009d50	651f6697	auipc	x13,0x651f6	 x13=0xe51ffd50
     481515.000 ns	     48150	80009d54	03b793b3	mulh	x7,x15,x27	 x15:0x00000000 x27:0xffff0008  x7=0x00000000
     481545.000 ns	     48153	80009d58	d00c31d3	fcvt.s.w	f3,x24	 x24:0x00000000  f3=0x00000000
     481575.000 ns	     48156	80009d5c	03eacb33	div	x22,x21,x30	 x21:0x00000000 x30:0x00000000 x22=0xffffffff
     481595.000 ns	     48158	80009d60	0080a8b3	slt	x17,x1,x8	  x1:0x00000002  x8:0x00000001 x17=0x00000000
     481615.000 ns	     48160	80009d64	29bc9fd3	fmax.s	f31,f25,f27	 f25:0x80000001 f27:0xcd2f903b f31=0x80000001
     481645.000 ns	     48163	80009d68	e0010bd3	fmv.x.w	x23,f2	  f2:0x00000004 x23=0x00000004
     481675.000 ns	     48166	80009d6c	f00b87d3	fmv.w.x	f15,x23	 x23:0xfffffd19 f15=0x00000004
     481705.000 ns	     48169	80009d70	e00715d3	fclass.s	x11,f14	 f14:0x7a834e09 x11=0x00000040
     481725.000 ns	     48171	80009d74	40c00db3	sub	x27,x0,x12	  x0:0x00000000 x12:0x00000000 x27=0x00000000
     481735.000 ns	     48172	80009d78	00d777b3	and	x15,x14,x13	 x14:0x00000000 x13:0xe51ffd50 x15=0x00000000
     481745.000 ns	     48173	80009d7c	00c69533	sll	x10,x13,x12	 x13:0xe51ffd50 x12:0x00000000 x10=0xe51ffd50
     481765.000 ns	     48175	80009d80	287006d3	fmin.s	f13,f0,f7	  f0:0xcd2f903b  f7:0xf3e361c6 f13=0xf3e361c6
     481785.000 ns	     48177	80009d84	40285793	srai	x15,x16,0x2	 x16:0xffffffff x15=0xffffffff
     481805.000 ns	     48179	80009d88	c011f453	fcvt.wu.s	x8,f3	  f3:0x00000000  x8=0x00000000
     481845.000 ns	     48183	80009d8c	1032f9d3	fmul.s	f19,f5,f3	  f5:0x3f76b42c  f3:0x00000000 f19=0x00000000
     481865.000 ns	     48185	80009d90	00000013	addi	x0,x0,0	  x0:0x00000000
     481875.000 ns	     48186	80009d94	00c0d8b3	srl	x17,x1,x12	  x1:0x00000002 x12:0x00000000 x17=0x00000002
     481895.000 ns	     48188	80009d98	a0d49f53	flt.s	x30,f9,f13	  f9:0x00000000 f13:0xf3e361c6 x30=0x00000000
     481925.000 ns	     48191	80009d9c	21dc0653	fsgnj.s	f12,f24,f29	 f24:0xff800000 f29:0x00000000 f12=0x7f800000
     481945.000 ns	     48193	80009da0	01a2b4b3	sltu	x9,x5,x26	  x5:0x00000000 x26:0x00000004  x9=0x00000001
     481955.000 ns	     48194	80009da4	1b586513	ori	x10,x16,437	 x16:0xffffffff x10=0xffffffff
     481965.000 ns	     48195	80009da8	0136af33	slt	x30,x13,x19	 x13:0xe51ffd50 x19:0xb304a998 x30=0x00000000
     481985.000 ns	     48197	80009dac	035bc4b3	div	x9,x23,x21	 x23:0x00000004 x21:0x00000000  x9=0xffffffff
     482015.000 ns	     48200	80009db0	038adf33	divu	x30,x21,x24	 x21:0x00000000 x24:0x00000000 x30=0xffffffff
     482035.000 ns	     48202	80009db4	a0646f37	lui	x30,0xa0646	 x30=0xa0646000
     482055.000 ns	     48204	80009db8	21199553	fsgnjn.s	f10,f19,f17	 f19:0x00000000 f17:0x00000000 f10=0x80000000
     482075.000 ns	     48206	80009dbc	4e422493	slti	x9,x4,1252	  x4:0x00000000  x9=0x00000001
     482085.000 ns	     48207	80009dc0	000e0933	add	x18,x28,x0	 x28:0xf506f533  x0:0x00000000 x18=0xf506f533
     482445.000 ns	     48243	80009dc4	02b7ddb3	divu	x27,x15,x11	 x15:0xffffffff x11:0x00000040 x27=0x03ffffff
     482465.000 ns	     48245	80009dc8	cc14b493	sltiu	x9,x9,-831	  x9:0x00000001  x9=0x00000001
     482475.000 ns	     48246	80009dcc	41ab8db3	sub	x27,x23,x26	 x23:0x00000004 x26:0x00000004 x27=0x00000000
     482485.000 ns	     48247	80009dd0	2f9a8f93	addi	x31,x21,761	 x21:0x00000000 x31=0x000002f9
     482505.000 ns	     48249	80009dd4	a07fabd3	feq.s	x23,f31,f7	 f31:0x80000001  f7:0xf3e361c6 x23=0x00000000
     482525.000 ns	     48251	80009dd8	0034e6b3	or	x13,x9,x3	  x9:0x00000001  x3:0x00000000 x13=0x00000001
     482535.000 ns	     48252	80009ddc	407cdb93	srai	x23,x25,0x7	 x25:0x80040fe4 x23=0xff00081f
     482545.000 ns	     48253	80009de0	00d3d233	srl	x4,x7,x13	  x7:0x00000000 x13:0xe51ffd50  x4=0x00000000
     482555.000 ns	     48254	80009de4	405d5013	srai	x0,x26,0x5	 x26:0x00000004
     482565.000 ns	     48255	80009de8	77f98e93	addi	x29,x19,1919	 x19:0xb304a998 x29=0xb304b117
     482605.000 ns	     48259	80009dec	089a30d3	fsub.s	f1,f20,f9	 f20:0x00000000  f9:0x00000000  f1=0x80000000
     482625.000 ns	     48261	80009df0	41f30033	sub	x0,x6,x31	  x6:0x80041024 x31:0x000002f9
     482635.000 ns	     48262	80009df4	f5856b13	ori	x22,x10,-168	 x10:0xffffffff x22=0xffffffff
     482645.000 ns	     48263	80009df8	0195dd13	srli	x26,x11,0x19	 x11:0x00000040 x26=0x00000000
     483005.000 ns	     48299	80009dfc	039acd33	div	x26,x21,x25	 x21:0x00000000 x25:0x80040fe4 x26=0x00000000
     483025.000 ns	     48301	80009e00	016ec0b3	xor	x1,x29,x22	 x29:0xb304b117 x22:0xffffffff  x1=0x4cfb4ee8
     483035.000 ns	     48302	80009e04	0138ebb3	or	x23,x17,x19	 x17:0x00000002 x19:0xb304a998 x23=0xb304a99a
     483055.000 ns	     48304	80009e08	d00376d3	fcvt.s.w	f13,x6	  x6:0x80041024 f13=0xcefff7df
     483075.000 ns	     48306	80009e0c	00af7b33	and	x22,x30,x10	 x30:0xa0646000 x10:0xffffffff x22=0xa0646000
     483095.000 ns	     48308	80009e10	d00da8d3	fcvt.s.w	f17,x27	 x27:0x00000000 f17=0x00000000
     483115.000 ns	     48310	80009e14	074f37b7	lui	x15,0x74f3	 x15=0x074f3000
     483135.000 ns	     48312	80009e18	035e2b33	mulhsu	x22,x28,x21	 x28:0xf506f533 x21:0x00000000 x22=0x00000000
     483155.000 ns	     48314	80009e1c	113b0813	addi	x16,x22,275	 x22:0xa0646000 x16=0x00000113
     483175.000 ns	     48316	80009e20	c003f953	fcvt.w.s	x18,f7	  f7:0xf3e361c6 x18=0x80000000
     483195.000 ns	     48318	80009e24	00c342b3	xor	x5,x6,x12	  x6:0x80041024 x12:0x00000000  x5=0x80041024
     483205.000 ns	     48319	80009e28	000d5913	srli	x18,x26,0x0	 x26:0x00000000 x18=0x00000000
     483225.000 ns	     48321	80009e2c	03150633	mul	x12,x10,x17	 x10:0xffffffff x17:0x00000002 x12=0xfffffffe
     483255.000 ns	     48324	80009e30	a1641fd3	flt.s	x31,f8,f22	  f8:0x38ab6287 f22:0x3f7fffae x31=0x00000001
     483285.000 ns	     48327	80009e34	0274f733	remu	x14,x9,x7	  x9:0x00000001  x7:0x00000000 x14=0x00000001
     483305.000 ns	     48329	80009e38	41e75f13	srai	x30,x14,0x1e	 x14:0x00000000 x30=0x00000000
     483335.000 ns	     48332	80009e3c	11fd2353	fmul.s	f6,f26,f31	 f26:0x91ebbfae f31:0x80000001  f6=0x00000000
     483365.000 ns	     48335	80009e40	026e2833	mulhsu	x16,x28,x6	 x28:0xf506f533  x6:0x80041024 x16=0xfa834e04
     483395.000 ns	     48338	80009e44	0286a5b3	mulhsu	x11,x13,x8	 x13:0x00000001  x8:0x00000000 x11=0x00000000
     483425.000 ns	     48341	80009e48	a0d0ac53	feq.s	x24,f1,f13	  f1:0x80000000 f13:0xcefff7df x24=0x00000000
     483445.000 ns	     48343	80009e4c	00ca2433	slt	x8,x20,x12	 x20:0x00000000 x12:0xfffffffe  x8=0x00000000
     483465.000 ns	     48345	80009e50	d0180bd3	fcvt.s.wu	f23,x16	 x16:0xfa834e04 f23=0x4f7a834e
     483495.000 ns	     48348	80009e54	c0007d53	fcvt.w.s	x26,f0	  f0:0xcd2f903b x26=0x0af903b0
     483525.000 ns	     48351	80009e58	c003f953	fcvt.w.s	x18,f7	  f7:0xf3e361c6 x18=0x80000000
     483545.000 ns	     48353	80009e5c	c030e293	ori	x5,x1,-1021	  x1:0x4cfb4ee8  x5=0xfffffeeb
     483555.000 ns	     48354	80009e60	00000013	addi	x0,x0,0	  x0:0x00000000
     483565.000 ns	     48355	80009e64	f64f0613	addi	x12,x30,-156	 x30:0x00000000 x12=0xffffff64
     483605.000 ns	     48359	80009e68	09bb84d3	fsub.s	f9,f23,f27	 f23:0x4f7a834e f27:0xcd2f903b  f9=0x4f82be29
     483625.000 ns	     48361	80009e6c	00000013	addi	x0,x0,0	  x0:0x00000000
     483985.000 ns	     48397	80009e70	033afb33	remu	x22,x21,x19	 x21:0x00000000 x19:0xb304a998 x22=0x00000000
     484015.000 ns	     48400	80009e74	0239afb3	mulhsu	x31,x19,x3	 x19:0xb304a998  x3:0x00000000 x31=0x00000000
     484035.000 ns	     48402	80009e78	0158bfb3	sltu	x31,x17,x21	 x17:0x00000002 x21:0x00000000 x31=0x00000000
     484045.000 ns	     48403	80009e7c	0048da93	srli	x21,x17,0x4	 x17:0x00000002 x21=0x00000000
     484075.000 ns	     48406	80009e80	11b44653	fmul.s	f12,f8,f27	  f8:0x38ab6287 f27:0xcd2f903b f12=0xc66b11d2
     484445.000 ns	     48443	80009e84	025a72b3	remu	x5,x20,x5	 x20:0x00000000  x5:0xfffffeeb  x5=0x00000000
     484465.000 ns	     48445	80009e88	01dcdc33	srl	x24,x25,x29	 x25:0x80040fe4 x29:0xb304b117 x24=0x00000100
     484475.000 ns	     48446	80009e8c	000f1613	slli	x12,x30,0x0	 x30:0x00000000 x12=0x00000000
     484485.000 ns	     48447	80009e90	e030cd93	xori	x27,x1,-509	  x1:0x4cfb4ee8 x27=0xb304b0eb
     484495.000 ns	     48448	80009e94	0091d893	srli	x17,x3,0x9	  x3:0x00000000 x17=0x00000000
     484505.000 ns	     48449	80009e98	012f5013	srli	x0,x30,0x12	 x30:0x00000000
     484515.000 ns	     48450	80009e9c	00000e17	auipc	x28,0x0	 x28=0x80009e9c
     484525.000 ns	     48451	80009ea0	00ce0e13	addi	x28,x28,12	 x28:0xf506f533 x28=0x80009ea8
     484535.000 ns	     48452	80009ea4	000e0067	jalr	x0,x28,0	 x28:0xf506f533
     484585.000 ns	     48457	80009ea8	00100193	addi	x3,x0,1	  x0:0x00000000  x3=0x00000001
     484595.000 ns	     48458	80009eac	00000073	ecall	
     484605.000 ns	     48459	80009eb0	00036f17	auipc	x30,0x36	 x30=0x8003feb0
     484615.000 ns	     48460	80009eb4	143f2823	sw	x3,336(x30)	 x30:0x00000000  x3:0x00000001 PA:0xxxxxxxxx
     484635.000 ns	     48462	80009eb8	ff9ff06f	jal	x0,80009eb4	
     484685.000 ns	     48467	80009eb0	00036f17	auipc	x30,0x36	 x30=0x8003feb0
     484695.000 ns	     48468	80009eb4	143f2823	sw	x3,336(x30)	 x30:0x8003feb0  x3:0x00000001 PA:0xxxxxxxxx
     484715.000 ns	     48470	80009eb8	ff9ff06f	jal	x0,80009eb4	
     484765.000 ns	     48475	80009eb0	00036f17	auipc	x30,0x36	 x30=0x8003feb0
     484775.000 ns	     48476	80009eb4	143f2823	sw	x3,336(x30)	 x30:0x8003feb0  x3:0x00000001 PA:0xxxxxxxxx
     484795.000 ns	     48478	80009eb8	ff9ff06f	jal	x0,80009eb4	
     484845.000 ns	     48483	80009eb0	00036f17	auipc	x30,0x36	 x30=0x8003feb0
     484855.000 ns	     48484	80009eb4	143f2823	sw	x3,336(x30)	 x30:0x8003feb0  x3:0x00000001 PA:0xxxxxxxxx
     484875.000 ns	     48486	80009eb8	ff9ff06f	jal	x0,80009eb4	
     484925.000 ns	     48491	80009eb0	00036f17	auipc	x30,0x36	 x30=0x8003feb0
     484935.000 ns	     48492	80009eb4	143f2823	sw	x3,336(x30)	 x30:0x8003feb0  x3:0x00000001 PA:0xxxxxxxxx
     484955.000 ns	     48494	80009eb8	ff9ff06f	jal	x0,80009eb4	
     485005.000 ns	     48499	80009eb0	00036f17	auipc	x30,0x36	 x30=0x8003feb0
     485015.000 ns	     48500	80009eb4	143f2823	sw	x3,336(x30)	 x30:0x8003feb0  x3:0x00000001 PA:0xxxxxxxxx
     485035.000 ns	     48502	80009eb8	ff9ff06f	jal	x0,80009eb4	
     485085.000 ns	     48507	80009eb0	00036f17	auipc	x30,0x36	 x30=0x8003feb0
     485095.000 ns	     48508	80009eb4	143f2823	sw	x3,336(x30)	 x30:0x8003feb0  x3:0x00000001 PA:0xxxxxxxxx
     485115.000 ns	     48510	80009eb8	ff9ff06f	jal	x0,80009eb4	
     485165.000 ns	     48515	80009eb0	00036f17	auipc	x30,0x36	 x30=0x8003feb0
     485175.000 ns	     48516	80009eb4	143f2823	sw	x3,336(x30)	 x30:0x8003feb0  x3:0x00000001 PA:0xxxxxxxxx
     485195.000 ns	     48518	80009eb8	ff9ff06f	jal	x0,80009eb4	
     485245.000 ns	     48523	80009eb0	00036f17	auipc	x30,0x36	 x30=0x8003feb0
     485255.000 ns	     48524	80009eb4	143f2823	sw	x3,336(x30)	 x30:0x8003feb0  x3:0x00000001 PA:0xxxxxxxxx
     485275.000 ns	     48526	80009eb8	ff9ff06f	jal	x0,80009eb4	
     485325.000 ns	     48531	80009eb0	00036f17	auipc	x30,0x36	 x30=0x8003feb0
     485335.000 ns	     48532	80009eb4	143f2823	sw	x3,336(x30)	 x30:0x8003feb0  x3:0x00000001 PA:0xxxxxxxxx
     485355.000 ns	     48534	80009eb8	ff9ff06f	jal	x0,80009eb4	
     485405.000 ns	     48539	80009eb0	00036f17	auipc	x30,0x36	 x30=0x8003feb0
     485415.000 ns	     48540	80009eb4	143f2823	sw	x3,336(x30)	 x30:0x8003feb0  x3:0x00000001 PA:0xxxxxxxxx
     485435.000 ns	     48542	80009eb8	ff9ff06f	jal	x0,80009eb4	
     485485.000 ns	     48547	80009eb0	00036f17	auipc	x30,0x36	 x30=0x8003feb0
     485495.000 ns	     48548	80009eb4	143f2823	sw	x3,336(x30)	 x30:0x8003feb0  x3:0x00000001 PA:0xxxxxxxxx
     485515.000 ns	     48550	80009eb8	ff9ff06f	jal	x0,80009eb4	
     485565.000 ns	     48555	80009eb0	00036f17	auipc	x30,0x36	 x30=0x8003feb0
     485575.000 ns	     48556	80009eb4	143f2823	sw	x3,336(x30)	 x30:0x8003feb0  x3:0x00000001 PA:0xxxxxxxxx
     485595.000 ns	     48558	80009eb8	ff9ff06f	jal	x0,80009eb4	
     485645.000 ns	     48563	80009eb0	00036f17	auipc	x30,0x36	 x30=0x8003feb0
     485655.000 ns	     48564	80009eb4	143f2823	sw	x3,336(x30)	 x30:0x8003feb0  x3:0x00000001 PA:0xxxxxxxxx
     485675.000 ns	     48566	80009eb8	ff9ff06f	jal	x0,80009eb4	
     485725.000 ns	     48571	80009eb0	00036f17	auipc	x30,0x36	 x30=0x8003feb0
     485735.000 ns	     48572	80009eb4	143f2823	sw	x3,336(x30)	 x30:0x8003feb0  x3:0x00000001 PA:0xxxxxxxxx
     485755.000 ns	     48574	80009eb8	ff9ff06f	jal	x0,80009eb4	
     485805.000 ns	     48579	80009eb0	00036f17	auipc	x30,0x36	 x30=0x8003feb0
     485815.000 ns	     48580	80009eb4	143f2823	sw	x3,336(x30)	 x30:0x8003feb0  x3:0x00000001 PA:0xxxxxxxxx
     485835.000 ns	     48582	80009eb8	ff9ff06f	jal	x0,80009eb4	
     485885.000 ns	     48587	80009eb0	00036f17	auipc	x30,0x36	 x30=0x8003feb0
     485895.000 ns	     48588	80009eb4	143f2823	sw	x3,336(x30)	 x30:0x8003feb0  x3:0x00000001 PA:0xxxxxxxxx
     485915.000 ns	     48590	80009eb8	ff9ff06f	jal	x0,80009eb4	
     485965.000 ns	     48595	80009eb0	00036f17	auipc	x30,0x36	 x30=0x8003feb0
     485975.000 ns	     48596	80009eb4	143f2823	sw	x3,336(x30)	 x30:0x8003feb0  x3:0x00000001 PA:0xxxxxxxxx
     485995.000 ns	     48598	80009eb8	ff9ff06f	jal	x0,80009eb4	
     486045.000 ns	     48603	80009eb0	00036f17	auipc	x30,0x36	 x30=0x8003feb0
     486055.000 ns	     48604	80009eb4	143f2823	sw	x3,336(x30)	 x30:0x8003feb0  x3:0x00000001 PA:0xxxxxxxxx
     486075.000 ns	     48606	80009eb8	ff9ff06f	jal	x0,80009eb4	
     486125.000 ns	     48611	80009eb0	00036f17	auipc	x30,0x36	 x30=0x8003feb0
     486135.000 ns	     48612	80009eb4	143f2823	sw	x3,336(x30)	 x30:0x8003feb0  x3:0x00000001 PA:0xxxxxxxxx
     486155.000 ns	     48614	80009eb8	ff9ff06f	jal	x0,80009eb4	
     486205.000 ns	     48619	80009eb0	00036f17	auipc	x30,0x36	 x30=0x8003feb0
     486215.000 ns	     48620	80009eb4	143f2823	sw	x3,336(x30)	 x30:0x8003feb0  x3:0x00000001 PA:0xxxxxxxxx
     486235.000 ns	     48622	80009eb8	ff9ff06f	jal	x0,80009eb4	
     486285.000 ns	     48627	80009eb0	00036f17	auipc	x30,0x36	 x30=0x8003feb0
     486295.000 ns	     48628	80009eb4	143f2823	sw	x3,336(x30)	 x30:0x8003feb0  x3:0x00000001 PA:0xxxxxxxxx
     486315.000 ns	     48630	80009eb8	ff9ff06f	jal	x0,80009eb4	
     486365.000 ns	     48635	80009eb0	00036f17	auipc	x30,0x36	 x30=0x8003feb0
     486375.000 ns	     48636	80009eb4	143f2823	sw	x3,336(x30)	 x30:0x8003feb0  x3:0x00000001 PA:0xxxxxxxxx
     486395.000 ns	     48638	80009eb8	ff9ff06f	jal	x0,80009eb4	
     486445.000 ns	     48643	80009eb0	00036f17	auipc	x30,0x36	 x30=0x8003feb0
     486455.000 ns	     48644	80009eb4	143f2823	sw	x3,336(x30)	 x30:0x8003feb0  x3:0x00000001 PA:0xxxxxxxxx
     486475.000 ns	     48646	80009eb8	ff9ff06f	jal	x0,80009eb4	
     486525.000 ns	     48651	80009eb0	00036f17	auipc	x30,0x36	 x30=0x8003feb0
     486535.000 ns	     48652	80009eb4	143f2823	sw	x3,336(x30)	 x30:0x8003feb0  x3:0x00000001 PA:0xxxxxxxxx
     486555.000 ns	     48654	80009eb8	ff9ff06f	jal	x0,80009eb4	
     486605.000 ns	     48659	80009eb0	00036f17	auipc	x30,0x36	 x30=0x8003feb0
     486615.000 ns	     48660	80009eb4	143f2823	sw	x3,336(x30)	 x30:0x8003feb0  x3:0x00000001 PA:0xxxxxxxxx
     486635.000 ns	     48662	80009eb8	ff9ff06f	jal	x0,80009eb4	
     486685.000 ns	     48667	80009eb0	00036f17	auipc	x30,0x36	 x30=0x8003feb0
     486695.000 ns	     48668	80009eb4	143f2823	sw	x3,336(x30)	 x30:0x8003feb0  x3:0x00000001 PA:0xxxxxxxxx
     486715.000 ns	     48670	80009eb8	ff9ff06f	jal	x0,80009eb4	
     486765.000 ns	     48675	80009eb0	00036f17	auipc	x30,0x36	 x30=0x8003feb0
     486775.000 ns	     48676	80009eb4	143f2823	sw	x3,336(x30)	 x30:0x8003feb0  x3:0x00000001 PA:0xxxxxxxxx
     486795.000 ns	     48678	80009eb8	ff9ff06f	jal	x0,80009eb4	
     486845.000 ns	     48683	80009eb0	00036f17	auipc	x30,0x36	 x30=0x8003feb0
     486855.000 ns	     48684	80009eb4	143f2823	sw	x3,336(x30)	 x30:0x8003feb0  x3:0x00000001 PA:0xxxxxxxxx
     486875.000 ns	     48686	80009eb8	ff9ff06f	jal	x0,80009eb4	
     486925.000 ns	     48691	80009eb0	00036f17	auipc	x30,0x36	 x30=0x8003feb0
     486935.000 ns	     48692	80009eb4	143f2823	sw	x3,336(x30)	 x30:0x8003feb0  x3:0x00000001 PA:0xxxxxxxxx
     486955.000 ns	     48694	80009eb8	ff9ff06f	jal	x0,80009eb4	
     487005.000 ns	     48699	80009eb0	00036f17	auipc	x30,0x36	 x30=0x8003feb0
     487015.000 ns	     48700	80009eb4	143f2823	sw	x3,336(x30)	 x30:0x8003feb0  x3:0x00000001 PA:0xxxxxxxxx
     487035.000 ns	     48702	80009eb8	ff9ff06f	jal	x0,80009eb4	
     487085.000 ns	     48707	80009eb0	00036f17	auipc	x30,0x36	 x30=0x8003feb0
     487095.000 ns	     48708	80009eb4	143f2823	sw	x3,336(x30)	 x30:0x8003feb0  x3:0x00000001 PA:0xxxxxxxxx
     487115.000 ns	     48710	80009eb8	ff9ff06f	jal	x0,80009eb4	
     487165.000 ns	     48715	80009eb0	00036f17	auipc	x30,0x36	 x30=0x8003feb0
     487175.000 ns	     48716	80009eb4	143f2823	sw	x3,336(x30)	 x30:0x8003feb0  x3:0x00000001 PA:0xxxxxxxxx
     487195.000 ns	     48718	80009eb8	ff9ff06f	jal	x0,80009eb4	
     487245.000 ns	     48723	80009eb0	00036f17	auipc	x30,0x36	 x30=0x8003feb0
     487255.000 ns	     48724	80009eb4	143f2823	sw	x3,336(x30)	 x30:0x8003feb0  x3:0x00000001 PA:0xxxxxxxxx
     487275.000 ns	     48726	80009eb8	ff9ff06f	jal	x0,80009eb4	
     487325.000 ns	     48731	80009eb0	00036f17	auipc	x30,0x36	 x30=0x8003feb0
     487335.000 ns	     48732	80009eb4	143f2823	sw	x3,336(x30)	 x30:0x8003feb0  x3:0x00000001 PA:0xxxxxxxxx
     487355.000 ns	     48734	80009eb8	ff9ff06f	jal	x0,80009eb4	
     487405.000 ns	     48739	80009eb0	00036f17	auipc	x30,0x36	 x30=0x8003feb0
     487415.000 ns	     48740	80009eb4	143f2823	sw	x3,336(x30)	 x30:0x8003feb0  x3:0x00000001 PA:0xxxxxxxxx
     487435.000 ns	     48742	80009eb8	ff9ff06f	jal	x0,80009eb4	
     487485.000 ns	     48747	80009eb0	00036f17	auipc	x30,0x36	 x30=0x8003feb0
     487495.000 ns	     48748	80009eb4	143f2823	sw	x3,336(x30)	 x30:0x8003feb0  x3:0x00000001 PA:0xxxxxxxxx
     487515.000 ns	     48750	80009eb8	ff9ff06f	jal	x0,80009eb4	
     487565.000 ns	     48755	80009eb0	00036f17	auipc	x30,0x36	 x30=0x8003feb0
     487575.000 ns	     48756	80009eb4	143f2823	sw	x3,336(x30)	 x30:0x8003feb0  x3:0x00000001 PA:0xxxxxxxxx
     487595.000 ns	     48758	80009eb8	ff9ff06f	jal	x0,80009eb4	
     487645.000 ns	     48763	80009eb0	00036f17	auipc	x30,0x36	 x30=0x8003feb0
     487655.000 ns	     48764	80009eb4	143f2823	sw	x3,336(x30)	 x30:0x8003feb0  x3:0x00000001 PA:0xxxxxxxxx
     487675.000 ns	     48766	80009eb8	ff9ff06f	jal	x0,80009eb4	
     487725.000 ns	     48771	80009eb0	00036f17	auipc	x30,0x36	 x30=0x8003feb0
     487735.000 ns	     48772	80009eb4	143f2823	sw	x3,336(x30)	 x30:0x8003feb0  x3:0x00000001 PA:0xxxxxxxxx
     487755.000 ns	     48774	80009eb8	ff9ff06f	jal	x0,80009eb4	
     487805.000 ns	     48779	80009eb0	00036f17	auipc	x30,0x36	 x30=0x8003feb0
     487815.000 ns	     48780	80009eb4	143f2823	sw	x3,336(x30)	 x30:0x8003feb0  x3:0x00000001 PA:0xxxxxxxxx
     487835.000 ns	     48782	80009eb8	ff9ff06f	jal	x0,80009eb4	
     487885.000 ns	     48787	80009eb0	00036f17	auipc	x30,0x36	 x30=0x8003feb0
     487895.000 ns	     48788	80009eb4	143f2823	sw	x3,336(x30)	 x30:0x8003feb0  x3:0x00000001 PA:0xxxxxxxxx
     487915.000 ns	     48790	80009eb8	ff9ff06f	jal	x0,80009eb4	
     487965.000 ns	     48795	80009eb0	00036f17	auipc	x30,0x36	 x30=0x8003feb0
     487975.000 ns	     48796	80009eb4	143f2823	sw	x3,336(x30)	 x30:0x8003feb0  x3:0x00000001 PA:0xxxxxxxxx
     487995.000 ns	     48798	80009eb8	ff9ff06f	jal	x0,80009eb4	
     488045.000 ns	     48803	80009eb0	00036f17	auipc	x30,0x36	 x30=0x8003feb0
     488055.000 ns	     48804	80009eb4	143f2823	sw	x3,336(x30)	 x30:0x8003feb0  x3:0x00000001 PA:0xxxxxxxxx
     488075.000 ns	     48806	80009eb8	ff9ff06f	jal	x0,80009eb4	
     488125.000 ns	     48811	80009eb0	00036f17	auipc	x30,0x36	 x30=0x8003feb0
     488135.000 ns	     48812	80009eb4	143f2823	sw	x3,336(x30)	 x30:0x8003feb0  x3:0x00000001 PA:0xxxxxxxxx
     488155.000 ns	     48814	80009eb8	ff9ff06f	jal	x0,80009eb4	
     488205.000 ns	     48819	80009eb0	00036f17	auipc	x30,0x36	 x30=0x8003feb0
     488215.000 ns	     48820	80009eb4	143f2823	sw	x3,336(x30)	 x30:0x8003feb0  x3:0x00000001 PA:0xxxxxxxxx
     488235.000 ns	     48822	80009eb8	ff9ff06f	jal	x0,80009eb4	
     488285.000 ns	     48827	80009eb0	00036f17	auipc	x30,0x36	 x30=0x8003feb0
     488295.000 ns	     48828	80009eb4	143f2823	sw	x3,336(x30)	 x30:0x8003feb0  x3:0x00000001 PA:0xxxxxxxxx
     488315.000 ns	     48830	80009eb8	ff9ff06f	jal	x0,80009eb4	
     488365.000 ns	     48835	80009eb0	00036f17	auipc	x30,0x36	 x30=0x8003feb0
     488375.000 ns	     48836	80009eb4	143f2823	sw	x3,336(x30)	 x30:0x8003feb0  x3:0x00000001 PA:0xxxxxxxxx
     488395.000 ns	     48838	80009eb8	ff9ff06f	jal	x0,80009eb4	
     488445.000 ns	     48843	80009eb0	00036f17	auipc	x30,0x36	 x30=0x8003feb0
     488455.000 ns	     48844	80009eb4	143f2823	sw	x3,336(x30)	 x30:0x8003feb0  x3:0x00000001 PA:0xxxxxxxxx
     488475.000 ns	     48846	80009eb8	ff9ff06f	jal	x0,80009eb4	
     488525.000 ns	     48851	80009eb0	00036f17	auipc	x30,0x36	 x30=0x8003feb0
     488535.000 ns	     48852	80009eb4	143f2823	sw	x3,336(x30)	 x30:0x8003feb0  x3:0x00000001 PA:0xxxxxxxxx
     488555.000 ns	     48854	80009eb8	ff9ff06f	jal	x0,80009eb4	
     488605.000 ns	     48859	80009eb0	00036f17	auipc	x30,0x36	 x30=0x8003feb0
     488615.000 ns	     48860	80009eb4	143f2823	sw	x3,336(x30)	 x30:0x8003feb0  x3:0x00000001 PA:0xxxxxxxxx
     488635.000 ns	     48862	80009eb8	ff9ff06f	jal	x0,80009eb4	
     488685.000 ns	     48867	80009eb0	00036f17	auipc	x30,0x36	 x30=0x8003feb0
     488695.000 ns	     48868	80009eb4	143f2823	sw	x3,336(x30)	 x30:0x8003feb0  x3:0x00000001 PA:0xxxxxxxxx
     488715.000 ns	     48870	80009eb8	ff9ff06f	jal	x0,80009eb4	
     488765.000 ns	     48875	80009eb0	00036f17	auipc	x30,0x36	 x30=0x8003feb0
     488775.000 ns	     48876	80009eb4	143f2823	sw	x3,336(x30)	 x30:0x8003feb0  x3:0x00000001 PA:0xxxxxxxxx
     488795.000 ns	     48878	80009eb8	ff9ff06f	jal	x0,80009eb4	
     488845.000 ns	     48883	80009eb0	00036f17	auipc	x30,0x36	 x30=0x8003feb0
     488855.000 ns	     48884	80009eb4	143f2823	sw	x3,336(x30)	 x30:0x8003feb0  x3:0x00000001 PA:0xxxxxxxxx
     488875.000 ns	     48886	80009eb8	ff9ff06f	jal	x0,80009eb4	
     488925.000 ns	     48891	80009eb0	00036f17	auipc	x30,0x36	 x30=0x8003feb0
     488935.000 ns	     48892	80009eb4	143f2823	sw	x3,336(x30)	 x30:0x8003feb0  x3:0x00000001 PA:0xxxxxxxxx
     488955.000 ns	     48894	80009eb8	ff9ff06f	jal	x0,80009eb4	
     489005.000 ns	     48899	80009eb0	00036f17	auipc	x30,0x36	 x30=0x8003feb0
     489015.000 ns	     48900	80009eb4	143f2823	sw	x3,336(x30)	 x30:0x8003feb0  x3:0x00000001 PA:0xxxxxxxxx
     489035.000 ns	     48902	80009eb8	ff9ff06f	jal	x0,80009eb4	
     489085.000 ns	     48907	80009eb0	00036f17	auipc	x30,0x36	 x30=0x8003feb0
     489095.000 ns	     48908	80009eb4	143f2823	sw	x3,336(x30)	 x30:0x8003feb0  x3:0x00000001 PA:0xxxxxxxxx
     489115.000 ns	     48910	80009eb8	ff9ff06f	jal	x0,80009eb4	
     489165.000 ns	     48915	80009eb0	00036f17	auipc	x30,0x36	 x30=0x8003feb0
     489175.000 ns	     48916	80009eb4	143f2823	sw	x3,336(x30)	 x30:0x8003feb0  x3:0x00000001 PA:0xxxxxxxxx
     489195.000 ns	     48918	80009eb8	ff9ff06f	jal	x0,80009eb4	
     489245.000 ns	     48923	80009eb0	00036f17	auipc	x30,0x36	 x30=0x8003feb0
     489255.000 ns	     48924	80009eb4	143f2823	sw	x3,336(x30)	 x30:0x8003feb0  x3:0x00000001 PA:0xxxxxxxxx
     489275.000 ns	     48926	80009eb8	ff9ff06f	jal	x0,80009eb4	
     489325.000 ns	     48931	80009eb0	00036f17	auipc	x30,0x36	 x30=0x8003feb0
     489335.000 ns	     48932	80009eb4	143f2823	sw	x3,336(x30)	 x30:0x8003feb0  x3:0x00000001 PA:0xxxxxxxxx
     489355.000 ns	     48934	80009eb8	ff9ff06f	jal	x0,80009eb4	
     489405.000 ns	     48939	80009eb0	00036f17	auipc	x30,0x36	 x30=0x8003feb0
     489415.000 ns	     48940	80009eb4	143f2823	sw	x3,336(x30)	 x30:0x8003feb0  x3:0x00000001 PA:0xxxxxxxxx
     489435.000 ns	     48942	80009eb8	ff9ff06f	jal	x0,80009eb4	
     489485.000 ns	     48947	80009eb0	00036f17	auipc	x30,0x36	 x30=0x8003feb0
     489495.000 ns	     48948	80009eb4	143f2823	sw	x3,336(x30)	 x30:0x8003feb0  x3:0x00000001 PA:0xxxxxxxxx
     489515.000 ns	     48950	80009eb8	ff9ff06f	jal	x0,80009eb4	
     489565.000 ns	     48955	80009eb0	00036f17	auipc	x30,0x36	 x30=0x8003feb0
     489575.000 ns	     48956	80009eb4	143f2823	sw	x3,336(x30)	 x30:0x8003feb0  x3:0x00000001 PA:0xxxxxxxxx
     489595.000 ns	     48958	80009eb8	ff9ff06f	jal	x0,80009eb4	
     489645.000 ns	     48963	80009eb0	00036f17	auipc	x30,0x36	 x30=0x8003feb0
     489655.000 ns	     48964	80009eb4	143f2823	sw	x3,336(x30)	 x30:0x8003feb0  x3:0x00000001 PA:0xxxxxxxxx
     489675.000 ns	     48966	80009eb8	ff9ff06f	jal	x0,80009eb4	
     489725.000 ns	     48971	80009eb0	00036f17	auipc	x30,0x36	 x30=0x8003feb0
     489735.000 ns	     48972	80009eb4	143f2823	sw	x3,336(x30)	 x30:0x8003feb0  x3:0x00000001 PA:0xxxxxxxxx
     489755.000 ns	     48974	80009eb8	ff9ff06f	jal	x0,80009eb4	
     489805.000 ns	     48979	80009eb0	00036f17	auipc	x30,0x36	 x30=0x8003feb0
     489815.000 ns	     48980	80009eb4	143f2823	sw	x3,336(x30)	 x30:0x8003feb0  x3:0x00000001 PA:0xxxxxxxxx
     489835.000 ns	     48982	80009eb8	ff9ff06f	jal	x0,80009eb4	
     489885.000 ns	     48987	80009eb0	00036f17	auipc	x30,0x36	 x30=0x8003feb0
     489895.000 ns	     48988	80009eb4	143f2823	sw	x3,336(x30)	 x30:0x8003feb0  x3:0x00000001 PA:0xxxxxxxxx
     489915.000 ns	     48990	80009eb8	ff9ff06f	jal	x0,80009eb4	
     489965.000 ns	     48995	80009eb0	00036f17	auipc	x30,0x36	 x30=0x8003feb0
     489975.000 ns	     48996	80009eb4	143f2823	sw	x3,336(x30)	 x30:0x8003feb0  x3:0x00000001 PA:0xxxxxxxxx
     489995.000 ns	     48998	80009eb8	ff9ff06f	jal	x0,80009eb4	
     490045.000 ns	     49003	80009eb0	00036f17	auipc	x30,0x36	 x30=0x8003feb0
     490055.000 ns	     49004	80009eb4	143f2823	sw	x3,336(x30)	 x30:0x8003feb0  x3:0x00000001 PA:0xxxxxxxxx
     490075.000 ns	     49006	80009eb8	ff9ff06f	jal	x0,80009eb4	
     490125.000 ns	     49011	80009eb0	00036f17	auipc	x30,0x36	 x30=0x8003feb0
     490135.000 ns	     49012	80009eb4	143f2823	sw	x3,336(x30)	 x30:0x8003feb0  x3:0x00000001 PA:0xxxxxxxxx
     490155.000 ns	     49014	80009eb8	ff9ff06f	jal	x0,80009eb4	
     490205.000 ns	     49019	80009eb0	00036f17	auipc	x30,0x36	 x30=0x8003feb0
     490215.000 ns	     49020	80009eb4	143f2823	sw	x3,336(x30)	 x30:0x8003feb0  x3:0x00000001 PA:0xxxxxxxxx
     490235.000 ns	     49022	80009eb8	ff9ff06f	jal	x0,80009eb4	
     490285.000 ns	     49027	80009eb0	00036f17	auipc	x30,0x36	 x30=0x8003feb0
     490295.000 ns	     49028	80009eb4	143f2823	sw	x3,336(x30)	 x30:0x8003feb0  x3:0x00000001 PA:0xxxxxxxxx
     490315.000 ns	     49030	80009eb8	ff9ff06f	jal	x0,80009eb4	
     490365.000 ns	     49035	80009eb0	00036f17	auipc	x30,0x36	 x30=0x8003feb0
     490375.000 ns	     49036	80009eb4	143f2823	sw	x3,336(x30)	 x30:0x8003feb0  x3:0x00000001 PA:0xxxxxxxxx
     490395.000 ns	     49038	80009eb8	ff9ff06f	jal	x0,80009eb4	
     490445.000 ns	     49043	80009eb0	00036f17	auipc	x30,0x36	 x30=0x8003feb0
     490455.000 ns	     49044	80009eb4	143f2823	sw	x3,336(x30)	 x30:0x8003feb0  x3:0x00000001 PA:0xxxxxxxxx
     490475.000 ns	     49046	80009eb8	ff9ff06f	jal	x0,80009eb4	
     490525.000 ns	     49051	80009eb0	00036f17	auipc	x30,0x36	 x30=0x8003feb0
     490535.000 ns	     49052	80009eb4	143f2823	sw	x3,336(x30)	 x30:0x8003feb0  x3:0x00000001 PA:0xxxxxxxxx
     490555.000 ns	     49054	80009eb8	ff9ff06f	jal	x0,80009eb4	
     490605.000 ns	     49059	80009eb0	00036f17	auipc	x30,0x36	 x30=0x8003feb0
     490615.000 ns	     49060	80009eb4	143f2823	sw	x3,336(x30)	 x30:0x8003feb0  x3:0x00000001 PA:0xxxxxxxxx
     490635.000 ns	     49062	80009eb8	ff9ff06f	jal	x0,80009eb4	
     490685.000 ns	     49067	80009eb0	00036f17	auipc	x30,0x36	 x30=0x8003feb0
     490695.000 ns	     49068	80009eb4	143f2823	sw	x3,336(x30)	 x30:0x8003feb0  x3:0x00000001 PA:0xxxxxxxxx
     490715.000 ns	     49070	80009eb8	ff9ff06f	jal	x0,80009eb4	
     490765.000 ns	     49075	80009eb0	00036f17	auipc	x30,0x36	 x30=0x8003feb0
     490775.000 ns	     49076	80009eb4	143f2823	sw	x3,336(x30)	 x30:0x8003feb0  x3:0x00000001 PA:0xxxxxxxxx
     490795.000 ns	     49078	80009eb8	ff9ff06f	jal	x0,80009eb4	
     490845.000 ns	     49083	80009eb0	00036f17	auipc	x30,0x36	 x30=0x8003feb0
     490855.000 ns	     49084	80009eb4	143f2823	sw	x3,336(x30)	 x30:0x8003feb0  x3:0x00000001 PA:0xxxxxxxxx
     490875.000 ns	     49086	80009eb8	ff9ff06f	jal	x0,80009eb4	
     490925.000 ns	     49091	80009eb0	00036f17	auipc	x30,0x36	 x30=0x8003feb0
     490935.000 ns	     49092	80009eb4	143f2823	sw	x3,336(x30)	 x30:0x8003feb0  x3:0x00000001 PA:0xxxxxxxxx
     490955.000 ns	     49094	80009eb8	ff9ff06f	jal	x0,80009eb4	
     491005.000 ns	     49099	80009eb0	00036f17	auipc	x30,0x36	 x30=0x8003feb0
     491015.000 ns	     49100	80009eb4	143f2823	sw	x3,336(x30)	 x30:0x8003feb0  x3:0x00000001 PA:0xxxxxxxxx
     491035.000 ns	     49102	80009eb8	ff9ff06f	jal	x0,80009eb4	
     491085.000 ns	     49107	80009eb0	00036f17	auipc	x30,0x36	 x30=0x8003feb0
     491095.000 ns	     49108	80009eb4	143f2823	sw	x3,336(x30)	 x30:0x8003feb0  x3:0x00000001 PA:0xxxxxxxxx
     491115.000 ns	     49110	80009eb8	ff9ff06f	jal	x0,80009eb4	
     491165.000 ns	     49115	80009eb0	00036f17	auipc	x30,0x36	 x30=0x8003feb0
     491175.000 ns	     49116	80009eb4	143f2823	sw	x3,336(x30)	 x30:0x8003feb0  x3:0x00000001 PA:0xxxxxxxxx
     491195.000 ns	     49118	80009eb8	ff9ff06f	jal	x0,80009eb4	
     491245.000 ns	     49123	80009eb0	00036f17	auipc	x30,0x36	 x30=0x8003feb0
     491255.000 ns	     49124	80009eb4	143f2823	sw	x3,336(x30)	 x30:0x8003feb0  x3:0x00000001 PA:0xxxxxxxxx
     491275.000 ns	     49126	80009eb8	ff9ff06f	jal	x0,80009eb4	
     491325.000 ns	     49131	80009eb0	00036f17	auipc	x30,0x36	 x30=0x8003feb0
     491335.000 ns	     49132	80009eb4	143f2823	sw	x3,336(x30)	 x30:0x8003feb0  x3:0x00000001 PA:0xxxxxxxxx
     491355.000 ns	     49134	80009eb8	ff9ff06f	jal	x0,80009eb4	
     491405.000 ns	     49139	80009eb0	00036f17	auipc	x30,0x36	 x30=0x8003feb0
     491415.000 ns	     49140	80009eb4	143f2823	sw	x3,336(x30)	 x30:0x8003feb0  x3:0x00000001 PA:0xxxxxxxxx
     491435.000 ns	     49142	80009eb8	ff9ff06f	jal	x0,80009eb4	
     491485.000 ns	     49147	80009eb0	00036f17	auipc	x30,0x36	 x30=0x8003feb0
     491495.000 ns	     49148	80009eb4	143f2823	sw	x3,336(x30)	 x30:0x8003feb0  x3:0x00000001 PA:0xxxxxxxxx
     491515.000 ns	     49150	80009eb8	ff9ff06f	jal	x0,80009eb4	
     491565.000 ns	     49155	80009eb0	00036f17	auipc	x30,0x36	 x30=0x8003feb0
     491575.000 ns	     49156	80009eb4	143f2823	sw	x3,336(x30)	 x30:0x8003feb0  x3:0x00000001 PA:0xxxxxxxxx
     491595.000 ns	     49158	80009eb8	ff9ff06f	jal	x0,80009eb4	
     491645.000 ns	     49163	80009eb0	00036f17	auipc	x30,0x36	 x30=0x8003feb0
     491655.000 ns	     49164	80009eb4	143f2823	sw	x3,336(x30)	 x30:0x8003feb0  x3:0x00000001 PA:0xxxxxxxxx
     491675.000 ns	     49166	80009eb8	ff9ff06f	jal	x0,80009eb4	
     491725.000 ns	     49171	80009eb0	00036f17	auipc	x30,0x36	 x30=0x8003feb0
     491735.000 ns	     49172	80009eb4	143f2823	sw	x3,336(x30)	 x30:0x8003feb0  x3:0x00000001 PA:0xxxxxxxxx
     491755.000 ns	     49174	80009eb8	ff9ff06f	jal	x0,80009eb4	
     491805.000 ns	     49179	80009eb0	00036f17	auipc	x30,0x36	 x30=0x8003feb0
     491815.000 ns	     49180	80009eb4	143f2823	sw	x3,336(x30)	 x30:0x8003feb0  x3:0x00000001 PA:0xxxxxxxxx
     491835.000 ns	     49182	80009eb8	ff9ff06f	jal	x0,80009eb4	
     491885.000 ns	     49187	80009eb0	00036f17	auipc	x30,0x36	 x30=0x8003feb0
     491895.000 ns	     49188	80009eb4	143f2823	sw	x3,336(x30)	 x30:0x8003feb0  x3:0x00000001 PA:0xxxxxxxxx
     491915.000 ns	     49190	80009eb8	ff9ff06f	jal	x0,80009eb4	
     491965.000 ns	     49195	80009eb0	00036f17	auipc	x30,0x36	 x30=0x8003feb0
     491975.000 ns	     49196	80009eb4	143f2823	sw	x3,336(x30)	 x30:0x8003feb0  x3:0x00000001 PA:0xxxxxxxxx
     491995.000 ns	     49198	80009eb8	ff9ff06f	jal	x0,80009eb4	
     492045.000 ns	     49203	80009eb0	00036f17	auipc	x30,0x36	 x30=0x8003feb0
     492055.000 ns	     49204	80009eb4	143f2823	sw	x3,336(x30)	 x30:0x8003feb0  x3:0x00000001 PA:0xxxxxxxxx
     492075.000 ns	     49206	80009eb8	ff9ff06f	jal	x0,80009eb4	
     492125.000 ns	     49211	80009eb0	00036f17	auipc	x30,0x36	 x30=0x8003feb0
     492135.000 ns	     49212	80009eb4	143f2823	sw	x3,336(x30)	 x30:0x8003feb0  x3:0x00000001 PA:0xxxxxxxxx
     492155.000 ns	     49214	80009eb8	ff9ff06f	jal	x0,80009eb4	
     492205.000 ns	     49219	80009eb0	00036f17	auipc	x30,0x36	 x30=0x8003feb0
     492215.000 ns	     49220	80009eb4	143f2823	sw	x3,336(x30)	 x30:0x8003feb0  x3:0x00000001 PA:0xxxxxxxxx
     492235.000 ns	     49222	80009eb8	ff9ff06f	jal	x0,80009eb4	
     492285.000 ns	     49227	80009eb0	00036f17	auipc	x30,0x36	 x30=0x8003feb0
     492295.000 ns	     49228	80009eb4	143f2823	sw	x3,336(x30)	 x30:0x8003feb0  x3:0x00000001 PA:0xxxxxxxxx
     492315.000 ns	     49230	80009eb8	ff9ff06f	jal	x0,80009eb4	
     492365.000 ns	     49235	80009eb0	00036f17	auipc	x30,0x36	 x30=0x8003feb0
     492375.000 ns	     49236	80009eb4	143f2823	sw	x3,336(x30)	 x30:0x8003feb0  x3:0x00000001 PA:0xxxxxxxxx
     492395.000 ns	     49238	80009eb8	ff9ff06f	jal	x0,80009eb4	
     492445.000 ns	     49243	80009eb0	00036f17	auipc	x30,0x36	 x30=0x8003feb0
     492455.000 ns	     49244	80009eb4	143f2823	sw	x3,336(x30)	 x30:0x8003feb0  x3:0x00000001 PA:0xxxxxxxxx
     492475.000 ns	     49246	80009eb8	ff9ff06f	jal	x0,80009eb4	
     492525.000 ns	     49251	80009eb0	00036f17	auipc	x30,0x36	 x30=0x8003feb0
     492535.000 ns	     49252	80009eb4	143f2823	sw	x3,336(x30)	 x30:0x8003feb0  x3:0x00000001 PA:0xxxxxxxxx
     492555.000 ns	     49254	80009eb8	ff9ff06f	jal	x0,80009eb4	
     492605.000 ns	     49259	80009eb0	00036f17	auipc	x30,0x36	 x30=0x8003feb0
     492615.000 ns	     49260	80009eb4	143f2823	sw	x3,336(x30)	 x30:0x8003feb0  x3:0x00000001 PA:0xxxxxxxxx
     492635.000 ns	     49262	80009eb8	ff9ff06f	jal	x0,80009eb4	
     492685.000 ns	     49267	80009eb0	00036f17	auipc	x30,0x36	 x30=0x8003feb0
     492695.000 ns	     49268	80009eb4	143f2823	sw	x3,336(x30)	 x30:0x8003feb0  x3:0x00000001 PA:0xxxxxxxxx
     492715.000 ns	     49270	80009eb8	ff9ff06f	jal	x0,80009eb4	
     492765.000 ns	     49275	80009eb0	00036f17	auipc	x30,0x36	 x30=0x8003feb0
     492775.000 ns	     49276	80009eb4	143f2823	sw	x3,336(x30)	 x30:0x8003feb0  x3:0x00000001 PA:0xxxxxxxxx
     492795.000 ns	     49278	80009eb8	ff9ff06f	jal	x0,80009eb4	
     492845.000 ns	     49283	80009eb0	00036f17	auipc	x30,0x36	 x30=0x8003feb0
     492855.000 ns	     49284	80009eb4	143f2823	sw	x3,336(x30)	 x30:0x8003feb0  x3:0x00000001 PA:0xxxxxxxxx
     492875.000 ns	     49286	80009eb8	ff9ff06f	jal	x0,80009eb4	
     492925.000 ns	     49291	80009eb0	00036f17	auipc	x30,0x36	 x30=0x8003feb0
     492935.000 ns	     49292	80009eb4	143f2823	sw	x3,336(x30)	 x30:0x8003feb0  x3:0x00000001 PA:0xxxxxxxxx
     492955.000 ns	     49294	80009eb8	ff9ff06f	jal	x0,80009eb4	
     493005.000 ns	     49299	80009eb0	00036f17	auipc	x30,0x36	 x30=0x8003feb0
     493015.000 ns	     49300	80009eb4	143f2823	sw	x3,336(x30)	 x30:0x8003feb0  x3:0x00000001 PA:0xxxxxxxxx
     493035.000 ns	     49302	80009eb8	ff9ff06f	jal	x0,80009eb4	
     493085.000 ns	     49307	80009eb0	00036f17	auipc	x30,0x36	 x30=0x8003feb0
     493095.000 ns	     49308	80009eb4	143f2823	sw	x3,336(x30)	 x30:0x8003feb0  x3:0x00000001 PA:0xxxxxxxxx
     493115.000 ns	     49310	80009eb8	ff9ff06f	jal	x0,80009eb4	
     493165.000 ns	     49315	80009eb0	00036f17	auipc	x30,0x36	 x30=0x8003feb0
     493175.000 ns	     49316	80009eb4	143f2823	sw	x3,336(x30)	 x30:0x8003feb0  x3:0x00000001 PA:0xxxxxxxxx
     493195.000 ns	     49318	80009eb8	ff9ff06f	jal	x0,80009eb4	
     493245.000 ns	     49323	80009eb0	00036f17	auipc	x30,0x36	 x30=0x8003feb0
     493255.000 ns	     49324	80009eb4	143f2823	sw	x3,336(x30)	 x30:0x8003feb0  x3:0x00000001 PA:0xxxxxxxxx
     493275.000 ns	     49326	80009eb8	ff9ff06f	jal	x0,80009eb4	
     493325.000 ns	     49331	80009eb0	00036f17	auipc	x30,0x36	 x30=0x8003feb0
     493335.000 ns	     49332	80009eb4	143f2823	sw	x3,336(x30)	 x30:0x8003feb0  x3:0x00000001 PA:0xxxxxxxxx
     493355.000 ns	     49334	80009eb8	ff9ff06f	jal	x0,80009eb4	
     493405.000 ns	     49339	80009eb0	00036f17	auipc	x30,0x36	 x30=0x8003feb0
     493415.000 ns	     49340	80009eb4	143f2823	sw	x3,336(x30)	 x30:0x8003feb0  x3:0x00000001 PA:0xxxxxxxxx
     493435.000 ns	     49342	80009eb8	ff9ff06f	jal	x0,80009eb4	
     493485.000 ns	     49347	80009eb0	00036f17	auipc	x30,0x36	 x30=0x8003feb0
     493495.000 ns	     49348	80009eb4	143f2823	sw	x3,336(x30)	 x30:0x8003feb0  x3:0x00000001 PA:0xxxxxxxxx
     493515.000 ns	     49350	80009eb8	ff9ff06f	jal	x0,80009eb4	
     493565.000 ns	     49355	80009eb0	00036f17	auipc	x30,0x36	 x30=0x8003feb0
     493575.000 ns	     49356	80009eb4	143f2823	sw	x3,336(x30)	 x30:0x8003feb0  x3:0x00000001 PA:0xxxxxxxxx
     493595.000 ns	     49358	80009eb8	ff9ff06f	jal	x0,80009eb4	
     493645.000 ns	     49363	80009eb0	00036f17	auipc	x30,0x36	 x30=0x8003feb0
     493655.000 ns	     49364	80009eb4	143f2823	sw	x3,336(x30)	 x30:0x8003feb0  x3:0x00000001 PA:0xxxxxxxxx
     493675.000 ns	     49366	80009eb8	ff9ff06f	jal	x0,80009eb4	
     493725.000 ns	     49371	80009eb0	00036f17	auipc	x30,0x36	 x30=0x8003feb0
     493735.000 ns	     49372	80009eb4	143f2823	sw	x3,336(x30)	 x30:0x8003feb0  x3:0x00000001 PA:0xxxxxxxxx
     493755.000 ns	     49374	80009eb8	ff9ff06f	jal	x0,80009eb4	
     493805.000 ns	     49379	80009eb0	00036f17	auipc	x30,0x36	 x30=0x8003feb0
     493815.000 ns	     49380	80009eb4	143f2823	sw	x3,336(x30)	 x30:0x8003feb0  x3:0x00000001 PA:0xxxxxxxxx
     493835.000 ns	     49382	80009eb8	ff9ff06f	jal	x0,80009eb4	
     493885.000 ns	     49387	80009eb0	00036f17	auipc	x30,0x36	 x30=0x8003feb0
     493895.000 ns	     49388	80009eb4	143f2823	sw	x3,336(x30)	 x30:0x8003feb0  x3:0x00000001 PA:0xxxxxxxxx
     493915.000 ns	     49390	80009eb8	ff9ff06f	jal	x0,80009eb4	
     493965.000 ns	     49395	80009eb0	00036f17	auipc	x30,0x36	 x30=0x8003feb0
     493975.000 ns	     49396	80009eb4	143f2823	sw	x3,336(x30)	 x30:0x8003feb0  x3:0x00000001 PA:0xxxxxxxxx
     493995.000 ns	     49398	80009eb8	ff9ff06f	jal	x0,80009eb4	
     494045.000 ns	     49403	80009eb0	00036f17	auipc	x30,0x36	 x30=0x8003feb0
     494055.000 ns	     49404	80009eb4	143f2823	sw	x3,336(x30)	 x30:0x8003feb0  x3:0x00000001 PA:0xxxxxxxxx
     494075.000 ns	     49406	80009eb8	ff9ff06f	jal	x0,80009eb4	
     494125.000 ns	     49411	80009eb0	00036f17	auipc	x30,0x36	 x30=0x8003feb0
     494135.000 ns	     49412	80009eb4	143f2823	sw	x3,336(x30)	 x30:0x8003feb0  x3:0x00000001 PA:0xxxxxxxxx
     494155.000 ns	     49414	80009eb8	ff9ff06f	jal	x0,80009eb4	
     494205.000 ns	     49419	80009eb0	00036f17	auipc	x30,0x36	 x30=0x8003feb0
     494215.000 ns	     49420	80009eb4	143f2823	sw	x3,336(x30)	 x30:0x8003feb0  x3:0x00000001 PA:0xxxxxxxxx
     494235.000 ns	     49422	80009eb8	ff9ff06f	jal	x0,80009eb4	
     494285.000 ns	     49427	80009eb0	00036f17	auipc	x30,0x36	 x30=0x8003feb0
     494295.000 ns	     49428	80009eb4	143f2823	sw	x3,336(x30)	 x30:0x8003feb0  x3:0x00000001 PA:0xxxxxxxxx
     494315.000 ns	     49430	80009eb8	ff9ff06f	jal	x0,80009eb4	
     494365.000 ns	     49435	80009eb0	00036f17	auipc	x30,0x36	 x30=0x8003feb0
     494375.000 ns	     49436	80009eb4	143f2823	sw	x3,336(x30)	 x30:0x8003feb0  x3:0x00000001 PA:0xxxxxxxxx
     494395.000 ns	     49438	80009eb8	ff9ff06f	jal	x0,80009eb4	
     494445.000 ns	     49443	80009eb0	00036f17	auipc	x30,0x36	 x30=0x8003feb0
     494455.000 ns	     49444	80009eb4	143f2823	sw	x3,336(x30)	 x30:0x8003feb0  x3:0x00000001 PA:0xxxxxxxxx
     494475.000 ns	     49446	80009eb8	ff9ff06f	jal	x0,80009eb4	
     494525.000 ns	     49451	80009eb0	00036f17	auipc	x30,0x36	 x30=0x8003feb0
     494535.000 ns	     49452	80009eb4	143f2823	sw	x3,336(x30)	 x30:0x8003feb0  x3:0x00000001 PA:0xxxxxxxxx
     494555.000 ns	     49454	80009eb8	ff9ff06f	jal	x0,80009eb4	
     494605.000 ns	     49459	80009eb0	00036f17	auipc	x30,0x36	 x30=0x8003feb0
     494615.000 ns	     49460	80009eb4	143f2823	sw	x3,336(x30)	 x30:0x8003feb0  x3:0x00000001 PA:0xxxxxxxxx
     494635.000 ns	     49462	80009eb8	ff9ff06f	jal	x0,80009eb4	
     494685.000 ns	     49467	80009eb0	00036f17	auipc	x30,0x36	 x30=0x8003feb0
     494695.000 ns	     49468	80009eb4	143f2823	sw	x3,336(x30)	 x30:0x8003feb0  x3:0x00000001 PA:0xxxxxxxxx
     494715.000 ns	     49470	80009eb8	ff9ff06f	jal	x0,80009eb4	
     494765.000 ns	     49475	80009eb0	00036f17	auipc	x30,0x36	 x30=0x8003feb0
     494775.000 ns	     49476	80009eb4	143f2823	sw	x3,336(x30)	 x30:0x8003feb0  x3:0x00000001 PA:0xxxxxxxxx
     494795.000 ns	     49478	80009eb8	ff9ff06f	jal	x0,80009eb4	
     494845.000 ns	     49483	80009eb0	00036f17	auipc	x30,0x36	 x30=0x8003feb0
     494855.000 ns	     49484	80009eb4	143f2823	sw	x3,336(x30)	 x30:0x8003feb0  x3:0x00000001 PA:0xxxxxxxxx
     494875.000 ns	     49486	80009eb8	ff9ff06f	jal	x0,80009eb4	
     494925.000 ns	     49491	80009eb0	00036f17	auipc	x30,0x36	 x30=0x8003feb0
     494935.000 ns	     49492	80009eb4	143f2823	sw	x3,336(x30)	 x30:0x8003feb0  x3:0x00000001 PA:0xxxxxxxxx
     494955.000 ns	     49494	80009eb8	ff9ff06f	jal	x0,80009eb4	
     495005.000 ns	     49499	80009eb0	00036f17	auipc	x30,0x36	 x30=0x8003feb0
     495015.000 ns	     49500	80009eb4	143f2823	sw	x3,336(x30)	 x30:0x8003feb0  x3:0x00000001 PA:0xxxxxxxxx
     495035.000 ns	     49502	80009eb8	ff9ff06f	jal	x0,80009eb4	
     495085.000 ns	     49507	80009eb0	00036f17	auipc	x30,0x36	 x30=0x8003feb0
     495095.000 ns	     49508	80009eb4	143f2823	sw	x3,336(x30)	 x30:0x8003feb0  x3:0x00000001 PA:0xxxxxxxxx
     495115.000 ns	     49510	80009eb8	ff9ff06f	jal	x0,80009eb4	
     495165.000 ns	     49515	80009eb0	00036f17	auipc	x30,0x36	 x30=0x8003feb0
     495175.000 ns	     49516	80009eb4	143f2823	sw	x3,336(x30)	 x30:0x8003feb0  x3:0x00000001 PA:0xxxxxxxxx
     495195.000 ns	     49518	80009eb8	ff9ff06f	jal	x0,80009eb4	
     495245.000 ns	     49523	80009eb0	00036f17	auipc	x30,0x36	 x30=0x8003feb0
     495255.000 ns	     49524	80009eb4	143f2823	sw	x3,336(x30)	 x30:0x8003feb0  x3:0x00000001 PA:0xxxxxxxxx
     495275.000 ns	     49526	80009eb8	ff9ff06f	jal	x0,80009eb4	
     495325.000 ns	     49531	80009eb0	00036f17	auipc	x30,0x36	 x30=0x8003feb0
     495335.000 ns	     49532	80009eb4	143f2823	sw	x3,336(x30)	 x30:0x8003feb0  x3:0x00000001 PA:0xxxxxxxxx
     495355.000 ns	     49534	80009eb8	ff9ff06f	jal	x0,80009eb4	
     495405.000 ns	     49539	80009eb0	00036f17	auipc	x30,0x36	 x30=0x8003feb0
     495415.000 ns	     49540	80009eb4	143f2823	sw	x3,336(x30)	 x30:0x8003feb0  x3:0x00000001 PA:0xxxxxxxxx
     495435.000 ns	     49542	80009eb8	ff9ff06f	jal	x0,80009eb4	
     495485.000 ns	     49547	80009eb0	00036f17	auipc	x30,0x36	 x30=0x8003feb0
     495495.000 ns	     49548	80009eb4	143f2823	sw	x3,336(x30)	 x30:0x8003feb0  x3:0x00000001 PA:0xxxxxxxxx
     495515.000 ns	     49550	80009eb8	ff9ff06f	jal	x0,80009eb4	
     495565.000 ns	     49555	80009eb0	00036f17	auipc	x30,0x36	 x30=0x8003feb0
     495575.000 ns	     49556	80009eb4	143f2823	sw	x3,336(x30)	 x30:0x8003feb0  x3:0x00000001 PA:0xxxxxxxxx
     495595.000 ns	     49558	80009eb8	ff9ff06f	jal	x0,80009eb4	
     495645.000 ns	     49563	80009eb0	00036f17	auipc	x30,0x36	 x30=0x8003feb0
     495655.000 ns	     49564	80009eb4	143f2823	sw	x3,336(x30)	 x30:0x8003feb0  x3:0x00000001 PA:0xxxxxxxxx
     495675.000 ns	     49566	80009eb8	ff9ff06f	jal	x0,80009eb4	
     495725.000 ns	     49571	80009eb0	00036f17	auipc	x30,0x36	 x30=0x8003feb0
     495735.000 ns	     49572	80009eb4	143f2823	sw	x3,336(x30)	 x30:0x8003feb0  x3:0x00000001 PA:0xxxxxxxxx
     495755.000 ns	     49574	80009eb8	ff9ff06f	jal	x0,80009eb4	
     495805.000 ns	     49579	80009eb0	00036f17	auipc	x30,0x36	 x30=0x8003feb0
     495815.000 ns	     49580	80009eb4	143f2823	sw	x3,336(x30)	 x30:0x8003feb0  x3:0x00000001 PA:0xxxxxxxxx
     495835.000 ns	     49582	80009eb8	ff9ff06f	jal	x0,80009eb4	
     495885.000 ns	     49587	80009eb0	00036f17	auipc	x30,0x36	 x30=0x8003feb0
     495895.000 ns	     49588	80009eb4	143f2823	sw	x3,336(x30)	 x30:0x8003feb0  x3:0x00000001 PA:0xxxxxxxxx
     495915.000 ns	     49590	80009eb8	ff9ff06f	jal	x0,80009eb4	
     495965.000 ns	     49595	80009eb0	00036f17	auipc	x30,0x36	 x30=0x8003feb0
     495975.000 ns	     49596	80009eb4	143f2823	sw	x3,336(x30)	 x30:0x8003feb0  x3:0x00000001 PA:0xxxxxxxxx
     495995.000 ns	     49598	80009eb8	ff9ff06f	jal	x0,80009eb4	
     496045.000 ns	     49603	80009eb0	00036f17	auipc	x30,0x36	 x30=0x8003feb0
     496055.000 ns	     49604	80009eb4	143f2823	sw	x3,336(x30)	 x30:0x8003feb0  x3:0x00000001 PA:0xxxxxxxxx
     496075.000 ns	     49606	80009eb8	ff9ff06f	jal	x0,80009eb4	
     496125.000 ns	     49611	80009eb0	00036f17	auipc	x30,0x36	 x30=0x8003feb0
     496135.000 ns	     49612	80009eb4	143f2823	sw	x3,336(x30)	 x30:0x8003feb0  x3:0x00000001 PA:0xxxxxxxxx
     496155.000 ns	     49614	80009eb8	ff9ff06f	jal	x0,80009eb4	
     496205.000 ns	     49619	80009eb0	00036f17	auipc	x30,0x36	 x30=0x8003feb0
     496215.000 ns	     49620	80009eb4	143f2823	sw	x3,336(x30)	 x30:0x8003feb0  x3:0x00000001 PA:0xxxxxxxxx
     496235.000 ns	     49622	80009eb8	ff9ff06f	jal	x0,80009eb4	
     496285.000 ns	     49627	80009eb0	00036f17	auipc	x30,0x36	 x30=0x8003feb0
     496295.000 ns	     49628	80009eb4	143f2823	sw	x3,336(x30)	 x30:0x8003feb0  x3:0x00000001 PA:0xxxxxxxxx
     496315.000 ns	     49630	80009eb8	ff9ff06f	jal	x0,80009eb4	
     496365.000 ns	     49635	80009eb0	00036f17	auipc	x30,0x36	 x30=0x8003feb0
     496375.000 ns	     49636	80009eb4	143f2823	sw	x3,336(x30)	 x30:0x8003feb0  x3:0x00000001 PA:0xxxxxxxxx
     496395.000 ns	     49638	80009eb8	ff9ff06f	jal	x0,80009eb4	
     496445.000 ns	     49643	80009eb0	00036f17	auipc	x30,0x36	 x30=0x8003feb0
     496455.000 ns	     49644	80009eb4	143f2823	sw	x3,336(x30)	 x30:0x8003feb0  x3:0x00000001 PA:0xxxxxxxxx
     496475.000 ns	     49646	80009eb8	ff9ff06f	jal	x0,80009eb4	
     496525.000 ns	     49651	80009eb0	00036f17	auipc	x30,0x36	 x30=0x8003feb0
     496535.000 ns	     49652	80009eb4	143f2823	sw	x3,336(x30)	 x30:0x8003feb0  x3:0x00000001 PA:0xxxxxxxxx
     496555.000 ns	     49654	80009eb8	ff9ff06f	jal	x0,80009eb4	
     496605.000 ns	     49659	80009eb0	00036f17	auipc	x30,0x36	 x30=0x8003feb0
     496615.000 ns	     49660	80009eb4	143f2823	sw	x3,336(x30)	 x30:0x8003feb0  x3:0x00000001 PA:0xxxxxxxxx
     496635.000 ns	     49662	80009eb8	ff9ff06f	jal	x0,80009eb4	
     496685.000 ns	     49667	80009eb0	00036f17	auipc	x30,0x36	 x30=0x8003feb0
     496695.000 ns	     49668	80009eb4	143f2823	sw	x3,336(x30)	 x30:0x8003feb0  x3:0x00000001 PA:0xxxxxxxxx
     496715.000 ns	     49670	80009eb8	ff9ff06f	jal	x0,80009eb4	
     496765.000 ns	     49675	80009eb0	00036f17	auipc	x30,0x36	 x30=0x8003feb0
     496775.000 ns	     49676	80009eb4	143f2823	sw	x3,336(x30)	 x30:0x8003feb0  x3:0x00000001 PA:0xxxxxxxxx
     496795.000 ns	     49678	80009eb8	ff9ff06f	jal	x0,80009eb4	
     496845.000 ns	     49683	80009eb0	00036f17	auipc	x30,0x36	 x30=0x8003feb0
     496855.000 ns	     49684	80009eb4	143f2823	sw	x3,336(x30)	 x30:0x8003feb0  x3:0x00000001 PA:0xxxxxxxxx
     496875.000 ns	     49686	80009eb8	ff9ff06f	jal	x0,80009eb4	
     496925.000 ns	     49691	80009eb0	00036f17	auipc	x30,0x36	 x30=0x8003feb0
     496935.000 ns	     49692	80009eb4	143f2823	sw	x3,336(x30)	 x30:0x8003feb0  x3:0x00000001 PA:0xxxxxxxxx
     496955.000 ns	     49694	80009eb8	ff9ff06f	jal	x0,80009eb4	
     497005.000 ns	     49699	80009eb0	00036f17	auipc	x30,0x36	 x30=0x8003feb0
     497015.000 ns	     49700	80009eb4	143f2823	sw	x3,336(x30)	 x30:0x8003feb0  x3:0x00000001 PA:0xxxxxxxxx
     497035.000 ns	     49702	80009eb8	ff9ff06f	jal	x0,80009eb4	
     497085.000 ns	     49707	80009eb0	00036f17	auipc	x30,0x36	 x30=0x8003feb0
     497095.000 ns	     49708	80009eb4	143f2823	sw	x3,336(x30)	 x30:0x8003feb0  x3:0x00000001 PA:0xxxxxxxxx
     497115.000 ns	     49710	80009eb8	ff9ff06f	jal	x0,80009eb4	
     497165.000 ns	     49715	80009eb0	00036f17	auipc	x30,0x36	 x30=0x8003feb0
     497175.000 ns	     49716	80009eb4	143f2823	sw	x3,336(x30)	 x30:0x8003feb0  x3:0x00000001 PA:0xxxxxxxxx
     497195.000 ns	     49718	80009eb8	ff9ff06f	jal	x0,80009eb4	
     497245.000 ns	     49723	80009eb0	00036f17	auipc	x30,0x36	 x30=0x8003feb0
     497255.000 ns	     49724	80009eb4	143f2823	sw	x3,336(x30)	 x30:0x8003feb0  x3:0x00000001 PA:0xxxxxxxxx
     497275.000 ns	     49726	80009eb8	ff9ff06f	jal	x0,80009eb4	
     497325.000 ns	     49731	80009eb0	00036f17	auipc	x30,0x36	 x30=0x8003feb0
     497335.000 ns	     49732	80009eb4	143f2823	sw	x3,336(x30)	 x30:0x8003feb0  x3:0x00000001 PA:0xxxxxxxxx
     497355.000 ns	     49734	80009eb8	ff9ff06f	jal	x0,80009eb4	
     497405.000 ns	     49739	80009eb0	00036f17	auipc	x30,0x36	 x30=0x8003feb0
     497415.000 ns	     49740	80009eb4	143f2823	sw	x3,336(x30)	 x30:0x8003feb0  x3:0x00000001 PA:0xxxxxxxxx
     497435.000 ns	     49742	80009eb8	ff9ff06f	jal	x0,80009eb4	
     497485.000 ns	     49747	80009eb0	00036f17	auipc	x30,0x36	 x30=0x8003feb0
     497495.000 ns	     49748	80009eb4	143f2823	sw	x3,336(x30)	 x30:0x8003feb0  x3:0x00000001 PA:0xxxxxxxxx
     497515.000 ns	     49750	80009eb8	ff9ff06f	jal	x0,80009eb4	
     497565.000 ns	     49755	80009eb0	00036f17	auipc	x30,0x36	 x30=0x8003feb0
     497575.000 ns	     49756	80009eb4	143f2823	sw	x3,336(x30)	 x30:0x8003feb0  x3:0x00000001 PA:0xxxxxxxxx
     497595.000 ns	     49758	80009eb8	ff9ff06f	jal	x0,80009eb4	
     497645.000 ns	     49763	80009eb0	00036f17	auipc	x30,0x36	 x30=0x8003feb0
     497655.000 ns	     49764	80009eb4	143f2823	sw	x3,336(x30)	 x30:0x8003feb0  x3:0x00000001 PA:0xxxxxxxxx
     497675.000 ns	     49766	80009eb8	ff9ff06f	jal	x0,80009eb4	
     497725.000 ns	     49771	80009eb0	00036f17	auipc	x30,0x36	 x30=0x8003feb0
     497735.000 ns	     49772	80009eb4	143f2823	sw	x3,336(x30)	 x30:0x8003feb0  x3:0x00000001 PA:0xxxxxxxxx
     497755.000 ns	     49774	80009eb8	ff9ff06f	jal	x0,80009eb4	
     497805.000 ns	     49779	80009eb0	00036f17	auipc	x30,0x36	 x30=0x8003feb0
     497815.000 ns	     49780	80009eb4	143f2823	sw	x3,336(x30)	 x30:0x8003feb0  x3:0x00000001 PA:0xxxxxxxxx
     497835.000 ns	     49782	80009eb8	ff9ff06f	jal	x0,80009eb4	
     497885.000 ns	     49787	80009eb0	00036f17	auipc	x30,0x36	 x30=0x8003feb0
     497895.000 ns	     49788	80009eb4	143f2823	sw	x3,336(x30)	 x30:0x8003feb0  x3:0x00000001 PA:0xxxxxxxxx
     497915.000 ns	     49790	80009eb8	ff9ff06f	jal	x0,80009eb4	
     497965.000 ns	     49795	80009eb0	00036f17	auipc	x30,0x36	 x30=0x8003feb0
     497975.000 ns	     49796	80009eb4	143f2823	sw	x3,336(x30)	 x30:0x8003feb0  x3:0x00000001 PA:0xxxxxxxxx
     497995.000 ns	     49798	80009eb8	ff9ff06f	jal	x0,80009eb4	
     498045.000 ns	     49803	80009eb0	00036f17	auipc	x30,0x36	 x30=0x8003feb0
     498055.000 ns	     49804	80009eb4	143f2823	sw	x3,336(x30)	 x30:0x8003feb0  x3:0x00000001 PA:0xxxxxxxxx
     498075.000 ns	     49806	80009eb8	ff9ff06f	jal	x0,80009eb4	
     498125.000 ns	     49811	80009eb0	00036f17	auipc	x30,0x36	 x30=0x8003feb0
     498135.000 ns	     49812	80009eb4	143f2823	sw	x3,336(x30)	 x30:0x8003feb0  x3:0x00000001 PA:0xxxxxxxxx
     498155.000 ns	     49814	80009eb8	ff9ff06f	jal	x0,80009eb4	
     498205.000 ns	     49819	80009eb0	00036f17	auipc	x30,0x36	 x30=0x8003feb0
     498215.000 ns	     49820	80009eb4	143f2823	sw	x3,336(x30)	 x30:0x8003feb0  x3:0x00000001 PA:0xxxxxxxxx
     498235.000 ns	     49822	80009eb8	ff9ff06f	jal	x0,80009eb4	
     498285.000 ns	     49827	80009eb0	00036f17	auipc	x30,0x36	 x30=0x8003feb0
     498295.000 ns	     49828	80009eb4	143f2823	sw	x3,336(x30)	 x30:0x8003feb0  x3:0x00000001 PA:0xxxxxxxxx
     498315.000 ns	     49830	80009eb8	ff9ff06f	jal	x0,80009eb4	
     498365.000 ns	     49835	80009eb0	00036f17	auipc	x30,0x36	 x30=0x8003feb0
     498375.000 ns	     49836	80009eb4	143f2823	sw	x3,336(x30)	 x30:0x8003feb0  x3:0x00000001 PA:0xxxxxxxxx
     498395.000 ns	     49838	80009eb8	ff9ff06f	jal	x0,80009eb4	
     498445.000 ns	     49843	80009eb0	00036f17	auipc	x30,0x36	 x30=0x8003feb0
     498455.000 ns	     49844	80009eb4	143f2823	sw	x3,336(x30)	 x30:0x8003feb0  x3:0x00000001 PA:0xxxxxxxxx
     498475.000 ns	     49846	80009eb8	ff9ff06f	jal	x0,80009eb4	
     498525.000 ns	     49851	80009eb0	00036f17	auipc	x30,0x36	 x30=0x8003feb0
     498535.000 ns	     49852	80009eb4	143f2823	sw	x3,336(x30)	 x30:0x8003feb0  x3:0x00000001 PA:0xxxxxxxxx
     498555.000 ns	     49854	80009eb8	ff9ff06f	jal	x0,80009eb4	
     498605.000 ns	     49859	80009eb0	00036f17	auipc	x30,0x36	 x30=0x8003feb0
     498615.000 ns	     49860	80009eb4	143f2823	sw	x3,336(x30)	 x30:0x8003feb0  x3:0x00000001 PA:0xxxxxxxxx
     498635.000 ns	     49862	80009eb8	ff9ff06f	jal	x0,80009eb4	
     498685.000 ns	     49867	80009eb0	00036f17	auipc	x30,0x36	 x30=0x8003feb0
     498695.000 ns	     49868	80009eb4	143f2823	sw	x3,336(x30)	 x30:0x8003feb0  x3:0x00000001 PA:0xxxxxxxxx
     498715.000 ns	     49870	80009eb8	ff9ff06f	jal	x0,80009eb4	
     498765.000 ns	     49875	80009eb0	00036f17	auipc	x30,0x36	 x30=0x8003feb0
     498775.000 ns	     49876	80009eb4	143f2823	sw	x3,336(x30)	 x30:0x8003feb0  x3:0x00000001 PA:0xxxxxxxxx
     498795.000 ns	     49878	80009eb8	ff9ff06f	jal	x0,80009eb4	
     498845.000 ns	     49883	80009eb0	00036f17	auipc	x30,0x36	 x30=0x8003feb0
     498855.000 ns	     49884	80009eb4	143f2823	sw	x3,336(x30)	 x30:0x8003feb0  x3:0x00000001 PA:0xxxxxxxxx
     498875.000 ns	     49886	80009eb8	ff9ff06f	jal	x0,80009eb4	
     498925.000 ns	     49891	80009eb0	00036f17	auipc	x30,0x36	 x30=0x8003feb0
     498935.000 ns	     49892	80009eb4	143f2823	sw	x3,336(x30)	 x30:0x8003feb0  x3:0x00000001 PA:0xxxxxxxxx
     498955.000 ns	     49894	80009eb8	ff9ff06f	jal	x0,80009eb4	
     499005.000 ns	     49899	80009eb0	00036f17	auipc	x30,0x36	 x30=0x8003feb0
     499015.000 ns	     49900	80009eb4	143f2823	sw	x3,336(x30)	 x30:0x8003feb0  x3:0x00000001 PA:0xxxxxxxxx
     499035.000 ns	     49902	80009eb8	ff9ff06f	jal	x0,80009eb4	
     499085.000 ns	     49907	80009eb0	00036f17	auipc	x30,0x36	 x30=0x8003feb0
     499095.000 ns	     49908	80009eb4	143f2823	sw	x3,336(x30)	 x30:0x8003feb0  x3:0x00000001 PA:0xxxxxxxxx
     499115.000 ns	     49910	80009eb8	ff9ff06f	jal	x0,80009eb4	
     499165.000 ns	     49915	80009eb0	00036f17	auipc	x30,0x36	 x30=0x8003feb0
     499175.000 ns	     49916	80009eb4	143f2823	sw	x3,336(x30)	 x30:0x8003feb0  x3:0x00000001 PA:0xxxxxxxxx
     499195.000 ns	     49918	80009eb8	ff9ff06f	jal	x0,80009eb4	
     499245.000 ns	     49923	80009eb0	00036f17	auipc	x30,0x36	 x30=0x8003feb0
     499255.000 ns	     49924	80009eb4	143f2823	sw	x3,336(x30)	 x30:0x8003feb0  x3:0x00000001 PA:0xxxxxxxxx
     499275.000 ns	     49926	80009eb8	ff9ff06f	jal	x0,80009eb4	
     499325.000 ns	     49931	80009eb0	00036f17	auipc	x30,0x36	 x30=0x8003feb0
     499335.000 ns	     49932	80009eb4	143f2823	sw	x3,336(x30)	 x30:0x8003feb0  x3:0x00000001 PA:0xxxxxxxxx
     499355.000 ns	     49934	80009eb8	ff9ff06f	jal	x0,80009eb4	
     499405.000 ns	     49939	80009eb0	00036f17	auipc	x30,0x36	 x30=0x8003feb0
     499415.000 ns	     49940	80009eb4	143f2823	sw	x3,336(x30)	 x30:0x8003feb0  x3:0x00000001 PA:0xxxxxxxxx
     499435.000 ns	     49942	80009eb8	ff9ff06f	jal	x0,80009eb4	
     499485.000 ns	     49947	80009eb0	00036f17	auipc	x30,0x36	 x30=0x8003feb0
     499495.000 ns	     49948	80009eb4	143f2823	sw	x3,336(x30)	 x30:0x8003feb0  x3:0x00000001 PA:0xxxxxxxxx
     499515.000 ns	     49950	80009eb8	ff9ff06f	jal	x0,80009eb4	
     499565.000 ns	     49955	80009eb0	00036f17	auipc	x30,0x36	 x30=0x8003feb0
     499575.000 ns	     49956	80009eb4	143f2823	sw	x3,336(x30)	 x30:0x8003feb0  x3:0x00000001 PA:0xxxxxxxxx
     499595.000 ns	     49958	80009eb8	ff9ff06f	jal	x0,80009eb4	
     499645.000 ns	     49963	80009eb0	00036f17	auipc	x30,0x36	 x30=0x8003feb0
     499655.000 ns	     49964	80009eb4	143f2823	sw	x3,336(x30)	 x30:0x8003feb0  x3:0x00000001 PA:0xxxxxxxxx
     499675.000 ns	     49966	80009eb8	ff9ff06f	jal	x0,80009eb4	
     499725.000 ns	     49971	80009eb0	00036f17	auipc	x30,0x36	 x30=0x8003feb0
     499735.000 ns	     49972	80009eb4	143f2823	sw	x3,336(x30)	 x30:0x8003feb0  x3:0x00000001 PA:0xxxxxxxxx
     499755.000 ns	     49974	80009eb8	ff9ff06f	jal	x0,80009eb4	
     499805.000 ns	     49979	80009eb0	00036f17	auipc	x30,0x36	 x30=0x8003feb0
     499815.000 ns	     49980	80009eb4	143f2823	sw	x3,336(x30)	 x30:0x8003feb0  x3:0x00000001 PA:0xxxxxxxxx
     499835.000 ns	     49982	80009eb8	ff9ff06f	jal	x0,80009eb4	
     499885.000 ns	     49987	80009eb0	00036f17	auipc	x30,0x36	 x30=0x8003feb0
     499895.000 ns	     49988	80009eb4	143f2823	sw	x3,336(x30)	 x30:0x8003feb0  x3:0x00000001 PA:0xxxxxxxxx
     499915.000 ns	     49990	80009eb8	ff9ff06f	jal	x0,80009eb4	
     499965.000 ns	     49995	80009eb0	00036f17	auipc	x30,0x36	 x30=0x8003feb0
     499975.000 ns	     49996	80009eb4	143f2823	sw	x3,336(x30)	 x30:0x8003feb0  x3:0x00000001 PA:0xxxxxxxxx
