		Time			Cycle	PC		Insn	Decoded instruction	Register and memory contents
         65.000 ns	         5	80000000	f14022f3	csrrs	x5,mhartid,x0	  x0:0x00000000  x5=0xffffff14
         75.000 ns	         6	80000004	00000313	addi	x6,x0,0	  x0:0x00000000  x6=0x00000000
         85.000 ns	         7	80000008	00628263	beq	x5,x6,8000000c	  x5:0x00000000  x6:0x00000000
         95.000 ns	         8	8000000c	00000f17	auipc	x30,0x0	 x30=0x8000000c
        105.000 ns	         9	80000010	00cf0f13	addi	x30,x30,12	 x30:0x00000000 x30=0x80000018
        115.000 ns	        10	80000014	000f0067	jalr	x0,x30,0	 x30:0x00000000
        165.000 ns	        15	80000018	40001c37	lui	x24,0x40001	 x24=0x40001000
        175.000 ns	        16	8000001c	120c0c13	addi	x24,x24,288	 x24:0x00000000 x24=0x40001120
        185.000 ns	        17	80000020	301c1073	csrrw	x0,misa,x24	 x24:0x00000000
        195.000 ns	        18	80000024	00041317	auipc	x6,0x41	  x6=0x80041024
        205.000 ns	        19	80000028	00030313	addi	x6,x6,0	  x6:0x00000000  x6=0x80041024
        215.000 ns	        20	8000002c	0000bc17	auipc	x24,0xb	 x24=0x8000b02c
        225.000 ns	        21	80000030	8a4c0c13	addi	x24,x24,-1884	 x24:0x40001120 x24=0x8000a8d0
        235.000 ns	        22	80000034	001c6c13	ori	x24,x24,1	 x24:0x40001120 x24=0x8000a8d1
        245.000 ns	        23	80000038	305c1073	csrrw	x0,mtvec,x24	 x24:0x8000b02c
        255.000 ns	        24	8000003c	00000c17	auipc	x24,0x0	 x24=0x8000003c
        265.000 ns	        25	80000040	028c0c13	addi	x24,x24,40	 x24:0x8000a8d1 x24=0x80000064
        275.000 ns	        26	80000044	341c1073	csrrw	x0,mepc,x24	 x24:0x8000a8d1
        285.000 ns	        27	80000048	00000013	addi	x0,x0,0	  x0:0x00000000
        295.000 ns	        28	8000004c	00004c37	lui	x24,0x4	 x24=0x00004000
        305.000 ns	        29	80000050	800c0c13	addi	x24,x24,-2048	 x24:0x80000064 x24=0x00003800
        315.000 ns	        30	80000054	300c1073	csrrw	x0,mstatus,x24	 x24:0x80000064
        325.000 ns	        31	80000058	00000c13	addi	x24,x0,0	  x0:0x00000000 x24=0x00000000
        335.000 ns	        32	8000005c	304c1073	csrrw	x0,mie,x24	 x24:0x00003800
        345.000 ns	        33	80000060	30200073	mret	
        355.000 ns	        34	80000064	56c8fc37	lui	x24,0x56c8f	 x24=0x56c8f000
        365.000 ns	        35	80000068	9c3c0c13	addi	x24,x24,-1597	 x24:0x00000000 x24=0x56c8e9c3
        385.000 ns	        37	8000006c	f00c0053	fmv.w.x	f0,x24	 x24:0x00000000  f0=0x56c8e9c3
        405.000 ns	        39	80000070	7f800c37	lui	x24,0x7f800	 x24=0x7f800000
        425.000 ns	        41	80000074	f00c00d3	fmv.w.x	f1,x24	 x24:0x56c8e9c3  f1=0x7f800000
        445.000 ns	        43	80000078	80215c37	lui	x24,0x80215	 x24=0x80215000
        455.000 ns	        44	8000007c	f77c0c13	addi	x24,x24,-137	 x24:0x7f800000 x24=0x80214f77
        475.000 ns	        46	80000080	f00c0153	fmv.w.x	f2,x24	 x24:0x7f800000  f2=0x80214f77
        495.000 ns	        48	80000084	7f800c37	lui	x24,0x7f800	 x24=0x7f800000
        515.000 ns	        50	80000088	f00c01d3	fmv.w.x	f3,x24	 x24:0x80214f77  f3=0x7f800000
        535.000 ns	        52	8000008c	7f800c37	lui	x24,0x7f800	 x24=0x7f800000
        545.000 ns	        53	80000090	001c0c13	addi	x24,x24,1	 x24:0x7f800000 x24=0x7f800001
        565.000 ns	        55	80000094	f00c0253	fmv.w.x	f4,x24	 x24:0x7f800000  f4=0x7f800001
        585.000 ns	        57	80000098	80489c37	lui	x24,0x80489	 x24=0x80489000
        595.000 ns	        58	8000009c	41cc0c13	addi	x24,x24,1052	 x24:0x7f800001 x24=0x8048941c
        615.000 ns	        60	800000a0	f00c02d3	fmv.w.x	f5,x24	 x24:0x7f800001  f5=0x8048941c
        635.000 ns	        62	800000a4	7fc00c37	lui	x24,0x7fc00	 x24=0x7fc00000
        655.000 ns	        64	800000a8	f00c0353	fmv.w.x	f6,x24	 x24:0x8048941c  f6=0x7fc00000
        675.000 ns	        66	800000ac	7f800c37	lui	x24,0x7f800	 x24=0x7f800000
        685.000 ns	        67	800000b0	fffc0c13	addi	x24,x24,-1	 x24:0x7fc00000 x24=0x7f7fffff
        705.000 ns	        69	800000b4	f00c03d3	fmv.w.x	f7,x24	 x24:0x7fc00000  f7=0x7f7fffff
        725.000 ns	        71	800000b8	7f800c37	lui	x24,0x7f800	 x24=0x7f800000
        745.000 ns	        73	800000bc	f00c0453	fmv.w.x	f8,x24	 x24:0x7f7fffff  f8=0x7f800000
        765.000 ns	        75	800000c0	7f800c37	lui	x24,0x7f800	 x24=0x7f800000
        785.000 ns	        77	800000c4	f00c04d3	fmv.w.x	f9,x24	 x24:0x7f800000  f9=0x7f800000
        805.000 ns	        79	800000c8	00000c13	addi	x24,x0,0	  x0:0x00000000 x24=0x00000000
        825.000 ns	        81	800000cc	f00c0553	fmv.w.x	f10,x24	 x24:0x7f800000 f10=0x00000000
        845.000 ns	        83	800000d0	ff800c37	lui	x24,0xff800	 x24=0xff800000
        855.000 ns	        84	800000d4	fffc0c13	addi	x24,x24,-1	 x24:0x00000000 x24=0xff7fffff
        875.000 ns	        86	800000d8	f00c05d3	fmv.w.x	f11,x24	 x24:0x00000000 f11=0xff7fffff
        895.000 ns	        88	800000dc	7daf9c37	lui	x24,0x7daf9	 x24=0x7daf9000
        905.000 ns	        89	800000e0	375c0c13	addi	x24,x24,885	 x24:0xff7fffff x24=0x7daf9375
        925.000 ns	        91	800000e4	f00c0653	fmv.w.x	f12,x24	 x24:0xff7fffff f12=0x7daf9375
        945.000 ns	        93	800000e8	7fc00c37	lui	x24,0x7fc00	 x24=0x7fc00000
        965.000 ns	        95	800000ec	f00c06d3	fmv.w.x	f13,x24	 x24:0x7daf9375 f13=0x7fc00000
        985.000 ns	        97	800000f0	7fc00c37	lui	x24,0x7fc00	 x24=0x7fc00000
       1005.000 ns	        99	800000f4	f00c0753	fmv.w.x	f14,x24	 x24:0x7fc00000 f14=0x7fc00000
       1025.000 ns	       101	800000f8	36088c37	lui	x24,0x36088	 x24=0x36088000
       1035.000 ns	       102	800000fc	b93c0c13	addi	x24,x24,-1133	 x24:0x7fc00000 x24=0x36087b93
       1055.000 ns	       104	80000100	f00c07d3	fmv.w.x	f15,x24	 x24:0x7fc00000 f15=0x36087b93
       1075.000 ns	       106	80000104	7f800c37	lui	x24,0x7f800	 x24=0x7f800000
       1085.000 ns	       107	80000108	fffc0c13	addi	x24,x24,-1	 x24:0x36087b93 x24=0x7f7fffff
       1105.000 ns	       109	8000010c	f00c0853	fmv.w.x	f16,x24	 x24:0x36087b93 f16=0x7f7fffff
       1125.000 ns	       111	80000110	7f800c37	lui	x24,0x7f800	 x24=0x7f800000
       1145.000 ns	       113	80000114	f00c08d3	fmv.w.x	f17,x24	 x24:0x7f7fffff f17=0x7f800000
       1165.000 ns	       115	80000118	00660c37	lui	x24,0x660	 x24=0x00660000
       1175.000 ns	       116	8000011c	017c0c13	addi	x24,x24,23	 x24:0x7f800000 x24=0x00660017
       1195.000 ns	       118	80000120	f00c0953	fmv.w.x	f18,x24	 x24:0x7f800000 f18=0x00660017
       1215.000 ns	       120	80000124	ff800c37	lui	x24,0xff800	 x24=0xff800000
       1235.000 ns	       122	80000128	f00c09d3	fmv.w.x	f19,x24	 x24:0x00660017 f19=0xff800000
       1255.000 ns	       124	8000012c	804b2c37	lui	x24,0x804b2	 x24=0x804b2000
       1265.000 ns	       125	80000130	43ac0c13	addi	x24,x24,1082	 x24:0xff800000 x24=0x804b243a
       1285.000 ns	       127	80000134	f00c0a53	fmv.w.x	f20,x24	 x24:0xff800000 f20=0x804b243a
       1305.000 ns	       129	80000138	7f800c37	lui	x24,0x7f800	 x24=0x7f800000
       1325.000 ns	       131	8000013c	f00c0ad3	fmv.w.x	f21,x24	 x24:0x804b243a f21=0x7f800000
       1345.000 ns	       133	80000140	7fc00c37	lui	x24,0x7fc00	 x24=0x7fc00000
       1365.000 ns	       135	80000144	f00c0b53	fmv.w.x	f22,x24	 x24:0x7f800000 f22=0x7fc00000
       1385.000 ns	       137	80000148	ff800c37	lui	x24,0xff800	 x24=0xff800000
       1395.000 ns	       138	8000014c	fffc0c13	addi	x24,x24,-1	 x24:0x7fc00000 x24=0xff7fffff
       1415.000 ns	       140	80000150	f00c0bd3	fmv.w.x	f23,x24	 x24:0x7fc00000 f23=0xff7fffff
       1435.000 ns	       142	80000154	7fc00c37	lui	x24,0x7fc00	 x24=0x7fc00000
       1455.000 ns	       144	80000158	f00c0c53	fmv.w.x	f24,x24	 x24:0xff7fffff f24=0x7fc00000
       1475.000 ns	       146	8000015c	7fc00c37	lui	x24,0x7fc00	 x24=0x7fc00000
       1495.000 ns	       148	80000160	f00c0cd3	fmv.w.x	f25,x24	 x24:0x7fc00000 f25=0x7fc00000
       1515.000 ns	       150	80000164	7fc00c37	lui	x24,0x7fc00	 x24=0x7fc00000
       1535.000 ns	       152	80000168	f00c0d53	fmv.w.x	f26,x24	 x24:0x7fc00000 f26=0x7fc00000
       1555.000 ns	       154	8000016c	7f800c37	lui	x24,0x7f800	 x24=0x7f800000
       1565.000 ns	       155	80000170	001c0c13	addi	x24,x24,1	 x24:0x7fc00000 x24=0x7f800001
       1585.000 ns	       157	80000174	f00c0dd3	fmv.w.x	f27,x24	 x24:0x7fc00000 f27=0x7f800001
       1605.000 ns	       159	80000178	3cba9c37	lui	x24,0x3cba9	 x24=0x3cba9000
       1615.000 ns	       160	8000017c	2eec0c13	addi	x24,x24,750	 x24:0x7f800001 x24=0x3cba92ee
       1635.000 ns	       162	80000180	f00c0e53	fmv.w.x	f28,x24	 x24:0x7f800001 f28=0x3cba92ee
       1655.000 ns	       164	80000184	80000c37	lui	x24,0x80000	 x24=0x80000000
       1675.000 ns	       166	80000188	f00c0ed3	fmv.w.x	f29,x24	 x24:0x3cba92ee f29=0x80000000
       1695.000 ns	       168	8000018c	ff800c37	lui	x24,0xff800	 x24=0xff800000
       1715.000 ns	       170	80000190	f00c0f53	fmv.w.x	f30,x24	 x24:0x80000000 f30=0xff800000
       1735.000 ns	       172	80000194	7fc00c37	lui	x24,0x7fc00	 x24=0x7fc00000
       1755.000 ns	       174	80000198	f00c0fd3	fmv.w.x	f31,x24	 x24:0xff800000 f31=0x7fc00000
       1775.000 ns	       176	8000019c	00225073	csrrwi	x0,frm,4	
       1785.000 ns	       177	800001a0	00d00013	addi	x0,x0,13	  x0:0x00000000
       1795.000 ns	       178	800001a4	800000b7	lui	x1,0x80000	  x1=0x80000000
       1805.000 ns	       179	800001a8	9c145137	lui	x2,0x9c145	  x2=0x9c145000
       1815.000 ns	       180	800001ac	f7010113	addi	x2,x2,-144	  x2:0x00000000  x2=0x9c144f70
       1825.000 ns	       181	800001b0	ec0941b7	lui	x3,0xec094	  x3=0xec094000
       1835.000 ns	       182	800001b4	b4a18193	addi	x3,x3,-1206	  x3:0x00000000  x3=0xec093b4a
       1845.000 ns	       183	800001b8	f179e237	lui	x4,0xf179e	  x4=0xf179e000
       1855.000 ns	       184	800001bc	2ea20213	addi	x4,x4,746	  x4:0x00000000  x4=0xf179e2ea
       1865.000 ns	       185	800001c0	7eb422b7	lui	x5,0x7eb42	  x5=0x7eb42000
       1875.000 ns	       186	800001c4	4d528293	addi	x5,x5,1237	  x5:0xffffff14  x5=0x7eb424d5
       1885.000 ns	       187	800001c8	00700393	addi	x7,x0,7	  x0:0x00000000  x7=0x00000007
       1895.000 ns	       188	800001cc	00000413	addi	x8,x0,0	  x0:0x00000000  x8=0x00000000
       1905.000 ns	       189	800001d0	00d00493	addi	x9,x0,13	  x0:0x00000000  x9=0x0000000d
       1915.000 ns	       190	800001d4	00000513	addi	x10,x0,0	  x0:0x00000000 x10=0x00000000
       1925.000 ns	       191	800001d8	800005b7	lui	x11,0x80000	 x11=0x80000000
       1935.000 ns	       192	800001dc	00400613	addi	x12,x0,4	  x0:0x00000000 x12=0x00000004
       1945.000 ns	       193	800001e0	067166b7	lui	x13,0x6716	 x13=0x06716000
       1955.000 ns	       194	800001e4	72e68693	addi	x13,x13,1838	 x13:0x00000000 x13=0x0671672e
       1965.000 ns	       195	800001e8	80000737	lui	x14,0x80000	 x14=0x80000000
       1975.000 ns	       196	800001ec	00000793	addi	x15,x0,0	  x0:0x00000000 x15=0x00000000
       1985.000 ns	       197	800001f0	00500813	addi	x16,x0,5	  x0:0x00000000 x16=0x00000005
       1995.000 ns	       198	800001f4	800008b7	lui	x17,0x80000	 x17=0x80000000
       2005.000 ns	       199	800001f8	00000993	addi	x19,x0,0	  x0:0x00000000 x19=0x00000000
       2015.000 ns	       200	800001fc	f2101a37	lui	x20,0xf2101	 x20=0xf2101000
       2025.000 ns	       201	80000200	7ada0a13	addi	x20,x20,1965	 x20:0x00000000 x20=0xf21017ad
       2035.000 ns	       202	80000204	00900a93	addi	x21,x0,9	  x0:0x00000000 x21=0x00000009
       2045.000 ns	       203	80000208	b557bb37	lui	x22,0xb557b	 x22=0xb557b000
       2055.000 ns	       204	8000020c	05db0b13	addi	x22,x22,93	 x22:0x00000000 x22=0xb557b05d
       2065.000 ns	       205	80000210	00700b93	addi	x23,x0,7	  x0:0x00000000 x23=0x00000007
       2075.000 ns	       206	80000214	00000c13	addi	x24,x0,0	  x0:0x00000000 x24=0x00000000
       2085.000 ns	       207	80000218	00000c93	addi	x25,x0,0	  x0:0x00000000 x25=0x00000000
       2095.000 ns	       208	8000021c	00400d13	addi	x26,x0,4	  x0:0x00000000 x26=0x00000004
       2105.000 ns	       209	80000220	c6b14db7	lui	x27,0xc6b14	 x27=0xc6b14000
       2115.000 ns	       210	80000224	6bed8d93	addi	x27,x27,1726	 x27:0x00000000 x27=0xc6b146be
       2125.000 ns	       211	80000228	ace10e37	lui	x28,0xace10	 x28=0xace10000
       2135.000 ns	       212	8000022c	748e0e13	addi	x28,x28,1864	 x28:0x00000000 x28=0xace10748
       2145.000 ns	       213	80000230	00e00e93	addi	x29,x0,14	  x0:0x00000000 x29=0x0000000e
       2155.000 ns	       214	80000234	ec531f37	lui	x30,0xec531	 x30=0xec531000
       2165.000 ns	       215	80000238	3c0f0f13	addi	x30,x30,960	 x30:0x80000018 x30=0xec5313c0
       2175.000 ns	       216	8000023c	fb7cafb7	lui	x31,0xfb7ca	 x31=0xfb7ca000
       2185.000 ns	       217	80000240	a9ff8f93	addi	x31,x31,-1377	 x31:0x00000000 x31=0xfb7c9a9f
       2195.000 ns	       218	80000244	00041917	auipc	x18,0x41	 x18=0x80041244
       2205.000 ns	       219	80000248	da090913	addi	x18,x18,-608	 x18:0x00000000 x18=0x80040fe4
       2225.000 ns	       221	8000024c	28348f53	fmin.s	f30,f9,f3	  f9:0x7f800000  f3:0x7f800000 f30=0x7f800000
       2595.000 ns	       258	80000250	03dc7d33	remu	x26,x24,x29	 x24:0x00000000 x29:0x0000000e x26=0x00000000
       2625.000 ns	       261	80000254	211d09d3	fsgnj.s	f19,f26,f17	 f26:0x7fc00000 f17:0x7f800000 f19=0x7fc00000
       2655.000 ns	       264	80000258	a05815d3	flt.s	x11,f16,f5	 f16:0x7f7fffff  f5:0x8048941c x11=0x00000000
       2685.000 ns	       267	8000025c	d0083953	fcvt.s.w	f18,x16	 x16:0x00000005 f18=0x40a00000
       2715.000 ns	       270	80000260	0353a0b3	mulhsu	x1,x7,x21	  x7:0x00000007 x21:0x00000009  x1=0x00000000
       2735.000 ns	       272	80000264	019d1593	slli	x11,x26,0x19	 x26:0x00000000 x11=0x00000000
       2755.000 ns	       274	80000268	0281c533	div	x10,x3,x8	  x3:0xec093b4a  x8:0x00000000 x10=0xffffffff
       3125.000 ns	       311	8000026c	036acab3	div	x21,x21,x22	 x21:0x00000009 x22:0xb557b05d x21=0x00000000
       3145.000 ns	       313	80000270	99a97013	andi	x0,x18,-1638	 x18:0x80040fe4
       3155.000 ns	       314	80000274	a18c2413	slti	x8,x24,-1512	 x24:0x00000000  x8=0x00000000
       3165.000 ns	       315	80000278	419f5233	sra	x4,x30,x25	 x30:0xec5313c0 x25:0x00000000  x4=0xec5313c0
       3195.000 ns	       318	8000027c	181727d3	fdiv.s	f15,f14,f1	 f14:0x7fc00000  f1:0x7f800000 f15=0x7fc00000
       3215.000 ns	       320	80000280	00cb0233	add	x4,x22,x12	 x22:0xb557b05d x12:0x00000004  x4=0xb557b061
       3225.000 ns	       321	80000284	00c85e13	srli	x28,x16,0xc	 x16:0x00000005 x28=0x00000000
       3585.000 ns	       357	80000288	0242d533	divu	x10,x5,x4	  x5:0x7eb424d5  x4:0xec5313c0 x10=0x00000000
       3605.000 ns	       359	8000028c	00cc03b3	add	x7,x24,x12	 x24:0x00000000 x12:0x00000004  x7=0x00000004
       3615.000 ns	       360	80000290	4ab30713	addi	x14,x6,1195	  x6:0x80041024 x14=0x800414cf
       3625.000 ns	       361	80000294	013e5fb3	srl	x31,x28,x19	 x28:0x00000000 x19:0x00000000 x31=0x00000000
       3645.000 ns	       363	80000298	28cb8253	fmin.s	f4,f23,f12	 f23:0xff7fffff f12:0x7daf9375  f4=0xff7fffff
       3665.000 ns	       365	8000029c	41c7d293	srai	x5,x15,0x1c	 x15:0x00000000  x5=0x00000000
       3675.000 ns	       366	800002a0	017332b3	sltu	x5,x6,x23	  x6:0x80041024 x23:0x00000007  x5=0x00000000
       3685.000 ns	       367	800002a4	dce5b513	sltiu	x10,x11,-562	 x11:0x00000000 x10=0x00000001
       3695.000 ns	       368	800002a8	00c507b3	add	x15,x10,x12	 x10:0x00000000 x12:0x00000004 x15=0x00000005
       4055.000 ns	       404	800002ac	027f5a33	divu	x20,x30,x7	 x30:0xec5313c0  x7:0x00000004 x20=0x3b14c4f0
       4085.000 ns	       407	800002b0	28fa9853	fmax.s	f16,f21,f15	 f21:0x7f800000 f15:0x7fc00000 f16=0x7f800000
       4455.000 ns	       444	800002b4	0301e3b3	rem	x7,x3,x16	  x3:0xec093b4a x16:0x00000005  x7=0xfffffffd
       4505.000 ns	       449	800002b8	088e7dd3	fsub.s	f27,f28,f8	 f28:0x3cba92ee  f8:0x7f800000 f27=0xff800000
       4525.000 ns	       451	800002bc	00f11d13	slli	x26,x2,0xf	  x2:0x9c144f70 x26=0x27b80000
       4545.000 ns	       453	800002c0	e0040253	fmv.x.w	x4,f8	  f8:0x7f800000  x4=0x7f800000
       4575.000 ns	       456	800002c4	218fa7d3	fsgnjx.s	f15,f31,f24	 f31:0x7fc00000 f24:0x7fc00000 f15=0x7fc00000
       4605.000 ns	       459	800002c8	c005acd3	fcvt.w.s	x25,f11	 f11:0xff7fffff x25=0x80000000
       4635.000 ns	       462	800002cc	e00e1e53	fclass.s	x28,f28	 f28:0x3cba92ee x28=0x00000040
       4685.000 ns	       467	800002d0	00daa0d3	fadd.s	f1,f21,f13	 f21:0x7f800000 f13:0x7fc00000  f1=0x7fc00000
       4705.000 ns	       469	800002d4	01d28a33	add	x20,x5,x29	  x5:0x00000000 x29:0x0000000e x20=0x0000000e
       4735.000 ns	       472	800002d8	19fcf653	fdiv.s	f12,f25,f31	 f25:0x7fc00000 f31:0x7fc00000 f12=0x7fc00000
       5105.000 ns	       509	800002dc	031340b3	div	x1,x6,x17	  x6:0x80041024 x17:0x80000000  x1=0x00000000
       5125.000 ns	       511	800002e0	fa227293	andi	x5,x4,-94	  x4:0x7f800000  x5=0x7f800000
       5165.000 ns	       515	800002e4	000c3553	fadd.s	f10,f24,f0	 f24:0x7fc00000  f0:0x56c8e9c3 f10=0x7fc00000
       5195.000 ns	       518	800002e8	02b4e033	rem	x0,x9,x11	  x9:0x0000000d x11:0x00000000
       5225.000 ns	       521	800002ec	d0092453	fcvt.s.w	f8,x18	 x18:0x80040fe4  f8=0xcefff7e1
       5255.000 ns	       524	800002f0	a1ea05d3	fle.s	x11,f20,f30	 f20:0x804b243a f30:0x7f800000 x11=0x00000001
       5275.000 ns	       526	800002f4	50234b93	xori	x23,x6,1282	  x6:0x80041024 x23=0x80041526
       5295.000 ns	       528	800002f8	03f5da33	divu	x20,x11,x31	 x11:0x00000001 x31:0x00000000 x20=0xffffffff
       5325.000 ns	       531	800002fc	c001fd53	fcvt.w.s	x26,f3	  f3:0x7f800000 x26=0x7fffffff
       5355.000 ns	       534	80000300	e00d8b53	fmv.x.w	x22,f27	 f27:0xff800000 x22=0xff800000
       5385.000 ns	       537	80000304	f00706d3	fmv.w.x	f13,x14	 x14:0x800414cf f13=0x800414cf
       5405.000 ns	       539	80000308	31c68bb7	lui	x23,0x31c68	 x23=0x31c68000
       5425.000 ns	       541	8000030c	030235b3	mulhu	x11,x4,x16	  x4:0x7f800000 x16:0x00000005 x11=0x00000002
       5455.000 ns	       544	80000310	e0098853	fmv.x.w	x16,f19	 f19:0x7fc00000 x16=0x7fc00000
       5485.000 ns	       547	80000314	020f43b3	div	x7,x30,x0	 x30:0xec5313c0  x0:0x00000000  x7=0xffffffff
       5525.000 ns	       551	80000318	19887e53	fdiv.s	f28,f16,f24	 f16:0x7f800000 f24:0x7fc00000 f28=0x7fc00000
       5555.000 ns	       554	8000031c	c00e89d3	fcvt.w.s	x19,f29	 f29:0x80000000 x19=0x00000000
       5585.000 ns	       557	80000320	a0e818d3	flt.s	x17,f16,f14	 f16:0x7f800000 f14:0x7fc00000 x17=0x00000000
       5615.000 ns	       560	80000324	e0081553	fclass.s	x10,f16	 f16:0x7f800000 x10=0x00000080
       5645.000 ns	       563	80000328	d0043ed3	fcvt.s.w	f29,x8	  x8:0x00000000 f29=0x00000000
       5665.000 ns	       565	8000032c	1032b893	sltiu	x17,x5,259	  x5:0x7f800000 x17=0x00000000
       5675.000 ns	       566	80000330	26f27793	andi	x15,x4,623	  x4:0x7f800000 x15=0x00000000
       5685.000 ns	       567	80000334	53ee0c97	auipc	x25,0x53ee0	 x25=0xd3ee0334
       5695.000 ns	       568	80000338	00000013	addi	x0,x0,0	  x0:0x00000000
       5705.000 ns	       569	8000033c	0035b033	sltu	x0,x11,x3	 x11:0x00000002  x3:0xec093b4a
       5715.000 ns	       570	80000340	416dd813	srai	x16,x27,0x16	 x27:0xc6b146be x16=0xffffff1a
       5725.000 ns	       571	80000344	001e3633	sltu	x12,x28,x1	 x28:0x00000040  x1:0x00000000 x12=0x00000000
       5755.000 ns	       574	80000348	5806a1d3	fsqrt.s	f3,f13	 f13:0x800414cf  f3=0x7fc00000
       5775.000 ns	       576	8000034c	00000013	addi	x0,x0,0	  x0:0x00000000
       5795.000 ns	       578	80000350	d0028753	fcvt.s.w	f14,x5	  x5:0x7f800000 f14=0x4eff0000
       5825.000 ns	       581	80000354	c0109b53	fcvt.wu.s	x22,f1	  f1:0x7fc00000 x22=0xffffffff
       5845.000 ns	       583	80000358	01b95a33	srl	x20,x18,x27	 x18:0x80040fe4 x27:0xc6b146be x20=0x00000002
       5855.000 ns	       584	8000035c	a17e3d93	sltiu	x27,x28,-1513	 x28:0x00000040 x27=0x00000001
       5865.000 ns	       585	80000360	00688d33	add	x26,x17,x6	 x17:0x00000000  x6:0x80041024 x26=0x80041024
       5875.000 ns	       586	80000364	00848ab3	add	x21,x9,x8	  x9:0x0000000d  x8:0x00000000 x21=0x0000000d
       5915.000 ns	       590	80000368	0948f753	fsub.s	f14,f17,f20	 f17:0x7f800000 f20:0x804b243a f14=0x7f800000
       5945.000 ns	       593	8000036c	03824433	div	x8,x4,x24	  x4:0x7f800000 x24:0x00000000  x8=0xffffffff
       5975.000 ns	       596	80000370	a1a70cd3	fle.s	x25,f14,f26	 f14:0x7f800000 f26:0x7fc00000 x25=0x00000000
       5995.000 ns	       598	80000374	4e867013	andi	x0,x12,1256	 x12:0x00000000
       6015.000 ns	       600	80000378	a02c83d3	fle.s	x7,f25,f2	 f25:0x7fc00000  f2:0x80214f77  x7=0x00000000
       6035.000 ns	       602	8000037c	f7441097	auipc	x1,0xf7441	  x1=0x7744137c
       6075.000 ns	       606	80000380	00cc8653	fadd.s	f12,f25,f12	 f25:0x7fc00000 f12:0x7fc00000 f12=0x7fc00000
       6095.000 ns	       608	80000384	001bf8b3	and	x17,x23,x1	 x23:0x31c68000  x1:0x00000000 x17=0x31440000
       6115.000 ns	       610	80000388	d0189753	fcvt.s.wu	f14,x17	 x17:0x00000000 f14=0x4e451000
       6135.000 ns	       612	8000038c	00ee5e13	srli	x28,x28,0xe	 x28:0x00000040 x28=0x00000000
       6155.000 ns	       614	80000390	28aa1dd3	fmax.s	f27,f20,f10	 f20:0x804b243a f10:0x7fc00000 f27=0x804b243a
       6185.000 ns	       617	80000394	e0049ad3	fclass.s	x21,f9	  f9:0x7f800000 x21=0x00000080
       6205.000 ns	       619	80000398	76352c13	slti	x24,x10,1891	 x10:0x00000080 x24=0x00000001
       6225.000 ns	       621	8000039c	29208853	fmin.s	f16,f1,f18	  f1:0x7fc00000 f18:0x40a00000 f16=0x40a00000
       7405.000 ns	       739	800003a0	5803ae53	fsqrt.s	f28,f7	  f7:0x7f7fffff f28=0x5f350461
       7745.000 ns	       773	800003a4	188443d3	fdiv.s	f7,f8,f8	  f8:0xcefff7e1  f8:0xcefff7e1  f7=0x3f7ff7e2
       7765.000 ns	       775	800003a8	418f8133	sub	x2,x31,x24	 x31:0x00000000 x24:0x00000001  x2=0xffffffff
       7785.000 ns	       777	800003ac	d01c7953	fcvt.s.wu	f18,x24	 x24:0x00000001 f18=0x3f800000
       7815.000 ns	       780	800003b0	e0099453	fclass.s	x8,f19	 f19:0x7fc00000  x8=0x00000200
       7845.000 ns	       783	800003b4	295b0dd3	fmin.s	f27,f22,f21	 f22:0x7fc00000 f21:0x7f800000 f27=0x7f800000
       7875.000 ns	       786	800003b8	e0031253	fclass.s	x4,f6	  f6:0x7fc00000  x4=0x00000200
       7905.000 ns	       789	800003bc	d00cfa53	fcvt.s.w	f20,x25	 x25:0x00000000 f20=0x00000000
       7935.000 ns	       792	800003c0	c0197a53	fcvt.wu.s	x20,f18	 f18:0x3f800000 x20=0x00000001
       7955.000 ns	       794	800003c4	403e8ab3	sub	x21,x29,x3	 x29:0x0000000e  x3:0xec093b4a x21=0x13f6c4c4
       7995.000 ns	       798	800003c8	01f79fd3	fadd.s	f31,f15,f31	 f15:0x7fc00000 f31:0x7fc00000 f31=0x7fc00000
       8025.000 ns	       801	800003cc	c00c0bd3	fcvt.w.s	x23,f24	 f24:0x7fc00000 x23=0x7fffffff
       8045.000 ns	       803	800003d0	c497db37	lui	x22,0xc497d	 x22=0xc497d000
       8055.000 ns	       804	800003d4	4c016e13	ori	x28,x2,1216	  x2:0xffffffff x28=0xffffffff
       8075.000 ns	       806	800003d8	218eae53	fsgnjx.s	f28,f29,f24	 f29:0x00000000 f24:0x7fc00000 f28=0x00000000
       8095.000 ns	       808	800003dc	419c55b3	sra	x11,x24,x25	 x24:0x00000001 x25:0x00000000 x11=0x00000001
       8115.000 ns	       810	800003e0	21d71253	fsgnjn.s	f4,f14,f29	 f14:0x4e451000 f29:0x00000000  f4=0xce451000
       8145.000 ns	       813	800003e4	c004fed3	fcvt.w.s	x29,f9	  f9:0x7f800000 x29=0x7fffffff
       8175.000 ns	       816	800003e8	d001fed3	fcvt.s.w	f29,x3	  x3:0xec093b4a f29=0xcd9fb625
       8205.000 ns	       819	800003ec	c0017ad3	fcvt.w.s	x21,f2	  f2:0x80214f77 x21=0x00000000
       8225.000 ns	       821	800003f0	00cb62b3	or	x5,x22,x12	 x22:0xc497d000 x12:0x00000000  x5=0xc497d000
       8585.000 ns	       857	800003f4	02acec33	rem	x24,x25,x10	 x25:0x00000000 x10:0x00000080 x24=0x00000000
       8615.000 ns	       860	800003f8	c00df553	fcvt.w.s	x10,f27	 f27:0x7f800000 x10=0x7fffffff
       8635.000 ns	       862	800003fc	23a87e17	auipc	x28,0x23a87	 x28=0xa3a873fc
       8995.000 ns	       898	80000400	02ede5b3	rem	x11,x27,x14	 x27:0x00000001 x14:0x800414cf x11=0x00000001
       9045.000 ns	       903	80000404	089022d3	fsub.s	f5,f0,f9	  f0:0x56c8e9c3  f9:0x7f800000  f5=0xff800000
       9075.000 ns	       906	80000408	290713d3	fmax.s	f7,f14,f16	 f14:0x4e451000 f16:0x40a00000  f7=0x4e451000
       9095.000 ns	       908	8000040c	00bd87b3	add	x15,x27,x11	 x27:0x00000001 x11:0x00000001 x15=0x00000002
       9105.000 ns	       909	80000410	3875e293	ori	x5,x11,903	 x11:0x00000001  x5=0x00000387
       9115.000 ns	       910	80000414	013a44b3	xor	x9,x20,x19	 x20:0x00000001 x19:0x00000000  x9=0x00000001
       9125.000 ns	       911	80000418	d3c08e93	addi	x29,x1,-708	  x1:0x7744137c x29=0x774410b8
       9145.000 ns	       913	8000041c	a0240253	fle.s	x4,f8,f2	  f8:0xcefff7e1  f2:0x80214f77  x4=0x00000001
       9165.000 ns	       915	80000420	d9ec9997	auipc	x19,0xd9ec9	 x19=0x59ec9420
       9185.000 ns	       917	80000424	a1e80153	fle.s	x2,f16,f30	 f16:0x40a00000 f30:0x7f800000  x2=0x00000001
       9205.000 ns	       919	80000428	2067c093	xori	x1,x15,518	 x15:0x00000002  x1=0x00000204
       9235.000 ns	       922	8000042c	11ba96d3	fmul.s	f13,f21,f27	 f21:0x7f800000 f27:0x7f800000 f13=0x7f800000
       9265.000 ns	       925	80000430	035e0e33	mul	x28,x28,x21	 x28:0xa3a873fc x21:0x00000000 x28=0x00000000
       9295.000 ns	       928	80000434	a0ef28d3	feq.s	x17,f30,f14	 f30:0x7f800000 f14:0x4e451000 x17=0x00000000
       9315.000 ns	       930	80000438	1baebb13	sltiu	x22,x29,442	 x29:0x774410b8 x22=0x00000000
       9345.000 ns	       933	8000043c	580ac353	fsqrt.s	f6,f21	 f21:0x7f800000  f6=0x7f800000
       9365.000 ns	       935	80000440	01b654b3	srl	x9,x12,x27	 x12:0x00000000 x27:0x00000001  x9=0x00000000
       9385.000 ns	       937	80000444	02cbc033	div	x0,x23,x12	 x23:0x7fffffff x12:0x00000000
       9415.000 ns	       940	80000448	21212fd3	fsgnjx.s	f31,f2,f18	  f2:0x80214f77 f18:0x3f800000 f31=0x80214f77
       9445.000 ns	       943	8000044c	297c89d3	fmin.s	f19,f25,f23	 f25:0x7fc00000 f23:0xff7fffff f19=0xff7fffff
       9475.000 ns	       946	80000450	c00c4dd3	fcvt.w.s	x27,f24	 f24:0x7fc00000 x27=0x7fffffff
       9495.000 ns	       948	80000454	e3de4613	xori	x12,x28,-451	 x28:0x00000000 x12=0xfffffe3d
       9505.000 ns	       949	80000458	01319a93	slli	x21,x3,0x13	  x3:0xec093b4a x21=0xda500000
       9515.000 ns	       950	8000045c	3328b793	sltiu	x15,x17,818	 x17:0x00000000 x15=0x00000001
       9535.000 ns	       952	80000460	031d9bb3	mulh	x23,x27,x17	 x27:0x7fffffff x17:0x00000000 x23=0x00000000
       9565.000 ns	       955	80000464	02621733	mulh	x14,x4,x6	  x4:0x00000001  x6:0x80041024 x14=0xffffffff
       9615.000 ns	       960	80000468	08699753	fsub.s	f14,f19,f6	 f19:0xff7fffff  f6:0x7f800000 f14=0xff800000
       9635.000 ns	       962	8000046c	01c300b3	add	x1,x6,x28	  x6:0x80041024 x28:0x00000000  x1=0x80041024
       9645.000 ns	       963	80000470	b4e5bd93	sltiu	x27,x11,-1202	 x11:0x00000001 x27=0x00000001
       9665.000 ns	       965	80000474	f0018153	fmv.w.x	f2,x3	  x3:0xec093b4a  f2=0xec093b4a
      10035.000 ns	      1002	80000478	024dd633	divu	x12,x27,x4	 x27:0x7fffffff  x4:0x00000001 x12=0x00000001
      10405.000 ns	      1039	8000047c	02b75c33	divu	x24,x14,x11	 x14:0xffffffff x11:0x00000001 x24=0xffffffff
      10435.000 ns	      1042	80000480	21e78ad3	fsgnj.s	f21,f15,f30	 f15:0x7fc00000 f30:0x7f800000 f21=0x7fc00000
      10455.000 ns	      1044	80000484	16470493	addi	x9,x14,356	 x14:0xffffffff  x9=0x00000163
      10465.000 ns	      1045	80000488	005e26b3	slt	x13,x28,x5	 x28:0x00000000  x5:0x00000387 x13=0x00000001
      10485.000 ns	      1047	8000048c	02beb9b3	mulhu	x19,x29,x11	 x29:0x774410b8 x11:0x00000001 x19=0x00000000
      10855.000 ns	      1084	80000490	02a857b3	divu	x15,x16,x10	 x16:0xffffff1a x10:0x7fffffff x15=0x00000001
      10895.000 ns	      1088	80000494	109e7253	fmul.s	f4,f28,f9	 f28:0x00000000  f9:0x7f800000  f4=0x7fc00000
      10915.000 ns	      1090	80000498	41ee0433	sub	x8,x28,x30	 x28:0x00000000 x30:0xec5313c0  x8=0x13acec40
      10925.000 ns	      1091	8000049c	8e92c497	auipc	x9,0x8e92c	  x9=0x0e92c49c
      10945.000 ns	      1093	800004a0	e00e1fd3	fclass.s	x31,f28	 f28:0x00000000 x31=0x00000010
      10975.000 ns	      1096	800004a4	f00582d3	fmv.w.x	f5,x11	 x11:0x00000001  f5=0x00000001
      11345.000 ns	      1133	800004a8	02f156b3	divu	x13,x2,x15	  x2:0x00000001 x15:0x00000001 x13=0x00000001
      11375.000 ns	      1136	800004ac	026b9d33	mulh	x26,x23,x6	 x23:0x00000000  x6:0x80041024 x26=0x00000000
      11395.000 ns	      1138	800004b0	550cbe13	sltiu	x28,x25,1360	 x25:0x00000000 x28=0x00000001
      11405.000 ns	      1139	800004b4	4090d693	srai	x13,x1,0x9	  x1:0x80041024 x13=0xffc00208
      11415.000 ns	      1140	800004b8	ac9cc5b7	lui	x11,0xac9cc	 x11=0xac9cc000
      11425.000 ns	      1141	800004bc	555b60b7	lui	x1,0x555b6	  x1=0x555b6000
      11435.000 ns	      1142	800004c0	b21fab13	slti	x22,x31,-1247	 x31:0x00000010 x22=0x00000000
      11445.000 ns	      1143	800004c4	01238d33	add	x26,x7,x18	  x7:0x00000000 x18:0x80040fe4 x26=0x80040fe4
      11475.000 ns	      1146	800004c8	58071b53	fsqrt.s	f22,f14	 f14:0xff800000 f22=0x7fc00000
      11515.000 ns	      1150	800004cc	18fff653	fdiv.s	f12,f31,f15	 f31:0x80214f77 f15:0x7fc00000 f12=0x7fc00000
      11535.000 ns	      1152	800004d0	329a4213	xori	x4,x20,809	 x20:0x00000001  x4=0x00000328
      11555.000 ns	      1154	800004d4	c01ebed3	fcvt.wu.s	x29,f29	 f29:0xcd9fb625 x29=0x13f6c4a0
      11585.000 ns	      1157	800004d8	0367fa33	remu	x20,x15,x22	 x15:0x00000001 x22:0x00000000 x20=0x00000001
      11635.000 ns	      1162	800004dc	096dba53	fsub.s	f20,f27,f22	 f27:0x7f800000 f22:0x7fc00000 f20=0x7fc00000
      11655.000 ns	      1164	800004e0	0144bbb3	sltu	x23,x9,x20	  x9:0x0e92c49c x20:0x00000001 x23=0x00000000
      11665.000 ns	      1165	800004e4	00e188b3	add	x17,x3,x14	  x3:0xec093b4a x14:0xffffffff x17=0xec093b49
      11675.000 ns	      1166	800004e8	0063a7b3	slt	x15,x7,x6	  x7:0x00000000  x6:0x80041024 x15=0x00000000
      11695.000 ns	      1168	800004ec	212ea453	fsgnjx.s	f8,f29,f18	 f29:0xcd9fb625 f18:0x3f800000  f8=0xcd9fb625
      11735.000 ns	      1172	800004f0	580310d3	fsqrt.s	f1,f6	  f6:0x7f800000  f1=0x7f800000
      11765.000 ns	      1175	800004f4	03a08733	mul	x14,x1,x26	  x1:0x555b6000 x26:0x80040fe4 x14=0xe0018000
      11795.000 ns	      1178	800004f8	03387eb3	remu	x29,x16,x19	 x16:0xffffff1a x19:0x00000000 x29=0xffffff1a
      12165.000 ns	      1215	800004fc	02e662b3	rem	x5,x12,x14	 x12:0x00000001 x14:0xe0018000  x5=0x00000001
      12185.000 ns	      1217	80000500	0042c3b3	xor	x7,x5,x4	  x5:0x00000387  x4:0x00000328  x7=0x00000329
      12205.000 ns	      1219	80000504	03008c33	mul	x24,x1,x16	  x1:0x555b6000 x16:0xffffff1a x24=0x4fe7c000
      12225.000 ns	      1221	80000508	40fb5ab3	sra	x21,x22,x15	 x22:0x00000000 x15:0x00000000 x21=0x00000000
      12235.000 ns	      1222	8000050c	013d70b3	and	x1,x26,x19	 x26:0x80040fe4 x19:0x00000000  x1=0x00000000
      12255.000 ns	      1224	80000510	d00473d3	fcvt.s.w	f7,x8	  x8:0x13acec40  f7=0x4d9d6762
      12625.000 ns	      1261	80000514	02e8d1b3	divu	x3,x17,x14	 x17:0xec093b49 x14:0xe0018000  x3=0x00000001
      12645.000 ns	      1263	80000518	37e3c513	xori	x10,x7,894	  x7:0x00000329 x10=0x00000057
      12655.000 ns	      1264	8000051c	ba531f97	auipc	x31,0xba531	 x31=0x3a53151c
      12665.000 ns	      1265	80000520	00556e33	or	x28,x10,x5	 x10:0x7fffffff  x5:0x00000001 x28=0x00000057
      12695.000 ns	      1268	80000524	19b07653	fdiv.s	f12,f0,f27	  f0:0x56c8e9c3 f27:0x7f800000 f12=0x00000000
      12725.000 ns	      1271	80000528	03ab21b3	mulhsu	x3,x22,x26	 x22:0x00000000 x26:0x80040fe4  x3=0x00000000
      12765.000 ns	      1275	8000052c	1880c053	fdiv.s	f0,f1,f8	  f1:0x7f800000  f8:0xcd9fb625  f0=0xff800000
      12785.000 ns	      1277	80000530	00848d33	add	x26,x9,x8	  x9:0x0e92c49c  x8:0x13acec40 x26=0x223fb0dc
      12815.000 ns	      1280	80000534	11b84d53	fmul.s	f26,f16,f27	 f16:0x40a00000 f27:0x7f800000 f26=0x7f800000
      12845.000 ns	      1283	80000538	a07226d3	feq.s	x13,f4,f7	  f4:0x7fc00000  f7:0x4d9d6762 x13=0x00000000
      13215.000 ns	      1320	8000053c	03c96c33	rem	x24,x18,x28	 x18:0x80040fe4 x28:0x00000057 x24=0xfffffff0
      13245.000 ns	      1323	80000540	a0a89e53	flt.s	x28,f17,f10	 f17:0x7f800000 f10:0x7fc00000 x28=0x00000000
      13265.000 ns	      1325	80000544	a3460413	addi	x8,x12,-1484	 x12:0x00000001  x8=0xfffffa35
      13295.000 ns	      1328	80000548	18f01453	fdiv.s	f8,f0,f15	  f0:0xff800000 f15:0x7fc00000  f8=0x7fc00000
      13315.000 ns	      1330	8000054c	00f368b3	or	x17,x6,x15	  x6:0x80041024 x15:0x00000000 x17=0x80041024
      13675.000 ns	      1366	80000550	0278dcb3	divu	x25,x17,x7	 x17:0xec093b49  x7:0x00000329 x25=0x00288264
      13725.000 ns	      1371	80000554	08627ad3	fsub.s	f21,f4,f6	  f4:0x7fc00000  f6:0x7f800000 f21=0x7fc00000
      13745.000 ns	      1373	80000558	012a7433	and	x8,x20,x18	 x20:0x00000001 x18:0x80040fe4  x8=0x00000000
      13775.000 ns	      1376	8000055c	19bbf653	fdiv.s	f12,f23,f27	 f23:0xff7fffff f27:0x7f800000 f12=0x80000000
      13805.000 ns	      1379	80000560	20af9653	fsgnjn.s	f12,f31,f10	 f31:0x80214f77 f10:0x7fc00000 f12=0x80214f77
      13845.000 ns	      1383	80000564	11dc7053	fmul.s	f0,f24,f29	 f24:0x7fc00000 f29:0xcd9fb625  f0=0x7fc00000
      14215.000 ns	      1420	80000568	02ee7233	remu	x4,x28,x14	 x28:0x00000000 x14:0xe0018000  x4=0x00000000
      14245.000 ns	      1423	8000056c	21829753	fsgnjn.s	f14,f5,f24	  f5:0x00000001 f24:0x7fc00000 f14=0x80000001
      14275.000 ns	      1426	80000570	e0019053	fclass.s	x0,f3	  f3:0x7fc00000
      14295.000 ns	      1428	80000574	008fba33	sltu	x20,x31,x8	 x31:0x3a53151c  x8:0x00000000 x20=0x00000000
      14335.000 ns	      1432	80000578	0973a5d3	fsub.s	f11,f7,f23	  f7:0x4d9d6762 f23:0xff7fffff f11=0x7f7fffff
      14355.000 ns	      1434	8000057c	00000013	addi	x0,x0,0	  x0:0x00000000
      14365.000 ns	      1435	80000580	019e32b3	sltu	x5,x28,x25	 x28:0x00000000 x25:0x00288264  x5=0x00000001
      14385.000 ns	      1437	80000584	28f98753	fmin.s	f14,f19,f15	 f19:0xff7fffff f15:0x7fc00000 f14=0xff7fffff
      14415.000 ns	      1440	80000588	03b33033	mulhu	x0,x6,x27	  x6:0x80041024 x27:0x00000001
      14445.000 ns	      1443	8000058c	e0000753	fmv.x.w	x14,f0	  f0:0x7fc00000 x14=0x7fc00000
      14475.000 ns	      1446	80000590	29b49c53	fmax.s	f24,f9,f27	  f9:0x7f800000 f27:0x7f800000 f24=0x7f800000
      14505.000 ns	      1449	80000594	20be29d3	fsgnjx.s	f19,f28,f11	 f28:0x00000000 f11:0x7f7fffff f19=0x00000000
      14525.000 ns	      1451	80000598	bea6a617	auipc	x12,0xbea6a	 x12=0x3ea6a598
      14545.000 ns	      1453	8000059c	03fd2ab3	mulhsu	x21,x26,x31	 x26:0x223fb0dc x31:0x3a53151c x21=0x07cd8b8b
      14575.000 ns	      1456	800005a0	02c49233	mulh	x4,x9,x12	  x9:0x0e92c49c x12:0x00000001  x4=0x03910836
      14605.000 ns	      1459	800005a4	d00b8ad3	fcvt.s.w	f21,x23	 x23:0x00000000 f21=0x00000000
      14625.000 ns	      1461	800005a8	41ff8733	sub	x14,x31,x31	 x31:0x3a53151c x31:0x3a53151c x14=0x00000000
      14635.000 ns	      1462	800005ac	5f0644b7	lui	x9,0x5f064	  x9=0x5f064000
      14645.000 ns	      1463	800005b0	00cb24b3	slt	x9,x22,x12	 x22:0x00000000 x12:0x3ea6a598  x9=0x00000001
      14665.000 ns	      1465	800005b4	206ea6d3	fsgnjx.s	f13,f29,f6	 f29:0xcd9fb625  f6:0x7f800000 f13=0xcd9fb625
      14715.000 ns	      1470	800005b8	00500bd3	fadd.s	f23,f0,f5	  f0:0x7fc00000  f5:0x00000001 f23=0x7fc00000
      14735.000 ns	      1472	800005bc	0122d493	srli	x9,x5,0x12	  x5:0x00000001  x9=0x00000000
      14755.000 ns	      1474	800005c0	20afa8d3	fsgnjx.s	f17,f31,f10	 f31:0x80214f77 f10:0x7fc00000 f17=0x80214f77
      14775.000 ns	      1476	800005c4	01a87bb3	and	x23,x16,x26	 x16:0xffffff1a x26:0x223fb0dc x23=0x223fb018
      14795.000 ns	      1478	800005c8	2099a4d3	fsgnjx.s	f9,f19,f9	 f19:0x00000000  f9:0x7f800000  f9=0x00000000
      14825.000 ns	      1481	800005cc	a09a2753	feq.s	x14,f20,f9	 f20:0x7fc00000  f9:0x7f800000 x14=0x00000000
      14845.000 ns	      1483	800005d0	004706b3	add	x13,x14,x4	 x14:0x00000000  x4:0x03910836 x13=0x03910836
      14865.000 ns	      1485	800005d4	c0111253	fcvt.wu.s	x4,f2	  f2:0xec093b4a  x4=0x00000000
      15235.000 ns	      1522	800005d8	03af79b3	remu	x19,x30,x26	 x30:0xec5313c0 x26:0x223fb0dc x19=0x1ed4ee98
      15255.000 ns	      1524	800005dc	01236233	or	x4,x6,x18	  x6:0x80041024 x18:0x80040fe4  x4=0x80041fe4
      15265.000 ns	      1525	800005e0	414bd993	srai	x19,x23,0x14	 x23:0x223fb018 x19=0x00000223
      15275.000 ns	      1526	800005e4	01e65b13	srli	x22,x12,0x1e	 x12:0x3ea6a598 x22=0x00000000
      15285.000 ns	      1527	800005e8	00b694b3	sll	x9,x13,x11	 x13:0x03910836 x11:0xac9cc000  x9=0x03910836
      15295.000 ns	      1528	800005ec	00f0ad33	slt	x26,x1,x15	  x1:0x00000000 x15:0x00000000 x26=0x00000000
      15315.000 ns	      1530	800005f0	d00801d3	fcvt.s.w	f3,x16	 x16:0xffffff1a  f3=0xc3660000
      15345.000 ns	      1533	800005f4	c0117dd3	fcvt.wu.s	x27,f2	  f2:0xec093b4a x27=0x00000000
      15365.000 ns	      1535	800005f8	01f9ea33	or	x20,x19,x31	 x19:0x00000223 x31:0x3a53151c x20=0x3a53173f
      15375.000 ns	      1536	800005fc	013ac533	xor	x10,x21,x19	 x21:0x07cd8b8b x19:0x00000223 x10=0x07cd89a8
      15735.000 ns	      1572	80000600	03147e33	remu	x28,x8,x17	  x8:0x00000000 x17:0x80041024 x28=0x00000000
      15765.000 ns	      1575	80000604	02140a33	mul	x20,x8,x1	  x8:0x00000000  x1:0x00000000 x20=0x00000000
      15785.000 ns	      1577	80000608	a4efc713	xori	x14,x31,-1458	 x31:0x3a53151c x14=0xc5acef52
      15805.000 ns	      1579	8000060c	296a0653	fmin.s	f12,f20,f22	 f20:0x7fc00000 f22:0x7fc00000 f12=0x7fc00000
      15835.000 ns	      1582	80000610	03c60c33	mul	x24,x12,x28	 x12:0x3ea6a598 x28:0x00000000 x24=0x00000000
      15855.000 ns	      1584	80000614	2bdc3c13	sltiu	x24,x24,701	 x24:0xfffffff0 x24=0x00000001
      15875.000 ns	      1586	80000618	e0038053	fmv.x.w	x0,f7	  f7:0x4d9d6762
      15905.000 ns	      1589	8000061c	034109b3	mul	x19,x2,x20	  x2:0x00000001 x20:0x00000000 x19=0x00000000
      15925.000 ns	      1591	80000620	00fb4fb3	xor	x31,x22,x15	 x22:0x00000000 x15:0x00000000 x31=0x00000000
      15935.000 ns	      1592	80000624	406ad293	srai	x5,x21,0x6	 x21:0x07cd8b8b  x5=0x001f362e
      15945.000 ns	      1593	80000628	bf085697	auipc	x13,0xbf085	 x13=0x3f085628
      15955.000 ns	      1594	8000062c	005c3bb3	sltu	x23,x24,x5	 x24:0x00000001  x5:0x00000001 x23=0x00000001
      15965.000 ns	      1595	80000630	018eac33	slt	x24,x29,x24	 x29:0xffffff1a x24:0x00000001 x24=0x00000001
      16325.000 ns	      1631	80000634	032f40b3	div	x1,x30,x18	 x30:0xec5313c0 x18:0x80040fe4  x1=0x00000000
      16365.000 ns	      1635	80000638	1140f153	fmul.s	f2,f1,f20	  f1:0x7f800000 f20:0x7fc00000  f2=0x7fc00000
      16395.000 ns	      1638	8000063c	03ffec33	rem	x24,x31,x31	 x31:0x00000000 x31:0x00000000 x24=0x00000000
      16415.000 ns	      1640	80000640	423c7193	andi	x3,x24,1059	 x24:0x00000001  x3=0x00000000
      16435.000 ns	      1642	80000644	d016cad3	fcvt.s.wu	f21,x13	 x13:0x3f085628 f21=0x4e7c2159
      16485.000 ns	      1647	80000648	09277dd3	fsub.s	f27,f14,f18	 f14:0xff7fffff f18:0x3f800000 f27=0xff7fffff
      16825.000 ns	      1681	8000064c	19f94753	fdiv.s	f14,f18,f31	 f18:0x3f800000 f31:0x80214f77 f14=0xfe34b4b6
      16845.000 ns	      1683	80000650	010be1b3	or	x3,x23,x16	 x23:0x00000001 x16:0xffffff1a  x3=0xffffff1b
      16855.000 ns	      1684	80000654	01fd88b3	add	x17,x27,x31	 x27:0x00000000 x31:0x00000000 x17=0x00000000
      16875.000 ns	      1686	80000658	21cf0ed3	fsgnj.s	f29,f30,f28	 f30:0x7f800000 f28:0x00000000 f29=0x7f800000
      17245.000 ns	      1723	8000065c	039240b3	div	x1,x4,x25	  x4:0x80041fe4 x25:0x00288264  x1=0xfffffcd8
      17265.000 ns	      1725	80000660	41ed0a33	sub	x20,x26,x30	 x26:0x00000000 x30:0xec5313c0 x20=0x13acec40
      17275.000 ns	      1726	80000664	00f314b3	sll	x9,x6,x15	  x6:0x80041024 x15:0x00000000  x9=0x80041024
      17285.000 ns	      1727	80000668	01f87c33	and	x24,x16,x31	 x16:0xffffff1a x31:0x00000000 x24=0x00000000
      17305.000 ns	      1729	8000066c	f00f0ad3	fmv.w.x	f21,x30	 x30:0xec5313c0 f21=0xec5313c0
      17335.000 ns	      1732	80000670	21a119d3	fsgnjn.s	f19,f2,f26	  f2:0x7fc00000 f26:0x7f800000 f19=0xffc00000
      17365.000 ns	      1735	80000674	20960f53	fsgnj.s	f30,f12,f9	 f12:0x7fc00000  f9:0x00000000 f30=0x7fc00000
      17385.000 ns	      1737	80000678	002b4ab3	xor	x21,x22,x2	 x22:0x00000000  x2:0x00000001 x21=0x00000001
      17405.000 ns	      1739	8000067c	02a72bb3	mulhsu	x23,x14,x10	 x14:0xc5acef52 x10:0x07cd89a8 x23=0xfe38e6aa
      17425.000 ns	      1741	80000680	12edcd93	xori	x27,x27,302	 x27:0x00000000 x27=0x0000012e
      17435.000 ns	      1742	80000684	01f05093	srli	x1,x0,0x1f	  x0:0x00000000  x1=0x00000000
      17445.000 ns	      1743	80000688	01bf6733	or	x14,x30,x27	 x30:0xec5313c0 x27:0x00000000 x14=0xec5313ee
      17485.000 ns	      1747	8000068c	08209653	fsub.s	f12,f1,f2	  f1:0x7f800000  f2:0x7fc00000 f12=0x7fc00000
      17855.000 ns	      1784	80000690	0321d1b3	divu	x3,x3,x18	  x3:0xffffff1b x18:0x80040fe4  x3=0x00000001
      17875.000 ns	      1786	80000694	40865493	srai	x9,x12,0x8	 x12:0x3ea6a598  x9=0x003ea6a5
      17895.000 ns	      1788	80000698	02010bb3	mul	x23,x2,x0	  x2:0x00000001  x0:0x00000000 x23=0x00000000
      17925.000 ns	      1791	8000069c	a0981bd3	flt.s	x23,f16,f9	 f16:0x40a00000  f9:0x00000000 x23=0x00000000
      17945.000 ns	      1793	800006a0	2f186697	auipc	x13,0x2f186	 x13=0xaf1866a0
      17965.000 ns	      1795	800006a4	c003fed3	fcvt.w.s	x29,f7	  f7:0x4d9d6762 x29=0x13acec40
      17995.000 ns	      1798	800006a8	289608d3	fmin.s	f17,f12,f9	 f12:0x7fc00000  f9:0x00000000 f17=0x00000000
      18025.000 ns	      1801	800006ac	027127b3	mulhsu	x15,x2,x7	  x2:0x00000001  x7:0x00000329 x15=0x00000000
      18055.000 ns	      1804	800006b0	02198033	mul	x0,x19,x1	 x19:0x00000000  x1:0x00000000
      18075.000 ns	      1806	800006b4	1c060493	addi	x9,x12,448	 x12:0x3ea6a598  x9=0x3ea6a758
      18085.000 ns	      1807	800006b8	41bdd0b3	sra	x1,x27,x27	 x27:0x0000012e x27:0x0000012e  x1=0x00000000
      18095.000 ns	      1808	800006bc	5dca4793	xori	x15,x20,1500	 x20:0x13acec40 x15=0x13ace99c
      18105.000 ns	      1809	800006c0	41ebd213	srai	x4,x23,0x1e	 x23:0x00000000  x4=0x00000000
      18125.000 ns	      1811	800006c4	03992bb3	mulhsu	x23,x18,x25	 x18:0x80040fe4 x25:0x00288264 x23=0xffebbf72
      18155.000 ns	      1814	800006c8	03dca733	mulhsu	x14,x25,x29	 x25:0x00288264 x29:0x13acec40 x14=0x00031d0a
      18175.000 ns	      1816	800006cc	008df9b3	and	x19,x27,x8	 x27:0x0000012e  x8:0x00000000 x19=0x00000000
      18185.000 ns	      1817	800006d0	d6717d37	lui	x26,0xd6717	 x26=0xd6717000
      18215.000 ns	      1820	800006d4	5807bfd3	fsqrt.s	f31,f15	 f15:0x7fc00000 f31=0x7fc00000
      18245.000 ns	      1823	800006d8	a1079753	flt.s	x14,f15,f16	 f15:0x7fc00000 f16:0x40a00000 x14=0x00000000
      18265.000 ns	      1825	800006dc	dfaa4713	xori	x14,x20,-518	 x20:0x13acec40 x14=0xec5311ba
      18275.000 ns	      1826	800006e0	a4767593	andi	x11,x12,-1465	 x12:0x3ea6a598 x11=0x3ea6a000
      18295.000 ns	      1828	800006e4	e0058c53	fmv.x.w	x24,f11	 f11:0x7f7fffff x24=0x7f7fffff
      18315.000 ns	      1830	800006e8	8c1b8813	addi	x16,x23,-1855	 x23:0xffebbf72 x16=0xffebb833
      18345.000 ns	      1833	800006ec	18e61753	fdiv.s	f14,f12,f14	 f12:0x7fc00000 f14:0xfe34b4b6 f14=0x7fc00000
      18365.000 ns	      1835	800006f0	00294133	xor	x2,x18,x2	 x18:0x80040fe4  x2:0x00000001  x2=0x80040fe5
      18385.000 ns	      1837	800006f4	a0139ad3	flt.s	x21,f7,f1	  f7:0x4d9d6762  f1:0x7f800000 x21=0x00000001
      18415.000 ns	      1840	800006f8	e0051dd3	fclass.s	x27,f10	 f10:0x7fc00000 x27=0x00000200
      18435.000 ns	      1842	800006fc	01006233	or	x4,x0,x16	  x0:0x00000000 x16:0xffebb833  x4=0xffebb833
      18445.000 ns	      1843	80000700	55057813	andi	x16,x10,1360	 x10:0x07cd89a8 x16=0x00000100
      18455.000 ns	      1844	80000704	40a25013	srai	x0,x4,0xa	  x4:0x00000000
      18465.000 ns	      1845	80000708	1d130c13	addi	x24,x6,465	  x6:0x80041024 x24=0x800411f5
      18825.000 ns	      1881	8000070c	037cd5b3	divu	x11,x25,x23	 x25:0x00288264 x23:0xffebbf72 x11=0x00000000
      18845.000 ns	      1883	80000710	b0b3fd13	andi	x26,x7,-1269	  x7:0x00000329 x26=0x00000309
      18865.000 ns	      1885	80000714	0367bcb3	mulhu	x25,x15,x22	 x15:0x13ace99c x22:0x00000000 x25=0x00000000
      18915.000 ns	      1890	80000718	090d3753	fsub.s	f14,f26,f16	 f26:0x7f800000 f16:0x40a00000 f14=0x7f800000
      18945.000 ns	      1893	8000071c	02da3bb3	mulhu	x23,x20,x13	 x20:0x13acec40 x13:0xaf1866a0 x23=0x0d751599
      18975.000 ns	      1896	80000720	a03f0d53	fle.s	x26,f30,f3	 f30:0x7fc00000  f3:0xc3660000 x26=0x00000000
      18995.000 ns	      1898	80000724	008dcab3	xor	x21,x27,x8	 x27:0x00000200  x8:0x00000000 x21=0x00000200
      19005.000 ns	      1899	80000728	00000013	addi	x0,x0,0	  x0:0x00000000
      19015.000 ns	      1900	8000072c	1e8bb993	sltiu	x19,x23,488	 x23:0x0d751599 x19=0x00000000
      19025.000 ns	      1901	80000730	014f9493	slli	x9,x31,0x14	 x31:0x00000000  x9=0x00000000
      19045.000 ns	      1903	80000734	039ccd33	div	x26,x25,x25	 x25:0x00000000 x25:0x00000000 x26=0xffffffff
      19065.000 ns	      1905	80000738	009ed7b3	srl	x15,x29,x9	 x29:0x13acec40  x9:0x3ea6a758 x15=0x13acec40
      19075.000 ns	      1906	8000073c	416ddd33	sra	x26,x27,x22	 x27:0x00000200 x22:0x00000000 x26=0x00000200
      19115.000 ns	      1910	80000740	09bbf5d3	fsub.s	f11,f23,f27	 f23:0x7fc00000 f27:0xff7fffff f11=0x7fc00000
      19135.000 ns	      1912	80000744	2d7d4ab7	lui	x21,0x2d7d4	 x21=0x2d7d4000
      19145.000 ns	      1913	80000748	00ad9733	sll	x14,x27,x10	 x27:0x00000200 x10:0x07cd89a8 x14=0x00020000
      19165.000 ns	      1915	8000074c	026b07b3	mul	x15,x22,x6	 x22:0x00000000  x6:0x80041024 x15=0x00000000
      19185.000 ns	      1917	80000750	017d2fb3	slt	x31,x26,x23	 x26:0x00000200 x23:0x0d751599 x31=0x00000001
      19205.000 ns	      1919	80000754	e00b05d3	fmv.x.w	x11,f22	 f22:0x7fc00000 x11=0x7fc00000
      19225.000 ns	      1921	80000758	6596ce13	xori	x28,x13,1625	 x13:0xaf1866a0 x28=0xaf1860f9
      19585.000 ns	      1957	8000075c	034376b3	remu	x13,x6,x20	  x6:0x80041024 x20:0x13acec40 x13=0x09f686a4
      19615.000 ns	      1960	80000760	28431753	fmax.s	f14,f6,f4	  f6:0x7f800000  f4:0x7fc00000 f14=0x7f800000
      19635.000 ns	      1962	80000764	e74fa113	slti	x2,x31,-396	 x31:0x00000001  x2=0x00000000
      19655.000 ns	      1964	80000768	e00311d3	fclass.s	x3,f6	  f6:0x7f800000  x3=0x00000080
      19685.000 ns	      1967	8000076c	022a8d33	mul	x26,x21,x2	 x21:0x2d7d4000  x2:0x80040fe5 x26=0x00000000
      19715.000 ns	      1970	80000770	d00aaad3	fcvt.s.w	f21,x21	 x21:0x2d7d4000 f21=0x4e35f500
      19745.000 ns	      1973	80000774	c007fcd3	fcvt.w.s	x25,f15	 f15:0x7fc00000 x25=0x7fffffff
      19775.000 ns	      1976	80000778	a05b90d3	flt.s	x1,f23,f5	 f23:0x7fc00000  f5:0x00000001  x1=0x00000000
      19795.000 ns	      1978	8000077c	411c5133	sra	x2,x24,x17	 x24:0x800411f5 x17:0x00000000  x2=0x800411f5
      19815.000 ns	      1980	80000780	d018ff53	fcvt.s.wu	f30,x17	 x17:0x00000000 f30=0x00000000
      19835.000 ns	      1982	80000784	00535fb3	srl	x31,x6,x5	  x6:0x80041024  x5:0x001f362e x31=0x00020010
      21005.000 ns	      2099	80000788	5802ad53	fsqrt.s	f26,f5	  f5:0x00000001 f26=0x1f350483
      21045.000 ns	      2103	8000078c	1949f653	fdiv.s	f12,f19,f20	 f19:0xffc00000 f20:0x7fc00000 f12=0x7fc00000
      21075.000 ns	      2106	80000790	d01037d3	fcvt.s.wu	f15,x0	  x0:0x00000000 f15=0x00000000
      21105.000 ns	      2109	80000794	a1f1a453	feq.s	x8,f3,f31	  f3:0xc3660000 f31:0x7fc00000  x8=0x00000000
      21125.000 ns	      2111	80000798	fe3588b7	lui	x17,0xfe358	 x17=0xfe358000
      21145.000 ns	      2113	8000079c	216a0ad3	fsgnj.s	f21,f20,f22	 f20:0x7fc00000 f22:0x7fc00000 f21=0x7fc00000
      21175.000 ns	      2116	800007a0	03c33d33	mulhu	x26,x6,x28	  x6:0x80041024 x28:0xaf1860f9 x26=0x578ef7e8
      21195.000 ns	      2118	800007a4	0f558a13	addi	x20,x11,245	 x11:0x7fc00000 x20=0x7fc000f5
      21215.000 ns	      2120	800007a8	021b6533	rem	x10,x22,x1	 x22:0x00000000  x1:0x00000000 x10=0x00000000
      21235.000 ns	      2122	800007ac	ff632113	slti	x2,x6,-10	  x6:0x80041024  x2=0x00000001
      21245.000 ns	      2123	800007b0	013d15b3	sll	x11,x26,x19	 x26:0x578ef7e8 x19:0x00000000 x11=0x578ef7e8
      21265.000 ns	      2125	800007b4	294597d3	fmax.s	f15,f11,f20	 f11:0x7fc00000 f20:0x7fc00000 f15=0x7fc00000
      21295.000 ns	      2128	800007b8	e0078153	fmv.x.w	x2,f15	 f15:0x00000000  x2=0x7fc00000
      21665.000 ns	      2165	800007bc	02bcc6b3	div	x13,x25,x11	 x25:0x7fffffff x11:0x578ef7e8 x13=0x00000001
      21685.000 ns	      2167	800007c0	00000013	addi	x0,x0,0	  x0:0x00000000
      21695.000 ns	      2168	800007c4	00595133	srl	x2,x18,x5	 x18:0x80040fe4  x5:0x001f362e  x2=0x00020010
      21705.000 ns	      2169	800007c8	00a1adb3	slt	x27,x3,x10	  x3:0x00000080 x10:0x00000000 x27=0x00000000
      21715.000 ns	      2170	800007cc	01cedc13	srli	x24,x29,0x1c	 x29:0x13acec40 x24=0x00000001
      21725.000 ns	      2171	800007d0	01bfacb3	slt	x25,x31,x27	 x31:0x00020010 x27:0x00000200 x25=0x00000000
      21765.000 ns	      2175	800007d4	0110f6d3	fadd.s	f13,f1,f17	  f1:0x7f800000 f17:0x00000000 f13=0x7f800000
      21785.000 ns	      2177	800007d8	01a59893	slli	x17,x11,0x1a	 x11:0x578ef7e8 x17=0xa0000000
      21795.000 ns	      2178	800007dc	4078d6b3	sra	x13,x17,x7	 x17:0xfe358000  x7:0x00000329 x13=0xffd00000
      21815.000 ns	      2180	800007e0	a1fc1153	flt.s	x2,f24,f31	 f24:0x7f800000 f31:0x7fc00000  x2=0x00000000
      21845.000 ns	      2183	800007e4	a1da16d3	flt.s	x13,f20,f29	 f20:0x7fc00000 f29:0x7f800000 x13=0x00000000
      21875.000 ns	      2186	800007e8	a194acd3	feq.s	x25,f9,f25	  f9:0x00000000 f25:0x7fc00000 x25=0x00000000
      21895.000 ns	      2188	800007ec	00115713	srli	x14,x2,0x1	  x2:0x00000000 x14=0x00000000
      22255.000 ns	      2224	800007f0	034fc533	div	x10,x31,x20	 x31:0x00020010 x20:0x7fc000f5 x10=0x00000000
      22305.000 ns	      2229	800007f4	096bc753	fsub.s	f14,f23,f22	 f23:0x7fc00000 f22:0x7fc00000 f14=0x7fc00000
      22325.000 ns	      2231	800007f8	40b4d833	sra	x16,x9,x11	  x9:0x00000000 x11:0x578ef7e8 x16=0x00000000
      22345.000 ns	      2233	800007fc	f00a00d3	fmv.w.x	f1,x20	 x20:0x7fc000f5  f1=0x7fc000f5
      23525.000 ns	      2351	80000800	5802f2d3	fsqrt.s	f5,f5	  f5:0x00000001  f5=0x1f350483
      23555.000 ns	      2354	80000804	a02e87d3	fle.s	x15,f29,f2	 f29:0x7f800000  f2:0x7fc00000 x15=0x00000000
      23585.000 ns	      2357	80000808	039bae33	mulhsu	x28,x23,x25	 x23:0x0d751599 x25:0x00000000 x28=0x00000000
      23615.000 ns	      2360	8000080c	e00413d3	fclass.s	x7,f8	  f8:0x7fc00000  x7=0x00000200
      23645.000 ns	      2363	80000810	02d8b7b3	mulhu	x15,x17,x13	 x17:0xa0000000 x13:0x00000000 x15=0x00000000
      23665.000 ns	      2365	80000814	a5052513	slti	x10,x10,-1456	 x10:0x00000000 x10=0x00000000
      23685.000 ns	      2367	80000818	e0011dd3	fclass.s	x27,f2	  f2:0x7fc00000 x27=0x00000200
      23715.000 ns	      2370	8000081c	a1368653	fle.s	x12,f13,f19	 f13:0x7f800000 f19:0xffc00000 x12=0x00000000
      23745.000 ns	      2373	80000820	026035b3	mulhu	x11,x0,x6	  x0:0x00000000  x6:0x80041024 x11=0x00000000
      23785.000 ns	      2377	80000824	10880253	fmul.s	f4,f16,f8	 f16:0x40a00000  f8:0x7fc00000  f4=0x7fc00000
      23815.000 ns	      2380	80000828	02c86e33	rem	x28,x16,x12	 x16:0x00000000 x12:0x00000000 x28=0x00000000
      23835.000 ns	      2382	8000082c	9de4ba93	sltiu	x21,x9,-1570	  x9:0x00000000 x21=0x00000001
      23855.000 ns	      2384	80000830	c006c4d3	fcvt.w.s	x9,f13	 f13:0x7f800000  x9=0x7fffffff
      23875.000 ns	      2386	80000834	00dc9513	slli	x10,x25,0xd	 x25:0x00000000 x10=0x00000000
      23885.000 ns	      2387	80000838	80448213	addi	x4,x9,-2044	  x9:0x7fffffff  x4=0x7ffff803
      23895.000 ns	      2388	8000083c	40a709b3	sub	x19,x14,x10	 x14:0x00000000 x10:0x00000000 x19=0x00000000
      23905.000 ns	      2389	80000840	01e36eb3	or	x29,x6,x30	  x6:0x80041024 x30:0xec5313c0 x29=0xec5713e4
      23925.000 ns	      2391	80000844	03925033	divu	x0,x4,x25	  x4:0x7ffff803 x25:0x00000000
      23945.000 ns	      2393	80000848	9ce24c13	xori	x24,x4,-1586	  x4:0x7ffff803 x24=0x800001cd
      23965.000 ns	      2395	8000084c	03bca5b3	mulhsu	x11,x25,x27	 x25:0x00000000 x27:0x00000200 x11=0x00000000
      23985.000 ns	      2397	80000850	00000013	addi	x0,x0,0	  x0:0x00000000
      23995.000 ns	      2398	80000854	4088d413	srai	x8,x17,0x8	 x17:0xa0000000  x8=0xffa00000
      24005.000 ns	      2399	80000858	910582b7	lui	x5,0x91058	  x5=0x91058000
      24015.000 ns	      2400	8000085c	92e0c817	auipc	x16,0x92e0c	 x16=0x12e0c85c
      24025.000 ns	      2401	80000860	74e03e13	sltiu	x28,x0,1870	  x0:0x00000000 x28=0x00000001
      24035.000 ns	      2402	80000864	400555b3	sra	x11,x10,x0	 x10:0x00000000  x0:0x00000000 x11=0x00000000
      24045.000 ns	      2403	80000868	007a4b33	xor	x22,x20,x7	 x20:0x7fc000f5  x7:0x00000200 x22=0x7fc002f5
      24055.000 ns	      2404	8000086c	01635293	srli	x5,x6,0x16	  x6:0x80041024  x5=0x00000200
      24075.000 ns	      2406	80000870	a1cba153	feq.s	x2,f23,f28	 f23:0x7fc00000 f28:0x00000000  x2=0x00000000
      24105.000 ns	      2409	80000874	c015a7d3	fcvt.wu.s	x15,f11	 f11:0x7fc00000 x15=0xffffffff
      24125.000 ns	      2411	80000878	91d429b7	lui	x19,0x91d42	 x19=0x91d42000
      24135.000 ns	      2412	8000087c	00765093	srli	x1,x12,0x7	 x12:0x00000000  x1=0x00000000
      24145.000 ns	      2413	80000880	00a17d33	and	x26,x2,x10	  x2:0x00000000 x10:0x00000000 x26=0x00000000
      24165.000 ns	      2415	80000884	027a9e33	mulh	x28,x21,x7	 x21:0x00000001  x7:0x00000200 x28=0x00000000
      24185.000 ns	      2417	80000888	ef265f97	auipc	x31,0xef265	 x31=0x6f265888
      24205.000 ns	      2419	8000088c	c001f1d3	fcvt.w.s	x3,f3	  f3:0xc3660000  x3=0x000000e6
      24235.000 ns	      2422	80000890	0369b8b3	mulhu	x17,x19,x22	 x19:0x91d42000 x22:0x7fc002f5 x17=0x48c59ca7
      24265.000 ns	      2425	80000894	03c58233	mul	x4,x11,x28	 x11:0x00000000 x28:0x00000000  x4=0x00000000
      24285.000 ns	      2427	80000898	01e916b3	sll	x13,x18,x30	 x18:0x80040fe4 x30:0xec5313c0 x13=0x80040fe4
      24295.000 ns	      2428	8000089c	af27f593	andi	x11,x15,-1294	 x15:0xffffffff x11=0xfffffaf2
      24315.000 ns	      2430	800008a0	a1ce25d3	feq.s	x11,f28,f28	 f28:0x00000000 f28:0x00000000 x11=0x00000001
      24345.000 ns	      2433	800008a4	c006b653	fcvt.w.s	x12,f13	 f13:0x7f800000 x12=0x7fffffff
      24375.000 ns	      2436	800008a8	a0e62053	feq.s	x0,f12,f14	 f12:0x7fc00000 f14:0x7fc00000
      24395.000 ns	      2438	800008ac	00000013	addi	x0,x0,0	  x0:0x00000000
      24405.000 ns	      2439	800008b0	006636b3	sltu	x13,x12,x6	 x12:0x7fffffff  x6:0x80041024 x13=0x00000001
      24425.000 ns	      2441	800008b4	a1b31ad3	flt.s	x21,f6,f27	  f6:0x7f800000 f27:0xff7fffff x21=0x00000000
      24455.000 ns	      2444	800008b8	e0061053	fclass.s	x0,f12	 f12:0x7fc00000
      24485.000 ns	      2447	800008bc	021ddfb3	divu	x31,x27,x1	 x27:0x00000200  x1:0x00000000 x31=0xffffffff
      24505.000 ns	      2449	800008c0	0172c3b3	xor	x7,x5,x23	  x5:0x00000200 x23:0x0d751599  x7=0x0d751799
      24525.000 ns	      2451	800008c4	28dc1953	fmax.s	f18,f24,f13	 f24:0x7f800000 f13:0x7f800000 f18=0x7f800000
      24555.000 ns	      2454	800008c8	02b920b3	mulhsu	x1,x18,x11	 x18:0x80040fe4 x11:0x00000001  x1=0xffffffff
      24575.000 ns	      2456	800008cc	d6f63813	sltiu	x16,x12,-657	 x12:0x7fffffff x16=0x00000001
      24585.000 ns	      2457	800008d0	006491b3	sll	x3,x9,x6	  x9:0x7fffffff  x6:0x80041024  x3=0xfffffff0
      24625.000 ns	      2461	800008d4	09affdd3	fsub.s	f27,f31,f26	 f31:0x7fc00000 f26:0x1f350483 f27=0x7fc00000
      24645.000 ns	      2463	800008d8	41878b33	sub	x22,x15,x24	 x15:0xffffffff x24:0x800001cd x22=0x7ffffe32
      24665.000 ns	      2465	800008dc	e0050a53	fmv.x.w	x20,f10	 f10:0x7fc00000 x20=0x7fc00000
      24685.000 ns	      2467	800008e0	01bc7433	and	x8,x24,x27	 x24:0x800001cd x27:0x00000200  x8=0x00000000
      24695.000 ns	      2468	800008e4	00e540b3	xor	x1,x10,x14	 x10:0x00000000 x14:0x00000000  x1=0x00000000
      24705.000 ns	      2469	800008e8	408fde33	sra	x28,x31,x8	 x31:0xffffffff  x8:0xffa00000 x28=0xffffffff
      24725.000 ns	      2471	800008ec	d0193953	fcvt.s.wu	f18,x18	 x18:0x80040fe4 f18=0x4f000410
      24755.000 ns	      2474	800008f0	c00e7cd3	fcvt.w.s	x25,f28	 f28:0x00000000 x25=0x00000000
      24785.000 ns	      2477	800008f4	f0088ed3	fmv.w.x	f29,x17	 x17:0x48c59ca7 f29=0x48c59ca7
      24805.000 ns	      2479	800008f8	007ade93	srli	x29,x21,0x7	 x21:0x00000000 x29=0x00000000
      24815.000 ns	      2480	800008fc	c5925b37	lui	x22,0xc5925	 x22=0xc5925000
      24825.000 ns	      2481	80000900	0130b3b3	sltu	x7,x1,x19	  x1:0x00000000 x19:0x91d42000  x7=0x00000001
      24835.000 ns	      2482	80000904	1c4e3f93	sltiu	x31,x28,452	 x28:0xffffffff x31=0x00000000
      24855.000 ns	      2484	80000908	e0021dd3	fclass.s	x27,f4	  f4:0x7fc00000 x27=0x00000200
      24885.000 ns	      2487	8000090c	a0cb0b53	fle.s	x22,f22,f12	 f22:0x7fc00000 f12:0x7fc00000 x22=0x00000000
      24905.000 ns	      2489	80000910	0015a233	slt	x4,x11,x1	 x11:0x00000001  x1:0x00000000  x4=0x00000000
      24915.000 ns	      2490	80000914	4162d413	srai	x8,x5,0x16	  x5:0x00000200  x8=0x00000000
      24935.000 ns	      2492	80000918	a1ef2253	feq.s	x4,f30,f30	 f30:0x00000000 f30:0x00000000  x4=0x00000001
      24955.000 ns	      2494	8000091c	f2dca697	auipc	x13,0xf2dca	 x13=0x72dca91c
      24965.000 ns	      2495	80000920	007177b3	and	x15,x2,x7	  x2:0x00000000  x7:0x00000001 x15=0x00000000
      24985.000 ns	      2497	80000924	a1da9753	flt.s	x14,f21,f29	 f21:0x7fc00000 f29:0x48c59ca7 x14=0x00000000
      25015.000 ns	      2500	80000928	03505cb3	divu	x25,x0,x21	  x0:0x00000000 x21:0x00000000 x25=0xffffffff
      25045.000 ns	      2503	8000092c	20b31753	fsgnjn.s	f14,f6,f11	  f6:0x7f800000 f11:0x7fc00000 f14=0xff800000
      25075.000 ns	      2506	80000930	036ab733	mulhu	x14,x21,x22	 x21:0x00000000 x22:0x00000000 x14=0x00000000
      25115.000 ns	      2510	80000934	580b8153	fsqrt.s	f2,f23	 f23:0x7fc00000  f2=0x7fc00000
      25145.000 ns	      2513	80000938	c01efc53	fcvt.wu.s	x24,f29	 f29:0x48c59ca7 x24=0x00062ce5
      25175.000 ns	      2516	8000093c	20819253	fsgnjn.s	f4,f3,f8	  f3:0xc3660000  f8:0x7fc00000  f4=0xc3660000
      25205.000 ns	      2519	80000940	e0061553	fclass.s	x10,f12	 f12:0x7fc00000 x10=0x00000200
      25235.000 ns	      2522	80000944	c01d42d3	fcvt.wu.s	x5,f26	 f26:0x1f350483  x5=0x00000000
      25265.000 ns	      2525	80000948	288082d3	fmin.s	f5,f1,f8	  f1:0x7fc000f5  f8:0x7fc00000  f5=0x7fc00000
      25635.000 ns	      2562	8000094c	03b3d133	divu	x2,x7,x27	  x7:0x00000001 x27:0x00000200  x2=0x00000000
      26005.000 ns	      2599	80000950	03e7cfb3	div	x31,x15,x30	 x15:0x00000000 x30:0xec5313c0 x31=0x00000000
      26025.000 ns	      2601	80000954	00060433	add	x8,x12,x0	 x12:0x7fffffff  x0:0x00000000  x8=0x7fffffff
      26045.000 ns	      2603	80000958	a14e20d3	feq.s	x1,f28,f20	 f28:0x00000000 f20:0x7fc00000  x1=0x00000000
      26415.000 ns	      2640	8000095c	02d3d433	divu	x8,x7,x13	  x7:0x00000001 x13:0x72dca91c  x8=0x00000000
      26435.000 ns	      2642	80000960	1a9eb993	sltiu	x19,x29,425	 x29:0x00000000 x19=0x00000001
      26455.000 ns	      2644	80000964	a1550bd3	fle.s	x23,f10,f21	 f10:0x7fc00000 f21:0x7fc00000 x23=0x00000000
      26485.000 ns	      2647	80000968	03fd1d33	mulh	x26,x26,x31	 x26:0x00000000 x31:0x00000000 x26=0x00000000
      26515.000 ns	      2650	8000096c	d01934d3	fcvt.s.wu	f9,x18	 x18:0x80040fe4  f9=0x4f000410
      26535.000 ns	      2652	80000970	010a40b3	xor	x1,x20,x16	 x20:0x7fc00000 x16:0x00000001  x1=0x7fc00001
      26555.000 ns	      2654	80000974	022654b3	divu	x9,x12,x2	 x12:0x7fffffff  x2:0x00000000  x9=0xffffffff
      26575.000 ns	      2656	80000978	417004b3	sub	x9,x0,x23	  x0:0x00000000 x23:0x00000000  x9=0x00000000
      26585.000 ns	      2657	8000097c	7844b893	sltiu	x17,x9,1924	  x9:0xffffffff x17=0x00000001
      26605.000 ns	      2659	80000980	a0819ed3	flt.s	x29,f3,f8	  f3:0xc3660000  f8:0x7fc00000 x29=0x00000000
      26625.000 ns	      2661	80000984	011893b3	sll	x7,x17,x17	 x17:0x48c59ca7 x17:0x48c59ca7  x7=0x00000002
      26655.000 ns	      2664	80000988	180df453	fdiv.s	f8,f27,f0	 f27:0x7fc00000  f0:0x7fc00000  f8=0x7fc00000
      26685.000 ns	      2667	8000098c	286708d3	fmin.s	f17,f14,f6	 f14:0xff800000  f6:0x7f800000 f17=0xff800000
      26705.000 ns	      2669	80000990	82768517	auipc	x10,0x82768	 x10=0x02768990
      26715.000 ns	      2670	80000994	01da3bb3	sltu	x23,x20,x29	 x20:0x7fc00000 x29:0x00000000 x23=0x00000000
      27075.000 ns	      2706	80000998	0264e433	rem	x8,x9,x6	  x9:0x00000000  x6:0x80041024  x8=0x00000000
      27095.000 ns	      2708	8000099c	4bda4993	xori	x19,x20,1213	 x20:0x7fc00000 x19=0x7fc004bd
      27105.000 ns	      2709	800009a0	48923c93	sltiu	x25,x4,1161	  x4:0x00000001 x25=0x00000001
      27115.000 ns	      2710	800009a4	01783e33	sltu	x28,x16,x23	 x16:0x00000001 x23:0x00000000 x28=0x00000000
      27125.000 ns	      2711	800009a8	7922c717	auipc	x14,0x7922c	 x14=0xf922c9a8
      27135.000 ns	      2712	800009ac	b15fea13	ori	x20,x31,-1259	 x31:0x00000000 x20=0xfffffb15
      27145.000 ns	      2713	800009b0	14dc4513	xori	x10,x24,333	 x24:0x00062ce5 x10=0x00062da8
      27165.000 ns	      2715	800009b4	02f68733	mul	x14,x13,x15	 x13:0x72dca91c x15:0x00000000 x14=0x00000000
      27185.000 ns	      2717	800009b8	01ea4e33	xor	x28,x20,x30	 x20:0xfffffb15 x30:0xec5313c0 x28=0x13ace8d5
      27195.000 ns	      2718	800009bc	30ff62b7	lui	x5,0x30ff6	  x5=0x30ff6000
      27205.000 ns	      2719	800009c0	2fddab13	slti	x22,x27,765	 x27:0x00000200 x22=0x00000001
      27225.000 ns	      2721	800009c4	29df04d3	fmin.s	f9,f30,f29	 f30:0x00000000 f29:0x48c59ca7  f9=0x00000000
      27595.000 ns	      2758	800009c8	039e4133	div	x2,x28,x25	 x28:0x13ace8d5 x25:0x00000001  x2=0x13ace8d5
      27625.000 ns	      2761	800009cc	298506d3	fmin.s	f13,f10,f24	 f10:0x7fc00000 f24:0x7f800000 f13=0x7f800000
      27655.000 ns	      2764	800009d0	029ca033	mulhsu	x0,x25,x9	 x25:0x00000001  x9:0x00000000
      27675.000 ns	      2766	800009d4	e5c8ee93	ori	x29,x17,-420	 x17:0x00000001 x29=0xfffffe5d
      27685.000 ns	      2767	800009d8	00fbbcb3	sltu	x25,x23,x15	 x23:0x00000000 x15:0x00000000 x25=0x00000000
      27695.000 ns	      2768	800009dc	00e877b3	and	x15,x16,x14	 x16:0x00000001 x14:0x00000000 x15=0x00000000
      27705.000 ns	      2769	800009e0	41fdd4b3	sra	x9,x27,x31	 x27:0x00000200 x31:0x00000000  x9=0x00000200
      27715.000 ns	      2770	800009e4	0033c633	xor	x12,x7,x3	  x7:0x00000002  x3:0xfffffff0 x12=0xfffffff2
      28075.000 ns	      2806	800009e8	02156a33	rem	x20,x10,x1	 x10:0x00062da8  x1:0x7fc00001 x20=0x00062da8
      28105.000 ns	      2809	800009ec	29ba83d3	fmin.s	f7,f21,f27	 f21:0x7fc00000 f27:0x7fc00000  f7=0x7fc00000
      28135.000 ns	      2812	800009f0	d0197cd3	fcvt.s.wu	f25,x18	 x18:0x80040fe4 f25=0x4f00040f
      28505.000 ns	      2849	800009f4	0239cb33	div	x22,x19,x3	 x19:0x7fc004bd  x3:0xfffffff0 x22=0xf803ffb5
      28525.000 ns	      2851	800009f8	019efb33	and	x22,x29,x25	 x29:0xfffffe5d x25:0x00000000 x22=0x00000000
      28535.000 ns	      2852	800009fc	01987033	and	x0,x16,x25	 x16:0x00000001 x25:0x00000000
      28555.000 ns	      2854	80000a00	028436b3	mulhu	x13,x8,x8	  x8:0x00000000  x8:0x00000000 x13=0x00000000
      28575.000 ns	      2856	80000a04	eaf73013	sltiu	x0,x14,-337	 x14:0x00000000
      28585.000 ns	      2857	80000a08	96932cb7	lui	x25,0x96932	 x25=0x96932000
      28595.000 ns	      2858	80000a0c	00000013	addi	x0,x0,0	  x0:0x00000000
      28615.000 ns	      2860	80000a10	21ef8b53	fsgnj.s	f22,f31,f30	 f31:0x7fc00000 f30:0x00000000 f22=0x7fc00000
      28645.000 ns	      2863	80000a14	f00f8253	fmv.w.x	f4,x31	 x31:0x00000000  f4=0x00000000
      28665.000 ns	      2865	80000a18	01833433	sltu	x8,x6,x24	  x6:0x80041024 x24:0x00062ce5  x8=0x00000000
      28695.000 ns	      2868	80000a1c	10f1f3d3	fmul.s	f7,f3,f15	  f3:0xc3660000 f15:0x7fc00000  f7=0x7fc00000
      28725.000 ns	      2871	80000a20	20fb0253	fsgnj.s	f4,f22,f15	 f22:0x7fc00000 f15:0x7fc00000  f4=0x7fc00000
      28755.000 ns	      2874	80000a24	200822d3	fsgnjx.s	f5,f16,f0	 f16:0x40a00000  f0:0x7fc00000  f5=0x40a00000
      29125.000 ns	      2911	80000a28	02bff4b3	remu	x9,x31,x11	 x31:0x00000000 x11:0x00000001  x9=0x00000000
      29145.000 ns	      2913	80000a2c	01e9d733	srl	x14,x19,x30	 x19:0x7fc004bd x30:0xec5313c0 x14=0x7fc004bd
      29155.000 ns	      2914	80000a30	014c5db3	srl	x27,x24,x20	 x24:0x00062ce5 x20:0x00062da8 x27=0x0000062c
      29175.000 ns	      2916	80000a34	a01cac53	feq.s	x24,f25,f1	 f25:0x4f00040f  f1:0x7fc000f5 x24=0x00000000
      29195.000 ns	      2918	80000a38	2d8f7193	andi	x3,x30,728	 x30:0xec5313c0  x3=0x000002c0
      29205.000 ns	      2919	80000a3c	4f590f93	addi	x31,x18,1269	 x18:0x80040fe4 x31=0x800414d9
      29215.000 ns	      2920	80000a40	64633f93	sltiu	x31,x6,1606	  x6:0x80041024 x31=0x00000000
      29225.000 ns	      2921	80000a44	f255a993	slti	x19,x11,-219	 x11:0x00000001 x19=0x00000000
      29235.000 ns	      2922	80000a48	c4ab42b7	lui	x5,0xc4ab4	  x5=0xc4ab4000
      29245.000 ns	      2923	80000a4c	00000013	addi	x0,x0,0	  x0:0x00000000
      29265.000 ns	      2925	80000a50	c00ece53	fcvt.w.s	x28,f29	 f29:0x48c59ca7 x28=0x00062ce5
      29295.000 ns	      2928	80000a54	a0b31453	flt.s	x8,f6,f11	  f6:0x7f800000 f11:0x7fc00000  x8=0x00000000
      29325.000 ns	      2931	80000a58	d00cf753	fcvt.s.w	f14,x25	 x25:0x96932000 f14=0xced2d9c0
      29355.000 ns	      2934	80000a5c	02c33cb3	mulhu	x25,x6,x12	  x6:0x80041024 x12:0xfffffff2 x25=0x8004101c
      29385.000 ns	      2937	80000a60	d01cf753	fcvt.s.wu	f14,x25	 x25:0x96932000 f14=0x4f000410
      29415.000 ns	      2940	80000a64	a00383d3	fle.s	x7,f7,f0	  f7:0x7fc00000  f0:0x7fc00000  x7=0x00000000
      29445.000 ns	      2943	80000a68	03375e33	divu	x28,x14,x19	 x14:0x7fc004bd x19:0x00000000 x28=0xffffffff
      29465.000 ns	      2945	80000a6c	3bb20c13	addi	x24,x4,955	  x4:0x00000001 x24=0x000003bc
      29825.000 ns	      2981	80000a70	03bbfcb3	remu	x25,x23,x27	 x23:0x00000000 x27:0x0000062c x25=0x00000000
      29865.000 ns	      2985	80000a74	101c8a53	fmul.s	f20,f25,f1	 f25:0x4f00040f  f1:0x7fc000f5 f20=0x7fc00000
      29885.000 ns	      2987	80000a78	df903e97	auipc	x29,0xdf903	 x29=0x5f903a78
      29895.000 ns	      2988	80000a7c	019b1b13	slli	x22,x22,0x19	 x22:0x00000000 x22=0x00000000
      29915.000 ns	      2990	80000a80	a1c72bd3	feq.s	x23,f14,f28	 f14:0x4f000410 f28:0x00000000 x23=0x00000000
      29945.000 ns	      2993	80000a84	d00315d3	fcvt.s.w	f11,x6	  x6:0x80041024 f11=0xcefff7df
      29965.000 ns	      2995	80000a88	a6748293	addi	x5,x9,-1433	  x9:0x00000000  x5=0xfffffa67
      29975.000 ns	      2996	80000a8c	cf14ee93	ori	x29,x9,-783	  x9:0x00000000 x29=0xfffffcf1
      29985.000 ns	      2997	80000a90	6c1b6413	ori	x8,x22,1729	 x22:0x00000000  x8=0x000006c1
      29995.000 ns	      2998	80000a94	86144513	xori	x10,x8,-1951	  x8:0x00000000 x10=0xfffffea0
      30025.000 ns	      3001	80000a98	194dfed3	fdiv.s	f29,f27,f20	 f27:0x7fc00000 f20:0x7fc00000 f29=0x7fc00000
      30045.000 ns	      3003	80000a9c	016a66b3	or	x13,x20,x22	 x20:0x00062da8 x22:0x00000000 x13=0x00062da8
      30065.000 ns	      3005	80000aa0	a0038cd3	fle.s	x25,f7,f0	  f7:0x7fc00000  f0:0x7fc00000 x25=0x00000000
      30435.000 ns	      3042	80000aa4	024474b3	remu	x9,x8,x4	  x8:0x000006c1  x4:0x00000001  x9=0x00000000
      30455.000 ns	      3044	80000aa8	e1c36b13	ori	x22,x6,-484	  x6:0x80041024 x22=0xfffffe3c
      30485.000 ns	      3047	80000aac	5805abd3	fsqrt.s	f23,f11	 f11:0xcefff7df f23=0x7fc00000
      30515.000 ns	      3050	80000ab0	d005f3d3	fcvt.s.w	f7,x11	 x11:0x00000001  f7=0x3f800000
      30535.000 ns	      3052	80000ab4	6f684a97	auipc	x21,0x6f684	 x21=0xef684ab4
      30545.000 ns	      3053	80000ab8	73aaf237	lui	x4,0x73aaf	  x4=0x73aaf000
      30555.000 ns	      3054	80000abc	0bd705b7	lui	x11,0xbd70	 x11=0x0bd70000
      30565.000 ns	      3055	80000ac0	00000013	addi	x0,x0,0	  x0:0x00000000
      30575.000 ns	      3056	80000ac4	aae22e93	slti	x29,x4,-1362	  x4:0x73aaf000 x29=0x00000000
      30595.000 ns	      3058	80000ac8	e0011dd3	fclass.s	x27,f2	  f2:0x7fc00000 x27=0x00000200
      30615.000 ns	      3060	80000acc	00000013	addi	x0,x0,0	  x0:0x00000000
      30635.000 ns	      3062	80000ad0	02092fb3	mulhsu	x31,x18,x0	 x18:0x80040fe4  x0:0x00000000 x31=0x00000000
      30655.000 ns	      3064	80000ad4	0103e9b3	or	x19,x7,x16	  x7:0x00000000 x16:0x00000001 x19=0x00000001
      30675.000 ns	      3066	80000ad8	213a8d53	fsgnj.s	f26,f21,f19	 f21:0x7fc00000 f19:0xffc00000 f26=0xffc00000
      30695.000 ns	      3068	80000adc	4162d293	srai	x5,x5,0x16	  x5:0xfffffa67  x5=0xffffffff
      30715.000 ns	      3070	80000ae0	20aa82d3	fsgnj.s	f5,f21,f10	 f21:0x7fc00000 f10:0x7fc00000  f5=0x7fc00000
      30735.000 ns	      3072	80000ae4	f80f3e13	sltiu	x28,x30,-128	 x30:0xec5313c0 x28=0x00000001
      30745.000 ns	      3073	80000ae8	00a85093	srli	x1,x16,0xa	 x16:0x00000001  x1=0x00000000
      30765.000 ns	      3075	80000aec	c0094753	fcvt.w.s	x14,f18	 f18:0x4f000410 x14=0x7fffffff
      30785.000 ns	      3077	80000af0	5944fd93	andi	x27,x9,1428	  x9:0x00000000 x27=0x00000000
      30805.000 ns	      3079	80000af4	e0061c53	fclass.s	x24,f12	 f12:0x7fc00000 x24=0x00000200
      30825.000 ns	      3081	80000af8	00000013	addi	x0,x0,0	  x0:0x00000000
      30835.000 ns	      3082	80000afc	0015c3b3	xor	x7,x11,x1	 x11:0x0bd70000  x1:0x00000000  x7=0x0bd70000
      30845.000 ns	      3083	80000b00	41025793	srai	x15,x4,0x10	  x4:0x73aaf000 x15=0x000073aa
      30865.000 ns	      3085	80000b04	c016f5d3	fcvt.wu.s	x11,f13	 f13:0x7f800000 x11=0xffffffff
      30895.000 ns	      3088	80000b08	21169dd3	fsgnjn.s	f27,f13,f17	 f13:0x7f800000 f17:0xff800000 f27=0x7f800000
      30925.000 ns	      3091	80000b0c	02cd98b3	mulh	x17,x27,x12	 x27:0x00000000 x12:0xfffffff2 x17=0x00000000
      30955.000 ns	      3094	80000b10	203caed3	fsgnjx.s	f29,f25,f3	 f25:0x4f00040f  f3:0xc3660000 f29=0xcf00040f
      30995.000 ns	      3098	80000b14	103074d3	fmul.s	f9,f0,f3	  f0:0x7fc00000  f3:0xc3660000  f9=0x7fc00000
      31025.000 ns	      3101	80000b18	28371fd3	fmax.s	f31,f14,f3	 f14:0x4f000410  f3:0xc3660000 f31=0x4f000410
      31045.000 ns	      3103	80000b1c	38a28e13	addi	x28,x5,906	  x5:0xffffffff x28=0x00000389
      31065.000 ns	      3105	80000b20	28899cd3	fmax.s	f25,f19,f8	 f19:0xffc00000  f8:0x7fc00000 f25=0x7fc00000
      31095.000 ns	      3108	80000b24	c01372d3	fcvt.wu.s	x5,f6	  f6:0x7f800000  x5=0xffffffff
      31115.000 ns	      3110	80000b28	37335c37	lui	x24,0x37335	 x24=0x37335000
      31135.000 ns	      3112	80000b2c	03c69eb3	mulh	x29,x13,x28	 x13:0x00062da8 x28:0x00000389 x29=0x00000000
      31165.000 ns	      3115	80000b30	e0049253	fclass.s	x4,f9	  f9:0x7fc00000  x4=0x00000200
      31195.000 ns	      3118	80000b34	02760e33	mul	x28,x12,x7	 x12:0xfffffff2  x7:0x0bd70000 x28=0x5a3e0000
      31225.000 ns	      3121	80000b38	28591653	fmax.s	f12,f18,f5	 f18:0x4f000410  f5:0x7fc00000 f12=0x4f000410
      31255.000 ns	      3124	80000b3c	a17da7d3	feq.s	x15,f27,f23	 f27:0x7f800000 f23:0x7fc00000 x15=0x00000000
      31275.000 ns	      3126	80000b40	0079dd33	srl	x26,x19,x7	 x19:0x00000001  x7:0x0bd70000 x26=0x00000001
      31285.000 ns	      3127	80000b44	c532dc37	lui	x24,0xc532d	 x24=0xc532d000
      31645.000 ns	      3163	80000b48	02cc54b3	divu	x9,x24,x12	 x24:0x37335000 x12:0xfffffff2  x9=0x00000000
      31675.000 ns	      3166	80000b4c	a1492553	feq.s	x10,f18,f20	 f18:0x4f000410 f20:0x7fc00000 x10=0x00000000
      31715.000 ns	      3170	80000b50	5801aa53	fsqrt.s	f20,f3	  f3:0xc3660000 f20=0x7fc00000
      31735.000 ns	      3172	80000b54	00d49213	slli	x4,x9,0xd	  x9:0x00000000  x4=0x00000000
      31775.000 ns	      3176	80000b58	08e07653	fsub.s	f12,f0,f14	  f0:0x7fc00000 f14:0x4f000410 f12=0x7fc00000
      31805.000 ns	      3179	80000b5c	a1c1ad53	feq.s	x26,f3,f28	  f3:0xc3660000 f28:0x00000000 x26=0x00000000
      31825.000 ns	      3181	80000b60	006cd493	srli	x9,x25,0x6	 x25:0x00000000  x9=0x00000000
      31845.000 ns	      3183	80000b64	e0069753	fclass.s	x14,f13	 f13:0x7f800000 x14=0x00000080
      31875.000 ns	      3186	80000b68	027399b3	mulh	x19,x7,x7	  x7:0x0bd70000  x7:0x0bd70000 x19=0x008c2e91
      31915.000 ns	      3190	80000b6c	103e7d53	fmul.s	f26,f28,f3	 f28:0x00000000  f3:0xc3660000 f26=0x80000000
      31945.000 ns	      3193	80000b70	20230053	fsgnj.s	f0,f6,f2	  f6:0x7f800000  f2:0x7fc00000  f0=0x7f800000
      31975.000 ns	      3196	80000b74	c01624d3	fcvt.wu.s	x9,f12	 f12:0x7fc00000  x9=0xffffffff
      32005.000 ns	      3199	80000b78	f0090a53	fmv.w.x	f20,x18	 x18:0x80040fe4 f20=0x80040fe4
      32035.000 ns	      3202	80000b7c	e0031e53	fclass.s	x28,f6	  f6:0x7f800000 x28=0x00000080
      32055.000 ns	      3204	80000b80	1d68f617	auipc	x12,0x1d68f	 x12=0x9d68fb80
      32075.000 ns	      3206	80000b84	29561953	fmax.s	f18,f12,f21	 f12:0x7fc00000 f21:0x7fc00000 f18=0x7fc00000
      32125.000 ns	      3211	80000b88	007dabd3	fadd.s	f23,f27,f7	 f27:0x7f800000  f7:0x3f800000 f23=0x7f800000
      32145.000 ns	      3213	80000b8c	c22bf993	andi	x19,x23,-990	 x23:0x00000000 x19=0x00000000
      32165.000 ns	      3215	80000b90	a1620ad3	fle.s	x21,f4,f22	  f4:0x7fc00000 f22:0x7fc00000 x21=0x00000000
      32195.000 ns	      3218	80000b94	a02f2dd3	feq.s	x27,f30,f2	 f30:0x00000000  f2:0x7fc00000 x27=0x00000000
      32215.000 ns	      3220	80000b98	418cd493	srai	x9,x25,0x18	 x25:0x00000000  x9=0x00000000
      32235.000 ns	      3222	80000b9c	020c0633	mul	x12,x24,x0	 x24:0xc532d000  x0:0x00000000 x12=0x00000000
      32275.000 ns	      3226	80000ba0	11b02553	fmul.s	f10,f0,f27	  f0:0x7f800000 f27:0x7f800000 f10=0x7f800000
      32325.000 ns	      3231	80000ba4	0184b553	fadd.s	f10,f9,f24	  f9:0x7fc00000 f24:0x7f800000 f10=0x7fc00000
      32355.000 ns	      3234	80000ba8	a12097d3	flt.s	x15,f1,f18	  f1:0x7fc000f5 f18:0x7fc00000 x15=0x00000000
      32375.000 ns	      3236	80000bac	0150eeb3	or	x29,x1,x21	  x1:0x00000000 x21:0x00000000 x29=0x00000000
      32385.000 ns	      3237	80000bb0	7b582d13	slti	x26,x16,1973	 x16:0x00000001 x26=0x00000001
      32405.000 ns	      3239	80000bb4	20092dd3	fsgnjx.s	f27,f18,f0	 f18:0x7fc00000  f0:0x7f800000 f27=0x7fc00000
      32435.000 ns	      3242	80000bb8	c00596d3	fcvt.w.s	x13,f11	 f11:0xcefff7df x13=0x80041080
      32455.000 ns	      3244	80000bbc	00aae133	or	x2,x21,x10	 x21:0x00000000 x10:0x00000000  x2=0x00000000
      32465.000 ns	      3245	80000bc0	009d5193	srli	x3,x26,0x9	 x26:0x00000001  x3=0x00000000
      32485.000 ns	      3247	80000bc4	213425d3	fsgnjx.s	f11,f8,f19	  f8:0x7fc00000 f19:0xffc00000 f11=0xffc00000
      32505.000 ns	      3249	80000bc8	00847b33	and	x22,x8,x8	  x8:0x000006c1  x8:0x000006c1 x22=0x000006c1
      32525.000 ns	      3251	80000bcc	02648d33	mul	x26,x9,x6	  x9:0x00000000  x6:0x80041024 x26=0x00000000
      32545.000 ns	      3253	80000bd0	9e8a81b7	lui	x3,0x9e8a8	  x3=0x9e8a8000
      32555.000 ns	      3254	80000bd4	01db5a33	srl	x20,x22,x29	 x22:0x000006c1 x29:0x00000000 x20=0x000006c1
      32575.000 ns	      3256	80000bd8	c0181b53	fcvt.wu.s	x22,f16	 f16:0x40a00000 x22=0x00000005
      32605.000 ns	      3259	80000bdc	20ee15d3	fsgnjn.s	f11,f28,f14	 f28:0x00000000 f14:0x4f000410 f11=0x80000000
      32635.000 ns	      3262	80000be0	e0059fd3	fclass.s	x31,f11	 f11:0xffc00000 x31=0x00000008
      32665.000 ns	      3265	80000be4	211e93d3	fsgnjn.s	f7,f29,f17	 f29:0xcf00040f f17:0xff800000  f7=0x4f00040f
      32685.000 ns	      3267	80000be8	014f4fb3	xor	x31,x30,x20	 x30:0xec5313c0 x20:0x000006c1 x31=0xec531501
      32695.000 ns	      3268	80000bec	00e2ceb3	xor	x29,x5,x14	  x5:0xffffffff x14:0x00000080 x29=0xffffff7f
      32705.000 ns	      3269	80000bf0	010ada13	srli	x20,x21,0x10	 x21:0x00000000 x20=0x00000000
      32715.000 ns	      3270	80000bf4	0099e233	or	x4,x19,x9	 x19:0x00000000  x9:0x00000000  x4=0x00000000
      32725.000 ns	      3271	80000bf8	00ac0db3	add	x27,x24,x10	 x24:0xc532d000 x10:0x00000000 x27=0xc532d000
      32765.000 ns	      3275	80000bfc	0980f453	fsub.s	f8,f1,f24	  f1:0x7fc000f5 f24:0x7f800000  f8=0x7fc00000
      32785.000 ns	      3277	80000c00	00280733	add	x14,x16,x2	 x16:0x00000001  x2:0x00000000 x14=0x00000001
      32795.000 ns	      3278	80000c04	00420d33	add	x26,x4,x4	  x4:0x00000000  x4:0x00000000 x26=0x00000000
      32805.000 ns	      3279	80000c08	362c8213	addi	x4,x25,866	 x25:0x00000000  x4=0x00000362
      32825.000 ns	      3281	80000c0c	02e8bb33	mulhu	x22,x17,x14	 x17:0x00000000 x14:0x00000001 x22=0x00000000
      32845.000 ns	      3283	80000c10	00bd9d93	slli	x27,x27,0xb	 x27:0xc532d000 x27=0x96800000
      32855.000 ns	      3284	80000c14	01ce3733	sltu	x14,x28,x28	 x28:0x00000080 x28:0x00000080 x14=0x00000000
      32875.000 ns	      3286	80000c18	20c3aad3	fsgnjx.s	f21,f7,f12	  f7:0x4f00040f f12:0x7fc00000 f21=0x4f00040f
      32895.000 ns	      3288	80000c1c	fbaa0393	addi	x7,x20,-70	 x20:0x00000000  x7=0xffffffba
      32905.000 ns	      3289	80000c20	6a68e413	ori	x8,x17,1702	 x17:0x00000000  x8=0x000006a6
      32925.000 ns	      3291	80000c24	e00f1c53	fclass.s	x24,f30	 f30:0x00000000 x24=0x00000010
      32945.000 ns	      3293	80000c28	014ade13	srli	x28,x21,0x14	 x21:0x00000000 x28=0x00000000
      32955.000 ns	      3294	80000c2c	43e54c37	lui	x24,0x43e54	 x24=0x43e54000
      32995.000 ns	      3298	80000c30	08597d53	fsub.s	f26,f18,f5	 f18:0x7fc00000  f5:0x7fc00000 f26=0x7fc00000
      33045.000 ns	      3303	80000c34	08927c53	fsub.s	f24,f4,f9	  f4:0x7fc00000  f9:0x7fc00000 f24=0x7fc00000
      33095.000 ns	      3308	80000c38	0915f2d3	fsub.s	f5,f11,f17	 f11:0x80000000 f17:0xff800000  f5=0x7f800000
      33135.000 ns	      3312	80000c3c	101c7ad3	fmul.s	f21,f24,f1	 f24:0x7fc00000  f1:0x7fc000f5 f21=0x7fc00000
      33155.000 ns	      3314	80000c40	4e7546b7	lui	x13,0x4e754	 x13=0x4e754000
      33165.000 ns	      3315	80000c44	f4ecd517	auipc	x10,0xf4ecd	 x10=0x74ecdc44
      33175.000 ns	      3316	80000c48	0124c7b3	xor	x15,x9,x18	  x9:0x00000000 x18:0x80040fe4 x15=0x80040fe4
      33185.000 ns	      3317	80000c4c	01256433	or	x8,x10,x18	 x10:0x00000000 x18:0x80040fe4  x8=0xf4ecdfe4
      33195.000 ns	      3318	80000c50	00441633	sll	x12,x8,x4	  x8:0x000006a6  x4:0x00000362 x12=0xd3b37f90
      33215.000 ns	      3320	80000c54	a13615d3	flt.s	x11,f12,f19	 f12:0x7fc00000 f19:0xffc00000 x11=0x00000000
      33235.000 ns	      3322	80000c58	007b6a33	or	x20,x22,x7	 x22:0x00000000  x7:0xffffffba x20=0xffffffba
      33255.000 ns	      3324	80000c5c	211923d3	fsgnjx.s	f7,f18,f17	 f18:0x7fc00000 f17:0xff800000  f7=0xffc00000
      33285.000 ns	      3327	80000c60	03358b33	mul	x22,x11,x19	 x11:0x00000000 x19:0x00000000 x22=0x00000000
      33305.000 ns	      3329	80000c64	0056db33	srl	x22,x13,x5	 x13:0x4e754000  x5:0xffffffff x22=0x00000000
      33325.000 ns	      3331	80000c68	c0091853	fcvt.w.s	x16,f18	 f18:0x7fc00000 x16=0x7fffffff
      33345.000 ns	      3333	80000c6c	017834b3	sltu	x9,x16,x23	 x16:0x00000001 x23:0x00000000  x9=0x00000000
      33355.000 ns	      3334	80000c70	01ddd033	srl	x0,x27,x29	 x27:0x96800000 x29:0xffffff7f
      33365.000 ns	      3335	80000c74	01651793	slli	x15,x10,0x16	 x10:0x74ecdc44 x15=0x11000000
      33725.000 ns	      3371	80000c78	023fedb3	rem	x27,x31,x3	 x31:0xec531501  x3:0x9e8a8000 x27=0xec531501
      33755.000 ns	      3374	80000c7c	d0162053	fcvt.s.wu	f0,x12	 x12:0xd3b37f90  f0=0x4f53b380
      33785.000 ns	      3377	80000c80	f0000353	fmv.w.x	f6,x0	  x0:0x00000000  f6=0x00000000
      33805.000 ns	      3379	80000c84	01125693	srli	x13,x4,0x11	  x4:0x00000362 x13=0x00000000
      33815.000 ns	      3380	80000c88	a28e7713	andi	x14,x28,-1496	 x28:0x00000000 x14=0x00000000
      33825.000 ns	      3381	80000c8c	00380eb3	add	x29,x16,x3	 x16:0x7fffffff  x3:0x9e8a8000 x29=0x1e8a7fff
      33845.000 ns	      3383	80000c90	030c38b3	mulhu	x17,x24,x16	 x24:0x43e54000 x16:0x7fffffff x17=0x21f29fff
      33875.000 ns	      3386	80000c94	a0758453	fle.s	x8,f11,f7	 f11:0x80000000  f7:0xffc00000  x8=0x00000000
      33905.000 ns	      3389	80000c98	037469b3	rem	x19,x8,x23	  x8:0xf4ecdfe4 x23:0x00000000 x19=0x00000000
      33935.000 ns	      3392	80000c9c	0261a1b3	mulhsu	x3,x3,x6	  x3:0x9e8a8000  x6:0x80041024  x3=0xcf43b404
      33965.000 ns	      3395	80000ca0	20961453	fsgnjn.s	f8,f12,f9	 f12:0x7fc00000  f9:0x7fc00000  f8=0xffc00000
      33985.000 ns	      3397	80000ca4	0146df93	srli	x31,x13,0x14	 x13:0x00000000 x31=0x00000000
      34005.000 ns	      3399	80000ca8	d007be53	fcvt.s.w	f28,x15	 x15:0x11000000 f28=0x4d880000
      34025.000 ns	      3401	80000cac	5871c993	xori	x19,x3,1415	  x3:0xcf43b404 x19=0xcf43b183
      34035.000 ns	      3402	80000cb0	0136d193	srli	x3,x13,0x13	 x13:0x00000000  x3=0x00000000
      34055.000 ns	      3404	80000cb4	a1820e53	fle.s	x28,f4,f24	  f4:0x7fc00000 f24:0x7fc00000 x28=0x00000000
      34075.000 ns	      3406	80000cb8	411f89b3	sub	x19,x31,x17	 x31:0x00000000 x17:0x21f29fff x19=0xde0d6001
      34095.000 ns	      3408	80000cbc	28ab82d3	fmin.s	f5,f23,f10	 f23:0x7f800000 f10:0x7fc00000  f5=0x7f800000
      34465.000 ns	      3445	80000cc0	03e7f733	remu	x14,x15,x30	 x15:0x11000000 x30:0xec5313c0 x14=0x11000000
      34505.000 ns	      3449	80000cc4	112c7ed3	fmul.s	f29,f24,f18	 f24:0x7fc00000 f18:0x7fc00000 f29=0x7fc00000
      34535.000 ns	      3452	80000cc8	29021853	fmax.s	f16,f4,f16	  f4:0x7fc00000 f16:0x40a00000 f16=0x40a00000
      34565.000 ns	      3455	80000ccc	a111a153	feq.s	x2,f3,f17	  f3:0xc3660000 f17:0xff800000  x2=0x00000000
      34595.000 ns	      3458	80000cd0	02682033	mulhsu	x0,x16,x6	 x16:0x7fffffff  x6:0x80041024
      34625.000 ns	      3461	80000cd4	c01ffc53	fcvt.wu.s	x24,f31	 f31:0x4f000410 x24=0x80041000
      34655.000 ns	      3464	80000cd8	02883133	mulhu	x2,x16,x8	 x16:0x7fffffff  x8:0x00000000  x2=0x00000000
      34675.000 ns	      3466	80000cdc	00000013	addi	x0,x0,0	  x0:0x00000000
      34685.000 ns	      3467	80000ce0	bbad7213	andi	x4,x26,-1094	 x26:0x00000000  x4=0x00000000
      34695.000 ns	      3468	80000ce4	6c0a8d93	addi	x27,x21,1728	 x21:0x00000000 x27=0x000006c0
      34715.000 ns	      3470	80000ce8	d000fc53	fcvt.s.w	f24,x1	  x1:0x00000000 f24=0x00000000
      34745.000 ns	      3473	80000cec	28d78a53	fmin.s	f20,f15,f13	 f15:0x7fc00000 f13:0x7f800000 f20=0x7f800000
      34765.000 ns	      3475	80000cf0	40655693	srai	x13,x10,0x6	 x10:0x74ecdc44 x13=0x01d3b371
      34775.000 ns	      3476	80000cf4	0140a533	slt	x10,x1,x20	  x1:0x00000000 x20:0xffffffba x10=0x00000000
      34795.000 ns	      3478	80000cf8	21de9353	fsgnjn.s	f6,f29,f29	 f29:0x7fc00000 f29:0x7fc00000  f6=0xffc00000
      34825.000 ns	      3481	80000cfc	d008f0d3	fcvt.s.w	f1,x17	 x17:0x21f29fff  f1=0x4e07ca7f
      34845.000 ns	      3483	80000d00	00000013	addi	x0,x0,0	  x0:0x00000000
      34865.000 ns	      3485	80000d04	202c2cd3	fsgnjx.s	f25,f24,f2	 f24:0x00000000  f2:0x7fc00000 f25=0x00000000
      34895.000 ns	      3488	80000d08	d0047653	fcvt.s.w	f12,x8	  x8:0x00000000 f12=0x00000000
      34925.000 ns	      3491	80000d0c	03419633	mulh	x12,x3,x20	  x3:0x00000000 x20:0xffffffba x12=0x00000000
      34945.000 ns	      3493	80000d10	00ade7b3	or	x15,x27,x10	 x27:0x000006c0 x10:0x00000000 x15=0x000006c0
      34965.000 ns	      3495	80000d14	e00218d3	fclass.s	x17,f4	  f4:0x7fc00000 x17=0x00000200
      34985.000 ns	      3497	80000d18	00000013	addi	x0,x0,0	  x0:0x00000000
      35005.000 ns	      3499	80000d1c	a06ca2d3	feq.s	x5,f25,f6	 f25:0x00000000  f6:0xffc00000  x5=0x00000000
      35375.000 ns	      3536	80000d20	0265d433	divu	x8,x11,x6	 x11:0x00000000  x6:0x80041024  x8=0x00000000
      35395.000 ns	      3538	80000d24	8604c613	xori	x12,x9,-1952	  x9:0x00000000 x12=0xfffff860
      35415.000 ns	      3540	80000d28	21c892d3	fsgnjn.s	f5,f17,f28	 f17:0xff800000 f28:0x4d880000  f5=0xff800000
      35435.000 ns	      3542	80000d2c	4cffab13	slti	x22,x31,1231	 x31:0x00000000 x22=0x00000001
      35455.000 ns	      3544	80000d30	027905b3	mul	x11,x18,x7	 x18:0x80040fe4  x7:0xffffffba x11=0xfee3a7a8
      35485.000 ns	      3547	80000d34	028501b3	mul	x3,x10,x8	 x10:0x00000000  x8:0x00000000  x3=0x00000000
      35525.000 ns	      3551	80000d38	180b30d3	fdiv.s	f1,f22,f0	 f22:0x7fc00000  f0:0x4f53b380  f1=0x7fc00000
      35555.000 ns	      3554	80000d3c	d01974d3	fcvt.s.wu	f9,x18	 x18:0x80040fe4  f9=0x4f00040f
      35585.000 ns	      3557	80000d40	29e30053	fmin.s	f0,f6,f30	  f6:0xffc00000 f30:0x00000000  f0=0x00000000
      35615.000 ns	      3560	80000d44	e0038853	fmv.x.w	x16,f7	  f7:0xffc00000 x16=0xffc00000
      35635.000 ns	      3562	80000d48	00774633	xor	x12,x14,x7	 x14:0x11000000  x7:0xffffffba x12=0xeeffffba
      35645.000 ns	      3563	80000d4c	3090cd13	xori	x26,x1,777	  x1:0x00000000 x26=0x00000309
      35665.000 ns	      3565	80000d50	e00e0b53	fmv.x.w	x22,f28	 f28:0x4d880000 x22=0x4d880000
      35695.000 ns	      3568	80000d54	0220ccb3	div	x25,x1,x2	  x1:0x00000000  x2:0x00000000 x25=0xffffffff
      35725.000 ns	      3571	80000d58	e00714d3	fclass.s	x9,f14	 f14:0x4f000410  x9=0x00000040
      35745.000 ns	      3573	80000d5c	4f898097	auipc	x1,0x4f898	  x1=0xcf898d5c
      35765.000 ns	      3575	80000d60	e00e9c53	fclass.s	x24,f29	 f29:0x7fc00000 x24=0x00000200
      35785.000 ns	      3577	80000d64	406fd693	srai	x13,x31,0x6	 x31:0x00000000 x13=0x00000000
      35805.000 ns	      3579	80000d68	29d71a53	fmax.s	f20,f14,f29	 f14:0x4f000410 f29:0x7fc00000 f20=0x4f000410
      35825.000 ns	      3581	80000d6c	00211493	slli	x9,x2,0x2	  x2:0x00000000  x9=0x00000000
      35835.000 ns	      3582	80000d70	008fa833	slt	x16,x31,x8	 x31:0x00000000  x8:0x00000000 x16=0x00000000
      35855.000 ns	      3584	80000d74	c01278d3	fcvt.wu.s	x17,f4	  f4:0x7fc00000 x17=0xffffffff
      35875.000 ns	      3586	80000d78	b6a8abb7	lui	x23,0xb6a8a	 x23=0xb6a8a000
      35915.000 ns	      3590	80000d7c	08300353	fsub.s	f6,f0,f3	  f0:0x00000000  f3:0xc3660000  f6=0x43660000
      35935.000 ns	      3592	80000d80	7802b293	sltiu	x5,x5,1920	  x5:0x00000000  x5=0x00000001
      35955.000 ns	      3594	80000d84	02387bb3	remu	x23,x16,x3	 x16:0x00000000  x3:0x00000000 x23=0x00000000
      35975.000 ns	      3596	80000d88	00000013	addi	x0,x0,0	  x0:0x00000000
      35985.000 ns	      3597	80000d8c	00038433	add	x8,x7,x0	  x7:0xffffffba  x0:0x00000000  x8=0xffffffba
      35995.000 ns	      3598	80000d90	011da033	slt	x0,x27,x17	 x27:0x000006c0 x17:0xffffffff
      36005.000 ns	      3599	80000d94	8c88a713	slti	x14,x17,-1848	 x17:0xffffffff x14=0x00000000
      36015.000 ns	      3600	80000d98	01e2dfb3	srl	x31,x5,x30	  x5:0x00000001 x30:0xec5313c0 x31=0x00000001
      36025.000 ns	      3601	80000d9c	66ed7e13	andi	x28,x26,1646	 x26:0x00000309 x28=0x00000208
      36035.000 ns	      3602	80000da0	179e6d13	ori	x26,x28,377	 x28:0x00000000 x26=0x00000379
      36045.000 ns	      3603	80000da4	008d04b3	add	x9,x26,x8	 x26:0x00000309  x8:0xffffffba  x9=0x00000333
      36055.000 ns	      3604	80000da8	ffefa513	slti	x10,x31,-2	 x31:0x00000001 x10=0x00000000
      36065.000 ns	      3605	80000dac	01b11733	sll	x14,x2,x27	  x2:0x00000000 x27:0x000006c0 x14=0x00000000
      36085.000 ns	      3607	80000db0	0355e133	rem	x2,x11,x21	 x11:0xfee3a7a8 x21:0x00000000  x2=0xfee3a7a8
      36105.000 ns	      3609	80000db4	404f5bb3	sra	x23,x30,x4	 x30:0xec5313c0  x4:0x00000000 x23=0xec5313c0
      36115.000 ns	      3610	80000db8	41bf5a93	srai	x21,x30,0x1b	 x30:0xec5313c0 x21=0xfffffffd
      36125.000 ns	      3611	80000dbc	01b59233	sll	x4,x11,x27	 x11:0xfee3a7a8 x27:0x000006c0  x4=0xfee3a7a8
      36135.000 ns	      3612	80000dc0	6f6e2237	lui	x4,0x6f6e2	  x4=0x6f6e2000
      36145.000 ns	      3613	80000dc4	41ba5db3	sra	x27,x20,x27	 x20:0xffffffba x27:0x000006c0 x27=0xffffffba
      36165.000 ns	      3615	80000dc8	290b0b53	fmin.s	f22,f22,f16	 f22:0x7fc00000 f16:0x40a00000 f22=0x40a00000
      36185.000 ns	      3617	80000dcc	00ab9eb3	sll	x29,x23,x10	 x23:0xec5313c0 x10:0x00000000 x29=0xec5313c0
      36225.000 ns	      3621	80000dd0	095e77d3	fsub.s	f15,f28,f21	 f28:0x4d880000 f21:0x7fc00000 f15=0x7fc00000
      36245.000 ns	      3623	80000dd4	01bdde13	srli	x28,x27,0x1b	 x27:0xffffffba x28=0x0000001f
      36255.000 ns	      3624	80000dd8	0073afb3	slt	x31,x7,x7	  x7:0xffffffba  x7:0xffffffba x31=0x00000000
      36275.000 ns	      3626	80000ddc	20060d53	fsgnj.s	f26,f12,f0	 f12:0x00000000  f0:0x00000000 f26=0x00000000
      36295.000 ns	      3628	80000de0	0a3a7693	andi	x13,x20,163	 x20:0xffffffba x13=0x000000a2
      36305.000 ns	      3629	80000de4	004b1093	slli	x1,x22,0x4	 x22:0x4d880000  x1=0xd8800000
      36315.000 ns	      3630	80000de8	003ba8b3	slt	x17,x23,x3	 x23:0xec5313c0  x3:0x00000000 x17=0x00000001
      36335.000 ns	      3632	80000dec	21cd25d3	fsgnjx.s	f11,f26,f28	 f26:0x00000000 f28:0x4d880000 f11=0x00000000
      36705.000 ns	      3669	80000df0	0259ceb3	div	x29,x19,x5	 x19:0xde0d6001  x5:0x00000001 x29=0xde0d6001
      36735.000 ns	      3672	80000df4	02376cb3	rem	x25,x14,x3	 x14:0x00000000  x3:0x00000000 x25=0x00000000
      36755.000 ns	      3674	80000df8	2ed98e13	addi	x28,x19,749	 x19:0xde0d6001 x28=0xde0d62ee
      36775.000 ns	      3676	80000dfc	28909053	fmax.s	f0,f1,f9	  f1:0x7fc00000  f9:0x4f00040f  f0=0x4f00040f
      36805.000 ns	      3679	80000e00	202b0653	fsgnj.s	f12,f22,f2	 f22:0x40a00000  f2:0x7fc00000 f12=0x40a00000
      36825.000 ns	      3681	80000e04	00000013	addi	x0,x0,0	  x0:0x00000000
      36845.000 ns	      3683	80000e08	e0011ed3	fclass.s	x29,f2	  f2:0x7fc00000 x29=0x00000200
      36875.000 ns	      3686	80000e0c	f0090253	fmv.w.x	f4,x18	 x18:0x80040fe4  f4=0x80040fe4
      36895.000 ns	      3688	80000e10	552a2e13	slti	x28,x20,1362	 x20:0xffffffba x28=0x00000001
      36905.000 ns	      3689	80000e14	540e7113	andi	x2,x28,1344	 x28:0xde0d62ee  x2=0x00000000
      36925.000 ns	      3691	80000e18	295813d3	fmax.s	f7,f16,f21	 f16:0x40a00000 f21:0x7fc00000  f7=0x40a00000
      36955.000 ns	      3694	80000e1c	2047a853	fsgnjx.s	f16,f15,f4	 f15:0x7fc00000  f4:0x80040fe4 f16=0xffc00000
      36975.000 ns	      3696	80000e20	00797db3	and	x27,x18,x7	 x18:0x80040fe4  x7:0xffffffba x27=0x80040fa0
      36995.000 ns	      3698	80000e24	025c9433	mulh	x8,x25,x5	 x25:0x00000000  x5:0x00000001  x8=0x00000000
      37025.000 ns	      3701	80000e28	20170253	fsgnj.s	f4,f14,f1	 f14:0x4f000410  f1:0x7fc00000  f4=0x4f000410
      37045.000 ns	      3703	80000e2c	10b7e993	ori	x19,x15,267	 x15:0x000006c0 x19=0x000007cb
      37065.000 ns	      3705	80000e30	0322adb3	mulhsu	x27,x5,x18	  x5:0x00000001 x18:0x80040fe4 x27=0x00000000
      37435.000 ns	      3742	80000e34	03cbfdb3	remu	x27,x23,x28	 x23:0xec5313c0 x28:0x00000001 x27=0x00000000
      37455.000 ns	      3744	80000e38	2d885197	auipc	x3,0x2d885	  x3=0xad885e38
      37475.000 ns	      3746	80000e3c	03f7fdb3	remu	x27,x15,x31	 x15:0x000006c0 x31:0x00000000 x27=0x000006c0
      37515.000 ns	      3750	80000e40	580ef7d3	fsqrt.s	f15,f29	 f29:0x7fc00000 f15=0x7fc00000
      37535.000 ns	      3752	80000e44	40138b33	sub	x22,x7,x1	  x7:0xffffffba  x1:0xd8800000 x22=0x277fffba
      37555.000 ns	      3754	80000e48	03e30033	mul	x0,x6,x30	  x6:0x80041024 x30:0xec5313c0
      37585.000 ns	      3757	80000e4c	e0090d53	fmv.x.w	x26,f18	 f18:0x7fc00000 x26=0x7fc00000
      37605.000 ns	      3759	80000e50	671f8237	lui	x4,0x671f8	  x4=0x671f8000
      37615.000 ns	      3760	80000e54	b19a6793	ori	x15,x20,-1255	 x20:0xffffffba x15=0xffffffbb
      37635.000 ns	      3762	80000e58	28711cd3	fmax.s	f25,f2,f7	  f2:0x7fc00000  f7:0x40a00000 f25=0x40a00000
      37655.000 ns	      3764	80000e5c	0deee393	ori	x7,x29,222	 x29:0x00000200  x7=0x000002de
      37665.000 ns	      3765	80000e60	9cfa0713	addi	x14,x20,-1585	 x20:0xffffffba x14=0xfffff989
      37675.000 ns	      3766	80000e64	00bc5e93	srli	x29,x24,0xb	 x24:0x00000200 x29=0x00000000
      37695.000 ns	      3768	80000e68	c0090ad3	fcvt.w.s	x21,f18	 f18:0x7fc00000 x21=0x7fffffff
      37725.000 ns	      3771	80000e6c	c00b9dd3	fcvt.w.s	x27,f23	 f23:0x7f800000 x27=0x7fffffff
      37765.000 ns	      3775	80000e70	19b28053	fdiv.s	f0,f5,f27	  f5:0xff800000 f27:0x7fc00000  f0=0x7fc00000
      37785.000 ns	      3777	80000e74	00d764b3	or	x9,x14,x13	 x14:0xfffff989 x13:0x000000a2  x9=0xfffff9ab
      37795.000 ns	      3778	80000e78	006dd793	srli	x15,x27,0x6	 x27:0x7fffffff x15=0x01ffffff
      37815.000 ns	      3780	80000e7c	c015f053	fcvt.wu.s	x0,f11	 f11:0x00000000
      37835.000 ns	      3782	80000e80	87b8e793	ori	x15,x17,-1925	 x17:0x00000001 x15=0xfffff87b
      37845.000 ns	      3783	80000e84	66760493	addi	x9,x12,1639	 x12:0xeeffffba  x9=0xef000621
      37865.000 ns	      3785	80000e88	28d38153	fmin.s	f2,f7,f13	  f7:0x40a00000 f13:0x7f800000  f2=0x40a00000
      37895.000 ns	      3788	80000e8c	e0069ed3	fclass.s	x29,f13	 f13:0x7f800000 x29=0x00000080
      37915.000 ns	      3790	80000e90	40fb0833	sub	x16,x22,x15	 x22:0x277fffba x15:0xfffff87b x16=0x2780073f
      37935.000 ns	      3792	80000e94	c004fe53	fcvt.w.s	x28,f9	  f9:0x4f00040f x28=0x7fffffff
      37955.000 ns	      3794	80000e98	288d3813	sltiu	x16,x26,648	 x26:0x7fc00000 x16=0x00000000
      37975.000 ns	      3796	80000e9c	a12e9c53	flt.s	x24,f29,f18	 f29:0x7fc00000 f18:0x7fc00000 x24=0x00000000
      38005.000 ns	      3799	80000ea0	21a82153	fsgnjx.s	f2,f16,f26	 f16:0xffc00000 f26:0x00000000  f2=0xffc00000
      38035.000 ns	      3802	80000ea4	285611d3	fmax.s	f3,f12,f5	 f12:0x40a00000  f5:0xff800000  f3=0x40a00000
      38055.000 ns	      3804	80000ea8	4b36c113	xori	x2,x13,1203	 x13:0x000000a2  x2=0x00000411
      38065.000 ns	      3805	80000eac	0037fbb3	and	x23,x15,x3	 x15:0xfffff87b  x3:0xad885e38 x23=0xad885838
      38075.000 ns	      3806	80000eb0	00000013	addi	x0,x0,0	  x0:0x00000000
      38085.000 ns	      3807	80000eb4	de45f193	andi	x3,x11,-540	 x11:0xfee3a7a8  x3=0xfee3a5a0
      38095.000 ns	      3808	80000eb8	41fd56b3	sra	x13,x26,x31	 x26:0x7fc00000 x31:0x00000000 x13=0x7fc00000
      38105.000 ns	      3809	80000ebc	404b0233	sub	x4,x22,x4	 x22:0x277fffba  x4:0x671f8000  x4=0xc0607fba
      38115.000 ns	      3810	80000ec0	015bb9b3	sltu	x19,x23,x21	 x23:0xad885838 x21:0x7fffffff x19=0x00000000
      38135.000 ns	      3812	80000ec4	c015f853	fcvt.wu.s	x16,f11	 f11:0x00000000 x16=0x00000000
      38165.000 ns	      3815	80000ec8	214fadd3	fsgnjx.s	f27,f31,f20	 f31:0x4f000410 f20:0x4f000410 f27=0x4f000410
      38185.000 ns	      3817	80000ecc	5d77d137	lui	x2,0x5d77d	  x2=0x5d77d000
      38205.000 ns	      3819	80000ed0	a08d2653	feq.s	x12,f26,f8	 f26:0x00000000  f8:0xffc00000 x12=0x00000000
      38225.000 ns	      3821	80000ed4	012e5593	srli	x11,x28,0x12	 x28:0x7fffffff x11=0x00001fff
      38235.000 ns	      3822	80000ed8	00f9f033	and	x0,x19,x15	 x19:0x00000000 x15:0xfffff87b
      38245.000 ns	      3823	80000edc	01857533	and	x10,x10,x24	 x10:0x00000000 x24:0x00000000 x10=0x00000000
      38255.000 ns	      3824	80000ee0	fd720617	auipc	x12,0xfd720	 x12=0x7d720ee0
      38265.000 ns	      3825	80000ee4	1fd63793	sltiu	x15,x12,509	 x12:0x00000000 x15=0x00000000
      38275.000 ns	      3826	80000ee8	1f354293	xori	x5,x10,499	 x10:0x00000000  x5=0x000001f3
      38295.000 ns	      3828	80000eec	200aa2d3	fsgnjx.s	f5,f21,f0	 f21:0x7fc00000  f0:0x7fc00000  f5=0x7fc00000
      38325.000 ns	      3831	80000ef0	d00071d3	fcvt.s.w	f3,x0	  x0:0x00000000  f3=0x00000000
      38355.000 ns	      3834	80000ef4	a0e20bd3	fle.s	x23,f4,f14	  f4:0x4f000410 f14:0x4f000410 x23=0x00000001
      38375.000 ns	      3836	80000ef8	45f3b597	auipc	x11,0x45f3b	 x11=0xc5f3bef8
      38385.000 ns	      3837	80000efc	00fabd33	sltu	x26,x21,x15	 x21:0x7fffffff x15:0x00000000 x26=0x00000000
      38395.000 ns	      3838	80000f00	00236db3	or	x27,x6,x2	  x6:0x80041024  x2:0x5d77d000 x27=0xdd77d024
      38415.000 ns	      3840	80000f04	03b53a33	mulhu	x20,x10,x27	 x10:0x00000000 x27:0x7fffffff x20=0x00000000
      38435.000 ns	      3842	80000f08	41225bb3	sra	x23,x4,x18	  x4:0xc0607fba x18:0x80040fe4 x23=0xfc0607fb
      38795.000 ns	      3878	80000f0c	03756233	rem	x4,x10,x23	 x10:0x00000000 x23:0x00000001  x4=0x00000000
      38825.000 ns	      3881	80000f10	214f9353	fsgnjn.s	f6,f31,f20	 f31:0x4f000410 f20:0x4f000410  f6=0xcf000410
      38855.000 ns	      3884	80000f14	021104b3	mul	x9,x2,x1	  x2:0x5d77d000  x1:0xd8800000  x9=0x00000000
      38895.000 ns	      3888	80000f18	58093153	fsqrt.s	f2,f18	 f18:0x7fc00000  f2=0x7fc00000
      38925.000 ns	      3891	80000f1c	a1bb80d3	fle.s	x1,f23,f27	 f23:0x7f800000 f27:0x4f000410  x1=0x00000000
      38955.000 ns	      3894	80000f20	a1c502d3	fle.s	x5,f10,f28	 f10:0x7fc00000 f28:0x4d880000  x5=0x00000000
      38985.000 ns	      3897	80000f24	a18690d3	flt.s	x1,f13,f24	 f13:0x7f800000 f24:0x00000000  x1=0x00000000
      39005.000 ns	      3899	80000f28	cf60c393	xori	x7,x1,-778	  x1:0x00000000  x7=0xfffffcf6
      39025.000 ns	      3901	80000f2c	c00bf6d3	fcvt.w.s	x13,f23	 f23:0x7f800000 x13=0x7fffffff
      39045.000 ns	      3903	80000f30	00474633	xor	x12,x14,x4	 x14:0xfffff989  x4:0x00000000 x12=0xfffff989
      39085.000 ns	      3907	80000f34	004a7353	fadd.s	f6,f20,f4	 f20:0x4f000410  f4:0x4f000410  f6=0x4f800410
      39105.000 ns	      3909	80000f38	01f0bd33	sltu	x26,x1,x31	  x1:0x00000000 x31:0x00000000 x26=0x00000000
      39115.000 ns	      3910	80000f3c	004839b3	sltu	x19,x16,x4	 x16:0x00000000  x4:0x00000000 x19=0x00000000
      39125.000 ns	      3911	80000f40	412ed6b3	sra	x13,x29,x18	 x29:0x00000080 x18:0x80040fe4 x13=0x00000008
      39155.000 ns	      3914	80000f44	18ec0153	fdiv.s	f2,f24,f14	 f24:0x00000000 f14:0x4f000410  f2=0x00000000
      39175.000 ns	      3916	80000f48	cb4c4a13	xori	x20,x24,-844	 x24:0x00000000 x20=0xfffffcb4
      39195.000 ns	      3918	80000f4c	d00b3cd3	fcvt.s.w	f25,x22	 x22:0x277fffba f25=0x4e1dffff
      39565.000 ns	      3955	80000f50	02e4c7b3	div	x15,x9,x14	  x9:0x00000000 x14:0xfffff989 x15=0x00000000
      39585.000 ns	      3957	80000f54	01a095b3	sll	x11,x1,x26	  x1:0x00000000 x26:0x00000000 x11=0x00000000
      39605.000 ns	      3959	80000f58	20d12c53	fsgnjx.s	f24,f2,f13	  f2:0x00000000 f13:0x7f800000 f24=0x00000000
      39635.000 ns	      3962	80000f5c	29cf0553	fmin.s	f10,f30,f28	 f30:0x00000000 f28:0x4d880000 f10=0x00000000
      39655.000 ns	      3964	80000f60	e5480f93	addi	x31,x16,-428	 x16:0x00000000 x31=0xfffffe54
      39695.000 ns	      3968	80000f64	09fdfbd3	fsub.s	f23,f27,f31	 f27:0x4f000410 f31:0x4f000410 f23=0x80000000
      39725.000 ns	      3971	80000f68	21b69753	fsgnjn.s	f14,f13,f27	 f13:0x7f800000 f27:0x4f000410 f14=0xff800000
      39745.000 ns	      3973	80000f6c	01c96633	or	x12,x18,x28	 x18:0x80040fe4 x28:0x7fffffff x12=0xffffffff
      39765.000 ns	      3975	80000f70	02d99233	mulh	x4,x19,x13	 x19:0x00000000 x13:0x00000008  x4=0x00000000
      39795.000 ns	      3978	80000f74	20430ad3	fsgnj.s	f21,f6,f4	  f6:0x4f800410  f4:0x4f000410 f21=0x4f800410
      39825.000 ns	      3981	80000f78	e0048ed3	fmv.x.w	x29,f9	  f9:0x4f00040f x29=0x4f00040f
      39845.000 ns	      3983	80000f7c	e03e2793	slti	x15,x28,-509	 x28:0x7fffffff x15=0x00000000
      39865.000 ns	      3985	80000f80	02b18033	mul	x0,x3,x11	  x3:0xfee3a5a0 x11:0x00000000
      39885.000 ns	      3987	80000f84	631f5f97	auipc	x31,0x631f5	 x31=0xe31f5f84
      39905.000 ns	      3989	80000f88	f00381d3	fmv.w.x	f3,x7	  x7:0xfffffcf6  f3=0xfffffcf6
      39945.000 ns	      3993	80000f8c	18227053	fdiv.s	f0,f4,f2	  f4:0x4f000410  f2:0x00000000  f0=0x7f800000
      39975.000 ns	      3996	80000f90	02167cb3	remu	x25,x12,x1	 x12:0xffffffff  x1:0x00000000 x25=0xffffffff
      40005.000 ns	      3999	80000f94	d00f9853	fcvt.s.w	f16,x31	 x31:0xe31f5f84 f16=0xcde70503
      40025.000 ns	      4001	80000f98	21d50b13	addi	x22,x10,541	 x10:0x00000000 x22=0x0000021d
      40035.000 ns	      4002	80000f9c	0170fc33	and	x24,x1,x23	  x1:0x00000000 x23:0xfc0607fb x24=0x00000000
      40055.000 ns	      4004	80000fa0	e00c1a53	fclass.s	x20,f24	 f24:0x00000000 x20=0x00000010
      40095.000 ns	      4008	80000fa4	18b7c153	fdiv.s	f2,f15,f11	 f15:0x7fc00000 f11:0x00000000  f2=0x7fc00000
      40145.000 ns	      4013	80000fa8	00e0f8d3	fadd.s	f17,f1,f14	  f1:0x7fc00000 f14:0xff800000 f17=0x7fc00000
      40165.000 ns	      4015	80000fac	0468fc93	andi	x25,x17,70	 x17:0x00000001 x25=0x00000000
      40175.000 ns	      4016	80000fb0	41d0d813	srai	x16,x1,0x1d	  x1:0x00000000 x16=0x00000000
      40195.000 ns	      4018	80000fb4	c00f06d3	fcvt.w.s	x13,f30	 f30:0x00000000 x13=0x00000000
      40225.000 ns	      4021	80000fb8	03804433	div	x8,x0,x24	  x0:0x00000000 x24:0x00000000  x8=0xffffffff
      40255.000 ns	      4024	80000fbc	c00bf6d3	fcvt.w.s	x13,f23	 f23:0x80000000 x13=0x00000000
      40285.000 ns	      4027	80000fc0	f0060053	fmv.w.x	f0,x12	 x12:0xffffffff  f0=0xffffffff
      40325.000 ns	      4031	80000fc4	113ea2d3	fmul.s	f5,f29,f19	 f29:0x7fc00000 f19:0xffc00000  f5=0x7fc00000
      40345.000 ns	      4033	80000fc8	013c30b3	sltu	x1,x24,x19	 x24:0x00000000 x19:0x00000000  x1=0x00000000
      40355.000 ns	      4034	80000fcc	9a5d3593	sltiu	x11,x26,-1627	 x26:0x00000000 x11=0x00000001
      40365.000 ns	      4035	80000fd0	2e583213	sltiu	x4,x16,741	 x16:0x00000000  x4=0x00000001
      40385.000 ns	      4037	80000fd4	c007add3	fcvt.w.s	x27,f15	 f15:0x7fc00000 x27=0x7fffffff
      40415.000 ns	      4040	80000fd8	29820153	fmin.s	f2,f4,f24	  f4:0x4f000410 f24:0x00000000  f2=0x00000000
      40445.000 ns	      4043	80000fdc	28a20fd3	fmin.s	f31,f4,f10	  f4:0x4f000410 f10:0x00000000 f31=0x00000000
      40465.000 ns	      4045	80000fe0	2863a713	slti	x14,x7,646	  x7:0xfffffcf6 x14=0x00000001
      40475.000 ns	      4046	80000fe4	31cbf993	andi	x19,x23,796	 x23:0xfc0607fb x19=0x00000318
      40485.000 ns	      4047	80000fe8	01f953b3	srl	x7,x18,x31	 x18:0x80040fe4 x31:0xe31f5f84  x7=0x080040fe
      40505.000 ns	      4049	80000fec	c015f2d3	fcvt.wu.s	x5,f11	 f11:0x00000000  x5=0x00000000
      40525.000 ns	      4051	80000ff0	016ade13	srli	x28,x21,0x16	 x21:0x7fffffff x28=0x000001ff
      40535.000 ns	      4052	80000ff4	3ac50393	addi	x7,x10,940	 x10:0x00000000  x7=0x000003ac
      40545.000 ns	      4053	80000ff8	00d7afb3	slt	x31,x15,x13	 x15:0x00000000 x13:0x00000000 x31=0x00000000
      40555.000 ns	      4054	80000ffc	40ec8e33	sub	x28,x25,x14	 x25:0x00000000 x14:0x00000001 x28=0xffffffff
      40565.000 ns	      4055	80001000	001e8233	add	x4,x29,x1	 x29:0x4f00040f  x1:0x00000000  x4=0x4f00040f
      40585.000 ns	      4057	80001004	20de9cd3	fsgnjn.s	f25,f29,f13	 f29:0x7fc00000 f13:0x7f800000 f25=0xffc00000
      40605.000 ns	      4059	80001008	4116de33	sra	x28,x13,x17	 x13:0x00000000 x17:0x00000001 x28=0x00000000
      40615.000 ns	      4060	8000100c	01a4de33	srl	x28,x9,x26	  x9:0x00000000 x26:0x00000000 x28=0x00000000
      40635.000 ns	      4062	80001010	e00c9cd3	fclass.s	x25,f25	 f25:0xffc00000 x25=0x00000200
      40655.000 ns	      4064	80001014	011bf6b3	and	x13,x23,x17	 x23:0xfc0607fb x17:0x00000001 x13=0x00000001
      40685.000 ns	      4067	80001018	19a6a4d3	fdiv.s	f9,f13,f26	 f13:0x7f800000 f26:0x00000000  f9=0x7f800000
      40715.000 ns	      4070	8000101c	02a83233	mulhu	x4,x16,x10	 x16:0x00000000 x10:0x00000000  x4=0x00000000
      40735.000 ns	      4072	80001020	a7bc0713	addi	x14,x24,-1413	 x24:0x00000000 x14=0xfffffa7b
      40745.000 ns	      4073	80001024	5167b713	sltiu	x14,x15,1302	 x15:0x00000000 x14=0x00000001
      40755.000 ns	      4074	80001028	01ff8eb3	add	x29,x31,x31	 x31:0x00000000 x31:0x00000000 x29=0x00000000
      40785.000 ns	      4077	8000102c	1853b753	fdiv.s	f14,f7,f5	  f7:0x40a00000  f5:0x7fc00000 f14=0x7fc00000
      40815.000 ns	      4080	80001030	0338ac33	mulhsu	x24,x17,x19	 x17:0x00000001 x19:0x00000318 x24=0x00000000
      40845.000 ns	      4083	80001034	c0102fd3	fcvt.wu.s	x31,f0	  f0:0xffffffff x31=0xffffffff
      40875.000 ns	      4086	80001038	02946433	rem	x8,x8,x9	  x8:0xffffffff  x9:0x00000000  x8=0xffffffff
      40905.000 ns	      4089	8000103c	28a48853	fmin.s	f16,f9,f10	  f9:0x7f800000 f10:0x00000000 f16=0x00000000
      40925.000 ns	      4091	80001040	00799c93	slli	x25,x19,0x7	 x19:0x00000318 x25=0x00018c00
      40955.000 ns	      4094	80001044	10677f53	fmul.s	f30,f14,f6	 f14:0x7fc00000  f6:0x4f800410 f30=0x7fc00000
      40985.000 ns	      4097	80001048	d01df653	fcvt.s.wu	f12,x27	 x27:0x7fffffff f12=0x4effffff
      41005.000 ns	      4099	8000104c	ee4b0c17	auipc	x24,0xee4b0	 x24=0x6e4b104c
      41025.000 ns	      4101	80001050	291d0553	fmin.s	f10,f26,f17	 f26:0x00000000 f17:0x7fc00000 f10=0x00000000
      41055.000 ns	      4104	80001054	c00af3d3	fcvt.w.s	x7,f21	 f21:0x4f800410  x7=0x7fffffff
      41085.000 ns	      4107	80001058	20208bd3	fsgnj.s	f23,f1,f2	  f1:0x7fc00000  f2:0x00000000 f23=0x7fc00000
      41105.000 ns	      4109	8000105c	010229b3	slt	x19,x4,x16	  x4:0x00000000 x16:0x00000000 x19=0x00000000
      41115.000 ns	      4110	80001060	8734ff93	andi	x31,x9,-1933	  x9:0x00000000 x31=0x00000000
      41135.000 ns	      4112	80001064	d0108c53	fcvt.s.wu	f24,x1	  x1:0x00000000 f24=0x00000000
      41165.000 ns	      4115	80001068	297702d3	fmin.s	f5,f14,f23	 f14:0x7fc00000 f23:0x7fc00000  f5=0x7fc00000
      41195.000 ns	      4118	8000106c	29898ed3	fmin.s	f29,f19,f24	 f19:0xffc00000 f24:0x00000000 f29=0x00000000
      41225.000 ns	      4121	80001070	e00b1653	fclass.s	x12,f22	 f22:0x40a00000 x12=0x00000040
      41255.000 ns	      4124	80001074	a1bd2c53	feq.s	x24,f26,f27	 f26:0x00000000 f27:0x4f000410 x24=0x00000000
      41275.000 ns	      4126	80001078	4bab8293	addi	x5,x23,1210	 x23:0xfc0607fb  x5=0xfc060cb5
      41295.000 ns	      4128	8000107c	03cfddb3	divu	x27,x31,x28	 x31:0x00000000 x28:0x00000000 x27=0xffffffff
      41325.000 ns	      4131	80001080	20321fd3	fsgnjn.s	f31,f4,f3	  f4:0x4f000410  f3:0xfffffcf6 f31=0x4f000410
      41345.000 ns	      4133	80001084	00162fb3	slt	x31,x12,x1	 x12:0x00000040  x1:0x00000000 x31=0x00000000
      41365.000 ns	      4135	80001088	a1bf2453	feq.s	x8,f30,f27	 f30:0x7fc00000 f27:0x4f000410  x8=0x00000000
      41395.000 ns	      4138	8000108c	f0088653	fmv.w.x	f12,x17	 x17:0x00000001 f12=0x00000001
      41425.000 ns	      4141	80001090	200d0dd3	fsgnj.s	f27,f26,f0	 f26:0x00000000  f0:0xffffffff f27=0x80000000
      41445.000 ns	      4143	80001094	415756b3	sra	x13,x14,x21	 x14:0x00000001 x21:0x7fffffff x13=0x00000000
      41455.000 ns	      4144	80001098	2045e293	ori	x5,x11,516	 x11:0x00000001  x5=0x00000205
      41475.000 ns	      4146	8000109c	a01302d3	fle.s	x5,f6,f1	  f6:0x4f800410  f1:0x7fc00000  x5=0x00000000
      41495.000 ns	      4148	800010a0	00000013	addi	x0,x0,0	  x0:0x00000000
      41505.000 ns	      4149	800010a4	01365813	srli	x16,x12,0x13	 x12:0x00000040 x16=0x00000000
      41515.000 ns	      4150	800010a8	00000013	addi	x0,x0,0	  x0:0x00000000
      41535.000 ns	      4152	800010ac	218f83d3	fsgnj.s	f7,f31,f24	 f31:0x4f000410 f24:0x00000000  f7=0x4f000410
      41555.000 ns	      4154	800010b0	016a34b3	sltu	x9,x20,x22	 x20:0x00000010 x22:0x0000021d  x9=0x00000001
      41565.000 ns	      4155	800010b4	db364513	xori	x10,x12,-589	 x12:0x00000040 x10=0xfffffdf3
      41575.000 ns	      4156	800010b8	ab79ed13	ori	x26,x19,-1353	 x19:0x00000000 x26=0xfffffab7
      41595.000 ns	      4158	800010bc	02e29c33	mulh	x24,x5,x14	  x5:0x00000000 x14:0x00000001 x24=0x00000000
      41625.000 ns	      4161	800010c0	205b8053	fsgnj.s	f0,f23,f5	 f23:0x7fc00000  f5:0x7fc00000  f0=0x7fc00000
      41645.000 ns	      4163	800010c4	006dbb33	sltu	x22,x27,x6	 x27:0xffffffff  x6:0x80041024 x22=0x00000000
      41655.000 ns	      4164	800010c8	41324397	auipc	x7,0x41324	  x7=0xc13250c8
      41665.000 ns	      4165	800010cc	011df8b3	and	x17,x27,x17	 x27:0xffffffff x17:0x00000001 x17=0x00000001
      41675.000 ns	      4166	800010d0	00d1eb33	or	x22,x3,x13	  x3:0xfee3a5a0 x13:0x00000000 x22=0xfee3a5a0
      41685.000 ns	      4167	800010d4	00000013	addi	x0,x0,0	  x0:0x00000000
      41695.000 ns	      4168	800010d8	00dc5c33	srl	x24,x24,x13	 x24:0x00000000 x13:0x00000000 x24=0x00000000
      41715.000 ns	      4170	800010dc	d00a0053	fcvt.s.w	f0,x20	 x20:0x00000010  f0=0x41800000
      41745.000 ns	      4173	800010e0	03b923b3	mulhsu	x7,x18,x27	 x18:0x80040fe4 x27:0xffffffff  x7=0x80040fe4
      41775.000 ns	      4176	800010e4	28981153	fmax.s	f2,f16,f9	 f16:0x00000000  f9:0x7f800000  f2=0x7f800000
      41795.000 ns	      4178	800010e8	002fd793	srli	x15,x31,0x2	 x31:0x00000000 x15=0x00000000
      41815.000 ns	      4180	800010ec	0334cc33	div	x24,x9,x19	  x9:0x00000001 x19:0x00000000 x24=0xffffffff
      41845.000 ns	      4183	800010f0	21871553	fsgnjn.s	f10,f14,f24	 f14:0x7fc00000 f24:0x00000000 f10=0xffc00000
      41875.000 ns	      4186	800010f4	a1a99053	flt.s	x0,f19,f26	 f19:0xffc00000 f26:0x00000000
      41895.000 ns	      4188	800010f8	32dff613	andi	x12,x31,813	 x31:0x00000000 x12=0x00000000
      41905.000 ns	      4189	800010fc	000f5e13	srli	x28,x30,0x0	 x30:0xec5313c0 x28=0xec5313c0
      41925.000 ns	      4191	80001100	a080a853	feq.s	x16,f1,f8	  f1:0x7fc00000  f8:0xffc00000 x16=0x00000000
      41945.000 ns	      4193	80001104	40410e33	sub	x28,x2,x4	  x2:0x5d77d000  x4:0x00000000 x28=0x5d77d000
      41965.000 ns	      4195	80001108	03fc6eb3	rem	x29,x24,x31	 x24:0xffffffff x31:0x00000000 x29=0xffffffff
      41995.000 ns	      4198	8000110c	29b19753	fmax.s	f14,f3,f27	  f3:0xfffffcf6 f27:0x80000000 f14=0x80000000
      42015.000 ns	      4200	80001110	008d1633	sll	x12,x26,x8	 x26:0xfffffab7  x8:0x00000000 x12=0xfffffab7
      42035.000 ns	      4202	80001114	a11da4d3	feq.s	x9,f27,f17	 f27:0x80000000 f17:0x7fc00000  x9=0x00000000
      42055.000 ns	      4204	80001118	00f4c733	xor	x14,x9,x15	  x9:0x00000001 x15:0x00000000 x14=0x00000000
      42075.000 ns	      4206	8000111c	02e8b3b3	mulhu	x7,x17,x14	 x17:0x00000001 x14:0x00000001  x7=0x00000000
      42095.000 ns	      4208	80001120	00f66b33	or	x22,x12,x15	 x12:0xfffffab7 x15:0x00000000 x22=0xfffffab7
      42115.000 ns	      4210	80001124	29a19bd3	fmax.s	f23,f3,f26	  f3:0xfffffcf6 f26:0x00000000 f23=0x00000000
      42135.000 ns	      4212	80001128	6d534393	xori	x7,x6,1749	  x6:0x80041024  x7=0x800416f1
      42145.000 ns	      4213	8000112c	5d400e93	addi	x29,x0,1492	  x0:0x00000000 x29=0x000005d4
      42165.000 ns	      4215	80001130	02f637b3	mulhu	x15,x12,x15	 x12:0xfffffab7 x15:0x00000000 x15=0x00000000
      42185.000 ns	      4217	80001134	010811b3	sll	x3,x16,x16	 x16:0x00000000 x16:0x00000000  x3=0x00000000
      42205.000 ns	      4219	80001138	295f1853	fmax.s	f16,f30,f21	 f30:0x7fc00000 f21:0x4f800410 f16=0x4f800410
      42235.000 ns	      4222	8000113c	0249ca33	div	x20,x19,x4	 x19:0x00000000  x4:0x00000000 x20=0xffffffff
      42255.000 ns	      4224	80001140	410bbf93	sltiu	x31,x23,1040	 x23:0xfc0607fb x31=0x00000000
      42275.000 ns	      4226	80001144	e00a1b53	fclass.s	x22,f20	 f20:0x4f000410 x22=0x00000040
      42305.000 ns	      4229	80001148	a13b01d3	fle.s	x3,f22,f19	 f22:0x40a00000 f19:0xffc00000  x3=0x00000000
      42325.000 ns	      4231	8000114c	01ecb9b3	sltu	x19,x25,x30	 x25:0x00018c00 x30:0xec5313c0 x19=0x00000001
      42335.000 ns	      4232	80001150	01a07cb3	and	x25,x0,x26	  x0:0x00000000 x26:0xfffffab7 x25=0x00000000
      42695.000 ns	      4268	80001154	0371f733	remu	x14,x3,x23	  x3:0x00000000 x23:0xfc0607fb x14=0x00000000
      42725.000 ns	      4271	80001158	a1771fd3	flt.s	x31,f14,f23	 f14:0x80000000 f23:0x00000000 x31=0x00000000
      42775.000 ns	      4276	8000115c	0811f453	fsub.s	f8,f3,f1	  f3:0xfffffcf6  f1:0x7fc00000  f8=0x7fc00000
      42805.000 ns	      4279	80001160	03ab9eb3	mulh	x29,x23,x26	 x23:0xfc0607fb x26:0xfffffab7 x29=0x00000015
      42835.000 ns	      4282	80001164	c00cfad3	fcvt.w.s	x21,f25	 f25:0xffc00000 x21=0x7fffffff
      42865.000 ns	      4285	80001168	a0221253	flt.s	x4,f4,f2	  f4:0x4f000410  f2:0x7f800000  x4=0x00000001
      42885.000 ns	      4287	8000116c	009f8533	add	x10,x31,x9	 x31:0x00000000  x9:0x00000000 x10=0x00000000
      42895.000 ns	      4288	80001170	00159993	slli	x19,x11,0x1	 x11:0x00000001 x19=0x00000002
      42905.000 ns	      4289	80001174	f3c9e893	ori	x17,x19,-196	 x19:0x00000001 x17=0xffffff3e
      42925.000 ns	      4291	80001178	e00d0ed3	fmv.x.w	x29,f26	 f26:0x00000000 x29=0x00000000
      42945.000 ns	      4293	8000117c	0173db93	srli	x23,x7,0x17	  x7:0x800416f1 x23=0x00000100
      42965.000 ns	      4295	80001180	d007a9d3	fcvt.s.w	f19,x15	 x15:0x00000000 f19=0x00000000
      42995.000 ns	      4298	80001184	0206ca33	div	x20,x13,x0	 x13:0x00000000  x0:0x00000000 x20=0xffffffff
      43025.000 ns	      4301	80001188	03148cb3	mul	x25,x9,x17	  x9:0x00000000 x17:0xffffff3e x25=0x00000000
      43055.000 ns	      4304	8000118c	e0000b53	fmv.x.w	x22,f0	  f0:0x41800000 x22=0x41800000
      43075.000 ns	      4306	80001190	000f1233	sll	x4,x30,x0	 x30:0xec5313c0  x0:0x00000000  x4=0xec5313c0
      43095.000 ns	      4308	80001194	0356b4b3	mulhu	x9,x13,x21	 x13:0x00000000 x21:0x7fffffff  x9=0x00000000
      43115.000 ns	      4310	80001198	a6804593	xori	x11,x0,-1432	  x0:0x00000000 x11=0xfffffa68
      43135.000 ns	      4312	8000119c	a02a1653	flt.s	x12,f20,f2	 f20:0x4f000410  f2:0x7f800000 x12=0x00000001
      43155.000 ns	      4314	800011a0	00bdb5b3	sltu	x11,x27,x11	 x27:0xffffffff x11:0x00000001 x11=0x00000000
      43185.000 ns	      4317	800011a4	109a0cd3	fmul.s	f25,f20,f9	 f20:0x4f000410  f9:0x7f800000 f25=0x7f800000
      43215.000 ns	      4320	800011a8	029ca4b3	mulhsu	x9,x25,x9	 x25:0x00000000  x9:0x00000000  x9=0x00000000
      43235.000 ns	      4322	800011ac	00c06a33	or	x20,x0,x12	  x0:0x00000000 x12:0x00000001 x20=0x00000001
      43255.000 ns	      4324	800011b0	e0040153	fmv.x.w	x2,f8	  f8:0x7fc00000  x2=0x7fc00000
      43285.000 ns	      4327	800011b4	297291d3	fmax.s	f3,f5,f23	  f5:0x7fc00000 f23:0x00000000  f3=0x00000000
      43315.000 ns	      4330	800011b8	a1d2a153	feq.s	x2,f5,f29	  f5:0x7fc00000 f29:0x00000000  x2=0x00000000
      43335.000 ns	      4332	800011bc	0154cab3	xor	x21,x9,x21	  x9:0x00000000 x21:0x7fffffff x21=0x7fffffff
      43695.000 ns	      4368	800011c0	0357c633	div	x12,x15,x21	 x15:0x00000000 x21:0x7fffffff x12=0x00000000
      43725.000 ns	      4371	800011c4	a11009d3	fle.s	x19,f0,f17	  f0:0x41800000 f17:0x7fc00000 x19=0x00000000
      43755.000 ns	      4374	800011c8	28ab94d3	fmax.s	f9,f23,f10	 f23:0x00000000 f10:0xffc00000  f9=0x00000000
      43775.000 ns	      4376	800011cc	dfef6ab7	lui	x21,0xdfef6	 x21=0xdfef6000
      43785.000 ns	      4377	800011d0	4039dcb3	sra	x25,x19,x3	 x19:0x00000000  x3:0x00000000 x25=0x00000000
      43805.000 ns	      4379	800011d4	0210bdb3	mulhu	x27,x1,x1	  x1:0x00000000  x1:0x00000000 x27=0x00000000
      43835.000 ns	      4382	800011d8	c01574d3	fcvt.wu.s	x9,f10	 f10:0xffc00000  x9=0xffffffff
      43865.000 ns	      4385	800011dc	0217afb3	mulhsu	x31,x15,x1	 x15:0x00000000  x1:0x00000000 x31=0x00000000
      43885.000 ns	      4387	800011e0	01dc7a33	and	x20,x24,x29	 x24:0xffffffff x29:0x00000000 x20=0x00000000
      43905.000 ns	      4389	800011e4	a16c8753	fle.s	x14,f25,f22	 f25:0x7f800000 f22:0x40a00000 x14=0x00000000
      43925.000 ns	      4391	800011e8	01766bb3	or	x23,x12,x23	 x12:0x00000000 x23:0x00000100 x23=0x00000100
      43965.000 ns	      4395	800011ec	00b2f253	fadd.s	f4,f5,f11	  f5:0x7fc00000 f11:0x00000000  f4=0x7fc00000
      44015.000 ns	      4400	800011f0	01fb94d3	fadd.s	f9,f23,f31	 f23:0x00000000 f31:0x4f000410  f9=0x4f000410
      44035.000 ns	      4402	800011f4	00000013	addi	x0,x0,0	  x0:0x00000000
      44045.000 ns	      4403	800011f8	3990aa93	slti	x21,x1,921	  x1:0x00000000 x21=0x00000001
      44065.000 ns	      4405	800011fc	f00180d3	fmv.w.x	f1,x3	  x3:0x00000000  f1=0x00000000
      44085.000 ns	      4407	80001200	52324c13	xori	x24,x4,1315	  x4:0xec5313c0 x24=0xec5316e3
      44115.000 ns	      4410	80001204	104fc253	fmul.s	f4,f31,f4	 f31:0x4f000410  f4:0x7fc00000  f4=0x7fc00000
      44145.000 ns	      4413	80001208	d0157ad3	fcvt.s.wu	f21,x10	 x10:0x00000000 f21=0x00000000
      44165.000 ns	      4415	8000120c	018ba8b3	slt	x17,x23,x24	 x23:0x00000100 x24:0xec5316e3 x17=0x00000000
      44195.000 ns	      4418	80001210	188675d3	fdiv.s	f11,f12,f8	 f12:0x00000001  f8:0x7fc00000 f11=0x7fc00000
      44245.000 ns	      4423	80001214	01ff0f53	fadd.s	f30,f30,f31	 f30:0x7fc00000 f31:0x4f000410 f30=0x7fc00000
      44265.000 ns	      4425	80001218	01045513	srli	x10,x8,0x10	  x8:0x00000000 x10=0x00000000
      44275.000 ns	      4426	8000121c	000cd293	srli	x5,x25,0x0	 x25:0x00000000  x5=0x00000000
      44295.000 ns	      4428	80001220	a1ca2e53	feq.s	x28,f20,f28	 f20:0x4f000410 f28:0x4d880000 x28=0x00000000
      44315.000 ns	      4430	80001224	90637b13	andi	x22,x6,-1786	  x6:0x80041024 x22=0x80041004
      44675.000 ns	      4466	80001228	02906db3	rem	x27,x0,x9	  x0:0x00000000  x9:0xffffffff x27=0x00000000
      44705.000 ns	      4469	8000122c	f0038ad3	fmv.w.x	f21,x7	  x7:0x800416f1 f21=0x800416f1
      45885.000 ns	      4587	80001230	580078d3	fsqrt.s	f17,f0	  f0:0x41800000 f17=0x407fffae
      45915.000 ns	      4590	80001234	c002f453	fcvt.w.s	x8,f5	  f5:0x7fc00000  x8=0x7fffffff
      45945.000 ns	      4593	80001238	218aacd3	fsgnjx.s	f25,f21,f24	 f21:0x800416f1 f24:0x00000000 f25=0x800416f1
      45975.000 ns	      4596	8000123c	28f31ed3	fmax.s	f29,f6,f15	  f6:0x4f800410 f15:0x7fc00000 f29=0x4f800410
      46345.000 ns	      4633	80001240	03266433	rem	x8,x12,x18	 x12:0x00000000 x18:0x80040fe4  x8=0x00000000
      46395.000 ns	      4638	80001244	08b2f3d3	fsub.s	f7,f5,f11	  f5:0x7fc00000 f11:0x7fc00000  f7=0x7fc00000
      46435.000 ns	      4642	80001248	18c7cfd3	fdiv.s	f31,f15,f12	 f15:0x7fc00000 f12:0x00000001 f31=0x7fc00000
      46455.000 ns	      4644	8000124c	01718733	add	x14,x3,x23	  x3:0x00000000 x23:0x00000100 x14=0x00000100
      46465.000 ns	      4645	80001250	01128eb3	add	x29,x5,x17	  x5:0x00000000 x17:0x00000000 x29=0x00000000
      46475.000 ns	      4646	80001254	89130193	addi	x3,x6,-1903	  x6:0x80041024  x3=0x800408b5
      46485.000 ns	      4647	80001258	21b24a17	auipc	x20,0x21b24	 x20=0xa1b25258
      46505.000 ns	      4649	8000125c	c01128d3	fcvt.wu.s	x17,f2	  f2:0x7f800000 x17=0xffffffff
      47685.000 ns	      4767	80001260	5804bf53	fsqrt.s	f30,f9	  f9:0x4f000410 f30=0x46b50a40
      47715.000 ns	      4770	80001264	02652a33	mulhsu	x20,x10,x6	 x10:0x00000000  x6:0x80041024 x20=0x00000000
      47745.000 ns	      4773	80001268	e0028853	fmv.x.w	x16,f5	  f5:0x7fc00000 x16=0x7fc00000
      47775.000 ns	      4776	8000126c	e00594d3	fclass.s	x9,f11	 f11:0x7fc00000  x9=0x00000200
      47795.000 ns	      4778	80001270	2083a513	slti	x10,x7,520	  x7:0x800416f1 x10=0x00000001
      48155.000 ns	      4814	80001274	0248e6b3	rem	x13,x17,x4	 x17:0xffffffff  x4:0xec5313c0 x13=0xffffffff
      48185.000 ns	      4817	80001278	c000f0d3	fcvt.w.s	x1,f1	  f1:0x00000000  x1=0x00000000
      48215.000 ns	      4820	8000127c	02a52533	mulhsu	x10,x10,x10	 x10:0x00000001 x10:0x00000001 x10=0x00000000
      48245.000 ns	      4823	80001280	28ad1553	fmax.s	f10,f26,f10	 f26:0x00000000 f10:0xffc00000 f10=0x00000000
      48265.000 ns	      4825	80001284	0029f033	and	x0,x19,x2	 x19:0x00000000  x2:0x00000000
      48275.000 ns	      4826	80001288	00ea8e33	add	x28,x21,x14	 x21:0x00000001 x14:0x00000100 x28=0x00000101
      48295.000 ns	      4828	8000128c	03390e33	mul	x28,x18,x19	 x18:0x80040fe4 x19:0x00000000 x28=0x00000000
      48325.000 ns	      4831	80001290	216ca453	fsgnjx.s	f8,f25,f22	 f25:0x800416f1 f22:0x40a00000  f8=0x800416f1
      48355.000 ns	      4834	80001294	205d86d3	fsgnj.s	f13,f27,f5	 f27:0x80000000  f5:0x7fc00000 f13=0x00000000
      48395.000 ns	      4838	80001298	58029353	fsqrt.s	f6,f5	  f5:0x7fc00000  f6=0x7fc00000
      48425.000 ns	      4841	8000129c	02830733	mul	x14,x6,x8	  x6:0x80041024  x8:0x00000000 x14=0x00000000
      48445.000 ns	      4843	800012a0	407d85b3	sub	x11,x27,x7	 x27:0x00000000  x7:0x800416f1 x11=0x7ffbe90f
      48465.000 ns	      4845	800012a4	d00d9853	fcvt.s.w	f16,x27	 x27:0x00000000 f16=0x00000000
      48485.000 ns	      4847	800012a8	64a6c013	xori	x0,x13,1610	 x13:0xffffffff
      48495.000 ns	      4848	800012ac	015a1f93	slli	x31,x20,0x15	 x20:0x00000000 x31=0x00000000
      48855.000 ns	      4884	800012b0	02964733	div	x14,x12,x9	 x12:0x00000000  x9:0x00000200 x14=0x00000000
      48885.000 ns	      4887	800012b4	202615d3	fsgnjn.s	f11,f12,f2	 f12:0x00000001  f2:0x7f800000 f11=0x80000001
      48915.000 ns	      4890	800012b8	a13196d3	flt.s	x13,f3,f19	  f3:0x00000000 f19:0x00000000 x13=0x00000000
      48945.000 ns	      4893	800012bc	e00993d3	fclass.s	x7,f19	 f19:0x00000000  x7=0x00000010
      48975.000 ns	      4896	800012c0	29cc92d3	fmax.s	f5,f25,f28	 f25:0x800416f1 f28:0x4d880000  f5=0x4d880000
      48995.000 ns	      4898	800012c4	016f9293	slli	x5,x31,0x16	 x31:0x00000000  x5=0x00000000
      49005.000 ns	      4899	800012c8	00edb5b3	sltu	x11,x27,x14	 x27:0x00000000 x14:0x00000000 x11=0x00000000
      49015.000 ns	      4900	800012cc	00025bb3	srl	x23,x4,x0	  x4:0xec5313c0  x0:0x00000000 x23=0xec5313c0
      49375.000 ns	      4936	800012d0	038c7433	remu	x8,x24,x24	 x24:0xec5316e3 x24:0xec5316e3  x8=0x00000000
      49395.000 ns	      4938	800012d4	a2d1f093	andi	x1,x3,-1491	  x3:0x800408b5  x1=0x80040825
      49405.000 ns	      4939	800012d8	409ddd93	srai	x27,x27,0x9	 x27:0x00000000 x27=0x00000000
      49415.000 ns	      4940	800012dc	002f9233	sll	x4,x31,x2	 x31:0x00000000  x2:0x00000000  x4=0x00000000
      49425.000 ns	      4941	800012e0	ebd52f93	slti	x31,x10,-323	 x10:0x00000000 x31=0x00000000
      49435.000 ns	      4942	800012e4	00a4a6b3	slt	x13,x9,x10	  x9:0x00000200 x10:0x00000000 x13=0x00000000
      49445.000 ns	      4943	800012e8	000e5093	srli	x1,x28,0x0	 x28:0x00000000  x1=0x00000000
      49475.000 ns	      4946	800012ec	58017fd3	fsqrt.s	f31,f2	  f2:0x7f800000 f31=0x7f800000
      49505.000 ns	      4949	800012f0	02c9d833	divu	x16,x19,x12	 x19:0x00000000 x12:0x00000000 x16=0xffffffff
      49525.000 ns	      4951	800012f4	1ab93413	sltiu	x8,x18,427	 x18:0x80040fe4  x8=0x00000000
      49535.000 ns	      4952	800012f8	010f03b3	add	x7,x30,x16	 x30:0xec5313c0 x16:0xffffffff  x7=0xec5313bf
      49545.000 ns	      4953	800012fc	00b4d693	srli	x13,x9,0xb	  x9:0x00000200 x13=0x00000000
      49565.000 ns	      4955	80001300	e0098553	fmv.x.w	x10,f19	 f19:0x00000000 x10=0x00000000
      49935.000 ns	      4992	80001304	0239db33	divu	x22,x19,x3	 x19:0x00000000  x3:0x800408b5 x22=0x00000000
      49965.000 ns	      4995	80001308	20c70ad3	fsgnj.s	f21,f14,f12	 f14:0x80000000 f12:0x00000001 f21=0x00000000
      49985.000 ns	      4997	8000130c	0195beb3	sltu	x29,x11,x25	 x11:0x00000000 x25:0x00000000 x29=0x00000000
      50015.000 ns	      5000	80001310	11ba9fd3	fmul.s	f31,f21,f27	 f21:0x00000000 f27:0x80000000 f31=0x80000000
      50045.000 ns	      5003	80001314	29628c53	fmin.s	f24,f5,f22	  f5:0x4d880000 f22:0x40a00000 f24=0x40a00000
      50065.000 ns	      5005	80001318	00fe87b3	add	x15,x29,x15	 x29:0x00000000 x15:0x00000000 x15=0x00000000
      50085.000 ns	      5007	8000131c	a0f89653	flt.s	x12,f17,f15	 f17:0x407fffae f15:0x7fc00000 x12=0x00000000
      50105.000 ns	      5009	80001320	de465497	auipc	x9,0xde465	  x9=0x5e466320
      50115.000 ns	      5010	80001324	002c78b3	and	x17,x24,x2	 x24:0xec5316e3  x2:0x00000000 x17=0x00000000
      50125.000 ns	      5011	80001328	51367113	andi	x2,x12,1299	 x12:0x00000000  x2=0x00000000
      50145.000 ns	      5013	8000132c	03703533	mulhu	x10,x0,x23	  x0:0x00000000 x23:0xec5313c0 x10=0x00000000
      50175.000 ns	      5016	80001330	a0070cd3	fle.s	x25,f14,f0	 f14:0x80000000  f0:0x41800000 x25=0x00000001
      50205.000 ns	      5019	80001334	c009c7d3	fcvt.w.s	x15,f19	 f19:0x00000000 x15=0x00000000
      50235.000 ns	      5022	80001338	c00a7ed3	fcvt.w.s	x29,f20	 f20:0x4f000410 x29=0x7fffffff
      50255.000 ns	      5024	8000133c	01ee53b3	srl	x7,x28,x30	 x28:0x00000000 x30:0xec5313c0  x7=0x00000000
      50265.000 ns	      5025	80001340	00000013	addi	x0,x0,0	  x0:0x00000000
      50275.000 ns	      5026	80001344	01878233	add	x4,x15,x24	 x15:0x00000000 x24:0xec5316e3  x4=0xec5316e3
      50295.000 ns	      5028	80001348	e00283d3	fmv.x.w	x7,f5	  f5:0x4d880000  x7=0x4d880000
      50325.000 ns	      5031	8000134c	e0008ad3	fmv.x.w	x21,f1	  f1:0x00000000 x21=0x00000000
      50355.000 ns	      5034	80001350	a0fd0b53	fle.s	x22,f26,f15	 f26:0x00000000 f15:0x7fc00000 x22=0x00000000
      50385.000 ns	      5037	80001354	285e8053	fmin.s	f0,f29,f5	 f29:0x4f800410  f5:0x4d880000  f0=0x4d880000
      50405.000 ns	      5039	80001358	00aa41b3	xor	x3,x20,x10	 x20:0x00000000 x10:0x00000000  x3=0x00000000
      50425.000 ns	      5041	8000135c	02e18c33	mul	x24,x3,x14	  x3:0x800408b5 x14:0x00000000 x24=0x00000000
      50445.000 ns	      5043	80001360	00000013	addi	x0,x0,0	  x0:0x00000000
      50465.000 ns	      5045	80001364	21faacd3	fsgnjx.s	f25,f21,f31	 f21:0x00000000 f31:0x80000000 f25=0x80000000
      50495.000 ns	      5048	80001368	21fb1c53	fsgnjn.s	f24,f22,f31	 f22:0x40a00000 f31:0x80000000 f24=0x40a00000
      50525.000 ns	      5051	8000136c	c00624d3	fcvt.w.s	x9,f12	 f12:0x00000001  x9=0x00000000
      50555.000 ns	      5054	80001370	c00db053	fcvt.w.s	x0,f27	 f27:0x80000000
      50575.000 ns	      5056	80001374	00de1893	slli	x17,x28,0xd	 x28:0x00000000 x17=0x00000000
      50585.000 ns	      5057	80001378	e255c713	xori	x14,x11,-475	 x11:0x00000000 x14=0xfffffe25
      50595.000 ns	      5058	8000137c	00000013	addi	x0,x0,0	  x0:0x00000000
      50615.000 ns	      5060	80001380	03ac3d33	mulhu	x26,x24,x26	 x24:0x00000000 x26:0xfffffab7 x26=0x00000000
      50645.000 ns	      5063	80001384	e0099853	fclass.s	x16,f19	 f19:0x00000000 x16=0x00000010
      51015.000 ns	      5100	80001388	032f5833	divu	x16,x30,x18	 x30:0xec5313c0 x18:0x80040fe4 x16=0x00000001
      51035.000 ns	      5102	8000138c	00d2aab3	slt	x21,x5,x13	  x5:0x00000000 x13:0x00000000 x21=0x00000000
      51055.000 ns	      5104	80001390	a1f0afd3	feq.s	x31,f1,f31	  f1:0x00000000 f31:0x80000000 x31=0x00000001
      51075.000 ns	      5106	80001394	dbe7e293	ori	x5,x15,-578	 x15:0x00000000  x5=0xfffffdbe
      51095.000 ns	      5108	80001398	d00b0053	fcvt.s.w	f0,x22	 x22:0x00000000  f0=0x00000000
      51115.000 ns	      5110	8000139c	0014ddb3	srl	x27,x9,x1	  x9:0x00000000  x1:0x00000000 x27=0x00000000
      51125.000 ns	      5111	800013a0	003f1e13	slli	x28,x30,0x3	 x30:0xec5313c0 x28=0x62989e00
      51135.000 ns	      5112	800013a4	01dbc633	xor	x12,x23,x29	 x23:0xec5313c0 x29:0x7fffffff x12=0x93acec3f
      51145.000 ns	      5113	800013a8	79a4f7b7	lui	x15,0x79a4f	 x15=0x79a4f000
      51155.000 ns	      5114	800013ac	018e9c33	sll	x24,x29,x24	 x29:0x7fffffff x24:0x00000000 x24=0x7fffffff
      51165.000 ns	      5115	800013b0	62184c93	xori	x25,x16,1569	 x16:0x00000001 x25=0x00000620
      51185.000 ns	      5117	800013b4	a0f68553	fle.s	x10,f13,f15	 f13:0x00000000 f15:0x7fc00000 x10=0x00000000
      51205.000 ns	      5119	800013b8	41d9d493	srai	x9,x19,0x1d	 x19:0x00000000  x9=0x00000000
      51215.000 ns	      5120	800013bc	01fd8133	add	x2,x27,x31	 x27:0x00000000 x31:0x00000001  x2=0x00000001
      51235.000 ns	      5122	800013c0	a06dab53	feq.s	x22,f27,f6	 f27:0x80000000  f6:0x7fc00000 x22=0x00000000
      51265.000 ns	      5125	800013c4	e00182d3	fmv.x.w	x5,f3	  f3:0x00000000  x5=0x00000000
      51295.000 ns	      5128	800013c8	c01cf853	fcvt.wu.s	x16,f25	 f25:0x80000000 x16=0x00000000
      51315.000 ns	      5130	800013cc	81e38413	addi	x8,x7,-2018	  x7:0x4d880000  x8=0x4d87f81e
      51325.000 ns	      5131	800013d0	7d054993	xori	x19,x10,2000	 x10:0x00000000 x19=0x000007d0
      51335.000 ns	      5132	800013d4	004fc733	xor	x14,x31,x4	 x31:0x00000001  x4:0xec5316e3 x14=0xec5316e2
      51345.000 ns	      5133	800013d8	382ccd13	xori	x26,x25,898	 x25:0x00000620 x26=0x000005a2
      51375.000 ns	      5136	800013dc	11d3f4d3	fmul.s	f9,f7,f29	  f7:0x7fc00000 f29:0x4f800410  f9=0x7fc00000
      51425.000 ns	      5141	800013e0	00127f53	fadd.s	f30,f4,f1	  f4:0x7fc00000  f1:0x00000000 f30=0x7fc00000
      51455.000 ns	      5144	800013e4	d00ff853	fcvt.s.w	f16,x31	 x31:0x00000001 f16=0x3f800000
      51485.000 ns	      5147	800013e8	f00c06d3	fmv.w.x	f13,x24	 x24:0x7fffffff f13=0x7fffffff
      51515.000 ns	      5150	800013ec	e00f0c53	fmv.x.w	x24,f30	 f30:0x7fc00000 x24=0x7fc00000
      51535.000 ns	      5152	800013f0	001b1693	slli	x13,x22,0x1	 x22:0x00000000 x13=0x00000000
      51545.000 ns	      5153	800013f4	000837b3	sltu	x15,x16,x0	 x16:0x00000000  x0:0x00000000 x15=0x00000000
      51565.000 ns	      5155	800013f8	211683d3	fsgnj.s	f7,f13,f17	 f13:0x7fffffff f17:0x407fffae  f7=0x7fffffff
      51585.000 ns	      5157	800013fc	01016637	lui	x12,0x1016	 x12=0x01016000
      51605.000 ns	      5159	80001400	29f590d3	fmax.s	f1,f11,f31	 f11:0x80000001 f31:0x80000000  f1=0x80000000
      51625.000 ns	      5161	80001404	01f51cb3	sll	x25,x10,x31	 x10:0x00000000 x31:0x00000001 x25=0x00000000
      51655.000 ns	      5164	80001408	58072dd3	fsqrt.s	f27,f14	 f14:0x80000000 f27=0x80000000
      51685.000 ns	      5167	8000140c	0355eeb3	rem	x29,x11,x21	 x11:0x00000000 x21:0x00000000 x29=0x00000000
      51705.000 ns	      5169	80001410	00250fb3	add	x31,x10,x2	 x10:0x00000000  x2:0x00000001 x31=0x00000001
      51715.000 ns	      5170	80001414	1646cc13	xori	x24,x13,356	 x13:0x00000000 x24=0x00000164
      51725.000 ns	      5171	80001418	016a1693	slli	x13,x20,0x16	 x20:0x00000000 x13=0x00000000
      51735.000 ns	      5172	8000141c	41180fb3	sub	x31,x16,x17	 x16:0x00000000 x17:0x00000000 x31=0x00000000
      51745.000 ns	      5173	80001420	007bc7b3	xor	x15,x23,x7	 x23:0xec5313c0  x7:0x4d880000 x15=0xa1db13c0
      51755.000 ns	      5174	80001424	a5922113	slti	x2,x4,-1447	  x4:0xec5316e3  x2=0x00000001
      51775.000 ns	      5176	80001428	d0130fd3	fcvt.s.wu	f31,x6	  x6:0x80041024 f31=0x4f000410
      51795.000 ns	      5178	8000142c	01c0d3b3	srl	x7,x1,x28	  x1:0x00000000 x28:0x62989e00  x7=0x00000000
      51835.000 ns	      5182	80001430	00bd47d3	fadd.s	f15,f26,f11	 f26:0x00000000 f11:0x80000001 f15=0x80000001
      51875.000 ns	      5186	80001434	18a17dd3	fdiv.s	f27,f2,f10	  f2:0x7f800000 f10:0x00000000 f27=0x7f800000
      51905.000 ns	      5189	80001438	291e8c53	fmin.s	f24,f29,f17	 f29:0x4f800410 f17:0x407fffae f24=0x407fffae
      51925.000 ns	      5191	8000143c	0016f133	and	x2,x13,x1	 x13:0x00000000  x1:0x00000000  x2=0x00000000
      51935.000 ns	      5192	80001440	4d5b0693	addi	x13,x22,1237	 x22:0x00000000 x13=0x000004d5
      51965.000 ns	      5195	80001444	19e3fd53	fdiv.s	f26,f7,f30	  f7:0x7fffffff f30:0x7fc00000 f26=0x7fc00000
      51995.000 ns	      5198	80001448	a11594d3	flt.s	x9,f11,f17	 f11:0x80000001 f17:0x407fffae  x9=0x00000001
      52015.000 ns	      5200	8000144c	00caa0b3	slt	x1,x21,x12	 x21:0x00000000 x12:0x01016000  x1=0x00000001
      52025.000 ns	      5201	80001450	0044b8b3	sltu	x17,x9,x4	  x9:0x00000001  x4:0xec5316e3 x17=0x00000001
      52035.000 ns	      5202	80001454	a0c7f393	andi	x7,x15,-1524	 x15:0xa1db13c0  x7=0xa1db1200
      52065.000 ns	      5205	80001458	5800f7d3	fsqrt.s	f15,f1	  f1:0x80000000 f15=0x80000000
      52085.000 ns	      5207	8000145c	c534ee13	ori	x28,x9,-941	  x9:0x00000001 x28=0xfffffc53
      52105.000 ns	      5209	80001460	a1762cd3	feq.s	x25,f12,f23	 f12:0x00000001 f23:0x00000000 x25=0x00000000
      52135.000 ns	      5212	80001464	026280b3	mul	x1,x5,x6	  x5:0x00000000  x6:0x80041024  x1=0x00000000
      52165.000 ns	      5215	80001468	c00af3d3	fcvt.w.s	x7,f21	 f21:0x00000000  x7=0x00000000
      52195.000 ns	      5218	8000146c	c01b99d3	fcvt.wu.s	x19,f23	 f23:0x00000000 x19=0x00000000
      52215.000 ns	      5220	80001470	00c89993	slli	x19,x17,0xc	 x17:0x00000001 x19=0x00001000
      52225.000 ns	      5221	80001474	f2b0f393	andi	x7,x1,-213	  x1:0x00000000  x7=0x00000000
      52245.000 ns	      5223	80001478	e00995d3	fclass.s	x11,f19	 f19:0x00000000 x11=0x00000010
      52265.000 ns	      5225	8000147c	0084b5b3	sltu	x11,x9,x8	  x9:0x00000001  x8:0x4d87f81e x11=0x00000001
      52275.000 ns	      5226	80001480	979a0713	addi	x14,x20,-1671	 x20:0x00000000 x14=0xfffff979
      52285.000 ns	      5227	80001484	41d2d693	srai	x13,x5,0x1d	  x5:0x00000000 x13=0x00000000
      52295.000 ns	      5228	80001488	419e85b3	sub	x11,x29,x25	 x29:0x00000000 x25:0x00000000 x11=0x00000000
      52305.000 ns	      5229	8000148c	418e58b3	sra	x17,x28,x24	 x28:0xfffffc53 x24:0x00000164 x17=0xffffffc5
      52335.000 ns	      5232	80001490	1093fad3	fmul.s	f21,f7,f9	  f7:0x7fffffff  f9:0x7fc00000 f21=0x7fc00000
      52365.000 ns	      5235	80001494	d014f453	fcvt.s.wu	f8,x9	  x9:0x00000001  f8=0x3f800000
      52395.000 ns	      5238	80001498	f0098a53	fmv.w.x	f20,x19	 x19:0x00001000 f20=0x00001000
      52425.000 ns	      5241	8000149c	030e9033	mulh	x0,x29,x16	 x29:0x00000000 x16:0x00000000
      52445.000 ns	      5243	800014a0	413485b3	sub	x11,x9,x19	  x9:0x00000001 x19:0x00001000 x11=0xfffff001
      52475.000 ns	      5246	800014a4	1183f353	fmul.s	f6,f7,f24	  f7:0x7fffffff f24:0x407fffae  f6=0x7fc00000
      52505.000 ns	      5249	800014a8	29f90dd3	fmin.s	f27,f18,f31	 f18:0x7fc00000 f31:0x4f000410 f27=0x4f000410
      52535.000 ns	      5252	800014ac	29bc9553	fmax.s	f10,f25,f27	 f25:0x80000000 f27:0x7f800000 f10=0x4f000410
      52555.000 ns	      5254	800014b0	00ab7233	and	x4,x22,x10	 x22:0x00000000 x10:0x00000000  x4=0x00000000
      52575.000 ns	      5256	800014b4	20bc96d3	fsgnjn.s	f13,f25,f11	 f25:0x80000000 f11:0x80000001 f13=0x00000000
      52605.000 ns	      5259	800014b8	a0d402d3	fle.s	x5,f8,f13	  f8:0x3f800000 f13:0x7fffffff  x5=0x00000000
      52625.000 ns	      5261	800014bc	01c7ae33	slt	x28,x15,x28	 x15:0xa1db13c0 x28:0xfffffc53 x28=0x00000001
      52985.000 ns	      5297	800014c0	03ade1b3	rem	x3,x27,x26	 x27:0x00000000 x26:0x000005a2  x3=0x00000000
      53015.000 ns	      5300	800014c4	035808b3	mul	x17,x16,x21	 x16:0x00000000 x21:0x00000000 x17=0x00000000
      53045.000 ns	      5303	800014c8	02a31a33	mulh	x20,x6,x10	  x6:0x80041024 x10:0x00000000 x20=0x00000000
      53075.000 ns	      5306	800014cc	0242d2b3	divu	x5,x5,x4	  x5:0x00000000  x4:0x00000000  x5=0xffffffff
      53105.000 ns	      5309	800014d0	28be9ad3	fmax.s	f21,f29,f11	 f29:0x4f800410 f11:0x80000001 f21=0x4f800410
      53135.000 ns	      5312	800014d4	a09f9e53	flt.s	x28,f31,f9	 f31:0x4f000410  f9:0x7fc00000 x28=0x00000000
      53165.000 ns	      5315	800014d8	f00d05d3	fmv.w.x	f11,x26	 x26:0x000005a2 f11=0x000005a2
      53215.000 ns	      5320	800014dc	09c5bc53	fsub.s	f24,f11,f28	 f11:0x80000001 f28:0x4d880000 f24=0xcd880000
      53245.000 ns	      5323	800014e0	03e6bd33	mulhu	x26,x13,x30	 x13:0x00000000 x30:0xec5313c0 x26=0x00000000
      53275.000 ns	      5326	800014e4	a13c0053	fle.s	x0,f24,f19	 f24:0xcd880000 f19:0x00000000
      53305.000 ns	      5329	800014e8	218423d3	fsgnjx.s	f7,f8,f24	  f8:0x3f800000 f24:0xcd880000  f7=0xbf800000
      53325.000 ns	      5331	800014ec	341f4417	auipc	x8,0x341f4	  x8=0xb41f54ec
      53335.000 ns	      5332	800014f0	e3da8e93	addi	x29,x21,-451	 x21:0x00000000 x29=0xfffffe3d
      53345.000 ns	      5333	800014f4	00efdb93	srli	x23,x31,0xe	 x31:0x00000000 x23=0x00000000
      53365.000 ns	      5335	800014f8	a14522d3	feq.s	x5,f10,f20	 f10:0x4f000410 f20:0x00001000  x5=0x00000000
      53405.000 ns	      5339	800014fc	18ec9c53	fdiv.s	f24,f25,f14	 f25:0x80000000 f14:0x80000000 f24=0x7fc00000
      53435.000 ns	      5342	80001500	02373833	mulhu	x16,x14,x3	 x14:0xfffff979  x3:0x00000000 x16=0x00000000
      53455.000 ns	      5344	80001504	aadd8c13	addi	x24,x27,-1363	 x27:0x00000000 x24=0xfffffaad
      53475.000 ns	      5346	80001508	d0122253	fcvt.s.wu	f4,x4	  x4:0x00000000  f4=0x00000000
      53525.000 ns	      5351	8000150c	09b3f053	fsub.s	f0,f7,f27	  f7:0xbf800000 f27:0x4f000410  f0=0xcf000410
      53545.000 ns	      5353	80001510	01eb7833	and	x16,x22,x30	 x22:0x00000000 x30:0xec5313c0 x16=0x00000000
      53555.000 ns	      5354	80001514	017cacb3	slt	x25,x25,x23	 x25:0x00000000 x23:0x00000000 x25=0x00000000
      53575.000 ns	      5356	80001518	c01e9ed3	fcvt.wu.s	x29,f29	 f29:0x4f800410 x29=0xffffffff
      53595.000 ns	      5358	8000151c	010a9c13	slli	x24,x21,0x10	 x21:0x00000000 x24=0x00000000
      53605.000 ns	      5359	80001520	015cd893	srli	x17,x25,0x15	 x25:0x00000000 x17=0x00000000
      53625.000 ns	      5361	80001524	a0cb2753	feq.s	x14,f22,f12	 f22:0x40a00000 f12:0x00000001 x14=0x00000000
      53655.000 ns	      5364	80001528	02e0cab3	div	x21,x1,x14	  x1:0x00000000 x14:0xfffff979 x21=0xffffffff
      53685.000 ns	      5367	8000152c	02538fb3	mul	x31,x7,x5	  x7:0x00000000  x5:0x00000000 x31=0x00000000
      53715.000 ns	      5370	80001530	a039aed3	feq.s	x29,f19,f3	 f19:0x00000000  f3:0x00000000 x29=0x00000001
      53735.000 ns	      5372	80001534	01119033	sll	x0,x3,x17	  x3:0x00000000 x17:0x00000000
      53755.000 ns	      5374	80001538	02fda533	mulhsu	x10,x27,x15	 x27:0x00000000 x15:0xa1db13c0 x10=0x00000000
      53785.000 ns	      5377	8000153c	215ba953	fsgnjx.s	f18,f23,f21	 f23:0x00000000 f21:0x4f800410 f18=0x00000000
      53805.000 ns	      5379	80001540	01663133	sltu	x2,x12,x22	 x12:0x01016000 x22:0x00000000  x2=0x00000000
      53815.000 ns	      5380	80001544	00c75d93	srli	x27,x14,0xc	 x14:0x00000000 x27=0x00000000
      53855.000 ns	      5384	80001548	01e2fd53	fadd.s	f26,f5,f30	  f5:0x4d880000 f30:0x7fc00000 f26=0x7fc00000
      53885.000 ns	      5387	8000154c	c01fffd3	fcvt.wu.s	x31,f31	 f31:0x4f000410 x31=0x80041000
      53915.000 ns	      5390	80001550	03ceea33	rem	x20,x29,x28	 x29:0x00000001 x28:0x00000000 x20=0x00000001
      53935.000 ns	      5392	80001554	db1ea613	slti	x12,x29,-591	 x29:0x00000001 x12=0x00000000
      53945.000 ns	      5393	80001558	ccfd0413	addi	x8,x26,-817	 x26:0x00000000  x8=0xfffffccf
      53955.000 ns	      5394	8000155c	0170db13	srli	x22,x1,0x17	  x1:0x00000000 x22=0x00000000
      53995.000 ns	      5398	80001560	09de73d3	fsub.s	f7,f28,f29	 f28:0x4d880000 f29:0x4f800410  f7=0xcf6f0820
      54015.000 ns	      5400	80001564	00876ab3	or	x21,x14,x8	 x14:0x00000000  x8:0xfffffccf x21=0xfffffccf
      54025.000 ns	      5401	80001568	40cd5e93	srai	x29,x26,0xc	 x26:0x00000000 x29=0x00000000
      54035.000 ns	      5402	8000156c	144a4d93	xori	x27,x20,324	 x20:0x00000001 x27=0x00000145
      54045.000 ns	      5403	80001570	0101c033	xor	x0,x3,x16	  x3:0x00000000 x16:0x00000000
      54055.000 ns	      5404	80001574	00287eb3	and	x29,x16,x2	 x16:0x00000000  x2:0x00000000 x29=0x00000000
      54065.000 ns	      5405	80001578	006e1fb3	sll	x31,x28,x6	 x28:0x00000000  x6:0x80041024 x31=0x00000000
      54425.000 ns	      5441	8000157c	02b3dbb3	divu	x23,x7,x11	  x7:0x00000000 x11:0xfffff001 x23=0x00000000
      54455.000 ns	      5444	80001580	a01593d3	flt.s	x7,f11,f1	 f11:0x000005a2  f1:0x80000000  x7=0x00000000
      54475.000 ns	      5446	80001584	e40d6893	ori	x17,x26,-448	 x26:0x00000000 x17=0xfffffe40
      54495.000 ns	      5448	80001588	e0029753	fclass.s	x14,f5	  f5:0x4d880000 x14=0x00000040
      54525.000 ns	      5451	8000158c	e00d0753	fmv.x.w	x14,f26	 f26:0x7fc00000 x14=0x7fc00000
      54555.000 ns	      5454	80001590	a0d7a053	feq.s	x0,f15,f13	 f15:0x80000000 f13:0x00000000
      54575.000 ns	      5456	80001594	41615e33	sra	x28,x2,x22	  x2:0x00000000 x22:0x00000000 x28=0x00000000
      54595.000 ns	      5458	80001598	c012b2d3	fcvt.wu.s	x5,f5	  f5:0x4d880000  x5=0x11000000
      54625.000 ns	      5461	8000159c	20742bd3	fsgnjx.s	f23,f8,f7	  f8:0x3f800000  f7:0xcf6f0820 f23=0xbf800000
      54655.000 ns	      5464	800015a0	c00d3053	fcvt.w.s	x0,f26	 f26:0x7fc00000
      54685.000 ns	      5467	800015a4	299f1353	fmax.s	f6,f30,f25	 f30:0x7fc00000 f25:0x80000000  f6=0x80000000
      54715.000 ns	      5470	800015a8	d01a1853	fcvt.s.wu	f16,x20	 x20:0x00000001 f16=0x3f800000
      54735.000 ns	      5472	800015ac	00596d33	or	x26,x18,x5	 x18:0x80040fe4  x5:0x11000000 x26=0x91040fe4
      55095.000 ns	      5508	800015b0	029c46b3	div	x13,x24,x9	 x24:0x00000000  x9:0x00000001 x13=0x00000000
      55125.000 ns	      5511	800015b4	a0ac8a53	fle.s	x20,f25,f10	 f25:0x80000000 f10:0x4f000410 x20=0x00000001
      55155.000 ns	      5514	800015b8	a1b19553	flt.s	x10,f3,f27	  f3:0x00000000 f27:0x4f000410 x10=0x00000001
      55185.000 ns	      5517	800015bc	0362d733	divu	x14,x5,x22	  x5:0x11000000 x22:0x00000000 x14=0xffffffff
      55205.000 ns	      5519	800015c0	deccae17	auipc	x28,0xdecca	 x28=0x5eccb5c0
      55245.000 ns	      5523	800015c4	006d2ed3	fadd.s	f29,f26,f6	 f26:0x7fc00000  f6:0x80000000 f29=0x7fc00000
      55275.000 ns	      5526	800015c8	03411a33	mulh	x20,x2,x20	  x2:0x00000000 x20:0x00000001 x20=0x00000000
      55295.000 ns	      5528	800015cc	c93d2eb7	lui	x29,0xc93d2	 x29=0xc93d2000
      55305.000 ns	      5529	800015d0	0e0fc813	xori	x16,x31,224	 x31:0x00000000 x16=0x000000e0
      55325.000 ns	      5531	800015d4	e00f83d3	fmv.x.w	x7,f31	 f31:0x4f000410  x7=0x4f000410
      55355.000 ns	      5534	800015d8	20819ad3	fsgnjn.s	f21,f3,f8	  f3:0x00000000  f8:0x3f800000 f21=0x80000000
      55375.000 ns	      5536	800015dc	009acb33	xor	x22,x21,x9	 x21:0xfffffccf  x9:0x00000001 x22=0xfffffcce
      55395.000 ns	      5538	800015e0	f0000153	fmv.w.x	f2,x0	  x0:0x00000000  f2=0x00000000
      55445.000 ns	      5543	800015e4	09b54d53	fsub.s	f26,f10,f27	 f10:0x4f000410 f27:0x4f000410 f26=0x80000000
      55495.000 ns	      5548	800015e8	012bf353	fadd.s	f6,f23,f18	 f23:0xbf800000 f18:0x00000000  f6=0xbf800000
      55525.000 ns	      5551	800015ec	03b909b3	mul	x19,x18,x27	 x18:0x80040fe4 x27:0x00000145 x19=0x85282c74
      55555.000 ns	      5554	800015f0	e00d0cd3	fmv.x.w	x25,f26	 f26:0x80000000 x25=0x80000000
      55925.000 ns	      5591	800015f4	03ca7133	remu	x2,x20,x28	 x20:0x00000000 x28:0x5eccb5c0  x2=0x00000000
      55945.000 ns	      5593	800015f8	00cb2833	slt	x16,x22,x12	 x22:0xfffffcce x12:0x00000000 x16=0x00000001
      55965.000 ns	      5595	800015fc	e0098ed3	fmv.x.w	x29,f19	 f19:0x00000000 x29=0x00000000
      55995.000 ns	      5598	80001600	023ab433	mulhu	x8,x21,x3	 x21:0xfffffccf  x3:0x00000000  x8=0x00000000
      56015.000 ns	      5600	80001604	ba7e8d13	addi	x26,x29,-1113	 x29:0x00000000 x26=0xfffffba7
      56025.000 ns	      5601	80001608	00ba23b3	slt	x7,x20,x11	 x20:0x00000000 x11:0xfffff001  x7=0x00000000
      56035.000 ns	      5602	8000160c	0082f033	and	x0,x5,x8	  x5:0x11000000  x8:0x00000000
      56045.000 ns	      5603	80001610	01cb5a13	srli	x20,x22,0x1c	 x22:0xfffffcce x20=0x0000000f
      56055.000 ns	      5604	80001614	85fc8593	addi	x11,x25,-1953	 x25:0x80000000 x11=0x7ffff85f
      56065.000 ns	      5605	80001618	c7f42893	slti	x17,x8,-897	  x8:0x00000000 x17=0x00000000
      56075.000 ns	      5606	8000161c	011e77b3	and	x15,x28,x17	 x28:0x5eccb5c0 x17:0xfffffe40 x15=0x00000000
      56095.000 ns	      5608	80001620	21dba453	fsgnjx.s	f8,f23,f29	 f23:0xbf800000 f29:0x7fc00000  f8=0xbf800000
      56115.000 ns	      5610	80001624	b01aacb7	lui	x25,0xb01aa	 x25=0xb01aa000
      56125.000 ns	      5611	80001628	0112ca33	xor	x20,x5,x17	  x5:0x11000000 x17:0x00000000 x20=0x11000000
      56145.000 ns	      5613	8000162c	0378a6b3	mulhsu	x13,x17,x23	 x17:0x00000000 x23:0x00000000 x13=0x00000000
      56175.000 ns	      5616	80001630	a1c119d3	flt.s	x19,f2,f28	  f2:0x00000000 f28:0x4d880000 x19=0x00000001
      56195.000 ns	      5618	80001634	997beb13	ori	x22,x23,-1641	 x23:0x00000000 x22=0xfffff997
      56205.000 ns	      5619	80001638	00da99b3	sll	x19,x21,x13	 x21:0xfffffccf x13:0x00000000 x19=0xfffffccf
      56225.000 ns	      5621	8000163c	02a38633	mul	x12,x7,x10	  x7:0x00000000 x10:0x00000001 x12=0x00000000
      56255.000 ns	      5624	80001640	c01b1553	fcvt.wu.s	x10,f22	 f22:0x40a00000 x10=0x00000005
      56275.000 ns	      5626	80001644	4cbcfcb7	lui	x25,0x4cbcf	 x25=0x4cbcf000
      56285.000 ns	      5627	80001648	00000013	addi	x0,x0,0	  x0:0x00000000
      56315.000 ns	      5630	8000164c	10b44f53	fmul.s	f30,f8,f11	  f8:0xbf800000 f11:0x000005a2 f30=0x800005a2
      56345.000 ns	      5633	80001650	20c209d3	fsgnj.s	f19,f4,f12	  f4:0x00000000 f12:0x00000001 f19=0x00000000
      56375.000 ns	      5636	80001654	035a0eb3	mul	x29,x20,x21	 x20:0x11000000 x21:0xfffffccf x29=0xbf000000
      56395.000 ns	      5638	80001658	012db9b3	sltu	x19,x27,x18	 x27:0x00000145 x18:0x80040fe4 x19=0x00000001
      56415.000 ns	      5640	8000165c	a0f290d3	flt.s	x1,f5,f15	  f5:0x4d880000 f15:0x80000000  x1=0x00000000
      56435.000 ns	      5642	80001660	40038b33	sub	x22,x7,x0	  x7:0x00000000  x0:0x00000000 x22=0x00000000
      56445.000 ns	      5643	80001664	0163d633	srl	x12,x7,x22	  x7:0x00000000 x22:0xfffff997 x12=0x00000000
      56455.000 ns	      5644	80001668	40fb1bb7	lui	x23,0x40fb1	 x23=0x40fb1000
      56465.000 ns	      5645	8000166c	00a7dd93	srli	x27,x15,0xa	 x15:0x00000000 x27=0x00000000
      56475.000 ns	      5646	80001670	67463a13	sltiu	x20,x12,1652	 x12:0x00000000 x20=0x00000001
      56495.000 ns	      5648	80001674	a07b93d3	flt.s	x7,f23,f7	 f23:0xbf800000  f7:0xcf6f0820  x7=0x00000000
      56515.000 ns	      5650	80001678	40d48533	sub	x10,x9,x13	  x9:0x00000001 x13:0x00000000 x10=0x00000001
      56535.000 ns	      5652	8000167c	e00480d3	fmv.x.w	x1,f9	  f9:0x7fc00000  x1=0x7fc00000
      56905.000 ns	      5689	80001680	03225eb3	divu	x29,x4,x18	  x4:0x00000000 x18:0x80040fe4 x29=0x00000000
      56935.000 ns	      5692	80001684	21a095d3	fsgnjn.s	f11,f1,f26	  f1:0x80000000 f26:0x80000000 f11=0x00000000
      56955.000 ns	      5694	80001688	01c44c33	xor	x24,x8,x28	  x8:0x00000000 x28:0x5eccb5c0 x24=0x5eccb5c0
      56975.000 ns	      5696	8000168c	02b133b3	mulhu	x7,x2,x11	  x2:0x00000000 x11:0x7ffff85f  x7=0x00000000
      57005.000 ns	      5699	80001690	03582733	mulhsu	x14,x16,x21	 x16:0x00000001 x21:0xfffffccf x14=0x00000000
      57025.000 ns	      5701	80001694	009d85b3	add	x11,x27,x9	 x27:0x00000000  x9:0x00000001 x11=0x00000001
      57035.000 ns	      5702	80001698	407c8eb3	sub	x29,x25,x7	 x25:0x4cbcf000  x7:0x00000000 x29=0x4cbcf000
      57045.000 ns	      5703	8000169c	00000013	addi	x0,x0,0	  x0:0x00000000
      57055.000 ns	      5704	800016a0	b1312513	slti	x10,x2,-1261	  x2:0x00000000 x10=0x00000000
      57065.000 ns	      5705	800016a4	00000013	addi	x0,x0,0	  x0:0x00000000
      57075.000 ns	      5706	800016a8	00e1f8b3	and	x17,x3,x14	  x3:0x00000000 x14:0x00000000 x17=0x00000000
      57095.000 ns	      5708	800016ac	20388ad3	fsgnj.s	f21,f17,f3	 f17:0x407fffae  f3:0x00000000 f21=0x407fffae
      57115.000 ns	      5710	800016b0	416c0bb3	sub	x23,x24,x22	 x24:0x5eccb5c0 x22:0x00000000 x23=0x5eccb5c0
      57145.000 ns	      5713	800016b4	1092f853	fmul.s	f16,f5,f9	  f5:0x4d880000  f9:0x7fc00000 f16=0x7fc00000
      57195.000 ns	      5718	800016b8	09c2f753	fsub.s	f14,f5,f28	  f5:0x4d880000 f28:0x4d880000 f14=0x80000000
      57225.000 ns	      5721	800016bc	025d92b3	mulh	x5,x27,x5	 x27:0x00000000  x5:0x11000000  x5=0x00000000
      57245.000 ns	      5723	800016c0	0088a0b3	slt	x1,x17,x8	 x17:0x00000000  x8:0x00000000  x1=0x00000000
      57265.000 ns	      5725	800016c4	20040d53	fsgnj.s	f26,f8,f0	  f8:0xbf800000  f0:0xcf000410 f26=0xbf800000
      57295.000 ns	      5728	800016c8	02164133	div	x2,x12,x1	 x12:0x00000000  x1:0x7fc00000  x2=0xffffffff
      57315.000 ns	      5730	800016cc	0127bb33	sltu	x22,x15,x18	 x15:0x00000000 x18:0x80040fe4 x22=0x00000001
      57325.000 ns	      5731	800016d0	0044d693	srli	x13,x9,0x4	  x9:0x00000001 x13=0x00000000
      57345.000 ns	      5733	800016d4	e00802d3	fmv.x.w	x5,f16	 f16:0x7fc00000  x5=0x7fc00000
      57365.000 ns	      5735	800016d8	c9613013	sltiu	x0,x2,-874	  x2:0xffffffff
      57375.000 ns	      5736	800016dc	01ac7433	and	x8,x24,x26	 x24:0x5eccb5c0 x26:0xfffffba7  x8=0x5eccb180
      57395.000 ns	      5738	800016e0	a0a906d3	fle.s	x13,f18,f10	 f18:0x00000000 f10:0x4f000410 x13=0x00000001
      57415.000 ns	      5740	800016e4	00000013	addi	x0,x0,0	  x0:0x00000000
      57455.000 ns	      5744	800016e8	0963b6d3	fsub.s	f13,f7,f22	  f7:0xcf6f0820 f22:0x40a00000 f13=0xcf6f0820
      57475.000 ns	      5746	800016ec	1a51b293	sltiu	x5,x3,421	  x3:0x00000000  x5=0x00000001
      57485.000 ns	      5747	800016f0	00841013	slli	x0,x8,0x8	  x8:0x5eccb180
      57495.000 ns	      5748	800016f4	019dfe33	and	x28,x27,x25	 x27:0x00000000 x25:0x4cbcf000 x28=0x00000000
      57505.000 ns	      5749	800016f8	57eaf293	andi	x5,x21,1406	 x21:0xfffffccf  x5=0x0000044e
      57525.000 ns	      5751	800016fc	03ed25b3	mulhsu	x11,x26,x30	 x26:0xfffffba7 x30:0xec5313c0 x11=0xfffffbfc
      57545.000 ns	      5753	80001700	00c6f233	and	x4,x13,x12	 x13:0x00000001 x12:0x00000000  x4=0x00000000
      57585.000 ns	      5757	80001704	08fe7453	fsub.s	f8,f28,f15	 f28:0x4d880000 f15:0x80000000  f8=0x4d880000
      57605.000 ns	      5759	80001708	011caab3	slt	x21,x25,x17	 x25:0x4cbcf000 x17:0x00000000 x21=0x00000000
      57615.000 ns	      5760	8000170c	1438f693	andi	x13,x17,323	 x17:0x00000000 x13=0x00000000
      57945.000 ns	      5793	80001710	19a6c5d3	fdiv.s	f11,f13,f26	 f13:0xcf6f0820 f26:0xbf800000 f11=0x4ef7318a
      57975.000 ns	      5796	80001714	c0003e53	fcvt.w.s	x28,f0	  f0:0xcf000410 x28=0x80000000
      57995.000 ns	      5798	80001718	01587bb3	and	x23,x16,x21	 x16:0x00000001 x21:0x00000000 x23=0x00000000
      58015.000 ns	      5800	8000171c	02389133	mulh	x2,x17,x3	 x17:0x00000000  x3:0x00000000  x2=0x00000000
      58045.000 ns	      5803	80001720	207f2553	fsgnjx.s	f10,f30,f7	 f30:0x800005a2  f7:0xcf6f0820 f10=0x000005a2
      58075.000 ns	      5806	80001724	031c63b3	rem	x7,x24,x17	 x24:0x5eccb5c0 x17:0x00000000  x7=0x5eccb5c0
      58105.000 ns	      5809	80001728	e00c80d3	fmv.x.w	x1,f25	 f25:0x80000000  x1=0x80000000
      58125.000 ns	      5811	8000172c	01eaebb3	or	x23,x21,x30	 x21:0x00000000 x30:0xec5313c0 x23=0xec5313c0
      58135.000 ns	      5812	80001730	002340b3	xor	x1,x6,x2	  x6:0x80041024  x2:0x00000000  x1=0x80041024
      58145.000 ns	      5813	80001734	402859b3	sra	x19,x16,x2	 x16:0x00000001  x2:0x00000000 x19=0x00000001
      58165.000 ns	      5815	80001738	d013f0d3	fcvt.s.wu	f1,x7	  x7:0x5eccb5c0  f1=0x4ebd996b
      58195.000 ns	      5818	8000173c	026f31b3	mulhu	x3,x30,x6	 x30:0xec5313c0  x6:0x80041024  x3=0x762d4a12
      58215.000 ns	      5820	80001740	00000013	addi	x0,x0,0	  x0:0x00000000
      58545.000 ns	      5853	80001744	19152f53	fdiv.s	f30,f10,f17	 f10:0x000005a2 f17:0x407fffae f30=0x00000000
      58575.000 ns	      5856	80001748	21ca0c53	fsgnj.s	f24,f20,f28	 f20:0x00001000 f28:0x4d880000 f24=0x00001000
      58595.000 ns	      5858	8000174c	01d30633	add	x12,x6,x29	  x6:0x80041024 x29:0x4cbcf000 x12=0xccc10024
      58605.000 ns	      5859	80001750	54637c93	andi	x25,x6,1350	  x6:0x80041024 x25=0x00000004
      58615.000 ns	      5860	80001754	541d8193	addi	x3,x27,1345	 x27:0x00000000  x3=0x00000541
      58645.000 ns	      5863	80001758	11eefad3	fmul.s	f21,f29,f30	 f29:0x7fc00000 f30:0x00000000 f21=0x7fc00000
      58685.000 ns	      5867	8000175c	58094ed3	fsqrt.s	f29,f18	 f18:0x00000000 f29=0x00000000
      58715.000 ns	      5870	80001760	212e2253	fsgnjx.s	f4,f28,f18	 f28:0x4d880000 f18:0x00000000  f4=0x4d880000
      58735.000 ns	      5872	80001764	00000013	addi	x0,x0,0	  x0:0x00000000
      58755.000 ns	      5874	80001768	a05a06d3	fle.s	x13,f20,f5	 f20:0x00001000  f5:0x4d880000 x13=0x00000001
      58785.000 ns	      5877	8000176c	02761ab3	mulh	x21,x12,x7	 x12:0xccc10024  x7:0x5eccb5c0 x21=0xed05e377
      58805.000 ns	      5879	80001770	114fa117	auipc	x2,0x114fa	  x2=0x914fb770
      58815.000 ns	      5880	80001774	ddb06613	ori	x12,x0,-549	  x0:0x00000000 x12=0xfffffddb
      58855.000 ns	      5884	80001778	08efa253	fsub.s	f4,f31,f14	 f31:0x4f000410 f14:0x80000000  f4=0x4f000410
      58875.000 ns	      5886	8000177c	0043d9b3	srl	x19,x7,x4	  x7:0x5eccb5c0  x4:0x00000000 x19=0x5eccb5c0
      58895.000 ns	      5888	80001780	a04d1ad3	flt.s	x21,f26,f4	 f26:0xbf800000  f4:0x4f000410 x21=0x00000001
      58915.000 ns	      5890	80001784	41bd03b3	sub	x7,x26,x27	 x26:0xfffffba7 x27:0x00000000  x7=0xfffffba7
      58935.000 ns	      5892	80001788	28bf9bd3	fmax.s	f23,f31,f11	 f31:0x4f000410 f11:0x4ef7318a f23=0x4f000410
      59305.000 ns	      5929	8000178c	0273c9b3	div	x19,x7,x7	  x7:0x5eccb5c0  x7:0x5eccb5c0 x19=0x00000001
      60485.000 ns	      6047	80001790	580bfdd3	fsqrt.s	f27,f23	 f23:0x4f000410 f27=0x46b50a40
      60505.000 ns	      6049	80001794	7ca64bb7	lui	x23,0x7ca64	 x23=0x7ca64000
      60515.000 ns	      6050	80001798	77ceb893	sltiu	x17,x29,1916	 x29:0x4cbcf000 x17=0x00000000
      60555.000 ns	      6054	8000179c	0941b0d3	fsub.s	f1,f3,f20	  f3:0x00000000 f20:0x00001000  f1=0x80001000
      60575.000 ns	      6056	800017a0	00000013	addi	x0,x0,0	  x0:0x00000000
      60585.000 ns	      6057	800017a4	01406233	or	x4,x0,x20	  x0:0x00000000 x20:0x00000001  x4=0x00000001
      60595.000 ns	      6058	800017a8	00bc4eb3	xor	x29,x24,x11	 x24:0x5eccb5c0 x11:0xfffffbfc x29=0xa1334e3c
      60605.000 ns	      6059	800017ac	a334c393	xori	x7,x9,-1485	  x9:0x00000001  x7=0xfffffa32
      60615.000 ns	      6060	800017b0	ab5ef1b7	lui	x3,0xab5ef	  x3=0xab5ef000
      60625.000 ns	      6061	800017b4	01d77d33	and	x26,x14,x29	 x14:0x00000000 x29:0xa1334e3c x26=0x00000000
      60645.000 ns	      6063	800017b8	e00e9053	fclass.s	x0,f29	 f29:0x00000000
      60675.000 ns	      6066	800017bc	e00a01d3	fmv.x.w	x3,f20	 f20:0x00001000  x3=0x00001000
      60695.000 ns	      6068	800017c0	407254b3	sra	x9,x4,x7	  x4:0x00000001  x7:0xfffffa32  x9=0x00000000
      60705.000 ns	      6069	800017c4	00008eb3	add	x29,x1,x0	  x1:0x80041024  x0:0x00000000 x29=0x80041024
      60745.000 ns	      6073	800017c8	09be71d3	fsub.s	f3,f28,f27	 f28:0x4d880000 f27:0x46b50a40  f3=0x4d87fd2b
      60765.000 ns	      6075	800017cc	05bd0393	addi	x7,x26,91	 x26:0x00000000  x7=0x0000005b
      60785.000 ns	      6077	800017d0	d0077653	fcvt.s.w	f12,x14	 x14:0x00000000 f12=0x00000000
      60805.000 ns	      6079	800017d4	016c69b3	or	x19,x24,x22	 x24:0x5eccb5c0 x22:0x00000001 x19=0x5eccb5c1
      60815.000 ns	      6080	800017d8	e091c593	xori	x11,x3,-503	  x3:0x00001000 x11=0xffffee09
      60825.000 ns	      6081	800017dc	00473533	sltu	x10,x14,x4	 x14:0x00000000  x4:0x00000001 x10=0x00000001
      60845.000 ns	      6083	800017e0	029e18b3	mulh	x17,x28,x9	 x28:0x80000000  x9:0x00000000 x17=0x00000000
      60875.000 ns	      6086	800017e4	207f1dd3	fsgnjn.s	f27,f30,f7	 f30:0x00000000  f7:0xcf6f0820 f27=0x00000000
      60895.000 ns	      6088	800017e8	0078a233	slt	x4,x17,x7	 x17:0x00000000  x7:0x0000005b  x4=0x00000001
      60915.000 ns	      6090	800017ec	a1449753	flt.s	x14,f9,f20	  f9:0x7fc00000 f20:0x00001000 x14=0x00000000
      60935.000 ns	      6092	800017f0	00695bb3	srl	x23,x18,x6	 x18:0x80040fe4  x6:0x80041024 x23=0x080040fe
      60955.000 ns	      6094	800017f4	a1d51cd3	flt.s	x25,f10,f29	 f10:0x000005a2 f29:0x00000000 x25=0x00000000
      60975.000 ns	      6096	800017f8	40c88533	sub	x10,x17,x12	 x17:0x00000000 x12:0xfffffddb x10=0x00000225
      60995.000 ns	      6098	800017fc	038e1a33	mulh	x20,x28,x24	 x28:0x80000000 x24:0x5eccb5c0 x20=0xd099a520
      61025.000 ns	      6101	80001800	e0000453	fmv.x.w	x8,f0	  f0:0xcf000410  x8=0xcf000410
      61065.000 ns	      6105	80001804	18217553	fdiv.s	f10,f2,f2	  f2:0x00000000  f2:0x00000000 f10=0x7fc00000
      61105.000 ns	      6109	80001808	580384d3	fsqrt.s	f9,f7	  f7:0xcf6f0820  f9=0x7fc00000
      61135.000 ns	      6112	8000180c	a1f92e53	feq.s	x28,f18,f31	 f18:0x00000000 f31:0x4f000410 x28=0x00000000
      61165.000 ns	      6115	80001810	c0069453	fcvt.w.s	x8,f13	 f13:0xcf6f0820  x8=0x80000000
      61195.000 ns	      6118	80001814	20701453	fsgnjn.s	f8,f0,f7	  f0:0xcf000410  f7:0xcf6f0820  f8=0x4f000410
      61225.000 ns	      6121	80001818	a1cfabd3	feq.s	x23,f31,f28	 f31:0x4f000410 f28:0x4d880000 x23=0x00000000
      61255.000 ns	      6124	8000181c	c015fad3	fcvt.wu.s	x21,f11	 f11:0x4ef7318a x21=0x7b98c500
      61285.000 ns	      6127	80001820	f00900d3	fmv.w.x	f1,x18	 x18:0x80040fe4  f1=0x80040fe4
      61305.000 ns	      6129	80001824	c9c61a37	lui	x20,0xc9c61	 x20=0xc9c61000
      61325.000 ns	      6131	80001828	21f2ab53	fsgnjx.s	f22,f5,f31	  f5:0x4d880000 f31:0x4f000410 f22=0x4d880000
      61355.000 ns	      6134	8000182c	02608733	mul	x14,x1,x6	  x1:0x80041024  x6:0x80041024 x14=0x82248510
      61725.000 ns	      6171	80001830	0218dd33	divu	x26,x17,x1	 x17:0x00000000  x1:0x80041024 x26=0x00000000
      61745.000 ns	      6173	80001834	00881bb3	sll	x23,x16,x8	 x16:0x00000001  x8:0x80000000 x23=0x00000001
      61755.000 ns	      6174	80001838	d72d3a13	sltiu	x20,x26,-654	 x26:0x00000000 x20=0x00000001
      62115.000 ns	      6210	8000183c	021bd6b3	divu	x13,x23,x1	 x23:0x00000000  x1:0x80041024 x13=0x00000000
      62135.000 ns	      6212	80001840	00874033	xor	x0,x14,x8	 x14:0x82248510  x8:0x80000000
      62155.000 ns	      6214	80001844	033320b3	mulhsu	x1,x6,x19	  x6:0x80041024 x19:0x5eccb5c1  x1=0xd09b264c
      62175.000 ns	      6216	80001848	00da1cb3	sll	x25,x20,x13	 x20:0x00000001 x13:0x00000000 x25=0x00000001
      62185.000 ns	      6217	8000184c	00000013	addi	x0,x0,0	  x0:0x00000000
      62215.000 ns	      6220	80001850	119075d3	fmul.s	f11,f0,f25	  f0:0xcf000410 f25:0x80000000 f11=0x00000000
      62235.000 ns	      6222	80001854	00e94e33	xor	x28,x18,x14	 x18:0x80040fe4 x14:0x82248510 x28=0x02208af4
      62255.000 ns	      6224	80001858	e00a1153	fclass.s	x2,f20	 f20:0x00001000  x2=0x00000020
      62625.000 ns	      6261	8000185c	030b4ab3	div	x21,x22,x16	 x22:0x00000001 x16:0x00000001 x21=0x00000001
      62645.000 ns	      6263	80001860	8b16ad13	slti	x26,x13,-1871	 x13:0x00000000 x26=0x00000000
      63005.000 ns	      6299	80001864	02717a33	remu	x20,x2,x7	  x2:0x00000020  x7:0x0000005b x20=0x00000020
      63035.000 ns	      6302	80001868	d01bf1d3	fcvt.s.wu	f3,x23	 x23:0x00000001  f3=0x3f800000
      63065.000 ns	      6305	8000186c	a1fb01d3	fle.s	x3,f22,f31	 f22:0x4d880000 f31:0x4f000410  x3=0x00000001
      63085.000 ns	      6307	80001870	00e4a133	slt	x2,x9,x14	  x9:0x00000000 x14:0x82248510  x2=0x00000000
      63095.000 ns	      6308	80001874	015ea2b3	slt	x5,x29,x21	 x29:0x80041024 x21:0x00000001  x5=0x00000001
      63135.000 ns	      6312	80001878	005b1353	fadd.s	f6,f22,f5	 f22:0x4d880000  f5:0x4d880000  f6=0x4e080000
      63155.000 ns	      6314	8000187c	9fa1d037	lui	x0,0x9fa1d	
      63515.000 ns	      6350	80001880	02e3fbb3	remu	x23,x7,x14	  x7:0x0000005b x14:0x82248510 x23=0x0000005b
      63535.000 ns	      6352	80001884	8ffb0413	addi	x8,x22,-1793	 x22:0x00000001  x8=0xfffff900
      63555.000 ns	      6354	80001888	a177ab53	feq.s	x22,f15,f23	 f15:0x80000000 f23:0x4f000410 x22=0x00000000
      63925.000 ns	      6391	8000188c	032159b3	divu	x19,x2,x18	  x2:0x00000000 x18:0x80040fe4 x19=0x00000000
      63945.000 ns	      6393	80001890	2c57e113	ori	x2,x15,709	 x15:0x00000000  x2=0x000002c5
      63985.000 ns	      6397	80001894	00a68253	fadd.s	f4,f13,f10	 f13:0xcf6f0820 f10:0x7fc00000  f4=0x7fc00000
      64005.000 ns	      6399	80001898	00dd4ab3	xor	x21,x26,x13	 x26:0x00000000 x13:0x00000000 x21=0x00000000
      64045.000 ns	      6403	8000189c	0007fcd3	fadd.s	f25,f15,f0	 f15:0x80000000  f0:0xcf000410 f25=0xcf000410
      64065.000 ns	      6405	800018a0	aacb6493	ori	x9,x22,-1364	 x22:0x00000000  x9=0xfffffaac
      64085.000 ns	      6407	800018a4	d010f7d3	fcvt.s.wu	f15,x1	  x1:0xd09b264c f15=0x4f509b26
      64115.000 ns	      6410	800018a8	02f874b3	remu	x9,x16,x15	 x16:0x00000001 x15:0x00000000  x9=0x00000001
      64145.000 ns	      6413	800018ac	c0058553	fcvt.w.s	x10,f11	 f11:0x00000000 x10=0x00000000
      64165.000 ns	      6415	800018b0	000a51b3	srl	x3,x20,x0	 x20:0x00000020  x0:0x00000000  x3=0x00000020
      64175.000 ns	      6416	800018b4	a8b4c993	xori	x19,x9,-1397	  x9:0x00000001 x19=0xfffffa8a
      64195.000 ns	      6418	800018b8	e00b8553	fmv.x.w	x10,f23	 f23:0x4f000410 x10=0x4f000410
      64215.000 ns	      6420	800018bc	413881b3	sub	x3,x17,x19	 x17:0x00000000 x19:0x00000000  x3=0x00000576
      64575.000 ns	      6456	800018c0	034ec9b3	div	x19,x29,x20	 x29:0x80041024 x20:0x00000020 x19=0xfc002082
      64605.000 ns	      6459	800018c4	e00b0bd3	fmv.x.w	x23,f22	 f22:0x4d880000 x23=0x4d880000
      64635.000 ns	      6462	800018c8	02def9b3	remu	x19,x29,x13	 x29:0x80041024 x13:0x00000000 x19=0x80041024
      64655.000 ns	      6464	800018cc	76363613	sltiu	x12,x12,1891	 x12:0xfffffddb x12=0x00000000
      64665.000 ns	      6465	800018d0	00697db3	and	x27,x18,x6	 x18:0x80040fe4  x6:0x80041024 x27=0x80040024
      65025.000 ns	      6501	800018d4	03c8dcb3	divu	x25,x17,x28	 x17:0x00000000 x28:0x02208af4 x25=0x00000000
      65055.000 ns	      6504	800018d8	02b50a33	mul	x20,x10,x11	 x10:0x4f000410 x11:0xffffee09 x20=0xc6b70490
      65085.000 ns	      6507	800018dc	a02b1e53	flt.s	x28,f22,f2	 f22:0x4d880000  f2:0x00000000 x28=0x00000000
      65105.000 ns	      6509	800018e0	0136b9b3	sltu	x19,x13,x19	 x13:0x00000000 x19:0x80041024 x19=0x00000001
      65125.000 ns	      6511	800018e4	020902b3	mul	x5,x18,x0	 x18:0x80040fe4  x0:0x00000000  x5=0x00000000
      65155.000 ns	      6514	800018e8	029d8b33	mul	x22,x27,x9	 x27:0x80040024  x9:0x00000001 x22=0x80040024
      65175.000 ns	      6516	800018ec	b42de993	ori	x19,x27,-1214	 x27:0x80040024 x19=0xfffffb66
      65185.000 ns	      6517	800018f0	3471aa13	slti	x20,x3,839	  x3:0x00000576 x20=0x00000000
      65205.000 ns	      6519	800018f4	e0039fd3	fclass.s	x31,f7	  f7:0xcf6f0820 x31=0x00000002
      65225.000 ns	      6521	800018f8	8052ca13	xori	x20,x5,-2043	  x5:0x00000000 x20=0xfffff805
      65245.000 ns	      6523	800018fc	e0068653	fmv.x.w	x12,f13	 f13:0xcf6f0820 x12=0xcf6f0820
      65275.000 ns	      6526	80001900	a0d78dd3	fle.s	x27,f15,f13	 f15:0x4f509b26 f13:0xcf6f0820 x27=0x00000000
      65645.000 ns	      6563	80001904	02307fb3	remu	x31,x0,x3	  x0:0x00000000  x3:0x00000576 x31=0x00000000
      65695.000 ns	      6568	80001908	08e17cd3	fsub.s	f25,f2,f14	  f2:0x00000000 f14:0x80000000 f25=0x00000000
      65715.000 ns	      6570	8000190c	00ee0db3	add	x27,x28,x14	 x28:0x00000000 x14:0x82248510 x27=0x82248510
      65735.000 ns	      6572	80001910	c00ef553	fcvt.w.s	x10,f29	 f29:0x00000000 x10=0x00000000
      65755.000 ns	      6574	80001914	00d31713	slli	x14,x6,0xd	  x6:0x80041024 x14=0x82048000
      65775.000 ns	      6576	80001918	c01cf2d3	fcvt.wu.s	x5,f25	 f25:0x00000000  x5=0x00000000
      65795.000 ns	      6578	8000191c	560ef513	andi	x10,x29,1376	 x29:0x80041024 x10=0x00000020
      65805.000 ns	      6579	80001920	407bd213	srai	x4,x23,0x7	 x23:0x4d880000  x4=0x009b1000
      65815.000 ns	      6580	80001924	00002133	slt	x2,x0,x0	  x0:0x00000000  x0:0x00000000  x2=0x00000000
      65825.000 ns	      6581	80001928	01fa88b3	add	x17,x21,x31	 x21:0x00000000 x31:0x00000000 x17=0x00000000
      65845.000 ns	      6583	8000192c	033e96b3	mulh	x13,x29,x19	 x29:0x80041024 x19:0xfffffb66 x13=0x0000024c
      65895.000 ns	      6588	80001930	01ea7cd3	fadd.s	f25,f20,f30	 f20:0x00001000 f30:0x00000000 f25=0x00001000
      65925.000 ns	      6591	80001934	a1750153	fle.s	x2,f10,f23	 f10:0x7fc00000 f23:0x4f000410  x2=0x00000000
      65955.000 ns	      6594	80001938	a1178553	fle.s	x10,f15,f17	 f15:0x4f509b26 f17:0x407fffae x10=0x00000000
      65975.000 ns	      6596	8000193c	0152cfb3	xor	x31,x5,x21	  x5:0x00000000 x21:0x00000000 x31=0x00000000
      65985.000 ns	      6597	80001940	01ec5893	srli	x17,x24,0x1e	 x24:0x5eccb5c0 x17=0x00000001
      66005.000 ns	      6599	80001944	a03e2153	feq.s	x2,f28,f3	 f28:0x4d880000  f3:0x3f800000  x2=0x00000000
      66035.000 ns	      6602	80001948	295a8c53	fmin.s	f24,f21,f21	 f21:0x7fc00000 f21:0x7fc00000 f24=0x7fc00000
      66065.000 ns	      6605	8000194c	297a94d3	fmax.s	f9,f21,f23	 f21:0x7fc00000 f23:0x4f000410  f9=0x4f000410
      66105.000 ns	      6609	80001950	10bdb3d3	fmul.s	f7,f27,f11	 f27:0x00000000 f11:0x00000000  f7=0x00000000
      66135.000 ns	      6612	80001954	02f430b3	mulhu	x1,x8,x15	  x8:0xfffff900 x15:0x00000000  x1=0x00000000
      66155.000 ns	      6614	80001958	00000013	addi	x0,x0,0	  x0:0x00000000
      66165.000 ns	      6615	8000195c	0048f7b3	and	x15,x17,x4	 x17:0x00000001  x4:0x009b1000 x15=0x00000000
      66205.000 ns	      6619	80001960	08e314d3	fsub.s	f9,f6,f14	  f6:0x4e080000 f14:0x80000000  f9=0x4e080000
      66235.000 ns	      6622	80001964	e00b80d3	fmv.x.w	x1,f23	 f23:0x4f000410  x1=0x4f000410
      66605.000 ns	      6659	80001968	029f5633	divu	x12,x30,x9	 x30:0xec5313c0  x9:0x00000001 x12=0xec5313c0
      66635.000 ns	      6662	8000196c	f00e0153	fmv.w.x	f2,x28	 x28:0x00000000  f2=0x00000000
      66655.000 ns	      6664	80001970	01c99013	slli	x0,x19,0x1c	 x19:0xfffffb66
      67825.000 ns	      6781	80001974	5804a6d3	fsqrt.s	f13,f9	  f9:0x4e080000 f13=0x464054b4
      67855.000 ns	      6784	80001978	032fb9b3	mulhu	x19,x31,x18	 x31:0x00000000 x18:0x80040fe4 x19=0x00000000
      67875.000 ns	      6786	8000197c	00e5d013	srli	x0,x11,0xe	 x11:0xffffee09
      67895.000 ns	      6788	80001980	d010c453	fcvt.s.wu	f8,x1	  x1:0x4f000410  f8=0x4e9e0008
      67915.000 ns	      6790	80001984	c46b8193	addi	x3,x23,-954	 x23:0x4d880000  x3=0x4d87fc46
      67955.000 ns	      6794	80001988	001b4953	fadd.s	f18,f22,f1	 f22:0x4d880000  f1:0x80040fe4 f18=0x4d880000
      67985.000 ns	      6797	8000198c	28868d53	fmin.s	f26,f13,f8	 f13:0x464054b4  f8:0x4e9e0008 f26=0x464054b4
      68015.000 ns	      6800	80001990	03e22ab3	mulhsu	x21,x4,x30	  x4:0x009b1000 x30:0xec5313c0 x21=0x008f2512
      68045.000 ns	      6803	80001994	d00dac53	fcvt.s.w	f24,x27	 x27:0x82248510 f24=0xcefbb6f6
      68065.000 ns	      6805	80001998	7c4a6137	lui	x2,0x7c4a6	  x2=0x7c4a6000
      68085.000 ns	      6807	8000199c	e00c9753	fclass.s	x14,f25	 f25:0x00001000 x14=0x00000020
      68105.000 ns	      6809	800019a0	00721793	slli	x15,x4,0x7	  x4:0x009b1000 x15=0x4d880000
      68125.000 ns	      6811	800019a4	29af86d3	fmin.s	f13,f31,f26	 f31:0x4f000410 f26:0x464054b4 f13=0x464054b4
      68155.000 ns	      6814	800019a8	215a0dd3	fsgnj.s	f27,f20,f21	 f20:0x00001000 f21:0x7fc00000 f27=0x00001000
      68185.000 ns	      6817	800019ac	d01afed3	fcvt.s.wu	f29,x21	 x21:0x008f2512 f29=0x4b0f2512
      68215.000 ns	      6820	800019b0	d0180153	fcvt.s.wu	f2,x16	 x16:0x00000001  f2=0x3f800000
      68235.000 ns	      6822	800019b4	27ec0e93	addi	x29,x24,638	 x24:0x5eccb5c0 x29=0x5eccb83e
      68245.000 ns	      6823	800019b8	00000013	addi	x0,x0,0	  x0:0x00000000
      68265.000 ns	      6825	800019bc	d015ff53	fcvt.s.wu	f30,x11	 x11:0xffffee09 f30=0x4f7fffee
      68285.000 ns	      6827	800019c0	01031cb3	sll	x25,x6,x16	  x6:0x80041024 x16:0x00000001 x25=0x00082048
      68305.000 ns	      6829	800019c4	20061ed3	fsgnjn.s	f29,f12,f0	 f12:0x00000000  f0:0xcf000410 f29=0x00000000
      68335.000 ns	      6832	800019c8	a1a5add3	feq.s	x27,f11,f26	 f11:0x00000000 f26:0x464054b4 x27=0x00000000
      69515.000 ns	      6950	800019cc	580cc853	fsqrt.s	f16,f25	 f25:0x00001000 f16=0x1f351b24
      69535.000 ns	      6952	800019d0	006981b3	add	x3,x19,x6	 x19:0x00000000  x6:0x80041024  x3=0x80041024
      69545.000 ns	      6953	800019d4	01bdf433	and	x8,x27,x27	 x27:0x00000000 x27:0x00000000  x8=0x00000000
      69565.000 ns	      6955	800019d8	217d9a53	fsgnjn.s	f20,f27,f23	 f27:0x00001000 f23:0x4f000410 f20=0x80001000
      69585.000 ns	      6957	800019dc	a5a53513	sltiu	x10,x10,-1446	 x10:0x00000000 x10=0x00000001
      69945.000 ns	      6993	800019e0	030ffa33	remu	x20,x31,x16	 x31:0x00000000 x16:0x00000001 x20=0x00000000
      69975.000 ns	      6996	800019e4	02a88eb3	mul	x29,x17,x10	 x17:0x00000001 x10:0x00000000 x29=0x00000001
      69995.000 ns	      6998	800019e8	004e0633	add	x12,x28,x4	 x28:0x00000000  x4:0x009b1000 x12=0x009b1000
      70005.000 ns	      6999	800019ec	01065d93	srli	x27,x12,0x10	 x12:0xec5313c0 x27=0x0000009b
      70025.000 ns	      7001	800019f0	e0061453	fclass.s	x8,f12	 f12:0x00000000  x8=0x00000010
      70045.000 ns	      7003	800019f4	00185493	srli	x9,x16,0x1	 x16:0x00000001  x9=0x00000000
      70065.000 ns	      7005	800019f8	20ab97d3	fsgnjn.s	f15,f23,f10	 f23:0x4f000410 f10:0x7fc00000 f15=0xcf000410
      70435.000 ns	      7042	800019fc	0249fcb3	remu	x25,x19,x4	 x19:0x00000000  x4:0x009b1000 x25=0x00000000
      70465.000 ns	      7045	80001a00	a1560fd3	fle.s	x31,f12,f21	 f12:0x00000000 f21:0x7fc00000 x31=0x00000000
      70495.000 ns	      7048	80001a04	a0c593d3	flt.s	x7,f11,f12	 f11:0x00000000 f12:0x00000000  x7=0x00000000
      70515.000 ns	      7050	80001a08	b595f417	auipc	x8,0xb595f	  x8=0x35960a08
      70525.000 ns	      7051	80001a0c	40d80c33	sub	x24,x16,x13	 x16:0x00000001 x13:0x0000024c x24=0xfffffdb5
      70545.000 ns	      7053	80001a10	c00e74d3	fcvt.w.s	x9,f28	 f28:0x4d880000  x9=0x11000000
      70575.000 ns	      7056	80001a14	03c07233	remu	x4,x0,x28	  x0:0x00000000 x28:0x00000000  x4=0x00000000
      70595.000 ns	      7058	80001a18	5cbe9497	auipc	x9,0x5cbe9	  x9=0xdcbeaa18
      70635.000 ns	      7062	80001a1c	016b72d3	fadd.s	f5,f22,f22	 f22:0x4d880000 f22:0x4d880000  f5=0x4e080000
      71005.000 ns	      7099	80001a20	02277633	remu	x12,x14,x2	 x14:0x00000020  x2:0x7c4a6000 x12=0x00000020
      71035.000 ns	      7102	80001a24	a0b497d3	flt.s	x15,f9,f11	  f9:0x4e080000 f11:0x00000000 x15=0x00000000
      71065.000 ns	      7105	80001a28	028e8433	mul	x8,x29,x8	 x29:0x00000001  x8:0x35960a08  x8=0x35960a08
      71095.000 ns	      7108	80001a2c	a1ad2c53	feq.s	x24,f26,f26	 f26:0x464054b4 f26:0x464054b4 x24=0x00000001
      71125.000 ns	      7111	80001a30	02f29ab3	mulh	x21,x5,x15	  x5:0x00000000 x15:0x00000000 x21=0x00000000
      71145.000 ns	      7113	80001a34	4a04c397	auipc	x7,0x4a04c	  x7=0xca04da34
      71165.000 ns	      7115	80001a38	a07f00d3	fle.s	x1,f30,f7	 f30:0x4f7fffee  f7:0x00000000  x1=0x00000000
      71195.000 ns	      7118	80001a3c	e00102d3	fmv.x.w	x5,f2	  f2:0x3f800000  x5=0x3f800000
      71245.000 ns	      7123	80001a40	09974453	fsub.s	f8,f14,f25	 f14:0x80000000 f25:0x00001000  f8=0x80001000
      71265.000 ns	      7125	80001a44	00000013	addi	x0,x0,0	  x0:0x00000000
      71285.000 ns	      7127	80001a48	c0190cd3	fcvt.wu.s	x25,f18	 f18:0x4d880000 x25=0x11000000
      71325.000 ns	      7131	80001a4c	181aaad3	fdiv.s	f21,f21,f1	 f21:0x7fc00000  f1:0x80040fe4 f21=0x7fc00000
      71355.000 ns	      7134	80001a50	f0078c53	fmv.w.x	f24,x15	 x15:0x00000000 f24=0x00000000
      71385.000 ns	      7137	80001a54	281a9cd3	fmax.s	f25,f21,f1	 f21:0x7fc00000  f1:0x80040fe4 f25=0x80040fe4
      71405.000 ns	      7139	80001a58	418b5813	srai	x16,x22,0x18	 x22:0x80040024 x16=0xffffff80
      71425.000 ns	      7141	80001a5c	0247e133	rem	x2,x15,x4	 x15:0x00000000  x4:0x00000000  x2=0x00000000
      71445.000 ns	      7143	80001a60	214436b7	lui	x13,0x21443	 x13=0x21443000
      71455.000 ns	      7144	80001a64	01ded0b3	srl	x1,x29,x29	 x29:0x00000001 x29:0x00000001  x1=0x00000000
      71475.000 ns	      7146	80001a68	023485b3	mul	x11,x9,x3	  x9:0xdcbeaa18  x3:0x80041024 x11=0x9dd16b60
      71845.000 ns	      7183	80001a6c	02e75bb3	divu	x23,x14,x14	 x14:0x00000020 x14:0x00000020 x23=0x00000001
      71865.000 ns	      7185	80001a70	00698133	add	x2,x19,x6	 x19:0x00000000  x6:0x80041024  x2=0x80041024
      71885.000 ns	      7187	80001a74	291284d3	fmin.s	f9,f5,f17	  f5:0x4e080000 f17:0x407fffae  f9=0x407fffae
      71915.000 ns	      7190	80001a78	037f32b3	mulhu	x5,x30,x23	 x30:0xec5313c0 x23:0x00000001  x5=0x00000000
      71945.000 ns	      7193	80001a7c	03ebac33	mulhsu	x24,x23,x30	 x23:0x00000001 x30:0xec5313c0 x24=0x00000000
      71965.000 ns	      7195	80001a80	01300bb3	add	x23,x0,x19	  x0:0x00000000 x19:0x00000000 x23=0x00000000
      72325.000 ns	      7231	80001a84	02e944b3	div	x9,x18,x14	 x18:0x80040fe4 x14:0x00000020  x9=0xfc002080
      72695.000 ns	      7268	80001a88	02af4633	div	x12,x30,x10	 x30:0xec5313c0 x10:0x00000001 x12=0xec5313c0
      72715.000 ns	      7270	80001a8c	00000013	addi	x0,x0,0	  x0:0x00000000
      73075.000 ns	      7306	80001a90	027efd33	remu	x26,x29,x7	 x29:0x00000001  x7:0xca04da34 x26=0x00000001
      73095.000 ns	      7308	80001a94	00000013	addi	x0,x0,0	  x0:0x00000000
      73105.000 ns	      7309	80001a98	00000013	addi	x0,x0,0	  x0:0x00000000
      73125.000 ns	      7311	80001a9c	a11c9ed3	flt.s	x29,f25,f17	 f25:0x80040fe4 f17:0x407fffae x29=0x00000001
      73155.000 ns	      7314	80001aa0	03d528b3	mulhsu	x17,x10,x29	 x10:0x00000001 x29:0x00000001 x17=0x00000000
      73185.000 ns	      7317	80001aa4	03377a33	remu	x20,x14,x19	 x14:0x00000020 x19:0x00000000 x20=0x00000020
      73215.000 ns	      7320	80001aa8	212e97d3	fsgnjn.s	f15,f29,f18	 f29:0x00000000 f18:0x4d880000 f15=0x80000000
      73235.000 ns	      7322	80001aac	b6917e97	auipc	x29,0xb6917	 x29=0x36918aac
      73245.000 ns	      7323	80001ab0	41badcb3	sra	x25,x21,x27	 x21:0x00000000 x27:0x0000009b x25=0x00000000
      73265.000 ns	      7325	80001ab4	e0080e53	fmv.x.w	x28,f16	 f16:0x1f351b24 x28=0x1f351b24
      73295.000 ns	      7328	80001ab8	f0050e53	fmv.w.x	f28,x10	 x10:0x00000001 f28=0x00000001
      73315.000 ns	      7330	80001abc	0055db13	srli	x22,x11,0x5	 x11:0x9dd16b60 x22=0x04ee8b5b
      73325.000 ns	      7331	80001ac0	001a2833	slt	x16,x20,x1	 x20:0x00000020  x1:0x00000000 x16=0x00000000
      73685.000 ns	      7367	80001ac4	03e0e3b3	rem	x7,x1,x30	  x1:0x00000000 x30:0xec5313c0  x7=0x00000000
      73715.000 ns	      7370	80001ac8	a0f29fd3	flt.s	x31,f5,f15	  f5:0x4e080000 f15:0x80000000 x31=0x00000000
      73745.000 ns	      7373	80001acc	021b5833	divu	x16,x22,x1	 x22:0x04ee8b5b  x1:0x00000000 x16=0xffffffff
      73775.000 ns	      7376	80001ad0	031200b3	mul	x1,x4,x17	  x4:0x00000000 x17:0x00000000  x1=0x00000000
      74145.000 ns	      7413	80001ad4	02a1ea33	rem	x20,x3,x10	  x3:0x80041024 x10:0x00000001 x20=0x00000000
      74165.000 ns	      7415	80001ad8	eba88e17	auipc	x28,0xeba88	 x28=0x6ba89ad8
      74175.000 ns	      7416	80001adc	846fa813	slti	x16,x31,-1978	 x31:0x00000000 x16=0x00000000
      74195.000 ns	      7418	80001ae0	a1b7a4d3	feq.s	x9,f15,f27	 f15:0x80000000 f27:0x00001000  x9=0x00000000
      74225.000 ns	      7421	80001ae4	e00396d3	fclass.s	x13,f7	  f7:0x00000000 x13=0x00000010
      74255.000 ns	      7424	80001ae8	02e30533	mul	x10,x6,x14	  x6:0x80041024 x14:0x00000020 x10=0x00820480
      74285.000 ns	      7427	80001aec	20872553	fsgnjx.s	f10,f14,f8	 f14:0x80000000  f8:0x80001000 f10=0x00000000
      74315.000 ns	      7430	80001af0	0396fa33	remu	x20,x13,x25	 x13:0x00000010 x25:0x00000000 x20=0x00000010
      74345.000 ns	      7433	80001af4	c01d4ed3	fcvt.wu.s	x29,f26	 f26:0x464054b4 x29=0x00003015
      74365.000 ns	      7435	80001af8	9184a393	slti	x7,x9,-1768	  x9:0x00000000  x7=0x00000000
      74375.000 ns	      7436	80001afc	bc246117	auipc	x2,0xbc246	  x2=0x3c247afc
      74395.000 ns	      7438	80001b00	02b81cb3	mulh	x25,x16,x11	 x16:0x00000000 x11:0x9dd16b60 x25=0x00000000
      74415.000 ns	      7440	80001b04	40845493	srai	x9,x8,0x8	  x8:0x35960a08  x9=0x0035960a
      74435.000 ns	      7442	80001b08	a1bc8d53	fle.s	x26,f25,f27	 f25:0x80040fe4 f27:0x00001000 x26=0x00000001
      74465.000 ns	      7445	80001b0c	a1a38053	fle.s	x0,f7,f26	  f7:0x00000000 f26:0x464054b4
      74515.000 ns	      7450	80001b10	09b53e53	fsub.s	f28,f10,f27	 f10:0x00000000 f27:0x00001000 f28=0x80001000
      74545.000 ns	      7453	80001b14	02556433	rem	x8,x10,x5	 x10:0x00820480  x5:0x00000000  x8=0x00820480
      74565.000 ns	      7455	80001b18	00000013	addi	x0,x0,0	  x0:0x00000000
      74585.000 ns	      7457	80001b1c	029d0fb3	mul	x31,x26,x9	 x26:0x00000001  x9:0x0035960a x31=0x0035960a
      74635.000 ns	      7462	80001b20	005820d3	fadd.s	f1,f16,f5	 f16:0x1f351b24  f5:0x4e080000  f1=0x4e080000
      74655.000 ns	      7464	80001b24	01f48033	add	x0,x9,x31	  x9:0x0035960a x31:0x0035960a
      74665.000 ns	      7465	80001b28	c133ba13	sltiu	x20,x7,-1005	  x7:0x00000000 x20=0x00000001
      74675.000 ns	      7466	80001b2c	017ecb33	xor	x22,x29,x23	 x29:0x00003015 x23:0x00000000 x22=0x00003015
      74695.000 ns	      7468	80001b30	02c5b233	mulhu	x4,x11,x12	 x11:0x9dd16b60 x12:0xec5313c0  x4=0x91b0460f
      74715.000 ns	      7470	80001b34	0091ffb3	and	x31,x3,x9	  x3:0x80041024  x9:0x0035960a x31=0x00041000
      74725.000 ns	      7471	80001b38	3ab04b13	xori	x22,x0,939	  x0:0x00000000 x22=0x000003ab
      74745.000 ns	      7473	80001b3c	026c0b33	mul	x22,x24,x6	 x24:0x00000000  x6:0x80041024 x22=0x00000000
      74765.000 ns	      7475	80001b40	1a0e2813	slti	x16,x28,416	 x28:0x6ba89ad8 x16=0x00000000
      74775.000 ns	      7476	80001b44	4c8dec93	ori	x25,x27,1224	 x27:0x0000009b x25=0x000004db
      74785.000 ns	      7477	80001b48	edf31d37	lui	x26,0xedf31	 x26=0xedf31000
      74815.000 ns	      7480	80001b4c	58003bd3	fsqrt.s	f23,f0	  f0:0xcf000410 f23=0x7fc00000
      74845.000 ns	      7483	80001b50	d0103b53	fcvt.s.wu	f22,x0	  x0:0x00000000 f22=0x00000000
      75215.000 ns	      7520	80001b54	02aedab3	divu	x21,x29,x10	 x29:0x00003015 x10:0x00820480 x21=0x00000000
      75235.000 ns	      7522	80001b58	6dec4d17	auipc	x26,0x6dec4	 x26=0xedec5b58
      75275.000 ns	      7526	80001b5c	087c7c53	fsub.s	f24,f24,f7	 f24:0x00000000  f7:0x00000000 f24=0x80000000
      75305.000 ns	      7529	80001b60	e0098c53	fmv.x.w	x24,f19	 f19:0x00000000 x24=0x00000000
      75675.000 ns	      7566	80001b64	03b56033	rem	x0,x10,x27	 x10:0x00820480 x27:0x0000009b
      75705.000 ns	      7569	80001b68	c0029dd3	fcvt.w.s	x27,f5	  f5:0x4e080000 x27=0x22000000
      75725.000 ns	      7571	80001b6c	76386d13	ori	x26,x16,1891	 x16:0x00000000 x26=0x00000763
      75735.000 ns	      7572	80001b70	f16b6393	ori	x7,x22,-234	 x22:0x00000000  x7=0xffffff16
      75775.000 ns	      7576	80001b74	08a6be53	fsub.s	f28,f13,f10	 f13:0x464054b4 f10:0x00000000 f28=0x464054b4
      75795.000 ns	      7578	80001b78	005638b3	sltu	x17,x12,x5	 x12:0xec5313c0  x5:0x00000000 x17=0x00000000
      75805.000 ns	      7579	80001b7c	00113db3	sltu	x27,x2,x1	  x2:0x3c247afc  x1:0x00000000 x27=0x00000000
      75825.000 ns	      7581	80001b80	f00c8fd3	fmv.w.x	f31,x25	 x25:0x000004db f31=0x000004db
      75865.000 ns	      7585	80001b84	18f47f53	fdiv.s	f30,f8,f15	  f8:0x80001000 f15:0x80000000 f30=0x7f800000
      75885.000 ns	      7587	80001b88	40cc0233	sub	x4,x24,x12	 x24:0x00000000 x12:0xec5313c0  x4=0x13acec40
      75905.000 ns	      7589	80001b8c	c005fad3	fcvt.w.s	x21,f11	 f11:0x00000000 x21=0x00000000
      75935.000 ns	      7592	80001b90	e00d1c53	fclass.s	x24,f26	 f26:0x464054b4 x24=0x00000040
      75965.000 ns	      7595	80001b94	a1b91053	flt.s	x0,f18,f27	 f18:0x4d880000 f27:0x00001000
      75985.000 ns	      7597	80001b98	01484a33	xor	x20,x16,x20	 x16:0x00000000 x20:0x00000001 x20=0x00000001
      76025.000 ns	      7601	80001b9c	085d81d3	fsub.s	f3,f27,f5	 f27:0x00001000  f5:0x4e080000  f3=0xce080000
      76045.000 ns	      7603	80001ba0	4009da33	sra	x20,x19,x0	 x19:0x00000000  x0:0x00000000 x20=0x00000000
      76055.000 ns	      7604	80001ba4	010607b3	add	x15,x12,x16	 x12:0xec5313c0 x16:0x00000000 x15=0xec5313c0
      76065.000 ns	      7605	80001ba8	d41a4493	xori	x9,x20,-703	 x20:0x00000001  x9=0xfffffd41
      76075.000 ns	      7606	80001bac	01147d33	and	x26,x8,x17	  x8:0x00820480 x17:0x00000000 x26=0x00000000
      76095.000 ns	      7608	80001bb0	28621953	fmax.s	f18,f4,f6	  f4:0x7fc00000  f6:0x4e080000 f18=0x4e080000
      76115.000 ns	      7610	80001bb4	015af833	and	x16,x21,x21	 x21:0x00000000 x21:0x00000000 x16=0x00000000
      76135.000 ns	      7612	80001bb8	020b5433	divu	x8,x22,x0	 x22:0x00000000  x0:0x00000000  x8=0xffffffff
      76165.000 ns	      7615	80001bbc	21e52ad3	fsgnjx.s	f21,f10,f30	 f10:0x00000000 f30:0x7f800000 f21=0x00000000
      76185.000 ns	      7617	80001bc0	40245633	sra	x12,x8,x2	  x8:0xffffffff  x2:0x3c247afc x12=0xffffffff
      76205.000 ns	      7619	80001bc4	d00678d3	fcvt.s.w	f17,x12	 x12:0xec5313c0 f17=0xbf800000
      76225.000 ns	      7621	80001bc8	001132b3	sltu	x5,x2,x1	  x2:0x3c247afc  x1:0x00000000  x5=0x00000000
      76245.000 ns	      7623	80001bcc	e0071153	fclass.s	x2,f14	 f14:0x80000000  x2=0x00000008
      76295.000 ns	      7628	80001bd0	00c60a53	fadd.s	f20,f12,f12	 f12:0x00000000 f12:0x00000000 f20=0x00000000
      76325.000 ns	      7631	80001bd4	d00e9dd3	fcvt.s.w	f27,x29	 x29:0x00003015 f27=0x46405400
      76345.000 ns	      7633	80001bd8	015c1a93	slli	x21,x24,0x15	 x24:0x00000040 x21=0x08000000
      76355.000 ns	      7634	80001bdc	4115d413	srai	x8,x11,0x11	 x11:0x9dd16b60  x8=0xffffcee8
      76375.000 ns	      7636	80001be0	200d0653	fsgnj.s	f12,f26,f0	 f26:0x464054b4  f0:0xcf000410 f12=0xc64054b4
      76405.000 ns	      7639	80001be4	e00a10d3	fclass.s	x1,f20	 f20:0x00000000  x1=0x00000010
      76425.000 ns	      7641	80001be8	6cd96a13	ori	x20,x18,1741	 x18:0x80040fe4 x20=0x80040fed
      76435.000 ns	      7642	80001bec	01f1da13	srli	x20,x3,0x1f	  x3:0x80041024 x20=0x00000001
      76465.000 ns	      7645	80001bf0	11672b53	fmul.s	f22,f14,f22	 f14:0x80000000 f22:0x00000000 f22=0x80000000
      76495.000 ns	      7648	80001bf4	f00587d3	fmv.w.x	f15,x11	 x11:0x9dd16b60 f15=0x9dd16b60
      76515.000 ns	      7650	80001bf8	41735a33	sra	x20,x6,x23	  x6:0x80041024 x23:0x00000000 x20=0x80041024
      76525.000 ns	      7651	80001bfc	c8a94593	xori	x11,x18,-886	 x18:0x80040fe4 x11=0x7ffbf36e
      76545.000 ns	      7653	80001c00	031dcfb3	div	x31,x27,x17	 x27:0x00000000 x17:0x00000000 x31=0xffffffff
      76565.000 ns	      7655	80001c04	01ee6433	or	x8,x28,x30	 x28:0x6ba89ad8 x30:0xec5313c0  x8=0xeffb9bd8
      76585.000 ns	      7657	80001c08	032d0a33	mul	x20,x26,x18	 x26:0x00000000 x18:0x80040fe4 x20=0x00000000
      76615.000 ns	      7660	80001c0c	030cc9b3	div	x19,x25,x16	 x25:0x000004db x16:0x00000000 x19=0xffffffff
      76635.000 ns	      7662	80001c10	00ae1e33	sll	x28,x28,x10	 x28:0x6ba89ad8 x10:0x00820480 x28=0x6ba89ad8
      76655.000 ns	      7664	80001c14	21cfaa53	fsgnjx.s	f20,f31,f28	 f31:0x000004db f28:0x464054b4 f20=0x000004db
      76675.000 ns	      7666	80001c18	007ddd33	srl	x26,x27,x7	 x27:0x00000000  x7:0xffffff16 x26=0x00000000
      76685.000 ns	      7667	80001c1c	16d5c393	xori	x7,x11,365	 x11:0x7ffbf36e  x7=0x7ffbf203
      76695.000 ns	      7668	80001c20	4141d393	srai	x7,x3,0x14	  x3:0x80041024  x7=0xfffff800
      76715.000 ns	      7670	80001c24	c01efdd3	fcvt.wu.s	x27,f29	 f29:0x00000000 x27=0x00000000
      76735.000 ns	      7672	80001c28	01232b33	slt	x22,x6,x18	  x6:0x80041024 x18:0x80040fe4 x22=0x00000000
      76755.000 ns	      7674	80001c2c	29b41153	fmax.s	f2,f8,f27	  f8:0x80001000 f27:0x46405400  f2=0x46405400
      76775.000 ns	      7676	80001c30	cb47ab93	slti	x23,x15,-844	 x15:0xec5313c0 x23=0x00000001
      76785.000 ns	      7677	80001c34	400fd213	srai	x4,x31,0x0	 x31:0xffffffff  x4=0xffffffff
      76825.000 ns	      7681	80001c38	00509753	fadd.s	f14,f1,f5	  f1:0x4e080000  f5:0x4e080000 f14=0x4e880000
      76855.000 ns	      7684	80001c3c	2017a453	fsgnjx.s	f8,f15,f1	 f15:0x9dd16b60  f1:0x4e080000  f8=0x9dd16b60
      77225.000 ns	      7721	80001c40	02f460b3	rem	x1,x8,x15	  x8:0xeffb9bd8 x15:0xec5313c0  x1=0xeffb9bd8
      78405.000 ns	      7839	80001c44	5806f0d3	fsqrt.s	f1,f13	 f13:0x464054b4  f1=0x4287ff8e
      78435.000 ns	      7842	80001c48	c009fad3	fcvt.w.s	x21,f19	 f19:0x00000000 x21=0x00000000
      78455.000 ns	      7844	80001c4c	01295413	srli	x8,x18,0x12	 x18:0x80040fe4  x8=0x00002001
      78465.000 ns	      7845	80001c50	404a0133	sub	x2,x20,x4	 x20:0x00000000  x4:0xffffffff  x2=0x00000001
      78485.000 ns	      7847	80001c54	218624d3	fsgnjx.s	f9,f12,f24	 f12:0xc64054b4 f24:0x80000000  f9=0x464054b4
      78505.000 ns	      7849	80001c58	1a20ba93	sltiu	x21,x1,418	  x1:0xeffb9bd8 x21=0x00000000
      78515.000 ns	      7850	80001c5c	018e7bb3	and	x23,x28,x24	 x28:0x6ba89ad8 x24:0x00000040 x23=0x00000040
      78535.000 ns	      7852	80001c60	c01a80d3	fcvt.wu.s	x1,f21	 f21:0x00000000  x1=0x00000000
      78555.000 ns	      7854	80001c64	01c159b3	srl	x19,x2,x28	  x2:0x00000001 x28:0x6ba89ad8 x19=0x00000000
      78565.000 ns	      7855	80001c68	412c59b3	sra	x19,x24,x18	 x24:0x00000040 x18:0x80040fe4 x19=0x00000004
      78575.000 ns	      7856	80001c6c	019ea133	slt	x2,x29,x25	 x29:0x00003015 x25:0x000004db  x2=0x00000000
      78585.000 ns	      7857	80001c70	00cc1a33	sll	x20,x24,x12	 x24:0x00000040 x12:0xffffffff x20=0x00000000
      78605.000 ns	      7859	80001c74	d01ec7d3	fcvt.s.wu	f15,x29	 x29:0x00003015 f15=0x46405400
      78625.000 ns	      7861	80001c78	417a00b3	sub	x1,x20,x23	 x20:0x00000000 x23:0x00000040  x1=0xffffffc0
      78955.000 ns	      7894	80001c7c	18037953	fdiv.s	f18,f6,f0	  f6:0x4e080000  f0:0xcf000410 f18=0xbe080000
      78975.000 ns	      7896	80001c80	67908d13	addi	x26,x1,1657	  x1:0x00000000 x26=0x00000639
      78995.000 ns	      7898	80001c84	a0ea1c53	flt.s	x24,f20,f14	 f20:0x000004db f14:0x4e880000 x24=0x00000001
      79015.000 ns	      7900	80001c88	01a7fe33	and	x28,x15,x26	 x15:0xec5313c0 x26:0x00000000 x28=0x00000200
      79025.000 ns	      7901	80001c8c	10c96f93	ori	x31,x18,268	 x18:0x80040fe4 x31=0x80040fec
      79035.000 ns	      7902	80001c90	da1e9497	auipc	x9,0xda1e9	  x9=0x5a1eac90
      79045.000 ns	      7903	80001c94	01a4c5b3	xor	x11,x9,x26	  x9:0xfffffd41 x26:0x00000639 x11=0x5a1eaaa9
      79055.000 ns	      7904	80001c98	01a968b3	or	x17,x18,x26	 x18:0x80040fe4 x26:0x00000639 x17=0x80040ffd
      79075.000 ns	      7906	80001c9c	2002a4d3	fsgnjx.s	f9,f5,f0	  f5:0x4e080000  f0:0xcf000410  f9=0xce080000
      79105.000 ns	      7909	80001ca0	03d6a7b3	mulhsu	x15,x13,x29	 x13:0x00000010 x29:0x00003015 x15=0x00000000
      79145.000 ns	      7913	80001ca4	10a8f6d3	fmul.s	f13,f17,f10	 f17:0xbf800000 f10:0x00000000 f13=0x80000000
      79175.000 ns	      7916	80001ca8	a1f48453	fle.s	x8,f9,f31	  f9:0xce080000 f31:0x000004db  x8=0x00000001
      79215.000 ns	      7920	80001cac	580ca153	fsqrt.s	f2,f25	 f25:0x80040fe4  f2=0x7fc00000
      79235.000 ns	      7922	80001cb0	d2c80c13	addi	x24,x16,-724	 x16:0x00000000 x24=0xfffffd2c
      79255.000 ns	      7924	80001cb4	21b425d3	fsgnjx.s	f11,f8,f27	  f8:0x9dd16b60 f27:0x46405400 f11=0x9dd16b60
      79275.000 ns	      7926	80001cb8	766cf793	andi	x15,x25,1894	 x25:0x000004db x15=0x00000442
      79285.000 ns	      7927	80001cbc	008d2733	slt	x14,x26,x8	 x26:0x00000639  x8:0x00000001 x14=0x00000000
      79305.000 ns	      7929	80001cc0	e0038553	fmv.x.w	x10,f7	  f7:0x00000000 x10=0x00000000
      79325.000 ns	      7931	80001cc4	00c911b3	sll	x3,x18,x12	 x18:0x80040fe4 x12:0xffffffff  x3=0x00000000
      79335.000 ns	      7932	80001cc8	01a41e13	slli	x28,x8,0x1a	  x8:0x00000001 x28=0x04000000
      79355.000 ns	      7934	80001ccc	a1e78e53	fle.s	x28,f15,f30	 f15:0x46405400 f30:0x7f800000 x28=0x00000001
      79385.000 ns	      7937	80001cd0	e00e16d3	fclass.s	x13,f28	 f28:0x464054b4 x13=0x00000040
      79405.000 ns	      7939	80001cd4	001ad993	srli	x19,x21,0x1	 x21:0x00000000 x19=0x00000000
      79415.000 ns	      7940	80001cd8	0159d093	srli	x1,x19,0x15	 x19:0x00000004  x1=0x00000000
      79435.000 ns	      7942	80001cdc	03584b33	div	x22,x16,x21	 x16:0x00000000 x21:0x00000000 x22=0xffffffff
      79455.000 ns	      7944	80001ce0	0015bfb3	sltu	x31,x11,x1	 x11:0x5a1eaaa9  x1:0xffffffc0 x31=0x00000000
      79475.000 ns	      7946	80001ce4	d01f7153	fcvt.s.wu	f2,x30	 x30:0xec5313c0  f2=0x4f6c5313
      79495.000 ns	      7948	80001ce8	016ada93	srli	x21,x21,0x16	 x21:0x00000000 x21=0x00000000
      79505.000 ns	      7949	80001cec	014a5833	srl	x16,x20,x20	 x20:0x00000000 x20:0x00000000 x16=0x00000000
      79835.000 ns	      7982	80001cf0	19062753	fdiv.s	f14,f12,f16	 f12:0xc64054b4 f16:0x1f351b24 f14=0xe687c353
      79855.000 ns	      7984	80001cf4	01dd9d93	slli	x27,x27,0x1d	 x27:0x00000000 x27=0x00000000
      79875.000 ns	      7986	80001cf8	c0101853	fcvt.wu.s	x16,f0	  f0:0xcf000410 x16=0x80041000
      79925.000 ns	      7991	80001cfc	08797d53	fsub.s	f26,f18,f7	 f18:0xbe080000  f7:0x00000000 f26=0xbe080000
      79975.000 ns	      7996	80001d00	08f41a53	fsub.s	f20,f8,f15	  f8:0x9dd16b60 f15:0x46405400 f20=0xc6405400
      79995.000 ns	      7998	80001d04	01130233	add	x4,x6,x17	  x6:0x80041024 x17:0x80040ffd  x4=0x00082021
      80005.000 ns	      7999	80001d08	419d5c33	sra	x24,x26,x25	 x26:0x00000639 x25:0x000004db x24=0x00000000
      80365.000 ns	      8035	80001d0c	029fee33	rem	x28,x31,x9	 x31:0x00000000  x9:0x5a1eac90 x28=0x00000000
      80385.000 ns	      8037	80001d10	0005dd93	srli	x27,x11,0x0	 x11:0x5a1eaaa9 x27=0x5a1eaaa9
      80425.000 ns	      8041	80001d14	00827653	fadd.s	f12,f4,f8	  f4:0x7fc00000  f8:0x9dd16b60 f12=0x7fc00000
      80445.000 ns	      8043	80001d18	a16a7d93	andi	x27,x20,-1514	 x20:0x00000000 x27=0x00000000
      80485.000 ns	      8047	80001d1c	096cfed3	fsub.s	f29,f25,f22	 f25:0x80040fe4 f22:0x80000000 f29=0x80040fe4
      80505.000 ns	      8049	80001d20	00735133	srl	x2,x6,x7	  x6:0x80041024  x7:0xfffff800  x2=0x80041024
      80515.000 ns	      8050	80001d24	00cd3eb3	sltu	x29,x26,x12	 x26:0x00000639 x12:0xffffffff x29=0x00000001
      80525.000 ns	      8051	80001d28	00000013	addi	x0,x0,0	  x0:0x00000000
      80535.000 ns	      8052	80001d2c	01eb2a33	slt	x20,x22,x30	 x22:0xffffffff x30:0xec5313c0 x20=0x00000000
      80545.000 ns	      8053	80001d30	d3aa00b7	lui	x1,0xd3aa0	  x1=0xd3aa0000
      80575.000 ns	      8056	80001d34	109871d3	fmul.s	f3,f16,f9	 f16:0x1f351b24  f9:0xce080000  f3=0xadc06cd6
      80625.000 ns	      8061	80001d38	00c79553	fadd.s	f10,f15,f12	 f15:0x46405400 f12:0x7fc00000 f10=0x7fc00000
      80675.000 ns	      8066	80001d3c	092d1653	fsub.s	f12,f26,f18	 f26:0xbe080000 f18:0xbe080000 f12=0x00000000
      80695.000 ns	      8068	80001d40	00067b33	and	x22,x12,x0	 x12:0xffffffff  x0:0x00000000 x22=0x00000000
      80705.000 ns	      8069	80001d44	006805b3	add	x11,x16,x6	 x16:0x80041000  x6:0x80041024 x11=0x00082024
      80715.000 ns	      8070	80001d48	40fbd713	srai	x14,x23,0xf	 x23:0x00000040 x14=0x00000000
      80745.000 ns	      8073	80001d4c	10c7cf53	fmul.s	f30,f15,f12	 f15:0x46405400 f12:0x00000000 f30=0x00000000
      80775.000 ns	      8076	80001d50	e00987d3	fmv.x.w	x15,f19	 f19:0x00000000 x15=0x00000000
      80795.000 ns	      8078	80001d54	00120a33	add	x20,x4,x1	  x4:0x00082021  x1:0xd3aa0000 x20=0xd3b22021
      80805.000 ns	      8079	80001d58	00ab5633	srl	x12,x22,x10	 x22:0x00000000 x10:0x00000000 x12=0x00000000
      80825.000 ns	      8081	80001d5c	f00a05d3	fmv.w.x	f11,x20	 x20:0x00000000 f11=0xd3b22021
      80845.000 ns	      8083	80001d60	406ed293	srai	x5,x29,0x6	 x29:0x00000001  x5=0x00000000
      80855.000 ns	      8084	80001d64	01ef1cb3	sll	x25,x30,x30	 x30:0xec5313c0 x30:0xec5313c0 x25=0xec5313c0
      80865.000 ns	      8085	80001d68	01a8d6b3	srl	x13,x17,x26	 x17:0x80040ffd x26:0x00000639 x13=0x00000040
      80875.000 ns	      8086	80001d6c	9dafb693	sltiu	x13,x31,-1574	 x31:0x00000000 x13=0x00000001
      80895.000 ns	      8088	80001d70	0241ad33	mulhsu	x26,x3,x4	  x3:0x00000000  x4:0x00082021 x26=0x00000000
      80925.000 ns	      8091	80001d74	218ba153	fsgnjx.s	f2,f23,f24	 f23:0x7fc00000 f24:0x80000000  f2=0xffc00000
      80955.000 ns	      8094	80001d78	d01c8dd3	fcvt.s.wu	f27,x25	 x25:0xec5313c0 f27=0x4f6c5314
      80985.000 ns	      8097	80001d7c	0209ec33	rem	x24,x19,x0	 x19:0x00000000  x0:0x00000000 x24=0x00000000
      81005.000 ns	      8099	80001d80	01f21c33	sll	x24,x4,x31	  x4:0x00082021 x31:0x00000000 x24=0x00082021
      81015.000 ns	      8100	80001d84	41dd05b3	sub	x11,x26,x29	 x26:0x00000000 x29:0x00000001 x11=0xffffffff
      81035.000 ns	      8102	80001d88	f0018c53	fmv.w.x	f24,x3	  x3:0x00000000 f24=0x00000000
      81085.000 ns	      8107	80001d8c	08c0b153	fsub.s	f2,f1,f12	  f1:0x4287ff8e f12:0x00000000  f2=0x4287ff8e
      81105.000 ns	      8109	80001d90	00b27133	and	x2,x4,x11	  x4:0x00082021 x11:0xffffffff  x2=0x00082021
      81125.000 ns	      8111	80001d94	c00ba753	fcvt.w.s	x14,f23	 f23:0x7fc00000 x14=0x7fffffff
      81155.000 ns	      8114	80001d98	c007f4d3	fcvt.w.s	x9,f15	 f15:0x46405400  x9=0x00003015
      81175.000 ns	      8116	80001d9c	012bcdb3	xor	x27,x23,x18	 x23:0x00000040 x18:0x80040fe4 x27=0x80040fa4
      81195.000 ns	      8118	80001da0	e00a8d53	fmv.x.w	x26,f21	 f21:0x00000000 x26=0x00000000
      81215.000 ns	      8120	80001da4	f2536793	ori	x15,x6,-219	  x6:0x80041024 x15=0xffffff25
      81225.000 ns	      8121	80001da8	d9e6aa93	slti	x21,x13,-610	 x13:0x00000001 x21=0x00000000
      81235.000 ns	      8122	80001dac	00e297b3	sll	x15,x5,x14	  x5:0x00000000 x14:0x7fffffff x15=0x00000000
      81245.000 ns	      8123	80001db0	01b07133	and	x2,x0,x27	  x0:0x00000000 x27:0x80040fa4  x2=0x00000000
      81255.000 ns	      8124	80001db4	4137dcb3	sra	x25,x15,x19	 x15:0xffffff25 x19:0x00000000 x25=0x00000000
      81265.000 ns	      8125	80001db8	4071de33	sra	x28,x3,x7	  x3:0x00000000  x7:0xfffff800 x28=0x00000000
      81285.000 ns	      8127	80001dbc	c0001dd3	fcvt.w.s	x27,f0	  f0:0xcf000410 x27=0x80000000
      81335.000 ns	      8132	80001dc0	01f2c753	fadd.s	f14,f5,f31	  f5:0x4e080000 f31:0x000004db f14=0x4e080000
      81355.000 ns	      8134	80001dc4	0071d0b3	srl	x1,x3,x7	  x3:0x00000000  x7:0xfffff800  x1=0x00000000
      81375.000 ns	      8136	80001dc8	d0107153	fcvt.s.wu	f2,x0	  x0:0x00000000  f2=0x00000000
      81395.000 ns	      8138	80001dcc	07e42f93	slti	x31,x8,126	  x8:0x00000001 x31=0x00000001
      81405.000 ns	      8139	80001dd0	004e4db3	xor	x27,x28,x4	 x28:0x00000000  x4:0x00082021 x27=0x00082021
      81415.000 ns	      8140	80001dd4	0000b6b3	sltu	x13,x1,x0	  x1:0x00000000  x0:0x00000000 x13=0x00000000
      81775.000 ns	      8176	80001dd8	03017233	remu	x4,x2,x16	  x2:0x00000000 x16:0x80041000  x4=0x00000000
      81795.000 ns	      8178	80001ddc	01276db3	or	x27,x14,x18	 x14:0x7fffffff x18:0x80040fe4 x27=0xffffffff
      81805.000 ns	      8179	80001de0	0136dd33	srl	x26,x13,x19	 x13:0x00000000 x19:0x00000000 x26=0x00000000
      81815.000 ns	      8180	80001de4	00000013	addi	x0,x0,0	  x0:0x00000000
      81825.000 ns	      8181	80001de8	00ac16b3	sll	x13,x24,x10	 x24:0x00082021 x10:0x00000000 x13=0x00082021
      81845.000 ns	      8183	80001dec	02fa0e33	mul	x28,x20,x15	 x20:0xd3b22021 x15:0x00000000 x28=0x00000000
      81865.000 ns	      8185	80001df0	e485c5b7	lui	x11,0xe485c	 x11=0xe485c000
      81885.000 ns	      8187	80001df4	03c78633	mul	x12,x15,x28	 x15:0x00000000 x28:0x00000000 x12=0x00000000
      81935.000 ns	      8192	80001df8	08bd7bd3	fsub.s	f23,f26,f11	 f26:0xbe080000 f11:0xd3b22021 f23=0x53b22020
      81965.000 ns	      8195	80001dfc	c0169c53	fcvt.wu.s	x24,f13	 f13:0x80000000 x24=0x00000000
      81985.000 ns	      8197	80001e00	008f9213	slli	x4,x31,0x8	 x31:0x00000001  x4=0x00000100
      81995.000 ns	      8198	80001e04	00000013	addi	x0,x0,0	  x0:0x00000000
      82035.000 ns	      8202	80001e08	09b3fb53	fsub.s	f22,f7,f27	  f7:0x00000000 f27:0x4f6c5314 f22=0xcf6c5314
      82065.000 ns	      8205	80001e0c	c00a38d3	fcvt.w.s	x17,f20	 f20:0xc6405400 x17=0xffffcfeb
      82095.000 ns	      8208	80001e10	f00589d3	fmv.w.x	f19,x11	 x11:0xe485c000 f19=0xe485c000
      82145.000 ns	      8213	80001e14	0173fb53	fadd.s	f22,f7,f23	  f7:0x00000000 f23:0x53b22020 f22=0x53b22020
      82165.000 ns	      8215	80001e18	00000013	addi	x0,x0,0	  x0:0x00000000
      82185.000 ns	      8217	80001e1c	a0ff0553	fle.s	x10,f30,f15	 f30:0x00000000 f15:0x46405400 x10=0x00000001
      82205.000 ns	      8219	80001e20	0106eb33	or	x22,x13,x16	 x13:0x00082021 x16:0x80041000 x22=0x800c3021
      82215.000 ns	      8220	80001e24	01988233	add	x4,x17,x25	 x17:0xffffcfeb x25:0x00000000  x4=0xffffcfeb
      82575.000 ns	      8256	80001e28	027dc0b3	div	x1,x27,x7	 x27:0xffffffff  x7:0xfffff800  x1=0x00000000
      82595.000 ns	      8258	80001e2c	0193dab3	srl	x21,x7,x25	  x7:0xfffff800 x25:0x00000000 x21=0xfffff800
      82615.000 ns	      8260	80001e30	e0091253	fclass.s	x4,f18	 f18:0xbe080000  x4=0x00000002
      82645.000 ns	      8263	80001e34	03d5b2b3	mulhu	x5,x11,x29	 x11:0xe485c000 x29:0x00000001  x5=0x00000000
      82675.000 ns	      8266	80001e38	c00ca453	fcvt.w.s	x8,f25	 f25:0x80040fe4  x8=0x00000000
      83045.000 ns	      8303	80001e3c	037ec3b3	div	x7,x29,x23	 x29:0x00000001 x23:0x00000040  x7=0x00000000
      83075.000 ns	      8306	80001e40	291d00d3	fmin.s	f1,f26,f17	 f26:0xbe080000 f17:0xbf800000  f1=0xbf800000
      83095.000 ns	      8308	80001e44	b20c6a93	ori	x21,x24,-1248	 x24:0x00000000 x21=0xfffffb20
      83115.000 ns	      8310	80001e48	296413d3	fmax.s	f7,f8,f22	  f8:0x9dd16b60 f22:0x53b22020  f7=0x53b22020
      83135.000 ns	      8312	80001e4c	f260c893	xori	x17,x1,-218	  x1:0x00000000 x17=0xffffff26
      83155.000 ns	      8314	80001e50	03952eb3	mulhsu	x29,x10,x25	 x10:0x00000001 x25:0x00000000 x29=0x00000000
      83175.000 ns	      8316	80001e54	00000013	addi	x0,x0,0	  x0:0x00000000
      83185.000 ns	      8317	80001e58	ee352813	slti	x16,x10,-285	 x10:0x00000001 x16=0x00000000
      83195.000 ns	      8318	80001e5c	002c36b3	sltu	x13,x24,x2	 x24:0x00000000  x2:0x00000000 x13=0x00000000
      83205.000 ns	      8319	80001e60	62bf8193	addi	x3,x31,1579	 x31:0x00000001  x3=0x0000062c
      83215.000 ns	      8320	80001e64	41994113	xori	x2,x18,1049	 x18:0x80040fe4  x2=0x80040bfd
      83235.000 ns	      8322	80001e68	20ff9e53	fsgnjn.s	f28,f31,f15	 f31:0x000004db f15:0x46405400 f28=0x800004db
      83255.000 ns	      8324	80001e6c	94ad8f93	addi	x31,x27,-1718	 x27:0xffffffff x31=0xfffff949
      83265.000 ns	      8325	80001e70	5e2f2817	auipc	x16,0x5e2f2	 x16=0xde2f3e70
      83285.000 ns	      8327	80001e74	e00c0b53	fmv.x.w	x22,f24	 f24:0x00000000 x22=0x00000000
      83305.000 ns	      8329	80001e78	e39dfd13	andi	x26,x27,-455	 x27:0xffffffff x26=0xfffffe39
      83345.000 ns	      8333	80001e7c	00c64553	fadd.s	f10,f12,f12	 f12:0x00000000 f12:0x00000000 f10=0x00000000
      83375.000 ns	      8336	80001e80	f00f0c53	fmv.w.x	f24,x30	 x30:0xec5313c0 f24=0xec5313c0
      83405.000 ns	      8339	80001e84	28a29e53	fmax.s	f28,f5,f10	  f5:0x4e080000 f10:0x00000000 f28=0x4e080000
      83425.000 ns	      8341	80001e88	adc7f397	auipc	x7,0xadc7f	  x7=0x2dc80e88
      83465.000 ns	      8345	80001e8c	01db75d3	fadd.s	f11,f22,f29	 f22:0x53b22020 f29:0x80040fe4 f11=0x53b22020
      83495.000 ns	      8348	80001e90	d00293d3	fcvt.s.w	f7,x5	  x5:0x00000000  f7=0x00000000
      83525.000 ns	      8351	80001e94	02aabb33	mulhu	x22,x21,x10	 x21:0xfffffb20 x10:0x00000001 x22=0x00000000
      83555.000 ns	      8354	80001e98	0330ce33	div	x28,x1,x19	  x1:0x00000000 x19:0x00000000 x28=0xffffffff
      83925.000 ns	      8391	80001e9c	03aa4433	div	x8,x20,x26	 x20:0xd3b22021 x26:0xfffffe39  x8=0x0018ed5c
      83955.000 ns	      8394	80001ea0	036affb3	remu	x31,x21,x22	 x21:0xfffffb20 x22:0x00000000 x31=0xfffffb20
      83985.000 ns	      8397	80001ea4	d0063ed3	fcvt.s.w	f29,x12	 x12:0x00000000 f29=0x00000000
      84015.000 ns	      8400	80001ea8	291e8753	fmin.s	f14,f29,f17	 f29:0x80040fe4 f17:0xbf800000 f14=0xbf800000
      84045.000 ns	      8403	80001eac	a0901153	flt.s	x2,f0,f9	  f0:0xcf000410  f9:0xce080000  x2=0x00000001
      84075.000 ns	      8406	80001eb0	21218453	fsgnj.s	f8,f3,f18	  f3:0xadc06cd6 f18:0xbe080000  f8=0xadc06cd6
      84115.000 ns	      8410	80001eb4	10d67bd3	fmul.s	f23,f12,f13	 f12:0x00000000 f13:0x80000000 f23=0x80000000
      84135.000 ns	      8412	80001eb8	41068733	sub	x14,x13,x16	 x13:0x00000000 x16:0xde2f3e70 x14=0x21d0c190
      84145.000 ns	      8413	80001ebc	00dd2d33	slt	x26,x26,x13	 x26:0xfffffe39 x13:0x00000000 x26=0x00000001
      84165.000 ns	      8415	80001ec0	e00e94d3	fclass.s	x9,f29	 f29:0x00000000  x9=0x00000010
      84185.000 ns	      8417	80001ec4	01b4d793	srli	x15,x9,0x1b	  x9:0x00003015 x15=0x00000000
      84205.000 ns	      8419	80001ec8	0399c233	div	x4,x19,x25	 x19:0x00000000 x25:0x00000000  x4=0xffffffff
      84225.000 ns	      8421	80001ecc	6d89cc93	xori	x25,x19,1752	 x19:0x00000000 x25=0x000006d8
      84245.000 ns	      8423	80001ed0	03b816b3	mulh	x13,x16,x27	 x16:0xde2f3e70 x27:0xffffffff x13=0x00000000
      84265.000 ns	      8425	80001ed4	018e7633	and	x12,x28,x24	 x28:0xffffffff x24:0x00000000 x12=0x00000000
      84285.000 ns	      8427	80001ed8	0226b633	mulhu	x12,x13,x2	 x13:0x00000000  x2:0x00000001 x12=0x00000000
      84315.000 ns	      8430	80001edc	e0029753	fclass.s	x14,f5	  f5:0x4e080000 x14=0x00000040
      84335.000 ns	      8432	80001ee0	5b6ff037	lui	x0,0x5b6ff	
      84345.000 ns	      8433	80001ee4	1e13fb93	andi	x23,x7,481	  x7:0x2dc80e88 x23=0x00000080
      84365.000 ns	      8435	80001ee8	e0008a53	fmv.x.w	x20,f1	  f1:0xbf800000 x20=0xbf800000
      84385.000 ns	      8437	80001eec	57774e37	lui	x28,0x57774	 x28=0x57774000
      84405.000 ns	      8439	80001ef0	a14c91d3	flt.s	x3,f25,f20	 f25:0x80040fe4 f20:0xc6405400  x3=0x00000000
      84435.000 ns	      8442	80001ef4	f00c0d53	fmv.w.x	f26,x24	 x24:0x00000000 f26=0x00000000
      84805.000 ns	      8479	80001ef8	022d6633	rem	x12,x26,x2	 x26:0x00000001  x2:0x00000001 x12=0x00000000
      84825.000 ns	      8481	80001efc	003eceb3	xor	x29,x29,x3	 x29:0x00000000  x3:0x00000000 x29=0x00000000
      84835.000 ns	      8482	80001f00	0013f433	and	x8,x7,x1	  x7:0x2dc80e88  x1:0x00000000  x8=0x00000000
      84845.000 ns	      8483	80001f04	3b250893	addi	x17,x10,946	 x10:0x00000001 x17=0x000003b3
      84865.000 ns	      8485	80001f08	c01af7d3	fcvt.wu.s	x15,f21	 f21:0x00000000 x15=0x00000000
      84885.000 ns	      8487	80001f0c	012fb233	sltu	x4,x31,x18	 x31:0xfffffb20 x18:0x80040fe4  x4=0x00000000
      84915.000 ns	      8490	80001f10	580aa2d3	fsqrt.s	f5,f21	 f21:0x00000000  f5=0x00000000
      84935.000 ns	      8492	80001f14	00000013	addi	x0,x0,0	  x0:0x00000000
      84955.000 ns	      8494	80001f18	28301953	fmax.s	f18,f0,f3	  f0:0xcf000410  f3:0xadc06cd6 f18=0xadc06cd6
      84985.000 ns	      8497	80001f1c	29051d53	fmax.s	f26,f10,f16	 f10:0x00000000 f16:0x1f351b24 f26=0x1f351b24
      85005.000 ns	      8499	80001f20	01071593	slli	x11,x14,0x10	 x14:0x00000040 x11=0x00400000
      85025.000 ns	      8501	80001f24	f00a88d3	fmv.w.x	f17,x21	 x21:0xfffffb20 f17=0xfffffb20
      85045.000 ns	      8503	80001f28	408c8833	sub	x16,x25,x8	 x25:0x000006d8  x8:0x00000000 x16=0x000006d8
      85055.000 ns	      8504	80001f2c	a7603493	sltiu	x9,x0,-1418	  x0:0x00000000  x9=0x00000001
      85065.000 ns	      8505	80001f30	0083d3b3	srl	x7,x7,x8	  x7:0x2dc80e88  x8:0x00000000  x7=0x2dc80e88
      85095.000 ns	      8508	80001f34	10727e53	fmul.s	f28,f4,f7	  f4:0x7fc00000  f7:0x00000000 f28=0x7fc00000
      85125.000 ns	      8511	80001f38	219b8d53	fsgnj.s	f26,f23,f25	 f23:0x80000000 f25:0x80040fe4 f26=0x80000000
      85155.000 ns	      8514	80001f3c	a191aa53	feq.s	x20,f3,f25	  f3:0xadc06cd6 f25:0x80040fe4 x20=0x00000000
      85205.000 ns	      8519	80001f40	082b4353	fsub.s	f6,f22,f2	 f22:0x53b22020  f2:0x00000000  f6=0x53b22020
      85235.000 ns	      8522	80001f44	a02712d3	flt.s	x5,f14,f2	 f14:0xbf800000  f2:0x00000000  x5=0x00000001
      85255.000 ns	      8524	80001f48	d62ca097	auipc	x1,0xd62ca	  x1=0x562cbf48
      85275.000 ns	      8526	80001f4c	284697d3	fmax.s	f15,f13,f4	 f13:0x80000000  f4:0x7fc00000 f15=0x80000000
      85305.000 ns	      8529	80001f50	02378733	mul	x14,x15,x3	 x15:0x00000000  x3:0x00000000 x14=0x00000000
      85335.000 ns	      8532	80001f54	282f9ed3	fmax.s	f29,f31,f2	 f31:0x000004db  f2:0x00000000 f29=0x000004db
      85365.000 ns	      8535	80001f58	f00485d3	fmv.w.x	f11,x9	  x9:0x00000001 f11=0x00000001
      85395.000 ns	      8538	80001f5c	d00b7353	fcvt.s.w	f6,x22	 x22:0x00000000  f6=0x00000000
      85425.000 ns	      8541	80001f60	c01814d3	fcvt.wu.s	x9,f16	 f16:0x1f351b24  x9=0x00000000
      85455.000 ns	      8544	80001f64	c012fe53	fcvt.wu.s	x28,f5	  f5:0x00000000 x28=0x00000000
      85495.000 ns	      8548	80001f68	19c0f053	fdiv.s	f0,f1,f28	  f1:0xbf800000 f28:0x7fc00000  f0=0x7fc00000
      85865.000 ns	      8585	80001f6c	02bc49b3	div	x19,x24,x11	 x24:0x00000000 x11:0x00400000 x19=0x00000000
      85915.000 ns	      8590	80001f70	006dfdd3	fadd.s	f27,f27,f6	 f27:0x4f6c5314  f6:0x00000000 f27=0x4f6c5314
      85945.000 ns	      8593	80001f74	204890d3	fsgnjn.s	f1,f17,f4	 f17:0xfffffb20  f4:0x7fc00000  f1=0xfffffb20
      85975.000 ns	      8596	80001f78	02e65633	divu	x12,x12,x14	 x12:0x00000000 x14:0x00000000 x12=0xffffffff
      86005.000 ns	      8599	80001f7c	215b9cd3	fsgnjn.s	f25,f23,f21	 f23:0x80000000 f21:0x00000000 f25=0x80000000
      86025.000 ns	      8601	80001f80	1f8b8e13	addi	x28,x23,504	 x23:0x00000080 x28=0x00000278
      86055.000 ns	      8604	80001f84	580a80d3	fsqrt.s	f1,f21	 f21:0x00000000  f1=0x00000000
      86075.000 ns	      8606	80001f88	00095133	srl	x2,x18,x0	 x18:0x80040fe4  x0:0x00000000  x2=0x80040fe4
      86085.000 ns	      8607	80001f8c	00000013	addi	x0,x0,0	  x0:0x00000000
      86445.000 ns	      8643	80001f90	0276f733	remu	x14,x13,x7	 x13:0x00000000  x7:0x2dc80e88 x14=0x00000000
      86495.000 ns	      8648	80001f94	003ef9d3	fadd.s	f19,f29,f3	 f29:0x000004db  f3:0xadc06cd6 f19=0xadc06cd6
      86515.000 ns	      8650	80001f98	003761b3	or	x3,x14,x3	 x14:0x00000000  x3:0x00000000  x3=0x00000000
      86525.000 ns	      8651	80001f9c	40fa03b3	sub	x7,x20,x15	 x20:0x00000000 x15:0x00000000  x7=0x00000000
      86545.000 ns	      8653	80001fa0	29b59953	fmax.s	f18,f11,f27	 f11:0x00000001 f27:0x4f6c5314 f18=0x4f6c5314
      86565.000 ns	      8655	80001fa4	0192eab3	or	x21,x5,x25	  x5:0x00000001 x25:0x000006d8 x21=0x000006d9
      87735.000 ns	      8772	80001fa8	580ef853	fsqrt.s	f16,f29	 f29:0x000004db f16=0x1f350b60
      87755.000 ns	      8774	80001fac	41410db3	sub	x27,x2,x20	  x2:0x80040fe4 x20:0x00000000 x27=0x80040fe4
      87775.000 ns	      8776	80001fb0	a1b11853	flt.s	x16,f2,f27	  f2:0x00000000 f27:0x4f6c5314 x16=0x00000001
      87805.000 ns	      8779	80001fb4	e00508d3	fmv.x.w	x17,f10	 f10:0x00000000 x17=0x00000000
      87825.000 ns	      8781	80001fb8	d7238293	addi	x5,x7,-654	  x7:0x00000000  x5=0xfffffd72
      87835.000 ns	      8782	80001fbc	017d1a93	slli	x21,x26,0x17	 x26:0x00000001 x21=0x00800000
      87865.000 ns	      8785	80001fc0	58034b53	fsqrt.s	f22,f6	  f6:0x00000000 f22=0x00000000
      87885.000 ns	      8787	80001fc4	82747613	andi	x12,x8,-2009	  x8:0x00000000 x12=0x00000000
      87895.000 ns	      8788	80001fc8	00ff4533	xor	x10,x30,x15	 x30:0xec5313c0 x15:0x00000000 x10=0xec5313c0
      87915.000 ns	      8790	80001fcc	c01ebd53	fcvt.wu.s	x26,f29	 f29:0x000004db x26=0x00000000
      89005.000 ns	      8899	80001fd0	580fcad3	fsqrt.s	f21,f31	 f31:0x000004db f21=0x1f350b60
      89025.000 ns	      8901	80001fd4	7ad0c217	auipc	x4,0x7ad0c	  x4=0xfad0dfd4
      89035.000 ns	      8902	80001fd8	40425813	srai	x16,x4,0x4	  x4:0x00000000 x16=0xffad0dfd
      89075.000 ns	      8906	80001fdc	0044f853	fadd.s	f16,f9,f4	  f9:0xce080000  f4:0x7fc00000 f16=0x7fc00000
      89095.000 ns	      8908	80001fe0	2741fe93	andi	x29,x3,628	  x3:0x00000000 x29=0x00000000
      89115.000 ns	      8910	80001fe4	f00e00d3	fmv.w.x	f1,x28	 x28:0x00000278  f1=0x00000278
      89155.000 ns	      8914	80001fe8	106abbd3	fmul.s	f23,f21,f6	 f21:0x1f350b60  f6:0x00000000 f23=0x00000000
      89195.000 ns	      8918	80001fec	102dca53	fmul.s	f20,f27,f2	 f27:0x4f6c5314  f2:0x00000000 f20=0x00000000
      89215.000 ns	      8920	80001ff0	000b87b3	add	x15,x23,x0	 x23:0x00000080  x0:0x00000000 x15=0x00000080
      89235.000 ns	      8922	80001ff4	e00f82d3	fmv.x.w	x5,f31	 f31:0x000004db  x5=0x000004db
      89265.000 ns	      8925	80001ff8	c00378d3	fcvt.w.s	x17,f6	  f6:0x00000000 x17=0x00000000
      89285.000 ns	      8927	80001ffc	00cec8b3	xor	x17,x29,x12	 x29:0x00000000 x12:0x00000000 x17=0x00000000
      89305.000 ns	      8929	80002000	0304abb3	mulhsu	x23,x9,x16	  x9:0x00000000 x16:0xffad0dfd x23=0x00000000
      89355.000 ns	      8934	80002004	01cef853	fadd.s	f16,f29,f28	 f29:0x000004db f28:0x7fc00000 f16=0x7fc00000
      89385.000 ns	      8937	80002008	20358e53	fsgnj.s	f28,f11,f3	 f11:0x00000001  f3:0xadc06cd6 f28=0x80000001
      89415.000 ns	      8940	8000200c	f0000bd3	fmv.w.x	f23,x0	  x0:0x00000000 f23=0x00000000
      89435.000 ns	      8942	80002010	00000013	addi	x0,x0,0	  x0:0x00000000
      89465.000 ns	      8945	80002014	10a89553	fmul.s	f10,f17,f10	 f17:0xfffffb20 f10:0x00000000 f10=0x7fc00000
      89495.000 ns	      8948	80002018	21429d53	fsgnjn.s	f26,f5,f20	  f5:0x00000000 f20:0x00000000 f26=0x80000000
      89525.000 ns	      8951	8000201c	20a51653	fsgnjn.s	f12,f10,f10	 f10:0x7fc00000 f10:0x7fc00000 f12=0xffc00000
      89565.000 ns	      8955	80002020	18732fd3	fdiv.s	f31,f6,f7	  f6:0x00000000  f7:0x00000000 f31=0x7fc00000
      89595.000 ns	      8958	80002024	03da9833	mulh	x16,x21,x29	 x21:0x00800000 x29:0x00000000 x16=0x00000000
      89625.000 ns	      8961	80002028	d000fc53	fcvt.s.w	f24,x1	  x1:0x562cbf48 f24=0x4eac597e
      89645.000 ns	      8963	8000202c	e1ddfa13	andi	x20,x27,-483	 x27:0x80040fe4 x20=0x80040e04
      89655.000 ns	      8964	80002030	95d64113	xori	x2,x12,-1699	 x12:0x00000000  x2=0xfffff95d
      89675.000 ns	      8966	80002034	281691d3	fmax.s	f3,f13,f1	 f13:0x80000000  f1:0x00000278  f3=0x00000278
      89695.000 ns	      8968	80002038	004018b3	sll	x17,x0,x4	  x0:0x00000000  x4:0xfad0dfd4 x17=0x00000000
      89705.000 ns	      8969	8000203c	0078dc13	srli	x24,x17,0x7	 x17:0x00000000 x24=0x00000000
      89715.000 ns	      8970	80002040	33430713	addi	x14,x6,820	  x6:0x80041024 x14=0x80041358
      89755.000 ns	      8974	80002044	09d97253	fsub.s	f4,f18,f29	 f18:0x4f6c5314 f29:0x000004db  f4=0x4f6c5314
      89785.000 ns	      8977	80002048	03228833	mul	x16,x5,x18	  x5:0x000004db x18:0x80040fe4 x16=0x93b9280c
      89835.000 ns	      8982	8000204c	00a81ed3	fadd.s	f29,f16,f10	 f16:0x7fc00000 f10:0x7fc00000 f29=0x7fc00000
      89855.000 ns	      8984	80002050	01393bb3	sltu	x23,x18,x19	 x18:0x80040fe4 x19:0x00000000 x23=0x00000000
      89875.000 ns	      8986	80002054	03afabb3	mulhsu	x23,x31,x26	 x31:0xfffffb20 x26:0x00000000 x23=0x00000000
      89915.000 ns	      8990	80002058	18d7f153	fdiv.s	f2,f15,f13	 f15:0x80000000 f13:0x80000000  f2=0x7fc00000
      89935.000 ns	      8992	8000205c	40af81b3	sub	x3,x31,x10	 x31:0xfffffb20 x10:0xec5313c0  x3=0x13ace760
      89945.000 ns	      8993	80002060	00cbee33	or	x28,x23,x12	 x23:0x00000000 x12:0x00000000 x28=0x00000000
      89965.000 ns	      8995	80002064	c01c7553	fcvt.wu.s	x10,f24	 f24:0x4eac597e x10=0x562cbf00
      89995.000 ns	      8998	80002068	e00982d3	fmv.x.w	x5,f19	 f19:0xadc06cd6  x5=0xadc06cd6
      90025.000 ns	      9001	8000206c	20111bd3	fsgnjn.s	f23,f2,f1	  f2:0x7fc00000  f1:0x00000278 f23=0xffc00000
      90395.000 ns	      9038	80002070	02aa5233	divu	x4,x20,x10	 x20:0x80040e04 x10:0x562cbf00  x4=0x00000001
      90415.000 ns	      9040	80002074	6a44e593	ori	x11,x9,1700	  x9:0x00000000 x11=0x000006a4
      90435.000 ns	      9042	80002078	a05a81d3	fle.s	x3,f21,f5	 f21:0x1f350b60  f5:0x00000000  x3=0x00000000
      90455.000 ns	      9044	8000207c	01d8db93	srli	x23,x17,0x1d	 x17:0x00000000 x23=0x00000000
      90475.000 ns	      9046	80002080	02dc35b3	mulhu	x11,x24,x13	 x24:0x00000000 x13:0x00000000 x11=0x00000000
      90515.000 ns	      9050	80002084	58069cd3	fsqrt.s	f25,f13	 f13:0x80000000 f25=0x80000000
      90545.000 ns	      9053	80002088	02cf52b3	divu	x5,x30,x12	 x30:0xec5313c0 x12:0x00000000  x5=0xffffffff
      90565.000 ns	      9055	8000208c	411c54b3	sra	x9,x24,x17	 x24:0x00000000 x17:0x00000000  x9=0x00000000
      90585.000 ns	      9057	80002090	21df0fd3	fsgnj.s	f31,f30,f29	 f30:0x00000000 f29:0x7fc00000 f31=0x00000000
      90615.000 ns	      9060	80002094	282c0353	fmin.s	f6,f24,f2	 f24:0x4eac597e  f2:0x7fc00000  f6=0x4eac597e
      90635.000 ns	      9062	80002098	f30dad93	slti	x27,x27,-208	 x27:0x80040fe4 x27=0x00000001
      90665.000 ns	      9065	8000209c	19fcc053	fdiv.s	f0,f25,f31	 f25:0x80000000 f31:0x00000000  f0=0x7fc00000
      90685.000 ns	      9067	800020a0	015586b3	add	x13,x11,x21	 x11:0x00000000 x21:0x00800000 x13=0x00800000
      90695.000 ns	      9068	800020a4	412f59b3	sra	x19,x30,x18	 x30:0xec5313c0 x18:0x80040fe4 x19=0xfec5313c
      90715.000 ns	      9070	800020a8	03a9c033	div	x0,x19,x26	 x19:0x00000000 x26:0x00000000
      90735.000 ns	      9072	800020ac	009430b3	sltu	x1,x8,x9	  x8:0x00000000  x9:0x00000000  x1=0x00000000
      90755.000 ns	      9074	800020b0	214186d3	fsgnj.s	f13,f3,f20	  f3:0x00000278 f20:0x00000000 f13=0x00000278
      90775.000 ns	      9076	800020b4	e1e28d13	addi	x26,x5,-482	  x5:0xffffffff x26=0xfffffe1d
      90785.000 ns	      9077	800020b8	400051b3	sra	x3,x0,x0	  x0:0x00000000  x0:0x00000000  x3=0x00000000
      90805.000 ns	      9079	800020bc	20e42853	fsgnjx.s	f16,f8,f14	  f8:0xadc06cd6 f14:0xbf800000 f16=0x2dc06cd6
      90825.000 ns	      9081	800020c0	011b32b3	sltu	x5,x22,x17	 x22:0x00000000 x17:0x00000000  x5=0x00000000
      91155.000 ns	      9114	800020c4	1985c453	fdiv.s	f8,f11,f24	 f11:0x00000001 f24:0x4eac597e  f8=0x00000000
      91185.000 ns	      9117	800020c8	20ad99d3	fsgnjn.s	f19,f27,f10	 f27:0x4f6c5314 f10:0x7fc00000 f19=0xcf6c5314
      91215.000 ns	      9120	800020cc	20269cd3	fsgnjn.s	f25,f13,f2	 f13:0x00000278  f2:0x7fc00000 f25=0x80000278
      91245.000 ns	      9123	800020d0	d01bfad3	fcvt.s.wu	f21,x23	 x23:0x00000000 f21=0x00000000
      91265.000 ns	      9125	800020d4	3891c417	auipc	x8,0x3891c	  x8=0xb891e0d4
      91275.000 ns	      9126	800020d8	01ccd8b3	srl	x17,x25,x28	 x25:0x000006d8 x28:0x00000000 x17=0x000006d8
      91295.000 ns	      9128	800020dc	03d44b33	div	x22,x8,x29	  x8:0x00000000 x29:0x00000000 x22=0xffffffff
      91315.000 ns	      9130	800020e0	00af5493	srli	x9,x30,0xa	 x30:0xec5313c0  x9=0x003b14c4
      91335.000 ns	      9132	800020e4	28051dd3	fmax.s	f27,f10,f0	 f10:0x7fc00000  f0:0x7fc00000 f27=0x7fc00000
      91705.000 ns	      9169	800020e8	0351ce33	div	x28,x3,x21	  x3:0x00000000 x21:0x00800000 x28=0x00000000
      91725.000 ns	      9171	800020ec	861a2d93	slti	x27,x20,-1951	 x20:0x80040e04 x27=0x00000001
      91755.000 ns	      9174	800020f0	11fda8d3	fmul.s	f17,f27,f31	 f27:0x7fc00000 f31:0x00000000 f17=0x7fc00000
      91785.000 ns	      9177	800020f4	d0100553	fcvt.s.wu	f10,x0	  x0:0x00000000 f10=0x00000000
      91815.000 ns	      9180	800020f8	02ebaa33	mulhsu	x20,x23,x14	 x23:0x00000000 x14:0x80041358 x20=0x00000000
      91835.000 ns	      9182	800020fc	41585e33	sra	x28,x16,x21	 x16:0x93b9280c x21:0x00800000 x28=0x93b9280c
      91845.000 ns	      9183	80002100	00dce1b3	or	x3,x25,x13	 x25:0x000006d8 x13:0x00800000  x3=0x008006d8
      91855.000 ns	      9184	80002104	011963b3	or	x7,x18,x17	 x18:0x80040fe4 x17:0x000006d8  x7=0x80040ffc
      91875.000 ns	      9186	80002108	e00f9053	fclass.s	x0,f31	 f31:0x00000000
      91895.000 ns	      9188	8000210c	40e95493	srai	x9,x18,0xe	 x18:0x80040fe4  x9=0xfffe0010
      91905.000 ns	      9189	80002110	00e99ab3	sll	x21,x19,x14	 x19:0xfec5313c x14:0x80041358 x21=0x3c000000
      91925.000 ns	      9191	80002114	0319abb3	mulhsu	x23,x19,x17	 x19:0xfec5313c x17:0x000006d8 x23=0xfffffff7
      91945.000 ns	      9193	80002118	89b9f597	auipc	x11,0x89b9f	 x11=0x09ba1118
      91965.000 ns	      9195	8000211c	a0c005d3	fle.s	x11,f0,f12	  f0:0x7fc00000 f12:0xffc00000 x11=0x00000000
      92335.000 ns	      9232	80002120	0287dcb3	divu	x25,x15,x8	 x15:0x00000080  x8:0xb891e0d4 x25=0x00000000
      92365.000 ns	      9235	80002124	a17d24d3	feq.s	x9,f26,f23	 f26:0x80000000 f23:0xffc00000  x9=0x00000000
      92395.000 ns	      9238	80002128	02ba8ab3	mul	x21,x21,x11	 x21:0x3c000000 x11:0x00000000 x21=0x00000000
      92425.000 ns	      9241	8000212c	03fc80b3	mul	x1,x25,x31	 x25:0x00000000 x31:0xfffffb20  x1=0x00000000
      92455.000 ns	      9244	80002130	207da353	fsgnjx.s	f6,f27,f7	 f27:0x7fc00000  f7:0x00000000  f6=0x7fc00000
      92485.000 ns	      9247	80002134	023000b3	mul	x1,x0,x3	  x0:0x00000000  x3:0x008006d8  x1=0x00000000
      92525.000 ns	      9251	80002138	10b72953	fmul.s	f18,f14,f11	 f14:0xbf800000 f11:0x00000001 f18=0x80000002
      92545.000 ns	      9253	8000213c	005ba433	slt	x8,x23,x5	 x23:0xfffffff7  x5:0x00000000  x8=0x00000001
      92555.000 ns	      9254	80002140	aa370037	lui	x0,0xaa370	
      92575.000 ns	      9256	80002144	0215edb3	rem	x27,x11,x1	 x11:0x00000000  x1:0x00000000 x27=0x00000000
      92605.000 ns	      9259	80002148	20d60a53	fsgnj.s	f20,f12,f13	 f12:0xffc00000 f13:0x00000278 f20=0x7fc00000
      92635.000 ns	      9262	8000214c	20d50cd3	fsgnj.s	f25,f10,f13	 f10:0x00000000 f13:0x00000278 f25=0x00000000
      93005.000 ns	      9299	80002150	03f6fa33	remu	x20,x13,x31	 x13:0x00800000 x31:0xfffffb20 x20=0x00800000
      93025.000 ns	      9301	80002154	419fdbb3	sra	x23,x31,x25	 x31:0xfffffb20 x25:0x00000000 x23=0xfffffb20
      93045.000 ns	      9303	80002158	e00e11d3	fclass.s	x3,f28	 f28:0x80000001  x3=0x00000004
      93095.000 ns	      9308	8000215c	08f87dd3	fsub.s	f27,f16,f15	 f16:0x2dc06cd6 f15:0x80000000 f27=0x2dc06cd6
      93115.000 ns	      9310	80002160	dfa23613	sltiu	x12,x4,-518	  x4:0x00000001 x12=0x00000001
      93135.000 ns	      9312	80002164	a09329d3	feq.s	x19,f6,f9	  f6:0x7fc00000  f9:0xce080000 x19=0x00000000
      93155.000 ns	      9314	80002168	00000013	addi	x0,x0,0	  x0:0x00000000
      93165.000 ns	      9315	8000216c	00d7ccb3	xor	x25,x15,x13	 x15:0x00000080 x13:0x00800000 x25=0x00800080
      93185.000 ns	      9317	80002170	e00a1c53	fclass.s	x24,f20	 f20:0x7fc00000 x24=0x00000200
      93205.000 ns	      9319	80002174	bdd64093	xori	x1,x12,-1059	 x12:0x00000001  x1=0xfffffbdc
      93215.000 ns	      9320	80002178	004d3233	sltu	x4,x26,x4	 x26:0xfffffe1d  x4:0x00000001  x4=0x00000000
      93235.000 ns	      9322	8000217c	29a39d53	fmax.s	f26,f7,f26	  f7:0x00000000 f26:0x80000000 f26=0x00000000
      93255.000 ns	      9324	80002180	40d185b3	sub	x11,x3,x13	  x3:0x00000004 x13:0x00800000 x11=0xff800004
      93275.000 ns	      9326	80002184	28e283d3	fmin.s	f7,f5,f14	  f5:0x00000000 f14:0xbf800000  f7=0xbf800000
      93305.000 ns	      9329	80002188	03dbb9b3	mulhu	x19,x23,x29	 x23:0xfffffb20 x29:0x00000000 x19=0x00000000
      93325.000 ns	      9331	8000218c	00aaffb3	and	x31,x21,x10	 x21:0x00000000 x10:0x562cbf00 x31=0x00000000
      93345.000 ns	      9333	80002190	20d286d3	fsgnj.s	f13,f5,f13	  f5:0x00000000 f13:0x00000278 f13=0x00000000
      93375.000 ns	      9336	80002194	293012d3	fmax.s	f5,f0,f19	  f0:0x7fc00000 f19:0xcf6c5314  f5=0xcf6c5314
      93395.000 ns	      9338	80002198	0033a833	slt	x16,x7,x3	  x7:0x80040ffc  x3:0x00000004 x16=0x00000001
      93415.000 ns	      9340	8000219c	218d96d3	fsgnjn.s	f13,f27,f24	 f27:0x2dc06cd6 f24:0x4eac597e f13=0xadc06cd6
      93435.000 ns	      9342	800021a0	e63c7a13	andi	x20,x24,-413	 x24:0x00000200 x20=0x00000200
      93445.000 ns	      9343	800021a4	c54bce93	xori	x29,x23,-940	 x23:0xfffffb20 x29=0x00000774
      94615.000 ns	      9460	800021a8	580874d3	fsqrt.s	f9,f16	 f16:0x2dc06cd6  f9=0x361cf0d2
      94665.000 ns	      9465	800021ac	09bc7cd3	fsub.s	f25,f24,f27	 f24:0x4eac597e f27:0x2dc06cd6 f25=0x4eac597e
      94685.000 ns	      9467	800021b0	01e4b233	sltu	x4,x9,x30	  x9:0x00000000 x30:0xec5313c0  x4=0x00000001
      94705.000 ns	      9469	800021b4	037e2fb3	mulhsu	x31,x28,x23	 x28:0x93b9280c x23:0xfffffb20 x31=0x93b92a1b
      94725.000 ns	      9471	800021b8	011f4233	xor	x4,x30,x17	 x30:0xec5313c0 x17:0x000006d8  x4=0xec531518
      94745.000 ns	      9473	800021bc	f00707d3	fmv.w.x	f15,x14	 x14:0x80041358 f15=0x80041358
      94765.000 ns	      9475	800021c0	418589b3	sub	x19,x11,x24	 x11:0xff800004 x24:0x00000200 x19=0xff7ffe04
      94775.000 ns	      9476	800021c4	00243733	sltu	x14,x8,x2	  x8:0x00000001  x2:0xfffff95d x14=0x00000001
      94795.000 ns	      9478	800021c8	d0067153	fcvt.s.w	f2,x12	 x12:0x00000001  f2=0x3f800000
      94815.000 ns	      9480	800021cc	011cd613	srli	x12,x25,0x11	 x25:0x00800080 x12=0x00000040
      94825.000 ns	      9481	800021d0	40d3d233	sra	x4,x7,x13	  x7:0x80040ffc x13:0x00800000  x4=0x80040ffc
      94835.000 ns	      9482	800021d4	40575813	srai	x16,x14,0x5	 x14:0x00000001 x16=0x00000000
      95195.000 ns	      9518	800021d8	03f67633	remu	x12,x12,x31	 x12:0x00000040 x31:0x93b92a1b x12=0x00000040
      95565.000 ns	      9555	800021dc	03f7c9b3	div	x19,x15,x31	 x15:0x00000080 x31:0x93b92a1b x19=0x00000000
      95595.000 ns	      9558	800021e0	295c9cd3	fmax.s	f25,f25,f21	 f25:0x4eac597e f21:0x00000000 f25=0x4eac597e
      95625.000 ns	      9561	800021e4	c003f3d3	fcvt.w.s	x7,f7	  f7:0xbf800000  x7=0x00000001
      95665.000 ns	      9565	800021e8	11fdfed3	fmul.s	f29,f27,f31	 f27:0x2dc06cd6 f31:0x00000000 f29=0x00000000
      95685.000 ns	      9567	800021ec	00000013	addi	x0,x0,0	  x0:0x00000000
      95705.000 ns	      9569	800021f0	036e0a33	mul	x20,x28,x22	 x28:0x93b9280c x22:0xffffffff x20=0x6c46d7f4
      95745.000 ns	      9573	800021f4	116e79d3	fmul.s	f19,f28,f22	 f28:0x80000001 f22:0x00000000 f19=0x80000000
      95765.000 ns	      9575	800021f8	b79e8893	addi	x17,x29,-1159	 x29:0x00000774 x17=0x000002ed
      95775.000 ns	      9576	800021fc	ad032a93	slti	x21,x6,-1328	  x6:0x80041024 x21=0x00000001
      95785.000 ns	      9577	80002200	01d47a33	and	x20,x8,x29	  x8:0x00000001 x29:0x00000774 x20=0x00000000
      95805.000 ns	      9579	80002204	027b9a33	mulh	x20,x23,x7	 x23:0xfffffb20  x7:0x00000001 x20=0xffffffff
      95825.000 ns	      9581	80002208	01022733	slt	x14,x4,x16	  x4:0x80040ffc x16:0x00000000 x14=0x00000001
      95835.000 ns	      9582	8000220c	01705a13	srli	x20,x0,0x17	  x0:0x00000000 x20=0x00000000
      95875.000 ns	      9586	80002210	098499d3	fsub.s	f19,f9,f24	  f9:0x361cf0d2 f24:0x4eac597e f19=0xceac597e
      95895.000 ns	      9588	80002214	9fcbae93	slti	x29,x23,-1540	 x23:0xfffffb20 x29=0x00000000
      95905.000 ns	      9589	80002218	018d37b3	sltu	x15,x26,x24	 x26:0xfffffe1d x24:0x00000200 x15=0x00000000
      95925.000 ns	      9591	8000221c	a18f1cd3	flt.s	x25,f30,f24	 f30:0x00000000 f24:0x4eac597e x25=0x00000001
      95945.000 ns	      9593	80002220	62df0c13	addi	x24,x30,1581	 x30:0xec5313c0 x24=0xec5319ed
      95955.000 ns	      9594	80002224	402fd493	srai	x9,x31,0x2	 x31:0x93b92a1b  x9=0xe4ee4a86
      95965.000 ns	      9595	80002228	4023dc93	srai	x25,x7,0x2	  x7:0x00000001 x25=0x00000000
      95975.000 ns	      9596	8000222c	c48e4a37	lui	x20,0xc48e4	 x20=0xc48e4000
      95985.000 ns	      9597	80002230	eb83c593	xori	x11,x7,-328	  x7:0x00000001 x11=0xfffffeb9
      96005.000 ns	      9599	80002234	a03012d3	flt.s	x5,f0,f3	  f0:0x7fc00000  f3:0x00000278  x5=0x00000000
      96025.000 ns	      9601	80002238	40fc0133	sub	x2,x24,x15	 x24:0xec5319ed x15:0x00000000  x2=0xec5319ed
      96355.000 ns	      9634	8000223c	18b1a153	fdiv.s	f2,f3,f11	  f3:0x00000278 f11:0x00000001  f2=0x385f0f10
      96405.000 ns	      9639	80002240	0823c6d3	fsub.s	f13,f7,f2	  f7:0xbf800000  f2:0x3f800000 f13=0xbf8001be
      96435.000 ns	      9642	80002244	a18eafd3	feq.s	x31,f29,f24	 f29:0x00000000 f24:0x4eac597e x31=0x00000000
      96475.000 ns	      9646	80002248	103942d3	fmul.s	f5,f18,f3	 f18:0x80000002  f3:0x00000278  f5=0x80000000
      96505.000 ns	      9649	8000224c	d011fd53	fcvt.s.wu	f26,x3	  x3:0x00000004 f26=0x40800000
      96525.000 ns	      9651	80002250	000685b3	add	x11,x13,x0	 x13:0x00800000  x0:0x00000000 x11=0x00800000
      96545.000 ns	      9653	80002254	a0a81253	flt.s	x4,f16,f10	 f16:0x2dc06cd6 f10:0x00000000  x4=0x00000000
      96575.000 ns	      9656	80002258	21390a53	fsgnj.s	f20,f18,f19	 f18:0x80000002 f19:0xceac597e f20=0x80000002
      96595.000 ns	      9658	8000225c	005da6b3	slt	x13,x27,x5	 x27:0x00000000  x5:0x00000000 x13=0x00000000
      96615.000 ns	      9660	80002260	c0120753	fcvt.wu.s	x14,f4	  f4:0x4f6c5314 x14=0xec531400
      96645.000 ns	      9663	80002264	e00e92d3	fclass.s	x5,f29	 f29:0x00000000  x5=0x00000010
      96665.000 ns	      9665	80002268	2fff3c13	sltiu	x24,x30,767	 x30:0xec5313c0 x24=0x00000000
      96685.000 ns	      9667	8000226c	295f9053	fmax.s	f0,f31,f21	 f31:0x00000000 f21:0x00000000  f0=0x00000000
      97055.000 ns	      9704	80002270	023971b3	remu	x3,x18,x3	 x18:0x80040fe4  x3:0x00000004  x3=0x00000000
      97075.000 ns	      9706	80002274	41060e33	sub	x28,x12,x16	 x12:0x00000040 x16:0x00000000 x28=0x00000040
      97085.000 ns	      9707	80002278	01fbaab3	slt	x21,x23,x31	 x23:0xfffffb20 x31:0x00000000 x21=0x00000001
      97095.000 ns	      9708	8000227c	01a39533	sll	x10,x7,x26	  x7:0x00000001 x26:0xfffffe1d x10=0x20000000
      97115.000 ns	      9710	80002280	d00bff53	fcvt.s.w	f30,x23	 x23:0xfffffb20 f30=0xc49c0000
      97145.000 ns	      9713	80002284	21b49953	fsgnjn.s	f18,f9,f27	  f9:0x361cf0d2 f27:0x2dc06cd6 f18=0xb61cf0d2
      97165.000 ns	      9715	80002288	7e6d6e13	ori	x28,x26,2022	 x26:0xfffffe1d x28=0xffffffff
      97175.000 ns	      9716	8000228c	72a12017	auipc	x0,0x72a12	
      97195.000 ns	      9718	80002290	d01977d3	fcvt.s.wu	f15,x18	 x18:0x80040fe4 f15=0x4f00040f
      97225.000 ns	      9721	80002294	e00706d3	fmv.x.w	x13,f14	 f14:0xbf800000 x13=0xbf800000
      97255.000 ns	      9724	80002298	218002d3	fsgnj.s	f5,f0,f24	  f0:0x00000000 f24:0x4eac597e  f5=0x00000000
      97285.000 ns	      9727	8000229c	a0bb9c53	flt.s	x24,f23,f11	 f23:0xffc00000 f11:0x00000001 x24=0x00000000
      97305.000 ns	      9729	800022a0	01d03a33	sltu	x20,x0,x29	  x0:0x00000000 x29:0x00000000 x20=0x00000000
      97335.000 ns	      9732	800022a4	1977f7d3	fdiv.s	f15,f15,f23	 f15:0x4f00040f f23:0xffc00000 f15=0x7fc00000
      97385.000 ns	      9737	800022a8	016ff4d3	fadd.s	f9,f31,f22	 f31:0x00000000 f22:0x00000000  f9=0x00000000
      97405.000 ns	      9739	800022ac	018b3533	sltu	x10,x22,x24	 x22:0xffffffff x24:0x00000000 x10=0x00000000
      97435.000 ns	      9742	800022b0	188af5d3	fdiv.s	f11,f21,f8	 f21:0x00000000  f8:0x00000000 f11=0x7fc00000
      97465.000 ns	      9745	800022b4	e00801d3	fmv.x.w	x3,f16	 f16:0x2dc06cd6  x3=0x2dc06cd6
      97485.000 ns	      9747	800022b8	01b73033	sltu	x0,x14,x27	 x14:0xec531400 x27:0x00000000
      97495.000 ns	      9748	800022bc	001bafb3	slt	x31,x23,x1	 x23:0xfffffb20  x1:0xfffffbdc x31=0x00000001
      97855.000 ns	      9784	800022c0	02dcfcb3	remu	x25,x25,x13	 x25:0x00000000 x13:0xbf800000 x25=0x00000000
      97885.000 ns	      9787	800022c4	21b197d3	fsgnjn.s	f15,f3,f27	  f3:0x00000278 f27:0x2dc06cd6 f15=0x80000278
      97925.000 ns	      9791	800022c8	18f679d3	fdiv.s	f19,f12,f15	 f12:0xffc00000 f15:0x7fc00000 f19=0x7fc00000
      97955.000 ns	      9794	800022cc	20ba8253	fsgnj.s	f4,f21,f11	 f21:0x00000000 f11:0x7fc00000  f4=0x00000000
      97985.000 ns	      9797	800022d0	206914d3	fsgnjn.s	f9,f18,f6	 f18:0xb61cf0d2  f6:0x7fc00000  f9=0xb61cf0d2
      98015.000 ns	      9800	800022d4	03531833	mulh	x16,x6,x21	  x6:0x80041024 x21:0x00000001 x16=0xffffffff
      98035.000 ns	      9802	800022d8	4ddc2a93	slti	x21,x24,1245	 x24:0x00000000 x21=0x00000001
      98055.000 ns	      9804	800022dc	c01623d3	fcvt.wu.s	x7,f12	 f12:0xffc00000  x7=0xffffffff
      98085.000 ns	      9807	800022e0	21111f53	fsgnjn.s	f30,f2,f17	  f2:0x385f0f10 f17:0x7fc00000 f30=0xb85f0f10
      98115.000 ns	      9810	800022e4	a0d1a6d3	feq.s	x13,f3,f13	  f3:0x00000278 f13:0xbf8001be x13=0x00000000
      98145.000 ns	      9813	800022e8	03e91c33	mulh	x24,x18,x30	 x18:0x80040fe4 x30:0xec5313c0 x24=0x09d62633
      98165.000 ns	      9815	800022ec	40bc5a33	sra	x20,x24,x11	 x24:0x00000000 x11:0x00800000 x20=0x09d62633
      98175.000 ns	      9816	800022f0	8c876493	ori	x9,x14,-1848	 x14:0xec531400  x9=0xfffffcc8
      98185.000 ns	      9817	800022f4	01840db3	add	x27,x8,x24	  x8:0x00000001 x24:0x09d62633 x27=0x09d62634
      98195.000 ns	      9818	800022f8	0089a3b3	slt	x7,x19,x8	 x19:0x00000000  x8:0x00000001  x7=0x00000001
      98205.000 ns	      9819	800022fc	005e26b3	slt	x13,x28,x5	 x28:0xffffffff  x5:0x00000010 x13=0x00000001
      98215.000 ns	      9820	80002300	1dacba13	sltiu	x20,x25,474	 x25:0x00000000 x20=0x00000001
      98235.000 ns	      9822	80002304	0279b133	mulhu	x2,x19,x7	 x19:0x00000000  x7:0x00000001  x2=0x00000000
      98255.000 ns	      9824	80002308	654d2c97	auipc	x25,0x654d2	 x25=0xe54d4308
      98295.000 ns	      9828	8000230c	01e132d3	fadd.s	f5,f2,f30	  f2:0x385f0f10 f30:0xb85f0f10  f5=0x80000000
      98325.000 ns	      9831	80002310	a01786d3	fle.s	x13,f15,f1	 f15:0x80000278  f1:0x00000278 x13=0x00000001
      98355.000 ns	      9834	80002314	a11c2dd3	feq.s	x27,f24,f17	 f24:0x4eac597e f17:0x7fc00000 x27=0x00000000
      98385.000 ns	      9837	80002318	026797b3	mulh	x15,x15,x6	 x15:0x00000000  x6:0x80041024 x15=0x00000000
      98425.000 ns	      9841	8000231c	10fe3753	fmul.s	f14,f28,f15	 f28:0x80000001 f15:0x80000278 f14=0x00000000
      98455.000 ns	      9844	80002320	f00c06d3	fmv.w.x	f13,x24	 x24:0x09d62633 f13=0x09d62633
      98505.000 ns	      9849	80002324	01ee71d3	fadd.s	f3,f28,f30	 f28:0x80000001 f30:0xb85f0f10  f3=0xb85f0f10
      98525.000 ns	      9851	80002328	0cd97a97	auipc	x21,0xcd97	 x21=0x8cd99328
      98545.000 ns	      9853	8000232c	02a6cab3	div	x21,x13,x10	 x13:0x00000001 x10:0x00000000 x21=0xffffffff
      98565.000 ns	      9855	80002330	6e65ea13	ori	x20,x11,1766	 x11:0x00800000 x20=0x008006e6
      98575.000 ns	      9856	80002334	01e6c8b3	xor	x17,x13,x30	 x13:0x00000001 x30:0xec5313c0 x17=0xec5313c1
      98595.000 ns	      9858	80002338	02d500b3	mul	x1,x10,x13	 x10:0x00000000 x13:0x00000001  x1=0x00000000
      98625.000 ns	      9861	8000233c	02a49633	mulh	x12,x9,x10	  x9:0xfffffcc8 x10:0x00000000 x12=0x00000000
      98655.000 ns	      9864	80002340	a1049253	flt.s	x4,f9,f16	  f9:0xb61cf0d2 f16:0x2dc06cd6  x4=0x00000001
      98675.000 ns	      9866	80002344	013d98b3	sll	x17,x27,x19	 x27:0x00000000 x19:0x00000000 x17=0x00000000
      98685.000 ns	      9867	80002348	d3349db7	lui	x27,0xd3349	 x27=0xd3349000
      98705.000 ns	      9869	8000234c	d00ec253	fcvt.s.w	f4,x29	 x29:0x00000000  f4=0x00000000
      98725.000 ns	      9871	80002350	006202b3	add	x5,x4,x6	  x4:0x00000001  x6:0x80041024  x5=0x80041025
      98745.000 ns	      9873	80002354	f00c86d3	fmv.w.x	f13,x25	 x25:0xe54d4308 f13=0xe54d4308
      98775.000 ns	      9876	80002358	e00e1853	fclass.s	x16,f28	 f28:0x80000001 x16=0x00000004
      98805.000 ns	      9879	8000235c	215ba753	fsgnjx.s	f14,f23,f21	 f23:0xffc00000 f21:0x00000000 f14=0xffc00000
      98825.000 ns	      9881	80002360	0045e133	or	x2,x11,x4	 x11:0x00800000  x4:0x00000001  x2=0x00800001
      98845.000 ns	      9883	80002364	c00ffa53	fcvt.w.s	x20,f31	 f31:0x00000000 x20=0x00000000
      98865.000 ns	      9885	80002368	01e64433	xor	x8,x12,x30	 x12:0x00000000 x30:0xec5313c0  x8=0xec5313c0
      98885.000 ns	      9887	8000236c	21838853	fsgnj.s	f16,f7,f24	  f7:0xbf800000 f24:0x4eac597e f16=0x3f800000
      98915.000 ns	      9890	80002370	03401e33	mulh	x28,x0,x20	  x0:0x00000000 x20:0x00000000 x28=0x00000000
      98935.000 ns	      9892	80002374	0182f033	and	x0,x5,x24	  x5:0x80041025 x24:0x09d62633
      98945.000 ns	      9893	80002378	40535ab3	sra	x21,x6,x5	  x6:0x80041024  x5:0x80041025 x21=0xfc002081
      98965.000 ns	      9895	8000237c	03e93a33	mulhu	x20,x18,x30	 x18:0x80040fe4 x30:0xec5313c0 x20=0x762d49d7
      98995.000 ns	      9898	80002380	297109d3	fmin.s	f19,f2,f23	  f2:0x385f0f10 f23:0xffc00000 f19=0x385f0f10
      99015.000 ns	      9900	80002384	007cd793	srli	x15,x25,0x7	 x25:0xe54d4308 x15=0x01ca9a86
      99025.000 ns	      9901	80002388	c867e393	ori	x7,x15,-890	 x15:0x00000000  x7=0xfffffe86
      99045.000 ns	      9903	8000238c	c00efed3	fcvt.w.s	x29,f29	 f29:0x00000000 x29=0x00000000
      99095.000 ns	      9908	80002390	00a63f53	fadd.s	f30,f12,f10	 f12:0xffc00000 f10:0x00000000 f30=0x7fc00000
      99465.000 ns	      9945	80002394	02727b33	remu	x22,x4,x7	  x4:0x00000001  x7:0xfffffe86 x22=0x00000001
      99835.000 ns	      9982	80002398	03af74b3	remu	x9,x30,x26	 x30:0xec5313c0 x26:0xfffffe1d  x9=0xec5313c0
      99855.000 ns	      9984	8000239c	614ca993	slti	x19,x25,1556	 x25:0xe54d4308 x19=0x00000001
      99865.000 ns	      9985	800023a0	c28b6593	ori	x11,x22,-984	 x22:0x00000001 x11=0xfffffc29
      99875.000 ns	      9986	800023a4	a4b6e013	ori	x0,x13,-1461	 x13:0x00000001
      99885.000 ns	      9987	800023a8	00c425b3	slt	x11,x8,x12	  x8:0xec5313c0 x12:0x00000000 x11=0x00000001
      99895.000 ns	      9988	800023ac	2eac54b7	lui	x9,0x2eac5	  x9=0x2eac5000
      99915.000 ns	      9990	800023b0	f0068253	fmv.w.x	f4,x13	 x13:0x00000001  f4=0x00000001
     100285.000 ns	     10027	800023b4	035f49b3	div	x19,x30,x21	 x30:0xec5313c0 x21:0xfc002081 x19=0x00000004
     100315.000 ns	     10030	800023b8	031f9c33	mulh	x24,x31,x17	 x31:0x00000001 x17:0x00000000 x24=0x00000000
     100335.000 ns	     10032	800023bc	01f84e33	xor	x28,x16,x31	 x16:0x00000004 x31:0x00000001 x28=0x00000005
     100345.000 ns	     10033	800023c0	130a8693	addi	x13,x21,304	 x21:0xfc002081 x13=0xfc0021b1
     100355.000 ns	     10034	800023c4	41c45193	srai	x3,x8,0x1c	  x8:0xec5313c0  x3=0xfffffffe
     100375.000 ns	     10036	800023c8	02ca7cb3	remu	x25,x20,x12	 x20:0x762d49d7 x12:0x00000000 x25=0x762d49d7
     100405.000 ns	     10039	800023cc	a19b8d53	fle.s	x26,f23,f25	 f23:0xffc00000 f25:0x4eac597e x26=0x00000000
     100445.000 ns	     10043	800023d0	580ff753	fsqrt.s	f14,f31	 f31:0x00000000 f14=0x00000000
     100475.000 ns	     10046	800023d4	20c12ad3	fsgnjx.s	f21,f2,f12	  f2:0x385f0f10 f12:0xffc00000 f21=0xb85f0f10
     100495.000 ns	     10048	800023d8	41b0d5b3	sra	x11,x1,x27	  x1:0x00000000 x27:0xd3349000 x11=0x00000000
     100515.000 ns	     10050	800023dc	c01cfbd3	fcvt.wu.s	x23,f25	 f25:0x4eac597e x23=0x562cbf00
     100545.000 ns	     10053	800023e0	a04c1dd3	flt.s	x27,f24,f4	 f24:0x4eac597e  f4:0x00000001 x27=0x00000000
     100565.000 ns	     10055	800023e4	00000013	addi	x0,x0,0	  x0:0x00000000
     100575.000 ns	     10056	800023e8	00cf13b3	sll	x7,x30,x12	 x30:0xec5313c0 x12:0x00000000  x7=0xec5313c0
     100605.000 ns	     10059	800023ec	580b8853	fsqrt.s	f16,f23	 f23:0xffc00000 f16=0x7fc00000
     100625.000 ns	     10061	800023f0	0177e713	ori	x14,x15,23	 x15:0x01ca9a86 x14=0x01ca9a97
     100645.000 ns	     10063	800023f4	c007be53	fcvt.w.s	x28,f15	 f15:0x80000278 x28=0x00000000
     100675.000 ns	     10066	800023f8	21628053	fsgnj.s	f0,f5,f22	  f5:0x80000000 f22:0x00000000  f0=0x00000000
     100695.000 ns	     10068	800023fc	4098d493	srai	x9,x17,0x9	 x17:0x00000000  x9=0x00000000
     100725.000 ns	     10071	80002400	11af2c53	fmul.s	f24,f30,f26	 f30:0x7fc00000 f26:0x40800000 f24=0x7fc00000
     100745.000 ns	     10073	80002404	00000013	addi	x0,x0,0	  x0:0x00000000
     100765.000 ns	     10075	80002408	03ddda33	divu	x20,x27,x29	 x27:0x00000000 x29:0x00000000 x20=0xffffffff
     100785.000 ns	     10077	8000240c	fba76613	ori	x12,x14,-70	 x14:0x01ca9a97 x12=0xffffffbf
     100805.000 ns	     10079	80002410	02790433	mul	x8,x18,x7	 x18:0x80040fe4  x7:0xec5313c0  x8=0xa725d700
     100835.000 ns	     10082	80002414	020144b3	div	x9,x2,x0	  x2:0x00800001  x0:0x00000000  x9=0xffffffff
     100855.000 ns	     10084	80002418	4168d213	srai	x4,x17,0x16	 x17:0x00000000  x4=0x00000000
     100865.000 ns	     10085	8000241c	e0d4fb13	andi	x22,x9,-499	  x9:0xffffffff x22=0xfffffe0d
     100875.000 ns	     10086	80002420	00949433	sll	x8,x9,x9	  x9:0xffffffff  x9:0xffffffff  x8=0x80000000
     100885.000 ns	     10087	80002424	0353f993	andi	x19,x7,53	  x7:0xec5313c0 x19=0x00000000
     100895.000 ns	     10088	80002428	446c0717	auipc	x14,0x446c0	 x14=0xc46c2428
     100915.000 ns	     10090	8000242c	f00000d3	fmv.w.x	f1,x0	  x0:0x00000000  f1=0x00000000
     100945.000 ns	     10093	80002430	20c589d3	fsgnj.s	f19,f11,f12	 f11:0x7fc00000 f12:0xffc00000 f19=0xffc00000
     100975.000 ns	     10096	80002434	a0039853	flt.s	x16,f7,f0	  f7:0xbf800000  f0:0x00000000 x16=0x00000001
     101005.000 ns	     10099	80002438	200cad53	fsgnjx.s	f26,f25,f0	 f25:0x4eac597e  f0:0x00000000 f26=0x4eac597e
     101035.000 ns	     10102	8000243c	03c2ebb3	rem	x23,x5,x28	  x5:0x80041025 x28:0x00000000 x23=0x80041025
     101055.000 ns	     10104	80002440	00000013	addi	x0,x0,0	  x0:0x00000000
     101065.000 ns	     10105	80002444	014a53b3	srl	x7,x20,x20	 x20:0xffffffff x20:0xffffffff  x7=0x00000001
     101085.000 ns	     10107	80002448	d00774d3	fcvt.s.w	f9,x14	 x14:0xc46c2428  f9=0xce6e4f6f
     101105.000 ns	     10109	8000244c	00426233	or	x4,x4,x4	  x4:0x00000000  x4:0x00000000  x4=0x00000000
     101125.000 ns	     10111	80002450	20c69353	fsgnjn.s	f6,f13,f12	 f13:0xe54d4308 f12:0xffc00000  f6=0x654d4308
     101155.000 ns	     10114	80002454	02ba0c33	mul	x24,x20,x11	 x20:0xffffffff x11:0x00000000 x24=0x00000000
     101185.000 ns	     10117	80002458	e0059ad3	fclass.s	x21,f11	 f11:0x7fc00000 x21=0x00000200
     101215.000 ns	     10120	8000245c	c01c00d3	fcvt.wu.s	x1,f24	 f24:0x7fc00000  x1=0xffffffff
     101245.000 ns	     10123	80002460	028fb833	mulhu	x16,x31,x8	 x31:0x00000001  x8:0x80000000 x16=0x00000000
     101265.000 ns	     10125	80002464	35bb70b7	lui	x1,0x35bb7	  x1=0x35bb7000
     101285.000 ns	     10127	80002468	e0071fd3	fclass.s	x31,f14	 f14:0x00000000 x31=0x00000010
     101305.000 ns	     10129	8000246c	4128d3b3	sra	x7,x17,x18	 x17:0x00000000 x18:0x80040fe4  x7=0x00000000
     101315.000 ns	     10130	80002470	b2902d97	auipc	x27,0xb2902	 x27=0x32904470
     101335.000 ns	     10132	80002474	037118b3	mulh	x17,x2,x23	  x2:0x00800001 x23:0x80041025 x17=0xffc00207
     101355.000 ns	     10134	80002478	00000013	addi	x0,x0,0	  x0:0x00000000
     101365.000 ns	     10135	8000247c	01224bb3	xor	x23,x4,x18	  x4:0x00000000 x18:0x80040fe4 x23=0x80040fe4
     101385.000 ns	     10137	80002480	210322d3	fsgnjx.s	f5,f6,f16	  f6:0x654d4308 f16:0x7fc00000  f5=0x654d4308
     101405.000 ns	     10139	80002484	00b12ab3	slt	x21,x2,x11	  x2:0x00800001 x11:0x00000000 x21=0x00000000
     101415.000 ns	     10140	80002488	00ecd233	srl	x4,x25,x14	 x25:0x762d49d7 x14:0xc46c2428  x4=0x00762d49
     101435.000 ns	     10142	8000248c	a0511453	flt.s	x8,f2,f5	  f2:0x385f0f10  f5:0x654d4308  x8=0x00000001
     101475.000 ns	     10146	80002490	107a7fd3	fmul.s	f31,f20,f7	 f20:0x80000002  f7:0xbf800000 f31=0x00000002
     102655.000 ns	     10264	80002494	58037053	fsqrt.s	f0,f6	  f6:0x654d4308  f0=0x52112459
     102685.000 ns	     10267	80002498	21d921d3	fsgnjx.s	f3,f18,f29	 f18:0xb61cf0d2 f29:0x00000000  f3=0xb61cf0d2
     102705.000 ns	     10269	8000249c	006e4a33	xor	x20,x28,x6	 x28:0x00000000  x6:0x80041024 x20=0x80041024
     102715.000 ns	     10270	800024a0	008f38b3	sltu	x17,x30,x8	 x30:0xec5313c0  x8:0x00000001 x17=0x00000000
     102735.000 ns	     10272	800024a4	038f7a33	remu	x20,x30,x24	 x30:0xec5313c0 x24:0x00000000 x20=0xec5313c0
     102755.000 ns	     10274	800024a8	00dc1193	slli	x3,x24,0xd	 x24:0x00000000  x3=0x00000000
     102775.000 ns	     10276	800024ac	28ab16d3	fmax.s	f13,f22,f10	 f22:0x00000000 f10:0x00000000 f13=0x00000000
     102805.000 ns	     10279	800024b0	03ab8fb3	mul	x31,x23,x26	 x23:0x80040fe4 x26:0x00000000 x31=0x00000000
     102825.000 ns	     10281	800024b4	41dc0633	sub	x12,x24,x29	 x24:0x00000000 x29:0x00000000 x12=0x00000000
     102845.000 ns	     10283	800024b8	c0108ad3	fcvt.wu.s	x21,f1	  f1:0x00000000 x21=0x00000000
     102865.000 ns	     10285	800024bc	011b1113	slli	x2,x22,0x11	 x22:0xfffffe0d  x2=0xfc1a0000
     102885.000 ns	     10287	800024c0	a1fc98d3	flt.s	x17,f25,f31	 f25:0x4eac597e f31:0x00000002 x17=0x00000000
     102935.000 ns	     10292	800024c4	0192c853	fadd.s	f16,f5,f25	  f5:0x654d4308 f25:0x4eac597e f16=0x654d4308
     103305.000 ns	     10329	800024c8	03b1c2b3	div	x5,x3,x27	  x3:0x00000000 x27:0x32904470  x5=0x00000000
     103335.000 ns	     10332	800024cc	d003b453	fcvt.s.w	f8,x7	  x7:0x00000000  f8=0x00000000
     103355.000 ns	     10334	800024d0	0105d4b3	srl	x9,x11,x16	 x11:0x00000000 x16:0x00000000  x9=0x00000000
     103375.000 ns	     10336	800024d4	2087a653	fsgnjx.s	f12,f15,f8	 f15:0x80000278  f8:0x00000000 f12=0x80000278
     103395.000 ns	     10338	800024d8	00431793	slli	x15,x6,0x4	  x6:0x80041024 x15=0x00410240
     103415.000 ns	     10340	800024dc	e00e87d3	fmv.x.w	x15,f29	 f29:0x00000000 x15=0x00000000
     103445.000 ns	     10343	800024e0	295883d3	fmin.s	f7,f17,f21	 f17:0x7fc00000 f21:0xb85f0f10  f7=0xb85f0f10
     103475.000 ns	     10346	800024e4	d01276d3	fcvt.s.wu	f13,x4	  x4:0x00762d49 f13=0x4aec5a92
     103495.000 ns	     10348	800024e8	00a8d493	srli	x9,x17,0xa	 x17:0x00000000  x9=0x00000000
     103505.000 ns	     10349	800024ec	5811b537	lui	x10,0x5811b	 x10=0x5811b000
     103525.000 ns	     10351	800024f0	026331b3	mulhu	x3,x6,x6	  x6:0x80041024  x6:0x80041024  x3=0x40041034
     103555.000 ns	     10354	800024f4	02952633	mulhsu	x12,x10,x9	 x10:0x00000000  x9:0x00000000 x12=0x00000000
     103575.000 ns	     10356	800024f8	01989e13	slli	x28,x17,0x19	 x17:0x00000000 x28=0x00000000
     103595.000 ns	     10358	800024fc	d00687d3	fcvt.s.w	f15,x13	 x13:0xfc0021b1 f15=0xcc7ff793
     103625.000 ns	     10361	80002500	e00e90d3	fclass.s	x1,f29	 f29:0x00000000  x1=0x00000010
     103645.000 ns	     10363	80002504	664e4013	xori	x0,x28,1636	 x28:0x00000000
     103655.000 ns	     10364	80002508	00000013	addi	x0,x0,0	  x0:0x00000000
     103675.000 ns	     10366	8000250c	28da17d3	fmax.s	f15,f20,f13	 f20:0x80000002 f13:0x4aec5a92 f15=0x4aec5a92
     103705.000 ns	     10369	80002510	03198633	mul	x12,x19,x17	 x19:0x00000000 x17:0x00000000 x12=0x00000000
     103735.000 ns	     10372	80002514	a046a753	feq.s	x14,f13,f4	 f13:0x4aec5a92  f4:0x00000001 x14=0x00000000
     103755.000 ns	     10374	80002518	a3ba2eb7	lui	x29,0xa3ba2	 x29=0xa3ba2000
     103765.000 ns	     10375	8000251c	010290b3	sll	x1,x5,x16	  x5:0x00000000 x16:0x00000000  x1=0x00000000
     103775.000 ns	     10376	80002520	3e692c37	lui	x24,0x3e692	 x24=0x3e692000
     103785.000 ns	     10377	80002524	5e0d8c93	addi	x25,x27,1504	 x27:0x32904470 x25=0x32904a50
     103795.000 ns	     10378	80002528	015ad493	srli	x9,x21,0x15	 x21:0x00000000  x9=0x00000000
     103815.000 ns	     10380	8000252c	02cfde33	divu	x28,x31,x12	 x31:0x00000000 x12:0x00000000 x28=0xffffffff
     103855.000 ns	     10384	80002530	1190f5d3	fmul.s	f11,f1,f25	  f1:0x00000000 f25:0x4eac597e f11=0x00000000
     103885.000 ns	     10387	80002534	a1ec98d3	flt.s	x17,f25,f30	 f25:0x4eac597e f30:0x7fc00000 x17=0x00000000
     103915.000 ns	     10390	80002538	29ea8353	fmin.s	f6,f21,f30	 f21:0xb85f0f10 f30:0x7fc00000  f6=0xb85f0f10
     103945.000 ns	     10393	8000253c	a06627d3	feq.s	x15,f12,f6	 f12:0x80000278  f6:0x654d4308 x15=0x00000000
     103965.000 ns	     10395	80002540	019cdc93	srli	x25,x25,0x19	 x25:0x32904a50 x25=0x00000019
     103975.000 ns	     10396	80002544	41498a33	sub	x20,x19,x20	 x19:0x00000000 x20:0xec5313c0 x20=0x13acec40
     103985.000 ns	     10397	80002548	409b5b13	srai	x22,x22,0x9	 x22:0xfffffe0d x22=0xffffffff
     104015.000 ns	     10400	8000254c	11687953	fmul.s	f18,f16,f22	 f16:0x654d4308 f22:0x00000000 f18=0x00000000
     104045.000 ns	     10403	80002550	295508d3	fmin.s	f17,f10,f21	 f10:0x00000000 f21:0xb85f0f10 f17=0xb85f0f10
     104075.000 ns	     10406	80002554	d0017753	fcvt.s.w	f14,x2	  x2:0xfc1a0000 f14=0xcc798000
     104105.000 ns	     10409	80002558	e00d8853	fmv.x.w	x16,f27	 f27:0x2dc06cd6 x16=0x2dc06cd6
     104125.000 ns	     10411	8000255c	7e687593	andi	x11,x16,2022	 x16:0x00000000 x11=0x000004c6
     104135.000 ns	     10412	80002560	408bd533	sra	x10,x23,x8	 x23:0x80040fe4  x8:0x00000001 x10=0xc00207f2
     104155.000 ns	     10414	80002564	a0d407d3	fle.s	x15,f8,f13	  f8:0x00000000 f13:0x4aec5a92 x15=0x00000001
     104525.000 ns	     10451	80002568	03d46ab3	rem	x21,x8,x29	  x8:0x00000001 x29:0xa3ba2000 x21=0x00000001
     104555.000 ns	     10454	8000256c	28929053	fmax.s	f0,f5,f9	  f5:0x654d4308  f9:0xce6e4f6f  f0=0x654d4308
     104575.000 ns	     10456	80002570	be9fa293	slti	x5,x31,-1047	 x31:0x00000000  x5=0x00000000
     104615.000 ns	     10460	80002574	09bb41d3	fsub.s	f3,f22,f27	 f22:0x00000000 f27:0x2dc06cd6  f3=0xadc06cd6
     104645.000 ns	     10463	80002578	02ee5233	divu	x4,x28,x14	 x28:0xffffffff x14:0x00000000  x4=0xffffffff
     104665.000 ns	     10465	8000257c	17e03793	sltiu	x15,x0,382	  x0:0x00000000 x15=0x00000001
     104685.000 ns	     10467	80002580	f0028d53	fmv.w.x	f26,x5	  x5:0x00000000 f26=0x00000000
     104715.000 ns	     10470	80002584	20e2a753	fsgnjx.s	f14,f5,f14	  f5:0x654d4308 f14:0xcc798000 f14=0xe54d4308
     104745.000 ns	     10473	80002588	f0040f53	fmv.w.x	f30,x8	  x8:0x00000001 f30=0x00000001
     104765.000 ns	     10475	8000258c	013852b3	srl	x5,x16,x19	 x16:0x2dc06cd6 x19:0x00000000  x5=0x2dc06cd6
     104785.000 ns	     10477	80002590	025f3733	mulhu	x14,x30,x5	 x30:0xec5313c0  x5:0x00000000 x14=0x2a3c3d40
     104815.000 ns	     10480	80002594	02c8afb3	mulhsu	x31,x17,x12	 x17:0x00000000 x12:0x00000000 x31=0x00000000
     104835.000 ns	     10482	80002598	00ba2fb3	slt	x31,x20,x11	 x20:0x13acec40 x11:0x000004c6 x31=0x00000000
     104855.000 ns	     10484	8000259c	d01cf7d3	fcvt.s.wu	f15,x25	 x25:0x00000019 f15=0x41c80000
     104875.000 ns	     10486	800025a0	00fd9813	slli	x16,x27,0xf	 x27:0x32904470 x16=0x22380000
     104895.000 ns	     10488	800025a4	21e58253	fsgnj.s	f4,f11,f30	 f11:0x00000000 f30:0x00000001  f4=0x00000000
     104915.000 ns	     10490	800025a8	41dddc33	sra	x24,x27,x29	 x27:0x32904470 x29:0xa3ba2000 x24=0x32904470
     105275.000 ns	     10526	800025ac	03e358b3	divu	x17,x6,x30	  x6:0x80041024 x30:0xec5313c0 x17=0x00000000
     105305.000 ns	     10529	800025b0	e0039c53	fclass.s	x24,f7	  f7:0xb85f0f10 x24=0x00000002
     105325.000 ns	     10531	800025b4	05127b93	andi	x23,x4,81	  x4:0xffffffff x23=0x00000051
     105335.000 ns	     10532	800025b8	00adae33	slt	x28,x27,x10	 x27:0x32904470 x10:0xc00207f2 x28=0x00000000
     105355.000 ns	     10534	800025bc	202697d3	fsgnjn.s	f15,f13,f2	 f13:0x4aec5a92  f2:0x385f0f10 f15=0xcaec5a92
     105375.000 ns	     10536	800025c0	002a5c13	srli	x24,x20,0x2	 x20:0x13acec40 x24=0x04eb3b10
     105385.000 ns	     10537	800025c4	f8f95fb7	lui	x31,0xf8f95	 x31=0xf8f95000
     105425.000 ns	     10541	800025c8	08d97153	fsub.s	f2,f18,f13	 f18:0x00000000 f13:0x4aec5a92  f2=0xcaec5a92
     105455.000 ns	     10544	800025cc	e00e88d3	fmv.x.w	x17,f29	 f29:0x00000000 x17=0x00000000
     105475.000 ns	     10546	800025d0	00a07bb3	and	x23,x0,x10	  x0:0x00000000 x10:0xc00207f2 x23=0x00000000
     105485.000 ns	     10547	800025d4	002fc633	xor	x12,x31,x2	 x31:0xf8f95000  x2:0xfc1a0000 x12=0x04e35000
     105495.000 ns	     10548	800025d8	e519b093	sltiu	x1,x19,-431	 x19:0x00000000  x1=0x00000001
     105505.000 ns	     10549	800025dc	41265fb3	sra	x31,x12,x18	 x12:0x00000000 x18:0x80040fe4 x31=0x004e3500
     105525.000 ns	     10551	800025e0	29f488d3	fmin.s	f17,f9,f31	  f9:0xce6e4f6f f31:0x00000002 f17=0xce6e4f6f
     105895.000 ns	     10588	800025e4	03516db3	rem	x27,x2,x21	  x2:0xfc1a0000 x21:0x00000001 x27=0x00000000
     106265.000 ns	     10625	800025e8	03844db3	div	x27,x8,x24	  x8:0x00000001 x24:0x04eb3b10 x27=0x00000000
     106285.000 ns	     10627	800025ec	2cb34593	xori	x11,x6,715	  x6:0x80041024 x11=0x800412ef
     106295.000 ns	     10628	800025f0	000152b3	srl	x5,x2,x0	  x2:0xfc1a0000  x0:0x00000000  x5=0xfc1a0000
     106305.000 ns	     10629	800025f4	010e4233	xor	x4,x28,x16	 x28:0x00000000 x16:0x22380000  x4=0x22380000
     106335.000 ns	     10632	800025f8	18f977d3	fdiv.s	f15,f18,f15	 f18:0x00000000 f15:0xcaec5a92 f15=0x80000000
     106365.000 ns	     10635	800025fc	a11b0ad3	fle.s	x21,f22,f17	 f22:0x00000000 f17:0xce6e4f6f x21=0x00000000
     106395.000 ns	     10638	80002600	02a8bcb3	mulhu	x25,x17,x10	 x17:0x00000000 x10:0xc00207f2 x25=0x00000000
     106425.000 ns	     10641	80002604	e0010b53	fmv.x.w	x22,f2	  f2:0xcaec5a92 x22=0xcaec5a92
     106445.000 ns	     10643	80002608	001159b3	srl	x19,x2,x1	  x2:0xfc1a0000  x1:0x00000001 x19=0x7e0d0000
     106465.000 ns	     10645	8000260c	0276f9b3	remu	x19,x13,x7	 x13:0xfc0021b1  x7:0x00000000 x19=0xfc0021b1
     106495.000 ns	     10648	80002610	02910e33	mul	x28,x2,x9	  x2:0xfc1a0000  x9:0x00000000 x28=0x00000000
     106515.000 ns	     10650	80002614	3eb74713	xori	x14,x14,1003	 x14:0x2a3c3d40 x14=0x2a3c3eab
     106525.000 ns	     10651	80002618	39f294b7	lui	x9,0x39f29	  x9=0x39f29000
     106545.000 ns	     10653	8000261c	211d0ed3	fsgnj.s	f29,f26,f17	 f26:0x00000000 f17:0xce6e4f6f f29=0x80000000
     106575.000 ns	     10656	80002620	e0058dd3	fmv.x.w	x27,f11	 f11:0x00000000 x27=0x00000000
     106595.000 ns	     10658	80002624	00e1b6b3	sltu	x13,x3,x14	  x3:0x40041034 x14:0x2a3c3eab x13=0x00000000
     106605.000 ns	     10659	80002628	41235a33	sra	x20,x6,x18	  x6:0x80041024 x18:0x80040fe4 x20=0xf8004102
     106625.000 ns	     10661	8000262c	21db0553	fsgnj.s	f10,f22,f29	 f22:0x00000000 f29:0x80000000 f10=0x80000000
     106645.000 ns	     10663	80002630	00a5bdb3	sltu	x27,x11,x10	 x11:0x800412ef x10:0xc00207f2 x27=0x00000001
     106665.000 ns	     10665	80002634	2032a7d3	fsgnjx.s	f15,f5,f3	  f5:0x654d4308  f3:0xadc06cd6 f15=0xe54d4308
     106685.000 ns	     10667	80002638	2af4a093	slti	x1,x9,687	  x9:0x39f29000  x1=0x00000000
     106695.000 ns	     10668	8000263c	896d3013	sltiu	x0,x26,-1898	 x26:0x00000000
     106715.000 ns	     10670	80002640	21028153	fsgnj.s	f2,f5,f16	  f5:0x654d4308 f16:0x654d4308  f2=0x654d4308
     106735.000 ns	     10672	80002644	4079dd33	sra	x26,x19,x7	 x19:0xfc0021b1  x7:0x00000000 x26=0xfc0021b1
     106755.000 ns	     10674	80002648	e00d9e53	fclass.s	x28,f27	 f27:0x2dc06cd6 x28=0x00000040
     106775.000 ns	     10676	8000264c	01c2d293	srli	x5,x5,0x1c	  x5:0xfc1a0000  x5=0x0000000f
     106795.000 ns	     10678	80002650	21e32953	fsgnjx.s	f18,f6,f30	  f6:0xb85f0f10 f30:0x00000001 f18=0xb85f0f10
     106815.000 ns	     10680	80002654	ce64fd93	andi	x27,x9,-794	  x9:0x39f29000 x27=0x39f29000
     106825.000 ns	     10681	80002658	01c842b3	xor	x5,x16,x28	 x16:0x22380000 x28:0x00000040  x5=0x22380040
     106845.000 ns	     10683	8000265c	039b5033	divu	x0,x22,x25	 x22:0xcaec5a92 x25:0x00000000
     106865.000 ns	     10685	80002660	3bddf893	andi	x17,x27,957	 x27:0x39f29000 x17=0x00000000
     106875.000 ns	     10686	80002664	00921093	slli	x1,x4,0x9	  x4:0x22380000  x1=0x70000000
     106895.000 ns	     10688	80002668	a17620d3	feq.s	x1,f12,f23	 f12:0x80000278 f23:0xffc00000  x1=0x00000000
     106915.000 ns	     10690	8000266c	12f64293	xori	x5,x12,303	 x12:0x04e35000  x5=0x04e3512f
     106935.000 ns	     10692	80002670	02fb1cb3	mulh	x25,x22,x15	 x22:0xcaec5a92 x15:0x00000001 x25=0xffffffff
     106965.000 ns	     10695	80002674	c0031753	fcvt.w.s	x14,f6	  f6:0xb85f0f10 x14=0x00000000
     106985.000 ns	     10697	80002678	01063eb3	sltu	x29,x12,x16	 x12:0x04e35000 x16:0x22380000 x29=0x00000001
     107005.000 ns	     10699	8000267c	a0e9a3d3	feq.s	x7,f19,f14	 f19:0xffc00000 f14:0xe54d4308  x7=0x00000000
     107025.000 ns	     10701	80002680	7ef88813	addi	x16,x17,2031	 x17:0x00000000 x16=0x000007ef
     107035.000 ns	     10702	80002684	17a6cd13	xori	x26,x13,378	 x13:0x00000000 x26=0x0000017a
     107045.000 ns	     10703	80002688	001653b3	srl	x7,x12,x1	 x12:0x04e35000  x1:0x00000000  x7=0x04e35000
     107065.000 ns	     10705	8000268c	02332bb3	mulhsu	x23,x6,x3	  x6:0x80041024  x3:0x40041034 x23=0xdffefbff
     107095.000 ns	     10708	80002690	a19a02d3	fle.s	x5,f20,f25	 f20:0x80000002 f25:0x4eac597e  x5=0x00000001
     107115.000 ns	     10710	80002694	41e7d8b3	sra	x17,x15,x30	 x15:0x00000001 x30:0xec5313c0 x17=0x00000001
     107135.000 ns	     10712	80002698	21b61353	fsgnjn.s	f6,f12,f27	 f12:0x80000278 f27:0x2dc06cd6  f6=0x80000278
     107155.000 ns	     10714	8000269c	41125db3	sra	x27,x4,x17	  x4:0x22380000 x17:0x00000000 x27=0x111c0000
     107175.000 ns	     10716	800026a0	2169acd3	fsgnjx.s	f25,f19,f22	 f19:0xffc00000 f22:0x00000000 f25=0xffc00000
     107195.000 ns	     10718	800026a4	1ba1c993	xori	x19,x3,442	  x3:0x40041034 x19=0x4004118e
     107205.000 ns	     10719	800026a8	41910833	sub	x16,x2,x25	  x2:0xfc1a0000 x25:0xffffffff x16=0xfc1a0001
     107565.000 ns	     10755	800026ac	02ab5433	divu	x8,x22,x10	 x22:0xcaec5a92 x10:0xc00207f2  x8=0x00000001
     107595.000 ns	     10758	800026b0	a03628d3	feq.s	x17,f12,f3	 f12:0x80000278  f3:0xadc06cd6 x17=0x00000000
     107615.000 ns	     10760	800026b4	e78b0893	addi	x17,x22,-392	 x22:0xcaec5a92 x17=0xcaec590a
     107625.000 ns	     10761	800026b8	005abb33	sltu	x22,x21,x5	 x21:0x00000000  x5:0x00000001 x22=0x00000001
     107645.000 ns	     10763	800026bc	0380bc33	mulhu	x24,x1,x24	  x1:0x00000000 x24:0x04eb3b10 x24=0x00000000
     107665.000 ns	     10765	800026c0	018673b3	and	x7,x12,x24	 x12:0x04e35000 x24:0x04eb3b10  x7=0x00000000
     107685.000 ns	     10767	800026c4	a10f9653	flt.s	x12,f31,f16	 f31:0x00000002 f16:0x654d4308 x12=0x00000001
     107715.000 ns	     10770	800026c8	03b98833	mul	x16,x19,x27	 x19:0x4004118e x27:0x111c0000 x16=0x59880000
     107745.000 ns	     10773	800026cc	0368b5b3	mulhu	x11,x17,x22	 x17:0xcaec590a x22:0x00000001 x11=0x00000000
     107765.000 ns	     10775	800026d0	41fed233	sra	x4,x29,x31	 x29:0x00000001 x31:0x004e3500  x4=0x00000001
     107775.000 ns	     10776	800026d4	012cf433	and	x8,x25,x18	 x25:0xffffffff x18:0x80040fe4  x8=0x80040fe4
     107795.000 ns	     10778	800026d8	03f32633	mulhsu	x12,x6,x31	  x6:0x80041024 x31:0x004e3500 x12=0xffd8e6bd
     107815.000 ns	     10780	800026dc	004ecd33	xor	x26,x29,x4	 x29:0x00000001  x4:0x00000001 x26=0x00000000
     107825.000 ns	     10781	800026e0	4879e793	ori	x15,x19,1159	 x19:0x4004118e x15=0x4004158f
     107835.000 ns	     10782	800026e4	018bb7b3	sltu	x15,x23,x24	 x23:0xdffefbff x24:0x00000000 x15=0x00000000
     109005.000 ns	     10899	800026e8	580f7053	fsqrt.s	f0,f30	 f30:0x00000001  f0=0x1f350483
     109025.000 ns	     10901	800026ec	2193f813	andi	x16,x7,537	  x7:0x00000000 x16=0x00000000
     109045.000 ns	     10903	800026f0	29569853	fmax.s	f16,f13,f21	 f13:0x4aec5a92 f21:0xb85f0f10 f16=0x4aec5a92
     109065.000 ns	     10905	800026f4	018260b3	or	x1,x4,x24	  x4:0x00000001 x24:0x00000000  x1=0x00000001
     109075.000 ns	     10906	800026f8	00000013	addi	x0,x0,0	  x0:0x00000000
     109105.000 ns	     10909	800026fc	1092b7d3	fmul.s	f15,f5,f9	  f5:0x654d4308  f9:0xce6e4f6f f15=0xf43f1402
     109135.000 ns	     10912	80002700	03989633	mulh	x12,x17,x25	 x17:0xcaec590a x25:0xffffffff x12=0x00000000
     109155.000 ns	     10914	80002704	40e55ab3	sra	x21,x10,x14	 x10:0xc00207f2 x14:0x00000000 x21=0xc00207f2
     109185.000 ns	     10917	80002708	10157cd3	fmul.s	f25,f10,f1	 f10:0x80000000  f1:0x00000000 f25=0x80000000
     109205.000 ns	     10919	8000270c	01b745b3	xor	x11,x14,x27	 x14:0x00000000 x27:0x111c0000 x11=0x111c0000
     110375.000 ns	     11036	80002710	58082d53	fsqrt.s	f26,f16	 f16:0x4aec5a92 f26=0x452def47
     110745.000 ns	     11073	80002714	029a51b3	divu	x3,x20,x9	 x20:0xf8004102  x9:0x39f29000  x3=0x00000004
     110775.000 ns	     11076	80002718	031d9db3	mulh	x27,x27,x17	 x27:0x111c0000 x17:0xcaec590a x27=0xfc73e3c3
     110795.000 ns	     11078	8000271c	01180e33	add	x28,x16,x17	 x16:0x00000000 x17:0xcaec590a x28=0xcaec590a
     110805.000 ns	     11079	80002720	f0bd0717	auipc	x14,0xf0bd0	 x14=0x70bd2720
     110815.000 ns	     11080	80002724	016f1393	slli	x7,x30,0x16	 x30:0xec5313c0  x7=0xf0000000
     110825.000 ns	     11081	80002728	002e7133	and	x2,x28,x2	 x28:0xcaec590a  x2:0xfc1a0000  x2=0xc8080000
     110835.000 ns	     11082	8000272c	2739c993	xori	x19,x19,627	 x19:0x4004118e x19=0x400413fd
     110855.000 ns	     11084	80002730	c009f6d3	fcvt.w.s	x13,f19	 f19:0xffc00000 x13=0x7fffffff
     110885.000 ns	     11087	80002734	e00481d3	fmv.x.w	x3,f9	  f9:0xce6e4f6f  x3=0xce6e4f6f
     110915.000 ns	     11090	80002738	29670053	fmin.s	f0,f14,f22	 f14:0xe54d4308 f22:0x00000000  f0=0xe54d4308
     110935.000 ns	     11092	8000273c	796e8393	addi	x7,x29,1942	 x29:0x00000001  x7=0x00000797
     110955.000 ns	     11094	80002740	02a0b733	mulhu	x14,x1,x10	  x1:0x00000001 x10:0xc00207f2 x14=0x00000000
     110975.000 ns	     11096	80002744	40315e33	sra	x28,x2,x3	  x2:0xc8080000  x3:0xce6e4f6f x28=0xffff9010
     110995.000 ns	     11098	80002748	c004cc53	fcvt.w.s	x24,f9	  f9:0xce6e4f6f x24=0xc46c2440
     111025.000 ns	     11101	8000274c	293a16d3	fmax.s	f13,f20,f19	 f20:0x80000002 f19:0xffc00000 f13=0x80000002
     111055.000 ns	     11104	80002750	a07f1c53	flt.s	x24,f30,f7	 f30:0x00000001  f7:0xb85f0f10 x24=0x00000000
     111095.000 ns	     11108	80002754	1097c6d3	fmul.s	f13,f15,f9	 f15:0xf43f1402  f9:0xce6e4f6f f13=0x7f800000
     111125.000 ns	     11111	80002758	a0809ad3	flt.s	x21,f1,f8	  f1:0x00000000  f8:0x00000000 x21=0x00000000
     111145.000 ns	     11113	8000275c	398b4213	xori	x4,x22,920	 x22:0x00000001  x4=0x00000399
     111155.000 ns	     11114	80002760	01255613	srli	x12,x10,0x12	 x10:0xc00207f2 x12=0x00003000
     111175.000 ns	     11116	80002764	02a996b3	mulh	x13,x19,x10	 x19:0x400413fd x10:0xc00207f2 x13=0xefff7d05
     111225.000 ns	     11121	80002768	0872a2d3	fsub.s	f5,f5,f7	  f5:0x654d4308  f7:0xb85f0f10  f5=0x654d4308
     111245.000 ns	     11123	8000276c	005f12b3	sll	x5,x30,x5	 x30:0xec5313c0  x5:0x00000001  x5=0xd8a62780
     111265.000 ns	     11125	80002770	02bd3d33	mulhu	x26,x26,x11	 x26:0x00000000 x11:0x111c0000 x26=0x00000000
     111285.000 ns	     11127	80002774	40858c33	sub	x24,x11,x8	 x11:0x111c0000  x8:0x80040fe4 x24=0x9117f01c
     111305.000 ns	     11129	80002778	e0028153	fmv.x.w	x2,f5	  f5:0x654d4308  x2=0x654d4308
     111335.000 ns	     11132	8000277c	d00b9bd3	fcvt.s.w	f23,x23	 x23:0xdffefbff f23=0xce000410
     111365.000 ns	     11135	80002780	e00d8053	fmv.x.w	x0,f27	 f27:0x2dc06cd6
     111385.000 ns	     11137	80002784	01faf033	and	x0,x21,x31	 x21:0x00000000 x31:0x004e3500
     111405.000 ns	     11139	80002788	d00c72d3	fcvt.s.w	f5,x24	 x24:0x9117f01c  f5=0xceddd01f
     111425.000 ns	     11141	8000278c	45ca4293	xori	x5,x20,1116	 x20:0xf8004102  x5=0xf800455e
     111445.000 ns	     11143	80002790	e0009553	fclass.s	x10,f1	  f1:0x00000000 x10=0x00000010
     111485.000 ns	     11147	80002794	580b7bd3	fsqrt.s	f23,f22	 f22:0x00000000 f23=0x00000000
     111505.000 ns	     11149	80002798	00000013	addi	x0,x0,0	  x0:0x00000000
     111525.000 ns	     11151	8000279c	c000a553	fcvt.w.s	x10,f1	  f1:0x00000000 x10=0x00000000
     111545.000 ns	     11153	800027a0	3042c113	xori	x2,x5,772	  x5:0xf800455e  x2=0xf800465a
     111565.000 ns	     11155	800027a4	a09498d3	flt.s	x17,f9,f9	  f9:0xce6e4f6f  f9:0xce6e4f6f x17=0x00000000
     111595.000 ns	     11158	800027a8	02a94ab3	div	x21,x18,x10	 x18:0x80040fe4 x10:0x00000000 x21=0xffffffff
     111615.000 ns	     11160	800027ac	413ad833	sra	x16,x21,x19	 x21:0x00000000 x19:0x400413fd x16=0xffffffff
     111975.000 ns	     11196	800027b0	02124a33	div	x20,x4,x1	  x4:0x00000399  x1:0x00000001 x20=0x00000399
     112005.000 ns	     11199	800027b4	f0080a53	fmv.w.x	f20,x16	 x16:0x00000000 f20=0xffffffff
     112025.000 ns	     11201	800027b8	688f3693	sltiu	x13,x30,1672	 x30:0xec5313c0 x13=0x00000000
     112035.000 ns	     11202	800027bc	01a919b3	sll	x19,x18,x26	 x18:0x80040fe4 x26:0x00000000 x19=0x80040fe4
     112045.000 ns	     11203	800027c0	00e82533	slt	x10,x16,x14	 x16:0xffffffff x14:0x00000000 x10=0x00000001
     112055.000 ns	     11204	800027c4	00afd233	srl	x4,x31,x10	 x31:0x004e3500 x10:0x00000000  x4=0x00271a80
     112075.000 ns	     11206	800027c8	0201f233	remu	x4,x3,x0	  x3:0xce6e4f6f  x0:0x00000000  x4=0xce6e4f6f
     112095.000 ns	     11208	800027cc	77a84493	xori	x9,x16,1914	 x16:0xffffffff  x9=0xfffff885
     112455.000 ns	     11244	800027d0	0238e833	rem	x16,x17,x3	 x17:0x00000000  x3:0xce6e4f6f x16=0x00000000
     112475.000 ns	     11246	800027d4	008dd9b3	srl	x19,x27,x8	 x27:0xfc73e3c3  x8:0x80040fe4 x19=0x0fc73e3c
     112495.000 ns	     11248	800027d8	a00ba053	feq.s	x0,f23,f0	 f23:0x00000000  f0:0xe54d4308
     112515.000 ns	     11250	800027dc	415754b3	sra	x9,x14,x21	 x14:0x00000000 x21:0xffffffff  x9=0x00000000
     112535.000 ns	     11252	800027e0	e00c14d3	fclass.s	x9,f24	 f24:0x7fc00000  x9=0x00000200
     112565.000 ns	     11255	800027e4	f0028cd3	fmv.w.x	f25,x5	  x5:0xf800455e f25=0xf800455e
     112585.000 ns	     11257	800027e8	491c0f93	addi	x31,x24,1169	 x24:0x9117f01c x31=0x9117f4ad
     112605.000 ns	     11259	800027ec	28680253	fmin.s	f4,f16,f6	 f16:0x4aec5a92  f6:0x80000278  f4=0x80000278
     112625.000 ns	     11261	800027f0	addcd5b7	lui	x11,0xaddcd	 x11=0xaddcd000
     113795.000 ns	     11378	800027f4	580f2e53	fsqrt.s	f28,f30	 f30:0x00000001 f28=0x1f350483
     113815.000 ns	     11380	800027f8	40558a13	addi	x20,x11,1029	 x11:0x111c0000 x20=0xaddcd405
     113825.000 ns	     11381	800027fc	08600693	addi	x13,x0,134	  x0:0x00000000 x13=0x00000086
     113835.000 ns	     11382	80002800	8302fe93	andi	x29,x5,-2000	  x5:0xf800455e x29=0xf8004010
     113845.000 ns	     11383	80002804	590b0a93	addi	x21,x22,1424	 x22:0x00000001 x21=0x00000591
     113865.000 ns	     11385	80002808	027238b3	mulhu	x17,x4,x7	  x4:0xce6e4f6f  x7:0x00000797 x17=0x0000061e
     113895.000 ns	     11388	8000280c	20589dd3	fsgnjn.s	f27,f17,f5	 f17:0xce6e4f6f  f5:0xceddd01f f27=0x4e6e4f6f
     113915.000 ns	     11390	80002810	010b3d33	sltu	x26,x22,x16	 x22:0x00000001 x16:0x00000000 x26=0x00000000
     113925.000 ns	     11391	80002814	0079d793	srli	x15,x19,0x7	 x19:0x0fc73e3c x15=0x001f8e7c
     113945.000 ns	     11393	80002818	d0087dd3	fcvt.s.w	f27,x16	 x16:0x00000000 f27=0x00000000
     113965.000 ns	     11395	8000281c	41f25133	sra	x2,x4,x31	  x4:0xce6e4f6f x31:0x9117f4ad  x2=0xfffe7372
     113975.000 ns	     11396	80002820	41ce5893	srai	x17,x28,0x1c	 x28:0xffff9010 x17=0xffffffff
     113995.000 ns	     11398	80002824	218600d3	fsgnj.s	f1,f12,f24	 f12:0x80000278 f24:0x7fc00000  f1=0x00000278
     114025.000 ns	     11401	80002828	e00e8bd3	fmv.x.w	x23,f29	 f29:0x80000000 x23=0x80000000
     114045.000 ns	     11403	8000282c	68ec6a93	ori	x21,x24,1678	 x24:0x9117f01c x21=0x9117f69e
     114065.000 ns	     11405	80002830	292b98d3	fmax.s	f17,f23,f18	 f23:0x00000000 f18:0xb85f0f10 f17=0x00000000
     114095.000 ns	     11408	80002834	033083b3	mul	x7,x1,x19	  x1:0x00000001 x19:0x0fc73e3c  x7=0x0fc73e3c
     114115.000 ns	     11410	80002838	00587833	and	x16,x16,x5	 x16:0x00000000  x5:0xf800455e x16=0x00000000
     114125.000 ns	     11411	8000283c	007b4b33	xor	x22,x22,x7	 x22:0x00000001  x7:0x0fc73e3c x22=0x0fc73e3d
     114135.000 ns	     11412	80002840	00fefe33	and	x28,x29,x15	 x29:0xf8004010 x15:0x001f8e7c x28=0x00000010
     114145.000 ns	     11413	80002844	00c4d0b3	srl	x1,x9,x12	  x9:0x00000200 x12:0x00003000  x1=0x00000200
     114505.000 ns	     11449	80002848	035b75b3	remu	x11,x22,x21	 x22:0x0fc73e3d x21:0x9117f69e x11=0x0fc73e3d
     114525.000 ns	     11451	8000284c	00155c33	srl	x24,x10,x1	 x10:0x00000001  x1:0x00000001 x24=0x00000001
     114545.000 ns	     11453	80002850	026b2233	mulhsu	x4,x22,x6	 x22:0x0fc73e3d  x6:0x80041024  x4=0x07e3df3a
     114575.000 ns	     11456	80002854	e00f1c53	fclass.s	x24,f30	 f30:0x00000001 x24=0x00000020
     114615.000 ns	     11460	80002858	118478d3	fmul.s	f17,f8,f24	  f8:0x00000000 f24:0x7fc00000 f17=0x7fc00000
     114635.000 ns	     11462	8000285c	000eb2b3	sltu	x5,x29,x0	 x29:0xf8004010  x0:0x00000000  x5=0x00000000
     114655.000 ns	     11464	80002860	e00a99d3	fclass.s	x19,f21	 f21:0xb85f0f10 x19=0x00000002
     114705.000 ns	     11469	80002864	09c90753	fsub.s	f14,f18,f28	 f18:0xb85f0f10 f28:0x1f350483 f14=0xb85f0f10
     114725.000 ns	     11471	80002868	0036c5b3	xor	x11,x13,x3	 x13:0x00000086  x3:0xce6e4f6f x11=0xce6e4fe9
     114745.000 ns	     11473	8000286c	a0c12fd3	feq.s	x31,f2,f12	  f2:0x654d4308 f12:0x80000278 x31=0x00000000
     114775.000 ns	     11476	80002870	e00585d3	fmv.x.w	x11,f11	 f11:0x00000000 x11=0x00000000
     115955.000 ns	     11594	80002874	5800f153	fsqrt.s	f2,f1	  f1:0x00000278  f2=0x1f350800
     115985.000 ns	     11597	80002878	21bcaa53	fsgnjx.s	f20,f25,f27	 f25:0xf800455e f27:0x00000000 f20=0xf800455e
     116015.000 ns	     11600	8000287c	02b539b3	mulhu	x19,x10,x11	 x10:0x00000001 x11:0x00000000 x19=0x00000000
     116045.000 ns	     11603	80002880	a1c00c53	fle.s	x24,f0,f28	  f0:0xe54d4308 f28:0x1f350483 x24=0x00000001
     116075.000 ns	     11606	80002884	f00480d3	fmv.w.x	f1,x9	  x9:0x00000200  f1=0x00000200
     116095.000 ns	     11608	80002888	017091b3	sll	x3,x1,x23	  x1:0x00000200 x23:0x80000000  x3=0x00000200
     116115.000 ns	     11610	8000288c	e00c9153	fclass.s	x2,f25	 f25:0xf800455e  x2=0x00000002
     116135.000 ns	     11612	80002890	00d54db3	xor	x27,x10,x13	 x10:0x00000001 x13:0x00000086 x27=0x00000087
     116145.000 ns	     11613	80002894	a211cc13	xori	x24,x3,-1503	  x3:0x00000200 x24=0xfffff821
     116155.000 ns	     11614	80002898	402105b3	sub	x11,x2,x2	  x2:0x00000002  x2:0x00000002 x11=0x00000000
     116175.000 ns	     11616	8000289c	a147ad53	feq.s	x26,f15,f20	 f15:0xf43f1402 f20:0xf800455e x26=0x00000000
     116195.000 ns	     11618	800028a0	00aa54b3	srl	x9,x20,x10	 x20:0xaddcd405 x10:0x00000001  x9=0x56ee6a02
     116205.000 ns	     11619	800028a4	00000013	addi	x0,x0,0	  x0:0x00000000
     116235.000 ns	     11622	800028a8	58057a53	fsqrt.s	f20,f10	 f10:0x80000000 f20=0x80000000
     116605.000 ns	     11659	800028ac	032accb3	div	x25,x21,x18	 x21:0x9117f69e x18:0x80040fe4 x25=0x00000000
     116625.000 ns	     11661	800028b0	71a5a013	slti	x0,x11,1818	 x11:0x00000000
     116985.000 ns	     11697	800028b4	029a4433	div	x8,x20,x9	 x20:0xaddcd405  x9:0x56ee6a02  x8=0x00000000
     117015.000 ns	     11700	800028b8	c008c3d3	fcvt.w.s	x7,f17	 f17:0x7fc00000  x7=0x7fffffff
     117045.000 ns	     11703	800028bc	03ea2833	mulhsu	x16,x20,x30	 x20:0xaddcd405 x30:0xec5313c0 x16=0xb42cebb7
     117075.000 ns	     11706	800028c0	03f6e033	rem	x0,x13,x31	 x13:0x00000086 x31:0x00000000
     117105.000 ns	     11709	800028c4	03ab7a33	remu	x20,x22,x26	 x22:0x0fc73e3d x26:0x00000000 x20=0x0fc73e3d
     117135.000 ns	     11712	800028c8	21ae87d3	fsgnj.s	f15,f29,f26	 f29:0x80000000 f26:0x452def47 f15=0x00000000
     117165.000 ns	     11715	800028cc	a08c85d3	fle.s	x11,f25,f8	 f25:0xf800455e  f8:0x00000000 x11=0x00000001
     117185.000 ns	     11717	800028d0	a26d6a37	lui	x20,0xa26d6	 x20=0xa26d6000
     117195.000 ns	     11718	800028d4	01959633	sll	x12,x11,x25	 x11:0x00000001 x25:0x00000000 x12=0x00000001
     117205.000 ns	     11719	800028d8	41b45833	sra	x16,x8,x27	  x8:0x00000000 x27:0x00000087 x16=0x00000000
     117215.000 ns	     11720	800028dc	00000013	addi	x0,x0,0	  x0:0x00000000
     117255.000 ns	     11724	800028e0	00267553	fadd.s	f10,f12,f2	 f12:0x80000278  f2:0x1f350800 f10=0x1f350800
     117275.000 ns	     11726	800028e4	00139a13	slli	x20,x7,0x1	  x7:0x7fffffff x20=0xfffffffe
     117295.000 ns	     11728	800028e8	f0078253	fmv.w.x	f4,x15	 x15:0x001f8e7c  f4=0x001f8e7c
     117325.000 ns	     11731	800028ec	c00a4753	fcvt.w.s	x14,f20	 f20:0x80000000 x14=0x00000000
     117355.000 ns	     11734	800028f0	02e12533	mulhsu	x10,x2,x14	  x2:0x00000002 x14:0x00000000 x10=0x00000000
     117385.000 ns	     11737	800028f4	c01f7dd3	fcvt.wu.s	x27,f30	 f30:0x00000001 x27=0x00000000
     117435.000 ns	     11742	800028f8	012370d3	fadd.s	f1,f6,f18	  f6:0x80000278 f18:0xb85f0f10  f1=0xb85f0f10
     117455.000 ns	     11744	800028fc	00f9a8b3	slt	x17,x19,x15	 x19:0x00000000 x15:0x001f8e7c x17=0x00000001
     117465.000 ns	     11745	80002900	fb907213	andi	x4,x0,-71	  x0:0x00000000  x4=0x00000000
     117475.000 ns	     11746	80002904	00000013	addi	x0,x0,0	  x0:0x00000000
     117485.000 ns	     11747	80002908	4137d593	srai	x11,x15,0x13	 x15:0x001f8e7c x11=0x00000003
     117845.000 ns	     11783	8000290c	0345ddb3	divu	x27,x11,x20	 x11:0x00000001 x20:0xfffffffe x27=0x00000000
     117865.000 ns	     11785	80002910	00000013	addi	x0,x0,0	  x0:0x00000000
     117875.000 ns	     11786	80002914	014ef533	and	x10,x29,x20	 x29:0xf8004010 x20:0xfffffffe x10=0xf8004010
     117885.000 ns	     11787	80002918	01c68b33	add	x22,x13,x28	 x13:0x00000086 x28:0x00000010 x22=0x00000096
     117905.000 ns	     11789	8000291c	e00c0c53	fmv.x.w	x24,f24	 f24:0x7fc00000 x24=0x7fc00000
     117955.000 ns	     11794	80002920	0041f053	fadd.s	f0,f3,f4	  f3:0xadc06cd6  f4:0x001f8e7c  f0=0xadc06cd6
     117975.000 ns	     11796	80002924	41a2d833	sra	x16,x5,x26	  x5:0x00000000 x26:0x00000000 x16=0x00000000
     117985.000 ns	     11797	80002928	01fb25b3	slt	x11,x22,x31	 x22:0x00000096 x31:0x00000000 x11=0x00000000
     118005.000 ns	     11799	8000292c	02437fb3	remu	x31,x6,x4	  x6:0x80041024  x4:0x00000000 x31=0x80041024
     118035.000 ns	     11802	80002930	c009bc53	fcvt.w.s	x24,f19	 f19:0xffc00000 x24=0x7fffffff
     118055.000 ns	     11804	80002934	4050dbb3	sra	x23,x1,x5	  x1:0x00000200  x5:0x00000000 x23=0x00000200
     118075.000 ns	     11806	80002938	21951ad3	fsgnjn.s	f21,f10,f25	 f10:0x1f350800 f25:0xf800455e f21=0x1f350800
     118095.000 ns	     11808	8000293c	a7acad13	slti	x26,x25,-1414	 x25:0x00000000 x26=0x00000000
     118105.000 ns	     11809	80002940	0018adb3	slt	x27,x17,x1	 x17:0x00000001  x1:0x00000200 x27=0x00000001
     118115.000 ns	     11810	80002944	40c583b3	sub	x7,x11,x12	 x11:0x00000000 x12:0x00000001  x7=0xffffffff
     118125.000 ns	     11811	80002948	00988cb3	add	x25,x17,x9	 x17:0x00000001  x9:0x56ee6a02 x25=0x56ee6a03
     118145.000 ns	     11813	8000294c	c00a2053	fcvt.w.s	x0,f20	 f20:0x80000000
     118175.000 ns	     11816	80002950	e00313d3	fclass.s	x7,f6	  f6:0x80000278  x7=0x00000004
     118215.000 ns	     11820	80002954	580a70d3	fsqrt.s	f1,f20	 f20:0x80000000  f1=0x80000000
     118235.000 ns	     11822	80002958	00ead133	srl	x2,x21,x14	 x21:0x9117f69e x14:0x00000000  x2=0x9117f69e
     118245.000 ns	     11823	8000295c	5ab7ed13	ori	x26,x15,1451	 x15:0x001f8e7c x26=0x001f8fff
     118255.000 ns	     11824	80002960	00000013	addi	x0,x0,0	  x0:0x00000000
     118265.000 ns	     11825	80002964	7a5da213	slti	x4,x27,1957	 x27:0x00000001  x4=0x00000001
     118275.000 ns	     11826	80002968	c6803213	sltiu	x4,x0,-920	  x0:0x00000000  x4=0x00000001
     118635.000 ns	     11862	8000296c	037d4833	div	x16,x26,x23	 x26:0x001f8fff x23:0x00000200 x16=0x00000fc7
     118675.000 ns	     11866	80002970	10607553	fmul.s	f10,f0,f6	  f0:0xadc06cd6  f6:0x80000278 f10=0x00000000
     119045.000 ns	     11903	80002974	03056433	rem	x8,x10,x16	 x10:0xf8004010 x16:0x00000fc7  x8=0xfffffa16
     119075.000 ns	     11906	80002978	21441dd3	fsgnjn.s	f27,f8,f20	  f8:0x00000000 f20:0x80000000 f27=0x00000000
     119105.000 ns	     11909	8000297c	29961653	fmax.s	f12,f12,f25	 f12:0x80000278 f25:0xf800455e f12=0x80000278
     119155.000 ns	     11914	80002980	000d7a53	fadd.s	f20,f26,f0	 f26:0x452def47  f0:0xadc06cd6 f20=0x452def46
     119185.000 ns	     11917	80002984	21281c53	fsgnjn.s	f24,f16,f18	 f16:0x4aec5a92 f18:0xb85f0f10 f24=0x4aec5a92
     119205.000 ns	     11919	80002988	aa2ab393	sltiu	x7,x21,-1374	 x21:0x9117f69e  x7=0x00000001
     119225.000 ns	     11921	8000298c	f00283d3	fmv.w.x	f7,x5	  x5:0x00000000  f7=0x00000000
     119245.000 ns	     11923	80002990	003d0b33	add	x22,x26,x3	 x26:0x001f8fff  x3:0x00000200 x22=0x001f91ff
     119255.000 ns	     11924	80002994	412b5213	srai	x4,x22,0x12	 x22:0x00000096  x4=0x00000007
     119275.000 ns	     11926	80002998	214201d3	fsgnj.s	f3,f4,f20	  f4:0x001f8e7c f20:0x452def46  f3=0x001f8e7c
     119295.000 ns	     11928	8000299c	40e008b3	sub	x17,x0,x14	  x0:0x00000000 x14:0x00000000 x17=0x00000000
     119335.000 ns	     11932	800029a0	09cd4853	fsub.s	f16,f26,f28	 f26:0x452def47 f28:0x1f350483 f16=0x452def47
     119355.000 ns	     11934	800029a4	cd0a7597	auipc	x11,0xcd0a7	 x11=0x4d0a99a4
     119375.000 ns	     11936	800029a8	204d22d3	fsgnjx.s	f5,f26,f4	 f26:0x452def47  f4:0x001f8e7c  f5=0x452def47
     119425.000 ns	     11941	800029ac	005cf253	fadd.s	f4,f25,f5	 f25:0xf800455e  f5:0xceddd01f  f4=0xf800455e
     119445.000 ns	     11943	800029b0	40ecd3b3	sra	x7,x25,x14	 x25:0x56ee6a03 x14:0x00000000  x7=0x56ee6a03
     119465.000 ns	     11945	800029b4	0218a6b3	mulhsu	x13,x17,x1	 x17:0x00000000  x1:0x00000200 x13=0x00000000
     119485.000 ns	     11947	800029b8	008e77b3	and	x15,x28,x8	 x28:0x00000010  x8:0xfffffa16 x15=0x00000010
     119505.000 ns	     11949	800029bc	f00a8bd3	fmv.w.x	f23,x21	 x21:0x9117f69e f23=0x9117f69e
     119545.000 ns	     11953	800029c0	1158f5d3	fmul.s	f11,f17,f21	 f17:0x7fc00000 f21:0x1f350800 f11=0x7fc00000
     119565.000 ns	     11955	800029c4	39c43b13	sltiu	x22,x8,924	  x8:0xfffffa16 x22=0x00000000
     119575.000 ns	     11956	800029c8	a92f0393	addi	x7,x30,-1390	 x30:0xec5313c0  x7=0xec530e52
     119605.000 ns	     11959	800029cc	580b72d3	fsqrt.s	f5,f22	 f22:0x00000000  f5=0x00000000
     119625.000 ns	     11961	800029d0	00c49c33	sll	x24,x9,x12	  x9:0x56ee6a02 x12:0x00000001 x24=0xaddcd404
     119635.000 ns	     11962	800029d4	5d55b513	sltiu	x10,x11,1493	 x11:0x4d0a99a4 x10=0x00000000
     119645.000 ns	     11963	800029d8	002871b3	and	x3,x16,x2	 x16:0x00000fc7  x2:0x9117f69e  x3=0x00000686
     119655.000 ns	     11964	800029dc	5899ed93	ori	x27,x19,1417	 x19:0x00000000 x27=0x00000589
     119675.000 ns	     11966	800029e0	c01472d3	fcvt.wu.s	x5,f8	  f8:0x00000000  x5=0x00000000
     119695.000 ns	     11968	800029e4	01f571b3	and	x3,x10,x31	 x10:0x00000000 x31:0x80041024  x3=0x00000000
     119715.000 ns	     11970	800029e8	a1b31553	flt.s	x10,f6,f27	  f6:0x80000278 f27:0x00000000 x10=0x00000001
     119745.000 ns	     11973	800029ec	025e9bb3	mulh	x23,x29,x5	 x29:0xf8004010  x5:0x00000000 x23=0x00000000
     119775.000 ns	     11976	800029f0	03741fb3	mulh	x31,x8,x23	  x8:0xfffffa16 x23:0x00000200 x31=0x00000000
     119805.000 ns	     11979	800029f4	21d493d3	fsgnjn.s	f7,f9,f29	  f9:0xce6e4f6f f29:0x80000000  f7=0x4e6e4f6f
     119835.000 ns	     11982	800029f8	21ce8253	fsgnj.s	f4,f29,f28	 f29:0x80000000 f28:0x1f350483  f4=0x00000000
     119855.000 ns	     11984	800029fc	3b454093	xori	x1,x10,948	 x10:0x00000001  x1=0x000003b5
     119865.000 ns	     11985	80002a00	001b7033	and	x0,x22,x1	 x22:0x00000000  x1:0x00000200
     119885.000 ns	     11987	80002a04	0338edb3	rem	x27,x17,x19	 x17:0x00000000 x19:0x00000000 x27=0x00000000
     119905.000 ns	     11989	80002a08	00bcc733	xor	x14,x25,x11	 x25:0x56ee6a03 x11:0x4d0a99a4 x14=0x1be4f3a7
     119915.000 ns	     11990	80002a0c	40915db3	sra	x27,x2,x9	  x2:0x9117f69e  x9:0x56ee6a02 x27=0xe445fda7
     119935.000 ns	     11992	80002a10	c01187d3	fcvt.wu.s	x15,f3	  f3:0x001f8e7c x15=0x00000000
     119955.000 ns	     11994	80002a14	00000013	addi	x0,x0,0	  x0:0x00000000
     119975.000 ns	     11996	80002a18	e00698d3	fclass.s	x17,f13	 f13:0x7f800000 x17=0x00000080
     119995.000 ns	     11998	80002a1c	01965193	srli	x3,x12,0x19	 x12:0x00000001  x3=0x00000000
     120005.000 ns	     11999	80002a20	008f29b3	slt	x19,x30,x8	 x30:0xec5313c0  x8:0xfffffa16 x19=0x00000001
     120035.000 ns	     12002	80002a24	10e84153	fmul.s	f2,f16,f14	 f16:0x452def47 f14:0xb85f0f10  f2=0xbe178dab
     120065.000 ns	     12005	80002a28	025f2eb3	mulhsu	x29,x30,x5	 x30:0xec5313c0  x5:0x00000000 x29=0x00000000
     120105.000 ns	     12009	80002a2c	11617853	fmul.s	f16,f2,f22	  f2:0xbe178dab f22:0x00000000 f16=0x80000000
     120125.000 ns	     12011	80002a30	bcfe6b17	auipc	x22,0xbcfe6	 x22=0x3cfe8a30
     120145.000 ns	     12013	80002a34	e00612d3	fclass.s	x5,f12	 f12:0x80000278  x5=0x00000004
     120165.000 ns	     12015	80002a38	00000013	addi	x0,x0,0	  x0:0x00000000
     120185.000 ns	     12017	80002a3c	02bcb4b3	mulhu	x9,x25,x11	 x25:0x56ee6a03 x11:0x4d0a99a4  x9=0x1a294f5f
     120215.000 ns	     12020	80002a40	0236eab3	rem	x21,x13,x3	 x13:0x00000000  x3:0x00000000 x21=0x00000000
     120245.000 ns	     12023	80002a44	20651cd3	fsgnjn.s	f25,f10,f6	 f10:0x00000000  f6:0x80000278 f25=0x00000000
     120275.000 ns	     12026	80002a48	d0152753	fcvt.s.wu	f14,x10	 x10:0x00000001 f14=0x3f800000
     120305.000 ns	     12029	80002a4c	02903e33	mulhu	x28,x0,x9	  x0:0x00000000  x9:0x1a294f5f x28=0x00000000
     120335.000 ns	     12032	80002a50	21d31ed3	fsgnjn.s	f29,f6,f29	  f6:0x80000278 f29:0x80000000 f29=0x00000278
     120355.000 ns	     12034	80002a54	c4a28d13	addi	x26,x5,-950	  x5:0x00000004 x26=0xfffffc4e
     120375.000 ns	     12036	80002a58	c00a7ad3	fcvt.w.s	x21,f20	 f20:0x452def46 x21=0x00000ade
     120425.000 ns	     12041	80002a5c	088e1c53	fsub.s	f24,f28,f8	 f28:0x1f350483  f8:0x00000000 f24=0x1f350483
     120455.000 ns	     12044	80002a60	28650a53	fmin.s	f20,f10,f6	 f10:0x00000000  f6:0x80000278 f20=0x80000278
     120475.000 ns	     12046	80002a64	404c0a33	sub	x20,x24,x4	 x24:0xaddcd404  x4:0x00000007 x20=0xaddcd3fd
     120485.000 ns	     12047	80002a68	01701e93	slli	x29,x0,0x17	  x0:0x00000000 x29=0x00000000
     120505.000 ns	     12049	80002a6c	28988d53	fmin.s	f26,f17,f9	 f17:0x7fc00000  f9:0xce6e4f6f f26=0xce6e4f6f
     120535.000 ns	     12052	80002a70	21351053	fsgnjn.s	f0,f10,f19	 f10:0x00000000 f19:0xffc00000  f0=0x00000000
     120565.000 ns	     12055	80002a74	d0009a53	fcvt.s.w	f20,x1	  x1:0x000003b5 f20=0x446d4000
     120615.000 ns	     12060	80002a78	09b1c853	fsub.s	f16,f3,f27	  f3:0x001f8e7c f27:0x00000000 f16=0x001f8e7c
     120645.000 ns	     12063	80002a7c	f00d83d3	fmv.w.x	f7,x27	 x27:0xe445fda7  f7=0xe445fda7
     120665.000 ns	     12065	80002a80	00e5d613	srli	x12,x11,0xe	 x11:0x4d0a99a4 x12=0x0001342a
     120685.000 ns	     12067	80002a84	02108433	mul	x8,x1,x1	  x1:0x000003b5  x1:0x000003b5  x8=0x000dbdf9
     121025.000 ns	     12101	80002a88	194c78d3	fdiv.s	f17,f24,f20	 f24:0x1f350483 f20:0x446d4000 f17=0x1aa5bfd7
     121065.000 ns	     12105	80002a8c	580bbad3	fsqrt.s	f21,f23	 f23:0x9117f69e f21=0x7fc00000
     121115.000 ns	     12110	80002a90	08c99453	fsub.s	f8,f19,f12	 f19:0xffc00000 f12:0x80000278  f8=0x7fc00000
     121145.000 ns	     12113	80002a94	d018f053	fcvt.s.wu	f0,x17	 x17:0x00000080  f0=0x43000000
     121175.000 ns	     12116	80002a98	a0bf9e53	flt.s	x28,f31,f11	 f31:0x00000002 f11:0x7fc00000 x28=0x00000000
     121205.000 ns	     12119	80002a9c	d01a86d3	fcvt.s.wu	f13,x21	 x21:0x00000ade f13=0x452de000
     121235.000 ns	     12122	80002aa0	f00c8853	fmv.w.x	f16,x25	 x25:0x56ee6a03 f16=0x56ee6a03
     121265.000 ns	     12125	80002aa4	c005fad3	fcvt.w.s	x21,f11	 f11:0x7fc00000 x21=0x7fffffff
     121285.000 ns	     12127	80002aa8	01fb9db3	sll	x27,x23,x31	 x23:0x00000000 x31:0x00000000 x27=0x00000000
     121305.000 ns	     12129	80002aac	e00393d3	fclass.s	x7,f7	  f7:0xe445fda7  x7=0x00000002
     121325.000 ns	     12131	80002ab0	000c0c33	add	x24,x24,x0	 x24:0xaddcd404  x0:0x00000000 x24=0xaddcd404
     121365.000 ns	     12135	80002ab4	00dd33d3	fadd.s	f7,f26,f13	 f26:0xce6e4f6f f13:0x452de000  f7=0xce6e4f43
     121385.000 ns	     12137	80002ab8	01492db3	slt	x27,x18,x20	 x18:0x80040fe4 x20:0xaddcd3fd x27=0x00000001
     121395.000 ns	     12138	80002abc	002f0eb3	add	x29,x30,x2	 x30:0xec5313c0  x2:0x9117f69e x29=0x7d6b0a5e
     121415.000 ns	     12140	80002ac0	f00b0b53	fmv.w.x	f22,x22	 x22:0x3cfe8a30 f22=0x3cfe8a30
     121445.000 ns	     12143	80002ac4	21589753	fsgnjn.s	f14,f17,f21	 f17:0x1aa5bfd7 f21:0x7fc00000 f14=0x9aa5bfd7
     121465.000 ns	     12145	80002ac8	013e9d93	slli	x27,x29,0x13	 x29:0x7d6b0a5e x27=0x52f00000
     121825.000 ns	     12181	80002acc	02c85233	divu	x4,x16,x12	 x16:0x00000fc7 x12:0x0001342a  x4=0x00000000
     121855.000 ns	     12184	80002ad0	02fd0bb3	mul	x23,x26,x15	 x26:0xfffffc4e x15:0x00000000 x23=0x00000000
     121885.000 ns	     12187	80002ad4	c00bfad3	fcvt.w.s	x21,f23	 f23:0x9117f69e x21=0x00000000
     121915.000 ns	     12190	80002ad8	e0049ad3	fclass.s	x21,f9	  f9:0xce6e4f6f x21=0x00000002
     121935.000 ns	     12192	80002adc	00fd4eb3	xor	x29,x26,x15	 x26:0xfffffc4e x15:0x00000000 x29=0xfffffc4e
     121945.000 ns	     12193	80002ae0	00599113	slli	x2,x19,0x5	 x19:0x00000001  x2=0x00000020
     121955.000 ns	     12194	80002ae4	00661b93	slli	x23,x12,0x6	 x12:0x0001342a x23=0x004d0a80
     121965.000 ns	     12195	80002ae8	01b6fa33	and	x20,x13,x27	 x13:0x00000000 x27:0x52f00000 x20=0x00000000
     122005.000 ns	     12199	80002aec	00b6f853	fadd.s	f16,f13,f11	 f13:0x452de000 f11:0x7fc00000 f16=0x7fc00000
     122025.000 ns	     12201	80002af0	01f7f6b3	and	x13,x15,x31	 x15:0x00000000 x31:0x00000000 x13=0x00000000
     122055.000 ns	     12204	80002af4	580cf4d3	fsqrt.s	f9,f25	 f25:0x00000000  f9=0x00000000
     122085.000 ns	     12207	80002af8	a1a389d3	fle.s	x19,f7,f26	  f7:0xce6e4f43 f26:0xce6e4f6f x19=0x00000000
     122105.000 ns	     12209	80002afc	4f18f813	andi	x16,x17,1265	 x17:0x00000080 x16=0x00000080
     122115.000 ns	     12210	80002b00	41525e13	srai	x28,x4,0x15	  x4:0x00000000 x28=0x00000000
     122135.000 ns	     12212	80002b04	0245fe33	remu	x28,x11,x4	 x11:0x4d0a99a4  x4:0x00000000 x28=0x4d0a99a4
     122155.000 ns	     12214	80002b08	40f68db3	sub	x27,x13,x15	 x13:0x00000000 x15:0x00000000 x27=0x00000000
     122175.000 ns	     12216	80002b0c	02613bb3	mulhu	x23,x2,x6	  x2:0x00000020  x6:0x80041024 x23=0x00000010
     122205.000 ns	     12219	80002b10	a0a58ed3	fle.s	x29,f11,f10	 f11:0x7fc00000 f10:0x00000000 x29=0x00000000
     122225.000 ns	     12221	80002b14	0161f0b3	and	x1,x3,x22	  x3:0x00000000 x22:0x3cfe8a30  x1=0x00000000
     122245.000 ns	     12223	80002b18	e00012d3	fclass.s	x5,f0	  f0:0x43000000  x5=0x00000040
     122275.000 ns	     12226	80002b1c	037c1e33	mulh	x28,x24,x23	 x24:0xaddcd404 x23:0x00000010 x28=0xfffffffa
     122295.000 ns	     12228	80002b20	9daafe93	andi	x29,x21,-1574	 x21:0x00000002 x29=0x00000002
     122315.000 ns	     12230	80002b24	c01585d3	fcvt.wu.s	x11,f11	 f11:0x7fc00000 x11=0xffffffff
     122335.000 ns	     12232	80002b28	41345833	sra	x16,x8,x19	  x8:0x000dbdf9 x19:0x00000000 x16=0x000dbdf9
     122365.000 ns	     12235	80002b2c	1126fa53	fmul.s	f20,f13,f18	 f13:0x452de000 f18:0xb85f0f10 f20=0xbe17805b
     122385.000 ns	     12237	80002b30	e76d9897	auipc	x17,0xe76d9	 x17=0x676dbb30
     122745.000 ns	     12273	80002b34	02295cb3	divu	x25,x18,x2	 x18:0x80040fe4  x2:0x00000020 x25=0x0400207f
     122775.000 ns	     12276	80002b38	e0090d53	fmv.x.w	x26,f18	 f18:0xb85f0f10 x26=0xb85f0f10
     122825.000 ns	     12281	80002b3c	0939c0d3	fsub.s	f1,f19,f19	 f19:0xffc00000 f19:0xffc00000  f1=0x7fc00000
     122845.000 ns	     12283	80002b40	b445fa93	andi	x21,x11,-1212	 x11:0xffffffff x21=0xfffffb44
     122865.000 ns	     12285	80002b44	030e3633	mulhu	x12,x28,x16	 x28:0xfffffffa x16:0x000dbdf9 x12=0x000dbdf8
     122895.000 ns	     12288	80002b48	d007abd3	fcvt.s.w	f23,x15	 x15:0x00000000 f23=0x00000000
     122925.000 ns	     12291	80002b4c	a0380453	fle.s	x8,f16,f3	 f16:0x7fc00000  f3:0x001f8e7c  x8=0x00000000
     122945.000 ns	     12293	80002b50	01a2c533	xor	x10,x5,x26	  x5:0x00000040 x26:0xb85f0f10 x10=0xb85f0f50
     122955.000 ns	     12294	80002b54	00d4c1b3	xor	x3,x9,x13	  x9:0x1a294f5f x13:0x00000000  x3=0x1a294f5f
     122965.000 ns	     12295	80002b58	00000013	addi	x0,x0,0	  x0:0x00000000
     122975.000 ns	     12296	80002b5c	00b817b3	sll	x15,x16,x11	 x16:0x000dbdf9 x11:0xffffffff x15=0x80000000
     122985.000 ns	     12297	80002b60	4cfb0813	addi	x16,x22,1231	 x22:0x3cfe8a30 x16=0x3cfe8eff
     123005.000 ns	     12299	80002b64	21a92953	fsgnjx.s	f18,f18,f26	 f18:0xb85f0f10 f26:0xce6e4f6f f18=0x385f0f10
     123035.000 ns	     12302	80002b68	292119d3	fmax.s	f19,f2,f18	  f2:0xbe178dab f18:0xb85f0f10 f19=0x385f0f10
     123065.000 ns	     12305	80002b6c	020dc833	div	x16,x27,x0	 x27:0x00000000  x0:0x00000000 x16=0xffffffff
     123115.000 ns	     12310	80002b70	006c7253	fadd.s	f4,f24,f6	 f24:0x1f350483  f6:0x80000278  f4=0x1f350483
     123135.000 ns	     12312	80002b74	01f1d813	srli	x16,x3,0x1f	  x3:0x1a294f5f x16=0x00000000
     123155.000 ns	     12314	80002b78	21d98b53	fsgnj.s	f22,f19,f29	 f19:0x385f0f10 f29:0x00000278 f22=0x385f0f10
     123185.000 ns	     12317	80002b7c	e00e1d53	fclass.s	x26,f28	 f28:0x1f350483 x26=0x00000040
     123205.000 ns	     12319	80002b80	17b8e113	ori	x2,x17,379	 x17:0x676dbb30  x2=0x676dbb7b
     123215.000 ns	     12320	80002b84	23dca837	lui	x16,0x23dca	 x16=0x23dca000
     123225.000 ns	     12321	80002b88	00000013	addi	x0,x0,0	  x0:0x00000000
     123245.000 ns	     12323	80002b8c	03f53d33	mulhu	x26,x10,x31	 x10:0xb85f0f50 x31:0x00000000 x26=0x00000000
     123285.000 ns	     12327	80002b90	190df053	fdiv.s	f0,f27,f16	 f27:0x00000000 f16:0x7fc00000  f0=0x7fc00000
     123305.000 ns	     12329	80002b94	00cfd613	srli	x12,x31,0xc	 x31:0x00000000 x12=0x00000000
     123315.000 ns	     12330	80002b98	f15afd93	andi	x27,x21,-235	 x21:0xfffffb44 x27=0xfffffb04
     123325.000 ns	     12331	80002b9c	41f7de13	srai	x28,x15,0x1f	 x15:0x80000000 x28=0xffffffff
     123335.000 ns	     12332	80002ba0	00341d13	slli	x26,x8,0x3	  x8:0x00000000 x26=0x00000000
     123365.000 ns	     12335	80002ba4	102ec3d3	fmul.s	f7,f29,f2	 f29:0x00000278  f2:0xbe178dab  f7=0x8000005d
     123385.000 ns	     12337	80002ba8	40bcd133	sra	x2,x25,x11	 x25:0x0400207f x11:0xffffffff  x2=0x00000000
     123405.000 ns	     12339	80002bac	a1f21a53	flt.s	x20,f4,f31	  f4:0x1f350483 f31:0x00000002 x20=0x00000000
     123425.000 ns	     12341	80002bb0	016cd793	srli	x15,x25,0x16	 x25:0x0400207f x15=0x00000010
     123445.000 ns	     12343	80002bb4	f00b0c53	fmv.w.x	f24,x22	 x22:0x3cfe8a30 f24=0x3cfe8a30
     123475.000 ns	     12346	80002bb8	03169533	mulh	x10,x13,x17	 x13:0x00000000 x17:0x676dbb30 x10=0x00000000
     123505.000 ns	     12349	80002bbc	a17115d3	flt.s	x11,f2,f23	  f2:0xbe178dab f23:0x00000000 x11=0x00000001
     123525.000 ns	     12351	80002bc0	61c84413	xori	x8,x16,1564	 x16:0x23dca000  x8=0x23dca61c
     123545.000 ns	     12353	80002bc4	d00f3753	fcvt.s.w	f14,x30	 x30:0xec5313c0 f14=0xcd9d6762
     123575.000 ns	     12356	80002bc8	020a47b3	div	x15,x20,x0	 x20:0x00000000  x0:0x00000000 x15=0xffffffff
     123625.000 ns	     12361	80002bcc	090b71d3	fsub.s	f3,f22,f16	 f22:0x385f0f10 f16:0x7fc00000  f3=0x7fc00000
     123655.000 ns	     12364	80002bd0	f0010dd3	fmv.w.x	f27,x2	  x2:0x00000000 f27=0x00000000
     123675.000 ns	     12366	80002bd4	01ca0033	add	x0,x20,x28	 x20:0x00000000 x28:0xffffffff
     123695.000 ns	     12368	80002bd8	200199d3	fsgnjn.s	f19,f3,f0	  f3:0x7fc00000  f0:0x7fc00000 f19=0xffc00000
     123725.000 ns	     12371	80002bdc	f00e8b53	fmv.w.x	f22,x29	 x29:0x00000002 f22=0x00000002
     123755.000 ns	     12374	80002be0	f0070853	fmv.w.x	f16,x14	 x14:0x1be4f3a7 f16=0x1be4f3a7
     123785.000 ns	     12377	80002be4	c01c8753	fcvt.wu.s	x14,f25	 f25:0x00000000 x14=0x00000000
     124155.000 ns	     12414	80002be8	025ac233	div	x4,x21,x5	 x21:0xfffffb44  x5:0x00000040  x4=0xffffffee
     124175.000 ns	     12416	80002bec	01c9f6b3	and	x13,x19,x28	 x19:0x00000000 x28:0xffffffff x13=0x00000000
     124535.000 ns	     12452	80002bf0	03506a33	rem	x20,x0,x21	  x0:0x00000000 x21:0xfffffb44 x20=0x00000000
     124555.000 ns	     12454	80002bf4	01ff38b3	sltu	x17,x30,x31	 x30:0xec5313c0 x31:0x00000000 x17=0x00000000
     124575.000 ns	     12456	80002bf8	296619d3	fmax.s	f19,f12,f22	 f12:0x80000278 f22:0x00000002 f19=0x00000002
     124605.000 ns	     12459	80002bfc	a1161053	flt.s	x0,f12,f17	 f12:0x80000278 f17:0x1aa5bfd7
     124625.000 ns	     12461	80002c00	00834d33	xor	x26,x6,x8	  x6:0x80041024  x8:0x23dca61c x26=0xa3d8b638
     124635.000 ns	     12462	80002c04	007ab733	sltu	x14,x21,x7	 x21:0xfffffb44  x7:0x00000002 x14=0x00000000
     124655.000 ns	     12464	80002c08	210885d3	fsgnj.s	f11,f17,f16	 f17:0x1aa5bfd7 f16:0x1be4f3a7 f11=0x1aa5bfd7
     124675.000 ns	     12466	80002c0c	01efb833	sltu	x16,x31,x30	 x31:0x00000000 x30:0xec5313c0 x16=0x00000001
     124695.000 ns	     12468	80002c10	c01c82d3	fcvt.wu.s	x5,f25	 f25:0x00000000  x5=0x00000000
     124715.000 ns	     12470	80002c14	41e35293	srai	x5,x6,0x1e	  x6:0x80041024  x5=0xfffffffe
     125075.000 ns	     12506	80002c18	03e277b3	remu	x15,x4,x30	  x4:0xffffffee x30:0xec5313c0 x15=0x13acec2e
     125095.000 ns	     12508	80002c1c	00e79093	slli	x1,x15,0xe	 x15:0xffffffff  x1=0x3b0b8000
     125105.000 ns	     12509	80002c20	df603193	sltiu	x3,x0,-522	  x0:0x00000000  x3=0x00000001
     125135.000 ns	     12512	80002c24	1145f5d3	fmul.s	f11,f11,f20	 f11:0x1aa5bfd7 f20:0xbe17805b f11=0x99442e86
     125165.000 ns	     12515	80002c28	291d93d3	fmax.s	f7,f27,f17	 f27:0x00000000 f17:0x1aa5bfd7  f7=0x1aa5bfd7
     125185.000 ns	     12517	80002c2c	7a46cbb7	lui	x23,0x7a46c	 x23=0x7a46c000
     125545.000 ns	     12553	80002c30	02946533	rem	x10,x8,x9	  x8:0x23dca61c  x9:0x1a294f5f x10=0x09b356bd
     125565.000 ns	     12555	80002c34	41da5633	sra	x12,x20,x29	 x20:0x00000000 x29:0x00000002 x12=0x00000000
     125575.000 ns	     12556	80002c38	015470b3	and	x1,x8,x21	  x8:0x23dca61c x21:0xfffffb44  x1=0x23dca204
     125595.000 ns	     12558	80002c3c	f0010d53	fmv.w.x	f26,x2	  x2:0x00000000 f26=0x00000000
     125625.000 ns	     12561	80002c40	2071a353	fsgnjx.s	f6,f3,f7	  f3:0x7fc00000  f7:0x1aa5bfd7  f6=0x7fc00000
     125645.000 ns	     12563	80002c44	01cbc533	xor	x10,x23,x28	 x23:0x7a46c000 x28:0xffffffff x10=0x85b93fff
     125665.000 ns	     12565	80002c48	023a2e33	mulhsu	x28,x20,x3	 x20:0x00000000  x3:0x00000001 x28=0x00000000
     125695.000 ns	     12568	80002c4c	d00da953	fcvt.s.w	f18,x27	 x27:0xfffffb04 f18=0xc49f8000
     125715.000 ns	     12570	80002c50	00095233	srl	x4,x18,x0	 x18:0x80040fe4  x0:0x00000000  x4=0x80040fe4
     125725.000 ns	     12571	80002c54	0095d613	srli	x12,x11,0x9	 x11:0x00000001 x12=0x00000000
     125745.000 ns	     12573	80002c58	03f8c233	div	x4,x17,x31	 x17:0x00000000 x31:0x00000000  x4=0xffffffff
     125775.000 ns	     12576	80002c5c	03ff43b3	div	x7,x30,x31	 x30:0xec5313c0 x31:0x00000000  x7=0xffffffff
     125795.000 ns	     12578	80002c60	008b8ab3	add	x21,x23,x8	 x23:0x7a46c000  x8:0x23dca61c x21=0x9e23661c
     125815.000 ns	     12580	80002c64	c0020e53	fcvt.w.s	x28,f4	  f4:0x1f350483 x28=0x00000000
     125845.000 ns	     12583	80002c68	02c47133	remu	x2,x8,x12	  x8:0x23dca61c x12:0x00000000  x2=0x23dca61c
     125865.000 ns	     12585	80002c6c	00c6d033	srl	x0,x13,x12	 x13:0x00000000 x12:0x00000000
     125875.000 ns	     12586	80002c70	41a6df93	srai	x31,x13,0x1a	 x13:0x00000000 x31=0x00000000
     126235.000 ns	     12622	80002c74	035b7033	remu	x0,x22,x21	 x22:0x3cfe8a30 x21:0x9e23661c
     126255.000 ns	     12624	80002c78	604b3413	sltiu	x8,x22,1540	 x22:0x3cfe8a30  x8=0x00000000
     126275.000 ns	     12626	80002c7c	02eb59b3	divu	x19,x22,x14	 x22:0x3cfe8a30 x14:0x00000000 x19=0xffffffff
     126305.000 ns	     12629	80002c80	a19521d3	feq.s	x3,f10,f25	 f10:0x00000000 f25:0x00000000  x3=0x00000001
     126335.000 ns	     12632	80002c84	a0a81bd3	flt.s	x23,f16,f10	 f16:0x1be4f3a7 f10:0x00000000 x23=0x00000000
     126355.000 ns	     12634	80002c88	55a14413	xori	x8,x2,1370	  x2:0x23dca61c  x8=0x23dca346
     126375.000 ns	     12636	80002c8c	f0000853	fmv.w.x	f16,x0	  x0:0x00000000 f16=0x00000000
     126415.000 ns	     12640	80002c90	1067f053	fmul.s	f0,f15,f6	 f15:0x00000000  f6:0x7fc00000  f0=0x7fc00000
     126445.000 ns	     12643	80002c94	21cf0753	fsgnj.s	f14,f30,f28	 f30:0x00000001 f28:0x1f350483 f14=0x00000001
     126465.000 ns	     12645	80002c98	351a7813	andi	x16,x20,849	 x20:0x00000000 x16=0x00000000
     126495.000 ns	     12648	80002c9c	100cf053	fmul.s	f0,f25,f0	 f25:0x00000000  f0:0x7fc00000  f0=0x7fc00000
     126525.000 ns	     12651	80002ca0	29cb1253	fmax.s	f4,f22,f28	 f22:0x00000002 f28:0x1f350483  f4=0x1f350483
     126575.000 ns	     12656	80002ca4	000bf053	fadd.s	f0,f23,f0	 f23:0x00000000  f0:0x7fc00000  f0=0x7fc00000
     126605.000 ns	     12659	80002ca8	d018fa53	fcvt.s.wu	f20,x17	 x17:0x00000000 f20=0x00000000
     126975.000 ns	     12696	80002cac	0361d733	divu	x14,x3,x22	  x3:0x00000001 x22:0x3cfe8a30 x14=0x00000000
     127005.000 ns	     12699	80002cb0	0201ac33	mulhsu	x24,x3,x0	  x3:0x00000001  x0:0x00000000 x24=0x00000000
     127045.000 ns	     12703	80002cb4	5800f5d3	fsqrt.s	f11,f1	  f1:0x7fc00000 f11=0x7fc00000
     128185.000 ns	     12817	80002cb8	580ef953	fsqrt.s	f18,f29	 f29:0x00000278 f18=0x1f350800
     128205.000 ns	     12819	80002cbc	87ca57b7	lui	x15,0x87ca5	 x15=0x87ca5000
     128215.000 ns	     12820	80002cc0	016dbe33	sltu	x28,x27,x22	 x27:0xfffffb04 x22:0x3cfe8a30 x28=0x00000000
     128235.000 ns	     12822	80002cc4	d00df853	fcvt.s.w	f16,x27	 x27:0xfffffb04 f16=0xc49f8000
     128605.000 ns	     12859	80002cc8	0277ecb3	rem	x25,x15,x7	 x15:0x87ca5000  x7:0xffffffff x25=0x00000000
     128635.000 ns	     12862	80002ccc	d00db753	fcvt.s.w	f14,x27	 x27:0xfffffb04 f14=0xc49f8000
     128655.000 ns	     12864	80002cd0	411ddeb3	sra	x29,x27,x17	 x27:0xfffffb04 x17:0x00000000 x29=0xfffffb04
     128665.000 ns	     12865	80002cd4	001b3133	sltu	x2,x22,x1	 x22:0x3cfe8a30  x1:0x23dca204  x2=0x00000000
     128675.000 ns	     12866	80002cd8	00811e93	slli	x29,x2,0x8	  x2:0x23dca61c x29=0x00000000
     128685.000 ns	     12867	80002cdc	01ad5813	srli	x16,x26,0x1a	 x26:0xa3d8b638 x16=0x00000028
     128695.000 ns	     12868	80002ce0	ba770c93	addi	x25,x14,-1113	 x14:0x00000000 x25=0xfffffba7
     128705.000 ns	     12869	80002ce4	41270cb3	sub	x25,x14,x18	 x14:0x00000000 x18:0x80040fe4 x25=0x7ffbf01c
     128715.000 ns	     12870	80002ce8	29377993	andi	x19,x14,659	 x14:0x00000000 x19=0x00000000
     128725.000 ns	     12871	80002cec	000fa033	slt	x0,x31,x0	 x31:0x00000000  x0:0x00000000
     128735.000 ns	     12872	80002cf0	cc3c2693	slti	x13,x24,-829	 x24:0x00000000 x13=0x00000000
     128745.000 ns	     12873	80002cf4	40af5633	sra	x12,x30,x10	 x30:0xec5313c0 x10:0x85b93fff x12=0xffffffff
     128755.000 ns	     12874	80002cf8	41ea5d93	srai	x27,x20,0x1e	 x20:0x00000000 x27=0x00000000
     128765.000 ns	     12875	80002cfc	0090d633	srl	x12,x1,x9	  x1:0x23dca204  x9:0x1a294f5f x12=0x00000000
     128785.000 ns	     12877	80002d00	e00e0ed3	fmv.x.w	x29,f28	 f28:0x1f350483 x29=0x1f350483
     128805.000 ns	     12879	80002d04	41895813	srai	x16,x18,0x18	 x18:0x80040fe4 x16=0xffffff80
     128835.000 ns	     12882	80002d08	111625d3	fmul.s	f11,f12,f17	 f12:0x80000278 f17:0x1aa5bfd7 f11=0x80000001
     128865.000 ns	     12885	80002d0c	d0110553	fcvt.s.wu	f10,x2	  x2:0x00000000 f10=0x00000000
     128895.000 ns	     12888	80002d10	a0a89453	flt.s	x8,f17,f10	 f17:0x1aa5bfd7 f10:0x00000000  x8=0x00000000
     128915.000 ns	     12890	80002d14	41c9d993	srai	x19,x19,0x1c	 x19:0x00000000 x19=0x00000000
     128935.000 ns	     12892	80002d18	027f0633	mul	x12,x30,x7	 x30:0xec5313c0  x7:0xffffffff x12=0x13acec40
     128965.000 ns	     12895	80002d1c	d00376d3	fcvt.s.w	f13,x6	  x6:0x80041024 f13=0xcefff7df
     128985.000 ns	     12897	80002d20	01902233	slt	x4,x0,x25	  x0:0x00000000 x25:0x7ffbf01c  x4=0x00000001
     128995.000 ns	     12898	80002d24	274d6597	auipc	x11,0x274d6	 x11=0xa74d8d24
     129005.000 ns	     12899	80002d28	1aeb4e13	xori	x28,x22,430	 x22:0x3cfe8a30 x28=0x3cfe8b9e
     129045.000 ns	     12903	80002d2c	0919ad53	fsub.s	f26,f19,f17	 f19:0x00000002 f17:0x1aa5bfd7 f26=0x9aa5bfd7
     129075.000 ns	     12906	80002d30	28060353	fmin.s	f6,f12,f0	 f12:0x80000278  f0:0x7fc00000  f6=0x80000278
     129095.000 ns	     12908	80002d34	00019393	slli	x7,x3,0x0	  x3:0x00000001  x7=0x00000001
     129115.000 ns	     12910	80002d38	03cd39b3	mulhu	x19,x26,x28	 x26:0xa3d8b638 x28:0x3cfe8b9e x19=0x2709b515
     129155.000 ns	     12914	80002d3c	188476d3	fdiv.s	f13,f8,f8	  f8:0x7fc00000  f8:0x7fc00000 f13=0x7fc00000
     129175.000 ns	     12916	80002d40	01e26db3	or	x27,x4,x30	  x4:0x00000001 x30:0xec5313c0 x27=0xec5313c1
     129535.000 ns	     12952	80002d44	02795533	divu	x10,x18,x7	 x18:0x80040fe4  x7:0x00000001 x10=0x80040fe4
     129555.000 ns	     12954	80002d48	018facb3	slt	x25,x31,x24	 x31:0x00000000 x24:0x00000000 x25=0x00000000
     129575.000 ns	     12956	80002d4c	f00908d3	fmv.w.x	f17,x18	 x18:0x80040fe4 f17=0x80040fe4
     129595.000 ns	     12958	80002d50	f84d8217	auipc	x4,0xf84d8	  x4=0x784dad50
     129605.000 ns	     12959	80002d54	58114f93	xori	x31,x2,1409	  x2:0x00000000 x31=0x00000581
     129645.000 ns	     12963	80002d58	01f69853	fadd.s	f16,f13,f31	 f13:0x7fc00000 f31:0x00000002 f16=0x7fc00000
     129665.000 ns	     12965	80002d5c	8d514693	xori	x13,x2,-1835	  x2:0x00000000 x13=0xfffff8d5
     129685.000 ns	     12967	80002d60	21388f53	fsgnj.s	f30,f17,f19	 f17:0x80040fe4 f19:0x00000002 f30=0x00040fe4
     129715.000 ns	     12970	80002d64	02d730b3	mulhu	x1,x14,x13	 x14:0x00000000 x13:0x00000000  x1=0x00000000
     129745.000 ns	     12973	80002d68	f00303d3	fmv.w.x	f7,x6	  x6:0x80041024  f7=0x80041024
     129765.000 ns	     12975	80002d6c	008062b3	or	x5,x0,x8	  x0:0x00000000  x8:0x00000000  x5=0x00000000
     129785.000 ns	     12977	80002d70	28729053	fmax.s	f0,f5,f7	  f5:0x00000000  f7:0x80041024  f0=0x00000000
     129805.000 ns	     12979	80002d74	5ca3f113	andi	x2,x7,1482	  x7:0x00000001  x2=0x00000000
     129825.000 ns	     12981	80002d78	037cafb3	mulhsu	x31,x25,x23	 x25:0x00000000 x23:0x00000000 x31=0x00000000
     129845.000 ns	     12983	80002d7c	013bbeb3	sltu	x29,x23,x19	 x23:0x00000000 x19:0x2709b515 x29=0x00000001
     129855.000 ns	     12984	80002d80	003590b3	sll	x1,x11,x3	 x11:0xa74d8d24  x3:0x00000001  x1=0x4e9b1a48
     129865.000 ns	     12985	80002d84	bc00f013	andi	x0,x1,-1088	  x1:0x00000000
     129885.000 ns	     12987	80002d88	f00e87d3	fmv.w.x	f15,x29	 x29:0x00000001 f15=0x00000001
     129915.000 ns	     12990	80002d8c	21af1cd3	fsgnjn.s	f25,f30,f26	 f30:0x00040fe4 f26:0x9aa5bfd7 f25=0x00040fe4
     129945.000 ns	     12993	80002d90	f0098ad3	fmv.w.x	f21,x19	 x19:0x2709b515 f21=0x2709b515
     129965.000 ns	     12995	80002d94	008a1513	slli	x10,x20,0x8	 x20:0x00000000 x10=0x00000000
     129975.000 ns	     12996	80002d98	a6c95b17	auipc	x22,0xa6c95	 x22=0x26c97d98
     129995.000 ns	     12998	80002d9c	204890d3	fsgnjn.s	f1,f17,f4	 f17:0x80040fe4  f4:0x1f350483  f1=0x80040fe4
     130365.000 ns	     13035	80002da0	0245e833	rem	x16,x11,x4	 x11:0xa74d8d24  x4:0x784dad50 x16=0xa74d8d24
     130395.000 ns	     13038	80002da4	0218aa33	mulhsu	x20,x17,x1	 x17:0x00000000  x1:0x4e9b1a48 x20=0x00000000
     130425.000 ns	     13041	80002da8	e00790d3	fclass.s	x1,f15	 f15:0x00000001  x1=0x00000020
     130455.000 ns	     13044	80002dac	218c1853	fsgnjn.s	f16,f24,f24	 f24:0x3cfe8a30 f24:0x3cfe8a30 f16=0xbcfe8a30
     130485.000 ns	     13047	80002db0	20979cd3	fsgnjn.s	f25,f15,f9	 f15:0x00000001  f9:0x00000000 f25=0x80000001
     130525.000 ns	     13051	80002db4	183602d3	fdiv.s	f5,f12,f3	 f12:0x80000278  f3:0x7fc00000  f5=0x7fc00000
     130545.000 ns	     13053	80002db8	01383b33	sltu	x22,x16,x19	 x16:0xa74d8d24 x19:0x2709b515 x22=0x00000000
     130575.000 ns	     13056	80002dbc	189c8053	fdiv.s	f0,f25,f9	 f25:0x80000001  f9:0x00000000  f0=0xff800000
     130605.000 ns	     13059	80002dc0	03e9b0b3	mulhu	x1,x19,x30	 x19:0x2709b515 x30:0xec5313c0  x1=0x24099e18
     130645.000 ns	     13063	80002dc4	18b2fd53	fdiv.s	f26,f5,f11	  f5:0x7fc00000 f11:0x80000001 f26=0x7fc00000
     130665.000 ns	     13065	80002dc8	cab46517	auipc	x10,0xcab46	 x10=0x4ab48dc8
     130685.000 ns	     13067	80002dcc	290584d3	fmin.s	f9,f11,f16	 f11:0x80000001 f16:0xbcfe8a30  f9=0xbcfe8a30
     130715.000 ns	     13070	80002dd0	20ddaf53	fsgnjx.s	f30,f27,f13	 f27:0x00000000 f13:0x7fc00000 f30=0x00000000
     130735.000 ns	     13072	80002dd4	41690833	sub	x16,x18,x22	 x18:0x80040fe4 x22:0x00000000 x16=0x80040fe4
     130755.000 ns	     13074	80002dd8	f0090e53	fmv.w.x	f28,x18	 x18:0x80040fe4 f28=0x80040fe4
     130785.000 ns	     13077	80002ddc	e0069b53	fclass.s	x22,f13	 f13:0x7fc00000 x22=0x00000200
     130835.000 ns	     13082	80002de0	00437953	fadd.s	f18,f6,f4	  f6:0x80000278  f4:0x1f350483 f18=0x1f350483
     130855.000 ns	     13084	80002de4	005d29b3	slt	x19,x26,x5	 x26:0xa3d8b638  x5:0x00000000 x19=0x00000001
     130875.000 ns	     13086	80002de8	a1318d53	fle.s	x26,f3,f19	  f3:0x7fc00000 f19:0x00000002 x26=0x00000000
     130895.000 ns	     13088	80002dec	c9c36db7	lui	x27,0xc9c36	 x27=0xc9c36000
     130915.000 ns	     13090	80002df0	d00cf753	fcvt.s.w	f14,x25	 x25:0x00000000 f14=0x00000000
     130935.000 ns	     13092	80002df4	cd1c2113	slti	x2,x24,-815	 x24:0x00000000  x2=0x00000000
     130945.000 ns	     13093	80002df8	0148edb3	or	x27,x17,x20	 x17:0x00000000 x20:0x00000000 x27=0x00000000
     130965.000 ns	     13095	80002dfc	e0000153	fmv.x.w	x2,f0	  f0:0xff800000  x2=0xff800000
     130985.000 ns	     13097	80002e00	f4b22193	slti	x3,x4,-181	  x4:0x784dad50  x3=0x00000000
     130995.000 ns	     13098	80002e04	00141c93	slli	x25,x8,0x1	  x8:0x00000000 x25=0x00000000
     131005.000 ns	     13099	80002e08	014c7e33	and	x28,x24,x20	 x24:0x00000000 x20:0x00000000 x28=0x00000000
     131015.000 ns	     13100	80002e0c	bb8a7113	andi	x2,x20,-1096	 x20:0x00000000  x2=0x00000000
     131025.000 ns	     13101	80002e10	00e03bb3	sltu	x23,x0,x14	  x0:0x00000000 x14:0x00000000 x23=0x00000000
     131035.000 ns	     13102	80002e14	00eb6a33	or	x20,x22,x14	 x22:0x00000200 x14:0x00000000 x20=0x00000200
     131055.000 ns	     13104	80002e18	a10d0cd3	fle.s	x25,f26,f16	 f26:0x7fc00000 f16:0xbcfe8a30 x25=0x00000000
     131085.000 ns	     13107	80002e1c	287d1c53	fmax.s	f24,f26,f7	 f26:0x7fc00000  f7:0x80041024 f24=0x80041024
     131105.000 ns	     13109	80002e20	0119dc13	srli	x24,x19,0x11	 x19:0x00000001 x24=0x00000000
     131115.000 ns	     13110	80002e24	01d5b433	sltu	x8,x11,x29	 x11:0xa74d8d24 x29:0x00000001  x8=0x00000000
     131125.000 ns	     13111	80002e28	2e15ce13	xori	x28,x11,737	 x11:0xa74d8d24 x28=0xa74d8fc5
     131135.000 ns	     13112	80002e2c	00f7c833	xor	x16,x15,x15	 x15:0x87ca5000 x15:0x87ca5000 x16=0x00000000
     131165.000 ns	     13115	80002e30	5804f453	fsqrt.s	f8,f9	  f9:0xbcfe8a30  f8=0x7fc00000
     131185.000 ns	     13117	80002e34	00000013	addi	x0,x0,0	  x0:0x00000000
     131195.000 ns	     13118	80002e38	c79e3cb7	lui	x25,0xc79e3	 x25=0xc79e3000
     131215.000 ns	     13120	80002e3c	02149a33	mulh	x20,x9,x1	  x9:0x1a294f5f  x1:0x24099e18 x20=0x03aecac5
     131245.000 ns	     13123	80002e40	a1e2a0d3	feq.s	x1,f5,f30	  f5:0x7fc00000 f30:0x00000000  x1=0x00000000
     131275.000 ns	     13126	80002e44	a09688d3	fle.s	x17,f13,f9	 f13:0x7fc00000  f9:0xbcfe8a30 x17=0x00000000
     131305.000 ns	     13129	80002e48	03bf0ab3	mul	x21,x30,x27	 x30:0xec5313c0 x27:0x00000000 x21=0x00000000
     131345.000 ns	     13133	80002e4c	5803fe53	fsqrt.s	f28,f7	  f7:0x80041024 f28=0x7fc00000
     131365.000 ns	     13135	80002e50	41e3dbb3	sra	x23,x7,x30	  x7:0x00000001 x30:0xec5313c0 x23=0x00000001
     131385.000 ns	     13137	80002e54	a0d61ad3	flt.s	x21,f12,f13	 f12:0x80000278 f13:0x7fc00000 x21=0x00000000
     131415.000 ns	     13140	80002e58	c00906d3	fcvt.w.s	x13,f18	 f18:0x1f350483 x13=0x00000000
     131435.000 ns	     13142	80002e5c	12ab3213	sltiu	x4,x22,298	 x22:0x00000200  x4=0x00000000
     131455.000 ns	     13144	80002e60	29a601d3	fmin.s	f3,f12,f26	 f12:0x80000278 f26:0x7fc00000  f3=0x80000278
     131475.000 ns	     13146	80002e64	4f7f6113	ori	x2,x30,1271	 x30:0xec5313c0  x2=0xec5317f7
     131805.000 ns	     13179	80002e68	1864fa53	fdiv.s	f20,f9,f6	  f9:0xbcfe8a30  f6:0x80000278 f20=0x7bb3acd8
     131835.000 ns	     13182	80002e6c	c0044053	fcvt.w.s	x0,f8	  f8:0x7fc00000
     131865.000 ns	     13185	80002e70	a173a9d3	feq.s	x19,f7,f23	  f7:0x80041024 f23:0x00000000 x19=0x00000000
     131895.000 ns	     13188	80002e74	d01770d3	fcvt.s.wu	f1,x14	 x14:0x00000000  f1=0x00000000
     131925.000 ns	     13191	80002e78	03b06c33	rem	x24,x0,x27	  x0:0x00000000 x27:0x00000000 x24=0x00000000
     131945.000 ns	     13193	80002e7c	0062ca33	xor	x20,x5,x6	  x5:0x00000000  x6:0x80041024 x20=0x80041024
     131955.000 ns	     13194	80002e80	4da4ce13	xori	x28,x9,1242	  x9:0x1a294f5f x28=0x1a294b85
     131975.000 ns	     13196	80002e84	020669b3	rem	x19,x12,x0	 x12:0x13acec40  x0:0x00000000 x19=0x13acec40
     132005.000 ns	     13199	80002e88	021d6ab3	rem	x21,x26,x1	 x26:0x00000000  x1:0x00000000 x21=0x00000000
     132025.000 ns	     13201	80002e8c	001d5d93	srli	x27,x26,0x1	 x26:0x00000000 x27=0x00000000
     132035.000 ns	     13202	80002e90	4011de93	srai	x29,x3,0x1	  x3:0x00000000 x29=0x00000000
     132065.000 ns	     13205	80002e94	580bfad3	fsqrt.s	f21,f23	 f23:0x00000000 f21=0x00000000
     132095.000 ns	     13208	80002e98	03ef0e33	mul	x28,x30,x30	 x30:0xec5313c0 x30:0xec5313c0 x28=0xd0061000
     132115.000 ns	     13210	80002e9c	c8a6a213	slti	x4,x13,-886	 x13:0x00000000  x4=0x00000000
     132475.000 ns	     13246	80002ea0	02caf7b3	remu	x15,x21,x12	 x21:0x00000000 x12:0x13acec40 x15=0x00000000
     132495.000 ns	     13248	80002ea4	0032fd33	and	x26,x5,x3	  x5:0x00000000  x3:0x00000000 x26=0x00000000
     132505.000 ns	     13249	80002ea8	0122d013	srli	x0,x5,0x12	  x5:0x00000000
     132525.000 ns	     13251	80002eac	c01272d3	fcvt.wu.s	x5,f4	  f4:0x1f350483  x5=0x00000000
     132545.000 ns	     13253	80002eb0	fe95db17	auipc	x22,0xfe95d	 x22=0x7e95feb0
     132575.000 ns	     13256	80002eb4	18377353	fdiv.s	f6,f14,f3	 f14:0x00000000  f3:0x80000278  f6=0x80000000
     132595.000 ns	     13258	80002eb8	dd508613	addi	x12,x1,-555	  x1:0x00000000 x12=0xfffffdd5
     132615.000 ns	     13260	80002ebc	a1c01653	flt.s	x12,f0,f28	  f0:0xff800000 f28:0x7fc00000 x12=0x00000000
     132635.000 ns	     13262	80002ec0	01c88a33	add	x20,x17,x28	 x17:0x00000000 x28:0xd0061000 x20=0xd0061000
     132675.000 ns	     13266	80002ec4	08eabfd3	fsub.s	f31,f21,f14	 f21:0x00000000 f14:0x00000000 f31=0x80000000
     132705.000 ns	     13269	80002ec8	21962153	fsgnjx.s	f2,f12,f25	 f12:0x80000278 f25:0x80000001  f2=0x00000278
     132745.000 ns	     13273	80002ecc	1840ffd3	fdiv.s	f31,f1,f4	  f1:0x00000000  f4:0x1f350483 f31=0x00000000
     132765.000 ns	     13275	80002ed0	00000013	addi	x0,x0,0	  x0:0x00000000
     132785.000 ns	     13277	80002ed4	e0018d53	fmv.x.w	x26,f3	  f3:0x80000278 x26=0x80000278
     133155.000 ns	     13314	80002ed8	039bd733	divu	x14,x23,x25	 x23:0x00000001 x25:0xc79e3000 x14=0x00000000
     133185.000 ns	     13317	80002edc	c0124853	fcvt.wu.s	x16,f4	  f4:0x1f350483 x16=0x00000000
     133215.000 ns	     13320	80002ee0	d01409d3	fcvt.s.wu	f19,x8	  x8:0x00000000 f19=0x00000000
     133235.000 ns	     13322	80002ee4	004f1a33	sll	x20,x30,x4	 x30:0xec5313c0  x4:0x00000000 x20=0xec5313c0
     133255.000 ns	     13324	80002ee8	a11180d3	fle.s	x1,f3,f17	  f3:0x80000278 f17:0x80040fe4  x1=0x00000000
     133285.000 ns	     13327	80002eec	21081253	fsgnjn.s	f4,f16,f16	 f16:0xbcfe8a30 f16:0xbcfe8a30  f4=0x3cfe8a30
     133305.000 ns	     13329	80002ef0	057dbe93	sltiu	x29,x27,87	 x27:0x00000000 x29=0x00000001
     133325.000 ns	     13331	80002ef4	029636b3	mulhu	x13,x12,x9	 x12:0x00000000  x9:0x1a294f5f x13=0x00000000
     133355.000 ns	     13334	80002ef8	a04a2753	feq.s	x14,f20,f4	 f20:0x7bb3acd8  f4:0x3cfe8a30 x14=0x00000000
     133375.000 ns	     13336	80002efc	405e5713	srai	x14,x28,0x5	 x28:0xd0061000 x14=0xfe803080
     133385.000 ns	     13337	80002f00	ff45fc93	andi	x25,x11,-12	 x11:0xa74d8d24 x25=0xa74d8d24
     133405.000 ns	     13339	80002f04	03ae07b3	mul	x15,x28,x26	 x28:0xd0061000 x26:0x80000278 x15=0x8ef78000
     133425.000 ns	     13341	80002f08	0171a433	slt	x8,x3,x23	  x3:0x00000000 x23:0x00000001  x8=0x00000001
     133465.000 ns	     13345	80002f0c	01c97453	fadd.s	f8,f18,f28	 f18:0x1f350483 f28:0x7fc00000  f8=0x7fc00000
     133485.000 ns	     13347	80002f10	c750a093	slti	x1,x1,-907	  x1:0x00000000  x1=0x00000000
     133495.000 ns	     13348	80002f14	01b15ab3	srl	x21,x2,x27	  x2:0xec5317f7 x27:0x00000000 x21=0xec5317f7
     133505.000 ns	     13349	80002f18	48634b37	lui	x22,0x48634	 x22=0x48634000
     133525.000 ns	     13351	80002f1c	e00002d3	fmv.x.w	x5,f0	  f0:0xff800000  x5=0xff800000
     133545.000 ns	     13353	80002f20	41b089b3	sub	x19,x1,x27	  x1:0x00000000 x27:0x00000000 x19=0x00000000
     133575.000 ns	     13356	80002f24	11c774d3	fmul.s	f9,f14,f28	 f14:0x00000000 f28:0x7fc00000  f9=0x7fc00000
     133595.000 ns	     13358	80002f28	00753ab3	sltu	x21,x10,x7	 x10:0x4ab48dc8  x7:0x00000001 x21=0x00000000
     133605.000 ns	     13359	80002f2c	be8ce537	lui	x10,0xbe8ce	 x10=0xbe8ce000
     133625.000 ns	     13361	80002f30	a0cc2a53	feq.s	x20,f24,f12	 f24:0x80041024 f12:0x80000278 x20=0x00000000
     133655.000 ns	     13364	80002f34	03a180b3	mul	x1,x3,x26	  x3:0x00000000 x26:0x80000278  x1=0x00000000
     133685.000 ns	     13367	80002f38	a0051a53	flt.s	x20,f10,f0	 f10:0x00000000  f0:0xff800000 x20=0x00000000
     133715.000 ns	     13370	80002f3c	02a6ac33	mulhsu	x24,x13,x10	 x13:0x00000000 x10:0xbe8ce000 x24=0x00000000
     133735.000 ns	     13372	80002f40	001bcfb3	xor	x31,x23,x1	 x23:0x00000001  x1:0x00000000 x31=0x00000001
     133755.000 ns	     13374	80002f44	a04fa1d3	feq.s	x3,f31,f4	 f31:0x00000000  f4:0x3cfe8a30  x3=0x00000000
     133795.000 ns	     13378	80002f48	18eb2c53	fdiv.s	f24,f22,f14	 f22:0x00000002 f14:0x00000000 f24=0x7f800000
     133815.000 ns	     13380	80002f4c	009d8033	add	x0,x27,x9	 x27:0x00000000  x9:0x1a294f5f
     133835.000 ns	     13382	80002f50	20428653	fsgnj.s	f12,f5,f4	  f5:0x7fc00000  f4:0x3cfe8a30 f12=0x7fc00000
     133855.000 ns	     13384	80002f54	de5d8097	auipc	x1,0xde5d8	  x1=0x5e5daf54
     133885.000 ns	     13387	80002f58	18d63f53	fdiv.s	f30,f12,f13	 f12:0x7fc00000 f13:0x7fc00000 f30=0x7fc00000
     133915.000 ns	     13390	80002f5c	03188cb3	mul	x25,x17,x17	 x17:0x00000000 x17:0x00000000 x25=0x00000000
     133955.000 ns	     13394	80002f60	19ba8953	fdiv.s	f18,f21,f27	 f21:0x00000000 f27:0x00000000 f18=0x7fc00000
     133995.000 ns	     13398	80002f64	11b9f2d3	fmul.s	f5,f19,f27	 f19:0x00000000 f27:0x00000000  f5=0x00000000
     134015.000 ns	     13400	80002f68	01f8aab3	slt	x21,x17,x31	 x17:0x00000000 x31:0x00000001 x21=0x00000001
     134025.000 ns	     13401	80002f6c	013cfdb3	and	x27,x25,x19	 x25:0x00000000 x19:0x00000000 x27=0x00000000
     134035.000 ns	     13402	80002f70	00b99b93	slli	x23,x19,0xb	 x19:0x00000000 x23=0x00000000
     134045.000 ns	     13403	80002f74	0186f033	and	x0,x13,x24	 x13:0x00000000 x24:0x00000000
     134055.000 ns	     13404	80002f78	00b6fdb3	and	x27,x13,x11	 x13:0x00000000 x11:0xa74d8d24 x27=0x00000000
     134095.000 ns	     13408	80002f7c	08e2ca53	fsub.s	f20,f5,f14	  f5:0x00000000 f14:0x00000000 f20=0x80000000
     134125.000 ns	     13411	80002f80	28cf98d3	fmax.s	f17,f31,f12	 f31:0x00000000 f12:0x7fc00000 f17=0x00000000
     134155.000 ns	     13414	80002f84	a1e18a53	fle.s	x20,f3,f30	  f3:0x80000278 f30:0x7fc00000 x20=0x00000000
     134205.000 ns	     13419	80002f88	082776d3	fsub.s	f13,f14,f2	 f14:0x00000000  f2:0x00000278 f13=0x80000278
     134225.000 ns	     13421	80002f8c	409205b3	sub	x11,x4,x9	  x4:0x00000000  x9:0x1a294f5f x11=0xe5d6b0a1
     134245.000 ns	     13423	80002f90	e00f8ed3	fmv.x.w	x29,f31	 f31:0x00000000 x29=0x00000000
     134265.000 ns	     13425	80002f94	01901a33	sll	x20,x0,x25	  x0:0x00000000 x25:0x00000000 x20=0x00000000
     134275.000 ns	     13426	80002f98	01c064b3	or	x9,x0,x28	  x0:0x00000000 x28:0xd0061000  x9=0xd0061000
     134295.000 ns	     13428	80002f9c	d00d7753	fcvt.s.w	f14,x26	 x26:0x80000278 f14=0xcefffffb
     134325.000 ns	     13431	80002fa0	a1e11b53	flt.s	x22,f2,f30	  f2:0x00000278 f30:0x7fc00000 x22=0x00000000
     134355.000 ns	     13434	80002fa4	e00417d3	fclass.s	x15,f8	  f8:0x7fc00000 x15=0x00000200
     134375.000 ns	     13436	80002fa8	00000013	addi	x0,x0,0	  x0:0x00000000
     134395.000 ns	     13438	80002fac	e0028ed3	fmv.x.w	x29,f5	  f5:0x00000000 x29=0x00000000
     134765.000 ns	     13475	80002fb0	03f4e2b3	rem	x5,x9,x31	  x9:0xd0061000 x31:0x00000001  x5=0x00000000
     135135.000 ns	     13512	80002fb4	022efd33	remu	x26,x29,x2	 x29:0x00000000  x2:0xec5317f7 x26=0x00000000
     135155.000 ns	     13514	80002fb8	a9f00c13	addi	x24,x0,-1377	  x0:0x00000000 x24=0xfffffa9f
     135175.000 ns	     13516	80002fbc	294196d3	fmax.s	f13,f3,f20	  f3:0x80000278 f20:0x80000000 f13=0x80000000
     135205.000 ns	     13519	80002fc0	20f727d3	fsgnjx.s	f15,f14,f15	 f14:0xcefffffb f15:0x00000001 f15=0xcefffffb
     135225.000 ns	     13521	80002fc4	00e51a13	slli	x20,x10,0xe	 x10:0xbe8ce000 x20=0x38000000
     135245.000 ns	     13523	80002fc8	03114133	div	x2,x2,x17	  x2:0xec5317f7 x17:0x00000000  x2=0xffffffff
     135275.000 ns	     13526	80002fcc	28ae8a53	fmin.s	f20,f29,f10	 f29:0x00000278 f10:0x00000000 f20=0x00000000
     135295.000 ns	     13528	80002fd0	01b9afb3	slt	x31,x19,x27	 x19:0x00000000 x27:0x00000000 x31=0x00000000
     135305.000 ns	     13529	80002fd4	a0684893	xori	x17,x16,-1530	 x16:0x00000000 x17=0xfffffa06
     135315.000 ns	     13530	80002fd8	95deb413	sltiu	x8,x29,-1699	 x29:0x00000000  x8=0x00000001
     135335.000 ns	     13532	80002fdc	d01a7153	fcvt.s.wu	f2,x20	 x20:0x38000000  f2=0x4e600000
     135365.000 ns	     13535	80002fe0	288916d3	fmax.s	f13,f18,f8	 f18:0x7fc00000  f8:0x7fc00000 f13=0x7fc00000
     135395.000 ns	     13538	80002fe4	e0090fd3	fmv.x.w	x31,f18	 f18:0x7fc00000 x31=0x7fc00000
     135765.000 ns	     13575	80002fe8	034849b3	div	x19,x16,x20	 x16:0x00000000 x20:0x38000000 x19=0x00000000
     135795.000 ns	     13578	80002fec	02d38ab3	mul	x21,x7,x13	  x7:0x00000001 x13:0x00000000 x21=0x00000000
     135845.000 ns	     13583	80002ff0	00a6fe53	fadd.s	f28,f13,f10	 f13:0x7fc00000 f10:0x00000000 f28=0x7fc00000
     135865.000 ns	     13585	80002ff4	0097edb3	or	x27,x15,x9	 x15:0x00000200  x9:0xd0061000 x27=0xd0061200
     135875.000 ns	     13586	80002ff8	0008bb33	sltu	x22,x17,x0	 x17:0xfffffa06  x0:0x00000000 x22=0x00000000
     135885.000 ns	     13587	80002ffc	41500e33	sub	x28,x0,x21	  x0:0x00000000 x21:0x00000000 x28=0x00000000
     135895.000 ns	     13588	80003000	410203b3	sub	x7,x4,x16	  x4:0x00000000 x16:0x00000000  x7=0x00000000
     135925.000 ns	     13591	80003004	580a32d3	fsqrt.s	f5,f20	 f20:0x00000000  f5=0x00000000
     135945.000 ns	     13593	80003008	41e4de33	sra	x28,x9,x30	  x9:0xd0061000 x30:0xec5313c0 x28=0xd0061000
     135965.000 ns	     13595	8000300c	e0019d53	fclass.s	x26,f3	  f3:0x80000278 x26=0x00000004
     135995.000 ns	     13598	80003010	d01190d3	fcvt.s.wu	f1,x3	  x3:0x00000000  f1=0x00000000
     136025.000 ns	     13601	80003014	282e8353	fmin.s	f6,f29,f2	 f29:0x00000278  f2:0x4e600000  f6=0x00000278
     136055.000 ns	     13604	80003018	a03093d3	flt.s	x7,f1,f3	  f1:0x00000000  f3:0x80000278  x7=0x00000000
     136085.000 ns	     13607	8000301c	c00d9b53	fcvt.w.s	x22,f27	 f27:0x00000000 x22=0x00000000
     136115.000 ns	     13610	80003020	03529433	mulh	x8,x5,x21	  x5:0x00000000 x21:0x00000000  x8=0x00000000
     136145.000 ns	     13613	80003024	02629d33	mulh	x26,x5,x6	  x5:0x00000000  x6:0x80041024 x26=0x00000000
     136165.000 ns	     13615	80003028	980be413	ori	x8,x23,-1664	 x23:0x00000000  x8=0xfffff980
     136185.000 ns	     13617	8000302c	021517b3	mulh	x15,x10,x1	 x10:0xbe8ce000  x1:0x5e5daf54 x15=0xe7dfc69a
     136205.000 ns	     13619	80003030	004b8a33	add	x20,x23,x4	 x23:0x00000000  x4:0x00000000 x20=0x00000000
     136215.000 ns	     13620	80003034	00000013	addi	x0,x0,0	  x0:0x00000000
     136225.000 ns	     13621	80003038	80a63497	auipc	x9,0x80a63	  x9=0x00a66038
     136235.000 ns	     13622	8000303c	018668b3	or	x17,x12,x24	 x12:0x00000000 x24:0xfffffa9f x17=0xfffffa9f
     136245.000 ns	     13623	80003040	400b04b3	sub	x9,x22,x0	 x22:0x00000000  x0:0x00000000  x9=0x00000000
     136255.000 ns	     13624	80003044	40845213	srai	x4,x8,0x8	  x8:0xfffff980  x4=0xfffffff9
     136275.000 ns	     13626	80003048	03074c33	div	x24,x14,x16	 x14:0xfe803080 x16:0x00000000 x24=0xffffffff
     136645.000 ns	     13663	8000304c	02a77733	remu	x14,x14,x10	 x14:0xfe803080 x10:0xbe8ce000 x14=0x3ff35080
     136675.000 ns	     13666	80003050	20668553	fsgnj.s	f10,f13,f6	 f13:0x7fc00000  f6:0x00000278 f10=0x7fc00000
     136695.000 ns	     13668	80003054	010f33b3	sltu	x7,x30,x16	 x30:0xec5313c0 x16:0x00000000  x7=0x00000000
     136715.000 ns	     13670	80003058	02b903b3	mul	x7,x18,x11	 x18:0x80040fe4 x11:0xe5d6b0a1  x7=0x8a12be64
     136735.000 ns	     13672	8000305c	41c7dcb3	sra	x25,x15,x28	 x15:0xe7dfc69a x28:0xd0061000 x25=0xe7dfc69a
     136755.000 ns	     13674	80003060	d00c8353	fcvt.s.w	f6,x25	 x25:0x00000000  f6=0xcdc101cb
     136775.000 ns	     13676	80003064	66960a93	addi	x21,x12,1641	 x12:0x00000000 x21=0x00000669
     136785.000 ns	     13677	80003068	01999193	slli	x3,x19,0x19	 x19:0x00000000  x3=0x00000000
     136795.000 ns	     13678	8000306c	decb0613	addi	x12,x22,-532	 x22:0x00000000 x12=0xfffffdec
     136805.000 ns	     13679	80003070	ebcb6d93	ori	x27,x22,-324	 x22:0x00000000 x27=0xfffffebc
     136825.000 ns	     13681	80003074	d018aa53	fcvt.s.wu	f20,x17	 x17:0xfffffa9f f20=0x4f7ffffb
     136865.000 ns	     13685	80003078	18467853	fdiv.s	f16,f12,f4	 f12:0x7fc00000  f4:0x3cfe8a30 f16=0x7fc00000
     136885.000 ns	     13687	8000307c	8fa4a593	slti	x11,x9,-1798	  x9:0x00000000 x11=0x00000000
     136905.000 ns	     13689	80003080	209e1ed3	fsgnjn.s	f29,f28,f9	 f28:0x7fc00000  f9:0x7fc00000 f29=0xffc00000
     137275.000 ns	     13726	80003084	02756a33	rem	x20,x10,x7	 x10:0xbe8ce000  x7:0x8a12be64 x20=0xbe8ce000
     137305.000 ns	     13729	80003088	03a48bb3	mul	x23,x9,x26	  x9:0x00000000 x26:0x00000000 x23=0x00000000
     137335.000 ns	     13732	8000308c	a1d9a7d3	feq.s	x15,f19,f29	 f19:0x00000000 f29:0xffc00000 x15=0x00000000
     137355.000 ns	     13734	80003090	00faf233	and	x4,x21,x15	 x21:0x00000669 x15:0xe7dfc69a  x4=0x00000000
     137375.000 ns	     13736	80003094	e0049653	fclass.s	x12,f9	  f9:0x7fc00000 x12=0x00000200
     137405.000 ns	     13739	80003098	03e78fb3	mul	x31,x15,x30	 x15:0x00000000 x30:0xec5313c0 x31=0x00000000
     137425.000 ns	     13741	8000309c	401a87b3	sub	x15,x21,x1	 x21:0x00000669  x1:0x5e5daf54 x15=0xa1a25715
     137445.000 ns	     13743	800030a0	d01879d3	fcvt.s.wu	f19,x16	 x16:0x00000000 f19=0x00000000
     137815.000 ns	     13780	800030a4	0323e9b3	rem	x19,x7,x18	  x7:0x8a12be64 x18:0x80040fe4 x19=0x8a12be64
     137845.000 ns	     13783	800030a8	215a2d53	fsgnjx.s	f26,f20,f21	 f20:0x4f7ffffb f21:0x00000000 f26=0x4f7ffffb
     137895.000 ns	     13788	800030ac	01c21bd3	fadd.s	f23,f4,f28	  f4:0x3cfe8a30 f28:0x7fc00000 f23=0x7fc00000
     137915.000 ns	     13790	800030b0	01bc56b3	srl	x13,x24,x27	 x24:0xffffffff x27:0xfffffebc x13=0x0000000f
     137955.000 ns	     13794	800030b4	004e7cd3	fadd.s	f25,f28,f4	 f28:0x7fc00000  f4:0x3cfe8a30 f25=0x7fc00000
     137985.000 ns	     13797	800030b8	c00225d3	fcvt.w.s	x11,f4	  f4:0x3cfe8a30 x11=0x00000000
     138025.000 ns	     13801	800030bc	10767f53	fmul.s	f30,f12,f7	 f12:0x7fc00000  f7:0x80041024 f30=0x7fc00000
     138055.000 ns	     13804	800030c0	e00b9253	fclass.s	x4,f23	 f23:0x7fc00000  x4=0x00000200
     138425.000 ns	     13841	800030c4	03bdf233	remu	x4,x27,x27	 x27:0xfffffebc x27:0xfffffebc  x4=0x00000000
     138445.000 ns	     13843	800030c8	007c31b3	sltu	x3,x24,x7	 x24:0xffffffff  x7:0x8a12be64  x3=0x00000000
     138465.000 ns	     13845	800030cc	03ae4533	div	x10,x28,x26	 x28:0xd0061000 x26:0x00000000 x10=0xffffffff
     138515.000 ns	     13850	800030d0	01ea78d3	fadd.s	f17,f20,f30	 f20:0x4f7ffffb f30:0x7fc00000 f17=0x7fc00000
     138885.000 ns	     13887	800030d4	03bdf133	remu	x2,x27,x27	 x27:0xfffffebc x27:0xfffffebc  x2=0x00000000
     138915.000 ns	     13890	800030d8	d00f7453	fcvt.s.w	f8,x30	 x30:0xec5313c0  f8=0xcd9d6762
     138945.000 ns	     13893	800030dc	c01578d3	fcvt.wu.s	x17,f10	 f10:0x7fc00000 x17=0xffffffff
     138965.000 ns	     13895	800030e0	01c7fbb3	and	x23,x15,x28	 x15:0xa1a25715 x28:0xd0061000 x23=0x80021000
     138985.000 ns	     13897	800030e4	020ffd33	remu	x26,x31,x0	 x31:0x00000000  x0:0x00000000 x26=0x00000000
     139015.000 ns	     13900	800030e8	a030ac53	feq.s	x24,f1,f3	  f1:0x00000000  f3:0x80000278 x24=0x00000000
     139045.000 ns	     13903	800030ec	031610b3	mulh	x1,x12,x17	 x12:0x00000200 x17:0xffffffff  x1=0xffffffff
     139075.000 ns	     13906	800030f0	a06ba253	feq.s	x4,f23,f6	 f23:0x7fc00000  f6:0xcdc101cb  x4=0x00000000
     139105.000 ns	     13909	800030f4	284b03d3	fmin.s	f7,f22,f4	 f22:0x00000002  f4:0x3cfe8a30  f7=0x00000002
     139125.000 ns	     13911	800030f8	defab793	sltiu	x15,x21,-529	 x21:0x00000669 x15=0x00000001
     139145.000 ns	     13913	800030fc	a17a1c53	flt.s	x24,f20,f23	 f20:0x4f7ffffb f23:0x7fc00000 x24=0x00000000
     139165.000 ns	     13915	80003100	004ba9b3	slt	x19,x23,x4	 x23:0x80021000  x4:0x00000000 x19=0x00000001
     139175.000 ns	     13916	80003104	2e0cda17	auipc	x20,0x2e0cd	 x20=0xae0d0104
     139195.000 ns	     13918	80003108	c00474d3	fcvt.w.s	x9,f8	  f8:0xcd9d6762  x9=0x13acec40
     139225.000 ns	     13921	8000310c	a14782d3	fle.s	x5,f15,f20	 f15:0xcefffffb f20:0x4f7ffffb  x5=0x00000001
     139255.000 ns	     13924	80003110	e00b02d3	fmv.x.w	x5,f22	 f22:0x00000002  x5=0x00000002
     139295.000 ns	     13928	80003114	1072fc53	fmul.s	f24,f5,f7	  f5:0x00000000  f7:0x00000002 f24=0x00000000
     139665.000 ns	     13965	80003118	03c7c5b3	div	x11,x15,x28	 x15:0x00000001 x28:0xd0061000 x11=0x00000000
     139695.000 ns	     13968	8000311c	02fe3fb3	mulhu	x31,x28,x15	 x28:0xd0061000 x15:0x00000001 x31=0x00000000
     139715.000 ns	     13970	80003120	00000013	addi	x0,x0,0	  x0:0x00000000
     139725.000 ns	     13971	80003124	012b3433	sltu	x8,x22,x18	 x22:0x00000000 x18:0x80040fe4  x8=0x00000001
     139735.000 ns	     13972	80003128	00e1a0b3	slt	x1,x3,x14	  x3:0x00000000 x14:0x3ff35080  x1=0x00000001
     139755.000 ns	     13974	8000312c	c002cb53	fcvt.w.s	x22,f5	  f5:0x00000000 x22=0x00000000
     139775.000 ns	     13976	80003130	01e53633	sltu	x12,x10,x30	 x10:0xffffffff x30:0xec5313c0 x12=0x00000000
     139805.000 ns	     13979	80003134	19c9fa53	fdiv.s	f20,f19,f28	 f19:0x00000000 f28:0x7fc00000 f20=0x7fc00000
     140175.000 ns	     14016	80003138	02a0c833	div	x16,x1,x10	  x1:0x00000001 x10:0xffffffff x16=0xffffffff
     140205.000 ns	     14019	8000313c	d01273d3	fcvt.s.wu	f7,x4	  x4:0x00000000  f7=0x00000000
     140235.000 ns	     14022	80003140	29929f53	fmax.s	f30,f5,f25	  f5:0x00000000 f25:0x7fc00000 f30=0x00000000
     140265.000 ns	     14025	80003144	e00a05d3	fmv.x.w	x11,f20	 f20:0x7fc00000 x11=0x7fc00000
     140295.000 ns	     14028	80003148	03119c33	mulh	x24,x3,x17	  x3:0x00000000 x17:0xffffffff x24=0x00000000
     140325.000 ns	     14031	8000314c	e0038fd3	fmv.x.w	x31,f7	  f7:0x00000000 x31=0x00000000
     140345.000 ns	     14033	80003150	01317bb3	and	x23,x2,x19	  x2:0x00000000 x19:0x00000001 x23=0x00000000
     140355.000 ns	     14034	80003154	007389b3	add	x19,x7,x7	  x7:0x8a12be64  x7:0x8a12be64 x19=0x14257cc8
     140365.000 ns	     14035	80003158	00b89bb3	sll	x23,x17,x11	 x17:0xffffffff x11:0x7fc00000 x23=0xffffffff
     140375.000 ns	     14036	8000315c	ca5c1117	auipc	x2,0xca5c1	  x2=0x4a5c415c
     140395.000 ns	     14038	80003160	204e16d3	fsgnjn.s	f13,f28,f4	 f28:0x7fc00000  f4:0x3cfe8a30 f13=0xffc00000
     140415.000 ns	     14040	80003164	77ac3413	sltiu	x8,x24,1914	 x24:0x00000000  x8=0x00000001
     140425.000 ns	     14041	80003168	970dc213	xori	x4,x27,-1680	 x27:0xfffffebc  x4=0x000007cc
     140445.000 ns	     14043	8000316c	200616d3	fsgnjn.s	f13,f12,f0	 f12:0x7fc00000  f0:0xff800000 f13=0x7fc00000
     140475.000 ns	     14046	80003170	02ec0133	mul	x2,x24,x14	 x24:0x00000000 x14:0x3ff35080  x2=0x00000000
     140505.000 ns	     14049	80003174	d00428d3	fcvt.s.w	f17,x8	  x8:0x00000001 f17=0x3f800000
     140525.000 ns	     14051	80003178	1f21a193	slti	x3,x3,498	  x3:0x00000000  x3=0x00000001
     140545.000 ns	     14053	8000317c	215810d3	fsgnjn.s	f1,f16,f21	 f16:0x7fc00000 f21:0x00000000  f1=0xffc00000
     140565.000 ns	     14055	80003180	01f79d13	slli	x26,x15,0x1f	 x15:0x00000001 x26=0x80000000
     140585.000 ns	     14057	80003184	a06e2853	feq.s	x16,f28,f6	 f28:0x7fc00000  f6:0xcdc101cb x16=0x00000000
     140605.000 ns	     14059	80003188	584e3713	sltiu	x14,x28,1412	 x28:0xd0061000 x14=0x00000000
     140615.000 ns	     14060	8000318c	0175ae33	slt	x28,x11,x23	 x11:0x7fc00000 x23:0xffffffff x28=0x00000000
     140635.000 ns	     14062	80003190	28b08753	fmin.s	f14,f1,f11	  f1:0xffc00000 f11:0x80000001 f14=0x80000001
     140665.000 ns	     14065	80003194	e00e81d3	fmv.x.w	x3,f29	 f29:0xffc00000  x3=0xffc00000
     140685.000 ns	     14067	80003198	009a8e33	add	x28,x21,x9	 x21:0x00000669  x9:0x13acec40 x28=0x13acf2a9
     140705.000 ns	     14069	8000319c	03697b33	remu	x22,x18,x22	 x18:0x80040fe4 x22:0x00000000 x22=0x80040fe4
     140725.000 ns	     14071	800031a0	000f5bb3	srl	x23,x30,x0	 x30:0xec5313c0  x0:0x00000000 x23=0xec5313c0
     140735.000 ns	     14072	800031a4	01b174b3	and	x9,x2,x27	  x2:0x00000000 x27:0xfffffebc  x9=0x00000000
     141095.000 ns	     14108	800031a8	02377533	remu	x10,x14,x3	 x14:0x00000000  x3:0xffc00000 x10=0x00000000
     141145.000 ns	     14113	800031ac	0898c0d3	fsub.s	f1,f17,f9	 f17:0x3f800000  f9:0x7fc00000  f1=0x7fc00000
     141165.000 ns	     14115	800031b0	40feca13	xori	x20,x29,1039	 x29:0x00000000 x20=0x0000040f
     141205.000 ns	     14119	800031b4	096182d3	fsub.s	f5,f3,f22	  f3:0x80000278 f22:0x00000002  f5=0x8000027a
     141225.000 ns	     14121	800031b8	00a09cb3	sll	x25,x1,x10	  x1:0x00000001 x10:0x00000000 x25=0x00000001
     141235.000 ns	     14122	800031bc	413f5013	srai	x0,x30,0x13	 x30:0xec5313c0
     141255.000 ns	     14124	800031c0	e00313d3	fclass.s	x7,f6	  f6:0xcdc101cb  x7=0x00000002
     141285.000 ns	     14127	800031c4	a1d99ed3	flt.s	x29,f19,f29	 f19:0x00000000 f29:0xffc00000 x29=0x00000000
     141305.000 ns	     14129	800031c8	29c9b113	sltiu	x2,x19,668	 x19:0x14257cc8  x2=0x00000000
     141315.000 ns	     14130	800031cc	01330233	add	x4,x6,x19	  x6:0x80041024 x19:0x14257cc8  x4=0x94298cec
     141325.000 ns	     14131	800031d0	04eca413	slti	x8,x25,78	 x25:0x00000001  x8=0x00000001
     141345.000 ns	     14133	800031d4	03dca533	mulhsu	x10,x25,x29	 x25:0x00000001 x29:0x00000000 x10=0x00000000
     141365.000 ns	     14135	800031d8	01d83833	sltu	x16,x16,x29	 x16:0x00000000 x29:0x00000000 x16=0x00000000
     141725.000 ns	     14171	800031dc	028e7fb3	remu	x31,x28,x8	 x28:0x13acf2a9  x8:0x00000001 x31=0x00000000
     141775.000 ns	     14176	800031e0	09563cd3	fsub.s	f25,f12,f21	 f12:0x7fc00000 f21:0x00000000 f25=0x7fc00000
     141795.000 ns	     14178	800031e4	00e088b3	add	x17,x1,x14	  x1:0x00000001 x14:0x00000000 x17=0x00000001
     141805.000 ns	     14179	800031e8	c142cb13	xori	x22,x5,-1004	  x5:0x00000002 x22=0xfffffc16
     141815.000 ns	     14180	800031ec	079dcd93	xori	x27,x27,121	 x27:0xfffffebc x27=0xfffffec5
     141845.000 ns	     14183	800031f0	58071653	fsqrt.s	f12,f14	 f14:0x80000001 f12=0x7fc00000
     141865.000 ns	     14185	800031f4	001707b3	add	x15,x14,x1	 x14:0x00000000  x1:0x00000001 x15=0x00000001
     141885.000 ns	     14187	800031f8	a0c70fd3	fle.s	x31,f14,f12	 f14:0x80000001 f12:0x7fc00000 x31=0x00000000
     141915.000 ns	     14190	800031fc	02a7bcb3	mulhu	x25,x15,x10	 x15:0x00000001 x10:0x00000000 x25=0x00000000
     141935.000 ns	     14192	80003200	01936533	or	x10,x6,x25	  x6:0x80041024 x25:0x00000001 x10=0x80041024
     142295.000 ns	     14228	80003204	03ae5cb3	divu	x25,x28,x26	 x28:0x13acf2a9 x26:0x80000000 x25=0x00000000
     142315.000 ns	     14230	80003208	ff2efc13	andi	x24,x29,-14	 x29:0x00000000 x24=0x00000000
     142355.000 ns	     14234	8000320c	081ff953	fsub.s	f18,f31,f1	 f31:0x00000000  f1:0x7fc00000 f18=0x7fc00000
     142375.000 ns	     14236	80003210	06d6e413	ori	x8,x13,109	 x13:0x0000000f  x8=0x0000006f
     142395.000 ns	     14238	80003214	2182a253	fsgnjx.s	f4,f5,f24	  f5:0x8000027a f24:0x00000000  f4=0x8000027a
     142435.000 ns	     14242	80003218	116a7cd3	fmul.s	f25,f20,f22	 f20:0x7fc00000 f22:0x00000002 f25=0x7fc00000
     142805.000 ns	     14279	8000321c	03a87633	remu	x12,x16,x26	 x16:0x00000000 x26:0x80000000 x12=0x00000000
     142835.000 ns	     14282	80003220	218125d3	fsgnjx.s	f11,f2,f24	  f2:0x4e600000 f24:0x00000000 f11=0x4e600000
     142885.000 ns	     14287	80003224	0891cc53	fsub.s	f24,f3,f9	  f3:0x80000278  f9:0x7fc00000 f24=0x7fc00000
     142905.000 ns	     14289	80003228	5074f793	andi	x15,x9,1287	  x9:0x00000000 x15=0x00000000
     142915.000 ns	     14290	8000322c	bdb06e13	ori	x28,x0,-1061	  x0:0x00000000 x28=0xfffffbdb
     142925.000 ns	     14291	80003230	e65e8413	addi	x8,x29,-411	 x29:0x00000000  x8=0xfffffe65
     142945.000 ns	     14293	80003234	a04493d3	flt.s	x7,f9,f4	  f9:0x7fc00000  f4:0x8000027a  x7=0x00000000
     142975.000 ns	     14296	80003238	299d83d3	fmin.s	f7,f27,f25	 f27:0x00000000 f25:0x7fc00000  f7=0x00000000
     143005.000 ns	     14299	8000323c	28b981d3	fmin.s	f3,f19,f11	 f19:0x00000000 f11:0x4e600000  f3=0x00000000
     143035.000 ns	     14302	80003240	a00b1dd3	flt.s	x27,f22,f0	 f22:0x00000002  f0:0xff800000 x27=0x00000000
     143055.000 ns	     14304	80003244	41b85133	sra	x2,x16,x27	 x16:0x00000000 x27:0xfffffec5  x2=0x00000000
     143075.000 ns	     14306	80003248	02562533	mulhsu	x10,x12,x5	 x12:0x00000000  x5:0x00000002 x10=0x00000000
     143095.000 ns	     14308	8000324c	01035e33	srl	x28,x6,x16	  x6:0x80041024 x16:0x00000000 x28=0x80041024
     143115.000 ns	     14310	80003250	037d15b3	mulh	x11,x26,x23	 x26:0x80000000 x23:0xec5313c0 x11=0x09d67620
     143135.000 ns	     14312	80003254	00e8f1b3	and	x3,x17,x14	 x17:0x00000001 x14:0x00000000  x3=0x00000000
     143145.000 ns	     14313	80003258	0079ee33	or	x28,x19,x7	 x19:0x14257cc8  x7:0x00000000 x28=0x14257cc8
     143155.000 ns	     14314	8000325c	00f1a9b3	slt	x19,x3,x15	  x3:0xffc00000 x15:0x00000000 x19=0x00000000
     143175.000 ns	     14316	80003260	e0030e53	fmv.x.w	x28,f6	  f6:0xcdc101cb x28=0xcdc101cb
     143195.000 ns	     14318	80003264	00460fb3	add	x31,x12,x4	 x12:0x00000000  x4:0x94298cec x31=0x94298cec
     143205.000 ns	     14319	80003268	3e66ab93	slti	x23,x13,998	 x13:0x0000000f x23=0x00000001
     143225.000 ns	     14321	8000326c	a1972153	feq.s	x2,f14,f25	 f14:0x80000001 f25:0x7fc00000  x2=0x00000000
     143255.000 ns	     14324	80003270	21059253	fsgnjn.s	f4,f11,f16	 f11:0x4e600000 f16:0x7fc00000  f4=0xce600000
     143305.000 ns	     14329	80003274	0016f853	fadd.s	f16,f13,f1	 f13:0x7fc00000  f1:0x7fc00000 f16=0x7fc00000
     143335.000 ns	     14332	80003278	a0dc02d3	fle.s	x5,f24,f13	 f24:0x7fc00000 f13:0x7fc00000  x5=0x00000000
     143365.000 ns	     14335	8000327c	298717d3	fmax.s	f15,f14,f24	 f14:0x80000001 f24:0x7fc00000 f15=0x80000001
     143395.000 ns	     14338	80003280	28f406d3	fmin.s	f13,f8,f15	  f8:0xcd9d6762 f15:0xcefffffb f13=0xcd9d6762
     143425.000 ns	     14341	80003284	213f93d3	fsgnjn.s	f7,f31,f19	 f31:0x00000000 f19:0x00000000  f7=0x80000000
     143795.000 ns	     14378	80003288	037cfc33	remu	x24,x25,x23	 x25:0x00000000 x23:0x00000001 x24=0x00000000
     143825.000 ns	     14381	8000328c	21379753	fsgnjn.s	f14,f15,f19	 f15:0x80000001 f19:0x00000000 f14=0x80000001
     143855.000 ns	     14384	80003290	e00010d3	fclass.s	x1,f0	  f0:0xff800000  x1=0x00000001
     143885.000 ns	     14387	80003294	02c76e33	rem	x28,x14,x12	 x14:0x00000000 x12:0x00000000 x28=0x00000000
     143935.000 ns	     14392	80003298	00867c53	fadd.s	f24,f12,f8	 f12:0x7fc00000  f8:0xcd9d6762 f24=0x7fc00000
     143985.000 ns	     14397	8000329c	018bf253	fadd.s	f4,f23,f24	 f23:0x7fc00000 f24:0x7fc00000  f4=0x7fc00000
     144005.000 ns	     14399	800032a0	00cc2bb3	slt	x23,x24,x12	 x24:0x00000000 x12:0x00000000 x23=0x00000000
     144015.000 ns	     14400	800032a4	01ffc6b3	xor	x13,x31,x31	 x31:0x94298cec x31:0x94298cec x13=0x00000000
     144035.000 ns	     14402	800032a8	02912c33	mulhsu	x24,x2,x9	  x2:0x00000000  x9:0x00000000 x24=0x00000000
     144055.000 ns	     14404	800032ac	546bb697	auipc	x13,0x546bb	 x13=0xd46be2ac
     144065.000 ns	     14405	800032b0	0196c5b3	xor	x11,x13,x25	 x13:0x00000000 x25:0x00000000 x11=0xd46be2ac
     144075.000 ns	     14406	800032b4	00995693	srli	x13,x18,0x9	 x18:0x80040fe4 x13=0x00400207
     144085.000 ns	     14407	800032b8	c1af7117	auipc	x2,0xc1af7	  x2=0x41afa2b8
     144095.000 ns	     14408	800032bc	5ac63213	sltiu	x4,x12,1452	 x12:0x00000000  x4=0x00000001
     144115.000 ns	     14410	800032c0	287c08d3	fmin.s	f17,f24,f7	 f24:0x7fc00000  f7:0x80000000 f17=0x80000000
     144145.000 ns	     14413	800032c4	d0017cd3	fcvt.s.w	f25,x2	  x2:0x41afa2b8 f25=0x4e835f45
     144515.000 ns	     14450	800032c8	03f4f5b3	remu	x11,x9,x31	  x9:0x00000000 x31:0x94298cec x11=0x00000000
     144535.000 ns	     14452	800032cc	000736b3	sltu	x13,x14,x0	 x14:0x00000000  x0:0x00000000 x13=0x00000000
     144555.000 ns	     14454	800032d0	289e9a53	fmax.s	f20,f29,f9	 f29:0xffc00000  f9:0x7fc00000 f20=0x7fc00000
     144575.000 ns	     14456	800032d4	00f0d613	srli	x12,x1,0xf	  x1:0x00000001 x12=0x00000000
     144615.000 ns	     14460	800032d8	085f7653	fsub.s	f12,f30,f5	 f30:0x00000000  f5:0x8000027a f12=0x0000027a
     144645.000 ns	     14463	800032dc	d0182953	fcvt.s.wu	f18,x16	 x16:0x00000000 f18=0x00000000
     144675.000 ns	     14466	800032e0	c0034bd3	fcvt.w.s	x23,f6	  f6:0xcdc101cb x23=0xe7dfc6a0
     144695.000 ns	     14468	800032e4	536fa513	slti	x10,x31,1334	 x31:0x94298cec x10=0x00000001
     144715.000 ns	     14470	800032e8	e0020453	fmv.x.w	x8,f4	  f4:0x7fc00000  x8=0x7fc00000
     144735.000 ns	     14472	800032ec	00cb50b3	srl	x1,x22,x12	 x22:0xfffffc16 x12:0x00000000  x1=0xfffffc16
     144745.000 ns	     14473	800032f0	007a0533	add	x10,x20,x7	 x20:0x0000040f  x7:0x00000000 x10=0x0000040f
     144765.000 ns	     14475	800032f4	a0d31653	flt.s	x12,f6,f13	  f6:0xcdc101cb f13:0xcd9d6762 x12=0x00000001
     144785.000 ns	     14477	800032f8	00970b33	add	x22,x14,x9	 x14:0x00000000  x9:0x00000000 x22=0x00000000
     144805.000 ns	     14479	800032fc	020396b3	mulh	x13,x7,x0	  x7:0x00000000  x0:0x00000000 x13=0x00000000
     144825.000 ns	     14481	80003300	014703b3	add	x7,x14,x20	 x14:0x00000000 x20:0x0000040f  x7=0x0000040f
     144835.000 ns	     14482	80003304	e5dd4d93	xori	x27,x26,-419	 x26:0x80000000 x27=0x7ffffe5d
     144845.000 ns	     14483	80003308	01fd80b3	add	x1,x27,x31	 x27:0x00000000 x31:0x94298cec  x1=0x14298b49
     144855.000 ns	     14484	8000330c	41408033	sub	x0,x1,x20	  x1:0xfffffc16 x20:0x0000040f
     144875.000 ns	     14486	80003310	0362efb3	rem	x31,x5,x22	  x5:0x00000000 x22:0x00000000 x31=0x00000000
     144905.000 ns	     14489	80003314	296b97d3	fmax.s	f15,f23,f22	 f23:0x7fc00000 f22:0x00000002 f15=0x00000002
     144935.000 ns	     14492	80003318	a1e9a0d3	feq.s	x1,f19,f30	 f19:0x00000000 f30:0x00000000  x1=0x00000001
     144965.000 ns	     14495	8000331c	d01393d3	fcvt.s.wu	f7,x7	  x7:0x0000040f  f7=0x4481e000
     144995.000 ns	     14498	80003320	02183133	mulhu	x2,x16,x1	 x16:0x00000000  x1:0x00000001  x2=0x00000000
     145015.000 ns	     14500	80003324	000c4833	xor	x16,x24,x0	 x24:0x00000000  x0:0x00000000 x16=0x00000000
     145025.000 ns	     14501	80003328	006ff4b3	and	x9,x31,x6	 x31:0x00000000  x6:0x80041024  x9=0x00000000
     145045.000 ns	     14503	8000332c	20ab0d53	fsgnj.s	f26,f22,f10	 f22:0x00000002 f10:0x7fc00000 f26=0x00000002
     145065.000 ns	     14505	80003330	2e32bd17	auipc	x26,0x2e32b	 x26=0xae32e330
     145425.000 ns	     14541	80003334	03a4ffb3	remu	x31,x9,x26	  x9:0x00000000 x26:0x80000000 x31=0x00000000
     145445.000 ns	     14543	80003338	8aa87c13	andi	x24,x16,-1878	 x16:0x00000000 x24=0x00000000
     145455.000 ns	     14544	8000333c	416cdc13	srai	x24,x25,0x16	 x25:0x00000000 x24=0x00000000
     145785.000 ns	     14577	80003340	18711fd3	fdiv.s	f31,f2,f7	  f2:0x4e600000  f7:0x4481e000 f31=0x49417a76
     145805.000 ns	     14579	80003344	008c7eb3	and	x29,x24,x8	 x24:0x00000000  x8:0x7fc00000 x29=0x00000000
     145815.000 ns	     14580	80003348	da47bd97	auipc	x27,0xda47b	 x27=0x5a47e348
     145825.000 ns	     14581	8000334c	07ae7493	andi	x9,x28,122	 x28:0x00000000  x9=0x00000000
     145835.000 ns	     14582	80003350	015a9c93	slli	x25,x21,0x15	 x21:0x00000669 x25=0xcd200000
     145845.000 ns	     14583	80003354	a94dc217	auipc	x4,0xa94dc	  x4=0x294df354
     145865.000 ns	     14585	80003358	d00bffd3	fcvt.s.w	f31,x23	 x23:0xe7dfc6a0 f31=0xcdc101cb
     145885.000 ns	     14587	8000335c	01949293	slli	x5,x9,0x19	  x9:0x00000000  x5=0x00000000
     145895.000 ns	     14588	80003360	402157b3	sra	x15,x2,x2	  x2:0x00000000  x2:0x00000000 x15=0x00000000
     145915.000 ns	     14590	80003364	a1eb20d3	feq.s	x1,f22,f30	 f22:0x00000002 f30:0x00000000  x1=0x00000000
     145945.000 ns	     14593	80003368	d0054853	fcvt.s.w	f16,x10	 x10:0x0000040f f16=0x4481e000
     145975.000 ns	     14596	8000336c	d01188d3	fcvt.s.wu	f17,x3	  x3:0x00000000 f17=0x00000000
     145995.000 ns	     14598	80003370	2a79f237	lui	x4,0x2a79f	  x4=0x2a79f000
     146005.000 ns	     14599	80003374	00605eb3	srl	x29,x0,x6	  x0:0x00000000  x6:0x80041024 x29=0x00000000
     146025.000 ns	     14601	80003378	d01c9753	fcvt.s.wu	f14,x25	 x25:0xcd200000 f14=0x4f4d2000
     146055.000 ns	     14604	8000337c	215c0853	fsgnj.s	f16,f24,f21	 f24:0x7fc00000 f21:0x00000000 f16=0x7fc00000
     146085.000 ns	     14607	80003380	03812eb3	mulhsu	x29,x2,x24	  x2:0x00000000 x24:0x00000000 x29=0x00000000
     146115.000 ns	     14610	80003384	c000fdd3	fcvt.w.s	x27,f1	  f1:0x7fc00000 x27=0x7fffffff
     146135.000 ns	     14612	80003388	00212cb3	slt	x25,x2,x2	  x2:0x00000000  x2:0x00000000 x25=0x00000000
     146155.000 ns	     14614	8000338c	02d953b3	divu	x7,x18,x13	 x18:0x80040fe4 x13:0x00000000  x7=0xffffffff
     146185.000 ns	     14617	80003390	e0058553	fmv.x.w	x10,f11	 f11:0x4e600000 x10=0x4e600000
     146215.000 ns	     14620	80003394	030aeab3	rem	x21,x21,x16	 x21:0x00000669 x16:0x00000000 x21=0x00000669
     146235.000 ns	     14622	80003398	03e52a13	slti	x20,x10,62	 x10:0x4e600000 x20=0x00000000
     146245.000 ns	     14623	8000339c	b09fa113	slti	x2,x31,-1271	 x31:0x00000000  x2=0x00000000
     146265.000 ns	     14625	800033a0	031711b3	mulh	x3,x14,x17	 x14:0x00000000 x17:0x00000001  x3=0x00000000
     146295.000 ns	     14628	800033a4	a0261d53	flt.s	x26,f12,f2	 f12:0x0000027a  f2:0x4e600000 x26=0x00000001
     146315.000 ns	     14630	800033a8	40a7df93	srai	x31,x15,0xa	 x15:0x00000000 x31=0x00000000
     146335.000 ns	     14632	800033ac	211c9b53	fsgnjn.s	f22,f25,f17	 f25:0x4e835f45 f17:0x00000000 f22=0xce835f45
     146365.000 ns	     14635	800033b0	f00d0753	fmv.w.x	f14,x26	 x26:0x00000001 f14=0x00000001
     146385.000 ns	     14637	800033b4	0188a1b3	slt	x3,x17,x24	 x17:0x00000001 x24:0x00000000  x3=0x00000000
     146405.000 ns	     14639	800033b8	c00b77d3	fcvt.w.s	x15,f22	 f22:0xce835f45 x15=0x41afa280
     146435.000 ns	     14642	800033bc	281f0853	fmin.s	f16,f30,f1	 f30:0x00000000  f1:0x7fc00000 f16=0x00000000
     146455.000 ns	     14644	800033c0	01b46b33	or	x22,x8,x27	  x8:0x7fc00000 x27:0x7fffffff x22=0x7fffffff
     146475.000 ns	     14646	800033c4	a0ac9dd3	flt.s	x27,f25,f10	 f25:0x4e835f45 f10:0x7fc00000 x27=0x00000000
     146525.000 ns	     14651	800033c8	09577c53	fsub.s	f24,f14,f21	 f14:0x00000001 f21:0x00000000 f24=0x00000001
     146555.000 ns	     14654	800033cc	03d6efb3	rem	x31,x13,x29	 x13:0x00000000 x29:0x00000000 x31=0x00000000
     146585.000 ns	     14657	800033d0	d0067a53	fcvt.s.w	f20,x12	 x12:0x00000001 f20=0x3f800000
     146615.000 ns	     14660	800033d4	a1999bd3	flt.s	x23,f19,f25	 f19:0x00000000 f25:0x4e835f45 x23=0x00000001
     146635.000 ns	     14662	800033d8	06884713	xori	x14,x16,104	 x16:0x00000000 x14=0x00000068
     146655.000 ns	     14664	800033dc	d0123453	fcvt.s.wu	f8,x4	  x4:0x2a79f000  f8=0x4e29e7c0
     146685.000 ns	     14667	800033e0	f00a0dd3	fmv.w.x	f27,x20	 x20:0x00000000 f27=0x00000000
     146715.000 ns	     14670	800033e4	0227ba33	mulhu	x20,x15,x2	 x15:0x41afa280  x2:0x00000000 x20=0x00000000
     146745.000 ns	     14673	800033e8	28d31353	fmax.s	f6,f6,f13	  f6:0xcdc101cb f13:0xcd9d6762  f6=0xcd9d6762
     146765.000 ns	     14675	800033ec	40c28ab3	sub	x21,x5,x12	  x5:0x00000000 x12:0x00000001 x21=0xffffffff
     146785.000 ns	     14677	800033f0	026abdb3	mulhu	x27,x21,x6	 x21:0x00000669  x6:0x80041024 x27=0x80041023
     146805.000 ns	     14679	800033f4	09e94393	xori	x7,x18,158	 x18:0x80040fe4  x7=0x80040f7a
     147135.000 ns	     14712	800033f8	1996fbd3	fdiv.s	f23,f13,f25	 f13:0xcd9d6762 f25:0x4e835f45 f23=0xbe1d6762
     147155.000 ns	     14714	800033fc	00000013	addi	x0,x0,0	  x0:0x00000000
     147165.000 ns	     14715	80003400	00bc77b3	and	x15,x24,x11	 x24:0x00000000 x11:0x00000000 x15=0x00000000
     147185.000 ns	     14717	80003404	29e906d3	fmin.s	f13,f18,f30	 f18:0x00000000 f30:0x00000000 f13=0x00000000
     147215.000 ns	     14720	80003408	03b01433	mulh	x8,x0,x27	  x0:0x00000000 x27:0x80041023  x8=0x00000000
     147235.000 ns	     14722	8000340c	00aee5b3	or	x11,x29,x10	 x29:0x00000000 x10:0x4e600000 x11=0x4e600000
     148405.000 ns	     14839	80003410	5803f153	fsqrt.s	f2,f7	  f7:0x4481e000  f2=0x4200eef6
     148435.000 ns	     14842	80003414	c00d1bd3	fcvt.w.s	x23,f26	 f26:0x00000002 x23=0x00000000
     148455.000 ns	     14844	80003418	5f16b137	lui	x2,0x5f16b	  x2=0x5f16b000
     148815.000 ns	     14880	8000341c	02b9c433	div	x8,x19,x11	 x19:0x00000000 x11:0x4e600000  x8=0x00000000
     148845.000 ns	     14883	80003420	e0020653	fmv.x.w	x12,f4	  f4:0x7fc00000 x12=0x7fc00000
     148865.000 ns	     14885	80003424	018cd733	srl	x14,x25,x24	 x25:0x00000000 x24:0x00000000 x14=0x00000000
     148875.000 ns	     14886	80003428	0024e0b3	or	x1,x9,x2	  x9:0x00000000  x2:0x5f16b000  x1=0x5f16b000
     148885.000 ns	     14887	8000342c	01177bb3	and	x23,x14,x17	 x14:0x00000068 x17:0x00000001 x23=0x00000000
     148905.000 ns	     14889	80003430	e00d9553	fclass.s	x10,f27	 f27:0x00000000 x10=0x00000010
     148925.000 ns	     14891	80003434	f359c493	xori	x9,x19,-203	 x19:0x00000000  x9=0xffffff35
     148935.000 ns	     14892	80003438	7d2dfb93	andi	x23,x27,2002	 x27:0x80041023 x23=0x00000002
     148945.000 ns	     14893	8000343c	00000013	addi	x0,x0,0	  x0:0x00000000
     148985.000 ns	     14897	80003440	01533753	fadd.s	f14,f6,f21	  f6:0xcd9d6762 f21:0x00000000 f14=0xcd9d6762
     149015.000 ns	     14900	80003444	03653433	mulhu	x8,x10,x22	 x10:0x00000010 x22:0x7fffffff  x8=0x00000007
     149035.000 ns	     14902	80003448	2bd70d13	addi	x26,x14,701	 x14:0x00000000 x26=0x000002bd
     149055.000 ns	     14904	8000344c	a0699653	flt.s	x12,f19,f6	 f19:0x00000000  f6:0xcd9d6762 x12=0x00000000
     149085.000 ns	     14907	80003450	c01ef8d3	fcvt.wu.s	x17,f29	 f29:0xffc00000 x17=0xffffffff
     149105.000 ns	     14909	80003454	6cad5e97	auipc	x29,0x6cad5	 x29=0xecad8454
     149465.000 ns	     14945	80003458	027e7bb3	remu	x23,x28,x7	 x28:0x00000000  x7:0x80040f7a x23=0x00000000
     149485.000 ns	     14947	8000345c	4153dcb3	sra	x25,x7,x21	  x7:0x80040f7a x21:0xffffffff x25=0xffffffff
     149495.000 ns	     14948	80003460	e038b997	auipc	x19,0xe038b	 x19=0x6038e460
     149535.000 ns	     14952	80003464	007ba9d3	fadd.s	f19,f23,f7	 f23:0xbe1d6762  f7:0x4481e000 f19=0x4481db14
     149565.000 ns	     14955	80003468	21faae53	fsgnjx.s	f28,f21,f31	 f21:0x00000000 f31:0xcdc101cb f28=0x80000000
     149595.000 ns	     14958	8000346c	a0da22d3	feq.s	x5,f20,f13	 f20:0x3f800000 f13:0x00000000  x5=0x00000000
     149625.000 ns	     14961	80003470	a0632653	feq.s	x12,f6,f6	  f6:0xcd9d6762  f6:0xcd9d6762 x12=0x00000001
     149995.000 ns	     14998	80003474	02c27d33	remu	x26,x4,x12	  x4:0x2a79f000 x12:0x00000000 x26=0x00000000
     150015.000 ns	     15000	80003478	3147bb13	sltiu	x22,x15,788	 x15:0x00000000 x22=0x00000001
     150035.000 ns	     15002	8000347c	f00b05d3	fmv.w.x	f11,x22	 x22:0x7fffffff f11=0x00000001
     150065.000 ns	     15005	80003480	c01efcd3	fcvt.wu.s	x25,f29	 f29:0xffc00000 x25=0xffffffff
     150085.000 ns	     15007	80003484	016b31b3	sltu	x3,x22,x22	 x22:0x00000001 x22:0x00000001  x3=0x00000000
     150105.000 ns	     15009	80003488	a0159e53	flt.s	x28,f11,f1	 f11:0x00000001  f1:0x7fc00000 x28=0x00000000
     150125.000 ns	     15011	8000348c	9fabbc37	lui	x24,0x9fabb	 x24=0x9fabb000
     150145.000 ns	     15013	80003490	a1a41bd3	flt.s	x23,f8,f26	  f8:0x4e29e7c0 f26:0x00000002 x23=0x00000000
     150165.000 ns	     15015	80003494	2d7d0a13	addi	x20,x26,727	 x26:0x00000000 x20=0x000002d7
     150525.000 ns	     15051	80003498	02114833	div	x16,x2,x1	  x2:0x5f16b000  x1:0x5f16b000 x16=0x00000001
     150545.000 ns	     15053	8000349c	4023d613	srai	x12,x7,0x2	  x7:0x80040f7a x12=0xe00103de
     150555.000 ns	     15054	800034a0	402951b3	sra	x3,x18,x2	 x18:0x80040fe4  x2:0x5f16b000  x3=0x80040fe4
     150565.000 ns	     15055	800034a4	01992fb3	slt	x31,x18,x25	 x18:0x80040fe4 x25:0xffffffff x31=0x00000001
     150575.000 ns	     15056	800034a8	7482eb93	ori	x23,x5,1864	  x5:0x00000000 x23=0x00000748
     150595.000 ns	     15058	800034ac	d00ebc53	fcvt.s.w	f24,x29	 x29:0xecad8454 f24=0xcd9a93de
     150625.000 ns	     15061	800034b0	e00106d3	fmv.x.w	x13,f2	  f2:0x4200eef6 x13=0x4200eef6
     150645.000 ns	     15063	800034b4	797d4513	xori	x10,x26,1943	 x26:0x00000000 x10=0x00000797
     150665.000 ns	     15065	800034b8	28070553	fmin.s	f10,f14,f0	 f14:0xcd9d6762  f0:0xff800000 f10=0xff800000
     150685.000 ns	     15067	800034bc	01a4f733	and	x14,x9,x26	  x9:0xffffff35 x26:0x00000000 x14=0x00000000
     150715.000 ns	     15070	800034c0	11aa78d3	fmul.s	f17,f20,f26	 f20:0x3f800000 f26:0x00000002 f17=0x00000002
     150745.000 ns	     15073	800034c4	02841fb3	mulh	x31,x8,x8	  x8:0x00000007  x8:0x00000007 x31=0x00000000
     150775.000 ns	     15076	800034c8	03c75fb3	divu	x31,x14,x28	 x14:0x00000000 x28:0x00000000 x31=0xffffffff
     150805.000 ns	     15079	800034cc	a0cc8d53	fle.s	x26,f25,f12	 f25:0x4e835f45 f12:0x0000027a x26=0x00000000
     150845.000 ns	     15083	800034d0	5804f053	fsqrt.s	f0,f9	  f9:0x7fc00000  f0=0x7fc00000
     150865.000 ns	     15085	800034d4	40a28533	sub	x10,x5,x10	  x5:0x00000000 x10:0x00000797 x10=0xfffff869
     150875.000 ns	     15086	800034d8	ff13c213	xori	x4,x7,-15	  x7:0x80040f7a  x4=0x7ffbf08b
     150885.000 ns	     15087	800034dc	213b6037	lui	x0,0x213b6	
     150925.000 ns	     15091	800034e0	0950f053	fsub.s	f0,f1,f21	  f1:0x7fc00000 f21:0x00000000  f0=0x7fc00000
     150955.000 ns	     15094	800034e4	21739253	fsgnjn.s	f4,f7,f23	  f7:0x4481e000 f23:0xbe1d6762  f4=0x4481e000
     150985.000 ns	     15097	800034e8	03a8c1b3	div	x3,x17,x26	 x17:0xffffffff x26:0x00000000  x3=0xffffffff
     151005.000 ns	     15099	800034ec	43000d13	addi	x26,x0,1072	  x0:0x00000000 x26=0x00000430
     151035.000 ns	     15102	800034f0	105ba6d3	fmul.s	f13,f23,f5	 f23:0xbe1d6762  f5:0x8000027a f13=0x00000061
     151065.000 ns	     15105	800034f4	a04593d3	flt.s	x7,f11,f4	 f11:0x00000001  f4:0x4481e000  x7=0x00000001
     151095.000 ns	     15108	800034f8	02dd2e33	mulhsu	x28,x26,x13	 x26:0x00000430 x13:0x4200eef6 x28=0x00000114
     151125.000 ns	     15111	800034fc	d00c7dd3	fcvt.s.w	f27,x24	 x24:0x9fabb000 f27=0xcec0a8a0
     151145.000 ns	     15113	80003500	c8c8ea13	ori	x20,x17,-884	 x17:0xffffffff x20=0xffffffff
     151185.000 ns	     15117	80003504	01c1a4d3	fadd.s	f9,f3,f28	  f3:0x00000000 f28:0x80000000  f9=0x80000000
     151215.000 ns	     15120	80003508	02fb6b33	rem	x22,x22,x15	 x22:0x00000001 x15:0x00000000 x22=0x00000001
     151235.000 ns	     15122	8000350c	fabb5db7	lui	x27,0xfabb5	 x27=0xfabb5000
     151275.000 ns	     15126	80003510	08a673d3	fsub.s	f7,f12,f10	 f12:0x0000027a f10:0xff800000  f7=0x7f800000
     151305.000 ns	     15129	80003514	029d0b33	mul	x22,x26,x9	 x26:0x00000430  x9:0xffffff35 x22=0xfffcadf0
     151325.000 ns	     15131	80003518	40d08133	sub	x2,x1,x13	  x1:0x5f16b000 x13:0x4200eef6  x2=0x1d15c10a
     151345.000 ns	     15133	8000351c	d00a2953	fcvt.s.w	f18,x20	 x20:0xffffffff f18=0xbf800000
     151365.000 ns	     15135	80003520	003b5513	srli	x10,x22,0x3	 x22:0xfffcadf0 x10=0x1fff95be
     151385.000 ns	     15137	80003524	a02caed3	feq.s	x29,f25,f2	 f25:0x4e835f45  f2:0x4200eef6 x29=0x00000000
     151435.000 ns	     15142	80003528	01da7953	fadd.s	f18,f20,f29	 f20:0x3f800000 f29:0xffc00000 f18=0x7fc00000
     151475.000 ns	     15146	8000352c	10017f53	fmul.s	f30,f2,f0	  f2:0x4200eef6  f0:0x7fc00000 f30=0x7fc00000
     151845.000 ns	     15183	80003530	03bced33	rem	x26,x25,x27	 x25:0xffffffff x27:0xfabb5000 x26=0xffffffff
     151875.000 ns	     15186	80003534	03f90bb3	mul	x23,x18,x31	 x18:0x80040fe4 x31:0xffffffff x23=0x7ffbf01c
     152245.000 ns	     15223	80003538	02424e33	div	x28,x4,x4	  x4:0x7ffbf08b  x4:0x7ffbf08b x28=0x00000001
     152275.000 ns	     15226	8000353c	a0638dd3	fle.s	x27,f7,f6	  f7:0x7f800000  f6:0xcd9d6762 x27=0x00000000
     152305.000 ns	     15229	80003540	20070153	fsgnj.s	f2,f14,f0	 f14:0xcd9d6762  f0:0x7fc00000  f2=0x4d9d6762
     152325.000 ns	     15231	80003544	2825ad13	slti	x26,x11,642	 x11:0x4e600000 x26=0x00000000
     152345.000 ns	     15233	80003548	c0068253	fcvt.w.s	x4,f13	 f13:0x00000061  x4=0x00000000
     152365.000 ns	     15235	8000354c	008a60b3	or	x1,x20,x8	 x20:0xffffffff  x8:0x00000007  x1=0xffffffff
     152375.000 ns	     15236	80003550	00d443b3	xor	x7,x8,x13	  x8:0x00000007 x13:0x4200eef6  x7=0x4200eef1
     152385.000 ns	     15237	80003554	f8f8ac97	auipc	x25,0xf8f8a	 x25=0x78f8d554
     152715.000 ns	     15270	80003558	1857b9d3	fdiv.s	f19,f15,f5	 f15:0x00000002  f5:0x8000027a f19=0xb434b4b6
     152745.000 ns	     15273	8000355c	d01acbd3	fcvt.s.wu	f23,x21	 x21:0xffffffff f23=0x4f800000
     152775.000 ns	     15276	80003560	a18c81d3	fle.s	x3,f25,f24	 f25:0x4e835f45 f24:0xcd9a93de  x3=0x00000000
     152795.000 ns	     15278	80003564	40485693	srai	x13,x16,0x4	 x16:0x00000001 x13=0x00000000
     152805.000 ns	     15279	80003568	424febb7	lui	x23,0x424fe	 x23=0x424fe000
     152845.000 ns	     15283	8000356c	0891cc53	fsub.s	f24,f3,f9	  f3:0x00000000  f9:0x80000000 f24=0x00000000
     152875.000 ns	     15286	80003570	e00490d3	fclass.s	x1,f9	  f9:0x80000000  x1=0x00000008
     152895.000 ns	     15288	80003574	3e3cca93	xori	x21,x25,995	 x25:0x78f8d554 x21=0x78f8d6b7
     152915.000 ns	     15290	80003578	03defe33	remu	x28,x29,x29	 x29:0x00000000 x29:0x00000000 x28=0x00000000
     152945.000 ns	     15293	8000357c	e00d9ad3	fclass.s	x21,f27	 f27:0xcec0a8a0 x21=0x00000002
     152965.000 ns	     15295	80003580	ebb12a93	slti	x21,x2,-325	  x2:0x1d15c10a x21=0x00000000
     152975.000 ns	     15296	80003584	008c5f93	srli	x31,x24,0x8	 x24:0x9fabb000 x31=0x009fabb0
     152985.000 ns	     15297	80003588	410b5693	srai	x13,x22,0x10	 x22:0xfffcadf0 x13=0xfffffffc
     153005.000 ns	     15299	8000358c	03648ab3	mul	x21,x9,x22	  x9:0xffffff35 x22:0xfffcadf0 x21=0x02a212b0
     154185.000 ns	     15417	80003590	580235d3	fsqrt.s	f11,f4	  f4:0x4481e000 f11=0x4200eef6
     154215.000 ns	     15420	80003594	03d784b3	mul	x9,x15,x29	 x15:0x00000000 x29:0x00000000  x9=0x00000000
     154235.000 ns	     15422	80003598	00c42ab3	slt	x21,x8,x12	  x8:0x00000007 x12:0xe00103de x21=0x00000000
     154245.000 ns	     15423	8000359c	00000013	addi	x0,x0,0	  x0:0x00000000
     154265.000 ns	     15425	800035a0	c016b8d3	fcvt.wu.s	x17,f13	 f13:0x00000061 x17=0x00000000
     154285.000 ns	     15427	800035a4	012664b3	or	x9,x12,x18	 x12:0xe00103de x18:0x80040fe4  x9=0xe0050ffe
     154305.000 ns	     15429	800035a8	a0bf9dd3	flt.s	x27,f31,f11	 f31:0xcdc101cb f11:0x4200eef6 x27=0x00000001
     154335.000 ns	     15432	800035ac	e0048453	fmv.x.w	x8,f9	  f9:0x80000000  x8=0x80000000
     154355.000 ns	     15434	800035b0	00cb19b3	sll	x19,x22,x12	 x22:0xfffcadf0 x12:0xe00103de x19=0x00000000
     154375.000 ns	     15436	800035b4	a16fadd3	feq.s	x27,f31,f22	 f31:0xcdc101cb f22:0xce835f45 x27=0x00000000
     154395.000 ns	     15438	800035b8	d90875b7	lui	x11,0xd9087	 x11=0xd9087000
     154405.000 ns	     15439	800035bc	00000013	addi	x0,x0,0	  x0:0x00000000
     154425.000 ns	     15441	800035c0	02034833	div	x16,x6,x0	  x6:0x80041024  x0:0x00000000 x16=0xffffffff
     154445.000 ns	     15443	800035c4	40c4c193	xori	x3,x9,1036	  x9:0xe0050ffe  x3=0xe0050bf2
     154465.000 ns	     15445	800035c8	214fa853	fsgnjx.s	f16,f31,f20	 f31:0xcdc101cb f20:0x3f800000 f16=0xcdc101cb
     154485.000 ns	     15447	800035cc	0168feb3	and	x29,x17,x22	 x17:0x00000000 x22:0xfffcadf0 x29=0x00000000
     154505.000 ns	     15449	800035d0	293a1753	fmax.s	f14,f20,f19	 f20:0x3f800000 f19:0xb434b4b6 f14=0x3f800000
     154535.000 ns	     15452	800035d4	a1ac18d3	flt.s	x17,f24,f26	 f24:0x00000000 f26:0x00000002 x17=0x00000001
     154565.000 ns	     15455	800035d8	d006f9d3	fcvt.s.w	f19,x13	 x13:0xfffffffc f19=0xc0800000
     154595.000 ns	     15458	800035dc	030f04b3	mul	x9,x30,x16	 x30:0xec5313c0 x16:0xffffffff  x9=0x13acec40
     154615.000 ns	     15460	800035e0	003cd2b3	srl	x5,x25,x3	 x25:0x78f8d554  x3:0xe0050bf2  x5=0x00001e3e
     154975.000 ns	     15496	800035e4	0387dd33	divu	x26,x15,x24	 x15:0x00000000 x24:0x9fabb000 x26=0x00000000
     154995.000 ns	     15498	800035e8	dd1b7713	andi	x14,x22,-559	 x22:0xfffcadf0 x14=0xfffcadd0
     155005.000 ns	     15499	800035ec	01aad393	srli	x7,x21,0x1a	 x21:0x00000000  x7=0x00000000
     155015.000 ns	     15500	800035f0	01059393	slli	x7,x11,0x10	 x11:0xd9087000  x7=0x70000000
     155035.000 ns	     15502	800035f4	214d86d3	fsgnj.s	f13,f27,f20	 f27:0xcec0a8a0 f20:0x3f800000 f13=0x4ec0a8a0
     155065.000 ns	     15505	800035f8	28460ed3	fmin.s	f29,f12,f4	 f12:0x0000027a  f4:0x4481e000 f29=0x0000027a
     155085.000 ns	     15507	800035fc	007d5813	srli	x16,x26,0x7	 x26:0x00000000 x16=0x00000000
     155105.000 ns	     15509	80003600	a0821653	flt.s	x12,f4,f8	  f4:0x4481e000  f8:0x4e29e7c0 x12=0x00000001
     155125.000 ns	     15511	80003604	58cdf813	andi	x16,x27,1420	 x27:0x00000000 x16=0x00000000
     155135.000 ns	     15512	80003608	41e7d613	srai	x12,x15,0x1e	 x15:0x00000000 x12=0x00000000
     155155.000 ns	     15514	8000360c	f00a05d3	fmv.w.x	f11,x20	 x20:0xffffffff f11=0xffffffff
     155175.000 ns	     15516	80003610	4051ce93	xori	x29,x3,1029	  x3:0xe0050bf2 x29=0xe0050ff7
     155185.000 ns	     15517	80003614	b79b5017	auipc	x0,0xb79b5	
     155205.000 ns	     15519	80003618	c00bacd3	fcvt.w.s	x25,f23	 f23:0x4f800000 x25=0x7fffffff
     155235.000 ns	     15522	8000361c	a0fcac53	feq.s	x24,f25,f15	 f25:0x4e835f45 f15:0x00000002 x24=0x00000000
     155255.000 ns	     15524	80003620	fa870d93	addi	x27,x14,-88	 x14:0xfffcadd0 x27=0xfffcad78
     155285.000 ns	     15527	80003624	1017fbd3	fmul.s	f23,f15,f1	 f15:0x00000002  f1:0x7fc00000 f23=0x7fc00000
     155315.000 ns	     15530	80003628	024040b3	div	x1,x0,x4	  x0:0x00000000  x4:0x00000000  x1=0xffffffff
     155335.000 ns	     15532	8000362c	924a1797	auipc	x15,0x924a1	 x15=0x124a462c
     155355.000 ns	     15534	80003630	030cf7b3	remu	x15,x25,x16	 x25:0x7fffffff x16:0x00000000 x15=0x7fffffff
     155385.000 ns	     15537	80003634	035a77b3	remu	x15,x20,x21	 x20:0xffffffff x21:0x00000000 x15=0xffffffff
     155415.000 ns	     15540	80003638	c002f553	fcvt.w.s	x10,f5	  f5:0x8000027a x10=0x00000000
     155435.000 ns	     15542	8000363c	01fc3e33	sltu	x28,x24,x31	 x24:0x00000000 x31:0x009fabb0 x28=0x00000001
     155445.000 ns	     15543	80003640	01bc1113	slli	x2,x24,0x1b	 x24:0x00000000  x2=0x00000000
     155455.000 ns	     15544	80003644	0178b633	sltu	x12,x17,x23	 x17:0x00000001 x23:0x424fe000 x12=0x00000001
     155465.000 ns	     15545	80003648	f5b1b413	sltiu	x8,x3,-165	  x3:0xe0050bf2  x8=0x00000001
     155475.000 ns	     15546	8000364c	4018d6b3	sra	x13,x17,x1	 x17:0x00000001  x1:0xffffffff x13=0x00000000
     155495.000 ns	     15548	80003650	a187a653	feq.s	x12,f15,f24	 f15:0x00000002 f24:0x00000000 x12=0x00000000
     155515.000 ns	     15550	80003654	0ee7bc13	sltiu	x24,x15,238	 x15:0xffffffff x24=0x00000000
     155555.000 ns	     15554	80003658	00ecfdd3	fadd.s	f27,f25,f14	 f25:0x4e835f45 f14:0x3f800000 f27=0x4e835f45
     155575.000 ns	     15556	8000365c	011da833	slt	x16,x27,x17	 x27:0xfffcad78 x17:0x00000001 x16=0x00000001
     155585.000 ns	     15557	80003660	0c238193	addi	x3,x7,194	  x7:0x70000000  x3=0x700000c2
     155595.000 ns	     15558	80003664	41905233	sra	x4,x0,x25	  x0:0x00000000 x25:0x7fffffff  x4=0x00000000
     155625.000 ns	     15561	80003668	580590d3	fsqrt.s	f1,f11	 f11:0xffffffff  f1=0x7fc00000
     155645.000 ns	     15563	8000366c	408b86b3	sub	x13,x23,x8	 x23:0x424fe000  x8:0x00000001 x13=0x424fdfff
     155655.000 ns	     15564	80003670	825b6b93	ori	x23,x22,-2011	 x22:0xfffcadf0 x23=0xfffffdf5
     155695.000 ns	     15568	80003674	093332d3	fsub.s	f5,f6,f19	  f6:0xcd9d6762 f19:0xc0800000  f5=0xcd9d6761
     155715.000 ns	     15570	80003678	013f1233	sll	x4,x30,x19	 x30:0xec5313c0 x19:0x00000000  x4=0xec5313c0
     155735.000 ns	     15572	8000367c	c0067bd3	fcvt.w.s	x23,f12	 f12:0x0000027a x23=0x00000000
     155785.000 ns	     15577	80003680	086277d3	fsub.s	f15,f4,f6	  f4:0x4481e000  f6:0xcd9d6762 f15=0x4d9d6782
     155815.000 ns	     15580	80003684	027903b3	mul	x7,x18,x7	 x18:0x80040fe4  x7:0x70000000  x7=0xc0000000
     155835.000 ns	     15582	80003688	00ebe6b3	or	x13,x23,x14	 x23:0x00000000 x14:0xfffcadd0 x13=0xfffcadd0
     155845.000 ns	     15583	8000368c	00185593	srli	x11,x16,0x1	 x16:0x00000001 x11=0x00000000
     156205.000 ns	     15619	80003690	021cd0b3	divu	x1,x25,x1	 x25:0x7fffffff  x1:0xffffffff  x1=0x00000000
     156245.000 ns	     15623	80003694	580fb453	fsqrt.s	f8,f31	 f31:0xcdc101cb  f8=0x7fc00000
     156275.000 ns	     15626	80003698	206d0e53	fsgnj.s	f28,f26,f6	 f26:0x00000002  f6:0xcd9d6762 f28=0x80000002
     156305.000 ns	     15629	8000369c	d0117bd3	fcvt.s.wu	f23,x2	  x2:0x00000000 f23=0x00000000
     156325.000 ns	     15631	800036a0	fea5a893	slti	x17,x11,-22	 x11:0x00000000 x17=0x00000000
     156335.000 ns	     15632	800036a4	010a87b3	add	x15,x21,x16	 x21:0x00000000 x16:0x00000001 x15=0x00000001
     156355.000 ns	     15634	800036a8	29281153	fmax.s	f2,f16,f18	 f16:0xcdc101cb f18:0x7fc00000  f2=0xcdc101cb
     156375.000 ns	     15636	800036ac	40445213	srai	x4,x8,0x4	  x8:0x00000001  x4=0x00000000
     156385.000 ns	     15637	800036b0	8dd6d537	lui	x10,0x8dd6d	 x10=0x8dd6d000
     156425.000 ns	     15641	800036b4	08f6f3d3	fsub.s	f7,f13,f15	 f13:0x4ec0a8a0 f15:0x4d9d6782  f7=0x4e994ebf
     156445.000 ns	     15643	800036b8	001d44b3	xor	x9,x26,x1	 x26:0x00000000  x1:0x00000000  x9=0x00000000
     156805.000 ns	     15679	800036bc	02f1d0b3	divu	x1,x3,x15	  x3:0x700000c2 x15:0x00000001  x1=0x700000c2
     156825.000 ns	     15681	800036c0	01aad2b3	srl	x5,x21,x26	 x21:0x00000000 x26:0x00000000  x5=0x00000000
     156845.000 ns	     15683	800036c4	e00f86d3	fmv.x.w	x13,f31	 f31:0xcdc101cb x13=0xcdc101cb
     156875.000 ns	     15686	800036c8	c00348d3	fcvt.w.s	x17,f6	  f6:0xcd9d6762 x17=0xec5313c0
     156895.000 ns	     15688	800036cc	00131e33	sll	x28,x6,x1	  x6:0x80041024  x1:0x700000c2 x28=0x00104090
     156915.000 ns	     15690	800036d0	a0342d53	feq.s	x26,f8,f3	  f8:0x7fc00000  f3:0x00000000 x26=0x00000000
     157255.000 ns	     15724	800036d4	19178a53	fdiv.s	f20,f15,f17	 f15:0x4d9d6782 f17:0x00000002 f20=0x7f800000
     157275.000 ns	     15726	800036d8	1b436a93	ori	x21,x6,436	  x6:0x80041024 x21=0x800411b4
     157635.000 ns	     15762	800036dc	03be6733	rem	x14,x28,x27	 x28:0x00104090 x27:0xfffcad78 x14=0x0002f670
     157665.000 ns	     15765	800036e0	c0199a53	fcvt.wu.s	x20,f19	 f19:0xc0800000 x20=0x00000004
     157685.000 ns	     15767	800036e4	5095ae93	slti	x29,x11,1289	 x11:0x00000000 x29=0x00000001
     157695.000 ns	     15768	800036e8	01cfc7b3	xor	x15,x31,x28	 x31:0x009fabb0 x28:0x00104090 x15=0x008feb20
     157715.000 ns	     15770	800036ec	022b79b3	remu	x19,x22,x2	 x22:0xfffcadf0  x2:0x00000000 x19=0xfffcadf0
     157745.000 ns	     15773	800036f0	20838553	fsgnj.s	f10,f7,f8	  f7:0x4e994ebf  f8:0x7fc00000 f10=0x4e994ebf
     157765.000 ns	     15775	800036f4	411b5fb3	sra	x31,x22,x17	 x22:0xfffcadf0 x17:0xec5313c0 x31=0xfffcadf0
     157785.000 ns	     15777	800036f8	a0cc17d3	flt.s	x15,f24,f12	 f24:0x00000000 f12:0x0000027a x15=0x00000001
     157805.000 ns	     15779	800036fc	00bf30b3	sltu	x1,x30,x11	 x30:0xec5313c0 x11:0x00000000  x1=0x00000000
     157815.000 ns	     15780	80003700	01777a33	and	x20,x14,x23	 x14:0x0002f670 x23:0x00000000 x20=0x00000000
     157825.000 ns	     15781	80003704	41b15c33	sra	x24,x2,x27	  x2:0x00000000 x27:0xfffcad78 x24=0x00000000
     158185.000 ns	     15817	80003708	028d5ab3	divu	x21,x26,x8	 x26:0x00000000  x8:0x00000001 x21=0x00000000
     158205.000 ns	     15819	8000370c	00091d33	sll	x26,x18,x0	 x18:0x80040fe4  x0:0x00000000 x26=0x80040fe4
     158215.000 ns	     15820	80003710	407ad0b3	sra	x1,x21,x7	 x21:0x00000000  x7:0xc0000000  x1=0x00000000
     158235.000 ns	     15822	80003714	02a63bb3	mulhu	x23,x12,x10	 x12:0x00000000 x10:0x8dd6d000 x23=0x00000000
     158265.000 ns	     15825	80003718	20b40653	fsgnj.s	f12,f8,f11	  f8:0x7fc00000 f11:0xffffffff f12=0xffc00000
     158285.000 ns	     15827	8000371c	41b7da33	sra	x20,x15,x27	 x15:0x00000001 x27:0xfffcad78 x20=0x00000000
     158305.000 ns	     15829	80003720	c0019a53	fcvt.w.s	x20,f3	  f3:0x00000000 x20=0x00000000
     158325.000 ns	     15831	80003724	4f59cd13	xori	x26,x19,1269	 x19:0xfffcadf0 x26=0xfffca905
     158355.000 ns	     15834	80003728	58018153	fsqrt.s	f2,f3	  f3:0x00000000  f2=0x00000000
     158375.000 ns	     15836	8000372c	00000013	addi	x0,x0,0	  x0:0x00000000
     158395.000 ns	     15838	80003730	a12d1053	flt.s	x0,f26,f18	 f26:0x00000002 f18:0x7fc00000
     158415.000 ns	     15840	80003734	01499e13	slli	x28,x19,0x14	 x19:0xfffcadf0 x28=0xdf000000
     158425.000 ns	     15841	80003738	dce70017	auipc	x0,0xdce70	
     158455.000 ns	     15844	8000373c	10cc7bd3	fmul.s	f23,f24,f12	 f24:0x00000000 f12:0xffc00000 f23=0x7fc00000
     158485.000 ns	     15847	80003740	a0fa8fd3	fle.s	x31,f21,f15	 f21:0x00000000 f15:0x4d9d6782 x31=0x00000001
     158515.000 ns	     15850	80003744	02c669b3	rem	x19,x12,x12	 x12:0x00000000 x12:0x00000000 x19=0x00000000
     158545.000 ns	     15853	80003748	d00afcd3	fcvt.s.w	f25,x21	 x21:0x00000000 f25=0x00000000
     158565.000 ns	     15855	8000374c	4a596c93	ori	x25,x18,1189	 x18:0x80040fe4 x25=0x80040fe5
     158575.000 ns	     15856	80003750	bdefc293	xori	x5,x31,-1058	 x31:0x00000001  x5=0xfffffbdf
     158595.000 ns	     15858	80003754	a175a2d3	feq.s	x5,f11,f23	 f11:0xffffffff f23:0x7fc00000  x5=0x00000000
     158615.000 ns	     15860	80003758	00211413	slli	x8,x2,0x2	  x2:0x00000000  x8=0x00000000
     158635.000 ns	     15862	8000375c	20252dd3	fsgnjx.s	f27,f10,f2	 f10:0x4e994ebf  f2:0x00000000 f27=0x4e994ebf
     158655.000 ns	     15864	80003760	41625c13	srai	x24,x4,0x16	  x4:0x00000000 x24=0x00000000
     158665.000 ns	     15865	80003764	00000013	addi	x0,x0,0	  x0:0x00000000
     158675.000 ns	     15866	80003768	412dddb3	sra	x27,x27,x18	 x27:0xfffcad78 x18:0x80040fe4 x27=0xffffcad7
     158685.000 ns	     15867	8000376c	4c2c0593	addi	x11,x24,1218	 x24:0x00000000 x11=0x000004c2
     158705.000 ns	     15869	80003770	e00b8bd3	fmv.x.w	x23,f23	 f23:0x7fc00000 x23=0x7fc00000
     158735.000 ns	     15872	80003774	02ac8d33	mul	x26,x25,x10	 x25:0x80040fe5 x10:0x8dd6d000 x26=0xb7581000
     158775.000 ns	     15876	80003778	18961c53	fdiv.s	f24,f12,f9	 f12:0xffc00000  f9:0x80000000 f24=0x7fc00000
     158805.000 ns	     15879	8000377c	02130cb3	mul	x25,x6,x1	  x6:0x80041024  x1:0x00000000 x25=0x00000000
     158835.000 ns	     15882	80003780	03e13733	mulhu	x14,x2,x30	  x2:0x00000000 x30:0xec5313c0 x14=0x00000000
     158865.000 ns	     15885	80003784	c01dfe53	fcvt.wu.s	x28,f27	 f27:0x4e994ebf x28=0x4ca75f80
     158885.000 ns	     15887	80003788	01d197b3	sll	x15,x3,x29	  x3:0x700000c2 x29:0x00000001 x15=0xe0000184
     158905.000 ns	     15889	8000378c	f0068053	fmv.w.x	f0,x13	 x13:0xcdc101cb  f0=0xcdc101cb
     158935.000 ns	     15892	80003790	e0000a53	fmv.x.w	x20,f0	  f0:0x7fc00000 x20=0xcdc101cb
     158955.000 ns	     15894	80003794	0195dc93	srli	x25,x11,0x19	 x11:0x000004c2 x25=0x00000000
     158965.000 ns	     15895	80003798	41e3dbb3	sra	x23,x7,x30	  x7:0xc0000000 x30:0xec5313c0 x23=0xc0000000
     158985.000 ns	     15897	8000379c	e00792d3	fclass.s	x5,f15	 f15:0x4d9d6782  x5=0x00000040
     159005.000 ns	     15899	800037a0	3d173793	sltiu	x15,x14,977	 x14:0x00000000 x15=0x00000001
     159025.000 ns	     15901	800037a4	a0f8a853	feq.s	x16,f17,f15	 f17:0x00000002 f15:0x4d9d6782 x16=0x00000000
     159065.000 ns	     15905	800037a8	11757ad3	fmul.s	f21,f10,f23	 f10:0x4e994ebf f23:0x7fc00000 f21=0x7fc00000
     159095.000 ns	     15908	800037ac	c0020a53	fcvt.w.s	x20,f4	  f4:0x4481e000 x20=0x0000040f
     159115.000 ns	     15910	800037b0	01cc8ab3	add	x21,x25,x28	 x25:0x00000000 x28:0x4ca75f80 x21=0x4ca75f80
     159125.000 ns	     15911	800037b4	417a55b3	sra	x11,x20,x23	 x20:0x0000040f x23:0xc0000000 x11=0x0000040f
     159135.000 ns	     15912	800037b8	295c0117	auipc	x2,0x295c0	  x2=0xa95c37b8
     159155.000 ns	     15914	800037bc	02c7e8b3	rem	x17,x15,x12	 x15:0x00000001 x12:0x00000000 x17=0x00000001
     159175.000 ns	     15916	800037c0	40670433	sub	x8,x14,x6	 x14:0x00000000  x6:0x80041024  x8=0x7ffbefdc
     159185.000 ns	     15917	800037c4	00f8fb33	and	x22,x17,x15	 x17:0x00000001 x15:0x00000001 x22=0x00000001
     159195.000 ns	     15918	800037c8	01bd9d13	slli	x26,x27,0x1b	 x27:0xffffcad7 x26=0xb8000000
     159525.000 ns	     15951	800037cc	18550cd3	fdiv.s	f25,f10,f5	 f10:0x4e994ebf  f5:0xcd9d6761 f25=0xc0194ec0
     159545.000 ns	     15953	800037d0	01151213	slli	x4,x10,0x11	 x10:0x8dd6d000  x4=0xa0000000
     159905.000 ns	     15989	800037d4	03c46233	rem	x4,x8,x28	  x8:0x7ffbefdc x28:0x4ca75f80  x4=0x3354905c
     159925.000 ns	     15991	800037d8	01a91a13	slli	x20,x18,0x1a	 x18:0x80040fe4 x20=0x90000000
     159935.000 ns	     15992	800037dc	00000013	addi	x0,x0,0	  x0:0x00000000
     159945.000 ns	     15993	800037e0	b66bb513	sltiu	x10,x23,-1178	 x23:0xc0000000 x10=0x00000001
     159985.000 ns	     15997	800037e4	08a0f053	fsub.s	f0,f1,f10	  f1:0x7fc00000 f10:0x4e994ebf  f0=0x7fc00000
     160015.000 ns	     16000	800037e8	a0850553	fle.s	x10,f10,f8	 f10:0x4e994ebf  f8:0x7fc00000 x10=0x00000000
     160045.000 ns	     16003	800037ec	0384f633	remu	x12,x9,x24	  x9:0x00000000 x24:0x00000000 x12=0x00000000
     160075.000 ns	     16006	800037f0	023b0eb3	mul	x29,x22,x3	 x22:0x00000001  x3:0x700000c2 x29=0x700000c2
     160095.000 ns	     16008	800037f4	c2048193	addi	x3,x9,-992	  x9:0x00000000  x3=0xfffffc20
     160105.000 ns	     16009	800037f8	01225d13	srli	x26,x4,0x12	  x4:0x3354905c x26=0x00000cd5
     160115.000 ns	     16010	800037fc	bd63c1b7	lui	x3,0xbd63c	  x3=0xbd63c000
     160125.000 ns	     16011	80003800	01adaa33	slt	x20,x27,x26	 x27:0xffffcad7 x26:0xb8000000 x20=0x00000001
     160135.000 ns	     16012	80003804	01d110b3	sll	x1,x2,x29	  x2:0xa95c37b8 x29:0x700000c2  x1=0xa570dee0
     160145.000 ns	     16013	80003808	40e3d0b3	sra	x1,x7,x14	  x7:0xc0000000 x14:0x00000000  x1=0xc0000000
     160165.000 ns	     16015	8000380c	212c29d3	fsgnjx.s	f19,f24,f18	 f24:0x7fc00000 f18:0x7fc00000 f19=0x7fc00000
     160185.000 ns	     16017	80003810	013a5bb3	srl	x23,x20,x19	 x20:0x00000001 x19:0x00000000 x23=0x00000001
     160195.000 ns	     16018	80003814	00561813	slli	x16,x12,0x5	 x12:0x00000000 x16=0x00000000
     160215.000 ns	     16020	80003818	c00b9b53	fcvt.w.s	x22,f23	 f23:0x7fc00000 x22=0x7fffffff
     160245.000 ns	     16023	8000381c	03f13633	mulhu	x12,x2,x31	  x2:0xa95c37b8 x31:0x00000001 x12=0x00000000
     160275.000 ns	     16026	80003820	a17520d3	feq.s	x1,f10,f23	 f10:0x4e994ebf f23:0x7fc00000  x1=0x00000000
     160645.000 ns	     16063	80003824	0262e633	rem	x12,x5,x6	  x5:0x00000040  x6:0x80041024 x12=0x00000040
     160675.000 ns	     16066	80003828	03c12833	mulhsu	x16,x2,x28	  x2:0xa95c37b8 x28:0x4ca75f80 x16=0xe60ebb60
     160695.000 ns	     16068	8000382c	5239be13	sltiu	x28,x19,1315	 x19:0x00000000 x28=0x00000001
     160705.000 ns	     16069	80003830	00000013	addi	x0,x0,0	  x0:0x00000000
     160725.000 ns	     16071	80003834	21711f53	fsgnjn.s	f30,f2,f23	  f2:0x00000000 f23:0x7fc00000 f30=0x80000000
     160745.000 ns	     16073	80003838	00125a33	srl	x20,x4,x1	  x4:0x3354905c  x1:0x00000000 x20=0x3354905c
     160755.000 ns	     16074	8000383c	002c1993	slli	x19,x24,0x2	 x24:0x00000000 x19=0x00000000
     160765.000 ns	     16075	80003840	00000013	addi	x0,x0,0	  x0:0x00000000
     160785.000 ns	     16077	80003844	a03007d3	fle.s	x15,f0,f3	  f0:0x7fc00000  f3:0x00000000 x15=0x00000000
     160805.000 ns	     16079	80003848	01505793	srli	x15,x0,0x15	  x0:0x00000000 x15=0x00000000
     160815.000 ns	     16080	8000384c	00fab133	sltu	x2,x21,x15	 x21:0x4ca75f80 x15:0x00000000  x2=0x00000000
     160845.000 ns	     16083	80003850	10bf0853	fmul.s	f16,f30,f11	 f30:0x80000000 f11:0xffffffff f16=0x7fc00000
     160875.000 ns	     16086	80003854	29dc1953	fmax.s	f18,f24,f29	 f24:0x7fc00000 f29:0x0000027a f18=0x0000027a
     160895.000 ns	     16088	80003858	ffed8997	auipc	x19,0xffed8	 x19=0x7fedb858
     160915.000 ns	     16090	8000385c	02351233	mulh	x4,x10,x3	 x10:0x00000000  x3:0xbd63c000  x4=0x00000000
     160955.000 ns	     16094	80003860	1911f253	fdiv.s	f4,f3,f17	  f3:0x00000000 f17:0x00000002  f4=0x00000000
     160975.000 ns	     16096	80003864	0146e233	or	x4,x13,x20	 x13:0xcdc101cb x20:0x3354905c  x4=0xffd591df
     160985.000 ns	     16097	80003868	00089513	slli	x10,x17,0x0	 x17:0x00000001 x10=0x00000001
     160995.000 ns	     16098	8000386c	f0f22717	auipc	x14,0xf0f22	 x14=0x70f2586c
     161005.000 ns	     16099	80003870	f0fd8893	addi	x17,x27,-241	 x27:0xffffcad7 x17=0xffffc9e6
     161045.000 ns	     16103	80003874	00381b53	fadd.s	f22,f16,f3	 f16:0x7fc00000  f3:0x00000000 f22=0x7fc00000
     161075.000 ns	     16106	80003878	21ada753	fsgnjx.s	f14,f27,f26	 f27:0x4e994ebf f26:0x00000002 f14=0x4e994ebf
     161105.000 ns	     16109	8000387c	c00401d3	fcvt.w.s	x3,f8	  f8:0x7fc00000  x3=0x7fffffff
     161475.000 ns	     16146	80003880	037cd0b3	divu	x1,x25,x23	 x25:0x00000000 x23:0x00000001  x1=0x00000000
     161495.000 ns	     16148	80003884	0043dc33	srl	x24,x7,x4	  x7:0xc0000000  x4:0xffd591df x24=0x00000001
     161855.000 ns	     16184	80003888	0230c8b3	div	x17,x1,x3	  x1:0x00000000  x3:0x7fffffff x17=0x00000000
     161885.000 ns	     16187	8000388c	e0039553	fclass.s	x10,f7	  f7:0x4e994ebf x10=0x00000040
     161905.000 ns	     16189	80003890	b3c9fa93	andi	x21,x19,-1220	 x19:0x7fedb858 x21=0x7fedb818
     161925.000 ns	     16191	80003894	a1c92c53	feq.s	x24,f18,f28	 f18:0x0000027a f28:0x80000002 x24=0x00000000
     161945.000 ns	     16193	80003898	9551aeb7	lui	x29,0x9551a	 x29=0x9551a000
     161955.000 ns	     16194	8000389c	8470c193	xori	x3,x1,-1977	  x1:0x00000000  x3=0xfffff847
     161965.000 ns	     16195	800038a0	247da193	slti	x3,x27,583	 x27:0xffffcad7  x3=0x00000001
     161975.000 ns	     16196	800038a4	40efd893	srai	x17,x31,0xe	 x31:0x00000001 x17=0x00000000
     162335.000 ns	     16232	800038a8	02b17cb3	remu	x25,x2,x11	  x2:0x00000000 x11:0x0000040f x25=0x00000000
     162355.000 ns	     16234	800038ac	0046d093	srli	x1,x13,0x4	 x13:0xcdc101cb  x1=0x0cdc101c
     162395.000 ns	     16238	800038b0	00804c53	fadd.s	f24,f0,f8	  f0:0x7fc00000  f8:0x7fc00000 f24=0x7fc00000
     162425.000 ns	     16241	800038b4	a1648853	fle.s	x16,f9,f22	  f9:0x80000000 f22:0x7fc00000 x16=0x00000000
     162455.000 ns	     16244	800038b8	e0021853	fclass.s	x16,f4	  f4:0x00000000 x16=0x00000010
     162485.000 ns	     16247	800038bc	02f188b3	mul	x17,x3,x15	  x3:0x00000001 x15:0x00000000 x17=0x00000000
     162505.000 ns	     16249	800038c0	a8450193	addi	x3,x10,-1404	 x10:0x00000040  x3=0xfffffac4
     162515.000 ns	     16250	800038c4	01090833	add	x16,x18,x16	 x18:0x80040fe4 x16:0x00000010 x16=0x80040ff4
     162535.000 ns	     16252	800038c8	e00c95d3	fclass.s	x11,f25	 f25:0xc0194ec0 x11=0x00000002
     162565.000 ns	     16255	800038cc	207c8e53	fsgnj.s	f28,f25,f7	 f25:0xc0194ec0  f7:0x4e994ebf f28=0x40194ec0
     162595.000 ns	     16258	800038d0	02a3b4b3	mulhu	x9,x7,x10	  x7:0xc0000000 x10:0x00000040  x9=0x00000030
     162965.000 ns	     16295	800038d4	021f6db3	rem	x27,x30,x1	 x30:0xec5313c0  x1:0x0cdc101c x27=0xf92f23dc
     162995.000 ns	     16298	800038d8	e0038a53	fmv.x.w	x20,f7	  f7:0x4e994ebf x20=0x4e994ebf
     163015.000 ns	     16300	800038dc	002d7ab3	and	x21,x26,x2	 x26:0x00000cd5  x2:0x00000000 x21=0x00000000
     163035.000 ns	     16302	800038e0	d005fad3	fcvt.s.w	f21,x11	 x11:0x00000002 f21=0x40000000
     163055.000 ns	     16304	800038e4	009b9c33	sll	x24,x23,x9	 x23:0x00000001  x9:0x00000030 x24=0x00010000
     163085.000 ns	     16307	800038e8	580a09d3	fsqrt.s	f19,f20	 f20:0x7f800000 f19=0x7f800000
     163115.000 ns	     16310	800038ec	02ce1d33	mulh	x26,x28,x12	 x28:0x00000001 x12:0x00000040 x26=0x00000000
     163135.000 ns	     16312	800038f0	45a4a893	slti	x17,x9,1114	  x9:0x00000030 x17=0x00000001
     163175.000 ns	     16316	800038f4	01d1c5d3	fadd.s	f11,f3,f29	  f3:0x00000000 f29:0x0000027a f11=0x0000027a
     163205.000 ns	     16319	800038f8	2143aed3	fsgnjx.s	f29,f7,f20	  f7:0x4e994ebf f20:0x7f800000 f29=0x4e994ebf
     163225.000 ns	     16321	800038fc	91716093	ori	x1,x2,-1769	  x2:0x00000000  x1=0xfffff917
     163245.000 ns	     16323	80003900	03ab96b3	mulh	x13,x23,x26	 x23:0x00000001 x26:0x00000000 x13=0x00000000
     163275.000 ns	     16326	80003904	c0028153	fcvt.w.s	x2,f5	  f5:0xcd9d6761  x2=0xec5313e0
     163295.000 ns	     16328	80003908	977e2893	slti	x17,x28,-1673	 x28:0x00000001 x17=0x00000000
     163305.000 ns	     16329	8000390c	0156c433	xor	x8,x13,x21	 x13:0x00000000 x21:0x00000000  x8=0x00000000
     163315.000 ns	     16330	80003910	1d110537	lui	x10,0x1d110	 x10=0x1d110000
     163345.000 ns	     16333	80003914	580b7a53	fsqrt.s	f20,f22	 f22:0x7fc00000 f20=0x7fc00000
     163365.000 ns	     16335	80003918	bcae6413	ori	x8,x28,-1078	 x28:0x00000001  x8=0xfffffbcb
     163385.000 ns	     16337	8000391c	a0861c53	flt.s	x24,f12,f8	 f12:0xffc00000  f8:0x7fc00000 x24=0x00000000
     163405.000 ns	     16339	80003920	bc0c4593	xori	x11,x24,-1088	 x24:0x00010000 x11=0xfffffbc0
     163425.000 ns	     16341	80003924	d0004ed3	fcvt.s.w	f29,x0	  x0:0x00000000 f29=0x00000000
     163455.000 ns	     16344	80003928	a0168053	fle.s	x0,f13,f1	 f13:0x4ec0a8a0  f1:0x7fc00000
     163485.000 ns	     16347	8000392c	c0130653	fcvt.wu.s	x12,f6	  f6:0xcd9d6762 x12=0x13acec40
     163505.000 ns	     16349	80003930	d16bac13	slti	x24,x23,-746	 x23:0x00000001 x24=0x00000000
     163515.000 ns	     16350	80003934	00000013	addi	x0,x0,0	  x0:0x00000000
     163535.000 ns	     16352	80003938	21a698d3	fsgnjn.s	f17,f13,f26	 f13:0x4ec0a8a0 f26:0x00000002 f17=0xcec0a8a0
     163555.000 ns	     16354	8000393c	01e88033	add	x0,x17,x30	 x17:0x00000000 x30:0xec5313c0
     163565.000 ns	     16355	80003940	41d7de33	sra	x28,x15,x29	 x15:0x00000000 x29:0x9551a000 x28=0x00000000
     163575.000 ns	     16356	80003944	4032dc13	srai	x24,x5,0x3	  x5:0x00000040 x24=0x00000008
     163595.000 ns	     16358	80003948	c0008bd3	fcvt.w.s	x23,f1	  f1:0x7fc00000 x23=0x7fffffff
     163625.000 ns	     16361	8000394c	c000f153	fcvt.w.s	x2,f1	  f1:0x7fc00000  x2=0x7fffffff
     163645.000 ns	     16363	80003950	00789a33	sll	x20,x17,x7	 x17:0x00000000  x7:0xc0000000 x20=0x00000000
     163655.000 ns	     16364	80003954	dc85ad93	slti	x27,x11,-568	 x11:0xfffffbc0 x27=0x00000001
     163665.000 ns	     16365	80003958	a8b0ae13	slti	x28,x1,-1397	  x1:0xfffff917 x28=0x00000001
     163675.000 ns	     16366	8000395c	62b1b793	sltiu	x15,x3,1579	  x3:0xfffffac4 x15=0x00000000
     163715.000 ns	     16370	80003960	00197bd3	fadd.s	f23,f18,f1	 f18:0x0000027a  f1:0x7fc00000 f23=0x7fc00000
     163735.000 ns	     16372	80003964	02d8fe93	andi	x29,x17,45	 x17:0x00000000 x29=0x00000000
     163755.000 ns	     16374	80003968	28cf1ed3	fmax.s	f29,f30,f12	 f30:0x80000000 f12:0xffc00000 f29=0x80000000
     163775.000 ns	     16376	8000396c	00ac8533	add	x10,x25,x10	 x25:0x00000000 x10:0x1d110000 x10=0x1d110000
     163785.000 ns	     16377	80003970	92edcb97	auipc	x23,0x92edc	 x23=0x12edf970
     163815.000 ns	     16380	80003974	117428d3	fmul.s	f17,f8,f23	  f8:0x7fc00000 f23:0x7fc00000 f17=0x7fc00000
     163835.000 ns	     16382	80003978	448fa593	slti	x11,x31,1096	 x31:0x00000001 x11=0x00000001
     164195.000 ns	     16418	8000397c	026c7e33	remu	x28,x24,x6	 x24:0x00000008  x6:0x80041024 x28=0x00000008
     164225.000 ns	     16421	80003980	a14da7d3	feq.s	x15,f27,f20	 f27:0x4e994ebf f20:0x7fc00000 x15=0x00000000
     164255.000 ns	     16424	80003984	29a410d3	fmax.s	f1,f8,f26	  f8:0x7fc00000 f26:0x00000002  f1=0x00000002
     164285.000 ns	     16427	80003988	28ee10d3	fmax.s	f1,f28,f14	 f28:0x40194ec0 f14:0x4e994ebf  f1=0x4e994ebf
     164305.000 ns	     16429	8000398c	01a13b33	sltu	x22,x2,x26	  x2:0x7fffffff x26:0x00000000 x22=0x00000000
     164325.000 ns	     16431	80003990	03df54b3	divu	x9,x30,x29	 x30:0xec5313c0 x29:0x00000000  x9=0xffffffff
     164345.000 ns	     16433	80003994	41025633	sra	x12,x4,x16	  x4:0xffd591df x16:0x80040ff4 x12=0xfffffffd
     164365.000 ns	     16435	80003998	c0127e53	fcvt.wu.s	x28,f4	  f4:0x00000000 x28=0x00000000
     164395.000 ns	     16438	8000399c	c011fc53	fcvt.wu.s	x24,f3	  f3:0x00000000 x24=0x00000000
     164415.000 ns	     16440	800039a0	ac2ab1b7	lui	x3,0xac2ab	  x3=0xac2ab000
     164425.000 ns	     16441	800039a4	1790f213	andi	x4,x1,377	  x1:0xfffff917  x4=0x00000111
     164455.000 ns	     16444	800039a8	1989fed3	fdiv.s	f29,f19,f24	 f19:0x7f800000 f24:0x7fc00000 f29=0x7fc00000
     164485.000 ns	     16447	800039ac	0283a233	mulhsu	x4,x7,x8	  x7:0xc0000000  x8:0xfffffbcb  x4=0xc000010d
     164505.000 ns	     16449	800039b0	3f060413	addi	x8,x12,1008	 x12:0xfffffffd  x8=0x000003ed
     164525.000 ns	     16451	800039b4	20278353	fsgnj.s	f6,f15,f2	 f15:0x4d9d6782  f2:0x00000000  f6=0x4d9d6782
     164545.000 ns	     16453	800039b8	4176d513	srai	x10,x13,0x17	 x13:0x00000000 x10=0x00000000
     164875.000 ns	     16486	800039bc	19c0c8d3	fdiv.s	f17,f1,f28	  f1:0x4e994ebf f28:0x40194ec0 f17=0x4da0bef4
     164895.000 ns	     16488	800039c0	00271c33	sll	x24,x14,x2	 x14:0x70f2586c  x2:0x7fffffff x24=0x00000000
     164935.000 ns	     16492	800039c4	00c278d3	fadd.s	f17,f4,f12	  f4:0x00000000 f12:0xffc00000 f17=0x7fc00000
     165305.000 ns	     16529	800039c8	03035a33	divu	x20,x6,x16	  x6:0x80041024 x16:0x80040ff4 x20=0x00000001
     165335.000 ns	     16532	800039cc	20940553	fsgnj.s	f10,f8,f9	  f8:0x7fc00000  f9:0x80000000 f10=0xffc00000
     165355.000 ns	     16534	800039d0	8a68e2b7	lui	x5,0x8a68e	  x5=0x8a68e000
     165375.000 ns	     16536	800039d4	c00c4b53	fcvt.w.s	x22,f24	 f24:0x7fc00000 x22=0x7fffffff
     165395.000 ns	     16538	800039d8	2d90fc13	andi	x24,x1,729	  x1:0xfffff917 x24=0x00000011
     165415.000 ns	     16540	800039dc	a01fa9d3	feq.s	x19,f31,f1	 f31:0xcdc101cb  f1:0x4e994ebf x19=0x00000000
     165445.000 ns	     16543	800039e0	212889d3	fsgnj.s	f19,f17,f18	 f17:0x7fc00000 f18:0x0000027a f19=0x7fc00000
     165465.000 ns	     16545	800039e4	000e7b33	and	x22,x28,x0	 x28:0x00000000  x0:0x00000000 x22=0x00000000
     165475.000 ns	     16546	800039e8	73d28217	auipc	x4,0x73d28	  x4=0xf3d2b9e8
     165495.000 ns	     16548	800039ec	d0194fd3	fcvt.s.wu	f31,x18	 x18:0x80040fe4 f31=0x4f000410
     165525.000 ns	     16551	800039f0	022b1833	mulh	x16,x22,x2	 x22:0x00000000  x2:0x7fffffff x16=0x00000000
     165575.000 ns	     16556	800039f4	00592453	fadd.s	f8,f18,f5	 f18:0x0000027a  f5:0xcd9d6761  f8=0xcd9d6761
     165605.000 ns	     16559	800039f8	f0028ed3	fmv.w.x	f29,x5	  x5:0x8a68e000 f29=0x8a68e000
     165635.000 ns	     16562	800039fc	02a431b3	mulhu	x3,x8,x10	  x8:0x000003ed x10:0x00000000  x3=0x00000000
     165655.000 ns	     16564	80003a00	4c9f5037	lui	x0,0x4c9f5	
     165665.000 ns	     16565	80003a04	dc076d13	ori	x26,x14,-576	 x14:0x70f2586c x26=0xfffffdec
     165685.000 ns	     16567	80003a08	21da1f53	fsgnjn.s	f30,f20,f29	 f20:0x7fc00000 f29:0x8a68e000 f30=0x7fc00000
     165705.000 ns	     16569	80003a0c	01524c13	xori	x24,x4,21	  x4:0xf3d2b9e8 x24=0xf3d2b9fd
     165725.000 ns	     16571	80003a10	e0089a53	fclass.s	x20,f17	 f17:0x7fc00000 x20=0x00000200
     165765.000 ns	     16575	80003a14	1140c453	fmul.s	f8,f1,f20	  f1:0x4e994ebf f20:0x7fc00000  f8=0x7fc00000
     165785.000 ns	     16577	80003a18	00000013	addi	x0,x0,0	  x0:0x00000000
     165825.000 ns	     16581	80003a1c	00019a53	fadd.s	f20,f3,f0	  f3:0x00000000  f0:0x7fc00000 f20=0x7fc00000
     165855.000 ns	     16584	80003a20	e0018fd3	fmv.x.w	x31,f3	  f3:0x00000000 x31=0x00000000
     165885.000 ns	     16587	80003a24	c00f7653	fcvt.w.s	x12,f30	 f30:0x7fc00000 x12=0x7fffffff
     165905.000 ns	     16589	80003a28	00174993	xori	x19,x14,1	 x14:0x70f2586c x19=0x70f2586d
     166265.000 ns	     16625	80003a2c	02166bb3	rem	x23,x12,x1	 x12:0x7fffffff  x1:0xfffff917 x23=0x00000316
     166635.000 ns	     16662	80003a30	02b874b3	remu	x9,x16,x11	 x16:0x00000000 x11:0x00000001  x9=0x00000000
     166665.000 ns	     16665	80003a34	21692953	fsgnjx.s	f18,f18,f22	 f18:0x0000027a f22:0x7fc00000 f18=0x0000027a
     166685.000 ns	     16667	80003a38	012b96b3	sll	x13,x23,x18	 x23:0x00000316 x18:0x80040fe4 x13=0x00003160
     166725.000 ns	     16671	80003a3c	003f0253	fadd.s	f4,f30,f3	 f30:0x7fc00000  f3:0x00000000  f4=0x7fc00000
     166755.000 ns	     16674	80003a40	29028b53	fmin.s	f22,f5,f16	  f5:0xcd9d6761 f16:0x7fc00000 f22=0xcd9d6761
     166785.000 ns	     16677	80003a44	e00f96d3	fclass.s	x13,f31	 f31:0x4f000410 x13=0x00000040
     166815.000 ns	     16680	80003a48	c01ffbd3	fcvt.wu.s	x23,f31	 f31:0x4f000410 x23=0x80041000
     166845.000 ns	     16683	80003a4c	e00793d3	fclass.s	x7,f15	 f15:0x4d9d6782  x7=0x00000040
     166875.000 ns	     16686	80003a50	e00f0ed3	fmv.x.w	x29,f30	 f30:0x7fc00000 x29=0x7fc00000
     166895.000 ns	     16688	80003a54	00591493	slli	x9,x18,0x5	 x18:0x80040fe4  x9=0x0081fc80
     166915.000 ns	     16690	80003a58	f0020053	fmv.w.x	f0,x4	  x4:0xf3d2b9e8  f0=0xf3d2b9e8
     166935.000 ns	     16692	80003a5c	8d3d8813	addi	x16,x27,-1837	 x27:0x00000001 x16=0xfffff8d4
     166955.000 ns	     16694	80003a60	03262fb3	mulhsu	x31,x12,x18	 x12:0x7fffffff x18:0x80040fe4 x31=0x400207f1
     166975.000 ns	     16696	80003a64	e8743793	sltiu	x15,x8,-377	  x8:0x000003ed x15=0x00000001
     166995.000 ns	     16698	80003a68	20100353	fsgnj.s	f6,f0,f1	  f0:0xf3d2b9e8  f1:0x4e994ebf  f6=0x73d2b9e8
     167025.000 ns	     16701	80003a6c	a13108d3	fle.s	x17,f2,f19	  f2:0x00000000 f19:0x7fc00000 x17=0x00000000
     167045.000 ns	     16703	80003a70	00d0d493	srli	x9,x1,0xd	  x1:0xfffff917  x9=0x0007ffff
     167055.000 ns	     16704	80003a74	273d4213	xori	x4,x26,627	 x26:0xfffffdec  x4=0xffffff9f
     167075.000 ns	     16706	80003a78	c00432d3	fcvt.w.s	x5,f8	  f8:0x7fc00000  x5=0x7fffffff
     167095.000 ns	     16708	80003a7c	00e73433	sltu	x8,x14,x14	 x14:0x70f2586c x14:0x70f2586c  x8=0x00000000
     167105.000 ns	     16709	80003a80	402b5433	sra	x8,x22,x2	 x22:0x00000000  x2:0x7fffffff  x8=0x00000000
     167115.000 ns	     16710	80003a84	256240b7	lui	x1,0x25624	  x1=0x25624000
     167135.000 ns	     16712	80003a88	a04f8fd3	fle.s	x31,f31,f4	 f31:0x4f000410  f4:0x7fc00000 x31=0x00000000
     167155.000 ns	     16714	80003a8c	01925193	srli	x3,x4,0x19	  x4:0xffffff9f  x3=0x0000007f
     167165.000 ns	     16715	80003a90	01573233	sltu	x4,x14,x21	 x14:0x70f2586c x21:0x00000000  x4=0x00000000
     167185.000 ns	     16717	80003a94	21b700d3	fsgnj.s	f1,f14,f27	 f14:0x4e994ebf f27:0x4e994ebf  f1=0x4e994ebf
     167215.000 ns	     16720	80003a98	e00e1b53	fclass.s	x22,f28	 f28:0x40194ec0 x22=0x00000040
     167235.000 ns	     16722	80003a9c	cef7c793	xori	x15,x15,-785	 x15:0x00000001 x15=0xfffffcee
     167255.000 ns	     16724	80003aa0	03560b33	mul	x22,x12,x21	 x12:0x7fffffff x21:0x00000000 x22=0x00000000
     167275.000 ns	     16726	80003aa4	41185c33	sra	x24,x16,x17	 x16:0xfffff8d4 x17:0x00000000 x24=0xfffff8d4
     167285.000 ns	     16727	80003aa8	013b1a33	sll	x20,x22,x19	 x22:0x00000000 x19:0x70f2586d x20=0x00000000
     167305.000 ns	     16729	80003aac	e00c17d3	fclass.s	x15,f24	 f24:0x7fc00000 x15=0x00000200
     167675.000 ns	     16766	80003ab0	02df7ab3	remu	x21,x30,x13	 x30:0xec5313c0 x13:0x00000040 x21=0x00000000
     167705.000 ns	     16769	80003ab4	20cfac53	fsgnjx.s	f24,f31,f12	 f31:0x4f000410 f12:0xffc00000 f24=0xcf000410
     167725.000 ns	     16771	80003ab8	00ec1a13	slli	x20,x24,0xe	 x24:0xfffff8d4 x20=0xfe350000
     167735.000 ns	     16772	80003abc	4ef25897	auipc	x17,0x4ef25	 x17=0xcef28abc
     167755.000 ns	     16774	80003ac0	035ce0b3	rem	x1,x25,x21	 x25:0x00000000 x21:0x00000000  x1=0x00000000
     167785.000 ns	     16777	80003ac4	29bd9bd3	fmax.s	f23,f27,f27	 f27:0x4e994ebf f27:0x4e994ebf f23=0x4e994ebf
     167805.000 ns	     16779	80003ac8	a89ba213	slti	x4,x23,-1399	 x23:0x80041000  x4=0x00000001
     167825.000 ns	     16781	80003acc	c0187dd3	fcvt.wu.s	x27,f16	 f16:0x7fc00000 x27=0xffffffff
     167875.000 ns	     16786	80003ad0	083ff453	fsub.s	f8,f31,f3	 f31:0x4f000410  f3:0x00000000  f8=0x4f000410
     167925.000 ns	     16791	80003ad4	01927c53	fadd.s	f24,f4,f25	  f4:0x7fc00000 f25:0xc0194ec0 f24=0x7fc00000
     167945.000 ns	     16793	80003ad8	00609d13	slli	x26,x1,0x6	  x1:0x00000000 x26=0x00000000
     167955.000 ns	     16794	80003adc	ce838d93	addi	x27,x7,-792	  x7:0x00000040 x27=0xfffffd28
     167975.000 ns	     16796	80003ae0	d01286d3	fcvt.s.wu	f13,x5	  x5:0x7fffffff f13=0x4f000000
     167995.000 ns	     16798	80003ae4	a0356cb7	lui	x25,0xa0356	 x25=0xa0356000
     168035.000 ns	     16802	80003ae8	085cf1d3	fsub.s	f3,f25,f5	 f25:0xc0194ec0  f5:0xcd9d6761  f3=0x4d9d6760
     168055.000 ns	     16804	80003aec	00c20e33	add	x28,x4,x12	  x4:0x00000001 x12:0x7fffffff x28=0x80000000
     168075.000 ns	     16806	80003af0	21c3aad3	fsgnjx.s	f21,f7,f28	  f7:0x4e994ebf f28:0x40194ec0 f21=0x4e994ebf
     168095.000 ns	     16808	80003af4	66f58193	addi	x3,x11,1647	 x11:0x00000001  x3=0x00000670
     168105.000 ns	     16809	80003af8	410ddb13	srai	x22,x27,0x10	 x27:0xfffffd28 x22=0xffffffff
     168465.000 ns	     16845	80003afc	02bbc633	div	x12,x23,x11	 x23:0x80041000 x11:0x00000001 x12=0x80041000
     168485.000 ns	     16847	80003b00	ef7db413	sltiu	x8,x27,-265	 x27:0xfffffd28  x8=0x00000001
     168505.000 ns	     16849	80003b04	21ca1e53	fsgnjn.s	f28,f20,f28	 f20:0x7fc00000 f28:0x40194ec0 f28=0xffc00000
     168535.000 ns	     16852	80003b08	e0070bd3	fmv.x.w	x23,f14	 f14:0x4e994ebf x23=0x4e994ebf
     168575.000 ns	     16856	80003b0c	5802fd53	fsqrt.s	f26,f5	  f5:0xcd9d6761 f26=0x7fc00000
     168595.000 ns	     16858	80003b10	831b3a13	sltiu	x20,x22,-1999	 x22:0xffffffff x20=0x00000000
     168605.000 ns	     16859	80003b14	00000013	addi	x0,x0,0	  x0:0x00000000
     168615.000 ns	     16860	80003b18	002819b3	sll	x19,x16,x2	 x16:0xfffff8d4  x2:0x7fffffff x19=0x00000000
     168635.000 ns	     16862	80003b1c	e0038553	fmv.x.w	x10,f7	  f7:0x4e994ebf x10=0x4e994ebf
     168665.000 ns	     16865	80003b20	28899b53	fmax.s	f22,f19,f8	 f19:0x7fc00000  f8:0x4f000410 f22=0x4f000410
     168695.000 ns	     16868	80003b24	032e3833	mulhu	x16,x28,x18	 x28:0x80000000 x18:0x80040fe4 x16=0x400207f2
     168725.000 ns	     16871	80003b28	f00a0153	fmv.w.x	f2,x20	 x20:0x00000000  f2=0x00000000
     168755.000 ns	     16874	80003b2c	024c03b3	mul	x7,x24,x4	 x24:0xfffff8d4  x4:0x00000001  x7=0xfffff8d4
     168785.000 ns	     16877	80003b30	d003fa53	fcvt.s.w	f20,x7	  x7:0x00000040 f20=0xc4e58000
     168815.000 ns	     16880	80003b34	214d02d3	fsgnj.s	f5,f26,f20	 f26:0x7fc00000 f20:0x7fc00000  f5=0xffc00000
     168855.000 ns	     16884	80003b38	11abf753	fmul.s	f14,f23,f26	 f23:0x4e994ebf f26:0x7fc00000 f14=0x7fc00000
     168885.000 ns	     16887	80003b3c	295c8d53	fmin.s	f26,f25,f21	 f25:0xc0194ec0 f21:0x4e994ebf f26=0xc0194ec0
     168905.000 ns	     16889	80003b40	40545093	srai	x1,x8,0x5	  x8:0x00000001  x1=0x00000000
     168925.000 ns	     16891	80003b44	a1afac53	feq.s	x24,f31,f26	 f31:0x4f000410 f26:0xc0194ec0 x24=0x00000000
     168955.000 ns	     16894	80003b48	0345ed33	rem	x26,x11,x20	 x11:0x00000001 x20:0x00000000 x26=0x00000001
     168985.000 ns	     16897	80003b4c	031817b3	mulh	x15,x16,x17	 x16:0x400207f2 x17:0xcef28abc x15=0xf3bc3f0e
     169005.000 ns	     16899	80003b50	016df6b3	and	x13,x27,x22	 x27:0xfffffd28 x22:0xffffffff x13=0xfffffd28
     169015.000 ns	     16900	80003b54	00000013	addi	x0,x0,0	  x0:0x00000000
     169025.000 ns	     16901	80003b58	00e5ee33	or	x28,x11,x14	 x11:0x00000001 x14:0x70f2586c x28=0x70f2586d
     169045.000 ns	     16903	80003b5c	c0114cd3	fcvt.wu.s	x25,f2	  f2:0x00000000 x25=0x00000000
     169075.000 ns	     16906	80003b60	d0180953	fcvt.s.wu	f18,x16	 x16:0x400207f2 f18=0x4e800410
     169095.000 ns	     16908	80003b64	0e0b5e37	lui	x28,0xe0b5	 x28=0x0e0b5000
     169115.000 ns	     16910	80003b68	21a52fd3	fsgnjx.s	f31,f10,f26	 f10:0xffc00000 f26:0xc0194ec0 f31=0x7fc00000
     169145.000 ns	     16913	80003b6c	03dd9eb3	mulh	x29,x27,x29	 x27:0xfffffd28 x29:0x7fc00000 x29=0xfffffe94
     169165.000 ns	     16915	80003b70	01e5c6b3	xor	x13,x11,x30	 x11:0x00000001 x30:0xec5313c0 x13=0xec5313c1
     169185.000 ns	     16917	80003b74	200596d3	fsgnjn.s	f13,f11,f0	 f11:0x0000027a  f0:0xf3d2b9e8 f13=0x0000027a
     169215.000 ns	     16920	80003b78	a1850653	fle.s	x12,f10,f24	 f10:0xffc00000 f24:0x7fc00000 x12=0x00000000
     169235.000 ns	     16922	80003b7c	407859b3	sra	x19,x16,x7	 x16:0x400207f2  x7:0xfffff8d4 x19=0x00000400
     169245.000 ns	     16923	80003b80	009d25b3	slt	x11,x26,x9	 x26:0x00000001  x9:0x0007ffff x11=0x00000001
     169255.000 ns	     16924	80003b84	c5962593	slti	x11,x12,-935	 x12:0x00000000 x11=0x00000000
     169265.000 ns	     16925	80003b88	153d7c93	andi	x25,x26,339	 x26:0x00000001 x25=0x00000001
     169285.000 ns	     16927	80003b8c	03fed133	divu	x2,x29,x31	 x29:0xfffffe94 x31:0x00000000  x2=0xffffffff
     169315.000 ns	     16930	80003b90	d0067753	fcvt.s.w	f14,x12	 x12:0x00000000 f14=0x00000000
     169685.000 ns	     16967	80003b94	02de7633	remu	x12,x28,x13	 x28:0x0e0b5000 x13:0xec5313c1 x12=0x0e0b5000
     169715.000 ns	     16970	80003b98	e0001bd3	fclass.s	x23,f0	  f0:0xf3d2b9e8 x23=0x00000002
     169765.000 ns	     16975	80003b9c	01df0853	fadd.s	f16,f30,f29	 f30:0x7fc00000 f29:0x8a68e000 f16=0x7fc00000
     169785.000 ns	     16977	80003ba0	01a41193	slli	x3,x8,0x1a	  x8:0x00000001  x3=0x04000000
     169795.000 ns	     16978	80003ba4	00000013	addi	x0,x0,0	  x0:0x00000000
     169825.000 ns	     16981	80003ba8	10854453	fmul.s	f8,f10,f8	 f10:0xffc00000  f8:0x4f000410  f8=0x7fc00000
     169855.000 ns	     16984	80003bac	f00d0bd3	fmv.w.x	f23,x26	 x26:0x00000001 f23=0x00000001
     169885.000 ns	     16987	80003bb0	027fa9b3	mulhsu	x19,x31,x7	 x31:0x00000000  x7:0xfffff8d4 x19=0x00000000
     170255.000 ns	     17024	80003bb4	028042b3	div	x5,x0,x8	  x0:0x00000000  x8:0x00000001  x5=0x00000000
     170275.000 ns	     17026	80003bb8	8515e093	ori	x1,x11,-1967	 x11:0x00000000  x1=0xfffff851
     170285.000 ns	     17027	80003bbc	0140a133	slt	x2,x1,x20	  x1:0x00000000 x20:0x00000000  x2=0x00000001
     170295.000 ns	     17028	80003bc0	5c0c5037	lui	x0,0x5c0c5	
     170305.000 ns	     17029	80003bc4	9cc56fb7	lui	x31,0x9cc56	 x31=0x9cc56000
     170325.000 ns	     17031	80003bc8	a1fa22d3	feq.s	x5,f20,f31	 f20:0xc4e58000 f31:0x7fc00000  x5=0x00000000
     170355.000 ns	     17034	80003bcc	02c2a7b3	mulhsu	x15,x5,x12	  x5:0x00000000 x12:0x0e0b5000 x15=0x00000000
     170375.000 ns	     17036	80003bd0	9bd00e93	addi	x29,x0,-1603	  x0:0x00000000 x29=0xfffff9bd
     170385.000 ns	     17037	80003bd4	005e4033	xor	x0,x28,x5	 x28:0x0e0b5000  x5:0x00000000
     170405.000 ns	     17039	80003bd8	c012fbd3	fcvt.wu.s	x23,f5	  f5:0xffc00000 x23=0xffffffff
     170425.000 ns	     17041	80003bdc	00499c93	slli	x25,x19,0x4	 x19:0x00000000 x25=0x00000000
     170435.000 ns	     17042	80003be0	01362db3	slt	x27,x12,x19	 x12:0x0e0b5000 x19:0x00000000 x27=0x00000000
     170455.000 ns	     17044	80003be4	20302653	fsgnjx.s	f12,f0,f3	  f0:0xf3d2b9e8  f3:0x4d9d6760 f12=0xf3d2b9e8
     170495.000 ns	     17048	80003be8	580cf853	fsqrt.s	f16,f25	 f25:0xc0194ec0 f16=0x7fc00000
     170525.000 ns	     17051	80003bec	036001b3	mul	x3,x0,x22	  x0:0x00000000 x22:0xffffffff  x3=0x00000000
     170895.000 ns	     17088	80003bf0	02c179b3	remu	x19,x2,x12	  x2:0x00000001 x12:0x0e0b5000 x19=0x00000001
     170915.000 ns	     17090	80003bf4	afdd6f93	ori	x31,x26,-1283	 x26:0x00000001 x31=0xfffffafd
     170925.000 ns	     17091	80003bf8	38456b93	ori	x23,x10,900	 x10:0x4e994ebf x23=0x4e994fbf
     170965.000 ns	     17095	80003bfc	098073d3	fsub.s	f7,f0,f24	  f0:0xf3d2b9e8 f24:0x7fc00000  f7=0x7fc00000
     170985.000 ns	     17097	80003c00	016c6733	or	x14,x24,x22	 x24:0x00000000 x22:0xffffffff x14=0xffffffff
     171005.000 ns	     17099	80003c04	e00385d3	fmv.x.w	x11,f7	  f7:0x7fc00000 x11=0x7fc00000
     171045.000 ns	     17103	80003c08	18b47f53	fdiv.s	f30,f8,f11	  f8:0x7fc00000 f11:0x0000027a f30=0x7fc00000
     171415.000 ns	     17140	80003c0c	0223ccb3	div	x25,x7,x2	  x7:0xfffff8d4  x2:0x00000001 x25=0xfffff8d4
     171435.000 ns	     17142	80003c10	008a5fb3	srl	x31,x20,x8	 x20:0x00000000  x8:0x00000001 x31=0x00000000
     171455.000 ns	     17144	80003c14	c00b78d3	fcvt.w.s	x17,f22	 f22:0x4f000410 x17=0x7fffffff
     171825.000 ns	     17181	80003c18	02234e33	div	x28,x6,x2	  x6:0x80041024  x2:0x00000001 x28=0x80041024
     171855.000 ns	     17184	80003c1c	c008f2d3	fcvt.w.s	x5,f17	 f17:0x7fc00000  x5=0x7fffffff
     171905.000 ns	     17189	80003c20	09d874d3	fsub.s	f9,f16,f29	 f16:0x7fc00000 f29:0x8a68e000  f9=0x7fc00000
     171925.000 ns	     17191	80003c24	01c55493	srli	x9,x10,0x1c	 x10:0x4e994ebf  x9=0x00000004
     171945.000 ns	     17193	80003c28	034eb233	mulhu	x4,x29,x20	 x29:0xfffff9bd x20:0x00000000  x4=0x00000000
     171965.000 ns	     17195	80003c2c	01c4d013	srli	x0,x9,0x1c	  x9:0x0007ffff
     171975.000 ns	     17196	80003c30	01c35633	srl	x12,x6,x28	  x6:0x80041024 x28:0x80041024 x12=0x08004102
     171985.000 ns	     17197	80003c34	8c32e193	ori	x3,x5,-1853	  x5:0x7fffffff  x3=0xffffffff
     172005.000 ns	     17199	80003c38	c0077ad3	fcvt.w.s	x21,f14	 f14:0x00000000 x21=0x00000000
     172035.000 ns	     17202	80003c3c	a128add3	feq.s	x27,f17,f18	 f17:0x7fc00000 f18:0x4e800410 x27=0x00000000
     172055.000 ns	     17204	80003c40	01b99b33	sll	x22,x19,x27	 x19:0x00000001 x27:0x00000000 x22=0x00000001
     172065.000 ns	     17205	80003c44	5e623393	sltiu	x7,x4,1510	  x4:0x00000000  x7=0x00000001
     172085.000 ns	     17207	80003c48	e00c19d3	fclass.s	x19,f24	 f24:0x7fc00000 x19=0x00000200
     172455.000 ns	     17244	80003c4c	026fd033	divu	x0,x31,x6	 x31:0x00000000  x6:0x80041024
     172485.000 ns	     17247	80003c50	c00033d3	fcvt.w.s	x7,f0	  f0:0xf3d2b9e8  x7=0x80000000
     172505.000 ns	     17249	80003c54	01a446b3	xor	x13,x8,x26	  x8:0x00000001 x26:0x00000001 x13=0x00000000
     172525.000 ns	     17251	80003c58	02d1e1b3	rem	x3,x3,x13	  x3:0xffffffff x13:0xec5313c1  x3=0xffffffff
     172555.000 ns	     17254	80003c5c	03ecb633	mulhu	x12,x25,x30	 x25:0xfffff8d4 x30:0xec5313c0 x12=0xec530d21
     172585.000 ns	     17257	80003c60	035f0cb3	mul	x25,x30,x21	 x30:0xec5313c0 x21:0x00000000 x25=0x00000000
     172615.000 ns	     17260	80003c64	f00b81d3	fmv.w.x	f3,x23	 x23:0x4e994fbf  f3=0x4e994fbf
     172645.000 ns	     17263	80003c68	e00a9b53	fclass.s	x22,f21	 f21:0x4e994ebf x22=0x00000040
     172665.000 ns	     17265	80003c6c	202eeb13	ori	x22,x29,514	 x29:0xfffff9bd x22=0xfffffbbf
     172675.000 ns	     17266	80003c70	cfb80413	addi	x8,x16,-773	 x16:0x400207f2  x8=0x400204ed
     172685.000 ns	     17267	80003c74	41d4d633	sra	x12,x9,x29	  x9:0x00000004 x29:0xfffff9bd x12=0x00000000
     172705.000 ns	     17269	80003c78	a0a18cd3	fle.s	x25,f3,f10	  f3:0x4e994fbf f10:0xffc00000 x25=0x00000000
     172725.000 ns	     17271	80003c7c	410d5cb3	sra	x25,x26,x16	 x26:0x00000001 x16:0x400207f2 x25=0x00000000
     172745.000 ns	     17273	80003c80	29379a53	fmax.s	f20,f15,f19	 f15:0x4d9d6782 f19:0x7fc00000 f20=0x4d9d6782
     172795.000 ns	     17278	80003c84	007376d3	fadd.s	f13,f6,f7	  f6:0x73d2b9e8  f7:0x7fc00000 f13=0x7fc00000
     172825.000 ns	     17281	80003c88	28b812d3	fmax.s	f5,f16,f11	 f16:0x7fc00000 f11:0x0000027a  f5=0x0000027a
     172855.000 ns	     17284	80003c8c	a024a553	feq.s	x10,f9,f2	  f9:0x7fc00000  f2:0x00000000 x10=0x00000000
     172885.000 ns	     17287	80003c90	0397ccb3	div	x25,x15,x25	 x15:0x00000000 x25:0x00000000 x25=0xffffffff
     172905.000 ns	     17289	80003c94	01409ab3	sll	x21,x1,x20	  x1:0xfffff851 x20:0x00000000 x21=0xfffff851
     172925.000 ns	     17291	80003c98	20eb29d3	fsgnjx.s	f19,f22,f14	 f22:0x4f000410 f14:0x00000000 f19=0x4f000410
     172945.000 ns	     17293	80003c9c	012519b3	sll	x19,x10,x18	 x10:0x00000000 x18:0x80040fe4 x19=0x00000000
     172965.000 ns	     17295	80003ca0	29479d53	fmax.s	f26,f15,f20	 f15:0x4d9d6782 f20:0x4d9d6782 f26=0x4d9d6782
     172995.000 ns	     17298	80003ca4	03ffb033	mulhu	x0,x31,x31	 x31:0x00000000 x31:0x00000000
     173025.000 ns	     17301	80003ca8	033733b3	mulhu	x7,x14,x19	 x14:0xffffffff x19:0x00000000  x7=0x00000000
     173045.000 ns	     17303	80003cac	87307a17	auipc	x20,0x87307	 x20=0x0730acac
     173405.000 ns	     17339	80003cb0	0288c0b3	div	x1,x17,x8	 x17:0x7fffffff  x8:0x400204ed  x1=0x00000001
     173435.000 ns	     17342	80003cb4	03d294b3	mulh	x9,x5,x29	  x5:0x7fffffff x29:0xfffff9bd  x9=0xfffffcde
     173465.000 ns	     17345	80003cb8	21e18253	fsgnj.s	f4,f3,f30	  f3:0x4e994fbf f30:0x7fc00000  f4=0x4e994fbf
     173495.000 ns	     17348	80003cbc	e00f92d3	fclass.s	x5,f31	 f31:0x7fc00000  x5=0x00000200
     173515.000 ns	     17350	80003cc0	83f24697	auipc	x13,0x83f24	 x13=0x03f27cc0
     173525.000 ns	     17351	80003cc4	0101f6b3	and	x13,x3,x16	  x3:0xffffffff x16:0x400207f2 x13=0x400207f2
     173535.000 ns	     17352	80003cc8	00000013	addi	x0,x0,0	  x0:0x00000000
     173555.000 ns	     17354	80003ccc	c0194853	fcvt.wu.s	x16,f18	 f18:0x4e800410 x16=0x40020800
     173575.000 ns	     17356	80003cd0	7434b793	sltiu	x15,x9,1859	  x9:0xfffffcde x15=0x00000000
     173605.000 ns	     17359	80003cd4	11aff353	fmul.s	f6,f31,f26	 f31:0x7fc00000 f26:0x4d9d6782  f6=0x7fc00000
     173975.000 ns	     17396	80003cd8	029d6a33	rem	x20,x26,x9	 x26:0x00000001  x9:0xfffffcde x20=0x00000001
     174005.000 ns	     17399	80003cdc	296e1353	fmax.s	f6,f28,f22	 f28:0xffc00000 f22:0x4f000410  f6=0x4f000410
     174035.000 ns	     17402	80003ce0	20fb9c53	fsgnjn.s	f24,f23,f15	 f23:0x00000001 f15:0x4d9d6782 f24=0x80000001
     174055.000 ns	     17404	80003ce4	415a0a33	sub	x20,x20,x21	 x20:0x00000001 x21:0xfffff851 x20=0x000007b0
     174415.000 ns	     17440	80003ce8	03e361b3	rem	x3,x6,x30	  x6:0x80041024 x30:0xec5313c0  x3=0xf61199a4
     174445.000 ns	     17443	80003cec	0370bfb3	mulhu	x31,x1,x23	  x1:0x00000001 x23:0x4e994fbf x31=0x00000000
     174465.000 ns	     17445	80003cf0	013193b3	sll	x7,x3,x19	  x3:0xf61199a4 x19:0x00000000  x7=0xf61199a4
     174475.000 ns	     17446	80003cf4	0a497213	andi	x4,x18,164	 x18:0x80040fe4  x4=0x000000a4
     174485.000 ns	     17447	80003cf8	01a8e533	or	x10,x17,x26	 x17:0x7fffffff x26:0x00000001 x10=0x7fffffff
     174495.000 ns	     17448	80003cfc	cc067697	auipc	x13,0xcc067	 x13=0x4c06acfc
     174505.000 ns	     17449	80003d00	413c5893	srai	x17,x24,0x13	 x24:0x00000000 x17=0x00000000
     174515.000 ns	     17450	80003d04	002e86b3	add	x13,x29,x2	 x29:0xfffff9bd  x2:0x00000001 x13=0xfffff9be
     174525.000 ns	     17451	80003d08	01f413b3	sll	x7,x8,x31	  x8:0x400204ed x31:0x00000000  x7=0x400204ed
     174535.000 ns	     17452	80003d0c	017f1fb3	sll	x31,x30,x23	 x30:0xec5313c0 x23:0x4e994fbf x31=0x00000000
     174545.000 ns	     17453	80003d10	014abcb3	sltu	x25,x21,x20	 x21:0xfffff851 x20:0x000007b0 x25=0x00000000
     174565.000 ns	     17455	80003d14	c013fd53	fcvt.wu.s	x26,f7	  f7:0x7fc00000 x26=0xffffffff
     174595.000 ns	     17458	80003d18	c01672d3	fcvt.wu.s	x5,f12	 f12:0xf3d2b9e8  x5=0x00000000
     174615.000 ns	     17460	80003d1c	400e0eb3	sub	x29,x28,x0	 x28:0x80041024  x0:0x00000000 x29=0x80041024
     174635.000 ns	     17462	80003d20	c005fb53	fcvt.w.s	x22,f11	 f11:0x0000027a x22=0x00000000
     174655.000 ns	     17464	80003d24	01dfdf93	srli	x31,x31,0x1d	 x31:0x00000000 x31=0x00000000
     174665.000 ns	     17465	80003d28	00e9ca33	xor	x20,x19,x14	 x19:0x00000000 x14:0xffffffff x20=0xffffffff
     175835.000 ns	     17582	80003d2c	580dfd53	fsqrt.s	f26,f27	 f27:0x4e994ebf f26=0x470c1529
     175865.000 ns	     17585	80003d30	f0028d53	fmv.w.x	f26,x5	  x5:0x00000000 f26=0x00000000
     175885.000 ns	     17587	80003d34	1da3fc93	andi	x25,x7,474	  x7:0x400204ed x25=0x000000c8
     176245.000 ns	     17623	80003d38	03977eb3	remu	x29,x14,x25	 x14:0xffffffff x25:0x00000000 x29=0x0000005f
     176275.000 ns	     17626	80003d3c	d009f453	fcvt.s.w	f8,x19	 x19:0x00000000  f8=0x00000000
     176645.000 ns	     17663	80003d40	03e944b3	div	x9,x18,x30	 x18:0x80040fe4 x30:0xec5313c0  x9=0x00000006
     176665.000 ns	     17665	80003d44	018d9b33	sll	x22,x27,x24	 x27:0x00000000 x24:0x00000000 x22=0x00000000
     176685.000 ns	     17667	80003d48	218c23d3	fsgnjx.s	f7,f24,f24	 f24:0x80000001 f24:0x80000001  f7=0x00000001
     176715.000 ns	     17670	80003d4c	02fbb4b3	mulhu	x9,x23,x15	 x23:0x4e994fbf x15:0x00000000  x9=0x00000000
     176735.000 ns	     17672	80003d50	e81ee713	ori	x14,x29,-383	 x29:0x0000005f x14=0xfffffedf
     176755.000 ns	     17674	80003d54	2164a153	fsgnjx.s	f2,f9,f22	  f9:0x7fc00000 f22:0x4f000410  f2=0x7fc00000
     176775.000 ns	     17676	80003d58	01ddc0b3	xor	x1,x27,x29	 x27:0x00000000 x29:0x0000005f  x1=0x0000005f
     176795.000 ns	     17678	80003d5c	a19b1553	flt.s	x10,f22,f25	 f22:0x4f000410 f25:0xc0194ec0 x10=0x00000000
     176815.000 ns	     17680	80003d60	01ef1d13	slli	x26,x30,0x1e	 x30:0xec5313c0 x26=0x00000000
     176835.000 ns	     17682	80003d64	025d1033	mulh	x0,x26,x5	 x26:0xffffffff  x5:0x00000000
     176885.000 ns	     17687	80003d68	00717ed3	fadd.s	f29,f2,f7	  f2:0x7fc00000  f7:0x00000001 f29=0x7fc00000
     176905.000 ns	     17689	80003d6c	00e074b3	and	x9,x0,x14	  x0:0x00000000 x14:0xfffffedf  x9=0x00000000
     176945.000 ns	     17693	80003d70	0028f2d3	fadd.s	f5,f17,f2	 f17:0x7fc00000  f2:0x7fc00000  f5=0x7fc00000
     176975.000 ns	     17696	80003d74	03ab8533	mul	x10,x23,x26	 x23:0x4e994fbf x26:0x00000000 x10=0x00000000
     176995.000 ns	     17698	80003d78	97e83993	sltiu	x19,x16,-1666	 x16:0x40020800 x19=0x00000001
     177005.000 ns	     17699	80003d7c	600a6a93	ori	x21,x20,1536	 x20:0xffffffff x21=0xffffffff
     177025.000 ns	     17701	80003d80	023a3033	mulhu	x0,x20,x3	 x20:0xffffffff  x3:0xf61199a4
     177045.000 ns	     17703	80003d84	00419093	slli	x1,x3,0x4	  x3:0xf61199a4  x1=0x61199a40
     177055.000 ns	     17704	80003d88	0065a633	slt	x12,x11,x6	 x11:0x7fc00000  x6:0x80041024 x12=0x00000000
     177065.000 ns	     17705	80003d8c	00f9ceb3	xor	x29,x19,x15	 x19:0x00000001 x15:0x00000000 x29=0x00000001
     177085.000 ns	     17707	80003d90	200c2853	fsgnjx.s	f16,f24,f0	 f24:0x80000001  f0:0xf3d2b9e8 f16=0x00000001
     177105.000 ns	     17709	80003d94	71bea093	slti	x1,x29,1819	 x29:0x0000005f  x1=0x00000001
     177125.000 ns	     17711	80003d98	038ed4b3	divu	x9,x29,x24	 x29:0x00000001 x24:0x00000000  x9=0xffffffff
     177165.000 ns	     17715	80003d9c	1834f153	fdiv.s	f2,f9,f3	  f9:0x7fc00000  f3:0x4e994fbf  f2=0x7fc00000
     177185.000 ns	     17717	80003da0	e6dee093	ori	x1,x29,-403	 x29:0x00000001  x1=0xfffffe6d
     177515.000 ns	     17750	80003da4	18730853	fdiv.s	f16,f6,f7	  f6:0x4f000410  f7:0x00000001 f16=0x7f800000
     177545.000 ns	     17753	80003da8	d01d1fd3	fcvt.s.wu	f31,x26	 x26:0x00000000 f31=0x00000000
     177575.000 ns	     17756	80003dac	02fdeab3	rem	x21,x27,x15	 x27:0x00000000 x15:0x00000000 x21=0x00000000
     177605.000 ns	     17759	80003db0	02c205b3	mul	x11,x4,x12	  x4:0x000000a4 x12:0x00000000 x11=0x00000000
     177625.000 ns	     17761	80003db4	017bbbb3	sltu	x23,x23,x23	 x23:0x4e994fbf x23:0x4e994fbf x23=0x00000000
     177645.000 ns	     17763	80003db8	a1fdadd3	feq.s	x27,f27,f31	 f27:0x4e994ebf f31:0x00000000 x27=0x00000000
     177665.000 ns	     17765	80003dbc	0174efb3	or	x31,x9,x23	  x9:0xffffffff x23:0x4e994fbf x31=0xffffffff
     177675.000 ns	     17766	80003dc0	0192c633	xor	x12,x5,x25	  x5:0x00000000 x25:0x000000c8 x12=0x000000c8
     177685.000 ns	     17767	80003dc4	004730b3	sltu	x1,x14,x4	 x14:0xfffffedf  x4:0x000000a4  x1=0x00000000
     177705.000 ns	     17769	80003dc8	028d8833	mul	x16,x27,x8	 x27:0x00000000  x8:0x400204ed x16=0x00000000
     177735.000 ns	     17772	80003dcc	c0183d53	fcvt.wu.s	x26,f16	 f16:0x7f800000 x26=0xffffffff
     177765.000 ns	     17775	80003dd0	d003f053	fcvt.s.w	f0,x7	  x7:0x400204ed  f0=0x4e800409
     177795.000 ns	     17778	80003dd4	c0127fd3	fcvt.wu.s	x31,f4	  f4:0x4e994fbf x31=0x4ca7df80
     177825.000 ns	     17781	80003dd8	e00890d3	fclass.s	x1,f17	 f17:0x7fc00000  x1=0x00000200
     177855.000 ns	     17784	80003ddc	d01a8bd3	fcvt.s.wu	f23,x21	 x21:0x00000000 f23=0x00000000
     177875.000 ns	     17786	80003de0	000c1bb3	sll	x23,x24,x0	 x24:0x00000000  x0:0x00000000 x23=0x00000000
     177885.000 ns	     17787	80003de4	05b5a493	slti	x9,x11,91	 x11:0x00000000  x9=0x00000001
     177905.000 ns	     17789	80003de8	282c9a53	fmax.s	f20,f25,f2	 f25:0xc0194ec0  f2:0x7fc00000 f20=0xc0194ec0
     177935.000 ns	     17792	80003dec	025f81b3	mul	x3,x31,x5	 x31:0x4ca7df80  x5:0x00000000  x3=0x00000000
     177955.000 ns	     17794	80003df0	00c2d133	srl	x2,x5,x12	  x5:0x00000000 x12:0x000000c8  x2=0x00000000
     177995.000 ns	     17798	80003df4	01c98953	fadd.s	f18,f19,f28	 f19:0x4f000410 f28:0xffc00000 f18=0x7fc00000
     178025.000 ns	     17801	80003df8	e00213d3	fclass.s	x7,f4	  f4:0x4e994fbf  x7=0x00000040
     178395.000 ns	     17838	80003dfc	02844733	div	x14,x8,x8	  x8:0x400204ed  x8:0x400204ed x14=0x00000001
     178425.000 ns	     17841	80003e00	02969cb3	mulh	x25,x13,x9	 x13:0xfffff9be  x9:0x00000001 x25=0xffffffff
     178455.000 ns	     17844	80003e04	c007cdd3	fcvt.w.s	x27,f15	 f15:0x4d9d6782 x27=0x13acf040
     178475.000 ns	     17846	80003e08	000222b3	slt	x5,x4,x0	  x4:0x000000a4  x0:0x00000000  x5=0x00000000
     178505.000 ns	     17849	80003e0c	11947753	fmul.s	f14,f8,f25	  f8:0x00000000 f25:0xc0194ec0 f14=0x80000000
     178535.000 ns	     17852	80003e10	210c2dd3	fsgnjx.s	f27,f24,f16	 f24:0x80000001 f16:0x7f800000 f27=0x80000001
     178585.000 ns	     17857	80003e14	018873d3	fadd.s	f7,f16,f24	 f16:0x7f800000 f24:0x80000001  f7=0x7f800000
     178635.000 ns	     17862	80003e18	01d27bd3	fadd.s	f23,f4,f29	  f4:0x4e994fbf f29:0x7fc00000 f23=0x7fc00000
     178655.000 ns	     17864	80003e1c	01af0c33	add	x24,x30,x26	 x30:0xec5313c0 x26:0xffffffff x24=0xec5313bf
     178665.000 ns	     17865	80003e20	019b5413	srli	x8,x22,0x19	 x22:0x00000000  x8=0x00000000
     178685.000 ns	     17867	80003e24	21110a53	fsgnj.s	f20,f2,f17	  f2:0x7fc00000 f17:0x7fc00000 f20=0x7fc00000
     178705.000 ns	     17869	80003e28	5b926593	ori	x11,x4,1465	  x4:0x000000a4 x11=0x000005bd
     178715.000 ns	     17870	80003e2c	01e0b633	sltu	x12,x1,x30	  x1:0x00000200 x30:0xec5313c0 x12=0x00000001
     178725.000 ns	     17871	80003e30	41870a33	sub	x20,x14,x24	 x14:0x00000001 x24:0xec5313bf x20=0x13acec42
     178735.000 ns	     17872	80003e34	00104fb3	xor	x31,x0,x1	  x0:0x00000000  x1:0x00000200 x31=0x00000200
     179095.000 ns	     17908	80003e38	027f45b3	div	x11,x30,x7	 x30:0xec5313c0  x7:0x00000040 x11=0xffb14c4f
     179125.000 ns	     17911	80003e3c	c01a7fd3	fcvt.wu.s	x31,f20	 f20:0x7fc00000 x31=0xffffffff
     179495.000 ns	     17948	80003e40	03305db3	divu	x27,x0,x19	  x0:0x00000000 x19:0x00000001 x27=0x00000000
     179515.000 ns	     17950	80003e44	009d1cb3	sll	x25,x26,x9	 x26:0xffffffff  x9:0x00000001 x25=0xfffffffe
     179525.000 ns	     17951	80003e48	4002dbb3	sra	x23,x5,x0	  x5:0x00000000  x0:0x00000000 x23=0x00000000
     179565.000 ns	     17955	80003e4c	001bf053	fadd.s	f0,f23,f1	 f23:0x7fc00000  f1:0x4e994ebf  f0=0x7fc00000
     179585.000 ns	     17957	80003e50	dc407a13	andi	x20,x0,-572	  x0:0x00000000 x20=0x00000000
     179605.000 ns	     17959	80003e54	c00efc53	fcvt.w.s	x24,f29	 f29:0x7fc00000 x24=0x7fffffff
     179635.000 ns	     17962	80003e58	037b45b3	div	x11,x22,x23	 x22:0x00000000 x23:0x00000000 x11=0xffffffff
     179665.000 ns	     17965	80003e5c	20b29153	fsgnjn.s	f2,f5,f11	  f5:0x7fc00000 f11:0x0000027a  f2=0xffc00000
     179695.000 ns	     17968	80003e60	e00c8253	fmv.x.w	x4,f25	 f25:0xc0194ec0  x4=0xc0194ec0
     179725.000 ns	     17971	80003e64	d00fb753	fcvt.s.w	f14,x31	 x31:0xffffffff f14=0xbf800000
     179745.000 ns	     17973	80003e68	00da12b3	sll	x5,x20,x13	 x20:0x00000000 x13:0xfffff9be  x5=0x00000000
     179765.000 ns	     17975	80003e6c	03da3033	mulhu	x0,x20,x29	 x20:0x00000000 x29:0x00000001
     179785.000 ns	     17977	80003e70	400908b3	sub	x17,x18,x0	 x18:0x80040fe4  x0:0x00000000 x17=0x80040fe4
     179805.000 ns	     17979	80003e74	d0057653	fcvt.s.w	f12,x10	 x10:0x00000000 f12=0x00000000
     179835.000 ns	     17982	80003e78	02b7ab33	mulhsu	x22,x15,x11	 x15:0x00000000 x11:0xffffffff x22=0x00000000
     179865.000 ns	     17985	80003e7c	20d813d3	fsgnjn.s	f7,f16,f13	 f16:0x7f800000 f13:0x7fc00000  f7=0xff800000
     179885.000 ns	     17987	80003e80	40875613	srai	x12,x14,0x8	 x14:0x00000001 x12=0x00000000
     179915.000 ns	     17990	80003e84	58077153	fsqrt.s	f2,f14	 f14:0xbf800000  f2=0x7fc00000
     179945.000 ns	     17993	80003e88	e00f05d3	fmv.x.w	x11,f30	 f30:0x7fc00000 x11=0x7fc00000
     179975.000 ns	     17996	80003e8c	02310733	mul	x14,x2,x3	  x2:0x00000000  x3:0x00000000 x14=0x00000000
     179995.000 ns	     17998	80003e90	17690213	addi	x4,x18,374	 x18:0x80040fe4  x4=0x8004115a
     180015.000 ns	     18000	80003e94	c000cc53	fcvt.w.s	x24,f1	  f1:0x4e994ebf x24=0x4ca75f80
     180035.000 ns	     18002	80003e98	00661a13	slli	x20,x12,0x6	 x12:0x00000000 x20=0x00000000
     180045.000 ns	     18003	80003e9c	010f5713	srli	x14,x30,0x10	 x30:0xec5313c0 x14=0x0000ec53
     180085.000 ns	     18007	80003ea0	009185d3	fadd.s	f11,f3,f9	  f3:0x4e994fbf  f9:0x7fc00000 f11=0x7fc00000
     181055.000 ns	     18104	80003ea4	580b3fd3	fsqrt.s	f31,f22	 f22:0x4f000410 f31=0x46b50a40
     181075.000 ns	     18106	80003ea8	00fd1c33	sll	x24,x26,x15	 x26:0xffffffff x15:0x00000000 x24=0xffffffff
     181435.000 ns	     18142	80003eac	0298c5b3	div	x11,x17,x9	 x17:0x80040fe4  x9:0x00000001 x11=0x80040fe4
     181455.000 ns	     18144	80003eb0	016aaab3	slt	x21,x21,x22	 x21:0x00000000 x22:0x00000000 x21=0x00000000
     181465.000 ns	     18145	80003eb4	01f971b3	and	x3,x18,x31	 x18:0x80040fe4 x31:0xffffffff  x3=0x80040fe4
     181485.000 ns	     18147	80003eb8	02c835b3	mulhu	x11,x16,x12	 x16:0x00000000 x12:0x00000000 x11=0x00000000
     181515.000 ns	     18150	80003ebc	0255cd33	div	x26,x11,x5	 x11:0x80040fe4  x5:0x00000000 x26=0xffffffff
     181545.000 ns	     18153	80003ec0	213f8ad3	fsgnj.s	f21,f31,f19	 f31:0x46b50a40 f19:0x4f000410 f21=0x46b50a40
     181575.000 ns	     18156	80003ec4	0281c533	div	x10,x3,x8	  x3:0x80040fe4  x8:0x00000000 x10=0xffffffff
     181595.000 ns	     18158	80003ec8	017b0733	add	x14,x22,x23	 x22:0x00000000 x23:0x00000000 x14=0x00000000
     181605.000 ns	     18159	80003ecc	41365733	sra	x14,x12,x19	 x12:0x00000000 x19:0x00000001 x14=0x00000000
     181625.000 ns	     18161	80003ed0	037db5b3	mulhu	x11,x27,x23	 x27:0x00000000 x23:0x00000000 x11=0x00000000
     181655.000 ns	     18164	80003ed4	c00794d3	fcvt.w.s	x9,f15	 f15:0x4d9d6782  x9=0x13acf040
     181685.000 ns	     18167	80003ed8	0283abb3	mulhsu	x23,x7,x8	  x7:0x00000040  x8:0x00000000 x23=0x00000000
     181705.000 ns	     18169	80003edc	01f94bb3	xor	x23,x18,x31	 x18:0x80040fe4 x31:0xffffffff x23=0x7ffbf01b
     181715.000 ns	     18170	80003ee0	01ff5733	srl	x14,x30,x31	 x30:0xec5313c0 x31:0xffffffff x14=0x00000001
     181735.000 ns	     18172	80003ee4	0204d4b3	divu	x9,x9,x0	  x9:0x13acf040  x0:0x00000000  x9=0xffffffff
     181755.000 ns	     18174	80003ee8	257d5397	auipc	x7,0x257d5	  x7=0xa57d8ee8
     181775.000 ns	     18176	80003eec	206e96d3	fsgnjn.s	f13,f29,f6	 f29:0x7fc00000  f6:0x4f000410 f13=0xffc00000
     181805.000 ns	     18179	80003ef0	20831853	fsgnjn.s	f16,f6,f8	  f6:0x4f000410  f8:0x00000000 f16=0xcf000410
     181825.000 ns	     18181	80003ef4	00f77eb3	and	x29,x14,x15	 x14:0x00000001 x15:0x00000000 x29=0x00000000
     181835.000 ns	     18182	80003ef8	bdaf6613	ori	x12,x30,-1062	 x30:0xec5313c0 x12=0xfffffbda
     181845.000 ns	     18183	80003efc	3211e613	ori	x12,x3,801	  x3:0x80040fe4 x12=0x80040fe5
     181855.000 ns	     18184	80003f00	079e3c13	sltiu	x24,x28,121	 x28:0x80041024 x24=0x00000000
     181875.000 ns	     18186	80003f04	21028f53	fsgnj.s	f30,f5,f16	  f5:0x7fc00000 f16:0xcf000410 f30=0xffc00000
     181895.000 ns	     18188	80003f08	019123b3	slt	x7,x2,x25	  x2:0x00000000 x25:0xfffffffe  x7=0x00000000
     181905.000 ns	     18189	80003f0c	0054e6b3	or	x13,x9,x5	  x9:0xffffffff  x5:0x00000000 x13=0xffffffff
     181915.000 ns	     18190	80003f10	00000013	addi	x0,x0,0	  x0:0x00000000
     181925.000 ns	     18191	80003f14	01431693	slli	x13,x6,0x14	  x6:0x80041024 x13=0x02400000
     181945.000 ns	     18193	80003f18	d00c43d3	fcvt.s.w	f7,x24	 x24:0x00000000  f7=0x00000000
     181975.000 ns	     18196	80003f1c	03435cb3	divu	x25,x6,x20	  x6:0x80041024 x20:0x00000000 x25=0xffffffff
     182005.000 ns	     18199	80003f20	e00f81d3	fmv.x.w	x3,f31	 f31:0x46b50a40  x3=0x46b50a40
     182025.000 ns	     18201	80003f24	010f83b3	add	x7,x31,x16	 x31:0xffffffff x16:0x00000000  x7=0xffffffff
     182035.000 ns	     18202	80003f28	017c7fb3	and	x31,x24,x23	 x24:0x00000000 x23:0x7ffbf01b x31=0x00000000
     182055.000 ns	     18204	80003f2c	20b99cd3	fsgnjn.s	f25,f19,f11	 f19:0x4f000410 f11:0x7fc00000 f25=0xcf000410
     182085.000 ns	     18207	80003f30	0362fcb3	remu	x25,x5,x22	  x5:0x00000000 x22:0x00000000 x25=0x00000000
     182455.000 ns	     18244	80003f34	02a26433	rem	x8,x4,x10	  x4:0x8004115a x10:0xffffffff  x8=0x00000000
     182485.000 ns	     18247	80003f38	0321aeb3	mulhsu	x29,x3,x18	  x3:0x46b50a40 x18:0x80040fe4 x29=0x235ba457
     182515.000 ns	     18250	80003f3c	d01a72d3	fcvt.s.wu	f5,x20	 x20:0x00000000  f5=0x00000000
     182545.000 ns	     18253	80003f40	a0e18b53	fle.s	x22,f3,f14	  f3:0x4e994fbf f14:0xbf800000 x22=0x00000000
     182575.000 ns	     18256	80003f44	a061a853	feq.s	x16,f3,f6	  f3:0x4e994fbf  f6:0x4f000410 x16=0x00000000
     182595.000 ns	     18258	80003f48	c4f0a513	slti	x10,x1,-945	  x1:0x00000200 x10=0x00000000
     182615.000 ns	     18260	80003f4c	c00909d3	fcvt.w.s	x19,f18	 f18:0x7fc00000 x19=0x7fffffff
     182645.000 ns	     18263	80003f50	02429a33	mulh	x20,x5,x4	  x5:0x00000000  x4:0x8004115a x20=0x00000000
     182665.000 ns	     18265	80003f54	01bbb8b3	sltu	x17,x23,x27	 x23:0x7ffbf01b x27:0x00000000 x17=0x00000000
     182675.000 ns	     18266	80003f58	00e5d833	srl	x16,x11,x14	 x11:0x00000000 x14:0x00000001 x16=0x00000000
     182705.000 ns	     18269	80003f5c	580172d3	fsqrt.s	f5,f2	  f2:0x7fc00000  f5=0x7fc00000
     182725.000 ns	     18271	80003f60	bc094793	xori	x15,x18,-1088	 x18:0x80040fe4 x15=0x7ffbf424
     182745.000 ns	     18273	80003f64	029ca733	mulhsu	x14,x25,x9	 x25:0x00000000  x9:0xffffffff x14=0x00000000
     182775.000 ns	     18276	80003f68	a14498d3	flt.s	x17,f9,f20	  f9:0x7fc00000 f20:0x7fc00000 x17=0x00000000
     182795.000 ns	     18278	80003f6c	41b8de33	sra	x28,x17,x27	 x17:0x00000000 x27:0x00000000 x28=0x00000000
     182815.000 ns	     18280	80003f70	c0139ad3	fcvt.wu.s	x21,f7	  f7:0x00000000 x21=0x00000000
     182845.000 ns	     18283	80003f74	d01bfe53	fcvt.s.wu	f28,x23	 x23:0x7ffbf01b f28=0x4efff7e0
     182865.000 ns	     18285	80003f78	41335613	srai	x12,x6,0x13	  x6:0x80041024 x12=0xfffff000
     182885.000 ns	     18287	80003f7c	e00809d3	fmv.x.w	x19,f16	 f16:0xcf000410 x19=0xcf000410
     182915.000 ns	     18290	80003f80	03712433	mulhsu	x8,x2,x23	  x2:0x00000000 x23:0x7ffbf01b  x8=0x00000000
     182935.000 ns	     18292	80003f84	00000013	addi	x0,x0,0	  x0:0x00000000
     182945.000 ns	     18293	80003f88	00745693	srli	x13,x8,0x7	  x8:0x00000000 x13=0x00000000
     182965.000 ns	     18295	80003f8c	0317ec33	rem	x24,x15,x17	 x15:0x7ffbf424 x17:0x00000000 x24=0x7ffbf424
     182995.000 ns	     18298	80003f90	03d70733	mul	x14,x14,x29	 x14:0x00000000 x29:0x235ba457 x14=0x00000000
     183025.000 ns	     18301	80003f94	c011f053	fcvt.wu.s	x0,f3	  f3:0x4e994fbf
     183055.000 ns	     18304	80003f98	025d58b3	divu	x17,x26,x5	 x26:0xffffffff  x5:0x00000000 x17=0xffffffff
     183085.000 ns	     18307	80003f9c	c010ae53	fcvt.wu.s	x28,f1	  f1:0x4e994ebf x28=0x4ca75f80
     183105.000 ns	     18309	80003fa0	00000013	addi	x0,x0,0	  x0:0x00000000
     183115.000 ns	     18310	80003fa4	e62bb993	sltiu	x19,x23,-414	 x23:0x7ffbf01b x19=0x00000001
     183125.000 ns	     18311	80003fa8	41b382b3	sub	x5,x7,x27	  x7:0xffffffff x27:0x00000000  x5=0xffffffff
     183135.000 ns	     18312	80003fac	40a4d9b3	sra	x19,x9,x10	  x9:0xffffffff x10:0x00000000 x19=0xffffffff
     183155.000 ns	     18314	80003fb0	02bc7433	remu	x8,x24,x11	 x24:0x7ffbf424 x11:0x00000000  x8=0x7ffbf424
     183525.000 ns	     18351	80003fb4	02946eb3	rem	x29,x8,x9	  x8:0x00000000  x9:0xffffffff x29=0x00000000
     183865.000 ns	     18385	80003fb8	19b9f5d3	fdiv.s	f11,f19,f27	 f19:0x4f000410 f27:0x80000001 f11=0xff800000
     183885.000 ns	     18387	80003fbc	284ac813	xori	x16,x21,644	 x21:0x00000000 x16=0x00000284
     183895.000 ns	     18388	80003fc0	53efb593	sltiu	x11,x31,1342	 x31:0x00000000 x11=0x00000001
     183915.000 ns	     18390	80003fc4	d01118d3	fcvt.s.wu	f17,x2	  x2:0x00000000 f17=0x00000000
     183935.000 ns	     18392	80003fc8	00d77493	andi	x9,x14,13	 x14:0x00000000  x9=0x00000000
     183955.000 ns	     18394	80003fcc	d00e4853	fcvt.s.w	f16,x28	 x28:0x4ca75f80 f16=0x4e994ebf
     183975.000 ns	     18396	80003fd0	b0f3e993	ori	x19,x7,-1265	  x7:0xffffffff x19=0xffffffff
     183995.000 ns	     18398	80003fd4	20f92f53	fsgnjx.s	f30,f18,f15	 f18:0x7fc00000 f15:0x4d9d6782 f30=0x7fc00000
     184025.000 ns	     18401	80003fd8	20fa97d3	fsgnjn.s	f15,f21,f15	 f21:0x46b50a40 f15:0x4d9d6782 f15=0xc6b50a40
     184045.000 ns	     18403	80003fdc	01fd8d33	add	x26,x27,x31	 x27:0x00000000 x31:0x00000000 x26=0x00000000
     184075.000 ns	     18406	80003fe0	1010b853	fmul.s	f16,f1,f1	  f1:0x4e994ebf  f1:0x4e994ebf f16=0x5db79e72
     184095.000 ns	     18408	80003fe4	018a5533	srl	x10,x20,x24	 x20:0x00000000 x24:0x7ffbf424 x10=0x00000000
     184105.000 ns	     18409	80003fe8	00075a33	srl	x20,x14,x0	 x14:0x00000000  x0:0x00000000 x20=0x00000000
     184115.000 ns	     18410	80003fec	bcd00093	addi	x1,x0,-1075	  x0:0x00000000  x1=0xfffffbcd
     184135.000 ns	     18412	80003ff0	c0017753	fcvt.w.s	x14,f2	  f2:0x7fc00000 x14=0x7fffffff
     184165.000 ns	     18415	80003ff4	28878cd3	fmin.s	f25,f15,f8	 f15:0xc6b50a40  f8:0x00000000 f25=0xc6b50a40
     184185.000 ns	     18417	80003ff8	6d77ed93	ori	x27,x15,1751	 x15:0x7ffbf424 x27=0x7ffbf6f7
     184205.000 ns	     18419	80003ffc	29f28a53	fmin.s	f20,f5,f31	  f5:0x7fc00000 f31:0x46b50a40 f20=0x46b50a40
     184225.000 ns	     18421	80004000	afe7cf93	xori	x31,x15,-1282	 x15:0x7ffbf424 x31=0x80040eda
     184245.000 ns	     18423	80004004	c01d75d3	fcvt.wu.s	x11,f26	 f26:0x00000000 x11=0x00000000
     184265.000 ns	     18425	80004008	ad119d17	auipc	x26,0xad119	 x26=0x2d11d008
     184285.000 ns	     18427	8000400c	c017f0d3	fcvt.wu.s	x1,f15	 f15:0xc6b50a40  x1=0x00005a85
     184305.000 ns	     18429	80004010	002ef0b3	and	x1,x29,x2	 x29:0x00000000  x2:0x00000000  x1=0x00000000
     184315.000 ns	     18430	80004014	736ecc17	auipc	x24,0x736ec	 x24=0xf36f0014
     184325.000 ns	     18431	80004018	412e81b3	sub	x3,x29,x18	 x29:0x00000000 x18:0x80040fe4  x3=0x7ffbf01c
     184335.000 ns	     18432	8000401c	63fbe893	ori	x17,x23,1599	 x23:0x7ffbf01b x17=0x7ffbf63f
     184345.000 ns	     18433	80004020	00961293	slli	x5,x12,0x9	 x12:0xfffff000  x5=0xffe00000
     184365.000 ns	     18435	80004024	294b8253	fmin.s	f4,f23,f20	 f23:0x7fc00000 f20:0x46b50a40  f4=0x46b50a40
     184395.000 ns	     18438	80004028	02196eb3	rem	x29,x18,x1	 x18:0x80040fe4  x1:0x00000000 x29=0x80040fe4
     184415.000 ns	     18440	8000402c	01695213	srli	x4,x18,0x16	 x18:0x80040fe4  x4=0x00000200
     184435.000 ns	     18442	80004030	e0080d53	fmv.x.w	x26,f16	 f16:0x5db79e72 x26=0x5db79e72
     184465.000 ns	     18445	80004034	03695833	divu	x16,x18,x22	 x18:0x80040fe4 x22:0x00000000 x16=0xffffffff
     184485.000 ns	     18447	80004038	4168db13	srai	x22,x17,0x16	 x17:0x7ffbf63f x22=0x000001ff
     184515.000 ns	     18450	8000403c	11694c53	fmul.s	f24,f18,f22	 f18:0x7fc00000 f22:0x4f000410 f24=0x7fc00000
     184545.000 ns	     18453	80004040	284184d3	fmin.s	f9,f3,f4	  f3:0x4e994fbf  f4:0x46b50a40  f9=0x46b50a40
     184565.000 ns	     18455	80004044	48063d93	sltiu	x27,x12,1152	 x12:0xfffff000 x27=0x00000000
     184575.000 ns	     18456	80004048	5d3d2b17	auipc	x22,0x5d3d2	 x22=0xdd3d6048
     184585.000 ns	     18457	8000404c	f5a5e193	ori	x3,x11,-166	 x11:0x00000000  x3=0xffffff5a
     184595.000 ns	     18458	80004050	41d75c33	sra	x24,x14,x29	 x14:0x7fffffff x29:0x80040fe4 x24=0x07ffffff
     184605.000 ns	     18459	80004054	41335993	srai	x19,x6,0x13	  x6:0x80041024 x19=0xfffff000
     184625.000 ns	     18461	80004058	e0080a53	fmv.x.w	x20,f16	 f16:0x5db79e72 x20=0x5db79e72
     184645.000 ns	     18463	8000405c	41b65b93	srai	x23,x12,0x1b	 x12:0xfffff000 x23=0xffffffff
     184665.000 ns	     18465	80004060	20a803d3	fsgnj.s	f7,f16,f10	 f16:0x5db79e72 f10:0xffc00000  f7=0xddb79e72
     184695.000 ns	     18468	80004064	021d9a33	mulh	x20,x27,x1	 x27:0x00000000  x1:0x00000000 x20=0x00000000
     184715.000 ns	     18470	80004068	9eae8113	addi	x2,x29,-1558	 x29:0x80040fe4  x2=0x800409ce
     184735.000 ns	     18472	8000406c	d0147953	fcvt.s.wu	f18,x8	  x8:0x7ffbf424 f18=0x4efff7e8
     184775.000 ns	     18476	80004070	194618d3	fdiv.s	f17,f12,f20	 f12:0x00000000 f20:0x46b50a40 f17=0x00000000
     184795.000 ns	     18478	80004074	4070d533	sra	x10,x1,x7	  x1:0x00000000  x7:0xffffffff x10=0x00000000
     184805.000 ns	     18479	80004078	010772b3	and	x5,x14,x16	 x14:0x7fffffff x16:0xffffffff  x5=0x7fffffff
     184825.000 ns	     18481	8000407c	d0019253	fcvt.s.w	f4,x3	  x3:0xffffff5a  f4=0xc3260000
     184845.000 ns	     18483	80004080	ce5b7a97	auipc	x21,0xce5b7	 x21=0x4e5bb080
     184855.000 ns	     18484	80004084	7ebbba13	sltiu	x20,x23,2027	 x23:0xffffffff x20=0x00000000
     184875.000 ns	     18486	80004088	a013a653	feq.s	x12,f7,f1	  f7:0xddb79e72  f1:0x4e994ebf x12=0x00000000
     184895.000 ns	     18488	8000408c	0112ddb3	srl	x27,x5,x17	  x5:0x7fffffff x17:0x7ffbf63f x27=0x00000000
     184925.000 ns	     18491	80004090	5808ac53	fsqrt.s	f24,f17	 f17:0x00000000 f24=0x00000000
     184955.000 ns	     18494	80004094	a03c1fd3	flt.s	x31,f24,f3	 f24:0x7fc00000  f3:0x4e994fbf x31=0x00000001
     184985.000 ns	     18497	80004098	214a0ed3	fsgnj.s	f29,f20,f20	 f20:0x46b50a40 f20:0x46b50a40 f29=0x46b50a40
     185015.000 ns	     18500	8000409c	a1aeac53	feq.s	x24,f29,f26	 f29:0x7fc00000 f26:0x00000000 x24=0x00000000
     185035.000 ns	     18502	800040a0	41a1da93	srai	x21,x3,0x1a	  x3:0xffffff5a x21=0xffffffff
     185045.000 ns	     18503	800040a4	8f26aa13	slti	x20,x13,-1806	 x13:0x00000000 x20=0x00000000
     185065.000 ns	     18505	800040a8	022f8433	mul	x8,x31,x2	 x31:0x00000001  x2:0x800409ce  x8=0x800409ce
     185085.000 ns	     18507	800040ac	8e1bcb13	xori	x22,x23,-1823	 x23:0xffffffff x22=0x0000071e
     185095.000 ns	     18508	800040b0	003f59b3	srl	x19,x30,x3	 x30:0xec5313c0  x3:0xffffff5a x19=0x0000003b
     185125.000 ns	     18511	800040b4	180af453	fdiv.s	f8,f21,f0	 f21:0x46b50a40  f0:0x7fc00000  f8=0x7fc00000
     185145.000 ns	     18513	800040b8	c420bd93	sltiu	x27,x1,-958	  x1:0x00000000 x27=0x00000001
     185155.000 ns	     18514	800040bc	00cd8fb3	add	x31,x27,x12	 x27:0x00000000 x12:0x00000000 x31=0x00000001
     185165.000 ns	     18515	800040c0	01eb9e33	sll	x28,x23,x30	 x23:0xffffffff x30:0xec5313c0 x28=0xffffffff
     185495.000 ns	     18548	800040c4	19f22553	fdiv.s	f10,f4,f31	  f4:0xc3260000 f31:0x46b50a40 f10=0xbbb84eac
     185545.000 ns	     18553	800040c8	013e38d3	fadd.s	f17,f28,f19	 f28:0x4efff7e0 f19:0x4f000410 f17=0x4f800000
     185565.000 ns	     18555	800040cc	87be7613	andi	x12,x28,-1925	 x28:0xffffffff x12=0xfffff87b
     185575.000 ns	     18556	800040d0	ce890593	addi	x11,x18,-792	 x18:0x80040fe4 x11=0x80040ccc
     185585.000 ns	     18557	800040d4	41168d33	sub	x26,x13,x17	 x13:0x00000000 x17:0x7ffbf63f x26=0x800409c1
     185595.000 ns	     18558	800040d8	01ca13b3	sll	x7,x20,x28	 x20:0x00000000 x28:0xffffffff  x7=0x00000000
     185635.000 ns	     18562	800040dc	0959ffd3	fsub.s	f31,f19,f21	 f19:0x4f000410 f21:0x46b50a40 f31=0x4f0003b5
     185665.000 ns	     18565	800040e0	02e520b3	mulhsu	x1,x10,x14	 x10:0x00000000 x14:0x7fffffff  x1=0x00000000
     185685.000 ns	     18567	800040e4	00f3bc33	sltu	x24,x7,x15	  x7:0x00000000 x15:0x7ffbf424 x24=0x00000001
     185695.000 ns	     18568	800040e8	01979c13	slli	x24,x15,0x19	 x15:0x7ffbf424 x24=0x48000000
     185715.000 ns	     18570	800040ec	0210e733	rem	x14,x1,x1	  x1:0x00000000  x1:0x00000000 x14=0x00000000
     185735.000 ns	     18572	800040f0	e3e5be13	sltiu	x28,x11,-450	 x11:0x80040ccc x28=0x00000001
     185745.000 ns	     18573	800040f4	1df18b93	addi	x23,x3,479	  x3:0xffffff5a x23=0x00000139
     186915.000 ns	     18690	800040f8	580af7d3	fsqrt.s	f15,f21	 f21:0x46b50a40 f15=0x43183a19
     186945.000 ns	     18693	800040fc	e0038ed3	fmv.x.w	x29,f7	  f7:0xddb79e72 x29=0xddb79e72
     186975.000 ns	     18696	80004100	035c3833	mulhu	x16,x24,x21	 x24:0x48000000 x21:0xffffffff x16=0x47ffffff
     186995.000 ns	     18698	80004104	75fb4093	xori	x1,x22,1887	 x22:0x0000071e  x1=0x00000041
     187015.000 ns	     18700	80004108	f00b8ad3	fmv.w.x	f21,x23	 x23:0x00000139 f21=0x00000139
     187045.000 ns	     18703	8000410c	21f20ed3	fsgnj.s	f29,f4,f31	  f4:0xc3260000 f31:0x4f0003b5 f29=0x43260000
     187075.000 ns	     18706	80004110	02509ab3	mulh	x21,x1,x5	  x1:0x00000041  x5:0x7fffffff x21=0x00000020
     187105.000 ns	     18709	80004114	a0eb0b53	fle.s	x22,f22,f14	 f22:0x4f000410 f14:0xbf800000 x22=0x00000000
     187135.000 ns	     18712	80004118	03703433	mulhu	x8,x0,x23	  x0:0x00000000 x23:0x00000139  x8=0x00000000
     187165.000 ns	     18715	8000411c	c019f853	fcvt.wu.s	x16,f19	 f19:0x4f000410 x16=0x80041000
     187185.000 ns	     18717	80004120	002d66b3	or	x13,x26,x2	 x26:0x800409c1  x2:0x800409ce x13=0x800409cf
     187195.000 ns	     18718	80004124	015bb1b3	sltu	x3,x23,x21	 x23:0x00000139 x21:0x00000020  x3=0x00000000
     187215.000 ns	     18720	80004128	c012f253	fcvt.wu.s	x4,f5	  f5:0x7fc00000  x4=0xffffffff
     187235.000 ns	     18722	8000412c	0109d633	srl	x12,x19,x16	 x19:0x0000003b x16:0x80041000 x12=0x0000003b
     187595.000 ns	     18758	80004130	021f47b3	div	x15,x30,x1	 x30:0xec5313c0  x1:0x00000041 x15=0xffb28246
     187615.000 ns	     18760	80004134	01bd83b3	add	x7,x27,x27	 x27:0x00000001 x27:0x00000001  x7=0x00000002
     187625.000 ns	     18761	80004138	01220633	add	x12,x4,x18	  x4:0xffffffff x18:0x80040fe4 x12=0x80040fe3
     187635.000 ns	     18762	8000413c	40dc0db3	sub	x27,x24,x13	 x24:0x48000000 x13:0x800409cf x27=0xc7fbf631
     187675.000 ns	     18766	80004140	018588d3	fadd.s	f17,f11,f24	 f11:0xff800000 f24:0x00000000 f17=0xff800000
     187695.000 ns	     18768	80004144	00a4a733	slt	x14,x9,x10	  x9:0x00000000 x10:0x00000000 x14=0x00000000
     188055.000 ns	     18804	80004148	022d7233	remu	x4,x26,x2	 x26:0x800409c1  x2:0x800409ce  x4=0x800409c1
     188075.000 ns	     18806	8000414c	008f2a33	slt	x20,x30,x8	 x30:0xec5313c0  x8:0x00000000 x20=0x00000001
     188085.000 ns	     18807	80004150	40d905b3	sub	x11,x18,x13	 x18:0x80040fe4 x13:0x800409cf x11=0x00000615
     188095.000 ns	     18808	80004154	01a038b3	sltu	x17,x0,x26	  x0:0x00000000 x26:0x800409c1 x17=0x00000001
     188125.000 ns	     18811	80004158	18944253	fdiv.s	f4,f8,f9	  f8:0x7fc00000  f9:0x46b50a40  f4=0x7fc00000
     188145.000 ns	     18813	8000415c	018be413	ori	x8,x23,24	 x23:0x00000139  x8=0x00000139
     188155.000 ns	     18814	80004160	c56ccb93	xori	x23,x25,-938	 x25:0x00000000 x23=0xfffffc56
     188175.000 ns	     18816	80004164	020366b3	rem	x13,x6,x0	  x6:0x80041024  x0:0x00000000 x13=0x80041024
     188205.000 ns	     18819	80004168	f00480d3	fmv.w.x	f1,x9	  x9:0x00000000  f1=0x00000000
     188225.000 ns	     18821	8000416c	4088d233	sra	x4,x17,x8	 x17:0x00000001  x8:0x00000139  x4=0x00000000
     188235.000 ns	     18822	80004170	00709213	slli	x4,x1,0x7	  x1:0x00000041  x4=0x00002080
     188245.000 ns	     18823	80004174	40db5b33	sra	x22,x22,x13	 x22:0x00000000 x13:0x80041024 x22=0x00000000
     188255.000 ns	     18824	80004178	4cf6d8b7	lui	x17,0x4cf6d	 x17=0x4cf6d000
     188265.000 ns	     18825	8000417c	40730533	sub	x10,x6,x7	  x6:0x80041024  x7:0x00000002 x10=0x80041022
     188275.000 ns	     18826	80004180	d63b4013	xori	x0,x22,-669	 x22:0x00000000
     188315.000 ns	     18830	80004184	00a735d3	fadd.s	f11,f14,f10	 f14:0xbf800000 f10:0xbbb84eac f11=0xbf80b84e
     188335.000 ns	     18832	80004188	01524a33	xor	x20,x4,x21	  x4:0x00002080 x21:0x00000020 x20=0x000020a0
     188345.000 ns	     18833	8000418c	001b3533	sltu	x10,x22,x1	 x22:0x00000000  x1:0x00000041 x10=0x00000001
     188365.000 ns	     18835	80004190	036ecfb3	div	x31,x29,x22	 x29:0xddb79e72 x22:0x00000000 x31=0xffffffff
     188385.000 ns	     18837	80004194	a27b3713	sltiu	x14,x22,-1497	 x22:0x00000000 x14=0x00000001
     188395.000 ns	     18838	80004198	83ebddb7	lui	x27,0x83ebd	 x27=0x83ebd000
     188405.000 ns	     18839	8000419c	41e5d093	srai	x1,x11,0x1e	 x11:0x00000615  x1=0x00000000
     188425.000 ns	     18841	800041a0	e0018a53	fmv.x.w	x20,f3	  f3:0x4e994fbf x20=0x4e994fbf
     188445.000 ns	     18843	800041a4	00b8da13	srli	x20,x17,0xb	 x17:0x4cf6d000 x20=0x00099eda
     188455.000 ns	     18844	800041a8	00253233	sltu	x4,x10,x2	 x10:0x00000001  x2:0x800409ce  x4=0x00000001
     188465.000 ns	     18845	800041ac	00099133	sll	x2,x19,x0	 x19:0x0000003b  x0:0x00000000  x2=0x0000003b
     188495.000 ns	     18848	800041b0	18021a53	fdiv.s	f20,f4,f0	  f4:0x7fc00000  f0:0x7fc00000 f20=0x7fc00000
     188515.000 ns	     18850	800041b4	406f8eb3	sub	x29,x31,x6	 x31:0xffffffff  x6:0x80041024 x29=0x7ffbefdb
     188535.000 ns	     18852	800041b8	e0099bd3	fclass.s	x23,f19	 f19:0x4f000410 x23=0x00000040
     188555.000 ns	     18854	800041bc	00a85f93	srli	x31,x16,0xa	 x16:0x80041000 x31=0x00200104
     188565.000 ns	     18855	800041c0	009bdb13	srli	x22,x23,0x9	 x23:0x00000040 x22=0x00000000
     188585.000 ns	     18857	800041c4	28f394d3	fmax.s	f9,f7,f15	  f7:0xddb79e72 f15:0x43183a19  f9=0x43183a19
     188615.000 ns	     18860	800041c8	f00e8453	fmv.w.x	f8,x29	 x29:0x7ffbefdb  f8=0x7ffbefdb
     188635.000 ns	     18862	800041cc	005684b3	add	x9,x13,x5	 x13:0x80041024  x5:0x7fffffff  x9=0x00041023
     188655.000 ns	     18864	800041d0	a00296d3	flt.s	x13,f5,f0	  f5:0x7fc00000  f0:0x7fc00000 x13=0x00000000
     188675.000 ns	     18866	800041d4	57c31017	auipc	x0,0x57c31	
     189035.000 ns	     18902	800041d8	03f4f033	remu	x0,x9,x31	  x9:0x00041023 x31:0x00200104
     189065.000 ns	     18905	800041dc	21d10553	fsgnj.s	f10,f2,f29	  f2:0x7fc00000 f29:0x43260000 f10=0x7fc00000
     189105.000 ns	     18909	800041e0	18d4f7d3	fdiv.s	f15,f9,f13	  f9:0x43183a19 f13:0xffc00000 f15=0x7fc00000
     189145.000 ns	     18913	800041e4	1162f753	fmul.s	f14,f5,f22	  f5:0x7fc00000 f22:0x4f000410 f14=0x7fc00000
     189185.000 ns	     18917	800041e8	1100afd3	fmul.s	f31,f1,f16	  f1:0x00000000 f16:0x5db79e72 f31=0x00000000
     189525.000 ns	     18951	800041ec	18bdbcd3	fdiv.s	f25,f27,f11	 f27:0x80000001 f11:0xbf80b84e f25=0x00000000
     189555.000 ns	     18954	800041f0	29e59ed3	fmax.s	f29,f11,f30	 f11:0xbf80b84e f30:0x7fc00000 f29=0xbf80b84e
     189575.000 ns	     18956	800041f4	012fde13	srli	x28,x31,0x12	 x31:0x00200104 x28=0x00000008
     189595.000 ns	     18958	800041f8	028227b3	mulhsu	x15,x4,x8	  x4:0x00000001  x8:0x00000139 x15=0x00000000
     189615.000 ns	     18960	800041fc	402ddd93	srai	x27,x27,0x2	 x27:0x83ebd000 x27=0xe0faf400
     189635.000 ns	     18962	80004200	28b10a53	fmin.s	f20,f2,f11	  f2:0x7fc00000 f11:0xbf80b84e f20=0xbf80b84e
     189665.000 ns	     18965	80004204	28550dd3	fmin.s	f27,f10,f5	 f10:0x7fc00000  f5:0x7fc00000 f27=0x7fc00000
     189685.000 ns	     18967	80004208	012c22b3	slt	x5,x24,x18	 x24:0x48000000 x18:0x80040fe4  x5=0x00000000
     189705.000 ns	     18969	8000420c	e00d1a53	fclass.s	x20,f26	 f26:0x00000000 x20=0x00000010
     189735.000 ns	     18972	80004210	a1d412d3	flt.s	x5,f8,f29	  f8:0x7ffbefdb f29:0xbf80b84e  x5=0x00000000
     189765.000 ns	     18975	80004214	d014c2d3	fcvt.s.wu	f5,x9	  x9:0x00041023  f5=0x48820460
     189785.000 ns	     18977	80004218	a60bc593	xori	x11,x23,-1440	 x23:0x00000040 x11=0xfffffa20
     189795.000 ns	     18978	8000421c	4f7ed7b7	lui	x15,0x4f7ed	 x15=0x4f7ed000
     189815.000 ns	     18980	80004220	c0087b53	fcvt.w.s	x22,f16	 f16:0x5db79e72 x22=0x7fffffff
     189835.000 ns	     18982	80004224	00000013	addi	x0,x0,0	  x0:0x00000000
     189845.000 ns	     18983	80004228	003b1693	slli	x13,x22,0x3	 x22:0x7fffffff x13=0xfffffff8
     189865.000 ns	     18985	8000422c	d00b4053	fcvt.s.w	f0,x22	 x22:0x7fffffff  f0=0x4f000000
     189885.000 ns	     18987	80004230	41445a33	sra	x20,x8,x20	  x8:0x00000139 x20:0x00000010 x20=0x00000000
     189905.000 ns	     18989	80004234	28711f53	fmax.s	f30,f2,f7	  f2:0x7fc00000  f7:0xddb79e72 f30=0xddb79e72
     189925.000 ns	     18991	80004238	40645033	sra	x0,x8,x6	  x8:0x00000139  x6:0x80041024
     189935.000 ns	     18992	8000423c	00319c13	slli	x24,x3,0x3	  x3:0x00000000 x24=0x00000000
     189955.000 ns	     18994	80004240	02f903b3	mul	x7,x18,x15	 x18:0x80040fe4 x15:0x4f7ed000  x7=0x7b214000
     189975.000 ns	     18996	80004244	1996b993	sltiu	x19,x13,409	 x13:0xfffffff8 x19=0x00000000
     190015.000 ns	     19000	80004248	0931af53	fsub.s	f30,f3,f19	  f3:0x4e994fbf f19:0x4f000410 f30=0xce4d70c1
     190035.000 ns	     19002	8000424c	005c11b3	sll	x3,x24,x5	 x24:0x00000000  x5:0x00000000  x3=0x00000000
     190045.000 ns	     19003	80004250	01c86593	ori	x11,x16,28	 x16:0x80041000 x11=0x8004101c
     190065.000 ns	     19005	80004254	20a623d3	fsgnjx.s	f7,f12,f10	 f12:0x00000000 f10:0x7fc00000  f7=0x00000000
     190085.000 ns	     19007	80004258	0149e0b3	or	x1,x19,x20	 x19:0x00000000 x20:0x00000000  x1=0x00000000
     190445.000 ns	     19043	8000425c	03e77eb3	remu	x29,x14,x30	 x14:0x00000001 x30:0xec5313c0 x29=0x00000001
     190475.000 ns	     19046	80004260	f00d8ad3	fmv.w.x	f21,x27	 x27:0xe0faf400 f21=0xe0faf400
     190495.000 ns	     19048	80004264	714a2493	slti	x9,x20,1812	 x20:0x00000000  x9=0x00000001
     190515.000 ns	     19050	80004268	a19004d3	fle.s	x9,f0,f25	  f0:0x4f000000 f25:0x00000000  x9=0x00000000
     190535.000 ns	     19052	8000426c	4167ddb3	sra	x27,x15,x22	 x15:0x4f7ed000 x22:0x7fffffff x27=0x00000000
     190555.000 ns	     19054	80004270	03c123b3	mulhsu	x7,x2,x28	  x2:0x0000003b x28:0x00000008  x7=0x00000000
     190595.000 ns	     19058	80004274	580ffcd3	fsqrt.s	f25,f31	 f31:0x00000000 f25=0x00000000
     190615.000 ns	     19060	80004278	6cd17db7	lui	x27,0x6cd17	 x27=0x6cd17000
     190635.000 ns	     19062	8000427c	03333d33	mulhu	x26,x6,x19	  x6:0x80041024 x19:0x00000000 x26=0x00000000
     190655.000 ns	     19064	80004280	00b961b3	or	x3,x18,x11	 x18:0x80040fe4 x11:0x8004101c  x3=0x80041ffc
     190985.000 ns	     19097	80004284	19da72d3	fdiv.s	f5,f20,f29	 f20:0xbf80b84e f29:0xbf80b84e  f5=0x3f07da0c
     191005.000 ns	     19099	80004288	236a2d37	lui	x26,0x236a2	 x26=0x236a2000
     191035.000 ns	     19102	8000428c	580f7953	fsqrt.s	f18,f30	 f30:0xce4d70c1 f18=0x7fc00000
     191065.000 ns	     19105	80004290	200617d3	fsgnjn.s	f15,f12,f0	 f12:0x00000000  f0:0x4f000000 f15=0x80000000
     191085.000 ns	     19107	80004294	0123b833	sltu	x16,x7,x18	  x7:0x00000000 x18:0x80040fe4 x16=0x00000001
     191095.000 ns	     19108	80004298	e8f52e93	slti	x29,x10,-369	 x10:0x00000001 x29=0x00000000
     191125.000 ns	     19111	8000429c	1917fe53	fdiv.s	f28,f15,f17	 f15:0x80000000 f17:0xff800000 f28=0x00000000
     191495.000 ns	     19148	800042a0	02d6ecb3	rem	x25,x13,x13	 x13:0xfffffff8 x13:0xfffffff8 x25=0x00000000
     191525.000 ns	     19151	800042a4	21a60cd3	fsgnj.s	f25,f12,f26	 f12:0x00000000 f26:0x00000000 f25=0x00000000
     191555.000 ns	     19154	800042a8	03de1e33	mulh	x28,x28,x29	 x28:0x00000008 x29:0x00000000 x28=0x00000000
     191585.000 ns	     19157	800042ac	a07f8fd3	fle.s	x31,f31,f7	 f31:0x00000000  f7:0x00000000 x31=0x00000001
     191605.000 ns	     19159	800042b0	62093e37	lui	x28,0x62093	 x28=0x62093000
     191625.000 ns	     19161	800042b4	c0097bd3	fcvt.w.s	x23,f18	 f18:0x7fc00000 x23=0x7fffffff
     191655.000 ns	     19164	800042b8	0359b533	mulhu	x10,x19,x21	 x19:0x00000000 x21:0x00000020 x10=0x00000000
     191705.000 ns	     19169	800042bc	08877553	fsub.s	f10,f14,f8	 f14:0x7fc00000  f8:0x7ffbefdb f10=0x7fc00000
     191725.000 ns	     19171	800042c0	01098833	add	x16,x19,x16	 x19:0x00000000 x16:0x00000001 x16=0x00000001
     191745.000 ns	     19173	800042c4	e00008d3	fmv.x.w	x17,f0	  f0:0x4f000000 x17=0x4f000000
     191765.000 ns	     19175	800042c8	05067493	andi	x9,x12,80	 x12:0x80040fe3  x9=0x00000040
     191785.000 ns	     19177	800042cc	02176db3	rem	x27,x14,x1	 x14:0x00000001  x1:0x00000000 x27=0x00000001
     191815.000 ns	     19180	800042d0	e0019bd3	fclass.s	x23,f3	  f3:0x4e994fbf x23=0x00000040
     192185.000 ns	     19217	800042d4	02b556b3	divu	x13,x10,x11	 x10:0x00000000 x11:0x8004101c x13=0x00000000
     192205.000 ns	     19219	800042d8	407cda33	sra	x20,x25,x7	 x25:0x00000000  x7:0x00000000 x20=0x00000000
     192225.000 ns	     19221	800042dc	02371cb3	mulh	x25,x14,x3	 x14:0x00000001  x3:0x80041ffc x25=0xffffffff
     192595.000 ns	     19258	800042e0	03ccfab3	remu	x21,x25,x28	 x25:0x00000000 x28:0x62093000 x21=0x3bed9fff
     192645.000 ns	     19263	800042e4	0965fc53	fsub.s	f24,f11,f22	 f11:0xbf80b84e f22:0x4f000410 f24=0xcf000410
     192665.000 ns	     19265	800042e8	7f9ec293	xori	x5,x29,2041	 x29:0x00000000  x5=0x000007f9
     192685.000 ns	     19267	800042ec	e00309d3	fmv.x.w	x19,f6	  f6:0x4f000410 x19=0x4f000410
     192705.000 ns	     19269	800042f0	011a29b3	slt	x19,x20,x17	 x20:0x00000000 x17:0x4f000000 x19=0x00000001
     192715.000 ns	     19270	800042f4	00c470b3	and	x1,x8,x12	  x8:0x00000139 x12:0x80040fe3  x1=0x00000121
     192735.000 ns	     19272	800042f8	a0a32ad3	feq.s	x21,f6,f10	  f6:0x4f000410 f10:0x7fc00000 x21=0x00000000
     192765.000 ns	     19275	800042fc	d0187453	fcvt.s.wu	f8,x16	 x16:0x00000001  f8=0x3f800000
     193135.000 ns	     19312	80004300	028144b3	div	x9,x2,x8	  x2:0x0000003b  x8:0x00000139  x9=0x00000000
     193185.000 ns	     19317	80004304	08cffbd3	fsub.s	f23,f31,f12	 f31:0x00000000 f12:0x00000000 f23=0x80000000
     193215.000 ns	     19320	80004308	e00005d3	fmv.x.w	x11,f0	  f0:0x4f000000 x11=0x4f000000
     193235.000 ns	     19322	8000430c	e2c2b037	lui	x0,0xe2c2b	
     194405.000 ns	     19439	80004310	58098b53	fsqrt.s	f22,f19	 f19:0x4f000410 f22=0x46b50a40
     194425.000 ns	     19441	80004314	409e0d33	sub	x26,x28,x9	 x28:0x62093000  x9:0x00000000 x26=0x62093000
     194445.000 ns	     19443	80004318	d00e9153	fcvt.s.w	f2,x29	 x29:0x00000000  f2=0x00000000
     194465.000 ns	     19445	8000431c	0082da13	srli	x20,x5,0x8	  x5:0x000007f9 x20=0x00000007
     194505.000 ns	     19449	80004320	09cf4753	fsub.s	f14,f30,f28	 f30:0xce4d70c1 f28:0x00000000 f14=0xce4d70c1
     194535.000 ns	     19452	80004324	d01636d3	fcvt.s.wu	f13,x12	 x12:0x80040fe3 f13=0x4f000410
     194555.000 ns	     19454	80004328	41d95733	sra	x14,x18,x29	 x18:0x80040fe4 x29:0x00000000 x14=0x80040fe4
     194575.000 ns	     19456	8000432c	d01635d3	fcvt.s.wu	f11,x12	 x12:0x80040fe3 f11=0x4f000410
     194595.000 ns	     19458	80004330	0158d813	srli	x16,x17,0x15	 x17:0x4f000000 x16=0x00000278
     194605.000 ns	     19459	80004334	406ddcb3	sra	x25,x27,x6	 x27:0x00000001  x6:0x80041024 x25=0x00000000
     194615.000 ns	     19460	80004338	2994f413	andi	x8,x9,665	  x9:0x00000000  x8=0x00000000
     194645.000 ns	     19463	8000433c	580ff5d3	fsqrt.s	f11,f31	 f31:0x00000000 f11=0x00000000
     194665.000 ns	     19465	80004340	01b35c13	srli	x24,x6,0x1b	  x6:0x80041024 x24=0x00000010
     194675.000 ns	     19466	80004344	00000013	addi	x0,x0,0	  x0:0x00000000
     194695.000 ns	     19468	80004348	2018aed3	fsgnjx.s	f29,f17,f1	 f17:0xff800000  f1:0x00000000 f29=0xff800000
     195035.000 ns	     19502	8000434c	1881ced3	fdiv.s	f29,f3,f8	  f3:0x4e994fbf  f8:0x3f800000 f29=0x4e994f47
     195075.000 ns	     19506	80004350	1011ffd3	fmul.s	f31,f3,f1	  f3:0x4e994fbf  f1:0x00000000 f31=0x00000000
     195105.000 ns	     19509	80004354	a012a253	feq.s	x4,f5,f1	  f5:0x3f07da0c  f1:0x00000000  x4=0x00000000
     195125.000 ns	     19511	80004358	fe275c17	auipc	x24,0xfe275	 x24=0x7e279358
     195135.000 ns	     19512	8000435c	baf27793	andi	x15,x4,-1105	  x4:0x00000000 x15=0x00000000
     195155.000 ns	     19514	80004360	21a60f53	fsgnj.s	f30,f12,f26	 f12:0x00000000 f26:0x00000000 f30=0x00000000
     195175.000 ns	     19516	80004364	01ffbb33	sltu	x22,x31,x31	 x31:0x00000001 x31:0x00000001 x22=0x00000000
     195185.000 ns	     19517	80004368	28440513	addi	x10,x8,644	  x8:0x00000000 x10=0x00000284
     195195.000 ns	     19518	8000436c	01882433	slt	x8,x16,x24	 x16:0x00000278 x24:0x7e279358  x8=0x00000001
     195205.000 ns	     19519	80004370	da764613	xori	x12,x12,-601	 x12:0x80040fe3 x12=0x7ffbf244
     195215.000 ns	     19520	80004374	f0ed5697	auipc	x13,0xf0ed5	 x13=0x70ed9374
     195225.000 ns	     19521	80004378	2fba0093	addi	x1,x20,763	 x20:0x00000007  x1=0x00000302
     195235.000 ns	     19522	8000437c	00000013	addi	x0,x0,0	  x0:0x00000000
     195245.000 ns	     19523	80004380	6aa32013	slti	x0,x6,1706	  x6:0x80041024
     195255.000 ns	     19524	80004384	41730533	sub	x10,x6,x23	  x6:0x80041024 x23:0x00000040 x10=0x80040fe4
     195275.000 ns	     19526	80004388	28cd1ad3	fmax.s	f21,f26,f12	 f26:0x00000000 f12:0x00000000 f21=0x00000000
     195305.000 ns	     19529	8000438c	21290c53	fsgnj.s	f24,f18,f18	 f18:0x7fc00000 f18:0x7fc00000 f24=0x7fc00000
     195325.000 ns	     19531	80004390	a153dd17	auipc	x26,0xa153d	 x26=0x21541390
     195335.000 ns	     19532	80004394	08ba2093	slti	x1,x20,139	 x20:0x00000007  x1=0x00000001
     195355.000 ns	     19534	80004398	0291e9b3	rem	x19,x3,x9	  x3:0x80041ffc  x9:0x00000000 x19=0x80041ffc
     195375.000 ns	     19536	8000439c	00000013	addi	x0,x0,0	  x0:0x00000000
     195385.000 ns	     19537	800043a0	011c0db3	add	x27,x24,x17	 x24:0x7e279358 x17:0x4f000000 x27=0xcd279358
     195395.000 ns	     19538	800043a4	e45ee493	ori	x9,x29,-443	 x29:0x00000000  x9=0xfffffe45
     195415.000 ns	     19540	800043a8	a1801e53	flt.s	x28,f0,f24	  f0:0x4f000000 f24:0x7fc00000 x28=0x00000000
     195445.000 ns	     19543	800043ac	c006f3d3	fcvt.w.s	x7,f13	 f13:0x4f000410  x7=0x7fffffff
     195475.000 ns	     19546	800043b0	0359b533	mulhu	x10,x19,x21	 x19:0x80041ffc x21:0x00000000 x10=0x00000000
     195505.000 ns	     19549	800043b4	20861bd3	fsgnjn.s	f23,f12,f8	 f12:0x00000000  f8:0x3f800000 f23=0x80000000
     195535.000 ns	     19552	800043b8	021eaeb3	mulhsu	x29,x29,x1	 x29:0x00000000  x1:0x00000001 x29=0x00000000
     195555.000 ns	     19554	800043bc	00e99e33	sll	x28,x19,x14	 x19:0x80041ffc x14:0x80040fe4 x28=0x0041ffc0
     195565.000 ns	     19555	800043c0	01a7e5b3	or	x11,x15,x26	 x15:0x00000000 x26:0x21541390 x11=0x21541390
     195595.000 ns	     19558	800043c4	580a18d3	fsqrt.s	f17,f20	 f20:0xbf80b84e f17=0x7fc00000
     195615.000 ns	     19560	800043c8	0042e7b3	or	x15,x5,x4	  x5:0x000007f9  x4:0x00000000 x15=0x000007f9
     195635.000 ns	     19562	800043cc	c01d81d3	fcvt.wu.s	x3,f27	 f27:0x7fc00000  x3=0xffffffff
     195665.000 ns	     19565	800043d0	217a84d3	fsgnj.s	f9,f21,f23	 f21:0x00000000 f23:0x80000000  f9=0x80000000
     195685.000 ns	     19567	800043d4	017164b3	or	x9,x2,x23	  x2:0x0000003b x23:0x00000040  x9=0x0000007b
     195695.000 ns	     19568	800043d8	8fc98bb7	lui	x23,0x8fc98	 x23=0x8fc98000
     195715.000 ns	     19570	800043dc	c0157c53	fcvt.wu.s	x24,f10	 f10:0x7fc00000 x24=0xffffffff
     195745.000 ns	     19573	800043e0	20868953	fsgnj.s	f18,f13,f8	 f13:0x4f000410  f8:0x3f800000 f18=0x4f000410
     195765.000 ns	     19575	800043e4	00ae5113	srli	x2,x28,0xa	 x28:0x0041ffc0  x2=0x0000107f
     195775.000 ns	     19576	800043e8	00259713	slli	x14,x11,0x2	 x11:0x21541390 x14=0x85504e40
     195795.000 ns	     19578	800043ec	c00aa4d3	fcvt.w.s	x9,f21	 f21:0x00000000  x9=0x00000000
     195815.000 ns	     19580	800043f0	57524b93	xori	x23,x4,1397	  x4:0x00000000 x23=0x00000575
     195835.000 ns	     19582	800043f4	c00c7a53	fcvt.w.s	x20,f24	 f24:0x7fc00000 x20=0x7fffffff
     195855.000 ns	     19584	800043f8	196dc013	xori	x0,x27,406	 x27:0xcd279358
     195865.000 ns	     19585	800043fc	5b16b113	sltiu	x2,x13,1457	 x13:0x70ed9374  x2=0x00000000
     195875.000 ns	     19586	80004400	016f2433	slt	x8,x30,x22	 x30:0xec5313c0 x22:0x00000000  x8=0x00000001
     195895.000 ns	     19588	80004404	a0a285d3	fle.s	x11,f5,f10	  f5:0x3f07da0c f10:0x7fc00000 x11=0x00000000
     195925.000 ns	     19591	80004408	0277aa33	mulhsu	x20,x15,x7	 x15:0x000007f9  x7:0x7fffffff x20=0x000003fc
     196295.000 ns	     19628	8000440c	03af61b3	rem	x3,x30,x26	 x30:0xec5313c0 x26:0x21541390  x3=0xec5313c0
     196315.000 ns	     19630	80004410	bc3aea13	ori	x20,x21,-1085	 x21:0x00000000 x20=0xfffffbc3
     196325.000 ns	     19631	80004414	00e885b3	add	x11,x17,x14	 x17:0x4f000000 x14:0x85504e40 x11=0xd4504e40
     196685.000 ns	     19667	80004418	0340c233	div	x4,x1,x20	  x1:0x00000001 x20:0x000003fc  x4=0x00000000
     196715.000 ns	     19670	8000441c	219407d3	fsgnj.s	f15,f8,f25	  f8:0x3f800000 f25:0x00000000 f15=0x3f800000
     196745.000 ns	     19673	80004420	d01f9d53	fcvt.s.wu	f26,x31	 x31:0x00000001 f26=0x3f800000
     196775.000 ns	     19676	80004424	217c9253	fsgnjn.s	f4,f25,f23	 f25:0x00000000 f23:0x80000000  f4=0x00000000
     196805.000 ns	     19679	80004428	d01ffd53	fcvt.s.wu	f26,x31	 x31:0x00000001 f26=0x3f800000
     196825.000 ns	     19681	8000442c	6bd7b237	lui	x4,0x6bd7b	  x4=0x6bd7b000
     196835.000 ns	     19682	80004430	00254c33	xor	x24,x10,x2	 x10:0x00000000  x2:0x00000000 x24=0x00000000
     196855.000 ns	     19684	80004434	a08b2bd3	feq.s	x23,f22,f8	 f22:0x46b50a40  f8:0x3f800000 x23=0x00000000
     196875.000 ns	     19686	80004438	00d7bc33	sltu	x24,x15,x13	 x15:0x000007f9 x13:0x70ed9374 x24=0x00000001
     196895.000 ns	     19688	8000443c	c0199253	fcvt.wu.s	x4,f19	 f19:0x4f000410  x4=0x80041000
     196925.000 ns	     19691	80004440	21e09353	fsgnjn.s	f6,f1,f30	  f1:0x00000000 f30:0x00000000  f6=0x80000000
     196955.000 ns	     19694	80004444	03636e33	rem	x28,x6,x22	  x6:0x80041024 x22:0x00000000 x28=0x80041024
     196975.000 ns	     19696	80004448	00d2c9b3	xor	x19,x5,x13	  x5:0x000007f9 x13:0x70ed9374 x19=0x70ed948d
     196995.000 ns	     19698	8000444c	29ce0a53	fmin.s	f20,f28,f28	 f28:0x00000000 f28:0x00000000 f20=0x00000000
     197025.000 ns	     19701	80004450	02d50eb3	mul	x29,x10,x13	 x10:0x00000000 x13:0x70ed9374 x29=0x00000000
     197045.000 ns	     19703	80004454	0070a6b3	slt	x13,x1,x7	  x1:0x00000001  x7:0x7fffffff x13=0x00000001
     197065.000 ns	     19705	80004458	e00e84d3	fmv.x.w	x9,f29	 f29:0x4e994f47  x9=0x4e994f47
     197085.000 ns	     19707	8000445c	0129ce13	xori	x28,x19,18	 x19:0x70ed948d x28=0x70ed949f
     197415.000 ns	     19740	80004460	19240053	fdiv.s	f0,f8,f18	  f8:0x3f800000 f18:0x4f000410  f0=0x2f800000
     197445.000 ns	     19743	80004464	28c488d3	fmin.s	f17,f9,f12	  f9:0x80000000 f12:0x00000000 f17=0x80000000
     197465.000 ns	     19745	80004468	01bada13	srli	x20,x21,0x1b	 x21:0x00000000 x20=0x00000000
     197485.000 ns	     19747	8000446c	d00d73d3	fcvt.s.w	f7,x26	 x26:0x21541390  f7=0x4e05504e
     197505.000 ns	     19749	80004470	019ca8b3	slt	x17,x25,x25	 x25:0x00000000 x25:0x00000000 x17=0x00000000
     197865.000 ns	     19785	80004474	0327fab3	remu	x21,x15,x18	 x15:0x000007f9 x18:0x80040fe4 x21=0x000007f9
     197885.000 ns	     19787	80004478	00000013	addi	x0,x0,0	  x0:0x00000000
     197895.000 ns	     19788	8000447c	00202a33	slt	x20,x0,x2	  x0:0x00000000  x2:0x00000000 x20=0x00000000
     197905.000 ns	     19789	80004480	0057c3b3	xor	x7,x15,x5	 x15:0x000007f9  x5:0x000007f9  x7=0x00000000
     197925.000 ns	     19791	80004484	02899bb3	mulh	x23,x19,x8	 x19:0x70ed948d  x8:0x00000001 x23=0x00000000
     197955.000 ns	     19794	80004488	e0090053	fmv.x.w	x0,f18	 f18:0x4f000410
     197995.000 ns	     19798	8000448c	19a090d3	fdiv.s	f1,f1,f26	  f1:0x00000000 f26:0x3f800000  f1=0x00000000
     198025.000 ns	     19801	80004490	c01db153	fcvt.wu.s	x2,f27	 f27:0x7fc00000  x2=0xffffffff
     198045.000 ns	     19803	80004494	01a28033	add	x0,x5,x26	  x5:0x000007f9 x26:0x21541390
     198065.000 ns	     19805	80004498	294d07d3	fmin.s	f15,f26,f20	 f26:0x3f800000 f20:0x00000000 f15=0x00000000
     198085.000 ns	     19807	8000449c	01ff79b3	and	x19,x30,x31	 x30:0xec5313c0 x31:0x00000001 x19=0x00000000
     198095.000 ns	     19808	800044a0	4a9f3e93	sltiu	x29,x30,1193	 x30:0xec5313c0 x29=0x00000000
     198115.000 ns	     19810	800044a4	21a38cd3	fsgnj.s	f25,f7,f26	  f7:0x4e05504e f26:0x3f800000 f25=0x4e05504e
     198135.000 ns	     19812	800044a8	4130dd33	sra	x26,x1,x19	  x1:0x00000001 x19:0x00000000 x26=0x00000001
     198145.000 ns	     19813	800044ac	6482b093	sltiu	x1,x5,1608	  x5:0x000007f9  x1=0x00000000
     198155.000 ns	     19814	800044b0	002b8c33	add	x24,x23,x2	 x23:0x00000000  x2:0xffffffff x24=0xffffffff
     198175.000 ns	     19816	800044b4	d01b29d3	fcvt.s.wu	f19,x22	 x22:0x00000000 f19=0x00000000
     198205.000 ns	     19819	800044b8	d013f253	fcvt.s.wu	f4,x7	  x7:0x00000000  f4=0x00000000
     198225.000 ns	     19821	800044bc	400f5093	srai	x1,x30,0x0	 x30:0xec5313c0  x1=0xec5313c0
     198235.000 ns	     19822	800044c0	01187833	and	x16,x16,x17	 x16:0x00000278 x17:0x00000000 x16=0x00000000
     198595.000 ns	     19858	800044c4	0227fa33	remu	x20,x15,x2	 x15:0x000007f9  x2:0xffffffff x20=0x000007f9
     198615.000 ns	     19860	800044c8	1b4deb17	auipc	x22,0x1b4de	 x22=0x9b4e24c8
     198635.000 ns	     19862	800044cc	c01e7e53	fcvt.wu.s	x28,f28	 f28:0x00000000 x28=0x00000000
     198665.000 ns	     19865	800044d0	20959cd3	fsgnjn.s	f25,f11,f9	 f11:0x00000000  f9:0x80000000 f25=0x00000000
     198695.000 ns	     19868	800044d4	297a8dd3	fmin.s	f27,f21,f23	 f21:0x00000000 f23:0x80000000 f27=0x80000000
     198725.000 ns	     19871	800044d8	e0061b53	fclass.s	x22,f12	 f12:0x00000000 x22=0x00000010
     198755.000 ns	     19874	800044dc	c01c2bd3	fcvt.wu.s	x23,f24	 f24:0x7fc00000 x23=0xffffffff
     198785.000 ns	     19877	800044e0	28b19453	fmax.s	f8,f3,f11	  f3:0x4e994fbf f11:0x00000000  f8=0x4e994fbf
     198805.000 ns	     19879	800044e4	000f9a93	slli	x21,x31,0x0	 x31:0x00000001 x21=0x00000001
     198845.000 ns	     19883	800044e8	0021fcd3	fadd.s	f25,f3,f2	  f3:0x4e994fbf  f2:0x00000000 f25=0x4e994fbf
     198865.000 ns	     19885	800044ec	7adcd097	auipc	x1,0x7adcd	  x1=0xfadd14ec
     198885.000 ns	     19887	800044f0	030146b3	div	x13,x2,x16	  x2:0xffffffff x16:0x00000000 x13=0xffffffff
     198915.000 ns	     19890	800044f4	20e79353	fsgnjn.s	f6,f15,f14	 f15:0x00000000 f14:0xce4d70c1  f6=0x00000000
     198945.000 ns	     19893	800044f8	d000ff53	fcvt.s.w	f30,x1	  x1:0xfadd14ec f30=0xcca45d62
     198975.000 ns	     19896	800044fc	d0079553	fcvt.s.w	f10,x15	 x15:0x000007f9 f10=0x44ff2000
     198995.000 ns	     19898	80004500	0079f0b3	and	x1,x19,x7	 x19:0x00000000  x7:0x00000000  x1=0x00000000
     199005.000 ns	     19899	80004504	6dbd4193	xori	x3,x26,1755	 x26:0x00000001  x3=0x000006da
     199015.000 ns	     19900	80004508	01e5d533	srl	x10,x11,x30	 x11:0xd4504e40 x30:0xec5313c0 x10=0xd4504e40
     199035.000 ns	     19902	8000450c	20f705d3	fsgnj.s	f11,f14,f15	 f14:0xce4d70c1 f15:0x00000000 f11=0x4e4d70c1
     199075.000 ns	     19906	80004510	10ec2953	fmul.s	f18,f24,f14	 f24:0x7fc00000 f14:0xce4d70c1 f18=0x7fc00000
     199105.000 ns	     19909	80004514	a10291d3	flt.s	x3,f5,f16	  f5:0x3f07da0c f16:0x5db79e72  x3=0x00000001
     199475.000 ns	     19946	80004518	035f7e33	remu	x28,x30,x21	 x30:0xec5313c0 x21:0x00000001 x28=0x00000000
     199495.000 ns	     19948	8000451c	0112b833	sltu	x16,x5,x17	  x5:0x000007f9 x17:0x00000000 x16=0x00000000
     199515.000 ns	     19950	80004520	e00f9753	fclass.s	x14,f31	 f31:0x00000000 x14=0x00000010
     199545.000 ns	     19953	80004524	20951553	fsgnjn.s	f10,f10,f9	 f10:0x44ff2000  f9:0x80000000 f10=0x44ff2000
     199575.000 ns	     19956	80004528	f00c8953	fmv.w.x	f18,x25	 x25:0x00000000 f18=0x00000000
     199595.000 ns	     19958	8000452c	b4894c93	xori	x25,x18,-1208	 x18:0x80040fe4 x25=0x7ffbf4ac
     199605.000 ns	     19959	80004530	4076d9b3	sra	x19,x13,x7	 x13:0xffffffff  x7:0x00000000 x19=0xffffffff
     199625.000 ns	     19961	80004534	03cfd4b3	divu	x9,x31,x28	 x31:0x00000001 x28:0x00000000  x9=0xffffffff
     199645.000 ns	     19963	80004538	00fe5633	srl	x12,x28,x15	 x28:0x00000000 x15:0x000007f9 x12=0x00000000
     199655.000 ns	     19964	8000453c	414d81b3	sub	x3,x27,x20	 x27:0xcd279358 x20:0x000007f9  x3=0xcd278b5f
     199695.000 ns	     19968	80004540	09758fd3	fsub.s	f31,f11,f23	 f11:0x4e4d70c1 f23:0x80000000 f31=0x4e4d70c1
     199715.000 ns	     19970	80004544	59346b17	auipc	x22,0x59346	 x22=0xd934a544
     200885.000 ns	     20087	80004548	5803fbd3	fsqrt.s	f23,f7	  f7:0x4e05504e f23=0x463c8830
     200905.000 ns	     20089	8000454c	000c1d93	slli	x27,x24,0x0	 x24:0xffffffff x27=0xffffffff
     200915.000 ns	     20090	80004550	01de4bb3	xor	x23,x28,x29	 x28:0x00000000 x29:0x00000000 x23=0x00000000
     200925.000 ns	     20091	80004554	44cbbd97	auipc	x27,0x44cbb	 x27=0xc4cbf554
     200945.000 ns	     20093	80004558	02462233	mulhsu	x4,x12,x4	 x12:0x00000000  x4:0x80041000  x4=0x00000000
     200965.000 ns	     20095	8000455c	0079c733	xor	x14,x19,x7	 x19:0xffffffff  x7:0x00000000 x14=0xffffffff
     200975.000 ns	     20096	80004560	01aa67b3	or	x15,x20,x26	 x20:0x000007f9 x26:0x00000001 x15=0x000007f9
     200985.000 ns	     20097	80004564	004188b3	add	x17,x3,x4	  x3:0xcd278b5f  x4:0x00000000 x17=0xcd278b5f
     201005.000 ns	     20099	80004568	29b51753	fmax.s	f14,f10,f27	 f10:0x44ff2000 f27:0x80000000 f14=0x44ff2000
     201025.000 ns	     20101	8000456c	3eb22d13	slti	x26,x4,1003	  x4:0x00000000 x26=0x00000001
     201385.000 ns	     20137	80004570	02865833	divu	x16,x12,x8	 x12:0x00000000  x8:0x00000001 x16=0x00000000
     201415.000 ns	     20140	80004574	e0041ad3	fclass.s	x21,f8	  f8:0x4e994fbf x21=0x00000040
     201455.000 ns	     20144	80004578	19b1f353	fdiv.s	f6,f3,f27	  f3:0x4e994fbf f27:0x80000000  f6=0xff800000
     201495.000 ns	     20148	8000457c	1817ca53	fdiv.s	f20,f15,f1	 f15:0x00000000  f1:0x00000000 f20=0x7fc00000
     201525.000 ns	     20151	80004580	28f39953	fmax.s	f18,f7,f15	  f7:0x4e05504e f15:0x00000000 f18=0x4e05504e
     201555.000 ns	     20154	80004584	282e0953	fmin.s	f18,f28,f2	 f28:0x00000000  f2:0x00000000 f18=0x00000000
     201585.000 ns	     20157	80004588	a1f10fd3	fle.s	x31,f2,f31	  f2:0x00000000 f31:0x4e4d70c1 x31=0x00000001
     201605.000 ns	     20159	8000458c	06b06797	auipc	x15,0x6b06	 x15=0x86b0a58c
     201625.000 ns	     20161	80004590	21fb9653	fsgnjn.s	f12,f23,f31	 f23:0x463c8830 f31:0x4e4d70c1 f12=0xc63c8830
     201645.000 ns	     20163	80004594	019fdc33	srl	x24,x31,x25	 x31:0x00000001 x25:0x7ffbf4ac x24=0x00000000
     201665.000 ns	     20165	80004598	28428f53	fmin.s	f30,f5,f4	  f5:0x3f07da0c  f4:0x00000000 f30=0x00000000
     201685.000 ns	     20167	8000459c	0174c533	xor	x10,x9,x23	  x9:0xffffffff x23:0x00000000 x10=0xffffffff
     201695.000 ns	     20168	800045a0	1f51c893	xori	x17,x3,501	  x3:0xcd278b5f x17=0xcd278aaa
     201715.000 ns	     20170	800045a4	a0f590d3	flt.s	x1,f11,f15	 f11:0x4e4d70c1 f15:0x00000000  x1=0x00000000
     201735.000 ns	     20172	800045a8	40b5d633	sra	x12,x11,x11	 x11:0xd4504e40 x11:0xd4504e40 x12=0xd4504e40
     201745.000 ns	     20173	800045ac	b5ea2893	slti	x17,x20,-1186	 x20:0x000007f9 x17=0x00000000
     202105.000 ns	     20209	800045b0	022a58b3	divu	x17,x20,x2	 x20:0x000007f9  x2:0xffffffff x17=0x00000000
     202125.000 ns	     20211	800045b4	00000013	addi	x0,x0,0	  x0:0x00000000
     202135.000 ns	     20212	800045b8	01df2597	auipc	x11,0x1df2	 x11=0x81df65b8
     202145.000 ns	     20213	800045bc	003a3fb3	sltu	x31,x20,x3	 x20:0x000007f9  x3:0xcd278b5f x31=0x00000001
     202155.000 ns	     20214	800045c0	59eec993	xori	x19,x29,1438	 x29:0x00000000 x19=0x0000059e
     202175.000 ns	     20216	800045c4	29d01653	fmax.s	f12,f0,f29	  f0:0x2f800000 f29:0x4e994f47 f12=0x4e994f47
     202205.000 ns	     20219	800045c8	f0068ad3	fmv.w.x	f21,x13	 x13:0xffffffff f21=0xffffffff
     202225.000 ns	     20221	800045cc	41dddf93	srai	x31,x27,0x1d	 x27:0xc4cbf554 x31=0xfffffffe
     202235.000 ns	     20222	800045d0	a9600013	addi	x0,x0,-1386	  x0:0x00000000
     202245.000 ns	     20223	800045d4	00000013	addi	x0,x0,0	  x0:0x00000000
     202255.000 ns	     20224	800045d8	d7ae8e13	addi	x28,x29,-646	 x29:0x00000000 x28=0xfffffd7a
     202275.000 ns	     20226	800045dc	21660153	fsgnj.s	f2,f12,f22	 f12:0x4e994f47 f22:0x46b50a40  f2=0x4e994f47
     202295.000 ns	     20228	800045e0	a969f713	andi	x14,x19,-1386	 x19:0x0000059e x14=0x00000096
     202325.000 ns	     20231	800045e4	11f8f3d3	fmul.s	f7,f17,f31	 f17:0x80000000 f31:0x4e4d70c1  f7=0x80000000
     202375.000 ns	     20236	800045e8	0041b4d3	fadd.s	f9,f3,f4	  f3:0x4e994fbf  f4:0x00000000  f9=0x4e994fbf
     202415.000 ns	     20240	800045ec	5808c653	fsqrt.s	f12,f17	 f17:0x80000000 f12=0x80000000
     202755.000 ns	     20274	800045f0	19077653	fdiv.s	f12,f14,f16	 f14:0x44ff2000 f16:0x5db79e72 f12=0x267f2000
     202775.000 ns	     20276	800045f4	00da6a33	or	x20,x20,x13	 x20:0x000007f9 x13:0xffffffff x20=0xffffffff
     203945.000 ns	     20393	800045f8	58087953	fsqrt.s	f18,f16	 f16:0x5db79e72 f18=0x4e994eb1
     203965.000 ns	     20395	800045fc	0054e533	or	x10,x9,x5	  x9:0xffffffff  x5:0x000007f9 x10=0xffffffff
     203985.000 ns	     20397	80004600	c0179653	fcvt.wu.s	x12,f15	 f15:0x00000000 x12=0x00000000
     204025.000 ns	     20401	80004604	106972d3	fmul.s	f5,f18,f6	 f18:0x4e994eb1  f6:0xff800000  f5=0xff800000
     204055.000 ns	     20404	80004608	217d1dd3	fsgnjn.s	f27,f26,f23	 f26:0x3f800000 f23:0x463c8830 f27=0xbf800000
     204075.000 ns	     20406	8000460c	001bc0b3	xor	x1,x23,x1	 x23:0x00000000  x1:0x00000000  x1=0x00000000
     204085.000 ns	     20407	80004610	01003eb3	sltu	x29,x0,x16	  x0:0x00000000 x16:0x00000000 x29=0x00000000
     204105.000 ns	     20409	80004614	d00976d3	fcvt.s.w	f13,x18	 x18:0x80040fe4 f13=0xcefff7e0
     204125.000 ns	     20411	80004618	415ddd13	srai	x26,x27,0x15	 x27:0xc4cbf554 x26=0xfffffe26
     204135.000 ns	     20412	8000461c	019f80b3	add	x1,x31,x25	 x31:0xfffffffe x25:0x7ffbf4ac  x1=0x7ffbf4aa
     204145.000 ns	     20413	80004620	414b8733	sub	x14,x23,x20	 x23:0x00000000 x20:0xffffffff x14=0x00000001
     204165.000 ns	     20415	80004624	028f8c33	mul	x24,x31,x8	 x31:0xfffffffe  x8:0x00000001 x24=0xfffffffe
     204195.000 ns	     20418	80004628	a10308d3	fle.s	x17,f6,f16	  f6:0xff800000 f16:0x5db79e72 x17=0x00000001
     204215.000 ns	     20420	8000462c	1ffda293	slti	x5,x27,511	 x27:0xc4cbf554  x5=0x00000001
     204235.000 ns	     20422	80004630	02bb9db3	mulh	x27,x23,x11	 x23:0x00000000 x11:0x81df65b8 x27=0x00000000
     204265.000 ns	     20425	80004634	29a91b53	fmax.s	f22,f18,f26	 f18:0x4e994eb1 f26:0x3f800000 f22=0x4e994eb1
     204285.000 ns	     20427	80004638	e804cd17	auipc	x26,0xe804c	 x26=0x68050638
     204295.000 ns	     20428	8000463c	00f780b3	add	x1,x15,x15	 x15:0x86b0a58c x15:0x86b0a58c  x1=0x0d614b18
     204655.000 ns	     20464	80004640	0232d9b3	divu	x19,x5,x3	  x5:0x00000001  x3:0xcd278b5f x19=0x00000000
     204695.000 ns	     20468	80004644	107a7453	fmul.s	f8,f20,f7	 f20:0x7fc00000  f7:0x80000000  f8=0x7fc00000
     204715.000 ns	     20470	80004648	0158de33	srl	x28,x17,x21	 x17:0x00000001 x21:0x00000040 x28=0x00000001
     204725.000 ns	     20471	8000464c	f4dc0693	addi	x13,x24,-179	 x24:0xfffffffe x13=0xffffff4b
     204735.000 ns	     20472	80004650	f71ecd93	xori	x27,x29,-143	 x29:0x00000000 x27=0xffffff71
     204755.000 ns	     20474	80004654	c00cfad3	fcvt.w.s	x21,f25	 f25:0x4e994fbf x21=0x4ca7df80
     204775.000 ns	     20476	80004658	d52f4e37	lui	x28,0xd52f4	 x28=0xd52f4000
     204795.000 ns	     20478	8000465c	028c2833	mulhsu	x16,x24,x8	 x24:0xfffffffe  x8:0x00000001 x16=0xffffffff
     205165.000 ns	     20515	80004660	0229d6b3	divu	x13,x19,x2	 x19:0x00000000  x2:0xffffffff x13=0x00000000
     205185.000 ns	     20517	80004664	f73b6c13	ori	x24,x22,-141	 x22:0xd934a544 x24=0xffffff77
     205205.000 ns	     20519	80004668	20968d53	fsgnj.s	f26,f13,f9	 f13:0xcefff7e0  f9:0x4e994fbf f26=0x4efff7e0
     205225.000 ns	     20521	8000466c	00473b33	sltu	x22,x14,x4	 x14:0x00000001  x4:0x00000000 x22=0x00000000
     205265.000 ns	     20525	80004670	00cc7ad3	fadd.s	f21,f24,f12	 f24:0x7fc00000 f12:0x267f2000 f21=0x7fc00000
     205285.000 ns	     20527	80004674	00228133	add	x2,x5,x2	  x5:0x00000001  x2:0xffffffff  x2=0x00000000
     205325.000 ns	     20531	80004678	0828f153	fsub.s	f2,f17,f2	 f17:0x80000000  f2:0x4e994f47  f2=0xce994f47
     205345.000 ns	     20533	8000467c	40a05433	sra	x8,x0,x10	  x0:0x00000000 x10:0xffffffff  x8=0x00000000
     205365.000 ns	     20535	80004680	c00673d3	fcvt.w.s	x7,f12	 f12:0x267f2000  x7=0x00000000
     205405.000 ns	     20539	80004684	11052553	fmul.s	f10,f10,f16	 f10:0x44ff2000 f16:0x5db79e72 f10=0x6336fdc7
     205435.000 ns	     20542	80004688	a07b95d3	flt.s	x11,f23,f7	 f23:0x463c8830  f7:0x80000000 x11=0x00000000
     205465.000 ns	     20545	8000468c	02a31cb3	mulh	x25,x6,x10	  x6:0x80041024 x10:0xffffffff x25=0x00000000
     205485.000 ns	     20547	80004690	0765a093	slti	x1,x11,118	 x11:0x00000000  x1=0x00000001
     205495.000 ns	     20548	80004694	8aa76813	ori	x16,x14,-1878	 x14:0x00000001 x16=0xfffff8ab
     205505.000 ns	     20549	80004698	40b9d0b3	sra	x1,x19,x11	 x19:0x00000000 x11:0x00000000  x1=0x00000000
     205525.000 ns	     20551	8000469c	a06d0553	fle.s	x10,f26,f6	 f26:0x4efff7e0  f6:0xff800000 x10=0x00000000
     205555.000 ns	     20554	800046a0	20af1553	fsgnjn.s	f10,f30,f10	 f30:0x00000000 f10:0x6336fdc7 f10=0x80000000
     205575.000 ns	     20556	800046a4	40aa0433	sub	x8,x20,x10	 x20:0xffffffff x10:0x00000000  x8=0xffffffff
     205595.000 ns	     20558	800046a8	21e42fd3	fsgnjx.s	f31,f8,f30	  f8:0x7fc00000 f30:0x00000000 f31=0x7fc00000
     205965.000 ns	     20595	800046ac	03cdf033	remu	x0,x27,x28	 x27:0xffffff71 x28:0xd52f4000
     205985.000 ns	     20597	800046b0	0186e033	or	x0,x13,x24	 x13:0x00000000 x24:0xffffff77
     206005.000 ns	     20599	800046b4	29be86d3	fmin.s	f13,f29,f27	 f29:0x4e994f47 f27:0xbf800000 f13=0xbf800000
     206025.000 ns	     20601	800046b8	97588e93	addi	x29,x17,-1675	 x17:0x00000001 x29=0xfffff976
     206035.000 ns	     20602	800046bc	00000013	addi	x0,x0,0	  x0:0x00000000
     206055.000 ns	     20604	800046c0	286f1353	fmax.s	f6,f30,f6	 f30:0x00000000  f6:0xff800000  f6=0x00000000
     206075.000 ns	     20606	800046c4	085119b7	lui	x19,0x8511	 x19=0x08511000
     206085.000 ns	     20607	800046c8	00af8033	add	x0,x31,x10	 x31:0xfffffffe x10:0x00000000
     206095.000 ns	     20608	800046cc	01aeaab3	slt	x21,x29,x26	 x29:0xfffff976 x26:0x68050638 x21=0x00000001
     206115.000 ns	     20610	800046d0	d004f9d3	fcvt.s.w	f19,x9	  x9:0xffffffff f19=0xbf800000
     206135.000 ns	     20612	800046d4	40395393	srai	x7,x18,0x3	 x18:0x80040fe4  x7=0xf00081fc
     206145.000 ns	     20613	800046d8	4038d293	srai	x5,x17,0x3	 x17:0x00000001  x5=0x00000000
     206165.000 ns	     20615	800046dc	f0060253	fmv.w.x	f4,x12	 x12:0x00000000  f4=0x00000000
     206195.000 ns	     20618	800046e0	20ac97d3	fsgnjn.s	f15,f25,f10	 f25:0x4e994fbf f10:0x80000000 f15=0x4e994fbf
     206225.000 ns	     20621	800046e4	c0134fd3	fcvt.wu.s	x31,f6	  f6:0x00000000 x31=0x00000000
     206255.000 ns	     20624	800046e8	d01d74d3	fcvt.s.wu	f9,x26	 x26:0x68050638  f9=0x4ed00a0c
     206285.000 ns	     20627	800046ec	020b0733	mul	x14,x22,x0	 x22:0x00000000  x0:0x00000000 x14=0x00000000
     206305.000 ns	     20629	800046f0	40955ab3	sra	x21,x10,x9	 x10:0x00000000  x9:0xffffffff x21=0x00000000
     206325.000 ns	     20631	800046f4	e00f0c53	fmv.x.w	x24,f30	 f30:0x00000000 x24=0x00000000
     206345.000 ns	     20633	800046f8	006dabb3	slt	x23,x27,x6	 x27:0xffffff71  x6:0x80041024 x23=0x00000000
     206375.000 ns	     20636	800046fc	1968fdd3	fdiv.s	f27,f17,f22	 f17:0x80000000 f22:0x4e994eb1 f27=0x80000000
     206395.000 ns	     20638	80004700	003a10b3	sll	x1,x20,x3	 x20:0xffffffff  x3:0xcd278b5f  x1=0x80000000
     206415.000 ns	     20640	80004704	21f182d3	fsgnj.s	f5,f3,f31	  f3:0x4e994fbf f31:0x7fc00000  f5=0x4e994fbf
     206435.000 ns	     20642	80004708	00bbedb3	or	x27,x23,x11	 x23:0x00000000 x11:0x00000000 x27=0x00000000
     206445.000 ns	     20643	8000470c	00535a33	srl	x20,x6,x5	  x6:0x80041024  x5:0x00000000 x20=0x80041024
     206455.000 ns	     20644	80004710	410cdab3	sra	x21,x25,x16	 x25:0x00000000 x16:0xfffff8ab x21=0x00000000
     207625.000 ns	     20761	80004714	58077ed3	fsqrt.s	f29,f14	 f14:0x44ff2000 f29=0x4234b570
     207645.000 ns	     20763	80004718	003f9293	slli	x5,x31,0x3	 x31:0x00000000  x5=0x00000000
     207665.000 ns	     20765	8000471c	e00680d3	fmv.x.w	x1,f13	 f13:0xbf800000  x1=0xbf800000
     208035.000 ns	     20802	80004720	03206533	rem	x10,x0,x18	  x0:0x00000000 x18:0x80040fe4 x10=0x00000000
     208055.000 ns	     20804	80004724	ca19f813	andi	x16,x19,-863	 x19:0x08511000 x16=0x08511000
     208065.000 ns	     20805	80004728	cd7397b7	lui	x15,0xcd739	 x15=0xcd739000
     208085.000 ns	     20807	8000472c	c01cb9d3	fcvt.wu.s	x19,f25	 f25:0x4e994fbf x19=0x4ca7df80
     208115.000 ns	     20810	80004730	c01b1653	fcvt.wu.s	x12,f22	 f22:0x4e994eb1 x12=0x4ca75880
     208135.000 ns	     20812	80004734	417bd713	srai	x14,x23,0x17	 x23:0x00000000 x14=0x00000000
     208155.000 ns	     20814	80004738	a05e8fd3	fle.s	x31,f29,f5	 f29:0x4234b570  f5:0x4e994fbf x31=0x00000001
     208175.000 ns	     20816	8000473c	0172bbb3	sltu	x23,x5,x23	  x5:0x00000000 x23:0x00000000 x23=0x00000000
     208195.000 ns	     20818	80004740	a0990753	fle.s	x14,f18,f9	 f18:0x4e994eb1  f9:0x4ed00a0c x14=0x00000001
     208215.000 ns	     20820	80004744	26486513	ori	x10,x16,612	 x16:0x08511000 x10=0x08511264
     208235.000 ns	     20822	80004748	d010f4d3	fcvt.s.wu	f9,x1	  x1:0xbf800000  f9=0x4f3f8000
     208275.000 ns	     20826	8000474c	11051c53	fmul.s	f24,f10,f16	 f10:0x80000000 f16:0x5db79e72 f24=0x80000000
     208295.000 ns	     20828	80004750	cb4bbb93	sltiu	x23,x23,-844	 x23:0x00000000 x23=0x00000001
     208305.000 ns	     20829	80004754	41625db3	sra	x27,x4,x22	  x4:0x00000000 x22:0x00000000 x27=0x00000000
     208315.000 ns	     20830	80004758	00025513	srli	x10,x4,0x0	  x4:0x00000000 x10=0x00000000
     208325.000 ns	     20831	8000475c	a8e40393	addi	x7,x8,-1394	  x8:0xffffffff  x7=0xfffffa8d
     208345.000 ns	     20833	80004760	e0051d53	fclass.s	x26,f10	 f10:0x80000000 x26=0x00000008
     208385.000 ns	     20837	80004764	580270d3	fsqrt.s	f1,f4	  f4:0x00000000  f1=0x00000000
     209525.000 ns	     20951	80004768	580eae53	fsqrt.s	f28,f29	 f29:0x4234b570 f28=0x407f8f54
     209575.000 ns	     20956	8000476c	00257e53	fadd.s	f28,f10,f2	 f10:0x80000000  f2:0xce994f47 f28=0xce994f47
     209605.000 ns	     20959	80004770	037994b3	mulh	x9,x19,x23	 x19:0x4ca7df80 x23:0x00000001  x9=0x00000000
     209975.000 ns	     20996	80004774	02786bb3	rem	x23,x16,x7	 x16:0x08511000  x7:0xfffffa8d x23=0x000003b1
     209995.000 ns	     20998	80004778	8f86bc93	sltiu	x25,x13,-1800	 x13:0x00000000 x25=0x00000001
     210005.000 ns	     20999	8000477c	4119d513	srai	x10,x19,0x11	 x19:0x4ca7df80 x10=0x00002653
     210015.000 ns	     21000	80004780	40c48cb3	sub	x25,x9,x12	  x9:0x00000000 x12:0x4ca75880 x25=0xb358a780
     210035.000 ns	     21002	80004784	288e1853	fmax.s	f16,f28,f8	 f28:0xce994f47  f8:0x7fc00000 f16=0xce994f47
     210055.000 ns	     21004	80004788	253c2d13	slti	x26,x24,595	 x24:0x00000000 x26=0x00000001
     210065.000 ns	     21005	8000478c	00e621b3	slt	x3,x12,x14	 x12:0x4ca75880 x14:0x00000001  x3=0x00000000
     210075.000 ns	     21006	80004790	2c54ad93	slti	x27,x9,709	  x9:0x00000000 x27=0x00000001
     210095.000 ns	     21008	80004794	29459453	fmax.s	f8,f11,f20	 f11:0x4e4d70c1 f20:0x7fc00000  f8=0x4e4d70c1
     210115.000 ns	     21010	80004798	1d340a93	addi	x21,x8,467	  x8:0xffffffff x21=0x000001d2
     210475.000 ns	     21046	8000479c	021b7233	remu	x4,x22,x1	 x22:0x00000000  x1:0xbf800000  x4=0x00000000
     210495.000 ns	     21048	800047a0	4a13c593	xori	x11,x7,1185	  x7:0xfffffa8d x11=0xfffffe2c
     210515.000 ns	     21050	800047a4	215a1a53	fsgnjn.s	f20,f20,f21	 f20:0x7fc00000 f21:0x7fc00000 f20=0xffc00000
     210545.000 ns	     21053	800047a8	a1bba3d3	feq.s	x7,f23,f27	 f23:0x463c8830 f27:0x80000000  x7=0x00000000
     210565.000 ns	     21055	800047ac	7452e613	ori	x12,x5,1861	  x5:0x00000000 x12=0x00000745
     210575.000 ns	     21056	800047b0	3b310113	addi	x2,x2,947	  x2:0x00000000  x2=0x000003b3
     210585.000 ns	     21057	800047b4	4a5f79b7	lui	x19,0x4a5f7	 x19=0x4a5f7000
     210605.000 ns	     21059	800047b8	02516633	rem	x12,x2,x5	  x2:0x00000000  x5:0x00000000 x12=0x000003b3
     210625.000 ns	     21061	800047bc	008300b3	add	x1,x6,x8	  x6:0x80041024  x8:0xffffffff  x1=0x80041023
     210645.000 ns	     21063	800047c0	20079dd3	fsgnjn.s	f27,f15,f0	 f15:0x4e994fbf  f0:0x2f800000 f27=0xce994fbf
     210665.000 ns	     21065	800047c4	25722993	slti	x19,x4,599	  x4:0x00000000 x19=0x00000001
     210675.000 ns	     21066	800047c8	01c8d613	srli	x12,x17,0x1c	 x17:0x00000001 x12=0x00000000
     210695.000 ns	     21068	800047cc	f00c8053	fmv.w.x	f0,x25	 x25:0xb358a780  f0=0xb358a780
     210725.000 ns	     21071	800047d0	29291053	fmax.s	f0,f18,f18	 f18:0x4e994eb1 f18:0x4e994eb1  f0=0x4e994eb1
     210745.000 ns	     21073	800047d4	4810f593	andi	x11,x1,1153	  x1:0x80041023 x11=0x00000001
     210775.000 ns	     21076	800047d8	580805d3	fsqrt.s	f11,f16	 f16:0xce994f47 f11=0x7fc00000
     210805.000 ns	     21079	800047dc	a0b4acd3	feq.s	x25,f9,f11	  f9:0x4f3f8000 f11:0x4e4d70c1 x25=0x00000000
     211915.000 ns	     21190	800047e0	5801fa53	fsqrt.s	f20,f3	  f3:0x4e994fbf f20=0x470c159e
     211945.000 ns	     21193	800047e4	208490d3	fsgnjn.s	f1,f9,f8	  f9:0x4f3f8000  f8:0x4e4d70c1  f1=0xcf3f8000
     211965.000 ns	     21195	800047e8	8c104d93	xori	x27,x0,-1855	  x0:0x00000000 x27=0xfffff8c1
     211975.000 ns	     21196	800047ec	8d7cfe13	andi	x28,x25,-1833	 x25:0x00000000 x28=0x00000000
     211995.000 ns	     21198	800047f0	e00a1d53	fclass.s	x26,f20	 f20:0x470c159e x26=0x00000040
     212015.000 ns	     21200	800047f4	01fbeb33	or	x22,x23,x31	 x23:0x000003b1 x31:0x00000001 x22=0x000003b1
     212025.000 ns	     21201	800047f8	00393a33	sltu	x20,x18,x3	 x18:0x80040fe4  x3:0x00000000 x20=0x00000000
     212045.000 ns	     21203	800047fc	20f795d3	fsgnjn.s	f11,f15,f15	 f15:0x4e994fbf f15:0x4e994fbf f11=0xce994fbf
     212075.000 ns	     21206	80004800	c01ac7d3	fcvt.wu.s	x15,f21	 f21:0x7fc00000 x15=0xffffffff
     212095.000 ns	     21208	80004804	016bbeb3	sltu	x29,x23,x22	 x23:0x000003b1 x22:0x000003b1 x29=0x00000000
     212135.000 ns	     21212	80004808	098240d3	fsub.s	f1,f4,f24	  f4:0x00000000 f24:0x80000000  f1=0x00000000
     212155.000 ns	     21214	8000480c	00000013	addi	x0,x0,0	  x0:0x00000000
     212165.000 ns	     21215	80004810	0179d293	srli	x5,x19,0x17	 x19:0x00000001  x5=0x00000000
     212175.000 ns	     21216	80004814	01c46a33	or	x20,x8,x28	  x8:0xffffffff x28:0x00000000 x20=0xffffffff
     212195.000 ns	     21218	80004818	29dd9353	fmax.s	f6,f27,f29	 f27:0xce994fbf f29:0x4234b570  f6=0x4234b570
     212215.000 ns	     21220	8000481c	018732b3	sltu	x5,x14,x24	 x14:0x00000001 x24:0x00000000  x5=0x00000000
     212235.000 ns	     21222	80004820	c00e0bd3	fcvt.w.s	x23,f28	 f28:0xce994f47 x23=0xb3585c80
     212265.000 ns	     21225	80004824	03921633	mulh	x12,x4,x25	  x4:0x00000000 x25:0x00000000 x12=0x00000000
     212295.000 ns	     21228	80004828	299e8653	fmin.s	f12,f29,f25	 f29:0x4234b570 f25:0x4e994fbf f12=0x4234b570
     212315.000 ns	     21230	8000482c	e8ee8813	addi	x16,x29,-370	 x29:0x00000000 x16=0xfffffe8e
     212325.000 ns	     21231	80004830	83d0a813	slti	x16,x1,-1987	  x1:0x80041023 x16=0x00000001
     212335.000 ns	     21232	80004834	a7518d13	addi	x26,x3,-1419	  x3:0x00000000 x26=0xfffffa75
     212345.000 ns	     21233	80004838	a598b213	sltiu	x4,x17,-1447	 x17:0x00000001  x4=0x00000001
     212355.000 ns	     21234	8000483c	b3eeab13	slti	x22,x29,-1218	 x29:0x00000000 x22=0x00000000
     212685.000 ns	     21267	80004840	1802f1d3	fdiv.s	f3,f5,f0	  f5:0x4e994fbf  f0:0x4e994eb1  f3=0x3f194fc0
     212715.000 ns	     21270	80004844	29cf0153	fmin.s	f2,f30,f28	 f30:0x00000000 f28:0xce994f47  f2=0xce994f47
     212745.000 ns	     21273	80004848	d01b77d3	fcvt.s.wu	f15,x22	 x22:0x00000000 f15=0x00000000
     212775.000 ns	     21276	8000484c	f00f0253	fmv.w.x	f4,x30	 x30:0xec5313c0  f4=0xec5313c0
     212795.000 ns	     21278	80004850	00000013	addi	x0,x0,0	  x0:0x00000000
     212805.000 ns	     21279	80004854	006c1113	slli	x2,x24,0x6	 x24:0x00000000  x2=0x00000000
     212825.000 ns	     21281	80004858	023c91b3	mulh	x3,x25,x3	 x25:0x00000000  x3:0x00000000  x3=0x00000000
     212855.000 ns	     21284	8000485c	d01e72d3	fcvt.s.wu	f5,x28	 x28:0x00000000  f5=0x00000000
     212885.000 ns	     21287	80004860	200b2fd3	fsgnjx.s	f31,f22,f0	 f22:0x4e994eb1  f0:0x4e994eb1 f31=0x4e994eb1
     212905.000 ns	     21289	80004864	019b9033	sll	x0,x23,x25	 x23:0xb3585c80 x25:0x00000000
     212915.000 ns	     21290	80004868	77388793	addi	x15,x17,1907	 x17:0x00000001 x15=0x00000774
     212925.000 ns	     21291	8000486c	6fd7e613	ori	x12,x15,1789	 x15:0xffffffff x12=0x000007fd
     212945.000 ns	     21293	80004870	e0039253	fclass.s	x4,f7	  f7:0x80000000  x4=0x00000008
     212965.000 ns	     21295	80004874	01627733	and	x14,x4,x22	  x4:0x00000001 x22:0x00000000 x14=0x00000000
     212985.000 ns	     21297	80004878	d006fbd3	fcvt.s.w	f23,x13	 x13:0x00000000 f23=0x00000000
     213015.000 ns	     21300	8000487c	28199b53	fmax.s	f22,f19,f1	 f19:0xbf800000  f1:0x00000000 f22=0x00000000
     213045.000 ns	     21303	80004880	c00f3653	fcvt.w.s	x12,f30	 f30:0x00000000 x12=0x00000000
     213065.000 ns	     21305	80004884	405e54b3	sra	x9,x28,x5	 x28:0x00000000  x5:0x00000000  x9=0x00000000
     213085.000 ns	     21307	80004888	a185a3d3	feq.s	x7,f11,f24	 f11:0xce994fbf f24:0x80000000  x7=0x00000000
     213115.000 ns	     21310	8000488c	c00639d3	fcvt.w.s	x19,f12	 f12:0x4234b570 x19=0x0000002e
     213135.000 ns	     21312	80004890	2add3d97	auipc	x27,0x2add3	 x27=0xaadd7890
     213145.000 ns	     21313	80004894	01ea5693	srli	x13,x20,0x1e	 x20:0xffffffff x13=0x00000003
     213165.000 ns	     21315	80004898	02da26b3	mulhsu	x13,x20,x13	 x20:0xffffffff x13:0x00000000 x13=0xffffffff
     213535.000 ns	     21352	8000489c	02af41b3	div	x3,x30,x10	 x30:0xec5313c0 x10:0x00002653  x3=0xffff7c93
     213565.000 ns	     21355	800048a0	a0442c53	feq.s	x24,f8,f4	  f8:0x4e4d70c1  f4:0xec5313c0 x24=0x00000000
     213585.000 ns	     21357	800048a4	402d5193	srai	x3,x26,0x2	 x26:0xfffffa75  x3=0xfffffe9d
     213595.000 ns	     21358	800048a8	f24afc13	andi	x24,x21,-220	 x21:0x000001d2 x24=0x00000100
     213615.000 ns	     21360	800048ac	a11e2ed3	feq.s	x29,f28,f17	 f28:0xce994f47 f17:0x80000000 x29=0x00000000
     213635.000 ns	     21362	800048b0	0054c733	xor	x14,x9,x5	  x9:0x00000000  x5:0x00000000 x14=0x00000000
     213645.000 ns	     21363	800048b4	00d50433	add	x8,x10,x13	 x10:0x00002653 x13:0xffffffff  x8=0x00002652
     213665.000 ns	     21365	800048b8	a00b1fd3	flt.s	x31,f22,f0	 f22:0x00000000  f0:0x4e994eb1 x31=0x00000001
     213715.000 ns	     21370	800048bc	086af553	fsub.s	f10,f21,f6	 f21:0x7fc00000  f6:0x4234b570 f10=0x7fc00000
     213735.000 ns	     21372	800048c0	00000013	addi	x0,x0,0	  x0:0x00000000
     214065.000 ns	     21405	800048c4	199e73d3	fdiv.s	f7,f28,f25	 f28:0xce994f47 f25:0x4e994fbf  f7=0xbf194f48
     214095.000 ns	     21408	800048c8	022b6433	rem	x8,x22,x2	 x22:0x00000000  x2:0x00000000  x8=0x00000000
     214145.000 ns	     21413	800048cc	0809ff53	fsub.s	f30,f19,f0	 f19:0xbf800000  f0:0x4e994eb1 f30=0xce994eb1
     214165.000 ns	     21415	800048d0	416a87b3	sub	x15,x21,x22	 x21:0x000001d2 x22:0x00000000 x15=0x000001d2
     214185.000 ns	     21417	800048d4	c0032453	fcvt.w.s	x8,f6	  f6:0x4234b570  x8=0x0000002d
     214215.000 ns	     21420	800048d8	a1cbaa53	feq.s	x20,f23,f28	 f23:0x00000000 f28:0xce994f47 x20=0x00000000
     214245.000 ns	     21423	800048dc	d01772d3	fcvt.s.wu	f5,x14	 x14:0x00000000  f5=0x00000000
     214275.000 ns	     21426	800048e0	28a796d3	fmax.s	f13,f15,f10	 f15:0x00000000 f10:0x7fc00000 f13=0x00000000
     214295.000 ns	     21428	800048e4	0005f633	and	x12,x11,x0	 x11:0x00000001  x0:0x00000000 x12=0x00000000
     214315.000 ns	     21430	800048e8	c00a0253	fcvt.w.s	x4,f20	 f20:0x470c159e  x4=0x00008c16
     214365.000 ns	     21435	800048ec	081030d3	fsub.s	f1,f0,f1	  f0:0x4e994eb1  f1:0x00000000  f1=0x4e994eb1
     214395.000 ns	     21438	800048f0	c00277d3	fcvt.w.s	x15,f4	  f4:0xec5313c0 x15=0x80000000
     214425.000 ns	     21441	800048f4	037c87b3	mul	x15,x25,x23	 x25:0x00000000 x23:0xb3585c80 x15=0x00000000
     214455.000 ns	     21444	800048f8	29ea8053	fmin.s	f0,f21,f30	 f21:0x7fc00000 f30:0xce994eb1  f0=0xce994eb1
     214495.000 ns	     21448	800048fc	1054f553	fmul.s	f10,f9,f5	  f9:0x4f3f8000  f5:0x00000000 f10=0x00000000
     214525.000 ns	     21451	80004900	024809b3	mul	x19,x16,x4	 x16:0x00000001  x4:0x00008c16 x19=0x00008c16
     214555.000 ns	     21454	80004904	032385b3	mul	x11,x7,x18	  x7:0x00000000 x18:0x80040fe4 x11=0x00000000
     214605.000 ns	     21459	80004908	004a30d3	fadd.s	f1,f20,f4	 f20:0x470c159e  f4:0xec5313c0  f1=0xec5313c0
     214625.000 ns	     21461	8000490c	01349eb3	sll	x29,x9,x19	  x9:0x00000000 x19:0x00008c16 x29=0x00000000
     214645.000 ns	     21463	80004910	a10029d3	feq.s	x19,f0,f16	  f0:0xce994eb1 f16:0xce994f47 x19=0x00000000
     214675.000 ns	     21466	80004914	039dbab3	mulhu	x21,x27,x25	 x27:0xaadd7890 x25:0x00000000 x21=0x00000000
     214695.000 ns	     21468	80004918	00c1df93	srli	x31,x3,0xc	  x3:0xfffffe9d x31=0x000fffff
     214715.000 ns	     21470	8000491c	a1cc8fd3	fle.s	x31,f25,f28	 f25:0x4e994fbf f28:0xce994f47 x31=0x00000000
     214745.000 ns	     21473	80004920	29bc80d3	fmin.s	f1,f25,f27	 f25:0x4e994fbf f27:0xce994fbf  f1=0xce994fbf
     215925.000 ns	     21591	80004924	58047153	fsqrt.s	f2,f8	  f8:0x4e4d70c1  f2=0x469144af
     215955.000 ns	     21594	80004928	a0d20bd3	fle.s	x23,f4,f13	  f4:0xec5313c0 f13:0x00000000 x23=0x00000001
     215975.000 ns	     21596	8000492c	019635b3	sltu	x11,x12,x25	 x12:0x00000000 x25:0x00000000 x11=0x00000000
     215985.000 ns	     21597	80004930	32d07a13	andi	x20,x0,813	  x0:0x00000000 x20=0x00000000
     216005.000 ns	     21599	80004934	e00d0553	fmv.x.w	x10,f26	 f26:0x4efff7e0 x10=0x4efff7e0
     216025.000 ns	     21601	80004938	01cd9713	slli	x14,x27,0x1c	 x27:0xaadd7890 x14=0x00000000
     216045.000 ns	     21603	8000493c	c013f5d3	fcvt.wu.s	x11,f7	  f7:0xbf194f48 x11=0x00000000
     216075.000 ns	     21606	80004940	02506bb3	rem	x23,x0,x5	  x0:0x00000000  x5:0x00000000 x23=0x00000000
     216105.000 ns	     21609	80004944	a07d81d3	fle.s	x3,f27,f7	 f27:0xce994fbf  f7:0xbf194f48  x3=0x00000001
     216135.000 ns	     21612	80004948	e00d0053	fmv.x.w	x0,f26	 f26:0x4efff7e0
     216155.000 ns	     21614	8000494c	01181a33	sll	x20,x16,x17	 x16:0x00000001 x17:0x00000001 x20=0x00000002
     216175.000 ns	     21616	80004950	0201efb3	rem	x31,x3,x0	  x3:0x00000001  x0:0x00000000 x31=0x00000001
     216195.000 ns	     21618	80004954	2c68c4b7	lui	x9,0x2c68c	  x9=0x2c68c000
     216215.000 ns	     21620	80004958	0338f1b3	remu	x3,x17,x19	 x17:0x00000001 x19:0x00000000  x3=0x00000001
     216235.000 ns	     21622	8000495c	008ab2b3	sltu	x5,x21,x8	 x21:0x00000000  x8:0x0000002d  x5=0x00000001
     216255.000 ns	     21624	80004960	28cc19d3	fmax.s	f19,f24,f12	 f24:0x80000000 f12:0x4234b570 f19=0x4234b570
     216285.000 ns	     21627	80004964	02f9f133	remu	x2,x19,x15	 x19:0x00000000 x15:0x00000000  x2=0x00000000
     216325.000 ns	     21631	80004968	10e7a6d3	fmul.s	f13,f15,f14	 f15:0x00000000 f14:0x44ff2000 f13=0x00000000
     216345.000 ns	     21633	8000496c	013bfc33	and	x24,x23,x19	 x23:0x00000000 x19:0x00000000 x24=0x00000000
     216705.000 ns	     21669	80004970	03b57433	remu	x8,x10,x27	 x10:0x4efff7e0 x27:0xaadd7890  x8=0x4efff7e0
     216735.000 ns	     21672	80004974	02483633	mulhu	x12,x16,x4	 x16:0x00000001  x4:0x00008c16 x12=0x00000000
     216755.000 ns	     21674	80004978	01ec2a33	slt	x20,x24,x30	 x24:0x00000000 x30:0xec5313c0 x20=0x00000000
     216775.000 ns	     21676	8000497c	c0077fd3	fcvt.w.s	x31,f14	 f14:0x44ff2000 x31=0x000007f9
     216805.000 ns	     21679	80004980	f0068353	fmv.w.x	f6,x13	 x13:0xffffffff  f6=0xffffffff
     216835.000 ns	     21682	80004984	d011f9d3	fcvt.s.wu	f19,x3	  x3:0x00000001 f19=0x3f800000
     216885.000 ns	     21687	80004988	015d8ed3	fadd.s	f29,f27,f21	 f27:0xce994fbf f21:0x7fc00000 f29=0x7fc00000
     216905.000 ns	     21689	8000498c	895b8413	addi	x8,x23,-1899	 x23:0x00000000  x8=0xfffff895
     216925.000 ns	     21691	80004990	f0088c53	fmv.w.x	f24,x17	 x17:0x00000001 f24=0x00000001
     216955.000 ns	     21694	80004994	f00080d3	fmv.w.x	f1,x1	  x1:0x80041023  f1=0x80041023
     216975.000 ns	     21696	80004998	4042d033	sra	x0,x5,x4	  x5:0x00000001  x4:0x00008c16
     216985.000 ns	     21697	8000499c	0031cb33	xor	x22,x3,x3	  x3:0x00000001  x3:0x00000001 x22=0x00000000
     217005.000 ns	     21699	800049a0	038b35b3	mulhu	x11,x22,x24	 x22:0x00000000 x24:0x00000000 x11=0x00000000
     217035.000 ns	     21702	800049a4	a19327d3	feq.s	x15,f6,f25	  f6:0xffffffff f25:0x4e994fbf x15=0x00000000
     217055.000 ns	     21704	800049a8	00e78c33	add	x24,x15,x14	 x15:0x00000000 x14:0x00000000 x24=0x00000000
     217065.000 ns	     21705	800049ac	db019fb7	lui	x31,0xdb019	 x31=0xdb019000
     217085.000 ns	     21707	800049b0	2179add3	fsgnjx.s	f27,f19,f23	 f19:0x3f800000 f23:0x00000000 f27=0x3f800000
     217105.000 ns	     21709	800049b4	79253493	sltiu	x9,x10,1938	 x10:0x4efff7e0  x9=0x00000000
     217125.000 ns	     21711	800049b8	a1f717d3	flt.s	x15,f14,f31	 f14:0x44ff2000 f31:0x4e994eb1 x15=0x00000001
     217145.000 ns	     21713	800049bc	96120097	auipc	x1,0x96120	  x1=0x161249bc
     217155.000 ns	     21714	800049c0	8b993a13	sltiu	x20,x18,-1863	 x18:0x80040fe4 x20=0x00000001
     217175.000 ns	     21716	800049c4	f00c8853	fmv.w.x	f16,x25	 x25:0x00000000 f16=0x00000000
     217195.000 ns	     21718	800049c8	00ab35b3	sltu	x11,x22,x10	 x22:0x00000000 x10:0x4efff7e0 x11=0x00000001
     217215.000 ns	     21720	800049cc	c00bfbd3	fcvt.w.s	x23,f23	 f23:0x00000000 x23=0x00000000
     217245.000 ns	     21723	800049d0	28d41153	fmax.s	f2,f8,f13	  f8:0x4e4d70c1 f13:0x00000000  f2=0x4e4d70c1
     217275.000 ns	     21726	800049d4	299188d3	fmin.s	f17,f3,f25	  f3:0x3f194fc0 f25:0x4e994fbf f17=0x3f194fc0
     217305.000 ns	     21729	800049d8	e00b94d3	fclass.s	x9,f23	 f23:0x00000000  x9=0x00000010
     217325.000 ns	     21731	800049dc	00f757b3	srl	x15,x14,x15	 x14:0x00000000 x15:0x00000001 x15=0x00000000
     217345.000 ns	     21733	800049e0	a1a59853	flt.s	x16,f11,f26	 f11:0xce994fbf f26:0x4efff7e0 x16=0x00000001
     217375.000 ns	     21736	800049e4	e0021b53	fclass.s	x22,f4	  f4:0xec5313c0 x22=0x00000002
     217395.000 ns	     21738	800049e8	4152da13	srai	x20,x5,0x15	  x5:0x00000001 x20=0x00000000
     218565.000 ns	     21855	800049ec	580a0053	fsqrt.s	f0,f20	 f20:0x470c159e  f0=0x42c61b62
     218585.000 ns	     21857	800049f0	9d770813	addi	x16,x14,-1577	 x14:0x00000000 x16=0xfffff9d7
     218605.000 ns	     21859	800049f4	03f4b8b3	mulhu	x17,x9,x31	  x9:0x00000010 x31:0xdb019000 x17=0x0000000d
     218635.000 ns	     21862	800049f8	a14928d3	feq.s	x17,f18,f20	 f18:0x4e994eb1 f20:0x470c159e x17=0x00000000
     218665.000 ns	     21865	800049fc	03467bb3	remu	x23,x12,x20	 x12:0x00000000 x20:0x00000000 x23=0x00000000
     218685.000 ns	     21867	80004a00	014f9093	slli	x1,x31,0x14	 x31:0xdb019000  x1=0x00000000
     218725.000 ns	     21871	80004a04	00a07553	fadd.s	f10,f0,f10	  f0:0x42c61b62 f10:0x00000000 f10=0x42c61b62
     218775.000 ns	     21876	80004a08	01210ad3	fadd.s	f21,f2,f18	  f2:0x4e4d70c1 f18:0x4e994eb1 f21=0x4f000388
     218795.000 ns	     21878	80004a0c	01ec32b3	sltu	x5,x24,x30	 x24:0x00000000 x30:0xec5313c0  x5=0x00000001
     218805.000 ns	     21879	80004a10	40975a33	sra	x20,x14,x9	 x14:0x00000000  x9:0x00000010 x20=0x00000000
     218815.000 ns	     21880	80004a14	27448a93	addi	x21,x9,628	  x9:0x00000010 x21=0x00000284
     218825.000 ns	     21881	80004a18	d4d6da37	lui	x20,0xd4d6d	 x20=0xd4d6d000
     218865.000 ns	     21885	80004a1c	08c2cfd3	fsub.s	f31,f5,f12	  f5:0x00000000 f12:0x4234b570 f31=0xc234b570
     218895.000 ns	     21888	80004a20	d010fad3	fcvt.s.wu	f21,x1	  x1:0x00000000 f21=0x00000000
     218925.000 ns	     21891	80004a24	21d124d3	fsgnjx.s	f9,f2,f29	  f2:0x4e4d70c1 f29:0x7fc00000  f9=0x4e4d70c1
     218955.000 ns	     21894	80004a28	201191d3	fsgnjn.s	f3,f3,f1	  f3:0x3f194fc0  f1:0x80041023  f3=0x3f194fc0
     218985.000 ns	     21897	80004a2c	02118cb3	mul	x25,x3,x1	  x3:0x00000001  x1:0x00000000 x25=0x00000000
     219025.000 ns	     21901	80004a30	58030853	fsqrt.s	f16,f6	  f6:0xffffffff f16=0x7fc00000
     219055.000 ns	     21904	80004a34	215fa7d3	fsgnjx.s	f15,f31,f21	 f31:0xc234b570 f21:0x00000000 f15=0xc234b570
     219085.000 ns	     21907	80004a38	02a13a33	mulhu	x20,x2,x10	  x2:0x00000000 x10:0x4efff7e0 x20=0x00000000
     219115.000 ns	     21910	80004a3c	e00f15d3	fclass.s	x11,f30	 f30:0xce994eb1 x11=0x00000002
     219135.000 ns	     21912	80004a40	6ed08393	addi	x7,x1,1773	  x1:0x00000000  x7=0x000006ed
     219145.000 ns	     21913	80004a44	013ba8b3	slt	x17,x23,x19	 x23:0x00000000 x19:0x00000000 x17=0x00000000
     219155.000 ns	     21914	80004a48	4186d893	srai	x17,x13,0x18	 x13:0xffffffff x17=0xffffffff
     219165.000 ns	     21915	80004a4c	00000013	addi	x0,x0,0	  x0:0x00000000
     219185.000 ns	     21917	80004a50	a1e51d53	flt.s	x26,f10,f30	 f10:0x42c61b62 f30:0xce994eb1 x26=0x00000000
     219215.000 ns	     21920	80004a54	a027a1d3	feq.s	x3,f15,f2	 f15:0xc234b570  f2:0x4e4d70c1  x3=0x00000000
     219235.000 ns	     21922	80004a58	7c63e013	ori	x0,x7,1990	  x7:0x000006ed
     219255.000 ns	     21924	80004a5c	d00473d3	fcvt.s.w	f7,x8	  x8:0xfffff895  f7=0xc4ed6000
     219285.000 ns	     21927	80004a60	f00e0e53	fmv.w.x	f28,x28	 x28:0x00000000 f28=0x00000000
     219305.000 ns	     21929	80004a64	b633cc97	auipc	x25,0xb633c	 x25=0x36340a64
     219315.000 ns	     21930	80004a68	d14a2993	slti	x19,x20,-748	 x20:0x00000000 x19=0x00000000
     219335.000 ns	     21932	80004a6c	a160aad3	feq.s	x21,f1,f22	  f1:0x80041023 f22:0x00000000 x21=0x00000000
     219355.000 ns	     21934	80004a70	b2ce6d13	ori	x26,x28,-1236	 x28:0x00000000 x26=0xfffffb2c
     219385.000 ns	     21937	80004a74	18e34ad3	fdiv.s	f21,f6,f14	  f6:0xffffffff f14:0x44ff2000 f21=0x7fc00000
     219415.000 ns	     21940	80004a78	c00874d3	fcvt.w.s	x9,f16	 f16:0x7fc00000  x9=0x7fffffff
     219455.000 ns	     21944	80004a7c	10d9f9d3	fmul.s	f19,f19,f13	 f19:0x3f800000 f13:0x00000000 f19=0x00000000
     219475.000 ns	     21946	80004a80	017befb3	or	x31,x23,x23	 x23:0x00000000 x23:0x00000000 x31=0x00000000
     219485.000 ns	     21947	80004a84	418b83b3	sub	x7,x23,x24	 x23:0x00000000 x24:0x00000000  x7=0x00000000
     219495.000 ns	     21948	80004a88	929eed13	ori	x26,x29,-1751	 x29:0x00000000 x26=0xfffff929
     219505.000 ns	     21949	80004a8c	6e340f93	addi	x31,x8,1763	  x8:0xfffff895 x31=0xffffff78
     219525.000 ns	     21951	80004a90	0291bc33	mulhu	x24,x3,x9	  x3:0x00000000  x9:0x7fffffff x24=0x00000000
     219555.000 ns	     21954	80004a94	02c4fb33	remu	x22,x9,x12	  x9:0x7fffffff x12:0x00000000 x22=0x7fffffff
     219575.000 ns	     21956	80004a98	00136033	or	x0,x6,x1	  x6:0x80041024  x1:0x00000000
     219585.000 ns	     21957	80004a9c	00000013	addi	x0,x0,0	  x0:0x00000000
     219595.000 ns	     21958	80004aa0	0163dfb3	srl	x31,x7,x22	  x7:0x00000000 x22:0x7fffffff x31=0x00000000
     219615.000 ns	     21960	80004aa4	c0154753	fcvt.wu.s	x14,f10	 f10:0x42c61b62 x14=0x00000063
     219645.000 ns	     21963	80004aa8	e0030cd3	fmv.x.w	x25,f6	  f6:0xffffffff x25=0xffffffff
     219675.000 ns	     21966	80004aac	c005c3d3	fcvt.w.s	x7,f11	 f11:0xce994fbf  x7=0xb3582080
     219705.000 ns	     21969	80004ab0	e00f99d3	fclass.s	x19,f31	 f31:0xc234b570 x19=0x00000002
     220885.000 ns	     22087	80004ab4	580d7e53	fsqrt.s	f28,f26	 f26:0x4efff7e0 f28=0x473501cc
     220915.000 ns	     22090	80004ab8	20758fd3	fsgnj.s	f31,f11,f7	 f11:0xce994fbf  f7:0xc4ed6000 f31=0xce994fbf
     220935.000 ns	     22092	80004abc	00b9e3b3	or	x7,x19,x11	 x19:0x00000002 x11:0x00000002  x7=0x00000002
     220945.000 ns	     22093	80004ac0	40a70bb3	sub	x23,x14,x10	 x14:0x00000063 x10:0x4efff7e0 x23=0xb1000883
     220965.000 ns	     22095	80004ac4	28309ed3	fmax.s	f29,f1,f3	  f1:0x80041023  f3:0x3f194fc0 f29=0x3f194fc0
     220995.000 ns	     22098	80004ac8	285117d3	fmax.s	f15,f2,f5	  f2:0x4e4d70c1  f5:0x00000000 f15=0x4e4d70c1
     221025.000 ns	     22101	80004acc	e00d1553	fclass.s	x10,f26	 f26:0x4efff7e0 x10=0x00000040
     221055.000 ns	     22104	80004ad0	034d6033	rem	x0,x26,x20	 x26:0xfffff929 x20:0x00000000
     221085.000 ns	     22107	80004ad4	21951fd3	fsgnjn.s	f31,f10,f25	 f10:0x42c61b62 f25:0x4e994fbf f31=0xc2c61b62
     221115.000 ns	     22110	80004ad8	c0057753	fcvt.w.s	x14,f10	 f10:0x42c61b62 x14=0x00000063
     221455.000 ns	     22144	80004adc	19d40cd3	fdiv.s	f25,f8,f29	  f8:0x4e4d70c1 f29:0x3f194fc0 f25=0x4eab85c3
     221495.000 ns	     22148	80004ae0	118c73d3	fmul.s	f7,f24,f24	 f24:0x00000001 f24:0x00000001  f7=0x00000000
     221515.000 ns	     22150	80004ae4	01662133	slt	x2,x12,x22	 x12:0x00000000 x22:0x7fffffff  x2=0x00000001
     221535.000 ns	     22152	80004ae8	a16b84d3	fle.s	x9,f23,f22	 f23:0x00000000 f22:0x00000000  x9=0x00000001
     221555.000 ns	     22154	80004aec	413b5593	srai	x11,x22,0x13	 x22:0x7fffffff x11=0x00000fff
     221575.000 ns	     22156	80004af0	031181b3	mul	x3,x3,x17	  x3:0x00000000 x17:0xffffffff  x3=0x00000000
     222755.000 ns	     22274	80004af4	580027d3	fsqrt.s	f15,f0	  f0:0x42c61b62 f15=0x411f3dad
     222785.000 ns	     22277	80004af8	28230753	fmin.s	f14,f6,f2	  f6:0xffffffff  f2:0x4e4d70c1 f14=0x4e4d70c1
     222815.000 ns	     22280	80004afc	d014a8d3	fcvt.s.wu	f17,x9	  x9:0x00000001 f17=0x3f800000
     222835.000 ns	     22282	80004b00	01f49433	sll	x8,x9,x31	  x9:0x00000001 x31:0x00000000  x8=0x00000001
     222855.000 ns	     22284	80004b04	02751d33	mulh	x26,x10,x7	 x10:0x00000040  x7:0x00000002 x26=0x00000000
     222885.000 ns	     22287	80004b08	a0b78dd3	fle.s	x27,f15,f11	 f15:0x411f3dad f11:0xce994fbf x27=0x00000000
     222905.000 ns	     22289	80004b0c	01e8d833	srl	x16,x17,x30	 x17:0xffffffff x30:0xec5313c0 x16=0xffffffff
     222915.000 ns	     22290	80004b10	00a2d533	srl	x10,x5,x10	  x5:0x00000001 x10:0x00000040 x10=0x00000001
     222925.000 ns	     22291	80004b14	500d6693	ori	x13,x26,1280	 x26:0x00000000 x13=0x00000500
     222935.000 ns	     22292	80004b18	d246bb93	sltiu	x23,x13,-732	 x13:0xffffffff x23=0x00000001
     224105.000 ns	     22409	80004b1c	58010453	fsqrt.s	f8,f2	  f2:0x4e4d70c1  f8=0x469144af
     224145.000 ns	     22413	80004b20	19e808d3	fdiv.s	f17,f16,f30	 f16:0x7fc00000 f30:0xce994eb1 f17=0x7fc00000
     224175.000 ns	     22416	80004b24	a0cc2ad3	feq.s	x21,f24,f12	 f24:0x00000001 f12:0x4234b570 x21=0x00000000
     224205.000 ns	     22419	80004b28	288d8253	fmin.s	f4,f27,f8	 f27:0x3f800000  f8:0x469144af  f4=0x3f800000
     224225.000 ns	     22421	80004b2c	6757b393	sltiu	x7,x15,1653	 x15:0x00000000  x7=0x00000001
     224235.000 ns	     22422	80004b30	01d4a4b3	slt	x9,x9,x29	  x9:0x00000001 x29:0x00000000  x9=0x00000000
     224255.000 ns	     22424	80004b34	a0b08c53	fle.s	x24,f1,f11	  f1:0x80041023 f11:0xce994fbf x24=0x00000000
     224285.000 ns	     22427	80004b38	e00b19d3	fclass.s	x19,f22	 f22:0x00000000 x19=0x00000010
     224305.000 ns	     22429	80004b3c	00c384b3	add	x9,x7,x12	  x7:0x00000001 x12:0x00000000  x9=0x00000001
     224315.000 ns	     22430	80004b40	017c1393	slli	x7,x24,0x17	 x24:0x00000000  x7=0x00000000
     224325.000 ns	     22431	80004b44	3a29c493	xori	x9,x19,930	 x19:0x00000010  x9=0x000003b2
     224345.000 ns	     22433	80004b48	e0090d53	fmv.x.w	x26,f18	 f18:0x4e994eb1 x26=0x4e994eb1
     224385.000 ns	     22437	80004b4c	119ff153	fmul.s	f2,f31,f25	 f31:0xc2c61b62 f25:0x4eab85c3  f2=0xd204bbce
     224405.000 ns	     22439	80004b50	66d12393	slti	x7,x2,1645	  x2:0x00000001  x7=0x00000001
     224425.000 ns	     22441	80004b54	031eb2b3	mulhu	x5,x29,x17	 x29:0x00000000 x17:0xffffffff  x5=0x00000000
     224455.000 ns	     22444	80004b58	c01f1653	fcvt.wu.s	x12,f30	 f30:0xce994eb1 x12=0x4ca75880
     224485.000 ns	     22447	80004b5c	03c194b3	mulh	x9,x3,x28	  x3:0x00000000 x28:0x00000000  x9=0x00000000
     224515.000 ns	     22450	80004b60	20b3a353	fsgnjx.s	f6,f7,f11	  f7:0x00000000 f11:0xce994fbf  f6=0x80000000
     224535.000 ns	     22452	80004b64	662d1c37	lui	x24,0x662d1	 x24=0x662d1000
     224895.000 ns	     22488	80004b68	024fe033	rem	x0,x31,x4	 x31:0x00000000  x4:0x00008c16
     224925.000 ns	     22491	80004b6c	a18b9053	flt.s	x0,f23,f24	 f23:0x00000000 f24:0x00000001
     224975.000 ns	     22496	80004b70	09297653	fsub.s	f12,f18,f18	 f18:0x4e994eb1 f18:0x4e994eb1 f12=0x80000000
     225025.000 ns	     22501	80004b74	094f7bd3	fsub.s	f23,f30,f20	 f30:0xce994eb1 f20:0x470c159e f23=0xce994fc9
     225055.000 ns	     22504	80004b78	e00e9ad3	fclass.s	x21,f29	 f29:0x3f194fc0 x21=0x00000040
     225085.000 ns	     22507	80004b7c	a03c9253	flt.s	x4,f25,f3	 f25:0x4eab85c3  f3:0x3f194fc0  x4=0x00000000
     225115.000 ns	     22510	80004b80	20752e53	fsgnjx.s	f28,f10,f7	 f10:0x42c61b62  f7:0x00000000 f28=0x42c61b62
     225485.000 ns	     22547	80004b84	0384de33	divu	x28,x9,x24	  x9:0x00000000 x24:0x662d1000 x28=0x00000000
     225505.000 ns	     22549	80004b88	45caac13	slti	x24,x21,1116	 x21:0x00000040 x24=0x00000001
     225515.000 ns	     22550	80004b8c	00538d33	add	x26,x7,x5	  x7:0x00000001  x5:0x00000000 x26=0x00000001
     225535.000 ns	     22552	80004b90	a15e2ed3	feq.s	x29,f28,f21	 f28:0x42c61b62 f21:0x7fc00000 x29=0x00000000
     225875.000 ns	     22586	80004b94	18bc7ad3	fdiv.s	f21,f24,f11	 f24:0x00000001 f11:0xce994fbf f21=0x80000000
     225905.000 ns	     22589	80004b98	a0cd8cd3	fle.s	x25,f27,f12	 f27:0x3f800000 f12:0x80000000 x25=0x00000000
     225925.000 ns	     22591	80004b9c	e9492793	slti	x15,x18,-364	 x18:0x80040fe4 x15=0x00000001
     225945.000 ns	     22593	80004ba0	03e49fb3	mulh	x31,x9,x30	  x9:0x00000000 x30:0xec5313c0 x31=0x00000000
     225975.000 ns	     22596	80004ba4	a0f889d3	fle.s	x19,f17,f15	 f17:0x7fc00000 f15:0x411f3dad x19=0x00000000
     225995.000 ns	     22598	80004ba8	70f7b113	sltiu	x2,x15,1807	 x15:0x00000001  x2=0x00000001
     226005.000 ns	     22599	80004bac	017667b3	or	x15,x12,x23	 x12:0x4ca75880 x23:0x00000001 x15=0x4ca75881
     226025.000 ns	     22601	80004bb0	a1618553	fle.s	x10,f3,f22	  f3:0x3f194fc0 f22:0x00000000 x10=0x00000000
     226045.000 ns	     22603	80004bb4	460b6393	ori	x7,x22,1120	 x22:0x7fffffff  x7=0x7fffffff
     226055.000 ns	     22604	80004bb8	41c285b3	sub	x11,x5,x28	  x5:0x00000000 x28:0x00000000 x11=0x00000000
     226065.000 ns	     22605	80004bbc	41d75d33	sra	x26,x14,x29	 x14:0x00000063 x29:0x00000000 x26=0x00000063
     226085.000 ns	     22607	80004bc0	032629b3	mulhsu	x19,x12,x18	 x12:0x4ca75880 x18:0x80040fe4 x19=0x2654e39f
     226115.000 ns	     22610	80004bc4	20cbaad3	fsgnjx.s	f21,f23,f12	 f23:0xce994fc9 f12:0x80000000 f21=0x4e994fc9
     226135.000 ns	     22612	80004bc8	00bddc93	srli	x25,x27,0xb	 x27:0x00000000 x25=0x00000000
     226145.000 ns	     22613	80004bcc	00d7abb3	slt	x23,x15,x13	 x15:0x4ca75881 x13:0x00000500 x23=0x00000000
     226165.000 ns	     22615	80004bd0	297d0c53	fmin.s	f24,f26,f23	 f26:0x4efff7e0 f23:0xce994fc9 f24=0xce994fc9
     226185.000 ns	     22617	80004bd4	00f9f533	and	x10,x19,x15	 x19:0x2654e39f x15:0x4ca75881 x10=0x04044081
     226545.000 ns	     22653	80004bd8	02d9e7b3	rem	x15,x19,x13	 x19:0x2654e39f x13:0x00000500 x15=0x0000049f
     226565.000 ns	     22655	80004bdc	403b0533	sub	x10,x22,x3	 x22:0x7fffffff  x3:0x00000000 x10=0x7fffffff
     226575.000 ns	     22656	80004be0	7160f113	andi	x2,x1,1814	  x1:0x00000000  x2=0x00000000
     226585.000 ns	     22657	80004be4	00d6cb33	xor	x22,x13,x13	 x13:0x00000500 x13:0x00000500 x22=0x00000000
     226605.000 ns	     22659	80004be8	02bbfa33	remu	x20,x23,x11	 x23:0x00000000 x11:0x00000000 x20=0x00000000
     226625.000 ns	     22661	80004bec	4056d513	srai	x10,x13,0x5	 x13:0x00000500 x10=0x00000028
     226955.000 ns	     22694	80004bf0	197df5d3	fdiv.s	f11,f27,f23	 f27:0x3f800000 f23:0xce994fc9 f11=0xb0000000
     226985.000 ns	     22697	80004bf4	a11391d3	flt.s	x3,f7,f17	  f7:0x00000000 f17:0x7fc00000  x3=0x00000000
     227015.000 ns	     22700	80004bf8	20e0acd3	fsgnjx.s	f25,f1,f14	  f1:0x80041023 f14:0x4e4d70c1 f25=0x80041023
     227045.000 ns	     22703	80004bfc	e00e16d3	fclass.s	x13,f28	 f28:0x42c61b62 x13=0x00000040
     227075.000 ns	     22706	80004c00	a0b503d3	fle.s	x7,f10,f11	 f10:0x42c61b62 f11:0xb0000000  x7=0x00000000
     227105.000 ns	     22709	80004c04	204c0653	fsgnj.s	f12,f24,f4	 f24:0xce994fc9  f4:0x3f800000 f12=0x4e994fc9
     227125.000 ns	     22711	80004c08	6b5ead97	auipc	x27,0x6b5ea	 x27=0xeb5eec08
     227165.000 ns	     22715	80004c0c	00217b53	fadd.s	f22,f2,f2	  f2:0xd204bbce  f2:0xd204bbce f22=0xd284bbce
     227195.000 ns	     22718	80004c10	02e997b3	mulh	x15,x19,x14	 x19:0x2654e39f x14:0x00000063 x15=0x0000000e
     227215.000 ns	     22720	80004c14	00bcf2b3	and	x5,x25,x11	 x25:0x00000000 x11:0x00000000  x5=0x00000000
     227245.000 ns	     22723	80004c18	11e57e53	fmul.s	f28,f10,f30	 f10:0x42c61b62 f30:0xce994eb1 f28=0xd1ed4686
     227265.000 ns	     22725	80004c1c	00592133	slt	x2,x18,x5	 x18:0x80040fe4  x5:0x00000000  x2=0x00000001
     227275.000 ns	     22726	80004c20	88afeb13	ori	x22,x31,-1910	 x31:0x00000000 x22=0xfffff88a
     227305.000 ns	     22729	80004c24	11111753	fmul.s	f14,f2,f17	  f2:0xd204bbce f17:0x7fc00000 f14=0x7fc00000
     228485.000 ns	     22847	80004c28	580ef6d3	fsqrt.s	f13,f29	 f29:0x3f194fc0 f13=0x3ed8d016
     229665.000 ns	     22965	80004c2c	580077d3	fsqrt.s	f15,f0	  f0:0x42c61b62 f15=0x411f3dad
     229685.000 ns	     22967	80004c30	107ea693	slti	x13,x29,263	 x29:0x00000000 x13=0x00000001
     229695.000 ns	     22968	80004c34	97082213	slti	x4,x16,-1680	 x16:0xffffffff  x4=0x00000000
     229705.000 ns	     22969	80004c38	017553b3	srl	x7,x10,x23	 x10:0x00000028 x23:0x00000000  x7=0x00000028
     229735.000 ns	     22972	80004c3c	1102fd53	fmul.s	f26,f5,f16	  f5:0x00000000 f16:0x7fc00000 f26=0x7fc00000
     229755.000 ns	     22974	80004c40	00601513	slli	x10,x0,0x6	  x0:0x00000000 x10=0x00000000
     229765.000 ns	     22975	80004c44	01bbb033	sltu	x0,x23,x27	 x23:0x00000000 x27:0xeb5eec08
     229785.000 ns	     22977	80004c48	a10f8a53	fle.s	x20,f31,f16	 f31:0xc2c61b62 f16:0x7fc00000 x20=0x00000000
     229805.000 ns	     22979	80004c4c	01814c33	xor	x24,x2,x24	  x2:0x00000001 x24:0x00000001 x24=0x00000000
     229815.000 ns	     22980	80004c50	013339b3	sltu	x19,x6,x19	  x6:0x80041024 x19:0x2654e39f x19=0x00000000
     229845.000 ns	     22983	80004c54	58037bd3	fsqrt.s	f23,f6	  f6:0x80000000 f23=0x80000000
     229865.000 ns	     22985	80004c58	0116a0b3	slt	x1,x13,x17	 x13:0x00000001 x17:0xffffffff  x1=0x00000000
     229875.000 ns	     22986	80004c5c	4e567f93	andi	x31,x12,1253	 x12:0x4ca75880 x31=0x00000080
     229885.000 ns	     22987	80004c60	d36c7197	auipc	x3,0xd36c7	  x3=0x536cbc60
     229895.000 ns	     22988	80004c64	00000013	addi	x0,x0,0	  x0:0x00000000
     229905.000 ns	     22989	80004c68	01b6db93	srli	x23,x13,0x1b	 x13:0x00000001 x23=0x00000000
     229925.000 ns	     22991	80004c6c	03998633	mul	x12,x19,x25	 x19:0x00000000 x25:0x00000000 x12=0x00000000
     229945.000 ns	     22993	80004c70	6b9e7a93	andi	x21,x28,1721	 x28:0x00000000 x21=0x00000000
     229955.000 ns	     22994	80004c74	012b23b3	slt	x7,x22,x18	 x22:0xfffff88a x18:0x80040fe4  x7=0x00000000
     229965.000 ns	     22995	80004c78	414ed393	srai	x7,x29,0x14	 x29:0x00000000  x7=0x00000000
     229975.000 ns	     22996	80004c7c	019b5ab3	srl	x21,x22,x25	 x22:0xfffff88a x25:0x00000000 x21=0xfffff88a
     229985.000 ns	     22997	80004c80	40d38633	sub	x12,x7,x13	  x7:0x00000000 x13:0x00000001 x12=0xffffffff
     229995.000 ns	     22998	80004c84	015846b3	xor	x13,x16,x21	 x16:0xffffffff x21:0x00000000 x13=0x00000775
     230005.000 ns	     22999	80004c88	151ab813	sltiu	x16,x21,337	 x21:0xfffff88a x16=0x00000000
     230025.000 ns	     23001	80004c8c	f0088953	fmv.w.x	f18,x17	 x17:0xffffffff f18=0xffffffff
     230045.000 ns	     23003	80004c90	0042d233	srl	x4,x5,x4	  x5:0x00000000  x4:0x00000000  x4=0x00000000
     230055.000 ns	     23004	80004c94	00000013	addi	x0,x0,0	  x0:0x00000000
     230065.000 ns	     23005	80004c98	2e7ff7b7	lui	x15,0x2e7ff	 x15=0x2e7ff000
     230075.000 ns	     23006	80004c9c	aca1ef97	auipc	x31,0xaca1e	 x31=0x2ca22c9c
     230435.000 ns	     23042	80004ca0	036e52b3	divu	x5,x28,x22	 x28:0x00000000 x22:0xfffff88a  x5=0x00000000
     230465.000 ns	     23045	80004ca4	288b13d3	fmax.s	f7,f22,f8	 f22:0xd284bbce  f8:0x469144af  f7=0x469144af
     230485.000 ns	     23047	80004ca8	414e5633	sra	x12,x28,x20	 x28:0x00000000 x20:0x00000000 x12=0x00000000
     230495.000 ns	     23048	80004cac	41a65d33	sra	x26,x12,x26	 x12:0xffffffff x26:0x00000063 x26=0x00000000
     230515.000 ns	     23050	80004cb0	215f24d3	fsgnjx.s	f9,f30,f21	 f30:0xce994eb1 f21:0x4e994fc9  f9=0xce994eb1
     230545.000 ns	     23053	80004cb4	c019f153	fcvt.wu.s	x2,f19	 f19:0x00000000  x2=0x00000000
     230565.000 ns	     23055	80004cb8	003f70b3	and	x1,x30,x3	 x30:0xec5313c0  x3:0x536cbc60  x1=0x40401040
     230575.000 ns	     23056	80004cbc	2db64193	xori	x3,x12,731	 x12:0x00000000  x3=0x000002db
     230585.000 ns	     23057	80004cc0	4096d193	srai	x3,x13,0x9	 x13:0x00000775  x3=0x00000003
     230605.000 ns	     23059	80004cc4	21c52c53	fsgnjx.s	f24,f10,f28	 f10:0x42c61b62 f28:0xd1ed4686 f24=0xc2c61b62
     230635.000 ns	     23062	80004cc8	c00a3453	fcvt.w.s	x8,f20	 f20:0x470c159e  x8=0x00008c16
     230665.000 ns	     23065	80004ccc	d01dc9d3	fcvt.s.wu	f19,x27	 x27:0xeb5eec08 f19=0x4f6b5eec
     230715.000 ns	     23070	80004cd0	0823fcd3	fsub.s	f25,f7,f2	  f7:0x469144af  f2:0xd204bbce f25=0x5204bbcf
     230745.000 ns	     23073	80004cd4	e0099753	fclass.s	x14,f19	 f19:0x4f6b5eec x14=0x00000040
     230775.000 ns	     23076	80004cd8	c0108a53	fcvt.wu.s	x20,f1	  f1:0x80041023 x20=0x00000000
     230805.000 ns	     23079	80004cdc	02008633	mul	x12,x1,x0	  x1:0x40401040  x0:0x00000000 x12=0x00000000
     230825.000 ns	     23081	80004ce0	00b006b3	add	x13,x0,x11	  x0:0x00000000 x11:0x00000000 x13=0x00000000
     230845.000 ns	     23083	80004ce4	024b0e33	mul	x28,x22,x4	 x22:0xfffff88a  x4:0x00000000 x28=0x00000000
     230875.000 ns	     23086	80004ce8	205f1ad3	fsgnjn.s	f21,f30,f5	 f30:0xce994eb1  f5:0x00000000 f21=0xce994eb1
     230895.000 ns	     23088	80004cec	41d60db3	sub	x27,x12,x29	 x12:0x00000000 x29:0x00000000 x27=0x00000000
     230905.000 ns	     23089	80004cf0	01395c93	srli	x25,x18,0x13	 x18:0x80040fe4 x25=0x00001000
     230925.000 ns	     23091	80004cf4	a15d18d3	flt.s	x17,f26,f21	 f26:0x7fc00000 f21:0xce994eb1 x17=0x00000000
     230945.000 ns	     23093	80004cf8	44ac6c37	lui	x24,0x44ac6	 x24=0x44ac6000
     230955.000 ns	     23094	80004cfc	108b2d93	slti	x27,x22,264	 x22:0xfffff88a x27=0x00000001
     231315.000 ns	     23130	80004d00	035e4c33	div	x24,x28,x21	 x28:0x00000000 x21:0xfffff88a x24=0x00000000
     231345.000 ns	     23133	80004d04	205717d3	fsgnjn.s	f15,f14,f5	 f14:0x7fc00000  f5:0x00000000 f15=0xffc00000
     231375.000 ns	     23136	80004d08	e00d81d3	fmv.x.w	x3,f27	 f27:0x3f800000  x3=0x3f800000
     231425.000 ns	     23141	80004d0c	084acf53	fsub.s	f30,f21,f4	 f21:0xce994eb1  f4:0x3f800000 f30=0xce994eb1
     231445.000 ns	     23143	80004d10	01f45633	srl	x12,x8,x31	  x8:0x00008c16 x31:0x2ca22c9c x12=0x00000000
     231455.000 ns	     23144	80004d14	0575e613	ori	x12,x11,87	 x11:0x00000000 x12=0x00000057
     231465.000 ns	     23145	80004d18	3eff0713	addi	x14,x30,1007	 x30:0xec5313c0 x14=0xec5317af
     231485.000 ns	     23147	80004d1c	20f717d3	fsgnjn.s	f15,f14,f15	 f14:0x7fc00000 f15:0xffc00000 f15=0x7fc00000
     231855.000 ns	     23184	80004d20	03e77b33	remu	x22,x14,x30	 x14:0x00000040 x30:0xec5313c0 x22=0x000003ef
     231905.000 ns	     23189	80004d24	092b4653	fsub.s	f12,f22,f18	 f22:0xd284bbce f18:0xffffffff f12=0x7fc00000
     231925.000 ns	     23191	80004d28	404fd633	sra	x12,x31,x4	 x31:0x2ca22c9c  x4:0x00000000 x12=0x2ca22c9c
     231945.000 ns	     23193	80004d2c	e00b0ad3	fmv.x.w	x21,f22	 f22:0xd284bbce x21=0xd284bbce
     231975.000 ns	     23196	80004d30	283e1053	fmax.s	f0,f28,f3	 f28:0xd1ed4686  f3:0x3f194fc0  f0=0x3f194fc0
     231995.000 ns	     23198	80004d34	00f7de13	srli	x28,x15,0xf	 x15:0x2e7ff000 x28=0x00005cff
     232005.000 ns	     23199	80004d38	5b050c93	addi	x25,x10,1456	 x10:0x00000000 x25=0x000005b0
     232025.000 ns	     23201	80004d3c	03baba33	mulhu	x20,x21,x27	 x21:0xd284bbce x27:0x00000001 x20=0x00000000
     232055.000 ns	     23204	80004d40	d017ba53	fcvt.s.wu	f20,x15	 x15:0x2e7ff000 f20=0x4e39ffc0
     232085.000 ns	     23207	80004d44	e00c8853	fmv.x.w	x16,f25	 f25:0x5204bbcf x16=0x5204bbcf
     232105.000 ns	     23209	80004d48	0157eb33	or	x22,x15,x21	 x15:0x2e7ff000 x21:0xd284bbce x22=0xfefffbce
     232145.000 ns	     23213	80004d4c	018ace53	fadd.s	f28,f21,f24	 f21:0xce994eb1 f24:0xc2c61b62 f28=0xce994eb2
     232175.000 ns	     23216	80004d50	a06319d3	flt.s	x19,f6,f6	  f6:0x80000000  f6:0x80000000 x19=0x00000000
     232195.000 ns	     23218	80004d54	016243b3	xor	x7,x4,x22	  x4:0x00000000 x22:0xfefffbce  x7=0xfefffbce
     232225.000 ns	     23221	80004d58	5805aad3	fsqrt.s	f21,f11	 f11:0xb0000000 f21=0x7fc00000
     232255.000 ns	     23224	80004d5c	030a15b3	mulh	x11,x20,x16	 x20:0x00000000 x16:0x5204bbcf x11=0x00000000
     232275.000 ns	     23226	80004d60	064d7493	andi	x9,x26,100	 x26:0x00000000  x9=0x00000000
     232295.000 ns	     23228	80004d64	21cca5d3	fsgnjx.s	f11,f25,f28	 f25:0x5204bbcf f28:0xce994eb2 f11=0xd204bbcf
     232325.000 ns	     23231	80004d68	029f3033	mulhu	x0,x30,x9	 x30:0xec5313c0  x9:0x00000000
     232345.000 ns	     23233	80004d6c	b40ae493	ori	x9,x21,-1216	 x21:0xd284bbce  x9=0xfffffbce
     232365.000 ns	     23235	80004d70	033a2b33	mulhsu	x22,x20,x19	 x20:0x00000000 x19:0x00000000 x22=0x00000000
     232395.000 ns	     23238	80004d74	02cd84b3	mul	x9,x27,x12	 x27:0x00000001 x12:0x2ca22c9c  x9=0x2ca22c9c
     232415.000 ns	     23240	80004d78	26f76f93	ori	x31,x14,623	 x14:0xec5317af x31=0xec5317ef
     232425.000 ns	     23241	80004d7c	007eeb33	or	x22,x29,x7	 x29:0x00000000  x7:0xfefffbce x22=0xfefffbce
     232435.000 ns	     23242	80004d80	00189a93	slli	x21,x17,0x1	 x17:0x00000000 x21=0x00000000
     232455.000 ns	     23244	80004d84	217a0fd3	fsgnj.s	f31,f20,f23	 f20:0x4e39ffc0 f23:0x80000000 f31=0xce39ffc0
     232475.000 ns	     23246	80004d88	00000013	addi	x0,x0,0	  x0:0x00000000
     232485.000 ns	     23247	80004d8c	014781b3	add	x3,x15,x20	 x15:0x2e7ff000 x20:0x00000000  x3=0x2e7ff000
     232505.000 ns	     23249	80004d90	03fb90b3	mulh	x1,x23,x31	 x23:0x00000000 x31:0xec5317ef  x1=0x00000000
     232525.000 ns	     23251	80004d94	432df6b7	lui	x13,0x432df	 x13=0x432df000
     232885.000 ns	     23287	80004d98	02d5c033	div	x0,x11,x13	 x11:0x00000000 x13:0x00000000
     232905.000 ns	     23289	80004d9c	595a0093	addi	x1,x20,1429	 x20:0x00000000  x1=0x00000595
     232925.000 ns	     23291	80004da0	28460e53	fmin.s	f28,f12,f4	 f12:0x7fc00000  f4:0x3f800000 f28=0x3f800000
     232955.000 ns	     23294	80004da4	20efa3d3	fsgnjx.s	f7,f31,f14	 f31:0xce39ffc0 f14:0x7fc00000  f7=0xce39ffc0
     232985.000 ns	     23297	80004da8	03ba2233	mulhsu	x4,x20,x27	 x20:0x00000000 x27:0x00000001  x4=0x00000000
     233015.000 ns	     23300	80004dac	c0191d53	fcvt.wu.s	x26,f18	 f18:0xffffffff x26=0xffffffff
     233035.000 ns	     23302	80004db0	84d9ae93	slti	x29,x19,-1971	 x19:0x00000000 x29=0x00000000
     233055.000 ns	     23304	80004db4	20fb0dd3	fsgnj.s	f27,f22,f15	 f22:0xd284bbce f15:0x7fc00000 f27=0x5284bbce
     233085.000 ns	     23307	80004db8	d004f5d3	fcvt.s.w	f11,x9	  x9:0x2ca22c9c f11=0x4e3288b2
     233105.000 ns	     23309	80004dbc	411dd513	srai	x10,x27,0x11	 x27:0x00000001 x10=0x00000000
     233115.000 ns	     23310	80004dc0	9de28c13	addi	x24,x5,-1570	  x5:0x00000000 x24=0xfffff9de
     233135.000 ns	     23312	80004dc4	d0117953	fcvt.s.wu	f18,x2	  x2:0x00000000 f18=0x00000000
     233165.000 ns	     23315	80004dc8	c01e1553	fcvt.wu.s	x10,f28	 f28:0x3f800000 x10=0x00000001
     233195.000 ns	     23318	80004dcc	c018f753	fcvt.wu.s	x14,f17	 f17:0x7fc00000 x14=0xffffffff
     233225.000 ns	     23321	80004dd0	f00e0ad3	fmv.w.x	f21,x28	 x28:0x00005cff f21=0x00005cff
     233255.000 ns	     23324	80004dd4	025e7b33	remu	x22,x28,x5	 x28:0x00005cff  x5:0x00000000 x22=0x00005cff
     233285.000 ns	     23327	80004dd8	a0c78a53	fle.s	x20,f15,f12	 f15:0x7fc00000 f12:0x7fc00000 x20=0x00000000
     233305.000 ns	     23329	80004ddc	011842b3	xor	x5,x16,x17	 x16:0x5204bbcf x17:0x00000000  x5=0x5204bbcf
     233315.000 ns	     23330	80004de0	41e55793	srai	x15,x10,0x1e	 x10:0x00000001 x15=0x00000000
     233355.000 ns	     23334	80004de4	084af8d3	fsub.s	f17,f21,f4	 f21:0x00005cff  f4:0x3f800000 f17=0xbf800000
     233385.000 ns	     23337	80004de8	20ac13d3	fsgnjn.s	f7,f24,f10	 f24:0xc2c61b62 f10:0x42c61b62  f7=0xc2c61b62
     233405.000 ns	     23339	80004dec	005e5a13	srli	x20,x28,0x5	 x28:0x00005cff x20=0x000002e7
     233415.000 ns	     23340	80004df0	404585b3	sub	x11,x11,x4	 x11:0x00000000  x4:0x00000000 x11=0x00000000
     233425.000 ns	     23341	80004df4	00a38533	add	x10,x7,x10	  x7:0xfefffbce x10:0x00000001 x10=0xfefffbcf
     233445.000 ns	     23343	80004df8	216da653	fsgnjx.s	f12,f27,f22	 f27:0x5284bbce f22:0xd284bbce f12=0xd284bbce
     233465.000 ns	     23345	80004dfc	01ee1993	slli	x19,x28,0x1e	 x28:0x00005cff x19=0xc0000000
     233485.000 ns	     23347	80004e00	a1ab1753	flt.s	x14,f22,f26	 f22:0xd284bbce f26:0x7fc00000 x14=0x00000000
     233515.000 ns	     23350	80004e04	a0611c53	flt.s	x24,f2,f6	  f2:0xd204bbce  f6:0x80000000 x24=0x00000001
     233545.000 ns	     23353	80004e08	e00d1653	fclass.s	x12,f26	 f26:0x7fc00000 x12=0x00000200
     233575.000 ns	     23356	80004e0c	299717d3	fmax.s	f15,f14,f25	 f14:0x7fc00000 f25:0x5204bbcf f15=0x5204bbcf
     233595.000 ns	     23358	80004e10	0b48a813	slti	x16,x17,180	 x17:0x00000000 x16=0x00000001
     233615.000 ns	     23360	80004e14	c0127ad3	fcvt.wu.s	x21,f4	  f4:0x3f800000 x21=0x00000001
     233645.000 ns	     23363	80004e18	e00f0453	fmv.x.w	x8,f30	 f30:0xce994eb1  x8=0xce994eb1
     233665.000 ns	     23365	80004e1c	01763633	sltu	x12,x12,x23	 x12:0x00000200 x23:0x00000000 x12=0x00000000
     233685.000 ns	     23367	80004e20	21d600d3	fsgnj.s	f1,f12,f29	 f12:0xd284bbce f29:0x3f194fc0  f1=0x5284bbce
     233715.000 ns	     23370	80004e24	0315cd33	div	x26,x11,x17	 x11:0x00000000 x17:0x00000000 x26=0xffffffff
     233745.000 ns	     23373	80004e28	a0020b53	fle.s	x22,f4,f0	  f4:0x3f800000  f0:0x3f194fc0 x22=0x00000000
     233765.000 ns	     23375	80004e2c	01c7cbb3	xor	x23,x15,x28	 x15:0x00000000 x28:0x00005cff x23=0x00005cff
     233785.000 ns	     23377	80004e30	d0080ad3	fcvt.s.w	f21,x16	 x16:0x00000001 f21=0x3f800000
     234155.000 ns	     23414	80004e34	039adeb3	divu	x29,x21,x25	 x21:0x00000001 x25:0x000005b0 x29=0x00000000
     234525.000 ns	     23451	80004e38	03c76db3	rem	x27,x14,x28	 x14:0x00000000 x28:0x00005cff x27=0x00000000
     234555.000 ns	     23454	80004e3c	c0010d53	fcvt.w.s	x26,f2	  f2:0xd204bbce x26=0x80000000
     234575.000 ns	     23456	80004e40	00f56e33	or	x28,x10,x15	 x10:0xfefffbcf x15:0x00000000 x28=0xfefffbcf
     234595.000 ns	     23458	80004e44	c005fad3	fcvt.w.s	x21,f11	 f11:0x4e3288b2 x21=0x2ca22c80
     234615.000 ns	     23460	80004e48	400f01b3	sub	x3,x30,x0	 x30:0xec5313c0  x0:0x00000000  x3=0xec5313c0
     234635.000 ns	     23462	80004e4c	21282a53	fsgnjx.s	f20,f16,f18	 f16:0x7fc00000 f18:0x00000000 f20=0x7fc00000
     234655.000 ns	     23464	80004e50	00d91c13	slli	x24,x18,0xd	 x18:0x80040fe4 x24=0x81fc8000
     234665.000 ns	     23465	80004e54	0d408a93	addi	x21,x1,212	  x1:0x00000595 x21=0x00000669
     234685.000 ns	     23467	80004e58	02065433	divu	x8,x12,x0	 x12:0x00000000  x0:0x00000000  x8=0xffffffff
     234715.000 ns	     23470	80004e5c	02451233	mulh	x4,x10,x4	 x10:0xfefffbcf  x4:0x00000000  x4=0x00000000
     234745.000 ns	     23473	80004e60	02f4deb3	divu	x29,x9,x15	  x9:0x2ca22c9c x15:0x00000000 x29=0xffffffff
     234785.000 ns	     23477	80004e64	580ffad3	fsqrt.s	f21,f31	 f31:0xce39ffc0 f21=0x7fc00000
     234815.000 ns	     23480	80004e68	02ac3433	mulhu	x8,x24,x10	 x24:0x81fc8000 x10:0xfefffbcf  x8=0x817a815f
     234845.000 ns	     23483	80004e6c	21910553	fsgnj.s	f10,f2,f25	  f2:0xd204bbce f25:0x5204bbcf f10=0x5204bbce
     234875.000 ns	     23486	80004e70	e0081453	fclass.s	x8,f16	 f16:0x7fc00000  x8=0x00000200
     234905.000 ns	     23489	80004e74	03676433	rem	x8,x14,x22	 x14:0x00000000 x22:0x00000000  x8=0x00000000
     234955.000 ns	     23494	80004e78	013af9d3	fadd.s	f19,f21,f19	 f21:0x7fc00000 f19:0x4f6b5eec f19=0x7fc00000
     234985.000 ns	     23497	80004e7c	d00348d3	fcvt.s.w	f17,x6	  x6:0x80041024 f17=0xcefff7e0
     235005.000 ns	     23499	80004e80	fe78bb13	sltiu	x22,x17,-25	 x17:0x00000000 x22=0x00000001
     235335.000 ns	     23532	80004e84	188529d3	fdiv.s	f19,f10,f8	 f10:0x5204bbce  f8:0x469144af f19=0x4afc7e76
     235355.000 ns	     23534	80004e88	75a20193	addi	x3,x4,1882	  x4:0x00000000  x3=0x0000075a
     235385.000 ns	     23537	80004e8c	1177f8d3	fmul.s	f17,f15,f23	 f15:0x5204bbcf f23:0x80000000 f17=0x80000000
     235755.000 ns	     23574	80004e90	02d179b3	remu	x19,x2,x13	  x2:0x00000000 x13:0x432df000 x19=0x00000000
     235785.000 ns	     23577	80004e94	296a1453	fmax.s	f8,f20,f22	 f20:0x7fc00000 f22:0xd284bbce  f8=0xd284bbce
     236155.000 ns	     23614	80004e98	030ac2b3	div	x5,x21,x16	 x21:0x00000669 x16:0x00000001  x5=0x00000669
     236175.000 ns	     23616	80004e9c	00000013	addi	x0,x0,0	  x0:0x00000000
     236185.000 ns	     23617	80004ea0	41a2dd33	sra	x26,x5,x26	  x5:0x00000669 x26:0x80000000 x26=0x00000669
     236205.000 ns	     23619	80004ea4	029ea133	mulhsu	x2,x29,x9	 x29:0xffffffff  x9:0x2ca22c9c  x2=0xffffffff
     236235.000 ns	     23622	80004ea8	f0010953	fmv.w.x	f18,x2	  x2:0x00000000 f18=0xffffffff
     236275.000 ns	     23626	80004eac	192342d3	fdiv.s	f5,f6,f18	  f6:0x80000000 f18:0x00000000  f5=0x7fc00000
     236295.000 ns	     23628	80004eb0	41cddb13	srai	x22,x27,0x1c	 x27:0x00000000 x22=0x00000000
     236315.000 ns	     23630	80004eb4	21929e53	fsgnjn.s	f28,f5,f25	  f5:0x7fc00000 f25:0x5204bbcf f28=0xffc00000
     236365.000 ns	     23635	80004eb8	09cec4d3	fsub.s	f9,f29,f28	 f29:0x3f194fc0 f28:0x3f800000  f9=0x7fc00000
     236385.000 ns	     23637	80004ebc	0103d733	srl	x14,x7,x16	  x7:0xfefffbce x16:0x00000001 x14=0x7f7ffde7
     236745.000 ns	     23673	80004ec0	02365533	divu	x10,x12,x3	 x12:0x00000000  x3:0x0000075a x10=0x00000000
     236775.000 ns	     23676	80004ec4	a05c9ad3	flt.s	x21,f25,f5	 f25:0x5204bbcf  f5:0x7fc00000 x21=0x00000000
     236795.000 ns	     23678	80004ec8	c518e293	ori	x5,x17,-943	 x17:0x00000000  x5=0xfffffc51
     237155.000 ns	     23714	80004ecc	0341ffb3	remu	x31,x3,x20	  x3:0x0000075a x20:0x000002e7 x31=0x0000018c
     237185.000 ns	     23717	80004ed0	03c69e33	mulh	x28,x13,x28	 x13:0x432df000 x28:0xfefffbcf x28=0xffbcd0f6
     237205.000 ns	     23719	80004ed4	d7de8213	addi	x4,x29,-643	 x29:0xffffffff  x4=0xfffffd7c
     237215.000 ns	     23720	80004ed8	01d1bab3	sltu	x21,x3,x29	  x3:0x0000075a x29:0xffffffff x21=0x00000001
     237225.000 ns	     23721	80004edc	00008493	addi	x9,x1,0	  x1:0x00000595  x9=0x00000595
     237235.000 ns	     23722	80004ee0	00789013	slli	x0,x17,0x7	 x17:0x00000000
     237245.000 ns	     23723	80004ee4	7ec2a213	slti	x4,x5,2028	  x5:0xfffffc51  x4=0x00000001
     237265.000 ns	     23725	80004ee8	e0098053	fmv.x.w	x0,f19	 f19:0x4afc7e76
     237285.000 ns	     23727	80004eec	265ba513	slti	x10,x23,613	 x23:0x00005cff x10=0x00000000
     237295.000 ns	     23728	80004ef0	0043d133	srl	x2,x7,x4	  x7:0xfefffbce  x4:0x00000001  x2=0x7f7ffde7
     237305.000 ns	     23729	80004ef4	621ac893	xori	x17,x21,1569	 x21:0x00000001 x17=0x00000620
     237325.000 ns	     23731	80004ef8	030833b3	mulhu	x7,x16,x16	 x16:0x00000001 x16:0x00000001  x7=0x00000000
     237345.000 ns	     23733	80004efc	00349cb3	sll	x25,x9,x3	  x9:0x00000595  x3:0x0000075a x25=0x54000000
     237355.000 ns	     23734	80004f00	011a47b3	xor	x15,x20,x17	 x20:0x000002e7 x17:0x00000620 x15=0x000004c7
     237365.000 ns	     23735	80004f04	007b1493	slli	x9,x22,0x7	 x22:0x00000000  x9=0x00000000
     237385.000 ns	     23737	80004f08	20c32a53	fsgnjx.s	f20,f6,f12	  f6:0x80000000 f12:0xd284bbce f20=0x00000000
     237405.000 ns	     23739	80004f0c	007cd413	srli	x8,x25,0x7	 x25:0x54000000  x8=0x00a80000
     237415.000 ns	     23740	80004f10	404604b3	sub	x9,x12,x4	 x12:0x00000000  x4:0x00000001  x9=0xffffffff
     237425.000 ns	     23741	80004f14	c1f9fd13	andi	x26,x19,-993	 x19:0x00000000 x26=0x00000000
     237445.000 ns	     23743	80004f18	20b8a153	fsgnjx.s	f2,f17,f11	 f17:0x80000000 f11:0x4e3288b2  f2=0x80000000
     237475.000 ns	     23746	80004f1c	a0b017d3	flt.s	x15,f0,f11	  f0:0x3f194fc0 f11:0x4e3288b2 x15=0x00000001
     237505.000 ns	     23749	80004f20	f0088053	fmv.w.x	f0,x17	 x17:0x00000620  f0=0x00000620
     237525.000 ns	     23751	80004f24	01e07d33	and	x26,x0,x30	  x0:0x00000000 x30:0xec5313c0 x26=0x00000000
     237545.000 ns	     23753	80004f28	f0058753	fmv.w.x	f14,x11	 x11:0x00000000 f14=0x00000000
     237565.000 ns	     23755	80004f2c	8ed4e713	ori	x14,x9,-1811	  x9:0xffffffff x14=0xffffffff
     237585.000 ns	     23757	80004f30	e00e8253	fmv.x.w	x4,f29	 f29:0x3f194fc0  x4=0x3f194fc0
     237625.000 ns	     23761	80004f34	580c4c53	fsqrt.s	f24,f24	 f24:0xc2c61b62 f24=0x7fc00000
     237645.000 ns	     23763	80004f38	00ae3e33	sltu	x28,x28,x10	 x28:0xffbcd0f6 x10:0x00000000 x28=0x00000000
     237665.000 ns	     23765	80004f3c	e00b8253	fmv.x.w	x4,f23	 f23:0x80000000  x4=0x80000000
     237695.000 ns	     23768	80004f40	205b8753	fsgnj.s	f14,f23,f5	 f23:0x80000000  f5:0x7fc00000 f14=0x00000000
     237715.000 ns	     23770	80004f44	009b14b3	sll	x9,x22,x9	 x22:0x00000000  x9:0xffffffff  x9=0x00000000
     237745.000 ns	     23773	80004f48	1166ac53	fmul.s	f24,f13,f22	 f13:0x3ed8d016 f22:0xd284bbce f24=0xd1e0d4b4
     237765.000 ns	     23775	80004f4c	401fd113	srai	x2,x31,0x1	 x31:0x0000018c  x2=0x000000c6
     237775.000 ns	     23776	80004f50	7f0a6513	ori	x10,x20,2032	 x20:0x000002e7 x10=0x000007f7
     237785.000 ns	     23777	80004f54	882a6193	ori	x3,x20,-1918	 x20:0x000002e7  x3=0xfffffae7
     237795.000 ns	     23778	80004f58	40e65233	sra	x4,x12,x14	 x12:0x00000000 x14:0xffffffff  x4=0x00000000
     237815.000 ns	     23780	80004f5c	03cd8ab3	mul	x21,x27,x28	 x27:0x00000000 x28:0x00000000 x21=0x00000000
     237845.000 ns	     23783	80004f60	c01f2a53	fcvt.wu.s	x20,f30	 f30:0xce994eb1 x20=0x4ca75880
     237875.000 ns	     23786	80004f64	02df9fb3	mulh	x31,x31,x13	 x31:0x0000018c x13:0x432df000 x31=0x00000067
     237895.000 ns	     23788	80004f68	01010cb3	add	x25,x2,x16	  x2:0x000000c6 x16:0x00000001 x25=0x000000c7
     237905.000 ns	     23789	80004f6c	0091a3b3	slt	x7,x3,x9	  x3:0xfffffae7  x9:0x00000000  x7=0x00000001
     237925.000 ns	     23791	80004f70	032c0233	mul	x4,x24,x18	 x24:0x81fc8000 x18:0x80040fe4  x4=0x90620000
     237945.000 ns	     23793	80004f74	01468033	add	x0,x13,x20	 x13:0x432df000 x20:0x4ca75880
     237965.000 ns	     23795	80004f78	21e185d3	fsgnj.s	f11,f3,f30	  f3:0x3f194fc0 f30:0xce994eb1 f11=0xbf194fc0
     238005.000 ns	     23799	80004f7c	113807d3	fmul.s	f15,f16,f19	 f16:0x7fc00000 f19:0x4afc7e76 f15=0x7fc00000
     238035.000 ns	     23802	80004f80	a0d422d3	feq.s	x5,f8,f13	  f8:0xd284bbce f13:0x3ed8d016  x5=0x00000000
     238055.000 ns	     23804	80004f84	001248b3	xor	x17,x4,x1	  x4:0x90620000  x1:0x00000595 x17=0x90620595
     238065.000 ns	     23805	80004f88	1935bc13	sltiu	x24,x11,403	 x11:0x00000000 x24=0x00000001
     238075.000 ns	     23806	80004f8c	00e2aa33	slt	x20,x5,x14	  x5:0x00000000 x14:0xffffffff x20=0x00000000
     238095.000 ns	     23808	80004f90	f00a0753	fmv.w.x	f14,x20	 x20:0x4ca75880 f14=0x00000000
     238115.000 ns	     23810	80004f94	a331ba93	sltiu	x21,x3,-1485	  x3:0xfffffae7 x21=0x00000000
     238145.000 ns	     23813	80004f98	1140c0d3	fmul.s	f1,f1,f20	  f1:0x5284bbce f20:0x00000000  f1=0x00000000
     238165.000 ns	     23815	80004f9c	01519693	slli	x13,x3,0x15	  x3:0xfffffae7 x13=0x5ce00000
     238175.000 ns	     23816	80004fa0	412ed0b3	sra	x1,x29,x18	 x29:0xffffffff x18:0x80040fe4  x1=0xffffffff
     238195.000 ns	     23818	80004fa4	c0052ad3	fcvt.w.s	x21,f10	 f10:0x5204bbce x21=0x7fffffff
     238225.000 ns	     23821	80004fa8	29209d53	fmax.s	f26,f1,f18	  f1:0x00000000 f18:0xffffffff f26=0x00000000
     238245.000 ns	     23823	80004fac	0163efb3	or	x31,x7,x22	  x7:0x00000001 x22:0x00000000 x31=0x00000001
     238255.000 ns	     23824	80004fb0	0163fb33	and	x22,x7,x22	  x7:0x00000001 x22:0x00000000 x22=0x00000000
     238275.000 ns	     23826	80004fb4	28c19ed3	fmax.s	f29,f3,f12	  f3:0x3f194fc0 f12:0xd284bbce f29=0x3f194fc0
     238305.000 ns	     23829	80004fb8	0220beb3	mulhu	x29,x1,x2	  x1:0xffffffff  x2:0x000000c6 x29=0x000000c5
     238335.000 ns	     23832	80004fbc	030d3db3	mulhu	x27,x26,x16	 x26:0x00000000 x16:0x00000001 x27=0x00000000
     238355.000 ns	     23834	80004fc0	b820e093	ori	x1,x1,-1150	  x1:0xffffffff  x1=0xffffffff
     238375.000 ns	     23836	80004fc4	02e60633	mul	x12,x12,x14	 x12:0x00000000 x14:0xffffffff x12=0x00000000
     238395.000 ns	     23838	80004fc8	6d024213	xori	x4,x4,1744	  x4:0x90620000  x4=0x906206d0
     238415.000 ns	     23840	80004fcc	03340e33	mul	x28,x8,x19	  x8:0x00a80000 x19:0x00000000 x28=0x00000000
     238465.000 ns	     23845	80004fd0	09624253	fsub.s	f4,f4,f22	  f4:0x3f800000 f22:0xd284bbce  f4=0x5284bbce
     238495.000 ns	     23848	80004fd4	e0020d53	fmv.x.w	x26,f4	  f4:0x3f800000 x26=0x5284bbce
     238515.000 ns	     23850	80004fd8	01f15133	srl	x2,x2,x31	  x2:0x000000c6 x31:0x00000001  x2=0x00000063
     238525.000 ns	     23851	80004fdc	40d1d633	sra	x12,x3,x13	  x3:0xfffffae7 x13:0x5ce00000 x12=0xfffffae7
     238545.000 ns	     23853	80004fe0	03b15ab3	divu	x21,x2,x27	  x2:0x000000c6 x27:0x00000000 x21=0xffffffff
     238575.000 ns	     23856	80004fe4	03c1aa33	mulhsu	x20,x3,x28	  x3:0xfffffae7 x28:0x00000000 x20=0x00000000
     238595.000 ns	     23858	80004fe8	00201e93	slli	x29,x0,0x2	  x0:0x00000000 x29=0x00000000
     238615.000 ns	     23860	80004fec	216d9ad3	fsgnjn.s	f21,f27,f22	 f27:0x5284bbce f22:0xd284bbce f21=0x5284bbce
     238635.000 ns	     23862	80004ff0	01a01e93	slli	x29,x0,0x1a	  x0:0x00000000 x29=0x00000000
     238655.000 ns	     23864	80004ff4	c00d2053	fcvt.w.s	x0,f26	 f26:0x00000000
     238675.000 ns	     23866	80004ff8	014481b3	add	x3,x9,x20	  x9:0x00000000 x20:0x00000000  x3=0x00000000
     238695.000 ns	     23868	80004ffc	036732b3	mulhu	x5,x14,x22	 x14:0xffffffff x22:0x00000000  x5=0x00000000
     238725.000 ns	     23871	80005000	a1e28cd3	fle.s	x25,f5,f30	  f5:0x7fc00000 f30:0xce994eb1 x25=0x00000000
     238765.000 ns	     23875	80005004	108873d3	fmul.s	f7,f16,f8	 f16:0x7fc00000  f8:0xd284bbce  f7=0x7fc00000
     238795.000 ns	     23878	80005008	03bd5433	divu	x8,x26,x27	 x26:0x5284bbce x27:0x00000000  x8=0xffffffff
     238825.000 ns	     23881	8000500c	a10d8653	fle.s	x12,f27,f16	 f27:0x5284bbce f16:0x7fc00000 x12=0x00000000
     238845.000 ns	     23883	80005010	013facb3	slt	x25,x31,x19	 x31:0x00000001 x19:0x00000000 x25=0x00000000
     238855.000 ns	     23884	80005014	01ee9013	slli	x0,x29,0x1e	 x29:0x00000000
     238865.000 ns	     23885	80005018	0191a633	slt	x12,x3,x25	  x3:0x00000000 x25:0x00000000 x12=0x00000000
     238885.000 ns	     23887	8000501c	d00c37d3	fcvt.s.w	f15,x24	 x24:0x00000001 f15=0x3f800000
     238905.000 ns	     23889	80005020	00b12433	slt	x8,x2,x11	  x2:0x00000063 x11:0x00000000  x8=0x00000000
     238915.000 ns	     23890	80005024	59441fb7	lui	x31,0x59441	 x31=0x59441000
     238925.000 ns	     23891	80005028	d9e24993	xori	x19,x4,-610	  x4:0x906206d0 x19=0x6f9dfb4e
     238935.000 ns	     23892	8000502c	00000013	addi	x0,x0,0	  x0:0x00000000
     238975.000 ns	     23896	80005030	001ff6d3	fadd.s	f13,f31,f1	 f31:0xce39ffc0  f1:0x00000000 f13=0xce39ffc0
     239015.000 ns	     23900	80005034	10e68253	fmul.s	f4,f13,f14	 f13:0x3ed8d016 f14:0x00000000  f4=0x80000000
     239045.000 ns	     23903	80005038	02b76c33	rem	x24,x14,x11	 x14:0xffffffff x11:0x00000000 x24=0xffffffff
     240225.000 ns	     24021	8000503c	5801b753	fsqrt.s	f14,f3	  f3:0x3f194fc0 f14=0x3ed8d016
     240245.000 ns	     24023	80005040	015954b3	srl	x9,x18,x21	 x18:0x80040fe4 x21:0xffffffff  x9=0x00000001
     240255.000 ns	     24024	80005044	9350ae93	slti	x29,x1,-1739	  x1:0xffffffff x29=0x00000000
     240265.000 ns	     24025	80005048	bc6e68b7	lui	x17,0xbc6e6	 x17=0xbc6e6000
     240285.000 ns	     24027	8000504c	d014fbd3	fcvt.s.wu	f23,x9	  x9:0x00000001 f23=0x3f800000
     240315.000 ns	     24030	80005050	03811733	mulh	x14,x2,x24	  x2:0x00000063 x24:0xffffffff x14=0xffffffff
     240335.000 ns	     24032	80005054	01186cb3	or	x25,x16,x17	 x16:0x00000001 x17:0xbc6e6000 x25=0xbc6e6001
     240355.000 ns	     24034	80005058	20bf9d53	fsgnjn.s	f26,f31,f11	 f31:0xce39ffc0 f11:0xbf194fc0 f26=0x4e39ffc0
     240375.000 ns	     24036	8000505c	7d95a893	slti	x17,x11,2009	 x11:0x00000000 x17=0x00000001
     240735.000 ns	     24072	80005060	02e16733	rem	x14,x2,x14	  x2:0x00000063 x14:0xffffffff x14=0x00000000
     241075.000 ns	     24106	80005064	193fca53	fdiv.s	f20,f31,f19	 f31:0xce39ffc0 f19:0x4afc7e76 f20=0xc2b9ffc0
     241115.000 ns	     24110	80005068	1819f8d3	fdiv.s	f17,f19,f1	 f19:0x4afc7e76  f1:0x00000000 f17=0x7f800000
     241145.000 ns	     24113	8000506c	028ba233	mulhsu	x4,x23,x8	 x23:0x00005cff  x8:0x00000000  x4=0x00000000
     241175.000 ns	     24116	80005070	03dc0133	mul	x2,x24,x29	 x24:0xffffffff x29:0x00000000  x2=0x00000000
     241215.000 ns	     24120	80005074	5806f853	fsqrt.s	f16,f13	 f13:0xce39ffc0 f16=0x7fc00000
     241235.000 ns	     24122	80005078	01b06b33	or	x22,x0,x27	  x0:0x00000000 x27:0x00000000 x22=0x00000000
     241255.000 ns	     24124	8000507c	e00d11d3	fclass.s	x3,f26	 f26:0x4e39ffc0  x3=0x00000040
     241285.000 ns	     24127	80005080	f0010e53	fmv.w.x	f28,x2	  x2:0x00000000 f28=0x00000000
     241315.000 ns	     24130	80005084	0204d6b3	divu	x13,x9,x0	  x9:0x00000001  x0:0x00000000 x13=0xffffffff
     241335.000 ns	     24132	80005088	01d0dcb3	srl	x25,x1,x29	  x1:0xffffffff x29:0x00000000 x25=0xffffffff
     241345.000 ns	     24133	8000508c	c842b613	sltiu	x12,x5,-892	  x5:0x00000000 x12=0x00000001
     241355.000 ns	     24134	80005090	41790db3	sub	x27,x18,x23	 x18:0x80040fe4 x23:0x00005cff x27=0x8003b2e5
     241365.000 ns	     24135	80005094	2c66d8b7	lui	x17,0x2c66d	 x17=0x2c66d000
     241725.000 ns	     24171	80005098	0290cfb3	div	x31,x1,x9	  x1:0xffffffff  x9:0x00000001 x31=0xffffffff
     241745.000 ns	     24173	8000509c	0136a9b3	slt	x19,x13,x19	 x13:0xffffffff x19:0x6f9dfb4e x19=0x00000001
     241765.000 ns	     24175	800050a0	d0069c53	fcvt.s.w	f24,x13	 x13:0xffffffff f24=0xbf800000
     241785.000 ns	     24177	800050a4	40ccda93	srai	x21,x25,0xc	 x25:0xffffffff x21=0xffffffff
     241795.000 ns	     24178	800050a8	41535c93	srai	x25,x6,0x15	  x6:0x80041024 x25=0xfffffc00
     241815.000 ns	     24180	800050ac	20a820d3	fsgnjx.s	f1,f16,f10	 f16:0x7fc00000 f10:0x5204bbce  f1=0x7fc00000
     241865.000 ns	     24185	800050b0	00ecf353	fadd.s	f6,f25,f14	 f25:0x5204bbcf f14:0x3ed8d016  f6=0x5204bbcf
     241895.000 ns	     24188	800050b4	21e18cd3	fsgnj.s	f25,f3,f30	  f3:0x3f194fc0 f30:0xce994eb1 f25=0xbf194fc0
     241915.000 ns	     24190	800050b8	010635b3	sltu	x11,x12,x16	 x12:0x00000001 x16:0x00000001 x11=0x00000000
     241935.000 ns	     24192	800050bc	2019a853	fsgnjx.s	f16,f19,f1	 f19:0x4afc7e76  f1:0x7fc00000 f16=0x4afc7e76
     241965.000 ns	     24195	800050c0	219f06d3	fsgnj.s	f13,f30,f25	 f30:0xce994eb1 f25:0xbf194fc0 f13=0xce994eb1
     242335.000 ns	     24232	800050c4	033dca33	div	x20,x27,x19	 x27:0x8003b2e5 x19:0x00000001 x20=0x8003b2e5
     242355.000 ns	     24234	800050c8	418f8033	sub	x0,x31,x24	 x31:0xffffffff x24:0xffffffff
     242375.000 ns	     24236	800050cc	216f2fd3	fsgnjx.s	f31,f30,f22	 f30:0xce994eb1 f22:0xd284bbce f31=0x4e994eb1
     242405.000 ns	     24239	800050d0	c01b91d3	fcvt.wu.s	x3,f23	 f23:0x3f800000  x3=0x00000001
     242435.000 ns	     24242	800050d4	03689b33	mulh	x22,x17,x22	 x17:0x2c66d000 x22:0x00000000 x22=0x00000000
     242455.000 ns	     24244	800050d8	00d7a733	slt	x14,x15,x13	 x15:0x00000001 x13:0xffffffff x14=0x00000000
     242465.000 ns	     24245	800050dc	008296b3	sll	x13,x5,x8	  x5:0x00000000  x8:0x00000000 x13=0x00000000
     242485.000 ns	     24247	800050e0	d01aa753	fcvt.s.wu	f14,x21	 x21:0xffffffff f14=0x4f800000
     242855.000 ns	     24284	800050e4	03e8e0b3	rem	x1,x17,x30	 x17:0x2c66d000 x30:0xec5313c0  x1=0x050cf780
     242885.000 ns	     24287	800050e8	a1130ed3	fle.s	x29,f6,f17	  f6:0x5204bbcf f17:0x7f800000 x29=0x00000001
     242905.000 ns	     24289	800050ec	0016bab3	sltu	x21,x13,x1	 x13:0x00000000  x1:0x050cf780 x21=0x00000001
     242915.000 ns	     24290	800050f0	414d5433	sra	x8,x26,x20	 x26:0x5284bbce x20:0x8003b2e5  x8=0x029425de
     242935.000 ns	     24292	800050f4	208c9d53	fsgnjn.s	f26,f25,f8	 f25:0xbf194fc0  f8:0xd284bbce f26=0x3f194fc0
     242955.000 ns	     24294	800050f8	0195d993	srli	x19,x11,0x19	 x11:0x00000000 x19=0x00000000
     242965.000 ns	     24295	800050fc	a5ff4c17	auipc	x24,0xa5ff4	 x24=0x25ff90fc
     242975.000 ns	     24296	80005100	016e9a33	sll	x20,x29,x22	 x29:0x00000001 x22:0x00000000 x20=0x00000001
     242985.000 ns	     24297	80005104	0018d213	srli	x4,x17,0x1	 x17:0x2c66d000  x4=0x16336800
     243005.000 ns	     24299	80005108	c0124753	fcvt.wu.s	x14,f4	  f4:0x80000000 x14=0x00000000
     243025.000 ns	     24301	8000510c	b1a63693	sltiu	x13,x12,-1254	 x12:0x00000001 x13=0x00000001
     243045.000 ns	     24303	80005110	f0080553	fmv.w.x	f10,x16	 x16:0x00000001 f10=0x00000001
     243075.000 ns	     24306	80005114	025d91b3	mulh	x3,x27,x5	 x27:0x8003b2e5  x5:0x00000000  x3=0x00000000
     243105.000 ns	     24309	80005118	c01f7053	fcvt.wu.s	x0,f30	 f30:0xce994eb1
     243125.000 ns	     24311	8000511c	49fe1817	auipc	x16,0x49fe1	 x16=0xc9fe611c
     243145.000 ns	     24313	80005120	c0197e53	fcvt.wu.s	x28,f18	 f18:0xffffffff x28=0xffffffff
     243165.000 ns	     24315	80005124	00434ab3	xor	x21,x6,x4	  x6:0x80041024  x4:0x16336800 x21=0x96377824
     243175.000 ns	     24316	80005128	01e41093	slli	x1,x8,0x1e	  x8:0x029425de  x1=0x80000000
     243535.000 ns	     24352	8000512c	03ad5133	divu	x2,x26,x26	 x26:0x5284bbce x26:0x5284bbce  x2=0x00000001
     243565.000 ns	     24355	80005130	d00881d3	fcvt.s.w	f3,x17	 x17:0x2c66d000  f3=0x4e319b40
     243585.000 ns	     24357	80005134	006b7a33	and	x20,x22,x6	 x22:0x00000000  x6:0x80041024 x20=0x00000000
     243595.000 ns	     24358	80005138	d8cdce13	xori	x28,x27,-628	 x27:0x8003b2e5 x28=0x7ffc4f69
     243615.000 ns	     24360	8000513c	c0030753	fcvt.w.s	x14,f6	  f6:0x5204bbcf x14=0x7fffffff
     243645.000 ns	     24363	80005140	21a386d3	fsgnj.s	f13,f7,f26	  f7:0x7fc00000 f26:0x3f194fc0 f13=0x7fc00000
     243665.000 ns	     24365	80005144	00dc5eb3	srl	x29,x24,x13	 x24:0x25ff90fc x13:0x00000001 x29=0x12ffc87e
     244025.000 ns	     24401	80005148	021570b3	remu	x1,x10,x1	 x10:0x000007f7  x1:0x80000000  x1=0x000007f7
     244045.000 ns	     24403	8000514c	6954ee93	ori	x29,x9,1685	  x9:0x00000001 x29=0x00000695
     244065.000 ns	     24405	80005150	c0032e53	fcvt.w.s	x28,f6	  f6:0x5204bbcf x28=0x7fffffff
     244085.000 ns	     24407	80005154	01209793	slli	x15,x1,0x12	  x1:0x000007f7 x15=0x1fdc0000
     244105.000 ns	     24409	80005158	29d41fd3	fmax.s	f31,f8,f29	  f8:0xd284bbce f29:0x3f194fc0 f31=0x3f194fc0
     244125.000 ns	     24411	8000515c	113e33b7	lui	x7,0x113e3	  x7=0x113e3000
     244145.000 ns	     24413	80005160	29641e53	fmax.s	f28,f8,f22	  f8:0xd284bbce f22:0xd284bbce f28=0xd284bbce
     244175.000 ns	     24416	80005164	28ba1ed3	fmax.s	f29,f20,f11	 f20:0xc2b9ffc0 f11:0xbf194fc0 f29=0xbf194fc0
     244205.000 ns	     24419	80005168	29b28153	fmin.s	f2,f5,f27	  f5:0x7fc00000 f27:0x5284bbce  f2=0x5284bbce
     244575.000 ns	     24456	8000516c	032c7a33	remu	x20,x24,x18	 x24:0x25ff90fc x18:0x80040fe4 x20=0x25ff90fc
     244595.000 ns	     24458	80005170	f294c793	xori	x15,x9,-215	  x9:0x00000001 x15=0xffffff28
     244615.000 ns	     24460	80005174	205914d3	fsgnjn.s	f9,f18,f5	 f18:0xffffffff  f5:0x7fc00000  f9=0xffffffff
     244635.000 ns	     24462	80005178	41ea8e33	sub	x28,x21,x30	 x21:0x96377824 x30:0xec5313c0 x28=0xa9e46464
     244645.000 ns	     24463	8000517c	2dec7593	andi	x11,x24,734	 x24:0x25ff90fc x11=0x000000dc
     244665.000 ns	     24465	80005180	c004fcd3	fcvt.w.s	x25,f9	  f9:0xffffffff x25=0x7fffffff
     244685.000 ns	     24467	80005184	00000013	addi	x0,x0,0	  x0:0x00000000
     244695.000 ns	     24468	80005188	01d81e33	sll	x28,x16,x29	 x16:0xc9fe611c x29:0x00000695 x28=0x23800000
     244715.000 ns	     24470	8000518c	21d206d3	fsgnj.s	f13,f4,f29	  f4:0x80000000 f29:0xbf194fc0 f13=0x80000000
     244745.000 ns	     24473	80005190	21ab1bd3	fsgnjn.s	f23,f22,f26	 f22:0xd284bbce f26:0x3f194fc0 f23=0xd284bbce
     244765.000 ns	     24475	80005194	01f57eb3	and	x29,x10,x31	 x10:0x000007f7 x31:0xffffffff x29=0x000007f7
     244775.000 ns	     24476	80005198	554b92b7	lui	x5,0x554b9	  x5=0x554b9000
     244795.000 ns	     24478	8000519c	03af36b3	mulhu	x13,x30,x26	 x30:0xec5313c0 x26:0x5284bbce x13=0x4c2d2488
     244825.000 ns	     24481	800051a0	a00d1e53	flt.s	x28,f26,f0	 f26:0x3f194fc0  f0:0x00000620 x28=0x00000000
     244855.000 ns	     24484	800051a4	037a39b3	mulhu	x19,x20,x23	 x20:0x25ff90fc x23:0x00005cff x19=0x00000dcd
     244875.000 ns	     24486	800051a8	5d3c1397	auipc	x7,0x5d3c1	  x7=0xdd3c61a8
     244895.000 ns	     24488	800051ac	a0de92d3	flt.s	x5,f29,f13	 f29:0xbf194fc0 f13:0x80000000  x5=0x00000001
     244925.000 ns	     24491	800051b0	28069553	fmax.s	f10,f13,f0	 f13:0x80000000  f0:0x00000620 f10=0x00000620
     244945.000 ns	     24493	800051b4	007e3a33	sltu	x20,x28,x7	 x28:0x00000000  x7:0xdd3c61a8 x20=0x00000001
     244965.000 ns	     24495	800051b8	f0050053	fmv.w.x	f0,x10	 x10:0x000007f7  f0=0x000007f7
     244995.000 ns	     24498	800051bc	299787d3	fmin.s	f15,f15,f25	 f15:0x3f800000 f25:0xbf194fc0 f15=0xbf194fc0
     245015.000 ns	     24500	800051c0	0031b1b3	sltu	x3,x3,x3	  x3:0x00000000  x3:0x00000000  x3=0x00000000
     245025.000 ns	     24501	800051c4	019db3b3	sltu	x7,x27,x25	 x27:0x8003b2e5 x25:0x7fffffff  x7=0x00000000
     245035.000 ns	     24502	800051c8	411f5713	srai	x14,x30,0x11	 x30:0xec5313c0 x14=0xfffff629
     245045.000 ns	     24503	800051cc	0674e413	ori	x8,x9,103	  x9:0x00000001  x8=0x00000067
     245055.000 ns	     24504	800051d0	010bc033	xor	x0,x23,x16	 x23:0x00005cff x16:0xc9fe611c
     245075.000 ns	     24506	800051d4	207b0853	fsgnj.s	f16,f22,f7	 f22:0xd284bbce  f7:0x7fc00000 f16=0x5284bbce
     246255.000 ns	     24624	800051d8	580509d3	fsqrt.s	f19,f10	 f10:0x00000620 f19=0x1f350d2c
     246285.000 ns	     24627	800051dc	29a619d3	fmax.s	f19,f12,f26	 f12:0xd284bbce f26:0x3f194fc0 f19=0x3f194fc0
     246315.000 ns	     24630	800051e0	03992e33	mulhsu	x28,x18,x25	 x18:0x80040fe4 x25:0x7fffffff x28=0xc00207f2
     246345.000 ns	     24633	800051e4	a0468253	fle.s	x4,f13,f4	 f13:0x80000000  f4:0x80000000  x4=0x00000001
     246365.000 ns	     24635	800051e8	0131fbb3	and	x23,x3,x19	  x3:0x00000000 x19:0x00000dcd x23=0x00000000
     246385.000 ns	     24637	800051ec	28cb0653	fmin.s	f12,f22,f12	 f22:0xd284bbce f12:0xd284bbce f12=0xd284bbce
     246425.000 ns	     24641	800051f0	107772d3	fmul.s	f5,f14,f7	 f14:0x4f800000  f7:0x7fc00000  f5=0x7fc00000
     246455.000 ns	     24644	800051f4	208e84d3	fsgnj.s	f9,f29,f8	 f29:0xbf194fc0  f8:0xd284bbce  f9=0xbf194fc0
     246485.000 ns	     24647	800051f8	022da133	mulhsu	x2,x27,x2	 x27:0x8003b2e5  x2:0x00000001  x2=0xffffffff
     246505.000 ns	     24649	800051fc	000971b3	and	x3,x18,x0	 x18:0x80040fe4  x0:0x00000000  x3=0x00000000
     246525.000 ns	     24651	80005200	d001add3	fcvt.s.w	f27,x3	  x3:0x00000000 f27=0x00000000
     246555.000 ns	     24654	80005204	03242833	mulhsu	x16,x8,x18	  x8:0x00000067 x18:0x80040fe4 x16=0x00000033
     246585.000 ns	     24657	80005208	d0097353	fcvt.s.w	f6,x18	 x18:0x80040fe4  f6=0xcefff7e0
     246605.000 ns	     24659	8000520c	d416c693	xori	x13,x13,-703	 x13:0x4c2d2488 x13=0xb3d2d9c9
     246625.000 ns	     24661	80005210	20908dd3	fsgnj.s	f27,f1,f9	  f1:0x7fc00000  f9:0xbf194fc0 f27=0xffc00000
     246655.000 ns	     24664	80005214	0363c133	div	x2,x7,x22	  x7:0x00000000 x22:0x00000000  x2=0xffffffff
     246685.000 ns	     24667	80005218	02148a33	mul	x20,x9,x1	  x9:0x00000001  x1:0x000007f7 x20=0x000007f7
     246705.000 ns	     24669	8000521c	c259cc13	xori	x24,x19,-987	 x19:0x00000dcd x24=0xfffff1e8
     246745.000 ns	     24673	80005220	011ea953	fadd.s	f18,f29,f17	 f29:0xbf194fc0 f17:0x7f800000 f18=0x7f800000
     246775.000 ns	     24676	80005224	e0040453	fmv.x.w	x8,f8	  f8:0xd284bbce  x8=0xd284bbce
     246825.000 ns	     24681	80005228	09c8f653	fsub.s	f12,f17,f28	 f17:0x7f800000 f28:0xd284bbce f12=0x7f800000
     246845.000 ns	     24683	8000522c	40ef0bb3	sub	x23,x30,x14	 x30:0xec5313c0 x14:0xfffff629 x23=0xec531d97
     246875.000 ns	     24686	80005230	580cf6d3	fsqrt.s	f13,f25	 f25:0xbf194fc0 f13=0x7fc00000
     247245.000 ns	     24723	80005234	03036833	rem	x16,x6,x16	  x6:0x80041024 x16:0x00000033 x16=0xffffffeb
     247265.000 ns	     24725	80005238	000e9c93	slli	x25,x29,0x0	 x29:0x000007f7 x25=0x000007f7
     247275.000 ns	     24726	8000523c	00aa5693	srli	x13,x20,0xa	 x20:0x000007f7 x13=0x00000001
     247285.000 ns	     24727	80005240	0be40093	addi	x1,x8,190	  x8:0xd284bbce  x1=0xd284bc8c
     247295.000 ns	     24728	80005244	00f36233	or	x4,x6,x15	  x6:0x80041024 x15:0xffffff28  x4=0xffffff2c
     247315.000 ns	     24730	80005248	023d2433	mulhsu	x8,x26,x3	 x26:0x5284bbce  x3:0x00000000  x8=0x00000000
     247335.000 ns	     24732	8000524c	00edfa33	and	x20,x27,x14	 x27:0x8003b2e5 x14:0xfffff629 x20=0x8003b221
     247345.000 ns	     24733	80005250	00cb5293	srli	x5,x22,0xc	 x22:0x00000000  x5=0x00000000
     247375.000 ns	     24736	80005254	11e67c53	fmul.s	f24,f12,f30	 f12:0x7f800000 f30:0xce994eb1 f24=0xff800000
     247395.000 ns	     24738	80005258	00eb3fb3	sltu	x31,x22,x14	 x22:0x00000000 x14:0xfffff629 x31=0x00000001
     247405.000 ns	     24739	8000525c	00291c93	slli	x25,x18,0x2	 x18:0x80040fe4 x25=0x00103f90
     247415.000 ns	     24740	80005260	01832bb3	slt	x23,x6,x24	  x6:0x80041024 x24:0xfffff1e8 x23=0x00000001
     247435.000 ns	     24742	80005264	03c61a33	mulh	x20,x12,x28	 x12:0x00000001 x28:0xc00207f2 x20=0xffffffff
     247455.000 ns	     24744	80005268	367451b7	lui	x3,0x36745	  x3=0x36745000
     247475.000 ns	     24746	8000526c	28530ad3	fmin.s	f21,f6,f5	  f6:0xcefff7e0  f5:0x7fc00000 f21=0xcefff7e0
     247495.000 ns	     24748	80005270	00000013	addi	x0,x0,0	  x0:0x00000000
     247505.000 ns	     24749	80005274	012b54b3	srl	x9,x22,x18	 x22:0x00000000 x18:0x80040fe4  x9=0x00000000
     247535.000 ns	     24752	80005278	580671d3	fsqrt.s	f3,f12	 f12:0x7f800000  f3=0x7f800000
     247565.000 ns	     24755	8000527c	f00b0d53	fmv.w.x	f26,x22	 x22:0x00000000 f26=0x00000000
     247585.000 ns	     24757	80005280	951d7837	lui	x16,0x951d7	 x16=0x951d7000
     247605.000 ns	     24759	80005284	219298d3	fsgnjn.s	f17,f5,f25	  f5:0x7fc00000 f25:0xbf194fc0 f17=0x7fc00000
     247625.000 ns	     24761	80005288	0cd4e013	ori	x0,x9,205	  x9:0x00000000
     247985.000 ns	     24797	8000528c	0371f0b3	remu	x1,x3,x23	  x3:0x36745000 x23:0x00000001  x1=0x00000000
     249165.000 ns	     24915	80005290	580017d3	fsqrt.s	f15,f0	  f0:0x000007f7 f15=0x1f350fc6
     249185.000 ns	     24917	80005294	6a5e7513	andi	x10,x28,1701	 x28:0xc00207f2 x10=0x000006a0
     249205.000 ns	     24919	80005298	a0f18a53	fle.s	x20,f3,f15	  f3:0x7f800000 f15:0x1f350fc6 x20=0x00000000
     249235.000 ns	     24922	8000529c	02e888b3	mul	x17,x17,x14	 x17:0x2c66d000 x14:0xfffff629 x17=0x18575000
     249265.000 ns	     24925	800052a0	a16899d3	flt.s	x19,f17,f22	 f17:0x7fc00000 f22:0xd284bbce x19=0x00000000
     249295.000 ns	     24928	800052a4	f0020d53	fmv.w.x	f26,x4	  x4:0xffffff2c f26=0xffffff2c
     249665.000 ns	     24965	800052a8	03f44d33	div	x26,x8,x31	  x8:0x00000000 x31:0x00000001 x26=0x00000000
     249695.000 ns	     24968	800052ac	d00238d3	fcvt.s.w	f17,x4	  x4:0xffffff2c f17=0xc3540000
     249715.000 ns	     24970	800052b0	00571113	slli	x2,x14,0x5	 x14:0xfffff629  x2=0xfffec520
     249735.000 ns	     24972	800052b4	a0502653	feq.s	x12,f0,f5	  f0:0x000007f7  f5:0x7fc00000 x12=0x00000000
     249765.000 ns	     24975	800052b8	02471db3	mulh	x27,x14,x4	 x14:0xfffff629  x4:0xffffff2c x27=0x00000000
     249785.000 ns	     24977	800052bc	007d04b3	add	x9,x26,x7	 x26:0x00000000  x7:0x00000000  x9=0x00000000
     249795.000 ns	     24978	800052c0	00000013	addi	x0,x0,0	  x0:0x00000000
     249805.000 ns	     24979	800052c4	c8fa0593	addi	x11,x20,-881	 x20:0x00000000 x11=0xfffffc8f
     249815.000 ns	     24980	800052c8	00641813	slli	x16,x8,0x6	  x8:0x00000000 x16=0x00000000
     249835.000 ns	     24982	800052cc	29581153	fmax.s	f2,f16,f21	 f16:0x5284bbce f21:0xcefff7e0  f2=0x5284bbce
     249865.000 ns	     24985	800052d0	c001f4d3	fcvt.w.s	x9,f3	  f3:0x7f800000  x9=0x7fffffff
     249895.000 ns	     24988	800052d4	28328ad3	fmin.s	f21,f5,f3	  f5:0x7fc00000  f3:0x7f800000 f21=0x7f800000
     249925.000 ns	     24991	800052d8	c0051153	fcvt.w.s	x2,f10	 f10:0x00000620  x2=0x00000000
     249955.000 ns	     24994	800052dc	02a20233	mul	x4,x4,x10	  x4:0xffffff2c x10:0x000006a0  x4=0xfffa8380
     249975.000 ns	     24996	800052e0	011576b3	and	x13,x10,x17	 x10:0x000006a0 x17:0x18575000 x13=0x00000000
     249985.000 ns	     24997	800052e4	0044ea33	or	x20,x9,x4	  x9:0x7fffffff  x4:0xfffa8380 x20=0xffffffff
     249995.000 ns	     24998	800052e8	00000013	addi	x0,x0,0	  x0:0x00000000
     250005.000 ns	     24999	800052ec	58218f93	addi	x31,x3,1410	  x3:0x36745000 x31=0x36745582
     250015.000 ns	     25000	800052f0	01bcc033	xor	x0,x25,x27	 x25:0x00103f90 x27:0x00000000
     250345.000 ns	     25033	800052f4	18210553	fdiv.s	f10,f2,f2	  f2:0x5284bbce  f2:0x5284bbce f10=0x3f04bbce
     250375.000 ns	     25036	800052f8	e0061cd3	fclass.s	x25,f12	 f12:0x7f800000 x25=0x00000080
     250405.000 ns	     25039	800052fc	e00a02d3	fmv.x.w	x5,f20	 f20:0xc2b9ffc0  x5=0xc2b9ffc0
     250425.000 ns	     25041	80005300	41780a33	sub	x20,x16,x23	 x16:0x00000000 x23:0x00000001 x20=0xffffffff
     250445.000 ns	     25043	80005304	d000bd53	fcvt.s.w	f26,x1	  x1:0x00000000 f26=0x00000000
     250475.000 ns	     25046	80005308	03c93a33	mulhu	x20,x18,x28	 x18:0x80040fe4 x28:0xc00207f2 x20=0x60040fec
     250505.000 ns	     25049	8000530c	a0bf8e53	fle.s	x28,f31,f11	 f31:0x3f194fc0 f11:0xbf194fc0 x28=0x00000000
     250535.000 ns	     25052	80005310	c01991d3	fcvt.wu.s	x3,f19	 f19:0x3f194fc0  x3=0x00000000
     250905.000 ns	     25089	80005314	032f71b3	remu	x3,x30,x18	 x30:0xec5313c0 x18:0x80040fe4  x3=0x6c4f03dc
     250925.000 ns	     25091	80005318	b86b6b93	ori	x23,x22,-1146	 x22:0x00000000 x23=0xfffffb86
     250935.000 ns	     25092	8000531c	014e5d93	srli	x27,x28,0x14	 x28:0x00000000 x27=0x00000000
     250955.000 ns	     25094	80005320	a03299d3	flt.s	x19,f5,f3	  f5:0x7fc00000  f3:0x7f800000 x19=0x00000000
     250985.000 ns	     25097	80005324	022a58b3	divu	x17,x20,x2	 x20:0x60040fec  x2:0x00000000 x17=0xffffffff
     251015.000 ns	     25100	80005328	21671e53	fsgnjn.s	f28,f14,f22	 f14:0x4f800000 f22:0xd284bbce f28=0x4f800000
     251035.000 ns	     25102	8000532c	018bd1b3	srl	x3,x23,x24	 x23:0xfffffb86 x24:0xfffff1e8  x3=0x00fffffb
     251055.000 ns	     25104	80005330	02469ab3	mulh	x21,x13,x4	 x13:0x00000000  x4:0xfffa8380 x21=0x00000000
     251085.000 ns	     25107	80005334	20f01553	fsgnjn.s	f10,f0,f15	  f0:0x000007f7 f15:0x1f350fc6 f10=0x800007f7
     251105.000 ns	     25109	80005338	01b45813	srli	x16,x8,0x1b	  x8:0x00000000 x16=0x00000000
     251125.000 ns	     25111	8000533c	a06f8553	fle.s	x10,f31,f6	 f31:0x3f194fc0  f6:0xcefff7e0 x10=0x00000000
     251155.000 ns	     25114	80005340	03d89e33	mulh	x28,x17,x29	 x17:0xffffffff x29:0x000007f7 x28=0xffffffff
     251185.000 ns	     25117	80005344	03ba4cb3	div	x25,x20,x27	 x20:0x60040fec x27:0x00000000 x25=0xffffffff
     251555.000 ns	     25154	80005348	03467a33	remu	x20,x12,x20	 x12:0x00000000 x20:0x60040fec x20=0x00000000
     251585.000 ns	     25157	8000534c	d00e1353	fcvt.s.w	f6,x28	 x28:0xffffffff  f6=0xbf800000
     251615.000 ns	     25160	80005350	02972a33	mulhsu	x20,x14,x9	 x14:0xfffff629  x9:0x7fffffff x20=0xfffffb14
     251985.000 ns	     25197	80005354	023d4733	div	x14,x26,x3	 x26:0x00000000  x3:0x00fffffb x14=0x00000000
     252005.000 ns	     25199	80005358	00f5aa33	slt	x20,x11,x15	 x11:0xfffffc8f x15:0xffffff28 x20=0x00000001
     252025.000 ns	     25201	8000535c	28160953	fmin.s	f18,f12,f1	 f12:0x7f800000  f1:0x7fc00000 f18=0x7f800000
     252045.000 ns	     25203	80005360	00f01bb3	sll	x23,x0,x15	  x0:0x00000000 x15:0xffffff28 x23=0x00000000
     252065.000 ns	     25205	80005364	e0009e53	fclass.s	x28,f1	  f1:0x7fc00000 x28=0x00000200
     252085.000 ns	     25207	80005368	00d45ab3	srl	x21,x8,x13	  x8:0x00000000 x13:0x00000000 x21=0x00000000
     252105.000 ns	     25209	8000536c	292802d3	fmin.s	f5,f16,f18	 f16:0x5284bbce f18:0x7f800000  f5=0x5284bbce
     252125.000 ns	     25211	80005370	01ac2b33	slt	x22,x24,x26	 x24:0xfffff1e8 x26:0x00000000 x22=0x00000001
     252145.000 ns	     25213	80005374	a0681053	flt.s	x0,f16,f6	 f16:0x5284bbce  f6:0xbf800000
     252165.000 ns	     25215	80005378	01c9f9b3	and	x19,x19,x28	 x19:0x00000000 x28:0x00000200 x19=0x00000000
     252185.000 ns	     25217	8000537c	d009fad3	fcvt.s.w	f21,x19	 x19:0x00000000 f21=0x00000000
     252205.000 ns	     25219	80005380	00000013	addi	x0,x0,0	  x0:0x00000000
     252215.000 ns	     25220	80005384	0102afb3	slt	x31,x5,x16	  x5:0xc2b9ffc0 x16:0x00000000 x31=0x00000001
     252235.000 ns	     25222	80005388	c01a7853	fcvt.wu.s	x16,f20	 f20:0xc2b9ffc0 x16=0x0000005c
     252255.000 ns	     25224	8000538c	00b39193	slli	x3,x7,0xb	  x7:0x00000000  x3=0x00000000
     252265.000 ns	     25225	80005390	ebf1c993	xori	x19,x3,-321	  x3:0x00fffffb x19=0xfffffebf
     252305.000 ns	     25229	80005394	09a94853	fsub.s	f16,f18,f26	 f18:0x7f800000 f26:0x00000000 f16=0x7f800000
     252325.000 ns	     25231	80005398	01af4eb3	xor	x29,x30,x26	 x30:0xec5313c0 x26:0x00000000 x29=0xec5313c0
     252345.000 ns	     25233	8000539c	d00996d3	fcvt.s.w	f13,x19	 x19:0xfffffebf f13=0xc3a08000
     252715.000 ns	     25270	800053a0	024a78b3	remu	x17,x20,x4	 x20:0x00000001  x4:0xfffa8380 x17=0x00000001
     252745.000 ns	     25273	800053a4	037c60b3	rem	x1,x24,x23	 x24:0xfffff1e8 x23:0x00000000  x1=0xfffff1e8
     253085.000 ns	     25307	800053a8	180f9853	fdiv.s	f16,f31,f0	 f31:0x3f194fc0  f0:0x000007f7 f16=0x7dd87098
     253105.000 ns	     25309	800053ac	d7290f93	addi	x31,x18,-654	 x18:0x80040fe4 x31=0x80040d56
     253125.000 ns	     25311	800053b0	e0020653	fmv.x.w	x12,f4	  f4:0x80000000 x12=0x80000000
     253155.000 ns	     25314	800053b4	c0137153	fcvt.wu.s	x2,f6	  f6:0xbf800000  x2=0x00000001
     253185.000 ns	     25317	800053b8	2099a7d3	fsgnjx.s	f15,f19,f9	 f19:0x3f194fc0  f9:0xbf194fc0 f15=0xbf194fc0
     253215.000 ns	     25320	800053bc	e0029fd3	fclass.s	x31,f5	  f5:0x5284bbce x31=0x00000040
     253585.000 ns	     25357	800053c0	032e4d33	div	x26,x28,x18	 x28:0x00000200 x18:0x80040fe4 x26=0x00000000
     253615.000 ns	     25360	800053c4	c0191c53	fcvt.wu.s	x24,f18	 f18:0x7f800000 x24=0xffffffff
     253655.000 ns	     25364	800053c8	10437ed3	fmul.s	f29,f6,f4	  f6:0xbf800000  f4:0x80000000 f29=0x00000000
     253685.000 ns	     25367	800053cc	f00c8153	fmv.w.x	f2,x25	 x25:0xffffffff  f2=0xffffffff
     253705.000 ns	     25369	800053d0	00482eb3	slt	x29,x16,x4	 x16:0x0000005c  x4:0xfffa8380 x29=0x00000000
     253715.000 ns	     25370	800053d4	40c2d533	sra	x10,x5,x12	  x5:0xc2b9ffc0 x12:0x80000000 x10=0xc2b9ffc0
     253745.000 ns	     25373	800053d8	58097653	fsqrt.s	f12,f18	 f18:0x7f800000 f12=0x7f800000
     253765.000 ns	     25375	800053dc	00000013	addi	x0,x0,0	  x0:0x00000000
     253775.000 ns	     25376	800053e0	011961b3	or	x3,x18,x17	 x18:0x80040fe4 x17:0x00000001  x3=0x80040fe5
     253785.000 ns	     25377	800053e4	6cbeed93	ori	x27,x29,1739	 x29:0x00000000 x27=0x000006cb
     253805.000 ns	     25379	800053e8	d0193bd3	fcvt.s.wu	f23,x18	 x18:0x80040fe4 f23=0x4f000410
     253835.000 ns	     25382	800053ec	03c53833	mulhu	x16,x10,x28	 x10:0xc2b9ffc0 x28:0x00000200 x16=0x00000185
     253855.000 ns	     25384	800053f0	00c466b3	or	x13,x8,x12	  x8:0x00000000 x12:0x80000000 x13=0x80000000
     253875.000 ns	     25386	800053f4	022cb833	mulhu	x16,x25,x2	 x25:0xffffffff  x2:0x00000001 x16=0x00000000
     253895.000 ns	     25388	800053f8	01a61b33	sll	x22,x12,x26	 x12:0x80000000 x26:0x00000000 x22=0x80000000
     253915.000 ns	     25390	800053fc	20aba0d3	fsgnjx.s	f1,f23,f10	 f23:0x4f000410 f10:0x800007f7  f1=0xcf000410
     253935.000 ns	     25392	80005400	00e417b3	sll	x15,x8,x14	  x8:0x00000000 x14:0x00000000 x15=0x00000000
     253955.000 ns	     25394	80005404	200e11d3	fsgnjn.s	f3,f28,f0	 f28:0x4f800000  f0:0x000007f7  f3=0xcf800000
     253985.000 ns	     25397	80005408	f0030bd3	fmv.w.x	f23,x6	  x6:0x80041024 f23=0x80041024
     254005.000 ns	     25399	8000540c	baa384b7	lui	x9,0xbaa38	  x9=0xbaa38000
     254015.000 ns	     25400	80005410	0148fab3	and	x21,x17,x20	 x17:0x00000001 x20:0x00000001 x21=0x00000001
     254025.000 ns	     25401	80005414	407b07b3	sub	x15,x22,x7	 x22:0x80000000  x7:0x00000000 x15=0x80000000
     254045.000 ns	     25403	80005418	03727a33	remu	x20,x4,x23	  x4:0xfffa8380 x23:0x00000000 x20=0xfffa8380
     254065.000 ns	     25405	8000541c	40c05a93	srai	x21,x0,0xc	  x0:0x00000000 x21=0x00000000
     254075.000 ns	     25406	80005420	001198b3	sll	x17,x3,x1	  x3:0x80040fe5  x1:0xfffff1e8 x17=0x040fe500
     254085.000 ns	     25407	80005424	00ca82b3	add	x5,x21,x12	 x21:0x00000001 x12:0x80000000  x5=0x80000000
     254095.000 ns	     25408	80005428	41725b33	sra	x22,x4,x23	  x4:0xfffa8380 x23:0x00000000 x22=0xfffa8380
     254135.000 ns	     25412	8000542c	00fe7253	fadd.s	f4,f28,f15	 f28:0x4f800000 f15:0xbf194fc0  f4=0x4f7ffffe
     254505.000 ns	     25449	80005430	03b5f9b3	remu	x19,x11,x27	 x11:0xfffffc8f x27:0x000006cb x19=0x00000645
     254525.000 ns	     25451	80005434	3e9a2537	lui	x10,0x3e9a2	 x10=0x3e9a2000
     254545.000 ns	     25453	80005438	020582b3	mul	x5,x11,x0	 x11:0xfffffc8f  x0:0x00000000  x5=0x00000000
     254565.000 ns	     25455	8000543c	4180dd93	srai	x27,x1,0x18	  x1:0xfffff1e8 x27=0xffffffff
     254575.000 ns	     25456	80005440	361ea893	slti	x17,x29,865	 x29:0x00000000 x17=0x00000001
     254605.000 ns	     25459	80005444	198f0bd3	fdiv.s	f23,f30,f24	 f30:0xce994eb1 f24:0xff800000 f23=0x00000000
     254625.000 ns	     25461	80005448	40c707b3	sub	x15,x14,x12	 x14:0x00000000 x12:0x80000000 x15=0x80000000
     254635.000 ns	     25462	8000544c	00000013	addi	x0,x0,0	  x0:0x00000000
     254675.000 ns	     25466	80005450	0036fc53	fadd.s	f24,f13,f3	 f13:0xc3a08000  f3:0xcf800000 f24=0xcf800000
     254705.000 ns	     25469	80005454	d01e70d3	fcvt.s.wu	f1,x28	 x28:0x00000200  f1=0x44000000
     254725.000 ns	     25471	80005458	cbb74b13	xori	x22,x14,-837	 x14:0x00000000 x22=0xfffffcbb
     254745.000 ns	     25473	8000545c	a0a21dd3	flt.s	x27,f4,f10	  f4:0x4f7ffffe f10:0x800007f7 x27=0x00000000
     255925.000 ns	     25591	80005460	58009ad3	fsqrt.s	f21,f1	  f1:0x44000000 f21=0x41350482
     255955.000 ns	     25594	80005464	034d91b3	mulh	x3,x27,x20	 x27:0x00000000 x20:0xfffa8380  x3=0x00000000
     255975.000 ns	     25596	80005468	2e723513	sltiu	x10,x4,743	  x4:0xfffa8380 x10=0x00000000
     255995.000 ns	     25598	8000546c	f00083d3	fmv.w.x	f7,x1	  x1:0xfffff1e8  f7=0xfffff1e8
     256015.000 ns	     25600	80005470	0008c433	xor	x8,x17,x0	 x17:0x00000001  x0:0x00000000  x8=0x00000001
     256035.000 ns	     25602	80005474	a0ab90d3	flt.s	x1,f23,f10	 f23:0x00000000 f10:0x800007f7  x1=0x00000000
     256075.000 ns	     25606	80005478	18914753	fdiv.s	f14,f2,f9	  f2:0xffffffff  f9:0xbf194fc0 f14=0x7fc00000
     256105.000 ns	     25609	8000547c	0235dcb3	divu	x25,x11,x3	 x11:0xfffffc8f  x3:0x00000000 x25=0xffffffff
     256135.000 ns	     25612	80005480	21aeadd3	fsgnjx.s	f27,f29,f26	 f29:0x00000000 f26:0x00000000 f27=0x00000000
     256155.000 ns	     25614	80005484	01cf9813	slli	x16,x31,0x1c	 x31:0x00000040 x16=0x00000000
     256175.000 ns	     25616	80005488	a1082853	feq.s	x16,f16,f16	 f16:0x7dd87098 f16:0x7dd87098 x16=0x00000001
     256205.000 ns	     25619	8000548c	20120653	fsgnj.s	f12,f4,f1	  f4:0x4f7ffffe  f1:0x44000000 f12=0x4f7ffffe
     256235.000 ns	     25622	80005490	29369153	fmax.s	f2,f13,f19	 f13:0xc3a08000 f19:0x3f194fc0  f2=0x3f194fc0
     256275.000 ns	     25626	80005494	11b87553	fmul.s	f10,f16,f27	 f16:0x7dd87098 f27:0x00000000 f10=0x00000000
     256305.000 ns	     25629	80005498	03b06233	rem	x4,x0,x27	  x0:0x00000000 x27:0x00000000  x4=0x00000000
     256325.000 ns	     25631	8000549c	9a9aff93	andi	x31,x21,-1623	 x21:0x00000000 x31=0x00000000
     256335.000 ns	     25632	800054a0	0030feb3	and	x29,x1,x3	  x1:0x00000000  x3:0x00000000 x29=0x00000000
     256355.000 ns	     25634	800054a4	a1478d53	fle.s	x26,f15,f20	 f15:0xbf194fc0 f20:0xc2b9ffc0 x26=0x00000000
     256385.000 ns	     25637	800054a8	21a88cd3	fsgnj.s	f25,f17,f26	 f17:0xc3540000 f26:0x00000000 f25=0x43540000
     256405.000 ns	     25639	800054ac	41325b13	srai	x22,x4,0x13	  x4:0x00000000 x22=0x00000000
     256415.000 ns	     25640	800054b0	19804213	xori	x4,x0,408	  x0:0x00000000  x4=0x00000198
     256455.000 ns	     25644	800054b4	08307153	fsub.s	f2,f0,f3	  f0:0x000007f7  f3:0xcf800000  f2=0x4f800000
     256485.000 ns	     25647	800054b8	e0061d53	fclass.s	x26,f12	 f12:0x4f7ffffe x26=0x00000040
     256515.000 ns	     25650	800054bc	c009fdd3	fcvt.w.s	x27,f19	 f19:0x3f194fc0 x27=0x00000000
     256545.000 ns	     25653	800054c0	e0031453	fclass.s	x8,f6	  f6:0xbf800000  x8=0x00000002
     256575.000 ns	     25656	800054c4	a04705d3	fle.s	x11,f14,f4	 f14:0x7fc00000  f4:0x4f7ffffe x11=0x00000000
     256595.000 ns	     25658	800054c8	6cf10a93	addi	x21,x2,1743	  x2:0x00000001 x21=0x000006d0
     256615.000 ns	     25660	800054cc	c00ef9d3	fcvt.w.s	x19,f29	 f29:0x00000000 x19=0x00000000
     256645.000 ns	     25663	800054d0	a1beacd3	feq.s	x25,f29,f27	 f29:0x00000000 f27:0x00000000 x25=0x00000001
     256665.000 ns	     25665	800054d4	0030d4b3	srl	x9,x1,x3	  x1:0x00000000  x3:0x00000000  x9=0x00000000
     256675.000 ns	     25666	800054d8	01c2d893	srli	x17,x5,0x1c	  x5:0x00000000 x17=0x00000000
     256685.000 ns	     25667	800054dc	00b6c4b3	xor	x9,x13,x11	 x13:0x80000000 x11:0x00000000  x9=0x80000000
     256695.000 ns	     25668	800054e0	001d6ab3	or	x21,x26,x1	 x26:0x00000040  x1:0x00000000 x21=0x00000040
     256705.000 ns	     25669	800054e4	8dc6f393	andi	x7,x13,-1828	 x13:0x80000000  x7=0x80000000
     256715.000 ns	     25670	800054e8	d7a72493	slti	x9,x14,-646	 x14:0x00000000  x9=0x00000000
     256735.000 ns	     25672	800054ec	037f2233	mulhsu	x4,x30,x23	 x30:0xec5313c0 x23:0x00000000  x4=0x00000000
     256755.000 ns	     25674	800054f0	41808033	sub	x0,x1,x24	  x1:0x00000000 x24:0xffffffff
     256795.000 ns	     25678	800054f4	080ff453	fsub.s	f8,f31,f0	 f31:0x3f194fc0  f0:0x000007f7  f8=0x3f194fc0
     256815.000 ns	     25680	800054f8	003f7a33	and	x20,x30,x3	 x30:0xec5313c0  x3:0x00000000 x20=0x00000000
     256825.000 ns	     25681	800054fc	4079cc13	xori	x24,x19,1031	 x19:0x00000000 x24=0x00000407
     256855.000 ns	     25684	80005500	119b1b53	fmul.s	f22,f22,f25	 f22:0xd284bbce f25:0x43540000 f22=0xd65bd70d
     256885.000 ns	     25687	80005504	02491533	mulh	x10,x18,x4	 x18:0x80040fe4  x4:0x00000000 x10=0x00000000
     256915.000 ns	     25690	80005508	295d0ad3	fmin.s	f21,f26,f21	 f26:0x00000000 f21:0x41350482 f21=0x00000000
     256935.000 ns	     25692	8000550c	6e9ced13	ori	x26,x25,1769	 x25:0x00000001 x26=0x000006e9
     256945.000 ns	     25693	80005510	01da2d33	slt	x26,x20,x29	 x20:0x00000000 x29:0x00000000 x26=0x00000000
     256955.000 ns	     25694	80005514	007cfb33	and	x22,x25,x7	 x25:0x00000001  x7:0x80000000 x22=0x00000000
     256965.000 ns	     25695	80005518	01d4e9b3	or	x19,x9,x29	  x9:0x00000000 x29:0x00000000 x19=0x00000000
     256975.000 ns	     25696	8000551c	017116b3	sll	x13,x2,x23	  x2:0x00000001 x23:0x00000000 x13=0x00000001
     256995.000 ns	     25698	80005520	03951c33	mulh	x24,x10,x25	 x10:0x00000000 x25:0x00000001 x24=0x00000000
     257015.000 ns	     25700	80005524	00eb3cb3	sltu	x25,x22,x14	 x22:0x00000000 x14:0x00000000 x25=0x00000000
     257035.000 ns	     25702	80005528	02d12c33	mulhsu	x24,x2,x13	  x2:0x00000001 x13:0x00000001 x24=0x00000000
     257085.000 ns	     25707	8000552c	09477dd3	fsub.s	f27,f14,f20	 f14:0x7fc00000 f20:0xc2b9ffc0 f27=0x7fc00000
     257105.000 ns	     25709	80005530	012d7fb3	and	x31,x26,x18	 x26:0x00000000 x18:0x80040fe4 x31=0x00000000
     257465.000 ns	     25745	80005534	032fdeb3	divu	x29,x31,x18	 x31:0x00000000 x18:0x80040fe4 x29=0x00000000
     257485.000 ns	     25747	80005538	019e4533	xor	x10,x28,x25	 x28:0x00000200 x25:0x00000000 x10=0x00000200
     257505.000 ns	     25749	8000553c	206f8ad3	fsgnj.s	f21,f31,f6	 f31:0x3f194fc0  f6:0xbf800000 f21=0xbf194fc0
     257545.000 ns	     25753	80005540	1060f6d3	fmul.s	f13,f1,f6	  f1:0x44000000  f6:0xbf800000 f13=0xc4000000
     257575.000 ns	     25756	80005544	0319c833	div	x16,x19,x17	 x19:0x00000000 x17:0x00000000 x16=0xffffffff
     257595.000 ns	     25758	80005548	01b16db3	or	x27,x2,x27	  x2:0x00000001 x27:0x00000000 x27=0x00000001
     257615.000 ns	     25760	8000554c	e00c8bd3	fmv.x.w	x23,f25	 f25:0x43540000 x23=0x43540000
     257635.000 ns	     25762	80005550	0135d693	srli	x13,x11,0x13	 x11:0x00000000 x13=0x00000000
     257655.000 ns	     25764	80005554	e00589d3	fmv.x.w	x19,f11	 f11:0xbf194fc0 x19=0xbf194fc0
     257675.000 ns	     25766	80005558	01d8a133	slt	x2,x17,x29	 x17:0x00000000 x29:0x00000000  x2=0x00000000
     257685.000 ns	     25767	8000555c	01626cb3	or	x25,x4,x22	  x4:0x00000000 x22:0x00000000 x25=0x00000000
     257705.000 ns	     25769	80005560	a0ca0b53	fle.s	x22,f20,f12	 f20:0xc2b9ffc0 f12:0x4f7ffffe x22=0x00000001
     257735.000 ns	     25772	80005564	29cd85d3	fmin.s	f11,f27,f28	 f27:0x7fc00000 f28:0x4f800000 f11=0x4f800000
     257765.000 ns	     25775	80005568	2017a453	fsgnjx.s	f8,f15,f1	 f15:0xbf194fc0  f1:0x44000000  f8=0xbf194fc0
     257795.000 ns	     25778	8000556c	21c0a7d3	fsgnjx.s	f15,f1,f28	  f1:0x44000000 f28:0x4f800000 f15=0x44000000
     257825.000 ns	     25781	80005570	d009fed3	fcvt.s.w	f29,x19	 x19:0xbf194fc0 f29=0xce81cd60
     257855.000 ns	     25784	80005574	02309633	mulh	x12,x1,x3	  x1:0x00000000  x3:0x00000000 x12=0x00000000
     257875.000 ns	     25786	80005578	199c7013	andi	x0,x24,409	 x24:0x00000000
     257885.000 ns	     25787	8000557c	4058d5b3	sra	x11,x17,x5	 x17:0x00000000  x5:0x00000000 x11=0x00000000
     257895.000 ns	     25788	80005580	00fa65b3	or	x11,x20,x15	 x20:0x00000000 x15:0x80000000 x11=0x80000000
     257905.000 ns	     25789	80005584	4fc8e813	ori	x16,x17,1276	 x17:0x00000000 x16=0x000004fc
     257915.000 ns	     25790	80005588	41ba0db3	sub	x27,x20,x27	 x20:0x00000000 x27:0x00000001 x27=0xffffffff
     257935.000 ns	     25792	8000558c	03c5aa33	mulhsu	x20,x11,x28	 x11:0x80000000 x28:0x00000200 x20=0xffffff00
     257975.000 ns	     25796	80005590	109cf753	fmul.s	f14,f25,f9	 f25:0x43540000  f9:0xbf194fc0 f14=0xc2fdec16
     257995.000 ns	     25798	80005594	0146d413	srli	x8,x13,0x14	 x13:0x00000000  x8=0x00000000
     258015.000 ns	     25800	80005598	28ca0dd3	fmin.s	f27,f20,f12	 f20:0xc2b9ffc0 f12:0x4f7ffffe f27=0xc2b9ffc0
     258045.000 ns	     25803	8000559c	21f79dd3	fsgnjn.s	f27,f15,f31	 f15:0x44000000 f31:0x3f194fc0 f27=0xc4000000
     258075.000 ns	     25806	800055a0	02e8aeb3	mulhsu	x29,x17,x14	 x17:0x00000000 x14:0x00000000 x29=0x00000000
     258095.000 ns	     25808	800055a4	0140e633	or	x12,x1,x20	  x1:0x00000000 x20:0xffffff00 x12=0xffffff00
     258105.000 ns	     25809	800055a8	fe1a0593	addi	x11,x20,-31	 x20:0xffffff00 x11=0xfffffee1
     258125.000 ns	     25811	800055ac	d0117ed3	fcvt.s.wu	f29,x2	  x2:0x00000000 f29=0x00000000
     258155.000 ns	     25814	800055b0	e00c1ad3	fclass.s	x21,f24	 f24:0xcf800000 x21=0x00000002
     258185.000 ns	     25817	800055b4	022f88b3	mul	x17,x31,x2	 x31:0x00000000  x2:0x00000000 x17=0x00000000
     258525.000 ns	     25851	800055b8	19620ed3	fdiv.s	f29,f4,f22	  f4:0x4f7ffffe f22:0xd65bd70d f29=0xb87ffffe
     258545.000 ns	     25853	800055bc	0178e033	or	x0,x17,x23	 x17:0x00000000 x23:0x43540000
     258565.000 ns	     25855	800055c0	28db8c53	fmin.s	f24,f23,f13	 f23:0x00000000 f13:0xc4000000 f24=0xc4000000
     258595.000 ns	     25858	800055c4	c001f753	fcvt.w.s	x14,f3	  f3:0xcf800000 x14=0x80000000
     258615.000 ns	     25860	800055c8	0139acb3	slt	x25,x19,x19	 x19:0xbf194fc0 x19:0xbf194fc0 x25=0x00000000
     258635.000 ns	     25862	800055cc	a15e2a53	feq.s	x20,f28,f21	 f28:0x4f800000 f21:0xbf194fc0 x20=0x00000000
     258665.000 ns	     25865	800055d0	c019f7d3	fcvt.wu.s	x15,f19	 f19:0x3f194fc0 x15=0x00000000
     258695.000 ns	     25868	800055d4	e0050ed3	fmv.x.w	x29,f10	 f10:0x00000000 x29=0x00000000
     258725.000 ns	     25871	800055d8	02421cb3	mulh	x25,x4,x4	  x4:0x00000000  x4:0x00000000 x25=0x00000000
     258745.000 ns	     25873	800055dc	00a9adb3	slt	x27,x19,x10	 x19:0xbf194fc0 x10:0x00000200 x27=0x00000001
     258775.000 ns	     25876	800055e0	580d7f53	fsqrt.s	f30,f26	 f26:0x00000000 f30=0x00000000
     258795.000 ns	     25878	800055e4	f3408113	addi	x2,x1,-204	  x1:0x00000000  x2=0xffffff34
     258805.000 ns	     25879	800055e8	00b638b3	sltu	x17,x12,x11	 x12:0xffffff00 x11:0xfffffee1 x17=0x00000000
     258815.000 ns	     25880	800055ec	016635b3	sltu	x11,x12,x22	 x12:0xffffff00 x22:0x00000001 x11=0x00000000
     258855.000 ns	     25884	800055f0	0841f4d3	fsub.s	f9,f3,f4	  f3:0xcf800000  f4:0x4f7ffffe  f9=0xcfffffff
     258875.000 ns	     25886	800055f4	40af53b3	sra	x7,x30,x10	 x30:0xec5313c0 x10:0x00000200  x7=0xec5313c0
     258885.000 ns	     25887	800055f8	003db833	sltu	x16,x27,x3	 x27:0x00000001  x3:0x00000000 x16=0x00000000
     258905.000 ns	     25889	800055fc	0383b633	mulhu	x12,x7,x24	  x7:0x80000000 x24:0x00000000 x12=0x00000000
     258935.000 ns	     25892	80005600	d01921d3	fcvt.s.wu	f3,x18	 x18:0x80040fe4  f3=0x4f000410
     258955.000 ns	     25894	80005604	30ddf413	andi	x8,x27,781	 x27:0x00000001  x8=0x00000001
     258965.000 ns	     25895	80005608	002ad833	srl	x16,x21,x2	 x21:0x00000002  x2:0xffffff34 x16=0x00000000
     258975.000 ns	     25896	8000560c	400c1c37	lui	x24,0x400c1	 x24=0x400c1000
     258985.000 ns	     25897	80005610	01ffa6b3	slt	x13,x31,x31	 x31:0x00000000 x31:0x00000000 x13=0x00000000
     258995.000 ns	     25898	80005614	a8d24c13	xori	x24,x4,-1395	  x4:0x00000000 x24=0xfffffa8d
     259015.000 ns	     25900	80005618	027e21b3	mulhsu	x3,x28,x7	 x28:0x00000200  x7:0xec5313c0  x3=0x000001d8
     259065.000 ns	     25905	8000561c	01f5f853	fadd.s	f16,f11,f31	 f11:0x4f800000 f31:0x3f194fc0 f16=0x4f800000
     259095.000 ns	     25908	80005620	0254ceb3	div	x29,x9,x5	  x9:0x00000000  x5:0x00000000 x29=0xffffffff
     259115.000 ns	     25910	80005624	01554cb3	xor	x25,x10,x21	 x10:0x00000200 x21:0x00000002 x25=0x00000202
     259135.000 ns	     25912	80005628	a09586d3	fle.s	x13,f11,f9	 f11:0x4f800000  f9:0xcfffffff x13=0x00000000
     259185.000 ns	     25917	8000562c	09397853	fsub.s	f16,f18,f19	 f18:0x7f800000 f19:0x3f194fc0 f16=0x7f800000
     259215.000 ns	     25920	80005630	03883e33	mulhu	x28,x16,x24	 x16:0x00000000 x24:0xfffffa8d x28=0x00000000
     259235.000 ns	     25922	80005634	012d5c13	srli	x24,x26,0x12	 x26:0x00000000 x24=0x00000000
     259245.000 ns	     25923	80005638	d45c7693	andi	x13,x24,-699	 x24:0xfffffa8d x13=0x00000000
     259265.000 ns	     25925	8000563c	0230bcb3	mulhu	x25,x1,x3	  x1:0x00000000  x3:0x000001d8 x25=0x00000000
     259295.000 ns	     25928	80005640	21bf0253	fsgnj.s	f4,f30,f27	 f30:0x00000000 f27:0xc4000000  f4=0x80000000
     259315.000 ns	     25930	80005644	18f07e37	lui	x28,0x18f07	 x28=0x18f07000
     259335.000 ns	     25932	80005648	02f4de33	divu	x28,x9,x15	  x9:0x00000000 x15:0x00000000 x28=0xffffffff
     259385.000 ns	     25937	8000564c	00b1c053	fadd.s	f0,f3,f11	  f3:0x4f000410 f11:0x4f800000  f0=0x4fc00208
     259405.000 ns	     25939	80005650	41fc5693	srai	x13,x24,0x1f	 x24:0x00000000 x13=0x00000000
     259415.000 ns	     25940	80005654	0172a133	slt	x2,x5,x23	  x5:0x00000000 x23:0x43540000  x2=0x00000001
     259455.000 ns	     25944	80005658	0817cd53	fsub.s	f26,f15,f1	 f15:0x44000000  f1:0x44000000 f26=0x80000000
     259475.000 ns	     25946	8000565c	00fcb4b3	sltu	x9,x25,x15	 x25:0x00000000 x15:0x00000000  x9=0x00000000
     259485.000 ns	     25947	80005660	4048de13	srai	x28,x17,0x4	 x17:0x00000000 x28=0x00000000
     259495.000 ns	     25948	80005664	00b488b3	add	x17,x9,x11	  x9:0x00000000 x11:0x00000000 x17=0x00000000
     259505.000 ns	     25949	80005668	013227b3	slt	x15,x4,x19	  x4:0x00000000 x19:0xbf194fc0 x15=0x00000000
     259525.000 ns	     25951	8000566c	02d19733	mulh	x14,x3,x13	  x3:0x000001d8 x13:0x00000000 x14=0x00000000
     259545.000 ns	     25953	80005670	007c9433	sll	x8,x25,x7	 x25:0x00000000  x7:0xec5313c0  x8=0x00000000
     259565.000 ns	     25955	80005674	a1db88d3	fle.s	x17,f23,f29	 f23:0x00000000 f29:0xb87ffffe x17=0x00000000
     259595.000 ns	     25958	80005678	d0092e53	fcvt.s.w	f28,x18	 x18:0x80040fe4 f28=0xcefff7e1
     259625.000 ns	     25961	8000567c	039f6bb3	rem	x23,x30,x25	 x30:0xec5313c0 x25:0x00000000 x23=0xec5313c0
     259645.000 ns	     25963	80005680	965a8797	auipc	x15,0x965a8	 x15=0x165ad680
     259665.000 ns	     25965	80005684	e00f8253	fmv.x.w	x4,f31	 f31:0x3f194fc0  x4=0x3f194fc0
     259685.000 ns	     25967	80005688	464e2813	slti	x16,x28,1124	 x28:0x00000000 x16=0x00000001
     259695.000 ns	     25968	8000568c	05d9c813	xori	x16,x19,93	 x19:0xbf194fc0 x16=0xbf194f9d
     259715.000 ns	     25970	80005690	28288353	fmin.s	f6,f17,f2	 f17:0xc3540000  f2:0x4f800000  f6=0xc3540000
     259755.000 ns	     25974	80005694	1121ff53	fmul.s	f30,f3,f18	  f3:0x4f000410 f18:0x7f800000 f30=0x7f800000
     259775.000 ns	     25976	80005698	531ff893	andi	x17,x31,1329	 x31:0x00000000 x17=0x00000000
     259795.000 ns	     25978	8000569c	02ae22b3	mulhsu	x5,x28,x10	 x28:0x00000000 x10:0x00000200  x5=0x00000000
     259825.000 ns	     25981	800056a0	03552bb3	mulhsu	x23,x10,x21	 x10:0x00000200 x21:0x00000002 x23=0x00000000
     259855.000 ns	     25984	800056a4	e0081cd3	fclass.s	x25,f16	 f16:0x7f800000 x25=0x00000080
     259875.000 ns	     25986	800056a8	0145ecb3	or	x25,x11,x20	 x11:0x00000000 x20:0x00000000 x25=0x00000000
     259885.000 ns	     25987	800056ac	408584b3	sub	x9,x11,x8	 x11:0x00000000  x8:0x00000000  x9=0x00000000
     261055.000 ns	     26104	800056b0	5800c3d3	fsqrt.s	f7,f1	  f1:0x44000000  f7=0x41350482
     261425.000 ns	     26141	800056b4	0352f633	remu	x12,x5,x21	  x5:0x00000000 x21:0x00000002 x12=0x00000000
     261445.000 ns	     26143	800056b8	059a7193	andi	x3,x20,89	 x20:0x00000000  x3=0x00000000
     261455.000 ns	     26144	800056bc	0123f3b3	and	x7,x7,x18	  x7:0xec5313c0 x18:0x80040fe4  x7=0x800003c0
     261815.000 ns	     26180	800056c0	03d9f9b3	remu	x19,x19,x29	 x19:0xbf194fc0 x29:0xffffffff x19=0xbf194fc0
     261845.000 ns	     26183	800056c4	20ba8a53	fsgnj.s	f20,f21,f11	 f21:0xbf194fc0 f11:0x4f800000 f20=0x3f194fc0
     261865.000 ns	     26185	800056c8	4f148993	addi	x19,x9,1265	  x9:0x00000000 x19=0x000004f1
     261885.000 ns	     26187	800056cc	03ac2833	mulhsu	x16,x24,x26	 x24:0x00000000 x26:0x00000000 x16=0x00000000
     261935.000 ns	     26192	800056d0	0819a4d3	fsub.s	f9,f19,f1	 f19:0x3f194fc0  f1:0x44000000  f9=0xc3ffb359
     263115.000 ns	     26310	800056d4	58009c53	fsqrt.s	f24,f1	  f1:0x44000000 f24=0x41350482
     263145.000 ns	     26313	800056d8	20b3a9d3	fsgnjx.s	f19,f7,f11	  f7:0x41350482 f11:0x4f800000 f19=0x41350482
     263175.000 ns	     26316	800056dc	a18b0d53	fle.s	x26,f22,f24	 f22:0xd65bd70d f24:0x41350482 x26=0x00000001
     263545.000 ns	     26353	800056e0	02a7f9b3	remu	x19,x15,x10	 x15:0x165ad680 x10:0x00000200 x19=0x00000080
     263565.000 ns	     26355	800056e4	42458e37	lui	x28,0x42458	 x28=0x42458000
     263585.000 ns	     26357	800056e8	0235abb3	mulhsu	x23,x11,x3	 x11:0x00000000  x3:0x00000000 x23=0x00000000
     263615.000 ns	     26360	800056ec	29a61353	fmax.s	f6,f12,f26	 f12:0x4f7ffffe f26:0x80000000  f6=0x4f7ffffe
     263635.000 ns	     26362	800056f0	005254b3	srl	x9,x4,x5	  x4:0x3f194fc0  x5:0x00000000  x9=0x3f194fc0
     263645.000 ns	     26363	800056f4	36f1c697	auipc	x13,0x36f1c	 x13=0xb6f216f4
     263655.000 ns	     26364	800056f8	00f5feb3	and	x29,x11,x15	 x11:0x00000000 x15:0x165ad680 x29=0x00000000
     263675.000 ns	     26366	800056fc	02a79c33	mulh	x24,x15,x10	 x15:0x165ad680 x10:0x00000200 x24=0x0000002c
     263705.000 ns	     26369	80005700	e00811d3	fclass.s	x3,f16	 f16:0x7f800000  x3=0x00000080
     263725.000 ns	     26371	80005704	00e5d6b3	srl	x13,x11,x14	 x11:0x00000000 x14:0x00000000 x13=0x00000000
     263745.000 ns	     26373	80005708	037a2b33	mulhsu	x22,x20,x23	 x20:0x00000000 x23:0x00000000 x22=0x00000000
     263775.000 ns	     26376	8000570c	e00282d3	fmv.x.w	x5,f5	  f5:0x5284bbce  x5=0x5284bbce
     263795.000 ns	     26378	80005710	002a5893	srli	x17,x20,0x2	 x20:0x00000000 x17=0x00000000
     263835.000 ns	     26382	80005714	01287953	fadd.s	f18,f16,f18	 f16:0x7f800000 f18:0x7f800000 f18=0x00000000
     263855.000 ns	     26384	80005718	006f3833	sltu	x16,x30,x6	 x30:0xec5313c0  x6:0x80041024 x16=0x00000000
     263865.000 ns	     26385	8000571c	ac480e13	addi	x28,x16,-1340	 x16:0x00000000 x28=0xfffffac4
     263905.000 ns	     26389	80005720	0902f953	fsub.s	f18,f5,f16	  f5:0x5284bbce f16:0x7f800000 f18=0xff800000
     263935.000 ns	     26392	80005724	296e9853	fmax.s	f16,f29,f22	 f29:0xb87ffffe f22:0xd65bd70d f16=0xb87ffffe
     263985.000 ns	     26397	80005728	0139c6d3	fadd.s	f13,f19,f19	 f19:0x41350482 f19:0x41350482 f13=0x41b50482
     264015.000 ns	     26400	8000572c	0263a533	mulhsu	x10,x7,x6	  x7:0x800003c0  x6:0x80041024 x10=0xbffdf9ce
     264035.000 ns	     26402	80005730	05d79517	auipc	x10,0x5d79	 x10=0x85d7e730
     264045.000 ns	     26403	80005734	49838b13	addi	x22,x7,1176	  x7:0x800003c0 x22=0x80000858
     264055.000 ns	     26404	80005738	00dfd1b3	srl	x3,x31,x13	 x31:0x00000000 x13:0x00000000  x3=0x00000000
     264075.000 ns	     26406	8000573c	28db81d3	fmin.s	f3,f23,f13	 f23:0x00000000 f13:0x41b50482  f3=0x00000000
     264105.000 ns	     26409	80005740	02f2a3b3	mulhsu	x7,x5,x15	  x5:0x5284bbce x15:0x165ad680  x7=0x0734aff1
     264125.000 ns	     26411	80005744	00c232b3	sltu	x5,x4,x12	  x4:0x3f194fc0 x12:0x00000000  x5=0x00000000
     264145.000 ns	     26413	80005748	a1279d53	flt.s	x26,f15,f18	 f15:0x44000000 f18:0xff800000 x26=0x00000000
     264175.000 ns	     26416	8000574c	21e70153	fsgnj.s	f2,f14,f30	 f14:0xc2fdec16 f30:0x7f800000  f2=0x42fdec16
     264195.000 ns	     26418	80005750	f609a613	slti	x12,x19,-160	 x19:0x00000080 x12=0x00000000
     264215.000 ns	     26420	80005754	03fe65b3	rem	x11,x28,x31	 x28:0xfffffac4 x31:0x00000000 x11=0xfffffac4
     264245.000 ns	     26423	80005758	028fc0b3	div	x1,x31,x8	 x31:0x00000000  x8:0x00000000  x1=0xffffffff
     264275.000 ns	     26426	8000575c	a00099d3	flt.s	x19,f1,f0	  f1:0x44000000  f0:0x4fc00208 x19=0x00000001
     264295.000 ns	     26428	80005760	0ee21717	auipc	x14,0xee21	 x14=0x8ee26760
     264305.000 ns	     26429	80005764	21d56d13	ori	x26,x10,541	 x10:0x85d7e730 x26=0x85d7e73d
     264325.000 ns	     26431	80005768	d010c853	fcvt.s.wu	f16,x1	  x1:0xffffffff f16=0x4f800000
     264355.000 ns	     26434	8000576c	d011aed3	fcvt.s.wu	f29,x3	  x3:0x00000000 f29=0x00000000
     264375.000 ns	     26436	80005770	1fc56a13	ori	x20,x10,508	 x10:0x85d7e730 x20=0x85d7e7fc
     264385.000 ns	     26437	80005774	33aa2c13	slti	x24,x20,826	 x20:0x00000000 x24=0x00000001
     264405.000 ns	     26439	80005778	f00888d3	fmv.w.x	f17,x17	 x17:0x00000000 f17=0x00000000
     264425.000 ns	     26441	8000577c	2879c793	xori	x15,x19,647	 x19:0x00000001 x15=0x00000286
     264755.000 ns	     26474	80005780	195870d3	fdiv.s	f1,f16,f21	 f16:0x4f800000 f21:0xbf194fc0  f1=0xcfd4b080
     264775.000 ns	     26476	80005784	00954eb3	xor	x29,x10,x9	 x10:0x85d7e730  x9:0x3f194fc0 x29=0xbacea8f0
     264795.000 ns	     26478	80005788	03f00133	mul	x2,x0,x31	  x0:0x00000000 x31:0x00000000  x2=0x00000000
     264815.000 ns	     26480	8000578c	01dec5b3	xor	x11,x29,x29	 x29:0x00000000 x29:0x00000000 x11=0x00000000
     264825.000 ns	     26481	80005790	01931bb3	sll	x23,x6,x25	  x6:0x80041024 x25:0x00000000 x23=0x80041024
     264855.000 ns	     26484	80005794	11a0f753	fmul.s	f14,f1,f26	  f1:0xcfd4b080 f26:0x80000000 f14=0x00000000
     264875.000 ns	     26486	80005798	da074193	xori	x3,x14,-608	 x14:0x8ee26760  x3=0x711d9ac0
     264885.000 ns	     26487	8000579c	ca058d13	addi	x26,x11,-864	 x11:0x00000000 x26=0xfffffca0
     264905.000 ns	     26489	800057a0	c01e4253	fcvt.wu.s	x4,f28	 f28:0xcefff7e1  x4=0x7ffbf080
     264925.000 ns	     26491	800057a4	01fb1e13	slli	x28,x22,0x1f	 x22:0x80000858 x28=0x00000000
     264945.000 ns	     26493	800057a8	c01dc653	fcvt.wu.s	x12,f27	 f27:0xc4000000 x12=0x00000200
     264975.000 ns	     26496	800057ac	c00ffc53	fcvt.w.s	x24,f31	 f31:0x3f194fc0 x24=0x00000000
     265005.000 ns	     26499	800057b0	039b3c33	mulhu	x24,x22,x25	 x22:0x80000858 x25:0x00000000 x24=0x00000000
     265025.000 ns	     26501	800057b4	de4e2d13	slti	x26,x28,-540	 x28:0x00000000 x26=0x00000000
     265045.000 ns	     26503	800057b8	a02c91d3	flt.s	x3,f25,f2	 f25:0x43540000  f2:0x42fdec16  x3=0x00000000
     265065.000 ns	     26505	800057bc	8e566c93	ori	x25,x12,-1819	 x12:0x00000200 x25=0xfffffae5
     265075.000 ns	     26506	800057c0	40a65993	srai	x19,x12,0xa	 x12:0x00000200 x19=0x00000000
     265095.000 ns	     26508	800057c4	283f8c53	fmin.s	f24,f31,f3	 f31:0x3f194fc0  f3:0x00000000 f24=0x00000000
     265125.000 ns	     26511	800057c8	c01d8cd3	fcvt.wu.s	x25,f27	 f27:0xc4000000 x25=0x00000200
     265145.000 ns	     26513	800057cc	aa3d2c37	lui	x24,0xaa3d2	 x24=0xaa3d2000
     265505.000 ns	     26549	800057d0	02fcf6b3	remu	x13,x25,x15	 x25:0x00000200 x15:0x00000286 x13=0x00000200
     265555.000 ns	     26554	800057d4	012dc853	fadd.s	f16,f27,f18	 f27:0xc4000000 f18:0xff800000 f16=0xff800000
     265575.000 ns	     26556	800057d8	407adbb3	sra	x23,x21,x7	 x21:0x00000002  x7:0x0734aff1 x23=0x00000000
     265595.000 ns	     26558	800057dc	0302dcb3	divu	x25,x5,x16	  x5:0x00000000 x16:0x00000000 x25=0xffffffff
     265625.000 ns	     26561	800057e0	0225c433	div	x8,x11,x2	 x11:0x00000000  x2:0x00000000  x8=0xffffffff
     265645.000 ns	     26563	800057e4	00440bb3	add	x23,x8,x4	  x8:0x00000000  x4:0x7ffbf080 x23=0x7ffbf07f
     265655.000 ns	     26564	800057e8	001655b3	srl	x11,x12,x1	 x12:0x00000200  x1:0xffffffff x11=0x00000000
     265665.000 ns	     26565	800057ec	19291eb7	lui	x29,0x19291	 x29=0x19291000
     265675.000 ns	     26566	800057f0	00e11293	slli	x5,x2,0xe	  x2:0x00000000  x5=0x00000000
     265695.000 ns	     26568	800057f4	02eeb7b3	mulhu	x15,x29,x14	 x29:0xbacea8f0 x14:0x8ee26760 x15=0x0e0b0749
     265725.000 ns	     26571	800057f8	035eb3b3	mulhu	x7,x29,x21	 x29:0x19291000 x21:0x00000002  x7=0x00000000
     265745.000 ns	     26573	800057fc	00000013	addi	x0,x0,0	  x0:0x00000000
     265755.000 ns	     26574	80005800	008b0833	add	x16,x22,x8	 x22:0x80000858  x8:0xffffffff x16=0x80000857
     265765.000 ns	     26575	80005804	01a91cb3	sll	x25,x18,x26	 x18:0x80040fe4 x26:0x00000000 x25=0x80040fe4
     265785.000 ns	     26577	80005808	f0080653	fmv.w.x	f12,x16	 x16:0x00000000 f12=0x80000857
     265815.000 ns	     26580	8000580c	28d391d3	fmax.s	f3,f7,f13	  f7:0x41350482 f13:0x41b50482  f3=0x41b50482
     265845.000 ns	     26583	80005810	e00c11d3	fclass.s	x3,f24	 f24:0x00000000  x3=0x00000010
     265865.000 ns	     26585	80005814	00000013	addi	x0,x0,0	  x0:0x00000000
     265875.000 ns	     26586	80005818	00655393	srli	x7,x10,0x6	 x10:0x85d7e730  x7=0x02175f9c
     265895.000 ns	     26588	8000581c	29ad0353	fmin.s	f6,f26,f26	 f26:0x80000000 f26:0x80000000  f6=0x80000000
     266265.000 ns	     26625	80005820	023b5fb3	divu	x31,x22,x3	 x22:0x80000858  x3:0x00000010 x31=0x08000085
     266285.000 ns	     26627	80005824	00000013	addi	x0,x0,0	  x0:0x00000000
     266305.000 ns	     26629	80005828	f0078053	fmv.w.x	f0,x15	 x15:0x0e0b0749  f0=0x0e0b0749
     266335.000 ns	     26632	8000582c	d005c753	fcvt.s.w	f14,x11	 x11:0x00000000 f14=0x00000000
     266365.000 ns	     26635	80005830	03ca5133	divu	x2,x20,x28	 x20:0x85d7e7fc x28:0x00000000  x2=0xffffffff
     266385.000 ns	     26637	80005834	00d61c33	sll	x24,x12,x13	 x12:0x00000200 x13:0x00000200 x24=0x00000200
     266405.000 ns	     26639	80005838	a15da553	feq.s	x10,f27,f21	 f27:0xc4000000 f21:0xbf194fc0 x10=0x00000000
     266435.000 ns	     26642	8000583c	02ebbe33	mulhu	x28,x23,x14	 x23:0x7ffbf07f x14:0x8ee26760 x28=0x476eef7f
     266775.000 ns	     26676	80005840	1939a1d3	fdiv.s	f3,f19,f19	 f19:0x41350482 f19:0x41350482  f3=0x3f67ce32
     266795.000 ns	     26678	80005844	adf3f713	andi	x14,x7,-1313	  x7:0x02175f9c x14=0x02175a9c
     266815.000 ns	     26680	80005848	213b22d3	fsgnjx.s	f5,f22,f19	 f22:0xd65bd70d f19:0x41350482  f5=0xd65bd70d
     266835.000 ns	     26682	8000584c	00bc0ab3	add	x21,x24,x11	 x24:0x00000200 x11:0x00000000 x21=0x00000200
     267195.000 ns	     26718	80005850	03dd60b3	rem	x1,x26,x29	 x26:0x00000000 x29:0x19291000  x1=0x00000000
     267215.000 ns	     26720	80005854	406451b3	sra	x3,x8,x6	  x8:0xffffffff  x6:0x80041024  x3=0xffffffff
     267235.000 ns	     26722	80005858	29b49553	fmax.s	f10,f9,f27	  f9:0xc3ffb359 f27:0xc4000000 f10=0xc3ffb359
     267265.000 ns	     26725	8000585c	0398aab3	mulhsu	x21,x17,x25	 x17:0x00000000 x25:0x80040fe4 x21=0x00000000
     267295.000 ns	     26728	80005860	f00a0dd3	fmv.w.x	f27,x20	 x20:0x85d7e7fc f27=0x85d7e7fc
     267315.000 ns	     26730	80005864	ef737813	andi	x16,x6,-265	  x6:0x80041024 x16=0x80041024
     267325.000 ns	     26731	80005868	ecbe1717	auipc	x14,0xecbe1	 x14=0x6cbe6868
     267335.000 ns	     26732	8000586c	eae5a7b7	lui	x15,0xeae5a	 x15=0xeae5a000
     267345.000 ns	     26733	80005870	017f42b3	xor	x5,x30,x23	 x30:0xec5313c0 x23:0x7ffbf07f  x5=0x93a8e3bf
     267355.000 ns	     26734	80005874	0128fa33	and	x20,x17,x18	 x17:0x00000000 x18:0x80040fe4 x20=0x00000000
     267365.000 ns	     26735	80005878	3f3dcab7	lui	x21,0x3f3dc	 x21=0x3f3dc000
     267385.000 ns	     26737	8000587c	e00304d3	fmv.x.w	x9,f6	  f6:0x80000000  x9=0x80000000
     267415.000 ns	     26740	80005880	28959bd3	fmax.s	f23,f11,f9	 f11:0x4f800000  f9:0xc3ffb359 f23=0x4f800000
     267445.000 ns	     26743	80005884	a0599453	flt.s	x8,f19,f5	 f19:0x41350482  f5:0xd65bd70d  x8=0x00000000
     267475.000 ns	     26746	80005888	c01873d3	fcvt.wu.s	x7,f16	 f16:0xff800000  x7=0x00000000
     267505.000 ns	     26749	8000588c	e00111d3	fclass.s	x3,f2	  f2:0x42fdec16  x3=0x00000040
     267525.000 ns	     26751	80005890	00000013	addi	x0,x0,0	  x0:0x00000000
     267535.000 ns	     26752	80005894	006e1d13	slli	x26,x28,0x6	 x28:0x476eef7f x26=0xdbbbdfc0
     267545.000 ns	     26753	80005898	00000013	addi	x0,x0,0	  x0:0x00000000
     267555.000 ns	     26754	8000589c	9f470393	addi	x7,x14,-1548	 x14:0x6cbe6868  x7=0x6cbe625c
     267575.000 ns	     26756	800058a0	28f98fd3	fmin.s	f31,f19,f15	 f19:0x41350482 f15:0x44000000 f31=0x41350482
     267945.000 ns	     26793	800058a4	02fd4433	div	x8,x26,x15	 x26:0xdbbbdfc0 x15:0xeae5a000  x8=0x00000001
     267985.000 ns	     26797	800058a8	58081853	fsqrt.s	f16,f16	 f16:0xff800000 f16=0x7fc00000
     268015.000 ns	     26800	800058ac	c00272d3	fcvt.w.s	x5,f4	  f4:0x80000000  x5=0x00000000
     268045.000 ns	     26803	800058b0	219e8dd3	fsgnj.s	f27,f29,f25	 f29:0x00000000 f25:0x43540000 f27=0x00000000
     268075.000 ns	     26806	800058b4	e00d14d3	fclass.s	x9,f26	 f26:0x80000000  x9=0x00000008
     268095.000 ns	     26808	800058b8	014a22b3	slt	x5,x20,x20	 x20:0x00000000 x20:0x00000000  x5=0x00000000
     268105.000 ns	     26809	800058bc	408addb3	sra	x27,x21,x8	 x21:0x3f3dc000  x8:0x00000001 x27=0x1f9ee000
     268115.000 ns	     26810	800058c0	dee52793	slti	x15,x10,-530	 x10:0x00000000 x15=0x00000000
     268135.000 ns	     26812	800058c4	034206b3	mul	x13,x4,x20	  x4:0x7ffbf080 x20:0x00000000 x13=0x00000000
     268155.000 ns	     26814	800058c8	00bf3d33	sltu	x26,x30,x11	 x30:0xec5313c0 x11:0x00000000 x26=0x00000000
     268175.000 ns	     26816	800058cc	038cbeb3	mulhu	x29,x25,x24	 x25:0x80040fe4 x24:0x00000200 x29=0x00000100
     268195.000 ns	     26818	800058d0	40975993	srai	x19,x14,0x9	 x14:0x6cbe6868 x19=0x00365f34
     268205.000 ns	     26819	800058d4	8e036d13	ori	x26,x6,-1824	  x6:0x80041024 x26=0xfffff8e4
     268215.000 ns	     26820	800058d8	00db6533	or	x10,x22,x13	 x22:0x80000858 x13:0x00000000 x10=0x80000858
     268225.000 ns	     26821	800058dc	01f0bd33	sltu	x26,x1,x31	  x1:0x00000000 x31:0x08000085 x26=0x00000001
     268235.000 ns	     26822	800058e0	7fb8f693	andi	x13,x17,2043	 x17:0x00000000 x13=0x00000000
     268245.000 ns	     26823	800058e4	016957b3	srl	x15,x18,x22	 x18:0x80040fe4 x22:0x80000858 x15=0x00000080
     268255.000 ns	     26824	800058e8	0056efb3	or	x31,x13,x5	 x13:0x00000000  x5:0x00000000 x31=0x00000000
     268265.000 ns	     26825	800058ec	4123d713	srai	x14,x7,0x12	  x7:0x6cbe625c x14=0x00001b2f
     268275.000 ns	     26826	800058f0	00b8ee33	or	x28,x17,x11	 x17:0x00000000 x11:0x00000000 x28=0x00000000
     268285.000 ns	     26827	800058f4	c06d0793	addi	x15,x26,-1018	 x26:0x00000001 x15=0xfffffc07
     268645.000 ns	     26863	800058f8	036e5fb3	divu	x31,x28,x22	 x28:0x476eef7f x22:0x80000858 x31=0x00000000
     268665.000 ns	     26865	800058fc	40b75cb3	sra	x25,x14,x11	 x14:0x00001b2f x11:0x00000000 x25=0x00001b2f
     268685.000 ns	     26867	80005900	02d9c233	div	x4,x19,x13	 x19:0x00365f34 x13:0x00000000  x4=0xffffffff
     268725.000 ns	     26871	80005904	580970d3	fsqrt.s	f1,f18	 f18:0xff800000  f1=0x7fc00000
     268745.000 ns	     26873	80005908	a580f493	andi	x9,x1,-1448	  x1:0x00000000  x9=0x00000000
     268765.000 ns	     26875	8000590c	c01cf053	fcvt.wu.s	x0,f25	 f25:0x43540000
     268785.000 ns	     26877	80005910	00516433	or	x8,x2,x5	  x2:0xffffffff  x5:0x00000000  x8=0xffffffff
     268805.000 ns	     26879	80005914	20a32f53	fsgnjx.s	f30,f6,f10	  f6:0x80000000 f10:0xc3ffb359 f30=0x00000000
     268825.000 ns	     26881	80005918	3613dfb7	lui	x31,0x3613d	 x31=0x3613d000
     269185.000 ns	     26917	8000591c	0354db33	divu	x22,x9,x21	  x9:0x00000000 x21:0x3f3dc000 x22=0x00000000
     269205.000 ns	     26919	80005920	00548b33	add	x22,x9,x5	  x9:0x00000000  x5:0x00000000 x22=0x00000000
     269215.000 ns	     26920	80005924	011a57b3	srl	x15,x20,x17	 x20:0x00000000 x17:0x00000000 x15=0x00000000
     269225.000 ns	     26921	80005928	41400533	sub	x10,x0,x20	  x0:0x00000000 x20:0x00000000 x10=0x00000000
     269245.000 ns	     26923	8000592c	02077bb3	remu	x23,x14,x0	 x14:0x00001b2f  x0:0x00000000 x23=0x00001b2f
     269275.000 ns	     26926	80005930	d01af0d3	fcvt.s.wu	f1,x21	 x21:0x3f3dc000  f1=0x4e7cf700
     269305.000 ns	     26929	80005934	020de6b3	rem	x13,x27,x0	 x27:0x1f9ee000  x0:0x00000000 x13=0x1f9ee000
     269325.000 ns	     26931	80005938	41e08eb3	sub	x29,x1,x30	  x1:0x00000000 x30:0xec5313c0 x29=0x13acec40
     269335.000 ns	     26932	8000593c	e29b3117	auipc	x2,0xe29b3	  x2=0x629b893c
     269355.000 ns	     26934	80005940	292296d3	fmax.s	f13,f5,f18	  f5:0xd65bd70d f18:0xff800000 f13=0xd65bd70d
     269375.000 ns	     26936	80005944	af0a4613	xori	x12,x20,-1296	 x20:0x00000000 x12=0xfffffaf0
     269385.000 ns	     26937	80005948	64102d93	slti	x27,x0,1601	  x0:0x00000000 x27=0x00000001
     269395.000 ns	     26938	8000594c	b0e35b97	auipc	x23,0xb0e35	 x23=0x30e3a94c
     269415.000 ns	     26940	80005950	038a03b3	mul	x7,x20,x24	 x20:0x00000000 x24:0x00000200  x7=0x00000000
     269445.000 ns	     26943	80005954	03e193b3	mulh	x7,x3,x30	  x3:0x00000040 x30:0xec5313c0  x7=0xfffffffb
     269475.000 ns	     26946	80005958	031175b3	remu	x11,x2,x17	  x2:0x629b893c x17:0x00000000 x11=0x629b893c
     269495.000 ns	     26948	8000595c	61c5ac93	slti	x25,x11,1564	 x11:0x00000000 x25=0x00000000
     269515.000 ns	     26950	80005960	a0409d53	flt.s	x26,f1,f4	  f1:0x4e7cf700  f4:0x80000000 x26=0x00000000
     269535.000 ns	     26952	80005964	2cd1fc13	andi	x24,x3,717	  x3:0x00000040 x24=0x00000040
     269545.000 ns	     26953	80005968	40ba5a93	srai	x21,x20,0xb	 x20:0x00000000 x21=0x00000000
     269555.000 ns	     26954	8000596c	91f8f017	auipc	x0,0x91f8f	
     269565.000 ns	     26955	80005970	01fd1633	sll	x12,x26,x31	 x26:0x00000000 x31:0x3613d000 x12=0x00000000
     269585.000 ns	     26957	80005974	e00294d3	fclass.s	x9,f5	  f5:0xd65bd70d  x9=0x00000002
     269615.000 ns	     26960	80005978	e00b1053	fclass.s	x0,f22	 f22:0xd65bd70d
     269635.000 ns	     26962	8000597c	013cb3b3	sltu	x7,x25,x19	 x25:0x00000000 x19:0x00365f34  x7=0x00000001
     269645.000 ns	     26963	80005980	01230fb3	add	x31,x6,x18	  x6:0x80041024 x18:0x80040fe4 x31=0x00082008
     269655.000 ns	     26964	80005984	1fcb6d13	ori	x26,x22,508	 x22:0x00000000 x26=0x000001fc
     269675.000 ns	     26966	80005988	a00b8ed3	fle.s	x29,f23,f0	 f23:0x4f800000  f0:0x0e0b0749 x29=0x00000000
     269695.000 ns	     26968	8000598c	4095d733	sra	x14,x11,x9	 x11:0x629b893c  x9:0x00000002 x14=0x18a6e24f
     269725.000 ns	     26971	80005990	18834e53	fdiv.s	f28,f6,f8	  f6:0x80000000  f8:0xbf194fc0 f28=0x00000000
     269755.000 ns	     26974	80005994	20a78a53	fsgnj.s	f20,f15,f10	 f15:0x44000000 f10:0xc3ffb359 f20=0xc4000000
     269775.000 ns	     26976	80005998	41cedcb3	sra	x25,x29,x28	 x29:0x00000000 x28:0x00000000 x25=0x00000000
     269785.000 ns	     26977	8000599c	17f6f113	andi	x2,x13,383	 x13:0x1f9ee000  x2=0x00000000
     269805.000 ns	     26979	800059a0	03cd5233	divu	x4,x26,x28	 x26:0x000001fc x28:0x00000000  x4=0xffffffff
     269825.000 ns	     26981	800059a4	01eab133	sltu	x2,x21,x30	 x21:0x00000000 x30:0xec5313c0  x2=0x00000001
     269865.000 ns	     26985	800059a8	08a97dd3	fsub.s	f27,f18,f10	 f18:0xff800000 f10:0xc3ffb359 f27=0xff800000
     269895.000 ns	     26988	800059ac	212b08d3	fsgnj.s	f17,f22,f18	 f22:0xd65bd70d f18:0xff800000 f17=0xd65bd70d
     269915.000 ns	     26990	800059b0	eacc8d93	addi	x27,x25,-340	 x25:0x00000000 x27=0xfffffeac
     269925.000 ns	     26991	800059b4	019c3a33	sltu	x20,x24,x25	 x24:0x00000040 x25:0x00000000 x20=0x00000000
     269935.000 ns	     26992	800059b8	d2297993	andi	x19,x18,-734	 x18:0x80040fe4 x19=0x80040d20
     269945.000 ns	     26993	800059bc	010fbe33	sltu	x28,x31,x16	 x31:0x00082008 x16:0x80041024 x28=0x00000001
     269965.000 ns	     26995	800059c0	a1e38ed3	fle.s	x29,f7,f30	  f7:0x41350482 f30:0x00000000 x29=0x00000000
     269985.000 ns	     26997	800059c4	413e5893	srai	x17,x28,0x13	 x28:0x00000000 x17=0x00000000
     269995.000 ns	     26998	800059c8	3bf36db7	lui	x27,0x3bf36	 x27=0x3bf36000
     270005.000 ns	     26999	800059cc	41d8d693	srai	x13,x17,0x1d	 x17:0x00000000 x13=0x00000000
     270025.000 ns	     27001	800059d0	a16f2d53	feq.s	x26,f30,f22	 f30:0x00000000 f22:0xd65bd70d x26=0x00000000
     270055.000 ns	     27004	800059d4	a032a6d3	feq.s	x13,f5,f3	  f5:0xd65bd70d  f3:0x3f67ce32 x13=0x00000000
     270075.000 ns	     27006	800059d8	01603033	sltu	x0,x0,x22	  x0:0x00000000 x22:0x00000000
     270085.000 ns	     27007	800059dc	0123d8b3	srl	x17,x7,x18	  x7:0x00000001 x18:0x80040fe4 x17=0x00000000
     270095.000 ns	     27008	800059e0	01809133	sll	x2,x1,x24	  x1:0x00000000 x24:0x00000040  x2=0x00000000
     270105.000 ns	     27009	800059e4	3f73e113	ori	x2,x7,1015	  x7:0x00000001  x2=0x000003f7
     270125.000 ns	     27011	800059e8	e0040ad3	fmv.x.w	x21,f8	  f8:0xbf194fc0 x21=0xbf194fc0
     270145.000 ns	     27013	800059ec	00599cb3	sll	x25,x19,x5	 x19:0x80040d20  x5:0x00000000 x25=0x80040d20
     270165.000 ns	     27015	800059f0	288314d3	fmax.s	f9,f6,f8	  f6:0x80000000  f8:0xbf194fc0  f9=0x80000000
     270185.000 ns	     27017	800059f4	4028d513	srai	x10,x17,0x2	 x17:0x00000000 x10=0x00000000
     270195.000 ns	     27018	800059f8	0083a5b3	slt	x11,x7,x8	  x7:0x00000001  x8:0xffffffff x11=0x00000000
     270205.000 ns	     27019	800059fc	01ccdc33	srl	x24,x25,x28	 x25:0x80040d20 x28:0x00000001 x24=0x40020690
     270225.000 ns	     27021	80005a00	d00593d3	fcvt.s.w	f7,x11	 x11:0x629b893c  f7=0x00000000
     270255.000 ns	     27024	80005a04	28689653	fmax.s	f12,f17,f6	 f17:0xd65bd70d  f6:0x80000000 f12=0x80000000
     270275.000 ns	     27026	80005a08	a2fc73b7	lui	x7,0xa2fc7	  x7=0xa2fc7000
     270295.000 ns	     27028	80005a0c	d00a3dd3	fcvt.s.w	f27,x20	 x20:0x00000000 f27=0x00000000
     270325.000 ns	     27031	80005a10	c017fed3	fcvt.wu.s	x29,f15	 f15:0x44000000 x29=0x00000200
     270365.000 ns	     27035	80005a14	103d9b53	fmul.s	f22,f27,f3	 f27:0x00000000  f3:0x3f67ce32 f22=0x00000000
     270385.000 ns	     27037	80005a18	1c736b13	ori	x22,x6,455	  x6:0x80041024 x22=0x800411e7
     270415.000 ns	     27040	80005a1c	580a99d3	fsqrt.s	f19,f21	 f21:0xbf194fc0 f19=0x7fc00000
     270435.000 ns	     27042	80005a20	061fc993	xori	x19,x31,97	 x31:0x00082008 x19=0x00082069
     270445.000 ns	     27043	80005a24	40575113	srai	x2,x14,0x5	 x14:0x18a6e24f  x2=0x00c53712
     270465.000 ns	     27045	80005a28	21949cd3	fsgnjn.s	f25,f9,f25	  f9:0x80000000 f25:0x43540000 f25=0x80000000
     270485.000 ns	     27047	80005a2c	41f2dc33	sra	x24,x5,x31	  x5:0x00000000 x31:0x00082008 x24=0x00000000
     270845.000 ns	     27083	80005a30	030f71b3	remu	x3,x30,x16	 x30:0xec5313c0 x16:0x80041024  x3=0x6c4f039c
     270865.000 ns	     27085	80005a34	0efdb493	sltiu	x9,x27,239	 x27:0x3bf36000  x9=0x00000000
     270875.000 ns	     27086	80005a38	01ef7233	and	x4,x30,x30	 x30:0xec5313c0 x30:0xec5313c0  x4=0xec5313c0
     270885.000 ns	     27087	80005a3c	01b8eb33	or	x22,x17,x27	 x17:0x00000000 x27:0x3bf36000 x22=0x3bf36000
     271245.000 ns	     27123	80005a40	03935a33	divu	x20,x6,x25	  x6:0x80041024 x25:0x80040d20 x20=0x00000001
     271265.000 ns	     27125	80005a44	00b5fe33	and	x28,x11,x11	 x11:0x00000000 x11:0x00000000 x28=0x00000000
     271275.000 ns	     27126	80005a48	011c6db3	or	x27,x24,x17	 x24:0x00000000 x17:0x00000000 x27=0x00000000
     271285.000 ns	     27127	80005a4c	01170c33	add	x24,x14,x17	 x14:0x18a6e24f x17:0x00000000 x24=0x18a6e24f
     271295.000 ns	     27128	80005a50	99743793	sltiu	x15,x8,-1641	  x8:0xffffffff x15=0x00000000
     271315.000 ns	     27130	80005a54	d0028853	fcvt.s.w	f16,x5	  x5:0x00000000 f16=0x00000000
     271345.000 ns	     27133	80005a58	c00a0d53	fcvt.w.s	x26,f20	 f20:0xc4000000 x26=0xfffffe00
     271375.000 ns	     27136	80005a5c	a05305d3	fle.s	x11,f6,f5	  f6:0x80000000  f5:0xd65bd70d x11=0x00000000
     271395.000 ns	     27138	80005a60	995b2b13	slti	x22,x22,-1643	 x22:0x3bf36000 x22=0x00000000
     271415.000 ns	     27140	80005a64	02de5db3	divu	x27,x28,x13	 x28:0x00000000 x13:0x00000000 x27=0xffffffff
     271445.000 ns	     27143	80005a68	039830b3	mulhu	x1,x16,x25	 x16:0x80041024 x25:0x80040d20  x1=0x40040eb2
     271475.000 ns	     27146	80005a6c	d003fad3	fcvt.s.w	f21,x7	  x7:0xa2fc7000 f21=0xceba0720
     271505.000 ns	     27149	80005a70	a1ec1453	flt.s	x8,f24,f30	 f24:0x00000000 f30:0x00000000  x8=0x00000000
     271525.000 ns	     27151	80005a74	415e5a13	srai	x20,x28,0x15	 x28:0x00000000 x20=0x00000000
     271535.000 ns	     27152	80005a78	00642e33	slt	x28,x8,x6	  x8:0x00000000  x6:0x80041024 x28=0x00000000
     271545.000 ns	     27153	80005a7c	41435393	srai	x7,x6,0x14	  x6:0x80041024  x7=0xfffff800
     271555.000 ns	     27154	80005a80	00c07633	and	x12,x0,x12	  x0:0x00000000 x12:0x00000000 x12=0x00000000
     271575.000 ns	     27156	80005a84	0292a5b3	mulhsu	x11,x5,x9	  x5:0x00000000  x9:0x00000000 x11=0x00000000
     271595.000 ns	     27158	80005a88	01e89d93	slli	x27,x17,0x1e	 x17:0x00000000 x27=0x00000000
     271605.000 ns	     27159	80005a8c	0004c733	xor	x14,x9,x0	  x9:0x00000000  x0:0x00000000 x14=0x00000000
     271625.000 ns	     27161	80005a90	f00f8c53	fmv.w.x	f24,x31	 x31:0x00082008 f24=0x00082008
     271655.000 ns	     27164	80005a94	29b681d3	fmin.s	f3,f13,f27	 f13:0xd65bd70d f27:0x00000000  f3=0xd65bd70d
     271685.000 ns	     27167	80005a98	20a51153	fsgnjn.s	f2,f10,f10	 f10:0xc3ffb359 f10:0xc3ffb359  f2=0x43ffb359
     271715.000 ns	     27170	80005a9c	213e26d3	fsgnjx.s	f13,f28,f19	 f28:0x00000000 f19:0x7fc00000 f13=0x00000000
     272085.000 ns	     27207	80005aa0	039bfdb3	remu	x27,x23,x25	 x23:0x30e3a94c x25:0x80040d20 x27=0x30e3a94c
     272115.000 ns	     27210	80005aa4	02b22833	mulhsu	x16,x4,x11	  x4:0xec5313c0 x11:0x00000000 x16=0x00000000
     272145.000 ns	     27213	80005aa8	025aceb3	div	x29,x21,x5	 x21:0xbf194fc0  x5:0x00000000 x29=0xffffffff
     272165.000 ns	     27215	80005aac	eed5fc13	andi	x24,x11,-275	 x11:0x00000000 x24=0x00000000
     272175.000 ns	     27216	80005ab0	00eccb33	xor	x22,x25,x14	 x25:0x80040d20 x14:0x00000000 x22=0x80040d20
     272185.000 ns	     27217	80005ab4	203f2437	lui	x8,0x203f2	  x8=0x203f2000
     272205.000 ns	     27219	80005ab8	29621c53	fmax.s	f24,f4,f22	  f4:0x80000000 f22:0x00000000 f24=0x00000000
     272225.000 ns	     27221	80005abc	00a13133	sltu	x2,x2,x10	  x2:0x00c53712 x10:0x00000000  x2=0x00000000
     272245.000 ns	     27223	80005ac0	037c3633	mulhu	x12,x24,x23	 x24:0x00000000 x23:0x30e3a94c x12=0x00000000
     272285.000 ns	     27227	80005ac4	5803ffd3	fsqrt.s	f31,f7	  f7:0x00000000 f31=0x00000000
     272315.000 ns	     27230	80005ac8	29018953	fmin.s	f18,f3,f16	  f3:0xd65bd70d f16:0x00000000 f18=0xd65bd70d
     272345.000 ns	     27233	80005acc	a19b99d3	flt.s	x19,f23,f25	 f23:0x4f800000 f25:0x80000000 x19=0x00000000
     272375.000 ns	     27236	80005ad0	a1f68553	fle.s	x10,f13,f31	 f13:0x00000000 f31:0x00000000 x10=0x00000001
     272405.000 ns	     27239	80005ad4	a0be90d3	flt.s	x1,f29,f11	 f29:0x00000000 f11:0x4f800000  x1=0x00000001
     272425.000 ns	     27241	80005ad8	404a0fb3	sub	x31,x20,x4	 x20:0x00000000  x4:0xec5313c0 x31=0x13acec40
     272435.000 ns	     27242	80005adc	01f5aab3	slt	x21,x11,x31	 x11:0x00000000 x31:0x00082008 x21=0x00000001
     272465.000 ns	     27245	80005ae0	11353553	fmul.s	f10,f10,f19	 f10:0xc3ffb359 f19:0x7fc00000 f10=0x7fc00000
     272485.000 ns	     27247	80005ae4	0129f133	and	x2,x19,x18	 x19:0x00000000 x18:0x80040fe4  x2=0x00000000
     272495.000 ns	     27248	80005ae8	00d97433	and	x8,x18,x13	 x18:0x80040fe4 x13:0x00000000  x8=0x00000000
     272505.000 ns	     27249	80005aec	011e3533	sltu	x10,x28,x17	 x28:0x00000000 x17:0x00000000 x10=0x00000000
     272525.000 ns	     27251	80005af0	28f883d3	fmin.s	f7,f17,f15	 f17:0xd65bd70d f15:0x44000000  f7=0xd65bd70d
     272545.000 ns	     27253	80005af4	40d35bb3	sra	x23,x6,x13	  x6:0x80041024 x13:0x00000000 x23=0x80041024
     272565.000 ns	     27255	80005af8	02faa2b3	mulhsu	x5,x21,x15	 x21:0x00000001 x15:0x00000000  x5=0x00000000
     272605.000 ns	     27259	80005afc	5801aa53	fsqrt.s	f20,f3	  f3:0xd65bd70d f20=0x7fc00000
     272975.000 ns	     27296	80005b00	023941b3	div	x3,x18,x3	 x18:0x80040fe4  x3:0x6c4f039c  x3=0xffffffff
     273025.000 ns	     27301	80005b04	09c970d3	fsub.s	f1,f18,f28	 f18:0xd65bd70d f28:0x00000000  f1=0xd65bd70d
     273045.000 ns	     27303	80005b08	72092613	slti	x12,x18,1824	 x18:0x80040fe4 x12=0x00000001
     273065.000 ns	     27305	80005b0c	a1308553	fle.s	x10,f1,f19	  f1:0xd65bd70d f19:0x7fc00000 x10=0x00000000
     273095.000 ns	     27308	80005b10	d00f2bd3	fcvt.s.w	f23,x30	 x30:0xec5313c0 f23=0xcd9d6762
     273115.000 ns	     27310	80005b14	015a2a33	slt	x20,x20,x21	 x20:0x00000000 x21:0x00000001 x20=0x00000001
     273135.000 ns	     27312	80005b18	d001f1d3	fcvt.s.w	f3,x3	  x3:0xffffffff  f3=0xbf800000
     273155.000 ns	     27314	80005b1c	415ed093	srai	x1,x29,0x15	 x29:0xffffffff  x1=0xffffffff
     273175.000 ns	     27316	80005b20	a01008d3	fle.s	x17,f0,f1	  f0:0x0e0b0749  f1:0xd65bd70d x17=0x00000000
     273205.000 ns	     27319	80005b24	02b46533	rem	x10,x8,x11	  x8:0x00000000 x11:0x00000000 x10=0x00000000
     273225.000 ns	     27321	80005b28	0139b4b3	sltu	x9,x19,x19	 x19:0x00000000 x19:0x00000000  x9=0x00000000
     273255.000 ns	     27324	80005b2c	58050bd3	fsqrt.s	f23,f10	 f10:0x7fc00000 f23=0x7fc00000
     273285.000 ns	     27327	80005b30	211015d3	fsgnjn.s	f11,f0,f17	  f0:0x0e0b0749 f17:0xd65bd70d f11=0x0e0b0749
     273315.000 ns	     27330	80005b34	a1ee2bd3	feq.s	x23,f28,f30	 f28:0x00000000 f30:0x00000000 x23=0x00000001
     273335.000 ns	     27332	80005b38	002ca8b3	slt	x17,x25,x2	 x25:0x80040d20  x2:0x00000000 x17=0x00000001
     273355.000 ns	     27334	80005b3c	020c63b3	rem	x7,x24,x0	 x24:0x00000000  x0:0x00000000  x7=0x00000000
     273405.000 ns	     27339	80005b40	08940a53	fsub.s	f20,f8,f9	  f8:0xbf194fc0  f9:0x80000000 f20=0xbf194fc0
     273425.000 ns	     27341	80005b44	a95b6c37	lui	x24,0xa95b6	 x24=0xa95b6000
     273435.000 ns	     27342	80005b48	40f207b3	sub	x15,x4,x15	  x4:0xec5313c0 x15:0x00000000 x15=0xec5313c0
     273455.000 ns	     27344	80005b4c	a1b903d3	fle.s	x7,f18,f27	 f18:0xd65bd70d f27:0x00000000  x7=0x00000001
     273485.000 ns	     27347	80005b50	03e02033	mulhsu	x0,x0,x30	  x0:0x00000000 x30:0xec5313c0
     273505.000 ns	     27349	80005b54	87d27e93	andi	x29,x4,-1923	  x4:0xec5313c0 x29=0xec531040
     273525.000 ns	     27351	80005b58	d013c0d3	fcvt.s.wu	f1,x7	  x7:0x00000001  f1=0x3f800000
     273555.000 ns	     27354	80005b5c	209ea5d3	fsgnjx.s	f11,f29,f9	 f29:0x00000000  f9:0x80000000 f11=0x80000000
     273585.000 ns	     27357	80005b60	a0799cd3	flt.s	x25,f19,f7	 f19:0x7fc00000  f7:0xd65bd70d x25=0x00000000
     273615.000 ns	     27360	80005b64	e00e0d53	fmv.x.w	x26,f28	 f28:0x00000000 x26=0x00000000
     273635.000 ns	     27362	80005b68	346b8393	addi	x7,x23,838	 x23:0x00000001  x7=0x00000347
     273645.000 ns	     27363	80005b6c	23937813	andi	x16,x6,569	  x6:0x80041024 x16=0x00000020
     273665.000 ns	     27365	80005b70	20431ed3	fsgnjn.s	f29,f6,f4	  f6:0x80000000  f4:0x80000000 f29=0x00000000
     273705.000 ns	     27369	80005b74	19d679d3	fdiv.s	f19,f12,f29	 f12:0x80000000 f29:0x00000000 f19=0x7fc00000
     273735.000 ns	     27372	80005b78	c0047253	fcvt.w.s	x4,f8	  f8:0xbf194fc0  x4=0x00000000
     273755.000 ns	     27374	80005b7c	00000013	addi	x0,x0,0	  x0:0x00000000
     273785.000 ns	     27377	80005b80	18ebcfd3	fdiv.s	f31,f23,f14	 f23:0x7fc00000 f14:0x00000000 f31=0x7fc00000
     273815.000 ns	     27380	80005b84	289f0353	fmin.s	f6,f30,f9	 f30:0x00000000  f9:0x80000000  f6=0x80000000
     273835.000 ns	     27382	80005b88	40375fb3	sra	x31,x14,x3	 x14:0x00000000  x3:0xffffffff x31=0x00000000
     274195.000 ns	     27418	80005b8c	0264fdb3	remu	x27,x9,x6	  x9:0x00000000  x6:0x80041024 x27=0x00000000
     274225.000 ns	     27421	80005b90	a1828dd3	fle.s	x27,f5,f24	  f5:0xd65bd70d f24:0x00000000 x27=0x00000001
     274245.000 ns	     27423	80005b94	41da54b3	sra	x9,x20,x29	 x20:0x00000001 x29:0xec531040  x9=0x00000001
     274255.000 ns	     27424	80005b98	01d73133	sltu	x2,x14,x29	 x14:0x00000000 x29:0xec531040  x2=0x00000001
     274265.000 ns	     27425	80005b9c	00bff433	and	x8,x31,x11	 x31:0x00000000 x11:0x00000000  x8=0x00000000
     274275.000 ns	     27426	80005ba0	00cfe133	or	x2,x31,x12	 x31:0x00000000 x12:0x00000001  x2=0x00000001
     274285.000 ns	     27427	80005ba4	10f4a217	auipc	x4,0x10f4a	  x4=0x90f4fba4
     274295.000 ns	     27428	80005ba8	00a35d93	srli	x27,x6,0xa	  x6:0x80041024 x27=0x00200104
     274305.000 ns	     27429	80005bac	00081ab3	sll	x21,x16,x0	 x16:0x00000020  x0:0x00000000 x21=0x00000020
     274665.000 ns	     27465	80005bb0	038b66b3	rem	x13,x22,x24	 x22:0x80040d20 x24:0xa95b6000 x13=0xd6a8ad20
     274685.000 ns	     27467	80005bb4	c32a8d97	auipc	x27,0xc32a8	 x27=0x432adbb4
     274695.000 ns	     27468	80005bb8	004f59b3	srl	x19,x30,x4	 x30:0xec5313c0  x4:0x90f4fba4 x19=0x0ec5313c
     274715.000 ns	     27470	80005bbc	0249bc33	mulhu	x24,x19,x4	 x19:0x00000000  x4:0x90f4fba4 x24=0x085d0e29
     274735.000 ns	     27472	80005bc0	0149bfb3	sltu	x31,x19,x20	 x19:0x00000000 x20:0x00000001 x31=0x00000000
     274755.000 ns	     27474	80005bc4	a1dc00d3	fle.s	x1,f24,f29	 f24:0x00000000 f29:0x00000000  x1=0x00000001
     274785.000 ns	     27477	80005bc8	217c9553	fsgnjn.s	f10,f25,f23	 f25:0x80000000 f23:0x7fc00000 f10=0x80000000
     274805.000 ns	     27479	80005bcc	00ce7733	and	x14,x28,x12	 x28:0x00000000 x12:0x00000001 x14=0x00000000
     274825.000 ns	     27481	80005bd0	c000f9d3	fcvt.w.s	x19,f1	  f1:0x3f800000 x19=0x00000001
     274845.000 ns	     27483	80005bd4	45b9e093	ori	x1,x19,1115	 x19:0x0ec5313c  x1=0x0000045b
     274865.000 ns	     27485	80005bd8	285c9553	fmax.s	f10,f25,f5	 f25:0x80000000  f5:0xd65bd70d f10=0x80000000
     274895.000 ns	     27488	80005bdc	e00d0ed3	fmv.x.w	x29,f26	 f26:0x80000000 x29=0x80000000
     274915.000 ns	     27490	80005be0	01c0b833	sltu	x16,x1,x28	  x1:0x0000045b x28:0x00000000 x16=0x00000000
     274935.000 ns	     27492	80005be4	f00a0b53	fmv.w.x	f22,x20	 x20:0x00000001 f22=0x00000001
     274985.000 ns	     27497	80005be8	09e49853	fsub.s	f16,f9,f30	  f9:0x80000000 f30:0x00000000 f16=0x80000000
     275015.000 ns	     27500	80005bec	e0028853	fmv.x.w	x16,f5	  f5:0xd65bd70d x16=0xd65bd70d
     275035.000 ns	     27502	80005bf0	00f40cb3	add	x25,x8,x15	  x8:0x00000000 x15:0xec5313c0 x25=0xec5313c0
     275065.000 ns	     27505	80005bf4	11ae98d3	fmul.s	f17,f29,f26	 f29:0x00000000 f26:0x80000000 f17=0x80000000
     275095.000 ns	     27508	80005bf8	204c9653	fsgnjn.s	f12,f25,f4	 f25:0x80000000  f4:0x80000000 f12=0x00000000
     275125.000 ns	     27511	80005bfc	d007f753	fcvt.s.w	f14,x15	 x15:0xec5313c0 f14=0xcd9d6762
     275155.000 ns	     27514	80005c00	c002b4d3	fcvt.w.s	x9,f5	  f5:0xd65bd70d  x9=0x80000000
     275175.000 ns	     27516	80005c04	6da68893	addi	x17,x13,1754	 x13:0xd6a8ad20 x17=0xd6a8b3fa
     275195.000 ns	     27518	80005c08	d006aa53	fcvt.s.w	f20,x13	 x13:0xd6a8ad20 f20=0xce255d4c
     275215.000 ns	     27520	80005c0c	e8247d13	andi	x26,x8,-382	  x8:0x00000000 x26=0x00000000
     275235.000 ns	     27522	80005c10	d000f1d3	fcvt.s.w	f3,x1	  x1:0x0000045b  f3=0x448b6000
     275265.000 ns	     27525	80005c14	a195aa53	feq.s	x20,f11,f25	 f11:0x80000000 f25:0x80000000 x20=0x00000001
     275295.000 ns	     27528	80005c18	a1aeaad3	feq.s	x21,f29,f26	 f29:0x00000000 f26:0x80000000 x21=0x00000001
     275325.000 ns	     27531	80005c1c	03b9abb3	mulhsu	x23,x19,x27	 x19:0x00000001 x27:0x432adbb4 x23=0x00000000
     275345.000 ns	     27533	80005c20	41ae81b3	sub	x3,x29,x26	 x29:0x80000000 x26:0x00000000  x3=0x80000000
     275365.000 ns	     27535	80005c24	d00b7cd3	fcvt.s.w	f25,x22	 x22:0x80040d20 f25=0xcefff7e5
     275395.000 ns	     27538	80005c28	c0107853	fcvt.wu.s	x16,f0	  f0:0x0e0b0749 x16=0x00000000
     275765.000 ns	     27575	80005c2c	03344d33	div	x26,x8,x19	  x8:0x00000000 x19:0x00000001 x26=0x00000000
     275795.000 ns	     27578	80005c30	d006c2d3	fcvt.s.w	f5,x13	 x13:0xd6a8ad20  f5=0xce255d4c
     275835.000 ns	     27582	80005c34	58057fd3	fsqrt.s	f31,f10	 f10:0x80000000 f31=0x80000000
     275855.000 ns	     27584	80005c38	4d948113	addi	x2,x9,1241	  x9:0x80000000  x2=0x800004d9
     275865.000 ns	     27585	80005c3c	00000013	addi	x0,x0,0	  x0:0x00000000
     275885.000 ns	     27587	80005c40	2020a153	fsgnjx.s	f2,f1,f2	  f1:0x3f800000  f2:0x43ffb359  f2=0x3f800000
     275905.000 ns	     27589	80005c44	0110d793	srli	x15,x1,0x11	  x1:0x0000045b x15=0x00000000
     275915.000 ns	     27590	80005c48	416a0db3	sub	x27,x20,x22	 x20:0x00000001 x22:0x80040d20 x27=0x7ffbf2e1
     275935.000 ns	     27592	80005c4c	f00e0b53	fmv.w.x	f22,x28	 x28:0x00000000 f22=0x00000000
     275985.000 ns	     27597	80005c50	097a7cd3	fsub.s	f25,f20,f23	 f20:0xce255d4c f23:0x7fc00000 f25=0x7fc00000
     276015.000 ns	     27600	80005c54	213887d3	fsgnj.s	f15,f17,f19	 f17:0x80000000 f19:0x7fc00000 f15=0x00000000
     276065.000 ns	     27605	80005c58	01e17cd3	fadd.s	f25,f2,f30	  f2:0x3f800000 f30:0x00000000 f25=0x3f800000
     276105.000 ns	     27609	80005c5c	10787fd3	fmul.s	f31,f16,f7	 f16:0x80000000  f7:0xd65bd70d f31=0x00000000
     276125.000 ns	     27611	80005c60	410605b3	sub	x11,x12,x16	 x12:0x00000001 x16:0x00000000 x11=0x00000001
     276135.000 ns	     27612	80005c64	4172dc33	sra	x24,x5,x23	  x5:0x00000000 x23:0x00000000 x24=0x00000000
     276145.000 ns	     27613	80005c68	412fd7b3	sra	x15,x31,x18	 x31:0x00000000 x18:0x80040fe4 x15=0x00000000
     276185.000 ns	     27617	80005c6c	01ef7353	fadd.s	f6,f30,f30	 f30:0x00000000 f30:0x00000000  f6=0x00000000
     276215.000 ns	     27620	80005c70	e00c8153	fmv.x.w	x2,f25	 f25:0x3f800000  x2=0x3f800000
     276245.000 ns	     27623	80005c74	215116d3	fsgnjn.s	f13,f2,f21	  f2:0x3f800000 f21:0xceba0720 f13=0x3f800000
     276265.000 ns	     27625	80005c78	01be9db3	sll	x27,x29,x27	 x29:0x80000000 x27:0x7ffbf2e1 x27=0x00000000
     276285.000 ns	     27627	80005c7c	02ed74b3	remu	x9,x26,x14	 x26:0x00000000 x14:0x00000000  x9=0x00000000
     276655.000 ns	     27664	80005c80	0396d4b3	divu	x9,x13,x25	 x13:0xd6a8ad20 x25:0xec5313c0  x9=0x00000000
     276685.000 ns	     27667	80005c84	d0057d53	fcvt.s.w	f26,x10	 x10:0x00000000 f26=0x00000000
     276715.000 ns	     27670	80005c88	211f0053	fsgnj.s	f0,f30,f17	 f30:0x00000000 f17:0x80000000  f0=0x80000000
     276745.000 ns	     27673	80005c8c	03fb0533	mul	x10,x22,x31	 x22:0x80040d20 x31:0x00000000 x10=0x00000000
     276775.000 ns	     27676	80005c90	e00b17d3	fclass.s	x15,f22	 f22:0x00000000 x15=0x00000010
     276805.000 ns	     27679	80005c94	20ae2553	fsgnjx.s	f10,f28,f10	 f28:0x00000000 f10:0x80000000 f10=0x80000000
     276835.000 ns	     27682	80005c98	e0098ad3	fmv.x.w	x21,f19	 f19:0x7fc00000 x21=0x7fc00000
     277205.000 ns	     27719	80005c9c	032e43b3	div	x7,x28,x18	 x28:0x00000000 x18:0x80040fe4  x7=0x00000000
     277225.000 ns	     27721	80005ca0	8e13f193	andi	x3,x7,-1823	  x7:0x00000347  x3=0x00000000
     277245.000 ns	     27723	80005ca4	d01c7553	fcvt.s.wu	f10,x24	 x24:0x00000000 f10=0x00000000
     277275.000 ns	     27726	80005ca8	287705d3	fmin.s	f11,f14,f7	 f14:0xcd9d6762  f7:0xd65bd70d f11=0xd65bd70d
     277315.000 ns	     27730	80005cac	103f88d3	fmul.s	f17,f31,f3	 f31:0x00000000  f3:0x448b6000 f17=0x00000000
     277335.000 ns	     27732	80005cb0	007a76b3	and	x13,x20,x7	 x20:0x00000001  x7:0x00000000 x13=0x00000000
     277345.000 ns	     27733	80005cb4	011942b3	xor	x5,x18,x17	 x18:0x80040fe4 x17:0xd6a8b3fa  x5=0x56acbc1e
     277355.000 ns	     27734	80005cb8	00aa3b33	sltu	x22,x20,x10	 x20:0x00000001 x10:0x00000000 x22=0x00000000
     277365.000 ns	     27735	80005cbc	572f4a93	xori	x21,x30,1394	 x30:0xec5313c0 x21=0xec5316b2
     277395.000 ns	     27738	80005cc0	19892e53	fdiv.s	f28,f18,f24	 f18:0xd65bd70d f24:0x00000000 f28=0xff800000
     277445.000 ns	     27743	80005cc4	00973953	fadd.s	f18,f14,f9	 f14:0xcd9d6762  f9:0x80000000 f18=0xcd9d6762
     277475.000 ns	     27746	80005cc8	a14ca153	feq.s	x2,f25,f20	 f25:0x3f800000 f20:0xce255d4c  x2=0x00000000
     277495.000 ns	     27748	80005ccc	944f2e13	slti	x28,x30,-1724	 x30:0xec5313c0 x28=0x00000001
     277505.000 ns	     27749	80005cd0	b5464293	xori	x5,x12,-1196	 x12:0x00000001  x5=0xfffffb55
     277515.000 ns	     27750	80005cd4	003e7fb3	and	x31,x28,x3	 x28:0x00000000  x3:0x00000000 x31=0x00000000
     277535.000 ns	     27752	80005cd8	d0060c53	fcvt.s.w	f24,x12	 x12:0x00000001 f24=0x3f800000
     277555.000 ns	     27754	80005cdc	41475e93	srai	x29,x14,0x14	 x14:0x00000000 x29=0x00000000
     277575.000 ns	     27756	80005ce0	d007f1d3	fcvt.s.w	f3,x15	 x15:0x00000010  f3=0x41800000
     277605.000 ns	     27759	80005ce4	28a78ad3	fmin.s	f21,f15,f10	 f15:0x00000000 f10:0x00000000 f21=0x00000000
     277625.000 ns	     27761	80005ce8	01f4d033	srl	x0,x9,x31	  x9:0x00000000 x31:0x00000000
     277645.000 ns	     27763	80005cec	a1cf2553	feq.s	x10,f30,f28	 f30:0x00000000 f28:0xff800000 x10=0x00000000
     277665.000 ns	     27765	80005cf0	004e77b3	and	x15,x28,x4	 x28:0x00000001  x4:0x90f4fba4 x15=0x00000000
     277685.000 ns	     27767	80005cf4	d0094653	fcvt.s.w	f12,x18	 x18:0x80040fe4 f12=0xcefff7e0
     277705.000 ns	     27769	80005cf8	41f25eb3	sra	x29,x4,x31	  x4:0x90f4fba4 x31:0x00000000 x29=0x90f4fba4
     277725.000 ns	     27771	80005cfc	e00e9bd3	fclass.s	x23,f29	 f29:0x00000000 x23=0x00000010
     277745.000 ns	     27773	80005d00	4120d013	srai	x0,x1,0x12	  x1:0x0000045b
     277755.000 ns	     27774	80005d04	00e890b3	sll	x1,x17,x14	 x17:0xd6a8b3fa x14:0x00000000  x1=0xd6a8b3fa
     277775.000 ns	     27776	80005d08	215ca0d3	fsgnjx.s	f1,f25,f21	 f25:0x3f800000 f21:0x00000000  f1=0x3f800000
     277805.000 ns	     27779	80005d0c	02230833	mul	x16,x6,x2	  x6:0x80041024  x2:0x00000000 x16=0x00000000
     277825.000 ns	     27781	80005d10	41f0d833	sra	x16,x1,x31	  x1:0xd6a8b3fa x31:0x00000000 x16=0xd6a8b3fa
     277835.000 ns	     27782	80005d14	000e5113	srli	x2,x28,0x0	 x28:0x00000001  x2=0x00000001
     277845.000 ns	     27783	80005d18	41e15433	sra	x8,x2,x30	  x2:0x00000000 x30:0xec5313c0  x8=0x00000001
     277865.000 ns	     27785	80005d1c	a10e11d3	flt.s	x3,f28,f16	 f28:0xff800000 f16:0x80000000  x3=0x00000001
     277895.000 ns	     27788	80005d20	02b694b3	mulh	x9,x13,x11	 x13:0x00000000 x11:0x00000001  x9=0x00000000
     277925.000 ns	     27791	80005d24	21442653	fsgnjx.s	f12,f8,f20	  f8:0xbf194fc0 f20:0xce255d4c f12=0x3f194fc0
     277945.000 ns	     27793	80005d28	707c4e93	xori	x29,x24,1799	 x24:0x00000000 x29=0x00000707
     277975.000 ns	     27796	80005d2c	580aaf53	fsqrt.s	f30,f21	 f21:0x00000000 f30=0x00000000
     278005.000 ns	     27799	80005d30	20bc12d3	fsgnjn.s	f5,f24,f11	 f24:0x3f800000 f11:0xd65bd70d  f5=0x3f800000
     278025.000 ns	     27801	80005d34	40dadb93	srai	x23,x21,0xd	 x21:0xec5316b2 x23=0xffff6298
     278045.000 ns	     27803	80005d38	a14210d3	flt.s	x1,f4,f20	  f4:0x80000000 f20:0xce255d4c  x1=0x00000000
     279115.000 ns	     27910	80005d3c	58009f53	fsqrt.s	f30,f1	  f1:0x3f800000 f30=0x3f7fffae
     279135.000 ns	     27912	80005d40	0bf98513	addi	x10,x19,191	 x19:0x00000001 x10=0x000000c0
     279145.000 ns	     27913	80005d44	0089a0b3	slt	x1,x19,x8	 x19:0x00000001  x8:0x00000001  x1=0x00000000
     279505.000 ns	     27949	80005d48	031843b3	div	x7,x16,x17	 x16:0xd6a8b3fa x17:0xd6a8b3fa  x7=0x00000001
     279555.000 ns	     27954	80005d4c	09f9f153	fsub.s	f2,f19,f31	 f19:0x7fc00000 f31:0x00000000  f2=0x7fc00000
     279575.000 ns	     27956	80005d50	0de74cb7	lui	x25,0xde74	 x25=0x0de74000
     279595.000 ns	     27958	80005d54	e0029853	fclass.s	x16,f5	  f5:0x3f800000 x16=0x00000040
     279625.000 ns	     27961	80005d58	e0088ed3	fmv.x.w	x29,f17	 f17:0x00000000 x29=0x00000000
     279645.000 ns	     27963	80005d5c	0076a633	slt	x12,x13,x7	 x13:0x00000000  x7:0x00000001 x12=0x00000001
     279655.000 ns	     27964	80005d60	0123b633	sltu	x12,x7,x18	  x7:0x00000001 x18:0x80040fe4 x12=0x00000001
     279675.000 ns	     27966	80005d64	03c3ad33	mulhsu	x26,x7,x28	  x7:0x00000001 x28:0x00000001 x26=0x00000000
     279705.000 ns	     27969	80005d68	a0e80253	fle.s	x4,f16,f14	 f16:0x80000000 f14:0xcd9d6762  x4=0x00000000
     279725.000 ns	     27971	80005d6c	9ac9b637	lui	x12,0x9ac9b	 x12=0x9ac9b000
     279735.000 ns	     27972	80005d70	015ba9b3	slt	x19,x23,x21	 x23:0xffff6298 x21:0xec5316b2 x19=0x00000000
     279755.000 ns	     27974	80005d74	21bd16d3	fsgnjn.s	f13,f26,f27	 f26:0x00000000 f27:0x00000000 f13=0x80000000
     279785.000 ns	     27977	80005d78	21741353	fsgnjn.s	f6,f8,f23	  f8:0xbf194fc0 f23:0x7fc00000  f6=0xbf194fc0
     279815.000 ns	     27980	80005d7c	02f5c7b3	div	x15,x11,x15	 x11:0x00000001 x15:0x00000000 x15=0xffffffff
     279835.000 ns	     27982	80005d80	3b0c0e97	auipc	x29,0x3b0c0	 x29=0xbb0c5d80
     279845.000 ns	     27983	80005d84	16aeb413	sltiu	x8,x29,362	 x29:0x00000000  x8=0x00000000
     279865.000 ns	     27985	80005d88	030d85b3	mul	x11,x27,x16	 x27:0x00000000 x16:0x00000040 x11=0x00000000
     279895.000 ns	     27988	80005d8c	a1281153	flt.s	x2,f16,f18	 f16:0x80000000 f18:0xcd9d6762  x2=0x00000000
     279925.000 ns	     27991	80005d90	202c8253	fsgnj.s	f4,f25,f2	 f25:0x3f800000  f2:0x7fc00000  f4=0x3f800000
     279945.000 ns	     27993	80005d94	018d1833	sll	x16,x26,x24	 x26:0x00000000 x24:0x00000000 x16=0x00000000
     280305.000 ns	     28029	80005d98	0257e633	rem	x12,x15,x5	 x15:0xffffffff  x5:0xfffffb55 x12=0xffffffff
     280335.000 ns	     28032	80005d9c	a0cb9fd3	flt.s	x31,f23,f12	 f23:0x7fc00000 f12:0x3f194fc0 x31=0x00000000
     280365.000 ns	     28035	80005da0	e0050a53	fmv.x.w	x20,f10	 f10:0x00000000 x20=0x00000000
     280385.000 ns	     28037	80005da4	dc88a6b7	lui	x13,0xdc88a	 x13=0xdc88a000
     280395.000 ns	     28038	80005da8	00c3f0b3	and	x1,x7,x12	  x7:0x00000001 x12:0xffffffff  x1=0x00000001
     280405.000 ns	     28039	80005dac	41b25d33	sra	x26,x4,x27	  x4:0x00000000 x27:0x00000000 x26=0x00000000
     280415.000 ns	     28040	80005db0	002046b3	xor	x13,x0,x2	  x0:0x00000000  x2:0x00000000 x13=0x00000000
     280425.000 ns	     28041	80005db4	00c1acb3	slt	x25,x3,x12	  x3:0x00000001 x12:0xffffffff x25=0x00000000
     280435.000 ns	     28042	80005db8	40155533	sra	x10,x10,x1	 x10:0x000000c0  x1:0x00000001 x10=0x00000060
     280795.000 ns	     28078	80005dbc	032cf2b3	remu	x5,x25,x18	 x25:0x0de74000 x18:0x80040fe4  x5=0x00000000
     280815.000 ns	     28080	80005dc0	002ceab3	or	x21,x25,x2	 x25:0x00000000  x2:0x00000000 x21=0x00000000
     280835.000 ns	     28082	80005dc4	28481653	fmax.s	f12,f16,f4	 f16:0x80000000  f4:0x3f800000 f12=0x3f800000
     280865.000 ns	     28085	80005dc8	d0151a53	fcvt.s.wu	f20,x10	 x10:0x00000060 f20=0x42c00000
     280915.000 ns	     28090	80005dcc	007c9653	fadd.s	f12,f25,f7	 f25:0x3f800000  f7:0xd65bd70d f12=0xd65bd70c
     280935.000 ns	     28092	80005dd0	00f65d93	srli	x27,x12,0xf	 x12:0xffffffff x27=0x0001ffff
     280955.000 ns	     28094	80005dd4	d0137ed3	fcvt.s.wu	f29,x6	  x6:0x80041024 f29=0x4f000410
     280985.000 ns	     28097	80005dd8	e00d12d3	fclass.s	x5,f26	 f26:0x00000000  x5=0x00000010
     281005.000 ns	     28099	80005ddc	01aa99b3	sll	x19,x21,x26	 x21:0x00000000 x26:0x00000000 x19=0x00000000
     281365.000 ns	     28135	80005de0	03dcf1b3	remu	x3,x25,x29	 x25:0x00000000 x29:0xbb0c5d80  x3=0x00000000
     281405.000 ns	     28139	80005de4	580dac53	fsqrt.s	f24,f27	 f27:0x00000000 f24=0x00000000
     281425.000 ns	     28141	80005de8	00af1533	sll	x10,x30,x10	 x30:0xec5313c0 x10:0x00000060 x10=0xec5313c0
     281755.000 ns	     28174	80005dec	1880c953	fdiv.s	f18,f1,f8	  f1:0x3f800000  f8:0xbf194fc0 f18=0xbfd4b080
     282125.000 ns	     28211	80005df0	03757eb3	remu	x29,x10,x23	 x10:0x00000060 x23:0xffff6298 x29=0xec5313c0
     282145.000 ns	     28213	80005df4	006db233	sltu	x4,x27,x6	 x27:0x0001ffff  x6:0x80041024  x4=0x00000001
     282155.000 ns	     28214	80005df8	2d2feb13	ori	x22,x31,722	 x31:0x00000000 x22=0x000002d2
     282175.000 ns	     28216	80005dfc	e0071e53	fclass.s	x28,f14	 f14:0xcd9d6762 x28=0x00000002
     282195.000 ns	     28218	80005e00	01ad01b3	add	x3,x26,x26	 x26:0x00000000 x26:0x00000000  x3=0x00000000
     282235.000 ns	     28222	80005e04	011379d3	fadd.s	f19,f6,f17	  f6:0xbf194fc0 f17:0x00000000 f19=0xbf194fc0
     282275.000 ns	     28226	80005e08	1950bcd3	fdiv.s	f25,f1,f21	  f1:0x3f800000 f21:0x00000000 f25=0x7f800000
     282315.000 ns	     28230	80005e0c	112422d3	fmul.s	f5,f8,f18	  f8:0xbf194fc0 f18:0xbfd4b080  f5=0x3f7ebf7c
     282345.000 ns	     28233	80005e10	a1e3add3	feq.s	x27,f7,f30	  f7:0xd65bd70d f30:0x3f7fffae x27=0x00000000
     282375.000 ns	     28236	80005e14	02543733	mulhu	x14,x8,x5	  x8:0x00000000  x5:0x00000010 x14=0x00000000
     282425.000 ns	     28241	80005e18	08069fd3	fsub.s	f31,f13,f0	 f13:0x80000000  f0:0x80000000 f31=0x00000000
     282455.000 ns	     28244	80005e1c	e00713d3	fclass.s	x7,f14	 f14:0xcd9d6762  x7=0x00000002
     282475.000 ns	     28246	80005e20	413bda93	srai	x21,x23,0x13	 x23:0xffff6298 x21=0xffffffff
     282505.000 ns	     28249	80005e24	58057c53	fsqrt.s	f24,f10	 f10:0x00000000 f24=0x00000000
     282525.000 ns	     28251	80005e28	0155a9b3	slt	x19,x11,x21	 x11:0x00000000 x21:0x00000000 x19=0x00000000
     282555.000 ns	     28254	80005e2c	58007453	fsqrt.s	f8,f0	  f0:0x80000000  f8=0x80000000
     282575.000 ns	     28256	80005e30	01481c93	slli	x25,x16,0x14	 x16:0x00000000 x25=0x00000000
     282585.000 ns	     28257	80005e34	ae51c213	xori	x4,x3,-1307	  x3:0x00000000  x4=0xfffffae5
     282605.000 ns	     28259	80005e38	f00d87d3	fmv.w.x	f15,x27	 x27:0x00000000 f15=0x00000000
     282625.000 ns	     28261	80005e3c	00370ab3	add	x21,x14,x3	 x14:0x00000000  x3:0x00000000 x21=0x00000000
     282645.000 ns	     28263	80005e40	d014f7d3	fcvt.s.wu	f15,x9	  x9:0x00000000 f15=0x00000000
     282665.000 ns	     28265	80005e44	80a56b13	ori	x22,x10,-2038	 x10:0xec5313c0 x22=0xfffffbca
     282685.000 ns	     28267	80005e48	039051b3	divu	x3,x0,x25	  x0:0x00000000 x25:0x00000000  x3=0xffffffff
     282705.000 ns	     28269	80005e4c	4176de93	srai	x29,x13,0x17	 x13:0x00000000 x29=0x00000000
     282725.000 ns	     28271	80005e50	281e0ad3	fmin.s	f21,f28,f1	 f28:0xff800000  f1:0x3f800000 f21=0xff800000
     282745.000 ns	     28273	80005e54	7a1fc213	xori	x4,x31,1953	 x31:0x00000000  x4=0x000007a1
     282765.000 ns	     28275	80005e58	03c0aa33	mulhsu	x20,x1,x28	  x1:0x00000001 x28:0x00000002 x20=0x00000000
     282785.000 ns	     28277	80005e5c	33c02e93	slti	x29,x0,828	  x0:0x00000000 x29=0x00000001
     282805.000 ns	     28279	80005e60	c008b1d3	fcvt.w.s	x3,f17	 f17:0x00000000  x3=0x00000000
     282825.000 ns	     28281	80005e64	006d3633	sltu	x12,x26,x6	 x26:0x00000000  x6:0x80041024 x12=0x00000001
     283155.000 ns	     28314	80005e68	19d5f7d3	fdiv.s	f15,f11,f29	 f11:0xd65bd70d f29:0x4f000410 f15=0xc65bd70e
     283185.000 ns	     28317	80005e6c	215a99d3	fsgnjn.s	f19,f21,f21	 f21:0xff800000 f21:0xff800000 f19=0x7f800000
     283205.000 ns	     28319	80005e70	06532813	slti	x16,x6,101	  x6:0x80041024 x16=0x00000001
     283215.000 ns	     28320	80005e74	4904b293	sltiu	x5,x9,1168	  x9:0x00000000  x5=0x00000001
     283225.000 ns	     28321	80005e78	01208d33	add	x26,x1,x18	  x1:0x00000001 x18:0x80040fe4 x26=0x80040fe5
     283235.000 ns	     28322	80005e7c	009abeb3	sltu	x29,x21,x9	 x21:0x00000000  x9:0x00000000 x29=0x00000000
     283255.000 ns	     28324	80005e80	28599753	fmax.s	f14,f19,f5	 f19:0x7f800000  f5:0x3f7ebf7c f14=0x7f800000
     283275.000 ns	     28326	80005e84	404602b3	sub	x5,x12,x4	 x12:0x00000001  x4:0x000007a1  x5=0xfffff860
     283295.000 ns	     28328	80005e88	f0030c53	fmv.w.x	f24,x6	  x6:0x80041024 f24=0x80041024
     283315.000 ns	     28330	80005e8c	7a51ae93	slti	x29,x3,1957	  x3:0x00000000 x29=0x00000001
     283345.000 ns	     28333	80005e90	114b79d3	fmul.s	f19,f22,f20	 f22:0x00000000 f20:0x42c00000 f19=0x00000000
     283365.000 ns	     28335	80005e94	01dbe1b3	or	x3,x23,x29	 x23:0xffff6298 x29:0x00000000  x3=0xffff6299
     283385.000 ns	     28337	80005e98	28ff1fd3	fmax.s	f31,f30,f15	 f30:0x3f7fffae f15:0xc65bd70e f31=0x3f7fffae
     283415.000 ns	     28340	80005e9c	0284f533	remu	x10,x9,x8	  x9:0x00000000  x8:0x00000000 x10=0x00000000
     283445.000 ns	     28343	80005ea0	201aa653	fsgnjx.s	f12,f21,f1	 f21:0xff800000  f1:0x3f800000 f12=0xff800000
     283465.000 ns	     28345	80005ea4	00d47bb3	and	x23,x8,x13	  x8:0x00000000 x13:0x00000000 x23=0x00000000
     283485.000 ns	     28347	80005ea8	035ae033	rem	x0,x21,x21	 x21:0x00000000 x21:0x00000000
     283505.000 ns	     28349	80005eac	0034c7b3	xor	x15,x9,x3	  x9:0x00000000  x3:0xffff6299 x15=0xffff6299
     283865.000 ns	     28385	80005eb0	03a7f8b3	remu	x17,x15,x26	 x15:0xffffffff x26:0x80040fe5 x17=0x7ffb52b4
     283895.000 ns	     28388	80005eb4	283208d3	fmin.s	f17,f4,f3	  f4:0x3f800000  f3:0x41800000 f17=0x3f800000
     283915.000 ns	     28390	80005eb8	40b7d513	srai	x10,x15,0xb	 x15:0xffff6299 x10=0xffffffec
     283935.000 ns	     28392	80005ebc	d001fdd3	fcvt.s.w	f27,x3	  x3:0xffff6299 f27=0xc71d6700
     283975.000 ns	     28396	80005ec0	107bb653	fmul.s	f12,f23,f7	 f23:0x7fc00000  f7:0xd65bd70d f12=0x7fc00000
     284005.000 ns	     28399	80005ec4	20db84d3	fsgnj.s	f9,f23,f13	 f23:0x7fc00000 f13:0x80000000  f9=0xffc00000
     284345.000 ns	     28433	80005ec8	19e370d3	fdiv.s	f1,f6,f30	  f6:0xbf194fc0 f30:0x3f7fffae  f1=0xbf994f79
     284715.000 ns	     28470	80005ecc	036340b3	div	x1,x6,x22	  x6:0x80041024 x22:0xfffffbca  x1=0x001e64ac
     284755.000 ns	     28474	80005ed0	5806f6d3	fsqrt.s	f13,f13	 f13:0x80000000 f13=0x80000000
     284775.000 ns	     28476	80005ed4	001f37b3	sltu	x15,x30,x1	 x30:0xec5313c0  x1:0x001e64ac x15=0x00000000
     285135.000 ns	     28512	80005ed8	027f7133	remu	x2,x30,x7	 x30:0xec5313c0  x7:0x00000002  x2=0x00000000
     285155.000 ns	     28514	80005edc	018c5633	srl	x12,x24,x24	 x24:0x00000000 x24:0x00000000 x12=0x00000000
     285165.000 ns	     28515	80005ee0	00e046b3	xor	x13,x0,x14	  x0:0x00000000 x14:0x00000000 x13=0x00000000
     285185.000 ns	     28517	80005ee4	204292d3	fsgnjn.s	f5,f5,f4	  f5:0x3f7ebf7c  f4:0x3f800000  f5=0xbf7ebf7c
     285215.000 ns	     28520	80005ee8	0345e433	rem	x8,x11,x20	 x11:0x00000000 x20:0x00000000  x8=0x00000000
     285235.000 ns	     28522	80005eec	f677a793	slti	x15,x15,-153	 x15:0x00000000 x15=0x00000000
     285255.000 ns	     28524	80005ef0	a1912653	feq.s	x12,f2,f25	  f2:0x7fc00000 f25:0x7f800000 x12=0x00000000
     285275.000 ns	     28526	80005ef4	01d56b33	or	x22,x10,x29	 x10:0xffffffec x29:0x00000001 x22=0xffffffed
     285285.000 ns	     28527	80005ef8	41965693	srai	x13,x12,0x19	 x12:0x00000000 x13=0x00000000
     285305.000 ns	     28529	80005efc	03330cb3	mul	x25,x6,x19	  x6:0x80041024 x19:0x00000000 x25=0x00000000
     286485.000 ns	     28647	80005f00	580f78d3	fsqrt.s	f17,f30	 f30:0x3f7fffae f17=0x3f35042a
     286505.000 ns	     28649	80005f04	cd564f93	xori	x31,x12,-811	 x12:0x00000000 x31=0xfffffcd5
     286525.000 ns	     28651	80005f08	a140ae53	feq.s	x28,f1,f20	  f1:0xbf994f79 f20:0x42c00000 x28=0x00000000
     286545.000 ns	     28653	80005f0c	380d4493	xori	x9,x26,896	 x26:0x80040fe5  x9=0x80040c65
     286555.000 ns	     28654	80005f10	0112ec33	or	x24,x5,x17	  x5:0xfffff860 x17:0x7ffb52b4 x24=0xfffffaf4
     286565.000 ns	     28655	80005f14	bf483293	sltiu	x5,x16,-1036	 x16:0x00000001  x5=0x00000001
     286585.000 ns	     28657	80005f18	0358d5b3	divu	x11,x17,x21	 x17:0x7ffb52b4 x21:0x00000000 x11=0xffffffff
     286605.000 ns	     28659	80005f1c	58f92713	slti	x14,x18,1423	 x18:0x80040fe4 x14=0x00000001
     286625.000 ns	     28661	80005f20	c018f1d3	fcvt.wu.s	x3,f17	 f17:0x3f35042a  x3=0x00000000
     287805.000 ns	     28779	80005f24	580f3cd3	fsqrt.s	f25,f30	 f30:0x3f7fffae f25=0x3f35042a
     287825.000 ns	     28781	80005f28	408f5413	srai	x8,x30,0x8	 x30:0xec5313c0  x8=0xffec5313
     287845.000 ns	     28783	80005f2c	e0019e53	fclass.s	x28,f3	  f3:0x41800000 x28=0x00000040
     287875.000 ns	     28786	80005f30	f00309d3	fmv.w.x	f19,x6	  x6:0x80041024 f19=0x80041024
     287905.000 ns	     28789	80005f34	212609d3	fsgnj.s	f19,f12,f18	 f12:0x7fc00000 f18:0xbfd4b080 f19=0xffc00000
     287925.000 ns	     28791	80005f38	079bf6b7	lui	x13,0x79bf	 x13=0x079bf000
     287945.000 ns	     28793	80005f3c	20558653	fsgnj.s	f12,f11,f5	 f11:0xd65bd70d  f5:0xbf7ebf7c f12=0xd65bd70d
     287975.000 ns	     28796	80005f40	20709ad3	fsgnjn.s	f21,f1,f7	  f1:0xbf994f79  f7:0xd65bd70d f21=0x3f994f79
     288015.000 ns	     28800	80005f44	580db153	fsqrt.s	f2,f27	 f27:0xc71d6700  f2=0x7fc00000
     288035.000 ns	     28802	80005f48	f5b2a793	slti	x15,x5,-165	  x5:0x00000001 x15=0x00000000
     288055.000 ns	     28804	80005f4c	03903bb3	mulhu	x23,x0,x25	  x0:0x00000000 x25:0x00000000 x23=0x00000000
     288075.000 ns	     28806	80005f50	05aa3a93	sltiu	x21,x20,90	 x20:0x00000000 x21=0x00000001
     288105.000 ns	     28809	80005f54	11a4fe53	fmul.s	f28,f9,f26	  f9:0xffc00000 f26:0x00000000 f28=0x7fc00000
     288135.000 ns	     28812	80005f58	0319b5b3	mulhu	x11,x19,x17	 x19:0x00000000 x17:0x7ffb52b4 x11=0x00000000
     288155.000 ns	     28814	80005f5c	006a78b3	and	x17,x20,x6	 x20:0x00000000  x6:0x80041024 x17=0x00000000
     288515.000 ns	     28850	80005f60	030fccb3	div	x25,x31,x16	 x31:0xfffffcd5 x16:0x00000001 x25=0xfffffcd5
     288565.000 ns	     28855	80005f64	08a7a2d3	fsub.s	f5,f15,f10	 f15:0xc65bd70e f10:0x00000000  f5=0xc65bd70e
     288615.000 ns	     28860	80005f68	01947353	fadd.s	f6,f8,f25	  f8:0x80000000 f25:0x3f35042a  f6=0x3f35042a
     288645.000 ns	     28863	80005f6c	037dd4b3	divu	x9,x27,x23	 x27:0x00000000 x23:0x00000000  x9=0xffffffff
     288665.000 ns	     28865	80005f70	e4f62c13	slti	x24,x12,-433	 x12:0x00000000 x24=0x00000000
     288675.000 ns	     28866	80005f74	d7c53e13	sltiu	x28,x10,-644	 x10:0xffffffec x28=0x00000000
     288685.000 ns	     28867	80005f78	018e7233	and	x4,x28,x24	 x28:0x00000040 x24:0xfffffaf4  x4=0x00000000
     288705.000 ns	     28869	80005f7c	204c29d3	fsgnjx.s	f19,f24,f4	 f24:0x80041024  f4:0x3f800000 f19=0x80041024
     288725.000 ns	     28871	80005f80	969ab393	sltiu	x7,x21,-1687	 x21:0x00000001  x7=0x00000001
     288735.000 ns	     28872	80005f84	bebfb413	sltiu	x8,x31,-1045	 x31:0xfffffcd5  x8=0x00000000
     288755.000 ns	     28874	80005f88	02b57633	remu	x12,x10,x11	 x10:0xffffffec x11:0x00000000 x12=0xffffffec
     288775.000 ns	     28876	80005f8c	3ff4a993	slti	x19,x9,1023	  x9:0xffffffff x19=0x00000001
     288785.000 ns	     28877	80005f90	a1a03793	sltiu	x15,x0,-1510	  x0:0x00000000 x15=0x00000001
     288805.000 ns	     28879	80005f94	28ae0053	fmin.s	f0,f28,f10	 f28:0x7fc00000 f10:0x00000000  f0=0x00000000
     288835.000 ns	     28882	80005f98	200410d3	fsgnjn.s	f1,f8,f0	  f8:0x80000000  f0:0x80000000  f1=0x80000000
     288855.000 ns	     28884	80005f9c	dbb47597	auipc	x11,0xdbb47	 x11=0x5bb4cf9c
     288865.000 ns	     28885	80005fa0	012b84b3	add	x9,x23,x18	 x23:0x00000000 x18:0x80040fe4  x9=0x80040fe4
     288875.000 ns	     28886	80005fa4	190c7c13	andi	x24,x24,400	 x24:0x00000000 x24=0x00000000
     288895.000 ns	     28888	80005fa8	c001a6d3	fcvt.w.s	x13,f3	  f3:0x41800000 x13=0x00000010
     288915.000 ns	     28890	80005fac	58c4b893	sltiu	x17,x9,1420	  x9:0x80040fe4 x17=0x00000000
     288945.000 ns	     28893	80005fb0	18c77ad3	fdiv.s	f21,f14,f12	 f14:0x7f800000 f12:0xd65bd70d f21=0xff800000
     288975.000 ns	     28896	80005fb4	035e3833	mulhu	x16,x28,x21	 x28:0x00000000 x21:0x00000001 x16=0x00000000
     289005.000 ns	     28899	80005fb8	02e907b3	mul	x15,x18,x14	 x18:0x80040fe4 x14:0x00000001 x15=0x80040fe4
     289035.000 ns	     28902	80005fbc	02b221b3	mulhsu	x3,x4,x11	  x4:0x00000000 x11:0x5bb4cf9c  x3=0x00000000
     289055.000 ns	     28904	80005fc0	00d6d093	srli	x1,x13,0xd	 x13:0x00000010  x1=0x00000000
     289065.000 ns	     28905	80005fc4	008d3bb3	sltu	x23,x26,x8	 x26:0x80040fe5  x8:0x00000000 x23=0x00000000
     289105.000 ns	     28909	80005fc8	0086bdd3	fadd.s	f27,f13,f8	 f13:0x80000000  f8:0x80000000 f27=0x80000000
     289125.000 ns	     28911	80005fcc	4080d813	srai	x16,x1,0x8	  x1:0x00000000 x16=0x00000000
     289145.000 ns	     28913	80005fd0	020761b3	rem	x3,x14,x0	 x14:0x00000001  x0:0x00000000  x3=0x00000001
     289195.000 ns	     28918	80005fd4	01cb4753	fadd.s	f14,f22,f28	 f22:0x00000000 f28:0x7fc00000 f14=0x7fc00000
     289225.000 ns	     28921	80005fd8	c01077d3	fcvt.wu.s	x15,f0	  f0:0x00000000 x15=0x00000000
     289245.000 ns	     28923	80005fdc	404d5033	sra	x0,x26,x4	 x26:0x80040fe5  x4:0x00000000
     289255.000 ns	     28924	80005fe0	00429233	sll	x4,x5,x4	  x5:0x00000001  x4:0x00000000  x4=0x00000001
     289265.000 ns	     28925	80005fe4	00ac9a33	sll	x20,x25,x10	 x25:0xfffffcd5 x10:0xffffffec x20=0xffcd5000
     289275.000 ns	     28926	80005fe8	01aaf633	and	x12,x21,x26	 x21:0x00000001 x26:0x80040fe5 x12=0x00000001
     289295.000 ns	     28928	80005fec	03b1b2b3	mulhu	x5,x3,x27	  x3:0x00000001 x27:0x00000000  x5=0x00000000
     289315.000 ns	     28930	80005ff0	001354b3	srl	x9,x6,x1	  x6:0x80041024  x1:0x00000000  x9=0x80041024
     289325.000 ns	     28931	80005ff4	4104d093	srai	x1,x9,0x10	  x9:0x80040fe4  x1=0xffff8004
     289345.000 ns	     28933	80005ff8	d0161553	fcvt.s.wu	f10,x12	 x12:0x00000001 f10=0x3f800000
     289375.000 ns	     28936	80005ffc	29c788d3	fmin.s	f17,f15,f28	 f15:0xc65bd70e f28:0x7fc00000 f17=0xc65bd70e
     289405.000 ns	     28939	80006000	c00471d3	fcvt.w.s	x3,f8	  f8:0x80000000  x3=0x00000000
     289445.000 ns	     28943	80006004	11db91d3	fmul.s	f3,f23,f29	 f23:0x7fc00000 f29:0x4f000410  f3=0x7fc00000
     289465.000 ns	     28945	80006008	403b0eb3	sub	x29,x22,x3	 x22:0xffffffed  x3:0x00000000 x29=0xffffffed
     289475.000 ns	     28946	8000600c	dee34793	xori	x15,x6,-530	  x6:0x80041024 x15=0x7ffbedca
     289485.000 ns	     28947	80006010	005d33b3	sltu	x7,x26,x5	 x26:0x80040fe5  x5:0x00000000  x7=0x00000000
     289525.000 ns	     28951	80006014	08192dd3	fsub.s	f27,f18,f1	 f18:0xbfd4b080  f1:0x80000000 f27=0xbfd4b080
     289545.000 ns	     28953	80006018	413b5093	srai	x1,x22,0x13	 x22:0xffffffed  x1=0xffffffff
     289555.000 ns	     28954	8000601c	014dacb3	slt	x25,x27,x20	 x27:0x00000000 x20:0xffcd5000 x25=0x00000000
     289915.000 ns	     28990	80006020	0342d433	divu	x8,x5,x20	  x5:0x00000000 x20:0xffcd5000  x8=0x00000000
     289935.000 ns	     28992	80006024	01e422b3	slt	x5,x8,x30	  x8:0x00000000 x30:0xec5313c0  x5=0x00000000
     289955.000 ns	     28994	80006028	023a2733	mulhsu	x14,x20,x3	 x20:0xffcd5000  x3:0x00000000 x14=0x00000000
     289985.000 ns	     28997	8000602c	03de92b3	mulh	x5,x29,x29	 x29:0xffffffed x29:0xffffffed  x5=0x00000000
     290015.000 ns	     29000	80006030	20200653	fsgnj.s	f12,f0,f2	  f0:0x00000000  f2:0x7fc00000 f12=0x00000000
     290035.000 ns	     29002	80006034	c1bb6413	ori	x8,x22,-997	 x22:0xffffffed  x8=0xffffffff
     290045.000 ns	     29003	80006038	014ad513	srli	x10,x21,0x14	 x21:0x00000001 x10=0x00000000
     290065.000 ns	     29005	8000603c	03520733	mul	x14,x4,x21	  x4:0x00000001 x21:0x00000001 x14=0x00000001
     290095.000 ns	     29008	80006040	d006fb53	fcvt.s.w	f22,x13	 x13:0x00000010 f22=0x41800000
     290125.000 ns	     29011	80006044	f0010653	fmv.w.x	f12,x2	  x2:0x00000000 f12=0x00000000
     290155.000 ns	     29014	80006048	209a0dd3	fsgnj.s	f27,f20,f9	 f20:0x42c00000  f9:0xffc00000 f27=0xc2c00000
     290525.000 ns	     29051	8000604c	03f4c3b3	div	x7,x9,x31	  x9:0x80041024 x31:0xfffffcd5  x7=0x00286640
     290555.000 ns	     29054	80006050	0225e9b3	rem	x19,x11,x2	 x11:0x5bb4cf9c  x2:0x00000000 x19=0x5bb4cf9c
     290575.000 ns	     29056	80006054	408a5993	srai	x19,x20,0x8	 x20:0xffcd5000 x19=0xffffcd50
     290585.000 ns	     29057	80006058	00042fb3	slt	x31,x8,x0	  x8:0xffffffff  x0:0x00000000 x31=0x00000001
     290605.000 ns	     29059	8000605c	02a277b3	remu	x15,x4,x10	  x4:0x00000001 x10:0x00000000 x15=0x00000001
     290635.000 ns	     29062	80006060	03d90eb3	mul	x29,x18,x29	 x18:0x80040fe4 x29:0xffffffed x29=0x7fb2d214
     290655.000 ns	     29064	80006064	01c1dc93	srli	x25,x3,0x1c	  x3:0x00000000 x25=0x00000000
     290695.000 ns	     29068	80006068	011625d3	fadd.s	f11,f12,f17	 f12:0x00000000 f17:0xc65bd70e f11=0xc65bd70e
     290725.000 ns	     29071	8000606c	c0080bd3	fcvt.w.s	x23,f16	 f16:0x80000000 x23=0x00000000
     290745.000 ns	     29073	80006070	420c4213	xori	x4,x24,1056	 x24:0x00000000  x4=0x00000420
     290765.000 ns	     29075	80006074	21ada053	fsgnjx.s	f0,f27,f26	 f27:0xc2c00000 f26:0x00000000  f0=0xc2c00000
     290795.000 ns	     29078	80006078	d00332d3	fcvt.s.w	f5,x6	  x6:0x80041024  f5=0xcefff7e0
     290815.000 ns	     29080	8000607c	40d45633	sra	x12,x8,x13	  x8:0xffffffff x13:0x00000010 x12=0xffffffff
     290835.000 ns	     29082	80006080	d0093753	fcvt.s.w	f14,x18	 x18:0x80040fe4 f14=0xcefff7e1
     290865.000 ns	     29085	80006084	c01716d3	fcvt.wu.s	x13,f14	 f14:0x7fc00000 x13=0x7ffbf080
     291235.000 ns	     29122	80006088	03d249b3	div	x19,x4,x29	  x4:0x00000420 x29:0x7fb2d214 x19=0x00000000
     291265.000 ns	     29125	8000608c	f00686d3	fmv.w.x	f13,x13	 x13:0x7ffbf080 f13=0x7ffbf080
     291305.000 ns	     29129	80006090	191a8d53	fdiv.s	f26,f21,f17	 f21:0xff800000 f17:0xc65bd70e f26=0x7f800000
     291355.000 ns	     29134	80006094	083a4ed3	fsub.s	f29,f20,f3	 f20:0x42c00000  f3:0x7fc00000 f29=0x7fc00000
     291385.000 ns	     29137	80006098	c00031d3	fcvt.w.s	x3,f0	  f0:0xc2c00000  x3=0xffffffa0
     291415.000 ns	     29140	8000609c	28a281d3	fmin.s	f3,f5,f10	  f5:0xcefff7e0 f10:0x3f800000  f3=0xcefff7e0
     291435.000 ns	     29142	800060a0	0ea0cc97	auipc	x25,0xea0c	 x25=0x8ea120a0
     291795.000 ns	     29178	800060a4	0270d433	divu	x8,x1,x7	  x1:0xffffffff  x7:0x00286640  x8=0x00000656
     291815.000 ns	     29180	800060a8	00ce42b3	xor	x5,x28,x12	 x28:0x00000000 x12:0xffffffff  x5=0xffffffff
     291835.000 ns	     29182	800060ac	c013f2d3	fcvt.wu.s	x5,f7	  f7:0xd65bd70d  x5=0x00000000
     291865.000 ns	     29185	800060b0	29ab8d53	fmin.s	f26,f23,f26	 f23:0x7fc00000 f26:0x7f800000 f26=0x7f800000
     291885.000 ns	     29187	800060b4	89bc8e93	addi	x29,x25,-1893	 x25:0x8ea120a0 x29=0x8ea1193b
     291905.000 ns	     29189	800060b8	29908f53	fmin.s	f30,f1,f25	  f1:0x80000000 f25:0x3f35042a f30=0x80000000
     291935.000 ns	     29192	800060bc	294e8653	fmin.s	f12,f29,f20	 f29:0x7fc00000 f20:0x42c00000 f12=0x42c00000
     292275.000 ns	     29226	800060c0	18607ad3	fdiv.s	f21,f0,f6	  f0:0xc2c00000  f6:0x3f35042a f21=0xc307c3f8
     292315.000 ns	     29230	800060c4	580a9053	fsqrt.s	f0,f21	 f21:0xff800000  f0=0x7fc00000
     292345.000 ns	     29233	800060c8	e00d8b53	fmv.x.w	x22,f27	 f27:0xc2c00000 x22=0xc2c00000
     292365.000 ns	     29235	800060cc	4198d993	srai	x19,x17,0x19	 x17:0x00000000 x19=0x00000000
     292375.000 ns	     29236	800060d0	0153cbb3	xor	x23,x7,x21	  x7:0x00286640 x21:0x00000001 x23=0x00286641
     292385.000 ns	     29237	800060d4	01a53533	sltu	x10,x10,x26	 x10:0x00000000 x26:0x80040fe5 x10=0x00000001
     292405.000 ns	     29239	800060d8	037d9ab3	mulh	x21,x27,x23	 x27:0x00000000 x23:0x00000000 x21=0x00000000
     292425.000 ns	     29241	800060dc	00969893	slli	x17,x13,0x9	 x13:0x7ffbf080 x17=0xf7e10000
     292445.000 ns	     29243	800060e0	d0068a53	fcvt.s.w	f20,x13	 x13:0x7ffbf080 f20=0x4efff7e1
     292465.000 ns	     29245	800060e4	014d26b3	slt	x13,x26,x20	 x26:0x80040fe5 x20:0xffcd5000 x13=0x00000001
     292475.000 ns	     29246	800060e8	00807ab3	and	x21,x0,x8	  x0:0x00000000  x8:0x00000656 x21=0x00000000
     292485.000 ns	     29247	800060ec	a2fdbc97	auipc	x25,0xa2fdb	 x25=0x22fe10ec
     292525.000 ns	     29251	800060f0	01f2bfd3	fadd.s	f31,f5,f31	  f5:0xcefff7e0 f31:0x3f7fffae f31=0xcefff7df
     292555.000 ns	     29254	800060f4	21581f53	fsgnjn.s	f30,f16,f21	 f16:0x80000000 f21:0xc307c3f8 f30=0x00000000
     292585.000 ns	     29257	800060f8	f0018853	fmv.w.x	f16,x3	  x3:0xffffffa0 f16=0xffffffa0
     292615.000 ns	     29260	800060fc	038502b3	mul	x5,x10,x24	 x10:0x00000001 x24:0x00000000  x5=0x00000000
     292635.000 ns	     29262	80006100	007b1793	slli	x15,x22,0x7	 x22:0xc2c00000 x15=0x60000000
     292655.000 ns	     29264	80006104	03d81733	mulh	x14,x16,x29	 x16:0x00000000 x29:0x8ea1193b x14=0x00000000
     292685.000 ns	     29267	80006108	0296b033	mulhu	x0,x13,x9	 x13:0x00000001  x9:0x80041024
     292715.000 ns	     29270	8000610c	a13d2653	feq.s	x12,f26,f19	 f26:0x7f800000 f19:0x80041024 x12=0x00000000
     292745.000 ns	     29273	80006110	a10581d3	fle.s	x3,f11,f16	 f11:0xc65bd70e f16:0xffffffa0  x3=0x00000000
     292765.000 ns	     29275	80006114	00b39593	slli	x11,x7,0xb	  x7:0x00286640 x11=0x43320000
     292775.000 ns	     29276	80006118	15ece613	ori	x12,x25,350	 x25:0x22fe10ec x12=0x22fe11fe
     292785.000 ns	     29277	8000611c	ac32eab7	lui	x21,0xac32e	 x21=0xac32e000
     292795.000 ns	     29278	80006120	4112da13	srai	x20,x5,0x11	  x5:0x00000000 x20=0x00000000
     292805.000 ns	     29279	80006124	00000013	addi	x0,x0,0	  x0:0x00000000
     292835.000 ns	     29282	80006128	580293d3	fsqrt.s	f7,f5	  f5:0xcefff7e0  f7=0x7fc00000
     292865.000 ns	     29285	8000612c	a07f8d53	fle.s	x26,f31,f7	 f31:0xcefff7df  f7:0xd65bd70d x26=0x00000000
     292895.000 ns	     29288	80006130	28d79fd3	fmax.s	f31,f15,f13	 f15:0xc65bd70e f13:0x7ffbf080 f31=0xc65bd70e
     292925.000 ns	     29291	80006134	e00d1753	fclass.s	x14,f26	 f26:0x7f800000 x14=0x00000080
     292945.000 ns	     29293	80006138	0199d6b3	srl	x13,x19,x25	 x19:0x00000000 x25:0x22fe10ec x13=0x00000000
     292965.000 ns	     29295	8000613c	f0038453	fmv.w.x	f8,x7	  x7:0x00286640  f8=0x00286640
     292995.000 ns	     29298	80006140	02b2b233	mulhu	x4,x5,x11	  x5:0x00000000 x11:0x43320000  x4=0x00000000
     293045.000 ns	     29303	80006144	08c8a753	fsub.s	f14,f17,f12	 f17:0xc65bd70e f12:0x42c00000 f14=0xc65d570e
     293075.000 ns	     29306	80006148	a0b40dd3	fle.s	x27,f8,f11	  f8:0x00286640 f11:0xc65bd70e x27=0x00000000
     293105.000 ns	     29309	8000614c	29fa9753	fmax.s	f14,f21,f31	 f21:0xc307c3f8 f31:0xc65bd70e f14=0xc307c3f8
     293125.000 ns	     29311	80006150	006acd33	xor	x26,x21,x6	 x21:0xac32e000  x6:0x80041024 x26=0x2c36f024
     293135.000 ns	     29312	80006154	009eebb3	or	x23,x29,x9	 x29:0x8ea1193b  x9:0x80041024 x23=0x8ea5193f
     293155.000 ns	     29314	80006158	d001c3d3	fcvt.s.w	f7,x3	  x3:0x00000000  f7=0x00000000
     293175.000 ns	     29316	8000615c	015e6c33	or	x24,x28,x21	 x28:0x00000000 x21:0xac32e000 x24=0xac32e000
     293195.000 ns	     29318	80006160	2181a853	fsgnjx.s	f16,f3,f24	  f3:0xcefff7e0 f24:0x80041024 f16=0x4efff7e0
     293225.000 ns	     29321	80006164	f0068ed3	fmv.w.x	f29,x13	 x13:0x00000000 f29=0x00000000
     293245.000 ns	     29323	80006168	00d75133	srl	x2,x14,x13	 x14:0x00000080 x13:0x00000000  x2=0x00000080
     293285.000 ns	     29327	8000616c	0861f353	fsub.s	f6,f3,f6	  f3:0xcefff7e0  f6:0x3f35042a  f6=0xcefff7e0
     293315.000 ns	     29330	80006170	c0027553	fcvt.w.s	x10,f4	  f4:0x3f800000 x10=0x00000001
     293335.000 ns	     29332	80006174	cb52cb17	auipc	x22,0xcb52c	 x22=0x4b532174
     293345.000 ns	     29333	80006178	013cafb3	slt	x31,x25,x19	 x25:0x22fe10ec x19:0x00000000 x31=0x00000000
     293705.000 ns	     29369	8000617c	02814ab3	div	x21,x2,x8	  x2:0x00000080  x8:0x00000656 x21=0x00000000
     293725.000 ns	     29371	80006180	1d2bf017	auipc	x0,0x1d2bf	
     293735.000 ns	     29372	80006184	01d0efb3	or	x31,x1,x29	  x1:0xffffffff x29:0x8ea1193b x31=0xffffffff
     293745.000 ns	     29373	80006188	08bb7713	andi	x14,x22,139	 x22:0x4b532174 x14=0x00000000
     293755.000 ns	     29374	8000618c	00e65d13	srli	x26,x12,0xe	 x12:0x22fe11fe x26=0x00008bf8
     293775.000 ns	     29376	80006190	217f9553	fsgnjn.s	f10,f31,f23	 f31:0xc65bd70e f23:0x7fc00000 f10=0xc65bd70e
     293795.000 ns	     29378	80006194	a6e30237	lui	x4,0xa6e30	  x4=0xa6e30000
     293815.000 ns	     29380	80006198	d0198253	fcvt.s.wu	f4,x19	 x19:0x00000000  f4=0x00000000
     293845.000 ns	     29383	8000619c	20672fd3	fsgnjx.s	f31,f14,f6	 f14:0xc307c3f8  f6:0xcefff7e0 f31=0x4307c3f8
     293875.000 ns	     29386	800061a0	e0060853	fmv.x.w	x16,f12	 f12:0x42c00000 x16=0x42c00000
     293905.000 ns	     29389	800061a4	c01d7853	fcvt.wu.s	x16,f26	 f26:0x7f800000 x16=0xffffffff
     293925.000 ns	     29391	800061a8	43063393	sltiu	x7,x12,1072	 x12:0x22fe11fe  x7=0x00000000
     293945.000 ns	     29393	800061ac	d01d0e53	fcvt.s.wu	f28,x26	 x26:0x00008bf8 f28=0x470bf800
     293975.000 ns	     29396	800061b0	c011fed3	fcvt.wu.s	x29,f3	  f3:0xcefff7e0 x29=0x7ffbf000
     294005.000 ns	     29399	800061b4	e0078ad3	fmv.x.w	x21,f15	 f15:0xc65bd70e x21=0xc65bd70e
     294025.000 ns	     29401	800061b8	46ac0d93	addi	x27,x24,1130	 x24:0xac32e000 x27=0xac32e46a
     294035.000 ns	     29402	800061bc	40e008b3	sub	x17,x0,x14	  x0:0x00000000 x14:0x00000000 x17=0x00000000
     294055.000 ns	     29404	800061c0	201f1353	fsgnjn.s	f6,f30,f1	 f30:0x00000000  f1:0x80000000  f6=0x00000000
     294085.000 ns	     29407	800061c4	e00394d3	fclass.s	x9,f7	  f7:0x00000000  x9=0x00000010
     294105.000 ns	     29409	800061c8	00000013	addi	x0,x0,0	  x0:0x00000000
     294125.000 ns	     29411	800061cc	e00182d3	fmv.x.w	x5,f3	  f3:0xcefff7e0  x5=0xcefff7e0
     294155.000 ns	     29414	800061d0	d00efad3	fcvt.s.w	f21,x29	 x29:0x7ffbf000 f21=0x4efff7e0
     294525.000 ns	     29451	800061d4	025d6533	rem	x10,x26,x5	 x26:0x00008bf8  x5:0xcefff7e0 x10=0x00008bf8
     294555.000 ns	     29454	800061d8	f0000dd3	fmv.w.x	f27,x0	  x0:0x00000000 f27=0x00000000
     294575.000 ns	     29456	800061dc	007fd0b3	srl	x1,x31,x7	 x31:0xffffffff  x7:0x00000000  x1=0xffffffff
     294585.000 ns	     29457	800061e0	13d0c613	xori	x12,x1,317	  x1:0xffffffff x12=0xfffffec2
     294605.000 ns	     29459	800061e4	a11d2ed3	feq.s	x29,f26,f17	 f26:0x7f800000 f17:0xc65bd70e x29=0x00000000
     294635.000 ns	     29462	800061e8	c01a4dd3	fcvt.wu.s	x27,f20	 f20:0x4efff7e1 x27=0x7ffbf080
     294665.000 ns	     29465	800061ec	a1ed9fd3	flt.s	x31,f27,f30	 f27:0x00000000 f30:0x00000000 x31=0x00000000
     294685.000 ns	     29467	800061f0	40ffdd33	sra	x26,x31,x15	 x31:0xffffffff x15:0x60000000 x26=0x00000000
     294695.000 ns	     29468	800061f4	41f107b3	sub	x15,x2,x31	  x2:0x00000080 x31:0x00000000 x15=0x00000080
     294705.000 ns	     29469	800061f8	727f8293	addi	x5,x31,1831	 x31:0x00000000  x5=0x00000727
     294725.000 ns	     29471	800061fc	f00485d3	fmv.w.x	f11,x9	  x9:0x00000010 f11=0x00000010
     294755.000 ns	     29474	80006200	033828b3	mulhsu	x17,x16,x19	 x16:0xffffffff x19:0x00000000 x17=0x00000000
     294785.000 ns	     29477	80006204	e0020d53	fmv.x.w	x26,f4	  f4:0x00000000 x26=0x00000000
     294805.000 ns	     29479	80006208	00e05293	srli	x5,x0,0xe	  x0:0x00000000  x5=0x00000000
     294815.000 ns	     29480	8000620c	18a3d217	auipc	x4,0x18a3d	  x4=0x98a4320c
     294835.000 ns	     29482	80006210	21c01153	fsgnjn.s	f2,f0,f28	  f0:0x7fc00000 f28:0x470bf800  f2=0xffc00000
     294855.000 ns	     29484	80006214	01bed093	srli	x1,x29,0x1b	 x29:0x00000000  x1=0x00000000
     294875.000 ns	     29486	80006218	21e58ad3	fsgnj.s	f21,f11,f30	 f11:0x00000010 f30:0x00000000 f21=0x00000010
     294915.000 ns	     29490	8000621c	580baed3	fsqrt.s	f29,f23	 f23:0x7fc00000 f29=0x7fc00000
     294945.000 ns	     29493	80006220	c0137653	fcvt.wu.s	x12,f6	  f6:0x00000000 x12=0x00000000
     294965.000 ns	     29495	80006224	00ef37b3	sltu	x15,x30,x14	 x30:0xec5313c0 x14:0x00000000 x15=0x00000000
     294995.000 ns	     29498	80006228	1037afd3	fmul.s	f31,f15,f3	 f15:0xc65bd70e  f3:0xcefff7e0 f31=0x55dbd013
     295025.000 ns	     29501	8000622c	20cfae53	fsgnjx.s	f28,f31,f12	 f31:0x4307c3f8 f12:0x42c00000 f28=0x55dbd013
     295395.000 ns	     29538	80006230	0371c533	div	x10,x3,x23	  x3:0x00000000 x23:0x8ea5193f x10=0x00000000
     295425.000 ns	     29541	80006234	d0080a53	fcvt.s.w	f20,x16	 x16:0xffffffff f20=0xbf800000
     295455.000 ns	     29544	80006238	c01cfed3	fcvt.wu.s	x29,f25	 f25:0x3f35042a x29=0x00000000
     295475.000 ns	     29546	8000623c	0113e633	or	x12,x7,x17	  x7:0x00000000 x17:0x00000000 x12=0x00000000
     295485.000 ns	     29547	80006240	00d73033	sltu	x0,x14,x13	 x14:0x00000000 x13:0x00000000
     295505.000 ns	     29549	80006244	e0010253	fmv.x.w	x4,f2	  f2:0xffc00000  x4=0xffc00000
     295525.000 ns	     29551	80006248	411fd633	sra	x12,x31,x17	 x31:0x00000000 x17:0x00000000 x12=0x00000000
     295545.000 ns	     29553	8000624c	03b989b3	mul	x19,x19,x27	 x19:0x00000000 x27:0x7ffbf080 x19=0x00000000
     295565.000 ns	     29555	80006250	01eed4b3	srl	x9,x29,x30	 x29:0x00000000 x30:0xec5313c0  x9=0x00000000
     295925.000 ns	     29591	80006254	024bd4b3	divu	x9,x23,x4	 x23:0x8ea5193f  x4:0xffc00000  x9=0x00000000
     295945.000 ns	     29593	80006258	014b21b3	slt	x3,x22,x20	 x22:0x4b532174 x20:0x00000000  x3=0x00000000
     295955.000 ns	     29594	8000625c	0160ae33	slt	x28,x1,x22	  x1:0x00000000 x22:0x4b532174 x28=0x00000001
     295975.000 ns	     29596	80006260	027dbc33	mulhu	x24,x27,x7	 x27:0x7ffbf080  x7:0x00000000 x24=0x00000000
     296005.000 ns	     29599	80006264	03ab08b3	mul	x17,x22,x26	 x22:0x4b532174 x26:0x00000000 x17=0x00000000
     296035.000 ns	     29602	80006268	f0098ad3	fmv.w.x	f21,x19	 x19:0x00000000 f21=0x00000000
     296055.000 ns	     29604	8000626c	01971733	sll	x14,x14,x25	 x14:0x00000000 x25:0x22fe10ec x14=0x00000000
     296065.000 ns	     29605	80006270	41de8233	sub	x4,x29,x29	 x29:0x00000000 x29:0x00000000  x4=0x00000000
     296425.000 ns	     29641	80006274	03997fb3	remu	x31,x18,x25	 x18:0x80040fe4 x25:0x22fe10ec x31=0x1709dd20
     296445.000 ns	     29643	80006278	16ff7493	andi	x9,x30,367	 x30:0xec5313c0  x9=0x00000140
     296475.000 ns	     29646	8000627c	5806fbd3	fsqrt.s	f23,f13	 f13:0x7ffbf080 f23=0x7fc00000
     296525.000 ns	     29651	80006280	009898d3	fadd.s	f17,f17,f9	 f17:0xc65bd70e  f9:0xffc00000 f17=0x7fc00000
     296555.000 ns	     29654	80006284	d01dff53	fcvt.s.wu	f30,x27	 x27:0x7ffbf080 f30=0x4efff7e1
     296575.000 ns	     29656	80006288	0139cfb3	xor	x31,x19,x19	 x19:0x00000000 x19:0x00000000 x31=0x00000000
     296595.000 ns	     29658	8000628c	a01684d3	fle.s	x9,f13,f1	 f13:0x7ffbf080  f1:0x80000000  x9=0x00000000
     296625.000 ns	     29661	80006290	039935b3	mulhu	x11,x18,x25	 x18:0x80040fe4 x25:0x22fe10ec x11=0x117f969a
     296645.000 ns	     29663	80006294	40958133	sub	x2,x11,x9	 x11:0x43320000  x9:0x00000000  x2=0x117f969a
     296665.000 ns	     29665	80006298	02f54633	div	x12,x10,x15	 x10:0x00000000 x15:0x00000000 x12=0xffffffff
     296685.000 ns	     29667	8000629c	414d5bb3	sra	x23,x26,x20	 x26:0x00000000 x20:0x00000000 x23=0x00000000
     296705.000 ns	     29669	800062a0	21b10853	fsgnj.s	f16,f2,f27	  f2:0xffc00000 f27:0x00000000 f16=0x7fc00000
     296725.000 ns	     29671	800062a4	a8a24c93	xori	x25,x4,-1398	  x4:0x00000000 x25=0xfffffa8a
     296735.000 ns	     29672	800062a8	01840bb3	add	x23,x8,x24	  x8:0x00000656 x24:0x00000000 x23=0x00000656
     296745.000 ns	     29673	800062ac	007106b3	add	x13,x2,x7	  x2:0x117f969a  x7:0x00000000 x13=0x117f969a
     296785.000 ns	     29677	800062b0	00bfbfd3	fadd.s	f31,f31,f11	 f31:0x55dbd013 f11:0x00000010 f31=0x55dbd013
     296815.000 ns	     29680	800062b4	02140133	mul	x2,x8,x1	  x8:0x00000656  x1:0x00000000  x2=0x00000000
     296845.000 ns	     29683	800062b8	29308e53	fmin.s	f28,f1,f19	  f1:0x80000000 f19:0x80041024 f28=0x80041024
     296865.000 ns	     29685	800062bc	2aa3e813	ori	x16,x7,682	  x7:0x00000000 x16=0x000002aa
     296885.000 ns	     29687	800062c0	a1952bd3	feq.s	x23,f10,f25	 f10:0xc65bd70e f25:0x3f35042a x23=0x00000000
     296905.000 ns	     29689	800062c4	ecd3b513	sltiu	x10,x7,-307	  x7:0x00000000 x10=0x00000001
     296945.000 ns	     29693	800062c8	09a926d3	fsub.s	f13,f18,f26	 f18:0xbfd4b080 f26:0x7f800000 f13=0xff800000
     296965.000 ns	     29695	800062cc	0078b133	sltu	x2,x17,x7	 x17:0x00000000  x7:0x00000000  x2=0x00000000
     296985.000 ns	     29697	800062d0	20140953	fsgnj.s	f18,f8,f1	  f8:0x00286640  f1:0x80000000 f18=0x80286640
     297005.000 ns	     29699	800062d4	4175d9b3	sra	x19,x11,x23	 x11:0x117f969a x23:0x00000000 x19=0x117f969a
     297025.000 ns	     29701	800062d8	027452b3	divu	x5,x8,x7	  x8:0x00000656  x7:0x00000000  x5=0xffffffff
     297045.000 ns	     29703	800062dc	0058cab3	xor	x21,x17,x5	 x17:0x00000000  x5:0x00000000 x21=0xffffffff
     297055.000 ns	     29704	800062e0	11d0eb13	ori	x22,x1,285	  x1:0x00000000 x22=0x0000011d
     297075.000 ns	     29706	800062e4	a1ea1653	flt.s	x12,f20,f30	 f20:0xbf800000 f30:0x4efff7e1 x12=0x00000001
     297105.000 ns	     29709	800062e8	d010f6d3	fcvt.s.wu	f13,x1	  x1:0x00000000 f13=0x00000000
     297125.000 ns	     29711	800062ec	0051ecb3	or	x25,x3,x5	  x3:0x00000000  x5:0xffffffff x25=0xffffffff
     297135.000 ns	     29712	800062f0	01e59633	sll	x12,x11,x30	 x11:0x117f969a x30:0xec5313c0 x12=0x117f969a
     297155.000 ns	     29714	800062f4	c01c7853	fcvt.wu.s	x16,f24	 f24:0x80041024 x16=0x00000000
     297175.000 ns	     29716	800062f8	00c3efb3	or	x31,x7,x12	  x7:0x00000000 x12:0x00000001 x31=0x117f969a
     297195.000 ns	     29718	800062fc	022f8cb3	mul	x25,x31,x2	 x31:0x00000000  x2:0x00000000 x25=0x00000000
     297225.000 ns	     29721	80006300	02083233	mulhu	x4,x16,x0	 x16:0x00000000  x0:0x00000000  x4=0x00000000
     297255.000 ns	     29724	80006304	02bf15b3	mulh	x11,x30,x11	 x30:0xec5313c0 x11:0x117f969a x11=0xfea7b5f3
     297285.000 ns	     29727	80006308	21e2a653	fsgnjx.s	f12,f5,f30	  f5:0xcefff7e0 f30:0x4efff7e1 f12=0xcefff7e0
     297305.000 ns	     29729	8000630c	00acb7b3	sltu	x15,x25,x10	 x25:0x00000000 x10:0x00000001 x15=0x00000001
     297325.000 ns	     29731	80006310	a0bb94d3	flt.s	x9,f23,f11	 f23:0x7fc00000 f11:0x00000010  x9=0x00000000
     297355.000 ns	     29734	80006314	c009b553	fcvt.w.s	x10,f19	 f19:0x80041024 x10=0x00000000
     297405.000 ns	     29739	80006318	09087bd3	fsub.s	f23,f16,f16	 f16:0x7fc00000 f16:0x7fc00000 f23=0x7fc00000
     297425.000 ns	     29741	8000631c	00fcf533	and	x10,x25,x15	 x25:0x00000000 x15:0x00000001 x10=0x00000000
     297435.000 ns	     29742	80006320	699fab93	slti	x23,x31,1689	 x31:0x117f969a x23=0x00000000
     297455.000 ns	     29744	80006324	e0020753	fmv.x.w	x14,f4	  f4:0x00000000 x14=0x00000000
     297495.000 ns	     29748	80006328	580df253	fsqrt.s	f4,f27	 f27:0x00000000  f4=0x00000000
     297525.000 ns	     29751	8000632c	201b1f53	fsgnjn.s	f30,f22,f1	 f22:0x41800000  f1:0x80000000 f30=0x41800000
     297555.000 ns	     29754	80006330	288b04d3	fmin.s	f9,f22,f8	 f22:0x41800000  f8:0x00286640  f9=0x00286640
     297575.000 ns	     29756	80006334	0198d5b3	srl	x11,x17,x25	 x17:0x00000000 x25:0x00000000 x11=0x00000000
     297935.000 ns	     29792	80006338	0368cd33	div	x26,x17,x22	 x17:0x00000000 x22:0x0000011d x26=0x00000000
     297965.000 ns	     29795	8000633c	c0087dd3	fcvt.w.s	x27,f16	 f16:0x7fc00000 x27=0x7fffffff
     297995.000 ns	     29798	80006340	a0858ed3	fle.s	x29,f11,f8	 f11:0x00000010  f8:0x00286640 x29=0x00000001
     298035.000 ns	     29802	80006344	1847f2d3	fdiv.s	f5,f15,f4	 f15:0xc65bd70e  f4:0x00000000  f5=0xff800000
     298065.000 ns	     29805	80006348	29041b53	fmax.s	f22,f8,f16	  f8:0x00286640 f16:0x7fc00000 f22=0x00286640
     298105.000 ns	     29809	8000634c	580277d3	fsqrt.s	f15,f4	  f4:0x00000000 f15=0x00000000
     298125.000 ns	     29811	80006350	a33280b7	lui	x1,0xa3328	  x1=0xa3328000
     298145.000 ns	     29813	80006354	f00b0553	fmv.w.x	f10,x22	 x22:0x0000011d f10=0x0000011d
     298175.000 ns	     29816	80006358	03880cb3	mul	x25,x16,x24	 x16:0x00000000 x24:0x00000000 x25=0x00000000
     298195.000 ns	     29818	8000635c	00bdbfb3	sltu	x31,x27,x11	 x27:0x7fffffff x11:0x00000000 x31=0x00000000
     298205.000 ns	     29819	80006360	018660b3	or	x1,x12,x24	 x12:0x117f969a x24:0x00000000  x1=0x117f969a
     298235.000 ns	     29822	80006364	184b8ed3	fdiv.s	f29,f23,f4	 f23:0x7fc00000  f4:0x00000000 f29=0x7fc00000
     298265.000 ns	     29825	80006368	a0e48b53	fle.s	x22,f9,f14	  f9:0x00286640 f14:0xc307c3f8 x22=0x00000000
     298295.000 ns	     29828	8000636c	038444b3	div	x9,x8,x24	  x8:0x00000656 x24:0x00000000  x9=0xffffffff
     298325.000 ns	     29831	80006370	035a3133	mulhu	x2,x20,x21	 x20:0x00000000 x21:0xffffffff  x2=0x00000000
     298355.000 ns	     29834	80006374	d00c7653	fcvt.s.w	f12,x24	 x24:0x00000000 f12=0x00000000
     298375.000 ns	     29836	80006378	41e1de13	srai	x28,x3,0x1e	  x3:0x00000000 x28=0x00000000
     298385.000 ns	     29837	8000637c	0158aa33	slt	x20,x17,x21	 x17:0x00000000 x21:0xffffffff x20=0x00000000
     298395.000 ns	     29838	80006380	002ec633	xor	x12,x29,x2	 x29:0x00000001  x2:0x00000000 x12=0x00000001
     298405.000 ns	     29839	80006384	e2558f93	addi	x31,x11,-475	 x11:0x00000000 x31=0xfffffe25
     298415.000 ns	     29840	80006388	00942633	slt	x12,x8,x9	  x8:0x00000656  x9:0xffffffff x12=0x00000000
     298435.000 ns	     29842	8000638c	02a56033	rem	x0,x10,x10	 x10:0x00000000 x10:0x00000000
     298455.000 ns	     29844	80006390	af4fa813	slti	x16,x31,-1292	 x31:0xfffffe25 x16=0x00000000
     298465.000 ns	     29845	80006394	d6a3b697	auipc	x13,0xd6a3b	 x13=0x56a41394
     298475.000 ns	     29846	80006398	00b1b4b3	sltu	x9,x3,x11	  x3:0x00000000 x11:0x00000000  x9=0x00000000
     298485.000 ns	     29847	8000639c	4058d0b3	sra	x1,x17,x5	 x17:0x00000000  x5:0xffffffff  x1=0x00000000
     298505.000 ns	     29849	800063a0	c011bed3	fcvt.wu.s	x29,f3	  f3:0xcefff7e0 x29=0x7ffbf000
     298535.000 ns	     29852	800063a4	02a4c433	div	x8,x9,x10	  x9:0x00000000 x10:0x00000000  x8=0xffffffff
     298555.000 ns	     29854	800063a8	0028e833	or	x16,x17,x2	 x17:0x00000000  x2:0x00000000 x16=0x00000000
     298575.000 ns	     29856	800063ac	21a795d3	fsgnjn.s	f11,f15,f26	 f15:0x00000000 f26:0x7f800000 f11=0x80000000
     298595.000 ns	     29858	800063b0	0062dcb3	srl	x25,x5,x6	  x5:0xffffffff  x6:0x80041024 x25=0x0fffffff
     298615.000 ns	     29860	800063b4	0384db33	divu	x22,x9,x24	  x9:0x00000000 x24:0x00000000 x22=0xffffffff
     298635.000 ns	     29862	800063b8	bfe72793	slti	x15,x14,-1026	 x14:0x00000000 x15=0x00000000
     298645.000 ns	     29863	800063bc	001b61b3	or	x3,x22,x1	 x22:0xffffffff  x1:0x00000000  x3=0xffffffff
     298655.000 ns	     29864	800063c0	6613dc17	auipc	x24,0x6613d	 x24=0xe61433c0
     298665.000 ns	     29865	800063c4	003744b3	xor	x9,x14,x3	 x14:0x00000000  x3:0x00000000  x9=0xffffffff
     298675.000 ns	     29866	800063c8	4d28c793	xori	x15,x17,1234	 x17:0x00000000 x15=0x000004d2
     298695.000 ns	     29868	800063cc	02d8b4b3	mulhu	x9,x17,x13	 x17:0x00000000 x13:0x56a41394  x9=0x00000000
     298715.000 ns	     29870	800063d0	43c24193	xori	x3,x4,1084	  x4:0x00000000  x3=0x0000043c
     298735.000 ns	     29872	800063d4	0296bdb3	mulhu	x27,x13,x9	 x13:0x56a41394  x9:0x00000000 x27=0x00000000
     298765.000 ns	     29875	800063d8	203808d3	fsgnj.s	f17,f16,f3	 f16:0x7fc00000  f3:0xcefff7e0 f17=0xffc00000
     298805.000 ns	     29879	800063dc	580773d3	fsqrt.s	f7,f14	 f14:0xc307c3f8  f7=0x7fc00000
     298825.000 ns	     29881	800063e0	00ede433	or	x8,x27,x14	 x27:0x00000000 x14:0x00000000  x8=0x00000000
     298845.000 ns	     29883	800063e4	297587d3	fmin.s	f15,f11,f23	 f11:0x80000000 f23:0x7fc00000 f15=0x80000000
     298865.000 ns	     29885	800063e8	3c3a7e97	auipc	x29,0x3c3a7	 x29=0xbc3ad3e8
     298885.000 ns	     29887	800063ec	c01075d3	fcvt.wu.s	x11,f0	  f0:0x7fc00000 x11=0xffffffff
     298935.000 ns	     29892	800063f0	0983f053	fsub.s	f0,f7,f24	  f7:0x7fc00000 f24:0x80041024  f0=0x7fc00000
     298965.000 ns	     29895	800063f4	20c025d3	fsgnjx.s	f11,f0,f12	  f0:0x7fc00000 f12:0x00000000 f11=0x7fc00000
     299015.000 ns	     29900	800063f8	018e9e53	fadd.s	f28,f29,f24	 f29:0x7fc00000 f24:0x80041024 f28=0x7fc00000
     299035.000 ns	     29902	800063fc	000fdc13	srli	x24,x31,0x0	 x31:0xfffffe25 x24=0xfffffe25
     299365.000 ns	     29935	80006400	193772d3	fdiv.s	f5,f14,f19	 f14:0xc307c3f8 f19:0x80041024  f5=0x7f800000
     299395.000 ns	     29938	80006404	e00e1853	fclass.s	x16,f28	 f28:0x7fc00000 x16=0x00000200
     299415.000 ns	     29940	80006408	03c18193	addi	x3,x3,60	  x3:0x0000043c  x3=0x00000478
     299425.000 ns	     29941	8000640c	e14c8693	addi	x13,x25,-492	 x25:0x0fffffff x13=0x0ffffe13
     299445.000 ns	     29943	80006410	a1e12653	feq.s	x12,f2,f30	  f2:0xffc00000 f30:0x41800000 x12=0x00000000
     299465.000 ns	     29945	80006414	01012633	slt	x12,x2,x16	  x2:0x00000000 x16:0x00000200 x12=0x00000001
     299495.000 ns	     29948	80006418	18498353	fdiv.s	f6,f19,f4	 f19:0x80041024  f4:0x00000000  f6=0xff800000
     299535.000 ns	     29952	8000641c	10ae8ad3	fmul.s	f21,f29,f10	 f29:0x7fc00000 f10:0x0000011d f21=0x7fc00000
     299565.000 ns	     29955	80006420	21d4a953	fsgnjx.s	f18,f9,f29	  f9:0x00286640 f29:0x7fc00000 f18=0x00286640
     299595.000 ns	     29958	80006424	20371ed3	fsgnjn.s	f29,f14,f3	 f14:0xc307c3f8  f3:0xcefff7e0 f29=0x4307c3f8
     299645.000 ns	     29963	80006428	09754dd3	fsub.s	f27,f10,f23	 f10:0x0000011d f23:0x7fc00000 f27=0x7fc00000
     299665.000 ns	     29965	8000642c	01984c33	xor	x24,x16,x25	 x16:0x00000200 x25:0x0fffffff x24=0x0ffffdff
     299685.000 ns	     29967	80006430	03e32eb3	mulhsu	x29,x6,x30	  x6:0x80041024 x30:0xec5313c0 x29=0x89da3652
     299715.000 ns	     29970	80006434	0312b7b3	mulhu	x15,x5,x17	  x5:0xffffffff x17:0x00000000 x15=0x00000000
     299735.000 ns	     29972	80006438	72a04213	xori	x4,x0,1834	  x0:0x00000000  x4=0x0000072a
     299745.000 ns	     29973	8000643c	4c63f893	andi	x17,x7,1222	  x7:0x00000000 x17=0x00000000
     299755.000 ns	     29974	80006440	4066d113	srai	x2,x13,0x6	 x13:0x0ffffe13  x2=0x003ffff8
     299765.000 ns	     29975	80006444	76bbed13	ori	x26,x23,1899	 x23:0x00000000 x26=0x0000076b
     299775.000 ns	     29976	80006448	408cde13	srai	x28,x25,0x8	 x25:0x0fffffff x28=0x000fffff
     299785.000 ns	     29977	8000644c	411c0733	sub	x14,x24,x17	 x24:0x0ffffdff x17:0x00000000 x14=0x0ffffdff
     299795.000 ns	     29978	80006450	00faae33	slt	x28,x21,x15	 x21:0xffffffff x15:0x00000000 x28=0x00000001
     299805.000 ns	     29979	80006454	00000013	addi	x0,x0,0	  x0:0x00000000
     299825.000 ns	     29981	80006458	e00e8a53	fmv.x.w	x20,f29	 f29:0x4307c3f8 x20=0x4307c3f8
     299855.000 ns	     29984	8000645c	024f3533	mulhu	x10,x30,x4	 x30:0xec5313c0  x4:0x0000072a x10=0x0000069d
     300225.000 ns	     30021	80006460	0235c0b3	div	x1,x11,x3	 x11:0xffffffff  x3:0x00000478  x1=0x00000000
     300245.000 ns	     30023	80006464	967f7293	andi	x5,x30,-1689	 x30:0xec5313c0  x5=0xec531140
     300265.000 ns	     30025	80006468	21c68653	fsgnj.s	f12,f13,f28	 f13:0x00000000 f28:0x7fc00000 f12=0x00000000
     300295.000 ns	     30028	8000646c	a1820b53	fle.s	x22,f4,f24	  f4:0x00000000 f24:0x80041024 x22=0x00000000
     300315.000 ns	     30030	80006470	aee20213	addi	x4,x4,-1298	  x4:0x0000072a  x4=0x00000218
     300325.000 ns	     30031	80006474	01f292b3	sll	x5,x5,x31	  x5:0xec531140 x31:0xfffffe25  x5=0x8a622800
     300335.000 ns	     30032	80006478	15933793	sltiu	x15,x6,345	  x6:0x80041024 x15=0x00000000
     300345.000 ns	     30033	8000647c	416d5413	srai	x8,x26,0x16	 x26:0x0000076b  x8=0x00000000
     300355.000 ns	     30034	80006480	63a9db97	auipc	x23,0x63a9d	 x23=0xe3aa3480
     300375.000 ns	     30036	80006484	219fa753	fsgnjx.s	f14,f31,f25	 f31:0x55dbd013 f25:0x3f35042a f14=0x55dbd013
     300405.000 ns	     30039	80006488	a1ed0ad3	fle.s	x21,f26,f30	 f26:0x7f800000 f30:0x41800000 x21=0x00000000
     300445.000 ns	     30043	8000648c	100113d3	fmul.s	f7,f2,f0	  f2:0xffc00000  f0:0x7fc00000  f7=0x7fc00000
     300815.000 ns	     30080	80006490	0308f2b3	remu	x5,x17,x16	 x17:0x00000000 x16:0x00000200  x5=0x00000000
     300835.000 ns	     30082	80006494	0191de13	srli	x28,x3,0x19	  x3:0x00000478 x28=0x00000000
     300845.000 ns	     30083	80006498	fe4dc613	xori	x12,x27,-28	 x27:0x00000000 x12=0xffffffe4
     301205.000 ns	     30119	8000649c	03f76fb3	rem	x31,x14,x31	 x14:0x0ffffdff x31:0xfffffe25 x31=0x0000005d
     301235.000 ns	     30122	800064a0	d0177d53	fcvt.s.wu	f26,x14	 x14:0x0ffffdff f26=0x4d7fffdf
     301275.000 ns	     30126	800064a4	580071d3	fsqrt.s	f3,f0	  f0:0x7fc00000  f3=0x7fc00000
     301295.000 ns	     30128	800064a8	017330b3	sltu	x1,x6,x23	  x6:0x80041024 x23:0xe3aa3480  x1=0x00000001
     301305.000 ns	     30129	800064ac	01374233	xor	x4,x14,x19	 x14:0x0ffffdff x19:0x117f969a  x4=0x1e806b65
     301315.000 ns	     30130	800064b0	40f7d7b3	sra	x15,x15,x15	 x15:0x00000000 x15:0x00000000 x15=0x00000000
     301325.000 ns	     30131	800064b4	019467b3	or	x15,x8,x25	  x8:0x00000000 x25:0x0fffffff x15=0x0fffffff
     301335.000 ns	     30132	800064b8	01ec6b33	or	x22,x24,x30	 x24:0x0ffffdff x30:0xec5313c0 x22=0xefffffff
     301355.000 ns	     30134	800064bc	20f60053	fsgnj.s	f0,f12,f15	 f12:0x00000000 f15:0x80000000  f0=0x80000000
     301375.000 ns	     30136	800064c0	003a1d13	slli	x26,x20,0x3	 x20:0x4307c3f8 x26=0x183e1fc0
     301395.000 ns	     30138	800064c4	29a31f53	fmax.s	f30,f6,f26	  f6:0xff800000 f26:0x4d7fffdf f30=0x4d7fffdf
     301765.000 ns	     30175	800064c8	021be533	rem	x10,x23,x1	 x23:0xe3aa3480  x1:0x00000001 x10=0x00000000
     301805.000 ns	     30179	800064cc	10d2f753	fmul.s	f14,f5,f13	  f5:0x7f800000 f13:0x00000000 f14=0x7fc00000
     302985.000 ns	     30297	800064d0	580cb7d3	fsqrt.s	f15,f25	 f25:0x3f35042a f15=0x3efffeaa
     303355.000 ns	     30334	800064d4	026de433	rem	x8,x27,x6	 x27:0x00000000  x6:0x80041024  x8=0x00000000
     303375.000 ns	     30336	800064d8	6b7f2d93	slti	x27,x30,1719	 x30:0xec5313c0 x27=0x00000001
     303385.000 ns	     30337	800064dc	7a423413	sltiu	x8,x4,1956	  x4:0x1e806b65  x8=0x00000000
     303395.000 ns	     30338	800064e0	004b5d13	srli	x26,x22,0x4	 x22:0xefffffff x26=0x0effffff
     303405.000 ns	     30339	800064e4	40265993	srai	x19,x12,0x2	 x12:0xffffffe4 x19=0xfffffff9
     303425.000 ns	     30341	800064e8	027d57b3	divu	x15,x26,x7	 x26:0x183e1fc0  x7:0x00000000 x15=0xffffffff
     303445.000 ns	     30343	800064ec	6515b113	sltiu	x2,x11,1617	 x11:0xffffffff  x2=0x00000000
     303455.000 ns	     30344	800064f0	002da533	slt	x10,x27,x2	 x27:0x00000001  x2:0x003ffff8 x10=0x00000000
     303465.000 ns	     30345	800064f4	4165d113	srai	x2,x11,0x16	 x11:0xffffffff  x2=0xffffffff
     303475.000 ns	     30346	800064f8	40d40133	sub	x2,x8,x13	  x8:0x00000000 x13:0x0ffffe13  x2=0xf00001ed
     303495.000 ns	     30348	800064fc	e00581d3	fmv.x.w	x3,f11	 f11:0x7fc00000  x3=0x7fc00000
     303515.000 ns	     30350	80006500	00db4e33	xor	x28,x22,x13	 x22:0xefffffff x13:0x0ffffe13 x28=0xe00001ec
     303525.000 ns	     30351	80006504	004b6fb3	or	x31,x22,x4	 x22:0xefffffff  x4:0x1e806b65 x31=0xffffffff
     303565.000 ns	     30355	80006508	08717cd3	fsub.s	f25,f2,f7	  f2:0xffc00000  f7:0x7fc00000 f25=0x7fc00000
     303585.000 ns	     30357	8000650c	01e84833	xor	x16,x16,x30	 x16:0x00000200 x30:0xec5313c0 x16=0xec5311c0
     303595.000 ns	     30358	80006510	00d99b33	sll	x22,x19,x13	 x19:0xfffffff9 x13:0x0ffffe13 x22=0xffc80000
     303615.000 ns	     30360	80006514	0208c3b3	div	x7,x17,x0	 x17:0x00000000  x0:0x00000000  x7=0xffffffff
     303645.000 ns	     30363	80006518	206d9ed3	fsgnjn.s	f29,f27,f6	 f27:0x7fc00000  f6:0xff800000 f29=0x7fc00000
     303665.000 ns	     30365	8000651c	41b585b3	sub	x11,x11,x27	 x11:0xffffffff x27:0x00000001 x11=0xfffffffe
     303685.000 ns	     30367	80006520	e0059553	fclass.s	x10,f11	 f11:0x7fc00000 x10=0x00000200
     303715.000 ns	     30370	80006524	20c60653	fsgnj.s	f12,f12,f12	 f12:0x00000000 f12:0x00000000 f12=0x00000000
     303735.000 ns	     30372	80006528	e06f0b13	addi	x22,x30,-506	 x30:0xec5313c0 x22=0xec5311c6
     303745.000 ns	     30373	8000652c	006440b3	xor	x1,x8,x6	  x8:0x00000000  x6:0x80041024  x1=0x80041024
     303765.000 ns	     30375	80006530	d0182a53	fcvt.s.wu	f20,x16	 x16:0xec5311c0 f20=0x4f6c5312
     303785.000 ns	     30377	80006534	79927a17	auipc	x20,0x79927	 x20=0xf992d534
     303805.000 ns	     30379	80006538	e0090153	fmv.x.w	x2,f18	 f18:0x00286640  x2=0x00286640
     303835.000 ns	     30382	8000653c	d01079d3	fcvt.s.wu	f19,x0	  x0:0x00000000 f19=0x00000000
     303855.000 ns	     30384	80006540	012a2633	slt	x12,x20,x18	 x20:0xf992d534 x18:0x80040fe4 x12=0x00000000
     303875.000 ns	     30386	80006544	02c33d33	mulhu	x26,x6,x12	  x6:0x80041024 x12:0xffffffe4 x26=0x00000000
     303895.000 ns	     30388	80006548	01f671b3	and	x3,x12,x31	 x12:0xffffffe4 x31:0xffffffff  x3=0x00000000
     303915.000 ns	     30390	8000654c	f0028ad3	fmv.w.x	f21,x5	  x5:0x00000000 f21=0x00000000
     303935.000 ns	     30392	80006550	9fffcf93	xori	x31,x31,-1537	 x31:0xffffffff x31=0x00000600
     303945.000 ns	     30393	80006554	00000013	addi	x0,x0,0	  x0:0x00000000
     303965.000 ns	     30395	80006558	21b8a3d3	fsgnjx.s	f7,f17,f27	 f17:0xffc00000 f27:0x7fc00000  f7=0xffc00000
     303995.000 ns	     30398	8000655c	a0320bd3	fle.s	x23,f4,f3	  f4:0x00000000  f3:0x7fc00000 x23=0x00000000
     304025.000 ns	     30401	80006560	2006a253	fsgnjx.s	f4,f13,f0	 f13:0x00000000  f0:0x80000000  f4=0x80000000
     304055.000 ns	     30404	80006564	02341133	mulh	x2,x8,x3	  x8:0x00000000  x3:0x00000000  x2=0x00000000
     304075.000 ns	     30406	80006568	01205033	srl	x0,x0,x18	  x0:0x00000000 x18:0x80040fe4
     304095.000 ns	     30408	8000656c	21358bd3	fsgnj.s	f23,f11,f19	 f11:0x7fc00000 f19:0x00000000 f23=0x7fc00000
     304115.000 ns	     30410	80006570	011736b3	sltu	x13,x14,x17	 x14:0x0ffffdff x17:0x00000000 x13=0x00000000
     304125.000 ns	     30411	80006574	1cb9c693	xori	x13,x19,459	 x19:0xfffffff9 x13=0xfffffe32
     304135.000 ns	     30412	80006578	b046c213	xori	x4,x13,-1276	 x13:0x0ffffe13  x4=0x00000536
     304155.000 ns	     30414	8000657c	e0048c53	fmv.x.w	x24,f9	  f9:0x00286640 x24=0x00286640
     304175.000 ns	     30416	80006580	40ced633	sra	x12,x29,x12	 x29:0x89da3652 x12:0x00000000 x12=0x89da3652
     304195.000 ns	     30418	80006584	f0058053	fmv.w.x	f0,x11	 x11:0xfffffffe  f0=0xfffffffe
     304225.000 ns	     30421	80006588	e0059ed3	fclass.s	x29,f11	 f11:0x7fc00000 x29=0x00000200
     304245.000 ns	     30423	8000658c	00d810b3	sll	x1,x16,x13	 x16:0xec5311c0 x13:0xfffffe32  x1=0x47000000
     304275.000 ns	     30426	80006590	10463653	fmul.s	f12,f12,f4	 f12:0x00000000  f4:0x80000000 f12=0x80000000
     304295.000 ns	     30428	80006594	fbadbe93	sltiu	x29,x27,-70	 x27:0x00000001 x29=0x00000001
     304315.000 ns	     30430	80006598	03ae56b3	divu	x13,x28,x26	 x28:0xe00001ec x26:0x00000000 x13=0xffffffff
     304335.000 ns	     30432	8000659c	418cde13	srai	x28,x25,0x18	 x25:0x0fffffff x28=0x0000000f
     304695.000 ns	     30468	800065a0	0213f7b3	remu	x15,x7,x1	  x7:0xffffffff  x1:0x47000000 x15=0x2affffff
     305065.000 ns	     30505	800065a4	03cf79b3	remu	x19,x30,x28	 x30:0xec5313c0 x28:0xe00001ec x19=0x00000005
     305095.000 ns	     30508	800065a8	02983eb3	mulhu	x29,x16,x9	 x16:0xec5311c0  x9:0x00000000 x29=0x00000000
     305115.000 ns	     30510	800065ac	97a58493	addi	x9,x11,-1670	 x11:0xfffffffe  x9=0xfffff978
     305135.000 ns	     30512	800065b0	203922d3	fsgnjx.s	f5,f18,f3	 f18:0x00286640  f3:0x7fc00000  f5=0x00286640
     305505.000 ns	     30549	800065b4	03924d33	div	x26,x4,x25	  x4:0x00000536 x25:0x0fffffff x26=0x00000000
     305535.000 ns	     30552	800065b8	a147a3d3	feq.s	x7,f15,f20	 f15:0x3efffeaa f20:0x4f6c5312  x7=0x00000000
     305905.000 ns	     30589	800065bc	034c6433	rem	x8,x24,x20	 x24:0x00286640 x20:0xf992d534  x8=0x00286640
     305925.000 ns	     30591	800065c0	7d8a76b7	lui	x13,0x7d8a7	 x13=0x7d8a7000
     305945.000 ns	     30593	800065c4	c00c7453	fcvt.w.s	x8,f24	 f24:0x80041024  x8=0x00000000
     305975.000 ns	     30596	800065c8	d01a48d3	fcvt.s.wu	f17,x20	 x20:0xf992d534 f17=0x4f7992d5
     306005.000 ns	     30599	800065cc	d015f5d3	fcvt.s.wu	f11,x11	 x11:0xfffffffe f11=0x4f7fffff
     306035.000 ns	     30602	800065d0	c01878d3	fcvt.wu.s	x17,f16	 f16:0x7fc00000 x17=0xffffffff
     306055.000 ns	     30604	800065d4	54ae2593	slti	x11,x28,1354	 x28:0x0000000f x11=0x00000001
     306065.000 ns	     30605	800065d8	2533c513	xori	x10,x7,595	  x7:0x00000000 x10=0x00000253
     306075.000 ns	     30606	800065dc	00341cb3	sll	x25,x8,x3	  x8:0x00000000  x3:0x00000000 x25=0x00000000
     306435.000 ns	     30642	800065e0	03c3cb33	div	x22,x7,x28	  x7:0x00000000 x28:0x0000000f x22=0x00000000
     306455.000 ns	     30644	800065e4	86bae093	ori	x1,x21,-1941	 x21:0x00000000  x1=0xfffff86b
     306475.000 ns	     30646	800065e8	03505e33	divu	x28,x0,x21	  x0:0x00000000 x21:0x00000000 x28=0xffffffff
     306505.000 ns	     30649	800065ec	20bca2d3	fsgnjx.s	f5,f25,f11	 f25:0x7fc00000 f11:0x4f7fffff  f5=0x7fc00000
     306525.000 ns	     30651	800065f0	4081d1b3	sra	x3,x3,x8	  x3:0x00000000  x8:0x00000000  x3=0x00000000
     306545.000 ns	     30653	800065f4	03e69d33	mulh	x26,x13,x30	 x13:0x7d8a7000 x30:0xec5313c0 x26=0xf659ecd1
     306575.000 ns	     30656	800065f8	20bb29d3	fsgnjx.s	f19,f22,f11	 f22:0x00286640 f11:0x4f7fffff f19=0x00286640
     306595.000 ns	     30658	800065fc	01cbb2b3	sltu	x5,x23,x28	 x23:0x00000000 x28:0xffffffff  x5=0x00000001
     306635.000 ns	     30662	80006600	088bf5d3	fsub.s	f11,f23,f8	 f23:0x7fc00000  f8:0x00286640 f11=0x7fc00000
     306655.000 ns	     30664	80006604	35710693	addi	x13,x2,855	  x2:0x00000000 x13=0x00000357
     306665.000 ns	     30665	80006608	40b8d033	sra	x0,x17,x11	 x17:0xffffffff x11:0x00000001
     306685.000 ns	     30667	8000660c	f00e0e53	fmv.w.x	f28,x28	 x28:0xffffffff f28=0xffffffff
     306705.000 ns	     30669	80006610	e2234993	xori	x19,x6,-478	  x6:0x80041024 x19=0x7ffbee06
     306715.000 ns	     30670	80006614	fafe4993	xori	x19,x28,-81	 x28:0xffffffff x19=0x00000050
     306725.000 ns	     30671	80006618	40517293	andi	x5,x2,1029	  x2:0x00000000  x5=0x00000000
     306745.000 ns	     30673	8000661c	28eb1ed3	fmax.s	f29,f22,f14	 f22:0x00286640 f14:0x7fc00000 f29=0x00286640
     306765.000 ns	     30675	80006620	0032d0b3	srl	x1,x5,x3	  x5:0x00000001  x3:0x00000000  x1=0x00000000
     307935.000 ns	     30792	80006624	580b2fd3	fsqrt.s	f31,f22	 f22:0x00286640 f31=0x1f6e26aa
     307955.000 ns	     30794	80006628	01614eb3	xor	x29,x2,x22	  x2:0x00000000 x22:0x00000000 x29=0x00000000
     307975.000 ns	     30796	8000662c	0271eab3	rem	x21,x3,x7	  x3:0x00000000  x7:0x00000000 x21=0x00000000
     307995.000 ns	     30798	80006630	016384b3	add	x9,x7,x22	  x7:0x00000000 x22:0x00000000  x9=0x00000000
     308005.000 ns	     30799	80006634	2eaf2893	slti	x17,x30,746	 x30:0xec5313c0 x17=0x00000001
     308025.000 ns	     30801	80006638	e00598d3	fclass.s	x17,f11	 f11:0x7fc00000 x17=0x00000200
     308055.000 ns	     30804	8000663c	a15c2453	feq.s	x8,f24,f21	 f24:0x80041024 f21:0x00000000  x8=0x00000000
     308085.000 ns	     30807	80006640	a0d41153	flt.s	x2,f8,f13	  f8:0x00286640 f13:0x00000000  x2=0x00000000
     308115.000 ns	     30810	80006644	21330653	fsgnj.s	f12,f6,f19	  f6:0xff800000 f19:0x00286640 f12=0x7f800000
     308135.000 ns	     30812	80006648	01bddc93	srli	x25,x27,0x1b	 x27:0x00000001 x25=0x00000000
     308145.000 ns	     30813	8000664c	a9275a17	auipc	x20,0xa9275	 x20=0x2927b64c
     308165.000 ns	     30815	80006650	025004b3	mul	x9,x0,x5	  x0:0x00000000  x5:0x00000000  x9=0x00000000
     308535.000 ns	     30852	80006654	02e0edb3	rem	x27,x1,x14	  x1:0x00000000 x14:0x0ffffdff x27=0x00000000
     308565.000 ns	     30855	80006658	d0007553	fcvt.s.w	f10,x0	  x0:0x00000000 f10=0x00000000
     308595.000 ns	     30858	8000665c	c01ef253	fcvt.wu.s	x4,f29	 f29:0x00286640  x4=0x00000000
     308615.000 ns	     30860	80006660	004f5593	srli	x11,x30,0x4	 x30:0xec5313c0 x11=0x0ec5313c
     308625.000 ns	     30861	80006664	001759b3	srl	x19,x14,x1	 x14:0x0ffffdff  x1:0x00000000 x19=0x0ffffdff
     308655.000 ns	     30864	80006668	19b19ed3	fdiv.s	f29,f3,f27	  f3:0x7fc00000 f27:0x7fc00000 f29=0x7fc00000
     308675.000 ns	     30866	8000666c	00f810b3	sll	x1,x16,x15	 x16:0xec5311c0 x15:0x2affffff  x1=0x00000000
     308685.000 ns	     30867	80006670	01f21733	sll	x14,x4,x31	  x4:0x00000000 x31:0x00000600 x14=0x00000000
     308705.000 ns	     30869	80006674	02379733	mulh	x14,x15,x3	 x15:0x2affffff  x3:0x00000000 x14=0x00000000
     308735.000 ns	     30872	80006678	208e9153	fsgnjn.s	f2,f29,f8	 f29:0x7fc00000  f8:0x00286640  f2=0xffc00000
     308755.000 ns	     30874	8000667c	aa15dc37	lui	x24,0xaa15d	 x24=0xaa15d000
     308775.000 ns	     30876	80006680	0209c5b3	div	x11,x19,x0	 x19:0x0ffffdff  x0:0x00000000 x11=0xffffffff
     308805.000 ns	     30879	80006684	e0078b53	fmv.x.w	x22,f15	 f15:0x3efffeaa x22=0x3efffeaa
     308835.000 ns	     30882	80006688	d00f14d3	fcvt.s.w	f9,x30	 x30:0xec5313c0  f9=0xcd9d6762
     308865.000 ns	     30885	8000668c	201f0f53	fsgnj.s	f30,f30,f1	 f30:0x4d7fffdf  f1:0x80000000 f30=0xcd7fffdf
     308895.000 ns	     30888	80006690	03be4fb3	div	x31,x28,x27	 x28:0xffffffff x27:0x00000000 x31=0xffffffff
     308925.000 ns	     30891	80006694	a04209d3	fle.s	x19,f4,f4	  f4:0x80000000  f4:0x80000000 x19=0x00000001
     308955.000 ns	     30894	80006698	f00a87d3	fmv.w.x	f15,x21	 x21:0x00000000 f15=0x00000000
     309005.000 ns	     30899	8000669c	094f9153	fsub.s	f2,f31,f20	 f31:0x1f6e26aa f20:0x4f6c5312  f2=0xcf6c5312
     309025.000 ns	     30901	800066a0	0050cc33	xor	x24,x1,x5	  x1:0x00000000  x5:0x00000000 x24=0x00000000
     309055.000 ns	     30904	800066a4	19bb97d3	fdiv.s	f15,f23,f27	 f23:0x7fc00000 f27:0x7fc00000 f15=0x7fc00000
     309075.000 ns	     30906	800066a8	4012d4b3	sra	x9,x5,x1	  x5:0x00000000  x1:0x00000000  x9=0x00000000
     309095.000 ns	     30908	800066ac	02291cb3	mulh	x25,x18,x2	 x18:0x80040fe4  x2:0x00000000 x25=0x00000000
     309125.000 ns	     30911	800066b0	291f8153	fmin.s	f2,f31,f17	 f31:0x1f6e26aa f17:0x4f7992d5  f2=0x1f6e26aa
     309175.000 ns	     30916	800066b4	090872d3	fsub.s	f5,f16,f16	 f16:0x7fc00000 f16:0x7fc00000  f5=0x7fc00000
     309195.000 ns	     30918	800066b8	01b745b3	xor	x11,x14,x27	 x14:0x00000000 x27:0x00000000 x11=0x00000000
     309205.000 ns	     30919	800066bc	015f6d33	or	x26,x30,x21	 x30:0xec5313c0 x21:0x00000000 x26=0xec5313c0
     309225.000 ns	     30921	800066c0	02264bb3	div	x23,x12,x2	 x12:0x89da3652  x2:0x00000000 x23=0xffffffff
     309255.000 ns	     30924	800066c4	03aa30b3	mulhu	x1,x20,x26	 x20:0x2927b64c x26:0xf659ecd1  x1=0x25fdf71a
     309285.000 ns	     30927	800066c8	d018f253	fcvt.s.wu	f4,x17	 x17:0x00000200  f4=0x44000000
     309315.000 ns	     30930	800066cc	201e21d3	fsgnjx.s	f3,f28,f1	 f28:0xffffffff  f1:0x80000000  f3=0x7fffffff
     309335.000 ns	     30932	800066d0	1aa43613	sltiu	x12,x8,426	  x8:0x00000000 x12=0x00000001
     309355.000 ns	     30934	800066d4	a1ad84d3	fle.s	x9,f27,f26	 f27:0x7fc00000 f26:0x4d7fffdf  x9=0x00000000
     309375.000 ns	     30936	800066d8	00050e33	add	x28,x10,x0	 x10:0x00000253  x0:0x00000000 x28=0x00000253
     309395.000 ns	     30938	800066dc	f0000e53	fmv.w.x	f28,x0	  x0:0x00000000 f28=0x00000000
     309425.000 ns	     30941	800066e0	a17e2bd3	feq.s	x23,f28,f23	 f28:0xffffffff f23:0x7fc00000 x23=0x00000000
     309455.000 ns	     30944	800066e4	a02cabd3	feq.s	x23,f25,f2	 f25:0x7fc00000  f2:0x1f6e26aa x23=0x00000000
     309475.000 ns	     30946	800066e8	00553bb3	sltu	x23,x10,x5	 x10:0x00000253  x5:0x00000000 x23=0x00000000
     309835.000 ns	     30982	800066ec	03377433	remu	x8,x14,x19	 x14:0x00000000 x19:0x00000001  x8=0x00000000
     309855.000 ns	     30984	800066f0	d42aa9b7	lui	x19,0xd42aa	 x19=0xd42aa000
     309865.000 ns	     30985	800066f4	007274b3	and	x9,x4,x7	  x4:0x00000000  x7:0x00000000  x9=0x00000000
     309885.000 ns	     30987	800066f8	038f6b33	rem	x22,x30,x24	 x30:0xec5313c0 x24:0x00000000 x22=0xec5313c0
     309925.000 ns	     30991	800066fc	5802cdd3	fsqrt.s	f27,f5	  f5:0x7fc00000 f27=0x7fc00000
     309955.000 ns	     30994	80006700	20cda253	fsgnjx.s	f4,f27,f12	 f27:0x7fc00000 f12:0x7f800000  f4=0x7fc00000
     309985.000 ns	     30997	80006704	d0097953	fcvt.s.w	f18,x18	 x18:0x80040fe4 f18=0xcefff7e0
     310015.000 ns	     31000	80006708	a01b87d3	fle.s	x15,f23,f1	 f23:0x7fc00000  f1:0x80000000 x15=0x00000000
     310045.000 ns	     31003	8000670c	031c0133	mul	x2,x24,x17	 x24:0x00000000 x17:0x00000200  x2=0x00000000
     310085.000 ns	     31007	80006710	19f0c3d3	fdiv.s	f7,f1,f31	  f1:0x80000000 f31:0x1f6e26aa  f7=0x80000000
     310115.000 ns	     31010	80006714	d0057053	fcvt.s.w	f0,x10	 x10:0x00000253  f0=0x4414c000
     310145.000 ns	     31013	80006718	0264be33	mulhu	x28,x9,x6	  x9:0x00000000  x6:0x80041024 x28=0x00000000
     310175.000 ns	     31016	8000671c	a09708d3	fle.s	x17,f14,f9	 f14:0x7fc00000  f9:0xcd9d6762 x17=0x00000000
     310195.000 ns	     31018	80006720	4d6da513	slti	x10,x27,1238	 x27:0x00000000 x10=0x00000001
     310205.000 ns	     31019	80006724	4d3b3013	sltiu	x0,x22,1235	 x22:0xec5313c0
     310215.000 ns	     31020	80006728	00aa1bb3	sll	x23,x20,x10	 x20:0x2927b64c x10:0x00000253 x23=0x524f6c98
     310235.000 ns	     31022	8000672c	e00219d3	fclass.s	x19,f4	  f4:0x7fc00000 x19=0x00000200
     310255.000 ns	     31024	80006730	0926bf93	sltiu	x31,x13,146	 x13:0x00000357 x31=0x00000000
     310265.000 ns	     31025	80006734	ca50ff93	andi	x31,x1,-859	  x1:0x25fdf71a x31=0x25fdf400
     310285.000 ns	     31027	80006738	f0080c53	fmv.w.x	f24,x16	 x16:0xec5311c0 f24=0xec5311c0
     310305.000 ns	     31029	8000673c	7edf4217	auipc	x4,0x7edf4	  x4=0xfedfa73c
     310315.000 ns	     31030	80006740	41865c13	srai	x24,x12,0x18	 x12:0x00000001 x24=0x00000000
     310325.000 ns	     31031	80006744	012f7a33	and	x20,x30,x18	 x30:0xec5313c0 x18:0x80040fe4 x20=0x800003c0
     310345.000 ns	     31033	80006748	e0041553	fclass.s	x10,f8	  f8:0x00286640 x10=0x00000020
     310375.000 ns	     31036	8000674c	038a8bb3	mul	x23,x21,x24	 x21:0x00000000 x24:0x00000000 x23=0x00000000
     310405.000 ns	     31039	80006750	0250bdb3	mulhu	x27,x1,x5	  x1:0x25fdf71a  x5:0x00000000 x27=0x00000000
     310425.000 ns	     31041	80006754	4065d733	sra	x14,x11,x6	 x11:0x00000000  x6:0x80041024 x14=0x00000000
     310435.000 ns	     31042	80006758	00000013	addi	x0,x0,0	  x0:0x00000000
     310445.000 ns	     31043	8000675c	40a05133	sra	x2,x0,x10	  x0:0x00000000 x10:0x00000020  x2=0x00000000
     310475.000 ns	     31046	80006760	10bc75d3	fmul.s	f11,f24,f11	 f24:0xec5311c0 f11:0x7fc00000 f11=0x7fc00000
     310525.000 ns	     31051	80006764	01f5fad3	fadd.s	f21,f11,f31	 f11:0x7fc00000 f31:0x1f6e26aa f21=0x7fc00000
     310545.000 ns	     31053	80006768	0184ebb3	or	x23,x9,x24	  x9:0x00000000 x24:0x00000000 x23=0x00000000
     310565.000 ns	     31055	8000676c	f00a0ad3	fmv.w.x	f21,x20	 x20:0x800003c0 f21=0x800003c0
     310585.000 ns	     31057	80006770	b1486893	ori	x17,x16,-1260	 x16:0xec5311c0 x17=0xfffffbd4
     310605.000 ns	     31059	80006774	0254c0b3	div	x1,x9,x5	  x9:0x00000000  x5:0x00000000  x1=0xffffffff
     310635.000 ns	     31062	80006778	a17615d3	flt.s	x11,f12,f23	 f12:0x7f800000 f23:0x7fc00000 x11=0x00000000
     310655.000 ns	     31064	8000677c	22b8bb13	sltiu	x22,x17,555	 x17:0xfffffbd4 x22=0x00000000
     310665.000 ns	     31065	80006780	40b1db13	srai	x22,x3,0xb	  x3:0x00000000 x22=0x00000000
     310675.000 ns	     31066	80006784	41f582b3	sub	x5,x11,x31	 x11:0x00000000 x31:0x25fdf400  x5=0xda020c00
     310695.000 ns	     31068	80006788	a1902d53	feq.s	x26,f0,f25	  f0:0x4414c000 f25:0x7fc00000 x26=0x00000000
     310725.000 ns	     31071	8000678c	02bcf9b3	remu	x19,x25,x11	 x25:0x00000000 x11:0x00000000 x19=0x00000000
     310745.000 ns	     31073	80006790	5dd92213	slti	x4,x18,1501	 x18:0x80040fe4  x4=0x00000001
     310775.000 ns	     31076	80006794	580bf3d3	fsqrt.s	f7,f23	 f23:0x7fc00000  f7=0x7fc00000
     310805.000 ns	     31079	80006798	a1618bd3	fle.s	x23,f3,f22	  f3:0x7fffffff f22:0x00286640 x23=0x00000000
     310845.000 ns	     31083	8000679c	192519d3	fdiv.s	f19,f10,f18	 f10:0x00000000 f18:0xcefff7e0 f19=0x80000000
     310875.000 ns	     31086	800067a0	02c88b33	mul	x22,x17,x12	 x17:0xfffffbd4 x12:0x00000001 x22=0xfffffbd4
     310895.000 ns	     31088	800067a4	00d685b3	add	x11,x13,x13	 x13:0x00000357 x13:0x00000357 x11=0x000006ae
     310915.000 ns	     31090	800067a8	d0107dd3	fcvt.s.wu	f27,x0	  x0:0x00000000 f27=0x00000000
     310945.000 ns	     31093	800067ac	e00e8d53	fmv.x.w	x26,f29	 f29:0x7fc00000 x26=0x7fc00000
     310975.000 ns	     31096	800067b0	0376ecb3	rem	x25,x13,x23	 x13:0x00000357 x23:0x00000000 x25=0x00000357
     311005.000 ns	     31099	800067b4	d013c9d3	fcvt.s.wu	f19,x7	  x7:0x00000000 f19=0x00000000
     311025.000 ns	     31101	800067b8	006a9393	slli	x7,x21,0x6	 x21:0x00000000  x7=0x00000000
     311035.000 ns	     31102	800067bc	003f9633	sll	x12,x31,x3	 x31:0x25fdf400  x3:0x00000000 x12=0x25fdf400
     311055.000 ns	     31104	800067c0	20e5aa53	fsgnjx.s	f20,f11,f14	 f11:0x7fc00000 f14:0x7fc00000 f20=0x7fc00000
     311075.000 ns	     31106	800067c4	aad14613	xori	x12,x2,-1363	  x2:0x00000000 x12=0xfffffaad
     311435.000 ns	     31142	800067c8	03e47cb3	remu	x25,x8,x30	  x8:0x00000000 x30:0xec5313c0 x25=0x00000000
     311465.000 ns	     31145	800067cc	d0133fd3	fcvt.s.wu	f31,x6	  x6:0x80041024 f31=0x4f000411
     311495.000 ns	     31148	800067d0	029f5ab3	divu	x21,x30,x9	 x30:0xec5313c0  x9:0x00000000 x21=0xffffffff
     311525.000 ns	     31151	800067d4	033e6cb3	rem	x25,x28,x19	 x28:0x00000000 x19:0x00000000 x25=0x00000000
     311545.000 ns	     31153	800067d8	4157d7b3	sra	x15,x15,x21	 x15:0x00000000 x21:0xffffffff x15=0x00000000
     311555.000 ns	     31154	800067dc	76bfde17	auipc	x28,0x76bfd	 x28=0xf6c037dc
     311585.000 ns	     31157	800067e0	11471353	fmul.s	f6,f14,f20	 f14:0x7fc00000 f20:0x7fc00000  f6=0x7fc00000
     311615.000 ns	     31160	800067e4	e0021253	fclass.s	x4,f4	  f4:0x7fc00000  x4=0x00000200
     311635.000 ns	     31162	800067e8	00a38cb3	add	x25,x7,x10	  x7:0x00000000 x10:0x00000020 x25=0x00000020
     311645.000 ns	     31163	800067ec	407bd893	srai	x17,x23,0x7	 x23:0x00000000 x17=0x00000000
     311655.000 ns	     31164	800067f0	415e0db3	sub	x27,x28,x21	 x28:0xf6c037dc x21:0xffffffff x27=0xf6c037dd
     311665.000 ns	     31165	800067f4	87188513	addi	x10,x17,-1935	 x17:0xfffffbd4 x10=0xfffff871
     311675.000 ns	     31166	800067f8	ae9f6d13	ori	x26,x30,-1303	 x30:0xec5313c0 x26=0xfffffbe9
     311695.000 ns	     31168	800067fc	d010f053	fcvt.s.wu	f0,x1	  x1:0xffffffff  f0=0x4f7fffff
     311715.000 ns	     31170	80006800	00000013	addi	x0,x0,0	  x0:0x00000000
     311735.000 ns	     31172	80006804	037fc6b3	div	x13,x31,x23	 x31:0x25fdf400 x23:0x00000000 x13=0xffffffff
     311765.000 ns	     31175	80006808	f0048853	fmv.w.x	f16,x9	  x9:0x00000000 f16=0x00000000
     311805.000 ns	     31179	8000680c	183ff853	fdiv.s	f16,f31,f3	 f31:0x4f000411  f3:0x7fffffff f16=0x7fc00000
     311825.000 ns	     31181	80006810	016aa733	slt	x14,x21,x22	 x21:0xffffffff x22:0xfffffbd4 x14=0x00000000
     311855.000 ns	     31184	80006814	11157b53	fmul.s	f22,f10,f17	 f10:0x00000000 f17:0x4f7992d5 f22=0x00000000
     311885.000 ns	     31187	80006818	217101d3	fsgnj.s	f3,f2,f23	  f2:0x1f6e26aa f23:0x7fc00000  f3=0x1f6e26aa
     311915.000 ns	     31190	8000681c	c00ffdd3	fcvt.w.s	x27,f31	 f31:0x4f000411 x27=0x7fffffff
     311955.000 ns	     31194	80006820	18723453	fdiv.s	f8,f4,f7	  f4:0x7fc00000  f7:0x7fc00000  f8=0x7fc00000
     311975.000 ns	     31196	80006824	01cb9813	slli	x16,x23,0x1c	 x23:0x00000000 x16=0x00000000
     311985.000 ns	     31197	80006828	4127deb3	sra	x29,x15,x18	 x15:0x00000000 x18:0x80040fe4 x29=0x00000000
     311995.000 ns	     31198	8000682c	00000013	addi	x0,x0,0	  x0:0x00000000
     312015.000 ns	     31200	80006830	20e614d3	fsgnjn.s	f9,f12,f14	 f12:0x7f800000 f14:0x7fc00000  f9=0xff800000
     312035.000 ns	     31202	80006834	008475b7	lui	x11,0x847	 x11=0x00847000
     312045.000 ns	     31203	80006838	004ad733	srl	x14,x21,x4	 x21:0xffffffff  x4:0x00000200 x14=0xffffffff
     312075.000 ns	     31206	8000683c	5809f253	fsqrt.s	f4,f19	 f19:0x00000000  f4=0x00000000
     312095.000 ns	     31208	80006840	2e6c6593	ori	x11,x24,742	 x24:0x00000000 x11=0x000002e6
     312115.000 ns	     31210	80006844	28d28653	fmin.s	f12,f5,f13	  f5:0x7fc00000 f13:0x00000000 f12=0x00000000
     312145.000 ns	     31213	80006848	f0028353	fmv.w.x	f6,x5	  x5:0xda020c00  f6=0xda020c00
     312165.000 ns	     31215	8000684c	11304813	xori	x16,x0,275	  x0:0x00000000 x16=0x00000113
     312185.000 ns	     31217	80006850	2116a9d3	fsgnjx.s	f19,f13,f17	 f13:0x00000000 f17:0x4f7992d5 f19=0x00000000
     312215.000 ns	     31220	80006854	0292a133	mulhsu	x2,x5,x9	  x5:0xda020c00  x9:0x00000000  x2=0x00000000
     312585.000 ns	     31257	80006858	03a8f433	remu	x8,x17,x26	 x17:0x00000000 x26:0xfffffbe9  x8=0x00000000
     312955.000 ns	     31294	8000685c	02bfda33	divu	x20,x31,x11	 x31:0x25fdf400 x11:0x000002e6 x20=0x000d1b95
     312985.000 ns	     31297	80006860	a128a653	feq.s	x12,f17,f18	 f17:0x4f7992d5 f18:0xcefff7e0 x12=0x00000000
     313005.000 ns	     31299	80006864	0e76ae13	slti	x28,x13,231	 x13:0xffffffff x28=0x00000001
     313035.000 ns	     31302	80006868	18b03153	fdiv.s	f2,f0,f11	  f0:0x4f7fffff f11:0x7fc00000  f2=0x7fc00000
     313075.000 ns	     31306	8000686c	5804a4d3	fsqrt.s	f9,f9	  f9:0xff800000  f9=0x7fc00000
     313125.000 ns	     31311	80006870	08680ad3	fsub.s	f21,f16,f6	 f16:0x7fc00000  f6:0xda020c00 f21=0x7fc00000
     313145.000 ns	     31313	80006874	d4c9a1b7	lui	x3,0xd4c9a	  x3=0xd4c9a000
     313165.000 ns	     31315	80006878	29099ed3	fmax.s	f29,f19,f16	 f19:0x00000000 f16:0x7fc00000 f29=0x00000000
     313185.000 ns	     31317	8000687c	01d0fc33	and	x24,x1,x29	  x1:0xffffffff x29:0x00000000 x24=0x00000000
     313195.000 ns	     31318	80006880	00476ab3	or	x21,x14,x4	 x14:0xffffffff  x4:0x00000200 x21=0xffffffff
     313215.000 ns	     31320	80006884	c0127153	fcvt.wu.s	x2,f4	  f4:0x00000000  x2=0x00000000
     313245.000 ns	     31323	80006888	02819ab3	mulh	x21,x3,x8	  x3:0xd4c9a000  x8:0x00000000 x21=0x00000000
     313265.000 ns	     31325	8000688c	01ddd9b3	srl	x19,x27,x29	 x27:0x7fffffff x29:0x00000000 x19=0x7fffffff
     313285.000 ns	     31327	80006890	f0020853	fmv.w.x	f16,x4	  x4:0x00000200 f16=0x00000200
     313305.000 ns	     31329	80006894	70440c93	addi	x25,x8,1796	  x8:0x00000000 x25=0x00000704
     313315.000 ns	     31330	80006898	00b59bb3	sll	x23,x11,x11	 x11:0x000002e6 x11:0x000002e6 x23=0x0000b980
     313325.000 ns	     31331	8000689c	acbd7413	andi	x8,x26,-1333	 x26:0xfffffbe9  x8=0xfffffac9
     313335.000 ns	     31332	800068a0	01677a33	and	x20,x14,x22	 x14:0xffffffff x22:0xfffffbd4 x20=0xfffffbd4
     313355.000 ns	     31334	800068a4	e00b05d3	fmv.x.w	x11,f22	 f22:0x00000000 x11=0x00000000
     313375.000 ns	     31336	800068a8	b6c92e93	slti	x29,x18,-1172	 x18:0x80040fe4 x29=0x00000001
     313395.000 ns	     31338	800068ac	035ccbb3	div	x23,x25,x21	 x25:0x00000704 x21:0x00000000 x23=0xffffffff
     313415.000 ns	     31340	800068b0	41ff5233	sra	x4,x30,x31	 x30:0xec5313c0 x31:0x25fdf400  x4=0xec5313c0
     313435.000 ns	     31342	800068b4	f00104d3	fmv.w.x	f9,x2	  x2:0x00000000  f9=0x00000000
     313465.000 ns	     31345	800068b8	023115b3	mulh	x11,x2,x3	  x2:0x00000000  x3:0xd4c9a000 x11=0x00000000
     313495.000 ns	     31348	800068bc	d01a9fd3	fcvt.s.wu	f31,x21	 x21:0x00000000 f31=0x00000000
     313525.000 ns	     31351	800068c0	027a8cb3	mul	x25,x21,x7	 x21:0x00000000  x7:0x00000000 x25=0x00000000
     313555.000 ns	     31354	800068c4	e0061053	fclass.s	x0,f12	 f12:0x00000000
     313575.000 ns	     31356	800068c8	eb7eb813	sltiu	x16,x29,-329	 x29:0x00000001 x16=0x00000001
     313585.000 ns	     31357	800068cc	01e18cb3	add	x25,x3,x30	  x3:0xd4c9a000 x30:0xec5313c0 x25=0xc11cb3c0
     313615.000 ns	     31360	800068d0	1824f353	fdiv.s	f6,f9,f2	  f9:0x00000000  f2:0x7fc00000  f6=0x7fc00000
     313635.000 ns	     31362	800068d4	1d02a613	slti	x12,x5,464	  x5:0xda020c00 x12=0x00000001
     313655.000 ns	     31364	800068d8	287f14d3	fmax.s	f9,f30,f7	 f30:0xcd7fffdf  f7:0x7fc00000  f9=0xcd7fffdf
     313685.000 ns	     31367	800068dc	e00f0453	fmv.x.w	x8,f30	 f30:0xcd7fffdf  x8=0xcd7fffdf
     313705.000 ns	     31369	800068e0	69373897	auipc	x17,0x69373	 x17=0xe93798e0
     313715.000 ns	     31370	800068e4	014357b3	srl	x15,x6,x20	  x6:0x80041024 x20:0xfffffbd4 x15=0x00000800
     313725.000 ns	     31371	800068e8	00d51533	sll	x10,x10,x13	 x10:0xfffff871 x13:0xffffffff x10=0x80000000
     313765.000 ns	     31375	800068ec	08d39953	fsub.s	f18,f7,f13	  f7:0x7fc00000 f13:0x00000000 f18=0x7fc00000
     313785.000 ns	     31377	800068f0	c2d27613	andi	x12,x4,-979	  x4:0xec5313c0 x12=0xec531000
     313795.000 ns	     31378	800068f4	43644c13	xori	x24,x8,1078	  x8:0xcd7fffdf x24=0xcd7ffbe9
     313805.000 ns	     31379	800068f8	41535093	srai	x1,x6,0x15	  x6:0x80041024  x1=0xfffffc00
     313825.000 ns	     31381	800068fc	03418533	mul	x10,x3,x20	  x3:0xd4c9a000 x20:0xfffffbd4 x10=0x46d88000
     313845.000 ns	     31383	80006900	1bd8a193	slti	x3,x17,445	 x17:0xe93798e0  x3=0x00000001
     313865.000 ns	     31385	80006904	03dd3e33	mulhu	x28,x26,x29	 x26:0xfffffbe9 x29:0x00000001 x28=0x00000000
     313905.000 ns	     31389	80006908	19729153	fdiv.s	f2,f5,f23	  f5:0x7fc00000 f23:0x7fc00000  f2=0x7fc00000
     313945.000 ns	     31393	8000690c	1931ced3	fdiv.s	f29,f3,f19	  f3:0x1f6e26aa f19:0x00000000 f29=0x7f800000
     313965.000 ns	     31395	80006910	01c98133	add	x2,x19,x28	 x19:0x7fffffff x28:0x00000000  x2=0x7fffffff
     313975.000 ns	     31396	80006914	00a8fdb3	and	x27,x17,x10	 x17:0xe93798e0 x10:0x46d88000 x27=0x40108000
     314015.000 ns	     31400	80006918	087ffb53	fsub.s	f22,f31,f7	 f31:0x00000000  f7:0x7fc00000 f22=0x7fc00000
     314045.000 ns	     31403	8000691c	03579533	mulh	x10,x15,x21	 x15:0x00000800 x21:0x00000000 x10=0x00000000
     314065.000 ns	     31405	80006920	40b25fb3	sra	x31,x4,x11	  x4:0xec5313c0 x11:0x00000000 x31=0xec5313c0
     314085.000 ns	     31407	80006924	e0061b53	fclass.s	x22,f12	 f12:0x00000000 x22=0x00000010
     314135.000 ns	     31412	80006928	09c9a2d3	fsub.s	f5,f19,f28	 f19:0x00000000 f28:0x00000000  f5=0x80000000
     314155.000 ns	     31414	8000692c	0135de93	srli	x29,x11,0x13	 x11:0x00000000 x29=0x00000000
     314515.000 ns	     31450	80006930	026475b3	remu	x11,x8,x6	  x8:0xcd7fffdf  x6:0x80041024 x11=0x4d7befbb
     314535.000 ns	     31452	80006934	f49d8cb7	lui	x25,0xf49d8	 x25=0xf49d8000
     314545.000 ns	     31453	80006938	497be797	auipc	x15,0x497be	 x15=0xc97c4938
     314565.000 ns	     31455	8000693c	28101dd3	fmax.s	f27,f0,f1	  f0:0x4f7fffff  f1:0x80000000 f27=0x4f7fffff
     314935.000 ns	     31492	80006940	028de533	rem	x10,x27,x8	 x27:0x40108000  x8:0xcd7fffdf x10=0x0d907fdf
     314955.000 ns	     31494	80006944	00a59d93	slli	x27,x11,0xa	 x11:0x4d7befbb x27=0xefbeec00
     314965.000 ns	     31495	80006948	010ae8b3	or	x17,x21,x16	 x21:0x00000000 x16:0x00000001 x17=0x00000001
     315325.000 ns	     31531	8000694c	036270b3	remu	x1,x4,x22	  x4:0xec5313c0 x22:0x00000010  x1=0x00000000
     315355.000 ns	     31534	80006950	e00f1853	fclass.s	x16,f30	 f30:0xcd7fffdf x16=0x00000002
     315375.000 ns	     31536	80006954	0164deb3	srl	x29,x9,x22	  x9:0x00000000 x22:0x00000010 x29=0x00000000
     315385.000 ns	     31537	80006958	41965cb3	sra	x25,x12,x25	 x12:0xec531000 x25:0xf49d8000 x25=0xec531000
     315395.000 ns	     31538	8000695c	01251733	sll	x14,x10,x18	 x10:0x0d907fdf x18:0x80040fe4 x14=0xd907fdf0
     315415.000 ns	     31540	80006960	020fbcb3	mulhu	x25,x31,x0	 x31:0xec5313c0  x0:0x00000000 x25=0x00000000
     315465.000 ns	     31545	80006964	01782453	fadd.s	f8,f16,f23	 f16:0x00000200 f23:0x7fc00000  f8=0x7fc00000
     315495.000 ns	     31548	80006968	021f1d33	mulh	x26,x30,x1	 x30:0xec5313c0  x1:0x00000000 x26=0x00000000
     315515.000 ns	     31550	8000696c	b3fc6693	ori	x13,x24,-1217	 x24:0xcd7ffbe9 x13=0xfffffbff
     315525.000 ns	     31551	80006970	ea83be13	sltiu	x28,x7,-344	  x7:0x00000000 x28=0x00000001
     315535.000 ns	     31552	80006974	00f36ab3	or	x21,x6,x15	  x6:0x80041024 x15:0xc97c4938 x21=0xc97c593c
     315555.000 ns	     31554	80006978	21639c53	fsgnjn.s	f24,f7,f22	  f7:0x7fc00000 f22:0x7fc00000 f24=0xffc00000
     315585.000 ns	     31557	8000697c	c01a07d3	fcvt.wu.s	x15,f20	 f20:0x7fc00000 x15=0xffffffff
     315615.000 ns	     31560	80006980	a0980053	fle.s	x0,f16,f9	 f16:0x00000200  f9:0xcd7fffdf
     315635.000 ns	     31562	80006984	0186f133	and	x2,x13,x24	 x13:0xfffffbff x24:0xcd7ffbe9  x2=0xcd7ffbe9
     315655.000 ns	     31564	80006988	a0361fd3	flt.s	x31,f12,f3	 f12:0x00000000  f3:0x1f6e26aa x31=0x00000001
     315685.000 ns	     31567	8000698c	e0091853	fclass.s	x16,f18	 f18:0x7fc00000 x16=0x00000200
     315715.000 ns	     31570	80006990	a036a1d3	feq.s	x3,f13,f3	 f13:0x00000000  f3:0x1f6e26aa  x3=0x00000000
     315735.000 ns	     31572	80006994	40bf5833	sra	x16,x30,x11	 x30:0xec5313c0 x11:0x4d7befbb x16=0xfffffffd
     315755.000 ns	     31574	80006998	d0157e53	fcvt.s.wu	f28,x10	 x10:0x0d907fdf f28=0x4d5907fd
     315785.000 ns	     31577	8000699c	28560ed3	fmin.s	f29,f12,f5	 f12:0x00000000  f5:0x80000000 f29=0x80000000
     315815.000 ns	     31580	800069a0	f00c8ed3	fmv.w.x	f29,x25	 x25:0x00000000 f29=0x00000000
     315835.000 ns	     31582	800069a4	00000013	addi	x0,x0,0	  x0:0x00000000
     315855.000 ns	     31584	800069a8	a17309d3	fle.s	x19,f6,f23	  f6:0x7fc00000 f23:0x7fc00000 x19=0x00000000
     315875.000 ns	     31586	800069ac	aa3e7993	andi	x19,x28,-1373	 x28:0x00000001 x19=0x00000001
     315885.000 ns	     31587	800069b0	ec312693	slti	x13,x2,-317	  x2:0xcd7ffbe9 x13=0x00000001
     316245.000 ns	     31623	800069b4	034bfcb3	remu	x25,x23,x20	 x23:0xffffffff x20:0xfffffbd4 x25=0x0000042b
     316275.000 ns	     31626	800069b8	03d21233	mulh	x4,x4,x29	  x4:0xec5313c0 x29:0x00000000  x4=0x00000000
     316305.000 ns	     31629	800069bc	a18d18d3	flt.s	x17,f26,f24	 f26:0x4d7fffdf f24:0xffc00000 x17=0x00000000
     316325.000 ns	     31631	800069c0	412404b3	sub	x9,x8,x18	  x8:0xcd7fffdf x18:0x80040fe4  x9=0x4d7beffb
     316345.000 ns	     31633	800069c4	29231ed3	fmax.s	f29,f6,f18	  f6:0x7fc00000 f18:0x7fc00000 f29=0x7fc00000
     316365.000 ns	     31635	800069c8	01e510b3	sll	x1,x10,x30	 x10:0x0d907fdf x30:0xec5313c0  x1=0x0d907fdf
     316375.000 ns	     31636	800069cc	401d5ab3	sra	x21,x26,x1	 x26:0x00000000  x1:0x00000000 x21=0x00000000
     316385.000 ns	     31637	800069d0	40b6dcb3	sra	x25,x13,x11	 x13:0x00000001 x11:0x4d7befbb x25=0x00000000
     316395.000 ns	     31638	800069d4	013e1713	slli	x14,x28,0x13	 x28:0x00000001 x14=0x00080000
     316405.000 ns	     31639	800069d8	857aa493	slti	x9,x21,-1961	 x21:0x00000000  x9=0x00000000
     316415.000 ns	     31640	800069dc	bb8be513	ori	x10,x23,-1096	 x23:0xffffffff x10=0xffffffff
     316425.000 ns	     31641	800069e0	00145db3	srl	x27,x8,x1	  x8:0xcd7fffdf  x1:0x0d907fdf x27=0x00000001
     316445.000 ns	     31643	800069e4	e0051d53	fclass.s	x26,f10	 f10:0x00000000 x26=0x00000010
     316465.000 ns	     31645	800069e8	01075393	srli	x7,x14,0x10	 x14:0x00080000  x7=0x00000008
     316475.000 ns	     31646	800069ec	01141813	slli	x16,x8,0x11	  x8:0xcd7fffdf x16=0xffbe0000
     316485.000 ns	     31647	800069f0	004d1813	slli	x16,x26,0x4	 x26:0x00000010 x16=0x00000100
     316505.000 ns	     31649	800069f4	21cc9a53	fsgnjn.s	f20,f25,f28	 f25:0x7fc00000 f28:0x4d5907fd f20=0xffc00000
     316525.000 ns	     31651	800069f8	a18f2e13	slti	x28,x30,-1512	 x30:0xec5313c0 x28=0x00000001
     316535.000 ns	     31652	800069fc	5ce18693	addi	x13,x3,1486	  x3:0x00000000 x13=0x000005ce
     316895.000 ns	     31688	80006a00	032467b3	rem	x15,x8,x18	  x8:0xcd7fffdf x18:0x80040fe4 x15=0xcd7fffdf
     317265.000 ns	     31725	80006a04	03b65d33	divu	x26,x12,x27	 x12:0xec531000 x27:0x00000001 x26=0xec531000
     317285.000 ns	     31727	80006a08	ae582993	slti	x19,x16,-1307	 x16:0x00000100 x19=0x00000000
     317295.000 ns	     31728	80006a0c	005237b3	sltu	x15,x4,x5	  x4:0x00000000  x5:0xda020c00 x15=0x00000001
     317315.000 ns	     31730	80006a10	e0091a53	fclass.s	x20,f18	 f18:0x7fc00000 x20=0x00000200
     317345.000 ns	     31733	80006a14	a04b8dd3	fle.s	x27,f23,f4	 f23:0x7fc00000  f4:0x00000000 x27=0x00000000
     317365.000 ns	     31735	80006a18	0188b233	sltu	x4,x17,x24	 x17:0x00000000 x24:0xcd7ffbe9  x4=0x00000001
     317375.000 ns	     31736	80006a1c	40c45d93	srai	x27,x8,0xc	  x8:0xcd7fffdf x27=0xfffcd7ff
     317385.000 ns	     31737	80006a20	9db57793	andi	x15,x10,-1573	 x10:0xffffffff x15=0xfffff9db
     317405.000 ns	     31739	80006a24	e00f1ed3	fclass.s	x29,f30	 f30:0xcd7fffdf x29=0x00000002
     317435.000 ns	     31742	80006a28	d0023fd3	fcvt.s.w	f31,x4	  x4:0x00000001 f31=0x3f800000
     317465.000 ns	     31745	80006a2c	033801b3	mul	x3,x16,x19	 x16:0x00000100 x19:0x00000000  x3=0x00000000
     317515.000 ns	     31750	80006a30	010d7dd3	fadd.s	f27,f26,f16	 f26:0x4d7fffdf f16:0x00000200 f27=0x4d7fffdf
     317545.000 ns	     31753	80006a34	f0068dd3	fmv.w.x	f27,x13	 x13:0x000005ce f27=0x000005ce
     317575.000 ns	     31756	80006a38	20bb8ed3	fsgnj.s	f29,f23,f11	 f23:0x7fc00000 f11:0x7fc00000 f29=0x7fc00000
     317605.000 ns	     31759	80006a3c	02dfacb3	mulhsu	x25,x31,x13	 x31:0x00000001 x13:0x000005ce x25=0x00000000
     317625.000 ns	     31761	80006a40	00e75433	srl	x8,x14,x14	 x14:0x00080000 x14:0x00080000  x8=0x00080000
     317635.000 ns	     31762	80006a44	0017f6b3	and	x13,x15,x1	 x15:0xfffff9db  x1:0x0d907fdf x13=0x0d9079db
     317645.000 ns	     31763	80006a48	30426397	auipc	x7,0x30426	  x7=0xb042ca48
     317655.000 ns	     31764	80006a4c	01dcd093	srli	x1,x25,0x1d	 x25:0x00000000  x1=0x00000000
     317675.000 ns	     31766	80006a50	d00efad3	fcvt.s.w	f21,x29	 x29:0x00000002 f21=0x40000000
     317695.000 ns	     31768	80006a54	00e898b3	sll	x17,x17,x14	 x17:0x00000000 x14:0x00080000 x17=0x00000000
     317705.000 ns	     31769	80006a58	006c9b33	sll	x22,x25,x6	 x25:0x00000000  x6:0x80041024 x22=0x00000000
     317725.000 ns	     31771	80006a5c	c010fe53	fcvt.wu.s	x28,f1	  f1:0x80000000 x28=0x00000000
     317745.000 ns	     31773	80006a60	00000013	addi	x0,x0,0	  x0:0x00000000
     317785.000 ns	     31777	80006a64	009a8ad3	fadd.s	f21,f21,f9	 f21:0x40000000  f9:0xcd7fffdf f21=0xcd7fffdf
     317805.000 ns	     31779	80006a68	00528133	add	x2,x5,x5	  x5:0xda020c00  x5:0xda020c00  x2=0xb4041800
     317815.000 ns	     31780	80006a6c	dd9e8d93	addi	x27,x29,-551	 x29:0x00000002 x27=0xfffffddb
     318175.000 ns	     31816	80006a70	03db79b3	remu	x19,x22,x29	 x22:0x00000000 x29:0x00000002 x19=0x00000000
     318195.000 ns	     31818	80006a74	407a5a33	sra	x20,x20,x7	 x20:0x00000200  x7:0xb042ca48 x20=0x00000002
     318555.000 ns	     31854	80006a78	02f04fb3	div	x31,x0,x15	  x0:0x00000000 x15:0xfffff9db x31=0x00000000
     318595.000 ns	     31858	80006a7c	58057753	fsqrt.s	f14,f10	 f10:0x00000000 f14=0x00000000
     318615.000 ns	     31860	80006a80	01a3a2b3	slt	x5,x7,x26	  x7:0xb042ca48 x26:0xec531000  x5=0x00000001
     318635.000 ns	     31862	80006a84	e0060853	fmv.x.w	x16,f12	 f12:0x00000000 x16=0x00000000
     318655.000 ns	     31864	80006a88	00426cb3	or	x25,x4,x4	  x4:0x00000001  x4:0x00000001 x25=0x00000001
     318665.000 ns	     31865	80006a8c	0063d213	srli	x4,x7,0x6	  x7:0xb042ca48  x4=0x02c10b29
     318685.000 ns	     31867	80006a90	a007a553	feq.s	x10,f15,f0	 f15:0x7fc00000  f0:0x4f7fffff x10=0x00000000
     318705.000 ns	     31869	80006a94	01aa9c33	sll	x24,x21,x26	 x21:0x00000000 x26:0xec531000 x24=0x00000000
     318715.000 ns	     31870	80006a98	00000013	addi	x0,x0,0	  x0:0x00000000
     318735.000 ns	     31872	80006a9c	031c22b3	mulhsu	x5,x24,x17	 x24:0xcd7ffbe9 x17:0x00000000  x5=0x00000000
     318755.000 ns	     31874	80006aa0	417080b3	sub	x1,x1,x23	  x1:0x00000000 x23:0xffffffff  x1=0x00000001
     318765.000 ns	     31875	80006aa4	40e9d813	srai	x16,x19,0xe	 x19:0x00000000 x16=0x00000000
     318775.000 ns	     31876	80006aa8	00000013	addi	x0,x0,0	  x0:0x00000000
     318785.000 ns	     31877	80006aac	0098dc93	srli	x25,x17,0x9	 x17:0x00000000 x25=0x00000000
     319145.000 ns	     31913	80006ab0	02d54eb3	div	x29,x10,x13	 x10:0x00000000 x13:0x0d9079db x29=0x00000000
     319165.000 ns	     31915	80006ab4	40007593	andi	x11,x0,1024	  x0:0x00000000 x11=0x00000000
     319185.000 ns	     31917	80006ab8	c00ab4d3	fcvt.w.s	x9,f21	 f21:0xcd7fffdf  x9=0xf0000210
     319205.000 ns	     31919	80006abc	25eb6793	ori	x15,x22,606	 x22:0x00000000 x15=0x0000025e
     319215.000 ns	     31920	80006ac0	00abf033	and	x0,x23,x10	 x23:0xffffffff x10:0x00000000
     319235.000 ns	     31922	80006ac4	e0000a53	fmv.x.w	x20,f0	  f0:0x4f7fffff x20=0x4f7fffff
     319255.000 ns	     31924	80006ac8	f7d12a13	slti	x20,x2,-131	  x2:0xb4041800 x20=0x00000001
     319275.000 ns	     31926	80006acc	a1949553	flt.s	x10,f9,f25	  f9:0xcd7fffdf f25:0x7fc00000 x10=0x00000000
     319305.000 ns	     31929	80006ad0	f00d8853	fmv.w.x	f16,x27	 x27:0xfffffddb f16=0xfffffddb
     319335.000 ns	     31932	80006ad4	02aa86b3	mul	x13,x21,x10	 x21:0x00000000 x10:0x00000000 x13=0x00000000
     319365.000 ns	     31935	80006ad8	f00b0353	fmv.w.x	f6,x22	 x22:0x00000000  f6=0x00000000
     319385.000 ns	     31937	80006adc	00a506b3	add	x13,x10,x10	 x10:0x00000000 x10:0x00000000 x13=0x00000000
     319405.000 ns	     31939	80006ae0	296318d3	fmax.s	f17,f6,f22	  f6:0x00000000 f22:0x7fc00000 f17=0x00000000
     319435.000 ns	     31942	80006ae4	e0071053	fclass.s	x0,f14	 f14:0x00000000
     319465.000 ns	     31945	80006ae8	021db9b3	mulhu	x19,x27,x1	 x27:0xfffffddb  x1:0x00000001 x19=0x00000000
     319495.000 ns	     31948	80006aec	03f601b3	mul	x3,x12,x31	 x12:0xec531000 x31:0x00000000  x3=0x00000000
     319525.000 ns	     31951	80006af0	f0048053	fmv.w.x	f0,x9	  x9:0xf0000210  f0=0xf0000210
     319565.000 ns	     31955	80006af4	1048a6d3	fmul.s	f13,f17,f4	 f17:0x00000000  f4:0x00000000 f13=0x00000000
     319595.000 ns	     31958	80006af8	d0144fd3	fcvt.s.wu	f31,x8	  x8:0x00080000 f31=0x49000000
     319625.000 ns	     31961	80006afc	f0038b53	fmv.w.x	f22,x7	  x7:0xb042ca48 f22=0xb042ca48
     319655.000 ns	     31964	80006b00	0387fd33	remu	x26,x15,x24	 x15:0x0000025e x24:0x00000000 x26=0x0000025e
     319675.000 ns	     31966	80006b04	5f1d2b13	slti	x22,x26,1521	 x26:0xec531000 x22=0x00000001
     319685.000 ns	     31967	80006b08	01721f93	slli	x31,x4,0x17	  x4:0x02c10b29 x31=0x94800000
     319695.000 ns	     31968	80006b0c	00bb9433	sll	x8,x23,x11	 x23:0xffffffff x11:0x00000000  x8=0xffffffff
     319735.000 ns	     31972	80006b10	09b7fed3	fsub.s	f29,f15,f27	 f15:0x7fc00000 f27:0x000005ce f29=0x7fc00000
     319755.000 ns	     31974	80006b14	01f13c93	sltiu	x25,x2,31	  x2:0xb4041800 x25=0x00000000
     319775.000 ns	     31976	80006b18	c01da7d3	fcvt.wu.s	x15,f27	 f27:0x000005ce x15=0x00000000
     319795.000 ns	     31978	80006b1c	007db4b3	sltu	x9,x27,x7	 x27:0xfffffddb  x7:0xb042ca48  x9=0x00000000
     319815.000 ns	     31980	80006b20	020140b3	div	x1,x2,x0	  x2:0xb4041800  x0:0x00000000  x1=0xffffffff
     319835.000 ns	     31982	80006b24	00000013	addi	x0,x0,0	  x0:0x00000000
     319855.000 ns	     31984	80006b28	03df7033	remu	x0,x30,x29	 x30:0xec5313c0 x29:0x00000000
     319875.000 ns	     31986	80006b2c	414a8633	sub	x12,x21,x20	 x21:0x00000000 x20:0x00000001 x12=0xffffffff
     319895.000 ns	     31988	80006b30	0264bab3	mulhu	x21,x9,x6	  x9:0x00000000  x6:0x80041024 x21=0x00000000
     319925.000 ns	     31991	80006b34	03768433	mul	x8,x13,x23	 x13:0x00000000 x23:0xffffffff  x8=0x00000000
     319955.000 ns	     31994	80006b38	e0090cd3	fmv.x.w	x25,f18	 f18:0x7fc00000 x25=0x7fc00000
     319985.000 ns	     31997	80006b3c	02d18133	mul	x2,x3,x13	  x3:0x00000000 x13:0x00000000  x2=0x00000000
     320005.000 ns	     31999	80006b40	012d7633	and	x12,x26,x18	 x26:0x0000025e x18:0x80040fe4 x12=0x00000244
     320025.000 ns	     32001	80006b44	c00f92d3	fcvt.w.s	x5,f31	 f31:0x49000000  x5=0x00080000
     320055.000 ns	     32004	80006b48	a0618bd3	fle.s	x23,f3,f6	  f3:0x1f6e26aa  f6:0x00000000 x23=0x00000000
     320075.000 ns	     32006	80006b4c	00ace733	or	x14,x25,x10	 x25:0x7fc00000 x10:0x00000000 x14=0x7fc00000
     320095.000 ns	     32008	80006b50	03bf2233	mulhsu	x4,x30,x27	 x30:0xec5313c0 x27:0xfffffddb  x4=0xec5313ea
     320135.000 ns	     32012	80006b54	580a7d53	fsqrt.s	f26,f20	 f20:0xffc00000 f26=0x7fc00000
     320155.000 ns	     32014	80006b58	ac638997	auipc	x19,0xac638	 x19=0x2c63eb58
     320195.000 ns	     32018	80006b5c	00872353	fadd.s	f6,f14,f8	 f14:0x00000000  f8:0x7fc00000  f6=0x7fc00000
     320215.000 ns	     32020	80006b60	01e04033	xor	x0,x0,x30	  x0:0x00000000 x30:0xec5313c0
     320235.000 ns	     32022	80006b64	027db6b3	mulhu	x13,x27,x7	 x27:0xfffffddb  x7:0xb042ca48 x13=0xb042c8ce
     320275.000 ns	     32026	80006b68	10c9fcd3	fmul.s	f25,f19,f12	 f19:0x00000000 f12:0x00000000 f25=0x00000000
     320305.000 ns	     32029	80006b6c	280d0d53	fmin.s	f26,f26,f0	 f26:0x7fc00000  f0:0xf0000210 f26=0xf0000210
     320325.000 ns	     32031	80006b70	fb7faa93	slti	x21,x31,-73	 x31:0x94800000 x21=0x00000001
     320335.000 ns	     32032	80006b74	00501493	slli	x9,x0,0x5	  x0:0x00000000  x9=0x00000000
     320365.000 ns	     32035	80006b78	195c7053	fdiv.s	f0,f24,f21	 f24:0xffc00000 f21:0xcd7fffdf  f0=0x7fc00000
     320395.000 ns	     32038	80006b7c	d016f4d3	fcvt.s.wu	f9,x13	 x13:0xb042c8ce  f9=0x4f3042c8
     320415.000 ns	     32040	80006b80	0da26513	ori	x10,x4,218	  x4:0xec5313ea x10=0xec5313fa
     320425.000 ns	     32041	80006b84	013506b3	add	x13,x10,x19	 x10:0x00000000 x19:0x2c63eb58 x13=0x18b6ff52
     320435.000 ns	     32042	80006b88	01b95d13	srli	x26,x18,0x1b	 x18:0x80040fe4 x26=0x00000010
     320455.000 ns	     32044	80006b8c	022a0833	mul	x16,x20,x2	 x20:0x00000001  x2:0x00000000 x16=0x00000000
     320475.000 ns	     32046	80006b90	00697513	andi	x10,x18,6	 x18:0x80040fe4 x10=0x00000004
     320495.000 ns	     32048	80006b94	29a11153	fmax.s	f2,f2,f26	  f2:0x7fc00000 f26:0xf0000210  f2=0xf0000210
     320515.000 ns	     32050	80006b98	3f8584b7	lui	x9,0x3f858	  x9=0x3f858000
     320525.000 ns	     32051	80006b9c	00c1deb3	srl	x29,x3,x12	  x3:0x00000000 x12:0x00000244 x29=0x00000000
     320545.000 ns	     32053	80006ba0	283f8153	fmin.s	f2,f31,f3	 f31:0x49000000  f3:0x1f6e26aa  f2=0x1f6e26aa
     320575.000 ns	     32056	80006ba4	034ab233	mulhu	x4,x21,x20	 x21:0x00000001 x20:0x00000001  x4=0x00000000
     320595.000 ns	     32058	80006ba8	017a4cb3	xor	x25,x20,x23	 x20:0x00000001 x23:0x00000000 x25=0x00000001
     320615.000 ns	     32060	80006bac	c00d7753	fcvt.w.s	x14,f26	 f26:0xf0000210 x14=0x80000000
     320645.000 ns	     32063	80006bb0	20818553	fsgnj.s	f10,f3,f8	  f3:0x1f6e26aa  f8:0x7fc00000 f10=0x1f6e26aa
     320685.000 ns	     32067	80006bb4	103fc8d3	fmul.s	f17,f31,f3	 f31:0x49000000  f3:0x1f6e26aa f17=0x28ee26aa
     320715.000 ns	     32070	80006bb8	200b1e53	fsgnjn.s	f28,f22,f0	 f22:0xb042ca48  f0:0x7fc00000 f28=0xb042ca48
     320735.000 ns	     32072	80006bbc	4ee49e97	auipc	x29,0x4ee49	 x29=0xcee4fbbc
     320745.000 ns	     32073	80006bc0	383ca093	slti	x1,x25,899	 x25:0x00000001  x1=0x00000001
     320755.000 ns	     32074	80006bc4	019b2fb3	slt	x31,x22,x25	 x22:0x00000001 x25:0x00000001 x31=0x00000000
     320765.000 ns	     32075	80006bc8	c4f73793	sltiu	x15,x14,-945	 x14:0x80000000 x15=0x00000001
     320775.000 ns	     32076	80006bcc	72abc193	xori	x3,x23,1834	 x23:0x00000000  x3=0x0000072a
     320795.000 ns	     32078	80006bd0	a144a053	feq.s	x0,f9,f20	  f9:0x4f3042c8 f20:0xffc00000
     320815.000 ns	     32080	80006bd4	0050c8b3	xor	x17,x1,x5	  x1:0x00000001  x5:0x00080000 x17=0x00080001
     320835.000 ns	     32082	80006bd8	a15b2253	feq.s	x4,f22,f21	 f22:0xb042ca48 f21:0xcd7fffdf  x4=0x00000000
     320855.000 ns	     32084	80006bdc	7354eb13	ori	x22,x9,1845	  x9:0x3f858000 x22=0x3f858735
     320875.000 ns	     32086	80006be0	03df1533	mulh	x10,x30,x29	 x30:0xec5313c0 x29:0xcee4fbbc x10=0x03c62cc9
     320895.000 ns	     32088	80006be4	5d13b713	sltiu	x14,x7,1489	  x7:0xb042ca48 x14=0x00000000
     320915.000 ns	     32090	80006be8	a00c07d3	fle.s	x15,f24,f0	 f24:0xffc00000  f0:0x7fc00000 x15=0x00000000
     320935.000 ns	     32092	80006bec	00000013	addi	x0,x0,0	  x0:0x00000000
     320975.000 ns	     32096	80006bf0	014c7953	fadd.s	f18,f24,f20	 f24:0xffc00000 f20:0xffc00000 f18=0x7fc00000
     322155.000 ns	     32214	80006bf4	580faf53	fsqrt.s	f30,f31	 f31:0x49000000 f30=0x43b50482
     322185.000 ns	     32217	80006bf8	c01517d3	fcvt.wu.s	x15,f10	 f10:0x1f6e26aa x15=0x00000000
     322215.000 ns	     32220	80006bfc	a17499d3	flt.s	x19,f9,f23	  f9:0x4f3042c8 f23:0x7fc00000 x19=0x00000000
     322235.000 ns	     32222	80006c00	004083b3	add	x7,x1,x4	  x1:0x00000001  x4:0x00000000  x7=0x00000001
     322245.000 ns	     32223	80006c04	00b237b3	sltu	x15,x4,x11	  x4:0x00000000 x11:0x00000000 x15=0x00000000
     322255.000 ns	     32224	80006c08	e0168493	addi	x9,x13,-511	 x13:0x18b6ff52  x9=0x18b6fd53
     322265.000 ns	     32225	80006c0c	010b74b3	and	x9,x22,x16	 x22:0x3f858735 x16:0x00000000  x9=0x00000000
     322295.000 ns	     32228	80006c10	1015a4d3	fmul.s	f9,f11,f1	 f11:0x7fc00000  f1:0x80000000  f9=0x7fc00000
     322315.000 ns	     32230	80006c14	0025cfb3	xor	x31,x11,x2	 x11:0x00000000  x2:0x00000000 x31=0x00000000
     322345.000 ns	     32233	80006c18	181f7d53	fdiv.s	f26,f30,f1	 f30:0x43b50482  f1:0x80000000 f26=0xff800000
     322365.000 ns	     32235	80006c1c	37da7293	andi	x5,x20,893	 x20:0x00000001  x5=0x00000001
     322375.000 ns	     32236	80006c20	61cacc93	xori	x25,x21,1564	 x21:0x00000001 x25=0x0000061d
     322385.000 ns	     32237	80006c24	0053c733	xor	x14,x7,x5	  x7:0x00000001  x5:0x00080000 x14=0x00000000
     322405.000 ns	     32239	80006c28	e0091c53	fclass.s	x24,f18	 f18:0x7fc00000 x24=0x00000200
     322425.000 ns	     32241	80006c2c	01b9a0b3	slt	x1,x19,x27	 x19:0x00000000 x27:0xfffffddb  x1=0x00000000
     322465.000 ns	     32245	80006c30	095db1d3	fsub.s	f3,f27,f21	 f27:0x000005ce f21:0xcd7fffdf  f3=0x4d7fffdf
     322515.000 ns	     32250	80006c34	01577753	fadd.s	f14,f14,f21	 f14:0x00000000 f21:0xcd7fffdf f14=0xcd7fffdf
     322555.000 ns	     32254	80006c38	1872f353	fdiv.s	f6,f5,f7	  f5:0x80000000  f7:0x7fc00000  f6=0x7fc00000
     322575.000 ns	     32256	80006c3c	f46e4097	auipc	x1,0xf46e4	  x1=0x746eac3c
     322585.000 ns	     32257	80006c40	00000013	addi	x0,x0,0	  x0:0x00000000
     322595.000 ns	     32258	80006c44	398ea493	slti	x9,x29,920	 x29:0xcee4fbbc  x9=0x00000001
     322615.000 ns	     32260	80006c48	e00e86d3	fmv.x.w	x13,f29	 f29:0x7fc00000 x13=0x7fc00000
     322665.000 ns	     32265	80006c4c	0063f853	fadd.s	f16,f7,f6	  f7:0x7fc00000  f6:0x7fc00000 f16=0x7fc00000
     322685.000 ns	     32267	80006c50	01d31013	slli	x0,x6,0x1d	  x6:0x80041024
     322695.000 ns	     32268	80006c54	7bd82413	slti	x8,x16,1981	 x16:0x00000000  x8=0x00000001
     322715.000 ns	     32270	80006c58	02101c33	mulh	x24,x0,x1	  x0:0x00000000  x1:0x746eac3c x24=0x00000000
     322745.000 ns	     32273	80006c5c	28d700d3	fmin.s	f1,f14,f13	 f14:0xcd7fffdf f13:0x00000000  f1=0xcd7fffdf
     322765.000 ns	     32275	80006c60	010a8c33	add	x24,x21,x16	 x21:0x00000001 x16:0x00000000 x24=0x00000001
     322785.000 ns	     32277	80006c64	29d600d3	fmin.s	f1,f12,f29	 f12:0x00000000 f29:0x7fc00000  f1=0x00000000
     323965.000 ns	     32395	80006c68	580f31d3	fsqrt.s	f3,f30	 f30:0x43b50482  f3=0x419837af
     323985.000 ns	     32397	80006c6c	00440bb3	add	x23,x8,x4	  x8:0x00000001  x4:0x00000000 x23=0x00000001
     324345.000 ns	     32433	80006c70	0352c5b3	div	x11,x5,x21	  x5:0x00000001 x21:0x00000001 x11=0x00000001
     324365.000 ns	     32435	80006c74	41b985b3	sub	x11,x19,x27	 x19:0x00000000 x27:0xfffffddb x11=0x00000225
     324375.000 ns	     32436	80006c78	01da81b3	add	x3,x21,x29	 x21:0x00000001 x29:0xcee4fbbc  x3=0xcee4fbbd
     324385.000 ns	     32437	80006c7c	39372b13	slti	x22,x14,915	 x14:0x00000000 x22=0x00000001
     324405.000 ns	     32439	80006c80	02b038b3	mulhu	x17,x0,x11	  x0:0x00000000 x11:0x00000225 x17=0x00000000
     324435.000 ns	     32442	80006c84	037eb0b3	mulhu	x1,x29,x23	 x29:0xcee4fbbc x23:0x00000001  x1=0x00000000
     324455.000 ns	     32444	80006c88	00771793	slli	x15,x14,0x7	 x14:0x00000000 x15=0x00000000
     324475.000 ns	     32446	80006c8c	d011fed3	fcvt.s.wu	f29,x3	  x3:0xcee4fbbd f29=0x4f4ee4fb
     324495.000 ns	     32448	80006c90	014d61b3	or	x3,x26,x20	 x26:0x00000010 x20:0x00000001  x3=0x00000011
     324525.000 ns	     32451	80006c94	580473d3	fsqrt.s	f7,f8	  f8:0x7fc00000  f7=0x7fc00000
     324555.000 ns	     32454	80006c98	a0c9a553	feq.s	x10,f19,f12	 f19:0x00000000 f12:0x00000000 x10=0x00000001
     324575.000 ns	     32456	80006c9c	40db5b93	srai	x23,x22,0xd	 x22:0x00000001 x23=0x00000000
     324585.000 ns	     32457	80006ca0	00201813	slli	x16,x0,0x2	  x0:0x00000000 x16=0x00000000
     324605.000 ns	     32459	80006ca4	c00c7a53	fcvt.w.s	x20,f24	 f24:0xffc00000 x20=0x7fffffff
     324635.000 ns	     32462	80006ca8	e0018d53	fmv.x.w	x26,f3	  f3:0x419837af x26=0x419837af
     324655.000 ns	     32464	80006cac	01ab86b3	add	x13,x23,x26	 x23:0x00000000 x26:0x00000010 x13=0x419837af
     324675.000 ns	     32466	80006cb0	a0f423d3	feq.s	x7,f8,f15	  f8:0x7fc00000 f15:0x7fc00000  x7=0x00000000
     324695.000 ns	     32468	80006cb4	30c36013	ori	x0,x6,780	  x6:0x80041024
     324705.000 ns	     32469	80006cb8	2f57a413	slti	x8,x15,757	 x15:0x00000000  x8=0x00000001
     324725.000 ns	     32471	80006cbc	026c05b3	mul	x11,x24,x6	 x24:0x00000001  x6:0x80041024 x11=0x80041024
     324745.000 ns	     32473	80006cc0	00b84133	xor	x2,x16,x11	 x16:0x00000000 x11:0x00000225  x2=0x80041024
     324765.000 ns	     32475	80006cc4	d0017e53	fcvt.s.w	f28,x2	  x2:0x00000000 f28=0xcefff7df
     324785.000 ns	     32477	80006cc8	002bddb3	srl	x27,x23,x2	 x23:0x00000000  x2:0x00000000 x27=0x00000000
     324795.000 ns	     32478	80006ccc	89686993	ori	x19,x16,-1898	 x16:0x00000000 x19=0xfffff896
     324805.000 ns	     32479	80006cd0	00e13cb3	sltu	x25,x2,x14	  x2:0x80041024 x14:0x00000000 x25=0x00000000
     324825.000 ns	     32481	80006cd4	02fee233	rem	x4,x29,x15	 x29:0xcee4fbbc x15:0x00000000  x4=0xcee4fbbc
     324845.000 ns	     32483	80006cd8	40120cb3	sub	x25,x4,x1	  x4:0x00000000  x1:0x00000000 x25=0xcee4fbbc
     324865.000 ns	     32485	80006cdc	a03316d3	flt.s	x13,f6,f3	  f6:0x7fc00000  f3:0x419837af x13=0x00000000
     324885.000 ns	     32487	80006ce0	00bc5213	srli	x4,x24,0xb	 x24:0x00000001  x4=0x00000000
     324895.000 ns	     32488	80006ce4	40b05e13	srai	x28,x0,0xb	  x0:0x00000000 x28=0x00000000
     324915.000 ns	     32490	80006ce8	207f0753	fsgnj.s	f14,f30,f7	 f30:0x43b50482  f7:0x7fc00000 f14=0x43b50482
     324935.000 ns	     32492	80006cec	0091c133	xor	x2,x3,x9	  x3:0x00000011  x9:0x00000001  x2=0x00000010
     324965.000 ns	     32495	80006cf0	11ed7153	fmul.s	f2,f26,f30	 f26:0xff800000 f30:0x43b50482  f2=0xff800000
     324995.000 ns	     32498	80006cf4	c00f77d3	fcvt.w.s	x15,f30	 f30:0x43b50482 x15=0x0000016a
     325365.000 ns	     32535	80006cf8	038273b3	remu	x7,x4,x24	  x4:0x00000000 x24:0x00000001  x7=0x00000000
     325385.000 ns	     32537	80006cfc	00557733	and	x14,x10,x5	 x10:0x00000001  x5:0x00000001 x14=0x00000001
     325405.000 ns	     32539	80006d00	e00e9ed3	fclass.s	x29,f29	 f29:0x4f4ee4fb x29=0x00000040
     325425.000 ns	     32541	80006d04	b92806b7	lui	x13,0xb9280	 x13=0xb9280000
     325435.000 ns	     32542	80006d08	85041797	auipc	x15,0x85041	 x15=0x05047d08
     325455.000 ns	     32544	80006d0c	e0090e53	fmv.x.w	x28,f18	 f18:0x7fc00000 x28=0x7fc00000
     325475.000 ns	     32546	80006d10	00000013	addi	x0,x0,0	  x0:0x00000000
     325485.000 ns	     32547	80006d14	88f8ec13	ori	x24,x17,-1905	 x17:0x00000000 x24=0xfffff88f
     325495.000 ns	     32548	80006d18	01498733	add	x14,x19,x20	 x19:0xfffff896 x20:0x7fffffff x14=0x7ffff895
     325515.000 ns	     32550	80006d1c	a14e2ed3	feq.s	x29,f28,f20	 f28:0xcefff7df f20:0xffc00000 x29=0x00000000
     325535.000 ns	     32552	80006d20	9d86bc93	sltiu	x25,x13,-1576	 x13:0xb9280000 x25=0x00000001
     325545.000 ns	     32553	80006d24	7b437093	andi	x1,x6,1972	  x6:0x80041024  x1=0x00000024
     325555.000 ns	     32554	80006d28	005f37b3	sltu	x15,x30,x5	 x30:0xec5313c0  x5:0x00000001 x15=0x00000000
     325565.000 ns	     32555	80006d2c	01223ab3	sltu	x21,x4,x18	  x4:0x00000000 x18:0x80040fe4 x21=0x00000001
     325585.000 ns	     32557	80006d30	028100b3	mul	x1,x2,x8	  x2:0x00000010  x8:0x00000001  x1=0x00000010
     325615.000 ns	     32560	80006d34	d01cf953	fcvt.s.wu	f18,x25	 x25:0x00000001 f18=0x3f800000
     325635.000 ns	     32562	80006d38	81ed8993	addi	x19,x27,-2018	 x27:0x00000000 x19=0xfffff81e
     325655.000 ns	     32564	80006d3c	a0329d53	flt.s	x26,f5,f3	  f5:0x80000000  f3:0x419837af x26=0x00000001
     325705.000 ns	     32569	80006d40	09e48ad3	fsub.s	f21,f9,f30	  f9:0x7fc00000 f30:0x43b50482 f21=0x7fc00000
     325745.000 ns	     32573	80006d44	18bc04d3	fdiv.s	f9,f24,f11	 f24:0xffc00000 f11:0x7fc00000  f9=0x7fc00000
     325775.000 ns	     32576	80006d48	218b2953	fsgnjx.s	f18,f22,f24	 f22:0xb042ca48 f24:0xffc00000 f18=0x3042ca48
     325805.000 ns	     32579	80006d4c	021988b3	mul	x17,x19,x1	 x19:0xfffff81e  x1:0x00000010 x17=0xffff81e0
     325825.000 ns	     32581	80006d50	4634c713	xori	x14,x9,1123	  x9:0x00000001 x14=0x00000462
     325835.000 ns	     32582	80006d54	40e28c33	sub	x24,x5,x14	  x5:0x00000001 x14:0x7ffff895 x24=0xfffffb9f
     325855.000 ns	     32584	80006d58	e0068b53	fmv.x.w	x22,f13	 f13:0x00000000 x22=0x00000000
     325875.000 ns	     32586	80006d5c	8efa0393	addi	x7,x20,-1809	 x20:0x7fffffff  x7=0x7ffff8ee
     325885.000 ns	     32587	80006d60	013f23b3	slt	x7,x30,x19	 x30:0xec5313c0 x19:0xfffff81e  x7=0x00000001
     325895.000 ns	     32588	80006d64	00000013	addi	x0,x0,0	  x0:0x00000000
     325905.000 ns	     32589	80006d68	aec07b93	andi	x23,x0,-1300	  x0:0x00000000 x23=0x00000000
     325925.000 ns	     32591	80006d6c	e00607d3	fmv.x.w	x15,f12	 f12:0x00000000 x15=0x00000000
     325955.000 ns	     32594	80006d70	03e980b3	mul	x1,x19,x30	 x19:0xfffff81e x30:0xec5313c0  x1=0x191e5080
     326325.000 ns	     32631	80006d74	035f7433	remu	x8,x30,x21	 x30:0xec5313c0 x21:0x00000001  x8=0x00000000
     326345.000 ns	     32633	80006d78	00cf8833	add	x16,x31,x12	 x31:0x00000000 x12:0x00000244 x16=0x00000244
     326355.000 ns	     32634	80006d7c	40705133	sra	x2,x0,x7	  x0:0x00000000  x7:0x00000001  x2=0x00000000
     326375.000 ns	     32636	80006d80	03920e33	mul	x28,x4,x25	  x4:0x00000000 x25:0x00000001 x28=0x00000000
     326405.000 ns	     32639	80006d84	a0dda4d3	feq.s	x9,f27,f13	 f27:0x000005ce f13:0x00000000  x9=0x00000000
     326425.000 ns	     32641	80006d88	00000013	addi	x0,x0,0	  x0:0x00000000
     326445.000 ns	     32643	80006d8c	03239eb3	mulh	x29,x7,x18	  x7:0x00000001 x18:0x80040fe4 x29=0xffffffff
     326815.000 ns	     32680	80006d90	035747b3	div	x15,x14,x21	 x14:0x00000462 x21:0x00000001 x15=0x00000462
     326835.000 ns	     32682	80006d94	4112d6b3	sra	x13,x5,x17	  x5:0x00000001 x17:0xffff81e0 x13=0x00000001
     326855.000 ns	     32684	80006d98	e00b85d3	fmv.x.w	x11,f23	 f23:0x7fc00000 x11=0x7fc00000
     326875.000 ns	     32686	80006d9c	c877fe13	andi	x28,x15,-889	 x15:0x00000462 x28=0x00000402
     326885.000 ns	     32687	80006da0	e2e4c993	xori	x19,x9,-466	  x9:0x00000000 x19=0xfffffe2e
     326905.000 ns	     32689	80006da4	03750533	mul	x10,x10,x23	 x10:0x00000001 x23:0x00000000 x10=0x00000000
     326935.000 ns	     32692	80006da8	a0c30b53	fle.s	x22,f6,f12	  f6:0x7fc00000 f12:0x00000000 x22=0x00000000
     326965.000 ns	     32695	80006dac	029d1a33	mulh	x20,x26,x9	 x26:0x00000001  x9:0x00000000 x20=0x00000000
     326995.000 ns	     32698	80006db0	02acfcb3	remu	x25,x25,x10	 x25:0x00000001 x10:0x00000000 x25=0x00000001
     327015.000 ns	     32700	80006db4	00d51c33	sll	x24,x10,x13	 x10:0x00000000 x13:0x00000001 x24=0x00000000
     327035.000 ns	     32702	80006db8	a05c8053	fle.s	x0,f25,f5	 f25:0x00000000  f5:0x80000000
     328215.000 ns	     32820	80006dbc	580df9d3	fsqrt.s	f19,f27	 f27:0x000005ce f19=0x1f350cb8
     328235.000 ns	     32822	80006dc0	c2826d93	ori	x27,x4,-984	  x4:0x00000000 x27=0xfffffc28
     328255.000 ns	     32824	80006dc4	0365e4b3	rem	x9,x11,x22	 x11:0x7fc00000 x22:0x00000000  x9=0x7fc00000
     328625.000 ns	     32861	80006dc8	02345eb3	divu	x29,x8,x3	  x8:0x00000000  x3:0x00000011 x29=0x00000000
     328655.000 ns	     32864	80006dcc	034cdc33	divu	x24,x25,x20	 x25:0x00000001 x20:0x00000000 x24=0xffffffff
     328675.000 ns	     32866	80006dd0	00dbadb3	slt	x27,x23,x13	 x23:0x00000000 x13:0x00000001 x27=0x00000001
     328685.000 ns	     32867	80006dd4	00eb2e33	slt	x28,x22,x14	 x22:0x00000000 x14:0x00000462 x28=0x00000001
     328705.000 ns	     32869	80006dd8	c008fed3	fcvt.w.s	x29,f17	 f17:0x28ee26aa x29=0x00000000
     328735.000 ns	     32872	80006ddc	03d239b3	mulhu	x19,x4,x29	  x4:0x00000000 x29:0x00000000 x19=0x00000000
     328765.000 ns	     32875	80006de0	f00b88d3	fmv.w.x	f17,x23	 x23:0x00000000 f17=0x00000000
     328785.000 ns	     32877	80006de4	3fee8e93	addi	x29,x29,1022	 x29:0x00000000 x29=0x000003fe
     328795.000 ns	     32878	80006de8	01ef11b3	sll	x3,x30,x30	 x30:0xec5313c0 x30:0xec5313c0  x3=0xec5313c0
     328815.000 ns	     32880	80006dec	0336b3b3	mulhu	x7,x13,x19	 x13:0x00000001 x19:0x00000000  x7=0x00000000
     328835.000 ns	     32882	80006df0	38ebe293	ori	x5,x23,910	 x23:0x00000000  x5=0x0000038e
     328855.000 ns	     32884	80006df4	e00b0a53	fmv.x.w	x20,f22	 f22:0xb042ca48 x20=0xb042ca48
     329225.000 ns	     32921	80006df8	03c263b3	rem	x7,x4,x28	  x4:0x00000000 x28:0x00000001  x7=0x00000000
     329255.000 ns	     32924	80006dfc	29b21ad3	fmax.s	f21,f4,f27	  f4:0x00000000 f27:0x000005ce f21=0x000005ce
     329275.000 ns	     32926	80006e00	41fcd693	srai	x13,x25,0x1f	 x25:0x00000001 x13=0x00000000
     329295.000 ns	     32928	80006e04	e0051b53	fclass.s	x22,f10	 f10:0x1f6e26aa x22=0x00000040
     329315.000 ns	     32930	80006e08	0011d4b3	srl	x9,x3,x1	  x3:0xec5313c0  x1:0x191e5080  x9=0xec5313c0
     329355.000 ns	     32934	80006e0c	00f4f253	fadd.s	f4,f9,f15	  f9:0x7fc00000 f15:0x7fc00000  f4=0x7fc00000
     329385.000 ns	     32937	80006e10	28aa9853	fmax.s	f16,f21,f10	 f21:0x000005ce f10:0x1f6e26aa f16=0x1f6e26aa
     329415.000 ns	     32940	80006e14	a159a053	feq.s	x0,f19,f21	 f19:0x1f350cb8 f21:0x000005ce
     329445.000 ns	     32943	80006e18	02deabb3	mulhsu	x23,x29,x13	 x29:0x000003fe x13:0x00000000 x23=0x00000000
     329475.000 ns	     32946	80006e1c	d0037053	fcvt.s.w	f0,x6	  x6:0x80041024  f0=0xcefff7df
     329845.000 ns	     32983	80006e20	03b950b3	divu	x1,x18,x27	 x18:0x80040fe4 x27:0x00000001  x1=0x80040fe4
     329875.000 ns	     32986	80006e24	c01ea4d3	fcvt.wu.s	x9,f29	 f29:0x4f4ee4fb  x9=0xcee4fb00
     329895.000 ns	     32988	80006e28	41fa0db3	sub	x27,x20,x31	 x20:0xb042ca48 x31:0x00000000 x27=0xb042ca48
     329915.000 ns	     32990	80006e2c	a0dda753	feq.s	x14,f27,f13	 f27:0x000005ce f13:0x00000000 x14=0x00000000
     329945.000 ns	     32993	80006e30	0276e1b3	rem	x3,x13,x7	 x13:0x00000000  x7:0x00000000  x3=0x00000000
     329975.000 ns	     32996	80006e34	e00803d3	fmv.x.w	x7,f16	 f16:0x1f6e26aa  x7=0x1f6e26aa
     330025.000 ns	     33001	80006e38	08894053	fsub.s	f0,f18,f8	 f18:0x3042ca48  f8:0x7fc00000  f0=0x7fc00000
     330055.000 ns	     33004	80006e3c	e00300d3	fmv.x.w	x1,f6	  f6:0x7fc00000  x1=0x7fc00000
     330075.000 ns	     33006	80006e40	3e0c2613	slti	x12,x24,992	 x24:0xffffffff x12=0x00000001
     330435.000 ns	     33042	80006e44	03a753b3	divu	x7,x14,x26	 x14:0x00000000 x26:0x00000001  x7=0x00000000
     330455.000 ns	     33044	80006e48	401e0fb3	sub	x31,x28,x1	 x28:0x00000001  x1:0x7fc00000 x31=0x80400001
     330475.000 ns	     33046	80006e4c	a1361ed3	flt.s	x29,f12,f19	 f12:0x00000000 f19:0x1f350cb8 x29=0x00000001
     330505.000 ns	     33049	80006e50	290b9253	fmax.s	f4,f23,f16	 f23:0x7fc00000 f16:0x1f6e26aa  f4=0x1f6e26aa
     330525.000 ns	     33051	80006e54	01195813	srli	x16,x18,0x11	 x18:0x80040fe4 x16=0x00004002
     330535.000 ns	     33052	80006e58	00c38fb3	add	x31,x7,x12	  x7:0x00000000 x12:0x00000001 x31=0x00000001
     330555.000 ns	     33054	80006e5c	d018b4d3	fcvt.s.wu	f9,x17	 x17:0xffff81e0  f9=0x4f7fff82
     330575.000 ns	     33056	80006e60	019b2533	slt	x10,x22,x25	 x22:0x00000040 x25:0x00000001 x10=0x00000000
     330595.000 ns	     33058	80006e64	a141acd3	feq.s	x25,f3,f20	  f3:0x419837af f20:0xffc00000 x25=0x00000000
     330625.000 ns	     33061	80006e68	c0167d53	fcvt.wu.s	x26,f12	 f12:0x00000000 x26=0x00000000
     330655.000 ns	     33064	80006e6c	a10e08d3	fle.s	x17,f28,f16	 f28:0xcefff7df f16:0x1f6e26aa x17=0x00000001
     330685.000 ns	     33067	80006e70	287194d3	fmax.s	f9,f3,f7	  f3:0x419837af  f7:0x7fc00000  f9=0x419837af
     330715.000 ns	     33070	80006e74	29b70fd3	fmin.s	f31,f14,f27	 f14:0x43b50482 f27:0x000005ce f31=0x000005ce
     330755.000 ns	     33074	80006e78	58010153	fsqrt.s	f2,f2	  f2:0xff800000  f2=0x7fc00000
     330785.000 ns	     33077	80006e7c	286f8a53	fmin.s	f20,f31,f6	 f31:0x000005ce  f6:0x7fc00000 f20=0x000005ce
     330805.000 ns	     33079	80006e80	00ae4c33	xor	x24,x28,x10	 x28:0x00000001 x10:0x00000000 x24=0x00000001
     330825.000 ns	     33081	80006e84	02706233	rem	x4,x0,x7	  x0:0x00000000  x7:0x00000000  x4=0x00000000
     330865.000 ns	     33085	80006e88	117a44d3	fmul.s	f9,f20,f23	 f20:0x000005ce f23:0x7fc00000  f9=0x7fc00000
     330885.000 ns	     33087	80006e8c	2a3cca13	xori	x20,x25,675	 x25:0x00000000 x20=0x000002a3
     330895.000 ns	     33088	80006e90	00841493	slli	x9,x8,0x8	  x8:0x00000000  x9=0x00000000
     330915.000 ns	     33090	80006e94	034c0b33	mul	x22,x24,x20	 x24:0x00000001 x20:0xb042ca48 x22=0x000002a3
     330935.000 ns	     33092	80006e98	4157de93	srai	x29,x15,0x15	 x15:0x00000462 x29=0x00000000
     330955.000 ns	     33094	80006e9c	a1d92a53	feq.s	x20,f18,f29	 f18:0x3042ca48 f29:0x4f4ee4fb x20=0x00000000
     330985.000 ns	     33097	80006ea0	a12f84d3	fle.s	x9,f31,f18	 f31:0x000005ce f18:0x3042ca48  x9=0x00000001
     331005.000 ns	     33099	80006ea4	00000013	addi	x0,x0,0	  x0:0x00000000
     331015.000 ns	     33100	80006ea8	82f3c113	xori	x2,x7,-2001	  x7:0x00000000  x2=0xfffff82f
     331035.000 ns	     33102	80006eac	20741753	fsgnjn.s	f14,f8,f7	  f8:0x7fc00000  f7:0x7fc00000 f14=0xffc00000
     331055.000 ns	     33104	80006eb0	40885db3	sra	x27,x16,x8	 x16:0x00004002  x8:0x00000000 x27=0x00004002
     331065.000 ns	     33105	80006eb4	01b889b3	add	x19,x17,x27	 x17:0x00000001 x27:0xb042ca48 x19=0x00004003
     331075.000 ns	     33106	80006eb8	c7b9a413	slti	x8,x19,-901	 x19:0x00000000  x8=0x00000000
     331085.000 ns	     33107	80006ebc	40be0433	sub	x8,x28,x11	 x28:0x00000001 x11:0x7fc00000  x8=0x80400001
     331105.000 ns	     33109	80006ec0	20631fd3	fsgnjn.s	f31,f6,f6	  f6:0x7fc00000  f6:0x7fc00000 f31=0xffc00000
     331135.000 ns	     33112	80006ec4	c010fa53	fcvt.wu.s	x20,f1	  f1:0x00000000 x20=0x00000000
     331185.000 ns	     33117	80006ec8	08f2fcd3	fsub.s	f25,f5,f15	  f5:0x80000000 f15:0x7fc00000 f25=0x7fc00000
     331205.000 ns	     33119	80006ecc	00281d33	sll	x26,x16,x2	 x16:0x00004002  x2:0xfffff82f x26=0x20010000
     331245.000 ns	     33123	80006ed0	08d6f9d3	fsub.s	f19,f13,f13	 f13:0x00000000 f13:0x00000000 f19=0x80000000
     331275.000 ns	     33126	80006ed4	211aaad3	fsgnjx.s	f21,f21,f17	 f21:0x000005ce f17:0x00000000 f21=0x000005ce
     331295.000 ns	     33128	80006ed8	00727433	and	x8,x4,x7	  x4:0x00000000  x7:0x00000000  x8=0x00000000
     331315.000 ns	     33130	80006edc	02c72833	mulhsu	x16,x14,x12	 x14:0x00000000 x12:0x00000001 x16=0x00000000
     331355.000 ns	     33134	80006ee0	1013ffd3	fmul.s	f31,f7,f1	  f7:0x7fc00000  f1:0x00000000 f31=0x7fc00000
     331395.000 ns	     33138	80006ee4	107c2553	fmul.s	f10,f24,f7	 f24:0xffc00000  f7:0x7fc00000 f10=0x7fc00000
     331425.000 ns	     33141	80006ee8	d0147dd3	fcvt.s.wu	f27,x8	  x8:0x00000000 f27=0x00000000
     331455.000 ns	     33144	80006eec	28021453	fmax.s	f8,f4,f0	  f4:0x1f6e26aa  f0:0x7fc00000  f8=0x1f6e26aa
     331485.000 ns	     33147	80006ef0	d007f253	fcvt.s.w	f4,x15	 x15:0x00000462  f4=0x448c4000
     331505.000 ns	     33149	80006ef4	b8337737	lui	x14,0xb8337	 x14=0xb8337000
     331515.000 ns	     33150	80006ef8	00ef3ab3	sltu	x21,x30,x14	 x30:0xec5313c0 x14:0x00000000 x21=0x00000000
     331525.000 ns	     33151	80006efc	01259533	sll	x10,x11,x18	 x11:0x7fc00000 x18:0x80040fe4 x10=0xfc000000
     331535.000 ns	     33152	80006f00	007075b3	and	x11,x0,x7	  x0:0x00000000  x7:0x00000000 x11=0x00000000
     331545.000 ns	     33153	80006f04	00f776b3	and	x13,x14,x15	 x14:0xb8337000 x15:0x00000462 x13=0x00000000
     331555.000 ns	     33154	80006f08	41590cb3	sub	x25,x18,x21	 x18:0x80040fe4 x21:0x00000000 x25=0x80040fe4
     331565.000 ns	     33155	80006f0c	dc9916b7	lui	x13,0xdc991	 x13=0xdc991000
     331575.000 ns	     33156	80006f10	00fd1b93	slli	x23,x26,0xf	 x26:0x20010000 x23=0x80000000
     331595.000 ns	     33158	80006f14	a1b790d3	flt.s	x1,f15,f27	 f15:0x7fc00000 f27:0x00000000  x1=0x00000000
     331625.000 ns	     33161	80006f18	d000f5d3	fcvt.s.w	f11,x1	  x1:0x7fc00000 f11=0x00000000
     331655.000 ns	     33164	80006f1c	03180833	mul	x16,x16,x17	 x16:0x00000000 x17:0x00000001 x16=0x00000000
     331675.000 ns	     33166	80006f20	41f3d833	sra	x16,x7,x31	  x7:0x00000000 x31:0x00000001 x16=0x00000000
     331685.000 ns	     33167	80006f24	404dd593	srai	x11,x27,0x4	 x27:0x00004002 x11=0x00000400
     332045.000 ns	     33203	80006f28	03185233	divu	x4,x16,x17	 x16:0x00000000 x17:0x00000001  x4=0x00000000
     332065.000 ns	     33205	80006f2c	00000013	addi	x0,x0,0	  x0:0x00000000
     332085.000 ns	     33207	80006f30	20601653	fsgnjn.s	f12,f0,f6	  f0:0x7fc00000  f6:0x7fc00000 f12=0xffc00000
     332115.000 ns	     33210	80006f34	e00c80d3	fmv.x.w	x1,f25	 f25:0x7fc00000  x1=0x7fc00000
     332145.000 ns	     33213	80006f38	0390b8b3	mulhu	x17,x1,x25	  x1:0x00000000 x25:0x80040fe4 x17=0x3fe206ee
     332185.000 ns	     33217	80006f3c	11963ad3	fmul.s	f21,f12,f25	 f12:0xffc00000 f25:0x7fc00000 f21=0x7fc00000
     332205.000 ns	     33219	80006f40	f08fe013	ori	x0,x31,-248	 x31:0x00000001
     332215.000 ns	     33220	80006f44	fb606393	ori	x7,x0,-74	  x0:0x00000000  x7=0xffffffb6
     332255.000 ns	     33224	80006f48	08e6b353	fsub.s	f6,f13,f14	 f13:0x00000000 f14:0xffc00000  f6=0x7fc00000
     332625.000 ns	     33261	80006f4c	03fee5b3	rem	x11,x29,x31	 x29:0x00000000 x31:0x00000001 x11=0x00000000
     332645.000 ns	     33263	80006f50	00000013	addi	x0,x0,0	  x0:0x00000000
     332685.000 ns	     33267	80006f54	09137b53	fsub.s	f22,f6,f17	  f6:0x7fc00000 f17:0x00000000 f22=0x7fc00000
     332705.000 ns	     33269	80006f58	013dd8b3	srl	x17,x27,x19	 x27:0x00004002 x19:0x00004003 x17=0x00000800
     332725.000 ns	     33271	80006f5c	28469a53	fmax.s	f20,f13,f4	 f13:0x00000000  f4:0x448c4000 f20=0x448c4000
     332755.000 ns	     33274	80006f60	20d50ad3	fsgnj.s	f21,f10,f13	 f10:0x7fc00000 f13:0x00000000 f21=0x7fc00000
     332775.000 ns	     33276	80006f64	01669713	slli	x14,x13,0x16	 x13:0xdc991000 x14=0x00000000
     332795.000 ns	     33278	80006f68	a0fb1753	flt.s	x14,f22,f15	 f22:0x7fc00000 f15:0x7fc00000 x14=0x00000000
     332815.000 ns	     33280	80006f6c	01ae3633	sltu	x12,x28,x26	 x28:0x00000001 x26:0x20010000 x12=0x00000001
     333175.000 ns	     33316	80006f70	02767b33	remu	x22,x12,x7	 x12:0x00000001  x7:0xffffffb6 x22=0x00000001
     333545.000 ns	     33353	80006f74	03f3f133	remu	x2,x7,x31	  x7:0xffffffb6 x31:0x00000001  x2=0x00000000
     333575.000 ns	     33356	80006f78	e0098c53	fmv.x.w	x24,f19	 f19:0x80000000 x24=0x80000000
     333595.000 ns	     33358	80006f7c	0182ddb3	srl	x27,x5,x24	  x5:0x0000038e x24:0x00000001 x27=0x0000038e
     333615.000 ns	     33360	80006f80	20a89253	fsgnjn.s	f4,f17,f10	 f17:0x00000000 f10:0x7fc00000  f4=0x80000000
     333635.000 ns	     33362	80006f84	f216f593	andi	x11,x13,-223	 x13:0xdc991000 x11=0xdc991000
     333655.000 ns	     33364	80006f88	c0167c53	fcvt.wu.s	x24,f12	 f12:0xffc00000 x24=0xffffffff
     333685.000 ns	     33367	80006f8c	d00a4c53	fcvt.s.w	f24,x20	 x20:0x00000000 f24=0x00000000
     333725.000 ns	     33371	80006f90	11907b53	fmul.s	f22,f0,f25	  f0:0x7fc00000 f25:0x7fc00000 f22=0x7fc00000
     333745.000 ns	     33373	80006f94	97201b97	auipc	x23,0x97201	 x23=0x17207f94
     333755.000 ns	     33374	80006f98	0116cc33	xor	x24,x13,x17	 x13:0xdc991000 x17:0x00000800 x24=0xdc991800
     333795.000 ns	     33378	80006f9c	0152ff53	fadd.s	f30,f5,f21	  f5:0x80000000 f21:0x7fc00000 f30=0x7fc00000
     333825.000 ns	     33381	80006fa0	f0000fd3	fmv.w.x	f31,x0	  x0:0x00000000 f31=0x00000000
     333855.000 ns	     33384	80006fa4	03ed9233	mulh	x4,x27,x30	 x27:0x0000038e x30:0xec5313c0  x4=0xffffffba
     333875.000 ns	     33386	80006fa8	017e3733	sltu	x14,x28,x23	 x28:0x00000001 x23:0x17207f94 x14=0x00000001
     333905.000 ns	     33389	80006fac	19c09a53	fdiv.s	f20,f1,f28	  f1:0x00000000 f28:0xcefff7df f20=0x80000000
     333935.000 ns	     33392	80006fb0	28919853	fmax.s	f16,f3,f9	  f3:0x419837af  f9:0x7fc00000 f16=0x419837af
     333965.000 ns	     33395	80006fb4	022b5533	divu	x10,x22,x2	 x22:0x00000001  x2:0x00000000 x10=0xffffffff
     334005.000 ns	     33399	80006fb8	58002ad3	fsqrt.s	f21,f0	  f0:0x7fc00000 f21=0x7fc00000
     334035.000 ns	     33402	80006fbc	a0248553	fle.s	x10,f9,f2	  f9:0x7fc00000  f2:0x7fc00000 x10=0x00000000
     334055.000 ns	     33404	80006fc0	00b6f533	and	x10,x13,x11	 x13:0xdc991000 x11:0xdc991000 x10=0xdc991000
     334075.000 ns	     33406	80006fc4	a0d89fd3	flt.s	x31,f17,f13	 f17:0x00000000 f13:0x00000000 x31=0x00000000
     334105.000 ns	     33409	80006fc8	03dc2b33	mulhsu	x22,x24,x29	 x24:0xdc991800 x29:0x00000000 x22=0x00000000
     334135.000 ns	     33412	80006fcc	030875b3	remu	x11,x16,x16	 x16:0x00000000 x16:0x00000000 x11=0x00000000
     334175.000 ns	     33416	80006fd0	18a89853	fdiv.s	f16,f17,f10	 f17:0x00000000 f10:0x7fc00000 f16=0x7fc00000
     334205.000 ns	     33419	80006fd4	035d5bb3	divu	x23,x26,x21	 x26:0x20010000 x21:0x00000000 x23=0xffffffff
     334235.000 ns	     33422	80006fd8	283b9953	fmax.s	f18,f23,f3	 f23:0x7fc00000  f3:0x419837af f18=0x419837af
     334265.000 ns	     33425	80006fdc	283c0e53	fmin.s	f28,f24,f3	 f24:0x00000000  f3:0x419837af f28=0x00000000
     334285.000 ns	     33427	80006fe0	64e56d93	ori	x27,x10,1614	 x10:0xdc991000 x27=0xdc99164e
     334305.000 ns	     33429	80006fe4	032ea2b3	mulhsu	x5,x29,x18	 x29:0x00000000 x18:0x80040fe4  x5=0x00000000
     334325.000 ns	     33431	80006fe8	40d907b3	sub	x15,x18,x13	 x18:0x80040fe4 x13:0xdc991000 x15=0xa36affe4
     334345.000 ns	     33433	80006fec	d000c353	fcvt.s.w	f6,x1	  x1:0x7fc00000  f6=0x4eff8000
     334385.000 ns	     33437	80006ff0	11f77553	fmul.s	f10,f14,f31	 f14:0xffc00000 f31:0x00000000 f10=0x7fc00000
     334415.000 ns	     33440	80006ff4	03ef2d33	mulhsu	x26,x30,x30	 x30:0xec5313c0 x30:0xec5313c0 x26=0xedd6339f
     334435.000 ns	     33442	80006ff8	002ed293	srli	x5,x29,0x2	 x29:0x00000000  x5=0x00000000
     334455.000 ns	     33444	80006ffc	0383bdb3	mulhu	x27,x7,x24	  x7:0xffffffb6 x24:0xdc991800 x27=0xdc9917c0
     334485.000 ns	     33447	80007000	039d3a33	mulhu	x20,x26,x25	 x26:0xedd6339f x25:0x80040fe4 x20=0x76eedfeb
     334515.000 ns	     33450	80007004	a038ae53	feq.s	x28,f17,f3	 f17:0x00000000  f3:0x419837af x28=0x00000000
     334535.000 ns	     33452	80007008	002dbc33	sltu	x24,x27,x2	 x27:0xdc9917c0  x2:0x00000000 x24=0x00000000
     334545.000 ns	     33453	8000700c	41e452b3	sra	x5,x8,x30	  x8:0x00000000 x30:0xec5313c0  x5=0x00000000
     334565.000 ns	     33455	80007010	21b725d3	fsgnjx.s	f11,f14,f27	 f14:0xffc00000 f27:0x00000000 f11=0xffc00000
     334595.000 ns	     33458	80007014	a11d84d3	fle.s	x9,f27,f17	 f27:0x00000000 f17:0x00000000  x9=0x00000001
     334965.000 ns	     33495	80007018	02e9cb33	div	x22,x19,x14	 x19:0x00004003 x14:0x00000001 x22=0x00004003
     334985.000 ns	     33497	8000701c	97bf4813	xori	x16,x30,-1669	 x30:0xec5313c0 x16=0x13aceabb
     334995.000 ns	     33498	80007020	01105b93	srli	x23,x0,0x11	  x0:0x00000000 x23=0x00000000
     335005.000 ns	     33499	80007024	8d7e8693	addi	x13,x29,-1833	 x29:0x00000000 x13=0xfffff8d7
     335025.000 ns	     33501	80007028	a1472dd3	feq.s	x27,f14,f20	 f14:0xffc00000 f20:0x80000000 x27=0x00000000
     335045.000 ns	     33503	8000702c	01a6d713	srli	x14,x13,0x1a	 x13:0xdc991000 x14=0x0000003f
     335055.000 ns	     33504	80007030	4190f593	andi	x11,x1,1049	  x1:0x7fc00000 x11=0x00000000
     335075.000 ns	     33506	80007034	02ec14b3	mulh	x9,x24,x14	 x24:0x00000000 x14:0x00000001  x9=0x00000000
     335095.000 ns	     33508	80007038	fab1f213	andi	x4,x3,-85	  x3:0x00000000  x4=0x00000000
     335105.000 ns	     33509	8000703c	5f3b0113	addi	x2,x22,1523	 x22:0x00004003  x2=0x000045f6
     335125.000 ns	     33511	80007040	a1b213d3	flt.s	x7,f4,f27	  f4:0x80000000 f27:0x00000000  x7=0x00000000
     335145.000 ns	     33513	80007044	003ee233	or	x4,x29,x3	 x29:0x00000000  x3:0x00000000  x4=0x00000000
     335155.000 ns	     33514	80007048	84648d13	addi	x26,x9,-1978	  x9:0x00000000 x26=0xfffff846
     335175.000 ns	     33516	8000704c	d018f8d3	fcvt.s.wu	f17,x17	 x17:0x00000800 f17=0x45000000
     335195.000 ns	     33518	80007050	00000013	addi	x0,x0,0	  x0:0x00000000
     335215.000 ns	     33520	80007054	f00e0453	fmv.w.x	f8,x28	 x28:0x00000000  f8=0x00000000
     335245.000 ns	     33523	80007058	a0cfac53	feq.s	x24,f31,f12	 f31:0x00000000 f12:0xffc00000 x24=0x00000000
     335265.000 ns	     33525	8000705c	f09f7293	andi	x5,x30,-247	 x30:0xec5313c0  x5=0xec531300
     335285.000 ns	     33527	80007060	20dd2953	fsgnjx.s	f18,f26,f13	 f26:0xff800000 f13:0x00000000 f18=0xff800000
     335315.000 ns	     33530	80007064	03642fb3	mulhsu	x31,x8,x22	  x8:0x00000000 x22:0x00004003 x31=0x00000000
     335335.000 ns	     33532	80007068	40255d93	srai	x27,x10,0x2	 x10:0xdc991000 x27=0xf7264400
     335695.000 ns	     33568	8000706c	02f0cdb3	div	x27,x1,x15	  x1:0x7fc00000 x15:0xa36affe4 x27=0xffffffff
     335715.000 ns	     33570	80007070	6751b613	sltiu	x12,x3,1653	  x3:0x00000000 x12=0x00000001
     335735.000 ns	     33572	80007074	2000a5d3	fsgnjx.s	f11,f1,f0	  f1:0x00000000  f0:0x7fc00000 f11=0x00000000
     335755.000 ns	     33574	80007078	51153193	sltiu	x3,x10,1297	 x10:0xdc991000  x3=0x00000000
     335775.000 ns	     33576	8000707c	031f37b3	mulhu	x15,x30,x17	 x30:0xec5313c0 x17:0x00000800 x15=0x00000762
     335795.000 ns	     33578	80007080	01761813	slli	x16,x12,0x17	 x12:0x00000001 x16=0x00800000
     335835.000 ns	     33582	80007084	0066f0d3	fadd.s	f1,f13,f6	 f13:0x00000000  f6:0x4eff8000  f1=0x4eff8000
     335855.000 ns	     33584	80007088	01395393	srli	x7,x18,0x13	 x18:0x80040fe4  x7=0x00001000
     335865.000 ns	     33585	8000708c	a770c613	xori	x12,x1,-1417	  x1:0x7fc00000 x12=0x803ffa77
     335875.000 ns	     33586	80007090	4185d393	srai	x7,x11,0x18	 x11:0x00000000  x7=0x00000000
     335885.000 ns	     33587	80007094	002abeb3	sltu	x29,x21,x2	 x21:0x00000000  x2:0x000045f6 x29=0x00000001
     335895.000 ns	     33588	80007098	01e5cd33	xor	x26,x11,x30	 x11:0x00000000 x30:0xec5313c0 x26=0xec5313c0
     335905.000 ns	     33589	8000709c	019a16b3	sll	x13,x20,x25	 x20:0x76eedfeb x25:0x80040fe4 x13=0x6eedfeb0
     335925.000 ns	     33591	800070a0	d01396d3	fcvt.s.wu	f13,x7	  x7:0x00000000 f13=0x00000000
     335945.000 ns	     33593	800070a4	0123deb3	srl	x29,x7,x18	  x7:0x00000000 x18:0x80040fe4 x29=0x00000000
     335965.000 ns	     33595	800070a8	c0197753	fcvt.wu.s	x14,f18	 f18:0xff800000 x14=0x00000000
     335985.000 ns	     33597	800070ac	56e86f93	ori	x31,x16,1390	 x16:0x00800000 x31=0x0080056e
     336005.000 ns	     33599	800070b0	28258353	fmin.s	f6,f11,f2	 f11:0x00000000  f2:0x7fc00000  f6=0x00000000
     336025.000 ns	     33601	800070b4	0111d4b3	srl	x9,x3,x17	  x3:0x00000000 x17:0x00000800  x9=0x00000000
     336035.000 ns	     33602	800070b8	00000013	addi	x0,x0,0	  x0:0x00000000
     336065.000 ns	     33605	800070bc	106376d3	fmul.s	f13,f6,f6	  f6:0x00000000  f6:0x00000000 f13=0x00000000
     336115.000 ns	     33610	800070c0	083aa4d3	fsub.s	f9,f21,f3	 f21:0x7fc00000  f3:0x419837af  f9=0x7fc00000
     336145.000 ns	     33613	800070c4	d00ebe53	fcvt.s.w	f28,x29	 x29:0x00000000 f28=0x00000000
     336175.000 ns	     33616	800070c8	20ab9853	fsgnjn.s	f16,f23,f10	 f23:0x7fc00000 f10:0x7fc00000 f16=0xffc00000
     336195.000 ns	     33618	800070cc	013fdbb3	srl	x23,x31,x19	 x31:0x0080056e x19:0x00004003 x23=0x001000ad
     336205.000 ns	     33619	800070d0	48e94e93	xori	x29,x18,1166	 x18:0x80040fe4 x29=0x80040b6a
     336215.000 ns	     33620	800070d4	00000013	addi	x0,x0,0	  x0:0x00000000
     336225.000 ns	     33621	800070d8	290e0a93	addi	x21,x28,656	 x28:0x00000000 x21=0x00000290
     336245.000 ns	     33623	800070dc	295215d3	fmax.s	f11,f4,f21	  f4:0x80000000 f21:0x7fc00000 f11=0x80000000
     336275.000 ns	     33626	800070e0	a02e2ed3	feq.s	x29,f28,f2	 f28:0x00000000  f2:0x7fc00000 x29=0x00000000
     336305.000 ns	     33629	800070e4	d010f9d3	fcvt.s.wu	f19,x1	  x1:0x7fc00000 f19=0x4eff8000
     336335.000 ns	     33632	800070e8	a0c020d3	feq.s	x1,f0,f12	  f0:0x7fc00000 f12:0xffc00000  x1=0x00000000
     336355.000 ns	     33634	800070ec	00000013	addi	x0,x0,0	  x0:0x00000000
     336365.000 ns	     33635	800070f0	d5e9fb93	andi	x23,x19,-674	 x19:0x00004003 x23=0x00004002
     336375.000 ns	     33636	800070f4	9426a293	slti	x5,x13,-1726	 x13:0x6eedfeb0  x5=0x00000000
     336395.000 ns	     33638	800070f8	03f021b3	mulhsu	x3,x0,x31	  x0:0x00000000 x31:0x0080056e  x3=0x00000000
     336415.000 ns	     33640	800070fc	b57c0393	addi	x7,x24,-1193	 x24:0x00000000  x7=0xfffffb57
     336425.000 ns	     33641	80007100	00480e33	add	x28,x16,x4	 x16:0x00800000  x4:0x00000000 x28=0x00800000
     336445.000 ns	     33643	80007104	e0079453	fclass.s	x8,f15	 f15:0x7fc00000  x8=0x00000200
     336465.000 ns	     33645	80007108	30948593	addi	x11,x9,777	  x9:0x00000000 x11=0x00000309
     336485.000 ns	     33647	8000710c	02146d33	rem	x26,x8,x1	  x8:0x00000200  x1:0x00000000 x26=0x00000200
     336505.000 ns	     33649	80007110	01075293	srli	x5,x14,0x10	 x14:0x00000000  x5=0x00000000
     336525.000 ns	     33651	80007114	c00f7ed3	fcvt.w.s	x29,f30	 f30:0x7fc00000 x29=0x7fffffff
     336555.000 ns	     33654	80007118	20ed8553	fsgnj.s	f10,f27,f14	 f27:0x00000000 f14:0xffc00000 f10=0x80000000
     336575.000 ns	     33656	8000711c	00e71513	slli	x10,x14,0xe	 x14:0x00000000 x10=0x00000000
     336585.000 ns	     33657	80007120	00000013	addi	x0,x0,0	  x0:0x00000000
     336625.000 ns	     33661	80007124	01e607d3	fadd.s	f15,f12,f30	 f12:0xffc00000 f30:0x7fc00000 f15=0x7fc00000
     336655.000 ns	     33664	80007128	e00d1e53	fclass.s	x28,f26	 f26:0xff800000 x28=0x00000001
     336675.000 ns	     33666	8000712c	4002d033	sra	x0,x5,x0	  x5:0x00000000  x0:0x00000000
     336705.000 ns	     33669	80007130	1166ff53	fmul.s	f30,f13,f22	 f13:0x00000000 f22:0x7fc00000 f30=0x7fc00000
     336725.000 ns	     33671	80007134	40cbd813	srai	x16,x23,0xc	 x23:0x00004002 x16=0x00000004
     336745.000 ns	     33673	80007138	d019f2d3	fcvt.s.wu	f5,x19	 x19:0x00004003  f5=0x46800600
     336775.000 ns	     33676	8000713c	d01a7dd3	fcvt.s.wu	f27,x20	 x20:0x76eedfeb f27=0x4eedddbf
     336815.000 ns	     33680	80007140	185325d3	fdiv.s	f11,f6,f5	  f6:0x00000000  f5:0x46800600 f11=0x00000000
     337185.000 ns	     33717	80007144	0378c9b3	div	x19,x17,x23	 x17:0x00000800 x23:0x00004002 x19=0x00000000
     337205.000 ns	     33719	80007148	a209fe93	andi	x29,x19,-1504	 x19:0x00004003 x29=0x00000000
     337225.000 ns	     33721	8000714c	a010ac53	feq.s	x24,f1,f1	  f1:0x4eff8000  f1:0x4eff8000 x24=0x00000001
     337255.000 ns	     33724	80007150	a01b20d3	feq.s	x1,f22,f1	 f22:0x7fc00000  f1:0x4eff8000  x1=0x00000000
     337285.000 ns	     33727	80007154	02ccb4b3	mulhu	x9,x25,x12	 x25:0x80040fe4 x12:0x803ffa77  x9=0x40220631
     337305.000 ns	     33729	80007158	01a4f7b3	and	x15,x9,x26	  x9:0x00000000 x26:0x00000200 x15=0x00000200
     337325.000 ns	     33731	8000715c	03c7b3b3	mulhu	x7,x15,x28	 x15:0x00000762 x28:0x00000001  x7=0x00000000
     337375.000 ns	     33736	80007160	08d1fbd3	fsub.s	f23,f3,f13	  f3:0x419837af f13:0x00000000 f23=0x419837af
     337425.000 ns	     33741	80007164	01f347d3	fadd.s	f15,f6,f31	  f6:0x00000000 f31:0x00000000 f15=0x00000000
     337455.000 ns	     33744	80007168	03a50cb3	mul	x25,x10,x26	 x10:0x00000000 x26:0x00000200 x25=0x00000000
     337475.000 ns	     33746	8000716c	008f73b3	and	x7,x30,x8	 x30:0xec5313c0  x8:0x00000200  x7=0x00000200
     337495.000 ns	     33748	80007170	c00bcfd3	fcvt.w.s	x31,f23	 f23:0x419837af x31=0x00000013
     337525.000 ns	     33751	80007174	20e618d3	fsgnjn.s	f17,f12,f14	 f12:0xffc00000 f14:0xffc00000 f17=0x7fc00000
     337545.000 ns	     33753	80007178	41bc8133	sub	x2,x25,x27	 x25:0x00000000 x27:0xffffffff  x2=0x00000001
     337555.000 ns	     33754	8000717c	00885a33	srl	x20,x16,x8	 x16:0x00000004  x8:0x00000200 x20=0x00000004
     337575.000 ns	     33756	80007180	e00590d3	fclass.s	x1,f11	 f11:0x00000000  x1=0x00000010
     337605.000 ns	     33759	80007184	034cabb3	mulhsu	x23,x25,x20	 x25:0x00000000 x20:0x76eedfeb x23=0x00000000
     337625.000 ns	     33761	80007188	016cf733	and	x14,x25,x22	 x25:0x00000000 x22:0x00004003 x14=0x00000000
     337635.000 ns	     33762	8000718c	00d517b3	sll	x15,x10,x13	 x10:0x00000000 x13:0x6eedfeb0 x15=0x00000000
     337645.000 ns	     33763	80007190	019cd533	srl	x10,x25,x25	 x25:0x00000000 x25:0x00000000 x10=0x00000000
     337655.000 ns	     33764	80007194	00ab71b3	and	x3,x22,x10	 x22:0x00004003 x10:0x00000000  x3=0x00000000
     337675.000 ns	     33766	80007198	28cb99d3	fmax.s	f19,f23,f12	 f23:0x419837af f12:0xffc00000 f19=0x419837af
     337705.000 ns	     33769	8000719c	a1e7a7d3	feq.s	x15,f15,f30	 f15:0x00000000 f30:0x7fc00000 x15=0x00000000
     337725.000 ns	     33771	800071a0	41565293	srai	x5,x12,0x15	 x12:0x803ffa77  x5=0xfffffc01
     337745.000 ns	     33773	800071a4	039bfd33	remu	x26,x23,x25	 x23:0x00000000 x25:0x00000000 x26=0x00000000
     337765.000 ns	     33775	800071a8	00791cb3	sll	x25,x18,x7	 x18:0x80040fe4  x7:0x00000200 x25=0x80040fe4
     337795.000 ns	     33778	800071ac	10a48c53	fmul.s	f24,f9,f10	  f9:0x7fc00000 f10:0x80000000 f24=0x7fc00000
     337825.000 ns	     33781	800071b0	e00986d3	fmv.x.w	x13,f19	 f19:0x419837af x13=0x419837af
     337855.000 ns	     33784	800071b4	0259b833	mulhu	x16,x19,x5	 x19:0x00000000  x5:0xfffffc01 x16=0x00000000
     337875.000 ns	     33786	800071b8	00e0d8b3	srl	x17,x1,x14	  x1:0x00000010 x14:0x00000000 x17=0x00000010
     337885.000 ns	     33787	800071bc	79d3e393	ori	x7,x7,1949	  x7:0x00000200  x7=0x0000079d
     338245.000 ns	     33823	800071c0	03c96a33	rem	x20,x18,x28	 x18:0x80040fe4 x28:0x00000001 x20=0x00000000
     338615.000 ns	     33860	800071c4	0399f433	remu	x8,x19,x25	 x19:0x00000000 x25:0x80040fe4  x8=0x00000000
     338635.000 ns	     33862	800071c8	00000013	addi	x0,x0,0	  x0:0x00000000
     338645.000 ns	     33863	800071cc	01d0d493	srli	x9,x1,0x1d	  x1:0x00000010  x9=0x00000000
     338665.000 ns	     33865	800071d0	28a019d3	fmax.s	f19,f0,f10	  f0:0x7fc00000 f10:0x80000000 f19=0x80000000
     338695.000 ns	     33868	800071d4	c00a2bd3	fcvt.w.s	x23,f20	 f20:0x80000000 x23=0x00000000
     338715.000 ns	     33870	800071d8	77264eb7	lui	x29,0x77264	 x29=0x77264000
     338735.000 ns	     33872	800071dc	d01bfb53	fcvt.s.wu	f22,x23	 x23:0x00000000 f22=0x00000000
     338755.000 ns	     33874	800071e0	4075dd33	sra	x26,x11,x7	 x11:0x00000309  x7:0x0000079d x26=0x00000000
     338775.000 ns	     33876	800071e4	289f1ad3	fmax.s	f21,f30,f9	 f30:0x7fc00000  f9:0x7fc00000 f21=0x7fc00000
     338795.000 ns	     33878	800071e8	41eddd13	srai	x26,x27,0x1e	 x27:0xffffffff x26=0xffffffff
     338815.000 ns	     33880	800071ec	a1819c53	flt.s	x24,f3,f24	  f3:0x419837af f24:0x7fc00000 x24=0x00000000
     338845.000 ns	     33883	800071f0	03f81b33	mulh	x22,x16,x31	 x16:0x00000000 x31:0x00000013 x22=0x00000000
     338885.000 ns	     33887	800071f4	109b71d3	fmul.s	f3,f22,f9	 f22:0x00000000  f9:0x7fc00000  f3=0x7fc00000
     338915.000 ns	     33890	800071f8	21d01ad3	fsgnjn.s	f21,f0,f29	  f0:0x7fc00000 f29:0x4f4ee4fb f21=0xffc00000
     338945.000 ns	     33893	800071fc	29860453	fmin.s	f8,f12,f24	 f12:0xffc00000 f24:0x7fc00000  f8=0x7fc00000
     338965.000 ns	     33895	80007200	59390413	addi	x8,x18,1427	 x18:0x80040fe4  x8=0x80041577
     338985.000 ns	     33897	80007204	e00c0ad3	fmv.x.w	x21,f24	 f24:0x7fc00000 x21=0x7fc00000
     339015.000 ns	     33900	80007208	037a32b3	mulhu	x5,x20,x23	 x20:0x00000000 x23:0x00000000  x5=0x00000000
     339035.000 ns	     33902	8000720c	011341b3	xor	x3,x6,x17	  x6:0x80041024 x17:0x00000010  x3=0x80041034
     339055.000 ns	     33904	80007210	20442f53	fsgnjx.s	f30,f8,f4	  f8:0x7fc00000  f4:0x80000000 f30=0xffc00000
     339085.000 ns	     33907	80007214	e00f1c53	fclass.s	x24,f30	 f30:0x7fc00000 x24=0x00000200
     339105.000 ns	     33909	80007218	4158d693	srai	x13,x17,0x15	 x17:0x00000010 x13=0x00000000
     339115.000 ns	     33910	8000721c	e4cf2a13	slti	x20,x30,-436	 x30:0xec5313c0 x20=0x00000001
     339475.000 ns	     33946	80007220	0220e533	rem	x10,x1,x2	  x1:0x00000010  x2:0x00000001 x10=0x00000000
     339495.000 ns	     33948	80007224	778a4613	xori	x12,x20,1912	 x20:0x00000000 x12=0x00000779
     339515.000 ns	     33950	80007228	033276b3	remu	x13,x4,x19	  x4:0x00000000 x19:0x00000000 x13=0x00000000
     339545.000 ns	     33953	8000722c	02889e33	mulh	x28,x17,x8	 x17:0x00000010  x8:0x80041577 x28=0xfffffff8
     340725.000 ns	     34071	80007230	580bfad3	fsqrt.s	f21,f23	 f23:0x419837af f21=0x408b9570
     340765.000 ns	     34075	80007234	102b8cd3	fmul.s	f25,f23,f2	 f23:0x419837af  f2:0x7fc00000 f25=0x7fc00000
     340795.000 ns	     34078	80007238	2008a253	fsgnjx.s	f4,f17,f0	 f17:0x7fc00000  f0:0x7fc00000  f4=0x7fc00000
     340825.000 ns	     34081	8000723c	c00246d3	fcvt.w.s	x13,f4	  f4:0x80000000 x13=0x7fffffff
     340845.000 ns	     34083	80007240	400bd533	sra	x10,x23,x0	 x23:0x00000000  x0:0x00000000 x10=0x00000000
     340855.000 ns	     34084	80007244	01485593	srli	x11,x16,0x14	 x16:0x00000000 x11=0x00000000
     340865.000 ns	     34085	80007248	01ac8533	add	x10,x25,x26	 x25:0x80040fe4 x26:0xffffffff x10=0x80040fe3
     340895.000 ns	     34088	8000724c	111eb2d3	fmul.s	f5,f29,f17	 f29:0x4f4ee4fb f17:0x7fc00000  f5=0x7fc00000
     340925.000 ns	     34091	80007250	e00b12d3	fclass.s	x5,f22	 f22:0x00000000  x5=0x00000010
     340955.000 ns	     34094	80007254	d0067ed3	fcvt.s.w	f29,x12	 x12:0x00000779 f29=0x44ef2000
     340975.000 ns	     34096	80007258	01be5d33	srl	x26,x28,x27	 x28:0xfffffff8 x27:0xffffffff x26=0x00000001
     342145.000 ns	     34213	8000725c	580af9d3	fsqrt.s	f19,f21	 f21:0x408b9570 f19=0x4005aa69
     342165.000 ns	     34215	80007260	802a7b93	andi	x23,x20,-2046	 x20:0x00000001 x23=0x00000000
     342195.000 ns	     34218	80007264	182c7fd3	fdiv.s	f31,f24,f2	 f24:0x7fc00000  f2:0x7fc00000 f31=0x7fc00000
     342225.000 ns	     34221	80007268	218c8e53	fsgnj.s	f28,f25,f24	 f25:0x7fc00000 f24:0x7fc00000 f28=0x7fc00000
     342255.000 ns	     34224	8000726c	e0088153	fmv.x.w	x2,f17	 f17:0x7fc00000  x2=0x7fc00000
     342275.000 ns	     34226	80007270	0181d2b3	srl	x5,x3,x24	  x3:0x80041034 x24:0x00000200  x5=0x80041034
     342635.000 ns	     34262	80007274	03a3c533	div	x10,x7,x26	  x7:0x0000079d x26:0x00000001 x10=0x0000079d
     342665.000 ns	     34265	80007278	02d0b833	mulhu	x16,x1,x13	  x1:0x00000010 x13:0x7fffffff x16=0x00000007
     342695.000 ns	     34268	8000727c	030a9eb3	mulh	x29,x21,x16	 x21:0x7fc00000 x16:0x00000000 x29=0x00000003
     342725.000 ns	     34271	80007280	a08b19d3	flt.s	x19,f22,f8	 f22:0x00000000  f8:0x7fc00000 x19=0x00000000
     342755.000 ns	     34274	80007284	f0058453	fmv.w.x	f8,x11	 x11:0x00000000  f8=0x00000000
     342775.000 ns	     34276	80007288	00c43733	sltu	x14,x8,x12	  x8:0x80041577 x12:0x00000779 x14=0x00000000
     342795.000 ns	     34278	8000728c	d002f5d3	fcvt.s.w	f11,x5	  x5:0x80041034 f11=0xcefff7df
     342815.000 ns	     34280	80007290	41b903b3	sub	x7,x18,x27	 x18:0x80040fe4 x27:0xffffffff  x7=0x80040fe5
     342855.000 ns	     34284	80007294	013bb6d3	fadd.s	f13,f23,f19	 f23:0x419837af f19:0x4005aa69 f13=0x41a8ecfd
     342885.000 ns	     34287	80007298	03f9b633	mulhu	x12,x19,x31	 x19:0x00000000 x31:0x00000013 x12=0x00000000
     342905.000 ns	     34289	8000729c	01f4d893	srli	x17,x9,0x1f	  x9:0x00000000 x17=0x00000000
     342915.000 ns	     34290	800072a0	41a98433	sub	x8,x19,x26	 x19:0x00000000 x26:0x00000001  x8=0xffffffff
     342925.000 ns	     34291	800072a4	1c248a93	addi	x21,x9,450	  x9:0x00000000 x21=0x000001c2
     342935.000 ns	     34292	800072a8	012abcb3	sltu	x25,x21,x18	 x21:0x7fc00000 x18:0x80040fe4 x25=0x00000001
     342955.000 ns	     34294	800072ac	02c86a33	rem	x20,x16,x12	 x16:0x00000007 x12:0x00000000 x20=0x00000007
     342985.000 ns	     34297	800072b0	e0088e53	fmv.x.w	x28,f17	 f17:0x7fc00000 x28=0x7fc00000
     343005.000 ns	     34299	800072b4	004332b3	sltu	x5,x6,x4	  x6:0x80041024  x4:0x00000000  x5=0x00000000
     343015.000 ns	     34300	800072b8	85d1f293	andi	x5,x3,-1955	  x3:0x80041034  x5=0x80041014
     343025.000 ns	     34301	800072bc	01888cb3	add	x25,x17,x24	 x17:0x00000000 x24:0x00000200 x25=0x00000200
     343055.000 ns	     34304	800072c0	18fe10d3	fdiv.s	f1,f28,f15	 f28:0x7fc00000 f15:0x00000000  f1=0x7fc00000
     343085.000 ns	     34307	800072c4	d01f80d3	fcvt.s.wu	f1,x31	 x31:0x00000013  f1=0x41980000
     343135.000 ns	     34312	800072c8	0108bb53	fadd.s	f22,f17,f16	 f17:0x7fc00000 f16:0xffc00000 f22=0x7fc00000
     343165.000 ns	     34315	800072cc	a0422ad3	feq.s	x21,f4,f4	  f4:0x7fc00000  f4:0x7fc00000 x21=0x00000000
     343195.000 ns	     34318	800072d0	c013fbd3	fcvt.wu.s	x23,f7	  f7:0x7fc00000 x23=0xffffffff
     343215.000 ns	     34320	800072d4	001fb633	sltu	x12,x31,x1	 x31:0x00000013  x1:0x00000010 x12=0x00000000
     343235.000 ns	     34322	800072d8	037eb4b3	mulhu	x9,x29,x23	 x29:0x00000003 x23:0xffffffff  x9=0x00000002
     343265.000 ns	     34325	800072dc	03160e33	mul	x28,x12,x17	 x12:0x00000000 x17:0x00000000 x28=0x00000000
     343285.000 ns	     34327	800072e0	5b4e7c13	andi	x24,x28,1460	 x28:0x7fc00000 x24=0x00000000
     343305.000 ns	     34329	800072e4	03343db3	mulhu	x27,x8,x19	  x8:0xffffffff x19:0x00000000 x27=0x00000000
     343335.000 ns	     34332	800072e8	d0084053	fcvt.s.w	f0,x16	 x16:0x00000007  f0=0x40e00000
     343355.000 ns	     34334	800072ec	bb356497	auipc	x9,0xbb356	  x9=0x3b35d2ec
     343365.000 ns	     34335	800072f0	010584b3	add	x9,x11,x16	 x11:0x00000000 x16:0x00000007  x9=0x00000007
     343385.000 ns	     34337	800072f4	a0b32cd3	feq.s	x25,f6,f11	  f6:0x00000000 f11:0xcefff7df x25=0x00000000
     343415.000 ns	     34340	800072f8	29c60b53	fmin.s	f22,f12,f28	 f12:0xffc00000 f28:0x7fc00000 f22=0x7fc00000
     343435.000 ns	     34342	800072fc	01a39bb3	sll	x23,x7,x26	  x7:0x80040fe5 x26:0x00000001 x23=0x00081fca
     343455.000 ns	     34344	80007300	e0019d53	fclass.s	x26,f3	  f3:0x7fc00000 x26=0x00000200
     343475.000 ns	     34346	80007304	0cee7c93	andi	x25,x28,206	 x28:0x00000000 x25=0x00000000
     343485.000 ns	     34347	80007308	41e8db93	srai	x23,x17,0x1e	 x17:0x00000000 x23=0x00000000
     343495.000 ns	     34348	8000730c	5a972293	slti	x5,x14,1449	 x14:0x00000000  x5=0x00000001
     343515.000 ns	     34350	80007310	c010f4d3	fcvt.wu.s	x9,f1	  f1:0x41980000  x9=0x00000013
     343545.000 ns	     34353	80007314	20052e53	fsgnjx.s	f28,f10,f0	 f10:0x80000000  f0:0x40e00000 f28=0x80000000
     343585.000 ns	     34357	80007318	580f7cd3	fsqrt.s	f25,f30	 f30:0xffc00000 f25=0x7fc00000
     343605.000 ns	     34359	8000731c	dc252613	slti	x12,x10,-574	 x10:0x0000079d x12=0x00000000
     343625.000 ns	     34361	80007320	03dcac33	mulhsu	x24,x25,x29	 x25:0x00000000 x29:0x00000003 x24=0x00000000
     343645.000 ns	     34363	80007324	00806a33	or	x20,x0,x8	  x0:0x00000000  x8:0xffffffff x20=0xffffffff
     343655.000 ns	     34364	80007328	40dd81b3	sub	x3,x27,x13	 x27:0x00000000 x13:0x7fffffff  x3=0x80000001
     343685.000 ns	     34367	8000732c	10979553	fmul.s	f10,f15,f9	 f15:0x00000000  f9:0x7fc00000 f10=0x7fc00000
     344055.000 ns	     34404	80007330	0291f233	remu	x4,x3,x9	  x3:0x80041034  x9:0x00000013  x4=0x00000004
     344085.000 ns	     34407	80007334	032e2133	mulhsu	x2,x28,x18	 x28:0x00000000 x18:0x80040fe4  x2=0x00000000
     344105.000 ns	     34409	80007338	41c75c93	srai	x25,x14,0x1c	 x14:0x00000000 x25=0x00000000
     344115.000 ns	     34410	8000733c	3836c037	lui	x0,0x3836c	
     344125.000 ns	     34411	80007340	00412433	slt	x8,x2,x4	  x2:0x00000000  x4:0x00000004  x8=0x00000001
     344145.000 ns	     34413	80007344	036e71b3	remu	x3,x28,x22	 x28:0x00000000 x22:0x00000000  x3=0x00000000
     344165.000 ns	     34415	80007348	b5e7e493	ori	x9,x15,-1186	 x15:0x00000000  x9=0xfffffb5e
     344525.000 ns	     34451	8000734c	025dc1b3	div	x3,x27,x5	 x27:0x00000000  x5:0x00000001  x3=0x00000000
     344565.000 ns	     34455	80007350	18067c53	fdiv.s	f24,f12,f0	 f12:0xffc00000  f0:0x40e00000 f24=0x7fc00000
     344935.000 ns	     34492	80007354	03f9e0b3	rem	x1,x19,x31	 x19:0x00000000 x31:0x00000013  x1=0x00000000
     344965.000 ns	     34495	80007358	c01d3553	fcvt.wu.s	x10,f26	 f26:0xff800000 x10=0x00000000
     345015.000 ns	     34500	8000735c	0991f5d3	fsub.s	f11,f3,f25	  f3:0x7fc00000 f25:0x7fc00000 f11=0x7fc00000
     345045.000 ns	     34503	80007360	02efe633	rem	x12,x31,x14	 x31:0x00000013 x14:0x00000000 x12=0x00000013
     345075.000 ns	     34506	80007364	a0fe9e53	flt.s	x28,f29,f15	 f29:0x44ef2000 f15:0x00000000 x28=0x00000000
     345105.000 ns	     34509	80007368	d0163453	fcvt.s.wu	f8,x12	 x12:0x00000013  f8=0x41980000
     345125.000 ns	     34511	8000736c	a49f8613	addi	x12,x31,-1463	 x31:0x00000013 x12=0xfffffa5c
     345135.000 ns	     34512	80007370	5c280e37	lui	x28,0x5c280	 x28=0x5c280000
     345155.000 ns	     34514	80007374	f00b0f53	fmv.w.x	f30,x22	 x22:0x00000000 f30=0x00000000
     345185.000 ns	     34517	80007378	202020d3	fsgnjx.s	f1,f0,f2	  f0:0x40e00000  f2:0x7fc00000  f1=0x40e00000
     345235.000 ns	     34522	8000737c	08e8f553	fsub.s	f10,f17,f14	 f17:0x7fc00000 f14:0xffc00000 f10=0x7fc00000
     345265.000 ns	     34525	80007380	0235ae33	mulhsu	x28,x11,x3	 x11:0x00000000  x3:0x00000000 x28=0x00000000
     345285.000 ns	     34527	80007384	41135533	sra	x10,x6,x17	  x6:0x80041024 x17:0x00000000 x10=0x80041024
     345295.000 ns	     34528	80007388	5b4ab613	sltiu	x12,x21,1460	 x21:0x00000000 x12=0x00000001
     345305.000 ns	     34529	8000738c	016b1193	slli	x3,x22,0x16	 x22:0x00000000  x3=0x00000000
     345325.000 ns	     34531	80007390	a11baed3	feq.s	x29,f23,f17	 f23:0x419837af f17:0x7fc00000 x29=0x00000000
     345355.000 ns	     34534	80007394	c0123653	fcvt.wu.s	x12,f4	  f4:0x7fc00000 x12=0xffffffff
     345375.000 ns	     34536	80007398	007f5093	srli	x1,x30,0x7	 x30:0xec5313c0  x1=0x01d8a627
     345735.000 ns	     34572	8000739c	03a76fb3	rem	x31,x14,x26	 x14:0x00000000 x26:0x00000200 x31=0x00000000
     345775.000 ns	     34576	800073a0	10b523d3	fmul.s	f7,f10,f11	 f10:0x7fc00000 f11:0x7fc00000  f7=0x7fc00000
     345805.000 ns	     34579	800073a4	d015fbd3	fcvt.s.wu	f23,x11	 x11:0x00000000 f23=0x00000000
     345825.000 ns	     34581	800073a8	ec0c7b93	andi	x23,x24,-320	 x24:0x00000000 x23=0x00000000
     345845.000 ns	     34583	800073ac	28d49453	fmax.s	f8,f9,f13	  f9:0x7fc00000 f13:0x41a8ecfd  f8=0x41a8ecfd
     345865.000 ns	     34585	800073b0	74ff0617	auipc	x12,0x74ff0	 x12=0xf4ff73b0
     345875.000 ns	     34586	800073b4	d9458f93	addi	x31,x11,-620	 x11:0x00000000 x31=0xfffffd94
     345885.000 ns	     34587	800073b8	46612713	slti	x14,x2,1126	  x2:0x00000000 x14=0x00000001
     345895.000 ns	     34588	800073bc	41a9d5b3	sra	x11,x19,x26	 x19:0x00000000 x26:0x00000200 x11=0x00000000
     345905.000 ns	     34589	800073c0	00e14133	xor	x2,x2,x14	  x2:0x00000000 x14:0x00000000  x2=0x00000001
     345945.000 ns	     34593	800073c4	0969fa53	fsub.s	f20,f19,f22	 f19:0x4005aa69 f22:0x7fc00000 f20=0x7fc00000
     345975.000 ns	     34596	800073c8	a0d597d3	flt.s	x15,f11,f13	 f11:0x7fc00000 f13:0x41a8ecfd x15=0x00000000
     345995.000 ns	     34598	800073cc	489a2b17	auipc	x22,0x489a2	 x22=0xc89a93cc
     346005.000 ns	     34599	800073d0	2323fc13	andi	x24,x7,562	  x7:0x80040fe5 x24=0x00000220
     346025.000 ns	     34601	800073d4	29da1753	fmax.s	f14,f20,f29	 f20:0x7fc00000 f29:0x44ef2000 f14=0x44ef2000
     346075.000 ns	     34606	800073d8	01a37953	fadd.s	f18,f6,f26	  f6:0x00000000 f26:0xff800000 f18=0xff800000
     346105.000 ns	     34609	800073dc	a0b72753	feq.s	x14,f14,f11	 f14:0x44ef2000 f11:0x7fc00000 x14=0x00000000
     346125.000 ns	     34611	800073e0	004f8133	add	x2,x31,x4	 x31:0xfffffd94  x4:0x00000004  x2=0xfffffd98
     346145.000 ns	     34613	800073e4	209b1ed3	fsgnjn.s	f29,f22,f9	 f22:0x7fc00000  f9:0x7fc00000 f29=0xffc00000
     346175.000 ns	     34616	800073e8	e00608d3	fmv.x.w	x17,f12	 f12:0xffc00000 x17=0xffc00000
     346205.000 ns	     34619	800073ec	29ce9c53	fmax.s	f24,f29,f28	 f29:0xffc00000 f28:0x80000000 f24=0x80000000
     346235.000 ns	     34622	800073f0	29208fd3	fmin.s	f31,f1,f18	  f1:0x40e00000 f18:0xff800000 f31=0xff800000
     346265.000 ns	     34625	800073f4	02d41433	mulh	x8,x8,x13	  x8:0x00000001 x13:0x7fffffff  x8=0x00000000
     346295.000 ns	     34628	800073f8	e0069e53	fclass.s	x28,f13	 f13:0x41a8ecfd x28=0x00000040
     346335.000 ns	     34632	800073fc	10ab75d3	fmul.s	f11,f22,f10	 f22:0x7fc00000 f10:0x7fc00000 f11=0x7fc00000
     346355.000 ns	     34634	80007400	007566b3	or	x13,x10,x7	 x10:0x80041024  x7:0x80040fe5 x13=0x80041fe5
     346375.000 ns	     34636	80007404	c0009cd3	fcvt.w.s	x25,f1	  f1:0x40e00000 x25=0x00000007
     346395.000 ns	     34638	80007408	00d0ecb3	or	x25,x1,x13	  x1:0x01d8a627 x13:0x7fffffff x25=0x81dcbfe7
     346405.000 ns	     34639	8000740c	f4fe5eb7	lui	x29,0xf4fe5	 x29=0xf4fe5000
     346425.000 ns	     34641	80007410	e00e9fd3	fclass.s	x31,f29	 f29:0xffc00000 x31=0x00000200
     346445.000 ns	     34643	80007414	bface137	lui	x2,0xbface	  x2=0xbface000
     346455.000 ns	     34644	80007418	adffba93	sltiu	x21,x31,-1313	 x31:0x00000200 x21=0x00000001
     346475.000 ns	     34646	8000741c	f00d81d3	fmv.w.x	f3,x27	 x27:0x00000000  f3=0x00000000
     346495.000 ns	     34648	80007420	4053d893	srai	x17,x7,0x5	  x7:0x80040fe5 x17=0xfc00207f
     346515.000 ns	     34650	80007424	e0090c53	fmv.x.w	x24,f18	 f18:0xff800000 x24=0xff800000
     346535.000 ns	     34652	80007428	40395cb3	sra	x25,x18,x3	 x18:0x80040fe4  x3:0x00000000 x25=0x80040fe4
     346565.000 ns	     34655	8000742c	10f8f6d3	fmul.s	f13,f17,f15	 f17:0x7fc00000 f15:0x00000000 f13=0x7fc00000
     346605.000 ns	     34659	80007430	11537853	fmul.s	f16,f6,f21	  f6:0x00000000 f21:0x408b9570 f16=0x00000000
     346625.000 ns	     34661	80007434	0067dc93	srli	x25,x15,0x6	 x15:0x00000000 x25=0x00000000
     346635.000 ns	     34662	80007438	ca80d6b7	lui	x13,0xca80d	 x13=0xca80d000
     346645.000 ns	     34663	8000743c	01bb1493	slli	x9,x22,0x1b	 x22:0xc89a93cc  x9=0x60000000
     346685.000 ns	     34667	80007440	09a725d3	fsub.s	f11,f14,f26	 f14:0x44ef2000 f26:0xff800000 f11=0x7f800000
     346705.000 ns	     34669	80007444	01993a33	sltu	x20,x18,x25	 x18:0x80040fe4 x25:0x00000000 x20=0x00000000
     346725.000 ns	     34671	80007448	02db8eb3	mul	x29,x23,x13	 x23:0x00000000 x13:0xca80d000 x29=0x00000000
     346755.000 ns	     34674	8000744c	02ac36b3	mulhu	x13,x24,x10	 x24:0xff800000 x10:0x80041024 x13=0x7fc40e1b
     346775.000 ns	     34676	80007450	41c30d13	addi	x26,x6,1052	  x6:0x80041024 x26=0x80041440
     346795.000 ns	     34678	80007454	03330133	mul	x2,x6,x19	  x6:0x80041024 x19:0x00000000  x2=0x00000000
     346835.000 ns	     34682	80007458	18d4bc53	fdiv.s	f24,f9,f13	  f9:0x7fc00000 f13:0x7fc00000 f24=0x7fc00000
     346855.000 ns	     34684	8000745c	411b5593	srai	x11,x22,0x11	 x22:0xc89a93cc x11=0xffffe44d
     346865.000 ns	     34685	80007460	0076d1b3	srl	x3,x13,x7	 x13:0x7fc40e1b  x7:0x80040fe5  x3=0x03fe2070
     346875.000 ns	     34686	80007464	7aea9497	auipc	x9,0x7aea9	  x9=0xfaeb0464
     347235.000 ns	     34722	80007468	024af1b3	remu	x3,x21,x4	 x21:0x00000001  x4:0x00000004  x3=0x00000001
     347255.000 ns	     34724	8000746c	01874c33	xor	x24,x14,x24	 x14:0x00000000 x24:0xff800000 x24=0xff800000
     347275.000 ns	     34726	80007470	a02027d3	feq.s	x15,f0,f2	  f0:0x40e00000  f2:0x7fc00000 x15=0x00000000
     347295.000 ns	     34728	80007474	00f50fb3	add	x31,x10,x15	 x10:0x80041024 x15:0x00000000 x31=0x80041024
     347305.000 ns	     34729	80007478	01198233	add	x4,x19,x17	 x19:0x00000000 x17:0xfc00207f  x4=0xfc00207f
     347325.000 ns	     34731	8000747c	a1fca453	feq.s	x8,f25,f31	 f25:0x7fc00000 f31:0xff800000  x8=0x00000000
     347345.000 ns	     34733	80007480	41e3d213	srai	x4,x7,0x1e	  x7:0x80040fe5  x4=0xfffffffe
     347365.000 ns	     34735	80007484	02d70b33	mul	x22,x14,x13	 x14:0x00000000 x13:0x7fc40e1b x22=0x00000000
     347395.000 ns	     34738	80007488	e00f0bd3	fmv.x.w	x23,f30	 f30:0x00000000 x23=0x00000000
     347415.000 ns	     34740	8000748c	41315793	srai	x15,x2,0x13	  x2:0x00000000 x15=0x00000000
     347435.000 ns	     34742	80007490	29f51653	fmax.s	f12,f10,f31	 f10:0x7fc00000 f31:0xff800000 f12=0xff800000
     347465.000 ns	     34745	80007494	20f809d3	fsgnj.s	f19,f16,f15	 f16:0x00000000 f15:0x00000000 f19=0x00000000
     347495.000 ns	     34748	80007498	f00d85d3	fmv.w.x	f11,x27	 x27:0x00000000 f11=0x00000000
     347515.000 ns	     34750	8000749c	25447793	andi	x15,x8,596	  x8:0x00000000 x15=0x00000000
     347535.000 ns	     34752	800074a0	a1c019d3	flt.s	x19,f0,f28	  f0:0x40e00000 f28:0x80000000 x19=0x00000000
     347555.000 ns	     34754	800074a4	005e9113	slli	x2,x29,0x5	 x29:0x00000000  x2=0x00000000
     347575.000 ns	     34756	800074a8	03a03233	mulhu	x4,x0,x26	  x0:0x00000000 x26:0x80041440  x4=0x00000000
     347605.000 ns	     34759	800074ac	211027d3	fsgnjx.s	f15,f0,f17	  f0:0x40e00000 f17:0x7fc00000 f15=0x40e00000
     347645.000 ns	     34763	800074b0	10b7fb53	fmul.s	f22,f15,f11	 f15:0x00000000 f11:0x00000000 f22=0x00000000
     347675.000 ns	     34766	800074b4	d0118053	fcvt.s.wu	f0,x3	  x3:0x00000001  f0=0x3f800000
     347695.000 ns	     34768	800074b8	e28c7193	andi	x3,x24,-472	 x24:0xff800000  x3=0xff800000
     347715.000 ns	     34770	800074bc	034f1033	mulh	x0,x30,x20	 x30:0xec5313c0 x20:0x00000000
     347745.000 ns	     34773	800074c0	03bcf733	remu	x14,x25,x27	 x25:0x00000000 x27:0x00000000 x14=0x00000000
     347785.000 ns	     34777	800074c4	580c71d3	fsqrt.s	f3,f24	 f24:0x7fc00000  f3=0x7fc00000
     347805.000 ns	     34779	800074c8	0ae9fe93	andi	x29,x19,174	 x19:0x00000000 x29=0x00000000
     347815.000 ns	     34780	800074cc	005eaa33	slt	x20,x29,x5	 x29:0x00000000  x5:0x00000001 x20=0x00000001
     347835.000 ns	     34782	800074d0	e00a0b53	fmv.x.w	x22,f20	 f20:0x7fc00000 x22=0x7fc00000
     347865.000 ns	     34785	800074d4	a02d0b53	fle.s	x22,f26,f2	 f26:0xff800000  f2:0x7fc00000 x22=0x00000000
     347895.000 ns	     34788	800074d8	02be3db3	mulhu	x27,x28,x11	 x28:0x00000040 x11:0xffffe44d x27=0x0000003f
     347915.000 ns	     34790	800074dc	01568b33	add	x22,x13,x21	 x13:0x7fc40e1b x21:0x00000001 x22=0x7fc40e1c
     347935.000 ns	     34792	800074e0	28eb0e53	fmin.s	f28,f22,f14	 f22:0x00000000 f14:0x44ef2000 f28=0x00000000
     347955.000 ns	     34794	800074e4	40a58e33	sub	x28,x11,x10	 x11:0xffffe44d x10:0x80041024 x28=0x7ffbd429
     347975.000 ns	     34796	800074e8	2154a653	fsgnjx.s	f12,f9,f21	  f9:0x7fc00000 f21:0x408b9570 f12=0x7fc00000
     348005.000 ns	     34799	800074ec	032b2b33	mulhsu	x22,x22,x18	 x22:0x7fc40e1c x18:0x80040fe4 x22=0x3fe40e0c
     348025.000 ns	     34801	800074f0	00b05493	srli	x9,x0,0xb	  x0:0x00000000  x9=0x00000000
     348035.000 ns	     34802	800074f4	001e30b3	sltu	x1,x28,x1	 x28:0x7ffbd429  x1:0x01d8a627  x1=0x00000000
     348045.000 ns	     34803	800074f8	008c1593	slli	x11,x24,0x8	 x24:0xff800000 x11=0x80000000
     348065.000 ns	     34805	800074fc	02ee02b3	mul	x5,x28,x14	 x28:0x7ffbd429 x14:0x00000000  x5=0x00000000
     348105.000 ns	     34809	80007500	580a7bd3	fsqrt.s	f23,f20	 f20:0x7fc00000 f23=0x7fc00000
     348135.000 ns	     34812	80007504	21e02a53	fsgnjx.s	f20,f0,f30	  f0:0x3f800000 f30:0x00000000 f20=0x3f800000
     348165.000 ns	     34815	80007508	03f43fb3	mulhu	x31,x8,x31	  x8:0x00000000 x31:0x80041024 x31=0x00000000
     348185.000 ns	     34817	8000750c	ea297093	andi	x1,x18,-350	 x18:0x80040fe4  x1=0x80040ea0
     348195.000 ns	     34818	80007510	d4f8ba13	sltiu	x20,x17,-689	 x17:0xfc00207f x20=0x00000001
     348215.000 ns	     34820	80007514	02eecdb3	div	x27,x29,x14	 x29:0x00000000 x14:0x00000000 x27=0xffffffff
     348245.000 ns	     34823	80007518	0364b5b3	mulhu	x11,x9,x22	  x9:0x00000000 x22:0x3fe40e0c x11=0x00000000
     348615.000 ns	     34860	8000751c	021c4a33	div	x20,x24,x1	 x24:0xff800000  x1:0x80040ea0 x20=0x00000000
     348645.000 ns	     34863	80007520	a002a9d3	feq.s	x19,f5,f0	  f5:0x7fc00000  f0:0x3f800000 x19=0x00000000
     348685.000 ns	     34867	80007524	580584d3	fsqrt.s	f9,f11	 f11:0x00000000  f9=0x00000000
     349055.000 ns	     34904	80007528	02c27833	remu	x16,x4,x12	  x4:0x00000000 x12:0xf4ff73b0 x16=0x00000000
     349075.000 ns	     34906	8000752c	00000013	addi	x0,x0,0	  x0:0x00000000
     349085.000 ns	     34907	80007530	41f7d413	srai	x8,x15,0x1f	 x15:0x00000000  x8=0x00000000
     349115.000 ns	     34910	80007534	11447253	fmul.s	f4,f8,f20	  f8:0x41a8ecfd f20:0x3f800000  f4=0x41a8ecfe
     349135.000 ns	     34912	80007538	01d59713	slli	x14,x11,0x1d	 x11:0x00000000 x14=0x00000000
     349155.000 ns	     34914	8000753c	03499b33	mulh	x22,x19,x20	 x19:0x00000000 x20:0x00000000 x22=0x00000000
     349175.000 ns	     34916	80007540	009b4eb3	xor	x29,x22,x9	 x22:0x3fe40e0c  x9:0x00000000 x29=0x00000000
     349185.000 ns	     34917	80007544	4048d813	srai	x16,x17,0x4	 x17:0xfc00207f x16=0xffc00207
     350355.000 ns	     35034	80007548	5800a4d3	fsqrt.s	f9,f1	  f1:0x40e00000  f9=0x402953fc
     350385.000 ns	     35037	8000754c	a15320d3	feq.s	x1,f6,f21	  f6:0x00000000 f21:0x408b9570  x1=0x00000000
     350405.000 ns	     35039	80007550	0197aab3	slt	x21,x15,x25	 x15:0x00000000 x25:0x00000000 x21=0x00000000
     350415.000 ns	     35040	80007554	49df7fb7	lui	x31,0x49df7	 x31=0x49df7000
     350435.000 ns	     35042	80007558	21e88d53	fsgnj.s	f26,f17,f30	 f17:0x7fc00000 f30:0x00000000 f26=0x7fc00000
     350455.000 ns	     35044	8000755c	4011d2b3	sra	x5,x3,x1	  x3:0xff800000  x1:0x00000000  x5=0xff800000
     350475.000 ns	     35046	80007560	d01ef4d3	fcvt.s.wu	f9,x29	 x29:0x00000000  f9=0x00000000
     350495.000 ns	     35048	80007564	01683233	sltu	x4,x16,x22	 x16:0xffc00207 x22:0x00000000  x4=0x00000000
     350505.000 ns	     35049	80007568	ca553713	sltiu	x14,x10,-859	 x10:0x80041024 x14=0x00000001
     350515.000 ns	     35050	8000756c	4a0ebe37	lui	x28,0x4a0eb	 x28=0x4a0eb000
     350535.000 ns	     35052	80007570	d01e12d3	fcvt.s.wu	f5,x28	 x28:0x7ffbd429  f5=0x4e941d60
     350565.000 ns	     35055	80007574	28271453	fmax.s	f8,f14,f2	 f14:0x44ef2000  f2:0x7fc00000  f8=0x44ef2000
     350595.000 ns	     35058	80007578	208798d3	fsgnjn.s	f17,f15,f8	 f15:0x40e00000  f8:0x41a8ecfd f17=0xc0e00000
     350625.000 ns	     35061	8000757c	027ba533	mulhsu	x10,x23,x7	 x23:0x00000000  x7:0x80040fe5 x10=0x00000000
     350645.000 ns	     35063	80007580	01c01a13	slli	x20,x0,0x1c	  x0:0x00000000 x20=0x00000000
     350675.000 ns	     35066	80007584	10fe0c53	fmul.s	f24,f28,f15	 f28:0x00000000 f15:0x40e00000 f24=0x00000000
     350705.000 ns	     35069	80007588	a14083d3	fle.s	x7,f1,f20	  f1:0x40e00000 f20:0x3f800000  x7=0x00000000
     350725.000 ns	     35071	8000758c	01e33fb3	sltu	x31,x6,x30	  x6:0x80041024 x30:0xec5313c0 x31=0x00000001
     350735.000 ns	     35072	80007590	40915093	srai	x1,x2,0x9	  x2:0x00000000  x1=0x00000000
     351905.000 ns	     35189	80007594	58027bd3	fsqrt.s	f23,f4	  f4:0x41a8ecfe f23=0x40930b9e
     351925.000 ns	     35191	80007598	0085d993	srli	x19,x11,0x8	 x11:0x00000000 x19=0x00000000
     351955.000 ns	     35194	8000759c	18d64f53	fdiv.s	f30,f12,f13	 f12:0x7fc00000 f13:0x7fc00000 f30=0x7fc00000
     351985.000 ns	     35197	800075a0	03c7bb33	mulhu	x22,x15,x28	 x15:0x00000000 x28:0x4a0eb000 x22=0x00000000
     352035.000 ns	     35202	800075a4	08930053	fsub.s	f0,f6,f9	  f6:0x00000000  f9:0x00000000  f0=0x80000000
     352055.000 ns	     35204	800075a8	41085bb3	sra	x23,x16,x16	 x16:0xffc00207 x16:0xffc00207 x23=0xffff8004
     352095.000 ns	     35208	800075ac	002fa0d3	fadd.s	f1,f31,f2	 f31:0xff800000  f2:0x7fc00000  f1=0x7fc00000
     352115.000 ns	     35210	800075b0	017f0db3	add	x27,x30,x23	 x30:0xec5313c0 x23:0x00000000 x27=0xec5293c4
     352475.000 ns	     35246	800075b4	03bce3b3	rem	x7,x25,x27	 x25:0x00000000 x27:0xffffffff  x7=0x00000000
     352495.000 ns	     35248	800075b8	006e1e13	slli	x28,x28,0x6	 x28:0x4a0eb000 x28=0x83ac0000
     352515.000 ns	     35250	800075bc	f0030e53	fmv.w.x	f28,x6	  x6:0x80041024 f28=0x80041024
     352545.000 ns	     35253	800075c0	283b8153	fmin.s	f2,f23,f3	 f23:0x40930b9e  f3:0x7fc00000  f2=0x40930b9e
     352565.000 ns	     35255	800075c4	b5a2a097	auipc	x1,0xb5a2a	  x1=0x35a315c4
     352605.000 ns	     35259	800075c8	08481ed3	fsub.s	f29,f16,f4	 f16:0x00000000  f4:0x41a8ecfe f29=0xc1a8ecfe
     352635.000 ns	     35262	800075cc	031194b3	mulh	x9,x3,x17	  x3:0xff800000 x17:0xfc00207f  x9=0x0001ffef
     352665.000 ns	     35265	800075d0	03564833	div	x16,x12,x21	 x12:0xf4ff73b0 x21:0x00000000 x16=0xffffffff
     352685.000 ns	     35267	800075d4	008f04b3	add	x9,x30,x8	 x30:0xec5313c0  x8:0x00000000  x9=0xec5313c0
     352695.000 ns	     35268	800075d8	4083dc93	srai	x25,x7,0x8	  x7:0x00000000 x25=0x00000000
     352725.000 ns	     35271	800075dc	197d7ed3	fdiv.s	f29,f26,f23	 f26:0x7fc00000 f23:0x40930b9e f29=0x7fc00000
     352745.000 ns	     35273	800075e0	9eeb0c93	addi	x25,x22,-1554	 x22:0x00000000 x25=0xfffff9ee
     352765.000 ns	     35275	800075e4	a1b6a853	feq.s	x16,f13,f27	 f13:0x7fc00000 f27:0x4eedddbf x16=0x00000000
     352795.000 ns	     35278	800075e8	023e08b3	mul	x17,x28,x3	 x28:0x83ac0000  x3:0xff800000 x17=0x00000000
     352825.000 ns	     35281	800075ec	a0d30b53	fle.s	x22,f6,f13	  f6:0x00000000 f13:0x7fc00000 x22=0x00000000
     352845.000 ns	     35283	800075f0	5d30c393	xori	x7,x1,1491	  x1:0x35a315c4  x7=0x35a31017
     352855.000 ns	     35284	800075f4	ed012d13	slti	x26,x2,-304	  x2:0x00000000 x26=0x00000000
     352875.000 ns	     35286	800075f8	20b41853	fsgnjn.s	f16,f8,f11	  f8:0x44ef2000 f11:0x00000000 f16=0xc4ef2000
     353245.000 ns	     35323	800075fc	02726ab3	rem	x21,x4,x7	  x4:0x00000000  x7:0x35a31017 x21=0x00000000
     353265.000 ns	     35325	80007600	23dd0513	addi	x10,x26,573	 x26:0x00000000 x10=0x0000023d
     353275.000 ns	     35326	80007604	411c5b33	sra	x22,x24,x17	 x24:0xff800000 x17:0x00000000 x22=0xff800000
     353305.000 ns	     35329	80007608	10f207d3	fmul.s	f15,f4,f15	  f4:0x41a8ecfe f15:0x40e00000 f15=0x4313cf5e
     353335.000 ns	     35332	8000760c	d0069253	fcvt.s.w	f4,x13	 x13:0x7fc40e1b  f4=0x4eff881c
     353355.000 ns	     35334	80007610	01e5f7b3	and	x15,x11,x30	 x11:0x00000000 x30:0xec5313c0 x15=0x00000000
     353365.000 ns	     35335	80007614	01f6c033	xor	x0,x13,x31	 x13:0x7fc40e1b x31:0x00000001
     353385.000 ns	     35337	80007618	03477a33	remu	x20,x14,x20	 x14:0x00000001 x20:0x00000000 x20=0x00000001
     353405.000 ns	     35339	8000761c	408bdc93	srai	x25,x23,0x8	 x23:0xffff8004 x25=0xffffff80
     353415.000 ns	     35340	80007620	00fbf4b3	and	x9,x23,x15	 x23:0xffff8004 x15:0x00000000  x9=0x00000000
     353425.000 ns	     35341	80007624	0041a0b3	slt	x1,x3,x4	  x3:0xff800000  x4:0x00000000  x1=0x00000001
     353445.000 ns	     35343	80007628	215a9f53	fsgnjn.s	f30,f21,f21	 f21:0x408b9570 f21:0x408b9570 f30=0xc08b9570
     353465.000 ns	     35345	8000762c	01181e33	sll	x28,x16,x17	 x16:0x00000000 x17:0x00000000 x28=0x00000000
     353475.000 ns	     35346	80007630	a4b73e97	auipc	x29,0xa4b73	 x29=0x24b7a630
     353495.000 ns	     35348	80007634	21871053	fsgnjn.s	f0,f14,f24	 f14:0x44ef2000 f24:0x00000000  f0=0xc4ef2000
     353525.000 ns	     35351	80007638	e0051cd3	fclass.s	x25,f10	 f10:0x7fc00000 x25=0x00000200
     353545.000 ns	     35353	8000763c	00000013	addi	x0,x0,0	  x0:0x00000000
     353575.000 ns	     35356	80007640	1107bbd3	fmul.s	f23,f15,f16	 f15:0x4313cf5e f16:0xc4ef2000 f23=0xc88a1112
     353595.000 ns	     35358	80007644	0660f813	andi	x16,x1,102	  x1:0x00000001 x16=0x00000000
     353605.000 ns	     35359	80007648	016c0a33	add	x20,x24,x22	 x24:0xff800000 x22:0xff800000 x20=0xff000000
     353615.000 ns	     35360	8000764c	003b4bb3	xor	x23,x22,x3	 x22:0xff800000  x3:0xff800000 x23=0x00000000
     353625.000 ns	     35361	80007650	005dcfb3	xor	x31,x27,x5	 x27:0xec5293c4  x5:0xff800000 x31=0x13d293c4
     353635.000 ns	     35362	80007654	0166d193	srli	x3,x13,0x16	 x13:0x7fc40e1b  x3=0x000001ff
     353645.000 ns	     35363	80007658	49963c93	sltiu	x25,x12,1177	 x12:0xf4ff73b0 x25=0x00000000
     354005.000 ns	     35399	8000765c	032d7bb3	remu	x23,x26,x18	 x26:0x00000000 x18:0x80040fe4 x23=0x00000000
     354035.000 ns	     35402	80007660	d01c7e53	fcvt.s.wu	f28,x24	 x24:0xff800000 f28=0x4f7f8000
     354065.000 ns	     35405	80007664	d0120753	fcvt.s.wu	f14,x4	  x4:0x00000000 f14=0x00000000
     354095.000 ns	     35408	80007668	e00d9c53	fclass.s	x24,f27	 f27:0x4eedddbf x24=0x00000040
     354115.000 ns	     35410	8000766c	0119b0b3	sltu	x1,x19,x17	 x19:0x00000000 x17:0x00000000  x1=0x00000000
     354125.000 ns	     35411	80007670	1ceffcb7	lui	x25,0x1ceff	 x25=0x1ceff000
     354135.000 ns	     35412	80007674	c5704993	xori	x19,x0,-937	  x0:0x00000000 x19=0xfffffc57
     354145.000 ns	     35413	80007678	014c4db3	xor	x27,x24,x20	 x24:0x00000040 x20:0xff000000 x27=0xff000040
     354155.000 ns	     35414	8000767c	002aa033	slt	x0,x21,x2	 x21:0x00000000  x2:0x00000000
     354175.000 ns	     35416	80007680	f00e0853	fmv.w.x	f16,x28	 x28:0x00000000 f16=0x00000000
     354195.000 ns	     35418	80007684	bb613393	sltiu	x7,x2,-1098	  x2:0x00000000  x7=0x00000001
     354225.000 ns	     35421	80007688	10800b53	fmul.s	f22,f0,f8	  f0:0xc4ef2000  f8:0x44ef2000 f22=0xca5f5cc4
     354245.000 ns	     35423	8000768c	cb7f7a93	andi	x21,x30,-841	 x30:0xec5313c0 x21=0xec531080
     354265.000 ns	     35425	80007690	026b1e33	mulh	x28,x22,x6	 x22:0xff800000  x6:0x80041024 x28=0x003ffdf7
     354295.000 ns	     35428	80007694	03a78c33	mul	x24,x15,x26	 x15:0x00000000 x26:0x00000000 x24=0x00000000
     354315.000 ns	     35430	80007698	5dbd6f97	auipc	x31,0x5dbd6	 x31=0xddbdd698
     354325.000 ns	     35431	8000769c	015e9db3	sll	x27,x29,x21	 x29:0x24b7a630 x21:0xec531080 x27=0x24b7a630
     354345.000 ns	     35433	800076a0	030db4b3	mulhu	x9,x27,x16	 x27:0xff000040 x16:0x00000000  x9=0x00000000
     354365.000 ns	     35435	800076a4	ad4b8197	auipc	x3,0xad4b8	  x3=0x2d4bf6a4
     354385.000 ns	     35437	800076a8	020d4433	div	x8,x26,x0	 x26:0x00000000  x0:0x00000000  x8=0xffffffff
     354415.000 ns	     35440	800076ac	0285b7b3	mulhu	x15,x11,x8	 x11:0x00000000  x8:0x00000000 x15=0x00000000
     354445.000 ns	     35443	800076b0	f00685d3	fmv.w.x	f11,x13	 x13:0x7fc40e1b f11=0x7fc40e1b
     354465.000 ns	     35445	800076b4	4094d613	srai	x12,x9,0x9	  x9:0x00000000 x12=0x00000000
     354485.000 ns	     35447	800076b8	201211d3	fsgnjn.s	f3,f4,f1	  f4:0x4eff881c  f1:0x7fc00000  f3=0xceff881c
     354505.000 ns	     35449	800076bc	010ab2b3	sltu	x5,x21,x16	 x21:0xec531080 x16:0x00000000  x5=0x00000000
     354515.000 ns	     35450	800076c0	017c1613	slli	x12,x24,0x17	 x24:0x00000000 x12=0x00000000
     354525.000 ns	     35451	800076c4	001f2e33	slt	x28,x30,x1	 x30:0xec5313c0  x1:0x00000000 x28=0x00000001
     354545.000 ns	     35453	800076c8	e0060053	fmv.x.w	x0,f12	 f12:0x7fc00000
     354585.000 ns	     35457	800076cc	119c3bd3	fmul.s	f23,f24,f25	 f24:0x00000000 f25:0x7fc00000 f23=0x7fc00000
     354605.000 ns	     35459	800076d0	41770633	sub	x12,x14,x23	 x14:0x00000001 x23:0x00000000 x12=0x00000001
     354615.000 ns	     35460	800076d4	007abe33	sltu	x28,x21,x7	 x21:0xec531080  x7:0x00000001 x28=0x00000000
     354625.000 ns	     35461	800076d8	014883b3	add	x7,x17,x20	 x17:0x00000000 x20:0xff000000  x7=0xff000000
     354635.000 ns	     35462	800076dc	da39ea93	ori	x21,x19,-605	 x19:0xfffffc57 x21=0xfffffdf7
     354995.000 ns	     35498	800076e0	02c7e6b3	rem	x13,x15,x12	 x15:0x00000000 x12:0x00000001 x13=0x00000000
     355015.000 ns	     35500	800076e4	d05dbd93	sltiu	x27,x27,-763	 x27:0x24b7a630 x27=0x00000001
     355025.000 ns	     35501	800076e8	01e1bd33	sltu	x26,x3,x30	  x3:0x2d4bf6a4 x30:0xec5313c0 x26=0x00000001
     355385.000 ns	     35537	800076ec	03f55533	divu	x10,x10,x31	 x10:0x0000023d x31:0xddbdd698 x10=0x00000000
     355405.000 ns	     35539	800076f0	017d4433	xor	x8,x26,x23	 x26:0x00000000 x23:0x00000000  x8=0x00000001
     355415.000 ns	     35540	800076f4	00000013	addi	x0,x0,0	  x0:0x00000000
     355435.000 ns	     35542	800076f8	e00f1fd3	fclass.s	x31,f30	 f30:0xc08b9570 x31=0x00000002
     355465.000 ns	     35545	800076fc	21a201d3	fsgnj.s	f3,f4,f26	  f4:0x4eff881c f26:0x7fc00000  f3=0x4eff881c
     355495.000 ns	     35548	80007700	20048653	fsgnj.s	f12,f9,f0	  f9:0x00000000  f0:0xc4ef2000 f12=0x80000000
     355515.000 ns	     35550	80007704	3e900213	addi	x4,x0,1001	  x0:0x00000000  x4=0x000003e9
     355535.000 ns	     35552	80007708	03fc0c33	mul	x24,x24,x31	 x24:0x00000000 x31:0x00000002 x24=0x00000000
     355565.000 ns	     35555	8000770c	297b0753	fmin.s	f14,f22,f23	 f22:0xca5f5cc4 f23:0x7fc00000 f14=0xca5f5cc4
     355595.000 ns	     35558	80007710	a0fe8053	fle.s	x0,f29,f15	 f29:0x7fc00000 f15:0x4313cf5e
     355615.000 ns	     35560	80007714	66ba6297	auipc	x5,0x66ba6	  x5=0xe6bad714
     355625.000 ns	     35561	80007718	78067d13	andi	x26,x12,1920	 x12:0x00000001 x26=0x00000000
     355635.000 ns	     35562	8000771c	17baa713	slti	x14,x21,379	 x21:0xfffffdf7 x14=0x00000001
     355655.000 ns	     35564	80007720	02bfa8b3	mulhsu	x17,x31,x11	 x31:0x00000002 x11:0x00000000 x17=0x00000000
     355685.000 ns	     35567	80007724	a10e01d3	fle.s	x3,f28,f16	 f28:0x4f7f8000 f16:0x00000000  x3=0x00000000
     355715.000 ns	     35570	80007728	207d29d3	fsgnjx.s	f19,f26,f7	 f26:0x7fc00000  f7:0x7fc00000 f19=0x7fc00000
     355745.000 ns	     35573	8000772c	d001a853	fcvt.s.w	f16,x3	  x3:0x00000000 f16=0x00000000
     355775.000 ns	     35576	80007730	038bfb33	remu	x22,x23,x24	 x23:0x00000000 x24:0x00000000 x22=0x00000000
     355795.000 ns	     35578	80007734	0199a9b3	slt	x19,x19,x25	 x19:0xfffffc57 x25:0x1ceff000 x19=0x00000001
     355805.000 ns	     35579	80007738	009e8833	add	x16,x29,x9	 x29:0x24b7a630  x9:0x00000000 x16=0x24b7a630
     355835.000 ns	     35582	8000773c	580d42d3	fsqrt.s	f5,f26	 f26:0x7fc00000  f5=0x7fc00000
     355865.000 ns	     35585	80007740	d004a253	fcvt.s.w	f4,x9	  x9:0x00000000  f4=0x00000000
     355895.000 ns	     35588	80007744	e0059d53	fclass.s	x26,f11	 f11:0x7fc40e1b x26=0x00000200
     355915.000 ns	     35590	80007748	01a434b3	sltu	x9,x8,x26	  x8:0x00000001 x26:0x00000000  x9=0x00000001
     355925.000 ns	     35591	8000774c	07d3a593	slti	x11,x7,125	  x7:0xff000000 x11=0x00000001
     355955.000 ns	     35594	80007750	580b7f53	fsqrt.s	f30,f22	 f22:0xca5f5cc4 f30=0x7fc00000
     355985.000 ns	     35597	80007754	e00c93d3	fclass.s	x7,f25	 f25:0x7fc00000  x7=0x00000200
     356005.000 ns	     35599	80007758	00000013	addi	x0,x0,0	  x0:0x00000000
     356025.000 ns	     35601	8000775c	d00ac653	fcvt.s.w	f12,x21	 x21:0xfffffdf7 f12=0xc4024000
     356055.000 ns	     35604	80007760	217b97d3	fsgnjn.s	f15,f23,f23	 f23:0x7fc00000 f23:0x7fc00000 f15=0xffc00000
     356085.000 ns	     35607	80007764	212e83d3	fsgnj.s	f7,f29,f18	 f29:0x7fc00000 f18:0xff800000  f7=0xffc00000
     356115.000 ns	     35610	80007768	21f50f53	fsgnj.s	f30,f10,f31	 f10:0x7fc00000 f31:0xff800000 f30=0xffc00000
     356135.000 ns	     35612	8000776c	286d2b13	slti	x22,x26,646	 x26:0x00000200 x22=0x00000001
     356155.000 ns	     35614	80007770	0331ac33	mulhsu	x24,x3,x19	  x3:0x00000000 x19:0x00000001 x24=0x00000000
     356185.000 ns	     35617	80007774	2116a753	fsgnjx.s	f14,f13,f17	 f13:0x7fc00000 f17:0xc0e00000 f14=0xffc00000
     356205.000 ns	     35619	80007778	3e815197	auipc	x3,0x3e815	  x3=0xbe81c778
     356225.000 ns	     35621	8000777c	d0150b53	fcvt.s.wu	f22,x10	 x10:0x00000000 f22=0x00000000
     356245.000 ns	     35623	80007780	00c0a133	slt	x2,x1,x12	  x1:0x00000000 x12:0x00000001  x2=0x00000001
     356255.000 ns	     35624	80007784	0138ccb3	xor	x25,x17,x19	 x17:0x00000000 x19:0x00000001 x25=0x00000001
     356265.000 ns	     35625	80007788	01fe4db3	xor	x27,x28,x31	 x28:0x00000000 x31:0x00000002 x27=0x00000002
     356275.000 ns	     35626	8000778c	00cfdeb3	srl	x29,x31,x12	 x31:0x00000002 x12:0x00000001 x29=0x00000001
     356285.000 ns	     35627	80007790	41bb59b3	sra	x19,x22,x27	 x22:0x00000001 x27:0x00000001 x19=0x00000000
     356295.000 ns	     35628	80007794	e66244b7	lui	x9,0xe6624	  x9=0xe6624000
     356655.000 ns	     35664	80007798	024e53b3	divu	x7,x28,x4	 x28:0x00000000  x4:0x000003e9  x7=0x00000000
     356675.000 ns	     35666	8000779c	008bb3b3	sltu	x7,x23,x8	 x23:0x00000000  x8:0x00000001  x7=0x00000001
     356685.000 ns	     35667	800077a0	402780b3	sub	x1,x15,x2	 x15:0x00000000  x2:0x00000001  x1=0xffffffff
     357045.000 ns	     35703	800077a4	02bde9b3	rem	x19,x27,x11	 x27:0x00000002 x11:0x00000001 x19=0x00000000
     357075.000 ns	     35706	800077a8	02809bb3	mulh	x23,x1,x8	  x1:0x00000000  x8:0x00000001 x23=0xffffffff
     357095.000 ns	     35708	800077ac	03c86493	ori	x9,x16,60	 x16:0x24b7a630  x9=0x24b7a63c
     357105.000 ns	     35709	800077b0	04c08713	addi	x14,x1,76	  x1:0xffffffff x14=0x0000004b
     357115.000 ns	     35710	800077b4	411d0533	sub	x10,x26,x17	 x26:0x00000200 x17:0x00000000 x10=0x00000200
     357125.000 ns	     35711	800077b8	2baa1a97	auipc	x21,0x2baa1	 x21=0xabaa87b8
     357135.000 ns	     35712	800077bc	2afee717	auipc	x14,0x2afee	 x14=0xaaff57bc
     357145.000 ns	     35713	800077c0	d1c2d197	auipc	x3,0xd1c2d	  x3=0x51c347c0
     357165.000 ns	     35715	800077c4	a05720d3	feq.s	x1,f14,f5	 f14:0xffc00000  f5:0x7fc00000  x1=0x00000000
     357185.000 ns	     35717	800077c8	01f8d693	srli	x13,x17,0x1f	 x17:0x00000000 x13=0x00000000
     357195.000 ns	     35718	800077cc	00878c33	add	x24,x15,x8	 x15:0x00000000  x8:0x00000001 x24=0x00000001
     357205.000 ns	     35719	800077d0	00335593	srli	x11,x6,0x3	  x6:0x80041024 x11=0x10008204
     357225.000 ns	     35721	800077d4	29c01fd3	fmax.s	f31,f0,f28	  f0:0xc4ef2000 f28:0x4f7f8000 f31=0x4f7f8000
     357245.000 ns	     35723	800077d8	012d7c33	and	x24,x26,x18	 x26:0x00000200 x18:0x80040fe4 x24=0x00000200
     357605.000 ns	     35759	800077dc	037dffb3	remu	x31,x27,x23	 x27:0x00000002 x23:0xffffffff x31=0x00000002
     357635.000 ns	     35762	800077e0	f0070cd3	fmv.w.x	f25,x14	 x14:0xaaff57bc f25=0xaaff57bc
     357655.000 ns	     35764	800077e4	016b7e33	and	x28,x22,x22	 x22:0x00000001 x22:0x00000001 x28=0x00000001
     357665.000 ns	     35765	800077e8	01321093	slli	x1,x4,0x13	  x4:0x000003e9  x1=0x1f480000
     357685.000 ns	     35767	800077ec	21251b53	fsgnjn.s	f22,f10,f18	 f10:0x7fc00000 f18:0xff800000 f22=0x7fc00000
     357705.000 ns	     35769	800077f0	002d7d33	and	x26,x26,x2	 x26:0x00000200  x2:0x00000001 x26=0x00000000
     358065.000 ns	     35805	800077f4	0305c033	div	x0,x11,x16	 x11:0x10008204 x16:0x24b7a630
     358085.000 ns	     35807	800077f8	01a6d8b3	srl	x17,x13,x26	 x13:0x00000000 x26:0x00000200 x17=0x00000000
     358105.000 ns	     35809	800077fc	20e883d3	fsgnj.s	f7,f17,f14	 f17:0xc0e00000 f14:0xffc00000  f7=0xc0e00000
     358135.000 ns	     35812	80007800	d0120a53	fcvt.s.wu	f20,x4	  x4:0x000003e9 f20=0x447a4000
     358165.000 ns	     35815	80007804	a10ea753	feq.s	x14,f29,f16	 f29:0x7fc00000 f16:0x00000000 x14=0x00000000
     358195.000 ns	     35818	80007808	a0f29553	flt.s	x10,f5,f15	  f5:0x7fc00000 f15:0xffc00000 x10=0x00000000
     358215.000 ns	     35820	8000780c	9ca72b13	slti	x22,x14,-1590	 x14:0x00000000 x22=0x00000000
     358225.000 ns	     35821	80007810	f25ddab7	lui	x21,0xf25dd	 x21=0xf25dd000
     358245.000 ns	     35823	80007814	a1260553	fle.s	x10,f12,f18	 f12:0xc4024000 f18:0xff800000 x10=0x00000000
     358265.000 ns	     35825	80007818	f184bb13	sltiu	x22,x9,-232	  x9:0x24b7a63c x22=0x00000001
     358285.000 ns	     35827	8000781c	02879433	mulh	x8,x15,x8	 x15:0x00000000  x8:0x00000001  x8=0x00000000
     358305.000 ns	     35829	80007820	c545b093	sltiu	x1,x11,-940	 x11:0x10008204  x1=0x00000001
     358325.000 ns	     35831	80007824	03b5b5b3	mulhu	x11,x11,x27	 x11:0x10008204 x27:0x00000002 x11=0x00000000
     358355.000 ns	     35834	80007828	d00b0753	fcvt.s.w	f14,x22	 x22:0x00000001 f14=0x3f800000
     358375.000 ns	     35836	8000782c	0103e3b3	or	x7,x7,x16	  x7:0x00000001 x16:0x24b7a630  x7=0x24b7a631
     358395.000 ns	     35838	80007830	03231cb3	mulh	x25,x6,x18	  x6:0x80041024 x18:0x80040fe4 x25=0x3ffbf00c
     358425.000 ns	     35841	80007834	20410553	fsgnj.s	f10,f2,f4	  f2:0x40930b9e  f4:0x00000000 f10=0x40930b9e
     358455.000 ns	     35844	80007838	029f8ab3	mul	x21,x31,x9	 x31:0x00000002  x9:0x24b7a63c x21=0x496f4c78
     358505.000 ns	     35849	8000783c	006c76d3	fadd.s	f13,f24,f6	 f24:0x00000000  f6:0x00000000 f13=0x00000000
     358525.000 ns	     35851	80007840	89132513	slti	x10,x6,-1903	  x6:0x80041024 x10=0x00000001
     358885.000 ns	     35887	80007844	03cbf833	remu	x16,x23,x28	 x23:0xffffffff x28:0x00000001 x16=0x00000000
     358915.000 ns	     35890	80007848	21518353	fsgnj.s	f6,f3,f21	  f3:0x4eff881c f21:0x408b9570  f6=0x4eff881c
     358935.000 ns	     35892	8000784c	b397bb13	sltiu	x22,x15,-1223	 x15:0x00000000 x22=0x00000001
     358955.000 ns	     35894	80007850	c012f2d3	fcvt.wu.s	x5,f5	  f5:0x7fc00000  x5=0xffffffff
     358975.000 ns	     35896	80007854	a67f3b93	sltiu	x23,x30,-1433	 x30:0xec5313c0 x23=0x00000001
     358985.000 ns	     35897	80007858	eb5fb593	sltiu	x11,x31,-331	 x31:0x00000002 x11=0x00000001
     359005.000 ns	     35899	8000785c	e0090653	fmv.x.w	x12,f18	 f18:0xff800000 x12=0xff800000
     359035.000 ns	     35902	80007860	02fd5a33	divu	x20,x26,x15	 x26:0x00000000 x15:0x00000000 x20=0xffffffff
     359085.000 ns	     35907	80007864	08d07ad3	fsub.s	f21,f0,f13	  f0:0xc4ef2000 f13:0x00000000 f21=0xc4ef2000
     359115.000 ns	     35910	80007868	03e489b3	mul	x19,x9,x30	  x9:0x24b7a63c x30:0xec5313c0 x19=0x60872100
     359135.000 ns	     35912	8000786c	00000013	addi	x0,x0,0	  x0:0x00000000
     359495.000 ns	     35948	80007870	03cccfb3	div	x31,x25,x28	 x25:0x3ffbf00c x28:0x00000001 x31=0x3ffbf00c
     359525.000 ns	     35951	80007874	03961a33	mulh	x20,x12,x25	 x12:0xff800000 x25:0x3ffbf00c x20=0xffe00207
     359555.000 ns	     35954	80007878	291788d3	fmin.s	f17,f15,f17	 f15:0xffc00000 f17:0xc0e00000 f17=0xc0e00000
     359585.000 ns	     35957	8000787c	0283a9b3	mulhsu	x19,x7,x8	  x7:0x24b7a631  x8:0x00000000 x19=0x00000000
     359605.000 ns	     35959	80007880	780ff293	andi	x5,x31,1920	 x31:0x3ffbf00c  x5=0x00000000
     359625.000 ns	     35961	80007884	a07c8ed3	fle.s	x29,f25,f7	 f25:0xaaff57bc  f7:0xc0e00000 x29=0x00000000
     359665.000 ns	     35965	80007888	190c3fd3	fdiv.s	f31,f24,f16	 f24:0x00000000 f16:0x00000000 f31=0x7fc00000
     360035.000 ns	     36002	8000788c	0248e3b3	rem	x7,x17,x4	 x17:0x00000000  x4:0x000003e9  x7=0x00000000
     360055.000 ns	     36004	80007890	00d69eb3	sll	x29,x13,x13	 x13:0x00000000 x13:0x00000000 x29=0x00000000
     360065.000 ns	     36005	80007894	00000013	addi	x0,x0,0	  x0:0x00000000
     360425.000 ns	     36041	80007898	0394fdb3	remu	x27,x9,x25	  x9:0x24b7a63c x25:0x3ffbf00c x27=0x24b7a63c
     360455.000 ns	     36044	8000789c	29d38f53	fmin.s	f30,f7,f29	  f7:0xc0e00000 f29:0x7fc00000 f30=0xc0e00000
     360475.000 ns	     36046	800078a0	01c95c93	srli	x25,x18,0x1c	 x18:0x80040fe4 x25=0x00000008
     360485.000 ns	     36047	800078a4	00aa9833	sll	x16,x21,x10	 x21:0x496f4c78 x10:0x00000001 x16=0x92de98f0
     360495.000 ns	     36048	800078a8	405f88b3	sub	x17,x31,x5	 x31:0x3ffbf00c  x5:0x00000000 x17=0x3ffbf00c
     360505.000 ns	     36049	800078ac	01f2f4b3	and	x9,x5,x31	  x5:0x00000000 x31:0x3ffbf00c  x9=0x00000000
     360525.000 ns	     36051	800078b0	03053533	mulhu	x10,x10,x16	 x10:0x00000001 x16:0x92de98f0 x10=0x00000000
     360545.000 ns	     36053	800078b4	40b252b3	sra	x5,x4,x11	  x4:0x000003e9 x11:0x00000001  x5=0x000001f4
     360565.000 ns	     36055	800078b8	f00a8ad3	fmv.w.x	f21,x21	 x21:0x496f4c78 f21=0x496f4c78
     360615.000 ns	     36060	800078bc	01f4b8d3	fadd.s	f17,f9,f31	  f9:0x00000000 f31:0x7fc00000 f17=0x7fc00000
     360635.000 ns	     36062	800078c0	01495713	srli	x14,x18,0x14	 x18:0x80040fe4 x14=0x00000800
     360655.000 ns	     36064	800078c4	d01af153	fcvt.s.wu	f2,x21	 x21:0x496f4c78  f2=0x4e92de98
     360675.000 ns	     36066	800078c8	000927b3	slt	x15,x18,x0	 x18:0x80040fe4  x0:0x00000000 x15=0x00000001
     360695.000 ns	     36068	800078cc	02879533	mulh	x10,x15,x8	 x15:0x00000000  x8:0x00000000 x10=0x00000000
     360725.000 ns	     36071	800078d0	214e1d53	fsgnjn.s	f26,f28,f20	 f28:0x4f7f8000 f20:0x447a4000 f26=0xcf7f8000
     360745.000 ns	     36073	800078d4	a30eb993	sltiu	x19,x29,-1488	 x29:0x00000000 x19=0x00000001
     360755.000 ns	     36074	800078d8	89bbe613	ori	x12,x23,-1893	 x23:0x00000001 x12=0xfffff89b
     360775.000 ns	     36076	800078dc	f00d0c53	fmv.w.x	f24,x26	 x26:0x00000000 f24=0x00000000
     360795.000 ns	     36078	800078e0	2d3a2893	slti	x17,x20,723	 x20:0xffe00207 x17=0x00000001
     360805.000 ns	     36079	800078e4	01bd52b3	srl	x5,x26,x27	 x26:0x00000000 x27:0x24b7a63c  x5=0x00000000
     360815.000 ns	     36080	800078e8	ddd84b93	xori	x23,x16,-547	 x16:0x92de98f0 x23=0x6d21652d
     360835.000 ns	     36082	800078ec	21f49c53	fsgnjn.s	f24,f9,f31	  f9:0x00000000 f31:0x7fc00000 f24=0x80000000
     360865.000 ns	     36085	800078f0	21ab15d3	fsgnjn.s	f11,f22,f26	 f22:0x7fc00000 f26:0xcf7f8000 f11=0x7fc00000
     360885.000 ns	     36087	800078f4	5befaa13	slti	x20,x31,1470	 x31:0x3ffbf00c x20=0x00000000
     360895.000 ns	     36088	800078f8	5d3e6117	auipc	x2,0x5d3e6	  x2=0xdd3ed8f8
     360935.000 ns	     36092	800078fc	09238553	fsub.s	f10,f7,f18	  f7:0xc0e00000 f18:0xff800000 f10=0x7f800000
     360955.000 ns	     36094	80007900	0129cfb3	xor	x31,x19,x18	 x19:0x00000001 x18:0x80040fe4 x31=0x80040fe5
     360965.000 ns	     36095	80007904	00cce733	or	x14,x25,x12	 x25:0x00000008 x12:0xfffff89b x14=0xfffff89b
     360985.000 ns	     36097	80007908	2151acd3	fsgnjx.s	f25,f3,f21	  f3:0x4eff881c f21:0x496f4c78 f25=0x4eff881c
     361005.000 ns	     36099	8000790c	00b68c33	add	x24,x13,x11	 x13:0x00000000 x11:0x00000001 x24=0x00000001
     361015.000 ns	     36100	80007910	3b868f93	addi	x31,x13,952	 x13:0x00000000 x31=0x000003b8
     361025.000 ns	     36101	80007914	96916293	ori	x5,x2,-1687	  x2:0xdd3ed8f8  x5=0xfffff9f9
     361045.000 ns	     36103	80007918	a1ab0d53	fle.s	x26,f22,f26	 f22:0x7fc00000 f26:0xcf7f8000 x26=0x00000000
     361075.000 ns	     36106	8000791c	034c9733	mulh	x14,x25,x20	 x25:0x00000008 x20:0x00000000 x14=0x00000000
     361105.000 ns	     36109	80007920	a19b8253	fle.s	x4,f23,f25	 f23:0x7fc00000 f25:0x4eff881c  x4=0x00000000
     361135.000 ns	     36112	80007924	21cd1f53	fsgnjn.s	f30,f26,f28	 f26:0xcf7f8000 f28:0x4f7f8000 f30=0xcf7f8000
     361165.000 ns	     36115	80007928	c000fad3	fcvt.w.s	x21,f1	  f1:0x7fc00000 x21=0x7fffffff
     361185.000 ns	     36117	8000792c	540f3693	sltiu	x13,x30,1344	 x30:0xec5313c0 x13=0x00000000
     361195.000 ns	     36118	80007930	41c10cb3	sub	x25,x2,x28	  x2:0xdd3ed8f8 x28:0x00000001 x25=0xdd3ed8f7
     361215.000 ns	     36120	80007934	a09e9853	flt.s	x16,f29,f9	 f29:0x7fc00000  f9:0x00000000 x16=0x00000000
     361235.000 ns	     36122	80007938	01f9fc33	and	x24,x19,x31	 x19:0x00000001 x31:0x000003b8 x24=0x00000000
     361255.000 ns	     36124	8000793c	a0f59153	flt.s	x2,f11,f15	 f11:0x7fc00000 f15:0xffc00000  x2=0x00000000
     361285.000 ns	     36127	80007940	03880cb3	mul	x25,x16,x24	 x16:0x00000000 x24:0x00000001 x25=0x00000000
     361305.000 ns	     36129	80007944	00046eb3	or	x29,x8,x0	  x8:0x00000000  x0:0x00000000 x29=0x00000000
     361335.000 ns	     36132	80007948	5809f353	fsqrt.s	f6,f19	 f19:0x7fc00000  f6=0x7fc00000
     361355.000 ns	     36134	8000794c	01ea38b3	sltu	x17,x20,x30	 x20:0x00000000 x30:0xec5313c0 x17=0x00000001
     361385.000 ns	     36137	80007950	18959a53	fdiv.s	f20,f11,f9	 f11:0x7fc00000  f9:0x00000000 f20=0x7fc00000
     361435.000 ns	     36142	80007954	08c8c1d3	fsub.s	f3,f17,f12	 f17:0x7fc00000 f12:0xc4024000  f3=0x7fc00000
     361465.000 ns	     36145	80007958	c01800d3	fcvt.wu.s	x1,f16	 f16:0x00000000  x1=0x00000000
     361495.000 ns	     36148	8000795c	031421b3	mulhsu	x3,x8,x17	  x8:0x00000000 x17:0x00000001  x3=0x00000000
     361525.000 ns	     36151	80007960	c002f553	fcvt.w.s	x10,f5	  f5:0x7fc00000 x10=0x7fffffff
     361545.000 ns	     36153	80007964	6adea393	slti	x7,x29,1709	 x29:0x00000000  x7=0x00000001
     361555.000 ns	     36154	80007968	2c91f037	lui	x0,0x2c91f	
     361575.000 ns	     36156	8000796c	20232bd3	fsgnjx.s	f23,f6,f2	  f6:0x7fc00000  f2:0x4e92de98 f23=0x7fc00000
     361625.000 ns	     36161	80007970	09751553	fsub.s	f10,f10,f23	 f10:0x7f800000 f23:0x7fc00000 f10=0x7fc00000
     361655.000 ns	     36164	80007974	a1d604d3	fle.s	x9,f12,f29	 f12:0xc4024000 f29:0x7fc00000  x9=0x00000000
     361685.000 ns	     36167	80007978	0215ca33	div	x20,x11,x1	 x11:0x00000001  x1:0x00000000 x20=0xffffffff
     362055.000 ns	     36204	8000797c	03145a33	divu	x20,x8,x17	  x8:0x00000000 x17:0x00000001 x20=0x00000000
     362085.000 ns	     36207	80007980	21b6abd3	fsgnjx.s	f23,f13,f27	 f13:0x00000000 f27:0x4eedddbf f23=0x00000000
     362105.000 ns	     36209	80007984	011190b3	sll	x1,x3,x17	  x3:0x00000000 x17:0x00000001  x1=0x00000000
     362135.000 ns	     36212	80007988	180ff453	fdiv.s	f8,f31,f0	 f31:0x7fc00000  f0:0xc4ef2000  f8=0x7fc00000
     362165.000 ns	     36215	8000798c	c014f1d3	fcvt.wu.s	x3,f9	  f9:0x00000000  x3=0x00000000
     362185.000 ns	     36217	80007990	2fe18793	addi	x15,x3,766	  x3:0x00000000 x15=0x000002fe
     362205.000 ns	     36219	80007994	0387bab3	mulhu	x21,x15,x24	 x15:0x00000001 x24:0x00000000 x21=0x00000000
     362235.000 ns	     36222	80007998	032d2ab3	mulhsu	x21,x26,x18	 x26:0x00000000 x18:0x80040fe4 x21=0x00000000
     362265.000 ns	     36225	8000799c	d01cf0d3	fcvt.s.wu	f1,x25	 x25:0x00000000  f1=0x00000000
     362295.000 ns	     36228	800079a0	e00917d3	fclass.s	x15,f18	 f18:0xff800000 x15=0x00000001
     362315.000 ns	     36230	800079a4	416403b3	sub	x7,x8,x22	  x8:0x00000000 x22:0x00000001  x7=0xffffffff
     362335.000 ns	     36232	800079a8	210582d3	fsgnj.s	f5,f11,f16	 f11:0x7fc00000 f16:0x00000000  f5=0x7fc00000
     362365.000 ns	     36235	800079ac	03469733	mulh	x14,x13,x20	 x13:0x00000000 x20:0x00000000 x14=0x00000000
     362395.000 ns	     36238	800079b0	29279653	fmax.s	f12,f15,f18	 f15:0xffc00000 f18:0xff800000 f12=0xff800000
     362415.000 ns	     36240	800079b4	01bde833	or	x16,x27,x27	 x27:0x24b7a63c x27:0x24b7a63c x16=0x24b7a63c
     362425.000 ns	     36241	800079b8	014f5633	srl	x12,x30,x20	 x30:0xec5313c0 x20:0x00000000 x12=0xec5313c0
     362445.000 ns	     36243	800079bc	034d6ab3	rem	x21,x26,x20	 x26:0x00000000 x20:0x00000000 x21=0x00000000
     362485.000 ns	     36247	800079c0	199ef253	fdiv.s	f4,f29,f25	 f29:0x7fc00000 f25:0x4eff881c  f4=0x7fc00000
     362515.000 ns	     36250	800079c4	a01f9653	flt.s	x12,f31,f1	 f31:0x7fc00000  f1:0x00000000 x12=0x00000000
     362545.000 ns	     36253	800079c8	e0048753	fmv.x.w	x14,f9	  f9:0x00000000 x14=0x00000000
     362565.000 ns	     36255	800079cc	d5db0b93	addi	x23,x22,-675	 x22:0x00000001 x23=0xfffffd5e
     362575.000 ns	     36256	800079d0	f4fa0593	addi	x11,x20,-177	 x20:0x00000000 x11=0xffffff4f
     362595.000 ns	     36258	800079d4	02c0fc33	remu	x24,x1,x12	  x1:0x00000000 x12:0x00000000 x24=0x00000000
     362645.000 ns	     36263	800079d8	08fb2ad3	fsub.s	f21,f22,f15	 f22:0x7fc00000 f15:0xffc00000 f21=0x7fc00000
     362675.000 ns	     36266	800079dc	a0899fd3	flt.s	x31,f19,f8	 f19:0x7fc00000  f8:0x7fc00000 x31=0x00000000
     362695.000 ns	     36268	800079e0	01e6ac33	slt	x24,x13,x30	 x13:0x00000000 x30:0xec5313c0 x24=0x00000000
     362705.000 ns	     36269	800079e4	01557cb3	and	x25,x10,x21	 x10:0x7fffffff x21:0x00000000 x25=0x00000000
     362725.000 ns	     36271	800079e8	2102a6d3	fsgnjx.s	f13,f5,f16	  f5:0x7fc00000 f16:0x00000000 f13=0x7fc00000
     362745.000 ns	     36273	800079ec	3374c113	xori	x2,x9,823	  x9:0x00000000  x2=0x00000337
     362755.000 ns	     36274	800079f0	01468cb3	add	x25,x13,x20	 x13:0x00000000 x20:0x00000000 x25=0x00000000
     362765.000 ns	     36275	800079f4	2890e6b7	lui	x13,0x2890e	 x13=0x2890e000
     362785.000 ns	     36277	800079f8	029afc33	remu	x24,x21,x9	 x21:0x00000000  x9:0x00000000 x24=0x00000000
     362805.000 ns	     36279	800079fc	008da9b3	slt	x19,x27,x8	 x27:0x24b7a63c  x8:0x00000000 x19=0x00000000
     362845.000 ns	     36283	80007a00	0001b7d3	fadd.s	f15,f3,f0	  f3:0x7fc00000  f0:0xc4ef2000 f15=0x7fc00000
     362865.000 ns	     36285	80007a04	01577a33	and	x20,x14,x21	 x14:0x00000000 x21:0x00000000 x20=0x00000000
     362885.000 ns	     36287	80007a08	200fa653	fsgnjx.s	f12,f31,f0	 f31:0x7fc00000  f0:0xc4ef2000 f12=0xffc00000
     362905.000 ns	     36289	80007a0c	4aacc613	xori	x12,x25,1194	 x25:0x00000000 x12=0x000004aa
     363265.000 ns	     36325	80007a10	026d4b33	div	x22,x26,x6	 x26:0x00000000  x6:0x80041024 x22=0x00000000
     363315.000 ns	     36330	80007a14	093d1153	fsub.s	f2,f26,f19	 f26:0xcf7f8000 f19:0x7fc00000  f2=0x7fc00000
     363345.000 ns	     36333	80007a18	216e9ed3	fsgnjn.s	f29,f29,f22	 f29:0x7fc00000 f22:0x7fc00000 f29=0xffc00000
     363365.000 ns	     36335	80007a1c	93f87a13	andi	x20,x16,-1729	 x16:0x24b7a63c x20=0x24b7a03c
     363385.000 ns	     36337	80007a20	036ceeb3	rem	x29,x25,x22	 x25:0x00000000 x22:0x00000000 x29=0x00000000
     363415.000 ns	     36340	80007a24	e00315d3	fclass.s	x11,f6	  f6:0x7fc00000 x11=0x00000200
     363435.000 ns	     36342	80007a28	00c2b5b3	sltu	x11,x5,x12	  x5:0xfffff9f9 x12:0x000004aa x11=0x00000000
     363455.000 ns	     36344	80007a2c	d017bfd3	fcvt.s.wu	f31,x15	 x15:0x00000001 f31=0x3f800000
     363475.000 ns	     36346	80007a30	00cfa7b3	slt	x15,x31,x12	 x31:0x00000000 x12:0x000004aa x15=0x00000001
     363485.000 ns	     36347	80007a34	410c50b3	sra	x1,x24,x16	 x24:0x00000000 x16:0x24b7a63c  x1=0x00000000
     363495.000 ns	     36348	80007a38	003b5713	srli	x14,x22,0x3	 x22:0x00000000 x14=0x00000000
     363505.000 ns	     36349	80007a3c	414f87b3	sub	x15,x31,x20	 x31:0x00000000 x20:0x24b7a03c x15=0xdb485fc4
     363525.000 ns	     36351	80007a40	a0d99cd3	flt.s	x25,f19,f13	 f19:0x7fc00000 f13:0x7fc00000 x25=0x00000000
     363555.000 ns	     36354	80007a44	d01f0dd3	fcvt.s.wu	f27,x30	 x30:0xec5313c0 f27=0x4f6c5314
     363925.000 ns	     36391	80007a48	0305e7b3	rem	x15,x11,x16	 x11:0x00000000 x16:0x24b7a63c x15=0x00000000
     363945.000 ns	     36393	80007a4c	013bae33	slt	x28,x23,x19	 x23:0xfffffd5e x19:0x00000000 x28=0x00000001
     363955.000 ns	     36394	80007a50	41310a33	sub	x20,x2,x19	  x2:0x00000337 x19:0x00000000 x20=0x00000337
     363995.000 ns	     36398	80007a54	01f6ff53	fadd.s	f30,f13,f31	 f13:0x7fc00000 f31:0x3f800000 f30=0x7fc00000
     364015.000 ns	     36400	80007a58	70634693	xori	x13,x6,1798	  x6:0x80041024 x13=0x80041722
     364025.000 ns	     36401	80007a5c	00849713	slli	x14,x9,0x8	  x9:0x00000000 x14=0x00000000
     364035.000 ns	     36402	80007a60	405887b3	sub	x15,x17,x5	 x17:0x00000001  x5:0xfffff9f9 x15=0x00000608
     364045.000 ns	     36403	80007a64	f02ec037	lui	x0,0xf02ec	
     364055.000 ns	     36404	80007a68	00c96c33	or	x24,x18,x12	 x18:0x80040fe4 x12:0x000004aa x24=0x80040fee
     364415.000 ns	     36440	80007a6c	026fed33	rem	x26,x31,x6	 x31:0x00000000  x6:0x80041024 x26=0x00000000
     364435.000 ns	     36442	80007a70	011fcbb3	xor	x23,x31,x17	 x31:0x00000000 x17:0x00000001 x23=0x00000001
     364445.000 ns	     36443	80007a74	00fe7133	and	x2,x28,x15	 x28:0x00000001 x15:0x00000608  x2=0x00000000
     364455.000 ns	     36444	80007a78	016d34b3	sltu	x9,x26,x22	 x26:0x00000000 x22:0x00000000  x9=0x00000000
     364465.000 ns	     36445	80007a7c	55e8e593	ori	x11,x17,1374	 x17:0x00000001 x11=0x0000055f
     364485.000 ns	     36447	80007a80	21d82dd3	fsgnjx.s	f27,f16,f29	 f16:0x00000000 f29:0xffc00000 f27=0x80000000
     364505.000 ns	     36449	80007a84	aa4df817	auipc	x16,0xaa4df	 x16=0x2a4e6a84
     364525.000 ns	     36451	80007a88	a03d2c53	feq.s	x24,f26,f3	 f26:0xcf7f8000  f3:0x7fc00000 x24=0x00000000
     364565.000 ns	     36455	80007a8c	58057c53	fsqrt.s	f24,f10	 f10:0x7fc00000 f24=0x7fc00000
     364585.000 ns	     36457	80007a90	603aa713	slti	x14,x21,1539	 x21:0x00000000 x14=0x00000001
     364625.000 ns	     36461	80007a94	08ce7dd3	fsub.s	f27,f28,f12	 f28:0x4f7f8000 f12:0xffc00000 f27=0x7fc00000
     364645.000 ns	     36463	80007a98	008a9d33	sll	x26,x21,x8	 x21:0x00000000  x8:0x00000000 x26=0x00000000
     364675.000 ns	     36466	80007a9c	5806b553	fsqrt.s	f10,f13	 f13:0x7fc00000 f10=0x7fc00000
     364705.000 ns	     36469	80007aa0	02ea2db3	mulhsu	x27,x20,x14	 x20:0x00000337 x14:0x00000001 x27=0x00000000
     364725.000 ns	     36471	80007aa4	005ab7b3	sltu	x15,x21,x5	 x21:0x00000000  x5:0xfffff9f9 x15=0x00000001
     364745.000 ns	     36473	80007aa8	293315d3	fmax.s	f11,f6,f19	  f6:0x7fc00000 f19:0x7fc00000 f11=0x7fc00000
     364785.000 ns	     36477	80007aac	1992cfd3	fdiv.s	f31,f5,f25	  f5:0x7fc00000 f25:0x4eff881c f31=0x7fc00000
     364805.000 ns	     36479	80007ab0	01813c33	sltu	x24,x2,x24	  x2:0x00000000 x24:0x00000000 x24=0x00000000
     364815.000 ns	     36480	80007ab4	40ee5e93	srai	x29,x28,0xe	 x28:0x00000001 x29=0x00000000
     364835.000 ns	     36482	80007ab8	293b9153	fmax.s	f2,f23,f19	 f23:0x00000000 f19:0x7fc00000  f2=0x00000000
     364875.000 ns	     36486	80007abc	1149f9d3	fmul.s	f19,f19,f20	 f19:0x7fc00000 f20:0x7fc00000 f19=0x7fc00000
     364895.000 ns	     36488	80007ac0	013543b3	xor	x7,x10,x19	 x10:0x7fffffff x19:0x00000000  x7=0x7fffffff
     364915.000 ns	     36490	80007ac4	0297c833	div	x16,x15,x9	 x15:0x00000001  x9:0x00000000 x16=0xffffffff
     364955.000 ns	     36494	80007ac8	580876d3	fsqrt.s	f13,f16	 f16:0x00000000 f13=0x00000000
     364975.000 ns	     36496	80007acc	004855b3	srl	x11,x16,x4	 x16:0xffffffff  x4:0x00000000 x11=0xffffffff
     364985.000 ns	     36497	80007ad0	014ee233	or	x4,x29,x20	 x29:0x00000000 x20:0x00000337  x4=0x00000337
     365025.000 ns	     36501	80007ad4	08e2c353	fsub.s	f6,f5,f14	  f5:0x7fc00000 f14:0x3f800000  f6=0x7fc00000
     365055.000 ns	     36504	80007ad8	a01d18d3	flt.s	x17,f26,f1	 f26:0xcf7f8000  f1:0x00000000 x17=0x00000001
     365085.000 ns	     36507	80007adc	298a80d3	fmin.s	f1,f21,f24	 f21:0x7fc00000 f24:0x7fc00000  f1=0x7fc00000
     365455.000 ns	     36544	80007ae0	02e66db3	rem	x27,x12,x14	 x12:0x000004aa x14:0x00000001 x27=0x00000000
     365825.000 ns	     36581	80007ae4	02d96eb3	rem	x29,x18,x13	 x18:0x80040fe4 x13:0x80041722 x29=0xfffff8c2
     365845.000 ns	     36583	80007ae8	39e12713	slti	x14,x2,926	  x2:0x00000000 x14=0x00000001
     365855.000 ns	     36584	80007aec	00b05533	srl	x10,x0,x11	  x0:0x00000000 x11:0xffffffff x10=0x00000000
     365875.000 ns	     36586	80007af0	20aaa4d3	fsgnjx.s	f9,f21,f10	 f21:0x7fc00000 f10:0x7fc00000  f9=0x7fc00000
     365895.000 ns	     36588	80007af4	fd3f2993	slti	x19,x30,-45	 x30:0xec5313c0 x19=0x00000001
     365915.000 ns	     36590	80007af8	21b7a6d3	fsgnjx.s	f13,f15,f27	 f15:0x7fc00000 f27:0x7fc00000 f13=0x7fc00000
     365945.000 ns	     36593	80007afc	c0057e53	fcvt.w.s	x28,f10	 f10:0x7fc00000 x28=0x7fffffff
     365985.000 ns	     36597	80007b00	1982f353	fdiv.s	f6,f5,f24	  f5:0x7fc00000 f24:0x7fc00000  f6=0x7fc00000
     366005.000 ns	     36599	80007b04	5a2d4b13	xori	x22,x26,1442	 x26:0x00000000 x22=0x000005a2
     366015.000 ns	     36600	80007b08	009aa133	slt	x2,x21,x9	 x21:0x00000000  x9:0x00000000  x2=0x00000000
     366035.000 ns	     36602	80007b0c	e00918d3	fclass.s	x17,f18	 f18:0xff800000 x17=0x00000001
     366065.000 ns	     36605	80007b10	c0054bd3	fcvt.w.s	x23,f10	 f10:0x7fc00000 x23=0x7fffffff
     366095.000 ns	     36608	80007b14	28a28553	fmin.s	f10,f5,f10	  f5:0x7fc00000 f10:0x7fc00000 f10=0x7fc00000
     366125.000 ns	     36611	80007b18	c005abd3	fcvt.w.s	x23,f11	 f11:0x7fc00000 x23=0x7fffffff
     366155.000 ns	     36614	80007b1c	a1c687d3	fle.s	x15,f13,f28	 f13:0x7fc00000 f28:0x4f7f8000 x15=0x00000000
     366185.000 ns	     36617	80007b20	e0089553	fclass.s	x10,f17	 f17:0x7fc00000 x10=0x00000200
     366215.000 ns	     36620	80007b24	0201f6b3	remu	x13,x3,x0	  x3:0x00000000  x0:0x00000000 x13=0x00000000
     366235.000 ns	     36622	80007b28	f34d70b7	lui	x1,0xf34d7	  x1=0xf34d7000
     366255.000 ns	     36624	80007b2c	a13e9ad3	flt.s	x21,f29,f19	 f29:0xffc00000 f19:0x7fc00000 x21=0x00000000
     366275.000 ns	     36626	80007b30	ed912193	slti	x3,x2,-295	  x2:0x00000000  x3=0x00000000
     366295.000 ns	     36628	80007b34	e00711d3	fclass.s	x3,f14	 f14:0x3f800000  x3=0x00000040
     366325.000 ns	     36631	80007b38	a05823d3	feq.s	x7,f16,f5	 f16:0x00000000  f5:0x7fc00000  x7=0x00000000
     366345.000 ns	     36633	80007b3c	01119493	slli	x9,x3,0x11	  x3:0x00000040  x9=0x00800000
     366365.000 ns	     36635	80007b40	c0047e53	fcvt.w.s	x28,f8	  f8:0x7fc00000 x28=0x7fffffff
     366385.000 ns	     36637	80007b44	1fe76f93	ori	x31,x14,510	 x14:0x00000001 x31=0x000001ff
     366395.000 ns	     36638	80007b48	01dd2bb3	slt	x23,x26,x29	 x26:0x00000000 x29:0xfffff8c2 x23=0x00000000
     366415.000 ns	     36640	80007b4c	21cb9fd3	fsgnjn.s	f31,f23,f28	 f23:0x00000000 f28:0x4f7f8000 f31=0x80000000
     366445.000 ns	     36643	80007b50	210a0353	fsgnj.s	f6,f20,f16	 f20:0x7fc00000 f16:0x00000000  f6=0x7fc00000
     366475.000 ns	     36646	80007b54	a06f04d3	fle.s	x9,f30,f6	 f30:0x7fc00000  f6:0x7fc00000  x9=0x00000000
     366495.000 ns	     36648	80007b58	b8925fb7	lui	x31,0xb8925	 x31=0xb8925000
     366505.000 ns	     36649	80007b5c	54ab6a17	auipc	x20,0x54ab6	 x20=0xd4abdb5c
     366515.000 ns	     36650	80007b60	0176fe33	and	x28,x13,x23	 x13:0x00000000 x23:0x00000000 x28=0x00000000
     366535.000 ns	     36652	80007b64	d0059c53	fcvt.s.w	f24,x11	 x11:0xffffffff f24=0xbf800000
     366555.000 ns	     36654	80007b68	00f555b3	srl	x11,x10,x15	 x10:0x00000200 x15:0x00000000 x11=0x00000200
     366575.000 ns	     36656	80007b6c	200c92d3	fsgnjn.s	f5,f25,f0	 f25:0x4eff881c  f0:0xc4ef2000  f5=0x4eff881c
     366625.000 ns	     36661	80007b70	09c63ed3	fsub.s	f29,f12,f28	 f12:0xffc00000 f28:0x4f7f8000 f29=0x7fc00000
     366645.000 ns	     36663	80007b74	3f5c2093	slti	x1,x24,1013	 x24:0x00000000  x1=0x00000001
     366655.000 ns	     36664	80007b78	01f32033	slt	x0,x6,x31	  x6:0x80041024 x31:0xb8925000
     366675.000 ns	     36666	80007b7c	c00b7453	fcvt.w.s	x8,f22	 f22:0x7fc00000  x8=0x7fffffff
     366695.000 ns	     36668	80007b80	8d304593	xori	x11,x0,-1837	  x0:0x00000000 x11=0xfffff8d3
     366705.000 ns	     36669	80007b84	008c16b3	sll	x13,x24,x8	 x24:0x00000000  x8:0x7fffffff x13=0x00000000
     366725.000 ns	     36671	80007b88	0267a233	mulhsu	x4,x15,x6	 x15:0x00000000  x6:0x80041024  x4=0x00000000
     367095.000 ns	     36708	80007b8c	02c5ec33	rem	x24,x11,x12	 x11:0xfffff8d3 x12:0x000004aa x24=0xfffffd7d
     367125.000 ns	     36711	80007b90	e00e1853	fclass.s	x16,f28	 f28:0x4f7f8000 x16=0x00000040
     367155.000 ns	     36714	80007b94	03dd88b3	mul	x17,x27,x29	 x27:0x00000000 x29:0xfffff8c2 x17=0x00000000
     367175.000 ns	     36716	80007b98	0020d993	srli	x19,x1,0x2	  x1:0x00000001 x19=0x00000000
     367195.000 ns	     36718	80007b9c	02fefab3	remu	x21,x29,x15	 x29:0xfffff8c2 x15:0x00000000 x21=0xfffff8c2
     367225.000 ns	     36721	80007ba0	c015f753	fcvt.wu.s	x14,f11	 f11:0x7fc00000 x14=0xffffffff
     367245.000 ns	     36723	80007ba4	ab8047b7	lui	x15,0xab804	 x15=0xab804000
     367255.000 ns	     36724	80007ba8	71d56a13	ori	x20,x10,1821	 x10:0x00000200 x20=0x0000071d
     367275.000 ns	     36726	80007bac	d0157ed3	fcvt.s.wu	f29,x10	 x10:0x00000200 f29=0x44000000
     367295.000 ns	     36728	80007bb0	002df033	and	x0,x27,x2	 x27:0x00000000  x2:0x00000000
     367655.000 ns	     36764	80007bb4	036fc1b3	div	x3,x31,x22	 x31:0xb8925000 x22:0x000005a2  x3=0xfff351b9
     367685.000 ns	     36767	80007bb8	f0050153	fmv.w.x	f2,x10	 x10:0x00000200  f2=0x00000200
     367715.000 ns	     36770	80007bbc	29de1053	fmax.s	f0,f28,f29	 f28:0x4f7f8000 f29:0x44000000  f0=0x4f7f8000
     367745.000 ns	     36773	80007bc0	f0090453	fmv.w.x	f8,x18	 x18:0x80040fe4  f8=0x80040fe4
     367775.000 ns	     36776	80007bc4	203628d3	fsgnjx.s	f17,f12,f3	 f12:0xffc00000  f3:0x7fc00000 f17=0xffc00000
     367815.000 ns	     36780	80007bc8	1067f253	fmul.s	f4,f15,f6	 f15:0x7fc00000  f6:0x7fc00000  f4=0x7fc00000
     367845.000 ns	     36783	80007bcc	d01dae53	fcvt.s.wu	f28,x27	 x27:0x00000000 f28=0x00000000
     367865.000 ns	     36785	80007bd0	141b2e37	lui	x28,0x141b2	 x28=0x141b2000
     367875.000 ns	     36786	80007bd4	019da6b3	slt	x13,x27,x25	 x27:0x00000000 x25:0x00000000 x13=0x00000000
     367885.000 ns	     36787	80007bd8	7e34f093	andi	x1,x9,2019	  x9:0x00000000  x1=0x00000000
     367895.000 ns	     36788	80007bdc	00f79eb3	sll	x29,x15,x15	 x15:0xab804000 x15:0xab804000 x29=0xab804000
     367925.000 ns	     36791	80007be0	580579d3	fsqrt.s	f19,f10	 f10:0x7fc00000 f19=0x7fc00000
     367945.000 ns	     36793	80007be4	00b48033	add	x0,x9,x11	  x9:0x00000000 x11:0xfffff8d3
     367965.000 ns	     36795	80007be8	028a9733	mulh	x14,x21,x8	 x21:0xfffff8c2  x8:0x7fffffff x14=0xfffffc61
     367995.000 ns	     36798	80007bec	28cc1d53	fmax.s	f26,f24,f12	 f24:0xbf800000 f12:0xffc00000 f26=0xbf800000
     368025.000 ns	     36801	80007bf0	a0739253	flt.s	x4,f7,f7	  f7:0xc0e00000  f7:0xc0e00000  x4=0x00000000
     368045.000 ns	     36803	80007bf4	410ad5b3	sra	x11,x21,x16	 x21:0xfffff8c2 x16:0x00000040 x11=0xfffff8c2
     368055.000 ns	     36804	80007bf8	40a00cb3	sub	x25,x0,x10	  x0:0x00000000 x10:0x00000200 x25=0xfffffe00
     368065.000 ns	     36805	80007bfc	fe97e693	ori	x13,x15,-23	 x15:0xab804000 x13=0xffffffe9
     368075.000 ns	     36806	80007c00	00efa233	slt	x4,x31,x14	 x31:0xb8925000 x14:0xfffffc61  x4=0x00000001
     368085.000 ns	     36807	80007c04	6e790013	addi	x0,x18,1767	 x18:0x80040fe4
     368095.000 ns	     36808	80007c08	f7455497	auipc	x9,0xf7455	  x9=0x7745cc08
     368115.000 ns	     36810	80007c0c	c0038453	fcvt.w.s	x8,f7	  f7:0xc0e00000  x8=0xfffffff9
     368485.000 ns	     36847	80007c10	024665b3	rem	x11,x12,x4	 x12:0x000004aa  x4:0x00000001 x11=0x00000000
     368515.000 ns	     36850	80007c14	03143533	mulhu	x10,x8,x17	  x8:0xfffffff9 x17:0x00000000 x10=0x00000000
     368555.000 ns	     36854	80007c18	580a74d3	fsqrt.s	f9,f20	 f20:0x7fc00000  f9=0x7fc00000
     368585.000 ns	     36857	80007c1c	027accb3	div	x25,x21,x7	 x21:0xfffff8c2  x7:0x00000000 x25=0xffffffff
     368615.000 ns	     36860	80007c20	c001a4d3	fcvt.w.s	x9,f3	  f3:0x7fc00000  x9=0x7fffffff
     368645.000 ns	     36863	80007c24	e00a0bd3	fmv.x.w	x23,f20	 f20:0x7fc00000 x23=0x7fc00000
     368695.000 ns	     36868	80007c28	0942f0d3	fsub.s	f1,f5,f20	  f5:0x4eff881c f20:0x7fc00000  f1=0x7fc00000
     368715.000 ns	     36870	80007c2c	017b6033	or	x0,x22,x23	 x22:0x000005a2 x23:0x7fc00000
     368735.000 ns	     36872	80007c30	d0177cd3	fcvt.s.wu	f25,x14	 x14:0xfffffc61 f25=0x4f7ffffc
     368765.000 ns	     36875	80007c34	20cc07d3	fsgnj.s	f15,f24,f12	 f24:0xbf800000 f12:0xffc00000 f15=0xbf800000
     368795.000 ns	     36878	80007c38	28860153	fmin.s	f2,f12,f8	 f12:0xffc00000  f8:0x80040fe4  f2=0x80040fe4
     368835.000 ns	     36882	80007c3c	19e8cad3	fdiv.s	f21,f17,f30	 f17:0xffc00000 f30:0x7fc00000 f21=0x7fc00000
     368855.000 ns	     36884	80007c40	015f8833	add	x16,x31,x21	 x31:0xb8925000 x21:0xfffff8c2 x16=0xb89248c2
     368875.000 ns	     36886	80007c44	e00b81d3	fmv.x.w	x3,f23	 f23:0x00000000  x3=0x00000000
     368895.000 ns	     36888	80007c48	2c8f68b7	lui	x17,0x2c8f6	 x17=0x2c8f6000
     368905.000 ns	     36889	80007c4c	0092cc33	xor	x24,x5,x9	  x5:0xfffff9f9  x9:0x7fffffff x24=0x80000606
     368915.000 ns	     36890	80007c50	006ed4b3	srl	x9,x29,x6	 x29:0xab804000  x6:0x80041024  x9=0x0ab80400
     368925.000 ns	     36891	80007c54	00443d33	sltu	x26,x8,x4	  x8:0xfffffff9  x4:0x00000001 x26=0x00000000
     368935.000 ns	     36892	80007c58	019941b3	xor	x3,x18,x25	 x18:0x80040fe4 x25:0xffffffff  x3=0x7ffbf01b
     368945.000 ns	     36893	80007c5c	0105deb3	srl	x29,x11,x16	 x11:0x00000000 x16:0xb89248c2 x29=0x00000000
     368955.000 ns	     36894	80007c60	00136d33	or	x26,x6,x1	  x6:0x80041024  x1:0x00000000 x26=0x80041024
     368965.000 ns	     36895	80007c64	00730733	add	x14,x6,x7	  x6:0x80041024  x7:0x00000000 x14=0x80041024
     368995.000 ns	     36898	80007c68	193d74d3	fdiv.s	f9,f26,f19	 f26:0xbf800000 f19:0x7fc00000  f9=0x7fc00000
     369025.000 ns	     36901	80007c6c	28310653	fmin.s	f12,f2,f3	  f2:0x80040fe4  f3:0x7fc00000 f12=0x80040fe4
     369045.000 ns	     36903	80007c70	a7fdca13	xori	x20,x27,-1409	 x27:0x00000000 x20=0xfffffa7f
     369055.000 ns	     36904	80007c74	1be67193	andi	x3,x12,446	 x12:0x000004aa  x3=0x000000aa
     369065.000 ns	     36905	80007c78	166a3993	sltiu	x19,x20,358	 x20:0x0000071d x19=0x00000000
     369425.000 ns	     36941	80007c7c	036e76b3	remu	x13,x28,x22	 x28:0x141b2000 x22:0x000005a2 x13=0x000002b4
     369445.000 ns	     36943	80007c80	00c89793	slli	x15,x17,0xc	 x17:0x2c8f6000 x15=0xf6000000
     369455.000 ns	     36944	80007c84	00c235b3	sltu	x11,x4,x12	  x4:0x00000001 x12:0x000004aa x11=0x00000001
     369465.000 ns	     36945	80007c88	019eae33	slt	x28,x29,x25	 x29:0x00000000 x25:0xffffffff x28=0x00000000
     369485.000 ns	     36947	80007c8c	02a15fb3	divu	x31,x2,x10	  x2:0x00000000 x10:0x00000000 x31=0xffffffff
     369515.000 ns	     36950	80007c90	d000f5d3	fcvt.s.w	f11,x1	  x1:0x00000000 f11=0x00000000
     369535.000 ns	     36952	80007c94	01a02ab3	slt	x21,x0,x26	  x0:0x00000000 x26:0x80041024 x21=0x00000000
     369555.000 ns	     36954	80007c98	219b9053	fsgnjn.s	f0,f23,f25	 f23:0x00000000 f25:0x4f7ffffc  f0=0x80000000
     369585.000 ns	     36957	80007c9c	c0033ad3	fcvt.w.s	x21,f6	  f6:0x7fc00000 x21=0x7fffffff
     369615.000 ns	     36960	80007ca0	c0148053	fcvt.wu.s	x0,f9	  f9:0x7fc00000
     369655.000 ns	     36964	80007ca4	102b8553	fmul.s	f10,f23,f2	 f23:0x00000000  f2:0x80040fe4 f10=0x80000000
     369675.000 ns	     36966	80007ca8	ae122493	slti	x9,x4,-1311	  x4:0x00000001  x9=0x00000000
     370035.000 ns	     37002	80007cac	03244ab3	div	x21,x8,x18	  x8:0xfffffff9 x18:0x80040fe4 x21=0x00000000
     370065.000 ns	     37005	80007cb0	d008f153	fcvt.s.w	f2,x17	 x17:0x2c8f6000  f2=0x4e323d80
     370095.000 ns	     37008	80007cb4	f00b8153	fmv.w.x	f2,x23	 x23:0x7fc00000  f2=0x7fc00000
     370145.000 ns	     37013	80007cb8	08f0f9d3	fsub.s	f19,f1,f15	  f1:0x7fc00000 f15:0xbf800000 f19=0x7fc00000
     370175.000 ns	     37016	80007cbc	02c69eb3	mulh	x29,x13,x12	 x13:0x000002b4 x12:0x000004aa x29=0x00000000
     370195.000 ns	     37018	80007cc0	04890393	addi	x7,x18,72	 x18:0x80040fe4  x7=0x8004102c
     370205.000 ns	     37019	80007cc4	8cc7cd93	xori	x27,x15,-1844	 x15:0xf6000000 x27=0x09fff8cc
     370225.000 ns	     37021	80007cc8	28d68cd3	fmin.s	f25,f13,f13	 f13:0x7fc00000 f13:0x7fc00000 f25=0x7fc00000
     371405.000 ns	     37139	80007ccc	58077753	fsqrt.s	f14,f14	 f14:0x3f800000 f14=0x3f7fffae
     371435.000 ns	     37142	80007cd0	e00211d3	fclass.s	x3,f4	  f4:0x7fc00000  x3=0x00000200
     371455.000 ns	     37144	80007cd4	00cbbd33	sltu	x26,x23,x12	 x23:0x7fc00000 x12:0x000004aa x26=0x00000000
     371465.000 ns	     37145	80007cd8	adf22893	slti	x17,x4,-1313	  x4:0x00000001 x17=0x00000000
     371475.000 ns	     37146	80007cdc	01424a33	xor	x20,x4,x20	  x4:0x00000001 x20:0xfffffa7f x20=0xfffffa7e
     371485.000 ns	     37147	80007ce0	01521bb3	sll	x23,x4,x21	  x4:0x00000001 x21:0x00000000 x23=0x00000001
     371495.000 ns	     37148	80007ce4	0b852b93	slti	x23,x10,184	 x10:0x00000000 x23=0x00000001
     371505.000 ns	     37149	80007ce8	0144ffb3	and	x31,x9,x20	  x9:0x00000000 x20:0xfffffa7e x31=0x00000000
     371525.000 ns	     37151	80007cec	20172fd3	fsgnjx.s	f31,f14,f1	 f14:0x3f7fffae  f1:0x7fc00000 f31=0x3f7fffae
     371555.000 ns	     37154	80007cf0	026b3cb3	mulhu	x25,x22,x6	 x22:0x000005a2  x6:0x80041024 x25=0x000002d1
     371585.000 ns	     37157	80007cf4	a1bc0853	fle.s	x16,f24,f27	 f24:0xbf800000 f27:0x7fc00000 x16=0x00000000
     371605.000 ns	     37159	80007cf8	01cbe6b3	or	x13,x23,x28	 x23:0x00000001 x28:0x00000000 x13=0x00000001
     371615.000 ns	     37160	80007cfc	0ad69297	auipc	x5,0xad69	  x5=0x8ad70cfc
     371635.000 ns	     37162	80007d00	022367b3	rem	x15,x6,x2	  x6:0x80041024  x2:0x00000000 x15=0x80041024
     371665.000 ns	     37165	80007d04	0292cc33	div	x24,x5,x9	  x5:0xfffff9f9  x9:0x00000000 x24=0xffffffff
     371695.000 ns	     37168	80007d08	031ae233	rem	x4,x21,x17	 x21:0x00000000 x17:0x00000000  x4=0x00000000
     371715.000 ns	     37170	80007d0c	aaa78813	addi	x16,x15,-1366	 x15:0x80041024 x16=0x80040ace
     372075.000 ns	     37206	80007d10	027bd9b3	divu	x19,x23,x7	 x23:0x00000001  x7:0x8004102c x19=0x00000000
     372095.000 ns	     37208	80007d14	41845713	srai	x14,x8,0x18	  x8:0xfffffff9 x14=0xffffffff
     372115.000 ns	     37210	80007d18	c003f853	fcvt.w.s	x16,f7	  f7:0xc0e00000 x16=0x00000007
     372135.000 ns	     37212	80007d1c	005015b3	sll	x11,x0,x5	  x0:0x00000000  x5:0x8ad70cfc x11=0x00000000
     372155.000 ns	     37214	80007d20	290d0cd3	fmin.s	f25,f26,f16	 f26:0xbf800000 f16:0x00000000 f25=0xbf800000
     372205.000 ns	     37219	80007d24	08c28753	fsub.s	f14,f5,f12	  f5:0x4eff881c f12:0x80040fe4 f14=0x4eff881c
     372235.000 ns	     37222	80007d28	f00401d3	fmv.w.x	f3,x8	  x8:0xfffffff9  f3=0xfffffff9
     372255.000 ns	     37224	80007d2c	e54bb813	sltiu	x16,x23,-428	 x23:0x00000001 x16=0x00000001
     372275.000 ns	     37226	80007d30	02a1b0b3	mulhu	x1,x3,x10	  x3:0x00000200 x10:0x00000000  x1=0x00000000
     372305.000 ns	     37229	80007d34	a0a11453	flt.s	x8,f2,f10	  f2:0x7fc00000 f10:0x80000000  x8=0x00000000
     372355.000 ns	     37234	80007d38	01093b53	fadd.s	f22,f18,f16	 f18:0xff800000 f16:0x00000000 f22=0xff800000
     372395.000 ns	     37238	80007d3c	104c3053	fmul.s	f0,f24,f4	 f24:0xbf800000  f4:0x7fc00000  f0=0x7fc00000
     372415.000 ns	     37240	80007d40	5ae64493	xori	x9,x12,1454	 x12:0x000004aa  x9=0x00000104
     372435.000 ns	     37242	80007d44	e0030153	fmv.x.w	x2,f6	  f6:0x7fc00000  x2=0x7fc00000
     372465.000 ns	     37245	80007d48	03c28733	mul	x14,x5,x28	  x5:0x8ad70cfc x28:0x00000000 x14=0x00000000
     372505.000 ns	     37249	80007d4c	19097753	fdiv.s	f14,f18,f16	 f18:0xff800000 f16:0x00000000 f14=0xff800000
     372525.000 ns	     37251	80007d50	409f0833	sub	x16,x30,x9	 x30:0xec5313c0  x9:0x00000104 x16=0xec5312bc
     372545.000 ns	     37253	80007d54	03daf7b3	remu	x15,x21,x29	 x21:0x00000000 x29:0x00000000 x15=0x00000000
     372575.000 ns	     37256	80007d58	e0018dd3	fmv.x.w	x27,f3	  f3:0xfffffff9 x27=0xfffffff9
     372605.000 ns	     37259	80007d5c	a017ab53	feq.s	x22,f15,f1	 f15:0xbf800000  f1:0x7fc00000 x22=0x00000000
     372625.000 ns	     37261	80007d60	dfac5e97	auipc	x29,0xdfac5	 x29=0x5faccd60
     372645.000 ns	     37263	80007d64	a1f29fd3	flt.s	x31,f5,f31	  f5:0x4eff881c f31:0x3f7fffae x31=0x00000000
     372675.000 ns	     37266	80007d68	e00e9ed3	fclass.s	x29,f29	 f29:0x44000000 x29=0x00000040
     372695.000 ns	     37268	80007d6c	01d741b3	xor	x3,x14,x29	 x14:0x00000000 x29:0x5faccd60  x3=0x00000040
     372705.000 ns	     37269	80007d70	00d39733	sll	x14,x7,x13	  x7:0x8004102c x13:0x00000001 x14=0x00082058
     372715.000 ns	     37270	80007d74	00465c93	srli	x25,x12,0x4	 x12:0x000004aa x25=0x0000004a
     372735.000 ns	     37272	80007d78	e0071a53	fclass.s	x20,f14	 f14:0xff800000 x20=0x00000001
     372785.000 ns	     37277	80007d7c	01e7fed3	fadd.s	f29,f15,f30	 f15:0xbf800000 f30:0x7fc00000 f29=0x7fc00000
     372805.000 ns	     37279	80007d80	017f4133	xor	x2,x30,x23	 x30:0xec5313c0 x23:0x00000001  x2=0xec5313c1
     372815.000 ns	     37280	80007d84	cb07bb13	sltiu	x22,x15,-848	 x15:0x00000000 x22=0x00000001
     372825.000 ns	     37281	80007d88	00d91533	sll	x10,x18,x13	 x18:0x80040fe4 x13:0x00000001 x10=0x00081fc8
     372845.000 ns	     37283	80007d8c	c0199153	fcvt.wu.s	x2,f19	 f19:0x7fc00000  x2=0xffffffff
     372885.000 ns	     37287	80007d90	580abcd3	fsqrt.s	f25,f21	 f21:0x7fc00000 f25=0x7fc00000
     373255.000 ns	     37324	80007d94	02aa5cb3	divu	x25,x20,x10	 x20:0x00000001 x10:0x00081fc8 x25=0x00000000
     373285.000 ns	     37327	80007d98	03862d33	mulhsu	x26,x12,x24	 x12:0x000004aa x24:0xffffffff x26=0x000004a9
     373305.000 ns	     37329	80007d9c	41e75c13	srai	x24,x14,0x1e	 x14:0x00082058 x24=0x00000000
     373325.000 ns	     37331	80007da0	f00d8953	fmv.w.x	f18,x27	 x27:0xfffffff9 f18=0xfffffff9
     373345.000 ns	     37333	80007da4	408a06b3	sub	x13,x20,x8	 x20:0x00000001  x8:0x00000000 x13=0x00000001
     373355.000 ns	     37334	80007da8	010e74b3	and	x9,x28,x16	 x28:0x00000000 x16:0xec5312bc  x9=0x00000000
     373375.000 ns	     37336	80007dac	c00d4053	fcvt.w.s	x0,f26	 f26:0xbf800000
     373405.000 ns	     37339	80007db0	20e90553	fsgnj.s	f10,f18,f14	 f18:0xfffffff9 f14:0xff800000 f10=0xfffffff9
     373425.000 ns	     37341	80007db4	4066dc93	srai	x25,x13,0x6	 x13:0x00000001 x25=0x00000000
     373445.000 ns	     37343	80007db8	02773233	mulhu	x4,x14,x7	 x14:0x00082058  x7:0x8004102c  x4=0x0004104d
     373465.000 ns	     37345	80007dbc	5b5b3293	sltiu	x5,x22,1461	 x22:0x00000001  x5=0x00000001
     373485.000 ns	     37347	80007dc0	02858033	mul	x0,x11,x8	 x11:0x00000000  x8:0x00000000
     373855.000 ns	     37384	80007dc4	0302d5b3	divu	x11,x5,x16	  x5:0x8ad70cfc x16:0xec5312bc x11=0x00000000
     373875.000 ns	     37386	80007dc8	01bbba33	sltu	x20,x23,x27	 x23:0x00000001 x27:0xfffffff9 x20=0x00000001
     373885.000 ns	     37387	80007dcc	01328bb3	add	x23,x5,x19	  x5:0x00000001 x19:0x00000000 x23=0x00000001
     373895.000 ns	     37388	80007dd0	00551bb3	sll	x23,x10,x5	 x10:0x00081fc8  x5:0x00000001 x23=0x00103f90
     373915.000 ns	     37390	80007dd4	d00b9053	fcvt.s.w	f0,x23	 x23:0x00000001  f0=0x4981fc80
     373935.000 ns	     37392	80007dd8	4e938413	addi	x8,x7,1257	  x7:0x8004102c  x8=0x80041515
     373955.000 ns	     37394	80007ddc	e00e17d3	fclass.s	x15,f28	 f28:0x00000000 x15=0x00000010
     373975.000 ns	     37396	80007de0	01f73233	sltu	x4,x14,x31	 x14:0x00082058 x31:0x00000000  x4=0x00000000
     373985.000 ns	     37397	80007de4	40475733	sra	x14,x14,x4	 x14:0x00082058  x4:0x0004104d x14=0x00082058
     374005.000 ns	     37399	80007de8	20992353	fsgnjx.s	f6,f18,f9	 f18:0xfffffff9  f9:0x7fc00000  f6=0xfffffff9
     374025.000 ns	     37401	80007dec	0062c633	xor	x12,x5,x6	  x5:0x00000001  x6:0x80041024 x12=0x80041025
     374035.000 ns	     37402	80007df0	e597f713	andi	x14,x15,-423	 x15:0x00000010 x14=0x00000010
     374045.000 ns	     37403	80007df4	00a12eb3	slt	x29,x2,x10	  x2:0xffffffff x10:0x00081fc8 x29=0x00000001
     374065.000 ns	     37405	80007df8	296e8ed3	fmin.s	f29,f29,f22	 f29:0x7fc00000 f22:0xff800000 f29=0xff800000
     374085.000 ns	     37407	80007dfc	0160dfb3	srl	x31,x1,x22	  x1:0x00000000 x22:0x00000001 x31=0x00000000
     374095.000 ns	     37408	80007e00	013a1113	slli	x2,x20,0x13	 x20:0x00000001  x2=0x00080000
     374105.000 ns	     37409	80007e04	01e0cc33	xor	x24,x1,x30	  x1:0x00000000 x30:0xec5313c0 x24=0xec5313c0
     374145.000 ns	     37413	80007e08	090ab753	fsub.s	f14,f21,f16	 f21:0x7fc00000 f16:0x00000000 f14=0x7fc00000
     374165.000 ns	     37415	80007e0c	b1efc993	xori	x19,x31,-1250	 x31:0x00000000 x19=0xfffffb1e
     374185.000 ns	     37417	80007e10	21dbaad3	fsgnjx.s	f21,f23,f29	 f23:0x00000000 f29:0xff800000 f21=0x80000000
     374215.000 ns	     37420	80007e14	a0ec99d3	flt.s	x19,f25,f14	 f25:0x7fc00000 f14:0x7fc00000 x19=0x00000000
     374235.000 ns	     37422	80007e18	00541ab3	sll	x21,x8,x5	  x8:0x80041515  x5:0x00000001 x21=0x00082a2a
     374245.000 ns	     37423	80007e1c	01c3aa33	slt	x20,x7,x28	  x7:0x8004102c x28:0x00000000 x20=0x00000001
     374285.000 ns	     37427	80007e20	0046f953	fadd.s	f18,f13,f4	 f13:0x7fc00000  f4:0x7fc00000 f18=0x7fc00000
     374305.000 ns	     37429	80007e24	91830b37	lui	x22,0x91830	 x22=0x91830000
     374315.000 ns	     37430	80007e28	1e67c713	xori	x14,x15,486	 x15:0x00000010 x14=0x000001f6
     374345.000 ns	     37433	80007e2c	58062153	fsqrt.s	f2,f12	 f12:0x80040fe4  f2=0x7fc00000
     374365.000 ns	     37435	80007e30	c4e4fe93	andi	x29,x9,-946	  x9:0x00000000 x29=0x00000000
     374385.000 ns	     37437	80007e34	a1b48dd3	fle.s	x27,f9,f27	  f9:0x7fc00000 f27:0x7fc00000 x27=0x00000000
     374415.000 ns	     37440	80007e38	a1aa9dd3	flt.s	x27,f21,f26	 f21:0x80000000 f26:0xbf800000 x27=0x00000000
     374445.000 ns	     37443	80007e3c	c00874d3	fcvt.w.s	x9,f16	 f16:0x00000000  x9=0x00000000
     374475.000 ns	     37446	80007e40	0219a133	mulhsu	x2,x19,x1	 x19:0x00000000  x1:0x00000000  x2=0x00000000
     374495.000 ns	     37448	80007e44	0013fbb3	and	x23,x7,x1	  x7:0x8004102c  x1:0x00000000 x23=0x00000000
     374515.000 ns	     37450	80007e48	02420533	mul	x10,x4,x4	  x4:0x00000000  x4:0x00000000 x10=0x00000000
     374535.000 ns	     37452	80007e4c	891aa617	auipc	x12,0x891aa	 x12=0x091b1e4c
     374555.000 ns	     37454	80007e50	024a3133	mulhu	x2,x20,x4	 x20:0x00000001  x4:0x00000000  x2=0x00000000
     374585.000 ns	     37457	80007e54	f00602d3	fmv.w.x	f5,x12	 x12:0x80041025  f5=0x091b1e4c
     374615.000 ns	     37460	80007e58	21832dd3	fsgnjx.s	f27,f6,f24	  f6:0xfffffff9 f24:0xbf800000 f27=0x7ffffff9
     374645.000 ns	     37463	80007e5c	026d95b3	mulh	x11,x27,x6	 x27:0x00000000  x6:0x80041024 x11=0x00000000
     374675.000 ns	     37466	80007e60	a19ba9d3	feq.s	x19,f23,f25	 f23:0x00000000 f25:0x7fc00000 x19=0x00000000
     374695.000 ns	     37468	80007e64	00ff8db3	add	x27,x31,x15	 x31:0x00000000 x15:0x00000010 x27=0x00000010
     374715.000 ns	     37470	80007e68	0297ad33	mulhsu	x26,x15,x9	 x15:0x00000010  x9:0x00000000 x26=0x00000000
     374745.000 ns	     37473	80007e6c	e00c8753	fmv.x.w	x14,f25	 f25:0x7fc00000 x14=0x7fc00000
     374765.000 ns	     37475	80007e70	006fd0b3	srl	x1,x31,x6	 x31:0x00000000  x6:0x80041024  x1=0x00000000
     374775.000 ns	     37476	80007e74	42023493	sltiu	x9,x4,1056	  x4:0x00000000  x9=0x00000001
     374805.000 ns	     37479	80007e78	580234d3	fsqrt.s	f9,f4	  f4:0x7fc00000  f9=0x7fc00000
     374825.000 ns	     37481	80007e7c	480f2497	auipc	x9,0x480f2	  x9=0xc80f9e7c
     374835.000 ns	     37482	80007e80	3e526d97	auipc	x27,0x3e526	 x27=0xbe52de80
     374845.000 ns	     37483	80007e84	57d8f6b7	lui	x13,0x57d8f	 x13=0x57d8f000
     374885.000 ns	     37487	80007e88	09788353	fsub.s	f6,f17,f23	 f17:0xffc00000 f23:0x00000000  f6=0x7fc00000
     374905.000 ns	     37489	80007e8c	013a5ab3	srl	x21,x20,x19	 x20:0x00000001 x19:0x00000000 x21=0x00000001
     374925.000 ns	     37491	80007e90	0390eab3	rem	x21,x1,x25	  x1:0x00000000 x25:0x00000000 x21=0x00000000
     374945.000 ns	     37493	80007e94	405886b3	sub	x13,x17,x5	 x17:0x00000000  x5:0x00000001 x13=0xffffffff
     375305.000 ns	     37529	80007e98	026a7b33	remu	x22,x20,x6	 x20:0x00000001  x6:0x80041024 x22=0x00000001
     375335.000 ns	     37532	80007e9c	037b2ab3	mulhsu	x21,x22,x23	 x22:0x91830000 x23:0x00000000 x21=0x00000000
     375355.000 ns	     37534	80007ea0	12e72513	slti	x10,x14,302	 x14:0x7fc00000 x10=0x00000000
     375365.000 ns	     37535	80007ea4	bd362c17	auipc	x24,0xbd362	 x24=0x3d369ea4
     375375.000 ns	     37536	80007ea8	00000013	addi	x0,x0,0	  x0:0x00000000
     375395.000 ns	     37538	80007eac	0382bcb3	mulhu	x25,x5,x24	  x5:0x00000001 x24:0xec5313c0 x25=0x00000000
     375425.000 ns	     37541	80007eb0	a0732853	feq.s	x16,f6,f7	  f6:0x7fc00000  f7:0xc0e00000 x16=0x00000000
     375445.000 ns	     37543	80007eb4	2b91b393	sltiu	x7,x3,697	  x3:0x00000040  x7=0x00000001
     375455.000 ns	     37544	80007eb8	0089ca33	xor	x20,x19,x8	 x19:0x00000000  x8:0x80041515 x20=0x80041515
     375465.000 ns	     37545	80007ebc	00efdeb3	srl	x29,x31,x14	 x31:0x00000000 x14:0x7fc00000 x29=0x00000000
     375475.000 ns	     37546	80007ec0	bdbdf213	andi	x4,x27,-1061	 x27:0xbe52de80  x4=0xbe52da80
     375495.000 ns	     37548	80007ec4	c003f853	fcvt.w.s	x16,f7	  f7:0xc0e00000 x16=0x00000007
     375515.000 ns	     37550	80007ec8	00af3733	sltu	x14,x30,x10	 x30:0xec5313c0 x10:0x00000000 x14=0x00000000
     375535.000 ns	     37552	80007ecc	204602d3	fsgnj.s	f5,f12,f4	 f12:0x80040fe4  f4:0x7fc00000  f5=0x00040fe4
     375585.000 ns	     37557	80007ed0	01bd7ed3	fadd.s	f29,f26,f27	 f26:0xbf800000 f27:0x7ffffff9 f29=0x7fc00000
     375615.000 ns	     37560	80007ed4	291a98d3	fmax.s	f17,f21,f17	 f21:0x80000000 f17:0xffc00000 f17=0x80000000
     375635.000 ns	     37562	80007ed8	9005ac13	slti	x24,x11,-1792	 x11:0x00000000 x24=0x00000000
     375655.000 ns	     37564	80007edc	a07493d3	flt.s	x7,f9,f7	  f9:0x7fc00000  f7:0xc0e00000  x7=0x00000000
     375675.000 ns	     37566	80007ee0	23982e13	slti	x28,x16,569	 x16:0x00000007 x28=0x00000001
     375695.000 ns	     37568	80007ee4	29ba97d3	fmax.s	f15,f21,f27	 f21:0x80000000 f27:0x7ffffff9 f15=0x80000000
     375725.000 ns	     37571	80007ee8	03f209b3	mul	x19,x4,x31	  x4:0xbe52da80 x31:0x00000000 x19=0x00000000
     375765.000 ns	     37575	80007eec	58057a53	fsqrt.s	f20,f10	 f10:0xfffffff9 f20=0x7fc00000
     375795.000 ns	     37578	80007ef0	029a1c33	mulh	x24,x20,x9	 x20:0x80041515  x9:0xc80f9e7c x24=0x1bf74c65
     375825.000 ns	     37581	80007ef4	033358b3	divu	x17,x6,x19	  x6:0x80041024 x19:0x00000000 x17=0xffffffff
     375845.000 ns	     37583	80007ef8	bb94c493	xori	x9,x9,-1095	  x9:0xc80f9e7c  x9=0x37f065c5
     375855.000 ns	     37584	80007efc	01a5d613	srli	x12,x11,0x1a	 x11:0x00000000 x12=0x00000000
     375865.000 ns	     37585	80007f00	000444b3	xor	x9,x8,x0	  x8:0x80041515  x0:0x00000000  x9=0x80041515
     375875.000 ns	     37586	80007f04	841fa193	slti	x3,x31,-1983	 x31:0x00000000  x3=0x00000000
     375885.000 ns	     37587	80007f08	005fb633	sltu	x12,x31,x5	 x31:0x00000000  x5:0x00000001 x12=0x00000001
     376245.000 ns	     37623	80007f0c	0283eab3	rem	x21,x7,x8	  x7:0x00000000  x8:0x80041515 x21=0x00000000
     376265.000 ns	     37625	80007f10	566a0613	addi	x12,x20,1382	 x20:0x80041515 x12=0x80041a7b
     376275.000 ns	     37626	80007f14	66024d13	xori	x26,x4,1632	  x4:0xbe52da80 x26=0xbe52dce0
     376285.000 ns	     37627	80007f18	001a8433	add	x8,x21,x1	 x21:0x00000000  x1:0x00000000  x8=0x00000000
     376295.000 ns	     37628	80007f1c	419201b3	sub	x3,x4,x25	  x4:0xbe52da80 x25:0x00000000  x3=0xbe52da80
     376305.000 ns	     37629	80007f20	d70cb393	sltiu	x7,x25,-656	 x25:0x00000000  x7=0x00000001
     376325.000 ns	     37631	80007f24	21fb89d3	fsgnj.s	f19,f23,f31	 f23:0x00000000 f31:0x3f7fffae f19=0x00000000
     376365.000 ns	     37635	80007f28	580474d3	fsqrt.s	f9,f8	  f8:0x80040fe4  f9=0x7fc00000
     376395.000 ns	     37638	80007f2c	033996b3	mulh	x13,x19,x19	 x19:0x00000000 x19:0x00000000 x13=0x00000000
     376415.000 ns	     37640	80007f30	00000013	addi	x0,x0,0	  x0:0x00000000
     376435.000 ns	     37642	80007f34	202b0853	fsgnj.s	f16,f22,f2	 f22:0xff800000  f2:0x7fc00000 f16=0x7f800000
     376465.000 ns	     37645	80007f38	e00f8bd3	fmv.x.w	x23,f31	 f31:0x3f7fffae x23=0x3f7fffae
     376495.000 ns	     37648	80007f3c	20388753	fsgnj.s	f14,f17,f3	 f17:0x80000000  f3:0xfffffff9 f14=0x80000000
     376515.000 ns	     37650	80007f40	3f556793	ori	x15,x10,1013	 x10:0x00000000 x15=0x000003f5
     376875.000 ns	     37686	80007f44	02505c33	divu	x24,x0,x5	  x0:0x00000000  x5:0x00000001 x24=0x00000000
     376895.000 ns	     37688	80007f48	01b39393	slli	x7,x7,0x1b	  x7:0x00000001  x7=0x08000000
     376905.000 ns	     37689	80007f4c	008c28b3	slt	x17,x24,x8	 x24:0x00000000  x8:0x00000000 x17=0x00000000
     376915.000 ns	     37690	80007f50	01801c93	slli	x25,x0,0x18	  x0:0x00000000 x25=0x00000000
     376935.000 ns	     37692	80007f54	28dd0553	fmin.s	f10,f26,f13	 f26:0xbf800000 f13:0x7fc00000 f10=0xbf800000
     376965.000 ns	     37695	80007f58	030c3733	mulhu	x14,x24,x16	 x24:0x00000000 x16:0x00000007 x14=0x00000000
     377015.000 ns	     37700	80007f5c	094b2b53	fsub.s	f22,f22,f20	 f22:0xff800000 f20:0x7fc00000 f22=0x7fc00000
     377035.000 ns	     37702	80007f60	943a4613	xori	x12,x20,-1725	 x20:0x80041515 x12=0x7ffbec56
     377045.000 ns	     37703	80007f64	08d8b393	sltiu	x7,x17,141	 x17:0x00000000  x7=0x00000001
     377055.000 ns	     37704	80007f68	b6422193	slti	x3,x4,-1180	  x4:0xbe52da80  x3=0x00000001
     377065.000 ns	     37705	80007f6c	416bdd13	srai	x26,x23,0x16	 x23:0x3f7fffae x26=0x000000fd
     377085.000 ns	     37707	80007f70	a1b404d3	fle.s	x9,f8,f27	  f8:0x80040fe4 f27:0x7ffffff9  x9=0x00000000
     377115.000 ns	     37710	80007f74	20c58953	fsgnj.s	f18,f11,f12	 f11:0x00000000 f12:0x80040fe4 f18=0x80000000
     377135.000 ns	     37712	80007f78	f4ef0113	addi	x2,x30,-178	 x30:0xec5313c0  x2=0xec53130e
     377145.000 ns	     37713	80007f7c	d5778993	addi	x19,x15,-681	 x15:0x000003f5 x19=0x0000014c
     377155.000 ns	     37714	80007f80	014b1b93	slli	x23,x22,0x14	 x22:0x00000001 x23=0x00100000
     377165.000 ns	     37715	80007f84	080ef293	andi	x5,x29,128	 x29:0x00000000  x5=0x00000000
     377185.000 ns	     37717	80007f88	a0022153	feq.s	x2,f4,f0	  f4:0x7fc00000  f0:0x4981fc80  x2=0x00000000
     377215.000 ns	     37720	80007f8c	20eb81d3	fsgnj.s	f3,f23,f14	 f23:0x00000000 f14:0x80000000  f3=0x80000000
     377235.000 ns	     37722	80007f90	002d3eb3	sltu	x29,x26,x2	 x26:0x000000fd  x2:0x00000000 x29=0x00000000
     377595.000 ns	     37758	80007f94	033e73b3	remu	x7,x28,x19	 x28:0x00000001 x19:0x0000014c  x7=0x00000001
     377615.000 ns	     37760	80007f98	009dbd33	sltu	x26,x27,x9	 x27:0xbe52de80  x9:0x00000000 x26=0x00000000
     377645.000 ns	     37763	80007f9c	10f0ced3	fmul.s	f29,f1,f15	  f1:0x7fc00000 f15:0x80000000 f29=0x7fc00000
     377665.000 ns	     37765	80007fa0	000a70b3	and	x1,x20,x0	 x20:0x80041515  x0:0x00000000  x1=0x00000000
     377675.000 ns	     37766	80007fa4	f5546193	ori	x3,x8,-171	  x8:0x00000000  x3=0xffffff55
     377695.000 ns	     37768	80007fa8	21bd95d3	fsgnjn.s	f11,f27,f27	 f27:0x7ffffff9 f27:0x7ffffff9 f11=0xfffffff9
     377715.000 ns	     37770	80007fac	41af80b3	sub	x1,x31,x26	 x31:0x00000000 x26:0x00000000  x1=0x00000000
     377725.000 ns	     37771	80007fb0	8c4dc493	xori	x9,x27,-1852	 x27:0xbe52de80  x9=0x41ad2644
     377745.000 ns	     37773	80007fb4	e00b1053	fclass.s	x0,f22	 f22:0x7fc00000
     377795.000 ns	     37778	80007fb8	093e79d3	fsub.s	f19,f28,f19	 f28:0x00000000 f19:0x00000000 f19=0x80000000
     378165.000 ns	     37815	80007fbc	037d60b3	rem	x1,x26,x23	 x26:0x00000000 x23:0x00100000  x1=0x00000000
     378185.000 ns	     37817	80007fc0	00d4f833	and	x16,x9,x13	  x9:0x41ad2644 x13:0x00000000 x16=0x00000000
     378205.000 ns	     37819	80007fc4	285d9253	fmax.s	f4,f27,f5	 f27:0x7ffffff9  f5:0x00040fe4  f4=0x00040fe4
     378225.000 ns	     37821	80007fc8	40b903b3	sub	x7,x18,x11	 x18:0x80040fe4 x11:0x00000000  x7=0x80040fe4
     378255.000 ns	     37824	80007fcc	186e36d3	fdiv.s	f13,f28,f6	 f28:0x00000000  f6:0x7fc00000 f13=0x7fc00000
     378285.000 ns	     37827	80007fd0	039e7133	remu	x2,x28,x25	 x28:0x00000001 x25:0x00000000  x2=0x00000001
     378305.000 ns	     37829	80007fd4	41d8d833	sra	x16,x17,x29	 x17:0x00000000 x29:0x00000000 x16=0x00000000
     378325.000 ns	     37831	80007fd8	a0952553	feq.s	x10,f10,f9	 f10:0xbf800000  f9:0x7fc00000 x10=0x00000000
     378355.000 ns	     37834	80007fdc	e00310d3	fclass.s	x1,f6	  f6:0x7fc00000  x1=0x00000200
     378375.000 ns	     37836	80007fe0	5436a613	slti	x12,x13,1347	 x13:0x00000000 x12=0x00000001
     378385.000 ns	     37837	80007fe4	7badcd13	xori	x26,x27,1978	 x27:0xbe52de80 x26=0xbe52d93a
     378395.000 ns	     37838	80007fe8	41d15113	srai	x2,x2,0x1d	  x2:0x00000001  x2=0x00000000
     378415.000 ns	     37840	80007fec	030afdb3	remu	x27,x21,x16	 x21:0x00000000 x16:0x00000000 x27=0x00000000
     378445.000 ns	     37843	80007ff0	28e98353	fmin.s	f6,f19,f14	 f19:0x80000000 f14:0x80000000  f6=0x80000000
     378475.000 ns	     37846	80007ff4	a1882853	feq.s	x16,f16,f24	 f16:0x7f800000 f24:0xbf800000 x16=0x00000000
     378495.000 ns	     37848	80007ff8	ea418f93	addi	x31,x3,-348	  x3:0xffffff55 x31=0xfffffdf9
     378515.000 ns	     37850	80007ffc	d017ccd3	fcvt.s.wu	f25,x15	 x15:0x000003f5 f25=0x447d4000
     378545.000 ns	     37853	80008000	c00b98d3	fcvt.w.s	x17,f23	 f23:0x00000000 x17=0x00000000
     378575.000 ns	     37856	80008004	0251fa33	remu	x20,x3,x5	  x3:0xffffff55  x5:0x00000000 x20=0xffffff55
     378605.000 ns	     37859	80008008	c00ab1d3	fcvt.w.s	x3,f21	 f21:0x80000000  x3=0x00000000
     378625.000 ns	     37861	8000800c	001b7d33	and	x26,x22,x1	 x22:0x00000001  x1:0x00000200 x26=0x00000000
     378635.000 ns	     37862	80008010	006ff133	and	x2,x31,x6	 x31:0xfffffdf9  x6:0x80041024  x2=0x80041020
     378995.000 ns	     37898	80008014	026f52b3	divu	x5,x30,x6	 x30:0xec5313c0  x6:0x80041024  x5=0x00000001
     379025.000 ns	     37901	80008018	03c20ab3	mul	x21,x4,x28	  x4:0xbe52da80 x28:0x00000001 x21=0xbe52da80
     379045.000 ns	     37903	8000801c	00b29413	slli	x8,x5,0xb	  x5:0x00000001  x8=0x00000800
     379075.000 ns	     37906	80008020	18d80f53	fdiv.s	f30,f16,f13	 f16:0x7f800000 f13:0x7fc00000 f30=0x7fc00000
     379445.000 ns	     37943	80008024	03ebcfb3	div	x31,x23,x30	 x23:0x00100000 x30:0xec5313c0 x31=0x00000000
     379465.000 ns	     37945	80008028	23157793	andi	x15,x10,561	 x10:0x00000000 x15=0x00000000
     379475.000 ns	     37946	8000802c	4146d0b3	sra	x1,x13,x20	 x13:0x00000000 x20:0xffffff55  x1=0x00000000
     379485.000 ns	     37947	80008030	c017ba13	sltiu	x20,x15,-1023	 x15:0x000003f5 x20=0x00000001
     379495.000 ns	     37948	80008034	00f23733	sltu	x14,x4,x15	  x4:0xbe52da80 x15:0x00000000 x14=0x00000000
     379515.000 ns	     37950	80008038	a1cd8253	fle.s	x4,f27,f28	 f27:0x7ffffff9 f28:0x00000000  x4=0x00000000
     379535.000 ns	     37952	8000803c	019f0d33	add	x26,x30,x25	 x30:0xec5313c0 x25:0x00000000 x26=0xec5313c0
     379555.000 ns	     37954	80008040	20a09b53	fsgnjn.s	f22,f1,f10	  f1:0x7fc00000 f10:0xbf800000 f22=0x7fc00000
     379585.000 ns	     37957	80008044	d0127cd3	fcvt.s.wu	f25,x4	  x4:0x00000000 f25=0x00000000
     379625.000 ns	     37961	80008048	5807a9d3	fsqrt.s	f19,f15	 f15:0x80000000 f19=0x80000000
     379655.000 ns	     37964	8000804c	03ae26b3	mulhsu	x13,x28,x26	 x28:0x00000001 x26:0xec5313c0 x13=0x00000000
     379995.000 ns	     37998	80008050	1802ae53	fdiv.s	f28,f5,f0	  f5:0x00040fe4  f0:0x4981fc80 f28=0x00000000
     380015.000 ns	     38000	80008054	3465b7b7	lui	x15,0x3465b	 x15=0x3465b000
     380035.000 ns	     38002	80008058	024553b3	divu	x7,x10,x4	 x10:0x00000000  x4:0x00000000  x7=0xffffffff
     380065.000 ns	     38005	8000805c	2000a853	fsgnjx.s	f16,f1,f0	  f1:0x7fc00000  f0:0x4981fc80 f16=0x7fc00000
     380095.000 ns	     38008	80008060	a1552ed3	feq.s	x29,f10,f21	 f10:0xbf800000 f21:0x80000000 x29=0x00000000
     380115.000 ns	     38010	80008064	010de033	or	x0,x27,x16	 x27:0x00000000 x16:0x00000000
     380135.000 ns	     38012	80008068	a0bb9653	flt.s	x12,f23,f11	 f23:0x00000000 f11:0xfffffff9 x12=0x00000000
     380185.000 ns	     38017	8000806c	00d7fbd3	fadd.s	f23,f15,f13	 f15:0x80000000 f13:0x7fc00000 f23=0x7fc00000
     380215.000 ns	     38020	80008070	a0d0a8d3	feq.s	x17,f1,f13	  f1:0x7fc00000 f13:0x7fc00000 x17=0x00000000
     380235.000 ns	     38022	80008074	01875613	srli	x12,x14,0x18	 x14:0x00000000 x12=0x00000000
     380255.000 ns	     38024	80008078	c01db5d3	fcvt.wu.s	x11,f27	 f27:0x7ffffff9 x11=0xffffffff
     380275.000 ns	     38026	8000807c	00ce3433	sltu	x8,x28,x12	 x28:0x00000001 x12:0x00000000  x8=0x00000000
     380285.000 ns	     38027	80008080	937b88b7	lui	x17,0x937b8	 x17=0x937b8000
     380645.000 ns	     38063	80008084	037ef6b3	remu	x13,x29,x23	 x29:0x00000000 x23:0x00100000 x13=0x00000000
     380675.000 ns	     38066	80008088	288293d3	fmax.s	f7,f5,f8	  f5:0x00040fe4  f8:0x80040fe4  f7=0x00040fe4
     381015.000 ns	     38100	8000808c	18ad7053	fdiv.s	f0,f26,f10	 f26:0xbf800000 f10:0xbf800000  f0=0x3f045ede
     381035.000 ns	     38102	80008090	6701c493	xori	x9,x3,1648	  x3:0x00000000  x9=0x00000670
     381045.000 ns	     38103	80008094	005f0833	add	x16,x30,x5	 x30:0xec5313c0  x5:0x00000001 x16=0xec5313c1
     381065.000 ns	     38105	80008098	20ba89d3	fsgnj.s	f19,f21,f11	 f21:0x80000000 f11:0xfffffff9 f19=0x80000000
     381085.000 ns	     38107	8000809c	01e055b3	srl	x11,x0,x30	  x0:0x00000000 x30:0xec5313c0 x11=0x00000000
     381105.000 ns	     38109	800080a0	e0088b53	fmv.x.w	x22,f17	 f17:0x80000000 x22=0x80000000
     381135.000 ns	     38112	800080a4	e0079fd3	fclass.s	x31,f15	 f15:0x80000000 x31=0x00000008
     381175.000 ns	     38116	800080a8	104bf753	fmul.s	f14,f23,f4	 f23:0x7fc00000  f4:0x00040fe4 f14=0x7fc00000
     381205.000 ns	     38119	800080ac	a0a6ab53	feq.s	x22,f13,f10	 f13:0x7fc00000 f10:0xbf800000 x22=0x00000000
     381235.000 ns	     38122	800080b0	299d9a53	fmax.s	f20,f27,f25	 f27:0x7ffffff9 f25:0x00000000 f20=0x00000000
     381265.000 ns	     38125	800080b4	e0078bd3	fmv.x.w	x23,f15	 f15:0x80000000 x23=0x80000000
     381285.000 ns	     38127	800080b8	01945e93	srli	x29,x8,0x19	  x8:0x00000000 x29=0x00000000
     381295.000 ns	     38128	800080bc	4ea4e713	ori	x14,x9,1258	  x9:0x00000670 x14=0x000006fa
     381305.000 ns	     38129	800080c0	00c7a3b3	slt	x7,x15,x12	 x15:0x3465b000 x12:0x00000000  x7=0x00000000
     381315.000 ns	     38130	800080c4	00839593	slli	x11,x7,0x8	  x7:0xffffffff x11=0x00000000
     381335.000 ns	     38132	800080c8	0229b1b3	mulhu	x3,x19,x2	 x19:0x0000014c  x2:0x80041020  x3=0x000000a6
     381355.000 ns	     38134	800080cc	00b2a833	slt	x16,x5,x11	  x5:0x00000001 x11:0x00000000 x16=0x00000000
     381365.000 ns	     38135	800080d0	00576c33	or	x24,x14,x5	 x14:0x000006fa  x5:0x00000001 x24=0x000006fb
     381375.000 ns	     38136	800080d4	01199613	slli	x12,x19,0x11	 x19:0x0000014c x12=0x02980000
     381385.000 ns	     38137	800080d8	a8460093	addi	x1,x12,-1404	 x12:0x00000000  x1=0x0297fa84
     381425.000 ns	     38141	800080dc	016cff53	fadd.s	f30,f25,f22	 f25:0x00000000 f22:0x7fc00000 f30=0x7fc00000
     381445.000 ns	     38143	800080e0	01ba03b3	add	x7,x20,x27	 x20:0x00000001 x27:0x00000000  x7=0x00000001
     381465.000 ns	     38145	800080e4	a00799d3	flt.s	x19,f15,f0	 f15:0x80000000  f0:0x3f045ede x19=0x00000001
     381835.000 ns	     38182	800080e8	025de8b3	rem	x17,x27,x5	 x27:0x00000000  x5:0x00000001 x17=0x00000000
     381855.000 ns	     38184	800080ec	5a6a6493	ori	x9,x20,1446	 x20:0x00000001  x9=0x000005a7
     381865.000 ns	     38185	800080f0	0d511217	auipc	x4,0xd511	  x4=0x8d5190f0
     381875.000 ns	     38186	800080f4	54f03493	sltiu	x9,x0,1359	  x0:0x00000000  x9=0x00000001
     381885.000 ns	     38187	800080f8	0076e533	or	x10,x13,x7	 x13:0x00000000  x7:0x00000001 x10=0x00000001
     381915.000 ns	     38190	800080fc	196034d3	fdiv.s	f9,f0,f22	  f0:0x3f045ede f22:0x7fc00000  f9=0x7fc00000
     381945.000 ns	     38193	80008100	02c938b3	mulhu	x17,x18,x12	 x18:0x80040fe4 x12:0x02980000 x17=0x014c0a89
     381975.000 ns	     38196	80008104	0357a533	mulhsu	x10,x15,x21	 x15:0x3465b000 x21:0xbe52da80 x10=0x26f46deb
     382005.000 ns	     38199	80008108	0373b5b3	mulhu	x11,x7,x23	  x7:0x00000001 x23:0x80000000 x11=0x00000000
     382055.000 ns	     38204	8000810c	0134c2d3	fadd.s	f5,f9,f19	  f9:0x7fc00000 f19:0x80000000  f5=0x7fc00000
     382075.000 ns	     38206	80008110	efe10c17	auipc	x24,0xefe10	 x24=0x6fe18110
     382085.000 ns	     38207	80008114	01939613	slli	x12,x7,0x19	  x7:0x00000001 x12=0x02000000
     382095.000 ns	     38208	80008118	d27d4793	xori	x15,x26,-729	 x26:0xec5313c0 x15=0x13aceee7
     382115.000 ns	     38210	8000811c	21daa753	fsgnjx.s	f14,f21,f29	 f21:0x80000000 f29:0x7fc00000 f14=0x80000000
     382145.000 ns	     38213	80008120	e0010053	fmv.x.w	x0,f2	  f2:0x7fc00000
     382165.000 ns	     38215	80008124	0151b5b3	sltu	x11,x3,x21	  x3:0x000000a6 x21:0xbe52da80 x11=0x00000001
     382525.000 ns	     38251	80008128	02e678b3	remu	x17,x12,x14	 x12:0x02000000 x14:0x000006fa x17=0x00000352
     382555.000 ns	     38254	8000812c	c00a2ed3	fcvt.w.s	x29,f20	 f20:0x00000000 x29=0x00000000
     382575.000 ns	     38256	80008130	92da9897	auipc	x17,0x92da9	 x17=0x12db1130
     382595.000 ns	     38258	80008134	e00d89d3	fmv.x.w	x19,f27	 f27:0x7ffffff9 x19=0x7ffffff9
     382615.000 ns	     38260	80008138	40eb8833	sub	x16,x23,x14	 x23:0x80000000 x14:0x000006fa x16=0x7ffff906
     382635.000 ns	     38262	8000813c	e00f8753	fmv.x.w	x14,f31	 f31:0x3f7fffae x14=0x3f7fffae
     382655.000 ns	     38264	80008140	cabc29b7	lui	x19,0xcabc2	 x19=0xcabc2000
     382675.000 ns	     38266	80008144	e00a8dd3	fmv.x.w	x27,f21	 f21:0x80000000 x27=0x80000000
     382695.000 ns	     38268	80008148	017778b3	and	x17,x14,x23	 x14:0x3f7fffae x23:0x80000000 x17=0x00000000
     382725.000 ns	     38271	8000814c	58097653	fsqrt.s	f12,f18	 f18:0x80000000 f12=0x80000000
     382755.000 ns	     38274	80008150	02805833	divu	x16,x0,x8	  x0:0x00000000  x8:0x00000000 x16=0xffffffff
     382785.000 ns	     38277	80008154	c00a3fd3	fcvt.w.s	x31,f20	 f20:0x00000000 x31=0x00000000
     382815.000 ns	     38280	80008158	02e63fb3	mulhu	x31,x12,x14	 x12:0x02000000 x14:0x3f7fffae x31=0x007effff
     383185.000 ns	     38317	8000815c	0256ecb3	rem	x25,x13,x5	 x13:0x00000000  x5:0x00000001 x25=0x00000000
     383215.000 ns	     38320	80008160	e00909d3	fmv.x.w	x19,f18	 f18:0x80000000 x19=0x80000000
     383585.000 ns	     38357	80008164	024a4e33	div	x28,x20,x4	 x20:0x00000001  x4:0x8d5190f0 x28=0x00000000
     383635.000 ns	     38362	80008168	005bbcd3	fadd.s	f25,f23,f5	 f23:0x7fc00000  f5:0x7fc00000 f25=0x7fc00000
     383665.000 ns	     38365	8000816c	203785d3	fsgnj.s	f11,f15,f3	 f15:0x80000000  f3:0x80000000 f11=0x80000000
     383685.000 ns	     38367	80008170	008dafb3	slt	x31,x27,x8	 x27:0x80000000  x8:0x00000000 x31=0x00000001
     384045.000 ns	     38403	80008174	03e642b3	div	x5,x12,x30	 x12:0x02000000 x30:0xec5313c0  x5=0x00000000
     384065.000 ns	     38405	80008178	00059bb3	sll	x23,x11,x0	 x11:0x00000001  x0:0x00000000 x23=0x00000001
     384085.000 ns	     38407	8000817c	a0149bd3	flt.s	x23,f9,f1	  f9:0x7fc00000  f1:0x7fc00000 x23=0x00000000
     384125.000 ns	     38411	80008180	1851f2d3	fdiv.s	f5,f3,f5	  f3:0x80000000  f5:0x7fc00000  f5=0x7fc00000
     384155.000 ns	     38414	80008184	02d128b3	mulhsu	x17,x2,x13	  x2:0x80041020 x13:0x00000000 x17=0x00000000
     384175.000 ns	     38416	80008188	4609f193	andi	x3,x19,1120	 x19:0x80000000  x3=0x00000000
     384185.000 ns	     38417	8000818c	01479d93	slli	x27,x15,0x14	 x15:0x13aceee7 x27=0xee700000
     384195.000 ns	     38418	80008190	016f61b3	or	x3,x30,x22	 x30:0xec5313c0 x22:0x00000000  x3=0xec5313c0
     384205.000 ns	     38419	80008194	01435293	srli	x5,x6,0x14	  x6:0x80041024  x5=0x00000800
     384235.000 ns	     38422	80008198	580492d3	fsqrt.s	f5,f9	  f9:0x7fc00000  f5=0x7fc00000
     384255.000 ns	     38424	8000819c	0165dfb3	srl	x31,x11,x22	 x11:0x00000001 x22:0x00000000 x31=0x00000001
     384265.000 ns	     38425	800081a0	1906bd13	sltiu	x26,x13,400	 x13:0x00000000 x26=0x00000001
     385375.000 ns	     38536	800081a4	580f9e53	fsqrt.s	f28,f31	 f31:0x3f7fffae f28=0x3f35042a
     385405.000 ns	     38539	800081a8	02d247b3	div	x15,x4,x13	  x4:0x8d5190f0 x13:0x00000000 x15=0xffffffff
     385425.000 ns	     38541	800081ac	4018d433	sra	x8,x17,x1	 x17:0x00000000  x1:0x0297fa84  x8=0x00000000
     385435.000 ns	     38542	800081b0	4101dd33	sra	x26,x3,x16	  x3:0xec5313c0 x16:0xffffffff x26=0xffffffff
     385445.000 ns	     38543	800081b4	2b388493	addi	x9,x17,691	 x17:0x00000000  x9=0x000002b3
     385455.000 ns	     38544	800081b8	007b30b3	sltu	x1,x22,x7	 x22:0x00000000  x7:0x00000001  x1=0x00000001
     385475.000 ns	     38546	800081bc	d01eafd3	fcvt.s.wu	f31,x29	 x29:0x00000000 f31=0x00000000
     385505.000 ns	     38549	800081c0	02f981b3	mul	x3,x19,x15	 x19:0x80000000 x15:0xffffffff  x3=0x80000000
     385535.000 ns	     38552	800081c4	a19c8753	fle.s	x14,f25,f25	 f25:0x7fc00000 f25:0x7fc00000 x14=0x00000000
     385565.000 ns	     38555	800081c8	03f2a433	mulhsu	x8,x5,x31	  x5:0x00000800 x31:0x00000001  x8=0x00000000
     385595.000 ns	     38558	800081cc	d01203d3	fcvt.s.wu	f7,x4	  x4:0x8d5190f0  f7=0x4f0d5191
     385625.000 ns	     38561	800081d0	c01e7fd3	fcvt.wu.s	x31,f28	 f28:0x3f35042a x31=0x00000000
     385645.000 ns	     38563	800081d4	011dac33	slt	x24,x27,x17	 x27:0xee700000 x17:0x00000000 x24=0x00000001
     385655.000 ns	     38564	800081d8	00000013	addi	x0,x0,0	  x0:0x00000000
     385675.000 ns	     38566	800081dc	c01b7753	fcvt.wu.s	x14,f22	 f22:0x7fc00000 x14=0xffffffff
     385695.000 ns	     38568	800081e0	007856b3	srl	x13,x16,x7	 x16:0xffffffff  x7:0x00000001 x13=0x7fffffff
     385715.000 ns	     38570	800081e4	02b211b3	mulh	x3,x4,x11	  x4:0x8d5190f0 x11:0x00000001  x3=0xffffffff
     385745.000 ns	     38573	800081e8	0373c633	div	x12,x7,x23	  x7:0x00000001 x23:0x00000000 x12=0xffffffff
     385765.000 ns	     38575	800081ec	78d8abb7	lui	x23,0x78d8a	 x23=0x78d8a000
     385795.000 ns	     38578	800081f0	5804f153	fsqrt.s	f2,f9	  f9:0x7fc00000  f2=0x7fc00000
     385825.000 ns	     38581	800081f4	030b91b3	mulh	x3,x23,x16	 x23:0x00000000 x16:0xffffffff  x3=0xffffffff
     385845.000 ns	     38583	800081f8	406456b3	sra	x13,x8,x6	  x8:0x00000000  x6:0x80041024 x13=0x00000000
     386935.000 ns	     38692	800081fc	580e7fd3	fsqrt.s	f31,f28	 f28:0x3f35042a f31=0x3efffeaa
     387305.000 ns	     38729	80008200	034b7ab3	remu	x21,x22,x20	 x22:0x00000000 x20:0x00000001 x21=0x00000000
     387335.000 ns	     38732	80008204	d0087353	fcvt.s.w	f6,x16	 x16:0xffffffff  f6=0xbf800000
     387355.000 ns	     38734	80008208	f08d7013	andi	x0,x26,-248	 x26:0xffffffff
     387375.000 ns	     38736	8000820c	21c20153	fsgnj.s	f2,f4,f28	  f4:0x00040fe4 f28:0x3f35042a  f2=0x00040fe4
     387405.000 ns	     38739	80008210	d01af7d3	fcvt.s.wu	f15,x21	 x21:0x00000000 f15=0x00000000
     387435.000 ns	     38742	80008214	c00079d3	fcvt.w.s	x19,f0	  f0:0x3f045ede x19=0x00000000
     387455.000 ns	     38744	80008218	0119c8b3	xor	x17,x19,x17	 x19:0x80000000 x17:0x00000000 x17=0x00000000
     387465.000 ns	     38745	8000821c	b7948393	addi	x7,x9,-1159	  x9:0x000002b3  x7=0xfffffe2c
     387485.000 ns	     38747	80008220	02da8db3	mul	x27,x21,x13	 x21:0x00000000 x13:0x00000000 x27=0x00000000
     387505.000 ns	     38749	80008224	2160c993	xori	x19,x1,534	  x1:0x00000001 x19=0x00000217
     387865.000 ns	     38785	80008228	02645bb3	divu	x23,x8,x6	  x8:0x00000000  x6:0x80041024 x23=0x00000000
     387885.000 ns	     38787	8000822c	001816b3	sll	x13,x16,x1	 x16:0xffffffff  x1:0x00000001 x13=0xfffffffe
     387905.000 ns	     38789	80008230	c0167d53	fcvt.wu.s	x26,f12	 f12:0x80000000 x26=0x00000000
     387925.000 ns	     38791	80008234	2e9ca2b7	lui	x5,0x2e9ca	  x5=0x2e9ca000
     387945.000 ns	     38793	80008238	031c87b3	mul	x15,x25,x17	 x25:0x00000000 x17:0x00000000 x15=0x00000000
     387965.000 ns	     38795	8000823c	d3e67b13	andi	x22,x12,-706	 x12:0xffffffff x22=0xfffffd3e
     387985.000 ns	     38797	80008240	f0080c53	fmv.w.x	f24,x16	 x16:0xffffffff f24=0xffffffff
     388025.000 ns	     38801	80008244	1026cf53	fmul.s	f30,f13,f2	 f13:0x7fc00000  f2:0x00040fe4 f30=0x7fc00000
     388045.000 ns	     38803	80008248	63afe813	ori	x16,x31,1594	 x31:0x00000000 x16=0x0000063a
     388405.000 ns	     38839	8000824c	02cd6233	rem	x4,x26,x12	 x26:0x00000000 x12:0xffffffff  x4=0x00000000
     388425.000 ns	     38841	80008250	00ad7fb3	and	x31,x26,x10	 x26:0x00000000 x10:0x26f46deb x31=0x00000000
     388445.000 ns	     38843	80008254	03fa6233	rem	x4,x20,x31	 x20:0x00000001 x31:0x00000000  x4=0x00000001
     388475.000 ns	     38846	80008258	d0157fd3	fcvt.s.wu	f31,x10	 x10:0x26f46deb f31=0x4e1bd1b7
     388495.000 ns	     38848	8000825c	0129e433	or	x8,x19,x18	 x19:0x00000217 x18:0x80040fe4  x8=0x80040ff7
     388855.000 ns	     38884	80008260	0361fa33	remu	x20,x3,x22	  x3:0xffffffff x22:0xfffffd3e x20=0x000002c1
     388885.000 ns	     38887	80008264	037a45b3	div	x11,x20,x23	 x20:0x00000001 x23:0x00000000 x11=0xffffffff
     388905.000 ns	     38889	80008268	233de393	ori	x7,x27,563	 x27:0x00000000  x7=0x00000233
     388925.000 ns	     38891	8000826c	20891e53	fsgnjn.s	f28,f18,f8	 f18:0x80000000  f8:0x80040fe4 f28=0x00000000
     388955.000 ns	     38894	80008270	e0099553	fclass.s	x10,f19	 f19:0x80000000 x10=0x00000008
     388975.000 ns	     38896	80008274	41b2d893	srai	x17,x5,0x1b	  x5:0x2e9ca000 x17=0x00000005
     388995.000 ns	     38898	80008278	219e2653	fsgnjx.s	f12,f28,f25	 f28:0x00000000 f25:0x7fc00000 f12=0x00000000
     389025.000 ns	     38901	8000827c	203108d3	fsgnj.s	f17,f2,f3	  f2:0x00040fe4  f3:0x80000000 f17=0x80040fe4
     389045.000 ns	     38903	80008280	00e85cb3	srl	x25,x16,x14	 x16:0x0000063a x14:0xffffffff x25=0x00000000
     389055.000 ns	     38904	80008284	40ab80b3	sub	x1,x23,x10	 x23:0x00000000 x10:0x00000008  x1=0xfffffff8
     389415.000 ns	     38940	80008288	028e45b3	div	x11,x28,x8	 x28:0x00000000  x8:0x80040ff7 x11=0x00000000
     389445.000 ns	     38943	8000828c	d0057053	fcvt.s.w	f0,x10	 x10:0x00000008  f0=0x41000000
     389475.000 ns	     38946	80008290	a1f00d53	fle.s	x26,f0,f31	  f0:0x3f045ede f31:0x4e1bd1b7 x26=0x00000001
     389505.000 ns	     38949	80008294	a0ee01d3	fle.s	x3,f28,f14	 f28:0x00000000 f14:0x80000000  x3=0x00000001
     389545.000 ns	     38953	80008298	11b8f0d3	fmul.s	f1,f17,f27	 f17:0x80040fe4 f27:0x7ffffff9  f1=0x7fc00000
     389565.000 ns	     38955	8000829c	3e177b13	andi	x22,x14,993	 x14:0xffffffff x22=0x000003e1
     389585.000 ns	     38957	800082a0	03fd4eb3	div	x29,x26,x31	 x26:0x00000001 x31:0x00000000 x29=0xffffffff
     389605.000 ns	     38959	800082a4	8e1159b7	lui	x19,0x8e115	 x19=0x8e115000
     389965.000 ns	     38995	800082a8	03a5d0b3	divu	x1,x11,x26	 x11:0x00000000 x26:0x00000001  x1=0x00000000
     389985.000 ns	     38997	800082ac	01159a13	slli	x20,x11,0x11	 x11:0x00000000 x20=0x00000000
     389995.000 ns	     38998	800082b0	e920aa93	slti	x21,x1,-366	  x1:0x00000000 x21=0x00000000
     390005.000 ns	     38999	800082b4	f961c113	xori	x2,x3,-106	  x3:0x00000001  x2=0xffffff97
     390045.000 ns	     39003	800082b8	091572d3	fsub.s	f5,f10,f17	 f10:0xbf800000 f17:0x80040fe4  f5=0xbf800000
     390075.000 ns	     39006	800082bc	d005aa53	fcvt.s.w	f20,x11	 x11:0x00000000 f20=0x00000000
     390095.000 ns	     39008	800082c0	41f45813	srai	x16,x8,0x1f	  x8:0x80040ff7 x16=0xffffffff
     390115.000 ns	     39010	800082c4	280317d3	fmax.s	f15,f6,f0	  f6:0xbf800000  f0:0x41000000 f15=0x41000000
     390135.000 ns	     39012	800082c8	2c033237	lui	x4,0x2c033	  x4=0x2c033000
     390145.000 ns	     39013	800082cc	00a9dc93	srli	x25,x19,0xa	 x19:0x8e115000 x25=0x00238454
     390155.000 ns	     39014	800082d0	00b45b13	srli	x22,x8,0xb	  x8:0x80040ff7 x22=0x00100081
     390195.000 ns	     39018	800082d4	09c941d3	fsub.s	f3,f18,f28	 f18:0x80000000 f28:0x00000000  f3=0x80000000
     390225.000 ns	     39021	800082d8	e0009d53	fclass.s	x26,f1	  f1:0x7fc00000 x26=0x00000200
     390255.000 ns	     39024	800082dc	03802d33	mulhsu	x26,x0,x24	  x0:0x00000000 x24:0x00000001 x26=0x00000000
     390275.000 ns	     39026	800082e0	410604b3	sub	x9,x12,x16	 x12:0xffffffff x16:0xffffffff  x9=0x00000000
     390295.000 ns	     39028	800082e4	20a7a753	fsgnjx.s	f14,f15,f10	 f15:0x41000000 f10:0xbf800000 f14=0xc1000000
     390325.000 ns	     39031	800082e8	e00613d3	fclass.s	x7,f12	 f12:0x00000000  x7=0x00000010
     390345.000 ns	     39033	800082ec	009c7813	andi	x16,x24,9	 x24:0x00000001 x16=0x00000001
     390355.000 ns	     39034	800082f0	410553b3	sra	x7,x10,x16	 x10:0x00000008 x16:0xffffffff  x7=0x00000004
     390375.000 ns	     39036	800082f4	20e90e53	fsgnj.s	f28,f18,f14	 f18:0x80000000 f14:0xc1000000 f28=0x80000000
     390405.000 ns	     39039	800082f8	296d80d3	fmin.s	f1,f27,f22	 f27:0x7ffffff9 f22:0x7fc00000  f1=0x7fc00000
     390425.000 ns	     39041	800082fc	6ffc0293	addi	x5,x24,1791	 x24:0x00000001  x5=0x00000700
     390445.000 ns	     39043	80008300	a15484d3	fle.s	x9,f9,f21	  f9:0x7fc00000 f21:0x80000000  x9=0x00000000
     390475.000 ns	     39046	80008304	02492833	mulhsu	x16,x18,x4	 x18:0x80040fe4  x4:0x2c033000 x16=0xe9ff1ac8
     390845.000 ns	     39083	80008308	02ddf433	remu	x8,x27,x13	 x27:0x00000000 x13:0xfffffffe  x8=0x00000000
     390895.000 ns	     39088	8000830c	01cefc53	fadd.s	f24,f29,f28	 f29:0x7fc00000 f28:0x80000000 f24=0x7fc00000
     390945.000 ns	     39093	80008310	01b272d3	fadd.s	f5,f4,f27	  f4:0x00040fe4 f27:0x7ffffff9  f5=0x7fc00000
     390975.000 ns	     39096	80008314	283c96d3	fmax.s	f13,f25,f3	 f25:0x7fc00000  f3:0x80000000 f13=0x80000000
     391005.000 ns	     39099	80008318	21081ed3	fsgnjn.s	f29,f16,f16	 f16:0x7fc00000 f16:0x7fc00000 f29=0xffc00000
     391025.000 ns	     39101	8000831c	411c0033	sub	x0,x24,x17	 x24:0x00000001 x17:0x00000005
     391045.000 ns	     39103	80008320	03456bb3	rem	x23,x10,x20	 x10:0x00000008 x20:0x00000000 x23=0x00000008
     391075.000 ns	     39106	80008324	a06493d3	flt.s	x7,f9,f6	  f9:0x7fc00000  f6:0xbf800000  x7=0x00000000
     391095.000 ns	     39108	80008328	5ce5fe37	lui	x28,0x5ce5f	 x28=0x5ce5f000
     391115.000 ns	     39110	8000832c	0315a233	mulhsu	x4,x11,x17	 x11:0x00000000 x17:0x00000005  x4=0x00000000
     391135.000 ns	     39112	80008330	59d5c613	xori	x12,x11,1437	 x11:0x00000000 x12=0x0000059d
     391165.000 ns	     39115	80008334	103076d3	fmul.s	f13,f0,f3	  f0:0x41000000  f3:0x80000000 f13=0x80000000
     391535.000 ns	     39152	80008338	0228fe33	remu	x28,x17,x2	 x17:0x00000005  x2:0xffffff97 x28=0x00000005
     391555.000 ns	     39154	8000833c	f3afc417	auipc	x8,0xf3afc	  x8=0x73b0433c
     391575.000 ns	     39156	80008340	a0309853	flt.s	x16,f1,f3	  f1:0x7fc00000  f3:0x80000000 x16=0x00000000
     391595.000 ns	     39158	80008344	41d0da33	sra	x20,x1,x29	  x1:0x00000000 x29:0xffffffff x20=0x00000000
     391605.000 ns	     39159	80008348	4115d0b3	sra	x1,x11,x17	 x11:0x00000000 x17:0x00000005  x1=0x00000000
     391615.000 ns	     39160	8000834c	012c58b3	srl	x17,x24,x18	 x24:0x00000001 x18:0x80040fe4 x17=0x00000000
     391635.000 ns	     39162	80008350	c015f053	fcvt.wu.s	x0,f11	 f11:0x80000000
     391655.000 ns	     39164	80008354	01d0d1b3	srl	x3,x1,x29	  x1:0x00000000 x29:0xffffffff  x3=0x00000000
     391665.000 ns	     39165	80008358	90dea713	slti	x14,x29,-1779	 x29:0xffffffff x14=0x00000000
     391685.000 ns	     39167	8000835c	a0b518d3	flt.s	x17,f10,f11	 f10:0xbf800000 f11:0x80000000 x17=0x00000001
     391705.000 ns	     39169	80008360	40995c13	srai	x24,x18,0x9	 x18:0x80040fe4 x24=0xffc00207
     391725.000 ns	     39171	80008364	29099c53	fmax.s	f24,f19,f16	 f19:0x80000000 f16:0x7fc00000 f24=0x80000000
     391755.000 ns	     39174	80008368	030bd9b3	divu	x19,x23,x16	 x23:0x00000008 x16:0x00000000 x19=0xffffffff
     391785.000 ns	     39177	8000836c	d011ff53	fcvt.s.wu	f30,x3	  x3:0x00000000 f30=0x00000000
     391815.000 ns	     39180	80008370	e00f13d3	fclass.s	x7,f30	 f30:0x7fc00000  x7=0x00000010
     391845.000 ns	     39183	80008374	20b710d3	fsgnjn.s	f1,f14,f11	 f14:0xc1000000 f11:0x80000000  f1=0x41000000
     391865.000 ns	     39185	80008378	016192b3	sll	x5,x3,x22	  x3:0x00000000 x22:0x00100081  x5=0x00000000
     391885.000 ns	     39187	8000837c	f00b8553	fmv.w.x	f10,x23	 x23:0x00000008 f10=0x00000008
     391915.000 ns	     39190	80008380	e0021e53	fclass.s	x28,f4	  f4:0x00040fe4 x28=0x00000020
     391935.000 ns	     39192	80008384	416d5e33	sra	x28,x26,x22	 x26:0x00000000 x22:0x00100081 x28=0x00000000
     391945.000 ns	     39193	80008388	1594b693	sltiu	x13,x9,345	  x9:0x00000000 x13=0x00000001
     391955.000 ns	     39194	8000838c	00000013	addi	x0,x0,0	  x0:0x00000000
     391975.000 ns	     39196	80008390	02fee9b3	rem	x19,x29,x15	 x29:0xffffffff x15:0x00000000 x19=0xffffffff
     392005.000 ns	     39199	80008394	a1879dd3	flt.s	x27,f15,f24	 f15:0x41000000 f24:0x80000000 x27=0x00000000
     392035.000 ns	     39202	80008398	c004fed3	fcvt.w.s	x29,f9	  f9:0x7fc00000 x29=0x7fffffff
     392065.000 ns	     39205	8000839c	02c3a633	mulhsu	x12,x7,x12	  x7:0x00000010 x12:0x0000059d x12=0x00000000
     392095.000 ns	     39208	800083a0	e00103d3	fmv.x.w	x7,f2	  f2:0x00040fe4  x7=0x00040fe4
     392465.000 ns	     39245	800083a4	0370f633	remu	x12,x1,x23	  x1:0x00000000 x23:0x00000008 x12=0x00000000
     392495.000 ns	     39248	800083a8	02da92b3	mulh	x5,x21,x13	 x21:0x00000000 x13:0x00000001  x5=0x00000000
     392525.000 ns	     39251	800083ac	a19b93d3	flt.s	x7,f23,f25	 f23:0x7fc00000 f25:0x7fc00000  x7=0x00000000
     392545.000 ns	     39253	800083b0	017291b3	sll	x3,x5,x23	  x5:0x00000000 x23:0x00000008  x3=0x00000000
     392555.000 ns	     39254	800083b4	01f25233	srl	x4,x4,x31	  x4:0x00000000 x31:0x00000000  x4=0x00000000
     392585.000 ns	     39257	800083b8	5809f853	fsqrt.s	f16,f19	 f19:0x80000000 f16=0x80000000
     392615.000 ns	     39260	800083bc	e00392d3	fclass.s	x5,f7	  f7:0x4f0d5191  x5=0x00000040
     392635.000 ns	     39262	800083c0	41d48133	sub	x2,x9,x29	  x9:0x00000000 x29:0x7fffffff  x2=0x80000001
     392645.000 ns	     39263	800083c4	4102de13	srai	x28,x5,0x10	  x5:0x00000040 x28=0x00000000
     392665.000 ns	     39265	800083c8	e00d1a53	fclass.s	x20,f26	 f26:0xbf800000 x20=0x00000002
     392695.000 ns	     39268	800083cc	02c55533	divu	x10,x10,x12	 x10:0x00000008 x12:0x00000000 x10=0xffffffff
     392715.000 ns	     39270	800083d0	0017bab3	sltu	x21,x15,x1	 x15:0x00000000  x1:0x00000000 x21=0x00000000
     393725.000 ns	     39371	800083d4	580036d3	fsqrt.s	f13,f0	  f0:0x41000000 f13=0x3fb50482
     393755.000 ns	     39374	800083d8	d00a8e53	fcvt.s.w	f28,x21	 x21:0x00000000 f28=0x00000000
     393775.000 ns	     39376	800083dc	f23d2593	slti	x11,x26,-221	 x26:0x00000000 x11=0x00000000
     393795.000 ns	     39378	800083e0	a1b00ad3	fle.s	x21,f0,f27	  f0:0x41000000 f27:0x7ffffff9 x21=0x00000000
     393825.000 ns	     39381	800083e4	d0130853	fcvt.s.wu	f16,x6	  x6:0x80041024 f16=0x4f000410
     393855.000 ns	     39384	800083e8	02f801b3	mul	x3,x16,x15	 x16:0x00000000 x15:0x00000000  x3=0x00000000
     393885.000 ns	     39387	800083ec	20e70bd3	fsgnj.s	f23,f14,f14	 f14:0xc1000000 f14:0xc1000000 f23=0xc1000000
     393905.000 ns	     39389	800083f0	16a0a693	slti	x13,x1,362	  x1:0x00000000 x13=0x00000001
     393925.000 ns	     39391	800083f4	a07d1b53	flt.s	x22,f26,f7	 f26:0xbf800000  f7:0x4f0d5191 x22=0x00000001
     393945.000 ns	     39393	800083f8	0dccc513	xori	x10,x25,220	 x25:0x00238454 x10=0x00238488
     393955.000 ns	     39394	800083fc	00bb0db3	add	x27,x22,x11	 x22:0x00000001 x11:0x00000000 x27=0x00000001
     393965.000 ns	     39395	80008400	013f1793	slli	x15,x30,0x13	 x30:0xec5313c0 x15=0x9e000000
     393975.000 ns	     39396	80008404	4063d993	srai	x19,x7,0x6	  x7:0x00000000 x19=0x00000000
     393985.000 ns	     39397	80008408	2671e213	ori	x4,x3,615	  x3:0x00000000  x4=0x00000267
     394005.000 ns	     39399	8000840c	02bdbab3	mulhu	x21,x27,x11	 x27:0x00000001 x11:0x00000000 x21=0x00000000
     394055.000 ns	     39404	80008410	014446d3	fadd.s	f13,f8,f20	  f8:0x80040fe4 f20:0x00000000 f13=0x80040fe4
     394075.000 ns	     39406	80008414	f95ff893	andi	x17,x31,-107	 x31:0x00000000 x17=0x00000000
     394085.000 ns	     39407	80008418	003d9fb3	sll	x31,x27,x3	 x27:0x00000001  x3:0x00000000 x31=0x00000001
     394105.000 ns	     39409	8000841c	f0030953	fmv.w.x	f18,x6	  x6:0x80041024 f18=0x80041024
     394135.000 ns	     39412	80008420	02ecdab3	divu	x21,x25,x14	 x25:0x00238454 x14:0x00000000 x21=0xffffffff
     394155.000 ns	     39414	80008424	410d5e93	srai	x29,x26,0x10	 x26:0x00000000 x29=0x00000000
     394175.000 ns	     39416	80008428	f00489d3	fmv.w.x	f19,x9	  x9:0x00000000 f19=0x00000000
     394195.000 ns	     39418	8000842c	41f9d113	srai	x2,x19,0x1f	 x19:0x00000000  x2=0x00000000
     394205.000 ns	     39419	80008430	01aa16b3	sll	x13,x20,x26	 x20:0x00000002 x26:0x00000000 x13=0x00000002
     394225.000 ns	     39421	80008434	0293be33	mulhu	x28,x7,x9	  x7:0x00000000  x9:0x00000000 x28=0x00000000
     394245.000 ns	     39423	80008438	40e1db13	srai	x22,x3,0xe	  x3:0x00000000 x22=0x00000000
     394255.000 ns	     39424	8000843c	d8913213	sltiu	x4,x2,-631	  x2:0x00000000  x4=0x00000001
     394275.000 ns	     39426	80008440	a1a8add3	feq.s	x27,f17,f26	 f17:0x80040fe4 f26:0xbf800000 x27=0x00000000
     394305.000 ns	     39429	80008444	c01ffd53	fcvt.wu.s	x26,f31	 f31:0x4e1bd1b7 x26=0x26f46dc0
     394325.000 ns	     39431	80008448	01d08433	add	x8,x1,x29	  x1:0x00000000 x29:0x00000000  x8=0x00000000
     394345.000 ns	     39433	8000844c	f00c8ad3	fmv.w.x	f21,x25	 x25:0x00238454 f21=0x00238454
     394375.000 ns	     39436	80008450	28be81d3	fmin.s	f3,f29,f11	 f29:0xffc00000 f11:0x80000000  f3=0x80000000
     394395.000 ns	     39438	80008454	013ebeb3	sltu	x29,x29,x19	 x29:0x00000000 x19:0x00000000 x29=0x00000000
     394415.000 ns	     39440	80008458	e00e9653	fclass.s	x12,f29	 f29:0xffc00000 x12=0x00000200
     394445.000 ns	     39443	8000845c	21a11453	fsgnjn.s	f8,f2,f26	  f2:0x00040fe4 f26:0xbf800000  f8=0x00040fe4
     394475.000 ns	     39446	80008460	023e0233	mul	x4,x28,x3	 x28:0x00000000  x3:0x00000000  x4=0x00000000
     394495.000 ns	     39448	80008464	01a560b3	or	x1,x10,x26	 x10:0x00238488 x26:0x26f46dc0  x1=0x26f7edc8
     394515.000 ns	     39450	80008468	d000b153	fcvt.s.w	f2,x1	  x1:0x00000000  f2=0x4e1bdfb8
     394535.000 ns	     39452	8000846c	4065d5b3	sra	x11,x11,x6	 x11:0x00000000  x6:0x80041024 x11=0x00000000
     394545.000 ns	     39453	80008470	0053d033	srl	x0,x7,x5	  x7:0x00000000  x5:0x00000040
     394555.000 ns	     39454	80008474	01b1aab3	slt	x21,x3,x27	  x3:0x00000000 x27:0x00000000 x21=0x00000000
     394565.000 ns	     39455	80008478	00b67b33	and	x22,x12,x11	 x12:0x00000200 x11:0x00000000 x22=0x00000000
     394585.000 ns	     39457	8000847c	c01e79d3	fcvt.wu.s	x19,f28	 f28:0x00000000 x19=0x00000000
     394605.000 ns	     39459	80008480	2908c093	xori	x1,x17,656	 x17:0x00000000  x1=0x00000290
     394625.000 ns	     39461	80008484	c01c83d3	fcvt.wu.s	x7,f25	 f25:0x7fc00000  x7=0xffffffff
     394665.000 ns	     39465	80008488	58064ad3	fsqrt.s	f21,f12	 f12:0x00000000 f21=0x00000000
     394685.000 ns	     39467	8000848c	008d08b3	add	x17,x26,x8	 x26:0x26f46dc0  x8:0x00000000 x17=0x26f46dc0
     394695.000 ns	     39468	80008490	40be0b33	sub	x22,x28,x11	 x28:0x00000000 x11:0x00000000 x22=0x00000000
     394705.000 ns	     39469	80008494	01ead393	srli	x7,x21,0x1e	 x21:0x00000000  x7=0x00000000
     394715.000 ns	     39470	80008498	64002593	slti	x11,x0,1600	  x0:0x00000000 x11=0x00000001
     394725.000 ns	     39471	8000849c	8c80c013	xori	x0,x1,-1848	  x1:0x00000290
     394735.000 ns	     39472	800084a0	4fb5b093	sltiu	x1,x11,1275	 x11:0x00000000  x1=0x00000001
     394745.000 ns	     39473	800084a4	bd353593	sltiu	x11,x10,-1069	 x10:0x00238488 x11=0x00000001
     394755.000 ns	     39474	800084a8	08c8d297	auipc	x5,0x8c8d	  x5=0x88c954a8
     394765.000 ns	     39475	800084ac	013bd993	srli	x19,x23,0x13	 x23:0x00000008 x19=0x00000000
     394785.000 ns	     39477	800084b0	c0180753	fcvt.wu.s	x14,f16	 f16:0x4f000410 x14=0x80041000
     394805.000 ns	     39479	800084b4	00fc5d93	srli	x27,x24,0xf	 x24:0xffc00207 x27=0x0001ff80
     394815.000 ns	     39480	800084b8	5bb4a713	slti	x14,x9,1467	  x9:0x00000000 x14=0x00000001
     395175.000 ns	     39516	800084bc	03717c33	remu	x24,x2,x23	  x2:0x00000000 x23:0x00000008 x24=0x00000000
     395205.000 ns	     39519	800084c0	02e006b3	mul	x13,x0,x14	  x0:0x00000000 x14:0x80041000 x13=0x00000000
     395235.000 ns	     39522	800084c4	c01f86d3	fcvt.wu.s	x13,f31	 f31:0x4e1bd1b7 x13=0x26f46dc0
     395265.000 ns	     39525	800084c8	e00e88d3	fmv.x.w	x17,f29	 f29:0xffc00000 x17=0xffc00000
     395295.000 ns	     39528	800084cc	282e09d3	fmin.s	f19,f28,f2	 f28:0x00000000  f2:0x4e1bdfb8 f19=0x00000000
     395325.000 ns	     39531	800084d0	e0081753	fclass.s	x14,f16	 f16:0x4f000410 x14=0x00000040
     395345.000 ns	     39533	800084d4	a1682093	slti	x1,x16,-1514	 x16:0x00000000  x1=0x00000000
     395365.000 ns	     39535	800084d8	0378b7b3	mulhu	x15,x17,x23	 x17:0xffc00000 x23:0x00000008 x15=0x00000007
     395385.000 ns	     39537	800084dc	503f7693	andi	x13,x30,1283	 x30:0xec5313c0 x13=0x00000100
     395405.000 ns	     39539	800084e0	213c2753	fsgnjx.s	f14,f24,f19	 f24:0x80000000 f19:0x00000000 f14=0x80000000
     395435.000 ns	     39542	800084e4	20881353	fsgnjn.s	f6,f16,f8	 f16:0x4f000410  f8:0x00040fe4  f6=0xcf000410
     395465.000 ns	     39545	800084e8	29d40d53	fmin.s	f26,f8,f29	  f8:0x00040fe4 f29:0xffc00000 f26=0x00040fe4
     395495.000 ns	     39548	800084ec	03c51033	mulh	x0,x10,x28	 x10:0x00238488 x28:0x00000000
     395515.000 ns	     39550	800084f0	e6502a13	slti	x20,x0,-411	  x0:0x00000000 x20=0x00000000
     396685.000 ns	     39667	800084f4	58087bd3	fsqrt.s	f23,f16	 f16:0x4f000410 f23=0x46b50a40
     397865.000 ns	     39785	800084f8	58078cd3	fsqrt.s	f25,f15	 f15:0x41000000 f25=0x3fb50482
     397895.000 ns	     39788	800084fc	d01c7253	fcvt.s.wu	f4,x24	 x24:0x00000000  f4=0x00000000
     397925.000 ns	     39791	80008500	e0059b53	fclass.s	x22,f11	 f11:0x80000000 x22=0x00000008
     397955.000 ns	     39794	80008504	20c294d3	fsgnjn.s	f9,f5,f12	  f5:0x7fc00000 f12:0x00000000  f9=0xffc00000
     397975.000 ns	     39796	80008508	005db4b3	sltu	x9,x27,x5	 x27:0x0001ff80  x5:0x88c954a8  x9=0x00000001
     397985.000 ns	     39797	8000850c	00000013	addi	x0,x0,0	  x0:0x00000000
     398015.000 ns	     39800	80008510	104d05d3	fmul.s	f11,f26,f4	 f26:0x00040fe4  f4:0x00000000 f11=0x00000000
     398045.000 ns	     39803	80008514	e0048b53	fmv.x.w	x22,f9	  f9:0xffc00000 x22=0xffc00000
     398085.000 ns	     39807	80008518	198877d3	fdiv.s	f15,f16,f24	 f16:0x4f000410 f24:0x80000000 f15=0xff800000
     398105.000 ns	     39809	8000851c	df176d13	ori	x26,x14,-527	 x14:0x00000040 x26=0xfffffdf1
     398115.000 ns	     39810	80008520	019a54b3	srl	x9,x20,x25	 x20:0x00000000 x25:0x00238454  x9=0x00000000
     398125.000 ns	     39811	80008524	00cbad33	slt	x26,x23,x12	 x23:0x00000008 x12:0x00000200 x26=0x00000001
     398145.000 ns	     39813	80008528	e00090d3	fclass.s	x1,f1	  f1:0x41000000  x1=0x00000040
     398175.000 ns	     39816	8000852c	20d320d3	fsgnjx.s	f1,f6,f13	  f6:0xcf000410 f13:0x80040fe4  f1=0x4f000410
     398215.000 ns	     39820	80008530	18332953	fdiv.s	f18,f6,f3	  f6:0xcf000410  f3:0x80000000 f18=0x7f800000
     398235.000 ns	     39822	80008534	018dcdb3	xor	x27,x27,x24	 x27:0x0001ff80 x24:0x00000000 x27=0x0001ff80
     398255.000 ns	     39824	80008538	035a9233	mulh	x4,x21,x21	 x21:0x00000000 x21:0x00000000  x4=0x00000000
     398285.000 ns	     39827	8000853c	022ffe33	remu	x28,x31,x2	 x31:0x00000001  x2:0x00000000 x28=0x00000001
     398315.000 ns	     39830	80008540	0237ee33	rem	x28,x15,x3	 x15:0x00000007  x3:0x00000000 x28=0x00000007
     398335.000 ns	     39832	80008544	00659513	slli	x10,x11,0x6	 x11:0x00000001 x10=0x00000040
     398345.000 ns	     39833	80008548	f4a6ab13	slti	x22,x13,-182	 x13:0x00000100 x22=0x00000000
     398365.000 ns	     39835	8000854c	28168d53	fmin.s	f26,f13,f1	 f13:0x80040fe4  f1:0x4f000410 f26=0x80040fe4
     398385.000 ns	     39837	80008550	00189413	slli	x8,x17,0x1	 x17:0xffc00000  x8=0xff800000
     398405.000 ns	     39839	80008554	28b01953	fmax.s	f18,f0,f11	  f0:0x41000000 f11:0x00000000 f18=0x41000000
     398435.000 ns	     39842	80008558	03783fb3	mulhu	x31,x16,x23	 x16:0x00000000 x23:0x00000008 x31=0x00000000
     398465.000 ns	     39845	8000855c	020d14b3	mulh	x9,x26,x0	 x26:0x00000001  x0:0x00000000  x9=0x00000000
     398495.000 ns	     39848	80008560	03b1b033	mulhu	x0,x3,x27	  x3:0x00000000 x27:0x0001ff80
     398515.000 ns	     39850	80008564	008c0033	add	x0,x24,x8	 x24:0x00000000  x8:0xff800000
     398525.000 ns	     39851	80008568	00b65eb3	srl	x29,x12,x11	 x12:0x00000200 x11:0x00000001 x29=0x00000100
     398545.000 ns	     39853	8000856c	02b725b3	mulhsu	x11,x14,x11	 x14:0x00000040 x11:0x00000001 x11=0x00000000
     398575.000 ns	     39856	80008570	a0488dd3	fle.s	x27,f17,f4	 f17:0x80040fe4  f4:0x00000000 x27=0x00000001
     398605.000 ns	     39859	80008574	02e18533	mul	x10,x3,x14	  x3:0x00000000 x14:0x00000040 x10=0x00000000
     398975.000 ns	     39896	80008578	0282edb3	rem	x27,x5,x8	  x5:0x88c954a8  x8:0xff800000 x27=0xffc954a8
     399005.000 ns	     39899	8000857c	f0008353	fmv.w.x	f6,x1	  x1:0x00000040  f6=0x00000040
     399035.000 ns	     39902	80008580	29e81853	fmax.s	f16,f16,f30	 f16:0x4f000410 f30:0x00000000 f16=0x4f000410
     399055.000 ns	     39904	80008584	0012b433	sltu	x8,x5,x1	  x5:0x88c954a8  x1:0x00000040  x8=0x00000000
     399075.000 ns	     39906	80008588	d00e42d3	fcvt.s.w	f5,x28	 x28:0x00000007  f5=0x40e00000
     399445.000 ns	     39943	8000858c	02505cb3	divu	x25,x0,x5	  x0:0x00000000  x5:0x88c954a8 x25=0x00000000
     399475.000 ns	     39946	80008590	0351e0b3	rem	x1,x3,x21	  x3:0x00000000 x21:0x00000000  x1=0x00000000
     399495.000 ns	     39948	80008594	0166a7b3	slt	x15,x13,x22	 x13:0x00000100 x22:0x00000000 x15=0x00000000
     399505.000 ns	     39949	80008598	41145393	srai	x7,x8,0x11	  x8:0x00000000  x7=0x00000000
     399535.000 ns	     39952	8000859c	1935f353	fdiv.s	f6,f11,f19	 f11:0x00000000 f19:0x00000000  f6=0x7fc00000
     399565.000 ns	     39955	800085a0	c0197c53	fcvt.wu.s	x24,f18	 f18:0x41000000 x24=0x00000008
     399585.000 ns	     39957	800085a4	cf6c2e93	slti	x29,x24,-778	 x24:0x00000000 x29=0x00000000
     399605.000 ns	     39959	800085a8	0217fa33	remu	x20,x15,x1	 x15:0x00000000  x1:0x00000000 x20=0x00000000
     399635.000 ns	     39962	800085ac	20929c53	fsgnjn.s	f24,f5,f9	  f5:0x40e00000  f9:0xffc00000 f24=0x40e00000
     399665.000 ns	     39965	800085b0	025538b3	mulhu	x17,x10,x5	 x10:0x00000000  x5:0x88c954a8 x17=0x00000000
     399695.000 ns	     39968	800085b4	e0078bd3	fmv.x.w	x23,f15	 f15:0xff800000 x23=0xff800000
     399715.000 ns	     39970	800085b8	004aec33	or	x24,x21,x4	 x21:0x00000000  x4:0x00000000 x24=0x00000000
     399735.000 ns	     39972	800085bc	03c91e33	mulh	x28,x18,x28	 x18:0x80040fe4 x28:0x00000007 x28=0xfffffffc
     399765.000 ns	     39975	800085c0	f0050153	fmv.w.x	f2,x10	 x10:0x00000000  f2=0x00000000
     399795.000 ns	     39978	800085c4	0354c3b3	div	x7,x9,x21	  x9:0x00000000 x21:0x00000000  x7=0xffffffff
     399815.000 ns	     39980	800085c8	0019b033	sltu	x0,x19,x1	 x19:0x00000000  x1:0x00000000
     399835.000 ns	     39982	800085cc	29bf0c53	fmin.s	f24,f30,f27	 f30:0x00000000 f27:0x7ffffff9 f24=0x00000000
     399865.000 ns	     39985	800085d0	021c93b3	mulh	x7,x25,x1	 x25:0x00000000  x1:0x00000000  x7=0x00000000
     399895.000 ns	     39988	800085d4	02b57133	remu	x2,x10,x11	 x10:0x00000000 x11:0x00000000  x2=0x00000000
     399925.000 ns	     39991	800085d8	d011c1d3	fcvt.s.wu	f3,x3	  x3:0x00000000  f3=0x00000000
     399955.000 ns	     39994	800085dc	030d7b33	remu	x22,x26,x16	 x26:0x00000001 x16:0x00000000 x22=0x00000001
     399975.000 ns	     39996	800085e0	0146fcb3	and	x25,x13,x20	 x13:0x00000100 x20:0x00000000 x25=0x00000000
     400015.000 ns	     40000	800085e4	080774d3	fsub.s	f9,f14,f0	 f14:0x80000000  f0:0x41000000  f9=0xc1000000
     400035.000 ns	     40002	800085e8	01925393	srli	x7,x4,0x19	  x4:0x00000000  x7=0x00000000
     400045.000 ns	     40003	800085ec	00ba9fb3	sll	x31,x21,x11	 x21:0x00000000 x11:0x00000000 x31=0x00000000
     400055.000 ns	     40004	800085f0	40cc85b3	sub	x11,x25,x12	 x25:0x00000000 x12:0x00000200 x11=0xfffffe00
     400065.000 ns	     40005	800085f4	4146f237	lui	x4,0x4146f	  x4=0x4146f000
     400085.000 ns	     40007	800085f8	281d8253	fmin.s	f4,f27,f1	 f27:0x7ffffff9  f1:0x4f000410  f4=0x4f000410
     400115.000 ns	     40010	800085fc	212c10d3	fsgnjn.s	f1,f24,f18	 f24:0x00000000 f18:0x41000000  f1=0x80000000
     400145.000 ns	     40013	80008600	02f35cb3	divu	x25,x6,x15	  x6:0x80041024 x15:0x00000000 x25=0xffffffff
     400175.000 ns	     40016	80008604	02db1db3	mulh	x27,x22,x13	 x22:0x00000001 x13:0x00000100 x27=0x00000000
     400205.000 ns	     40019	80008608	200d28d3	fsgnjx.s	f17,f26,f0	 f26:0x80040fe4  f0:0x41000000 f17=0x80040fe4
     400225.000 ns	     40021	8000860c	b235da17	auipc	x20,0xb235d	 x20=0x3236560c
     400235.000 ns	     40022	80008610	007c6133	or	x2,x24,x7	 x24:0x00000000  x7:0x00000000  x2=0x00000000
     400245.000 ns	     40023	80008614	02e64613	xori	x12,x12,46	 x12:0x00000200 x12=0x0000022e
     400255.000 ns	     40024	80008618	4989a793	slti	x15,x19,1176	 x19:0x00000000 x15=0x00000001
     400275.000 ns	     40026	8000861c	285e9ad3	fmax.s	f21,f29,f5	 f29:0xffc00000  f5:0x40e00000 f21=0x40e00000
     400305.000 ns	     40029	80008620	29639253	fmax.s	f4,f7,f22	  f7:0x4f0d5191 f22:0x7fc00000  f4=0x4f0d5191
     400325.000 ns	     40031	80008624	415bdb33	sra	x22,x23,x21	 x23:0xff800000 x21:0x00000000 x22=0xff800000
     400685.000 ns	     40067	80008628	03695133	divu	x2,x18,x22	 x18:0x80040fe4 x22:0x00000001  x2=0x00000000
     400715.000 ns	     40070	8000862c	f0010c53	fmv.w.x	f24,x2	  x2:0x00000000 f24=0x00000000
     400735.000 ns	     40072	80008630	40410093	addi	x1,x2,1028	  x2:0x00000000  x1=0x00000404
     400755.000 ns	     40074	80008634	0266a133	mulhsu	x2,x13,x6	 x13:0x00000100  x6:0x80041024  x2=0x00000080
     400785.000 ns	     40077	80008638	28e60b53	fmin.s	f22,f12,f14	 f12:0x00000000 f14:0x80000000 f22=0x80000000
     400815.000 ns	     40080	8000863c	e0040253	fmv.x.w	x4,f8	  f8:0x00040fe4  x4=0x00040fe4
     400845.000 ns	     40083	80008640	03db95b3	mulh	x11,x23,x29	 x23:0xff800000 x29:0x00000000 x11=0x00000000
     400885.000 ns	     40087	80008644	108130d3	fmul.s	f1,f2,f8	  f2:0x00000000  f8:0x00040fe4  f1=0x00000000
     400905.000 ns	     40089	80008648	3b7eaf93	slti	x31,x29,951	 x29:0x00000000 x31=0x00000001
     400925.000 ns	     40091	8000864c	03336e33	rem	x28,x6,x19	  x6:0x80041024 x19:0x00000000 x28=0x80041024
     400955.000 ns	     40094	80008650	f0098d53	fmv.w.x	f26,x19	 x19:0x00000000 f26=0x00000000
     400985.000 ns	     40097	80008654	d01f7cd3	fcvt.s.wu	f25,x30	 x30:0xec5313c0 f25=0x4f6c5313
     401355.000 ns	     40134	80008658	024974b3	remu	x9,x18,x4	 x18:0x80040fe4  x4:0x00040fe4  x9=0x00035238
     401385.000 ns	     40137	8000865c	02b4ad33	mulhsu	x26,x9,x11	  x9:0x00000000 x11:0x00000000 x26=0x00000000
     401415.000 ns	     40140	80008660	28c880d3	fmin.s	f1,f17,f12	 f17:0x80040fe4 f12:0x00000000  f1=0x80040fe4
     401435.000 ns	     40142	80008664	e04b7093	andi	x1,x22,-508	 x22:0xff800000  x1=0xff800000
     401445.000 ns	     40143	80008668	009d1d13	slli	x26,x26,0x9	 x26:0x00000000 x26=0x00000000
     401485.000 ns	     40147	8000866c	00c87953	fadd.s	f18,f16,f12	 f16:0x4f000410 f12:0x00000000 f18=0x4f000410
     401505.000 ns	     40149	80008670	01d3d733	srl	x14,x7,x29	  x7:0x00000000 x29:0x00000000 x14=0x00000000
     401865.000 ns	     40185	80008674	0228deb3	divu	x29,x17,x2	 x17:0x00000000  x2:0x00000080 x29=0x00000000
     401895.000 ns	     40188	80008678	a1cd8ad3	fle.s	x21,f27,f28	 f27:0x7ffffff9 f28:0x00000000 x21=0x00000000
     401925.000 ns	     40191	8000867c	20468153	fsgnj.s	f2,f13,f4	 f13:0x80040fe4  f4:0x4f0d5191  f2=0x00040fe4
     401955.000 ns	     40194	80008680	e00712d3	fclass.s	x5,f14	 f14:0x80000000  x5=0x00000008
     401975.000 ns	     40196	80008684	0089b433	sltu	x8,x19,x8	 x19:0x00000000  x8:0x00000000  x8=0x00000000
     401995.000 ns	     40198	80008688	a141a753	feq.s	x14,f3,f20	  f3:0x00000000 f20:0x00000000 x14=0x00000001
     402015.000 ns	     40200	8000868c	df588217	auipc	x4,0xdf588	  x4=0x5f59068c
     402025.000 ns	     40201	80008690	00082833	slt	x16,x16,x0	 x16:0x00000000  x0:0x00000000 x16=0x00000000
     402045.000 ns	     40203	80008694	d001f3d3	fcvt.s.w	f7,x3	  x3:0x00000000  f7=0x00000000
     402085.000 ns	     40207	80008698	184c0d53	fdiv.s	f26,f24,f4	 f24:0x00000000  f4:0x4f0d5191 f26=0x00000000
     402105.000 ns	     40209	8000869c	01a94e33	xor	x28,x18,x26	 x18:0x80040fe4 x26:0x00000000 x28=0x80040fe4
     402115.000 ns	     40210	800086a0	ab8a6c13	ori	x24,x20,-1352	 x20:0x3236560c x24=0xfffffebc
     402445.000 ns	     40243	800086a4	19747b53	fdiv.s	f22,f8,f23	  f8:0x00040fe4 f23:0x46b50a40 f22=0x00000000
     402465.000 ns	     40245	800086a8	01a50ab3	add	x21,x10,x26	 x10:0x00000000 x26:0x00000000 x21=0x00000000
     402485.000 ns	     40247	800086ac	037a26b3	mulhsu	x13,x20,x23	 x20:0x3236560c x23:0xff800000 x13=0x321d3ae0
     402515.000 ns	     40250	800086b0	215b0cd3	fsgnj.s	f25,f22,f21	 f22:0x00000000 f21:0x40e00000 f25=0x00000000
     402555.000 ns	     40254	800086b4	1105f7d3	fmul.s	f15,f11,f16	 f11:0x00000000 f16:0x4f000410 f15=0x00000000
     402585.000 ns	     40257	800086b8	c0092153	fcvt.w.s	x2,f18	 f18:0x4f000410  x2=0x7fffffff
     402615.000 ns	     40260	800086bc	03d12233	mulhsu	x4,x2,x29	  x2:0x00000080 x29:0x00000000  x4=0x00000000
     402645.000 ns	     40263	800086c0	e0068ed3	fmv.x.w	x29,f13	 f13:0x80040fe4 x29=0x80040fe4
     402675.000 ns	     40266	800086c4	d00474d3	fcvt.s.w	f9,x8	  x8:0x00000000  f9=0x00000000
     402705.000 ns	     40269	800086c8	20891dd3	fsgnjn.s	f27,f18,f8	 f18:0x4f000410  f8:0x00040fe4 f27=0xcf000410
     402745.000 ns	     40273	800086cc	107339d3	fmul.s	f19,f6,f7	  f6:0x7fc00000  f7:0x00000000 f19=0x7fc00000
     402765.000 ns	     40275	800086d0	017de0b3	or	x1,x27,x23	 x27:0x00000000 x23:0xff800000  x1=0xff800000
     402775.000 ns	     40276	800086d4	00551033	sll	x0,x10,x5	 x10:0x00000000  x5:0x00000008
     402795.000 ns	     40278	800086d8	03b4e8b3	rem	x17,x9,x27	  x9:0x00035238 x27:0x00000000 x17=0x00035238
     402815.000 ns	     40280	800086dc	015fd7b3	srl	x15,x31,x21	 x31:0x00000001 x21:0x00000000 x15=0x00000001
     402855.000 ns	     40284	800086e0	01b5ff53	fadd.s	f30,f11,f27	 f11:0x00000000 f27:0xcf000410 f30=0xcf000410
     402875.000 ns	     40286	800086e4	09957613	andi	x12,x10,153	 x10:0x00000000 x12=0x00000000
     402885.000 ns	     40287	800086e8	00000013	addi	x0,x0,0	  x0:0x00000000
     402905.000 ns	     40289	800086ec	030b0eb3	mul	x29,x22,x16	 x22:0xff800000 x16:0x00000000 x29=0x00000000
     402955.000 ns	     40294	800086f0	0939fcd3	fsub.s	f25,f19,f19	 f19:0x7fc00000 f19:0x7fc00000 f25=0x7fc00000
     402975.000 ns	     40296	800086f4	676ba593	slti	x11,x23,1654	 x23:0xff800000 x11=0x00000001
     402995.000 ns	     40298	800086f8	21e620d3	fsgnjx.s	f1,f12,f30	 f12:0x00000000 f30:0xcf000410  f1=0x80000000
     403025.000 ns	     40301	800086fc	a16827d3	feq.s	x15,f16,f22	 f16:0x4f000410 f22:0x00000000 x15=0x00000000
     403045.000 ns	     40303	80008700	00c0dd33	srl	x26,x1,x12	  x1:0xff800000 x12:0x00000000 x26=0xff800000
     403055.000 ns	     40304	80008704	f281cd13	xori	x26,x3,-216	  x3:0x00000000 x26=0xffffff28
     403065.000 ns	     40305	80008708	0067d013	srli	x0,x15,0x6	 x15:0x00000000
     403085.000 ns	     40307	8000870c	a03e0853	fle.s	x16,f28,f3	 f28:0x00000000  f3:0x00000000 x16=0x00000001
     403105.000 ns	     40309	80008710	4092d393	srai	x7,x5,0x9	  x5:0x00000008  x7=0x00000000
     403115.000 ns	     40310	80008714	00148a33	add	x20,x9,x1	  x9:0x00035238  x1:0xff800000 x20=0xff835238
     403125.000 ns	     40311	80008718	40828433	sub	x8,x5,x8	  x5:0x00000008  x8:0x00000000  x8=0x00000008
     403135.000 ns	     40312	8000871c	b8833793	sltiu	x15,x6,-1144	  x6:0x80041024 x15=0x00000001
     403145.000 ns	     40313	80008720	e14a8437	lui	x8,0xe14a8	  x8=0xe14a8000
     403155.000 ns	     40314	80008724	404e0fb3	sub	x31,x28,x4	 x28:0x80040fe4  x4:0x00000000 x31=0x80040fe4
     403195.000 ns	     40318	80008728	01d47753	fadd.s	f14,f8,f29	  f8:0x00040fe4 f29:0xffc00000 f14=0x7fc00000
     403225.000 ns	     40321	8000872c	02743c33	mulhu	x24,x8,x7	  x8:0xe14a8000  x7:0x00000000 x24=0x00000000
     403245.000 ns	     40323	80008730	0197f9b3	and	x19,x15,x25	 x15:0x00000001 x25:0xffffffff x19=0x00000001
     403255.000 ns	     40324	80008734	00a7bab3	sltu	x21,x15,x10	 x15:0x00000001 x10:0x00000000 x21=0x00000000
     403265.000 ns	     40325	80008738	00b81233	sll	x4,x16,x11	 x16:0x00000001 x11:0x00000001  x4=0x00000002
     403625.000 ns	     40361	8000873c	0326f533	remu	x10,x13,x18	 x13:0x321d3ae0 x18:0x80040fe4 x10=0x321d3ae0
     403655.000 ns	     40364	80008740	a027a553	feq.s	x10,f15,f2	 f15:0x00000000  f2:0x00040fe4 x10=0x00000000
     403685.000 ns	     40367	80008744	a183a653	feq.s	x12,f7,f24	  f7:0x00000000 f24:0x00000000 x12=0x00000001
     403705.000 ns	     40369	80008748	5cc40593	addi	x11,x8,1484	  x8:0xe14a8000 x11=0xe14a85cc
     403715.000 ns	     40370	8000874c	f25dddb7	lui	x27,0xf25dd	 x27=0xf25dd000
     403735.000 ns	     40372	80008750	02bd2eb3	mulhsu	x29,x26,x11	 x26:0xffffff28 x11:0x00000001 x29=0xffffff41
     403765.000 ns	     40375	80008754	a1e090d3	flt.s	x1,f1,f30	  f1:0x80000000 f30:0xcf000410  x1=0x00000000
     403795.000 ns	     40378	80008758	e0040153	fmv.x.w	x2,f8	  f8:0x00040fe4  x2=0x00040fe4
     403825.000 ns	     40381	8000875c	a1dfa3d3	feq.s	x7,f31,f29	 f31:0x4e1bd1b7 f29:0xffc00000  x7=0x00000000
     403865.000 ns	     40385	80008760	19b1cc53	fdiv.s	f24,f3,f27	  f3:0x00000000 f27:0xcf000410 f24=0x80000000
     403885.000 ns	     40387	80008764	a7ce7793	andi	x15,x28,-1412	 x28:0x80040fe4 x15=0x80040a64
     403895.000 ns	     40388	80008768	be312617	auipc	x12,0xbe312	 x12=0x3e31a768
     403915.000 ns	     40390	8000876c	a0e314d3	flt.s	x9,f6,f14	  f6:0x7fc00000 f14:0x7fc00000  x9=0x00000000
     403935.000 ns	     40392	80008770	009564b3	or	x9,x10,x9	 x10:0x00000000  x9:0x00035238  x9=0x00000000
     403955.000 ns	     40394	80008774	a17c18d3	flt.s	x17,f24,f23	 f24:0x80000000 f23:0x46b50a40 x17=0x00000001
     403975.000 ns	     40396	80008778	01b6dc33	srl	x24,x13,x27	 x13:0x321d3ae0 x27:0xf25dd000 x24=0x321d3ae0
     404335.000 ns	     40432	8000877c	0225e7b3	rem	x15,x11,x2	 x11:0xe14a85cc  x2:0x00040fe4 x15=0xfffea228
     404705.000 ns	     40469	80008780	02b2e133	rem	x2,x5,x11	  x5:0x00000008 x11:0xe14a85cc  x2=0x00000008
     404755.000 ns	     40474	80008784	00a80bd3	fadd.s	f23,f16,f10	 f16:0x4f000410 f10:0x00000008 f23=0x4f000410
     404795.000 ns	     40478	80008788	580d44d3	fsqrt.s	f9,f26	 f26:0x00000000  f9=0x00000000
     404825.000 ns	     40481	8000878c	d00bfc53	fcvt.s.w	f24,x23	 x23:0xff800000 f24=0xcb000000
     404855.000 ns	     40484	80008790	d01da053	fcvt.s.wu	f0,x27	 x27:0xf25dd000  f0=0x4f725dd0
     404885.000 ns	     40487	80008794	20449953	fsgnjn.s	f18,f9,f4	  f9:0x00000000  f4:0x4f0d5191 f18=0x80000000
     404915.000 ns	     40490	80008798	f0080f53	fmv.w.x	f30,x16	 x16:0x00000001 f30=0x00000001
     404945.000 ns	     40493	8000879c	a1d6a7d3	feq.s	x15,f13,f29	 f13:0x80040fe4 f29:0xffc00000 x15=0x00000000
     404975.000 ns	     40496	800087a0	a049a4d3	feq.s	x9,f19,f4	 f19:0x7fc00000  f4:0x4f0d5191  x9=0x00000000
     405005.000 ns	     40499	800087a4	f00e0153	fmv.w.x	f2,x28	 x28:0x80040fe4  f2=0x80040fe4
     405025.000 ns	     40501	800087a8	a6578413	addi	x8,x15,-1435	 x15:0x00000000  x8=0xfffffa65
     405035.000 ns	     40502	800087ac	004a1413	slli	x8,x20,0x4	 x20:0xff835238  x8=0xf8352380
     405045.000 ns	     40503	800087b0	406ed733	sra	x14,x29,x6	 x29:0xffffff41  x6:0x80041024 x14=0xfffffff4
     405065.000 ns	     40505	800087b4	291e9ed3	fmax.s	f29,f29,f17	 f29:0xffc00000 f17:0x80040fe4 f29=0x80040fe4
     405095.000 ns	     40508	800087b8	21ed14d3	fsgnjn.s	f9,f26,f30	 f26:0x00000000 f30:0x00000001  f9=0x80000000
     405115.000 ns	     40510	800087bc	b1cfa113	slti	x2,x31,-1252	 x31:0x80040fe4  x2=0x00000001
     405125.000 ns	     40511	800087c0	b8bb7513	andi	x10,x22,-1141	 x22:0xff800000 x10=0xff800000
     405135.000 ns	     40512	800087c4	d0a1fa17	auipc	x20,0xd0a1f	 x20=0x50a277c4
     405155.000 ns	     40514	800087c8	035656b3	divu	x13,x12,x21	 x12:0x3e31a768 x21:0x00000000 x13=0xffffffff
     405185.000 ns	     40517	800087cc	21dfad53	fsgnjx.s	f26,f31,f29	 f31:0x4e1bd1b7 f29:0x80040fe4 f26=0xce1bd1b7
     405205.000 ns	     40519	800087d0	0193f4b3	and	x9,x7,x25	  x7:0x00000000 x25:0xffffffff  x9=0x00000000
     405225.000 ns	     40521	800087d4	c01e2b53	fcvt.wu.s	x22,f28	 f28:0x00000000 x22=0x00000000
     405255.000 ns	     40524	800087d8	024d82b3	mul	x5,x27,x4	 x27:0xf25dd000  x4:0x00000002  x5=0xe4bba000
     405625.000 ns	     40561	800087dc	03a0c733	div	x14,x1,x26	  x1:0x00000000 x26:0xffffff28 x14=0x00000000
     405655.000 ns	     40564	800087e0	e00298d3	fclass.s	x17,f5	  f5:0x40e00000 x17=0x00000040
     405685.000 ns	     40567	800087e4	a10c1053	flt.s	x0,f24,f16	 f24:0xcb000000 f16:0x4f000410
     405725.000 ns	     40571	800087e8	5801fa53	fsqrt.s	f20,f3	  f3:0x00000000 f20=0x00000000
     405775.000 ns	     40576	800087ec	09c9f153	fsub.s	f2,f19,f28	 f19:0x7fc00000 f28:0x00000000  f2=0x7fc00000
     405805.000 ns	     40579	800087f0	d007fdd3	fcvt.s.w	f27,x15	 x15:0x00000000 f27=0x00000000
     405835.000 ns	     40582	800087f4	d001f6d3	fcvt.s.w	f13,x3	  x3:0x00000000 f13=0x00000000
     405855.000 ns	     40584	800087f8	8086a513	slti	x10,x13,-2040	 x13:0xffffffff x10=0x00000000
     405865.000 ns	     40585	800087fc	016a5a93	srli	x21,x20,0x16	 x20:0x50a277c4 x21=0x00000142
     405875.000 ns	     40586	80008800	b316b793	sltiu	x15,x13,-1231	 x13:0xffffffff x15=0x00000000
     405885.000 ns	     40587	80008804	00f05fb3	srl	x31,x0,x15	  x0:0x00000000 x15:0x00000000 x31=0x00000000
     405905.000 ns	     40589	80008808	21260fd3	fsgnj.s	f31,f12,f18	 f12:0x00000000 f18:0x80000000 f31=0x80000000
     405935.000 ns	     40592	8000880c	28f89853	fmax.s	f16,f17,f15	 f17:0x80040fe4 f15:0x00000000 f16=0x00000000
     405955.000 ns	     40594	80008810	0faa6e13	ori	x28,x20,250	 x20:0x50a277c4 x28=0x50a277fe
     405985.000 ns	     40597	80008814	10597f53	fmul.s	f30,f18,f5	 f18:0x80000000  f5:0x40e00000 f30=0x80000000
     406015.000 ns	     40600	80008818	02f379b3	remu	x19,x6,x15	  x6:0x80041024 x15:0x00000000 x19=0x80041024
     406035.000 ns	     40602	8000881c	b15c4c93	xori	x25,x24,-1259	 x24:0x321d3ae0 x25=0xcde2c1f5
     406045.000 ns	     40603	80008820	dd6e6e13	ori	x28,x28,-554	 x28:0x50a277fe x28=0xfffffffe
     406065.000 ns	     40605	80008824	c01112d3	fcvt.wu.s	x5,f2	  f2:0x7fc00000  x5=0xffffffff
     406095.000 ns	     40608	80008828	a07513d3	flt.s	x7,f10,f7	 f10:0x00000008  f7:0x00000000  x7=0x00000000
     406125.000 ns	     40611	8000882c	285102d3	fmin.s	f5,f2,f5	  f2:0x7fc00000  f5:0x40e00000  f5=0x40e00000
     406145.000 ns	     40613	80008830	0100e2b3	or	x5,x1,x16	  x1:0x00000000 x16:0x00000001  x5=0x00000001
     406165.000 ns	     40615	80008834	a0b7a453	feq.s	x8,f15,f11	 f15:0x00000000 f11:0x00000000  x8=0x00000001
     406185.000 ns	     40617	80008838	00000013	addi	x0,x0,0	  x0:0x00000000
     406205.000 ns	     40619	8000883c	030c2e33	mulhsu	x28,x24,x16	 x24:0x321d3ae0 x16:0x00000001 x28=0x00000000
     406235.000 ns	     40622	80008840	f00f81d3	fmv.w.x	f3,x31	 x31:0x00000000  f3=0x00000000
     406265.000 ns	     40625	80008844	284190d3	fmax.s	f1,f3,f4	  f3:0x00000000  f4:0x4f0d5191  f1=0x4f0d5191
     406295.000 ns	     40628	80008848	28409ed3	fmax.s	f29,f1,f4	  f1:0x80000000  f4:0x4f0d5191 f29=0x4f0d5191
     406315.000 ns	     40630	8000884c	00000013	addi	x0,x0,0	  x0:0x00000000
     406325.000 ns	     40631	80008850	018547b3	xor	x15,x10,x24	 x10:0x00000000 x24:0x321d3ae0 x15=0x321d3ae0
     406345.000 ns	     40633	80008854	d003f4d3	fcvt.s.w	f9,x7	  x7:0x00000000  f9=0x00000000
     406375.000 ns	     40636	80008858	d00199d3	fcvt.s.w	f19,x3	  x3:0x00000000 f19=0x00000000
     406405.000 ns	     40639	8000885c	027baa33	mulhsu	x20,x23,x7	 x23:0xff800000  x7:0x00000000 x20=0x00000000
     406425.000 ns	     40641	80008860	a0ac4813	xori	x16,x24,-1526	 x24:0x321d3ae0 x16=0xcde2c0ea
     406435.000 ns	     40642	80008864	00217e33	and	x28,x2,x2	  x2:0x00000001  x2:0x00000001 x28=0x00000001
     406455.000 ns	     40644	80008868	a00a8853	fle.s	x16,f21,f0	 f21:0x40e00000  f0:0x4f725dd0 x16=0x00000001
     406475.000 ns	     40646	8000886c	01d5a8b3	slt	x17,x11,x29	 x11:0xe14a85cc x29:0xffffff41 x17=0x00000001
     406485.000 ns	     40647	80008870	008cd493	srli	x9,x25,0x8	 x25:0xcde2c1f5  x9=0x00cde2c1
     406845.000 ns	     40683	80008874	03cdfeb3	remu	x29,x27,x28	 x27:0xf25dd000 x28:0x00000001 x29=0x00000000
     406875.000 ns	     40686	80008878	21218f53	fsgnj.s	f30,f3,f18	  f3:0x00000000 f18:0x80000000 f30=0x80000000
     406905.000 ns	     40689	8000887c	029e2433	mulhsu	x8,x28,x9	 x28:0x00000001  x9:0x00cde2c1  x8=0x00000000
     406925.000 ns	     40691	80008880	00d3f2b3	and	x5,x7,x13	  x7:0x00000000 x13:0xffffffff  x5=0x00000000
     406965.000 ns	     40695	80008884	01a67dd3	fadd.s	f27,f12,f26	 f12:0x00000000 f26:0xce1bd1b7 f27=0xce1bd1b7
     407335.000 ns	     40732	80008888	038664b3	rem	x9,x12,x24	 x12:0x3e31a768 x24:0x321d3ae0  x9=0x0c146c88
     407355.000 ns	     40734	8000888c	00a12fb3	slt	x31,x2,x10	  x2:0x00000001 x10:0x00000000 x31=0x00000000
     407365.000 ns	     40735	80008890	406c0433	sub	x8,x24,x6	 x24:0x321d3ae0  x6:0x80041024  x8=0xb2192abc
     407375.000 ns	     40736	80008894	5e00c893	xori	x17,x1,1504	  x1:0x00000000 x17=0x000005e0
     407385.000 ns	     40737	80008898	0051f5b3	and	x11,x3,x5	  x3:0x00000000  x5:0x00000000 x11=0x00000000
     407745.000 ns	     40773	8000889c	03a34533	div	x10,x6,x26	  x6:0x80041024 x26:0xffffff28 x10=0x0097af55
     407775.000 ns	     40776	800088a0	02f42133	mulhsu	x2,x8,x15	  x8:0xb2192abc x15:0x321d3ae0  x2=0xf0c00548
     407805.000 ns	     40779	800088a4	20ba9653	fsgnjn.s	f12,f21,f11	 f21:0x40e00000 f11:0x00000000 f12=0xc0e00000
     407825.000 ns	     40781	800088a8	008bf433	and	x8,x23,x8	 x23:0xff800000  x8:0xb2192abc  x8=0xb2000000
     407835.000 ns	     40782	800088ac	00000013	addi	x0,x0,0	  x0:0x00000000
     407855.000 ns	     40784	800088b0	e00c8ed3	fmv.x.w	x29,f25	 f25:0x7fc00000 x29=0x7fc00000
     407875.000 ns	     40786	800088b4	408d00b3	sub	x1,x26,x8	 x26:0xffffff28  x8:0xb2000000  x1=0x4dffff28
     407885.000 ns	     40787	800088b8	018335b3	sltu	x11,x6,x24	  x6:0x80041024 x24:0x321d3ae0 x11=0x00000000
     407905.000 ns	     40789	800088bc	a1ef9d53	flt.s	x26,f31,f30	 f31:0x80000000 f30:0x80000000 x26=0x00000000
     407925.000 ns	     40791	800088c0	418a0533	sub	x10,x20,x24	 x20:0x00000000 x24:0x321d3ae0 x10=0xcde2c520
     407945.000 ns	     40793	800088c4	a1f10ed3	fle.s	x29,f2,f31	  f2:0x7fc00000 f31:0x80000000 x29=0x00000000
     407995.000 ns	     40798	800088c8	01839fd3	fadd.s	f31,f7,f24	  f7:0x00000000 f24:0xcb000000 f31=0xcb000000
     408025.000 ns	     40801	800088cc	a1aa1ad3	flt.s	x21,f20,f26	 f20:0x00000000 f26:0xce1bd1b7 x21=0x00000000
     408045.000 ns	     40803	800088d0	260d8537	lui	x10,0x260d8	 x10=0x260d8000
     408065.000 ns	     40805	800088d4	03cc3433	mulhu	x8,x24,x28	 x24:0x321d3ae0 x28:0x00000001  x8=0x00000000
     408085.000 ns	     40807	800088d8	01736593	ori	x11,x6,23	  x6:0x80041024 x11=0x80041037
     408105.000 ns	     40809	800088dc	21dd9453	fsgnjn.s	f8,f27,f29	 f27:0xce1bd1b7 f29:0x4f0d5191  f8=0xce1bd1b7
     408475.000 ns	     40846	800088e0	039658b3	divu	x17,x12,x25	 x12:0x3e31a768 x25:0xcde2c1f5 x17=0x00000000
     408495.000 ns	     40848	800088e4	0139de33	srl	x28,x19,x19	 x19:0x80041024 x19:0x80041024 x28=0x08004102
     408505.000 ns	     40849	800088e8	00000013	addi	x0,x0,0	  x0:0x00000000
     408515.000 ns	     40850	800088ec	01dc7fb3	and	x31,x24,x29	 x24:0x321d3ae0 x29:0x00000000 x31=0x00000000
     408535.000 ns	     40852	800088f0	d00eb653	fcvt.s.w	f12,x29	 x29:0x00000000 f12=0x00000000
     408555.000 ns	     40854	800088f4	414880b3	sub	x1,x17,x20	 x17:0x00000000 x20:0x00000000  x1=0x00000000
     408565.000 ns	     40855	800088f8	90e43493	sltiu	x9,x8,-1778	  x8:0x00000000  x9=0x00000001
     408585.000 ns	     40857	800088fc	21049353	fsgnjn.s	f6,f9,f16	  f9:0x00000000 f16:0x00000000  f6=0x80000000
     408615.000 ns	     40860	80008900	e00b87d3	fmv.x.w	x15,f23	 f23:0x4f000410 x15=0x4f000410
     408645.000 ns	     40863	80008904	d001f853	fcvt.s.w	f16,x3	  x3:0x00000000 f16=0x00000000
     408665.000 ns	     40865	80008908	0134e733	or	x14,x9,x19	  x9:0x00000001 x19:0x80041024 x14=0x80041025
     408675.000 ns	     40866	8000890c	00fbc133	xor	x2,x23,x15	 x23:0xff800000 x15:0x4f000410  x2=0xb0800410
     408685.000 ns	     40867	80008910	0070ceb3	xor	x29,x1,x7	  x1:0x00000000  x7:0x00000000 x29=0x00000000
     408705.000 ns	     40869	80008914	c014f9d3	fcvt.wu.s	x19,f9	  f9:0x00000000 x19=0x00000000
     408735.000 ns	     40872	80008918	d015ad53	fcvt.s.wu	f26,x11	 x11:0x80041037 f26=0x4f000411
     408755.000 ns	     40874	8000891c	805fe693	ori	x13,x31,-2043	 x31:0x00000000 x13=0xfffff805
     408775.000 ns	     40876	80008920	0214d8b3	divu	x17,x9,x1	  x9:0x00000001  x1:0x00000000 x17=0xffffffff
     408805.000 ns	     40879	80008924	e00d1e53	fclass.s	x28,f26	 f26:0x4f000411 x28=0x00000040
     408825.000 ns	     40881	80008928	40ff5693	srai	x13,x30,0xf	 x30:0xec5313c0 x13=0xffffd8a6
     408865.000 ns	     40885	8000892c	00747e53	fadd.s	f28,f8,f7	  f8:0xce1bd1b7  f7:0x00000000 f28=0xce1bd1b7
     408885.000 ns	     40887	80008930	00cffcb3	and	x25,x31,x12	 x31:0x00000000 x12:0x3e31a768 x25=0x00000000
     408905.000 ns	     40889	80008934	e0050a53	fmv.x.w	x20,f10	 f10:0x00000008 x20=0x00000008
     408925.000 ns	     40891	80008938	402c5a13	srai	x20,x24,0x2	 x24:0x321d3ae0 x20=0x0c874eb8
     408955.000 ns	     40894	8000893c	10ad10d3	fmul.s	f1,f26,f10	 f26:0x4f000411 f10:0x00000008  f1=0x06000411
     408975.000 ns	     40896	80008940	01531ab3	sll	x21,x6,x21	  x6:0x80041024 x21:0x00000000 x21=0x80041024
     408985.000 ns	     40897	80008944	49d5c493	xori	x9,x11,1181	 x11:0x80041037  x9=0x800414aa
     408995.000 ns	     40898	80008948	014565b3	or	x11,x10,x20	 x10:0x260d8000 x20:0x0c874eb8 x11=0x2e8fceb8
     409005.000 ns	     40899	8000894c	a0a42437	lui	x8,0xa0a42	  x8=0xa0a42000
     409015.000 ns	     40900	80008950	01a292b3	sll	x5,x5,x26	  x5:0x00000000 x26:0x00000000  x5=0x00000000
     409035.000 ns	     40902	80008954	293e0ad3	fmin.s	f21,f28,f19	 f28:0xce1bd1b7 f19:0x00000000 f21=0xce1bd1b7
     409065.000 ns	     40905	80008958	02132d33	mulhsu	x26,x6,x1	  x6:0x80041024  x1:0x00000000 x26=0x00000000
     409085.000 ns	     40907	8000895c	00000013	addi	x0,x0,0	  x0:0x00000000
     409095.000 ns	     40908	80008960	c1e47413	andi	x8,x8,-994	  x8:0xa0a42000  x8=0xa0a42000
     409105.000 ns	     40909	80008964	a42f6037	lui	x0,0xa42f6	
     409115.000 ns	     40910	80008968	0101a033	slt	x0,x3,x16	  x3:0x00000000 x16:0x00000001
     409135.000 ns	     40912	8000896c	20a18853	fsgnj.s	f16,f3,f10	  f3:0x00000000 f10:0x00000008 f16=0x00000000
     409165.000 ns	     40915	80008970	28460ad3	fmin.s	f21,f12,f4	 f12:0x00000000  f4:0x4f0d5191 f21=0x00000000
     409195.000 ns	     40918	80008974	0209fbb3	remu	x23,x19,x0	 x19:0x00000000  x0:0x00000000 x23=0x00000000
     409225.000 ns	     40921	80008978	02e2aa33	mulhsu	x20,x5,x14	  x5:0x00000000 x14:0x80041025 x20=0x00000000
     409245.000 ns	     40923	8000897c	1abba717	auipc	x14,0x1abba	 x14=0x9abc297c
     409265.000 ns	     40925	80008980	c0139a53	fcvt.wu.s	x20,f7	  f7:0x00000000 x20=0x00000000
     409285.000 ns	     40927	80008984	000db633	sltu	x12,x27,x0	 x27:0xf25dd000  x0:0x00000000 x12=0x00000000
     409305.000 ns	     40929	80008988	03ae30b3	mulhu	x1,x28,x26	 x28:0x00000040 x26:0x00000000  x1=0x00000000
     409335.000 ns	     40932	8000898c	21978953	fsgnj.s	f18,f15,f25	 f15:0x00000000 f25:0x7fc00000 f18=0x00000000
     409355.000 ns	     40934	80008990	0177d9b3	srl	x19,x15,x23	 x15:0x4f000410 x23:0x00000000 x19=0x4f000410
     409365.000 ns	     40935	80008994	01a3a833	slt	x16,x7,x26	  x7:0x00000000 x26:0x00000000 x16=0x00000000
     409375.000 ns	     40936	80008998	0183c7b3	xor	x15,x7,x24	  x7:0x00000000 x24:0x321d3ae0 x15=0x321d3ae0
     409385.000 ns	     40937	8000899c	002f9233	sll	x4,x31,x2	 x31:0x00000000  x2:0xb0800410  x4=0x00000000
     409405.000 ns	     40939	800089a0	02a4a2b3	mulhsu	x5,x9,x10	  x9:0x800414aa x10:0x260d8000  x5=0xecf9db48
     409425.000 ns	     40941	800089a4	b4ea4793	xori	x15,x20,-1202	 x20:0x00000000 x15=0xfffffb4e
     409435.000 ns	     40942	800089a8	0137f533	and	x10,x15,x19	 x15:0x321d3ae0 x19:0x4f000410 x10=0x4f000000
     409455.000 ns	     40944	800089ac	d00f7dd3	fcvt.s.w	f27,x30	 x30:0xec5313c0 f27=0xcd9d6762
     409485.000 ns	     40947	800089b0	03675133	divu	x2,x14,x22	 x14:0x9abc297c x22:0x00000000  x2=0xffffffff
     409515.000 ns	     40950	800089b4	a1f98553	fle.s	x10,f19,f31	 f19:0x00000000 f31:0xcb000000 x10=0x00000000
     409555.000 ns	     40954	800089b8	18357dd3	fdiv.s	f27,f10,f3	 f10:0x00000008  f3:0x00000000 f27=0x7f800000
     409585.000 ns	     40957	800089bc	03086a33	rem	x20,x16,x16	 x16:0x00000000 x16:0x00000000 x20=0x00000000
     409605.000 ns	     40959	800089c0	00491a93	slli	x21,x18,0x4	 x18:0x80040fe4 x21=0x0040fe40
     409615.000 ns	     40960	800089c4	002a0d33	add	x26,x20,x2	 x20:0x00000000  x2:0xffffffff x26=0xffffffff
     409625.000 ns	     40961	800089c8	018a8cb3	add	x25,x21,x24	 x21:0x80041024 x24:0x321d3ae0 x25=0x325e3920
     409645.000 ns	     40963	800089cc	29cc1ad3	fmax.s	f21,f24,f28	 f24:0xcb000000 f28:0xce1bd1b7 f21=0xcb000000
     409675.000 ns	     40966	800089d0	025b8c33	mul	x24,x23,x5	 x23:0x00000000  x5:0xecf9db48 x24=0x00000000
     409695.000 ns	     40968	800089d4	00739833	sll	x16,x7,x7	  x7:0x00000000  x7:0x00000000 x16=0x00000000
     409705.000 ns	     40969	800089d8	bc87ae13	slti	x28,x15,-1080	 x15:0xfffffb4e x28=0x00000001
     409725.000 ns	     40971	800089dc	0222aa33	mulhsu	x20,x5,x2	  x5:0xecf9db48  x2:0xffffffff x20=0xecf9db48
     409755.000 ns	     40974	800089e0	c00fa6d3	fcvt.w.s	x13,f31	 f31:0xcb000000 x13=0xff800000
     409775.000 ns	     40976	800089e4	69e958b7	lui	x17,0x69e95	 x17=0x69e95000
     409785.000 ns	     40977	800089e8	8f0f0997	auipc	x19,0x8f0f0	 x19=0x0f0f89e8
     409805.000 ns	     40979	800089ec	e0041dd3	fclass.s	x27,f8	  f8:0xce1bd1b7 x27=0x00000002
     409835.000 ns	     40982	800089f0	c00ec753	fcvt.w.s	x14,f29	 f29:0x4f0d5191 x14=0x7fffffff
     409855.000 ns	     40984	800089f4	0162e2b3	or	x5,x5,x22	  x5:0xecf9db48 x22:0x00000000  x5=0xecf9db48
     409895.000 ns	     40988	800089f8	012dc553	fadd.s	f10,f27,f18	 f27:0x7f800000 f18:0x00000000 f10=0x7f800000
     409925.000 ns	     40991	800089fc	d01af3d3	fcvt.s.wu	f7,x21	 x21:0x0040fe40  f7=0x4a81fc80
     409955.000 ns	     40994	80008a00	d00d76d3	fcvt.s.w	f13,x26	 x26:0xffffffff f13=0xbf800000
     409975.000 ns	     40996	80008a04	006399b3	sll	x19,x7,x6	  x7:0x00000000  x6:0x80041024 x19=0x00000000
     410015.000 ns	     41000	80008a08	08ea73d3	fsub.s	f7,f20,f14	 f20:0x00000000 f14:0x7fc00000  f7=0x7fc00000
     410045.000 ns	     41003	80008a0c	2046a3d3	fsgnjx.s	f7,f13,f4	 f13:0xbf800000  f4:0x4f0d5191  f7=0xbf800000
     410095.000 ns	     41008	80008a10	01dda053	fadd.s	f0,f27,f29	 f27:0x7f800000 f29:0x4f0d5191  f0=0x7f800000
     410115.000 ns	     41010	80008a14	018b52b3	srl	x5,x22,x24	 x22:0x00000000 x24:0x00000000  x5=0x00000000
     410125.000 ns	     41011	80008a18	4ed36593	ori	x11,x6,1261	  x6:0x80041024 x11=0x800414ed
     410145.000 ns	     41013	80008a1c	28831053	fmax.s	f0,f6,f8	  f6:0x80000000  f8:0xce1bd1b7  f0=0x80000000
     410165.000 ns	     41015	80008a20	278df893	andi	x17,x27,632	 x27:0x00000002 x17=0x00000000
     410175.000 ns	     41016	80008a24	a313eb37	lui	x22,0xa313e	 x22=0xa313e000
     410185.000 ns	     41017	80008a28	de836a93	ori	x21,x6,-536	  x6:0x80041024 x21=0xfffffdec
     410195.000 ns	     41018	80008a2c	00f69fb3	sll	x31,x13,x15	 x13:0xff800000 x15:0xfffffb4e x31=0x00000000
     410235.000 ns	     41022	80008a30	08df08d3	fsub.s	f17,f30,f13	 f30:0x80000000 f13:0xbf800000 f17=0x3f800000
     410255.000 ns	     41024	80008a34	40b9d513	srai	x10,x19,0xb	 x19:0x00000000 x10=0x00000000
     410265.000 ns	     41025	80008a38	417f5fb3	sra	x31,x30,x23	 x30:0xec5313c0 x23:0x00000000 x31=0xec5313c0
     410285.000 ns	     41027	80008a3c	a0188b53	fle.s	x22,f17,f1	 f17:0x3f800000  f1:0x06000411 x22=0x00000000
     410315.000 ns	     41030	80008a40	03076133	rem	x2,x14,x16	 x14:0x7fffffff x16:0x00000000  x2=0x7fffffff
     410335.000 ns	     41032	80008a44	7a49c013	xori	x0,x19,1956	 x19:0x00000000
     410345.000 ns	     41033	80008a48	015e80b3	add	x1,x29,x21	 x29:0x00000000 x21:0xfffffdec  x1=0xfffffdec
     410365.000 ns	     41035	80008a4c	20e39153	fsgnjn.s	f2,f7,f14	  f7:0xbf800000 f14:0x7fc00000  f2=0xbf800000
     410395.000 ns	     41038	80008a50	21741dd3	fsgnjn.s	f27,f8,f23	  f8:0xce1bd1b7 f23:0x4f000410 f27=0xce1bd1b7
     410415.000 ns	     41040	80008a54	003b9993	slli	x19,x23,0x3	 x23:0x00000000 x19=0x00000000
     410435.000 ns	     41042	80008a58	a0e02453	feq.s	x8,f0,f14	  f0:0x80000000 f14:0x7fc00000  x8=0x00000000
     410465.000 ns	     41045	80008a5c	20df8ad3	fsgnj.s	f21,f31,f13	 f31:0xcb000000 f13:0xbf800000 f21=0xcb000000
     410805.000 ns	     41079	80008a60	182b8ed3	fdiv.s	f29,f23,f2	 f23:0x4f000410  f2:0xbf800000 f29=0xce846312
     410835.000 ns	     41082	80008a64	e0040753	fmv.x.w	x14,f8	  f8:0xce1bd1b7 x14=0xce1bd1b7
     410865.000 ns	     41085	80008a68	03df7db3	remu	x27,x30,x29	 x30:0xec5313c0 x29:0x00000000 x27=0xec5313c0
     410885.000 ns	     41087	80008a6c	00f3c433	xor	x8,x7,x15	  x7:0x00000000 x15:0xfffffb4e  x8=0xfffffb4e
     410905.000 ns	     41089	80008a70	c0133453	fcvt.wu.s	x8,f6	  f6:0x80000000  x8=0x00000000
     410935.000 ns	     41092	80008a74	21ed0e53	fsgnj.s	f28,f26,f30	 f26:0x4f000411 f30:0x80000000 f28=0xcf000411
     410965.000 ns	     41095	80008a78	f0048153	fmv.w.x	f2,x9	  x9:0x800414aa  f2=0x800414aa
     410985.000 ns	     41097	80008a7c	01d713b3	sll	x7,x14,x29	 x14:0xce1bd1b7 x29:0x00000000  x7=0xce1bd1b7
     410995.000 ns	     41098	80008a80	d94d4d13	xori	x26,x26,-620	 x26:0xffffffff x26=0x0000026b
     411005.000 ns	     41099	80008a84	391fce93	xori	x29,x31,913	 x31:0xec5313c0 x29=0xec531051
     411025.000 ns	     41101	80008a88	218dae53	fsgnjx.s	f28,f27,f24	 f27:0xce1bd1b7 f24:0xcb000000 f28=0x4e1bd1b7
     411055.000 ns	     41104	80008a8c	021fbb33	mulhu	x22,x31,x1	 x31:0xec5313c0  x1:0xfffffdec x22=0xec5311d4
     411075.000 ns	     41106	80008a90	00088733	add	x14,x17,x0	 x17:0x00000000  x0:0x00000000 x14=0x00000000
     411095.000 ns	     41108	80008a94	20bb9dd3	fsgnjn.s	f27,f23,f11	 f23:0x4f000410 f11:0x00000000 f27=0xcf000410
     411125.000 ns	     41111	80008a98	023d70b3	remu	x1,x26,x3	 x26:0x0000026b  x3:0x00000000  x1=0x0000026b
     411145.000 ns	     41113	80008a9c	406c5493	srai	x9,x24,0x6	 x24:0x00000000  x9=0x00000000
     411165.000 ns	     41115	80008aa0	d00e9b53	fcvt.s.w	f22,x29	 x29:0xec531051 f22=0xcd9d677d
     411185.000 ns	     41117	80008aa4	00199613	slli	x12,x19,0x1	 x19:0x00000000 x12=0x00000000
     411205.000 ns	     41119	80008aa8	02d5aab3	mulhsu	x21,x11,x13	 x11:0x800414ed x13:0xff800000 x21=0x804412e2
     411235.000 ns	     41122	80008aac	03b020b3	mulhsu	x1,x0,x27	  x0:0x00000000 x27:0xec5313c0  x1=0x00000000
     411265.000 ns	     41125	80008ab0	02574133	div	x2,x14,x5	 x14:0x00000000  x5:0x00000000  x2=0xffffffff
     411315.000 ns	     41130	80008ab4	095fbd53	fsub.s	f26,f31,f21	 f31:0xcb000000 f21:0xcb000000 f26=0x00000000
     411345.000 ns	     41133	80008ab8	0330e0b3	rem	x1,x1,x19	  x1:0x00000000 x19:0x00000000  x1=0x00000000
     411385.000 ns	     41137	80008abc	1901ca53	fdiv.s	f20,f3,f16	  f3:0x00000000 f16:0x00000000 f20=0x7fc00000
     411405.000 ns	     41139	80008ac0	01db91b3	sll	x3,x23,x29	 x23:0x00000000 x29:0xec531051  x3=0x00000000
     411425.000 ns	     41141	80008ac4	03c99033	mulh	x0,x19,x28	 x19:0x00000000 x28:0x00000001
     411465.000 ns	     41145	80008ac8	11baf1d3	fmul.s	f3,f21,f27	 f21:0xcb000000 f27:0xcf000410  f3=0x5a800410
     411495.000 ns	     41148	80008acc	c00affd3	fcvt.w.s	x31,f21	 f21:0xcb000000 x31=0x00800000
     411525.000 ns	     41151	80008ad0	03ad98b3	mulh	x17,x27,x26	 x27:0xec5313c0 x26:0x0000026b x17=0xffffffd0
     411565.000 ns	     41155	80008ad4	580578d3	fsqrt.s	f17,f10	 f10:0x7f800000 f17=0x7f800000
     411605.000 ns	     41159	80008ad8	5805f0d3	fsqrt.s	f1,f11	 f11:0x00000000  f1=0x00000000
     411635.000 ns	     41162	80008adc	f00e8d53	fmv.w.x	f26,x29	 x29:0xec531051 f26=0xec531051
     411665.000 ns	     41165	80008ae0	022986b3	mul	x13,x19,x2	 x19:0x00000000  x2:0xffffffff x13=0x00000000
     411695.000 ns	     41168	80008ae4	022b90b3	mulh	x1,x23,x2	 x23:0x00000000  x2:0xffffffff  x1=0x00000000
     411725.000 ns	     41171	80008ae8	a19e89d3	fle.s	x19,f29,f25	 f29:0xce846312 f25:0x7fc00000 x19=0x00000000
     411755.000 ns	     41174	80008aec	a1c695d3	flt.s	x11,f13,f28	 f13:0xbf800000 f28:0x4e1bd1b7 x11=0x00000001
     411795.000 ns	     41178	80008af0	105f76d3	fmul.s	f13,f30,f5	 f30:0x80000000  f5:0x40e00000 f13=0x80000000
     411825.000 ns	     41181	80008af4	c01d34d3	fcvt.wu.s	x9,f26	 f26:0xec531051  x9=0x00000000
     411845.000 ns	     41183	80008af8	a6d26213	ori	x4,x4,-1427	  x4:0x00000000  x4=0xfffffa6d
     411865.000 ns	     41185	80008afc	02dc3233	mulhu	x4,x24,x13	 x24:0x00000000 x13:0x00000000  x4=0x00000000
     411885.000 ns	     41187	80008b00	00000013	addi	x0,x0,0	  x0:0x00000000
     411895.000 ns	     41188	80008b04	41f85713	srai	x14,x16,0x1f	 x16:0x00000000 x14=0x00000000
     411935.000 ns	     41192	80008b08	002dfad3	fadd.s	f21,f27,f2	 f27:0xcf000410  f2:0x800414aa f21=0xcf000410
     411955.000 ns	     41194	80008b0c	06ce6293	ori	x5,x28,108	 x28:0x00000001  x5=0x0000006d
     411975.000 ns	     41196	80008b10	2162a253	fsgnjx.s	f4,f5,f22	  f5:0x40e00000 f22:0xcd9d677d  f4=0xc0e00000
     412345.000 ns	     41233	80008b14	02f1fb33	remu	x22,x3,x15	  x3:0x00000000 x15:0xfffffb4e x22=0x00000000
     412375.000 ns	     41236	80008b18	f0078753	fmv.w.x	f14,x15	 x15:0xfffffb4e f14=0xfffffb4e
     412405.000 ns	     41239	80008b1c	03899b33	mulh	x22,x19,x24	 x19:0x00000000 x24:0x00000000 x22=0x00000000
     412455.000 ns	     41244	80008b20	0903a8d3	fsub.s	f17,f7,f16	  f7:0xbf800000 f16:0x00000000 f17=0xbf800000
     412485.000 ns	     41247	80008b24	28d70f53	fmin.s	f30,f14,f13	 f14:0xfffffb4e f13:0x80000000 f30=0x80000000
     412505.000 ns	     41249	80008b28	735f7793	andi	x15,x30,1845	 x30:0xec5313c0 x15=0x00000300
     412515.000 ns	     41250	80008b2c	1e864893	xori	x17,x12,488	 x12:0x00000000 x17=0x000001e8
     412525.000 ns	     41251	80008b30	01387433	and	x8,x16,x19	 x16:0x00000000 x19:0x00000000  x8=0x00000000
     412545.000 ns	     41253	80008b34	281a8053	fmin.s	f0,f21,f1	 f21:0xcf000410  f1:0x00000000  f0=0xcf000410
     412585.000 ns	     41257	80008b38	1800fa53	fdiv.s	f20,f1,f0	  f1:0x00000000  f0:0x80000000 f20=0x80000000
     412605.000 ns	     41259	80008b3c	01f62833	slt	x16,x12,x31	 x12:0x00000000 x31:0x00800000 x16=0x00000001
     412625.000 ns	     41261	80008b40	c00676d3	fcvt.w.s	x13,f12	 f12:0x00000000 x13=0x00000000
     412995.000 ns	     41298	80008b44	03974833	div	x16,x14,x25	 x14:0x00000000 x25:0x325e3920 x16=0x00000000
     413365.000 ns	     41335	80008b48	035e7233	remu	x4,x28,x21	 x28:0x00000001 x21:0x804412e2  x4=0x00000001
     413385.000 ns	     41337	80008b4c	007a0fb3	add	x31,x20,x7	 x20:0xecf9db48  x7:0xce1bd1b7 x31=0xbb15acff
     413405.000 ns	     41339	80008b50	02da1233	mulh	x4,x20,x13	 x20:0xecf9db48 x13:0x00000000  x4=0x00000000
     413445.000 ns	     41343	80008b54	1189fdd3	fmul.s	f27,f19,f24	 f19:0x00000000 f24:0xcb000000 f27=0x80000000
     413465.000 ns	     41345	80008b58	4052db93	srai	x23,x5,0x5	  x5:0x0000006d x23=0x00000003
     413475.000 ns	     41346	80008b5c	004df9b3	and	x19,x27,x4	 x27:0xec5313c0  x4:0x00000000 x19=0x00000000
     413495.000 ns	     41348	80008b60	0235f7b3	remu	x15,x11,x3	 x11:0x00000001  x3:0x00000000 x15=0x00000001
     413525.000 ns	     41351	80008b64	e0028253	fmv.x.w	x4,f5	  f5:0x40e00000  x4=0x40e00000
     413545.000 ns	     41353	80008b68	00d9fb33	and	x22,x19,x13	 x19:0x00000000 x13:0x00000000 x22=0x00000000
     413555.000 ns	     41354	80008b6c	dc9c7d13	andi	x26,x24,-567	 x24:0x00000000 x26=0x00000000
     413565.000 ns	     41355	80008b70	2e578393	addi	x7,x15,741	 x15:0x00000001  x7=0x000002e6
     413585.000 ns	     41357	80008b74	d0038753	fcvt.s.w	f14,x7	  x7:0xce1bd1b7 f14=0x44398000
     413605.000 ns	     41359	80008b78	995d9f97	auipc	x31,0x995d9	 x31=0x195e1b78
     413625.000 ns	     41361	80008b7c	215e9ed3	fsgnjn.s	f29,f29,f21	 f29:0xce846312 f21:0xcf000410 f29=0x4e846312
     413645.000 ns	     41363	80008b80	c22ef013	andi	x0,x29,-990	 x29:0xec531051
     413665.000 ns	     41365	80008b84	29808bd3	fmin.s	f23,f1,f24	  f1:0x00000000 f24:0xcb000000 f23=0xcb000000
     413695.000 ns	     41368	80008b88	211ea453	fsgnjx.s	f8,f29,f17	 f29:0x4e846312 f17:0xbf800000  f8=0xce846312
     413725.000 ns	     41371	80008b8c	029421b3	mulhsu	x3,x8,x9	  x8:0x00000000  x9:0x00000000  x3=0x00000000
     413755.000 ns	     41374	80008b90	29698dd3	fmin.s	f27,f19,f22	 f19:0x00000000 f22:0xcd9d677d f27=0xcd9d677d
     413785.000 ns	     41377	80008b94	e0078fd3	fmv.x.w	x31,f15	 f15:0x00000000 x31=0x00000000
     413815.000 ns	     41380	80008b98	a1b28153	fle.s	x2,f5,f27	  f5:0x40e00000 f27:0xcd9d677d  x2=0x00000000
     413835.000 ns	     41382	80008b9c	00f62033	slt	x0,x12,x15	 x12:0x00000000 x15:0x00000001
     413845.000 ns	     41383	80008ba0	00922733	slt	x14,x4,x9	  x4:0x40e00000  x9:0x00000000 x14=0x00000000
     413855.000 ns	     41384	80008ba4	39bc0713	addi	x14,x24,923	 x24:0x00000000 x14=0x0000039b
     413875.000 ns	     41386	80008ba8	d00778d3	fcvt.s.w	f17,x14	 x14:0x00000000 f17=0x4466c000
     413895.000 ns	     41388	80008bac	1d4b0617	auipc	x12,0x1d4b0	 x12=0x9d4b8bac
     413905.000 ns	     41389	80008bb0	40e35293	srai	x5,x6,0xe	  x6:0x80041024  x5=0xfffe0010
     413915.000 ns	     41390	80008bb4	00e07eb3	and	x29,x0,x14	  x0:0x00000000 x14:0x0000039b x29=0x00000000
     413935.000 ns	     41392	80008bb8	d003fed3	fcvt.s.w	f29,x7	  x7:0x000002e6 f29=0x44398000
     413955.000 ns	     41394	80008bbc	00c7d713	srli	x14,x15,0xc	 x15:0x00000001 x14=0x00000000
     413965.000 ns	     41395	80008bc0	91705397	auipc	x7,0x91705	  x7=0x1170dbc0
     413985.000 ns	     41397	80008bc4	f0018553	fmv.w.x	f10,x3	  x3:0x00000000 f10=0x00000000
     414005.000 ns	     41399	80008bc8	d134c193	xori	x3,x9,-749	  x9:0x00000000  x3=0xfffffd13
     414015.000 ns	     41400	80008bcc	45c80293	addi	x5,x16,1116	 x16:0x00000000  x5=0x0000045c
     414345.000 ns	     41433	80008bd0	18e28753	fdiv.s	f14,f5,f14	  f5:0x40e00000 f14:0x44398000 f14=0x3c124c1c
     414395.000 ns	     41438	80008bd4	01183c53	fadd.s	f24,f16,f17	 f16:0x00000000 f17:0x4466c000 f24=0x4466c000
     414415.000 ns	     41440	80008bd8	7866e893	ori	x17,x13,1926	 x13:0x00000000 x17=0x00000786
     414425.000 ns	     41441	80008bdc	921c8d93	addi	x27,x25,-1759	 x25:0x325e3920 x27=0x325e3241
     414445.000 ns	     41443	80008be0	03f0bcb3	mulhu	x25,x1,x31	  x1:0x00000000 x31:0x00000000 x25=0x00000000
     414465.000 ns	     41445	80008be4	005b9bb3	sll	x23,x23,x5	 x23:0x00000003  x5:0x0000045c x23=0x30000000
     414485.000 ns	     41447	80008be8	213e26d3	fsgnjx.s	f13,f28,f19	 f28:0x4e1bd1b7 f19:0x00000000 f13=0x4e1bd1b7
     414515.000 ns	     41450	80008bec	d009f053	fcvt.s.w	f0,x19	 x19:0x00000000  f0=0x00000000
     414545.000 ns	     41453	80008bf0	03c305b3	mul	x11,x6,x28	  x6:0x80041024 x28:0x00000001 x11=0x80041024
     414575.000 ns	     41456	80008bf4	21ef2153	fsgnjx.s	f2,f30,f30	 f30:0x80000000 f30:0x80000000  f2=0x00000000
     414625.000 ns	     41461	80008bf8	08c173d3	fsub.s	f7,f2,f12	  f2:0x800414aa f12:0x00000000  f7=0x80000000
     414655.000 ns	     41464	80008bfc	a185ae53	feq.s	x28,f11,f24	 f11:0x00000000 f24:0x4466c000 x28=0x00000000
     414695.000 ns	     41468	80008c00	105171d3	fmul.s	f3,f2,f5	  f2:0x00000000  f5:0x40e00000  f3=0x00000000
     414715.000 ns	     41470	80008c04	01473d33	sltu	x26,x14,x20	 x14:0x00000000 x20:0xecf9db48 x26=0x00000001
     414725.000 ns	     41471	80008c08	087545b7	lui	x11,0x8754	 x11=0x08754000
     414735.000 ns	     41472	80008c0c	00cd8533	add	x10,x27,x12	 x27:0x325e3241 x12:0x9d4b8bac x10=0xcfa9bded
     414755.000 ns	     41474	80008c10	a000ad53	feq.s	x26,f1,f0	  f1:0x00000000  f0:0x00000000 x26=0x00000001
     414775.000 ns	     41476	80008c14	00235993	srli	x19,x6,0x2	  x6:0x80041024 x19=0x20010409
     414795.000 ns	     41478	80008c18	20d62d53	fsgnjx.s	f26,f12,f13	 f12:0x00000000 f13:0x4e1bd1b7 f26=0x00000000
     414825.000 ns	     41481	80008c1c	03666033	rem	x0,x12,x22	 x12:0x9d4b8bac x22:0x00000000
     415195.000 ns	     41518	80008c20	02607533	remu	x10,x0,x6	  x0:0x00000000  x6:0x80041024 x10=0x00000000
     415235.000 ns	     41522	80008c24	5805f053	fsqrt.s	f0,f11	 f11:0x00000000  f0=0x00000000
     415285.000 ns	     41527	80008c28	0927c753	fsub.s	f14,f15,f18	 f15:0x00000000 f18:0x00000000 f14=0x80000000
     415305.000 ns	     41529	80008c2c	40118133	sub	x2,x3,x1	  x3:0xfffffd13  x1:0x00000000  x2=0xfffffd13
     415325.000 ns	     41531	80008c30	e0040153	fmv.x.w	x2,f8	  f8:0xce846312  x2=0xce846312
     415345.000 ns	     41533	80008c34	4193da93	srai	x21,x7,0x19	  x7:0x1170dbc0 x21=0x00000008
     415365.000 ns	     41535	80008c38	c0068453	fcvt.w.s	x8,f13	 f13:0x4e1bd1b7  x8=0x26f46dc0
     415385.000 ns	     41537	80008c3c	00745733	srl	x14,x8,x7	  x8:0x00000000  x7:0x1170dbc0 x14=0x26f46dc0
     415425.000 ns	     41541	80008c40	08e874d3	fsub.s	f9,f16,f14	 f16:0x00000000 f14:0x80000000  f9=0x00000000
     415455.000 ns	     41544	80008c44	02904c33	div	x24,x0,x9	  x0:0x00000000  x9:0x00000000 x24=0xffffffff
     415485.000 ns	     41547	80008c48	a0df8553	fle.s	x10,f31,f13	 f31:0xcb000000 f13:0x4e1bd1b7 x10=0x00000001
     415515.000 ns	     41550	80008c4c	d0033153	fcvt.s.w	f2,x6	  x6:0x80041024  f2=0xcefff7e0
     415545.000 ns	     41553	80008c50	d001f3d3	fcvt.s.w	f7,x3	  x3:0xfffffd13  f7=0xc43b4000
     415565.000 ns	     41555	80008c54	fb840113	addi	x2,x8,-72	  x8:0x26f46dc0  x2=0x26f46d78
     415585.000 ns	     41557	80008c58	d00873d3	fcvt.s.w	f7,x16	 x16:0x00000000  f7=0x00000000
     415605.000 ns	     41559	80008c5c	01469ab3	sll	x21,x13,x20	 x13:0x00000000 x20:0xecf9db48 x21=0x00000000
     415625.000 ns	     41561	80008c60	a04488d3	fle.s	x17,f9,f4	  f9:0x00000000  f4:0xc0e00000 x17=0x00000000
     415995.000 ns	     41598	80008c64	032eefb3	rem	x31,x29,x18	 x29:0x00000000 x18:0x80040fe4 x31=0x00000000
     416025.000 ns	     41601	80008c68	03e1b6b3	mulhu	x13,x3,x30	  x3:0xfffffd13 x30:0xec5313c0 x13=0xec53110c
     416055.000 ns	     41604	80008c6c	f00d86d3	fmv.w.x	f13,x27	 x27:0x325e3241 f13=0x325e3241
     416425.000 ns	     41641	80008c70	02e1ee33	rem	x28,x3,x14	  x3:0xfffffd13 x14:0x26f46dc0 x28=0xfffffd13
     416445.000 ns	     41643	80008c74	00f4d3b3	srl	x7,x9,x15	  x9:0x00000000 x15:0x00000001  x7=0x00000000
     416455.000 ns	     41644	80008c78	41695fb3	sra	x31,x18,x22	 x18:0x80040fe4 x22:0x00000000 x31=0x80040fe4
     416475.000 ns	     41646	80008c7c	031fbe33	mulhu	x28,x31,x17	 x31:0x00000000 x17:0x00000000 x28=0x00000000
     416505.000 ns	     41649	80008c80	28ff10d3	fmax.s	f1,f30,f15	 f30:0x80000000 f15:0x00000000  f1=0x00000000
     416535.000 ns	     41652	80008c84	0390fa33	remu	x20,x1,x25	  x1:0x00000000 x25:0x00000000 x20=0x00000000
     416565.000 ns	     41655	80008c88	f00908d3	fmv.w.x	f17,x18	 x18:0x80040fe4 f17=0x80040fe4
     416585.000 ns	     41657	80008c8c	e8e03693	sltiu	x13,x0,-370	  x0:0x00000000 x13=0x00000001
     416595.000 ns	     41658	80008c90	37f53d13	sltiu	x26,x10,895	 x10:0x00000001 x26=0x00000001
     416615.000 ns	     41660	80008c94	e00a1cd3	fclass.s	x25,f20	 f20:0x80000000 x25=0x00000008
     416635.000 ns	     41662	80008c98	4158df93	srai	x31,x17,0x15	 x17:0x00000000 x31=0x00000000
     416675.000 ns	     41666	80008c9c	008a8ad3	fadd.s	f21,f21,f8	 f21:0xcf000410  f8:0xce846312 f21=0xcf423599
     416705.000 ns	     41669	80008ca0	a043afd3	feq.s	x31,f7,f4	  f7:0x00000000  f4:0xc0e00000 x31=0x00000000
     416725.000 ns	     41671	80008ca4	00eabab3	sltu	x21,x21,x14	 x21:0x00000000 x14:0x26f46dc0 x21=0x00000001
     416765.000 ns	     41675	80008ca8	00b6f2d3	fadd.s	f5,f13,f11	 f13:0x325e3241 f11:0x00000000  f5=0x325e3241
     416785.000 ns	     41677	80008cac	0132b2b3	sltu	x5,x5,x19	  x5:0x0000045c x19:0x20010409  x5=0x00000001
     416805.000 ns	     41679	80008cb0	c0177453	fcvt.wu.s	x8,f14	 f14:0x80000000  x8=0x00000000
     416835.000 ns	     41682	80008cb4	a0142fd3	feq.s	x31,f8,f1	  f8:0xce846312  f1:0x00000000 x31=0x00000000
     416865.000 ns	     41685	80008cb8	02902033	mulhsu	x0,x0,x9	  x0:0x00000000  x9:0x00000000
     416885.000 ns	     41687	80008cbc	40568833	sub	x16,x13,x5	 x13:0x00000001  x5:0x00000001 x16=0x00000000
     416895.000 ns	     41688	80008cc0	4429ce93	xori	x29,x19,1090	 x19:0x20010409 x29=0x2001004b
     416905.000 ns	     41689	80008cc4	40850833	sub	x16,x10,x8	 x10:0x00000001  x8:0x00000000 x16=0x00000001
     416915.000 ns	     41690	80008cc8	0156acb3	slt	x25,x13,x21	 x13:0x00000001 x21:0x00000001 x25=0x00000000
     416955.000 ns	     41694	80008ccc	00fb8ad3	fadd.s	f21,f23,f15	 f23:0xcb000000 f15:0x00000000 f21=0xcb000000
     416995.000 ns	     41698	80008cd0	10cff3d3	fmul.s	f7,f31,f12	 f31:0xcb000000 f12:0x00000000  f7=0x80000000
     417025.000 ns	     41701	80008cd4	d0127cd3	fcvt.s.wu	f25,x4	  x4:0x40e00000 f25=0x4e81c000
     417045.000 ns	     41703	80008cd8	019be433	or	x8,x23,x25	 x23:0x30000000 x25:0x00000000  x8=0x30000000
     417085.000 ns	     41707	80008cdc	00ed0fd3	fadd.s	f31,f26,f14	 f26:0x00000000 f14:0x80000000 f31=0x80000000
     417115.000 ns	     41710	80008ce0	02c40fb3	mul	x31,x8,x12	  x8:0x00000000 x12:0x9d4b8bac x31=0x40000000
     417135.000 ns	     41712	80008ce4	edda6213	ori	x4,x20,-291	 x20:0x00000000  x4=0xfffffedd
     417155.000 ns	     41714	80008ce8	021d75b3	remu	x11,x26,x1	 x26:0x00000001  x1:0x00000000 x11=0x00000001
     417175.000 ns	     41716	80008cec	005f7eb3	and	x29,x30,x5	 x30:0xec5313c0  x5:0x00000001 x29=0x00000000
     417195.000 ns	     41718	80008cf0	c007f453	fcvt.w.s	x8,f15	 f15:0x00000000  x8=0x00000000
     417215.000 ns	     41720	80008cf4	ae6e5e17	auipc	x28,0xae6e5	 x28=0x2e6edcf4
     417225.000 ns	     41721	80008cf8	01762733	slt	x14,x12,x23	 x12:0x9d4b8bac x23:0x30000000 x14=0x00000001
     417245.000 ns	     41723	80008cfc	a1582c53	feq.s	x24,f16,f21	 f16:0x00000000 f21:0xcb000000 x24=0x00000000
     417265.000 ns	     41725	80008d00	0196ecb3	or	x25,x13,x25	 x13:0x00000001 x25:0x00000000 x25=0x00000001
     417275.000 ns	     41726	80008d04	01afbcb3	sltu	x25,x31,x26	 x31:0x40000000 x26:0x00000001 x25=0x00000000
     417295.000 ns	     41728	80008d08	028ee9b3	rem	x19,x29,x8	 x29:0x00000000  x8:0x00000000 x19=0x00000000
     417345.000 ns	     41733	80008d0c	00dc1a53	fadd.s	f20,f24,f13	 f24:0x4466c000 f13:0x325e3241 f20=0x4466c000
     417375.000 ns	     41736	80008d10	20c42d53	fsgnjx.s	f26,f8,f12	  f8:0xce846312 f12:0x00000000 f26=0xce846312
     417405.000 ns	     41739	80008d14	a1ab8653	fle.s	x12,f23,f26	 f23:0xcb000000 f26:0x00000000 x12=0x00000000
     417745.000 ns	     41773	80008d18	19c27fd3	fdiv.s	f31,f4,f28	  f4:0xc0e00000 f28:0x4e1bd1b7 f31=0xb1e00000
     417765.000 ns	     41775	80008d1c	004474b3	and	x9,x8,x4	  x8:0x00000000  x4:0xfffffedd  x9=0x00000000
     417785.000 ns	     41777	80008d20	f0030453	fmv.w.x	f8,x6	  x6:0x80041024  f8=0x80041024
     417815.000 ns	     41780	80008d24	209790d3	fsgnjn.s	f1,f15,f9	 f15:0x00000000  f9:0x00000000  f1=0x80000000
     417835.000 ns	     41782	80008d28	01f27533	and	x10,x4,x31	  x4:0xfffffedd x31:0x40000000 x10=0x40000000
     417855.000 ns	     41784	80008d2c	d0024753	fcvt.s.w	f14,x4	  x4:0xfffffedd f14=0xc3918000
     418225.000 ns	     41821	80008d30	037df433	remu	x8,x27,x23	 x27:0x325e3241 x23:0x30000000  x8=0x025e3241
     418255.000 ns	     41824	80008d34	a16181d3	fle.s	x3,f3,f22	  f3:0x00000000 f22:0xcd9d677d  x3=0x00000000
     418285.000 ns	     41827	80008d38	a1301553	flt.s	x10,f0,f19	  f0:0x00000000 f19:0x00000000 x10=0x00000000
     418315.000 ns	     41830	80008d3c	21b98e53	fsgnj.s	f28,f19,f27	 f19:0x00000000 f27:0xcd9d677d f28=0x80000000
     418345.000 ns	     41833	80008d40	20a9a253	fsgnjx.s	f4,f19,f10	 f19:0x00000000 f10:0x00000000  f4=0x00000000
     418375.000 ns	     41836	80008d44	28e41ed3	fmax.s	f29,f8,f14	  f8:0x80041024 f14:0xc3918000 f29=0x80041024
     418405.000 ns	     41839	80008d48	d00eb2d3	fcvt.s.w	f5,x29	 x29:0x00000000  f5=0x00000000
     418775.000 ns	     41876	80008d4c	022d5433	divu	x8,x26,x2	 x26:0x00000001  x2:0x26f46d78  x8=0x00000000
     418795.000 ns	     41878	80008d50	004582b3	add	x5,x11,x4	 x11:0x00000001  x4:0xfffffedd  x5=0xfffffede
     418815.000 ns	     41880	80008d54	037a2eb3	mulhsu	x29,x20,x23	 x20:0x00000000 x23:0x30000000 x29=0x00000000
     418845.000 ns	     41883	80008d58	a0692753	feq.s	x14,f18,f6	 f18:0x00000000  f6:0x80000000 x14=0x00000001
     418865.000 ns	     41885	80008d5c	0181d113	srli	x2,x3,0x18	  x3:0x00000000  x2=0x00000000
     418875.000 ns	     41886	80008d60	00511a13	slli	x20,x2,0x5	  x2:0x26f46d78 x20=0x00000000
     418895.000 ns	     41888	80008d64	02019a33	mulh	x20,x3,x0	  x3:0x00000000  x0:0x00000000 x20=0x00000000
     418915.000 ns	     41890	80008d68	fcbf60b7	lui	x1,0xfcbf6	  x1=0xfcbf6000
     418935.000 ns	     41892	80008d6c	c0007453	fcvt.w.s	x8,f0	  f0:0x00000000  x8=0x00000000
     418965.000 ns	     41895	80008d70	f00a80d3	fmv.w.x	f1,x21	 x21:0x00000001  f1=0x00000001
     418995.000 ns	     41898	80008d74	209393d3	fsgnjn.s	f7,f7,f9	  f7:0x80000000  f9:0x00000000  f7=0x80000000
     419335.000 ns	     41932	80008d78	181e9653	fdiv.s	f12,f29,f1	 f29:0x80041024  f1:0x00000001 f12=0xbcb78de4
     419355.000 ns	     41934	80008d7c	019811b3	sll	x3,x16,x25	 x16:0x00000001 x25:0x00000000  x3=0x00000001
     419365.000 ns	     41935	80008d80	7e3de213	ori	x4,x27,2019	 x27:0x325e3241  x4=0x325e37e3
     419375.000 ns	     41936	80008d84	ae1b0297	auipc	x5,0xae1b0	  x5=0x2e1b8d84
     419395.000 ns	     41938	80008d88	03dd96b3	mulh	x13,x27,x29	 x27:0x325e3241 x29:0x00000000 x13=0x00000000
     419415.000 ns	     41940	80008d8c	014e17b3	sll	x15,x28,x20	 x28:0x2e6edcf4 x20:0x00000000 x15=0x2e6edcf4
     419425.000 ns	     41941	80008d90	2088cb93	xori	x23,x17,520	 x17:0x00000000 x23=0x00000208
     419465.000 ns	     41945	80008d94	08c8f7d3	fsub.s	f15,f17,f12	 f17:0x80040fe4 f12:0xbcb78de4 f15=0x3cb78de4
     419495.000 ns	     41948	80008d98	a0708553	fle.s	x10,f1,f7	  f1:0x00000001  f7:0x80000000 x10=0x00000000
     419515.000 ns	     41950	80008d9c	405dd0b3	sra	x1,x27,x5	 x27:0x325e3241  x5:0x2e1b8d84  x1=0x0325e324
     419535.000 ns	     41952	80008da0	0240afb3	mulhsu	x31,x1,x4	  x1:0xfcbf6000  x4:0x325e37e3 x31=0x009e8ef6
     419555.000 ns	     41954	80008da4	3c656b13	ori	x22,x10,966	 x10:0x00000000 x22=0x000003c6
     419565.000 ns	     41955	80008da8	01155433	srl	x8,x10,x17	 x10:0x00000000 x17:0x00000000  x8=0x00000000
     419605.000 ns	     41959	80008dac	01447a53	fadd.s	f20,f8,f20	  f8:0x80041024 f20:0x4466c000 f20=0x4466c000
     419635.000 ns	     41962	80008db0	c008a2d3	fcvt.w.s	x5,f17	 f17:0x80040fe4  x5=0x00000000
     419655.000 ns	     41964	80008db4	40665eb3	sra	x29,x12,x6	 x12:0x00000000  x6:0x80041024 x29=0x00000000
     419665.000 ns	     41965	80008db8	011da4b3	slt	x9,x27,x17	 x27:0x325e3241 x17:0x00000000  x9=0x00000000
     419685.000 ns	     41967	80008dbc	e0029cd3	fclass.s	x25,f5	  f5:0x00000000 x25=0x00000010
     419715.000 ns	     41970	80008dc0	d00c15d3	fcvt.s.w	f11,x24	 x24:0x00000000 f11=0x00000000
     419745.000 ns	     41973	80008dc4	f00002d3	fmv.w.x	f5,x0	  x0:0x00000000  f5=0x00000000
     419765.000 ns	     41975	80008dc8	4162db33	sra	x22,x5,x22	  x5:0x00000000 x22:0x000003c6 x22=0x00000000
     419785.000 ns	     41977	80008dcc	d01b7353	fcvt.s.wu	f6,x22	 x22:0x000003c6  f6=0x00000000
     419815.000 ns	     41980	80008dd0	c015c453	fcvt.wu.s	x8,f11	 f11:0x00000000  x8=0x00000000
     419835.000 ns	     41982	80008dd4	26284b93	xori	x23,x16,610	 x16:0x00000001 x23=0x00000263
     419845.000 ns	     41983	80008dd8	01006c33	or	x24,x0,x16	  x0:0x00000000 x16:0x00000001 x24=0x00000001
     419855.000 ns	     41984	80008ddc	7589f493	andi	x9,x19,1880	 x19:0x00000000  x9=0x00000000
     419875.000 ns	     41986	80008de0	28da13d3	fmax.s	f7,f20,f13	 f20:0x4466c000 f13:0x325e3241  f7=0x4466c000
     419895.000 ns	     41988	80008de4	413484b3	sub	x9,x9,x19	  x9:0x00000000 x19:0x00000000  x9=0x00000000
     419905.000 ns	     41989	80008de8	405403b3	sub	x7,x8,x5	  x8:0x00000000  x5:0x00000000  x7=0x00000000
     419925.000 ns	     41991	80008dec	02c36ab3	rem	x21,x6,x12	  x6:0x80041024 x12:0x00000000 x21=0x80041024
     419945.000 ns	     41993	80008df0	00164cb3	xor	x25,x12,x1	 x12:0x00000000  x1:0x0325e324 x25=0x0325e324
     419955.000 ns	     41994	80008df4	d57424b7	lui	x9,0xd5742	  x9=0xd5742000
     419985.000 ns	     41997	80008df8	1864bd53	fdiv.s	f26,f9,f6	  f9:0x00000000  f6:0x00000000 f26=0x7fc00000
     420025.000 ns	     42001	80008dfc	580f9153	fsqrt.s	f2,f31	 f31:0xb1e00000  f2=0x7fc00000
     420075.000 ns	     42006	80008e00	086e8453	fsub.s	f8,f29,f6	 f29:0x80041024  f6:0x00000000  f8=0x80041024
     420105.000 ns	     42009	80008e04	28b80353	fmin.s	f6,f16,f11	 f16:0x00000000 f11:0x00000000  f6=0x00000000
     420135.000 ns	     42012	80008e08	a1a51bd3	flt.s	x23,f10,f26	 f10:0x00000000 f26:0x7fc00000 x23=0x00000000
     420155.000 ns	     42014	80008e0c	a80db5b7	lui	x11,0xa80db	 x11=0xa80db000
     420175.000 ns	     42016	80008e10	037554b3	divu	x9,x10,x23	 x10:0x00000000 x23:0x00000000  x9=0xffffffff
     420205.000 ns	     42019	80008e14	02d4b8b3	mulhu	x17,x9,x13	  x9:0xd5742000 x13:0x00000000 x17=0x00000000
     420235.000 ns	     42022	80008e18	c01f4d53	fcvt.wu.s	x26,f30	 f30:0x80000000 x26=0x00000000
     420605.000 ns	     42059	80008e1c	035369b3	rem	x19,x6,x21	  x6:0x80041024 x21:0x80041024 x19=0x00000000
     420625.000 ns	     42061	80008e20	9a250d93	addi	x27,x10,-1630	 x10:0x00000000 x27=0xfffff9a2
     420645.000 ns	     42063	80008e24	e0081c53	fclass.s	x24,f16	 f16:0x00000000 x24=0x00000010
     420675.000 ns	     42066	80008e28	0359a4b3	mulhsu	x9,x19,x21	 x19:0x00000000 x21:0x80041024  x9=0x00000000
     420695.000 ns	     42068	80008e2c	01701493	slli	x9,x0,0x17	  x0:0x00000000  x9=0x00000000
     420715.000 ns	     42070	80008e30	c01477d3	fcvt.wu.s	x15,f8	  f8:0x80041024 x15=0x00000000
     420745.000 ns	     42073	80008e34	21cca953	fsgnjx.s	f18,f25,f28	 f25:0x4e81c000 f28:0x80000000 f18=0xce81c000
     420775.000 ns	     42076	80008e38	28660bd3	fmin.s	f23,f12,f6	 f12:0xbcb78de4  f6:0x00000000 f23=0xbcb78de4
     420795.000 ns	     42078	80008e3c	007c6433	or	x8,x24,x7	 x24:0x00000010  x7:0x00000000  x8=0x00000010
     420815.000 ns	     42080	80008e40	d0122153	fcvt.s.wu	f2,x4	  x4:0x325e37e3  f2=0x4e4978e0
     420835.000 ns	     42082	80008e44	0129f433	and	x8,x19,x18	 x19:0x00000000 x18:0x80040fe4  x8=0x00000000
     420845.000 ns	     42083	80008e48	01b35193	srli	x3,x6,0x1b	  x6:0x80041024  x3=0x00000010
     420865.000 ns	     42085	80008e4c	a168a753	feq.s	x14,f17,f22	 f17:0x80040fe4 f22:0xcd9d677d x14=0x00000000
     420885.000 ns	     42087	80008e50	00484133	xor	x2,x16,x4	 x16:0x00000001  x4:0x325e37e3  x2=0x325e37e2
     420905.000 ns	     42089	80008e54	03b3ae33	mulhsu	x28,x7,x27	  x7:0x00000000 x27:0xfffff9a2 x28=0x00000000
     420925.000 ns	     42091	80008e58	00dff7b3	and	x15,x31,x13	 x31:0x009e8ef6 x13:0x00000000 x15=0x00000000
     420945.000 ns	     42093	80008e5c	031fe8b3	rem	x17,x31,x17	 x31:0x009e8ef6 x17:0x00000000 x17=0x009e8ef6
     420985.000 ns	     42097	80008e60	1942f253	fdiv.s	f4,f5,f20	  f5:0x00000000 f20:0x4466c000  f4=0x00000000
     421355.000 ns	     42134	80008e64	02b74133	div	x2,x14,x11	 x14:0x00000000 x11:0xa80db000  x2=0x00000000
     421375.000 ns	     42136	80008e68	407e5613	srai	x12,x28,0x7	 x28:0x00000000 x12=0x00000000
     421385.000 ns	     42137	80008e6c	40f75e13	srai	x28,x14,0xf	 x14:0x00000000 x28=0x00000000
     421405.000 ns	     42139	80008e70	02be9733	mulh	x14,x29,x11	 x29:0x00000000 x11:0xa80db000 x14=0x00000000
     421425.000 ns	     42141	80008e74	003a16b3	sll	x13,x20,x3	 x20:0x00000000  x3:0x00000010 x13=0x00000000
     421445.000 ns	     42143	80008e78	2038a7d3	fsgnjx.s	f15,f17,f3	 f17:0x80040fe4  f3:0x00000000 f15=0x80040fe4
     421475.000 ns	     42146	80008e7c	d01932d3	fcvt.s.wu	f5,x18	 x18:0x80040fe4  f5=0x4f000410
     421525.000 ns	     42151	80008e80	01477c53	fadd.s	f24,f14,f20	 f14:0xc3918000 f20:0x4466c000 f24=0x441e0000
     421555.000 ns	     42154	80008e84	215485d3	fsgnj.s	f11,f9,f21	  f9:0x00000000 f21:0xcb000000 f11=0x80000000
     421575.000 ns	     42156	80008e88	033a9717	auipc	x14,0x33a9	 x14=0x833b1e88
     421585.000 ns	     42157	80008e8c	01669c13	slli	x24,x13,0x16	 x13:0x00000000 x24=0x00000000
     421605.000 ns	     42159	80008e90	29510253	fmin.s	f4,f2,f21	  f2:0x4e4978e0 f21:0xcb000000  f4=0xcb000000
     421635.000 ns	     42162	80008e94	d0137bd3	fcvt.s.wu	f23,x6	  x6:0x80041024 f23=0x4f000410
     421665.000 ns	     42165	80008e98	03628033	mul	x0,x5,x22	  x5:0x00000000 x22:0x00000000
     421685.000 ns	     42167	80008e9c	015373b3	and	x7,x6,x21	  x6:0x80041024 x21:0x80041024  x7=0x80041024
     421705.000 ns	     42169	80008ea0	20038ad3	fsgnj.s	f21,f7,f0	  f7:0x4466c000  f0:0x00000000 f21=0x4466c000
     421745.000 ns	     42173	80008ea4	11bcf2d3	fmul.s	f5,f25,f27	 f25:0x4e81c000 f27:0xcd9d677d  f5=0xdc9f8e68
     421775.000 ns	     42176	80008ea8	0333afb3	mulhsu	x31,x7,x19	  x7:0x80041024 x19:0x00000000 x31=0x00000000
     421805.000 ns	     42179	80008eac	03ffbab3	mulhu	x21,x31,x31	 x31:0x009e8ef6 x31:0x009e8ef6 x21=0x00000000
     421845.000 ns	     42183	80008eb0	19159b53	fdiv.s	f22,f11,f17	 f11:0x80000000 f17:0x80040fe4 f22=0x00000000
     421875.000 ns	     42186	80008eb4	a0cb0fd3	fle.s	x31,f22,f12	 f22:0xcd9d677d f12:0xbcb78de4 x31=0x00000000
     421895.000 ns	     42188	80008eb8	1cdc8893	addi	x17,x25,461	 x25:0x0325e324 x17=0x0325e4f1
     421915.000 ns	     42190	80008ebc	03309633	mulh	x12,x1,x19	  x1:0x0325e324 x19:0x00000000 x12=0x00000000
     421945.000 ns	     42193	80008ec0	e00e82d3	fmv.x.w	x5,f29	 f29:0x80041024  x5=0x80041024
     421975.000 ns	     42196	80008ec4	020b4d33	div	x26,x22,x0	 x22:0x00000000  x0:0x00000000 x26=0xffffffff
     421995.000 ns	     42198	80008ec8	41f282b3	sub	x5,x5,x31	  x5:0x80041024 x31:0x00000000  x5=0x80041024
     422005.000 ns	     42199	80008ecc	403385b3	sub	x11,x7,x3	  x7:0x80041024  x3:0x00000010 x11=0x80041014
     422025.000 ns	     42201	80008ed0	f0048dd3	fmv.w.x	f27,x9	  x9:0x00000000 f27=0x00000000
     422045.000 ns	     42203	80008ed4	00d838b3	sltu	x17,x16,x13	 x16:0x00000001 x13:0x00000000 x17=0x00000000
     422055.000 ns	     42204	80008ed8	00d12db3	slt	x27,x2,x13	  x2:0x00000000 x13:0x00000000 x27=0x00000000
     422065.000 ns	     42205	80008edc	005f3233	sltu	x4,x30,x5	 x30:0xec5313c0  x5:0x80041024  x4=0x00000000
     422075.000 ns	     42206	80008ee0	00000013	addi	x0,x0,0	  x0:0x00000000
     422095.000 ns	     42208	80008ee4	d00692d3	fcvt.s.w	f5,x13	 x13:0x00000000  f5=0x00000000
     422125.000 ns	     42211	80008ee8	c010f153	fcvt.wu.s	x2,f1	  f1:0x00000001  x2=0x00000000
     422145.000 ns	     42213	80008eec	11b50db7	lui	x27,0x11b50	 x27=0x11b50000
     422155.000 ns	     42214	80008ef0	01676e13	ori	x28,x14,22	 x14:0x833b1e88 x28=0x833b1e9e
     422165.000 ns	     42215	80008ef4	00fd7cb3	and	x25,x26,x15	 x26:0xffffffff x15:0x00000000 x25=0x00000000
     422175.000 ns	     42216	80008ef8	006ffb33	and	x22,x31,x6	 x31:0x00000000  x6:0x80041024 x22=0x00000000
     422185.000 ns	     42217	80008efc	004f3533	sltu	x10,x30,x4	 x30:0xec5313c0  x4:0x00000000 x10=0x00000000
     422205.000 ns	     42219	80008f00	d0027a53	fcvt.s.w	f20,x4	  x4:0x00000000 f20=0x00000000
     422235.000 ns	     42222	80008f04	038b7a33	remu	x20,x22,x24	 x22:0x00000000 x24:0x00000000 x20=0x00000000
     422255.000 ns	     42224	80008f08	0169b7b3	sltu	x15,x19,x22	 x19:0x00000000 x22:0x00000000 x15=0x00000000
     422265.000 ns	     42225	80008f0c	00000013	addi	x0,x0,0	  x0:0x00000000
     422275.000 ns	     42226	80008f10	5048b597	auipc	x11,0x5048b	 x11=0xd0493f10
     422295.000 ns	     42228	80008f14	03d864b3	rem	x9,x16,x29	 x16:0x00000001 x29:0x00000000  x9=0x00000001
     422315.000 ns	     42230	80008f18	01715293	srli	x5,x2,0x17	  x2:0x00000000  x5=0x00000000
     422325.000 ns	     42231	80008f1c	7c25a393	slti	x7,x11,1986	 x11:0xd0493f10  x7=0x00000001
     422345.000 ns	     42233	80008f20	c00bfad3	fcvt.w.s	x21,f23	 f23:0x4f000410 x21=0x7fffffff
     422365.000 ns	     42235	80008f24	00af7833	and	x16,x30,x10	 x30:0xec5313c0 x10:0x00000000 x16=0x00000000
     422375.000 ns	     42236	80008f28	004e7033	and	x0,x28,x4	 x28:0x833b1e9e  x4:0x00000000
     422385.000 ns	     42237	80008f2c	ca3e4113	xori	x2,x28,-861	 x28:0x833b1e9e  x2=0x7cc4e23d
     422415.000 ns	     42240	80008f30	58057d53	fsqrt.s	f26,f10	 f10:0x00000000 f26=0x00000000
     422445.000 ns	     42243	80008f34	c0077053	fcvt.w.s	x0,f14	 f14:0xc3918000
     422465.000 ns	     42245	80008f38	396a4397	auipc	x7,0x396a4	  x7=0xb96acf38
     422475.000 ns	     42246	80008f3c	e09a0693	addi	x13,x20,-503	 x20:0x00000000 x13=0xfffffe09
     422495.000 ns	     42248	80008f40	c0130e53	fcvt.wu.s	x28,f6	  f6:0x00000000 x28=0x00000000
     422545.000 ns	     42253	80008f44	08824ed3	fsub.s	f29,f4,f8	  f4:0xcb000000  f8:0x80041024 f29=0xcb000000
     422565.000 ns	     42255	80008f48	003188b3	add	x17,x3,x3	  x3:0x00000010  x3:0x00000010 x17=0x00000020
     422585.000 ns	     42257	80008f4c	03d45bb3	divu	x23,x8,x29	  x8:0x00000000 x29:0x00000000 x23=0xffffffff
     422605.000 ns	     42259	80008f50	000c0b33	add	x22,x24,x0	 x24:0x00000000  x0:0x00000000 x22=0x00000000
     422645.000 ns	     42263	80008f54	09f98053	fsub.s	f0,f19,f31	 f19:0x00000000 f31:0xb1e00000  f0=0x31e00000
     422665.000 ns	     42265	80008f58	6db18b93	addi	x23,x3,1755	  x3:0x00000010 x23=0x000006eb
     422695.000 ns	     42268	80008f5c	115771d3	fmul.s	f3,f14,f21	 f14:0xc3918000 f21:0x4466c000  f3=0xc8832620
     422715.000 ns	     42270	80008f60	41ccd033	sra	x0,x25,x28	 x25:0x00000000 x28:0x00000000
     422735.000 ns	     42272	80008f64	e0030853	fmv.x.w	x16,f6	  f6:0x00000000 x16=0x00000000
     422785.000 ns	     42277	80008f68	01a24f53	fadd.s	f30,f4,f26	  f4:0xcb000000 f26:0x00000000 f30=0xcb000000
     422805.000 ns	     42279	80008f6c	418ed6b3	sra	x13,x29,x24	 x29:0x00000000 x24:0x00000000 x13=0x00000000
     422815.000 ns	     42280	80008f70	b5614013	xori	x0,x2,-1194	  x2:0x7cc4e23d
     422825.000 ns	     42281	80008f74	00000013	addi	x0,x0,0	  x0:0x00000000
     422845.000 ns	     42283	80008f78	d00e7bd3	fcvt.s.w	f23,x28	 x28:0x00000000 f23=0x00000000
     422885.000 ns	     42287	80008f7c	58037953	fsqrt.s	f18,f6	  f6:0x00000000 f18=0x00000000
     423255.000 ns	     42324	80008f80	03e3fb33	remu	x22,x7,x30	  x7:0xb96acf38 x30:0xec5313c0 x22=0xb96acf38
     423625.000 ns	     42361	80008f84	023158b3	divu	x17,x2,x3	  x2:0x7cc4e23d  x3:0x00000010 x17=0x07cc4e23
     423665.000 ns	     42365	80008f88	58027753	fsqrt.s	f14,f4	  f4:0xcb000000 f14=0x7fc00000
     423685.000 ns	     42367	80008f8c	41f7d733	sra	x14,x15,x31	 x15:0x00000000 x31:0x00000000 x14=0x00000000
     423695.000 ns	     42368	80008f90	eb03ba37	lui	x20,0xeb03b	 x20=0xeb03b000
     423715.000 ns	     42370	80008f94	20518bd3	fsgnj.s	f23,f3,f5	  f3:0xc8832620  f5:0x00000000 f23=0x48832620
     423745.000 ns	     42373	80008f98	02cdfeb3	remu	x29,x27,x12	 x27:0x11b50000 x12:0x00000000 x29=0x11b50000
     423775.000 ns	     42376	80008f9c	c0004ad3	fcvt.w.s	x21,f0	  f0:0x31e00000 x21=0x00000000
     423805.000 ns	     42379	80008fa0	a0ebadd3	feq.s	x27,f23,f14	 f23:0x48832620 f14:0x7fc00000 x27=0x00000000
     423835.000 ns	     42382	80008fa4	d0023353	fcvt.s.w	f6,x4	  x4:0x00000000  f6=0x00000000
     423885.000 ns	     42387	80008fa8	08327053	fsub.s	f0,f4,f3	  f4:0xcb000000  f3:0xc8832620  f0=0xcaf7cd9e
     423915.000 ns	     42390	80008fac	024db9b3	mulhu	x19,x27,x4	 x27:0x00000000  x4:0x00000000 x19=0x00000000
     423945.000 ns	     42393	80008fb0	28968653	fmin.s	f12,f13,f9	 f13:0x325e3241  f9:0x00000000 f12=0x00000000
     423975.000 ns	     42396	80008fb4	a06d0c53	fle.s	x24,f26,f6	 f26:0x00000000  f6:0x00000000 x24=0x00000001
     424005.000 ns	     42399	80008fb8	03b65d33	divu	x26,x12,x27	 x12:0x00000000 x27:0x00000000 x26=0xffffffff
     424025.000 ns	     42401	80008fbc	41c60633	sub	x12,x12,x28	 x12:0x00000000 x28:0x00000000 x12=0x00000000
     424035.000 ns	     42402	80008fc0	0103f3b3	and	x7,x7,x16	  x7:0xb96acf38 x16:0x00000000  x7=0x00000000
     424055.000 ns	     42404	80008fc4	a1580ed3	fle.s	x29,f16,f21	 f16:0x00000000 f21:0x4466c000 x29=0x00000001
     424105.000 ns	     42409	80008fc8	08d173d3	fsub.s	f7,f2,f13	  f2:0x4e4978e0 f13:0x325e3241  f7=0x4e4978e0
     424475.000 ns	     42446	80008fcc	03ac53b3	divu	x7,x24,x26	 x24:0x00000001 x26:0xffffffff  x7=0x00000000
     424505.000 ns	     42449	80008fd0	a0a11bd3	flt.s	x23,f2,f10	  f2:0x4e4978e0 f10:0x00000000 x23=0x00000000
     424535.000 ns	     42452	80008fd4	03be68b3	rem	x17,x28,x27	 x28:0x00000000 x27:0x00000000 x17=0x00000000
     424565.000 ns	     42455	80008fd8	28f59853	fmax.s	f16,f11,f15	 f11:0x80000000 f15:0x80040fe4 f16=0x80000000
     424585.000 ns	     42457	80008fdc	0de77393	andi	x7,x14,222	 x14:0x00000000  x7=0x00000000
     424605.000 ns	     42459	80008fe0	a1769853	flt.s	x16,f13,f23	 f13:0x325e3241 f23:0x48832620 x16=0x00000001
     424635.000 ns	     42462	80008fe4	e0019d53	fclass.s	x26,f3	  f3:0xc8832620 x26=0x00000002
     424665.000 ns	     42465	80008fe8	a0eeaad3	feq.s	x21,f29,f14	 f29:0xcb000000 f14:0x7fc00000 x21=0x00000000
     424685.000 ns	     42467	80008fec	7ee70493	addi	x9,x14,2030	 x14:0x00000000  x9=0x000007ee
     424725.000 ns	     42471	80008ff0	006a9453	fadd.s	f8,f21,f6	 f21:0x4466c000  f6:0x00000000  f8=0x4466c000
     424765.000 ns	     42475	80008ff4	1968f1d3	fdiv.s	f3,f17,f22	 f17:0x80040fe4 f22:0x00000000  f3=0xff800000
     424785.000 ns	     42477	80008ff8	01572093	slti	x1,x14,21	 x14:0x00000000  x1=0x00000001
     424805.000 ns	     42479	80008ffc	028856b3	divu	x13,x16,x8	 x16:0x00000001  x8:0x00000000 x13=0xffffffff
     424835.000 ns	     42482	80009000	f0020253	fmv.w.x	f4,x4	  x4:0x00000000  f4=0x00000000
     424875.000 ns	     42486	80009004	10b74b53	fmul.s	f22,f14,f11	 f14:0x7fc00000 f11:0x80000000 f22=0x7fc00000
     424895.000 ns	     42488	80009008	00000013	addi	x0,x0,0	  x0:0x00000000
     424915.000 ns	     42490	8000900c	d017ffd3	fcvt.s.wu	f31,x15	 x15:0x00000000 f31=0x00000000
     424945.000 ns	     42493	80009010	e0059553	fclass.s	x10,f11	 f11:0x80000000 x10=0x00000008
     424965.000 ns	     42495	80009014	b5fc9a97	auipc	x21,0xb5fc9	 x21=0x35fd2014
     425325.000 ns	     42531	80009018	03444ab3	div	x21,x8,x20	  x8:0x00000000 x20:0xeb03b000 x21=0x00000000
     425355.000 ns	     42534	8000901c	a0ea19d3	flt.s	x19,f20,f14	 f20:0x00000000 f14:0x7fc00000 x19=0x00000000
     425385.000 ns	     42537	80009020	02f8f2b3	remu	x5,x17,x15	 x17:0x00000000 x15:0x00000000  x5=0x00000000
     425405.000 ns	     42539	80009024	0049c5b3	xor	x11,x19,x4	 x19:0x00000000  x4:0x00000000 x11=0x00000000
     425425.000 ns	     42541	80009028	02cc7633	remu	x12,x24,x12	 x24:0x00000001 x12:0x00000000 x12=0x00000001
     425455.000 ns	     42544	8000902c	e00089d3	fmv.x.w	x19,f1	  f1:0x00000001 x19=0x00000001
     425825.000 ns	     42581	80009030	02c45cb3	divu	x25,x8,x12	  x8:0x00000000 x12:0x00000001 x25=0x00000000
     425845.000 ns	     42583	80009034	00000013	addi	x0,x0,0	  x0:0x00000000
     425855.000 ns	     42584	80009038	017d65b3	or	x11,x26,x23	 x26:0x00000002 x23:0x00000000 x11=0x00000002
     425865.000 ns	     42585	8000903c	01b1bdb3	sltu	x27,x3,x27	  x3:0x00000010 x27:0x00000000 x27=0x00000000
     425885.000 ns	     42587	80009040	e00a1753	fclass.s	x14,f20	 f20:0x00000000 x14=0x00000010
     425915.000 ns	     42590	80009044	f00183d3	fmv.w.x	f7,x3	  x3:0x00000010  f7=0x00000010
     425945.000 ns	     42593	80009048	c01a7dd3	fcvt.wu.s	x27,f20	 f20:0x00000000 x27=0x00000000
     425965.000 ns	     42595	8000904c	01ac5d93	srli	x27,x24,0x1a	 x24:0x00000001 x27=0x00000000
     425975.000 ns	     42596	80009050	4197d793	srai	x15,x15,0x19	 x15:0x00000000 x15=0x00000000
     425985.000 ns	     42597	80009054	6f0b7013	andi	x0,x22,1776	 x22:0xb96acf38
     426005.000 ns	     42599	80009058	025fa233	mulhsu	x4,x31,x5	 x31:0x00000000  x5:0x00000000  x4=0x00000000
     426025.000 ns	     42601	8000905c	79fafa13	andi	x20,x21,1951	 x21:0x00000000 x20=0x00000000
     426035.000 ns	     42602	80009060	41c352b3	sra	x5,x6,x28	  x6:0x80041024 x28:0x00000000  x5=0x80041024
     426055.000 ns	     42604	80009064	c0072553	fcvt.w.s	x10,f14	 f14:0x7fc00000 x10=0x7fffffff
     426075.000 ns	     42606	80009068	01bf5093	srli	x1,x30,0x1b	 x30:0xec5313c0  x1=0x0000001d
     426095.000 ns	     42608	8000906c	f00c08d3	fmv.w.x	f17,x24	 x24:0x00000001 f17=0x00000001
     426115.000 ns	     42610	80009070	00a7c133	xor	x2,x15,x10	 x15:0x00000000 x10:0x7fffffff  x2=0x7fffffff
     426125.000 ns	     42611	80009074	00a06a33	or	x20,x0,x10	  x0:0x00000000 x10:0x7fffffff x20=0x7fffffff
     426485.000 ns	     42647	80009078	022860b3	rem	x1,x16,x2	 x16:0x00000001  x2:0x7cc4e23d  x1=0x00000001
     426505.000 ns	     42649	8000907c	00000013	addi	x0,x0,0	  x0:0x00000000
     426525.000 ns	     42651	80009080	d0101cd3	fcvt.s.wu	f25,x0	  x0:0x00000000 f25=0x00000000
     426555.000 ns	     42654	80009084	d01676d3	fcvt.s.wu	f13,x12	 x12:0x00000001 f13=0x3f800000
     426575.000 ns	     42656	80009088	000f5513	srli	x10,x30,0x0	 x30:0xec5313c0 x10=0xec5313c0
     426595.000 ns	     42658	8000908c	02ff4b33	div	x22,x30,x15	 x30:0xec5313c0 x15:0x00000000 x22=0xffffffff
     426625.000 ns	     42661	80009090	213da7d3	fsgnjx.s	f15,f27,f19	 f27:0x00000000 f19:0x00000000 f15=0x00000000
     426655.000 ns	     42664	80009094	e0028fd3	fmv.x.w	x31,f5	  f5:0x00000000 x31=0x00000000
     427835.000 ns	     42782	80009098	5808b3d3	fsqrt.s	f7,f17	 f17:0x00000001  f7=0x1f350483
     427875.000 ns	     42786	8000909c	580b70d3	fsqrt.s	f1,f22	 f22:0x7fc00000  f1=0x7fc00000
     427905.000 ns	     42789	800090a0	29200a53	fmin.s	f20,f0,f18	  f0:0xcaf7cd9e f18:0x00000000 f20=0xcaf7cd9e
     427925.000 ns	     42791	800090a4	01b39e33	sll	x28,x7,x27	  x7:0x00000000 x27:0x00000000 x28=0x00000000
     427935.000 ns	     42792	800090a8	0129dbb3	srl	x23,x19,x18	 x19:0x00000001 x18:0x80040fe4 x23=0x00000000
     427955.000 ns	     42794	800090ac	d007bfd3	fcvt.s.w	f31,x15	 x15:0x00000000 f31=0x00000000
     427975.000 ns	     42796	800090b0	012f71b3	and	x3,x30,x18	 x30:0xec5313c0 x18:0x80040fe4  x3=0x800003c0
     427985.000 ns	     42797	800090b4	b0b73213	sltiu	x4,x14,-1269	 x14:0x00000010  x4=0x00000001
     427995.000 ns	     42798	800090b8	01f5ca33	xor	x20,x11,x31	 x11:0x00000002 x31:0x00000000 x20=0x00000002
     428005.000 ns	     42799	800090bc	40325713	srai	x14,x4,0x3	  x4:0x00000000 x14=0x00000000
     428025.000 ns	     42801	800090c0	f0078253	fmv.w.x	f4,x15	 x15:0x00000000  f4=0x00000000
     428065.000 ns	     42805	800090c4	580072d3	fsqrt.s	f5,f0	  f0:0xcaf7cd9e  f5=0x7fc00000
     428095.000 ns	     42808	800090c8	a1cb27d3	feq.s	x15,f22,f28	 f22:0x7fc00000 f28:0x80000000 x15=0x00000000
     428115.000 ns	     42810	800090cc	706c0f93	addi	x31,x24,1798	 x24:0x00000001 x31=0x00000707
     428125.000 ns	     42811	800090d0	84142013	slti	x0,x8,-1983	  x8:0x00000000
     428135.000 ns	     42812	800090d4	01986c33	or	x24,x16,x25	 x16:0x00000001 x25:0x00000000 x24=0x00000001
     428165.000 ns	     42815	800090d8	1000f9d3	fmul.s	f19,f1,f0	  f1:0x7fc00000  f0:0xcaf7cd9e f19=0x7fc00000
     428195.000 ns	     42818	800090dc	a1d781d3	fle.s	x3,f15,f29	 f15:0x00000000 f29:0xcb000000  x3=0x00000000
     428215.000 ns	     42820	800090e0	018341b3	xor	x3,x6,x24	  x6:0x80041024 x24:0x00000001  x3=0x80041025
     428225.000 ns	     42821	800090e4	0153d233	srl	x4,x7,x21	  x7:0x00000000 x21:0x00000000  x4=0x00000000
     428245.000 ns	     42823	800090e8	d0047653	fcvt.s.w	f12,x8	  x8:0x00000000 f12=0x00000000
     428265.000 ns	     42825	800090ec	01c7e033	or	x0,x15,x28	 x15:0x00000000 x28:0x00000000
     428285.000 ns	     42827	800090f0	03955233	divu	x4,x10,x25	 x10:0xec5313c0 x25:0x00000000  x4=0xffffffff
     428315.000 ns	     42830	800090f4	e00714d3	fclass.s	x9,f14	 f14:0x7fc00000  x9=0x00000200
     428335.000 ns	     42832	800090f8	67fe3393	sltiu	x7,x28,1663	 x28:0x00000000  x7=0x00000001
     428345.000 ns	     42833	800090fc	01a55613	srli	x12,x10,0x1a	 x10:0xec5313c0 x12=0x0000003b
     428355.000 ns	     42834	80009100	8bb8b297	auipc	x5,0x8bb8b	  x5=0x0bb94100
     428365.000 ns	     42835	80009104	404c5893	srai	x17,x24,0x4	 x24:0x00000001 x17=0x00000000
     428375.000 ns	     42836	80009108	99140d93	addi	x27,x8,-1647	  x8:0x00000000 x27=0xfffff991
     428395.000 ns	     42838	8000910c	030b1e33	mulh	x28,x22,x16	 x22:0xffffffff x16:0x00000001 x28=0xffffffff
     428435.000 ns	     42842	80009110	580d24d3	fsqrt.s	f9,f26	 f26:0x00000000  f9=0x00000000
     428805.000 ns	     42879	80009114	026acd33	div	x26,x21,x6	 x21:0x00000000  x6:0x80041024 x26=0x00000000
     428825.000 ns	     42881	80009118	00f89a93	slli	x21,x17,0xf	 x17:0x00000000 x21=0x00000000
     428835.000 ns	     42882	8000911c	41a0ee13	ori	x28,x1,1050	  x1:0x00000001 x28=0x0000041b
     428875.000 ns	     42886	80009120	0140f0d3	fadd.s	f1,f1,f20	  f1:0x7fc00000 f20:0xcaf7cd9e  f1=0x7fc00000
     428905.000 ns	     42889	80009124	02113e33	mulhu	x28,x2,x1	  x2:0x7fffffff  x1:0x00000001 x28=0x00000000
     428925.000 ns	     42891	80009128	01215393	srli	x7,x2,0x12	  x2:0x7fffffff  x7=0x00001fff
     428935.000 ns	     42892	8000912c	00fd48b3	xor	x17,x26,x15	 x26:0x00000000 x15:0x00000000 x17=0x00000000
     428955.000 ns	     42894	80009130	201eabd3	fsgnjx.s	f23,f29,f1	 f29:0xcb000000  f1:0x7fc00000 f23=0xcb000000
     429325.000 ns	     42931	80009134	029e7033	remu	x0,x28,x9	 x28:0x00000000  x9:0x00000200
     429355.000 ns	     42934	80009138	f00705d3	fmv.w.x	f11,x14	 x14:0x00000000 f11=0x00000000
     429385.000 ns	     42937	8000913c	e00990d3	fclass.s	x1,f19	 f19:0x7fc00000  x1=0x00000200
     429405.000 ns	     42939	80009140	5aa4ce93	xori	x29,x9,1450	  x9:0x00000200 x29=0x000007aa
     429435.000 ns	     42942	80009144	11c1f753	fmul.s	f14,f3,f28	  f3:0xff800000 f28:0x80000000 f14=0x7fc00000
     429455.000 ns	     42944	80009148	cb31be93	sltiu	x29,x3,-845	  x3:0x80041025 x29=0x00000001
     429465.000 ns	     42945	8000914c	016608b3	add	x17,x12,x22	 x12:0x0000003b x22:0xffffffff x17=0x0000003a
     429475.000 ns	     42946	80009150	01f1b5b3	sltu	x11,x3,x31	  x3:0x80041025 x31:0x00000707 x11=0x00000000
     429485.000 ns	     42947	80009154	0090d233	srl	x4,x1,x9	  x1:0x00000200  x9:0x00000200  x4=0x00000200
     429505.000 ns	     42949	80009158	03ecbbb3	mulhu	x23,x25,x30	 x25:0x00000000 x30:0xec5313c0 x23=0x00000000
     429535.000 ns	     42952	8000915c	28c81ed3	fmax.s	f29,f16,f12	 f16:0x80000000 f12:0x00000000 f29=0x00000000
     429555.000 ns	     42954	80009160	00f130b3	sltu	x1,x2,x15	  x2:0x7fffffff x15:0x00000000  x1=0x00000000
     429565.000 ns	     42955	80009164	e5fbc493	xori	x9,x23,-417	 x23:0x00000000  x9=0xfffffe5f
     429585.000 ns	     42957	80009168	290b10d3	fmax.s	f1,f22,f16	 f22:0x7fc00000 f16:0x80000000  f1=0x80000000
     429615.000 ns	     42960	8000916c	212ea553	fsgnjx.s	f10,f29,f18	 f29:0x00000000 f18:0x00000000 f10=0x00000000
     429645.000 ns	     42963	80009170	21a5afd3	fsgnjx.s	f31,f11,f26	 f11:0x00000000 f26:0x00000000 f31=0x00000000
     429675.000 ns	     42966	80009174	28bf8553	fmin.s	f10,f31,f11	 f31:0x00000000 f11:0x00000000 f10=0x00000000
     429705.000 ns	     42969	80009178	e00f82d3	fmv.x.w	x5,f31	 f31:0x00000000  x5=0x00000000
     429725.000 ns	     42971	8000917c	18d47593	andi	x11,x8,397	  x8:0x00000000 x11=0x00000000
     429735.000 ns	     42972	80009180	419d84b3	sub	x9,x27,x25	 x27:0xfffff991 x25:0x00000000  x9=0xfffff991
     429755.000 ns	     42974	80009184	025d39b3	mulhu	x19,x26,x5	 x26:0x00000000  x5:0x00000000 x19=0x00000000
     429785.000 ns	     42977	80009188	a003a853	feq.s	x16,f7,f0	  f7:0x1f350483  f0:0xcaf7cd9e x16=0x00000000
     429805.000 ns	     42979	8000918c	00866633	or	x12,x12,x8	 x12:0x0000003b  x8:0x00000000 x12=0x0000003b
     429825.000 ns	     42981	80009190	0273bd33	mulhu	x26,x7,x7	  x7:0x00001fff  x7:0x00001fff x26=0x00000000
     429855.000 ns	     42984	80009194	d0013cd3	fcvt.s.w	f25,x2	  x2:0x7fffffff f25=0x4f000000
     429885.000 ns	     42987	80009198	03fab233	mulhu	x4,x21,x31	 x21:0x00000000 x31:0x00000707  x4=0x00000000
     429915.000 ns	     42990	8000919c	e0091453	fclass.s	x8,f18	 f18:0x00000000  x8=0x00000010
     429935.000 ns	     42992	800091a0	c0a4a693	slti	x13,x9,-1014	  x9:0xfffff991 x13=0x00000001
     429955.000 ns	     42994	800091a4	d00bbbd3	fcvt.s.w	f23,x23	 x23:0x00000000 f23=0x00000000
     429975.000 ns	     42996	800091a8	0159d693	srli	x13,x19,0x15	 x19:0x00000000 x13=0x00000000
     429985.000 ns	     42997	800091ac	40e05f93	srai	x31,x0,0xe	  x0:0x00000000 x31=0x00000000
     429995.000 ns	     42998	800091b0	003023b3	slt	x7,x0,x3	  x0:0x00000000  x3:0x80041025  x7=0x00000000
     430005.000 ns	     42999	800091b4	013e1113	slli	x2,x28,0x13	 x28:0x00000000  x2=0x00000000
     430015.000 ns	     43000	800091b8	b60f8713	addi	x14,x31,-1184	 x31:0x00000000 x14=0xfffffb60
     430025.000 ns	     43001	800091bc	30263013	sltiu	x0,x12,770	 x12:0x0000003b
     430045.000 ns	     43003	800091c0	e0019653	fclass.s	x12,f3	  f3:0xff800000 x12=0x00000001
     430075.000 ns	     43006	800091c4	c01175d3	fcvt.wu.s	x11,f2	  f2:0x4e4978e0 x11=0x325e3800
     430095.000 ns	     43008	800091c8	ef2c6e93	ori	x29,x24,-270	 x24:0x00000001 x29=0xfffffef3
     430125.000 ns	     43011	800091cc	580f45d3	fsqrt.s	f11,f30	 f30:0xcb000000 f11=0x7fc00000
     430495.000 ns	     43048	800091d0	026fe3b3	rem	x7,x31,x6	 x31:0x00000000  x6:0x80041024  x7=0x00000000
     430515.000 ns	     43050	800091d4	cdb6b793	sltiu	x15,x13,-805	 x13:0x00000000 x15=0x00000001
     430525.000 ns	     43051	800091d8	86716293	ori	x5,x2,-1945	  x2:0x00000000  x5=0xfffff867
     430555.000 ns	     43054	800091dc	1088b153	fmul.s	f2,f17,f8	 f17:0x00000001  f8:0x4466c000  f2=0x0000039c
     430595.000 ns	     43058	800091e0	194722d3	fdiv.s	f5,f14,f20	 f14:0x7fc00000 f20:0xcaf7cd9e  f5=0x7fc00000
     430625.000 ns	     43061	800091e4	298b1d53	fmax.s	f26,f22,f24	 f22:0x7fc00000 f24:0x441e0000 f26=0x441e0000
     430645.000 ns	     43063	800091e8	33a0f213	andi	x4,x1,826	  x1:0x00000000  x4=0x00000000
     430685.000 ns	     43067	800091ec	010ab353	fadd.s	f6,f21,f16	 f21:0x4466c000 f16:0x80000000  f6=0x4466c000
     430705.000 ns	     43069	800091f0	41a782b3	sub	x5,x15,x26	 x15:0x00000001 x26:0x00000000  x5=0x00000001
     430715.000 ns	     43070	800091f4	91263d13	sltiu	x26,x12,-1774	 x12:0x00000001 x26=0x00000001
     430725.000 ns	     43071	800091f8	0038f9b3	and	x19,x17,x3	 x17:0x0000003a  x3:0x80041025 x19=0x00000020
     430745.000 ns	     43073	800091fc	d0117ad3	fcvt.s.wu	f21,x2	  x2:0x00000000 f21=0x00000000
     430765.000 ns	     43075	80009200	011745b3	xor	x11,x14,x17	 x14:0xfffffb60 x17:0x0000003a x11=0xfffffb5a
     430785.000 ns	     43077	80009204	03cad233	divu	x4,x21,x28	 x21:0x00000000 x28:0x00000000  x4=0xffffffff
     430805.000 ns	     43079	80009208	0158aa33	slt	x20,x17,x21	 x17:0x0000003a x21:0x00000000 x20=0x00000000
     430815.000 ns	     43080	8000920c	00857fb3	and	x31,x10,x8	 x10:0xec5313c0  x8:0x00000010 x31=0x00000000
     430825.000 ns	     43081	80009210	00476eb3	or	x29,x14,x4	 x14:0xfffffb60  x4:0xffffffff x29=0xffffffff
     430845.000 ns	     43083	80009214	034beab3	rem	x21,x23,x20	 x23:0x00000000 x20:0x00000000 x21=0x00000000
     430865.000 ns	     43085	80009218	00000013	addi	x0,x0,0	  x0:0x00000000
     430885.000 ns	     43087	8000921c	03abbab3	mulhu	x21,x23,x26	 x23:0x00000000 x26:0x00000001 x21=0x00000000
     430915.000 ns	     43090	80009220	c007c3d3	fcvt.w.s	x7,f15	 f15:0x00000000  x7=0x00000000
     430935.000 ns	     43092	80009224	cf330e13	addi	x28,x6,-781	  x6:0x80041024 x28=0x80040d17
     430955.000 ns	     43094	80009228	030f9cb3	mulh	x25,x31,x16	 x31:0x00000000 x16:0x00000000 x25=0x00000000
     430985.000 ns	     43097	8000922c	a0fe1a53	flt.s	x20,f28,f15	 f28:0x80000000 f15:0x00000000 x20=0x00000000
     431015.000 ns	     43100	80009230	20502453	fsgnjx.s	f8,f0,f5	  f0:0xcaf7cd9e  f5:0x7fc00000  f8=0xcaf7cd9e
     431045.000 ns	     43103	80009234	e00a89d3	fmv.x.w	x19,f21	 f21:0x00000000 x19=0x00000000
     431065.000 ns	     43105	80009238	b1463f93	sltiu	x31,x12,-1260	 x12:0x00000001 x31=0x00000001
     431105.000 ns	     43109	8000923c	00538b53	fadd.s	f22,f7,f5	  f7:0x1f350483  f5:0x7fc00000 f22=0x7fc00000
     431125.000 ns	     43111	80009240	01570e33	add	x28,x14,x21	 x14:0xfffffb60 x21:0x00000000 x28=0xfffffb60
     431135.000 ns	     43112	80009244	00000013	addi	x0,x0,0	  x0:0x00000000
     431155.000 ns	     43114	80009248	02888233	mul	x4,x17,x8	 x17:0x0000003a  x8:0x00000010  x4=0x000003a0
     431185.000 ns	     43117	8000924c	c01b7053	fcvt.wu.s	x0,f22	 f22:0x7fc00000
     431215.000 ns	     43120	80009250	a02792d3	flt.s	x5,f15,f2	 f15:0x00000000  f2:0x0000039c  x5=0x00000001
     431235.000 ns	     43122	80009254	4094d093	srai	x1,x9,0x9	  x9:0xfffff991  x1=0xfffffffc
     431245.000 ns	     43123	80009258	36f7ad93	slti	x27,x15,879	 x15:0x00000001 x27=0x00000001
     431255.000 ns	     43124	8000925c	00000013	addi	x0,x0,0	  x0:0x00000000
     431275.000 ns	     43126	80009260	d0152dd3	fcvt.s.wu	f27,x10	 x10:0xec5313c0 f27=0x4f6c5314
     431315.000 ns	     43130	80009264	1061fcd3	fmul.s	f25,f3,f6	  f3:0xff800000  f6:0x4466c000 f25=0xff800000
     431335.000 ns	     43132	80009268	cc3a6d93	ori	x27,x20,-829	 x20:0x00000000 x27=0xfffffcc3
     431345.000 ns	     43133	8000926c	0012c1b3	xor	x3,x5,x1	  x5:0x00000001  x1:0xfffffffc  x3=0xfffffffd
     431355.000 ns	     43134	80009270	41add593	srai	x11,x27,0x1a	 x27:0x00000001 x11=0xffffffff
     431375.000 ns	     43136	80009274	a1e69ad3	flt.s	x21,f13,f30	 f13:0x3f800000 f30:0xcb000000 x21=0x00000000
     431395.000 ns	     43138	80009278	00c15bb3	srl	x23,x2,x12	  x2:0x00000000 x12:0x00000001 x23=0x00000000
     431405.000 ns	     43139	8000927c	01ba9d33	sll	x26,x21,x27	 x21:0x00000000 x27:0xfffffcc3 x26=0x00000000
     431425.000 ns	     43141	80009280	0373f433	remu	x8,x7,x23	  x7:0x00000000 x23:0x00000000  x8=0x00000000
     431455.000 ns	     43144	80009284	03371e33	mulh	x28,x14,x19	 x14:0xfffffb60 x19:0x00000000 x28=0x00000000
     431475.000 ns	     43146	80009288	4163d117	auipc	x2,0x4163d	  x2=0xc1646288
     431485.000 ns	     43147	8000928c	6f5be513	ori	x10,x23,1781	 x23:0x00000000 x10=0x000006f5
     431525.000 ns	     43151	80009290	08d6f253	fsub.s	f4,f13,f13	 f13:0x3f800000 f13:0x3f800000  f4=0x80000000
     431555.000 ns	     43154	80009294	02202433	mulhsu	x8,x0,x2	  x0:0x00000000  x2:0xc1646288  x8=0x00000000
     431575.000 ns	     43156	80009298	3e06e893	ori	x17,x13,992	 x13:0x00000000 x17=0x000003e0
     431615.000 ns	     43160	8000929c	01eb7953	fadd.s	f18,f22,f30	 f22:0x7fc00000 f30:0xcb000000 f18=0x7fc00000
     431635.000 ns	     43162	800092a0	00fa8eb3	add	x29,x21,x15	 x21:0x00000000 x15:0x00000001 x29=0x00000001
     431655.000 ns	     43164	800092a4	e00d02d3	fmv.x.w	x5,f26	 f26:0x441e0000  x5=0x441e0000
     431675.000 ns	     43166	800092a8	01683d33	sltu	x26,x16,x22	 x16:0x00000000 x22:0xffffffff x26=0x00000001
     431685.000 ns	     43167	800092ac	014dbeb3	sltu	x29,x27,x20	 x27:0xfffffcc3 x20:0x00000000 x29=0x00000000
     431695.000 ns	     43168	800092b0	718b66b7	lui	x13,0x718b6	 x13=0x718b6000
     432055.000 ns	     43204	800092b4	026767b3	rem	x15,x14,x6	 x14:0xfffffb60  x6:0x80041024 x15=0xfffffb60
     432095.000 ns	     43208	800092b8	5807ff53	fsqrt.s	f30,f15	 f15:0x00000000 f30=0x00000000
     432115.000 ns	     43210	800092bc	40d35793	srai	x15,x6,0xd	  x6:0x80041024 x15=0xfffc0020
     432135.000 ns	     43212	800092c0	02023db3	mulhu	x27,x4,x0	  x4:0x000003a0  x0:0x00000000 x27=0x00000000
     432155.000 ns	     43214	800092c4	00d464b3	or	x9,x8,x13	  x8:0x00000000 x13:0x718b6000  x9=0x718b6000
     432165.000 ns	     43215	800092c8	018ce133	or	x2,x25,x24	 x25:0x00000000 x24:0x00000001  x2=0x00000001
     432185.000 ns	     43217	800092cc	e0001a53	fclass.s	x20,f0	  f0:0xcaf7cd9e x20=0x00000002
     432205.000 ns	     43219	800092d0	4018d113	srai	x2,x17,0x1	 x17:0x000003e0  x2=0x000001f0
     432225.000 ns	     43221	800092d4	c00f0753	fcvt.w.s	x14,f30	 f30:0x00000000 x14=0x00000000
     432255.000 ns	     43224	800092d8	204e18d3	fsgnjn.s	f17,f28,f4	 f28:0x80000000  f4:0x80000000 f17=0x00000000
     432275.000 ns	     43226	800092dc	016b4133	xor	x2,x22,x22	 x22:0xffffffff x22:0xffffffff  x2=0x00000000
     432285.000 ns	     43227	800092e0	0b9af193	andi	x3,x21,185	 x21:0x00000000  x3=0x00000000
     432295.000 ns	     43228	800092e4	01f988b3	add	x17,x19,x31	 x19:0x00000000 x31:0x00000001 x17=0x00000001
     432315.000 ns	     43230	800092e8	03ab0bb3	mul	x23,x22,x26	 x22:0xffffffff x26:0x00000001 x23=0xffffffff
     432335.000 ns	     43232	800092ec	01289a93	slli	x21,x17,0x12	 x17:0x000003e0 x21=0x00040000
     432355.000 ns	     43234	800092f0	f00686d3	fmv.w.x	f13,x13	 x13:0x718b6000 f13=0x718b6000
     432385.000 ns	     43237	800092f4	d0087e53	fcvt.s.w	f28,x16	 x16:0x00000000 f28=0x00000000
     432415.000 ns	     43240	800092f8	0301c533	div	x10,x3,x16	  x3:0x00000000 x16:0x00000000 x10=0xffffffff
     432445.000 ns	     43243	800092fc	d01bf653	fcvt.s.wu	f12,x23	 x23:0xffffffff f12=0x4f7fffff
     432465.000 ns	     43245	80009300	c7248493	addi	x9,x9,-910	  x9:0x718b6000  x9=0x718b5c72
     432475.000 ns	     43246	80009304	40dd5493	srai	x9,x26,0xd	 x26:0x00000001  x9=0x00000000
     432485.000 ns	     43247	80009308	9224f613	andi	x12,x9,-1758	  x9:0x718b6000 x12=0x00000000
     432505.000 ns	     43249	8000930c	c007fbd3	fcvt.w.s	x23,f15	 f15:0x00000000 x23=0x00000000
     432535.000 ns	     43252	80009310	03ab8733	mul	x14,x23,x26	 x23:0xffffffff x26:0x00000001 x14=0x00000000
     432905.000 ns	     43289	80009314	035a52b3	divu	x5,x20,x21	 x20:0x00000002 x21:0x00040000  x5=0x00000000
     432935.000 ns	     43292	80009318	e00d19d3	fclass.s	x19,f26	 f26:0x441e0000 x19=0x00000040
     432965.000 ns	     43295	8000931c	c015fcd3	fcvt.wu.s	x25,f11	 f11:0x7fc00000 x25=0xffffffff
     432995.000 ns	     43298	80009320	0202f1b3	remu	x3,x5,x0	  x5:0x00000000  x0:0x00000000  x3=0x00000000
     433365.000 ns	     43335	80009324	0322fa33	remu	x20,x5,x18	  x5:0x00000000 x18:0x80040fe4 x20=0x00000000
     433385.000 ns	     43337	80009328	012b0533	add	x10,x22,x18	 x22:0xffffffff x18:0x80040fe4 x10=0x80040fe3
     433425.000 ns	     43341	8000932c	0990c5d3	fsub.s	f11,f1,f25	  f1:0x80000000 f25:0xff800000 f11=0x7f800000
     433445.000 ns	     43343	80009330	000736b3	sltu	x13,x14,x0	 x14:0x00000000  x0:0x00000000 x13=0x00000000
     433455.000 ns	     43344	80009334	41260ab3	sub	x21,x12,x18	 x12:0x00000000 x18:0x80040fe4 x21=0x7ffbf01c
     433465.000 ns	     43345	80009338	0184df93	srli	x31,x9,0x18	  x9:0x00000000 x31=0x00000000
     433485.000 ns	     43347	8000933c	03af0033	mul	x0,x30,x26	 x30:0xec5313c0 x26:0x00000001
     433515.000 ns	     43350	80009340	03ab2c33	mulhsu	x24,x22,x26	 x22:0xffffffff x26:0x00000001 x24=0xffffffff
     433885.000 ns	     43387	80009344	02b3c733	div	x14,x7,x11	  x7:0x00000000 x11:0xffffffff x14=0x00000000
     433935.000 ns	     43392	80009348	080e1c53	fsub.s	f24,f28,f0	 f28:0x00000000  f0:0xcaf7cd9e f24=0x4af7cd9e
     434305.000 ns	     43429	8000934c	02bff1b3	remu	x3,x31,x11	 x31:0x00000000 x11:0xffffffff  x3=0x00000000
     434335.000 ns	     43432	80009350	025dfab3	remu	x21,x27,x5	 x27:0x00000000  x5:0x00000000 x21=0x00000000
     434365.000 ns	     43435	80009354	20ec03d3	fsgnj.s	f7,f24,f14	 f24:0x4af7cd9e f14:0x7fc00000  f7=0x4af7cd9e
     434395.000 ns	     43438	80009358	21188253	fsgnj.s	f4,f17,f17	 f17:0x00000000 f17:0x00000000  f4=0x00000000
     434415.000 ns	     43440	8000935c	00cceab3	or	x21,x25,x12	 x25:0xffffffff x12:0x00000000 x21=0xffffffff
     434435.000 ns	     43442	80009360	21a597d3	fsgnjn.s	f15,f11,f26	 f11:0x7f800000 f26:0x441e0000 f15=0xff800000
     434465.000 ns	     43445	80009364	02c5a833	mulhsu	x16,x11,x12	 x11:0xffffffff x12:0x00000000 x16=0x00000000
     434485.000 ns	     43447	80009368	01f50e33	add	x28,x10,x31	 x10:0x80040fe3 x31:0x00000000 x28=0x80040fe3
     434505.000 ns	     43449	8000936c	03883bb3	mulhu	x23,x16,x24	 x16:0x00000000 x24:0xffffffff x23=0x00000000
     434875.000 ns	     43486	80009370	038651b3	divu	x3,x12,x24	 x12:0x00000000 x24:0xffffffff  x3=0x00000000
     434895.000 ns	     43488	80009374	8e90f113	andi	x2,x1,-1815	  x1:0xfffffffc  x2=0xfffff8e8
     434915.000 ns	     43490	80009378	a15e2cd3	feq.s	x25,f28,f21	 f28:0x00000000 f21:0x00000000 x25=0x00000001
     434935.000 ns	     43492	8000937c	9c43c093	xori	x1,x7,-1596	  x7:0x00000000  x1=0xfffff9c4
     434945.000 ns	     43493	80009380	01f3d793	srli	x15,x7,0x1f	  x7:0x00000000 x15=0x00000000
     434955.000 ns	     43494	80009384	40f4dbb3	sra	x23,x9,x15	  x9:0x00000000 x15:0xfffc0020 x23=0x00000000
     434975.000 ns	     43496	80009388	03df2e33	mulhsu	x28,x30,x29	 x30:0xec5313c0 x29:0x00000000 x28=0x00000000
     435005.000 ns	     43499	8000938c	c01ef5d3	fcvt.wu.s	x11,f29	 f29:0x00000000 x11=0x00000000
     435035.000 ns	     43502	80009390	e0098553	fmv.x.w	x10,f19	 f19:0x7fc00000 x10=0x7fc00000
     435055.000 ns	     43504	80009394	014668b3	or	x17,x12,x20	 x12:0x00000000 x20:0x00000000 x17=0x00000000
     435065.000 ns	     43505	80009398	a4a70a37	lui	x20,0xa4a70	 x20=0xa4a70000
     435085.000 ns	     43507	8000939c	028099b3	mulh	x19,x1,x8	  x1:0xfffff9c4  x8:0x00000000 x19=0x00000000
     435105.000 ns	     43509	800093a0	0021e833	or	x16,x3,x2	  x3:0x00000000  x2:0xfffff8e8 x16=0xfffff8e8
     435135.000 ns	     43512	800093a4	10db14d3	fmul.s	f9,f22,f13	 f22:0x7fc00000 f13:0x718b6000  f9=0x7fc00000
     435165.000 ns	     43515	800093a8	a0c80bd3	fle.s	x23,f16,f12	 f16:0x80000000 f12:0x4f7fffff x23=0x00000001
     435195.000 ns	     43518	800093ac	03c0c5b3	div	x11,x1,x28	  x1:0xfffff9c4 x28:0x00000000 x11=0xffffffff
     435225.000 ns	     43521	800093b0	297086d3	fmin.s	f13,f1,f23	  f1:0x80000000 f23:0x00000000 f13=0x80000000
     435255.000 ns	     43524	800093b4	a0e41653	flt.s	x12,f8,f14	  f8:0xcaf7cd9e f14:0x7fc00000 x12=0x00000000
     435275.000 ns	     43526	800093b8	f9ab0413	addi	x8,x22,-102	 x22:0xffffffff  x8=0xffffff99
     435635.000 ns	     43562	800093bc	03a7c033	div	x0,x15,x26	 x15:0x00000000 x26:0x00000001
     435655.000 ns	     43564	800093c0	003f1cb3	sll	x25,x30,x3	 x30:0xec5313c0  x3:0x00000000 x25=0xec5313c0
     435665.000 ns	     43565	800093c4	014529b3	slt	x19,x10,x20	 x10:0x7fc00000 x20:0xa4a70000 x19=0x00000000
     435685.000 ns	     43567	800093c8	d0073bd3	fcvt.s.w	f23,x14	 x14:0x00000000 f23=0x00000000
     435705.000 ns	     43569	800093cc	76fcbd13	sltiu	x26,x25,1903	 x25:0xec5313c0 x26=0x00000000
     435725.000 ns	     43571	800093d0	e0039fd3	fclass.s	x31,f7	  f7:0x4af7cd9e x31=0x00000040
     435745.000 ns	     43573	800093d4	01749033	sll	x0,x9,x23	  x9:0x00000000 x23:0x00000001
     435765.000 ns	     43575	800093d8	031ad2b3	divu	x5,x21,x17	 x21:0xffffffff x17:0x00000000  x5=0xffffffff
     435795.000 ns	     43578	800093dc	c0187453	fcvt.wu.s	x8,f16	 f16:0x80000000  x8=0x00000000
     435815.000 ns	     43580	800093e0	00514eb3	xor	x29,x2,x5	  x2:0xfffff8e8  x5:0xffffffff x29=0x00000717
     435825.000 ns	     43581	800093e4	c3624397	auipc	x7,0xc3624	  x7=0x4362d3e4
     435835.000 ns	     43582	800093e8	d1a56b93	ori	x23,x10,-742	 x10:0x7fc00000 x23=0xfffffd1a
     435845.000 ns	     43583	800093ec	415e5133	sra	x2,x28,x21	 x28:0x00000000 x21:0xffffffff  x2=0x00000000
     435855.000 ns	     43584	800093f0	016ed6b3	srl	x13,x29,x22	 x29:0x00000717 x22:0xffffffff x13=0x00000000
     435875.000 ns	     43586	800093f4	20578453	fsgnj.s	f8,f15,f5	 f15:0xff800000  f5:0x7fc00000  f8=0x7f800000
     435905.000 ns	     43589	800093f8	21a28c53	fsgnj.s	f24,f5,f26	  f5:0x7fc00000 f26:0x441e0000 f24=0x7fc00000
     435925.000 ns	     43591	800093fc	1ce55e17	auipc	x28,0x1ce55	 x28=0x9ce5e3fc
     435945.000 ns	     43593	80009400	03808eb3	mul	x29,x1,x24	  x1:0xfffff9c4 x24:0xffffffff x29=0x0000063c
     435975.000 ns	     43596	80009404	02928433	mul	x8,x5,x9	  x5:0xffffffff  x9:0x00000000  x8=0x00000000
     436005.000 ns	     43599	80009408	f0040ad3	fmv.w.x	f21,x8	  x8:0x00000000 f21=0x00000000
     436025.000 ns	     43601	8000940c	6be87113	andi	x2,x16,1726	 x16:0xfffff8e8  x2=0x000000a8
     436065.000 ns	     43605	80009410	01847e53	fadd.s	f28,f8,f24	  f8:0x7f800000 f24:0x7fc00000 f28=0x7fc00000
     436085.000 ns	     43607	80009414	060ff493	andi	x9,x31,96	 x31:0x00000040  x9=0x00000040
     436095.000 ns	     43608	80009418	41e95e13	srai	x28,x18,0x1e	 x18:0x80040fe4 x28=0xfffffffe
     436105.000 ns	     43609	8000941c	01cb90b3	sll	x1,x23,x28	 x23:0xfffffd1a x28:0x9ce5e3fc  x1=0x80000000
     436125.000 ns	     43611	80009420	28c39ad3	fmax.s	f21,f7,f12	  f7:0x4af7cd9e f12:0x4f7fffff f21=0x4f7fffff
     436155.000 ns	     43614	80009424	a088a453	feq.s	x8,f17,f8	 f17:0x00000000  f8:0x7f800000  x8=0x00000000
     436205.000 ns	     43619	80009428	0055abd3	fadd.s	f23,f11,f5	 f11:0x7f800000  f5:0x7fc00000 f23=0x7fc00000
     436225.000 ns	     43621	8000942c	01c077b3	and	x15,x0,x28	  x0:0x00000000 x28:0xfffffffe x15=0x00000000
     436235.000 ns	     43622	80009430	01292eb3	slt	x29,x18,x18	 x18:0x80040fe4 x18:0x80040fe4 x29=0x00000000
     436245.000 ns	     43623	80009434	0196c433	xor	x8,x13,x25	 x13:0x00000000 x25:0xec5313c0  x8=0xec5313c0
     436255.000 ns	     43624	80009438	0020c2b3	xor	x5,x1,x2	  x1:0x80000000  x2:0x000000a8  x5=0x800000a8
     436265.000 ns	     43625	8000943c	dfe4bb13	sltiu	x22,x9,-514	  x9:0x00000040 x22=0x00000001
     436275.000 ns	     43626	80009440	f4e13493	sltiu	x9,x2,-178	  x2:0x000000a8  x9=0x00000001
     436635.000 ns	     43662	80009444	03fe4b33	div	x22,x28,x31	 x28:0xfffffffe x31:0x00000040 x22=0x00000000
     437005.000 ns	     43699	80009448	02b76eb3	rem	x29,x14,x11	 x14:0x00000000 x11:0xffffffff x29=0x00000000
     437035.000 ns	     43702	8000944c	204a2c53	fsgnjx.s	f24,f20,f4	 f20:0xcaf7cd9e  f4:0x00000000 f24=0xcaf7cd9e
     437055.000 ns	     43704	80009450	008582b3	add	x5,x11,x8	 x11:0xffffffff  x8:0xec5313c0  x5=0xec5313bf
     437065.000 ns	     43705	80009454	4112d8b3	sra	x17,x5,x17	  x5:0x800000a8 x17:0x00000000 x17=0xec5313bf
     437085.000 ns	     43707	80009458	d01f2653	fcvt.s.wu	f12,x30	 x30:0xec5313c0 f12=0x4f6c5314
     437115.000 ns	     43710	8000945c	a1599d53	flt.s	x26,f19,f21	 f19:0x7fc00000 f21:0x4f7fffff x26=0x00000000
     437145.000 ns	     43713	80009460	02fd0ab3	mul	x21,x26,x15	 x26:0x00000000 x15:0x00000000 x21=0x00000000
     437175.000 ns	     43716	80009464	c01ccad3	fcvt.wu.s	x21,f25	 f25:0xff800000 x21=0x00000000
     437545.000 ns	     43753	80009468	02a7da33	divu	x20,x15,x10	 x15:0x00000000 x10:0x7fc00000 x20=0x00000000
     437575.000 ns	     43756	8000946c	a0958bd3	fle.s	x23,f11,f9	 f11:0x7f800000  f9:0x7fc00000 x23=0x00000000
     437605.000 ns	     43759	80009470	02e140b3	div	x1,x2,x14	  x2:0x000000a8 x14:0x00000000  x1=0xffffffff
     437625.000 ns	     43761	80009474	413653b3	sra	x7,x12,x19	 x12:0x00000000 x19:0x00000000  x7=0x00000000
     437635.000 ns	     43762	80009478	00fc04b3	add	x9,x24,x15	 x24:0xffffffff x15:0x00000000  x9=0xffffffff
     437655.000 ns	     43764	8000947c	a14228d3	feq.s	x17,f4,f20	  f4:0x00000000 f20:0xcaf7cd9e x17=0x00000000
     437675.000 ns	     43766	80009480	28898493	addi	x9,x19,648	 x19:0x00000000  x9=0x00000288
     437685.000 ns	     43767	80009484	013d9513	slli	x10,x27,0x13	 x27:0x00000000 x10=0x00000000
     437705.000 ns	     43769	80009488	296a1653	fmax.s	f12,f20,f22	 f20:0xcaf7cd9e f22:0x7fc00000 f12=0xcaf7cd9e
     437725.000 ns	     43771	8000948c	006e5e33	srl	x28,x28,x6	 x28:0xfffffffe  x6:0x80041024 x28=0x0fffffff
     437735.000 ns	     43772	80009490	7a20ab93	slti	x23,x1,1954	  x1:0xffffffff x23=0x00000001
     437745.000 ns	     43773	80009494	006711b3	sll	x3,x14,x6	 x14:0x00000000  x6:0x80041024  x3=0x00000000
     437765.000 ns	     43775	80009498	e00d09d3	fmv.x.w	x19,f26	 f26:0x441e0000 x19=0x441e0000
     437795.000 ns	     43778	8000949c	02ec15b3	mulh	x11,x24,x14	 x24:0xffffffff x14:0x00000000 x11=0x00000000
     437825.000 ns	     43781	800094a0	e00e91d3	fclass.s	x3,f29	 f29:0x00000000  x3=0x00000010
     437845.000 ns	     43783	800094a4	bb7fa993	slti	x19,x31,-1097	 x31:0x00000040 x19=0x00000000
     437875.000 ns	     43786	800094a8	11431e53	fmul.s	f28,f6,f20	  f6:0x4466c000 f20:0xcaf7cd9e f28=0xcfdf5c96
     437895.000 ns	     43788	800094ac	c6df3893	sltiu	x17,x30,-915	 x30:0xec5313c0 x17=0x00000001
     437905.000 ns	     43789	800094b0	5a27a613	slti	x12,x15,1442	 x15:0x00000000 x12=0x00000001
     437915.000 ns	     43790	800094b4	00ce9a93	slli	x21,x29,0xc	 x29:0x00000000 x21=0x00000000
     437925.000 ns	     43791	800094b8	015772b3	and	x5,x14,x21	 x14:0x00000000 x21:0x00000000  x5=0x00000000
     437945.000 ns	     43793	800094bc	d0137b53	fcvt.s.wu	f22,x6	  x6:0x80041024 f22=0x4f000410
     437975.000 ns	     43796	800094c0	e0040653	fmv.x.w	x12,f8	  f8:0x7f800000 x12=0x7f800000
     438005.000 ns	     43799	800094c4	e00d8c53	fmv.x.w	x24,f27	 f27:0x4f6c5314 x24=0x4f6c5314
     438045.000 ns	     43803	800094c8	112f99d3	fmul.s	f19,f31,f18	 f31:0x00000000 f18:0x7fc00000 f19=0x7fc00000
     438075.000 ns	     43806	800094cc	216d88d3	fsgnj.s	f17,f27,f22	 f27:0x4f6c5314 f22:0x4f000410 f17=0x4f6c5314
     438105.000 ns	     43809	800094d0	c00525d3	fcvt.w.s	x11,f10	 f10:0x00000000 x11=0x00000000
     438125.000 ns	     43811	800094d4	00fb9193	slli	x3,x23,0xf	 x23:0x00000001  x3=0x00008000
     438135.000 ns	     43812	800094d8	001109b3	add	x19,x2,x1	  x2:0x000000a8  x1:0xffffffff x19=0x000000a7
     438495.000 ns	     43848	800094dc	03e4c6b3	div	x13,x9,x30	  x9:0x00000288 x30:0xec5313c0 x13=0x00000000
     438515.000 ns	     43850	800094e0	5c2bc193	xori	x3,x23,1474	 x23:0x00000001  x3=0x000005c3
     438535.000 ns	     43852	800094e4	c0137453	fcvt.wu.s	x8,f6	  f6:0x4466c000  x8=0x0000039b
     438555.000 ns	     43854	800094e8	ae972b93	slti	x23,x14,-1303	 x14:0x00000000 x23=0x00000000
     438565.000 ns	     43855	800094ec	ff90a293	slti	x5,x1,-7	  x1:0xffffffff  x5=0x00000000
     438575.000 ns	     43856	800094f0	014ce3b3	or	x7,x25,x20	 x25:0xec5313c0 x20:0x00000000  x7=0xec5313c0
     438585.000 ns	     43857	800094f4	02c47893	andi	x17,x8,44	  x8:0x0000039b x17=0x00000008
     438605.000 ns	     43859	800094f8	28dd12d3	fmax.s	f5,f26,f13	 f26:0x441e0000 f13:0x80000000  f5=0x441e0000
     438975.000 ns	     43896	800094fc	02204c33	div	x24,x0,x2	  x0:0x00000000  x2:0x000000a8 x24=0x00000000
     438995.000 ns	     43898	80009500	005c62b3	or	x5,x24,x5	 x24:0x4f6c5314  x5:0x00000000  x5=0x00000000
     439005.000 ns	     43899	80009504	15820db7	lui	x27,0x15820	 x27=0x15820000
     439035.000 ns	     43902	80009508	11f1f2d3	fmul.s	f5,f3,f31	  f3:0xff800000 f31:0x00000000  f5=0x7fc00000
     439065.000 ns	     43905	8000950c	20d10453	fsgnj.s	f8,f2,f13	  f2:0x0000039c f13:0x80000000  f8=0x8000039c
     439435.000 ns	     43942	80009510	022158b3	divu	x17,x2,x2	  x2:0x000000a8  x2:0x000000a8 x17=0x00000001
     439455.000 ns	     43944	80009514	c7b1f013	andi	x0,x3,-901	  x3:0x000005c3
     439465.000 ns	     43945	80009518	413185b3	sub	x11,x3,x19	  x3:0x000005c3 x19:0x000000a7 x11=0x0000051c
     439475.000 ns	     43946	8000951c	409903b3	sub	x7,x18,x9	 x18:0x80040fe4  x9:0x00000288  x7=0x80040d5c
     439485.000 ns	     43947	80009520	6e344213	xori	x4,x8,1763	  x8:0x0000039b  x4=0x00000578
     439495.000 ns	     43948	80009524	57d87d13	andi	x26,x16,1405	 x16:0xfffff8e8 x26=0x00000068
     439505.000 ns	     43949	80009528	00f65833	srl	x16,x12,x15	 x12:0x7f800000 x15:0x00000000 x16=0x7f800000
     439525.000 ns	     43951	8000952c	03c62133	mulhsu	x2,x12,x28	 x12:0x7f800000 x28:0x0fffffff  x2=0x07f7ffff
     439555.000 ns	     43954	80009530	03323033	mulhu	x0,x4,x19	  x4:0x00000578 x19:0x000000a7
     439575.000 ns	     43956	80009534	05538fb7	lui	x31,0x5538	 x31=0x05538000
     439595.000 ns	     43958	80009538	02d53a33	mulhu	x20,x10,x13	 x10:0x00000000 x13:0x00000000 x20=0x00000000
     439625.000 ns	     43961	8000953c	a0538ad3	fle.s	x21,f7,f5	  f7:0x4af7cd9e  f5:0x7fc00000 x21=0x00000000
     439655.000 ns	     43964	80009540	c004f153	fcvt.w.s	x2,f9	  f9:0x7fc00000  x2=0x7fffffff
     439675.000 ns	     43966	80009544	00b667b3	or	x15,x12,x11	 x12:0x7f800000 x11:0x0000051c x15=0x7f80051c
     439695.000 ns	     43968	80009548	02ca39b3	mulhu	x19,x20,x12	 x20:0x00000000 x12:0x7f800000 x19=0x00000000
     439715.000 ns	     43970	8000954c	013cd9b3	srl	x19,x25,x19	 x25:0xec5313c0 x19:0x000000a7 x19=0xec5313c0
     439745.000 ns	     43973	80009550	11388a53	fmul.s	f20,f17,f19	 f17:0x4f6c5314 f19:0x7fc00000 f20=0x7fc00000
     439765.000 ns	     43975	80009554	00a32733	slt	x14,x6,x10	  x6:0x80041024 x10:0x00000000 x14=0x00000001
     439775.000 ns	     43976	80009558	000a1b33	sll	x22,x20,x0	 x20:0x00000000  x0:0x00000000 x22=0x00000000
     440135.000 ns	     44012	8000955c	039b68b3	rem	x17,x22,x25	 x22:0x00000000 x25:0xec5313c0 x17=0x00000000
     440165.000 ns	     44015	80009560	29b21053	fmax.s	f0,f4,f27	  f4:0x00000000 f27:0x4f6c5314  f0=0x4f6c5314
     440185.000 ns	     44017	80009564	c423fe93	andi	x29,x7,-958	  x7:0x80040d5c x29=0x80040c40
     440205.000 ns	     44019	80009568	20738fd3	fsgnj.s	f31,f7,f7	  f7:0x4af7cd9e  f7:0x4af7cd9e f31=0x4af7cd9e
     440225.000 ns	     44021	8000956c	41b1da93	srai	x21,x3,0x1b	  x3:0x000005c3 x21=0x00000000
     440235.000 ns	     44022	80009570	fcbc0893	addi	x17,x24,-53	 x24:0x00000000 x17=0xffffffcb
     440255.000 ns	     44024	80009574	a17fae53	feq.s	x28,f31,f23	 f31:0x4af7cd9e f23:0x7fc00000 x28=0x00000000
     440275.000 ns	     44026	80009578	6aaffc13	andi	x24,x31,1706	 x31:0x05538000 x24=0x00000000
     440295.000 ns	     44028	8000957c	029f0bb3	mul	x23,x30,x9	 x30:0xec5313c0  x9:0x00000288 x23=0x3249fe00
     440315.000 ns	     44030	80009580	05172093	slti	x1,x14,81	 x14:0x00000001  x1=0x00000001
     440335.000 ns	     44032	80009584	c015f2d3	fcvt.wu.s	x5,f11	 f11:0x7f800000  x5=0xffffffff
     440385.000 ns	     44037	80009588	01f67cd3	fadd.s	f25,f12,f31	 f12:0xcaf7cd9e f31:0x4af7cd9e f25=0x00000000
     440435.000 ns	     44042	8000958c	09377153	fsub.s	f2,f14,f19	 f14:0x7fc00000 f19:0x7fc00000  f2=0x7fc00000
     440455.000 ns	     44044	80009590	00000013	addi	x0,x0,0	  x0:0x00000000
     440815.000 ns	     44080	80009594	0374e6b3	rem	x13,x9,x23	  x9:0x00000288 x23:0x3249fe00 x13=0x00000288
     440845.000 ns	     44083	80009598	03f90db3	mul	x27,x18,x31	 x18:0x80040fe4 x31:0x05538000 x27=0xa2de0000
     440875.000 ns	     44086	8000959c	a04804d3	fle.s	x9,f16,f4	 f16:0x80000000  f4:0x00000000  x9=0x00000001
     440895.000 ns	     44088	800095a0	1bea96b7	lui	x13,0x1bea9	 x13=0x1bea9000
     440935.000 ns	     44092	800095a4	08ad7053	fsub.s	f0,f26,f10	 f26:0x441e0000 f10:0x00000000  f0=0x441e0000
     440965.000 ns	     44095	800095a8	e00c1053	fclass.s	x0,f24	 f24:0xcaf7cd9e
     440985.000 ns	     44097	800095ac	01ad1093	slli	x1,x26,0x1a	 x26:0x00000068  x1=0xa0000000
     440995.000 ns	     44098	800095b0	c6827593	andi	x11,x4,-920	  x4:0x00000578 x11=0x00000468
     441015.000 ns	     44100	800095b4	a10b23d3	feq.s	x7,f22,f16	 f22:0x4f000410 f16:0x80000000  x7=0x00000000
     441045.000 ns	     44103	800095b8	f00b09d3	fmv.w.x	f19,x22	 x22:0x00000000 f19=0x00000000
     441415.000 ns	     44140	800095bc	02b4dd33	divu	x26,x9,x11	  x9:0x00000001 x11:0x00000468 x26=0x00000000
     441445.000 ns	     44143	800095c0	204b03d3	fsgnj.s	f7,f22,f4	 f22:0x4f000410  f4:0x00000000  f7=0x4f000410
     441465.000 ns	     44145	800095c4	7f53c037	lui	x0,0x7f53c	
     441485.000 ns	     44147	800095c8	033a3233	mulhu	x4,x20,x19	 x20:0x00000000 x19:0xec5313c0  x4=0x00000000
     441505.000 ns	     44149	800095cc	00000013	addi	x0,x0,0	  x0:0x00000000
     441525.000 ns	     44151	800095d0	28af8a53	fmin.s	f20,f31,f10	 f31:0x4af7cd9e f10:0x00000000 f20=0x00000000
     441545.000 ns	     44153	800095d4	0caa7093	andi	x1,x20,202	 x20:0x00000000  x1=0x00000000
     441555.000 ns	     44154	800095d8	226e3893	sltiu	x17,x28,550	 x28:0x00000000 x17=0x00000001
     441565.000 ns	     44155	800095dc	4e13a013	slti	x0,x7,1249	  x7:0x00000000
     441575.000 ns	     44156	800095e0	4dadbc93	sltiu	x25,x27,1242	 x27:0xa2de0000 x25=0x00000000
     441595.000 ns	     44158	800095e4	02085e33	divu	x28,x16,x0	 x16:0x7f800000  x0:0x00000000 x28=0xffffffff
     441615.000 ns	     44160	800095e8	00bfda93	srli	x21,x31,0xb	 x31:0x05538000 x21=0x0000aa70
     441635.000 ns	     44162	800095ec	29a510d3	fmax.s	f1,f10,f26	 f10:0x00000000 f26:0x441e0000  f1=0x441e0000
     442005.000 ns	     44199	800095f0	0264d733	divu	x14,x9,x6	  x9:0x00000001  x6:0x80041024 x14=0x00000000
     442025.000 ns	     44201	800095f4	e62afc93	andi	x25,x21,-414	 x21:0x0000aa70 x25=0x0000aa60
     442045.000 ns	     44203	800095f8	28fa9353	fmax.s	f6,f21,f15	 f21:0x4f7fffff f15:0xff800000  f6=0x4f7fffff
     442075.000 ns	     44206	800095fc	d0050453	fcvt.s.w	f8,x10	 x10:0x00000000  f8=0x00000000
     442105.000 ns	     44209	80009600	c0007253	fcvt.w.s	x4,f0	  f0:0x441e0000  x4=0x00000278
     442125.000 ns	     44211	80009604	011d2cb3	slt	x25,x26,x17	 x26:0x00000000 x17:0x00000001 x25=0x00000001
     442135.000 ns	     44212	80009608	00b988b3	add	x17,x19,x11	 x19:0xec5313c0 x11:0x00000468 x17=0xec531828
     442155.000 ns	     44214	8000960c	a1b916d3	flt.s	x13,f18,f27	 f18:0x7fc00000 f27:0x4f6c5314 x13=0x00000000
     442185.000 ns	     44217	80009610	02e06733	rem	x14,x0,x14	  x0:0x00000000 x14:0x00000000 x14=0x00000000
     442215.000 ns	     44220	80009614	f0088cd3	fmv.w.x	f25,x17	 x17:0xec531828 f25=0xec531828
     442255.000 ns	     44224	80009618	182906d3	fdiv.s	f13,f18,f2	 f18:0x7fc00000  f2:0x7fc00000 f13=0x7fc00000
     442305.000 ns	     44229	8000961c	0074fc53	fadd.s	f24,f9,f7	  f9:0x7fc00000  f7:0x4f000410 f24=0x7fc00000
     442325.000 ns	     44231	80009620	0188d013	srli	x0,x17,0x18	 x17:0xec531828
     442345.000 ns	     44233	80009624	a1028c53	fle.s	x24,f5,f16	  f5:0x7fc00000 f16:0x80000000 x24=0x00000000
     442365.000 ns	     44235	80009628	014d5613	srli	x12,x26,0x14	 x26:0x00000000 x12=0x00000000
     442725.000 ns	     44271	8000962c	03fae3b3	rem	x7,x21,x31	 x21:0x0000aa70 x31:0x05538000  x7=0x0000aa70
     442745.000 ns	     44273	80009630	01a55e13	srli	x28,x10,0x1a	 x10:0x00000000 x28=0x00000000
     442765.000 ns	     44275	80009634	a0222053	feq.s	x0,f4,f2	  f4:0x00000000  f2:0x7fc00000
     442785.000 ns	     44277	80009638	5b1a8e13	addi	x28,x21,1457	 x21:0x0000aa70 x28=0x0000b021
     442825.000 ns	     44281	8000963c	001ac553	fadd.s	f10,f21,f1	 f21:0x4f7fffff  f1:0x441e0000 f10=0x4f800000
     442855.000 ns	     44284	80009640	03afd833	divu	x16,x31,x26	 x31:0x05538000 x26:0x00000000 x16=0xffffffff
     442875.000 ns	     44286	80009644	01836e33	or	x28,x6,x24	  x6:0x80041024 x24:0x00000000 x28=0x80041024
     442905.000 ns	     44289	80009648	117586d3	fmul.s	f13,f11,f23	 f11:0x7f800000 f23:0x7fc00000 f13=0x7fc00000
     442935.000 ns	     44292	8000964c	022b0633	mul	x12,x22,x2	 x22:0x00000000  x2:0x7fffffff x12=0x00000000
     442965.000 ns	     44295	80009650	a05014d3	flt.s	x9,f0,f5	  f0:0x441e0000  f5:0x7fc00000  x9=0x00000000
     442995.000 ns	     44298	80009654	20bc0b53	fsgnj.s	f22,f24,f11	 f24:0x7fc00000 f11:0x7f800000 f22=0x7fc00000
     443025.000 ns	     44301	80009658	f00005d3	fmv.w.x	f11,x0	  x0:0x00000000 f11=0x00000000
     443055.000 ns	     44304	8000965c	024e8233	mul	x4,x29,x4	 x29:0x80040c40  x4:0x00000278  x4=0x09fe3e00
     443085.000 ns	     44307	80009660	c01d4553	fcvt.wu.s	x10,f26	 f26:0x441e0000 x10=0x00000278
     443105.000 ns	     44309	80009664	011c1293	slli	x5,x24,0x11	 x24:0x00000000  x5=0x00000000
     443125.000 ns	     44311	80009668	d00429d3	fcvt.s.w	f19,x8	  x8:0x0000039b f19=0x4466c000
     443155.000 ns	     44314	8000966c	206415d3	fsgnjn.s	f11,f8,f6	  f8:0x00000000  f6:0x4f7fffff f11=0x80000000
     443175.000 ns	     44316	80009670	ec5fc613	xori	x12,x31,-315	 x31:0x05538000 x12=0xfaac7ec5
     443195.000 ns	     44318	80009674	03ab54b3	divu	x9,x22,x26	 x22:0x00000000 x26:0x00000000  x9=0xffffffff
     443225.000 ns	     44321	80009678	c00ff9d3	fcvt.w.s	x19,f31	 f31:0x4af7cd9e x19=0x007be6cf
     443255.000 ns	     44324	8000967c	e00a14d3	fclass.s	x9,f20	 f20:0x00000000  x9=0x00000010
     443275.000 ns	     44326	80009680	792b6c13	ori	x24,x22,1938	 x22:0x00000000 x24=0x00000792
     443285.000 ns	     44327	80009684	980c1697	auipc	x13,0x980c1	 x13=0x180ca684
     443305.000 ns	     44329	80009688	a1f4a9d3	feq.s	x19,f9,f31	  f9:0x7fc00000 f31:0x4af7cd9e x19=0x00000000
     443325.000 ns	     44331	8000968c	017bcd33	xor	x26,x23,x23	 x23:0x3249fe00 x23:0x3249fe00 x26=0x00000000
     443345.000 ns	     44333	80009690	036d00b3	mul	x1,x26,x22	 x26:0x00000000 x22:0x00000000  x1=0x00000000
     443375.000 ns	     44336	80009694	d00b73d3	fcvt.s.w	f7,x22	 x22:0x00000000  f7=0x00000000
     443405.000 ns	     44339	80009698	03d70cb3	mul	x25,x14,x29	 x14:0x00000000 x29:0x80040c40 x25=0x00000000
     443435.000 ns	     44342	8000969c	03e91bb3	mulh	x23,x18,x30	 x18:0x80040fe4 x30:0xec5313c0 x23=0x09d62633
     443465.000 ns	     44345	800096a0	0393ccb3	div	x25,x7,x25	  x7:0x0000aa70 x25:0x00000000 x25=0xffffffff
     443495.000 ns	     44348	800096a4	a0b5add3	feq.s	x27,f11,f11	 f11:0x80000000 f11:0x80000000 x27=0x00000001
     443525.000 ns	     44351	800096a8	033c2d33	mulhsu	x26,x24,x19	 x24:0x00000792 x19:0x00000000 x26=0x00000000
     443555.000 ns	     44354	800096ac	f0030ed3	fmv.w.x	f29,x6	  x6:0x80041024 f29=0x80041024
     443605.000 ns	     44359	800096b0	004e1953	fadd.s	f18,f28,f4	 f28:0xcfdf5c96  f4:0x00000000 f18=0xcfdf5c96
     444785.000 ns	     44477	800096b4	5800fdd3	fsqrt.s	f27,f1	  f1:0x441e0000 f27=0x415f7188
     444815.000 ns	     44480	800096b8	03b32cb3	mulhsu	x25,x6,x27	  x6:0x80041024 x27:0x00000001 x25=0xffffffff
     444835.000 ns	     44482	800096bc	00e0e9b3	or	x19,x1,x14	  x1:0x00000000 x14:0x00000000 x19=0x00000000
     444855.000 ns	     44484	800096c0	e0088bd3	fmv.x.w	x23,f17	 f17:0x4f6c5314 x23=0x4f6c5314
     444885.000 ns	     44487	800096c4	c004f553	fcvt.w.s	x10,f9	  f9:0x7fc00000 x10=0x7fffffff
     444935.000 ns	     44492	800096c8	00d2c2d3	fadd.s	f5,f5,f13	  f5:0x7fc00000 f13:0x7fc00000  f5=0x7fc00000
     444955.000 ns	     44494	800096cc	72e54f93	xori	x31,x10,1838	 x10:0x7fffffff x31=0x7ffff8d1
     444965.000 ns	     44495	800096d0	0085beb3	sltu	x29,x11,x8	 x11:0x00000468  x8:0x0000039b x29=0x00000000
     444975.000 ns	     44496	800096d4	e62cda17	auipc	x20,0xe62cd	 x20=0x662d66d4
     445005.000 ns	     44499	800096d8	187a7153	fdiv.s	f2,f20,f7	 f20:0x00000000  f7:0x00000000  f2=0x7fc00000
     445035.000 ns	     44502	800096dc	a1dc9c53	flt.s	x24,f25,f29	 f25:0xec531828 f29:0x80041024 x24=0x00000001
     445055.000 ns	     44504	800096e0	01b69d13	slli	x26,x13,0x1b	 x13:0x180ca684 x26=0x20000000
     445075.000 ns	     44506	800096e4	03e8b7b3	mulhu	x15,x17,x30	 x17:0xec531828 x30:0xec5313c0 x15=0xda294b71
     445105.000 ns	     44509	800096e8	d0153553	fcvt.s.wu	f10,x10	 x10:0x7fffffff f10=0x4f000000
     445475.000 ns	     44546	800096ec	029b6c33	rem	x24,x22,x9	 x22:0x00000000  x9:0x00000010 x24=0x00000000
     445495.000 ns	     44548	800096f0	00ec9713	slli	x14,x25,0xe	 x25:0xffffffff x14=0xffffc000
     445515.000 ns	     44550	800096f4	034c9633	mulh	x12,x25,x20	 x25:0xffffffff x20:0x662d66d4 x12=0xffffffff
     445535.000 ns	     44552	800096f8	016cc6b3	xor	x13,x25,x22	 x25:0xffffffff x22:0x00000000 x13=0xffffffff
     445545.000 ns	     44553	800096fc	006af837	lui	x16,0x6af	 x16=0x006af000
     445905.000 ns	     44589	80009700	03c353b3	divu	x7,x6,x28	  x6:0x80041024 x28:0x80041024  x7=0x00000001
     445935.000 ns	     44592	80009704	03dcc733	div	x14,x25,x29	 x25:0xffffffff x29:0x00000000 x14=0xffffffff
     445955.000 ns	     44594	80009708	00c03eb3	sltu	x29,x0,x12	  x0:0x00000000 x12:0xffffffff x29=0x00000001
     445975.000 ns	     44596	8000970c	29aa17d3	fmax.s	f15,f20,f26	 f20:0x00000000 f26:0x441e0000 f15=0x441e0000
     446005.000 ns	     44599	80009710	a1458153	fle.s	x2,f11,f20	 f11:0x80000000 f20:0x00000000  x2=0x00000001
     446035.000 ns	     44602	80009714	a1aa87d3	fle.s	x15,f21,f26	 f21:0x4f7fffff f26:0x441e0000 x15=0x00000000
     446065.000 ns	     44605	80009718	e00a8753	fmv.x.w	x14,f21	 f21:0x4f7fffff x14=0x4f7fffff
     446085.000 ns	     44607	8000971c	005190b3	sll	x1,x3,x5	  x3:0x000005c3  x5:0x00000000  x1=0x000005c3
     446095.000 ns	     44608	80009720	dd462b13	slti	x22,x12,-556	 x12:0xffffffff x22=0x00000000
     446115.000 ns	     44610	80009724	c01c49d3	fcvt.wu.s	x19,f24	 f24:0x7fc00000 x19=0xffffffff
     446135.000 ns	     44612	80009728	003f16b3	sll	x13,x30,x3	 x30:0xec5313c0  x3:0x000005c3 x13=0x62989e00
     446155.000 ns	     44614	8000972c	038b1cb3	mulh	x25,x22,x24	 x22:0x00000000 x24:0x00000000 x25=0x00000000
     446175.000 ns	     44616	80009730	007549b3	xor	x19,x10,x7	 x10:0x7fffffff  x7:0x00000001 x19=0x7ffffffe
     446535.000 ns	     44652	80009734	024cccb3	div	x25,x25,x4	 x25:0x00000000  x4:0x09fe3e00 x25=0x00000000
     446585.000 ns	     44657	80009738	00bff6d3	fadd.s	f13,f31,f11	 f31:0x4af7cd9e f11:0x80000000 f13=0x4af7cd9e
     446615.000 ns	     44660	8000973c	a0a489d3	fle.s	x19,f9,f10	  f9:0x7fc00000 f10:0x4f000000 x19=0x00000000
     446645.000 ns	     44663	80009740	f00c0d53	fmv.w.x	f26,x24	 x24:0x00000000 f26=0x00000000
     446685.000 ns	     44667	80009744	19e64c53	fdiv.s	f24,f12,f30	 f12:0xcaf7cd9e f30:0x00000000 f24=0xff800000
     446705.000 ns	     44669	80009748	40fe5f93	srai	x31,x28,0xf	 x28:0x80041024 x31=0xffff0008
     446725.000 ns	     44671	8000974c	29be0753	fmin.s	f14,f28,f27	 f28:0xcfdf5c96 f27:0x415f7188 f14=0xcfdf5c96
     446765.000 ns	     44675	80009750	1036f3d3	fmul.s	f7,f13,f3	 f13:0x4af7cd9e  f3:0xff800000  f7=0xff800000
     446795.000 ns	     44678	80009754	212f8953	fsgnj.s	f18,f31,f18	 f31:0x4af7cd9e f18:0xcfdf5c96 f18=0xcaf7cd9e
     446825.000 ns	     44681	80009758	e00f8753	fmv.x.w	x14,f31	 f31:0x4af7cd9e x14=0x4af7cd9e
     446845.000 ns	     44683	8000975c	000ffeb3	and	x29,x31,x0	 x31:0xffff0008  x0:0x00000000 x29=0x00000000
     446875.000 ns	     44686	80009760	10e47753	fmul.s	f14,f8,f14	  f8:0x00000000 f14:0xcfdf5c96 f14=0x80000000
     446895.000 ns	     44688	80009764	477e7393	andi	x7,x28,1143	 x28:0x80041024  x7=0x00000024
     446905.000 ns	     44689	80009768	9bd2ec13	ori	x24,x5,-1603	  x5:0x00000000 x24=0xfffff9bd
     446915.000 ns	     44690	8000976c	00fd11b3	sll	x3,x26,x15	 x26:0x20000000 x15:0x00000000  x3=0x20000000
     446925.000 ns	     44691	80009770	f4988193	addi	x3,x17,-183	 x17:0xec531828  x3=0xec531771
     446945.000 ns	     44693	80009774	03ee3533	mulhu	x10,x28,x30	 x28:0x80041024 x30:0xec5313c0 x10=0x762d4a12
     446975.000 ns	     44696	80009778	29961653	fmax.s	f12,f12,f25	 f12:0xcaf7cd9e f25:0xec531828 f12=0xcaf7cd9e
     447005.000 ns	     44699	8000977c	287c1653	fmax.s	f12,f24,f7	 f24:0xff800000  f7:0xff800000 f12=0xff800000
     447035.000 ns	     44702	80009780	21272d53	fsgnjx.s	f26,f14,f18	 f14:0x80000000 f18:0xcaf7cd9e f26=0x00000000
     447075.000 ns	     44706	80009784	10f075d3	fmul.s	f11,f0,f15	  f0:0x441e0000 f15:0x441e0000 f11=0x48c30800
     447445.000 ns	     44743	80009788	022de433	rem	x8,x27,x2	 x27:0x00000001  x2:0x00000001  x8=0x00000000
     447485.000 ns	     44747	8000978c	10010c53	fmul.s	f24,f2,f0	  f2:0x7fc00000  f0:0x441e0000 f24=0x7fc00000
     447515.000 ns	     44750	80009790	02fcc133	div	x2,x25,x15	 x25:0x00000000 x15:0x00000000  x2=0xffffffff
     447545.000 ns	     44753	80009794	a19782d3	fle.s	x5,f15,f25	 f15:0x441e0000 f25:0xec531828  x5=0x00000000
     447585.000 ns	     44757	80009798	113a14d3	fmul.s	f9,f20,f19	 f20:0x00000000 f19:0x4466c000  f9=0x00000000
     447605.000 ns	     44759	8000979c	01cd1c93	slli	x25,x26,0x1c	 x26:0x20000000 x25=0x00000000
     447935.000 ns	     44792	800097a0	199976d3	fdiv.s	f13,f18,f25	 f18:0xcaf7cd9e f25:0xec531828 f13=0x1df7cd9e
     447955.000 ns	     44794	800097a4	0037e4b3	or	x9,x15,x3	 x15:0x00000000  x3:0xec531771  x9=0xec531771
     447995.000 ns	     44798	800097a8	00a79dd3	fadd.s	f27,f15,f10	 f15:0x441e0000 f10:0x4f000000 f27=0x4f000002
     448015.000 ns	     44800	800097ac	0107ed33	or	x26,x15,x16	 x15:0x00000000 x16:0x006af000 x26=0x006af000
     448025.000 ns	     44801	800097b0	41075e93	srai	x29,x14,0x10	 x14:0x4af7cd9e x29=0x00004af7
     448035.000 ns	     44802	800097b4	8bcf9837	lui	x16,0x8bcf9	 x16=0x8bcf9000
     448055.000 ns	     44804	800097b8	037a9433	mulh	x8,x21,x23	 x21:0x0000aa70 x23:0x4f6c5314  x8=0x000034e0
     448085.000 ns	     44807	800097bc	033ed5b3	divu	x11,x29,x19	 x29:0x00004af7 x19:0x00000000 x11=0xffffffff
     448115.000 ns	     44810	800097c0	038cb633	mulhu	x12,x25,x24	 x25:0x00000000 x24:0xfffff9bd x12=0x00000000
     448135.000 ns	     44812	800097c4	413dd1b3	sra	x3,x27,x19	 x27:0x00000001 x19:0x00000000  x3=0x00000001
     448145.000 ns	     44813	800097c8	01439d33	sll	x26,x7,x20	  x7:0x00000024 x20:0x662d66d4 x26=0x02400000
     448165.000 ns	     44815	800097cc	216b9c53	fsgnjn.s	f24,f23,f22	 f23:0x7fc00000 f22:0x7fc00000 f24=0xffc00000
     448535.000 ns	     44852	800097d0	03cdffb3	remu	x31,x27,x28	 x27:0x00000001 x28:0x80041024 x31=0x00000001
     448575.000 ns	     44856	800097d4	11194353	fmul.s	f6,f18,f17	 f18:0xcaf7cd9e f17:0x4f6c5314  f6=0xdae4c1f9
     448605.000 ns	     44859	800097d8	206f01d3	fsgnj.s	f3,f30,f6	 f30:0x00000000  f6:0x4f7fffff  f3=0x80000000
     448625.000 ns	     44861	800097dc	00e357b3	srl	x15,x6,x14	  x6:0x80041024 x14:0x4af7cd9e x15=0x00000002
     448645.000 ns	     44863	800097e0	a1d5a9d3	feq.s	x19,f11,f29	 f11:0x48c30800 f29:0x80041024 x19=0x00000000
     448665.000 ns	     44865	800097e4	0108de13	srli	x28,x17,0x10	 x17:0xec531828 x28=0x0000ec53
     448675.000 ns	     44866	800097e8	010dcb33	xor	x22,x27,x16	 x27:0x00000001 x16:0x8bcf9000 x22=0x8bcf9001
     448685.000 ns	     44867	800097ec	00479bb3	sll	x23,x15,x4	 x15:0x00000002  x4:0x09fe3e00 x23=0x00000002
     448695.000 ns	     44868	800097f0	003d5013	srli	x0,x26,0x3	 x26:0x02400000
     448705.000 ns	     44869	800097f4	68c38613	addi	x12,x7,1676	  x7:0x00000024 x12=0x000006b0
     448725.000 ns	     44871	800097f8	e0071c53	fclass.s	x24,f14	 f14:0x80000000 x24=0x00000008
     448755.000 ns	     44874	800097fc	c01acc53	fcvt.wu.s	x24,f21	 f21:0x4f7fffff x24=0xffffff00
     448775.000 ns	     44876	80009800	01ff07b3	add	x15,x30,x31	 x30:0xec5313c0 x31:0x00000001 x15=0xec5313c1
     448785.000 ns	     44877	80009804	94c8ad93	slti	x27,x17,-1716	 x17:0xec531828 x27=0x00000001
     448795.000 ns	     44878	80009808	9587a593	slti	x11,x15,-1704	 x15:0x00000002 x11=0x00000001
     448805.000 ns	     44879	8000980c	4170d113	srai	x2,x1,0x17	  x1:0x000005c3  x2=0x00000000
     448825.000 ns	     44881	80009810	c01a8dd3	fcvt.wu.s	x27,f21	 f21:0x4f7fffff x27=0xffffff00
     448855.000 ns	     44884	80009814	d01c3e53	fcvt.s.wu	f28,x24	 x24:0xffffff00 f28=0x4f7fffff
     448885.000 ns	     44887	80009818	211e9353	fsgnjn.s	f6,f29,f17	 f29:0x80041024 f17:0x4f6c5314  f6=0x80041024
     448915.000 ns	     44890	8000981c	d00f21d3	fcvt.s.w	f3,x30	 x30:0xec5313c0  f3=0xcd9d6762
     448935.000 ns	     44892	80009820	40db84b3	sub	x9,x23,x13	 x23:0x00000002 x13:0x62989e00  x9=0x9d676202
     448945.000 ns	     44893	80009824	f2bdf193	andi	x3,x27,-213	 x27:0xffffff00  x3=0xffffff00
     448975.000 ns	     44896	80009828	10a61e53	fmul.s	f28,f12,f10	 f12:0xff800000 f10:0x4f000000 f28=0xff800000
     449025.000 ns	     44901	8000982c	08fcb753	fsub.s	f14,f25,f15	 f25:0xec531828 f15:0x441e0000 f14=0xec531828
     449395.000 ns	     44938	80009830	038a7633	remu	x12,x20,x24	 x20:0x662d66d4 x24:0xffffff00 x12=0x662d66d4
     449415.000 ns	     44940	80009834	a0c1bb93	sltiu	x23,x3,-1524	  x3:0xffffff00 x23=0x00000000
     449775.000 ns	     44976	80009838	03aa6cb3	rem	x25,x20,x26	 x20:0x662d66d4 x26:0x02400000 x25=0x00ed66d4
     449805.000 ns	     44979	8000983c	02c6bcb3	mulhu	x25,x13,x12	 x13:0x62989e00 x12:0x662d66d4 x25=0x275a4b62
     449835.000 ns	     44982	80009840	e00282d3	fmv.x.w	x5,f5	  f5:0x7fc00000  x5=0x7fc00000
     449865.000 ns	     44985	80009844	21701453	fsgnjn.s	f8,f0,f23	  f0:0x441e0000 f23:0x7fc00000  f8=0xc41e0000
     449885.000 ns	     44987	80009848	384d0e17	auipc	x28,0x384d0	 x28=0xb84d9848
     449905.000 ns	     44989	8000984c	e0081c53	fclass.s	x24,f16	 f16:0x80000000 x24=0x00000008
     449945.000 ns	     44993	80009850	19f678d3	fdiv.s	f17,f12,f31	 f12:0xff800000 f31:0x4af7cd9e f17=0xff800000
     449965.000 ns	     44995	80009854	019ddb33	srl	x22,x27,x25	 x27:0xffffff00 x25:0x275a4b62 x22=0x3fffffc0
     449975.000 ns	     44996	80009858	fa892193	slti	x3,x18,-88	 x18:0x80040fe4  x3=0x00000001
     450335.000 ns	     45032	8000985c	03b7f4b3	remu	x9,x15,x27	 x15:0xec5313c1 x27:0xffffff00  x9=0xec5313c1
     450355.000 ns	     45034	80009860	4009dc33	sra	x24,x19,x0	 x19:0x00000000  x0:0x00000000 x24=0x00000000
     450365.000 ns	     45035	80009864	24a16697	auipc	x13,0x24a16	 x13=0xa4a1f864
     450385.000 ns	     45037	80009868	21a6a253	fsgnjx.s	f4,f13,f26	 f13:0x1df7cd9e f26:0x00000000  f4=0x1df7cd9e
     450405.000 ns	     45039	8000986c	01cdda13	srli	x20,x27,0x1c	 x27:0xffffff00 x20=0x0000000f
     450425.000 ns	     45041	80009870	283418d3	fmax.s	f17,f8,f3	  f8:0xc41e0000  f3:0xcd9d6762 f17=0xc41e0000
     450445.000 ns	     45043	80009874	419dd893	srai	x17,x27,0x19	 x27:0xffffff00 x17=0xffffffff
     450455.000 ns	     45044	80009878	41108d33	sub	x26,x1,x17	  x1:0x000005c3 x17:0xec531828 x26=0x000005c4
     450465.000 ns	     45045	8000987c	006a4c33	xor	x24,x20,x6	 x20:0x0000000f  x6:0x80041024 x24=0x8004102b
     450485.000 ns	     45047	80009880	a00f9653	flt.s	x12,f31,f0	 f31:0x4af7cd9e  f0:0x441e0000 x12=0x00000000
     450505.000 ns	     45049	80009884	017609b3	add	x19,x12,x23	 x12:0x662d66d4 x23:0x00000000 x19=0x00000000
     450515.000 ns	     45050	80009888	0169ec33	or	x24,x19,x22	 x19:0x00000000 x22:0x3fffffc0 x24=0x3fffffc0
     450525.000 ns	     45051	8000988c	0154f7b3	and	x15,x9,x21	  x9:0xec5313c1 x21:0x0000aa70 x15=0x00000240
     450535.000 ns	     45052	80009890	ccd86237	lui	x4,0xccd86	  x4=0xccd86000
     450555.000 ns	     45054	80009894	d0007e53	fcvt.s.w	f28,x0	  x0:0x00000000 f28=0x00000000
     450575.000 ns	     45056	80009898	41410bb3	sub	x23,x2,x20	  x2:0x00000000 x20:0x0000000f x23=0xfffffff1
     450585.000 ns	     45057	8000989c	9f6fba93	sltiu	x21,x31,-1546	 x31:0x00000001 x21=0x00000001
     450595.000 ns	     45058	800098a0	00ac94b3	sll	x9,x25,x10	 x25:0x275a4b62 x10:0x762d4a12  x9=0x2d880000
     450605.000 ns	     45059	800098a4	1a9d4113	xori	x2,x26,425	 x26:0x000005c4  x2=0x0000046d
     450625.000 ns	     45061	800098a8	218782d3	fsgnj.s	f5,f15,f24	 f15:0x441e0000 f24:0xffc00000  f5=0xc41e0000
     450655.000 ns	     45064	800098ac	2136a9d3	fsgnjx.s	f19,f13,f19	 f13:0x1df7cd9e f19:0x4466c000 f19=0x1df7cd9e
     450685.000 ns	     45067	800098b0	a12388d3	fle.s	x17,f7,f18	  f7:0xff800000 f18:0xcaf7cd9e x17=0x00000001
     450725.000 ns	     45071	800098b4	10398f53	fmul.s	f30,f19,f3	 f19:0x1df7cd9e  f3:0xcd9d6762 f30=0xac185d2c
     450755.000 ns	     45074	800098b8	d009a9d3	fcvt.s.w	f19,x19	 x19:0x00000000 f19=0x00000000
     450805.000 ns	     45079	800098bc	093df9d3	fsub.s	f19,f27,f19	 f27:0x4f000002 f19:0x1df7cd9e f19=0x4f000002
     450825.000 ns	     45081	800098c0	0087da33	srl	x20,x15,x8	 x15:0x00000240  x8:0x000034e0 x20=0x00000240
     450835.000 ns	     45082	800098c4	1cc92093	slti	x1,x18,460	 x18:0x80040fe4  x1=0x00000001
     450855.000 ns	     45084	800098c8	03d836b3	mulhu	x13,x16,x29	 x16:0x8bcf9000 x29:0x00004af7 x13=0x000028f0
     450875.000 ns	     45086	800098cc	00e9d633	srl	x12,x19,x14	 x19:0x00000000 x14:0x4af7cd9e x12=0x00000000
     451205.000 ns	     45119	800098d0	193308d3	fdiv.s	f17,f6,f19	  f6:0x80041024 f19:0x4f000002 f17=0x80000000
     451235.000 ns	     45122	800098d4	e0061a53	fclass.s	x20,f12	 f12:0xff800000 x20=0x00000001
     451275.000 ns	     45126	800098d8	196241d3	fdiv.s	f3,f4,f22	  f4:0x1df7cd9e f22:0x7fc00000  f3=0x7fc00000
     451305.000 ns	     45129	800098dc	0300b433	mulhu	x8,x1,x16	  x1:0x00000001 x16:0x8bcf9000  x8=0x00000000
     451325.000 ns	     45131	800098e0	40ffd713	srai	x14,x31,0xf	 x31:0x00000001 x14=0x00000000
     451345.000 ns	     45133	800098e4	28789fd3	fmax.s	f31,f17,f7	 f17:0x80000000  f7:0xff800000 f31=0x80000000
     451365.000 ns	     45135	800098e8	40a8de13	srai	x28,x17,0xa	 x17:0x00000001 x28=0x00000000
     451375.000 ns	     45136	800098ec	fd4a6193	ori	x3,x20,-44	 x20:0x00000001  x3=0xffffffd5
     451395.000 ns	     45138	800098f0	a149a853	feq.s	x16,f19,f20	 f19:0x4f000002 f20:0x00000000 x16=0x00000000
     451425.000 ns	     45141	800098f4	f00583d3	fmv.w.x	f7,x11	 x11:0x00000001  f7=0x00000001
     451795.000 ns	     45178	800098f8	039677b3	remu	x15,x12,x25	 x12:0x00000000 x25:0x275a4b62 x15=0x00000000
     451815.000 ns	     45180	800098fc	00000013	addi	x0,x0,0	  x0:0x00000000
     451835.000 ns	     45182	80009900	a00c1d53	flt.s	x26,f24,f0	 f24:0xffc00000  f0:0x441e0000 x26=0x00000000
     451855.000 ns	     45184	80009904	cc7c6493	ori	x9,x24,-825	 x24:0x3fffffc0  x9=0xffffffc7
     451885.000 ns	     45187	80009908	580d7e53	fsqrt.s	f28,f26	 f26:0x00000000 f28=0x00000000
     451905.000 ns	     45189	8000990c	01b6ce33	xor	x28,x13,x27	 x13:0x000028f0 x27:0xffffff00 x28=0xffffd7f0
     451915.000 ns	     45190	80009910	00cc92b3	sll	x5,x25,x12	 x25:0x275a4b62 x12:0x00000000  x5=0x275a4b62
     451935.000 ns	     45192	80009914	020715b3	mulh	x11,x14,x0	 x14:0x00000000  x0:0x00000000 x11=0x00000000
     451955.000 ns	     45194	80009918	006e9d13	slli	x26,x29,0x6	 x29:0x00004af7 x26=0x0012bdc0
     451995.000 ns	     45198	8000991c	09672ad3	fsub.s	f21,f14,f22	 f14:0xec531828 f22:0x7fc00000 f21=0x7fc00000
     452025.000 ns	     45201	80009920	e00c8c53	fmv.x.w	x24,f25	 f25:0xec531828 x24=0xec531828
     452075.000 ns	     45206	80009924	0097bad3	fadd.s	f21,f15,f9	 f15:0x441e0000  f9:0x00000000 f21=0x441e0000
     452105.000 ns	     45209	80009928	f0040dd3	fmv.w.x	f27,x8	  x8:0x00000000 f27=0x00000000
     452475.000 ns	     45246	8000992c	02d57833	remu	x16,x10,x13	 x10:0x762d4a12 x13:0x000028f0 x16=0x00002832
     452505.000 ns	     45249	80009930	210a27d3	fsgnjx.s	f15,f20,f16	 f20:0x00000000 f16:0x80000000 f15=0x80000000
     452535.000 ns	     45252	80009934	298b8d53	fmin.s	f26,f23,f24	 f23:0x7fc00000 f24:0xffc00000 f26=0x7fc00000
     452585.000 ns	     45257	80009938	09622d53	fsub.s	f26,f4,f22	  f4:0x1df7cd9e f22:0x7fc00000 f26=0x7fc00000
     452955.000 ns	     45294	8000993c	03af62b3	rem	x5,x30,x26	 x30:0xec5313c0 x26:0x0012bdc0  x5=0xfff1b8c0
     452985.000 ns	     45297	80009940	e0010753	fmv.x.w	x14,f2	  f2:0x7fc00000 x14=0x7fc00000
     453015.000 ns	     45300	80009944	d00970d3	fcvt.s.w	f1,x18	 x18:0x80040fe4  f1=0xcefff7e0
     453035.000 ns	     45302	80009948	00b02db3	slt	x27,x0,x11	  x0:0x00000000 x11:0x00000000 x27=0x00000000
     453045.000 ns	     45303	8000994c	41595413	srai	x8,x18,0x15	 x18:0x80040fe4  x8=0xfffffc00
     453065.000 ns	     45305	80009950	21a1a3d3	fsgnjx.s	f7,f3,f26	  f3:0x7fc00000 f26:0x7fc00000  f7=0x7fc00000
     453115.000 ns	     45310	80009954	011df753	fadd.s	f14,f27,f17	 f27:0x00000000 f17:0x80000000 f14=0x80000000
     453135.000 ns	     45312	80009958	00e9bb33	sltu	x22,x19,x14	 x19:0x00000000 x14:0x7fc00000 x22=0x00000001
     453155.000 ns	     45314	8000995c	a0190153	fle.s	x2,f18,f1	 f18:0xcaf7cd9e  f1:0xcefff7e0  x2=0x00000000
     453185.000 ns	     45317	80009960	025b83b3	mul	x7,x23,x5	 x23:0xfffffff1  x5:0xfff1b8c0  x7=0x00d62cc0
     453215.000 ns	     45320	80009964	a0731653	flt.s	x12,f6,f7	  f6:0x80041024  f7:0x7fc00000 x12=0x00000000
     453235.000 ns	     45322	80009968	41c7d993	srai	x19,x15,0x1c	 x15:0x00000000 x19=0x00000000
     453245.000 ns	     45323	8000996c	524a8f93	addi	x31,x21,1316	 x21:0x00000001 x31=0x00000525
     453255.000 ns	     45324	80009970	6260fa93	andi	x21,x1,1574	  x1:0x00000001 x21=0x00000000
     453265.000 ns	     45325	80009974	005b1733	sll	x14,x22,x5	 x22:0x00000001  x5:0xfff1b8c0 x14=0x00000001
     453285.000 ns	     45327	80009978	a0b4a853	feq.s	x16,f9,f11	  f9:0x00000000 f11:0x48c30800 x16=0x00000000
     453305.000 ns	     45329	8000997c	0149a033	slt	x0,x19,x20	 x19:0x00000000 x20:0x00000001
     453315.000 ns	     45330	80009980	01aee4b3	or	x9,x29,x26	 x29:0x00004af7 x26:0x0012bdc0  x9=0x0012fff7
     453335.000 ns	     45332	80009984	02f309b3	mul	x19,x6,x15	  x6:0x80041024 x15:0x00000000 x19=0x00000000
     453355.000 ns	     45334	80009988	008e0233	add	x4,x28,x8	 x28:0xffffd7f0  x8:0xfffffc00  x4=0xffffd3f0
     453375.000 ns	     45336	8000998c	290c87d3	fmin.s	f15,f25,f16	 f25:0xec531828 f16:0x80000000 f15=0xec531828
     453405.000 ns	     45339	80009990	d0197853	fcvt.s.wu	f16,x18	 x18:0x80040fe4 f16=0x4f00040f
     453425.000 ns	     45341	80009994	b9e56393	ori	x7,x10,-1122	 x10:0x762d4a12  x7=0xfffffb9e
     453435.000 ns	     45342	80009998	00c60133	add	x2,x12,x12	 x12:0x00000000 x12:0x00000000  x2=0x00000000
     454605.000 ns	     45459	8000999c	5809f453	fsqrt.s	f8,f19	 f19:0x4f000002  f8=0x46b50483
     454975.000 ns	     45496	800099a0	027ce233	rem	x4,x25,x7	 x25:0x275a4b62  x7:0xfffffb9e  x4=0x00000194
     455005.000 ns	     45499	800099a4	0330a133	mulhsu	x2,x1,x19	  x1:0x00000001 x19:0x00000000  x2=0x00000000
     455055.000 ns	     45504	800099a8	00492e53	fadd.s	f28,f18,f4	 f18:0xcaf7cd9e  f4:0x1df7cd9e f28=0xcaf7cd9e
     455075.000 ns	     45506	800099ac	003a1033	sll	x0,x20,x3	 x20:0x00000001  x3:0xffffffd5
     455085.000 ns	     45507	800099b0	01406e33	or	x28,x0,x20	  x0:0x00000000 x20:0x00000001 x28=0x00000001
     455105.000 ns	     45509	800099b4	20958dd3	fsgnj.s	f27,f11,f9	 f11:0x48c30800  f9:0x00000000 f27=0x48c30800
     455145.000 ns	     45513	800099b8	10f41dd3	fmul.s	f27,f8,f15	  f8:0x46b50483 f15:0xec531828 f27=0xf39543cc
     455175.000 ns	     45516	800099bc	e00e0ad3	fmv.x.w	x21,f28	 f28:0xcaf7cd9e x21=0xcaf7cd9e
     455545.000 ns	     45553	800099c0	027173b3	remu	x7,x2,x7	  x2:0x00000000  x7:0xfffffb9e  x7=0x00000000
     455575.000 ns	     45556	800099c4	c00d3d53	fcvt.w.s	x26,f26	 f26:0x7fc00000 x26=0x7fffffff
     455595.000 ns	     45558	800099c8	008f1e33	sll	x28,x30,x8	 x30:0xec5313c0  x8:0xfffffc00 x28=0xec5313c0
     455615.000 ns	     45560	800099cc	e0041e53	fclass.s	x28,f8	  f8:0x46b50483 x28=0x00000040
     455635.000 ns	     45562	800099d0	b4eadb37	lui	x22,0xb4ead	 x22=0xb4ead000
     455645.000 ns	     45563	800099d4	41cc8b33	sub	x22,x25,x28	 x25:0x275a4b62 x28:0x00000040 x22=0x275a4b22
     455665.000 ns	     45565	800099d8	a061a1d3	feq.s	x3,f3,f6	  f3:0x7fc00000  f6:0x80041024  x3=0x00000000
     455695.000 ns	     45568	800099dc	e00111d3	fclass.s	x3,f2	  f2:0x7fc00000  x3=0x00000200
     455725.000 ns	     45571	800099e0	a0b51c53	flt.s	x24,f10,f11	 f10:0x4f000000 f11:0x48c30800 x24=0x00000000
     455755.000 ns	     45574	800099e4	e00e1cd3	fclass.s	x25,f28	 f28:0xcaf7cd9e x25=0x00000002
     455775.000 ns	     45576	800099e8	f1dcd537	lui	x10,0xf1dcd	 x10=0xf1dcd000
     455815.000 ns	     45580	800099ec	080e09d3	fsub.s	f19,f28,f0	 f28:0xcaf7cd9e  f0:0x441e0000 f19=0xcaf7d28e
     455845.000 ns	     45583	800099f0	21c69bd3	fsgnjn.s	f23,f13,f28	 f13:0x1df7cd9e f28:0xcaf7cd9e f23=0x1df7cd9e
     455875.000 ns	     45586	800099f4	03896ab3	rem	x21,x18,x24	 x18:0x80040fe4 x24:0x00000000 x21=0x80040fe4
     455895.000 ns	     45588	800099f8	40f65413	srai	x8,x12,0xf	 x12:0x00000000  x8=0x00000000
     455905.000 ns	     45589	800099fc	01bc5a13	srli	x20,x24,0x1b	 x24:0x00000000 x20=0x00000000
     455915.000 ns	     45590	80009a00	00277833	and	x16,x14,x2	 x14:0x00000001  x2:0x00000000 x16=0x00000000
     455935.000 ns	     45592	80009a04	03bf71b3	remu	x3,x30,x27	 x30:0xec5313c0 x27:0x00000000  x3=0xec5313c0
     455955.000 ns	     45594	80009a08	00000013	addi	x0,x0,0	  x0:0x00000000
     455965.000 ns	     45595	80009a0c	7e520293	addi	x5,x4,2021	  x4:0x00000194  x5=0x00000979
     455975.000 ns	     45596	80009a10	4071dd13	srai	x26,x3,0x7	  x3:0xec5313c0 x26=0xffd8a627
     455995.000 ns	     45598	80009a14	c00bad53	fcvt.w.s	x26,f23	 f23:0x1df7cd9e x26=0x00000000
     456025.000 ns	     45601	80009a18	02f11433	mulh	x8,x2,x15	  x2:0x00000000 x15:0x00000000  x8=0x00000000
     456075.000 ns	     45606	80009a1c	017afb53	fadd.s	f22,f21,f23	 f21:0x441e0000 f23:0x1df7cd9e f22=0x441e0000
     456115.000 ns	     45610	80009a20	1024fb53	fmul.s	f22,f9,f2	  f9:0x00000000  f2:0x7fc00000 f22=0x7fc00000
     456155.000 ns	     45614	80009a24	10bcf853	fmul.s	f16,f25,f11	 f25:0xec531828 f11:0x48c30800 f16=0xf5a0d1ff
     456495.000 ns	     45648	80009a28	18fe77d3	fdiv.s	f15,f28,f15	 f28:0xcaf7cd9e f15:0xec531828 f15=0x1df7cd9e
     456525.000 ns	     45651	80009a2c	21a784d3	fsgnj.s	f9,f15,f26	 f15:0xec531828 f26:0x7fc00000  f9=0x1df7cd9e
     456545.000 ns	     45653	80009a30	fb1cf113	andi	x2,x25,-79	 x25:0x00000002  x2=0x00000000
     456565.000 ns	     45655	80009a34	c0107e53	fcvt.wu.s	x28,f0	  f0:0x441e0000 x28=0x00000278
     456595.000 ns	     45658	80009a38	d01473d3	fcvt.s.wu	f7,x8	  x8:0x00000000  f7=0x00000000
     456615.000 ns	     45660	80009a3c	40ea0cb3	sub	x25,x20,x14	 x20:0x00000000 x14:0x00000001 x25=0xffffffff
     456635.000 ns	     45662	80009a40	a1a818d3	flt.s	x17,f16,f26	 f16:0xf5a0d1ff f26:0x7fc00000 x17=0x00000000
     456665.000 ns	     45665	80009a44	e0040253	fmv.x.w	x4,f8	  f8:0x46b50483  x4=0x46b50483
     456695.000 ns	     45668	80009a48	f00409d3	fmv.w.x	f19,x8	  x8:0x00000000 f19=0x00000000
     456715.000 ns	     45670	80009a4c	acd30593	addi	x11,x6,-1331	  x6:0x80041024 x11=0x80040af1
     456755.000 ns	     45674	80009a50	016b7fd3	fadd.s	f31,f22,f22	 f22:0x7fc00000 f22:0x7fc00000 f31=0x7fc00000
     456785.000 ns	     45677	80009a54	028a1433	mulh	x8,x20,x8	 x20:0x00000000  x8:0x00000000  x8=0x00000000
     456815.000 ns	     45680	80009a58	28700c53	fmin.s	f24,f0,f7	  f0:0x441e0000  f7:0x00000000 f24=0x00000000
     456845.000 ns	     45683	80009a5c	d019f1d3	fcvt.s.wu	f3,x19	 x19:0x00000000  f3=0x00000000
     456875.000 ns	     45686	80009a60	d00c72d3	fcvt.s.w	f5,x24	 x24:0x00000000  f5=0x00000000
     456905.000 ns	     45689	80009a64	21438753	fsgnj.s	f14,f7,f20	  f7:0x00000000 f20:0x00000000 f14=0x00000000
     456925.000 ns	     45691	80009a68	3db7e697	auipc	x13,0x3db7e	 x13=0xbdb87a68
     456945.000 ns	     45693	80009a6c	a1179bd3	flt.s	x23,f15,f17	 f15:0x1df7cd9e f17:0x80000000 x23=0x00000000
     456965.000 ns	     45695	80009a70	7656ce93	xori	x29,x13,1893	 x13:0x000028f0 x29=0xbdb87d0d
     456985.000 ns	     45697	80009a74	c005f0d3	fcvt.w.s	x1,f11	 f11:0x48c30800  x1=0x00061840
     457005.000 ns	     45699	80009a78	00192033	slt	x0,x18,x1	 x18:0x80040fe4  x1:0x00000001
     457015.000 ns	     45700	80009a7c	010c3c33	sltu	x24,x24,x16	 x24:0x00000000 x16:0x00000000 x24=0x00000000
     457035.000 ns	     45702	80009a80	03074cb3	div	x25,x14,x16	 x14:0x00000001 x16:0x00000000 x25=0xffffffff
     457065.000 ns	     45705	80009a84	025a1433	mulh	x8,x20,x5	 x20:0x00000000  x5:0x00000979  x8=0x00000000
     457095.000 ns	     45708	80009a88	a1b204d3	fle.s	x9,f4,f27	  f4:0x1df7cd9e f27:0xf39543cc  x9=0x00000000
     457125.000 ns	     45711	80009a8c	e00718d3	fclass.s	x17,f14	 f14:0x00000000 x17=0x00000010
     457155.000 ns	     45714	80009a90	a0a185d3	fle.s	x11,f3,f10	  f3:0x00000000 f10:0x4f000000 x11=0x00000001
     457175.000 ns	     45716	80009a94	e6f8ac37	lui	x24,0xe6f8a	 x24=0xe6f8a000
     457195.000 ns	     45718	80009a98	02c32fb3	mulhsu	x31,x6,x12	  x6:0x80041024 x12:0x00000000 x31=0x00000000
     457215.000 ns	     45720	80009a9c	40f585b3	sub	x11,x11,x15	 x11:0x00000001 x15:0x00000000 x11=0x00000001
     457575.000 ns	     45756	80009aa0	036e50b3	divu	x1,x28,x22	 x28:0x00000278 x22:0x275a4b22  x1=0x00000000
     457615.000 ns	     45760	80009aa4	19777653	fdiv.s	f12,f14,f23	 f14:0x00000000 f23:0x1df7cd9e f12=0x00000000
     457645.000 ns	     45763	80009aa8	c0077bd3	fcvt.w.s	x23,f14	 f14:0x00000000 x23=0x00000000
     457685.000 ns	     45767	80009aac	1047fbd3	fmul.s	f23,f15,f4	 f15:0x1df7cd9e  f4:0x1df7cd9e f23=0x7c6fde6c
     457715.000 ns	     45770	80009ab0	02da29b3	mulhsu	x19,x20,x13	 x20:0x00000000 x13:0xbdb87a68 x19=0x00000000
     457735.000 ns	     45772	80009ab4	0027d813	srli	x16,x15,0x2	 x15:0x00000000 x16=0x00000000
     457745.000 ns	     45773	80009ab8	004b5e93	srli	x29,x22,0x4	 x22:0x275a4b22 x29=0x0275a4b2
     457755.000 ns	     45774	80009abc	e3633993	sltiu	x19,x6,-458	  x6:0x80041024 x19=0x00000001
     457765.000 ns	     45775	80009ac0	fcea4c37	lui	x24,0xfcea4	 x24=0xfcea4000
     457775.000 ns	     45776	80009ac4	007901b3	add	x3,x18,x7	 x18:0x80040fe4  x7:0x00000000  x3=0x80040fe4
     457785.000 ns	     45777	80009ac8	a3840213	addi	x4,x8,-1480	  x8:0x00000000  x4=0xfffffa38
     457805.000 ns	     45779	80009acc	037fa633	mulhsu	x12,x31,x23	 x31:0x00000000 x23:0x00000000 x12=0x00000000
     457825.000 ns	     45781	80009ad0	0019d7b3	srl	x15,x19,x1	 x19:0x00000001  x1:0x00000000 x15=0x00000001
     457845.000 ns	     45783	80009ad4	21031cd3	fsgnjn.s	f25,f6,f16	  f6:0x80041024 f16:0xf5a0d1ff f25=0x00041024
     457875.000 ns	     45786	80009ad8	c0039653	fcvt.w.s	x12,f7	  f7:0x00000000 x12=0x00000000
     457895.000 ns	     45788	80009adc	414b5a13	srai	x20,x22,0x14	 x22:0x275a4b22 x20=0x00000275
     457915.000 ns	     45790	80009ae0	20b90f53	fsgnj.s	f30,f18,f11	 f18:0xcaf7cd9e f11:0x48c30800 f30=0x4af7cd9e
     457965.000 ns	     45795	80009ae4	0034acd3	fadd.s	f25,f9,f3	  f9:0x1df7cd9e  f3:0x00000000 f25=0x1df7cd9e
     457985.000 ns	     45797	80009ae8	5abc6d93	ori	x27,x24,1451	 x24:0xfcea4000 x27=0xfcea45ab
     458005.000 ns	     45799	80009aec	a190aad3	feq.s	x21,f1,f25	  f1:0xcefff7e0 f25:0x1df7cd9e x21=0x00000000
     458055.000 ns	     45804	80009af0	08a888d3	fsub.s	f17,f17,f10	 f17:0x80000000 f10:0x4f000000 f17=0xcf000000
     458085.000 ns	     45807	80009af4	28598253	fmin.s	f4,f19,f5	 f19:0x00000000  f5:0x00000000  f4=0x00000000
     458115.000 ns	     45810	80009af8	200aa7d3	fsgnjx.s	f15,f21,f0	 f21:0x441e0000  f0:0x441e0000 f15=0x441e0000
     458165.000 ns	     45815	80009afc	09917753	fsub.s	f14,f2,f25	  f2:0x7fc00000 f25:0x1df7cd9e f14=0x7fc00000
     458195.000 ns	     45818	80009b00	a0990653	fle.s	x12,f18,f9	 f18:0xcaf7cd9e  f9:0x1df7cd9e x12=0x00000001
     458565.000 ns	     45855	80009b04	03b1c533	div	x10,x3,x27	  x3:0x80040fe4 x27:0xfcea45ab x10=0x00000029
     458595.000 ns	     45858	80009b08	02d52633	mulhsu	x12,x10,x13	 x10:0xf1dcd000 x13:0xbdb87a68 x12=0x0000001e
     458625.000 ns	     45861	80009b0c	e0089e53	fclass.s	x28,f17	 f17:0xcf000000 x28=0x00000002
     458655.000 ns	     45864	80009b10	a12b25d3	feq.s	x11,f22,f18	 f22:0x7fc00000 f18:0xcaf7cd9e x11=0x00000000
     458675.000 ns	     45866	80009b14	0004ca33	xor	x20,x9,x0	  x9:0x00000000  x0:0x00000000 x20=0x00000000
     458685.000 ns	     45867	80009b18	76866b13	ori	x22,x12,1896	 x12:0x0000001e x22=0x0000077e
     458695.000 ns	     45868	80009b1c	57143f93	sltiu	x31,x8,1393	  x8:0x00000000 x31=0x00000001
     458705.000 ns	     45869	80009b20	41fd0833	sub	x16,x26,x31	 x26:0x00000000 x31:0x00000000 x16=0xffffffff
     458725.000 ns	     45871	80009b24	c00e0dd3	fcvt.w.s	x27,f28	 f28:0xcaf7cd9e x27=0xff841931
     458755.000 ns	     45874	80009b28	a1f520d3	feq.s	x1,f10,f31	 f10:0x4f000000 f31:0x7fc00000  x1=0x00000000
     458775.000 ns	     45876	80009b2c	13856013	ori	x0,x10,312	 x10:0x00000029
     458795.000 ns	     45878	80009b30	03bc96b3	mulh	x13,x25,x27	 x25:0xffffffff x27:0xff841931 x13=0x00000000
     458815.000 ns	     45880	80009b34	4044deb3	sra	x29,x9,x4	  x9:0x00000000  x4:0xfffffa38 x29=0x00000000
     458825.000 ns	     45881	80009b38	004dd233	srl	x4,x27,x4	 x27:0xff841931  x4:0xfffffa38  x4=0x000000ff
     458835.000 ns	     45882	80009b3c	00f465b3	or	x11,x8,x15	  x8:0x00000000 x15:0x00000001 x11=0x00000001
     458845.000 ns	     45883	80009b40	00fae833	or	x16,x21,x15	 x21:0x00000000 x15:0x00000001 x16=0x00000001
     458855.000 ns	     45884	80009b44	01953633	sltu	x12,x10,x25	 x10:0x00000029 x25:0xffffffff x12=0x00000001
     458875.000 ns	     45886	80009b48	a01396d3	flt.s	x13,f7,f1	  f7:0x00000000  f1:0xcefff7e0 x13=0x00000000
     458905.000 ns	     45889	80009b4c	c0127853	fcvt.wu.s	x16,f4	  f4:0x00000000 x16=0x00000000
     458935.000 ns	     45892	80009b50	031e1e33	mulh	x28,x28,x17	 x28:0x00000002 x17:0x00000010 x28=0x00000000
     459305.000 ns	     45929	80009b54	036edab3	divu	x21,x29,x22	 x29:0x00000000 x22:0x0000077e x21=0x00000000
     459335.000 ns	     45932	80009b58	280f05d3	fmin.s	f11,f30,f0	 f30:0x4af7cd9e  f0:0x441e0000 f11=0x441e0000
     459355.000 ns	     45934	80009b5c	404d8e33	sub	x28,x27,x4	 x27:0xff841931  x4:0x000000ff x28=0xff841832
     460525.000 ns	     46051	80009b60	580b91d3	fsqrt.s	f3,f23	 f23:0x7c6fde6c  f3=0x5da99cda
     460545.000 ns	     46053	80009b64	00cb4cb3	xor	x25,x22,x12	 x22:0x0000077e x12:0x00000001 x25=0x0000077f
     460565.000 ns	     46055	80009b68	d018f253	fcvt.s.wu	f4,x17	 x17:0x00000010  f4=0x41800000
     460935.000 ns	     46092	80009b6c	02fd7633	remu	x12,x26,x15	 x26:0x00000000 x15:0x00000001 x12=0x00000000
     460955.000 ns	     46094	80009b70	001662b3	or	x5,x12,x1	 x12:0x00000001  x1:0x00000000  x5=0x00000000
     460975.000 ns	     46096	80009b74	28c51753	fmax.s	f14,f10,f12	 f10:0x4f000000 f12:0x00000000 f14=0x4f000000
     461005.000 ns	     46099	80009b78	0308e433	rem	x8,x17,x16	 x17:0x00000010 x16:0x00000000  x8=0x00000010
     462185.000 ns	     46217	80009b7c	5805bb53	fsqrt.s	f22,f11	 f11:0x441e0000 f22=0x415f7188
     462215.000 ns	     46220	80009b80	d01484d3	fcvt.s.wu	f9,x9	  x9:0x00000000  f9=0x00000000
     462245.000 ns	     46223	80009b84	291994d3	fmax.s	f9,f19,f17	 f19:0x00000000 f17:0xcf000000  f9=0x00000000
     462265.000 ns	     46225	80009b88	b4606d13	ori	x26,x0,-1210	  x0:0x00000000 x26=0xfffffb46
     462625.000 ns	     46261	80009b8c	02abf133	remu	x2,x23,x10	 x23:0x00000000 x10:0x00000029  x2=0x00000000
     462645.000 ns	     46263	80009b90	00cde3b3	or	x7,x27,x12	 x27:0xff841931 x12:0x00000000  x7=0xff841931
     462655.000 ns	     46264	80009b94	001c2b33	slt	x22,x24,x1	 x24:0xfcea4000  x1:0x00000000 x22=0x00000001
     462665.000 ns	     46265	80009b98	c86ff013	andi	x0,x31,-890	 x31:0x00000001
     462675.000 ns	     46266	80009b9c	00858b33	add	x22,x11,x8	 x11:0x00000001  x8:0x00000010 x22=0x00000011
     462705.000 ns	     46269	80009ba0	580925d3	fsqrt.s	f11,f18	 f18:0xcaf7cd9e f11=0x7fc00000
     463845.000 ns	     46383	80009ba4	5801fe53	fsqrt.s	f28,f3	  f3:0x5da99cda f28=0x4e935815
     463875.000 ns	     46386	80009ba8	a15301d3	fle.s	x3,f6,f21	  f6:0x80041024 f21:0x441e0000  x3=0x00000001
     463905.000 ns	     46389	80009bac	02268433	mul	x8,x13,x2	 x13:0x00000000  x2:0x00000000  x8=0x00000000
     464275.000 ns	     46426	80009bb0	02e964b3	rem	x9,x18,x14	 x18:0x80040fe4 x14:0x00000001  x9=0x00000000
     464305.000 ns	     46429	80009bb4	214125d3	fsgnjx.s	f11,f2,f20	  f2:0x7fc00000 f20:0x00000000 f11=0x7fc00000
     464325.000 ns	     46431	80009bb8	f16c90b7	lui	x1,0xf16c9	  x1=0xf16c9000
     464345.000 ns	     46433	80009bbc	02c83133	mulhu	x2,x16,x12	 x16:0x00000000 x12:0x00000000  x2=0x00000000
     464365.000 ns	     46435	80009bc0	00c731b3	sltu	x3,x14,x12	 x14:0x00000001 x12:0x00000000  x3=0x00000000
     464385.000 ns	     46437	80009bc4	e00100d3	fmv.x.w	x1,f2	  f2:0x7fc00000  x1=0x7fc00000
     464415.000 ns	     46440	80009bc8	0283c0b3	div	x1,x7,x8	  x7:0xff841931  x8:0x00000000  x1=0xffffffff
     464445.000 ns	     46443	80009bcc	d016fbd3	fcvt.s.wu	f23,x13	 x13:0x00000000 f23=0x00000000
     464815.000 ns	     46480	80009bd0	0263d4b3	divu	x9,x7,x6	  x7:0xff841931  x6:0x80041024  x9=0x00000001
     464855.000 ns	     46484	80009bd4	115a86d3	fmul.s	f13,f21,f21	 f21:0x441e0000 f21:0x441e0000 f13=0x48c30800
     464875.000 ns	     46486	80009bd8	0170c833	xor	x16,x1,x23	  x1:0xffffffff x23:0x00000000 x16=0xffffffff
     464895.000 ns	     46488	80009bdc	03633833	mulhu	x16,x6,x22	  x6:0x80041024 x22:0x00000011 x16=0x00000008
     464915.000 ns	     46490	80009be0	01060833	add	x16,x12,x16	 x12:0x00000000 x16:0x00000000 x16=0x00000008
     464925.000 ns	     46491	80009be4	00e75713	srli	x14,x14,0xe	 x14:0x00000001 x14=0x00000000
     464935.000 ns	     46492	80009be8	00541733	sll	x14,x8,x5	  x8:0x00000000  x5:0x00000000 x14=0x00000000
     465295.000 ns	     46528	80009bec	031cfdb3	remu	x27,x25,x17	 x25:0x0000077f x17:0x00000010 x27=0x0000000f
     465315.000 ns	     46530	80009bf0	0139d4b3	srl	x9,x19,x19	 x19:0x00000001 x19:0x00000001  x9=0x00000000
     465335.000 ns	     46532	80009bf4	a1382ed3	feq.s	x29,f16,f19	 f16:0xf5a0d1ff f19:0x00000000 x29=0x00000000
     465375.000 ns	     46536	80009bf8	117682d3	fmul.s	f5,f13,f23	 f13:0x48c30800 f23:0x00000000  f5=0x00000000
     465395.000 ns	     46538	80009bfc	5861d4b7	lui	x9,0x5861d	  x9=0x5861d000
     465415.000 ns	     46540	80009c00	211f1f53	fsgnjn.s	f30,f30,f17	 f30:0x4af7cd9e f17:0xcf000000 f30=0x4af7cd9e
     465445.000 ns	     46543	80009c04	a0de8453	fle.s	x8,f29,f13	 f29:0x80041024 f13:0x48c30800  x8=0x00000001
     465475.000 ns	     46546	80009c08	02c9dcb3	divu	x25,x19,x12	 x19:0x00000001 x12:0x00000000 x25=0xffffffff
     465515.000 ns	     46550	80009c0c	185ac853	fdiv.s	f16,f21,f5	 f21:0x441e0000  f5:0x00000000 f16=0x7f800000
     465545.000 ns	     46553	80009c10	c0108553	fcvt.wu.s	x10,f1	  f1:0xcefff7e0 x10=0x7ffbf000
     465565.000 ns	     46555	80009c14	98bcc893	xori	x17,x25,-1653	 x25:0xffffffff x17=0x00000674
     465575.000 ns	     46556	80009c18	00558233	add	x4,x11,x5	 x11:0x00000001  x5:0x00000000  x4=0x00000001
     465585.000 ns	     46557	80009c1c	0044fb33	and	x22,x9,x4	  x9:0x5861d000  x4:0x000000ff x22=0x00000000
     465945.000 ns	     46593	80009c20	0392d3b3	divu	x7,x5,x25	  x5:0x00000000 x25:0xffffffff  x7=0x00000000
     465965.000 ns	     46595	80009c24	011795b3	sll	x11,x15,x17	 x15:0x00000001 x17:0x00000674 x11=0x00100000
     465975.000 ns	     46596	80009c28	875d8e13	addi	x28,x27,-1931	 x27:0x0000000f x28=0xfffff884
     465985.000 ns	     46597	80009c2c	d1a62893	slti	x17,x12,-742	 x12:0x00000000 x17=0x00000000
     467155.000 ns	     46714	80009c30	580af4d3	fsqrt.s	f9,f21	 f21:0x441e0000  f9=0x415f7188
     467185.000 ns	     46717	80009c34	025d20b3	mulhsu	x1,x26,x5	 x26:0xfffffb46  x5:0x00000000  x1=0x00000000
     467205.000 ns	     46719	80009c38	013c3db3	sltu	x27,x24,x19	 x24:0xfcea4000 x19:0x00000001 x27=0x00000000
     467215.000 ns	     46720	80009c3c	0196cbb3	xor	x23,x13,x25	 x13:0x00000000 x25:0xffffffff x23=0xffffffff
     467235.000 ns	     46722	80009c40	20d922d3	fsgnjx.s	f5,f18,f13	 f18:0xcaf7cd9e f13:0x48c30800  f5=0xcaf7cd9e
     467265.000 ns	     46725	80009c44	03991433	mulh	x8,x18,x25	 x18:0x80040fe4 x25:0xffffffff  x8=0x00000000
     467295.000 ns	     46728	80009c48	d01af753	fcvt.s.wu	f14,x21	 x21:0x00000000 f14=0x00000000
     467315.000 ns	     46730	80009c4c	ac1a2d13	slti	x26,x20,-1343	 x20:0x00000000 x26=0x00000000
     467335.000 ns	     46732	80009c50	a0f80a53	fle.s	x20,f16,f15	 f16:0x7f800000 f15:0x441e0000 x20=0x00000000
     467365.000 ns	     46735	80009c54	d01bf3d3	fcvt.s.wu	f7,x23	 x23:0xffffffff  f7=0x4f7fffff
     467735.000 ns	     46772	80009c58	02ba7cb3	remu	x25,x20,x11	 x20:0x00000000 x11:0x00100000 x25=0x00000000
     467765.000 ns	     46775	80009c5c	a1cf8853	fle.s	x16,f31,f28	 f31:0x7fc00000 f28:0x4e935815 x16=0x00000000
     468135.000 ns	     46812	80009c60	02934833	div	x16,x6,x9	  x6:0x80041024  x9:0x5861d000 x16=0xffffffff
     468155.000 ns	     46814	80009c64	00c57b33	and	x22,x10,x12	 x10:0x7ffbf000 x12:0x00000000 x22=0x00000000
     468175.000 ns	     46816	80009c68	c01d7653	fcvt.wu.s	x12,f26	 f26:0x7fc00000 x12=0xffffffff
     468205.000 ns	     46819	80009c6c	e00b9ed3	fclass.s	x29,f23	 f23:0x00000000 x29=0x00000010
     468255.000 ns	     46824	80009c70	004e2f53	fadd.s	f30,f28,f4	 f28:0x4e935815  f4:0x41800000 f30=0x4e935815
     468275.000 ns	     46826	80009c74	0048cdb3	xor	x27,x17,x4	 x17:0x00000000  x4:0x00000001 x27=0x00000001
     468285.000 ns	     46827	80009c78	00500e33	add	x28,x0,x5	  x0:0x00000000  x5:0x00000000 x28=0x00000000
     468295.000 ns	     46828	80009c7c	00d9c3b3	xor	x7,x19,x13	 x19:0x00000001 x13:0x00000000  x7=0x00000001
     468315.000 ns	     46830	80009c80	28b70153	fmin.s	f2,f14,f11	 f14:0x00000000 f11:0x7fc00000  f2=0x00000000
     468335.000 ns	     46832	80009c84	00bafc33	and	x24,x21,x11	 x21:0x00000000 x11:0x00100000 x24=0x00000000
     468355.000 ns	     46834	80009c88	a08ba753	feq.s	x14,f23,f8	 f23:0x00000000  f8:0x46b50483 x14=0x00000000
     468385.000 ns	     46837	80009c8c	21bb95d3	fsgnjn.s	f11,f23,f27	 f23:0x00000000 f27:0xf39543cc f11=0x00000000
     468415.000 ns	     46840	80009c90	2137ad53	fsgnjx.s	f26,f15,f19	 f15:0x441e0000 f19:0x00000000 f26=0x441e0000
     468435.000 ns	     46842	80009c94	015197b3	sll	x15,x3,x21	  x3:0x00000000 x21:0x00000000 x15=0x00000000
     468445.000 ns	     46843	80009c98	01ff3cb3	sltu	x25,x30,x31	 x30:0xec5313c0 x31:0x00000001 x25=0x00000000
     468465.000 ns	     46845	80009c9c	a0420ad3	fle.s	x21,f4,f4	  f4:0x41800000  f4:0x41800000 x21=0x00000001
     468485.000 ns	     46847	80009ca0	00450db3	add	x27,x10,x4	 x10:0x7ffbf000  x4:0x00000001 x27=0x7ffbf001
     468525.000 ns	     46851	80009ca4	01960f53	fadd.s	f30,f12,f25	 f12:0x00000000 f25:0x1df7cd9e f30=0x1df7cd9e
     468555.000 ns	     46854	80009ca8	c01870d3	fcvt.wu.s	x1,f16	 f16:0x7f800000  x1=0xffffffff
     468575.000 ns	     46856	80009cac	8ce43d17	auipc	x26,0x8ce43	 x26=0x0ce4ccac
     468585.000 ns	     46857	80009cb0	01f567b3	or	x15,x10,x31	 x10:0x7ffbf000 x31:0x00000001 x15=0x7ffbf001
     468595.000 ns	     46858	80009cb4	b441ae37	lui	x28,0xb441a	 x28=0xb441a000
     468605.000 ns	     46859	80009cb8	01a1d193	srli	x3,x3,0x1a	  x3:0x00000000  x3=0x00000000
     468615.000 ns	     46860	80009cbc	419ad013	srai	x0,x21,0x19	 x21:0x00000001
     468635.000 ns	     46862	80009cc0	286c88d3	fmin.s	f17,f25,f6	 f25:0x1df7cd9e  f6:0x80041024 f17=0x80041024
     468685.000 ns	     46867	80009cc4	09619853	fsub.s	f16,f3,f22	  f3:0x5da99cda f22:0x415f7188 f16=0x5da99cda
     468715.000 ns	     46870	80009cc8	c01d7dd3	fcvt.wu.s	x27,f26	 f26:0x441e0000 x27=0x00000278
     468745.000 ns	     46873	80009ccc	02698d33	mul	x26,x19,x6	 x19:0x00000001  x6:0x80041024 x26=0x80041024
     468775.000 ns	     46876	80009cd0	032f0633	mul	x12,x30,x18	 x30:0xec5313c0 x18:0x80040fe4 x12=0xa725d700
     468805.000 ns	     46879	80009cd4	a04583d3	fle.s	x7,f11,f4	 f11:0x00000000  f4:0x41800000  x7=0x00000001
     468835.000 ns	     46882	80009cd8	21042653	fsgnjx.s	f12,f8,f16	  f8:0x46b50483 f16:0x5da99cda f12=0x46b50483
     468855.000 ns	     46884	80009cdc	b465b297	auipc	x5,0xb465b	  x5=0x34664cdc
     468865.000 ns	     46885	80009ce0	00367833	and	x16,x12,x3	 x12:0xa725d700  x3:0x00000000 x16=0x00000000
     468885.000 ns	     46887	80009ce4	0226d733	divu	x14,x13,x2	 x13:0x00000000  x2:0x00000000 x14=0xffffffff
     468915.000 ns	     46890	80009ce8	d006f3d3	fcvt.s.w	f7,x13	 x13:0x00000000  f7=0x00000000
     468965.000 ns	     46895	80009cec	016a9ad3	fadd.s	f21,f21,f22	 f21:0x441e0000 f22:0x415f7188 f21=0x44217dc6
     469335.000 ns	     46932	80009cf0	03bf4133	div	x2,x30,x27	 x30:0xec5313c0 x27:0x00000278  x2=0xfff807bb
     469355.000 ns	     46934	80009cf4	7d3b7f93	andi	x31,x22,2003	 x22:0x00000000 x31=0x00000000
     469375.000 ns	     46936	80009cf8	0368c9b3	div	x19,x17,x22	 x17:0x00000000 x22:0x00000000 x19=0xffffffff
     469405.000 ns	     46939	80009cfc	e0030ed3	fmv.x.w	x29,f6	  f6:0x80041024 x29=0x80041024
     469445.000 ns	     46943	80009d00	580a17d3	fsqrt.s	f15,f20	 f20:0x00000000 f15=0x00000000
     469485.000 ns	     46947	80009d04	182d1653	fdiv.s	f12,f26,f2	 f26:0x441e0000  f2:0x00000000 f12=0x7f800000
     469525.000 ns	     46951	80009d08	11c1a5d3	fmul.s	f11,f3,f28	  f3:0x5da99cda f28:0x4e935815 f11=0x6cc33eda
     469555.000 ns	     46954	80009d0c	d018b253	fcvt.s.wu	f4,x17	 x17:0x00000000  f4=0x00000000
     469575.000 ns	     46956	80009d10	b91cae13	slti	x28,x25,-1135	 x25:0x00000000 x28=0x00000000
     469585.000 ns	     46957	80009d14	f5669ab7	lui	x21,0xf5669	 x21=0xf5669000
     469595.000 ns	     46958	80009d18	018b17b3	sll	x15,x22,x24	 x22:0x00000000 x24:0x00000000 x15=0x00000000
     469615.000 ns	     46960	80009d1c	20630cd3	fsgnj.s	f25,f6,f6	  f6:0x80041024  f6:0x80041024 f25=0x80041024
     469645.000 ns	     46963	80009d20	a0aa16d3	flt.s	x13,f20,f10	 f20:0x00000000 f10:0x4f000000 x13=0x00000001
     469675.000 ns	     46966	80009d24	a02910d3	flt.s	x1,f18,f2	 f18:0xcaf7cd9e  f2:0x00000000  x1=0x00000001
     469695.000 ns	     46968	80009d28	407f0533	sub	x10,x30,x7	 x30:0xec5313c0  x7:0x00000001 x10=0xec5313bf
     469705.000 ns	     46969	80009d2c	402c0533	sub	x10,x24,x2	 x24:0x00000000  x2:0xfff807bb x10=0x0007f845
     469725.000 ns	     46971	80009d30	20ee0c53	fsgnj.s	f24,f28,f14	 f28:0x4e935815 f14:0x00000000 f24=0x4e935815
     469745.000 ns	     46973	80009d34	41fe53b3	sra	x7,x28,x31	 x28:0x00000000 x31:0x00000000  x7=0x00000000
     469755.000 ns	     46974	80009d38	00b34fb3	xor	x31,x6,x11	  x6:0x80041024 x11:0x00100000 x31=0x80141024
     469795.000 ns	     46978	80009d3c	084acb53	fsub.s	f22,f21,f4	 f21:0x44217dc6  f4:0x00000000 f22=0x44217dc6
     470165.000 ns	     47015	80009d40	03eee6b3	rem	x13,x29,x30	 x29:0x80041024 x30:0xec5313c0 x13=0xf61199a4
     470185.000 ns	     47017	80009d44	01f51e13	slli	x28,x10,0x1f	 x10:0x0007f845 x28=0x80000000
     470195.000 ns	     47018	80009d48	009a4d33	xor	x26,x20,x9	 x20:0x00000000  x9:0x5861d000 x26=0x5861d000
     470215.000 ns	     47020	80009d4c	03703eb3	mulhu	x29,x0,x23	  x0:0x00000000 x23:0xffffffff x29=0x00000000
     470585.000 ns	     47057	80009d50	03f35a33	divu	x20,x6,x31	  x6:0x80041024 x31:0x80141024 x20=0x00000000
     470615.000 ns	     47060	80009d54	207e8d53	fsgnj.s	f26,f29,f7	 f29:0x80041024  f7:0x00000000 f26=0x00041024
     470635.000 ns	     47062	80009d58	44fc8417	auipc	x8,0x44fc8	  x8=0xc4fd1d58
     470645.000 ns	     47063	80009d5c	3ccdf893	andi	x17,x27,972	 x27:0x00000278 x17=0x00000248
     470665.000 ns	     47065	80009d60	282c1a53	fmax.s	f20,f24,f2	 f24:0x4e935815  f2:0x00000000 f20=0x4e935815
     470695.000 ns	     47068	80009d64	c01870d3	fcvt.wu.s	x1,f16	 f16:0x5da99cda  x1=0xffffffff
     470725.000 ns	     47071	80009d68	030843b3	div	x7,x16,x16	 x16:0x00000000 x16:0x00000000  x7=0xffffffff
     470745.000 ns	     47073	80009d6c	0026e833	or	x16,x13,x2	 x13:0xf61199a4  x2:0xfff807bb x16=0xfff99fbf
     470765.000 ns	     47075	80009d70	20da0253	fsgnj.s	f4,f20,f13	 f20:0x4e935815 f13:0x48c30800  f4=0x4e935815
     470795.000 ns	     47078	80009d74	20870753	fsgnj.s	f14,f14,f8	 f14:0x00000000  f8:0x46b50483 f14=0x00000000
     470825.000 ns	     47081	80009d78	c016ced3	fcvt.wu.s	x29,f13	 f13:0x48c30800 x29=0x00061840
     470855.000 ns	     47084	80009d7c	03c005b3	mul	x11,x0,x28	  x0:0x00000000 x28:0x80000000 x11=0x00000000
     470875.000 ns	     47086	80009d80	112dab13	slti	x22,x27,274	 x27:0x00000278 x22=0x00000000
     470895.000 ns	     47088	80009d84	02763533	mulhu	x10,x12,x7	 x12:0xa725d700  x7:0xffffffff x10=0xa725d6ff
     470925.000 ns	     47091	80009d88	292b18d3	fmax.s	f17,f22,f18	 f22:0x44217dc6 f18:0xcaf7cd9e f17=0x44217dc6
     470945.000 ns	     47093	80009d8c	001a74b3	and	x9,x20,x1	 x20:0x00000000  x1:0xffffffff  x9=0x00000000
     470955.000 ns	     47094	80009d90	00f3a5b3	slt	x11,x7,x15	  x7:0xffffffff x15:0x00000000 x11=0x00000001
     470975.000 ns	     47096	80009d94	a1ef81d3	fle.s	x3,f31,f30	 f31:0x7fc00000 f30:0x1df7cd9e  x3=0x00000000
     471015.000 ns	     47100	80009d98	182140d3	fdiv.s	f1,f2,f2	  f2:0x00000000  f2:0x00000000  f1=0x7fc00000
     471065.000 ns	     47105	80009d9c	00caf6d3	fadd.s	f13,f21,f12	 f21:0x44217dc6 f12:0x7f800000 f13=0x7f800000
     471085.000 ns	     47107	80009da0	0099c033	xor	x0,x19,x9	 x19:0xffffffff  x9:0x00000000
     471125.000 ns	     47111	80009da4	0156f2d3	fadd.s	f5,f13,f21	 f13:0x7f800000 f21:0x44217dc6  f5=0x7f800000
     471145.000 ns	     47113	80009da8	a57f3193	sltiu	x3,x30,-1449	 x30:0xec5313c0  x3=0x00000001
     471175.000 ns	     47116	80009dac	104179d3	fmul.s	f19,f2,f4	  f2:0x00000000  f4:0x4e935815 f19=0x00000000
     471225.000 ns	     47121	80009db0	096d7653	fsub.s	f12,f26,f22	 f26:0x00041024 f22:0x44217dc6 f12=0xc4217dc6
     471245.000 ns	     47123	80009db4	00000013	addi	x0,x0,0	  x0:0x00000000
     471265.000 ns	     47125	80009db8	0203b533	mulhu	x10,x7,x0	  x7:0xffffffff  x0:0x00000000 x10=0x00000000
     471635.000 ns	     47162	80009dbc	03d3deb3	divu	x29,x7,x29	  x7:0xffffffff x29:0x00061840 x29=0x00002a00
     471665.000 ns	     47165	80009dc0	e00909d3	fmv.x.w	x19,f18	 f18:0xcaf7cd9e x19=0xcaf7cd9e
     471685.000 ns	     47167	80009dc4	00639d13	slli	x26,x7,0x6	  x7:0xffffffff x26=0xffffffc0
     471705.000 ns	     47169	80009dc8	0281adb3	mulhsu	x27,x3,x8	  x3:0x00000001  x8:0xc4fd1d58 x27=0x00000000
     471725.000 ns	     47171	80009dcc	87a62393	slti	x7,x12,-1926	 x12:0xa725d700  x7=0x00000001
     471735.000 ns	     47172	80009dd0	8ebbf593	andi	x11,x23,-1813	 x23:0xffffffff x11=0xfffff8eb
     471755.000 ns	     47174	80009dd4	a0ae1fd3	flt.s	x31,f28,f10	 f28:0x4e935815 f10:0x4f000000 x31=0x00000001
     471785.000 ns	     47177	80009dd8	d01e1cd3	fcvt.s.wu	f25,x28	 x28:0x80000000 f25=0x4f000000
     471805.000 ns	     47179	80009ddc	410dd993	srai	x19,x27,0x10	 x27:0x00000000 x19=0x00000000
     471815.000 ns	     47180	80009de0	8ada6c13	ori	x24,x20,-1875	 x20:0x00000000 x24=0xfffff8ad
     471845.000 ns	     47183	80009de4	11c6f5d3	fmul.s	f11,f13,f28	 f13:0x7f800000 f28:0x4e935815 f11=0x7f800000
     471875.000 ns	     47186	80009de8	e00f88d3	fmv.x.w	x17,f31	 f31:0x7fc00000 x17=0x7fc00000
     471905.000 ns	     47189	80009dec	d005fa53	fcvt.s.w	f20,x11	 x11:0xfffff8eb f20=0xc4e2a000
     471935.000 ns	     47192	80009df0	f00d8353	fmv.w.x	f6,x27	 x27:0x00000000  f6=0x00000000
     471955.000 ns	     47194	80009df4	403f8233	sub	x4,x31,x3	 x31:0x00000001  x3:0x00000001  x4=0x00000000
     471965.000 ns	     47195	80009df8	014fd833	srl	x16,x31,x20	 x31:0x00000001 x20:0x00000000 x16=0x00000001
     471975.000 ns	     47196	80009dfc	41280a33	sub	x20,x16,x18	 x16:0xfff99fbf x18:0x80040fe4 x20=0x7ffbf01d
     471985.000 ns	     47197	80009e00	00042433	slt	x8,x8,x0	  x8:0xc4fd1d58  x0:0x00000000  x8=0x00000001
     472005.000 ns	     47199	80009e04	a1b59ed3	flt.s	x29,f11,f27	 f11:0x7f800000 f27:0xf39543cc x29=0x00000000
     472035.000 ns	     47202	80009e08	02ee6533	rem	x10,x28,x14	 x28:0x80000000 x14:0xffffffff x10=0x00000000
     472055.000 ns	     47204	80009e0c	55ca74b7	lui	x9,0x55ca7	  x9=0x55ca7000
     472065.000 ns	     47205	80009e10	011ab9b3	sltu	x19,x21,x17	 x21:0xf5669000 x17:0x7fc00000 x19=0x00000000
     472075.000 ns	     47206	80009e14	00000013	addi	x0,x0,0	  x0:0x00000000
     472095.000 ns	     47208	80009e18	023fbeb3	mulhu	x29,x31,x3	 x31:0x00000001  x3:0x00000001 x29=0x00000000
     472115.000 ns	     47210	80009e1c	01944fb3	xor	x31,x8,x25	  x8:0x00000001 x25:0x00000000 x31=0x00000001
     472135.000 ns	     47212	80009e20	d0177ed3	fcvt.s.wu	f29,x14	 x14:0xffffffff f29=0x4f7fffff
     472155.000 ns	     47214	80009e24	01587fb3	and	x31,x16,x21	 x16:0x00000001 x21:0xf5669000 x31=0x00000000
     472185.000 ns	     47217	80009e28	1040ffd3	fmul.s	f31,f1,f4	  f1:0x7fc00000  f4:0x4e935815 f31=0x7fc00000
     472225.000 ns	     47221	80009e2c	18bef6d3	fdiv.s	f13,f29,f11	 f29:0x4f7fffff f11:0x7f800000 f13=0x00000000
     472265.000 ns	     47225	80009e30	19e3aed3	fdiv.s	f29,f7,f30	  f7:0x00000000 f30:0x1df7cd9e f29=0x00000000
     472295.000 ns	     47228	80009e34	20329bd3	fsgnjn.s	f23,f5,f3	  f5:0x7f800000  f3:0x5da99cda f23=0xff800000
     472345.000 ns	     47233	80009e38	09b6b953	fsub.s	f18,f13,f27	 f13:0x00000000 f27:0xf39543cc f18=0x739543cc
     472375.000 ns	     47236	80009e3c	e0028753	fmv.x.w	x14,f5	  f5:0x7f800000 x14=0x7f800000
     472395.000 ns	     47238	80009e40	01e28cb3	add	x25,x5,x30	  x5:0x34664cdc x30:0xec5313c0 x25=0x20b9609c
     472755.000 ns	     47274	80009e44	0277cfb3	div	x31,x15,x7	 x15:0x00000000  x7:0x00000001 x31=0x00000000
     472785.000 ns	     47277	80009e48	e00b0e53	fmv.x.w	x28,f22	 f22:0x44217dc6 x28=0x44217dc6
     472805.000 ns	     47279	80009e4c	012ed413	srli	x8,x29,0x12	 x29:0x00000000  x8=0x00000000
     472815.000 ns	     47280	80009e50	3495be13	sltiu	x28,x11,841	 x11:0xfffff8eb x28=0x00000000
     472835.000 ns	     47282	80009e54	d0032953	fcvt.s.w	f18,x6	  x6:0x80041024 f18=0xcefff7e0
     472855.000 ns	     47284	80009e58	01a40233	add	x4,x8,x26	  x8:0x00000000 x26:0xffffffc0  x4=0xffffffc0
     473215.000 ns	     47320	80009e5c	034ed4b3	divu	x9,x29,x20	 x29:0x00000000 x20:0x7ffbf01d  x9=0x00000000
     473235.000 ns	     47322	80009e60	01ea5eb3	srl	x29,x20,x30	 x20:0x7ffbf01d x30:0xec5313c0 x29=0x7ffbf01d
     473255.000 ns	     47324	80009e64	21ff1b53	fsgnjn.s	f22,f30,f31	 f30:0x1df7cd9e f31:0x7fc00000 f22=0x9df7cd9e
     473275.000 ns	     47326	80009e68	4056da93	srai	x21,x13,0x5	 x13:0xf61199a4 x21=0xffb08ccd
     473285.000 ns	     47327	80009e6c	bd073893	sltiu	x17,x14,-1072	 x14:0x7f800000 x17=0x00000001
     473305.000 ns	     47329	80009e70	d0058bd3	fcvt.s.w	f23,x11	 x11:0xfffff8eb f23=0xc4e2a000
     473335.000 ns	     47332	80009e74	213921d3	fsgnjx.s	f3,f18,f19	 f18:0xcefff7e0 f19:0x00000000  f3=0xcefff7e0
     473385.000 ns	     47337	80009e78	01204953	fadd.s	f18,f0,f18	  f0:0x441e0000 f18:0xcefff7e0 f18=0xcefff7db
     473405.000 ns	     47339	80009e7c	40b206b3	sub	x13,x4,x11	  x4:0xffffffc0 x11:0xfffff8eb x13=0x000006d5
     473425.000 ns	     47341	80009e80	f0080953	fmv.w.x	f18,x16	 x16:0x00000001 f18=0x00000001
     473455.000 ns	     47344	80009e84	20089dd3	fsgnjn.s	f27,f17,f0	 f17:0x44217dc6  f0:0x441e0000 f27=0xc4217dc6
     473485.000 ns	     47347	80009e88	e0040fd3	fmv.x.w	x31,f8	  f8:0x46b50483 x31=0x46b50483
     473505.000 ns	     47349	80009e8c	00000f17	auipc	x30,0x0	 x30=0x80009e8c
     473515.000 ns	     47350	80009e90	00cf0f13	addi	x30,x30,12	 x30:0xec5313c0 x30=0x80009e98
     473525.000 ns	     47351	80009e94	000f0067	jalr	x0,x30,0	 x30:0xec5313c0
     473575.000 ns	     47356	80009e98	00100193	addi	x3,x0,1	  x0:0x00000000  x3=0x00000001
     473585.000 ns	     47357	80009e9c	00000073	ecall	
     473595.000 ns	     47358	80009ea0	00036f17	auipc	x30,0x36	 x30=0x8003fea0
     473605.000 ns	     47359	80009ea4	163f2023	sw	x3,352(x30)	 x30:0x80009e98  x3:0x00000001 PA:0xxxxxxxxx
     473625.000 ns	     47361	80009ea8	ff9ff06f	jal	x0,80009ea4	
     473675.000 ns	     47366	80009ea0	00036f17	auipc	x30,0x36	 x30=0x8003fea0
     473685.000 ns	     47367	80009ea4	163f2023	sw	x3,352(x30)	 x30:0x8003fea0  x3:0x00000001 PA:0xxxxxxxxx
     473705.000 ns	     47369	80009ea8	ff9ff06f	jal	x0,80009ea4	
     473755.000 ns	     47374	80009ea0	00036f17	auipc	x30,0x36	 x30=0x8003fea0
     473765.000 ns	     47375	80009ea4	163f2023	sw	x3,352(x30)	 x30:0x8003fea0  x3:0x00000001 PA:0xxxxxxxxx
     473785.000 ns	     47377	80009ea8	ff9ff06f	jal	x0,80009ea4	
     473835.000 ns	     47382	80009ea0	00036f17	auipc	x30,0x36	 x30=0x8003fea0
     473845.000 ns	     47383	80009ea4	163f2023	sw	x3,352(x30)	 x30:0x8003fea0  x3:0x00000001 PA:0xxxxxxxxx
     473865.000 ns	     47385	80009ea8	ff9ff06f	jal	x0,80009ea4	
     473915.000 ns	     47390	80009ea0	00036f17	auipc	x30,0x36	 x30=0x8003fea0
     473925.000 ns	     47391	80009ea4	163f2023	sw	x3,352(x30)	 x30:0x8003fea0  x3:0x00000001 PA:0xxxxxxxxx
     473945.000 ns	     47393	80009ea8	ff9ff06f	jal	x0,80009ea4	
     473995.000 ns	     47398	80009ea0	00036f17	auipc	x30,0x36	 x30=0x8003fea0
     474005.000 ns	     47399	80009ea4	163f2023	sw	x3,352(x30)	 x30:0x8003fea0  x3:0x00000001 PA:0xxxxxxxxx
     474025.000 ns	     47401	80009ea8	ff9ff06f	jal	x0,80009ea4	
     474075.000 ns	     47406	80009ea0	00036f17	auipc	x30,0x36	 x30=0x8003fea0
     474085.000 ns	     47407	80009ea4	163f2023	sw	x3,352(x30)	 x30:0x8003fea0  x3:0x00000001 PA:0xxxxxxxxx
     474105.000 ns	     47409	80009ea8	ff9ff06f	jal	x0,80009ea4	
     474155.000 ns	     47414	80009ea0	00036f17	auipc	x30,0x36	 x30=0x8003fea0
     474165.000 ns	     47415	80009ea4	163f2023	sw	x3,352(x30)	 x30:0x8003fea0  x3:0x00000001 PA:0xxxxxxxxx
     474185.000 ns	     47417	80009ea8	ff9ff06f	jal	x0,80009ea4	
     474235.000 ns	     47422	80009ea0	00036f17	auipc	x30,0x36	 x30=0x8003fea0
     474245.000 ns	     47423	80009ea4	163f2023	sw	x3,352(x30)	 x30:0x8003fea0  x3:0x00000001 PA:0xxxxxxxxx
     474265.000 ns	     47425	80009ea8	ff9ff06f	jal	x0,80009ea4	
     474315.000 ns	     47430	80009ea0	00036f17	auipc	x30,0x36	 x30=0x8003fea0
     474325.000 ns	     47431	80009ea4	163f2023	sw	x3,352(x30)	 x30:0x8003fea0  x3:0x00000001 PA:0xxxxxxxxx
     474345.000 ns	     47433	80009ea8	ff9ff06f	jal	x0,80009ea4	
     474395.000 ns	     47438	80009ea0	00036f17	auipc	x30,0x36	 x30=0x8003fea0
     474405.000 ns	     47439	80009ea4	163f2023	sw	x3,352(x30)	 x30:0x8003fea0  x3:0x00000001 PA:0xxxxxxxxx
     474425.000 ns	     47441	80009ea8	ff9ff06f	jal	x0,80009ea4	
     474475.000 ns	     47446	80009ea0	00036f17	auipc	x30,0x36	 x30=0x8003fea0
     474485.000 ns	     47447	80009ea4	163f2023	sw	x3,352(x30)	 x30:0x8003fea0  x3:0x00000001 PA:0xxxxxxxxx
     474505.000 ns	     47449	80009ea8	ff9ff06f	jal	x0,80009ea4	
     474555.000 ns	     47454	80009ea0	00036f17	auipc	x30,0x36	 x30=0x8003fea0
     474565.000 ns	     47455	80009ea4	163f2023	sw	x3,352(x30)	 x30:0x8003fea0  x3:0x00000001 PA:0xxxxxxxxx
     474585.000 ns	     47457	80009ea8	ff9ff06f	jal	x0,80009ea4	
     474635.000 ns	     47462	80009ea0	00036f17	auipc	x30,0x36	 x30=0x8003fea0
     474645.000 ns	     47463	80009ea4	163f2023	sw	x3,352(x30)	 x30:0x8003fea0  x3:0x00000001 PA:0xxxxxxxxx
     474665.000 ns	     47465	80009ea8	ff9ff06f	jal	x0,80009ea4	
     474715.000 ns	     47470	80009ea0	00036f17	auipc	x30,0x36	 x30=0x8003fea0
     474725.000 ns	     47471	80009ea4	163f2023	sw	x3,352(x30)	 x30:0x8003fea0  x3:0x00000001 PA:0xxxxxxxxx
     474745.000 ns	     47473	80009ea8	ff9ff06f	jal	x0,80009ea4	
     474795.000 ns	     47478	80009ea0	00036f17	auipc	x30,0x36	 x30=0x8003fea0
     474805.000 ns	     47479	80009ea4	163f2023	sw	x3,352(x30)	 x30:0x8003fea0  x3:0x00000001 PA:0xxxxxxxxx
     474825.000 ns	     47481	80009ea8	ff9ff06f	jal	x0,80009ea4	
     474875.000 ns	     47486	80009ea0	00036f17	auipc	x30,0x36	 x30=0x8003fea0
     474885.000 ns	     47487	80009ea4	163f2023	sw	x3,352(x30)	 x30:0x8003fea0  x3:0x00000001 PA:0xxxxxxxxx
     474905.000 ns	     47489	80009ea8	ff9ff06f	jal	x0,80009ea4	
     474955.000 ns	     47494	80009ea0	00036f17	auipc	x30,0x36	 x30=0x8003fea0
     474965.000 ns	     47495	80009ea4	163f2023	sw	x3,352(x30)	 x30:0x8003fea0  x3:0x00000001 PA:0xxxxxxxxx
     474985.000 ns	     47497	80009ea8	ff9ff06f	jal	x0,80009ea4	
     475035.000 ns	     47502	80009ea0	00036f17	auipc	x30,0x36	 x30=0x8003fea0
     475045.000 ns	     47503	80009ea4	163f2023	sw	x3,352(x30)	 x30:0x8003fea0  x3:0x00000001 PA:0xxxxxxxxx
     475065.000 ns	     47505	80009ea8	ff9ff06f	jal	x0,80009ea4	
     475115.000 ns	     47510	80009ea0	00036f17	auipc	x30,0x36	 x30=0x8003fea0
     475125.000 ns	     47511	80009ea4	163f2023	sw	x3,352(x30)	 x30:0x8003fea0  x3:0x00000001 PA:0xxxxxxxxx
     475145.000 ns	     47513	80009ea8	ff9ff06f	jal	x0,80009ea4	
     475195.000 ns	     47518	80009ea0	00036f17	auipc	x30,0x36	 x30=0x8003fea0
     475205.000 ns	     47519	80009ea4	163f2023	sw	x3,352(x30)	 x30:0x8003fea0  x3:0x00000001 PA:0xxxxxxxxx
     475225.000 ns	     47521	80009ea8	ff9ff06f	jal	x0,80009ea4	
     475275.000 ns	     47526	80009ea0	00036f17	auipc	x30,0x36	 x30=0x8003fea0
     475285.000 ns	     47527	80009ea4	163f2023	sw	x3,352(x30)	 x30:0x8003fea0  x3:0x00000001 PA:0xxxxxxxxx
     475305.000 ns	     47529	80009ea8	ff9ff06f	jal	x0,80009ea4	
     475355.000 ns	     47534	80009ea0	00036f17	auipc	x30,0x36	 x30=0x8003fea0
     475365.000 ns	     47535	80009ea4	163f2023	sw	x3,352(x30)	 x30:0x8003fea0  x3:0x00000001 PA:0xxxxxxxxx
     475385.000 ns	     47537	80009ea8	ff9ff06f	jal	x0,80009ea4	
     475435.000 ns	     47542	80009ea0	00036f17	auipc	x30,0x36	 x30=0x8003fea0
     475445.000 ns	     47543	80009ea4	163f2023	sw	x3,352(x30)	 x30:0x8003fea0  x3:0x00000001 PA:0xxxxxxxxx
     475465.000 ns	     47545	80009ea8	ff9ff06f	jal	x0,80009ea4	
     475515.000 ns	     47550	80009ea0	00036f17	auipc	x30,0x36	 x30=0x8003fea0
     475525.000 ns	     47551	80009ea4	163f2023	sw	x3,352(x30)	 x30:0x8003fea0  x3:0x00000001 PA:0xxxxxxxxx
     475545.000 ns	     47553	80009ea8	ff9ff06f	jal	x0,80009ea4	
     475595.000 ns	     47558	80009ea0	00036f17	auipc	x30,0x36	 x30=0x8003fea0
     475605.000 ns	     47559	80009ea4	163f2023	sw	x3,352(x30)	 x30:0x8003fea0  x3:0x00000001 PA:0xxxxxxxxx
     475625.000 ns	     47561	80009ea8	ff9ff06f	jal	x0,80009ea4	
     475675.000 ns	     47566	80009ea0	00036f17	auipc	x30,0x36	 x30=0x8003fea0
     475685.000 ns	     47567	80009ea4	163f2023	sw	x3,352(x30)	 x30:0x8003fea0  x3:0x00000001 PA:0xxxxxxxxx
     475705.000 ns	     47569	80009ea8	ff9ff06f	jal	x0,80009ea4	
     475755.000 ns	     47574	80009ea0	00036f17	auipc	x30,0x36	 x30=0x8003fea0
     475765.000 ns	     47575	80009ea4	163f2023	sw	x3,352(x30)	 x30:0x8003fea0  x3:0x00000001 PA:0xxxxxxxxx
     475785.000 ns	     47577	80009ea8	ff9ff06f	jal	x0,80009ea4	
     475835.000 ns	     47582	80009ea0	00036f17	auipc	x30,0x36	 x30=0x8003fea0
     475845.000 ns	     47583	80009ea4	163f2023	sw	x3,352(x30)	 x30:0x8003fea0  x3:0x00000001 PA:0xxxxxxxxx
     475865.000 ns	     47585	80009ea8	ff9ff06f	jal	x0,80009ea4	
     475915.000 ns	     47590	80009ea0	00036f17	auipc	x30,0x36	 x30=0x8003fea0
     475925.000 ns	     47591	80009ea4	163f2023	sw	x3,352(x30)	 x30:0x8003fea0  x3:0x00000001 PA:0xxxxxxxxx
     475945.000 ns	     47593	80009ea8	ff9ff06f	jal	x0,80009ea4	
     475995.000 ns	     47598	80009ea0	00036f17	auipc	x30,0x36	 x30=0x8003fea0
     476005.000 ns	     47599	80009ea4	163f2023	sw	x3,352(x30)	 x30:0x8003fea0  x3:0x00000001 PA:0xxxxxxxxx
     476025.000 ns	     47601	80009ea8	ff9ff06f	jal	x0,80009ea4	
     476075.000 ns	     47606	80009ea0	00036f17	auipc	x30,0x36	 x30=0x8003fea0
     476085.000 ns	     47607	80009ea4	163f2023	sw	x3,352(x30)	 x30:0x8003fea0  x3:0x00000001 PA:0xxxxxxxxx
     476105.000 ns	     47609	80009ea8	ff9ff06f	jal	x0,80009ea4	
     476155.000 ns	     47614	80009ea0	00036f17	auipc	x30,0x36	 x30=0x8003fea0
     476165.000 ns	     47615	80009ea4	163f2023	sw	x3,352(x30)	 x30:0x8003fea0  x3:0x00000001 PA:0xxxxxxxxx
     476185.000 ns	     47617	80009ea8	ff9ff06f	jal	x0,80009ea4	
     476235.000 ns	     47622	80009ea0	00036f17	auipc	x30,0x36	 x30=0x8003fea0
     476245.000 ns	     47623	80009ea4	163f2023	sw	x3,352(x30)	 x30:0x8003fea0  x3:0x00000001 PA:0xxxxxxxxx
     476265.000 ns	     47625	80009ea8	ff9ff06f	jal	x0,80009ea4	
     476315.000 ns	     47630	80009ea0	00036f17	auipc	x30,0x36	 x30=0x8003fea0
     476325.000 ns	     47631	80009ea4	163f2023	sw	x3,352(x30)	 x30:0x8003fea0  x3:0x00000001 PA:0xxxxxxxxx
     476345.000 ns	     47633	80009ea8	ff9ff06f	jal	x0,80009ea4	
     476395.000 ns	     47638	80009ea0	00036f17	auipc	x30,0x36	 x30=0x8003fea0
     476405.000 ns	     47639	80009ea4	163f2023	sw	x3,352(x30)	 x30:0x8003fea0  x3:0x00000001 PA:0xxxxxxxxx
     476425.000 ns	     47641	80009ea8	ff9ff06f	jal	x0,80009ea4	
     476475.000 ns	     47646	80009ea0	00036f17	auipc	x30,0x36	 x30=0x8003fea0
     476485.000 ns	     47647	80009ea4	163f2023	sw	x3,352(x30)	 x30:0x8003fea0  x3:0x00000001 PA:0xxxxxxxxx
     476505.000 ns	     47649	80009ea8	ff9ff06f	jal	x0,80009ea4	
     476555.000 ns	     47654	80009ea0	00036f17	auipc	x30,0x36	 x30=0x8003fea0
     476565.000 ns	     47655	80009ea4	163f2023	sw	x3,352(x30)	 x30:0x8003fea0  x3:0x00000001 PA:0xxxxxxxxx
     476585.000 ns	     47657	80009ea8	ff9ff06f	jal	x0,80009ea4	
     476635.000 ns	     47662	80009ea0	00036f17	auipc	x30,0x36	 x30=0x8003fea0
     476645.000 ns	     47663	80009ea4	163f2023	sw	x3,352(x30)	 x30:0x8003fea0  x3:0x00000001 PA:0xxxxxxxxx
     476665.000 ns	     47665	80009ea8	ff9ff06f	jal	x0,80009ea4	
     476715.000 ns	     47670	80009ea0	00036f17	auipc	x30,0x36	 x30=0x8003fea0
     476725.000 ns	     47671	80009ea4	163f2023	sw	x3,352(x30)	 x30:0x8003fea0  x3:0x00000001 PA:0xxxxxxxxx
     476745.000 ns	     47673	80009ea8	ff9ff06f	jal	x0,80009ea4	
     476795.000 ns	     47678	80009ea0	00036f17	auipc	x30,0x36	 x30=0x8003fea0
     476805.000 ns	     47679	80009ea4	163f2023	sw	x3,352(x30)	 x30:0x8003fea0  x3:0x00000001 PA:0xxxxxxxxx
     476825.000 ns	     47681	80009ea8	ff9ff06f	jal	x0,80009ea4	
     476875.000 ns	     47686	80009ea0	00036f17	auipc	x30,0x36	 x30=0x8003fea0
     476885.000 ns	     47687	80009ea4	163f2023	sw	x3,352(x30)	 x30:0x8003fea0  x3:0x00000001 PA:0xxxxxxxxx
     476905.000 ns	     47689	80009ea8	ff9ff06f	jal	x0,80009ea4	
     476955.000 ns	     47694	80009ea0	00036f17	auipc	x30,0x36	 x30=0x8003fea0
     476965.000 ns	     47695	80009ea4	163f2023	sw	x3,352(x30)	 x30:0x8003fea0  x3:0x00000001 PA:0xxxxxxxxx
     476985.000 ns	     47697	80009ea8	ff9ff06f	jal	x0,80009ea4	
     477035.000 ns	     47702	80009ea0	00036f17	auipc	x30,0x36	 x30=0x8003fea0
     477045.000 ns	     47703	80009ea4	163f2023	sw	x3,352(x30)	 x30:0x8003fea0  x3:0x00000001 PA:0xxxxxxxxx
     477065.000 ns	     47705	80009ea8	ff9ff06f	jal	x0,80009ea4	
     477115.000 ns	     47710	80009ea0	00036f17	auipc	x30,0x36	 x30=0x8003fea0
     477125.000 ns	     47711	80009ea4	163f2023	sw	x3,352(x30)	 x30:0x8003fea0  x3:0x00000001 PA:0xxxxxxxxx
     477145.000 ns	     47713	80009ea8	ff9ff06f	jal	x0,80009ea4	
     477195.000 ns	     47718	80009ea0	00036f17	auipc	x30,0x36	 x30=0x8003fea0
     477205.000 ns	     47719	80009ea4	163f2023	sw	x3,352(x30)	 x30:0x8003fea0  x3:0x00000001 PA:0xxxxxxxxx
     477225.000 ns	     47721	80009ea8	ff9ff06f	jal	x0,80009ea4	
     477275.000 ns	     47726	80009ea0	00036f17	auipc	x30,0x36	 x30=0x8003fea0
     477285.000 ns	     47727	80009ea4	163f2023	sw	x3,352(x30)	 x30:0x8003fea0  x3:0x00000001 PA:0xxxxxxxxx
     477305.000 ns	     47729	80009ea8	ff9ff06f	jal	x0,80009ea4	
     477355.000 ns	     47734	80009ea0	00036f17	auipc	x30,0x36	 x30=0x8003fea0
     477365.000 ns	     47735	80009ea4	163f2023	sw	x3,352(x30)	 x30:0x8003fea0  x3:0x00000001 PA:0xxxxxxxxx
     477385.000 ns	     47737	80009ea8	ff9ff06f	jal	x0,80009ea4	
     477435.000 ns	     47742	80009ea0	00036f17	auipc	x30,0x36	 x30=0x8003fea0
     477445.000 ns	     47743	80009ea4	163f2023	sw	x3,352(x30)	 x30:0x8003fea0  x3:0x00000001 PA:0xxxxxxxxx
     477465.000 ns	     47745	80009ea8	ff9ff06f	jal	x0,80009ea4	
     477515.000 ns	     47750	80009ea0	00036f17	auipc	x30,0x36	 x30=0x8003fea0
     477525.000 ns	     47751	80009ea4	163f2023	sw	x3,352(x30)	 x30:0x8003fea0  x3:0x00000001 PA:0xxxxxxxxx
     477545.000 ns	     47753	80009ea8	ff9ff06f	jal	x0,80009ea4	
     477595.000 ns	     47758	80009ea0	00036f17	auipc	x30,0x36	 x30=0x8003fea0
     477605.000 ns	     47759	80009ea4	163f2023	sw	x3,352(x30)	 x30:0x8003fea0  x3:0x00000001 PA:0xxxxxxxxx
     477625.000 ns	     47761	80009ea8	ff9ff06f	jal	x0,80009ea4	
     477675.000 ns	     47766	80009ea0	00036f17	auipc	x30,0x36	 x30=0x8003fea0
     477685.000 ns	     47767	80009ea4	163f2023	sw	x3,352(x30)	 x30:0x8003fea0  x3:0x00000001 PA:0xxxxxxxxx
     477705.000 ns	     47769	80009ea8	ff9ff06f	jal	x0,80009ea4	
     477755.000 ns	     47774	80009ea0	00036f17	auipc	x30,0x36	 x30=0x8003fea0
     477765.000 ns	     47775	80009ea4	163f2023	sw	x3,352(x30)	 x30:0x8003fea0  x3:0x00000001 PA:0xxxxxxxxx
     477785.000 ns	     47777	80009ea8	ff9ff06f	jal	x0,80009ea4	
     477835.000 ns	     47782	80009ea0	00036f17	auipc	x30,0x36	 x30=0x8003fea0
     477845.000 ns	     47783	80009ea4	163f2023	sw	x3,352(x30)	 x30:0x8003fea0  x3:0x00000001 PA:0xxxxxxxxx
     477865.000 ns	     47785	80009ea8	ff9ff06f	jal	x0,80009ea4	
     477915.000 ns	     47790	80009ea0	00036f17	auipc	x30,0x36	 x30=0x8003fea0
     477925.000 ns	     47791	80009ea4	163f2023	sw	x3,352(x30)	 x30:0x8003fea0  x3:0x00000001 PA:0xxxxxxxxx
     477945.000 ns	     47793	80009ea8	ff9ff06f	jal	x0,80009ea4	
     477995.000 ns	     47798	80009ea0	00036f17	auipc	x30,0x36	 x30=0x8003fea0
     478005.000 ns	     47799	80009ea4	163f2023	sw	x3,352(x30)	 x30:0x8003fea0  x3:0x00000001 PA:0xxxxxxxxx
     478025.000 ns	     47801	80009ea8	ff9ff06f	jal	x0,80009ea4	
     478075.000 ns	     47806	80009ea0	00036f17	auipc	x30,0x36	 x30=0x8003fea0
     478085.000 ns	     47807	80009ea4	163f2023	sw	x3,352(x30)	 x30:0x8003fea0  x3:0x00000001 PA:0xxxxxxxxx
     478105.000 ns	     47809	80009ea8	ff9ff06f	jal	x0,80009ea4	
     478155.000 ns	     47814	80009ea0	00036f17	auipc	x30,0x36	 x30=0x8003fea0
     478165.000 ns	     47815	80009ea4	163f2023	sw	x3,352(x30)	 x30:0x8003fea0  x3:0x00000001 PA:0xxxxxxxxx
     478185.000 ns	     47817	80009ea8	ff9ff06f	jal	x0,80009ea4	
     478235.000 ns	     47822	80009ea0	00036f17	auipc	x30,0x36	 x30=0x8003fea0
     478245.000 ns	     47823	80009ea4	163f2023	sw	x3,352(x30)	 x30:0x8003fea0  x3:0x00000001 PA:0xxxxxxxxx
     478265.000 ns	     47825	80009ea8	ff9ff06f	jal	x0,80009ea4	
     478315.000 ns	     47830	80009ea0	00036f17	auipc	x30,0x36	 x30=0x8003fea0
     478325.000 ns	     47831	80009ea4	163f2023	sw	x3,352(x30)	 x30:0x8003fea0  x3:0x00000001 PA:0xxxxxxxxx
     478345.000 ns	     47833	80009ea8	ff9ff06f	jal	x0,80009ea4	
     478395.000 ns	     47838	80009ea0	00036f17	auipc	x30,0x36	 x30=0x8003fea0
     478405.000 ns	     47839	80009ea4	163f2023	sw	x3,352(x30)	 x30:0x8003fea0  x3:0x00000001 PA:0xxxxxxxxx
     478425.000 ns	     47841	80009ea8	ff9ff06f	jal	x0,80009ea4	
     478475.000 ns	     47846	80009ea0	00036f17	auipc	x30,0x36	 x30=0x8003fea0
     478485.000 ns	     47847	80009ea4	163f2023	sw	x3,352(x30)	 x30:0x8003fea0  x3:0x00000001 PA:0xxxxxxxxx
     478505.000 ns	     47849	80009ea8	ff9ff06f	jal	x0,80009ea4	
     478555.000 ns	     47854	80009ea0	00036f17	auipc	x30,0x36	 x30=0x8003fea0
     478565.000 ns	     47855	80009ea4	163f2023	sw	x3,352(x30)	 x30:0x8003fea0  x3:0x00000001 PA:0xxxxxxxxx
     478585.000 ns	     47857	80009ea8	ff9ff06f	jal	x0,80009ea4	
     478635.000 ns	     47862	80009ea0	00036f17	auipc	x30,0x36	 x30=0x8003fea0
     478645.000 ns	     47863	80009ea4	163f2023	sw	x3,352(x30)	 x30:0x8003fea0  x3:0x00000001 PA:0xxxxxxxxx
     478665.000 ns	     47865	80009ea8	ff9ff06f	jal	x0,80009ea4	
     478715.000 ns	     47870	80009ea0	00036f17	auipc	x30,0x36	 x30=0x8003fea0
     478725.000 ns	     47871	80009ea4	163f2023	sw	x3,352(x30)	 x30:0x8003fea0  x3:0x00000001 PA:0xxxxxxxxx
     478745.000 ns	     47873	80009ea8	ff9ff06f	jal	x0,80009ea4	
     478795.000 ns	     47878	80009ea0	00036f17	auipc	x30,0x36	 x30=0x8003fea0
     478805.000 ns	     47879	80009ea4	163f2023	sw	x3,352(x30)	 x30:0x8003fea0  x3:0x00000001 PA:0xxxxxxxxx
     478825.000 ns	     47881	80009ea8	ff9ff06f	jal	x0,80009ea4	
     478875.000 ns	     47886	80009ea0	00036f17	auipc	x30,0x36	 x30=0x8003fea0
     478885.000 ns	     47887	80009ea4	163f2023	sw	x3,352(x30)	 x30:0x8003fea0  x3:0x00000001 PA:0xxxxxxxxx
     478905.000 ns	     47889	80009ea8	ff9ff06f	jal	x0,80009ea4	
     478955.000 ns	     47894	80009ea0	00036f17	auipc	x30,0x36	 x30=0x8003fea0
     478965.000 ns	     47895	80009ea4	163f2023	sw	x3,352(x30)	 x30:0x8003fea0  x3:0x00000001 PA:0xxxxxxxxx
     478985.000 ns	     47897	80009ea8	ff9ff06f	jal	x0,80009ea4	
     479035.000 ns	     47902	80009ea0	00036f17	auipc	x30,0x36	 x30=0x8003fea0
     479045.000 ns	     47903	80009ea4	163f2023	sw	x3,352(x30)	 x30:0x8003fea0  x3:0x00000001 PA:0xxxxxxxxx
     479065.000 ns	     47905	80009ea8	ff9ff06f	jal	x0,80009ea4	
     479115.000 ns	     47910	80009ea0	00036f17	auipc	x30,0x36	 x30=0x8003fea0
     479125.000 ns	     47911	80009ea4	163f2023	sw	x3,352(x30)	 x30:0x8003fea0  x3:0x00000001 PA:0xxxxxxxxx
     479145.000 ns	     47913	80009ea8	ff9ff06f	jal	x0,80009ea4	
     479195.000 ns	     47918	80009ea0	00036f17	auipc	x30,0x36	 x30=0x8003fea0
     479205.000 ns	     47919	80009ea4	163f2023	sw	x3,352(x30)	 x30:0x8003fea0  x3:0x00000001 PA:0xxxxxxxxx
     479225.000 ns	     47921	80009ea8	ff9ff06f	jal	x0,80009ea4	
     479275.000 ns	     47926	80009ea0	00036f17	auipc	x30,0x36	 x30=0x8003fea0
     479285.000 ns	     47927	80009ea4	163f2023	sw	x3,352(x30)	 x30:0x8003fea0  x3:0x00000001 PA:0xxxxxxxxx
     479305.000 ns	     47929	80009ea8	ff9ff06f	jal	x0,80009ea4	
     479355.000 ns	     47934	80009ea0	00036f17	auipc	x30,0x36	 x30=0x8003fea0
     479365.000 ns	     47935	80009ea4	163f2023	sw	x3,352(x30)	 x30:0x8003fea0  x3:0x00000001 PA:0xxxxxxxxx
     479385.000 ns	     47937	80009ea8	ff9ff06f	jal	x0,80009ea4	
     479435.000 ns	     47942	80009ea0	00036f17	auipc	x30,0x36	 x30=0x8003fea0
     479445.000 ns	     47943	80009ea4	163f2023	sw	x3,352(x30)	 x30:0x8003fea0  x3:0x00000001 PA:0xxxxxxxxx
     479465.000 ns	     47945	80009ea8	ff9ff06f	jal	x0,80009ea4	
     479515.000 ns	     47950	80009ea0	00036f17	auipc	x30,0x36	 x30=0x8003fea0
     479525.000 ns	     47951	80009ea4	163f2023	sw	x3,352(x30)	 x30:0x8003fea0  x3:0x00000001 PA:0xxxxxxxxx
     479545.000 ns	     47953	80009ea8	ff9ff06f	jal	x0,80009ea4	
     479595.000 ns	     47958	80009ea0	00036f17	auipc	x30,0x36	 x30=0x8003fea0
     479605.000 ns	     47959	80009ea4	163f2023	sw	x3,352(x30)	 x30:0x8003fea0  x3:0x00000001 PA:0xxxxxxxxx
     479625.000 ns	     47961	80009ea8	ff9ff06f	jal	x0,80009ea4	
     479675.000 ns	     47966	80009ea0	00036f17	auipc	x30,0x36	 x30=0x8003fea0
     479685.000 ns	     47967	80009ea4	163f2023	sw	x3,352(x30)	 x30:0x8003fea0  x3:0x00000001 PA:0xxxxxxxxx
     479705.000 ns	     47969	80009ea8	ff9ff06f	jal	x0,80009ea4	
     479755.000 ns	     47974	80009ea0	00036f17	auipc	x30,0x36	 x30=0x8003fea0
     479765.000 ns	     47975	80009ea4	163f2023	sw	x3,352(x30)	 x30:0x8003fea0  x3:0x00000001 PA:0xxxxxxxxx
     479785.000 ns	     47977	80009ea8	ff9ff06f	jal	x0,80009ea4	
     479835.000 ns	     47982	80009ea0	00036f17	auipc	x30,0x36	 x30=0x8003fea0
     479845.000 ns	     47983	80009ea4	163f2023	sw	x3,352(x30)	 x30:0x8003fea0  x3:0x00000001 PA:0xxxxxxxxx
     479865.000 ns	     47985	80009ea8	ff9ff06f	jal	x0,80009ea4	
     479915.000 ns	     47990	80009ea0	00036f17	auipc	x30,0x36	 x30=0x8003fea0
     479925.000 ns	     47991	80009ea4	163f2023	sw	x3,352(x30)	 x30:0x8003fea0  x3:0x00000001 PA:0xxxxxxxxx
     479945.000 ns	     47993	80009ea8	ff9ff06f	jal	x0,80009ea4	
     479995.000 ns	     47998	80009ea0	00036f17	auipc	x30,0x36	 x30=0x8003fea0
     480005.000 ns	     47999	80009ea4	163f2023	sw	x3,352(x30)	 x30:0x8003fea0  x3:0x00000001 PA:0xxxxxxxxx
     480025.000 ns	     48001	80009ea8	ff9ff06f	jal	x0,80009ea4	
     480075.000 ns	     48006	80009ea0	00036f17	auipc	x30,0x36	 x30=0x8003fea0
     480085.000 ns	     48007	80009ea4	163f2023	sw	x3,352(x30)	 x30:0x8003fea0  x3:0x00000001 PA:0xxxxxxxxx
     480105.000 ns	     48009	80009ea8	ff9ff06f	jal	x0,80009ea4	
     480155.000 ns	     48014	80009ea0	00036f17	auipc	x30,0x36	 x30=0x8003fea0
     480165.000 ns	     48015	80009ea4	163f2023	sw	x3,352(x30)	 x30:0x8003fea0  x3:0x00000001 PA:0xxxxxxxxx
     480185.000 ns	     48017	80009ea8	ff9ff06f	jal	x0,80009ea4	
     480235.000 ns	     48022	80009ea0	00036f17	auipc	x30,0x36	 x30=0x8003fea0
     480245.000 ns	     48023	80009ea4	163f2023	sw	x3,352(x30)	 x30:0x8003fea0  x3:0x00000001 PA:0xxxxxxxxx
     480265.000 ns	     48025	80009ea8	ff9ff06f	jal	x0,80009ea4	
     480315.000 ns	     48030	80009ea0	00036f17	auipc	x30,0x36	 x30=0x8003fea0
     480325.000 ns	     48031	80009ea4	163f2023	sw	x3,352(x30)	 x30:0x8003fea0  x3:0x00000001 PA:0xxxxxxxxx
     480345.000 ns	     48033	80009ea8	ff9ff06f	jal	x0,80009ea4	
     480395.000 ns	     48038	80009ea0	00036f17	auipc	x30,0x36	 x30=0x8003fea0
     480405.000 ns	     48039	80009ea4	163f2023	sw	x3,352(x30)	 x30:0x8003fea0  x3:0x00000001 PA:0xxxxxxxxx
     480425.000 ns	     48041	80009ea8	ff9ff06f	jal	x0,80009ea4	
     480475.000 ns	     48046	80009ea0	00036f17	auipc	x30,0x36	 x30=0x8003fea0
     480485.000 ns	     48047	80009ea4	163f2023	sw	x3,352(x30)	 x30:0x8003fea0  x3:0x00000001 PA:0xxxxxxxxx
     480505.000 ns	     48049	80009ea8	ff9ff06f	jal	x0,80009ea4	
     480555.000 ns	     48054	80009ea0	00036f17	auipc	x30,0x36	 x30=0x8003fea0
     480565.000 ns	     48055	80009ea4	163f2023	sw	x3,352(x30)	 x30:0x8003fea0  x3:0x00000001 PA:0xxxxxxxxx
     480585.000 ns	     48057	80009ea8	ff9ff06f	jal	x0,80009ea4	
     480635.000 ns	     48062	80009ea0	00036f17	auipc	x30,0x36	 x30=0x8003fea0
     480645.000 ns	     48063	80009ea4	163f2023	sw	x3,352(x30)	 x30:0x8003fea0  x3:0x00000001 PA:0xxxxxxxxx
     480665.000 ns	     48065	80009ea8	ff9ff06f	jal	x0,80009ea4	
     480715.000 ns	     48070	80009ea0	00036f17	auipc	x30,0x36	 x30=0x8003fea0
     480725.000 ns	     48071	80009ea4	163f2023	sw	x3,352(x30)	 x30:0x8003fea0  x3:0x00000001 PA:0xxxxxxxxx
     480745.000 ns	     48073	80009ea8	ff9ff06f	jal	x0,80009ea4	
     480795.000 ns	     48078	80009ea0	00036f17	auipc	x30,0x36	 x30=0x8003fea0
     480805.000 ns	     48079	80009ea4	163f2023	sw	x3,352(x30)	 x30:0x8003fea0  x3:0x00000001 PA:0xxxxxxxxx
     480825.000 ns	     48081	80009ea8	ff9ff06f	jal	x0,80009ea4	
     480875.000 ns	     48086	80009ea0	00036f17	auipc	x30,0x36	 x30=0x8003fea0
     480885.000 ns	     48087	80009ea4	163f2023	sw	x3,352(x30)	 x30:0x8003fea0  x3:0x00000001 PA:0xxxxxxxxx
     480905.000 ns	     48089	80009ea8	ff9ff06f	jal	x0,80009ea4	
     480955.000 ns	     48094	80009ea0	00036f17	auipc	x30,0x36	 x30=0x8003fea0
     480965.000 ns	     48095	80009ea4	163f2023	sw	x3,352(x30)	 x30:0x8003fea0  x3:0x00000001 PA:0xxxxxxxxx
     480985.000 ns	     48097	80009ea8	ff9ff06f	jal	x0,80009ea4	
     481035.000 ns	     48102	80009ea0	00036f17	auipc	x30,0x36	 x30=0x8003fea0
     481045.000 ns	     48103	80009ea4	163f2023	sw	x3,352(x30)	 x30:0x8003fea0  x3:0x00000001 PA:0xxxxxxxxx
     481065.000 ns	     48105	80009ea8	ff9ff06f	jal	x0,80009ea4	
     481115.000 ns	     48110	80009ea0	00036f17	auipc	x30,0x36	 x30=0x8003fea0
     481125.000 ns	     48111	80009ea4	163f2023	sw	x3,352(x30)	 x30:0x8003fea0  x3:0x00000001 PA:0xxxxxxxxx
     481145.000 ns	     48113	80009ea8	ff9ff06f	jal	x0,80009ea4	
     481195.000 ns	     48118	80009ea0	00036f17	auipc	x30,0x36	 x30=0x8003fea0
     481205.000 ns	     48119	80009ea4	163f2023	sw	x3,352(x30)	 x30:0x8003fea0  x3:0x00000001 PA:0xxxxxxxxx
     481225.000 ns	     48121	80009ea8	ff9ff06f	jal	x0,80009ea4	
     481275.000 ns	     48126	80009ea0	00036f17	auipc	x30,0x36	 x30=0x8003fea0
     481285.000 ns	     48127	80009ea4	163f2023	sw	x3,352(x30)	 x30:0x8003fea0  x3:0x00000001 PA:0xxxxxxxxx
     481305.000 ns	     48129	80009ea8	ff9ff06f	jal	x0,80009ea4	
     481355.000 ns	     48134	80009ea0	00036f17	auipc	x30,0x36	 x30=0x8003fea0
     481365.000 ns	     48135	80009ea4	163f2023	sw	x3,352(x30)	 x30:0x8003fea0  x3:0x00000001 PA:0xxxxxxxxx
     481385.000 ns	     48137	80009ea8	ff9ff06f	jal	x0,80009ea4	
     481435.000 ns	     48142	80009ea0	00036f17	auipc	x30,0x36	 x30=0x8003fea0
     481445.000 ns	     48143	80009ea4	163f2023	sw	x3,352(x30)	 x30:0x8003fea0  x3:0x00000001 PA:0xxxxxxxxx
     481465.000 ns	     48145	80009ea8	ff9ff06f	jal	x0,80009ea4	
     481515.000 ns	     48150	80009ea0	00036f17	auipc	x30,0x36	 x30=0x8003fea0
     481525.000 ns	     48151	80009ea4	163f2023	sw	x3,352(x30)	 x30:0x8003fea0  x3:0x00000001 PA:0xxxxxxxxx
     481545.000 ns	     48153	80009ea8	ff9ff06f	jal	x0,80009ea4	
     481595.000 ns	     48158	80009ea0	00036f17	auipc	x30,0x36	 x30=0x8003fea0
     481605.000 ns	     48159	80009ea4	163f2023	sw	x3,352(x30)	 x30:0x8003fea0  x3:0x00000001 PA:0xxxxxxxxx
     481625.000 ns	     48161	80009ea8	ff9ff06f	jal	x0,80009ea4	
     481675.000 ns	     48166	80009ea0	00036f17	auipc	x30,0x36	 x30=0x8003fea0
     481685.000 ns	     48167	80009ea4	163f2023	sw	x3,352(x30)	 x30:0x8003fea0  x3:0x00000001 PA:0xxxxxxxxx
     481705.000 ns	     48169	80009ea8	ff9ff06f	jal	x0,80009ea4	
     481755.000 ns	     48174	80009ea0	00036f17	auipc	x30,0x36	 x30=0x8003fea0
     481765.000 ns	     48175	80009ea4	163f2023	sw	x3,352(x30)	 x30:0x8003fea0  x3:0x00000001 PA:0xxxxxxxxx
     481785.000 ns	     48177	80009ea8	ff9ff06f	jal	x0,80009ea4	
     481835.000 ns	     48182	80009ea0	00036f17	auipc	x30,0x36	 x30=0x8003fea0
     481845.000 ns	     48183	80009ea4	163f2023	sw	x3,352(x30)	 x30:0x8003fea0  x3:0x00000001 PA:0xxxxxxxxx
     481865.000 ns	     48185	80009ea8	ff9ff06f	jal	x0,80009ea4	
     481915.000 ns	     48190	80009ea0	00036f17	auipc	x30,0x36	 x30=0x8003fea0
     481925.000 ns	     48191	80009ea4	163f2023	sw	x3,352(x30)	 x30:0x8003fea0  x3:0x00000001 PA:0xxxxxxxxx
     481945.000 ns	     48193	80009ea8	ff9ff06f	jal	x0,80009ea4	
     481995.000 ns	     48198	80009ea0	00036f17	auipc	x30,0x36	 x30=0x8003fea0
     482005.000 ns	     48199	80009ea4	163f2023	sw	x3,352(x30)	 x30:0x8003fea0  x3:0x00000001 PA:0xxxxxxxxx
     482025.000 ns	     48201	80009ea8	ff9ff06f	jal	x0,80009ea4	
     482075.000 ns	     48206	80009ea0	00036f17	auipc	x30,0x36	 x30=0x8003fea0
     482085.000 ns	     48207	80009ea4	163f2023	sw	x3,352(x30)	 x30:0x8003fea0  x3:0x00000001 PA:0xxxxxxxxx
     482105.000 ns	     48209	80009ea8	ff9ff06f	jal	x0,80009ea4	
     482155.000 ns	     48214	80009ea0	00036f17	auipc	x30,0x36	 x30=0x8003fea0
     482165.000 ns	     48215	80009ea4	163f2023	sw	x3,352(x30)	 x30:0x8003fea0  x3:0x00000001 PA:0xxxxxxxxx
     482185.000 ns	     48217	80009ea8	ff9ff06f	jal	x0,80009ea4	
     482235.000 ns	     48222	80009ea0	00036f17	auipc	x30,0x36	 x30=0x8003fea0
     482245.000 ns	     48223	80009ea4	163f2023	sw	x3,352(x30)	 x30:0x8003fea0  x3:0x00000001 PA:0xxxxxxxxx
     482265.000 ns	     48225	80009ea8	ff9ff06f	jal	x0,80009ea4	
     482315.000 ns	     48230	80009ea0	00036f17	auipc	x30,0x36	 x30=0x8003fea0
     482325.000 ns	     48231	80009ea4	163f2023	sw	x3,352(x30)	 x30:0x8003fea0  x3:0x00000001 PA:0xxxxxxxxx
     482345.000 ns	     48233	80009ea8	ff9ff06f	jal	x0,80009ea4	
     482395.000 ns	     48238	80009ea0	00036f17	auipc	x30,0x36	 x30=0x8003fea0
     482405.000 ns	     48239	80009ea4	163f2023	sw	x3,352(x30)	 x30:0x8003fea0  x3:0x00000001 PA:0xxxxxxxxx
     482425.000 ns	     48241	80009ea8	ff9ff06f	jal	x0,80009ea4	
     482475.000 ns	     48246	80009ea0	00036f17	auipc	x30,0x36	 x30=0x8003fea0
     482485.000 ns	     48247	80009ea4	163f2023	sw	x3,352(x30)	 x30:0x8003fea0  x3:0x00000001 PA:0xxxxxxxxx
     482505.000 ns	     48249	80009ea8	ff9ff06f	jal	x0,80009ea4	
     482555.000 ns	     48254	80009ea0	00036f17	auipc	x30,0x36	 x30=0x8003fea0
     482565.000 ns	     48255	80009ea4	163f2023	sw	x3,352(x30)	 x30:0x8003fea0  x3:0x00000001 PA:0xxxxxxxxx
     482585.000 ns	     48257	80009ea8	ff9ff06f	jal	x0,80009ea4	
     482635.000 ns	     48262	80009ea0	00036f17	auipc	x30,0x36	 x30=0x8003fea0
     482645.000 ns	     48263	80009ea4	163f2023	sw	x3,352(x30)	 x30:0x8003fea0  x3:0x00000001 PA:0xxxxxxxxx
     482665.000 ns	     48265	80009ea8	ff9ff06f	jal	x0,80009ea4	
     482715.000 ns	     48270	80009ea0	00036f17	auipc	x30,0x36	 x30=0x8003fea0
     482725.000 ns	     48271	80009ea4	163f2023	sw	x3,352(x30)	 x30:0x8003fea0  x3:0x00000001 PA:0xxxxxxxxx
     482745.000 ns	     48273	80009ea8	ff9ff06f	jal	x0,80009ea4	
     482795.000 ns	     48278	80009ea0	00036f17	auipc	x30,0x36	 x30=0x8003fea0
     482805.000 ns	     48279	80009ea4	163f2023	sw	x3,352(x30)	 x30:0x8003fea0  x3:0x00000001 PA:0xxxxxxxxx
     482825.000 ns	     48281	80009ea8	ff9ff06f	jal	x0,80009ea4	
     482875.000 ns	     48286	80009ea0	00036f17	auipc	x30,0x36	 x30=0x8003fea0
     482885.000 ns	     48287	80009ea4	163f2023	sw	x3,352(x30)	 x30:0x8003fea0  x3:0x00000001 PA:0xxxxxxxxx
     482905.000 ns	     48289	80009ea8	ff9ff06f	jal	x0,80009ea4	
     482955.000 ns	     48294	80009ea0	00036f17	auipc	x30,0x36	 x30=0x8003fea0
     482965.000 ns	     48295	80009ea4	163f2023	sw	x3,352(x30)	 x30:0x8003fea0  x3:0x00000001 PA:0xxxxxxxxx
     482985.000 ns	     48297	80009ea8	ff9ff06f	jal	x0,80009ea4	
     483035.000 ns	     48302	80009ea0	00036f17	auipc	x30,0x36	 x30=0x8003fea0
     483045.000 ns	     48303	80009ea4	163f2023	sw	x3,352(x30)	 x30:0x8003fea0  x3:0x00000001 PA:0xxxxxxxxx
     483065.000 ns	     48305	80009ea8	ff9ff06f	jal	x0,80009ea4	
     483115.000 ns	     48310	80009ea0	00036f17	auipc	x30,0x36	 x30=0x8003fea0
     483125.000 ns	     48311	80009ea4	163f2023	sw	x3,352(x30)	 x30:0x8003fea0  x3:0x00000001 PA:0xxxxxxxxx
     483145.000 ns	     48313	80009ea8	ff9ff06f	jal	x0,80009ea4	
     483195.000 ns	     48318	80009ea0	00036f17	auipc	x30,0x36	 x30=0x8003fea0
     483205.000 ns	     48319	80009ea4	163f2023	sw	x3,352(x30)	 x30:0x8003fea0  x3:0x00000001 PA:0xxxxxxxxx
     483225.000 ns	     48321	80009ea8	ff9ff06f	jal	x0,80009ea4	
     483275.000 ns	     48326	80009ea0	00036f17	auipc	x30,0x36	 x30=0x8003fea0
     483285.000 ns	     48327	80009ea4	163f2023	sw	x3,352(x30)	 x30:0x8003fea0  x3:0x00000001 PA:0xxxxxxxxx
     483305.000 ns	     48329	80009ea8	ff9ff06f	jal	x0,80009ea4	
     483355.000 ns	     48334	80009ea0	00036f17	auipc	x30,0x36	 x30=0x8003fea0
     483365.000 ns	     48335	80009ea4	163f2023	sw	x3,352(x30)	 x30:0x8003fea0  x3:0x00000001 PA:0xxxxxxxxx
     483385.000 ns	     48337	80009ea8	ff9ff06f	jal	x0,80009ea4	
     483435.000 ns	     48342	80009ea0	00036f17	auipc	x30,0x36	 x30=0x8003fea0
     483445.000 ns	     48343	80009ea4	163f2023	sw	x3,352(x30)	 x30:0x8003fea0  x3:0x00000001 PA:0xxxxxxxxx
     483465.000 ns	     48345	80009ea8	ff9ff06f	jal	x0,80009ea4	
     483515.000 ns	     48350	80009ea0	00036f17	auipc	x30,0x36	 x30=0x8003fea0
     483525.000 ns	     48351	80009ea4	163f2023	sw	x3,352(x30)	 x30:0x8003fea0  x3:0x00000001 PA:0xxxxxxxxx
     483545.000 ns	     48353	80009ea8	ff9ff06f	jal	x0,80009ea4	
     483595.000 ns	     48358	80009ea0	00036f17	auipc	x30,0x36	 x30=0x8003fea0
     483605.000 ns	     48359	80009ea4	163f2023	sw	x3,352(x30)	 x30:0x8003fea0  x3:0x00000001 PA:0xxxxxxxxx
     483625.000 ns	     48361	80009ea8	ff9ff06f	jal	x0,80009ea4	
     483675.000 ns	     48366	80009ea0	00036f17	auipc	x30,0x36	 x30=0x8003fea0
     483685.000 ns	     48367	80009ea4	163f2023	sw	x3,352(x30)	 x30:0x8003fea0  x3:0x00000001 PA:0xxxxxxxxx
     483705.000 ns	     48369	80009ea8	ff9ff06f	jal	x0,80009ea4	
     483755.000 ns	     48374	80009ea0	00036f17	auipc	x30,0x36	 x30=0x8003fea0
     483765.000 ns	     48375	80009ea4	163f2023	sw	x3,352(x30)	 x30:0x8003fea0  x3:0x00000001 PA:0xxxxxxxxx
     483785.000 ns	     48377	80009ea8	ff9ff06f	jal	x0,80009ea4	
     483835.000 ns	     48382	80009ea0	00036f17	auipc	x30,0x36	 x30=0x8003fea0
     483845.000 ns	     48383	80009ea4	163f2023	sw	x3,352(x30)	 x30:0x8003fea0  x3:0x00000001 PA:0xxxxxxxxx
     483865.000 ns	     48385	80009ea8	ff9ff06f	jal	x0,80009ea4	
     483915.000 ns	     48390	80009ea0	00036f17	auipc	x30,0x36	 x30=0x8003fea0
     483925.000 ns	     48391	80009ea4	163f2023	sw	x3,352(x30)	 x30:0x8003fea0  x3:0x00000001 PA:0xxxxxxxxx
     483945.000 ns	     48393	80009ea8	ff9ff06f	jal	x0,80009ea4	
     483995.000 ns	     48398	80009ea0	00036f17	auipc	x30,0x36	 x30=0x8003fea0
     484005.000 ns	     48399	80009ea4	163f2023	sw	x3,352(x30)	 x30:0x8003fea0  x3:0x00000001 PA:0xxxxxxxxx
     484025.000 ns	     48401	80009ea8	ff9ff06f	jal	x0,80009ea4	
     484075.000 ns	     48406	80009ea0	00036f17	auipc	x30,0x36	 x30=0x8003fea0
     484085.000 ns	     48407	80009ea4	163f2023	sw	x3,352(x30)	 x30:0x8003fea0  x3:0x00000001 PA:0xxxxxxxxx
     484105.000 ns	     48409	80009ea8	ff9ff06f	jal	x0,80009ea4	
     484155.000 ns	     48414	80009ea0	00036f17	auipc	x30,0x36	 x30=0x8003fea0
     484165.000 ns	     48415	80009ea4	163f2023	sw	x3,352(x30)	 x30:0x8003fea0  x3:0x00000001 PA:0xxxxxxxxx
     484185.000 ns	     48417	80009ea8	ff9ff06f	jal	x0,80009ea4	
     484235.000 ns	     48422	80009ea0	00036f17	auipc	x30,0x36	 x30=0x8003fea0
     484245.000 ns	     48423	80009ea4	163f2023	sw	x3,352(x30)	 x30:0x8003fea0  x3:0x00000001 PA:0xxxxxxxxx
     484265.000 ns	     48425	80009ea8	ff9ff06f	jal	x0,80009ea4	
     484315.000 ns	     48430	80009ea0	00036f17	auipc	x30,0x36	 x30=0x8003fea0
     484325.000 ns	     48431	80009ea4	163f2023	sw	x3,352(x30)	 x30:0x8003fea0  x3:0x00000001 PA:0xxxxxxxxx
     484345.000 ns	     48433	80009ea8	ff9ff06f	jal	x0,80009ea4	
     484395.000 ns	     48438	80009ea0	00036f17	auipc	x30,0x36	 x30=0x8003fea0
     484405.000 ns	     48439	80009ea4	163f2023	sw	x3,352(x30)	 x30:0x8003fea0  x3:0x00000001 PA:0xxxxxxxxx
     484425.000 ns	     48441	80009ea8	ff9ff06f	jal	x0,80009ea4	
     484475.000 ns	     48446	80009ea0	00036f17	auipc	x30,0x36	 x30=0x8003fea0
     484485.000 ns	     48447	80009ea4	163f2023	sw	x3,352(x30)	 x30:0x8003fea0  x3:0x00000001 PA:0xxxxxxxxx
     484505.000 ns	     48449	80009ea8	ff9ff06f	jal	x0,80009ea4	
     484555.000 ns	     48454	80009ea0	00036f17	auipc	x30,0x36	 x30=0x8003fea0
     484565.000 ns	     48455	80009ea4	163f2023	sw	x3,352(x30)	 x30:0x8003fea0  x3:0x00000001 PA:0xxxxxxxxx
     484585.000 ns	     48457	80009ea8	ff9ff06f	jal	x0,80009ea4	
     484635.000 ns	     48462	80009ea0	00036f17	auipc	x30,0x36	 x30=0x8003fea0
     484645.000 ns	     48463	80009ea4	163f2023	sw	x3,352(x30)	 x30:0x8003fea0  x3:0x00000001 PA:0xxxxxxxxx
     484665.000 ns	     48465	80009ea8	ff9ff06f	jal	x0,80009ea4	
     484715.000 ns	     48470	80009ea0	00036f17	auipc	x30,0x36	 x30=0x8003fea0
     484725.000 ns	     48471	80009ea4	163f2023	sw	x3,352(x30)	 x30:0x8003fea0  x3:0x00000001 PA:0xxxxxxxxx
     484745.000 ns	     48473	80009ea8	ff9ff06f	jal	x0,80009ea4	
     484795.000 ns	     48478	80009ea0	00036f17	auipc	x30,0x36	 x30=0x8003fea0
     484805.000 ns	     48479	80009ea4	163f2023	sw	x3,352(x30)	 x30:0x8003fea0  x3:0x00000001 PA:0xxxxxxxxx
     484825.000 ns	     48481	80009ea8	ff9ff06f	jal	x0,80009ea4	
     484875.000 ns	     48486	80009ea0	00036f17	auipc	x30,0x36	 x30=0x8003fea0
     484885.000 ns	     48487	80009ea4	163f2023	sw	x3,352(x30)	 x30:0x8003fea0  x3:0x00000001 PA:0xxxxxxxxx
     484905.000 ns	     48489	80009ea8	ff9ff06f	jal	x0,80009ea4	
     484955.000 ns	     48494	80009ea0	00036f17	auipc	x30,0x36	 x30=0x8003fea0
     484965.000 ns	     48495	80009ea4	163f2023	sw	x3,352(x30)	 x30:0x8003fea0  x3:0x00000001 PA:0xxxxxxxxx
     484985.000 ns	     48497	80009ea8	ff9ff06f	jal	x0,80009ea4	
     485035.000 ns	     48502	80009ea0	00036f17	auipc	x30,0x36	 x30=0x8003fea0
     485045.000 ns	     48503	80009ea4	163f2023	sw	x3,352(x30)	 x30:0x8003fea0  x3:0x00000001 PA:0xxxxxxxxx
     485065.000 ns	     48505	80009ea8	ff9ff06f	jal	x0,80009ea4	
     485115.000 ns	     48510	80009ea0	00036f17	auipc	x30,0x36	 x30=0x8003fea0
     485125.000 ns	     48511	80009ea4	163f2023	sw	x3,352(x30)	 x30:0x8003fea0  x3:0x00000001 PA:0xxxxxxxxx
     485145.000 ns	     48513	80009ea8	ff9ff06f	jal	x0,80009ea4	
     485195.000 ns	     48518	80009ea0	00036f17	auipc	x30,0x36	 x30=0x8003fea0
     485205.000 ns	     48519	80009ea4	163f2023	sw	x3,352(x30)	 x30:0x8003fea0  x3:0x00000001 PA:0xxxxxxxxx
     485225.000 ns	     48521	80009ea8	ff9ff06f	jal	x0,80009ea4	
     485275.000 ns	     48526	80009ea0	00036f17	auipc	x30,0x36	 x30=0x8003fea0
     485285.000 ns	     48527	80009ea4	163f2023	sw	x3,352(x30)	 x30:0x8003fea0  x3:0x00000001 PA:0xxxxxxxxx
     485305.000 ns	     48529	80009ea8	ff9ff06f	jal	x0,80009ea4	
     485355.000 ns	     48534	80009ea0	00036f17	auipc	x30,0x36	 x30=0x8003fea0
     485365.000 ns	     48535	80009ea4	163f2023	sw	x3,352(x30)	 x30:0x8003fea0  x3:0x00000001 PA:0xxxxxxxxx
     485385.000 ns	     48537	80009ea8	ff9ff06f	jal	x0,80009ea4	
     485435.000 ns	     48542	80009ea0	00036f17	auipc	x30,0x36	 x30=0x8003fea0
     485445.000 ns	     48543	80009ea4	163f2023	sw	x3,352(x30)	 x30:0x8003fea0  x3:0x00000001 PA:0xxxxxxxxx
     485465.000 ns	     48545	80009ea8	ff9ff06f	jal	x0,80009ea4	
     485515.000 ns	     48550	80009ea0	00036f17	auipc	x30,0x36	 x30=0x8003fea0
     485525.000 ns	     48551	80009ea4	163f2023	sw	x3,352(x30)	 x30:0x8003fea0  x3:0x00000001 PA:0xxxxxxxxx
     485545.000 ns	     48553	80009ea8	ff9ff06f	jal	x0,80009ea4	
     485595.000 ns	     48558	80009ea0	00036f17	auipc	x30,0x36	 x30=0x8003fea0
     485605.000 ns	     48559	80009ea4	163f2023	sw	x3,352(x30)	 x30:0x8003fea0  x3:0x00000001 PA:0xxxxxxxxx
     485625.000 ns	     48561	80009ea8	ff9ff06f	jal	x0,80009ea4	
     485675.000 ns	     48566	80009ea0	00036f17	auipc	x30,0x36	 x30=0x8003fea0
     485685.000 ns	     48567	80009ea4	163f2023	sw	x3,352(x30)	 x30:0x8003fea0  x3:0x00000001 PA:0xxxxxxxxx
     485705.000 ns	     48569	80009ea8	ff9ff06f	jal	x0,80009ea4	
     485755.000 ns	     48574	80009ea0	00036f17	auipc	x30,0x36	 x30=0x8003fea0
     485765.000 ns	     48575	80009ea4	163f2023	sw	x3,352(x30)	 x30:0x8003fea0  x3:0x00000001 PA:0xxxxxxxxx
     485785.000 ns	     48577	80009ea8	ff9ff06f	jal	x0,80009ea4	
     485835.000 ns	     48582	80009ea0	00036f17	auipc	x30,0x36	 x30=0x8003fea0
     485845.000 ns	     48583	80009ea4	163f2023	sw	x3,352(x30)	 x30:0x8003fea0  x3:0x00000001 PA:0xxxxxxxxx
     485865.000 ns	     48585	80009ea8	ff9ff06f	jal	x0,80009ea4	
     485915.000 ns	     48590	80009ea0	00036f17	auipc	x30,0x36	 x30=0x8003fea0
     485925.000 ns	     48591	80009ea4	163f2023	sw	x3,352(x30)	 x30:0x8003fea0  x3:0x00000001 PA:0xxxxxxxxx
     485945.000 ns	     48593	80009ea8	ff9ff06f	jal	x0,80009ea4	
     485995.000 ns	     48598	80009ea0	00036f17	auipc	x30,0x36	 x30=0x8003fea0
     486005.000 ns	     48599	80009ea4	163f2023	sw	x3,352(x30)	 x30:0x8003fea0  x3:0x00000001 PA:0xxxxxxxxx
     486025.000 ns	     48601	80009ea8	ff9ff06f	jal	x0,80009ea4	
     486075.000 ns	     48606	80009ea0	00036f17	auipc	x30,0x36	 x30=0x8003fea0
     486085.000 ns	     48607	80009ea4	163f2023	sw	x3,352(x30)	 x30:0x8003fea0  x3:0x00000001 PA:0xxxxxxxxx
     486105.000 ns	     48609	80009ea8	ff9ff06f	jal	x0,80009ea4	
     486155.000 ns	     48614	80009ea0	00036f17	auipc	x30,0x36	 x30=0x8003fea0
     486165.000 ns	     48615	80009ea4	163f2023	sw	x3,352(x30)	 x30:0x8003fea0  x3:0x00000001 PA:0xxxxxxxxx
     486185.000 ns	     48617	80009ea8	ff9ff06f	jal	x0,80009ea4	
     486235.000 ns	     48622	80009ea0	00036f17	auipc	x30,0x36	 x30=0x8003fea0
     486245.000 ns	     48623	80009ea4	163f2023	sw	x3,352(x30)	 x30:0x8003fea0  x3:0x00000001 PA:0xxxxxxxxx
     486265.000 ns	     48625	80009ea8	ff9ff06f	jal	x0,80009ea4	
     486315.000 ns	     48630	80009ea0	00036f17	auipc	x30,0x36	 x30=0x8003fea0
     486325.000 ns	     48631	80009ea4	163f2023	sw	x3,352(x30)	 x30:0x8003fea0  x3:0x00000001 PA:0xxxxxxxxx
     486345.000 ns	     48633	80009ea8	ff9ff06f	jal	x0,80009ea4	
     486395.000 ns	     48638	80009ea0	00036f17	auipc	x30,0x36	 x30=0x8003fea0
     486405.000 ns	     48639	80009ea4	163f2023	sw	x3,352(x30)	 x30:0x8003fea0  x3:0x00000001 PA:0xxxxxxxxx
     486425.000 ns	     48641	80009ea8	ff9ff06f	jal	x0,80009ea4	
     486475.000 ns	     48646	80009ea0	00036f17	auipc	x30,0x36	 x30=0x8003fea0
     486485.000 ns	     48647	80009ea4	163f2023	sw	x3,352(x30)	 x30:0x8003fea0  x3:0x00000001 PA:0xxxxxxxxx
     486505.000 ns	     48649	80009ea8	ff9ff06f	jal	x0,80009ea4	
     486555.000 ns	     48654	80009ea0	00036f17	auipc	x30,0x36	 x30=0x8003fea0
     486565.000 ns	     48655	80009ea4	163f2023	sw	x3,352(x30)	 x30:0x8003fea0  x3:0x00000001 PA:0xxxxxxxxx
     486585.000 ns	     48657	80009ea8	ff9ff06f	jal	x0,80009ea4	
     486635.000 ns	     48662	80009ea0	00036f17	auipc	x30,0x36	 x30=0x8003fea0
     486645.000 ns	     48663	80009ea4	163f2023	sw	x3,352(x30)	 x30:0x8003fea0  x3:0x00000001 PA:0xxxxxxxxx
     486665.000 ns	     48665	80009ea8	ff9ff06f	jal	x0,80009ea4	
     486715.000 ns	     48670	80009ea0	00036f17	auipc	x30,0x36	 x30=0x8003fea0
     486725.000 ns	     48671	80009ea4	163f2023	sw	x3,352(x30)	 x30:0x8003fea0  x3:0x00000001 PA:0xxxxxxxxx
     486745.000 ns	     48673	80009ea8	ff9ff06f	jal	x0,80009ea4	
     486795.000 ns	     48678	80009ea0	00036f17	auipc	x30,0x36	 x30=0x8003fea0
     486805.000 ns	     48679	80009ea4	163f2023	sw	x3,352(x30)	 x30:0x8003fea0  x3:0x00000001 PA:0xxxxxxxxx
     486825.000 ns	     48681	80009ea8	ff9ff06f	jal	x0,80009ea4	
     486875.000 ns	     48686	80009ea0	00036f17	auipc	x30,0x36	 x30=0x8003fea0
     486885.000 ns	     48687	80009ea4	163f2023	sw	x3,352(x30)	 x30:0x8003fea0  x3:0x00000001 PA:0xxxxxxxxx
     486905.000 ns	     48689	80009ea8	ff9ff06f	jal	x0,80009ea4	
     486955.000 ns	     48694	80009ea0	00036f17	auipc	x30,0x36	 x30=0x8003fea0
     486965.000 ns	     48695	80009ea4	163f2023	sw	x3,352(x30)	 x30:0x8003fea0  x3:0x00000001 PA:0xxxxxxxxx
     486985.000 ns	     48697	80009ea8	ff9ff06f	jal	x0,80009ea4	
     487035.000 ns	     48702	80009ea0	00036f17	auipc	x30,0x36	 x30=0x8003fea0
     487045.000 ns	     48703	80009ea4	163f2023	sw	x3,352(x30)	 x30:0x8003fea0  x3:0x00000001 PA:0xxxxxxxxx
     487065.000 ns	     48705	80009ea8	ff9ff06f	jal	x0,80009ea4	
     487115.000 ns	     48710	80009ea0	00036f17	auipc	x30,0x36	 x30=0x8003fea0
     487125.000 ns	     48711	80009ea4	163f2023	sw	x3,352(x30)	 x30:0x8003fea0  x3:0x00000001 PA:0xxxxxxxxx
     487145.000 ns	     48713	80009ea8	ff9ff06f	jal	x0,80009ea4	
     487195.000 ns	     48718	80009ea0	00036f17	auipc	x30,0x36	 x30=0x8003fea0
     487205.000 ns	     48719	80009ea4	163f2023	sw	x3,352(x30)	 x30:0x8003fea0  x3:0x00000001 PA:0xxxxxxxxx
     487225.000 ns	     48721	80009ea8	ff9ff06f	jal	x0,80009ea4	
     487275.000 ns	     48726	80009ea0	00036f17	auipc	x30,0x36	 x30=0x8003fea0
     487285.000 ns	     48727	80009ea4	163f2023	sw	x3,352(x30)	 x30:0x8003fea0  x3:0x00000001 PA:0xxxxxxxxx
     487305.000 ns	     48729	80009ea8	ff9ff06f	jal	x0,80009ea4	
     487355.000 ns	     48734	80009ea0	00036f17	auipc	x30,0x36	 x30=0x8003fea0
     487365.000 ns	     48735	80009ea4	163f2023	sw	x3,352(x30)	 x30:0x8003fea0  x3:0x00000001 PA:0xxxxxxxxx
     487385.000 ns	     48737	80009ea8	ff9ff06f	jal	x0,80009ea4	
     487435.000 ns	     48742	80009ea0	00036f17	auipc	x30,0x36	 x30=0x8003fea0
     487445.000 ns	     48743	80009ea4	163f2023	sw	x3,352(x30)	 x30:0x8003fea0  x3:0x00000001 PA:0xxxxxxxxx
     487465.000 ns	     48745	80009ea8	ff9ff06f	jal	x0,80009ea4	
     487515.000 ns	     48750	80009ea0	00036f17	auipc	x30,0x36	 x30=0x8003fea0
     487525.000 ns	     48751	80009ea4	163f2023	sw	x3,352(x30)	 x30:0x8003fea0  x3:0x00000001 PA:0xxxxxxxxx
     487545.000 ns	     48753	80009ea8	ff9ff06f	jal	x0,80009ea4	
     487595.000 ns	     48758	80009ea0	00036f17	auipc	x30,0x36	 x30=0x8003fea0
     487605.000 ns	     48759	80009ea4	163f2023	sw	x3,352(x30)	 x30:0x8003fea0  x3:0x00000001 PA:0xxxxxxxxx
     487625.000 ns	     48761	80009ea8	ff9ff06f	jal	x0,80009ea4	
     487675.000 ns	     48766	80009ea0	00036f17	auipc	x30,0x36	 x30=0x8003fea0
     487685.000 ns	     48767	80009ea4	163f2023	sw	x3,352(x30)	 x30:0x8003fea0  x3:0x00000001 PA:0xxxxxxxxx
     487705.000 ns	     48769	80009ea8	ff9ff06f	jal	x0,80009ea4	
     487755.000 ns	     48774	80009ea0	00036f17	auipc	x30,0x36	 x30=0x8003fea0
     487765.000 ns	     48775	80009ea4	163f2023	sw	x3,352(x30)	 x30:0x8003fea0  x3:0x00000001 PA:0xxxxxxxxx
     487785.000 ns	     48777	80009ea8	ff9ff06f	jal	x0,80009ea4	
     487835.000 ns	     48782	80009ea0	00036f17	auipc	x30,0x36	 x30=0x8003fea0
     487845.000 ns	     48783	80009ea4	163f2023	sw	x3,352(x30)	 x30:0x8003fea0  x3:0x00000001 PA:0xxxxxxxxx
     487865.000 ns	     48785	80009ea8	ff9ff06f	jal	x0,80009ea4	
     487915.000 ns	     48790	80009ea0	00036f17	auipc	x30,0x36	 x30=0x8003fea0
     487925.000 ns	     48791	80009ea4	163f2023	sw	x3,352(x30)	 x30:0x8003fea0  x3:0x00000001 PA:0xxxxxxxxx
     487945.000 ns	     48793	80009ea8	ff9ff06f	jal	x0,80009ea4	
     487995.000 ns	     48798	80009ea0	00036f17	auipc	x30,0x36	 x30=0x8003fea0
     488005.000 ns	     48799	80009ea4	163f2023	sw	x3,352(x30)	 x30:0x8003fea0  x3:0x00000001 PA:0xxxxxxxxx
     488025.000 ns	     48801	80009ea8	ff9ff06f	jal	x0,80009ea4	
     488075.000 ns	     48806	80009ea0	00036f17	auipc	x30,0x36	 x30=0x8003fea0
     488085.000 ns	     48807	80009ea4	163f2023	sw	x3,352(x30)	 x30:0x8003fea0  x3:0x00000001 PA:0xxxxxxxxx
     488105.000 ns	     48809	80009ea8	ff9ff06f	jal	x0,80009ea4	
     488155.000 ns	     48814	80009ea0	00036f17	auipc	x30,0x36	 x30=0x8003fea0
     488165.000 ns	     48815	80009ea4	163f2023	sw	x3,352(x30)	 x30:0x8003fea0  x3:0x00000001 PA:0xxxxxxxxx
     488185.000 ns	     48817	80009ea8	ff9ff06f	jal	x0,80009ea4	
     488235.000 ns	     48822	80009ea0	00036f17	auipc	x30,0x36	 x30=0x8003fea0
     488245.000 ns	     48823	80009ea4	163f2023	sw	x3,352(x30)	 x30:0x8003fea0  x3:0x00000001 PA:0xxxxxxxxx
     488265.000 ns	     48825	80009ea8	ff9ff06f	jal	x0,80009ea4	
     488315.000 ns	     48830	80009ea0	00036f17	auipc	x30,0x36	 x30=0x8003fea0
     488325.000 ns	     48831	80009ea4	163f2023	sw	x3,352(x30)	 x30:0x8003fea0  x3:0x00000001 PA:0xxxxxxxxx
     488345.000 ns	     48833	80009ea8	ff9ff06f	jal	x0,80009ea4	
     488395.000 ns	     48838	80009ea0	00036f17	auipc	x30,0x36	 x30=0x8003fea0
     488405.000 ns	     48839	80009ea4	163f2023	sw	x3,352(x30)	 x30:0x8003fea0  x3:0x00000001 PA:0xxxxxxxxx
     488425.000 ns	     48841	80009ea8	ff9ff06f	jal	x0,80009ea4	
     488475.000 ns	     48846	80009ea0	00036f17	auipc	x30,0x36	 x30=0x8003fea0
     488485.000 ns	     48847	80009ea4	163f2023	sw	x3,352(x30)	 x30:0x8003fea0  x3:0x00000001 PA:0xxxxxxxxx
     488505.000 ns	     48849	80009ea8	ff9ff06f	jal	x0,80009ea4	
     488555.000 ns	     48854	80009ea0	00036f17	auipc	x30,0x36	 x30=0x8003fea0
     488565.000 ns	     48855	80009ea4	163f2023	sw	x3,352(x30)	 x30:0x8003fea0  x3:0x00000001 PA:0xxxxxxxxx
     488585.000 ns	     48857	80009ea8	ff9ff06f	jal	x0,80009ea4	
     488635.000 ns	     48862	80009ea0	00036f17	auipc	x30,0x36	 x30=0x8003fea0
     488645.000 ns	     48863	80009ea4	163f2023	sw	x3,352(x30)	 x30:0x8003fea0  x3:0x00000001 PA:0xxxxxxxxx
     488665.000 ns	     48865	80009ea8	ff9ff06f	jal	x0,80009ea4	
     488715.000 ns	     48870	80009ea0	00036f17	auipc	x30,0x36	 x30=0x8003fea0
     488725.000 ns	     48871	80009ea4	163f2023	sw	x3,352(x30)	 x30:0x8003fea0  x3:0x00000001 PA:0xxxxxxxxx
     488745.000 ns	     48873	80009ea8	ff9ff06f	jal	x0,80009ea4	
     488795.000 ns	     48878	80009ea0	00036f17	auipc	x30,0x36	 x30=0x8003fea0
     488805.000 ns	     48879	80009ea4	163f2023	sw	x3,352(x30)	 x30:0x8003fea0  x3:0x00000001 PA:0xxxxxxxxx
     488825.000 ns	     48881	80009ea8	ff9ff06f	jal	x0,80009ea4	
     488875.000 ns	     48886	80009ea0	00036f17	auipc	x30,0x36	 x30=0x8003fea0
     488885.000 ns	     48887	80009ea4	163f2023	sw	x3,352(x30)	 x30:0x8003fea0  x3:0x00000001 PA:0xxxxxxxxx
     488905.000 ns	     48889	80009ea8	ff9ff06f	jal	x0,80009ea4	
     488955.000 ns	     48894	80009ea0	00036f17	auipc	x30,0x36	 x30=0x8003fea0
     488965.000 ns	     48895	80009ea4	163f2023	sw	x3,352(x30)	 x30:0x8003fea0  x3:0x00000001 PA:0xxxxxxxxx
     488985.000 ns	     48897	80009ea8	ff9ff06f	jal	x0,80009ea4	
     489035.000 ns	     48902	80009ea0	00036f17	auipc	x30,0x36	 x30=0x8003fea0
     489045.000 ns	     48903	80009ea4	163f2023	sw	x3,352(x30)	 x30:0x8003fea0  x3:0x00000001 PA:0xxxxxxxxx
     489065.000 ns	     48905	80009ea8	ff9ff06f	jal	x0,80009ea4	
     489115.000 ns	     48910	80009ea0	00036f17	auipc	x30,0x36	 x30=0x8003fea0
     489125.000 ns	     48911	80009ea4	163f2023	sw	x3,352(x30)	 x30:0x8003fea0  x3:0x00000001 PA:0xxxxxxxxx
     489145.000 ns	     48913	80009ea8	ff9ff06f	jal	x0,80009ea4	
     489195.000 ns	     48918	80009ea0	00036f17	auipc	x30,0x36	 x30=0x8003fea0
     489205.000 ns	     48919	80009ea4	163f2023	sw	x3,352(x30)	 x30:0x8003fea0  x3:0x00000001 PA:0xxxxxxxxx
     489225.000 ns	     48921	80009ea8	ff9ff06f	jal	x0,80009ea4	
     489275.000 ns	     48926	80009ea0	00036f17	auipc	x30,0x36	 x30=0x8003fea0
     489285.000 ns	     48927	80009ea4	163f2023	sw	x3,352(x30)	 x30:0x8003fea0  x3:0x00000001 PA:0xxxxxxxxx
     489305.000 ns	     48929	80009ea8	ff9ff06f	jal	x0,80009ea4	
     489355.000 ns	     48934	80009ea0	00036f17	auipc	x30,0x36	 x30=0x8003fea0
     489365.000 ns	     48935	80009ea4	163f2023	sw	x3,352(x30)	 x30:0x8003fea0  x3:0x00000001 PA:0xxxxxxxxx
     489385.000 ns	     48937	80009ea8	ff9ff06f	jal	x0,80009ea4	
     489435.000 ns	     48942	80009ea0	00036f17	auipc	x30,0x36	 x30=0x8003fea0
     489445.000 ns	     48943	80009ea4	163f2023	sw	x3,352(x30)	 x30:0x8003fea0  x3:0x00000001 PA:0xxxxxxxxx
     489465.000 ns	     48945	80009ea8	ff9ff06f	jal	x0,80009ea4	
     489515.000 ns	     48950	80009ea0	00036f17	auipc	x30,0x36	 x30=0x8003fea0
     489525.000 ns	     48951	80009ea4	163f2023	sw	x3,352(x30)	 x30:0x8003fea0  x3:0x00000001 PA:0xxxxxxxxx
     489545.000 ns	     48953	80009ea8	ff9ff06f	jal	x0,80009ea4	
     489595.000 ns	     48958	80009ea0	00036f17	auipc	x30,0x36	 x30=0x8003fea0
     489605.000 ns	     48959	80009ea4	163f2023	sw	x3,352(x30)	 x30:0x8003fea0  x3:0x00000001 PA:0xxxxxxxxx
     489625.000 ns	     48961	80009ea8	ff9ff06f	jal	x0,80009ea4	
     489675.000 ns	     48966	80009ea0	00036f17	auipc	x30,0x36	 x30=0x8003fea0
     489685.000 ns	     48967	80009ea4	163f2023	sw	x3,352(x30)	 x30:0x8003fea0  x3:0x00000001 PA:0xxxxxxxxx
     489705.000 ns	     48969	80009ea8	ff9ff06f	jal	x0,80009ea4	
     489755.000 ns	     48974	80009ea0	00036f17	auipc	x30,0x36	 x30=0x8003fea0
     489765.000 ns	     48975	80009ea4	163f2023	sw	x3,352(x30)	 x30:0x8003fea0  x3:0x00000001 PA:0xxxxxxxxx
     489785.000 ns	     48977	80009ea8	ff9ff06f	jal	x0,80009ea4	
     489835.000 ns	     48982	80009ea0	00036f17	auipc	x30,0x36	 x30=0x8003fea0
     489845.000 ns	     48983	80009ea4	163f2023	sw	x3,352(x30)	 x30:0x8003fea0  x3:0x00000001 PA:0xxxxxxxxx
     489865.000 ns	     48985	80009ea8	ff9ff06f	jal	x0,80009ea4	
     489915.000 ns	     48990	80009ea0	00036f17	auipc	x30,0x36	 x30=0x8003fea0
     489925.000 ns	     48991	80009ea4	163f2023	sw	x3,352(x30)	 x30:0x8003fea0  x3:0x00000001 PA:0xxxxxxxxx
     489945.000 ns	     48993	80009ea8	ff9ff06f	jal	x0,80009ea4	
     489995.000 ns	     48998	80009ea0	00036f17	auipc	x30,0x36	 x30=0x8003fea0
     490005.000 ns	     48999	80009ea4	163f2023	sw	x3,352(x30)	 x30:0x8003fea0  x3:0x00000001 PA:0xxxxxxxxx
     490025.000 ns	     49001	80009ea8	ff9ff06f	jal	x0,80009ea4	
     490075.000 ns	     49006	80009ea0	00036f17	auipc	x30,0x36	 x30=0x8003fea0
     490085.000 ns	     49007	80009ea4	163f2023	sw	x3,352(x30)	 x30:0x8003fea0  x3:0x00000001 PA:0xxxxxxxxx
     490105.000 ns	     49009	80009ea8	ff9ff06f	jal	x0,80009ea4	
     490155.000 ns	     49014	80009ea0	00036f17	auipc	x30,0x36	 x30=0x8003fea0
     490165.000 ns	     49015	80009ea4	163f2023	sw	x3,352(x30)	 x30:0x8003fea0  x3:0x00000001 PA:0xxxxxxxxx
     490185.000 ns	     49017	80009ea8	ff9ff06f	jal	x0,80009ea4	
     490235.000 ns	     49022	80009ea0	00036f17	auipc	x30,0x36	 x30=0x8003fea0
     490245.000 ns	     49023	80009ea4	163f2023	sw	x3,352(x30)	 x30:0x8003fea0  x3:0x00000001 PA:0xxxxxxxxx
     490265.000 ns	     49025	80009ea8	ff9ff06f	jal	x0,80009ea4	
     490315.000 ns	     49030	80009ea0	00036f17	auipc	x30,0x36	 x30=0x8003fea0
     490325.000 ns	     49031	80009ea4	163f2023	sw	x3,352(x30)	 x30:0x8003fea0  x3:0x00000001 PA:0xxxxxxxxx
     490345.000 ns	     49033	80009ea8	ff9ff06f	jal	x0,80009ea4	
     490395.000 ns	     49038	80009ea0	00036f17	auipc	x30,0x36	 x30=0x8003fea0
     490405.000 ns	     49039	80009ea4	163f2023	sw	x3,352(x30)	 x30:0x8003fea0  x3:0x00000001 PA:0xxxxxxxxx
     490425.000 ns	     49041	80009ea8	ff9ff06f	jal	x0,80009ea4	
     490475.000 ns	     49046	80009ea0	00036f17	auipc	x30,0x36	 x30=0x8003fea0
     490485.000 ns	     49047	80009ea4	163f2023	sw	x3,352(x30)	 x30:0x8003fea0  x3:0x00000001 PA:0xxxxxxxxx
     490505.000 ns	     49049	80009ea8	ff9ff06f	jal	x0,80009ea4	
     490555.000 ns	     49054	80009ea0	00036f17	auipc	x30,0x36	 x30=0x8003fea0
     490565.000 ns	     49055	80009ea4	163f2023	sw	x3,352(x30)	 x30:0x8003fea0  x3:0x00000001 PA:0xxxxxxxxx
     490585.000 ns	     49057	80009ea8	ff9ff06f	jal	x0,80009ea4	
     490635.000 ns	     49062	80009ea0	00036f17	auipc	x30,0x36	 x30=0x8003fea0
     490645.000 ns	     49063	80009ea4	163f2023	sw	x3,352(x30)	 x30:0x8003fea0  x3:0x00000001 PA:0xxxxxxxxx
     490665.000 ns	     49065	80009ea8	ff9ff06f	jal	x0,80009ea4	
     490715.000 ns	     49070	80009ea0	00036f17	auipc	x30,0x36	 x30=0x8003fea0
     490725.000 ns	     49071	80009ea4	163f2023	sw	x3,352(x30)	 x30:0x8003fea0  x3:0x00000001 PA:0xxxxxxxxx
     490745.000 ns	     49073	80009ea8	ff9ff06f	jal	x0,80009ea4	
     490795.000 ns	     49078	80009ea0	00036f17	auipc	x30,0x36	 x30=0x8003fea0
     490805.000 ns	     49079	80009ea4	163f2023	sw	x3,352(x30)	 x30:0x8003fea0  x3:0x00000001 PA:0xxxxxxxxx
     490825.000 ns	     49081	80009ea8	ff9ff06f	jal	x0,80009ea4	
     490875.000 ns	     49086	80009ea0	00036f17	auipc	x30,0x36	 x30=0x8003fea0
     490885.000 ns	     49087	80009ea4	163f2023	sw	x3,352(x30)	 x30:0x8003fea0  x3:0x00000001 PA:0xxxxxxxxx
     490905.000 ns	     49089	80009ea8	ff9ff06f	jal	x0,80009ea4	
     490955.000 ns	     49094	80009ea0	00036f17	auipc	x30,0x36	 x30=0x8003fea0
     490965.000 ns	     49095	80009ea4	163f2023	sw	x3,352(x30)	 x30:0x8003fea0  x3:0x00000001 PA:0xxxxxxxxx
     490985.000 ns	     49097	80009ea8	ff9ff06f	jal	x0,80009ea4	
     491035.000 ns	     49102	80009ea0	00036f17	auipc	x30,0x36	 x30=0x8003fea0
     491045.000 ns	     49103	80009ea4	163f2023	sw	x3,352(x30)	 x30:0x8003fea0  x3:0x00000001 PA:0xxxxxxxxx
     491065.000 ns	     49105	80009ea8	ff9ff06f	jal	x0,80009ea4	
     491115.000 ns	     49110	80009ea0	00036f17	auipc	x30,0x36	 x30=0x8003fea0
     491125.000 ns	     49111	80009ea4	163f2023	sw	x3,352(x30)	 x30:0x8003fea0  x3:0x00000001 PA:0xxxxxxxxx
     491145.000 ns	     49113	80009ea8	ff9ff06f	jal	x0,80009ea4	
     491195.000 ns	     49118	80009ea0	00036f17	auipc	x30,0x36	 x30=0x8003fea0
     491205.000 ns	     49119	80009ea4	163f2023	sw	x3,352(x30)	 x30:0x8003fea0  x3:0x00000001 PA:0xxxxxxxxx
     491225.000 ns	     49121	80009ea8	ff9ff06f	jal	x0,80009ea4	
     491275.000 ns	     49126	80009ea0	00036f17	auipc	x30,0x36	 x30=0x8003fea0
     491285.000 ns	     49127	80009ea4	163f2023	sw	x3,352(x30)	 x30:0x8003fea0  x3:0x00000001 PA:0xxxxxxxxx
     491305.000 ns	     49129	80009ea8	ff9ff06f	jal	x0,80009ea4	
     491355.000 ns	     49134	80009ea0	00036f17	auipc	x30,0x36	 x30=0x8003fea0
     491365.000 ns	     49135	80009ea4	163f2023	sw	x3,352(x30)	 x30:0x8003fea0  x3:0x00000001 PA:0xxxxxxxxx
     491385.000 ns	     49137	80009ea8	ff9ff06f	jal	x0,80009ea4	
     491435.000 ns	     49142	80009ea0	00036f17	auipc	x30,0x36	 x30=0x8003fea0
     491445.000 ns	     49143	80009ea4	163f2023	sw	x3,352(x30)	 x30:0x8003fea0  x3:0x00000001 PA:0xxxxxxxxx
     491465.000 ns	     49145	80009ea8	ff9ff06f	jal	x0,80009ea4	
     491515.000 ns	     49150	80009ea0	00036f17	auipc	x30,0x36	 x30=0x8003fea0
     491525.000 ns	     49151	80009ea4	163f2023	sw	x3,352(x30)	 x30:0x8003fea0  x3:0x00000001 PA:0xxxxxxxxx
     491545.000 ns	     49153	80009ea8	ff9ff06f	jal	x0,80009ea4	
     491595.000 ns	     49158	80009ea0	00036f17	auipc	x30,0x36	 x30=0x8003fea0
     491605.000 ns	     49159	80009ea4	163f2023	sw	x3,352(x30)	 x30:0x8003fea0  x3:0x00000001 PA:0xxxxxxxxx
     491625.000 ns	     49161	80009ea8	ff9ff06f	jal	x0,80009ea4	
     491675.000 ns	     49166	80009ea0	00036f17	auipc	x30,0x36	 x30=0x8003fea0
     491685.000 ns	     49167	80009ea4	163f2023	sw	x3,352(x30)	 x30:0x8003fea0  x3:0x00000001 PA:0xxxxxxxxx
     491705.000 ns	     49169	80009ea8	ff9ff06f	jal	x0,80009ea4	
     491755.000 ns	     49174	80009ea0	00036f17	auipc	x30,0x36	 x30=0x8003fea0
     491765.000 ns	     49175	80009ea4	163f2023	sw	x3,352(x30)	 x30:0x8003fea0  x3:0x00000001 PA:0xxxxxxxxx
     491785.000 ns	     49177	80009ea8	ff9ff06f	jal	x0,80009ea4	
     491835.000 ns	     49182	80009ea0	00036f17	auipc	x30,0x36	 x30=0x8003fea0
     491845.000 ns	     49183	80009ea4	163f2023	sw	x3,352(x30)	 x30:0x8003fea0  x3:0x00000001 PA:0xxxxxxxxx
     491865.000 ns	     49185	80009ea8	ff9ff06f	jal	x0,80009ea4	
     491915.000 ns	     49190	80009ea0	00036f17	auipc	x30,0x36	 x30=0x8003fea0
     491925.000 ns	     49191	80009ea4	163f2023	sw	x3,352(x30)	 x30:0x8003fea0  x3:0x00000001 PA:0xxxxxxxxx
     491945.000 ns	     49193	80009ea8	ff9ff06f	jal	x0,80009ea4	
     491995.000 ns	     49198	80009ea0	00036f17	auipc	x30,0x36	 x30=0x8003fea0
     492005.000 ns	     49199	80009ea4	163f2023	sw	x3,352(x30)	 x30:0x8003fea0  x3:0x00000001 PA:0xxxxxxxxx
     492025.000 ns	     49201	80009ea8	ff9ff06f	jal	x0,80009ea4	
     492075.000 ns	     49206	80009ea0	00036f17	auipc	x30,0x36	 x30=0x8003fea0
     492085.000 ns	     49207	80009ea4	163f2023	sw	x3,352(x30)	 x30:0x8003fea0  x3:0x00000001 PA:0xxxxxxxxx
     492105.000 ns	     49209	80009ea8	ff9ff06f	jal	x0,80009ea4	
     492155.000 ns	     49214	80009ea0	00036f17	auipc	x30,0x36	 x30=0x8003fea0
     492165.000 ns	     49215	80009ea4	163f2023	sw	x3,352(x30)	 x30:0x8003fea0  x3:0x00000001 PA:0xxxxxxxxx
     492185.000 ns	     49217	80009ea8	ff9ff06f	jal	x0,80009ea4	
     492235.000 ns	     49222	80009ea0	00036f17	auipc	x30,0x36	 x30=0x8003fea0
     492245.000 ns	     49223	80009ea4	163f2023	sw	x3,352(x30)	 x30:0x8003fea0  x3:0x00000001 PA:0xxxxxxxxx
     492265.000 ns	     49225	80009ea8	ff9ff06f	jal	x0,80009ea4	
     492315.000 ns	     49230	80009ea0	00036f17	auipc	x30,0x36	 x30=0x8003fea0
     492325.000 ns	     49231	80009ea4	163f2023	sw	x3,352(x30)	 x30:0x8003fea0  x3:0x00000001 PA:0xxxxxxxxx
     492345.000 ns	     49233	80009ea8	ff9ff06f	jal	x0,80009ea4	
     492395.000 ns	     49238	80009ea0	00036f17	auipc	x30,0x36	 x30=0x8003fea0
     492405.000 ns	     49239	80009ea4	163f2023	sw	x3,352(x30)	 x30:0x8003fea0  x3:0x00000001 PA:0xxxxxxxxx
     492425.000 ns	     49241	80009ea8	ff9ff06f	jal	x0,80009ea4	
     492475.000 ns	     49246	80009ea0	00036f17	auipc	x30,0x36	 x30=0x8003fea0
     492485.000 ns	     49247	80009ea4	163f2023	sw	x3,352(x30)	 x30:0x8003fea0  x3:0x00000001 PA:0xxxxxxxxx
     492505.000 ns	     49249	80009ea8	ff9ff06f	jal	x0,80009ea4	
     492555.000 ns	     49254	80009ea0	00036f17	auipc	x30,0x36	 x30=0x8003fea0
     492565.000 ns	     49255	80009ea4	163f2023	sw	x3,352(x30)	 x30:0x8003fea0  x3:0x00000001 PA:0xxxxxxxxx
     492585.000 ns	     49257	80009ea8	ff9ff06f	jal	x0,80009ea4	
     492635.000 ns	     49262	80009ea0	00036f17	auipc	x30,0x36	 x30=0x8003fea0
     492645.000 ns	     49263	80009ea4	163f2023	sw	x3,352(x30)	 x30:0x8003fea0  x3:0x00000001 PA:0xxxxxxxxx
     492665.000 ns	     49265	80009ea8	ff9ff06f	jal	x0,80009ea4	
     492715.000 ns	     49270	80009ea0	00036f17	auipc	x30,0x36	 x30=0x8003fea0
     492725.000 ns	     49271	80009ea4	163f2023	sw	x3,352(x30)	 x30:0x8003fea0  x3:0x00000001 PA:0xxxxxxxxx
     492745.000 ns	     49273	80009ea8	ff9ff06f	jal	x0,80009ea4	
     492795.000 ns	     49278	80009ea0	00036f17	auipc	x30,0x36	 x30=0x8003fea0
     492805.000 ns	     49279	80009ea4	163f2023	sw	x3,352(x30)	 x30:0x8003fea0  x3:0x00000001 PA:0xxxxxxxxx
     492825.000 ns	     49281	80009ea8	ff9ff06f	jal	x0,80009ea4	
     492875.000 ns	     49286	80009ea0	00036f17	auipc	x30,0x36	 x30=0x8003fea0
     492885.000 ns	     49287	80009ea4	163f2023	sw	x3,352(x30)	 x30:0x8003fea0  x3:0x00000001 PA:0xxxxxxxxx
     492905.000 ns	     49289	80009ea8	ff9ff06f	jal	x0,80009ea4	
     492955.000 ns	     49294	80009ea0	00036f17	auipc	x30,0x36	 x30=0x8003fea0
     492965.000 ns	     49295	80009ea4	163f2023	sw	x3,352(x30)	 x30:0x8003fea0  x3:0x00000001 PA:0xxxxxxxxx
     492985.000 ns	     49297	80009ea8	ff9ff06f	jal	x0,80009ea4	
     493035.000 ns	     49302	80009ea0	00036f17	auipc	x30,0x36	 x30=0x8003fea0
     493045.000 ns	     49303	80009ea4	163f2023	sw	x3,352(x30)	 x30:0x8003fea0  x3:0x00000001 PA:0xxxxxxxxx
     493065.000 ns	     49305	80009ea8	ff9ff06f	jal	x0,80009ea4	
     493115.000 ns	     49310	80009ea0	00036f17	auipc	x30,0x36	 x30=0x8003fea0
     493125.000 ns	     49311	80009ea4	163f2023	sw	x3,352(x30)	 x30:0x8003fea0  x3:0x00000001 PA:0xxxxxxxxx
     493145.000 ns	     49313	80009ea8	ff9ff06f	jal	x0,80009ea4	
     493195.000 ns	     49318	80009ea0	00036f17	auipc	x30,0x36	 x30=0x8003fea0
     493205.000 ns	     49319	80009ea4	163f2023	sw	x3,352(x30)	 x30:0x8003fea0  x3:0x00000001 PA:0xxxxxxxxx
     493225.000 ns	     49321	80009ea8	ff9ff06f	jal	x0,80009ea4	
     493275.000 ns	     49326	80009ea0	00036f17	auipc	x30,0x36	 x30=0x8003fea0
     493285.000 ns	     49327	80009ea4	163f2023	sw	x3,352(x30)	 x30:0x8003fea0  x3:0x00000001 PA:0xxxxxxxxx
     493305.000 ns	     49329	80009ea8	ff9ff06f	jal	x0,80009ea4	
     493355.000 ns	     49334	80009ea0	00036f17	auipc	x30,0x36	 x30=0x8003fea0
     493365.000 ns	     49335	80009ea4	163f2023	sw	x3,352(x30)	 x30:0x8003fea0  x3:0x00000001 PA:0xxxxxxxxx
     493385.000 ns	     49337	80009ea8	ff9ff06f	jal	x0,80009ea4	
     493435.000 ns	     49342	80009ea0	00036f17	auipc	x30,0x36	 x30=0x8003fea0
     493445.000 ns	     49343	80009ea4	163f2023	sw	x3,352(x30)	 x30:0x8003fea0  x3:0x00000001 PA:0xxxxxxxxx
     493465.000 ns	     49345	80009ea8	ff9ff06f	jal	x0,80009ea4	
     493515.000 ns	     49350	80009ea0	00036f17	auipc	x30,0x36	 x30=0x8003fea0
     493525.000 ns	     49351	80009ea4	163f2023	sw	x3,352(x30)	 x30:0x8003fea0  x3:0x00000001 PA:0xxxxxxxxx
     493545.000 ns	     49353	80009ea8	ff9ff06f	jal	x0,80009ea4	
     493595.000 ns	     49358	80009ea0	00036f17	auipc	x30,0x36	 x30=0x8003fea0
     493605.000 ns	     49359	80009ea4	163f2023	sw	x3,352(x30)	 x30:0x8003fea0  x3:0x00000001 PA:0xxxxxxxxx
     493625.000 ns	     49361	80009ea8	ff9ff06f	jal	x0,80009ea4	
     493675.000 ns	     49366	80009ea0	00036f17	auipc	x30,0x36	 x30=0x8003fea0
     493685.000 ns	     49367	80009ea4	163f2023	sw	x3,352(x30)	 x30:0x8003fea0  x3:0x00000001 PA:0xxxxxxxxx
     493705.000 ns	     49369	80009ea8	ff9ff06f	jal	x0,80009ea4	
     493755.000 ns	     49374	80009ea0	00036f17	auipc	x30,0x36	 x30=0x8003fea0
     493765.000 ns	     49375	80009ea4	163f2023	sw	x3,352(x30)	 x30:0x8003fea0  x3:0x00000001 PA:0xxxxxxxxx
     493785.000 ns	     49377	80009ea8	ff9ff06f	jal	x0,80009ea4	
     493835.000 ns	     49382	80009ea0	00036f17	auipc	x30,0x36	 x30=0x8003fea0
     493845.000 ns	     49383	80009ea4	163f2023	sw	x3,352(x30)	 x30:0x8003fea0  x3:0x00000001 PA:0xxxxxxxxx
     493865.000 ns	     49385	80009ea8	ff9ff06f	jal	x0,80009ea4	
     493915.000 ns	     49390	80009ea0	00036f17	auipc	x30,0x36	 x30=0x8003fea0
     493925.000 ns	     49391	80009ea4	163f2023	sw	x3,352(x30)	 x30:0x8003fea0  x3:0x00000001 PA:0xxxxxxxxx
     493945.000 ns	     49393	80009ea8	ff9ff06f	jal	x0,80009ea4	
     493995.000 ns	     49398	80009ea0	00036f17	auipc	x30,0x36	 x30=0x8003fea0
     494005.000 ns	     49399	80009ea4	163f2023	sw	x3,352(x30)	 x30:0x8003fea0  x3:0x00000001 PA:0xxxxxxxxx
     494025.000 ns	     49401	80009ea8	ff9ff06f	jal	x0,80009ea4	
     494075.000 ns	     49406	80009ea0	00036f17	auipc	x30,0x36	 x30=0x8003fea0
     494085.000 ns	     49407	80009ea4	163f2023	sw	x3,352(x30)	 x30:0x8003fea0  x3:0x00000001 PA:0xxxxxxxxx
     494105.000 ns	     49409	80009ea8	ff9ff06f	jal	x0,80009ea4	
     494155.000 ns	     49414	80009ea0	00036f17	auipc	x30,0x36	 x30=0x8003fea0
     494165.000 ns	     49415	80009ea4	163f2023	sw	x3,352(x30)	 x30:0x8003fea0  x3:0x00000001 PA:0xxxxxxxxx
     494185.000 ns	     49417	80009ea8	ff9ff06f	jal	x0,80009ea4	
     494235.000 ns	     49422	80009ea0	00036f17	auipc	x30,0x36	 x30=0x8003fea0
     494245.000 ns	     49423	80009ea4	163f2023	sw	x3,352(x30)	 x30:0x8003fea0  x3:0x00000001 PA:0xxxxxxxxx
     494265.000 ns	     49425	80009ea8	ff9ff06f	jal	x0,80009ea4	
     494315.000 ns	     49430	80009ea0	00036f17	auipc	x30,0x36	 x30=0x8003fea0
     494325.000 ns	     49431	80009ea4	163f2023	sw	x3,352(x30)	 x30:0x8003fea0  x3:0x00000001 PA:0xxxxxxxxx
     494345.000 ns	     49433	80009ea8	ff9ff06f	jal	x0,80009ea4	
     494395.000 ns	     49438	80009ea0	00036f17	auipc	x30,0x36	 x30=0x8003fea0
     494405.000 ns	     49439	80009ea4	163f2023	sw	x3,352(x30)	 x30:0x8003fea0  x3:0x00000001 PA:0xxxxxxxxx
     494425.000 ns	     49441	80009ea8	ff9ff06f	jal	x0,80009ea4	
     494475.000 ns	     49446	80009ea0	00036f17	auipc	x30,0x36	 x30=0x8003fea0
     494485.000 ns	     49447	80009ea4	163f2023	sw	x3,352(x30)	 x30:0x8003fea0  x3:0x00000001 PA:0xxxxxxxxx
     494505.000 ns	     49449	80009ea8	ff9ff06f	jal	x0,80009ea4	
     494555.000 ns	     49454	80009ea0	00036f17	auipc	x30,0x36	 x30=0x8003fea0
     494565.000 ns	     49455	80009ea4	163f2023	sw	x3,352(x30)	 x30:0x8003fea0  x3:0x00000001 PA:0xxxxxxxxx
     494585.000 ns	     49457	80009ea8	ff9ff06f	jal	x0,80009ea4	
     494635.000 ns	     49462	80009ea0	00036f17	auipc	x30,0x36	 x30=0x8003fea0
     494645.000 ns	     49463	80009ea4	163f2023	sw	x3,352(x30)	 x30:0x8003fea0  x3:0x00000001 PA:0xxxxxxxxx
     494665.000 ns	     49465	80009ea8	ff9ff06f	jal	x0,80009ea4	
     494715.000 ns	     49470	80009ea0	00036f17	auipc	x30,0x36	 x30=0x8003fea0
     494725.000 ns	     49471	80009ea4	163f2023	sw	x3,352(x30)	 x30:0x8003fea0  x3:0x00000001 PA:0xxxxxxxxx
     494745.000 ns	     49473	80009ea8	ff9ff06f	jal	x0,80009ea4	
     494795.000 ns	     49478	80009ea0	00036f17	auipc	x30,0x36	 x30=0x8003fea0
     494805.000 ns	     49479	80009ea4	163f2023	sw	x3,352(x30)	 x30:0x8003fea0  x3:0x00000001 PA:0xxxxxxxxx
     494825.000 ns	     49481	80009ea8	ff9ff06f	jal	x0,80009ea4	
     494875.000 ns	     49486	80009ea0	00036f17	auipc	x30,0x36	 x30=0x8003fea0
     494885.000 ns	     49487	80009ea4	163f2023	sw	x3,352(x30)	 x30:0x8003fea0  x3:0x00000001 PA:0xxxxxxxxx
     494905.000 ns	     49489	80009ea8	ff9ff06f	jal	x0,80009ea4	
     494955.000 ns	     49494	80009ea0	00036f17	auipc	x30,0x36	 x30=0x8003fea0
     494965.000 ns	     49495	80009ea4	163f2023	sw	x3,352(x30)	 x30:0x8003fea0  x3:0x00000001 PA:0xxxxxxxxx
     494985.000 ns	     49497	80009ea8	ff9ff06f	jal	x0,80009ea4	
     495035.000 ns	     49502	80009ea0	00036f17	auipc	x30,0x36	 x30=0x8003fea0
     495045.000 ns	     49503	80009ea4	163f2023	sw	x3,352(x30)	 x30:0x8003fea0  x3:0x00000001 PA:0xxxxxxxxx
     495065.000 ns	     49505	80009ea8	ff9ff06f	jal	x0,80009ea4	
     495115.000 ns	     49510	80009ea0	00036f17	auipc	x30,0x36	 x30=0x8003fea0
     495125.000 ns	     49511	80009ea4	163f2023	sw	x3,352(x30)	 x30:0x8003fea0  x3:0x00000001 PA:0xxxxxxxxx
     495145.000 ns	     49513	80009ea8	ff9ff06f	jal	x0,80009ea4	
     495195.000 ns	     49518	80009ea0	00036f17	auipc	x30,0x36	 x30=0x8003fea0
     495205.000 ns	     49519	80009ea4	163f2023	sw	x3,352(x30)	 x30:0x8003fea0  x3:0x00000001 PA:0xxxxxxxxx
     495225.000 ns	     49521	80009ea8	ff9ff06f	jal	x0,80009ea4	
     495275.000 ns	     49526	80009ea0	00036f17	auipc	x30,0x36	 x30=0x8003fea0
     495285.000 ns	     49527	80009ea4	163f2023	sw	x3,352(x30)	 x30:0x8003fea0  x3:0x00000001 PA:0xxxxxxxxx
     495305.000 ns	     49529	80009ea8	ff9ff06f	jal	x0,80009ea4	
     495355.000 ns	     49534	80009ea0	00036f17	auipc	x30,0x36	 x30=0x8003fea0
     495365.000 ns	     49535	80009ea4	163f2023	sw	x3,352(x30)	 x30:0x8003fea0  x3:0x00000001 PA:0xxxxxxxxx
     495385.000 ns	     49537	80009ea8	ff9ff06f	jal	x0,80009ea4	
     495435.000 ns	     49542	80009ea0	00036f17	auipc	x30,0x36	 x30=0x8003fea0
     495445.000 ns	     49543	80009ea4	163f2023	sw	x3,352(x30)	 x30:0x8003fea0  x3:0x00000001 PA:0xxxxxxxxx
     495465.000 ns	     49545	80009ea8	ff9ff06f	jal	x0,80009ea4	
     495515.000 ns	     49550	80009ea0	00036f17	auipc	x30,0x36	 x30=0x8003fea0
     495525.000 ns	     49551	80009ea4	163f2023	sw	x3,352(x30)	 x30:0x8003fea0  x3:0x00000001 PA:0xxxxxxxxx
     495545.000 ns	     49553	80009ea8	ff9ff06f	jal	x0,80009ea4	
     495595.000 ns	     49558	80009ea0	00036f17	auipc	x30,0x36	 x30=0x8003fea0
     495605.000 ns	     49559	80009ea4	163f2023	sw	x3,352(x30)	 x30:0x8003fea0  x3:0x00000001 PA:0xxxxxxxxx
     495625.000 ns	     49561	80009ea8	ff9ff06f	jal	x0,80009ea4	
     495675.000 ns	     49566	80009ea0	00036f17	auipc	x30,0x36	 x30=0x8003fea0
     495685.000 ns	     49567	80009ea4	163f2023	sw	x3,352(x30)	 x30:0x8003fea0  x3:0x00000001 PA:0xxxxxxxxx
     495705.000 ns	     49569	80009ea8	ff9ff06f	jal	x0,80009ea4	
     495755.000 ns	     49574	80009ea0	00036f17	auipc	x30,0x36	 x30=0x8003fea0
     495765.000 ns	     49575	80009ea4	163f2023	sw	x3,352(x30)	 x30:0x8003fea0  x3:0x00000001 PA:0xxxxxxxxx
     495785.000 ns	     49577	80009ea8	ff9ff06f	jal	x0,80009ea4	
     495835.000 ns	     49582	80009ea0	00036f17	auipc	x30,0x36	 x30=0x8003fea0
     495845.000 ns	     49583	80009ea4	163f2023	sw	x3,352(x30)	 x30:0x8003fea0  x3:0x00000001 PA:0xxxxxxxxx
     495865.000 ns	     49585	80009ea8	ff9ff06f	jal	x0,80009ea4	
     495915.000 ns	     49590	80009ea0	00036f17	auipc	x30,0x36	 x30=0x8003fea0
     495925.000 ns	     49591	80009ea4	163f2023	sw	x3,352(x30)	 x30:0x8003fea0  x3:0x00000001 PA:0xxxxxxxxx
     495945.000 ns	     49593	80009ea8	ff9ff06f	jal	x0,80009ea4	
     495995.000 ns	     49598	80009ea0	00036f17	auipc	x30,0x36	 x30=0x8003fea0
     496005.000 ns	     49599	80009ea4	163f2023	sw	x3,352(x30)	 x30:0x8003fea0  x3:0x00000001 PA:0xxxxxxxxx
     496025.000 ns	     49601	80009ea8	ff9ff06f	jal	x0,80009ea4	
     496075.000 ns	     49606	80009ea0	00036f17	auipc	x30,0x36	 x30=0x8003fea0
     496085.000 ns	     49607	80009ea4	163f2023	sw	x3,352(x30)	 x30:0x8003fea0  x3:0x00000001 PA:0xxxxxxxxx
     496105.000 ns	     49609	80009ea8	ff9ff06f	jal	x0,80009ea4	
     496155.000 ns	     49614	80009ea0	00036f17	auipc	x30,0x36	 x30=0x8003fea0
     496165.000 ns	     49615	80009ea4	163f2023	sw	x3,352(x30)	 x30:0x8003fea0  x3:0x00000001 PA:0xxxxxxxxx
     496185.000 ns	     49617	80009ea8	ff9ff06f	jal	x0,80009ea4	
     496235.000 ns	     49622	80009ea0	00036f17	auipc	x30,0x36	 x30=0x8003fea0
     496245.000 ns	     49623	80009ea4	163f2023	sw	x3,352(x30)	 x30:0x8003fea0  x3:0x00000001 PA:0xxxxxxxxx
     496265.000 ns	     49625	80009ea8	ff9ff06f	jal	x0,80009ea4	
     496315.000 ns	     49630	80009ea0	00036f17	auipc	x30,0x36	 x30=0x8003fea0
     496325.000 ns	     49631	80009ea4	163f2023	sw	x3,352(x30)	 x30:0x8003fea0  x3:0x00000001 PA:0xxxxxxxxx
     496345.000 ns	     49633	80009ea8	ff9ff06f	jal	x0,80009ea4	
     496395.000 ns	     49638	80009ea0	00036f17	auipc	x30,0x36	 x30=0x8003fea0
     496405.000 ns	     49639	80009ea4	163f2023	sw	x3,352(x30)	 x30:0x8003fea0  x3:0x00000001 PA:0xxxxxxxxx
     496425.000 ns	     49641	80009ea8	ff9ff06f	jal	x0,80009ea4	
     496475.000 ns	     49646	80009ea0	00036f17	auipc	x30,0x36	 x30=0x8003fea0
     496485.000 ns	     49647	80009ea4	163f2023	sw	x3,352(x30)	 x30:0x8003fea0  x3:0x00000001 PA:0xxxxxxxxx
     496505.000 ns	     49649	80009ea8	ff9ff06f	jal	x0,80009ea4	
     496555.000 ns	     49654	80009ea0	00036f17	auipc	x30,0x36	 x30=0x8003fea0
     496565.000 ns	     49655	80009ea4	163f2023	sw	x3,352(x30)	 x30:0x8003fea0  x3:0x00000001 PA:0xxxxxxxxx
     496585.000 ns	     49657	80009ea8	ff9ff06f	jal	x0,80009ea4	
     496635.000 ns	     49662	80009ea0	00036f17	auipc	x30,0x36	 x30=0x8003fea0
     496645.000 ns	     49663	80009ea4	163f2023	sw	x3,352(x30)	 x30:0x8003fea0  x3:0x00000001 PA:0xxxxxxxxx
     496665.000 ns	     49665	80009ea8	ff9ff06f	jal	x0,80009ea4	
     496715.000 ns	     49670	80009ea0	00036f17	auipc	x30,0x36	 x30=0x8003fea0
     496725.000 ns	     49671	80009ea4	163f2023	sw	x3,352(x30)	 x30:0x8003fea0  x3:0x00000001 PA:0xxxxxxxxx
     496745.000 ns	     49673	80009ea8	ff9ff06f	jal	x0,80009ea4	
     496795.000 ns	     49678	80009ea0	00036f17	auipc	x30,0x36	 x30=0x8003fea0
     496805.000 ns	     49679	80009ea4	163f2023	sw	x3,352(x30)	 x30:0x8003fea0  x3:0x00000001 PA:0xxxxxxxxx
     496825.000 ns	     49681	80009ea8	ff9ff06f	jal	x0,80009ea4	
     496875.000 ns	     49686	80009ea0	00036f17	auipc	x30,0x36	 x30=0x8003fea0
     496885.000 ns	     49687	80009ea4	163f2023	sw	x3,352(x30)	 x30:0x8003fea0  x3:0x00000001 PA:0xxxxxxxxx
     496905.000 ns	     49689	80009ea8	ff9ff06f	jal	x0,80009ea4	
     496955.000 ns	     49694	80009ea0	00036f17	auipc	x30,0x36	 x30=0x8003fea0
     496965.000 ns	     49695	80009ea4	163f2023	sw	x3,352(x30)	 x30:0x8003fea0  x3:0x00000001 PA:0xxxxxxxxx
     496985.000 ns	     49697	80009ea8	ff9ff06f	jal	x0,80009ea4	
     497035.000 ns	     49702	80009ea0	00036f17	auipc	x30,0x36	 x30=0x8003fea0
     497045.000 ns	     49703	80009ea4	163f2023	sw	x3,352(x30)	 x30:0x8003fea0  x3:0x00000001 PA:0xxxxxxxxx
     497065.000 ns	     49705	80009ea8	ff9ff06f	jal	x0,80009ea4	
     497115.000 ns	     49710	80009ea0	00036f17	auipc	x30,0x36	 x30=0x8003fea0
     497125.000 ns	     49711	80009ea4	163f2023	sw	x3,352(x30)	 x30:0x8003fea0  x3:0x00000001 PA:0xxxxxxxxx
     497145.000 ns	     49713	80009ea8	ff9ff06f	jal	x0,80009ea4	
     497195.000 ns	     49718	80009ea0	00036f17	auipc	x30,0x36	 x30=0x8003fea0
     497205.000 ns	     49719	80009ea4	163f2023	sw	x3,352(x30)	 x30:0x8003fea0  x3:0x00000001 PA:0xxxxxxxxx
     497225.000 ns	     49721	80009ea8	ff9ff06f	jal	x0,80009ea4	
     497275.000 ns	     49726	80009ea0	00036f17	auipc	x30,0x36	 x30=0x8003fea0
     497285.000 ns	     49727	80009ea4	163f2023	sw	x3,352(x30)	 x30:0x8003fea0  x3:0x00000001 PA:0xxxxxxxxx
     497305.000 ns	     49729	80009ea8	ff9ff06f	jal	x0,80009ea4	
     497355.000 ns	     49734	80009ea0	00036f17	auipc	x30,0x36	 x30=0x8003fea0
     497365.000 ns	     49735	80009ea4	163f2023	sw	x3,352(x30)	 x30:0x8003fea0  x3:0x00000001 PA:0xxxxxxxxx
     497385.000 ns	     49737	80009ea8	ff9ff06f	jal	x0,80009ea4	
     497435.000 ns	     49742	80009ea0	00036f17	auipc	x30,0x36	 x30=0x8003fea0
     497445.000 ns	     49743	80009ea4	163f2023	sw	x3,352(x30)	 x30:0x8003fea0  x3:0x00000001 PA:0xxxxxxxxx
     497465.000 ns	     49745	80009ea8	ff9ff06f	jal	x0,80009ea4	
     497515.000 ns	     49750	80009ea0	00036f17	auipc	x30,0x36	 x30=0x8003fea0
     497525.000 ns	     49751	80009ea4	163f2023	sw	x3,352(x30)	 x30:0x8003fea0  x3:0x00000001 PA:0xxxxxxxxx
     497545.000 ns	     49753	80009ea8	ff9ff06f	jal	x0,80009ea4	
     497595.000 ns	     49758	80009ea0	00036f17	auipc	x30,0x36	 x30=0x8003fea0
     497605.000 ns	     49759	80009ea4	163f2023	sw	x3,352(x30)	 x30:0x8003fea0  x3:0x00000001 PA:0xxxxxxxxx
     497625.000 ns	     49761	80009ea8	ff9ff06f	jal	x0,80009ea4	
     497675.000 ns	     49766	80009ea0	00036f17	auipc	x30,0x36	 x30=0x8003fea0
     497685.000 ns	     49767	80009ea4	163f2023	sw	x3,352(x30)	 x30:0x8003fea0  x3:0x00000001 PA:0xxxxxxxxx
     497705.000 ns	     49769	80009ea8	ff9ff06f	jal	x0,80009ea4	
     497755.000 ns	     49774	80009ea0	00036f17	auipc	x30,0x36	 x30=0x8003fea0
     497765.000 ns	     49775	80009ea4	163f2023	sw	x3,352(x30)	 x30:0x8003fea0  x3:0x00000001 PA:0xxxxxxxxx
     497785.000 ns	     49777	80009ea8	ff9ff06f	jal	x0,80009ea4	
     497835.000 ns	     49782	80009ea0	00036f17	auipc	x30,0x36	 x30=0x8003fea0
     497845.000 ns	     49783	80009ea4	163f2023	sw	x3,352(x30)	 x30:0x8003fea0  x3:0x00000001 PA:0xxxxxxxxx
     497865.000 ns	     49785	80009ea8	ff9ff06f	jal	x0,80009ea4	
     497915.000 ns	     49790	80009ea0	00036f17	auipc	x30,0x36	 x30=0x8003fea0
     497925.000 ns	     49791	80009ea4	163f2023	sw	x3,352(x30)	 x30:0x8003fea0  x3:0x00000001 PA:0xxxxxxxxx
     497945.000 ns	     49793	80009ea8	ff9ff06f	jal	x0,80009ea4	
     497995.000 ns	     49798	80009ea0	00036f17	auipc	x30,0x36	 x30=0x8003fea0
     498005.000 ns	     49799	80009ea4	163f2023	sw	x3,352(x30)	 x30:0x8003fea0  x3:0x00000001 PA:0xxxxxxxxx
     498025.000 ns	     49801	80009ea8	ff9ff06f	jal	x0,80009ea4	
     498075.000 ns	     49806	80009ea0	00036f17	auipc	x30,0x36	 x30=0x8003fea0
     498085.000 ns	     49807	80009ea4	163f2023	sw	x3,352(x30)	 x30:0x8003fea0  x3:0x00000001 PA:0xxxxxxxxx
     498105.000 ns	     49809	80009ea8	ff9ff06f	jal	x0,80009ea4	
     498155.000 ns	     49814	80009ea0	00036f17	auipc	x30,0x36	 x30=0x8003fea0
     498165.000 ns	     49815	80009ea4	163f2023	sw	x3,352(x30)	 x30:0x8003fea0  x3:0x00000001 PA:0xxxxxxxxx
     498185.000 ns	     49817	80009ea8	ff9ff06f	jal	x0,80009ea4	
     498235.000 ns	     49822	80009ea0	00036f17	auipc	x30,0x36	 x30=0x8003fea0
     498245.000 ns	     49823	80009ea4	163f2023	sw	x3,352(x30)	 x30:0x8003fea0  x3:0x00000001 PA:0xxxxxxxxx
     498265.000 ns	     49825	80009ea8	ff9ff06f	jal	x0,80009ea4	
     498315.000 ns	     49830	80009ea0	00036f17	auipc	x30,0x36	 x30=0x8003fea0
     498325.000 ns	     49831	80009ea4	163f2023	sw	x3,352(x30)	 x30:0x8003fea0  x3:0x00000001 PA:0xxxxxxxxx
     498345.000 ns	     49833	80009ea8	ff9ff06f	jal	x0,80009ea4	
     498395.000 ns	     49838	80009ea0	00036f17	auipc	x30,0x36	 x30=0x8003fea0
     498405.000 ns	     49839	80009ea4	163f2023	sw	x3,352(x30)	 x30:0x8003fea0  x3:0x00000001 PA:0xxxxxxxxx
     498425.000 ns	     49841	80009ea8	ff9ff06f	jal	x0,80009ea4	
     498475.000 ns	     49846	80009ea0	00036f17	auipc	x30,0x36	 x30=0x8003fea0
     498485.000 ns	     49847	80009ea4	163f2023	sw	x3,352(x30)	 x30:0x8003fea0  x3:0x00000001 PA:0xxxxxxxxx
     498505.000 ns	     49849	80009ea8	ff9ff06f	jal	x0,80009ea4	
     498555.000 ns	     49854	80009ea0	00036f17	auipc	x30,0x36	 x30=0x8003fea0
     498565.000 ns	     49855	80009ea4	163f2023	sw	x3,352(x30)	 x30:0x8003fea0  x3:0x00000001 PA:0xxxxxxxxx
     498585.000 ns	     49857	80009ea8	ff9ff06f	jal	x0,80009ea4	
     498635.000 ns	     49862	80009ea0	00036f17	auipc	x30,0x36	 x30=0x8003fea0
     498645.000 ns	     49863	80009ea4	163f2023	sw	x3,352(x30)	 x30:0x8003fea0  x3:0x00000001 PA:0xxxxxxxxx
     498665.000 ns	     49865	80009ea8	ff9ff06f	jal	x0,80009ea4	
     498715.000 ns	     49870	80009ea0	00036f17	auipc	x30,0x36	 x30=0x8003fea0
     498725.000 ns	     49871	80009ea4	163f2023	sw	x3,352(x30)	 x30:0x8003fea0  x3:0x00000001 PA:0xxxxxxxxx
     498745.000 ns	     49873	80009ea8	ff9ff06f	jal	x0,80009ea4	
     498795.000 ns	     49878	80009ea0	00036f17	auipc	x30,0x36	 x30=0x8003fea0
     498805.000 ns	     49879	80009ea4	163f2023	sw	x3,352(x30)	 x30:0x8003fea0  x3:0x00000001 PA:0xxxxxxxxx
     498825.000 ns	     49881	80009ea8	ff9ff06f	jal	x0,80009ea4	
     498875.000 ns	     49886	80009ea0	00036f17	auipc	x30,0x36	 x30=0x8003fea0
     498885.000 ns	     49887	80009ea4	163f2023	sw	x3,352(x30)	 x30:0x8003fea0  x3:0x00000001 PA:0xxxxxxxxx
     498905.000 ns	     49889	80009ea8	ff9ff06f	jal	x0,80009ea4	
     498955.000 ns	     49894	80009ea0	00036f17	auipc	x30,0x36	 x30=0x8003fea0
     498965.000 ns	     49895	80009ea4	163f2023	sw	x3,352(x30)	 x30:0x8003fea0  x3:0x00000001 PA:0xxxxxxxxx
     498985.000 ns	     49897	80009ea8	ff9ff06f	jal	x0,80009ea4	
     499035.000 ns	     49902	80009ea0	00036f17	auipc	x30,0x36	 x30=0x8003fea0
     499045.000 ns	     49903	80009ea4	163f2023	sw	x3,352(x30)	 x30:0x8003fea0  x3:0x00000001 PA:0xxxxxxxxx
     499065.000 ns	     49905	80009ea8	ff9ff06f	jal	x0,80009ea4	
     499115.000 ns	     49910	80009ea0	00036f17	auipc	x30,0x36	 x30=0x8003fea0
     499125.000 ns	     49911	80009ea4	163f2023	sw	x3,352(x30)	 x30:0x8003fea0  x3:0x00000001 PA:0xxxxxxxxx
     499145.000 ns	     49913	80009ea8	ff9ff06f	jal	x0,80009ea4	
     499195.000 ns	     49918	80009ea0	00036f17	auipc	x30,0x36	 x30=0x8003fea0
     499205.000 ns	     49919	80009ea4	163f2023	sw	x3,352(x30)	 x30:0x8003fea0  x3:0x00000001 PA:0xxxxxxxxx
     499225.000 ns	     49921	80009ea8	ff9ff06f	jal	x0,80009ea4	
     499275.000 ns	     49926	80009ea0	00036f17	auipc	x30,0x36	 x30=0x8003fea0
     499285.000 ns	     49927	80009ea4	163f2023	sw	x3,352(x30)	 x30:0x8003fea0  x3:0x00000001 PA:0xxxxxxxxx
     499305.000 ns	     49929	80009ea8	ff9ff06f	jal	x0,80009ea4	
     499355.000 ns	     49934	80009ea0	00036f17	auipc	x30,0x36	 x30=0x8003fea0
     499365.000 ns	     49935	80009ea4	163f2023	sw	x3,352(x30)	 x30:0x8003fea0  x3:0x00000001 PA:0xxxxxxxxx
     499385.000 ns	     49937	80009ea8	ff9ff06f	jal	x0,80009ea4	
     499435.000 ns	     49942	80009ea0	00036f17	auipc	x30,0x36	 x30=0x8003fea0
     499445.000 ns	     49943	80009ea4	163f2023	sw	x3,352(x30)	 x30:0x8003fea0  x3:0x00000001 PA:0xxxxxxxxx
     499465.000 ns	     49945	80009ea8	ff9ff06f	jal	x0,80009ea4	
     499515.000 ns	     49950	80009ea0	00036f17	auipc	x30,0x36	 x30=0x8003fea0
     499525.000 ns	     49951	80009ea4	163f2023	sw	x3,352(x30)	 x30:0x8003fea0  x3:0x00000001 PA:0xxxxxxxxx
     499545.000 ns	     49953	80009ea8	ff9ff06f	jal	x0,80009ea4	
     499595.000 ns	     49958	80009ea0	00036f17	auipc	x30,0x36	 x30=0x8003fea0
     499605.000 ns	     49959	80009ea4	163f2023	sw	x3,352(x30)	 x30:0x8003fea0  x3:0x00000001 PA:0xxxxxxxxx
     499625.000 ns	     49961	80009ea8	ff9ff06f	jal	x0,80009ea4	
     499675.000 ns	     49966	80009ea0	00036f17	auipc	x30,0x36	 x30=0x8003fea0
     499685.000 ns	     49967	80009ea4	163f2023	sw	x3,352(x30)	 x30:0x8003fea0  x3:0x00000001 PA:0xxxxxxxxx
     499705.000 ns	     49969	80009ea8	ff9ff06f	jal	x0,80009ea4	
     499755.000 ns	     49974	80009ea0	00036f17	auipc	x30,0x36	 x30=0x8003fea0
     499765.000 ns	     49975	80009ea4	163f2023	sw	x3,352(x30)	 x30:0x8003fea0  x3:0x00000001 PA:0xxxxxxxxx
     499785.000 ns	     49977	80009ea8	ff9ff06f	jal	x0,80009ea4	
     499835.000 ns	     49982	80009ea0	00036f17	auipc	x30,0x36	 x30=0x8003fea0
     499845.000 ns	     49983	80009ea4	163f2023	sw	x3,352(x30)	 x30:0x8003fea0  x3:0x00000001 PA:0xxxxxxxxx
     499865.000 ns	     49985	80009ea8	ff9ff06f	jal	x0,80009ea4	
     499915.000 ns	     49990	80009ea0	00036f17	auipc	x30,0x36	 x30=0x8003fea0
     499925.000 ns	     49991	80009ea4	163f2023	sw	x3,352(x30)	 x30:0x8003fea0  x3:0x00000001 PA:0xxxxxxxxx
     499945.000 ns	     49993	80009ea8	ff9ff06f	jal	x0,80009ea4	
