		Time			Cycle	PC		Insn	Decoded instruction	Register and memory contents
         65.000 ns	         5	80000000	f14022f3	csrrs	x5,mhartid,x0	  x0:0x00000000  x5=0xffffff14
         75.000 ns	         6	80000004	00000313	addi	x6,x0,0	  x0:0x00000000  x6=0x00000000
         85.000 ns	         7	80000008	00628263	beq	x5,x6,8000000c	  x5:0x00000000  x6:0x00000000
         95.000 ns	         8	8000000c	00000597	auipc	x11,0x0	 x11=0x8000000c
        105.000 ns	         9	80000010	00c58593	addi	x11,x11,12	 x11:0x00000000 x11=0x80000018
        115.000 ns	        10	80000014	00058067	jalr	x0,x11,0	 x11:0x00000000
        165.000 ns	        15	80000018	40001db7	lui	x27,0x40001	 x27=0x40001000
        175.000 ns	        16	8000001c	120d8d93	addi	x27,x27,288	 x27:0x00000000 x27=0x40001120
        185.000 ns	        17	80000020	301d9073	csrrw	x0,misa,x27	 x27:0x00000000
        195.000 ns	        18	80000024	00041b17	auipc	x22,0x41	 x22=0x80041024
        205.000 ns	        19	80000028	000b0b13	addi	x22,x22,0	 x22:0x00000000 x22=0x80041024
        215.000 ns	        20	8000002c	0000ad97	auipc	x27,0xa	 x27=0x8000a02c
        225.000 ns	        21	80000030	eacd8d93	addi	x27,x27,-340	 x27:0x40001120 x27=0x80009ed8
        235.000 ns	        22	80000034	000ded93	ori	x27,x27,0	 x27:0x40001120 x27=0x80009ed8
        245.000 ns	        23	80000038	305d9073	csrrw	x0,mtvec,x27	 x27:0x8000a02c
        255.000 ns	        24	8000003c	00000d97	auipc	x27,0x0	 x27=0x8000003c
        265.000 ns	        25	80000040	028d8d93	addi	x27,x27,40	 x27:0x80009ed8 x27=0x80000064
        275.000 ns	        26	80000044	341d9073	csrrw	x0,mepc,x27	 x27:0x80009ed8
        285.000 ns	        27	80000048	00000013	addi	x0,x0,0	  x0:0x00000000
        295.000 ns	        28	8000004c	00004db7	lui	x27,0x4	 x27=0x00004000
        305.000 ns	        29	80000050	800d8d93	addi	x27,x27,-2048	 x27:0x80000064 x27=0x00003800
        315.000 ns	        30	80000054	300d9073	csrrw	x0,mstatus,x27	 x27:0x80000064
        325.000 ns	        31	80000058	00000d93	addi	x27,x0,0	  x0:0x00000000 x27=0x00000000
        335.000 ns	        32	8000005c	304d9073	csrrw	x0,mie,x27	 x27:0x00003800
        345.000 ns	        33	80000060	30200073	mret	
        355.000 ns	        34	80000064	9a3b3db7	lui	x27,0x9a3b3	 x27=0x9a3b3000
        365.000 ns	        35	80000068	aa8d8d93	addi	x27,x27,-1368	 x27:0x00000000 x27=0x9a3b2aa8
        385.000 ns	        37	8000006c	f00d8053	fmv.w.x	f0,x27	 x27:0x00000000  f0=0x9a3b2aa8
        405.000 ns	        39	80000070	ff800db7	lui	x27,0xff800	 x27=0xff800000
        415.000 ns	        40	80000074	fffd8d93	addi	x27,x27,-1	 x27:0x9a3b2aa8 x27=0xff7fffff
        435.000 ns	        42	80000078	f00d80d3	fmv.w.x	f1,x27	 x27:0x9a3b2aa8  f1=0xff7fffff
        455.000 ns	        44	8000007c	002f8db7	lui	x27,0x2f8	 x27=0x002f8000
        465.000 ns	        45	80000080	352d8d93	addi	x27,x27,850	 x27:0xff7fffff x27=0x002f8352
        485.000 ns	        47	80000084	f00d8153	fmv.w.x	f2,x27	 x27:0xff7fffff  f2=0x002f8352
        505.000 ns	        49	80000088	7f800db7	lui	x27,0x7f800	 x27=0x7f800000
        515.000 ns	        50	8000008c	fffd8d93	addi	x27,x27,-1	 x27:0x002f8352 x27=0x7f7fffff
        535.000 ns	        52	80000090	f00d81d3	fmv.w.x	f3,x27	 x27:0x002f8352  f3=0x7f7fffff
        555.000 ns	        54	80000094	5abcadb7	lui	x27,0x5abca	 x27=0x5abca000
        565.000 ns	        55	80000098	d23d8d93	addi	x27,x27,-733	 x27:0x7f7fffff x27=0x5abc9d23
        585.000 ns	        57	8000009c	f00d8253	fmv.w.x	f4,x27	 x27:0x7f7fffff  f4=0x5abc9d23
        605.000 ns	        59	800000a0	ca994db7	lui	x27,0xca994	 x27=0xca994000
        615.000 ns	        60	800000a4	faad8d93	addi	x27,x27,-86	 x27:0x5abc9d23 x27=0xca993faa
        635.000 ns	        62	800000a8	f00d82d3	fmv.w.x	f5,x27	 x27:0x5abc9d23  f5=0xca993faa
        655.000 ns	        64	800000ac	7f800db7	lui	x27,0x7f800	 x27=0x7f800000
        665.000 ns	        65	800000b0	001d8d93	addi	x27,x27,1	 x27:0xca993faa x27=0x7f800001
        685.000 ns	        67	800000b4	f00d8353	fmv.w.x	f6,x27	 x27:0xca993faa  f6=0x7f800001
        705.000 ns	        69	800000b8	7f800db7	lui	x27,0x7f800	 x27=0x7f800000
        715.000 ns	        70	800000bc	fffd8d93	addi	x27,x27,-1	 x27:0x7f800001 x27=0x7f7fffff
        735.000 ns	        72	800000c0	f00d83d3	fmv.w.x	f7,x27	 x27:0x7f800001  f7=0x7f7fffff
        755.000 ns	        74	800000c4	8021ddb7	lui	x27,0x8021d	 x27=0x8021d000
        765.000 ns	        75	800000c8	a12d8d93	addi	x27,x27,-1518	 x27:0x7f7fffff x27=0x8021ca12
        785.000 ns	        77	800000cc	f00d8453	fmv.w.x	f8,x27	 x27:0x7f7fffff  f8=0x8021ca12
        805.000 ns	        79	800000d0	c2089db7	lui	x27,0xc2089	 x27=0xc2089000
        815.000 ns	        80	800000d4	6edd8d93	addi	x27,x27,1773	 x27:0x8021ca12 x27=0xc20896ed
        835.000 ns	        82	800000d8	f00d84d3	fmv.w.x	f9,x27	 x27:0x8021ca12  f9=0xc20896ed
        855.000 ns	        84	800000dc	ff800db7	lui	x27,0xff800	 x27=0xff800000
        875.000 ns	        86	800000e0	f00d8553	fmv.w.x	f10,x27	 x27:0xc20896ed f10=0xff800000
        895.000 ns	        88	800000e4	00000d93	addi	x27,x0,0	  x0:0x00000000 x27=0x00000000
        915.000 ns	        90	800000e8	f00d85d3	fmv.w.x	f11,x27	 x27:0xff800000 f11=0x00000000
        935.000 ns	        92	800000ec	80000db7	lui	x27,0x80000	 x27=0x80000000
        955.000 ns	        94	800000f0	f00d8653	fmv.w.x	f12,x27	 x27:0x00000000 f12=0x80000000
        975.000 ns	        96	800000f4	f6787db7	lui	x27,0xf6787	 x27=0xf6787000
        985.000 ns	        97	800000f8	c25d8d93	addi	x27,x27,-987	 x27:0x80000000 x27=0xf6786c25
       1005.000 ns	        99	800000fc	f00d86d3	fmv.w.x	f13,x27	 x27:0x80000000 f13=0xf6786c25
       1025.000 ns	       101	80000100	7f800db7	lui	x27,0x7f800	 x27=0x7f800000
       1035.000 ns	       102	80000104	fffd8d93	addi	x27,x27,-1	 x27:0xf6786c25 x27=0x7f7fffff
       1055.000 ns	       104	80000108	f00d8753	fmv.w.x	f14,x27	 x27:0xf6786c25 f14=0x7f7fffff
       1075.000 ns	       106	8000010c	7f800db7	lui	x27,0x7f800	 x27=0x7f800000
       1095.000 ns	       108	80000110	f00d87d3	fmv.w.x	f15,x27	 x27:0x7f7fffff f15=0x7f800000
       1115.000 ns	       110	80000114	803a0db7	lui	x27,0x803a0	 x27=0x803a0000
       1125.000 ns	       111	80000118	91ad8d93	addi	x27,x27,-1766	 x27:0x7f800000 x27=0x8039f91a
       1145.000 ns	       113	8000011c	f00d8853	fmv.w.x	f16,x27	 x27:0x7f800000 f16=0x8039f91a
       1165.000 ns	       115	80000120	7f800db7	lui	x27,0x7f800	 x27=0x7f800000
       1175.000 ns	       116	80000124	001d8d93	addi	x27,x27,1	 x27:0x8039f91a x27=0x7f800001
       1195.000 ns	       118	80000128	f00d88d3	fmv.w.x	f17,x27	 x27:0x8039f91a f17=0x7f800001
       1215.000 ns	       120	8000012c	ff800db7	lui	x27,0xff800	 x27=0xff800000
       1235.000 ns	       122	80000130	f00d8953	fmv.w.x	f18,x27	 x27:0x7f800001 f18=0xff800000
       1255.000 ns	       124	80000134	7fc00db7	lui	x27,0x7fc00	 x27=0x7fc00000
       1275.000 ns	       126	80000138	f00d89d3	fmv.w.x	f19,x27	 x27:0xff800000 f19=0x7fc00000
       1295.000 ns	       128	8000013c	80000db7	lui	x27,0x80000	 x27=0x80000000
       1315.000 ns	       130	80000140	f00d8a53	fmv.w.x	f20,x27	 x27:0x7fc00000 f20=0x80000000
       1335.000 ns	       132	80000144	ff800db7	lui	x27,0xff800	 x27=0xff800000
       1345.000 ns	       133	80000148	fffd8d93	addi	x27,x27,-1	 x27:0x80000000 x27=0xff7fffff
       1365.000 ns	       135	8000014c	f00d8ad3	fmv.w.x	f21,x27	 x27:0x80000000 f21=0xff7fffff
       1385.000 ns	       137	80000150	80000db7	lui	x27,0x80000	 x27=0x80000000
       1405.000 ns	       139	80000154	f00d8b53	fmv.w.x	f22,x27	 x27:0xff7fffff f22=0x80000000
       1425.000 ns	       141	80000158	ed42adb7	lui	x27,0xed42a	 x27=0xed42a000
       1435.000 ns	       142	8000015c	748d8d93	addi	x27,x27,1864	 x27:0x80000000 x27=0xed42a748
       1455.000 ns	       144	80000160	f00d8bd3	fmv.w.x	f23,x27	 x27:0x80000000 f23=0xed42a748
       1475.000 ns	       146	80000164	3b6ebdb7	lui	x27,0x3b6eb	 x27=0x3b6eb000
       1485.000 ns	       147	80000168	d15d8d93	addi	x27,x27,-747	 x27:0xed42a748 x27=0x3b6ead15
       1505.000 ns	       149	8000016c	f00d8c53	fmv.w.x	f24,x27	 x27:0xed42a748 f24=0x3b6ead15
       1525.000 ns	       151	80000170	00000d93	addi	x27,x0,0	  x0:0x00000000 x27=0x00000000
       1545.000 ns	       153	80000174	f00d8cd3	fmv.w.x	f25,x27	 x27:0x3b6ead15 f25=0x00000000
       1565.000 ns	       155	80000178	ff800db7	lui	x27,0xff800	 x27=0xff800000
       1585.000 ns	       157	8000017c	f00d8d53	fmv.w.x	f26,x27	 x27:0x00000000 f26=0xff800000
       1605.000 ns	       159	80000180	7f800db7	lui	x27,0x7f800	 x27=0x7f800000
       1625.000 ns	       161	80000184	f00d8dd3	fmv.w.x	f27,x27	 x27:0xff800000 f27=0x7f800000
       1645.000 ns	       163	80000188	64ce8db7	lui	x27,0x64ce8	 x27=0x64ce8000
       1655.000 ns	       164	8000018c	e28d8d93	addi	x27,x27,-472	 x27:0x7f800000 x27=0x64ce7e28
       1675.000 ns	       166	80000190	f00d8e53	fmv.w.x	f28,x27	 x27:0x7f800000 f28=0x64ce7e28
       1695.000 ns	       168	80000194	8030bdb7	lui	x27,0x8030b	 x27=0x8030b000
       1705.000 ns	       169	80000198	163d8d93	addi	x27,x27,355	 x27:0x64ce7e28 x27=0x8030b163
       1725.000 ns	       171	8000019c	f00d8ed3	fmv.w.x	f29,x27	 x27:0x64ce7e28 f29=0x8030b163
       1745.000 ns	       173	800001a0	7f800db7	lui	x27,0x7f800	 x27=0x7f800000
       1755.000 ns	       174	800001a4	001d8d93	addi	x27,x27,1	 x27:0x8030b163 x27=0x7f800001
       1775.000 ns	       176	800001a8	f00d8f53	fmv.w.x	f30,x27	 x27:0x8030b163 f30=0x7f800001
       1795.000 ns	       178	800001ac	7f800db7	lui	x27,0x7f800	 x27=0x7f800000
       1805.000 ns	       179	800001b0	001d8d93	addi	x27,x27,1	 x27:0x7f800001 x27=0x7f800001
       1825.000 ns	       181	800001b4	f00d8fd3	fmv.w.x	f31,x27	 x27:0x7f800001 f31=0x7f800001
       1845.000 ns	       183	800001b8	0020d073	csrrwi	x0,frm,1	
       1855.000 ns	       184	800001bc	00b00013	addi	x0,x0,11	  x0:0x00000000
       1865.000 ns	       185	800001c0	00f00093	addi	x1,x0,15	  x0:0x00000000  x1=0x0000000f
       1875.000 ns	       186	800001c4	fc9cf1b7	lui	x3,0xfc9cf	  x3=0xfc9cf000
       1885.000 ns	       187	800001c8	e5f18193	addi	x3,x3,-417	  x3:0x00000000  x3=0xfc9cee5f
       1895.000 ns	       188	800001cc	00900213	addi	x4,x0,9	  x0:0x00000000  x4=0x00000009
       1905.000 ns	       189	800001d0	9ccc72b7	lui	x5,0x9ccc7	  x5=0x9ccc7000
       1915.000 ns	       190	800001d4	e3028293	addi	x5,x5,-464	  x5:0xffffff14  x5=0x9ccc6e30
       1925.000 ns	       191	800001d8	00600313	addi	x6,x0,6	  x0:0x00000000  x6=0x00000006
       1935.000 ns	       192	800001dc	fbcae3b7	lui	x7,0xfbcae	  x7=0xfbcae000
       1945.000 ns	       193	800001e0	ee438393	addi	x7,x7,-284	  x7:0x00000000  x7=0xfbcadee4
       1955.000 ns	       194	800001e4	f5526437	lui	x8,0xf5526	  x8=0xf5526000
       1965.000 ns	       195	800001e8	2d240413	addi	x8,x8,722	  x8:0x00000000  x8=0xf55262d2
       1975.000 ns	       196	800001ec	00800493	addi	x9,x0,8	  x0:0x00000000  x9=0x00000008
       1985.000 ns	       197	800001f0	3310b537	lui	x10,0x3310b	 x10=0x3310b000
       1995.000 ns	       198	800001f4	98450513	addi	x10,x10,-1660	 x10:0x00000000 x10=0x3310a984
       2005.000 ns	       199	800001f8	800005b7	lui	x11,0x80000	 x11=0x80000000
       2015.000 ns	       200	800001fc	00200613	addi	x12,x0,2	  x0:0x00000000 x12=0x00000002
       2025.000 ns	       201	80000200	00600693	addi	x13,x0,6	  x0:0x00000000 x13=0x00000006
       2035.000 ns	       202	80000204	00000713	addi	x14,x0,0	  x0:0x00000000 x14=0x00000000
       2045.000 ns	       203	80000208	767287b7	lui	x15,0x76728	 x15=0x76728000
       2055.000 ns	       204	8000020c	32078793	addi	x15,x15,800	 x15:0x00000000 x15=0x76728320
       2065.000 ns	       205	80000210	80000837	lui	x16,0x80000	 x16=0x80000000
       2075.000 ns	       206	80000214	bb2528b7	lui	x17,0xbb252	 x17=0xbb252000
       2085.000 ns	       207	80000218	3fd88893	addi	x17,x17,1021	 x17:0x00000000 x17=0xbb2523fd
       2095.000 ns	       208	8000021c	00000913	addi	x18,x0,0	  x0:0x00000000 x18=0x00000000
       2105.000 ns	       209	80000220	f333e9b7	lui	x19,0xf333e	 x19=0xf333e000
       2115.000 ns	       210	80000224	0e598993	addi	x19,x19,229	 x19:0x00000000 x19=0xf333e0e5
       2125.000 ns	       211	80000228	00500a13	addi	x20,x0,5	  x0:0x00000000 x20=0x00000005
       2135.000 ns	       212	8000022c	00200a93	addi	x21,x0,2	  x0:0x00000000 x21=0x00000002
       2145.000 ns	       213	80000230	115eebb7	lui	x23,0x115ee	 x23=0x115ee000
       2155.000 ns	       214	80000234	00eb8b93	addi	x23,x23,14	 x23:0x00000000 x23=0x115ee00e
       2165.000 ns	       215	80000238	f4342c37	lui	x24,0xf4342	 x24=0xf4342000
       2175.000 ns	       216	8000023c	187c0c13	addi	x24,x24,391	 x24:0x00000000 x24=0xf4342187
       2185.000 ns	       217	80000240	00a00c93	addi	x25,x0,10	  x0:0x00000000 x25=0x0000000a
       2195.000 ns	       218	80000244	70fc7d37	lui	x26,0x70fc7	 x26=0x70fc7000
       2205.000 ns	       219	80000248	092d0d13	addi	x26,x26,146	 x26:0x00000000 x26=0x70fc7092
       2215.000 ns	       220	8000024c	f6ca2db7	lui	x27,0xf6ca2	 x27=0xf6ca2000
       2225.000 ns	       221	80000250	660d8d93	addi	x27,x27,1632	 x27:0x7f800001 x27=0xf6ca2660
       2235.000 ns	       222	80000254	2e273e37	lui	x28,0x2e273	 x28=0x2e273000
       2245.000 ns	       223	80000258	10ae0e13	addi	x28,x28,266	 x28:0x00000000 x28=0x2e27310a
       2255.000 ns	       224	8000025c	00000e93	addi	x29,x0,0	  x0:0x00000000 x29=0x00000000
       2265.000 ns	       225	80000260	6e4a9f37	lui	x30,0x6e4a9	 x30=0x6e4a9000
       2275.000 ns	       226	80000264	ea5f0f13	addi	x30,x30,-347	 x30:0x00000000 x30=0x6e4a8ea5
       2285.000 ns	       227	80000268	00000f93	addi	x31,x0,0	  x0:0x00000000 x31=0x00000000
       2295.000 ns	       228	8000026c	00041117	auipc	x2,0x41	  x2=0x8004126c
       2305.000 ns	       229	80000270	d7810113	addi	x2,x2,-648	  x2:0x00000000  x2=0x80040fe4
       2325.000 ns	       231	80000274	036d30b3	mulhu	x1,x26,x22	 x26:0x70fc7092 x22:0x80041024  x1=0x3880035a
       2355.000 ns	       234	80000278	a1fc96d3	flt.s	x13,f25,f31	 f25:0x00000000 f31:0x7f800001 x13=0x00000000
       2375.000 ns	       236	8000027c	4088dd33	sra	x26,x17,x8	 x17:0xbb2523fd  x8:0xf55262d2 x26=0xffffeec9
       2385.000 ns	       237	80000280	5898ac93	slti	x25,x17,1417	 x17:0xbb2523fd x25=0x00000001
       2405.000 ns	       239	80000284	d01af053	fcvt.s.wu	f0,x21	 x21:0x00000002  f0=0x40000000
       2435.000 ns	       242	80000288	a1099cd3	flt.s	x25,f19,f16	 f19:0x7fc00000 f16:0x8039f91a x25=0x00000000
       2455.000 ns	       244	8000028c	e9bbfcb7	lui	x25,0xe9bbf	 x25=0xe9bbf000
       2465.000 ns	       245	80000290	41f28eb3	sub	x29,x5,x31	  x5:0x9ccc6e30 x31:0x00000000 x29=0x9ccc6e30
       2475.000 ns	       246	80000294	e50ded93	ori	x27,x27,-432	 x27:0xf6ca2660 x27=0xfffffe70
       2485.000 ns	       247	80000298	00949693	slli	x13,x9,0x9	  x9:0x00000008 x13=0x00001000
       2505.000 ns	       249	8000029c	29588953	fmin.s	f18,f17,f21	 f17:0x7f800001 f21:0xff7fffff f18=0xff7fffff
       2535.000 ns	       252	800002a0	28541353	fmax.s	f6,f8,f5	  f8:0x8021ca12  f5:0xca993faa  f6=0x8021ca12
       2575.000 ns	       256	800002a4	58069553	fsqrt.s	f10,f13	 f13:0xf6786c25 f10=0x7fc00000
       2605.000 ns	       259	800002a8	03973eb3	mulhu	x29,x14,x25	 x14:0x00000000 x25:0xe9bbf000 x29=0x00000000
       2625.000 ns	       261	800002ac	7288a213	slti	x4,x17,1832	 x17:0xbb2523fd  x4=0x00000001
       2635.000 ns	       262	800002b0	01f29013	slli	x0,x5,0x1f	  x5:0x9ccc6e30
       2675.000 ns	       266	800002b4	091c7953	fsub.s	f18,f24,f17	 f24:0x3b6ead15 f17:0x7f800001 f18=0x7fc00000
       2695.000 ns	       268	800002b8	01bcd693	srli	x13,x25,0x1b	 x25:0xe9bbf000 x13=0x0000001d
       2725.000 ns	       271	800002bc	194c3d53	fdiv.s	f26,f24,f20	 f24:0x3b6ead15 f20:0x80000000 f26=0xff800000
       2755.000 ns	       274	800002c0	02302933	mulhsu	x18,x0,x3	  x0:0x00000000  x3:0xfc9cee5f x18=0x00000000
       2775.000 ns	       276	800002c4	017f1013	slli	x0,x30,0x17	 x30:0x6e4a8ea5
       2785.000 ns	       277	800002c8	468a2613	slti	x12,x20,1128	 x20:0x00000005 x12=0x00000001
       2815.000 ns	       280	800002cc	5809f1d3	fsqrt.s	f3,f19	 f19:0x7fc00000  f3=0x7fc00000
       2835.000 ns	       282	800002d0	01fbd833	srl	x16,x23,x31	 x23:0x115ee00e x31:0x00000000 x16=0x115ee00e
       3195.000 ns	       318	800002d4	029fc833	div	x16,x31,x9	 x31:0x00000000  x9:0x00000008 x16=0x00000000
       3215.000 ns	       320	800002d8	0077dcb3	srl	x25,x15,x7	 x15:0x76728320  x7:0xfbcadee4 x25=0x07672832
       3225.000 ns	       321	800002dc	00b791b3	sll	x3,x15,x11	 x15:0x76728320 x11:0x80000000  x3=0x76728320
       3245.000 ns	       323	800002e0	e00314d3	fclass.s	x9,f6	  f6:0x8021ca12  x9=0x00000004
       3265.000 ns	       325	800002e4	52c6ae93	slti	x29,x13,1324	 x13:0x0000001d x29=0x00000001
       3275.000 ns	       326	800002e8	00b592b3	sll	x5,x11,x11	 x11:0x80000000 x11:0x80000000  x5=0x80000000
       3295.000 ns	       328	800002ec	299c9cd3	fmax.s	f25,f25,f25	 f25:0x00000000 f25:0x00000000 f25=0x00000000
       3325.000 ns	       331	800002f0	21e62153	fsgnjx.s	f2,f12,f30	 f12:0x80000000 f30:0x7f800001  f2=0x80000000
       3355.000 ns	       334	800002f4	0336be33	mulhu	x28,x13,x19	 x13:0x0000001d x19:0xf333e0e5 x28=0x0000001b
       3395.000 ns	       338	800002f8	10def8d3	fmul.s	f17,f29,f13	 f29:0x8030b163 f13:0xf6786c25 f17=0x36bd01a8
       3415.000 ns	       340	800002fc	4d947d13	andi	x26,x8,1241	  x8:0xf55262d2 x26=0x000000d0
       3435.000 ns	       342	80000300	c002c2d3	fcvt.w.s	x5,f5	  f5:0xca993faa  x5=0xffb3602b
       3455.000 ns	       344	80000304	00bcd9b3	srl	x19,x25,x11	 x25:0x07672832 x11:0x80000000 x19=0x07672832
       3465.000 ns	       345	80000308	00000013	addi	x0,x0,0	  x0:0x00000000
       3475.000 ns	       346	8000030c	162f3037	lui	x0,0x162f3	
       3485.000 ns	       347	80000310	01294333	xor	x6,x18,x18	 x18:0x00000000 x18:0x00000000  x6=0x00000000
       3495.000 ns	       348	80000314	c3f8c913	xori	x18,x17,-961	 x17:0xbb2523fd x18=0x44dadfc2
       3505.000 ns	       349	80000318	1d514093	xori	x1,x2,469	  x2:0x80040fe4  x1=0x80040e31
       3525.000 ns	       351	8000031c	c019a7d3	fcvt.wu.s	x15,f19	 f19:0x7fc00000 x15=0xffffffff
       3575.000 ns	       356	80000320	08ebf3d3	fsub.s	f7,f23,f14	 f23:0xed42a748 f14:0x7f7fffff  f7=0xff7fffff
       3605.000 ns	       359	80000324	a08d1753	flt.s	x14,f26,f8	 f26:0xff800000  f8:0x8021ca12 x14=0x00000001
       3635.000 ns	       362	80000328	c0148353	fcvt.wu.s	x6,f9	  f9:0xc20896ed  x6=0x00000022
       3665.000 ns	       365	8000032c	a14b18d3	flt.s	x17,f22,f20	 f22:0x80000000 f20:0x80000000 x17=0x00000000
       3715.000 ns	       370	80000330	096a48d3	fsub.s	f17,f20,f22	 f20:0x80000000 f22:0x80000000 f17=0x00000000
       3745.000 ns	       373	80000334	0349a533	mulhsu	x10,x19,x20	 x19:0x07672832 x20:0x00000005 x10=0x00000000
       3775.000 ns	       376	80000338	294c90d3	fmax.s	f1,f25,f20	 f25:0x00000000 f20:0x80000000  f1=0x00000000
       3795.000 ns	       378	8000033c	25ca0393	addi	x7,x20,604	 x20:0x00000005  x7=0x00000261
       3805.000 ns	       379	80000340	46f16617	auipc	x12,0x46f16	 x12=0xc6f16340
       3815.000 ns	       380	80000344	010b0233	add	x4,x22,x16	 x22:0x80041024 x16:0x00000000  x4=0x80041024
       3825.000 ns	       381	80000348	00c669b3	or	x19,x12,x12	 x12:0x00000001 x12:0x00000001 x19=0xc6f16340
       3845.000 ns	       383	8000034c	0390b8b3	mulhu	x17,x1,x25	  x1:0x80040e31 x25:0x07672832 x17=0x03b3b21e
       3865.000 ns	       385	80000350	01d9d8b3	srl	x17,x19,x29	 x19:0x07672832 x29:0x00000001 x17=0x6378b1a0
       3875.000 ns	       386	80000354	b8024bb7	lui	x23,0xb8024	 x23=0xb8024000
       3885.000 ns	       387	80000358	1f53a393	slti	x7,x7,501	  x7:0x00000261  x7=0x00000000
       3925.000 ns	       391	8000035c	01354d53	fadd.s	f26,f10,f19	 f10:0x7fc00000 f19:0x7fc00000 f26=0x7fc00000
       3965.000 ns	       395	80000360	1126f7d3	fmul.s	f15,f13,f18	 f13:0xf6786c25 f18:0x7fc00000 f15=0x7fc00000
       3995.000 ns	       398	80000364	a04f93d3	flt.s	x7,f31,f4	 f31:0x7f800001  f4:0x5abc9d23  x7=0x00000000
       4015.000 ns	       400	80000368	00000013	addi	x0,x0,0	  x0:0x00000000
       4025.000 ns	       401	8000036c	000de833	or	x16,x27,x0	 x27:0xfffffe70  x0:0x00000000 x16=0xfffffe70
       4035.000 ns	       402	80000370	14f10017	auipc	x0,0x14f10	
       4055.000 ns	       404	80000374	c0187fd3	fcvt.wu.s	x31,f16	 f16:0x8039f91a x31=0x00000000
       4085.000 ns	       407	80000378	212d1fd3	fsgnjn.s	f31,f26,f18	 f26:0x7fc00000 f18:0x7fc00000 f31=0xffc00000
       4105.000 ns	       409	8000037c	6cfa6393	ori	x7,x20,1743	 x20:0x00000005  x7=0x000006cf
       4125.000 ns	       411	80000380	d0127f53	fcvt.s.wu	f30,x4	  x4:0x80041024 f30=0x4f000410
       4155.000 ns	       414	80000384	d00f9cd3	fcvt.s.w	f25,x31	 x31:0x00000000 f25=0x00000000
       4175.000 ns	       416	80000388	17d58a13	addi	x20,x11,381	 x11:0x80000000 x20=0x8000017d
       4195.000 ns	       418	8000038c	20d090d3	fsgnjn.s	f1,f1,f13	  f1:0x00000000 f13:0xf6786c25  f1=0x00000000
       4225.000 ns	       421	80000390	289c80d3	fmin.s	f1,f25,f9	 f25:0x00000000  f9:0xc20896ed  f1=0xc20896ed
       4245.000 ns	       423	80000394	7cfd9a37	lui	x20,0x7cfd9	 x20=0x7cfd9000
       4255.000 ns	       424	80000398	0193f8b3	and	x17,x7,x25	  x7:0x000006cf x25:0x07672832 x17=0x00000002
       4265.000 ns	       425	8000039c	e0c723b7	lui	x7,0xe0c72	  x7=0xe0c72000
       4275.000 ns	       426	800003a0	03a5aa13	slti	x20,x11,58	 x11:0x80000000 x20=0x00000001
       4295.000 ns	       428	800003a4	20dd88d3	fsgnj.s	f17,f27,f13	 f27:0x7f800000 f13:0xf6786c25 f17=0xff800000
       4325.000 ns	       431	800003a8	c0163353	fcvt.wu.s	x6,f12	 f12:0x80000000  x6=0x00000000
       4365.000 ns	       435	800003ac	102297d3	fmul.s	f15,f5,f2	  f5:0xca993faa  f2:0x80000000 f15=0x00000000
       4395.000 ns	       438	800003b0	d01f7bd3	fcvt.s.wu	f23,x30	 x30:0x6e4a8ea5 f23=0x4edc951d
       4415.000 ns	       440	800003b4	a2ad7737	lui	x14,0xa2ad7	 x14=0xa2ad7000
       4435.000 ns	       442	800003b8	20e61653	fsgnjn.s	f12,f12,f14	 f12:0x80000000 f14:0x7f7fffff f12=0x80000000
       4455.000 ns	       444	800003bc	3a862b97	auipc	x23,0x3a862	 x23=0xba8623bc
       4465.000 ns	       445	800003c0	018fdfb3	srl	x31,x31,x24	 x31:0x00000000 x24:0xf4342187 x31=0x00000000
       4475.000 ns	       446	800003c4	0173ed93	ori	x27,x7,23	  x7:0xe0c72000 x27=0xe0c72017
       4495.000 ns	       448	800003c8	0263c7b3	div	x15,x7,x6	  x7:0xe0c72000  x6:0x00000000 x15=0xffffffff
       4515.000 ns	       450	800003cc	75764eb7	lui	x29,0x75764	 x29=0x75764000
       4535.000 ns	       452	800003d0	f00e89d3	fmv.w.x	f19,x29	 x29:0x00000001 f19=0x75764000
       4565.000 ns	       455	800003d4	21b385d3	fsgnj.s	f11,f7,f27	  f7:0xff7fffff f27:0x7f800000 f11=0x7f7fffff
       4595.000 ns	       458	800003d8	020490b3	mulh	x1,x9,x0	  x9:0x00000004  x0:0x00000000  x1=0x00000000
       4625.000 ns	       461	800003dc	202827d3	fsgnjx.s	f15,f16,f2	 f16:0x8039f91a  f2:0x80000000 f15=0x0039f91a
       4645.000 ns	       463	800003e0	1bebcf93	xori	x31,x23,446	 x23:0xba8623bc x31=0xba862202
       4685.000 ns	       467	800003e4	094c3cd3	fsub.s	f25,f24,f20	 f24:0x3b6ead15 f20:0x80000000 f25=0x3b6ead15
       4705.000 ns	       469	800003e8	40e654b3	sra	x9,x12,x14	 x12:0xc6f16340 x14:0xa2ad7000  x9=0xc6f16340
       4725.000 ns	       471	800003ec	02dd1f33	mulh	x30,x26,x13	 x26:0x000000d0 x13:0x0000001d x30=0x00000000
       4755.000 ns	       474	800003f0	e0051bd3	fclass.s	x23,f10	 f10:0x7fc00000 x23=0x00000200
       4785.000 ns	       477	800003f4	e0008a53	fmv.x.w	x20,f1	  f1:0xc20896ed x20=0xc20896ed
       4805.000 ns	       479	800003f8	01fbc4b3	xor	x9,x23,x31	 x23:0x00000200 x31:0xba862202  x9=0xba862002
       4825.000 ns	       481	800003fc	020f2c33	mulhsu	x24,x30,x0	 x30:0x00000000  x0:0x00000000 x24=0x00000000
       4845.000 ns	       483	80000400	01744bb3	xor	x23,x8,x23	  x8:0xf55262d2 x23:0x00000200 x23=0xf55260d2
       4865.000 ns	       485	80000404	e0008053	fmv.x.w	x0,f1	  f1:0xc20896ed
       4895.000 ns	       488	80000408	a1f22253	feq.s	x4,f4,f31	  f4:0x5abc9d23 f31:0xffc00000  x4=0x00000000
       4925.000 ns	       491	8000040c	a0312553	feq.s	x10,f2,f3	  f2:0x80000000  f3:0x7fc00000 x10=0x00000000
       4945.000 ns	       493	80000410	40e35233	sra	x4,x6,x14	  x6:0x00000000 x14:0xa2ad7000  x4=0x00000000
       4955.000 ns	       494	80000414	c5d57337	lui	x6,0xc5d57	  x6=0xc5d57000
       5315.000 ns	       530	80000418	0225c0b3	div	x1,x11,x2	 x11:0x80000000  x2:0x80040fe4  x1=0x00000001
       5345.000 ns	       533	8000041c	285705d3	fmin.s	f11,f14,f5	 f14:0x7f7fffff  f5:0xca993faa f11=0xca993faa
       5365.000 ns	       535	80000420	59ff4493	xori	x9,x30,1439	 x30:0x00000000  x9=0x0000059f
       5375.000 ns	       536	80000424	27d6ca37	lui	x20,0x27d6c	 x20=0x27d6c000
       5385.000 ns	       537	80000428	00df1733	sll	x14,x30,x13	 x30:0x00000000 x13:0x0000001d x14=0x00000000
       5405.000 ns	       539	8000042c	c004b4d3	fcvt.w.s	x9,f9	  f9:0xc20896ed  x9=0xffffffde
       5425.000 ns	       541	80000430	36d1e913	ori	x18,x3,877	  x3:0x76728320 x18=0x7672836d
       5435.000 ns	       542	80000434	01312cb3	slt	x25,x2,x19	  x2:0x80040fe4 x19:0xc6f16340 x25=0x00000001
       5455.000 ns	       544	80000438	a1fb80d3	fle.s	x1,f23,f31	 f23:0x4edc951d f31:0xffc00000  x1=0x00000000
       5475.000 ns	       546	8000043c	41d35493	srai	x9,x6,0x1d	  x6:0xc5d57000  x9=0xfffffffe
       5485.000 ns	       547	80000440	40c601b3	sub	x3,x12,x12	 x12:0xc6f16340 x12:0xc6f16340  x3=0x00000000
       5525.000 ns	       551	80000444	01ce79d3	fadd.s	f19,f28,f28	 f28:0x64ce7e28 f28:0x64ce7e28 f19=0x654e7e28
       5555.000 ns	       554	80000448	a15909d3	fle.s	x19,f18,f21	 f18:0x7fc00000 f21:0xff7fffff x19=0x00000000
       5585.000 ns	       557	8000044c	a1db2753	feq.s	x14,f22,f29	 f22:0x80000000 f29:0x8030b163 x14=0x00000000
       5955.000 ns	       594	80000450	03cbdd33	divu	x26,x23,x28	 x23:0xf55260d2 x28:0x0000001b x26=0x09160396
       5985.000 ns	       597	80000454	209c29d3	fsgnjx.s	f19,f24,f9	 f24:0x3b6ead15  f9:0xc20896ed f19=0xbb6ead15
       6005.000 ns	       599	80000458	015a98b3	sll	x17,x21,x21	 x21:0x00000002 x21:0x00000002 x17=0x00000008
       6035.000 ns	       602	8000045c	10a49153	fmul.s	f2,f9,f10	  f9:0xc20896ed f10:0x7fc00000  f2=0x7fc00000
       6055.000 ns	       604	80000460	00ba8233	add	x4,x21,x11	 x21:0x00000002 x11:0x80000000  x4=0x80000002
       6065.000 ns	       605	80000464	b563b293	sltiu	x5,x7,-1194	  x7:0xe0c72000  x5=0x00000001
       6085.000 ns	       607	80000468	d00639d3	fcvt.s.w	f19,x12	 x12:0xc6f16340 f19=0xce643a73
       6115.000 ns	       610	8000046c	c01da653	fcvt.wu.s	x12,f27	 f27:0x7f800000 x12=0xffffffff
       6145.000 ns	       613	80000470	025aae33	mulhsu	x28,x21,x5	 x21:0x00000002  x5:0x00000001 x28=0x00000000
       6175.000 ns	       616	80000474	c0177f53	fcvt.wu.s	x30,f14	 f14:0x7f7fffff x30=0xffffffff
       6195.000 ns	       618	80000478	00684233	xor	x4,x16,x6	 x16:0xfffffe70  x6:0xc5d57000  x4=0x3a2a8e70
       6205.000 ns	       619	8000047c	01993333	sltu	x6,x18,x25	 x18:0x7672836d x25:0x00000001  x6=0x00000000
       6225.000 ns	       621	80000480	c0088853	fcvt.w.s	x16,f17	 f17:0xff800000 x16=0x80000000
       6245.000 ns	       623	80000484	00b5da93	srli	x21,x11,0xb	 x11:0x80000000 x21=0x00100000
       6255.000 ns	       624	80000488	004e1513	slli	x10,x28,0x4	 x28:0x00000000 x10=0x00000000
       6265.000 ns	       625	8000048c	00092c33	slt	x24,x18,x0	 x18:0x7672836d  x0:0x00000000 x24=0x00000000
       6275.000 ns	       626	80000490	41520cb3	sub	x25,x4,x21	  x4:0x3a2a8e70 x21:0x00100000 x25=0x3a1a8e70
       6635.000 ns	       662	80000494	02b6ee33	rem	x28,x13,x11	 x13:0x0000001d x11:0x80000000 x28=0x0000001d
       6655.000 ns	       664	80000498	d4b60713	addi	x14,x12,-693	 x12:0xffffffff x14=0xfffffd4a
       6675.000 ns	       666	8000049c	29a793d3	fmax.s	f7,f15,f26	 f15:0x0039f91a f26:0x7fc00000  f7=0x0039f91a
       6695.000 ns	       668	800004a0	01f641b3	xor	x3,x12,x31	 x12:0xffffffff x31:0xba862202  x3=0x4579ddfd
       6715.000 ns	       670	800004a4	208b97d3	fsgnjn.s	f15,f23,f8	 f23:0x4edc951d  f8:0x8021ca12 f15=0x4edc951d
       6745.000 ns	       673	800004a8	c0107653	fcvt.wu.s	x12,f0	  f0:0x40000000 x12=0x00000002
       6765.000 ns	       675	800004ac	00000013	addi	x0,x0,0	  x0:0x00000000
       6785.000 ns	       677	800004b0	2029a8d3	fsgnjx.s	f17,f19,f2	 f19:0xce643a73  f2:0x7fc00000 f17=0xce643a73
       6815.000 ns	       680	800004b4	294297d3	fmax.s	f15,f5,f20	  f5:0xca993faa f20:0x80000000 f15=0x80000000
       6835.000 ns	       682	800004b8	01da74b3	and	x9,x20,x29	 x20:0x27d6c000 x29:0x75764000  x9=0x25564000
       6875.000 ns	       686	800004bc	08037953	fsub.s	f18,f6,f0	  f6:0x8021ca12  f0:0x40000000 f18=0xc0000000
       6895.000 ns	       688	800004c0	1d283e13	sltiu	x28,x16,466	 x16:0x80000000 x28=0x00000000
       6915.000 ns	       690	800004c4	f0070fd3	fmv.w.x	f31,x14	 x14:0xfffffd4a f31=0xfffffd4a
       6945.000 ns	       693	800004c8	a10a2cd3	feq.s	x25,f20,f16	 f20:0x80000000 f16:0x8039f91a x25=0x00000000
       6965.000 ns	       695	800004cc	00a96f33	or	x30,x18,x10	 x18:0x7672836d x10:0x00000000 x30=0x7672836d
       6975.000 ns	       696	800004d0	6cedb293	sltiu	x5,x27,1742	 x27:0xe0c72017  x5=0x00000000
       7015.000 ns	       700	800004d4	0978a7d3	fsub.s	f15,f17,f23	 f17:0xce643a73 f23:0x4edc951d f15=0xcf27592c
       7035.000 ns	       702	800004d8	013e1cb3	sll	x25,x28,x19	 x28:0x00000000 x19:0x00000000 x25=0x00000000
       7055.000 ns	       704	800004dc	c00a7cd3	fcvt.w.s	x25,f20	 f20:0x80000000 x25=0x00000000
       7425.000 ns	       741	800004e0	023cd4b3	divu	x9,x25,x3	 x25:0x00000000  x3:0x4579ddfd  x9=0x00000000
       7455.000 ns	       744	800004e4	c010fbd3	fcvt.wu.s	x23,f1	  f1:0xc20896ed x23=0x00000022
       7485.000 ns	       747	800004e8	a1bdaed3	feq.s	x29,f27,f27	 f27:0x7f800000 f27:0x7f800000 x29=0x00000001
       7515.000 ns	       750	800004ec	02674433	div	x8,x14,x6	 x14:0xfffffd4a  x6:0x00000000  x8=0xffffffff
       7535.000 ns	       752	800004f0	01029a33	sll	x20,x5,x16	  x5:0x00000000 x16:0x80000000 x20=0x00000000
       7545.000 ns	       753	800004f4	01b43433	sltu	x8,x8,x27	  x8:0xffffffff x27:0xe0c72017  x8=0x00000000
       7555.000 ns	       754	800004f8	9ad37193	andi	x3,x6,-1619	  x6:0x00000000  x3=0x00000000
       7575.000 ns	       756	800004fc	21f201d3	fsgnj.s	f3,f4,f31	  f4:0x5abc9d23 f31:0xfffffd4a  f3=0xdabc9d23
       7595.000 ns	       758	80000500	01048f33	add	x30,x9,x16	  x9:0x00000000 x16:0x80000000 x30=0x80000000
       7955.000 ns	       794	80000504	03e05db3	divu	x27,x0,x30	  x0:0x00000000 x30:0x7672836d x27=0x00000000
       8325.000 ns	       831	80000508	030e72b3	remu	x5,x28,x16	 x28:0x00000000 x16:0x80000000  x5=0x00000000
       8355.000 ns	       834	8000050c	f00d8053	fmv.w.x	f0,x27	 x27:0x00000000  f0=0x00000000
       8375.000 ns	       836	80000510	a5020297	auipc	x5,0xa5020	  x5=0x25020510
       8385.000 ns	       837	80000514	00bb46b3	xor	x13,x22,x11	 x22:0x80041024 x11:0x80000000 x13=0x00041024
       8405.000 ns	       839	80000518	207c9dd3	fsgnjn.s	f27,f25,f7	 f25:0x3b6ead15  f7:0x0039f91a f27=0xbb6ead15
       8425.000 ns	       841	8000051c	00000013	addi	x0,x0,0	  x0:0x00000000
       8435.000 ns	       842	80000520	018930b3	sltu	x1,x18,x24	 x18:0x7672836d x24:0x00000000  x1=0x00000000
       8445.000 ns	       843	80000524	01c180b3	add	x1,x3,x28	  x3:0x00000000 x28:0x00000000  x1=0x00000000
       8475.000 ns	       846	80000528	580af653	fsqrt.s	f12,f21	 f21:0xff7fffff f12=0x7fc00000
       8495.000 ns	       848	8000052c	00239693	slli	x13,x7,0x2	  x7:0xe0c72000 x13=0x831c8000
       8515.000 ns	       850	80000530	d00df9d3	fcvt.s.w	f19,x27	 x27:0x00000000 f19=0x00000000
       8545.000 ns	       853	80000534	c01e48d3	fcvt.wu.s	x17,f28	 f28:0x64ce7e28 x17=0xffffffff
       8565.000 ns	       855	80000538	01971913	slli	x18,x14,0x19	 x14:0xfffffd4a x18=0x94000000
       8605.000 ns	       859	8000053c	09477953	fsub.s	f18,f14,f20	 f14:0x7f7fffff f20:0x80000000 f18=0x7f7fffff
       8625.000 ns	       861	80000540	010664b3	or	x9,x12,x16	 x12:0x00000002 x16:0x80000000  x9=0x80000002
       8635.000 ns	       862	80000544	015912b3	sll	x5,x18,x21	 x18:0x94000000 x21:0x00100000  x5=0x94000000
       8645.000 ns	       863	80000548	00a6c0b3	xor	x1,x13,x10	 x13:0x831c8000 x10:0x00000000  x1=0x831c8000
       8655.000 ns	       864	8000054c	00000013	addi	x0,x0,0	  x0:0x00000000
       8665.000 ns	       865	80000550	41f77517	auipc	x10,0x41f77	 x10=0xc1f77550
       8695.000 ns	       868	80000554	580476d3	fsqrt.s	f13,f8	  f8:0x8021ca12 f13=0x7fc00000
       8715.000 ns	       870	80000558	008b4ab3	xor	x21,x22,x8	 x22:0x80041024  x8:0x00000000 x21=0x80041024
       8735.000 ns	       872	8000055c	a1db2ed3	feq.s	x29,f22,f29	 f22:0x80000000 f29:0x8030b163 x29=0x00000000
       8765.000 ns	       875	80000560	03703833	mulhu	x16,x0,x23	  x0:0x00000000 x23:0x00000022 x16=0x00000000
       9135.000 ns	       912	80000564	032a4833	div	x16,x20,x18	 x20:0x00000000 x18:0x94000000 x16=0x00000000
       9155.000 ns	       914	80000568	dd49f613	andi	x12,x19,-556	 x19:0x00000000 x12=0x00000000
       9165.000 ns	       915	8000056c	e7fe97b7	lui	x15,0xe7fe9	 x15=0xe7fe9000
       9175.000 ns	       916	80000570	01c933b3	sltu	x7,x18,x28	 x18:0x94000000 x28:0x00000000  x7=0x00000000
       9205.000 ns	       919	80000574	58042b53	fsqrt.s	f22,f8	  f8:0x8021ca12 f22=0x7fc00000
       9235.000 ns	       922	80000578	03d5a633	mulhsu	x12,x11,x29	 x11:0x80000000 x29:0x00000000 x12=0x00000000
       9255.000 ns	       924	8000057c	012aad33	slt	x26,x21,x18	 x21:0x80041024 x18:0x94000000 x26=0x00000001
       9275.000 ns	       926	80000580	f0048053	fmv.w.x	f0,x9	  x9:0x80000002  f0=0x80000002
       9305.000 ns	       929	80000584	d01d90d3	fcvt.s.wu	f1,x27	 x27:0x00000000  f1=0x00000000
       9335.000 ns	       932	80000588	02f1b4b3	mulhu	x9,x3,x15	  x3:0x00000000 x15:0xe7fe9000  x9=0x00000000
       9365.000 ns	       935	8000058c	a1b21253	flt.s	x4,f4,f27	  f4:0x5abc9d23 f27:0xbb6ead15  x4=0x00000000
       9385.000 ns	       937	80000590	3de46093	ori	x1,x8,990	  x8:0x00000000  x1=0x000003de
       9405.000 ns	       939	80000594	0275d4b3	divu	x9,x11,x7	 x11:0x80000000  x7:0x00000000  x9=0xffffffff
       9435.000 ns	       942	80000598	e00691d3	fclass.s	x3,f13	 f13:0x7fc00000  x3=0x00000200
       9455.000 ns	       944	8000059c	008c93b3	sll	x7,x25,x8	 x25:0x00000000  x8:0x00000000  x7=0x00000000
       9475.000 ns	       946	800005a0	f0028c53	fmv.w.x	f24,x5	  x5:0x94000000 f24=0x94000000
       9495.000 ns	       948	800005a4	1d408013	addi	x0,x1,468	  x1:0x000003de
       9505.000 ns	       949	800005a8	416b8333	sub	x6,x23,x22	 x23:0x00000022 x22:0x80041024  x6=0x7ffbeffe
       9515.000 ns	       950	800005ac	01935693	srli	x13,x6,0x19	  x6:0x00000000 x13=0x0000003f
       9525.000 ns	       951	800005b0	b7cfc893	xori	x17,x31,-1156	 x31:0xba862202 x17=0x4579d97e
       9535.000 ns	       952	800005b4	00251013	slli	x0,x10,0x2	 x10:0xc1f77550
       9545.000 ns	       953	800005b8	00d864b3	or	x9,x16,x13	 x16:0x00000000 x13:0x0000003f  x9=0x0000003f
       9565.000 ns	       955	800005bc	d0027a53	fcvt.s.w	f20,x4	  x4:0x00000000 f20=0x00000000
       9595.000 ns	       958	800005c0	e00112d3	fclass.s	x5,f2	  f2:0x7fc00000  x5=0x00000200
       9615.000 ns	       960	800005c4	00dad813	srli	x16,x21,0xd	 x21:0x80041024 x16=0x00040020
       9635.000 ns	       962	800005c8	d00c7ed3	fcvt.s.w	f29,x24	 x24:0x00000000 f29=0x00000000
       9665.000 ns	       965	800005cc	29360853	fmin.s	f16,f12,f19	 f12:0x7fc00000 f19:0x00000000 f16=0x00000000
       9685.000 ns	       967	800005d0	01fbe9b3	or	x19,x23,x31	 x23:0x00000022 x31:0xba862202 x19=0xba862222
       9705.000 ns	       969	800005d4	2160a8d3	fsgnjx.s	f17,f1,f22	  f1:0x00000000 f22:0x7fc00000 f17=0x00000000
       9725.000 ns	       971	800005d8	d5338f93	addi	x31,x7,-685	  x7:0x00000000 x31=0xfffffd53
       9745.000 ns	       973	800005dc	02e134b3	mulhu	x9,x2,x14	  x2:0x80040fe4 x14:0xfffffd4a  x9=0x80040e88
       9775.000 ns	       976	800005e0	e0060f53	fmv.x.w	x30,f12	 f12:0x7fc00000 x30=0x7fc00000
       9825.000 ns	       981	800005e4	0876f2d3	fsub.s	f5,f13,f7	 f13:0x7fc00000  f7:0x0039f91a  f5=0x7fc00000
       9855.000 ns	       984	800005e8	02cdc733	div	x14,x27,x12	 x27:0x00000000 x12:0x00000000 x14=0xffffffff
      10225.000 ns	      1021	800005ec	025e78b3	remu	x17,x28,x5	 x28:0x00000000  x5:0x00000200 x17=0x00000000
      10245.000 ns	      1023	800005f0	411f8033	sub	x0,x31,x17	 x31:0xfffffd53 x17:0x4579d97e
      10255.000 ns	      1024	800005f4	41d9d893	srai	x17,x19,0x1d	 x19:0xba862222 x17=0xfffffffd
      10275.000 ns	      1026	800005f8	c00223d3	fcvt.w.s	x7,f4	  f4:0x5abc9d23  x7=0x7fffffff
      10295.000 ns	      1028	800005fc	934f7613	andi	x12,x30,-1740	 x30:0x7fc00000 x12=0x7fc00000
      10315.000 ns	      1030	80000600	a12792d3	flt.s	x5,f15,f18	 f15:0xcf27592c f18:0x7f7fffff  x5=0x00000001
      10345.000 ns	      1033	80000604	299f9953	fmax.s	f18,f31,f25	 f31:0xfffffd4a f25:0x3b6ead15 f18=0x3b6ead15
      10375.000 ns	      1036	80000608	a1542853	feq.s	x16,f8,f21	  f8:0x8021ca12 f21:0xff7fffff x16=0x00000000
      10405.000 ns	      1039	8000060c	d0123853	fcvt.s.wu	f16,x4	  x4:0x00000000 f16=0x00000000
      10445.000 ns	      1043	80000610	58068253	fsqrt.s	f4,f13	 f13:0x7fc00000  f4=0x7fc00000
      10465.000 ns	      1045	80000614	deab8393	addi	x7,x23,-534	 x23:0x00000022  x7=0xfffffe0c
      10475.000 ns	      1046	80000618	a66c8a97	auipc	x21,0xa66c8	 x21=0x266c8618
      10485.000 ns	      1047	8000061c	003a9fb3	sll	x31,x21,x3	 x21:0x80041024  x3:0x00000200 x31=0x266c8618
      10845.000 ns	      1083	80000620	02acc233	div	x4,x25,x10	 x25:0x00000000 x10:0xc1f77550  x4=0x00000000
      10865.000 ns	      1085	80000624	0ca131b7	lui	x3,0xca13	  x3=0x0ca13000
      10905.000 ns	      1089	80000628	013285d3	fadd.s	f11,f5,f19	  f5:0x7fc00000 f19:0x00000000 f11=0x7fc00000
      11275.000 ns	      1126	8000062c	025bf933	remu	x18,x23,x5	 x23:0x00000022  x5:0x00000001 x18=0x00000000
      11295.000 ns	      1128	80000630	00000013	addi	x0,x0,0	  x0:0x00000000
      11655.000 ns	      1164	80000634	033f50b3	divu	x1,x30,x19	 x30:0x7fc00000 x19:0xba862222  x1=0x00000000
      11675.000 ns	      1166	80000638	002a5333	srl	x6,x20,x2	 x20:0x00000000  x2:0x80040fe4  x6=0x00000000
      11695.000 ns	      1168	8000063c	a01da553	feq.s	x10,f27,f1	 f27:0xbb6ead15  f1:0x00000000 x10=0x00000000
      11725.000 ns	      1171	80000640	a1c02e53	feq.s	x28,f0,f28	  f0:0x80000002 f28:0x64ce7e28 x28=0x00000000
      11745.000 ns	      1173	80000644	010cddb3	srl	x27,x25,x16	 x25:0x00000000 x16:0x00000000 x27=0x00000000
      11755.000 ns	      1174	80000648	0539fa97	auipc	x21,0x539f	 x21=0x8539f648
      11765.000 ns	      1175	8000064c	a0570213	addi	x4,x14,-1531	 x14:0xffffffff  x4=0xfffffa04
      11775.000 ns	      1176	80000650	409f8733	sub	x14,x31,x9	 x31:0x266c8618  x9:0x80040e88 x14=0xa6687790
      11805.000 ns	      1179	80000654	109c7153	fmul.s	f2,f24,f9	 f24:0x94000000  f9:0xc20896ed  f2=0x168896ee
      11835.000 ns	      1182	80000658	a0e22653	feq.s	x12,f4,f14	  f4:0x7fc00000 f14:0x7f7fffff x12=0x00000000
      11865.000 ns	      1185	8000065c	03fe3db3	mulhu	x27,x28,x31	 x28:0x00000000 x31:0x266c8618 x27=0x00000000
      11895.000 ns	      1188	80000660	290a8253	fmin.s	f4,f21,f16	 f21:0xff7fffff f16:0x00000000  f4=0xff7fffff
      11925.000 ns	      1191	80000664	03b0e7b3	rem	x15,x1,x27	  x1:0x00000000 x27:0x00000000 x15=0x00000000
      11955.000 ns	      1194	80000668	023081b3	mul	x3,x1,x3	  x1:0x00000000  x3:0x0ca13000  x3=0x00000000
      11975.000 ns	      1196	8000066c	013e7833	and	x16,x28,x19	 x28:0x00000000 x19:0xba862222 x16=0x00000000
      12005.000 ns	      1199	80000670	185a0c53	fdiv.s	f24,f20,f5	 f20:0x00000000  f5:0x7fc00000 f24=0x7fc00000
      12025.000 ns	      1201	80000674	0017eeb3	or	x29,x15,x1	 x15:0x00000000  x1:0x00000000 x29=0x00000000
      12045.000 ns	      1203	80000678	d00ff353	fcvt.s.w	f6,x31	 x31:0x266c8618  f6=0x4e19b218
      12065.000 ns	      1205	8000067c	0036ad33	slt	x26,x13,x3	 x13:0x0000003f  x3:0x00000000 x26=0x00000000
      12075.000 ns	      1206	80000680	410a8c33	sub	x24,x21,x16	 x21:0x8539f648 x16:0x00000000 x24=0x8539f648
      12095.000 ns	      1208	80000684	03987833	remu	x16,x16,x25	 x16:0x00000000 x25:0x00000000 x16=0x00000000
      12125.000 ns	      1211	80000688	02d9bab3	mulhu	x21,x19,x13	 x19:0xba862222 x13:0x0000003f x21=0x0000002d
      12145.000 ns	      1213	8000068c	4090d7b3	sra	x15,x1,x9	  x1:0x00000000  x9:0x80040e88 x15=0x00000000
      12155.000 ns	      1214	80000690	b49be313	ori	x6,x23,-1207	 x23:0x00000022  x6=0xfffffb6b
      12175.000 ns	      1216	80000694	e00d1e53	fclass.s	x28,f26	 f26:0x7fc00000 x28=0x00000200
      12195.000 ns	      1218	80000698	01b41d13	slli	x26,x8,0x1b	  x8:0x00000000 x26=0x00000000
      12555.000 ns	      1254	8000069c	03356fb3	rem	x31,x10,x19	 x10:0x00000000 x19:0xba862222 x31=0x00000000
      12585.000 ns	      1257	800006a0	021c5433	divu	x8,x24,x1	 x24:0x8539f648  x1:0x00000000  x8=0xffffffff
      12615.000 ns	      1260	800006a4	03eb8c33	mul	x24,x23,x30	 x23:0x00000022 x30:0x7fc00000 x24=0xf7800000
      12985.000 ns	      1297	800006a8	035cd8b3	divu	x17,x25,x21	 x25:0x00000000 x21:0x0000002d x17=0x00000000
      13005.000 ns	      1299	800006ac	01202eb3	slt	x29,x0,x18	  x0:0x00000000 x18:0x00000000 x29=0x00000000
      13015.000 ns	      1300	800006b0	6a836513	ori	x10,x6,1704	  x6:0xfffffb6b x10=0xffffffeb
      14185.000 ns	      1417	800006b4	580e4dd3	fsqrt.s	f27,f28	 f28:0x64ce7e28 f27=0x5222938c
      14215.000 ns	      1420	800006b8	d019fc53	fcvt.s.wu	f24,x19	 x19:0xba862222 f24=0x4f3a8622
      14235.000 ns	      1422	800006bc	00e75d93	srli	x27,x14,0xe	 x14:0xa6687790 x27=0x000299a1
      14255.000 ns	      1424	800006c0	a0a48d53	fle.s	x26,f9,f10	  f9:0xc20896ed f10:0x7fc00000 x26=0x00000000
      14285.000 ns	      1427	800006c4	02dd3a33	mulhu	x20,x26,x13	 x26:0x00000000 x13:0x0000003f x20=0x00000000
      14305.000 ns	      1429	800006c8	eb8ec7b7	lui	x15,0xeb8ec	 x15=0xeb8ec000
      14325.000 ns	      1431	800006cc	0335a833	mulhsu	x16,x11,x19	 x11:0x80000000 x19:0xba862222 x16=0xa2bceeef
      14345.000 ns	      1433	800006d0	00b8f033	and	x0,x17,x11	 x17:0x00000000 x11:0x80000000
      14355.000 ns	      1434	800006d4	00a74033	xor	x0,x14,x10	 x14:0xa6687790 x10:0xffffffeb
      14365.000 ns	      1435	800006d8	0066e933	or	x18,x13,x6	 x13:0x0000003f  x6:0xfffffb6b x18=0xfffffb7f
      14375.000 ns	      1436	800006dc	0048f833	and	x16,x17,x4	 x17:0x00000000  x4:0xfffffa04 x16=0x00000000
      14395.000 ns	      1438	800006e0	28c784d3	fmin.s	f9,f15,f12	 f15:0xcf27592c f12:0x7fc00000  f9=0xcf27592c
      14425.000 ns	      1441	800006e4	02229833	mulh	x16,x5,x2	  x5:0x00000001  x2:0x80040fe4 x16=0xffffffff
      14445.000 ns	      1443	800006e8	86e16f93	ori	x31,x2,-1938	  x2:0x80040fe4 x31=0xffffffee
      14805.000 ns	      1479	800006ec	025bd033	divu	x0,x23,x5	 x23:0x00000022  x5:0x00000001
      15175.000 ns	      1516	800006f0	032af733	remu	x14,x21,x18	 x21:0x0000002d x18:0xfffffb7f x14=0x0000002d
      15205.000 ns	      1519	800006f4	0313f033	remu	x0,x7,x17	  x7:0xfffffe0c x17:0x00000000
      15225.000 ns	      1521	800006f8	02137213	andi	x4,x6,33	  x6:0xfffffb6b  x4=0x00000021
      15235.000 ns	      1522	800006fc	40ea0833	sub	x16,x20,x14	 x20:0x00000000 x14:0x0000002d x16=0xffffffd3
      15255.000 ns	      1524	80000700	20730cd3	fsgnj.s	f25,f6,f7	  f6:0x4e19b218  f7:0x0039f91a f25=0x4e19b218
      15625.000 ns	      1561	80000704	02dcc8b3	div	x17,x25,x13	 x25:0x00000000 x13:0x0000003f x17=0x00000000
      15655.000 ns	      1564	80000708	028e16b3	mulh	x13,x28,x8	 x28:0x00000200  x8:0xffffffff x13=0xffffffff
      15675.000 ns	      1566	8000070c	62167993	andi	x19,x12,1569	 x12:0x00000000 x19=0x00000000
      15695.000 ns	      1568	80000710	035ab7b3	mulhu	x15,x21,x21	 x21:0x0000002d x21:0x0000002d x15=0x00000000
      15725.000 ns	      1571	80000714	205d28d3	fsgnjx.s	f17,f26,f5	 f26:0x7fc00000  f5:0x7fc00000 f17=0x7fc00000
      15745.000 ns	      1573	80000718	00b72a33	slt	x20,x14,x11	 x14:0x0000002d x11:0x80000000 x20=0x00000000
      15755.000 ns	      1574	8000071c	008700b3	add	x1,x14,x8	 x14:0x0000002d  x8:0xffffffff  x1=0x0000002c
      15775.000 ns	      1576	80000720	e00b9253	fclass.s	x4,f23	 f23:0x4edc951d  x4=0x00000040
      15795.000 ns	      1578	80000724	017736b3	sltu	x13,x14,x23	 x14:0x0000002d x23:0x00000022 x13=0x00000000
      15805.000 ns	      1579	80000728	0066d0b3	srl	x1,x13,x6	 x13:0xffffffff  x6:0xfffffb6b  x1=0x00000000
      15815.000 ns	      1580	8000072c	00243e33	sltu	x28,x8,x2	  x8:0xffffffff  x2:0x80040fe4 x28=0x00000000
      15825.000 ns	      1581	80000730	00cdda93	srli	x21,x27,0xc	 x27:0x000299a1 x21=0x00000029
      15835.000 ns	      1582	80000734	01b9e333	or	x6,x19,x27	 x19:0x00000000 x27:0x000299a1  x6=0x000299a1
      15845.000 ns	      1583	80000738	0062f1b3	and	x3,x5,x6	  x5:0x00000001  x6:0xfffffb6b  x3=0x00000001
      15855.000 ns	      1584	8000073c	00baf2b3	and	x5,x21,x11	 x21:0x00000029 x11:0x80000000  x5=0x00000000
      16215.000 ns	      1620	80000740	02e9f6b3	remu	x13,x19,x14	 x19:0x00000000 x14:0x0000002d x13=0x00000000
      16245.000 ns	      1623	80000744	031cd1b3	divu	x3,x25,x17	 x25:0x00000000 x17:0x00000000  x3=0xffffffff
      16285.000 ns	      1627	80000748	10c5b653	fmul.s	f12,f11,f12	 f11:0x7fc00000 f12:0x7fc00000 f12=0x7fc00000
      16315.000 ns	      1630	8000074c	285908d3	fmin.s	f17,f18,f5	 f18:0x3b6ead15  f5:0x7fc00000 f17=0x3b6ead15
      16335.000 ns	      1632	80000750	004bdd13	srli	x26,x23,0x4	 x23:0x00000022 x26=0x00000002
      16345.000 ns	      1633	80000754	99b5af93	slti	x31,x11,-1637	 x11:0x80000000 x31=0x00000001
      16705.000 ns	      1669	80000758	02226ab3	rem	x21,x4,x2	  x4:0x00000040  x2:0x80040fe4 x21=0x00000040
      16725.000 ns	      1671	8000075c	0015f933	and	x18,x11,x1	 x11:0x80000000  x1:0x00000000 x18=0x00000000
      16745.000 ns	      1673	80000760	03a52633	mulhsu	x12,x10,x26	 x10:0xffffffeb x26:0x00000002 x12=0xffffffff
      16765.000 ns	      1675	80000764	a7e7ae97	auipc	x29,0xa7e7a	 x29=0x27e7a764
      16785.000 ns	      1677	80000768	c00df1d3	fcvt.w.s	x3,f27	 f27:0x5222938c  x3=0x7fffffff
      16805.000 ns	      1679	8000076c	003edb93	srli	x23,x29,0x3	 x29:0x00000000 x23=0x04fcf4ec
      16825.000 ns	      1681	80000770	03648a33	mul	x20,x9,x22	  x9:0x80040e88 x22:0x80041024 x20=0x7b9a8b20
      16855.000 ns	      1684	80000774	21e086d3	fsgnj.s	f13,f1,f30	  f1:0x00000000 f30:0x4f000410 f13=0x00000000
      16895.000 ns	      1688	80000778	1130fe53	fmul.s	f28,f1,f19	  f1:0x00000000 f19:0x00000000 f28=0x00000000
      16915.000 ns	      1690	8000077c	00d11d13	slli	x26,x2,0xd	  x2:0x80040fe4 x26=0x81fc8000
      16935.000 ns	      1692	80000780	0388b233	mulhu	x4,x17,x24	 x17:0x00000000 x24:0xf7800000  x4=0x00000000
      16955.000 ns	      1694	80000784	00a37bb3	and	x23,x6,x10	  x6:0x000299a1 x10:0xffffffeb x23=0x000299a1
      16975.000 ns	      1696	80000788	a0e70653	fle.s	x12,f14,f14	 f14:0x7f7fffff f14:0x7f7fffff x12=0x00000001
      16995.000 ns	      1698	8000078c	0145ee33	or	x28,x11,x20	 x11:0x80000000 x20:0x7b9a8b20 x28=0xfb9a8b20
      17015.000 ns	      1700	80000790	a15c89d3	fle.s	x19,f25,f21	 f25:0x4e19b218 f21:0xff7fffff x19=0x00000000
      17045.000 ns	      1703	80000794	d0117853	fcvt.s.wu	f16,x2	  x2:0x80040fe4 f16=0x4f00040f
      17065.000 ns	      1705	80000798	018e9793	slli	x15,x29,0x18	 x29:0x27e7a764 x15=0x64000000
      17425.000 ns	      1741	8000079c	03cfdcb3	divu	x25,x31,x28	 x31:0x00000001 x28:0xfb9a8b20 x25=0x00000000
      17455.000 ns	      1744	800007a0	c00b0853	fcvt.w.s	x16,f22	 f22:0x7fc00000 x16=0x7fffffff
      17825.000 ns	      1781	800007a4	02c86bb3	rem	x23,x16,x12	 x16:0xffffffd3 x12:0x00000001 x23=0x00000000
      17845.000 ns	      1783	800007a8	6d056893	ori	x17,x10,1744	 x10:0xffffffeb x17=0xfffffffb
      18205.000 ns	      1819	800007ac	02fad4b3	divu	x9,x21,x15	 x21:0x00000040 x15:0x64000000  x9=0x00000000
      18225.000 ns	      1821	800007b0	07edb613	sltiu	x12,x27,126	 x27:0x000299a1 x12=0x00000000
      18245.000 ns	      1823	800007b4	20459953	fsgnjn.s	f18,f11,f4	 f11:0x7fc00000  f4:0xff7fffff f18=0x7fc00000
      18265.000 ns	      1825	800007b8	00d97633	and	x12,x18,x13	 x18:0x00000000 x13:0x00000000 x12=0x00000000
      18275.000 ns	      1826	800007bc	00000013	addi	x0,x0,0	  x0:0x00000000
      18295.000 ns	      1828	800007c0	205017d3	fsgnjn.s	f15,f0,f5	  f0:0x80000002  f5:0x7fc00000 f15=0x80000002
      18665.000 ns	      1865	800007c4	031ddd33	divu	x26,x27,x17	 x27:0x000299a1 x17:0xfffffffb x26=0x00000000
      18695.000 ns	      1868	800007c8	a01f0ed3	fle.s	x29,f30,f1	 f30:0x4f000410  f1:0x00000000 x29=0x00000000
      18715.000 ns	      1870	800007cc	92ddf993	andi	x19,x27,-1747	 x27:0x000299a1 x19=0x00029921
      18735.000 ns	      1872	800007d0	038da233	mulhsu	x4,x27,x24	 x27:0x000299a1 x24:0xf7800000  x4=0x00028387
      18775.000 ns	      1876	800007d4	1044f4d3	fmul.s	f9,f9,f4	  f9:0xcf27592c  f4:0xff7fffff  f9=0x7f800000
      18795.000 ns	      1878	800007d8	ed05c713	xori	x14,x11,-304	 x11:0x80000000 x14=0x7ffffed0
      18815.000 ns	      1880	800007dc	02ce3cb3	mulhu	x25,x28,x12	 x28:0xfb9a8b20 x12:0x00000000 x25=0x00000000
      18845.000 ns	      1883	800007e0	03f2abb3	mulhsu	x23,x5,x31	  x5:0x00000000 x31:0x00000001 x23=0x00000000
      18875.000 ns	      1886	800007e4	29f01353	fmax.s	f6,f0,f31	  f0:0x80000002 f31:0xfffffd4a  f6=0x80000002
      18905.000 ns	      1889	800007e8	280f8d53	fmin.s	f26,f31,f0	 f31:0xfffffd4a  f0:0x80000002 f26=0x80000002
      18945.000 ns	      1893	800007ec	100876d3	fmul.s	f13,f16,f0	 f16:0x4f00040f  f0:0x80000002 f13=0x8500040f
      18975.000 ns	      1896	800007f0	c00a2553	fcvt.w.s	x10,f20	 f20:0x00000000 x10=0x00000000
      19005.000 ns	      1899	800007f4	282887d3	fmin.s	f15,f17,f2	 f17:0x3b6ead15  f2:0x168896ee f15=0x168896ee
      19375.000 ns	      1936	800007f8	03444bb3	div	x23,x8,x20	  x8:0xffffffff x20:0x7b9a8b20 x23=0x00000000
      19395.000 ns	      1938	800007fc	01b5d9b3	srl	x19,x11,x27	 x11:0x80000000 x27:0x000299a1 x19=0x40000000
      19405.000 ns	      1939	80000800	9e85a313	slti	x6,x11,-1560	 x11:0x80000000  x6=0x00000001
      19415.000 ns	      1940	80000804	00cff033	and	x0,x31,x12	 x31:0x00000001 x12:0x00000000
      19425.000 ns	      1941	80000808	01e92033	slt	x0,x18,x30	 x18:0x00000000 x30:0x7fc00000
      19435.000 ns	      1942	8000080c	0005cbb3	xor	x23,x11,x0	 x11:0x80000000  x0:0x00000000 x23=0x80000000
      19445.000 ns	      1943	80000810	00fd48b3	xor	x17,x26,x15	 x26:0x00000000 x15:0x64000000 x17=0x64000000
      19455.000 ns	      1944	80000814	00d91c93	slli	x25,x18,0xd	 x18:0x00000000 x25=0x00000000
      19465.000 ns	      1945	80000818	016a2533	slt	x10,x20,x22	 x20:0x7b9a8b20 x22:0x80041024 x10=0x00000000
      19485.000 ns	      1947	8000081c	d010c0d3	fcvt.s.wu	f1,x1	  x1:0x00000000  f1=0x00000000
      19855.000 ns	      1984	80000820	02845633	divu	x12,x8,x8	  x8:0xffffffff  x8:0xffffffff x12=0x00000001
      19885.000 ns	      1987	80000824	205b9fd3	fsgnjn.s	f31,f23,f5	 f23:0x4edc951d  f5:0x7fc00000 f31=0xcedc951d
      19905.000 ns	      1989	80000828	f7860717	auipc	x14,0xf7860	 x14=0x77860828
      19945.000 ns	      1993	8000082c	09112b53	fsub.s	f22,f2,f17	  f2:0x168896ee f17:0x3b6ead15 f22=0xbb6ead15
      19975.000 ns	      1996	80000830	a03b2ad3	feq.s	x21,f22,f3	 f22:0x7fc00000  f3:0xdabc9d23 x21=0x00000000
      19995.000 ns	      1998	80000834	0de17e93	andi	x29,x2,222	  x2:0x80040fe4 x29=0x000000c4
      20015.000 ns	      2000	80000838	214daed3	fsgnjx.s	f29,f27,f20	 f27:0x5222938c f20:0x00000000 f29=0x5222938c
      20045.000 ns	      2003	8000083c	02feb733	mulhu	x14,x29,x15	 x29:0x00000000 x15:0x64000000 x14=0x0000004c
      20075.000 ns	      2006	80000840	2030a753	fsgnjx.s	f14,f1,f3	  f1:0x00000000  f3:0xdabc9d23 f14=0x80000000
      20095.000 ns	      2008	80000844	011fa833	slt	x16,x31,x17	 x31:0x00000001 x17:0x64000000 x16=0x00000001
      20115.000 ns	      2010	80000848	20f49a53	fsgnjn.s	f20,f9,f15	  f9:0x7f800000 f15:0x168896ee f20=0xff800000
      20145.000 ns	      2013	8000084c	c0057c53	fcvt.w.s	x24,f10	 f10:0x7fc00000 x24=0x7fffffff
      20165.000 ns	      2015	80000850	003f10b3	sll	x1,x30,x3	 x30:0x7fc00000  x3:0x7fffffff  x1=0x00000000
      20175.000 ns	      2016	80000854	00de7d33	and	x26,x28,x13	 x28:0xfb9a8b20 x13:0x00000000 x26=0x00000000
      20195.000 ns	      2018	80000858	d01514d3	fcvt.s.wu	f9,x10	 x10:0x00000000  f9=0x00000000
      20215.000 ns	      2020	8000085c	01e28033	add	x0,x5,x30	  x5:0x00000000 x30:0x7fc00000
      20225.000 ns	      2021	80000860	01452e33	slt	x28,x10,x20	 x10:0x00000000 x20:0x7b9a8b20 x28=0x00000001
      20235.000 ns	      2022	80000864	31238817	auipc	x16,0x31238	 x16=0xb1238864
      20595.000 ns	      2058	80000868	02fd5633	divu	x12,x26,x15	 x26:0x00000000 x15:0x64000000 x12=0x00000000
      20625.000 ns	      2061	8000086c	f00d8153	fmv.w.x	f2,x27	 x27:0x000299a1  f2=0x000299a1
      20645.000 ns	      2063	80000870	00935c93	srli	x25,x6,0x9	  x6:0x00000001 x25=0x00000000
      20675.000 ns	      2066	80000874	1131fbd3	fmul.s	f23,f3,f19	  f3:0xdabc9d23 f19:0x00000000 f23=0x80000000
      20705.000 ns	      2069	80000878	03e5b7b3	mulhu	x15,x11,x30	 x11:0x80000000 x30:0x7fc00000 x15=0x3fe00000
      20725.000 ns	      2071	8000087c	000081b3	add	x3,x1,x0	  x1:0x00000000  x0:0x00000000  x3=0x00000000
      20735.000 ns	      2072	80000880	4137d993	srai	x19,x15,0x13	 x15:0x3fe00000 x19=0x000007fc
      20755.000 ns	      2074	80000884	d00bf353	fcvt.s.w	f6,x23	 x23:0x80000000  f6=0xcf000000
      20795.000 ns	      2078	80000888	11e279d3	fmul.s	f19,f4,f30	  f4:0xff7fffff f30:0x4f000410 f19=0xff800000
      21135.000 ns	      2112	8000088c	191173d3	fdiv.s	f7,f2,f17	  f2:0x000299a1 f17:0x3b6ead15  f7=0x01e6c6a7
      21165.000 ns	      2115	80000890	e0029f53	fclass.s	x30,f5	  f5:0x7fc00000 x30=0x00000200
      21535.000 ns	      2152	80000894	0306ff33	remu	x30,x13,x16	 x13:0x00000000 x16:0xb1238864 x30=0x00000000
      21555.000 ns	      2154	80000898	a1b4e613	ori	x12,x9,-1509	  x9:0x00000000 x12=0xfffffa1b
      21565.000 ns	      2155	8000089c	01199db3	sll	x27,x19,x17	 x19:0x000007fc x17:0x64000000 x27=0x000007fc
      21575.000 ns	      2156	800008a0	c9b94393	xori	x7,x18,-869	 x18:0x00000000  x7=0xfffffc9b
      21585.000 ns	      2157	800008a4	0a50af93	slti	x31,x1,165	  x1:0x00000000 x31=0x00000001
      21605.000 ns	      2159	800008a8	c009f753	fcvt.w.s	x14,f19	 f19:0xff800000 x14=0x80000000
      21635.000 ns	      2162	800008ac	a18fa0d3	feq.s	x1,f31,f24	 f31:0xcedc951d f24:0x4f3a8622  x1=0x00000000
      21655.000 ns	      2164	800008b0	40355c93	srai	x25,x10,0x3	 x10:0x00000000 x25=0x00000000
      21675.000 ns	      2166	800008b4	d018f153	fcvt.s.wu	f2,x17	 x17:0x64000000  f2=0x4ec80000
      21705.000 ns	      2169	800008b8	c00a38d3	fcvt.w.s	x17,f20	 f20:0xff800000 x17=0x80000000
      21725.000 ns	      2171	800008bc	3694b093	sltiu	x1,x9,873	  x9:0x00000000  x1=0x00000001
      21735.000 ns	      2172	800008c0	7ef6eb93	ori	x23,x13,2031	 x13:0x00000000 x23=0x000007ef
      21745.000 ns	      2173	800008c4	5db96a13	ori	x20,x18,1499	 x18:0x00000000 x20=0x000005db
      21755.000 ns	      2174	800008c8	01ceda13	srli	x20,x29,0x1c	 x29:0x000000c4 x20=0x00000000
      21765.000 ns	      2175	800008cc	c69d5a17	auipc	x20,0xc69d5	 x20=0x469d58cc
      21775.000 ns	      2176	800008d0	011c7033	and	x0,x24,x17	 x24:0x7fffffff x17:0x80000000
      21785.000 ns	      2177	800008d4	06e0ba13	sltiu	x20,x1,110	  x1:0x00000001 x20=0x00000001
      21805.000 ns	      2179	800008d8	035b18b3	mulh	x17,x22,x21	 x22:0x80041024 x21:0x00000000 x17=0x00000000
      21825.000 ns	      2181	800008dc	00000013	addi	x0,x0,0	  x0:0x00000000
      21845.000 ns	      2183	800008e0	d011c353	fcvt.s.wu	f6,x3	  x3:0x00000000  f6=0x00000000
      21875.000 ns	      2186	800008e4	201206d3	fsgnj.s	f13,f4,f1	  f4:0xff7fffff  f1:0x00000000 f13=0x7f7fffff
      21925.000 ns	      2191	800008e8	09ed9a53	fsub.s	f20,f27,f30	 f27:0x5222938c f30:0x4f000410 f20=0x5220937b
      21955.000 ns	      2194	800008ec	e00d9053	fclass.s	x0,f27	 f27:0x5222938c
      21975.000 ns	      2196	800008f0	0061ebb3	or	x23,x3,x6	  x3:0x00000000  x6:0x00000001 x23=0x00000001
      21985.000 ns	      2197	800008f4	ca194093	xori	x1,x18,-863	 x18:0x00000000  x1=0xfffffca1
      22005.000 ns	      2199	800008f8	202e9d53	fsgnjn.s	f26,f29,f2	 f29:0x5222938c  f2:0x4ec80000 f26=0xd222938c
      22025.000 ns	      2201	800008fc	01fccc33	xor	x24,x25,x31	 x25:0x00000000 x31:0x00000001 x24=0x00000001
      22045.000 ns	      2203	80000900	212e12d3	fsgnjn.s	f5,f28,f18	 f28:0x00000000 f18:0x7fc00000  f5=0x80000000
      22065.000 ns	      2205	80000904	00b28bb3	add	x23,x5,x11	  x5:0x00000000 x11:0x80000000 x23=0x80000000
      22085.000 ns	      2207	80000908	f0008b53	fmv.w.x	f22,x1	  x1:0xfffffca1 f22=0xfffffca1
      22115.000 ns	      2210	8000090c	02ca97b3	mulh	x15,x21,x12	 x21:0x00000000 x12:0xfffffa1b x15=0x00000000
      22145.000 ns	      2213	80000910	a12986d3	fle.s	x13,f19,f18	 f19:0xff800000 f18:0x7fc00000 x13=0x00000000
      22165.000 ns	      2215	80000914	a61abc93	sltiu	x25,x21,-1439	 x21:0x00000000 x25=0x00000001
      22185.000 ns	      2217	80000918	e00f0ad3	fmv.x.w	x21,f30	 f30:0x4f000410 x21=0x4f000410
      22205.000 ns	      2219	8000091c	00631ab3	sll	x21,x6,x6	  x6:0x00000001  x6:0x00000001 x21=0x00000002
      22225.000 ns	      2221	80000920	d00f7cd3	fcvt.s.w	f25,x30	 x30:0x00000000 f25=0x00000000
      22245.000 ns	      2223	80000924	40a9d093	srai	x1,x19,0xa	 x19:0x000007fc  x1=0x00000001
      22255.000 ns	      2224	80000928	41b70cb3	sub	x25,x14,x27	 x14:0x80000000 x27:0x000007fc x25=0x7ffff804
      22265.000 ns	      2225	8000092c	00dcfc33	and	x24,x25,x13	 x25:0x00000001 x13:0x00000000 x24=0x00000000
      22295.000 ns	      2228	80000930	58060a53	fsqrt.s	f20,f12	 f12:0x7fc00000 f20=0x7fc00000
      22315.000 ns	      2230	80000934	01a2e233	or	x4,x5,x26	  x5:0x00000000 x26:0x00000000  x4=0x00000000
      22325.000 ns	      2231	80000938	40155bb3	sra	x23,x10,x1	 x10:0x00000000  x1:0x00000001 x23=0x00000000
      22345.000 ns	      2233	8000093c	28c49d53	fmax.s	f26,f9,f12	  f9:0x00000000 f12:0x7fc00000 f26=0x00000000
      22375.000 ns	      2236	80000940	e00d87d3	fmv.x.w	x15,f27	 f27:0x5222938c x15=0x5222938c
      22405.000 ns	      2239	80000944	d00882d3	fcvt.s.w	f5,x17	 x17:0x00000000  f5=0x00000000
      22435.000 ns	      2242	80000948	e00600d3	fmv.x.w	x1,f12	 f12:0x7fc00000  x1=0x7fc00000
      22455.000 ns	      2244	8000094c	005f94b3	sll	x9,x31,x5	 x31:0x00000001  x5:0x00000000  x9=0x00000001
      22465.000 ns	      2245	80000950	01de93b3	sll	x7,x29,x29	 x29:0x000000c4 x29:0x000000c4  x7=0x00000c40
      22475.000 ns	      2246	80000954	0096f233	and	x4,x13,x9	 x13:0x00000000  x9:0x00000000  x4=0x00000000
      22485.000 ns	      2247	80000958	00571213	slli	x4,x14,0x5	 x14:0x80000000  x4=0x00000000
      22505.000 ns	      2249	8000095c	c00271d3	fcvt.w.s	x3,f4	  f4:0xff7fffff  x3=0x80000000
      22535.000 ns	      2252	80000960	e00991d3	fclass.s	x3,f19	 f19:0xff800000  x3=0x00000001
      22565.000 ns	      2255	80000964	c00542d3	fcvt.w.s	x5,f10	 f10:0x7fc00000  x5=0x7fffffff
      22605.000 ns	      2259	80000968	19cdb953	fdiv.s	f18,f27,f28	 f27:0x5222938c f28:0x00000000 f18=0x7f800000
      22635.000 ns	      2262	8000096c	a09d0bd3	fle.s	x23,f26,f9	 f26:0x00000000  f9:0x00000000 x23=0x00000001
      22665.000 ns	      2265	80000970	e00f10d3	fclass.s	x1,f30	 f30:0x4f000410  x1=0x00000040
      22685.000 ns	      2267	80000974	b5374613	xori	x12,x14,-1197	 x14:0x80000000 x12=0x7ffffb53
      22695.000 ns	      2268	80000978	00afdf33	srl	x30,x31,x10	 x31:0x00000001 x10:0x00000000 x30=0x00000001
      22705.000 ns	      2269	8000097c	408d0933	sub	x18,x26,x8	 x26:0x00000000  x8:0xffffffff x18=0x00000001
      22745.000 ns	      2273	80000980	09b675d3	fsub.s	f11,f12,f27	 f12:0x7fc00000 f27:0x5222938c f11=0x7fc00000
      22765.000 ns	      2275	80000984	183a2813	slti	x16,x20,387	 x20:0x00000001 x16=0x00000001
      22785.000 ns	      2277	80000988	e00e08d3	fmv.x.w	x17,f28	 f28:0x00000000 x17=0x00000000
      22815.000 ns	      2280	8000098c	d01cf4d3	fcvt.s.wu	f9,x25	 x25:0x7ffff804  f9=0x4efffff0
      22835.000 ns	      2282	80000990	73b2a817	auipc	x16,0x73b2a	 x16=0xf3b2a990
      22855.000 ns	      2284	80000994	206f1dd3	fsgnjn.s	f27,f30,f6	 f30:0x4f000410  f6:0x00000000 f27=0xcf000410
      22885.000 ns	      2287	80000998	d0107ed3	fcvt.s.wu	f29,x0	  x0:0x00000000 f29=0x00000000
      22905.000 ns	      2289	8000099c	3e4a8e13	addi	x28,x21,996	 x21:0x00000002 x28=0x000003e6
      22925.000 ns	      2291	800009a0	207687d3	fsgnj.s	f15,f13,f7	 f13:0x7f7fffff  f7:0x01e6c6a7 f15=0x7f7fffff
      22955.000 ns	      2294	800009a4	28d61fd3	fmax.s	f31,f12,f13	 f12:0x7fc00000 f13:0x7f7fffff f31=0x7f7fffff
      22985.000 ns	      2297	800009a8	20472853	fsgnjx.s	f16,f14,f4	 f14:0x80000000  f4:0xff7fffff f16=0x00000000
      23015.000 ns	      2300	800009ac	e00494d3	fclass.s	x9,f9	  f9:0x4efffff0  x9=0x00000040
      23045.000 ns	      2303	800009b0	a1f42e53	feq.s	x28,f8,f31	  f8:0x8021ca12 f31:0x7f7fffff x28=0x00000000
      23065.000 ns	      2305	800009b4	574c3f93	sltiu	x31,x24,1396	 x24:0x00000000 x31=0x00000001
      23105.000 ns	      2309	800009b8	0971fc53	fsub.s	f24,f3,f23	  f3:0xdabc9d23 f23:0x80000000 f24=0xdabc9d23
      23135.000 ns	      2312	800009bc	d001f0d3	fcvt.s.w	f1,x3	  x3:0x00000001  f1=0x3f800000
      23165.000 ns	      2315	800009c0	d00e0d53	fcvt.s.w	f26,x28	 x28:0x00000000 f26=0x00000000
      23185.000 ns	      2317	800009c4	00000013	addi	x0,x0,0	  x0:0x00000000
      23195.000 ns	      2318	800009c8	28364993	xori	x19,x12,643	 x12:0x7ffffb53 x19=0x7ffff9d0
      23205.000 ns	      2319	800009cc	001f8e33	add	x28,x31,x1	 x31:0x00000001  x1:0x00000040 x28=0x00000041
      23565.000 ns	      2355	800009d0	02f7fd33	remu	x26,x15,x15	 x15:0x5222938c x15:0x5222938c x26=0x00000000
      23585.000 ns	      2357	800009d4	f133ad13	slti	x26,x7,-237	  x7:0x00000c40 x26=0x00000000
      23595.000 ns	      2358	800009d8	985c3f17	auipc	x30,0x985c3	 x30=0x185c39d8
      23605.000 ns	      2359	800009dc	77864813	xori	x16,x12,1912	 x12:0x7ffffb53 x16=0x7ffffc2b
      23625.000 ns	      2361	800009e0	d0114353	fcvt.s.wu	f6,x2	  x2:0x80040fe4  f6=0x4f000410
      23645.000 ns	      2363	800009e4	002af433	and	x8,x21,x2	 x21:0x00000002  x2:0x80040fe4  x8=0x00000000
      23675.000 ns	      2366	800009e8	19402553	fdiv.s	f10,f0,f20	  f0:0x80000002 f20:0x7fc00000 f10=0x7fc00000
      23705.000 ns	      2369	800009ec	e00e9dd3	fclass.s	x27,f29	 f29:0x00000000 x27=0x00000010
      23735.000 ns	      2372	800009f0	a087a953	feq.s	x18,f15,f8	 f15:0x7f7fffff  f8:0x8021ca12 x18=0x00000000
      24105.000 ns	      2409	800009f4	03997cb3	remu	x25,x18,x25	 x18:0x00000001 x25:0x7ffff804 x25=0x00000000
      24125.000 ns	      2411	800009f8	00a577b3	and	x15,x10,x10	 x10:0x00000000 x10:0x00000000 x15=0x00000000
      24485.000 ns	      2447	800009fc	035161b3	rem	x3,x2,x21	  x2:0x80040fe4 x21:0x00000002  x3=0x00000000
      24515.000 ns	      2450	80000a00	02ac7633	remu	x12,x24,x10	 x24:0x00000000 x10:0x00000000 x12=0x00000000
      24535.000 ns	      2452	80000a04	015cf8b3	and	x17,x25,x21	 x25:0x00000000 x21:0x00000002 x17=0x00000000
      24545.000 ns	      2453	80000a08	6da3b893	sltiu	x17,x7,1754	  x7:0x00000c40 x17=0x00000000
      24565.000 ns	      2455	80000a0c	c011fc53	fcvt.wu.s	x24,f3	  f3:0xdabc9d23 x24=0x00000000
      24585.000 ns	      2457	80000a10	015a9293	slli	x5,x21,0x15	 x21:0x00000002  x5=0x00400000
      24595.000 ns	      2458	80000a14	c1bea293	slti	x5,x29,-997	 x29:0x000000c4  x5=0x00000000
      24605.000 ns	      2459	80000a18	bee46f93	ori	x31,x8,-1042	  x8:0x00000000 x31=0xfffffbee
      24615.000 ns	      2460	80000a1c	0054fcb3	and	x25,x9,x5	  x9:0x00000040  x5:0x00400000 x25=0x00000000
      24635.000 ns	      2462	80000a20	a0f90d53	fle.s	x26,f18,f15	 f18:0x7f800000 f15:0x7f7fffff x26=0x00000000
      24665.000 ns	      2465	80000a24	c014f7d3	fcvt.wu.s	x15,f9	  f9:0x4efffff0 x15=0x7ffff800
      24685.000 ns	      2467	80000a28	00cac3b3	xor	x7,x21,x12	 x21:0x00000002 x12:0x00000000  x7=0x00000002
      24705.000 ns	      2469	80000a2c	21d899d3	fsgnjn.s	f19,f17,f29	 f17:0x3b6ead15 f29:0x00000000 f19=0xbb6ead15
      24735.000 ns	      2472	80000a30	d011fa53	fcvt.s.wu	f20,x3	  x3:0x00000000 f20=0x00000000
      24765.000 ns	      2475	80000a34	02026733	rem	x14,x4,x0	  x4:0x00000000  x0:0x00000000 x14=0x00000000
      24795.000 ns	      2478	80000a38	20e99153	fsgnjn.s	f2,f19,f14	 f19:0xbb6ead15 f14:0x80000000  f2=0x3b6ead15
      25165.000 ns	      2515	80000a3c	03ce6933	rem	x18,x28,x28	 x28:0x00000041 x28:0x00000041 x18=0x00000000
      25195.000 ns	      2518	80000a40	29d482d3	fmin.s	f5,f9,f29	  f9:0x4efffff0 f29:0x00000000  f5=0x00000000
      25215.000 ns	      2520	80000a44	005cd033	srl	x0,x25,x5	 x25:0x00000000  x5:0x00000000
      25235.000 ns	      2522	80000a48	20462a53	fsgnjx.s	f20,f12,f4	 f12:0x7fc00000  f4:0xff7fffff f20=0xffc00000
      26415.000 ns	      2640	80000a4c	5808acd3	fsqrt.s	f25,f17	 f17:0x3b6ead15 f25=0x3d28c4f6
      26785.000 ns	      2677	80000a50	03ec5033	divu	x0,x24,x30	 x24:0x00000000 x30:0x185c39d8
      26815.000 ns	      2680	80000a54	d002f5d3	fcvt.s.w	f11,x5	  x5:0x00000000 f11=0x00000000
      26835.000 ns	      2682	80000a58	0da1bc93	sltiu	x25,x3,218	  x3:0x00000000 x25=0x00000001
      26855.000 ns	      2684	80000a5c	2098a6d3	fsgnjx.s	f13,f17,f9	 f17:0x3b6ead15  f9:0x4efffff0 f13=0x3b6ead15
      26875.000 ns	      2686	80000a60	00000013	addi	x0,x0,0	  x0:0x00000000
      26895.000 ns	      2688	80000a64	210e89d3	fsgnj.s	f19,f29,f16	 f29:0x00000000 f16:0x00000000 f19=0x00000000
      26925.000 ns	      2691	80000a68	28b593d3	fmax.s	f7,f11,f11	 f11:0x00000000 f11:0x00000000  f7=0x00000000
      26955.000 ns	      2694	80000a6c	d013c553	fcvt.s.wu	f10,x7	  x7:0x00000002 f10=0x40000000
      27005.000 ns	      2699	80000a70	006afbd3	fadd.s	f23,f21,f6	 f21:0xff7fffff  f6:0x4f000410 f23=0xff7fffff
      27035.000 ns	      2702	80000a74	c01f3753	fcvt.wu.s	x14,f30	 f30:0x4f000410 x14=0x80041000
      27065.000 ns	      2705	80000a78	c017f453	fcvt.wu.s	x8,f15	 f15:0x7f7fffff  x8=0xffffffff
      27435.000 ns	      2742	80000a7c	030c4c33	div	x24,x24,x16	 x24:0x00000000 x16:0x7ffffc2b x24=0x00000000
      27455.000 ns	      2744	80000a80	00000013	addi	x0,x0,0	  x0:0x00000000
      27465.000 ns	      2745	80000a84	41640d33	sub	x26,x8,x22	  x8:0xffffffff x22:0x80041024 x26=0x7ffbefdb
      27485.000 ns	      2747	80000a88	20f80253	fsgnj.s	f4,f16,f15	 f16:0x00000000 f15:0x7f7fffff  f4=0x00000000
      27515.000 ns	      2750	80000a8c	c01aaed3	fcvt.wu.s	x29,f21	 f21:0xff7fffff x29=0x00000000
      27555.000 ns	      2754	80000a90	58067053	fsqrt.s	f0,f12	 f12:0x7fc00000  f0=0x7fc00000
      27575.000 ns	      2756	80000a94	00000013	addi	x0,x0,0	  x0:0x00000000
      27595.000 ns	      2758	80000a98	a14e29d3	feq.s	x19,f28,f20	 f28:0x00000000 f20:0xffc00000 x19=0x00000000
      27625.000 ns	      2761	80000a9c	a16d9953	flt.s	x18,f27,f22	 f27:0xcf000410 f22:0xfffffca1 x18=0x00000000
      27645.000 ns	      2763	80000aa0	d5a60213	addi	x4,x12,-678	 x12:0x00000000  x4=0xfffffd5a
      27655.000 ns	      2764	80000aa4	d81cad13	slti	x26,x25,-639	 x25:0x00000001 x26=0x00000000
      27675.000 ns	      2766	80000aa8	c01000d3	fcvt.wu.s	x1,f0	  f0:0x7fc00000  x1=0xffffffff
      27725.000 ns	      2771	80000aac	007805d3	fadd.s	f11,f16,f7	 f16:0x00000000  f7:0x00000000 f11=0x00000000
      27745.000 ns	      2773	80000ab0	007df633	and	x12,x27,x7	 x27:0x00000010  x7:0x00000002 x12=0x00000000
      27765.000 ns	      2775	80000ab4	c00d1553	fcvt.w.s	x10,f26	 f26:0x00000000 x10=0x00000000
      27785.000 ns	      2777	80000ab8	a1773fb7	lui	x31,0xa1773	 x31=0xa1773000
      27805.000 ns	      2779	80000abc	29ec0d53	fmin.s	f26,f24,f30	 f24:0xdabc9d23 f30:0x4f000410 f26=0xdabc9d23
      27835.000 ns	      2782	80000ac0	f00b03d3	fmv.w.x	f7,x22	 x22:0x80041024  f7=0x80041024
      27865.000 ns	      2785	80000ac4	02c7e233	rem	x4,x15,x12	 x15:0x7ffff800 x12:0x00000000  x4=0x7ffff800
      27895.000 ns	      2788	80000ac8	f00800d3	fmv.w.x	f1,x16	 x16:0x7ffffc2b  f1=0x7ffffc2b
      27925.000 ns	      2791	80000acc	02d23633	mulhu	x12,x4,x13	  x4:0x7ffff800 x13:0x00000000 x12=0x00000000
      27945.000 ns	      2793	80000ad0	00b9aeb3	slt	x29,x19,x11	 x19:0x00000000 x11:0x80000000 x29=0x00000000
      27965.000 ns	      2795	80000ad4	038ac4b3	div	x9,x21,x24	 x21:0x00000002 x24:0x00000000  x9=0xffffffff
      27995.000 ns	      2798	80000ad8	c018f1d3	fcvt.wu.s	x3,f17	 f17:0x3b6ead15  x3=0x00000000
      28025.000 ns	      2801	80000adc	c016f7d3	fcvt.wu.s	x15,f13	 f13:0x3b6ead15 x15=0x00000000
      28055.000 ns	      2804	80000ae0	a1d8a453	feq.s	x8,f17,f29	 f17:0x3b6ead15 f29:0x00000000  x8=0x00000000
      28095.000 ns	      2808	80000ae4	119dfe53	fmul.s	f28,f27,f25	 f27:0xcf000410 f25:0x3d28c4f6 f28=0xcca8ca52
      28115.000 ns	      2810	80000ae8	0014f833	and	x16,x9,x1	  x9:0xffffffff  x1:0xffffffff x16=0xffffffff
      28135.000 ns	      2812	80000aec	f00f0a53	fmv.w.x	f20,x30	 x30:0x185c39d8 f20=0x185c39d8
      28165.000 ns	      2815	80000af0	d00e7fd3	fcvt.s.w	f31,x28	 x28:0x00000041 f31=0x42820000
      28185.000 ns	      2817	80000af4	00190cb3	add	x25,x18,x1	 x18:0x00000000  x1:0xffffffff x25=0xffffffff
      28545.000 ns	      2853	80000af8	03f647b3	div	x15,x12,x31	 x12:0x00000000 x31:0xa1773000 x15=0x00000000
      28575.000 ns	      2856	80000afc	a187acd3	feq.s	x25,f15,f24	 f15:0x7f7fffff f24:0xdabc9d23 x25=0x00000000
      28595.000 ns	      2858	80000b00	e3d38513	addi	x10,x7,-451	  x7:0x00000002 x10=0xfffffe3f
      29765.000 ns	      2975	80000b04	580332d3	fsqrt.s	f5,f6	  f6:0x4f000410  f5=0x46b50a40
      29795.000 ns	      2978	80000b08	21fa81d3	fsgnj.s	f3,f21,f31	 f21:0xff7fffff f31:0x42820000  f3=0x7f7fffff
      29815.000 ns	      2980	80000b0c	01e9cc33	xor	x24,x19,x30	 x19:0x00000000 x30:0x185c39d8 x24=0x185c39d8
      29825.000 ns	      2981	80000b10	76287f93	andi	x31,x16,1890	 x16:0xffffffff x31=0x00000762
      29845.000 ns	      2983	80000b14	29860853	fmin.s	f16,f12,f24	 f12:0x7fc00000 f24:0xdabc9d23 f16=0xdabc9d23
      29865.000 ns	      2985	80000b18	00a7bfb3	sltu	x31,x15,x10	 x15:0x00000000 x10:0xfffffe3f x31=0x00000001
      29885.000 ns	      2987	80000b1c	039c0ab3	mul	x21,x24,x25	 x24:0x185c39d8 x25:0x00000000 x21=0x00000000
      29915.000 ns	      2990	80000b20	f00a81d3	fmv.w.x	f3,x21	 x21:0x00000002  f3=0x00000000
      31095.000 ns	      3108	80000b24	580cf153	fsqrt.s	f2,f25	 f25:0x3d28c4f6  f2=0x3deeac98
      31115.000 ns	      3110	80000b28	3acb4213	xori	x4,x22,940	 x22:0x80041024  x4=0x80041388
      31135.000 ns	      3112	80000b2c	f0098853	fmv.w.x	f16,x19	 x19:0x00000000 f16=0x00000000
      31165.000 ns	      3115	80000b30	022034b3	mulhu	x9,x0,x2	  x0:0x00000000  x2:0x80040fe4  x9=0x00000000
      31185.000 ns	      3117	80000b34	ab990213	addi	x4,x18,-1351	 x18:0x00000000  x4=0xfffffab9
      31215.000 ns	      3120	80000b38	185945d3	fdiv.s	f11,f18,f5	 f18:0x7f800000  f5:0x46b50a40 f11=0x7f800000
      31245.000 ns	      3123	80000b3c	a091a253	feq.s	x4,f3,f9	  f3:0x00000000  f9:0x4efffff0  x4=0x00000000
      31275.000 ns	      3126	80000b40	a1d20653	fle.s	x12,f4,f29	  f4:0x00000000 f29:0x00000000 x12=0x00000001
      31305.000 ns	      3129	80000b44	d004ff53	fcvt.s.w	f30,x9	  x9:0x00000000 f30=0x00000000
      31335.000 ns	      3132	80000b48	031f1933	mulh	x18,x30,x17	 x30:0x185c39d8 x17:0x00000000 x18=0x00000000
      31365.000 ns	      3135	80000b4c	21eea253	fsgnjx.s	f4,f29,f30	 f29:0x00000000 f30:0x00000000  f4=0x00000000
      31735.000 ns	      3172	80000b50	03cedf33	divu	x30,x29,x28	 x29:0x00000000 x28:0x00000041 x30=0x00000000
      31755.000 ns	      3174	80000b54	01f05ab3	srl	x21,x0,x31	  x0:0x00000000 x31:0x00000001 x21=0x00000000
      31775.000 ns	      3176	80000b58	a0ca9dd3	flt.s	x27,f21,f12	 f21:0xff7fffff f12:0x7fc00000 x27=0x00000000
      31795.000 ns	      3178	80000b5c	0156beb3	sltu	x29,x13,x21	 x13:0x00000000 x21:0x00000000 x29=0x00000000
      31805.000 ns	      3179	80000b60	00000013	addi	x0,x0,0	  x0:0x00000000
      31825.000 ns	      3181	80000b64	03e08fb3	mul	x31,x1,x30	  x1:0xffffffff x30:0x00000000 x31=0x00000000
      31845.000 ns	      3183	80000b68	00955213	srli	x4,x10,0x9	 x10:0xfffffe3f  x4=0x007fffff
      31885.000 ns	      3187	80000b6c	0938f853	fsub.s	f16,f17,f19	 f17:0x3b6ead15 f19:0x00000000 f16=0x3b6ead15
      31915.000 ns	      3190	80000b70	e0029dd3	fclass.s	x27,f5	  f5:0x46b50a40 x27=0x00000040
      31945.000 ns	      3193	80000b74	d0087953	fcvt.s.w	f18,x16	 x16:0xffffffff f18=0xbf800000
      31965.000 ns	      3195	80000b78	ea705a37	lui	x20,0xea705	 x20=0xea705000
      31975.000 ns	      3196	80000b7c	00000013	addi	x0,x0,0	  x0:0x00000000
      31985.000 ns	      3197	80000b80	cf2a2193	slti	x3,x20,-782	 x20:0x00000001  x3=0x00000001
      31995.000 ns	      3198	80000b84	01c934b3	sltu	x9,x18,x28	 x18:0x00000000 x28:0x00000041  x9=0x00000001
      32005.000 ns	      3199	80000b88	c36ee013	ori	x0,x29,-970	 x29:0x00000000
      32025.000 ns	      3201	80000b8c	a1e18453	fle.s	x8,f3,f30	  f3:0x00000000 f30:0x00000000  x8=0x00000001
      32045.000 ns	      3203	80000b90	80ec6093	ori	x1,x24,-2034	 x24:0x185c39d8  x1=0xfffff9de
      32055.000 ns	      3204	80000b94	0085d633	srl	x12,x11,x8	 x11:0x80000000  x8:0x00000001 x12=0x40000000
      33225.000 ns	      3321	80000b98	580325d3	fsqrt.s	f11,f6	  f6:0x4f000410 f11=0x46b50a40
      33255.000 ns	      3324	80000b9c	03c306b3	mul	x13,x6,x28	  x6:0x00000001 x28:0x00000041 x13=0x00000041
      33275.000 ns	      3326	80000ba0	40ac5313	srai	x6,x24,0xa	 x24:0x185c39d8  x6=0x0006170e
      33635.000 ns	      3362	80000ba4	02b046b3	div	x13,x0,x11	  x0:0x00000000 x11:0x80000000 x13=0x00000000
      33655.000 ns	      3364	80000ba8	98938e93	addi	x29,x7,-1655	  x7:0x00000002 x29=0xfffff98b
      33675.000 ns	      3366	80000bac	d0023753	fcvt.s.w	f14,x4	  x4:0x007fffff f14=0x4afffffe
      33705.000 ns	      3369	80000bb0	20faa353	fsgnjx.s	f6,f21,f15	 f21:0xff7fffff f15:0x7f7fffff  f6=0xff7fffff
      33725.000 ns	      3371	80000bb4	01db7ab3	and	x21,x22,x29	 x22:0x80041024 x29:0xfffff98b x21=0x80041000
      33755.000 ns	      3374	80000bb8	11fa7953	fmul.s	f18,f20,f31	 f20:0x185c39d8 f31:0x42820000 f18=0x1b5faac0
      33785.000 ns	      3377	80000bbc	203013d3	fsgnjn.s	f7,f0,f3	  f0:0x7fc00000  f3:0x00000000  f7=0xffc00000
      34155.000 ns	      3414	80000bc0	024e67b3	rem	x15,x28,x4	 x28:0x00000041  x4:0x007fffff x15=0x00000041
      34185.000 ns	      3417	80000bc4	039356b3	divu	x13,x6,x25	  x6:0x0006170e x25:0x00000000 x13=0xffffffff
      34205.000 ns	      3419	80000bc8	41da8233	sub	x4,x21,x29	 x21:0x80041000 x29:0xfffff98b  x4=0x80041675
      34245.000 ns	      3423	80000bcc	01a278d3	fadd.s	f17,f4,f26	  f4:0x00000000 f26:0xdabc9d23 f17=0xdabc9d23
      34265.000 ns	      3425	80000bd0	8712b513	sltiu	x10,x5,-1935	  x5:0x00000000 x10=0x00000001
      34275.000 ns	      3426	80000bd4	01ee5213	srli	x4,x28,0x1e	 x28:0x00000041  x4=0x00000000
      34295.000 ns	      3428	80000bd8	c00b1453	fcvt.w.s	x8,f22	 f22:0xfffffca1  x8=0x7fffffff
      34345.000 ns	      3433	80000bdc	009f70d3	fadd.s	f1,f30,f9	 f30:0x00000000  f9:0x4efffff0  f1=0x4efffff0
      34365.000 ns	      3435	80000be0	b4ed7497	auipc	x9,0xb4ed7	  x9=0x34ed7be0
      34375.000 ns	      3436	80000be4	3bd02893	slti	x17,x0,957	  x0:0x00000000 x17=0x00000001
      34385.000 ns	      3437	80000be8	d82b0413	addi	x8,x22,-638	 x22:0x80041024  x8=0x80040da6
      34395.000 ns	      3438	80000bec	0186d093	srli	x1,x13,0x18	 x13:0xffffffff  x1=0x000000ff
      34415.000 ns	      3440	80000bf0	02fe14b3	mulh	x9,x28,x15	 x28:0x00000041 x15:0x00000041  x9=0x00000000
      34445.000 ns	      3443	80000bf4	211ba2d3	fsgnjx.s	f5,f23,f17	 f23:0xff7fffff f17:0xdabc9d23  f5=0x7f7fffff
      34465.000 ns	      3445	80000bf8	8ba8cd93	xori	x27,x17,-1862	 x17:0x00000001 x27=0xfffff8bb
      34485.000 ns	      3447	80000bfc	d011c9d3	fcvt.s.wu	f19,x3	  x3:0x00000001 f19=0x3f800000
      34515.000 ns	      3450	80000c00	020689b3	mul	x19,x13,x0	 x13:0xffffffff  x0:0x00000000 x19=0x00000000
      34535.000 ns	      3452	80000c04	454a6893	ori	x17,x20,1108	 x20:0xea705000 x17=0xea705454
      34545.000 ns	      3453	80000c08	2683a193	slti	x3,x7,616	  x7:0x00000002  x3=0x00000001
      34565.000 ns	      3455	80000c0c	e00e8cd3	fmv.x.w	x25,f29	 f29:0x00000000 x25=0x00000000
      34585.000 ns	      3457	80000c10	4174d013	srai	x0,x9,0x17	  x9:0x00000000
      34605.000 ns	      3459	80000c14	d01f29d3	fcvt.s.wu	f19,x30	 x30:0x00000000 f19=0x00000000
      34975.000 ns	      3496	80000c18	0272f033	remu	x0,x5,x7	  x5:0x00000000  x7:0x00000002
      35005.000 ns	      3499	80000c1c	d01c7ed3	fcvt.s.wu	f29,x24	 x24:0x185c39d8 f29=0x4dc2e1ce
      35035.000 ns	      3502	80000c20	e0000ad3	fmv.x.w	x21,f0	  f0:0x7fc00000 x21=0x7fc00000
      35055.000 ns	      3504	80000c24	00e7d193	srli	x3,x15,0xe	 x15:0x00000041  x3=0x00000000
      35075.000 ns	      3506	80000c28	a1a522d3	feq.s	x5,f10,f26	 f10:0x40000000 f26:0xdabc9d23  x5=0x00000000
      35095.000 ns	      3508	80000c2c	4096d193	srai	x3,x13,0x9	 x13:0xffffffff  x3=0xffffffff
      35115.000 ns	      3510	80000c30	f00d81d3	fmv.w.x	f3,x27	 x27:0xfffff8bb  f3=0xfffff8bb
      35145.000 ns	      3513	80000c34	023e2db3	mulhsu	x27,x28,x3	 x28:0x00000041  x3:0x00000000 x27=0x00000040
      35175.000 ns	      3516	80000c38	a17401d3	fle.s	x3,f8,f23	  f8:0x8021ca12 f23:0xff7fffff  x3=0x00000000
      35215.000 ns	      3520	80000c3c	580bf553	fsqrt.s	f10,f23	 f23:0xff7fffff f10=0x7fc00000
      35235.000 ns	      3522	80000c40	419ddc93	srai	x25,x27,0x19	 x27:0x00000040 x25=0x00000000
      35255.000 ns	      3524	80000c44	20e79d53	fsgnjn.s	f26,f15,f14	 f15:0x7f7fffff f14:0x4afffffe f26=0xff7fffff
      35285.000 ns	      3527	80000c48	d00073d3	fcvt.s.w	f7,x0	  x0:0x00000000  f7=0x00000000
      35315.000 ns	      3530	80000c4c	210b8f53	fsgnj.s	f30,f23,f16	 f23:0xff7fffff f16:0x3b6ead15 f30=0x7f7fffff
      35345.000 ns	      3533	80000c50	033a5033	divu	x0,x20,x19	 x20:0xea705000 x19:0x00000000
      35375.000 ns	      3536	80000c54	f00f0353	fmv.w.x	f6,x30	 x30:0x00000000  f6=0x00000000
      35395.000 ns	      3538	80000c58	ff7a7e17	auipc	x28,0xff7a7	 x28=0x7f7a7c58
      35415.000 ns	      3540	80000c5c	028fa6b3	mulhsu	x13,x31,x8	 x31:0x00000000  x8:0x80040da6 x13=0x00000000
      35435.000 ns	      3542	80000c60	ee6aa793	slti	x15,x21,-282	 x21:0x7fc00000 x15=0x00000000
      35445.000 ns	      3543	80000c64	0155c2b3	xor	x5,x11,x21	 x11:0x80000000 x21:0x7fc00000  x5=0xffc00000
      35475.000 ns	      3546	80000c68	183f0d53	fdiv.s	f26,f30,f3	 f30:0x7f7fffff  f3:0xfffff8bb f26=0x7fc00000
      36355.000 ns	      3634	80000c6c	5807f1d3	fsqrt.s	f3,f15	 f15:0x7f7fffff  f3=0x5f350461
      36385.000 ns	      3637	80000c70	a1b68cd3	fle.s	x25,f13,f27	 f13:0x3b6ead15 f27:0xcf000410 x25=0x00000000
      36405.000 ns	      3639	80000c74	01f68213	addi	x4,x13,31	 x13:0x00000000  x4=0x0000001f
      36415.000 ns	      3640	80000c78	80efef93	ori	x31,x31,-2034	 x31:0x00000000 x31=0xfffff80e
      36435.000 ns	      3642	80000c7c	28bd0d53	fmin.s	f26,f26,f11	 f26:0x7fc00000 f11:0x46b50a40 f26=0x46b50a40
      36465.000 ns	      3645	80000c80	f0050a53	fmv.w.x	f20,x10	 x10:0x00000001 f20=0x00000001
      36495.000 ns	      3648	80000c84	c009f053	fcvt.w.s	x0,f19	 f19:0x00000000
      36515.000 ns	      3650	80000c88	00ebc2b3	xor	x5,x23,x14	 x23:0x00000001 x14:0x80041000  x5=0x80041001
      36535.000 ns	      3652	80000c8c	d0131ad3	fcvt.s.wu	f21,x6	  x6:0x0006170e f21=0x48c2e1c0
      36575.000 ns	      3656	80000c90	10e472d3	fmul.s	f5,f8,f14	  f8:0x8021ca12 f14:0x4afffffe  f5=0x8b072847
      36595.000 ns	      3658	80000c94	22062893	slti	x17,x12,544	 x12:0x40000000 x17=0x00000000
      36615.000 ns	      3660	80000c98	e0061a53	fclass.s	x20,f12	 f12:0x7fc00000 x20=0x00000200
      36635.000 ns	      3662	80000c9c	019c1033	sll	x0,x24,x25	 x24:0x185c39d8 x25:0x00000000
      36655.000 ns	      3664	80000ca0	292d0c53	fmin.s	f24,f26,f18	 f26:0x46b50a40 f18:0x1b5faac0 f24=0x1b5faac0
      36675.000 ns	      3666	80000ca4	a1e9c993	xori	x19,x19,-1506	 x19:0x00000000 x19=0xfffffa1e
      36685.000 ns	      3667	80000ca8	73eec293	xori	x5,x29,1854	 x29:0xfffff98b  x5=0xfffffeb5
      36705.000 ns	      3669	80000cac	c01bc0d3	fcvt.wu.s	x1,f23	 f23:0xff7fffff  x1=0x00000000
      36725.000 ns	      3671	80000cb0	00a3b033	sltu	x0,x7,x10	  x7:0x00000002 x10:0x00000001
      36735.000 ns	      3672	80000cb4	00fd1bb3	sll	x23,x26,x15	 x26:0x00000000 x15:0x00000000 x23=0x00000000
      36775.000 ns	      3676	80000cb8	088579d3	fsub.s	f19,f10,f8	 f10:0x7fc00000  f8:0x8021ca12 f19=0x7fc00000
      36805.000 ns	      3679	80000cbc	28250553	fmin.s	f10,f10,f2	 f10:0x7fc00000  f2:0x3deeac98 f10=0x3deeac98
      36835.000 ns	      3682	80000cc0	03989fb3	mulh	x31,x17,x25	 x17:0x00000000 x25:0x00000000 x31=0x00000000
      36855.000 ns	      3684	80000cc4	009058b3	srl	x17,x0,x9	  x0:0x00000000  x9:0x00000000 x17=0x00000000
      36865.000 ns	      3685	80000cc8	41125493	srai	x9,x4,0x11	  x4:0x0000001f  x9=0x00000000
      36905.000 ns	      3689	80000ccc	01577053	fadd.s	f0,f14,f21	 f14:0x4afffffe f21:0x48c2e1c0  f0=0x4b06170d
      36935.000 ns	      3692	80000cd0	e00707d3	fmv.x.w	x15,f14	 f14:0x4afffffe x15=0x4afffffe
      36985.000 ns	      3697	80000cd4	081b45d3	fsub.s	f11,f22,f1	 f22:0xfffffca1  f1:0x4efffff0 f11=0x7fc00000
      37005.000 ns	      3699	80000cd8	013e3bb3	sltu	x23,x28,x19	 x28:0x7f7a7c58 x19:0xfffffa1e x23=0x00000001
      37015.000 ns	      3700	80000cdc	8274c513	xori	x10,x9,-2009	  x9:0x00000000 x10=0xfffff827
      37025.000 ns	      3701	80000ce0	41445493	srai	x9,x8,0x14	  x8:0x80040da6  x9=0xfffff800
      38195.000 ns	      3818	80000ce4	58070b53	fsqrt.s	f22,f14	 f14:0x4afffffe f22=0x453504aa
      38235.000 ns	      3822	80000ce8	117efed3	fmul.s	f29,f29,f23	 f29:0x4dc2e1ce f23:0xff7fffff f29=0xff800000
      38255.000 ns	      3824	80000cec	00000013	addi	x0,x0,0	  x0:0x00000000
      38265.000 ns	      3825	80000cf0	007674b3	and	x9,x12,x7	 x12:0x40000000  x7:0x00000002  x9=0x00000000
      38275.000 ns	      3826	80000cf4	0019f833	and	x16,x19,x1	 x19:0xfffffa1e  x1:0x00000000 x16=0x00000000
      38285.000 ns	      3827	80000cf8	2d522293	slti	x5,x4,725	  x4:0x0000001f  x5=0x00000001
      38295.000 ns	      3828	80000cfc	c9177993	andi	x19,x14,-879	 x14:0x80041000 x19=0x80041000
      38315.000 ns	      3830	80000d00	03938a33	mul	x20,x7,x25	  x7:0x00000002 x25:0x00000000 x20=0x00000000
      38345.000 ns	      3833	80000d04	e00a0dd3	fmv.x.w	x27,f20	 f20:0x00000001 x27=0x00000001
      38375.000 ns	      3836	80000d08	c00c7f53	fcvt.w.s	x30,f24	 f24:0x1b5faac0 x30=0x00000000
      38395.000 ns	      3838	80000d0c	27736813	ori	x16,x6,631	  x6:0x0006170e x16=0x0006177f
      38405.000 ns	      3839	80000d10	40260c33	sub	x24,x12,x2	 x12:0x40000000  x2:0x80040fe4 x24=0xbffbf01c
      38415.000 ns	      3840	80000d14	abac8e13	addi	x28,x25,-1350	 x25:0x00000000 x28=0xfffffaba
      38775.000 ns	      3876	80000d18	0288c833	div	x16,x17,x8	 x17:0x00000000  x8:0x80040da6 x16=0x00000000
      38795.000 ns	      3878	80000d1c	0099b9b3	sltu	x19,x19,x9	 x19:0x80041000  x9:0x00000000 x19=0x00000000
      38805.000 ns	      3879	80000d20	0c61b413	sltiu	x8,x3,198	  x3:0x00000000  x8=0x00000001
      38825.000 ns	      3881	80000d24	21cf1953	fsgnjn.s	f18,f30,f28	 f30:0x7f7fffff f28:0xcca8ca52 f18=0x7f7fffff
      38855.000 ns	      3884	80000d28	f00d87d3	fmv.w.x	f15,x27	 x27:0x00000001 f15=0x00000001
      38875.000 ns	      3886	80000d2c	415e8533	sub	x10,x29,x21	 x29:0xfffff98b x21:0x7fc00000 x10=0x803ff98b
      38885.000 ns	      3887	80000d30	00fc9b93	slli	x23,x25,0xf	 x25:0x00000000 x23=0x00000000
      38895.000 ns	      3888	80000d34	01252233	slt	x4,x10,x18	 x10:0xfffff827 x18:0x00000000  x4=0x00000001
      38905.000 ns	      3889	80000d38	014d19b3	sll	x19,x26,x20	 x26:0x00000000 x20:0x00000000 x19=0x00000000
      38925.000 ns	      3891	80000d3c	03faed33	rem	x26,x21,x31	 x21:0x7fc00000 x31:0x00000000 x26=0x7fc00000
      39295.000 ns	      3928	80000d40	03b463b3	rem	x7,x8,x27	  x8:0x00000001 x27:0x00000001  x7=0x00000000
      39315.000 ns	      3930	80000d44	41680333	sub	x6,x16,x22	 x16:0x00000000 x22:0x80041024  x6=0x7ffbefdc
      39325.000 ns	      3931	80000d48	00000013	addi	x0,x0,0	  x0:0x00000000
      39335.000 ns	      3932	80000d4c	405c0db3	sub	x27,x24,x5	 x24:0xbffbf01c  x5:0x00000001 x27=0xbffbf01b
      39345.000 ns	      3933	80000d50	a2448797	auipc	x15,0xa2448	 x15=0x22448d50
      39375.000 ns	      3936	80000d54	11bc7b53	fmul.s	f22,f24,f27	 f24:0x1b5faac0 f27:0xcf000410 f22=0xaadfb1da
      39405.000 ns	      3939	80000d58	e0051653	fclass.s	x12,f10	 f10:0x3deeac98 x12=0x00000040
      39435.000 ns	      3942	80000d5c	035a34b3	mulhu	x9,x20,x21	 x20:0x00000000 x21:0x7fc00000  x9=0x00000000
      39455.000 ns	      3944	80000d60	006b9733	sll	x14,x23,x6	 x23:0x00000000  x6:0x7ffbefdc x14=0x00000000
      39475.000 ns	      3946	80000d64	294e84d3	fmin.s	f9,f29,f20	 f29:0xff800000 f20:0x00000001  f9=0xff800000
      39505.000 ns	      3949	80000d68	20da80d3	fsgnj.s	f1,f21,f13	 f21:0x48c2e1c0 f13:0x3b6ead15  f1=0x48c2e1c0
      39525.000 ns	      3951	80000d6c	00455813	srli	x16,x10,0x4	 x10:0x803ff98b x16=0x0803ff98
      39545.000 ns	      3953	80000d70	e00b0d53	fmv.x.w	x26,f22	 f22:0xaadfb1da x26=0xaadfb1da
      39565.000 ns	      3955	80000d74	62e26393	ori	x7,x4,1582	  x4:0x00000001  x7=0x0000062f
      39585.000 ns	      3957	80000d78	a1c792d3	flt.s	x5,f15,f28	 f15:0x00000001 f28:0xcca8ca52  x5=0x00000000
      39605.000 ns	      3959	80000d7c	0162fa33	and	x20,x5,x22	  x5:0x00000001 x22:0x80041024 x20=0x00000000
      39615.000 ns	      3960	80000d80	001bc333	xor	x6,x23,x1	 x23:0x00000000  x1:0x00000000  x6=0x00000000
      39625.000 ns	      3961	80000d84	0016bf33	sltu	x30,x13,x1	 x13:0x00000000  x1:0x00000000 x30=0x00000000
      39645.000 ns	      3963	80000d88	20ee95d3	fsgnjn.s	f11,f29,f14	 f29:0xff800000 f14:0x4afffffe f11=0xff800000
      39665.000 ns	      3965	80000d8c	036f8313	addi	x6,x31,54	 x31:0x00000000  x6=0x00000036
      39675.000 ns	      3966	80000d90	007eecb3	or	x25,x29,x7	 x29:0xfffff98b  x7:0x0000062f x25=0xffffffaf
      39715.000 ns	      3970	80000d94	012272d3	fadd.s	f5,f4,f18	  f4:0x00000000 f18:0x7f7fffff  f5=0x7f7fffff
      39735.000 ns	      3972	80000d98	00b3de93	srli	x29,x7,0xb	  x7:0x0000062f x29=0x00000000
      39745.000 ns	      3973	80000d9c	0096a8b3	slt	x17,x13,x9	 x13:0x00000000  x9:0x00000000 x17=0x00000000
      39755.000 ns	      3974	80000da0	00000013	addi	x0,x0,0	  x0:0x00000000
      39785.000 ns	      3977	80000da4	11b1f9d3	fmul.s	f19,f3,f27	  f3:0x5f350461 f27:0xcf000410 f19=0xeeb50a20
      39815.000 ns	      3980	80000da8	280f8a53	fmin.s	f20,f31,f0	 f31:0x42820000  f0:0x4b06170d f20=0x42820000
      39845.000 ns	      3983	80000dac	a0090d53	fle.s	x26,f18,f0	 f18:0x7f7fffff  f0:0x4b06170d x26=0x00000000
      39865.000 ns	      3985	80000db0	409258b3	sra	x17,x4,x9	  x4:0x00000001  x9:0x00000000 x17=0x00000001
      39875.000 ns	      3986	80000db4	00f57a33	and	x20,x10,x15	 x10:0x803ff98b x15:0x22448d50 x20=0x00048900
      39885.000 ns	      3987	80000db8	008eebb3	or	x23,x29,x8	 x29:0x00000000  x8:0x00000001 x23=0x00000001
      39895.000 ns	      3988	80000dbc	41118db3	sub	x27,x3,x17	  x3:0x00000000 x17:0x00000001 x27=0xffffffff
      39915.000 ns	      3990	80000dc0	02e2ea33	rem	x20,x5,x14	  x5:0x00000000 x14:0x00000000 x20=0x00000000
      39945.000 ns	      3993	80000dc4	a1ba2453	feq.s	x8,f20,f27	 f20:0x42820000 f27:0xcf000410  x8=0x00000000
      39965.000 ns	      3995	80000dc8	93746413	ori	x8,x8,-1737	  x8:0x00000001  x8=0xfffff937
      39975.000 ns	      3996	80000dcc	504fe893	ori	x17,x31,1284	 x31:0x00000000 x17=0x00000504
      39995.000 ns	      3998	80000dd0	f00f0553	fmv.w.x	f10,x30	 x30:0x00000000 f10=0x00000000
      40025.000 ns	      4001	80000dd4	03fac0b3	div	x1,x21,x31	 x21:0x7fc00000 x31:0x00000000  x1=0xffffffff
      40045.000 ns	      4003	80000dd8	41075a93	srai	x21,x14,0x10	 x14:0x00000000 x21=0x00000000
      40075.000 ns	      4006	80000ddc	108ff1d3	fmul.s	f3,f31,f8	 f31:0x42820000  f8:0x8021ca12  f3=0x828944e9
      40105.000 ns	      4009	80000de0	2004a3d3	fsgnjx.s	f7,f9,f0	  f9:0xff800000  f0:0x4b06170d  f7=0xff800000
      40125.000 ns	      4011	80000de4	440e8a93	addi	x21,x29,1088	 x29:0x00000000 x21=0x00000440
      40135.000 ns	      4012	80000de8	00daf333	and	x6,x21,x13	 x21:0x00000000 x13:0x00000000  x6=0x00000000
      40145.000 ns	      4013	80000dec	85d26db7	lui	x27,0x85d26	 x27=0x85d26000
      40165.000 ns	      4015	80000df0	e00f1753	fclass.s	x14,f30	 f30:0x7f7fffff x14=0x00000040
      40195.000 ns	      4018	80000df4	a0760fd3	fle.s	x31,f12,f7	 f12:0x7fc00000  f7:0xff800000 x31=0x00000000
      40215.000 ns	      4020	80000df8	00d33db3	sltu	x27,x6,x13	  x6:0x00000000 x13:0x00000000 x27=0x00000000
      40235.000 ns	      4022	80000dfc	0256e633	rem	x12,x13,x5	 x13:0x00000000  x5:0x00000000 x12=0x00000000
      40255.000 ns	      4024	80000e00	08a7bc13	sltiu	x24,x15,138	 x15:0x22448d50 x24=0x00000000
      40585.000 ns	      4057	80000e04	19c1fed3	fdiv.s	f29,f3,f28	  f3:0x828944e9 f28:0xcca8ca52 f29=0x750944ea
      40615.000 ns	      4060	80000e08	c0137253	fcvt.wu.s	x4,f6	  f6:0x00000000  x4=0x00000000
      40645.000 ns	      4063	80000e0c	02e89e33	mulh	x28,x17,x14	 x17:0x00000504 x14:0x00000040 x28=0x00000000
      40675.000 ns	      4066	80000e10	02abad33	mulhsu	x26,x23,x10	 x23:0x00000001 x10:0x803ff98b x26=0x00000000
      41015.000 ns	      4100	80000e14	19fd9a53	fdiv.s	f20,f27,f31	 f27:0xcf000410 f31:0x42820000 f20=0xcbcc119c
      41035.000 ns	      4102	80000e18	3f8e8a13	addi	x20,x29,1016	 x29:0x00000000 x20=0x000003f8
      41045.000 ns	      4103	80000e1c	00000013	addi	x0,x0,0	  x0:0x00000000
      41055.000 ns	      4104	80000e20	406bd6b3	sra	x13,x23,x6	 x23:0x00000001  x6:0x00000000 x13=0x00000001
      41415.000 ns	      4140	80000e24	0301f6b3	remu	x13,x3,x16	  x3:0x00000000 x16:0x0803ff98 x13=0x00000000
      41435.000 ns	      4142	80000e28	40e65c93	srai	x25,x12,0xe	 x12:0x00000000 x25=0x00000000
      41445.000 ns	      4143	80000e2c	01edb1b3	sltu	x3,x27,x30	 x27:0x00000000 x30:0x00000000  x3=0x00000000
      41805.000 ns	      4179	80000e30	02f7d933	divu	x18,x15,x15	 x15:0x22448d50 x15:0x22448d50 x18=0x00000001
      41825.000 ns	      4181	80000e34	380b0193	addi	x3,x22,896	 x22:0x80041024  x3=0x800413a4
      41845.000 ns	      4183	80000e38	03e3f0b3	remu	x1,x7,x30	  x7:0x0000062f x30:0x00000000  x1=0x0000062f
      41875.000 ns	      4186	80000e3c	e0028bd3	fmv.x.w	x23,f5	  f5:0x7f7fffff x23=0x7f7fffff
      41895.000 ns	      4188	80000e40	01655193	srli	x3,x10,0x16	 x10:0x803ff98b  x3=0x00000200
      41915.000 ns	      4190	80000e44	c01aa553	fcvt.wu.s	x10,f21	 f21:0x48c2e1c0 x10=0x0006170e
      42255.000 ns	      4224	80000e48	188eacd3	fdiv.s	f25,f29,f8	 f29:0x750944ea  f8:0x8021ca12 f25=0xff800000
      42285.000 ns	      4227	80000e4c	c0168953	fcvt.wu.s	x18,f13	 f13:0x3b6ead15 x18=0x00000000
      42305.000 ns	      4229	80000e50	00d5d193	srli	x3,x11,0xd	 x11:0x80000000  x3=0x00040000
      42315.000 ns	      4230	80000e54	06b13617	auipc	x12,0x6b13	 x12=0x86b13e54
      42325.000 ns	      4231	80000e58	0180b933	sltu	x18,x1,x24	  x1:0x0000062f x24:0x00000000 x18=0x00000000
      42345.000 ns	      4233	80000e5c	e00414d3	fclass.s	x9,f8	  f8:0x8021ca12  x9=0x00000004
      42375.000 ns	      4236	80000e60	e00d9453	fclass.s	x8,f27	 f27:0xcf000410  x8=0x00000002
      42715.000 ns	      4270	80000e64	185fbbd3	fdiv.s	f23,f31,f5	 f31:0x42820000  f5:0x7f7fffff f23=0x7f800000
      42745.000 ns	      4273	80000e68	0214a533	mulhsu	x10,x9,x1	  x9:0x00000004  x1:0x0000062f x10=0x00000000
      42775.000 ns	      4276	80000e6c	d0141ed3	fcvt.s.wu	f29,x8	  x8:0x00000002 f29=0x40000000
      42805.000 ns	      4279	80000e70	036f8e33	mul	x28,x31,x22	 x31:0x00000000 x22:0x80041024 x28=0x00000000
      42825.000 ns	      4281	80000e74	00ee0cb3	add	x25,x28,x14	 x28:0x00000000 x14:0x00000040 x25=0x00000040
      42845.000 ns	      4283	80000e78	d0047853	fcvt.s.w	f16,x8	  x8:0x00000002 f16=0x40000000
      42875.000 ns	      4286	80000e7c	d0033cd3	fcvt.s.w	f25,x6	  x6:0x00000000 f25=0x00000000
      42905.000 ns	      4289	80000e80	d017ced3	fcvt.s.wu	f29,x15	 x15:0x22448d50 f29=0x4e091235
      42935.000 ns	      4292	80000e84	d01781d3	fcvt.s.wu	f3,x15	 x15:0x22448d50  f3=0x4e091235
      42965.000 ns	      4295	80000e88	032478b3	remu	x17,x8,x18	  x8:0x00000002 x18:0x00000000 x17=0x00000002
      42995.000 ns	      4298	80000e8c	03229933	mulh	x18,x5,x18	  x5:0x00000000 x18:0x00000000 x18=0x00000000
      43015.000 ns	      4300	80000e90	41318033	sub	x0,x3,x19	  x3:0x00040000 x19:0x00000000
      43025.000 ns	      4301	80000e94	407bda33	sra	x20,x23,x7	 x23:0x7f7fffff  x7:0x0000062f x20=0x0000feff
      43035.000 ns	      4302	80000e98	01431693	slli	x13,x6,0x14	  x6:0x00000000 x13=0x00000000
      43045.000 ns	      4303	80000e9c	0110d1b3	srl	x3,x1,x17	  x1:0x0000062f x17:0x00000002  x3=0x0000018b
      43055.000 ns	      4304	80000ea0	003c96b3	sll	x13,x25,x3	 x25:0x00000040  x3:0x00040000 x13=0x00020000
      43075.000 ns	      4306	80000ea4	02efa033	mulhsu	x0,x31,x14	 x31:0x00000000 x14:0x00000040
      43105.000 ns	      4309	80000ea8	038e66b3	rem	x13,x28,x24	 x28:0x00000000 x24:0x00000000 x13=0x00000000
      43125.000 ns	      4311	80000eac	41e4deb3	sra	x29,x9,x30	  x9:0x00000004 x30:0x00000000 x29=0x00000004
      43145.000 ns	      4313	80000eb0	a118a053	feq.s	x0,f17,f17	 f17:0xdabc9d23 f17:0xdabc9d23
      43175.000 ns	      4316	80000eb4	d0017e53	fcvt.s.w	f28,x2	  x2:0x80040fe4 f28=0xcefff7e0
      43205.000 ns	      4319	80000eb8	e00307d3	fmv.x.w	x15,f6	  f6:0x00000000 x15=0x00000000
      43235.000 ns	      4322	80000ebc	02dc11b3	mulh	x3,x24,x13	 x24:0x00000000 x13:0x00000000  x3=0x00000000
      43255.000 ns	      4324	80000ec0	00109d93	slli	x27,x1,0x1	  x1:0x0000062f x27=0x00000c5e
      43265.000 ns	      4325	80000ec4	40145a33	sra	x20,x8,x1	  x8:0x00000002  x1:0x0000062f x20=0x00000000
      43305.000 ns	      4329	80000ec8	09a11b53	fsub.s	f22,f2,f26	  f2:0x3deeac98 f26:0x46b50a40 f22=0xc6b50a04
      43325.000 ns	      4331	80000ecc	018844b3	xor	x9,x16,x24	 x16:0x0803ff98 x24:0x00000000  x9=0x0803ff98
      43335.000 ns	      4332	80000ed0	a81e0e93	addi	x29,x28,-1407	 x28:0x00000000 x29=0xfffffa81
      43355.000 ns	      4334	80000ed4	e00b0ad3	fmv.x.w	x21,f22	 f22:0xc6b50a04 x21=0xc6b50a04
      43385.000 ns	      4337	80000ed8	a03716d3	flt.s	x13,f14,f3	 f14:0x4afffffe  f3:0x4e091235 x13=0x00000001
      43415.000 ns	      4340	80000edc	2150ab53	fsgnjx.s	f22,f1,f21	  f1:0x48c2e1c0 f21:0x48c2e1c0 f22=0x48c2e1c0
      43445.000 ns	      4343	80000ee0	a09d8953	fle.s	x18,f27,f9	 f27:0xcf000410  f9:0xff800000 x18=0x00000000
      43475.000 ns	      4346	80000ee4	205c25d3	fsgnjx.s	f11,f24,f5	 f24:0x1b5faac0  f5:0x7f7fffff f11=0x1b5faac0
      43495.000 ns	      4348	80000ee8	01705693	srli	x13,x0,0x17	  x0:0x00000000 x13=0x00000000
      43535.000 ns	      4352	80000eec	01a3ac53	fadd.s	f24,f7,f26	  f7:0xff800000 f26:0x46b50a40 f24=0xff800000
      43565.000 ns	      4355	80000ef0	c01400d3	fcvt.wu.s	x1,f8	  f8:0x8021ca12  x1=0x00000000
      43595.000 ns	      4358	80000ef4	d01347d3	fcvt.s.wu	f15,x6	  x6:0x00000000 f15=0x00000000
      43615.000 ns	      4360	80000ef8	00b1d213	srli	x4,x3,0xb	  x3:0x00000000  x4=0x00000000
      43625.000 ns	      4361	80000efc	422fba93	sltiu	x21,x31,1058	 x31:0x00000000 x21=0x00000001
      43655.000 ns	      4364	80000f00	580a7053	fsqrt.s	f0,f20	 f20:0xcbcc119c  f0=0x7fc00000
      43675.000 ns	      4366	80000f04	00d04533	xor	x10,x0,x13	  x0:0x00000000 x13:0x00000000 x10=0x00000000
      43715.000 ns	      4370	80000f08	082fc3d3	fsub.s	f7,f31,f2	 f31:0x42820000  f2:0x3deeac98  f7=0x4281c455
      43745.000 ns	      4373	80000f0c	d0079fd3	fcvt.s.w	f31,x15	 x15:0x00000000 f31=0x00000000
      43765.000 ns	      4375	80000f10	437ae193	ori	x3,x21,1079	 x21:0x00000001  x3=0x00000437
      43805.000 ns	      4379	80000f14	09e4cad3	fsub.s	f21,f9,f30	  f9:0xff800000 f30:0x7f7fffff f21=0xff800000
      43825.000 ns	      4381	80000f18	997b0793	addi	x15,x22,-1641	 x22:0x80041024 x15=0x800409bb
      43845.000 ns	      4383	80000f1c	e00a03d3	fmv.x.w	x7,f20	 f20:0xcbcc119c  x7=0xcbcc119c
      43875.000 ns	      4386	80000f20	03d49d33	mulh	x26,x9,x29	  x9:0x0803ff98 x29:0xfffffa81 x26=0xffffffd3
      44245.000 ns	      4423	80000f24	03b968b3	rem	x17,x18,x27	 x18:0x00000000 x27:0x00000c5e x17=0x00000000
      44265.000 ns	      4425	80000f28	01951093	slli	x1,x10,0x19	 x10:0x00000000  x1=0x00000000
      44275.000 ns	      4426	80000f2c	4043d533	sra	x10,x7,x4	  x7:0xcbcc119c  x4:0x00000000 x10=0xcbcc119c
      44295.000 ns	      4428	80000f30	28491cd3	fmax.s	f25,f18,f4	 f18:0x7f7fffff  f4:0x00000000 f25=0x7f7fffff
      44315.000 ns	      4430	80000f34	011719b3	sll	x19,x14,x17	 x14:0x00000040 x17:0x00000000 x19=0x00000040
      44325.000 ns	      4431	80000f38	014d2333	slt	x6,x26,x20	 x26:0xffffffd3 x20:0x00000000  x6=0x00000001
      44685.000 ns	      4467	80000f3c	03795eb3	divu	x29,x18,x23	 x18:0x00000000 x23:0x7f7fffff x29=0x00000000
      44705.000 ns	      4469	80000f40	93bef337	lui	x6,0x93bef	  x6=0x93bef000
      44725.000 ns	      4471	80000f44	0374a1b3	mulhsu	x3,x9,x23	  x9:0x0803ff98 x23:0x7f7fffff  x3=0x03fdfdcc
      44745.000 ns	      4473	80000f48	004a7933	and	x18,x20,x4	 x20:0x00000000  x4:0x00000000 x18=0x00000000
      44785.000 ns	      4477	80000f4c	09f0f553	fsub.s	f10,f1,f31	  f1:0x48c2e1c0 f31:0x00000000 f10=0x48c2e1c0
      44805.000 ns	      4479	80000f50	83443493	sltiu	x9,x8,-1996	  x8:0x00000002  x9=0x00000001
      44825.000 ns	      4481	80000f54	02037e33	remu	x28,x6,x0	  x6:0x93bef000  x0:0x00000000 x28=0x93bef000
      44845.000 ns	      4483	80000f58	412f0933	sub	x18,x30,x18	 x30:0x00000000 x18:0x00000000 x18=0x00000000
      44865.000 ns	      4485	80000f5c	28e912d3	fmax.s	f5,f18,f14	 f18:0x7f7fffff f14:0x4afffffe  f5=0x7f7fffff
      44895.000 ns	      4488	80000f60	a1cb1353	flt.s	x6,f22,f28	 f22:0x48c2e1c0 f28:0xcefff7e0  x6=0x00000000
      44925.000 ns	      4491	80000f64	02d67333	remu	x6,x12,x13	 x12:0x86b13e54 x13:0x00000000  x6=0x86b13e54
      44955.000 ns	      4494	80000f68	29650453	fmin.s	f8,f10,f22	 f10:0x48c2e1c0 f22:0x48c2e1c0  f8=0x48c2e1c0
      44985.000 ns	      4497	80000f6c	02fb1c33	mulh	x24,x22,x15	 x22:0x80041024 x15:0x800409bb x24=0x3ffbf320
      45005.000 ns	      4499	80000f70	414dde93	srai	x29,x27,0x14	 x27:0x00000c5e x29=0x00000000
      45015.000 ns	      4500	80000f74	378ab713	sltiu	x14,x21,888	 x21:0x00000001 x14=0x00000001
      45025.000 ns	      4501	80000f78	696e4013	xori	x0,x28,1686	 x28:0x93bef000
      45035.000 ns	      4502	80000f7c	091eed93	ori	x27,x29,145	 x29:0x00000000 x27=0x00000091
      45055.000 ns	      4504	80000f80	02421233	mulh	x4,x4,x4	  x4:0x00000000  x4:0x00000000  x4=0x00000000
      45075.000 ns	      4506	80000f84	01ac9533	sll	x10,x25,x26	 x25:0x00000040 x26:0xffffffd3 x10=0x02000000
      45085.000 ns	      4507	80000f88	333ce093	ori	x1,x25,819	 x25:0x00000040  x1=0x00000373
      45445.000 ns	      4543	80000f8c	036be633	rem	x12,x23,x22	 x23:0x7f7fffff x22:0x80041024 x12=0x7f7fffff
      45465.000 ns	      4545	80000f90	b468c813	xori	x16,x17,-1210	 x17:0x00000000 x16=0xfffffb46
      45495.000 ns	      4548	80000f94	5808fa53	fsqrt.s	f20,f17	 f17:0xdabc9d23 f20=0x7fc00000
      45525.000 ns	      4551	80000f98	0341c333	div	x6,x3,x20	  x3:0x03fdfdcc x20:0x00000000  x6=0xffffffff
      45545.000 ns	      4553	80000f9c	c5c9e737	lui	x14,0xc5c9e	 x14=0xc5c9e000
      45565.000 ns	      4555	80000fa0	02058d33	mul	x26,x11,x0	 x11:0x80000000  x0:0x00000000 x26=0x00000000
      45595.000 ns	      4558	80000fa4	e00f8d53	fmv.x.w	x26,f31	 f31:0x00000000 x26=0x00000000
      45615.000 ns	      4560	80000fa8	ee766a13	ori	x20,x12,-281	 x12:0x7f7fffff x20=0xffffffff
      45625.000 ns	      4561	80000fac	a0562393	slti	x7,x12,-1531	 x12:0x7f7fffff  x7=0x00000000
      45645.000 ns	      4563	80000fb0	039f3bb3	mulhu	x23,x30,x25	 x30:0x00000000 x25:0x00000040 x23=0x00000000
      45685.000 ns	      4567	80000fb4	10d37153	fmul.s	f2,f6,f13	  f6:0x00000000 f13:0x3b6ead15  f2=0x00000000
      45715.000 ns	      4570	80000fb8	031ce0b3	rem	x1,x25,x17	 x25:0x00000040 x17:0x00000000  x1=0x00000040
      45745.000 ns	      4573	80000fbc	d011b0d3	fcvt.s.wu	f1,x3	  x3:0x03fdfdcc  f1=0x4c7f7f73
      45775.000 ns	      4576	80000fc0	29cd0653	fmin.s	f12,f26,f28	 f26:0x46b50a40 f28:0xcefff7e0 f12=0xcefff7e0
      45825.000 ns	      4581	80000fc4	09ad7253	fsub.s	f4,f26,f26	 f26:0x46b50a40 f26:0x46b50a40  f4=0x80000000
      45845.000 ns	      4583	80000fc8	4918adb7	lui	x27,0x4918a	 x27=0x4918a000
      45865.000 ns	      4585	80000fcc	e00214d3	fclass.s	x9,f4	  f4:0x80000000  x9=0x00000008
      45885.000 ns	      4587	80000fd0	00000013	addi	x0,x0,0	  x0:0x00000000
      45905.000 ns	      4589	80000fd4	21cf8f53	fsgnj.s	f30,f31,f28	 f31:0x00000000 f28:0xcefff7e0 f30=0x80000000
      45955.000 ns	      4594	80000fd8	093d97d3	fsub.s	f15,f27,f19	 f27:0xcf000410 f19:0xeeb50a20 f15=0x6eb50a20
      45985.000 ns	      4597	80000fdc	a0cc90d3	flt.s	x1,f25,f12	 f25:0x7f7fffff f12:0xcefff7e0  x1=0x00000000
      46005.000 ns	      4599	80000fe0	00000013	addi	x0,x0,0	  x0:0x00000000
      46015.000 ns	      4600	80000fe4	b1887a93	andi	x21,x16,-1256	 x16:0xfffffb46 x21=0xfffffb00
      46025.000 ns	      4601	80000fe8	01307633	and	x12,x0,x19	  x0:0x00000000 x19:0x00000040 x12=0x00000000
      46035.000 ns	      4602	80000fec	01086c33	or	x24,x16,x16	 x16:0xfffffb46 x16:0xfffffb46 x24=0xfffffb46
      46045.000 ns	      4603	80000ff0	00384db3	xor	x27,x16,x3	 x16:0xfffffb46  x3:0x03fdfdcc x27=0xfc02068a
      46065.000 ns	      4605	80000ff4	29668f53	fmin.s	f30,f13,f22	 f13:0x3b6ead15 f22:0x48c2e1c0 f30=0x3b6ead15
      46085.000 ns	      4607	80000ff8	6fa8d697	auipc	x13,0x6fa8d	 x13=0xefa8dff8
      46095.000 ns	      4608	80000ffc	f4777713	andi	x14,x14,-185	 x14:0xc5c9e000 x14=0xc5c9e000
      47265.000 ns	      4725	80001000	5802f2d3	fsqrt.s	f5,f5	  f5:0x7f7fffff  f5=0x5f350461
      47315.000 ns	      4730	80001004	09de8653	fsub.s	f12,f29,f29	 f29:0x4e091235 f29:0x4e091235 f12=0x80000000
      47345.000 ns	      4733	80001008	20fd00d3	fsgnj.s	f1,f26,f15	 f26:0x46b50a40 f15:0x6eb50a20  f1=0x46b50a40
      47375.000 ns	      4736	8000100c	d01fff53	fcvt.s.wu	f30,x31	 x31:0x00000000 f30=0x00000000
      47405.000 ns	      4739	80001010	02cb9733	mulh	x14,x23,x12	 x23:0x00000000 x12:0x00000000 x14=0x00000000
      47435.000 ns	      4742	80001014	f00085d3	fmv.w.x	f11,x1	  x1:0x00000000 f11=0x00000000
      47465.000 ns	      4745	80001018	e0059653	fclass.s	x12,f11	 f11:0x1b5faac0 x12=0x00000010
      47495.000 ns	      4748	8000101c	20ddaad3	fsgnjx.s	f21,f27,f13	 f27:0xcf000410 f13:0x3b6ead15 f21=0xcf000410
      47545.000 ns	      4753	80001020	005408d3	fadd.s	f17,f8,f5	  f8:0x48c2e1c0  f5:0x5f350461 f17=0x5f350461
      47575.000 ns	      4756	80001024	02e3ebb3	rem	x23,x7,x14	  x7:0x00000000 x14:0x00000000 x23=0x00000000
      47615.000 ns	      4760	80001028	119694d3	fmul.s	f9,f13,f25	 f13:0x3b6ead15 f25:0x7f7fffff  f9=0x7b6ead14
      47665.000 ns	      4765	8000102c	080c7653	fsub.s	f12,f24,f0	 f24:0xff800000  f0:0x7fc00000 f12=0x7fc00000
      47695.000 ns	      4768	80001030	a0668e53	fle.s	x28,f13,f6	 f13:0x3b6ead15  f6:0x00000000 x28=0x00000000
      47725.000 ns	      4771	80001034	d0068f53	fcvt.s.w	f30,x13	 x13:0xefa8dff8 f30=0xcd82b900
      47745.000 ns	      4773	80001038	41e9d633	sra	x12,x19,x30	 x19:0x00000040 x30:0x00000000 x12=0x00000040
      47765.000 ns	      4775	8000103c	02d826b3	mulhsu	x13,x16,x13	 x16:0xfffffb46 x13:0xefa8dff8 x13=0xfffffb93
      47795.000 ns	      4778	80001040	c019fa53	fcvt.wu.s	x20,f19	 f19:0xeeb50a20 x20=0x00000000
      47815.000 ns	      4780	80001044	005d2eb3	slt	x29,x26,x5	 x26:0x00000000  x5:0x00000000 x29=0x00000000
      47835.000 ns	      4782	80001048	02e00d33	mul	x26,x0,x14	  x0:0x00000000 x14:0x00000000 x26=0x00000000
      47865.000 ns	      4785	8000104c	03daa833	mulhsu	x16,x21,x29	 x21:0xfffffb00 x29:0x00000000 x16=0x00000000
      47885.000 ns	      4787	80001050	003042b3	xor	x5,x0,x3	  x0:0x00000000  x3:0x03fdfdcc  x5=0x03fdfdcc
      47895.000 ns	      4788	80001054	2fa12793	slti	x15,x2,762	  x2:0x80040fe4 x15=0x00000001
      47905.000 ns	      4789	80001058	01425333	srl	x6,x4,x20	  x4:0x00000000 x20:0x00000000  x6=0x00000000
      47915.000 ns	      4790	8000105c	009c5cb3	srl	x25,x24,x9	 x24:0xfffffb46  x9:0x00000008 x25=0x00fffffb
      47945.000 ns	      4793	80001060	10f872d3	fmul.s	f5,f16,f15	 f16:0x40000000 f15:0x6eb50a20  f5=0x6f350a20
      47965.000 ns	      4795	80001064	00951e93	slli	x29,x10,0x9	 x10:0x02000000 x29=0x00000000
      47975.000 ns	      4796	80001068	660b4a13	xori	x20,x22,1632	 x22:0x80041024 x20=0x80041644
      47995.000 ns	      4798	8000106c	a1b8a9d3	feq.s	x19,f17,f27	 f17:0x5f350461 f27:0xcf000410 x19=0x00000000
      49175.000 ns	      4916	80001070	5803f953	fsqrt.s	f18,f7	  f7:0x4281c455 f18=0x4100e139
      49195.000 ns	      4918	80001074	d578fe37	lui	x28,0xd578f	 x28=0xd578f000
      49215.000 ns	      4920	80001078	02ad1fb3	mulh	x31,x26,x10	 x26:0x00000000 x10:0x02000000 x31=0x00000000
      49245.000 ns	      4923	8000107c	d01275d3	fcvt.s.wu	f11,x4	  x4:0x00000000 f11=0x00000000
      49265.000 ns	      4925	80001080	411fd193	srai	x3,x31,0x11	 x31:0x00000000  x3=0x00000000
      49275.000 ns	      4926	80001084	01c71a13	slli	x20,x14,0x1c	 x14:0x00000000 x20=0x00000000
      49285.000 ns	      4927	80001088	86feec13	ori	x24,x29,-1937	 x29:0x00000000 x24=0xfffff86f
      49305.000 ns	      4929	8000108c	d00623d3	fcvt.s.w	f7,x12	 x12:0x00000040  f7=0x42800000
      49335.000 ns	      4932	80001090	a0958fd3	fle.s	x31,f11,f9	 f11:0x00000000  f9:0x7b6ead14 x31=0x00000001
      49365.000 ns	      4935	80001094	e00d9453	fclass.s	x8,f27	 f27:0xcf000410  x8=0x00000002
      49395.000 ns	      4938	80001098	02b73233	mulhu	x4,x14,x11	 x14:0x00000000 x11:0x80000000  x4=0x00000000
      49415.000 ns	      4940	8000109c	aeae7a97	auipc	x21,0xaeae7	 x21=0x2eae809c
      49425.000 ns	      4941	800010a0	6cda2a13	slti	x20,x20,1741	 x20:0x00000000 x20=0x00000001
      49435.000 ns	      4942	800010a4	22556a93	ori	x21,x10,549	 x10:0x02000000 x21=0x02000225
      49445.000 ns	      4943	800010a8	41185f33	sra	x30,x16,x17	 x16:0x00000000 x17:0x00000000 x30=0x00000000
      49455.000 ns	      4944	800010ac	00c76db3	or	x27,x14,x12	 x14:0x00000000 x12:0x00000040 x27=0x00000040
      49475.000 ns	      4946	800010b0	02e922b3	mulhsu	x5,x18,x14	 x18:0x00000000 x14:0x00000000  x5=0x00000000
      49495.000 ns	      4948	800010b4	002e8db3	add	x27,x29,x2	 x29:0x00000000  x2:0x80040fe4 x27=0x80040fe4
      49515.000 ns	      4950	800010b8	c0068953	fcvt.w.s	x18,f13	 f13:0x3b6ead15 x18=0x00000000
      49545.000 ns	      4953	800010bc	291b1653	fmax.s	f12,f22,f17	 f22:0x48c2e1c0 f17:0x5f350461 f12=0x5f350461
      49565.000 ns	      4955	800010c0	bba83eb7	lui	x29,0xbba83	 x29=0xbba83000
      49575.000 ns	      4956	800010c4	9eb9e793	ori	x15,x19,-1557	 x19:0x00000000 x15=0xfffff9eb
      49595.000 ns	      4958	800010c8	02de36b3	mulhu	x13,x28,x13	 x28:0xd578f000 x13:0xfffffb93 x13=0xd578ec4f
      49615.000 ns	      4960	800010cc	00d8bfb3	sltu	x31,x17,x13	 x17:0x00000000 x13:0xfffffb93 x31=0x00000001
      49635.000 ns	      4962	800010d0	d0077a53	fcvt.s.w	f20,x14	 x14:0x00000000 f20=0x00000000
      49665.000 ns	      4965	800010d4	031b7c33	remu	x24,x22,x17	 x22:0x80041024 x17:0x00000000 x24=0x80041024
      49685.000 ns	      4967	800010d8	40e28d33	sub	x26,x5,x14	  x5:0x00000000 x14:0x00000000 x26=0x00000000
      49695.000 ns	      4968	800010dc	f376ce93	xori	x29,x13,-201	 x13:0xd578ec4f x29=0x2a871378
      49715.000 ns	      4970	800010e0	02620733	mul	x14,x4,x6	  x4:0x00000000  x6:0x00000000 x14=0x00000000
      49745.000 ns	      4973	800010e4	21bd88d3	fsgnj.s	f17,f27,f27	 f27:0xcf000410 f27:0xcf000410 f17=0xcf000410
      49765.000 ns	      4975	800010e8	00000013	addi	x0,x0,0	  x0:0x00000000
      49775.000 ns	      4976	800010ec	00f53d33	sltu	x26,x10,x15	 x10:0x02000000 x15:0xfffff9eb x26=0x00000001
      49785.000 ns	      4977	800010f0	77cc3397	auipc	x7,0x77cc3	  x7=0xf7cc40f0
      49795.000 ns	      4978	800010f4	010dfdb3	and	x27,x27,x16	 x27:0x80040fe4 x16:0x00000000 x27=0x00000000
      49815.000 ns	      4980	800010f8	028083b3	mul	x7,x1,x8	  x1:0x00000000  x8:0x00000002  x7=0x00000000
      49845.000 ns	      4983	800010fc	a0319c53	flt.s	x24,f3,f3	  f3:0x4e091235  f3:0x4e091235 x24=0x00000000
      49875.000 ns	      4986	80001100	a12ca853	feq.s	x16,f25,f18	 f25:0x7f7fffff f18:0x4100e139 x16=0x00000000
      51055.000 ns	      5104	80001104	5802fcd3	fsqrt.s	f25,f5	  f5:0x6f350a20 f25=0x5700038a
      51085.000 ns	      5107	80001108	a1c91553	flt.s	x10,f18,f28	 f18:0x4100e139 f28:0xcefff7e0 x10=0x00000000
      51105.000 ns	      5109	8000110c	41805e13	srai	x28,x0,0x18	  x0:0x00000000 x28=0x00000000
      51115.000 ns	      5110	80001110	d2c93093	sltiu	x1,x18,-724	 x18:0x00000000  x1=0x00000001
      51125.000 ns	      5111	80001114	014109b3	add	x19,x2,x20	  x2:0x80040fe4 x20:0x00000001 x19=0x80040fe5
      51135.000 ns	      5112	80001118	00d81193	slli	x3,x16,0xd	 x16:0x00000000  x3=0x00000000
      51495.000 ns	      5148	8000111c	033ae533	rem	x10,x21,x19	 x21:0x02000225 x19:0x00000000 x10=0x02000225
      51525.000 ns	      5151	80001120	c01c7c53	fcvt.wu.s	x24,f24	 f24:0xff800000 x24=0x00000000
      51545.000 ns	      5153	80001124	01a5f6b3	and	x13,x11,x26	 x11:0x80000000 x26:0x00000001 x13=0x00000000
      51565.000 ns	      5155	80001128	03be9333	mulh	x6,x29,x27	 x29:0x2a871378 x27:0x00000000  x6=0x00000000
      51595.000 ns	      5158	8000112c	a05a2353	feq.s	x6,f20,f5	 f20:0x00000000  f5:0x6f350a20  x6=0x00000000
      51625.000 ns	      5161	80001130	21b09953	fsgnjn.s	f18,f1,f27	  f1:0x46b50a40 f27:0xcf000410 f18=0x46b50a40
      51655.000 ns	      5164	80001134	032184b3	mul	x9,x3,x18	  x3:0x00000000 x18:0x00000000  x9=0x00000000
      51675.000 ns	      5166	80001138	0046a7b3	slt	x15,x13,x4	 x13:0x00000000  x4:0x00000000 x15=0x00000000
      51695.000 ns	      5168	8000113c	d01a7353	fcvt.s.wu	f6,x20	 x20:0x00000001  f6=0x3f800000
      52065.000 ns	      5205	80001140	022efab3	remu	x21,x29,x2	 x29:0x2a871378  x2:0x80040fe4 x21=0x2a871378
      52085.000 ns	      5207	80001144	0034c533	xor	x10,x9,x3	  x9:0x00000000  x3:0x00000000 x10=0x00000000
      52095.000 ns	      5208	80001148	dad9ee93	ori	x29,x19,-595	 x19:0x80040fe5 x29=0xffffffed
      52105.000 ns	      5209	8000114c	01f281b3	add	x3,x5,x31	  x5:0x00000000 x31:0x00000001  x3=0x00000001
      52115.000 ns	      5210	80001150	dbb74413	xori	x8,x14,-581	 x14:0x00000000  x8=0xfffffdbb
      52125.000 ns	      5211	80001154	406684b3	sub	x9,x13,x6	 x13:0x00000000  x6:0x00000000  x9=0x00000000
      52135.000 ns	      5212	80001158	7b4f4813	xori	x16,x30,1972	 x30:0x00000000 x16=0x000007b4
      52155.000 ns	      5214	8000115c	020da7b3	mulhsu	x15,x27,x0	 x27:0x00000000  x0:0x00000000 x15=0x00000000
      52175.000 ns	      5216	80001160	00000013	addi	x0,x0,0	  x0:0x00000000
      52195.000 ns	      5218	80001164	0290f633	remu	x12,x1,x9	  x1:0x00000001  x9:0x00000000 x12=0x00000001
      52225.000 ns	      5221	80001168	29369bd3	fmax.s	f23,f13,f19	 f13:0x3b6ead15 f19:0xeeb50a20 f23=0x3b6ead15
      52255.000 ns	      5224	8000116c	c0037dd3	fcvt.w.s	x27,f6	  f6:0x3f800000 x27=0x00000001
      52285.000 ns	      5227	80001170	02962eb3	mulhsu	x29,x12,x9	 x12:0x00000001  x9:0x00000000 x29=0x00000000
      52315.000 ns	      5230	80001174	d01b9d53	fcvt.s.wu	f26,x23	 x23:0x00000000 f26=0x00000000
      52345.000 ns	      5233	80001178	209e9353	fsgnjn.s	f6,f29,f9	 f29:0x4e091235  f9:0x7b6ead14  f6=0xce091235
      52715.000 ns	      5270	8000117c	023344b3	div	x9,x6,x3	  x6:0x00000000  x3:0x00000001  x9=0x00000000
      52735.000 ns	      5272	80001180	01909233	sll	x4,x1,x25	  x1:0x00000001 x25:0x00fffffb  x4=0x08000000
      52755.000 ns	      5274	80001184	02372533	mulhsu	x10,x14,x3	 x14:0x00000000  x3:0x00000001 x10=0x00000000
      52775.000 ns	      5276	80001188	3c578d13	addi	x26,x15,965	 x15:0x00000000 x26=0x000003c5
      52815.000 ns	      5280	8000118c	0061f653	fadd.s	f12,f3,f6	  f3:0x4e091235  f6:0xce091235 f12=0x80000000
      52845.000 ns	      5283	80001190	03cc0cb3	mul	x25,x24,x28	 x24:0x00000000 x28:0x00000000 x25=0x00000000
      52875.000 ns	      5286	80001194	f00f8b53	fmv.w.x	f22,x31	 x31:0x00000001 f22=0x00000001
      52895.000 ns	      5288	80001198	01199013	slli	x0,x19,0x11	 x19:0x80040fe5
      52915.000 ns	      5290	8000119c	c00996d3	fcvt.w.s	x13,f19	 f19:0xeeb50a20 x13=0x80000000
      52945.000 ns	      5293	800011a0	c00041d3	fcvt.w.s	x3,f0	  f0:0x7fc00000  x3=0x7fffffff
      52965.000 ns	      5295	800011a4	018b5933	srl	x18,x22,x24	 x22:0x80041024 x24:0x00000000 x18=0x80041024
      52985.000 ns	      5297	800011a8	03d7a933	mulhsu	x18,x15,x29	 x15:0x00000000 x29:0x00000000 x18=0x00000000
      54165.000 ns	      5415	800011ac	5806f5d3	fsqrt.s	f11,f13	 f13:0x3b6ead15 f11=0x3d28c4f6
      54195.000 ns	      5418	800011b0	29c80d53	fmin.s	f26,f16,f28	 f16:0x40000000 f28:0xcefff7e0 f26=0xcefff7e0
      54225.000 ns	      5421	800011b4	209e0453	fsgnj.s	f8,f28,f9	 f28:0xcefff7e0  f9:0x7b6ead14  f8=0x4efff7e0
      54245.000 ns	      5423	800011b8	00827d13	andi	x26,x4,8	  x4:0x08000000 x26=0x00000000
      54265.000 ns	      5425	800011bc	02872c33	mulhsu	x24,x14,x8	 x14:0x00000000  x8:0xfffffdbb x24=0x00000000
      54315.000 ns	      5430	800011c0	08b63853	fsub.s	f16,f12,f11	 f12:0x80000000 f11:0x3d28c4f6 f16=0xbd28c4f6
      54335.000 ns	      5432	800011c4	01678633	add	x12,x15,x22	 x15:0x00000000 x22:0x80041024 x12=0x80041024
      54355.000 ns	      5434	800011c8	0382d7b3	divu	x15,x5,x24	  x5:0x00000000 x24:0x00000000 x15=0xffffffff
      54385.000 ns	      5437	800011cc	a0eb0553	fle.s	x10,f22,f14	 f22:0x00000001 f14:0x4afffffe x10=0x00000001
      54425.000 ns	      5441	800011d0	10112853	fmul.s	f16,f2,f1	  f2:0x00000000  f1:0x46b50a40 f16=0x00000000
      54455.000 ns	      5444	800011d4	d01e78d3	fcvt.s.wu	f17,x28	 x28:0x00000000 f17=0x00000000
      54485.000 ns	      5447	800011d8	28fa0a53	fmin.s	f20,f20,f15	 f20:0x00000000 f15:0x6eb50a20 f20=0x00000000
      54515.000 ns	      5450	800011dc	c01e74d3	fcvt.wu.s	x9,f28	 f28:0xcefff7e0  x9=0x7ffbf000
      54535.000 ns	      5452	800011e0	4192dab3	sra	x21,x5,x25	  x5:0x00000000 x25:0x00000000 x21=0x00000000
      54545.000 ns	      5453	800011e4	80238993	addi	x19,x7,-2046	  x7:0x00000000 x19=0xfffff802
      54565.000 ns	      5455	800011e8	219a8453	fsgnj.s	f8,f21,f25	 f21:0xcf000410 f25:0x5700038a  f8=0x4f000410
      54935.000 ns	      5492	800011ec	02bcc933	div	x18,x25,x11	 x25:0x00000000 x11:0x80000000 x18=0x00000000
      54955.000 ns	      5494	800011f0	00447833	and	x16,x8,x4	  x8:0xfffffdbb  x4:0x08000000 x16=0x08000000
      54965.000 ns	      5495	800011f4	00000013	addi	x0,x0,0	  x0:0x00000000
      54975.000 ns	      5496	800011f8	923ec393	xori	x7,x29,-1757	 x29:0x00000000  x7=0xfffff923
      54985.000 ns	      5497	800011fc	008f5793	srli	x15,x30,0x8	 x30:0x00000000 x15=0x00000000
      55015.000 ns	      5500	80001200	580f1453	fsqrt.s	f8,f30	 f30:0xcd82b900  f8=0x7fc00000
      55035.000 ns	      5502	80001204	015b1c93	slli	x25,x22,0x15	 x22:0x80041024 x25=0x04800000
      56155.000 ns	      5614	80001208	58057253	fsqrt.s	f4,f10	 f10:0x48c2e1c0  f4=0x441df07b
      56185.000 ns	      5617	8000120c	030f1bb3	mulh	x23,x30,x16	 x30:0x00000000 x16:0x08000000 x23=0x00000000
      56205.000 ns	      5619	80001210	004f42b3	xor	x5,x30,x4	 x30:0x00000000  x4:0x08000000  x5=0x08000000
      56225.000 ns	      5621	80001214	0268e4b3	rem	x9,x17,x6	 x17:0x00000000  x6:0x00000000  x9=0x00000000
      56255.000 ns	      5624	80001218	210da653	fsgnjx.s	f12,f27,f16	 f27:0xcf000410 f16:0x00000000 f12=0xcf000410
      56285.000 ns	      5627	8000121c	0361af33	mulhsu	x30,x3,x22	  x3:0x7fffffff x22:0x80041024 x30=0x40020811
      56305.000 ns	      5629	80001220	00000013	addi	x0,x0,0	  x0:0x00000000
      56345.000 ns	      5633	80001224	094bf753	fsub.s	f14,f23,f20	 f23:0x3b6ead15 f20:0x00000000 f14=0x3b6ead15
      56365.000 ns	      5635	80001228	2e4a4637	lui	x12,0x2e4a4	 x12=0x2e4a4000
      56385.000 ns	      5637	8000122c	03845d33	divu	x26,x8,x24	  x8:0xfffffdbb x24:0x00000000 x26=0xffffffff
      56425.000 ns	      5641	80001230	117dfcd3	fmul.s	f25,f27,f23	 f27:0xcf000410 f23:0x3b6ead15 f25=0xcaeeb4a8
      56445.000 ns	      5643	80001234	00881793	slli	x15,x16,0x8	 x16:0x08000000 x15=0x00000000
      56455.000 ns	      5644	80001238	ff0a3893	sltiu	x17,x20,-16	 x20:0x00000001 x17=0x00000001
      56465.000 ns	      5645	8000123c	00bf58b3	srl	x17,x30,x11	 x30:0x40020811 x11:0x80000000 x17=0x40020811
      56475.000 ns	      5646	80001240	b38f6413	ori	x8,x30,-1224	 x30:0x40020811  x8=0xfffffb39
      56485.000 ns	      5647	80001244	40f85e13	srai	x28,x16,0xf	 x16:0x08000000 x28=0x00001000
      56495.000 ns	      5648	80001248	00917333	and	x6,x2,x9	  x2:0x80040fe4  x9:0x00000000  x6=0x00000000
      56515.000 ns	      5650	8000124c	d01b74d3	fcvt.s.wu	f9,x22	 x22:0x80041024  f9=0x4f000410
      56545.000 ns	      5653	80001250	290f1453	fmax.s	f8,f30,f16	 f30:0xcd82b900 f16:0x00000000  f8=0x00000000
      56565.000 ns	      5655	80001254	d2f6f693	andi	x13,x13,-721	 x13:0x80000000 x13=0x80000000
      56925.000 ns	      5691	80001258	02a351b3	divu	x3,x6,x10	  x6:0x00000000 x10:0x00000001  x3=0x00000000
      56945.000 ns	      5693	8000125c	019fd333	srl	x6,x31,x25	 x31:0x00000001 x25:0x04800000  x6=0x00000001
      56965.000 ns	      5695	80001260	21d9afd3	fsgnjx.s	f31,f19,f29	 f19:0xeeb50a20 f29:0x4e091235 f31=0xeeb50a20
      56995.000 ns	      5698	80001264	d0167653	fcvt.s.wu	f12,x12	 x12:0x2e4a4000 f12=0x4e392900
      57025.000 ns	      5701	80001268	20390b53	fsgnj.s	f22,f18,f3	 f18:0x46b50a40  f3:0x4e091235 f22=0x46b50a40
      57055.000 ns	      5704	8000126c	c018f9d3	fcvt.wu.s	x19,f17	 f17:0x00000000 x19=0x00000000
      57085.000 ns	      5707	80001270	29e502d3	fmin.s	f5,f10,f30	 f10:0x48c2e1c0 f30:0xcd82b900  f5=0xcd82b900
      57115.000 ns	      5710	80001274	03241433	mulh	x8,x8,x18	  x8:0xfffffb39 x18:0x00000000  x8=0x00000000
      57135.000 ns	      5712	80001278	00e23e33	sltu	x28,x4,x14	  x4:0x08000000 x14:0x00000000 x28=0x00000000
      57145.000 ns	      5713	8000127c	4124d333	sra	x6,x9,x18	  x9:0x00000000 x18:0x00000000  x6=0x00000000
      57155.000 ns	      5714	80001280	41c6d313	srai	x6,x13,0x1c	 x13:0x80000000  x6=0xfffffff8
      57515.000 ns	      5750	80001284	03a8fa33	remu	x20,x17,x26	 x17:0x40020811 x26:0xffffffff x20=0x40020811
      57545.000 ns	      5753	80001288	e00c0e53	fmv.x.w	x28,f24	 f24:0xff800000 x28=0xff800000
      57565.000 ns	      5755	8000128c	415f56b3	sra	x13,x30,x21	 x30:0x40020811 x21:0x00000000 x13=0x40020811
      57585.000 ns	      5757	80001290	293600d3	fmin.s	f1,f12,f19	 f12:0x4e392900 f19:0xeeb50a20  f1=0xeeb50a20
      57615.000 ns	      5760	80001294	a01ea453	feq.s	x8,f29,f1	 f29:0x4e091235  f1:0x46b50a40  x8=0x00000000
      57635.000 ns	      5762	80001298	5a810913	addi	x18,x2,1448	  x2:0x80040fe4 x18=0x8004158c
      57645.000 ns	      5763	8000129c	2ff6aa13	slti	x20,x13,767	 x13:0x40020811 x20=0x00000000
      57665.000 ns	      5765	800012a0	e0011853	fclass.s	x16,f2	  f2:0x00000000 x16=0x00000010
      57685.000 ns	      5767	800012a4	00985db3	srl	x27,x16,x9	 x16:0x08000000  x9:0x00000000 x27=0x00000010
      57695.000 ns	      5768	800012a8	a6696693	ori	x13,x18,-1434	 x18:0x8004158c x13=0xffffffee
      57715.000 ns	      5770	800012ac	a13c2253	feq.s	x4,f24,f19	 f24:0xff800000 f19:0xeeb50a20  x4=0x00000000
      58085.000 ns	      5807	800012b0	03085fb3	divu	x31,x16,x16	 x16:0x00000010 x16:0x00000010 x31=0x00000001
      58105.000 ns	      5809	800012b4	400e06b3	sub	x13,x28,x0	 x28:0xff800000  x0:0x00000000 x13=0xff800000
      58115.000 ns	      5810	800012b8	93f6e793	ori	x15,x13,-1729	 x13:0xffffffee x15=0xfffff93f
      58135.000 ns	      5812	800012bc	29529653	fmax.s	f12,f5,f21	  f5:0xcd82b900 f21:0xcf000410 f12=0xcd82b900
      58165.000 ns	      5815	800012c0	03049933	mulh	x18,x9,x16	  x9:0x00000000 x16:0x00000010 x18=0x00000000
      58185.000 ns	      5817	800012c4	f9812837	lui	x16,0xf9812	 x16=0xf9812000
      58205.000 ns	      5819	800012c8	a06400d3	fle.s	x1,f8,f6	  f8:0x00000000  f6:0xce091235  x1=0x00000000
      58235.000 ns	      5822	800012cc	03d7e3b3	rem	x7,x15,x29	 x15:0xfffff93f x29:0x00000000  x7=0xfffff93f
      58255.000 ns	      5824	800012d0	c921a097	auipc	x1,0xc921a	  x1=0x4921b2d0
      58265.000 ns	      5825	800012d4	0114aab3	slt	x21,x9,x17	  x9:0x00000000 x17:0x40020811 x21=0x00000001
      58285.000 ns	      5827	800012d8	03736233	rem	x4,x6,x23	  x6:0xfffffff8 x23:0x00000000  x4=0xfffffff8
      58315.000 ns	      5830	800012dc	0302a2b3	mulhsu	x5,x5,x16	  x5:0x08000000 x16:0xf9812000  x5=0x07cc0900
      58345.000 ns	      5833	800012e0	035181b3	mul	x3,x3,x21	  x3:0x00000000 x21:0x00000001  x3=0x00000000
      58375.000 ns	      5836	800012e4	022f10b3	mulh	x1,x30,x2	 x30:0x40020811  x2:0x80040fe4  x1=0xdffffff8
      58395.000 ns	      5838	800012e8	00c32233	slt	x4,x6,x12	  x6:0xfffffff8 x12:0x2e4a4000  x4=0x00000001
      58415.000 ns	      5840	800012ec	032361b3	rem	x3,x6,x18	  x6:0xfffffff8 x18:0x00000000  x3=0xfffffff8
      58445.000 ns	      5843	800012f0	c007bfd3	fcvt.w.s	x31,f15	 f15:0x6eb50a20 x31=0x7fffffff
      58475.000 ns	      5846	800012f4	029051b3	divu	x3,x0,x9	  x0:0x00000000  x9:0x00000000  x3=0xffffffff
      58495.000 ns	      5848	800012f8	45a38e93	addi	x29,x7,1114	  x7:0xfffff93f x29=0xfffffd99
      58505.000 ns	      5849	800012fc	0072ab93	slti	x23,x5,7	  x5:0x07cc0900 x23=0x00000000
      58865.000 ns	      5885	80001300	02d7fcb3	remu	x25,x15,x13	 x15:0xfffff93f x13:0xff800000 x25=0x007ff93f
      58885.000 ns	      5887	80001304	01db8733	add	x14,x23,x29	 x23:0x00000000 x29:0xfffffd99 x14=0xfffffd99
      58895.000 ns	      5888	80001308	00000013	addi	x0,x0,0	  x0:0x00000000
      58905.000 ns	      5889	8000130c	d29c7213	andi	x4,x24,-727	 x24:0x00000000  x4=0x00000000
      58915.000 ns	      5890	80001310	00415f93	srli	x31,x2,0x4	  x2:0x80040fe4 x31=0x080040fe
      58935.000 ns	      5892	80001314	a0a017d3	flt.s	x15,f0,f10	  f0:0x7fc00000 f10:0x48c2e1c0 x15=0x00000000
      58965.000 ns	      5895	80001318	02fe54b3	divu	x9,x28,x15	 x28:0xff800000 x15:0xfffff93f  x9=0xffffffff
      58985.000 ns	      5897	8000131c	012c6a33	or	x20,x24,x18	 x24:0x00000000 x18:0x00000000 x20=0x00000000
      59005.000 ns	      5899	80001320	02f181b3	mul	x3,x3,x15	  x3:0xffffffff x15:0x00000000  x3=0x00000000
      59375.000 ns	      5936	80001324	03685db3	divu	x27,x16,x22	 x16:0xf9812000 x22:0x80041024 x27=0x00000001
      59405.000 ns	      5939	80001328	03c99f33	mulh	x30,x19,x28	 x19:0x00000000 x28:0xff800000 x30=0x00000000
      59425.000 ns	      5941	8000132c	017f6fb3	or	x31,x30,x23	 x30:0x40020811 x23:0x00000000 x31=0x00000000
      59435.000 ns	      5942	80001330	d433bf13	sltiu	x30,x7,-701	  x7:0xfffff93f x30=0x00000001
      59455.000 ns	      5944	80001334	20849ad3	fsgnjn.s	f21,f9,f8	  f9:0x4f000410  f8:0x00000000 f21=0xcf000410
      59485.000 ns	      5947	80001338	a051a553	feq.s	x10,f3,f5	  f3:0x4e091235  f5:0xcd82b900 x10=0x00000000
      59505.000 ns	      5949	8000133c	00000013	addi	x0,x0,0	  x0:0x00000000
      59525.000 ns	      5951	80001340	d01c7cd3	fcvt.s.wu	f25,x24	 x24:0x00000000 f25=0x00000000
      59545.000 ns	      5953	80001344	00ed1fb3	sll	x31,x26,x14	 x26:0xffffffff x14:0xfffffd99 x31=0xfe000000
      59555.000 ns	      5954	80001348	40dc8cb3	sub	x25,x25,x13	 x25:0x007ff93f x13:0xff800000 x25=0x00fff93f
      59565.000 ns	      5955	8000134c	40b9d013	srai	x0,x19,0xb	 x19:0x00000000
      59575.000 ns	      5956	80001350	017edd13	srli	x26,x29,0x17	 x29:0xfffffd99 x26=0x000001ff
      59615.000 ns	      5960	80001354	092b2a53	fsub.s	f20,f22,f18	 f22:0x46b50a40 f18:0x46b50a40 f20=0x80000000
      59645.000 ns	      5963	80001358	e0091f53	fclass.s	x30,f18	 f18:0x46b50a40 x30=0x00000040
      59665.000 ns	      5965	8000135c	00231893	slli	x17,x6,0x2	  x6:0xfffffff8 x17=0xffffffe0
      59675.000 ns	      5966	80001360	01bdd793	srli	x15,x27,0x1b	 x27:0x00000001 x15=0x00000000
      59685.000 ns	      5967	80001364	00610c33	add	x24,x2,x6	  x2:0x80040fe4  x6:0xfffffff8 x24=0x80040fdc
      60855.000 ns	      6084	80001368	5801f353	fsqrt.s	f6,f3	  f3:0x4e091235  f6=0x4641d878
      60885.000 ns	      6087	8000136c	e0068353	fmv.x.w	x6,f13	 f13:0x3b6ead15  x6=0x3b6ead15
      60905.000 ns	      6089	80001370	01a9edb3	or	x27,x19,x26	 x19:0x00000000 x26:0x000001ff x27=0x000001ff
      60915.000 ns	      6090	80001374	00d36bb3	or	x23,x6,x13	  x6:0x3b6ead15 x13:0xff800000 x23=0xffeead15
      60925.000 ns	      6091	80001378	58e92e13	slti	x28,x18,1422	 x18:0x00000000 x28=0x00000001
      60935.000 ns	      6092	8000137c	006336b3	sltu	x13,x6,x6	  x6:0x3b6ead15  x6:0x3b6ead15 x13=0x00000000
      60965.000 ns	      6095	80001380	19f07453	fdiv.s	f8,f0,f31	  f0:0x7fc00000 f31:0xeeb50a20  f8=0x7fc00000
      60995.000 ns	      6098	80001384	21280553	fsgnj.s	f10,f16,f18	 f16:0x00000000 f18:0x46b50a40 f10=0x00000000
      61045.000 ns	      6103	80001388	00dfabd3	fadd.s	f23,f31,f13	 f31:0xeeb50a20 f13:0x3b6ead15 f23=0xeeb50a20
      61065.000 ns	      6105	8000138c	01135f93	srli	x31,x6,0x11	  x6:0x3b6ead15 x31=0x00001db7
      61075.000 ns	      6106	80001390	555a0f93	addi	x31,x20,1365	 x20:0x00000000 x31=0x00000555
      61095.000 ns	      6108	80001394	a1fe0d53	fle.s	x26,f28,f31	 f28:0xcefff7e0 f31:0xeeb50a20 x26=0x00000000
      61125.000 ns	      6111	80001398	e0031f53	fclass.s	x30,f6	  f6:0x4641d878 x30=0x00000040
      61155.000 ns	      6114	8000139c	03ef8eb3	mul	x29,x31,x30	 x31:0x00000555 x30:0x00000040 x29=0x00015540
      61175.000 ns	      6116	800013a0	00000013	addi	x0,x0,0	  x0:0x00000000
      61185.000 ns	      6117	800013a4	40f85033	sra	x0,x16,x15	 x16:0xf9812000 x15:0x00000000
      61195.000 ns	      6118	800013a8	3a083493	sltiu	x9,x16,928	 x16:0xf9812000  x9=0x00000000
      61205.000 ns	      6119	800013ac	00465033	srl	x0,x12,x4	 x12:0x2e4a4000  x4:0x00000000
      61215.000 ns	      6120	800013b0	0002b4b3	sltu	x9,x5,x0	  x5:0x07cc0900  x0:0x00000000  x9=0x00000000
      61225.000 ns	      6121	800013b4	41ea07b3	sub	x15,x20,x30	 x20:0x00000000 x30:0x00000040 x15=0xffffffc0
      61235.000 ns	      6122	800013b8	065c0993	addi	x19,x24,101	 x24:0x80040fdc x19=0x80041041
      61255.000 ns	      6124	800013bc	d0153553	fcvt.s.wu	f10,x10	 x10:0x00000000 f10=0x00000000
      61275.000 ns	      6126	800013c0	41ced813	srai	x16,x29,0x1c	 x29:0x00015540 x16=0x00000000
      61295.000 ns	      6128	800013c4	d0111fd3	fcvt.s.wu	f31,x2	  x2:0x80040fe4 f31=0x4f00040f
      61315.000 ns	      6130	800013c8	cafee693	ori	x13,x29,-849	 x29:0x00015540 x13=0xfffffdef
      61335.000 ns	      6132	800013cc	03382433	mulhsu	x8,x16,x19	 x16:0x00000000 x19:0x80041041  x8=0x00000000
      61365.000 ns	      6135	800013d0	d003c4d3	fcvt.s.w	f9,x7	  x7:0xfffff93f  f9=0xc4d82000
      61385.000 ns	      6137	800013d4	01c50fb3	add	x31,x10,x28	 x10:0x00000000 x28:0x00000001 x31=0x00000001
      61395.000 ns	      6138	800013d8	32ff6613	ori	x12,x30,815	 x30:0x00000040 x12=0x0000036f
      61405.000 ns	      6139	800013dc	41710a33	sub	x20,x2,x23	  x2:0x80040fe4 x23:0xffeead15 x20=0x801562cf
      61425.000 ns	      6141	800013e0	d00e7c53	fcvt.s.w	f24,x28	 x28:0x00000001 f24=0x3f800000
      61445.000 ns	      6143	800013e4	10dc4f13	xori	x30,x24,269	 x24:0x80040fdc x30=0x80040ed1
      61455.000 ns	      6144	800013e8	007bc093	xori	x1,x23,7	 x23:0xffeead15  x1=0xffeead12
      61465.000 ns	      6145	800013ec	005db333	sltu	x6,x27,x5	 x27:0x000001ff  x5:0x07cc0900  x6=0x00000001
      61475.000 ns	      6146	800013f0	01fc2633	slt	x12,x24,x31	 x24:0x80040fdc x31:0x00000001 x12=0x00000001
      61485.000 ns	      6147	800013f4	00f3c433	xor	x8,x7,x15	  x7:0xfffff93f x15:0xffffffc0  x8=0x000006ff
      61495.000 ns	      6148	800013f8	01811c13	slli	x24,x2,0x18	  x2:0x80040fe4 x24=0xe4000000
      62665.000 ns	      6265	800013fc	580ffd53	fsqrt.s	f26,f31	 f31:0x4f00040f f26=0x46b50a40
      62695.000 ns	      6268	80001400	d0017453	fcvt.s.w	f8,x2	  x2:0x80040fe4  f8=0xcefff7e0
      62715.000 ns	      6270	80001404	00d21533	sll	x10,x4,x13	  x4:0x00000000 x13:0xfffffdef x10=0x00000000
      62735.000 ns	      6272	80001408	e0038dd3	fmv.x.w	x27,f7	  f7:0x42800000 x27=0x42800000
      62755.000 ns	      6274	8000140c	418ed833	sra	x16,x29,x24	 x29:0x00015540 x24:0xe4000000 x16=0x00015540
      62765.000 ns	      6275	80001410	6c3cfcb7	lui	x25,0x6c3cf	 x25=0x6c3cf000
      62775.000 ns	      6276	80001414	01c1edb3	or	x27,x3,x28	  x3:0x00000000 x28:0x00000001 x27=0x00000001
      62785.000 ns	      6277	80001418	01cd2c33	slt	x24,x26,x28	 x26:0x00000000 x28:0x00000001 x24=0x00000001
      62805.000 ns	      6279	8000141c	02d12eb3	mulhsu	x29,x2,x13	  x2:0x80040fe4 x13:0xfffffdef x29=0x800410ec
      62835.000 ns	      6282	80001420	218629d3	fsgnjx.s	f19,f12,f24	 f12:0xcd82b900 f24:0x3f800000 f19=0xcd82b900
      62855.000 ns	      6284	80001424	c7997493	andi	x9,x18,-903	 x18:0x00000000  x9=0x00000000
      62865.000 ns	      6285	80001428	acff4313	xori	x6,x30,-1329	 x30:0x80040ed1  x6=0x7ffbf41e
      62875.000 ns	      6286	8000142c	00ede7b3	or	x15,x27,x14	 x27:0x00000001 x14:0xfffffd99 x15=0xfffffd99
      62885.000 ns	      6287	80001430	47cfcd13	xori	x26,x31,1148	 x31:0x00000001 x26=0x0000047d
      62915.000 ns	      6290	80001434	197cf5d3	fdiv.s	f11,f25,f23	 f25:0x00000000 f23:0xeeb50a20 f11=0x80000000
      62945.000 ns	      6293	80001438	a18c04d3	fle.s	x9,f24,f24	 f24:0x3f800000 f24:0x3f800000  x9=0x00000001
      62965.000 ns	      6295	8000143c	6c54aa93	slti	x21,x9,1733	  x9:0x00000000 x21=0x00000001
      62975.000 ns	      6296	80001440	03c8b293	sltiu	x5,x17,60	 x17:0xffffffe0  x5=0x00000000
      62985.000 ns	      6297	80001444	01a8d513	srli	x10,x17,0x1a	 x17:0xffffffe0 x10=0x0000003f
      62995.000 ns	      6298	80001448	b75b6fb7	lui	x31,0xb75b6	 x31=0xb75b6000
      63015.000 ns	      6300	8000144c	214208d3	fsgnj.s	f17,f4,f20	  f4:0x441df07b f20:0x80000000 f17=0xc41df07b
      63035.000 ns	      6302	80001450	33fabc13	sltiu	x24,x21,831	 x21:0x00000001 x24=0x00000001
      63045.000 ns	      6303	80001454	bfa6abb7	lui	x23,0xbfa6a	 x23=0xbfa6a000
      63055.000 ns	      6304	80001458	54bf5f17	auipc	x30,0x54bf5	 x30=0xd4bf6458
      63065.000 ns	      6305	8000145c	01a81a13	slli	x20,x16,0x1a	 x16:0x00015540 x20=0x00000000
      63075.000 ns	      6306	80001460	019b23b3	slt	x7,x22,x25	 x22:0x80041024 x25:0x6c3cf000  x7=0x00000001
      63095.000 ns	      6308	80001464	a05ca753	feq.s	x14,f25,f5	 f25:0x00000000  f5:0xcd82b900 x14=0x00000000
      63125.000 ns	      6311	80001468	03993c33	mulhu	x24,x18,x25	 x18:0x00000000 x25:0x6c3cf000 x24=0x00000000
      63165.000 ns	      6315	8000146c	5809fa53	fsqrt.s	f20,f19	 f19:0xcd82b900 f20=0x7fc00000
      63195.000 ns	      6318	80001470	a10f0ed3	fle.s	x29,f30,f16	 f30:0xcd82b900 f16:0x00000000 x29=0x00000001
      63225.000 ns	      6321	80001474	a0c520d3	feq.s	x1,f10,f12	 f10:0x00000000 f12:0xcd82b900  x1=0x00000000
      63255.000 ns	      6324	80001478	c009ae53	fcvt.w.s	x28,f19	 f19:0xcd82b900 x28=0xefa8e000
      63275.000 ns	      6326	8000147c	ee4c7093	andi	x1,x24,-284	 x24:0x00000000  x1=0x00000000
      63285.000 ns	      6327	80001480	007ded33	or	x26,x27,x7	 x27:0x00000001  x7:0x00000001 x26=0x00000001
      63305.000 ns	      6329	80001484	03f9ae33	mulhsu	x28,x19,x31	 x19:0x80041041 x31:0xb75b6000 x28=0xa4553911
      63335.000 ns	      6332	80001488	a1601cd3	flt.s	x25,f0,f22	  f0:0x7fc00000 f22:0x46b50a40 x25=0x00000000
      63355.000 ns	      6334	8000148c	016759b3	srl	x19,x14,x22	 x14:0x00000000 x22:0x80041024 x19=0x00000000
      63365.000 ns	      6335	80001490	d1dbfe17	auipc	x28,0xd1dbf	 x28=0x51dc0490
      63385.000 ns	      6337	80001494	03495fb3	divu	x31,x18,x20	 x18:0x00000000 x20:0x00000000 x31=0xffffffff
      63415.000 ns	      6340	80001498	03529233	mulh	x4,x5,x21	  x5:0x00000000 x21:0x00000001  x4=0x00000000
      63465.000 ns	      6345	8000149c	00a4f153	fadd.s	f2,f9,f10	  f9:0xc4d82000 f10:0x00000000  f2=0xc4d82000
      63505.000 ns	      6349	800014a0	11152cd3	fmul.s	f25,f10,f17	 f10:0x00000000 f17:0xc41df07b f25=0x80000000
      63525.000 ns	      6351	800014a4	01c50033	add	x0,x10,x28	 x10:0x0000003f x28:0x51dc0490
      63535.000 ns	      6352	800014a8	55149e97	auipc	x29,0x55149	 x29=0xd514a4a8
      63545.000 ns	      6353	800014ac	005eb8b3	sltu	x17,x29,x5	 x29:0x00000001  x5:0x00000000 x17=0x00000000
      63565.000 ns	      6355	800014b0	21ea2dd3	fsgnjx.s	f27,f20,f30	 f20:0x7fc00000 f30:0xcd82b900 f27=0xffc00000
      63595.000 ns	      6358	800014b4	027bbcb3	mulhu	x25,x23,x7	 x23:0xbfa6a000  x7:0x00000001 x25=0x00000000
      63615.000 ns	      6360	800014b8	009502b3	add	x5,x10,x9	 x10:0x0000003f  x9:0x00000001  x5=0x00000040
      63645.000 ns	      6363	800014bc	1998fdd3	fdiv.s	f27,f17,f25	 f17:0xc41df07b f25:0x80000000 f27=0x7f800000
      63665.000 ns	      6365	800014c0	01037ab3	and	x21,x6,x16	  x6:0x7ffbf41e x16:0x00015540 x21=0x00015400
      63675.000 ns	      6366	800014c4	30bd3193	sltiu	x3,x26,779	 x26:0x00000001  x3=0x00000001
      63685.000 ns	      6367	800014c8	40ae81b3	sub	x3,x29,x10	 x29:0xd514a4a8 x10:0x0000003f  x3=0xd514a469
      63695.000 ns	      6368	800014cc	00c79d33	sll	x26,x15,x12	 x15:0xfffffd99 x12:0x00000001 x26=0xfffffb32
      63705.000 ns	      6369	800014d0	001394b3	sll	x9,x7,x1	  x7:0x00000001  x1:0x00000000  x9=0x00000001
      63745.000 ns	      6373	800014d4	006630d3	fadd.s	f1,f12,f6	 f12:0xcd82b900  f6:0x4641d878  f1=0xcd82b77c
      63765.000 ns	      6375	800014d8	00560333	add	x6,x12,x5	 x12:0x00000001  x5:0x00000040  x6=0x00000041
      63775.000 ns	      6376	800014dc	00d18cb3	add	x25,x3,x13	  x3:0xd514a469 x13:0xfffffdef x25=0xd514a258
      64105.000 ns	      6409	800014e0	18cef3d3	fdiv.s	f7,f29,f12	 f29:0x4e091235 f12:0xcd82b900  f7=0xbf891236
      64135.000 ns	      6412	800014e4	027c3db3	mulhu	x27,x24,x7	 x24:0x00000000  x7:0x00000001 x27=0x00000000
      64155.000 ns	      6414	800014e8	00cc0d33	add	x26,x24,x12	 x24:0x00000000 x12:0x00000001 x26=0x00000001
      64165.000 ns	      6415	800014ec	00679633	sll	x12,x15,x6	 x15:0xfffffd99  x6:0x00000041 x12=0xfffffb32
      64205.000 ns	      6419	800014f0	010f22d3	fadd.s	f5,f30,f16	 f30:0xcd82b900 f16:0x00000000  f5=0xcd82b900
      64225.000 ns	      6421	800014f4	1bf14d13	xori	x26,x2,447	  x2:0x80040fe4 x26=0x80040e5b
      64555.000 ns	      6454	800014f8	1983ac53	fdiv.s	f24,f7,f24	  f7:0xbf891236 f24:0x3f800000 f24=0xbf8911cb
      64575.000 ns	      6456	800014fc	014e5ab3	srl	x21,x28,x20	 x28:0x51dc0490 x20:0x00000000 x21=0x51dc0490
      64595.000 ns	      6458	80001500	a0232fd3	feq.s	x31,f6,f2	  f6:0x4641d878  f2:0xc4d82000 x31=0x00000000
      64615.000 ns	      6460	80001504	410f0bb3	sub	x23,x30,x16	 x30:0xd4bf6458 x16:0x00015540 x23=0xd4be0f18
      64635.000 ns	      6462	80001508	c00397d3	fcvt.w.s	x15,f7	  f7:0xbf891236 x15=0xffffffff
      64655.000 ns	      6464	8000150c	410d5093	srai	x1,x26,0x10	 x26:0x80040e5b  x1=0xffff8004
      64665.000 ns	      6465	80001510	0181f1b3	and	x3,x3,x24	  x3:0xd514a469 x24:0x00000000  x3=0x00000000
      64685.000 ns	      6467	80001514	e00788d3	fmv.x.w	x17,f15	 f15:0x6eb50a20 x17=0x6eb50a20
      64715.000 ns	      6470	80001518	a1051cd3	flt.s	x25,f10,f16	 f10:0x00000000 f16:0x00000000 x25=0x00000000
      64735.000 ns	      6472	8000151c	b27b7513	andi	x10,x22,-1241	 x22:0x80041024 x10=0x80041024
      65095.000 ns	      6508	80001520	029c46b3	div	x13,x24,x9	 x24:0x00000000  x9:0x00000001 x13=0x00000000
      65115.000 ns	      6510	80001524	0037ffb3	and	x31,x15,x3	 x15:0xffffffff  x3:0x00000000 x31=0x00000000
      65135.000 ns	      6512	80001528	c012bdd3	fcvt.wu.s	x27,f5	  f5:0xcd82b900 x27=0x10572000
      65155.000 ns	      6514	8000152c	00b79813	slli	x16,x15,0xb	 x15:0xffffffff x16=0xfffff800
      65175.000 ns	      6516	80001530	c0097853	fcvt.w.s	x16,f18	 f18:0x46b50a40 x16=0x00005a85
      65205.000 ns	      6519	80001534	03d1b333	mulhu	x6,x3,x29	  x3:0x00000000 x29:0xd514a4a8  x6=0x00000000
      65235.000 ns	      6522	80001538	024b0d33	mul	x26,x22,x4	 x22:0x80041024  x4:0x00000000 x26=0x00000000
      65265.000 ns	      6525	8000153c	20eb86d3	fsgnj.s	f13,f23,f14	 f23:0xeeb50a20 f14:0x3b6ead15 f13=0x6eb50a20
      65285.000 ns	      6527	80001540	130bc713	xori	x14,x23,304	 x23:0xd4be0f18 x14=0xd4be0e28
      65305.000 ns	      6529	80001544	28711dd3	fmax.s	f27,f2,f7	  f2:0xc4d82000  f7:0xbf891236 f27=0xbf891236
      65335.000 ns	      6532	80001548	02492933	mulhsu	x18,x18,x4	 x18:0x00000000  x4:0x00000000 x18=0x00000000
      65365.000 ns	      6535	8000154c	c0101ad3	fcvt.wu.s	x21,f0	  f0:0x7fc00000 x21=0xffffffff
      65395.000 ns	      6538	80001550	03a31e33	mulh	x28,x6,x26	  x6:0x00000000 x26:0x00000000 x28=0x00000000
      65425.000 ns	      6541	80001554	20739bd3	fsgnjn.s	f23,f7,f7	  f7:0xbf891236  f7:0xbf891236 f23=0x3f891236
      65795.000 ns	      6578	80001558	02a342b3	div	x5,x6,x10	  x6:0x00000000 x10:0x80041024  x5=0x00000000
      65815.000 ns	      6580	8000155c	40735c93	srai	x25,x6,0x7	  x6:0x00000000 x25=0x00000000
      65825.000 ns	      6581	80001560	017d3433	sltu	x8,x26,x23	 x26:0x00000000 x23:0xd4be0f18  x8=0x00000001
      66185.000 ns	      6617	80001564	035acdb3	div	x27,x21,x21	 x21:0xffffffff x21:0xffffffff x27=0x00000001
      66215.000 ns	      6620	80001568	e0038453	fmv.x.w	x8,f7	  f7:0xbf891236  x8=0xbf891236
      66245.000 ns	      6623	8000156c	c0147d53	fcvt.wu.s	x26,f8	  f8:0xcefff7e0 x26=0x7ffbf000
      66285.000 ns	      6627	80001570	11ab88d3	fmul.s	f17,f23,f26	 f23:0x3f891236 f26:0x46b50a40 f17=0x46c1deba
      66305.000 ns	      6629	80001574	0057b533	sltu	x10,x15,x5	 x15:0xffffffff  x5:0x00000000 x10=0x00000000
      66325.000 ns	      6631	80001578	a0eb99d3	flt.s	x19,f23,f14	 f23:0x3f891236 f14:0x3b6ead15 x19=0x00000000
      66355.000 ns	      6634	8000157c	02b2a733	mulhsu	x14,x5,x11	  x5:0x00000000 x11:0x80000000 x14=0x00000000
      66385.000 ns	      6637	80001580	a08f2bd3	feq.s	x23,f30,f8	 f30:0xcd82b900  f8:0xcefff7e0 x23=0x00000000
      66405.000 ns	      6639	80001584	40085833	sra	x16,x16,x0	 x16:0x00005a85  x0:0x00000000 x16=0x00005a85
      66415.000 ns	      6640	80001588	00204bb3	xor	x23,x0,x2	  x0:0x00000000  x2:0x80040fe4 x23=0x80040fe4
      66775.000 ns	      6676	8000158c	037241b3	div	x3,x4,x23	  x4:0x00000000 x23:0x00000000  x3=0x00000000
      66795.000 ns	      6678	80001590	407fdcb3	sra	x25,x31,x7	 x31:0x00000000  x7:0x00000001 x25=0x00000000
      66805.000 ns	      6679	80001594	e78506b7	lui	x13,0xe7850	 x13=0xe7850000
      66815.000 ns	      6680	80001598	132e2313	slti	x6,x28,306	 x28:0x00000000  x6=0x00000001
      66825.000 ns	      6681	8000159c	00000013	addi	x0,x0,0	  x0:0x00000000
      66845.000 ns	      6683	800015a0	29c408d3	fmin.s	f17,f8,f28	  f8:0xcefff7e0 f28:0xcefff7e0 f17=0xcefff7e0
      67215.000 ns	      6720	800015a4	026d4933	div	x18,x26,x6	 x26:0x7ffbf000  x6:0x00000001 x18=0x7ffbf000
      67245.000 ns	      6723	800015a8	a0952d53	feq.s	x26,f10,f9	 f10:0x00000000  f9:0xc4d82000 x26=0x00000000
      67275.000 ns	      6726	800015ac	20e18153	fsgnj.s	f2,f3,f14	  f3:0x4e091235 f14:0x3b6ead15  f2=0x4e091235
      67315.000 ns	      6730	800015b0	1056f953	fmul.s	f18,f13,f5	 f13:0x6eb50a20  f5:0xcd82b900 f18=0xfcb8e3f2
      67365.000 ns	      6735	800015b4	09537f53	fsub.s	f30,f6,f21	  f6:0x4641d878 f21:0xcf000410 f30=0x4f000440
      67405.000 ns	      6739	800015b8	11167e53	fmul.s	f28,f12,f17	 f12:0xcd82b900 f17:0xcefff7e0 f28=0x5d02b4da
      67445.000 ns	      6743	800015bc	103f7ed3	fmul.s	f29,f30,f3	 f30:0x4f000440  f3:0x4e091235 f29=0x5d8916c2
      67465.000 ns	      6745	800015c0	95d86893	ori	x17,x16,-1699	 x16:0x00005a85 x17=0xfffffbdd
      67475.000 ns	      6746	800015c4	6f742a97	auipc	x21,0x6f742	 x21=0xef7435c4
      67485.000 ns	      6747	800015c8	93b39717	auipc	x14,0x93b39	 x14=0x13b3a5c8
      67515.000 ns	      6750	800015cc	1013f9d3	fmul.s	f19,f7,f1	  f7:0xbf891236  f1:0xcd82b77c f19=0x4d8bfafc
      67535.000 ns	      6752	800015d0	cd737817	auipc	x16,0xcd737	 x16=0x4d7385d0
      67545.000 ns	      6753	800015d4	8a143813	sltiu	x16,x8,-1887	  x8:0xbf891236 x16=0x00000001
      67565.000 ns	      6755	800015d8	03758733	mul	x14,x11,x23	 x11:0x80000000 x23:0x80040fe4 x14=0x00000000
      67595.000 ns	      6758	800015dc	a12d8d53	fle.s	x26,f27,f18	 f27:0xbf891236 f18:0xfcb8e3f2 x26=0x00000000
      67965.000 ns	      6795	800015e0	031667b3	rem	x15,x12,x17	 x12:0xfffffb32 x17:0xfffffbdd x15=0xffffff55
      67985.000 ns	      6797	800015e4	01a7cc33	xor	x24,x15,x26	 x15:0xffffffff x26:0x00000000 x24=0xffffff55
      68005.000 ns	      6799	800015e8	f0040dd3	fmv.w.x	f27,x8	  x8:0xbf891236 f27=0xbf891236
      68035.000 ns	      6802	800015ec	0255ef33	rem	x30,x11,x5	 x11:0x80000000  x5:0x00000000 x30=0x80000000
      68065.000 ns	      6805	800015f0	21630853	fsgnj.s	f16,f6,f22	  f6:0x4641d878 f22:0x46b50a40 f16=0x4641d878
      68085.000 ns	      6807	800015f4	ee908213	addi	x4,x1,-279	  x1:0xffff8004  x4=0xffff7eed
      68125.000 ns	      6811	800015f8	0894fd53	fsub.s	f26,f9,f9	  f9:0xc4d82000  f9:0xc4d82000 f26=0x00000000
      68145.000 ns	      6813	800015fc	0b528a13	addi	x20,x5,181	  x5:0x00000000 x20=0x000000b5
      68155.000 ns	      6814	80001600	00cdccb3	xor	x25,x27,x12	 x27:0x00000001 x12:0xfffffb32 x25=0xfffffb33
      68195.000 ns	      6818	80001604	0021acd3	fadd.s	f25,f3,f2	  f3:0x4e091235  f2:0x4e091235 f25=0x4e891235
      68245.000 ns	      6823	80001608	08f91b53	fsub.s	f22,f18,f15	 f18:0xfcb8e3f2 f15:0x6eb50a20 f22=0xfcb8e3f2
      68275.000 ns	      6826	8000160c	023bc733	div	x14,x23,x3	 x23:0x80040fe4  x3:0x00000000 x14=0xffffffff
      68645.000 ns	      6863	80001610	03845d33	divu	x26,x8,x24	  x8:0xbf891236 x24:0xffffff55 x26=0x00000000
      68665.000 ns	      6865	80001614	f88bb993	sltiu	x19,x23,-120	 x23:0x80040fe4 x19=0x00000001
      68675.000 ns	      6866	80001618	7dbbea13	ori	x20,x23,2011	 x23:0x80040fe4 x20=0x80040fff
      68685.000 ns	      6867	8000161c	00fb5f93	srli	x31,x22,0xf	 x22:0x80041024 x31=0x00010008
      68695.000 ns	      6868	80001620	52113837	lui	x16,0x52113	 x16=0x52113000
      68725.000 ns	      6871	80001624	101586d3	fmul.s	f13,f11,f1	 f11:0x80000000  f1:0xcd82b77c f13=0x00000000
      68755.000 ns	      6874	80001628	c00103d3	fcvt.w.s	x7,f2	  f2:0x4e091235  x7=0x22448d40
      68775.000 ns	      6876	8000162c	405a5eb3	sra	x29,x20,x5	 x20:0x80040fff  x5:0x00000000 x29=0x80040fff
      68795.000 ns	      6878	80001630	f00b84d3	fmv.w.x	f9,x23	 x23:0x80040fe4  f9=0x80040fe4
      68815.000 ns	      6880	80001634	c2f86313	ori	x6,x16,-977	 x16:0x52113000  x6=0xfffffc2f
      69145.000 ns	      6913	80001638	1983bd53	fdiv.s	f26,f7,f24	  f7:0xbf891236 f24:0xbf8911cb f26=0x3f367680
      69165.000 ns	      6915	8000163c	86340493	addi	x9,x8,-1949	  x8:0xbf891236  x9=0xbf890a99
      69525.000 ns	      6951	80001640	0393f233	remu	x4,x7,x25	  x7:0x22448d40 x25:0xfffffb33  x4=0x22448d40
      69555.000 ns	      6954	80001644	02bd1633	mulh	x12,x26,x11	 x26:0x00000000 x11:0x80000000 x12=0x00000000
      69575.000 ns	      6956	80001648	014f7733	and	x14,x30,x20	 x30:0x80000000 x20:0x80040fff x14=0x80000000
      69595.000 ns	      6958	8000164c	a14704d3	fle.s	x9,f14,f20	 f14:0x3b6ead15 f20:0x7fc00000  x9=0x00000000
      69625.000 ns	      6961	80001650	212ea653	fsgnjx.s	f12,f29,f18	 f29:0x5d8916c2 f18:0xfcb8e3f2 f12=0xdd8916c2
      69645.000 ns	      6963	80001654	7e488393	addi	x7,x17,2020	 x17:0xfffffbdd  x7=0x000003c1
      69655.000 ns	      6964	80001658	00bf96b3	sll	x13,x31,x11	 x31:0x00010008 x11:0x80000000 x13=0x00010008
      69695.000 ns	      6968	8000165c	0194fd53	fadd.s	f26,f9,f25	  f9:0x80040fe4 f25:0x4e891235 f26=0x4e891235
      69725.000 ns	      6971	80001660	02e237b3	mulhu	x15,x4,x14	  x4:0x22448d40 x14:0x80000000 x15=0x112246a0
      69755.000 ns	      6974	80001664	2033aed3	fsgnjx.s	f29,f7,f3	  f7:0xbf891236  f3:0x4e091235 f29=0xbf891236
      69775.000 ns	      6976	80001668	00b777b3	and	x15,x14,x11	 x14:0x80000000 x11:0x80000000 x15=0x80000000
      69795.000 ns	      6978	8000166c	03501db3	mulh	x27,x0,x21	  x0:0x00000000 x21:0xef7435c4 x27=0x00000000
      69825.000 ns	      6981	80001670	c005b953	fcvt.w.s	x18,f11	 f11:0x80000000 x18=0x00000000
      69855.000 ns	      6984	80001674	f00184d3	fmv.w.x	f9,x3	  x3:0x00000000  f9=0x00000000
      69885.000 ns	      6987	80001678	217b99d3	fsgnjn.s	f19,f23,f23	 f23:0x3f891236 f23:0x3f891236 f19=0xbf891236
      69905.000 ns	      6989	8000167c	1b2f4a13	xori	x20,x30,434	 x30:0x80000000 x20=0x800001b2
      69925.000 ns	      6991	80001680	a1ef19d3	flt.s	x19,f30,f30	 f30:0x4f000440 f30:0x4f000440 x19=0x00000000
      69955.000 ns	      6994	80001684	219e8c53	fsgnj.s	f24,f29,f25	 f29:0xbf891236 f25:0x4e891235 f24=0x3f891236
      69985.000 ns	      6997	80001688	027fbd33	mulhu	x26,x31,x7	 x31:0x00010008  x7:0x000003c1 x26=0x00000000
      70005.000 ns	      6999	8000168c	01a15e33	srl	x28,x2,x26	  x2:0x80040fe4 x26:0x00000000 x28=0x80040fe4
      70015.000 ns	      7000	80001690	7ef12f13	slti	x30,x2,2031	  x2:0x80040fe4 x30=0x00000001
      70025.000 ns	      7001	80001694	01b5d3b3	srl	x7,x11,x27	 x11:0x80000000 x27:0x00000000  x7=0x80000000
      70045.000 ns	      7003	80001698	02c697b3	mulh	x15,x13,x12	 x13:0x00010008 x12:0x00000000 x15=0x00000000
      70065.000 ns	      7005	8000169c	0023cf33	xor	x30,x7,x2	  x7:0x000003c1  x2:0x80040fe4 x30=0x00040fe4
      70085.000 ns	      7007	800016a0	03728fb3	mul	x31,x5,x23	  x5:0x00000000 x23:0x80040fe4 x31=0x00000000
      70115.000 ns	      7010	800016a4	d00dfb53	fcvt.s.w	f22,x27	 x27:0x00000000 f22=0x00000000
      70135.000 ns	      7012	800016a8	534fac93	slti	x25,x31,1332	 x31:0x00000000 x25=0x00000001
      70145.000 ns	      7013	800016ac	405b06b3	sub	x13,x22,x5	 x22:0x80041024  x5:0x00000000 x13=0x80041024
      70165.000 ns	      7015	800016b0	e0090553	fmv.x.w	x10,f18	 f18:0xfcb8e3f2 x10=0xfcb8e3f2
      70215.000 ns	      7020	800016b4	0191f1d3	fadd.s	f3,f3,f25	  f3:0x4e091235 f25:0x4e891235  f3=0x4ecd9b4f
      70235.000 ns	      7022	800016b8	419eda93	srai	x21,x29,0x19	 x29:0x80040fff x21=0xffffffc0
      70245.000 ns	      7023	800016bc	4078d3b3	sra	x7,x17,x7	 x17:0xfffffbdd  x7:0x80000000  x7=0xfffffbdd
      70265.000 ns	      7025	800016c0	c01a8dd3	fcvt.wu.s	x27,f21	 f21:0xcf000410 x27=0x80041000
      70285.000 ns	      7027	800016c4	01cb61b3	or	x3,x22,x28	 x22:0x80041024 x28:0x80040fe4  x3=0x80041fe4
      70295.000 ns	      7028	800016c8	00733333	sltu	x6,x6,x7	  x6:0xfffffc2f  x7:0xfffffbdd  x6=0x00000000
      70315.000 ns	      7030	800016cc	e00d01d3	fmv.x.w	x3,f26	 f26:0x4e891235  x3=0x4e891235
      70335.000 ns	      7032	800016d0	0094e4b3	or	x9,x9,x9	  x9:0x00000000  x9:0x00000000  x9=0x00000000
      70355.000 ns	      7034	800016d4	a0b39a53	flt.s	x20,f7,f11	  f7:0xbf891236 f11:0x80000000 x20=0x00000001
      70385.000 ns	      7037	800016d8	29711f53	fmax.s	f30,f2,f23	  f2:0x4e091235 f23:0x3f891236 f30=0x4e091235
      70405.000 ns	      7039	800016dc	01d08a33	add	x20,x1,x29	  x1:0xffff8004 x29:0x80040fff x20=0x80039003
      70435.000 ns	      7042	800016e0	11f27bd3	fmul.s	f23,f4,f31	  f4:0x441df07b f31:0x4f00040f f23=0x539df57e
      70465.000 ns	      7045	800016e4	28e90753	fmin.s	f14,f18,f14	 f18:0xfcb8e3f2 f14:0x3b6ead15 f14=0xfcb8e3f2
      70485.000 ns	      7047	800016e8	bb9bfd97	auipc	x27,0xbb9bf	 x27=0x3b9c06e8
      70505.000 ns	      7049	800016ec	213b96d3	fsgnjn.s	f13,f23,f19	 f23:0x539df57e f19:0xbf891236 f13=0x539df57e
      70535.000 ns	      7052	800016f0	c0147fd3	fcvt.wu.s	x31,f8	  f8:0xcefff7e0 x31=0x7ffbf000
      70565.000 ns	      7055	800016f4	02089bb3	mulh	x23,x17,x0	 x17:0xfffffbdd  x0:0x00000000 x23=0x00000000
      70595.000 ns	      7058	800016f8	f00501d3	fmv.w.x	f3,x10	 x10:0xfcb8e3f2  f3=0xfcb8e3f2
      70615.000 ns	      7060	800016fc	01a1cc33	xor	x24,x3,x26	  x3:0x4e891235 x26:0x00000000 x24=0x4e891235
      70945.000 ns	      7093	80001700	1908fcd3	fdiv.s	f25,f17,f16	 f17:0xcefff7e0 f16:0x4641d878 f25=0xc8653991
      70975.000 ns	      7096	80001704	205d9553	fsgnjn.s	f10,f27,f5	 f27:0xbf891236  f5:0xcd82b900 f10=0x3f891236
      71005.000 ns	      7099	80001708	d00ef353	fcvt.s.w	f6,x29	 x29:0x80040fff  f6=0xcefff7e0
      71025.000 ns	      7101	8000170c	00fd83b3	add	x7,x27,x15	 x27:0x3b9c06e8 x15:0x00000000  x7=0x3b9c06e8
      71065.000 ns	      7105	80001710	085afed3	fsub.s	f29,f21,f5	 f21:0xcf000410  f5:0xcd82b900 f29=0xcedf59e0
      71085.000 ns	      7107	80001714	00f4a1b3	slt	x3,x9,x15	  x9:0x00000000 x15:0x00000000  x3=0x00000000
      71105.000 ns	      7109	80001718	20b40053	fsgnj.s	f0,f8,f11	  f8:0xcefff7e0 f11:0x80000000  f0=0xcefff7e0
      71125.000 ns	      7111	8000171c	41468db3	sub	x27,x13,x20	 x13:0x80041024 x20:0x80039003 x27=0x00008021
      71135.000 ns	      7112	80001720	005db033	sltu	x0,x27,x5	 x27:0x3b9c06e8  x5:0x00000000
      71145.000 ns	      7113	80001724	01d00d33	add	x26,x0,x29	  x0:0x00000000 x29:0x80040fff x26=0x80040fff
      71155.000 ns	      7114	80001728	3d322313	slti	x6,x4,979	  x4:0x22448d40  x6=0x00000000
      71175.000 ns	      7116	8000172c	21052f53	fsgnjx.s	f30,f10,f16	 f10:0x3f891236 f16:0x4641d878 f30=0x3f891236
      71195.000 ns	      7118	80001730	ed869717	auipc	x14,0xed869	 x14=0x6d86a730
      71205.000 ns	      7119	80001734	ae214a13	xori	x20,x2,-1310	  x2:0x80040fe4 x20=0x7ffbf506
      71565.000 ns	      7155	80001738	024362b3	rem	x5,x6,x4	  x6:0x00000000  x4:0x22448d40  x5=0x00000000
      71595.000 ns	      7158	8000173c	28431453	fmax.s	f8,f6,f4	  f6:0xcefff7e0  f4:0x441df07b  f8=0x441df07b
      71625.000 ns	      7161	80001740	a10a1c53	flt.s	x24,f20,f16	 f20:0x7fc00000 f16:0x4641d878 x24=0x00000000
      71655.000 ns	      7164	80001744	f00f0dd3	fmv.w.x	f27,x30	 x30:0x00040fe4 f27=0x00040fe4
      71685.000 ns	      7167	80001748	29529253	fmax.s	f4,f5,f21	  f5:0xcd82b900 f21:0xcf000410  f4=0xcd82b900
      71705.000 ns	      7169	8000174c	00309993	slli	x19,x1,0x3	  x1:0xffff8004 x19=0xfffc0020
      71725.000 ns	      7171	80001750	297a98d3	fmax.s	f17,f21,f23	 f21:0xcf000410 f23:0x539df57e f17=0x539df57e
      71745.000 ns	      7173	80001754	004886b3	add	x13,x17,x4	 x17:0xfffffbdd  x4:0x22448d40 x13=0x2244891d
      72075.000 ns	      7206	80001758	183df153	fdiv.s	f2,f27,f3	 f27:0x00040fe4  f3:0xfcb8e3f2  f2=0x80000000
      72095.000 ns	      7208	8000175c	002388b3	add	x17,x7,x2	  x7:0x3b9c06e8  x2:0x80040fe4 x17=0xbba016cc
      72105.000 ns	      7209	80001760	40e00033	sub	x0,x0,x14	  x0:0x00000000 x14:0x6d86a730
      72125.000 ns	      7211	80001764	02b8a7b3	mulhsu	x15,x17,x11	 x17:0xfffffbdd x11:0x80000000 x15=0xddd00b66
      72495.000 ns	      7248	80001768	031d6fb3	rem	x31,x26,x17	 x26:0x80040fff x17:0xbba016cc x31=0xc463f933
      72865.000 ns	      7285	8000176c	03d5ecb3	rem	x25,x11,x29	 x11:0x80000000 x29:0x80040fff x25=0xfffbf001
      72885.000 ns	      7287	80001770	004cc4b3	xor	x9,x25,x4	 x25:0x00000001  x4:0x22448d40  x9=0xddbf7d41
      72905.000 ns	      7289	80001774	20961a53	fsgnjn.s	f20,f12,f9	 f12:0xdd8916c2  f9:0x00000000 f20=0xdd8916c2
      72925.000 ns	      7291	80001778	01661c93	slli	x25,x12,0x16	 x12:0x00000000 x25=0x00000000
      72935.000 ns	      7292	8000177c	860abc13	sltiu	x24,x21,-1952	 x21:0xffffffc0 x24=0x00000000
      72955.000 ns	      7294	80001780	e00c1453	fclass.s	x8,f24	 f24:0x3f891236  x8=0x00000040
      72985.000 ns	      7297	80001784	c01e4a53	fcvt.wu.s	x20,f28	 f28:0x5d02b4da x20=0xffffffff
      73005.000 ns	      7299	80001788	415087b3	sub	x15,x1,x21	  x1:0xffff8004 x21:0xffffffc0 x15=0xffff8044
      73025.000 ns	      7301	8000178c	29c28853	fmin.s	f16,f5,f28	  f5:0xcd82b900 f28:0x5d02b4da f16=0xcd82b900
      73055.000 ns	      7304	80001790	02b22633	mulhsu	x12,x4,x11	  x4:0x22448d40 x11:0x80000000 x12=0x112246a0
      73085.000 ns	      7307	80001794	02e72d33	mulhsu	x26,x14,x14	 x14:0x6d86a730 x14:0x6d86a730 x26=0x2edbf132
      73115.000 ns	      7310	80001798	020cd1b3	divu	x3,x25,x0	 x25:0x00000000  x0:0x00000000  x3=0xffffffff
      73135.000 ns	      7312	8000179c	c27029b7	lui	x19,0xc2702	 x19=0xc2702000
      73145.000 ns	      7313	800017a0	49a2c993	xori	x19,x5,1178	  x5:0x00000000 x19=0x0000049a
      73185.000 ns	      7317	800017a4	011947d3	fadd.s	f15,f18,f17	 f18:0xfcb8e3f2 f17:0x539df57e f15=0xfcb8e3f2
      73215.000 ns	      7320	800017a8	a1809853	flt.s	x16,f1,f24	  f1:0xcd82b77c f24:0x3f891236 x16=0x00000001
      73245.000 ns	      7323	800017ac	a04e91d3	flt.s	x3,f29,f4	 f29:0xcedf59e0  f4:0xcd82b900  x3=0x00000001
      73275.000 ns	      7326	800017b0	e00c8353	fmv.x.w	x6,f25	 f25:0xc8653991  x6=0xc8653991
      73295.000 ns	      7328	800017b4	00862333	slt	x6,x12,x8	 x12:0x112246a0  x8:0x00000040  x6=0x00000000
      74465.000 ns	      7445	800017b8	58069653	fsqrt.s	f12,f13	 f13:0x539df57e f12=0x498e3121
      74485.000 ns	      7447	800017bc	01c140b3	xor	x1,x2,x28	  x2:0x80040fe4 x28:0x80040fe4  x1=0x00000000
      74505.000 ns	      7449	800017c0	d013fa53	fcvt.s.wu	f20,x7	  x7:0x3b9c06e8 f20=0x4e6e701b
      74555.000 ns	      7454	800017c4	01b875d3	fadd.s	f11,f16,f27	 f16:0xcd82b900 f27:0x00040fe4 f11=0xcd82b900
      74925.000 ns	      7491	800017c8	02917cb3	remu	x25,x2,x9	  x2:0x80040fe4  x9:0xddbf7d41 x25=0x80040fe4
      74945.000 ns	      7493	800017cc	bb78f213	andi	x4,x17,-1097	 x17:0xbba016cc  x4=0xbba01284
      74965.000 ns	      7495	800017d0	030e2933	mulhsu	x18,x28,x16	 x28:0x80040fe4 x16:0x00000001 x18=0xffffffff
      74995.000 ns	      7498	800017d4	a0e79853	flt.s	x16,f15,f14	 f15:0xfcb8e3f2 f14:0xfcb8e3f2 x16=0x00000000
      75365.000 ns	      7535	800017d8	033cda33	divu	x20,x25,x19	 x25:0x80040fe4 x19:0x0000049a x20=0x001bd1f1
      75735.000 ns	      7572	800017dc	02c6c733	div	x14,x13,x12	 x13:0x2244891d x12:0x112246a0 x14=0x00000001
      75755.000 ns	      7574	800017e0	3d9ab893	sltiu	x17,x21,985	 x21:0xffffffc0 x17=0x00000000
      75765.000 ns	      7575	800017e4	2854ae93	slti	x29,x9,645	  x9:0xddbf7d41 x29=0x00000001
      75785.000 ns	      7577	800017e8	e00f0d53	fmv.x.w	x26,f30	 f30:0x3f891236 x26=0x3f891236
      75805.000 ns	      7579	800017ec	072d7293	andi	x5,x26,114	 x26:0x2edbf132  x5=0x00000032
      75825.000 ns	      7581	800017f0	03fd21b3	mulhsu	x3,x26,x31	 x26:0x3f891236 x31:0xc463f933  x3=0x30bdc1cc
      75845.000 ns	      7583	800017f4	8787ba13	sltiu	x20,x15,-1928	 x15:0xffff8044 x20=0x00000001
      75855.000 ns	      7584	800017f8	002c14b3	sll	x9,x24,x2	 x24:0x00000000  x2:0x80040fe4  x9=0x00000000
      75875.000 ns	      7586	800017fc	a06720d3	feq.s	x1,f14,f6	 f14:0xfcb8e3f2  f6:0xcefff7e0  x1=0x00000000
      75905.000 ns	      7589	80001800	21791f53	fsgnjn.s	f30,f18,f23	 f18:0xfcb8e3f2 f23:0x539df57e f30=0xfcb8e3f2
      75925.000 ns	      7591	80001804	4151d8b3	sra	x17,x3,x21	  x3:0x30bdc1cc x21:0xffffffc0 x17=0x30bdc1cc
      75935.000 ns	      7592	80001808	1f94b193	sltiu	x3,x9,505	  x9:0x00000000  x3=0x00000001
      77105.000 ns	      7709	8000180c	58067f53	fsqrt.s	f30,f12	 f12:0x498e3121 f30=0x4486e89e
      77135.000 ns	      7712	80001810	e0019a53	fclass.s	x20,f3	  f3:0xfcb8e3f2 x20=0x00000002
      77505.000 ns	      7749	80001814	035acab3	div	x21,x21,x21	 x21:0xffffffc0 x21:0xffffffc0 x21=0x00000001
      77525.000 ns	      7751	80001818	004d74b3	and	x9,x26,x4	 x26:0x3f891236  x4:0xbba01284  x9=0x3b801204
      77535.000 ns	      7752	8000181c	00ab2f33	slt	x30,x22,x10	 x22:0x80041024 x10:0xfcb8e3f2 x30=0x00000001
      77555.000 ns	      7754	80001820	02ef81b3	mul	x3,x31,x14	 x31:0xc463f933 x14:0x00000001  x3=0xc463f933
      77585.000 ns	      7757	80001824	d016b6d3	fcvt.s.wu	f13,x13	 x13:0x2244891d f13=0x4e091225
      77605.000 ns	      7759	80001828	01afe333	or	x6,x31,x26	 x31:0xc463f933 x26:0x3f891236  x6=0xffebfb37
      77615.000 ns	      7760	8000182c	01e576b3	and	x13,x10,x30	 x10:0xfcb8e3f2 x30:0x00000001 x13=0x00000000
      77625.000 ns	      7761	80001830	410cd833	sra	x16,x25,x16	 x25:0x80040fe4 x16:0x00000000 x16=0x80040fe4
      77635.000 ns	      7762	80001834	017717b3	sll	x15,x14,x23	 x14:0x00000001 x23:0x00000000 x15=0x00000001
      77655.000 ns	      7764	80001838	f00b0d53	fmv.w.x	f26,x22	 x22:0x80041024 f26=0x80041024
      77685.000 ns	      7767	8000183c	217eaad3	fsgnjx.s	f21,f29,f23	 f29:0xcedf59e0 f23:0x539df57e f21=0xcedf59e0
      77705.000 ns	      7769	80001840	00000013	addi	x0,x0,0	  x0:0x00000000
      77715.000 ns	      7770	80001844	01f38fb3	add	x31,x7,x31	  x7:0x3b9c06e8 x31:0xc463f933 x31=0x0000001b
      77735.000 ns	      7772	80001848	a0b994d3	flt.s	x9,f19,f11	 f19:0xbf891236 f11:0xcd82b900  x9=0x00000000
      77755.000 ns	      7774	8000184c	79ce4e13	xori	x28,x28,1948	 x28:0x80040fe4 x28=0x80040878
      77775.000 ns	      7776	80001850	a1c007d3	fle.s	x15,f0,f28	  f0:0xcefff7e0 f28:0x5d02b4da x15=0x00000001
      77795.000 ns	      7778	80001854	01bf1417	auipc	x8,0x1bf1	  x8=0x81bf2854
      77805.000 ns	      7779	80001858	40135093	srai	x1,x6,0x1	  x6:0xffebfb37  x1=0xfff5fd9b
      77825.000 ns	      7781	8000185c	21221f53	fsgnjn.s	f30,f4,f18	  f4:0xcd82b900 f18:0xfcb8e3f2 f30=0x4d82b900
      77855.000 ns	      7784	80001860	a1cf9dd3	flt.s	x27,f31,f28	 f31:0x4f00040f f28:0x5d02b4da x27=0x00000001
      77895.000 ns	      7788	80001864	11deb353	fmul.s	f6,f29,f29	 f29:0xcedf59e0 f29:0xcedf59e0  f6=0x5e42ddb4
      77915.000 ns	      7790	80001868	819e0193	addi	x3,x28,-2023	 x28:0x80040878  x3=0x80040091
      77925.000 ns	      7791	8000186c	0d7fc093	xori	x1,x31,215	 x31:0x0000001b  x1=0x000000cc
      77945.000 ns	      7793	80001870	03b6a533	mulhsu	x10,x13,x27	 x13:0x00000000 x27:0x00000001 x10=0x00000000
      77965.000 ns	      7795	80001874	01be3333	sltu	x6,x28,x27	 x28:0x80040878 x27:0x00000001  x6=0x00000000
      77985.000 ns	      7797	80001878	20551953	fsgnjn.s	f18,f10,f5	 f10:0x3f891236  f5:0xcd82b900 f18=0x3f891236
      78015.000 ns	      7800	8000187c	c000f7d3	fcvt.w.s	x15,f1	  f1:0xcd82b77c x15=0x1056ef80
      78035.000 ns	      7802	80001880	6105ed97	auipc	x27,0x6105e	 x27=0xe105f880
      78045.000 ns	      7803	80001884	003dee33	or	x28,x27,x3	 x27:0x00000001  x3:0x80040091 x28=0xe105f891
      78375.000 ns	      7836	80001888	195c7ad3	fdiv.s	f21,f24,f21	 f24:0x3f891236 f21:0xcedf59e0 f21=0xb0091236
      78405.000 ns	      7839	8000188c	20a123d3	fsgnjx.s	f7,f2,f10	  f2:0x80000000 f10:0x3f891236  f7=0x80000000
      78435.000 ns	      7842	80001890	d00580d3	fcvt.s.w	f1,x11	 x11:0x80000000  f1=0xcf000000
      78455.000 ns	      7844	80001894	0032fdb3	and	x27,x5,x3	  x5:0x00000032  x3:0x80040091 x27=0x00000010
      78465.000 ns	      7845	80001898	7cc86c93	ori	x25,x16,1996	 x16:0x80040fe4 x25=0x80040fec
      78485.000 ns	      7847	8000189c	a03d1553	flt.s	x10,f26,f3	 f26:0x80041024  f3:0xfcb8e3f2 x10=0x00000000
      78515.000 ns	      7850	800018a0	e0018ad3	fmv.x.w	x21,f3	  f3:0xfcb8e3f2 x21=0xfcb8e3f2
      78535.000 ns	      7852	800018a4	00f88cb3	add	x25,x17,x15	 x17:0x30bdc1cc x15:0x1056ef80 x25=0x4114b14c
      78545.000 ns	      7853	800018a8	92acbf13	sltiu	x30,x25,-1750	 x25:0x80040fec x30=0x00000001
      78555.000 ns	      7854	800018ac	00630fb3	add	x31,x6,x6	  x6:0x00000000  x6:0x00000000 x31=0x00000000
      78915.000 ns	      7890	800018b0	039ddeb3	divu	x29,x27,x25	 x27:0x00000010 x25:0x4114b14c x29=0x00000000
      78945.000 ns	      7893	800018b4	f00d8ed3	fmv.w.x	f29,x27	 x27:0x00000010 f29=0x00000010
      78965.000 ns	      7895	800018b8	8590a993	slti	x19,x1,-1959	  x1:0x000000cc x19=0x00000000
      78995.000 ns	      7898	800018bc	18739cd3	fdiv.s	f25,f7,f7	  f7:0x80000000  f7:0x80000000 f25=0x7fc00000
      79025.000 ns	      7901	800018c0	a115a853	feq.s	x16,f11,f17	 f11:0xcd82b900 f17:0x539df57e x16=0x00000000
      79045.000 ns	      7903	800018c4	e2940313	addi	x6,x8,-471	  x8:0x81bf2854  x6=0x81bf267d
      79065.000 ns	      7905	800018c8	20541753	fsgnjn.s	f14,f8,f5	  f8:0x441df07b  f5:0xcd82b900 f14=0x441df07b
      79095.000 ns	      7908	800018cc	20099053	fsgnjn.s	f0,f19,f0	 f19:0xbf891236  f0:0xcefff7e0  f0=0x3f891236
      79115.000 ns	      7910	800018d0	195b0e93	addi	x29,x22,405	 x22:0x80041024 x29=0x800411b9
      79125.000 ns	      7911	800018d4	00000013	addi	x0,x0,0	  x0:0x00000000
      79135.000 ns	      7912	800018d8	00d6d313	srli	x6,x13,0xd	 x13:0x00000000  x6=0x00000000
      79495.000 ns	      7948	800018dc	0322e2b3	rem	x5,x5,x18	  x5:0x00000032 x18:0xffffffff  x5=0x00000000
      79515.000 ns	      7950	800018e0	cd914f93	xori	x31,x2,-807	  x2:0x80040fe4 x31=0x7ffbf33d
      79545.000 ns	      7953	800018e4	116e4453	fmul.s	f8,f28,f22	 f28:0x5d02b4da f22:0x00000000  f8=0x00000000
      79565.000 ns	      7955	800018e8	017f2d33	slt	x26,x30,x23	 x30:0x00000001 x23:0x00000000 x26=0x00000000
      79585.000 ns	      7957	800018ec	216da4d3	fsgnjx.s	f9,f27,f22	 f27:0x00040fe4 f22:0x00000000  f9=0x00040fe4
      79625.000 ns	      7961	800018f0	58028ed3	fsqrt.s	f29,f5	  f5:0xcd82b900 f29=0x7fc00000
      79645.000 ns	      7963	800018f4	01600933	add	x18,x0,x22	  x0:0x00000000 x22:0x80041024 x18=0x80041024
      79655.000 ns	      7964	800018f8	00be6733	or	x14,x28,x11	 x28:0xe105f891 x11:0x80000000 x14=0xe105f891
      79675.000 ns	      7966	800018fc	e0021dd3	fclass.s	x27,f4	  f4:0xcd82b900 x27=0x00000002
      79705.000 ns	      7969	80001900	c0047e53	fcvt.w.s	x28,f8	  f8:0x00000000 x28=0x00000000
      79735.000 ns	      7972	80001904	d01288d3	fcvt.s.wu	f17,x5	  x5:0x00000000 f17=0x00000000
      79765.000 ns	      7975	80001908	039f2333	mulhsu	x6,x30,x25	 x30:0x00000001 x25:0x4114b14c  x6=0x00000000
      79815.000 ns	      7980	8000190c	01c1ad53	fadd.s	f26,f3,f28	  f3:0xfcb8e3f2 f28:0x5d02b4da f26=0xfcb8e3f2
      79845.000 ns	      7983	80001910	217e0fd3	fsgnj.s	f31,f28,f23	 f28:0x5d02b4da f23:0x539df57e f31=0x5d02b4da
      79875.000 ns	      7986	80001914	d00178d3	fcvt.s.w	f17,x2	  x2:0x80040fe4 f17=0xcefff7e0
      79895.000 ns	      7988	80001918	1115e4b7	lui	x9,0x1115e	  x9=0x1115e000
      79915.000 ns	      7990	8000191c	f00e85d3	fmv.w.x	f11,x29	 x29:0x800411b9 f11=0x800411b9
      79945.000 ns	      7993	80001920	e00994d3	fclass.s	x9,f19	 f19:0xbf891236  x9=0x00000002
      79965.000 ns	      7995	80001924	00faafb3	slt	x31,x21,x15	 x21:0xfcb8e3f2 x15:0x1056ef80 x31=0x00000001
      79975.000 ns	      7996	80001928	f5b46c93	ori	x25,x8,-165	  x8:0x81bf2854 x25=0xffffff5f
      79985.000 ns	      7997	8000192c	4ea70c13	addi	x24,x14,1258	 x14:0xe105f891 x24=0xe105fd7b
      80005.000 ns	      7999	80001930	02050db3	mul	x27,x10,x0	 x10:0x00000000  x0:0x00000000 x27=0x00000000
      80035.000 ns	      8002	80001934	a1ec8253	fle.s	x4,f25,f30	 f25:0x7fc00000 f30:0x4d82b900  x4=0x00000000
      80055.000 ns	      8004	80001938	002e1d93	slli	x27,x28,0x2	 x28:0x00000000 x27=0x00000000
      80075.000 ns	      8006	8000193c	20289dd3	fsgnjn.s	f27,f17,f2	 f17:0xcefff7e0  f2:0x80000000 f27=0x4efff7e0
      80095.000 ns	      8008	80001940	71662897	auipc	x17,0x71662	 x17=0xf1663940
      80115.000 ns	      8010	80001944	21078353	fsgnj.s	f6,f15,f16	 f15:0xfcb8e3f2 f16:0xcd82b900  f6=0xfcb8e3f2
      80145.000 ns	      8013	80001948	21752e53	fsgnjx.s	f28,f10,f23	 f10:0x3f891236 f23:0x539df57e f28=0x3f891236
      80175.000 ns	      8016	8000194c	03721f33	mulh	x30,x4,x23	  x4:0x00000000 x23:0x00000000 x30=0x00000000
      80195.000 ns	      8018	80001950	4122d693	srai	x13,x5,0x12	  x5:0x00000000 x13=0x00000000
      80215.000 ns	      8020	80001954	0256be33	mulhu	x28,x13,x5	 x13:0x00000000  x5:0x00000000 x28=0x00000000
      80235.000 ns	      8022	80001958	a75b2313	slti	x6,x22,-1419	 x22:0x80041024  x6=0x00000001
      80245.000 ns	      8023	8000195c	2a630393	addi	x7,x6,678	  x6:0x00000000  x7=0x000002a7
      80265.000 ns	      8025	80001960	292f8bd3	fmin.s	f23,f31,f18	 f31:0x5d02b4da f18:0x3f891236 f23=0x3f891236
      80295.000 ns	      8028	80001964	03d71e33	mulh	x28,x14,x29	 x14:0xe105f891 x29:0x800411b9 x28=0x0f7c85aa
      80315.000 ns	      8030	80001968	30e5e693	ori	x13,x11,782	 x11:0x80000000 x13=0x8000030e
      80335.000 ns	      8032	8000196c	e0000553	fmv.x.w	x10,f0	  f0:0x3f891236 x10=0x3f891236
      80355.000 ns	      8034	80001970	e8536a97	auipc	x21,0xe8536	 x21=0x68537970
      80375.000 ns	      8036	80001974	02e90eb3	mul	x29,x18,x14	 x18:0x80041024 x14:0xe105f891 x29=0x66a40464
      80395.000 ns	      8038	80001978	2a01ac13	slti	x24,x3,672	  x3:0x80040091 x24=0x00000001
      80405.000 ns	      8039	8000197c	01835e93	srli	x29,x6,0x18	  x6:0x00000001 x29=0x00000000
      80415.000 ns	      8040	80001980	010c7933	and	x18,x24,x16	 x24:0xe105fd7b x16:0x00000000 x18=0x00000000
      80435.000 ns	      8042	80001984	a08712d3	flt.s	x5,f14,f8	 f14:0x441df07b  f8:0x00000000  x5=0x00000000
      80465.000 ns	      8045	80001988	021e3633	mulhu	x12,x28,x1	 x28:0x0f7c85aa  x1:0x000000cc x12=0x0000000c
      80495.000 ns	      8048	8000198c	a0ea8ed3	fle.s	x29,f21,f14	 f21:0xb0091236 f14:0x441df07b x29=0x00000001
      80535.000 ns	      8052	80001990	11b8f853	fmul.s	f16,f17,f27	 f17:0xcefff7e0 f27:0x4efff7e0 f16=0xde7fefc0
      80555.000 ns	      8054	80001994	ed227e13	andi	x28,x4,-302	  x4:0x00000000 x28=0x00000000
      80575.000 ns	      8056	80001998	a03b2e53	feq.s	x28,f22,f3	 f22:0x00000000  f3:0xfcb8e3f2 x28=0x00000000
      80605.000 ns	      8059	8000199c	03bd3fb3	mulhu	x31,x26,x27	 x26:0x00000000 x27:0x00000000 x31=0x00000000
      80625.000 ns	      8061	800019a0	009fd313	srli	x6,x31,0x9	 x31:0x00000001  x6=0x00000000
      80665.000 ns	      8065	800019a4	008aa653	fadd.s	f12,f21,f8	 f21:0xb0091236  f8:0x00000000 f12=0xb0091236
      81035.000 ns	      8102	800019a8	038d4db3	div	x27,x26,x24	 x26:0x00000000 x24:0x00000001 x27=0x00000000
      81085.000 ns	      8107	800019ac	0978c0d3	fsub.s	f1,f17,f23	 f17:0xcefff7e0 f23:0x3f891236  f1=0xcefff7e0
      81105.000 ns	      8109	800019b0	01ab80b3	add	x1,x23,x26	 x23:0x00000000 x26:0x00000000  x1=0x00000000
      81125.000 ns	      8111	800019b4	0342abb3	mulhsu	x23,x5,x20	  x5:0x00000000 x20:0x00000002 x23=0x00000000
      81155.000 ns	      8114	800019b8	a12b1753	flt.s	x14,f22,f18	 f22:0x00000000 f18:0x3f891236 x14=0x00000001
      81175.000 ns	      8116	800019bc	41d7d293	srai	x5,x15,0x1d	 x15:0x1056ef80  x5=0x00000000
      81185.000 ns	      8117	800019c0	262ba797	auipc	x15,0x262ba	 x15=0xa62bb9c0
      81195.000 ns	      8118	800019c4	aeb5f413	andi	x8,x11,-1301	 x11:0x80000000  x8=0x80000000
      81205.000 ns	      8119	800019c8	e07dbc13	sltiu	x24,x27,-505	 x27:0x00000000 x24=0x00000001
      81225.000 ns	      8121	800019cc	c0032ad3	fcvt.w.s	x21,f6	  f6:0xfcb8e3f2 x21=0x80000000
      81245.000 ns	      8123	800019d0	2ac6f393	andi	x7,x13,684	 x13:0x8000030e  x7=0x0000020c
      81255.000 ns	      8124	800019d4	40d9d333	sra	x6,x19,x13	 x19:0x00000000 x13:0x8000030e  x6=0x00000000
      81265.000 ns	      8125	800019d8	7ad2e613	ori	x12,x5,1965	  x5:0x00000000 x12=0x000007ad
      81275.000 ns	      8126	800019dc	40285d33	sra	x26,x16,x2	 x16:0x00000000  x2:0x80040fe4 x26=0x00000000
      81295.000 ns	      8128	800019e0	21c904d3	fsgnj.s	f9,f18,f28	 f18:0x3f891236 f28:0x3f891236  f9=0x3f891236
      81325.000 ns	      8131	800019e4	c0177753	fcvt.wu.s	x14,f14	 f14:0x441df07b x14=0x00000277
      81345.000 ns	      8133	800019e8	009bcbb3	xor	x23,x23,x9	 x23:0x00000000  x9:0x00000002 x23=0x00000002
      81355.000 ns	      8134	800019ec	008e4eb3	xor	x29,x28,x8	 x28:0x00000000  x8:0x80000000 x29=0x80000000
      81375.000 ns	      8136	800019f0	03539eb3	mulh	x29,x7,x21	  x7:0x0000020c x21:0x80000000 x29=0xfffffefa
      81395.000 ns	      8138	800019f4	01618eb3	add	x29,x3,x22	  x3:0x80040091 x22:0x80041024 x29=0x000810b5
      81755.000 ns	      8174	800019f8	028559b3	divu	x19,x10,x8	 x10:0x3f891236  x8:0x80000000 x19=0x00000000
      81775.000 ns	      8176	800019fc	0075ccb3	xor	x25,x11,x7	 x11:0x80000000  x7:0x0000020c x25=0x8000020c
      81785.000 ns	      8177	80001a00	1e2bceb7	lui	x29,0x1e2bc	 x29=0x1e2bc000
      81795.000 ns	      8178	80001a04	78a59fb7	lui	x31,0x78a59	 x31=0x78a59000
      81815.000 ns	      8180	80001a08	28b70953	fmin.s	f18,f14,f11	 f14:0x441df07b f11:0x800411b9 f18=0x800411b9
      81855.000 ns	      8184	80001a0c	11a4f6d3	fmul.s	f13,f9,f26	  f9:0x3f891236 f26:0xfcb8e3f2 f13=0xfcc5fe48
      81875.000 ns	      8186	80001a10	d3835497	auipc	x9,0xd3835	  x9=0x53836a10
      81885.000 ns	      8187	80001a14	9dfd2c93	slti	x25,x26,-1569	 x26:0x00000000 x25=0x00000000
      81895.000 ns	      8188	80001a18	0135ddb3	srl	x27,x11,x19	 x11:0x80000000 x19:0x00000000 x27=0x80000000
      81915.000 ns	      8190	80001a1c	c00afad3	fcvt.w.s	x21,f21	 f21:0xb0091236 x21=0x00000000
      82285.000 ns	      8227	80001a20	02aa5a33	divu	x20,x20,x10	 x20:0x00000002 x10:0x3f891236 x20=0x00000000
      82315.000 ns	      8230	80001a24	d00e9353	fcvt.s.w	f6,x29	 x29:0x1e2bc000  f6=0x4df15e00
      82335.000 ns	      8232	80001a28	00a14fb3	xor	x31,x2,x10	  x2:0x80040fe4 x10:0x3f891236 x31=0xbf8d1dd2
      82355.000 ns	      8234	80001a2c	031b2db3	mulhsu	x27,x22,x17	 x22:0x80041024 x17:0xf1663940 x27=0x8750b831
      82385.000 ns	      8237	80001a30	a05d1053	flt.s	x0,f26,f5	 f26:0xfcb8e3f2  f5:0xcd82b900
      82405.000 ns	      8239	80001a34	01da42b3	xor	x5,x20,x29	 x20:0x00000000 x29:0x1e2bc000  x5=0x1e2bc000
      83575.000 ns	      8356	80001a38	580bf0d3	fsqrt.s	f1,f23	 f23:0x3f891236  f1=0x3f84750a
      83595.000 ns	      8358	80001a3c	01453ab3	sltu	x21,x10,x20	 x10:0x3f891236 x20:0x00000000 x21=0x00000000
      83605.000 ns	      8359	80001a40	dcde0993	addi	x19,x28,-563	 x28:0x00000000 x19=0xfffffdcd
      83615.000 ns	      8360	80001a44	048efd13	andi	x26,x29,72	 x29:0x1e2bc000 x26=0x00000000
      83625.000 ns	      8361	80001a48	0b56b193	sltiu	x3,x13,181	 x13:0x8000030e  x3=0x00000000
      83655.000 ns	      8364	80001a4c	19b17153	fdiv.s	f2,f2,f27	  f2:0x80000000 f27:0x4efff7e0  f2=0x80000000
      83685.000 ns	      8367	80001a50	219187d3	fsgnj.s	f15,f3,f25	  f3:0xfcb8e3f2 f25:0x7fc00000 f15=0x7cb8e3f2
      83705.000 ns	      8369	80001a54	ec2ca613	slti	x12,x25,-318	 x25:0x00000000 x12=0x00000000
      83715.000 ns	      8370	80001a58	0101c4b3	xor	x9,x3,x16	  x3:0x00000000 x16:0x00000000  x9=0x00000000
      83725.000 ns	      8371	80001a5c	78292413	slti	x8,x18,1922	 x18:0x00000000  x8=0x00000001
      83735.000 ns	      8372	80001a60	006de833	or	x16,x27,x6	 x27:0x8750b831  x6:0x00000000 x16=0x8750b831
      83745.000 ns	      8373	80001a64	d4428093	addi	x1,x5,-700	  x5:0x1e2bc000  x1=0x1e2bbd44
      83755.000 ns	      8374	80001a68	a164bb97	auipc	x23,0xa164b	 x23=0x2164ca68
      83765.000 ns	      8375	80001a6c	7ba08537	lui	x10,0x7ba08	 x10=0x7ba08000
      83785.000 ns	      8377	80001a70	28f11ad3	fmax.s	f21,f2,f15	  f2:0x80000000 f15:0x7cb8e3f2 f21=0x7cb8e3f2
      83805.000 ns	      8379	80001a74	007849b3	xor	x19,x16,x7	 x16:0x8750b831  x7:0x0000020c x19=0x8750ba3d
      83825.000 ns	      8381	80001a78	d01bfc53	fcvt.s.wu	f24,x23	 x23:0x2164ca68 f24=0x4e059329
      83845.000 ns	      8383	80001a7c	01cd0433	add	x8,x26,x28	 x26:0x00000000 x28:0x00000000  x8=0x00000000
      83875.000 ns	      8386	80001a80	19671a53	fdiv.s	f20,f14,f22	 f14:0x441df07b f22:0x00000000 f20=0x7f800000
      83905.000 ns	      8389	80001a84	28311353	fmax.s	f6,f2,f3	  f2:0x80000000  f3:0xfcb8e3f2  f6=0x80000000
      85085.000 ns	      8507	80001a88	580ac7d3	fsqrt.s	f15,f21	 f21:0x7cb8e3f2 f15=0x5e19d658
      85105.000 ns	      8509	80001a8c	00ad9cb3	sll	x25,x27,x10	 x27:0x8750b831 x10:0x7ba08000 x25=0x8750b831
      85115.000 ns	      8510	80001a90	00ad2bb3	slt	x23,x26,x10	 x26:0x00000000 x10:0x7ba08000 x23=0x00000001
      85125.000 ns	      8511	80001a94	b047ff13	andi	x30,x15,-1276	 x15:0xa62bb9c0 x30=0xa62bb900
      85155.000 ns	      8514	80001a98	580837d3	fsqrt.s	f15,f16	 f16:0xde7fefc0 f15=0x7fc00000
      85175.000 ns	      8516	80001a9c	0055e633	or	x12,x11,x5	 x11:0x80000000  x5:0x1e2bc000 x12=0x9e2bc000
      85185.000 ns	      8517	80001aa0	00696f33	or	x30,x18,x6	 x18:0x00000000  x6:0x00000000 x30=0x00000000
      85195.000 ns	      8518	80001aa4	41385c13	srai	x24,x16,0x13	 x16:0x8750b831 x24=0xfffff0ea
      85215.000 ns	      8520	80001aa8	287790d3	fmax.s	f1,f15,f7	 f15:0x7fc00000  f7:0x80000000  f1=0x80000000
      85245.000 ns	      8523	80001aac	0395afb3	mulhsu	x31,x11,x25	 x11:0x80000000 x25:0x8750b831 x31=0xbc57a3e7
      85265.000 ns	      8525	80001ab0	6b0f6a13	ori	x20,x30,1712	 x30:0x00000000 x20=0x000006b0
      85285.000 ns	      8527	80001ab4	0333a1b3	mulhsu	x3,x7,x19	  x7:0x0000020c x19:0x8750ba3d  x3=0x00000114
      85315.000 ns	      8530	80001ab8	03da36b3	mulhu	x13,x20,x29	 x20:0x00000000 x29:0x1e2bc000 x13=0x000000c9
      85345.000 ns	      8533	80001abc	c01437d3	fcvt.wu.s	x15,f8	  f8:0x00000000 x15=0x00000000
      85365.000 ns	      8535	80001ac0	0038c333	xor	x6,x17,x3	 x17:0xf1663940  x3:0x00000114  x6=0xf1663854
      85385.000 ns	      8537	80001ac4	0265be33	mulhu	x28,x11,x6	 x11:0x80000000  x6:0x00000000 x28=0x78b31c2a
      85435.000 ns	      8542	80001ac8	01abfa53	fadd.s	f20,f23,f26	 f23:0x3f891236 f26:0xfcb8e3f2 f20=0xfcb8e3f2
      85455.000 ns	      8544	80001acc	01c75c93	srli	x25,x14,0x1c	 x14:0x00000277 x25=0x00000000
      85475.000 ns	      8546	80001ad0	d002f5d3	fcvt.s.w	f11,x5	  x5:0x1e2bc000 f11=0x4df15e00
      85495.000 ns	      8548	80001ad4	00f64833	xor	x16,x12,x15	 x12:0x9e2bc000 x15:0x00000000 x16=0x9e2bc000
      85505.000 ns	      8549	80001ad8	411ed313	srai	x6,x29,0x11	 x29:0x1e2bc000  x6=0x00000f15
      85525.000 ns	      8551	80001adc	21ab1e53	fsgnjn.s	f28,f22,f26	 f22:0x00000000 f26:0xfcb8e3f2 f28=0x00000000
      85555.000 ns	      8554	80001ae0	03eb2fb3	mulhsu	x31,x22,x30	 x22:0x80041024 x30:0x00000000 x31=0x00000000
      85595.000 ns	      8558	80001ae4	580e75d3	fsqrt.s	f11,f28	 f28:0x00000000 f11=0x00000000
      85615.000 ns	      8560	80001ae8	00000013	addi	x0,x0,0	  x0:0x00000000
      85635.000 ns	      8562	80001aec	29d903d3	fmin.s	f7,f18,f29	 f18:0x800411b9 f29:0x7fc00000  f7=0x800411b9
      86005.000 ns	      8599	80001af0	034dcc33	div	x24,x27,x20	 x27:0x8750b831 x20:0x000006b0 x24=0xffedf426
      86025.000 ns	      8601	80001af4	18b67193	andi	x3,x12,395	 x12:0x9e2bc000  x3=0x00000000
      86045.000 ns	      8603	80001af8	02fcd333	divu	x6,x25,x15	 x25:0x00000000 x15:0x00000000  x6=0xffffffff
      86095.000 ns	      8608	80001afc	01cef1d3	fadd.s	f3,f29,f28	 f29:0x7fc00000 f28:0x00000000  f3=0x7fc00000
      86145.000 ns	      8613	80001b00	08622753	fsub.s	f14,f4,f6	  f4:0xcd82b900  f6:0x80000000 f14=0xcd82b900
      86515.000 ns	      8650	80001b04	02b67bb3	remu	x23,x12,x11	 x12:0x9e2bc000 x11:0x80000000 x23=0x1e2bc000
      86545.000 ns	      8653	80001b08	03ea00b3	mul	x1,x20,x30	 x20:0x000006b0 x30:0x00000000  x1=0x00000000
      86565.000 ns	      8655	80001b0c	1b7f9837	lui	x16,0x1b7f9	 x16=0x1b7f9000
      86575.000 ns	      8656	80001b10	000a8cb3	add	x25,x21,x0	 x21:0x00000000  x0:0x00000000 x25=0x00000000
      86585.000 ns	      8657	80001b14	5f41a993	slti	x19,x3,1524	  x3:0x00000000 x19=0x00000001
      86605.000 ns	      8659	80001b18	a0b81853	flt.s	x16,f16,f11	 f16:0xde7fefc0 f11:0x00000000 x16=0x00000001
      86635.000 ns	      8662	80001b1c	f0060bd3	fmv.w.x	f23,x12	 x12:0x9e2bc000 f23=0x9e2bc000
      86655.000 ns	      8664	80001b20	e5cae613	ori	x12,x21,-420	 x21:0x00000000 x12=0xfffffe5c
      86665.000 ns	      8665	80001b24	018c9193	slli	x3,x25,0x18	 x25:0x00000000  x3=0x00000000
      86685.000 ns	      8667	80001b28	218a0653	fsgnj.s	f12,f20,f24	 f20:0xfcb8e3f2 f24:0x4e059329 f12=0x7cb8e3f2
      86705.000 ns	      8669	80001b2c	01309e93	slli	x29,x1,0x13	  x1:0x00000000 x29=0x00000000
      86745.000 ns	      8673	80001b30	003c2d53	fadd.s	f26,f24,f3	 f24:0x4e059329  f3:0x7fc00000 f26=0x7fc00000
      86765.000 ns	      8675	80001b34	00639633	sll	x12,x7,x6	  x7:0x0000020c  x6:0xffffffff x12=0x00000000
      86775.000 ns	      8676	80001b38	3cdd3793	sltiu	x15,x26,973	 x26:0x00000000 x15=0x00000001
      86785.000 ns	      8677	80001b3c	00863733	sltu	x14,x12,x8	 x12:0xfffffe5c  x8:0x00000000 x14=0x00000000
      86795.000 ns	      8678	80001b40	9d8f6713	ori	x14,x30,-1576	 x30:0x00000000 x14=0xfffff9d8
      86805.000 ns	      8679	80001b44	fe580e93	addi	x29,x16,-27	 x16:0x00000001 x29=0xffffffe6
      86825.000 ns	      8681	80001b48	030b8933	mul	x18,x23,x16	 x23:0x1e2bc000 x16:0x00000001 x18=0x1e2bc000
      86855.000 ns	      8684	80001b4c	205b8653	fsgnj.s	f12,f23,f5	 f23:0x9e2bc000  f5:0xcd82b900 f12=0x9e2bc000
      86875.000 ns	      8686	80001b50	bdb23d93	sltiu	x27,x4,-1061	  x4:0x00000000 x27=0x00000001
      86885.000 ns	      8687	80001b54	41eed8b3	sra	x17,x29,x30	 x29:0xffffffe6 x30:0x00000000 x17=0xffffffe6
      86905.000 ns	      8689	80001b58	e0028ad3	fmv.x.w	x21,f5	  f5:0xcd82b900 x21=0xcd82b900
      86925.000 ns	      8691	80001b5c	0009d793	srli	x15,x19,0x0	 x19:0x00000001 x15=0x00000001
      86935.000 ns	      8692	80001b60	41d25fb3	sra	x31,x4,x29	  x4:0x00000000 x29:0xffffffe6 x31=0x00000000
      86945.000 ns	      8693	80001b64	012309b3	add	x19,x6,x18	  x6:0xffffffff x18:0x1e2bc000 x19=0x1e2bbfff
      86955.000 ns	      8694	80001b68	40d80eb3	sub	x29,x16,x13	 x16:0x00000001 x13:0x000000c9 x29=0xffffff38
      86965.000 ns	      8695	80001b6c	74774413	xori	x8,x14,1863	 x14:0xfffff9d8  x8=0xfffffe9f
      86995.000 ns	      8698	80001b70	10ff74d3	fmul.s	f9,f30,f15	 f30:0x4d82b900 f15:0x7fc00000  f9=0x7fc00000
      87015.000 ns	      8700	80001b74	009e8533	add	x10,x29,x9	 x29:0xffffff38  x9:0x00000000 x10=0xffffff38
      87045.000 ns	      8703	80001b78	10ee86d3	fmul.s	f13,f29,f14	 f29:0x7fc00000 f14:0xcd82b900 f13=0x7fc00000
      87075.000 ns	      8706	80001b7c	e0058f53	fmv.x.w	x30,f11	 f11:0x00000000 x30=0x00000000
      87095.000 ns	      8708	80001b80	00bd5d93	srli	x27,x26,0xb	 x26:0x00000000 x27=0x00000000
      87115.000 ns	      8710	80001b84	a0ed20d3	feq.s	x1,f26,f14	 f26:0x7fc00000 f14:0xcd82b900  x1=0x00000000
      87135.000 ns	      8712	80001b88	059c6513	ori	x10,x24,89	 x24:0xffedf426 x10=0xffedf47f
      87145.000 ns	      8713	80001b8c	3e5652b7	lui	x5,0x3e565	  x5=0x3e565000
      87155.000 ns	      8714	80001b90	d31ef513	andi	x10,x29,-719	 x29:0xffffff38 x10=0xfffffd30
      87165.000 ns	      8715	80001b94	414800b3	sub	x1,x16,x20	 x16:0x00000001 x20:0x000006b0  x1=0xfffff951
      87175.000 ns	      8716	80001b98	00c2ec33	or	x24,x5,x12	  x5:0x3e565000 x12:0x00000000 x24=0x3e565000
      87215.000 ns	      8720	80001b9c	0062fc53	fadd.s	f24,f5,f6	  f5:0xcd82b900  f6:0x80000000 f24=0xcd82b900
      87255.000 ns	      8724	80001ba0	5801fcd3	fsqrt.s	f25,f3	  f3:0x7fc00000 f25=0x7fc00000
      87305.000 ns	      8729	80001ba4	00fd7f53	fadd.s	f30,f26,f15	 f26:0x7fc00000 f15:0x7fc00000 f30=0x7fc00000
      87675.000 ns	      8766	80001ba8	03d8da33	divu	x20,x17,x29	 x17:0xffffffe6 x29:0xffffff38 x20=0x00000001
      87695.000 ns	      8768	80001bac	01e3aab3	slt	x21,x7,x30	  x7:0x0000020c x30:0x00000000 x21=0x00000000
      87705.000 ns	      8769	80001bb0	410ed793	srai	x15,x29,0x10	 x29:0xffffff38 x15=0xffffffff
      87715.000 ns	      8770	80001bb4	00885a93	srli	x21,x16,0x8	 x16:0x00000001 x21=0x00000000
      88075.000 ns	      8806	80001bb8	02ad6d33	rem	x26,x26,x10	 x26:0x00000000 x10:0xfffffd30 x26=0x00000000
      88095.000 ns	      8808	80001bbc	86235637	lui	x12,0x86235	 x12=0x86235000
      88115.000 ns	      8810	80001bc0	f00b0753	fmv.w.x	f14,x22	 x22:0x80041024 f14=0x80041024
      88135.000 ns	      8812	80001bc4	00bdf833	and	x16,x27,x11	 x27:0x00000000 x11:0x80000000 x16=0x00000000
      88155.000 ns	      8814	80001bc8	a14d9353	flt.s	x6,f27,f20	 f27:0x4efff7e0 f20:0xfcb8e3f2  x6=0x00000000
      88175.000 ns	      8816	80001bcc	211ea693	slti	x13,x29,529	 x29:0xffffff38 x13=0x00000001
      88195.000 ns	      8818	80001bd0	03ec3fb3	mulhu	x31,x24,x30	 x24:0x3e565000 x30:0x00000000 x31=0x00000000
      88215.000 ns	      8820	80001bd4	e13ae893	ori	x17,x21,-493	 x21:0x00000000 x17=0xfffffe13
      88235.000 ns	      8822	80001bd8	a19f1c53	flt.s	x24,f30,f25	 f30:0x7fc00000 f25:0x7fc00000 x24=0x00000000
      88265.000 ns	      8825	80001bdc	02d938b3	mulhu	x17,x18,x13	 x18:0x1e2bc000 x13:0x00000001 x17=0x00000000
      88295.000 ns	      8828	80001be0	031d6633	rem	x12,x26,x17	 x26:0x00000000 x17:0xfffffe13 x12=0x00000000
      88665.000 ns	      8865	80001be4	0328e3b3	rem	x7,x17,x18	 x17:0x00000000 x18:0x1e2bc000  x7=0x00000000
      88695.000 ns	      8868	80001be8	c009f453	fcvt.w.s	x8,f19	 f19:0xbf891236  x8=0x00000001
      88715.000 ns	      8870	80001bec	01c229b3	slt	x19,x4,x28	  x4:0x00000000 x28:0x78b31c2a x19=0x00000001
      88735.000 ns	      8872	80001bf0	026bfeb3	remu	x29,x23,x6	 x23:0x1e2bc000  x6:0x00000000 x29=0x1e2bc000
      88765.000 ns	      8875	80001bf4	d012f653	fcvt.s.wu	f12,x5	  x5:0x3e565000 f12=0x4e795940
      88785.000 ns	      8877	80001bf8	015e6eb3	or	x29,x28,x21	 x28:0x78b31c2a x21:0x00000000 x29=0x78b31c2a
      88795.000 ns	      8878	80001bfc	405854b3	sra	x9,x16,x5	 x16:0x00000000  x5:0x3e565000  x9=0x00000000
      88825.000 ns	      8881	80001c00	11f23c53	fmul.s	f24,f4,f31	  f4:0xcd82b900 f31:0x5d02b4da f24=0xeb057c96
      88845.000 ns	      8883	80001c04	0113b533	sltu	x10,x7,x17	  x7:0x00000000 x17:0x00000000 x10=0x00000000
      88865.000 ns	      8885	80001c08	03b03933	mulhu	x18,x0,x27	  x0:0x00000000 x27:0x00000000 x18=0x00000000
      88885.000 ns	      8887	80001c0c	00000013	addi	x0,x0,0	  x0:0x00000000
      88905.000 ns	      8889	80001c10	201b0fd3	fsgnj.s	f31,f22,f1	 f22:0x00000000  f1:0x80000000 f31=0x80000000
      88925.000 ns	      8891	80001c14	01ccbfb3	sltu	x31,x25,x28	 x25:0x00000000 x28:0x78b31c2a x31=0x00000001
      88945.000 ns	      8893	80001c18	028922b3	mulhsu	x5,x18,x8	 x18:0x00000000  x8:0x00000001  x5=0x00000000
      88975.000 ns	      8896	80001c1c	03994833	div	x16,x18,x25	 x18:0x00000000 x25:0x00000000 x16=0xffffffff
      89005.000 ns	      8899	80001c20	d01e7bd3	fcvt.s.wu	f23,x28	 x28:0x78b31c2a f23=0x4ef16638
      89025.000 ns	      8901	80001c24	96effa37	lui	x20,0x96eff	 x20=0x96eff000
      89035.000 ns	      8902	80001c28	013ebdb3	sltu	x27,x29,x19	 x29:0x78b31c2a x19:0x00000001 x27=0x00000000
      89045.000 ns	      8903	80001c2c	7d3b5097	auipc	x1,0x7d3b5	  x1=0xfd3b6c2c
      89055.000 ns	      8904	80001c30	41460033	sub	x0,x12,x20	 x12:0x00000000 x20:0x96eff000
      89065.000 ns	      8905	80001c34	400ed8b3	sra	x17,x29,x0	 x29:0x78b31c2a  x0:0x00000000 x17=0x78b31c2a
      89085.000 ns	      8907	80001c38	0201df33	divu	x30,x3,x0	  x3:0x00000000  x0:0x00000000 x30=0xffffffff
      89115.000 ns	      8910	80001c3c	a13786d3	fle.s	x13,f15,f19	 f15:0x7fc00000 f19:0xbf891236 x13=0x00000000
      89145.000 ns	      8913	80001c40	02d99cb3	mulh	x25,x19,x13	 x19:0x00000001 x13:0x00000001 x25=0x00000000
      89515.000 ns	      8950	80001c44	02bcd433	divu	x8,x25,x11	 x25:0x00000000 x11:0x80000000  x8=0x00000000
      89545.000 ns	      8953	80001c48	218a1853	fsgnjn.s	f16,f20,f24	 f20:0xfcb8e3f2 f24:0xeb057c96 f16=0x7cb8e3f2
      89565.000 ns	      8955	80001c4c	405e5e33	sra	x28,x28,x5	 x28:0x78b31c2a  x5:0x00000000 x28=0x78b31c2a
      89925.000 ns	      8991	80001c50	03f17fb3	remu	x31,x2,x31	  x2:0x80040fe4 x31:0x00000001 x31=0x00000000
      89945.000 ns	      8993	80001c54	01d5d013	srli	x0,x11,0x1d	 x11:0x80000000
      89965.000 ns	      8995	80001c58	026c3833	mulhu	x16,x24,x6	 x24:0x00000000  x6:0x00000000 x16=0x00000000
      89985.000 ns	      8997	80001c5c	4fc93a37	lui	x20,0x4fc93	 x20=0x4fc93000
      89995.000 ns	      8998	80001c60	00891793	slli	x15,x18,0x8	 x18:0x00000000 x15=0x00000000
      90025.000 ns	      9001	80001c64	103291d3	fmul.s	f3,f5,f3	  f5:0xcd82b900  f3:0x7fc00000  f3=0x7fc00000
      90075.000 ns	      9006	80001c68	081c3653	fsub.s	f12,f24,f1	 f24:0xeb057c96  f1:0x80000000 f12=0xeb057c96
      90095.000 ns	      9008	80001c6c	403cd293	srai	x5,x25,0x3	 x25:0x00000000  x5=0x00000000
      90135.000 ns	      9012	80001c70	00fa7253	fadd.s	f4,f20,f15	 f20:0xfcb8e3f2 f15:0x7fc00000  f4=0x7fc00000
      90165.000 ns	      9015	80001c74	a1c580d3	fle.s	x1,f11,f28	 f11:0x00000000 f28:0x00000000  x1=0x00000001
      90195.000 ns	      9018	80001c78	02ce5033	divu	x0,x28,x12	 x28:0x78b31c2a x12:0x00000000
      90215.000 ns	      9020	80001c7c	0194c2b3	xor	x5,x9,x25	  x9:0x00000000 x25:0x00000000  x5=0x00000000
      90235.000 ns	      9022	80001c80	e0068853	fmv.x.w	x16,f13	 f13:0x7fc00000 x16=0x7fc00000
      90265.000 ns	      9025	80001c84	d01f49d3	fcvt.s.wu	f19,x30	 x30:0xffffffff f19=0x4f800000
      90285.000 ns	      9027	80001c88	ca22ff93	andi	x31,x5,-862	  x5:0x00000000 x31=0x00000000
      90315.000 ns	      9030	80001c8c	192ec9d3	fdiv.s	f19,f29,f18	 f29:0x7fc00000 f18:0x800411b9 f19=0x7fc00000
      90335.000 ns	      9032	80001c90	a4974813	xori	x16,x14,-1463	 x14:0xfffff9d8 x16=0x00000391
      90345.000 ns	      9033	80001c94	67207637	lui	x12,0x67207	 x12=0x67207000
      90365.000 ns	      9035	80001c98	e00614d3	fclass.s	x9,f12	 f12:0xeb057c96  x9=0x00000002
      90405.000 ns	      9039	80001c9c	580a0453	fsqrt.s	f8,f20	 f20:0xfcb8e3f2  f8=0x7fc00000
      90435.000 ns	      9042	80001ca0	d00ac953	fcvt.s.w	f18,x21	 x21:0x00000000 f18=0x00000000
      90485.000 ns	      9047	80001ca4	0117f9d3	fadd.s	f19,f15,f17	 f15:0x7fc00000 f17:0xcefff7e0 f19=0x7fc00000
      90505.000 ns	      9049	80001ca8	00d5bf33	sltu	x30,x11,x13	 x11:0x80000000 x13:0x00000000 x30=0x00000000
      90515.000 ns	      9050	80001cac	40d75b93	srai	x23,x14,0xd	 x14:0xfffff9d8 x23=0xffffffff
      90535.000 ns	      9052	80001cb0	03e19633	mulh	x12,x3,x30	  x3:0x00000000 x30:0xffffffff x12=0x00000000
      90555.000 ns	      9054	80001cb4	40105693	srai	x13,x0,0x1	  x0:0x00000000 x13=0x00000000
      90565.000 ns	      9055	80001cb8	01439c13	slli	x24,x7,0x14	  x7:0x00000000 x24=0x00000000
      90585.000 ns	      9057	80001cbc	21289e53	fsgnjn.s	f28,f17,f18	 f17:0xcefff7e0 f18:0x00000000 f28=0xcefff7e0
      90615.000 ns	      9060	80001cc0	a18a9ad3	flt.s	x21,f21,f24	 f21:0x7cb8e3f2 f24:0xeb057c96 x21=0x00000000
      90655.000 ns	      9064	80001cc4	112474d3	fmul.s	f9,f8,f18	  f8:0x7fc00000 f18:0x00000000  f9=0x7fc00000
      90685.000 ns	      9067	80001cc8	021eb033	mulhu	x0,x29,x1	 x29:0x78b31c2a  x1:0x00000001
      91055.000 ns	      9104	80001ccc	03c86c33	rem	x24,x16,x28	 x16:0x00000391 x28:0x78b31c2a x24=0x00000391
      91085.000 ns	      9107	80001cd0	e0031bd3	fclass.s	x23,f6	  f6:0x80000000 x23=0x00000008
      91135.000 ns	      9112	80001cd4	08e44ad3	fsub.s	f21,f8,f14	  f8:0x7fc00000 f14:0x80041024 f21=0x7fc00000
      91155.000 ns	      9114	80001cd8	66678db7	lui	x27,0x66678	 x27=0x66678000
      91165.000 ns	      9115	80001cdc	adec6f93	ori	x31,x24,-1314	 x24:0x00000391 x31=0xfffffbdf
      91175.000 ns	      9116	80001ce0	00000013	addi	x0,x0,0	  x0:0x00000000
      91185.000 ns	      9117	80001ce4	961c4513	xori	x10,x24,-1695	 x24:0x00000391 x10=0xfffffaf0
      91195.000 ns	      9118	80001ce8	00645893	srli	x17,x8,0x6	  x8:0x00000000 x17=0x00000000
      91215.000 ns	      9120	80001cec	02190033	mul	x0,x18,x1	 x18:0x00000000  x1:0x00000001
      91245.000 ns	      9123	80001cf0	f00e8153	fmv.w.x	f2,x29	 x29:0x78b31c2a  f2=0x78b31c2a
      91295.000 ns	      9128	80001cf4	0074b453	fadd.s	f8,f9,f7	  f9:0x7fc00000  f7:0x800411b9  f8=0x7fc00000
      91325.000 ns	      9131	80001cf8	21ba19d3	fsgnjn.s	f19,f20,f27	 f20:0xfcb8e3f2 f27:0x4efff7e0 f19=0xfcb8e3f2
      91345.000 ns	      9133	80001cfc	40625713	srai	x14,x4,0x6	  x4:0x00000000 x14=0x00000000
      91365.000 ns	      9135	80001d00	d016aad3	fcvt.s.wu	f21,x13	 x13:0x00000000 f21=0x00000000
      91395.000 ns	      9138	80001d04	02561933	mulh	x18,x12,x5	 x12:0x00000000  x5:0x00000000 x18=0x00000000
      91415.000 ns	      9140	80001d08	40bfd893	srai	x17,x31,0xb	 x31:0xfffffbdf x17=0xffffffff
      91435.000 ns	      9142	80001d0c	a1069bd3	flt.s	x23,f13,f16	 f13:0x7fc00000 f16:0x7cb8e3f2 x23=0x00000000
      91455.000 ns	      9144	80001d10	01655eb3	srl	x29,x10,x22	 x10:0xfffffaf0 x22:0x80041024 x29=0x0fffffaf
      91475.000 ns	      9146	80001d14	034c8bb3	mul	x23,x25,x20	 x25:0x00000000 x20:0x4fc93000 x23=0x00000000
      91495.000 ns	      9148	80001d18	3db9e293	ori	x5,x19,987	 x19:0x00000001  x5=0x000003db
      91505.000 ns	      9149	80001d1c	85cd3313	sltiu	x6,x26,-1956	 x26:0x00000000  x6=0x00000001
      91515.000 ns	      9150	80001d20	41310eb3	sub	x29,x2,x19	  x2:0x80040fe4 x19:0x00000001 x29=0x80040fe3
      91535.000 ns	      9152	80001d24	f0028b53	fmv.w.x	f22,x5	  x5:0x000003db f22=0x000003db
      91565.000 ns	      9155	80001d28	28de19d3	fmax.s	f19,f28,f13	 f28:0xcefff7e0 f13:0x7fc00000 f19=0xcefff7e0
      92745.000 ns	      9273	80001d2c	580baf53	fsqrt.s	f30,f23	 f23:0x4ef16638 f30=0x472fc803
      92785.000 ns	      9277	80001d30	18b4f5d3	fdiv.s	f11,f9,f11	  f9:0x7fc00000 f11:0x00000000 f11=0x7fc00000
      92805.000 ns	      9279	80001d34	41d1d033	sra	x0,x3,x29	  x3:0x00000000 x29:0x80040fe3
      92825.000 ns	      9281	80001d38	21d804d3	fsgnj.s	f9,f16,f29	 f16:0x7cb8e3f2 f29:0x7fc00000  f9=0x7cb8e3f2
      92845.000 ns	      9283	80001d3c	a9eebf93	sltiu	x31,x29,-1378	 x29:0x80040fe3 x31=0x00000001
      92855.000 ns	      9284	80001d40	00c8a7b3	slt	x15,x17,x12	 x17:0xffffffff x12:0x00000000 x15=0x00000001
      92875.000 ns	      9286	80001d44	e0059ed3	fclass.s	x29,f11	 f11:0x7fc00000 x29=0x00000200
      92905.000 ns	      9289	80001d48	a1f92953	feq.s	x18,f18,f31	 f18:0x00000000 f31:0x80000000 x18=0x00000001
      92935.000 ns	      9292	80001d4c	c01d70d3	fcvt.wu.s	x1,f26	 f26:0x7fc00000  x1=0xffffffff
      92965.000 ns	      9295	80001d50	a08d1453	flt.s	x8,f26,f8	 f26:0x7fc00000  f8:0x7fc00000  x8=0x00000000
      92985.000 ns	      9297	80001d54	b7f92093	slti	x1,x18,-1153	 x18:0x00000001  x1=0x00000000
      92995.000 ns	      9298	80001d58	eb3a9bb7	lui	x23,0xeb3a9	 x23=0xeb3a9000
      93015.000 ns	      9300	80001d5c	028ab4b3	mulhu	x9,x21,x8	 x21:0x00000000  x8:0x00000000  x9=0x00000000
      93045.000 ns	      9303	80001d60	a1142353	feq.s	x6,f8,f17	  f8:0x7fc00000 f17:0xcefff7e0  x6=0x00000000
      93065.000 ns	      9305	80001d64	d19cd197	auipc	x3,0xd19cd	  x3=0x519ced64
      93075.000 ns	      9306	80001d68	0964c913	xori	x18,x9,150	  x9:0x00000000 x18=0x00000096
      93085.000 ns	      9307	80001d6c	01f0e833	or	x16,x1,x31	  x1:0x00000000 x31:0x00000001 x16=0x00000001
      93125.000 ns	      9311	80001d70	0836ccd3	fsub.s	f25,f13,f3	 f13:0x7fc00000  f3:0x7fc00000 f25=0x7fc00000
      93155.000 ns	      9314	80001d74	c0027d53	fcvt.w.s	x26,f4	  f4:0x7fc00000 x26=0x7fffffff
      93185.000 ns	      9317	80001d78	213dad53	fsgnjx.s	f26,f27,f19	 f27:0x4efff7e0 f19:0xcefff7e0 f26=0xcefff7e0
      93205.000 ns	      9319	80001d7c	01691733	sll	x14,x18,x22	 x18:0x00000096 x22:0x80041024 x14=0x00000960
      93225.000 ns	      9321	80001d80	02de20b3	mulhsu	x1,x28,x13	 x28:0x78b31c2a x13:0x00000000  x1=0x00000000
      93245.000 ns	      9323	80001d84	007d9a33	sll	x20,x27,x7	 x27:0x66678000  x7:0x00000000 x20=0x66678000
      93265.000 ns	      9325	80001d88	c01f79d3	fcvt.wu.s	x19,f30	 f30:0x472fc803 x19=0x0000afc8
      93295.000 ns	      9328	80001d8c	a19a9e53	flt.s	x28,f21,f25	 f21:0x00000000 f25:0x7fc00000 x28=0x00000000
      93315.000 ns	      9330	80001d90	01299eb3	sll	x29,x19,x18	 x19:0x0000afc8 x18:0x00000096 x29=0xf2000000
      93335.000 ns	      9332	80001d94	e00b9c53	fclass.s	x24,f23	 f23:0x4ef16638 x24=0x00000040
      93355.000 ns	      9334	80001d98	011931b3	sltu	x3,x18,x17	 x18:0x00000096 x17:0xffffffff  x3=0x00000001
      93385.000 ns	      9337	80001d9c	10aafad3	fmul.s	f21,f21,f10	 f21:0x00000000 f10:0x3f891236 f21=0x00000000
      93415.000 ns	      9340	80001da0	0265f433	remu	x8,x11,x6	 x11:0x80000000  x6:0x00000000  x8=0x80000000
      93785.000 ns	      9377	80001da4	03bed933	divu	x18,x29,x27	 x29:0xf2000000 x27:0x66678000 x18=0x00000002
      93815.000 ns	      9380	80001da8	0322a933	mulhsu	x18,x5,x18	  x5:0x000003db x18:0x00000096 x18=0x00000000
      93835.000 ns	      9382	80001dac	0087ee33	or	x28,x15,x8	 x15:0x00000001  x8:0x80000000 x28=0x80000001
      93855.000 ns	      9384	80001db0	a18587d3	fle.s	x15,f11,f24	 f11:0x7fc00000 f24:0xeb057c96 x15=0x00000000
      93875.000 ns	      9386	80001db4	34f7beb7	lui	x29,0x34f7b	 x29=0x34f7b000
      93895.000 ns	      9388	80001db8	e0060653	fmv.x.w	x12,f12	 f12:0xeb057c96 x12=0xeb057c96
      93915.000 ns	      9390	80001dbc	dd5c3297	auipc	x5,0xdd5c3	  x5=0x5d5c4dbc
      93925.000 ns	      9391	80001dc0	00037733	and	x14,x6,x0	  x6:0x00000000  x0:0x00000000 x14=0x00000000
      93945.000 ns	      9393	80001dc4	020d7033	remu	x0,x26,x0	 x26:0x7fffffff  x0:0x00000000
      93975.000 ns	      9396	80001dc8	e0080953	fmv.x.w	x18,f16	 f16:0x7cb8e3f2 x18=0x7cb8e3f2
      93995.000 ns	      9398	80001dcc	44284013	xori	x0,x16,1090	 x16:0x00000001
      94025.000 ns	      9401	80001dd0	580efb53	fsqrt.s	f22,f29	 f29:0x7fc00000 f22=0x7fc00000
      94045.000 ns	      9403	80001dd4	530a4b93	xori	x23,x20,1328	 x20:0x66678000 x23=0x66678530
      94055.000 ns	      9404	80001dd8	015cdc33	srl	x24,x25,x21	 x25:0x00000000 x21:0x00000000 x24=0x00000000
      94075.000 ns	      9406	80001ddc	c00144d3	fcvt.w.s	x9,f2	  f2:0x78b31c2a  x9=0x7fffffff
      94095.000 ns	      9408	80001de0	aef30513	addi	x10,x6,-1297	  x6:0x00000000 x10=0xfffffaef
      94105.000 ns	      9409	80001de4	b5486713	ori	x14,x16,-1196	 x16:0x00000001 x14=0xfffffb55
      94125.000 ns	      9411	80001de8	e00b9d53	fclass.s	x26,f23	 f23:0x4ef16638 x26=0x00000040
      94145.000 ns	      9413	80001dec	40a1dd93	srai	x27,x3,0xa	  x3:0x00000001 x27=0x00000000
      94155.000 ns	      9414	80001df0	1b862713	slti	x14,x12,440	 x12:0xeb057c96 x14=0x00000001
      94165.000 ns	      9415	80001df4	4031d033	sra	x0,x3,x3	  x3:0x00000001  x3:0x00000001
      94185.000 ns	      9417	80001df8	a0752e53	feq.s	x28,f10,f7	 f10:0x3f891236  f7:0x800411b9 x28=0x00000000
      94215.000 ns	      9420	80001dfc	f00189d3	fmv.w.x	f19,x3	  x3:0x00000001 f19=0x00000001
      94245.000 ns	      9423	80001e00	a0089853	flt.s	x16,f17,f0	 f17:0xcefff7e0  f0:0x3f891236 x16=0x00000001
      94275.000 ns	      9426	80001e04	219f2653	fsgnjx.s	f12,f30,f25	 f30:0x472fc803 f25:0x7fc00000 f12=0x472fc803
      94295.000 ns	      9428	80001e08	002c0733	add	x14,x24,x2	 x24:0x00000000  x2:0x80040fe4 x14=0x80040fe4
      94305.000 ns	      9429	80001e0c	40ba8433	sub	x8,x21,x11	 x21:0x00000000 x11:0x80000000  x8=0x80000000
      94315.000 ns	      9430	80001e10	00e39833	sll	x16,x7,x14	  x7:0x00000000 x14:0x00000001 x16=0x00000000
      94325.000 ns	      9431	80001e14	2fa88213	addi	x4,x17,762	 x17:0xffffffff  x4=0x000002f9
      94335.000 ns	      9432	80001e18	50ca8197	auipc	x3,0x50ca8	  x3=0xd0ca9e18
      94345.000 ns	      9433	80001e1c	411e5013	srai	x0,x28,0x11	 x28:0x00000000
      94365.000 ns	      9435	80001e20	03ed8733	mul	x14,x27,x30	 x27:0x00000000 x30:0x00000000 x14=0x00000000
      94735.000 ns	      9472	80001e24	034fea33	rem	x20,x31,x20	 x31:0x00000001 x20:0x66678000 x20=0x00000001
      94765.000 ns	      9475	80001e28	a1f11053	flt.s	x0,f2,f31	  f2:0x78b31c2a f31:0x80000000
      94795.000 ns	      9478	80001e2c	02490a33	mul	x20,x18,x4	 x18:0x7cb8e3f2  x4:0x000002f9 x20=0xc19d9a62
      94825.000 ns	      9481	80001e30	e0069553	fclass.s	x10,f13	 f13:0x7fc00000 x10=0x00000200
      94845.000 ns	      9483	80001e34	005f5933	srl	x18,x30,x5	 x30:0x00000000  x5:0x5d5c4dbc x18=0x00000000
      94865.000 ns	      9485	80001e38	022b2ab3	mulhsu	x21,x22,x2	 x22:0x80041024  x2:0x80040fe4 x21=0xc0000030
      94885.000 ns	      9487	80001e3c	c7f50213	addi	x4,x10,-897	 x10:0x00000200  x4=0xfffffe7f
      94895.000 ns	      9488	80001e40	00000013	addi	x0,x0,0	  x0:0x00000000
      94915.000 ns	      9490	80001e44	2037add3	fsgnjx.s	f27,f15,f3	 f15:0x7fc00000  f3:0x7fc00000 f27=0x7fc00000
      94945.000 ns	      9493	80001e48	21ca1cd3	fsgnjn.s	f25,f20,f28	 f20:0xfcb8e3f2 f28:0xcefff7e0 f25=0x7cb8e3f2
      94965.000 ns	      9495	80001e4c	ac836d93	ori	x27,x6,-1336	  x6:0x00000000 x27=0xfffffac8
      94985.000 ns	      9497	80001e50	03e139b3	mulhu	x19,x2,x30	  x2:0x80040fe4 x30:0x00000000 x19=0x00000000
      95015.000 ns	      9500	80001e54	037526b3	mulhsu	x13,x10,x23	 x10:0x00000200 x23:0x66678530 x13=0x000000cc
      95055.000 ns	      9504	80001e58	580df4d3	fsqrt.s	f9,f27	 f27:0x7fc00000  f9=0x7fc00000
      95085.000 ns	      9507	80001e5c	2054a2d3	fsgnjx.s	f5,f9,f5	  f9:0x7cb8e3f2  f5:0xcd82b900  f5=0xffc00000
      95115.000 ns	      9510	80001e60	a118a2d3	feq.s	x5,f17,f17	 f17:0xcefff7e0 f17:0xcefff7e0  x5=0x00000001
      95155.000 ns	      9514	80001e64	58088953	fsqrt.s	f18,f17	 f17:0xcefff7e0 f18=0x7fc00000
      95185.000 ns	      9517	80001e68	03e9f2b3	remu	x5,x19,x30	 x19:0x00000000 x30:0x00000000  x5=0x00000000
      95215.000 ns	      9520	80001e6c	f00a0553	fmv.w.x	f10,x20	 x20:0xc19d9a62 f10=0xc19d9a62
      95245.000 ns	      9523	80001e70	02c62433	mulhsu	x8,x12,x12	 x12:0xeb057c96 x12:0xeb057c96  x8=0xecbd9643
      95275.000 ns	      9526	80001e74	e00c1253	fclass.s	x4,f24	 f24:0xeb057c96  x4=0x00000002
      95295.000 ns	      9528	80001e78	333cb397	auipc	x7,0x333cb	  x7=0xb33cce78
      95315.000 ns	      9530	80001e7c	d016b253	fcvt.s.wu	f4,x13	 x13:0x000000cc  f4=0x434c0000
      95345.000 ns	      9533	80001e80	a02e2053	feq.s	x0,f28,f2	 f28:0xcefff7e0  f2:0x78b31c2a
      95375.000 ns	      9536	80001e84	02c880b3	mul	x1,x17,x12	 x17:0xffffffff x12:0xeb057c96  x1=0x14fa836a
      95395.000 ns	      9538	80001e88	3cc6c717	auipc	x14,0x3cc6c	 x14=0xbcc6de88
      95415.000 ns	      9540	80001e8c	c008ff53	fcvt.w.s	x30,f17	 f17:0xcefff7e0 x30=0x7ffbf000
      95445.000 ns	      9543	80001e90	e00c0a53	fmv.x.w	x20,f24	 f24:0xeb057c96 x20=0xeb057c96
      95465.000 ns	      9545	80001e94	000d1293	slli	x5,x26,0x0	 x26:0x00000040  x5=0x00000040
      95475.000 ns	      9546	80001e98	3f8acd13	xori	x26,x21,1016	 x21:0xc0000030 x26=0xc00003c8
      95485.000 ns	      9547	80001e9c	4c02f313	andi	x6,x5,1216	  x5:0x00000000  x6=0x00000040
      95495.000 ns	      9548	80001ea0	5f34c793	xori	x15,x9,1523	  x9:0x7fffffff x15=0x7ffffa0c
      95505.000 ns	      9549	80001ea4	0082da33	srl	x20,x5,x8	  x5:0x00000040  x8:0xecbd9643 x20=0x00000008
      95515.000 ns	      9550	80001ea8	10efe513	ori	x10,x31,270	 x31:0x00000001 x10=0x0000010f
      95535.000 ns	      9552	80001eac	03b80eb3	mul	x29,x16,x27	 x16:0x00000000 x27:0xfffffac8 x29=0x00000000
      95565.000 ns	      9555	80001eb0	a04996d3	flt.s	x13,f19,f4	 f19:0x00000001  f4:0x434c0000 x13=0x00000001
      95585.000 ns	      9557	80001eb4	007dce33	xor	x28,x27,x7	 x27:0xfffffac8  x7:0xb33cce78 x28=0x4cc334b0
      95595.000 ns	      9558	80001eb8	01605193	srli	x3,x0,0x16	  x0:0x00000000  x3=0x00000000
      95615.000 ns	      9560	80001ebc	023a1db3	mulh	x27,x20,x3	 x20:0x00000008  x3:0xd0ca9e18 x27=0x00000000
      95635.000 ns	      9562	80001ec0	0022d333	srl	x6,x5,x2	  x5:0x00000040  x2:0x80040fe4  x6=0x00000004
      95655.000 ns	      9564	80001ec4	a10f16d3	flt.s	x13,f30,f16	 f30:0x472fc803 f16:0x7cb8e3f2 x13=0x00000001
      95675.000 ns	      9566	80001ec8	408ed613	srai	x12,x29,0x8	 x29:0x00000000 x12=0x00000000
      95685.000 ns	      9567	80001ecc	004d2c33	slt	x24,x26,x4	 x26:0xc00003c8  x4:0x00000002 x24=0x00000001
      95705.000 ns	      9569	80001ed0	03c39933	mulh	x18,x7,x28	  x7:0xb33cce78 x28:0x4cc334b0 x18=0xe8fb84d0
      95735.000 ns	      9572	80001ed4	02fdb833	mulhu	x16,x27,x15	 x27:0x00000000 x15:0x7ffffa0c x16=0x00000000
      95755.000 ns	      9574	80001ed8	b8cfa613	slti	x12,x31,-1140	 x31:0x00000001 x12=0x00000000
      95765.000 ns	      9575	80001edc	1275c513	xori	x10,x11,295	 x11:0x80000000 x10=0x80000127
      95785.000 ns	      9577	80001ee0	d017cfd3	fcvt.s.wu	f31,x15	 x15:0x7ffffa0c f31=0x4efffff4
      95815.000 ns	      9580	80001ee4	e0018fd3	fmv.x.w	x31,f3	  f3:0x7fc00000 x31=0x7fc00000
      95835.000 ns	      9582	80001ee8	0245cd13	xori	x26,x11,36	 x11:0x80000000 x26=0x80000024
      95845.000 ns	      9583	80001eec	01a49693	slli	x13,x9,0x1a	  x9:0x7fffffff x13=0xfc000000
      95865.000 ns	      9585	80001ef0	02ec2833	mulhsu	x16,x24,x14	 x24:0x00000001 x14:0xbcc6de88 x16=0x00000000
      95895.000 ns	      9588	80001ef4	03863ab3	mulhu	x21,x12,x24	 x12:0x00000000 x24:0x00000001 x21=0x00000000
      95945.000 ns	      9593	80001ef8	09c98853	fsub.s	f16,f19,f28	 f19:0x00000001 f28:0xcefff7e0 f16=0x4efff7e0
      95975.000 ns	      9596	80001efc	a16c19d3	flt.s	x19,f24,f22	 f24:0xeb057c96 f22:0x7fc00000 x19=0x00000000
      95995.000 ns	      9598	80001f00	40f4dcb3	sra	x25,x9,x15	  x9:0x7fffffff x15:0x7ffffa0c x25=0x0007ffff
      96005.000 ns	      9599	80001f04	01201a93	slli	x21,x0,0x12	  x0:0x00000000 x21=0x00000000
      96025.000 ns	      9601	80001f08	d01c73d3	fcvt.s.wu	f7,x24	 x24:0x00000001  f7=0x3f800000
      96055.000 ns	      9604	80001f0c	d0099053	fcvt.s.w	f0,x19	 x19:0x00000000  f0=0x00000000
      96075.000 ns	      9606	80001f10	012df333	and	x6,x27,x18	 x27:0x00000000 x18:0xe8fb84d0  x6=0x00000000
      96095.000 ns	      9608	80001f14	0209aeb3	mulhsu	x29,x19,x0	 x19:0x00000000  x0:0x00000000 x29=0x00000000
      97275.000 ns	      9726	80001f18	5809f353	fsqrt.s	f6,f19	 f19:0x00000001  f6=0x1f350483
      97305.000 ns	      9729	80001f1c	0323a2b3	mulhsu	x5,x7,x18	  x7:0xb33cce78 x18:0xe8fb84d0  x5=0xba23afe8
      97325.000 ns	      9731	80001f20	0061ac33	slt	x24,x3,x6	  x3:0x00000000  x6:0x00000000 x24=0x00000000
      97335.000 ns	      9732	80001f24	01eccfb3	xor	x31,x25,x30	 x25:0x0007ffff x30:0x7ffbf000 x31=0x7ffc0fff
      97355.000 ns	      9734	80001f28	d0103a53	fcvt.s.wu	f20,x0	  x0:0x00000000 f20=0x00000000
      97385.000 ns	      9737	80001f2c	d00f0a53	fcvt.s.w	f20,x30	 x30:0x7ffbf000 f20=0x4efff7e0
      97425.000 ns	      9741	80001f30	1135f7d3	fmul.s	f15,f11,f19	 f11:0x7fc00000 f19:0x00000001 f15=0x7fc00000
      97445.000 ns	      9743	80001f34	41c60333	sub	x6,x12,x28	 x12:0x00000000 x28:0x4cc334b0  x6=0xb33ccb50
      97465.000 ns	      9745	80001f38	21461c53	fsgnjn.s	f24,f12,f20	 f12:0x472fc803 f20:0x4efff7e0 f24=0xc72fc803
      97485.000 ns	      9747	80001f3c	41830c33	sub	x24,x6,x24	  x6:0x00000000 x24:0x00000000 x24=0xb33ccb50
      97505.000 ns	      9749	80001f40	c0128953	fcvt.wu.s	x18,f5	  f5:0xffc00000 x18=0xffffffff
      97525.000 ns	      9751	80001f44	00bdd533	srl	x10,x27,x11	 x27:0x00000000 x11:0x80000000 x10=0x00000000
      97535.000 ns	      9752	80001f48	01645033	srl	x0,x8,x22	  x8:0xecbd9643 x22:0x80041024
      97545.000 ns	      9753	80001f4c	004a62b3	or	x5,x20,x4	 x20:0x00000008  x4:0x00000002  x5=0x0000000a
      97565.000 ns	      9755	80001f50	d01403d3	fcvt.s.wu	f7,x8	  x8:0xecbd9643  f7=0x4f6cbd96
      97595.000 ns	      9758	80001f54	03581bb3	mulh	x23,x16,x21	 x16:0x00000000 x21:0x00000000 x23=0x00000000
      97625.000 ns	      9761	80001f58	297612d3	fmax.s	f5,f12,f23	 f12:0x472fc803 f23:0x4ef16638  f5=0x4ef16638
      97645.000 ns	      9763	80001f5c	00e19d93	slli	x27,x3,0xe	  x3:0x00000000 x27=0x00000000
      97665.000 ns	      9765	80001f60	0352ad33	mulhsu	x26,x5,x21	  x5:0x0000000a x21:0x00000000 x26=0x00000000
      97685.000 ns	      9767	80001f64	00000013	addi	x0,x0,0	  x0:0x00000000
      97705.000 ns	      9769	80001f68	e00701d3	fmv.x.w	x3,f14	 f14:0x80041024  x3=0x80041024
      97735.000 ns	      9772	80001f6c	a0c40e53	fle.s	x28,f8,f12	  f8:0x7fc00000 f12:0x472fc803 x28=0x00000000
      97755.000 ns	      9774	80001f70	01668d33	add	x26,x13,x22	 x13:0xfc000000 x22:0x80041024 x26=0x7c041024
      97765.000 ns	      9775	80001f74	00000013	addi	x0,x0,0	  x0:0x00000000
      97775.000 ns	      9776	80001f78	005f1093	slli	x1,x30,0x5	 x30:0x7ffbf000  x1=0xff7e0000
      97785.000 ns	      9777	80001f7c	40dd01b3	sub	x3,x26,x13	 x26:0x7c041024 x13:0xfc000000  x3=0x80041024
      97795.000 ns	      9778	80001f80	0034d993	srli	x19,x9,0x3	  x9:0x7fffffff x19=0x0fffffff
      97815.000 ns	      9780	80001f84	0302a933	mulhsu	x18,x5,x16	  x5:0x0000000a x16:0x00000000 x18=0x00000000
      97855.000 ns	      9784	80001f88	10d47dd3	fmul.s	f27,f8,f13	  f8:0x7fc00000 f13:0x7fc00000 f27=0x7fc00000
      97885.000 ns	      9787	80001f8c	c01df453	fcvt.wu.s	x8,f27	 f27:0x7fc00000  x8=0xffffffff
      97905.000 ns	      9789	80001f90	9aaf4e93	xori	x29,x30,-1622	 x30:0x7ffbf000 x29=0x800409aa
      97915.000 ns	      9790	80001f94	bd476297	auipc	x5,0xbd476	  x5=0x3d477f94
      97945.000 ns	      9793	80001f98	191da953	fdiv.s	f18,f27,f17	 f27:0x7fc00000 f17:0xcefff7e0 f18=0x7fc00000
      97975.000 ns	      9796	80001f9c	29e10b53	fmin.s	f22,f2,f30	  f2:0x78b31c2a f30:0x472fc803 f22=0x472fc803
      98315.000 ns	      9830	80001fa0	18760553	fdiv.s	f10,f12,f7	 f12:0x472fc803  f7:0x4f6cbd96 f10=0x372fc804
      98345.000 ns	      9833	80001fa4	e00d9a53	fclass.s	x20,f27	 f27:0x7fc00000 x20=0x00000200
      98365.000 ns	      9835	80001fa8	40c18cb3	sub	x25,x3,x12	  x3:0x80041024 x12:0x00000000 x25=0x80041024
      98395.000 ns	      9838	80001fac	19468cd3	fdiv.s	f25,f13,f20	 f13:0x7fc00000 f20:0x4efff7e0 f25=0x7fc00000
      98425.000 ns	      9841	80001fb0	20e189d3	fsgnj.s	f19,f3,f14	  f3:0x7fc00000 f14:0x80041024 f19=0xffc00000
      98795.000 ns	      9878	80001fb4	0330f033	remu	x0,x1,x19	  x1:0xff7e0000 x19:0x0fffffff
      98825.000 ns	      9881	80001fb8	209180d3	fsgnj.s	f1,f3,f9	  f3:0x7fc00000  f9:0x7fc00000  f1=0x7fc00000
      98845.000 ns	      9883	80001fbc	d8d17d93	andi	x27,x2,-627	  x2:0x80040fe4 x27=0x80040d84
      98885.000 ns	      9887	80001fc0	01cd3b53	fadd.s	f22,f26,f28	 f26:0xcefff7e0 f28:0xcefff7e0 f22=0xcf7ff7e0
      98905.000 ns	      9889	80001fc4	411f8db3	sub	x27,x31,x17	 x31:0x7ffc0fff x17:0xffffffff x27=0x7ffc1000
      98925.000 ns	      9891	80001fc8	212e98d3	fsgnjn.s	f17,f29,f18	 f29:0x7fc00000 f18:0x7fc00000 f17=0xffc00000
      98945.000 ns	      9893	80001fcc	71c7eb93	ori	x23,x15,1820	 x15:0x7ffffa0c x23=0x7fffff1c
      98955.000 ns	      9894	80001fd0	00ff5d33	srl	x26,x30,x15	 x30:0x7ffbf000 x15:0x7ffffa0c x26=0x0007ffbf
      98965.000 ns	      9895	80001fd4	01f01f13	slli	x30,x0,0x1f	  x0:0x00000000 x30=0x00000000
      98975.000 ns	      9896	80001fd8	40fadc33	sra	x24,x21,x15	 x21:0x00000000 x15:0x7ffffa0c x24=0x00000000
      98995.000 ns	      9898	80001fdc	206d0fd3	fsgnj.s	f31,f26,f6	 f26:0xcefff7e0  f6:0x1f350483 f31=0x4efff7e0
      99045.000 ns	      9903	80001fe0	09a10353	fsub.s	f6,f2,f26	  f2:0x78b31c2a f26:0xcefff7e0  f6=0x78b31c2a
      99065.000 ns	      9905	80001fe4	00a5cab3	xor	x21,x11,x10	 x11:0x80000000 x10:0x00000000 x21=0x80000000
      99425.000 ns	      9941	80001fe8	035d46b3	div	x13,x26,x21	 x26:0x0007ffbf x21:0x00000000 x13=0x00000000
      99465.000 ns	      9945	80001fec	19c41553	fdiv.s	f10,f8,f28	  f8:0x7fc00000 f28:0xcefff7e0 f10=0x7fc00000
      99495.000 ns	      9948	80001ff0	02c2d4b3	divu	x9,x5,x12	  x5:0x3d477f94 x12:0x00000000  x9=0xffffffff
      99535.000 ns	      9952	80001ff4	580cfd53	fsqrt.s	f26,f25	 f25:0x7fc00000 f26=0x7fc00000
      99555.000 ns	      9954	80001ff8	015bf7b3	and	x15,x23,x21	 x23:0x7fffff1c x21:0x80000000 x15=0x00000000
      99575.000 ns	      9956	80001ffc	02f7dbb3	divu	x23,x15,x15	 x15:0x7ffffa0c x15:0x7ffffa0c x23=0xffffffff
      99595.000 ns	      9958	80002000	01199033	sll	x0,x19,x17	 x19:0x0fffffff x17:0xffffffff
      99605.000 ns	      9959	80002004	01363333	sltu	x6,x12,x19	 x12:0x00000000 x19:0x0fffffff  x6=0x00000001
      99625.000 ns	      9961	80002008	e0039ed3	fclass.s	x29,f7	  f7:0x4f6cbd96 x29=0x00000040
      99645.000 ns	      9963	8000200c	01269713	slli	x14,x13,0x12	 x13:0x00000000 x14=0x00000000
      99665.000 ns	      9965	80002010	d0027f53	fcvt.s.w	f30,x4	  x4:0x00000002 f30=0x40000000
      99685.000 ns	      9967	80002014	41498d33	sub	x26,x19,x20	 x19:0x0fffffff x20:0x00000200 x26=0x0ffffdff
      99705.000 ns	      9969	80002018	a068a7d3	feq.s	x15,f17,f6	 f17:0xffc00000  f6:0x78b31c2a x15=0x00000000
      99735.000 ns	      9972	8000201c	03fa8c33	mul	x24,x21,x31	 x21:0x80000000 x31:0x7ffc0fff x24=0x80000000
      99755.000 ns	      9974	80002020	0086fd33	and	x26,x13,x8	 x13:0x00000000  x8:0xffffffff x26=0x00000000
      99765.000 ns	      9975	80002024	8d86ac93	slti	x25,x13,-1832	 x13:0x00000000 x25=0x00000000
      99805.000 ns	      9979	80002028	01d11b53	fadd.s	f22,f2,f29	  f2:0x78b31c2a f29:0x7fc00000 f22=0x7fc00000
      99835.000 ns	      9982	8000202c	03e37933	remu	x18,x6,x30	  x6:0x00000001 x30:0x00000000 x18=0x00000001
     100205.000 ns	     10019	80002030	03dafcb3	remu	x25,x21,x29	 x21:0x80000000 x29:0x00000040 x25=0x00000000
     100235.000 ns	     10022	80002034	d008b1d3	fcvt.s.w	f3,x17	 x17:0xffffffff  f3=0xbf800000
     100255.000 ns	     10024	80002038	95b659b7	lui	x19,0x95b65	 x19=0x95b65000
     100265.000 ns	     10025	8000203c	001af433	and	x8,x21,x1	 x21:0x80000000  x1:0xff7e0000  x8=0x80000000
     100625.000 ns	     10061	80002040	022ac9b3	div	x19,x21,x2	 x21:0x80000000  x2:0x80040fe4 x19=0x00000001
     100645.000 ns	     10063	80002044	0193d493	srli	x9,x7,0x19	  x7:0xb33cce78  x9=0x00000059
     100665.000 ns	     10065	80002048	029eb733	mulhu	x14,x29,x9	 x29:0x00000040  x9:0xffffffff x14=0x00000000
     100685.000 ns	     10067	8000204c	a95babb7	lui	x23,0xa95ba	 x23=0xa95ba000
     100705.000 ns	     10069	80002050	a0619ad3	flt.s	x21,f3,f6	  f3:0xbf800000  f6:0x78b31c2a x21=0x00000001
     100725.000 ns	     10071	80002054	2f92af93	slti	x31,x5,761	  x5:0x3d477f94 x31=0x00000000
     100745.000 ns	     10073	80002058	20a42e53	fsgnjx.s	f28,f8,f10	  f8:0x7fc00000 f10:0x7fc00000 f28=0x7fc00000
     101925.000 ns	     10191	8000205c	580f72d3	fsqrt.s	f5,f30	 f30:0x40000000  f5=0x3f350482
     101945.000 ns	     10193	80002060	0ccba393	slti	x7,x23,204	 x23:0xa95ba000  x7=0x00000001
     101955.000 ns	     10194	80002064	00000013	addi	x0,x0,0	  x0:0x00000000
     101975.000 ns	     10196	80002068	02beadb3	mulhsu	x27,x29,x11	 x29:0x00000040 x11:0x80000000 x27=0x00000020
     101995.000 ns	     10198	8000206c	01b5df93	srli	x31,x11,0x1b	 x11:0x80000000 x31=0x00000010
     102015.000 ns	     10200	80002070	02549bb3	mulh	x23,x9,x5	  x9:0x00000059  x5:0x3d477f94 x23=0x00000015
     102035.000 ns	     10202	80002074	0160a533	slt	x10,x1,x22	  x1:0xff7e0000 x22:0x80041024 x10=0x00000000
     102045.000 ns	     10203	80002078	00ed5833	srl	x16,x26,x14	 x26:0x00000000 x14:0x00000000 x16=0x00000000
     102065.000 ns	     10205	8000207c	e0048a53	fmv.x.w	x20,f9	  f9:0x7fc00000 x20=0x7fc00000
     102105.000 ns	     10209	80002080	1035ccd3	fmul.s	f25,f11,f3	 f11:0x7fc00000  f3:0xbf800000 f25=0x7fc00000
     102135.000 ns	     10212	80002084	025207b3	mul	x15,x4,x5	  x4:0x00000002  x5:0x3d477f94 x15=0x7a8eff28
     102165.000 ns	     10215	80002088	a19aa553	feq.s	x10,f21,f25	 f21:0x00000000 f25:0x7fc00000 x10=0x00000000
     103345.000 ns	     10333	8000208c	580f25d3	fsqrt.s	f11,f30	 f30:0x40000000 f11=0x3f350482
     103375.000 ns	     10336	80002090	2136aad3	fsgnjx.s	f21,f13,f19	 f13:0x7fc00000 f19:0xffc00000 f21=0xffc00000
     103405.000 ns	     10339	80002094	a1560653	fle.s	x12,f12,f21	 f12:0x472fc803 f21:0x00000000 x12=0x00000000
     103435.000 ns	     10342	80002098	d019fbd3	fcvt.s.wu	f23,x19	 x19:0x00000001 f23=0x3f800000
     103455.000 ns	     10344	8000209c	0139c433	xor	x8,x19,x19	 x19:0x00000001 x19:0x00000001  x8=0x00000000
     103475.000 ns	     10346	800020a0	035c3433	mulhu	x8,x24,x21	 x24:0x80000000 x21:0x00000001  x8=0x00000000
     103495.000 ns	     10348	800020a4	40630933	sub	x18,x6,x6	  x6:0x00000001  x6:0x00000001 x18=0x00000000
     103505.000 ns	     10349	800020a8	01941213	slli	x4,x8,0x19	  x8:0x00000000  x4=0x00000000
     103515.000 ns	     10350	800020ac	00ff8ab3	add	x21,x31,x15	 x31:0x00000010 x15:0x7a8eff28 x21=0x7a8eff38
     103525.000 ns	     10351	800020b0	41c7dc13	srai	x24,x15,0x1c	 x15:0x7a8eff28 x24=0x00000007
     103535.000 ns	     10352	800020b4	495f7013	andi	x0,x30,1173	 x30:0x00000000
     103545.000 ns	     10353	800020b8	f554b837	lui	x16,0xf554b	 x16=0xf554b000
     103565.000 ns	     10355	800020bc	a0fa0cd3	fle.s	x25,f20,f15	 f20:0x4efff7e0 f15:0x7fc00000 x25=0x00000000
     103595.000 ns	     10358	800020c0	032e03b3	mul	x7,x28,x18	 x28:0x00000000 x18:0x00000000  x7=0x00000000
     103625.000 ns	     10361	800020c4	213724d3	fsgnjx.s	f9,f14,f19	 f14:0x80041024 f19:0xffc00000  f9=0x00041024
     103655.000 ns	     10364	800020c8	a15b91d3	flt.s	x3,f23,f21	 f23:0x3f800000 f21:0xffc00000  x3=0x00000000
     103685.000 ns	     10367	800020cc	d0042c53	fcvt.s.w	f24,x8	  x8:0x00000000 f24=0x00000000
     103715.000 ns	     10370	800020d0	02bd9333	mulh	x6,x27,x11	 x27:0x00000020 x11:0x80000000  x6=0xfffffff0
     103745.000 ns	     10373	800020d4	216921d3	fsgnjx.s	f3,f18,f22	 f18:0x7fc00000 f22:0x7fc00000  f3=0x7fc00000
     103795.000 ns	     10378	800020d8	0926f0d3	fsub.s	f1,f13,f18	 f13:0x7fc00000 f18:0x7fc00000  f1=0x7fc00000
     103825.000 ns	     10381	800020dc	21292a53	fsgnjx.s	f20,f18,f18	 f18:0x7fc00000 f18:0x7fc00000 f20=0x7fc00000
     103845.000 ns	     10383	800020e0	00075713	srli	x14,x14,0x0	 x14:0x00000000 x14=0x00000000
     103855.000 ns	     10384	800020e4	00ee3333	sltu	x6,x28,x14	 x28:0x00000000 x14:0x00000000  x6=0x00000000
     103875.000 ns	     10386	800020e8	03a78eb3	mul	x29,x15,x26	 x15:0x7a8eff28 x26:0x00000000 x29=0x00000000
     103905.000 ns	     10389	800020ec	0276fdb3	remu	x27,x13,x7	 x13:0x00000000  x7:0x00000000 x27=0x00000000
     104275.000 ns	     10426	800020f0	0358e4b3	rem	x9,x17,x21	 x17:0xffffffff x21:0x7a8eff38  x9=0xffffffff
     104305.000 ns	     10429	800020f4	02d1e733	rem	x14,x3,x13	  x3:0x00000000 x13:0x00000000 x14=0x00000000
     104675.000 ns	     10466	800020f8	037aecb3	rem	x25,x21,x23	 x21:0x7a8eff38 x23:0x00000015 x25=0x00000005
     104695.000 ns	     10468	800020fc	e1523413	sltiu	x8,x4,-491	  x4:0x00000000  x8=0x00000001
     104715.000 ns	     10470	80002100	297189d3	fmin.s	f19,f3,f23	  f3:0x7fc00000 f23:0x3f800000 f19=0x3f800000
     104765.000 ns	     10475	80002104	088473d3	fsub.s	f7,f8,f8	  f8:0x7fc00000  f8:0x7fc00000  f7=0x7fc00000
     104795.000 ns	     10478	80002108	20b88e53	fsgnj.s	f28,f17,f11	 f17:0xffc00000 f11:0x3f350482 f28=0x7fc00000
     104815.000 ns	     10480	8000210c	01981533	sll	x10,x16,x25	 x16:0xf554b000 x25:0x00000005 x10=0xaa960000
     104835.000 ns	     10482	80002110	c01e16d3	fcvt.wu.s	x13,f28	 f28:0x7fc00000 x13=0xffffffff
     104865.000 ns	     10485	80002114	a0591453	flt.s	x8,f18,f5	 f18:0x7fc00000  f5:0x3f350482  x8=0x00000000
     104895.000 ns	     10488	80002118	f0090c53	fmv.w.x	f24,x18	 x18:0x00000000 f24=0x00000000
     104915.000 ns	     10490	8000211c	1b0c4e97	auipc	x29,0x1b0c4	 x29=0x9b0c611c
     104925.000 ns	     10491	80002120	f0be2993	slti	x19,x28,-245	 x28:0x00000000 x19=0x00000000
     104945.000 ns	     10493	80002124	28641d53	fmax.s	f26,f8,f6	  f8:0x7fc00000  f6:0x78b31c2a f26=0x78b31c2a
     104965.000 ns	     10495	80002128	41828533	sub	x10,x5,x24	  x5:0x3d477f94 x24:0x00000007 x10=0x3d477f8d
     104985.000 ns	     10497	8000212c	03188233	mul	x4,x17,x17	 x17:0xffffffff x17:0xffffffff  x4=0x00000001
     106165.000 ns	     10615	80002130	58013cd3	fsqrt.s	f25,f2	  f2:0x78b31c2a f25=0x5c1769cf
     106185.000 ns	     10617	80002134	012011b3	sll	x3,x0,x18	  x0:0x00000000 x18:0x00000000  x3=0x00000000
     106205.000 ns	     10619	80002138	02599433	mulh	x8,x19,x5	 x19:0x00000000  x5:0x3d477f94  x8=0x00000000
     106225.000 ns	     10621	8000213c	0167fab3	and	x21,x15,x22	 x15:0x7a8eff28 x22:0x80041024 x21=0x00041020
     106235.000 ns	     10622	80002140	005aa9b3	slt	x19,x21,x5	 x21:0x7a8eff38  x5:0x3d477f94 x19=0x00000001
     106245.000 ns	     10623	80002144	01999533	sll	x10,x19,x25	 x19:0x00000000 x25:0x00000005 x10=0x00000020
     106265.000 ns	     10625	80002148	024497b3	mulh	x15,x9,x4	  x9:0xffffffff  x4:0x00000001 x15=0xffffffff
     106295.000 ns	     10628	8000214c	217f2dd3	fsgnjx.s	f27,f30,f23	 f30:0x40000000 f23:0x3f800000 f27=0x40000000
     106345.000 ns	     10633	80002150	09dc7353	fsub.s	f6,f24,f29	 f24:0x00000000 f29:0x7fc00000  f6=0x7fc00000
     106365.000 ns	     10635	80002154	004d8733	add	x14,x27,x4	 x27:0x00000000  x4:0x00000001 x14=0x00000001
     106375.000 ns	     10636	80002158	00653bb3	sltu	x23,x10,x6	 x10:0x00000020  x6:0x00000000 x23=0x00000000
     106395.000 ns	     10638	8000215c	030bb333	mulhu	x6,x23,x16	 x23:0x00000015 x16:0xf554b000  x6=0x00000000
     106425.000 ns	     10641	80002160	e00b1a53	fclass.s	x20,f22	 f22:0x7fc00000 x20=0x00000200
     106455.000 ns	     10644	80002164	a04499d3	flt.s	x19,f9,f4	  f9:0x00041024  f4:0x434c0000 x19=0x00000001
     106475.000 ns	     10646	80002168	7a4dfa37	lui	x20,0x7a4df	 x20=0x7a4df000
     106495.000 ns	     10648	8000216c	a1792ed3	feq.s	x29,f18,f23	 f18:0x7fc00000 f23:0x3f800000 x29=0x00000000
     106525.000 ns	     10651	80002170	a16d0553	fle.s	x10,f26,f22	 f26:0x78b31c2a f22:0x7fc00000 x10=0x00000000
     106545.000 ns	     10653	80002174	ebb0e093	ori	x1,x1,-325	  x1:0xff7e0000  x1=0xfffffebb
     106565.000 ns	     10655	80002178	a030add3	feq.s	x27,f1,f3	  f1:0x7fc00000  f3:0x7fc00000 x27=0x00000000
     106595.000 ns	     10658	8000217c	026c2bb3	mulhsu	x23,x24,x6	 x24:0x00000007  x6:0x00000000 x23=0x00000000
     106625.000 ns	     10661	80002180	a1729753	flt.s	x14,f5,f23	  f5:0x3f350482 f23:0x3f800000 x14=0x00000001
     106655.000 ns	     10664	80002184	a1959fd3	flt.s	x31,f11,f25	 f11:0x3f350482 f25:0x5c1769cf x31=0x00000001
     106675.000 ns	     10666	80002188	40075bb3	sra	x23,x14,x0	 x14:0x00000001  x0:0x00000000 x23=0x00000001
     106685.000 ns	     10667	8000218c	9dc64893	xori	x17,x12,-1572	 x12:0x00000000 x17=0xfffff9dc
     106705.000 ns	     10669	80002190	29240453	fmin.s	f8,f8,f18	  f8:0x7fc00000 f18:0x7fc00000  f8=0x7fc00000
     106735.000 ns	     10672	80002194	03369733	mulh	x14,x13,x19	 x13:0xffffffff x19:0x00000001 x14=0xffffffff
     107105.000 ns	     10709	80002198	0359cc33	div	x24,x19,x21	 x19:0x00000001 x21:0x00041020 x24=0x00000000
     107135.000 ns	     10712	8000219c	a17586d3	fle.s	x13,f11,f23	 f11:0x3f350482 f23:0x3f800000 x13=0x00000001
     107155.000 ns	     10714	800021a0	00ee2833	slt	x16,x28,x14	 x28:0x00000000 x14:0xffffffff x16=0x00000000
     107185.000 ns	     10717	800021a4	58007653	fsqrt.s	f12,f0	  f0:0x00000000 f12=0x00000000
     107215.000 ns	     10720	800021a8	03cf96b3	mulh	x13,x31,x28	 x31:0x00000001 x28:0x00000000 x13=0x00000000
     107245.000 ns	     10723	800021ac	296f8c53	fmin.s	f24,f31,f22	 f31:0x4efff7e0 f22:0x7fc00000 f24=0x4efff7e0
     107275.000 ns	     10726	800021b0	03ff3cb3	mulhu	x25,x30,x31	 x30:0x00000000 x31:0x00000001 x25=0x00000000
     107305.000 ns	     10729	800021b4	286106d3	fmin.s	f13,f2,f6	  f2:0x78b31c2a  f6:0x7fc00000 f13=0x78b31c2a
     107335.000 ns	     10732	800021b8	a03e83d3	fle.s	x7,f29,f3	 f29:0x7fc00000  f3:0x7fc00000  x7=0x00000000
     107365.000 ns	     10735	800021bc	20b9a1d3	fsgnjx.s	f3,f19,f11	 f19:0x3f800000 f11:0x3f350482  f3=0x3f800000
     107385.000 ns	     10737	800021c0	6c4a2f17	auipc	x30,0x6c4a2	 x30=0xec4a41c0
     107405.000 ns	     10739	800021c4	20329353	fsgnjn.s	f6,f5,f3	  f5:0x3f350482  f3:0x3f800000  f6=0xbf350482
     107425.000 ns	     10741	800021c8	0179c433	xor	x8,x19,x23	 x19:0x00000001 x23:0x00000001  x8=0x00000000
     107435.000 ns	     10742	800021cc	3a4d2513	slti	x10,x26,932	 x26:0x00000000 x10=0x00000001
     107455.000 ns	     10744	800021d0	027d4eb3	div	x29,x26,x7	 x26:0x00000000  x7:0x00000000 x29=0xffffffff
     108325.000 ns	     10831	800021d4	580c7653	fsqrt.s	f12,f24	 f24:0x4efff7e0 f12=0x47353f8e
     108345.000 ns	     10833	800021d8	a22e5217	auipc	x4,0xa22e5	  x4=0x222e71d8
     108375.000 ns	     10836	800021dc	580efc53	fsqrt.s	f24,f29	 f29:0x7fc00000 f24=0x7fc00000
     108405.000 ns	     10839	800021e0	28cb8953	fmin.s	f18,f23,f12	 f23:0x3f800000 f12:0x47353f8e f18=0x3f800000
     108425.000 ns	     10841	800021e4	5f9a4413	xori	x8,x20,1529	 x20:0x7a4df000  x8=0x7a4df5f9
     108445.000 ns	     10843	800021e8	a17f98d3	flt.s	x17,f31,f23	 f31:0x4efff7e0 f23:0x3f800000 x17=0x00000000
     108465.000 ns	     10845	800021ec	416a57b3	sra	x15,x20,x22	 x20:0x7a4df000 x22:0x80041024 x15=0x07a4df00
     108485.000 ns	     10847	800021f0	0207bfb3	mulhu	x31,x15,x0	 x15:0xffffffff  x0:0x00000000 x31=0x00000000
     108505.000 ns	     10849	800021f4	95efe513	ori	x10,x31,-1698	 x31:0x00000001 x10=0xfffff95e
     108525.000 ns	     10851	800021f8	a0440fd3	fle.s	x31,f8,f4	  f8:0x7fc00000  f4:0x434c0000 x31=0x00000000
     108555.000 ns	     10854	800021fc	204a17d3	fsgnjn.s	f15,f20,f4	 f20:0x7fc00000  f4:0x434c0000 f15=0xffc00000
     108575.000 ns	     10856	80002200	01ac37b3	sltu	x15,x24,x26	 x24:0x00000000 x26:0x00000000 x15=0x00000000
     108585.000 ns	     10857	80002204	4024d193	srai	x3,x9,0x2	  x9:0xffffffff  x3=0xffffffff
     108605.000 ns	     10859	80002208	a14b2a53	feq.s	x20,f22,f20	 f22:0x7fc00000 f20:0x7fc00000 x20=0x00000000
     108625.000 ns	     10861	8000220c	4e263c93	sltiu	x25,x12,1250	 x12:0x00000000 x25=0x00000001
     108645.000 ns	     10863	80002210	0209d433	divu	x8,x19,x0	 x19:0x00000001  x0:0x00000000  x8=0xffffffff
     108675.000 ns	     10866	80002214	03bec733	div	x14,x29,x27	 x29:0xffffffff x27:0x00000000 x14=0xffffffff
     108695.000 ns	     10868	80002218	006a0fb3	add	x31,x20,x6	 x20:0x00000000  x6:0x00000000 x31=0x00000000
     108705.000 ns	     10869	8000221c	a0de8f13	addi	x30,x29,-1523	 x29:0xffffffff x30=0xfffffa0c
     108725.000 ns	     10871	80002220	20c91053	fsgnjn.s	f0,f18,f12	 f18:0x3f800000 f12:0x47353f8e  f0=0xbf800000
     108765.000 ns	     10875	80002224	1860fb53	fdiv.s	f22,f1,f6	  f1:0x7fc00000  f6:0xbf350482 f22=0x7fc00000
     108805.000 ns	     10879	80002228	580e37d3	fsqrt.s	f15,f28	 f28:0x7fc00000 f15=0x7fc00000
     108855.000 ns	     10884	8000222c	01ebfdd3	fadd.s	f27,f23,f30	 f23:0x3f800000 f30:0x40000000 f27=0x40400000
     108885.000 ns	     10887	80002230	28d406d3	fmin.s	f13,f8,f13	  f8:0x7fc00000 f13:0x78b31c2a f13=0x78b31c2a
     108905.000 ns	     10889	80002234	00000013	addi	x0,x0,0	  x0:0x00000000
     108915.000 ns	     10890	80002238	4021dd33	sra	x26,x3,x2	  x3:0xffffffff  x2:0x80040fe4 x26=0xffffffff
     108925.000 ns	     10891	8000223c	00bd1d33	sll	x26,x26,x11	 x26:0x00000000 x11:0x80000000 x26=0xffffffff
     108945.000 ns	     10893	80002240	212e2453	fsgnjx.s	f8,f28,f18	 f28:0x7fc00000 f18:0x3f800000  f8=0x7fc00000
     109315.000 ns	     10930	80002244	03307cb3	remu	x25,x0,x19	  x0:0x00000000 x19:0x00000001 x25=0x00000000
     109335.000 ns	     10932	80002248	00ba1913	slli	x18,x20,0xb	 x20:0x00000000 x18=0x00000000
     109355.000 ns	     10934	8000224c	03ab3bb3	mulhu	x23,x22,x26	 x22:0x80041024 x26:0xffffffff x23=0x80041023
     109385.000 ns	     10937	80002250	f00803d3	fmv.w.x	f7,x16	 x16:0x00000000  f7=0x00000000
     109425.000 ns	     10941	80002254	5808c353	fsqrt.s	f6,f17	 f17:0xffc00000  f6=0x7fc00000
     109445.000 ns	     10943	80002258	00214d33	xor	x26,x2,x2	  x2:0x80040fe4  x2:0x80040fe4 x26=0x00000000
     109465.000 ns	     10945	8000225c	0304ea33	rem	x20,x9,x16	  x9:0xffffffff x16:0x00000000 x20=0xffffffff
     109505.000 ns	     10949	80002260	11dba8d3	fmul.s	f17,f23,f29	 f23:0x3f800000 f29:0x7fc00000 f17=0x7fc00000
     109535.000 ns	     10952	80002264	209f29d3	fsgnjx.s	f19,f30,f9	 f30:0x40000000  f9:0x00041024 f19=0x40000000
     109905.000 ns	     10989	80002268	03dc5c33	divu	x24,x24,x29	 x24:0x00000000 x29:0xffffffff x24=0x00000000
     109935.000 ns	     10992	8000226c	a01d83d3	fle.s	x7,f27,f1	 f27:0x40400000  f1:0x7fc00000  x7=0x00000000
     109985.000 ns	     10997	80002270	005f77d3	fadd.s	f15,f30,f5	 f30:0x40000000  f5:0x3f350482 f15=0x402d4120
     110015.000 ns	     11000	80002274	024a24b3	mulhsu	x9,x20,x4	 x20:0xffffffff  x4:0x222e71d8  x9=0xffffffff
     110045.000 ns	     11003	80002278	2112a853	fsgnjx.s	f16,f5,f17	  f5:0x3f350482 f17:0x7fc00000 f16=0x3f350482
     110075.000 ns	     11006	8000227c	201aa953	fsgnjx.s	f18,f21,f1	 f21:0xffc00000  f1:0x7fc00000 f18=0xffc00000
     110095.000 ns	     11008	80002280	7c067493	andi	x9,x12,1984	 x12:0x00000000  x9=0x00000000
     110425.000 ns	     11041	80002284	18bdf453	fdiv.s	f8,f27,f11	 f27:0x40400000 f11:0x3f350482  f8=0x4087c3b8
     110445.000 ns	     11043	80002288	723d0213	addi	x4,x26,1827	 x26:0x00000000  x4=0x00000723
     110455.000 ns	     11044	8000228c	0b51e393	ori	x7,x3,181	  x3:0xffffffff  x7=0xffffffff
     110465.000 ns	     11045	80002290	cc660413	addi	x8,x12,-826	 x12:0x00000000  x8=0xfffffcc6
     110485.000 ns	     11047	80002294	a1f09dd3	flt.s	x27,f1,f31	  f1:0x7fc00000 f31:0x4efff7e0 x27=0x00000000
     110505.000 ns	     11049	80002298	0154b1b3	sltu	x3,x9,x21	  x9:0x00000000 x21:0x00041020  x3=0x00000001
     110525.000 ns	     11051	8000229c	a0af0653	fle.s	x12,f30,f10	 f30:0x40000000 f10:0x7fc00000 x12=0x00000000
     110545.000 ns	     11053	800022a0	41190ab3	sub	x21,x18,x17	 x18:0x00000000 x17:0x00000000 x21=0x00000000
     110565.000 ns	     11055	800022a4	f00680d3	fmv.w.x	f1,x13	 x13:0x00000000  f1=0x00000000
     110595.000 ns	     11058	800022a8	a1a28953	fle.s	x18,f5,f26	  f5:0x3f350482 f26:0x78b31c2a x18=0x00000001
     110625.000 ns	     11061	800022ac	03703833	mulhu	x16,x0,x23	  x0:0x00000000 x23:0x80041023 x16=0x00000000
     110655.000 ns	     11064	800022b0	a0b2a953	feq.s	x18,f5,f11	  f5:0x3f350482 f11:0x3f350482 x18=0x00000001
     110675.000 ns	     11066	800022b4	00000013	addi	x0,x0,0	  x0:0x00000000
     110685.000 ns	     11067	800022b8	4c8ef037	lui	x0,0x4c8ef	
     110705.000 ns	     11069	800022bc	284b9953	fmax.s	f18,f23,f4	 f23:0x3f800000  f4:0x434c0000 f18=0x434c0000
     110725.000 ns	     11071	800022c0	4490d497	auipc	x9,0x4490d	  x9=0xc490f2c0
     110735.000 ns	     11072	800022c4	f7025017	auipc	x0,0xf7025	
     110745.000 ns	     11073	800022c8	01f73833	sltu	x16,x14,x31	 x14:0xffffffff x31:0x00000000 x16=0x00000000
     110765.000 ns	     11075	800022cc	03871333	mulh	x6,x14,x24	 x14:0xffffffff x24:0x00000000  x6=0x00000000
     110785.000 ns	     11077	800022d0	017b6bb3	or	x23,x22,x23	 x22:0x80041024 x23:0x80041023 x23=0x80041027
     110805.000 ns	     11079	800022d4	03b40c33	mul	x24,x8,x27	  x8:0xfffffcc6 x27:0x00000000 x24=0x00000000
     110825.000 ns	     11081	800022d8	17076613	ori	x12,x14,368	 x14:0xffffffff x12=0xffffffff
     110835.000 ns	     11082	800022dc	aa20fe93	andi	x29,x1,-1374	  x1:0xfffffebb x29=0xfffffaa2
     110855.000 ns	     11084	800022e0	2023a7d3	fsgnjx.s	f15,f7,f2	  f7:0x00000000  f2:0x78b31c2a f15=0x00000000
     110885.000 ns	     11087	800022e4	03238233	mul	x4,x7,x18	  x7:0xffffffff x18:0x00000001  x4=0xffffffff
     111255.000 ns	     11124	800022e8	029ced33	rem	x26,x25,x9	 x25:0x00000000  x9:0xc490f2c0 x26=0x00000000
     111275.000 ns	     11126	800022ec	01e30d33	add	x26,x6,x30	  x6:0x00000000 x30:0xfffffa0c x26=0xfffffa0c
     111295.000 ns	     11128	800022f0	03320333	mul	x6,x4,x19	  x4:0xffffffff x19:0x00000001  x6=0xffffffff
     111325.000 ns	     11131	800022f4	215284d3	fsgnj.s	f9,f5,f21	  f5:0x3f350482 f21:0xffc00000  f9=0xbf350482
     112505.000 ns	     11249	800022f8	58027cd3	fsqrt.s	f25,f4	  f4:0x434c0000 f25=0x41103ff1
     112535.000 ns	     11252	800022fc	a0c20853	fle.s	x16,f4,f12	  f4:0x434c0000 f12:0x47353f8e x16=0x00000001
     112555.000 ns	     11254	80002300	00c2c3b3	xor	x7,x5,x12	  x5:0x3d477f94 x12:0xffffffff  x7=0xc2b8806b
     113725.000 ns	     11371	80002304	580bbb53	fsqrt.s	f22,f23	 f23:0x3f800000 f22=0x3f7fffae
     113745.000 ns	     11373	80002308	72b74b93	xori	x23,x14,1835	 x14:0xffffffff x23=0xfffff8d4
     113765.000 ns	     11375	8000230c	21308653	fsgnj.s	f12,f1,f19	  f1:0x00000000 f19:0x40000000 f12=0x00000000
     113785.000 ns	     11377	80002310	012a9c93	slli	x25,x21,0x12	 x21:0x00000000 x25=0x00000000
     113795.000 ns	     11378	80002314	69c3ce13	xori	x28,x7,1692	  x7:0xc2b8806b x28=0xc2b886f7
     113815.000 ns	     11380	80002318	c0117853	fcvt.wu.s	x16,f2	  f2:0x78b31c2a x16=0xffffffff
     113845.000 ns	     11383	8000231c	d0154453	fcvt.s.wu	f8,x10	 x10:0xfffff95e  f8=0x4f7ffff9
     113865.000 ns	     11385	80002320	01b4cab3	xor	x21,x9,x27	  x9:0xc490f2c0 x27:0x00000000 x21=0xc490f2c0
     113875.000 ns	     11386	80002324	30224893	xori	x17,x4,770	  x4:0xffffffff x17=0xfffffcfd
     113895.000 ns	     11388	80002328	c00b71d3	fcvt.w.s	x3,f22	 f22:0x3f7fffae  x3=0x00000000
     113915.000 ns	     11390	8000232c	00e71d93	slli	x27,x14,0xe	 x14:0xffffffff x27=0xffffc000
     113925.000 ns	     11391	80002330	bd183e93	sltiu	x29,x16,-1071	 x16:0xffffffff x29=0x00000000
     113945.000 ns	     11393	80002334	e0078453	fmv.x.w	x8,f15	 f15:0x00000000  x8=0x00000000
     113965.000 ns	     11395	80002338	40f9de93	srai	x29,x19,0xf	 x19:0x00000001 x29=0x00000000
     113975.000 ns	     11396	8000233c	00496533	or	x10,x18,x4	 x18:0x00000001  x4:0xffffffff x10=0xffffffff
     114335.000 ns	     11432	80002340	02e2ef33	rem	x30,x5,x14	  x5:0x3d477f94 x14:0xffffffff x30=0x00000000
     114365.000 ns	     11435	80002344	02355fb3	divu	x31,x10,x3	 x10:0xfffff95e  x3:0x00000000 x31=0xffffffff
     114395.000 ns	     11438	80002348	c0038dd3	fcvt.w.s	x27,f7	  f7:0x00000000 x27=0x00000000
     114415.000 ns	     11440	8000234c	e6f70717	auipc	x14,0xe6f70	 x14=0x66f7234c
     114425.000 ns	     11441	80002350	3d768893	addi	x17,x13,983	 x13:0x00000000 x17=0x000003d7
     114445.000 ns	     11443	80002354	209b0753	fsgnj.s	f14,f22,f9	 f22:0x3f7fffae  f9:0xbf350482 f14=0xbf7fffae
     114475.000 ns	     11446	80002358	20b28453	fsgnj.s	f8,f5,f11	  f5:0x3f350482 f11:0x3f350482  f8=0x3f350482
     114505.000 ns	     11449	8000235c	c01370d3	fcvt.wu.s	x1,f6	  f6:0x7fc00000  x1=0xffffffff
     114525.000 ns	     11451	80002360	4003d1b3	sra	x3,x7,x0	  x7:0xc2b8806b  x0:0x00000000  x3=0xc2b8806b
     114535.000 ns	     11452	80002364	016af9b3	and	x19,x21,x22	 x21:0xc490f2c0 x22:0x80041024 x19=0x80001000
     114545.000 ns	     11453	80002368	00ab7fb3	and	x31,x22,x10	 x22:0x80041024 x10:0xffffffff x31=0x80041024
     114585.000 ns	     11457	8000236c	09b77ed3	fsub.s	f29,f14,f27	 f14:0xbf7fffae f27:0x40400000 f29=0xc07fffeb
     114615.000 ns	     11460	80002370	02782fb3	mulhsu	x31,x16,x7	 x16:0xffffffff  x7:0xc2b8806b x31=0xffffffff
     114645.000 ns	     11463	80002374	e00891d3	fclass.s	x3,f17	 f17:0x7fc00000  x3=0x00000200
     114675.000 ns	     11466	80002378	21a48953	fsgnj.s	f18,f9,f26	  f9:0xbf350482 f26:0x78b31c2a f18=0x3f350482
     114695.000 ns	     11468	8000237c	00477433	and	x8,x14,x4	 x14:0x66f7234c  x4:0xffffffff  x8=0x66f7234c
     115055.000 ns	     11504	80002380	0257cab3	div	x21,x15,x5	 x15:0x00000000  x5:0x3d477f94 x21=0x00000000
     115085.000 ns	     11507	80002384	03c316b3	mulh	x13,x6,x28	  x6:0xffffffff x28:0xc2b886f7 x13=0x00000000
     115105.000 ns	     11509	80002388	015131b3	sltu	x3,x2,x21	  x2:0x80040fe4 x21:0x00000000  x3=0x00000000
     115115.000 ns	     11510	8000238c	0136af33	slt	x30,x13,x19	 x13:0x00000000 x19:0x80001000 x30=0x00000000
     115135.000 ns	     11512	80002390	a0a692d3	flt.s	x5,f13,f10	 f13:0x78b31c2a f10:0x7fc00000  x5=0x00000000
     115165.000 ns	     11515	80002394	a1c218d3	flt.s	x17,f4,f28	  f4:0x434c0000 f28:0x7fc00000 x17=0x00000000
     115215.000 ns	     11520	80002398	089c7cd3	fsub.s	f25,f24,f9	 f24:0x7fc00000  f9:0xbf350482 f25=0x7fc00000
     115245.000 ns	     11523	8000239c	c0127453	fcvt.wu.s	x8,f4	  f4:0x434c0000  x8=0x000000cc
     115265.000 ns	     11525	800023a0	d862e813	ori	x16,x5,-634	  x5:0x00000000 x16=0xfffffd86
     115285.000 ns	     11527	800023a4	298f8853	fmin.s	f16,f31,f24	 f31:0x4efff7e0 f24:0x7fc00000 f16=0x4efff7e0
     115315.000 ns	     11530	800023a8	20271bd3	fsgnjn.s	f23,f14,f2	 f14:0xbf7fffae  f2:0x78b31c2a f23=0xbf7fffae
     115345.000 ns	     11533	800023ac	e00e13d3	fclass.s	x7,f28	 f28:0x7fc00000  x7=0x00000200
     115685.000 ns	     11567	800023b0	18eff153	fdiv.s	f2,f31,f14	 f31:0x4efff7e0 f14:0xbf7fffae  f2=0xcf045a0f
     116865.000 ns	     11685	800023b4	5801f553	fsqrt.s	f10,f3	  f3:0x3f800000 f10=0x3f7fffae
     116905.000 ns	     11689	800023b8	10c976d3	fmul.s	f13,f18,f12	 f18:0x3f350482 f12:0x00000000 f13=0x00000000
     116925.000 ns	     11691	800023bc	013d4a33	xor	x20,x26,x19	 x26:0xfffffa0c x19:0x80001000 x20=0x7fffea0c
     116935.000 ns	     11692	800023c0	80ba2613	slti	x12,x20,-2037	 x20:0xffffffff x12=0x00000000
     116945.000 ns	     11693	800023c4	017a18b3	sll	x17,x20,x23	 x20:0xffffffff x23:0xfffff8d4 x17=0xa0c00000
     116955.000 ns	     11694	800023c8	f3e523b7	lui	x7,0xf3e52	  x7=0xf3e52000
     116965.000 ns	     11695	800023cc	00000013	addi	x0,x0,0	  x0:0x00000000
     116985.000 ns	     11697	800023d0	21780653	fsgnj.s	f12,f16,f23	 f16:0x4efff7e0 f23:0xbf7fffae f12=0xcefff7e0
     117005.000 ns	     11699	800023d4	01851633	sll	x12,x10,x24	 x10:0xffffffff x24:0x00000000 x12=0xffffffff
     117025.000 ns	     11701	800023d8	290818d3	fmax.s	f17,f16,f16	 f16:0x4efff7e0 f16:0x4efff7e0 f17=0x4efff7e0
     117395.000 ns	     11738	800023dc	037a54b3	divu	x9,x20,x23	 x20:0x7fffea0c x23:0xfffff8d4  x9=0x00000000
     118575.000 ns	     11856	800023e0	580f99d3	fsqrt.s	f19,f31	 f31:0x4efff7e0 f19=0x473501cc
     118625.000 ns	     11861	800023e4	0145f853	fadd.s	f16,f11,f20	 f11:0x3f350482 f20:0x7fc00000 f16=0x7fc00000
     118655.000 ns	     11864	800023e8	035b81b3	mul	x3,x23,x21	 x23:0xfffff8d4 x21:0x00000000  x3=0x00000000
     119025.000 ns	     11901	800023ec	03357ab3	remu	x21,x10,x19	 x10:0xffffffff x19:0x80001000 x21=0x7fffefff
     119045.000 ns	     11903	800023f0	24704c93	xori	x25,x0,583	  x0:0x00000000 x25=0x00000247
     119055.000 ns	     11904	800023f4	10fdea13	ori	x20,x27,271	 x27:0x00000000 x20=0x0000010f
     119075.000 ns	     11906	800023f8	e00f9653	fclass.s	x12,f31	 f31:0x4efff7e0 x12=0x00000040
     119105.000 ns	     11909	800023fc	c01c3553	fcvt.wu.s	x10,f24	 f24:0x7fc00000 x10=0xffffffff
     119135.000 ns	     11912	80002400	d012fdd3	fcvt.s.wu	f27,x5	  x5:0x00000000 f27=0x00000000
     119165.000 ns	     11915	80002404	037c2a33	mulhsu	x20,x24,x23	 x24:0x00000000 x23:0xfffff8d4 x20=0x00000000
     119195.000 ns	     11918	80002408	205a26d3	fsgnjx.s	f13,f20,f5	 f20:0x7fc00000  f5:0x3f350482 f13=0x7fc00000
     119215.000 ns	     11920	8000240c	d72ae193	ori	x3,x21,-654	 x21:0x7fffefff  x3=0xffffffff
     119245.000 ns	     11923	80002410	10aa80d3	fmul.s	f1,f21,f10	 f21:0xffc00000 f10:0x3f7fffae  f1=0x7fc00000
     119265.000 ns	     11925	80002414	1d7cfc13	andi	x24,x25,471	 x25:0x00000247 x24=0x00000047
     119285.000 ns	     11927	80002418	299393d3	fmax.s	f7,f7,f25	  f7:0x00000000 f25:0x7fc00000  f7=0x00000000
     119315.000 ns	     11930	8000241c	20ca8153	fsgnj.s	f2,f21,f12	 f21:0xffc00000 f12:0xcefff7e0  f2=0xffc00000
     119335.000 ns	     11932	80002420	a7d2e093	ori	x1,x5,-1411	  x5:0x00000000  x1=0xfffffa7d
     119375.000 ns	     11936	80002424	08d8f9d3	fsub.s	f19,f17,f13	 f17:0x4efff7e0 f13:0x7fc00000 f19=0x7fc00000
     119395.000 ns	     11938	80002428	41125733	sra	x14,x4,x17	  x4:0xffffffff x17:0xa0c00000 x14=0xffffffff
     119415.000 ns	     11940	8000242c	03d952b3	divu	x5,x18,x29	 x18:0x00000001 x29:0x00000000  x5=0xffffffff
     119435.000 ns	     11942	80002430	006ecfb3	xor	x31,x29,x6	 x29:0x00000000  x6:0xffffffff x31=0xffffffff
     119465.000 ns	     11945	80002434	11251153	fmul.s	f2,f10,f18	 f10:0x3f7fffae f18:0x3f350482  f2=0x3f350448
     119495.000 ns	     11948	80002438	e00e1353	fclass.s	x6,f28	 f28:0x7fc00000  x6=0x00000200
     119535.000 ns	     11952	8000243c	10737853	fmul.s	f16,f6,f7	  f6:0x7fc00000  f7:0x00000000 f16=0x7fc00000
     119565.000 ns	     11955	80002440	c000fd53	fcvt.w.s	x26,f1	  f1:0x7fc00000 x26=0x7fffffff
     119585.000 ns	     11957	80002444	05014537	lui	x10,0x5014	 x10=0x05014000
     119605.000 ns	     11959	80002448	c00c7253	fcvt.w.s	x4,f24	 f24:0x7fc00000  x4=0x7fffffff
     119655.000 ns	     11964	8000244c	0808fdd3	fsub.s	f27,f17,f0	 f17:0x4efff7e0  f0:0xbf800000 f27=0x4efff7e0
     119675.000 ns	     11966	80002450	405803b3	sub	x7,x16,x5	 x16:0xfffffd86  x5:0xffffffff  x7=0xfffffd87
     119685.000 ns	     11967	80002454	018e5db3	srl	x27,x28,x24	 x28:0xc2b886f7 x24:0x00000047 x27=0x0185710d
     119705.000 ns	     11969	80002458	025b0db3	mul	x27,x22,x5	 x22:0x80041024  x5:0xffffffff x27=0x7ffbefdc
     119745.000 ns	     11973	8000245c	1970ffd3	fdiv.s	f31,f1,f23	  f1:0x7fc00000 f23:0xbf7fffae f31=0x7fc00000
     119765.000 ns	     11975	80002460	01046533	or	x10,x8,x16	  x8:0x000000cc x16:0xfffffd86 x10=0xfffffdce
     119775.000 ns	     11976	80002464	1507be93	sltiu	x29,x15,336	 x15:0x00000000 x29=0x00000001
     119795.000 ns	     11978	80002468	f0008dd3	fmv.w.x	f27,x1	  x1:0xfffffa7d f27=0xfffffa7d
     119815.000 ns	     11980	8000246c	c43324b7	lui	x9,0xc4332	  x9=0xc4332000
     119825.000 ns	     11981	80002470	1b722237	lui	x4,0x1b722	  x4=0x1b722000
     119845.000 ns	     11983	80002474	03f23fb3	mulhu	x31,x4,x31	  x4:0x7fffffff x31:0xffffffff x31=0x1b721fff
     119865.000 ns	     11985	80002478	402edf13	srai	x30,x29,0x2	 x29:0x00000001 x30=0x00000000
     119885.000 ns	     11987	8000247c	a1d1a6d3	feq.s	x13,f3,f29	  f3:0x3f800000 f29:0xc07fffeb x13=0x00000000
     119905.000 ns	     11989	80002480	01c7b1b3	sltu	x3,x15,x28	 x15:0x00000000 x28:0xc2b886f7  x3=0x00000001
     119915.000 ns	     11990	80002484	7710ad37	lui	x26,0x7710a	 x26=0x7710a000
     119935.000 ns	     11992	80002488	a1fc28d3	feq.s	x17,f24,f31	 f24:0x7fc00000 f31:0x7fc00000 x17=0x00000000
     119955.000 ns	     11994	8000248c	01125f93	srli	x31,x4,0x11	  x4:0x1b722000 x31=0x00000db9
     121125.000 ns	     12111	80002490	58014653	fsqrt.s	f12,f2	  f2:0x3f350448 f12=0x3efffed4
     121495.000 ns	     12148	80002494	0309eab3	rem	x21,x19,x16	 x19:0x80001000 x16:0xfffffd86 x21=0xfffffe36
     121865.000 ns	     12185	80002498	0376d0b3	divu	x1,x13,x23	 x13:0x00000000 x23:0xfffff8d4  x1=0x00000000
     122205.000 ns	     12219	8000249c	185d72d3	fdiv.s	f5,f26,f5	 f26:0x78b31c2a  f5:0x3f350482  f5=0x78fd4cc4
     122225.000 ns	     12221	800024a0	0004d013	srli	x0,x9,0x0	  x9:0xc4332000
     122235.000 ns	     12222	800024a4	40585e33	sra	x28,x16,x5	 x16:0xfffffd86  x5:0xffffffff x28=0xffffffff
     122255.000 ns	     12224	800024a8	e00c11d3	fclass.s	x3,f24	 f24:0x7fc00000  x3=0x00000200
     122285.000 ns	     12227	800024ac	a0c52253	feq.s	x4,f10,f12	 f10:0x3f7fffae f12:0x3efffed4  x4=0x00000000
     122315.000 ns	     12230	800024b0	c0059353	fcvt.w.s	x6,f11	 f11:0x3f350482  x6=0x00000000
     122335.000 ns	     12232	800024b4	0074d2b3	srl	x5,x9,x7	  x9:0xc4332000  x7:0xfffffd87  x5=0x01886640
     122345.000 ns	     12233	800024b8	0129d713	srli	x14,x19,0x12	 x19:0x80001000 x14=0x00002000
     122365.000 ns	     12235	800024bc	c00178d3	fcvt.w.s	x17,f2	  f2:0x3f350448 x17=0x00000000
     122385.000 ns	     12237	800024c0	01eba4b3	slt	x9,x23,x30	 x23:0xfffff8d4 x30:0x00000000  x9=0x00000001
     122395.000 ns	     12238	800024c4	65108db7	lui	x27,0x65108	 x27=0x65108000
     122405.000 ns	     12239	800024c8	01d693b3	sll	x7,x13,x29	 x13:0x00000000 x29:0x00000001  x7=0x00000000
     122425.000 ns	     12241	800024cc	027ba9b3	mulhsu	x19,x23,x7	 x23:0xfffff8d4  x7:0xfffffd87 x19=0x00000000
     122445.000 ns	     12243	800024d0	0001fa33	and	x20,x3,x0	  x3:0x00000200  x0:0x00000000 x20=0x00000000
     122805.000 ns	     12279	800024d4	03577fb3	remu	x31,x14,x21	 x14:0x00002000 x21:0xfffffe36 x31=0x00002000
     123175.000 ns	     12316	800024d8	0236ef33	rem	x30,x13,x3	 x13:0x00000000  x3:0x00000200 x30=0x00000000
     123205.000 ns	     12319	800024dc	c01108d3	fcvt.wu.s	x17,f2	  f2:0x3f350448 x17=0x00000001
     123225.000 ns	     12321	800024e0	404884b3	sub	x9,x17,x4	 x17:0x00000000  x4:0x00000000  x9=0x00000001
     123235.000 ns	     12322	800024e4	017cd2b3	srl	x5,x25,x23	 x25:0x00000247 x23:0xfffff8d4  x5=0x00000000
     123245.000 ns	     12323	800024e8	7166f793	andi	x15,x13,1814	 x13:0x00000000 x15=0x00000000
     123265.000 ns	     12325	800024ec	f00686d3	fmv.w.x	f13,x13	 x13:0x00000000 f13=0x00000000
     123295.000 ns	     12328	800024f0	a02c92d3	flt.s	x5,f25,f2	 f25:0x7fc00000  f2:0x3f350448  x5=0x00000000
     123315.000 ns	     12330	800024f4	01f45cb3	srl	x25,x8,x31	  x8:0x000000cc x31:0x00002000 x25=0x000000cc
     123335.000 ns	     12332	800024f8	a0a1a053	feq.s	x0,f3,f10	  f3:0x3f800000 f10:0x3f7fffae
     123365.000 ns	     12335	800024fc	203f8a53	fsgnj.s	f20,f31,f3	 f31:0x7fc00000  f3:0x3f800000 f20=0x7fc00000
     123395.000 ns	     12338	80002500	a1580253	fle.s	x4,f16,f21	 f16:0x7fc00000 f21:0xffc00000  x4=0x00000000
     123415.000 ns	     12340	80002504	016f2433	slt	x8,x30,x22	 x30:0x00000000 x22:0x80041024  x8=0x00000000
     123435.000 ns	     12342	80002508	20968b53	fsgnj.s	f22,f13,f9	 f13:0x00000000  f9:0xbf350482 f22=0x80000000
     123465.000 ns	     12345	8000250c	f00c04d3	fmv.w.x	f9,x24	 x24:0x00000047  f9=0x00000047
     123835.000 ns	     12382	80002510	03b3c833	div	x16,x7,x27	  x7:0x00000000 x27:0x65108000 x16=0x00000000
     123855.000 ns	     12384	80002514	004d6e33	or	x28,x26,x4	 x26:0x7710a000  x4:0x00000000 x28=0x7710a000
     123875.000 ns	     12386	80002518	28201ad3	fmax.s	f21,f0,f2	  f0:0xbf800000  f2:0x3f350448 f21=0x3f350448
     123895.000 ns	     12388	8000251c	007e5b93	srli	x23,x28,0x7	 x28:0xffffffff x23=0x00ee2140
     123905.000 ns	     12389	80002520	41480533	sub	x10,x16,x20	 x16:0x00000000 x20:0x00000000 x10=0x00000000
     123925.000 ns	     12391	80002524	d00472d3	fcvt.s.w	f5,x8	  x8:0x00000000  f5=0x00000000
     123945.000 ns	     12393	80002528	40e300b3	sub	x1,x6,x14	  x6:0x00000000 x14:0x00002000  x1=0xffffe000
     123975.000 ns	     12396	8000252c	106bb2d3	fmul.s	f5,f23,f6	 f23:0xbf7fffae  f6:0x7fc00000  f5=0x7fc00000
     123995.000 ns	     12398	80002530	978ae213	ori	x4,x21,-1672	 x21:0xfffffe36  x4=0xffffff7e
     124005.000 ns	     12399	80002534	000ecd33	xor	x26,x29,x0	 x29:0x00000001  x0:0x00000000 x26=0x00000001
     124015.000 ns	     12400	80002538	419000b3	sub	x1,x0,x25	  x0:0x00000000 x25:0x000000cc  x1=0xffffff34
     124025.000 ns	     12401	8000253c	87f42913	slti	x18,x8,-1921	  x8:0x00000000 x18=0x00000000
     124035.000 ns	     12402	80002540	0019a233	slt	x4,x19,x1	 x19:0x00000000  x1:0xffffe000  x4=0x00000000
     124055.000 ns	     12404	80002544	e00a0553	fmv.x.w	x10,f20	 f20:0x7fc00000 x10=0x7fc00000
     124085.000 ns	     12407	80002548	288182d3	fmin.s	f5,f3,f8	  f3:0x3f800000  f8:0x3f350482  f5=0x3f350482
     125265.000 ns	     12525	8000254c	580f1e53	fsqrt.s	f28,f30	 f30:0x40000000 f28=0x3f350482
     125285.000 ns	     12527	80002550	00f45c13	srli	x24,x8,0xf	  x8:0x00000000 x24=0x00000000
     125305.000 ns	     12529	80002554	d01c7853	fcvt.s.wu	f16,x24	 x24:0x00000047 f16=0x00000000
     125335.000 ns	     12532	80002558	a01aaf53	feq.s	x30,f21,f1	 f21:0x3f350448  f1:0x7fc00000 x30=0x00000000
     125355.000 ns	     12534	8000255c	00995eb3	srl	x29,x18,x9	 x18:0x00000000  x9:0x00000001 x29=0x00000000
     125365.000 ns	     12535	80002560	ccc82c13	slti	x24,x16,-820	 x16:0x00000000 x24=0x00000000
     125385.000 ns	     12537	80002564	c013f3d3	fcvt.wu.s	x7,f7	  f7:0x00000000  x7=0x00000000
     125425.000 ns	     12541	80002568	106874d3	fmul.s	f9,f16,f6	 f16:0x00000000  f6:0x7fc00000  f9=0x7fc00000
     125455.000 ns	     12544	8000256c	28530453	fmin.s	f8,f6,f5	  f6:0x7fc00000  f5:0x3f350482  f8=0x3f350482
     125475.000 ns	     12546	80002570	f21e3693	sltiu	x13,x28,-223	 x28:0x7710a000 x13=0x00000001
     125495.000 ns	     12548	80002574	026b2233	mulhsu	x4,x22,x6	 x22:0x80041024  x6:0x00000000  x4=0x00000000
     125515.000 ns	     12550	80002578	40c354b3	sra	x9,x6,x12	  x6:0x00000000 x12:0x00000040  x9=0x00000000
     125535.000 ns	     12552	8000257c	e00a9c53	fclass.s	x24,f21	 f21:0x3f350448 x24=0x00000040
     125555.000 ns	     12554	80002580	414d50b3	sra	x1,x26,x20	 x26:0x00000001 x20:0x00000000  x1=0x00000001
     125575.000 ns	     12556	80002584	f0098853	fmv.w.x	f16,x19	 x19:0x00000000 f16=0x00000000
     125595.000 ns	     12558	80002588	00000013	addi	x0,x0,0	  x0:0x00000000
     125615.000 ns	     12560	8000258c	a0cf9ed3	flt.s	x29,f31,f12	 f31:0x7fc00000 f12:0x3efffed4 x29=0x00000000
     125645.000 ns	     12563	80002590	e0028c53	fmv.x.w	x24,f5	  f5:0x3f350482 x24=0x3f350482
     125675.000 ns	     12566	80002594	025dd333	divu	x6,x27,x5	 x27:0x65108000  x5:0x00000000  x6=0xffffffff
     125705.000 ns	     12569	80002598	033a5233	divu	x4,x20,x19	 x20:0x00000000 x19:0x00000000  x4=0xffffffff
     125735.000 ns	     12572	8000259c	d01504d3	fcvt.s.wu	f9,x10	 x10:0x7fc00000  f9=0x4eff8000
     125755.000 ns	     12574	800025a0	00871213	slli	x4,x14,0x8	 x14:0x00002000  x4=0x00200000
     125765.000 ns	     12575	800025a4	0140e833	or	x16,x1,x20	  x1:0x00000001 x20:0x00000000 x16=0x00000001
     125775.000 ns	     12576	800025a8	0056c433	xor	x8,x13,x5	 x13:0x00000001  x5:0x00000000  x8=0x00000001
     125795.000 ns	     12578	800025ac	c01e7753	fcvt.wu.s	x14,f28	 f28:0x3f350482 x14=0x00000000
     125825.000 ns	     12581	800025b0	e00b8353	fmv.x.w	x6,f23	 f23:0xbf7fffae  x6=0xbf7fffae
     125845.000 ns	     12583	800025b4	016cb7b3	sltu	x15,x25,x22	 x25:0x000000cc x22:0x80041024 x15=0x00000001
     125865.000 ns	     12585	800025b8	29451fd3	fmax.s	f31,f10,f20	 f10:0x3f7fffae f20:0x7fc00000 f31=0x3f7fffae
     125885.000 ns	     12587	800025bc	69ec7e93	andi	x29,x24,1694	 x24:0x3f350482 x29=0x00000482
     125915.000 ns	     12590	800025c0	101d8fd3	fmul.s	f31,f27,f1	 f27:0xfffffa7d  f1:0x7fc00000 f31=0x7fc00000
     125935.000 ns	     12592	800025c4	00c05833	srl	x16,x0,x12	  x0:0x00000000 x12:0x00000040 x16=0x00000000
     126295.000 ns	     12628	800025c8	03b25e33	divu	x28,x4,x27	  x4:0x00200000 x27:0x65108000 x28=0x00000000
     126315.000 ns	     12630	800025cc	00334e33	xor	x28,x6,x3	  x6:0xbf7fffae  x3:0x00000200 x28=0xbf7ffdae
     126355.000 ns	     12634	800025d0	007c7353	fadd.s	f6,f24,f7	 f24:0x7fc00000  f7:0x00000000  f6=0x7fc00000
     126375.000 ns	     12636	800025d4	01668db3	add	x27,x13,x22	 x13:0x00000001 x22:0x80041024 x27=0x80041025
     126415.000 ns	     12640	800025d8	01087bd3	fadd.s	f23,f16,f16	 f16:0x00000000 f16:0x00000000 f23=0x00000000
     126445.000 ns	     12643	800025dc	29b50053	fmin.s	f0,f10,f27	 f10:0x3f7fffae f27:0xfffffa7d  f0=0x3f7fffae
     126465.000 ns	     12645	800025e0	008ab6b3	sltu	x13,x21,x8	 x21:0xfffffe36  x8:0x00000001 x13=0x00000000
     126475.000 ns	     12646	800025e4	57a88013	addi	x0,x17,1402	 x17:0x00000001
     126495.000 ns	     12648	800025e8	299f8153	fmin.s	f2,f31,f25	 f31:0x7fc00000 f25:0x7fc00000  f2=0x7fc00000
     126515.000 ns	     12650	800025ec	c1b07617	auipc	x12,0xc1b07	 x12=0x41b095ec
     126535.000 ns	     12652	800025f0	a0de97d3	flt.s	x15,f29,f13	 f29:0xc07fffeb f13:0x00000000 x15=0x00000001
     126555.000 ns	     12654	800025f4	1af5e793	ori	x15,x11,431	 x11:0x80000000 x15=0x800001af
     126565.000 ns	     12655	800025f8	01212933	slt	x18,x2,x18	  x2:0x80040fe4 x18:0x00000000 x18=0x00000001
     126575.000 ns	     12656	800025fc	012ca533	slt	x10,x25,x18	 x25:0x000000cc x18:0x00000000 x10=0x00000000
     126585.000 ns	     12657	80002600	01f1b033	sltu	x0,x3,x31	  x3:0x00000200 x31:0x00002000
     126605.000 ns	     12659	80002604	02810f33	mul	x30,x2,x8	  x2:0x80040fe4  x8:0x00000001 x30=0x80040fe4
     126635.000 ns	     12662	80002608	299218d3	fmax.s	f17,f4,f25	  f4:0x434c0000 f25:0x7fc00000 f17=0x434c0000
     126685.000 ns	     12667	8000260c	004bf8d3	fadd.s	f17,f23,f4	 f23:0x00000000  f4:0x434c0000 f17=0x434c0000
     127055.000 ns	     12704	80002610	03e5e3b3	rem	x7,x11,x30	 x11:0x80000000 x30:0x80040fe4  x7=0xfffbf01c
     127085.000 ns	     12707	80002614	02df6e33	rem	x28,x30,x13	 x30:0x80040fe4 x13:0x00000000 x28=0x80040fe4
     127105.000 ns	     12709	80002618	01055a93	srli	x21,x10,0x10	 x10:0x00000000 x21=0x00000000
     127115.000 ns	     12710	8000261c	01251633	sll	x12,x10,x18	 x10:0x00000000 x18:0x00000001 x12=0x00000000
     127135.000 ns	     12712	80002620	d011f153	fcvt.s.wu	f2,x3	  x3:0x00000200  f2=0x44000000
     127155.000 ns	     12714	80002624	4185d213	srai	x4,x11,0x18	 x11:0x80000000  x4=0xffffff80
     127165.000 ns	     12715	80002628	00afe2b3	or	x5,x31,x10	 x31:0x00002000 x10:0x00000000  x5=0x00002000
     127175.000 ns	     12716	8000262c	01e45cb3	srl	x25,x8,x30	  x8:0x00000001 x30:0x80040fe4 x25=0x00000000
     127195.000 ns	     12718	80002630	d00df153	fcvt.s.w	f2,x27	 x27:0x80041025  f2=0xcefff7df
     127215.000 ns	     12720	80002634	a8016d13	ori	x26,x2,-1408	  x2:0x80040fe4 x26=0xffffffe4
     127255.000 ns	     12724	80002638	0067a2d3	fadd.s	f5,f15,f6	 f15:0x00000000  f6:0x7fc00000  f5=0x7fc00000
     127285.000 ns	     12727	8000263c	02ee9933	mulh	x18,x29,x14	 x29:0x00000482 x14:0x00000000 x18=0x00000000
     127305.000 ns	     12729	80002640	f9174797	auipc	x15,0xf9174	 x15=0x79176640
     127325.000 ns	     12731	80002644	21a8ae53	fsgnjx.s	f28,f17,f26	 f17:0x434c0000 f26:0x78b31c2a f28=0x434c0000
     127355.000 ns	     12734	80002648	a01d1f53	flt.s	x30,f26,f1	 f26:0x78b31c2a  f1:0x7fc00000 x30=0x00000000
     127385.000 ns	     12737	8000264c	28840f53	fmin.s	f30,f8,f8	  f8:0x3f350482  f8:0x3f350482 f30=0x3f350482
     127415.000 ns	     12740	80002650	a05806d3	fle.s	x13,f16,f5	 f16:0x00000000  f5:0x7fc00000 x13=0x00000000
     127435.000 ns	     12742	80002654	50777793	andi	x15,x14,1287	 x14:0x00000000 x15=0x00000000
     127455.000 ns	     12744	80002658	c00797d3	fcvt.w.s	x15,f15	 f15:0x00000000 x15=0x00000000
     127475.000 ns	     12746	8000265c	018110b3	sll	x1,x2,x24	  x2:0x80040fe4 x24:0x3f350482  x1=0x00103f90
     127485.000 ns	     12747	80002660	6eec3e97	auipc	x29,0x6eec3	 x29=0xeeec5660
     127845.000 ns	     12783	80002664	03d7f6b3	remu	x13,x15,x29	 x15:0x00000000 x29:0x00000482 x13=0x00000000
     127875.000 ns	     12786	80002668	21742153	fsgnjx.s	f2,f8,f23	  f8:0x3f350482 f23:0x00000000  f2=0x3f350482
     127925.000 ns	     12791	8000266c	00a1fed3	fadd.s	f29,f3,f10	  f3:0x3f800000 f10:0x3f7fffae f29=0x3fffffd7
     127955.000 ns	     12794	80002670	02adf2b3	remu	x5,x27,x10	 x27:0x80041025 x10:0x00000000  x5=0x80041025
     127985.000 ns	     12797	80002674	a0142853	feq.s	x16,f8,f1	  f8:0x3f350482  f1:0x7fc00000 x16=0x00000000
     128015.000 ns	     12800	80002678	215b9c53	fsgnjn.s	f24,f23,f21	 f23:0x00000000 f21:0x3f350448 f24=0x80000000
     128045.000 ns	     12803	8000267c	21b5ad53	fsgnjx.s	f26,f11,f27	 f11:0x3f350482 f27:0xfffffa7d f26=0xbf350482
     128075.000 ns	     12806	80002680	201c9e53	fsgnjn.s	f28,f25,f1	 f25:0x7fc00000  f1:0x7fc00000 f28=0xffc00000
     128095.000 ns	     12808	80002684	00c843b3	xor	x7,x16,x12	 x16:0x00000000 x12:0x00000000  x7=0x00000000
     128105.000 ns	     12809	80002688	ad513093	sltiu	x1,x2,-1323	  x2:0x80040fe4  x1=0x00000001
     128125.000 ns	     12811	8000268c	29e11853	fmax.s	f16,f2,f30	  f2:0x3f350482 f30:0x3f350482 f16=0x3f350482
     128155.000 ns	     12814	80002690	205725d3	fsgnjx.s	f11,f14,f5	 f14:0xbf7fffae  f5:0x7fc00000 f11=0xbf7fffae
     128185.000 ns	     12817	80002694	286882d3	fmin.s	f5,f17,f6	 f17:0x434c0000  f6:0x7fc00000  f5=0x434c0000
     128215.000 ns	     12820	80002698	d00df8d3	fcvt.s.w	f17,x27	 x27:0x80041025 f17=0xcefff7df
     128235.000 ns	     12822	8000269c	16526e93	ori	x29,x4,357	  x4:0xffffff80 x29=0xffffffe5
     128245.000 ns	     12823	800026a0	01eade33	srl	x28,x21,x30	 x21:0x00000000 x30:0x00000000 x28=0x00000000
     128265.000 ns	     12825	800026a4	d01c7cd3	fcvt.s.wu	f25,x24	 x24:0x3f350482 f25=0x4e7cd412
     128295.000 ns	     12828	800026a8	e0038853	fmv.x.w	x16,f7	  f7:0x00000000 x16=0x00000000
     128325.000 ns	     12831	800026ac	210626d3	fsgnjx.s	f13,f12,f16	 f12:0x3efffed4 f16:0x3f350482 f13=0x3efffed4
     129505.000 ns	     12949	800026b0	58047cd3	fsqrt.s	f25,f8	  f8:0x3f350482 f25=0x3effff22
     129535.000 ns	     12952	800026b4	290c01d3	fmin.s	f3,f24,f16	 f24:0x80000000 f16:0x3f350482  f3=0x80000000
     129565.000 ns	     12955	800026b8	d002f0d3	fcvt.s.w	f1,x5	  x5:0x80041025  f1=0xcefff7df
     129595.000 ns	     12958	800026bc	d01d9853	fcvt.s.wu	f16,x27	 x27:0x80041025 f16=0x4f000410
     129615.000 ns	     12960	800026c0	41fa8633	sub	x12,x21,x31	 x21:0x00000000 x31:0x00002000 x12=0xffffe000
     129645.000 ns	     12963	800026c4	580b2cd3	fsqrt.s	f25,f22	 f22:0x80000000 f25=0x80000000
     129665.000 ns	     12965	800026c8	010b5a33	srl	x20,x22,x16	 x22:0x80041024 x16:0x00000000 x20=0x80041024
     129675.000 ns	     12966	800026cc	0124ed33	or	x26,x9,x18	  x9:0x00000000 x18:0x00000000 x26=0x00000000
     129715.000 ns	     12970	800026d0	007a94d3	fadd.s	f9,f21,f7	 f21:0x3f350448  f7:0x00000000  f9=0x3f350448
     129735.000 ns	     12972	800026d4	74850813	addi	x16,x10,1864	 x10:0x00000000 x16=0x00000748
     129745.000 ns	     12973	800026d8	75c1f613	andi	x12,x3,1884	  x3:0x00000200 x12=0x00000200
     129785.000 ns	     12977	800026dc	003f7953	fadd.s	f18,f30,f3	 f30:0x3f350482  f3:0x80000000 f18=0x3f350482
     129805.000 ns	     12979	800026e0	fa77e393	ori	x7,x15,-89	 x15:0x00000000  x7=0xffffffa7
     129815.000 ns	     12980	800026e4	00736433	or	x8,x6,x7	  x6:0xbf7fffae  x7:0x00000000  x8=0xffffffaf
     129825.000 ns	     12981	800026e8	e438c993	xori	x19,x17,-445	 x17:0x00000001 x19=0xfffffe42
     129845.000 ns	     12983	800026ec	02b628b3	mulhsu	x17,x12,x11	 x12:0x00000200 x11:0x80000000 x17=0x00000100
     129875.000 ns	     12986	800026f0	21758fd3	fsgnj.s	f31,f11,f23	 f11:0xbf7fffae f23:0x00000000 f31=0x3f7fffae
     129905.000 ns	     12989	800026f4	c00a77d3	fcvt.w.s	x15,f20	 f20:0x7fc00000 x15=0x7fffffff
     129955.000 ns	     12994	800026f8	00e6f2d3	fadd.s	f5,f13,f14	 f13:0x3efffed4 f14:0xbf7fffae  f5=0xbf000044
     129985.000 ns	     12997	800026fc	f00b8dd3	fmv.w.x	f27,x23	 x23:0x00ee2140 f27=0x00ee2140
     130005.000 ns	     12999	80002700	018efa33	and	x20,x29,x24	 x29:0xffffffe5 x24:0x3f350482 x20=0x3f350480
     130025.000 ns	     13001	80002704	c0194453	fcvt.wu.s	x8,f18	 f18:0x3f350482  x8=0x00000001
     130045.000 ns	     13003	80002708	4184d633	sra	x12,x9,x24	  x9:0x00000000 x24:0x3f350482 x12=0x00000000
     130075.000 ns	     13006	8000270c	11d47553	fmul.s	f10,f8,f29	  f8:0x3f350482 f29:0x3fffffd7 f10=0x3fb50465
     130095.000 ns	     13008	80002710	caef6713	ori	x14,x30,-850	 x30:0x00000000 x14=0xfffffcae
     130105.000 ns	     13009	80002714	01704e33	xor	x28,x0,x23	  x0:0x00000000 x23:0x00ee2140 x28=0x00ee2140
     130135.000 ns	     13012	80002718	580bfb53	fsqrt.s	f22,f23	 f23:0x00000000 f22=0x00000000
     130165.000 ns	     13015	8000271c	f00501d3	fmv.w.x	f3,x10	 x10:0x00000000  f3=0x00000000
     130195.000 ns	     13018	80002720	f0080053	fmv.w.x	f0,x16	 x16:0x00000748  f0=0x00000748
     130565.000 ns	     13055	80002724	0384ff33	remu	x30,x9,x24	  x9:0x00000000 x24:0x3f350482 x30=0x00000000
     130585.000 ns	     13057	80002728	00000013	addi	x0,x0,0	  x0:0x00000000
     130625.000 ns	     13061	8000272c	08032f53	fsub.s	f30,f6,f0	  f6:0x7fc00000  f0:0x00000748 f30=0x7fc00000
     130675.000 ns	     13066	80002730	005e7953	fadd.s	f18,f28,f5	 f28:0xffc00000  f5:0xbf000044 f18=0x7fc00000
     130695.000 ns	     13068	80002734	00d341b3	xor	x3,x6,x13	  x6:0xbf7fffae x13:0x00000000  x3=0xbf7fffae
     130715.000 ns	     13070	80002738	03692933	mulhsu	x18,x18,x22	 x18:0x00000000 x22:0x80041024 x18=0x00000000
     130745.000 ns	     13073	8000273c	0357c633	div	x12,x15,x21	 x15:0x7fffffff x21:0x00000000 x12=0xffffffff
     130775.000 ns	     13076	80002740	d009b153	fcvt.s.w	f2,x19	 x19:0xfffffe42  f2=0xc3df0000
     130805.000 ns	     13079	80002744	e00b98d3	fclass.s	x17,f23	 f23:0x00000000 x17=0x00000010
     130825.000 ns	     13081	80002748	01b88d33	add	x26,x17,x27	 x17:0x00000100 x27:0x80041025 x26=0x80041035
     130835.000 ns	     13082	8000274c	2339ec93	ori	x25,x19,563	 x19:0xfffffe42 x25=0xfffffe73
     130855.000 ns	     13084	80002750	a17a0bd3	fle.s	x23,f20,f23	 f20:0x7fc00000 f23:0x00000000 x23=0x00000000
     130885.000 ns	     13087	80002754	c01c1253	fcvt.wu.s	x4,f24	 f24:0x80000000  x4=0x00000000
     130905.000 ns	     13089	80002758	01b49f93	slli	x31,x9,0x1b	  x9:0x00000000 x31=0x00000000
     130925.000 ns	     13091	8000275c	d014fad3	fcvt.s.wu	f21,x9	  x9:0x00000000 f21=0x00000000
     130965.000 ns	     13095	80002760	11e2c3d3	fmul.s	f7,f5,f30	  f5:0xbf000044 f30:0x7fc00000  f7=0x7fc00000
     130985.000 ns	     13097	80002764	013a6333	or	x6,x20,x19	 x20:0x3f350480 x19:0xfffffe42  x6=0xfffffec2
     130995.000 ns	     13098	80002768	40355033	sra	x0,x10,x3	 x10:0x00000000  x3:0xbf7fffae
     131035.000 ns	     13102	8000276c	01fbf9d3	fadd.s	f19,f23,f31	 f23:0x00000000 f31:0x3f7fffae f19=0x3f7fffae
     131055.000 ns	     13104	80002770	218c2a13	slti	x20,x24,536	 x24:0x3f350482 x20=0x00000000
     131415.000 ns	     13140	80002774	038bdab3	divu	x21,x23,x24	 x23:0x00000000 x24:0x3f350482 x21=0x00000000
     131465.000 ns	     13145	80002778	0865fbd3	fsub.s	f23,f11,f6	 f11:0xbf7fffae  f6:0x7fc00000 f23=0x7fc00000
     131485.000 ns	     13147	8000277c	0152af33	slt	x30,x5,x21	  x5:0x80041025 x21:0x00000000 x30=0x00000001
     131505.000 ns	     13149	80002780	d00082d3	fcvt.s.w	f5,x1	  x1:0x00000001  f5=0x3f800000
     131525.000 ns	     13151	80002784	0082b8b3	sltu	x17,x5,x8	  x5:0x80041025  x8:0x00000001 x17=0x00000000
     131535.000 ns	     13152	80002788	00b95633	srl	x12,x18,x11	 x18:0x00000000 x11:0x80000000 x12=0x00000000
     131895.000 ns	     13188	8000278c	03a0e533	rem	x10,x1,x26	  x1:0x00000001 x26:0x80041035 x10=0x00000001
     132265.000 ns	     13225	80002790	02547233	remu	x4,x8,x5	  x8:0x00000001  x5:0x80041025  x4=0x00000001
     132285.000 ns	     13227	80002794	00000013	addi	x0,x0,0	  x0:0x00000000
     132315.000 ns	     13230	80002798	58092f53	fsqrt.s	f30,f18	 f18:0x7fc00000 f30=0x7fc00000
     132335.000 ns	     13232	8000279c	00965633	srl	x12,x12,x9	 x12:0x00000000  x9:0x00000000 x12=0x00000000
     132665.000 ns	     13265	800027a0	18d578d3	fdiv.s	f17,f10,f13	 f10:0x3fb50465 f13:0x3efffed4 f17=0x403504aa
     132695.000 ns	     13268	800027a4	0342f9b3	remu	x19,x5,x20	  x5:0x80041025 x20:0x00000000 x19=0x80041025
     132715.000 ns	     13270	800027a8	bb0b0213	addi	x4,x22,-1104	 x22:0x80041024  x4=0x80040bd4
     132725.000 ns	     13271	800027ac	007e70b3	and	x1,x28,x7	 x28:0x00ee2140  x7:0xffffffa7  x1=0x00ee2100
     132735.000 ns	     13272	800027b0	0ce0b713	sltiu	x14,x1,206	  x1:0x00000001 x14=0x00000000
     132755.000 ns	     13274	800027b4	f00b84d3	fmv.w.x	f9,x23	 x23:0x00000000  f9=0x00000000
     132775.000 ns	     13276	800027b8	01187333	and	x6,x16,x17	 x16:0x00000748 x17:0x00000000  x6=0x00000000
     132785.000 ns	     13277	800027bc	00000013	addi	x0,x0,0	  x0:0x00000000
     132805.000 ns	     13279	800027c0	20c02f53	fsgnjx.s	f30,f0,f12	  f0:0x00000748 f12:0x3efffed4 f30=0x00000748
     132835.000 ns	     13282	800027c4	c0167f53	fcvt.wu.s	x30,f12	 f12:0x3efffed4 x30=0x00000000
     133205.000 ns	     13319	800027c8	021ddc33	divu	x24,x27,x1	 x27:0x80041025  x1:0x00ee2100 x24=0x00000089
     133225.000 ns	     13321	800027cc	008c57b3	srl	x15,x24,x8	 x24:0x3f350482  x8:0x00000001 x15=0x00000044
     133245.000 ns	     13323	800027d0	200f85d3	fsgnj.s	f11,f31,f0	 f31:0x3f7fffae  f0:0x00000748 f11=0x3f7fffae
     133265.000 ns	     13325	800027d4	016cf033	and	x0,x25,x22	 x25:0xfffffe73 x22:0x80041024
     133275.000 ns	     13326	800027d8	bc20c613	xori	x12,x1,-1086	  x1:0x00ee2100 x12=0xff11dac2
     133295.000 ns	     13328	800027dc	29539253	fmax.s	f4,f7,f21	  f7:0x7fc00000 f21:0x00000000  f4=0x00000000
     133325.000 ns	     13331	800027e0	217892d3	fsgnjn.s	f5,f17,f23	 f17:0x403504aa f23:0x7fc00000  f5=0xc03504aa
     133355.000 ns	     13334	800027e4	03fa1533	mulh	x10,x20,x31	 x20:0x00000000 x31:0x00000000 x10=0x00000000
     133375.000 ns	     13336	800027e8	ea6ffc93	andi	x25,x31,-346	 x31:0x00000000 x25=0x00000000
     133385.000 ns	     13337	800027ec	013ca6b3	slt	x13,x25,x19	 x25:0xfffffe73 x19:0x80041025 x13=0x00000000
     133425.000 ns	     13341	800027f0	0812f7d3	fsub.s	f15,f5,f1	  f5:0xc03504aa  f1:0xcefff7df f15=0x4efff7de
     133445.000 ns	     13343	800027f4	009a78b3	and	x17,x20,x9	 x20:0x00000000  x9:0x00000000 x17=0x00000000
     133455.000 ns	     13344	800027f8	00ca5eb3	srl	x29,x20,x12	 x20:0x00000000 x12:0xff11dac2 x29=0x00000000
     133465.000 ns	     13345	800027fc	0029c433	xor	x8,x19,x2	 x19:0x80041025  x2:0x80040fe4  x8=0x00001fc1
     133475.000 ns	     13346	80002800	00000013	addi	x0,x0,0	  x0:0x00000000
     133485.000 ns	     13347	80002804	9d70d797	auipc	x15,0x9d70d	 x15=0x1d70f804
     133495.000 ns	     13348	80002808	007c97b3	sll	x15,x25,x7	 x25:0x00000000  x7:0xffffffa7 x15=0x00000000
     133505.000 ns	     13349	8000280c	40d7d633	sra	x12,x15,x13	 x15:0x00000044 x13:0x00000000 x12=0x00000000
     133515.000 ns	     13350	80002810	008a9433	sll	x8,x21,x8	 x21:0x00000000  x8:0x00001fc1  x8=0x00000000
     133525.000 ns	     13351	80002814	713e7693	andi	x13,x28,1811	 x28:0x00ee2140 x13=0x00000100
     133555.000 ns	     13354	80002818	119ffdd3	fmul.s	f27,f31,f25	 f31:0x3f7fffae f25:0x80000000 f27=0x80000000
     133585.000 ns	     13357	8000281c	034431b3	mulhu	x3,x8,x20	  x8:0x00000000 x20:0x00000000  x3=0x00000000
     133925.000 ns	     13391	80002820	1902ab53	fdiv.s	f22,f5,f16	  f5:0xc03504aa f16:0x4f000410 f22=0xb03504aa
     133945.000 ns	     13393	80002824	407052b3	sra	x5,x0,x7	  x0:0x00000000  x7:0xffffffa7  x5=0x00000000
     135115.000 ns	     13510	80002828	580efed3	fsqrt.s	f29,f29	 f29:0x3fffffd7 f29=0x3fb5049d
     135145.000 ns	     13513	8000282c	034da433	mulhsu	x8,x27,x20	 x27:0x80041025 x20:0x00000000  x8=0x00000000
     135175.000 ns	     13516	80002830	039f1eb3	mulh	x29,x30,x25	 x30:0x00000000 x25:0x00000000 x29=0x00000000
     135205.000 ns	     13519	80002834	e00780d3	fmv.x.w	x1,f15	 f15:0x4efff7de  x1=0x4efff7de
     135235.000 ns	     13522	80002838	28b20fd3	fmin.s	f31,f4,f11	  f4:0x00000000 f11:0x3f7fffae f31=0x00000000
     135255.000 ns	     13524	8000283c	010b87b3	add	x15,x23,x16	 x23:0x00000000 x16:0x00000748 x15=0x00000748
     135275.000 ns	     13526	80002840	02570fb3	mul	x31,x14,x5	 x14:0x00000000  x5:0x00000000 x31=0x00000000
     135295.000 ns	     13528	80002844	30e14d93	xori	x27,x2,782	  x2:0x80040fe4 x27=0x80040cea
     135305.000 ns	     13529	80002848	a91cb813	sltiu	x16,x25,-1391	 x25:0x00000000 x16=0x00000001
     135315.000 ns	     13530	8000284c	390b8a37	lui	x20,0x390b8	 x20=0x390b8000
     135325.000 ns	     13531	80002850	007efeb3	and	x29,x29,x7	 x29:0x00000000  x7:0xffffffa7 x29=0x00000000
     135345.000 ns	     13533	80002854	a1618653	fle.s	x12,f3,f22	  f3:0x00000000 f22:0xb03504aa x12=0x00000000
     135365.000 ns	     13535	80002858	01ffebb3	or	x23,x31,x31	 x31:0x00000000 x31:0x00000000 x23=0x00000000
     135375.000 ns	     13536	8000285c	894d4b97	auipc	x23,0x894d4	 x23=0x094d685c
     135385.000 ns	     13537	80002860	01f21e13	slli	x28,x4,0x1f	  x4:0x80040bd4 x28=0x00000000
     135395.000 ns	     13538	80002864	b0cec797	auipc	x15,0xb0cec	 x15=0x30cee864
     135425.000 ns	     13541	80002868	114b97d3	fmul.s	f15,f23,f20	 f23:0x7fc00000 f20:0x7fc00000 f15=0x7fc00000
     135455.000 ns	     13544	8000286c	03559633	mulh	x12,x11,x21	 x11:0x80000000 x21:0x00000000 x12=0x00000000
     135475.000 ns	     13546	80002870	01f122b3	slt	x5,x2,x31	  x2:0x80040fe4 x31:0x00000000  x5=0x00000001
     135495.000 ns	     13548	80002874	202f2853	fsgnjx.s	f16,f30,f2	 f30:0x00000748  f2:0xc3df0000 f16=0x80000748
     135525.000 ns	     13551	80002878	28018ed3	fmin.s	f29,f3,f0	  f3:0x00000000  f0:0x00000748 f29=0x00000000
     135545.000 ns	     13553	8000287c	00748833	add	x16,x9,x7	  x9:0x00000000  x7:0xffffffa7 x16=0xffffffa7
     135555.000 ns	     13554	80002880	004501b3	add	x3,x10,x4	 x10:0x00000000  x4:0x80040bd4  x3=0x80040bd4
     135575.000 ns	     13556	80002884	29608ed3	fmin.s	f29,f1,f22	  f1:0xcefff7df f22:0xb03504aa f29=0xcefff7df
     135595.000 ns	     13558	80002888	41515093	srai	x1,x2,0x15	  x2:0x80040fe4  x1=0xfffffc00
     135605.000 ns	     13559	8000288c	41078433	sub	x8,x15,x16	 x15:0x30cee864 x16:0xffffffa7  x8=0x30cee8bd
     136775.000 ns	     13676	80002890	580672d3	fsqrt.s	f5,f12	 f12:0x3efffed4  f5=0x3eb50442
     136805.000 ns	     13679	80002894	f0048a53	fmv.w.x	f20,x9	  x9:0x00000000 f20=0x00000000
     136845.000 ns	     13683	80002898	10a0f0d3	fmul.s	f1,f1,f10	  f1:0xcefff7df f10:0x3fb50465  f1=0xcf34fea6
     136865.000 ns	     13685	8000289c	ccb27813	andi	x16,x4,-821	  x4:0x80040bd4 x16=0x800408c0
     136875.000 ns	     13686	800028a0	01734233	xor	x4,x6,x23	  x6:0x00000000 x23:0x094d685c  x4=0x094d685c
     136905.000 ns	     13689	800028a4	58037dd3	fsqrt.s	f27,f6	  f6:0x7fc00000 f27=0x7fc00000
     136925.000 ns	     13691	800028a8	016699b3	sll	x19,x13,x22	 x13:0x00000100 x22:0x80041024 x19=0x00001000
     136945.000 ns	     13693	800028ac	03c61e33	mulh	x28,x12,x28	 x12:0x00000000 x28:0x00000000 x28=0x00000000
     136965.000 ns	     13695	800028b0	f1e5f093	andi	x1,x11,-226	 x11:0x80000000  x1=0x80000000
     136985.000 ns	     13697	800028b4	21e98bd3	fsgnj.s	f23,f19,f30	 f19:0x3f7fffae f30:0x00000748 f23=0x3f7fffae
     137015.000 ns	     13700	800028b8	0358feb3	remu	x29,x17,x21	 x17:0x00000000 x21:0x00000000 x29=0x00000000
     137055.000 ns	     13704	800028bc	58097053	fsqrt.s	f0,f18	 f18:0x7fc00000  f0=0x7fc00000
     137085.000 ns	     13707	800028c0	c014f1d3	fcvt.wu.s	x3,f9	  f9:0x00000000  x3=0x00000000
     137115.000 ns	     13710	800028c4	e0030e53	fmv.x.w	x28,f6	  f6:0x7fc00000 x28=0x7fc00000
     137155.000 ns	     13714	800028c8	18d04e53	fdiv.s	f28,f0,f13	  f0:0x7fc00000 f13:0x3efffed4 f28=0x7fc00000
     137185.000 ns	     13717	800028cc	03feb533	mulhu	x10,x29,x31	 x29:0x00000000 x31:0x00000000 x10=0x00000000
     137555.000 ns	     13754	800028d0	02d5eab3	rem	x21,x11,x13	 x11:0x80000000 x13:0x00000100 x21=0x00000000
     137585.000 ns	     13757	800028d4	023f0eb3	mul	x29,x30,x3	 x30:0x00000000  x3:0x00000000 x29=0x00000000
     137605.000 ns	     13759	800028d8	016a3333	sltu	x6,x20,x22	 x20:0x390b8000 x22:0x80041024  x6=0x00000001
     137645.000 ns	     13763	800028dc	09707353	fsub.s	f6,f0,f23	  f0:0x7fc00000 f23:0x3f7fffae  f6=0x7fc00000
     137685.000 ns	     13767	800028e0	18e378d3	fdiv.s	f17,f6,f14	  f6:0x7fc00000 f14:0xbf7fffae f17=0x7fc00000
     137705.000 ns	     13769	800028e4	002dbdb3	sltu	x27,x27,x2	 x27:0x80040cea  x2:0x80040fe4 x27=0x00000001
     137725.000 ns	     13771	800028e8	c002f453	fcvt.w.s	x8,f5	  f5:0x3eb50442  x8=0x00000000
     137755.000 ns	     13774	800028ec	218f9bd3	fsgnjn.s	f23,f31,f24	 f31:0x00000000 f24:0x80000000 f23=0x00000000
     137775.000 ns	     13776	800028f0	00e956b3	srl	x13,x18,x14	 x18:0x00000000 x14:0x00000000 x13=0x00000000
     137785.000 ns	     13777	800028f4	98b2b497	auipc	x9,0x98b2b	  x9=0x18b2d8f4
     137795.000 ns	     13778	800028f8	a984b693	sltiu	x13,x9,-1384	  x9:0x00000000 x13=0x00000001
     137805.000 ns	     13779	800028fc	657e2213	slti	x4,x28,1623	 x28:0x7fc00000  x4=0x00000000
     137825.000 ns	     13781	80002900	a04a91d3	flt.s	x3,f21,f4	 f21:0x00000000  f4:0x00000000  x3=0x00000000
     137875.000 ns	     13786	80002904	015775d3	fadd.s	f11,f14,f21	 f14:0xbf7fffae f21:0x00000000 f11=0xbf7fffae
     137895.000 ns	     13788	80002908	40135033	sra	x0,x6,x1	  x6:0x00000001  x1:0x80000000
     137905.000 ns	     13789	8000290c	00a34eb3	xor	x29,x6,x10	  x6:0x00000001 x10:0x00000000 x29=0x00000001
     137915.000 ns	     13790	80002910	63c667b7	lui	x15,0x63c66	 x15=0x63c66000
     137935.000 ns	     13792	80002914	02423433	mulhu	x8,x4,x4	  x4:0x00000000  x4:0x00000000  x8=0x00000000
     137955.000 ns	     13794	80002918	c23beb93	ori	x23,x23,-989	 x23:0x094d685c x23=0xfffffc7f
     137975.000 ns	     13796	8000291c	217f9cd3	fsgnjn.s	f25,f31,f23	 f31:0x00000000 f23:0x00000000 f25=0x80000000
     137995.000 ns	     13798	80002920	00cf42b3	xor	x5,x30,x12	 x30:0x00000000 x12:0x00000000  x5=0x00000000
     138015.000 ns	     13800	80002924	f00e0053	fmv.w.x	f0,x28	 x28:0x7fc00000  f0=0x7fc00000
     138035.000 ns	     13802	80002928	01594733	xor	x14,x18,x21	 x18:0x00000000 x21:0x00000000 x14=0x00000000
     138055.000 ns	     13804	8000292c	02412db3	mulhsu	x27,x2,x4	  x2:0x80040fe4  x4:0x00000000 x27=0x00000000
     138085.000 ns	     13807	80002930	d01973d3	fcvt.s.wu	f7,x18	 x18:0x00000000  f7=0x00000000
     138105.000 ns	     13809	80002934	009432b3	sltu	x5,x8,x9	  x8:0x00000000  x9:0x18b2d8f4  x5=0x00000001
     138115.000 ns	     13810	80002938	64c30893	addi	x17,x6,1612	  x6:0x00000001 x17=0x0000064d
     138125.000 ns	     13811	8000293c	0030a8b3	slt	x17,x1,x3	  x1:0x80000000  x3:0x00000000 x17=0x00000001
     138135.000 ns	     13812	80002940	a5f9b713	sltiu	x14,x19,-1441	 x19:0x00001000 x14=0x00000001
     138155.000 ns	     13814	80002944	d0027d53	fcvt.s.w	f26,x4	  x4:0x00000000 f26=0x00000000
     138185.000 ns	     13817	80002948	20d11bd3	fsgnjn.s	f23,f2,f13	  f2:0xc3df0000 f13:0x3efffed4 f23=0xc3df0000
     138225.000 ns	     13821	8000294c	11af4853	fmul.s	f16,f30,f26	 f30:0x00000748 f26:0x00000000 f16=0x00000000
     138245.000 ns	     13823	80002950	fdba2db7	lui	x27,0xfdba2	 x27=0xfdba2000
     138265.000 ns	     13825	80002954	f00b80d3	fmv.w.x	f1,x23	 x23:0xfffffc7f  f1=0xfffffc7f
     138285.000 ns	     13827	80002958	40dfd913	srai	x18,x31,0xd	 x31:0x00000000 x18=0x00000000
     138305.000 ns	     13829	8000295c	f00c09d3	fmv.w.x	f19,x24	 x24:0x00000089 f19=0x00000089
     138325.000 ns	     13831	80002960	404ad093	srai	x1,x21,0x4	 x21:0x00000000  x1=0x00000000
     138685.000 ns	     13867	80002964	02ffe233	rem	x4,x31,x15	 x31:0x00000000 x15:0x63c66000  x4=0x00000000
     138715.000 ns	     13870	80002968	d00001d3	fcvt.s.w	f3,x0	  x0:0x00000000  f3=0x00000000
     138745.000 ns	     13873	8000296c	d015f853	fcvt.s.wu	f16,x11	 x11:0x80000000 f16=0x4f000000
     138765.000 ns	     13875	80002970	01ff1433	sll	x8,x30,x31	 x30:0x00000000 x31:0x00000000  x8=0x00000000
     138785.000 ns	     13877	80002974	a13012d3	flt.s	x5,f0,f19	  f0:0x7fc00000 f19:0x00000089  x5=0x00000000
     138805.000 ns	     13879	80002978	01f23533	sltu	x10,x4,x31	  x4:0x00000000 x31:0x00000000 x10=0x00000000
     139165.000 ns	     13915	8000297c	02d657b3	divu	x15,x12,x13	 x12:0x00000000 x13:0x00000001 x15=0x00000000
     139195.000 ns	     13918	80002980	a0339ad3	flt.s	x21,f7,f3	  f7:0x00000000  f3:0x00000000 x21=0x00000000
     139215.000 ns	     13920	80002984	01c8f4b3	and	x9,x17,x28	 x17:0x00000001 x28:0x7fc00000  x9=0x00000000
     139575.000 ns	     13956	80002988	030eca33	div	x20,x29,x16	 x29:0x00000001 x16:0x800408c0 x20=0x00000000
     139595.000 ns	     13958	8000298c	01579b93	slli	x23,x15,0x15	 x15:0x00000000 x23=0x00000000
     139615.000 ns	     13960	80002990	02320633	mul	x12,x4,x3	  x4:0x00000000  x3:0x00000000 x12=0x00000000
     139635.000 ns	     13962	80002994	26683393	sltiu	x7,x16,614	 x16:0x800408c0  x7=0x00000000
     139645.000 ns	     13963	80002998	00a188b3	add	x17,x3,x10	  x3:0x00000000 x10:0x00000000 x17=0x00000000
     139655.000 ns	     13964	8000299c	0020d7b3	srl	x15,x1,x2	  x1:0x00000000  x2:0x80040fe4 x15=0x00000000
     139665.000 ns	     13965	800029a0	01298c33	add	x24,x19,x18	 x19:0x00001000 x18:0x00000000 x24=0x00001000
     139685.000 ns	     13967	800029a4	a0b99053	flt.s	x0,f19,f11	 f19:0x00000089 f11:0xbf7fffae
     139715.000 ns	     13970	800029a8	e00b0ad3	fmv.x.w	x21,f22	 f22:0xb03504aa x21=0xb03504aa
     139735.000 ns	     13972	800029ac	5e52f413	andi	x8,x5,1509	  x5:0x00000000  x8=0x00000000
     139745.000 ns	     13973	800029b0	006e9833	sll	x16,x29,x6	 x29:0x00000001  x6:0x00000001 x16=0x00000002
     139765.000 ns	     13975	800029b4	28f78853	fmin.s	f16,f15,f15	 f15:0x7fc00000 f15:0x7fc00000 f16=0x7fc00000
     139785.000 ns	     13977	800029b8	00968e33	add	x28,x13,x9	 x13:0x00000001  x9:0x00000000 x28=0x00000001
     140145.000 ns	     14013	800029bc	03b3f0b3	remu	x1,x7,x27	  x7:0x00000000 x27:0xfdba2000  x1=0x00000000
     140185.000 ns	     14017	800029c0	11c670d3	fmul.s	f1,f12,f28	 f12:0x3efffed4 f28:0x7fc00000  f1=0x7fc00000
     140215.000 ns	     14020	800029c4	28761e53	fmax.s	f28,f12,f7	 f12:0x3efffed4  f7:0x00000000 f28=0x3efffed4
     140245.000 ns	     14023	800029c8	e0068553	fmv.x.w	x10,f13	 f13:0x3efffed4 x10=0x3efffed4
     140275.000 ns	     14026	800029cc	02ae8933	mul	x18,x29,x10	 x29:0x00000001 x10:0x00000000 x18=0x3efffed4
     140295.000 ns	     14028	800029d0	0130fcb3	and	x25,x1,x19	  x1:0x00000000 x19:0x00001000 x25=0x00000000
     140325.000 ns	     14031	800029d4	580dfb53	fsqrt.s	f22,f27	 f27:0x7fc00000 f22=0x7fc00000
     140355.000 ns	     14034	800029d8	28e68253	fmin.s	f4,f13,f14	 f13:0x3efffed4 f14:0xbf7fffae  f4=0xbf7fffae
     140385.000 ns	     14037	800029dc	e00f1753	fclass.s	x14,f30	 f30:0x00000748 x14=0x00000020
     140405.000 ns	     14039	800029e0	00c24233	xor	x4,x4,x12	  x4:0x00000000 x12:0x00000000  x4=0x00000000
     140415.000 ns	     14040	800029e4	030e8793	addi	x15,x29,48	 x29:0x00000001 x15=0x00000031
     140425.000 ns	     14041	800029e8	00f45813	srli	x16,x8,0xf	  x8:0x00000000 x16=0x00000000
     140435.000 ns	     14042	800029ec	01c85f13	srli	x30,x16,0x1c	 x16:0x00000002 x30=0x00000000
     140445.000 ns	     14043	800029f0	00c09ab3	sll	x21,x1,x12	  x1:0x00000000 x12:0x00000000 x21=0x00000000
     140455.000 ns	     14044	800029f4	40d7d293	srai	x5,x15,0xd	 x15:0x00000031  x5=0x00000000
     140465.000 ns	     14045	800029f8	3b5f4fb7	lui	x31,0x3b5f4	 x31=0x3b5f4000
     140475.000 ns	     14046	800029fc	459e7393	andi	x7,x28,1113	 x28:0x00000001  x7=0x00000001
     140495.000 ns	     14048	80002a00	a1bd0453	fle.s	x8,f26,f27	 f26:0x00000000 f27:0x7fc00000  x8=0x00000000
     140515.000 ns	     14050	80002a04	b9307e13	andi	x28,x0,-1133	  x0:0x00000000 x28=0x00000000
     140525.000 ns	     14051	80002a08	a646dd17	auipc	x26,0xa646d	 x26=0x2646fa08
     140545.000 ns	     14053	80002a0c	03c859b3	divu	x19,x16,x28	 x16:0x00000000 x28:0x00000001 x19=0xffffffff
     140575.000 ns	     14056	80002a10	02c273b3	remu	x7,x4,x12	  x4:0x00000000 x12:0x00000000  x7=0x00000000
     140605.000 ns	     14059	80002a14	037c73b3	remu	x7,x24,x23	 x24:0x00001000 x23:0x00000000  x7=0x00001000
     140645.000 ns	     14063	80002a18	580dfc53	fsqrt.s	f24,f27	 f27:0x7fc00000 f24=0x7fc00000
     140665.000 ns	     14065	80002a1c	923b6d93	ori	x27,x22,-1757	 x22:0x80041024 x27=0xfffff927
     140675.000 ns	     14066	80002a20	0053d0b3	srl	x1,x7,x5	  x7:0x00001000  x5:0x00000000  x1=0x00001000
     140685.000 ns	     14067	80002a24	38e3a3b7	lui	x7,0x38e3a	  x7=0x38e3a000
     140695.000 ns	     14068	80002a28	007463b3	or	x7,x8,x7	  x8:0x00000000  x7:0x00001000  x7=0x38e3a000
     140715.000 ns	     14070	80002a2c	20ff05d3	fsgnj.s	f11,f30,f15	 f30:0x00000748 f15:0x7fc00000 f11=0x00000748
     141055.000 ns	     14104	80002a30	18a570d3	fdiv.s	f1,f10,f10	 f10:0x3fb50465 f10:0x3fb50465  f1=0x3fa54343
     141095.000 ns	     14108	80002a34	1115fb53	fmul.s	f22,f11,f17	 f11:0x00000748 f17:0x7fc00000 f22=0x7fc00000
     141115.000 ns	     14110	80002a38	0144e9b3	or	x19,x9,x20	  x9:0x00000000 x20:0x00000000 x19=0x00000000
     141125.000 ns	     14111	80002a3c	35963f93	sltiu	x31,x12,857	 x12:0x00000000 x31=0x00000001
     141135.000 ns	     14112	80002a40	00a52633	slt	x12,x10,x10	 x10:0x3efffed4 x10:0x3efffed4 x12=0x00000000
     141155.000 ns	     14114	80002a44	c0017f53	fcvt.w.s	x30,f2	  f2:0xc3df0000 x30=0x000001be
     141175.000 ns	     14116	80002a48	4b924993	xori	x19,x4,1209	  x4:0x00000000 x19=0x000004b9
     141205.000 ns	     14119	80002a4c	10ebc5d3	fmul.s	f11,f23,f14	 f23:0xc3df0000 f14:0xbf7fffae f11=0x43deffb9
     141225.000 ns	     14121	80002a50	c6f9e893	ori	x17,x19,-913	 x19:0x00000000 x17=0xfffffcff
     141245.000 ns	     14123	80002a54	0380b333	mulhu	x6,x1,x24	  x1:0x00001000 x24:0x00001000  x6=0x00000000
     141265.000 ns	     14125	80002a58	001f0a33	add	x20,x30,x1	 x30:0x000001be  x1:0x00001000 x20=0x000011be
     141275.000 ns	     14126	80002a5c	0170dd13	srli	x26,x1,0x17	  x1:0x00001000 x26=0x00000000
     141295.000 ns	     14128	80002a60	297681d3	fmin.s	f3,f13,f23	 f13:0x3efffed4 f23:0xc3df0000  f3=0xc3df0000
     141325.000 ns	     14131	80002a64	c0077753	fcvt.w.s	x14,f14	 f14:0xbf7fffae x14=0x00000000
     141345.000 ns	     14133	80002a68	40a55c33	sra	x24,x10,x10	 x10:0x3efffed4 x10:0x3efffed4 x24=0x000003ef
     141365.000 ns	     14135	80002a6c	0292dbb3	divu	x23,x5,x9	  x5:0x00000000  x9:0x00000000 x23=0xffffffff
     141395.000 ns	     14138	80002a70	e0008f53	fmv.x.w	x30,f1	  f1:0x3fa54343 x30=0x3fa54343
     141425.000 ns	     14141	80002a74	a1851a53	flt.s	x20,f10,f24	 f10:0x3fb50465 f24:0x7fc00000 x20=0x00000000
     141455.000 ns	     14144	80002a78	d01c8153	fcvt.s.wu	f2,x25	 x25:0x00000000  f2=0x00000000
     141485.000 ns	     14147	80002a7c	e00008d3	fmv.x.w	x17,f0	  f0:0x7fc00000 x17=0x7fc00000
     141505.000 ns	     14149	80002a80	60ce8713	addi	x14,x29,1548	 x29:0x00000001 x14=0x0000060d
     141545.000 ns	     14153	80002a84	00818353	fadd.s	f6,f3,f8	  f3:0xc3df0000  f8:0x3f350482  f6=0xc3dea57e
     141565.000 ns	     14155	80002a88	002a02b3	add	x5,x20,x2	 x20:0x00000000  x2:0x80040fe4  x5=0x80040fe4
     141585.000 ns	     14157	80002a8c	21f3a3d3	fsgnjx.s	f7,f7,f31	  f7:0x00000000 f31:0x00000000  f7=0x00000000
     141605.000 ns	     14159	80002a90	40f85613	srai	x12,x16,0xf	 x16:0x00000000 x12=0x00000000
     141615.000 ns	     14160	80002a94	01e00f33	add	x30,x0,x30	  x0:0x00000000 x30:0x3fa54343 x30=0x3fa54343
     141635.000 ns	     14162	80002a98	a153a453	feq.s	x8,f7,f21	  f7:0x00000000 f21:0x00000000  x8=0x00000001
     141655.000 ns	     14164	80002a9c	001c6db3	or	x27,x24,x1	 x24:0x000003ef  x1:0x00001000 x27=0x000013ef
     141675.000 ns	     14166	80002aa0	20cf1853	fsgnjn.s	f16,f30,f12	 f30:0x00000748 f12:0x3efffed4 f16=0x80000748
     141695.000 ns	     14168	80002aa4	01729d33	sll	x26,x5,x23	  x5:0x80040fe4 x23:0xffffffff x26=0x00000000
     141715.000 ns	     14170	80002aa8	a1cb9553	flt.s	x10,f23,f28	 f23:0xc3df0000 f28:0x3efffed4 x10=0x00000001
     141735.000 ns	     14172	80002aac	0081b0b3	sltu	x1,x3,x8	  x3:0x00000000  x8:0x00000001  x1=0x00000001
     141755.000 ns	     14174	80002ab0	29478553	fmin.s	f10,f15,f20	 f15:0x7fc00000 f20:0x00000000 f10=0x00000000
     141785.000 ns	     14177	80002ab4	033b8633	mul	x12,x23,x19	 x23:0xffffffff x19:0x000004b9 x12=0xfffffb47
     141805.000 ns	     14179	80002ab8	f7422393	slti	x7,x4,-140	  x4:0x00000000  x7=0x00000000
     141825.000 ns	     14181	80002abc	021023b3	mulhsu	x7,x0,x1	  x0:0x00000000  x1:0x00000001  x7=0x00000000
     141855.000 ns	     14184	80002ac0	a1fc80d3	fle.s	x1,f25,f31	 f25:0x80000000 f31:0x00000000  x1=0x00000001
     141875.000 ns	     14186	80002ac4	01fa07b3	add	x15,x20,x31	 x20:0x00000000 x31:0x00000001 x15=0x00000001
     141885.000 ns	     14187	80002ac8	76bee613	ori	x12,x29,1899	 x29:0x00000001 x12=0x0000076b
     141925.000 ns	     14191	80002acc	01ca16d3	fadd.s	f13,f20,f28	 f20:0x00000000 f28:0x3efffed4 f13=0x3efffed4
     141945.000 ns	     14193	80002ad0	8fe9c693	xori	x13,x19,-1794	 x19:0x000004b9 x13=0xfffffc47
     141965.000 ns	     14195	80002ad4	0313a8b3	mulhsu	x17,x7,x17	  x7:0x00000000 x17:0x7fc00000 x17=0x00000000
     141995.000 ns	     14198	80002ad8	023fb6b3	mulhu	x13,x31,x3	 x31:0x00000001  x3:0x00000000 x13=0x00000000
     142015.000 ns	     14200	80002adc	00546fb3	or	x31,x8,x5	  x8:0x00000001  x5:0x80040fe4 x31=0x80040fe5
     142025.000 ns	     14201	80002ae0	0088fc33	and	x24,x17,x8	 x17:0x00000000  x8:0x00000001 x24=0x00000000
     142045.000 ns	     14203	80002ae4	a0820753	fle.s	x14,f4,f8	  f4:0xbf7fffae  f8:0x3f350482 x14=0x00000001
     142415.000 ns	     14240	80002ae8	02f24033	div	x0,x4,x15	  x4:0x00000000 x15:0x00000001
     142445.000 ns	     14243	80002aec	e0059c53	fclass.s	x24,f11	 f11:0x43deffb9 x24=0x00000040
     142465.000 ns	     14245	80002af0	b97b4337	lui	x6,0xb97b4	  x6=0xb97b4000
     142475.000 ns	     14246	80002af4	011398b3	sll	x17,x7,x17	  x7:0x00000000 x17:0x00000000 x17=0x00000000
     142495.000 ns	     14248	80002af8	c01ff653	fcvt.wu.s	x12,f31	 f31:0x00000000 x12=0x00000000
     142515.000 ns	     14250	80002afc	00d8dc13	srli	x24,x17,0xd	 x17:0x00000000 x24=0x00000000
     142535.000 ns	     14252	80002b00	29e89853	fmax.s	f16,f17,f30	 f17:0x7fc00000 f30:0x00000748 f16=0x00000748
     142555.000 ns	     14254	80002b04	41bb8433	sub	x8,x23,x27	 x23:0xffffffff x27:0x000013ef  x8=0xffffec10
     142915.000 ns	     14290	80002b08	02ee5d33	divu	x26,x28,x14	 x28:0x00000000 x14:0x00000001 x26=0x00000000
     142945.000 ns	     14293	80002b0c	290092d3	fmax.s	f5,f1,f16	  f1:0x3fa54343 f16:0x00000748  f5=0x3fa54343
     142965.000 ns	     14295	80002b10	012750b3	srl	x1,x14,x18	 x14:0x00000001 x18:0x3efffed4  x1=0x00000000
     142975.000 ns	     14296	80002b14	4dcd4a13	xori	x20,x26,1244	 x26:0x00000000 x20=0x000004dc
     142995.000 ns	     14298	80002b18	02015a33	divu	x20,x2,x0	  x2:0x80040fe4  x0:0x00000000 x20=0xffffffff
     143015.000 ns	     14300	80002b1c	00000013	addi	x0,x0,0	  x0:0x00000000
     143375.000 ns	     14336	80002b20	03674e33	div	x28,x14,x22	 x14:0x00000001 x22:0x80041024 x28=0x00000000
     143395.000 ns	     14338	80002b24	321db093	sltiu	x1,x27,801	 x27:0x000013ef  x1=0x00000000
     143415.000 ns	     14340	80002b28	20300b53	fsgnj.s	f22,f0,f3	  f0:0x7fc00000  f3:0xc3df0000 f22=0xffc00000
     143435.000 ns	     14342	80002b2c	c31193b7	lui	x7,0xc3119	  x7=0xc3119000
     143455.000 ns	     14344	80002b30	298b12d3	fmax.s	f5,f22,f24	 f22:0xffc00000 f24:0x7fc00000  f5=0x7fc00000
     143825.000 ns	     14381	80002b34	03456d33	rem	x26,x10,x20	 x10:0x00000001 x20:0xffffffff x26=0x00000000
     143845.000 ns	     14383	80002b38	82ad7793	andi	x15,x26,-2006	 x26:0x00000000 x15=0x00000000
     144175.000 ns	     14416	80002b3c	18c1f253	fdiv.s	f4,f3,f12	  f3:0xc3df0000 f12:0x3efffed4  f4=0xc45f0056
     144205.000 ns	     14419	80002b40	e00d9a53	fclass.s	x20,f27	 f27:0x7fc00000 x20=0x00000200
     144575.000 ns	     14456	80002b44	02e74233	div	x4,x14,x14	 x14:0x00000001 x14:0x00000001  x4=0x00000001
     144605.000 ns	     14459	80002b48	e0010fd3	fmv.x.w	x31,f2	  f2:0x00000000 x31=0x00000000
     144635.000 ns	     14462	80002b4c	a15393d3	flt.s	x7,f7,f21	  f7:0x00000000 f21:0x00000000  x7=0x00000000
     145815.000 ns	     14580	80002b50	58059ad3	fsqrt.s	f21,f11	 f11:0x43deffb9 f21=0x41a8f304
     145835.000 ns	     14582	80002b54	40505bb3	sra	x23,x0,x5	  x0:0x00000000  x5:0x80040fe4 x23=0x00000000
     145855.000 ns	     14584	80002b58	035a0d33	mul	x26,x20,x21	 x20:0x00000200 x21:0x00000000 x26=0x00000000
     145885.000 ns	     14587	80002b5c	219d89d3	fsgnj.s	f19,f27,f25	 f27:0x7fc00000 f25:0x80000000 f19=0xffc00000
     145905.000 ns	     14589	80002b60	00eef2b3	and	x5,x29,x14	 x29:0x00000001 x14:0x00000001  x5=0x00000001
     145925.000 ns	     14591	80002b64	21972653	fsgnjx.s	f12,f14,f25	 f14:0xbf7fffae f25:0x80000000 f12=0x3f7fffae
     145945.000 ns	     14593	80002b68	849a6d13	ori	x26,x20,-1975	 x20:0x00000200 x26=0xfffffa49
     145965.000 ns	     14595	80002b6c	d013fc53	fcvt.s.wu	f24,x7	  x7:0x00000000 f24=0x00000000
     145985.000 ns	     14597	80002b70	00124433	xor	x8,x4,x1	  x4:0x00000001  x1:0x00000000  x8=0x00000001
     146005.000 ns	     14599	80002b74	0264a533	mulhsu	x10,x9,x6	  x9:0x00000000  x6:0xb97b4000 x10=0x00000000
     146035.000 ns	     14602	80002b78	c0127fd3	fcvt.wu.s	x31,f4	  f4:0xc45f0056 x31=0x0000037c
     146065.000 ns	     14605	80002b7c	c01df953	fcvt.wu.s	x18,f27	 f27:0x7fc00000 x18=0xffffffff
     146085.000 ns	     14607	80002b80	00000013	addi	x0,x0,0	  x0:0x00000000
     146095.000 ns	     14608	80002b84	00843bb3	sltu	x23,x8,x8	  x8:0x00000001  x8:0x00000001 x23=0x00000000
     146455.000 ns	     14644	80002b88	03fdceb3	div	x29,x27,x31	 x27:0x000013ef x31:0x0000037c x29=0x00000005
     146475.000 ns	     14646	80002b8c	00000013	addi	x0,x0,0	  x0:0x00000000
     146495.000 ns	     14648	80002b90	02f087b3	mul	x15,x1,x15	  x1:0x00000000 x15:0x00000000 x15=0x00000000
     146515.000 ns	     14650	80002b94	0131f0b3	and	x1,x3,x19	  x3:0x00000000 x19:0x000004b9  x1=0x00000000
     146535.000 ns	     14652	80002b98	02523cb3	mulhu	x25,x4,x5	  x4:0x00000001  x5:0x00000001 x25=0x00000000
     146565.000 ns	     14655	80002b9c	d01f7753	fcvt.s.wu	f14,x30	 x30:0x3fa54343 f14=0x4e7e950d
     146595.000 ns	     14658	80002ba0	02d5bd33	mulhu	x26,x11,x13	 x11:0x80000000 x13:0x00000000 x26=0x00000000
     146635.000 ns	     14662	80002ba4	19658dd3	fdiv.s	f27,f11,f22	 f11:0x43deffb9 f22:0xffc00000 f27=0x7fc00000
     146665.000 ns	     14665	80002ba8	02888933	mul	x18,x17,x8	 x17:0x00000000  x8:0x00000001 x18=0x00000000
     146685.000 ns	     14667	80002bac	40870f33	sub	x30,x14,x8	 x14:0x00000001  x8:0x00000001 x30=0x00000000
     146725.000 ns	     14671	80002bb0	010620d3	fadd.s	f1,f12,f16	 f12:0x3f7fffae f16:0x00000748  f1=0x3f7fffae
     146745.000 ns	     14673	80002bb4	01e2d033	srl	x0,x5,x30	  x5:0x00000001 x30:0x3fa54343
     146785.000 ns	     14677	80002bb8	0133f153	fadd.s	f2,f7,f19	  f7:0x00000000 f19:0xffc00000  f2=0x7fc00000
     146815.000 ns	     14680	80002bbc	e00d9ed3	fclass.s	x29,f27	 f27:0x7fc00000 x29=0x00000200
     146835.000 ns	     14682	80002bc0	64166637	lui	x12,0x64166	 x12=0x64166000
     146855.000 ns	     14684	80002bc4	d0197fd3	fcvt.s.wu	f31,x18	 x18:0x00000000 f31=0x00000000
     146885.000 ns	     14687	80002bc8	d0141053	fcvt.s.wu	f0,x8	  x8:0x00000001  f0=0x3f800000
     146915.000 ns	     14690	80002bcc	c0107553	fcvt.wu.s	x10,f0	  f0:0x7fc00000 x10=0x00000001
     146935.000 ns	     14692	80002bd0	01c10eb3	add	x29,x2,x28	  x2:0x80040fe4 x28:0x00000000 x29=0x80040fe4
     146955.000 ns	     14694	80002bd4	a0b8abd3	feq.s	x23,f17,f11	 f17:0x7fc00000 f11:0x43deffb9 x23=0x00000000
     147005.000 ns	     14699	80002bd8	086ba0d3	fsub.s	f1,f23,f6	 f23:0xc3df0000  f6:0xc3dea57e  f1=0xbf350400
     147035.000 ns	     14702	80002bdc	a06ea9d3	feq.s	x19,f29,f6	 f29:0xcefff7df  f6:0xc3dea57e x19=0x00000000
     147055.000 ns	     14704	80002be0	00e56933	or	x18,x10,x14	 x10:0x00000001 x14:0x00000001 x18=0x00000001
     147065.000 ns	     14705	80002be4	01821e33	sll	x28,x4,x24	  x4:0x00000001 x24:0x00000000 x28=0x00000001
     147075.000 ns	     14706	80002be8	40c65db3	sra	x27,x12,x12	 x12:0x64166000 x12:0x64166000 x27=0x64166000
     147085.000 ns	     14707	80002bec	009ffab3	and	x21,x31,x9	 x31:0x0000037c  x9:0x00000000 x21=0x00000000
     147115.000 ns	     14710	80002bf0	580d1f53	fsqrt.s	f30,f26	 f26:0x00000000 f30=0x00000000
     147155.000 ns	     14714	80002bf4	19b2b153	fdiv.s	f2,f5,f27	  f5:0x7fc00000 f27:0x7fc00000  f2=0x7fc00000
     147185.000 ns	     14717	80002bf8	02613033	mulhu	x0,x2,x6	  x2:0x80040fe4  x6:0xb97b4000
     147205.000 ns	     14719	80002bfc	41c608b3	sub	x17,x12,x28	 x12:0x64166000 x28:0x00000001 x17=0x64165fff
     147225.000 ns	     14721	80002c00	0275f633	remu	x12,x11,x7	 x11:0x80000000  x7:0x00000000 x12=0x80000000
     147245.000 ns	     14723	80002c04	00969a33	sll	x20,x13,x9	 x13:0x00000000  x9:0x00000000 x20=0x00000000
     147265.000 ns	     14725	80002c08	e00e8753	fmv.x.w	x14,f29	 f29:0xcefff7df x14=0xcefff7df
     147285.000 ns	     14727	80002c0c	40b10d33	sub	x26,x2,x11	  x2:0x80040fe4 x11:0x80000000 x26=0x00040fe4
     147645.000 ns	     14763	80002c10	0267dbb3	divu	x23,x15,x6	 x15:0x00000000  x6:0xb97b4000 x23=0x00000000
     147665.000 ns	     14765	80002c14	339c68b7	lui	x17,0x339c6	 x17=0x339c6000
     147685.000 ns	     14767	80002c18	a18e9ad3	flt.s	x21,f29,f24	 f29:0xcefff7df f24:0x00000000 x21=0x00000001
     147715.000 ns	     14770	80002c1c	d005fc53	fcvt.s.w	f24,x11	 x11:0x80000000 f24=0xcf000000
     147765.000 ns	     14775	80002c20	000e0e53	fadd.s	f28,f28,f0	 f28:0x3efffed4  f0:0x3f800000 f28=0x3fbfffb5
     147785.000 ns	     14777	80002c24	01cd4cb3	xor	x25,x26,x28	 x26:0x00040fe4 x28:0x00000001 x25=0x00040fe5
     147805.000 ns	     14779	80002c28	02359cb3	mulh	x25,x11,x3	 x11:0x80000000  x3:0x00000000 x25=0x00000000
     147845.000 ns	     14783	80002c2c	116c2653	fmul.s	f12,f24,f22	 f24:0xcf000000 f22:0xffc00000 f12=0x7fc00000
     147875.000 ns	     14786	80002c30	023d58b3	divu	x17,x26,x3	 x26:0x00040fe4  x3:0x00000000 x17=0xffffffff
     147905.000 ns	     14789	80002c34	f0070ad3	fmv.w.x	f21,x14	 x14:0xcefff7df f21=0xcefff7df
     147925.000 ns	     14791	80002c38	411cdc13	srai	x24,x25,0x11	 x25:0x00000000 x24=0x00000000
     147945.000 ns	     14793	80002c3c	a0df27d3	feq.s	x15,f30,f13	 f30:0x00000000 f13:0x3efffed4 x15=0x00000000
     147995.000 ns	     14798	80002c40	0801f453	fsub.s	f8,f3,f0	  f3:0xc3df0000  f0:0x3f800000  f8=0xc3df8000
     148025.000 ns	     14801	80002c44	a12ea353	feq.s	x6,f29,f18	 f29:0xcefff7df f18:0x7fc00000  x6=0x00000000
     148045.000 ns	     14803	80002c48	6ca70b93	addi	x23,x14,1738	 x14:0xcefff7df x23=0xcefffea9
     148065.000 ns	     14805	80002c4c	f00a0dd3	fmv.w.x	f27,x20	 x20:0x00000000 f27=0x00000000
     148085.000 ns	     14807	80002c50	00000013	addi	x0,x0,0	  x0:0x00000000
     148095.000 ns	     14808	80002c54	0104a9b3	slt	x19,x9,x16	  x9:0x00000000 x16:0x00000000 x19=0x00000000
     148115.000 ns	     14810	80002c58	02828333	mul	x6,x5,x8	  x5:0x00000001  x8:0x00000001  x6=0x00000001
     148145.000 ns	     14813	80002c5c	20a791d3	fsgnjn.s	f3,f15,f10	 f15:0x7fc00000 f10:0x00000000  f3=0xffc00000
     148175.000 ns	     14816	80002c60	0397b933	mulhu	x18,x15,x25	 x15:0x00000000 x25:0x00000000 x18=0x00000000
     148195.000 ns	     14818	80002c64	01e6b9b3	sltu	x19,x13,x30	 x13:0x00000000 x30:0x00000000 x19=0x00000000
     148215.000 ns	     14820	80002c68	02b38ab3	mul	x21,x7,x11	  x7:0x00000000 x11:0x80000000 x21=0x00000000
     148255.000 ns	     14824	80002c6c	19a709d3	fdiv.s	f19,f14,f26	 f14:0x4e7e950d f26:0x00000000 f19=0x7f800000
     148285.000 ns	     14827	80002c70	02d8c933	div	x18,x17,x13	 x17:0xffffffff x13:0x00000000 x18=0xffffffff
     148305.000 ns	     14829	80002c74	401c8033	sub	x0,x25,x1	 x25:0x00000000  x1:0x00000000
     148325.000 ns	     14831	80002c78	024b0233	mul	x4,x22,x4	 x22:0x80041024  x4:0x00000001  x4=0x80041024
     148345.000 ns	     14833	80002c7c	41380ab3	sub	x21,x16,x19	 x16:0x00000000 x19:0x00000000 x21=0x00000000
     148365.000 ns	     14835	80002c80	c00c8653	fcvt.w.s	x12,f25	 f25:0x80000000 x12=0x00000000
     148395.000 ns	     14838	80002c84	027f14b3	mulh	x9,x30,x7	 x30:0x00000000  x7:0x00000000  x9=0x00000000
     148415.000 ns	     14840	80002c88	00c8a9b3	slt	x19,x17,x12	 x17:0xffffffff x12:0x00000000 x19=0x00000001
     148425.000 ns	     14841	80002c8c	00df90b3	sll	x1,x31,x13	 x31:0x0000037c x13:0x00000000  x1=0x0000037c
     148435.000 ns	     14842	80002c90	00a807b3	add	x15,x16,x10	 x16:0x00000000 x10:0x00000001 x15=0x00000001
     148445.000 ns	     14843	80002c94	c84fc613	xori	x12,x31,-892	 x31:0x0000037c x12=0xfffffff8
     148455.000 ns	     14844	80002c98	017e5093	srli	x1,x28,0x17	 x28:0x00000001  x1=0x00000000
     148475.000 ns	     14846	80002c9c	c00a7953	fcvt.w.s	x18,f20	 f20:0x00000000 x18=0x00000000
     148505.000 ns	     14849	80002ca0	e00598d3	fclass.s	x17,f11	 f11:0x43deffb9 x17=0x00000040
     148545.000 ns	     14853	80002ca4	1146f353	fmul.s	f6,f13,f20	 f13:0x3efffed4 f20:0x00000000  f6=0x00000000
     148575.000 ns	     14856	80002ca8	c01d1a53	fcvt.wu.s	x20,f26	 f26:0x00000000 x20=0x00000000
     148605.000 ns	     14859	80002cac	038cb4b3	mulhu	x9,x25,x24	 x25:0x00000000 x24:0x00000000  x9=0x00000000
     148635.000 ns	     14862	80002cb0	e00c8dd3	fmv.x.w	x27,f25	 f25:0x80000000 x27=0x80000000
     148665.000 ns	     14865	80002cb4	0293f9b3	remu	x19,x7,x9	  x7:0x00000000  x9:0x00000000 x19=0x00000000
     148695.000 ns	     14868	80002cb8	c010fbd3	fcvt.wu.s	x23,f1	  f1:0xbf350400 x23=0x00000000
     148725.000 ns	     14871	80002cbc	0236aab3	mulhsu	x21,x13,x3	 x13:0x00000000  x3:0x00000000 x21=0x00000000
     148765.000 ns	     14875	80002cc0	19a1f653	fdiv.s	f12,f3,f26	  f3:0xffc00000 f26:0x00000000 f12=0x7fc00000
     148795.000 ns	     14878	80002cc4	a163aed3	feq.s	x29,f7,f22	  f7:0x00000000 f22:0xffc00000 x29=0x00000000
     148825.000 ns	     14881	80002cc8	a1838a53	fle.s	x20,f7,f24	  f7:0x00000000 f24:0xcf000000 x20=0x00000000
     148855.000 ns	     14884	80002ccc	f0068b53	fmv.w.x	f22,x13	 x13:0x00000000 f22=0x00000000
     148875.000 ns	     14886	80002cd0	017b5033	srl	x0,x22,x23	 x22:0x80041024 x23:0x00000000
     148885.000 ns	     14887	80002cd4	006a5d93	srli	x27,x20,0x6	 x20:0x00000000 x27=0x00000000
     148895.000 ns	     14888	80002cd8	40130833	sub	x16,x6,x1	  x6:0x00000001  x1:0x00000000 x16=0x00000001
     148915.000 ns	     14890	80002cdc	a0a62653	feq.s	x12,f12,f10	 f12:0x7fc00000 f10:0x00000000 x12=0x00000000
     148945.000 ns	     14893	80002ce0	c00bf653	fcvt.w.s	x12,f23	 f23:0xc3df0000 x12=0x000001be
     148965.000 ns	     14895	80002ce4	2e244d37	lui	x26,0x2e244	 x26=0x2e244000
     148985.000 ns	     14897	80002ce8	02631eb3	mulh	x29,x6,x6	  x6:0x00000001  x6:0x00000001 x29=0x00000000
     149015.000 ns	     14900	80002cec	c0067953	fcvt.w.s	x18,f12	 f12:0x7fc00000 x18=0x7fffffff
     149045.000 ns	     14903	80002cf0	a1d60053	fle.s	x0,f12,f29	 f12:0x7fc00000 f29:0xcefff7df
     149095.000 ns	     14908	80002cf4	09dc7cd3	fsub.s	f25,f24,f29	 f24:0xcf000000 f29:0xcefff7df f25=0xc8820000
     149115.000 ns	     14910	80002cf8	00fda6b3	slt	x13,x27,x15	 x27:0x00000000 x15:0x00000001 x13=0x00000001
     149135.000 ns	     14912	80002cfc	d00809d3	fcvt.s.w	f19,x16	 x16:0x00000001 f19=0x3f800000
     149155.000 ns	     14914	80002d00	688b7493	andi	x9,x22,1672	 x22:0x80041024  x9=0x00000000
     149175.000 ns	     14916	80002d04	d0047253	fcvt.s.w	f4,x8	  x8:0x00000001  f4=0x3f800000
     149205.000 ns	     14919	80002d08	f00883d3	fmv.w.x	f7,x17	 x17:0x00000040  f7=0x00000040
     149225.000 ns	     14921	80002d0c	01f32db3	slt	x27,x6,x31	  x6:0x00000001 x31:0x0000037c x27=0x00000001
     149235.000 ns	     14922	80002d10	01964ab3	xor	x21,x12,x25	 x12:0x000001be x25:0x00000000 x21=0x000001be
     149245.000 ns	     14923	80002d14	006844b3	xor	x9,x16,x6	 x16:0x00000001  x6:0x00000001  x9=0x00000000
     149265.000 ns	     14925	80002d18	c0017053	fcvt.w.s	x0,f2	  f2:0x7fc00000
     149285.000 ns	     14927	80002d1c	013e4c33	xor	x24,x28,x19	 x28:0x00000001 x19:0x00000000 x24=0x00000001
     149645.000 ns	     14963	80002d20	03a25e33	divu	x28,x4,x26	  x4:0x80041024 x26:0x2e244000 x28=0x00000002
     149685.000 ns	     14967	80002d24	182afad3	fdiv.s	f21,f21,f2	 f21:0xcefff7df  f2:0x7fc00000 f21=0x7fc00000
     149705.000 ns	     14969	80002d28	00311793	slli	x15,x2,0x3	  x2:0x80040fe4 x15=0x00207f20
     149725.000 ns	     14971	80002d2c	d003f3d3	fcvt.s.w	f7,x7	  x7:0x00000000  f7=0x00000000
     149745.000 ns	     14973	80002d30	00c5c7b3	xor	x15,x11,x12	 x11:0x80000000 x12:0x000001be x15=0x800001be
     149755.000 ns	     14974	80002d34	7a17a013	slti	x0,x15,1953	 x15:0x00207f20
     149775.000 ns	     14976	80002d38	033f84b3	mul	x9,x31,x19	 x31:0x0000037c x19:0x00000000  x9=0x00000000
     149795.000 ns	     14978	80002d3c	0b90c293	xori	x5,x1,185	  x1:0x00000000  x5=0x000000b9
     149815.000 ns	     14980	80002d40	a11a13d3	flt.s	x7,f20,f17	 f20:0x00000000 f17:0x7fc00000  x7=0x00000000
     149855.000 ns	     14984	80002d44	5803fed3	fsqrt.s	f29,f7	  f7:0x00000000 f29=0x00000000
     150995.000 ns	     15098	80002d48	58077b53	fsqrt.s	f22,f14	 f14:0x4e7e950d f22=0x46b403d7
     151025.000 ns	     15101	80002d4c	29cd0c53	fmin.s	f24,f26,f28	 f26:0x00000000 f28:0x3fbfffb5 f24=0x00000000
     151045.000 ns	     15103	80002d50	45f56613	ori	x12,x10,1119	 x10:0x00000001 x12=0x0000045f
     151055.000 ns	     15104	80002d54	00dfd093	srli	x1,x31,0xd	 x31:0x0000037c  x1=0x00000000
     151065.000 ns	     15105	80002d58	01f1d993	srli	x19,x3,0x1f	  x3:0x00000000 x19=0x00000000
     151075.000 ns	     15106	80002d5c	400d5f13	srai	x30,x26,0x0	 x26:0x2e244000 x30=0x2e244000
     151095.000 ns	     15108	80002d60	02df0eb3	mul	x29,x30,x13	 x30:0x00000000 x13:0x00000001 x29=0x2e244000
     151125.000 ns	     15111	80002d64	204a8553	fsgnj.s	f10,f21,f4	 f21:0x7fc00000  f4:0x3f800000 f10=0x7fc00000
     151145.000 ns	     15113	80002d68	00c786b3	add	x13,x15,x12	 x15:0x800001be x12:0x0000045f x13=0x8000061d
     151155.000 ns	     15114	80002d6c	d7789897	auipc	x17,0xd7789	 x17=0x5778bd6c
     151165.000 ns	     15115	80002d70	1b62fa13	andi	x20,x5,438	  x5:0x000000b9 x20=0x000000b0
     151185.000 ns	     15117	80002d74	02cba2b3	mulhsu	x5,x23,x12	 x23:0x00000000 x12:0x0000045f  x5=0x00000000
     151215.000 ns	     15120	80002d78	d01c7953	fcvt.s.wu	f18,x24	 x24:0x00000001 f18=0x3f800000
     151235.000 ns	     15122	80002d7c	40488ab3	sub	x21,x17,x4	 x17:0x5778bd6c  x4:0x80041024 x21=0xd774ad48
     151245.000 ns	     15123	80002d80	00f0c6b3	xor	x13,x1,x15	  x1:0x00000000 x15:0x800001be x13=0x800001be
     151265.000 ns	     15125	80002d84	c0077353	fcvt.w.s	x6,f14	 f14:0x4e7e950d  x6=0x3fa54340
     151285.000 ns	     15127	80002d88	010b96b3	sll	x13,x23,x16	 x23:0x00000000 x16:0x00000001 x13=0x00000000
     151315.000 ns	     15130	80002d8c	1891aa53	fdiv.s	f20,f3,f9	  f3:0xffc00000  f9:0x00000000 f20=0x7fc00000
     151345.000 ns	     15133	80002d90	f0008953	fmv.w.x	f18,x1	  x1:0x00000000 f18=0x00000000
     151395.000 ns	     15138	80002d94	09f676d3	fsub.s	f13,f12,f31	 f12:0x7fc00000 f31:0x00000000 f13=0x7fc00000
     151435.000 ns	     15142	80002d98	5802f653	fsqrt.s	f12,f5	  f5:0x7fc00000 f12=0x7fc00000
     151805.000 ns	     15179	80002d9c	02f6e6b3	rem	x13,x13,x15	 x13:0x00000000 x15:0x800001be x13=0x00000000
     151825.000 ns	     15181	80002da0	00000013	addi	x0,x0,0	  x0:0x00000000
     151835.000 ns	     15182	80002da4	e24a3093	sltiu	x1,x20,-476	 x20:0x000000b0  x1=0x00000001
     152195.000 ns	     15218	80002da8	03d8cdb3	div	x27,x17,x29	 x17:0x5778bd6c x29:0x2e244000 x27=0x00000001
     152225.000 ns	     15221	80002dac	c00ffa53	fcvt.w.s	x20,f31	 f31:0x00000000 x20=0x00000000
     152245.000 ns	     15223	80002db0	6ab10e17	auipc	x28,0x6ab10	 x28=0xeab12db0
     152605.000 ns	     15259	80002db4	0228dc33	divu	x24,x17,x2	 x17:0x5778bd6c  x2:0x80040fe4 x24=0x00000000
     152625.000 ns	     15261	80002db8	ca42c093	xori	x1,x5,-860	  x5:0x00000000  x1=0xfffffca4
     152635.000 ns	     15262	80002dbc	d71d6993	ori	x19,x26,-655	 x26:0x2e244000 x19=0xfffffd71
     152645.000 ns	     15263	80002dc0	9ec96f13	ori	x30,x18,-1556	 x18:0x7fffffff x30=0xffffffff
     152655.000 ns	     15264	80002dc4	0cd84c93	xori	x25,x16,205	 x16:0x00000001 x25=0x000000cc
     152675.000 ns	     15266	80002dc8	c0191253	fcvt.wu.s	x4,f18	 f18:0x00000000  x4=0x00000000
     152695.000 ns	     15268	80002dcc	40af86b3	sub	x13,x31,x10	 x31:0x0000037c x10:0x00000001 x13=0x0000037b
     152725.000 ns	     15271	80002dd0	580a4353	fsqrt.s	f6,f20	 f20:0x7fc00000  f6=0x7fc00000
     152755.000 ns	     15274	80002dd4	29be1ed3	fmax.s	f29,f28,f27	 f28:0x3fbfffb5 f27:0x00000000 f29=0x3fbfffb5
     152785.000 ns	     15277	80002dd8	a1aaaf53	feq.s	x30,f21,f26	 f21:0x7fc00000 f26:0x00000000 x30=0x00000000
     152815.000 ns	     15280	80002ddc	03fb04b3	mul	x9,x22,x31	 x22:0x80041024 x31:0x0000037c  x9=0x0e283d70
     152835.000 ns	     15282	80002de0	00569493	slli	x9,x13,0x5	 x13:0x0000037b  x9=0x00006f60
     152845.000 ns	     15283	80002de4	38c42a13	slti	x20,x8,908	  x8:0x00000001 x20=0x00000001
     152865.000 ns	     15285	80002de8	a13b24d3	feq.s	x9,f22,f19	 f22:0x46b403d7 f19:0x3f800000  x9=0x00000000
     152885.000 ns	     15287	80002dec	065e0c17	auipc	x24,0x65e0	 x24=0x865e2dec
     152895.000 ns	     15288	80002df0	00e7f833	and	x16,x15,x14	 x15:0x800001be x14:0xcefff7df x16=0x8000019e
     152915.000 ns	     15290	80002df4	a1649753	flt.s	x14,f9,f22	  f9:0x00000000 f22:0x46b403d7 x14=0x00000001
     152945.000 ns	     15293	80002df8	28569153	fmax.s	f2,f13,f5	 f13:0x7fc00000  f5:0x7fc00000  f2=0x7fc00000
     152965.000 ns	     15295	80002dfc	7b9ae793	ori	x15,x21,1977	 x21:0xd774ad48 x15=0xd774aff9
     152975.000 ns	     15296	80002e00	02192a93	slti	x21,x18,33	 x18:0x7fffffff x21=0x00000000
     153005.000 ns	     15299	80002e04	58038453	fsqrt.s	f8,f7	  f7:0x00000000  f8=0x00000000
     153025.000 ns	     15301	80002e08	01db1013	slli	x0,x22,0x1d	 x22:0x80041024
     153065.000 ns	     15305	80002e0c	007bf7d3	fadd.s	f15,f23,f7	 f23:0xc3df0000  f7:0x00000000 f15=0xc3df0000
     153085.000 ns	     15307	80002e10	6389b013	sltiu	x0,x19,1592	 x19:0xfffffd71
     153105.000 ns	     15309	80002e14	c0074cd3	fcvt.w.s	x25,f14	 f14:0x4e7e950d x25=0x3fa54340
     153135.000 ns	     15312	80002e18	f0048853	fmv.w.x	f16,x9	  x9:0x00000000 f16=0x00000000
     153155.000 ns	     15314	80002e1c	00931793	slli	x15,x6,0x9	  x6:0x3fa54340 x15=0x4a868000
     153175.000 ns	     15316	80002e20	c015fcd3	fcvt.wu.s	x25,f11	 f11:0x43deffb9 x25=0x000001bd
     153195.000 ns	     15318	80002e24	007bd3b3	srl	x7,x23,x7	 x23:0x00000000  x7:0x00000000  x7=0x00000000
     153235.000 ns	     15322	80002e28	009f2153	fadd.s	f2,f30,f9	 f30:0x00000000  f9:0x00000000  f2=0x00000000
     153255.000 ns	     15324	80002e2c	964f4013	xori	x0,x30,-1692	 x30:0x00000000
     153265.000 ns	     15325	80002e30	00f65a13	srli	x20,x12,0xf	 x12:0x0000045f x20=0x00000000
     153275.000 ns	     15326	80002e34	00b81393	slli	x7,x16,0xb	 x16:0x8000019e  x7=0x000cf000
     153295.000 ns	     15328	80002e38	a118ae53	feq.s	x28,f17,f17	 f17:0x7fc00000 f17:0x7fc00000 x28=0x00000000
     153315.000 ns	     15330	80002e3c	401d5833	sra	x16,x26,x1	 x26:0x2e244000  x1:0xfffffca4 x16=0x02e24400
     153325.000 ns	     15331	80002e40	004be033	or	x0,x23,x4	 x23:0x00000000  x4:0x00000000
     153335.000 ns	     15332	80002e44	18ce3913	sltiu	x18,x28,396	 x28:0x00000000 x18=0x00000001
     153345.000 ns	     15333	80002e48	01d0cdb3	xor	x27,x1,x29	  x1:0xfffffca4 x29:0x2e244000 x27=0xd1dbbca4
     153355.000 ns	     15334	80002e4c	004b0c33	add	x24,x22,x4	 x22:0x80041024  x4:0x00000000 x24=0x80041024
     153375.000 ns	     15336	80002e50	29ac13d3	fmax.s	f7,f24,f26	 f24:0x00000000 f26:0x00000000  f7=0x00000000
     153405.000 ns	     15339	80002e54	d0172453	fcvt.s.wu	f8,x14	 x14:0x00000001  f8=0x3f800000
     153425.000 ns	     15341	80002e58	56553d13	sltiu	x26,x10,1381	 x10:0x00000001 x26=0x00000001
     153785.000 ns	     15377	80002e5c	03dbe7b3	rem	x15,x23,x29	 x23:0x00000000 x29:0x2e244000 x15=0x00000000
     153835.000 ns	     15382	80002e60	00d28453	fadd.s	f8,f5,f13	  f5:0x7fc00000 f13:0x7fc00000  f8=0x7fc00000
     153855.000 ns	     15384	80002e64	01e222b3	slt	x5,x4,x30	  x4:0x00000000 x30:0x00000000  x5=0x00000000
     153865.000 ns	     15385	80002e68	00038833	add	x16,x7,x0	  x7:0x000cf000  x0:0x00000000 x16=0x000cf000
     153875.000 ns	     15386	80002e6c	bf08ba13	sltiu	x20,x17,-1040	 x17:0x5778bd6c x20=0x00000001
     153905.000 ns	     15389	80002e70	1147acd3	fmul.s	f25,f15,f20	 f15:0xc3df0000 f20:0x7fc00000 f25=0x7fc00000
     153935.000 ns	     15392	80002e74	f0020fd3	fmv.w.x	f31,x4	  x4:0x00000000 f31=0x00000000
     153955.000 ns	     15394	80002e78	83844713	xori	x14,x8,-1992	  x8:0x00000001 x14=0xfffff839
     153985.000 ns	     15397	80002e7c	10ecacd3	fmul.s	f25,f25,f14	 f25:0x7fc00000 f14:0x4e7e950d f25=0x7fc00000
     154015.000 ns	     15400	80002e80	c01c7d53	fcvt.wu.s	x26,f24	 f24:0x00000000 x26=0x00000000
     154055.000 ns	     15404	80002e84	11e244d3	fmul.s	f9,f4,f30	  f4:0x3f800000 f30:0x00000000  f9=0x00000000
     154075.000 ns	     15406	80002e88	01d65333	srl	x6,x12,x29	 x12:0x0000045f x29:0x2e244000  x6=0x0000045f
     154085.000 ns	     15407	80002e8c	00a4d713	srli	x14,x9,0xa	  x9:0x00000000 x14=0x00000000
     154105.000 ns	     15409	80002e90	02e2ee33	rem	x28,x5,x14	  x5:0x00000000 x14:0xfffff839 x28=0x00000000
     154125.000 ns	     15411	80002e94	0142a4b3	slt	x9,x5,x20	  x5:0x00000000 x20:0x00000001  x9=0x00000001
     154155.000 ns	     15414	80002e98	113a7453	fmul.s	f8,f20,f19	 f20:0x7fc00000 f19:0x3f800000  f8=0x7fc00000
     154195.000 ns	     15418	80002e9c	19767bd3	fdiv.s	f23,f12,f23	 f12:0x7fc00000 f23:0xc3df0000 f23=0x7fc00000
     154225.000 ns	     15421	80002ea0	295885d3	fmin.s	f11,f17,f21	 f17:0x7fc00000 f21:0x7fc00000 f11=0x7fc00000
     154255.000 ns	     15424	80002ea4	020008b3	mul	x17,x0,x0	  x0:0x00000000  x0:0x00000000 x17=0x00000000
     154275.000 ns	     15426	80002ea8	c6c68a93	addi	x21,x13,-916	 x13:0x0000037b x21=0xffffffe7
     155445.000 ns	     15543	80002eac	58022b53	fsqrt.s	f22,f4	  f4:0x3f800000 f22=0x3f7fffae
     155475.000 ns	     15546	80002eb0	03e9e4b3	rem	x9,x19,x30	 x19:0xfffffd71 x30:0x00000000  x9=0xfffffd71
     155495.000 ns	     15548	80002eb4	41eb81b3	sub	x3,x23,x30	 x23:0x00000000 x30:0x00000000  x3=0x00000000
     155505.000 ns	     15549	80002eb8	01b73433	sltu	x8,x14,x27	 x14:0x00000000 x27:0xd1dbbca4  x8=0x00000001
     155525.000 ns	     15551	80002ebc	a1070ed3	fle.s	x29,f14,f16	 f14:0x4e7e950d f16:0x00000000 x29=0x00000000
     155545.000 ns	     15553	80002ec0	1b7b6d37	lui	x26,0x1b7b6	 x26=0x1b7b6000
     155565.000 ns	     15555	80002ec4	a1cea7d3	feq.s	x15,f29,f28	 f29:0x3fbfffb5 f28:0x3fbfffb5 x15=0x00000001
     155585.000 ns	     15557	80002ec8	513aa393	slti	x7,x21,1299	 x21:0xffffffe7  x7=0x00000001
     155605.000 ns	     15559	80002ecc	03e66bb3	rem	x23,x12,x30	 x12:0x0000045f x30:0x00000000 x23=0x0000045f
     155625.000 ns	     15561	80002ed0	00758a33	add	x20,x11,x7	 x11:0x80000000  x7:0x000cf000 x20=0x80000001
     155635.000 ns	     15562	80002ed4	00e80db3	add	x27,x16,x14	 x16:0x000cf000 x14:0x00000000 x27=0x000cf000
     155645.000 ns	     15563	80002ed8	015136b3	sltu	x13,x2,x21	  x2:0x80040fe4 x21:0xffffffe7 x13=0x00000001
     155665.000 ns	     15565	80002edc	20aa99d3	fsgnjn.s	f19,f21,f10	 f21:0x7fc00000 f10:0x7fc00000 f19=0xffc00000
     155695.000 ns	     15568	80002ee0	a0a718d3	flt.s	x17,f14,f10	 f14:0x4e7e950d f10:0x7fc00000 x17=0x00000000
     155725.000 ns	     15571	80002ee4	21918fd3	fsgnj.s	f31,f3,f25	  f3:0xffc00000 f25:0x7fc00000 f31=0x7fc00000
     155755.000 ns	     15574	80002ee8	03e28a33	mul	x20,x5,x30	  x5:0x00000000 x30:0x00000000 x20=0x00000000
     155775.000 ns	     15576	80002eec	01fcec33	or	x24,x25,x31	 x25:0x000001bd x31:0x0000037c x24=0x000003fd
     155795.000 ns	     15578	80002ef0	20daa253	fsgnjx.s	f4,f21,f13	 f21:0x7fc00000 f13:0x7fc00000  f4=0x7fc00000
     155815.000 ns	     15580	80002ef4	f1ec4817	auipc	x16,0xf1ec4	 x16=0x71ec6ef4
     155825.000 ns	     15581	80002ef8	0a233f93	sltiu	x31,x6,162	  x6:0x0000045f x31=0x00000000
     155835.000 ns	     15582	80002efc	02d77413	andi	x8,x14,45	 x14:0x00000000  x8=0x00000000
     156195.000 ns	     15618	80002f00	026d7533	remu	x10,x26,x6	 x26:0x1b7b6000  x6:0x0000045f x10=0x000003a5
     156245.000 ns	     15623	80002f04	09537353	fsub.s	f6,f6,f21	  f6:0x7fc00000 f21:0x7fc00000  f6=0x7fc00000
     156265.000 ns	     15625	80002f08	5f208b93	addi	x23,x1,1522	  x1:0xfffffca4 x23=0x00000296
     157435.000 ns	     15742	80002f0c	580e4ed3	fsqrt.s	f29,f28	 f28:0x3fbfffb5 f29=0x3f9cc44b
     157465.000 ns	     15745	80002f10	a0a68dd3	fle.s	x27,f13,f10	 f13:0x7fc00000 f10:0x7fc00000 x27=0x00000000
     157485.000 ns	     15747	80002f14	40c186b3	sub	x13,x3,x12	  x3:0x00000000 x12:0x0000045f x13=0xfffffba1
     157505.000 ns	     15749	80002f18	206514d3	fsgnjn.s	f9,f10,f6	 f10:0x7fc00000  f6:0x7fc00000  f9=0xffc00000
     157875.000 ns	     15786	80002f1c	03add2b3	divu	x5,x27,x26	 x27:0x00000000 x26:0x1b7b6000  x5=0x00000000
     157895.000 ns	     15788	80002f20	35a6d8b7	lui	x17,0x35a6d	 x17=0x35a6d000
     157935.000 ns	     15792	80002f24	002daed3	fadd.s	f29,f27,f2	 f27:0x00000000  f2:0x00000000 f29=0x00000000
     157985.000 ns	     15797	80002f28	09f7cc53	fsub.s	f24,f15,f31	 f15:0xc3df0000 f31:0x7fc00000 f24=0x7fc00000
     158005.000 ns	     15799	80002f2c	4a1ae097	auipc	x1,0x4a1ae	  x1=0xca1b0f2c
     158015.000 ns	     15800	80002f30	00b25993	srli	x19,x4,0xb	  x4:0x00000000 x19=0x00000000
     158375.000 ns	     15836	80002f34	038bdf33	divu	x30,x23,x24	 x23:0x00000296 x24:0x000003fd x30=0x00000000
     158405.000 ns	     15839	80002f38	0268b4b3	mulhu	x9,x17,x6	 x17:0x35a6d000  x6:0x0000045f  x9=0x000000ea
     158435.000 ns	     15842	80002f3c	027c8033	mul	x0,x25,x7	 x25:0x000001bd  x7:0x00000001
     158455.000 ns	     15844	80002f40	00c1b833	sltu	x16,x3,x12	  x3:0x00000000 x12:0x0000045f x16=0x00000001
     158465.000 ns	     15845	80002f44	9b365a17	auipc	x20,0x9b365	 x20=0x1b367f44
     158485.000 ns	     15847	80002f48	217c23d3	fsgnjx.s	f7,f24,f23	 f24:0x7fc00000 f23:0x7fc00000  f7=0x7fc00000
     158515.000 ns	     15850	80002f4c	d00e79d3	fcvt.s.w	f19,x28	 x28:0x00000000 f19=0x00000000
     158535.000 ns	     15852	80002f50	01b01693	slli	x13,x0,0x1b	  x0:0x00000000 x13=0x00000000
     158555.000 ns	     15854	80002f54	d007f9d3	fcvt.s.w	f19,x15	 x15:0x00000001 f19=0x3f800000
     158595.000 ns	     15858	80002f58	110a3a53	fmul.s	f20,f20,f16	 f20:0x7fc00000 f16:0x00000000 f20=0x7fc00000
     158625.000 ns	     15861	80002f5c	c00e09d3	fcvt.w.s	x19,f28	 f28:0x3fbfffb5 x19=0x00000001
     158675.000 ns	     15866	80002f60	006b7dd3	fadd.s	f27,f22,f6	 f22:0x3f7fffae  f6:0x7fc00000 f27=0x7fc00000
     158705.000 ns	     15869	80002f64	c0114053	fcvt.wu.s	x0,f2	  f2:0x00000000
     158725.000 ns	     15871	80002f68	00a5e433	or	x8,x11,x10	 x11:0x80000000 x10:0x000003a5  x8=0x800003a5
     158755.000 ns	     15874	80002f6c	1868bd53	fdiv.s	f26,f17,f6	 f17:0x7fc00000  f6:0x7fc00000 f26=0x7fc00000
     158785.000 ns	     15877	80002f70	28341153	fmax.s	f2,f8,f3	  f8:0x7fc00000  f3:0xffc00000  f2=0x7fc00000
     158815.000 ns	     15880	80002f74	c019fd53	fcvt.wu.s	x26,f19	 f19:0x3f800000 x26=0x00000001
     158835.000 ns	     15882	80002f78	cbf02393	slti	x7,x0,-833	  x0:0x00000000  x7=0x00000000
     158845.000 ns	     15883	80002f7c	5bcd1eb7	lui	x29,0x5bcd1	 x29=0x5bcd1000
     158855.000 ns	     15884	80002f80	657c3393	sltiu	x7,x24,1623	 x24:0x000003fd  x7=0x00000001
     158865.000 ns	     15885	80002f84	00f6beb3	sltu	x29,x13,x15	 x13:0x00000000 x15:0x00000001 x29=0x00000001
     158875.000 ns	     15886	80002f88	011f9713	slli	x14,x31,0x11	 x31:0x00000000 x14=0x00000000
     158895.000 ns	     15888	80002f8c	025d2533	mulhsu	x10,x26,x5	 x26:0x00000001  x5:0x00000000 x10=0x00000000
     158915.000 ns	     15890	80002f90	41a65fb3	sra	x31,x12,x26	 x12:0x0000045f x26:0x00000001 x31=0x0000022f
     158935.000 ns	     15892	80002f94	c00ef1d3	fcvt.w.s	x3,f29	 f29:0x00000000  x3=0x00000000
     158955.000 ns	     15894	80002f98	413e5433	sra	x8,x28,x19	 x28:0x00000000 x19:0x00000001  x8=0x00000000
     158975.000 ns	     15896	80002f9c	a0f414d3	flt.s	x9,f8,f15	  f8:0x7fc00000 f15:0xc3df0000  x9=0x00000000
     158995.000 ns	     15898	80002fa0	1bb7c397	auipc	x7,0x1bb7c	  x7=0x9bb7efa0
     159005.000 ns	     15899	80002fa4	4143d993	srai	x19,x7,0x14	  x7:0x00000001 x19=0xfffff9bb
     159015.000 ns	     15900	80002fa8	01985493	srli	x9,x16,0x19	 x16:0x00000001  x9=0x00000000
     159035.000 ns	     15902	80002fac	0222a533	mulhsu	x10,x5,x2	  x5:0x00000000  x2:0x80040fe4 x10=0x00000000
     159065.000 ns	     15905	80002fb0	21651f53	fsgnjn.s	f30,f10,f22	 f10:0x7fc00000 f22:0x3f7fffae f30=0xffc00000
     159095.000 ns	     15908	80002fb4	a0759bd3	flt.s	x23,f11,f7	 f11:0x7fc00000  f7:0x7fc00000 x23=0x00000000
     159125.000 ns	     15911	80002fb8	d0177453	fcvt.s.wu	f8,x14	 x14:0x00000000  f8=0x00000000
     159155.000 ns	     15914	80002fbc	f00f86d3	fmv.w.x	f13,x31	 x31:0x0000022f f13=0x0000022f
     159185.000 ns	     15917	80002fc0	c011c4d3	fcvt.wu.s	x9,f3	  f3:0xffc00000  x9=0xffffffff
     159215.000 ns	     15920	80002fc4	d00e7653	fcvt.s.w	f12,x28	 x28:0x00000000 f12=0x00000000
     159245.000 ns	     15923	80002fc8	03c26ab3	rem	x21,x4,x28	  x4:0x00000000 x28:0x00000000 x21=0x00000000
     160425.000 ns	     16041	80002fcc	58074cd3	fsqrt.s	f25,f14	 f14:0x4e7e950d f25=0x46b403d7
     160465.000 ns	     16045	80002fd0	580927d3	fsqrt.s	f15,f18	 f18:0x00000000 f15=0x00000000
     160485.000 ns	     16047	80002fd4	40295c93	srai	x25,x18,0x2	 x18:0x00000001 x25=0x00000000
     160495.000 ns	     16048	80002fd8	013bd433	srl	x8,x23,x19	 x23:0x00000000 x19:0xfffff9bb  x8=0x00000000
     160535.000 ns	     16052	80002fdc	09a9c453	fsub.s	f8,f19,f26	 f19:0x3f800000 f26:0x7fc00000  f8=0x7fc00000
     160565.000 ns	     16055	80002fe0	f00a8f53	fmv.w.x	f30,x21	 x21:0x00000000 f30=0x00000000
     160595.000 ns	     16058	80002fe4	d006fc53	fcvt.s.w	f24,x13	 x13:0x00000000 f24=0x00000000
     160635.000 ns	     16062	80002fe8	18d53b53	fdiv.s	f22,f10,f13	 f10:0x7fc00000 f13:0x0000022f f22=0x7fc00000
     160655.000 ns	     16064	80002fec	41e85d13	srai	x26,x16,0x1e	 x16:0x00000001 x26=0x00000000
     160665.000 ns	     16065	80002ff0	01dc5993	srli	x19,x24,0x1d	 x24:0x000003fd x19=0x00000000
     160675.000 ns	     16066	80002ff4	3f211537	lui	x10,0x3f211	 x10=0x3f211000
     160695.000 ns	     16068	80002ff8	21701a53	fsgnjn.s	f20,f0,f23	  f0:0x3f800000 f23:0x7fc00000 f20=0xbf800000
     160745.000 ns	     16073	80002ffc	08092bd3	fsub.s	f23,f18,f0	 f18:0x00000000  f0:0x3f800000 f23=0xbf800000
     160765.000 ns	     16075	80003000	14b17a93	andi	x21,x2,331	  x2:0x80040fe4 x21=0x00000140
     160775.000 ns	     16076	80003004	01e317b3	sll	x15,x6,x30	  x6:0x0000045f x30:0x00000000 x15=0x0000045f
     160785.000 ns	     16077	80003008	015b07b3	add	x15,x22,x21	 x22:0x80041024 x21:0x00000000 x15=0x80041164
     160805.000 ns	     16079	8000300c	d001a8d3	fcvt.s.w	f17,x3	  x3:0x00000000 f17=0x00000000
     160845.000 ns	     16083	80003010	580a1e53	fsqrt.s	f28,f20	 f20:0xbf800000 f28=0x7fc00000
     160865.000 ns	     16085	80003014	01ded9b3	srl	x19,x29,x29	 x29:0x00000001 x29:0x00000001 x19=0x00000000
     160885.000 ns	     16087	80003018	a15f1253	flt.s	x4,f30,f21	 f30:0x00000000 f21:0x7fc00000  x4=0x00000000
     160915.000 ns	     16090	8000301c	0230a733	mulhsu	x14,x1,x3	  x1:0xca1b0f2c  x3:0x00000000 x14=0x00000000
     160935.000 ns	     16092	80003020	ce794837	lui	x16,0xce794	 x16=0xce794000
     160955.000 ns	     16094	80003024	200b1053	fsgnjn.s	f0,f22,f0	 f22:0x7fc00000  f0:0x3f800000  f0=0xffc00000
     160975.000 ns	     16096	80003028	72afcf13	xori	x30,x31,1834	 x31:0x0000022f x30=0x00000505
     160995.000 ns	     16098	8000302c	03cffd33	remu	x26,x31,x28	 x31:0x0000022f x28:0x00000000 x26=0x0000022f
     161025.000 ns	     16101	80003030	030629b3	mulhsu	x19,x12,x16	 x12:0x0000045f x16:0xce794000 x19=0x00000386
     161055.000 ns	     16104	80003034	c0007c53	fcvt.w.s	x24,f0	  f0:0xffc00000 x24=0x7fffffff
     161075.000 ns	     16106	80003038	e9c58013	addi	x0,x11,-356	 x11:0x80000000
     161085.000 ns	     16107	8000303c	417d0bb3	sub	x23,x26,x23	 x26:0x0000022f x23:0x00000000 x23=0x0000022f
     161095.000 ns	     16108	80003040	01703933	sltu	x18,x0,x23	  x0:0x00000000 x23:0x00000000 x18=0x00000001
     161115.000 ns	     16110	80003044	022e0233	mul	x4,x28,x2	 x28:0x00000000  x2:0x80040fe4  x4=0x00000000
     161165.000 ns	     16115	80003048	08fab553	fsub.s	f10,f21,f15	 f21:0x7fc00000 f15:0x00000000 f10=0x7fc00000
     161185.000 ns	     16117	8000304c	019e0d33	add	x26,x28,x25	 x28:0x00000000 x25:0x00000000 x26=0x00000000
     161195.000 ns	     16118	80003050	01a66433	or	x8,x12,x26	 x12:0x0000045f x26:0x0000022f  x8=0x0000045f
     161205.000 ns	     16119	80003054	007faa33	slt	x20,x31,x7	 x31:0x0000022f  x7:0x9bb7efa0 x20=0x00000000
     161225.000 ns	     16121	80003058	d0137fd3	fcvt.s.wu	f31,x6	  x6:0x0000045f f31=0x448be000
     161255.000 ns	     16124	8000305c	29c509d3	fmin.s	f19,f10,f28	 f10:0x7fc00000 f28:0x7fc00000 f19=0x7fc00000
     161285.000 ns	     16127	80003060	21432fd3	fsgnjx.s	f31,f6,f20	  f6:0x7fc00000 f20:0xbf800000 f31=0xffc00000
     161315.000 ns	     16130	80003064	030bb633	mulhu	x12,x23,x16	 x23:0x0000022f x16:0xce794000 x12=0x000001c2
     161345.000 ns	     16133	80003068	02761cb3	mulh	x25,x12,x7	 x12:0x0000045f  x7:0x9bb7efa0 x25=0xffffff4f
     161375.000 ns	     16136	8000306c	215d25d3	fsgnjx.s	f11,f26,f21	 f26:0x7fc00000 f21:0x7fc00000 f11=0x7fc00000
     161395.000 ns	     16138	80003070	0077ffb3	and	x31,x15,x7	 x15:0x80041164  x7:0x9bb7efa0 x31=0x80040120
     161415.000 ns	     16140	80003074	a10d97d3	flt.s	x15,f27,f16	 f27:0x7fc00000 f16:0x00000000 x15=0x00000000
     161435.000 ns	     16142	80003078	a28a8d13	addi	x26,x21,-1496	 x21:0x00000140 x26=0xfffffb68
     161445.000 ns	     16143	8000307c	01c20f33	add	x30,x4,x28	  x4:0x00000000 x28:0x00000000 x30=0x00000000
     161465.000 ns	     16145	80003080	a1b208d3	fle.s	x17,f4,f27	  f4:0x7fc00000 f27:0x7fc00000 x17=0x00000000
     161485.000 ns	     16147	80003084	0125fdb3	and	x27,x11,x18	 x11:0x80000000 x18:0x00000001 x27=0x00000000
     161505.000 ns	     16149	80003088	a1012053	feq.s	x0,f2,f16	  f2:0x7fc00000 f16:0x00000000
     161525.000 ns	     16151	8000308c	001fc933	xor	x18,x31,x1	 x31:0x80040120  x1:0xca1b0f2c x18=0x4a1f0e0c
     161545.000 ns	     16153	80003090	f0088153	fmv.w.x	f2,x17	 x17:0x00000000  f2=0x00000000
     161585.000 ns	     16157	80003094	18bc7c53	fdiv.s	f24,f24,f11	 f24:0x00000000 f11:0x7fc00000 f24=0x7fc00000
     161615.000 ns	     16160	80003098	c00ef0d3	fcvt.w.s	x1,f29	 f29:0x00000000  x1=0x00000000
     161635.000 ns	     16162	8000309c	3677cb93	xori	x23,x15,871	 x15:0x00000000 x23=0x00000367
     161655.000 ns	     16164	800030a0	c00706d3	fcvt.w.s	x13,f14	 f14:0x4e7e950d x13=0x3fa54340
     161675.000 ns	     16166	800030a4	01c8c033	xor	x0,x17,x28	 x17:0x00000000 x28:0x00000000
     161685.000 ns	     16167	800030a8	f4fa3d13	sltiu	x26,x20,-177	 x20:0x00000000 x26=0x00000001
     161695.000 ns	     16168	800030ac	e435d437	lui	x8,0xe435d	  x8=0xe435d000
     161725.000 ns	     16171	800030b0	19ce7cd3	fdiv.s	f25,f28,f28	 f28:0x7fc00000 f28:0x7fc00000 f25=0x7fc00000
     161755.000 ns	     16174	800030b4	213298d3	fsgnjn.s	f17,f5,f19	  f5:0x7fc00000 f19:0x7fc00000 f17=0xffc00000
     161775.000 ns	     16176	800030b8	01a8a8b3	slt	x17,x17,x26	 x17:0x00000000 x26:0x00000001 x17=0x00000001
     161795.000 ns	     16178	800030bc	200712d3	fsgnjn.s	f5,f14,f0	 f14:0x4e7e950d  f0:0xffc00000  f5=0x4e7e950d
     161815.000 ns	     16180	800030c0	003c1093	slli	x1,x24,0x3	 x24:0x7fffffff  x1=0xfffffff8
     161825.000 ns	     16181	800030c4	00d9a033	slt	x0,x19,x13	 x19:0x00000386 x13:0x3fa54340
     161835.000 ns	     16182	800030c8	00ef4833	xor	x16,x30,x14	 x30:0x00000000 x14:0x00000000 x16=0x00000000
     162195.000 ns	     16218	800030cc	02df7fb3	remu	x31,x30,x13	 x30:0x00000000 x13:0x3fa54340 x31=0x00000000
     162225.000 ns	     16221	800030d0	03ba4fb3	div	x31,x20,x27	 x20:0x00000000 x27:0x00000000 x31=0xffffffff
     162255.000 ns	     16224	800030d4	f0098bd3	fmv.w.x	f23,x19	 x19:0x00000386 f23=0x00000386
     162275.000 ns	     16226	800030d8	1bc846b7	lui	x13,0x1bc84	 x13=0x1bc84000
     162285.000 ns	     16227	800030dc	d248ed17	auipc	x26,0xd248e	 x26=0x524910dc
     162315.000 ns	     16230	800030e0	192e7e53	fdiv.s	f28,f28,f18	 f28:0x7fc00000 f18:0x00000000 f28=0x7fc00000
     162345.000 ns	     16233	800030e4	039624b3	mulhsu	x9,x12,x25	 x12:0x000001c2 x25:0xffffff4f  x9=0x000001c1
     162365.000 ns	     16235	800030e8	0132fab3	and	x21,x5,x19	  x5:0x00000000 x19:0x00000386 x21=0x00000000
     162385.000 ns	     16237	800030ec	29401853	fmax.s	f16,f0,f20	  f0:0xffc00000 f20:0xbf800000 f16=0xbf800000
     162405.000 ns	     16239	800030f0	b6e29b97	auipc	x23,0xb6e29	 x23=0x36e2c0f0
     162435.000 ns	     16242	800030f4	11c433d3	fmul.s	f7,f8,f28	  f8:0x7fc00000 f28:0x7fc00000  f7=0x7fc00000
     162455.000 ns	     16244	800030f8	3df3a393	slti	x7,x7,991	  x7:0x9bb7efa0  x7=0x00000001
     162475.000 ns	     16246	800030fc	02b322b3	mulhsu	x5,x6,x11	  x6:0x0000045f x11:0x80000000  x5=0x0000022f
     162515.000 ns	     16250	80003100	5803ab53	fsqrt.s	f22,f7	  f7:0x7fc00000 f22=0x7fc00000
     162555.000 ns	     16254	80003104	1161b9d3	fmul.s	f19,f3,f22	  f3:0xffc00000 f22:0x7fc00000 f19=0x7fc00000
     162575.000 ns	     16256	80003108	00025a33	srl	x20,x4,x0	  x4:0x00000000  x0:0x00000000 x20=0x00000000
     162595.000 ns	     16258	8000310c	28e99bd3	fmax.s	f23,f19,f14	 f19:0x7fc00000 f14:0x4e7e950d f23=0x4e7e950d
     162625.000 ns	     16261	80003110	a1b300d3	fle.s	x1,f6,f27	  f6:0x7fc00000 f27:0x7fc00000  x1=0x00000000
     162655.000 ns	     16264	80003114	d0049fd3	fcvt.s.w	f31,x9	  x9:0x000001c1 f31=0x43e08000
     162675.000 ns	     16266	80003118	bf436913	ori	x18,x6,-1036	  x6:0x0000045f x18=0xffffffff
     162705.000 ns	     16269	8000311c	1062fe53	fmul.s	f28,f5,f6	  f5:0x4e7e950d  f6:0x7fc00000 f28=0x7fc00000
     162725.000 ns	     16271	80003120	00425533	srl	x10,x4,x4	  x4:0x00000000  x4:0x00000000 x10=0x00000000
     162735.000 ns	     16272	80003124	00000013	addi	x0,x0,0	  x0:0x00000000
     162755.000 ns	     16274	80003128	a0330353	fle.s	x6,f6,f3	  f6:0x7fc00000  f3:0xffc00000  x6=0x00000000
     163125.000 ns	     16311	8000312c	03d17933	remu	x18,x2,x29	  x2:0x80040fe4 x29:0x00000001 x18=0x00000000
     163175.000 ns	     16316	80003130	01cf09d3	fadd.s	f19,f30,f28	 f30:0x00000000 f28:0x7fc00000 f19=0x7fc00000
     163195.000 ns	     16318	80003134	00167bb3	and	x23,x12,x1	 x12:0x000001c2  x1:0x00000000 x23=0x00000000
     163235.000 ns	     16322	80003138	09177ed3	fsub.s	f29,f14,f17	 f14:0x4e7e950d f17:0xffc00000 f29=0x7fc00000
     163255.000 ns	     16324	8000313c	d8cb44b7	lui	x9,0xd8cb4	  x9=0xd8cb4000
     163285.000 ns	     16327	80003140	18be15d3	fdiv.s	f11,f28,f11	 f28:0x7fc00000 f11:0x7fc00000 f11=0x7fc00000
     163315.000 ns	     16330	80003144	a025ad53	feq.s	x26,f11,f2	 f11:0x7fc00000  f2:0x00000000 x26=0x00000000
     163345.000 ns	     16333	80003148	d0157dd3	fcvt.s.wu	f27,x10	 x10:0x00000000 f27=0x00000000
     163375.000 ns	     16336	8000314c	a0430353	fle.s	x6,f6,f4	  f6:0x7fc00000  f4:0x7fc00000  x6=0x00000000
     163395.000 ns	     16338	80003150	83afb693	sltiu	x13,x31,-1990	 x31:0xffffffff x13=0x00000000
     163405.000 ns	     16339	80003154	41258db3	sub	x27,x11,x18	 x11:0x80000000 x18:0x00000000 x27=0x80000000
     163415.000 ns	     16340	80003158	014dd493	srli	x9,x27,0x14	 x27:0x00000000  x9=0x00000800
     163435.000 ns	     16342	8000315c	032ae7b3	rem	x15,x21,x18	 x21:0x00000000 x18:0x00000000 x15=0x00000000
     163485.000 ns	     16347	80003160	00bfb353	fadd.s	f6,f31,f11	 f31:0x43e08000 f11:0x7fc00000  f6=0x7fc00000
     163855.000 ns	     16384	80003164	036ec7b3	div	x15,x29,x22	 x29:0x00000001 x22:0x80041024 x15=0x00000000
     163885.000 ns	     16387	80003168	c01398d3	fcvt.wu.s	x17,f7	  f7:0x7fc00000 x17=0xffffffff
     163905.000 ns	     16389	8000316c	444e1417	auipc	x8,0x444e1	  x8=0xc44e416c
     163925.000 ns	     16391	80003170	29920853	fmin.s	f16,f4,f25	  f4:0x7fc00000 f25:0x7fc00000 f16=0x7fc00000
     163945.000 ns	     16393	80003174	004376b3	and	x13,x6,x4	  x6:0x00000000  x4:0x00000000 x13=0x00000000
     163965.000 ns	     16395	80003178	02b4a6b3	mulhsu	x13,x9,x11	  x9:0x00000800 x11:0x80000000 x13=0x00000400
     163985.000 ns	     16397	8000317c	0119fc33	and	x24,x19,x17	 x19:0x00000386 x17:0xffffffff x24=0x00000386
     163995.000 ns	     16398	80003180	0085f3b3	and	x7,x11,x8	 x11:0x80000000  x8:0xc44e416c  x7=0x80000000
     164005.000 ns	     16399	80003184	01b65633	srl	x12,x12,x27	 x12:0x000001c2 x27:0x80000000 x12=0x000001c2
     164025.000 ns	     16401	80003188	d005f2d3	fcvt.s.w	f5,x11	 x11:0x80000000  f5=0xcf000000
     164055.000 ns	     16404	8000318c	e0028053	fmv.x.w	x0,f5	  f5:0x4e7e950d
     164075.000 ns	     16406	80003190	000d1f33	sll	x30,x26,x0	 x26:0x00000000  x0:0x00000000 x30=0x00000000
     164085.000 ns	     16407	80003194	ef8d9097	auipc	x1,0xef8d9	  x1=0x6f8dc194
     164105.000 ns	     16409	80003198	20ed1453	fsgnjn.s	f8,f26,f14	 f26:0x7fc00000 f14:0x4e7e950d  f8=0xffc00000
     164125.000 ns	     16411	8000319c	012a1d33	sll	x26,x20,x18	 x20:0x00000000 x18:0x00000000 x26=0x00000000
     164165.000 ns	     16415	800031a0	018b92d3	fadd.s	f5,f23,f24	 f23:0x4e7e950d f24:0x7fc00000  f5=0x7fc00000
     164185.000 ns	     16417	800031a4	01d7bc33	sltu	x24,x15,x29	 x15:0x00000000 x29:0x00000001 x24=0x00000001
     164195.000 ns	     16418	800031a8	51d9aa13	slti	x20,x19,1309	 x19:0x00000386 x20=0x00000001
     164205.000 ns	     16419	800031ac	012031b3	sltu	x3,x0,x18	  x0:0x00000000 x18:0x00000000  x3=0x00000000
     164215.000 ns	     16420	800031b0	0072ccb3	xor	x25,x5,x7	  x5:0x0000022f  x7:0x80000000 x25=0x8000022f
     164235.000 ns	     16422	800031b4	e0050953	fmv.x.w	x18,f10	 f10:0x7fc00000 x18=0x7fc00000
     164255.000 ns	     16424	800031b8	41cc00b3	sub	x1,x24,x28	 x24:0x00000001 x28:0x00000000  x1=0x00000001
     164275.000 ns	     16426	800031bc	e00892d3	fclass.s	x5,f17	 f17:0xffc00000  x5=0x00000200
     164305.000 ns	     16429	800031c0	20659353	fsgnjn.s	f6,f11,f6	 f11:0x7fc00000  f6:0x7fc00000  f6=0xffc00000
     164325.000 ns	     16431	800031c4	21f16a93	ori	x21,x2,543	  x2:0x80040fe4 x21=0x80040fff
     164335.000 ns	     16432	800031c8	006ed9b3	srl	x19,x29,x6	 x29:0x00000001  x6:0x00000000 x19=0x00000001
     164345.000 ns	     16433	800031cc	d08df813	andi	x16,x27,-760	 x27:0x80000000 x16=0x80000000
     164355.000 ns	     16434	800031d0	00fed8b3	srl	x17,x29,x15	 x29:0x00000001 x15:0x00000000 x17=0x00000001
     164365.000 ns	     16435	800031d4	00a05bb3	srl	x23,x0,x10	  x0:0x00000000 x10:0x00000000 x23=0x00000000
     164375.000 ns	     16436	800031d8	01f32333	slt	x6,x6,x31	  x6:0x00000000 x31:0xffffffff  x6=0x00000000
     164385.000 ns	     16437	800031dc	7b537e93	andi	x29,x6,1973	  x6:0x00000000 x29=0x00000000
     164395.000 ns	     16438	800031e0	01255db3	srl	x27,x10,x18	 x10:0x00000000 x18:0x7fc00000 x27=0x00000000
     164405.000 ns	     16439	800031e4	007b1c93	slli	x25,x22,0x7	 x22:0x80041024 x25=0x02081200
     164415.000 ns	     16440	800031e8	01fb1e33	sll	x28,x22,x31	 x22:0x80041024 x31:0xffffffff x28=0x00000000
     164435.000 ns	     16442	800031ec	a056a3d3	feq.s	x7,f13,f5	 f13:0x0000022f  f5:0x7fc00000  x7=0x00000000
     164465.000 ns	     16445	800031f0	d007f5d3	fcvt.s.w	f11,x15	 x15:0x00000000 f11=0x00000000
     164485.000 ns	     16447	800031f4	008b07b3	add	x15,x22,x8	 x22:0x80041024  x8:0xc44e416c x15=0x44525190
     164495.000 ns	     16448	800031f8	d5c20993	addi	x19,x4,-676	  x4:0x00000000 x19=0xfffffd5c
     164515.000 ns	     16450	800031fc	f00302d3	fmv.w.x	f5,x6	  x6:0x00000000  f5=0x00000000
     164545.000 ns	     16453	80003200	03b44833	div	x16,x8,x27	  x8:0xc44e416c x27:0x00000000 x16=0xffffffff
     164575.000 ns	     16456	80003204	03611eb3	mulh	x29,x2,x22	  x2:0x80040fe4 x22:0x80041024 x29=0x3ffbf00c
     164595.000 ns	     16458	80003208	018260b3	or	x1,x4,x24	  x4:0x00000000 x24:0x00000001  x1=0x00000001
     164605.000 ns	     16459	8000320c	73490a93	addi	x21,x18,1844	 x18:0x7fc00000 x21=0x7fc00734
     164615.000 ns	     16460	80003210	00000013	addi	x0,x0,0	  x0:0x00000000
     164625.000 ns	     16461	80003214	01892a33	slt	x20,x18,x24	 x18:0x7fc00000 x24:0x00000001 x20=0x00000000
     164635.000 ns	     16462	80003218	16343413	sltiu	x8,x8,355	  x8:0xc44e416c  x8=0x00000000
     164645.000 ns	     16463	8000321c	014f1293	slli	x5,x30,0x14	 x30:0x00000000  x5=0x00000000
     164655.000 ns	     16464	80003220	41175e33	sra	x28,x14,x17	 x14:0x00000000 x17:0x00000001 x28=0x00000000
     164675.000 ns	     16466	80003224	03503633	mulhu	x12,x0,x21	  x0:0x00000000 x21:0x7fc00734 x12=0x00000000
     164695.000 ns	     16468	80003228	00b65d93	srli	x27,x12,0xb	 x12:0x000001c2 x27=0x00000000
     164715.000 ns	     16470	8000322c	a0309cd3	flt.s	x25,f1,f3	  f1:0xbf350400  f3:0xffc00000 x25=0x00000000
     164745.000 ns	     16473	80003230	e00f9953	fclass.s	x18,f31	 f31:0x43e08000 x18=0x00000040
     164795.000 ns	     16478	80003234	0038f453	fadd.s	f8,f17,f3	 f17:0xffc00000  f3:0xffc00000  f8=0x7fc00000
     164815.000 ns	     16480	80003238	00000013	addi	x0,x0,0	  x0:0x00000000
     164835.000 ns	     16482	8000323c	02250e33	mul	x28,x10,x2	 x10:0x00000000  x2:0x80040fe4 x28=0x00000000
     164865.000 ns	     16485	80003240	21d3ae53	fsgnjx.s	f28,f7,f29	  f7:0x7fc00000 f29:0x7fc00000 f28=0x7fc00000
     164885.000 ns	     16487	80003244	4b29f837	lui	x16,0x4b29f	 x16=0x4b29f000
     164895.000 ns	     16488	80003248	0031bcb3	sltu	x25,x3,x3	  x3:0x00000000  x3:0x00000000 x25=0x00000000
     164905.000 ns	     16489	8000324c	0008d333	srl	x6,x17,x0	 x17:0x00000001  x0:0x00000000  x6=0x00000001
     164925.000 ns	     16491	80003250	d004b9d3	fcvt.s.w	f19,x9	  x9:0x00000800 f19=0x45000000
     164955.000 ns	     16494	80003254	d00035d3	fcvt.s.w	f11,x0	  x0:0x00000000 f11=0x00000000
     164985.000 ns	     16497	80003258	03eed6b3	divu	x13,x29,x30	 x29:0x3ffbf00c x30:0x00000000 x13=0xffffffff
     165005.000 ns	     16499	8000325c	d06f3793	sltiu	x15,x30,-762	 x30:0x00000000 x15=0x00000001
     165015.000 ns	     16500	80003260	365c8713	addi	x14,x25,869	 x25:0x00000000 x14=0x00000365
     165035.000 ns	     16502	80003264	29c68653	fmin.s	f12,f13,f28	 f13:0x0000022f f28:0x7fc00000 f12=0x0000022f
     165055.000 ns	     16504	80003268	5e9ec493	xori	x9,x29,1513	 x29:0x3ffbf00c  x9=0x3ffbf5e5
     165065.000 ns	     16505	8000326c	00000013	addi	x0,x0,0	  x0:0x00000000
     165075.000 ns	     16506	80003270	d9a37d13	andi	x26,x6,-614	  x6:0x00000001 x26=0x00000000
     165095.000 ns	     16508	80003274	f00202d3	fmv.w.x	f5,x4	  x4:0x00000000  f5=0x00000000
     165125.000 ns	     16511	80003278	02433733	mulhu	x14,x6,x4	  x6:0x00000001  x4:0x00000000 x14=0x00000000
     165155.000 ns	     16514	8000327c	a0041a53	flt.s	x20,f8,f0	  f8:0x7fc00000  f0:0xffc00000 x20=0x00000000
     165525.000 ns	     16551	80003280	0291dc33	divu	x24,x3,x9	  x3:0x00000000  x9:0x3ffbf5e5 x24=0x00000000
     165545.000 ns	     16553	80003284	96342c93	slti	x25,x8,-1693	  x8:0x00000000 x25=0x00000000
     165555.000 ns	     16554	80003288	41c48ab3	sub	x21,x9,x28	  x9:0x3ffbf5e5 x28:0x00000000 x21=0x3ffbf5e5
     165565.000 ns	     16555	8000328c	00c1ec33	or	x24,x3,x12	  x3:0x00000000 x12:0x00000000 x24=0x00000000
     165585.000 ns	     16557	80003290	c01687d3	fcvt.wu.s	x15,f13	 f13:0x0000022f x15=0x00000000
     165615.000 ns	     16560	80003294	a0108553	fle.s	x10,f1,f1	  f1:0xbf350400  f1:0xbf350400 x10=0x00000001
     165645.000 ns	     16563	80003298	d00e3b53	fcvt.s.w	f22,x28	 x28:0x00000000 f22=0x00000000
     165665.000 ns	     16565	8000329c	f440b693	sltiu	x13,x1,-188	  x1:0x00000001 x13=0x00000001
     165675.000 ns	     16566	800032a0	415f5993	srai	x19,x30,0x15	 x30:0x00000000 x19=0x00000000
     165685.000 ns	     16567	800032a4	00645313	srli	x6,x8,0x6	  x8:0x00000000  x6=0x00000000
     165695.000 ns	     16568	800032a8	01abc4b3	xor	x9,x23,x26	 x23:0x00000000 x26:0x00000000  x9=0x00000000
     165715.000 ns	     16570	800032ac	0200a033	mulhsu	x0,x1,x0	  x1:0x00000001  x0:0x00000000
     165745.000 ns	     16573	800032b0	29308553	fmin.s	f10,f1,f19	  f1:0xbf350400 f19:0x45000000 f10=0xbf350400
     165765.000 ns	     16575	800032b4	01321813	slli	x16,x4,0x13	  x4:0x00000000 x16=0x00000000
     165785.000 ns	     16577	800032b8	a17610d3	flt.s	x1,f12,f23	 f12:0x0000022f f23:0x4e7e950d  x1=0x00000001
     165815.000 ns	     16580	800032bc	03ac18b3	mulh	x17,x24,x26	 x24:0x00000000 x26:0x00000000 x17=0x00000000
     165845.000 ns	     16583	800032c0	02c48a33	mul	x20,x9,x12	  x9:0x00000000 x12:0x00000000 x20=0x00000000
     165865.000 ns	     16585	800032c4	00000013	addi	x0,x0,0	  x0:0x00000000
     165885.000 ns	     16587	800032c8	200f2653	fsgnjx.s	f12,f30,f0	 f30:0x00000000  f0:0xffc00000 f12=0x80000000
     165915.000 ns	     16590	800032cc	212c26d3	fsgnjx.s	f13,f24,f18	 f24:0x7fc00000 f18:0x00000000 f13=0x7fc00000
     165935.000 ns	     16592	800032d0	00209e93	slli	x29,x1,0x2	  x1:0x00000001 x29=0x00000004
     165975.000 ns	     16596	800032d4	00208bd3	fadd.s	f23,f1,f2	  f1:0xbf350400  f2:0x00000000 f23=0xbf350400
     165995.000 ns	     16598	800032d8	00ef1293	slli	x5,x30,0xe	 x30:0x00000000  x5=0x00000000
     166005.000 ns	     16599	800032dc	40b95893	srai	x17,x18,0xb	 x18:0x00000040 x17=0x00000000
     166025.000 ns	     16601	800032e0	205802d3	fsgnj.s	f5,f16,f5	 f16:0x7fc00000  f5:0x00000000  f5=0x7fc00000
     166075.000 ns	     16606	800032e4	093f1253	fsub.s	f4,f30,f19	 f30:0x00000000 f19:0x45000000  f4=0xc5000000
     166105.000 ns	     16609	800032e8	027b76b3	remu	x13,x22,x7	 x22:0x80041024  x7:0x00000000 x13=0x80041024
     166155.000 ns	     16614	800032ec	0082ce53	fadd.s	f28,f5,f8	  f5:0x7fc00000  f8:0x7fc00000 f28=0x7fc00000
     166185.000 ns	     16617	800032f0	d001f2d3	fcvt.s.w	f5,x3	  x3:0x00000000  f5=0x00000000
     166205.000 ns	     16619	800032f4	402053b3	sra	x7,x0,x2	  x0:0x00000000  x2:0x80040fe4  x7=0x00000000
     166215.000 ns	     16620	800032f8	89298293	addi	x5,x19,-1902	 x19:0x00000000  x5=0xfffff892
     166235.000 ns	     16622	800032fc	f00d8853	fmv.w.x	f16,x27	 x27:0x00000000 f16=0x00000000
     166285.000 ns	     16627	80003300	00b2f5d3	fadd.s	f11,f5,f11	  f5:0x00000000 f11:0x00000000 f11=0x00000000
     166315.000 ns	     16630	80003304	d01e76d3	fcvt.s.wu	f13,x28	 x28:0x00000000 f13=0x00000000
     166345.000 ns	     16633	80003308	03188bb3	mul	x23,x17,x17	 x17:0x00000000 x17:0x00000000 x23=0x00000000
     166375.000 ns	     16636	8000330c	c013f0d3	fcvt.wu.s	x1,f7	  f7:0x7fc00000  x1=0xffffffff
     166395.000 ns	     16638	80003310	41245533	sra	x10,x8,x18	  x8:0x00000000 x18:0x00000040 x10=0x00000000
     166405.000 ns	     16639	80003314	014948b3	xor	x17,x18,x20	 x18:0x00000040 x20:0x00000000 x17=0x00000040
     166425.000 ns	     16641	80003318	29c60853	fmin.s	f16,f12,f28	 f12:0x80000000 f28:0x7fc00000 f16=0x80000000
     166455.000 ns	     16644	8000331c	02ca0033	mul	x0,x20,x12	 x20:0x00000000 x12:0x00000000
     166475.000 ns	     16646	80003320	01f8d4b3	srl	x9,x17,x31	 x17:0x00000040 x31:0xffffffff  x9=0x00000000
     166485.000 ns	     16647	80003324	00951893	slli	x17,x10,0x9	 x10:0x00000000 x17=0x00000000
     166495.000 ns	     16648	80003328	01bc93b3	sll	x7,x25,x27	 x25:0x00000000 x27:0x00000000  x7=0x00000000
     166505.000 ns	     16649	8000332c	3bf64393	xori	x7,x12,959	 x12:0x00000000  x7=0x000003bf
     166525.000 ns	     16651	80003330	c00c71d3	fcvt.w.s	x3,f24	 f24:0x7fc00000  x3=0x7fffffff
     166545.000 ns	     16653	80003334	00000013	addi	x0,x0,0	  x0:0x00000000
     166555.000 ns	     16654	80003338	01f13e33	sltu	x28,x2,x31	  x2:0x80040fe4 x31:0xffffffff x28=0x00000001
     166575.000 ns	     16656	8000333c	f0080c53	fmv.w.x	f24,x16	 x16:0x00000000 f24=0x00000000
     166605.000 ns	     16659	80003340	d01c7f53	fcvt.s.wu	f30,x24	 x24:0x00000000 f30=0x00000000
     166625.000 ns	     16661	80003344	012d3733	sltu	x14,x26,x18	 x26:0x00000000 x18:0x00000040 x14=0x00000001
     166635.000 ns	     16662	80003348	835dce93	xori	x29,x27,-1995	 x27:0x00000000 x29=0xfffff835
     166655.000 ns	     16664	8000334c	a0c80a53	fle.s	x20,f16,f12	 f16:0x80000000 f12:0x80000000 x20=0x00000001
     166675.000 ns	     16666	80003350	5934fe13	andi	x28,x9,1427	  x9:0x00000000 x28=0x00000000
     166695.000 ns	     16668	80003354	e00989d3	fmv.x.w	x19,f19	 f19:0x45000000 x19=0x45000000
     166715.000 ns	     16670	80003358	019fb033	sltu	x0,x31,x25	 x31:0xffffffff x25:0x00000000
     166725.000 ns	     16671	8000335c	00fefdb3	and	x27,x29,x15	 x29:0xfffff835 x15:0x00000000 x27=0x00000000
     166735.000 ns	     16672	80003360	00000013	addi	x0,x0,0	  x0:0x00000000
     166745.000 ns	     16673	80003364	4086ddb3	sra	x27,x13,x8	 x13:0x80041024  x8:0x00000000 x27=0x80041024
     166755.000 ns	     16674	80003368	009931b3	sltu	x3,x18,x9	 x18:0x00000040  x9:0x00000000  x3=0x00000000
     166775.000 ns	     16676	8000336c	a1978053	fle.s	x0,f15,f25	 f15:0x00000000 f25:0x7fc00000
     166805.000 ns	     16679	80003370	c007cc53	fcvt.w.s	x24,f15	 f15:0x00000000 x24=0x00000000
     167175.000 ns	     16716	80003374	0328d733	divu	x14,x17,x18	 x17:0x00000000 x18:0x00000040 x14=0x00000000
     167225.000 ns	     16721	80003378	00047bd3	fadd.s	f23,f8,f0	  f8:0x7fc00000  f0:0xffc00000 f23=0x7fc00000
     167245.000 ns	     16723	8000337c	8a63b413	sltiu	x8,x7,-1882	  x7:0x000003bf  x8=0x00000001
     167275.000 ns	     16726	80003380	1008f0d3	fmul.s	f1,f17,f0	 f17:0xffc00000  f0:0xffc00000  f1=0x7fc00000
     167295.000 ns	     16728	80003384	40678fb3	sub	x31,x15,x6	 x15:0x00000000  x6:0x00000000 x31=0x00000000
     167315.000 ns	     16730	80003388	03c9b933	mulhu	x18,x19,x28	 x19:0x45000000 x28:0x00000000 x18=0x00000000
     167345.000 ns	     16733	8000338c	032a3233	mulhu	x4,x20,x18	 x20:0x00000001 x18:0x00000040  x4=0x00000000
     167375.000 ns	     16736	80003390	e0050bd3	fmv.x.w	x23,f10	 f10:0xbf350400 x23=0xbf350400
     167405.000 ns	     16739	80003394	216b0753	fsgnj.s	f14,f22,f22	 f22:0x00000000 f22:0x00000000 f14=0x00000000
     167445.000 ns	     16743	80003398	580a87d3	fsqrt.s	f15,f21	 f21:0x7fc00000 f15=0x7fc00000
     167475.000 ns	     16746	8000339c	28a487d3	fmin.s	f15,f9,f10	  f9:0xffc00000 f10:0xbf350400 f15=0xbf350400
     167495.000 ns	     16748	800033a0	00e24bb3	xor	x23,x4,x14	  x4:0x00000000 x14:0x00000000 x23=0x00000000
     167855.000 ns	     16784	800033a4	0229e233	rem	x4,x19,x2	 x19:0x45000000  x2:0x80040fe4  x4=0x45000000
     167875.000 ns	     16786	800033a8	4dd4e513	ori	x10,x9,1245	  x9:0x00000000 x10=0x000004dd
     167885.000 ns	     16787	800033ac	01cdc433	xor	x8,x27,x28	 x27:0x80041024 x28:0x00000000  x8=0x80041024
     167895.000 ns	     16788	800033b0	ea0e2393	slti	x7,x28,-352	 x28:0x00000000  x7=0x00000000
     167905.000 ns	     16789	800033b4	67853b93	sltiu	x23,x10,1656	 x10:0x000004dd x23=0x00000001
     167925.000 ns	     16791	800033b8	295f16d3	fmax.s	f13,f30,f21	 f30:0x00000000 f21:0x7fc00000 f13=0x00000000
     167955.000 ns	     16794	800033bc	20e929d3	fsgnjx.s	f19,f18,f14	 f18:0x00000000 f14:0x00000000 f19=0x00000000
     167985.000 ns	     16797	800033c0	03651033	mulh	x0,x10,x22	 x10:0x000004dd x22:0x80041024
     168005.000 ns	     16799	800033c4	003c7833	and	x16,x24,x3	 x24:0x00000000  x3:0x00000000 x16=0x00000000
     168025.000 ns	     16801	800033c8	c01bae53	fcvt.wu.s	x28,f23	 f23:0x7fc00000 x28=0xffffffff
     168075.000 ns	     16806	800033cc	091eb1d3	fsub.s	f3,f29,f17	 f29:0x7fc00000 f17:0xffc00000  f3=0x7fc00000
     168105.000 ns	     16809	800033d0	02f167b3	rem	x15,x2,x15	  x2:0x80040fe4 x15:0x00000000 x15=0x80040fe4
     168125.000 ns	     16811	800033d4	41165e33	sra	x28,x12,x17	 x12:0x00000000 x17:0x00000000 x28=0x00000000
     168145.000 ns	     16813	800033d8	a0c78c53	fle.s	x24,f15,f12	 f15:0xbf350400 f12:0x80000000 x24=0x00000001
     168165.000 ns	     16815	800033dc	40430833	sub	x16,x6,x4	  x6:0x00000000  x4:0x45000000 x16=0xbb000000
     168185.000 ns	     16817	800033e0	a006a753	feq.s	x14,f13,f0	 f13:0x00000000  f0:0xffc00000 x14=0x00000000
     168225.000 ns	     16821	800033e4	19b0f153	fdiv.s	f2,f1,f27	  f1:0x7fc00000 f27:0x00000000  f2=0x7fc00000
     168255.000 ns	     16824	800033e8	d00e7953	fcvt.s.w	f18,x28	 x28:0x00000000 f18=0x00000000
     168305.000 ns	     16829	800033ec	09baf853	fsub.s	f16,f21,f27	 f21:0x7fc00000 f27:0x00000000 f16=0x7fc00000
     168675.000 ns	     16866	800033f0	02f344b3	div	x9,x6,x15	  x6:0x00000000 x15:0x80040fe4  x9=0x00000000
     168695.000 ns	     16868	800033f4	00000013	addi	x0,x0,0	  x0:0x00000000
     168715.000 ns	     16870	800033f8	287c0dd3	fmin.s	f27,f24,f7	 f24:0x00000000  f7:0x7fc00000 f27=0x00000000
     168745.000 ns	     16873	800033fc	035a88b3	mul	x17,x21,x21	 x21:0x3ffbf5e5 x21:0x3ffbf5e5 x17=0xd13e1ed9
     168765.000 ns	     16875	80003400	dc9a3a93	sltiu	x21,x20,-567	 x20:0x00000001 x21=0x00000001
     168775.000 ns	     16876	80003404	40bf0733	sub	x14,x30,x11	 x30:0x00000000 x11:0x80000000 x14=0x80000000
     168795.000 ns	     16878	80003408	e0030853	fmv.x.w	x16,f6	  f6:0xffc00000 x16=0xffc00000
     168825.000 ns	     16881	8000340c	039c4f33	div	x30,x24,x25	 x24:0x00000001 x25:0x00000000 x30=0xffffffff
     168855.000 ns	     16884	80003410	d0047d53	fcvt.s.w	f26,x8	  x8:0x80041024 f26=0xcefff7df
     168895.000 ns	     16888	80003414	19a44f53	fdiv.s	f30,f8,f26	  f8:0x7fc00000 f26:0x7fc00000 f30=0x7fc00000
     168925.000 ns	     16891	80003418	036fa1b3	mulhsu	x3,x31,x22	 x31:0x00000000 x22:0x80041024  x3=0x00000000
     168975.000 ns	     16896	8000341c	0132add3	fadd.s	f27,f5,f19	  f5:0x00000000 f19:0x00000000 f27=0x00000000
     169005.000 ns	     16899	80003420	f00e0c53	fmv.w.x	f24,x28	 x28:0x00000000 f24=0x00000000
     169025.000 ns	     16901	80003424	00ab6e33	or	x28,x22,x10	 x22:0x80041024 x10:0x000004dd x28=0x800414fd
     169045.000 ns	     16903	80003428	28791d53	fmax.s	f26,f18,f7	 f18:0x00000000  f7:0x7fc00000 f26=0x00000000
     169065.000 ns	     16905	8000342c	00000013	addi	x0,x0,0	  x0:0x00000000
     169075.000 ns	     16906	80003430	01fa30b3	sltu	x1,x20,x31	 x20:0x00000001 x31:0x00000000  x1=0x00000000
     169095.000 ns	     16908	80003434	03dc1bb3	mulh	x23,x24,x29	 x24:0x00000001 x29:0xfffff835 x23=0xffffffff
     169125.000 ns	     16911	80003438	291382d3	fmin.s	f5,f7,f17	  f7:0x7fc00000 f17:0xffc00000  f5=0x7fc00000
     169145.000 ns	     16913	8000343c	9eb96f13	ori	x30,x18,-1557	 x18:0x00000000 x30=0xfffff9eb
     169165.000 ns	     16915	80003440	287402d3	fmin.s	f5,f8,f7	  f8:0x7fc00000  f7:0x7fc00000  f5=0x7fc00000
     169535.000 ns	     16952	80003444	025efa33	remu	x20,x29,x5	 x29:0xfffff835  x5:0xfffff892 x20=0xfffff835
     169585.000 ns	     16957	80003448	01eaf753	fadd.s	f14,f21,f30	 f21:0x7fc00000 f30:0x7fc00000 f14=0x7fc00000
     169615.000 ns	     16960	8000344c	c007afd3	fcvt.w.s	x31,f15	 f15:0xbf350400 x31=0xffffffff
     169645.000 ns	     16963	80003450	e0051453	fclass.s	x8,f10	 f10:0xbf350400  x8=0x00000002
     169665.000 ns	     16965	80003454	587ebf13	sltiu	x30,x29,1415	 x29:0xfffff835 x30=0x00000000
     169675.000 ns	     16966	80003458	01325293	srli	x5,x4,0x13	  x4:0x45000000  x5=0x000008a0
     169685.000 ns	     16967	8000345c	59743e93	sltiu	x29,x8,1431	  x8:0x00000002 x29=0x00000001
     169705.000 ns	     16969	80003460	a1001bd3	flt.s	x23,f0,f16	  f0:0xffc00000 f16:0x7fc00000 x23=0x00000000
     169725.000 ns	     16971	80003464	01630d33	add	x26,x6,x22	  x6:0x00000000 x22:0x80041024 x26=0x80041024
     169735.000 ns	     16972	80003468	99201197	auipc	x3,0x99201	  x3=0x19204468
     169745.000 ns	     16973	8000346c	0d2b7613	andi	x12,x22,210	 x22:0x80041024 x12=0x00000000
     169765.000 ns	     16975	80003470	03868933	mul	x18,x13,x24	 x13:0x80041024 x24:0x00000001 x18=0x80041024
     169795.000 ns	     16978	80003474	d00171d3	fcvt.s.w	f3,x2	  x2:0x80040fe4  f3=0xcefff7e0
     169825.000 ns	     16981	80003478	e0059ed3	fclass.s	x29,f11	 f11:0x00000000 x29=0x00000010
     170195.000 ns	     17018	8000347c	035b5033	divu	x0,x22,x21	 x22:0x80041024 x21:0x00000001
     170565.000 ns	     17055	80003480	03de42b3	div	x5,x28,x29	 x28:0x800414fd x29:0x00000010  x5=0xf8004150
     170585.000 ns	     17057	80003484	9d9e03b7	lui	x7,0x9d9e0	  x7=0x9d9e0000
     170595.000 ns	     17058	80003488	e56f3997	auipc	x19,0xe56f3	 x19=0x656f6488
     170605.000 ns	     17059	8000348c	41b7d013	srai	x0,x15,0x1b	 x15:0x80040fe4
     170625.000 ns	     17061	80003490	21141c53	fsgnjn.s	f24,f8,f17	  f8:0x7fc00000 f17:0xffc00000 f24=0x7fc00000
     170655.000 ns	     17064	80003494	d01bf6d3	fcvt.s.wu	f13,x23	 x23:0x00000000 f13=0x00000000
     170675.000 ns	     17066	80003498	2eea6737	lui	x14,0x2eea6	 x14=0x2eea6000
     170695.000 ns	     17068	8000349c	2043a353	fsgnjx.s	f6,f7,f4	  f7:0x7fc00000  f4:0xc5000000  f6=0xffc00000
     170735.000 ns	     17072	800034a0	18ed7453	fdiv.s	f8,f26,f14	 f26:0x00000000 f14:0x7fc00000  f8=0x7fc00000
     170765.000 ns	     17075	800034a4	023c88b3	mul	x17,x25,x3	 x25:0x00000000  x3:0x19204468 x17=0x00000000
     170785.000 ns	     17077	800034a8	00c5d833	srl	x16,x11,x12	 x11:0x80000000 x12:0x00000000 x16=0x80000000
     170795.000 ns	     17078	800034ac	0028b2b3	sltu	x5,x17,x2	 x17:0x00000000  x2:0x80040fe4  x5=0x00000001
     170815.000 ns	     17080	800034b0	210a0ed3	fsgnj.s	f29,f20,f16	 f20:0xbf800000 f16:0x7fc00000 f29=0x3f800000
     171185.000 ns	     17117	800034b4	030d5e33	divu	x28,x26,x16	 x26:0x80041024 x16:0x80000000 x28=0x00000001
     171235.000 ns	     17122	800034b8	08638353	fsub.s	f6,f7,f6	  f7:0x7fc00000  f6:0xffc00000  f6=0x7fc00000
     171285.000 ns	     17127	800034bc	00697fd3	fadd.s	f31,f18,f6	 f18:0x00000000  f6:0xffc00000 f31=0x7fc00000
     171655.000 ns	     17164	800034c0	035259b3	divu	x19,x4,x21	  x4:0x45000000 x21:0x00000001 x19=0x45000000
     171675.000 ns	     17166	800034c4	00425ab3	srl	x21,x4,x4	  x4:0x45000000  x4:0x45000000 x21=0x45000000
     171685.000 ns	     17167	800034c8	01fd5f13	srli	x30,x26,0x1f	 x26:0x80041024 x30=0x00000001
     171695.000 ns	     17168	800034cc	016ee733	or	x14,x29,x22	 x29:0x00000010 x22:0x80041024 x14=0x80041034
     171705.000 ns	     17169	800034d0	2b80a613	slti	x12,x1,696	  x1:0x00000000 x12=0x00000001
     171715.000 ns	     17170	800034d4	40f15793	srai	x15,x2,0xf	  x2:0x80040fe4 x15=0xffff0008
     171735.000 ns	     17172	800034d8	20430ad3	fsgnj.s	f21,f6,f4	  f6:0x7fc00000  f4:0xc5000000 f21=0xffc00000
     171765.000 ns	     17175	800034dc	a1ee16d3	flt.s	x13,f28,f30	 f28:0x7fc00000 f30:0x7fc00000 x13=0x00000000
     171785.000 ns	     17177	800034e0	40e9dc13	srai	x24,x19,0xe	 x19:0x45000000 x24=0x00011400
     171795.000 ns	     17178	800034e4	005a7433	and	x8,x20,x5	 x20:0xfffff835  x5:0x00000001  x8=0x00000001
     171805.000 ns	     17179	800034e8	000abe33	sltu	x28,x21,x0	 x21:0x45000000  x0:0x00000000 x28=0x00000000
     171815.000 ns	     17180	800034ec	a7fbc693	xori	x13,x23,-1409	 x23:0x00000000 x13=0xfffffa7f
     171825.000 ns	     17181	800034f0	b0287713	andi	x14,x16,-1278	 x16:0x80000000 x14=0x80000000
     171855.000 ns	     17184	800034f4	5800f2d3	fsqrt.s	f5,f1	  f1:0x7fc00000  f5=0x7fc00000
     171885.000 ns	     17187	800034f8	a1c88c53	fle.s	x24,f17,f28	 f17:0xffc00000 f28:0x7fc00000 x24=0x00000000
     171915.000 ns	     17190	800034fc	e0001853	fclass.s	x16,f0	  f0:0xffc00000 x16=0x00000200
     171965.000 ns	     17195	80003500	08e6af53	fsub.s	f30,f13,f14	 f13:0x00000000 f14:0x7fc00000 f30=0x7fc00000
     171995.000 ns	     17198	80003504	d0127cd3	fcvt.s.wu	f25,x4	  x4:0x45000000 f25=0x4e8a0000
     172015.000 ns	     17200	80003508	4063b193	sltiu	x3,x7,1030	  x7:0x9d9e0000  x3=0x00000000
     172375.000 ns	     17236	8000350c	033446b3	div	x13,x8,x19	  x8:0x00000001 x19:0x45000000 x13=0x00000000
     172395.000 ns	     17238	80003510	0155ce33	xor	x28,x11,x21	 x11:0x80000000 x21:0x45000000 x28=0xc5000000
     172415.000 ns	     17240	80003514	a068aad3	feq.s	x21,f17,f6	 f17:0xffc00000  f6:0x7fc00000 x21=0x00000000
     172465.000 ns	     17245	80003518	091a7653	fsub.s	f12,f20,f17	 f20:0xbf800000 f17:0xffc00000 f12=0x7fc00000
     172495.000 ns	     17248	8000351c	2060afd3	fsgnjx.s	f31,f1,f6	  f1:0x7fc00000  f6:0x7fc00000 f31=0x7fc00000
     172515.000 ns	     17250	80003520	00645993	srli	x19,x8,0x6	  x8:0x00000001 x19=0x00000000
     172535.000 ns	     17252	80003524	28f700d3	fmin.s	f1,f14,f15	 f14:0x7fc00000 f15:0xbf350400  f1=0xbf350400
     172565.000 ns	     17255	80003528	d017fd53	fcvt.s.wu	f26,x15	 x15:0xffff0008 f26=0x4f7fff00
     172585.000 ns	     17257	8000352c	01bfcc33	xor	x24,x31,x27	 x31:0xffffffff x27:0x80041024 x24=0x7ffbefdb
     172595.000 ns	     17258	80003530	411657b3	sra	x15,x12,x17	 x12:0x00000001 x17:0x00000000 x15=0x00000001
     172615.000 ns	     17260	80003534	0336f333	remu	x6,x13,x19	 x13:0x00000000 x19:0x00000000  x6=0x00000000
     172635.000 ns	     17262	80003538	4189df13	srai	x30,x19,0x18	 x19:0x00000000 x30=0x00000000
     172645.000 ns	     17263	8000353c	01139c33	sll	x24,x7,x17	  x7:0x9d9e0000 x17:0x00000000 x24=0x9d9e0000
     172665.000 ns	     17265	80003540	29341dd3	fmax.s	f27,f8,f19	  f8:0x7fc00000 f19:0x00000000 f27=0x00000000
     172685.000 ns	     17267	80003544	e2aeea13	ori	x20,x29,-470	 x29:0x00000010 x20=0xfffffe3a
     173045.000 ns	     17303	80003548	02877e33	remu	x28,x14,x8	 x14:0x80000000  x8:0x00000001 x28=0x00000000
     173075.000 ns	     17306	8000354c	0345a733	mulhsu	x14,x11,x20	 x11:0x80000000 x20:0xfffff835 x14=0x800000e3
     173105.000 ns	     17309	80003550	023e3d33	mulhu	x26,x28,x3	 x28:0x00000000  x3:0x00000000 x26=0x00000000
     173145.000 ns	     17313	80003554	580a7fd3	fsqrt.s	f31,f20	 f20:0xbf800000 f31=0x7fc00000
     173175.000 ns	     17316	80003558	029d2433	mulhsu	x8,x26,x9	 x26:0x00000000  x9:0x00000000  x8=0x00000000
     173195.000 ns	     17318	8000355c	00d93933	sltu	x18,x18,x13	 x18:0x80041024 x13:0x00000000 x18=0x00000000
     173225.000 ns	     17321	80003560	11fdfd53	fmul.s	f26,f27,f31	 f27:0x00000000 f31:0x7fc00000 f26=0x7fc00000
     173245.000 ns	     17323	80003564	01c61993	slli	x19,x12,0x1c	 x12:0x00000001 x19=0x10000000
     173285.000 ns	     17327	80003568	00397cd3	fadd.s	f25,f18,f3	 f18:0x00000000  f3:0xcefff7e0 f25=0xcefff7e0
     173305.000 ns	     17329	8000356c	01ac1833	sll	x16,x24,x26	 x24:0x9d9e0000 x26:0x00000000 x16=0x9d9e0000
     173315.000 ns	     17330	80003570	01e7a733	slt	x14,x15,x30	 x15:0x00000001 x30:0x00000000 x14=0x00000000
     173335.000 ns	     17332	80003574	0356ba33	mulhu	x20,x13,x21	 x13:0x00000000 x21:0x00000000 x20=0x00000000
     173355.000 ns	     17334	80003578	00411693	slli	x13,x2,0x4	  x2:0x80040fe4 x13=0x0040fe40
     173375.000 ns	     17336	8000357c	21061953	fsgnjn.s	f18,f12,f16	 f12:0x7fc00000 f16:0x7fc00000 f18=0xffc00000
     173415.000 ns	     17340	80003580	10fd27d3	fmul.s	f15,f26,f15	 f26:0x7fc00000 f15:0xbf350400 f15=0x7fc00000
     173445.000 ns	     17343	80003584	02b11a33	mulh	x20,x2,x11	  x2:0x80040fe4 x11:0x80000000 x20=0x3ffdf80e
     173475.000 ns	     17346	80003588	29221153	fmax.s	f2,f4,f18	  f4:0xc5000000 f18:0xffc00000  f2=0xc5000000
     173495.000 ns	     17348	8000358c	00000013	addi	x0,x0,0	  x0:0x00000000
     173505.000 ns	     17349	80003590	0080dab3	srl	x21,x1,x8	  x1:0x00000000  x8:0x00000000 x21=0x00000000
     173515.000 ns	     17350	80003594	01a832b3	sltu	x5,x16,x26	 x16:0x9d9e0000 x26:0x00000000  x5=0x00000000
     173535.000 ns	     17352	80003598	03204ab3	div	x21,x0,x18	  x0:0x00000000 x18:0x00000000 x21=0xffffffff
     173565.000 ns	     17355	8000359c	a08510d3	flt.s	x1,f10,f8	 f10:0xbf350400  f8:0x7fc00000  x1=0x00000000
     173585.000 ns	     17357	800035a0	01411d13	slli	x26,x2,0x14	  x2:0x80040fe4 x26=0xfe400000
     173625.000 ns	     17361	800035a4	08eb7753	fsub.s	f14,f22,f14	 f22:0x00000000 f14:0x7fc00000 f14=0x7fc00000
     173995.000 ns	     17398	800035a8	03a74bb3	div	x23,x14,x26	 x14:0x00000000 x26:0x00000000 x23=0x00000000
     174365.000 ns	     17435	800035ac	03be5733	divu	x14,x28,x27	 x28:0x00000000 x27:0x80041024 x14=0x00000000
     174735.000 ns	     17472	800035b0	0340c2b3	div	x5,x1,x20	  x1:0x00000000 x20:0x3ffdf80e  x5=0x00000000
     174755.000 ns	     17474	800035b4	6bd53cb7	lui	x25,0x6bd53	 x25=0x6bd53000
     174775.000 ns	     17476	800035b8	f00d0153	fmv.w.x	f2,x26	 x26:0xfe400000  f2=0xfe400000
     174795.000 ns	     17478	800035bc	41d45793	srai	x15,x8,0x1d	  x8:0x00000000 x15=0x00000000
     174805.000 ns	     17479	800035c0	04c11f97	auipc	x31,0x4c11	 x31=0x84c145c0
     174825.000 ns	     17481	800035c4	c0101ed3	fcvt.wu.s	x29,f0	  f0:0xffc00000 x29=0xffffffff
     174855.000 ns	     17484	800035c8	a061a2d3	feq.s	x5,f3,f6	  f3:0xcefff7e0  f6:0x7fc00000  x5=0x00000000
     174885.000 ns	     17487	800035cc	03f73cb3	mulhu	x25,x14,x31	 x14:0x00000000 x31:0x84c145c0 x25=0x00000000
     174905.000 ns	     17489	800035d0	7fcd2513	slti	x10,x26,2044	 x26:0xfe400000 x10=0x00000001
     174915.000 ns	     17490	800035d4	0129cfb3	xor	x31,x19,x18	 x19:0x10000000 x18:0x00000000 x31=0x10000000
     174925.000 ns	     17491	800035d8	007c5633	srl	x12,x24,x7	 x24:0x9d9e0000  x7:0x9d9e0000 x12=0x9d9e0000
     174935.000 ns	     17492	800035dc	01035293	srli	x5,x6,0x10	  x6:0x00000000  x5=0x00000000
     174945.000 ns	     17493	800035e0	40edd193	srai	x3,x27,0xe	 x27:0x80041024  x3=0xfffe0010
     174965.000 ns	     17495	800035e4	20a21353	fsgnjn.s	f6,f4,f10	  f4:0xc5000000 f10:0xbf350400  f6=0x45000000
     174985.000 ns	     17497	800035e8	7d777713	andi	x14,x14,2007	 x14:0x00000000 x14=0x00000000
     175005.000 ns	     17499	800035ec	0284fd33	remu	x26,x9,x8	  x9:0x00000000  x8:0x00000000 x26=0x00000000
     175035.000 ns	     17502	800035f0	21d59cd3	fsgnjn.s	f25,f11,f29	 f11:0x00000000 f29:0x3f800000 f25=0x80000000
     175065.000 ns	     17505	800035f4	d0020353	fcvt.s.w	f6,x4	  x4:0x45000000  f6=0x4e8a0000
     175085.000 ns	     17507	800035f8	cfbc3fb7	lui	x31,0xcfbc3	 x31=0xcfbc3000
     175105.000 ns	     17509	800035fc	a14594d3	flt.s	x9,f11,f20	 f11:0x00000000 f20:0xbf800000  x9=0x00000000
     175125.000 ns	     17511	80003600	005341b3	xor	x3,x6,x5	  x6:0x00000000  x5:0x00000000  x3=0x00000000
     175135.000 ns	     17512	80003604	0d416913	ori	x18,x2,212	  x2:0x80040fe4 x18=0x80040ff4
     175145.000 ns	     17513	80003608	81994013	xori	x0,x18,-2023	 x18:0x00000000
     175165.000 ns	     17515	8000360c	20c186d3	fsgnj.s	f13,f3,f12	  f3:0xcefff7e0 f12:0x7fc00000 f13=0x4efff7e0
     175195.000 ns	     17518	80003610	a0d011d3	flt.s	x3,f0,f13	  f0:0xffc00000 f13:0x00000000  x3=0x00000000
     175225.000 ns	     17521	80003614	02390fb3	mul	x31,x18,x3	 x18:0x80040ff4  x3:0x00000000 x31=0x00000000
     175245.000 ns	     17523	80003618	00f35fb3	srl	x31,x6,x15	  x6:0x00000000 x15:0x00000000 x31=0x00000000
     175265.000 ns	     17525	8000361c	c012a3d3	fcvt.wu.s	x7,f5	  f5:0x7fc00000  x7=0xffffffff
     175295.000 ns	     17528	80003620	d01672d3	fcvt.s.wu	f5,x12	 x12:0x9d9e0000  f5=0x4f1d9e00
     175325.000 ns	     17531	80003624	f00f0fd3	fmv.w.x	f31,x30	 x30:0x00000000 f31=0x00000000
     175355.000 ns	     17534	80003628	02d0a3b3	mulhsu	x7,x1,x13	  x1:0x00000000 x13:0x0040fe40  x7=0x00000000
     175725.000 ns	     17571	8000362c	03d54c33	div	x24,x10,x29	 x10:0x00000001 x29:0xffffffff x24=0xffffffff
     175745.000 ns	     17573	80003630	00b376b3	and	x13,x6,x11	  x6:0x00000000 x11:0x80000000 x13=0x00000000
     175775.000 ns	     17576	80003634	580a7fd3	fsqrt.s	f31,f20	 f20:0xbf800000 f31=0x7fc00000
     175805.000 ns	     17579	80003638	204619d3	fsgnjn.s	f19,f12,f4	 f12:0x7fc00000  f4:0xc5000000 f19=0x7fc00000
     175825.000 ns	     17581	8000363c	40f5d233	sra	x4,x11,x15	 x11:0x80000000 x15:0x00000000  x4=0x80000000
     175835.000 ns	     17582	80003640	7afd0793	addi	x15,x26,1967	 x26:0x00000000 x15=0x000007af
     175845.000 ns	     17583	80003644	01d02db3	slt	x27,x0,x29	  x0:0x00000000 x29:0xffffffff x27=0x00000000
     175855.000 ns	     17584	80003648	3ca66637	lui	x12,0x3ca66	 x12=0x3ca66000
     175865.000 ns	     17585	8000364c	01022c33	slt	x24,x4,x16	  x4:0x80000000 x16:0x9d9e0000 x24=0x00000001
     175875.000 ns	     17586	80003650	00000013	addi	x0,x0,0	  x0:0x00000000
     175915.000 ns	     17590	80003654	002791d3	fadd.s	f3,f15,f2	 f15:0x7fc00000  f2:0xfe400000  f3=0x7fc00000
     175945.000 ns	     17593	80003658	f0028453	fmv.w.x	f8,x5	  x5:0x00000000  f8=0x00000000
     175965.000 ns	     17595	8000365c	00000013	addi	x0,x0,0	  x0:0x00000000
     175995.000 ns	     17598	80003660	58092153	fsqrt.s	f2,f18	 f18:0xffc00000  f2=0x7fc00000
     176025.000 ns	     17601	80003664	2050a5d3	fsgnjx.s	f11,f1,f5	  f1:0xbf350400  f5:0x4f1d9e00 f11=0xbf350400
     176045.000 ns	     17603	80003668	01b55e33	srl	x28,x10,x27	 x10:0x00000001 x27:0x00000000 x28=0x00000001
     176055.000 ns	     17604	8000366c	00641fb3	sll	x31,x8,x6	  x8:0x00000000  x6:0x00000000 x31=0x00000000
     176075.000 ns	     17606	80003670	d01228d3	fcvt.s.wu	f17,x4	  x4:0x80000000 f17=0x4f000000
     176095.000 ns	     17608	80003674	00e1bbb3	sltu	x23,x3,x14	  x3:0x00000000 x14:0x00000000 x23=0x00000000
     176115.000 ns	     17610	80003678	02616233	rem	x4,x2,x6	  x2:0x80040fe4  x6:0x00000000  x4=0x80040fe4
     176145.000 ns	     17613	8000367c	d017f853	fcvt.s.wu	f16,x15	 x15:0x000007af f16=0x44f5e000
     176515.000 ns	     17650	80003680	022f71b3	remu	x3,x30,x2	 x30:0x00000000  x2:0x80040fe4  x3=0x00000000
     176535.000 ns	     17652	80003684	017689b3	add	x19,x13,x23	 x13:0x00000000 x23:0x00000000 x19=0x00000000
     176575.000 ns	     17656	80003688	0952f553	fsub.s	f10,f5,f21	  f5:0x4f1d9e00 f21:0xffc00000 f10=0x7fc00000
     176605.000 ns	     17659	8000368c	29bd9753	fmax.s	f14,f27,f27	 f27:0x00000000 f27:0x00000000 f14=0x00000000
     176635.000 ns	     17662	80003690	295113d3	fmax.s	f7,f2,f21	  f2:0x7fc00000 f21:0xffc00000  f7=0x7fc00000
     176655.000 ns	     17664	80003694	7863a213	slti	x4,x7,1926	  x7:0x00000000  x4=0x00000001
     176665.000 ns	     17665	80003698	019f8f33	add	x30,x31,x25	 x31:0x00000000 x25:0x00000000 x30=0x00000000
     176685.000 ns	     17667	8000369c	d0004753	fcvt.s.w	f14,x0	  x0:0x00000000 f14=0x00000000
     176715.000 ns	     17670	800036a0	e00d83d3	fmv.x.w	x7,f27	 f27:0x00000000  x7=0x00000000
     176735.000 ns	     17672	800036a4	fe856493	ori	x9,x10,-24	 x10:0x00000001  x9=0xffffffe9
     176745.000 ns	     17673	800036a8	38059e37	lui	x28,0x38059	 x28=0x38059000
     176775.000 ns	     17676	800036ac	5804fbd3	fsqrt.s	f23,f9	  f9:0xffc00000 f23=0x7fc00000
     176805.000 ns	     17679	800036b0	a1449bd3	flt.s	x23,f9,f20	  f9:0xffc00000 f20:0xbf800000 x23=0x00000000
     176825.000 ns	     17681	800036b4	00cd5f93	srli	x31,x26,0xc	 x26:0x00000000 x31=0x00000000
     176835.000 ns	     17682	800036b8	1edf4c13	xori	x24,x30,493	 x30:0x00000000 x24=0x000001ed
     176845.000 ns	     17683	800036bc	973d4a13	xori	x20,x26,-1677	 x26:0x00000000 x20=0xfffff973
     176855.000 ns	     17684	800036c0	01cbd193	srli	x3,x23,0x1c	 x23:0x00000000  x3=0x00000000
     176875.000 ns	     17686	800036c4	a12bacd3	feq.s	x25,f23,f18	 f23:0x7fc00000 f18:0xffc00000 x25=0x00000000
     176905.000 ns	     17689	800036c8	02604f33	div	x30,x0,x6	  x0:0x00000000  x6:0x00000000 x30=0xffffffff
     176935.000 ns	     17692	800036cc	c01907d3	fcvt.wu.s	x15,f18	 f18:0xffc00000 x15=0xffffffff
     176955.000 ns	     17694	800036d0	414e5d93	srai	x27,x28,0x14	 x28:0x38059000 x27=0x00000380
     176975.000 ns	     17696	800036d4	d00ffbd3	fcvt.s.w	f23,x31	 x31:0x00000000 f23=0x00000000
     177005.000 ns	     17699	800036d8	d0198cd3	fcvt.s.wu	f25,x19	 x19:0x00000000 f25=0x00000000
     177035.000 ns	     17702	800036dc	a1c89e53	flt.s	x28,f17,f28	 f17:0x4f000000 f28:0x7fc00000 x28=0x00000000
     177055.000 ns	     17704	800036e0	cbbc7813	andi	x16,x24,-837	 x24:0x000001ed x16=0x000000a9
     177075.000 ns	     17706	800036e4	20bf02d3	fsgnj.s	f5,f30,f11	 f30:0x7fc00000 f11:0xbf350400  f5=0xffc00000
     177095.000 ns	     17708	800036e8	01268cb3	add	x25,x13,x18	 x13:0x00000000 x18:0x80040ff4 x25=0x80040ff4
     177115.000 ns	     17710	800036ec	c014f3d3	fcvt.wu.s	x7,f9	  f9:0xffc00000  x7=0xffffffff
     177145.000 ns	     17713	800036f0	032d1d33	mulh	x26,x26,x18	 x26:0x00000000 x18:0x80040ff4 x26=0x00000000
     177175.000 ns	     17716	800036f4	02352cb3	mulhsu	x25,x10,x3	 x10:0x00000001  x3:0x00000000 x25=0x00000000
     177195.000 ns	     17718	800036f8	01545213	srli	x4,x8,0x15	  x8:0x00000000  x4=0x00000000
     177225.000 ns	     17721	800036fc	580bfed3	fsqrt.s	f29,f23	 f23:0x00000000 f29=0x00000000
     177255.000 ns	     17724	80003700	d00afc53	fcvt.s.w	f24,x21	 x21:0xffffffff f24=0xbf800000
     177285.000 ns	     17727	80003704	c003fad3	fcvt.w.s	x21,f7	  f7:0x7fc00000 x21=0x7fffffff
     177305.000 ns	     17729	80003708	411dd513	srai	x10,x27,0x11	 x27:0x00000380 x10=0x00000000
     177315.000 ns	     17730	8000370c	0038c933	xor	x18,x17,x3	 x17:0x00000000  x3:0x00000000 x18=0x00000000
     177335.000 ns	     17732	80003710	28599cd3	fmax.s	f25,f19,f5	 f19:0x7fc00000  f5:0xffc00000 f25=0x7fc00000
     177365.000 ns	     17735	80003714	20219ad3	fsgnjn.s	f21,f3,f2	  f3:0x7fc00000  f2:0x7fc00000 f21=0xffc00000
     177395.000 ns	     17738	80003718	02e30733	mul	x14,x6,x14	  x6:0x00000000 x14:0x00000000 x14=0x00000000
     177425.000 ns	     17741	8000371c	29a099d3	fmax.s	f19,f1,f26	  f1:0xbf350400 f26:0x7fc00000 f19=0xbf350400
     177455.000 ns	     17744	80003720	d01fb4d3	fcvt.s.wu	f9,x31	 x31:0x00000000  f9=0x00000000
     177485.000 ns	     17747	80003724	d0007153	fcvt.s.w	f2,x0	  x0:0x00000000  f2=0x00000000
     177515.000 ns	     17750	80003728	a07a0d53	fle.s	x26,f20,f7	 f20:0xbf800000  f7:0x7fc00000 x26=0x00000000
     177545.000 ns	     17753	8000372c	c009b6d3	fcvt.w.s	x13,f19	 f19:0xbf350400 x13=0x00000000
     177575.000 ns	     17756	80003730	03ce8433	mul	x8,x29,x28	 x29:0xffffffff x28:0x00000000  x8=0x00000000
     177595.000 ns	     17758	80003734	009f2233	slt	x4,x30,x9	 x30:0xffffffff  x9:0xffffffe9  x4=0x00000000
     177615.000 ns	     17760	80003738	d00322d3	fcvt.s.w	f5,x6	  x6:0x00000000  f5=0x00000000
     177635.000 ns	     17762	8000373c	d00ab993	sltiu	x19,x21,-768	 x21:0x7fffffff x19=0x00000001
     177645.000 ns	     17763	80003740	0091d493	srli	x9,x3,0x9	  x3:0x00000000  x9=0x00000000
     177655.000 ns	     17764	80003744	ad367293	andi	x5,x12,-1325	 x12:0x3ca66000  x5=0x3ca66000
     177675.000 ns	     17766	80003748	298a1753	fmax.s	f14,f20,f24	 f20:0xbf800000 f24:0xbf800000 f14=0xbf800000
     177705.000 ns	     17769	8000374c	038613b3	mulh	x7,x12,x24	 x12:0x3ca66000 x24:0x000001ed  x7=0x00000074
     177725.000 ns	     17771	80003750	40af8333	sub	x6,x31,x10	 x31:0x00000000 x10:0x00000000  x6=0x00000000
     177735.000 ns	     17772	80003754	01f49a93	slli	x21,x9,0x1f	  x9:0x00000000 x21=0x00000000
     177755.000 ns	     17774	80003758	02eb9fb3	mulh	x31,x23,x14	 x23:0x00000000 x14:0x00000000 x31=0x00000000
     177775.000 ns	     17776	8000375c	f8d12a93	slti	x21,x2,-115	  x2:0x80040fe4 x21=0x00000001
     177785.000 ns	     17777	80003760	41d35793	srai	x15,x6,0x1d	  x6:0x00000000 x15=0x00000000
     177795.000 ns	     17778	80003764	80e57913	andi	x18,x10,-2034	 x10:0x00000000 x18=0x00000000
     177805.000 ns	     17779	80003768	01791713	slli	x14,x18,0x17	 x18:0x00000000 x14=0x00000000
     177825.000 ns	     17781	8000376c	e00c04d3	fmv.x.w	x9,f24	 f24:0xbf800000  x9=0xbf800000
     177875.000 ns	     17786	80003770	01baf353	fadd.s	f6,f21,f27	 f21:0xffc00000 f27:0x00000000  f6=0x7fc00000
     177895.000 ns	     17788	80003774	00000013	addi	x0,x0,0	  x0:0x00000000
     177905.000 ns	     17789	80003778	4099dcb3	sra	x25,x19,x9	 x19:0x00000001  x9:0xbf800000 x25=0x00000001
     177925.000 ns	     17791	8000377c	293208d3	fmin.s	f17,f4,f19	  f4:0xc5000000 f19:0xbf350400 f17=0xc5000000
     177945.000 ns	     17793	80003780	00000013	addi	x0,x0,0	  x0:0x00000000
     177965.000 ns	     17795	80003784	02d57d33	remu	x26,x10,x13	 x10:0x00000000 x13:0x00000000 x26=0x00000000
     177995.000 ns	     17798	80003788	a0f31353	flt.s	x6,f6,f15	  f6:0x7fc00000 f15:0x7fc00000  x6=0x00000000
     178025.000 ns	     17801	8000378c	029a80b3	mul	x1,x21,x9	 x21:0x00000001  x9:0xbf800000  x1=0xbf800000
     178055.000 ns	     17804	80003790	02efb333	mulhu	x6,x31,x14	 x31:0x00000000 x14:0x00000000  x6=0x00000000
     178085.000 ns	     17807	80003794	021a3933	mulhu	x18,x20,x1	 x20:0xfffff973  x1:0xbf800000 x18=0xbf7ffb19
     178105.000 ns	     17809	80003798	00000013	addi	x0,x0,0	  x0:0x00000000
     178115.000 ns	     17810	8000379c	00000013	addi	x0,x0,0	  x0:0x00000000
     178155.000 ns	     17814	800037a0	094bb2d3	fsub.s	f5,f23,f20	 f23:0x00000000 f20:0xbf800000  f5=0x3f800000
     178185.000 ns	     17817	800037a4	200e24d3	fsgnjx.s	f9,f28,f0	 f28:0x7fc00000  f0:0xffc00000  f9=0xffc00000
     178215.000 ns	     17820	800037a8	02f46cb3	rem	x25,x8,x15	  x8:0x00000000 x15:0x00000000 x25=0x00000000
     178245.000 ns	     17823	800037ac	02151533	mulh	x10,x10,x1	 x10:0x00000000  x1:0xbf800000 x10=0x00000000
     178265.000 ns	     17825	800037b0	076aea13	ori	x20,x21,118	 x21:0x00000001 x20=0x00000077
     178295.000 ns	     17828	800037b4	193ef0d3	fdiv.s	f1,f29,f19	 f29:0x00000000 f19:0xbf350400  f1=0x80000000
     178325.000 ns	     17831	800037b8	a05c99d3	flt.s	x19,f25,f5	 f25:0x7fc00000  f5:0x3f800000 x19=0x00000000
     178345.000 ns	     17833	800037bc	1aa04437	lui	x8,0x1aa04	  x8=0x1aa04000
     178355.000 ns	     17834	800037c0	5c7d31b7	lui	x3,0x5c7d3	  x3=0x5c7d3000
     178365.000 ns	     17835	800037c4	409b5333	sra	x6,x22,x9	 x22:0x80041024  x9:0xbf800000  x6=0x80041024
     178395.000 ns	     17838	800037c8	1961fb53	fdiv.s	f22,f3,f22	  f3:0x7fc00000 f22:0x00000000 f22=0x7fc00000
     178415.000 ns	     17840	800037cc	00000013	addi	x0,x0,0	  x0:0x00000000
     178435.000 ns	     17842	800037d0	a09306d3	fle.s	x13,f6,f9	  f6:0x7fc00000  f9:0xffc00000 x13=0x00000000
     178455.000 ns	     17844	800037d4	00b598b3	sll	x17,x11,x11	 x11:0x80000000 x11:0x80000000 x17=0x80000000
     178475.000 ns	     17846	800037d8	02e63a33	mulhu	x20,x12,x14	 x12:0x3ca66000 x14:0x00000000 x20=0x00000000
     178495.000 ns	     17848	800037dc	01a88533	add	x10,x17,x26	 x17:0x00000000 x26:0x00000000 x10=0x80000000
     178515.000 ns	     17850	800037e0	205a9a53	fsgnjn.s	f20,f21,f5	 f21:0xffc00000  f5:0x3f800000 f20=0xffc00000
     178545.000 ns	     17853	800037e4	a1508bd3	fle.s	x23,f1,f21	  f1:0x80000000 f21:0xffc00000 x23=0x00000000
     178575.000 ns	     17856	800037e8	292289d3	fmin.s	f19,f5,f18	  f5:0x3f800000 f18:0xffc00000 f19=0x3f800000
     178605.000 ns	     17859	800037ec	0275ad33	mulhsu	x26,x11,x7	 x11:0x80000000  x7:0x00000074 x26=0xffffffc6
     178635.000 ns	     17862	800037f0	21fd2dd3	fsgnjx.s	f27,f26,f31	 f26:0x7fc00000 f31:0x7fc00000 f27=0x7fc00000
     178665.000 ns	     17865	800037f4	e0069fd3	fclass.s	x31,f13	 f13:0x4efff7e0 x31=0x00000040
     178695.000 ns	     17868	800037f8	a1641c53	flt.s	x24,f8,f22	  f8:0x00000000 f22:0x7fc00000 x24=0x00000000
     178725.000 ns	     17871	800037fc	a01c9653	flt.s	x12,f25,f1	 f25:0x7fc00000  f1:0x80000000 x12=0x00000000
     178745.000 ns	     17873	80003800	fee50193	addi	x3,x10,-18	 x10:0x80000000  x3=0x7fffffee
     178755.000 ns	     17874	80003804	001c6a33	or	x20,x24,x1	 x24:0x00000000  x1:0xbf800000 x20=0xbf800000
     178775.000 ns	     17876	80003808	21f42c53	fsgnjx.s	f24,f8,f31	  f8:0x00000000 f31:0x7fc00000 f24=0x00000000
     178795.000 ns	     17878	8000380c	00fccbb3	xor	x23,x25,x15	 x25:0x00000000 x15:0x00000000 x23=0x00000000
     178805.000 ns	     17879	80003810	885aca93	xori	x21,x21,-1915	 x21:0x00000001 x21=0xfffff884
     178845.000 ns	     17883	80003814	00c719d3	fadd.s	f19,f14,f12	 f14:0xbf800000 f12:0x7fc00000 f19=0x7fc00000
     178875.000 ns	     17886	80003818	0328af33	mulhsu	x30,x17,x18	 x17:0x80000000 x18:0xbf7ffb19 x30=0xa0400273
     178905.000 ns	     17889	8000381c	02489db3	mulh	x27,x17,x4	 x17:0x80000000  x4:0x00000000 x27=0x00000000
     178935.000 ns	     17892	80003820	211c26d3	fsgnjx.s	f13,f24,f17	 f24:0x00000000 f17:0xc5000000 f13=0x80000000
     178955.000 ns	     17894	80003824	4f7f6a13	ori	x20,x30,1271	 x30:0xa0400273 x20=0xa04006f7
     178975.000 ns	     17896	80003828	286c8553	fmin.s	f10,f25,f6	 f25:0x7fc00000  f6:0x7fc00000 f10=0x7fc00000
     178995.000 ns	     17898	8000382c	2d103a93	sltiu	x21,x0,721	  x0:0x00000000 x21=0x00000001
     179025.000 ns	     17901	80003830	10079dd3	fmul.s	f27,f15,f0	 f15:0x7fc00000  f0:0xffc00000 f27=0x7fc00000
     179045.000 ns	     17903	80003834	00d4da13	srli	x20,x9,0xd	  x9:0xbf800000 x20=0x0005fc00
     179065.000 ns	     17905	80003838	c018f2d3	fcvt.wu.s	x5,f17	 f17:0xc5000000  x5=0x00000800
     179085.000 ns	     17907	8000383c	00d79393	slli	x7,x15,0xd	 x15:0x00000000  x7=0x00000000
     179095.000 ns	     17908	80003840	00e14fb3	xor	x31,x2,x14	  x2:0x80040fe4 x14:0x00000000 x31=0x80040fe4
     179105.000 ns	     17909	80003844	01c112b3	sll	x5,x2,x28	  x2:0x80040fe4 x28:0x00000000  x5=0x80040fe4
     179145.000 ns	     17913	80003848	01a009d3	fadd.s	f19,f0,f26	  f0:0xffc00000 f26:0x7fc00000 f19=0x7fc00000
     179165.000 ns	     17915	8000384c	01fad9b3	srl	x19,x21,x31	 x21:0x00000001 x31:0x80040fe4 x19=0x00000000
     179175.000 ns	     17916	80003850	d35ba517	auipc	x10,0xd35ba	 x10=0x535bd850
     179195.000 ns	     17918	80003854	0236adb3	mulhsu	x27,x13,x3	 x13:0x00000000  x3:0x7fffffee x27=0x00000000
     179225.000 ns	     17921	80003858	d015a453	fcvt.s.wu	f8,x11	 x11:0x80000000  f8=0x4f000000
     179255.000 ns	     17924	8000385c	02ef60b3	rem	x1,x30,x14	 x30:0xa0400273 x14:0x00000000  x1=0xa0400273
     179285.000 ns	     17927	80003860	e00d9ad3	fclass.s	x21,f27	 f27:0x7fc00000 x21=0x00000200
     179305.000 ns	     17929	80003864	00000013	addi	x0,x0,0	  x0:0x00000000
     179315.000 ns	     17930	80003868	0071c3b3	xor	x7,x3,x7	  x3:0x7fffffee  x7:0x00000000  x7=0x7fffffee
     179325.000 ns	     17931	8000386c	191d7513	andi	x10,x26,401	 x26:0xffffffc6 x10=0x00000180
     179345.000 ns	     17933	80003870	0384df33	divu	x30,x9,x24	  x9:0xbf800000 x24:0x00000000 x30=0xffffffff
     179375.000 ns	     17936	80003874	e00010d3	fclass.s	x1,f0	  f0:0xffc00000  x1=0x00000200
     179405.000 ns	     17939	80003878	a0e422d3	feq.s	x5,f8,f14	  f8:0x4f000000 f14:0xbf800000  x5=0x00000000
     179425.000 ns	     17941	8000387c	be376393	ori	x7,x14,-1053	 x14:0x00000000  x7=0xfffffbe3
     179445.000 ns	     17943	80003880	a1faacd3	feq.s	x25,f21,f31	 f21:0xffc00000 f31:0x7fc00000 x25=0x00000000
     179465.000 ns	     17945	80003884	01815293	srli	x5,x2,0x18	  x2:0x80040fe4  x5=0x00000080
     179485.000 ns	     17947	80003888	e00c9f53	fclass.s	x30,f25	 f25:0x7fc00000 x30=0x00000200
     179535.000 ns	     17952	8000388c	0129fb53	fadd.s	f22,f19,f18	 f19:0x7fc00000 f18:0xffc00000 f22=0x7fc00000
     179565.000 ns	     17955	80003890	280d08d3	fmin.s	f17,f26,f0	 f26:0x7fc00000  f0:0xffc00000 f17=0x7fc00000
     179935.000 ns	     17992	80003894	0350e033	rem	x0,x1,x21	  x1:0x00000200 x21:0x00000200
     179965.000 ns	     17995	80003898	29e91453	fmax.s	f8,f18,f30	 f18:0xffc00000 f30:0x7fc00000  f8=0x7fc00000
     179985.000 ns	     17997	8000389c	4139d693	srai	x13,x19,0x13	 x19:0x00000000 x13=0x00000000
     180005.000 ns	     17999	800038a0	29959c53	fmax.s	f24,f11,f25	 f11:0xbf350400 f25:0x7fc00000 f24=0xbf350400
     180375.000 ns	     18036	800038a4	03a96933	rem	x18,x18,x26	 x18:0xbf7ffb19 x26:0xffffffc6 x18=0xffffffcd
     180395.000 ns	     18038	800038a8	29bee717	auipc	x14,0x29bee	 x14=0xa9bf18a8
     180415.000 ns	     18040	800038ac	d014f653	fcvt.s.wu	f12,x9	  x9:0xbf800000 f12=0x4f3f8000
     180435.000 ns	     18042	800038b0	000f6933	or	x18,x30,x0	 x30:0x00000200  x0:0x00000000 x18=0x00000200
     180445.000 ns	     18043	800038b4	006853b3	srl	x7,x16,x6	 x16:0x000000a9  x6:0x80041024  x7=0x0000000a
     180465.000 ns	     18045	800038b8	e00083d3	fmv.x.w	x7,f1	  f1:0x80000000  x7=0x80000000
     180485.000 ns	     18047	800038bc	0037d3b3	srl	x7,x15,x3	 x15:0x00000000  x3:0x7fffffee  x7=0x00000000
     180845.000 ns	     18083	800038c0	0346d9b3	divu	x19,x13,x20	 x13:0x00000000 x20:0x0005fc00 x19=0x00000000
     180875.000 ns	     18086	800038c4	d0098453	fcvt.s.w	f8,x19	 x19:0x00000000  f8=0x00000000
     180905.000 ns	     18089	800038c8	02048233	mul	x4,x9,x0	  x9:0xbf800000  x0:0x00000000  x4=0x00000000
     180935.000 ns	     18092	800038cc	030fb233	mulhu	x4,x31,x16	 x31:0x80040fe4 x16:0x000000a9  x4=0x00000054
     180955.000 ns	     18094	800038d0	ffbeef13	ori	x30,x29,-5	 x29:0xffffffff x30=0xffffffff
     180975.000 ns	     18096	800038d4	c01df653	fcvt.wu.s	x12,f27	 f27:0x7fc00000 x12=0xffffffff
     180995.000 ns	     18098	800038d8	0156e8b3	or	x17,x13,x21	 x13:0x00000000 x21:0x00000200 x17=0x00000200
     181015.000 ns	     18100	800038dc	c01e39d3	fcvt.wu.s	x19,f28	 f28:0x7fc00000 x19=0xffffffff
     181035.000 ns	     18102	800038e0	3d583017	auipc	x0,0x3d583	
     181055.000 ns	     18104	800038e4	2053add3	fsgnjx.s	f27,f7,f5	  f7:0x7fc00000  f5:0x3f800000 f27=0x7fc00000
     181425.000 ns	     18141	800038e8	03275d33	divu	x26,x14,x18	 x14:0xa9bf18a8 x18:0x00000200 x26=0x0054df8c
     181445.000 ns	     18143	800038ec	41d3d393	srai	x7,x7,0x1d	  x7:0x00000000  x7=0x00000000
     181465.000 ns	     18145	800038f0	a0830953	fle.s	x18,f6,f8	  f6:0x7fc00000  f8:0x00000000 x18=0x00000000
     181485.000 ns	     18147	800038f4	405a8eb3	sub	x29,x21,x5	 x21:0x00000200  x5:0x00000080 x29=0x00000180
     181845.000 ns	     18183	800038f8	02a4d233	divu	x4,x9,x10	  x9:0xbf800000 x10:0x00000180  x4=0x007faaaa
     181895.000 ns	     18188	800038fc	01530353	fadd.s	f6,f6,f21	  f6:0x7fc00000 f21:0xffc00000  f6=0x7fc00000
     181925.000 ns	     18191	80003900	0309b2b3	mulhu	x5,x19,x16	 x19:0xffffffff x16:0x000000a9  x5=0x000000a8
     181955.000 ns	     18194	80003904	212e8bd3	fsgnj.s	f23,f29,f18	 f29:0x00000000 f18:0xffc00000 f23=0x80000000
     181985.000 ns	     18197	80003908	025eb833	mulhu	x16,x29,x5	 x29:0x00000180  x5:0x000000a8 x16=0x00000000
     182015.000 ns	     18200	8000390c	29a01dd3	fmax.s	f27,f0,f26	  f0:0xffc00000 f26:0x7fc00000 f27=0x7fc00000
     182045.000 ns	     18203	80003910	038c3a33	mulhu	x20,x24,x24	 x24:0x00000000 x24:0x00000000 x20=0x00000000
     182075.000 ns	     18206	80003914	d00e79d3	fcvt.s.w	f19,x28	 x28:0x00000000 f19=0x00000000
     182095.000 ns	     18208	80003918	41f25293	srai	x5,x4,0x1f	  x4:0x007faaaa  x5=0x00000000
     182105.000 ns	     18209	8000391c	410edc33	sra	x24,x29,x16	 x29:0x00000180 x16:0x00000000 x24=0x00000180
     182135.000 ns	     18212	80003920	11d7f253	fmul.s	f4,f15,f29	 f15:0x7fc00000 f29:0x00000000  f4=0x7fc00000
     182165.000 ns	     18215	80003924	28eb9ad3	fmax.s	f21,f23,f14	 f23:0x80000000 f14:0xbf800000 f21=0x80000000
     182185.000 ns	     18217	80003928	016529b3	slt	x19,x10,x22	 x10:0x00000180 x22:0x80041024 x19=0x00000000
     182195.000 ns	     18218	8000392c	76af7093	andi	x1,x30,1898	 x30:0xffffffff  x1=0x0000076a
     182205.000 ns	     18219	80003930	37816913	ori	x18,x2,888	  x2:0x80040fe4 x18=0x80040ffc
     182215.000 ns	     18220	80003934	00049db3	sll	x27,x9,x0	  x9:0xbf800000  x0:0x00000000 x27=0xbf800000
     182575.000 ns	     18256	80003938	036fda33	divu	x20,x31,x22	 x31:0x80040fe4 x22:0x80041024 x20=0x00000000
     182605.000 ns	     18259	8000393c	a12c0f53	fle.s	x30,f24,f18	 f24:0xbf350400 f18:0xffc00000 x30=0x00000000
     182635.000 ns	     18262	80003940	c01e00d3	fcvt.wu.s	x1,f28	 f28:0x7fc00000  x1=0xffffffff
     182655.000 ns	     18264	80003944	ac490613	addi	x12,x18,-1340	 x18:0x80040ffc x12=0x80040ac0
     182675.000 ns	     18266	80003948	c002fad3	fcvt.w.s	x21,f5	  f5:0x3f800000 x21=0x00000001
     182695.000 ns	     18268	8000394c	d27a8e13	addi	x28,x21,-729	 x21:0x00000200 x28=0xfffffd28
     182705.000 ns	     18269	80003950	00000013	addi	x0,x0,0	  x0:0x00000000
     182715.000 ns	     18270	80003954	01c51613	slli	x12,x10,0x1c	 x10:0x00000180 x12=0x00000000
     182755.000 ns	     18274	80003958	083627d3	fsub.s	f15,f12,f3	 f12:0x4f3f8000  f3:0x7fc00000 f15=0x7fc00000
     182785.000 ns	     18277	8000395c	03438633	mul	x12,x7,x20	  x7:0x00000000 x20:0x00000000 x12=0x00000000
     183155.000 ns	     18314	80003960	02a6e6b3	rem	x13,x13,x10	 x13:0x00000000 x10:0x00000180 x13=0x00000000
     183175.000 ns	     18316	80003964	80cc7d37	lui	x26,0x80cc7	 x26=0x80cc7000
     183195.000 ns	     18318	80003968	a02209d3	fle.s	x19,f4,f2	  f4:0x7fc00000  f2:0x00000000 x19=0x00000000
     183225.000 ns	     18321	8000396c	290b08d3	fmin.s	f17,f22,f16	 f22:0x7fc00000 f16:0x44f5e000 f17=0x44f5e000
     183245.000 ns	     18323	80003970	cf090537	lui	x10,0xcf090	 x10=0xcf090000
     183265.000 ns	     18325	80003974	03621f33	mulh	x30,x4,x22	  x4:0x007faaaa x22:0x80041024 x30=0xffc02cb1
     183285.000 ns	     18327	80003978	00d4bab3	sltu	x21,x9,x13	  x9:0xbf800000 x13:0x00000000 x21=0x00000000
     183305.000 ns	     18329	8000397c	030e7db3	remu	x27,x28,x16	 x28:0xfffffd28 x16:0x00000000 x27=0xfffffd28
     183335.000 ns	     18332	80003980	20e10cd3	fsgnj.s	f25,f2,f14	  f2:0x00000000 f14:0xbf800000 f25=0x80000000
     183365.000 ns	     18335	80003984	025299b3	mulh	x19,x5,x5	  x5:0x00000000  x5:0x00000000 x19=0x00000000
     183395.000 ns	     18338	80003988	02d44bb3	div	x23,x8,x13	  x8:0x1aa04000 x13:0x00000000 x23=0xffffffff
     183415.000 ns	     18340	8000398c	00122333	slt	x6,x4,x1	  x4:0x007faaaa  x1:0xffffffff  x6=0x00000000
     183425.000 ns	     18341	80003990	006637b3	sltu	x15,x12,x6	 x12:0x00000000  x6:0x80041024 x15=0x00000000
     183435.000 ns	     18342	80003994	018cb7b3	sltu	x15,x25,x24	 x25:0x00000000 x24:0x00000180 x15=0x00000001
     183455.000 ns	     18344	80003998	02df9fb3	mulh	x31,x31,x13	 x31:0x80040fe4 x13:0x00000000 x31=0x00000000
     183475.000 ns	     18346	8000399c	ca47e193	ori	x3,x15,-860	 x15:0x00000000  x3=0xfffffca5
     183485.000 ns	     18347	800039a0	6af1a213	slti	x4,x3,1711	  x3:0x7fffffee  x4=0x00000001
     183495.000 ns	     18348	800039a4	00be4f33	xor	x30,x28,x11	 x28:0xfffffd28 x11:0x80000000 x30=0x7ffffd28
     183535.000 ns	     18352	800039a8	09840d53	fsub.s	f26,f8,f24	  f8:0x00000000 f24:0xbf350400 f26=0x3f350400
     183555.000 ns	     18354	800039ac	012f53b3	srl	x7,x30,x18	 x30:0xffc02cb1 x18:0x80040ffc  x7=0x00000007
     183565.000 ns	     18355	800039b0	2e458717	auipc	x14,0x2e458	 x14=0xae45b9b0
     183575.000 ns	     18356	800039b4	41675f33	sra	x30,x14,x22	 x14:0xa9bf18a8 x22:0x80041024 x30=0xfae45b9b
     183595.000 ns	     18358	800039b8	030a8e33	mul	x28,x21,x16	 x21:0x00000000 x16:0x00000000 x28=0x00000000
     183615.000 ns	     18360	800039bc	40ef5a93	srai	x21,x30,0xe	 x30:0x7ffffd28 x21=0xffffeb91
     183655.000 ns	     18364	800039c0	08cc10d3	fsub.s	f1,f24,f12	 f24:0xbf350400 f12:0x4f3f8000  f1=0xcf3f8000
     183675.000 ns	     18366	800039c4	01465b93	srli	x23,x12,0x14	 x12:0x00000000 x23=0x00000000
     183685.000 ns	     18367	800039c8	0068f0b3	and	x1,x17,x6	 x17:0x00000200  x6:0x00000000  x1=0x00000000
     183695.000 ns	     18368	800039cc	400f0d33	sub	x26,x30,x0	 x30:0xfae45b9b  x0:0x00000000 x26=0xfae45b9b
     183715.000 ns	     18370	800039d0	a0c589d3	fle.s	x19,f11,f12	 f11:0xbf350400 f12:0x4f3f8000 x19=0x00000001
     183745.000 ns	     18373	800039d4	21979d53	fsgnjn.s	f26,f15,f25	 f15:0x7fc00000 f25:0x80000000 f26=0x7fc00000
     183765.000 ns	     18375	800039d8	edd2fe97	auipc	x29,0xedd2f	 x29=0x6dd329d8
     183785.000 ns	     18377	800039dc	298617d3	fmax.s	f15,f12,f24	 f12:0x4f3f8000 f24:0xbf350400 f15=0x4f3f8000
     184155.000 ns	     18414	800039e0	032177b3	remu	x15,x2,x18	  x2:0x80040fe4 x18:0x80040ffc x15=0x80040fe4
     184185.000 ns	     18417	800039e4	e00f0a53	fmv.x.w	x20,f30	 f30:0x7fc00000 x20=0x7fc00000
     184215.000 ns	     18420	800039e8	a0562bd3	feq.s	x23,f12,f5	 f12:0x4f3f8000  f5:0x3f800000 x23=0x00000000
     184235.000 ns	     18422	800039ec	41ee0633	sub	x12,x28,x30	 x28:0x00000000 x30:0xfae45b9b x12=0x051ba465
     184265.000 ns	     18425	800039f0	580bffd3	fsqrt.s	f31,f23	 f23:0x80000000 f31=0x80000000
     184305.000 ns	     18429	800039f4	10bf01d3	fmul.s	f3,f30,f11	 f30:0x7fc00000 f11:0xbf350400  f3=0x7fc00000
     184335.000 ns	     18432	800039f8	216497d3	fsgnjn.s	f15,f9,f22	  f9:0xffc00000 f22:0x7fc00000 f15=0xffc00000
     184355.000 ns	     18434	800039fc	031a8893	addi	x17,x21,49	 x21:0xffffeb91 x17=0xffffebc2
     184375.000 ns	     18436	80003a00	28160bd3	fmin.s	f23,f12,f1	 f12:0x4f3f8000  f1:0xcf3f8000 f23=0xcf3f8000
     184405.000 ns	     18439	80003a04	e0051e53	fclass.s	x28,f10	 f10:0x7fc00000 x28=0x00000200
     184435.000 ns	     18442	80003a08	a12306d3	fle.s	x13,f6,f18	  f6:0x7fc00000 f18:0xffc00000 x13=0x00000000
     184475.000 ns	     18446	80003a0c	11f93053	fmul.s	f0,f18,f31	 f18:0xffc00000 f31:0x80000000  f0=0x7fc00000
     184495.000 ns	     18448	80003a10	efe9a993	slti	x19,x19,-258	 x19:0x00000001 x19=0x00000000
     184515.000 ns	     18450	80003a14	02242ab3	mulhsu	x21,x8,x2	  x8:0x1aa04000  x2:0x80040fe4 x21=0x0d508c28
     184545.000 ns	     18453	80003a18	2005ad53	fsgnjx.s	f26,f11,f0	 f11:0xbf350400  f0:0x7fc00000 f26=0xbf350400
     184565.000 ns	     18455	80003a1c	01c32633	slt	x12,x6,x28	  x6:0x00000000 x28:0x00000200 x12=0x00000001
     184585.000 ns	     18457	80003a20	e0099ad3	fclass.s	x21,f19	 f19:0x00000000 x21=0x00000010
     184615.000 ns	     18460	80003a24	a1039053	flt.s	x0,f7,f16	  f7:0x7fc00000 f16:0x44f5e000
     184635.000 ns	     18462	80003a28	00e63db3	sltu	x27,x12,x14	 x12:0x00000001 x14:0xae45b9b0 x27=0x00000001
     184655.000 ns	     18464	80003a2c	03bb1eb3	mulh	x29,x22,x27	 x22:0x80041024 x27:0xfffffd28 x29=0xffffffff
     184685.000 ns	     18467	80003a30	205d0b53	fsgnj.s	f22,f26,f5	 f26:0xbf350400  f5:0x3f800000 f22=0x3f350400
     184705.000 ns	     18469	80003a34	2d66d8b7	lui	x17,0x2d66d	 x17=0x2d66d000
     184725.000 ns	     18471	80003a38	03e10033	mul	x0,x2,x30	  x2:0x80040fe4 x30:0xfae45b9b
     184755.000 ns	     18474	80003a3c	e0080ad3	fmv.x.w	x21,f16	 f16:0x44f5e000 x21=0x44f5e000
     184775.000 ns	     18476	80003a40	012568b3	or	x17,x10,x18	 x10:0xcf090000 x18:0x80040ffc x17=0xcf0d0ffc
     184805.000 ns	     18479	80003a44	5809f453	fsqrt.s	f8,f19	 f19:0x00000000  f8=0x00000000
     184855.000 ns	     18484	80003a48	089d7153	fsub.s	f2,f26,f9	 f26:0xbf350400  f9:0xffc00000  f2=0x7fc00000
     184885.000 ns	     18487	80003a4c	a16226d3	feq.s	x13,f4,f22	  f4:0x7fc00000 f22:0x3f350400 x13=0x00000000
     184915.000 ns	     18490	80003a50	034893b3	mulh	x7,x17,x20	 x17:0xcf0d0ffc x20:0x7fc00000  x7=0xe792c4ba
     184945.000 ns	     18493	80003a54	03765833	divu	x16,x12,x23	 x12:0x00000001 x23:0x00000000 x16=0xffffffff
     184985.000 ns	     18497	80003a58	11bffa53	fmul.s	f20,f31,f27	 f31:0x80000000 f27:0x7fc00000 f20=0x7fc00000
     185005.000 ns	     18499	80003a5c	fe81ee97	auipc	x29,0xfe81e	 x29=0x7e821a5c
     185045.000 ns	     18503	80003a60	09f70053	fsub.s	f0,f14,f31	 f14:0xbf800000 f31:0x80000000  f0=0xbf800000
     185095.000 ns	     18508	80003a64	090b33d3	fsub.s	f7,f22,f16	 f22:0x3f350400 f16:0x44f5e000  f7=0xc4f5c95f
     185125.000 ns	     18511	80003a68	21e00a53	fsgnj.s	f20,f0,f30	  f0:0xbf800000 f30:0x7fc00000 f20=0x3f800000
     185155.000 ns	     18514	80003a6c	d01cf753	fcvt.s.wu	f14,x25	 x25:0x00000000 f14=0x00000000
     185175.000 ns	     18516	80003a70	f3887bb7	lui	x23,0xf3887	 x23=0xf3887000
     185185.000 ns	     18517	80003a74	017783b3	add	x7,x15,x23	 x15:0x80040fe4 x23:0x00000000  x7=0x738c7fe4
     185205.000 ns	     18519	80003a78	a1b7a2d3	feq.s	x5,f15,f27	 f15:0xffc00000 f27:0x7fc00000  x5=0x00000000
     185225.000 ns	     18521	80003a7c	01b79413	slli	x8,x15,0x1b	 x15:0x80040fe4  x8=0x20000000
     185245.000 ns	     18523	80003a80	025151b3	divu	x3,x2,x5	  x2:0x80040fe4  x5:0x00000000  x3=0xffffffff
     185265.000 ns	     18525	80003a84	5a2a8393	addi	x7,x21,1442	 x21:0x44f5e000  x7=0x44f5e5a2
     185285.000 ns	     18527	80003a88	281812d3	fmax.s	f5,f16,f1	 f16:0x44f5e000  f1:0xcf3f8000  f5=0x44f5e000
     185315.000 ns	     18530	80003a8c	299b8653	fmin.s	f12,f23,f25	 f23:0xcf3f8000 f25:0x80000000 f12=0xcf3f8000
     185345.000 ns	     18533	80003a90	a16b0c53	fle.s	x24,f22,f22	 f22:0x3f350400 f22:0x3f350400 x24=0x00000001
     185375.000 ns	     18536	80003a94	02310033	mul	x0,x2,x3	  x2:0x80040fe4  x3:0xffffffff
     185395.000 ns	     18538	80003a98	9a69ba93	sltiu	x21,x19,-1626	 x19:0x00000000 x21=0x00000001
     185405.000 ns	     18539	80003a9c	01601713	slli	x14,x0,0x16	  x0:0x00000000 x14=0x00000000
     185415.000 ns	     18540	80003aa0	40a50433	sub	x8,x10,x10	 x10:0xcf090000 x10:0xcf090000  x8=0x00000000
     185435.000 ns	     18542	80003aa4	28ce87d3	fmin.s	f15,f29,f12	 f29:0x00000000 f12:0xcf3f8000 f15=0xcf3f8000
     185455.000 ns	     18544	80003aa8	00543033	sltu	x0,x8,x5	  x8:0x20000000  x5:0x00000000
     185475.000 ns	     18546	80003aac	02759c33	mulh	x24,x11,x7	 x11:0x80000000  x7:0x44f5e5a2 x24=0xdd850d2f
     185495.000 ns	     18548	80003ab0	01426433	or	x8,x4,x20	  x4:0x00000001 x20:0x7fc00000  x8=0x7fc00001
     185535.000 ns	     18552	80003ab4	08a78ed3	fsub.s	f29,f15,f10	 f15:0xcf3f8000 f10:0x7fc00000 f29=0x7fc00000
     185555.000 ns	     18554	80003ab8	41db0a33	sub	x20,x22,x29	 x22:0x80041024 x29:0x7e821a5c x20=0x0181f5c8
     185565.000 ns	     18555	80003abc	00ada4b3	slt	x9,x27,x10	 x27:0x00000001 x10:0xcf090000  x9=0x00000000
     185575.000 ns	     18556	80003ac0	f97bf713	andi	x14,x23,-105	 x23:0xf3887000 x14=0xf3887000
     185585.000 ns	     18557	80003ac4	00f45c93	srli	x25,x8,0xf	  x8:0x7fc00001 x25=0x0000ff80
     185605.000 ns	     18559	80003ac8	025966b3	rem	x13,x18,x5	 x18:0x80040ffc  x5:0x00000000 x13=0x80040ffc
     185635.000 ns	     18562	80003acc	c013f7d3	fcvt.wu.s	x15,f7	  f7:0xc4f5c95f x15=0x000007ae
     185655.000 ns	     18564	80003ad0	00151893	slli	x17,x10,0x1	 x10:0xcf090000 x17=0x9e120000
     185675.000 ns	     18566	80003ad4	21e2abd3	fsgnjx.s	f23,f5,f30	  f5:0x44f5e000 f30:0x7fc00000 f23=0x44f5e000
     185705.000 ns	     18569	80003ad8	292a9c53	fmax.s	f24,f21,f18	 f21:0x80000000 f18:0xffc00000 f24=0x80000000
     185725.000 ns	     18571	80003adc	3c570893	addi	x17,x14,965	 x14:0xf3887000 x17=0xf38873c5
     185735.000 ns	     18572	80003ae0	00987ab3	and	x21,x16,x9	 x16:0xffffffff  x9:0x00000000 x21=0x00000000
     185745.000 ns	     18573	80003ae4	40c75e13	srai	x28,x14,0xc	 x14:0xf3887000 x28=0xffff3887
     185765.000 ns	     18575	80003ae8	0326a6b3	mulhsu	x13,x13,x18	 x13:0x80040ffc x18:0x80040ffc x13=0xc0000010
     186135.000 ns	     18612	80003aec	02e8f2b3	remu	x5,x17,x14	 x17:0xf38873c5 x14:0xf3887000  x5=0x000003c5
     186505.000 ns	     18649	80003af0	025fe433	rem	x8,x31,x5	 x31:0x00000000  x5:0x00000000  x8=0x00000000
     186535.000 ns	     18652	80003af4	c00b7ad3	fcvt.w.s	x21,f22	 f22:0x3f350400 x21=0x00000000
     186565.000 ns	     18655	80003af8	21971bd3	fsgnjn.s	f23,f14,f25	 f14:0x00000000 f25:0x80000000 f23=0x00000000
     186585.000 ns	     18657	80003afc	01b929b3	slt	x19,x18,x27	 x18:0x80040ffc x27:0x00000001 x19=0x00000001
     186605.000 ns	     18659	80003b00	d0147ad3	fcvt.s.wu	f21,x8	  x8:0x00000000 f21=0x00000000
     186635.000 ns	     18662	80003b04	034f1db3	mulh	x27,x30,x20	 x30:0xfae45b9b x20:0x0181f5c8 x27=0xfff84c86
     186665.000 ns	     18665	80003b08	a07a93d3	flt.s	x7,f21,f7	 f21:0x00000000  f7:0xc4f5c95f  x7=0x00000000
     186695.000 ns	     18668	80003b0c	03f0b4b3	mulhu	x9,x1,x31	  x1:0x00000000 x31:0x00000000  x9=0x00000000
     186725.000 ns	     18671	80003b10	217c2153	fsgnjx.s	f2,f24,f23	 f24:0x80000000 f23:0x00000000  f2=0x80000000
     186745.000 ns	     18673	80003b14	4119d8b3	sra	x17,x19,x17	 x19:0x00000001 x17:0xf38873c5 x17=0x00000000
     186755.000 ns	     18674	80003b18	007f1033	sll	x0,x30,x7	 x30:0xfae45b9b  x7:0x00000000
     186775.000 ns	     18676	80003b1c	d00ff8d3	fcvt.s.w	f17,x31	 x31:0x00000000 f17=0x00000000
     186795.000 ns	     18678	80003b20	1b4f4c93	xori	x25,x30,436	 x30:0xfae45b9b x25=0xfae45a2f
     186815.000 ns	     18680	80003b24	21b909d3	fsgnj.s	f19,f18,f27	 f18:0xffc00000 f27:0x7fc00000 f19=0x7fc00000
     186835.000 ns	     18682	80003b28	0153d213	srli	x4,x7,0x15	  x7:0x00000000  x4=0x00000000
     187195.000 ns	     18718	80003b2c	02b36933	rem	x18,x6,x11	  x6:0x00000000 x11:0x80000000 x18=0x00000000
     187225.000 ns	     18721	80003b30	d010ad53	fcvt.s.wu	f26,x1	  x1:0x00000000 f26=0x00000000
     187245.000 ns	     18723	80003b34	00cb11b3	sll	x3,x22,x12	 x22:0x80041024 x12:0x00000001  x3=0x00082048
     187255.000 ns	     18724	80003b38	00df72b3	and	x5,x30,x13	 x30:0xfae45b9b x13:0xc0000010  x5=0xc0000010
     187275.000 ns	     18726	80003b3c	f0018353	fmv.w.x	f6,x3	  x3:0xffffffff  f6=0x00082048
     187305.000 ns	     18729	80003b40	29be1d53	fmax.s	f26,f28,f27	 f28:0x7fc00000 f27:0x7fc00000 f26=0x7fc00000
     187325.000 ns	     18731	80003b44	c2896013	ori	x0,x18,-984	 x18:0x00000000
     187335.000 ns	     18732	80003b48	9a498a93	addi	x21,x19,-1628	 x19:0x00000001 x21=0xfffff9a5
     187365.000 ns	     18735	80003b4c	114879d3	fmul.s	f19,f16,f20	 f16:0x44f5e000 f20:0x3f800000 f19=0x44f5e000
     187385.000 ns	     18737	80003b50	00b99533	sll	x10,x19,x11	 x19:0x00000001 x11:0x80000000 x10=0x00000001
     187395.000 ns	     18738	80003b54	648911b7	lui	x3,0x64891	  x3=0x64891000
     187415.000 ns	     18740	80003b58	c005fd53	fcvt.w.s	x26,f11	 f11:0xbf350400 x26=0x00000000
     187455.000 ns	     18744	80003b5c	196f7953	fdiv.s	f18,f30,f22	 f30:0x7fc00000 f22:0x3f350400 f18=0x7fc00000
     187475.000 ns	     18746	80003b60	4ee27713	andi	x14,x4,1262	  x4:0x00000000 x14=0x00000000
     187485.000 ns	     18747	80003b64	00f14233	xor	x4,x2,x15	  x2:0x80040fe4 x15:0x000007ae  x4=0x8004084a
     187495.000 ns	     18748	80003b68	41820eb3	sub	x29,x4,x24	  x4:0x00000000 x24:0xdd850d2f x29=0xa27efb1b
     187505.000 ns	     18749	80003b6c	00139513	slli	x10,x7,0x1	  x7:0x00000000 x10=0x00000000
     187515.000 ns	     18750	80003b70	55e47013	andi	x0,x8,1374	  x8:0x00000000
     187525.000 ns	     18751	80003b74	049ba213	slti	x4,x23,73	 x23:0xf3887000  x4=0x00000001
     187535.000 ns	     18752	80003b78	013b32b3	sltu	x5,x22,x19	 x22:0x80041024 x19:0x00000001  x5=0x00000000
     187575.000 ns	     18756	80003b7c	09d67153	fsub.s	f2,f12,f29	 f12:0xcf3f8000 f29:0x7fc00000  f2=0x7fc00000
     187595.000 ns	     18758	80003b80	414e02b3	sub	x5,x28,x20	 x28:0xffff3887 x20:0x0181f5c8  x5=0xfe7d42bf
     187955.000 ns	     18794	80003b84	02c27db3	remu	x27,x4,x12	  x4:0x00000001 x12:0x00000001 x27=0x00000000
     187975.000 ns	     18796	80003b88	00a39793	slli	x15,x7,0xa	  x7:0x00000000 x15=0x00000000
     187985.000 ns	     18797	80003b8c	0039bdb3	sltu	x27,x19,x3	 x19:0x00000001  x3:0x64891000 x27=0x00000001
     187995.000 ns	     18798	80003b90	40208ab3	sub	x21,x1,x2	  x1:0x00000000  x2:0x80040fe4 x21=0x7ffbf01c
     188005.000 ns	     18799	80003b94	009593b3	sll	x7,x11,x9	 x11:0x80000000  x9:0x00000000  x7=0x80000000
     188015.000 ns	     18800	80003b98	40915693	srai	x13,x2,0x9	  x2:0x80040fe4 x13=0xffc00207
     188035.000 ns	     18802	80003b9c	29c882d3	fmin.s	f5,f17,f28	 f17:0x00000000 f28:0x7fc00000  f5=0x00000000
     188055.000 ns	     18804	80003ba0	00710e13	addi	x28,x2,7	  x2:0x80040fe4 x28=0x80040feb
     188065.000 ns	     18805	80003ba4	01945193	srli	x3,x8,0x19	  x8:0x00000000  x3=0x00000000
     188075.000 ns	     18806	80003ba8	4131e193	ori	x3,x3,1043	  x3:0x64891000  x3=0x00000413
     188435.000 ns	     18842	80003bac	03624733	div	x14,x4,x22	  x4:0x00000001 x22:0x80041024 x14=0x00000000
     188465.000 ns	     18845	80003bb0	f00a8f53	fmv.w.x	f30,x21	 x21:0x7ffbf01c f30=0x7ffbf01c
     188485.000 ns	     18847	80003bb4	003a91b3	sll	x3,x21,x3	 x21:0x7ffbf01c  x3:0x00000413  x3=0x80e00000
     188505.000 ns	     18849	80003bb8	d000f253	fcvt.s.w	f4,x1	  x1:0x00000000  f4=0x00000000
     188525.000 ns	     18851	80003bbc	01939c33	sll	x24,x7,x25	  x7:0x80000000 x25:0xfae45a2f x24=0x00000000
     188535.000 ns	     18852	80003bc0	235d3393	sltiu	x7,x26,565	 x26:0x00000000  x7=0x00000001
     188565.000 ns	     18855	80003bc4	187228d3	fdiv.s	f17,f4,f7	  f4:0x00000000  f7:0xc4f5c95f f17=0x80000000
     188585.000 ns	     18857	80003bc8	78dba793	slti	x15,x23,1933	 x23:0xf3887000 x15=0x00000001
     188605.000 ns	     18859	80003bcc	d00217d3	fcvt.s.w	f15,x4	  x4:0x00000001 f15=0x3f800000
     188625.000 ns	     18861	80003bd0	00e10eb3	add	x29,x2,x14	  x2:0x80040fe4 x14:0x00000000 x29=0x80040fe4
     188645.000 ns	     18863	80003bd4	a13dac53	feq.s	x24,f27,f19	 f27:0x7fc00000 f19:0x44f5e000 x24=0x00000000
     189015.000 ns	     18900	80003bd8	03ee4f33	div	x30,x28,x30	 x28:0x80040feb x30:0xfae45b9b x30=0x00000019
     189385.000 ns	     18937	80003bdc	03e678b3	remu	x17,x12,x30	 x12:0x00000001 x30:0xfae45b9b x17=0x00000001
     189415.000 ns	     18940	80003be0	028bec33	rem	x24,x23,x8	 x23:0xf3887000  x8:0x00000000 x24=0xf3887000
     189435.000 ns	     18942	80003be4	018cd513	srli	x10,x25,0x18	 x25:0xfae45a2f x10=0x000000fa
     189445.000 ns	     18943	80003be8	1662ae93	slti	x29,x5,358	  x5:0xfe7d42bf x29=0x00000001
     189455.000 ns	     18944	80003bec	4171de13	srai	x28,x3,0x17	  x3:0x80e00000 x28=0xffffff01
     189465.000 ns	     18945	80003bf0	06d03a97	auipc	x21,0x6d03	 x21=0x86d06bf0
     189485.000 ns	     18947	80003bf4	e0001fd3	fclass.s	x31,f0	  f0:0xbf800000 x31=0x00000002
     189505.000 ns	     18949	80003bf8	4d7cb917	auipc	x18,0x4d7cb	 x18=0xcd7cebf8
     189525.000 ns	     18951	80003bfc	c00f4953	fcvt.w.s	x18,f30	 f30:0x7ffbf01c x18=0x7fffffff
     189895.000 ns	     18988	80003c00	027061b3	rem	x3,x0,x7	  x0:0x00000000  x7:0x00000001  x3=0x00000000
     189925.000 ns	     18991	80003c04	e00f8d53	fmv.x.w	x26,f31	 f31:0x80000000 x26=0x80000000
     189955.000 ns	     18994	80003c08	c01a3e53	fcvt.wu.s	x28,f20	 f20:0x3f800000 x28=0x00000001
     189975.000 ns	     18996	80003c0c	01739293	slli	x5,x7,0x17	  x7:0x00000001  x5=0x00800000
     189985.000 ns	     18997	80003c10	12bb0493	addi	x9,x22,299	 x22:0x80041024  x9=0x8004114f
     190005.000 ns	     18999	80003c14	d00e0fd3	fcvt.s.w	f31,x28	 x28:0x00000001 f31=0x3f800000
     190025.000 ns	     19001	80003c18	89552993	slti	x19,x10,-1899	 x10:0x000000fa x19=0x00000000
     190035.000 ns	     19002	80003c1c	01079793	slli	x15,x15,0x10	 x15:0x00000001 x15=0x00010000
     190045.000 ns	     19003	80003c20	00000013	addi	x0,x0,0	  x0:0x00000000
     190055.000 ns	     19004	80003c24	a6e8c993	xori	x19,x17,-1426	 x17:0x00000001 x19=0xfffffa6f
     190065.000 ns	     19005	80003c28	01a2fdb3	and	x27,x5,x26	  x5:0x00800000 x26:0x80000000 x27=0x00000000
     190095.000 ns	     19008	80003c2c	11607fd3	fmul.s	f31,f0,f22	  f0:0xbf800000 f22:0x3f350400 f31=0xbf350400
     190125.000 ns	     19011	80003c30	2045a7d3	fsgnjx.s	f15,f11,f4	 f11:0xbf350400  f4:0x00000000 f15=0xbf350400
     190145.000 ns	     19013	80003c34	755cbc93	sltiu	x25,x25,1877	 x25:0xfae45a2f x25=0x00000000
     190155.000 ns	     19014	80003c38	00bc27b3	slt	x15,x24,x11	 x24:0xf3887000 x11:0x80000000 x15=0x00000000
     190165.000 ns	     19015	80003c3c	41edd613	srai	x12,x27,0x1e	 x27:0x00000000 x12=0x00000000
     190175.000 ns	     19016	80003c40	c709c793	xori	x15,x19,-912	 x19:0xfffffa6f x15=0x0000061f
     190185.000 ns	     19017	80003c44	67b1e793	ori	x15,x3,1659	  x3:0x00000000 x15=0x0000067b
     190205.000 ns	     19019	80003c48	a0f80353	fle.s	x6,f16,f15	 f16:0x44f5e000 f15:0xbf350400  x6=0x00000000
     190225.000 ns	     19021	80003c4c	01fc5193	srli	x3,x24,0x1f	 x24:0xf3887000  x3=0x00000001
     190245.000 ns	     19023	80003c50	021c39b3	mulhu	x19,x24,x1	 x24:0xf3887000  x1:0x00000000 x19=0x00000000
     190275.000 ns	     19026	80003c54	a03e2ad3	feq.s	x21,f28,f3	 f28:0x7fc00000  f3:0x7fc00000 x21=0x00000000
     190295.000 ns	     19028	80003c58	01510e33	add	x28,x2,x21	  x2:0x80040fe4 x21:0x86d06bf0 x28=0x80040fe4
     190335.000 ns	     19032	80003c5c	09e8f6d3	fsub.s	f13,f17,f30	 f17:0x80000000 f30:0x7ffbf01c f13=0x7fc00000
     190355.000 ns	     19034	80003c60	005d5f13	srli	x30,x26,0x5	 x26:0x80000000 x30=0x04000000
     190365.000 ns	     19035	80003c64	4057d893	srai	x17,x15,0x5	 x15:0x0000067b x17=0x00000033
     190375.000 ns	     19036	80003c68	d437e993	ori	x19,x15,-701	 x15:0x0000067b x19=0xffffff7b
     190395.000 ns	     19038	80003c6c	02675a33	divu	x20,x14,x6	 x14:0x00000000  x6:0x00000000 x20=0xffffffff
     190415.000 ns	     19040	80003c70	002f1993	slli	x19,x30,0x2	 x30:0x04000000 x19=0x10000000
     190425.000 ns	     19041	80003c74	5b719197	auipc	x3,0x5b719	  x3=0xdb71cc74
     190455.000 ns	     19044	80003c78	19f8fe53	fdiv.s	f28,f17,f31	 f17:0x80000000 f31:0xbf350400 f28=0x00000000
     190825.000 ns	     19081	80003c7c	02d5f233	remu	x4,x11,x13	 x11:0x80000000 x13:0xffc00207  x4=0x80000000
     190845.000 ns	     19083	80003c80	8065c913	xori	x18,x11,-2042	 x11:0x80000000 x18=0x7ffff806
     190875.000 ns	     19086	80003c84	58029953	fsqrt.s	f18,f5	  f5:0x00000000 f18=0x00000000
     190905.000 ns	     19089	80003c88	e00804d3	fmv.x.w	x9,f16	 f16:0x44f5e000  x9=0x44f5e000
     190925.000 ns	     19091	80003c8c	0111d3b3	srl	x7,x3,x17	  x3:0xdb71cc74 x17:0x00000033  x7=0x00001b6e
     190945.000 ns	     19093	80003c90	035e5f33	divu	x30,x28,x21	 x28:0x80040fe4 x21:0x00000000 x30=0xffffffff
     190975.000 ns	     19096	80003c94	032e1bb3	mulh	x23,x28,x18	 x28:0x80040fe4 x18:0x7ffff806 x23=0xc0020bee
     190995.000 ns	     19098	80003c98	00e35913	srli	x18,x6,0xe	  x6:0x00000000 x18=0x00000000
     191015.000 ns	     19100	80003c9c	28850bd3	fmin.s	f23,f10,f8	 f10:0x7fc00000  f8:0x00000000 f23=0x00000000
     191065.000 ns	     19105	80003ca0	0132c553	fadd.s	f10,f5,f19	  f5:0x00000000 f19:0x44f5e000 f10=0x44f5e000
     191095.000 ns	     19108	80003ca4	a1fe2cd3	feq.s	x25,f28,f31	 f28:0x00000000 f31:0xbf350400 x25=0x00000000
     191115.000 ns	     19110	80003ca8	014fb733	sltu	x14,x31,x20	 x31:0x00000002 x20:0xffffffff x14=0x00000001
     191125.000 ns	     19111	80003cac	00000013	addi	x0,x0,0	  x0:0x00000000
     191135.000 ns	     19112	80003cb0	7d01d8b7	lui	x17,0x7d01d	 x17=0x7d01d000
     191155.000 ns	     19114	80003cb4	d0038953	fcvt.s.w	f18,x7	  x7:0x00001b6e f18=0x45db7000
     191185.000 ns	     19117	80003cb8	20220653	fsgnj.s	f12,f4,f2	  f4:0x00000000  f2:0x7fc00000 f12=0x00000000
     191205.000 ns	     19119	80003cbc	00b6a933	slt	x18,x13,x11	 x13:0xffc00207 x11:0x80000000 x18=0x00000000
     191225.000 ns	     19121	80003cc0	03eba833	mulhsu	x16,x23,x30	 x23:0xc0020bee x30:0xffffffff x16=0xc0020bee
     191245.000 ns	     19123	80003cc4	400f0533	sub	x10,x30,x0	 x30:0xffffffff  x0:0x00000000 x10=0xffffffff
     191255.000 ns	     19124	80003cc8	00000013	addi	x0,x0,0	  x0:0x00000000
     191265.000 ns	     19125	80003ccc	0079f7b3	and	x15,x19,x7	 x19:0x10000000  x7:0x00001b6e x15=0x00000000
     191275.000 ns	     19126	80003cd0	557aa193	slti	x3,x21,1367	 x21:0x00000000  x3=0x00000001
     191315.000 ns	     19130	80003cd4	08324ed3	fsub.s	f29,f4,f3	  f4:0x00000000  f3:0x7fc00000 f29=0x7fc00000
     191335.000 ns	     19132	80003cd8	01823fb3	sltu	x31,x4,x24	  x4:0x80000000 x24:0xf3887000 x31=0x00000001
     191345.000 ns	     19133	80003cdc	84ec2b93	slti	x23,x24,-1970	 x24:0xf3887000 x23=0x00000001
     191375.000 ns	     19136	80003ce0	109a7853	fmul.s	f16,f20,f9	 f20:0x3f800000  f9:0xffc00000 f16=0x7fc00000
     191405.000 ns	     19139	80003ce4	29a187d3	fmin.s	f15,f3,f26	  f3:0x7fc00000 f26:0x7fc00000 f15=0x7fc00000
     191445.000 ns	     19143	80003ce8	113a3b53	fmul.s	f22,f20,f19	 f20:0x3f800000 f19:0x44f5e000 f22=0x44f5e000
     191475.000 ns	     19146	80003cec	20ba8ed3	fsgnj.s	f29,f21,f11	 f21:0x00000000 f11:0xbf350400 f29=0x80000000
     191515.000 ns	     19150	80003cf0	580e7653	fsqrt.s	f12,f28	 f28:0x00000000 f12=0x00000000
     191545.000 ns	     19153	80003cf4	03524233	div	x4,x4,x21	  x4:0x80000000 x21:0x00000000  x4=0xffffffff
     191575.000 ns	     19156	80003cf8	a0b21ad3	flt.s	x21,f4,f11	  f4:0x00000000 f11:0xbf350400 x21=0x00000000
     191605.000 ns	     19159	80003cfc	a12aaad3	feq.s	x21,f21,f18	 f21:0x00000000 f18:0x45db7000 x21=0x00000000
     191635.000 ns	     19162	80003d00	e0030253	fmv.x.w	x4,f6	  f6:0x00082048  x4=0x00082048
     191665.000 ns	     19165	80003d04	205d2e53	fsgnjx.s	f28,f26,f5	 f26:0x7fc00000  f5:0x00000000 f28=0x7fc00000
     191695.000 ns	     19168	80003d08	e0000253	fmv.x.w	x4,f0	  f0:0xbf800000  x4=0xbf800000
     191715.000 ns	     19170	80003d0c	00000013	addi	x0,x0,0	  x0:0x00000000
     191735.000 ns	     19172	80003d10	a13daad3	feq.s	x21,f27,f19	 f27:0x7fc00000 f19:0x44f5e000 x21=0x00000000
     191755.000 ns	     19174	80003d14	015e9833	sll	x16,x29,x21	 x29:0x00000001 x21:0x00000000 x16=0x00000001
     191765.000 ns	     19175	80003d18	00000013	addi	x0,x0,0	  x0:0x00000000
     191775.000 ns	     19176	80003d1c	2ac66f93	ori	x31,x12,684	 x12:0x00000000 x31=0x000002ac
     191815.000 ns	     19180	80003d20	007889d3	fadd.s	f19,f17,f7	 f17:0x80000000  f7:0xc4f5c95f f19=0xc4f5c95f
     191835.000 ns	     19182	80003d24	00a3b4b3	sltu	x9,x7,x10	  x7:0x00001b6e x10:0xffffffff  x9=0x00000001
     191855.000 ns	     19184	80003d28	c00ec0d3	fcvt.w.s	x1,f29	 f29:0x80000000  x1=0x00000000
     191875.000 ns	     19186	80003d2c	2f6389b7	lui	x19,0x2f638	 x19=0x2f638000
     191895.000 ns	     19188	80003d30	205e1953	fsgnjn.s	f18,f28,f5	 f28:0x7fc00000  f5:0x00000000 f18=0xffc00000
     191915.000 ns	     19190	80003d34	de104f93	xori	x31,x0,-543	  x0:0x00000000 x31=0xfffffde1
     191935.000 ns	     19192	80003d38	21419853	fsgnjn.s	f16,f3,f20	  f3:0x7fc00000 f20:0x3f800000 f16=0xffc00000
     192305.000 ns	     19229	80003d3c	031c7cb3	remu	x25,x24,x17	 x24:0xf3887000 x17:0x7d01d000 x25=0x7686a000
     192345.000 ns	     19233	80003d40	5802fcd3	fsqrt.s	f25,f5	  f5:0x00000000 f25=0x00000000
     192395.000 ns	     19238	80003d44	08eef753	fsub.s	f14,f29,f14	 f29:0x80000000 f14:0x00000000 f14=0x80000000
     192765.000 ns	     19275	80003d48	038c7eb3	remu	x29,x24,x24	 x24:0xf3887000 x24:0xf3887000 x29=0x00000000
     192785.000 ns	     19277	80003d4c	40b7d193	srai	x3,x15,0xb	 x15:0x00000000  x3=0x00000000
     192805.000 ns	     19279	80003d50	c01f78d3	fcvt.wu.s	x17,f30	 f30:0x7ffbf01c x17=0xffffffff
     193175.000 ns	     19316	80003d54	0250f9b3	remu	x19,x1,x5	  x1:0x00000000  x5:0x00800000 x19=0x00000000
     193195.000 ns	     19318	80003d58	00ef6fb3	or	x31,x30,x14	 x30:0xffffffff x14:0x00000001 x31=0xffffffff
     193205.000 ns	     19319	80003d5c	00ca0a33	add	x20,x20,x12	 x20:0xffffffff x12:0x00000000 x20=0xffffffff
     193225.000 ns	     19321	80003d60	20d11b53	fsgnjn.s	f22,f2,f13	  f2:0x7fc00000 f13:0x7fc00000 f22=0xffc00000
     193245.000 ns	     19323	80003d64	63acf413	andi	x8,x25,1594	 x25:0x7686a000  x8=0x00000000
     193265.000 ns	     19325	80003d68	d0104253	fcvt.s.wu	f4,x0	  x0:0x00000000  f4=0x00000000
     193285.000 ns	     19327	80003d6c	0193ebb3	or	x23,x7,x25	  x7:0x00001b6e x25:0x7686a000 x23=0x7686bb6e
     193305.000 ns	     19329	80003d70	e0071c53	fclass.s	x24,f14	 f14:0x80000000 x24=0x00000008
     193325.000 ns	     19331	80003d74	00cbc8b3	xor	x17,x23,x12	 x23:0x00000001 x12:0x00000000 x17=0x7686bb6e
     193685.000 ns	     19367	80003d78	038fddb3	divu	x27,x31,x24	 x31:0xffffffff x24:0x00000008 x27=0x1fffffff
     193705.000 ns	     19369	80003d7c	cf884637	lui	x12,0xcf884	 x12=0xcf884000
     193725.000 ns	     19371	80003d80	d01f30d3	fcvt.s.wu	f1,x30	 x30:0xffffffff  f1=0x4f800000
     193745.000 ns	     19373	80003d84	406a8733	sub	x14,x21,x6	 x21:0x00000000  x6:0x00000000 x14=0x00000000
     193765.000 ns	     19375	80003d88	210aaad3	fsgnjx.s	f21,f21,f16	 f21:0x00000000 f16:0xffc00000 f21=0x80000000
     193795.000 ns	     19378	80003d8c	c0197e53	fcvt.wu.s	x28,f18	 f18:0xffc00000 x28=0xffffffff
     193815.000 ns	     19380	80003d90	4025d913	srai	x18,x11,0x2	 x11:0x80000000 x18=0xe0000000
     193825.000 ns	     19381	80003d94	41ed5893	srai	x17,x26,0x1e	 x26:0x80000000 x17=0xfffffffe
     193835.000 ns	     19382	80003d98	b31d4213	xori	x4,x26,-1231	 x26:0x80000000  x4=0x7ffffb31
     193855.000 ns	     19384	80003d9c	d00df953	fcvt.s.w	f18,x27	 x27:0x1fffffff f18=0x4dffffff
     193875.000 ns	     19386	80003da0	017fa933	slt	x18,x31,x23	 x31:0xffffffff x23:0x7686bb6e x18=0x00000001
     193885.000 ns	     19387	80003da4	00fa90b3	sll	x1,x21,x15	 x21:0x00000000 x15:0x00000000  x1=0x00000000
     193895.000 ns	     19388	80003da8	00000013	addi	x0,x0,0	  x0:0x00000000
     193925.000 ns	     19391	80003dac	18ac4353	fdiv.s	f6,f24,f10	 f24:0x80000000 f10:0x44f5e000  f6=0x80000000
     193965.000 ns	     19395	80003db0	5806af53	fsqrt.s	f30,f13	 f13:0x7fc00000 f30=0x7fc00000
     193995.000 ns	     19398	80003db4	28ac10d3	fmax.s	f1,f24,f10	 f24:0x80000000 f10:0x44f5e000  f1=0x44f5e000
     194025.000 ns	     19401	80003db8	c0107ad3	fcvt.wu.s	x21,f0	  f0:0xbf800000 x21=0x00000001
     194045.000 ns	     19403	80003dbc	013422b3	slt	x5,x8,x19	  x8:0x00000000 x19:0x00000000  x5=0x00000000
     194065.000 ns	     19405	80003dc0	0236a933	mulhsu	x18,x13,x3	 x13:0xffc00207  x3:0x00000000 x18=0x00000000
     194095.000 ns	     19408	80003dc4	035ab4b3	mulhu	x9,x21,x21	 x21:0x00000001 x21:0x00000001  x9=0x00000000
     194115.000 ns	     19410	80003dc8	80d04f17	auipc	x30,0x80d04	 x30=0x00d07dc8
     194135.000 ns	     19412	80003dcc	03c303b3	mul	x7,x6,x28	  x6:0x00000000 x28:0xffffffff  x7=0x00000000
     194165.000 ns	     19415	80003dd0	a1c094d3	flt.s	x9,f1,f28	  f1:0x44f5e000 f28:0x7fc00000  x9=0x00000000
     194195.000 ns	     19418	80003dd4	c0187453	fcvt.wu.s	x8,f16	 f16:0xffc00000  x8=0xffffffff
     194225.000 ns	     19421	80003dd8	03dd4cb3	div	x25,x26,x29	 x26:0x80000000 x29:0x00000000 x25=0xffffffff
     194255.000 ns	     19424	80003ddc	29451253	fmax.s	f4,f10,f20	 f10:0x44f5e000 f20:0x3f800000  f4=0x44f5e000
     194625.000 ns	     19461	80003de0	03e7c233	div	x4,x15,x30	 x15:0x00000000 x30:0x00d07dc8  x4=0x00000000
     194645.000 ns	     19463	80003de4	0193f933	and	x18,x7,x25	  x7:0x00000000 x25:0xffffffff x18=0x00000000
     194665.000 ns	     19465	80003de8	e0030853	fmv.x.w	x16,f6	  f6:0x80000000 x16=0x80000000
     194685.000 ns	     19467	80003dec	00fc56b3	srl	x13,x24,x15	 x24:0x00000008 x15:0x00000000 x13=0x00000008
     194705.000 ns	     19469	80003df0	03891433	mulh	x8,x18,x24	 x18:0x00000000 x24:0x00000008  x8=0x00000000
     194725.000 ns	     19471	80003df4	680c7413	andi	x8,x24,1664	 x24:0x00000008  x8=0x00000000
     194745.000 ns	     19473	80003df8	0303afb3	mulhsu	x31,x7,x16	  x7:0x00000000 x16:0x80000000 x31=0x00000000
     194765.000 ns	     19475	80003dfc	01741713	slli	x14,x8,0x17	  x8:0x00000000 x14=0x00000000
     194785.000 ns	     19477	80003e00	f00e8953	fmv.w.x	f18,x29	 x29:0x00000000 f18=0x00000000
     194815.000 ns	     19480	80003e04	02e3d9b3	divu	x19,x7,x14	  x7:0x00000000 x14:0x00000000 x19=0xffffffff
     194835.000 ns	     19482	80003e08	48d3b793	sltiu	x15,x7,1165	  x7:0x00000000 x15=0x00000001
     194845.000 ns	     19483	80003e0c	000bd893	srli	x17,x23,0x0	 x23:0x7686bb6e x17=0x7686bb6e
     194865.000 ns	     19485	80003e10	e00b80d3	fmv.x.w	x1,f23	 f23:0x00000000  x1=0x00000000
     194915.000 ns	     19490	80003e14	012cf653	fadd.s	f12,f25,f18	 f25:0x00000000 f18:0x00000000 f12=0x00000000
     194945.000 ns	     19493	80003e18	03e42cb3	mulhsu	x25,x8,x30	  x8:0x00000000 x30:0x00d07dc8 x25=0x00000000
     194995.000 ns	     19498	80003e1c	00a3fbd3	fadd.s	f23,f7,f10	  f7:0xc4f5c95f f10:0x44f5e000 f23=0x3f350800
     195015.000 ns	     19500	80003e20	697d2993	slti	x19,x26,1687	 x26:0x80000000 x19=0x00000001
     195035.000 ns	     19502	80003e24	a16a8353	fle.s	x6,f21,f22	 f21:0x80000000 f22:0xffc00000  x6=0x00000000
     195065.000 ns	     19505	80003e28	a1c71a53	flt.s	x20,f14,f28	 f14:0x80000000 f28:0x7fc00000 x20=0x00000000
     195085.000 ns	     19507	80003e2c	40460533	sub	x10,x12,x4	 x12:0xcf884000  x4:0x00000000 x10=0xcf884000
     195105.000 ns	     19509	80003e30	032390b3	mulh	x1,x7,x18	  x7:0x00000000 x18:0x00000000  x1=0x00000000
     195135.000 ns	     19512	80003e34	0201fe33	remu	x28,x3,x0	  x3:0x00000000  x0:0x00000000 x28=0x00000000
     195155.000 ns	     19514	80003e38	c6face13	xori	x28,x21,-913	 x21:0x00000001 x28=0xfffffc6e
     195165.000 ns	     19515	80003e3c	0143f833	and	x16,x7,x20	  x7:0x00000000 x20:0x00000000 x16=0x00000000
     195175.000 ns	     19516	80003e40	ca344913	xori	x18,x8,-861	  x8:0x00000000 x18=0xfffffca3
     195205.000 ns	     19519	80003e44	580ff7d3	fsqrt.s	f15,f31	 f31:0xbf350400 f15=0x7fc00000
     195225.000 ns	     19521	80003e48	0b456c93	ori	x25,x10,180	 x10:0xcf884000 x25=0xcf8840b4
     195235.000 ns	     19522	80003e4c	014dd393	srli	x7,x27,0x14	 x27:0x1fffffff  x7=0x000001ff
     195245.000 ns	     19523	80003e50	e19e2d13	slti	x26,x28,-487	 x28:0xfffffc6e x26=0x00000001
     195285.000 ns	     19527	80003e54	0942c1d3	fsub.s	f3,f5,f20	  f5:0x00000000 f20:0x3f800000  f3=0xbf800000
     195325.000 ns	     19531	80003e58	18de3453	fdiv.s	f8,f28,f13	 f28:0x7fc00000 f13:0x7fc00000  f8=0x7fc00000
     195355.000 ns	     19534	80003e5c	03d81cb3	mulh	x25,x16,x29	 x16:0x00000000 x29:0x00000000 x25=0x00000000
     195385.000 ns	     19537	80003e60	c01771d3	fcvt.wu.s	x3,f14	 f14:0x80000000  x3=0x00000000
     195415.000 ns	     19540	80003e64	20f82b53	fsgnjx.s	f22,f16,f15	 f16:0xffc00000 f15:0x7fc00000 f22=0xffc00000
     195445.000 ns	     19543	80003e68	a1701fd3	flt.s	x31,f0,f23	  f0:0xbf800000 f23:0x3f350800 x31=0x00000001
     195815.000 ns	     19580	80003e6c	0359e3b3	rem	x7,x19,x21	 x19:0x00000001 x21:0x00000001  x7=0x00000000
     195845.000 ns	     19583	80003e70	e0000553	fmv.x.w	x10,f0	  f0:0xbf800000 x10=0xbf800000
     195895.000 ns	     19588	80003e74	00d1c5d3	fadd.s	f11,f3,f13	  f3:0xbf800000 f13:0x7fc00000 f11=0x7fc00000
     195915.000 ns	     19590	80003e78	0099ecb3	or	x25,x19,x9	 x19:0x00000001  x9:0x00000000 x25=0x00000001
     195925.000 ns	     19591	80003e7c	ca274613	xori	x12,x14,-862	 x14:0x00000000 x12=0xfffffca2
     196285.000 ns	     19627	80003e80	038151b3	divu	x3,x2,x24	  x2:0x80040fe4 x24:0x00000008  x3=0x100081fc
     196325.000 ns	     19631	80003e84	19c63253	fdiv.s	f4,f12,f28	 f12:0x00000000 f28:0x7fc00000  f4=0x7fc00000
     196355.000 ns	     19634	80003e88	210a87d3	fsgnj.s	f15,f21,f16	 f21:0x80000000 f16:0xffc00000 f15=0x80000000
     196385.000 ns	     19637	80003e8c	03e4aa33	mulhsu	x20,x9,x30	  x9:0x00000000 x30:0x00d07dc8 x20=0x00000000
     196415.000 ns	     19640	80003e90	d0163ed3	fcvt.s.wu	f29,x12	 x12:0xfffffca2 f29=0x4f7ffffd
     196445.000 ns	     19643	80003e94	21e1add3	fsgnjx.s	f27,f3,f30	  f3:0xbf800000 f30:0x7fc00000 f27=0xbf800000
     196465.000 ns	     19645	80003e98	00319633	sll	x12,x3,x3	  x3:0x100081fc  x3:0x100081fc x12=0xc0000000
     196485.000 ns	     19647	80003e9c	a1ed1353	flt.s	x6,f26,f30	 f26:0x7fc00000 f30:0x7fc00000  x6=0x00000000
     196515.000 ns	     19650	80003ea0	03aa86b3	mul	x13,x21,x26	 x21:0x00000001 x26:0x00000001 x13=0x00000001
     197695.000 ns	     19768	80003ea4	58050d53	fsqrt.s	f26,f10	 f10:0x44f5e000 f26=0x4231673c
     197715.000 ns	     19770	80003ea8	01aa9c13	slli	x24,x21,0x1a	 x21:0x00000001 x24=0x04000000
     197735.000 ns	     19772	80003eac	028a6f33	rem	x30,x20,x8	 x20:0x00000000  x8:0x00000000 x30=0x00000000
     197765.000 ns	     19775	80003eb0	030b42b3	div	x5,x22,x16	 x22:0x80041024 x16:0x00000000  x5=0xffffffff
     198135.000 ns	     19812	80003eb4	036c50b3	divu	x1,x24,x22	 x24:0x04000000 x22:0x80041024  x1=0x00000000
     198155.000 ns	     19814	80003eb8	014e4f33	xor	x30,x28,x20	 x28:0xfffffc6e x20:0x00000000 x30=0xfffffc6e
     198165.000 ns	     19815	80003ebc	41c40d33	sub	x26,x8,x28	  x8:0x00000000 x28:0xfffffc6e x26=0x00000392
     198525.000 ns	     19851	80003ec0	02aee7b3	rem	x15,x29,x10	 x29:0x00000000 x10:0xbf800000 x15=0x00000000
     198545.000 ns	     19853	80003ec4	00ffdd33	srl	x26,x31,x15	 x31:0x00000001 x15:0x00000001 x26=0x00000001
     198555.000 ns	     19854	80003ec8	00000013	addi	x0,x0,0	  x0:0x00000000
     198575.000 ns	     19856	80003ecc	02d03db3	mulhu	x27,x0,x13	  x0:0x00000000 x13:0x00000001 x27=0x00000000
     198605.000 ns	     19859	80003ed0	21551053	fsgnjn.s	f0,f10,f21	 f10:0x44f5e000 f21:0x80000000  f0=0x44f5e000
     198625.000 ns	     19861	80003ed4	41ca0233	sub	x4,x20,x28	 x20:0x00000000 x28:0xfffffc6e  x4=0x00000392
     198635.000 ns	     19862	80003ed8	ab9aa637	lui	x12,0xab9aa	 x12=0xab9aa000
     198645.000 ns	     19863	80003edc	0031c433	xor	x8,x3,x3	  x3:0x100081fc  x3:0x100081fc  x8=0x00000000
     198665.000 ns	     19865	80003ee0	e00c9953	fclass.s	x18,f25	 f25:0x00000000 x18=0x00000010
     198685.000 ns	     19867	80003ee4	f738f813	andi	x16,x17,-141	 x17:0x7686bb6e x16=0x7686bb62
     198705.000 ns	     19869	80003ee8	02615c33	divu	x24,x2,x6	  x2:0x80040fe4  x6:0x00000000 x24=0xffffffff
     198735.000 ns	     19872	80003eec	c01c0ed3	fcvt.wu.s	x29,f24	 f24:0x80000000 x29=0x00000000
     198785.000 ns	     19877	80003ef0	01a78f53	fadd.s	f30,f15,f26	 f15:0x80000000 f26:0x4231673c f30=0x4231673c
     198835.000 ns	     19882	80003ef4	093509d3	fsub.s	f19,f10,f19	 f10:0x44f5e000 f19:0xc4f5c95f f19=0x4575d4af
     198855.000 ns	     19884	80003ef8	01f3c4b3	xor	x9,x7,x31	  x7:0x00000000 x31:0x00000001  x9=0x00000001
     198895.000 ns	     19888	80003efc	00f177d3	fadd.s	f15,f2,f15	  f2:0x7fc00000 f15:0x80000000 f15=0x7fc00000
     198915.000 ns	     19890	80003f00	00635713	srli	x14,x6,0x6	  x6:0x00000000 x14=0x00000000
     198935.000 ns	     19892	80003f04	039033b3	mulhu	x7,x0,x25	  x0:0x00000000 x25:0x00000001  x7=0x00000000
     198965.000 ns	     19895	80003f08	280309d3	fmin.s	f19,f6,f0	  f6:0x80000000  f0:0x44f5e000 f19=0x80000000
     198995.000 ns	     19898	80003f0c	f0020cd3	fmv.w.x	f25,x4	  x4:0x00000392 f25=0x00000392
     200175.000 ns	     20016	80003f10	580cf2d3	fsqrt.s	f5,f25	 f25:0x00000000  f5=0x1f350990
     200215.000 ns	     20020	80003f14	1111fb53	fmul.s	f22,f3,f17	  f3:0xbf800000 f17:0x80000000 f22=0x00000000
     200235.000 ns	     20022	80003f18	41965213	srai	x4,x12,0x19	 x12:0xab9aa000  x4=0xffffffd5
     200245.000 ns	     20023	80003f1c	016d2933	slt	x18,x26,x22	 x26:0x00000001 x22:0x80041024 x18=0x00000000
     200265.000 ns	     20025	80003f20	02695333	divu	x6,x18,x6	 x18:0x00000010  x6:0x00000000  x6=0xffffffff
     200285.000 ns	     20027	80003f24	414986b3	sub	x13,x19,x20	 x19:0x00000001 x20:0x00000000 x13=0x00000001
     200305.000 ns	     20029	80003f28	a01722d3	feq.s	x5,f14,f1	 f14:0x80000000  f1:0x44f5e000  x5=0x00000000
     200335.000 ns	     20032	80003f2c	03ef2833	mulhsu	x16,x30,x30	 x30:0xfffffc6e x30:0xfffffc6e x16=0xfffffc6e
     200705.000 ns	     20069	80003f30	023158b3	divu	x17,x2,x3	  x2:0x80040fe4  x3:0x100081fc x17=0x00000008
     201885.000 ns	     20187	80003f34	580bfdd3	fsqrt.s	f27,f23	 f23:0x3f350800 f27=0x3f00020b
     201915.000 ns	     20190	80003f38	a0701053	flt.s	x0,f0,f7	  f0:0x44f5e000  f7:0xc4f5c95f
     201945.000 ns	     20193	80003f3c	a0828e53	fle.s	x28,f5,f8	  f5:0x1f350990  f8:0x7fc00000 x28=0x00000000
     201975.000 ns	     20196	80003f40	037d89b3	mul	x19,x27,x23	 x27:0x00000000 x23:0x7686bb6e x19=0x00000000
     202345.000 ns	     20233	80003f44	02a873b3	remu	x7,x16,x10	 x16:0xfffffc6e x10:0xbf800000  x7=0x407ffc6e
     202395.000 ns	     20238	80003f48	09c6fdd3	fsub.s	f27,f13,f28	 f13:0x7fc00000 f28:0x7fc00000 f27=0x7fc00000
     202415.000 ns	     20240	80003f4c	01648233	add	x4,x9,x22	  x9:0x00000001 x22:0x80041024  x4=0x80041025
     202435.000 ns	     20242	80003f50	29f09d53	fmax.s	f26,f1,f31	  f1:0x44f5e000 f31:0xbf350400 f26=0x44f5e000
     202455.000 ns	     20244	80003f54	5e433013	sltiu	x0,x6,1508	  x6:0xffffffff
     202815.000 ns	     20280	80003f58	0223eab3	rem	x21,x7,x2	  x7:0x407ffc6e  x2:0x80040fe4 x21=0x407ffc6e
     202835.000 ns	     20282	80003f5c	8776cd13	xori	x26,x13,-1929	 x13:0x00000001 x26=0xfffff876
     202875.000 ns	     20286	80003f60	00be7e53	fadd.s	f28,f28,f11	 f28:0x7fc00000 f11:0x7fc00000 f28=0x7fc00000
     202905.000 ns	     20289	80003f64	02311033	mulh	x0,x2,x3	  x2:0x80040fe4  x3:0x100081fc
     202935.000 ns	     20292	80003f68	a1f828d3	feq.s	x17,f16,f31	 f16:0xffc00000 f31:0xbf350400 x17=0x00000000
     202955.000 ns	     20294	80003f6c	1657b413	sltiu	x8,x15,357	 x15:0x00000000  x8=0x00000001
     202965.000 ns	     20295	80003f70	003b2533	slt	x10,x22,x3	 x22:0x80041024  x3:0x100081fc x10=0x00000001
     202985.000 ns	     20297	80003f74	e00410d3	fclass.s	x1,f8	  f8:0x7fc00000  x1=0x00000200
     203355.000 ns	     20334	80003f78	03f17633	remu	x12,x2,x31	  x2:0x80040fe4 x31:0x00000001 x12=0x00000000
     203375.000 ns	     20336	80003f7c	41c1d033	sra	x0,x3,x28	  x3:0x100081fc x28:0x00000000
     203395.000 ns	     20338	80003f80	296f18d3	fmax.s	f17,f30,f22	 f30:0x4231673c f22:0x00000000 f17=0x4231673c
     203425.000 ns	     20341	80003f84	21d99d53	fsgnjn.s	f26,f19,f29	 f19:0x80000000 f29:0x4f7ffffd f26=0x80000000
     203445.000 ns	     20343	80003f88	5dad3693	sltiu	x13,x26,1498	 x26:0xfffff876 x13=0x00000000
     203455.000 ns	     20344	80003f8c	002eec33	or	x24,x29,x2	 x29:0x00000000  x2:0x80040fe4 x24=0x80040fe4
     203465.000 ns	     20345	80003f90	01f73633	sltu	x12,x14,x31	 x14:0x00000000 x31:0x00000001 x12=0x00000001
     203485.000 ns	     20347	80003f94	e00282d3	fmv.x.w	x5,f5	  f5:0x1f350990  x5=0x1f350990
     203535.000 ns	     20352	80003f98	01e1bf53	fadd.s	f30,f3,f30	  f3:0xbf800000 f30:0x4231673c f30=0x422d673c
     203565.000 ns	     20355	80003f9c	e0030cd3	fmv.x.w	x25,f6	  f6:0x80000000 x25=0x80000000
     203585.000 ns	     20357	80003fa0	27b26a13	ori	x20,x4,635	  x4:0x80041025 x20=0x8004127f
     203615.000 ns	     20360	80003fa4	580b1cd3	fsqrt.s	f25,f22	 f22:0x00000000 f25=0x00000000
     203645.000 ns	     20363	80003fa8	e0019dd3	fclass.s	x27,f3	  f3:0xbf800000 x27=0x00000002
     203665.000 ns	     20365	80003fac	b963f893	andi	x17,x7,-1130	  x7:0x407ffc6e x17=0x407ff806
     203695.000 ns	     20368	80003fb0	117bfad3	fmul.s	f21,f23,f23	 f23:0x3f350800 f23:0x3f350800 f21=0x3f000450
     203715.000 ns	     20370	80003fb4	00d911b3	sll	x3,x18,x13	 x18:0x00000000 x13:0x00000000  x3=0x00000000
     203725.000 ns	     20371	80003fb8	00335713	srli	x14,x6,0x3	  x6:0xffffffff x14=0x1fffffff
     203735.000 ns	     20372	80003fbc	402056b3	sra	x13,x0,x2	  x0:0x00000000  x2:0x80040fe4 x13=0x00000000
     203755.000 ns	     20374	80003fc0	033aecb3	rem	x25,x21,x19	 x21:0x407ffc6e x19:0x00000000 x25=0x407ffc6e
     203785.000 ns	     20377	80003fc4	280894d3	fmax.s	f9,f17,f0	 f17:0x4231673c  f0:0x44f5e000  f9=0x44f5e000
     203815.000 ns	     20380	80003fc8	e00e9fd3	fclass.s	x31,f29	 f29:0x4f7ffffd x31=0x00000040
     203845.000 ns	     20383	80003fcc	d0067a53	fcvt.s.w	f20,x12	 x12:0x00000001 f20=0x3f800000
     203875.000 ns	     20386	80003fd0	209ea653	fsgnjx.s	f12,f29,f9	 f29:0x4f7ffffd  f9:0x44f5e000 f12=0x4f7ffffd
     203895.000 ns	     20388	80003fd4	a0f4ad13	slti	x26,x9,-1521	  x9:0x00000001 x26=0x00000000
     203915.000 ns	     20390	80003fd8	a12f2ed3	feq.s	x29,f30,f18	 f30:0x422d673c f18:0x00000000 x29=0x00000000
     203935.000 ns	     20392	80003fdc	00903f33	sltu	x30,x0,x9	  x0:0x00000000  x9:0x00000001 x30=0x00000001
     203955.000 ns	     20394	80003fe0	026717b3	mulh	x15,x14,x6	 x14:0x1fffffff  x6:0xffffffff x15=0xffffffff
     203985.000 ns	     20397	80003fe4	c01fccd3	fcvt.wu.s	x25,f31	 f31:0xbf350400 x25=0x00000001
     204015.000 ns	     20400	80003fe8	02044733	div	x14,x8,x0	  x8:0x00000001  x0:0x00000000 x14=0xffffffff
     204045.000 ns	     20403	80003fec	a1f89853	flt.s	x16,f17,f31	 f17:0x4231673c f31:0xbf350400 x16=0x00000000
     204075.000 ns	     20406	80003ff0	a14698d3	flt.s	x17,f13,f20	 f13:0x7fc00000 f20:0x3f800000 x17=0x00000000
     204105.000 ns	     20409	80003ff4	031b04b3	mul	x9,x22,x17	 x22:0x80041024 x17:0x407ff806  x9=0x00000000
     204125.000 ns	     20411	80003ff8	01220fb3	add	x31,x4,x18	  x4:0x80041025 x18:0x00000000 x31=0x80041025
     204135.000 ns	     20412	80003ffc	402bd693	srai	x13,x23,0x2	 x23:0x7686bb6e x13=0x1da1aedb
     204145.000 ns	     20413	80004000	e1a30813	addi	x16,x6,-486	  x6:0xffffffff x16=0xfffffe19
     204155.000 ns	     20414	80004004	00e3e833	or	x16,x7,x14	  x7:0x407ffc6e x14:0xffffffff x16=0xffffffff
     204165.000 ns	     20415	80004008	00000013	addi	x0,x0,0	  x0:0x00000000
     204175.000 ns	     20416	8000400c	00a26c33	or	x24,x4,x10	  x4:0x80041025 x10:0x00000001 x24=0x80041025
     204195.000 ns	     20418	80004010	208c1653	fsgnjn.s	f12,f24,f8	 f24:0x80000000  f8:0x7fc00000 f12=0x80000000
     204215.000 ns	     20420	80004014	01f51b93	slli	x23,x10,0x1f	 x10:0x00000001 x23=0x80000000
     204245.000 ns	     20423	80004018	580d3f53	fsqrt.s	f30,f26	 f26:0x80000000 f30=0x80000000
     204275.000 ns	     20426	8000401c	e00a96d3	fclass.s	x13,f21	 f21:0x3f000450 x13=0x00000040
     204295.000 ns	     20428	80004020	40a08a33	sub	x20,x1,x10	  x1:0x00000200 x10:0x00000001 x20=0x000001ff
     204305.000 ns	     20429	80004024	018e8fb3	add	x31,x29,x24	 x29:0x00000000 x24:0x80041025 x31=0x80041025
     204325.000 ns	     20431	80004028	a1691d53	flt.s	x26,f18,f22	 f18:0x00000000 f22:0x00000000 x26=0x00000000
     204345.000 ns	     20433	8000402c	41a15833	sra	x16,x2,x26	  x2:0x80040fe4 x26:0x00000000 x16=0x80040fe4
     204355.000 ns	     20434	80004030	00756733	or	x14,x10,x7	 x10:0x00000001  x7:0x407ffc6e x14=0x407ffc6f
     204365.000 ns	     20435	80004034	001b77b3	and	x15,x22,x1	 x22:0x80041024  x1:0x00000200 x15=0x00000000
     204375.000 ns	     20436	80004038	00ca2933	slt	x18,x20,x12	 x20:0x000001ff x12:0x00000001 x18=0x00000000
     204385.000 ns	     20437	8000403c	415ddc13	srai	x24,x27,0x15	 x27:0x00000002 x24=0x00000000
     204395.000 ns	     20438	80004040	0085d0b3	srl	x1,x11,x8	 x11:0x80000000  x8:0x00000001  x1=0x40000000
     204415.000 ns	     20440	80004044	f00100d3	fmv.w.x	f1,x2	  x2:0x80040fe4  f1=0x80040fe4
     204455.000 ns	     20444	80004048	108c85d3	fmul.s	f11,f25,f8	 f25:0x00000000  f8:0x7fc00000 f11=0x7fc00000
     204485.000 ns	     20447	8000404c	20f78cd3	fsgnj.s	f25,f15,f15	 f15:0x7fc00000 f15:0x7fc00000 f25=0x7fc00000
     204505.000 ns	     20449	80004050	0177cab3	xor	x21,x15,x23	 x15:0x00000000 x23:0x80000000 x21=0x80000000
     204865.000 ns	     20485	80004054	0364cab3	div	x21,x9,x22	  x9:0x00000000 x22:0x80041024 x21=0x00000000
     204895.000 ns	     20488	80004058	29c518d3	fmax.s	f17,f10,f28	 f10:0x44f5e000 f28:0x7fc00000 f17=0x44f5e000
     204925.000 ns	     20491	8000405c	f00280d3	fmv.w.x	f1,x5	  x5:0x1f350990  f1=0x1f350990
     204955.000 ns	     20494	80004060	20230553	fsgnj.s	f10,f6,f2	  f6:0x80000000  f2:0x7fc00000 f10=0x00000000
     204975.000 ns	     20496	80004064	012666b3	or	x13,x12,x18	 x12:0x00000001 x18:0x00000000 x13=0x00000001
     204995.000 ns	     20498	80004068	f0040ed3	fmv.w.x	f29,x8	  x8:0x00000001 f29=0x00000001
     205365.000 ns	     20535	8000406c	02d863b3	rem	x7,x16,x13	 x16:0x80040fe4 x13:0x00000040  x7=0x00000000
     205385.000 ns	     20537	80004070	01a40cb3	add	x25,x8,x26	  x8:0x00000001 x26:0x00000000 x25=0x00000001
     205745.000 ns	     20573	80004074	02ca6eb3	rem	x29,x20,x12	 x20:0x000001ff x12:0x00000001 x29=0x00000000
     205765.000 ns	     20575	80004078	00b817b3	sll	x15,x16,x11	 x16:0x80040fe4 x11:0x80000000 x15=0x80040fe4
     205775.000 ns	     20576	8000407c	c81aae13	slti	x28,x21,-895	 x21:0x00000000 x28=0x00000000
     205785.000 ns	     20577	80004080	00fcb8b3	sltu	x17,x25,x15	 x25:0x00000001 x15:0x00000000 x17=0x00000001
     205825.000 ns	     20581	80004084	0934f4d3	fsub.s	f9,f9,f19	  f9:0x44f5e000 f19:0x80000000  f9=0x44f5e000
     205845.000 ns	     20583	80004088	69ad2397	auipc	x7,0x69ad2	  x7=0xe9ad6088
     205865.000 ns	     20585	8000408c	291e09d3	fmin.s	f19,f28,f17	 f28:0x7fc00000 f17:0x44f5e000 f19=0x44f5e000
     205895.000 ns	     20588	80004090	02960733	mul	x14,x12,x9	 x12:0x00000001  x9:0x00000000 x14=0x00000000
     205915.000 ns	     20590	80004094	40abd7b3	sra	x15,x23,x10	 x23:0x80000000 x10:0x00000001 x15=0xc0000000
     205955.000 ns	     20594	80004098	00a7f953	fadd.s	f18,f15,f10	 f15:0x7fc00000 f10:0x00000000 f18=0x7fc00000
     205985.000 ns	     20597	8000409c	03ad77b3	remu	x15,x26,x26	 x26:0x00000000 x26:0x00000000 x15=0x00000000
     206355.000 ns	     20634	800040a0	02ceefb3	rem	x31,x29,x12	 x29:0x00000000 x12:0x00000001 x31=0x00000000
     206385.000 ns	     20637	800040a4	29a796d3	fmax.s	f13,f15,f26	 f15:0x7fc00000 f26:0x80000000 f13=0x80000000
     206425.000 ns	     20641	800040a8	580b1a53	fsqrt.s	f20,f22	 f22:0x00000000 f20=0x00000000
     206445.000 ns	     20643	800040ac	f8a7b513	sltiu	x10,x15,-118	 x15:0x00000000 x10=0x00000001
     206455.000 ns	     20644	800040b0	41560633	sub	x12,x12,x21	 x12:0x00000001 x21:0x00000000 x12=0x00000001
     206475.000 ns	     20646	800040b4	c00dfad3	fcvt.w.s	x21,f27	 f27:0x7fc00000 x21=0x7fffffff
     206495.000 ns	     20648	800040b8	00077333	and	x6,x14,x0	 x14:0x00000000  x0:0x00000000  x6=0x00000000
     206505.000 ns	     20649	800040bc	b03e2793	slti	x15,x28,-1277	 x28:0x00000000 x15=0x00000000
     206515.000 ns	     20650	800040c0	2a2e0093	addi	x1,x28,674	 x28:0x00000000  x1=0x000002a2
     206525.000 ns	     20651	800040c4	11150993	addi	x19,x10,273	 x10:0x00000001 x19=0x00000112
     206535.000 ns	     20652	800040c8	00000013	addi	x0,x0,0	  x0:0x00000000
     206575.000 ns	     20656	800040cc	01687f53	fadd.s	f30,f16,f22	 f16:0xffc00000 f22:0x00000000 f30=0x7fc00000
     206945.000 ns	     20693	800040d0	039e44b3	div	x9,x28,x25	 x28:0x00000000 x25:0x00000001  x9=0x00000000
     206975.000 ns	     20696	800040d4	293d19d3	fmax.s	f19,f26,f19	 f26:0x80000000 f19:0x44f5e000 f19=0x44f5e000
     206995.000 ns	     20698	800040d8	af930a93	addi	x21,x6,-1287	  x6:0x00000000 x21=0xfffffaf9
     207015.000 ns	     20700	800040dc	209802d3	fsgnj.s	f5,f16,f9	 f16:0xffc00000  f9:0x44f5e000  f5=0x7fc00000
     207045.000 ns	     20703	800040e0	c0031353	fcvt.w.s	x6,f6	  f6:0x80000000  x6=0x00000000
     207075.000 ns	     20706	800040e4	02162833	mulhsu	x16,x12,x1	 x12:0x00000001  x1:0x000002a2 x16=0x00000000
     207105.000 ns	     20709	800040e8	d0077553	fcvt.s.w	f10,x14	 x14:0x00000000 f10=0x00000000
     207145.000 ns	     20713	800040ec	580c2dd3	fsqrt.s	f27,f24	 f24:0x80000000 f27=0x80000000
     207165.000 ns	     20715	800040f0	01189833	sll	x16,x17,x17	 x17:0x00000001 x17:0x00000001 x16=0x00000002
     207175.000 ns	     20716	800040f4	01361793	slli	x15,x12,0x13	 x12:0x00000001 x15=0x00080000
     207185.000 ns	     20717	800040f8	01766cb3	or	x25,x12,x23	 x12:0x00000001 x23:0x80000000 x25=0x80000001
     207195.000 ns	     20718	800040fc	007eafb3	slt	x31,x29,x7	 x29:0x00000000  x7:0xe9ad6088 x31=0x00000000
     207205.000 ns	     20719	80004100	00ea80b3	add	x1,x21,x14	 x21:0xfffffaf9 x14:0x00000000  x1=0xfffffaf9
     207225.000 ns	     20721	80004104	02988733	mul	x14,x17,x9	 x17:0x00000001  x9:0x00000000 x14=0x00000000
     207265.000 ns	     20725	80004108	180177d3	fdiv.s	f15,f2,f0	  f2:0x7fc00000  f0:0x44f5e000 f15=0x7fc00000
     207285.000 ns	     20727	8000410c	00aeb333	sltu	x6,x29,x10	 x29:0x00000000 x10:0x00000001  x6=0x00000001
     207295.000 ns	     20728	80004110	01913db3	sltu	x27,x2,x25	  x2:0x80040fe4 x25:0x80000001 x27=0x00000000
     207305.000 ns	     20729	80004114	00929733	sll	x14,x5,x9	  x5:0x1f350990  x9:0x00000000 x14=0x1f350990
     207325.000 ns	     20731	80004118	284000d3	fmin.s	f1,f0,f4	  f0:0x44f5e000  f4:0x7fc00000  f1=0x44f5e000
     207345.000 ns	     20733	8000411c	6b064e93	xori	x29,x12,1712	 x12:0x00000001 x29=0x000006b1
     207365.000 ns	     20735	80004120	a01c89d3	fle.s	x19,f25,f1	 f25:0x7fc00000  f1:0x44f5e000 x19=0x00000000
     207395.000 ns	     20738	80004124	02ab3d33	mulhu	x26,x22,x10	 x22:0x80041024 x10:0x00000001 x26=0x00000000
     207435.000 ns	     20742	80004128	189b05d3	fdiv.s	f11,f22,f9	 f22:0x00000000  f9:0x44f5e000 f11=0x00000000
     207805.000 ns	     20779	8000412c	02f6d2b3	divu	x5,x13,x15	 x13:0x00000001 x15:0x00080000  x5=0x00000000
     207825.000 ns	     20781	80004130	1db20417	auipc	x8,0x1db20	  x8=0x9db24130
     207835.000 ns	     20782	80004134	00000013	addi	x0,x0,0	  x0:0x00000000
     207855.000 ns	     20784	80004138	d0107953	fcvt.s.wu	f18,x0	  x0:0x00000000 f18=0x00000000
     207875.000 ns	     20786	8000413c	86f13913	sltiu	x18,x2,-1937	  x2:0x80040fe4 x18=0x00000001
     207895.000 ns	     20788	80004140	a0d192d3	flt.s	x5,f3,f13	  f3:0xbf800000 f13:0x80000000  x5=0x00000001
     207915.000 ns	     20790	80004144	00fce1b3	or	x3,x25,x15	 x25:0x80000001 x15:0x00080000  x3=0x80080001
     207935.000 ns	     20792	80004148	c01ff0d3	fcvt.wu.s	x1,f31	 f31:0xbf350400  x1=0x00000000
     207985.000 ns	     20797	8000414c	00869953	fadd.s	f18,f13,f8	 f13:0x80000000  f8:0x7fc00000 f18=0x7fc00000
     208005.000 ns	     20799	80004150	004cb033	sltu	x0,x25,x4	 x25:0x80000001  x4:0x80041025
     208025.000 ns	     20801	80004154	e0020253	fmv.x.w	x4,f4	  f4:0x7fc00000  x4=0x7fc00000
     208045.000 ns	     20803	80004158	b0233613	sltiu	x12,x6,-1278	  x6:0x00000001 x12=0x00000001
     208075.000 ns	     20806	8000415c	1807f6d3	fdiv.s	f13,f15,f0	 f15:0x7fc00000  f0:0x44f5e000 f13=0x7fc00000
     208095.000 ns	     20808	80004160	41c9df93	srai	x31,x19,0x1c	 x19:0x00000000 x31=0x00000000
     208105.000 ns	     20809	80004164	41c7dd13	srai	x26,x15,0x1c	 x15:0x00080000 x26=0x00000000
     208145.000 ns	     20813	80004168	09287453	fsub.s	f8,f16,f18	 f16:0xffc00000 f18:0x7fc00000  f8=0x7fc00000
     208175.000 ns	     20816	8000416c	f00e0b53	fmv.w.x	f22,x28	 x28:0x00000000 f22=0x00000000
     208545.000 ns	     20853	80004170	02da79b3	remu	x19,x20,x13	 x20:0x000001ff x13:0x00000001 x19=0x00000000
     208585.000 ns	     20857	80004174	5803f1d3	fsqrt.s	f3,f7	  f7:0xc4f5c95f  f3=0x7fc00000
     208615.000 ns	     20860	80004178	f00a83d3	fmv.w.x	f7,x21	 x21:0xfffffaf9  f7=0xfffffaf9
     208645.000 ns	     20863	8000417c	02ae91b3	mulh	x3,x29,x10	 x29:0x000006b1 x10:0x00000001  x3=0x00000000
     208665.000 ns	     20865	80004180	40ded313	srai	x6,x29,0xd	 x29:0x000006b1  x6=0x00000000
     208675.000 ns	     20866	80004184	ae027793	andi	x15,x4,-1312	  x4:0x7fc00000 x15=0x7fc00000
     208685.000 ns	     20867	80004188	91046813	ori	x16,x8,-1776	  x8:0x9db24130 x16=0xfffff930
     208695.000 ns	     20868	8000418c	00028fb3	add	x31,x5,x0	  x5:0x00000001  x0:0x00000000 x31=0x00000001
     208705.000 ns	     20869	80004190	26a3f1b7	lui	x3,0x26a3f	  x3=0x26a3f000
     208715.000 ns	     20870	80004194	311a6037	lui	x0,0x311a6	
     208725.000 ns	     20871	80004198	11744c13	xori	x24,x8,279	  x8:0x9db24130 x24=0x9db24027
     208745.000 ns	     20873	8000419c	294b11d3	fmax.s	f3,f22,f20	 f22:0x00000000 f20:0x00000000  f3=0x00000000
     208775.000 ns	     20876	800041a0	28e18bd3	fmin.s	f23,f3,f14	  f3:0x7fc00000 f14:0x80000000 f23=0x80000000
     209145.000 ns	     20913	800041a4	030ee233	rem	x4,x29,x16	 x29:0x000006b1 x16:0xfffff930  x4=0x000006b1
     209175.000 ns	     20916	800041a8	f00d00d3	fmv.w.x	f1,x26	 x26:0x00000000  f1=0x00000000
     209205.000 ns	     20919	800041ac	c01681d3	fcvt.wu.s	x3,f13	 f13:0x7fc00000  x3=0xffffffff
     209225.000 ns	     20921	800041b0	01e34c33	xor	x24,x6,x30	  x6:0x00000000 x30:0x00000001 x24=0x00000001
     209235.000 ns	     20922	800041b4	54616513	ori	x10,x2,1350	  x2:0x80040fe4 x10=0x80040fe6
     209595.000 ns	     20958	800041b8	02f2fdb3	remu	x27,x5,x15	  x5:0x00000001 x15:0x7fc00000 x27=0x00000001
     209625.000 ns	     20961	800041bc	c00d4ad3	fcvt.w.s	x21,f26	 f26:0x80000000 x21=0x00000000
     209665.000 ns	     20965	800041c0	10322d53	fmul.s	f26,f4,f3	  f4:0x7fc00000  f3:0x00000000 f26=0x7fc00000
     209685.000 ns	     20967	800041c4	e2998793	addi	x15,x19,-471	 x19:0x00000000 x15=0xfffffe29
     209695.000 ns	     20968	800041c8	00410333	add	x6,x2,x4	  x2:0x80040fe4  x4:0x000006b1  x6=0x80041695
     209715.000 ns	     20970	800041cc	c01da2d3	fcvt.wu.s	x5,f27	 f27:0x80000000  x5=0x00000000
     209745.000 ns	     20973	800041d0	2087a4d3	fsgnjx.s	f9,f15,f8	 f15:0x7fc00000  f8:0x7fc00000  f9=0x7fc00000
     209775.000 ns	     20976	800041d4	021ab8b3	mulhu	x17,x21,x1	 x21:0x00000000  x1:0x00000000 x17=0x00000000
     209805.000 ns	     20979	800041d8	e00b90d3	fclass.s	x1,f23	 f23:0x80000000  x1=0x00000008
     209845.000 ns	     20983	800041dc	5801fe53	fsqrt.s	f28,f3	  f3:0x00000000 f28=0x00000000
     209865.000 ns	     20985	800041e0	00000013	addi	x0,x0,0	  x0:0x00000000
     209875.000 ns	     20986	800041e4	00000013	addi	x0,x0,0	  x0:0x00000000
     209895.000 ns	     20988	800041e8	033f0933	mul	x18,x30,x19	 x30:0x00000001 x19:0x00000000 x18=0x00000000
     209925.000 ns	     20991	800041ec	2159a353	fsgnjx.s	f6,f19,f21	 f19:0x44f5e000 f21:0x3f000450  f6=0x44f5e000
     209955.000 ns	     20994	800041f0	a10080d3	fle.s	x1,f1,f16	  f1:0x00000000 f16:0xffc00000  x1=0x00000000
     209975.000 ns	     20996	800041f4	00804633	xor	x12,x0,x8	  x0:0x00000000  x8:0x9db24130 x12=0x9db24130
     209985.000 ns	     20997	800041f8	007826b3	slt	x13,x16,x7	 x16:0xfffff930  x7:0xe9ad6088 x13=0x00000000
     209995.000 ns	     20998	800041fc	5bf47813	andi	x16,x8,1471	  x8:0x9db24130 x16=0x00000130
     210005.000 ns	     20999	80004200	008282b3	add	x5,x5,x8	  x5:0x00000000  x8:0x9db24130  x5=0x9db24130
     210015.000 ns	     21000	80004204	303b4213	xori	x4,x22,771	 x22:0x80041024  x4=0x80041327
     210035.000 ns	     21002	80004208	026bb3b3	mulhu	x7,x23,x6	 x23:0x80000000  x6:0x80041695  x7=0x40020b4a
     210055.000 ns	     21004	8000420c	018c5613	srli	x12,x24,0x18	 x24:0x00000001 x12=0x00000000
     210065.000 ns	     21005	80004210	92097d93	andi	x27,x18,-1760	 x18:0x00000000 x27=0x00000000
     210105.000 ns	     21009	80004214	003b2653	fadd.s	f12,f22,f3	 f22:0x00000000  f3:0x00000000 f12=0x00000000
     210135.000 ns	     21012	80004218	29e705d3	fmin.s	f11,f14,f30	 f14:0x80000000 f30:0x7fc00000 f11=0x80000000
     210155.000 ns	     21014	8000421c	00d180b3	add	x1,x3,x13	  x3:0xffffffff x13:0x00000000  x1=0xffffffff
     210165.000 ns	     21015	80004220	0099e1b3	or	x3,x19,x9	 x19:0x00000000  x9:0x00000000  x3=0x00000000
     210185.000 ns	     21017	80004224	c00e7853	fcvt.w.s	x16,f28	 f28:0x00000000 x16=0x00000000
     210225.000 ns	     21021	80004228	10baf9d3	fmul.s	f19,f21,f11	 f21:0x3f000450 f11:0x80000000 f19=0x80000000
     210245.000 ns	     21023	8000422c	3af2fc93	andi	x25,x5,943	  x5:0x9db24130 x25=0x00000120
     210255.000 ns	     21024	80004230	6b79f913	andi	x18,x19,1719	 x19:0x00000000 x18=0x00000000
     210285.000 ns	     21027	80004234	1138ffd3	fmul.s	f31,f17,f19	 f17:0x44f5e000 f19:0x80000000 f31=0x80000000
     210315.000 ns	     21030	80004238	02947ab3	remu	x21,x8,x9	  x8:0x9db24130  x9:0x00000000 x21=0x9db24130
     210345.000 ns	     21033	8000423c	a0648fd3	fle.s	x31,f9,f6	  f9:0x7fc00000  f6:0x44f5e000 x31=0x00000000
     210375.000 ns	     21036	80004240	02c61d33	mulh	x26,x12,x12	 x12:0x00000000 x12:0x00000000 x26=0x00000000
     210395.000 ns	     21038	80004244	00fd8db3	add	x27,x27,x15	 x27:0x00000000 x15:0xfffffe29 x27=0xfffffe29
     210415.000 ns	     21040	80004248	219d9d53	fsgnjn.s	f26,f27,f25	 f27:0x80000000 f25:0x7fc00000 f26=0x80000000
     210435.000 ns	     21042	8000424c	00f6ebb3	or	x23,x13,x15	 x13:0x00000000 x15:0xfffffe29 x23=0xfffffe29
     210445.000 ns	     21043	80004250	006e9bb3	sll	x23,x29,x6	 x29:0x000006b1  x6:0x80041695 x23=0xd6200000
     210455.000 ns	     21044	80004254	00965f33	srl	x30,x12,x9	 x12:0x00000000  x9:0x00000000 x30=0x00000000
     210475.000 ns	     21046	80004258	21370ad3	fsgnj.s	f21,f14,f19	 f14:0x80000000 f19:0x80000000 f21=0x80000000
     210505.000 ns	     21049	8000425c	c007fbd3	fcvt.w.s	x23,f15	 f15:0x7fc00000 x23=0x7fffffff
     210545.000 ns	     21053	80004260	19c8aad3	fdiv.s	f21,f17,f28	 f17:0x44f5e000 f28:0x00000000 f21=0x7f800000
     210575.000 ns	     21056	80004264	a12109d3	fle.s	x19,f2,f18	  f2:0x7fc00000 f18:0x7fc00000 x19=0x00000000
     210605.000 ns	     21059	80004268	21cc81d3	fsgnj.s	f3,f25,f28	 f25:0x7fc00000 f28:0x00000000  f3=0x7fc00000
     210625.000 ns	     21061	8000426c	00000013	addi	x0,x0,0	  x0:0x00000000
     210635.000 ns	     21062	80004270	00bb57b3	srl	x15,x22,x11	 x22:0x80041024 x11:0x80000000 x15=0x80041024
     210645.000 ns	     21063	80004274	01ebd033	srl	x0,x23,x30	 x23:0x7fffffff x30:0x00000000
     210665.000 ns	     21065	80004278	d0094dd3	fcvt.s.w	f27,x18	 x18:0x00000000 f27=0x00000000
     211035.000 ns	     21102	8000427c	0374c833	div	x16,x9,x23	  x9:0x00000000 x23:0x7fffffff x16=0x00000000
     211085.000 ns	     21107	80004280	00f87c53	fadd.s	f24,f16,f15	 f16:0xffc00000 f15:0x7fc00000 f24=0x7fc00000
     211455.000 ns	     21144	80004284	02fa7333	remu	x6,x20,x15	 x20:0x000001ff x15:0x80041024  x6=0x000001ff
     211485.000 ns	     21147	80004288	029b3cb3	mulhu	x25,x22,x9	 x22:0x80041024  x9:0x00000000 x25=0x00000000
     211515.000 ns	     21150	8000428c	a1142a53	feq.s	x20,f8,f17	  f8:0x7fc00000 f17:0x44f5e000 x20=0x00000000
     211545.000 ns	     21153	80004290	c01a7a53	fcvt.wu.s	x20,f20	 f20:0x00000000 x20=0x00000000
     211565.000 ns	     21155	80004294	baee7693	andi	x13,x28,-1106	 x28:0x00000000 x13=0x00000000
     211575.000 ns	     21156	80004298	00000013	addi	x0,x0,0	  x0:0x00000000
     211585.000 ns	     21157	8000429c	f5db2993	slti	x19,x22,-163	 x22:0x80041024 x19=0x00000001
     211595.000 ns	     21158	800042a0	01ce2db3	slt	x27,x28,x28	 x28:0x00000000 x28:0x00000000 x27=0x00000000
     211605.000 ns	     21159	800042a4	41445633	sra	x12,x8,x20	  x8:0x9db24130 x20:0x00000000 x12=0x9db24130
     211635.000 ns	     21162	800042a8	5806be53	fsqrt.s	f28,f13	 f13:0x7fc00000 f28=0x7fc00000
     211655.000 ns	     21164	800042ac	93b0d637	lui	x12,0x93b0d	 x12=0x93b0d000
     211675.000 ns	     21166	800042b0	e00f04d3	fmv.x.w	x9,f30	 f30:0x7fc00000  x9=0x7fc00000
     211695.000 ns	     21168	800042b4	005683b3	add	x7,x13,x5	 x13:0x00000000  x5:0x9db24130  x7=0x9db24130
     211705.000 ns	     21169	800042b8	40f30e33	sub	x28,x6,x15	  x6:0x000001ff x15:0x80041024 x28=0x7ffbf1db
     211715.000 ns	     21170	800042bc	69e6c313	xori	x6,x13,1694	 x13:0x00000000  x6=0x0000069e
     211725.000 ns	     21171	800042c0	40eed693	srai	x13,x29,0xe	 x29:0x000006b1 x13=0x00000000
     211745.000 ns	     21173	800042c4	02b31f33	mulh	x30,x6,x11	  x6:0x000001ff x11:0x80000000 x30=0xfffffcb1
     211775.000 ns	     21176	800042c8	03ef3f33	mulhu	x30,x30,x30	 x30:0x00000000 x30:0x00000000 x30=0xfffff962
     211795.000 ns	     21178	800042cc	01255d33	srl	x26,x10,x18	 x10:0x80040fe6 x18:0x00000000 x26=0x80040fe6
     211805.000 ns	     21179	800042d0	01256db3	or	x27,x10,x18	 x10:0x80040fe6 x18:0x00000000 x27=0x80040fe6
     211815.000 ns	     21180	800042d4	006934b3	sltu	x9,x18,x6	 x18:0x00000000  x6:0x0000069e  x9=0x00000001
     211825.000 ns	     21181	800042d8	0147edb3	or	x27,x15,x20	 x15:0x80041024 x20:0x00000000 x27=0x80041024
     211845.000 ns	     21183	800042dc	a17088d3	fle.s	x17,f1,f23	  f1:0x00000000 f23:0x80000000 x17=0x00000001
     211865.000 ns	     21185	800042e0	014b1bb3	sll	x23,x22,x20	 x22:0x80041024 x20:0x00000000 x23=0x80041024
     211875.000 ns	     21186	800042e4	fdf61817	auipc	x16,0xfdf61	 x16=0x7df652e4
     211885.000 ns	     21187	800042e8	019b4c33	xor	x24,x22,x25	 x22:0x80041024 x25:0x00000000 x24=0x80041024
     211905.000 ns	     21189	800042ec	a1e6afd3	feq.s	x31,f13,f30	 f13:0x7fc00000 f30:0x7fc00000 x31=0x00000000
     211935.000 ns	     21192	800042f0	e00380d3	fmv.x.w	x1,f7	  f7:0xfffffaf9  x1=0xfffffaf9
     211965.000 ns	     21195	800042f4	210a0153	fsgnj.s	f2,f20,f16	 f20:0x00000000 f16:0xffc00000  f2=0x80000000
     211985.000 ns	     21197	800042f8	004d6f33	or	x30,x26,x4	 x26:0x80040fe6  x4:0x80041327 x30=0x80041fe7
     212005.000 ns	     21199	800042fc	03910f33	mul	x30,x2,x25	  x2:0x80040fe4 x25:0x00000000 x30=0x00000000
     212045.000 ns	     21203	80004300	1026f2d3	fmul.s	f5,f13,f2	 f13:0x7fc00000  f2:0x80000000  f5=0x7fc00000
     212085.000 ns	     21207	80004304	580e0ad3	fsqrt.s	f21,f28	 f28:0x7fc00000 f21=0x7fc00000
     212115.000 ns	     21210	80004308	e00599d3	fclass.s	x19,f11	 f11:0x80000000 x19=0x00000008
     212135.000 ns	     21212	8000430c	01ebd993	srli	x19,x23,0x1e	 x23:0x80041024 x19=0x00000002
     212145.000 ns	     21213	80004310	01bc9c13	slli	x24,x25,0x1b	 x25:0x00000000 x24=0x00000000
     212155.000 ns	     21214	80004314	f27bce97	auipc	x29,0xf27bc	 x29=0x727c0314
     212175.000 ns	     21216	80004318	028c1f33	mulh	x30,x24,x8	 x24:0x80041024  x8:0x9db24130 x30=0x00000000
     212195.000 ns	     21218	8000431c	00000013	addi	x0,x0,0	  x0:0x00000000
     212215.000 ns	     21220	80004320	02a0bd33	mulhu	x26,x1,x10	  x1:0xfffffaf9 x10:0x80040fe6 x26=0x80040d62
     212235.000 ns	     21222	80004324	00c98333	add	x6,x19,x12	 x19:0x00000002 x12:0x93b0d000  x6=0x93b0d002
     212245.000 ns	     21223	80004328	97277f13	andi	x30,x14,-1678	 x14:0x1f350990 x30=0x1f350910
     212255.000 ns	     21224	8000432c	40695493	srai	x9,x18,0x6	 x18:0x00000000  x9=0x00000000
     212265.000 ns	     21225	80004330	418b5193	srai	x3,x22,0x18	 x22:0x80041024  x3=0xffffff80
     212275.000 ns	     21226	80004334	0181e533	or	x10,x3,x24	  x3:0x00000000 x24:0x00000000 x10=0xffffff80
     212295.000 ns	     21228	80004338	206890d3	fsgnjn.s	f1,f17,f6	 f17:0x44f5e000  f6:0x44f5e000  f1=0xc4f5e000
     212325.000 ns	     21231	8000433c	d01cfa53	fcvt.s.wu	f20,x25	 x25:0x00000000 f20=0x00000000
     212345.000 ns	     21233	80004340	0089e1b3	or	x3,x19,x8	 x19:0x00000002  x8:0x9db24130  x3=0x9db24132
     212365.000 ns	     21235	80004344	02360cb3	mul	x25,x12,x3	 x12:0x93b0d000  x3:0xffffff80 x25=0x5d58a000
     212385.000 ns	     21237	80004348	018c1c33	sll	x24,x24,x24	 x24:0x00000000 x24:0x00000000 x24=0x00000000
     212395.000 ns	     21238	8000434c	d8e53813	sltiu	x16,x10,-626	 x10:0xffffff80 x16=0x00000000
     212405.000 ns	     21239	80004350	e5e5e613	ori	x12,x11,-418	 x11:0x80000000 x12=0xfffffe5e
     212415.000 ns	     21240	80004354	3a7b2d13	slti	x26,x22,935	 x22:0x80041024 x26=0x00000001
     212435.000 ns	     21242	80004358	296700d3	fmin.s	f1,f14,f22	 f14:0x80000000 f22:0x00000000  f1=0x80000000
     212465.000 ns	     21245	8000435c	e00e1953	fclass.s	x18,f28	 f28:0x7fc00000 x18=0x00000200
     212485.000 ns	     21247	80004360	be075d17	auipc	x26,0xbe075	 x26=0x3e079360
     212505.000 ns	     21249	80004364	f0038a53	fmv.w.x	f20,x7	  x7:0x9db24130 f20=0x9db24130
     212525.000 ns	     21251	80004368	403e5433	sra	x8,x28,x3	 x28:0x7ffbf1db  x3:0x9db24132  x8=0x00001ffe
     212565.000 ns	     21255	8000436c	011b1f53	fadd.s	f30,f22,f17	 f22:0x00000000 f17:0x44f5e000 f30=0x44f5e000
     212595.000 ns	     21258	80004370	020b4233	div	x4,x22,x0	 x22:0x80041024  x0:0x00000000  x4=0xffffffff
     212615.000 ns	     21260	80004374	419b03b3	sub	x7,x22,x25	 x22:0x80041024 x25:0x5d58a000  x7=0x22ab7024
     212635.000 ns	     21262	80004378	a0630053	fle.s	x0,f6,f6	  f6:0x44f5e000  f6:0x44f5e000
     212655.000 ns	     21264	8000437c	018baa33	slt	x20,x23,x24	 x23:0x80041024 x24:0x00000000 x20=0x00000001
     212665.000 ns	     21265	80004380	bc99e997	auipc	x19,0xbc99e	 x19=0x3c9a2380
     212675.000 ns	     21266	80004384	f6ffb913	sltiu	x18,x31,-145	 x31:0x00000000 x18=0x00000001
     213035.000 ns	     21302	80004388	023d71b3	remu	x3,x26,x3	 x26:0x3e079360  x3:0x9db24132  x3=0x3e079360
     213055.000 ns	     21304	8000438c	04224493	xori	x9,x4,66	  x4:0xffffffff  x9=0xffffffbd
     213075.000 ns	     21306	80004390	02d39633	mulh	x12,x7,x13	  x7:0x22ab7024 x13:0x00000000 x12=0x00000000
     213095.000 ns	     21308	80004394	01959313	slli	x6,x11,0x19	 x11:0x80000000  x6=0x00000000
     213455.000 ns	     21344	80004398	0396e433	rem	x8,x13,x25	 x13:0x00000000 x25:0x5d58a000  x8=0x00000000
     213475.000 ns	     21346	8000439c	a7e23037	lui	x0,0xa7e23	
     213485.000 ns	     21347	800043a0	c7db0c13	addi	x24,x22,-899	 x22:0x80041024 x24=0x80040ca1
     213495.000 ns	     21348	800043a4	404bd913	srai	x18,x23,0x4	 x23:0x80041024 x18=0xf8004102
     213505.000 ns	     21349	800043a8	30cfb393	sltiu	x7,x31,780	 x31:0x00000000  x7=0x00000001
     213515.000 ns	     21350	800043ac	413b5833	sra	x16,x22,x19	 x22:0x80041024 x19:0x3c9a2380 x16=0x80041024
     213875.000 ns	     21386	800043b0	03cff833	remu	x16,x31,x28	 x31:0x00000000 x28:0x7ffbf1db x16=0x00000000
     214245.000 ns	     21423	800043b4	03add2b3	divu	x5,x27,x26	 x27:0x80041024 x26:0x3e079360  x5=0x00000002
     214285.000 ns	     21427	800043b8	11307853	fmul.s	f16,f0,f19	  f0:0x44f5e000 f19:0x80000000 f16=0x80000000
     214315.000 ns	     21430	800043bc	a1fd82d3	fle.s	x5,f27,f31	 f27:0x00000000 f31:0x80000000  x5=0x00000001
     214345.000 ns	     21433	800043c0	21ea86d3	fsgnj.s	f13,f21,f30	 f21:0x7fc00000 f30:0x44f5e000 f13=0x7fc00000
     214365.000 ns	     21435	800043c4	dded9db7	lui	x27,0xdded9	 x27=0xdded9000
     214385.000 ns	     21437	800043c8	020b17b3	mulh	x15,x22,x0	 x22:0x80041024  x0:0x00000000 x15=0x00000000
     214405.000 ns	     21439	800043cc	cf963713	sltiu	x14,x12,-775	 x12:0x00000000 x14=0x00000001
     214415.000 ns	     21440	800043d0	00ff14b3	sll	x9,x30,x15	 x30:0x1f350910 x15:0x00000000  x9=0x1f350910
     214435.000 ns	     21442	800043d4	036c9833	mulh	x16,x25,x22	 x25:0x5d58a000 x22:0x80041024 x16=0xd1552b45
     214465.000 ns	     21445	800043d8	03a42e33	mulhsu	x28,x8,x26	  x8:0x00000000 x26:0x3e079360 x28=0x00000000
     214495.000 ns	     21448	800043dc	029e8433	mul	x8,x29,x9	 x29:0x727c0314  x9:0x1f350910  x8=0x92ffe540
     214515.000 ns	     21450	800043e0	00000013	addi	x0,x0,0	  x0:0x00000000
     214555.000 ns	     21454	800043e4	0095f153	fadd.s	f2,f11,f9	 f11:0x80000000  f9:0x7fc00000  f2=0x7fc00000
     214575.000 ns	     21456	800043e8	41a5de93	srai	x29,x11,0x1a	 x11:0x80000000 x29=0xffffffe0
     214585.000 ns	     21457	800043ec	e3bb2c97	auipc	x25,0xe3bb2	 x25=0x63bb63ec
     214605.000 ns	     21459	800043f0	e0010853	fmv.x.w	x16,f2	  f2:0x7fc00000 x16=0x7fc00000
     214635.000 ns	     21462	800043f4	02779bb3	mulh	x23,x15,x7	 x15:0x00000000  x7:0x00000001 x23=0x00000000
     214655.000 ns	     21464	800043f8	01d21a33	sll	x20,x4,x29	  x4:0xffffffff x29:0xffffffe0 x20=0xffffffff
     214665.000 ns	     21465	800043fc	38f87493	andi	x9,x16,911	 x16:0x7fc00000  x9=0x00000000
     214685.000 ns	     21467	80004400	e00b0dd3	fmv.x.w	x27,f22	 f22:0x00000000 x27=0x00000000
     214715.000 ns	     21470	80004404	a0f2a753	feq.s	x14,f5,f15	  f5:0x7fc00000 f15:0x7fc00000 x14=0x00000000
     214745.000 ns	     21473	80004408	f0090253	fmv.w.x	f4,x18	 x18:0xf8004102  f4=0xf8004102
     214775.000 ns	     21476	8000440c	a1a42853	feq.s	x16,f8,f26	  f8:0x7fc00000 f26:0x80000000 x16=0x00000000
     214805.000 ns	     21479	80004410	212e0953	fsgnj.s	f18,f28,f18	 f28:0x7fc00000 f18:0x7fc00000 f18=0x7fc00000
     214835.000 ns	     21482	80004414	c016a053	fcvt.wu.s	x0,f13	 f13:0x7fc00000
     214855.000 ns	     21484	80004418	00b3c833	xor	x16,x7,x11	  x7:0x00000001 x11:0x80000000 x16=0x80000001
     214875.000 ns	     21486	8000441c	0323bfb3	mulhu	x31,x7,x18	  x7:0x00000001 x18:0xf8004102 x31=0x00000000
     214905.000 ns	     21489	80004420	d01d1dd3	fcvt.s.wu	f27,x26	 x26:0x3e079360 f27=0x4e781e4d
     214925.000 ns	     21491	80004424	56183f13	sltiu	x30,x16,1377	 x16:0x80000001 x30=0x00000000
     214945.000 ns	     21493	80004428	a0c6a8d3	feq.s	x17,f13,f12	 f13:0x7fc00000 f12:0x00000000 x17=0x00000000
     214985.000 ns	     21497	8000442c	19c7f453	fdiv.s	f8,f15,f28	 f15:0x7fc00000 f28:0x7fc00000  f8=0x7fc00000
     215355.000 ns	     21534	80004430	02a9fc33	remu	x24,x19,x10	 x19:0x3c9a2380 x10:0xffffff80 x24=0x3c9a2380
     215375.000 ns	     21536	80004434	41438233	sub	x4,x7,x20	  x7:0x00000001 x20:0xffffffff  x4=0x00000002
     215395.000 ns	     21538	80004438	213a1653	fsgnjn.s	f12,f20,f19	 f20:0x9db24130 f19:0x80000000 f12=0x1db24130
     215425.000 ns	     21541	8000443c	206f17d3	fsgnjn.s	f15,f30,f6	 f30:0x44f5e000  f6:0x44f5e000 f15=0xc4f5e000
     215445.000 ns	     21543	80004440	01aeadb3	slt	x27,x29,x26	 x29:0xffffffe0 x26:0x3e079360 x27=0x00000001
     215465.000 ns	     21545	80004444	03920333	mul	x6,x4,x25	  x4:0x00000002 x25:0x63bb63ec  x6=0xc776c7d8
     215485.000 ns	     21547	80004448	01f91913	slli	x18,x18,0x1f	 x18:0xf8004102 x18=0x00000000
     215495.000 ns	     21548	8000444c	012b5c33	srl	x24,x22,x18	 x22:0x80041024 x18:0xf8004102 x24=0x80041024
     215505.000 ns	     21549	80004450	b4028913	addi	x18,x5,-1216	  x5:0x00000001 x18=0xfffffb41
     215515.000 ns	     21550	80004454	40710c33	sub	x24,x2,x7	  x2:0x80040fe4  x7:0x00000001 x24=0x80040fe3
     215535.000 ns	     21552	80004458	0395a1b3	mulhsu	x3,x11,x25	 x11:0x80000000 x25:0x63bb63ec  x3=0xce224e0a
     215575.000 ns	     21556	8000445c	1857a653	fdiv.s	f12,f15,f5	 f15:0xc4f5e000  f5:0x7fc00000 f12=0x7fc00000
     215595.000 ns	     21558	80004460	009c6fb3	or	x31,x24,x9	 x24:0x80040fe3  x9:0x00000000 x31=0x80040fe3
     215625.000 ns	     21561	80004464	58017253	fsqrt.s	f4,f2	  f2:0x7fc00000  f4=0x7fc00000
     215655.000 ns	     21564	80004468	d0067ad3	fcvt.s.w	f21,x12	 x12:0x00000000 f21=0x00000000
     215675.000 ns	     21566	8000446c	eadfa213	slti	x4,x31,-339	 x31:0x80040fe3  x4=0x00000001
     215695.000 ns	     21568	80004470	03acb2b3	mulhu	x5,x25,x26	 x25:0x63bb63ec x26:0x3e079360  x5=0x182a55bc
     215725.000 ns	     21571	80004474	025f8933	mul	x18,x31,x5	 x31:0x80040fe3  x5:0x00000001 x18=0x3f8009b4
     215745.000 ns	     21573	80004478	016cd8b3	srl	x17,x25,x22	 x25:0x63bb63ec x22:0x80041024 x17=0x063bb63e
     215755.000 ns	     21574	8000447c	0017c433	xor	x8,x15,x1	 x15:0x00000000  x1:0xfffffaf9  x8=0xfffffaf9
     215765.000 ns	     21575	80004480	405f5293	srai	x5,x30,0x5	 x30:0x00000000  x5=0x00000000
     215795.000 ns	     21578	80004484	19077cd3	fdiv.s	f25,f14,f16	 f14:0x80000000 f16:0x80000000 f25=0x7fc00000
     215815.000 ns	     21580	80004488	ab96fd13	andi	x26,x13,-1351	 x13:0x00000000 x26=0x00000000
     215825.000 ns	     21581	8000448c	6a148d93	addi	x27,x9,1697	  x9:0x00000000 x27=0x000006a1
     215845.000 ns	     21583	80004490	03301eb3	mulh	x29,x0,x19	  x0:0x00000000 x19:0x3c9a2380 x29=0x00000000
     215865.000 ns	     21585	80004494	018058b3	srl	x17,x0,x24	  x0:0x00000000 x24:0x80040fe3 x17=0x00000000
     215875.000 ns	     21586	80004498	41d9de93	srai	x29,x19,0x1d	 x19:0x3c9a2380 x29=0x00000001
     215905.000 ns	     21589	8000449c	580ba5d3	fsqrt.s	f11,f23	 f23:0x80000000 f11=0x80000000
     215945.000 ns	     21593	800044a0	580c3f53	fsqrt.s	f30,f24	 f24:0x7fc00000 f30=0x7fc00000
     215975.000 ns	     21596	800044a4	202a91d3	fsgnjn.s	f3,f21,f2	 f21:0x00000000  f2:0x7fc00000  f3=0x80000000
     215995.000 ns	     21598	800044a8	41065a33	sra	x20,x12,x16	 x12:0x00000000 x16:0x80000001 x20=0x00000000
     216025.000 ns	     21601	800044ac	10d27053	fmul.s	f0,f4,f13	  f4:0x7fc00000 f13:0x7fc00000  f0=0x7fc00000
     216075.000 ns	     21606	800044b0	007f7753	fadd.s	f14,f30,f7	 f30:0x7fc00000  f7:0xfffffaf9 f14=0x7fc00000
     216095.000 ns	     21608	800044b4	40fa5513	srai	x10,x20,0xf	 x20:0x00000000 x10=0x00000000
     216135.000 ns	     21612	800044b8	086301d3	fsub.s	f3,f6,f6	  f6:0x44f5e000  f6:0x44f5e000  f3=0x80000000
     216155.000 ns	     21614	800044bc	00ab4e33	xor	x28,x22,x10	 x22:0x80041024 x10:0xffffff80 x28=0x80041024
     216165.000 ns	     21615	800044c0	58dc6c13	ori	x24,x24,1421	 x24:0x80040fe3 x24=0x80040fef
     216185.000 ns	     21617	800044c4	02eaa733	mulhsu	x14,x21,x14	 x21:0x9db24130 x14:0x00000000 x14=0x00000000
     216555.000 ns	     21654	800044c8	03d5cfb3	div	x31,x11,x29	 x11:0x80000000 x29:0x00000001 x31=0x80000000
     216585.000 ns	     21657	800044cc	d0117753	fcvt.s.wu	f14,x2	  x2:0x80040fe4 f14=0x4f00040f
     216615.000 ns	     21660	800044d0	213fa2d3	fsgnjx.s	f5,f31,f19	 f31:0x80000000 f19:0x80000000  f5=0x00000000
     216635.000 ns	     21662	800044d4	00000013	addi	x0,x0,0	  x0:0x00000000
     216645.000 ns	     21663	800044d8	0166d7b3	srl	x15,x13,x22	 x13:0x00000000 x22:0x80041024 x15=0x00000000
     216655.000 ns	     21664	800044dc	40b95c93	srai	x25,x18,0xb	 x18:0x3f8009b4 x25=0x0007f001
     216665.000 ns	     21665	800044e0	674a6ab7	lui	x21,0x674a6	 x21=0x674a6000
     216685.000 ns	     21667	800044e4	e0000553	fmv.x.w	x10,f0	  f0:0x7fc00000 x10=0x7fc00000
     217055.000 ns	     21704	800044e8	022eebb3	rem	x23,x29,x2	 x29:0x00000001  x2:0x80040fe4 x23=0x00000001
     217085.000 ns	     21707	800044ec	0351ac33	mulhsu	x24,x3,x21	  x3:0xce224e0a x21:0x674a6000 x24=0xebe1509d
     217105.000 ns	     21709	800044f0	fd878313	addi	x6,x15,-40	 x15:0x00000000  x6=0xffffffd8
     217115.000 ns	     21710	800044f4	01fdf233	and	x4,x27,x31	 x27:0x000006a1 x31:0x80000000  x4=0x00000000
     217135.000 ns	     21712	800044f8	a1da0dd3	fle.s	x27,f20,f29	 f20:0x9db24130 f29:0x00000001 x27=0x00000001
     217155.000 ns	     21714	800044fc	21702293	slti	x5,x0,535	  x0:0x00000000  x5=0x00000001
     217165.000 ns	     21715	80004500	00c6df93	srli	x31,x13,0xc	 x13:0x00000000 x31=0x00000000
     217175.000 ns	     21716	80004504	01adb8b3	sltu	x17,x27,x26	 x27:0x00000001 x26:0x00000000 x17=0x00000000
     217195.000 ns	     21718	80004508	020b7533	remu	x10,x22,x0	 x22:0x80041024  x0:0x00000000 x10=0x80041024
     217225.000 ns	     21721	8000450c	280e11d3	fmax.s	f3,f28,f0	 f28:0x7fc00000  f0:0x7fc00000  f3=0x7fc00000
     217245.000 ns	     21723	80004510	004c1db3	sll	x27,x24,x4	 x24:0xebe1509d  x4:0x00000000 x27=0xebe1509d
     217265.000 ns	     21725	80004514	03c5bc33	mulhu	x24,x11,x28	 x11:0x80000000 x28:0x80041024 x24=0x40020812
     217285.000 ns	     21727	80004518	009d37b3	sltu	x15,x26,x9	 x26:0x00000000  x9:0x00000000 x15=0x00000000
     217305.000 ns	     21729	8000451c	d00425d3	fcvt.s.w	f11,x8	  x8:0xfffffaf9 f11=0xc4a0e000
     217325.000 ns	     21731	80004520	01133233	sltu	x4,x6,x17	  x6:0xffffffd8 x17:0x00000000  x4=0x00000000
     217345.000 ns	     21733	80004524	e0001ed3	fclass.s	x29,f0	  f0:0x7fc00000 x29=0x00000200
     217385.000 ns	     21737	80004528	186ccbd3	fdiv.s	f23,f25,f6	 f25:0x7fc00000  f6:0x44f5e000 f23=0x7fc00000
     217415.000 ns	     21740	8000452c	d00bfbd3	fcvt.s.w	f23,x23	 x23:0x00000001 f23=0x3f800000
     217435.000 ns	     21742	80004530	00000013	addi	x0,x0,0	  x0:0x00000000
     217455.000 ns	     21744	80004534	02f1e733	rem	x14,x3,x15	  x3:0xce224e0a x15:0x00000000 x14=0xce224e0a
     217475.000 ns	     21746	80004538	a313bf13	sltiu	x30,x7,-1487	  x7:0x00000001 x30=0x00000001
     217485.000 ns	     21747	8000453c	00f19f33	sll	x30,x3,x15	  x3:0xce224e0a x15:0x00000000 x30=0xce224e0a
     217505.000 ns	     21749	80004540	02cc32b3	mulhu	x5,x24,x12	 x24:0x40020812 x12:0x00000000  x5=0x00000000
     217535.000 ns	     21752	80004544	a1ce2a53	feq.s	x20,f28,f28	 f28:0x7fc00000 f28:0x7fc00000 x20=0x00000000
     217555.000 ns	     21754	80004548	9f8c3413	sltiu	x8,x24,-1544	 x24:0x40020812  x8=0x00000001
     217575.000 ns	     21756	8000454c	a0af2dd3	feq.s	x27,f30,f10	 f30:0x7fc00000 f10:0x00000000 x27=0x00000000
     217595.000 ns	     21758	80004550	41970833	sub	x16,x14,x25	 x14:0xce224e0a x25:0x0007f001 x16=0xce1a5e09
     217605.000 ns	     21759	80004554	009fdbb3	srl	x23,x31,x9	 x31:0x00000000  x9:0x00000000 x23=0x00000000
     217615.000 ns	     21760	80004558	40615613	srai	x12,x2,0x6	  x2:0x80040fe4 x12=0xfe00103f
     217635.000 ns	     21762	8000455c	023b2a33	mulhsu	x20,x22,x3	 x22:0x80041024  x3:0xce224e0a x20=0x98f21e83
     217665.000 ns	     21765	80004560	28b780d3	fmin.s	f1,f15,f11	 f15:0xc4f5e000 f11:0xc4a0e000  f1=0xc4f5e000
     217695.000 ns	     21768	80004564	c002f553	fcvt.w.s	x10,f5	  f5:0x00000000 x10=0x00000000
     217725.000 ns	     21771	80004568	f0098253	fmv.w.x	f4,x19	 x19:0x3c9a2380  f4=0x3c9a2380
     217745.000 ns	     21773	8000456c	0004c833	xor	x16,x9,x0	  x9:0x00000000  x0:0x00000000 x16=0x00000000
     217755.000 ns	     21774	80004570	4041d713	srai	x14,x3,0x4	  x3:0xce224e0a x14=0xfce224e0
     217775.000 ns	     21776	80004574	032191b3	mulh	x3,x3,x18	  x3:0xce224e0a x18:0x3f8009b4  x3=0xf3a18077
     217805.000 ns	     21779	80004578	29c40553	fmin.s	f10,f8,f28	  f8:0x7fc00000 f28:0x7fc00000 f10=0x7fc00000
     217825.000 ns	     21781	8000457c	01881d93	slli	x27,x16,0x18	 x16:0x00000000 x27=0x00000000
     217845.000 ns	     21783	80004580	21b20153	fsgnj.s	f2,f4,f27	  f4:0x3c9a2380 f27:0x4e781e4d  f2=0x3c9a2380
     217875.000 ns	     21786	80004584	d0033d53	fcvt.s.w	f26,x6	  x6:0xffffffd8 f26=0xc2200000
     217905.000 ns	     21789	80004588	024289b3	mul	x19,x5,x4	  x5:0x00000000  x4:0x00000000 x19=0x00000000
     217925.000 ns	     21791	8000458c	32e38693	addi	x13,x7,814	  x7:0x00000001 x13=0x0000032f
     217955.000 ns	     21794	80004590	10547c53	fmul.s	f24,f8,f5	  f8:0x7fc00000  f5:0x00000000 f24=0x7fc00000
     217995.000 ns	     21798	80004594	10644953	fmul.s	f18,f8,f6	  f8:0x7fc00000  f6:0x44f5e000 f18=0x7fc00000
     218025.000 ns	     21801	80004598	f00b00d3	fmv.w.x	f1,x22	 x22:0x80041024  f1=0x80041024
     218045.000 ns	     21803	8000459c	034d3393	sltiu	x7,x26,52	 x26:0x00000000  x7=0x00000001
     218065.000 ns	     21805	800045a0	020cb1b3	mulhu	x3,x25,x0	 x25:0x0007f001  x0:0x00000000  x3=0x00000000
     218095.000 ns	     21808	800045a4	e00e0e53	fmv.x.w	x28,f28	 f28:0x7fc00000 x28=0x7fc00000
     218125.000 ns	     21811	800045a8	03f4a433	mulhsu	x8,x9,x31	  x9:0x00000000 x31:0x00000000  x8=0x00000000
     218145.000 ns	     21813	800045ac	409006b3	sub	x13,x0,x9	  x0:0x00000000  x9:0x00000000 x13=0x00000000
     218165.000 ns	     21815	800045b0	f0038dd3	fmv.w.x	f27,x7	  x7:0x00000001 f27=0x00000001
     218185.000 ns	     21817	800045b4	0028d313	srli	x6,x17,0x2	 x17:0x00000000  x6=0x00000000
     218205.000 ns	     21819	800045b8	e0031dd3	fclass.s	x27,f6	  f6:0x44f5e000 x27=0x00000040
     218575.000 ns	     21856	800045bc	021bd1b3	divu	x3,x23,x1	 x23:0x00000000  x1:0xfffffaf9  x3=0x00000000
     218595.000 ns	     21858	800045c0	8a703a13	sltiu	x20,x0,-1881	  x0:0x00000000 x20=0x00000001
     218615.000 ns	     21860	800045c4	0392bab3	mulhu	x21,x5,x25	  x5:0x00000000 x25:0x0007f001 x21=0x00000000
     218645.000 ns	     21863	800045c8	21d326d3	fsgnjx.s	f13,f6,f29	  f6:0x44f5e000 f29:0x00000001 f13=0x44f5e000
     218665.000 ns	     21865	800045cc	00fab4b3	sltu	x9,x21,x15	 x21:0x00000000 x15:0x00000000  x9=0x00000000
     218675.000 ns	     21866	800045d0	c1748217	auipc	x4,0xc1748	  x4=0x4174c5d0
     218695.000 ns	     21868	800045d4	c01376d3	fcvt.wu.s	x13,f6	  f6:0x44f5e000 x13=0x000007af
     218715.000 ns	     21870	800045d8	00263f33	sltu	x30,x12,x2	 x12:0xfe00103f  x2:0x80040fe4 x30=0x00000000
     218725.000 ns	     21871	800045dc	00d9fab3	and	x21,x19,x13	 x19:0x00000000 x13:0x000007af x21=0x00000000
     218745.000 ns	     21873	800045e0	037a2733	mulhsu	x14,x20,x23	 x20:0x00000001 x23:0x00000000 x14=0x00000000
     218765.000 ns	     21875	800045e4	0187be33	sltu	x28,x15,x24	 x15:0x00000000 x24:0x40020812 x28=0x00000001
     218785.000 ns	     21877	800045e8	d0180b53	fcvt.s.wu	f22,x16	 x16:0x00000000 f22=0x00000000
     218815.000 ns	     21880	800045ec	c00b78d3	fcvt.w.s	x17,f22	 f22:0x00000000 x17=0x00000000
     218845.000 ns	     21883	800045f0	28391fd3	fmax.s	f31,f18,f3	 f18:0x7fc00000  f3:0x7fc00000 f31=0x7fc00000
     218885.000 ns	     21887	800045f4	183bbad3	fdiv.s	f21,f23,f3	 f23:0x3f800000  f3:0x7fc00000 f21=0x7fc00000
     218905.000 ns	     21889	800045f8	01da8633	add	x12,x21,x29	 x21:0x00000000 x29:0x00000200 x12=0x00000200
     218915.000 ns	     21890	800045fc	00000013	addi	x0,x0,0	  x0:0x00000000
     218925.000 ns	     21891	80004600	e6e0aa13	slti	x20,x1,-402	  x1:0xfffffaf9 x20=0x00000001
     218945.000 ns	     21893	80004604	e00e9c53	fclass.s	x24,f29	 f29:0x00000001 x24=0x00000020
     218965.000 ns	     21895	80004608	01f76033	or	x0,x14,x31	 x14:0x00000000 x31:0x00000000
     218985.000 ns	     21897	8000460c	209f0bd3	fsgnj.s	f23,f30,f9	 f30:0x7fc00000  f9:0x7fc00000 f23=0x7fc00000
     219015.000 ns	     21900	80004610	284f07d3	fmin.s	f15,f30,f4	 f30:0x7fc00000  f4:0x3c9a2380 f15=0x3c9a2380
     219055.000 ns	     21904	80004614	10737e53	fmul.s	f28,f6,f7	  f6:0x44f5e000  f7:0xfffffaf9 f28=0x7fc00000
     219085.000 ns	     21907	80004618	021604b3	mul	x9,x12,x1	 x12:0x00000200  x1:0xfffffaf9  x9=0xfff5f200
     219115.000 ns	     21910	8000461c	c01df2d3	fcvt.wu.s	x5,f27	 f27:0x00000001  x5=0x00000000
     219135.000 ns	     21912	80004620	76713313	sltiu	x6,x2,1895	  x2:0x80040fe4  x6=0x00000000
     219145.000 ns	     21913	80004624	a54cc813	xori	x16,x25,-1452	 x25:0x0007f001 x16=0xfff80a55
     219165.000 ns	     21915	80004628	29da0ed3	fmin.s	f29,f20,f29	 f20:0x9db24130 f29:0x00000001 f29=0x9db24130
     219195.000 ns	     21918	8000462c	a1c49853	flt.s	x16,f9,f28	  f9:0x7fc00000 f28:0x7fc00000 x16=0x00000000
     219215.000 ns	     21920	80004630	00e6d733	srl	x14,x13,x14	 x13:0x000007af x14:0x00000000 x14=0x000007af
     219235.000 ns	     21922	80004634	e00987d3	fmv.x.w	x15,f19	 f19:0x80000000 x15=0x80000000
     219265.000 ns	     21925	80004638	21111753	fsgnjn.s	f14,f2,f17	  f2:0x3c9a2380 f17:0x44f5e000 f14=0xbc9a2380
     219285.000 ns	     21927	8000463c	7f7ffd13	andi	x26,x31,2039	 x31:0x00000000 x26=0x00000000
     219295.000 ns	     21928	80004640	0047d613	srli	x12,x15,0x4	 x15:0x80000000 x12=0x08000000
     219305.000 ns	     21929	80004644	41728233	sub	x4,x5,x23	  x5:0x00000000 x23:0x00000000  x4=0x00000000
     219325.000 ns	     21931	80004648	a1ed2453	feq.s	x8,f26,f30	 f26:0xc2200000 f30:0x7fc00000  x8=0x00000000
     219355.000 ns	     21934	8000464c	d01df853	fcvt.s.wu	f16,x27	 x27:0x00000040 f16=0x42800000
     219375.000 ns	     21936	80004650	01660cb3	add	x25,x12,x22	 x12:0x08000000 x22:0x80041024 x25=0x88041024
     219395.000 ns	     21938	80004654	c019f7d3	fcvt.wu.s	x15,f19	 f19:0x80000000 x15=0x00000000
     219415.000 ns	     21940	80004658	01308533	add	x10,x1,x19	  x1:0xfffffaf9 x19:0x00000000 x10=0xfffffaf9
     219455.000 ns	     21944	8000465c	01344853	fadd.s	f16,f8,f19	  f8:0x7fc00000 f19:0x80000000 f16=0x7fc00000
     219795.000 ns	     21978	80004660	194efd53	fdiv.s	f26,f29,f20	 f29:0x9db24130 f20:0x9db24130 f26=0x3f7ba754
     219825.000 ns	     21981	80004664	03afdbb3	divu	x23,x31,x26	 x31:0x00000000 x26:0x00000000 x23=0xffffffff
     220195.000 ns	     22018	80004668	02bc7cb3	remu	x25,x24,x11	 x24:0x00000020 x11:0x80000000 x25=0x00000020
     220225.000 ns	     22021	8000466c	e0068e53	fmv.x.w	x28,f13	 f13:0x44f5e000 x28=0x44f5e000
     220255.000 ns	     22024	80004670	a01006d3	fle.s	x13,f0,f1	  f0:0x7fc00000  f1:0x80041024 x13=0x00000000
     220285.000 ns	     22027	80004674	d009bed3	fcvt.s.w	f29,x19	 x19:0x00000000 f29=0x00000000
     220315.000 ns	     22030	80004678	02640a33	mul	x20,x8,x6	  x8:0x00000000  x6:0x00000000 x20=0x00000000
     220335.000 ns	     22032	8000467c	012a9213	slli	x4,x21,0x12	 x21:0x00000000  x4=0x00000000
     220355.000 ns	     22034	80004680	21ca25d3	fsgnjx.s	f11,f20,f28	 f20:0x9db24130 f28:0x7fc00000 f11=0x9db24130
     220395.000 ns	     22038	80004684	192c8e53	fdiv.s	f28,f25,f18	 f25:0x7fc00000 f18:0x7fc00000 f28=0x7fc00000
     220415.000 ns	     22040	80004688	00b6f6b3	and	x13,x13,x11	 x13:0x00000000 x11:0x80000000 x13=0x00000000
     220435.000 ns	     22042	8000468c	a0839ad3	flt.s	x21,f7,f8	  f7:0xfffffaf9  f8:0x7fc00000 x21=0x00000000
     220455.000 ns	     22044	80004690	41bf8cb3	sub	x25,x31,x27	 x31:0x00000000 x27:0x00000040 x25=0xffffffc0
     220465.000 ns	     22045	80004694	0006d0b3	srl	x1,x13,x0	 x13:0x00000000  x0:0x00000000  x1=0x00000000
     220485.000 ns	     22047	80004698	a1f80553	fle.s	x10,f16,f31	 f16:0x7fc00000 f31:0x7fc00000 x10=0x00000000
     220505.000 ns	     22049	8000469c	01c54ab3	xor	x21,x10,x28	 x10:0xfffffaf9 x28:0x44f5e000 x21=0x44f5e000
     220515.000 ns	     22050	800046a0	00ef9933	sll	x18,x31,x14	 x31:0x00000000 x14:0x000007af x18=0x00000000
     220535.000 ns	     22052	800046a4	28c38ed3	fmin.s	f29,f7,f12	  f7:0xfffffaf9 f12:0x7fc00000 f29=0x7fc00000
     220555.000 ns	     22054	800046a8	410857b3	sra	x15,x16,x16	 x16:0x00000000 x16:0x00000000 x15=0x00000000
     220575.000 ns	     22056	800046ac	a083a2d3	feq.s	x5,f7,f8	  f7:0xfffffaf9  f8:0x7fc00000  x5=0x00000000
     220595.000 ns	     22058	800046b0	01692c33	slt	x24,x18,x22	 x18:0x00000000 x22:0x80041024 x24=0x00000000
     220605.000 ns	     22059	800046b4	00000013	addi	x0,x0,0	  x0:0x00000000
     220625.000 ns	     22061	800046b8	e0059453	fclass.s	x8,f11	 f11:0x9db24130  x8=0x00000002
     220665.000 ns	     22065	800046bc	10187f53	fmul.s	f30,f16,f1	 f16:0x7fc00000  f1:0x80041024 f30=0x7fc00000
     220685.000 ns	     22067	800046c0	01254333	xor	x6,x10,x18	 x10:0x00000000 x18:0x00000000  x6=0x00000000
     220705.000 ns	     22069	800046c4	e00d9dd3	fclass.s	x27,f27	 f27:0x00000001 x27=0x00000020
     220725.000 ns	     22071	800046c8	0023c6b3	xor	x13,x7,x2	  x7:0x00000001  x2:0x80040fe4 x13=0x80040fe5
     220745.000 ns	     22073	800046cc	e00517d3	fclass.s	x15,f10	 f10:0x7fc00000 x15=0x00000200
     220765.000 ns	     22075	800046d0	86726a93	ori	x21,x4,-1945	  x4:0x00000000 x21=0xfffff867
     220785.000 ns	     22077	800046d4	20c123d3	fsgnjx.s	f7,f2,f12	  f2:0x3c9a2380 f12:0x7fc00000  f7=0x3c9a2380
     220805.000 ns	     22079	800046d8	40815c13	srai	x24,x2,0x8	  x2:0x80040fe4 x24=0xff80040f
     220825.000 ns	     22081	800046dc	28e30ed3	fmin.s	f29,f6,f14	  f6:0x44f5e000 f14:0xbc9a2380 f29=0xbc9a2380
     221195.000 ns	     22118	800046e0	035c7633	remu	x12,x24,x21	 x24:0x00000000 x21:0xfffff867 x12=0xff80040f
     221225.000 ns	     22121	800046e4	0224b933	mulhu	x18,x9,x2	  x9:0xfff5f200  x2:0x80040fe4 x18=0x7fff08bb
     221265.000 ns	     22125	800046e8	18a475d3	fdiv.s	f11,f8,f10	  f8:0x7fc00000 f10:0x7fc00000 f11=0x7fc00000
     221295.000 ns	     22128	800046ec	d00a44d3	fcvt.s.w	f9,x20	 x20:0x00000000  f9=0x00000000
     221315.000 ns	     22130	800046f0	00717533	and	x10,x2,x7	  x2:0x80040fe4  x7:0x00000001 x10=0x00000000
     221335.000 ns	     22132	800046f4	03a86bb3	rem	x23,x16,x26	 x16:0x00000000 x26:0x00000000 x23=0x00000000
     221355.000 ns	     22134	800046f8	5d076213	ori	x4,x14,1488	 x14:0x000007af  x4=0x000007ff
     221395.000 ns	     22138	800046fc	01af7c53	fadd.s	f24,f30,f26	 f30:0x7fc00000 f26:0x3f7ba754 f24=0x7fc00000
     221445.000 ns	     22143	80004700	01b24fd3	fadd.s	f31,f4,f27	  f4:0x3c9a2380 f27:0x00000001 f31=0x3c9a2380
     221475.000 ns	     22146	80004704	03518cb3	mul	x25,x3,x21	  x3:0x00000000 x21:0xfffff867 x25=0x00000000
     221495.000 ns	     22148	80004708	3d106093	ori	x1,x0,977	  x0:0x00000000  x1=0x000003d1
     221505.000 ns	     22149	8000470c	01915d93	srli	x27,x2,0x19	  x2:0x80040fe4 x27=0x00000040
     221515.000 ns	     22150	80004710	014a0f33	add	x30,x20,x20	 x20:0x00000000 x20:0x00000000 x30=0x00000000
     221535.000 ns	     22152	80004714	a0f322d3	feq.s	x5,f6,f15	  f6:0x44f5e000 f15:0x3c9a2380  x5=0x00000000
     221555.000 ns	     22154	80004718	148190b7	lui	x1,0x14819	  x1=0x14819000
     221565.000 ns	     22155	8000471c	40dd8ab3	sub	x21,x27,x13	 x27:0x00000040 x13:0x80040fe5 x21=0x7ffbf05b
     221575.000 ns	     22156	80004720	01308ab3	add	x21,x1,x19	  x1:0x000003d1 x19:0x00000000 x21=0x14819000
     221585.000 ns	     22157	80004724	a0ff2617	auipc	x12,0xa0ff2	 x12=0x20ff6724
     221605.000 ns	     22159	80004728	a06403d3	fle.s	x7,f8,f6	  f8:0x7fc00000  f6:0x44f5e000  x7=0x00000000
     221625.000 ns	     22161	8000472c	01341393	slli	x7,x8,0x13	  x8:0x00000002  x7=0x00100000
     221645.000 ns	     22163	80004730	03143733	mulhu	x14,x8,x17	  x8:0x00000002 x17:0x00000000 x14=0x00000000
     221675.000 ns	     22166	80004734	286e00d3	fmin.s	f1,f28,f6	 f28:0x7fc00000  f6:0x44f5e000  f1=0x44f5e000
     221695.000 ns	     22168	80004738	58b7b693	sltiu	x13,x15,1419	 x15:0x00000200 x13=0x00000001
     221705.000 ns	     22169	8000473c	41e85f33	sra	x30,x16,x30	 x16:0x00000000 x30:0x00000000 x30=0x00000000
     221725.000 ns	     22171	80004740	200e1ed3	fsgnjn.s	f29,f28,f0	 f28:0x7fc00000  f0:0x7fc00000 f29=0xffc00000
     221755.000 ns	     22174	80004744	c00ab753	fcvt.w.s	x14,f21	 f21:0x7fc00000 x14=0x7fffffff
     221775.000 ns	     22176	80004748	00000013	addi	x0,x0,0	  x0:0x00000000
     221785.000 ns	     22177	8000474c	cb6cab93	slti	x23,x25,-842	 x25:0x00000000 x23=0x00000000
     221795.000 ns	     22178	80004750	01d0b833	sltu	x16,x1,x29	  x1:0x14819000 x29:0x00000200 x16=0x00000000
     221805.000 ns	     22179	80004754	cd94a093	slti	x1,x9,-807	  x9:0xfff5f200  x1=0x00000001
     221825.000 ns	     22181	80004758	e0038453	fmv.x.w	x8,f7	  f7:0x3c9a2380  x8=0x3c9a2380
     221845.000 ns	     22183	8000475c	5c543a97	auipc	x21,0x5c543	 x21=0xdc54775c
     221865.000 ns	     22185	80004760	c00984d3	fcvt.w.s	x9,f19	 f19:0x80000000  x9=0x00000000
     222235.000 ns	     22222	80004764	02136c33	rem	x24,x6,x1	  x6:0x00000000  x1:0x00000001 x24=0x00000000
     222255.000 ns	     22224	80004768	0143f1b3	and	x3,x7,x20	  x7:0x00100000 x20:0x00000000  x3=0x00000000
     222275.000 ns	     22226	8000476c	282e9153	fmax.s	f2,f29,f2	 f29:0xffc00000  f2:0x3c9a2380  f2=0x3c9a2380
     222645.000 ns	     22263	80004770	021a68b3	rem	x17,x20,x1	 x20:0x00000000  x1:0x00000001 x17=0x00000000
     222675.000 ns	     22266	80004774	0388f633	remu	x12,x17,x24	 x17:0x00000000 x24:0x00000000 x12=0x00000000
     222705.000 ns	     22269	80004778	03a70bb3	mul	x23,x14,x26	 x14:0x7fffffff x26:0x00000000 x23=0x00000000
     222735.000 ns	     22272	8000477c	c0058a53	fcvt.w.s	x20,f11	 f11:0x7fc00000 x20=0x7fffffff
     222785.000 ns	     22277	80004780	0921fad3	fsub.s	f21,f3,f18	  f3:0x7fc00000 f18:0x7fc00000 f21=0x7fc00000
     222805.000 ns	     22279	80004784	00fd9a13	slli	x20,x27,0xf	 x27:0x00000040 x20=0x00200000
     223165.000 ns	     22315	80004788	027cdf33	divu	x30,x25,x7	 x25:0x00000000  x7:0x00100000 x30=0x00000000
     223185.000 ns	     22317	8000478c	01ebfe33	and	x28,x23,x30	 x23:0x00000000 x30:0x00000000 x28=0x00000000
     223205.000 ns	     22319	80004790	28d31453	fmax.s	f8,f6,f13	  f6:0x44f5e000 f13:0x44f5e000  f8=0x44f5e000
     223235.000 ns	     22322	80004794	e00b1cd3	fclass.s	x25,f22	 f22:0x00000000 x25=0x00000010
     223265.000 ns	     22325	80004798	c00379d3	fcvt.w.s	x19,f6	  f6:0x44f5e000 x19=0x000007af
     223285.000 ns	     22327	8000479c	f84b0d13	addi	x26,x22,-124	 x22:0x80041024 x26=0x80040fa8
     223305.000 ns	     22329	800047a0	e0098d53	fmv.x.w	x26,f19	 f19:0x80000000 x26=0x80000000
     223335.000 ns	     22332	800047a4	207e1f53	fsgnjn.s	f30,f28,f7	 f28:0x7fc00000  f7:0x3c9a2380 f30=0xffc00000
     223365.000 ns	     22335	800047a8	215813d3	fsgnjn.s	f7,f16,f21	 f16:0x7fc00000 f21:0x7fc00000  f7=0xffc00000
     223395.000 ns	     22338	800047ac	0388d233	divu	x4,x17,x24	 x17:0x00000000 x24:0x00000000  x4=0xffffffff
     223445.000 ns	     22343	800047b0	01fdfcd3	fadd.s	f25,f27,f31	 f27:0x00000001 f31:0x3c9a2380 f25=0x3c9a2380
     223465.000 ns	     22345	800047b4	401b5c93	srai	x25,x22,0x1	 x22:0x80041024 x25=0xc0020812
     223485.000 ns	     22347	800047b8	e00f89d3	fmv.x.w	x19,f31	 f31:0x3c9a2380 x19=0x3c9a2380
     223525.000 ns	     22351	800047bc	1193f153	fmul.s	f2,f7,f25	  f7:0xffc00000 f25:0x3c9a2380  f2=0x7fc00000
     223545.000 ns	     22353	800047c0	01385833	srl	x16,x16,x19	 x16:0x00000000 x19:0x3c9a2380 x16=0x00000000
     223555.000 ns	     22354	800047c4	25f60c37	lui	x24,0x25f60	 x24=0x25f60000
     223565.000 ns	     22355	800047c8	c3e30393	addi	x7,x6,-962	  x6:0x00000000  x7=0xfffffc3e
     223585.000 ns	     22357	800047cc	02c0cfb3	div	x31,x1,x12	  x1:0x00000001 x12:0x00000000 x31=0xffffffff
     223925.000 ns	     22391	800047d0	18e270d3	fdiv.s	f1,f4,f14	  f4:0x3c9a2380 f14:0xbc9a2380  f1=0xbf6ec326
     223955.000 ns	     22394	800047d4	03a63933	mulhu	x18,x12,x26	 x12:0x00000000 x26:0x80000000 x18=0x00000000
     223985.000 ns	     22397	800047d8	031c5033	divu	x0,x24,x17	 x24:0x25f60000 x17:0x00000000
     224025.000 ns	     22401	800047dc	107110d3	fmul.s	f1,f2,f7	  f2:0x7fc00000  f7:0xffc00000  f1=0x7fc00000
     224055.000 ns	     22404	800047e0	03174733	div	x14,x14,x17	 x14:0x7fffffff x17:0x00000000 x14=0xffffffff
     224075.000 ns	     22406	800047e4	00000013	addi	x0,x0,0	  x0:0x00000000
     224085.000 ns	     22407	800047e8	016a8f33	add	x30,x21,x22	 x21:0xdc54775c x22:0x80041024 x30=0x5c588780
     224105.000 ns	     22409	800047ec	c0090c53	fcvt.w.s	x24,f18	 f18:0x7fc00000 x24=0x7fffffff
     224135.000 ns	     22412	800047f0	d0137fd3	fcvt.s.wu	f31,x6	  x6:0x00000000 f31=0x00000000
     224155.000 ns	     22414	800047f4	0c950f13	addi	x30,x10,201	 x10:0x00000000 x30=0x000000c9
     224165.000 ns	     22415	800047f8	f0565f97	auipc	x31,0xf0565	 x31=0x705697f8
     224205.000 ns	     22419	800047fc	09c49753	fsub.s	f14,f9,f28	  f9:0x00000000 f28:0x7fc00000 f14=0x7fc00000
     224235.000 ns	     22422	80004800	a1a789d3	fle.s	x19,f15,f26	 f15:0x3c9a2380 f26:0x3f7ba754 x19=0x00000001
     224255.000 ns	     22424	80004804	58a17413	andi	x8,x2,1418	  x2:0x80040fe4  x8=0x00000580
     224265.000 ns	     22425	80004808	012d5333	srl	x6,x26,x18	 x26:0x80000000 x18:0x00000000  x6=0x80000000
     224285.000 ns	     22427	8000480c	21a98253	fsgnj.s	f4,f19,f26	 f19:0x80000000 f26:0x3f7ba754  f4=0x00000000
     224305.000 ns	     22429	80004810	1f8cbe13	sltiu	x28,x25,504	 x25:0xc0020812 x28=0x00000000
     224315.000 ns	     22430	80004814	40640e33	sub	x28,x8,x6	  x8:0x00000580  x6:0x80000000 x28=0x80000580
     224325.000 ns	     22431	80004818	004e9e33	sll	x28,x29,x4	 x29:0x00000200  x4:0xffffffff x28=0x00000000
     224345.000 ns	     22433	8000481c	c01c2dd3	fcvt.wu.s	x27,f24	 f24:0x7fc00000 x27=0xffffffff
     224715.000 ns	     22470	80004820	03645eb3	divu	x29,x8,x22	  x8:0x00000580 x22:0x80041024 x29=0x00000000
     225085.000 ns	     22507	80004824	03ebceb3	div	x29,x23,x30	 x23:0x00000000 x30:0x000000c9 x29=0x00000000
     225105.000 ns	     22509	80004828	00829f13	slli	x30,x5,0x8	  x5:0x00000000 x30=0x00000000
     225115.000 ns	     22510	8000482c	00495d93	srli	x27,x18,0x4	 x18:0x00000000 x27=0x00000000
     225145.000 ns	     22513	80004830	10c60253	fmul.s	f4,f12,f12	 f12:0x7fc00000 f12:0x7fc00000  f4=0x7fc00000
     225165.000 ns	     22515	80004834	00a066b3	or	x13,x0,x10	  x0:0x00000000 x10:0x00000000 x13=0x00000000
     225175.000 ns	     22516	80004838	00000013	addi	x0,x0,0	  x0:0x00000000
     225195.000 ns	     22518	8000483c	296e1853	fmax.s	f16,f28,f22	 f28:0x7fc00000 f22:0x00000000 f16=0x00000000
     225225.000 ns	     22521	80004840	a02808d3	fle.s	x17,f16,f2	 f16:0x7fc00000  f2:0x7fc00000 x17=0x00000000
     225255.000 ns	     22524	80004844	a0bb20d3	feq.s	x1,f22,f11	 f22:0x00000000 f11:0x7fc00000  x1=0x00000000
     225285.000 ns	     22527	80004848	21428f53	fsgnj.s	f30,f5,f20	  f5:0x00000000 f20:0x9db24130 f30=0x80000000
     225325.000 ns	     22531	8000484c	104acb53	fmul.s	f22,f21,f4	 f21:0x7fc00000  f4:0x7fc00000 f22=0x7fc00000
     225345.000 ns	     22533	80004850	00d11e93	slli	x29,x2,0xd	  x2:0x80040fe4 x29=0x81fc8000
     225365.000 ns	     22535	80004854	d0177ed3	fcvt.s.wu	f29,x14	 x14:0xffffffff f29=0x4f7fffff
     225415.000 ns	     22540	80004858	0050f353	fadd.s	f6,f1,f5	  f1:0x7fc00000  f5:0x00000000  f6=0x7fc00000
     225785.000 ns	     22577	8000485c	03f3c633	div	x12,x7,x31	  x7:0xfffffc3e x31:0x705697f8 x12=0x00000000
     225815.000 ns	     22580	80004860	03f32433	mulhsu	x8,x6,x31	  x6:0x80000000 x31:0x705697f8  x8=0xc7d4b404
     225835.000 ns	     22582	80004864	00cbcd33	xor	x26,x23,x12	 x23:0x00000000 x12:0x00000000 x26=0x00000000
     225845.000 ns	     22583	80004868	40c502b3	sub	x5,x10,x12	 x10:0x00000000 x12:0x00000000  x5=0x00000000
     225855.000 ns	     22584	8000486c	012cceb3	xor	x29,x25,x18	 x25:0xc0020812 x18:0x00000000 x29=0xc0020812
     225865.000 ns	     22585	80004870	01ed7c33	and	x24,x26,x30	 x26:0x00000000 x30:0x00000000 x24=0x00000000
     225895.000 ns	     22588	80004874	19cd7253	fdiv.s	f4,f26,f28	 f26:0x3f7ba754 f28:0x7fc00000  f4=0x7fc00000
     225925.000 ns	     22591	80004878	d0021e53	fcvt.s.w	f28,x4	  x4:0xffffffff f28=0xbf800000
     225955.000 ns	     22594	8000487c	02de07b3	mul	x15,x28,x13	 x28:0x00000000 x13:0x00000000 x15=0x00000000
     225995.000 ns	     22598	80004880	58072fd3	fsqrt.s	f31,f14	 f14:0x7fc00000 f31=0x7fc00000
     226015.000 ns	     22600	80004884	a1c9c313	xori	x6,x19,-1508	 x19:0x00000001  x6=0xfffffa1d
     226035.000 ns	     22602	80004888	d01df7d3	fcvt.s.wu	f15,x27	 x27:0x00000000 f15=0x00000000
     226055.000 ns	     22604	8000488c	4073dd93	srai	x27,x7,0x7	  x7:0xfffffc3e x27=0xfffffff8
     226065.000 ns	     22605	80004890	90ee4f13	xori	x30,x28,-1778	 x28:0x00000000 x30=0xfffff90e
     226075.000 ns	     22606	80004894	42d97a93	andi	x21,x18,1069	 x18:0x00000000 x21=0x00000000
     226085.000 ns	     22607	80004898	003a1e13	slli	x28,x20,0x3	 x20:0x00200000 x28=0x01000000
     226095.000 ns	     22608	8000489c	41c75213	srai	x4,x14,0x1c	 x14:0xffffffff  x4=0xffffffff
     226115.000 ns	     22610	800048a0	c0121fd3	fcvt.wu.s	x31,f4	  f4:0x7fc00000 x31=0xffffffff
     226135.000 ns	     22612	800048a4	41db5e13	srai	x28,x22,0x1d	 x22:0x80041024 x28=0xfffffffc
     226145.000 ns	     22613	800048a8	3d106c13	ori	x24,x0,977	  x0:0x00000000 x24=0x000003d1
     226155.000 ns	     22614	800048ac	77114f13	xori	x30,x2,1905	  x2:0x80040fe4 x30=0x80040895
     226165.000 ns	     22615	800048b0	be7ff213	andi	x4,x31,-1049	 x31:0xffffffff  x4=0xfffffbe7
     226175.000 ns	     22616	800048b4	76cf9e17	auipc	x28,0x76cf9	 x28=0xf6cfd8b4
     226195.000 ns	     22618	800048b8	d01aafd3	fcvt.s.wu	f31,x21	 x21:0x00000000 f31=0x00000000
     226225.000 ns	     22621	800048bc	02f39eb3	mulh	x29,x7,x15	  x7:0xfffffc3e x15:0x00000000 x29=0x00000000
     226255.000 ns	     22624	800048c0	a04d9653	flt.s	x12,f27,f4	 f27:0x00000001  f4:0x7fc00000 x12=0x00000000
     226625.000 ns	     22661	800048c4	03e5c2b3	div	x5,x11,x30	 x11:0x80000000 x30:0x80040895  x5=0x00000001
     226655.000 ns	     22664	800048c8	03970eb3	mul	x29,x14,x25	 x14:0xffffffff x25:0xc0020812 x29=0x3ffdf7ee
     226695.000 ns	     22668	800048cc	18f6f4d3	fdiv.s	f9,f13,f15	 f13:0x44f5e000 f15:0x00000000  f9=0x7f800000
     226725.000 ns	     22671	800048d0	a1f4a4d3	feq.s	x9,f9,f31	  f9:0x00000000 f31:0x00000000  x9=0x00000000
     226775.000 ns	     22676	800048d4	011374d3	fadd.s	f9,f6,f17	  f6:0x7fc00000 f17:0x44f5e000  f9=0x7fc00000
     226815.000 ns	     22680	800048d8	58037353	fsqrt.s	f6,f6	  f6:0x7fc00000  f6=0x7fc00000
     226845.000 ns	     22683	800048dc	a1ef11d3	flt.s	x3,f30,f30	 f30:0x80000000 f30:0x80000000  x3=0x00000000
     226895.000 ns	     22688	800048e0	09bf7953	fsub.s	f18,f30,f27	 f30:0x80000000 f27:0x00000001 f18=0x80000001
     226945.000 ns	     22693	800048e4	00917a53	fadd.s	f20,f2,f9	  f2:0x7fc00000  f9:0x7fc00000 f20=0x7fc00000
     226965.000 ns	     22695	800048e8	0a963e97	auipc	x29,0xa963	 x29=0x8a9678e8
     226975.000 ns	     22696	800048ec	0145a933	slt	x18,x11,x20	 x11:0x80000000 x20:0x00200000 x18=0x00000001
     226995.000 ns	     22698	800048f0	a0dca3d3	feq.s	x7,f25,f13	 f25:0x3c9a2380 f13:0x44f5e000  x7=0x00000000
     227015.000 ns	     22700	800048f4	41f82693	slti	x13,x16,1055	 x16:0x00000000 x13=0x00000001
     227025.000 ns	     22701	800048f8	41b98fb3	sub	x31,x19,x27	 x19:0x00000001 x27:0xfffffff8 x31=0x00000009
     227045.000 ns	     22703	800048fc	21579253	fsgnjn.s	f4,f15,f21	 f15:0x00000000 f21:0x7fc00000  f4=0x80000000
     227075.000 ns	     22706	80004900	28c19ed3	fmax.s	f29,f3,f12	  f3:0x7fc00000 f12:0x7fc00000 f29=0x7fc00000
     227105.000 ns	     22709	80004904	0378aeb3	mulhsu	x29,x17,x23	 x17:0x00000000 x23:0x00000000 x29=0x00000000
     227135.000 ns	     22712	80004908	20288553	fsgnj.s	f10,f17,f2	 f17:0x44f5e000  f2:0x7fc00000 f10=0x44f5e000
     227165.000 ns	     22715	8000490c	29939ed3	fmax.s	f29,f7,f25	  f7:0xffc00000 f25:0x3c9a2380 f29=0x3c9a2380
     227195.000 ns	     22718	80004910	a1e89653	flt.s	x12,f17,f30	 f17:0x44f5e000 f30:0x80000000 x12=0x00000000
     227225.000 ns	     22721	80004914	298c0ad3	fmin.s	f21,f24,f24	 f24:0x7fc00000 f24:0x7fc00000 f21=0x7fc00000
     227245.000 ns	     22723	80004918	92fc0c37	lui	x24,0x92fc0	 x24=0x92fc0000
     227265.000 ns	     22725	8000491c	c013f853	fcvt.wu.s	x16,f7	  f7:0xffc00000 x16=0xffffffff
     227305.000 ns	     22729	80004920	18048653	fdiv.s	f12,f9,f0	  f9:0x7fc00000  f0:0x7fc00000 f12=0x7fc00000
     227325.000 ns	     22731	80004924	00000013	addi	x0,x0,0	  x0:0x00000000
     227355.000 ns	     22734	80004928	18453c53	fdiv.s	f24,f10,f4	 f10:0x44f5e000  f4:0x80000000 f24=0xff800000
     227405.000 ns	     22739	8000492c	08ef7ad3	fsub.s	f21,f30,f14	 f30:0x80000000 f14:0x7fc00000 f21=0x7fc00000
     227455.000 ns	     22744	80004930	08367dd3	fsub.s	f27,f12,f3	 f12:0x7fc00000  f3:0x7fc00000 f27=0x7fc00000
     227485.000 ns	     22747	80004934	280b98d3	fmax.s	f17,f23,f0	 f23:0x7fc00000  f0:0x7fc00000 f17=0x7fc00000
     227505.000 ns	     22749	80004938	f3008893	addi	x17,x1,-208	  x1:0x00000000 x17=0xffffff30
     227545.000 ns	     22753	8000493c	00b711d3	fadd.s	f3,f14,f11	 f14:0x7fc00000 f11:0x7fc00000  f3=0x7fc00000
     227575.000 ns	     22756	80004940	f0080753	fmv.w.x	f14,x16	 x16:0xffffffff f14=0xffffffff
     227605.000 ns	     22759	80004944	20429dd3	fsgnjn.s	f27,f5,f4	  f5:0x00000000  f4:0x80000000 f27=0x00000000
     227625.000 ns	     22761	80004948	01cbf033	and	x0,x23,x28	 x23:0x00000000 x28:0xf6cfd8b4
     227635.000 ns	     22762	8000494c	c75de513	ori	x10,x27,-907	 x27:0xfffffff8 x10=0xfffffffd
     227655.000 ns	     22764	80004950	21778dd3	fsgnj.s	f27,f15,f23	 f15:0x00000000 f23:0x7fc00000 f27=0x00000000
     227685.000 ns	     22767	80004954	02745a33	divu	x20,x8,x7	  x8:0xc7d4b404  x7:0x00000000 x20=0xffffffff
     227705.000 ns	     22769	80004958	4074d793	srai	x15,x9,0x7	  x9:0x00000000 x15=0x00000000
     227715.000 ns	     22770	8000495c	011ade13	srli	x28,x21,0x11	 x21:0x00000000 x28=0x00000000
     227735.000 ns	     22772	80004960	20ea85d3	fsgnj.s	f11,f21,f14	 f21:0x7fc00000 f14:0xffffffff f11=0xffc00000
     227785.000 ns	     22777	80004964	09090853	fsub.s	f16,f18,f16	 f18:0x80000001 f16:0x00000000 f16=0x80000001
     227805.000 ns	     22779	80004968	2a395d97	auipc	x27,0x2a395	 x27=0xaa399968
     227825.000 ns	     22781	8000496c	03f79433	mulh	x8,x15,x31	 x15:0x00000000 x31:0x00000009  x8=0x00000000
     227855.000 ns	     22784	80004970	e00c1f53	fclass.s	x30,f24	 f24:0xff800000 x30=0x00000001
     227875.000 ns	     22786	80004974	79aacc13	xori	x24,x21,1946	 x21:0x00000000 x24=0x0000079a
     227895.000 ns	     22788	80004978	28fe9053	fmax.s	f0,f29,f15	 f29:0x3c9a2380 f15:0x00000000  f0=0x3c9a2380
     227925.000 ns	     22791	8000497c	d01bfad3	fcvt.s.wu	f21,x23	 x23:0x00000000 f21=0x00000000
     227955.000 ns	     22794	80004980	21778f53	fsgnj.s	f30,f15,f23	 f15:0x00000000 f23:0x7fc00000 f30=0x00000000
     227985.000 ns	     22797	80004984	206d0a53	fsgnj.s	f20,f26,f6	 f26:0x3f7ba754  f6:0x7fc00000 f20=0x3f7ba754
     228015.000 ns	     22800	80004988	e0061253	fclass.s	x4,f12	 f12:0x7fc00000  x4=0x00000200
     228035.000 ns	     22802	8000498c	40dfd9b3	sra	x19,x31,x13	 x31:0x00000009 x13:0x00000001 x19=0x00000004
     228055.000 ns	     22804	80004990	a05188d3	fle.s	x17,f3,f5	  f3:0x7fc00000  f5:0x00000000 x17=0x00000000
     228075.000 ns	     22806	80004994	ffd8f793	andi	x15,x17,-3	 x17:0xffffff30 x15=0x00000000
     228085.000 ns	     22807	80004998	59910513	addi	x10,x2,1433	  x2:0x80040fe4 x10=0x8004157d
     228095.000 ns	     22808	8000499c	41435493	srai	x9,x6,0x14	  x6:0xfffffa1d  x9=0xffffffff
     228115.000 ns	     22810	800049a0	d015f2d3	fcvt.s.wu	f5,x11	 x11:0x80000000  f5=0x4f000000
     228145.000 ns	     22813	800049a4	21440353	fsgnj.s	f6,f8,f20	  f8:0x44f5e000 f20:0x3f7ba754  f6=0x44f5e000
     228175.000 ns	     22816	800049a8	a1b51853	flt.s	x16,f10,f27	 f10:0x44f5e000 f27:0x00000000 x16=0x00000000
     228205.000 ns	     22819	800049ac	21a603d3	fsgnj.s	f7,f12,f26	 f12:0x7fc00000 f26:0x3f7ba754  f7=0x7fc00000
     228225.000 ns	     22821	800049b0	ac30e737	lui	x14,0xac30e	 x14=0xac30e000
     228235.000 ns	     22822	800049b4	00000013	addi	x0,x0,0	  x0:0x00000000
     228245.000 ns	     22823	800049b8	8c3dba93	sltiu	x21,x27,-1853	 x27:0xaa399968 x21=0x00000001
     228255.000 ns	     22824	800049bc	8429f913	andi	x18,x19,-1982	 x19:0x00000004 x18=0x00000000
     228275.000 ns	     22826	800049c0	a0b72ed3	feq.s	x29,f14,f11	 f14:0xffffffff f11:0xffc00000 x29=0x00000000
     229455.000 ns	     22944	800049c4	58028153	fsqrt.s	f2,f5	  f5:0x4f000000  f2=0x46b50482
     229825.000 ns	     22981	800049c8	026b5333	divu	x6,x22,x6	 x22:0x80041024  x6:0xfffffa1d  x6=0x00000000
     229845.000 ns	     22983	800049cc	01051f93	slli	x31,x10,0x10	 x10:0x8004157d x31=0x157d0000
     229865.000 ns	     22985	800049d0	c0150ed3	fcvt.wu.s	x29,f10	 f10:0x44f5e000 x29=0x000007af
     229895.000 ns	     22988	800049d4	0230b733	mulhu	x14,x1,x3	  x1:0x00000000  x3:0x00000000 x14=0x00000000
     229915.000 ns	     22990	800049d8	c1e37cb7	lui	x25,0xc1e37	 x25=0xc1e37000
     229925.000 ns	     22991	800049dc	00639e33	sll	x28,x7,x6	  x7:0x00000000  x6:0x00000000 x28=0x00000000
     229935.000 ns	     22992	800049e0	0017e433	or	x8,x15,x1	 x15:0x00000000  x1:0x00000000  x8=0x00000000
     229945.000 ns	     22993	800049e4	7f77eb93	ori	x23,x15,2039	 x15:0x00000000 x23=0x000007f7
     229965.000 ns	     22995	800049e8	02489fb3	mulh	x31,x17,x4	 x17:0x00000000  x4:0x00000200 x31=0x00000000
     229985.000 ns	     22997	800049ec	40405333	sra	x6,x0,x4	  x0:0x00000000  x4:0x00000200  x6=0x00000000
     230345.000 ns	     23033	800049f0	03e0e333	rem	x6,x1,x30	  x1:0x00000000 x30:0x00000001  x6=0x00000000
     230715.000 ns	     23070	800049f4	037a5eb3	divu	x29,x20,x23	 x20:0xffffffff x23:0x000007f7 x29=0x00202428
     230765.000 ns	     23075	800049f8	08ee7dd3	fsub.s	f27,f28,f14	 f28:0xbf800000 f14:0xffffffff f27=0x7fc00000
     230785.000 ns	     23077	800049fc	9ef0a413	slti	x8,x1,-1553	  x1:0x00000000  x8=0x00000000
     230795.000 ns	     23078	80004a00	01e75db3	srl	x27,x14,x30	 x14:0x00000000 x30:0x00000001 x27=0x00000000
     230825.000 ns	     23081	80004a04	1935f453	fdiv.s	f8,f11,f19	 f11:0xffc00000 f19:0x80000000  f8=0x7fc00000
     230855.000 ns	     23084	80004a08	023976b3	remu	x13,x18,x3	 x18:0x00000000  x3:0x00000000 x13=0x00000000
     230875.000 ns	     23086	80004a0c	4082d533	sra	x10,x5,x8	  x5:0x00000001  x8:0x00000000 x10=0x00000001
     230885.000 ns	     23087	80004a10	a734bd93	sltiu	x27,x9,-1421	  x9:0xffffffff x27=0x00000000
     230905.000 ns	     23089	80004a14	a0d22253	feq.s	x4,f4,f13	  f4:0x80000000 f13:0x44f5e000  x4=0x00000000
     230935.000 ns	     23092	80004a18	a0780ad3	fle.s	x21,f16,f7	 f16:0x80000001  f7:0x7fc00000 x21=0x00000000
     230955.000 ns	     23094	80004a1c	0084abb3	slt	x23,x9,x8	  x9:0xffffffff  x8:0x00000000 x23=0x00000001
     232125.000 ns	     23211	80004a20	580efb53	fsqrt.s	f22,f29	 f29:0x3c9a2380 f22=0x3d8c763c
     232155.000 ns	     23214	80004a24	e0041653	fclass.s	x12,f8	  f8:0x7fc00000 x12=0x00000200
     232175.000 ns	     23216	80004a28	e224bd13	sltiu	x26,x9,-478	  x9:0xffffffff x26=0x00000000
     232195.000 ns	     23218	80004a2c	d0067ad3	fcvt.s.w	f21,x12	 x12:0x00000200 f21=0x44000000
     232225.000 ns	     23221	80004a30	29b79f53	fmax.s	f30,f15,f27	 f15:0x00000000 f27:0x7fc00000 f30=0x00000000
     232265.000 ns	     23225	80004a34	10e805d3	fmul.s	f11,f16,f14	 f16:0x80000001 f14:0xffffffff f11=0x7fc00000
     232285.000 ns	     23227	80004a38	781896b7	lui	x13,0x78189	 x13=0x78189000
     232295.000 ns	     23228	80004a3c	00394433	xor	x8,x18,x3	 x18:0x00000000  x3:0x00000000  x8=0x00000000
     232315.000 ns	     23230	80004a40	030ffdb3	remu	x27,x31,x16	 x31:0x00000000 x16:0x00000000 x27=0x00000000
     232345.000 ns	     23233	80004a44	a1081cd3	flt.s	x25,f16,f16	 f16:0x80000001 f16:0x80000001 x25=0x00000000
     232375.000 ns	     23236	80004a48	c0120cd3	fcvt.wu.s	x25,f4	  f4:0x80000000 x25=0x00000000
     232395.000 ns	     23238	80004a4c	018ea7b3	slt	x15,x29,x24	 x29:0x00202428 x24:0x0000079a x15=0x00000000
     232405.000 ns	     23239	80004a50	7c051517	auipc	x10,0x7c051	 x10=0xfc055a50
     232425.000 ns	     23241	80004a54	a0d818d3	flt.s	x17,f16,f13	 f16:0x80000001 f13:0x44f5e000 x17=0x00000001
     232445.000 ns	     23243	80004a58	01cbf633	and	x12,x23,x28	 x23:0x00000001 x28:0x00000000 x12=0x00000000
     232465.000 ns	     23245	80004a5c	03c0c833	div	x16,x1,x28	  x1:0x00000000 x28:0x00000000 x16=0xffffffff
     232485.000 ns	     23247	80004a60	8d59a693	slti	x13,x19,-1835	 x19:0x00000004 x13=0x00000000
     232505.000 ns	     23249	80004a64	2128a253	fsgnjx.s	f4,f17,f18	 f17:0x7fc00000 f18:0x80000001  f4=0xffc00000
     232545.000 ns	     23253	80004a68	11a52d53	fmul.s	f26,f10,f26	 f10:0x44f5e000 f26:0x3f7ba754 f26=0x44f1b355
     232565.000 ns	     23255	80004a6c	4196d6b3	sra	x13,x13,x25	 x13:0x00000000 x25:0x00000000 x13=0x00000000
     232605.000 ns	     23259	80004a70	090077d3	fsub.s	f15,f0,f16	  f0:0x3c9a2380 f16:0x80000001 f15=0x3c9a2380
     232625.000 ns	     23261	80004a74	00725293	srli	x5,x4,0x7	  x4:0x00000000  x5=0x00000000
     232635.000 ns	     23262	80004a78	def9ffb7	lui	x31,0xdef9f	 x31=0xdef9f000
     232645.000 ns	     23263	80004a7c	0176f033	and	x0,x13,x23	 x13:0x00000000 x23:0x00000001
     232665.000 ns	     23265	80004a80	21a32dd3	fsgnjx.s	f27,f6,f26	  f6:0x44f5e000 f26:0x44f1b355 f27=0x44f5e000
     232695.000 ns	     23268	80004a84	a08b2e53	feq.s	x28,f22,f8	 f22:0x3d8c763c  f8:0x7fc00000 x28=0x00000000
     232725.000 ns	     23271	80004a88	d01785d3	fcvt.s.wu	f11,x15	 x15:0x00000000 f11=0x00000000
     232745.000 ns	     23273	80004a8c	006b5c93	srli	x25,x22,0x6	 x22:0x80041024 x25=0x02001040
     233105.000 ns	     23309	80004a90	029cdcb3	divu	x25,x25,x9	 x25:0x00000000  x9:0xffffffff x25=0x00000000
     233135.000 ns	     23312	80004a94	03010a33	mul	x20,x2,x16	  x2:0x80040fe4 x16:0xffffffff x20=0x7ffbf01c
     233165.000 ns	     23315	80004a98	039f57b3	divu	x15,x30,x25	 x30:0x00000001 x25:0x00000000 x15=0xffffffff
     233195.000 ns	     23318	80004a9c	207d0e53	fsgnj.s	f28,f26,f7	 f26:0x44f1b355  f7:0x7fc00000 f28=0x44f1b355
     233225.000 ns	     23321	80004aa0	02797db3	remu	x27,x18,x7	 x18:0x00000000  x7:0x00000000 x27=0x00000000
     233255.000 ns	     23324	80004aa4	e00886d3	fmv.x.w	x13,f17	 f17:0x7fc00000 x13=0x7fc00000
     233285.000 ns	     23327	80004aa8	033b23b3	mulhsu	x7,x22,x19	 x22:0x80041024 x19:0x00000004  x7=0xfffffffe
     233315.000 ns	     23330	80004aac	29251c53	fmax.s	f24,f10,f18	 f10:0x44f5e000 f18:0x80000001 f24=0x44f5e000
     233345.000 ns	     23333	80004ab0	e0070a53	fmv.x.w	x20,f14	 f14:0xffffffff x20=0xffffffff
     233375.000 ns	     23336	80004ab4	21660d53	fsgnj.s	f26,f12,f22	 f12:0x7fc00000 f22:0x3d8c763c f26=0x7fc00000
     233405.000 ns	     23339	80004ab8	21e11fd3	fsgnjn.s	f31,f2,f30	  f2:0x46b50482 f30:0x00000000 f31=0xc6b50482
     233435.000 ns	     23342	80004abc	e00180d3	fmv.x.w	x1,f3	  f3:0x7fc00000  x1=0x7fc00000
     233455.000 ns	     23344	80004ac0	009ad333	srl	x6,x21,x9	 x21:0x00000000  x9:0xffffffff  x6=0x00000000
     233475.000 ns	     23346	80004ac4	c00e0353	fcvt.w.s	x6,f28	 f28:0x44f1b355  x6=0x0000078e
     233505.000 ns	     23349	80004ac8	c00a92d3	fcvt.w.s	x5,f21	 f21:0x44000000  x5=0x00000200
     233525.000 ns	     23351	80004acc	019a36b3	sltu	x13,x20,x25	 x20:0xffffffff x25:0x00000000 x13=0x00000000
     233545.000 ns	     23353	80004ad0	023be333	rem	x6,x23,x3	 x23:0x00000001  x3:0x00000000  x6=0x00000001
     233565.000 ns	     23355	80004ad4	01851093	slli	x1,x10,0x18	 x10:0xfc055a50  x1=0x50000000
     233575.000 ns	     23356	80004ad8	c2607193	andi	x3,x0,-986	  x0:0x00000000  x3=0x00000000
     233585.000 ns	     23357	80004adc	001dd493	srli	x9,x27,0x1	 x27:0x00000000  x9=0x00000000
     233595.000 ns	     23358	80004ae0	00000013	addi	x0,x0,0	  x0:0x00000000
     233615.000 ns	     23360	80004ae4	e00d1dd3	fclass.s	x27,f26	 f26:0x7fc00000 x27=0x00000200
     233635.000 ns	     23362	80004ae8	47cb2013	slti	x0,x22,1148	 x22:0x80041024
     233645.000 ns	     23363	80004aec	009cb833	sltu	x16,x25,x9	 x25:0x00000000  x9:0x00000000 x16=0x00000000
     233685.000 ns	     23367	80004af0	094921d3	fsub.s	f3,f18,f20	 f18:0x80000001 f20:0x3f7ba754  f3=0xbf7ba754
     233705.000 ns	     23369	80004af4	0d6f0f13	addi	x30,x30,214	 x30:0x00000001 x30=0x000000d7
     233725.000 ns	     23371	80004af8	02ac17b3	mulh	x15,x24,x10	 x24:0x0000079a x10:0xfc055a50 x15=0xffffffe1
     233745.000 ns	     23373	80004afc	98676713	ori	x14,x14,-1658	 x14:0x00000000 x14=0xfffff986
     233755.000 ns	     23374	80004b00	e4626713	ori	x14,x4,-442	  x4:0x00000000 x14=0xfffffe46
     233795.000 ns	     23378	80004b04	090c3b53	fsub.s	f22,f24,f16	 f24:0x44f5e000 f16:0x80000001 f22=0x44f5e000
     233815.000 ns	     23380	80004b08	01d89a13	slli	x20,x17,0x1d	 x17:0x00000001 x20=0x20000000
     234175.000 ns	     23416	80004b0c	03e9fcb3	remu	x25,x19,x30	 x19:0x00000004 x30:0x000000d7 x25=0x00000004
     234205.000 ns	     23419	80004b10	a05222d3	feq.s	x5,f4,f5	  f4:0xffc00000  f5:0x4f000000  x5=0x00000000
     234225.000 ns	     23421	80004b14	5d8e2713	slti	x14,x28,1496	 x28:0x00000000 x14=0x00000001
     234245.000 ns	     23423	80004b18	d003f353	fcvt.s.w	f6,x7	  x7:0xfffffffe  f6=0xc0000000
     234265.000 ns	     23425	80004b1c	fef2c893	xori	x17,x5,-17	  x5:0x00000000 x17=0xffffffef
     234285.000 ns	     23427	80004b20	e0061ad3	fclass.s	x21,f12	 f12:0x7fc00000 x21=0x00000200
     234655.000 ns	     23464	80004b24	035cdeb3	divu	x29,x25,x21	 x25:0x00000004 x21:0x00000000 x29=0x00000000
     234685.000 ns	     23467	80004b28	a1651c53	flt.s	x24,f10,f22	 f10:0x44f5e000 f22:0x44f5e000 x24=0x00000000
     234705.000 ns	     23469	80004b2c	01ccce33	xor	x28,x25,x28	 x25:0x00000004 x28:0x00000000 x28=0x00000004
     234715.000 ns	     23470	80004b30	01bf97b3	sll	x15,x31,x27	 x31:0xdef9f000 x27:0x00000200 x15=0xdef9f000
     234725.000 ns	     23471	80004b34	008d78b3	and	x17,x26,x8	 x26:0x00000000  x8:0x00000000 x17=0x00000000
     234745.000 ns	     23473	80004b38	a00f8853	fle.s	x16,f31,f0	 f31:0xc6b50482  f0:0x3c9a2380 x16=0x00000001
     234765.000 ns	     23475	80004b3c	002a0d33	add	x26,x20,x2	 x20:0x20000000  x2:0x80040fe4 x26=0xa0040fe4
     234785.000 ns	     23477	80004b40	a1379953	flt.s	x18,f15,f19	 f15:0x3c9a2380 f19:0x80000000 x18=0x00000000
     234805.000 ns	     23479	80004b44	005c9c93	slli	x25,x25,0x5	 x25:0x00000004 x25=0x00000080
     234825.000 ns	     23481	80004b48	20baaed3	fsgnjx.s	f29,f21,f11	 f21:0x44000000 f11:0x00000000 f29=0x44000000
     235165.000 ns	     23515	80004b4c	19b02153	fdiv.s	f2,f0,f27	  f0:0x3c9a2380 f27:0x44f5e000  f2=0x3735cfc8
     235535.000 ns	     23552	80004b50	035fc4b3	div	x9,x31,x21	 x31:0xdef9f000 x21:0x00000200  x9=0xffef7cf8
     235555.000 ns	     23554	80004b54	6aca3337	lui	x6,0x6aca3	  x6=0x6aca3000
     235565.000 ns	     23555	80004b58	4128df13	srai	x30,x17,0x12	 x17:0x00000000 x30=0x00000000
     235585.000 ns	     23557	80004b5c	a0fd2253	feq.s	x4,f26,f15	 f26:0x7fc00000 f15:0x3c9a2380  x4=0x00000000
     235635.000 ns	     23562	80004b60	080d7bd3	fsub.s	f23,f26,f0	 f26:0x7fc00000  f0:0x3c9a2380 f23=0x7fc00000
     235665.000 ns	     23565	80004b64	039d1ab3	mulh	x21,x26,x25	 x26:0xa0040fe4 x25:0x00000080 x21=0xffffffd0
     235695.000 ns	     23568	80004b68	03be8eb3	mul	x29,x29,x27	 x29:0x00000000 x27:0x00000200 x29=0x00000000
     235715.000 ns	     23570	80004b6c	01730033	add	x0,x6,x23	  x6:0x6aca3000 x23:0x00000001
     235725.000 ns	     23571	80004b70	40b5de13	srai	x28,x11,0xb	 x11:0x80000000 x28=0xfff00000
     235745.000 ns	     23573	80004b74	c0168fd3	fcvt.wu.s	x31,f13	 f13:0x44f5e000 x31=0x000007af
     235785.000 ns	     23577	80004b78	198bf953	fdiv.s	f18,f23,f24	 f23:0x7fc00000 f24:0x44f5e000 f18=0x7fc00000
     235815.000 ns	     23580	80004b7c	204a90d3	fsgnjn.s	f1,f21,f4	 f21:0x44000000  f4:0xffc00000  f1=0x44000000
     235835.000 ns	     23582	80004b80	007d98b3	sll	x17,x27,x7	 x27:0x00000200  x7:0xfffffffe x17=0x00000000
     235865.000 ns	     23585	80004b84	58020153	fsqrt.s	f2,f4	  f4:0xffc00000  f2=0x7fc00000
     235895.000 ns	     23588	80004b88	036d11b3	mulh	x3,x26,x22	 x26:0xa0040fe4 x22:0x80041024  x3=0x2ffc7211
     235915.000 ns	     23590	80004b8c	aa449b97	auipc	x23,0xaa449	 x23=0x2a44db8c
     235925.000 ns	     23591	80004b90	411fd433	sra	x8,x31,x17	 x31:0x000007af x17:0x00000000  x8=0x000007af
     235945.000 ns	     23593	80004b94	d01a3653	fcvt.s.wu	f12,x20	 x20:0x20000000 f12=0x4e000000
     235975.000 ns	     23596	80004b98	039ea933	mulhsu	x18,x29,x25	 x29:0x00000000 x25:0x00000080 x18=0x00000000
     235995.000 ns	     23598	80004b9c	417a0eb3	sub	x29,x20,x23	 x20:0x20000000 x23:0x2a44db8c x29=0xf5bb2474
     236005.000 ns	     23599	80004ba0	01aa92b3	sll	x5,x21,x26	 x21:0xffffffd0 x26:0xa0040fe4  x5=0xfffffd00
     236025.000 ns	     23601	80004ba4	03ec2bb3	mulhsu	x23,x24,x30	 x24:0x00000000 x30:0x00000000 x23=0x00000000
     236045.000 ns	     23603	80004ba8	0177df13	srli	x30,x15,0x17	 x15:0xdef9f000 x30=0x000001bd
     236055.000 ns	     23604	80004bac	01b40433	add	x8,x8,x27	  x8:0x000007af x27:0x00000200  x8=0x000009af
     236415.000 ns	     23640	80004bb0	036ad9b3	divu	x19,x21,x22	 x21:0xffffffd0 x22:0x80041024 x19=0x00000001
     236445.000 ns	     23643	80004bb4	a15917d3	flt.s	x15,f18,f21	 f18:0x7fc00000 f21:0x44000000 x15=0x00000000
     236475.000 ns	     23646	80004bb8	20ca9f53	fsgnjn.s	f30,f21,f12	 f21:0x44000000 f12:0x4e000000 f30=0xc4000000
     236505.000 ns	     23649	80004bbc	a05a9ed3	flt.s	x29,f21,f5	 f21:0x44000000  f5:0x4f000000 x29=0x00000001
     236525.000 ns	     23651	80004bc0	01db9ab3	sll	x21,x23,x29	 x23:0x00000000 x29:0xf5bb2474 x21=0x00000000
     236545.000 ns	     23653	80004bc4	a18d9e53	flt.s	x28,f27,f24	 f27:0x44f5e000 f24:0x44f5e000 x28=0x00000000
     236565.000 ns	     23655	80004bc8	01983233	sltu	x4,x16,x25	 x16:0x00000001 x25:0x00000080  x4=0x00000001
     236575.000 ns	     23656	80004bcc	ff75a713	slti	x14,x11,-9	 x11:0x80000000 x14=0x00000001
     236585.000 ns	     23657	80004bd0	00965c13	srli	x24,x12,0x9	 x12:0x00000000 x24=0x00000000
     236605.000 ns	     23659	80004bd4	e00b9fd3	fclass.s	x31,f23	 f23:0x7fc00000 x31=0x00000200
     236625.000 ns	     23661	80004bd8	016f9ab3	sll	x21,x31,x22	 x31:0x000007af x22:0x80041024 x21=0x00002000
     236645.000 ns	     23663	80004bdc	291c0553	fmin.s	f10,f24,f17	 f24:0x44f5e000 f17:0x7fc00000 f10=0x44f5e000
     236665.000 ns	     23665	80004be0	018cacb3	slt	x25,x25,x24	 x25:0x00000080 x24:0x00000000 x25=0x00000000
     236675.000 ns	     23666	80004be4	d370ab93	slti	x23,x1,-713	  x1:0x50000000 x23=0x00000000
     236695.000 ns	     23668	80004be8	03cf19b3	mulh	x19,x30,x28	 x30:0x000001bd x28:0x00000000 x19=0x00000000
     236725.000 ns	     23671	80004bec	e00f1e53	fclass.s	x28,f30	 f30:0xc4000000 x28=0x00000002
     236745.000 ns	     23673	80004bf0	01c78633	add	x12,x15,x28	 x15:0x00000000 x28:0x00000000 x12=0x00000002
     236765.000 ns	     23675	80004bf4	28c71153	fmax.s	f2,f14,f12	 f14:0xffffffff f12:0x4e000000  f2=0x4e000000
     236785.000 ns	     23677	80004bf8	002e4233	xor	x4,x28,x2	 x28:0x00000002  x2:0x80040fe4  x4=0x80040fe6
     236795.000 ns	     23678	80004bfc	40bbd1b3	sra	x3,x23,x11	 x23:0x00000000 x11:0x80000000  x3=0x00000000
     236815.000 ns	     23680	80004c00	a1a3abd3	feq.s	x23,f7,f26	  f7:0x7fc00000 f26:0x7fc00000 x23=0x00000000
     236855.000 ns	     23684	80004c04	106d73d3	fmul.s	f7,f26,f6	 f26:0x7fc00000  f6:0xc0000000  f7=0x7fc00000
     236885.000 ns	     23687	80004c08	a09c9c53	flt.s	x24,f25,f9	 f25:0x3c9a2380  f9:0x7fc00000 x24=0x00000000
     236915.000 ns	     23690	80004c0c	a0e88853	fle.s	x16,f17,f14	 f17:0x7fc00000 f14:0xffffffff x16=0x00000000
     237285.000 ns	     23727	80004c10	02575f33	divu	x30,x14,x5	 x14:0x00000001  x5:0xfffffd00 x30=0x00000000
     237305.000 ns	     23729	80004c14	010caeb3	slt	x29,x25,x16	 x25:0x00000000 x16:0x00000000 x29=0x00000000
     237325.000 ns	     23731	80004c18	03639333	mulh	x6,x7,x22	  x7:0xfffffffe x22:0x80041024  x6=0x00000000
     237345.000 ns	     23733	80004c1c	44fd3193	sltiu	x3,x26,1103	 x26:0xa0040fe4  x3=0x00000000
     237355.000 ns	     23734	80004c20	008cd413	srli	x8,x25,0x8	 x25:0x00000000  x8=0x00000000
     237365.000 ns	     23735	80004c24	41ff50b3	sra	x1,x30,x31	 x30:0x00000000 x31:0x00000200  x1=0x00000000
     237395.000 ns	     23738	80004c28	580d76d3	fsqrt.s	f13,f26	 f26:0x7fc00000 f13=0x7fc00000
     237425.000 ns	     23741	80004c2c	02a217b3	mulh	x15,x4,x10	  x4:0x80040fe6 x10:0xfc055a50 x15=0x01fd42ae
     237455.000 ns	     23744	80004c30	d00bf553	fcvt.s.w	f10,x23	 x23:0x00000000 f10=0x00000000
     237485.000 ns	     23747	80004c34	d0069053	fcvt.s.w	f0,x13	 x13:0x00000000  f0=0x00000000
     237505.000 ns	     23749	80004c38	24e0a313	slti	x6,x1,590	  x1:0x00000000  x6=0x00000001
     237515.000 ns	     23750	80004c3c	5e5b0293	addi	x5,x22,1509	 x22:0x80041024  x5=0x80041609
     237525.000 ns	     23751	80004c40	01332533	slt	x10,x6,x19	  x6:0x00000000 x19:0x00000000 x10=0x00000000
     237545.000 ns	     23753	80004c44	d014f0d3	fcvt.s.wu	f1,x9	  x9:0xffef7cf8  f1=0x4f7fef7c
     237575.000 ns	     23756	80004c48	219b8253	fsgnj.s	f4,f23,f25	 f23:0x7fc00000 f25:0x3c9a2380  f4=0x7fc00000
     237605.000 ns	     23759	80004c4c	024c04b3	mul	x9,x24,x4	 x24:0x00000000  x4:0x80040fe6  x9=0x00000000
     237635.000 ns	     23762	80004c50	03d724b3	mulhsu	x9,x14,x29	 x14:0x00000001 x29:0x00000000  x9=0x00000000
     237665.000 ns	     23765	80004c54	021b0433	mul	x8,x22,x1	 x22:0x80041024  x1:0x00000000  x8=0x00000000
     237695.000 ns	     23768	80004c58	20161753	fsgnjn.s	f14,f12,f1	 f12:0x4e000000  f1:0x4f7fef7c f14=0xce000000
     237725.000 ns	     23771	80004c5c	c00b7253	fcvt.w.s	x4,f22	 f22:0x44f5e000  x4=0x000007af
     237745.000 ns	     23773	80004c60	1433cd93	xori	x27,x7,323	  x7:0xfffffffe x27=0xfffffebd
     237755.000 ns	     23774	80004c64	04e2fe13	andi	x28,x5,78	  x5:0x80041609 x28=0x00000008
     237765.000 ns	     23775	80004c68	00a13bb3	sltu	x23,x2,x10	  x2:0x80040fe4 x10:0x00000000 x23=0x00000000
     237785.000 ns	     23777	80004c6c	a1068ed3	fle.s	x29,f13,f16	 f13:0x7fc00000 f16:0x80000001 x29=0x00000000
     238155.000 ns	     23814	80004c70	022c77b3	remu	x15,x24,x2	 x24:0x00000000  x2:0x80040fe4 x15=0x00000000
     238175.000 ns	     23816	80004c74	2e8ee993	ori	x19,x29,744	 x29:0x00000000 x19=0x000002e8
     238185.000 ns	     23817	80004c78	d2d1b393	sltiu	x7,x3,-723	  x3:0x00000000  x7=0x00000001
     238195.000 ns	     23818	80004c7c	01421eb3	sll	x29,x4,x20	  x4:0x000007af x20:0x20000000 x29=0x000007af
     238205.000 ns	     23819	80004c80	01f05433	srl	x8,x0,x31	  x0:0x00000000 x31:0x00000200  x8=0x00000000
     238215.000 ns	     23820	80004c84	01eec8b3	xor	x17,x29,x30	 x29:0x00000000 x30:0x00000000 x17=0x000007af
     238225.000 ns	     23821	80004c88	2bcea613	slti	x12,x29,700	 x29:0x000007af x12=0x00000000
     238245.000 ns	     23823	80004c8c	038d0733	mul	x14,x26,x24	 x26:0xa0040fe4 x24:0x00000000 x14=0x00000000
     238275.000 ns	     23826	80004c90	0325dc33	divu	x24,x11,x18	 x11:0x80000000 x18:0x00000000 x24=0xffffffff
     238305.000 ns	     23829	80004c94	03be8a33	mul	x20,x29,x27	 x29:0x000007af x27:0xfffffebd x20=0xfff64e33
     238325.000 ns	     23831	80004c98	00a542b3	xor	x5,x10,x10	 x10:0x00000000 x10:0x00000000  x5=0x00000000
     238345.000 ns	     23833	80004c9c	20aa1353	fsgnjn.s	f6,f20,f10	 f20:0x3f7ba754 f10:0x00000000  f6=0xbf7ba754
     238375.000 ns	     23836	80004ca0	02ea7333	remu	x6,x20,x14	 x20:0xfff64e33 x14:0x00000000  x6=0xfff64e33
     238405.000 ns	     23839	80004ca4	28cf04d3	fmin.s	f9,f30,f12	 f30:0xc4000000 f12:0x4e000000  f9=0xc4000000
     238425.000 ns	     23841	80004ca8	0043fbb3	and	x23,x7,x4	  x7:0x00000001  x4:0x000007af x23=0x00000001
     238445.000 ns	     23843	80004cac	29139cd3	fmax.s	f25,f7,f17	  f7:0x7fc00000 f17:0x7fc00000 f25=0x7fc00000
     238475.000 ns	     23846	80004cb0	03852433	mulhsu	x8,x10,x24	 x10:0x00000000 x24:0xffffffff  x8=0x00000000
     238505.000 ns	     23849	80004cb4	a17ca3d3	feq.s	x7,f25,f23	 f25:0x7fc00000 f23:0x7fc00000  x7=0x00000000
     238525.000 ns	     23851	80004cb8	003df533	and	x10,x27,x3	 x27:0xfffffebd  x3:0x00000000 x10=0x00000000
     238545.000 ns	     23853	80004cbc	d01d0bd3	fcvt.s.wu	f23,x26	 x26:0xa0040fe4 f23=0x4f200410
     238565.000 ns	     23855	80004cc0	36446937	lui	x18,0x36446	 x18=0x36446000
     238585.000 ns	     23857	80004cc4	d0077dd3	fcvt.s.w	f27,x14	 x14:0x00000000 f27=0x00000000
     238955.000 ns	     23894	80004cc8	02bf5333	divu	x6,x30,x11	 x30:0x00000000 x11:0x80000000  x6=0x00000000
     238985.000 ns	     23897	80004ccc	028cfab3	remu	x21,x25,x8	 x25:0x00000000  x8:0x00000000 x21=0x00000000
     239015.000 ns	     23900	80004cd0	20ab9f53	fsgnjn.s	f30,f23,f10	 f23:0x4f200410 f10:0x00000000 f30=0xcf200410
     239045.000 ns	     23903	80004cd4	21278cd3	fsgnj.s	f25,f15,f18	 f15:0x3c9a2380 f18:0x7fc00000 f25=0x3c9a2380
     239065.000 ns	     23905	80004cd8	00073c33	sltu	x24,x14,x0	 x14:0x00000000  x0:0x00000000 x24=0x00000000
     239075.000 ns	     23906	80004cdc	400cd033	sra	x0,x25,x0	 x25:0x00000000  x0:0x00000000
     239085.000 ns	     23907	80004ce0	989db297	auipc	x5,0x989db	  x5=0x189dfce0
     239095.000 ns	     23908	80004ce4	007599b3	sll	x19,x11,x7	 x11:0x80000000  x7:0x00000000 x19=0x80000000
     239105.000 ns	     23909	80004ce8	01ca5f33	srl	x30,x20,x28	 x20:0xfff64e33 x28:0x00000008 x30=0x00fff64e
     239115.000 ns	     23910	80004cec	6965bb93	sltiu	x23,x11,1686	 x11:0x80000000 x23=0x00000000
     239125.000 ns	     23911	80004cf0	81713513	sltiu	x10,x2,-2025	  x2:0x80040fe4 x10=0x00000001
     239145.000 ns	     23913	80004cf4	21490a53	fsgnj.s	f20,f18,f20	 f18:0x7fc00000 f20:0x3f7ba754 f20=0x7fc00000
     239165.000 ns	     23915	80004cf8	014a9293	slli	x5,x21,0x14	 x21:0x00000000  x5=0x00000000
     239185.000 ns	     23917	80004cfc	a04c93d3	flt.s	x7,f25,f4	 f25:0x3c9a2380  f4:0x7fc00000  x7=0x00000000
     239205.000 ns	     23919	80004d00	408b0cb3	sub	x25,x22,x8	 x22:0x80041024  x8:0x00000000 x25=0x80041024
     239225.000 ns	     23921	80004d04	c018f453	fcvt.wu.s	x8,f17	 f17:0x7fc00000  x8=0xffffffff
     239245.000 ns	     23923	80004d08	402a0db3	sub	x27,x20,x2	 x20:0xfff64e33  x2:0x80040fe4 x27=0x7ff23e4f
     239265.000 ns	     23925	80004d0c	02d5ef33	rem	x30,x11,x13	 x11:0x80000000 x13:0x00000000 x30=0x80000000
     239285.000 ns	     23927	80004d10	0022da33	srl	x20,x5,x2	  x5:0x00000000  x2:0x80040fe4 x20=0x00000000
     239315.000 ns	     23930	80004d14	58037753	fsqrt.s	f14,f6	  f6:0xbf7ba754 f14=0x7fc00000
     239365.000 ns	     23935	80004d18	01bf2bd3	fadd.s	f23,f30,f27	 f30:0xcf200410 f27:0x00000000 f23=0xcf200410
     239395.000 ns	     23938	80004d1c	f00d03d3	fmv.w.x	f7,x26	 x26:0xa0040fe4  f7=0xa0040fe4
     239425.000 ns	     23941	80004d20	020b0a33	mul	x20,x22,x0	 x22:0x80041024  x0:0x00000000 x20=0x00000000
     239465.000 ns	     23945	80004d24	11228b53	fmul.s	f22,f5,f18	  f5:0x4f000000 f18:0x7fc00000 f22=0x7fc00000
     239485.000 ns	     23947	80004d28	00000013	addi	x0,x0,0	  x0:0x00000000
     239495.000 ns	     23948	80004d2c	997a8093	addi	x1,x21,-1641	 x21:0x00000000  x1=0xfffff997
     239855.000 ns	     23984	80004d30	028cf4b3	remu	x9,x25,x8	 x25:0x80041024  x8:0xffffffff  x9=0x80041024
     239905.000 ns	     23989	80004d34	09e48053	fsub.s	f0,f9,f30	  f9:0xc4000000 f30:0xcf200410  f0=0x4f20040e
     239935.000 ns	     23992	80004d38	e00a9853	fclass.s	x16,f21	 f21:0x44000000 x16=0x00000040
     239955.000 ns	     23994	80004d3c	01289e33	sll	x28,x17,x18	 x17:0x000007af x18:0x36446000 x28=0x000007af
     239965.000 ns	     23995	80004d40	01705e13	srli	x28,x0,0x17	  x0:0x00000000 x28=0x00000000
     240325.000 ns	     24031	80004d44	03e74233	div	x4,x14,x30	 x14:0x00000000 x30:0x80000000  x4=0x00000000
     240355.000 ns	     24034	80004d48	03808bb3	mul	x23,x1,x24	  x1:0xfffff997 x24:0x00000000 x23=0x00000000
     240395.000 ns	     24038	80004d4c	19568653	fdiv.s	f12,f13,f21	 f13:0x7fc00000 f21:0x44000000 f12=0x7fc00000
     240415.000 ns	     24040	80004d50	0187beb3	sltu	x29,x15,x24	 x15:0x00000000 x24:0x00000000 x29=0x00000000
     240435.000 ns	     24042	80004d54	28e099d3	fmax.s	f19,f1,f14	  f1:0x4f7fef7c f14:0x7fc00000 f19=0x4f7fef7c
     240485.000 ns	     24047	80004d58	09f97453	fsub.s	f8,f18,f31	 f18:0x7fc00000 f31:0xc6b50482  f8=0x7fc00000
     240505.000 ns	     24049	80004d5c	004bb9b3	sltu	x19,x23,x4	 x23:0x00000000  x4:0x00000000 x19=0x00000000
     240525.000 ns	     24051	80004d60	21112c53	fsgnjx.s	f24,f2,f17	  f2:0x4e000000 f17:0x7fc00000 f24=0x4e000000
     240895.000 ns	     24088	80004d64	031c6d33	rem	x26,x24,x17	 x24:0x00000000 x17:0x000007af x26=0x00000000
     240915.000 ns	     24090	80004d68	00000013	addi	x0,x0,0	  x0:0x00000000
     240935.000 ns	     24092	80004d6c	a057a853	feq.s	x16,f15,f5	 f15:0x3c9a2380  f5:0x4f000000 x16=0x00000000
     240955.000 ns	     24094	80004d70	6c1e0e97	auipc	x29,0x6c1e0	 x29=0xec1e4d70
     240975.000 ns	     24096	80004d74	03ac36b3	mulhu	x13,x24,x26	 x24:0x00000000 x26:0x00000000 x13=0x00000000
     240995.000 ns	     24098	80004d78	00e04433	xor	x8,x0,x14	  x0:0x00000000 x14:0x00000000  x8=0x00000000
     241035.000 ns	     24102	80004d7c	08eacf53	fsub.s	f30,f21,f14	 f21:0x44000000 f14:0x7fc00000 f30=0x7fc00000
     241065.000 ns	     24105	80004d80	292a01d3	fmin.s	f3,f20,f18	 f20:0x7fc00000 f18:0x7fc00000  f3=0x7fc00000
     241405.000 ns	     24139	80004d84	197c97d3	fdiv.s	f15,f25,f23	 f25:0x3c9a2380 f23:0xcf200410 f15=0xac9a2380
     241425.000 ns	     24141	80004d88	00163433	sltu	x8,x12,x1	 x12:0x00000000  x1:0xfffff997  x8=0x00000001
     241435.000 ns	     24142	80004d8c	40968033	sub	x0,x13,x9	 x13:0x00000000  x9:0x80041024
     241465.000 ns	     24145	80004d90	19db7d53	fdiv.s	f26,f22,f29	 f22:0x7fc00000 f29:0x44000000 f26=0x7fc00000
     241495.000 ns	     24148	80004d94	d00d2053	fcvt.s.w	f0,x26	 x26:0x00000000  f0=0x00000000
     241525.000 ns	     24151	80004d98	a0f00c53	fle.s	x24,f0,f15	  f0:0x4f20040e f15:0xac9a2380 x24=0x00000000
     241895.000 ns	     24188	80004d9c	02aa5833	divu	x16,x20,x10	 x20:0x00000000 x10:0x00000001 x16=0x00000000
     241925.000 ns	     24191	80004da0	e00483d3	fmv.x.w	x7,f9	  f9:0xc4000000  x7=0xc4000000
     241945.000 ns	     24193	80004da4	005a1333	sll	x6,x20,x5	 x20:0x00000000  x5:0x00000000  x6=0x00000000
     241955.000 ns	     24194	80004da8	6d9bee13	ori	x28,x23,1753	 x23:0x00000000 x28=0x000006d9
     241975.000 ns	     24196	80004dac	0219a633	mulhsu	x12,x19,x1	 x19:0x00000000  x1:0xfffff997 x12=0x00000000
     242005.000 ns	     24199	80004db0	298b8cd3	fmin.s	f25,f23,f24	 f23:0xcf200410 f24:0x4e000000 f25=0xcf200410
     242035.000 ns	     24202	80004db4	28a89053	fmax.s	f0,f17,f10	 f17:0x7fc00000 f10:0x00000000  f0=0x00000000
     242065.000 ns	     24205	80004db8	21e9aad3	fsgnjx.s	f21,f19,f30	 f19:0x4f7fef7c f30:0x7fc00000 f21=0x4f7fef7c
     242095.000 ns	     24208	80004dbc	03789fb3	mulh	x31,x17,x23	 x17:0x000007af x23:0x00000000 x31=0x00000000
     242115.000 ns	     24210	80004dc0	3820bd93	sltiu	x27,x1,898	  x1:0xfffff997 x27=0x00000000
     242155.000 ns	     24214	80004dc4	09d3cb53	fsub.s	f22,f7,f29	  f7:0xa0040fe4 f29:0x44000000 f22=0xc4000000
     242175.000 ns	     24216	80004dc8	00551033	sll	x0,x10,x5	 x10:0x00000001  x5:0x00000000
     242185.000 ns	     24217	80004dcc	004fe433	or	x8,x31,x4	 x31:0x00000000  x4:0x00000000  x8=0x00000000
     242195.000 ns	     24218	80004dd0	a8853793	sltiu	x15,x10,-1400	 x10:0x00000001 x15=0x00000001
     242215.000 ns	     24220	80004dd4	20699053	fsgnjn.s	f0,f19,f6	 f19:0x4f7fef7c  f6:0xbf7ba754  f0=0x4f7fef7c
     242235.000 ns	     24222	80004dd8	412c5ab3	sra	x21,x24,x18	 x24:0x00000000 x18:0x36446000 x21=0x00000000
     242245.000 ns	     24223	80004ddc	021e4b93	xori	x23,x28,33	 x28:0x000006d9 x23=0x000006f8
     242265.000 ns	     24225	80004de0	032d33b3	mulhu	x7,x26,x18	 x26:0x00000000 x18:0x36446000  x7=0x00000000
     242295.000 ns	     24228	80004de4	027a1833	mulh	x16,x20,x7	 x20:0x00000000  x7:0xc4000000 x16=0x00000000
     242325.000 ns	     24231	80004de8	035448b3	div	x17,x8,x21	  x8:0x00000000 x21:0x00000000 x17=0xffffffff
     242695.000 ns	     24268	80004dec	03e7d9b3	divu	x19,x15,x30	 x15:0x00000001 x30:0x80000000 x19=0x00000000
     242725.000 ns	     24271	80004df0	a0251253	flt.s	x4,f10,f2	 f10:0x00000000  f2:0x4e000000  x4=0x00000001
     242745.000 ns	     24273	80004df4	012b5db3	srl	x27,x22,x18	 x22:0x80041024 x18:0x36446000 x27=0x80041024
     242755.000 ns	     24274	80004df8	00000013	addi	x0,x0,0	  x0:0x00000000
     242775.000 ns	     24276	80004dfc	a17c8653	fle.s	x12,f25,f23	 f25:0xcf200410 f23:0xcf200410 x12=0x00000001
     242805.000 ns	     24279	80004e00	d00e3c53	fcvt.s.w	f24,x28	 x28:0x000006d9 f24=0x44db2000
     242835.000 ns	     24282	80004e04	f0008b53	fmv.w.x	f22,x1	  x1:0xfffff997 f22=0xfffff997
     242855.000 ns	     24284	80004e08	006ebd33	sltu	x26,x29,x6	 x29:0xec1e4d70  x6:0x00000000 x26=0x00000000
     242865.000 ns	     24285	80004e0c	fb44cf93	xori	x31,x9,-76	  x9:0x80041024 x31=0x7ffbef90
     242875.000 ns	     24286	80004e10	2ddc0993	addi	x19,x24,733	 x24:0x00000000 x19=0x000002dd
     242885.000 ns	     24287	80004e14	ed114793	xori	x15,x2,-303	  x2:0x80040fe4 x15=0x7ffbf135
     242895.000 ns	     24288	80004e18	ec25cf37	lui	x30,0xec25c	 x30=0xec25c000
     242925.000 ns	     24291	80004e1c	11ffb9d3	fmul.s	f19,f31,f31	 f31:0xc6b50482 f31:0xc6b50482 f19=0x4dfffec0
     242945.000 ns	     24293	80004e20	41ae0fb3	sub	x31,x28,x26	 x28:0x000006d9 x26:0x00000000 x31=0x000006d9
     242955.000 ns	     24294	80004e24	01a3bc33	sltu	x24,x7,x26	  x7:0x00000000 x26:0x00000000 x24=0x00000000
     242975.000 ns	     24296	80004e28	20092553	fsgnjx.s	f10,f18,f0	 f18:0x7fc00000  f0:0x4f7fef7c f10=0x7fc00000
     242995.000 ns	     24298	80004e2c	9ee80f13	addi	x30,x16,-1554	 x16:0x00000000 x30=0xfffff9ee
     243005.000 ns	     24299	80004e30	09556817	auipc	x16,0x9556	 x16=0x8955ae30
     243035.000 ns	     24302	80004e34	580778d3	fsqrt.s	f17,f14	 f14:0x7fc00000 f17=0x7fc00000
     243055.000 ns	     24304	80004e38	418bdc33	sra	x24,x23,x24	 x23:0x000006f8 x24:0x00000000 x24=0x000006f8
     243415.000 ns	     24340	80004e3c	0385dab3	divu	x21,x11,x24	 x11:0x80000000 x24:0x00000000 x21=0x00125e22
     243435.000 ns	     24342	80004e40	80935737	lui	x14,0x80935	 x14=0x80935000
     243445.000 ns	     24343	80004e44	1fbc22b7	lui	x5,0x1fbc2	  x5=0x1fbc2000
     243465.000 ns	     24345	80004e48	028444b3	div	x9,x8,x8	  x8:0x00000000  x8:0x00000000  x9=0xffffffff
     243485.000 ns	     24347	80004e4c	2c01c293	xori	x5,x3,704	  x3:0x00000000  x5=0x000002c0
     243505.000 ns	     24349	80004e50	207b97d3	fsgnjn.s	f15,f23,f7	 f23:0xcf200410  f7:0xa0040fe4 f15=0x4f200410
     243525.000 ns	     24351	80004e54	e0abcb93	xori	x23,x23,-502	 x23:0x000006f8 x23=0xfffff8f2
     243535.000 ns	     24352	80004e58	0093a6b3	slt	x13,x7,x9	  x7:0x00000000  x9:0xffffffff x13=0x00000000
     243555.000 ns	     24354	80004e5c	03cb2eb3	mulhsu	x29,x22,x28	 x22:0x80041024 x28:0x000006d9 x29=0xfffffc93
     243925.000 ns	     24391	80004e60	02bb5833	divu	x16,x22,x11	 x22:0x80041024 x11:0x80000000 x16=0x00000001
     243945.000 ns	     24393	80004e64	6ecb2713	slti	x14,x22,1772	 x22:0x80041024 x14=0x00000001
     243965.000 ns	     24395	80004e68	d003c2d3	fcvt.s.w	f5,x7	  x7:0x00000000  f5=0x00000000
     243985.000 ns	     24397	80004e6c	10238c93	addi	x25,x7,258	  x7:0x00000000 x25=0x00000102
     244005.000 ns	     24399	80004e70	c007aad3	fcvt.w.s	x21,f15	 f15:0x4f200410 x21=0x7fffffff
     244035.000 ns	     24402	80004e74	a0da9453	flt.s	x8,f21,f13	 f21:0x4f7fef7c f13:0x7fc00000  x8=0x00000000
     244055.000 ns	     24404	80004e78	402250b3	sra	x1,x4,x2	  x4:0x00000001  x2:0x80040fe4  x1=0x00000000
     244065.000 ns	     24405	80004e7c	00275db3	srl	x27,x14,x2	 x14:0x00000001  x2:0x80040fe4 x27=0x00000000
     244075.000 ns	     24406	80004e80	41f0dcb3	sra	x25,x1,x31	  x1:0xfffff997 x31:0x000006d9 x25=0x00000000
     244115.000 ns	     24410	80004e84	099c3753	fsub.s	f14,f24,f25	 f24:0x44db2000 f25:0xcf200410 f14=0x4f200417
     244145.000 ns	     24413	80004e88	d0087553	fcvt.s.w	f10,x16	 x16:0x00000001 f10=0x3f800000
     244175.000 ns	     24416	80004e8c	286391d3	fmax.s	f3,f7,f6	  f7:0xa0040fe4  f6:0xbf7ba754  f3=0xa0040fe4
     244195.000 ns	     24418	80004e90	a3fd6e13	ori	x28,x26,-1473	 x26:0x00000000 x28=0xfffffa3f
     244215.000 ns	     24420	80004e94	d010ccd3	fcvt.s.wu	f25,x1	  x1:0x00000000 f25=0x00000000
     244245.000 ns	     24423	80004e98	20ae2e53	fsgnjx.s	f28,f28,f10	 f28:0x44f1b355 f10:0x3f800000 f28=0x44f1b355
     244295.000 ns	     24428	80004e9c	01f3cad3	fadd.s	f21,f7,f31	  f7:0xa0040fe4 f31:0xc6b50482 f21=0xc6b50482
     244335.000 ns	     24432	80004ea0	105a8ed3	fmul.s	f29,f21,f5	 f21:0x4f7fef7c  f5:0x00000000 f29=0x80000000
     244355.000 ns	     24434	80004ea4	40feda33	sra	x20,x29,x15	 x29:0xfffffc93 x15:0x7ffbf135 x20=0xffffffff
     244375.000 ns	     24436	80004ea8	e00e8c53	fmv.x.w	x24,f29	 f29:0x80000000 x24=0x80000000
     244745.000 ns	     24473	80004eac	0242d2b3	divu	x5,x5,x4	  x5:0x000002c0  x4:0x00000001  x5=0x000002c0
     244765.000 ns	     24475	80004eb0	75d4c613	xori	x12,x9,1885	  x9:0xffffffff x12=0xfffff8a2
     244775.000 ns	     24476	80004eb4	015d46b3	xor	x13,x26,x21	 x26:0x00000000 x21:0x7fffffff x13=0x7fffffff
     244805.000 ns	     24479	80004eb8	198b76d3	fdiv.s	f13,f22,f24	 f22:0xfffff997 f24:0x44db2000 f13=0x7fc00000
     244835.000 ns	     24482	80004ebc	201b19d3	fsgnjn.s	f19,f22,f1	 f22:0xfffff997  f1:0x4f7fef7c f19=0xfffff997
     244865.000 ns	     24485	80004ec0	039b7933	remu	x18,x22,x25	 x22:0x80041024 x25:0x00000000 x18=0x80041024
     244885.000 ns	     24487	80004ec4	40bdd233	sra	x4,x27,x11	 x27:0x00000000 x11:0x80000000  x4=0x00000000
     246055.000 ns	     24604	80004ec8	58007453	fsqrt.s	f8,f0	  f0:0x4f7fef7c  f8=0x4734f8b7
     246085.000 ns	     24607	80004ecc	21b69bd3	fsgnjn.s	f23,f13,f27	 f13:0x7fc00000 f27:0x00000000 f23=0xffc00000
     246115.000 ns	     24610	80004ed0	a0fa8653	fle.s	x12,f21,f15	 f21:0xc6b50482 f15:0x4f200410 x12=0x00000001
     246135.000 ns	     24612	80004ed4	65628813	addi	x16,x5,1622	  x5:0x000002c0 x16=0x00000916
     246155.000 ns	     24614	80004ed8	c0041e53	fcvt.w.s	x28,f8	  f8:0x4734f8b7 x28=0x0000b4f8
     246185.000 ns	     24617	80004edc	29c99953	fmax.s	f18,f19,f28	 f19:0xfffff997 f28:0x44f1b355 f18=0x44f1b355
     246205.000 ns	     24619	80004ee0	daf1f213	andi	x4,x3,-593	  x3:0x00000000  x4=0x00000000
     246215.000 ns	     24620	80004ee4	0142d6b3	srl	x13,x5,x20	  x5:0x000002c0 x20:0xffffffff x13=0x00000000
     246225.000 ns	     24621	80004ee8	0179f8b3	and	x17,x19,x23	 x19:0x000002dd x23:0xfffff8f2 x17=0x000000d0
     246245.000 ns	     24623	80004eec	21921e53	fsgnjn.s	f28,f4,f25	  f4:0x7fc00000 f25:0x00000000 f28=0xffc00000
     246265.000 ns	     24625	80004ef0	0084a2b3	slt	x5,x9,x8	  x9:0xffffffff  x8:0x00000000  x5=0x00000001
     246285.000 ns	     24627	80004ef4	d01f7553	fcvt.s.wu	f10,x30	 x30:0xfffff9ee f10=0x4f7ffff9
     246335.000 ns	     24632	80004ef8	09878ad3	fsub.s	f21,f15,f24	 f15:0x4f200410 f24:0x44db2000 f21=0x4f200409
     246365.000 ns	     24635	80004efc	e0058dd3	fmv.x.w	x27,f11	 f11:0x00000000 x27=0x00000000
     246395.000 ns	     24638	80004f00	02ac23b3	mulhsu	x7,x24,x10	 x24:0x80000000 x10:0x00000001  x7=0xffffffff
     246415.000 ns	     24640	80004f04	0156b933	sltu	x18,x13,x21	 x13:0x00000000 x21:0x7fffffff x18=0x00000001
     246435.000 ns	     24642	80004f08	03349c33	mulh	x24,x9,x19	  x9:0xffffffff x19:0x000002dd x24=0xffffffff
     246465.000 ns	     24645	80004f0c	f00084d3	fmv.w.x	f9,x1	  x1:0x00000000  f9=0x00000000
     246495.000 ns	     24648	80004f10	a16c0353	fle.s	x6,f24,f22	 f24:0x44db2000 f22:0xfffff997  x6=0x00000000
     246865.000 ns	     24685	80004f14	0334d9b3	divu	x19,x9,x19	  x9:0xffffffff x19:0x000002dd x19=0x0059686c
     246885.000 ns	     24687	80004f18	00a8da93	srli	x21,x17,0xa	 x17:0x000000d0 x21=0x00000000
     246905.000 ns	     24689	80004f1c	20362cd3	fsgnjx.s	f25,f12,f3	 f12:0x7fc00000  f3:0xa0040fe4 f25=0xffc00000
     246925.000 ns	     24691	80004f20	00fc4bb3	xor	x23,x24,x15	 x24:0xffffffff x15:0x7ffbf135 x23=0x80040eca
     246945.000 ns	     24693	80004f24	a0d08953	fle.s	x18,f1,f13	  f1:0x4f7fef7c f13:0x7fc00000 x18=0x00000000
     246975.000 ns	     24696	80004f28	a0620753	fle.s	x14,f4,f6	  f4:0x7fc00000  f6:0xbf7ba754 x14=0x00000000
     247005.000 ns	     24699	80004f2c	283f8453	fmin.s	f8,f31,f3	 f31:0xc6b50482  f3:0xa0040fe4  f8=0xc6b50482
     247035.000 ns	     24702	80004f30	d0171ed3	fcvt.s.wu	f29,x14	 x14:0x00000000 f29=0x00000000
     247055.000 ns	     24704	80004f34	59ad7e37	lui	x28,0x59ad7	 x28=0x59ad7000
     247075.000 ns	     24706	80004f38	0303adb3	mulhsu	x27,x7,x16	  x7:0xffffffff x16:0x00000916 x27=0xffffffff
     247105.000 ns	     24709	80004f3c	c00af953	fcvt.w.s	x18,f21	 f21:0x4f200409 x18=0x7fffffff
     247135.000 ns	     24712	80004f40	206d1553	fsgnjn.s	f10,f26,f6	 f26:0x7fc00000  f6:0xbf7ba754 f10=0x7fc00000
     247175.000 ns	     24716	80004f44	58067453	fsqrt.s	f8,f12	 f12:0x7fc00000  f8=0x7fc00000
     247195.000 ns	     24718	80004f48	b8d6e413	ori	x8,x13,-1139	 x13:0x00000000  x8=0xfffffb8d
     247215.000 ns	     24720	80004f4c	210928d3	fsgnjx.s	f17,f18,f16	 f18:0x44f1b355 f16:0x80000001 f17=0xc4f1b355
     247235.000 ns	     24722	80004f50	40578733	sub	x14,x15,x5	 x15:0x7ffbf135  x5:0x00000001 x14=0x7ffbf134
     247255.000 ns	     24724	80004f54	d010cd53	fcvt.s.wu	f26,x1	  x1:0x00000000 f26=0x00000000
     247285.000 ns	     24727	80004f58	20ca8cd3	fsgnj.s	f25,f21,f12	 f21:0x4f200409 f12:0x7fc00000 f25=0x4f200409
     247315.000 ns	     24730	80004f5c	d00e79d3	fcvt.s.w	f19,x28	 x28:0x59ad7000 f19=0x4eb35ae0
     247345.000 ns	     24733	80004f60	a0328fd3	fle.s	x31,f5,f3	  f5:0x00000000  f3:0xa0040fe4 x31=0x00000000
     247375.000 ns	     24736	80004f64	e0059e53	fclass.s	x28,f11	 f11:0x00000000 x28=0x00000010
     247395.000 ns	     24738	80004f68	01e6f6b3	and	x13,x13,x30	 x13:0x00000000 x30:0xfffff9ee x13=0x00000000
     247415.000 ns	     24740	80004f6c	c01227d3	fcvt.wu.s	x15,f4	  f4:0x7fc00000 x15=0xffffffff
     247445.000 ns	     24743	80004f70	21c00253	fsgnj.s	f4,f0,f28	  f0:0x4f7fef7c f28:0xffc00000  f4=0xcf7fef7c
     247475.000 ns	     24746	80004f74	f0070d53	fmv.w.x	f26,x14	 x14:0x7ffbf134 f26=0x7ffbf134
     247495.000 ns	     24748	80004f78	70241eb7	lui	x29,0x70241	 x29=0x70241000
     247515.000 ns	     24750	80004f7c	c007fad3	fcvt.w.s	x21,f15	 f15:0x4f200410 x21=0x7fffffff
     247535.000 ns	     24752	80004f80	b6573bb7	lui	x23,0xb6573	 x23=0xb6573000
     247575.000 ns	     24756	80004f84	0193cdd3	fadd.s	f27,f7,f25	  f7:0xa0040fe4 f25:0x4f200409 f27=0x4f200409
     247605.000 ns	     24759	80004f88	036721b3	mulhsu	x3,x14,x22	 x14:0x7ffbf134 x22:0x80041024  x3=0x4000009b
     247625.000 ns	     24761	80004f8c	c779b413	sltiu	x8,x19,-905	 x19:0x0059686c  x8=0x00000001
     247645.000 ns	     24763	80004f90	28d91b53	fmax.s	f22,f18,f13	 f18:0x44f1b355 f13:0x7fc00000 f22=0x44f1b355
     247675.000 ns	     24766	80004f94	a0538bd3	fle.s	x23,f7,f5	  f7:0xa0040fe4  f5:0x00000000 x23=0x00000001
     247715.000 ns	     24770	80004f98	19e5f953	fdiv.s	f18,f11,f30	 f11:0x00000000 f30:0x7fc00000 f18=0x7fc00000
     247745.000 ns	     24773	80004f9c	d01a83d3	fcvt.s.wu	f7,x21	 x21:0x7fffffff  f7=0x4f000000
     247765.000 ns	     24775	80004fa0	01a22f33	slt	x30,x4,x26	  x4:0x00000000 x26:0x00000000 x30=0x00000000
     247775.000 ns	     24776	80004fa4	00b82333	slt	x6,x16,x11	 x16:0x00000916 x11:0x80000000  x6=0x00000000
     247785.000 ns	     24777	80004fa8	008893b3	sll	x7,x17,x8	 x17:0x000000d0  x8:0x00000001  x7=0x000001a0
     247805.000 ns	     24779	80004fac	a0140fd3	fle.s	x31,f8,f1	  f8:0x7fc00000  f1:0x4f7fef7c x31=0x00000000
     247835.000 ns	     24782	80004fb0	e00f0453	fmv.x.w	x8,f30	 f30:0x7fc00000  x8=0x7fc00000
     247855.000 ns	     24784	80004fb4	01fda933	slt	x18,x27,x31	 x27:0xffffffff x31:0x00000000 x18=0x00000001
     247865.000 ns	     24785	80004fb8	b7dd0a93	addi	x21,x26,-1155	 x26:0x00000000 x21=0xfffffb7d
     247875.000 ns	     24786	80004fbc	00202db3	slt	x27,x0,x2	  x0:0x00000000  x2:0x80040fe4 x27=0x00000000
     247885.000 ns	     24787	80004fc0	bdbc82b7	lui	x5,0xbdbc8	  x5=0xbdbc8000
     247905.000 ns	     24789	80004fc4	21f11e53	fsgnjn.s	f28,f2,f31	  f2:0x4e000000 f31:0xc6b50482 f28=0x4e000000
     247935.000 ns	     24792	80004fc8	c0158a53	fcvt.wu.s	x20,f11	 f11:0x00000000 x20=0x00000000
     247975.000 ns	     24796	80004fcc	5806f2d3	fsqrt.s	f5,f13	 f13:0x7fc00000  f5=0x7fc00000
     247995.000 ns	     24798	80004fd0	28c9bb97	auipc	x23,0x28c9b	 x23=0xa8c9ffd0
     248005.000 ns	     24799	80004fd4	0033c7b3	xor	x15,x7,x3	  x7:0x000001a0  x3:0x4000009b x15=0x4000013b
     248025.000 ns	     24801	80004fd8	035618b3	mulh	x17,x12,x21	 x12:0x00000001 x21:0xfffffb7d x17=0xffffffff
     248045.000 ns	     24803	80004fdc	00812933	slt	x18,x2,x8	  x2:0x80040fe4  x8:0x7fc00000 x18=0x00000001
     248065.000 ns	     24805	80004fe0	03073533	mulhu	x10,x14,x16	 x14:0x7ffbf134 x16:0x00000916 x10=0x0000048a
     248095.000 ns	     24808	80004fe4	a0842a53	feq.s	x20,f8,f8	  f8:0x7fc00000  f8:0x7fc00000 x20=0x00000000
     248115.000 ns	     24810	80004fe8	01dd12b3	sll	x5,x26,x29	 x26:0x00000000 x29:0x70241000  x5=0x00000000
     248125.000 ns	     24811	80004fec	545ce8b7	lui	x17,0x545ce	 x17=0x545ce000
     248135.000 ns	     24812	80004ff0	003794b3	sll	x9,x15,x3	 x15:0x4000013b  x3:0x4000009b  x9=0xd8000000
     248165.000 ns	     24815	80004ff4	58082a53	fsqrt.s	f20,f16	 f16:0x80000001 f20=0x7fc00000
     248185.000 ns	     24817	80004ff8	009429b3	slt	x19,x8,x9	  x8:0x7fc00000  x9:0xffffffff x19=0x00000000
     248545.000 ns	     24853	80004ffc	0378c033	div	x0,x17,x23	 x17:0x545ce000 x23:0xa8c9ffd0
     248565.000 ns	     24855	80005000	cfaf0913	addi	x18,x30,-774	 x30:0x00000000 x18=0xfffffcfa
     248595.000 ns	     24858	80005004	10edf753	fmul.s	f14,f27,f14	 f27:0x4f200409 f14:0x4f200417 f14=0x5ec80a28
     248615.000 ns	     24860	80005008	019d0933	add	x18,x26,x25	 x26:0x00000000 x25:0x00000000 x18=0x00000000
     248635.000 ns	     24862	8000500c	21528053	fsgnj.s	f0,f5,f21	  f5:0x7fc00000 f21:0x4f200409  f0=0x7fc00000
     248685.000 ns	     24867	80005010	0914fbd3	fsub.s	f23,f9,f17	  f9:0x00000000 f17:0xc4f1b355 f23=0x44f1b355
     248705.000 ns	     24869	80005014	000ad1b3	srl	x3,x21,x0	 x21:0xfffffb7d  x0:0x00000000  x3=0xfffffb7d
     248715.000 ns	     24870	80005018	41505a33	sra	x20,x0,x21	  x0:0x00000000 x21:0xfffffb7d x20=0x00000000
     248735.000 ns	     24872	8000501c	d01677d3	fcvt.s.wu	f15,x12	 x12:0x00000001 f15=0x3f800000
     248755.000 ns	     24874	80005020	41aad733	sra	x14,x21,x26	 x21:0xfffffb7d x26:0x00000000 x14=0xfffffb7d
     249115.000 ns	     24910	80005024	0291e1b3	rem	x3,x3,x9	  x3:0xfffffb7d  x9:0xd8000000  x3=0xfffffb7d
     249135.000 ns	     24912	80005028	41f387b3	sub	x15,x7,x31	  x7:0x000001a0 x31:0x00000000 x15=0x000001a0
     249145.000 ns	     24913	8000502c	4156dd13	srai	x26,x13,0x15	 x13:0x00000000 x26=0x00000000
     249155.000 ns	     24914	80005030	00000013	addi	x0,x0,0	  x0:0x00000000
     249165.000 ns	     24915	80005034	c602c013	xori	x0,x5,-928	  x5:0x00000000
     249205.000 ns	     24919	80005038	08623dd3	fsub.s	f27,f4,f6	  f4:0xcf7fef7c  f6:0xbf7ba754 f27=0xcf7fef7b
     249225.000 ns	     24921	8000503c	85f67437	lui	x8,0x85f67	  x8=0x85f67000
     249235.000 ns	     24922	80005040	fb906197	auipc	x3,0xfb906	  x3=0x7b90b040
     249265.000 ns	     24925	80005044	196d70d3	fdiv.s	f1,f26,f22	 f26:0x7ffbf134 f22:0x44f1b355  f1=0x7fc00000
     249285.000 ns	     24927	80005048	000f6933	or	x18,x30,x0	 x30:0x00000000  x0:0x00000000 x18=0x00000000
     249645.000 ns	     24963	8000504c	03817033	remu	x0,x2,x24	  x2:0x80040fe4 x24:0xffffffff
     250015.000 ns	     25000	80005050	02eac433	div	x8,x21,x14	 x21:0xfffffb7d x14:0xfffffb7d  x8=0x00000001
     250355.000 ns	     25034	80005054	18f326d3	fdiv.s	f13,f6,f15	  f6:0xbf7ba754 f15:0x3f800000 f13=0xbf7ba68f
     250395.000 ns	     25038	80005058	1176a553	fmul.s	f10,f13,f23	 f13:0x7fc00000 f23:0x44f1b355 f10=0xc4ed9816
     250425.000 ns	     25041	8000505c	d0063253	fcvt.s.w	f4,x12	 x12:0x00000001  f4=0x3f800000
     250445.000 ns	     25043	80005060	00000013	addi	x0,x0,0	  x0:0x00000000
     250485.000 ns	     25047	80005064	008b77d3	fadd.s	f15,f22,f8	 f22:0x44f1b355  f8:0x7fc00000 f15=0x7fc00000
     250515.000 ns	     25050	80005068	022702b3	mul	x5,x14,x2	 x14:0xfffffb7d  x2:0x80040fe4  x5=0x6dac4e54
     250535.000 ns	     25052	8000506c	41855a33	sra	x20,x10,x24	 x10:0x0000048a x24:0xffffffff x20=0x00000000
     250565.000 ns	     25055	80005070	186d29d3	fdiv.s	f19,f26,f6	 f26:0x7ffbf134  f6:0xbf7ba754 f19=0x7fc00000
     250595.000 ns	     25058	80005074	d0122253	fcvt.s.wu	f4,x4	  x4:0x00000000  f4=0x00000000
     250635.000 ns	     25062	80005078	19afb5d3	fdiv.s	f11,f31,f26	 f31:0xc6b50482 f26:0x7ffbf134 f11=0x7fc00000
     250655.000 ns	     25064	8000507c	00fb38b3	sltu	x17,x22,x15	 x22:0x80041024 x15:0x000001a0 x17=0x00000000
     250665.000 ns	     25065	80005080	f63dc293	xori	x5,x27,-157	 x27:0x00000000  x5=0xffffff63
     250675.000 ns	     25066	80005084	1d5c6297	auipc	x5,0x1d5c6	  x5=0x9d5cb084
     250685.000 ns	     25067	80005088	3444b093	sltiu	x1,x9,836	  x9:0xd8000000  x1=0x00000000
     250695.000 ns	     25068	8000508c	769b6a93	ori	x21,x22,1897	 x22:0x80041024 x21=0x8004176d
     250705.000 ns	     25069	80005090	6d8f2693	slti	x13,x30,1752	 x30:0x00000000 x13=0x00000001
     250715.000 ns	     25070	80005094	945c4a13	xori	x20,x24,-1723	 x24:0xffffffff x20=0x000006ba
     250735.000 ns	     25072	80005098	037717b3	mulh	x15,x14,x23	 x14:0xfffffb7d x23:0xa8c9ffd0 x15=0x00000189
     250765.000 ns	     25075	8000509c	c01e7c53	fcvt.wu.s	x24,f28	 f28:0x4e000000 x24=0x20000000
     250795.000 ns	     25078	800050a0	02b21cb3	mulh	x25,x4,x11	  x4:0x00000000 x11:0x80000000 x25=0x00000000
     250845.000 ns	     25083	800050a4	08958ad3	fsub.s	f21,f11,f9	 f11:0x7fc00000  f9:0x00000000 f21=0x7fc00000
     250865.000 ns	     25085	800050a8	011bfe33	and	x28,x23,x17	 x23:0xa8c9ffd0 x17:0x00000000 x28=0x00000000
     250885.000 ns	     25087	800050ac	d00bfa53	fcvt.s.w	f20,x23	 x23:0xa8c9ffd0 f20=0xceae6c00
     251255.000 ns	     25124	800050b0	02e2dd33	divu	x26,x5,x14	  x5:0x9d5cb084 x14:0xfffffb7d x26=0x00000000
     251275.000 ns	     25126	800050b4	012cd7b3	srl	x15,x25,x18	 x25:0x00000000 x18:0x00000000 x15=0x00000000
     251285.000 ns	     25127	800050b8	ff80ee93	ori	x29,x1,-8	  x1:0x00000000 x29=0xfffffff8
     251305.000 ns	     25129	800050bc	022dbab3	mulhu	x21,x27,x2	 x27:0x00000000  x2:0x80040fe4 x21=0x00000000
     251675.000 ns	     25166	800050c0	02d26033	rem	x0,x4,x13	  x4:0x00000000 x13:0x00000001
     251695.000 ns	     25168	800050c4	f2c0bd37	lui	x26,0xf2c0b	 x26=0xf2c0b000
     251715.000 ns	     25170	800050c8	034b3433	mulhu	x8,x22,x20	 x22:0x80041024 x20:0x000006ba  x8=0x0000035d
     251745.000 ns	     25173	800050cc	d00df053	fcvt.s.w	f0,x27	 x27:0x00000000  f0=0x00000000
     251765.000 ns	     25175	800050d0	4bd8a713	slti	x14,x17,1213	 x17:0x00000000 x14=0x00000001
     251795.000 ns	     25178	800050d4	10d573d3	fmul.s	f7,f10,f13	 f10:0xc4ed9816 f13:0xbf7ba68f  f7=0x44e98eb3
     251815.000 ns	     25180	800050d8	40500d33	sub	x26,x0,x5	  x0:0x00000000  x5:0x9d5cb084 x26=0x62a34f7c
     251835.000 ns	     25182	800050dc	02132ab3	mulhsu	x21,x6,x1	  x6:0x00000000  x1:0x00000000 x21=0x00000000
     251865.000 ns	     25185	800050e0	021eb633	mulhu	x12,x29,x1	 x29:0xfffffff8  x1:0x00000000 x12=0x00000000
     251895.000 ns	     25188	800050e4	c00bfd53	fcvt.w.s	x26,f23	 f23:0x44f1b355 x26=0x0000078d
     251915.000 ns	     25190	800050e8	015ddd33	srl	x26,x27,x21	 x27:0x00000000 x21:0x00000000 x26=0x00000000
     251935.000 ns	     25192	800050ec	e00a1653	fclass.s	x12,f20	 f20:0xceae6c00 x12=0x00000002
     251965.000 ns	     25195	800050f0	c01dfa53	fcvt.wu.s	x20,f27	 f27:0xcf7fef7b x20=0xffef7b00
     251995.000 ns	     25198	800050f4	c00e79d3	fcvt.w.s	x19,f28	 f28:0x4e000000 x19=0x20000000
     252365.000 ns	     25235	800050f8	0369cbb3	div	x23,x19,x22	 x19:0x00000000 x22:0x80041024 x23=0x00000000
     252395.000 ns	     25238	800050fc	c0063053	fcvt.w.s	x0,f12	 f12:0x7fc00000
     252415.000 ns	     25240	80005100	41555533	sra	x10,x10,x21	 x10:0x0000048a x21:0x00000000 x10=0x0000048a
     252425.000 ns	     25241	80005104	14f3e693	ori	x13,x7,335	  x7:0x000001a0 x13=0x000001ef
     252465.000 ns	     25245	80005108	08f8fe53	fsub.s	f28,f17,f15	 f17:0xc4f1b355 f15:0x7fc00000 f28=0x7fc00000
     252495.000 ns	     25248	8000510c	c0017453	fcvt.w.s	x8,f2	  f2:0x4e000000  x8=0x20000000
     252515.000 ns	     25250	80005110	00bc1cb3	sll	x25,x24,x11	 x24:0x20000000 x11:0x80000000 x25=0x20000000
     252535.000 ns	     25252	80005114	c01824d3	fcvt.wu.s	x9,f16	 f16:0x80000001  x9=0x00000000
     252565.000 ns	     25255	80005118	20831bd3	fsgnjn.s	f23,f6,f8	  f6:0xbf7ba754  f8:0x7fc00000 f23=0xbf7ba754
     252585.000 ns	     25257	8000511c	416fd433	sra	x8,x31,x22	 x31:0x00000000 x22:0x80041024  x8=0x00000000
     252595.000 ns	     25258	80005120	0130e633	or	x12,x1,x19	  x1:0x00000000 x19:0x20000000 x12=0x20000000
     252615.000 ns	     25260	80005124	28e78853	fmin.s	f16,f15,f14	 f15:0x7fc00000 f14:0x5ec80a28 f16=0x5ec80a28
     252985.000 ns	     25297	80005128	030fcbb3	div	x23,x31,x16	 x31:0x00000000 x16:0x00000916 x23=0x00000000
     253015.000 ns	     25300	8000512c	a01512d3	flt.s	x5,f10,f1	 f10:0xc4ed9816  f1:0x7fc00000  x5=0x00000000
     253065.000 ns	     25305	80005130	004479d3	fadd.s	f19,f8,f4	  f8:0x7fc00000  f4:0x00000000 f19=0x7fc00000
     253095.000 ns	     25308	80005134	a0fe29d3	feq.s	x19,f28,f15	 f28:0x7fc00000 f15:0x7fc00000 x19=0x00000000
     253125.000 ns	     25311	80005138	e00a0953	fmv.x.w	x18,f20	 f20:0xceae6c00 x18=0xceae6c00
     253145.000 ns	     25313	8000513c	cd33c713	xori	x14,x7,-813	  x7:0x000001a0 x14=0xfffffd73
     253155.000 ns	     25314	80005140	01181933	sll	x18,x16,x17	 x16:0x00000916 x17:0x00000000 x18=0x00000916
     253175.000 ns	     25316	80005144	21cb0453	fsgnj.s	f8,f22,f28	 f22:0x44f1b355 f28:0x7fc00000  f8=0x44f1b355
     253195.000 ns	     25318	80005148	bfb761b7	lui	x3,0xbfb76	  x3=0xbfb76000
     253205.000 ns	     25319	8000514c	019faa33	slt	x20,x31,x25	 x31:0x00000000 x25:0x20000000 x20=0x00000001
     253225.000 ns	     25321	80005150	29d49053	fmax.s	f0,f9,f29	  f9:0x00000000 f29:0x00000000  f0=0x00000000
     253245.000 ns	     25323	80005154	41795d33	sra	x26,x18,x23	 x18:0x00000916 x23:0x00000000 x26=0x00000916
     253265.000 ns	     25325	80005158	d0167dd3	fcvt.s.wu	f27,x12	 x12:0x20000000 f27=0x4e000000
     253285.000 ns	     25327	8000515c	01f4e0b3	or	x1,x9,x31	  x9:0x00000000 x31:0x00000000  x1=0x00000000
     253295.000 ns	     25328	80005160	c3156213	ori	x4,x10,-975	 x10:0x0000048a  x4=0xfffffcbb
     253305.000 ns	     25329	80005164	40035713	srai	x14,x6,0x0	  x6:0x00000000 x14=0x00000000
     253315.000 ns	     25330	80005168	4d128a93	addi	x21,x5,1233	  x5:0x00000000 x21=0x000004d1
     253325.000 ns	     25331	8000516c	006209b3	add	x19,x4,x6	  x4:0xfffffcbb  x6:0x00000000 x19=0xfffffcbb
     253345.000 ns	     25333	80005170	02d0bcb3	mulhu	x25,x1,x13	  x1:0x00000000 x13:0x000001ef x25=0x00000000
     253375.000 ns	     25336	80005174	a0ae14d3	flt.s	x9,f28,f10	 f28:0x7fc00000 f10:0xc4ed9816  x9=0x00000000
     253405.000 ns	     25339	80005178	21d182d3	fsgnj.s	f5,f3,f29	  f3:0xa0040fe4 f29:0x00000000  f5=0x20040fe4
     253445.000 ns	     25343	8000517c	580d7fd3	fsqrt.s	f31,f26	 f26:0x7ffbf134 f31=0x7fc00000
     253465.000 ns	     25345	80005180	0162abb3	slt	x23,x5,x22	  x5:0x00000000 x22:0x80041024 x23=0x00000000
     253485.000 ns	     25347	80005184	d01a73d3	fcvt.s.wu	f7,x20	 x20:0x00000001  f7=0x3f800000
     253515.000 ns	     25350	80005188	d00c7653	fcvt.s.w	f12,x24	 x24:0x20000000 f12=0x4e000000
     253535.000 ns	     25352	8000518c	00a6de13	srli	x28,x13,0xa	 x13:0x000001ef x28=0x00000000
     253555.000 ns	     25354	80005190	e00b8f53	fmv.x.w	x30,f23	 f23:0xbf7ba754 x30=0xbf7ba754
     253585.000 ns	     25357	80005194	02e4b6b3	mulhu	x13,x9,x14	  x9:0x00000000 x14:0x00000000 x13=0x00000000
     253615.000 ns	     25360	80005198	e00f8dd3	fmv.x.w	x27,f31	 f31:0x7fc00000 x27=0x7fc00000
     253635.000 ns	     25362	8000519c	016eed33	or	x26,x29,x22	 x29:0xfffffff8 x22:0x80041024 x26=0xfffffffc
     253655.000 ns	     25364	800051a0	03ca0a33	mul	x20,x20,x28	 x20:0x00000001 x28:0x00000000 x20=0x00000000
     253685.000 ns	     25367	800051a4	d00d43d3	fcvt.s.w	f7,x26	 x26:0x00000916  f7=0xc0800000
     253705.000 ns	     25369	800051a8	9c523d93	sltiu	x27,x4,-1595	  x4:0xfffffcbb x27=0x00000000
     253715.000 ns	     25370	800051ac	8d590693	addi	x13,x18,-1835	 x18:0x00000916 x13=0x000001eb
     253735.000 ns	     25372	800051b0	217411d3	fsgnjn.s	f3,f8,f23	  f8:0x44f1b355 f23:0xbf7ba754  f3=0x44f1b355
     253765.000 ns	     25375	800051b4	d0107853	fcvt.s.wu	f16,x0	  x0:0x00000000 f16=0x00000000
     253785.000 ns	     25377	800051b8	01fe9793	slli	x15,x29,0x1f	 x29:0xfffffff8 x15=0x00000000
     253795.000 ns	     25378	800051bc	918ec013	xori	x0,x29,-1768	 x29:0xfffffff8
     253805.000 ns	     25379	800051c0	007c6e33	or	x28,x24,x7	 x24:0x20000000  x7:0x000001a0 x28=0x200001a0
     253815.000 ns	     25380	800051c4	ce9b73b7	lui	x7,0xce9b7	  x7=0xce9b7000
     253835.000 ns	     25382	800051c8	20102d53	fsgnjx.s	f26,f0,f1	  f0:0x00000000  f1:0x7fc00000 f26=0x00000000
     253855.000 ns	     25384	800051cc	017e54b3	srl	x9,x28,x23	 x28:0x200001a0 x23:0x00000000  x9=0x200001a0
     253875.000 ns	     25386	800051d0	03052eb3	mulhsu	x29,x10,x16	 x10:0x0000048a x16:0x00000916 x29=0x00000000
     253905.000 ns	     25389	800051d4	d01df3d3	fcvt.s.wu	f7,x27	 x27:0x00000000  f7=0x00000000
     253935.000 ns	     25392	800051d8	034f9933	mulh	x18,x31,x20	 x31:0x00000000 x20:0x00000000 x18=0x00000000
     253965.000 ns	     25395	800051dc	e0028853	fmv.x.w	x16,f5	  f5:0x20040fe4 x16=0x20040fe4
     253985.000 ns	     25397	800051e0	05e38313	addi	x6,x7,94	  x7:0xce9b7000  x6=0xce9b705e
     253995.000 ns	     25398	800051e4	dd860d13	addi	x26,x12,-552	 x12:0x20000000 x26=0x1ffffdd8
     254005.000 ns	     25399	800051e8	00411893	slli	x17,x2,0x4	  x2:0x80040fe4 x17=0x0040fe40
     254015.000 ns	     25400	800051ec	ccae4493	xori	x9,x28,-822	 x28:0x200001a0  x9=0xdffffd6a
     254025.000 ns	     25401	800051f0	000d27b3	slt	x15,x26,x0	 x26:0x1ffffdd8  x0:0x00000000 x15=0x00000000
     254045.000 ns	     25403	800051f4	e0010053	fmv.x.w	x0,f2	  f2:0x4e000000
     254065.000 ns	     25405	800051f8	0148e633	or	x12,x17,x20	 x17:0x0040fe40 x20:0x00000000 x12=0x0040fe40
     254085.000 ns	     25407	800051fc	f0018853	fmv.w.x	f16,x3	  x3:0xbfb76000 f16=0xbfb76000
     254125.000 ns	     25411	80005200	10760053	fmul.s	f0,f12,f7	 f12:0x4e000000  f7:0x00000000  f0=0x00000000
     254155.000 ns	     25414	80005204	a1349d53	flt.s	x26,f9,f19	  f9:0x00000000 f19:0x7fc00000 x26=0x00000000
     254185.000 ns	     25417	80005208	d01d1053	fcvt.s.wu	f0,x26	 x26:0x1ffffdd8  f0=0x00000000
     254205.000 ns	     25419	8000520c	0655ba13	sltiu	x20,x11,101	 x11:0x80000000 x20=0x00000000
     254225.000 ns	     25421	80005210	03183e33	mulhu	x28,x16,x17	 x16:0x20040fe4 x17:0x0040fe40 x28=0x000820d0
     254255.000 ns	     25424	80005214	e00389d3	fmv.x.w	x19,f7	  f7:0x00000000 x19=0x00000000
     254275.000 ns	     25426	80005218	192beb93	ori	x23,x23,402	 x23:0x00000000 x23=0x00000192
     254305.000 ns	     25429	8000521c	193ff253	fdiv.s	f4,f31,f19	 f31:0x7fc00000 f19:0x7fc00000  f4=0x7fc00000
     254335.000 ns	     25432	80005220	e0010cd3	fmv.x.w	x25,f2	  f2:0x4e000000 x25=0x4e000000
     254355.000 ns	     25434	80005224	01528f33	add	x30,x5,x21	  x5:0x00000000 x21:0x000004d1 x30=0x000004d1
     254365.000 ns	     25435	80005228	18d30213	addi	x4,x6,397	  x6:0xce9b705e  x4=0xce9b71eb
     254375.000 ns	     25436	8000522c	a1a8f613	andi	x12,x17,-1510	 x17:0x0040fe40 x12=0x0040fa00
     254395.000 ns	     25438	80005230	208ea0d3	fsgnjx.s	f1,f29,f8	 f29:0x00000000  f8:0x44f1b355  f1=0x00000000
     254415.000 ns	     25440	80005234	35e0ab93	slti	x23,x1,862	  x1:0x00000000 x23=0x00000001
     254425.000 ns	     25441	80005238	d4da4a93	xori	x21,x20,-691	 x20:0x00000000 x21=0xfffffd4d
     254445.000 ns	     25443	8000523c	0309a2b3	mulhsu	x5,x19,x16	 x19:0x00000000 x16:0x20040fe4  x5=0x00000000
     254815.000 ns	     25480	80005240	03ec77b3	remu	x15,x24,x30	 x24:0x20000000 x30:0x000004d1 x15=0x00000206
     254835.000 ns	     25482	80005244	45024513	xori	x10,x4,1104	  x4:0xce9b71eb x10=0xce9b75bb
     254855.000 ns	     25484	80005248	02c797b3	mulh	x15,x15,x12	 x15:0x00000206 x12:0x0040fa00 x15=0x00000000
     254885.000 ns	     25487	8000524c	034b7933	remu	x18,x22,x20	 x22:0x80041024 x20:0x00000000 x18=0x80041024
     254905.000 ns	     25489	80005250	01dc2933	slt	x18,x24,x29	 x24:0x20000000 x29:0x00000000 x18=0x00000000
     254925.000 ns	     25491	80005254	e00a10d3	fclass.s	x1,f20	 f20:0xceae6c00  x1=0x00000002
     254965.000 ns	     25495	80005258	118a76d3	fmul.s	f13,f20,f24	 f20:0xceae6c00 f24:0x44db2000 f13=0xd4154c32
     254985.000 ns	     25497	8000525c	392f22b7	lui	x5,0x392f2	  x5=0x392f2000
     255005.000 ns	     25499	80005260	030a9233	mulh	x4,x21,x16	 x21:0xfffffd4d x16:0x20040fe4  x4=0xffffffa9
     255035.000 ns	     25502	80005264	29988ad3	fmin.s	f21,f17,f25	 f17:0xc4f1b355 f25:0x4f200409 f21=0xc4f1b355
     255055.000 ns	     25504	80005268	00077db3	and	x27,x14,x0	 x14:0x00000000  x0:0x00000000 x27=0x00000000
     255095.000 ns	     25508	8000526c	01f876d3	fadd.s	f13,f16,f31	 f16:0xbfb76000 f31:0x7fc00000 f13=0x7fc00000
     255115.000 ns	     25510	80005270	40465b93	srai	x23,x12,0x4	 x12:0x0040fa00 x23=0x00040fa0
     255125.000 ns	     25511	80005274	0048ccb3	xor	x25,x17,x4	 x17:0x0040fe40  x4:0xffffffa9 x25=0xffbf01e9
     255145.000 ns	     25513	80005278	034afcb3	remu	x25,x21,x20	 x21:0xfffffd4d x20:0x00000000 x25=0xfffffd4d
     255175.000 ns	     25516	8000527c	02e389b3	mul	x19,x7,x14	  x7:0xce9b7000 x14:0x00000000 x19=0x00000000
     255195.000 ns	     25518	80005280	4012dc33	sra	x24,x5,x1	  x5:0x392f2000  x1:0x00000002 x24=0x0e4bc800
     255205.000 ns	     25519	80005284	406dd513	srai	x10,x27,0x6	 x27:0x00000000 x10=0x00000000
     255215.000 ns	     25520	80005288	9e06ad93	slti	x27,x13,-1568	 x13:0x000001eb x27=0x00000000
     255235.000 ns	     25522	8000528c	20da1a53	fsgnjn.s	f20,f20,f13	 f20:0xceae6c00 f13:0x7fc00000 f20=0xceae6c00
     255265.000 ns	     25525	80005290	03af5c33	divu	x24,x30,x26	 x30:0x000004d1 x26:0x00000000 x24=0xffffffff
     255295.000 ns	     25528	80005294	28a78253	fmin.s	f4,f15,f10	 f15:0x7fc00000 f10:0xc4ed9816  f4=0xc4ed9816
     255325.000 ns	     25531	80005298	e0001c53	fclass.s	x24,f0	  f0:0x00000000 x24=0x00000010
     255375.000 ns	     25536	8000529c	0082f1d3	fadd.s	f3,f5,f8	  f5:0x20040fe4  f8:0x44f1b355  f3=0x44f1b355
     255715.000 ns	     25570	800052a0	19747f53	fdiv.s	f30,f8,f23	  f8:0x44f1b355 f23:0xbf7ba754 f30=0xc56afbcc
     255745.000 ns	     25573	800052a4	03d6ffb3	remu	x31,x13,x29	 x13:0x000001eb x29:0x00000000 x31=0x000001eb
     255765.000 ns	     25575	800052a8	01e0d733	srl	x14,x1,x30	  x1:0x00000002 x30:0x000004d1 x14=0x00000000
     255795.000 ns	     25578	800052ac	58097bd3	fsqrt.s	f23,f18	 f18:0x7fc00000 f23=0x7fc00000
     255815.000 ns	     25580	800052b0	90056893	ori	x17,x10,-1792	 x10:0x00000000 x17=0xfffff900
     255835.000 ns	     25582	800052b4	d01a9ed3	fcvt.s.wu	f29,x21	 x21:0xfffffd4d f29=0x4f7ffffd
     255865.000 ns	     25585	800052b8	a182aed3	feq.s	x29,f5,f24	  f5:0x20040fe4 f24:0x44db2000 x29=0x00000000
     255885.000 ns	     25587	800052bc	016cc9b3	xor	x19,x25,x22	 x25:0xfffffd4d x22:0x80041024 x19=0x7ffbed69
     255905.000 ns	     25589	800052c0	296897d3	fmax.s	f15,f17,f22	 f17:0xc4f1b355 f22:0x44f1b355 f15=0x44f1b355
     255935.000 ns	     25592	800052c4	e0090dd3	fmv.x.w	x27,f18	 f18:0x7fc00000 x27=0x7fc00000
     255955.000 ns	     25594	800052c8	01720233	add	x4,x4,x23	  x4:0xffffffa9 x23:0x00040fa0  x4=0x00040f49
     255965.000 ns	     25595	800052cc	00138233	add	x4,x7,x1	  x7:0xce9b7000  x1:0x00000002  x4=0xce9b7002
     255985.000 ns	     25597	800052d0	d00533d3	fcvt.s.w	f7,x10	 x10:0x00000000  f7=0x00000000
     256005.000 ns	     25599	800052d4	ca900313	addi	x6,x0,-855	  x0:0x00000000  x6=0xfffffca9
     256035.000 ns	     25602	800052d8	11dc7753	fmul.s	f14,f24,f29	 f24:0x44db2000 f29:0x4f7ffffd f14=0x54db1ffd
     256055.000 ns	     25604	800052dc	ab373197	auipc	x3,0xab373	  x3=0x2b3782dc
     256085.000 ns	     25607	800052e0	10b973d3	fmul.s	f7,f18,f11	 f18:0x7fc00000 f11:0x7fc00000  f7=0x7fc00000
     256115.000 ns	     25610	800052e4	29fe0d53	fmin.s	f26,f28,f31	 f28:0x7fc00000 f31:0x7fc00000 f26=0x7fc00000
     256135.000 ns	     25612	800052e8	946c6d93	ori	x27,x24,-1722	 x24:0x00000010 x27=0xfffff956
     256155.000 ns	     25614	800052ec	034b5033	divu	x0,x22,x20	 x22:0x80041024 x20:0x00000000
     256175.000 ns	     25616	800052f0	66482e93	slti	x29,x16,1636	 x16:0x20040fe4 x29=0x00000000
     256185.000 ns	     25617	800052f4	00000013	addi	x0,x0,0	  x0:0x00000000
     256205.000 ns	     25619	800052f8	206389d3	fsgnj.s	f19,f7,f6	  f7:0x7fc00000  f6:0xbf7ba754 f19=0xffc00000
     256235.000 ns	     25622	800052fc	f0008753	fmv.w.x	f14,x1	  x1:0x00000002 f14=0x00000002
     256255.000 ns	     25624	80005300	ef04b297	auipc	x5,0xef04b	  x5=0x6f050300
     256275.000 ns	     25626	80005304	025a1bb3	mulh	x23,x20,x5	 x20:0x00000000  x5:0x392f2000 x23=0x00000000
     256305.000 ns	     25629	80005308	035a21b3	mulhsu	x3,x20,x21	 x20:0x00000000 x21:0xfffffd4d  x3=0x00000000
     256335.000 ns	     25632	8000530c	d00acbd3	fcvt.s.w	f23,x21	 x21:0xfffffd4d f23=0xc42cc000
     256355.000 ns	     25634	80005310	00d8d793	srli	x15,x17,0xd	 x17:0xfffff900 x15=0x0007ffff
     256375.000 ns	     25636	80005314	d002f053	fcvt.s.w	f0,x5	  x5:0x6f050300  f0=0x4ede0a06
     256395.000 ns	     25638	80005318	00fef533	and	x10,x29,x15	 x29:0x00000000 x15:0x00000000 x10=0x00000000
     256405.000 ns	     25639	8000531c	0052f833	and	x16,x5,x5	  x5:0x6f050300  x5:0x6f050300 x16=0x6f050300
     256415.000 ns	     25640	80005320	212bd797	auipc	x15,0x212bd	 x15=0xa12c2320
     256425.000 ns	     25641	80005324	c4304e93	xori	x29,x0,-957	  x0:0x00000000 x29=0xfffffc43
     256435.000 ns	     25642	80005328	3e29b417	auipc	x8,0x3e29b	  x8=0xbe2a0328
     256445.000 ns	     25643	8000532c	009cdc33	srl	x24,x25,x9	 x25:0xfffffd4d  x9:0xdffffd6a x24=0x003fffff
     256485.000 ns	     25647	80005330	09960153	fsub.s	f2,f12,f25	 f12:0x4e000000 f25:0x4f200409  f2=0xcf000409
     256525.000 ns	     25651	80005334	580f3bd3	fsqrt.s	f23,f30	 f30:0xc56afbcc f23=0x7fc00000
     256545.000 ns	     25653	80005338	41fe0933	sub	x18,x28,x31	 x28:0x000820d0 x31:0x000001eb x18=0x00081ee5
     256555.000 ns	     25654	8000533c	41eadb93	srai	x23,x21,0x1e	 x21:0xfffffd4d x23=0xffffffff
     256575.000 ns	     25656	80005340	21998253	fsgnj.s	f4,f19,f25	 f19:0xffc00000 f25:0x4f200409  f4=0x7fc00000
     256595.000 ns	     25658	80005344	0185cbb3	xor	x23,x11,x24	 x11:0x80000000 x24:0x003fffff x23=0x803fffff
     256615.000 ns	     25660	80005348	211098d3	fsgnjn.s	f17,f1,f17	  f1:0x00000000 f17:0xc4f1b355 f17=0x00000000
     256645.000 ns	     25663	8000534c	d00728d3	fcvt.s.w	f17,x14	 x14:0x00000000 f17=0x00000000
     256665.000 ns	     25665	80005350	00729413	slli	x8,x5,0x7	  x5:0x6f050300  x8=0x82818000
     256685.000 ns	     25667	80005354	f00a0453	fmv.w.x	f8,x20	 x20:0x00000000  f8=0x00000000
     256715.000 ns	     25670	80005358	f0040ed3	fmv.w.x	f29,x8	  x8:0xbe2a0328 f29=0x82818000
     256735.000 ns	     25672	8000535c	00000013	addi	x0,x0,0	  x0:0x00000000
     256775.000 ns	     25676	80005360	09977ad3	fsub.s	f21,f14,f25	 f14:0x00000002 f25:0x4f200409 f21=0xcf200409
     256805.000 ns	     25679	80005364	28f10f53	fmin.s	f30,f2,f15	  f2:0xcf000409 f15:0x44f1b355 f30=0xcf000409
     256825.000 ns	     25681	80005368	004f7733	and	x14,x30,x4	 x30:0x000004d1  x4:0xce9b7002 x14=0x00000000
     256835.000 ns	     25682	8000536c	b477ed13	ori	x26,x15,-1209	 x15:0xa12c2320 x26=0xfffffb67
     256845.000 ns	     25683	80005370	01d20433	add	x8,x4,x29	  x4:0xce9b7002 x29:0xfffffc43  x8=0xce9b6c45
     256855.000 ns	     25684	80005374	00207633	and	x12,x0,x2	  x0:0x00000000  x2:0x80040fe4 x12=0x00000000
     256875.000 ns	     25686	80005378	a1d19353	flt.s	x6,f3,f29	  f3:0x44f1b355 f29:0x82818000  x6=0x00000000
     256895.000 ns	     25688	8000537c	0046bbb3	sltu	x23,x13,x4	 x13:0x000001eb  x4:0xce9b7002 x23=0x00000001
     257255.000 ns	     25724	80005380	03d176b3	remu	x13,x2,x29	  x2:0x80040fe4 x29:0xfffffc43 x13=0x80040fe4
     257285.000 ns	     25727	80005384	21ac1d53	fsgnjn.s	f26,f24,f26	 f24:0x44db2000 f26:0x7fc00000 f26=0xc4db2000
     257335.000 ns	     25732	80005388	010c2253	fadd.s	f4,f24,f16	 f24:0x44db2000 f16:0xbfb76000  f4=0x44daf228
     257365.000 ns	     25735	8000538c	d00a7053	fcvt.s.w	f0,x20	 x20:0x00000000  f0=0x00000000
     257395.000 ns	     25738	80005390	a0029453	flt.s	x8,f5,f0	  f5:0x20040fe4  f0:0x4ede0a06  x8=0x00000000
     257415.000 ns	     25740	80005394	0119dfb3	srl	x31,x19,x17	 x19:0x7ffbed69 x17:0xfffff900 x31=0x7ffbed69
     257435.000 ns	     25742	80005398	03f18533	mul	x10,x3,x31	  x3:0x00000000 x31:0x000001eb x10=0x00000000
     257465.000 ns	     25745	8000539c	02ca53b3	divu	x7,x20,x12	 x20:0x00000000 x12:0x00000000  x7=0xffffffff
     257485.000 ns	     25747	800053a0	400ad993	srai	x19,x21,0x0	 x21:0xfffffd4d x19=0xfffffd4d
     257495.000 ns	     25748	800053a4	9299c613	xori	x12,x19,-1751	 x19:0x7ffbed69 x12=0x00000464
     257515.000 ns	     25750	800053a8	c009f653	fcvt.w.s	x12,f19	 f19:0xffc00000 x12=0x7fffffff
     257535.000 ns	     25752	800053ac	00cffab3	and	x21,x31,x12	 x31:0x7ffbed69 x12:0x00000000 x21=0x7ffbed69
     257545.000 ns	     25753	800053b0	007c9733	sll	x14,x25,x7	 x25:0xfffffd4d  x7:0xffffffff x14=0x80000000
     257575.000 ns	     25756	800053b4	118185d3	fmul.s	f11,f3,f24	  f3:0x44f1b355 f24:0x44db2000 f11=0x4a4ee2a0
     257605.000 ns	     25759	800053b8	c01e9653	fcvt.wu.s	x12,f29	 f29:0x82818000 x12=0x00000000
     257635.000 ns	     25762	800053bc	a16200d3	fle.s	x1,f4,f22	  f4:0x44daf228 f22:0x44f1b355  x1=0x00000001
     257655.000 ns	     25764	800053c0	40ae86b3	sub	x13,x29,x10	 x29:0xfffffc43 x10:0x00000000 x13=0xfffffc43
     257665.000 ns	     25765	800053c4	013efe33	and	x28,x29,x19	 x29:0xfffffc43 x19:0xfffffd4d x28=0xfffffc41
     257675.000 ns	     25766	800053c8	f591b217	auipc	x4,0xf591b	  x4=0x759203c8
     257685.000 ns	     25767	800053cc	0169d1b3	srl	x3,x19,x22	 x19:0xfffffd4d x22:0x80041024  x3=0x0fffffd4
     257705.000 ns	     25769	800053d0	214b9ed3	fsgnjn.s	f29,f23,f20	 f23:0x7fc00000 f20:0xceae6c00 f29=0x7fc00000
     257735.000 ns	     25772	800053d4	a13c2f53	feq.s	x30,f24,f19	 f24:0x44db2000 f19:0xffc00000 x30=0x00000000
     257755.000 ns	     25774	800053d8	015b2733	slt	x14,x22,x21	 x22:0x80041024 x21:0x7ffbed69 x14=0x00000001
     257765.000 ns	     25775	800053dc	b05ff413	andi	x8,x31,-1275	 x31:0x7ffbed69  x8=0x7ffbe901
     257775.000 ns	     25776	800053e0	4144d913	srai	x18,x9,0x14	  x9:0xdffffd6a x18=0xfffffdff
     258135.000 ns	     25812	800053e4	036fc4b3	div	x9,x31,x22	 x31:0x7ffbed69 x22:0x80041024  x9=0x00000000
     258155.000 ns	     25814	800053e8	5e352993	slti	x19,x10,1507	 x10:0x00000000 x19=0x00000001
     258175.000 ns	     25816	800053ec	e0030c53	fmv.x.w	x24,f6	  f6:0xbf7ba754 x24=0xbf7ba754
     258195.000 ns	     25818	800053f0	00cb81b3	add	x3,x23,x12	 x23:0x00000001 x12:0x00000000  x3=0x00000001
     258215.000 ns	     25820	800053f4	d0057853	fcvt.s.w	f16,x10	 x10:0x00000000 f16=0x00000000
     258245.000 ns	     25823	800053f8	c01cf6d3	fcvt.wu.s	x13,f25	 f25:0x4f200409 x13=0xa0040900
     258265.000 ns	     25825	800053fc	01f8e933	or	x18,x17,x31	 x17:0xfffff900 x31:0x7ffbed69 x18=0xfffffd69
     258285.000 ns	     25827	80005400	28a594d3	fmax.s	f9,f11,f10	 f11:0x4a4ee2a0 f10:0xc4ed9816  f9=0x4a4ee2a0
     258315.000 ns	     25830	80005404	c01eac53	fcvt.wu.s	x24,f29	 f29:0x7fc00000 x24=0xffffffff
     258345.000 ns	     25833	80005408	036708b3	mul	x17,x14,x22	 x14:0x00000001 x22:0x80041024 x17=0x80041024
     258365.000 ns	     25835	8000540c	009b1233	sll	x4,x22,x9	 x22:0x80041024  x9:0x00000000  x4=0x80041024
     258375.000 ns	     25836	80005410	008606b3	add	x13,x12,x8	 x12:0x00000000  x8:0x7ffbe901 x13=0x7ffbe901
     258385.000 ns	     25837	80005414	007d5bb3	srl	x23,x26,x7	 x26:0xfffffb67  x7:0xffffffff x23=0x00000001
     258395.000 ns	     25838	80005418	25f6bab7	lui	x21,0x25f6b	 x21=0x25f6b000
     258405.000 ns	     25839	8000541c	00000013	addi	x0,x0,0	  x0:0x00000000
     258425.000 ns	     25841	80005420	d01f9fd3	fcvt.s.wu	f31,x31	 x31:0x7ffbed69 f31=0x4efff7da
     258455.000 ns	     25844	80005424	f00f0553	fmv.w.x	f10,x30	 x30:0x00000000 f10=0x00000000
     258475.000 ns	     25846	80005428	01362e33	slt	x28,x12,x19	 x12:0x00000000 x19:0x00000001 x28=0x00000001
     258485.000 ns	     25847	8000542c	01198333	add	x6,x19,x17	 x19:0x00000001 x17:0x80041024  x6=0x80041025
     258515.000 ns	     25850	80005430	11e0fa53	fmul.s	f20,f1,f30	  f1:0x00000000 f30:0xcf000409 f20=0x80000000
     258545.000 ns	     25853	80005434	c00ef553	fcvt.w.s	x10,f29	 f29:0x7fc00000 x10=0x7fffffff
     258885.000 ns	     25887	80005438	195ca6d3	fdiv.s	f13,f25,f21	 f25:0x4f200409 f21:0xcf200409 f13=0xbf20040a
     258925.000 ns	     25891	8000543c	11cf71d3	fmul.s	f3,f30,f28	 f30:0xcf000409 f28:0x7fc00000  f3=0x7fc00000
     258955.000 ns	     25894	80005440	a16aaf53	feq.s	x30,f21,f22	 f21:0xcf200409 f22:0x44f1b355 x30=0x00000000
     258985.000 ns	     25897	80005444	03b61033	mulh	x0,x12,x27	 x12:0x00000000 x27:0xfffff956
     259015.000 ns	     25900	80005448	295f9353	fmax.s	f6,f31,f21	 f31:0x4efff7da f21:0xcf200409  f6=0x4efff7da
     259045.000 ns	     25903	8000544c	21200553	fsgnj.s	f10,f0,f18	  f0:0x00000000 f18:0x7fc00000 f10=0x00000000
     259075.000 ns	     25906	80005450	a0102f53	feq.s	x30,f0,f1	  f0:0x00000000  f1:0x00000000 x30=0x00000001
     259095.000 ns	     25908	80005454	01ba2833	slt	x16,x20,x27	 x20:0x00000000 x27:0xfffff956 x16=0x00000000
     259105.000 ns	     25909	80005458	010b13b3	sll	x7,x22,x16	 x22:0x80041024 x16:0x6f050300  x7=0x80041024
     259465.000 ns	     25945	8000545c	02df6733	rem	x14,x30,x13	 x30:0x00000001 x13:0x7ffbe901 x14=0x00000001
     259495.000 ns	     25948	80005460	c01c2fd3	fcvt.wu.s	x31,f24	 f24:0x44db2000 x31=0x000006d9
     259515.000 ns	     25950	80005464	0061cd33	xor	x26,x3,x6	  x3:0x00000001  x6:0x80041025 x26=0x80041024
     259525.000 ns	     25951	80005468	00928db3	add	x27,x5,x9	  x5:0x6f050300  x9:0x00000000 x27=0x6f050300
     259535.000 ns	     25952	8000546c	41b25513	srai	x10,x4,0x1b	  x4:0x80041024 x10=0xfffffff0
     259555.000 ns	     25954	80005470	03e117b3	mulh	x15,x2,x30	  x2:0x80040fe4 x30:0x00000001 x15=0xffffffff
     259585.000 ns	     25957	80005474	c0164853	fcvt.wu.s	x16,f12	 f12:0x4e000000 x16=0x20000000
     259625.000 ns	     25961	80005478	18b47653	fdiv.s	f12,f8,f11	  f8:0x00000000 f11:0x4a4ee2a0 f12=0x00000000
     259995.000 ns	     25998	8000547c	0227f033	remu	x0,x15,x2	 x15:0xffffffff  x2:0x80040fe4
     260015.000 ns	     26000	80005480	4bee7493	andi	x9,x28,1214	 x28:0x00000001  x9=0x00000000
     260025.000 ns	     26001	80005484	9f956013	ori	x0,x10,-1543	 x10:0xfffffff0
     260045.000 ns	     26003	80005488	d0084453	fcvt.s.w	f8,x16	 x16:0x20000000  f8=0x4e000000
     260075.000 ns	     26006	8000548c	c007c053	fcvt.w.s	x0,f15	 f15:0x44f1b355
     260095.000 ns	     26008	80005490	014e4033	xor	x0,x28,x20	 x28:0x00000001 x20:0x00000000
     260105.000 ns	     26009	80005494	004306b3	add	x13,x6,x4	  x6:0x80041025  x4:0x80041024 x13=0x00082049
     260115.000 ns	     26010	80005498	13bd8e13	addi	x28,x27,315	 x27:0x6f050300 x28=0x6f05043b
     260135.000 ns	     26012	8000549c	e0039953	fclass.s	x18,f7	  f7:0x7fc00000 x18=0x00000200
     260165.000 ns	     26015	800054a0	02018533	mul	x10,x3,x0	  x3:0x00000001  x0:0x00000000 x10=0x00000000
     260195.000 ns	     26018	800054a4	a1ce8dd3	fle.s	x27,f29,f28	 f29:0x7fc00000 f28:0x7fc00000 x27=0x00000000
     260215.000 ns	     26020	800054a8	00000013	addi	x0,x0,0	  x0:0x00000000
     260225.000 ns	     26021	800054ac	01b45013	srli	x0,x8,0x1b	  x8:0x7ffbe901
     260245.000 ns	     26023	800054b0	f00f8ed3	fmv.w.x	f29,x31	 x31:0x000006d9 f29=0x000006d9
     260285.000 ns	     26027	800054b4	18807453	fdiv.s	f8,f0,f8	  f0:0x00000000  f8:0x4e000000  f8=0x00000000
     260315.000 ns	     26030	800054b8	02988833	mul	x16,x17,x9	 x17:0x80041024  x9:0x00000000 x16=0x00000000
     260335.000 ns	     26032	800054bc	00d16033	or	x0,x2,x13	  x2:0x80040fe4 x13:0x00082049
     260355.000 ns	     26034	800054c0	21e29553	fsgnjn.s	f10,f5,f30	  f5:0x20040fe4 f30:0xcf000409 f10=0x20040fe4
     260405.000 ns	     26039	800054c4	094640d3	fsub.s	f1,f12,f20	 f12:0x00000000 f20:0x80000000  f1=0x00000000
     260425.000 ns	     26041	800054c8	05bca893	slti	x17,x25,91	 x25:0xfffffd4d x17=0x00000001
     260435.000 ns	     26042	800054cc	052cdc17	auipc	x24,0x52cd	 x24=0x852d24cc
     260445.000 ns	     26043	800054d0	004c1ab3	sll	x21,x24,x4	 x24:0xffffffff  x4:0x80041024 x21=0x52d24cc0
     260455.000 ns	     26044	800054d4	e2abb213	sltiu	x4,x23,-470	 x23:0x00000001  x4=0x00000001
     260485.000 ns	     26047	800054d8	11841753	fmul.s	f14,f8,f24	  f8:0x00000000 f24:0x44db2000 f14=0x00000000
     260505.000 ns	     26049	800054dc	41550233	sub	x4,x10,x21	 x10:0x00000000 x21:0x52d24cc0  x4=0xad2db340
     260525.000 ns	     26051	800054e0	c01ecc53	fcvt.wu.s	x24,f29	 f29:0x000006d9 x24=0x00000000
     260545.000 ns	     26053	800054e4	409bd693	srai	x13,x23,0x9	 x23:0x00000001 x13=0x00000000
     260555.000 ns	     26054	800054e8	5c0ce993	ori	x19,x25,1472	 x25:0xfffffd4d x19=0xfffffdcd
     260915.000 ns	     26090	800054ec	0242d033	divu	x0,x5,x4	  x5:0x6f050300  x4:0xad2db340
     262095.000 ns	     26208	800054f0	58058d53	fsqrt.s	f26,f11	 f11:0x4a4ee2a0 f26=0x44924a38
     262125.000 ns	     26211	800054f4	d014f953	fcvt.s.wu	f18,x9	  x9:0x00000000 f18=0x00000000
     262145.000 ns	     26213	800054f8	00fdabb3	slt	x23,x27,x15	 x27:0x00000000 x15:0xffffffff x23=0x00000000
     262155.000 ns	     26214	800054fc	00000013	addi	x0,x0,0	  x0:0x00000000
     262165.000 ns	     26215	80005500	009a38b3	sltu	x17,x20,x9	 x20:0x00000000  x9:0x00000000 x17=0x00000000
     262185.000 ns	     26217	80005504	20e10753	fsgnj.s	f14,f2,f14	  f2:0xcf000409 f14:0x00000000 f14=0x4f000409
     262205.000 ns	     26219	80005508	008a5d93	srli	x27,x20,0x8	 x20:0x00000000 x27=0x00000000
     262225.000 ns	     26221	8000550c	e0008653	fmv.x.w	x12,f1	  f1:0x00000000 x12=0x00000000
     262255.000 ns	     26224	80005510	c01db3d3	fcvt.wu.s	x7,f27	 f27:0x4e000000  x7=0x20000000
     262275.000 ns	     26226	80005514	41c650b3	sra	x1,x12,x28	 x12:0x00000000 x28:0x6f05043b  x1=0x00000000
     262285.000 ns	     26227	80005518	01329833	sll	x16,x5,x19	  x5:0x6f050300 x19:0xfffffdcd x16=0xa0600000
     262295.000 ns	     26228	8000551c	003ba633	slt	x12,x23,x3	 x23:0x00000000  x3:0x00000001 x12=0x00000001
     262305.000 ns	     26229	80005520	01e5d493	srli	x9,x11,0x1e	 x11:0x80000000  x9=0x00000002
     262325.000 ns	     26231	80005524	a16109d3	fle.s	x19,f2,f22	  f2:0xcf000409 f22:0x44f1b355 x19=0x00000001
     262345.000 ns	     26233	80005528	48f43f13	sltiu	x30,x8,1167	  x8:0x7ffbe901 x30=0x00000000
     262705.000 ns	     26269	8000552c	02e7ecb3	rem	x25,x15,x14	 x15:0xffffffff x14:0x00000001 x25=0x00000000
     262725.000 ns	     26271	80005530	988ccd13	xori	x26,x25,-1656	 x25:0xfffffd4d x26=0xfffff988
     262735.000 ns	     26272	80005534	bd622497	auipc	x9,0xbd622	  x9=0x3d627534
     262745.000 ns	     26273	80005538	01a3d9b3	srl	x19,x7,x26	  x7:0x20000000 x26:0x80041024 x19=0x00200000
     263075.000 ns	     26306	8000553c	186b7553	fdiv.s	f10,f22,f6	 f22:0x44f1b355  f6:0x4efff7da f10=0x3571b356
     263105.000 ns	     26309	80005540	f0058ad3	fmv.w.x	f21,x11	 x11:0x80000000 f21=0x80000000
     263475.000 ns	     26346	80005544	0253dfb3	divu	x31,x7,x5	  x7:0x20000000  x5:0x6f050300 x31=0x00000000
     263505.000 ns	     26349	80005548	a0839453	flt.s	x8,f7,f8	  f7:0x7fc00000  f8:0x00000000  x8=0x00000000
     263555.000 ns	     26354	8000554c	01bb49d3	fadd.s	f19,f22,f27	 f22:0x44f1b355 f27:0x4e000000 f19=0x4e00001e
     263585.000 ns	     26357	80005550	a01ea053	feq.s	x0,f29,f1	 f29:0x000006d9  f1:0x00000000
     263605.000 ns	     26359	80005554	41115d33	sra	x26,x2,x17	  x2:0x80040fe4 x17:0x00000000 x26=0x80040fe4
     263625.000 ns	     26361	80005558	216c0c53	fsgnj.s	f24,f24,f22	 f24:0x44db2000 f22:0x44f1b355 f24=0x44db2000
     263655.000 ns	     26364	8000555c	d0044fd3	fcvt.s.w	f31,x8	  x8:0x00000000 f31=0x00000000
     263685.000 ns	     26367	80005560	d011f8d3	fcvt.s.wu	f17,x3	  x3:0x00000001 f17=0x3f800000
     263705.000 ns	     26369	80005564	8398a693	slti	x13,x17,-1991	 x17:0x00000000 x13=0x00000000
     263725.000 ns	     26371	80005568	e00b92d3	fclass.s	x5,f23	 f23:0x7fc00000  x5=0x00000200
     263755.000 ns	     26374	8000556c	03f27db3	remu	x27,x4,x31	  x4:0xad2db340 x31:0x00000000 x27=0xad2db340
     263775.000 ns	     26376	80005570	409b5793	srai	x15,x22,0x9	 x22:0x80041024 x15=0xffc00208
     263795.000 ns	     26378	80005574	022e2bb3	mulhsu	x23,x28,x2	 x28:0x6f05043b  x2:0x80040fe4 x23=0x37844515
     263825.000 ns	     26381	80005578	20ee1753	fsgnjn.s	f14,f28,f14	 f28:0x7fc00000 f14:0x4f000409 f14=0xffc00000
     263855.000 ns	     26384	8000557c	28191453	fmax.s	f8,f18,f1	 f18:0x00000000  f1:0x00000000  f8=0x00000000
     263885.000 ns	     26387	80005580	0313b933	mulhu	x18,x7,x17	  x7:0x20000000 x17:0x00000000 x18=0x00000000
     263905.000 ns	     26389	80005584	b7f7ce93	xori	x29,x15,-1153	 x15:0xffc00208 x29=0x003ff977
     264265.000 ns	     26425	80005588	02326533	rem	x10,x4,x3	  x4:0xad2db340  x3:0x00000001 x10=0x00000000
     264285.000 ns	     26427	8000558c	00ea7733	and	x14,x20,x14	 x20:0x00000000 x14:0x00000001 x14=0x00000000
     264295.000 ns	     26428	80005590	61d89797	auipc	x15,0x61d89	 x15=0xe1d8e590
     264315.000 ns	     26430	80005594	e00503d3	fmv.x.w	x7,f10	 f10:0x3571b356  x7=0x3571b356
     264335.000 ns	     26432	80005598	cd8e2b93	slti	x23,x28,-808	 x28:0x6f05043b x23=0x00000000
     264355.000 ns	     26434	8000559c	03fee333	rem	x6,x29,x31	 x29:0x003ff977 x31:0x00000000  x6=0x003ff977
     264375.000 ns	     26436	800055a0	41015533	sra	x10,x2,x16	  x2:0x80040fe4 x16:0xa0600000 x10=0x80040fe4
     264395.000 ns	     26438	800055a4	a16b1953	flt.s	x18,f22,f22	 f22:0x44f1b355 f22:0x44f1b355 x18=0x00000000
     264415.000 ns	     26440	800055a8	00965233	srl	x4,x12,x9	 x12:0x00000001  x9:0x3d627534  x4=0x00000000
     264435.000 ns	     26442	800055ac	f0048bd3	fmv.w.x	f23,x9	  x9:0x3d627534 f23=0x3d627534
     264465.000 ns	     26445	800055b0	2066a2d3	fsgnjx.s	f5,f13,f6	 f13:0xbf20040a  f6:0x4efff7da  f5=0xbf20040a
     264495.000 ns	     26448	800055b4	2020ad53	fsgnjx.s	f26,f1,f2	  f1:0x00000000  f2:0xcf000409 f26=0x80000000
     264525.000 ns	     26451	800055b8	02fb36b3	mulhu	x13,x22,x15	 x22:0x80041024 x15:0xe1d8e590 x13=0x70f00868
     264565.000 ns	     26455	800055bc	19267f53	fdiv.s	f30,f12,f18	 f12:0x00000000 f18:0x00000000 f30=0x7fc00000
     264585.000 ns	     26457	800055c0	008da633	slt	x12,x27,x8	 x27:0xad2db340  x8:0x00000000 x12=0x00000001
     264595.000 ns	     26458	800055c4	ef009e17	auipc	x28,0xef009	 x28=0x6f00e5c4
     264615.000 ns	     26460	800055c8	293b1cd3	fmax.s	f25,f22,f19	 f22:0x44f1b355 f19:0x4e00001e f25=0x4e00001e
     264645.000 ns	     26463	800055cc	e0018353	fmv.x.w	x6,f3	  f3:0x7fc00000  x6=0x7fc00000
     264665.000 ns	     26465	800055d0	d63d13b7	lui	x7,0xd63d1	  x7=0xd63d1000
     264685.000 ns	     26467	800055d4	28f08253	fmin.s	f4,f1,f15	  f1:0x00000000 f15:0x44f1b355  f4=0x00000000
     264705.000 ns	     26469	800055d8	019d12b3	sll	x5,x26,x25	 x26:0x80040fe4 x25:0x00000000  x5=0x80040fe4
     264725.000 ns	     26471	800055dc	02413eb3	mulhu	x29,x2,x4	  x2:0x80040fe4  x4:0x00000000 x29=0x00000000
     265095.000 ns	     26508	800055e0	02d0f6b3	remu	x13,x1,x13	  x1:0x00000000 x13:0x70f00868 x13=0x00000000
     265115.000 ns	     26510	800055e4	0142cbb3	xor	x23,x5,x20	  x5:0x80040fe4 x20:0x00000000 x23=0x80040fe4
     265135.000 ns	     26512	800055e8	03e659b3	divu	x19,x12,x30	 x12:0x00000001 x30:0x00000000 x19=0xffffffff
     265155.000 ns	     26514	800055ec	f1e27993	andi	x19,x4,-226	  x4:0x00000000 x19=0x00000000
     265165.000 ns	     26515	800055f0	009e7833	and	x16,x28,x9	 x28:0x6f00e5c4  x9:0x3d627534 x16=0x2d006504
     265185.000 ns	     26517	800055f4	d01fa153	fcvt.s.wu	f2,x31	 x31:0x00000000  f2=0x00000000
     265205.000 ns	     26519	800055f8	00022933	slt	x18,x4,x0	  x4:0x00000000  x0:0x00000000 x18=0x00000000
     265225.000 ns	     26521	800055fc	f00b8753	fmv.w.x	f14,x23	 x23:0x80040fe4 f14=0x80040fe4
     265245.000 ns	     26523	80005600	40f05d13	srai	x26,x0,0xf	  x0:0x00000000 x26=0x00000000
     265275.000 ns	     26526	80005604	19587153	fdiv.s	f2,f16,f21	 f16:0x00000000 f21:0x80000000  f2=0x7fc00000
     265305.000 ns	     26529	80005608	0289b733	mulhu	x14,x19,x8	 x19:0x00000000  x8:0x00000000 x14=0x00000000
     265325.000 ns	     26531	8000560c	00404633	xor	x12,x0,x4	  x0:0x00000000  x4:0x00000000 x12=0x00000000
     265345.000 ns	     26533	80005610	0244a4b3	mulhsu	x9,x9,x4	  x9:0x3d627534  x4:0x00000000  x9=0x00000000
     265365.000 ns	     26535	80005614	00845d33	srl	x26,x8,x8	  x8:0x00000000  x8:0x00000000 x26=0x00000000
     265375.000 ns	     26536	80005618	000ce733	or	x14,x25,x0	 x25:0x00000000  x0:0x00000000 x14=0x00000000
     265405.000 ns	     26539	8000561c	19dd4653	fdiv.s	f12,f26,f29	 f26:0x80000000 f29:0x000006d9 f12=0x80000000
     265775.000 ns	     26576	80005620	03c3eab3	rem	x21,x7,x28	  x7:0xd63d1000 x28:0x6f00e5c4 x21=0xd63d1000
     265795.000 ns	     26578	80005624	2a257ab7	lui	x21,0x2a257	 x21=0x2a257000
     265815.000 ns	     26580	80005628	02d10633	mul	x12,x2,x13	  x2:0x80040fe4 x13:0x00000000 x12=0x00000000
     265835.000 ns	     26582	8000562c	01c18933	add	x18,x3,x28	  x3:0x00000001 x28:0x6f00e5c4 x18=0x6f00e5c5
     265845.000 ns	     26583	80005630	01161313	slli	x6,x12,0x11	 x12:0x00000000  x6=0x00000000
     265865.000 ns	     26585	80005634	d014f053	fcvt.s.wu	f0,x9	  x9:0x00000000  f0=0x00000000
     266205.000 ns	     26619	80005638	19be89d3	fdiv.s	f19,f29,f27	 f29:0x000006d9 f27:0x4e000000 f19=0x00000000
     266225.000 ns	     26621	8000563c	828fc813	xori	x16,x31,-2008	 x31:0x00000000 x16=0xfffff828
     266245.000 ns	     26623	80005640	c01ff0d3	fcvt.wu.s	x1,f31	 f31:0x00000000  x1=0x00000000
     266275.000 ns	     26626	80005644	28538853	fmin.s	f16,f7,f5	  f7:0x7fc00000  f5:0xbf20040a f16=0xbf20040a
     266305.000 ns	     26629	80005648	f00f8053	fmv.w.x	f0,x31	 x31:0x00000000  f0=0x00000000
     266335.000 ns	     26632	8000564c	a07c9e53	flt.s	x28,f25,f7	 f25:0x4e00001e  f7:0x7fc00000 x28=0x00000000
     266705.000 ns	     26669	80005650	02b74db3	div	x27,x14,x11	 x14:0x00000000 x11:0x80000000 x27=0x00000000
     266735.000 ns	     26672	80005654	c00b77d3	fcvt.w.s	x15,f22	 f22:0x44f1b355 x15=0x0000078d
     266765.000 ns	     26675	80005658	f00a0953	fmv.w.x	f18,x20	 x20:0x00000000 f18=0x00000000
     266795.000 ns	     26678	8000565c	c018ffd3	fcvt.wu.s	x31,f17	 f17:0x3f800000 x31=0x00000001
     266815.000 ns	     26680	80005660	91c47d13	andi	x26,x8,-1764	  x8:0x00000000 x26=0x00000000
     266825.000 ns	     26681	80005664	00f4d0b3	srl	x1,x9,x15	  x9:0x00000000 x15:0x0000078d  x1=0x00000000
     266835.000 ns	     26682	80005668	de661cb7	lui	x25,0xde661	 x25=0xde661000
     266845.000 ns	     26683	8000566c	dcf46f13	ori	x30,x8,-561	  x8:0x00000000 x30=0xfffffdcf
     266885.000 ns	     26687	80005670	08154d53	fsub.s	f26,f10,f1	 f10:0x3571b356  f1:0x00000000 f26=0x3571b356
     266905.000 ns	     26689	80005674	41bd58b3	sra	x17,x26,x27	 x26:0x00000000 x27:0x00000000 x17=0x00000000
     266925.000 ns	     26691	80005678	2003a9d3	fsgnjx.s	f19,f7,f0	  f7:0x7fc00000  f0:0x00000000 f19=0x7fc00000
     267295.000 ns	     26728	8000567c	03ece533	rem	x10,x25,x30	 x25:0xde661000 x30:0xfffffdcf x10=0xffffffee
     267315.000 ns	     26730	80005680	cdc72693	slti	x13,x14,-804	 x14:0x00000000 x13=0x00000000
     267325.000 ns	     26731	80005684	0165a2b3	slt	x5,x11,x22	 x11:0x80000000 x22:0x80041024  x5=0x00000001
     267345.000 ns	     26733	80005688	02bb1533	mulh	x10,x22,x11	 x22:0x80041024 x11:0x80000000 x10=0x3ffdf7ee
     267375.000 ns	     26736	8000568c	e00e1253	fclass.s	x4,f28	 f28:0x7fc00000  x4=0x00000200
     267395.000 ns	     26738	80005690	01d95333	srl	x6,x18,x29	 x18:0x6f00e5c5 x29:0x00000000  x6=0x6f00e5c5
     267415.000 ns	     26740	80005694	02c702b3	mul	x5,x14,x12	 x14:0x00000000 x12:0x00000000  x5=0x00000000
     267445.000 ns	     26743	80005698	c00f7dd3	fcvt.w.s	x27,f30	 f30:0x7fc00000 x27=0x7fffffff
     267465.000 ns	     26745	8000569c	40a9d293	srai	x5,x19,0xa	 x19:0x00000000  x5=0x00000000
     267485.000 ns	     26747	800056a0	28ea1c53	fmax.s	f24,f20,f14	 f20:0x80000000 f14:0x80040fe4 f24=0x80000000
     267515.000 ns	     26750	800056a4	03e8a1b3	mulhsu	x3,x17,x30	 x17:0x00000000 x30:0xfffffdcf  x3=0x00000000
     267535.000 ns	     26752	800056a8	2d74ad93	slti	x27,x9,727	  x9:0x00000000 x27=0x00000001
     267565.000 ns	     26755	800056ac	58070953	fsqrt.s	f18,f14	 f14:0x80040fe4 f18=0x7fc00000
     267595.000 ns	     26758	800056b0	020a59b3	divu	x19,x20,x0	 x20:0x00000000  x0:0x00000000 x19=0xffffffff
     267645.000 ns	     26763	800056b4	0815ffd3	fsub.s	f31,f11,f1	 f11:0x4a4ee2a0  f1:0x00000000 f31=0x4a4ee2a0
     267665.000 ns	     26765	800056b8	014c87b3	add	x15,x25,x20	 x25:0xde661000 x20:0x00000000 x15=0xde661000
     267705.000 ns	     26769	800056bc	01e476d3	fadd.s	f13,f8,f30	  f8:0x00000000 f30:0x7fc00000 f13=0x7fc00000
     267735.000 ns	     26772	800056c0	d01f4dd3	fcvt.s.wu	f27,x30	 x30:0xfffffdcf f27=0x4f7ffffe
     267765.000 ns	     26775	800056c4	e0038d53	fmv.x.w	x26,f7	  f7:0x7fc00000 x26=0x7fc00000
     267795.000 ns	     26778	800056c8	d0011553	fcvt.s.w	f10,x2	  x2:0x80040fe4 f10=0xcefff7e0
     267825.000 ns	     26781	800056cc	0283ccb3	div	x25,x7,x8	  x7:0xd63d1000  x8:0x00000000 x25=0xffffffff
     267845.000 ns	     26783	800056d0	41e689b3	sub	x19,x13,x30	 x13:0x00000000 x30:0xfffffdcf x19=0x00000231
     267865.000 ns	     26785	800056d4	28718453	fmin.s	f8,f3,f7	  f3:0x7fc00000  f7:0x7fc00000  f8=0x7fc00000
     267885.000 ns	     26787	800056d8	9ff10393	addi	x7,x2,-1537	  x2:0x80040fe4  x7=0x800409e3
     267895.000 ns	     26788	800056dc	ba5c2793	slti	x15,x24,-1115	 x24:0x00000000 x15=0x00000000
     267905.000 ns	     26789	800056e0	00cd0533	add	x10,x26,x12	 x26:0x7fc00000 x12:0x00000000 x10=0x7fc00000
     268265.000 ns	     26825	800056e4	0220c433	div	x8,x1,x2	  x1:0x00000000  x2:0x80040fe4  x8=0x00000000
     268285.000 ns	     26827	800056e8	0024c9b3	xor	x19,x9,x2	  x9:0x00000000  x2:0x80040fe4 x19=0x80040fe4
     268315.000 ns	     26830	800056ec	18563a53	fdiv.s	f20,f12,f5	 f12:0x80000000  f5:0xbf20040a f20=0x00000000
     268685.000 ns	     26867	800056f0	037dfd33	remu	x26,x27,x23	 x27:0x00000001 x23:0x80040fe4 x26=0x00000001
     268705.000 ns	     26869	800056f4	019d1933	sll	x18,x26,x25	 x26:0x7fc00000 x25:0xffffffff x18=0x80000000
     268745.000 ns	     26873	800056f8	08b29c53	fsub.s	f24,f5,f11	  f5:0xbf20040a f11:0x4a4ee2a0 f24=0xca4ee2a2
     268765.000 ns	     26875	800056fc	00000013	addi	x0,x0,0	  x0:0x00000000
     268805.000 ns	     26879	80005700	01fffdd3	fadd.s	f27,f31,f31	 f31:0x4a4ee2a0 f31:0x4a4ee2a0 f27=0x4acee2a0
     268835.000 ns	     26882	80005704	e0028c53	fmv.x.w	x24,f5	  f5:0xbf20040a x24=0xbf20040a
     268855.000 ns	     26884	80005708	3e95e297	auipc	x5,0x3e95e	  x5=0xbe963708
     268875.000 ns	     26886	8000570c	03020e33	mul	x28,x4,x16	  x4:0x00000200 x16:0xfffff828 x28=0xfff05000
     268895.000 ns	     26888	80005710	012a29b3	slt	x19,x20,x18	 x20:0x00000000 x18:0x80000000 x19=0x00000000
     268905.000 ns	     26889	80005714	3abf1037	lui	x0,0x3abf1	
     268925.000 ns	     26891	80005718	c00aa253	fcvt.w.s	x4,f21	 f21:0x80000000  x4=0x00000000
     268955.000 ns	     26894	8000571c	c0154ed3	fcvt.wu.s	x29,f10	 f10:0xcefff7e0 x29=0x7ffbf000
     268985.000 ns	     26897	80005720	20258353	fsgnj.s	f6,f11,f2	 f11:0x4a4ee2a0  f2:0x7fc00000  f6=0x4a4ee2a0
     269015.000 ns	     26900	80005724	025e3c33	mulhu	x24,x28,x5	 x28:0xfff05000  x5:0xbe963708 x24=0xbe8a8933
     269045.000 ns	     26903	80005728	d01819d3	fcvt.s.wu	f19,x16	 x16:0xfffff828 f19=0x4f7ffff8
     269075.000 ns	     26906	8000572c	c003f853	fcvt.w.s	x16,f7	  f7:0x7fc00000 x16=0x7fffffff
     269115.000 ns	     26910	80005730	18be33d3	fdiv.s	f7,f28,f11	 f28:0x7fc00000 f11:0x4a4ee2a0  f7=0x7fc00000
     269135.000 ns	     26912	80005734	f4a7b813	sltiu	x16,x15,-182	 x15:0x00000000 x16=0x00000001
     269145.000 ns	     26913	80005738	0177af33	slt	x30,x15,x23	 x15:0x00000000 x23:0x80040fe4 x30=0x00000000
     269155.000 ns	     26914	8000573c	d7177db7	lui	x27,0xd7177	 x27=0xd7177000
     269175.000 ns	     26916	80005740	29448853	fmin.s	f16,f9,f20	  f9:0x4a4ee2a0 f20:0x00000000 f16=0x00000000
     269195.000 ns	     26918	80005744	00ebc433	xor	x8,x23,x14	 x23:0x80040fe4 x14:0x00000000  x8=0x80040fe4
     269205.000 ns	     26919	80005748	012e9233	sll	x4,x29,x18	 x29:0x7ffbf000 x18:0x80000000  x4=0x7ffbf000
     269245.000 ns	     26923	8000574c	09cc7d53	fsub.s	f26,f24,f28	 f24:0xca4ee2a2 f28:0x7fc00000 f26=0x7fc00000
     269275.000 ns	     26926	80005750	c01514d3	fcvt.wu.s	x9,f10	 f10:0xcefff7e0  x9=0x7ffbf000
     269305.000 ns	     26929	80005754	204022d3	fsgnjx.s	f5,f0,f4	  f0:0x00000000  f4:0x00000000  f5=0x00000000
     269335.000 ns	     26932	80005758	201ba653	fsgnjx.s	f12,f23,f1	 f23:0x3d627534  f1:0x00000000 f12=0x3d627534
     269675.000 ns	     26966	8000575c	1895cf53	fdiv.s	f30,f11,f9	 f11:0x4a4ee2a0  f9:0x4a4ee2a0 f30=0x3f4ee2a0
     269705.000 ns	     26969	80005760	21f713d3	fsgnjn.s	f7,f14,f31	 f14:0x80040fe4 f31:0x4a4ee2a0  f7=0x80040fe4
     269755.000 ns	     26974	80005764	083a7953	fsub.s	f18,f20,f3	 f20:0x00000000  f3:0x7fc00000 f18=0x7fc00000
     269785.000 ns	     26977	80005768	023facb3	mulhsu	x25,x31,x3	 x31:0x00000001  x3:0x00000000 x25=0x00000000
     269805.000 ns	     26979	8000576c	401ade13	srai	x28,x21,0x1	 x21:0x2a257000 x28=0x1512b800
     269825.000 ns	     26981	80005770	e00400d3	fmv.x.w	x1,f8	  f8:0x7fc00000  x1=0x7fc00000
     269855.000 ns	     26984	80005774	c0018253	fcvt.w.s	x4,f3	  f3:0x7fc00000  x4=0x7fffffff
     269875.000 ns	     26986	80005778	418803b3	sub	x7,x16,x24	 x16:0x00000001 x24:0xbe8a8933  x7=0x417576ce
     269895.000 ns	     26988	8000577c	c00dfdd3	fcvt.w.s	x27,f27	 f27:0x4acee2a0 x27=0x00677150
     269925.000 ns	     26991	80005780	03620233	mul	x4,x4,x22	  x4:0x7fffffff x22:0x80041024  x4=0x7ffbefdc
     269945.000 ns	     26993	80005784	00000013	addi	x0,x0,0	  x0:0x00000000
     269965.000 ns	     26995	80005788	28db18d3	fmax.s	f17,f22,f13	 f22:0x44f1b355 f13:0x7fc00000 f17=0x44f1b355
     269985.000 ns	     26997	8000578c	16ef0f93	addi	x31,x30,366	 x30:0x00000000 x31=0x0000016e
     269995.000 ns	     26998	80005790	014dd913	srli	x18,x27,0x14	 x27:0x00677150 x18=0x00000006
     270005.000 ns	     26999	80005794	b2872e93	slti	x29,x14,-1240	 x14:0x00000000 x29=0x00000000
     270015.000 ns	     27000	80005798	4edbb917	auipc	x18,0x4edbb	 x18=0xcedc0798
     270025.000 ns	     27001	8000579c	41ce08b3	sub	x17,x28,x28	 x28:0x1512b800 x28:0x1512b800 x17=0x00000000
     270035.000 ns	     27002	800057a0	40c407b3	sub	x15,x8,x12	  x8:0x80040fe4 x12:0x00000000 x15=0x80040fe4
     270075.000 ns	     27006	800057a4	001a03d3	fadd.s	f7,f20,f1	 f20:0x00000000  f1:0x00000000  f7=0x00000000
     270115.000 ns	     27010	800057a8	19e09053	fdiv.s	f0,f1,f30	  f1:0x00000000 f30:0x3f4ee2a0  f0=0x00000000
     270145.000 ns	     27013	800057ac	d000c2d3	fcvt.s.w	f5,x1	  x1:0x7fc00000  f5=0x4eff8000
     270175.000 ns	     27016	800057b0	21898953	fsgnj.s	f18,f19,f24	 f19:0x4f7ffff8 f24:0xca4ee2a2 f18=0xcf7ffff8
     270205.000 ns	     27019	800057b4	0239a6b3	mulhsu	x13,x19,x3	 x19:0x00000000  x3:0x00000000 x13=0x00000000
     270235.000 ns	     27022	800057b8	e00916d3	fclass.s	x13,f18	 f18:0xcf7ffff8 x13=0x00000002
     270265.000 ns	     27025	800057bc	0310ee33	rem	x28,x1,x17	  x1:0x7fc00000 x17:0x00000000 x28=0x7fc00000
     270295.000 ns	     27028	800057c0	209f2c53	fsgnjx.s	f24,f30,f9	 f30:0x3f4ee2a0  f9:0x4a4ee2a0 f24=0x3f4ee2a0
     270315.000 ns	     27030	800057c4	ee5a64b7	lui	x9,0xee5a6	  x9=0xee5a6000
     270325.000 ns	     27031	800057c8	0b6383b7	lui	x7,0xb638	  x7=0x0b638000
     270345.000 ns	     27033	800057cc	02228733	mul	x14,x5,x2	  x5:0xbe963708  x2:0x80040fe4 x14=0x67227b20
     270365.000 ns	     27035	800057d0	001e5693	srli	x13,x28,0x1	 x28:0x7fc00000 x13=0x3fe00000
     270695.000 ns	     27068	800057d4	196508d3	fdiv.s	f17,f10,f22	 f10:0xcefff7e0 f22:0x44f1b355 f17=0xc985e6ce
     270725.000 ns	     27071	800057d8	204826d3	fsgnjx.s	f13,f16,f4	 f16:0x00000000  f4:0x00000000 f13=0x00000000
     270755.000 ns	     27074	800057dc	28b188d3	fmin.s	f17,f3,f11	  f3:0x7fc00000 f11:0x4a4ee2a0 f17=0x4a4ee2a0
     270785.000 ns	     27077	800057e0	03f112b3	mulh	x5,x2,x31	  x2:0x80040fe4 x31:0x0000016e  x5=0xffffff49
     271155.000 ns	     27114	800057e4	036657b3	divu	x15,x12,x22	 x12:0x00000000 x22:0x80041024 x15=0x00000000
     271185.000 ns	     27117	800057e8	d010fd53	fcvt.s.wu	f26,x1	  x1:0x7fc00000 f26=0x4eff8000
     271205.000 ns	     27119	800057ec	533e0893	addi	x17,x28,1331	 x28:0x7fc00000 x17=0x7fc00533
     271225.000 ns	     27121	800057f0	2096af53	fsgnjx.s	f30,f13,f9	 f13:0x00000000  f9:0x4a4ee2a0 f30=0x00000000
     271245.000 ns	     27123	800057f4	e09b4013	xori	x0,x22,-503	 x22:0x80041024
     271605.000 ns	     27159	800057f8	035b4933	div	x18,x22,x21	 x22:0x80041024 x21:0x2a257000 x18=0xfffffffd
     271625.000 ns	     27161	800057fc	006e8933	add	x18,x29,x6	 x29:0x00000000  x6:0x6f00e5c5 x18=0x6f00e5c5
     271635.000 ns	     27162	80005800	019d1d33	sll	x26,x26,x25	 x26:0x00000001 x25:0x00000000 x26=0x00000001
     271655.000 ns	     27164	80005804	e0098ed3	fmv.x.w	x29,f19	 f19:0x4f7ffff8 x29=0x4f7ffff8
     271675.000 ns	     27166	80005808	00ef9493	slli	x9,x31,0xe	 x31:0x0000016e  x9=0x005b8000
     271685.000 ns	     27167	8000580c	01171e93	slli	x29,x14,0x11	 x14:0x67227b20 x29=0xf6400000
     271725.000 ns	     27171	80005810	019dfad3	fadd.s	f21,f27,f25	 f27:0x4acee2a0 f25:0x4e00001e f21=0x4e019de3
     271755.000 ns	     27174	80005814	289b98d3	fmax.s	f17,f23,f9	 f23:0x3d627534  f9:0x4a4ee2a0 f17=0x4a4ee2a0
     271795.000 ns	     27178	80005818	10f08953	fmul.s	f18,f1,f15	  f1:0x00000000 f15:0x44f1b355 f18=0x00000000
     271815.000 ns	     27180	8000581c	4ead6913	ori	x18,x26,1258	 x26:0x00000001 x18=0x000004eb
     271855.000 ns	     27184	80005820	0074f9d3	fadd.s	f19,f9,f7	  f9:0x4a4ee2a0  f7:0x00000000 f19=0x4a4ee2a0
     271875.000 ns	     27186	80005824	41718c33	sub	x24,x3,x23	  x3:0x00000000 x23:0x80040fe4 x24=0x7ffbf01c
     271895.000 ns	     27188	80005828	21e39bd3	fsgnjn.s	f23,f7,f30	  f7:0x00000000 f30:0x00000000 f23=0x80000000
     271935.000 ns	     27192	8000582c	1155f6d3	fmul.s	f13,f11,f21	 f11:0x4a4ee2a0 f21:0x4e019de3 f13=0x58d17f96
     271955.000 ns	     27194	80005830	10bf2617	auipc	x12,0x10bf2	 x12=0x90bf7830
     271975.000 ns	     27196	80005834	0341b4b3	mulhu	x9,x3,x20	  x3:0x00000000 x20:0x00000000  x9=0x00000000
     272005.000 ns	     27199	80005838	215e1ed3	fsgnjn.s	f29,f28,f21	 f28:0x7fc00000 f21:0x4e019de3 f29=0xffc00000
     272375.000 ns	     27236	8000583c	0301c633	div	x12,x3,x16	  x3:0x00000000 x16:0x00000001 x12=0x00000000
     272405.000 ns	     27239	80005840	29481253	fmax.s	f4,f16,f20	 f16:0x00000000 f20:0x00000000  f4=0x00000000
     272435.000 ns	     27242	80005844	21ad1ed3	fsgnjn.s	f29,f26,f26	 f26:0x4eff8000 f26:0x4eff8000 f29=0xceff8000
     272465.000 ns	     27245	80005848	a18088d3	fle.s	x17,f1,f24	  f1:0x00000000 f24:0x3f4ee2a0 x17=0x00000001
     272485.000 ns	     27247	8000584c	41b757b3	sra	x15,x14,x27	 x14:0x67227b20 x27:0x00677150 x15=0x00006722
     272505.000 ns	     27249	80005850	02fd2433	mulhsu	x8,x26,x15	 x26:0x00000001 x15:0x00000000  x8=0x00000000
     272555.000 ns	     27254	80005854	08de7e53	fsub.s	f28,f28,f13	 f28:0x7fc00000 f13:0x58d17f96 f28=0x7fc00000
     272585.000 ns	     27257	80005858	02f597b3	mulh	x15,x11,x15	 x11:0x80000000 x15:0x00006722 x15=0xffffcc6f
     272605.000 ns	     27259	8000585c	f9842413	slti	x8,x8,-104	  x8:0x00000000  x8=0x00000000
     272615.000 ns	     27260	80005860	2c3cf713	andi	x14,x25,707	 x25:0x00000000 x14=0x00000000
     272655.000 ns	     27264	80005864	01bd37d3	fadd.s	f15,f26,f27	 f26:0x4eff8000 f27:0x4acee2a0 f15=0x4f002772
     272685.000 ns	     27267	80005868	298b9653	fmax.s	f12,f23,f24	 f23:0x80000000 f24:0x3f4ee2a0 f12=0x3f4ee2a0
     272705.000 ns	     27269	8000586c	011373b3	and	x7,x6,x17	  x6:0x6f00e5c5 x17:0x00000001  x7=0x00000001
     273065.000 ns	     27305	80005870	02b2ee33	rem	x28,x5,x11	  x5:0xffffff49 x11:0x80000000 x28=0xffffff49
     273095.000 ns	     27308	80005874	a0e704d3	fle.s	x9,f14,f14	 f14:0x80040fe4 f14:0x80040fe4  x9=0x00000001
     273125.000 ns	     27311	80005878	205695d3	fsgnjn.s	f11,f13,f5	 f13:0x58d17f96  f5:0x4eff8000 f11=0xd8d17f96
     273155.000 ns	     27314	8000587c	21ba96d3	fsgnjn.s	f13,f21,f27	 f21:0x4e019de3 f27:0x4acee2a0 f13=0xce019de3
     273185.000 ns	     27317	80005880	20de08d3	fsgnj.s	f17,f28,f13	 f28:0x7fc00000 f13:0x58d17f96 f17=0xffc00000
     273215.000 ns	     27320	80005884	026e8cb3	mul	x25,x29,x6	 x29:0xf6400000  x6:0x6f00e5c5 x25=0xbf400000
     273235.000 ns	     27322	80005888	00a33f33	sltu	x30,x6,x10	  x6:0x6f00e5c5 x10:0x7fc00000 x30=0x00000001
     273245.000 ns	     27323	8000588c	9a943fb7	lui	x31,0x9a943	 x31=0x9a943000
     273255.000 ns	     27324	80005890	00e9bdb3	sltu	x27,x19,x14	 x19:0x00000000 x14:0x00000000 x27=0x00000000
     273275.000 ns	     27326	80005894	037faab3	mulhsu	x21,x31,x23	 x31:0x0000016e x23:0x80040fe4 x21=0xcd487c05
     273305.000 ns	     27329	80005898	028b6d33	rem	x26,x22,x8	 x22:0x80041024  x8:0x00000000 x26=0x80041024
     273325.000 ns	     27331	8000589c	00ab3833	sltu	x16,x22,x10	 x22:0x80041024 x10:0x7fc00000 x16=0x00000000
     273345.000 ns	     27333	800058a0	f0008653	fmv.w.x	f12,x1	  x1:0x7fc00000 f12=0x7fc00000
     273365.000 ns	     27335	800058a4	007ccc33	xor	x24,x25,x7	 x25:0xbf400000  x7:0x00000001 x24=0xbf400001
     273375.000 ns	     27336	800058a8	018443b3	xor	x7,x8,x24	  x8:0x00000000 x24:0x7ffbf01c  x7=0xbf400001
     273385.000 ns	     27337	800058ac	bad0efb7	lui	x31,0xbad0e	 x31=0xbad0e000
     273395.000 ns	     27338	800058b0	2a71b317	auipc	x6,0x2a71b	  x6=0xaa7208b0
     273405.000 ns	     27339	800058b4	01f8a933	slt	x18,x17,x31	 x17:0x00000001 x31:0x9a943000 x18=0x00000000
     273425.000 ns	     27341	800058b8	e00388d3	fmv.x.w	x17,f7	  f7:0x00000000 x17=0x00000000
     273455.000 ns	     27344	800058bc	03001bb3	mulh	x23,x0,x16	  x0:0x00000000 x16:0x00000000 x23=0x00000000
     273485.000 ns	     27347	800058c0	e00a1053	fclass.s	x0,f20	 f20:0x00000000
     273515.000 ns	     27350	800058c4	a1cc0053	fle.s	x0,f24,f28	 f24:0x3f4ee2a0 f28:0x7fc00000
     273545.000 ns	     27353	800058c8	c011a253	fcvt.wu.s	x4,f3	  f3:0x7fc00000  x4=0xffffffff
     273565.000 ns	     27355	800058cc	00000013	addi	x0,x0,0	  x0:0x00000000
     273585.000 ns	     27357	800058d0	020a30b3	mulhu	x1,x20,x0	 x20:0x00000000  x0:0x00000000  x1=0x00000000
     273615.000 ns	     27360	800058d4	a10b07d3	fle.s	x15,f22,f16	 f22:0x44f1b355 f16:0x00000000 x15=0x00000000
     273635.000 ns	     27362	800058d8	333d4913	xori	x18,x26,819	 x26:0x80041024 x18=0x80041317
     273645.000 ns	     27363	800058dc	597d5817	auipc	x16,0x597d5	 x16=0xd97da8dc
     273665.000 ns	     27365	800058e0	20ee8153	fsgnj.s	f2,f29,f14	 f29:0xceff8000 f14:0x80040fe4  f2=0xceff8000
     273685.000 ns	     27367	800058e4	000cf7b3	and	x15,x25,x0	 x25:0xbf400000  x0:0x00000000 x15=0x00000000
     273695.000 ns	     27368	800058e8	01ddb833	sltu	x16,x27,x29	 x27:0x00000000 x29:0xf6400000 x16=0x00000001
     273705.000 ns	     27369	800058ec	027866b7	lui	x13,0x2786	 x13=0x02786000
     273715.000 ns	     27370	800058f0	00000013	addi	x0,x0,0	  x0:0x00000000
     273735.000 ns	     27372	800058f4	a024a853	feq.s	x16,f9,f2	  f9:0x4a4ee2a0  f2:0xceff8000 x16=0x00000000
     273765.000 ns	     27375	800058f8	f00d0cd3	fmv.w.x	f25,x26	 x26:0x80041024 f25=0x80041024
     273785.000 ns	     27377	800058fc	eee04393	xori	x7,x0,-274	  x0:0x00000000  x7=0xfffffeee
     273805.000 ns	     27379	80005900	20271653	fsgnjn.s	f12,f14,f2	 f14:0x80040fe4  f2:0xceff8000 f12=0x00040fe4
     274175.000 ns	     27416	80005904	02a14db3	div	x27,x2,x10	  x2:0x80040fe4 x10:0x7fc00000 x27=0xffffffff
     274195.000 ns	     27418	80005908	00cf1613	slli	x12,x30,0xc	 x30:0x00000001 x12=0x00001000
     274215.000 ns	     27420	8000590c	20bd0453	fsgnj.s	f8,f26,f11	 f26:0x4eff8000 f11:0xd8d17f96  f8=0xceff8000
     274235.000 ns	     27422	80005910	005aff33	and	x30,x21,x5	 x21:0xcd487c05  x5:0xffffff49 x30=0xcd487c01
     274245.000 ns	     27423	80005914	3f8a6893	ori	x17,x20,1016	 x20:0x00000000 x17=0x000003f8
     274255.000 ns	     27424	80005918	8ae50d13	addi	x26,x10,-1874	 x10:0x7fc00000 x26=0x7fbff8ae
     274285.000 ns	     27427	8000591c	10a2f053	fmul.s	f0,f5,f10	  f5:0x4eff8000 f10:0xcefff7e0  f0=0xde7f77e4
     274315.000 ns	     27430	80005920	e0059ed3	fclass.s	x29,f11	 f11:0xd8d17f96 x29=0x00000002
     274345.000 ns	     27433	80005924	21a106d3	fsgnj.s	f13,f2,f26	  f2:0xceff8000 f26:0x4eff8000 f13=0x4eff8000
     274365.000 ns	     27435	80005928	091fc6b7	lui	x13,0x91fc	 x13=0x091fc000
     274375.000 ns	     27436	8000592c	000ba0b3	slt	x1,x23,x0	 x23:0x00000000  x0:0x00000000  x1=0x00000000
     274395.000 ns	     27438	80005930	020a2233	mulhsu	x4,x20,x0	 x20:0x00000000  x0:0x00000000  x4=0x00000000
     274415.000 ns	     27440	80005934	0074e4b3	or	x9,x9,x7	  x9:0x00000001  x7:0xfffffeee  x9=0xfffffeef
     274435.000 ns	     27442	80005938	212511d3	fsgnjn.s	f3,f10,f18	 f10:0xcefff7e0 f18:0x00000000  f3=0xcefff7e0
     274455.000 ns	     27444	8000593c	002db2b3	sltu	x5,x27,x2	 x27:0xffffffff  x2:0x80040fe4  x5=0x00000000
     274475.000 ns	     27446	80005940	a1231bd3	flt.s	x23,f6,f18	  f6:0x4a4ee2a0 f18:0x00000000 x23=0x00000000
     274495.000 ns	     27448	80005944	00ec4333	xor	x6,x24,x14	 x24:0xbf400001 x14:0x00000000  x6=0xbf400001
     274515.000 ns	     27450	80005948	d00572d3	fcvt.s.w	f5,x10	 x10:0x7fc00000  f5=0x4eff8000
     274535.000 ns	     27452	8000594c	5b258693	addi	x13,x11,1458	 x11:0x80000000 x13=0x800005b2
     274555.000 ns	     27454	80005950	d00879d3	fcvt.s.w	f19,x16	 x16:0x00000000 f19=0x00000000
     274575.000 ns	     27456	80005954	04e66f13	ori	x30,x12,78	 x12:0x00001000 x30=0x0000104e
     274585.000 ns	     27457	80005958	00000013	addi	x0,x0,0	  x0:0x00000000
     274595.000 ns	     27458	8000595c	00a244b3	xor	x9,x4,x10	  x4:0x00000000 x10:0x7fc00000  x9=0x7fc00000
     274615.000 ns	     27460	80005960	f0038953	fmv.w.x	f18,x7	  x7:0xfffffeee f18=0xfffffeee
     274645.000 ns	     27463	80005964	a1470653	fle.s	x12,f14,f20	 f14:0x80040fe4 f20:0x00000000 x12=0x00000001
     274675.000 ns	     27466	80005968	d00d7fd3	fcvt.s.w	f31,x26	 x26:0x7fbff8ae f31=0x4eff7ff1
     274705.000 ns	     27469	8000596c	02826f33	rem	x30,x4,x8	  x4:0x00000000  x8:0x00000000 x30=0x00000000
     274725.000 ns	     27471	80005970	41188733	sub	x14,x17,x17	 x17:0x000003f8 x17:0x000003f8 x14=0x00000000
     274745.000 ns	     27473	80005974	29cc1fd3	fmax.s	f31,f24,f28	 f24:0x3f4ee2a0 f28:0x7fc00000 f31=0x3f4ee2a0
     274775.000 ns	     27476	80005978	a1c006d3	fle.s	x13,f0,f28	  f0:0xde7f77e4 f28:0x7fc00000 x13=0x00000000
     274795.000 ns	     27478	8000597c	01b37e33	and	x28,x6,x27	  x6:0xbf400001 x27:0xffffffff x28=0xbf400001
     274805.000 ns	     27479	80005980	ba33f097	auipc	x1,0xba33f	  x1=0x3a344980
     274825.000 ns	     27481	80005984	0232a033	mulhsu	x0,x5,x3	  x5:0x00000000  x3:0x00000000
     274845.000 ns	     27483	80005988	019f7633	and	x12,x30,x25	 x30:0x00000000 x25:0xbf400000 x12=0x00000000
     274855.000 ns	     27484	8000598c	01165c33	srl	x24,x12,x17	 x12:0x00000001 x17:0x000003f8 x24=0x00000000
     274865.000 ns	     27485	80005990	b6c38f17	auipc	x30,0xb6c38	 x30=0x36c3d990
     274885.000 ns	     27487	80005994	0203ca33	div	x20,x7,x0	  x7:0xfffffeee  x0:0x00000000 x20=0xffffffff
     274915.000 ns	     27490	80005998	21b1aed3	fsgnjx.s	f29,f3,f27	  f3:0xcefff7e0 f27:0x4acee2a0 f29=0xcefff7e0
     274945.000 ns	     27493	8000599c	d0177ad3	fcvt.s.wu	f21,x14	 x14:0x00000000 f21=0x00000000
     274975.000 ns	     27496	800059a0	284106d3	fmin.s	f13,f2,f4	  f2:0xceff8000  f4:0x00000000 f13=0xceff8000
     275005.000 ns	     27499	800059a4	0389d933	divu	x18,x19,x24	 x19:0x00000000 x24:0x00000000 x18=0xffffffff
     275025.000 ns	     27501	800059a8	0126b6b3	sltu	x13,x13,x18	 x13:0x00000000 x18:0x80041317 x13=0x00000001
     275035.000 ns	     27502	800059ac	00301d93	slli	x27,x0,0x3	  x0:0x00000000 x27=0x00000000
     275075.000 ns	     27506	800059b0	09768153	fsub.s	f2,f13,f23	 f13:0xceff8000 f23:0x80000000  f2=0xceff8000
     275095.000 ns	     27508	800059b4	40da5a93	srai	x21,x20,0xd	 x20:0xffffffff x21=0xffffffff
     275115.000 ns	     27510	800059b8	028ab433	mulhu	x8,x21,x8	 x21:0xcd487c05  x8:0x00000000  x8=0x00000000
     275135.000 ns	     27512	800059bc	0066dbb3	srl	x23,x13,x6	 x13:0x00000001  x6:0xbf400001 x23=0x00000000
     275145.000 ns	     27513	800059c0	c58ec513	xori	x10,x29,-936	 x29:0x00000002 x10=0xfffffc5a
     275155.000 ns	     27514	800059c4	418f8d33	sub	x26,x31,x24	 x31:0xbad0e000 x24:0x00000000 x26=0xbad0e000
     275175.000 ns	     27516	800059c8	d01273d3	fcvt.s.wu	f7,x4	  x4:0x00000000  f7=0x00000000
     275205.000 ns	     27519	800059cc	28950653	fmin.s	f12,f10,f9	 f10:0xcefff7e0  f9:0x4a4ee2a0 f12=0xcefff7e0
     275225.000 ns	     27521	800059d0	41f481b3	sub	x3,x9,x31	  x9:0x7fc00000 x31:0xbad0e000  x3=0xc4ef2000
     275245.000 ns	     27523	800059d4	e00d92d3	fclass.s	x5,f27	 f27:0x4acee2a0  x5=0x00000040
     275275.000 ns	     27526	800059d8	c014f6d3	fcvt.wu.s	x13,f9	  f9:0x4a4ee2a0 x13=0x0033b8a8
     275325.000 ns	     27531	800059dc	0126f953	fadd.s	f18,f13,f18	 f13:0xceff8000 f18:0xfffffeee f18=0x7fc00000
     275345.000 ns	     27533	800059e0	01c82fb3	slt	x31,x16,x28	 x16:0x00000000 x28:0xbf400001 x31=0x00000000
     275355.000 ns	     27534	800059e4	92c588b7	lui	x17,0x92c58	 x17=0x92c58000
     275365.000 ns	     27535	800059e8	1e6790b7	lui	x1,0x1e679	  x1=0x1e679000
     275375.000 ns	     27536	800059ec	a8ed0193	addi	x3,x26,-1394	 x26:0xbad0e000  x3=0xbad0da8e
     275385.000 ns	     27537	800059f0	1d2c7613	andi	x12,x24,466	 x24:0x00000000 x12=0x00000000
     275395.000 ns	     27538	800059f4	00000013	addi	x0,x0,0	  x0:0x00000000
     275405.000 ns	     27539	800059f8	a3bf8493	addi	x9,x31,-1477	 x31:0x00000000  x9=0xfffffa3b
     275445.000 ns	     27543	800059fc	084afad3	fsub.s	f21,f21,f4	 f21:0x00000000  f4:0x00000000 f21=0x80000000
     275465.000 ns	     27545	80005a00	01655f33	srl	x30,x10,x22	 x10:0xfffffc5a x22:0x80041024 x30=0x0fffffc5
     275485.000 ns	     27547	80005a04	03db2933	mulhsu	x18,x22,x29	 x22:0x80041024 x29:0x00000002 x18=0xffffffff
     275505.000 ns	     27549	80005a08	01391ab3	sll	x21,x18,x19	 x18:0xffffffff x19:0x00000000 x21=0xffffffff
     275515.000 ns	     27550	80005a0c	002df833	and	x16,x27,x2	 x27:0x00000000  x2:0x80040fe4 x16=0x00000000
     275525.000 ns	     27551	80005a10	a3a54213	xori	x4,x10,-1478	 x10:0xfffffc5a  x4=0x00000660
     275535.000 ns	     27552	80005a14	017862b3	or	x5,x16,x23	 x16:0x00000000 x23:0x00000000  x5=0x00000000
     275555.000 ns	     27554	80005a18	20431ad3	fsgnjn.s	f21,f6,f4	  f6:0x4a4ee2a0  f4:0x00000000 f21=0xca4ee2a0
     275575.000 ns	     27556	80005a1c	014ec633	xor	x12,x29,x20	 x29:0x00000002 x20:0xffffffff x12=0xfffffffd
     275585.000 ns	     27557	80005a20	0198dab3	srl	x21,x17,x25	 x17:0x92c58000 x25:0xbf400000 x21=0x92c58000
     275595.000 ns	     27558	80005a24	7bf74693	xori	x13,x14,1983	 x14:0x00000000 x13=0x000007bf
     275605.000 ns	     27559	80005a28	86fa6897	auipc	x17,0x86fa6	 x17=0x06faba28
     275615.000 ns	     27560	80005a2c	31e62717	auipc	x14,0x31e62	 x14=0xb1e67a2c
     275975.000 ns	     27596	80005a30	0356dbb3	divu	x23,x13,x21	 x13:0x000007bf x21:0x92c58000 x23=0x00000000
     276005.000 ns	     27599	80005a34	a12a93d3	flt.s	x7,f21,f18	 f21:0xca4ee2a0 f18:0x7fc00000  x7=0x00000000
     276025.000 ns	     27601	80005a38	6d394c93	xori	x25,x18,1747	 x18:0xffffffff x25=0xfffff92c
     276045.000 ns	     27603	80005a3c	c0107bd3	fcvt.wu.s	x23,f0	  f0:0xde7f77e4 x23=0x00000000
     276075.000 ns	     27606	80005a40	c01c77d3	fcvt.wu.s	x15,f24	 f24:0x3f4ee2a0 x15=0x00000000
     276095.000 ns	     27608	80005a44	7e9f2a93	slti	x21,x30,2025	 x30:0x0fffffc5 x21=0x00000000
     276105.000 ns	     27609	80005a48	401cdc93	srai	x25,x25,0x1	 x25:0xfffff92c x25=0xfffffc96
     276115.000 ns	     27610	80005a4c	41cc5833	sra	x16,x24,x28	 x24:0x00000000 x28:0xbf400001 x16=0x00000000
     276125.000 ns	     27611	80005a50	0094dc93	srli	x25,x9,0x9	  x9:0xfffffa3b x25=0x007ffffd
     276135.000 ns	     27612	80005a54	015babb3	slt	x23,x23,x21	 x23:0x00000000 x21:0x00000000 x23=0x00000000
     276155.000 ns	     27614	80005a58	28688cd3	fmin.s	f25,f17,f6	 f17:0xffc00000  f6:0x4a4ee2a0 f25=0x4a4ee2a0
     276175.000 ns	     27616	80005a5c	37fd0493	addi	x9,x26,895	 x26:0xbad0e000  x9=0xbad0e37f
     276185.000 ns	     27617	80005a60	bd0b6613	ori	x12,x22,-1072	 x22:0x80041024 x12=0xfffffbf4
     276195.000 ns	     27618	80005a64	00000013	addi	x0,x0,0	  x0:0x00000000
     276215.000 ns	     27620	80005a68	030bb4b3	mulhu	x9,x23,x16	 x23:0x00000000 x16:0x00000000  x9=0x00000000
     276235.000 ns	     27622	80005a6c	828d5237	lui	x4,0x828d5	  x4=0x828d5000
     276255.000 ns	     27624	80005a70	03002033	mulhsu	x0,x0,x16	  x0:0x00000000 x16:0x00000000
     276285.000 ns	     27627	80005a74	0345b4b3	mulhu	x9,x11,x20	 x11:0x80000000 x20:0xffffffff  x9=0x7fffffff
     276325.000 ns	     27631	80005a78	10c29cd3	fmul.s	f25,f5,f12	  f5:0x4eff8000 f12:0xcefff7e0 f25=0xde7f77e4
     276355.000 ns	     27634	80005a7c	c01ef1d3	fcvt.wu.s	x3,f29	 f29:0xcefff7e0  x3=0x7ffbf000
     276405.000 ns	     27639	80005a80	094ffb53	fsub.s	f22,f31,f20	 f31:0x3f4ee2a0 f20:0x00000000 f22=0x3f4ee2a0
     276425.000 ns	     27641	80005a84	7f618f13	addi	x30,x3,2038	  x3:0x7ffbf000 x30=0x7ffbf7f6
     276435.000 ns	     27642	80005a88	0083b8b3	sltu	x17,x7,x8	  x7:0x00000000  x8:0x00000000 x17=0x00000000
     276455.000 ns	     27644	80005a8c	c00574d3	fcvt.w.s	x9,f10	 f10:0xcefff7e0  x9=0x7ffbf000
     276475.000 ns	     27646	80005a90	0143fd33	and	x26,x7,x20	  x7:0x00000000 x20:0xffffffff x26=0x00000000
     276495.000 ns	     27648	80005a94	20cfadd3	fsgnjx.s	f27,f31,f12	 f31:0x3f4ee2a0 f12:0xcefff7e0 f27=0xbf4ee2a0
     276515.000 ns	     27650	80005a98	40680bb3	sub	x23,x16,x6	 x16:0x00000000  x6:0xbf400001 x23=0x40bfffff
     276525.000 ns	     27651	80005a9c	007f30b7	lui	x1,0x7f3	  x1=0x007f3000
     276545.000 ns	     27653	80005aa0	03f21033	mulh	x0,x4,x31	  x4:0x828d5000 x31:0x00000000
     276575.000 ns	     27656	80005aa4	21aa9853	fsgnjn.s	f16,f21,f26	 f21:0xca4ee2a0 f26:0x4eff8000 f16=0xca4ee2a0
     276595.000 ns	     27658	80005aa8	f1473d93	sltiu	x27,x14,-236	 x14:0xb1e67a2c x27=0x00000001
     276615.000 ns	     27660	80005aac	287092d3	fmax.s	f5,f1,f7	  f1:0x00000000  f7:0x00000000  f5=0x00000000
     276645.000 ns	     27663	80005ab0	a1ab1953	flt.s	x18,f22,f26	 f22:0x3f4ee2a0 f26:0x4eff8000 x18=0x00000001
     276665.000 ns	     27665	80005ab4	019b8ab3	add	x21,x23,x25	 x23:0x40bfffff x25:0x007ffffd x21=0x413ffffc
     276675.000 ns	     27666	80005ab8	00000013	addi	x0,x0,0	  x0:0x00000000
     276685.000 ns	     27667	80005abc	544a8f37	lui	x30,0x544a8	 x30=0x544a8000
     276705.000 ns	     27669	80005ac0	c012ffd3	fcvt.wu.s	x31,f5	  f5:0x00000000 x31=0x00000000
     277075.000 ns	     27706	80005ac4	029dc233	div	x4,x27,x9	 x27:0x00000001  x9:0x7ffbf000  x4=0x00000000
     277105.000 ns	     27709	80005ac8	c009f853	fcvt.w.s	x16,f19	 f19:0x00000000 x16=0x00000000
     277125.000 ns	     27711	80005acc	005533b3	sltu	x7,x10,x5	 x10:0xfffffc5a  x5:0x00000000  x7=0x00000000
     277145.000 ns	     27713	80005ad0	038db633	mulhu	x12,x27,x24	 x27:0x00000001 x24:0x00000000 x12=0x00000000
     277195.000 ns	     27718	80005ad4	086519d3	fsub.s	f19,f10,f6	 f10:0xcefff7e0  f6:0x4a4ee2a0 f19=0xcf002fa8
     277215.000 ns	     27720	80005ad8	00c8aa33	slt	x20,x17,x12	 x17:0x00000000 x12:0x00000000 x20=0x00000000
     277235.000 ns	     27722	80005adc	29be1a53	fmax.s	f20,f28,f27	 f28:0x7fc00000 f27:0xbf4ee2a0 f20=0xbf4ee2a0
     277255.000 ns	     27724	80005ae0	0130e433	or	x8,x1,x19	  x1:0x007f3000 x19:0x00000000  x8=0x007f3000
     277265.000 ns	     27725	80005ae4	01be9813	slli	x16,x29,0x1b	 x29:0x00000002 x16=0x10000000
     277625.000 ns	     27761	80005ae8	0305c3b3	div	x7,x11,x16	 x11:0x80000000 x16:0x00000000  x7=0xfffffff8
     277665.000 ns	     27765	80005aec	580e7d53	fsqrt.s	f26,f28	 f28:0x7fc00000 f26=0x7fc00000
     277695.000 ns	     27768	80005af0	a1c602d3	fle.s	x5,f12,f28	 f12:0xcefff7e0 f28:0x7fc00000  x5=0x00000000
     277715.000 ns	     27770	80005af4	8119f897	auipc	x17,0x8119f	 x17=0x011a4af4
     277735.000 ns	     27772	80005af8	2161a5d3	fsgnjx.s	f11,f3,f22	  f3:0xcefff7e0 f22:0x3f4ee2a0 f11=0xcefff7e0
     277755.000 ns	     27774	80005afc	910f0f13	addi	x30,x30,-1776	 x30:0x544a8000 x30=0x544a7910
     277775.000 ns	     27776	80005b00	c0118553	fcvt.wu.s	x10,f3	  f3:0xcefff7e0 x10=0x7ffbf000
     277795.000 ns	     27778	80005b04	91ad9737	lui	x14,0x91ad9	 x14=0x91ad9000
     277815.000 ns	     27780	80005b08	e00510d3	fclass.s	x1,f10	 f10:0xcefff7e0  x1=0x00000002
     277835.000 ns	     27782	80005b0c	41683e97	auipc	x29,0x41683	 x29=0xc1688b0c
     277855.000 ns	     27784	80005b10	206b8753	fsgnj.s	f14,f23,f6	 f23:0x80000000  f6:0x4a4ee2a0 f14=0x00000000
     277885.000 ns	     27787	80005b14	213289d3	fsgnj.s	f19,f5,f19	  f5:0x00000000 f19:0xcf002fa8 f19=0x80000000
     277915.000 ns	     27790	80005b18	f00681d3	fmv.w.x	f3,x13	 x13:0x000007bf  f3=0x000007bf
     277935.000 ns	     27792	80005b1c	00000013	addi	x0,x0,0	  x0:0x00000000
     277955.000 ns	     27794	80005b20	02f6feb3	remu	x29,x13,x15	 x13:0x000007bf x15:0x00000000 x29=0x000007bf
     277975.000 ns	     27796	80005b24	01da29b3	slt	x19,x20,x29	 x20:0x00000000 x29:0xc1688b0c x19=0x00000001
     277985.000 ns	     27797	80005b28	01701a13	slli	x20,x0,0x17	  x0:0x00000000 x20=0x00000000
     278005.000 ns	     27799	80005b2c	02738ab3	mul	x21,x7,x7	  x7:0xfffffff8  x7:0xfffffff8 x21=0x00000040
     278025.000 ns	     27801	80005b30	033db793	sltiu	x15,x27,51	 x27:0x00000001 x15=0x00000001
     278055.000 ns	     27804	80005b34	58090553	fsqrt.s	f10,f18	 f18:0x7fc00000 f10=0x7fc00000
     278095.000 ns	     27808	80005b38	108e2d53	fmul.s	f26,f28,f8	 f28:0x7fc00000  f8:0xceff8000 f26=0x7fc00000
     278115.000 ns	     27810	80005b3c	0127bd33	sltu	x26,x15,x18	 x15:0x00000001 x18:0x00000001 x26=0x00000000
     278135.000 ns	     27812	80005b40	03ff7db3	remu	x27,x30,x31	 x30:0x544a7910 x31:0x00000000 x27=0x544a7910
     278155.000 ns	     27814	80005b44	01df5933	srl	x18,x30,x29	 x30:0x544a7910 x29:0x000007bf x18=0x00000000
     278175.000 ns	     27816	80005b48	0209f633	remu	x12,x19,x0	 x19:0x00000001  x0:0x00000000 x12=0x00000001
     278195.000 ns	     27818	80005b4c	0182e1b3	or	x3,x5,x24	  x5:0x00000000 x24:0x00000000  x3=0x00000000
     278235.000 ns	     27822	80005b50	00ba9453	fadd.s	f8,f21,f11	 f21:0xca4ee2a0 f11:0xcefff7e0  f8=0xcf002fa8
     278255.000 ns	     27824	80005b54	00f8c533	xor	x10,x17,x15	 x17:0x011a4af4 x15:0x00000001 x10=0x011a4af5
     278265.000 ns	     27825	80005b58	00000013	addi	x0,x0,0	  x0:0x00000000
     278285.000 ns	     27827	80005b5c	d01f7053	fcvt.s.wu	f0,x30	 x30:0x544a7910  f0=0x4ea894f2
     278325.000 ns	     27831	80005b60	199f1953	fdiv.s	f18,f30,f25	 f30:0x00000000 f25:0xde7f77e4 f18=0x80000000
     278355.000 ns	     27834	80005b64	296f07d3	fmin.s	f15,f30,f22	 f30:0x00000000 f22:0x3f4ee2a0 f15=0x00000000
     278375.000 ns	     27836	80005b68	41ee0e33	sub	x28,x28,x30	 x28:0xbf400001 x30:0x544a7910 x28=0x6af586f1
     278385.000 ns	     27837	80005b6c	263ae293	ori	x5,x21,611	 x21:0x00000040  x5=0x00000263
     278405.000 ns	     27839	80005b70	d00274d3	fcvt.s.w	f9,x4	  x4:0x00000000  f9=0x00000000
     278425.000 ns	     27841	80005b74	00ac1213	slli	x4,x24,0xa	 x24:0x00000000  x4=0x00000000
     278445.000 ns	     27843	80005b78	a17d8cd3	fle.s	x25,f27,f23	 f27:0xbf4ee2a0 f23:0x80000000 x25=0x00000001
     278465.000 ns	     27845	80005b7c	019d5a33	srl	x20,x26,x25	 x26:0x00000000 x25:0x007ffffd x20=0x00000000
     278485.000 ns	     27847	80005b80	02023d33	mulhu	x26,x4,x0	  x4:0x00000000  x0:0x00000000 x26=0x00000000
     278515.000 ns	     27850	80005b84	280503d3	fmin.s	f7,f10,f0	 f10:0x7fc00000  f0:0x4ea894f2  f7=0x4ea894f2
     278535.000 ns	     27852	80005b88	00aa7e33	and	x28,x20,x10	 x20:0x00000000 x10:0x011a4af5 x28=0x00000000
     278555.000 ns	     27854	80005b8c	02820233	mul	x4,x4,x8	  x4:0x00000000  x8:0x007f3000  x4=0x00000000
     278585.000 ns	     27857	80005b90	d00c71d3	fcvt.s.w	f3,x24	 x24:0x00000000  f3=0x00000000
     278615.000 ns	     27860	80005b94	283080d3	fmin.s	f1,f1,f3	  f1:0x00000000  f3:0x000007bf  f1=0x00000000
     278655.000 ns	     27864	80005b98	102624d3	fmul.s	f9,f12,f2	 f12:0xcefff7e0  f2:0xceff8000  f9=0x5e7f77e4
     278675.000 ns	     27866	80005b9c	018214b3	sll	x9,x4,x24	  x4:0x00000000 x24:0x00000000  x9=0x00000000
     278695.000 ns	     27868	80005ba0	e0001053	fclass.s	x0,f0	  f0:0x4ea894f2
     278715.000 ns	     27870	80005ba4	41afdab3	sra	x21,x31,x26	 x31:0x00000000 x26:0x00000000 x21=0x00000000
     278725.000 ns	     27871	80005ba8	40a88fb3	sub	x31,x17,x10	 x17:0x011a4af4 x10:0x011a4af5 x31=0xffffffff
     278745.000 ns	     27873	80005bac	21e7a553	fsgnjx.s	f10,f15,f30	 f15:0x00000000 f30:0x00000000 f10=0x00000000
     278765.000 ns	     27875	80005bb0	01e720b3	slt	x1,x14,x30	 x14:0x91ad9000 x30:0x544a7910  x1=0x00000001
     278785.000 ns	     27877	80005bb4	a03d22d3	feq.s	x5,f26,f3	 f26:0x7fc00000  f3:0x00000000  x5=0x00000000
     278815.000 ns	     27880	80005bb8	e00a9d53	fclass.s	x26,f21	 f21:0xca4ee2a0 x26=0x00000002
     278845.000 ns	     27883	80005bbc	e00d0353	fmv.x.w	x6,f26	 f26:0x7fc00000  x6=0x7fc00000
     278875.000 ns	     27886	80005bc0	e0020553	fmv.x.w	x10,f4	  f4:0x00000000 x10=0x00000000
     278905.000 ns	     27889	80005bc4	d00c2d53	fcvt.s.w	f26,x24	 x24:0x00000000 f26=0x00000000
     278935.000 ns	     27892	80005bc8	e0009f53	fclass.s	x30,f1	  f1:0x00000000 x30=0x00000010
     279305.000 ns	     27929	80005bcc	02f04233	div	x4,x0,x15	  x0:0x00000000 x15:0x00000001  x4=0x00000000
     279335.000 ns	     27932	80005bd0	e0021c53	fclass.s	x24,f4	  f4:0x00000000 x24=0x00000010
     279355.000 ns	     27934	80005bd4	009e13b3	sll	x7,x28,x9	 x28:0x00000000  x9:0x00000000  x7=0x00000000
     279375.000 ns	     27936	80005bd8	a0df0e53	fle.s	x28,f30,f13	 f30:0x00000000 f13:0xceff8000 x28=0x00000000
     279405.000 ns	     27939	80005bdc	f00d8b53	fmv.w.x	f22,x27	 x27:0x544a7910 f22=0x544a7910
     279425.000 ns	     27941	80005be0	2b947a17	auipc	x20,0x2b947	 x20=0xab94cbe0
     279435.000 ns	     27942	80005be4	007a5d93	srli	x27,x20,0x7	 x20:0x00000000 x27=0x01572997
     279445.000 ns	     27943	80005be8	006fd713	srli	x14,x31,0x6	 x31:0xffffffff x14=0x03ffffff
     279455.000 ns	     27944	80005bec	5cbba793	slti	x15,x23,1483	 x23:0x40bfffff x15=0x00000000
     279465.000 ns	     27945	80005bf0	41db8833	sub	x16,x23,x29	 x23:0x40bfffff x29:0x000007bf x16=0x40bff840
     279485.000 ns	     27947	80005bf4	d0019ed3	fcvt.s.w	f29,x3	  x3:0x00000000 f29=0x00000000
     279515.000 ns	     27950	80005bf8	a1652d53	feq.s	x26,f10,f22	 f10:0x00000000 f22:0x544a7910 x26=0x00000000
     279565.000 ns	     27955	80005bfc	09164153	fsub.s	f2,f12,f17	 f12:0xcefff7e0 f17:0xffc00000  f2=0x7fc00000
     279595.000 ns	     27958	80005c00	f00b0b53	fmv.w.x	f22,x22	 x22:0x80041024 f22=0x80041024
     279625.000 ns	     27961	80005c04	d0150353	fcvt.s.wu	f6,x10	 x10:0x00000000  f6=0x00000000
     279655.000 ns	     27964	80005c08	03580db3	mul	x27,x16,x21	 x16:0x40bff840 x21:0x00000000 x27=0x00000000
     279685.000 ns	     27967	80005c0c	a1692dd3	feq.s	x27,f18,f22	 f18:0x80000000 f22:0x80041024 x27=0x00000000
     279705.000 ns	     27969	80005c10	00447533	and	x10,x8,x4	  x8:0x007f3000  x4:0x00000000 x10=0x00000000
     279725.000 ns	     27971	80005c14	03253733	mulhu	x14,x10,x18	 x10:0x00000000 x18:0x00000000 x14=0x00000000
     279755.000 ns	     27974	80005c18	a15527d3	feq.s	x15,f10,f21	 f10:0x00000000 f21:0xca4ee2a0 x15=0x00000000
     279785.000 ns	     27977	80005c1c	021f23b3	mulhsu	x7,x30,x1	 x30:0x00000010  x1:0x00000001  x7=0x00000000
     279805.000 ns	     27979	80005c20	07f8b793	sltiu	x15,x17,127	 x17:0x011a4af4 x15=0x00000000
     279825.000 ns	     27981	80005c24	c00c4f53	fcvt.w.s	x30,f24	 f24:0x3f4ee2a0 x30=0x00000001
     279855.000 ns	     27984	80005c28	e00597d3	fclass.s	x15,f11	 f11:0xcefff7e0 x15=0x00000002
     279875.000 ns	     27986	80005c2c	01b29db3	sll	x27,x5,x27	  x5:0x00000000 x27:0x00000000 x27=0x00000000
     279895.000 ns	     27988	80005c30	a0410c53	fle.s	x24,f2,f4	  f2:0x7fc00000  f4:0x00000000 x24=0x00000000
     279915.000 ns	     27990	80005c34	40948cb3	sub	x25,x9,x9	  x9:0x00000000  x9:0x00000000 x25=0x00000000
     279935.000 ns	     27992	80005c38	e00f91d3	fclass.s	x3,f31	 f31:0x3f4ee2a0  x3=0x00000040
     279965.000 ns	     27995	80005c3c	039d5f33	divu	x30,x26,x25	 x26:0x00000000 x25:0x00000001 x30=0xffffffff
     279995.000 ns	     27998	80005c40	d013fdd3	fcvt.s.wu	f27,x7	  x7:0x00000000 f27=0x00000000
     280015.000 ns	     28000	80005c44	01bd0233	add	x4,x26,x27	 x26:0x00000000 x27:0x00000000  x4=0x00000000
     280025.000 ns	     28001	80005c48	01546833	or	x16,x8,x21	  x8:0x007f3000 x21:0x00000000 x16=0x007f3000
     280355.000 ns	     28034	80005c4c	18cb7553	fdiv.s	f10,f22,f12	 f22:0x80041024 f12:0xcefff7e0 f10=0x00000000
     280375.000 ns	     28036	80005c50	016d9f33	sll	x30,x27,x22	 x27:0x00000000 x22:0x80041024 x30=0x00000000
     280385.000 ns	     28037	80005c54	00291bb3	sll	x23,x18,x2	 x18:0x00000000  x2:0x80040fe4 x23=0x00000000
     280405.000 ns	     28039	80005c58	03aa4733	div	x14,x20,x26	 x20:0xab94cbe0 x26:0x00000000 x14=0xffffffff
     280425.000 ns	     28041	80005c5c	7433cd93	xori	x27,x7,1859	  x7:0x00000000 x27=0x00000743
     280445.000 ns	     28043	80005c60	03aceeb3	rem	x29,x25,x26	 x25:0x00000000 x26:0x00000000 x29=0x00000000
     280465.000 ns	     28045	80005c64	81d7e313	ori	x6,x15,-2019	 x15:0x00000002  x6=0xfffff81f
     280475.000 ns	     28046	80005c68	146ed337	lui	x6,0x146ed	  x6=0x146ed000
     280505.000 ns	     28049	80005c6c	11258f53	fmul.s	f30,f11,f18	 f11:0xcefff7e0 f18:0x80000000 f30=0x00000000
     280525.000 ns	     28051	80005c70	007c5293	srli	x5,x24,0x7	 x24:0x00000000  x5=0x00000000
     280535.000 ns	     28052	80005c74	012d1a93	slli	x21,x26,0x12	 x26:0x00000000 x21=0x00000000
     280575.000 ns	     28056	80005c78	006420d3	fadd.s	f1,f8,f6	  f8:0xcf002fa8  f6:0x00000000  f1=0xcf002fa8
     280605.000 ns	     28059	80005c7c	c000f1d3	fcvt.w.s	x3,f1	  f1:0x00000000  x3=0x80000000
     280625.000 ns	     28061	80005c80	419bdbb3	sra	x23,x23,x25	 x23:0x00000000 x25:0x00000000 x23=0x00000000
     280635.000 ns	     28062	80005c84	4009d413	srai	x8,x19,0x0	 x19:0x00000001  x8=0x00000001
     280645.000 ns	     28063	80005c88	f9887713	andi	x14,x16,-104	 x16:0x007f3000 x14=0x007f3000
     280685.000 ns	     28067	80005c8c	0998f3d3	fsub.s	f7,f17,f25	 f17:0xffc00000 f25:0xde7f77e4  f7=0x7fc00000
     280715.000 ns	     28070	80005c90	e00981d3	fmv.x.w	x3,f19	 f19:0x80000000  x3=0x80000000
     280745.000 ns	     28073	80005c94	21212c53	fsgnjx.s	f24,f2,f18	  f2:0x7fc00000 f18:0x80000000 f24=0xffc00000
     280775.000 ns	     28076	80005c98	d01141d3	fcvt.s.wu	f3,x2	  x2:0x80040fe4  f3=0x4f000410
     280795.000 ns	     28078	80005c9c	01188ab3	add	x21,x17,x17	 x17:0x011a4af4 x17:0x011a4af4 x21=0x023495e8
     280805.000 ns	     28079	80005ca0	414f5333	sra	x6,x30,x20	 x30:0x00000000 x20:0xab94cbe0  x6=0x00000000
     280835.000 ns	     28082	80005ca4	193bf9d3	fdiv.s	f19,f23,f19	 f23:0x80000000 f19:0x80000000 f19=0x7fc00000
     280855.000 ns	     28084	80005ca8	41ad56b3	sra	x13,x26,x26	 x26:0x00000000 x26:0x00000000 x13=0x00000000
     280875.000 ns	     28086	80005cac	f00d0dd3	fmv.w.x	f27,x26	 x26:0x00000000 f27=0x00000000
     280905.000 ns	     28089	80005cb0	03c459b3	divu	x19,x8,x28	  x8:0x00000001 x28:0x00000000 x19=0xffffffff
     280935.000 ns	     28092	80005cb4	e0041d53	fclass.s	x26,f8	  f8:0xcf002fa8 x26=0x00000002
     280955.000 ns	     28094	80005cb8	006b12b3	sll	x5,x22,x6	 x22:0x80041024  x6:0x00000000  x5=0x80041024
     280975.000 ns	     28096	80005cbc	c00970d3	fcvt.w.s	x1,f18	 f18:0x80000000  x1=0x00000000
     280995.000 ns	     28098	80005cc0	014cd8b3	srl	x17,x25,x20	 x25:0x00000000 x20:0xab94cbe0 x17=0x00000000
     281015.000 ns	     28100	80005cc4	a0c10dd3	fle.s	x27,f2,f12	  f2:0x7fc00000 f12:0xcefff7e0 x27=0x00000000
     281045.000 ns	     28103	80005cc8	d01db0d3	fcvt.s.wu	f1,x27	 x27:0x00000743  f1=0x00000000
     281065.000 ns	     28105	80005ccc	014a2233	slt	x4,x20,x20	 x20:0xab94cbe0 x20:0xab94cbe0  x4=0x00000000
     281085.000 ns	     28107	80005cd0	2012a353	fsgnjx.s	f6,f5,f1	  f5:0x00000000  f1:0x00000000  f6=0x00000000
     281105.000 ns	     28109	80005cd4	1426a013	slti	x0,x13,322	 x13:0x00000000
     281145.000 ns	     28113	80005cd8	09a3f053	fsub.s	f0,f7,f26	  f7:0x7fc00000 f26:0x00000000  f0=0x7fc00000
     281175.000 ns	     28116	80005cdc	03dad233	divu	x4,x21,x29	 x21:0x023495e8 x29:0x00000000  x4=0xffffffff
     281195.000 ns	     28118	80005ce0	d35cc293	xori	x5,x25,-715	 x25:0x00000000  x5=0xfffffd35
     281215.000 ns	     28120	80005ce4	a0f222d3	feq.s	x5,f4,f15	  f4:0x00000000 f15:0x00000000  x5=0x00000001
     281235.000 ns	     28122	80005ce8	cddfaf93	slti	x31,x31,-803	 x31:0xffffffff x31=0x00000000
     281255.000 ns	     28124	80005cec	0274fe33	remu	x28,x9,x7	  x9:0x00000000  x7:0x00000000 x28=0x00000000
     281305.000 ns	     28129	80005cf0	01e98fd3	fadd.s	f31,f19,f30	 f19:0x7fc00000 f30:0x00000000 f31=0x7fc00000
     281355.000 ns	     28134	80005cf4	0964bb53	fsub.s	f22,f9,f22	  f9:0x5e7f77e4 f22:0x80041024 f22=0x5e7f77e4
     281385.000 ns	     28137	80005cf8	a0b820d3	feq.s	x1,f16,f11	 f16:0xca4ee2a0 f11:0xcefff7e0  x1=0x00000000
     281415.000 ns	     28140	80005cfc	d01eb3d3	fcvt.s.wu	f7,x29	 x29:0x00000000  f7=0x00000000
     281435.000 ns	     28142	80005d00	009c1c33	sll	x24,x24,x9	 x24:0x00000000  x9:0x00000000 x24=0x00000000
     281455.000 ns	     28144	80005d04	0256ae33	mulhsu	x28,x13,x5	 x13:0x00000000  x5:0x00000001 x28=0x00000000
     281475.000 ns	     28146	80005d08	30928193	addi	x3,x5,777	  x5:0x00000001  x3=0x0000030a
     281505.000 ns	     28149	80005d0c	5800aed3	fsqrt.s	f29,f1	  f1:0x00000000 f29=0x00000000
     281535.000 ns	     28152	80005d10	033c9033	mulh	x0,x25,x19	 x25:0x00000000 x19:0xffffffff
     281555.000 ns	     28154	80005d14	0130b433	sltu	x8,x1,x19	  x1:0x00000000 x19:0xffffffff  x8=0x00000001
     281565.000 ns	     28155	80005d18	bfe67d13	andi	x26,x12,-1026	 x12:0x00000001 x26=0x00000000
     281575.000 ns	     28156	80005d1c	012b9193	slli	x3,x23,0x12	 x23:0x00000000  x3=0x00000000
     281595.000 ns	     28158	80005d20	a1649e53	flt.s	x28,f9,f22	  f9:0x5e7f77e4 f22:0x5e7f77e4 x28=0x00000000
     281935.000 ns	     28192	80005d24	18b81853	fdiv.s	f16,f16,f11	 f16:0xca4ee2a0 f11:0xcefff7e0 f16=0x3acee2a0
     281965.000 ns	     28195	80005d28	f00c04d3	fmv.w.x	f9,x24	 x24:0x00000000  f9=0x00000000
     281995.000 ns	     28198	80005d2c	21892cd3	fsgnjx.s	f25,f18,f24	 f18:0x80000000 f24:0xffc00000 f25=0x00000000
     282025.000 ns	     28201	80005d30	2019a753	fsgnjx.s	f14,f19,f1	 f19:0x7fc00000  f1:0x00000000 f14=0x7fc00000
     282395.000 ns	     28238	80005d34	03504733	div	x14,x0,x21	  x0:0x00000000 x21:0x023495e8 x14=0x00000000
     282415.000 ns	     28240	80005d38	22cf1f37	lui	x30,0x22cf1	 x30=0x22cf1000
     282425.000 ns	     28241	80005d3c	00d71f93	slli	x31,x14,0xd	 x14:0x00000000 x31=0x00000000
     282435.000 ns	     28242	80005d40	ba5f3393	sltiu	x7,x30,-1115	 x30:0x00000000  x7=0x00000001
     282455.000 ns	     28244	80005d44	21339f53	fsgnjn.s	f30,f7,f19	  f7:0x00000000 f19:0x7fc00000 f30=0x80000000
     282495.000 ns	     28248	80005d48	19ec9753	fdiv.s	f14,f25,f30	 f25:0x00000000 f30:0x00000000 f14=0x7fc00000
     282515.000 ns	     28250	80005d4c	0057d513	srli	x10,x15,0x5	 x15:0x00000002 x10=0x00000000
     282535.000 ns	     28252	80005d50	0211feb3	remu	x29,x3,x1	  x3:0x00000000  x1:0x00000000 x29=0x00000000
     282565.000 ns	     28255	80005d54	200393d3	fsgnjn.s	f7,f7,f0	  f7:0x00000000  f0:0x7fc00000  f7=0x80000000
     282605.000 ns	     28259	80005d58	18a90ad3	fdiv.s	f21,f18,f10	 f18:0x80000000 f10:0x00000000 f21=0x7fc00000
     282625.000 ns	     28261	80005d5c	14b48917	auipc	x18,0x14b48	 x18=0x94b4dd5c
     282635.000 ns	     28262	80005d60	411d5d13	srai	x26,x26,0x11	 x26:0x00000000 x26=0x00000000
     282645.000 ns	     28263	80005d64	012b1833	sll	x16,x22,x18	 x22:0x80041024 x18:0x00000000 x16=0x40000000
     282675.000 ns	     28266	80005d68	580df653	fsqrt.s	f12,f27	 f27:0x00000000 f12=0x00000000
     282695.000 ns	     28268	80005d6c	00000013	addi	x0,x0,0	  x0:0x00000000
     282705.000 ns	     28269	80005d70	41cb06b3	sub	x13,x22,x28	 x22:0x80041024 x28:0x00000000 x13=0x80041024
     282725.000 ns	     28271	80005d74	e00d16d3	fclass.s	x13,f26	 f26:0x00000000 x13=0x00000010
     282745.000 ns	     28273	80005d78	01ac9433	sll	x8,x25,x26	 x25:0x00000000 x26:0x00000000  x8=0x00000000
     282765.000 ns	     28275	80005d7c	02a2ee33	rem	x28,x5,x10	  x5:0x00000001 x10:0x00000000 x28=0x00000001
     282785.000 ns	     28277	80005d80	0036f3b3	and	x7,x13,x3	 x13:0x00000010  x3:0x00000000  x7=0x00000000
     282805.000 ns	     28279	80005d84	02bf8333	mul	x6,x31,x11	 x31:0x00000000 x11:0x80000000  x6=0x00000000
     282835.000 ns	     28282	80005d88	28fb19d3	fmax.s	f19,f22,f15	 f22:0x5e7f77e4 f15:0x00000000 f19=0x5e7f77e4
     282865.000 ns	     28285	80005d8c	f0090253	fmv.w.x	f4,x18	 x18:0x94b4dd5c  f4=0x94b4dd5c
     282895.000 ns	     28288	80005d90	a0210f53	fle.s	x30,f2,f2	  f2:0x7fc00000  f2:0x7fc00000 x30=0x00000000
     282925.000 ns	     28291	80005d94	021ff333	remu	x6,x31,x1	 x31:0x00000000  x1:0x00000000  x6=0x00000000
     282945.000 ns	     28293	80005d98	00ffd293	srli	x5,x31,0xf	 x31:0x00000000  x5=0x00000000
     282965.000 ns	     28295	80005d9c	a1350d53	fle.s	x26,f10,f19	 f10:0x00000000 f19:0x5e7f77e4 x26=0x00000001
     282985.000 ns	     28297	80005da0	0126c733	xor	x14,x13,x18	 x13:0x00000010 x18:0x94b4dd5c x14=0x94b4dd4c
     282995.000 ns	     28298	80005da4	00000013	addi	x0,x0,0	  x0:0x00000000
     283005.000 ns	     28299	80005da8	418bde33	sra	x28,x23,x24	 x23:0x00000000 x24:0x00000000 x28=0x00000000
     283015.000 ns	     28300	80005dac	0179cf33	xor	x30,x19,x23	 x19:0xffffffff x23:0x00000000 x30=0xffffffff
     283035.000 ns	     28302	80005db0	293b1753	fmax.s	f14,f22,f19	 f22:0x5e7f77e4 f19:0x5e7f77e4 f14=0x5e7f77e4
     283065.000 ns	     28305	80005db4	d00bfad3	fcvt.s.w	f21,x23	 x23:0x00000000 f21=0x00000000
     283085.000 ns	     28307	80005db8	b154f713	andi	x14,x9,-1259	  x9:0x00000000 x14=0x00000000
     283105.000 ns	     28309	80005dbc	0290f733	remu	x14,x1,x9	  x1:0x00000000  x9:0x00000000 x14=0x00000000
     283125.000 ns	     28311	80005dc0	7ee14e93	xori	x29,x2,2030	  x2:0x80040fe4 x29=0x8004080a
     283135.000 ns	     28312	80005dc4	013f4e33	xor	x28,x30,x19	 x30:0xffffffff x19:0xffffffff x28=0x00000000
     283145.000 ns	     28313	80005dc8	01eb87b3	add	x15,x23,x30	 x23:0x00000000 x30:0xffffffff x15=0xffffffff
     283155.000 ns	     28314	80005dcc	242a0a13	addi	x20,x20,578	 x20:0xab94cbe0 x20=0xab94ce22
     283165.000 ns	     28315	80005dd0	01e7d1b3	srl	x3,x15,x30	 x15:0x00000002 x30:0xffffffff  x3=0x00000001
     283185.000 ns	     28317	80005dd4	e00f8ed3	fmv.x.w	x29,f31	 f31:0x7fc00000 x29=0x7fc00000
     283205.000 ns	     28319	80005dd8	59564213	xori	x4,x12,1429	 x12:0x00000001  x4=0x00000594
     283235.000 ns	     28322	80005ddc	180723d3	fdiv.s	f7,f14,f0	 f14:0x5e7f77e4  f0:0x7fc00000  f7=0x7fc00000
     283265.000 ns	     28325	80005de0	e00e19d3	fclass.s	x19,f28	 f28:0x7fc00000 x19=0x00000200
     283295.000 ns	     28328	80005de4	d00e1bd3	fcvt.s.w	f23,x28	 x28:0x00000000 f23=0x00000000
     283345.000 ns	     28333	80005de8	01d4b8d3	fadd.s	f17,f9,f29	  f9:0x00000000 f29:0x00000000 f17=0x00000000
     283365.000 ns	     28335	80005dec	ec328237	lui	x4,0xec328	  x4=0xec328000
     283375.000 ns	     28336	80005df0	00000013	addi	x0,x0,0	  x0:0x00000000
     283385.000 ns	     28337	80005df4	00735d13	srli	x26,x6,0x7	  x6:0x00000000 x26=0x00000000
     283405.000 ns	     28339	80005df8	200f07d3	fsgnj.s	f15,f30,f0	 f30:0x80000000  f0:0x7fc00000 f15=0x00000000
     283435.000 ns	     28342	80005dfc	03fe6eb3	rem	x29,x28,x31	 x28:0x00000000 x31:0x00000000 x29=0x00000000
     283475.000 ns	     28346	80005e00	19c72b53	fdiv.s	f22,f14,f28	 f14:0x5e7f77e4 f28:0x7fc00000 f22=0x7fc00000
     283525.000 ns	     28351	80005e04	01ff2e53	fadd.s	f28,f30,f31	 f30:0x80000000 f31:0x7fc00000 f28=0x7fc00000
     283555.000 ns	     28354	80005e08	c01b0053	fcvt.wu.s	x0,f22	 f22:0x7fc00000
     283585.000 ns	     28357	80005e0c	03d71233	mulh	x4,x14,x29	 x14:0x00000000 x29:0x00000000  x4=0x00000000
     283605.000 ns	     28359	80005e10	6413e797	auipc	x15,0x6413e	 x15=0xe4143e10
     283645.000 ns	     28363	80005e14	09a97653	fsub.s	f12,f18,f26	 f18:0x80000000 f26:0x00000000 f12=0x80000000
     283665.000 ns	     28365	80005e18	01eaf4b3	and	x9,x21,x30	 x21:0x023495e8 x30:0xffffffff  x9=0x023495e8
     283685.000 ns	     28367	80005e1c	2172ae53	fsgnjx.s	f28,f5,f23	  f5:0x00000000 f23:0x00000000 f28=0x00000000
     283715.000 ns	     28370	80005e20	0269d8b3	divu	x17,x19,x6	 x19:0x00000200  x6:0x00000000 x17=0xffffffff
     283735.000 ns	     28372	80005e24	40c25913	srai	x18,x4,0xc	  x4:0x00000000 x18=0x00000000
     283745.000 ns	     28373	80005e28	40ad52b3	sra	x5,x26,x10	 x26:0x00000000 x10:0x00000000  x5=0x00000000
     284105.000 ns	     28409	80005e2c	033ac233	div	x4,x21,x19	 x21:0x023495e8 x19:0x00000200  x4=0x00011a4a
     284125.000 ns	     28411	80005e30	ea948513	addi	x10,x9,-343	  x9:0x023495e8 x10=0x02349491
     284145.000 ns	     28413	80005e34	f0030d53	fmv.w.x	f26,x6	  x6:0x00000000 f26=0x00000000
     284165.000 ns	     28415	80005e38	4073dd13	srai	x26,x7,0x7	  x7:0x00000000 x26=0x00000000
     284175.000 ns	     28416	80005e3c	01282333	slt	x6,x16,x18	 x16:0x40000000 x18:0x00000000  x6=0x00000000
     284185.000 ns	     28417	80005e40	53864397	auipc	x7,0x53864	  x7=0xd3869e40
     284205.000 ns	     28419	80005e44	c0039653	fcvt.w.s	x12,f7	  f7:0x7fc00000 x12=0x7fffffff
     284235.000 ns	     28422	80005e48	f00b0bd3	fmv.w.x	f23,x22	 x22:0x80041024 f23=0x80041024
     284265.000 ns	     28425	80005e4c	02f8a033	mulhsu	x0,x17,x15	 x17:0xffffffff x15:0xe4143e10
     284285.000 ns	     28427	80005e50	00000013	addi	x0,x0,0	  x0:0x00000000
     284315.000 ns	     28430	80005e54	103db8d3	fmul.s	f17,f27,f3	 f27:0x00000000  f3:0x4f000410 f17=0x00000000
     284335.000 ns	     28432	80005e58	17356e93	ori	x29,x10,371	 x10:0x02349491 x29=0x023495f3
     284365.000 ns	     28435	80005e5c	18e095d3	fdiv.s	f11,f1,f14	  f1:0x00000000 f14:0x5e7f77e4 f11=0x00000000
     284405.000 ns	     28439	80005e60	1171f8d3	fmul.s	f17,f3,f23	  f3:0x4f000410 f23:0x80041024 f17=0x8d8208a1
     284425.000 ns	     28441	80005e64	6d40dc17	auipc	x24,0x6d40d	 x24=0xed412e64
     284445.000 ns	     28443	80005e68	e0039253	fclass.s	x4,f7	  f7:0x7fc00000  x4=0x00000200
     284465.000 ns	     28445	80005e6c	00a171b3	and	x3,x2,x10	  x2:0x80040fe4 x10:0x02349491  x3=0x00040480
     284485.000 ns	     28447	80005e70	a1da0f53	fle.s	x30,f20,f29	 f20:0xbf4ee2a0 f29:0x00000000 x30=0x00000001
     284505.000 ns	     28449	80005e74	00a53bb3	sltu	x23,x10,x10	 x10:0x02349491 x10:0x02349491 x23=0x00000000
     284515.000 ns	     28450	80005e78	f5cb4317	auipc	x6,0xf5cb4	  x6=0x75cb9e78
     284555.000 ns	     28454	80005e7c	00e98d53	fadd.s	f26,f19,f14	 f19:0x5e7f77e4 f14:0x5e7f77e4 f26=0x5eff77e4
     284585.000 ns	     28457	80005e80	d00cfb53	fcvt.s.w	f22,x25	 x25:0x00000000 f22=0x00000000
     284605.000 ns	     28459	80005e84	8c6a7013	andi	x0,x20,-1850	 x20:0xab94ce22
     284615.000 ns	     28460	80005e88	017c9413	slli	x8,x25,0x17	 x25:0x00000000  x8=0x00000000
     284635.000 ns	     28462	80005e8c	c009fbd3	fcvt.w.s	x23,f19	 f19:0x5e7f77e4 x23=0x7fffffff
     284665.000 ns	     28465	80005e90	d01c28d3	fcvt.s.wu	f17,x24	 x24:0xed412e64 f17=0x4f6d412f
     284685.000 ns	     28467	80005e94	01f0d093	srli	x1,x1,0x1f	  x1:0x00000000  x1=0x00000000
     284715.000 ns	     28470	80005e98	10027953	fmul.s	f18,f4,f0	  f4:0x94b4dd5c  f0:0x7fc00000 f18=0x7fc00000
     285085.000 ns	     28507	80005e9c	0314d1b3	divu	x3,x9,x17	  x9:0x023495e8 x17:0xffffffff  x3=0x00000000
     285115.000 ns	     28510	80005ea0	a17d8a53	fle.s	x20,f27,f23	 f27:0x00000000 f23:0x80041024 x20=0x00000000
     285135.000 ns	     28512	80005ea4	00ea0f33	add	x30,x20,x14	 x20:0xab94ce22 x14:0x00000000 x30=0x00000000
     285145.000 ns	     28513	80005ea8	03398893	addi	x17,x19,51	 x19:0x00000200 x17=0x00000233
     285155.000 ns	     28514	80005eac	01c86733	or	x14,x16,x28	 x16:0x40000000 x28:0x00000000 x14=0x40000000
     285165.000 ns	     28515	80005eb0	72e0ac93	slti	x25,x1,1838	  x1:0x00000000 x25=0x00000001
     285175.000 ns	     28516	80005eb4	2196f893	andi	x17,x13,537	 x13:0x00000010 x17=0x00000010
     285195.000 ns	     28518	80005eb8	c0090dd3	fcvt.w.s	x27,f18	 f18:0x7fc00000 x27=0x7fffffff
     285215.000 ns	     28520	80005ebc	fd484a93	xori	x21,x16,-44	 x16:0x40000000 x21=0xbfffffd4
     285225.000 ns	     28521	80005ec0	00e9b6b3	sltu	x13,x19,x14	 x19:0x00000200 x14:0x40000000 x13=0x00000001
     285245.000 ns	     28523	80005ec4	a1819353	flt.s	x6,f3,f24	  f3:0x4f000410 f24:0xffc00000  x6=0x00000000
     285275.000 ns	     28526	80005ec8	03fcfdb3	remu	x27,x25,x31	 x25:0x00000001 x31:0x00000000 x27=0x00000001
     285295.000 ns	     28528	80005ecc	0104dab3	srl	x21,x9,x16	  x9:0x023495e8 x16:0x40000000 x21=0x023495e8
     285305.000 ns	     28529	80005ed0	80e58e17	auipc	x28,0x80e58	 x28=0x00e5ded0
     285325.000 ns	     28531	80005ed4	03f4fdb3	remu	x27,x9,x31	  x9:0x023495e8 x31:0x00000000 x27=0x023495e8
     285345.000 ns	     28533	80005ed8	00e014b3	sll	x9,x0,x14	  x0:0x00000000 x14:0x40000000  x9=0x00000000
     285355.000 ns	     28534	80005edc	685aa393	slti	x7,x21,1669	 x21:0x023495e8  x7=0x00000000
     285365.000 ns	     28535	80005ee0	3d18b413	sltiu	x8,x17,977	 x17:0x00000010  x8=0x00000001
     285375.000 ns	     28536	80005ee4	40905193	srai	x3,x0,0x9	  x0:0x00000000  x3=0x00000000
     285415.000 ns	     28540	80005ee8	00a109d3	fadd.s	f19,f2,f10	  f2:0x7fc00000 f10:0x00000000 f19=0x7fc00000
     285445.000 ns	     28543	80005eec	e00f8653	fmv.x.w	x12,f31	 f31:0x7fc00000 x12=0x7fc00000
     285465.000 ns	     28545	80005ef0	0066fcb3	and	x25,x13,x6	 x13:0x00000001  x6:0x00000000 x25=0x00000000
     285505.000 ns	     28549	80005ef4	012572d3	fadd.s	f5,f10,f18	 f10:0x00000000 f18:0x7fc00000  f5=0x7fc00000
     285525.000 ns	     28551	80005ef8	d88f7993	andi	x19,x30,-632	 x30:0x00000000 x19=0x00000000
     285545.000 ns	     28553	80005efc	03ae28b3	mulhsu	x17,x28,x26	 x28:0x00e5ded0 x26:0x00000000 x17=0x00000000
     285565.000 ns	     28555	80005f00	00000013	addi	x0,x0,0	  x0:0x00000000
     285575.000 ns	     28556	80005f04	00a45bb7	lui	x23,0xa45	 x23=0x00a45000
     285585.000 ns	     28557	80005f08	01eb1013	slli	x0,x22,0x1e	 x22:0x80041024
     285625.000 ns	     28561	80005f0c	0932f553	fsub.s	f10,f5,f19	  f5:0x7fc00000 f19:0x7fc00000 f10=0x7fc00000
     285675.000 ns	     28566	80005f10	019eb753	fadd.s	f14,f29,f25	 f29:0x00000000 f25:0x00000000 f14=0x00000000
     285705.000 ns	     28569	80005f14	a0460753	fle.s	x14,f12,f4	 f12:0x80000000  f4:0x94b4dd5c x14=0x00000000
     285745.000 ns	     28573	80005f18	182071d3	fdiv.s	f3,f0,f2	  f0:0x7fc00000  f2:0x7fc00000  f3=0x7fc00000
     285775.000 ns	     28576	80005f1c	217d82d3	fsgnj.s	f5,f27,f23	 f27:0x00000000 f23:0x80041024  f5=0x80000000
     285805.000 ns	     28579	80005f20	03226433	rem	x8,x4,x18	  x4:0x00000200 x18:0x00000000  x8=0x00000200
     285825.000 ns	     28581	80005f24	01457e33	and	x28,x10,x20	 x10:0x02349491 x20:0x00000000 x28=0x00000000
     285835.000 ns	     28582	80005f28	01ada2b3	slt	x5,x27,x26	 x27:0x023495e8 x26:0x00000000  x5=0x00000000
     285845.000 ns	     28583	80005f2c	0127dcb3	srl	x25,x15,x18	 x15:0xe4143e10 x18:0x00000000 x25=0xe4143e10
     285855.000 ns	     28584	80005f30	c2c0c017	auipc	x0,0xc2c0c	
     285865.000 ns	     28585	80005f34	e320b713	sltiu	x14,x1,-462	  x1:0x00000000 x14=0x00000001
     285885.000 ns	     28587	80005f38	e00518d3	fclass.s	x17,f10	 f10:0x7fc00000 x17=0x00000200
     286255.000 ns	     28624	80005f3c	02a146b3	div	x13,x2,x10	  x2:0x80040fe4 x10:0x02349491 x13=0xffffffc6
     286285.000 ns	     28627	80005f40	a071a953	feq.s	x18,f3,f7	  f3:0x7fc00000  f7:0x7fc00000 x18=0x00000000
     286305.000 ns	     28629	80005f44	00335333	srl	x6,x6,x3	  x6:0x00000000  x3:0x00000000  x6=0x00000000
     286315.000 ns	     28630	80005f48	a6d24f37	lui	x30,0xa6d24	 x30=0xa6d24000
     286325.000 ns	     28631	80005f4c	40ce0733	sub	x14,x28,x12	 x28:0x00000000 x12:0x7fc00000 x14=0x80400000
     286345.000 ns	     28633	80005f50	a039a3d3	feq.s	x7,f19,f3	 f19:0x7fc00000  f3:0x7fc00000  x7=0x00000000
     286375.000 ns	     28636	80005f54	02bd2a33	mulhsu	x20,x26,x11	 x26:0x00000000 x11:0x80000000 x20=0x00000000
     286405.000 ns	     28639	80005f58	038381b3	mul	x3,x7,x24	  x7:0x00000000 x24:0xed412e64  x3=0x00000000
     286435.000 ns	     28642	80005f5c	d0009253	fcvt.s.w	f4,x1	  x1:0x00000000  f4=0x00000000
     286455.000 ns	     28644	80005f60	1e16e913	ori	x18,x13,481	 x13:0xffffffc6 x18=0xffffffe7
     286465.000 ns	     28645	80005f64	0b566e93	ori	x29,x12,181	 x12:0x7fc00000 x29=0x7fc000b5
     286475.000 ns	     28646	80005f68	ac9092b7	lui	x5,0xac909	  x5=0xac909000
     286485.000 ns	     28647	80005f6c	0068f4b3	and	x9,x17,x6	 x17:0x00000200  x6:0x00000000  x9=0x00000000
     286505.000 ns	     28649	80005f70	d00a7bd3	fcvt.s.w	f23,x20	 x20:0x00000000 f23=0x00000000
     286535.000 ns	     28652	80005f74	e0018453	fmv.x.w	x8,f3	  f3:0x7fc00000  x8=0x7fc00000
     286565.000 ns	     28655	80005f78	212f0dd3	fsgnj.s	f27,f30,f18	 f30:0x80000000 f18:0x7fc00000 f27=0x00000000
     286595.000 ns	     28658	80005f7c	034cb633	mulhu	x12,x25,x20	 x25:0xe4143e10 x20:0x00000000 x12=0x00000000
     286615.000 ns	     28660	80005f80	b2e13d97	auipc	x27,0xb2e13	 x27=0x32e18f80
     286635.000 ns	     28662	80005f84	023967b3	rem	x15,x18,x3	 x18:0xffffffe7  x3:0x00000000 x15=0xffffffe7
     286655.000 ns	     28664	80005f88	d4ee4b93	xori	x23,x28,-690	 x28:0x00000000 x23=0xfffffd4e
     286665.000 ns	     28665	80005f8c	2e2b2e13	slti	x28,x22,738	 x22:0x80041024 x28=0x00000001
     286685.000 ns	     28667	80005f90	a053aad3	feq.s	x21,f7,f5	  f7:0x7fc00000  f5:0x80000000 x21=0x00000000
     286735.000 ns	     28672	80005f94	0154b6d3	fadd.s	f13,f9,f21	  f9:0x00000000 f21:0x00000000 f13=0x00000000
     286755.000 ns	     28674	80005f98	00e21d93	slli	x27,x4,0xe	  x4:0x00000200 x27=0x00800000
     286775.000 ns	     28676	80005f9c	c0191853	fcvt.wu.s	x16,f18	 f18:0x7fc00000 x16=0xffffffff
     286805.000 ns	     28679	80005fa0	20e39dd3	fsgnjn.s	f27,f7,f14	  f7:0x7fc00000 f14:0x00000000 f27=0xffc00000
     286835.000 ns	     28682	80005fa4	03f808b3	mul	x17,x16,x31	 x16:0xffffffff x31:0x00000000 x17=0x00000000
     286855.000 ns	     28684	80005fa8	639eed37	lui	x26,0x639ee	 x26=0x639ee000
     287215.000 ns	     28720	80005fac	02a84a33	div	x20,x16,x10	 x16:0xffffffff x10:0x02349491 x20=0x00000000
     287245.000 ns	     28723	80005fb0	0303a933	mulhsu	x18,x7,x16	  x7:0x00000000 x16:0xffffffff x18=0x00000000
     287265.000 ns	     28725	80005fb4	41a55bb3	sra	x23,x10,x26	 x10:0x02349491 x26:0x639ee000 x23=0x02349491
     287275.000 ns	     28726	80005fb8	01037933	and	x18,x6,x16	  x6:0x00000000 x16:0xffffffff x18=0x00000000
     287295.000 ns	     28728	80005fbc	d0077ad3	fcvt.s.w	f21,x14	 x14:0x80400000 f21=0xceff8000
     287325.000 ns	     28731	80005fc0	211b1153	fsgnjn.s	f2,f22,f17	 f22:0x00000000 f17:0x4f6d412f  f2=0x80000000
     287345.000 ns	     28733	80005fc4	121deb97	auipc	x23,0x121de	 x23=0x921e3fc4
     287365.000 ns	     28735	80005fc8	a15a9d53	flt.s	x26,f21,f21	 f21:0xceff8000 f21:0xceff8000 x26=0x00000000
     287385.000 ns	     28737	80005fcc	f40cc093	xori	x1,x25,-192	 x25:0xe4143e10  x1=0x1bebc150
     287395.000 ns	     28738	80005fd0	16177893	andi	x17,x14,353	 x14:0x80400000 x17=0x00000000
     287415.000 ns	     28740	80005fd4	d01c8fd3	fcvt.s.wu	f31,x25	 x25:0xe4143e10 f31=0x4f64143e
     287445.000 ns	     28743	80005fd8	c00fc8d3	fcvt.w.s	x17,f31	 f31:0x7fc00000 x17=0x7fffffff
     287465.000 ns	     28745	80005fdc	41655813	srai	x16,x10,0x16	 x10:0x02349491 x16=0x00000008
     287485.000 ns	     28747	80005fe0	026043b3	div	x7,x0,x6	  x0:0x00000000  x6:0x00000000  x7=0xffffffff
     287515.000 ns	     28750	80005fe4	f0048553	fmv.w.x	f10,x9	  x9:0x00000000 f10=0x00000000
     287535.000 ns	     28752	80005fe8	017884b3	add	x9,x17,x23	 x17:0x7fffffff x23:0x921e3fc4  x9=0x121e3fc3
     287545.000 ns	     28753	80005fec	019e3633	sltu	x12,x28,x25	 x28:0x00000001 x25:0xe4143e10 x12=0x00000001
     287565.000 ns	     28755	80005ff0	033894b3	mulh	x9,x17,x19	 x17:0x7fffffff x19:0x00000000  x9=0x00000000
     287595.000 ns	     28758	80005ff4	20022b53	fsgnjx.s	f22,f4,f0	  f4:0x00000000  f0:0x7fc00000 f22=0x00000000
     287625.000 ns	     28761	80005ff8	02deb233	mulhu	x4,x29,x13	 x29:0x7fc000b5 x13:0xffffffc6  x4=0x7fc00098
     287645.000 ns	     28763	80005ffc	41c58533	sub	x10,x11,x28	 x11:0x80000000 x28:0x00000001 x10=0x7fffffff
     287655.000 ns	     28764	80006000	41fd5c33	sra	x24,x26,x31	 x26:0x00000000 x31:0x00000000 x24=0x00000000
     287665.000 ns	     28765	80006004	5520e917	auipc	x18,0x5520e	 x18=0xd5214004
     287695.000 ns	     28768	80006008	11793ed3	fmul.s	f29,f18,f23	 f18:0x7fc00000 f23:0x00000000 f29=0x7fc00000
     288065.000 ns	     28805	8000600c	0213deb3	divu	x29,x7,x1	  x7:0xffffffff  x1:0x1bebc150 x29=0x00000009
     288085.000 ns	     28807	80006010	13bcfe13	andi	x28,x25,315	 x25:0xe4143e10 x28=0x00000010
     288095.000 ns	     28808	80006014	b1e58693	addi	x13,x11,-1250	 x11:0x80000000 x13=0x7ffffb1e
     288105.000 ns	     28809	80006018	40145413	srai	x8,x8,0x1	  x8:0x7fc00000  x8=0x3fe00000
     288125.000 ns	     28811	8000601c	28e00953	fmin.s	f18,f0,f14	  f0:0x7fc00000 f14:0x00000000 f18=0x00000000
     288495.000 ns	     28848	80006020	02fc5233	divu	x4,x24,x15	 x24:0x00000000 x15:0xffffffe7  x4=0x00000000
     288525.000 ns	     28851	80006024	02091733	mulh	x14,x18,x0	 x18:0xd5214004  x0:0x00000000 x14=0x00000000
     288555.000 ns	     28854	80006028	02912833	mulhsu	x16,x2,x9	  x2:0x80040fe4  x9:0x00000000 x16=0x00000000
     288585.000 ns	     28857	8000602c	c0038853	fcvt.w.s	x16,f7	  f7:0x7fc00000 x16=0x7fffffff
     288615.000 ns	     28860	80006030	028008b3	mul	x17,x0,x8	  x0:0x00000000  x8:0x3fe00000 x17=0x00000000
     288645.000 ns	     28863	80006034	f0070653	fmv.w.x	f12,x14	 x14:0x00000000 f12=0x00000000
     288675.000 ns	     28866	80006038	0264fc33	remu	x24,x9,x6	  x9:0x00000000  x6:0x00000000 x24=0x00000000
     288695.000 ns	     28868	8000603c	012e47b3	xor	x15,x28,x18	 x28:0x00000010 x18:0xd5214004 x15=0xd5214014
     288705.000 ns	     28869	80006040	01661b93	slli	x23,x12,0x16	 x12:0x00000001 x23=0x00400000
     289065.000 ns	     28905	80006044	0225f433	remu	x8,x11,x2	 x11:0x80000000  x2:0x80040fe4  x8=0x80000000
     289085.000 ns	     28907	80006048	0164d993	srli	x19,x9,0x16	  x9:0x00000000 x19=0x00000000
     289105.000 ns	     28909	8000604c	e00f1ad3	fclass.s	x21,f30	 f30:0x80000000 x21=0x00000008
     289135.000 ns	     28912	80006050	c0157553	fcvt.wu.s	x10,f10	 f10:0x00000000 x10=0x00000000
     289155.000 ns	     28914	80006054	400484b3	sub	x9,x9,x0	  x9:0x00000000  x0:0x00000000  x9=0x00000000
     289185.000 ns	     28917	80006058	119518d3	fmul.s	f17,f10,f25	 f10:0x00000000 f25:0x00000000 f17=0x00000000
     289205.000 ns	     28919	8000605c	01b213b3	sll	x7,x4,x27	  x4:0x00000000 x27:0x00800000  x7=0x00000000
     289215.000 ns	     28920	80006060	0173f9b3	and	x19,x7,x23	  x7:0xffffffff x23:0x00400000 x19=0x00000000
     289225.000 ns	     28921	80006064	bbfb0713	addi	x14,x22,-1089	 x22:0x80041024 x14=0x80040be3
     289245.000 ns	     28923	80006068	212da5d3	fsgnjx.s	f11,f27,f18	 f27:0xffc00000 f18:0x00000000 f11=0xffc00000
     289275.000 ns	     28926	8000606c	0260a3b3	mulhsu	x7,x1,x6	  x1:0x1bebc150  x6:0x00000000  x7=0x00000000
     289295.000 ns	     28928	80006070	86d5af13	slti	x30,x11,-1939	 x11:0x80000000 x30=0x00000001
     289305.000 ns	     28929	80006074	8504a413	slti	x8,x9,-1968	  x9:0x00000000  x8=0x00000000
     289335.000 ns	     28932	80006078	5807c253	fsqrt.s	f4,f15	 f15:0x00000000  f4=0x00000000
     289355.000 ns	     28934	8000607c	00bc4cb3	xor	x25,x24,x11	 x24:0x00000000 x11:0x80000000 x25=0x80000000
     289375.000 ns	     28936	80006080	21b8a9d3	fsgnjx.s	f19,f17,f27	 f17:0x00000000 f27:0xffc00000 f19=0x80000000
     289405.000 ns	     28939	80006084	024cc0b3	div	x1,x25,x4	 x25:0xe4143e10  x4:0x00000000  x1=0xffffffff
     289435.000 ns	     28942	80006088	a1c0a6d3	feq.s	x13,f1,f28	  f1:0x00000000 f28:0x00000000 x13=0x00000001
     289465.000 ns	     28945	8000608c	a160a453	feq.s	x8,f1,f22	  f1:0x00000000 f22:0x00000000  x8=0x00000001
     289495.000 ns	     28948	80006090	21f1abd3	fsgnjx.s	f23,f3,f31	  f3:0x7fc00000 f31:0x4f64143e f23=0x7fc00000
     289515.000 ns	     28950	80006094	00788433	add	x8,x17,x7	 x17:0x00000000  x7:0x00000000  x8=0x00000000
     289875.000 ns	     28986	80006098	02b47833	remu	x16,x8,x11	  x8:0x00000001 x11:0x80000000 x16=0x00000000
     289905.000 ns	     28989	8000609c	20e406d3	fsgnj.s	f13,f8,f14	  f8:0xcf002fa8 f14:0x00000000 f13=0x4f002fa8
     289925.000 ns	     28991	800060a0	0044e433	or	x8,x9,x4	  x9:0x00000000  x4:0x00000000  x8=0x00000000
     289935.000 ns	     28992	800060a4	01b7f733	and	x14,x15,x27	 x15:0xd5214014 x27:0x00800000 x14=0x00000000
     289955.000 ns	     28994	800060a8	e00400d3	fmv.x.w	x1,f8	  f8:0xcf002fa8  x1=0xcf002fa8
     289985.000 ns	     28997	800060ac	023aa2b3	mulhsu	x5,x21,x3	 x21:0x00000008  x3:0x00000000  x5=0x00000000
     290015.000 ns	     29000	800060b0	21b787d3	fsgnj.s	f15,f15,f27	 f15:0x00000000 f27:0xffc00000 f15=0x80000000
     290045.000 ns	     29003	800060b4	20901053	fsgnjn.s	f0,f0,f9	  f0:0x7fc00000  f9:0x00000000  f0=0xffc00000
     290075.000 ns	     29006	800060b8	20c40fd3	fsgnj.s	f31,f8,f12	  f8:0xcf002fa8 f12:0x00000000 f31=0x4f002fa8
     290105.000 ns	     29009	800060bc	0230d7b3	divu	x15,x1,x3	  x1:0xcf002fa8  x3:0x00000000 x15=0xffffffff
     290155.000 ns	     29014	800060c0	01e51153	fadd.s	f2,f10,f30	 f10:0x00000000 f30:0x80000000  f2=0x80000000
     290195.000 ns	     29018	800060c4	106871d3	fmul.s	f3,f16,f6	 f16:0x3acee2a0  f6:0x00000000  f3=0x00000000
     290215.000 ns	     29020	800060c8	40128833	sub	x16,x5,x1	  x5:0x00000000  x1:0xcf002fa8 x16=0x30ffd058
     290235.000 ns	     29022	800060cc	29a689d3	fmin.s	f19,f13,f26	 f13:0x4f002fa8 f26:0x5eff77e4 f19=0x4f002fa8
     290255.000 ns	     29024	800060d0	1207f793	andi	x15,x15,288	 x15:0xffffffff x15=0x00000120
     290295.000 ns	     29028	800060d4	08b120d3	fsub.s	f1,f2,f11	  f2:0x80000000 f11:0xffc00000  f1=0x7fc00000
     290315.000 ns	     29030	800060d8	01a69733	sll	x14,x13,x26	 x13:0x00000001 x26:0x00000000 x14=0x00000001
     290335.000 ns	     29032	800060dc	c0113ed3	fcvt.wu.s	x29,f2	  f2:0x80000000 x29=0x00000000
     290365.000 ns	     29035	800060e0	28848653	fmin.s	f12,f9,f8	  f9:0x00000000  f8:0xcf002fa8 f12=0xcf002fa8
     290395.000 ns	     29038	800060e4	03923433	mulhu	x8,x4,x25	  x4:0x00000000 x25:0x80000000  x8=0x00000000
     290425.000 ns	     29041	800060e8	f0000ed3	fmv.w.x	f29,x0	  x0:0x00000000 f29=0x00000000
     290455.000 ns	     29044	800060ec	02eba8b3	mulhsu	x17,x23,x14	 x23:0x00400000 x14:0x00000001 x17=0x00000000
     290475.000 ns	     29046	800060f0	65302793	slti	x15,x0,1619	  x0:0x00000000 x15=0x00000001
     290485.000 ns	     29047	800060f4	01f2bf33	sltu	x30,x5,x31	  x5:0x00000000 x31:0x00000000 x30=0x00000000
     290505.000 ns	     29049	800060f8	023f78b3	remu	x17,x30,x3	 x30:0x00000001  x3:0x00000000 x17=0x00000000
     290555.000 ns	     29054	800060fc	0134f1d3	fadd.s	f3,f9,f19	  f9:0x00000000 f19:0x4f002fa8  f3=0x4f002fa8
     290925.000 ns	     29091	80006100	03996f33	rem	x30,x18,x25	 x18:0xd5214004 x25:0x80000000 x30=0xd5214004
     290945.000 ns	     29093	80006104	00c40333	add	x6,x8,x12	  x8:0x00000000 x12:0x00000001  x6=0x00000001
     290955.000 ns	     29094	80006108	8bff3b93	sltiu	x23,x30,-1857	 x30:0xd5214004 x23=0x00000001
     290975.000 ns	     29096	8000610c	29f68dd3	fmin.s	f27,f13,f31	 f13:0x4f002fa8 f31:0x4f002fa8 f27=0x4f002fa8
     290995.000 ns	     29098	80006110	b50d6993	ori	x19,x26,-1200	 x26:0x00000000 x19=0xfffffb50
     291015.000 ns	     29100	80006114	0363b433	mulhu	x8,x7,x22	  x7:0x00000000 x22:0x80041024  x8=0x00000000
     291045.000 ns	     29103	80006118	20f59f53	fsgnjn.s	f30,f11,f15	 f11:0xffc00000 f15:0x80000000 f30=0x7fc00000
     291075.000 ns	     29106	8000611c	a1240dd3	fle.s	x27,f8,f18	  f8:0xcf002fa8 f18:0x00000000 x27=0x00000001
     291125.000 ns	     29111	80006120	00d805d3	fadd.s	f11,f16,f13	 f16:0x3acee2a0 f13:0x4f002fa8 f11=0x4f002fa8
     291145.000 ns	     29113	80006124	01b587b3	add	x15,x11,x27	 x11:0x80000000 x27:0x00000001 x15=0x80000001
     291155.000 ns	     29114	80006128	00a530b3	sltu	x1,x10,x10	 x10:0x00000000 x10:0x00000000  x1=0x00000000
     291195.000 ns	     29118	8000612c	00ab7253	fadd.s	f4,f22,f10	 f22:0x00000000 f10:0x00000000  f4=0x00000000
     291225.000 ns	     29121	80006130	027c9e33	mulh	x28,x25,x7	 x25:0x80000000  x7:0x00000000 x28=0x00000000
     291245.000 ns	     29123	80006134	3565d037	lui	x0,0x3565d	
     291255.000 ns	     29124	80006138	40d25793	srai	x15,x4,0xd	  x4:0x00000000 x15=0x00000000
     291265.000 ns	     29125	8000613c	0078a633	slt	x12,x17,x7	 x17:0x00000000  x7:0x00000000 x12=0x00000000
     291285.000 ns	     29127	80006140	02888db3	mul	x27,x17,x8	 x17:0x00000000  x8:0x00000000 x27=0x00000000
     291315.000 ns	     29130	80006144	0344cfb3	div	x31,x9,x20	  x9:0x00000000 x20:0x00000000 x31=0xffffffff
     291335.000 ns	     29132	80006148	012c7f33	and	x30,x24,x18	 x24:0x00000000 x18:0xd5214004 x30=0x00000000
     291355.000 ns	     29134	8000614c	29ce1653	fmax.s	f12,f28,f28	 f28:0x00000000 f28:0x00000000 f12=0x00000000
     291385.000 ns	     29137	80006150	29ab1253	fmax.s	f4,f22,f26	 f22:0x00000000 f26:0x5eff77e4  f4=0x5eff77e4
     291415.000 ns	     29140	80006154	e0060253	fmv.x.w	x4,f12	 f12:0x00000000  x4=0x00000000
     291435.000 ns	     29142	80006158	00445a13	srli	x20,x8,0x4	  x8:0x00000000 x20=0x00000000
     291445.000 ns	     29143	8000615c	00bb6d33	or	x26,x22,x11	 x22:0x80041024 x11:0x80000000 x26=0x80041024
     291465.000 ns	     29145	80006160	a0739653	flt.s	x12,f7,f7	  f7:0x7fc00000  f7:0x7fc00000 x12=0x00000000
     291505.000 ns	     29149	80006164	18627653	fdiv.s	f12,f4,f6	  f4:0x5eff77e4  f6:0x00000000 f12=0x7f800000
     291525.000 ns	     29151	80006168	4115d893	srai	x17,x11,0x11	 x11:0x80000000 x17=0xffffc000
     291535.000 ns	     29152	8000616c	6bbbfd93	andi	x27,x23,1723	 x23:0x00000001 x27=0x00000001
     291545.000 ns	     29153	80006170	001fadb3	slt	x27,x31,x1	 x31:0xffffffff  x1:0x00000000 x27=0x00000001
     291555.000 ns	     29154	80006174	009979b3	and	x19,x18,x9	 x18:0xd5214004  x9:0x00000000 x19=0x00000000
     291565.000 ns	     29155	80006178	1882bc37	lui	x24,0x1882b	 x24=0x1882b000
     291585.000 ns	     29157	8000617c	03452bb3	mulhsu	x23,x10,x20	 x10:0x00000000 x20:0x00000000 x23=0x00000000
     291615.000 ns	     29160	80006180	02a5c633	div	x12,x11,x10	 x11:0x80000000 x10:0x00000000 x12=0xffffffff
     291645.000 ns	     29163	80006184	039d2c33	mulhsu	x24,x26,x25	 x26:0x80041024 x25:0x80000000 x24=0xc0020812
     291675.000 ns	     29166	80006188	a1bfa253	feq.s	x4,f31,f27	 f31:0x4f002fa8 f27:0x4f002fa8  x4=0x00000001
     291695.000 ns	     29168	8000618c	f296a393	slti	x7,x13,-215	 x13:0x00000001  x7=0x00000000
     291705.000 ns	     29169	80006190	5f07f293	andi	x5,x15,1520	 x15:0x00000000  x5=0x00000000
     291725.000 ns	     29171	80006194	c0147053	fcvt.wu.s	x0,f8	  f8:0xcf002fa8
     291745.000 ns	     29173	80006198	01e15e93	srli	x29,x2,0x1e	  x2:0x80040fe4 x29=0x00000002
     291765.000 ns	     29175	8000619c	c01fa453	fcvt.wu.s	x8,f31	 f31:0x4f002fa8  x8=0x802fa800
     291785.000 ns	     29177	800061a0	01cb0e33	add	x28,x22,x28	 x22:0x80041024 x28:0x00000000 x28=0x80041024
     291805.000 ns	     29179	800061a4	c003fed3	fcvt.w.s	x29,f7	  f7:0x7fc00000 x29=0x7fffffff
     291835.000 ns	     29182	800061a8	e0071d53	fclass.s	x26,f14	 f14:0x00000000 x26=0x00000010
     291855.000 ns	     29184	800061ac	75b2f693	andi	x13,x5,1883	  x5:0x00000000 x13=0x00000000
     291865.000 ns	     29185	800061b0	01623f33	sltu	x30,x4,x22	  x4:0x00000001 x22:0x80041024 x30=0x00000001
     291885.000 ns	     29187	800061b4	03e10a33	mul	x20,x2,x30	  x2:0x80040fe4 x30:0x00000000 x20=0x80040fe4
     292255.000 ns	     29224	800061b8	036364b3	rem	x9,x6,x22	  x6:0x00000001 x22:0x80041024  x9=0x00000001
     292285.000 ns	     29227	800061bc	034700b3	mul	x1,x14,x20	 x14:0x00000001 x20:0x80040fe4  x1=0x80040fe4
     292305.000 ns	     29229	800061c0	f1845637	lui	x12,0xf1845	 x12=0xf1845000
     292315.000 ns	     29230	800061c4	004866b3	or	x13,x16,x4	 x16:0x30ffd058  x4:0x00000001 x13=0x30ffd059
     292335.000 ns	     29232	800061c8	a08c8353	fle.s	x6,f25,f8	 f25:0x00000000  f8:0xcf002fa8  x6=0x00000000
     292365.000 ns	     29235	800061cc	d00d30d3	fcvt.s.w	f1,x26	 x26:0x00000010  f1=0x41800000
     292385.000 ns	     29237	800061d0	54140413	addi	x8,x8,1345	  x8:0x802fa800  x8=0x802fad41
     292405.000 ns	     29239	800061d4	a0900953	fle.s	x18,f0,f9	  f0:0xffc00000  f9:0x00000000 x18=0x00000000
     292445.000 ns	     29243	800061d8	119135d3	fmul.s	f11,f2,f25	  f2:0x80000000 f25:0x00000000 f11=0x80000000
     292465.000 ns	     29245	800061dc	00f548b3	xor	x17,x10,x15	 x10:0x00000000 x15:0x00000000 x17=0x00000000
     292485.000 ns	     29247	800061e0	29138cd3	fmin.s	f25,f7,f17	  f7:0x7fc00000 f17:0x00000000 f25=0x00000000
     292535.000 ns	     29252	800061e4	08511fd3	fsub.s	f31,f2,f5	  f2:0x80000000  f5:0x80000000 f31=0x00000000
     292565.000 ns	     29255	800061e8	e00b9c53	fclass.s	x24,f23	 f23:0x7fc00000 x24=0x00000200
     292585.000 ns	     29257	800061ec	01c11233	sll	x4,x2,x28	  x2:0x80040fe4 x28:0x80041024  x4=0x0040fe40
     292605.000 ns	     29259	800061f0	039937b3	mulhu	x15,x18,x25	 x18:0x00000000 x25:0x80000000 x15=0x00000000
     292645.000 ns	     29263	800061f4	1192f1d3	fmul.s	f3,f5,f25	  f5:0x80000000 f25:0x00000000  f3=0x80000000
     292675.000 ns	     29266	800061f8	20d988d3	fsgnj.s	f17,f19,f13	 f19:0x4f002fa8 f13:0x4f002fa8 f17=0x4f002fa8
     292695.000 ns	     29268	800061fc	00875d13	srli	x26,x14,0x8	 x14:0x00000001 x26=0x00000000
     292705.000 ns	     29269	80006200	40515293	srai	x5,x2,0x5	  x2:0x80040fe4  x5=0xfc00207f
     292725.000 ns	     29271	80006204	20641b53	fsgnjn.s	f22,f8,f6	  f8:0xcf002fa8  f6:0x00000000 f22=0xcf002fa8
     292745.000 ns	     29273	80006208	018e1793	slli	x15,x28,0x18	 x28:0x80041024 x15=0x24000000
     292765.000 ns	     29275	8000620c	20820ad3	fsgnj.s	f21,f4,f8	  f4:0x5eff77e4  f8:0xcf002fa8 f21=0xdeff77e4
     292785.000 ns	     29277	80006210	8db7aa13	slti	x20,x15,-1829	 x15:0x00000000 x20=0x00000000
     292805.000 ns	     29279	80006214	20061353	fsgnjn.s	f6,f12,f0	 f12:0x7f800000  f0:0xffc00000  f6=0x7f800000
     292855.000 ns	     29284	80006218	008d9ad3	fadd.s	f21,f27,f8	 f27:0x4f002fa8  f8:0xcf002fa8 f21=0x80000000
     292885.000 ns	     29287	8000621c	c001fe53	fcvt.w.s	x28,f3	  f3:0x80000000 x28=0x00000000
     292905.000 ns	     29289	80006220	01367fb3	and	x31,x12,x19	 x12:0xf1845000 x19:0x00000000 x31=0x00000000
     292925.000 ns	     29291	80006224	03099bb3	mulh	x23,x19,x16	 x19:0x00000000 x16:0x30ffd058 x23=0x00000000
     292955.000 ns	     29294	80006228	e00a8053	fmv.x.w	x0,f21	 f21:0x80000000
     292985.000 ns	     29297	8000622c	e00b0bd3	fmv.x.w	x23,f22	 f22:0xcf002fa8 x23=0xcf002fa8
     293005.000 ns	     29299	80006230	40eb0cb3	sub	x25,x22,x14	 x22:0x80041024 x14:0x00000001 x25=0x80041023
     293035.000 ns	     29302	80006234	116d7bd3	fmul.s	f23,f26,f22	 f26:0x5eff77e4 f22:0xcf002fa8 f23=0xee7fd702
     293065.000 ns	     29305	80006238	c00a7c53	fcvt.w.s	x24,f20	 f20:0xbf4ee2a0 x24=0x00000000
     293095.000 ns	     29308	8000623c	a0db0c53	fle.s	x24,f22,f13	 f22:0xcf002fa8 f13:0x4f002fa8 x24=0x00000001
     293115.000 ns	     29310	80006240	00080eb3	add	x29,x16,x0	 x16:0x30ffd058  x0:0x00000000 x29=0x30ffd058
     293135.000 ns	     29312	80006244	d01036d3	fcvt.s.wu	f13,x0	  x0:0x00000000 f13=0x00000000
     293165.000 ns	     29315	80006248	a0092a53	feq.s	x20,f18,f0	 f18:0x00000000  f0:0xffc00000 x20=0x00000000
     293195.000 ns	     29318	8000624c	f0088cd3	fmv.w.x	f25,x17	 x17:0x00000000 f25=0x00000000
     293215.000 ns	     29320	80006250	20197a17	auipc	x20,0x20197	 x20=0xa019d250
     293235.000 ns	     29322	80006254	03c7cc33	div	x24,x15,x28	 x15:0x24000000 x28:0x00000000 x24=0xffffffff
     293255.000 ns	     29324	80006258	009cd8b3	srl	x17,x25,x9	 x25:0x80041023  x9:0x00000001 x17=0x40020811
     293275.000 ns	     29326	8000625c	28f281d3	fmin.s	f3,f5,f15	  f5:0x80000000 f15:0x80000000  f3=0x80000000
     293305.000 ns	     29329	80006260	e00689d3	fmv.x.w	x19,f13	 f13:0x00000000 x19=0x00000000
     293325.000 ns	     29331	80006264	0010b3b3	sltu	x7,x1,x1	  x1:0x80040fe4  x1:0x80040fe4  x7=0x00000000
     293335.000 ns	     29332	80006268	012f46b3	xor	x13,x30,x18	 x30:0x00000001 x18:0x00000000 x13=0x00000001
     293355.000 ns	     29334	8000626c	02ce9fb3	mulh	x31,x29,x12	 x29:0x30ffd058 x12:0xf1845000 x31=0xfd3a5602
     293385.000 ns	     29337	80006270	d0167153	fcvt.s.wu	f2,x12	 x12:0xf1845000  f2=0x4f718450
     293415.000 ns	     29340	80006274	02c68d33	mul	x26,x13,x12	 x13:0x00000001 x12:0xf1845000 x26=0xf1845000
     293445.000 ns	     29343	80006278	202620d3	fsgnjx.s	f1,f12,f2	 f12:0x7f800000  f2:0x4f718450  f1=0x7f800000
     293465.000 ns	     29345	8000627c	fe74d637	lui	x12,0xfe74d	 x12=0xfe74d000
     293475.000 ns	     29346	80006280	016dc933	xor	x18,x27,x22	 x27:0x00000001 x22:0x80041024 x18=0x80041025
     293485.000 ns	     29347	80006284	007756b3	srl	x13,x14,x7	 x14:0x00000001  x7:0x00000000 x13=0x00000001
     293505.000 ns	     29349	80006288	21f09353	fsgnjn.s	f6,f1,f31	  f1:0x7f800000 f31:0x00000000  f6=0xff800000
     293535.000 ns	     29352	8000628c	035202b3	mul	x5,x4,x21	  x4:0x0040fe40 x21:0x00000008  x5=0x0207f200
     293565.000 ns	     29355	80006290	2187a953	fsgnjx.s	f18,f15,f24	 f15:0x80000000 f24:0xffc00000 f18=0x00000000
     293595.000 ns	     29358	80006294	c0014dd3	fcvt.w.s	x27,f2	  f2:0x4f718450 x27=0x7fffffff
     293625.000 ns	     29361	80006298	c01df953	fcvt.wu.s	x18,f27	 f27:0x4f002fa8 x18=0x802fa800
     293655.000 ns	     29364	8000629c	c0057853	fcvt.w.s	x16,f10	 f10:0x00000000 x16=0x00000000
     293685.000 ns	     29367	800062a0	c00616d3	fcvt.w.s	x13,f12	 f12:0x7f800000 x13=0x7fffffff
     293735.000 ns	     29372	800062a4	08bda0d3	fsub.s	f1,f27,f11	 f27:0x4f002fa8 f11:0x80000000  f1=0x4f002fa8
     293765.000 ns	     29375	800062a8	21a513d3	fsgnjn.s	f7,f10,f26	 f10:0x00000000 f26:0x5eff77e4  f7=0x80000000
     293795.000 ns	     29378	800062ac	e00a1753	fclass.s	x14,f20	 f20:0xbf4ee2a0 x14=0x00000002
     293815.000 ns	     29380	800062b0	acd76c13	ori	x24,x14,-1331	 x14:0x00000001 x24=0xfffffacf
     293855.000 ns	     29384	800062b4	08453e53	fsub.s	f28,f10,f4	 f10:0x00000000  f4:0x5eff77e4 f28=0xdeff77e4
     294225.000 ns	     29421	800062b8	0321e333	rem	x6,x3,x18	  x3:0x00000000 x18:0x802fa800  x6=0x00000000
     294255.000 ns	     29424	800062bc	28fa0153	fmin.s	f2,f20,f15	 f20:0xbf4ee2a0 f15:0x80000000  f2=0xbf4ee2a0
     294275.000 ns	     29426	800062c0	018d77b3	and	x15,x26,x24	 x26:0xf1845000 x24:0xfffffacf x15=0xf1845000
     294295.000 ns	     29428	800062c4	03f828b3	mulhsu	x17,x16,x31	 x16:0x00000000 x31:0xfd3a5602 x17=0x00000000
     294315.000 ns	     29430	800062c8	009c0e33	add	x28,x24,x9	 x24:0xfffffacf  x9:0x00000001 x28=0xfffffad0
     294325.000 ns	     29431	800062cc	795dcd93	xori	x27,x27,1941	 x27:0x7fffffff x27=0x7ffff86a
     294345.000 ns	     29433	800062d0	e00297d3	fclass.s	x15,f5	  f5:0x80000000 x15=0x00000008
     294375.000 ns	     29436	800062d4	20ef89d3	fsgnj.s	f19,f31,f14	 f31:0x00000000 f14:0x00000000 f19=0x00000000
     294405.000 ns	     29439	800062d8	c001b253	fcvt.w.s	x4,f3	  f3:0x80000000  x4=0x00000000
     294435.000 ns	     29442	800062dc	030093b3	mulh	x7,x1,x16	  x1:0x80040fe4 x16:0x00000000  x7=0x00000000
     294455.000 ns	     29444	800062e0	006cd633	srl	x12,x25,x6	 x25:0x80041023  x6:0x00000000 x12=0x80041023
     294485.000 ns	     29447	800062e4	580f8353	fsqrt.s	f6,f31	 f31:0x00000000  f6=0x00000000
     294515.000 ns	     29450	800062e8	28c59dd3	fmax.s	f27,f11,f12	 f11:0x80000000 f12:0x7f800000 f27=0x7f800000
     294535.000 ns	     29452	800062ec	002bd013	srli	x0,x23,0x2	 x23:0xcf002fa8
     294555.000 ns	     29454	800062f0	02020ab3	mul	x21,x4,x0	  x4:0x00000000  x0:0x00000000 x21=0x00000000
     294575.000 ns	     29456	800062f4	b57ded13	ori	x26,x27,-1193	 x27:0x7ffff86a x26=0xfffffb7f
     294585.000 ns	     29457	800062f8	a5cb0313	addi	x6,x22,-1444	 x22:0x80041024  x6=0x80040a80
     294625.000 ns	     29461	800062fc	082079d3	fsub.s	f19,f0,f2	  f0:0xffc00000  f2:0xbf4ee2a0 f19=0x7fc00000
     294645.000 ns	     29463	80006300	01a207b3	add	x15,x4,x26	  x4:0x00000000 x26:0xfffffb7f x15=0xfffffb7f
     294655.000 ns	     29464	80006304	00000013	addi	x0,x0,0	  x0:0x00000000
     294675.000 ns	     29466	80006308	d015f0d3	fcvt.s.wu	f1,x11	 x11:0x80000000  f1=0x4f000000
     294695.000 ns	     29468	8000630c	9ee3f793	andi	x15,x7,-1554	  x7:0x00000000 x15=0x00000000
     294715.000 ns	     29470	80006310	f0080453	fmv.w.x	f8,x16	 x16:0x00000000  f8=0x00000000
     294735.000 ns	     29472	80006314	01d29c33	sll	x24,x5,x29	  x5:0x0207f200 x29:0x30ffd058 x24=0x00000000
     294755.000 ns	     29474	80006318	a09bac53	feq.s	x24,f23,f9	 f23:0xee7fd702  f9:0x00000000 x24=0x00000000
     294775.000 ns	     29476	8000631c	ea54f213	andi	x4,x9,-347	  x9:0x00000001  x4=0x00000001
     294795.000 ns	     29478	80006320	a149aad3	feq.s	x21,f19,f20	 f19:0x7fc00000 f20:0xbf4ee2a0 x21=0x00000000
     295165.000 ns	     29515	80006324	028a5e33	divu	x28,x20,x8	 x20:0xa019d250  x8:0x802fad41 x28=0x00000001
     295205.000 ns	     29519	80006328	11a278d3	fmul.s	f17,f4,f26	  f4:0x5eff77e4 f26:0x5eff77e4 f17=0x7e7ef010
     295225.000 ns	     29521	8000632c	912cb313	sltiu	x6,x25,-1774	 x25:0x80041023  x6=0x00000001
     295235.000 ns	     29522	80006330	00b4cdb3	xor	x27,x9,x11	  x9:0x00000001 x11:0x80000000 x27=0x80000001
     295245.000 ns	     29523	80006334	010de9b3	or	x19,x27,x16	 x27:0x7ffff86a x16:0x00000000 x19=0x80000001
     295265.000 ns	     29525	80006338	29528d53	fmin.s	f26,f5,f21	  f5:0x80000000 f21:0x80000000 f26=0x80000000
     295285.000 ns	     29527	8000633c	00458333	add	x6,x11,x4	 x11:0x80000000  x4:0x00000001  x6=0x80000001
     295295.000 ns	     29528	80006340	017e64b3	or	x9,x28,x23	 x28:0x00000001 x23:0xcf002fa8  x9=0xcf002fa9
     295305.000 ns	     29529	80006344	407d87b3	sub	x15,x27,x7	 x27:0x80000001  x7:0x00000000 x15=0x80000001
     295325.000 ns	     29531	80006348	28f40bd3	fmin.s	f23,f8,f15	  f8:0x00000000 f15:0x80000000 f23=0x80000000
     295355.000 ns	     29534	8000634c	021d9ab3	mulh	x21,x27,x1	 x27:0x80000001  x1:0x80040fe4 x21=0x3ffdf80d
     295375.000 ns	     29536	80006350	82fefd17	auipc	x26,0x82fef	 x26=0x02ff5350
     295385.000 ns	     29537	80006354	00a252b3	srl	x5,x4,x10	  x4:0x00000001 x10:0x00000000  x5=0x00000001
     295405.000 ns	     29539	80006358	c00b81d3	fcvt.w.s	x3,f23	 f23:0x80000000  x3=0x00000000
     295435.000 ns	     29542	8000635c	d00eb3d3	fcvt.s.w	f7,x29	 x29:0x30ffd058  f7=0x4e43ff42
     295455.000 ns	     29544	80006360	00000013	addi	x0,x0,0	  x0:0x00000000
     295465.000 ns	     29545	80006364	412a04b3	sub	x9,x20,x18	 x20:0xa019d250 x18:0x802fa800  x9=0x1fea2a50
     295485.000 ns	     29547	80006368	e00d0dd3	fmv.x.w	x27,f26	 f26:0x80000000 x27=0x80000000
     295505.000 ns	     29549	8000636c	7bf2ec93	ori	x25,x5,1983	  x5:0x00000001 x25=0x000007bf
     295525.000 ns	     29551	80006370	a0f801d3	fle.s	x3,f16,f15	 f16:0x3acee2a0 f15:0x80000000  x3=0x00000000
     295545.000 ns	     29553	80006374	b89c3f13	sltiu	x30,x24,-1143	 x24:0x00000000 x30=0x00000001
     295555.000 ns	     29554	80006378	01909693	slli	x13,x1,0x19	  x1:0x80040fe4 x13=0xc8000000
     295575.000 ns	     29556	8000637c	a18029d3	feq.s	x19,f0,f24	  f0:0xffc00000 f24:0xffc00000 x19=0x00000000
     295595.000 ns	     29558	80006380	74506793	ori	x15,x0,1861	  x0:0x00000000 x15=0x00000745
     295615.000 ns	     29560	80006384	c01c9a53	fcvt.wu.s	x20,f25	 f25:0x00000000 x20=0x00000000
     295985.000 ns	     29597	80006388	02e57333	remu	x6,x10,x14	 x10:0x00000000 x14:0x00000002  x6=0x00000000
     296005.000 ns	     29599	8000638c	00000013	addi	x0,x0,0	  x0:0x00000000
     296025.000 ns	     29601	80006390	e00384d3	fmv.x.w	x9,f7	  f7:0x4e43ff42  x9=0x4e43ff42
     296045.000 ns	     29603	80006394	01361393	slli	x7,x12,0x13	 x12:0x80041023  x7=0x81180000
     296065.000 ns	     29605	80006398	a08f2553	feq.s	x10,f30,f8	 f30:0x7fc00000  f8:0x00000000 x10=0x00000000
     296105.000 ns	     29609	8000639c	184ec7d3	fdiv.s	f15,f29,f4	 f29:0x00000000  f4:0x5eff77e4 f15=0x00000000
     296125.000 ns	     29611	800063a0	be2be717	auipc	x14,0xbe2be	 x14=0x3e2c43a0
     296135.000 ns	     29612	800063a4	00bb5513	srli	x10,x22,0xb	 x22:0x80041024 x10=0x00100082
     296155.000 ns	     29614	800063a8	a04d2fd3	feq.s	x31,f26,f4	 f26:0x80000000  f4:0x5eff77e4 x31=0x00000000
     296175.000 ns	     29616	800063ac	4001d193	srai	x3,x3,0x0	  x3:0x00000000  x3=0x00000000
     296185.000 ns	     29617	800063b0	00c6fdb3	and	x27,x13,x12	 x13:0xc8000000 x12:0x80041023 x27=0x80000000
     296545.000 ns	     29653	800063b4	029242b3	div	x5,x4,x9	  x4:0x00000001  x9:0x4e43ff42  x5=0x00000000
     296575.000 ns	     29656	800063b8	023844b3	div	x9,x16,x3	 x16:0x00000000  x3:0x00000000  x9=0xffffffff
     296625.000 ns	     29661	800063bc	01dd8953	fadd.s	f18,f27,f29	 f27:0x7f800000 f29:0x00000000 f18=0x7f800000
     296995.000 ns	     29698	800063c0	028ad033	divu	x0,x21,x8	 x21:0x3ffdf80d  x8:0x802fad41
     297025.000 ns	     29701	800063c4	20ee1453	fsgnjn.s	f8,f28,f14	 f28:0xdeff77e4 f14:0x00000000  f8=0xdeff77e4
     297055.000 ns	     29704	800063c8	026b4e33	div	x28,x22,x6	 x22:0x80041024  x6:0x00000000 x28=0xffffffff
     297085.000 ns	     29707	800063cc	f0020753	fmv.w.x	f14,x4	  x4:0x00000001 f14=0x00000001
     297115.000 ns	     29710	800063d0	20a21353	fsgnjn.s	f6,f4,f10	  f4:0x5eff77e4 f10:0x00000000  f6=0xdeff77e4
     297145.000 ns	     29713	800063d4	20b2a0d3	fsgnjx.s	f1,f5,f11	  f5:0x80000000 f11:0x80000000  f1=0x00000000
     297175.000 ns	     29716	800063d8	295304d3	fmin.s	f9,f6,f21	  f6:0xdeff77e4 f21:0x80000000  f9=0xdeff77e4
     297195.000 ns	     29718	800063dc	01067533	and	x10,x12,x16	 x12:0x80041023 x16:0x00000000 x10=0x00000000
     297215.000 ns	     29720	800063e0	f00107d3	fmv.w.x	f15,x2	  x2:0x80040fe4 f15=0x80040fe4
     297245.000 ns	     29723	800063e4	039db033	mulhu	x0,x27,x25	 x27:0x80000000 x25:0x000007bf
     297265.000 ns	     29725	800063e8	0149de93	srli	x29,x19,0x14	 x19:0x00000000 x29=0x00000000
     297275.000 ns	     29726	800063ec	017e0933	add	x18,x28,x23	 x28:0xffffffff x23:0xcf002fa8 x18=0xcf002fa7
     297295.000 ns	     29728	800063f0	20572253	fsgnjx.s	f4,f14,f5	 f14:0x00000001  f5:0x80000000  f4=0x80000001
     297325.000 ns	     29731	800063f4	03e8b433	mulhu	x8,x17,x30	 x17:0x00000000 x30:0x00000001  x8=0x00000000
     297345.000 ns	     29733	800063f8	00d65893	srli	x17,x12,0xd	 x12:0x80041023 x17=0x00040020
     297705.000 ns	     29769	800063fc	02e2c3b3	div	x7,x5,x14	  x5:0x00000000 x14:0x3e2c43a0  x7=0x00000000
     297725.000 ns	     29771	80006400	41575433	sra	x8,x14,x21	 x14:0x3e2c43a0 x21:0x3ffdf80d  x8=0x0001f162
     297735.000 ns	     29772	80006404	62206213	ori	x4,x0,1570	  x0:0x00000000  x4=0x00000622
     298095.000 ns	     29808	80006408	0367e3b3	rem	x7,x15,x22	 x15:0x00000745 x22:0x80041024  x7=0x00000745
     298125.000 ns	     29811	8000640c	293b9953	fmax.s	f18,f23,f19	 f23:0x80000000 f19:0x7fc00000 f18=0x80000000
     298155.000 ns	     29814	80006410	032b3ab3	mulhu	x21,x22,x18	 x22:0x80041024 x18:0xcf002fa7 x21=0x678360e1
     298175.000 ns	     29816	80006414	00ddc4b3	xor	x9,x27,x13	 x27:0x80000000 x13:0xc8000000  x9=0x48000000
     298195.000 ns	     29818	80006418	f00700d3	fmv.w.x	f1,x14	 x14:0x3e2c43a0  f1=0x3e2c43a0
     298565.000 ns	     29855	8000641c	03caf833	remu	x16,x21,x28	 x21:0x678360e1 x28:0xffffffff x16=0x678360e1
     298585.000 ns	     29857	80006420	015757b3	srl	x15,x14,x21	 x14:0x3e2c43a0 x21:0x678360e1 x15=0x1f1621d0
     298595.000 ns	     29858	80006424	00248fb3	add	x31,x9,x2	  x9:0x48000000  x2:0x80040fe4 x31=0xc8040fe4
     298955.000 ns	     29894	80006428	029ef3b3	remu	x7,x29,x9	 x29:0x00000000  x9:0x48000000  x7=0x00000000
     298975.000 ns	     29896	8000642c	6f710e97	auipc	x29,0x6f710	 x29=0xef71642c
     298985.000 ns	     29897	80006430	419e5833	sra	x16,x28,x25	 x28:0xffffffff x25:0x000007bf x16=0xffffffff
     299005.000 ns	     29899	80006434	f00e8753	fmv.w.x	f14,x29	 x29:0x00000000 f14=0xef71642c
     299025.000 ns	     29901	80006438	001c0bb3	add	x23,x24,x1	 x24:0x00000000  x1:0x80040fe4 x23=0x80040fe4
     299385.000 ns	     29937	8000643c	03564733	div	x14,x12,x21	 x12:0x80041023 x21:0x678360e1 x14=0xffffffff
     299405.000 ns	     29939	80006440	009083b3	add	x7,x1,x9	  x1:0x80040fe4  x9:0x48000000  x7=0xc8040fe4
     299425.000 ns	     29941	80006444	20261c53	fsgnjn.s	f24,f12,f2	 f12:0x7f800000  f2:0xbf4ee2a0 f24=0x7f800000
     299455.000 ns	     29944	80006448	028e3233	mulhu	x4,x28,x8	 x28:0xffffffff  x8:0x0001f162  x4=0x0001f161
     299485.000 ns	     29947	8000644c	02043733	mulhu	x14,x8,x0	  x8:0x0001f162  x0:0x00000000 x14=0x00000000
     299525.000 ns	     29951	80006450	580fcc53	fsqrt.s	f24,f31	 f31:0x00000000 f24=0x00000000
     299545.000 ns	     29953	80006454	51c94c17	auipc	x24,0x51c94	 x24=0xd1c9a454
     299565.000 ns	     29955	80006458	0205e333	rem	x6,x11,x0	 x11:0x80000000  x0:0x00000000  x6=0x80000000
     299595.000 ns	     29958	8000645c	e00594d3	fclass.s	x9,f11	 f11:0x80000000  x9=0x00000008
     299615.000 ns	     29960	80006460	00170933	add	x18,x14,x1	 x14:0x00000000  x1:0x80040fe4 x18=0x80040fe4
     299655.000 ns	     29964	80006464	091b70d3	fsub.s	f1,f22,f17	 f22:0xcf002fa8 f17:0x7e7ef010  f1=0xfe7ef010
     299675.000 ns	     29966	80006468	018f9433	sll	x8,x31,x24	 x31:0xc8040fe4 x24:0xd1c9a454  x8=0xfe400000
     299695.000 ns	     29968	8000646c	2041a7d3	fsgnjx.s	f15,f3,f4	  f3:0x80000000  f4:0x80000001 f15=0x00000000
     299725.000 ns	     29971	80006470	a07c2d53	feq.s	x26,f24,f7	 f24:0x00000000  f7:0x4e43ff42 x26=0x00000000
     299745.000 ns	     29973	80006474	e523ba93	sltiu	x21,x7,-430	  x7:0xc8040fe4 x21=0x00000001
     299765.000 ns	     29975	80006478	02fe2f33	mulhsu	x30,x28,x15	 x28:0xffffffff x15:0x1f1621d0 x30=0xffffffff
     299785.000 ns	     29977	8000647c	5a55ba13	sltiu	x20,x11,1445	 x11:0x80000000 x20=0x00000000
     299805.000 ns	     29979	80006480	c018ff53	fcvt.wu.s	x30,f17	 f17:0x7e7ef010 x30=0xffffffff
     299835.000 ns	     29982	80006484	d00fb2d3	fcvt.s.w	f5,x31	 x31:0xc8040fe4  f5=0xce5fefc1
     299865.000 ns	     29985	80006488	20d68653	fsgnj.s	f12,f13,f13	 f13:0x00000000 f13:0x00000000 f12=0x00000000
     299895.000 ns	     29988	8000648c	f0008553	fmv.w.x	f10,x1	  x1:0x80040fe4 f10=0x80040fe4
     299925.000 ns	     29991	80006490	034d17b3	mulh	x15,x26,x20	 x26:0x00000000 x20:0x00000000 x15=0x00000000
     299955.000 ns	     29994	80006494	f0050453	fmv.w.x	f8,x10	 x10:0x00000000  f8=0x00000000
     299975.000 ns	     29996	80006498	0152e233	or	x4,x5,x21	  x5:0x00000000 x21:0x00000001  x4=0x00000001
     299985.000 ns	     29997	8000649c	ce7dcf13	xori	x30,x27,-793	 x27:0x80000000 x30=0x7ffffce7
     299995.000 ns	     29998	800064a0	afb1aa93	slti	x21,x3,-1285	  x3:0x00000000 x21=0x00000000
     300005.000 ns	     29999	800064a4	00213d33	sltu	x26,x2,x2	  x2:0x80040fe4  x2:0x80040fe4 x26=0x00000000
     300015.000 ns	     30000	800064a8	41fe8833	sub	x16,x29,x31	 x29:0xef71642c x31:0xc8040fe4 x16=0x276d5448
     300045.000 ns	     30003	800064ac	5809f4d3	fsqrt.s	f9,f19	 f19:0x7fc00000  f9=0x7fc00000
     300075.000 ns	     30006	800064b0	2054a753	fsgnjx.s	f14,f9,f5	  f9:0xdeff77e4  f5:0xce5fefc1 f14=0xffc00000
     300105.000 ns	     30009	800064b4	29709553	fmax.s	f10,f1,f23	  f1:0xfe7ef010 f23:0x80000000 f10=0x80000000
     300125.000 ns	     30011	800064b8	00e96633	or	x12,x18,x14	 x18:0x80040fe4 x14:0x00000000 x12=0x80040fe4
     300145.000 ns	     30013	800064bc	e00c02d3	fmv.x.w	x5,f24	 f24:0x00000000  x5=0x00000000
     300165.000 ns	     30015	800064c0	00b9a933	slt	x18,x19,x11	 x19:0x00000000 x11:0x80000000 x18=0x00000000
     300195.000 ns	     30018	800064c4	19247553	fdiv.s	f10,f8,f18	  f8:0x00000000 f18:0x80000000 f10=0x7fc00000
     300215.000 ns	     30020	800064c8	00c6d733	srl	x14,x13,x12	 x13:0xc8000000 x12:0x80040fe4 x14=0x0c800000
     300575.000 ns	     30056	800064cc	0361d333	divu	x6,x3,x22	  x3:0x00000000 x22:0x80041024  x6=0x00000000
     300605.000 ns	     30059	800064d0	e00c94d3	fclass.s	x9,f25	 f25:0x00000000  x9=0x00000010
     300625.000 ns	     30061	800064d4	00000013	addi	x0,x0,0	  x0:0x00000000
     300635.000 ns	     30062	800064d8	01d35c33	srl	x24,x6,x29	  x6:0x00000000 x29:0xef71642c x24=0x00000000
     300655.000 ns	     30064	800064dc	291a91d3	fmax.s	f3,f21,f17	 f21:0x80000000 f17:0x7e7ef010  f3=0x7e7ef010
     300705.000 ns	     30069	800064e0	01d279d3	fadd.s	f19,f4,f29	  f4:0x80000001 f29:0x00000000 f19=0x80000001
     300725.000 ns	     30071	800064e4	00ef7633	and	x12,x30,x14	 x30:0x7ffffce7 x14:0x0c800000 x12=0x0c800000
     300735.000 ns	     30072	800064e8	14047c93	andi	x25,x8,320	  x8:0xfe400000 x25=0x00000000
     300775.000 ns	     30076	800064ec	0917fdd3	fsub.s	f27,f15,f17	 f15:0x00000000 f17:0x7e7ef010 f27=0xfe7ef010
     300805.000 ns	     30079	800064f0	f00e8c53	fmv.w.x	f24,x29	 x29:0xef71642c f24=0xef71642c
     300835.000 ns	     30082	800064f4	d01070d3	fcvt.s.wu	f1,x0	  x0:0x00000000  f1=0x00000000
     300865.000 ns	     30085	800064f8	e0079c53	fclass.s	x24,f15	 f15:0x00000000 x24=0x00000010
     300905.000 ns	     30089	800064fc	195c7a53	fdiv.s	f20,f24,f21	 f24:0xef71642c f21:0x80000000 f20=0x7f800000
     300935.000 ns	     30092	80006500	036d3933	mulhu	x18,x26,x22	 x26:0x00000000 x22:0x80041024 x18=0x00000000
     300965.000 ns	     30095	80006504	a09d26d3	feq.s	x13,f26,f9	 f26:0x80000000  f9:0x7fc00000 x13=0x00000000
     300995.000 ns	     30098	80006508	d004fcd3	fcvt.s.w	f25,x9	  x9:0x00000010 f25=0x41800000
     301045.000 ns	     30103	8000650c	09b97753	fsub.s	f14,f18,f27	 f18:0x80000000 f27:0xfe7ef010 f14=0x7e7ef010
     301085.000 ns	     30107	80006510	19943cd3	fdiv.s	f25,f8,f25	  f8:0x00000000 f25:0x41800000 f25=0x00000000
     301105.000 ns	     30109	80006514	07976213	ori	x4,x14,121	 x14:0x0c800000  x4=0x0c800079
     301115.000 ns	     30110	80006518	00a758b3	srl	x17,x14,x10	 x14:0x0c800000 x10:0x00000000 x17=0x0c800000
     301475.000 ns	     30146	8000651c	03c46a33	rem	x20,x8,x28	  x8:0xfe400000 x28:0xffffffff x20=0x00000000
     301515.000 ns	     30150	80006520	18012bd3	fdiv.s	f23,f2,f0	  f2:0xbf4ee2a0  f0:0xffc00000 f23=0x7fc00000
     301545.000 ns	     30153	80006524	201e2453	fsgnjx.s	f8,f28,f1	 f28:0xdeff77e4  f1:0x00000000  f8=0xdeff77e4
     301565.000 ns	     30155	80006528	41ba5813	srai	x16,x20,0x1b	 x20:0x00000000 x16=0x00000000
     301575.000 ns	     30156	8000652c	b286a737	lui	x14,0xb286a	 x14=0xb286a000
     301585.000 ns	     30157	80006530	664f6693	ori	x13,x30,1636	 x30:0x7ffffce7 x13=0x7ffffee7
     301595.000 ns	     30158	80006534	ce1da913	slti	x18,x27,-799	 x27:0x80000000 x18=0x00000001
     301625.000 ns	     30161	80006538	112179d3	fmul.s	f19,f2,f18	  f2:0xbf4ee2a0 f18:0x80000000 f19=0x00000000
     301655.000 ns	     30164	8000653c	a0511253	flt.s	x4,f2,f5	  f2:0xbf4ee2a0  f5:0xce5fefc1  x4=0x00000000
     301675.000 ns	     30166	80006540	a2923797	auipc	x15,0xa2923	 x15=0x22929540
     301685.000 ns	     30167	80006544	b626c893	xori	x17,x13,-1182	 x13:0x7ffffee7 x17=0x80000585
     301695.000 ns	     30168	80006548	b62993b7	lui	x7,0xb6299	  x7=0xb6299000
     301705.000 ns	     30169	8000654c	00275f33	srl	x30,x14,x2	 x14:0xb286a000  x2:0x80040fe4 x30=0x0b286a00
     301725.000 ns	     30171	80006550	21220a53	fsgnj.s	f20,f4,f18	  f4:0x80000001 f18:0x80000000 f20=0x80000001
     301755.000 ns	     30174	80006554	e0008053	fmv.x.w	x0,f1	  f1:0x00000000
     301775.000 ns	     30176	80006558	064a3393	sltiu	x7,x20,100	 x20:0x00000000  x7=0x00000001
     301785.000 ns	     30177	8000655c	0161a2b3	slt	x5,x3,x22	  x3:0x00000000 x22:0x80041024  x5=0x00000000
     301795.000 ns	     30178	80006560	37639737	lui	x14,0x37639	 x14=0x37639000
     301815.000 ns	     30180	80006564	027e9233	mulh	x4,x29,x7	 x29:0xef71642c  x7:0x00000001  x4=0xffffffff
     301845.000 ns	     30183	80006568	e0069453	fclass.s	x8,f13	 f13:0x00000000  x8=0x00000010
     301875.000 ns	     30186	8000656c	a09a9fd3	flt.s	x31,f21,f9	 f21:0x80000000  f9:0x7fc00000 x31=0x00000000
     301895.000 ns	     30188	80006570	0049cd33	xor	x26,x19,x4	 x19:0x00000000  x4:0xffffffff x26=0xffffffff
     301905.000 ns	     30189	80006574	00abadb3	slt	x27,x23,x10	 x23:0x80040fe4 x10:0x00000000 x27=0x00000001
     302265.000 ns	     30225	80006578	0379e033	rem	x0,x19,x23	 x19:0x00000000 x23:0x80040fe4
     302285.000 ns	     30227	8000657c	0180a7b3	slt	x15,x1,x24	  x1:0x80040fe4 x24:0x00000010 x15=0x00000001
     302305.000 ns	     30229	80006580	02aaf433	remu	x8,x21,x10	 x21:0x00000000 x10:0x00000000  x8=0x00000000
     302325.000 ns	     30231	80006584	009049b3	xor	x19,x0,x9	  x0:0x00000000  x9:0x00000010 x19=0x00000010
     302345.000 ns	     30233	80006588	204e2253	fsgnjx.s	f4,f28,f4	 f28:0xdeff77e4  f4:0x80000001  f4=0x5eff77e4
     302365.000 ns	     30235	8000658c	d7d7a213	slti	x4,x15,-643	 x15:0x00000001  x4=0x00000000
     302375.000 ns	     30236	80006590	002fa833	slt	x16,x31,x2	 x31:0x00000000  x2:0x80040fe4 x16=0x00000000
     302385.000 ns	     30237	80006594	00f60333	add	x6,x12,x15	 x12:0x0c800000 x15:0x00000001  x6=0x0c800001
     302405.000 ns	     30239	80006598	d00f95d3	fcvt.s.w	f11,x31	 x31:0x00000000 f11=0x00000000
     302425.000 ns	     30241	8000659c	77c49297	auipc	x5,0x77c49	  x5=0xf7c4f59c
     302435.000 ns	     30242	800065a0	37357e13	andi	x28,x10,883	 x10:0x00000000 x28=0x00000000
     302445.000 ns	     30243	800065a4	e4f40f93	addi	x31,x8,-433	  x8:0x00000000 x31=0xfffffe4f
     302455.000 ns	     30244	800065a8	ea9d6993	ori	x19,x26,-343	 x26:0xffffffff x19=0xffffffff
     302465.000 ns	     30245	800065ac	004439b3	sltu	x19,x8,x4	  x8:0x00000000  x4:0x00000000 x19=0x00000000
     302485.000 ns	     30247	800065b0	e00291d3	fclass.s	x3,f5	  f5:0xce5fefc1  x3=0x00000002
     302515.000 ns	     30250	800065b4	d00eb653	fcvt.s.w	f12,x29	 x29:0xef71642c f12=0xcd8474df
     302545.000 ns	     30253	800065b8	28c50553	fmin.s	f10,f10,f12	 f10:0x7fc00000 f12:0x00000000 f10=0xcd8474df
     302575.000 ns	     30256	800065bc	29628e53	fmin.s	f28,f5,f22	  f5:0xce5fefc1 f22:0xcf002fa8 f28=0xcf002fa8
     302595.000 ns	     30258	800065c0	f6ffe317	auipc	x6,0xf6ffe	  x6=0x770045c0
     302615.000 ns	     30260	800065c4	03af8cb3	mul	x25,x31,x26	 x31:0xfffffe4f x26:0xffffffff x25=0x000001b1
     302635.000 ns	     30262	800065c8	402b03b3	sub	x7,x22,x2	 x22:0x80041024  x2:0x80040fe4  x7=0x00000040
     302995.000 ns	     30298	800065cc	0385c433	div	x8,x11,x24	 x11:0x80000000 x24:0x00000010  x8=0xf8000000
     303365.000 ns	     30335	800065d0	028861b3	rem	x3,x16,x8	 x16:0x00000000  x8:0x00000000  x3=0x00000000
     303385.000 ns	     30337	800065d4	6f97c213	xori	x4,x15,1785	 x15:0x00000001  x4=0x000006f8
     303415.000 ns	     30340	800065d8	10d39bd3	fmul.s	f23,f7,f13	  f7:0x4e43ff42 f13:0x00000000 f23=0x00000000
     303785.000 ns	     30377	800065dc	03e4e7b3	rem	x15,x9,x30	  x9:0x00000010 x30:0x0b286a00 x15=0x00000010
     303815.000 ns	     30380	800065e0	e00b1853	fclass.s	x16,f22	 f22:0xcf002fa8 x16=0x00000002
     304185.000 ns	     30417	800065e4	0297c4b3	div	x9,x15,x9	 x15:0x00000010  x9:0x00000010  x9=0x00000001
     304205.000 ns	     30419	800065e8	c18cf417	auipc	x8,0xc18cf	  x8=0x418d55e8
     304215.000 ns	     30420	800065ec	01635ab3	srl	x21,x6,x22	  x6:0x770045c0 x22:0x80041024 x21=0x0770045c
     304225.000 ns	     30421	800065f0	018ba6b3	slt	x13,x23,x24	 x23:0x80040fe4 x24:0x00000010 x13=0x00000001
     304245.000 ns	     30423	800065f4	d01326d3	fcvt.s.wu	f13,x6	  x6:0x770045c0 f13=0x4eee008c
     304275.000 ns	     30426	800065f8	03480533	mul	x10,x16,x20	 x16:0x00000002 x20:0x00000000 x10=0x00000000
     304305.000 ns	     30429	800065fc	e0060353	fmv.x.w	x6,f12	 f12:0xcd8474df  x6=0xcd8474df
     304345.000 ns	     30433	80006600	58031053	fsqrt.s	f0,f6	  f6:0xdeff77e4  f0=0x7fc00000
     304395.000 ns	     30438	80006604	099e75d3	fsub.s	f11,f28,f25	 f28:0xcf002fa8 f25:0x00000000 f11=0xcf002fa8
     304425.000 ns	     30441	80006608	28899c53	fmax.s	f24,f19,f8	 f19:0x00000000  f8:0xdeff77e4 f24=0x00000000
     304465.000 ns	     30445	8000660c	580e9ed3	fsqrt.s	f29,f29	 f29:0x00000000 f29=0x00000000
     304495.000 ns	     30448	80006610	a01997d3	flt.s	x15,f19,f1	 f19:0x00000000  f1:0x00000000 x15=0x00000000
     304515.000 ns	     30450	80006614	00b0d3b3	srl	x7,x1,x11	  x1:0x80040fe4 x11:0x80000000  x7=0x80040fe4
     304525.000 ns	     30451	80006618	0088ceb3	xor	x29,x17,x8	 x17:0x80000585  x8:0x418d55e8 x29=0xc18d506d
     304555.000 ns	     30454	8000661c	19e0fad3	fdiv.s	f21,f1,f30	  f1:0x00000000 f30:0x7fc00000 f21=0x7fc00000
     304585.000 ns	     30457	80006620	21919b53	fsgnjn.s	f22,f3,f25	  f3:0x7e7ef010 f25:0x00000000 f22=0xfe7ef010
     304615.000 ns	     30460	80006624	e00f1a53	fclass.s	x20,f30	 f30:0x7fc00000 x20=0x00000200
     304635.000 ns	     30462	80006628	01508a33	add	x20,x1,x21	  x1:0x80040fe4 x21:0x0770045c x20=0x87741440
     304655.000 ns	     30464	8000662c	20d89853	fsgnjn.s	f16,f17,f13	 f17:0x7e7ef010 f13:0x4eee008c f16=0xfe7ef010
     305025.000 ns	     30501	80006630	03947933	remu	x18,x8,x25	  x8:0x418d55e8 x25:0x000001b1 x18=0x00000091
     305055.000 ns	     30504	80006634	c002a4d3	fcvt.w.s	x9,f5	  f5:0xce5fefc1  x9=0xc8040fc0
     305075.000 ns	     30506	80006638	9a782d93	slti	x27,x16,-1625	 x16:0x00000002 x27=0x00000000
     305095.000 ns	     30508	8000663c	e00b8bd3	fmv.x.w	x23,f23	 f23:0x00000000 x23=0x00000000
     305125.000 ns	     30511	80006640	d016fb53	fcvt.s.wu	f22,x13	 x13:0x00000001 f22=0x3f800000
     305155.000 ns	     30514	80006644	03772033	mulhsu	x0,x14,x23	 x14:0x37639000 x23:0x00000000
     305185.000 ns	     30517	80006648	21cf11d3	fsgnjn.s	f3,f30,f28	 f30:0x7fc00000 f28:0xcf002fa8  f3=0x7fc00000
     305205.000 ns	     30519	8000664c	018ef7b3	and	x15,x29,x24	 x29:0xc18d506d x24:0x00000010 x15=0x00000000
     305225.000 ns	     30521	80006650	d008ffd3	fcvt.s.w	f31,x17	 x17:0x80000585 f31=0xcefffff4
     305595.000 ns	     30558	80006654	02ee4433	div	x8,x28,x14	 x28:0x00000000 x14:0x37639000  x8=0x00000000
     305615.000 ns	     30560	80006658	00583533	sltu	x10,x16,x5	 x16:0x00000002  x5:0xf7c4f59c x10=0x00000001
     305625.000 ns	     30561	8000665c	002944b3	xor	x9,x18,x2	 x18:0x00000091  x2:0x80040fe4  x9=0x80040f75
     305635.000 ns	     30562	80006660	015ff333	and	x6,x31,x21	 x31:0xfffffe4f x21:0x0770045c  x6=0x0770044c
     305655.000 ns	     30564	80006664	02193833	mulhu	x16,x18,x1	 x18:0x00000091  x1:0x80040fe4 x16=0x00000048
     305685.000 ns	     30567	80006668	a0ab99d3	flt.s	x19,f23,f10	 f23:0x00000000 f10:0xcd8474df x19=0x00000000
     306865.000 ns	     30685	8000666c	5803f7d3	fsqrt.s	f15,f7	  f7:0x4e43ff42 f15=0x468a973d
     306895.000 ns	     30688	80006670	214c2cd3	fsgnjx.s	f25,f24,f20	 f24:0x00000000 f20:0x80000001 f25=0x80000000
     306915.000 ns	     30690	80006674	41c25493	srai	x9,x4,0x1c	  x4:0x000006f8  x9=0x00000000
     306935.000 ns	     30692	80006678	e00098d3	fclass.s	x17,f1	  f1:0x00000000 x17=0x00000010
     307305.000 ns	     30729	8000667c	03e57033	remu	x0,x10,x30	 x10:0x00000001 x30:0x0b286a00
     307325.000 ns	     30731	80006680	00cbd0b3	srl	x1,x23,x12	 x23:0x00000000 x12:0x0c800000  x1=0x00000000
     307335.000 ns	     30732	80006684	00000013	addi	x0,x0,0	  x0:0x00000000
     307355.000 ns	     30734	80006688	c0158353	fcvt.wu.s	x6,f11	 f11:0xcf002fa8  x6=0x802fa800
     307375.000 ns	     30736	8000668c	01fd1a33	sll	x20,x26,x31	 x26:0xffffffff x31:0xfffffe4f x20=0xffff8000
     307395.000 ns	     30738	80006690	03b316b3	mulh	x13,x6,x27	  x6:0x802fa800 x27:0x00000000 x13=0x00000000
     307425.000 ns	     30741	80006694	03ce04b3	mul	x9,x28,x28	 x28:0x00000000 x28:0x00000000  x9=0x00000000
     307455.000 ns	     30744	80006698	023ee833	rem	x16,x29,x3	 x29:0xc18d506d  x3:0x00000000 x16=0xc18d506d
     307485.000 ns	     30747	8000669c	29e61ed3	fmax.s	f29,f12,f30	 f12:0xcd8474df f30:0x7fc00000 f29=0xcd8474df
     307515.000 ns	     30750	800066a0	a1671ad3	flt.s	x21,f14,f22	 f14:0x7e7ef010 f22:0x3f800000 x21=0x00000000
     307535.000 ns	     30752	800066a4	0083d033	srl	x0,x7,x8	  x7:0x80040fe4  x8:0x00000000
     307545.000 ns	     30753	800066a8	f05d0793	addi	x15,x26,-251	 x26:0xffffffff x15=0xffffff04
     307565.000 ns	     30755	800066ac	c01073d3	fcvt.wu.s	x7,f0	  f0:0x7fc00000  x7=0xffffffff
     307585.000 ns	     30757	800066b0	006506b3	add	x13,x10,x6	 x10:0x00000001  x6:0x802fa800 x13=0x802fa801
     307595.000 ns	     30758	800066b4	4021d293	srai	x5,x3,0x2	  x3:0x00000000  x5=0x00000000
     307615.000 ns	     30760	800066b8	a0032d53	feq.s	x26,f6,f0	  f6:0xdeff77e4  f0:0x7fc00000 x26=0x00000000
     307645.000 ns	     30763	800066bc	02bfbd33	mulhu	x26,x31,x11	 x31:0xfffffe4f x11:0x80000000 x26=0x7fffff27
     307665.000 ns	     30765	800066c0	016f9db3	sll	x27,x31,x22	 x31:0xfffffe4f x22:0x80041024 x27=0xffffe4f0
     307675.000 ns	     30766	800066c4	017ef433	and	x8,x29,x23	 x29:0xc18d506d x23:0x00000000  x8=0x00000000
     307705.000 ns	     30769	800066c8	18407ed3	fdiv.s	f29,f0,f4	  f0:0x7fc00000  f4:0x5eff77e4 f29=0x7fc00000
     307725.000 ns	     30771	800066cc	007deeb3	or	x29,x27,x7	 x27:0xffffe4f0  x7:0xffffffff x29=0xffffffff
     307745.000 ns	     30773	800066d0	c002f753	fcvt.w.s	x14,f5	  f5:0xce5fefc1 x14=0x37fbf040
     307765.000 ns	     30775	800066d4	b4a2f913	andi	x18,x5,-1206	  x5:0x00000000 x18=0x00000000
     307785.000 ns	     30777	800066d8	a16890d3	flt.s	x1,f17,f22	 f17:0x7e7ef010 f22:0x3f800000  x1=0x00000000
     307805.000 ns	     30779	800066dc	0109bf33	sltu	x30,x19,x16	 x19:0x00000000 x16:0xc18d506d x30=0x00000001
     307825.000 ns	     30781	800066e0	023d71b3	remu	x3,x26,x3	 x26:0x7fffff27  x3:0x00000000  x3=0x7fffff27
     307845.000 ns	     30783	800066e4	00756433	or	x8,x10,x7	 x10:0x00000001  x7:0xffffffff  x8=0xffffffff
     307855.000 ns	     30784	800066e8	00000013	addi	x0,x0,0	  x0:0x00000000
     307875.000 ns	     30786	800066ec	03e61fb3	mulh	x31,x12,x30	 x12:0x0c800000 x30:0x00000001 x31=0x00000000
     308245.000 ns	     30823	800066f0	0267d533	divu	x10,x15,x6	 x15:0xffffff04  x6:0x802fa800 x10=0x00000001
     308275.000 ns	     30826	800066f4	a01127d3	feq.s	x15,f2,f1	  f2:0xbf4ee2a0  f1:0x00000000 x15=0x00000000
     308325.000 ns	     30831	800066f8	0133a5d3	fadd.s	f11,f7,f19	  f7:0x4e43ff42 f19:0x00000000 f11=0x4e43ff42
     308355.000 ns	     30834	800066fc	f00989d3	fmv.w.x	f19,x19	 x19:0x00000000 f19=0x00000000
     308375.000 ns	     30836	80006700	413f8033	sub	x0,x31,x19	 x31:0x00000000 x19:0x00000000
     308385.000 ns	     30837	80006704	d526b193	sltiu	x3,x13,-686	 x13:0x802fa801  x3=0x00000001
     308405.000 ns	     30839	80006708	a02e0ed3	fle.s	x29,f28,f2	 f28:0xcf002fa8  f2:0xbf4ee2a0 x29=0x00000001
     308425.000 ns	     30841	8000670c	011ca433	slt	x8,x25,x17	 x25:0x000001b1 x17:0x00000010  x8=0x00000000
     308445.000 ns	     30843	80006710	d011f453	fcvt.s.wu	f8,x3	  x3:0x00000001  f8=0x3f800000
     308475.000 ns	     30846	80006714	a1a40953	fle.s	x18,f8,f26	  f8:0xdeff77e4 f26:0x80000000 x18=0x00000000
     308505.000 ns	     30849	80006718	d00d7c53	fcvt.s.w	f24,x26	 x26:0x7fffff27 f24=0x4efffffe
     308525.000 ns	     30851	8000671c	015a82b3	add	x5,x21,x21	 x21:0x00000000 x21:0x00000000  x5=0x00000000
     308535.000 ns	     30852	80006720	b03c7f13	andi	x30,x24,-1277	 x24:0x00000010 x30=0x00000000
     308565.000 ns	     30855	80006724	180ebb53	fdiv.s	f22,f29,f0	 f29:0x7fc00000  f0:0x7fc00000 f22=0x7fc00000
     308595.000 ns	     30858	80006728	2078a0d3	fsgnjx.s	f1,f17,f7	 f17:0x7e7ef010  f7:0x4e43ff42  f1=0x7e7ef010
     308965.000 ns	     30895	8000672c	02305733	divu	x14,x0,x3	  x0:0x00000000  x3:0x00000001 x14=0x00000000
     308985.000 ns	     30897	80006730	0151f8b3	and	x17,x3,x21	  x3:0x00000001 x21:0x00000000 x17=0x00000000
     308995.000 ns	     30898	80006734	12a70a93	addi	x21,x14,298	 x14:0x00000000 x21=0x0000012a
     309015.000 ns	     30900	80006738	200c02d3	fsgnj.s	f5,f24,f0	 f24:0x4efffffe  f0:0x7fc00000  f5=0x4efffffe
     309035.000 ns	     30902	8000673c	00000013	addi	x0,x0,0	  x0:0x00000000
     309075.000 ns	     30906	80006740	09d870d3	fsub.s	f1,f16,f29	 f16:0xfe7ef010 f29:0x7fc00000  f1=0x7fc00000
     309095.000 ns	     30908	80006744	01136c33	or	x24,x6,x17	  x6:0x802fa800 x17:0x00000000 x24=0x802fa800
     309115.000 ns	     30910	80006748	e0011e53	fclass.s	x28,f2	  f2:0xbf4ee2a0 x28=0x00000002
     309135.000 ns	     30912	8000674c	5420a193	slti	x3,x1,1346	  x1:0x00000000  x3=0x00000001
     309145.000 ns	     30913	80006750	a122c393	xori	x7,x5,-1518	  x5:0x00000000  x7=0xfffffa12
     309165.000 ns	     30915	80006754	03ea9c33	mulh	x24,x21,x30	 x21:0x0000012a x30:0x00000000 x24=0x00000000
     309215.000 ns	     30920	80006758	01da7853	fadd.s	f16,f20,f29	 f20:0x80000001 f29:0x7fc00000 f16=0x7fc00000
     309235.000 ns	     30922	8000675c	c1103993	sltiu	x19,x0,-1007	  x0:0x00000000 x19=0x00000001
     309245.000 ns	     30923	80006760	00a0b933	sltu	x18,x1,x10	  x1:0x00000000 x10:0x00000001 x18=0x00000001
     309265.000 ns	     30925	80006764	a1392bd3	feq.s	x23,f18,f19	 f18:0x80000000 f19:0x00000000 x23=0x00000001
     309285.000 ns	     30927	80006768	4d26a513	slti	x10,x13,1234	 x13:0x802fa801 x10=0x00000001
     309305.000 ns	     30929	8000676c	02140433	mul	x8,x8,x1	  x8:0x00000000  x1:0x00000000  x8=0x00000000
     309325.000 ns	     30931	80006770	ad9aa413	slti	x8,x21,-1319	 x21:0x0000012a  x8=0x00000000
     309345.000 ns	     30933	80006774	02ec6433	rem	x8,x24,x14	 x24:0x00000000 x14:0x00000000  x8=0x00000000
     309375.000 ns	     30936	80006778	d0121ed3	fcvt.s.wu	f29,x4	  x4:0x000006f8 f29=0x44df0000
     309395.000 ns	     30938	8000677c	00e2f433	and	x8,x5,x14	  x5:0x00000000 x14:0x00000000  x8=0x00000000
     309415.000 ns	     30940	80006780	e0071f53	fclass.s	x30,f14	 f14:0x7e7ef010 x30=0x00000040
     309445.000 ns	     30943	80006784	d004f553	fcvt.s.w	f10,x9	  x9:0x00000000 f10=0x00000000
     309815.000 ns	     30980	80006788	02475733	divu	x14,x14,x4	 x14:0x00000000  x4:0x000006f8 x14=0x00000000
     309845.000 ns	     30983	8000678c	20778853	fsgnj.s	f16,f15,f7	 f15:0x468a973d  f7:0x4e43ff42 f16=0x468a973d
     309875.000 ns	     30986	80006790	d010a0d3	fcvt.s.wu	f1,x1	  x1:0x00000000  f1=0x00000000
     309905.000 ns	     30989	80006794	a1b381d3	fle.s	x3,f7,f27	  f7:0x4e43ff42 f27:0xfe7ef010  x3=0x00000000
     309935.000 ns	     30992	80006798	03b69e33	mulh	x28,x13,x27	 x13:0x802fa801 x27:0xffffe4f0 x28=0x00000d82
     309965.000 ns	     30995	8000679c	29fb15d3	fmax.s	f11,f22,f31	 f22:0x7fc00000 f31:0xcefffff4 f11=0xcefffff4
     309985.000 ns	     30997	800067a0	8ce80317	auipc	x6,0x8ce80	  x6=0x0ce867a0
     309995.000 ns	     30998	800067a4	690ded13	ori	x26,x27,1680	 x27:0xffffe4f0 x26=0xffffe6f0
     310035.000 ns	     31002	800067a8	08b947d3	fsub.s	f15,f18,f11	 f18:0x80000000 f11:0xcefffff4 f15=0x4efffff4
     310065.000 ns	     31005	800067ac	02dabeb3	mulhu	x29,x21,x13	 x21:0x0000012a x13:0x802fa801 x29=0x00000095
     310085.000 ns	     31007	800067b0	00929893	slli	x17,x5,0x9	  x5:0x00000000 x17=0x00000000
     310105.000 ns	     31009	800067b4	280c9dd3	fmax.s	f27,f25,f0	 f25:0x80000000  f0:0x7fc00000 f27=0x80000000
     310135.000 ns	     31012	800067b8	f00f04d3	fmv.w.x	f9,x30	 x30:0x00000040  f9=0x00000040
     310155.000 ns	     31014	800067bc	00000013	addi	x0,x0,0	  x0:0x00000000
     310175.000 ns	     31016	800067c0	c01772d3	fcvt.wu.s	x5,f14	 f14:0x7e7ef010  x5=0xffffffff
     310205.000 ns	     31019	800067c4	028563b3	rem	x7,x10,x8	 x10:0x00000001  x8:0x00000000  x7=0x00000001
     310225.000 ns	     31021	800067c8	0028bcb3	sltu	x25,x17,x2	 x17:0x00000000  x2:0x80040fe4 x25=0x00000001
     311395.000 ns	     31138	800067cc	58027ed3	fsqrt.s	f29,f4	  f4:0x5eff77e4 f29=0x4f34d48a
     311425.000 ns	     31141	800067d0	c00f71d3	fcvt.w.s	x3,f30	 f30:0x7fc00000  x3=0x7fffffff
     311445.000 ns	     31143	800067d4	009787b3	add	x15,x15,x9	 x15:0x00000000  x9:0x00000000 x15=0x00000000
     311465.000 ns	     31145	800067d8	e0018353	fmv.x.w	x6,f3	  f3:0x7fc00000  x6=0x7fc00000
     311485.000 ns	     31147	800067dc	c757b913	sltiu	x18,x15,-907	 x15:0x00000000 x18=0x00000001
     311495.000 ns	     31148	800067e0	40ae5793	srai	x15,x28,0xa	 x28:0x00000d82 x15=0x00000003
     311515.000 ns	     31150	800067e4	29db85d3	fmin.s	f11,f23,f29	 f23:0x00000000 f29:0x4f34d48a f11=0x00000000
     311535.000 ns	     31152	800067e8	00000013	addi	x0,x0,0	  x0:0x00000000
     311545.000 ns	     31153	800067ec	6704cc13	xori	x24,x9,1648	  x9:0x00000000 x24=0x00000670
     311555.000 ns	     31154	800067f0	7a7e6293	ori	x5,x28,1959	 x28:0x00000d82  x5=0x00000fa7
     311565.000 ns	     31155	800067f4	003bb3b3	sltu	x7,x23,x3	 x23:0x00000001  x3:0x7fffffff  x7=0x00000001
     311605.000 ns	     31159	800067f8	08fc0453	fsub.s	f8,f24,f15	 f24:0x4efffffe f15:0x4efffff4  f8=0x44a00000
     311635.000 ns	     31162	800067fc	a16ca053	feq.s	x0,f25,f22	 f25:0x80000000 f22:0x7fc00000
     311675.000 ns	     31166	80006800	11e2a953	fmul.s	f18,f5,f30	  f5:0x4efffffe f30:0x7fc00000 f18=0x7fc00000
     311705.000 ns	     31169	80006804	02921333	mulh	x6,x4,x9	  x4:0x000006f8  x9:0x00000000  x6=0x00000000
     311725.000 ns	     31171	80006808	006f5cb3	srl	x25,x30,x6	 x30:0x00000040  x6:0x7fc00000 x25=0x00000040
     311735.000 ns	     31172	8000680c	d934ae93	slti	x29,x9,-621	  x9:0x00000000 x29=0x00000000
     311745.000 ns	     31173	80006810	01a51733	sll	x14,x10,x26	 x10:0x00000001 x26:0xffffe6f0 x14=0x00010000
     311755.000 ns	     31174	80006814	0197e233	or	x4,x15,x25	 x15:0x00000003 x25:0x00000040  x4=0x00000043
     311765.000 ns	     31175	80006818	eacd2713	slti	x14,x26,-340	 x26:0xffffe6f0 x14=0x00000001
     311785.000 ns	     31177	8000681c	a1758fd3	fle.s	x31,f11,f23	 f11:0x00000000 f23:0x00000000 x31=0x00000001
     311815.000 ns	     31180	80006820	21e618d3	fsgnjn.s	f17,f12,f30	 f12:0xcd8474df f30:0x7fc00000 f17=0xcd8474df
     312185.000 ns	     31217	80006824	03917933	remu	x18,x2,x25	  x2:0x80040fe4 x25:0x00000040 x18=0x00000024
     312215.000 ns	     31220	80006828	21fd0cd3	fsgnj.s	f25,f26,f31	 f26:0x80000000 f31:0xcefffff4 f25=0x80000000
     312235.000 ns	     31222	8000682c	00000013	addi	x0,x0,0	  x0:0x00000000
     312245.000 ns	     31223	80006830	74ed4713	xori	x14,x26,1870	 x26:0xffffe6f0 x14=0xffffe1be
     312255.000 ns	     31224	80006834	01239713	slli	x14,x7,0x12	  x7:0x00000001 x14=0x00040000
     312285.000 ns	     31227	80006838	580501d3	fsqrt.s	f3,f10	 f10:0x00000000  f3=0x00000000
     312325.000 ns	     31231	8000683c	11b071d3	fmul.s	f3,f0,f27	  f0:0x7fc00000 f27:0x80000000  f3=0x7fc00000
     312345.000 ns	     31233	80006840	0185eab3	or	x21,x11,x24	 x11:0x80000000 x24:0x00000670 x21=0x80000670
     312355.000 ns	     31234	80006844	00516033	or	x0,x2,x5	  x2:0x80040fe4  x5:0x00000fa7
     312375.000 ns	     31236	80006848	29d605d3	fmin.s	f11,f12,f29	 f12:0xcd8474df f29:0x4f34d48a f11=0xcd8474df
     312405.000 ns	     31239	8000684c	c004fad3	fcvt.w.s	x21,f9	  f9:0x00000040 x21=0x00000000
     312425.000 ns	     31241	80006850	40f4d9b3	sra	x19,x9,x15	  x9:0x00000000 x15:0x00000003 x19=0x00000000
     312445.000 ns	     31243	80006854	d01c2f53	fcvt.s.wu	f30,x24	 x24:0x00000670 f30=0x44ce0000
     312465.000 ns	     31245	80006858	2c36c417	auipc	x8,0x2c36c	  x8=0xac372858
     312485.000 ns	     31247	8000685c	282c99d3	fmax.s	f19,f25,f2	 f25:0x80000000  f2:0xbf4ee2a0 f19=0x80000000
     312515.000 ns	     31250	80006860	c01fb3d3	fcvt.wu.s	x7,f31	 f31:0xcefffff4  x7=0x7ffffa00
     312535.000 ns	     31252	80006864	1e7d0e93	addi	x29,x26,487	 x26:0xffffe6f0 x29=0xffffe8d7
     312555.000 ns	     31254	80006868	20fe1e53	fsgnjn.s	f28,f28,f15	 f28:0xcf002fa8 f15:0x4efffff4 f28=0xcf002fa8
     312585.000 ns	     31257	8000686c	a1b38e53	fle.s	x28,f7,f27	  f7:0x4e43ff42 f27:0x80000000 x28=0x00000000
     312605.000 ns	     31259	80006870	00000013	addi	x0,x0,0	  x0:0x00000000
     312625.000 ns	     31261	80006874	c0017cd3	fcvt.w.s	x25,f2	  f2:0xbf4ee2a0 x25=0x00000000
     312655.000 ns	     31264	80006878	280a05d3	fmin.s	f11,f20,f0	 f20:0x80000001  f0:0x7fc00000 f11=0x80000001
     312685.000 ns	     31267	8000687c	02197ab3	remu	x21,x18,x1	 x18:0x00000024  x1:0x00000000 x21=0x00000024
     312705.000 ns	     31269	80006880	412d5a13	srai	x20,x26,0x12	 x26:0xffffe6f0 x20=0xffffffff
     312745.000 ns	     31273	80006884	00a0f2d3	fadd.s	f5,f1,f10	  f1:0x00000000 f10:0x00000000  f5=0x00000000
     312765.000 ns	     31275	80006888	56b7ef93	ori	x31,x15,1387	 x15:0x00000003 x31=0x0000056b
     312785.000 ns	     31277	8000688c	031649b3	div	x19,x12,x17	 x12:0x0c800000 x17:0x00000000 x19=0xffffffff
     312815.000 ns	     31280	80006890	027c9233	mulh	x4,x25,x7	 x25:0x00000000  x7:0x7ffffa00  x4=0x00000000
     312835.000 ns	     31282	80006894	01679633	sll	x12,x15,x22	 x15:0x00000003 x22:0x80041024 x12=0x00000030
     312855.000 ns	     31284	80006898	201b2c53	fsgnjx.s	f24,f22,f1	 f22:0x7fc00000  f1:0x00000000 f24=0x7fc00000
     312875.000 ns	     31286	8000689c	00593a33	sltu	x20,x18,x5	 x18:0x00000024  x5:0x00000fa7 x20=0x00000001
     312895.000 ns	     31288	800068a0	0247a3b3	mulhsu	x7,x15,x4	 x15:0x00000003  x4:0x00000000  x7=0x00000000
     312925.000 ns	     31291	800068a4	e0009553	fclass.s	x10,f1	  f1:0x00000000 x10=0x00000010
     312955.000 ns	     31294	800068a8	21890fd3	fsgnj.s	f31,f18,f24	 f18:0x7fc00000 f24:0x7fc00000 f31=0x7fc00000
     312975.000 ns	     31296	800068ac	413d0db3	sub	x27,x26,x19	 x26:0xffffe6f0 x19:0xffffffff x27=0xffffe6f1
     313005.000 ns	     31299	800068b0	18fda353	fdiv.s	f6,f27,f15	 f27:0x80000000 f15:0x4efffff4  f6=0x80000000
     313025.000 ns	     31301	800068b4	f0fe2997	auipc	x19,0xf0fe2	 x19=0x70fe88b4
     313045.000 ns	     31303	800068b8	28c78753	fmin.s	f14,f15,f12	 f15:0x4efffff4 f12:0xcd8474df f14=0xcd8474df
     313095.000 ns	     31308	800068bc	099578d3	fsub.s	f17,f10,f25	 f10:0x00000000 f25:0x80000000 f17=0x00000000
     313115.000 ns	     31310	800068c0	beb6b793	sltiu	x15,x13,-1045	 x13:0x802fa801 x15=0x00000001
     313125.000 ns	     31311	800068c4	017e9a13	slli	x20,x29,0x17	 x29:0xffffe8d7 x20=0x6b800000
     313145.000 ns	     31313	800068c8	0299f233	remu	x4,x19,x9	 x19:0x70fe88b4  x9:0x00000000  x4=0x70fe88b4
     313175.000 ns	     31316	800068cc	d017a053	fcvt.s.wu	f0,x15	 x15:0x00000001  f0=0x3f800000
     313195.000 ns	     31318	800068d0	74b34193	xori	x3,x6,1867	  x6:0x00000000  x3=0x0000074b
     313215.000 ns	     31320	800068d4	d00378d3	fcvt.s.w	f17,x6	  x6:0x00000000 f17=0x00000000
     313245.000 ns	     31323	800068d8	03ddb4b3	mulhu	x9,x27,x29	 x27:0xffffe6f1 x29:0xffffe8d7  x9=0xffffcfc8
     313275.000 ns	     31326	800068dc	e0019453	fclass.s	x8,f3	  f3:0x7fc00000  x8=0x00000200
     313295.000 ns	     31328	800068e0	0014a6b3	slt	x13,x9,x1	  x9:0xffffcfc8  x1:0x00000000 x13=0x00000001
     313335.000 ns	     31332	800068e4	092c9cd3	fsub.s	f25,f25,f18	 f25:0x80000000 f18:0x7fc00000 f25=0x7fc00000
     313355.000 ns	     31334	800068e8	32d40d13	addi	x26,x8,813	  x8:0x00000200 x26=0x0000052d
     313375.000 ns	     31336	800068ec	039ab533	mulhu	x10,x21,x25	 x21:0x00000024 x25:0x00000000 x10=0x00000000
     313395.000 ns	     31338	800068f0	a88bfe37	lui	x28,0xa88bf	 x28=0xa88bf000
     313435.000 ns	     31342	800068f4	08a0f2d3	fsub.s	f5,f1,f10	  f1:0x00000000 f10:0x00000000  f5=0x80000000
     313465.000 ns	     31345	800068f8	e0020753	fmv.x.w	x14,f4	  f4:0x5eff77e4 x14=0x5eff77e4
     313515.000 ns	     31350	800068fc	00e327d3	fadd.s	f15,f6,f14	  f6:0x80000000 f14:0xcd8474df f15=0xcd8474df
     313555.000 ns	     31354	80006900	116d7853	fmul.s	f16,f26,f22	 f26:0x80000000 f22:0x7fc00000 f16=0x7fc00000
     313575.000 ns	     31356	80006904	410983b3	sub	x7,x19,x16	 x19:0x70fe88b4 x16:0xc18d506d  x7=0xaf713847
     313595.000 ns	     31358	80006908	e00c84d3	fmv.x.w	x9,f25	 f25:0x7fc00000  x9=0x7fc00000
     313615.000 ns	     31360	8000690c	002e7e33	and	x28,x28,x2	 x28:0xa88bf000  x2:0x80040fe4 x28=0x80000000
     313625.000 ns	     31361	80006910	41598733	sub	x14,x19,x21	 x19:0x70fe88b4 x21:0x00000024 x14=0x70fe8890
     313635.000 ns	     31362	80006914	00cac533	xor	x10,x21,x12	 x21:0x00000024 x12:0x00000030 x10=0x00000014
     313655.000 ns	     31364	80006918	e0048cd3	fmv.x.w	x25,f9	  f9:0x00000040 x25=0x00000040
     314025.000 ns	     31401	8000691c	02b4f533	remu	x10,x9,x11	  x9:0x7fc00000 x11:0x80000000 x10=0x7fc00000
     314045.000 ns	     31403	80006920	01b01033	sll	x0,x0,x27	  x0:0x00000000 x27:0xffffe6f1
     314055.000 ns	     31404	80006924	ba426c17	auipc	x24,0xba426	 x24=0x3a42c924
     314065.000 ns	     31405	80006928	011fea33	or	x20,x31,x17	 x31:0x0000056b x17:0x00000000 x20=0x0000056b
     314095.000 ns	     31408	8000692c	19d2a953	fdiv.s	f18,f5,f29	  f5:0x80000000 f29:0x4f34d48a f18=0x80000000
     314115.000 ns	     31410	80006930	2a4e2c93	slti	x25,x28,676	 x28:0x80000000 x25=0x00000001
     314135.000 ns	     31412	80006934	c0002d53	fcvt.w.s	x26,f0	  f0:0x3f800000 x26=0x00000001
     314155.000 ns	     31414	80006938	00dacdb3	xor	x27,x21,x13	 x21:0x00000024 x13:0x00000001 x27=0x00000025
     314175.000 ns	     31416	8000693c	21222d53	fsgnjx.s	f26,f4,f18	  f4:0x5eff77e4 f18:0x80000000 f26=0xdeff77e4
     314545.000 ns	     31453	80006940	0383d0b3	divu	x1,x7,x24	  x7:0xaf713847 x24:0x3a42c924  x1=0x00000003
     314575.000 ns	     31456	80006944	29a60b53	fmin.s	f22,f12,f26	 f12:0xcd8474df f26:0xdeff77e4 f22=0xdeff77e4
     314595.000 ns	     31458	80006948	00d98bb3	add	x23,x19,x13	 x19:0x70fe88b4 x13:0x00000001 x23=0x70fe88b5
     314605.000 ns	     31459	8000694c	419859b3	sra	x19,x16,x25	 x16:0xc18d506d x25:0x00000001 x19=0xe0c6a836
     314625.000 ns	     31461	80006950	20882ed3	fsgnjx.s	f29,f16,f8	 f16:0x7fc00000  f8:0x44a00000 f29=0x7fc00000
     314655.000 ns	     31464	80006954	02d91bb3	mulh	x23,x18,x13	 x18:0x00000024 x13:0x00000001 x23=0x00000000
     314675.000 ns	     31466	80006958	c889f913	andi	x18,x19,-888	 x19:0xe0c6a836 x18=0xe0c6a800
     314685.000 ns	     31467	8000695c	01367fb3	and	x31,x12,x19	 x12:0x00000030 x19:0xe0c6a836 x31=0x00000030
     314705.000 ns	     31469	80006960	e00b8a53	fmv.x.w	x20,f23	 f23:0x00000000 x20=0x00000000
     314735.000 ns	     31472	80006964	21330e53	fsgnj.s	f28,f6,f19	  f6:0x80000000 f19:0x80000000 f28=0x80000000
     315105.000 ns	     31509	80006968	03017c33	remu	x24,x2,x16	  x2:0x80040fe4 x16:0xc18d506d x24=0x80040fe4
     315125.000 ns	     31511	8000696c	00b25db3	srl	x27,x4,x11	  x4:0x70fe88b4 x11:0x80000000 x27=0x70fe88b4
     315145.000 ns	     31513	80006970	20a41953	fsgnjn.s	f18,f8,f10	  f8:0x44a00000 f10:0x00000000 f18=0xc4a00000
     315165.000 ns	     31515	80006974	01409bb3	sll	x23,x1,x20	  x1:0x00000003 x20:0x00000000 x23=0x00000003
     315175.000 ns	     31516	80006978	010a1013	slli	x0,x20,0x10	 x20:0x00000000
     315535.000 ns	     31552	8000697c	027f5d33	divu	x26,x30,x7	 x30:0x00000040  x7:0xaf713847 x26=0x00000000
     315555.000 ns	     31554	80006980	003fe433	or	x8,x31,x3	 x31:0x00000030  x3:0x0000074b  x8=0x0000077b
     315575.000 ns	     31556	80006984	a1ca28d3	feq.s	x17,f20,f28	 f20:0x80000001 f28:0x80000000 x17=0x00000000
     315595.000 ns	     31558	80006988	00f31393	slli	x7,x6,0xf	  x6:0x00000000  x7=0x00000000
     315605.000 ns	     31559	8000698c	00857933	and	x18,x10,x8	 x10:0x7fc00000  x8:0x0000077b x18=0x00000000
     315625.000 ns	     31561	80006990	c01df3d3	fcvt.wu.s	x7,f27	 f27:0x80000000  x7=0x00000000
     315645.000 ns	     31563	80006994	00815933	srl	x18,x2,x8	  x2:0x80040fe4  x8:0x0000077b x18=0x00000010
     315665.000 ns	     31565	80006998	29f08853	fmin.s	f16,f1,f31	  f1:0x00000000 f31:0x7fc00000 f16=0x00000000
     315695.000 ns	     31568	8000699c	f0060a53	fmv.w.x	f20,x12	 x12:0x00000030 f20=0x00000030
     315725.000 ns	     31571	800069a0	a15c14d3	flt.s	x9,f24,f21	 f24:0x7fc00000 f21:0x7fc00000  x9=0x00000000
     315755.000 ns	     31574	800069a4	a1df0553	fle.s	x10,f30,f29	 f30:0x44ce0000 f29:0x7fc00000 x10=0x00000000
     315775.000 ns	     31576	800069a8	406d8233	sub	x4,x27,x6	 x27:0x70fe88b4  x6:0x00000000  x4=0x70fe88b4
     315785.000 ns	     31577	800069ac	00141093	slli	x1,x8,0x1	  x8:0x0000077b  x1=0x00000ef6
     315795.000 ns	     31578	800069b0	00d8d393	srli	x7,x17,0xd	 x17:0x00000000  x7=0x00000000
     315835.000 ns	     31582	800069b4	08a7f1d3	fsub.s	f3,f15,f10	 f15:0xcd8474df f10:0x00000000  f3=0xcd8474df
     315855.000 ns	     31584	800069b8	01fe5a93	srli	x21,x28,0x1f	 x28:0x80000000 x21=0x00000001
     315865.000 ns	     31585	800069bc	40b25733	sra	x14,x4,x11	  x4:0x70fe88b4 x11:0x80000000 x14=0x70fe88b4
     315875.000 ns	     31586	800069c0	5319b313	sltiu	x6,x19,1329	 x19:0xe0c6a836  x6=0x00000000
     315885.000 ns	     31587	800069c4	1d3d6393	ori	x7,x26,467	 x26:0x00000000  x7=0x000001d3
     316245.000 ns	     31623	800069c8	0325c633	div	x12,x11,x18	 x11:0x80000000 x18:0x00000010 x12=0xf8000000
     316615.000 ns	     31660	800069cc	02d2d333	divu	x6,x5,x13	  x5:0x00000fa7 x13:0x00000001  x6=0x00000fa7
     316635.000 ns	     31662	800069d0	44948013	addi	x0,x9,1097	  x9:0x00000000
     316655.000 ns	     31664	800069d4	f00f06d3	fmv.w.x	f13,x30	 x30:0x00000040 f13=0x00000040
     316685.000 ns	     31667	800069d8	28ed86d3	fmin.s	f13,f27,f14	 f27:0x80000000 f14:0xcd8474df f13=0xcd8474df
     316715.000 ns	     31670	800069dc	20061dd3	fsgnjn.s	f27,f12,f0	 f12:0xcd8474df  f0:0x3f800000 f27=0xcd8474df
     316735.000 ns	     31672	800069e0	00000013	addi	x0,x0,0	  x0:0x00000000
     316745.000 ns	     31673	800069e4	015f1813	slli	x16,x30,0x15	 x30:0x00000040 x16=0x08000000
     316785.000 ns	     31677	800069e8	00843cd3	fadd.s	f25,f8,f8	  f8:0x44a00000  f8:0x44a00000 f25=0x45200000
     316835.000 ns	     31682	800069ec	08e6b453	fsub.s	f8,f13,f14	 f13:0xcd8474df f14:0xcd8474df  f8=0x00000000
     316885.000 ns	     31687	800069f0	09bf74d3	fsub.s	f9,f30,f27	 f30:0x44ce0000 f27:0xcd8474df  f9=0x4d847512
     316915.000 ns	     31690	800069f4	03d29e33	mulh	x28,x5,x29	  x5:0x00000fa7 x29:0xffffe8d7 x28=0xffffffff
     316945.000 ns	     31693	800069f8	e00092d3	fclass.s	x5,f1	  f1:0x00000000  x5=0x00000010
     316995.000 ns	     31698	800069fc	010e86d3	fadd.s	f13,f29,f16	 f29:0x7fc00000 f16:0x00000000 f13=0x7fc00000
     317025.000 ns	     31701	80006a00	a0f219d3	flt.s	x19,f4,f15	  f4:0x5eff77e4 f15:0xcd8474df x19=0x00000000
     317055.000 ns	     31704	80006a04	21b99353	fsgnjn.s	f6,f19,f27	 f19:0x80000000 f27:0xcd8474df  f6=0x00000000
     317075.000 ns	     31706	80006a08	6834a093	slti	x1,x9,1667	  x9:0x00000000  x1=0x00000001
     317085.000 ns	     31707	80006a0c	018f0233	add	x4,x30,x24	 x30:0x00000040 x24:0x80040fe4  x4=0x80041024
     317105.000 ns	     31709	80006a10	29e80bd3	fmin.s	f23,f16,f30	 f16:0x00000000 f30:0x44ce0000 f23=0x00000000
     317125.000 ns	     31711	80006a14	ff094f17	auipc	x30,0xff094	 x30=0x7f09aa14
     317145.000 ns	     31713	80006a18	a121a553	feq.s	x10,f3,f18	  f3:0xcd8474df f18:0xc4a00000 x10=0x00000000
     317175.000 ns	     31716	80006a1c	f00502d3	fmv.w.x	f5,x10	 x10:0x00000000  f5=0x00000000
     317225.000 ns	     31721	80006a20	018690d3	fadd.s	f1,f13,f24	 f13:0x7fc00000 f24:0x7fc00000  f1=0x7fc00000
     317245.000 ns	     31723	80006a24	013a96b3	sll	x13,x21,x19	 x21:0x00000001 x19:0x00000000 x13=0x00000001
     317265.000 ns	     31725	80006a28	c0018c53	fcvt.w.s	x24,f3	  f3:0xcd8474df x24=0xef716420
     317315.000 ns	     31730	80006a2c	093affd3	fsub.s	f31,f21,f19	 f21:0x7fc00000 f19:0x80000000 f31=0x7fc00000
     317365.000 ns	     31735	80006a30	09bcfc53	fsub.s	f24,f25,f27	 f25:0x45200000 f27:0xcd8474df f24=0x4d84752f
     317415.000 ns	     31740	80006a34	091d9053	fsub.s	f0,f27,f17	 f27:0xcd8474df f17:0x00000000  f0=0xcd8474df
     317435.000 ns	     31742	80006a38	018013b3	sll	x7,x0,x24	  x0:0x00000000 x24:0xef716420  x7=0x00000000
     317445.000 ns	     31743	80006a3c	00000013	addi	x0,x0,0	  x0:0x00000000
     317465.000 ns	     31745	80006a40	28e497d3	fmax.s	f15,f9,f14	  f9:0x4d847512 f14:0xcd8474df f15=0x4d847512
     317495.000 ns	     31748	80006a44	f00a8353	fmv.w.x	f6,x21	 x21:0x00000001  f6=0x00000001
     317515.000 ns	     31750	80006a48	41d28233	sub	x4,x5,x29	  x5:0x00000010 x29:0xffffe8d7  x4=0x00001739
     317525.000 ns	     31751	80006a4c	40508fb3	sub	x31,x1,x5	  x1:0x00000001  x5:0x00000010 x31=0xfffffff1
     317535.000 ns	     31752	80006a50	0008fe33	and	x28,x17,x0	 x17:0x00000000  x0:0x00000000 x28=0x00000000
     317545.000 ns	     31753	80006a54	00849ab3	sll	x21,x9,x8	  x9:0x00000000  x8:0x0000077b x21=0x00000000
     317555.000 ns	     31754	80006a58	414a5d33	sra	x26,x20,x20	 x20:0x00000000 x20:0x00000000 x26=0x00000000
     317915.000 ns	     31790	80006a5c	03055cb3	divu	x25,x10,x16	 x10:0x00000000 x16:0x08000000 x25=0x00000000
     317935.000 ns	     31792	80006a60	0012d093	srli	x1,x5,0x1	  x5:0x00000010  x1=0x00000008
     317945.000 ns	     31793	80006a64	bcef5c37	lui	x24,0xbcef5	 x24=0xbcef5000
     317965.000 ns	     31795	80006a68	219f11d3	fsgnjn.s	f3,f30,f25	 f30:0x44ce0000 f25:0x45200000  f3=0xc4ce0000
     317995.000 ns	     31798	80006a6c	210710d3	fsgnjn.s	f1,f14,f16	 f14:0xcd8474df f16:0x00000000  f1=0xcd8474df
     318015.000 ns	     31800	80006a70	405cd3b3	sra	x7,x25,x5	 x25:0x00000000  x5:0x00000010  x7=0x00000000
     318055.000 ns	     31804	80006a74	00cd7cd3	fadd.s	f25,f26,f12	 f26:0xdeff77e4 f12:0xcd8474df f25=0xdeff77e4
     318075.000 ns	     31806	80006a78	79dee637	lui	x12,0x79dee	 x12=0x79dee000
     318085.000 ns	     31807	80006a7c	016d68b3	or	x17,x26,x22	 x26:0x00000000 x22:0x80041024 x17=0x80041024
     318115.000 ns	     31810	80006a80	5808f5d3	fsqrt.s	f11,f17	 f17:0x00000000 f11=0x00000000
     318145.000 ns	     31813	80006a84	2037a453	fsgnjx.s	f8,f15,f3	 f15:0x4d847512  f3:0xc4ce0000  f8=0xcd847512
     318515.000 ns	     31850	80006a88	03d16d33	rem	x26,x2,x29	  x2:0x80040fe4 x29:0xffffe8d7 x26=0xfffffe47
     318885.000 ns	     31887	80006a8c	0247d1b3	divu	x3,x15,x4	 x15:0x00000001  x4:0x00001739  x3=0x00000000
     318915.000 ns	     31890	80006a90	e0051bd3	fclass.s	x23,f10	 f10:0x00000000 x23=0x00000010
     318945.000 ns	     31893	80006a94	a148aa53	feq.s	x20,f17,f20	 f17:0x00000000 f20:0x00000030 x20=0x00000000
     318965.000 ns	     31895	80006a98	00169093	slli	x1,x13,0x1	 x13:0x00000001  x1=0x00000002
     320135.000 ns	     32012	80006a9c	5807fd53	fsqrt.s	f26,f15	 f15:0x4d847512 f26=0x46823579
     320165.000 ns	     32015	80006aa0	e00d86d3	fmv.x.w	x13,f27	 f27:0xcd8474df x13=0xcd8474df
     320195.000 ns	     32018	80006aa4	03445cb3	divu	x25,x8,x20	  x8:0x0000077b x20:0x00000000 x25=0xffffffff
     320225.000 ns	     32021	80006aa8	a0ea2053	feq.s	x0,f20,f14	 f20:0x00000030 f14:0xcd8474df
     320245.000 ns	     32023	80006aac	1a6ca513	slti	x10,x25,422	 x25:0xffffffff x10=0x00000001
     320255.000 ns	     32024	80006ab0	419c89b3	sub	x19,x25,x25	 x25:0xffffffff x25:0xffffffff x19=0x00000000
     320265.000 ns	     32025	80006ab4	435d6537	lui	x10,0x435d6	 x10=0x435d6000
     320275.000 ns	     32026	80006ab8	0003d433	srl	x8,x7,x0	  x7:0x00000000  x0:0x00000000  x8=0x00000000
     320295.000 ns	     32028	80006abc	02bf97b3	mulh	x15,x31,x11	 x31:0xfffffff1 x11:0x80000000 x15=0x00000007
     320315.000 ns	     32030	80006ac0	00775993	srli	x19,x14,0x7	 x14:0x70fe88b4 x19=0x00e1fd11
     320335.000 ns	     32032	80006ac4	29e806d3	fmin.s	f13,f16,f30	 f16:0x00000000 f30:0x44ce0000 f13=0x00000000
     320365.000 ns	     32035	80006ac8	03bd0633	mul	x12,x26,x27	 x26:0xfffffe47 x27:0x70fe88b4 x12=0x598681ec
     320395.000 ns	     32038	80006acc	e0060553	fmv.x.w	x10,f12	 f12:0xcd8474df x10=0xcd8474df
     320425.000 ns	     32041	80006ad0	a1d680d3	fle.s	x1,f13,f29	 f13:0x00000000 f29:0x7fc00000  x1=0x00000000
     320455.000 ns	     32044	80006ad4	034e8033	mul	x0,x29,x20	 x29:0xffffe8d7 x20:0x00000000
     320485.000 ns	     32047	80006ad8	031dafb3	mulhsu	x31,x27,x17	 x27:0x70fe88b4 x17:0x80041024 x31=0x38810f73
     320515.000 ns	     32050	80006adc	21509d53	fsgnjn.s	f26,f1,f21	  f1:0xcd8474df f21:0x7fc00000 f26=0xcd8474df
     320545.000 ns	     32053	80006ae0	0319af33	mulhsu	x30,x19,x17	 x19:0x00e1fd11 x17:0x80041024 x30=0x0071021e
     320565.000 ns	     32055	80006ae4	201ab9b7	lui	x19,0x201ab	 x19=0x201ab000
     320585.000 ns	     32057	80006ae8	209026d3	fsgnjx.s	f13,f0,f9	  f0:0xcd8474df  f9:0x4d847512 f13=0xcd8474df
     320605.000 ns	     32059	80006aec	16d37b93	andi	x23,x6,365	  x6:0x00000fa7 x23=0x00000125
     320625.000 ns	     32061	80006af0	a0462fd3	feq.s	x31,f12,f4	 f12:0xcd8474df  f4:0x5eff77e4 x31=0x00000000
     320665.000 ns	     32065	80006af4	1153c3d3	fmul.s	f7,f7,f21	  f7:0x4e43ff42 f21:0x7fc00000  f7=0x7fc00000
     320695.000 ns	     32068	80006af8	03fc5fb3	divu	x31,x24,x31	 x24:0xbcef5000 x31:0x00000000 x31=0xffffffff
     320725.000 ns	     32071	80006afc	02188e33	mul	x28,x17,x1	 x17:0x80041024  x1:0x00000000 x28=0x00000000
     320765.000 ns	     32075	80006b00	11e8f1d3	fmul.s	f3,f17,f30	 f17:0x00000000 f30:0x44ce0000  f3=0x00000000
     320795.000 ns	     32078	80006b04	2017a453	fsgnjx.s	f8,f15,f1	 f15:0x4d847512  f1:0xcd8474df  f8=0xcd847512
     320815.000 ns	     32080	80006b08	015a60b3	or	x1,x20,x21	 x20:0x00000000 x21:0x00000000  x1=0x00000000
     320835.000 ns	     32082	80006b0c	039d2cb3	mulhsu	x25,x26,x25	 x26:0xfffffe47 x25:0xffffffff x25=0xfffffe47
     320855.000 ns	     32084	80006b10	fdcf0c37	lui	x24,0xfdcf0	 x24=0xfdcf0000
     320875.000 ns	     32086	80006b14	a0f222d3	feq.s	x5,f4,f15	  f4:0x5eff77e4 f15:0x4d847512  x5=0x00000000
     320905.000 ns	     32089	80006b18	02876cb3	rem	x25,x14,x8	 x14:0x70fe88b4  x8:0x00000000 x25=0x70fe88b4
     320925.000 ns	     32091	80006b1c	00c5d013	srli	x0,x11,0xc	 x11:0x80000000
     320945.000 ns	     32093	80006b20	289b8ad3	fmin.s	f21,f23,f9	 f23:0x00000000  f9:0x4d847512 f21=0x00000000
     320975.000 ns	     32096	80006b24	d0030053	fcvt.s.w	f0,x6	  x6:0x00000fa7  f0=0x457a7000
     321005.000 ns	     32099	80006b28	29f20753	fmin.s	f14,f4,f31	  f4:0x5eff77e4 f31:0x7fc00000 f14=0x5eff77e4
     321025.000 ns	     32101	80006b2c	0165f933	and	x18,x11,x22	 x11:0x80000000 x22:0x80041024 x18=0x80000000
     321035.000 ns	     32102	80006b30	f5146a93	ori	x21,x8,-175	  x8:0x00000000 x21=0xffffff51
     321045.000 ns	     32103	80006b34	01ec84b3	add	x9,x25,x30	 x25:0x70fe88b4 x30:0x0071021e  x9=0x716f8ad2
     321065.000 ns	     32105	80006b38	c0009ed3	fcvt.w.s	x29,f1	  f1:0xcd8474df x29=0xef716420
     321095.000 ns	     32108	80006b3c	a0e92753	feq.s	x14,f18,f14	 f18:0xc4a00000 f14:0x5eff77e4 x14=0x00000000
     321125.000 ns	     32111	80006b40	29201cd3	fmax.s	f25,f0,f18	  f0:0x457a7000 f18:0xc4a00000 f25=0x457a7000
     321145.000 ns	     32113	80006b44	01875fb3	srl	x31,x14,x24	 x14:0x00000000 x24:0xfdcf0000 x31=0x00000000
     321155.000 ns	     32114	80006b48	6a55dbb7	lui	x23,0x6a55d	 x23=0x6a55d000
     321185.000 ns	     32117	80006b4c	196eb2d3	fdiv.s	f5,f29,f22	 f29:0x7fc00000 f22:0xdeff77e4  f5=0x7fc00000
     321205.000 ns	     32119	80006b50	17540b97	auipc	x23,0x17540	 x23=0x97546b50
     321215.000 ns	     32120	80006b54	01e2ee33	or	x28,x5,x30	  x5:0x00000000 x30:0x0071021e x28=0x0071021e
     321225.000 ns	     32121	80006b58	6259f193	andi	x3,x19,1573	 x19:0x201ab000  x3=0x00000000
     321255.000 ns	     32124	80006b5c	10069653	fmul.s	f12,f13,f0	 f13:0xcd8474df  f0:0x457a7000 f12=0xd3819414
     321275.000 ns	     32126	80006b60	da48af93	slti	x31,x17,-604	 x17:0x80041024 x31=0x00000001
     321635.000 ns	     32162	80006b64	03946db3	rem	x27,x8,x25	  x8:0x00000000 x25:0x70fe88b4 x27=0x00000000
     321665.000 ns	     32165	80006b68	29700bd3	fmin.s	f23,f0,f23	  f0:0x457a7000 f23:0x00000000 f23=0x00000000
     321685.000 ns	     32167	80006b6c	01735413	srli	x8,x6,0x17	  x6:0x00000fa7  x8=0x00000000
     321725.000 ns	     32171	80006b70	014cfb53	fadd.s	f22,f25,f20	 f25:0x457a7000 f20:0x00000030 f22=0x457a7000
     321755.000 ns	     32174	80006b74	02288c33	mul	x24,x17,x2	 x17:0x80041024  x2:0x80040fe4 x24=0x81207c10
     322125.000 ns	     32211	80006b78	03ace4b3	rem	x9,x25,x26	 x25:0x70fe88b4 x26:0xfffffe47  x9=0x000001ab
     322145.000 ns	     32213	80006b7c	dcdc8b93	addi	x23,x25,-563	 x25:0x70fe88b4 x23=0x70fe8681
     322505.000 ns	     32249	80006b80	02956a33	rem	x20,x10,x9	 x10:0xcd8474df  x9:0x000001ab x20=0xfffffee5
     322555.000 ns	     32254	80006b84	094475d3	fsub.s	f11,f8,f20	  f8:0xcd847512 f20:0x00000030 f11=0xcd847512
     322595.000 ns	     32258	80006b88	19047f53	fdiv.s	f30,f8,f16	  f8:0xcd847512 f16:0x00000000 f30=0xff800000
     322625.000 ns	     32261	80006b8c	d00f19d3	fcvt.s.w	f19,x30	 x30:0x0071021e f19=0x4ae2043c
     322645.000 ns	     32263	80006b90	40608833	sub	x16,x1,x6	  x1:0x00000000  x6:0x00000fa7 x16=0xfffff059
     322665.000 ns	     32265	80006b94	a1328553	fle.s	x10,f5,f19	  f5:0x7fc00000 f19:0x4ae2043c x10=0x00000000
     323035.000 ns	     32302	80006b98	03e2e1b3	rem	x3,x5,x30	  x5:0x00000000 x30:0x0071021e  x3=0x00000000
     323055.000 ns	     32304	80006b9c	4834bf13	sltiu	x30,x9,1155	  x9:0x000001ab x30=0x00000001
     323085.000 ns	     32307	80006ba0	112abdd3	fmul.s	f27,f21,f18	 f21:0x00000000 f18:0xc4a00000 f27=0x80000000
     323115.000 ns	     32310	80006ba4	d01e7153	fcvt.s.wu	f2,x28	 x28:0x0071021e  f2=0x4ae2043c
     323135.000 ns	     32312	80006ba8	00000013	addi	x0,x0,0	  x0:0x00000000
     323155.000 ns	     32314	80006bac	a15c9e53	flt.s	x28,f25,f21	 f25:0x457a7000 f21:0x00000000 x28=0x00000000
     323175.000 ns	     32316	80006bb0	6421a313	slti	x6,x3,1602	  x3:0x00000000  x6=0x00000001
     323185.000 ns	     32317	80006bb4	01f4ea33	or	x20,x9,x31	  x9:0x000001ab x31:0x00000001 x20=0x000001ab
     323205.000 ns	     32319	80006bb8	28d70153	fmin.s	f2,f14,f13	 f14:0x5eff77e4 f13:0xcd8474df  f2=0xcd8474df
     323225.000 ns	     32321	80006bbc	00f12433	slt	x8,x2,x15	  x2:0x80040fe4 x15:0x00000007  x8=0x00000001
     323235.000 ns	     32322	80006bc0	f3cb2713	slti	x14,x22,-196	 x22:0x80041024 x14=0x00000001
     323245.000 ns	     32323	80006bc4	94ec2813	slti	x16,x24,-1714	 x24:0x81207c10 x16=0x00000001
     323605.000 ns	     32359	80006bc8	02f27db3	remu	x27,x4,x15	  x4:0x00001739 x15:0x00000007 x27=0x00000002
     323635.000 ns	     32362	80006bcc	28b38153	fmin.s	f2,f7,f11	  f7:0x7fc00000 f11:0xcd847512  f2=0xcd847512
     323665.000 ns	     32365	80006bd0	a08f29d3	feq.s	x19,f30,f8	 f30:0xff800000  f8:0xcd847512 x19=0x00000000
     324035.000 ns	     32402	80006bd4	02c05f33	divu	x30,x0,x12	  x0:0x00000000 x12:0x598681ec x30=0x00000000
     324055.000 ns	     32404	80006bd8	00fb5c33	srl	x24,x22,x15	 x22:0x80041024 x15:0x00000007 x24=0x01000820
     324065.000 ns	     32405	80006bdc	0a4e2013	slti	x0,x28,164	 x28:0x00000000
     324075.000 ns	     32406	80006be0	179a0f13	addi	x30,x20,377	 x20:0x000001ab x30=0x00000324
     324095.000 ns	     32408	80006be4	c01cf8d3	fcvt.wu.s	x17,f25	 f25:0x457a7000 x17=0x00000fa7
     324115.000 ns	     32410	80006be8	002f5d33	srl	x26,x30,x2	 x30:0x00000000  x2:0x80040fe4 x26=0x00000032
     324125.000 ns	     32411	80006bec	00260933	add	x18,x12,x2	 x12:0x598681ec  x2:0x80040fe4 x18=0xd98a91d0
     324145.000 ns	     32413	80006bf0	d01d9253	fcvt.s.wu	f4,x27	 x27:0x00000002  f4=0x40000000
     324515.000 ns	     32450	80006bf4	035c66b3	rem	x13,x24,x21	 x24:0x01000820 x21:0xffffff51 x13=0x00000079
     324535.000 ns	     32452	80006bf8	c4a9a497	auipc	x9,0xc4a9a	  x9=0x44aa0bf8
     324545.000 ns	     32453	80006bfc	a269b4b7	lui	x9,0xa269b	  x9=0xa269b000
     324555.000 ns	     32454	80006c00	01e85033	srl	x0,x16,x30	 x16:0x00000001 x30:0x00000324
     324565.000 ns	     32455	80006c04	00000013	addi	x0,x0,0	  x0:0x00000000
     324575.000 ns	     32456	80006c08	01305413	srli	x8,x0,0x13	  x0:0x00000000  x8=0x00000000
     324595.000 ns	     32458	80006c0c	e00d8353	fmv.x.w	x6,f27	 f27:0x80000000  x6=0x80000000
     324615.000 ns	     32460	80006c10	018d59b3	srl	x19,x26,x24	 x26:0x00000032 x24:0x01000820 x19=0x00000032
     324625.000 ns	     32461	80006c14	a8b8a737	lui	x14,0xa8b8a	 x14=0xa8b8a000
     324635.000 ns	     32462	80006c18	43af2093	slti	x1,x30,1082	 x30:0x00000324  x1=0x00000001
     324655.000 ns	     32464	80006c1c	c0147053	fcvt.wu.s	x0,f8	  f8:0xcd847512
     324685.000 ns	     32467	80006c20	d005ac53	fcvt.s.w	f24,x11	 x11:0x80000000 f24=0xcf000000
     324705.000 ns	     32469	80006c24	00cc2ab3	slt	x21,x24,x12	 x24:0x01000820 x12:0x598681ec x21=0x00000001
     324725.000 ns	     32471	80006c28	031a93b3	mulh	x7,x21,x17	 x21:0xffffff51 x17:0x00000fa7  x7=0x00000000
     324755.000 ns	     32474	80006c2c	205ba253	fsgnjx.s	f4,f23,f5	 f23:0x00000000  f5:0x7fc00000  f4=0x00000000
     325125.000 ns	     32511	80006c30	02dc70b3	remu	x1,x24,x13	 x24:0x01000820 x13:0x00000079  x1=0x00000069
     325175.000 ns	     32516	80006c34	08f2c253	fsub.s	f4,f5,f15	  f5:0x7fc00000 f15:0x4d847512  f4=0x7fc00000
     325545.000 ns	     32553	80006c38	02ce72b3	remu	x5,x28,x12	 x28:0x00000000 x12:0x598681ec  x5=0x00000000
     325575.000 ns	     32556	80006c3c	a17d0d53	fle.s	x26,f26,f23	 f26:0xcd8474df f23:0x00000000 x26=0x00000001
     325595.000 ns	     32558	80006c40	4eda7e13	andi	x28,x20,1261	 x20:0x000001ab x28=0x000000a9
     325625.000 ns	     32561	80006c44	111c70d3	fmul.s	f1,f24,f17	 f24:0xcf000000 f17:0x00000000  f1=0x80000000
     325655.000 ns	     32564	80006c48	214612d3	fsgnjn.s	f5,f12,f20	 f12:0xd3819414 f20:0x00000030  f5=0xd3819414
     325675.000 ns	     32566	80006c4c	b0d6a393	slti	x7,x13,-1267	 x13:0x00000079  x7=0x00000000
     325705.000 ns	     32569	80006c50	106e3853	fmul.s	f16,f28,f6	 f28:0x80000000  f6:0x00000001 f16=0x80000000
     326075.000 ns	     32606	80006c54	0395ea33	rem	x20,x11,x25	 x11:0x80000000 x25:0x70fe88b4 x20=0xf0fe88b4
     326445.000 ns	     32643	80006c58	039cc1b3	div	x3,x25,x25	 x25:0x70fe88b4 x25:0x70fe88b4  x3=0x00000001
     326465.000 ns	     32645	80006c5c	641cc813	xori	x16,x25,1601	 x25:0x70fe88b4 x16=0x70fe8ef5
     326495.000 ns	     32648	80006c60	100bfbd3	fmul.s	f23,f23,f0	 f23:0x00000000  f0:0x457a7000 f23=0x00000000
     326525.000 ns	     32651	80006c64	282817d3	fmax.s	f15,f16,f2	 f16:0x80000000  f2:0xcd847512 f15=0x80000000
     326545.000 ns	     32653	80006c68	019c5eb3	srl	x29,x24,x25	 x24:0x01000820 x25:0x70fe88b4 x29=0x00000010
     326555.000 ns	     32654	80006c6c	0020da93	srli	x21,x1,0x2	  x1:0x00000069 x21=0x0000001a
     326595.000 ns	     32658	80006c70	0997c353	fsub.s	f6,f15,f25	 f15:0x80000000 f25:0x457a7000  f6=0xc57a7000
     326615.000 ns	     32660	80006c74	013f1a93	slli	x21,x30,0x13	 x30:0x00000324 x21=0x19200000
     326635.000 ns	     32662	80006c78	02d39033	mulh	x0,x7,x13	  x7:0x00000000 x13:0x00000079
     326665.000 ns	     32665	80006c7c	f00c0153	fmv.w.x	f2,x24	 x24:0x01000820  f2=0x01000820
     326685.000 ns	     32667	80006c80	00000013	addi	x0,x0,0	  x0:0x00000000
     326695.000 ns	     32668	80006c84	01661613	slli	x12,x12,0x16	 x12:0x598681ec x12=0x7b000000
     326715.000 ns	     32670	80006c88	027106b3	mul	x13,x2,x7	  x2:0x80040fe4  x7:0x00000000 x13=0x00000000
     326745.000 ns	     32673	80006c8c	f0000253	fmv.w.x	f4,x0	  x0:0x00000000  f4=0x00000000
     326765.000 ns	     32675	80006c90	01da04b3	add	x9,x20,x29	 x20:0xf0fe88b4 x29:0x00000010  x9=0xf0fe88c4
     326785.000 ns	     32677	80006c94	a1a08d53	fle.s	x26,f1,f26	  f1:0x80000000 f26:0xcd8474df x26=0x00000000
     326815.000 ns	     32680	80006c98	d0178f53	fcvt.s.wu	f30,x15	 x15:0x00000007 f30=0x40e00000
     326845.000 ns	     32683	80006c9c	28e31953	fmax.s	f18,f6,f14	  f6:0xc57a7000 f14:0x5eff77e4 f18=0x5eff77e4
     326875.000 ns	     32686	80006ca0	d0129753	fcvt.s.wu	f14,x5	  x5:0x00000000 f14=0x00000000
     327245.000 ns	     32723	80006ca4	02196db3	rem	x27,x18,x1	 x18:0xd98a91d0  x1:0x00000069 x27=0xffffffa8
     327275.000 ns	     32726	80006ca8	20202cd3	fsgnjx.s	f25,f0,f2	  f0:0x457a7000  f2:0x01000820 f25=0x457a7000
     327305.000 ns	     32729	80006cac	a07ea953	feq.s	x18,f29,f7	 f29:0x7fc00000  f7:0x7fc00000 x18=0x00000000
     327325.000 ns	     32731	80006cb0	000a48b3	xor	x17,x20,x0	 x20:0xf0fe88b4  x0:0x00000000 x17=0xf0fe88b4
     327335.000 ns	     32732	80006cb4	00f878b3	and	x17,x16,x15	 x16:0x70fe8ef5 x15:0x00000007 x17=0x00000005
     327345.000 ns	     32733	80006cb8	1294c613	xori	x12,x9,297	  x9:0xf0fe88c4 x12=0xf0fe89ed
     327355.000 ns	     32734	80006cbc	01b0ad33	slt	x26,x1,x27	  x1:0x00000069 x27:0xffffffa8 x26=0x00000000
     327365.000 ns	     32735	80006cc0	ff65ae13	slti	x28,x11,-10	 x11:0x80000000 x28=0x00000001
     327375.000 ns	     32736	80006cc4	7c7636b7	lui	x13,0x7c763	 x13=0x7c763000
     327385.000 ns	     32737	80006cc8	0190d393	srli	x7,x1,0x19	  x1:0x00000069  x7=0x00000000
     327405.000 ns	     32739	80006ccc	a10c8653	fle.s	x12,f25,f16	 f25:0x457a7000 f16:0x80000000 x12=0x00000000
     327775.000 ns	     32776	80006cd0	03d0f3b3	remu	x7,x1,x29	  x1:0x00000069 x29:0x00000010  x7=0x00000009
     327805.000 ns	     32779	80006cd4	02173733	mulhu	x14,x14,x1	 x14:0xa8b8a000  x1:0x00000069 x14=0x00000045
     327825.000 ns	     32781	80006cd8	1fd2ca93	xori	x21,x5,509	  x5:0x00000000 x21=0x000001fd
     327835.000 ns	     32782	80006cdc	011a9c33	sll	x24,x21,x17	 x21:0x19200000 x17:0x00000005 x24=0x00003fa0
     327855.000 ns	     32784	80006ce0	a1532d53	feq.s	x26,f6,f21	  f6:0xc57a7000 f21:0x00000000 x26=0x00000000
     327885.000 ns	     32787	80006ce4	f0080dd3	fmv.w.x	f27,x16	 x16:0x70fe8ef5 f27=0x70fe8ef5
     327915.000 ns	     32790	80006ce8	0227beb3	mulhu	x29,x15,x2	 x15:0x00000007  x2:0x80040fe4 x29=0x00000003
     327935.000 ns	     32792	80006cec	96913937	lui	x18,0x96913	 x18=0x96913000
     328295.000 ns	     32828	80006cf0	02286333	rem	x6,x16,x2	 x16:0x70fe8ef5  x2:0x80040fe4  x6=0x70fe8ef5
     328635.000 ns	     32862	80006cf4	18cc4cd3	fdiv.s	f25,f24,f12	 f24:0xcf000000 f12:0xd3819414 f25=0x3a800000
     328655.000 ns	     32864	80006cf8	01fad3b3	srl	x7,x21,x31	 x21:0x000001fd x31:0x00000001  x7=0x000000fe
     329015.000 ns	     32900	80006cfc	03c3e633	rem	x12,x7,x28	  x7:0x00000009 x28:0x00000001 x12=0x00000000
     329045.000 ns	     32903	80006d00	a05e04d3	fle.s	x9,f28,f5	 f28:0x80000000  f5:0xd3819414  x9=0x00000000
     329065.000 ns	     32905	80006d04	c7403d17	auipc	x26,0xc7403	 x26=0x47409d04
     329085.000 ns	     32907	80006d08	03b217b3	mulh	x15,x4,x27	  x4:0x00001739 x27:0xffffffa8 x15=0xffffffff
     329105.000 ns	     32909	80006d0c	a805ef93	ori	x31,x11,-1408	 x11:0x80000000 x31=0xfffffa80
     329115.000 ns	     32910	80006d10	21f72e37	lui	x28,0x21f72	 x28=0x21f72000
     329135.000 ns	     32912	80006d14	e00a0dd3	fmv.x.w	x27,f20	 f20:0x00000030 x27=0x00000030
     329165.000 ns	     32915	80006d18	d01fa153	fcvt.s.wu	f2,x31	 x31:0xfffffa80  f2=0x4f7ffffb
     329215.000 ns	     32920	80006d1c	084f7653	fsub.s	f12,f30,f4	 f30:0x40e00000  f4:0x00000000 f12=0x40e00000
     329235.000 ns	     32922	80006d20	f82169b7	lui	x19,0xf8216	 x19=0xf8216000
     329255.000 ns	     32924	80006d24	a02da7d3	feq.s	x15,f27,f2	 f27:0x70fe8ef5  f2:0x4f7ffffb x15=0x00000000
     329285.000 ns	     32927	80006d28	e00c8553	fmv.x.w	x10,f25	 f25:0x3a800000 x10=0x3a800000
     329655.000 ns	     32964	80006d2c	039064b3	rem	x9,x0,x25	  x0:0x00000000 x25:0x70fe88b4  x9=0x00000000
     329695.000 ns	     32968	80006d30	11d076d3	fmul.s	f13,f0,f29	  f0:0x457a7000 f29:0x7fc00000 f13=0x7fc00000
     329715.000 ns	     32970	80006d34	01c31833	sll	x16,x6,x28	  x6:0x70fe8ef5 x28:0x21f72000 x16=0x70fe8ef5
     329735.000 ns	     32972	80006d38	f0028a53	fmv.w.x	f20,x5	  x5:0x00000000 f20=0x00000000
     329765.000 ns	     32975	80006d3c	f0060553	fmv.w.x	f10,x12	 x12:0x00000000 f10=0x00000000
     329785.000 ns	     32977	80006d40	007f6db3	or	x27,x30,x7	 x30:0x00000324  x7:0x000000fe x27=0x000003fe
     329795.000 ns	     32978	80006d44	00000013	addi	x0,x0,0	  x0:0x00000000
     329815.000 ns	     32980	80006d48	20dfaad3	fsgnjx.s	f21,f31,f13	 f31:0x7fc00000 f13:0x7fc00000 f21=0x7fc00000
     329845.000 ns	     32983	80006d4c	20071b53	fsgnjn.s	f22,f14,f0	 f14:0x00000000  f0:0x457a7000 f22=0x80000000
     329865.000 ns	     32985	80006d50	5f7f5c37	lui	x24,0x5f7f5	 x24=0x5f7f5000
     329885.000 ns	     32987	80006d54	218601d3	fsgnj.s	f3,f12,f24	 f12:0x40e00000 f24:0xcf000000  f3=0xc0e00000
     329915.000 ns	     32990	80006d58	d0060453	fcvt.s.w	f8,x12	 x12:0x00000000  f8=0x00000000
     330285.000 ns	     33027	80006d5c	0353c8b3	div	x17,x7,x21	  x7:0x000000fe x21:0x000001fd x17=0x00000000
     330315.000 ns	     33030	80006d60	a17ead53	feq.s	x26,f29,f23	 f29:0x7fc00000 f23:0x00000000 x26=0x00000000
     330345.000 ns	     33033	80006d64	20b518d3	fsgnjn.s	f17,f10,f11	 f10:0x00000000 f11:0xcd847512 f17=0x00000000
     330375.000 ns	     33036	80006d68	030f0fb3	mul	x31,x30,x16	 x30:0x00000324 x16:0x70fe8ef5 x31=0xdf78f974
     330395.000 ns	     33038	80006d6c	01db0033	add	x0,x22,x29	 x22:0x80041024 x29:0x00000003
     330415.000 ns	     33040	80006d70	c00300d3	fcvt.w.s	x1,f6	  f6:0xc57a7000  x1=0xfffff059
     330445.000 ns	     33043	80006d74	a1ad12d3	flt.s	x5,f26,f26	 f26:0xcd8474df f26:0xcd8474df  x5=0x00000000
     330465.000 ns	     33045	80006d78	78f44093	xori	x1,x8,1935	  x8:0x00000000  x1=0x0000078f
     330485.000 ns	     33047	80006d7c	c00df053	fcvt.w.s	x0,f27	 f27:0x70fe8ef5
     330515.000 ns	     33050	80006d80	037c08b3	mul	x17,x24,x23	 x24:0x5f7f5000 x23:0x70fe8681 x17=0x23075000
     330535.000 ns	     33052	80006d84	897b0e93	addi	x29,x22,-1897	 x22:0x80041024 x29=0x800408bb
     330555.000 ns	     33054	80006d88	a1ea2ed3	feq.s	x29,f20,f30	 f20:0x00000000 f30:0x40e00000 x29=0x00000000
     330575.000 ns	     33056	80006d8c	e2410093	addi	x1,x2,-476	  x2:0x80040fe4  x1=0x80040e08
     330615.000 ns	     33060	80006d90	08e4f853	fsub.s	f16,f9,f14	  f9:0x4d847512 f14:0x00000000 f16=0x4d847512
     330645.000 ns	     33063	80006d94	0364b033	mulhu	x0,x9,x22	  x9:0x00000000 x22:0x80041024
     330675.000 ns	     33066	80006d98	02fcc8b3	div	x17,x25,x15	 x25:0x70fe88b4 x15:0x00000000 x17=0xffffffff
     330695.000 ns	     33068	80006d9c	01cedb93	srli	x23,x29,0x1c	 x29:0x00000000 x23=0x00000000
     330705.000 ns	     33069	80006da0	066b7413	andi	x8,x22,102	 x22:0x80041024  x8=0x00000024
     330725.000 ns	     33071	80006da4	02cac733	div	x14,x21,x12	 x21:0x000001fd x12:0x00000000 x14=0xffffffff
     330765.000 ns	     33075	80006da8	58057353	fsqrt.s	f6,f10	 f10:0x00000000  f6=0x00000000
     330795.000 ns	     33078	80006dac	20b882d3	fsgnj.s	f5,f17,f11	 f17:0x00000000 f11:0xcd847512  f5=0x80000000
     330815.000 ns	     33080	80006db0	55d53193	sltiu	x3,x10,1373	 x10:0x3a800000  x3=0x00000000
     330835.000 ns	     33082	80006db4	a02a04d3	fle.s	x9,f20,f2	 f20:0x00000000  f2:0x4f7ffffb  x9=0x00000001
     330855.000 ns	     33084	80006db8	7c503e93	sltiu	x29,x0,1989	  x0:0x00000000 x29=0x00000001
     330875.000 ns	     33086	80006dbc	02b70033	mul	x0,x14,x11	 x14:0xffffffff x11:0x80000000
     330905.000 ns	     33089	80006dc0	d012fd53	fcvt.s.wu	f26,x5	  x5:0x00000000 f26=0x00000000
     330925.000 ns	     33091	80006dc4	01bd3fb3	sltu	x31,x26,x27	 x26:0x00000000 x27:0x000003fe x31=0x00000001
     330935.000 ns	     33092	80006dc8	b6cd3d13	sltiu	x26,x26,-1172	 x26:0x00000000 x26=0x00000001
     330955.000 ns	     33094	80006dcc	c0097253	fcvt.w.s	x4,f18	 f18:0x5eff77e4  x4=0x7fffffff
     330975.000 ns	     33096	80006dd0	01cee1b3	or	x3,x29,x28	 x29:0x00000001 x28:0x21f72000  x3=0x21f72001
     330985.000 ns	     33097	80006dd4	9c828213	addi	x4,x5,-1592	  x5:0x00000000  x4=0xfffff9c8
     331005.000 ns	     33099	80006dd8	21580ed3	fsgnj.s	f29,f16,f21	 f16:0x4d847512 f21:0x7fc00000 f29=0x4d847512
     331035.000 ns	     33102	80006ddc	02c617b3	mulh	x15,x12,x12	 x12:0x00000000 x12:0x00000000 x15=0x00000000
     331065.000 ns	     33105	80006de0	02da30b3	mulhu	x1,x20,x13	 x20:0xf0fe88b4 x13:0x7c763000  x1=0x752a8cb9
     331085.000 ns	     33107	80006de4	01c95193	srli	x3,x18,0x1c	 x18:0x96913000  x3=0x00000009
     331105.000 ns	     33109	80006de8	a1a91e53	flt.s	x28,f18,f26	 f18:0x5eff77e4 f26:0x00000000 x28=0x00000000
     331135.000 ns	     33112	80006dec	a0dc2ad3	feq.s	x21,f24,f13	 f24:0xcf000000 f13:0x7fc00000 x21=0x00000000
     331185.000 ns	     33117	80006df0	09527ed3	fsub.s	f29,f4,f21	  f4:0x00000000 f21:0x7fc00000 f29=0x7fc00000
     331205.000 ns	     33119	80006df4	00e5d6b3	srl	x13,x11,x14	 x11:0x80000000 x14:0xffffffff x13=0x00000001
     331225.000 ns	     33121	80006df8	29630fd3	fmin.s	f31,f6,f22	  f6:0x00000000 f22:0x80000000 f31=0x80000000
     331265.000 ns	     33125	80006dfc	197b7053	fdiv.s	f0,f22,f23	 f22:0x80000000 f23:0x00000000  f0=0x7fc00000
     331285.000 ns	     33127	80006e00	00576e33	or	x28,x14,x5	 x14:0xffffffff  x5:0x00000000 x28=0xffffffff
     331645.000 ns	     33163	80006e04	0341c0b3	div	x1,x3,x20	  x3:0x00000009 x20:0xf0fe88b4  x1=0x00000000
     331675.000 ns	     33166	80006e08	c017f853	fcvt.wu.s	x16,f15	 f15:0x80000000 x16=0x00000000
     331725.000 ns	     33171	80006e0c	093b3ad3	fsub.s	f21,f22,f19	 f22:0x80000000 f19:0x4ae2043c f21=0xcae2043c
     331755.000 ns	     33174	80006e10	a1369453	flt.s	x8,f13,f19	 f13:0x7fc00000 f19:0x4ae2043c  x8=0x00000000
     331795.000 ns	     33178	80006e14	5806afd3	fsqrt.s	f31,f13	 f13:0x7fc00000 f31=0x7fc00000
     331815.000 ns	     33180	80006e18	01675b93	srli	x23,x14,0x16	 x14:0xffffffff x23=0x000003ff
     332175.000 ns	     33216	80006e1c	0292e7b3	rem	x15,x5,x9	  x5:0x00000000  x9:0x00000001 x15=0x00000000
     332225.000 ns	     33221	80006e20	09577153	fsub.s	f2,f14,f21	 f14:0x00000000 f21:0xcae2043c  f2=0x4ae2043c
     332255.000 ns	     33224	80006e24	02f393b3	mulh	x7,x7,x15	  x7:0x000000fe x15:0x00000000  x7=0x00000000
     332275.000 ns	     33226	80006e28	015a2fb3	slt	x31,x20,x21	 x20:0xf0fe88b4 x21:0x00000000 x31=0x00000001
     332285.000 ns	     33227	80006e2c	413151b3	sra	x3,x2,x19	  x2:0x80040fe4 x19:0xf8216000  x3=0x80040fe4
     332295.000 ns	     33228	80006e30	0069ad33	slt	x26,x19,x6	 x19:0xf8216000  x6:0x70fe8ef5 x26=0x00000001
     332315.000 ns	     33230	80006e34	0381bf33	mulhu	x30,x3,x24	  x3:0x00000009 x24:0x5f7f5000 x30=0x2fc12bea
     332345.000 ns	     33233	80006e38	287d1753	fmax.s	f14,f26,f7	 f26:0x00000000  f7:0x7fc00000 f14=0x00000000
     332365.000 ns	     33235	80006e3c	5323d237	lui	x4,0x5323d	  x4=0x5323d000
     332375.000 ns	     33236	80006e40	0091cbb3	xor	x23,x3,x9	  x3:0x80040fe4  x9:0x00000001 x23=0x80040fe5
     332405.000 ns	     33239	80006e44	102b3dd3	fmul.s	f27,f22,f2	 f22:0x80000000  f2:0x4ae2043c f27=0x80000000
     332425.000 ns	     33241	80006e48	0111b633	sltu	x12,x3,x17	  x3:0x80040fe4 x17:0xffffffff x12=0x00000001
     332445.000 ns	     33243	80006e4c	296b1f53	fmax.s	f30,f22,f22	 f22:0x80000000 f22:0x80000000 f30=0x80000000
     332465.000 ns	     33245	80006e50	ccfebc13	sltiu	x24,x29,-817	 x29:0x00000001 x24=0x00000001
     332475.000 ns	     33246	80006e54	419f5d13	srai	x26,x30,0x19	 x30:0x2fc12bea x26=0x00000017
     332495.000 ns	     33248	80006e58	a0aa2453	feq.s	x8,f20,f10	 f20:0x00000000 f10:0x00000000  x8=0x00000001
     332525.000 ns	     33251	80006e5c	a1fb0353	fle.s	x6,f22,f31	 f22:0x80000000 f31:0x7fc00000  x6=0x00000000
     332555.000 ns	     33254	80006e60	a0bea453	feq.s	x8,f29,f11	 f29:0x7fc00000 f11:0xcd847512  x8=0x00000000
     332585.000 ns	     33257	80006e64	e0048bd3	fmv.x.w	x23,f9	  f9:0x4d847512 x23=0x4d847512
     332605.000 ns	     33259	80006e68	00b37233	and	x4,x6,x11	  x6:0x00000000 x11:0x80000000  x4=0x00000000
     332625.000 ns	     33261	80006e6c	a1038853	fle.s	x16,f7,f16	  f7:0x7fc00000 f16:0x4d847512 x16=0x00000000
     332995.000 ns	     33298	80006e70	039159b3	divu	x19,x2,x25	  x2:0x80040fe4 x25:0x70fe88b4 x19=0x00000001
     333045.000 ns	     33303	80006e74	019477d3	fadd.s	f15,f8,f25	  f8:0x00000000 f25:0x3a800000 f15=0x3a800000
     333075.000 ns	     33306	80006e78	d01a1153	fcvt.s.wu	f2,x20	 x20:0xf0fe88b4  f2=0x4f70fe88
     333115.000 ns	     33310	80006e7c	18547553	fdiv.s	f10,f8,f5	  f8:0x00000000  f5:0x80000000 f10=0x7fc00000
     333135.000 ns	     33312	80006e80	173ba413	slti	x8,x23,371	 x23:0x4d847512  x8=0x00000000
     333155.000 ns	     33314	80006e84	a0130253	fle.s	x4,f6,f1	  f6:0x00000000  f1:0x80000000  x4=0x00000001
     333175.000 ns	     33316	80006e88	00a520b3	slt	x1,x10,x10	 x10:0x3a800000 x10:0x3a800000  x1=0x00000000
     333195.000 ns	     33318	80006e8c	03b18ab3	mul	x21,x3,x27	  x3:0x80040fe4 x27:0x000003fe x21=0x10377038
     333215.000 ns	     33320	80006e90	f9502337	lui	x6,0xf9502	  x6=0xf9502000
     333245.000 ns	     33323	80006e94	19a62a53	fdiv.s	f20,f12,f26	 f12:0x40e00000 f26:0x00000000 f20=0x7f800000
     333275.000 ns	     33326	80006e98	02381933	mulh	x18,x16,x3	 x16:0x00000000  x3:0x80040fe4 x18=0x00000000
     333305.000 ns	     33329	80006e9c	a04e9bd3	flt.s	x23,f29,f4	 f29:0x7fc00000  f4:0x00000000 x23=0x00000000
     333325.000 ns	     33331	80006ea0	909d6013	ori	x0,x26,-1783	 x26:0x00000017
     333335.000 ns	     33332	80006ea4	010d5c33	srl	x24,x26,x16	 x26:0x00000017 x16:0x00000000 x24=0x00000017
     333345.000 ns	     33333	80006ea8	017dd433	srl	x8,x27,x23	 x27:0x000003fe x23:0x00000000  x8=0x000003fe
     333365.000 ns	     33335	80006eac	02210233	mul	x4,x2,x2	  x2:0x80040fe4  x2:0x80040fe4  x4=0x801c8310
     333385.000 ns	     33337	80006eb0	3a19e213	ori	x4,x19,929	 x19:0x00000001  x4=0x000003a1
     333745.000 ns	     33373	80006eb4	03696c33	rem	x24,x18,x22	 x18:0x00000000 x22:0x80041024 x24=0x00000000
     334115.000 ns	     33410	80006eb8	022be833	rem	x16,x23,x2	 x23:0x00000000  x2:0x80040fe4 x16=0x00000000
     334135.000 ns	     33412	80006ebc	7e4eef93	ori	x31,x29,2020	 x29:0x00000001 x31=0x000007e5
     334155.000 ns	     33414	80006ec0	03bc9cb3	mulh	x25,x25,x27	 x25:0x70fe88b4 x27:0x000003fe x25=0x000001c3
     334175.000 ns	     33416	80006ec4	000cd2b3	srl	x5,x25,x0	 x25:0x70fe88b4  x0:0x00000000  x5=0x000001c3
     334185.000 ns	     33417	80006ec8	0029ddb3	srl	x27,x19,x2	 x19:0x00000001  x2:0x80040fe4 x27=0x00000000
     334205.000 ns	     33419	80006ecc	e0049dd3	fclass.s	x27,f9	  f9:0x4d847512 x27=0x00000040
     334225.000 ns	     33421	80006ed0	09be0e93	addi	x29,x28,155	 x28:0xffffffff x29=0x0000009a
     334235.000 ns	     33422	80006ed4	0027d413	srli	x8,x15,0x2	 x15:0x00000000  x8=0x00000000
     334255.000 ns	     33424	80006ed8	02d83f33	mulhu	x30,x16,x13	 x16:0x00000000 x13:0x00000001 x30=0x00000000
     334625.000 ns	     33461	80006edc	03bcf033	remu	x0,x25,x27	 x25:0x000001c3 x27:0x00000040
     334645.000 ns	     33463	80006ee0	f9877f13	andi	x30,x14,-104	 x14:0xffffffff x30=0xffffff98
     334665.000 ns	     33465	80006ee4	219619d3	fsgnjn.s	f19,f12,f25	 f12:0x40e00000 f25:0x3a800000 f19=0xc0e00000
     334685.000 ns	     33467	80006ee8	01444fb3	xor	x31,x8,x20	  x8:0x00000000 x20:0xf0fe88b4 x31=0xf0fe88b4
     334695.000 ns	     33468	80006eec	26d9c913	xori	x18,x19,621	 x19:0x00000001 x18=0x0000026c
     334715.000 ns	     33470	80006ef0	03e38433	mul	x8,x7,x30	  x7:0x00000000 x30:0xffffff98  x8=0x00000000
     335085.000 ns	     33507	80006ef4	02a8deb3	divu	x29,x17,x10	 x17:0xffffffff x10:0x3a800000 x29=0x00000004
     335115.000 ns	     33510	80006ef8	f00b8bd3	fmv.w.x	f23,x23	 x23:0x00000000 f23=0x00000000
     335485.000 ns	     33547	80006efc	03b45eb3	divu	x29,x8,x27	  x8:0x00000000 x27:0x00000040 x29=0x00000000
     335505.000 ns	     33549	80006f00	00f89d93	slli	x27,x17,0xf	 x17:0xffffffff x27=0xffff8000
     335525.000 ns	     33551	80006f04	d01d7ad3	fcvt.s.wu	f21,x26	 x26:0x00000017 f21=0x41b80000
     335555.000 ns	     33554	80006f08	03817233	remu	x4,x2,x24	  x2:0x80040fe4 x24:0x00000000  x4=0x80040fe4
     335575.000 ns	     33556	80006f0c	01f95193	srli	x3,x18,0x1f	 x18:0x0000026c  x3=0x00000000
     335585.000 ns	     33557	80006f10	a456b993	sltiu	x19,x13,-1467	 x13:0x00000001 x19=0x00000001
     335625.000 ns	     33561	80006f14	08a005d3	fsub.s	f11,f0,f10	  f0:0x7fc00000 f10:0x7fc00000 f11=0x7fc00000
     335655.000 ns	     33564	80006f18	a03004d3	fle.s	x9,f0,f3	  f0:0x7fc00000  f3:0xc0e00000  x9=0x00000000
     335675.000 ns	     33566	80006f1c	faf4b693	sltiu	x13,x9,-81	  x9:0x00000001 x13=0x00000001
     335715.000 ns	     33570	80006f20	08c9cfd3	fsub.s	f31,f19,f12	 f19:0xc0e00000 f12:0x40e00000 f31=0xc1600000
     335735.000 ns	     33572	80006f24	0024d3b3	srl	x7,x9,x2	  x9:0x00000000  x2:0x80040fe4  x7=0x00000000
     335745.000 ns	     33573	80006f28	41eb81b3	sub	x3,x23,x30	 x23:0x00000000 x30:0xffffff98  x3=0x00000068
     335755.000 ns	     33574	80006f2c	4814a793	slti	x15,x9,1153	  x9:0x00000000 x15=0x00000001
     335785.000 ns	     33577	80006f30	18a68753	fdiv.s	f14,f13,f10	 f13:0x7fc00000 f10:0x7fc00000 f14=0x7fc00000
     335815.000 ns	     33580	80006f34	c0077753	fcvt.w.s	x14,f14	 f14:0x00000000 x14=0x7fffffff
     335835.000 ns	     33582	80006f38	ad0922b7	lui	x5,0xad092	  x5=0xad092000
     335865.000 ns	     33585	80006f3c	10f1f2d3	fmul.s	f5,f3,f15	  f3:0xc0e00000 f15:0x3a800000  f5=0xbbe00000
     335885.000 ns	     33587	80006f40	402d83b3	sub	x7,x27,x2	 x27:0xffff8000  x2:0x80040fe4  x7=0x7ffb701c
     335905.000 ns	     33589	80006f44	f00203d3	fmv.w.x	f7,x4	  x4:0x80040fe4  f7=0x80040fe4
     335925.000 ns	     33591	80006f48	fef08413	addi	x8,x1,-17	  x1:0x00000000  x8=0xffffffef
     335945.000 ns	     33593	80006f4c	03d5b6b3	mulhu	x13,x11,x29	 x11:0x80000000 x29:0x00000000 x13=0x00000000
     335995.000 ns	     33598	80006f50	09bd1dd3	fsub.s	f27,f26,f27	 f26:0x00000000 f27:0x80000000 f27=0x00000000
     336025.000 ns	     33601	80006f54	a03ca653	feq.s	x12,f25,f3	 f25:0x3a800000  f3:0xc0e00000 x12=0x00000000
     336055.000 ns	     33604	80006f58	a1cb00d3	fle.s	x1,f22,f28	 f22:0x80000000 f28:0x80000000  x1=0x00000001
     336075.000 ns	     33606	80006f5c	01fad493	srli	x9,x21,0x1f	 x21:0x10377038  x9=0x00000000
     336095.000 ns	     33608	80006f60	02d431b3	mulhu	x3,x8,x13	  x8:0xffffffef x13:0x00000000  x3=0x00000000
     336135.000 ns	     33612	80006f64	19b4fe53	fdiv.s	f28,f9,f27	  f9:0x4d847512 f27:0x00000000 f28=0x7f800000
     336165.000 ns	     33615	80006f68	f0060053	fmv.w.x	f0,x12	 x12:0x00000000  f0=0x00000000
     336195.000 ns	     33618	80006f6c	2085af53	fsgnjx.s	f30,f11,f8	 f11:0x7fc00000  f8:0x00000000 f30=0x7fc00000
     336225.000 ns	     33621	80006f70	d00e7553	fcvt.s.w	f10,x28	 x28:0xffffffff f10=0xbf800000
     336595.000 ns	     33658	80006f74	03f7c1b3	div	x3,x15,x31	 x15:0x00000001 x31:0xf0fe88b4  x3=0x00000000
     336615.000 ns	     33660	80006f78	00000013	addi	x0,x0,0	  x0:0x00000000
     336625.000 ns	     33661	80006f7c	01bbedb3	or	x27,x23,x27	 x23:0x00000000 x27:0xffff8000 x27=0xffff8000
     336645.000 ns	     33663	80006f80	03a32e33	mulhsu	x28,x6,x26	  x6:0xf9502000 x26:0x00000017 x28=0xffffffff
     336665.000 ns	     33665	80006f84	01f174b3	and	x9,x2,x31	  x2:0x80040fe4 x31:0xf0fe88b4  x9=0x800408a4
     336675.000 ns	     33666	80006f88	01c5d4b3	srl	x9,x11,x28	 x11:0x80000000 x28:0xffffffff  x9=0x00000001
     336695.000 ns	     33668	80006f8c	e00499d3	fclass.s	x19,f9	  f9:0x4d847512 x19=0x00000040
     336715.000 ns	     33670	80006f90	00a0bfb3	sltu	x31,x1,x10	  x1:0x00000001 x10:0x3a800000 x31=0x00000001
     336725.000 ns	     33671	80006f94	92473a93	sltiu	x21,x14,-1756	 x14:0x7fffffff x21=0x00000001
     336735.000 ns	     33672	80006f98	1fe38193	addi	x3,x7,510	  x7:0x7ffb701c  x3=0x7ffb721a
     337095.000 ns	     33708	80006f9c	02284333	div	x6,x16,x2	 x16:0x00000000  x2:0x80040fe4  x6=0x00000000
     337115.000 ns	     33710	80006fa0	00ec5bb3	srl	x23,x24,x14	 x24:0x00000000 x14:0x7fffffff x23=0x00000000
     337125.000 ns	     33711	80006fa4	0069d013	srli	x0,x19,0x6	 x19:0x00000040
     337145.000 ns	     33713	80006fa8	024f37b3	mulhu	x15,x30,x4	 x30:0xffffff98  x4:0x80040fe4 x15=0x80040faf
     337165.000 ns	     33715	80006fac	7f3fc093	xori	x1,x31,2035	 x31:0x00000001  x1=0x000007f2
     337175.000 ns	     33716	80006fb0	08883037	lui	x0,0x8883	
     337185.000 ns	     33717	80006fb4	a030c613	xori	x12,x1,-1533	  x1:0x00000001 x12=0xfffffdf1
     337205.000 ns	     33719	80006fb8	28690cd3	fmin.s	f25,f18,f6	 f18:0x5eff77e4  f6:0x00000000 f25=0x00000000
     337235.000 ns	     33722	80006fbc	e0060553	fmv.x.w	x10,f12	 f12:0x40e00000 x10=0x40e00000
     337265.000 ns	     33725	80006fc0	03815933	divu	x18,x2,x24	  x2:0x80040fe4 x24:0x00000000 x18=0xffffffff
     337285.000 ns	     33727	80006fc4	00629533	sll	x10,x5,x6	  x5:0xad092000  x6:0x00000000 x10=0xad092000
     337645.000 ns	     33763	80006fc8	03aa70b3	remu	x1,x20,x26	 x20:0xf0fe88b4 x26:0x00000017  x1=0x00000010
     337675.000 ns	     33766	80006fcc	0264dfb3	divu	x31,x9,x6	  x9:0x00000001  x6:0x00000000 x31=0xffffffff
     337705.000 ns	     33769	80006fd0	21f7ab53	fsgnjx.s	f22,f15,f31	 f15:0x3a800000 f31:0xc1600000 f22=0xba800000
     337725.000 ns	     33771	80006fd4	01a7da13	srli	x20,x15,0x1a	 x15:0x80040faf x20=0x00000020
     337735.000 ns	     33772	80006fd8	41555693	srai	x13,x10,0x15	 x10:0xad092000 x13=0xfffffd68
     337745.000 ns	     33773	80006fdc	01cc9d93	slli	x27,x25,0x1c	 x25:0x000001c3 x27=0x30000000
     337755.000 ns	     33774	80006fe0	8ab3fd93	andi	x27,x7,-1877	  x7:0x7ffb701c x27=0x7ffb7008
     337775.000 ns	     33776	80006fe4	209584d3	fsgnj.s	f9,f11,f9	 f11:0x7fc00000  f9:0x4d847512  f9=0x7fc00000
     337795.000 ns	     33778	80006fe8	3f1e8913	addi	x18,x29,1009	 x29:0x00000000 x18=0x000003f1
     337805.000 ns	     33779	80006fec	b877bd93	sltiu	x27,x15,-1145	 x15:0x80040faf x27=0x00000001
     337825.000 ns	     33781	80006ff0	e00f1253	fclass.s	x4,f30	 f30:0x7fc00000  x4=0x00000200
     337855.000 ns	     33784	80006ff4	21a89353	fsgnjn.s	f6,f17,f26	 f17:0x00000000 f26:0x00000000  f6=0x80000000
     337875.000 ns	     33786	80006ff8	00000013	addi	x0,x0,0	  x0:0x00000000
     337905.000 ns	     33789	80006ffc	11097fd3	fmul.s	f31,f18,f16	 f18:0x5eff77e4 f16:0x4d847512 f31=0x6d042ea5
     337955.000 ns	     33794	80007000	01ea7153	fadd.s	f2,f20,f30	 f20:0x7f800000 f30:0x7fc00000  f2=0x7fc00000
     337975.000 ns	     33796	80007004	40078eb3	sub	x29,x15,x0	 x15:0x80040faf  x0:0x00000000 x29=0x80040faf
     337995.000 ns	     33798	80007008	f00682d3	fmv.w.x	f5,x13	 x13:0xfffffd68  f5=0xfffffd68
     338025.000 ns	     33801	8000700c	201328d3	fsgnjx.s	f17,f6,f1	  f6:0x80000000  f1:0x80000000 f17=0x00000000
     338045.000 ns	     33803	80007010	01de97b3	sll	x15,x29,x29	 x29:0x80040faf x29:0x80040faf x15=0x07d78000
     338055.000 ns	     33804	80007014	94630793	addi	x15,x6,-1722	  x6:0x00000000 x15=0xfffff946
     338065.000 ns	     33805	80007018	00e11a13	slli	x20,x2,0xe	  x2:0x80040fe4 x20=0x03f90000
     338075.000 ns	     33806	8000701c	00c39c33	sll	x24,x7,x12	  x7:0x7ffb701c x12:0xfffffdf1 x24=0xe0380000
     338115.000 ns	     33810	80007020	0829fcd3	fsub.s	f25,f19,f2	 f19:0xc0e00000  f2:0x7fc00000 f25=0x7fc00000
     338135.000 ns	     33812	80007024	00000013	addi	x0,x0,0	  x0:0x00000000
     338145.000 ns	     33813	80007028	40d65193	srai	x3,x12,0xd	 x12:0xfffffdf1  x3=0xffffffff
     338165.000 ns	     33815	8000702c	20fb27d3	fsgnjx.s	f15,f22,f15	 f22:0xba800000 f15:0x3a800000 f15=0xba800000
     338185.000 ns	     33817	80007030	6422fab7	lui	x21,0x6422f	 x21=0x6422f000
     338205.000 ns	     33819	80007034	02ecb433	mulhu	x8,x25,x14	 x25:0x000001c3 x14:0x7fffffff  x8=0x000000e1
     338235.000 ns	     33822	80007038	207d9b53	fsgnjn.s	f22,f27,f7	 f27:0x00000000  f7:0x80040fe4 f22=0x00000000
     338255.000 ns	     33824	8000703c	7d398793	addi	x15,x19,2003	 x19:0x00000040 x15=0x00000813
     338265.000 ns	     33825	80007040	00a66033	or	x0,x12,x10	 x12:0xfffffdf1 x10:0xad092000
     338275.000 ns	     33826	80007044	00967633	and	x12,x12,x9	 x12:0xfffffdf1  x9:0x00000001 x12=0x00000001
     338285.000 ns	     33827	80007048	00bfd693	srli	x13,x31,0xb	 x31:0xffffffff x13=0x001fffff
     338295.000 ns	     33828	8000704c	015d6f33	or	x30,x26,x21	 x26:0x00000017 x21:0x6422f000 x30=0x6422f017
     338305.000 ns	     33829	80007050	e0f56c13	ori	x24,x10,-497	 x10:0xad092000 x24=0xfffffe0f
     338315.000 ns	     33830	80007054	000294b3	sll	x9,x5,x0	  x5:0xad092000  x0:0x00000000  x9=0xad092000
     338335.000 ns	     33832	80007058	a12c98d3	flt.s	x17,f25,f18	 f25:0x7fc00000 f18:0x5eff77e4 x17=0x00000000
     338365.000 ns	     33835	8000705c	d01c1cd3	fcvt.s.wu	f25,x24	 x24:0xfffffe0f f25=0x4f7ffffe
     338735.000 ns	     33872	80007060	03fa57b3	divu	x15,x20,x31	 x20:0x03f90000 x31:0xffffffff x15=0x00000000
     338755.000 ns	     33874	80007064	0032fab3	and	x21,x5,x3	  x5:0xad092000  x3:0xffffffff x21=0xad092000
     338765.000 ns	     33875	80007068	01dbb233	sltu	x4,x23,x29	 x23:0x00000000 x29:0x80040faf  x4=0x00000001
     338785.000 ns	     33877	8000706c	a1c40ed3	fle.s	x29,f8,f28	  f8:0x00000000 f28:0x7f800000 x29=0x00000001
     338805.000 ns	     33879	80007070	00a62ab3	slt	x21,x12,x10	 x12:0x00000001 x10:0xad092000 x21=0x00000000
     338825.000 ns	     33881	80007074	03268933	mul	x18,x13,x18	 x13:0x001fffff x18:0x000003f1 x18=0x7e1ffc0f
     338845.000 ns	     33883	80007078	01621313	slli	x6,x4,0x16	  x4:0x00000001  x6=0x00400000
     338875.000 ns	     33886	8000707c	580f1d53	fsqrt.s	f26,f30	 f30:0x7fc00000 f26=0x7fc00000
     338895.000 ns	     33888	80007080	011e1e33	sll	x28,x28,x17	 x28:0xffffffff x17:0x00000000 x28=0xffffffff
     338915.000 ns	     33890	80007084	02f5fab3	remu	x21,x11,x15	 x11:0x80000000 x15:0x00000000 x21=0x80000000
     338935.000 ns	     33892	80007088	d57526b7	lui	x13,0xd5752	 x13=0xd5752000
     338955.000 ns	     33894	8000708c	02fd0db3	mul	x27,x26,x15	 x26:0x00000017 x15:0x00000000 x27=0x00000000
     338985.000 ns	     33897	80007090	29ba9553	fmax.s	f10,f21,f27	 f21:0x41b80000 f27:0x00000000 f10=0x41b80000
     339005.000 ns	     33899	80007094	16542f13	slti	x30,x8,357	  x8:0x000000e1 x30=0x00000001
     339015.000 ns	     33900	80007098	e1b93c97	auipc	x25,0xe1b93	 x25=0x61b9a098
     339035.000 ns	     33902	8000709c	d01ef553	fcvt.s.wu	f10,x29	 x29:0x00000001 f10=0x3f800000
     339065.000 ns	     33905	800070a0	c012f053	fcvt.wu.s	x0,f5	  f5:0xfffffd68
     339095.000 ns	     33908	800070a4	f00783d3	fmv.w.x	f7,x15	 x15:0x00000000  f7=0x00000000
     339125.000 ns	     33911	800070a8	d017f353	fcvt.s.wu	f6,x15	 x15:0x00000000  f6=0x00000000
     339145.000 ns	     33913	800070ac	00c1ac33	slt	x24,x3,x12	  x3:0xffffffff x12:0x00000001 x24=0x00000001
     339505.000 ns	     33949	800070b0	036a5c33	divu	x24,x20,x22	 x20:0x03f90000 x22:0x80041024 x24=0x00000000
     339545.000 ns	     33953	800070b4	19ccf353	fdiv.s	f6,f25,f28	 f25:0x4f7ffffe f28:0x7f800000  f6=0x00000000
     339595.000 ns	     33958	800070b8	0028f2d3	fadd.s	f5,f17,f2	 f17:0x00000000  f2:0x7fc00000  f5=0x7fc00000
     339615.000 ns	     33960	800070bc	00f3b1b3	sltu	x3,x7,x15	  x7:0x7ffb701c x15:0x00000000  x3=0x00000000
     339635.000 ns	     33962	800070c0	02368633	mul	x12,x13,x3	 x13:0xd5752000  x3:0xffffffff x12=0x00000000
     339655.000 ns	     33964	800070c4	01ce1713	slli	x14,x28,0x1c	 x28:0xffffffff x14=0xf0000000
     339675.000 ns	     33966	800070c8	c00e0bd3	fcvt.w.s	x23,f28	 f28:0x7f800000 x23=0x7fffffff
     339705.000 ns	     33969	800070cc	209eaf53	fsgnjx.s	f30,f29,f9	 f29:0x7fc00000  f9:0x7fc00000 f30=0x7fc00000
     339735.000 ns	     33972	800070d0	d0003bd3	fcvt.s.w	f23,x0	  x0:0x00000000 f23=0x00000000
     339755.000 ns	     33974	800070d4	25872813	slti	x16,x14,600	 x14:0xf0000000 x16=0x00000001
     339775.000 ns	     33976	800070d8	288b07d3	fmin.s	f15,f22,f8	 f22:0x00000000  f8:0x00000000 f15=0x00000000
     339805.000 ns	     33979	800070dc	205d0153	fsgnj.s	f2,f26,f5	 f26:0x7fc00000  f5:0x7fc00000  f2=0x7fc00000
     339835.000 ns	     33982	800070e0	21c42ed3	fsgnjx.s	f29,f8,f28	  f8:0x00000000 f28:0x7f800000 f29=0x00000000
     339855.000 ns	     33984	800070e4	015b9c13	slli	x24,x23,0x15	 x23:0x7fffffff x24=0xffe00000
     339865.000 ns	     33985	800070e8	aaf1c893	xori	x17,x3,-1361	  x3:0x00000000 x17=0xfffffaaf
     339885.000 ns	     33987	800070ec	28a21153	fmax.s	f2,f4,f10	  f4:0x00000000 f10:0x3f800000  f2=0x3f800000
     339915.000 ns	     33990	800070f0	a1f02753	feq.s	x14,f0,f31	  f0:0x00000000 f31:0x6d042ea5 x14=0x00000000
     339935.000 ns	     33992	800070f4	403f89b3	sub	x19,x31,x3	 x31:0xffffffff  x3:0x00000000 x19=0xffffffff
     339945.000 ns	     33993	800070f8	01161393	slli	x7,x12,0x11	 x12:0x00000000  x7=0x00000000
     339955.000 ns	     33994	800070fc	0089a8b3	slt	x17,x19,x8	 x19:0x00000040  x8:0x000000e1 x17=0x00000001
     339975.000 ns	     33996	80007100	d0091453	fcvt.s.w	f8,x18	 x18:0x7e1ffc0f  f8=0x4efc3ff8
     339995.000 ns	     33998	80007104	01dd3fb3	sltu	x31,x26,x29	 x26:0x00000017 x29:0x00000001 x31=0x00000000
     340355.000 ns	     34034	80007108	033df3b3	remu	x7,x27,x19	 x27:0x00000000 x19:0xffffffff  x7=0x00000000
     340385.000 ns	     34037	8000710c	0218af33	mulhsu	x30,x17,x1	 x17:0x00000001  x1:0x00000010 x30=0x00000000
     340435.000 ns	     34042	80007110	01be1d53	fadd.s	f26,f28,f27	 f28:0x7f800000 f27:0x00000000 f26=0x7f800000
     340455.000 ns	     34044	80007114	01e8d9b3	srl	x19,x17,x30	 x17:0x00000001 x30:0x00000000 x19=0x00000001
     340475.000 ns	     34046	80007118	a16f8f53	fle.s	x30,f31,f22	 f31:0x6d042ea5 f22:0x00000000 x30=0x00000000
     340495.000 ns	     34048	8000711c	403e0fb3	sub	x31,x28,x3	 x28:0xffffffff  x3:0x00000000 x31=0xffffffff
     340505.000 ns	     34049	80007120	00501033	sll	x0,x0,x5	  x0:0x00000000  x5:0xad092000
     340525.000 ns	     34051	80007124	d01e7cd3	fcvt.s.wu	f25,x28	 x28:0xffffffff f25=0x4f7fffff
     340555.000 ns	     34054	80007128	21378453	fsgnj.s	f8,f15,f19	 f15:0x00000000 f19:0xc0e00000  f8=0x80000000
     340585.000 ns	     34057	8000712c	e00a88d3	fmv.x.w	x17,f21	 f21:0x41b80000 x17=0x41b80000
     340955.000 ns	     34094	80007130	034fc0b3	div	x1,x31,x20	 x31:0xffffffff x20:0x03f90000  x1=0x00000000
     340975.000 ns	     34096	80007134	294cbf13	sltiu	x30,x25,660	 x25:0x61b9a098 x30=0x00000000
     340985.000 ns	     34097	80007138	a88df613	andi	x12,x27,-1400	 x27:0x00000000 x12=0x00000000
     341005.000 ns	     34099	8000713c	203025d3	fsgnjx.s	f11,f0,f3	  f0:0x00000000  f3:0xc0e00000 f11=0x80000000
     341055.000 ns	     34104	80007140	09a63853	fsub.s	f16,f12,f26	 f12:0x40e00000 f26:0x7f800000 f16=0xff800000
     341085.000 ns	     34107	80007144	29da0ed3	fmin.s	f29,f20,f29	 f20:0x7f800000 f29:0x00000000 f29=0x00000000
     341455.000 ns	     34144	80007148	0386f433	remu	x8,x13,x24	 x13:0xd5752000 x24:0xffe00000  x8=0xd5752000
     341825.000 ns	     34181	8000714c	02ae7db3	remu	x27,x28,x10	 x28:0xffffffff x10:0xad092000 x27=0x52f6dfff
     342195.000 ns	     34218	80007150	038359b3	divu	x19,x6,x24	  x6:0x00400000 x24:0xffe00000 x19=0x00000000
     342225.000 ns	     34221	80007154	c0197d53	fcvt.wu.s	x26,f18	 f18:0x5eff77e4 x26=0xffffffff
     342245.000 ns	     34223	80007158	00baa633	slt	x12,x21,x11	 x21:0x80000000 x11:0x80000000 x12=0x00000000
     342255.000 ns	     34224	8000715c	73973d93	sltiu	x27,x14,1849	 x14:0x00000000 x27=0x00000001
     342265.000 ns	     34225	80007160	57f5ba93	sltiu	x21,x11,1407	 x11:0x80000000 x21=0x00000000
     342275.000 ns	     34226	80007164	41295d13	srai	x26,x18,0x12	 x18:0x7e1ffc0f x26=0x00001f87
     342295.000 ns	     34228	80007168	212f2253	fsgnjx.s	f4,f30,f18	 f30:0x7fc00000 f18:0x5eff77e4  f4=0x7fc00000
     342315.000 ns	     34230	8000716c	410352b3	sra	x5,x6,x16	  x6:0x00400000 x16:0x00000001  x5=0x00200000
     342325.000 ns	     34231	80007170	0046b4b3	sltu	x9,x13,x4	 x13:0xd5752000  x4:0x00000001  x9=0x00000000
     342335.000 ns	     34232	80007174	4ec9bb93	sltiu	x23,x19,1260	 x19:0x00000000 x23=0x00000001
     342355.000 ns	     34234	80007178	02bf3c33	mulhu	x24,x30,x11	 x30:0x00000000 x11:0x80000000 x24=0x00000000
     342375.000 ns	     34236	8000717c	0063b333	sltu	x6,x7,x6	  x7:0x00000000  x6:0x00400000  x6=0x00000001
     342385.000 ns	     34237	80007180	0118eab3	or	x21,x17,x17	 x17:0x41b80000 x17:0x41b80000 x21=0x41b80000
     342395.000 ns	     34238	80007184	41cd5db3	sra	x27,x26,x28	 x26:0x00001f87 x28:0xffffffff x27=0x00000000
     342415.000 ns	     34240	80007188	028e19b3	mulh	x19,x28,x8	 x28:0xffffffff  x8:0xd5752000 x19=0x00000000
     342435.000 ns	     34242	8000718c	008e0c33	add	x24,x28,x8	 x28:0xffffffff  x8:0xd5752000 x24=0xd5751fff
     342465.000 ns	     34245	80007190	19b07553	fdiv.s	f10,f0,f27	  f0:0x00000000 f27:0x00000000 f10=0x7fc00000
     342515.000 ns	     34250	80007194	00457253	fadd.s	f4,f10,f4	 f10:0x3f800000  f4:0x7fc00000  f4=0x7fc00000
     342545.000 ns	     34253	80007198	f0070e53	fmv.w.x	f28,x14	 x14:0x00000000 f28=0x00000000
     342575.000 ns	     34256	8000719c	038d0233	mul	x4,x26,x24	 x26:0x00001f87 x24:0xd5751fff  x4=0xbfa3c079
     342595.000 ns	     34258	800071a0	4b076513	ori	x10,x14,1200	 x14:0x00000000 x10=0x000004b0
     342955.000 ns	     34294	800071a4	030b54b3	divu	x9,x22,x16	 x22:0x80041024 x16:0x00000001  x9=0x80041024
     342975.000 ns	     34296	800071a8	00b38f33	add	x30,x7,x11	  x7:0x00000000 x11:0x80000000 x30=0x80000000
     342995.000 ns	     34298	800071ac	f00a80d3	fmv.w.x	f1,x21	 x21:0x41b80000  f1=0x41b80000
     343015.000 ns	     34300	800071b0	4068d993	srai	x19,x17,0x6	 x17:0x41b80000 x19=0x0106e000
     343035.000 ns	     34302	800071b4	035a21b3	mulhsu	x3,x20,x21	 x20:0x03f90000 x21:0x41b80000  x3=0x010513f8
     343055.000 ns	     34304	800071b8	24b2e293	ori	x5,x5,587	  x5:0x00200000  x5=0x0020024b
     343075.000 ns	     34306	800071bc	f0010053	fmv.w.x	f0,x2	  x2:0x80040fe4  f0=0x80040fe4
     343095.000 ns	     34308	800071c0	006f00b3	add	x1,x30,x6	 x30:0x80000000  x6:0x00000001  x1=0x80000001
     343105.000 ns	     34309	800071c4	d34da293	slti	x5,x27,-716	 x27:0x00000000  x5=0x00000000
     343125.000 ns	     34311	800071c8	03d51c33	mulh	x24,x10,x29	 x10:0x000004b0 x29:0x00000001 x24=0x00000000
     344305.000 ns	     34429	800071cc	5800afd3	fsqrt.s	f31,f1	  f1:0x41b80000 f31=0x40997765
     344335.000 ns	     34432	800071d0	299696d3	fmax.s	f13,f13,f25	 f13:0x7fc00000 f25:0x4f7fffff f13=0x4f7fffff
     344365.000 ns	     34435	800071d4	02cadd33	divu	x26,x21,x12	 x21:0x41b80000 x12:0x00000000 x26=0xffffffff
     344385.000 ns	     34437	800071d8	014e56b3	srl	x13,x28,x20	 x28:0xffffffff x20:0x03f90000 x13=0xffffffff
     344395.000 ns	     34438	800071dc	41ba0533	sub	x10,x20,x27	 x20:0x03f90000 x27:0x00000000 x10=0x03f90000
     345565.000 ns	     34555	800071e0	580ff4d3	fsqrt.s	f9,f31	 f31:0x40997765  f9=0x400c27ba
     345585.000 ns	     34557	800071e4	40ce84b3	sub	x9,x29,x12	 x29:0x00000001 x12:0x00000000  x9=0x00000001
     345605.000 ns	     34559	800071e8	a1c9add3	feq.s	x27,f19,f28	 f19:0xc0e00000 f28:0x00000000 x27=0x00000000
     345635.000 ns	     34562	800071ec	a17a28d3	feq.s	x17,f20,f23	 f20:0x7f800000 f23:0x00000000 x17=0x00000000
     345655.000 ns	     34564	800071f0	451d0093	addi	x1,x26,1105	 x26:0xffffffff  x1=0x00000450
     345665.000 ns	     34565	800071f4	0115d333	srl	x6,x11,x17	 x11:0x80000000 x17:0x00000000  x6=0x80000000
     345675.000 ns	     34566	800071f8	014b1433	sll	x8,x22,x20	 x22:0x80041024 x20:0x03f90000  x8=0x80041024
     345695.000 ns	     34568	800071fc	02c877b3	remu	x15,x16,x12	 x16:0x00000001 x12:0x00000000 x15=0x00000001
     345725.000 ns	     34571	80007200	d0089353	fcvt.s.w	f6,x17	 x17:0x00000000  f6=0x00000000
     345745.000 ns	     34573	80007204	018cd393	srli	x7,x25,0x18	 x25:0x61b9a098  x7=0x00000061
     345755.000 ns	     34574	80007208	2d672293	slti	x5,x14,726	 x14:0x00000000  x5=0x00000001
     345765.000 ns	     34575	8000720c	01a79c33	sll	x24,x15,x26	 x15:0x00000001 x26:0xffffffff x24=0x80000000
     346125.000 ns	     34611	80007210	02fc67b3	rem	x15,x24,x15	 x24:0x00000000 x15:0x00000001 x15=0x00000000
     346155.000 ns	     34614	80007214	a008a853	feq.s	x16,f17,f0	 f17:0x00000000  f0:0x80040fe4 x16=0x00000000
     346195.000 ns	     34618	80007218	108d76d3	fmul.s	f13,f26,f8	 f26:0x7f800000  f8:0x80000000 f13=0x7fc00000
     346225.000 ns	     34621	8000721c	28e285d3	fmin.s	f11,f5,f14	  f5:0x7fc00000 f14:0x7fc00000 f11=0x7fc00000
     346265.000 ns	     34625	80007220	580281d3	fsqrt.s	f3,f5	  f5:0x7fc00000  f3=0x7fc00000
     346285.000 ns	     34627	80007224	00000013	addi	x0,x0,0	  x0:0x00000000
     346295.000 ns	     34628	80007228	5c02c213	xori	x4,x5,1472	  x5:0x00000001  x4=0x000005c1
     346315.000 ns	     34630	8000722c	e00f8553	fmv.x.w	x10,f31	 f31:0x40997765 x10=0x40997765
     346345.000 ns	     34633	80007230	a05b2253	feq.s	x4,f22,f5	 f22:0x00000000  f5:0x7fc00000  x4=0x00000000
     346365.000 ns	     34635	80007234	01a658b3	srl	x17,x12,x26	 x12:0x00000000 x26:0xffffffff x17=0x00000000
     346375.000 ns	     34636	80007238	00000013	addi	x0,x0,0	  x0:0x00000000
     346385.000 ns	     34637	8000723c	00bd2233	slt	x4,x26,x11	 x26:0xffffffff x11:0x80000000  x4=0x00000000
     346405.000 ns	     34639	80007240	0332b033	mulhu	x0,x5,x19	  x5:0x00000001 x19:0x0106e000
     346435.000 ns	     34642	80007244	d01276d3	fcvt.s.wu	f13,x4	  x4:0x00000000 f13=0x00000000
     346465.000 ns	     34645	80007248	038b9033	mulh	x0,x23,x24	 x23:0x00000001 x24:0x80000000
     346495.000 ns	     34648	8000724c	28c49d53	fmax.s	f26,f9,f12	  f9:0x400c27ba f12:0x40e00000 f26=0x40e00000
     346515.000 ns	     34650	80007250	00000013	addi	x0,x0,0	  x0:0x00000000
     346535.000 ns	     34652	80007254	f0010cd3	fmv.w.x	f25,x2	  x2:0x80040fe4 f25=0x80040fe4
     346565.000 ns	     34655	80007258	032d2f33	mulhsu	x30,x26,x18	 x26:0xffffffff x18:0x7e1ffc0f x30=0xffffffff
     346935.000 ns	     34692	8000725c	03edd1b3	divu	x3,x27,x30	 x27:0x00000000 x30:0x80000000  x3=0x00000000
     346965.000 ns	     34695	80007260	f00709d3	fmv.w.x	f19,x14	 x14:0x00000000 f19=0x00000000
     346995.000 ns	     34698	80007264	20d50bd3	fsgnj.s	f23,f10,f13	 f10:0x7fc00000 f13:0x00000000 f23=0x7fc00000
     347025.000 ns	     34701	80007268	02cf2633	mulhsu	x12,x30,x12	 x30:0xffffffff x12:0x00000000 x12=0x00000000
     347395.000 ns	     34738	8000726c	038c56b3	divu	x13,x24,x24	 x24:0x80000000 x24:0x80000000 x13=0x00000001
     347415.000 ns	     34740	80007270	b0a6e893	ori	x17,x13,-1270	 x13:0xffffffff x17=0xfffffb0b
     347425.000 ns	     34741	80007274	00e15e93	srli	x29,x2,0xe	  x2:0x80040fe4 x29=0x00020010
     347445.000 ns	     34743	80007278	21b3ae53	fsgnjx.s	f28,f7,f27	  f7:0x00000000 f27:0x00000000 f28=0x00000000
     347475.000 ns	     34746	8000727c	a1cd14d3	flt.s	x9,f26,f28	 f26:0x40e00000 f28:0x00000000  x9=0x00000000
     347495.000 ns	     34748	80007280	00d39c93	slli	x25,x7,0xd	  x7:0x00000061 x25=0x000c2000
     347525.000 ns	     34751	80007284	118030d3	fmul.s	f1,f0,f24	  f0:0x80040fe4 f24:0xcf000000  f1=0x0d81fc80
     347555.000 ns	     34754	80007288	216828d3	fsgnjx.s	f17,f16,f22	 f16:0xff800000 f22:0x00000000 f17=0xff800000
     347575.000 ns	     34756	8000728c	01fc20b3	slt	x1,x24,x31	 x24:0x80000000 x31:0xffffffff  x1=0x00000001
     347595.000 ns	     34758	80007290	0303b233	mulhu	x4,x7,x16	  x7:0x00000061 x16:0x00000000  x4=0x00000000
     347625.000 ns	     34761	80007294	d012a153	fcvt.s.wu	f2,x5	  x5:0x00000001  f2=0x3f800000
     347655.000 ns	     34764	80007298	03dd1f33	mulh	x30,x26,x29	 x26:0xffffffff x29:0x00020010 x30=0xffffffff
     347675.000 ns	     34766	8000729c	0d720e13	addi	x28,x4,215	  x4:0x00000000 x28=0x000000d7
     347695.000 ns	     34768	800072a0	e0080653	fmv.x.w	x12,f16	 f16:0xff800000 x12=0xff800000
     347725.000 ns	     34771	800072a4	02024c33	div	x24,x4,x0	  x4:0x00000000  x0:0x00000000 x24=0xffffffff
     347745.000 ns	     34773	800072a8	a6a190b7	lui	x1,0xa6a19	  x1=0xa6a19000
     347765.000 ns	     34775	800072ac	e0091653	fclass.s	x12,f18	 f18:0x5eff77e4 x12=0x00000040
     347795.000 ns	     34778	800072b0	020cef33	rem	x30,x25,x0	 x25:0x000c2000  x0:0x00000000 x30=0x000c2000
     347825.000 ns	     34781	800072b4	02330f33	mul	x30,x6,x3	  x6:0x80000000  x3:0x00000000 x30=0x00000000
     347855.000 ns	     34784	800072b8	20b497d3	fsgnjn.s	f15,f9,f11	  f9:0x400c27ba f11:0x7fc00000 f15=0xc00c27ba
     347875.000 ns	     34786	800072bc	0103bab3	sltu	x21,x7,x16	  x7:0x00000061 x16:0x00000000 x21=0x00000000
     347895.000 ns	     34788	800072c0	21b308d3	fsgnj.s	f17,f6,f27	  f6:0x00000000 f27:0x00000000 f17=0x00000000
     347915.000 ns	     34790	800072c4	44a25d37	lui	x26,0x44a25	 x26=0x44a25000
     347935.000 ns	     34792	800072c8	d0104053	fcvt.s.wu	f0,x0	  x0:0x00000000  f0=0x00000000
     347955.000 ns	     34794	800072cc	00897c33	and	x24,x18,x8	 x18:0x7e1ffc0f  x8:0x80041024 x24=0x00041004
     348315.000 ns	     34830	800072d0	03165db3	divu	x27,x12,x17	 x12:0x00000040 x17:0xfffffb0b x27=0x00000000
     348345.000 ns	     34833	800072d4	03102eb3	mulhsu	x29,x0,x17	  x0:0x00000000 x17:0xfffffb0b x29=0x00000000
     348385.000 ns	     34837	800072d8	580e4753	fsqrt.s	f14,f28	 f28:0x00000000 f14=0x00000000
     348405.000 ns	     34839	800072dc	00254433	xor	x8,x10,x2	 x10:0x40997765  x2:0x80040fe4  x8=0xc09d7881
     348425.000 ns	     34841	800072e0	025997b3	mulh	x15,x19,x5	 x19:0x0106e000  x5:0x00000001 x15=0x00000000
     348455.000 ns	     34844	800072e4	a0891553	flt.s	x10,f18,f8	 f18:0x5eff77e4  f8:0x80000000 x10=0x00000000
     348475.000 ns	     34846	800072e8	00402ab3	slt	x21,x0,x4	  x0:0x00000000  x4:0x00000000 x21=0x00000000
     348495.000 ns	     34848	800072ec	0238b9b3	mulhu	x19,x17,x3	 x17:0xfffffb0b  x3:0x00000000 x19=0x00000000
     348525.000 ns	     34851	800072f0	a0bfa953	feq.s	x18,f31,f11	 f31:0x40997765 f11:0x7fc00000 x18=0x00000000
     348555.000 ns	     34854	800072f4	a0581753	flt.s	x14,f16,f5	 f16:0xff800000  f5:0x7fc00000 x14=0x00000000
     348575.000 ns	     34856	800072f8	856b7793	andi	x15,x22,-1962	 x22:0x80041024 x15=0x80041004
     348595.000 ns	     34858	800072fc	28e609d3	fmin.s	f19,f12,f14	 f12:0x40e00000 f14:0x00000000 f19=0x00000000
     348625.000 ns	     34861	80007300	029ba0b3	mulhsu	x1,x23,x9	 x23:0x00000001  x9:0x00000000  x1=0x00000000
     348655.000 ns	     34864	80007304	029f57b3	divu	x15,x30,x9	 x30:0x00000000  x9:0x00000000 x15=0xffffffff
     348685.000 ns	     34867	80007308	f00005d3	fmv.w.x	f11,x0	  x0:0x00000000 f11=0x00000000
     348715.000 ns	     34870	8000730c	a0aa9053	flt.s	x0,f21,f10	 f21:0x41b80000 f10:0x7fc00000
     348735.000 ns	     34872	80007310	597c92b7	lui	x5,0x597c9	  x5=0x597c9000
     348745.000 ns	     34873	80007314	fa368e13	addi	x28,x13,-93	 x13:0x00000001 x28=0xffffffa4
     349105.000 ns	     34909	80007318	038df4b3	remu	x9,x27,x24	 x27:0x00000000 x24:0x00041004  x9=0x00000000
     349125.000 ns	     34911	8000731c	ae51b493	sltiu	x9,x3,-1307	  x3:0x00000000  x9=0x00000001
     349145.000 ns	     34913	80007320	03538633	mul	x12,x7,x21	  x7:0x00000061 x21:0x00000000 x12=0x00000000
     349515.000 ns	     34950	80007324	03f5f533	remu	x10,x11,x31	 x11:0x80000000 x31:0xffffffff x10=0x80000000
     349535.000 ns	     34952	80007328	01e76a33	or	x20,x14,x30	 x14:0x00000000 x30:0x00000000 x20=0x00000000
     349555.000 ns	     34954	8000732c	03a99633	mulh	x12,x19,x26	 x19:0x00000000 x26:0x44a25000 x12=0x00000000
     349575.000 ns	     34956	80007330	84ff8e13	addi	x28,x31,-1969	 x31:0xffffffff x28=0xfffff84e
     349585.000 ns	     34957	80007334	00fc4c33	xor	x24,x24,x15	 x24:0x00041004 x15:0xffffffff x24=0xfffbeffb
     349595.000 ns	     34958	80007338	00719d33	sll	x26,x3,x7	  x3:0x00000000  x7:0x00000061 x26=0x00000000
     349605.000 ns	     34959	8000733c	00ff3933	sltu	x18,x30,x15	 x30:0x00000000 x15:0xffffffff x18=0x00000001
     349615.000 ns	     34960	80007340	013bd833	srl	x16,x23,x19	 x23:0x00000001 x19:0x00000000 x16=0x00000001
     349625.000 ns	     34961	80007344	90b7b693	sltiu	x13,x15,-1781	 x15:0xffffffff x13=0x00000000
     349645.000 ns	     34963	80007348	f0070a53	fmv.w.x	f20,x14	 x14:0x00000000 f20=0x00000000
     349685.000 ns	     34967	8000734c	19127153	fdiv.s	f2,f4,f17	  f4:0x7fc00000 f17:0x00000000  f2=0x7fc00000
     349705.000 ns	     34969	80007350	cabd8f93	addi	x31,x27,-853	 x27:0x00000000 x31=0xfffffcab
     349715.000 ns	     34970	80007354	00622e33	slt	x28,x4,x6	  x4:0x00000000  x6:0x80000000 x28=0x00000000
     349735.000 ns	     34972	80007358	0245acb3	mulhsu	x25,x11,x4	 x11:0x80000000  x4:0x00000000 x25=0x00000000
     349755.000 ns	     34974	8000735c	00000013	addi	x0,x0,0	  x0:0x00000000
     349775.000 ns	     34976	80007360	c0057553	fcvt.w.s	x10,f10	 f10:0x7fc00000 x10=0x7fffffff
     349795.000 ns	     34978	80007364	0005de93	srli	x29,x11,0x0	 x11:0x80000000 x29=0x80000000
     349815.000 ns	     34980	80007368	d00c0753	fcvt.s.w	f14,x24	 x24:0xfffbeffb f14=0xc88200a0
     349845.000 ns	     34983	8000736c	c018f7d3	fcvt.wu.s	x15,f17	 f17:0x00000000 x15=0x00000000
     349875.000 ns	     34986	80007370	28569753	fmax.s	f14,f13,f5	 f13:0x00000000  f5:0x7fc00000 f14=0x00000000
     350245.000 ns	     35023	80007374	036a7d33	remu	x26,x20,x22	 x20:0x00000000 x22:0x80041024 x26=0x00000000
     350275.000 ns	     35026	80007378	e00d1ed3	fclass.s	x29,f26	 f26:0x40e00000 x29=0x00000040
     350295.000 ns	     35028	8000737c	c3eabf13	sltiu	x30,x21,-962	 x21:0x00000000 x30=0x00000001
     350315.000 ns	     35030	80007380	28bc90d3	fmax.s	f1,f25,f11	 f25:0x80040fe4 f11:0x00000000  f1=0x00000000
     350685.000 ns	     35067	80007384	0381e9b3	rem	x19,x3,x24	  x3:0x00000000 x24:0xfffbeffb x19=0x00000000
     350705.000 ns	     35069	80007388	01d9bdb3	sltu	x27,x19,x29	 x19:0x00000000 x29:0x00000040 x27=0x00000001
     350715.000 ns	     35070	8000738c	6259a8b7	lui	x17,0x6259a	 x17=0x6259a000
     351075.000 ns	     35106	80007390	030246b3	div	x13,x4,x16	  x4:0x00000000 x16:0x00000001 x13=0x00000000
     351095.000 ns	     35108	80007394	2bbfcc93	xori	x25,x31,699	 x31:0xfffffcab x25=0xfffffe10
     351135.000 ns	     35112	80007398	01721853	fadd.s	f16,f4,f23	  f4:0x7fc00000 f23:0x7fc00000 f16=0x7fc00000
     351155.000 ns	     35114	8000739c	00000013	addi	x0,x0,0	  x0:0x00000000
     351165.000 ns	     35115	800073a0	41d787b3	sub	x15,x15,x29	 x15:0x00000000 x29:0x00000040 x15=0xffffffc0
     351185.000 ns	     35117	800073a4	a1b518d3	flt.s	x17,f10,f27	 f10:0x7fc00000 f27:0x00000000 x17=0x00000000
     351205.000 ns	     35119	800073a8	00de9833	sll	x16,x29,x13	 x29:0x00000040 x13:0x00000000 x16=0x00000040
     351215.000 ns	     35120	800073ac	00e01c13	slli	x24,x0,0xe	  x0:0x00000000 x24=0x00000000
     351225.000 ns	     35121	800073b0	d3936713	ori	x14,x6,-711	  x6:0x80000000 x14=0xfffffd39
     351235.000 ns	     35122	800073b4	01f1acb3	slt	x25,x3,x31	  x3:0x00000000 x31:0xfffffcab x25=0x00000000
     351245.000 ns	     35123	800073b8	dc950e13	addi	x28,x10,-567	 x10:0x7fffffff x28=0x7ffffdc8
     351255.000 ns	     35124	800073bc	00aa5893	srli	x17,x20,0xa	 x20:0x00000000 x17=0x00000000
     351615.000 ns	     35160	800073c0	02737f33	remu	x30,x6,x7	  x6:0x80000000  x7:0x00000061 x30=0x00000042
     351635.000 ns	     35162	800073c4	c74be0b7	lui	x1,0xc74be	  x1=0xc74be000
     351645.000 ns	     35163	800073c8	57937c13	andi	x24,x6,1401	  x6:0x80000000 x24=0x00000000
     351665.000 ns	     35165	800073cc	023ca3b3	mulhsu	x7,x25,x3	 x25:0x00000000  x3:0x00000000  x7=0x00000000
     351695.000 ns	     35168	800073d0	f00e04d3	fmv.w.x	f9,x28	 x28:0x7ffffdc8  f9=0x7ffffdc8
     351745.000 ns	     35173	800073d4	09000a53	fsub.s	f20,f0,f16	  f0:0x00000000 f16:0x7fc00000 f20=0x7fc00000
     351775.000 ns	     35176	800073d8	020bd9b3	divu	x19,x23,x0	 x23:0x00000001  x0:0x00000000 x19=0xffffffff
     351805.000 ns	     35179	800073dc	03b6a433	mulhsu	x8,x13,x27	 x13:0x00000000 x27:0x00000001  x8=0x00000000
     351825.000 ns	     35181	800073e0	418a8033	sub	x0,x21,x24	 x21:0x00000000 x24:0x00000000
     351845.000 ns	     35183	800073e4	c01014d3	fcvt.wu.s	x9,f0	  f0:0x00000000  x9=0x00000000
     351865.000 ns	     35185	800073e8	414b5a33	sra	x20,x22,x20	 x22:0x80041024 x20:0x00000000 x20=0x80041024
     351885.000 ns	     35187	800073ec	f00d80d3	fmv.w.x	f1,x27	 x27:0x00000001  f1=0x00000001
     351905.000 ns	     35189	800073f0	00579eb3	sll	x29,x15,x5	 x15:0xffffffc0  x5:0x597c9000 x29=0xffffffc0
     351915.000 ns	     35190	800073f4	0070afb3	slt	x31,x1,x7	  x1:0xc74be000  x7:0x00000000 x31=0x00000001
     351925.000 ns	     35191	800073f8	ab843e13	sltiu	x28,x8,-1352	  x8:0x00000000 x28=0x00000001
     351935.000 ns	     35192	800073fc	00741fb3	sll	x31,x8,x7	  x8:0x00000000  x7:0x00000000 x31=0x00000000
     351955.000 ns	     35194	80007400	d00028d3	fcvt.s.w	f17,x0	  x0:0x00000000 f17=0x00000000
     351985.000 ns	     35197	80007404	02c4cbb3	div	x23,x9,x12	  x9:0x00000000 x12:0x00000000 x23=0xffffffff
     352015.000 ns	     35200	80007408	03f0fbb3	remu	x23,x1,x31	  x1:0xc74be000 x31:0x00000000 x23=0xc74be000
     352055.000 ns	     35204	8000740c	10290cd3	fmul.s	f25,f18,f2	 f18:0x5eff77e4  f2:0x7fc00000 f25=0x7fc00000
     352075.000 ns	     35206	80007410	017cbf33	sltu	x30,x25,x23	 x25:0x00000000 x23:0xc74be000 x30=0x00000001
     352105.000 ns	     35209	80007414	580f7fd3	fsqrt.s	f31,f30	 f30:0x7fc00000 f31=0x7fc00000
     352125.000 ns	     35211	80007418	013b2433	slt	x8,x22,x19	 x22:0x80041024 x19:0xffffffff  x8=0x00000001
     352135.000 ns	     35212	8000741c	40745a93	srai	x21,x8,0x7	  x8:0x00000000 x21=0x00000000
     352145.000 ns	     35213	80007420	00fd4933	xor	x18,x26,x15	 x26:0x00000000 x15:0xffffffc0 x18=0xffffffc0
     352155.000 ns	     35214	80007424	00000013	addi	x0,x0,0	  x0:0x00000000
     352165.000 ns	     35215	80007428	007367b3	or	x15,x6,x7	  x6:0x80000000  x7:0x00000000 x15=0x80000000
     352185.000 ns	     35217	8000742c	285411d3	fmax.s	f3,f8,f5	  f8:0x80000000  f5:0x7fc00000  f3=0x80000000
     352205.000 ns	     35219	80007430	76b74613	xori	x12,x14,1899	 x14:0xfffffd39 x12=0xfffffa52
     352215.000 ns	     35220	80007434	00000013	addi	x0,x0,0	  x0:0x00000000
     352235.000 ns	     35222	80007438	c0001f53	fcvt.w.s	x30,f0	  f0:0x00000000 x30=0x00000000
     352265.000 ns	     35225	8000743c	025728b3	mulhsu	x17,x14,x5	 x14:0xfffffd39  x5:0x597c9000 x17=0xffffff07
     352285.000 ns	     35227	80007440	33ce3513	sltiu	x10,x28,828	 x28:0x00000001 x10=0x00000001
     352305.000 ns	     35229	80007444	e0069353	fclass.s	x6,f13	 f13:0x00000000  x6=0x00000010
     352335.000 ns	     35232	80007448	21150d53	fsgnj.s	f26,f10,f17	 f10:0x7fc00000 f17:0x00000000 f26=0x7fc00000
     352375.000 ns	     35236	8000744c	112d7b53	fmul.s	f22,f26,f18	 f26:0x40e00000 f18:0x5eff77e4 f22=0x7fc00000
     352395.000 ns	     35238	80007450	d91dc213	xori	x4,x27,-623	 x27:0x00000001  x4=0xfffffd90
     352415.000 ns	     35240	80007454	02de7e33	remu	x28,x28,x13	 x28:0x00000001 x13:0x00000000 x28=0x00000001
     352445.000 ns	     35243	80007458	029d4db3	div	x27,x26,x9	 x26:0x00000000  x9:0x00000000 x27=0xffffffff
     352475.000 ns	     35246	8000745c	a16b2dd3	feq.s	x27,f22,f22	 f22:0x7fc00000 f22:0x7fc00000 x27=0x00000000
     352505.000 ns	     35249	80007460	a1b1a4d3	feq.s	x9,f3,f27	  f3:0x80000000 f27:0x00000000  x9=0x00000001
     352535.000 ns	     35252	80007464	02df43b3	div	x7,x30,x13	 x30:0x00000000 x13:0x00000000  x7=0xffffffff
     352555.000 ns	     35254	80007468	01a8fd33	and	x26,x17,x26	 x17:0xffffff07 x26:0x00000000 x26=0x00000000
     352575.000 ns	     35256	8000746c	29f38853	fmin.s	f16,f7,f31	  f7:0x00000000 f31:0x7fc00000 f16=0x00000000
     352605.000 ns	     35259	80007470	285891d3	fmax.s	f3,f17,f5	 f17:0x00000000  f5:0x7fc00000  f3=0x00000000
     352635.000 ns	     35262	80007474	205f1953	fsgnjn.s	f18,f30,f5	 f30:0x7fc00000  f5:0x7fc00000 f18=0xffc00000
     352655.000 ns	     35264	80007478	8c9f9917	auipc	x18,0x8c9f9	 x18=0x0ca00478
     352665.000 ns	     35265	8000747c	c37fb913	sltiu	x18,x31,-969	 x31:0x00000000 x18=0x00000001
     352675.000 ns	     35266	80007480	fe942493	slti	x9,x8,-23	  x8:0x00000001  x9=0x00000000
     352695.000 ns	     35268	80007484	023a6a33	rem	x20,x20,x3	 x20:0x80041024  x3:0x00000000 x20=0x80041024
     352715.000 ns	     35270	80007488	011d9793	slli	x15,x27,0x11	 x27:0x00000000 x15=0x00000000
     352735.000 ns	     35272	8000748c	e00f0353	fmv.x.w	x6,f30	 f30:0x7fc00000  x6=0x7fc00000
     352755.000 ns	     35274	80007490	404fd893	srai	x17,x31,0x4	 x31:0x00000000 x17=0x00000000
     352775.000 ns	     35276	80007494	a087a7d3	feq.s	x15,f15,f8	 f15:0xc00c27ba  f8:0x80000000 x15=0x00000000
     352795.000 ns	     35278	80007498	96ca8a93	addi	x21,x21,-1684	 x21:0x00000000 x21=0xfffff96c
     353155.000 ns	     35314	8000749c	02a86933	rem	x18,x16,x10	 x16:0x00000040 x10:0x00000001 x18=0x00000000
     353185.000 ns	     35317	800074a0	c0167e53	fcvt.wu.s	x28,f12	 f12:0x40e00000 x28=0x00000007
     353225.000 ns	     35321	800074a4	11f91253	fmul.s	f4,f18,f31	 f18:0xffc00000 f31:0x7fc00000  f4=0x7fc00000
     353255.000 ns	     35324	800074a8	f00f89d3	fmv.w.x	f19,x31	 x31:0x00000000 f19=0x00000000
     353285.000 ns	     35327	800074ac	02fd0833	mul	x16,x26,x15	 x26:0x00000000 x15:0x00000000 x16=0x00000000
     353305.000 ns	     35329	800074b0	d9340213	addi	x4,x8,-621	  x8:0x00000001  x4=0xfffffd94
     353315.000 ns	     35330	800074b4	40cd56b3	sra	x13,x26,x12	 x26:0x00000000 x12:0xfffffa52 x13=0x00000000
     353325.000 ns	     35331	800074b8	01102f33	slt	x30,x0,x17	  x0:0x00000000 x17:0x00000000 x30=0x00000000
     353345.000 ns	     35333	800074bc	d018fcd3	fcvt.s.wu	f25,x17	 x17:0x00000000 f25=0x00000000
     353365.000 ns	     35335	800074c0	8a44b393	sltiu	x7,x9,-1884	  x9:0x00000000  x7=0x00000001
     353385.000 ns	     35337	800074c4	c003f553	fcvt.w.s	x10,f7	  f7:0x00000000 x10=0x00000000
     353755.000 ns	     35374	800074c8	03cafdb3	remu	x27,x21,x28	 x21:0xfffff96c x28:0x00000007 x27=0x00000000
     353775.000 ns	     35376	800074cc	e6218e93	addi	x29,x3,-414	  x3:0x00000000 x29=0xfffffe62
     353795.000 ns	     35378	800074d0	d00096d3	fcvt.s.w	f13,x1	  x1:0xc74be000 f13=0xce62d080
     354165.000 ns	     35415	800074d4	03484a33	div	x20,x16,x20	 x16:0x00000000 x20:0x80041024 x20=0x00000000
     354185.000 ns	     35417	800074d8	0061dcb3	srl	x25,x3,x6	  x3:0x00000000  x6:0x7fc00000 x25=0x00000000
     354205.000 ns	     35419	800074dc	20ea1d53	fsgnjn.s	f26,f20,f14	 f20:0x7fc00000 f14:0x00000000 f26=0xffc00000
     354235.000 ns	     35422	800074e0	02aec6b3	div	x13,x29,x10	 x29:0xfffffe62 x10:0x00000000 x13=0xffffffff
     354255.000 ns	     35424	800074e4	013e37b3	sltu	x15,x28,x19	 x28:0x00000007 x19:0xffffffff x15=0x00000001
     354265.000 ns	     35425	800074e8	000d5713	srli	x14,x26,0x0	 x26:0x00000000 x14=0x00000000
     354285.000 ns	     35427	800074ec	20fc96d3	fsgnjn.s	f13,f25,f15	 f25:0x00000000 f15:0xc00c27ba f13=0x00000000
     354315.000 ns	     35430	800074f0	29bd83d3	fmin.s	f7,f27,f27	 f27:0x00000000 f27:0x00000000  f7=0x00000000
     354345.000 ns	     35433	800074f4	a05d2dd3	feq.s	x27,f26,f5	 f26:0xffc00000  f5:0x7fc00000 x27=0x00000000
     354375.000 ns	     35436	800074f8	020e6bb3	rem	x23,x28,x0	 x28:0x00000007  x0:0x00000000 x23=0x00000007
     354395.000 ns	     35438	800074fc	00d55313	srli	x6,x10,0xd	 x10:0x00000000  x6=0x00000000
     354415.000 ns	     35440	80007500	e0020853	fmv.x.w	x16,f4	  f4:0x7fc00000 x16=0x7fc00000
     354445.000 ns	     35443	80007504	20f81953	fsgnjn.s	f18,f16,f15	 f16:0x00000000 f15:0xc00c27ba f18=0x00000000
     354475.000 ns	     35446	80007508	d01bb553	fcvt.s.wu	f10,x23	 x23:0x00000007 f10=0x40e00000
     354495.000 ns	     35448	8000750c	00bbbf33	sltu	x30,x23,x11	 x23:0x00000007 x11:0x80000000 x30=0x00000001
     354515.000 ns	     35450	80007510	d0047ad3	fcvt.s.w	f21,x8	  x8:0x00000001 f21=0x3f800000
     354545.000 ns	     35453	80007514	031a3233	mulhu	x4,x20,x17	 x20:0x00000000 x17:0x00000000  x4=0x00000000
     354575.000 ns	     35456	80007518	28809153	fmax.s	f2,f1,f8	  f1:0x00000001  f8:0x80000000  f2=0x00000001
     354595.000 ns	     35458	8000751c	01d7a233	slt	x4,x15,x29	 x15:0x00000001 x29:0xfffffe62  x4=0x00000000
     354615.000 ns	     35460	80007520	20269d53	fsgnjn.s	f26,f13,f2	 f13:0x00000000  f2:0x00000001 f26=0x80000000
     354635.000 ns	     35462	80007524	011621b3	slt	x3,x12,x17	 x12:0xfffffa52 x17:0x00000000  x3=0x00000001
     354655.000 ns	     35464	80007528	21bc28d3	fsgnjx.s	f17,f24,f27	 f24:0xcf000000 f27:0x00000000 f17=0xcf000000
     354675.000 ns	     35466	8000752c	015c1093	slli	x1,x24,0x15	 x24:0x00000000  x1=0x00000000
     354695.000 ns	     35468	80007530	e0071353	fclass.s	x6,f14	 f14:0x00000000  x6=0x00000010
     354725.000 ns	     35471	80007534	c01f4653	fcvt.wu.s	x12,f30	 f30:0x7fc00000 x12=0xffffffff
     354745.000 ns	     35473	80007538	01d83d33	sltu	x26,x16,x29	 x16:0x7fc00000 x29:0xfffffe62 x26=0x00000001
     354775.000 ns	     35476	8000753c	1849f053	fdiv.s	f0,f19,f4	 f19:0x00000000  f4:0x7fc00000  f0=0x7fc00000
     354795.000 ns	     35478	80007540	017c1b93	slli	x23,x24,0x17	 x24:0x00000000 x23=0x00000000
     354805.000 ns	     35479	80007544	00000013	addi	x0,x0,0	  x0:0x00000000
     355165.000 ns	     35515	80007548	0308d433	divu	x8,x17,x16	 x17:0x00000000 x16:0x7fc00000  x8=0x00000000
     355185.000 ns	     35517	8000754c	9a9f2393	slti	x7,x30,-1623	 x30:0x00000001  x7=0x00000000
     355195.000 ns	     35518	80007550	891ac913	xori	x18,x21,-1903	 x21:0xfffff96c x18=0x000001fd
     355205.000 ns	     35519	80007554	bcf86a13	ori	x20,x16,-1073	 x16:0x7fc00000 x20=0xfffffbcf
     355225.000 ns	     35521	80007558	d00df4d3	fcvt.s.w	f9,x27	 x27:0x00000000  f9=0x00000000
     355245.000 ns	     35523	8000755c	4056d733	sra	x14,x13,x5	 x13:0xffffffff  x5:0x597c9000 x14=0xffffffff
     355265.000 ns	     35525	80007560	28621153	fmax.s	f2,f4,f6	  f4:0x7fc00000  f6:0x00000000  f2=0x00000000
     355295.000 ns	     35528	80007564	28f58dd3	fmin.s	f27,f11,f15	 f11:0x00000000 f15:0xc00c27ba f27=0xc00c27ba
     355315.000 ns	     35530	80007568	01339713	slli	x14,x7,0x13	  x7:0x00000000 x14=0x00000000
     355335.000 ns	     35532	8000756c	e00a90d3	fclass.s	x1,f21	 f21:0x3f800000  x1=0x00000040
     355355.000 ns	     35534	80007570	01928ab3	add	x21,x5,x25	  x5:0x597c9000 x25:0x00000000 x21=0x597c9000
     355365.000 ns	     35535	80007574	08a50f93	addi	x31,x10,138	 x10:0x00000000 x31=0x0000008a
     355725.000 ns	     35571	80007578	032557b3	divu	x15,x10,x18	 x10:0x00000000 x18:0x000001fd x15=0x00000000
     355755.000 ns	     35574	8000757c	03cc3233	mulhu	x4,x24,x28	 x24:0x00000000 x28:0x00000007  x4=0x00000000
     355775.000 ns	     35576	80007580	01427f33	and	x30,x4,x20	  x4:0x00000000 x20:0xfffffbcf x30=0x00000000
     356135.000 ns	     35612	80007584	0358fbb3	remu	x23,x17,x21	 x17:0x00000000 x21:0x597c9000 x23=0x00000000
     356155.000 ns	     35614	80007588	0195a8b3	slt	x17,x11,x25	 x11:0x80000000 x25:0x00000000 x17=0x00000001
     356175.000 ns	     35616	8000758c	e0011bd3	fclass.s	x23,f2	  f2:0x00000000 x23=0x00000010
     356545.000 ns	     35653	80007590	03d25a33	divu	x20,x4,x29	  x4:0x00000000 x29:0xfffffe62 x20=0x00000000
     356585.000 ns	     35657	80007594	1083c9d3	fmul.s	f19,f7,f8	  f7:0x00000000  f8:0x80000000 f19=0x80000000
     356615.000 ns	     35660	80007598	c000fad3	fcvt.w.s	x21,f1	  f1:0x00000001 x21=0x00000000
     356645.000 ns	     35663	8000759c	e0058453	fmv.x.w	x8,f11	 f11:0x00000000  x8=0x00000000
     356665.000 ns	     35665	800075a0	66056e13	ori	x28,x10,1632	 x10:0x00000000 x28=0x00000660
     356675.000 ns	     35666	800075a4	010dee33	or	x28,x27,x16	 x27:0x00000000 x16:0x7fc00000 x28=0x7fc00000
     356685.000 ns	     35667	800075a8	00528cb3	add	x25,x5,x5	  x5:0x597c9000  x5:0x597c9000 x25=0xb2f92000
     356695.000 ns	     35668	800075ac	00000013	addi	x0,x0,0	  x0:0x00000000
     357055.000 ns	     35704	800075b0	0255cdb3	div	x27,x11,x5	 x11:0x80000000  x5:0x597c9000 x27=0xffffffff
     357075.000 ns	     35706	800075b4	01344cb3	xor	x25,x8,x19	  x8:0x00000000 x19:0xffffffff x25=0xffffffff
     357085.000 ns	     35707	800075b8	00c79793	slli	x15,x15,0xc	 x15:0x00000000 x15=0x00000000
     357095.000 ns	     35708	800075bc	a5414a97	auipc	x21,0xa5414	 x21=0x2541b5bc
     357105.000 ns	     35709	800075c0	41255c13	srai	x24,x10,0x12	 x10:0x00000000 x24=0x00000000
     357125.000 ns	     35711	800075c4	032612b3	mulh	x5,x12,x18	 x12:0xffffffff x18:0x000001fd  x5=0xffffffff
     357145.000 ns	     35713	800075c8	6ef2f517	auipc	x10,0x6ef2f	 x10=0xeef365c8
     357165.000 ns	     35715	800075cc	031c91b3	mulh	x3,x25,x17	 x25:0xffffffff x17:0x00000001  x3=0xffffffff
     357185.000 ns	     35717	800075d0	00000013	addi	x0,x0,0	  x0:0x00000000
     357205.000 ns	     35719	800075d4	e0089853	fclass.s	x16,f17	 f17:0xcf000000 x16=0x00000002
     357235.000 ns	     35722	800075d8	d0117853	fcvt.s.wu	f16,x2	  x2:0x80040fe4 f16=0x4f00040f
     357265.000 ns	     35725	800075dc	03938433	mul	x8,x7,x25	  x7:0x00000000 x25:0xffffffff  x8=0x00000000
     357295.000 ns	     35728	800075e0	a09b2fd3	feq.s	x31,f22,f9	 f22:0x7fc00000  f9:0x00000000 x31=0x00000000
     357665.000 ns	     35765	800075e4	031156b3	divu	x13,x2,x17	  x2:0x80040fe4 x17:0x00000001 x13=0x80040fe4
     357695.000 ns	     35768	800075e8	f0090ed3	fmv.w.x	f29,x18	 x18:0x000001fd f29=0x000001fd
     357725.000 ns	     35771	800075ec	c0142c53	fcvt.wu.s	x24,f8	  f8:0x80000000 x24=0x00000000
     357775.000 ns	     35776	800075f0	09ec7c53	fsub.s	f24,f24,f30	 f24:0xcf000000 f30:0x7fc00000 f24=0x7fc00000
     357795.000 ns	     35778	800075f4	01362cb3	slt	x25,x12,x19	 x12:0xffffffff x19:0xffffffff x25=0x00000000
     357805.000 ns	     35779	800075f8	003aa7b3	slt	x15,x21,x3	 x21:0x2541b5bc  x3:0xffffffff x15=0x00000000
     357815.000 ns	     35780	800075fc	41ba0eb3	sub	x29,x20,x27	 x20:0x00000000 x27:0xffffffff x29=0x00000001
     357825.000 ns	     35781	80007600	0141ef33	or	x30,x3,x20	  x3:0xffffffff x20:0x00000000 x30=0xffffffff
     357835.000 ns	     35782	80007604	85694317	auipc	x6,0x85694	  x6=0x0569b604
     357845.000 ns	     35783	80007608	0125ddb3	srl	x27,x11,x18	 x11:0x80000000 x18:0x000001fd x27=0x00000004
     357855.000 ns	     35784	8000760c	00bdf8b3	and	x17,x27,x11	 x27:0xffffffff x11:0x80000000 x17=0x00000000
     357875.000 ns	     35786	80007610	03e0b8b3	mulhu	x17,x1,x30	  x1:0x00000040 x30:0xffffffff x17=0x0000003f
     357895.000 ns	     35788	80007614	d321a993	slti	x19,x3,-718	  x3:0xffffffff x19=0x00000000
     357915.000 ns	     35790	80007618	e00e1553	fclass.s	x10,f28	 f28:0x00000000 x10=0x00000010
     357935.000 ns	     35792	8000761c	00000013	addi	x0,x0,0	  x0:0x00000000
     357945.000 ns	     35793	80007620	01f02eb3	slt	x29,x0,x31	  x0:0x00000000 x31:0x00000000 x29=0x00000000
     357965.000 ns	     35795	80007624	02a183b3	mul	x7,x3,x10	  x3:0xffffffff x10:0x00000010  x7=0xfffffff0
     357995.000 ns	     35798	80007628	03593fb3	mulhu	x31,x18,x21	 x18:0x000001fd x21:0x2541b5bc x31=0x0000004a
     358015.000 ns	     35800	8000762c	442f3a13	sltiu	x20,x30,1090	 x30:0xffffffff x20=0x00000000
     358025.000 ns	     35801	80007630	41cad893	srai	x17,x21,0x1c	 x21:0x2541b5bc x17=0x00000002
     358045.000 ns	     35803	80007634	29040e53	fmin.s	f28,f8,f16	  f8:0x80000000 f16:0x4f00040f f28=0x80000000
     358065.000 ns	     35805	80007638	00539f93	slli	x31,x7,0x5	  x7:0xfffffff0 x31=0xfffffe00
     358085.000 ns	     35807	8000763c	e00096d3	fclass.s	x13,f1	  f1:0x00000001 x13=0x00000020
     358115.000 ns	     35810	80007640	02798c33	mul	x24,x19,x7	 x19:0x00000000  x7:0xfffffff0 x24=0x00000000
     358485.000 ns	     35847	80007644	03677cb3	remu	x25,x14,x22	 x14:0x00000000 x22:0x80041024 x25=0x00000000
     358505.000 ns	     35849	80007648	00000013	addi	x0,x0,0	  x0:0x00000000
     358865.000 ns	     35885	8000764c	022bcbb3	div	x23,x23,x2	 x23:0x00000010  x2:0x80040fe4 x23=0x00000000
     358885.000 ns	     35887	80007650	016dcfb3	xor	x31,x27,x22	 x27:0x00000004 x22:0x80041024 x31=0x80041020
     358925.000 ns	     35891	80007654	0066f4d3	fadd.s	f9,f13,f6	 f13:0x00000000  f6:0x00000000  f9=0x00000000
     358955.000 ns	     35894	80007658	0242d1b3	divu	x3,x5,x4	  x5:0xffffffff  x4:0x00000000  x3=0xffffffff
     358975.000 ns	     35896	8000765c	41ac0c33	sub	x24,x24,x26	 x24:0x00000000 x26:0x00000001 x24=0xffffffff
     359005.000 ns	     35899	80007660	580bbad3	fsqrt.s	f21,f23	 f23:0x7fc00000 f21=0x7fc00000
     359055.000 ns	     35904	80007664	09750d53	fsub.s	f26,f10,f23	 f10:0x40e00000 f23:0x7fc00000 f26=0x7fc00000
     359075.000 ns	     35906	80007668	40f68fb3	sub	x31,x13,x15	 x13:0x00000020 x15:0x00000000 x31=0x00000020
     359085.000 ns	     35907	8000766c	8e04ff13	andi	x30,x9,-1824	  x9:0x00000000 x30=0x00000000
     359445.000 ns	     35943	80007670	021d4433	div	x8,x26,x1	 x26:0x00000001  x1:0x00000040  x8=0x00000000
     359485.000 ns	     35947	80007674	580b7f53	fsqrt.s	f30,f22	 f22:0x7fc00000 f30=0x7fc00000
     359505.000 ns	     35949	80007678	0028be33	sltu	x28,x17,x2	 x17:0x00000002  x2:0x80040fe4 x28=0x00000001
     359515.000 ns	     35950	8000767c	40365a33	sra	x20,x12,x3	 x12:0xffffffff  x3:0xffffffff x20=0xffffffff
     359525.000 ns	     35951	80007680	01851a13	slli	x20,x10,0x18	 x10:0x00000010 x20=0x10000000
     359885.000 ns	     35987	80007684	0222cab3	div	x21,x5,x2	  x5:0xffffffff  x2:0x80040fe4 x21=0x00000000
     359915.000 ns	     35990	80007688	a0e02853	feq.s	x16,f0,f14	  f0:0x7fc00000 f14:0x00000000 x16=0x00000000
     359945.000 ns	     35993	8000768c	c013f9d3	fcvt.wu.s	x19,f7	  f7:0x00000000 x19=0x00000000
     359965.000 ns	     35995	80007690	412cda33	sra	x20,x25,x18	 x25:0x00000000 x18:0x000001fd x20=0x00000000
     359975.000 ns	     35996	80007694	0113c4b3	xor	x9,x7,x17	  x7:0xfffffff0 x17:0x00000002  x9=0xfffffff2
     359985.000 ns	     35997	80007698	07e0af13	slti	x30,x1,126	  x1:0x00000040 x30=0x00000001
     359995.000 ns	     35998	8000769c	013400b3	add	x1,x8,x19	  x8:0x00000000 x19:0x00000000  x1=0x00000000
     360005.000 ns	     35999	800076a0	001ec933	xor	x18,x29,x1	 x29:0x00000000  x1:0x00000040 x18=0x00000000
     360015.000 ns	     36000	800076a4	297ca917	auipc	x18,0x297ca	 x18=0xa97d16a4
     360025.000 ns	     36001	800076a8	807f2993	slti	x19,x30,-2041	 x30:0x00000001 x19=0x00000000
     360045.000 ns	     36003	800076ac	e00b91d3	fclass.s	x3,f23	 f23:0x7fc00000  x3=0x00000200
     360075.000 ns	     36006	800076b0	20460853	fsgnj.s	f16,f12,f4	 f12:0x40e00000  f4:0x7fc00000 f16=0x40e00000
     360105.000 ns	     36009	800076b4	21b91cd3	fsgnjn.s	f25,f18,f27	 f18:0x00000000 f27:0xc00c27ba f25=0x00000000
     360475.000 ns	     36046	800076b8	02c14233	div	x4,x2,x12	  x2:0x80040fe4 x12:0xffffffff  x4=0x7ffbf01c
     360495.000 ns	     36048	800076bc	01fbecb3	or	x25,x23,x31	 x23:0x00000000 x31:0x00000020 x25=0x00000020
     360505.000 ns	     36049	800076c0	7f87e793	ori	x15,x15,2040	 x15:0x00000000 x15=0x000007f8
     360535.000 ns	     36052	800076c4	189a4053	fdiv.s	f0,f20,f9	 f20:0x7fc00000  f9:0x00000000  f0=0x7fc00000
     360555.000 ns	     36054	800076c8	40768ab3	sub	x21,x13,x7	 x13:0x00000020  x7:0xfffffff0 x21=0x00000030
     360565.000 ns	     36055	800076cc	01fe1fb3	sll	x31,x28,x31	 x28:0x00000001 x31:0x00000020 x31=0x00000001
     360585.000 ns	     36057	800076d0	024a1eb3	mulh	x29,x20,x4	 x20:0x00000000  x4:0x7ffbf01c x29=0x00000000
     360615.000 ns	     36060	800076d4	d01877d3	fcvt.s.wu	f15,x16	 x16:0x00000000 f15=0x00000000
     360645.000 ns	     36063	800076d8	2109a653	fsgnjx.s	f12,f19,f16	 f19:0x80000000 f16:0x40e00000 f12=0x80000000
     360675.000 ns	     36066	800076dc	209508d3	fsgnj.s	f17,f10,f9	 f10:0x40e00000  f9:0x00000000 f17=0x40e00000
     360705.000 ns	     36069	800076e0	033f42b3	div	x5,x30,x19	 x30:0x00000001 x19:0x00000000  x5=0xffffffff
     360725.000 ns	     36071	800076e4	f0918693	addi	x13,x3,-247	  x3:0x00000200 x13=0x00000109
     360745.000 ns	     36073	800076e8	d0024253	fcvt.s.w	f4,x4	  x4:0x7ffbf01c  f4=0x4efff7e0
     360785.000 ns	     36077	800076ec	112f9353	fmul.s	f6,f31,f18	 f31:0x7fc00000 f18:0x00000000  f6=0x7fc00000
     360815.000 ns	     36080	800076f0	203ea9d3	fsgnjx.s	f19,f29,f3	 f29:0x000001fd  f3:0x00000000 f19=0x000001fd
     360855.000 ns	     36084	800076f4	1027afd3	fmul.s	f31,f15,f2	 f15:0x00000000  f2:0x00000000 f31=0x00000000
     360875.000 ns	     36086	800076f8	c2714213	xori	x4,x2,-985	  x2:0x80040fe4  x4=0x7ffbf3c3
     360885.000 ns	     36087	800076fc	1d3e4393	xori	x7,x28,467	 x28:0x00000001  x7=0x000001d2
     360925.000 ns	     36091	80007700	087b7653	fsub.s	f12,f22,f7	 f22:0x7fc00000  f7:0x00000000 f12=0x7fc00000
     360955.000 ns	     36094	80007704	20779353	fsgnjn.s	f6,f15,f7	 f15:0x00000000  f7:0x00000000  f6=0x80000000
     361005.000 ns	     36099	80007708	0904bb53	fsub.s	f22,f9,f16	  f9:0x00000000 f16:0x40e00000 f22=0xc0e00000
     361055.000 ns	     36104	8000770c	014d73d3	fadd.s	f7,f26,f20	 f26:0x7fc00000 f20:0x7fc00000  f7=0x7fc00000
     361085.000 ns	     36107	80007710	e00c14d3	fclass.s	x9,f24	 f24:0x7fc00000  x9=0x00000200
     361115.000 ns	     36110	80007714	210c2f53	fsgnjx.s	f30,f24,f16	 f24:0x7fc00000 f16:0x40e00000 f30=0x7fc00000
     361135.000 ns	     36112	80007718	00db94b3	sll	x9,x23,x13	 x23:0x00000000 x13:0x00000109  x9=0x00000000
     361145.000 ns	     36113	8000771c	407858b3	sra	x17,x16,x7	 x16:0x00000000  x7:0x000001d2 x17=0x00000000
     361175.000 ns	     36116	80007720	58037cd3	fsqrt.s	f25,f6	  f6:0x80000000 f25=0x80000000
     361205.000 ns	     36119	80007724	e00b8453	fmv.x.w	x8,f23	 f23:0x7fc00000  x8=0x7fc00000
     361235.000 ns	     36122	80007728	29c508d3	fmin.s	f17,f10,f28	 f10:0x40e00000 f28:0x80000000 f17=0x80000000
     361275.000 ns	     36126	8000772c	110df2d3	fmul.s	f5,f27,f16	 f27:0xc00c27ba f16:0x40e00000  f5=0xc1754586
     361305.000 ns	     36129	80007730	213589d3	fsgnj.s	f19,f11,f19	 f11:0x00000000 f19:0x000001fd f19=0x00000000
     361325.000 ns	     36131	80007734	00d3d333	srl	x6,x7,x13	  x7:0x000001d2 x13:0x00000109  x6=0x00000000
     361345.000 ns	     36133	80007738	e00d12d3	fclass.s	x5,f26	 f26:0x7fc00000  x5=0x00000200
     361365.000 ns	     36135	8000773c	ee988393	addi	x7,x17,-279	 x17:0x00000000  x7=0xfffffee9
     361385.000 ns	     36137	80007740	293f8ad3	fmin.s	f21,f31,f19	 f31:0x00000000 f19:0x00000000 f21=0x00000000
     361415.000 ns	     36140	80007744	c0050553	fcvt.w.s	x10,f10	 f10:0x40e00000 x10=0x00000007
     361435.000 ns	     36142	80007748	01e3bc33	sltu	x24,x7,x30	  x7:0xfffffee9 x30:0x00000001 x24=0x00000000
     361445.000 ns	     36143	8000774c	b9d247b7	lui	x15,0xb9d24	 x15=0xb9d24000
     361455.000 ns	     36144	80007750	00f99eb3	sll	x29,x19,x15	 x19:0x00000000 x15:0x000007f8 x29=0x00000000
     361475.000 ns	     36146	80007754	21278953	fsgnj.s	f18,f15,f18	 f15:0x00000000 f18:0x00000000 f18=0x00000000
     361515.000 ns	     36150	80007758	1911a8d3	fdiv.s	f17,f3,f17	  f3:0x00000000 f17:0x80000000 f17=0x7fc00000
     361535.000 ns	     36152	8000775c	5c954813	xori	x16,x10,1481	 x10:0x00000007 x16=0x000005ce
     361555.000 ns	     36154	80007760	a076ae53	feq.s	x28,f13,f7	 f13:0x00000000  f7:0x7fc00000 x28=0x00000000
     361585.000 ns	     36157	80007764	a0450f53	fle.s	x30,f10,f4	 f10:0x40e00000  f4:0x4efff7e0 x30=0x00000001
     361615.000 ns	     36160	80007768	e00a91d3	fclass.s	x3,f21	 f21:0x00000000  x3=0x00000010
     361665.000 ns	     36165	8000776c	08ba73d3	fsub.s	f7,f20,f11	 f20:0x7fc00000 f11:0x00000000  f7=0x7fc00000
     361695.000 ns	     36168	80007770	f0028ad3	fmv.w.x	f21,x5	  x5:0x00000200 f21=0x00000200
     361715.000 ns	     36170	80007774	01d22cb3	slt	x25,x4,x29	  x4:0x7ffbf3c3 x29:0x00000000 x25=0x00000000
     361735.000 ns	     36172	80007778	02b1a633	mulhsu	x12,x3,x11	  x3:0x00000010 x11:0x80000000 x12=0x00000008
     361765.000 ns	     36175	8000777c	0335e333	rem	x6,x11,x19	 x11:0x80000000 x19:0x00000000  x6=0x80000000
     361785.000 ns	     36177	80007780	bd2818b7	lui	x17,0xbd281	 x17=0xbd281000
     361805.000 ns	     36179	80007784	f0030753	fmv.w.x	f14,x6	  x6:0x80000000 f14=0x80000000
     361825.000 ns	     36181	80007788	91bcf893	andi	x17,x25,-1765	 x25:0x00000000 x17=0x00000000
     361845.000 ns	     36183	8000778c	e00e06d3	fmv.x.w	x13,f28	 f28:0x80000000 x13=0x80000000
     361885.000 ns	     36187	80007790	19e5fc53	fdiv.s	f24,f11,f30	 f11:0x00000000 f30:0x7fc00000 f24=0x7fc00000
     361905.000 ns	     36189	80007794	005b1993	slli	x19,x22,0x5	 x22:0x80041024 x19=0x00820480
     361925.000 ns	     36191	80007798	c016fc53	fcvt.wu.s	x24,f13	 f13:0x00000000 x24=0x00000000
     362295.000 ns	     36228	8000779c	03387933	remu	x18,x16,x19	 x16:0x000005ce x19:0x00000000 x18=0x000005ce
     362315.000 ns	     36230	800077a0	e0e5b993	sltiu	x19,x11,-498	 x11:0x80000000 x19=0x00000001
     362335.000 ns	     36232	800077a4	034a3233	mulhu	x4,x20,x20	 x20:0x00000000 x20:0x00000000  x4=0x00000000
     362355.000 ns	     36234	800077a8	00445bb3	srl	x23,x8,x4	  x8:0x7fc00000  x4:0x7ffbf3c3 x23=0x7fc00000
     362375.000 ns	     36236	800077ac	c0038dd3	fcvt.w.s	x27,f7	  f7:0x7fc00000 x27=0x7fffffff
     362395.000 ns	     36238	800077b0	018269b3	or	x19,x4,x24	  x4:0x00000000 x24:0x00000000 x19=0x00000000
     362415.000 ns	     36240	800077b4	f00e06d3	fmv.w.x	f13,x28	 x28:0x00000000 f13=0x00000000
     362435.000 ns	     36242	800077b8	000bde13	srli	x28,x23,0x0	 x23:0x7fc00000 x28=0x7fc00000
     362445.000 ns	     36243	800077bc	42556a13	ori	x20,x10,1061	 x10:0x00000007 x20=0x00000427
     362455.000 ns	     36244	800077c0	1075f213	andi	x4,x11,263	 x11:0x80000000  x4=0x00000000
     362475.000 ns	     36246	800077c4	c00af253	fcvt.w.s	x4,f21	 f21:0x00000200  x4=0x00000000
     362845.000 ns	     36283	800077c8	0304d333	divu	x6,x9,x16	  x9:0x00000000 x16:0x000005ce  x6=0x00000000
     362865.000 ns	     36285	800077cc	9e587913	andi	x18,x16,-1563	 x16:0x000005ce x18=0x000001c4
     362885.000 ns	     36287	800077d0	c0017253	fcvt.w.s	x4,f2	  f2:0x00000000  x4=0x00000000
     362915.000 ns	     36290	800077d4	e00f06d3	fmv.x.w	x13,f30	 f30:0x7fc00000 x13=0x7fc00000
     362935.000 ns	     36292	800077d8	713c2493	slti	x9,x24,1811	 x24:0x00000000  x9=0x00000001
     362955.000 ns	     36294	800077dc	0392e8b3	rem	x17,x5,x25	  x5:0x00000200 x25:0x00000000 x17=0x00000200
     362985.000 ns	     36297	800077e0	03638c33	mul	x24,x7,x22	  x7:0xfffffee9 x22:0x80041024 x24=0x7b9268c4
     363005.000 ns	     36299	800077e4	00835cb3	srl	x25,x6,x8	  x6:0x00000000  x8:0x7fc00000 x25=0x00000000
     363015.000 ns	     36300	800077e8	00ad5c93	srli	x25,x26,0xa	 x26:0x00000001 x25=0x00000000
     363035.000 ns	     36302	800077ec	f00b0053	fmv.w.x	f0,x22	 x22:0x80041024  f0=0x80041024
     363065.000 ns	     36305	800077f0	028a31b3	mulhu	x3,x20,x8	 x20:0x00000427  x8:0x7fc00000  x3=0x00000212
     363095.000 ns	     36308	800077f4	d008fad3	fcvt.s.w	f21,x17	 x17:0x00000200 f21=0x44000000
     363125.000 ns	     36311	800077f8	a1fb1053	flt.s	x0,f22,f31	 f22:0xc0e00000 f31:0x00000000
     363495.000 ns	     36348	800077fc	025ce2b3	rem	x5,x25,x5	 x25:0x00000000  x5:0x00000200  x5=0x00000000
     363525.000 ns	     36351	80007800	202382d3	fsgnj.s	f5,f7,f2	  f7:0x7fc00000  f2:0x00000000  f5=0x7fc00000
     363565.000 ns	     36355	80007804	19e5f053	fdiv.s	f0,f11,f30	 f11:0x00000000 f30:0x7fc00000  f0=0x7fc00000
     363585.000 ns	     36357	80007808	bfb77813	andi	x16,x14,-1029	 x14:0x00000000 x16=0x00000000
     363605.000 ns	     36359	8000780c	0218de33	divu	x28,x17,x1	 x17:0x00000200  x1:0x00000000 x28=0xffffffff
     363625.000 ns	     36361	80007810	33c03513	sltiu	x10,x0,828	  x0:0x00000000 x10=0x00000001
     363655.000 ns	     36364	80007814	580001d3	fsqrt.s	f3,f0	  f0:0x7fc00000  f3=0x7fc00000
     363675.000 ns	     36366	80007818	01865713	srli	x14,x12,0x18	 x12:0x00000008 x14=0x00000000
     363695.000 ns	     36368	8000781c	28b00053	fmin.s	f0,f0,f11	  f0:0x7fc00000 f11:0x00000000  f0=0x00000000
     363715.000 ns	     36370	80007820	01e46333	or	x6,x8,x30	  x8:0x7fc00000 x30:0x00000001  x6=0x7fc00001
     363725.000 ns	     36371	80007824	ec30eb93	ori	x23,x1,-317	  x1:0x00000000 x23=0xfffffec3
     363745.000 ns	     36373	80007828	e00300d3	fmv.x.w	x1,f6	  f6:0x80000000  x1=0x80000000
     363775.000 ns	     36376	8000782c	d01d4e53	fcvt.s.wu	f28,x26	 x26:0x00000001 f28=0x3f800000
     363795.000 ns	     36378	80007830	4fc8d1b7	lui	x3,0x4fc8d	  x3=0x4fc8d000
     363825.000 ns	     36381	80007834	58012f53	fsqrt.s	f30,f2	  f2:0x00000000 f30=0x00000000
     363845.000 ns	     36383	80007838	0032a533	slt	x10,x5,x3	  x5:0x00000000  x3:0x00000212 x10=0x00000001
     363865.000 ns	     36385	8000783c	c00a8fd3	fcvt.w.s	x31,f21	 f21:0x44000000 x31=0x00000200
     363885.000 ns	     36387	80007840	012d90b3	sll	x1,x27,x18	 x27:0x7fffffff x18:0x000001c4  x1=0xfffffff0
     363905.000 ns	     36389	80007844	d01e7f53	fcvt.s.wu	f30,x28	 x28:0xffffffff f30=0x4f7fffff
     363925.000 ns	     36391	80007848	4064d933	sra	x18,x9,x6	  x9:0x00000001  x6:0x7fc00001 x18=0x00000000
     363935.000 ns	     36392	8000784c	01c88833	add	x16,x17,x28	 x17:0x00000200 x28:0xffffffff x16=0x000001ff
     363955.000 ns	     36394	80007850	e0038d53	fmv.x.w	x26,f7	  f7:0x7fc00000 x26=0x7fc00000
     363975.000 ns	     36396	80007854	001d7e33	and	x28,x26,x1	 x26:0x00000001  x1:0xfffffff0 x28=0x7fc00000
     363985.000 ns	     36397	80007858	af61ea37	lui	x20,0xaf61e	 x20=0xaf61e000
     363995.000 ns	     36398	8000785c	6edc7513	andi	x10,x24,1773	 x24:0x7b9268c4 x10=0x000000c4
     364005.000 ns	     36399	80007860	01834233	xor	x4,x6,x24	  x6:0x7fc00001 x24:0x7b9268c4  x4=0x045268c5
     364015.000 ns	     36400	80007864	00770eb3	add	x29,x14,x7	 x14:0x00000000  x7:0xfffffee9 x29=0xfffffee9
     364035.000 ns	     36402	80007868	a1921053	flt.s	x0,f4,f25	  f4:0x4efff7e0 f25:0x80000000
     364075.000 ns	     36406	8000786c	105e38d3	fmul.s	f17,f28,f5	 f28:0x3f800000  f5:0x7fc00000 f17=0x7fc00000
     364095.000 ns	     36408	80007870	0149c733	xor	x14,x19,x20	 x19:0x00000000 x20:0xaf61e000 x14=0xaf61e000
     364115.000 ns	     36410	80007874	0247acb3	mulhsu	x25,x15,x4	 x15:0xb9d24000  x4:0x045268c5 x25=0xfed0b19f
     364145.000 ns	     36413	80007878	a19113d3	flt.s	x7,f2,f25	  f2:0x00000000 f25:0x80000000  x7=0x00000000
     364175.000 ns	     36416	8000787c	03336733	rem	x14,x6,x19	  x6:0x7fc00001 x19:0x00000000 x14=0x7fc00001
     364205.000 ns	     36419	80007880	031d02b3	mul	x5,x26,x17	 x26:0x7fc00000 x17:0x00000200  x5=0x80000000
     364235.000 ns	     36422	80007884	a08990d3	flt.s	x1,f19,f8	 f19:0x00000000  f8:0x80000000  x1=0x00000000
     364255.000 ns	     36424	80007888	001b1813	slli	x16,x22,0x1	 x22:0x80041024 x16=0x00082048
     364275.000 ns	     36426	8000788c	29c20d53	fmin.s	f26,f4,f28	  f4:0x4efff7e0 f28:0x3f800000 f26=0x3f800000
     364305.000 ns	     36429	80007890	03a881b3	mul	x3,x17,x26	 x17:0x00000200 x26:0x7fc00000  x3=0x80000000
     364325.000 ns	     36431	80007894	88df8e93	addi	x29,x31,-1907	 x31:0x00000200 x29=0xfffffa8d
     364335.000 ns	     36432	80007898	d33c4093	xori	x1,x24,-717	 x24:0x7b9268c4  x1=0x846d95f7
     364355.000 ns	     36434	8000789c	e00b8453	fmv.x.w	x8,f23	 f23:0x7fc00000  x8=0x7fc00000
     364405.000 ns	     36439	800078a0	08ba9f53	fsub.s	f30,f21,f11	 f21:0x44000000 f11:0x00000000 f30=0x44000000
     364435.000 ns	     36442	800078a4	c0120653	fcvt.wu.s	x12,f4	  f4:0x4efff7e0 x12=0x7ffbf000
     364805.000 ns	     36479	800078a8	02b4e8b3	rem	x17,x9,x11	  x9:0x00000001 x11:0x80000000 x17=0x00000001
     364825.000 ns	     36481	800078ac	681da793	slti	x15,x27,1665	 x27:0x7fffffff x15=0x00000000
     364865.000 ns	     36485	800078b0	09fd4dd3	fsub.s	f27,f26,f31	 f26:0x3f800000 f31:0x00000000 f27=0x3f800000
     364885.000 ns	     36487	800078b4	009d93b3	sll	x7,x27,x9	 x27:0x7fffffff  x9:0x00000001  x7=0xfffffffe
     364905.000 ns	     36489	800078b8	212c1853	fsgnjn.s	f16,f24,f18	 f24:0x7fc00000 f18:0x00000000 f16=0xffc00000
     364935.000 ns	     36492	800078bc	035a0033	mul	x0,x20,x21	 x20:0xaf61e000 x21:0x00000030
     364955.000 ns	     36494	800078c0	00019093	slli	x1,x3,0x0	  x3:0x80000000  x1=0x80000000
     364975.000 ns	     36496	800078c4	d0137bd3	fcvt.s.wu	f23,x6	  x6:0x7fc00001 f23=0x4eff8000
     364995.000 ns	     36498	800078c8	00f1d0b3	srl	x1,x3,x15	  x3:0x80000000 x15:0x00000000  x1=0x80000000
     365015.000 ns	     36500	800078cc	a00797d3	flt.s	x15,f15,f0	 f15:0x00000000  f0:0x00000000 x15=0x00000000
     365035.000 ns	     36502	800078d0	41ffd713	srai	x14,x31,0x1f	 x31:0x00000200 x14=0x00000000
     365055.000 ns	     36504	800078d4	d0014ed3	fcvt.s.w	f29,x2	  x2:0x80040fe4 f29=0xcefff7e0
     365085.000 ns	     36507	800078d8	026a8c33	mul	x24,x21,x6	 x21:0x00000030  x6:0x7fc00001 x24=0xf4000030
     365115.000 ns	     36510	800078dc	c00201d3	fcvt.w.s	x3,f4	  f4:0x4efff7e0  x3=0x7ffbf000
     365145.000 ns	     36513	800078e0	e00108d3	fmv.x.w	x17,f2	  f2:0x00000000 x17=0x00000000
     365175.000 ns	     36516	800078e4	02923533	mulhu	x10,x4,x9	  x4:0x045268c5  x9:0x00000001 x10=0x00000000
     365205.000 ns	     36519	800078e8	218f2653	fsgnjx.s	f12,f30,f24	 f30:0x44000000 f24:0x7fc00000 f12=0x44000000
     365235.000 ns	     36522	800078ec	a07797d3	flt.s	x15,f15,f7	 f15:0x00000000  f7:0x7fc00000 x15=0x00000000
     365255.000 ns	     36524	800078f0	00935093	srli	x1,x6,0x9	  x6:0x7fc00001  x1=0x003fe000
     365265.000 ns	     36525	800078f4	00e15533	srl	x10,x2,x14	  x2:0x80040fe4 x14:0x00000000 x10=0x80040fe4
     365295.000 ns	     36528	800078f8	5806a253	fsqrt.s	f4,f13	 f13:0x00000000  f4=0x00000000
     365315.000 ns	     36530	800078fc	0c46f513	andi	x10,x13,196	 x13:0x7fc00000 x10=0x00000000
     365325.000 ns	     36531	80007900	00e1d693	srli	x13,x3,0xe	  x3:0x7ffbf000 x13=0x0001ffef
     365685.000 ns	     36567	80007904	02556fb3	rem	x31,x10,x5	 x10:0x80040fe4  x5:0x80000000 x31=0x00000000
     365705.000 ns	     36569	80007908	013588b3	add	x17,x11,x19	 x11:0x80000000 x19:0x00000000 x17=0x80000000
     365735.000 ns	     36572	8000790c	18127553	fdiv.s	f10,f4,f1	  f4:0x00000000  f1:0x00000001 f10=0x00000000
     365765.000 ns	     36575	80007910	291d07d3	fmin.s	f15,f26,f17	 f26:0x3f800000 f17:0x7fc00000 f15=0x3f800000
     365785.000 ns	     36577	80007914	15c02793	slti	x15,x0,348	  x0:0x00000000 x15=0x00000001
     365805.000 ns	     36579	80007918	a02e1ed3	flt.s	x29,f28,f2	 f28:0x3f800000  f2:0x00000000 x29=0x00000000
     365855.000 ns	     36584	8000791c	00f377d3	fadd.s	f15,f6,f15	  f6:0x80000000 f15:0x3f800000 f15=0x3f800000
     365875.000 ns	     36586	80007920	0137a833	slt	x16,x15,x19	 x15:0x00000001 x19:0x00000000 x16=0x00000000
     366235.000 ns	     36622	80007924	02227fb3	remu	x31,x4,x2	  x4:0x045268c5  x2:0x80040fe4 x31=0x045268c5
     366605.000 ns	     36659	80007928	03f360b3	rem	x1,x6,x31	  x6:0x7fc00001 x31:0x00000000  x1=0x026a21b0
     366655.000 ns	     36664	8000792c	018e3cd3	fadd.s	f25,f28,f24	 f28:0x3f800000 f24:0x7fc00000 f25=0x7fc00000
     366675.000 ns	     36666	80007930	01dfee33	or	x28,x31,x29	 x31:0x045268c5 x29:0x00000000 x28=0x045268c5
     366705.000 ns	     36669	80007934	11a67c53	fmul.s	f24,f12,f26	 f12:0x44000000 f26:0x3f800000 f24=0x44000000
     366745.000 ns	     36673	80007938	10d92c53	fmul.s	f24,f18,f13	 f18:0x00000000 f13:0x00000000 f24=0x00000000
     366765.000 ns	     36675	8000793c	00f75e33	srl	x28,x14,x15	 x14:0x00000000 x15:0x00000001 x28=0x00000000
     366775.000 ns	     36676	80007940	01ecfd33	and	x26,x25,x30	 x25:0xfed0b19f x30:0x00000001 x26=0x00000001
     366785.000 ns	     36677	80007944	0192fc33	and	x24,x5,x25	  x5:0x80000000 x25:0xfed0b19f x24=0x80000000
     366815.000 ns	     36680	80007948	199af0d3	fdiv.s	f1,f21,f25	 f21:0x44000000 f25:0x7fc00000  f1=0x7fc00000
     366845.000 ns	     36683	8000794c	026f16b3	mulh	x13,x30,x6	 x30:0x00000001  x6:0x7fc00001 x13=0x00000000
     366865.000 ns	     36685	80007950	407c8333	sub	x6,x25,x7	 x25:0xfed0b19f  x7:0xfffffffe  x6=0xfed0b1a1
     366885.000 ns	     36687	80007954	d00e24d3	fcvt.s.w	f9,x28	 x28:0x00000000  f9=0x00000000
     366905.000 ns	     36689	80007958	400add33	sra	x26,x21,x0	 x21:0x00000030  x0:0x00000000 x26=0x00000030
     366925.000 ns	     36691	8000795c	a16aa1d3	feq.s	x3,f21,f22	 f21:0x44000000 f22:0xc0e00000  x3=0x00000000
     366945.000 ns	     36693	80007960	0010c033	xor	x0,x1,x1	  x1:0x026a21b0  x1:0x026a21b0
     366965.000 ns	     36695	80007964	03e737b3	mulhu	x15,x14,x30	 x14:0x00000000 x30:0x00000001 x15=0x00000000
     366985.000 ns	     36697	80007968	00861db3	sll	x27,x12,x8	 x12:0x7ffbf000  x8:0x7fc00000 x27=0x7ffbf000
     367005.000 ns	     36699	8000796c	a02c2e53	feq.s	x28,f24,f2	 f24:0x00000000  f2:0x00000000 x28=0x00000001
     367025.000 ns	     36701	80007970	e0b18613	addi	x12,x3,-501	  x3:0x00000000 x12=0xfffffe0b
     367385.000 ns	     36737	80007974	021044b3	div	x9,x0,x1	  x0:0x00000000  x1:0x026a21b0  x9=0x00000000
     367405.000 ns	     36739	80007978	fb6ac293	xori	x5,x21,-74	 x21:0x00000030  x5=0xffffff86
     367415.000 ns	     36740	8000797c	c672b993	sltiu	x19,x5,-921	  x5:0x80000000 x19=0x00000000
     367435.000 ns	     36742	80007980	0233b6b3	mulhu	x13,x7,x3	  x7:0xfffffffe  x3:0x00000000 x13=0x00000000
     367465.000 ns	     36745	80007984	c0127653	fcvt.wu.s	x12,f4	  f4:0x00000000 x12=0x00000000
     367495.000 ns	     36748	80007988	280c9353	fmax.s	f6,f25,f0	 f25:0x7fc00000  f0:0x00000000  f6=0x00000000
     367525.000 ns	     36751	8000798c	03e89db3	mulh	x27,x17,x30	 x17:0x80000000 x30:0x00000001 x27=0xffffffff
     367545.000 ns	     36753	80007990	40a75893	srai	x17,x14,0xa	 x14:0x00000000 x17=0x00000000
     367905.000 ns	     36789	80007994	0227ebb3	rem	x23,x15,x2	 x15:0x00000000  x2:0x80040fe4 x23=0x00000000
     367925.000 ns	     36791	80007998	d73a0fb7	lui	x31,0xd73a0	 x31=0xd73a0000
     367945.000 ns	     36793	8000799c	03274733	div	x14,x14,x18	 x14:0x00000000 x18:0x00000000 x14=0xffffffff
     367965.000 ns	     36795	800079a0	633f84b7	lui	x9,0x633f8	  x9=0x633f8000
     368005.000 ns	     36799	800079a4	01ca7453	fadd.s	f8,f20,f28	 f20:0x7fc00000 f28:0x3f800000  f8=0x7fc00000
     368025.000 ns	     36801	800079a8	b7494613	xori	x12,x18,-1164	 x18:0x00000000 x12=0xfffffb74
     368045.000 ns	     36803	800079ac	c0137e53	fcvt.wu.s	x28,f6	  f6:0x00000000 x28=0x00000000
     368075.000 ns	     36806	800079b0	21761653	fsgnjn.s	f12,f12,f23	 f12:0x44000000 f23:0x4eff8000 f12=0xc4000000
     368105.000 ns	     36809	800079b4	02f217b3	mulh	x15,x4,x15	  x4:0x045268c5 x15:0x00000000 x15=0x00000000
     368135.000 ns	     36812	800079b8	03ccc7b3	div	x15,x25,x28	 x25:0xfed0b19f x28:0x00000000 x15=0xffffffff
     368175.000 ns	     36816	800079bc	1895f653	fdiv.s	f12,f11,f9	 f11:0x00000000  f9:0x00000000 f12=0x7fc00000
     368205.000 ns	     36819	800079c0	03376ab3	rem	x21,x14,x19	 x14:0xffffffff x19:0x00000000 x21=0xffffffff
     368235.000 ns	     36822	800079c4	c00cb0d3	fcvt.w.s	x1,f25	 f25:0x7fc00000  x1=0x7fffffff
     369415.000 ns	     36940	800079c8	580d8553	fsqrt.s	f10,f27	 f27:0x3f800000 f10=0x3f7fffae
     369785.000 ns	     36977	800079cc	02535eb3	divu	x29,x6,x5	  x6:0xfed0b1a1  x5:0xffffff86 x29=0x00000000
     369805.000 ns	     36979	800079d0	00ba33b3	sltu	x7,x20,x11	 x20:0xaf61e000 x11:0x80000000  x7=0x00000000
     369825.000 ns	     36981	800079d4	a0762ed3	feq.s	x29,f12,f7	 f12:0x7fc00000  f7:0x7fc00000 x29=0x00000000
     369875.000 ns	     36986	800079d8	091d7b53	fsub.s	f22,f26,f17	 f26:0x3f800000 f17:0x7fc00000 f22=0x7fc00000
     369905.000 ns	     36989	800079dc	a13b1ad3	flt.s	x21,f22,f19	 f22:0xc0e00000 f19:0x00000000 x21=0x00000000
     369935.000 ns	     36992	800079e0	032aeeb3	rem	x29,x21,x18	 x21:0xffffffff x18:0x00000000 x29=0x00000000
     369965.000 ns	     36995	800079e4	20ea0cd3	fsgnj.s	f25,f20,f14	 f20:0x7fc00000 f14:0x80000000 f25=0xffc00000
     369995.000 ns	     36998	800079e8	d01877d3	fcvt.s.wu	f15,x16	 x16:0x00000000 f15=0x00000000
     370015.000 ns	     37000	800079ec	012dac33	slt	x24,x27,x18	 x27:0xffffffff x18:0x00000000 x24=0x00000001
     370025.000 ns	     37001	800079f0	000361b3	or	x3,x6,x0	  x6:0xfed0b1a1  x0:0x00000000  x3=0xfed0b1a1
     370055.000 ns	     37004	800079f4	11b99cd3	fmul.s	f25,f19,f27	 f19:0x00000000 f27:0x3f800000 f25=0x00000000
     370075.000 ns	     37006	800079f8	00689bb3	sll	x23,x17,x6	 x17:0x00000000  x6:0xfed0b1a1 x23=0x00000000
     370095.000 ns	     37008	800079fc	f0088a53	fmv.w.x	f20,x17	 x17:0x00000000 f20=0x00000000
     370115.000 ns	     37010	80007a00	01509e93	slli	x29,x1,0x15	  x1:0x7fffffff x29=0xffe00000
     370125.000 ns	     37011	80007a04	019df3b3	and	x7,x27,x25	 x27:0xffffffff x25:0xfed0b19f  x7=0xfed0b19f
     370135.000 ns	     37012	80007a08	1d874993	xori	x19,x14,472	 x14:0xffffffff x19=0xfffffe27
     370155.000 ns	     37014	80007a0c	02a7cbb3	div	x23,x15,x10	 x15:0xffffffff x10:0x00000000 x23=0xffffffff
     370185.000 ns	     37017	80007a10	21d5a753	fsgnjx.s	f14,f11,f29	 f11:0x00000000 f29:0xcefff7e0 f14=0x80000000
     370235.000 ns	     37022	80007a14	0882f4d3	fsub.s	f9,f5,f8	  f5:0x7fc00000  f8:0x7fc00000  f9=0x7fc00000
     370265.000 ns	     37025	80007a18	0230abb3	mulhsu	x23,x1,x3	  x1:0x7fffffff  x3:0xfed0b1a1 x23=0x7f6858cf
     370295.000 ns	     37028	80007a1c	206b2253	fsgnjx.s	f4,f22,f6	 f22:0x7fc00000  f6:0x00000000  f4=0x7fc00000
     370325.000 ns	     37031	80007a20	28c100d3	fmin.s	f1,f2,f12	  f2:0x00000000 f12:0x7fc00000  f1=0x00000000
     370375.000 ns	     37036	80007a24	01df1153	fadd.s	f2,f30,f29	 f30:0x44000000 f29:0xcefff7e0  f2=0xcefff7dc
     370405.000 ns	     37039	80007a28	a02616d3	flt.s	x13,f12,f2	 f12:0x7fc00000  f2:0x00000000 x13=0x00000000
     370425.000 ns	     37041	80007a2c	0131c4b3	xor	x9,x3,x19	  x3:0xfed0b1a1 x19:0xfffffe27  x9=0x012f4f86
     370435.000 ns	     37042	80007a30	015ef7b3	and	x15,x29,x21	 x29:0xffe00000 x21:0x00000000 x15=0x00000000
     370795.000 ns	     37078	80007a34	02335ab3	divu	x21,x6,x3	  x6:0xfed0b1a1  x3:0xfed0b1a1 x21=0x00000001
     370815.000 ns	     37080	80007a38	b35c6e93	ori	x29,x24,-1227	 x24:0x00000001 x29=0xfffffb35
     370855.000 ns	     37084	80007a3c	097f7ad3	fsub.s	f21,f30,f23	 f30:0x44000000 f23:0x4eff8000 f21=0xceff7ffc
     370885.000 ns	     37087	80007a40	0206f7b3	remu	x15,x13,x0	 x13:0x00000000  x0:0x00000000 x15=0x00000000
     370915.000 ns	     37090	80007a44	c01b9f53	fcvt.wu.s	x30,f23	 f23:0x4eff8000 x30=0x7fc00000
     370935.000 ns	     37092	80007a48	41005493	srai	x9,x0,0x10	  x0:0x00000000  x9=0x00000000
     370955.000 ns	     37094	80007a4c	e00c19d3	fclass.s	x19,f24	 f24:0x00000000 x19=0x00000010
     370975.000 ns	     37096	80007a50	00000013	addi	x0,x0,0	  x0:0x00000000
     370985.000 ns	     37097	80007a54	41e6d893	srai	x17,x13,0x1e	 x13:0x00000000 x17=0x00000000
     370995.000 ns	     37098	80007a58	411fdcb3	sra	x25,x31,x17	 x31:0xd73a0000 x17:0x00000000 x25=0xd73a0000
     371025.000 ns	     37101	80007a5c	119072d3	fmul.s	f5,f0,f25	  f0:0x00000000 f25:0x00000000  f5=0x00000000
     371055.000 ns	     37104	80007a60	28000ad3	fmin.s	f21,f0,f0	  f0:0x00000000  f0:0x00000000 f21=0x00000000
     371075.000 ns	     37106	80007a64	00000013	addi	x0,x0,0	  x0:0x00000000
     371435.000 ns	     37142	80007a68	03a44633	div	x12,x8,x26	  x8:0x7fc00000 x26:0x00000030 x12=0x02a95555
     371465.000 ns	     37145	80007a6c	e0061ad3	fclass.s	x21,f12	 f12:0x7fc00000 x21=0x00000200
     371495.000 ns	     37148	80007a70	20068fd3	fsgnj.s	f31,f13,f0	 f13:0x00000000  f0:0x00000000 f31=0x00000000
     371515.000 ns	     37150	80007a74	08958193	addi	x3,x11,137	 x11:0x80000000  x3=0x80000089
     371535.000 ns	     37152	80007a78	c01c7c53	fcvt.wu.s	x24,f24	 f24:0x00000000 x24=0x00000000
     371565.000 ns	     37155	80007a7c	e00e1953	fclass.s	x18,f28	 f28:0x3f800000 x18=0x00000040
     371935.000 ns	     37192	80007a80	025dcc33	div	x24,x27,x5	 x27:0xffffffff  x5:0xffffff86 x24=0x00000000
     371955.000 ns	     37194	80007a84	407f02b3	sub	x5,x30,x7	 x30:0x7fc00000  x7:0xfed0b19f  x5=0x80ef4e61
     371975.000 ns	     37196	80007a88	e00b12d3	fclass.s	x5,f22	 f22:0x7fc00000  x5=0x00000200
     372345.000 ns	     37233	80007a8c	02c4e7b3	rem	x15,x9,x12	  x9:0x00000000 x12:0x02a95555 x15=0x00000000
     372375.000 ns	     37236	80007a90	a02d9a53	flt.s	x20,f27,f2	 f27:0x3f800000  f2:0xcefff7dc x20=0x00000000
     372395.000 ns	     37238	80007a94	00000013	addi	x0,x0,0	  x0:0x00000000
     372405.000 ns	     37239	80007a98	75a3a317	auipc	x6,0x75a3a	  x6=0xf5a41a98
     372415.000 ns	     37240	80007a9c	00cd52b3	srl	x5,x26,x12	 x26:0x00000030 x12:0x02a95555  x5=0x00000000
     372435.000 ns	     37242	80007aa0	0221a7b3	mulhsu	x15,x3,x2	  x3:0x80000089  x2:0x80040fe4 x15=0xbffdf852
     372465.000 ns	     37245	80007aa4	030d5db3	divu	x27,x26,x16	 x26:0x00000030 x16:0x00000000 x27=0xffffffff
     372495.000 ns	     37248	80007aa8	29c68b53	fmin.s	f22,f13,f28	 f13:0x00000000 f28:0x3f800000 f22=0x00000000
     372515.000 ns	     37250	80007aac	3f92e713	ori	x14,x5,1017	  x5:0x00000000 x14=0x000003f9
     372525.000 ns	     37251	80007ab0	410c5033	sra	x0,x24,x16	 x24:0x00000000 x16:0x00000000
     372535.000 ns	     37252	80007ab4	00927333	and	x6,x4,x9	  x4:0x045268c5  x9:0x00000000  x6=0x00000000
     372565.000 ns	     37255	80007ab8	5801bc53	fsqrt.s	f24,f3	  f3:0x7fc00000 f24=0x7fc00000
     372585.000 ns	     37257	80007abc	007c1833	sll	x16,x24,x7	 x24:0x00000000  x7:0xfed0b19f x16=0x00000000
     372605.000 ns	     37259	80007ac0	a03c2f53	feq.s	x30,f24,f3	 f24:0x7fc00000  f3:0x7fc00000 x30=0x00000000
     372625.000 ns	     37261	80007ac4	2de312b7	lui	x5,0x2de31	  x5=0x2de31000
     372645.000 ns	     37263	80007ac8	29180fd3	fmin.s	f31,f16,f17	 f16:0xffc00000 f17:0x7fc00000 f31=0x7fc00000
     372675.000 ns	     37266	80007acc	f0050553	fmv.w.x	f10,x10	 x10:0x00000000 f10=0x00000000
     372705.000 ns	     37269	80007ad0	c0148253	fcvt.wu.s	x4,f9	  f9:0x7fc00000  x4=0xffffffff
     372735.000 ns	     37272	80007ad4	02cb0bb3	mul	x23,x22,x12	 x22:0x80041024 x12:0x02a95555 x23=0xca794ff4
     372755.000 ns	     37274	80007ad8	0057dd13	srli	x26,x15,0x5	 x15:0xbffdf852 x26=0x05ffefc2
     372795.000 ns	     37278	80007adc	01bc0fd3	fadd.s	f31,f24,f27	 f24:0x7fc00000 f27:0x3f800000 f31=0x7fc00000
     372815.000 ns	     37280	80007ae0	01b9ee33	or	x28,x19,x27	 x19:0x00000010 x27:0xffffffff x28=0xffffffff
     372835.000 ns	     37282	80007ae4	03b68bb3	mul	x23,x13,x27	 x13:0x00000000 x27:0xffffffff x23=0x00000000
     372855.000 ns	     37284	80007ae8	010e5933	srl	x18,x28,x16	 x28:0x00000000 x16:0x00000000 x18=0xffffffff
     372875.000 ns	     37286	80007aec	c00371d3	fcvt.w.s	x3,f6	  f6:0x00000000  x3=0x00000000
     373245.000 ns	     37323	80007af0	0215d0b3	divu	x1,x11,x1	 x11:0x80000000  x1:0x7fffffff  x1=0x00000001
     373275.000 ns	     37326	80007af4	d005aa53	fcvt.s.w	f20,x11	 x11:0x80000000 f20=0xcf000000
     373295.000 ns	     37328	80007af8	0040b1b3	sltu	x3,x1,x4	  x1:0x00000001  x4:0xffffffff  x3=0x00000001
     373305.000 ns	     37329	80007afc	00937a33	and	x20,x6,x9	  x6:0x00000000  x9:0x00000000 x20=0x00000000
     373315.000 ns	     37330	80007b00	019799b3	sll	x19,x15,x25	 x15:0xbffdf852 x25:0xd73a0000 x19=0xbffdf852
     373325.000 ns	     37331	80007b04	00609333	sll	x6,x1,x6	  x1:0x00000001  x6:0x00000000  x6=0x00000001
     373345.000 ns	     37333	80007b08	287d11d3	fmax.s	f3,f26,f7	 f26:0x3f800000  f7:0x7fc00000  f3=0x3f800000
     373365.000 ns	     37335	80007b0c	3d728193	addi	x3,x5,983	  x5:0x2de31000  x3=0x2de313d7
     373375.000 ns	     37336	80007b10	01da6bb3	or	x23,x20,x29	 x20:0x00000000 x29:0xfffffb35 x23=0xfffffb35
     373405.000 ns	     37339	80007b14	11e57453	fmul.s	f8,f10,f30	 f10:0x00000000 f30:0x44000000  f8=0x00000000
     373425.000 ns	     37341	80007b18	01f2e733	or	x14,x5,x31	  x5:0x2de31000 x31:0xd73a0000 x14=0xfffb1000
     373435.000 ns	     37342	80007b1c	41efd293	srai	x5,x31,0x1e	 x31:0xd73a0000  x5=0xffffffff
     373445.000 ns	     37343	80007b20	7cd3fdb7	lui	x27,0x7cd3f	 x27=0x7cd3f000
     373455.000 ns	     37344	80007b24	002ca433	slt	x8,x25,x2	 x25:0xd73a0000  x2:0x80040fe4  x8=0x00000000
     373475.000 ns	     37346	80007b28	29018953	fmin.s	f18,f3,f16	  f3:0x3f800000 f16:0xffc00000 f18=0x3f800000
     373495.000 ns	     37348	80007b2c	01bc17b3	sll	x15,x24,x27	 x24:0x00000000 x27:0x7cd3f000 x15=0x00000000
     373855.000 ns	     37384	80007b30	035cf333	remu	x6,x25,x21	 x25:0xd73a0000 x21:0x00000200  x6=0x00000000
     373885.000 ns	     37387	80007b34	d012c2d3	fcvt.s.wu	f5,x5	  x5:0xffffffff  f5=0x4f800000
     373915.000 ns	     37390	80007b38	21e217d3	fsgnjn.s	f15,f4,f30	  f4:0x7fc00000 f30:0x44000000 f15=0xffc00000
     373935.000 ns	     37392	80007b3c	01931d13	slli	x26,x6,0x19	  x6:0x00000000 x26=0x00000000
     373955.000 ns	     37394	80007b40	29070153	fmin.s	f2,f14,f16	 f14:0x80000000 f16:0xffc00000  f2=0x80000000
     373985.000 ns	     37397	80007b44	026607b3	mul	x15,x12,x6	 x12:0x02a95555  x6:0x00000000 x15=0x00000000
     374005.000 ns	     37399	80007b48	011ba933	slt	x18,x23,x17	 x23:0xfffffb35 x17:0x00000000 x18=0x00000001
     374025.000 ns	     37401	80007b4c	d00643d3	fcvt.s.w	f7,x12	 x12:0x02a95555  f7=0x4c2a5555
     374045.000 ns	     37403	80007b50	009f7033	and	x0,x30,x9	 x30:0x00000000  x9:0x00000000
     374055.000 ns	     37404	80007b54	001c83b3	add	x7,x25,x1	 x25:0xd73a0000  x1:0x00000001  x7=0xd73a0001
     374065.000 ns	     37405	80007b58	40ee8533	sub	x10,x29,x14	 x29:0xfffffb35 x14:0xfffb1000 x10=0x0004eb35
     374095.000 ns	     37408	80007b5c	19f7fc53	fdiv.s	f24,f15,f31	 f15:0xffc00000 f31:0x7fc00000 f24=0x7fc00000
     374125.000 ns	     37411	80007b60	21d62553	fsgnjx.s	f10,f12,f29	 f12:0x7fc00000 f29:0xcefff7e0 f10=0xffc00000
     374145.000 ns	     37413	80007b64	0174d4b3	srl	x9,x9,x23	  x9:0x00000000 x23:0xfffffb35  x9=0x00000000
     374505.000 ns	     37449	80007b68	0395d7b3	divu	x15,x11,x25	 x11:0x80000000 x25:0xd73a0000 x15=0x00000000
     374875.000 ns	     37486	80007b6c	02296733	rem	x14,x18,x2	 x18:0x00000001  x2:0x80040fe4 x14=0x00000001
     374905.000 ns	     37489	80007b70	a1618dd3	fle.s	x27,f3,f22	  f3:0x3f800000 f22:0x00000000 x27=0x00000000
     374925.000 ns	     37491	80007b74	654cba13	sltiu	x20,x25,1620	 x25:0xd73a0000 x20=0x00000000
     374935.000 ns	     37492	80007b78	04f3d2b7	lui	x5,0x4f3d	  x5=0x04f3d000
     374945.000 ns	     37493	80007b7c	00bd5293	srli	x5,x26,0xb	 x26:0x00000000  x5=0x00000000
     374955.000 ns	     37494	80007b80	3bf8f013	andi	x0,x17,959	 x17:0x00000000
     374975.000 ns	     37496	80007b84	a16419d3	flt.s	x19,f8,f22	  f8:0x00000000 f22:0x00000000 x19=0x00000000
     375005.000 ns	     37499	80007b88	0268efb3	rem	x31,x17,x6	 x17:0x00000000  x6:0x00000000 x31=0x00000000
     375025.000 ns	     37501	80007b8c	0105c2b3	xor	x5,x11,x16	 x11:0x80000000 x16:0x00000000  x5=0x80000000
     375035.000 ns	     37502	80007b90	00000013	addi	x0,x0,0	  x0:0x00000000
     375045.000 ns	     37503	80007b94	40f250b3	sra	x1,x4,x15	  x4:0xffffffff x15:0x00000000  x1=0xffffffff
     375065.000 ns	     37505	80007b98	d01f94d3	fcvt.s.wu	f9,x31	 x31:0x00000000  f9=0x00000000
     375095.000 ns	     37508	80007b9c	025b9db3	mulh	x27,x23,x5	 x23:0xfffffb35  x5:0x80000000 x27=0x00000265
     375115.000 ns	     37510	80007ba0	407b5f93	srai	x31,x22,0x7	 x22:0x80041024 x31=0xff000820
     375135.000 ns	     37512	80007ba4	a0041753	flt.s	x14,f8,f0	  f8:0x00000000  f0:0x00000000 x14=0x00000000
     375155.000 ns	     37514	80007ba8	01f0ae33	slt	x28,x1,x31	  x1:0xffffffff x31:0x00000000 x28=0x00000000
     375175.000 ns	     37516	80007bac	21168d53	fsgnj.s	f26,f13,f17	 f13:0x00000000 f17:0x7fc00000 f26=0x00000000
     375195.000 ns	     37518	80007bb0	00000013	addi	x0,x0,0	  x0:0x00000000
     375205.000 ns	     37519	80007bb4	0054df93	srli	x31,x9,0x5	  x9:0x00000000 x31=0x00000000
     375565.000 ns	     37555	80007bb8	0247fa33	remu	x20,x15,x4	 x15:0x00000000  x4:0xffffffff x20=0x00000000
     375615.000 ns	     37560	80007bbc	08fcff53	fsub.s	f30,f25,f15	 f25:0x00000000 f15:0xffc00000 f30=0x7fc00000
     375635.000 ns	     37562	80007bc0	00180833	add	x16,x16,x1	 x16:0x00000000  x1:0xffffffff x16=0xffffffff
     375665.000 ns	     37565	80007bc4	19047353	fdiv.s	f6,f8,f16	  f8:0x00000000 f16:0xffc00000  f6=0x7fc00000
     375695.000 ns	     37568	80007bc8	033a5333	divu	x6,x20,x19	 x20:0x00000000 x19:0x00000000  x6=0xffffffff
     375745.000 ns	     37573	80007bcc	08d67d53	fsub.s	f26,f12,f13	 f12:0x7fc00000 f13:0x00000000 f26=0x7fc00000
     375775.000 ns	     37576	80007bd0	c00124d3	fcvt.w.s	x9,f2	  f2:0x80000000  x9=0x00000000
     375795.000 ns	     37578	80007bd4	003ceab3	or	x21,x25,x3	 x25:0xd73a0000  x3:0x2de313d7 x21=0xfffb13d7
     376155.000 ns	     37614	80007bd8	022e6fb3	rem	x31,x28,x2	 x28:0x00000000  x2:0x80040fe4 x31=0x00000000
     376185.000 ns	     37617	80007bdc	02eacdb3	div	x27,x21,x14	 x21:0x00000200 x14:0x00000000 x27=0xffffffff
     376205.000 ns	     37619	80007be0	e851b013	sltiu	x0,x3,-379	  x3:0x2de313d7
     376215.000 ns	     37620	80007be4	5842ee93	ori	x29,x5,1412	  x5:0x80000000 x29=0x80000584
     376235.000 ns	     37622	80007be8	0312f4b3	remu	x9,x5,x17	  x5:0x80000000 x17:0x00000000  x9=0x80000000
     376265.000 ns	     37625	80007bec	02814333	div	x6,x2,x8	  x2:0x80040fe4  x8:0x00000000  x6=0xffffffff
     376305.000 ns	     37629	80007bf0	58017cd3	fsqrt.s	f25,f2	  f2:0x80000000 f25=0x80000000
     376335.000 ns	     37632	80007bf4	a01a1c53	flt.s	x24,f20,f1	 f20:0xcf000000  f1:0x00000000 x24=0x00000001
     376365.000 ns	     37635	80007bf8	0345f933	remu	x18,x11,x20	 x11:0x80000000 x20:0x00000000 x18=0x80000000
     376395.000 ns	     37638	80007bfc	a0978253	fle.s	x4,f15,f9	 f15:0xffc00000  f9:0x00000000  x4=0x00000000
     376765.000 ns	     37675	80007c00	0227e033	rem	x0,x15,x2	 x15:0x00000000  x2:0x80040fe4
     376785.000 ns	     37677	80007c04	9bc57793	andi	x15,x10,-1604	 x10:0x0004eb35 x15=0x0004e934
     376805.000 ns	     37679	80007c08	023ea1b3	mulhsu	x3,x29,x3	 x29:0x80000584  x3:0x2de313d7  x3=0xe90e7711
     376855.000 ns	     37684	80007c0c	00d50cd3	fadd.s	f25,f10,f13	 f10:0xffc00000 f13:0x00000000 f25=0x7fc00000
     376885.000 ns	     37687	80007c10	e00a8253	fmv.x.w	x4,f21	 f21:0x00000000  x4=0x00000000
     376935.000 ns	     37692	80007c14	094b2553	fsub.s	f10,f22,f20	 f22:0x00000000 f20:0xcf000000 f10=0x4f000000
     376955.000 ns	     37694	80007c18	c3d90d93	addi	x27,x18,-963	 x18:0x80000000 x27=0x7ffffc3d
     376965.000 ns	     37695	80007c1c	00af4033	xor	x0,x30,x10	 x30:0x00000000 x10:0x0004eb35
     376975.000 ns	     37696	80007c20	30157893	andi	x17,x10,769	 x10:0x0004eb35 x17=0x00000301
     377005.000 ns	     37699	80007c24	1874c5d3	fdiv.s	f11,f9,f7	  f9:0x00000000  f7:0x4c2a5555 f11=0x00000000
     377025.000 ns	     37701	80007c28	d24cc813	xori	x16,x25,-732	 x25:0xd73a0000 x16=0x28c5fd24
     378195.000 ns	     37818	80007c2c	5803f453	fsqrt.s	f8,f7	  f7:0x4c2a5555  f8=0x4570e2d8
     378215.000 ns	     37820	80007c30	aa000d13	addi	x26,x0,-1376	  x0:0x00000000 x26=0xfffffaa0
     378235.000 ns	     37822	80007c34	e00881d3	fmv.x.w	x3,f17	 f17:0x7fc00000  x3=0x7fc00000
     378605.000 ns	     37859	80007c38	03557ab3	remu	x21,x10,x21	 x10:0x0004eb35 x21:0xfffb13d7 x21=0x0004eb35
     378645.000 ns	     37863	80007c3c	580c73d3	fsqrt.s	f7,f24	 f24:0x7fc00000  f7=0x7fc00000
     378675.000 ns	     37866	80007c40	02e0f6b3	remu	x13,x1,x14	  x1:0xffffffff x14:0x00000000 x13=0xffffffff
     378695.000 ns	     37868	80007c44	e5b6e493	ori	x9,x13,-421	 x13:0x00000000  x9=0xffffffff
     378705.000 ns	     37869	80007c48	00591333	sll	x6,x18,x5	 x18:0x80000000  x5:0x80000000  x6=0x80000000
     378735.000 ns	     37872	80007c4c	189bf753	fdiv.s	f14,f23,f9	 f23:0x4eff8000  f9:0x00000000 f14=0x7f800000
     378755.000 ns	     37874	80007c50	6fa66d13	ori	x26,x12,1786	 x12:0x02a95555 x26=0x02a957ff
     378765.000 ns	     37875	80007c54	cb812917	auipc	x18,0xcb812	 x18=0x4b819c54
     378775.000 ns	     37876	80007c58	7d8c6a13	ori	x20,x24,2008	 x24:0x00000001 x20=0x000007d9
     378785.000 ns	     37877	80007c5c	40bfddb3	sra	x27,x31,x11	 x31:0x00000000 x11:0x80000000 x27=0x00000000
     378805.000 ns	     37879	80007c60	023089b3	mul	x19,x1,x3	  x1:0xffffffff  x3:0x7fc00000 x19=0x80400000
     378835.000 ns	     37882	80007c64	a0db1953	flt.s	x18,f22,f13	 f22:0x00000000 f13:0x00000000 x18=0x00000000
     378855.000 ns	     37884	80007c68	f5057713	andi	x14,x10,-176	 x10:0x0004eb35 x14=0x0004eb10
     378865.000 ns	     37885	80007c6c	403e5693	srai	x13,x28,0x3	 x28:0x00000000 x13=0x00000000
     378875.000 ns	     37886	80007c70	13c83a17	auipc	x20,0x13c83	 x20=0x93c8ac70
     378895.000 ns	     37888	80007c74	d01b42d3	fcvt.s.wu	f5,x22	 x22:0x80041024  f5=0x4f000410
     378915.000 ns	     37890	80007c78	01067c33	and	x24,x12,x16	 x12:0x02a95555 x16:0x28c5fd24 x24=0x00815504
     378935.000 ns	     37892	80007c7c	0367abb3	mulhsu	x23,x15,x22	 x15:0x0004e934 x22:0x80041024 x23=0x000274ad
     378955.000 ns	     37894	80007c80	6160e413	ori	x8,x1,1558	  x1:0xffffffff  x8=0xffffffff
     378975.000 ns	     37896	80007c84	a1702353	feq.s	x6,f0,f23	  f0:0x00000000 f23:0x4eff8000  x6=0x00000000
     379315.000 ns	     37930	80007c88	183ea053	fdiv.s	f0,f29,f3	 f29:0xcefff7e0  f3:0x3f800000  f0=0xcefff718
     379335.000 ns	     37932	80007c8c	01950833	add	x16,x10,x25	 x10:0x0004eb35 x25:0xd73a0000 x16=0xd73eeb35
     379355.000 ns	     37934	80007c90	f0080953	fmv.w.x	f18,x16	 x16:0x28c5fd24 f18=0xd73eeb35
     379385.000 ns	     37937	80007c94	f0030153	fmv.w.x	f2,x6	  x6:0x00000000  f2=0x00000000
     379415.000 ns	     37940	80007c98	a02d9ad3	flt.s	x21,f27,f2	 f27:0x3f800000  f2:0x80000000 x21=0x00000000
     379465.000 ns	     37945	80007c9c	015e4d53	fadd.s	f26,f28,f21	 f28:0x3f800000 f21:0x00000000 f26=0x3f800000
     379485.000 ns	     37947	80007ca0	0084d893	srli	x17,x9,0x8	  x9:0xffffffff x17=0x00ffffff
     379495.000 ns	     37948	80007ca4	40c65fb3	sra	x31,x12,x12	 x12:0x02a95555 x12:0x02a95555 x31=0x00000015
     379505.000 ns	     37949	80007ca8	012a78b3	and	x17,x20,x18	 x20:0x93c8ac70 x18:0x00000000 x17=0x00000000
     379515.000 ns	     37950	80007cac	a8ad6f13	ori	x30,x26,-1398	 x26:0x02a957ff x30=0xffffffff
     379525.000 ns	     37951	80007cb0	0136cab3	xor	x21,x13,x19	 x13:0x00000000 x19:0x80400000 x21=0x80400000
     379545.000 ns	     37953	80007cb4	298c9953	fmax.s	f18,f25,f24	 f25:0x7fc00000 f24:0x7fc00000 f18=0x7fc00000
     379585.000 ns	     37957	80007cb8	184a0e53	fdiv.s	f28,f20,f4	 f20:0xcf000000  f4:0x7fc00000 f28=0x7fc00000
     379605.000 ns	     37959	80007cbc	ff2d6417	auipc	x8,0xff2d6	  x8=0x7f2ddcbc
     379625.000 ns	     37961	80007cc0	028b0eb3	mul	x29,x22,x8	 x22:0x80041024  x8:0xffffffff x29=0x332eca70
     379645.000 ns	     37963	80007cc4	5df58793	addi	x15,x11,1503	 x11:0x80000000 x15=0x800005df
     379655.000 ns	     37964	80007cc8	0002c033	xor	x0,x5,x0	  x5:0x80000000  x0:0x00000000
     379665.000 ns	     37965	80007ccc	41480933	sub	x18,x16,x20	 x16:0xd73eeb35 x20:0x93c8ac70 x18=0x43763ec5
     379705.000 ns	     37969	80007cd0	0098ab53	fadd.s	f22,f17,f9	 f17:0x7fc00000  f9:0x00000000 f22=0x7fc00000
     379735.000 ns	     37972	80007cd4	03b0b9b3	mulhu	x19,x1,x27	  x1:0xffffffff x27:0x00000000 x19=0x00000000
     379755.000 ns	     37974	80007cd8	ef96ea93	ori	x21,x13,-263	 x13:0x00000000 x21=0xfffffef9
     379775.000 ns	     37976	80007cdc	29008253	fmin.s	f4,f1,f16	  f1:0x00000000 f16:0xffc00000  f4=0x00000000
     379795.000 ns	     37978	80007ce0	01ef7eb3	and	x29,x30,x30	 x30:0xffffffff x30:0xffffffff x29=0xffffffff
     379805.000 ns	     37979	80007ce4	929b6f93	ori	x31,x22,-1751	 x22:0x80041024 x31=0xfffff92d
     379825.000 ns	     37981	80007ce8	0207a4b3	mulhsu	x9,x15,x0	 x15:0x800005df  x0:0x00000000  x9=0x00000000
     379845.000 ns	     37983	80007cec	86d4cab7	lui	x21,0x86d4c	 x21=0x86d4c000
     380205.000 ns	     38019	80007cf0	03744033	div	x0,x8,x23	  x8:0x7f2ddcbc x23:0x000274ad
     380235.000 ns	     38022	80007cf4	20b32dd3	fsgnjx.s	f27,f6,f11	  f6:0x7fc00000 f11:0x00000000 f27=0x7fc00000
     380265.000 ns	     38025	80007cf8	c0048fd3	fcvt.w.s	x31,f9	  f9:0x00000000 x31=0x00000000
     380295.000 ns	     38028	80007cfc	025b17b3	mulh	x15,x22,x5	 x22:0x80041024  x5:0x80000000 x15=0x3ffdf7ee
     380325.000 ns	     38031	80007d00	20ac2753	fsgnjx.s	f14,f24,f10	 f24:0x7fc00000 f10:0x4f000000 f14=0x7fc00000
     380345.000 ns	     38033	80007d04	05bf29b7	lui	x19,0x5bf2	 x19=0x05bf2000
     380355.000 ns	     38034	80007d08	00575033	srl	x0,x14,x5	 x14:0x0004eb10  x5:0x80000000
     380365.000 ns	     38035	80007d0c	00000013	addi	x0,x0,0	  x0:0x00000000
     380385.000 ns	     38037	80007d10	f0000ad3	fmv.w.x	f21,x0	  x0:0x00000000 f21=0x00000000
     380405.000 ns	     38039	80007d14	01be46b3	xor	x13,x28,x27	 x28:0x00000000 x27:0x00000000 x13=0x00000000
     380425.000 ns	     38041	80007d18	02ddca33	div	x20,x27,x13	 x27:0x00000000 x13:0x00000000 x20=0xffffffff
     380455.000 ns	     38044	80007d1c	f00d0553	fmv.w.x	f10,x26	 x26:0x02a957ff f10=0x02a957ff
     380475.000 ns	     38046	80007d20	58a8bc93	sltiu	x25,x17,1418	 x17:0x00000000 x25=0x00000001
     380485.000 ns	     38047	80007d24	015efa33	and	x20,x29,x21	 x29:0xffffffff x21:0x86d4c000 x20=0x86d4c000
     380505.000 ns	     38049	80007d28	c0090353	fcvt.w.s	x6,f18	 f18:0x7fc00000  x6=0x7fffffff
     380525.000 ns	     38051	80007d2c	0016aa33	slt	x20,x13,x1	 x13:0x00000000  x1:0xffffffff x20=0x00000000
     380545.000 ns	     38053	80007d30	e00484d3	fmv.x.w	x9,f9	  f9:0x00000000  x9=0x00000000
     380565.000 ns	     38055	80007d34	40ab88b3	sub	x17,x23,x10	 x23:0x000274ad x10:0x0004eb35 x17=0xfffd8978
     380575.000 ns	     38056	80007d38	013f1db3	sll	x27,x30,x19	 x30:0xffffffff x19:0x05bf2000 x27=0xffffffff
     380595.000 ns	     38058	80007d3c	29fd9753	fmax.s	f14,f27,f31	 f27:0x7fc00000 f31:0x7fc00000 f14=0x7fc00000
     380625.000 ns	     38061	80007d40	02359533	mulh	x10,x11,x3	 x11:0x80000000  x3:0x7fc00000 x10=0xc0200000
     380645.000 ns	     38063	80007d44	01f95533	srl	x10,x18,x31	 x18:0x43763ec5 x31:0x00000000 x10=0x43763ec5
     380655.000 ns	     38064	80007d48	718c0fb7	lui	x31,0x718c0	 x31=0x718c0000
     380675.000 ns	     38066	80007d4c	023822b3	mulhsu	x5,x16,x3	 x16:0xd73eeb35  x3:0x7fc00000  x5=0xeba9a5df
     380705.000 ns	     38069	80007d50	024b12b3	mulh	x5,x22,x4	 x22:0x80041024  x4:0x00000000  x5=0x00000000
     381075.000 ns	     38106	80007d54	02e35f33	divu	x30,x6,x14	  x6:0x7fffffff x14:0x0004eb10 x30=0x00001a06
     381445.000 ns	     38143	80007d58	02177233	remu	x4,x14,x1	 x14:0x0004eb10  x1:0xffffffff  x4=0x0004eb10
     381465.000 ns	     38145	80007d5c	99507493	andi	x9,x0,-1643	  x0:0x00000000  x9=0x00000000
     381475.000 ns	     38146	80007d60	010fdc33	srl	x24,x31,x16	 x31:0x718c0000 x16:0xd73eeb35 x24=0x0000038c
     381485.000 ns	     38147	80007d64	e33d6393	ori	x7,x26,-461	 x26:0x02a957ff  x7=0xffffffff
     381845.000 ns	     38183	80007d68	03fbd0b3	divu	x1,x23,x31	 x23:0x000274ad x31:0x718c0000  x1=0x00000000
     381865.000 ns	     38185	80007d6c	00611c33	sll	x24,x2,x6	  x2:0x80040fe4  x6:0x7fffffff x24=0x00000000
     381885.000 ns	     38187	80007d70	c0157353	fcvt.wu.s	x6,f10	 f10:0x02a957ff  x6=0x00000000
     381915.000 ns	     38190	80007d74	e00f0ad3	fmv.x.w	x21,f30	 f30:0x7fc00000 x21=0x7fc00000
     381965.000 ns	     38195	80007d78	016df553	fadd.s	f10,f27,f22	 f27:0x7fc00000 f22:0x7fc00000 f10=0x7fc00000
     381995.000 ns	     38198	80007d7c	d0129653	fcvt.s.wu	f12,x5	  x5:0x00000000 f12=0x00000000
     382025.000 ns	     38201	80007d80	f00b01d3	fmv.w.x	f3,x22	 x22:0x80041024  f3=0x80041024
     382045.000 ns	     38203	80007d84	00782333	slt	x6,x16,x7	 x16:0xd73eeb35  x7:0xffffffff  x6=0x00000001
     382055.000 ns	     38204	80007d88	92cf24b7	lui	x9,0x92cf2	  x9=0x92cf2000
     382075.000 ns	     38206	80007d8c	213b2753	fsgnjx.s	f14,f22,f19	 f22:0x7fc00000 f19:0x00000000 f14=0x7fc00000
     382105.000 ns	     38209	80007d90	a175a553	feq.s	x10,f11,f23	 f11:0x00000000 f23:0x4eff8000 x10=0x00000000
     382125.000 ns	     38211	80007d94	01f13833	sltu	x16,x2,x31	  x2:0x80040fe4 x31:0x718c0000 x16=0x00000000
     382135.000 ns	     38212	80007d98	415b5a93	srai	x21,x22,0x15	 x22:0x80041024 x21=0xfffffc00
     382145.000 ns	     38213	80007d9c	6ffbcf13	xori	x30,x23,1791	 x23:0x000274ad x30=0x00027252
     382165.000 ns	     38215	80007da0	03ed1c33	mulh	x24,x26,x30	 x26:0x02a957ff x30:0x00001a06 x24=0x00000682
     382185.000 ns	     38217	80007da4	0167a7b3	slt	x15,x15,x22	 x15:0x3ffdf7ee x22:0x80041024 x15=0x00000000
     382195.000 ns	     38218	80007da8	014d1e13	slli	x28,x26,0x14	 x26:0x02a957ff x28=0x7ff00000
     382215.000 ns	     38220	80007dac	a0830753	fle.s	x14,f6,f8	  f6:0x7fc00000  f8:0x4570e2d8 x14=0x00000000
     382245.000 ns	     38223	80007db0	c00f3c53	fcvt.w.s	x24,f30	 f30:0x7fc00000 x24=0x7fffffff
     382275.000 ns	     38226	80007db4	037837b3	mulhu	x15,x16,x23	 x16:0x00000000 x23:0x000274ad x15=0x00000000
     382305.000 ns	     38229	80007db8	e00d90d3	fclass.s	x1,f27	 f27:0x7fc00000  x1=0x00000200
     382325.000 ns	     38231	80007dbc	01af09b3	add	x19,x30,x26	 x30:0x00027252 x26:0x02a957ff x19=0x02abca51
     382335.000 ns	     38232	80007dc0	004c1eb3	sll	x29,x24,x4	 x24:0x7fffffff  x4:0x0004eb10 x29=0xffff0000
     382355.000 ns	     38234	80007dc4	21d3a6d3	fsgnjx.s	f13,f7,f29	  f7:0x7fc00000 f29:0xcefff7e0 f13=0xffc00000
     382385.000 ns	     38237	80007dc8	c01982d3	fcvt.wu.s	x5,f19	 f19:0x00000000  x5=0x00000000
     382425.000 ns	     38241	80007dcc	19c39453	fdiv.s	f8,f7,f28	  f7:0x7fc00000 f28:0x7fc00000  f8=0x7fc00000
     382445.000 ns	     38243	80007dd0	b1263f93	sltiu	x31,x12,-1262	 x12:0x02a95555 x31=0x00000001
     382455.000 ns	     38244	80007dd4	003f1033	sll	x0,x30,x3	 x30:0x00027252  x3:0x7fc00000
     382465.000 ns	     38245	80007dd8	4afc8393	addi	x7,x25,1199	 x25:0x00000001  x7=0x000004b0
     382475.000 ns	     38246	80007ddc	ebdc3313	sltiu	x6,x24,-323	 x24:0x7fffffff  x6=0x00000001
     382495.000 ns	     38248	80007de0	a1b29ad3	flt.s	x21,f5,f27	  f5:0x4f000410 f27:0x7fc00000 x21=0x00000000
     382515.000 ns	     38250	80007de4	0063c6b3	xor	x13,x7,x6	  x7:0x000004b0  x6:0x00000001 x13=0x000004b1
     382525.000 ns	     38251	80007de8	00000013	addi	x0,x0,0	  x0:0x00000000
     382535.000 ns	     38252	80007dec	0054e033	or	x0,x9,x5	  x9:0x92cf2000  x5:0x00000000
     382555.000 ns	     38254	80007df0	03390fb3	mul	x31,x18,x19	 x18:0x43763ec5 x19:0x02abca51 x31=0x1d884e55
     382585.000 ns	     38257	80007df4	03021233	mulh	x4,x4,x16	  x4:0x0004eb10 x16:0x00000000  x4=0x00000000
     382615.000 ns	     38260	80007df8	20359253	fsgnjn.s	f4,f11,f3	 f11:0x00000000  f3:0x80041024  f4=0x00000000
     382635.000 ns	     38262	80007dfc	548b6413	ori	x8,x22,1352	 x22:0x80041024  x8=0x8004156c
     382645.000 ns	     38263	80007e00	00000013	addi	x0,x0,0	  x0:0x00000000
     382665.000 ns	     38265	80007e04	d014c1d3	fcvt.s.wu	f3,x9	  x9:0x92cf2000  f3=0x4f12cf20
     382695.000 ns	     38268	80007e08	0385b8b3	mulhu	x17,x11,x24	 x11:0x80000000 x24:0x7fffffff x17=0x3fffffff
     382715.000 ns	     38270	80007e0c	0166d4b3	srl	x9,x13,x22	 x13:0x000004b1 x22:0x80041024  x9=0x0000004b
     382735.000 ns	     38272	80007e10	02fe53b3	divu	x7,x28,x15	 x28:0x7ff00000 x15:0x00000000  x7=0xffffffff
     382755.000 ns	     38274	80007e14	b9f6c393	xori	x7,x13,-1121	 x13:0x000004b1  x7=0xffffff2e
     382765.000 ns	     38275	80007e18	40a0d7b3	sra	x15,x1,x10	  x1:0x00000200 x10:0x00000000 x15=0x00000200
     382775.000 ns	     38276	80007e1c	0031d933	srl	x18,x3,x3	  x3:0x7fc00000  x3:0x7fc00000 x18=0x7fc00000
     382785.000 ns	     38277	80007e20	01c89733	sll	x14,x17,x28	 x17:0x3fffffff x28:0x7ff00000 x14=0x3fffffff
     382805.000 ns	     38279	80007e24	024af933	remu	x18,x21,x4	 x21:0x00000000  x4:0x00000000 x18=0x00000000
     382835.000 ns	     38282	80007e28	289982d3	fmin.s	f5,f19,f9	 f19:0x00000000  f9:0x00000000  f5=0x00000000
     382855.000 ns	     38284	80007e2c	45e96293	ori	x5,x18,1118	 x18:0x00000000  x5=0x0000045e
     382875.000 ns	     38286	80007e30	29438f53	fmin.s	f30,f7,f20	  f7:0x7fc00000 f20:0xcf000000 f30=0xcf000000
     382905.000 ns	     38289	80007e34	020d78b3	remu	x17,x26,x0	 x26:0x02a957ff  x0:0x00000000 x17=0x02a957ff
     382925.000 ns	     38291	80007e38	41770633	sub	x12,x14,x23	 x14:0x3fffffff x23:0x000274ad x12=0x3ffd8b52
     382965.000 ns	     38295	80007e3c	01687b53	fadd.s	f22,f16,f22	 f16:0xffc00000 f22:0x7fc00000 f22=0x7fc00000
     382995.000 ns	     38298	80007e40	a0b600d3	fle.s	x1,f12,f11	 f12:0x00000000 f11:0x00000000  x1=0x00000001
     383015.000 ns	     38300	80007e44	6447fd93	andi	x27,x15,1604	 x15:0x00000200 x27=0x00000200
     383035.000 ns	     38302	80007e48	02a723b3	mulhsu	x7,x14,x10	 x14:0x3fffffff x10:0x00000000  x7=0x00000000
     383055.000 ns	     38304	80007e4c	2d184413	xori	x8,x16,721	 x16:0x00000000  x8=0x000002d1
     383095.000 ns	     38308	80007e50	092676d3	fsub.s	f13,f12,f18	 f12:0x00000000 f18:0x7fc00000 f13=0x7fc00000
     383115.000 ns	     38310	80007e54	9a86e397	auipc	x7,0x9a86e	  x7=0x1a875e54
     383135.000 ns	     38312	80007e58	29c11553	fmax.s	f10,f2,f28	  f2:0x00000000 f28:0x7fc00000 f10=0x00000000
     383155.000 ns	     38314	80007e5c	ce362eb7	lui	x29,0xce362	 x29=0xce362000
     383515.000 ns	     38350	80007e60	03f9ef33	rem	x30,x19,x31	 x19:0x02abca51 x31:0x1d884e55 x30=0x02abca51
     383535.000 ns	     38352	80007e64	33c8ac97	auipc	x25,0x33c8a	 x25=0xb3c91e64
     383545.000 ns	     38353	80007e68	010c8cb3	add	x25,x25,x16	 x25:0x00000001 x16:0x00000000 x25=0xb3c91e64
     383555.000 ns	     38354	80007e6c	00000013	addi	x0,x0,0	  x0:0x00000000
     383565.000 ns	     38355	80007e70	014522b3	slt	x5,x10,x20	 x10:0x00000000 x20:0x00000000  x5=0x00000000
     383595.000 ns	     38358	80007e74	112d98d3	fmul.s	f17,f27,f18	 f27:0x7fc00000 f18:0x7fc00000 f17=0x7fc00000
     383625.000 ns	     38361	80007e78	020bd3b3	divu	x7,x23,x0	 x23:0x000274ad  x0:0x00000000  x7=0xffffffff
     383645.000 ns	     38363	80007e7c	41c20cb3	sub	x25,x4,x28	  x4:0x00000000 x28:0x7ff00000 x25=0x80100000
     383675.000 ns	     38366	80007e80	11b91f53	fmul.s	f30,f18,f27	 f18:0x7fc00000 f27:0x7fc00000 f30=0x7fc00000
     383695.000 ns	     38368	80007e84	4180db93	srai	x23,x1,0x18	  x1:0x00000001 x23=0x00000000
     383715.000 ns	     38370	80007e88	f00e02d3	fmv.w.x	f5,x28	 x28:0x7ff00000  f5=0x7ff00000
     383745.000 ns	     38373	80007e8c	a0101d53	flt.s	x26,f0,f1	  f0:0xcefff718  f1:0x00000000 x26=0x00000001
     383775.000 ns	     38376	80007e90	a03507d3	fle.s	x15,f10,f3	 f10:0x00000000  f3:0x4f12cf20 x15=0x00000001
     383795.000 ns	     38378	80007e94	00f73533	sltu	x10,x14,x15	 x14:0x3fffffff x15:0x00000200 x10=0x00000000
     383835.000 ns	     38382	80007e98	01a0ff53	fadd.s	f30,f1,f26	  f1:0x00000000 f26:0x3f800000 f30=0x3f800000
     383865.000 ns	     38385	80007e9c	28488653	fmin.s	f12,f17,f4	 f17:0x7fc00000  f4:0x00000000 f12=0x00000000
     383895.000 ns	     38388	80007ea0	28de1dd3	fmax.s	f27,f28,f13	 f28:0x7fc00000 f13:0x7fc00000 f27=0x7fc00000
     383915.000 ns	     38390	80007ea4	01489a13	slli	x20,x17,0x14	 x17:0x02a957ff x20=0x7ff00000
     383925.000 ns	     38391	80007ea8	0170d193	srli	x3,x1,0x17	  x1:0x00000001  x3=0x00000000
     383935.000 ns	     38392	80007eac	1765c993	xori	x19,x11,374	 x11:0x80000000 x19=0x80000176
     383955.000 ns	     38394	80007eb0	e0020c53	fmv.x.w	x24,f4	  f4:0x00000000 x24=0x00000000
     383985.000 ns	     38397	80007eb4	209c2953	fsgnjx.s	f18,f24,f9	 f24:0x7fc00000  f9:0x00000000 f18=0x7fc00000
     384015.000 ns	     38400	80007eb8	d0199dd3	fcvt.s.wu	f27,x19	 x19:0x80000176 f27=0x4f000001
     384045.000 ns	     38403	80007ebc	a0f607d3	fle.s	x15,f12,f15	 f12:0x00000000 f15:0xffc00000 x15=0x00000000
     384075.000 ns	     38406	80007ec0	c004ae53	fcvt.w.s	x28,f9	  f9:0x00000000 x28=0x00000000
     384095.000 ns	     38408	80007ec4	b334c193	xori	x3,x9,-1229	  x9:0x0000004b  x3=0xfffffb78
     384115.000 ns	     38410	80007ec8	024283b3	mul	x7,x5,x4	  x5:0x00000000  x4:0x00000000  x7=0x00000000
     384135.000 ns	     38412	80007ecc	00319db3	sll	x27,x3,x3	  x3:0x00000000  x3:0x00000000 x27=0x78000000
     384155.000 ns	     38414	80007ed0	28d508d3	fmin.s	f17,f10,f13	 f10:0x00000000 f13:0x7fc00000 f17=0x00000000
     384185.000 ns	     38417	80007ed4	20f699d3	fsgnjn.s	f19,f13,f15	 f13:0x7fc00000 f15:0xffc00000 f19=0x7fc00000
     384205.000 ns	     38419	80007ed8	0014da93	srli	x21,x9,0x1	  x9:0x0000004b x21=0x00000025
     384225.000 ns	     38421	80007edc	03e00fb3	mul	x31,x0,x30	  x0:0x00000000 x30:0x02abca51 x31=0x00000000
     384265.000 ns	     38425	80007ee0	18c377d3	fdiv.s	f15,f6,f12	  f6:0x7fc00000 f12:0x00000000 f15=0x7fc00000
     384285.000 ns	     38427	80007ee4	01f729b3	slt	x19,x14,x31	 x14:0x3fffffff x31:0x00000000 x19=0x00000000
     384305.000 ns	     38429	80007ee8	03ef10b3	mulh	x1,x30,x30	 x30:0x02abca51 x30:0x02abca51  x1=0x00072271
     384335.000 ns	     38432	80007eec	024824b3	mulhsu	x9,x16,x4	 x16:0x00000000  x4:0x00000000  x9=0x00000000
     384365.000 ns	     38435	80007ef0	d0181a53	fcvt.s.wu	f20,x16	 x16:0x00000000 f20=0x00000000
     384385.000 ns	     38437	80007ef4	0004c933	xor	x18,x9,x0	  x9:0x00000000  x0:0x00000000 x18=0x00000000
     384405.000 ns	     38439	80007ef8	e0048853	fmv.x.w	x16,f9	  f9:0x00000000 x16=0x00000000
     384425.000 ns	     38441	80007efc	00b65813	srli	x16,x12,0xb	 x12:0x3ffd8b52 x16=0x0007ffb1
     384435.000 ns	     38442	80007f00	a218f013	andi	x0,x17,-1503	 x17:0x02a957ff
     384455.000 ns	     38444	80007f04	a062a1d3	feq.s	x3,f5,f6	  f5:0x7ff00000  f6:0x7fc00000  x3=0x00000000
     384495.000 ns	     38448	80007f08	580b3a53	fsqrt.s	f20,f22	 f22:0x7fc00000 f20=0x7fc00000
     384515.000 ns	     38450	80007f0c	40dd0533	sub	x10,x26,x13	 x26:0x00000001 x13:0x000004b1 x10=0xfffffb50
     384535.000 ns	     38452	80007f10	20ed8a53	fsgnj.s	f20,f27,f14	 f27:0x4f000001 f14:0x7fc00000 f20=0x4f000001
     384905.000 ns	     38489	80007f14	03e8e933	rem	x18,x17,x30	 x17:0x02a957ff x30:0x02abca51 x18=0x02a957ff
     384925.000 ns	     38491	80007f18	00cfbd33	sltu	x26,x31,x12	 x31:0x00000000 x12:0x3ffd8b52 x26=0x00000001
     384945.000 ns	     38493	80007f1c	c0192853	fcvt.wu.s	x16,f18	 f18:0x7fc00000 x16=0xffffffff
     384965.000 ns	     38495	80007f20	4190d293	srai	x5,x1,0x19	  x1:0x00072271  x5=0x00000000
     384975.000 ns	     38496	80007f24	003def33	or	x30,x27,x3	 x27:0x78000000  x3:0x00000000 x30=0x78000000
     385005.000 ns	     38499	80007f28	5804ab53	fsqrt.s	f22,f9	  f9:0x00000000 f22=0x00000000
     385025.000 ns	     38501	80007f2c	00000013	addi	x0,x0,0	  x0:0x00000000
     385045.000 ns	     38503	80007f30	c0157c53	fcvt.wu.s	x24,f10	 f10:0x00000000 x24=0x00000000
     385085.000 ns	     38507	80007f34	106ac8d3	fmul.s	f17,f21,f6	 f21:0x00000000  f6:0x7fc00000 f17=0x7fc00000
     385115.000 ns	     38510	80007f38	d0130253	fcvt.s.wu	f4,x6	  x6:0x00000001  f4=0x3f800000
     385145.000 ns	     38513	80007f3c	02603a33	mulhu	x20,x0,x6	  x0:0x00000000  x6:0x00000001 x20=0x00000000
     385165.000 ns	     38515	80007f40	40340d33	sub	x26,x8,x3	  x8:0x000002d1  x3:0x00000000 x26=0x000002d1
     385185.000 ns	     38517	80007f44	28308953	fmin.s	f18,f1,f3	  f1:0x00000000  f3:0x4f12cf20 f18=0x00000000
     385555.000 ns	     38554	80007f48	036b5533	divu	x10,x22,x22	 x22:0x80041024 x22:0x80041024 x10=0x00000001
     385585.000 ns	     38557	80007f4c	02eeaab3	mulhsu	x21,x29,x14	 x29:0xce362000 x14:0x3fffffff x21=0xf38d8800
     385605.000 ns	     38559	80007f50	41165f33	sra	x30,x12,x17	 x12:0x3ffd8b52 x17:0x02a957ff x30=0x00000000
     385625.000 ns	     38561	80007f54	21fb14d3	fsgnjn.s	f9,f22,f31	 f22:0x00000000 f31:0x7fc00000  f9=0x80000000
     385675.000 ns	     38566	80007f58	007676d3	fadd.s	f13,f12,f7	 f12:0x00000000  f7:0x7fc00000 f13=0x7fc00000
     385705.000 ns	     38569	80007f5c	d00ff553	fcvt.s.w	f10,x31	 x31:0x00000000 f10=0x00000000
     385725.000 ns	     38571	80007f60	4872a293	slti	x5,x5,1159	  x5:0x00000000  x5=0x00000001
     385745.000 ns	     38573	80007f64	a0b006d3	fle.s	x13,f0,f11	  f0:0xcefff718 f11:0x00000000 x13=0x00000001
     385765.000 ns	     38575	80007f68	01a44d33	xor	x26,x8,x26	  x8:0x000002d1 x26:0x000002d1 x26=0x00000000
     385775.000 ns	     38576	80007f6c	00b98f33	add	x30,x19,x11	 x19:0x00000000 x11:0x80000000 x30=0x80000000
     385795.000 ns	     38578	80007f70	03426533	rem	x10,x4,x20	  x4:0x00000000 x20:0x00000000 x10=0x00000000
     385825.000 ns	     38581	80007f74	034b44b3	div	x9,x22,x20	 x22:0x80041024 x20:0x00000000  x9=0xffffffff
     385845.000 ns	     38583	80007f78	00741ab3	sll	x21,x8,x7	  x8:0x000002d1  x7:0x00000000 x21=0x000002d1
     385855.000 ns	     38584	80007f7c	01be9513	slli	x10,x29,0x1b	 x29:0xce362000 x10=0x00000000
     385865.000 ns	     38585	80007f80	89f71537	lui	x10,0x89f71	 x10=0x89f71000
     385875.000 ns	     38586	80007f84	40b15293	srai	x5,x2,0xb	  x2:0x80040fe4  x5=0xfff00081
     385895.000 ns	     38588	80007f88	d01dfe53	fcvt.s.wu	f28,x27	 x27:0x78000000 f28=0x4ef00000
     385915.000 ns	     38590	80007f8c	9ef84c93	xori	x25,x16,-1553	 x16:0xffffffff x25=0x00000610
     385925.000 ns	     38591	80007f90	011aef33	or	x30,x21,x17	 x21:0x000002d1 x17:0x02a957ff x30=0x02a957ff
     385945.000 ns	     38593	80007f94	e00194d3	fclass.s	x9,f3	  f3:0x4f12cf20  x9=0x00000040
     385975.000 ns	     38596	80007f98	f0088cd3	fmv.w.x	f25,x17	 x17:0x02a957ff f25=0x02a957ff
     385995.000 ns	     38598	80007f9c	0167d433	srl	x8,x15,x22	 x15:0x00000000 x22:0x80041024  x8=0x00000000
     386005.000 ns	     38599	80007fa0	40f50333	sub	x6,x10,x15	 x10:0x89f71000 x15:0x00000000  x6=0x89f71000
     386015.000 ns	     38600	80007fa4	014c31b3	sltu	x3,x24,x20	 x24:0x00000000 x20:0x00000000  x3=0x00000000
     386035.000 ns	     38602	80007fa8	287a1553	fmax.s	f10,f20,f7	 f20:0x4f000001  f7:0x7fc00000 f10=0x4f000001
     386405.000 ns	     38639	80007fac	02606233	rem	x4,x0,x6	  x0:0x00000000  x6:0x89f71000  x4=0x00000000
     386435.000 ns	     38642	80007fb0	d0059bd3	fcvt.s.w	f23,x11	 x11:0x80000000 f23=0xcf000000
     386455.000 ns	     38644	80007fb4	002e2f33	slt	x30,x28,x2	 x28:0x00000000  x2:0x80040fe4 x30=0x00000000
     386815.000 ns	     38680	80007fb8	026274b3	remu	x9,x4,x6	  x4:0x00000000  x6:0x89f71000  x9=0x00000000
     386845.000 ns	     38683	80007fbc	d005c353	fcvt.s.w	f6,x11	 x11:0x80000000  f6=0xcf000000
     386875.000 ns	     38686	80007fc0	c00ba453	fcvt.w.s	x8,f23	 f23:0xcf000000  x8=0x80000000
     386895.000 ns	     38688	80007fc4	00d98a33	add	x20,x19,x13	 x19:0x00000000 x13:0x00000001 x20=0x00000001
     386915.000 ns	     38690	80007fc8	a15da8d3	feq.s	x17,f27,f21	 f27:0x4f000001 f21:0x00000000 x17=0x00000000
     386945.000 ns	     38693	80007fcc	a1e98653	fle.s	x12,f19,f30	 f19:0x7fc00000 f30:0x3f800000 x12=0x00000000
     386975.000 ns	     38696	80007fd0	207429d3	fsgnjx.s	f19,f8,f7	  f8:0x7fc00000  f7:0x7fc00000 f19=0x7fc00000
     386995.000 ns	     38698	80007fd4	43c22e93	slti	x29,x4,1084	  x4:0x00000000 x29=0x00000001
     387005.000 ns	     38699	80007fd8	004c58b3	srl	x17,x24,x4	 x24:0x00000000  x4:0x00000000 x17=0x00000000
     387035.000 ns	     38702	80007fdc	198611d3	fdiv.s	f3,f12,f24	 f12:0x00000000 f24:0x7fc00000  f3=0x7fc00000
     387055.000 ns	     38704	80007fe0	7d42beb7	lui	x29,0x7d42b	 x29=0x7d42b000
     387085.000 ns	     38707	80007fe4	10c731d3	fmul.s	f3,f14,f12	 f14:0x7fc00000 f12:0x00000000  f3=0x7fc00000
     387115.000 ns	     38710	80007fe8	d01ff9d3	fcvt.s.wu	f19,x31	 x31:0x00000000 f19=0x00000000
     387155.000 ns	     38714	80007fec	190ff8d3	fdiv.s	f17,f31,f16	 f31:0x7fc00000 f16:0xffc00000 f17=0x7fc00000
     387185.000 ns	     38717	80007ff0	02feceb3	div	x29,x29,x15	 x29:0x7d42b000 x15:0x00000000 x29=0xffffffff
     387205.000 ns	     38719	80007ff4	01b8cc33	xor	x24,x17,x27	 x17:0x00000000 x27:0x78000000 x24=0x78000000
     387215.000 ns	     38720	80007ff8	41ce5e13	srai	x28,x28,0x1c	 x28:0x00000000 x28=0x00000000
     387235.000 ns	     38722	80007ffc	d0003353	fcvt.s.w	f6,x0	  x0:0x00000000  f6=0x00000000
     387265.000 ns	     38725	80008000	d01fbe53	fcvt.s.wu	f28,x31	 x31:0x00000000 f28=0x00000000
     387285.000 ns	     38727	80008004	007a3733	sltu	x14,x20,x7	 x20:0x00000001  x7:0x00000000 x14=0x00000000
     387295.000 ns	     38728	80008008	01bc3ab3	sltu	x21,x24,x27	 x24:0x78000000 x27:0x78000000 x21=0x00000000
     387315.000 ns	     38730	8000800c	c00f9a53	fcvt.w.s	x20,f31	 f31:0x7fc00000 x20=0x7fffffff
     387685.000 ns	     38767	80008010	026666b3	rem	x13,x12,x6	 x12:0x00000000  x6:0x89f71000 x13=0x00000000
     387715.000 ns	     38770	80008014	a1b01fd3	flt.s	x31,f0,f27	  f0:0xcefff718 f27:0x4f000001 x31=0x00000001
     387745.000 ns	     38773	80008018	d01a1453	fcvt.s.wu	f8,x20	 x20:0x7fffffff  f8=0x4effffff
     387795.000 ns	     38778	8000801c	093d28d3	fsub.s	f17,f26,f19	 f26:0x3f800000 f19:0x00000000 f17=0x3f800000
     387815.000 ns	     38780	80008020	007af233	and	x4,x21,x7	 x21:0x00000000  x7:0x00000000  x4=0x00000000
     387835.000 ns	     38782	80008024	28310653	fmin.s	f12,f2,f3	  f2:0x00000000  f3:0x7fc00000 f12=0x00000000
     387865.000 ns	     38785	80008028	c00df0d3	fcvt.w.s	x1,f27	 f27:0x4f000001  x1=0x7fffffff
     387885.000 ns	     38787	8000802c	7e6abd97	auipc	x27,0x7e6ab	 x27=0xfe6b302c
     387905.000 ns	     38789	80008030	e00e80d3	fmv.x.w	x1,f29	 f29:0xcefff7e0  x1=0xcefff7e0
     387935.000 ns	     38792	80008034	a12c8ed3	fle.s	x29,f25,f18	 f25:0x02a957ff f18:0x00000000 x29=0x00000000
     387955.000 ns	     38794	80008038	01963bb3	sltu	x23,x12,x25	 x12:0x00000000 x25:0x00000610 x23=0x00000001
     387965.000 ns	     38795	8000803c	06392297	auipc	x5,0x6392	  x5=0x8639a03c
     387985.000 ns	     38797	80008040	214297d3	fsgnjn.s	f15,f5,f20	  f5:0x7ff00000 f20:0x4f000001 f15=0xfff00000
     388015.000 ns	     38800	80008044	a08b27d3	feq.s	x15,f22,f8	 f22:0x00000000  f8:0x4effffff x15=0x00000000
     388045.000 ns	     38803	80008048	20090053	fsgnj.s	f0,f18,f0	 f18:0x00000000  f0:0xcefff718  f0=0x80000000
     388075.000 ns	     38806	8000804c	03aa1eb3	mulh	x29,x20,x26	 x20:0x7fffffff x26:0x00000000 x29=0x00000000
     388105.000 ns	     38809	80008050	d0142653	fcvt.s.wu	f12,x8	  x8:0x80000000 f12=0x4f000000
     388125.000 ns	     38811	80008054	006c3733	sltu	x14,x24,x6	 x24:0x78000000  x6:0x89f71000 x14=0x00000001
     388485.000 ns	     38847	80008058	03764233	div	x4,x12,x23	 x12:0x00000000 x23:0x00000001  x4=0x00000000
     388505.000 ns	     38849	8000805c	7cd63e93	sltiu	x29,x12,1997	 x12:0x00000000 x29=0x00000001
     388525.000 ns	     38851	80008060	d00ef353	fcvt.s.w	f6,x29	 x29:0x00000000  f6=0x3f800000
     388555.000 ns	     38854	80008064	c01873d3	fcvt.wu.s	x7,f16	 f16:0xffc00000  x7=0xffffffff
     388575.000 ns	     38856	80008068	01e212b3	sll	x5,x4,x30	  x4:0x00000000 x30:0x00000000  x5=0x00000000
     388585.000 ns	     38857	8000806c	01f9b1b3	sltu	x3,x19,x31	 x19:0x00000000 x31:0x00000001  x3=0x00000001
     388605.000 ns	     38859	80008070	a1f3a7d3	feq.s	x15,f7,f31	  f7:0x7fc00000 f31:0x7fc00000 x15=0x00000000
     388655.000 ns	     38864	80008074	090dc7d3	fsub.s	f15,f27,f16	 f27:0x4f000001 f16:0xffc00000 f15=0x7fc00000
     388675.000 ns	     38866	80008078	016e8ab3	add	x21,x29,x22	 x29:0x00000001 x22:0x80041024 x21=0x80041025
     388695.000 ns	     38868	8000807c	c01cfdd3	fcvt.wu.s	x27,f25	 f25:0x02a957ff x27=0x00000000
     388725.000 ns	     38871	80008080	281091d3	fmax.s	f3,f1,f1	  f1:0x00000000  f1:0x00000000  f3=0x00000000
     388745.000 ns	     38873	80008084	15518e93	addi	x29,x3,341	  x3:0x00000001 x29=0x00000156
     388765.000 ns	     38875	80008088	29e695d3	fmax.s	f11,f13,f30	 f13:0x7fc00000 f30:0x3f800000 f11=0x3f800000
     388815.000 ns	     38880	8000808c	087ef7d3	fsub.s	f15,f29,f7	 f29:0xcefff7e0  f7:0x7fc00000 f15=0x7fc00000
     388835.000 ns	     38882	80008090	41055a93	srai	x21,x10,0x10	 x10:0x89f71000 x21=0xffff89f7
     388855.000 ns	     38884	80008094	a0092a53	feq.s	x20,f18,f0	 f18:0x00000000  f0:0x80000000 x20=0x00000001
     388875.000 ns	     38886	80008098	00005c13	srli	x24,x0,0x0	  x0:0x00000000 x24=0x00000000
     388885.000 ns	     38887	8000809c	6aa2ac13	slti	x24,x5,1706	  x5:0x00000000 x24=0x00000001
     388905.000 ns	     38889	800080a0	d00096d3	fcvt.s.w	f13,x1	  x1:0xcefff7e0 f13=0xce440020
     388935.000 ns	     38892	800080a4	03d4a9b3	mulhsu	x19,x9,x29	  x9:0x00000000 x29:0x00000156 x19=0x00000000
     388955.000 ns	     38894	800080a8	4288bc93	sltiu	x25,x17,1064	 x17:0x00000000 x25=0x00000001
     388965.000 ns	     38895	800080ac	40f7d313	srai	x6,x15,0xf	 x15:0x00000000  x6=0x00000000
     389005.000 ns	     38899	800080b0	0121f853	fadd.s	f16,f3,f18	  f3:0x00000000 f18:0x00000000 f16=0x00000000
     389045.000 ns	     38903	800080b4	19907653	fdiv.s	f12,f0,f25	  f0:0x80000000 f25:0x02a957ff f12=0x80000000
     389075.000 ns	     38906	800080b8	20e39dd3	fsgnjn.s	f27,f7,f14	  f7:0x7fc00000 f14:0x7fc00000 f27=0xffc00000
     389105.000 ns	     38909	800080bc	d019f853	fcvt.s.wu	f16,x19	 x19:0x00000000 f16=0x00000000
     389125.000 ns	     38911	800080c0	0125edb3	or	x27,x11,x18	 x11:0x80000000 x18:0x02a957ff x27=0x82a957ff
     389145.000 ns	     38913	800080c4	a0df1cd3	flt.s	x25,f30,f13	 f30:0x3f800000 f13:0xce440020 x25=0x00000000
     389165.000 ns	     38915	800080c8	c293f993	andi	x19,x7,-983	  x7:0xffffffff x19=0xfffffc29
     389205.000 ns	     38919	800080cc	09ca9ad3	fsub.s	f21,f21,f28	 f21:0x00000000 f28:0x00000000 f21=0x80000000
     389225.000 ns	     38921	800080d0	00035393	srli	x7,x6,0x0	  x6:0x00000000  x7=0x00000000
     389235.000 ns	     38922	800080d4	19d09517	auipc	x10,0x19d09	 x10=0x99d110d4
     389245.000 ns	     38923	800080d8	1210bf17	auipc	x30,0x1210b	 x30=0x921130d8
     389255.000 ns	     38924	800080dc	40595793	srai	x15,x18,0x5	 x18:0x02a957ff x15=0x00154abf
     389275.000 ns	     38926	800080e0	f00b04d3	fmv.w.x	f9,x22	 x22:0x80041024  f9=0x80041024
     389305.000 ns	     38929	800080e4	29ba9353	fmax.s	f6,f21,f27	 f21:0x80000000 f27:0xffc00000  f6=0x80000000
     389325.000 ns	     38931	800080e8	41e7d913	srai	x18,x15,0x1e	 x15:0x00154abf x18=0x00000000
     389345.000 ns	     38933	800080ec	e0010ad3	fmv.x.w	x21,f2	  f2:0x00000000 x21=0x00000000
     389375.000 ns	     38936	800080f0	03ff1933	mulh	x18,x30,x31	 x30:0x921130d8 x31:0x00000001 x18=0xffffffff
     389405.000 ns	     38939	800080f4	29d39fd3	fmax.s	f31,f7,f29	  f7:0x7fc00000 f29:0xcefff7e0 f31=0xcefff7e0
     389425.000 ns	     38941	800080f8	353c6f17	auipc	x30,0x353c6	 x30=0xb53ce0f8
     389785.000 ns	     38977	800080fc	0323c8b3	div	x17,x7,x18	  x7:0x00000000 x18:0xffffffff x17=0x00000000
     389815.000 ns	     38980	80008100	2025ac53	fsgnjx.s	f24,f11,f2	 f11:0x3f800000  f2:0x00000000 f24=0x3f800000
     389845.000 ns	     38983	80008104	03de09b3	mul	x19,x28,x29	 x28:0x00000000 x29:0x00000156 x19=0x00000000
     391025.000 ns	     39101	80008108	580d7ad3	fsqrt.s	f21,f26	 f26:0x3f800000 f21=0x3f7fffae
     391055.000 ns	     39104	8000810c	03365c33	divu	x24,x12,x19	 x12:0x00000000 x19:0x00000000 x24=0xffffffff
     391425.000 ns	     39141	80008110	03def6b3	remu	x13,x29,x29	 x29:0x00000156 x29:0x00000156 x13=0x00000000
     391445.000 ns	     39143	80008114	91b34313	xori	x6,x6,-1765	  x6:0x00000000  x6=0xfffff91b
     391465.000 ns	     39145	80008118	a1d08253	fle.s	x4,f1,f29	  f1:0x00000000 f29:0xcefff7e0  x4=0x00000000
     391485.000 ns	     39147	8000811c	00000013	addi	x0,x0,0	  x0:0x00000000
     391495.000 ns	     39148	80008120	007e6d33	or	x26,x28,x7	 x28:0x00000000  x7:0x00000000 x26=0x00000000
     391515.000 ns	     39150	80008124	02808733	mul	x14,x1,x8	  x1:0xcefff7e0  x8:0x80000000 x14=0x00000000
     391535.000 ns	     39152	80008128	b07a8a97	auipc	x21,0xb07a8	 x21=0x307b0128
     391545.000 ns	     39153	8000812c	00f59633	sll	x12,x11,x15	 x11:0x80000000 x15:0x00154abf x12=0x00000000
     391555.000 ns	     39154	80008130	41ed58b3	sra	x17,x26,x30	 x26:0x00000000 x30:0xb53ce0f8 x17=0x00000000
     391575.000 ns	     39156	80008134	29158c53	fmin.s	f24,f11,f17	 f11:0x3f800000 f17:0x3f800000 f24=0x3f800000
     391595.000 ns	     39158	80008138	002f74b3	and	x9,x30,x2	 x30:0xb53ce0f8  x2:0x80040fe4  x9=0x800400e0
     391605.000 ns	     39159	8000813c	00015c13	srli	x24,x2,0x0	  x2:0x80040fe4 x24=0x80040fe4
     391615.000 ns	     39160	80008140	00eeeeb3	or	x29,x29,x14	 x29:0x00000156 x14:0x00000000 x29=0x00000156
     391635.000 ns	     39162	80008144	a1fb8f53	fle.s	x30,f23,f31	 f23:0xcf000000 f31:0xcefff7e0 x30=0x00000001
     391665.000 ns	     39165	80008148	28a80053	fmin.s	f0,f16,f10	 f16:0x00000000 f10:0x4f000001  f0=0x00000000
     391695.000 ns	     39168	8000814c	d00b1853	fcvt.s.w	f16,x22	 x22:0x80041024 f16=0xcefff7df
     391725.000 ns	     39171	80008150	218f07d3	fsgnj.s	f15,f30,f24	 f30:0x3f800000 f24:0x3f800000 f15=0x3f800000
     391755.000 ns	     39174	80008154	282306d3	fmin.s	f13,f6,f2	  f6:0x80000000  f2:0x00000000 f13=0x80000000
     391775.000 ns	     39176	80008158	41855893	srai	x17,x10,0x18	 x10:0x99d110d4 x17=0xffffff99
     392135.000 ns	     39212	8000815c	021b6033	rem	x0,x22,x1	 x22:0x80041024  x1:0xcefff7e0
     392185.000 ns	     39217	80008160	08a6f2d3	fsub.s	f5,f13,f10	 f13:0x80000000 f10:0x4f000001  f5=0xcf000001
     392215.000 ns	     39220	80008164	210d1c53	fsgnjn.s	f24,f26,f16	 f26:0x3f800000 f16:0xcefff7df f24=0x3f800000
     392255.000 ns	     39224	80008168	182c2fd3	fdiv.s	f31,f24,f2	 f24:0x3f800000  f2:0x00000000 f31=0x7f800000
     392275.000 ns	     39226	8000816c	6a664b97	auipc	x23,0x6a664	 x23=0xea66c16c
     392285.000 ns	     39227	80008170	fad6c3b7	lui	x7,0xfad6c	  x7=0xfad6c000
     392295.000 ns	     39228	80008174	01c82333	slt	x6,x16,x28	 x16:0xffffffff x28:0x00000000  x6=0x00000001
     392305.000 ns	     39229	80008178	82a94c13	xori	x24,x18,-2006	 x18:0xffffffff x24=0x000007d5
     392315.000 ns	     39230	8000817c	163ac413	xori	x8,x21,355	 x21:0x307b0128  x8=0x307b004b
     392325.000 ns	     39231	80008180	fa7dbc13	sltiu	x24,x27,-89	 x27:0x82a957ff x24=0x00000001
     392365.000 ns	     39235	80008184	00e67f53	fadd.s	f30,f12,f14	 f12:0x80000000 f14:0x7fc00000 f30=0x7fc00000
     392395.000 ns	     39238	80008188	e00190d3	fclass.s	x1,f3	  f3:0x00000000  x1=0x00000010
     392415.000 ns	     39240	8000818c	003bdf93	srli	x31,x23,0x3	 x23:0xea66c16c x31=0x1d4cd82d
     392425.000 ns	     39241	80008190	01a89533	sll	x10,x17,x26	 x17:0xffffff99 x26:0x00000000 x10=0xffffff99
     392435.000 ns	     39242	80008194	01076c33	or	x24,x14,x16	 x14:0x00000000 x16:0xffffffff x24=0xffffffff
     392445.000 ns	     39243	80008198	0573cab7	lui	x21,0x573c	 x21=0x0573c000
     392455.000 ns	     39244	8000819c	00000013	addi	x0,x0,0	  x0:0x00000000
     392475.000 ns	     39246	800081a0	02873433	mulhu	x8,x14,x8	 x14:0x00000000  x8:0x307b004b  x8=0x00000000
     392505.000 ns	     39249	800081a4	f00b83d3	fmv.w.x	f7,x23	 x23:0xea66c16c  f7=0xea66c16c
     392535.000 ns	     39252	800081a8	03a7b033	mulhu	x0,x15,x26	 x15:0x00154abf x26:0x00000000
     392575.000 ns	     39256	800081ac	11791853	fmul.s	f16,f18,f23	 f18:0x00000000 f23:0xcf000000 f16=0x80000000
     392605.000 ns	     39259	800081b0	20059053	fsgnjn.s	f0,f11,f0	 f11:0x3f800000  f0:0x00000000  f0=0xbf800000
     392625.000 ns	     39261	800081b4	35315c37	lui	x24,0x35315	 x24=0x35315000
     392645.000 ns	     39263	800081b8	039bf2b3	remu	x5,x23,x25	 x23:0xea66c16c x25:0x00000000  x5=0xea66c16c
     392985.000 ns	     39297	800081bc	19744553	fdiv.s	f10,f8,f23	  f8:0x4effffff f23:0xcf000000 f10=0xbf000000
     393005.000 ns	     39299	800081c0	00976733	or	x14,x14,x9	 x14:0x00000000  x9:0x800400e0 x14=0x800400e0
     393025.000 ns	     39301	800081c4	e00913d3	fclass.s	x7,f18	 f18:0x00000000  x7=0x00000010
     393395.000 ns	     39338	800081c8	022347b3	div	x15,x6,x2	  x6:0x00000001  x2:0x80040fe4 x15=0x00000000
     393415.000 ns	     39340	800081cc	27524f13	xori	x30,x4,629	  x4:0x00000000 x30=0x00000275
     393425.000 ns	     39341	800081d0	0066d393	srli	x7,x13,0x6	 x13:0x00000000  x7=0x00000000
     393435.000 ns	     39342	800081d4	be1c2e93	slti	x29,x24,-1055	 x24:0x35315000 x29=0x00000000
     393445.000 ns	     39343	800081d8	00162497	auipc	x9,0x162	  x9=0x8016a1d8
     393465.000 ns	     39345	800081dc	021736b3	mulhu	x13,x14,x1	 x14:0x800400e0  x1:0x00000010 x13=0x00000008
     393495.000 ns	     39348	800081e0	a1bb8c53	fle.s	x24,f23,f27	 f23:0xcf000000 f27:0xffc00000 x24=0x00000000
     393515.000 ns	     39350	800081e4	008db7b3	sltu	x15,x27,x8	 x27:0x82a957ff  x8:0x00000000 x15=0x00000000
     393535.000 ns	     39352	800081e8	289e1cd3	fmax.s	f25,f28,f9	 f28:0x00000000  f9:0x80041024 f25=0x00000000
     393565.000 ns	     39355	800081ec	e0041ed3	fclass.s	x29,f8	  f8:0x4effffff x29=0x00000040
     393585.000 ns	     39357	800081f0	017aa333	slt	x6,x21,x23	 x21:0x0573c000 x23:0xea66c16c  x6=0x00000000
     393615.000 ns	     39360	800081f4	58063253	fsqrt.s	f4,f12	 f12:0x80000000  f4=0x80000000
     393635.000 ns	     39362	800081f8	0125d0b3	srl	x1,x11,x18	 x11:0x80000000 x18:0xffffffff  x1=0x00000001
     393665.000 ns	     39365	800081fc	1933b253	fdiv.s	f4,f7,f19	  f7:0xea66c16c f19:0x00000000  f4=0xff800000
     393695.000 ns	     39368	80008200	03cf2033	mulhsu	x0,x30,x28	 x30:0x00000275 x28:0x00000000
     393715.000 ns	     39370	80008204	b0190b93	addi	x23,x18,-1279	 x18:0xffffffff x23=0xfffffb00
     393735.000 ns	     39372	80008208	a0178853	fle.s	x16,f15,f1	 f15:0x3f800000  f1:0x00000000 x16=0x00000000
     393765.000 ns	     39375	8000820c	037502b3	mul	x5,x10,x23	 x10:0xffffff99 x23:0xea66c16c  x5=0x00020300
     393795.000 ns	     39378	80008210	023f87b3	mul	x15,x31,x3	 x31:0x1d4cd82d  x3:0x00000001 x15=0x1d4cd82d
     394165.000 ns	     39415	80008214	0355e833	rem	x16,x11,x21	 x11:0x80000000 x21:0x0573c000 x16=0xfd664000
     394185.000 ns	     39417	80008218	41fc86b3	sub	x13,x25,x31	 x25:0x00000000 x31:0x1d4cd82d x13=0xe2b327d3
     394205.000 ns	     39419	8000821c	d005bdd3	fcvt.s.w	f27,x11	 x11:0x80000000 f27=0xcf000000
     394225.000 ns	     39421	80008220	01316d33	or	x26,x2,x19	  x2:0x80040fe4 x19:0x00000000 x26=0x80040fe4
     394245.000 ns	     39423	80008224	e00f0f53	fmv.x.w	x30,f30	 f30:0x7fc00000 x30=0x7fc00000
     394295.000 ns	     39428	80008228	016df453	fadd.s	f8,f27,f22	 f27:0xcf000000 f22:0x00000000  f8=0xcf000000
     394335.000 ns	     39432	8000822c	1881f9d3	fdiv.s	f19,f3,f8	  f3:0x00000000  f8:0x4effffff f19=0x80000000
     394355.000 ns	     39434	80008230	000dc4b3	xor	x9,x27,x0	 x27:0x82a957ff  x0:0x00000000  x9=0x82a957ff
     394365.000 ns	     39435	80008234	013c1893	slli	x17,x24,0x13	 x24:0x00000000 x17=0x00000000
     394375.000 ns	     39436	80008238	2bdea013	slti	x0,x29,701	 x29:0x00000040
     394385.000 ns	     39437	8000823c	619b6713	ori	x14,x22,1561	 x22:0x80041024 x14=0x8004163d
     394395.000 ns	     39438	80008240	7bd7f493	andi	x9,x15,1981	 x15:0x1d4cd82d  x9=0x0000002d
     394755.000 ns	     39474	80008244	02ddd8b3	divu	x17,x27,x13	 x27:0x82a957ff x13:0xe2b327d3 x17=0x00000000
     394775.000 ns	     39476	80008248	01ba9913	slli	x18,x21,0x1b	 x21:0x0573c000 x18=0x00000000
     395135.000 ns	     39512	8000824c	02addc33	divu	x24,x27,x10	 x27:0x82a957ff x10:0xffffff99 x24=0x00000000
     395165.000 ns	     39515	80008250	e00c01d3	fmv.x.w	x3,f24	 f24:0x3f800000  x3=0x3f800000
     395195.000 ns	     39518	80008254	21e68d53	fsgnj.s	f26,f13,f30	 f13:0x80000000 f30:0x7fc00000 f26=0x00000000
     395215.000 ns	     39520	80008258	00262ab3	slt	x21,x12,x2	 x12:0x00000000  x2:0x80040fe4 x21=0x00000000
     395235.000 ns	     39522	8000825c	29d80553	fmin.s	f10,f16,f29	 f16:0x80000000 f29:0xcefff7e0 f10=0xcefff7e0
     395265.000 ns	     39525	80008260	02d8a433	mulhsu	x8,x17,x13	 x17:0x00000000 x13:0xe2b327d3  x8=0x00000000
     395295.000 ns	     39528	80008264	03b12933	mulhsu	x18,x2,x27	  x2:0x80040fe4 x27:0x82a957ff x18=0xbead66c2
     395315.000 ns	     39530	80008268	56d68913	addi	x18,x13,1389	 x13:0xe2b327d3 x18=0xe2b32d40
     395325.000 ns	     39531	8000826c	610a3313	sltiu	x6,x20,1552	 x20:0x00000001  x6=0x00000001
     395345.000 ns	     39533	80008270	294d1e53	fmax.s	f28,f26,f20	 f26:0x00000000 f20:0x4f000001 f28=0x4f000001
     395365.000 ns	     39535	80008274	016c1e13	slli	x28,x24,0x16	 x24:0x00000000 x28=0x00000000
     395405.000 ns	     39539	80008278	09ac3253	fsub.s	f4,f24,f26	 f24:0x3f800000 f26:0x00000000  f4=0x3f800000
     395425.000 ns	     39541	8000827c	0130dd33	srl	x26,x1,x19	  x1:0x00000001 x19:0x00000000 x26=0x00000001
     395455.000 ns	     39544	80008280	18e40753	fdiv.s	f14,f8,f14	  f8:0xcf000000 f14:0x7fc00000 f14=0x7fc00000
     395485.000 ns	     39547	80008284	a09006d3	fle.s	x13,f0,f9	  f0:0xbf800000  f9:0x80041024 x13=0x00000001
     395505.000 ns	     39549	80008288	413d5313	srai	x6,x26,0x13	 x26:0x00000001  x6=0x00000000
     396675.000 ns	     39666	8000828c	5807b153	fsqrt.s	f2,f15	 f15:0x3f800000  f2=0x3f7fffae
     396695.000 ns	     39668	80008290	00605f93	srli	x31,x0,0x6	  x0:0x00000000 x31=0x00000000
     396705.000 ns	     39669	80008294	0093a033	slt	x0,x7,x9	  x7:0x00000000  x9:0x0000002d
     396745.000 ns	     39673	80008298	082eb4d3	fsub.s	f9,f29,f2	 f29:0xcefff7e0  f2:0x3f7fffae  f9=0xcefff7e0
     397115.000 ns	     39710	8000829c	02267a33	remu	x20,x12,x2	 x12:0x00000000  x2:0x80040fe4 x20=0x00000000
     397145.000 ns	     39713	800082a0	d009ffd3	fcvt.s.w	f31,x19	 x19:0x00000000 f31=0x00000000
     397175.000 ns	     39716	800082a4	28e80253	fmin.s	f4,f16,f14	 f16:0x80000000 f14:0x7fc00000  f4=0x80000000
     397195.000 ns	     39718	800082a8	00fa3333	sltu	x6,x20,x15	 x20:0x00000000 x15:0x1d4cd82d  x6=0x00000001
     397215.000 ns	     39720	800082ac	039b9933	mulh	x18,x23,x25	 x23:0xfffffb00 x25:0x00000000 x18=0x00000000
     397255.000 ns	     39724	800082b0	580875d3	fsqrt.s	f11,f16	 f16:0x80000000 f11=0x80000000
     397275.000 ns	     39726	800082b4	00d8bd33	sltu	x26,x17,x13	 x17:0x00000000 x13:0x00000001 x26=0x00000001
     397295.000 ns	     39728	800082b8	208a0553	fsgnj.s	f10,f20,f8	 f20:0x4f000001  f8:0xcf000000 f10=0xcf000001
     397325.000 ns	     39731	800082bc	d007f853	fcvt.s.w	f16,x15	 x15:0x1d4cd82d f16=0x4dea66c1
     397355.000 ns	     39734	800082c0	a1522253	feq.s	x4,f4,f21	  f4:0x80000000 f21:0x3f7fffae  x4=0x00000000
     397375.000 ns	     39736	800082c4	41b3d533	sra	x10,x7,x27	  x7:0x00000000 x27:0x82a957ff x10=0x00000000
     397385.000 ns	     39737	800082c8	01e35513	srli	x10,x6,0x1e	  x6:0x00000001 x10=0x00000000
     397395.000 ns	     39738	800082cc	00000013	addi	x0,x0,0	  x0:0x00000000
     397425.000 ns	     39741	800082d0	10b19453	fmul.s	f8,f3,f11	  f3:0x00000000 f11:0x80000000  f8=0x80000000
     397455.000 ns	     39744	800082d4	d0109c53	fcvt.s.wu	f24,x1	  x1:0x00000001 f24=0x3f800000
     397475.000 ns	     39746	800082d8	0163de33	srl	x28,x7,x22	  x7:0x00000000 x22:0x80041024 x28=0x00000000
     397515.000 ns	     39750	800082dc	096b8153	fsub.s	f2,f23,f22	 f23:0xcf000000 f22:0x00000000  f2=0xcf000000
     397545.000 ns	     39753	800082e0	29c68653	fmin.s	f12,f13,f28	 f13:0x80000000 f28:0x4f000001 f12=0x80000000
     397575.000 ns	     39756	800082e4	03e02533	mulhsu	x10,x0,x30	  x0:0x00000000 x30:0x7fc00000 x10=0x00000000
     397595.000 ns	     39758	800082e8	005a8933	add	x18,x21,x5	 x21:0x00000000  x5:0x00020300 x18=0x00020300
     397635.000 ns	     39762	800082ec	0047b8d3	fadd.s	f17,f15,f4	 f15:0x3f800000  f4:0x80000000 f17=0x3f800000
     397665.000 ns	     39765	800082f0	29928653	fmin.s	f12,f5,f25	  f5:0xcf000001 f25:0x00000000 f12=0xcf000001
     397685.000 ns	     39767	800082f4	40c354b3	sra	x9,x6,x12	  x6:0x00000001 x12:0x00000000  x9=0x00000001
     397705.000 ns	     39769	800082f8	02477233	remu	x4,x14,x4	 x14:0x8004163d  x4:0x00000000  x4=0x8004163d
     397735.000 ns	     39772	800082fc	c00fced3	fcvt.w.s	x29,f31	 f31:0x00000000 x29=0x00000000
     397765.000 ns	     39775	80008300	e00f1ad3	fclass.s	x21,f30	 f30:0x7fc00000 x21=0x00000200
     397785.000 ns	     39777	80008304	00ca1e13	slli	x28,x20,0xc	 x20:0x00000000 x28=0x00000000
     397805.000 ns	     39779	80008308	f0060bd3	fmv.w.x	f23,x12	 x12:0x00000000 f23=0x00000000
     397825.000 ns	     39781	8000830c	01429713	slli	x14,x5,0x14	  x5:0x00020300 x14=0x30000000
     397855.000 ns	     39784	80008310	10bc2853	fmul.s	f16,f24,f11	 f24:0x3f800000 f11:0x80000000 f16=0x80000000
     397905.000 ns	     39789	80008314	000df0d3	fadd.s	f1,f27,f0	 f27:0xcf000000  f0:0xbf800000  f1=0xcf000000
     397925.000 ns	     39791	80008318	013bd8b3	srl	x17,x23,x19	 x23:0xfffffb00 x19:0x00000000 x17=0xfffffb00
     397945.000 ns	     39793	8000831c	205c09d3	fsgnj.s	f19,f24,f5	 f24:0x3f800000  f5:0xcf000001 f19=0xbf800000
     397985.000 ns	     39797	80008320	58064d53	fsqrt.s	f26,f12	 f12:0xcf000001 f26=0x7fc00000
     398015.000 ns	     39800	80008324	c00af253	fcvt.w.s	x4,f21	 f21:0x3f7fffae  x4=0x00000000
     398035.000 ns	     39802	80008328	00a8bdb3	sltu	x27,x17,x10	 x17:0xfffffb00 x10:0x00000000 x27=0x00000000
     398395.000 ns	     39838	8000832c	032bf8b3	remu	x17,x23,x18	 x23:0xfffffb00 x18:0x00020300 x17=0x00003800
     398415.000 ns	     39840	80008330	413801b3	sub	x3,x16,x19	 x16:0xfd664000 x19:0x00000000  x3=0xfd664000
     398745.000 ns	     39873	80008334	1819ff53	fdiv.s	f30,f19,f1	 f19:0xbf800000  f1:0xcf000000 f30=0x2f800000
     398775.000 ns	     39876	80008338	e00c0bd3	fmv.x.w	x23,f24	 f24:0x3f800000 x23=0x3f800000
     398805.000 ns	     39879	8000833c	026ebdb3	mulhu	x27,x29,x6	 x29:0x00000000  x6:0x00000001 x27=0x00000000
     398825.000 ns	     39881	80008340	0106c0b3	xor	x1,x13,x16	 x13:0x00000001 x16:0xfd664000  x1=0xfd664001
     398845.000 ns	     39883	80008344	025638b3	mulhu	x17,x12,x5	 x12:0x00000000  x5:0x00020300 x17=0x00000000
     398895.000 ns	     39888	80008348	098976d3	fsub.s	f13,f18,f24	 f18:0x00000000 f24:0x3f800000 f13=0xbf800000
     398915.000 ns	     39890	8000834c	93440f13	addi	x30,x8,-1740	  x8:0x00000000 x30=0xfffff934
     400085.000 ns	     40007	80008350	5808fc53	fsqrt.s	f24,f17	 f17:0x3f800000 f24=0x3f7fffae
     400105.000 ns	     40009	80008354	d7136637	lui	x12,0xd7136	 x12=0xd7136000
     400115.000 ns	     40010	80008358	010c9633	sll	x12,x25,x16	 x25:0x00000000 x16:0xfd664000 x12=0x00000000
     400125.000 ns	     40011	8000835c	2436a293	slti	x5,x13,579	 x13:0x00000001  x5=0x00000001
     400485.000 ns	     40047	80008360	0372ffb3	remu	x31,x5,x23	  x5:0x00020300 x23:0x3f800000 x31=0x00000001
     400505.000 ns	     40049	80008364	01a67233	and	x4,x12,x26	 x12:0x00000000 x26:0x00000001  x4=0x00000000
     400525.000 ns	     40051	80008368	a1532653	feq.s	x12,f6,f21	  f6:0x80000000 f21:0x3f7fffae x12=0x00000000
     400555.000 ns	     40054	8000836c	02100c33	mul	x24,x0,x1	  x0:0x00000000  x1:0xfd664001 x24=0x00000000
     400585.000 ns	     40057	80008370	29431ed3	fmax.s	f29,f6,f20	  f6:0x80000000 f20:0x4f000001 f29=0x4f000001
     400605.000 ns	     40059	80008374	01202833	slt	x16,x0,x18	  x0:0x00000000 x18:0x00020300 x16=0x00000001
     400615.000 ns	     40060	80008378	0066dd33	srl	x26,x13,x6	 x13:0x00000001  x6:0x00000001 x26=0x00000000
     400645.000 ns	     40063	8000837c	580207d3	fsqrt.s	f15,f4	  f4:0x80000000 f15=0x80000000
     400675.000 ns	     40066	80008380	a09080d3	fle.s	x1,f1,f9	  f1:0xcf000000  f9:0xcefff7e0  x1=0x00000001
     400705.000 ns	     40069	80008384	21a089d3	fsgnj.s	f19,f1,f26	  f1:0xcf000000 f26:0x7fc00000 f19=0x4f000000
     400735.000 ns	     40072	80008388	c013f753	fcvt.wu.s	x14,f7	  f7:0xea66c16c x14=0x00000000
     400755.000 ns	     40074	8000838c	4341a193	slti	x3,x3,1076	  x3:0xfd664000  x3=0x00000001
     400775.000 ns	     40076	80008390	e00d04d3	fmv.x.w	x9,f26	 f26:0x7fc00000  x9=0x7fc00000
     400795.000 ns	     40078	80008394	01f79493	slli	x9,x15,0x1f	 x15:0x1d4cd82d  x9=0x80000000
     400805.000 ns	     40079	80008398	0021ac33	slt	x24,x3,x2	  x3:0x00000001  x2:0x80040fe4 x24=0x00000000
     400815.000 ns	     40080	8000839c	01b67fb3	and	x31,x12,x27	 x12:0x00000000 x27:0x00000000 x31=0x00000000
     400825.000 ns	     40081	800083a0	7951c413	xori	x8,x3,1941	  x3:0x00000001  x8=0x00000794
     400865.000 ns	     40085	800083a4	019f9653	fadd.s	f12,f31,f25	 f31:0x00000000 f25:0x00000000 f12=0x00000000
     400895.000 ns	     40088	800083a8	03b93eb3	mulhu	x29,x18,x27	 x18:0x00020300 x27:0x00000000 x29=0x00000000
     400915.000 ns	     40090	800083ac	f4c04e93	xori	x29,x0,-180	  x0:0x00000000 x29=0xffffff4c
     400935.000 ns	     40092	800083b0	a131a3d3	feq.s	x7,f3,f19	  f3:0x00000000 f19:0x4f000000  x7=0x00000000
     400955.000 ns	     40094	800083b4	01c9c933	xor	x18,x19,x28	 x19:0x00000000 x28:0x00000000 x18=0x00000000
     400965.000 ns	     40095	800083b8	016b58b3	srl	x17,x22,x22	 x22:0x80041024 x22:0x80041024 x17=0x08004102
     402135.000 ns	     40212	800083bc	580aaed3	fsqrt.s	f29,f21	 f21:0x3f7fffae f29=0x3f35042a
     402165.000 ns	     40215	800083c0	214d06d3	fsgnj.s	f13,f26,f20	 f26:0x7fc00000 f20:0x4f000001 f13=0x7fc00000
     402185.000 ns	     40217	800083c4	70964a13	xori	x20,x12,1801	 x12:0x00000000 x20=0x00000709
     402205.000 ns	     40219	800083c8	a0372253	feq.s	x4,f14,f3	 f14:0x7fc00000  f3:0x00000000  x4=0x00000000
     402235.000 ns	     40222	800083cc	21d71a53	fsgnjn.s	f20,f14,f29	 f14:0x7fc00000 f29:0x3f35042a f20=0xffc00000
     402265.000 ns	     40225	800083d0	f00508d3	fmv.w.x	f17,x10	 x10:0x00000000 f17=0x00000000
     402295.000 ns	     40228	800083d4	c01a4653	fcvt.wu.s	x12,f20	 f20:0xffc00000 x12=0xffffffff
     402665.000 ns	     40265	800083d8	028fe433	rem	x8,x31,x8	 x31:0x00000000  x8:0x00000794  x8=0x00000000
     402685.000 ns	     40267	800083dc	01f15093	srli	x1,x2,0x1f	  x2:0x80040fe4  x1=0x00000001
     402695.000 ns	     40268	800083e0	01aad793	srli	x15,x21,0x1a	 x21:0x00000200 x15=0x00000000
     402705.000 ns	     40269	800083e4	01f68233	add	x4,x13,x31	 x13:0x00000001 x31:0x00000000  x4=0x00000001
     402725.000 ns	     40271	800083e8	28650b53	fmin.s	f22,f10,f6	 f10:0xcf000001  f6:0x80000000 f22=0xcf000001
     402745.000 ns	     40273	800083ec	000a0f33	add	x30,x20,x0	 x20:0x00000709  x0:0x00000000 x30=0x00000709
     402755.000 ns	     40274	800083f0	00ad4533	xor	x10,x26,x10	 x26:0x00000000 x10:0x00000000 x10=0x00000000
     402795.000 ns	     40278	800083f4	09c58fd3	fsub.s	f31,f11,f28	 f11:0x80000000 f28:0x4f000001 f31=0xcf000001
     402815.000 ns	     40280	800083f8	00dc9733	sll	x14,x25,x13	 x25:0x00000000 x13:0x00000001 x14=0x00000000
     402835.000 ns	     40282	800083fc	037228b3	mulhsu	x17,x4,x23	  x4:0x00000001 x23:0x3f800000 x17=0x00000000
     402865.000 ns	     40285	80008400	a0f6a8d3	feq.s	x17,f13,f15	 f13:0x7fc00000 f15:0x80000000 x17=0x00000000
     402915.000 ns	     40290	80008404	08827d53	fsub.s	f26,f4,f8	  f4:0x80000000  f8:0x80000000 f26=0x00000000
     402945.000 ns	     40293	80008408	03470833	mul	x16,x14,x20	 x14:0x00000000 x20:0x00000709 x16=0x00000000
     402965.000 ns	     40295	8000840c	01fd70b3	and	x1,x26,x31	 x26:0x00000000 x31:0x00000000  x1=0x00000000
     402975.000 ns	     40296	80008410	01e5d313	srli	x6,x11,0x1e	 x11:0x80000000  x6=0x00000002
     402985.000 ns	     40297	80008414	001523b3	slt	x7,x10,x1	 x10:0x00000000  x1:0x00000001  x7=0x00000000
     402995.000 ns	     40298	80008418	7942cc13	xori	x24,x5,1940	  x5:0x00000001 x24=0x00000795
     403005.000 ns	     40299	8000841c	c5b26893	ori	x17,x4,-933	  x4:0x00000001 x17=0xfffffc5b
     403015.000 ns	     40300	80008420	00d28233	add	x4,x5,x13	  x5:0x00000001 x13:0x00000001  x4=0x00000002
     403025.000 ns	     40301	80008424	00589493	slli	x9,x17,0x5	 x17:0x00000000  x9=0xffff8b60
     403035.000 ns	     40302	80008428	41178f33	sub	x30,x15,x17	 x15:0x00000000 x17:0xfffffc5b x30=0x000003a5
     403055.000 ns	     40304	8000842c	c003f0d3	fcvt.w.s	x1,f7	  f7:0xea66c16c  x1=0x80000000
     403095.000 ns	     40308	80008430	10eef0d3	fmul.s	f1,f29,f14	 f29:0x3f35042a f14:0x7fc00000  f1=0x7fc00000
     403115.000 ns	     40310	80008434	0129c7b3	xor	x15,x19,x18	 x19:0x00000000 x18:0x00000000 x15=0x00000000
     403135.000 ns	     40312	80008438	e0041453	fclass.s	x8,f8	  f8:0x80000000  x8=0x00000008
     403155.000 ns	     40314	8000843c	415d5893	srai	x17,x26,0x15	 x26:0x00000000 x17=0x00000000
     403165.000 ns	     40315	80008440	003ec2b3	xor	x5,x29,x3	 x29:0xffffff4c  x3:0x00000001  x5=0xffffff4d
     403175.000 ns	     40316	80008444	9dacf413	andi	x8,x25,-1574	 x25:0x00000000  x8=0x00000000
     403195.000 ns	     40318	80008448	a1570053	fle.s	x0,f14,f21	 f14:0x7fc00000 f21:0x3f7fffae
     403225.000 ns	     40321	8000844c	a0268d53	fle.s	x26,f13,f2	 f13:0x7fc00000  f2:0xcf000000 x26=0x00000000
     403245.000 ns	     40323	80008450	01760533	add	x10,x12,x23	 x12:0xffffffff x23:0x3f800000 x10=0x3f7fffff
     403265.000 ns	     40325	80008454	219e1053	fsgnjn.s	f0,f28,f25	 f28:0x4f000001 f25:0x00000000  f0=0xcf000001
     403295.000 ns	     40328	80008458	a153a953	feq.s	x18,f7,f21	  f7:0xea66c16c f21:0x3f7fffae x18=0x00000000
     403325.000 ns	     40331	8000845c	e0088553	fmv.x.w	x10,f17	 f17:0x00000000 x10=0x00000000
     403345.000 ns	     40333	80008460	b2f43217	auipc	x4,0xb2f43	  x4=0x32f4b460
     403355.000 ns	     40334	80008464	973e0093	addi	x1,x28,-1677	 x28:0x00000000  x1=0xfffff973
     403375.000 ns	     40336	80008468	03e58033	mul	x0,x11,x30	 x11:0x80000000 x30:0x000003a5
     403395.000 ns	     40338	8000846c	019c0233	add	x4,x24,x25	 x24:0x00000795 x25:0x00000000  x4=0x00000795
     403435.000 ns	     40342	80008470	00f2c2d3	fadd.s	f5,f5,f15	  f5:0xcf000001 f15:0x80000000  f5=0xcf000001
     403465.000 ns	     40345	80008474	e00284d3	fmv.x.w	x9,f5	  f5:0xcf000001  x9=0xcf000001
     403495.000 ns	     40348	80008478	02d7a633	mulhsu	x12,x15,x13	 x15:0x00000000 x13:0x00000001 x12=0x00000000
     403525.000 ns	     40351	8000847c	a0c89253	flt.s	x4,f17,f12	 f17:0x00000000 f12:0x00000000  x4=0x00000000
     403865.000 ns	     40385	80008480	187df353	fdiv.s	f6,f27,f7	 f27:0xcf000000  f7:0xea66c16c  f6=0x24000000
     403915.000 ns	     40390	80008484	0014fcd3	fadd.s	f25,f9,f1	  f9:0xcefff7e0  f1:0x7fc00000 f25=0x7fc00000
     403945.000 ns	     40393	80008488	21ba99d3	fsgnjn.s	f19,f21,f27	 f21:0x3f7fffae f27:0xcf000000 f19=0x3f7fffae
     403965.000 ns	     40395	8000848c	00000013	addi	x0,x0,0	  x0:0x00000000
     403985.000 ns	     40397	80008490	29479d53	fmax.s	f26,f15,f20	 f15:0x80000000 f20:0xffc00000 f26=0x80000000
     404005.000 ns	     40399	80008494	00633c33	sltu	x24,x6,x6	  x6:0x00000002  x6:0x00000002 x24=0x00000000
     404365.000 ns	     40435	80008498	023764b3	rem	x9,x14,x3	 x14:0x00000000  x3:0x00000001  x9=0x00000000
     404385.000 ns	     40437	8000849c	8c25e793	ori	x15,x11,-1854	 x11:0x80000000 x15=0xfffff8c2
     404425.000 ns	     40441	800084a0	099cf3d3	fsub.s	f7,f25,f25	 f25:0x7fc00000 f25:0x7fc00000  f7=0x7fc00000
     404445.000 ns	     40443	800084a4	55fbfa93	andi	x21,x23,1375	 x23:0x3f800000 x21=0x00000000
     404455.000 ns	     40444	800084a8	405056b3	sra	x13,x0,x5	  x0:0x00000000  x5:0xffffff4d x13=0x00000000
     404465.000 ns	     40445	800084ac	008db1b3	sltu	x3,x27,x8	 x27:0x00000000  x8:0x00000000  x3=0x00000000
     404485.000 ns	     40447	800084b0	e0028953	fmv.x.w	x18,f5	  f5:0xcf000001 x18=0xcf000001
     404505.000 ns	     40449	800084b4	4815b937	lui	x18,0x4815b	 x18=0x4815b000
     404535.000 ns	     40452	800084b8	111aafd3	fmul.s	f31,f21,f17	 f21:0x3f7fffae f17:0x00000000 f31=0x00000000
     404565.000 ns	     40455	800084bc	0389c033	div	x0,x19,x24	 x19:0x00000000 x24:0x00000000
     404585.000 ns	     40457	800084c0	41b05a33	sra	x20,x0,x27	  x0:0x00000000 x27:0x00000000 x20=0x00000000
     404595.000 ns	     40458	800084c4	01379913	slli	x18,x15,0x13	 x15:0xfffff8c2 x18=0xc6100000
     404615.000 ns	     40460	800084c8	a0f21ed3	flt.s	x29,f4,f15	  f4:0x80000000 f15:0x80000000 x29=0x00000000
     404665.000 ns	     40465	800084cc	01ed74d3	fadd.s	f9,f26,f30	 f26:0x80000000 f30:0x2f800000  f9=0x2f800000
     404685.000 ns	     40467	800084d0	00000013	addi	x0,x0,0	  x0:0x00000000
     404695.000 ns	     40468	800084d4	019b77b3	and	x15,x22,x25	 x22:0x80041024 x25:0x00000000 x15=0x00000000
     404715.000 ns	     40470	800084d8	f00b87d3	fmv.w.x	f15,x23	 x23:0x3f800000 f15=0x3f800000
     404735.000 ns	     40472	800084dc	01971d13	slli	x26,x14,0x19	 x14:0x00000000 x26=0x00000000
     404755.000 ns	     40474	800084e0	d00673d3	fcvt.s.w	f7,x12	 x12:0x00000000  f7=0x00000000
     404785.000 ns	     40477	800084e4	f0010ad3	fmv.w.x	f21,x2	  x2:0x80040fe4 f21=0x80040fe4
     404815.000 ns	     40480	800084e8	e00a93d3	fclass.s	x7,f21	 f21:0x3f7fffae  x7=0x00000004
     404855.000 ns	     40484	800084ec	1022f3d3	fmul.s	f7,f5,f2	  f5:0xcf000001  f2:0xcf000000  f7=0x5e800002
     404875.000 ns	     40486	800084f0	00714db3	xor	x27,x2,x7	  x2:0x80040fe4  x7:0x00000004 x27=0x80040fe0
     404895.000 ns	     40488	800084f4	030b7a33	remu	x20,x22,x16	 x22:0x80041024 x16:0x00000000 x20=0x80041024
     404915.000 ns	     40490	800084f8	00000013	addi	x0,x0,0	  x0:0x00000000
     404935.000 ns	     40492	800084fc	02129cb3	mulh	x25,x5,x1	  x5:0xffffff4d  x1:0xfffff973 x25=0x00000000
     404955.000 ns	     40494	80008500	2a466f37	lui	x30,0x2a466	 x30=0x2a466000
     404965.000 ns	     40495	80008504	00ce1633	sll	x12,x28,x12	 x28:0x00000000 x12:0x00000000 x12=0x00000000
     404975.000 ns	     40496	80008508	00a39833	sll	x16,x7,x10	  x7:0x00000004 x10:0x00000000 x16=0x00000004
     405015.000 ns	     40500	8000850c	09fefad3	fsub.s	f21,f29,f31	 f29:0x3f35042a f31:0x00000000 f21=0x3f35042a
     405045.000 ns	     40503	80008510	c0077c53	fcvt.w.s	x24,f14	 f14:0x7fc00000 x24=0x7fffffff
     405065.000 ns	     40505	80008514	006b1813	slli	x16,x22,0x6	 x22:0x80041024 x16=0x01040900
     405085.000 ns	     40507	80008518	a1d9a4d3	feq.s	x9,f19,f29	 f19:0x3f7fffae f29:0x3f35042a  x9=0x00000000
     405105.000 ns	     40509	8000851c	1ec73d93	sltiu	x27,x14,492	 x14:0x00000000 x27=0x00000001
     405125.000 ns	     40511	80008520	03509a33	mulh	x20,x1,x21	  x1:0xfffff973 x21:0x00000000 x20=0x00000000
     405145.000 ns	     40513	80008524	68214d17	auipc	x26,0x68214	 x26=0xe821c524
     405165.000 ns	     40515	80008528	e0009bd3	fclass.s	x23,f1	  f1:0x7fc00000 x23=0x00000200
     405185.000 ns	     40517	8000852c	63410a93	addi	x21,x2,1588	  x2:0x80040fe4 x21=0x80041618
     405205.000 ns	     40519	80008530	a0c69ad3	flt.s	x21,f13,f12	 f13:0x7fc00000 f12:0x00000000 x21=0x00000000
     405235.000 ns	     40522	80008534	29df0b53	fmin.s	f22,f30,f29	 f30:0x2f800000 f29:0x3f35042a f22=0x2f800000
     405265.000 ns	     40525	80008538	20780e53	fsgnj.s	f28,f16,f7	 f16:0x80000000  f7:0x5e800002 f28=0x00000000
     405295.000 ns	     40528	8000853c	036b3cb3	mulhu	x25,x22,x22	 x22:0x80041024 x22:0x80041024 x25=0x40041034
     405315.000 ns	     40530	80008540	41295533	sra	x10,x18,x18	 x18:0xc6100000 x18:0xc6100000 x10=0xc6100000
     405675.000 ns	     40566	80008544	02bf6633	rem	x12,x30,x11	 x30:0x2a466000 x11:0x80000000 x12=0x2a466000
     405705.000 ns	     40569	80008548	c0112f53	fcvt.wu.s	x30,f2	  f2:0xcf000000 x30=0x80000000
     405735.000 ns	     40572	8000854c	0337b333	mulhu	x6,x15,x19	 x15:0x00000000 x19:0x00000000  x6=0x00000000
     405755.000 ns	     40574	80008550	73940b93	addi	x23,x8,1849	  x8:0x00000000 x23=0x00000739
     405765.000 ns	     40575	80008554	40b05933	sra	x18,x0,x11	  x0:0x00000000 x11:0x80000000 x18=0x00000000
     405775.000 ns	     40576	80008558	4069d6b3	sra	x13,x19,x6	 x19:0x00000000  x6:0x00000000 x13=0x00000000
     405795.000 ns	     40578	8000855c	03f62cb3	mulhsu	x25,x12,x31	 x12:0x2a466000 x31:0x00000000 x25=0x00000000
     406165.000 ns	     40615	80008560	02c060b3	rem	x1,x0,x12	  x0:0x00000000 x12:0x2a466000  x1=0x00000000
     406195.000 ns	     40618	80008564	02c6a7b3	mulhsu	x15,x13,x12	 x13:0x00000000 x12:0x2a466000 x15=0x00000000
     406215.000 ns	     40620	80008568	5f70a513	slti	x10,x1,1527	  x1:0x00000000 x10=0x00000001
     406225.000 ns	     40621	8000856c	74a7a413	slti	x8,x15,1866	 x15:0x00000000  x8=0x00000001
     406245.000 ns	     40623	80008570	03cbcdb3	div	x27,x23,x28	 x23:0x00000739 x28:0x00000000 x27=0xffffffff
     406275.000 ns	     40626	80008574	c01af1d3	fcvt.wu.s	x3,f21	 f21:0x3f35042a  x3=0x00000000
     406295.000 ns	     40628	80008578	40add633	sra	x12,x27,x10	 x27:0xffffffff x10:0x00000001 x12=0xffffffff
     406315.000 ns	     40630	8000857c	a0bd00d3	fle.s	x1,f26,f11	 f26:0x80000000 f11:0x80000000  x1=0x00000001
     406345.000 ns	     40633	80008580	02d06cb3	rem	x25,x0,x13	  x0:0x00000000 x13:0x00000000 x25=0x00000000
     406365.000 ns	     40635	80008584	b2b14613	xori	x12,x2,-1237	  x2:0x80040fe4 x12=0x7ffbf4cf
     406375.000 ns	     40636	80008588	4085d9b3	sra	x19,x11,x8	 x11:0x80000000  x8:0x00000001 x19=0xc0000000
     406385.000 ns	     40637	8000858c	41b55e93	srai	x29,x10,0x1b	 x10:0x00000001 x29=0x00000000
     406405.000 ns	     40639	80008590	c0180e53	fcvt.wu.s	x28,f16	 f16:0x80000000 x28=0x00000000
     406435.000 ns	     40642	80008594	0342bbb3	mulhu	x23,x5,x20	  x5:0xffffff4d x20:0x00000000 x23=0x00000000
     406455.000 ns	     40644	80008598	40ae8fb3	sub	x31,x29,x10	 x29:0x00000000 x10:0x00000001 x31=0xffffffff
     406815.000 ns	     40680	8000859c	02765233	divu	x4,x12,x7	 x12:0x7ffbf4cf  x7:0x00000004  x4=0x1ffefd33
     406865.000 ns	     40685	800085a0	0812f953	fsub.s	f18,f5,f1	  f5:0xcf000001  f1:0x7fc00000 f18=0x7fc00000
     406885.000 ns	     40687	800085a4	7a82f913	andi	x18,x5,1960	  x5:0xffffff4d x18=0x00000708
     406905.000 ns	     40689	800085a8	03ba34b3	mulhu	x9,x20,x27	 x20:0x00000000 x27:0xffffffff  x9=0x00000000
     406925.000 ns	     40691	800085ac	00c19513	slli	x10,x3,0xc	  x3:0x00000000 x10=0x00000000
     407285.000 ns	     40727	800085b0	03e7d733	divu	x14,x15,x30	 x15:0x00000000 x30:0x80000000 x14=0x00000000
     407305.000 ns	     40729	800085b4	f0893093	sltiu	x1,x18,-248	 x18:0x00000708  x1=0x00000001
     407325.000 ns	     40731	800085b8	20720353	fsgnj.s	f6,f4,f7	  f4:0x80000000  f7:0x5e800002  f6=0x00000000
     407365.000 ns	     40735	800085bc	108f7953	fmul.s	f18,f30,f8	 f30:0x2f800000  f8:0x80000000 f18=0x80000000
     407395.000 ns	     40738	800085c0	20701ed3	fsgnjn.s	f29,f0,f7	  f0:0xcf000001  f7:0x5e800002 f29=0xcf000001
     407425.000 ns	     40741	800085c4	f00780d3	fmv.w.x	f1,x15	 x15:0x00000000  f1=0x00000000
     407445.000 ns	     40743	800085c8	b874b413	sltiu	x8,x9,-1145	  x9:0x00000000  x8=0x00000001
     407455.000 ns	     40744	800085cc	ea578513	addi	x10,x15,-347	 x15:0x00000000 x10=0xfffffea5
     407465.000 ns	     40745	800085d0	453a7413	andi	x8,x20,1107	 x20:0x00000000  x8=0x00000000
     407505.000 ns	     40749	800085d4	08aafc53	fsub.s	f24,f21,f10	 f21:0x3f35042a f10:0xcf000001 f24=0x4f000001
     407555.000 ns	     40754	800085d8	00e673d3	fadd.s	f7,f12,f14	 f12:0x00000000 f14:0x7fc00000  f7=0x7fc00000
     407585.000 ns	     40757	800085dc	e00e04d3	fmv.x.w	x9,f28	 f28:0x00000000  x9=0x00000000
     407605.000 ns	     40759	800085e0	00983cb3	sltu	x25,x16,x9	 x16:0x01040900  x9:0x00000000 x25=0x00000000
     407625.000 ns	     40761	800085e4	02c68833	mul	x16,x13,x12	 x13:0x00000000 x12:0x7ffbf4cf x16=0x00000000
     407645.000 ns	     40763	800085e8	011f6d33	or	x26,x30,x17	 x30:0x80000000 x17:0x00000000 x26=0x80000000
     407665.000 ns	     40765	800085ec	d0137d53	fcvt.s.wu	f26,x6	  x6:0x00000000 f26=0x00000000
     407695.000 ns	     40768	800085f0	e0068053	fmv.x.w	x0,f13	 f13:0x7fc00000
     407715.000 ns	     40770	800085f4	01d66cb3	or	x25,x12,x29	 x12:0x7ffbf4cf x29:0x00000000 x25=0x7ffbf4cf
     407735.000 ns	     40772	800085f8	03025db3	divu	x27,x4,x16	  x4:0x1ffefd33 x16:0x00000000 x27=0xffffffff
     407755.000 ns	     40774	800085fc	405dd893	srai	x17,x27,0x5	 x27:0xffffffff x17=0xffffffff
     407785.000 ns	     40777	80008600	11fb9fd3	fmul.s	f31,f23,f31	 f23:0x00000000 f31:0x00000000 f31=0x00000000
     407835.000 ns	     40782	80008604	08dfa153	fsub.s	f2,f31,f13	 f31:0x00000000 f13:0x7fc00000  f2=0x7fc00000
     407865.000 ns	     40785	80008608	20ad2a53	fsgnjx.s	f20,f26,f10	 f26:0x00000000 f10:0xcf000001 f20=0x80000000
     407895.000 ns	     40788	8000860c	0346bcb3	mulhu	x25,x13,x20	 x13:0x00000000 x20:0x00000000 x25=0x00000000
     407915.000 ns	     40790	80008610	012a7bb3	and	x23,x20,x18	 x20:0x00000000 x18:0x00000708 x23=0x00000000
     407925.000 ns	     40791	80008614	c8cf0717	auipc	x14,0xc8cf0	 x14=0x48cf8614
     407935.000 ns	     40792	80008618	01ebd6b3	srl	x13,x23,x30	 x23:0x00000000 x30:0x80000000 x13=0x00000000
     407955.000 ns	     40794	8000861c	f00786d3	fmv.w.x	f13,x15	 x15:0x00000000 f13=0x00000000
     407995.000 ns	     40798	80008620	11cf76d3	fmul.s	f13,f30,f28	 f30:0x2f800000 f28:0x00000000 f13=0x00000000
     408045.000 ns	     40803	80008624	019875d3	fadd.s	f11,f16,f25	 f16:0x80000000 f25:0x7fc00000 f11=0x7fc00000
     408075.000 ns	     40806	80008628	d008afd3	fcvt.s.w	f31,x17	 x17:0xffffffff f31=0xbf800000
     408105.000 ns	     40809	8000862c	20731153	fsgnjn.s	f2,f6,f7	  f6:0x00000000  f7:0x7fc00000  f2=0x80000000
     408155.000 ns	     40814	80008630	00a188d3	fadd.s	f17,f3,f10	  f3:0x00000000 f10:0xcf000001 f17=0xcf000001
     408525.000 ns	     40851	80008634	03e150b3	divu	x1,x2,x30	  x2:0x80040fe4 x30:0x80000000  x1=0x00000001
     408545.000 ns	     40853	80008638	40d0df93	srai	x31,x1,0xd	  x1:0x00000001 x31=0x00000000
     408565.000 ns	     40855	8000863c	214123d3	fsgnjx.s	f7,f2,f20	  f2:0x80000000 f20:0x80000000  f7=0x00000000
     408615.000 ns	     40860	80008640	0107fbd3	fadd.s	f23,f15,f16	 f15:0x3f800000 f16:0x80000000 f23=0x3f800000
     408635.000 ns	     40862	80008644	f9472193	slti	x3,x14,-108	 x14:0x48cf8614  x3=0x00000000
     408645.000 ns	     40863	80008648	40e28233	sub	x4,x5,x14	  x5:0xffffff4d x14:0x48cf8614  x4=0xb7307939
     408665.000 ns	     40865	8000864c	c018f853	fcvt.wu.s	x16,f17	 f17:0xcf000001 x16=0x80000100
     408685.000 ns	     40867	80008650	005879b3	and	x19,x16,x5	 x16:0x00000000  x5:0xffffff4d x19=0x80000100
     408695.000 ns	     40868	80008654	40f45f93	srai	x31,x8,0xf	  x8:0x00000000 x31=0x00000000
     408715.000 ns	     40870	80008658	02f514b3	mulh	x9,x10,x15	 x10:0xfffffea5 x15:0x00000000  x9=0x00000000
     408735.000 ns	     40872	8000865c	96da0313	addi	x6,x20,-1683	 x20:0x00000000  x6=0xfffff96d
     408755.000 ns	     40874	80008660	a0fca053	feq.s	x0,f25,f15	 f25:0x7fc00000 f15:0x3f800000
     408785.000 ns	     40877	80008664	c01706d3	fcvt.wu.s	x13,f14	 f14:0x7fc00000 x13=0xffffffff
     408805.000 ns	     40879	80008668	00000013	addi	x0,x0,0	  x0:0x00000000
     408825.000 ns	     40881	8000866c	f00087d3	fmv.w.x	f15,x1	  x1:0x00000001 f15=0x00000001
     408845.000 ns	     40883	80008670	01a241b3	xor	x3,x4,x26	  x4:0xb7307939 x26:0x80000000  x3=0x37307939
     408865.000 ns	     40885	80008674	29cd9e53	fmax.s	f28,f27,f28	 f27:0xcf000000 f28:0x00000000 f28=0x00000000
     408895.000 ns	     40888	80008678	e00b1c53	fclass.s	x24,f22	 f22:0x2f800000 x24=0x00000040
     408915.000 ns	     40890	8000867c	01b1d393	srli	x7,x3,0x1b	  x3:0x37307939  x7=0x00000006
     408925.000 ns	     40891	80008680	012c2d33	slt	x26,x24,x18	 x24:0x00000040 x18:0x00000708 x26=0x00000001
     408945.000 ns	     40893	80008684	28431ed3	fmax.s	f29,f6,f4	  f6:0x00000000  f4:0x80000000 f29=0x00000000
     408965.000 ns	     40895	80008688	cadf7313	andi	x6,x30,-851	 x30:0x80000000  x6=0x80000000
     408995.000 ns	     40898	8000868c	58044253	fsqrt.s	f4,f8	  f8:0x80000000  f4=0x80000000
     409025.000 ns	     40901	80008690	217f2953	fsgnjx.s	f18,f30,f23	 f30:0x2f800000 f23:0x3f800000 f18=0x2f800000
     409055.000 ns	     40904	80008694	d00d8b53	fcvt.s.w	f22,x27	 x27:0xffffffff f22=0xbf800000
     409085.000 ns	     40907	80008698	a197aa53	feq.s	x20,f15,f25	 f15:0x00000001 f25:0x7fc00000 x20=0x00000000
     409105.000 ns	     40909	8000869c	00c3b6b3	sltu	x13,x7,x12	  x7:0x00000006 x12:0x7ffbf4cf x13=0x00000001
     409125.000 ns	     40911	800086a0	a0442c53	feq.s	x24,f8,f4	  f8:0x80000000  f4:0x80000000 x24=0x00000001
     409145.000 ns	     40913	800086a4	0cb84293	xori	x5,x16,203	 x16:0x80000100  x5=0x800001cb
     409155.000 ns	     40914	800086a8	3e8ec3b7	lui	x7,0x3e8ec	  x7=0x3e8ec000
     409175.000 ns	     40916	800086ac	d0174753	fcvt.s.wu	f14,x14	 x14:0x48cf8614 f14=0x4e919f0c
     409195.000 ns	     40918	800086b0	00261d13	slli	x26,x12,0x2	 x12:0x7ffbf4cf x26=0xffefd33c
     409205.000 ns	     40919	800086b4	00235f13	srli	x30,x6,0x2	  x6:0x80000000 x30=0x20000000
     409215.000 ns	     40920	800086b8	003777b3	and	x15,x14,x3	 x14:0x48cf8614  x3:0x37307939 x15=0x00000010
     409225.000 ns	     40921	800086bc	000cd633	srl	x12,x25,x0	 x25:0x00000000  x0:0x00000000 x12=0x00000000
     409245.000 ns	     40923	800086c0	c01affd3	fcvt.wu.s	x31,f21	 f21:0x3f35042a x31=0x00000000
     409265.000 ns	     40925	800086c4	00a90e33	add	x28,x18,x10	 x18:0x00000708 x10:0xfffffea5 x28=0x000005ad
     409285.000 ns	     40927	800086c8	e0000853	fmv.x.w	x16,f0	  f0:0xcf000001 x16=0xcf000001
     409305.000 ns	     40929	800086cc	7bc27f13	andi	x30,x4,1980	  x4:0xb7307939 x30=0x00000138
     409345.000 ns	     40933	800086d0	0875f553	fsub.s	f10,f11,f7	 f11:0x7fc00000  f7:0x00000000 f10=0x7fc00000
     409365.000 ns	     40935	800086d4	402b81b3	sub	x3,x23,x2	 x23:0x00000000  x2:0x80040fe4  x3=0x7ffbf01c
     409385.000 ns	     40937	800086d8	e00d9453	fclass.s	x8,f27	 f27:0xcf000000  x8=0x00000002
     409755.000 ns	     40974	800086dc	03e7fcb3	remu	x25,x15,x30	 x15:0x00000010 x30:0x00000138 x25=0x00000010
     409775.000 ns	     40976	800086e0	20d97837	lui	x16,0x20d97	 x16=0x20d97000
     409785.000 ns	     40977	800086e4	00000013	addi	x0,x0,0	  x0:0x00000000
     410145.000 ns	     41013	800086e8	0267c933	div	x18,x15,x6	 x15:0x00000010  x6:0x80000000 x18=0x00000000
     410165.000 ns	     41015	800086ec	018f5833	srl	x16,x30,x24	 x30:0x00000138 x24:0x00000001 x16=0x0000009c
     410175.000 ns	     41016	800086f0	00000013	addi	x0,x0,0	  x0:0x00000000
     410195.000 ns	     41018	800086f4	d01791d3	fcvt.s.wu	f3,x15	 x15:0x00000010  f3=0x41800000
     410225.000 ns	     41021	800086f8	a13a99d3	flt.s	x19,f21,f19	 f21:0x3f35042a f19:0x3f7fffae x19=0x00000001
     410245.000 ns	     41023	800086fc	01f362b3	or	x5,x6,x31	  x6:0x80000000 x31:0x00000000  x5=0x80000000
     410255.000 ns	     41024	80008700	00000013	addi	x0,x0,0	  x0:0x00000000
     410285.000 ns	     41027	80008704	11d9f9d3	fmul.s	f19,f19,f29	 f19:0x3f7fffae f29:0x00000000 f19=0x00000000
     410315.000 ns	     41030	80008708	a07d1e53	flt.s	x28,f26,f7	 f26:0x00000000  f7:0x00000000 x28=0x00000000
     410335.000 ns	     41032	8000870c	405700b3	sub	x1,x14,x5	 x14:0x48cf8614  x5:0x80000000  x1=0xc8cf8614
     410665.000 ns	     41065	80008710	18fb47d3	fdiv.s	f15,f22,f15	 f22:0xbf800000 f15:0x00000001 f15=0xfe34b4b6
     410685.000 ns	     41067	80008714	414880b3	sub	x1,x17,x20	 x17:0xffffffff x20:0x00000000  x1=0xffffffff
     410695.000 ns	     41068	80008718	405d8ab3	sub	x21,x27,x5	 x27:0xffffffff  x5:0x80000000 x21=0x7fffffff
     410715.000 ns	     41070	8000871c	21e5afd3	fsgnjx.s	f31,f11,f30	 f11:0x7fc00000 f30:0x2f800000 f31=0x7fc00000
     410735.000 ns	     41072	80008720	01d55c13	srli	x24,x10,0x1d	 x10:0xfffffea5 x24=0x00000007
     410745.000 ns	     41073	80008724	411d0633	sub	x12,x26,x17	 x26:0xffefd33c x17:0xffffffff x12=0xffefd33d
     410765.000 ns	     41075	80008728	21120453	fsgnj.s	f8,f4,f17	  f4:0x80000000 f17:0xcf000001  f8=0x80000000
     410805.000 ns	     41079	8000872c	19ee2ad3	fdiv.s	f21,f28,f30	 f28:0x00000000 f30:0x2f800000 f21=0x00000000
     410825.000 ns	     41081	80008730	4094dc33	sra	x24,x9,x9	  x9:0x00000000  x9:0x00000000 x24=0x00000000
     410845.000 ns	     41083	80008734	28d29153	fmax.s	f2,f5,f13	  f5:0xcf000001 f13:0x00000000  f2=0x00000000
     410865.000 ns	     41085	80008738	dff72893	slti	x17,x14,-513	 x14:0x48cf8614 x17=0x00000000
     410875.000 ns	     41086	8000873c	01a44db3	xor	x27,x8,x26	  x8:0x00000002 x26:0xffefd33c x27=0xffefd33e
     410885.000 ns	     41087	80008740	928c3013	sltiu	x0,x24,-1752	 x24:0x00000000
     410895.000 ns	     41088	80008744	f8b372b7	lui	x5,0xf8b37	  x5=0xf8b37000
     410905.000 ns	     41089	80008748	01ca8a33	add	x20,x21,x28	 x21:0x7fffffff x28:0x00000000 x20=0x7fffffff
     410925.000 ns	     41091	8000874c	02360db3	mul	x27,x12,x3	 x12:0xffefd33d  x3:0x7ffbf01c x27=0x34134aac
     410955.000 ns	     41094	80008750	a1e09053	flt.s	x0,f1,f30	  f1:0x00000000 f30:0x2f800000
     410985.000 ns	     41097	80008754	03d93433	mulhu	x8,x18,x29	 x18:0x00000000 x29:0x00000000  x8=0x00000000
     411015.000 ns	     41100	80008758	e0040053	fmv.x.w	x0,f8	  f8:0x80000000
     411035.000 ns	     41102	8000875c	924e4f13	xori	x30,x28,-1756	 x28:0x00000000 x30=0xfffff924
     411045.000 ns	     41103	80008760	5a40b493	sltiu	x9,x1,1444	  x1:0xffffffff  x9=0x00000000
     411065.000 ns	     41105	80008764	28f10653	fmin.s	f12,f2,f15	  f2:0x00000000 f15:0xfe34b4b6 f12=0xfe34b4b6
     411435.000 ns	     41142	80008768	0212d7b3	divu	x15,x5,x1	  x5:0xf8b37000  x1:0xffffffff x15=0x00000000
     411465.000 ns	     41145	8000876c	e00d84d3	fmv.x.w	x9,f27	 f27:0xcf000000  x9=0xcf000000
     411495.000 ns	     41148	80008770	c01d7dd3	fcvt.wu.s	x27,f26	 f26:0x00000000 x27=0x00000000
     411515.000 ns	     41150	80008774	00c11c33	sll	x24,x2,x12	  x2:0x80040fe4 x12:0xffefd33d x24=0x80000000
     411535.000 ns	     41152	80008778	032f7e33	remu	x28,x30,x18	 x30:0xfffff924 x18:0x00000000 x28=0xfffff924
     411555.000 ns	     41154	8000877c	01278933	add	x18,x15,x18	 x15:0x00000000 x18:0x00000000 x18=0x00000000
     411575.000 ns	     41156	80008780	28549d53	fmax.s	f26,f9,f5	  f9:0x2f800000  f5:0xcf000001 f26=0x2f800000
     411605.000 ns	     41159	80008784	a05186d3	fle.s	x13,f3,f5	  f3:0x41800000  f5:0xcf000001 x13=0x00000000
     411625.000 ns	     41161	80008788	0084dc33	srl	x24,x9,x8	  x9:0xcf000000  x8:0x00000000 x24=0xcf000000
     411655.000 ns	     41164	8000878c	580b7ad3	fsqrt.s	f21,f22	 f22:0xbf800000 f21=0x7fc00000
     411685.000 ns	     41167	80008790	28c29ad3	fmax.s	f21,f5,f12	  f5:0xcf000001 f12:0xfe34b4b6 f21=0xcf000001
     411705.000 ns	     41169	80008794	b6ec4997	auipc	x19,0xb6ec4	 x19=0x36ecc794
     411715.000 ns	     41170	80008798	6a56beb7	lui	x29,0x6a56b	 x29=0x6a56b000
     411725.000 ns	     41171	8000879c	4905c693	xori	x13,x11,1168	 x11:0x80000000 x13=0x80000490
     411745.000 ns	     41173	800087a0	02240cb3	mul	x25,x8,x2	  x8:0x00000000  x2:0x80040fe4 x25=0x00000000
     411765.000 ns	     41175	800087a4	40945d33	sra	x26,x8,x9	  x8:0x00000000  x9:0xcf000000 x26=0x00000000
     412125.000 ns	     41211	800087a8	0212e2b3	rem	x5,x5,x1	  x5:0xf8b37000  x1:0xffffffff  x5=0x00000000
     412145.000 ns	     41213	800087ac	aac813b7	lui	x7,0xaac81	  x7=0xaac81000
     412155.000 ns	     41214	800087b0	00ee8c33	add	x24,x29,x14	 x29:0x6a56b000 x14:0x48cf8614 x24=0xb3263614
     412195.000 ns	     41218	800087b4	01667fd3	fadd.s	f31,f12,f22	 f12:0xfe34b4b6 f22:0xbf800000 f31=0xfe34b4b6
     412215.000 ns	     41220	800087b8	409c5e13	srai	x28,x24,0x9	 x24:0xcf000000 x28=0xffd9931b
     412235.000 ns	     41222	800087bc	d0174353	fcvt.s.wu	f6,x14	 x14:0x48cf8614  f6=0x4e919f0c
     412255.000 ns	     41224	800087c0	00fc99b3	sll	x19,x25,x15	 x25:0x00000000 x15:0x00000000 x19=0x00000000
     412265.000 ns	     41225	800087c4	fcd86f93	ori	x31,x16,-51	 x16:0x0000009c x31=0xffffffdd
     412275.000 ns	     41226	800087c8	0150d013	srli	x0,x1,0x15	  x1:0xffffffff
     412285.000 ns	     41227	800087cc	00000013	addi	x0,x0,0	  x0:0x00000000
     412305.000 ns	     41229	800087d0	03478e33	mul	x28,x15,x20	 x15:0x00000000 x20:0x7fffffff x28=0x00000000
     412325.000 ns	     41231	800087d4	31b6fe93	andi	x29,x13,795	 x13:0x80000490 x29=0x00000010
     412335.000 ns	     41232	800087d8	01203f33	sltu	x30,x0,x18	  x0:0x00000000 x18:0x00000000 x30=0x00000000
     412345.000 ns	     41233	800087dc	00788233	add	x4,x17,x7	 x17:0x00000000  x7:0xaac81000  x4=0xaac81000
     412355.000 ns	     41234	800087e0	0015c9b3	xor	x19,x11,x1	 x11:0x80000000  x1:0xffffffff x19=0x7fffffff
     412365.000 ns	     41235	800087e4	13387f93	andi	x31,x16,307	 x16:0x0000009c x31=0x00000010
     412385.000 ns	     41237	800087e8	03c60333	mul	x6,x12,x28	 x12:0xffefd33d x28:0x00000000  x6=0x00000000
     412415.000 ns	     41240	800087ec	035781b3	mul	x3,x15,x21	 x15:0x00000000 x21:0x7fffffff  x3=0x00000000
     412435.000 ns	     41242	800087f0	003abfb3	sltu	x31,x21,x3	 x21:0x7fffffff  x3:0x7ffbf01c x31=0x00000000
     412445.000 ns	     41243	800087f4	0c951d37	lui	x26,0xc951	 x26=0x0c951000
     412465.000 ns	     41245	800087f8	e0010f53	fmv.x.w	x30,f2	  f2:0x00000000 x30=0x00000000
     412485.000 ns	     41247	800087fc	00c5c233	xor	x4,x11,x12	 x11:0x80000000 x12:0xffefd33d  x4=0x7fefd33d
     412495.000 ns	     41248	80008800	63b44613	xori	x12,x8,1595	  x8:0x00000000 x12=0x0000063b
     412515.000 ns	     41250	80008804	283d1353	fmax.s	f6,f26,f3	 f26:0x2f800000  f3:0x41800000  f6=0x41800000
     412535.000 ns	     41252	80008808	0002f8b3	and	x17,x5,x0	  x5:0x00000000  x0:0x00000000 x17=0x00000000
     412545.000 ns	     41253	8000880c	34e7e993	ori	x19,x15,846	 x15:0x00000000 x19=0x0000034e
     412555.000 ns	     41254	80008810	01095f13	srli	x30,x18,0x10	 x18:0x00000000 x30=0x00000000
     412575.000 ns	     41256	80008814	0247b1b3	mulhu	x3,x15,x4	 x15:0x00000000  x4:0x7fefd33d  x3=0x00000000
     412615.000 ns	     41260	80008818	190674d3	fdiv.s	f9,f12,f16	 f12:0xfe34b4b6 f16:0x80000000  f9=0x7f800000
     412645.000 ns	     41263	8000881c	d00cced3	fcvt.s.w	f29,x25	 x25:0x00000000 f29=0x00000000
     412675.000 ns	     41266	80008820	21f52d53	fsgnjx.s	f26,f10,f31	 f10:0x7fc00000 f31:0xfe34b4b6 f26=0xffc00000
     412705.000 ns	     41269	80008824	02d23db3	mulhu	x27,x4,x13	  x4:0x7fefd33d x13:0x80000490 x27=0x3ff7ebe6
     412735.000 ns	     41272	80008828	d004f453	fcvt.s.w	f8,x9	  x9:0xcf000000  f8=0xce440000
     412765.000 ns	     41275	8000882c	d01e2953	fcvt.s.wu	f18,x28	 x28:0x00000000 f18=0x00000000
     412795.000 ns	     41278	80008830	03df1233	mulh	x4,x30,x29	 x30:0x00000000 x29:0x00000010  x4=0x00000000
     412815.000 ns	     41280	80008834	eb328a13	addi	x20,x5,-333	  x5:0x00000000 x20=0xfffffeb3
     412825.000 ns	     41281	80008838	d141ad93	slti	x27,x3,-748	  x3:0x00000000 x27=0x00000000
     412865.000 ns	     41285	8000883c	083301d3	fsub.s	f3,f6,f3	  f6:0x41800000  f3:0x41800000  f3=0x80000000
     412905.000 ns	     41289	80008840	104e2fd3	fmul.s	f31,f28,f4	 f28:0x00000000  f4:0x80000000 f31=0x80000000
     412935.000 ns	     41292	80008844	29ed8053	fmin.s	f0,f27,f30	 f27:0xcf000000 f30:0x2f800000  f0=0xcf000000
     412985.000 ns	     41297	80008848	00253853	fadd.s	f16,f10,f2	 f10:0x7fc00000  f2:0x00000000 f16=0x7fc00000
     413005.000 ns	     41299	8000884c	00000013	addi	x0,x0,0	  x0:0x00000000
     413035.000 ns	     41302	80008850	580a7053	fsqrt.s	f0,f20	 f20:0x80000000  f0=0x80000000
     414175.000 ns	     41416	80008854	580b8ad3	fsqrt.s	f21,f23	 f23:0x3f800000 f21=0x3f7fffae
     414205.000 ns	     41419	80008858	d00cc4d3	fcvt.s.w	f9,x25	 x25:0x00000000  f9=0x00000000
     414235.000 ns	     41422	8000885c	a1179e53	flt.s	x28,f15,f17	 f15:0xfe34b4b6 f17:0xcf000001 x28=0x00000001
     414255.000 ns	     41424	80008860	00a09233	sll	x4,x1,x10	  x1:0xffffffff x10:0xfffffea5  x4=0xffffffe0
     414295.000 ns	     41428	80008864	007ea453	fadd.s	f8,f29,f7	 f29:0x00000000  f7:0x00000000  f8=0x00000000
     414315.000 ns	     41430	80008868	40f653b3	sra	x7,x12,x15	 x12:0x0000063b x15:0x00000000  x7=0x0000063b
     414335.000 ns	     41432	8000886c	c01ff353	fcvt.wu.s	x6,f31	 f31:0x80000000  x6=0x00000000
     414355.000 ns	     41434	80008870	8fddb513	sltiu	x10,x27,-1795	 x27:0x00000000 x10=0x00000001
     414375.000 ns	     41436	80008874	28ac00d3	fmin.s	f1,f24,f10	 f24:0x4f000001 f10:0x7fc00000  f1=0x4f000001
     415555.000 ns	     41554	80008878	580f7253	fsqrt.s	f4,f30	 f30:0x2f800000  f4=0x36ffffae
     415575.000 ns	     41556	8000887c	418082b3	sub	x5,x1,x24	  x1:0xffffffff x24:0xb3263614  x5=0x4cd9c9eb
     415585.000 ns	     41557	80008880	01b097b3	sll	x15,x1,x27	  x1:0xffffffff x27:0x00000000 x15=0xffffffff
     415595.000 ns	     41558	80008884	9dc8fe13	andi	x28,x17,-1572	 x17:0x00000000 x28=0x00000000
     415625.000 ns	     41561	80008888	5806a7d3	fsqrt.s	f15,f13	 f13:0x00000000 f15=0x00000000
     415645.000 ns	     41563	8000888c	01b5a833	slt	x16,x11,x27	 x11:0x80000000 x27:0x00000000 x16=0x00000001
     415655.000 ns	     41564	80008890	0042b6b3	sltu	x13,x5,x4	  x5:0x4cd9c9eb  x4:0xffffffe0 x13=0x00000001
     415675.000 ns	     41566	80008894	a1fd9353	flt.s	x6,f27,f31	 f27:0xcf000000 f31:0x80000000  x6=0x00000001
     415695.000 ns	     41568	80008898	01420f33	add	x30,x4,x20	  x4:0xffffffe0 x20:0xfffffeb3 x30=0xfffffe93
     415715.000 ns	     41570	8000889c	d017ced3	fcvt.s.wu	f29,x15	 x15:0xffffffff f29=0x4f800000
     415735.000 ns	     41572	800088a0	4012d713	srai	x14,x5,0x1	  x5:0x4cd9c9eb x14=0x266ce4f5
     415745.000 ns	     41573	800088a4	0042bab3	sltu	x21,x5,x4	  x5:0x4cd9c9eb  x4:0xffffffe0 x21=0x00000001
     416105.000 ns	     41609	800088a8	034c4fb3	div	x31,x24,x20	 x24:0xb3263614 x20:0xfffffeb3 x31=0x003b1498
     416135.000 ns	     41612	800088ac	c005b4d3	fcvt.w.s	x9,f11	 f11:0x7fc00000  x9=0x7fffffff
     416505.000 ns	     41649	800088b0	02efd9b3	divu	x19,x31,x14	 x31:0x003b1498 x14:0x266ce4f5 x19=0x00000000
     416525.000 ns	     41651	800088b4	407e86b3	sub	x13,x29,x7	 x29:0x00000010  x7:0x0000063b x13=0xfffff9d5
     416535.000 ns	     41652	800088b8	bde8ce97	auipc	x29,0xbde8c	 x29=0x3de948b8
     416555.000 ns	     41654	800088bc	20fd16d3	fsgnjn.s	f13,f26,f15	 f26:0xffc00000 f15:0x00000000 f13=0xffc00000
     416575.000 ns	     41656	800088c0	6f13d197	auipc	x3,0x6f13d	  x3=0xef1458c0
     416585.000 ns	     41657	800088c4	000d0333	add	x6,x26,x0	 x26:0x0c951000  x0:0x00000000  x6=0x0c951000
     416595.000 ns	     41658	800088c8	011b5033	srl	x0,x22,x17	 x22:0x80041024 x17:0x00000000
     416635.000 ns	     41662	800088cc	01a4f9d3	fadd.s	f19,f9,f26	  f9:0x00000000 f26:0xffc00000 f19=0x7fc00000
     416655.000 ns	     41664	800088d0	019e5393	srli	x7,x28,0x19	 x28:0x00000000  x7=0x00000000
     416675.000 ns	     41666	800088d4	c01d7dd3	fcvt.wu.s	x27,f26	 f26:0xffc00000 x27=0xffffffff
     416705.000 ns	     41669	800088d8	a1c68553	fle.s	x10,f13,f28	 f13:0xffc00000 f28:0x00000000 x10=0x00000000
     416725.000 ns	     41671	800088dc	f65c2a93	slti	x21,x24,-155	 x24:0xb3263614 x21=0x00000001
     416745.000 ns	     41673	800088e0	e0038fd3	fmv.x.w	x31,f7	  f7:0x00000000 x31=0x00000000
     416775.000 ns	     41676	800088e4	03346db3	rem	x27,x8,x19	  x8:0x00000000 x19:0x00000000 x27=0x00000000
     416795.000 ns	     41678	800088e8	e673e713	ori	x14,x7,-409	  x7:0x00000000 x14=0xfffffe67
     416805.000 ns	     41679	800088ec	b3cb83b7	lui	x7,0xb3cb8	  x7=0xb3cb8000
     416825.000 ns	     41681	800088f0	e0090d53	fmv.x.w	x26,f18	 f18:0x00000000 x26=0x00000000
     416875.000 ns	     41686	800088f4	018c15d3	fadd.s	f11,f24,f24	 f24:0x4f000001 f24:0x4f000001 f11=0x4f800001
     416905.000 ns	     41689	800088f8	d01b7653	fcvt.s.wu	f12,x22	 x22:0x80041024 f12=0x4f000410
     416945.000 ns	     41693	800088fc	580d76d3	fsqrt.s	f13,f26	 f26:0xffc00000 f13=0x7fc00000
     417315.000 ns	     41730	80008900	023d5bb3	divu	x23,x26,x3	 x26:0x00000000  x3:0xef1458c0 x23=0x00000000
     417345.000 ns	     41733	80008904	d0184c53	fcvt.s.wu	f24,x16	 x16:0x00000001 f24=0x3f800000
     417365.000 ns	     41735	80008908	01431d13	slli	x26,x6,0x14	  x6:0x0c951000 x26=0x00000000
     417375.000 ns	     41736	8000890c	ead37993	andi	x19,x6,-339	  x6:0x0c951000 x19=0x0c951000
     417395.000 ns	     41738	80008910	c01c2fd3	fcvt.wu.s	x31,f24	 f24:0x3f800000 x31=0x00000001
     417425.000 ns	     41741	80008914	297497d3	fmax.s	f15,f9,f23	  f9:0x00000000 f23:0x3f800000 f15=0x3f800000
     417455.000 ns	     41744	80008918	20010253	fsgnj.s	f4,f2,f0	  f2:0x00000000  f0:0x80000000  f4=0x80000000
     417475.000 ns	     41746	8000891c	dae5c813	xori	x16,x11,-594	 x11:0x80000000 x16=0x7ffffdae
     417805.000 ns	     41779	80008920	18fdfb53	fdiv.s	f22,f27,f15	 f27:0xcf000000 f15:0x3f800000 f22=0xceffff38
     417825.000 ns	     41781	80008924	41858433	sub	x8,x11,x24	 x11:0x80000000 x24:0xb3263614  x8=0xccd9c9ec
     417845.000 ns	     41783	80008928	21e1abd3	fsgnjx.s	f23,f3,f30	  f3:0x80000000 f30:0x2f800000 f23=0x80000000
     417865.000 ns	     41785	8000892c	003ea6b3	slt	x13,x29,x3	 x29:0x3de948b8  x3:0xef1458c0 x13=0x00000000
     417885.000 ns	     41787	80008930	a0292553	feq.s	x10,f18,f2	 f18:0x00000000  f2:0x00000000 x10=0x00000001
     418255.000 ns	     41824	80008934	03ea4bb3	div	x23,x20,x30	 x20:0xfffffeb3 x30:0xfffffe93 x23=0x00000000
     418275.000 ns	     41826	80008938	f0360293	addi	x5,x12,-253	 x12:0x0000063b  x5=0x0000053e
     418305.000 ns	     41829	8000893c	580b3ed3	fsqrt.s	f29,f22	 f22:0xceffff38 f29=0x7fc00000
     418355.000 ns	     41834	80008940	083a85d3	fsub.s	f11,f21,f3	 f21:0x3f7fffae  f3:0x80000000 f11=0x3f7fffae
     418385.000 ns	     41837	80008944	20da18d3	fsgnjn.s	f17,f20,f13	 f20:0x80000000 f13:0x7fc00000 f17=0x80000000
     418415.000 ns	     41840	80008948	294a9353	fmax.s	f6,f21,f20	 f21:0x3f7fffae f20:0x80000000  f6=0x3f7fffae
     418465.000 ns	     41845	8000894c	0967a1d3	fsub.s	f3,f15,f22	 f15:0x3f800000 f22:0xceffff38  f3=0x4effff38
     418485.000 ns	     41847	80008950	d4eb6393	ori	x7,x22,-690	 x22:0x80041024  x7=0xfffffd6e
     418505.000 ns	     41849	80008954	e0039cd3	fclass.s	x25,f7	  f7:0x00000000 x25=0x00000010
     418535.000 ns	     41852	80008958	c001cfd3	fcvt.w.s	x31,f3	  f3:0x4effff38 x31=0x7fff9c00
     418555.000 ns	     41854	8000895c	00000013	addi	x0,x0,0	  x0:0x00000000
     418575.000 ns	     41856	80008960	a15a2353	feq.s	x6,f20,f21	 f20:0x80000000 f21:0x3f7fffae  x6=0x00000000
     418595.000 ns	     41858	80008964	5cd4e793	ori	x15,x9,1485	  x9:0x7fffffff x15=0x7fffffff
     418605.000 ns	     41859	80008968	00699493	slli	x9,x19,0x6	 x19:0x0c951000  x9=0x25440000
     418615.000 ns	     41860	8000896c	41a9db93	srai	x23,x19,0x1a	 x19:0x0c951000 x23=0x00000003
     418625.000 ns	     41861	80008970	755f2293	slti	x5,x30,1877	 x30:0xfffffe93  x5=0x00000001
     418645.000 ns	     41863	80008974	0313aab3	mulhsu	x21,x7,x17	  x7:0xfffffd6e x17:0x00000000 x21=0x00000000
     418675.000 ns	     41866	80008978	035a5533	divu	x10,x20,x21	 x20:0xfffffeb3 x21:0x00000001 x10=0xffffffff
     418725.000 ns	     41871	8000897c	0119fc53	fadd.s	f24,f19,f17	 f19:0x7fc00000 f17:0x80000000 f24=0x7fc00000
     418745.000 ns	     41873	80008980	00000013	addi	x0,x0,0	  x0:0x00000000
     418755.000 ns	     41874	80008984	01532333	slt	x6,x6,x21	  x6:0x00000000 x21:0x00000000  x6=0x00000000
     418765.000 ns	     41875	80008988	00fbd093	srli	x1,x23,0xf	 x23:0x00000003  x1=0x00000000
     418775.000 ns	     41876	8000898c	40dfaa13	slti	x20,x31,1037	 x31:0x7fff9c00 x20=0x00000000
     418785.000 ns	     41877	80008990	1cbd5bb7	lui	x23,0x1cbd5	 x23=0x1cbd5000
     418795.000 ns	     41878	80008994	00cc72b3	and	x5,x24,x12	 x24:0xb3263614 x12:0x0000063b  x5=0x00000610
     418805.000 ns	     41879	80008998	2dd8f193	andi	x3,x17,733	 x17:0x00000000  x3=0x00000000
     418825.000 ns	     41881	8000899c	204d8353	fsgnj.s	f6,f27,f4	 f27:0xcf000000  f4:0x80000000  f6=0xcf000000
     418855.000 ns	     41884	800089a0	a1290e53	fle.s	x28,f18,f18	 f18:0x00000000 f18:0x00000000 x28=0x00000001
     418875.000 ns	     41886	800089a4	bc04a213	slti	x4,x9,-1088	  x9:0x25440000  x4=0x00000000
     418885.000 ns	     41887	800089a8	013fddb3	srl	x27,x31,x19	 x31:0x7fff9c00 x19:0x0c951000 x27=0x7fff9c00
     418905.000 ns	     41889	800089ac	a1b498d3	flt.s	x17,f9,f27	  f9:0x00000000 f27:0xcf000000 x17=0x00000000
     418925.000 ns	     41891	800089b0	40e8ad97	auipc	x27,0x40e8a	 x27=0xc0e929b0
     418955.000 ns	     41894	800089b4	5809fe53	fsqrt.s	f28,f19	 f19:0x7fc00000 f28=0x7fc00000
     419325.000 ns	     41931	800089b8	0390f9b3	remu	x19,x1,x25	  x1:0x00000000 x25:0x00000010 x19=0x00000000
     419695.000 ns	     41968	800089bc	03d3edb3	rem	x27,x7,x29	  x7:0xfffffd6e x29:0x3de948b8 x27=0xfffffd6e
     419715.000 ns	     41970	800089c0	01eb2ab3	slt	x21,x22,x30	 x22:0x80041024 x30:0xfffffe93 x21=0x00000001
     419735.000 ns	     41972	800089c4	a0e208d3	fle.s	x17,f4,f14	  f4:0x80000000 f14:0x4e919f0c x17=0x00000001
     419755.000 ns	     41974	800089c8	11aea613	slti	x12,x29,282	 x29:0x3de948b8 x12=0x00000000
     419775.000 ns	     41976	800089cc	29918ed3	fmin.s	f29,f3,f25	  f3:0x4effff38 f25:0x7fc00000 f29=0x4effff38
     419795.000 ns	     41978	800089d0	003970b3	and	x1,x18,x3	 x18:0x00000000  x3:0x00000000  x1=0x00000000
     419815.000 ns	     41980	800089d4	a0349e53	flt.s	x28,f9,f3	  f9:0x00000000  f3:0x4effff38 x28=0x00000001
     419845.000 ns	     41983	800089d8	02c034b3	mulhu	x9,x0,x12	  x0:0x00000000 x12:0x00000000  x9=0x00000000
     420215.000 ns	     42020	800089dc	02254233	div	x4,x10,x2	 x10:0xffffffff  x2:0x80040fe4  x4=0x00000000
     420245.000 ns	     42023	800089e0	c0197c53	fcvt.wu.s	x24,f18	 f18:0x00000000 x24=0x00000000
     420265.000 ns	     42025	800089e4	00ad7db3	and	x27,x26,x10	 x26:0x00000000 x10:0xffffffff x27=0x00000000
     420285.000 ns	     42027	800089e8	20e80553	fsgnj.s	f10,f16,f14	 f16:0x7fc00000 f14:0x4e919f0c f10=0x7fc00000
     420305.000 ns	     42029	800089ec	26506c93	ori	x25,x0,613	  x0:0x00000000 x25=0x00000265
     420325.000 ns	     42031	800089f0	20381253	fsgnjn.s	f4,f16,f3	 f16:0x7fc00000  f3:0x4effff38  f4=0xffc00000
     420355.000 ns	     42034	800089f4	a03594d3	flt.s	x9,f11,f3	 f11:0x3f7fffae  f3:0x4effff38  x9=0x00000001
     420375.000 ns	     42036	800089f8	56c41f97	auipc	x31,0x56c41	 x31=0xd6c499f8
     420395.000 ns	     42038	800089fc	c01baa53	fcvt.wu.s	x20,f23	 f23:0x80000000 x20=0x00000000
     420415.000 ns	     42040	80008a00	00b19513	slli	x10,x3,0xb	  x3:0x00000000 x10=0x00000000
     420425.000 ns	     42041	80008a04	413d5ab3	sra	x21,x26,x19	 x26:0x00000000 x19:0x00000000 x21=0x00000000
     420445.000 ns	     42043	80008a08	035476b3	remu	x13,x8,x21	  x8:0xccd9c9ec x21:0x00000001 x13=0xccd9c9ec
     420475.000 ns	     42046	80008a0c	a0b69853	flt.s	x16,f13,f11	 f13:0x7fc00000 f11:0x3f7fffae x16=0x00000000
     420495.000 ns	     42048	80008a10	77e9f517	auipc	x10,0x77e9f	 x10=0xf7ea7a10
     420505.000 ns	     42049	80008a14	40e05533	sra	x10,x0,x14	  x0:0x00000000 x14:0xfffffe67 x10=0x00000000
     420515.000 ns	     42050	80008a18	00bd2a33	slt	x20,x26,x11	 x26:0x00000000 x11:0x80000000 x20=0x00000000
     420535.000 ns	     42052	80008a1c	026e6e33	rem	x28,x28,x6	 x28:0x00000001  x6:0x00000000 x28=0x00000001
     420565.000 ns	     42055	80008a20	e00c1c53	fclass.s	x24,f24	 f24:0x7fc00000 x24=0x00000200
     420585.000 ns	     42057	80008a24	014bc8b3	xor	x17,x23,x20	 x23:0x1cbd5000 x20:0x00000000 x17=0x1cbd5000
     420595.000 ns	     42058	80008a28	006ed733	srl	x14,x29,x6	 x29:0x3de948b8  x6:0x00000000 x14=0x3de948b8
     420955.000 ns	     42094	80008a2c	031d7ab3	remu	x21,x26,x17	 x26:0x00000000 x17:0x00000001 x21=0x00000000
     420975.000 ns	     42096	80008a30	01721613	slli	x12,x4,0x17	  x4:0x00000000 x12=0x00000000
     420985.000 ns	     42097	80008a34	aa49c013	xori	x0,x19,-1372	 x19:0x00000000
     421005.000 ns	     42099	80008a38	030f2233	mulhsu	x4,x30,x16	 x30:0xfffffe93 x16:0x00000000  x4=0x00000000
     421035.000 ns	     42102	80008a3c	c00279d3	fcvt.w.s	x19,f4	  f4:0xffc00000 x19=0x7fffffff
     421085.000 ns	     42107	80008a40	089e7d53	fsub.s	f26,f28,f9	 f28:0x7fc00000  f9:0x00000000 f26=0x7fc00000
     421455.000 ns	     42144	80008a44	03f7d7b3	divu	x15,x15,x31	 x15:0x7fffffff x31:0xd6c499f8 x15=0x00000000
     421475.000 ns	     42146	80008a48	00000013	addi	x0,x0,0	  x0:0x00000000
     421485.000 ns	     42147	80008a4c	00c2d393	srli	x7,x5,0xc	  x5:0x00000610  x7=0x00000000
     421495.000 ns	     42148	80008a50	00f718b3	sll	x17,x14,x15	 x14:0x3de948b8 x15:0x00000000 x17=0x3de948b8
     421515.000 ns	     42150	80008a54	f00d0253	fmv.w.x	f4,x26	 x26:0x00000000  f4=0x00000000
     421535.000 ns	     42152	80008a58	40740bb3	sub	x23,x8,x7	  x8:0xccd9c9ec  x7:0x00000000 x23=0xccd9c9ec
     421545.000 ns	     42153	80008a5c	4082de13	srai	x28,x5,0x8	  x5:0x00000610 x28=0x00000006
     421575.000 ns	     42156	80008a60	19893bd3	fdiv.s	f23,f18,f24	 f18:0x00000000 f24:0x7fc00000 f23=0x7fc00000
     421615.000 ns	     42160	80008a64	11620753	fmul.s	f14,f4,f22	  f4:0x00000000 f22:0xceffff38 f14=0x80000000
     421645.000 ns	     42163	80008a68	e00487d3	fmv.x.w	x15,f9	  f9:0x00000000 x15=0x00000000
     421665.000 ns	     42165	80008a6c	22f5bd13	sltiu	x26,x11,559	 x11:0x80000000 x26=0x00000000
     421685.000 ns	     42167	80008a70	c00df0d3	fcvt.w.s	x1,f27	 f27:0xcf000000  x1=0x80000000
     421725.000 ns	     42171	80008a74	1809bb53	fdiv.s	f22,f19,f0	 f19:0x7fc00000  f0:0x80000000 f22=0x7fc00000
     421745.000 ns	     42173	80008a78	0076d393	srli	x7,x13,0x7	 x13:0xccd9c9ec  x7=0x0199b393
     421755.000 ns	     42174	80008a7c	015d63b3	or	x7,x26,x21	 x26:0x00000000 x21:0x00000000  x7=0x00000000
     421765.000 ns	     42175	80008a80	00429193	slli	x3,x5,0x4	  x5:0x00000610  x3=0x00006100
     421775.000 ns	     42176	80008a84	00ded093	srli	x1,x29,0xd	 x29:0x3de948b8  x1=0x0001ef4a
     421795.000 ns	     42178	80008a88	2029add3	fsgnjx.s	f27,f19,f2	 f19:0x7fc00000  f2:0x00000000 f27=0x7fc00000
     421825.000 ns	     42181	80008a8c	20532b53	fsgnjx.s	f22,f6,f5	  f6:0xcf000000  f5:0xcf000001 f22=0x4f000000
     421855.000 ns	     42184	80008a90	a1db28d3	feq.s	x17,f22,f29	 f22:0x7fc00000 f29:0x4effff38 x17=0x00000000
     421875.000 ns	     42186	80008a94	01406c33	or	x24,x0,x20	  x0:0x00000000 x20:0x00000000 x24=0x00000000
     421885.000 ns	     42187	80008a98	e681f993	andi	x19,x3,-408	  x3:0x00006100 x19=0x00006000
     421915.000 ns	     42190	80008a9c	187972d3	fdiv.s	f5,f18,f7	 f18:0x00000000  f7:0x00000000  f5=0x7fc00000
     421945.000 ns	     42193	80008aa0	a0e591d3	flt.s	x3,f11,f14	 f11:0x3f7fffae f14:0x80000000  x3=0x00000000
     421975.000 ns	     42196	80008aa4	201820d3	fsgnjx.s	f1,f16,f1	 f16:0x7fc00000  f1:0x4f000001  f1=0x7fc00000
     422015.000 ns	     42200	80008aa8	1900f5d3	fdiv.s	f11,f1,f16	  f1:0x4f000001 f16:0x7fc00000 f11=0x7fc00000
     422045.000 ns	     42203	80008aac	0208d733	divu	x14,x17,x0	 x17:0x00000000  x0:0x00000000 x14=0xffffffff
     422065.000 ns	     42205	80008ab0	01d566b3	or	x13,x10,x29	 x10:0x00000000 x29:0x3de948b8 x13=0x3de948b8
     422085.000 ns	     42207	80008ab4	a1662d53	feq.s	x26,f12,f22	 f12:0x4f000410 f22:0x4f000000 x26=0x00000000
     422125.000 ns	     42211	80008ab8	11414ad3	fmul.s	f21,f2,f20	  f2:0x00000000 f20:0x80000000 f21=0x80000000
     422155.000 ns	     42214	80008abc	e0048853	fmv.x.w	x16,f9	  f9:0x00000000 x16=0x00000000
     422185.000 ns	     42217	80008ac0	0320e8b3	rem	x17,x1,x18	  x1:0x0001ef4a x18:0x00000000 x17=0x0001ef4a
     422205.000 ns	     42219	80008ac4	4123d913	srai	x18,x7,0x12	  x7:0x00000000 x18=0x00000000
     422215.000 ns	     42220	80008ac8	405fd913	srai	x18,x31,0x5	 x31:0xd6c499f8 x18=0xfeb624cf
     422225.000 ns	     42221	80008acc	a65a6837	lui	x16,0xa65a6	 x16=0xa65a6000
     422245.000 ns	     42223	80008ad0	a1bf9653	flt.s	x12,f31,f27	 f31:0x80000000 f27:0x7fc00000 x12=0x00000000
     422275.000 ns	     42226	80008ad4	a1908353	fle.s	x6,f1,f25	  f1:0x7fc00000 f25:0x7fc00000  x6=0x00000000
     422325.000 ns	     42231	80008ad8	089d15d3	fsub.s	f11,f26,f9	 f26:0x7fc00000  f9:0x00000000 f11=0x7fc00000
     422355.000 ns	     42234	80008adc	e0049ed3	fclass.s	x29,f9	  f9:0x00000000 x29=0x00000010
     422375.000 ns	     42236	80008ae0	6484ef93	ori	x31,x9,1608	  x9:0x00000001 x31=0x00000649
     422385.000 ns	     42237	80008ae4	15d70a93	addi	x21,x14,349	 x14:0xffffffff x21=0x0000015c
     422405.000 ns	     42239	80008ae8	0319a0b3	mulhsu	x1,x19,x17	 x19:0x00006000 x17:0x0001ef4a  x1=0x00000000
     422435.000 ns	     42242	80008aec	03c62533	mulhsu	x10,x12,x28	 x12:0x00000000 x28:0x00000006 x10=0x00000000
     422455.000 ns	     42244	80008af0	011e0333	add	x6,x28,x17	 x28:0x00000006 x17:0x0001ef4a  x6=0x0001ef50
     422465.000 ns	     42245	80008af4	1c1c6793	ori	x15,x24,449	 x24:0x00000000 x15=0x000001c1
     422505.000 ns	     42249	80008af8	08d4f3d3	fsub.s	f7,f9,f13	  f9:0x00000000 f13:0x7fc00000  f7=0x7fc00000
     422535.000 ns	     42252	80008afc	f0028a53	fmv.w.x	f20,x5	  x5:0x00000610 f20=0x00000610
     422565.000 ns	     42255	80008b00	d0074ad3	fcvt.s.w	f21,x14	 x14:0xffffffff f21=0xbf800000
     422585.000 ns	     42257	80008b04	dcd02e93	slti	x29,x0,-563	  x0:0x00000000 x29=0x00000000
     422605.000 ns	     42259	80008b08	f0018553	fmv.w.x	f10,x3	  x3:0x00000000 f10=0x00000000
     422635.000 ns	     42262	80008b0c	c000b1d3	fcvt.w.s	x3,f1	  f1:0x7fc00000  x3=0x7fffffff
     422685.000 ns	     42267	80008b10	082eca53	fsub.s	f20,f29,f2	 f29:0x4effff38  f2:0x00000000 f20=0x4effff38
     422715.000 ns	     42270	80008b14	03099db3	mulh	x27,x19,x16	 x19:0x00006000 x16:0xa65a6000 x27=0xffffde61
     422735.000 ns	     42272	80008b18	007c01b3	add	x3,x24,x7	 x24:0x00000000  x7:0x00000000  x3=0x00000000
     422755.000 ns	     42274	80008b1c	e00893d3	fclass.s	x7,f17	 f17:0x80000000  x7=0x00000008
     422775.000 ns	     42276	80008b20	005157b3	srl	x15,x2,x5	  x2:0x80040fe4  x5:0x00000610 x15=0x00008004
     422795.000 ns	     42278	80008b24	296b9bd3	fmax.s	f23,f23,f22	 f23:0x7fc00000 f22:0x4f000000 f23=0x4f000000
     422815.000 ns	     42280	80008b28	285b4313	xori	x6,x22,645	 x22:0x80041024  x6=0x800412a1
     422835.000 ns	     42282	80008b2c	d009abd3	fcvt.s.w	f23,x19	 x19:0x00006000 f23=0x46c00000
     422865.000 ns	     42285	80008b30	03a517b3	mulh	x15,x10,x26	 x10:0x00000000 x26:0x00000000 x15=0x00000000
     422885.000 ns	     42287	80008b34	006d1833	sll	x16,x26,x6	 x26:0x00000000  x6:0x800412a1 x16=0x00000000
     422915.000 ns	     42290	80008b38	1904f153	fdiv.s	f2,f9,f16	  f9:0x00000000 f16:0x7fc00000  f2=0x7fc00000
     422945.000 ns	     42293	80008b3c	c01c0753	fcvt.wu.s	x14,f24	 f24:0x7fc00000 x14=0xffffffff
     422975.000 ns	     42296	80008b40	a0cf06d3	fle.s	x13,f30,f12	 f30:0x2f800000 f12:0x4f000410 x13=0x00000001
     422995.000 ns	     42298	80008b44	01b81333	sll	x6,x16,x27	 x16:0x00000000 x27:0xffffde61  x6=0x00000000
     423025.000 ns	     42301	80008b48	18eb34d3	fdiv.s	f9,f22,f14	 f22:0x4f000000 f14:0x80000000  f9=0xff800000
     423055.000 ns	     42304	80008b4c	20828353	fsgnj.s	f6,f5,f8	  f5:0x7fc00000  f8:0x00000000  f6=0x7fc00000
     423075.000 ns	     42306	80008b50	5d7af013	andi	x0,x21,1495	 x21:0x0000015c
     423095.000 ns	     42308	80008b54	d011f9d3	fcvt.s.wu	f19,x3	  x3:0x00000000 f19=0x00000000
     423145.000 ns	     42313	80008b58	01044a53	fadd.s	f20,f8,f16	  f8:0x00000000 f16:0x7fc00000 f20=0x7fc00000
     423165.000 ns	     42315	80008b5c	0017de13	srli	x28,x15,0x1	 x15:0x00000000 x28=0x00000000
     423185.000 ns	     42317	80008b60	c016bed3	fcvt.wu.s	x29,f13	 f13:0x7fc00000 x29=0xffffffff
     423215.000 ns	     42320	80008b64	20309e53	fsgnjn.s	f28,f1,f3	  f1:0x7fc00000  f3:0x4effff38 f28=0xffc00000
     423245.000 ns	     42323	80008b68	d0193653	fcvt.s.wu	f12,x18	 x18:0xfeb624cf f12=0x4f7eb625
     423265.000 ns	     42325	80008b6c	01fb1cb3	sll	x25,x22,x31	 x22:0x80041024 x31:0x00000649 x25=0x08204800
     423275.000 ns	     42326	80008b70	00f62033	slt	x0,x12,x15	 x12:0x00000000 x15:0x00000000
     423295.000 ns	     42328	80008b74	210d84d3	fsgnj.s	f9,f27,f16	 f27:0x7fc00000 f16:0x7fc00000  f9=0x7fc00000
     423315.000 ns	     42330	80008b78	00671893	slli	x17,x14,0x6	 x14:0xffffffff x17=0xffffffc0
     423335.000 ns	     42332	80008b7c	03a63933	mulhu	x18,x12,x26	 x12:0x00000000 x26:0x00000000 x18=0x00000000
     423705.000 ns	     42369	80008b80	0221dfb3	divu	x31,x3,x2	  x3:0x00000000  x2:0x80040fe4 x31=0x00000000
     423725.000 ns	     42371	80008b84	010b6a33	or	x20,x22,x16	 x22:0x80041024 x16:0x00000000 x20=0x80041024
     423735.000 ns	     42372	80008b88	01dc9d13	slli	x26,x25,0x1d	 x25:0x08204800 x26=0x00000000
     423755.000 ns	     42374	80008b8c	208c9a53	fsgnjn.s	f20,f25,f8	 f25:0x7fc00000  f8:0x00000000 f20=0xffc00000
     423785.000 ns	     42377	80008b90	a1472553	feq.s	x10,f14,f20	 f14:0x80000000 f20:0x7fc00000 x10=0x00000000
     423805.000 ns	     42379	80008b94	00c7e3b3	or	x7,x15,x12	 x15:0x00000000 x12:0x00000000  x7=0x00000000
     423825.000 ns	     42381	80008b98	a0ea0753	fle.s	x14,f20,f14	 f20:0xffc00000 f14:0x80000000 x14=0x00000000
     423845.000 ns	     42383	80008b9c	40e8d813	srai	x16,x17,0xe	 x17:0xffffffc0 x16=0xffffffff
     423855.000 ns	     42384	80008ba0	400edc33	sra	x24,x29,x0	 x29:0xffffffff  x0:0x00000000 x24=0xffffffff
     423865.000 ns	     42385	80008ba4	00000013	addi	x0,x0,0	  x0:0x00000000
     424225.000 ns	     42421	80008ba8	028fe3b3	rem	x7,x31,x8	 x31:0x00000000  x8:0xccd9c9ec  x7=0x00000000
     424255.000 ns	     42424	80008bac	03c3d333	divu	x6,x7,x28	  x7:0x00000000 x28:0x00000000  x6=0xffffffff
     424275.000 ns	     42426	80008bb0	019ec933	xor	x18,x29,x25	 x29:0xffffffff x25:0x08204800 x18=0xf7dfb7ff
     424315.000 ns	     42430	80008bb4	01812ed3	fadd.s	f29,f2,f24	  f2:0x7fc00000 f24:0x7fc00000 f29=0x7fc00000
     424335.000 ns	     42432	80008bb8	00d6f0b3	and	x1,x13,x13	 x13:0x00000001 x13:0x00000001  x1=0x00000001
     424375.000 ns	     42436	80008bbc	08947bd3	fsub.s	f23,f8,f9	  f8:0x00000000  f9:0x7fc00000 f23=0x7fc00000
     424395.000 ns	     42438	80008bc0	01dcbd33	sltu	x26,x25,x29	 x25:0x08204800 x29:0xffffffff x26=0x00000001
     424415.000 ns	     42440	80008bc4	e0011053	fclass.s	x0,f2	  f2:0x7fc00000
     424435.000 ns	     42442	80008bc8	96e24393	xori	x7,x4,-1682	  x4:0x00000000  x7=0xfffff96e
     424445.000 ns	     42443	80008bcc	238711b7	lui	x3,0x23871	  x3=0x23871000
     424465.000 ns	     42445	80008bd0	c00c1cd3	fcvt.w.s	x25,f24	 f24:0x7fc00000 x25=0x7fffffff
     424515.000 ns	     42450	80008bd4	0132ba53	fadd.s	f20,f5,f19	  f5:0x7fc00000 f19:0x00000000 f20=0x7fc00000
     424545.000 ns	     42453	80008bd8	21292dd3	fsgnjx.s	f27,f18,f18	 f18:0x00000000 f18:0x00000000 f27=0x00000000
     424565.000 ns	     42455	80008bdc	410b8033	sub	x0,x23,x16	 x23:0xccd9c9ec x16:0xffffffff
     424925.000 ns	     42491	80008be0	03abd433	divu	x8,x23,x26	 x23:0xccd9c9ec x26:0x00000001  x8=0xccd9c9ec
     424975.000 ns	     42496	80008be4	01c475d3	fadd.s	f11,f8,f28	  f8:0x00000000 f28:0xffc00000 f11=0x7fc00000
     424995.000 ns	     42498	80008be8	0157d493	srli	x9,x15,0x15	 x15:0x00000000  x9=0x00000000
     425005.000 ns	     42499	80008bec	dd23a393	slti	x7,x7,-558	  x7:0xfffff96e  x7=0x00000001
     425045.000 ns	     42503	80008bf0	08149b53	fsub.s	f22,f9,f1	  f9:0x7fc00000  f1:0x7fc00000 f22=0x7fc00000
     425075.000 ns	     42506	80008bf4	a0ab2453	feq.s	x8,f22,f10	 f22:0x4f000000 f10:0x00000000  x8=0x00000000
     425125.000 ns	     42511	80008bf8	00f289d3	fadd.s	f19,f5,f15	  f5:0x7fc00000 f15:0x3f800000 f19=0x7fc00000
     425145.000 ns	     42513	80008bfc	6f18acb7	lui	x25,0x6f18a	 x25=0x6f18a000
     425165.000 ns	     42515	80008c00	a1fb1e53	flt.s	x28,f22,f31	 f22:0x7fc00000 f31:0x80000000 x28=0x00000000
     425535.000 ns	     42552	80008c04	03e950b3	divu	x1,x18,x30	 x18:0xf7dfb7ff x30:0xfffffe93  x1=0x00000000
     425555.000 ns	     42554	80008c08	016bdd93	srli	x27,x23,0x16	 x23:0xccd9c9ec x27=0x00000333
     425575.000 ns	     42556	80008c0c	c0118853	fcvt.wu.s	x16,f3	  f3:0x4effff38 x16=0x7fff9c00
     425605.000 ns	     42559	80008c10	29919553	fmax.s	f10,f3,f25	  f3:0x4effff38 f25:0x7fc00000 f10=0x4effff38
     425625.000 ns	     42561	80008c14	03a6ae93	slti	x29,x13,58	 x13:0x00000001 x29=0x00000001
     425645.000 ns	     42563	80008c18	21169ed3	fsgnjn.s	f29,f13,f17	 f13:0x7fc00000 f17:0x80000000 f29=0x7fc00000
     425665.000 ns	     42565	80008c1c	2189a413	slti	x8,x19,536	 x19:0x00006000  x8=0x00000000
     425675.000 ns	     42566	80008c20	41450ab3	sub	x21,x10,x20	 x10:0x00000000 x20:0x80041024 x21=0x7ffbefdc
     426035.000 ns	     42602	80008c24	03d4f633	remu	x12,x9,x29	  x9:0x00000000 x29:0x00000001 x12=0x00000000
     426075.000 ns	     42606	80008c28	118805d3	fmul.s	f11,f16,f24	 f16:0x7fc00000 f24:0x7fc00000 f11=0x7fc00000
     426095.000 ns	     42608	80008c2c	dcba3f37	lui	x30,0xdcba3	 x30=0xdcba3000
     426105.000 ns	     42609	80008c30	0017e0b3	or	x1,x15,x1	 x15:0x00000000  x1:0x00000000  x1=0x00000000
     426465.000 ns	     42645	80008c34	03bc6cb3	rem	x25,x24,x27	 x24:0xffffffff x27:0x00000333 x25=0xffffffff
     426495.000 ns	     42648	80008c38	20202553	fsgnjx.s	f10,f0,f2	  f0:0x80000000  f2:0x7fc00000 f10=0x80000000
     426525.000 ns	     42651	80008c3c	e00c97d3	fclass.s	x15,f25	 f25:0x7fc00000 x15=0x00000200
     426565.000 ns	     42655	80008c40	1024f4d3	fmul.s	f9,f9,f2	  f9:0x7fc00000  f2:0x7fc00000  f9=0x7fc00000
     426585.000 ns	     42657	80008c44	402652b3	sra	x5,x12,x2	 x12:0x00000000  x2:0x80040fe4  x5=0x00000000
     426595.000 ns	     42658	80008c48	0115df93	srli	x31,x11,0x11	 x11:0x80000000 x31=0x00004000
     426625.000 ns	     42661	80008c4c	196dffd3	fdiv.s	f31,f27,f22	 f27:0x00000000 f22:0x7fc00000 f31=0x7fc00000
     426665.000 ns	     42665	80008c50	58012d53	fsqrt.s	f26,f2	  f2:0x7fc00000 f26=0x7fc00000
     426685.000 ns	     42667	80008c54	000b9393	slli	x7,x23,0x0	 x23:0xccd9c9ec  x7=0xccd9c9ec
     426695.000 ns	     42668	80008c58	402ad4b3	sra	x9,x21,x2	 x21:0x7ffbefdc  x2:0x80040fe4  x9=0x07ffbefd
     426705.000 ns	     42669	80008c5c	53040513	addi	x10,x8,1328	  x8:0x00000000 x10=0x00000530
     426725.000 ns	     42671	80008c60	d00effd3	fcvt.s.w	f31,x29	 x29:0x00000001 f31=0x3f800000
     427095.000 ns	     42708	80008c64	0290d233	divu	x4,x1,x9	  x1:0x00000000  x9:0x07ffbefd  x4=0x00000000
     427115.000 ns	     42710	80008c68	017af2b3	and	x5,x21,x23	 x21:0x7ffbefdc x23:0xccd9c9ec  x5=0x4cd9c9cc
     427135.000 ns	     42712	80008c6c	a1dc9fd3	flt.s	x31,f25,f29	 f25:0x7fc00000 f29:0x7fc00000 x31=0x00000000
     427165.000 ns	     42715	80008c70	218802d3	fsgnj.s	f5,f16,f24	 f16:0x7fc00000 f24:0x7fc00000  f5=0x7fc00000
     427195.000 ns	     42718	80008c74	d0147953	fcvt.s.wu	f18,x8	  x8:0x00000000 f18=0x00000000
     427225.000 ns	     42721	80008c78	29ad1753	fmax.s	f14,f26,f26	 f26:0x7fc00000 f26:0x7fc00000 f14=0x7fc00000
     427245.000 ns	     42723	80008c7c	1acb6513	ori	x10,x22,428	 x22:0x80041024 x10=0x800411ac
     427255.000 ns	     42724	80008c80	400506b3	sub	x13,x10,x0	 x10:0x00000530  x0:0x00000000 x13=0x800411ac
     427275.000 ns	     42726	80008c84	03a70a33	mul	x20,x14,x26	 x14:0x00000000 x26:0x00000001 x20=0x00000000
     427295.000 ns	     42728	80008c88	00f2ea33	or	x20,x5,x15	  x5:0x4cd9c9cc x15:0x00000200 x20=0x4cd9cbcc
     427315.000 ns	     42730	80008c8c	205b9b53	fsgnjn.s	f22,f23,f5	 f23:0x7fc00000  f5:0x7fc00000 f22=0xffc00000
     427335.000 ns	     42732	80008c90	b142c493	xori	x9,x5,-1260	  x5:0x4cd9c9cc  x9=0xb32632d8
     427375.000 ns	     42736	80008c94	08b170d3	fsub.s	f1,f2,f11	  f2:0x7fc00000 f11:0x7fc00000  f1=0x7fc00000
     427395.000 ns	     42738	80008c98	406108b3	sub	x17,x2,x6	  x2:0x80040fe4  x6:0xffffffff x17=0x80040fe5
     427415.000 ns	     42740	80008c9c	a0b0acd3	feq.s	x25,f1,f11	  f1:0x7fc00000 f11:0x7fc00000 x25=0x00000000
     427445.000 ns	     42743	80008ca0	21b22cd3	fsgnjx.s	f25,f4,f27	  f4:0x00000000 f27:0x00000000 f25=0x00000000
     427475.000 ns	     42746	80008ca4	290a1cd3	fmax.s	f25,f20,f16	 f20:0x7fc00000 f16:0x7fc00000 f25=0x7fc00000
     427525.000 ns	     42751	80008ca8	00a49bd3	fadd.s	f23,f9,f10	  f9:0x7fc00000 f10:0x80000000 f23=0x7fc00000
     427555.000 ns	     42754	80008cac	02943933	mulhu	x18,x8,x9	  x8:0x00000000  x9:0xb32632d8 x18=0x00000000
     427575.000 ns	     42756	80008cb0	00c46db3	or	x27,x8,x12	  x8:0x00000000 x12:0x00000000 x27=0x00000000
     427595.000 ns	     42758	80008cb4	a1800553	fle.s	x10,f0,f24	  f0:0x80000000 f24:0x7fc00000 x10=0x00000000
     427615.000 ns	     42760	80008cb8	00fcd893	srli	x17,x25,0xf	 x25:0x00000000 x17=0x00000000
     427635.000 ns	     42762	80008cbc	0330a7b3	mulhsu	x15,x1,x19	  x1:0x00000000 x19:0x00006000 x15=0x00000000
     427665.000 ns	     42765	80008cc0	03d40433	mul	x8,x8,x29	  x8:0x00000000 x29:0x00000001  x8=0x00000000
     427685.000 ns	     42767	80008cc4	009092b3	sll	x5,x1,x9	  x1:0x00000000  x9:0xb32632d8  x5=0x00000000
     427695.000 ns	     42768	80008cc8	fa838e93	addi	x29,x7,-88	  x7:0xccd9c9ec x29=0xccd9c994
     427705.000 ns	     42769	80008ccc	004f7a33	and	x20,x30,x4	 x30:0xdcba3000  x4:0x00000000 x20=0x00000000
     427715.000 ns	     42770	80008cd0	01951a93	slli	x21,x10,0x19	 x10:0x00000000 x21=0x00000000
     427735.000 ns	     42772	80008cd4	e0039f53	fclass.s	x30,f7	  f7:0x7fc00000 x30=0x00000200
     427755.000 ns	     42774	80008cd8	0031bf33	sltu	x30,x3,x3	  x3:0x23871000  x3:0x23871000 x30=0x00000000
     427765.000 ns	     42775	80008cdc	1ef1d217	auipc	x4,0x1ef1d	  x4=0x9ef25cdc
     427775.000 ns	     42776	80008ce0	1c92e193	ori	x3,x5,457	  x5:0x00000000  x3=0x000001c9
     427785.000 ns	     42777	80008ce4	ca71aa37	lui	x20,0xca71a	 x20=0xca71a000
     427815.000 ns	     42780	80008ce8	102e1cd3	fmul.s	f25,f28,f2	 f28:0xffc00000  f2:0x7fc00000 f25=0x7fc00000
     427845.000 ns	     42783	80008cec	291916d3	fmax.s	f13,f18,f17	 f18:0x00000000 f17:0x80000000 f13=0x00000000
     427865.000 ns	     42785	80008cf0	01bc84b3	add	x9,x25,x27	 x25:0x00000000 x27:0x00000000  x9=0x00000000
     428225.000 ns	     42821	80008cf4	033c7233	remu	x4,x24,x19	 x24:0xffffffff x19:0x00006000  x4=0x00003fff
     428245.000 ns	     42823	80008cf8	cfeaaf93	slti	x31,x21,-770	 x21:0x00000000 x31=0x00000000
     428265.000 ns	     42825	80008cfc	a1e01c53	flt.s	x24,f0,f30	  f0:0x80000000 f30:0x2f800000 x24=0x00000001
     428295.000 ns	     42828	80008d00	a1951e53	flt.s	x28,f10,f25	 f10:0x80000000 f25:0x7fc00000 x28=0x00000000
     428345.000 ns	     42833	80008d04	0935fbd3	fsub.s	f23,f11,f19	 f11:0x7fc00000 f19:0x7fc00000 f23=0x7fc00000
     428375.000 ns	     42836	80008d08	a1a820d3	feq.s	x1,f16,f26	 f16:0x7fc00000 f26:0x7fc00000  x1=0x00000000
     428405.000 ns	     42839	80008d0c	295e9dd3	fmax.s	f27,f29,f21	 f29:0x7fc00000 f21:0xbf800000 f27=0xbf800000
     428435.000 ns	     42842	80008d10	2005a353	fsgnjx.s	f6,f11,f0	 f11:0x7fc00000  f0:0x80000000  f6=0xffc00000
     428455.000 ns	     42844	80008d14	00c1ed33	or	x26,x3,x12	  x3:0x000001c9 x12:0x00000000 x26=0x000001c9
     428475.000 ns	     42846	80008d18	287405d3	fmin.s	f11,f8,f7	  f8:0x00000000  f7:0x7fc00000 f11=0x00000000
     428505.000 ns	     42849	80008d1c	035e3933	mulhu	x18,x28,x21	 x28:0x00000000 x21:0x00000000 x18=0x00000000
     428555.000 ns	     42854	80008d20	0851a153	fsub.s	f2,f3,f5	  f3:0x4effff38  f5:0x7fc00000  f2=0x7fc00000
     428605.000 ns	     42859	80008d24	08f7fad3	fsub.s	f21,f15,f15	 f15:0x3f800000 f15:0x3f800000 f21=0x80000000
     428625.000 ns	     42861	80008d28	60a1bc13	sltiu	x24,x3,1546	  x3:0x000001c9 x24=0x00000001
     428985.000 ns	     42897	80008d2c	034bedb3	rem	x27,x23,x20	 x23:0xccd9c9ec x20:0xca71a000 x27=0xccd9c9ec
     429005.000 ns	     42899	80008d30	4047ddb3	sra	x27,x15,x4	 x15:0x00000000  x4:0x00003fff x27=0x00000000
     429025.000 ns	     42901	80008d34	02a4a4b3	mulhsu	x9,x9,x10	  x9:0x00000000 x10:0x00000000  x9=0x00000000
     429055.000 ns	     42904	80008d38	21960d53	fsgnj.s	f26,f12,f25	 f12:0x4f7eb625 f25:0x7fc00000 f26=0x4f7eb625
     429075.000 ns	     42906	80008d3c	d0416693	ori	x13,x2,-764	  x2:0x80040fe4 x13=0xffffffe4
     429095.000 ns	     42908	80008d40	c011fdd3	fcvt.wu.s	x27,f3	  f3:0x4effff38 x27=0x7fff9c00
     429115.000 ns	     42910	80008d44	018f72b3	and	x5,x30,x24	 x30:0x00000000 x24:0x00000001  x5=0x00000000
     429125.000 ns	     42911	80008d48	00e83fb3	sltu	x31,x16,x14	 x16:0x7fff9c00 x14:0x00000000 x31=0x00000000
     429145.000 ns	     42913	80008d4c	d00dffd3	fcvt.s.w	f31,x27	 x27:0x7fff9c00 f31=0x4effff38
     429165.000 ns	     42915	80008d50	0180d8b3	srl	x17,x1,x24	  x1:0x00000000 x24:0x00000001 x17=0x00000000
     429185.000 ns	     42917	80008d54	c01c77d3	fcvt.wu.s	x15,f24	 f24:0x7fc00000 x15=0xffffffff
     429205.000 ns	     42919	80008d58	00068033	add	x0,x13,x0	 x13:0xffffffe4  x0:0x00000000
     429245.000 ns	     42923	80008d5c	093c7f53	fsub.s	f30,f24,f19	 f24:0x7fc00000 f19:0x7fc00000 f30=0x7fc00000
     429275.000 ns	     42926	80008d60	21591353	fsgnjn.s	f6,f18,f21	 f18:0x00000000 f21:0x80000000  f6=0x00000000
     429295.000 ns	     42928	80008d64	00eaa033	slt	x0,x21,x14	 x21:0x00000000 x14:0x00000000
     429315.000 ns	     42930	80008d68	a05383d3	fle.s	x7,f7,f5	  f7:0x7fc00000  f5:0x7fc00000  x7=0x00000000
     429345.000 ns	     42933	80008d6c	a068a053	feq.s	x0,f17,f6	 f17:0x80000000  f6:0x00000000
     429365.000 ns	     42935	80008d70	4030d333	sra	x6,x1,x3	  x1:0x00000000  x3:0x000001c9  x6=0x00000000
     429375.000 ns	     42936	80008d74	41c552b3	sra	x5,x10,x28	 x10:0x00000000 x28:0x00000000  x5=0x00000000
     429385.000 ns	     42937	80008d78	5f3e9337	lui	x6,0x5f3e9	  x6=0x5f3e9000
     429405.000 ns	     42939	80008d7c	28248f53	fmin.s	f30,f9,f2	  f9:0x7fc00000  f2:0x7fc00000 f30=0x7fc00000
     429425.000 ns	     42941	80008d80	00ab7fb3	and	x31,x22,x10	 x22:0x80041024 x10:0x00000000 x31=0x00000000
     429435.000 ns	     42942	80008d84	015163b3	or	x7,x2,x21	  x2:0x80040fe4 x21:0x00000000  x7=0x80040fe4
     429465.000 ns	     42945	80008d88	18dbf2d3	fdiv.s	f5,f23,f13	 f23:0x7fc00000 f13:0x00000000  f5=0x7fc00000
     429485.000 ns	     42947	80008d8c	41e6d993	srai	x19,x13,0x1e	 x13:0xffffffe4 x19=0xffffffff
     429505.000 ns	     42949	80008d90	03e9a633	mulhsu	x12,x19,x30	 x19:0x00006000 x30:0x00000000 x12=0x00000000
     429545.000 ns	     42953	80008d94	10d6ae53	fmul.s	f28,f13,f13	 f13:0x00000000 f13:0x00000000 f28=0x00000000
     429575.000 ns	     42956	80008d98	210580d3	fsgnj.s	f1,f11,f16	 f11:0x00000000 f16:0x7fc00000  f1=0x00000000
     429615.000 ns	     42960	80008d9c	58033353	fsqrt.s	f6,f6	  f6:0x00000000  f6=0x00000000
     429645.000 ns	     42963	80008da0	e0011453	fclass.s	x8,f2	  f2:0x7fc00000  x8=0x00000200
     429685.000 ns	     42967	80008da4	10d6f7d3	fmul.s	f15,f13,f13	 f13:0x00000000 f13:0x00000000 f15=0x00000000
     429715.000 ns	     42970	80008da8	02c28e33	mul	x28,x5,x12	  x5:0x00000000 x12:0x00000000 x28=0x00000000
     429755.000 ns	     42974	80008dac	58041453	fsqrt.s	f8,f8	  f8:0x00000000  f8=0x00000000
     429805.000 ns	     42979	80008db0	010a78d3	fadd.s	f17,f20,f16	 f20:0x7fc00000 f16:0x7fc00000 f17=0x7fc00000
     429835.000 ns	     42982	80008db4	03aa23b3	mulhsu	x7,x20,x26	 x20:0xca71a000 x26:0x000001c9  x7=0xffffffa0
     429865.000 ns	     42985	80008db8	03c310b3	mulh	x1,x6,x28	  x6:0x5f3e9000 x28:0x00000000  x1=0x00000000
     429885.000 ns	     42987	80008dbc	e8400c97	auipc	x25,0xe8400	 x25=0x68408dbc
     430245.000 ns	     43023	80008dc0	028a66b3	rem	x13,x20,x8	 x20:0xca71a000  x8:0x00000200 x13=0x00000000
     430285.000 ns	     43027	80008dc4	103f01d3	fmul.s	f3,f30,f3	 f30:0x7fc00000  f3:0x4effff38  f3=0x7fc00000
     430315.000 ns	     43030	80008dc8	299b1e53	fmax.s	f28,f22,f25	 f22:0xffc00000 f25:0x7fc00000 f28=0x7fc00000
     430345.000 ns	     43033	80008dcc	025fe533	rem	x10,x31,x5	 x31:0x00000000  x5:0x00000000 x10=0x00000000
     430365.000 ns	     43035	80008dd0	9017ca13	xori	x20,x15,-1791	 x15:0xffffffff x20=0x000006fe
     430385.000 ns	     43037	80008dd4	02db9633	mulh	x12,x23,x13	 x23:0xccd9c9ec x13:0x00000000 x12=0x00000000
     430415.000 ns	     43040	80008dd8	02c0c333	div	x6,x1,x12	  x1:0x00000000 x12:0x00000000  x6=0xffffffff
     430435.000 ns	     43042	80008ddc	6545f693	andi	x13,x11,1620	 x11:0x80000000 x13=0x00000000
     430455.000 ns	     43044	80008de0	283108d3	fmin.s	f17,f2,f3	  f2:0x7fc00000  f3:0x7fc00000 f17=0x7fc00000
     430485.000 ns	     43047	80008de4	0252cf33	div	x30,x5,x5	  x5:0x00000000  x5:0x00000000 x30=0xffffffff
     430515.000 ns	     43050	80008de8	2008a6d3	fsgnjx.s	f13,f17,f0	 f17:0x7fc00000  f0:0x80000000 f13=0xffc00000
     430535.000 ns	     43052	80008dec	a60af193	andi	x3,x21,-1440	 x21:0x00000000  x3=0x00000000
     430555.000 ns	     43054	80008df0	e00d08d3	fmv.x.w	x17,f26	 f26:0x4f7eb625 x17=0x4f7eb625
     430575.000 ns	     43056	80008df4	40940f33	sub	x30,x8,x9	  x8:0x00000200  x9:0x00000000 x30=0x00000200
     430585.000 ns	     43057	80008df8	38ed4613	xori	x12,x26,910	 x26:0x000001c9 x12=0x00000247
     430595.000 ns	     43058	80008dfc	05020613	addi	x12,x4,80	  x4:0x00003fff x12=0x0000404f
     430615.000 ns	     43060	80008e00	d0012553	fcvt.s.w	f10,x2	  x2:0x80040fe4 f10=0xcefff7e1
     430645.000 ns	     43063	80008e04	027a1cb3	mulh	x25,x20,x7	 x20:0x000006fe  x7:0xffffffa0 x25=0xffffffff
     430675.000 ns	     43066	80008e08	a00d0fd3	fle.s	x31,f26,f0	 f26:0x4f7eb625  f0:0x80000000 x31=0x00000000
     430705.000 ns	     43069	80008e0c	a0140e53	fle.s	x28,f8,f1	  f8:0x00000000  f1:0x00000000 x28=0x00000001
     430725.000 ns	     43071	80008e10	012ed893	srli	x17,x29,0x12	 x29:0xccd9c994 x17=0x00003336
     430745.000 ns	     43073	80008e14	02a090b3	mulh	x1,x1,x10	  x1:0x00000000 x10:0x00000000  x1=0x00000000
     431115.000 ns	     43110	80008e18	0394f1b3	remu	x3,x9,x25	  x9:0x00000000 x25:0xffffffff  x3=0x00000000
     431165.000 ns	     43115	80008e1c	00baa853	fadd.s	f16,f21,f11	 f21:0x80000000 f11:0x00000000 f16=0x00000000
     431185.000 ns	     43117	80008e20	40505793	srai	x15,x0,0x5	  x0:0x00000000 x15=0x00000000
     431225.000 ns	     43121	80008e24	084f70d3	fsub.s	f1,f30,f4	 f30:0x7fc00000  f4:0x00000000  f1=0x7fc00000
     431245.000 ns	     43123	80008e28	5d678a93	addi	x21,x15,1494	 x15:0xffffffff x21=0x000005d6
     431265.000 ns	     43125	80008e2c	202817d3	fsgnjn.s	f15,f16,f2	 f16:0x00000000  f2:0x7fc00000 f15=0x80000000
     431295.000 ns	     43128	80008e30	a1af9753	flt.s	x14,f31,f26	 f31:0x4effff38 f26:0x4f7eb625 x14=0x00000001
     431325.000 ns	     43131	80008e34	e0050053	fmv.x.w	x0,f10	 f10:0xcefff7e1
     431355.000 ns	     43134	80008e38	031daab3	mulhsu	x21,x27,x17	 x27:0x7fff9c00 x17:0x00003336 x21=0x0000199a
     431385.000 ns	     43137	80008e3c	e0040bd3	fmv.x.w	x23,f8	  f8:0x00000000 x23=0x00000000
     431435.000 ns	     43142	80008e40	00e77fd3	fadd.s	f31,f14,f14	 f14:0x7fc00000 f14:0x7fc00000 f31=0x7fc00000
     431455.000 ns	     43144	80008e44	974ddc97	auipc	x25,0x974dd	 x25=0x174e5e44
     431475.000 ns	     43146	80008e48	28a40ed3	fmin.s	f29,f8,f10	  f8:0x00000000 f10:0xcefff7e1 f29=0xcefff7e1
     431505.000 ns	     43149	80008e4c	e0028953	fmv.x.w	x18,f5	  f5:0x7fc00000 x18=0x7fc00000
     431525.000 ns	     43151	80008e50	54df4897	auipc	x17,0x54df4	 x17=0xd4dfce50
     431535.000 ns	     43152	80008e54	0037b7b3	sltu	x15,x15,x3	 x15:0x00000000  x3:0x00000000 x15=0x00000000
     431545.000 ns	     43153	80008e58	b45b9737	lui	x14,0xb45b9	 x14=0xb45b9000
     431555.000 ns	     43154	80008e5c	41b75d13	srai	x26,x14,0x1b	 x14:0x00000001 x26=0xfffffff6
     431565.000 ns	     43155	80008e60	1393a693	slti	x13,x7,313	  x7:0xffffffa0 x13=0x00000001
     431585.000 ns	     43157	80008e64	d00e3b53	fcvt.s.w	f22,x28	 x28:0x00000001 f22=0x3f800000
     431615.000 ns	     43160	80008e68	d01b99d3	fcvt.s.wu	f19,x23	 x23:0x00000000 f19=0x00000000
     431635.000 ns	     43162	80008e6c	42422493	slti	x9,x4,1060	  x4:0x00003fff  x9=0x00000000
     431655.000 ns	     43164	80008e70	28e18b53	fmin.s	f22,f3,f14	  f3:0x7fc00000 f14:0x7fc00000 f22=0x7fc00000
     431695.000 ns	     43168	80008e74	117cf653	fmul.s	f12,f25,f23	 f25:0x7fc00000 f23:0x7fc00000 f12=0x7fc00000
     431715.000 ns	     43170	80008e78	00a961b3	or	x3,x18,x10	 x18:0x7fc00000 x10:0x00000000  x3=0x7fc00000
     432075.000 ns	     43206	80008e7c	0249d733	divu	x14,x19,x4	 x19:0xffffffff  x4:0x00003fff x14=0x00040010
     432125.000 ns	     43211	80008e80	00a87fd3	fadd.s	f31,f16,f10	 f16:0x00000000 f10:0xcefff7e1 f31=0xcefff7e1
     432165.000 ns	     43215	80008e84	58097f53	fsqrt.s	f30,f18	 f18:0x00000000 f30=0x00000000
     432185.000 ns	     43217	80008e88	41bd5f13	srai	x30,x26,0x1b	 x26:0xfffffff6 x30=0xffffffff
     432205.000 ns	     43219	80008e8c	20251dd3	fsgnjn.s	f27,f10,f2	 f10:0xcefff7e1  f2:0x7fc00000 f27=0xcefff7e1
     432235.000 ns	     43222	80008e90	28bd1cd3	fmax.s	f25,f26,f11	 f26:0x4f7eb625 f11:0x00000000 f25=0x4f7eb625
     432255.000 ns	     43224	80008e94	01e06333	or	x6,x0,x30	  x0:0x00000000 x30:0xffffffff  x6=0xffffffff
     432275.000 ns	     43226	80008e98	e0078ed3	fmv.x.w	x29,f15	 f15:0x80000000 x29=0x80000000
     432295.000 ns	     43228	80008e9c	42d5b2b7	lui	x5,0x42d5b	  x5=0x42d5b000
     432315.000 ns	     43230	80008ea0	a00dafd3	feq.s	x31,f27,f0	 f27:0xcefff7e1  f0:0x80000000 x31=0x00000000
     432335.000 ns	     43232	80008ea4	00fa5a93	srli	x21,x20,0xf	 x20:0x000006fe x21=0x00000000
     432345.000 ns	     43233	80008ea8	41c98bb3	sub	x23,x19,x28	 x19:0xffffffff x28:0x00000001 x23=0xfffffffe
     432365.000 ns	     43235	80008eac	c0180e53	fcvt.wu.s	x28,f16	 f16:0x00000000 x28=0x00000000
     432385.000 ns	     43237	80008eb0	0033a833	slt	x16,x7,x3	  x7:0xffffffa0  x3:0x7fc00000 x16=0x00000001
     432405.000 ns	     43239	80008eb4	a0a29453	flt.s	x8,f5,f10	  f5:0x7fc00000 f10:0xcefff7e1  x8=0x00000000
     432435.000 ns	     43242	80008eb8	e0008653	fmv.x.w	x12,f1	  f1:0x7fc00000 x12=0x7fc00000
     432465.000 ns	     43245	80008ebc	c01d9bd3	fcvt.wu.s	x23,f27	 f27:0xcefff7e1 x23=0x7ffbf080
     432495.000 ns	     43248	80008ec0	a1af00d3	fle.s	x1,f30,f26	 f30:0x00000000 f26:0x4f7eb625  x1=0x00000001
     432525.000 ns	     43251	80008ec4	e0020f53	fmv.x.w	x30,f4	  f4:0x00000000 x30=0x00000000
     432545.000 ns	     43253	80008ec8	d0bc2e13	slti	x28,x24,-757	 x24:0x00000001 x28=0x00000000
     432565.000 ns	     43255	80008ecc	205da7d3	fsgnjx.s	f15,f27,f5	 f27:0xcefff7e1  f5:0x7fc00000 f15=0xcefff7e1
     432605.000 ns	     43259	80008ed0	18da0153	fdiv.s	f2,f20,f13	 f20:0x7fc00000 f13:0xffc00000  f2=0x7fc00000
     432625.000 ns	     43261	80008ed4	a342e513	ori	x10,x5,-1484	  x5:0x42d5b000 x10=0xfffffa34
     432635.000 ns	     43262	80008ed8	412a58b3	sra	x17,x20,x18	 x20:0x000006fe x18:0x7fc00000 x17=0x000006fe
     432665.000 ns	     43265	80008edc	580ff5d3	fsqrt.s	f11,f31	 f31:0xcefff7e1 f11=0x7fc00000
     432685.000 ns	     43267	80008ee0	3f48b897	auipc	x17,0x3f48b	 x17=0xbf493ee0
     433045.000 ns	     43303	80008ee4	02bccbb3	div	x23,x25,x11	 x25:0x174e5e44 x11:0x80000000 x23=0x00000000
     433065.000 ns	     43305	80008ee8	50f22693	slti	x13,x4,1295	  x4:0x00003fff x13=0x00000000
     433075.000 ns	     43306	80008eec	019ce433	or	x8,x25,x25	 x25:0x174e5e44 x25:0x174e5e44  x8=0x174e5e44
     433115.000 ns	     43310	80008ef0	013b75d3	fadd.s	f11,f22,f19	 f22:0x7fc00000 f19:0x00000000 f11=0x7fc00000
     433135.000 ns	     43312	80008ef4	01b95f33	srl	x30,x18,x27	 x18:0x7fc00000 x27:0x7fff9c00 x30=0x7fc00000
     433155.000 ns	     43314	80008ef8	c001f053	fcvt.w.s	x0,f3	  f3:0x7fc00000
     433175.000 ns	     43316	80008efc	00a69d93	slli	x27,x13,0xa	 x13:0x00000000 x27=0x00000000
     433185.000 ns	     43317	80008f00	01cd5c33	srl	x24,x26,x28	 x26:0xfffffff6 x28:0x00000000 x24=0xfffffff6
     433205.000 ns	     43319	80008f04	287600d3	fmin.s	f1,f12,f7	 f12:0x7fc00000  f7:0x7fc00000  f1=0x7fc00000
     433235.000 ns	     43322	80008f08	03e4aab3	mulhsu	x21,x9,x30	  x9:0x00000000 x30:0x7fc00000 x21=0x00000000
     433255.000 ns	     43324	80008f0c	a656ae13	slti	x28,x13,-1435	 x13:0x00000000 x28=0x00000000
     433275.000 ns	     43326	80008f10	02b18633	mul	x12,x3,x11	  x3:0x7fc00000 x11:0x80000000 x12=0x00000000
     433305.000 ns	     43329	80008f14	d00caf53	fcvt.s.w	f30,x25	 x25:0x174e5e44 f30=0x4dba72f3
     433325.000 ns	     43331	80008f18	403703b3	sub	x7,x14,x3	 x14:0x00040010  x3:0x7fc00000  x7=0x80440010
     433345.000 ns	     43333	80008f1c	f0060153	fmv.w.x	f2,x12	 x12:0x00000000  f2=0x00000000
     433395.000 ns	     43338	80008f20	00a7a7d3	fadd.s	f15,f15,f10	 f15:0xcefff7e1 f10:0xcefff7e1 f15=0xcf7ff7e1
     433425.000 ns	     43341	80008f24	020723b3	mulhsu	x7,x14,x0	 x14:0x00040010  x0:0x00000000  x7=0x00000000
     433455.000 ns	     43344	80008f28	28ba12d3	fmax.s	f5,f20,f11	 f20:0x7fc00000 f11:0x7fc00000  f5=0x7fc00000
     433475.000 ns	     43346	80008f2c	00000013	addi	x0,x0,0	  x0:0x00000000
     433485.000 ns	     43347	80008f30	99e36793	ori	x15,x6,-1634	  x6:0xffffffff x15=0xffffffff
     433505.000 ns	     43349	80008f34	28520e53	fmin.s	f28,f4,f5	  f4:0x00000000  f5:0x7fc00000 f28=0x00000000
     433535.000 ns	     43352	80008f38	d00fb053	fcvt.s.w	f0,x31	 x31:0x00000000  f0=0x00000000
     433565.000 ns	     43355	80008f3c	a1352fd3	feq.s	x31,f10,f19	 f10:0xcefff7e1 f19:0x00000000 x31=0x00000000
     433605.000 ns	     43359	80008f40	580dca53	fsqrt.s	f20,f27	 f27:0xcefff7e1 f20=0x7fc00000
     433635.000 ns	     43362	80008f44	02f327b3	mulhsu	x15,x6,x15	  x6:0xffffffff x15:0xffffffff x15=0xffffffff
     433675.000 ns	     43366	80008f48	19d8b453	fdiv.s	f8,f17,f29	 f17:0x7fc00000 f29:0xcefff7e1  f8=0x7fc00000
     433695.000 ns	     43368	80008f4c	0b950897	auipc	x17,0xb950	 x17=0x8b958f4c
     433715.000 ns	     43370	80008f50	d008afd3	fcvt.s.w	f31,x17	 x17:0xbf493ee0 f31=0xcee8d4e2
     433735.000 ns	     43372	80008f54	db16ee13	ori	x28,x13,-591	 x13:0x00000000 x28=0xfffffdb1
     433755.000 ns	     43374	80008f58	021004b3	mul	x9,x0,x1	  x0:0x00000000  x1:0x00000001  x9=0x00000000
     433775.000 ns	     43376	80008f5c	00b1a833	slt	x16,x3,x11	  x3:0x7fc00000 x11:0x80000000 x16=0x00000000
     433795.000 ns	     43378	80008f60	d003f1d3	fcvt.s.w	f3,x7	  x7:0x00000000  f3=0x00000000
     433825.000 ns	     43381	80008f64	036726b3	mulhsu	x13,x14,x22	 x14:0x00040010 x22:0x80041024 x13=0x00020018
     433875.000 ns	     43386	80008f68	0173f153	fadd.s	f2,f7,f23	  f7:0x7fc00000 f23:0x7fc00000  f2=0x7fc00000
     433895.000 ns	     43388	80008f6c	48bcf093	andi	x1,x25,1163	 x25:0x174e5e44  x1=0x00000400
     433915.000 ns	     43390	80008f70	c00497d3	fcvt.w.s	x15,f9	  f9:0x7fc00000 x15=0x7fffffff
     433945.000 ns	     43393	80008f74	d00378d3	fcvt.s.w	f17,x6	  x6:0xffffffff f17=0xbf800000
     433995.000 ns	     43398	80008f78	0942f853	fsub.s	f16,f5,f20	  f5:0x7fc00000 f20:0x7fc00000 f16=0x7fc00000
     434015.000 ns	     43400	80008f7c	73508393	addi	x7,x1,1845	  x1:0x00000400  x7=0x00000b35
     434035.000 ns	     43402	80008f80	e00c0753	fmv.x.w	x14,f24	 f24:0x7fc00000 x14=0x7fc00000
     434055.000 ns	     43404	80008f84	012f5a33	srl	x20,x30,x18	 x30:0x7fc00000 x18:0x7fc00000 x20=0x7fc00000
     434065.000 ns	     43405	80008f88	01bee1b3	or	x3,x29,x27	 x29:0x80000000 x27:0x00000000  x3=0x80000000
     434075.000 ns	     43406	80008f8c	e32d5637	lui	x12,0xe32d5	 x12=0xe32d5000
     434085.000 ns	     43407	80008f90	5bc85f17	auipc	x30,0x5bc85	 x30=0xdbc8df90
     434105.000 ns	     43409	80008f94	d0187553	fcvt.s.wu	f10,x16	 x16:0x00000000 f10=0x00000000
     434135.000 ns	     43412	80008f98	20ad0fd3	fsgnj.s	f31,f26,f10	 f26:0x4f7eb625 f10:0xcefff7e1 f31=0x4f7eb625
     434185.000 ns	     43417	80008f9c	0194fa53	fadd.s	f20,f9,f25	  f9:0x7fc00000 f25:0x4f7eb625 f20=0x7fc00000
     434215.000 ns	     43420	80008fa0	d0177953	fcvt.s.wu	f18,x14	 x14:0x7fc00000 f18=0x4eff8000
     434235.000 ns	     43422	80008fa4	00158bb3	add	x23,x11,x1	 x11:0x80000000  x1:0x00000400 x23=0x80000400
     434245.000 ns	     43423	80008fa8	0003de93	srli	x29,x7,0x0	  x7:0x00000b35 x29=0x00000b35
     434265.000 ns	     43425	80008fac	e00f9dd3	fclass.s	x27,f31	 f31:0x4f7eb625 x27=0x00000040
     434285.000 ns	     43427	80008fb0	a51e8037	lui	x0,0xa51e8	
     434295.000 ns	     43428	80008fb4	01f7d033	srl	x0,x15,x31	 x15:0x7fffffff x31:0x00000000
     434305.000 ns	     43429	80008fb8	9bbf6d93	ori	x27,x30,-1605	 x30:0xdbc8df90 x27=0xffffffbb
     434315.000 ns	     43430	80008fbc	f439ab93	slti	x23,x19,-189	 x19:0xffffffff x23=0x00000000
     434335.000 ns	     43432	80008fc0	0334be33	mulhu	x28,x9,x19	  x9:0x00000000 x19:0xffffffff x28=0x00000000
     434355.000 ns	     43434	80008fc4	01752233	slt	x4,x10,x23	 x10:0xfffffa34 x23:0x80000400  x4=0x00000001
     434365.000 ns	     43435	80008fc8	4089df93	srai	x31,x19,0x8	 x19:0xffffffff x31=0xffffffff
     434385.000 ns	     43437	80008fcc	e00703d3	fmv.x.w	x7,f14	 f14:0x7fc00000  x7=0x7fc00000
     434405.000 ns	     43439	80008fd0	01adeeb3	or	x29,x27,x26	 x27:0xffffffbb x26:0xfffffff6 x29=0xffffffff
     434415.000 ns	     43440	80008fd4	41f083b3	sub	x7,x1,x31	  x1:0x00000400 x31:0xffffffff  x7=0x00000401
     434775.000 ns	     43476	80008fd8	03a66ab3	rem	x21,x12,x26	 x12:0xe32d5000 x26:0xfffffff6 x21=0xfffffffc
     434805.000 ns	     43479	80008fdc	203f84d3	fsgnj.s	f9,f31,f3	 f31:0x4f7eb625  f3:0x00000000  f9=0x4f7eb625
     434835.000 ns	     43482	80008fe0	02171433	mulh	x8,x14,x1	 x14:0x7fc00000  x1:0x00000400  x8=0x000001ff
     434855.000 ns	     43484	80008fe4	00000013	addi	x0,x0,0	  x0:0x00000000
     434865.000 ns	     43485	80008fe8	01cd6733	or	x14,x26,x28	 x26:0xfffffff6 x28:0x00000000 x14=0xfffffff6
     434875.000 ns	     43486	80008fec	00f40e33	add	x28,x8,x15	  x8:0x000001ff x15:0x7fffffff x28=0x800001fe
     434885.000 ns	     43487	80008ff0	c88f4c93	xori	x25,x30,-888	 x30:0xdbc8df90 x25=0x24372318
     434905.000 ns	     43489	80008ff4	e00a18d3	fclass.s	x17,f20	 f20:0x7fc00000 x17=0x00000200
     434955.000 ns	     43494	80008ff8	085ea653	fsub.s	f12,f29,f5	 f29:0xcefff7e1  f5:0x7fc00000 f12=0x7fc00000
     434975.000 ns	     43496	80008ffc	b9610713	addi	x14,x2,-1130	  x2:0x80040fe4 x14=0x80040b7a
     434985.000 ns	     43497	80009000	40b98933	sub	x18,x19,x11	 x19:0xffffffff x11:0x80000000 x18=0x7fffffff
     435005.000 ns	     43499	80009004	029b7ab3	remu	x21,x22,x9	 x22:0x80041024  x9:0x00000000 x21=0x80041024
     435035.000 ns	     43502	80009008	d00cf8d3	fcvt.s.w	f17,x25	 x25:0x24372318 f17=0x4e10dc8c
     435065.000 ns	     43505	8000900c	02b29e33	mulh	x28,x5,x11	  x5:0x42d5b000 x11:0x80000000 x28=0xde952800
     435095.000 ns	     43508	80009010	29c69c53	fmax.s	f24,f13,f28	 f13:0xffc00000 f28:0x00000000 f24=0x00000000
     435125.000 ns	     43511	80009014	03fb3233	mulhu	x4,x22,x31	 x22:0x80041024 x31:0xffffffff  x4=0x80041023
     435155.000 ns	     43514	80009018	c01574d3	fcvt.wu.s	x9,f10	 f10:0x00000000  x9=0x00000000
     435185.000 ns	     43517	8000901c	29a48b53	fmin.s	f22,f9,f26	  f9:0x4f7eb625 f26:0x4f7eb625 f22=0x4f7eb625
     435205.000 ns	     43519	80009020	008d1b93	slli	x23,x26,0x8	 x26:0xfffffff6 x23=0xfffff600
     435225.000 ns	     43521	80009024	209603d3	fsgnj.s	f7,f12,f9	 f12:0x7fc00000  f9:0x4f7eb625  f7=0x7fc00000
     435245.000 ns	     43523	80009028	01e80e33	add	x28,x16,x30	 x16:0x00000000 x30:0xdbc8df90 x28=0xdbc8df90
     435255.000 ns	     43524	8000902c	370bcab7	lui	x21,0x370bc	 x21=0x370bc000
     435265.000 ns	     43525	80009030	f3ffe013	ori	x0,x31,-193	 x31:0xffffffff
     435285.000 ns	     43527	80009034	03c90e33	mul	x28,x18,x28	 x18:0x7fffffff x28:0xdbc8df90 x28=0x24372070
     435315.000 ns	     43530	80009038	e00b0353	fmv.x.w	x6,f22	 f22:0x4f7eb625  x6=0x4f7eb625
     435335.000 ns	     43532	8000903c	010c1033	sll	x0,x24,x16	 x24:0xfffffff6 x16:0x00000000
     435375.000 ns	     43536	80009040	00c03ed3	fadd.s	f29,f0,f12	  f0:0x00000000 f12:0x7fc00000 f29=0x7fc00000
     435395.000 ns	     43538	80009044	f0ee2ab7	lui	x21,0xf0ee2	 x21=0xf0ee2000
     435755.000 ns	     43574	80009048	021c4033	div	x0,x24,x1	 x24:0xfffffff6  x1:0x00000400
     435775.000 ns	     43576	8000904c	01964333	xor	x6,x12,x25	 x12:0xe32d5000 x25:0x24372318  x6=0xc71a7318
     435795.000 ns	     43578	80009050	d00d9a53	fcvt.s.w	f20,x27	 x27:0xffffffbb f20=0xc28a0000
     435815.000 ns	     43580	80009054	4fec3193	sltiu	x3,x24,1278	 x24:0xfffffff6  x3=0x00000000
     436175.000 ns	     43616	80009058	02b3eab3	rem	x21,x7,x11	  x7:0x00000401 x11:0x80000000 x21=0x00000401
     436545.000 ns	     43653	8000905c	0336e8b3	rem	x17,x13,x19	 x13:0x00020018 x19:0xffffffff x17=0x00000000
     436565.000 ns	     43655	80009060	01799d33	sll	x26,x19,x23	 x19:0xffffffff x23:0xfffff600 x26=0xffffffff
     436605.000 ns	     43659	80009064	00327153	fadd.s	f2,f4,f3	  f4:0x00000000  f3:0x00000000  f2=0x00000000
     436655.000 ns	     43664	80009068	082cf7d3	fsub.s	f15,f25,f2	 f25:0x4f7eb625  f2:0x7fc00000 f15=0x4f7eb625
     436675.000 ns	     43666	8000906c	d250ba93	sltiu	x21,x1,-731	  x1:0x00000400 x21=0x00000001
     436695.000 ns	     43668	80009070	a1331c53	flt.s	x24,f6,f19	  f6:0x00000000 f19:0x00000000 x24=0x00000000
     436715.000 ns	     43670	80009074	012cd833	srl	x16,x25,x18	 x25:0x24372318 x18:0x7fffffff x16=0x00000000
     436725.000 ns	     43671	80009078	4054d933	sra	x18,x9,x5	  x9:0x00000000  x5:0x42d5b000 x18=0x00000000
     436735.000 ns	     43672	8000907c	805d4393	xori	x7,x26,-2043	 x26:0xffffffff  x7=0x000007fa
     436755.000 ns	     43674	80009080	038f4333	div	x6,x30,x24	 x30:0xdbc8df90 x24:0x00000000  x6=0xffffffff
     436785.000 ns	     43677	80009084	d016a9d3	fcvt.s.wu	f19,x13	 x13:0x00020018 f19=0x48000600
     437155.000 ns	     43714	80009088	0224cab3	div	x21,x9,x2	  x9:0x00000000  x2:0x80040fe4 x21=0x00000000
     437185.000 ns	     43717	8000908c	f00e8a53	fmv.w.x	f20,x29	 x29:0xffffffff f20=0xffffffff
     437555.000 ns	     43754	80009090	03bf4bb3	div	x23,x30,x27	 x30:0xdbc8df90 x27:0xffffffbb x23=0x00865d39
     437575.000 ns	     43756	80009094	0070c4b3	xor	x9,x1,x7	  x1:0x00000400  x7:0x000007fa  x9=0x000003fa
     437595.000 ns	     43758	80009098	a03c0053	fle.s	x0,f24,f3	 f24:0x00000000  f3:0x00000000
     437625.000 ns	     43761	8000909c	029138b3	mulhu	x17,x2,x9	  x2:0x80040fe4  x9:0x00000000 x17=0x000001fd
     437995.000 ns	     43798	800090a0	029ccd33	div	x26,x25,x9	 x25:0x24372318  x9:0x000003fa x26=0x00091b71
     438025.000 ns	     43801	800090a4	a1929f53	flt.s	x30,f5,f25	  f5:0x7fc00000 f25:0x4f7eb625 x30=0x00000000
     438045.000 ns	     43803	800090a8	00000013	addi	x0,x0,0	  x0:0x00000000
     438055.000 ns	     43804	800090ac	009e9913	slli	x18,x29,0x9	 x29:0xffffffff x18=0xfffffe00
     438075.000 ns	     43806	800090b0	e0010bd3	fmv.x.w	x23,f2	  f2:0x00000000 x23=0x00000000
     438095.000 ns	     43808	800090b4	9402b7b7	lui	x15,0x9402b	 x15=0x9402b000
     438455.000 ns	     43844	800090b8	0254d433	divu	x8,x9,x5	  x9:0x000003fa  x5:0x42d5b000  x8=0x00000000
     438475.000 ns	     43846	800090bc	01945393	srli	x7,x8,0x19	  x8:0x000001ff  x7=0x00000000
     438495.000 ns	     43848	800090c0	02e192b3	mulh	x5,x3,x14	  x3:0x00000000 x14:0x80040b7a  x5=0x00000000
     438545.000 ns	     43853	800090c4	0137f8d3	fadd.s	f17,f15,f19	 f15:0x4f7eb625 f19:0x48000600 f17=0x4f7eb825
     438585.000 ns	     43857	800090c8	5805f653	fsqrt.s	f12,f11	 f11:0x7fc00000 f12=0x7fc00000
     438605.000 ns	     43859	800090cc	c6957893	andi	x17,x10,-919	 x10:0xfffffa34 x17=0xfffff820
     438625.000 ns	     43861	800090d0	02219cb3	mulh	x25,x3,x2	  x3:0x00000000  x2:0x80040fe4 x25=0x00000000
     438645.000 ns	     43863	800090d4	2ea8e513	ori	x10,x17,746	 x17:0x000001fd x10=0xfffffaea
     438665.000 ns	     43865	800090d8	f00c8ed3	fmv.w.x	f29,x25	 x25:0x00000000 f29=0x00000000
     438695.000 ns	     43868	800090dc	c00cf653	fcvt.w.s	x12,f25	 f25:0x4f7eb625 x12=0x7fffffff
     438715.000 ns	     43870	800090e0	009f9793	slli	x15,x31,0x9	 x31:0xffffffff x15=0xfffffe00
     438725.000 ns	     43871	800090e4	00cb84b3	add	x9,x23,x12	 x23:0x00000000 x12:0x7fffffff  x9=0x7fffffff
     438735.000 ns	     43872	800090e8	00507633	and	x12,x0,x5	  x0:0x00000000  x5:0x00000000 x12=0x00000000
     438775.000 ns	     43876	800090ec	010a7f53	fadd.s	f30,f20,f16	 f20:0xffffffff f16:0x7fc00000 f30=0x7fc00000
     438805.000 ns	     43879	800090f0	e0079953	fclass.s	x18,f15	 f15:0x4f7eb625 x18=0x00000040
     438825.000 ns	     43881	800090f4	0098c0b3	xor	x1,x17,x9	 x17:0xfffff820  x9:0x7fffffff  x1=0x800007df
     438835.000 ns	     43882	800090f8	00889413	slli	x8,x17,0x8	 x17:0xfffff820  x8=0xfff82000
     438855.000 ns	     43884	800090fc	d00a7753	fcvt.s.w	f14,x20	 x20:0x7fc00000 f14=0x4eff8000
     438885.000 ns	     43887	80009100	c0059453	fcvt.w.s	x8,f11	 f11:0x7fc00000  x8=0x7fffffff
     438905.000 ns	     43889	80009104	01b5b233	sltu	x4,x11,x27	 x11:0x80000000 x27:0xffffffbb  x4=0x00000001
     438935.000 ns	     43892	80009108	580e8053	fsqrt.s	f0,f29	 f29:0x00000000  f0=0x00000000
     438955.000 ns	     43894	8000910c	40045413	srai	x8,x8,0x0	  x8:0x7fffffff  x8=0x7fffffff
     438985.000 ns	     43897	80009110	1012ffd3	fmul.s	f31,f5,f1	  f5:0x7fc00000  f1:0x7fc00000 f31=0x7fc00000
     439015.000 ns	     43900	80009114	026606b3	mul	x13,x12,x6	 x12:0x00000000  x6:0xffffffff x13=0x00000000
     439045.000 ns	     43903	80009118	c001f653	fcvt.w.s	x12,f3	  f3:0x00000000 x12=0x00000000
     439065.000 ns	     43905	8000911c	01b2c533	xor	x10,x5,x27	  x5:0x00000000 x27:0xffffffbb x10=0xffffffbb
     439085.000 ns	     43907	80009120	f0058dd3	fmv.w.x	f27,x11	 x11:0x80000000 f27=0x80000000
     439125.000 ns	     43911	80009124	580c14d3	fsqrt.s	f9,f24	 f24:0x00000000  f9=0x00000000
     439155.000 ns	     43914	80009128	c01bca53	fcvt.wu.s	x20,f23	 f23:0x7fc00000 x20=0xffffffff
     439205.000 ns	     43919	8000912c	09384dd3	fsub.s	f27,f16,f19	 f16:0x7fc00000 f19:0x48000600 f27=0x7fc00000
     439225.000 ns	     43921	80009130	cb77ec37	lui	x24,0xcb77e	 x24=0xcb77e000
     439235.000 ns	     43922	80009134	004ccfb3	xor	x31,x25,x4	 x25:0x00000000  x4:0x00000001 x31=0x00000001
     439255.000 ns	     43924	80009138	209a8553	fsgnj.s	f10,f21,f9	 f21:0x80000000  f9:0x00000000 f10=0x00000000
     439285.000 ns	     43927	8000913c	d00f7fd3	fcvt.s.w	f31,x30	 x30:0x00000000 f31=0x00000000
     439305.000 ns	     43929	80009140	0080cab3	xor	x21,x1,x8	  x1:0x800007df  x8:0x7fffffff x21=0xfffff820
     439325.000 ns	     43931	80009144	c0167753	fcvt.wu.s	x14,f12	 f12:0x7fc00000 x14=0xffffffff
     439355.000 ns	     43934	80009148	21bd97d3	fsgnjn.s	f15,f27,f27	 f27:0x7fc00000 f27:0x7fc00000 f15=0xffc00000
     439405.000 ns	     43939	8000914c	08e17ed3	fsub.s	f29,f2,f14	  f2:0x00000000 f14:0x4eff8000 f29=0xceff8000
     439435.000 ns	     43942	80009150	f00c08d3	fmv.w.x	f17,x24	 x24:0xcb77e000 f17=0xcb77e000
     439455.000 ns	     43944	80009154	2e612a13	slti	x20,x2,742	  x2:0x80040fe4 x20=0x00000001
     439465.000 ns	     43945	80009158	002c5c93	srli	x25,x24,0x2	 x24:0xcb77e000 x25=0x32ddf800
     439485.000 ns	     43947	8000915c	f00f8f53	fmv.w.x	f30,x31	 x31:0x00000001 f30=0x00000001
     439505.000 ns	     43949	80009160	00000013	addi	x0,x0,0	  x0:0x00000000
     439525.000 ns	     43951	80009164	a135a753	feq.s	x14,f11,f19	 f11:0x7fc00000 f19:0x48000600 x14=0x00000000
     439545.000 ns	     43953	80009168	40efda13	srai	x20,x31,0xe	 x31:0x00000001 x20=0x00000000
     439555.000 ns	     43954	8000916c	41a15713	srai	x14,x2,0x1a	  x2:0x80040fe4 x14=0xffffffe0
     439575.000 ns	     43956	80009170	a0a5abd3	feq.s	x23,f11,f10	 f11:0x7fc00000 f10:0x00000000 x23=0x00000000
     439595.000 ns	     43958	80009174	62776913	ori	x18,x14,1575	 x14:0x00000000 x18=0xffffffe7
     439955.000 ns	     43994	80009178	03305c33	divu	x24,x0,x19	  x0:0x00000000 x19:0xffffffff x24=0x00000000
     440005.000 ns	     43999	8000917c	08d2a253	fsub.s	f4,f5,f13	  f5:0x7fc00000 f13:0xffc00000  f4=0x7fc00000
     440375.000 ns	     44036	80009180	0326f833	remu	x16,x13,x18	 x13:0x00000000 x18:0xffffffe7 x16=0x00000000
     440405.000 ns	     44039	80009184	032a8933	mul	x18,x21,x18	 x21:0xfffff820 x18:0xffffffe7 x18=0x0000c4e0
     440435.000 ns	     44042	80009188	e00c8d53	fmv.x.w	x26,f25	 f25:0x4f7eb625 x26=0x4f7eb625
     440805.000 ns	     44079	8000918c	039c4333	div	x6,x24,x25	 x24:0x00000000 x25:0x32ddf800  x6=0x00000000
     440835.000 ns	     44082	80009190	034c8eb3	mul	x29,x25,x20	 x25:0x32ddf800 x20:0x00000000 x29=0x00000000
     440865.000 ns	     44085	80009194	a09c2f53	feq.s	x30,f24,f9	 f24:0x00000000  f9:0x00000000 x30=0x00000001
     440885.000 ns	     44087	80009198	a040a837	lui	x16,0xa040a	 x16=0xa040a000
     440905.000 ns	     44089	8000919c	28718f53	fmin.s	f30,f3,f7	  f3:0x00000000  f7:0x7fc00000 f30=0x00000000
     440925.000 ns	     44091	800091a0	39b2e393	ori	x7,x5,923	  x5:0x00000000  x7=0x0000039b
     440945.000 ns	     44093	800091a4	039f0ab3	mul	x21,x30,x25	 x30:0x00000001 x25:0x32ddf800 x21=0x32ddf800
     440965.000 ns	     44095	800091a8	bad11eb7	lui	x29,0xbad11	 x29=0xbad11000
     440975.000 ns	     44096	800091ac	00a4edb3	or	x27,x9,x10	  x9:0x7fffffff x10:0xffffffbb x27=0xffffffff
     441335.000 ns	     44132	800091b0	024dd1b3	divu	x3,x27,x4	 x27:0xffffffbb  x4:0x00000001  x3=0xffffffff
     441355.000 ns	     44134	800091b4	40b786b3	sub	x13,x15,x11	 x15:0xfffffe00 x11:0x80000000 x13=0x7ffffe00
     441365.000 ns	     44135	800091b8	0085df93	srli	x31,x11,0x8	 x11:0x80000000 x31=0x00800000
     441385.000 ns	     44137	800091bc	02943933	mulhu	x18,x8,x9	  x8:0x7fffffff  x9:0x7fffffff x18=0x3fffffff
     441405.000 ns	     44139	800091c0	dda60993	addi	x19,x12,-550	 x12:0x00000000 x19=0xfffffdda
     441765.000 ns	     44175	800091c4	03e76033	rem	x0,x14,x30	 x14:0xffffffe0 x30:0x00000001
     441785.000 ns	     44177	800091c8	177ece13	xori	x28,x29,375	 x29:0xbad11000 x28=0xbad11177
     441795.000 ns	     44178	800091cc	070c2993	slti	x19,x24,112	 x24:0x00000000 x19=0x00000001
     441815.000 ns	     44180	800091d0	20842853	fsgnjx.s	f16,f8,f8	  f8:0x7fc00000  f8:0x7fc00000 f16=0x7fc00000
     441835.000 ns	     44182	800091d4	01915ab3	srl	x21,x2,x25	  x2:0x80040fe4 x25:0x32ddf800 x21=0x80040fe4
     441845.000 ns	     44183	800091d8	9e49e513	ori	x10,x19,-1564	 x19:0x00000001 x10=0xfffff9e5
     443015.000 ns	     44300	800091dc	58097e53	fsqrt.s	f28,f18	 f18:0x4eff8000 f28=0x4734d769
     443055.000 ns	     44304	800091e0	5806f9d3	fsqrt.s	f19,f13	 f13:0xffc00000 f19=0x7fc00000
     443085.000 ns	     44307	800091e4	030014b3	mulh	x9,x0,x16	  x0:0x00000000 x16:0xa040a000  x9=0x00000000
     443105.000 ns	     44309	800091e8	00e037b3	sltu	x15,x0,x14	  x0:0x00000000 x14:0xffffffe0 x15=0x00000001
     443125.000 ns	     44311	800091ec	e00b94d3	fclass.s	x9,f23	 f23:0x7fc00000  x9=0x00000200
     443145.000 ns	     44313	800091f0	0dcb2413	slti	x8,x22,220	 x22:0x80041024  x8=0x00000001
     443165.000 ns	     44315	800091f4	28dd0bd3	fmin.s	f23,f26,f13	 f26:0x4f7eb625 f13:0xffc00000 f23=0x4f7eb625
     443535.000 ns	     44352	800091f8	029cf0b3	remu	x1,x25,x9	 x25:0x32ddf800  x9:0x00000200  x1=0x00000000
     443555.000 ns	     44354	800091fc	01e7dcb3	srl	x25,x15,x30	 x15:0x00000001 x30:0x00000001 x25=0x00000000
     443565.000 ns	     44355	80009200	40a8d393	srai	x7,x17,0xa	 x17:0xfffff820  x7=0xfffffffe
     443575.000 ns	     44356	80009204	41be8fb3	sub	x31,x29,x27	 x29:0xbad11000 x27:0xffffffff x31=0xbad11001
     443585.000 ns	     44357	80009208	52884193	xori	x3,x16,1320	 x16:0xa040a000  x3=0xa040a528
     443595.000 ns	     44358	8000920c	00add413	srli	x8,x27,0xa	 x27:0xffffffff  x8=0x003fffff
     443615.000 ns	     44360	80009210	a0a20c53	fle.s	x24,f4,f10	  f4:0x7fc00000 f10:0x00000000 x24=0x00000000
     443645.000 ns	     44363	80009214	e00199d3	fclass.s	x19,f3	  f3:0x00000000 x19=0x00000010
     443675.000 ns	     44366	80009218	c00078d3	fcvt.w.s	x17,f0	  f0:0x00000000 x17=0x00000000
     443695.000 ns	     44368	8000921c	007b5513	srli	x10,x22,0x7	 x22:0x80041024 x10=0x01000820
     443705.000 ns	     44369	80009220	2baee013	ori	x0,x29,698	 x29:0xbad11000
     443715.000 ns	     44370	80009224	00dbaab3	slt	x21,x23,x13	 x23:0x00000000 x13:0x7ffffe00 x21=0x00000001
     443745.000 ns	     44373	80009228	580ef253	fsqrt.s	f4,f29	 f29:0xceff8000  f4=0x7fc00000
     443775.000 ns	     44376	8000922c	291e1fd3	fmax.s	f31,f28,f17	 f28:0x4734d769 f17:0xcb77e000 f31=0x4734d769
     443795.000 ns	     44378	80009230	86b9e393	ori	x7,x19,-1941	 x19:0x00000010  x7=0xfffff87b
     443805.000 ns	     44379	80009234	401458b3	sra	x17,x8,x1	  x8:0x003fffff  x1:0x00000000 x17=0x003fffff
     443825.000 ns	     44381	80009238	284191d3	fmax.s	f3,f3,f4	  f3:0x00000000  f4:0x7fc00000  f3=0x00000000
     443855.000 ns	     44384	8000923c	20738ad3	fsgnj.s	f21,f7,f7	  f7:0x7fc00000  f7:0x7fc00000 f21=0x7fc00000
     443885.000 ns	     44387	80009240	023023b3	mulhsu	x7,x0,x3	  x0:0x00000000  x3:0xa040a528  x7=0x00000000
     443905.000 ns	     44389	80009244	40af80b3	sub	x1,x31,x10	 x31:0xbad11001 x10:0x01000820  x1=0xb9d107e1
     443915.000 ns	     44390	80009248	00000013	addi	x0,x0,0	  x0:0x00000000
     443935.000 ns	     44392	8000924c	c0129c53	fcvt.wu.s	x24,f5	  f5:0x7fc00000 x24=0xffffffff
     443965.000 ns	     44395	80009250	e00c10d3	fclass.s	x1,f24	 f24:0x00000000  x1=0x00000010
     443985.000 ns	     44397	80009254	0abd7913	andi	x18,x26,171	 x26:0x4f7eb625 x18=0x00000021
     443995.000 ns	     44398	80009258	710d8613	addi	x12,x27,1808	 x27:0xffffffff x12=0x0000070f
     444005.000 ns	     44399	8000925c	0162b233	sltu	x4,x5,x22	  x5:0x00000000 x22:0x80041024  x4=0x00000001
     444035.000 ns	     44402	80009260	11abf053	fmul.s	f0,f23,f26	 f23:0x4f7eb625 f26:0x4f7eb625  f0=0x5f7d6df3
     444055.000 ns	     44404	80009264	0971e893	ori	x17,x3,151	  x3:0xa040a528 x17=0xa040a5bf
     444065.000 ns	     44405	80009268	40745533	sra	x10,x8,x7	  x8:0x003fffff  x7:0x00000000 x10=0x003fffff
     444085.000 ns	     44407	8000926c	21ca0cd3	fsgnj.s	f25,f20,f28	 f20:0xffffffff f28:0x4734d769 f25=0x7fffffff
     444135.000 ns	     44412	80009270	08e8f2d3	fsub.s	f5,f17,f14	 f17:0xcb77e000 f14:0x4eff8000  f5=0xcf00b7e0
     444165.000 ns	     44415	80009274	026c04b3	mul	x9,x24,x6	 x24:0xffffffff  x6:0x00000000  x9=0x00000000
     444185.000 ns	     44417	80009278	a30f0b93	addi	x23,x30,-1488	 x30:0x00000001 x23=0xfffffa31
     444205.000 ns	     44419	8000927c	03e638b3	mulhu	x17,x12,x30	 x12:0x0000070f x30:0x00000001 x17=0x00000000
     444225.000 ns	     44421	80009280	419d5813	srai	x16,x26,0x19	 x26:0x4f7eb625 x16=0x00000027
     444245.000 ns	     44423	80009284	03ce8cb3	mul	x25,x29,x28	 x29:0xbad11000 x28:0xbad11177 x25=0xc93e7000
     444275.000 ns	     44426	80009288	a11d26d3	feq.s	x13,f26,f17	 f26:0x4f7eb625 f17:0xcb77e000 x13=0x00000000
     444305.000 ns	     44429	8000928c	a17d24d3	feq.s	x9,f26,f23	 f26:0x4f7eb625 f23:0x4f7eb625  x9=0x00000001
     444325.000 ns	     44431	80009290	f9d5fa93	andi	x21,x11,-99	 x11:0x80000000 x21=0x80000000
     444345.000 ns	     44433	80009294	212b9b53	fsgnjn.s	f22,f23,f18	 f23:0x4f7eb625 f18:0x4eff8000 f22=0xcf7eb625
     444715.000 ns	     44470	80009298	0231d433	divu	x8,x3,x3	  x3:0xa040a528  x3:0xa040a528  x8=0x00000001
     444745.000 ns	     44473	8000929c	283997d3	fmax.s	f15,f19,f3	 f19:0x7fc00000  f3:0x00000000 f15=0x00000000
     444775.000 ns	     44476	800092a0	0276c4b3	div	x9,x13,x7	 x13:0x00000000  x7:0x00000000  x9=0xffffffff
     444795.000 ns	     44478	800092a4	00095213	srli	x4,x18,0x0	 x18:0x00000021  x4=0x00000021
     444815.000 ns	     44480	800092a8	29770253	fmin.s	f4,f14,f23	 f14:0x4eff8000 f23:0x4f7eb625  f4=0x4eff8000
     444855.000 ns	     44484	800092ac	18c27153	fdiv.s	f2,f4,f12	  f4:0x7fc00000 f12:0x7fc00000  f2=0x7fc00000
     444875.000 ns	     44486	800092b0	016cde33	srl	x28,x25,x22	 x25:0xc93e7000 x22:0x80041024 x28=0x0c93e700
     444915.000 ns	     44490	800092b4	0125f6d3	fadd.s	f13,f11,f18	 f11:0x7fc00000 f18:0x4eff8000 f13=0x7fc00000
     444945.000 ns	     44493	800092b8	207b26d3	fsgnjx.s	f13,f22,f7	 f22:0xcf7eb625  f7:0x7fc00000 f13=0xcf7eb625
     444965.000 ns	     44495	800092bc	00000013	addi	x0,x0,0	  x0:0x00000000
     444995.000 ns	     44498	800092c0	115e7fd3	fmul.s	f31,f28,f21	 f28:0x4734d769 f21:0x7fc00000 f31=0x7fc00000
     445365.000 ns	     44535	800092c4	0379c4b3	div	x9,x19,x23	 x19:0x00000010 x23:0xfffffa31  x9=0x00000000
     445395.000 ns	     44538	800092c8	c01d7253	fcvt.wu.s	x4,f26	 f26:0x4f7eb625  x4=0xfeb62500
     445425.000 ns	     44541	800092cc	022f1c33	mulh	x24,x30,x2	 x30:0x00000001  x2:0x80040fe4 x24=0xffffffff
     445445.000 ns	     44543	800092d0	4266a193	slti	x3,x13,1062	 x13:0x00000000  x3=0x00000001
     445465.000 ns	     44545	800092d4	0399b933	mulhu	x18,x19,x25	 x19:0x00000010 x25:0xc93e7000 x18=0x0000000c
     445485.000 ns	     44547	800092d8	01a9bcb3	sltu	x25,x19,x26	 x19:0x00000010 x26:0x4f7eb625 x25=0x00000001
     445845.000 ns	     44583	800092dc	022ec833	div	x16,x29,x2	 x29:0xbad11000  x2:0x80040fe4 x16=0x00000000
     445875.000 ns	     44586	800092e0	c0007f53	fcvt.w.s	x30,f0	  f0:0x5f7d6df3 x30=0x7fffffff
     445905.000 ns	     44589	800092e4	0388b833	mulhu	x16,x17,x24	 x17:0x00000000 x24:0xffffffff x16=0x00000000
     445945.000 ns	     44593	800092e8	18ff7cd3	fdiv.s	f25,f30,f15	 f30:0x00000000 f15:0x00000000 f25=0x7fc00000
     445995.000 ns	     44598	800092ec	09f12a53	fsub.s	f20,f2,f31	  f2:0x7fc00000 f31:0x7fc00000 f20=0x7fc00000
     446015.000 ns	     44600	800092f0	01a28e33	add	x28,x5,x26	  x5:0x00000000 x26:0x4f7eb625 x28=0x4f7eb625
     446025.000 ns	     44601	800092f4	a52f2d13	slti	x26,x30,-1454	 x30:0x7fffffff x26=0x00000000
     446045.000 ns	     44603	800092f8	c01b84d3	fcvt.wu.s	x9,f23	 f23:0x4f7eb625  x9=0xfeb62500
     446065.000 ns	     44605	800092fc	001736b3	sltu	x13,x14,x1	 x14:0xffffffe0  x1:0x00000010 x13=0x00000000
     446425.000 ns	     44641	80009300	024c4633	div	x12,x24,x4	 x24:0xffffffff  x4:0xfeb62500 x12=0x00000000
     446445.000 ns	     44643	80009304	4142d1b3	sra	x3,x5,x20	  x5:0x00000000 x20:0x00000000  x3=0x00000000
     446455.000 ns	     44644	80009308	d610ad93	slti	x27,x1,-671	  x1:0x00000010 x27=0x00000000
     446465.000 ns	     44645	8000930c	01501d13	slli	x26,x0,0x15	  x0:0x00000000 x26=0x00000000
     446495.000 ns	     44648	80009310	19e68e53	fdiv.s	f28,f13,f30	 f13:0xcf7eb625 f30:0x00000000 f28=0xff800000
     446515.000 ns	     44650	80009314	01c624b3	slt	x9,x12,x28	 x12:0x00000000 x28:0x4f7eb625  x9=0x00000001
     446525.000 ns	     44651	80009318	41430833	sub	x16,x6,x20	  x6:0x00000000 x20:0x00000000 x16=0x00000000
     446535.000 ns	     44652	8000931c	00000013	addi	x0,x0,0	  x0:0x00000000
     446555.000 ns	     44654	80009320	21c90253	fsgnj.s	f4,f18,f28	 f18:0x4eff8000 f28:0xff800000  f4=0xceff8000
     446595.000 ns	     44658	80009324	18c612d3	fdiv.s	f5,f12,f12	 f12:0x7fc00000 f12:0x7fc00000  f5=0x7fc00000
     446615.000 ns	     44660	80009328	00000013	addi	x0,x0,0	  x0:0x00000000
     446625.000 ns	     44661	8000932c	ba38f093	andi	x1,x17,-1117	 x17:0x00000000  x1=0x00000000
     446635.000 ns	     44662	80009330	00112633	slt	x12,x2,x1	  x2:0x80040fe4  x1:0x00000010 x12=0x00000001
     446655.000 ns	     44664	80009334	0316e1b3	rem	x3,x13,x17	 x13:0x00000000 x17:0x00000000  x3=0x00000000
     446675.000 ns	     44666	80009338	baf53213	sltiu	x4,x10,-1105	 x10:0x003fffff  x4=0x00000001
     446695.000 ns	     44668	8000933c	c00e17d3	fcvt.w.s	x15,f28	 f28:0xff800000 x15=0x80000000
     446715.000 ns	     44670	80009340	00e67333	and	x6,x12,x14	 x12:0x00000001 x14:0xffffffe0  x6=0x00000000
     446725.000 ns	     44671	80009344	005d5f93	srli	x31,x26,0x5	 x26:0x00000000 x31=0x00000000
     446745.000 ns	     44673	80009348	e00d0cd3	fmv.x.w	x25,f26	 f26:0x4f7eb625 x25=0x4f7eb625
     446775.000 ns	     44676	8000934c	a11b2953	feq.s	x18,f22,f17	 f22:0xcf7eb625 f17:0xcb77e000 x18=0x00000000
     446805.000 ns	     44679	80009350	e00b88d3	fmv.x.w	x17,f23	 f23:0x4f7eb625 x17=0x4f7eb625
     446835.000 ns	     44682	80009354	a1d80553	fle.s	x10,f16,f29	 f16:0x7fc00000 f29:0xceff8000 x10=0x00000000
     446855.000 ns	     44684	80009358	1180a513	slti	x10,x1,280	  x1:0x00000000 x10=0x00000001
     446865.000 ns	     44685	8000935c	40d7df33	sra	x30,x15,x13	 x15:0x80000000 x13:0x00000000 x30=0x80000000
     446905.000 ns	     44689	80009360	0006fbd3	fadd.s	f23,f13,f0	 f13:0xcf7eb625  f0:0x5f7d6df3 f23=0x5f7d6df2
     446935.000 ns	     44692	80009364	c000f3d3	fcvt.w.s	x7,f1	  f1:0x7fc00000  x7=0x7fffffff
     446965.000 ns	     44695	80009368	0303c433	div	x8,x7,x16	  x7:0x00000000 x16:0x00000000  x8=0xffffffff
     446985.000 ns	     44697	8000936c	3c23fb93	andi	x23,x7,962	  x7:0x7fffffff x23=0x000003c2
     447025.000 ns	     44701	80009370	080cf4d3	fsub.s	f9,f25,f0	 f25:0x7fc00000  f0:0x5f7d6df3  f9=0x7fc00000
     447395.000 ns	     44738	80009374	035ac3b3	div	x7,x21,x21	 x21:0x80000000 x21:0x80000000  x7=0x00000001
     447765.000 ns	     44775	80009378	0298ec33	rem	x24,x17,x9	 x17:0x4f7eb625  x9:0x00000001 x24=0x00000000
     447795.000 ns	     44778	8000937c	03a5c833	div	x16,x11,x26	 x11:0x80000000 x26:0x00000000 x16=0xffffffff
     447815.000 ns	     44780	80009380	01491a93	slli	x21,x18,0x14	 x18:0x00000000 x21=0x00000000
     447835.000 ns	     44782	80009384	f00f8653	fmv.w.x	f12,x31	 x31:0x00000000 f12=0x00000000
     447865.000 ns	     44785	80009388	21942b53	fsgnjx.s	f22,f8,f25	  f8:0x7fc00000 f25:0x7fc00000 f22=0x7fc00000
     447895.000 ns	     44788	8000938c	21571253	fsgnjn.s	f4,f14,f21	 f14:0x4eff8000 f21:0x7fc00000  f4=0xceff8000
     447925.000 ns	     44791	80009390	21f202d3	fsgnj.s	f5,f4,f31	  f4:0xceff8000 f31:0x7fc00000  f5=0x4eff8000
     447945.000 ns	     44793	80009394	0165fcb3	and	x25,x11,x22	 x11:0x80000000 x22:0x80041024 x25=0x80000000
     447965.000 ns	     44795	80009398	21909d53	fsgnjn.s	f26,f1,f25	  f1:0x7fc00000 f25:0x7fc00000 f26=0xffc00000
     447985.000 ns	     44797	8000939c	66fae493	ori	x9,x21,1647	 x21:0x00000000  x9=0x0000066f
     447995.000 ns	     44798	800093a0	017a8a33	add	x20,x21,x23	 x21:0x00000000 x23:0x000003c2 x20=0x000003c2
     448355.000 ns	     44834	800093a4	02e6fa33	remu	x20,x13,x14	 x13:0x00000000 x14:0xffffffe0 x20=0x00000000
     448385.000 ns	     44837	800093a8	e00884d3	fmv.x.w	x9,f17	 f17:0xcb77e000  x9=0xcb77e000
     448405.000 ns	     44839	800093ac	0007ca33	xor	x20,x15,x0	 x15:0x80000000  x0:0x00000000 x20=0x80000000
     448425.000 ns	     44841	800093b0	a0c92dd3	feq.s	x27,f18,f12	 f18:0x4eff8000 f12:0x00000000 x27=0x00000000
     448795.000 ns	     44878	800093b4	02bdf033	remu	x0,x27,x11	 x27:0x00000000 x11:0x80000000
     448835.000 ns	     44882	800093b8	580e76d3	fsqrt.s	f13,f28	 f28:0xff800000 f13=0x7fc00000
     448865.000 ns	     44885	800093bc	21582c53	fsgnjx.s	f24,f16,f21	 f16:0x7fc00000 f21:0x7fc00000 f24=0x7fc00000
     448905.000 ns	     44889	800093c0	580497d3	fsqrt.s	f15,f9	  f9:0x7fc00000 f15=0x7fc00000
     448925.000 ns	     44891	800093c4	01f9aeb3	slt	x29,x19,x31	 x19:0x00000010 x31:0x00000000 x29=0x00000000
     448945.000 ns	     44893	800093c8	d00d76d3	fcvt.s.w	f13,x26	 x26:0x00000000 f13=0x00000000
     448975.000 ns	     44896	800093cc	02d1ca33	div	x20,x3,x13	  x3:0x00000000 x13:0x00000000 x20=0xffffffff
     449005.000 ns	     44899	800093d0	21bcafd3	fsgnjx.s	f31,f25,f27	 f25:0x7fc00000 f27:0x7fc00000 f31=0x7fc00000
     449055.000 ns	     44904	800093d4	09a78d53	fsub.s	f26,f15,f26	 f15:0x7fc00000 f26:0xffc00000 f26=0x7fc00000
     449095.000 ns	     44908	800093d8	185d4853	fdiv.s	f16,f26,f5	 f26:0xffc00000  f5:0x4eff8000 f16=0x7fc00000
     449145.000 ns	     44913	800093dc	0184a5d3	fadd.s	f11,f9,f24	  f9:0x7fc00000 f24:0x7fc00000 f11=0x7fc00000
     449165.000 ns	     44915	800093e0	0e5543b7	lui	x7,0xe554	  x7=0x0e554000
     449175.000 ns	     44916	800093e4	6a2f4993	xori	x19,x30,1698	 x30:0x80000000 x19=0x800006a2
     449195.000 ns	     44918	800093e8	03d1c7b3	div	x15,x3,x29	  x3:0x00000000 x29:0x00000000 x15=0xffffffff
     449225.000 ns	     44921	800093ec	219d9bd3	fsgnjn.s	f23,f27,f25	 f27:0x7fc00000 f25:0x7fc00000 f23=0xffc00000
     449245.000 ns	     44923	800093f0	011a1a93	slli	x21,x20,0x11	 x20:0xffffffff x21=0xfffe0000
     449255.000 ns	     44924	800093f4	a3b496b7	lui	x13,0xa3b49	 x13=0xa3b49000
     449265.000 ns	     44925	800093f8	01e35c33	srl	x24,x6,x30	  x6:0x00000000 x30:0x80000000 x24=0x00000000
     449275.000 ns	     44926	800093fc	25a3af93	slti	x31,x7,602	  x7:0x0e554000 x31=0x00000000
     449635.000 ns	     44962	80009400	0368c9b3	div	x19,x17,x22	 x17:0x4f7eb625 x22:0x80041024 x19=0x00000000
     449665.000 ns	     44965	80009404	29ab09d3	fmin.s	f19,f22,f26	 f22:0x7fc00000 f26:0x7fc00000 f19=0x7fc00000
     449695.000 ns	     44968	80009408	c01b9bd3	fcvt.wu.s	x23,f23	 f23:0xffc00000 x23=0xffffffff
     449725.000 ns	     44971	8000940c	a1ba9bd3	flt.s	x23,f21,f27	 f21:0x7fc00000 f27:0x7fc00000 x23=0x00000000
     449755.000 ns	     44974	80009410	033699b3	mulh	x19,x13,x19	 x13:0xa3b49000 x19:0x00000000 x19=0x00000000
     449785.000 ns	     44977	80009414	21e58ad3	fsgnj.s	f21,f11,f30	 f11:0x7fc00000 f30:0x00000000 f21=0x7fc00000
     449805.000 ns	     44979	80009418	01b4be33	sltu	x28,x9,x27	  x9:0xcb77e000 x27:0x00000000 x28=0x00000000
     449825.000 ns	     44981	8000941c	03b21833	mulh	x16,x4,x27	  x4:0x00000001 x27:0x00000000 x16=0x00000000
     449855.000 ns	     44984	80009420	20b729d3	fsgnjx.s	f19,f14,f11	 f14:0x4eff8000 f11:0x7fc00000 f19=0x4eff8000
     449885.000 ns	     44987	80009424	20ad9a53	fsgnjn.s	f20,f27,f10	 f27:0x7fc00000 f10:0x00000000 f20=0xffc00000
     449905.000 ns	     44989	80009428	00000013	addi	x0,x0,0	  x0:0x00000000
     449925.000 ns	     44991	8000942c	a0b58f53	fle.s	x30,f11,f11	 f11:0x7fc00000 f11:0x7fc00000 x30=0x00000000
     449955.000 ns	     44994	80009430	c00477d3	fcvt.w.s	x15,f8	  f8:0x7fc00000 x15=0x7fffffff
     449975.000 ns	     44996	80009434	012e9eb3	sll	x29,x29,x18	 x29:0x00000000 x18:0x00000000 x29=0x00000000
     449985.000 ns	     44997	80009438	016b5393	srli	x7,x22,0x16	 x22:0x80041024  x7=0x00000200
     449995.000 ns	     44998	8000943c	0117a0b3	slt	x1,x15,x17	 x15:0x7fffffff x17:0x4f7eb625  x1=0x00000000
     450015.000 ns	     45000	80009440	026f90b3	mulh	x1,x31,x6	 x31:0x00000000  x6:0x00000000  x1=0x00000000
     450055.000 ns	     45004	80009444	580113d3	fsqrt.s	f7,f2	  f2:0x7fc00000  f7=0x7fc00000
     450105.000 ns	     45009	80009448	08f57553	fsub.s	f10,f10,f15	 f10:0x00000000 f15:0x7fc00000 f10=0x7fc00000
     450125.000 ns	     45011	8000944c	00000013	addi	x0,x0,0	  x0:0x00000000
     450135.000 ns	     45012	80009450	00000013	addi	x0,x0,0	  x0:0x00000000
     450155.000 ns	     45014	80009454	02191033	mulh	x0,x18,x1	 x18:0x00000000  x1:0x00000000
     450175.000 ns	     45016	80009458	0129dc13	srli	x24,x19,0x12	 x19:0x00000000 x24=0x00000000
     450185.000 ns	     45017	8000945c	00f75713	srli	x14,x14,0xf	 x14:0xffffffe0 x14=0x0001ffff
     450205.000 ns	     45019	80009460	29a50553	fmin.s	f10,f10,f26	 f10:0x7fc00000 f26:0x7fc00000 f10=0x7fc00000
     450235.000 ns	     45022	80009464	034e2033	mulhsu	x0,x28,x20	 x28:0x00000000 x20:0xffffffff
     450255.000 ns	     45024	80009468	0185c6b3	xor	x13,x11,x24	 x11:0x80000000 x24:0x00000000 x13=0x80000000
     450265.000 ns	     45025	8000946c	0087fdb3	and	x27,x15,x8	 x15:0x7fffffff  x8:0xffffffff x27=0x7fffffff
     450285.000 ns	     45027	80009470	037da433	mulhsu	x8,x27,x23	 x27:0x00000000 x23:0x00000000  x8=0x00000000
     450315.000 ns	     45030	80009474	2089acd3	fsgnjx.s	f25,f19,f8	 f19:0x4eff8000  f8:0x7fc00000 f25=0x4eff8000
     450345.000 ns	     45033	80009478	20eaac53	fsgnjx.s	f24,f21,f14	 f21:0x7fc00000 f14:0x4eff8000 f24=0x7fc00000
     450375.000 ns	     45036	8000947c	e00f0753	fmv.x.w	x14,f30	 f30:0x00000000 x14=0x00000000
     450405.000 ns	     45039	80009480	a08a8f53	fle.s	x30,f21,f8	 f21:0x7fc00000  f8:0x7fc00000 x30=0x00000000
     450435.000 ns	     45042	80009484	038492b3	mulh	x5,x9,x24	  x9:0xcb77e000 x24:0x00000000  x5=0x00000000
     450455.000 ns	     45044	80009488	7e92b613	sltiu	x12,x5,2025	  x5:0x00000000 x12=0x00000001
     450465.000 ns	     45045	8000948c	f15ee993	ori	x19,x29,-235	 x29:0x00000000 x19=0xffffff15
     450475.000 ns	     45046	80009490	01fdcdb3	xor	x27,x27,x31	 x27:0x7fffffff x31:0x00000000 x27=0x7fffffff
     450485.000 ns	     45047	80009494	00000013	addi	x0,x0,0	  x0:0x00000000
     450495.000 ns	     45048	80009498	00338633	add	x12,x7,x3	  x7:0x00000200  x3:0x00000000 x12=0x00000200
     450505.000 ns	     45049	8000949c	1ce34c13	xori	x24,x6,462	  x6:0x00000000 x24=0x000001ce
     450865.000 ns	     45085	800094a0	022554b3	divu	x9,x10,x2	 x10:0x00000001  x2:0x80040fe4  x9=0x00000000
     450885.000 ns	     45087	800094a4	00211013	slli	x0,x2,0x2	  x2:0x80040fe4
     450895.000 ns	     45088	800094a8	8a024e13	xori	x28,x4,-1888	  x4:0x00000001 x28=0xfffff8a1
     450925.000 ns	     45091	800094ac	1952f753	fdiv.s	f14,f5,f21	  f5:0x4eff8000 f21:0x7fc00000 f14=0x7fc00000
     450945.000 ns	     45093	800094b0	34de0d93	addi	x27,x28,845	 x28:0x00000000 x27=0xfffffbee
     450965.000 ns	     45095	800094b4	03780cb3	mul	x25,x16,x23	 x16:0x00000000 x23:0x00000000 x25=0x00000000
     450995.000 ns	     45098	800094b8	e0051d53	fclass.s	x26,f10	 f10:0x7fc00000 x26=0x00000200
     451025.000 ns	     45101	800094bc	e00e0353	fmv.x.w	x6,f28	 f28:0xff800000  x6=0xff800000
     451075.000 ns	     45106	800094c0	094fa153	fsub.s	f2,f31,f20	 f31:0x7fc00000 f20:0xffc00000  f2=0x7fc00000
     451095.000 ns	     45108	800094c4	0013fd33	and	x26,x7,x1	  x7:0x00000200  x1:0x00000000 x26=0x00000000
     451105.000 ns	     45109	800094c8	7a8f7e97	auipc	x29,0x7a8f7	 x29=0xfa9004c8
     451115.000 ns	     45110	800094cc	00793933	sltu	x18,x18,x7	 x18:0x00000000  x7:0x00000200 x18=0x00000001
     451125.000 ns	     45111	800094d0	9a75f893	andi	x17,x11,-1625	 x11:0x80000000 x17=0x80000000
     451165.000 ns	     45115	800094d4	01e174d3	fadd.s	f9,f2,f30	  f2:0x7fc00000 f30:0x00000000  f9=0x7fc00000
     451185.000 ns	     45117	800094d8	0e748413	addi	x8,x9,231	  x9:0x00000000  x8=0x000000e7
     451195.000 ns	     45118	800094dc	8bf74197	auipc	x3,0x8bf74	  x3=0x0bf7d4dc
     451205.000 ns	     45119	800094e0	01ac5693	srli	x13,x24,0x1a	 x24:0x000001ce x13=0x00000000
     451225.000 ns	     45121	800094e4	02192733	mulhsu	x14,x18,x1	 x18:0x00000001  x1:0x00000000 x14=0x00000000
     451255.000 ns	     45124	800094e8	29351d53	fmax.s	f26,f10,f19	 f10:0x7fc00000 f19:0x4eff8000 f26=0x4eff8000
     451275.000 ns	     45126	800094ec	007b9693	slli	x13,x23,0x7	 x23:0x00000000 x13=0x00000000
     451285.000 ns	     45127	800094f0	00000013	addi	x0,x0,0	  x0:0x00000000
     451295.000 ns	     45128	800094f4	01b8efb3	or	x31,x17,x27	 x17:0x80000000 x27:0xfffffbee x31=0xfffffbee
     451315.000 ns	     45130	800094f8	a04b00d3	fle.s	x1,f22,f4	 f22:0x7fc00000  f4:0xceff8000  x1=0x00000000
     451345.000 ns	     45133	800094fc	29251053	fmax.s	f0,f10,f18	 f10:0x7fc00000 f18:0x4eff8000  f0=0x4eff8000
     451365.000 ns	     45135	80009500	011da033	slt	x0,x27,x17	 x27:0xfffffbee x17:0x80000000
     451375.000 ns	     45136	80009504	36190413	addi	x8,x18,865	 x18:0x00000001  x8=0x00000362
     451395.000 ns	     45138	80009508	e00689d3	fmv.x.w	x19,f13	 f13:0x00000000 x19=0x00000000
     451415.000 ns	     45140	8000950c	ef048337	lui	x6,0xef048	  x6=0xef048000
     451425.000 ns	     45141	80009510	01166cb3	or	x25,x12,x17	 x12:0x00000200 x17:0x80000000 x25=0x80000200
     451445.000 ns	     45143	80009514	c01c1053	fcvt.wu.s	x0,f24	 f24:0x7fc00000
     451475.000 ns	     45146	80009518	03cc2db3	mulhsu	x27,x24,x28	 x24:0x000001ce x28:0xfffff8a1 x27=0x000001cd
     451495.000 ns	     45148	8000951c	40f95313	srai	x6,x18,0xf	 x18:0x00000001  x6=0x00000000
     451515.000 ns	     45150	80009520	c0097a53	fcvt.w.s	x20,f18	 f18:0x4eff8000 x20=0x7fc00000
     451885.000 ns	     45187	80009524	02c76f33	rem	x30,x14,x12	 x14:0x00000000 x12:0x00000200 x30=0x00000000
     451905.000 ns	     45189	80009528	02a7af13	slti	x30,x15,42	 x15:0x7fffffff x30=0x00000000
     451915.000 ns	     45190	8000952c	0ef82a93	slti	x21,x16,239	 x16:0x00000000 x21=0x00000001
     451925.000 ns	     45191	80009530	016eea33	or	x20,x29,x22	 x29:0xfa9004c8 x22:0x80041024 x20=0xfa9414ec
     451935.000 ns	     45192	80009534	01372e33	slt	x28,x14,x19	 x14:0x00000000 x19:0x00000000 x28=0x00000000
     451955.000 ns	     45194	80009538	a1542c53	feq.s	x24,f8,f21	  f8:0x7fc00000 f21:0x7fc00000 x24=0x00000000
     451975.000 ns	     45196	8000953c	00000013	addi	x0,x0,0	  x0:0x00000000
     451985.000 ns	     45197	80009540	00000013	addi	x0,x0,0	  x0:0x00000000
     451995.000 ns	     45198	80009544	07378397	auipc	x7,0x7378	  x7=0x87381544
     452025.000 ns	     45201	80009548	102efcd3	fmul.s	f25,f29,f2	 f29:0xceff8000  f2:0x7fc00000 f25=0x7fc00000
     452075.000 ns	     45206	8000954c	0823bf53	fsub.s	f30,f7,f2	  f7:0x7fc00000  f2:0x7fc00000 f30=0x7fc00000
     452115.000 ns	     45210	80009550	1013f453	fmul.s	f8,f7,f1	  f7:0x7fc00000  f1:0x7fc00000  f8=0x7fc00000
     452145.000 ns	     45213	80009554	218181d3	fsgnj.s	f3,f3,f24	  f3:0x00000000 f24:0x7fc00000  f3=0x00000000
     452165.000 ns	     45215	80009558	010d9b93	slli	x23,x27,0x10	 x27:0x000001cd x23=0x01cd0000
     452185.000 ns	     45217	8000955c	28ff93d3	fmax.s	f7,f31,f15	 f31:0x7fc00000 f15:0x7fc00000  f7=0x7fc00000
     452215.000 ns	     45220	80009560	02f00cb3	mul	x25,x0,x15	  x0:0x00000000 x15:0x7fffffff x25=0x00000000
     452235.000 ns	     45222	80009564	01f786b3	add	x13,x15,x31	 x15:0x7fffffff x31:0xfffffbee x13=0x7ffffbed
     452255.000 ns	     45224	80009568	298205d3	fmin.s	f11,f4,f24	  f4:0xceff8000 f24:0x7fc00000 f11=0xceff8000
     452275.000 ns	     45226	8000956c	006fd293	srli	x5,x31,0x6	 x31:0xfffffbee  x5=0x03ffffef
     452295.000 ns	     45228	80009570	02b7a1b3	mulhsu	x3,x15,x11	 x15:0x7fffffff x11:0x80000000  x3=0x3fffffff
     452315.000 ns	     45230	80009574	008db033	sltu	x0,x27,x8	 x27:0x000001cd  x8:0x00000362
     452325.000 ns	     45231	80009578	bd418d93	addi	x27,x3,-1068	  x3:0x3fffffff x27=0x3ffffbd3
     452345.000 ns	     45233	8000957c	032f97b3	mulh	x15,x31,x18	 x31:0xfffffbee x18:0x00000001 x15=0xffffffff
     452375.000 ns	     45236	80009580	f00c0ed3	fmv.w.x	f29,x24	 x24:0x00000000 f29=0x00000000
     452405.000 ns	     45239	80009584	c016bad3	fcvt.wu.s	x21,f13	 f13:0x00000000 x21=0x00000000
     452435.000 ns	     45242	80009588	288e89d3	fmin.s	f19,f29,f8	 f29:0x00000000  f8:0x7fc00000 f19=0x00000000
     452455.000 ns	     45244	8000958c	00000013	addi	x0,x0,0	  x0:0x00000000
     452465.000 ns	     45245	80009590	018ab0b3	sltu	x1,x21,x24	 x21:0x00000000 x24:0x00000000  x1=0x00000000
     452485.000 ns	     45247	80009594	02ddaeb3	mulhsu	x29,x27,x13	 x27:0x3ffffbd3 x13:0x7ffffbed x29=0x1ffffce4
     452515.000 ns	     45250	80009598	0218f833	remu	x16,x17,x1	 x17:0x80000000  x1:0x00000000 x16=0x80000000
     452535.000 ns	     45252	8000959c	e7d413b7	lui	x7,0xe7d41	  x7=0xe7d41000
     452545.000 ns	     45253	800095a0	01ce9333	sll	x6,x29,x28	 x29:0x1ffffce4 x28:0x00000000  x6=0x1ffffce4
     452555.000 ns	     45254	800095a4	016f30b3	sltu	x1,x30,x22	 x30:0x00000000 x22:0x80041024  x1=0x00000001
     452565.000 ns	     45255	800095a8	00000013	addi	x0,x0,0	  x0:0x00000000
     452585.000 ns	     45257	800095ac	d002aed3	fcvt.s.w	f29,x5	  x5:0x03ffffef f29=0x4c7ffffc
     452625.000 ns	     45261	800095b0	11294353	fmul.s	f6,f18,f18	 f18:0x4eff8000 f18:0x4eff8000  f6=0x5e7f0040
     452655.000 ns	     45264	800095b4	d00bc053	fcvt.s.w	f0,x23	 x23:0x01cd0000  f0=0x4be68000
     452675.000 ns	     45266	800095b8	416b86b3	sub	x13,x23,x22	 x23:0x01cd0000 x22:0x80041024 x13=0x81c8efdc
     452695.000 ns	     45268	800095bc	02ef0e33	mul	x28,x30,x14	 x30:0x00000000 x14:0x00000000 x28=0x00000000
     452715.000 ns	     45270	800095c0	b2170713	addi	x14,x14,-1247	 x14:0x00000000 x14=0xfffffb21
     452725.000 ns	     45271	800095c4	01932d33	slt	x26,x6,x25	  x6:0x1ffffce4 x25:0x00000000 x26=0x00000000
     452765.000 ns	     45275	800095c8	016c2753	fadd.s	f14,f24,f22	 f24:0x7fc00000 f22:0x7fc00000 f14=0x7fc00000
     452795.000 ns	     45278	800095cc	0293f833	remu	x16,x7,x9	  x7:0xe7d41000  x9:0x00000000 x16=0xe7d41000
     452815.000 ns	     45280	800095d0	cb01f197	auipc	x3,0xcb01f	  x3=0x4b0285d0
     452835.000 ns	     45282	800095d4	289e0fd3	fmin.s	f31,f28,f9	 f28:0xff800000  f9:0x7fc00000 f31=0xff800000
     452865.000 ns	     45285	800095d8	20fb9d53	fsgnjn.s	f26,f23,f15	 f23:0xffc00000 f15:0x7fc00000 f26=0xffc00000
     452885.000 ns	     45287	800095dc	00014db3	xor	x27,x2,x0	  x2:0x80040fe4  x0:0x00000000 x27=0x80040fe4
     452895.000 ns	     45288	800095e0	71247893	andi	x17,x8,1810	  x8:0x00000362 x17=0x00000302
     452905.000 ns	     45289	800095e4	014b7cb3	and	x25,x22,x20	 x22:0x80041024 x20:0xfa9414ec x25=0x80041024
     452925.000 ns	     45291	800095e8	28d79fd3	fmax.s	f31,f15,f13	 f15:0x7fc00000 f13:0x00000000 f31=0x00000000
     452945.000 ns	     45293	800095ec	00a8e1b3	or	x3,x17,x10	 x17:0x00000302 x10:0x00000001  x3=0x00000303
     452985.000 ns	     45297	800095f0	09ccfb53	fsub.s	f22,f25,f28	 f25:0x7fc00000 f28:0xff800000 f22=0x7fc00000
     453015.000 ns	     45300	800095f4	289610d3	fmax.s	f1,f12,f9	 f12:0x00000000  f9:0x7fc00000  f1=0x00000000
     453045.000 ns	     45303	800095f8	d00ca653	fcvt.s.w	f12,x25	 x25:0x80041024 f12=0xcefff7e0
     453065.000 ns	     45305	800095fc	00e49e13	slli	x28,x9,0xe	  x9:0x00000000 x28=0x00000000
     453425.000 ns	     45341	80009600	037ae033	rem	x0,x21,x23	 x21:0x00000000 x23:0x01cd0000
     453445.000 ns	     45343	80009604	d7ec8893	addi	x17,x25,-642	 x25:0x80041024 x17=0x80040da2
     453485.000 ns	     45347	80009608	012c7253	fadd.s	f4,f24,f18	 f24:0x7fc00000 f18:0x4eff8000  f4=0x7fc00000
     453505.000 ns	     45349	8000960c	00000013	addi	x0,x0,0	  x0:0x00000000
     453515.000 ns	     45350	80009610	00fdb333	sltu	x6,x27,x15	 x27:0x80040fe4 x15:0xffffffff  x6=0x00000001
     453875.000 ns	     45386	80009614	02d570b3	remu	x1,x10,x13	 x10:0x00000001 x13:0x81c8efdc  x1=0x00000001
     453905.000 ns	     45389	80009618	a1708ed3	fle.s	x29,f1,f23	  f1:0x00000000 f23:0xffc00000 x29=0x00000000
     453925.000 ns	     45391	8000961c	0110df13	srli	x30,x1,0x11	  x1:0x00000001 x30=0x00000000
     453935.000 ns	     45392	80009620	01d8edb3	or	x27,x17,x29	 x17:0x80040da2 x29:0x00000000 x27=0x80040da2
     453945.000 ns	     45393	80009624	014779b3	and	x19,x14,x20	 x14:0xfffffb21 x20:0xfa9414ec x19=0xfa941020
     454305.000 ns	     45429	80009628	03035eb3	divu	x29,x6,x16	  x6:0x00000001 x16:0xe7d41000 x29=0x00000000
     454355.000 ns	     45434	8000962c	00013dd3	fadd.s	f27,f2,f0	  f2:0x7fc00000  f0:0x4be68000 f27=0x7fc00000
     454385.000 ns	     45437	80009630	20fea653	fsgnjx.s	f12,f29,f15	 f29:0x4c7ffffc f15:0x7fc00000 f12=0x4c7ffffc
     454405.000 ns	     45439	80009634	09287393	andi	x7,x16,146	 x16:0xe7d41000  x7=0x00000000
     454415.000 ns	     45440	80009638	78568513	addi	x10,x13,1925	 x13:0x81c8efdc x10=0x81c8f761
     454425.000 ns	     45441	8000963c	00000013	addi	x0,x0,0	  x0:0x00000000
     454435.000 ns	     45442	80009640	0064fbb3	and	x23,x9,x6	  x9:0x00000000  x6:0x00000001 x23=0x00000000
     454455.000 ns	     45444	80009644	28860453	fmin.s	f8,f12,f8	 f12:0x4c7ffffc  f8:0x7fc00000  f8=0x4c7ffffc
     454475.000 ns	     45446	80009648	a4cb3a13	sltiu	x20,x22,-1460	 x22:0x80041024 x20=0x00000001
     454485.000 ns	     45447	8000964c	019677b3	and	x15,x12,x25	 x12:0x00000200 x25:0x80041024 x15=0x00000000
     454495.000 ns	     45448	80009650	00ea8a33	add	x20,x21,x14	 x21:0x00000000 x14:0xfffffb21 x20=0xfffffb21
     454515.000 ns	     45450	80009654	d0164153	fcvt.s.wu	f2,x12	 x12:0x00000200  f2=0x44000000
     454555.000 ns	     45454	80009658	180d49d3	fdiv.s	f19,f26,f0	 f26:0xffc00000  f0:0x4be68000 f19=0x7fc00000
     454585.000 ns	     45457	8000965c	21230753	fsgnj.s	f14,f6,f18	  f6:0x5e7f0040 f18:0x4eff8000 f14=0x5e7f0040
     454605.000 ns	     45459	80009660	018e1fb3	sll	x31,x28,x24	 x28:0x00000000 x24:0x00000000 x31=0x00000000
     454615.000 ns	     45460	80009664	0114d1b3	srl	x3,x9,x17	  x9:0x00000000 x17:0x80040da2  x3=0x00000000
     454625.000 ns	     45461	80009668	00cb9eb3	sll	x29,x23,x12	 x23:0x00000000 x12:0x00000200 x29=0x00000000
     454635.000 ns	     45462	8000966c	01167233	and	x4,x12,x17	 x12:0x00000200 x17:0x80040da2  x4=0x00000000
     454645.000 ns	     45463	80009670	00d467b3	or	x15,x8,x13	  x8:0x00000362 x13:0x81c8efdc x15=0x81c8effe
     454655.000 ns	     45464	80009674	19eec693	xori	x13,x29,414	 x29:0x00000000 x13=0x0000019e
     454695.000 ns	     45468	80009678	09caf3d3	fsub.s	f7,f21,f28	 f21:0x7fc00000 f28:0xff800000  f7=0x7fc00000
     454715.000 ns	     45470	8000967c	0bb7e413	ori	x8,x15,187	 x15:0x81c8effe  x8=0x81c8efff
     455075.000 ns	     45506	80009680	02514733	div	x14,x2,x5	  x2:0x80040fe4  x5:0x03ffffef x14=0xffffffe1
     455105.000 ns	     45509	80009684	021bbf33	mulhu	x30,x23,x1	 x23:0x00000000  x1:0x00000001 x30=0x00000000
     455125.000 ns	     45511	80009688	40b95413	srai	x8,x18,0xb	 x18:0x00000001  x8=0x00000000
     455155.000 ns	     45514	8000968c	19e52353	fdiv.s	f6,f10,f30	 f10:0x7fc00000 f30:0x7fc00000  f6=0x7fc00000
     455195.000 ns	     45518	80009690	107273d3	fmul.s	f7,f4,f7	  f4:0x7fc00000  f7:0x7fc00000  f7=0x7fc00000
     455215.000 ns	     45520	80009694	00ca2633	slt	x12,x20,x12	 x20:0xfffffb21 x12:0x00000200 x12=0x00000001
     455225.000 ns	     45521	80009698	0198c6b3	xor	x13,x17,x25	 x17:0x80040da2 x25:0x80041024 x13=0x00001d86
     455235.000 ns	     45522	8000969c	646d6e93	ori	x29,x26,1606	 x26:0x00000000 x29=0x00000646
     455265.000 ns	     45525	800096a0	107d40d3	fmul.s	f1,f26,f7	 f26:0xffc00000  f7:0x7fc00000  f1=0x7fc00000
     455295.000 ns	     45528	800096a4	288d8953	fmin.s	f18,f27,f8	 f27:0x7fc00000  f8:0x4c7ffffc f18=0x4c7ffffc
     455315.000 ns	     45530	800096a8	00db43b3	xor	x7,x22,x13	 x22:0x80041024 x13:0x00001d86  x7=0x80040da2
     455325.000 ns	     45531	800096ac	41d90e33	sub	x28,x18,x29	 x18:0x00000001 x29:0x00000646 x28=0xfffff9bb
     455335.000 ns	     45532	800096b0	013e57b3	srl	x15,x28,x19	 x28:0x00000000 x19:0xfa941020 x15=0xfffff9bb
     455375.000 ns	     45536	800096b4	019df453	fadd.s	f8,f27,f25	 f27:0x7fc00000 f25:0x7fc00000  f8=0x7fc00000
     455395.000 ns	     45538	800096b8	dfe28c13	addi	x24,x5,-514	  x5:0x03ffffef x24=0x03fffded
     455435.000 ns	     45542	800096bc	08ed1fd3	fsub.s	f31,f26,f14	 f26:0xffc00000 f14:0x5e7f0040 f31=0x7fc00000
     455465.000 ns	     45545	800096c0	02ea92b3	mulh	x5,x21,x14	 x21:0x00000000 x14:0xffffffe1  x5=0x00000000
     455485.000 ns	     45547	800096c4	00000013	addi	x0,x0,0	  x0:0x00000000
     455845.000 ns	     45583	800096c8	03076eb3	rem	x29,x14,x16	 x14:0xffffffe1 x16:0xe7d41000 x29=0xffffffe1
     456215.000 ns	     45620	800096cc	0216c933	div	x18,x13,x1	 x13:0x00001d86  x1:0x00000001 x18=0x00001d86
     456235.000 ns	     45622	800096d0	017d1833	sll	x16,x26,x23	 x26:0x00000000 x23:0x00000000 x16=0x00000000
     456265.000 ns	     45625	800096d4	19b2f753	fdiv.s	f14,f5,f27	  f5:0x4eff8000 f27:0x7fc00000 f14=0x7fc00000
     456295.000 ns	     45628	800096d8	a0ff1353	flt.s	x6,f30,f15	 f30:0x7fc00000 f15:0x7fc00000  x6=0x00000000
     456325.000 ns	     45631	800096dc	030eb4b3	mulhu	x9,x29,x16	 x29:0xffffffe1 x16:0x00000000  x9=0x00000000
     456365.000 ns	     45635	800096e0	19e57153	fdiv.s	f2,f10,f30	 f10:0x7fc00000 f30:0x7fc00000  f2=0x7fc00000
     456395.000 ns	     45638	800096e4	295b1f53	fmax.s	f30,f22,f21	 f22:0x7fc00000 f21:0x7fc00000 f30=0x7fc00000
     456765.000 ns	     45675	800096e8	03366233	rem	x4,x12,x19	 x12:0x00000001 x19:0xfa941020  x4=0x00000001
     456785.000 ns	     45677	800096ec	e312e093	ori	x1,x5,-463	  x5:0x00000000  x1=0xfffffe31
     457145.000 ns	     45713	800096f0	03c7d833	divu	x16,x15,x28	 x15:0xfffff9bb x28:0xfffff9bb x16=0x00000001
     457165.000 ns	     45715	800096f4	005a8033	add	x0,x21,x5	 x21:0x00000000  x5:0x00000000
     457185.000 ns	     45717	800096f8	c0144653	fcvt.wu.s	x12,f8	  f8:0x7fc00000 x12=0xffffffff
     457555.000 ns	     45754	800096fc	02c74433	div	x8,x14,x12	 x14:0xffffffe1 x12:0x00000001  x8=0x0000001f
     457575.000 ns	     45756	80009700	00bce933	or	x18,x25,x11	 x25:0x80041024 x11:0x80000000 x18=0x80041024
     457595.000 ns	     45758	80009704	02e20633	mul	x12,x4,x14	  x4:0x00000001 x14:0xffffffe1 x12=0xffffffe1
     457615.000 ns	     45760	80009708	00000013	addi	x0,x0,0	  x0:0x00000000
     457635.000 ns	     45762	8000970c	0258f2b3	remu	x5,x17,x5	 x17:0x80040da2  x5:0x00000000  x5=0x80040da2
     457655.000 ns	     45764	80009710	00000013	addi	x0,x0,0	  x0:0x00000000
     457665.000 ns	     45765	80009714	00e15d33	srl	x26,x2,x14	  x2:0x80040fe4 x14:0xffffffe1 x26=0x400207f2
     457675.000 ns	     45766	80009718	5d52b7b7	lui	x15,0x5d52b	 x15=0x5d52b000
     457685.000 ns	     45767	8000971c	009e7d33	and	x26,x28,x9	 x28:0xfffff9bb  x9:0x00000000 x26=0x00000000
     457705.000 ns	     45769	80009720	035610b3	mulh	x1,x12,x21	 x12:0xffffffe1 x21:0x00000000  x1=0x00000000
     458075.000 ns	     45806	80009724	02ce7db3	remu	x27,x28,x12	 x28:0xfffff9bb x12:0xffffffe1 x27=0xfffff9bb
     458095.000 ns	     45808	80009728	b49fbf93	sltiu	x31,x31,-1207	 x31:0x00000000 x31=0x00000001
     458115.000 ns	     45810	8000972c	a1d111d3	flt.s	x3,f2,f29	  f2:0x7fc00000 f29:0x4c7ffffc  x3=0x00000000
     458135.000 ns	     45812	80009730	40e35813	srai	x16,x6,0xe	  x6:0x00000000 x16=0x00000000
     458155.000 ns	     45814	80009734	02479033	mulh	x0,x15,x4	 x15:0x5d52b000  x4:0x00000001
     458175.000 ns	     45816	80009738	a3e92493	slti	x9,x18,-1474	 x18:0x80041024  x9=0x00000001
     458195.000 ns	     45818	8000973c	200608d3	fsgnj.s	f17,f12,f0	 f12:0x4c7ffffc  f0:0x4be68000 f17=0x4c7ffffc
     458225.000 ns	     45821	80009740	02694833	div	x16,x18,x6	 x18:0x80041024  x6:0x00000000 x16=0xffffffff
     458245.000 ns	     45823	80009744	000237b3	sltu	x15,x4,x0	  x4:0x00000001  x0:0x00000000 x15=0x00000000
     458265.000 ns	     45825	80009748	0358bab3	mulhu	x21,x17,x21	 x17:0x80040da2 x21:0x00000000 x21=0x00000000
     458295.000 ns	     45828	8000974c	a15314d3	flt.s	x9,f6,f21	  f6:0x7fc00000 f21:0x7fc00000  x9=0x00000000
     458315.000 ns	     45830	80009750	57300713	addi	x14,x0,1395	  x0:0x00000000 x14=0x00000573
     458325.000 ns	     45831	80009754	01724cb3	xor	x25,x4,x23	  x4:0x00000001 x23:0x00000000 x25=0x00000001
     458345.000 ns	     45833	80009758	a0f49dd3	flt.s	x27,f9,f15	  f9:0x7fc00000 f15:0x7fc00000 x27=0x00000000
     458375.000 ns	     45836	8000975c	216f0bd3	fsgnj.s	f23,f30,f22	 f30:0x7fc00000 f22:0x7fc00000 f23=0x7fc00000
     458405.000 ns	     45839	80009760	c0137053	fcvt.wu.s	x0,f6	  f6:0x7fc00000
     458425.000 ns	     45841	80009764	0134e1b3	or	x3,x9,x19	  x9:0x00000000 x19:0xfa941020  x3=0xfa941020
     458445.000 ns	     45843	80009768	a1f510d3	flt.s	x1,f10,f31	 f10:0x7fc00000 f31:0x7fc00000  x1=0x00000000
     458465.000 ns	     45845	8000976c	9c4e7a13	andi	x20,x28,-1596	 x28:0xfffff9bb x20=0xfffff980
     458475.000 ns	     45846	80009770	fcb5e993	ori	x19,x11,-53	 x11:0x80000000 x19=0xffffffcb
     458485.000 ns	     45847	80009774	00bf4613	xori	x12,x30,11	 x30:0x00000000 x12=0x0000000b
     458505.000 ns	     45849	80009778	c0077653	fcvt.w.s	x12,f14	 f14:0x7fc00000 x12=0x7fffffff
     458545.000 ns	     45853	8000977c	580cc953	fsqrt.s	f18,f25	 f25:0x7fc00000 f18=0x7fc00000
     458575.000 ns	     45856	80009780	a1141f53	flt.s	x30,f8,f17	  f8:0x7fc00000 f17:0x4c7ffffc x30=0x00000000
     458605.000 ns	     45859	80009784	f0078953	fmv.w.x	f18,x15	 x15:0x00000000 f18=0x00000000
     458625.000 ns	     45861	80009788	017926b3	slt	x13,x18,x23	 x18:0x80041024 x23:0x00000000 x13=0x00000001
     458645.000 ns	     45863	8000978c	c00f9bd3	fcvt.w.s	x23,f31	 f31:0x7fc00000 x23=0x7fffffff
     458665.000 ns	     45865	80009790	01589633	sll	x12,x17,x21	 x17:0x80040da2 x21:0x00000000 x12=0x80040da2
     458675.000 ns	     45866	80009794	00700233	add	x4,x0,x7	  x0:0x00000000  x7:0x80040da2  x4=0x80040da2
     458685.000 ns	     45867	80009798	4d250b93	addi	x23,x10,1234	 x10:0x81c8f761 x23=0x81c8fc33
     458705.000 ns	     45869	8000979c	21b411d3	fsgnjn.s	f3,f8,f27	  f8:0x7fc00000 f27:0x7fc00000  f3=0xffc00000
     458735.000 ns	     45872	800097a0	026063b3	rem	x7,x0,x6	  x0:0x00000000  x6:0x00000000  x7=0x00000000
     458765.000 ns	     45875	800097a4	29411953	fmax.s	f18,f2,f20	  f2:0x7fc00000 f20:0xffc00000 f18=0x7fc00000
     458795.000 ns	     45878	800097a8	29491d53	fmax.s	f26,f18,f20	 f18:0x00000000 f20:0xffc00000 f26=0x7fc00000
     459165.000 ns	     45915	800097ac	028ef233	remu	x4,x29,x8	 x29:0xffffffe1  x8:0x0000001f  x4=0x00000004
     459195.000 ns	     45918	800097b0	215792d3	fsgnjn.s	f5,f15,f21	 f15:0x7fc00000 f21:0x7fc00000  f5=0xffc00000
     459225.000 ns	     45921	800097b4	a1bb83d3	fle.s	x7,f23,f27	 f23:0x7fc00000 f27:0x7fc00000  x7=0x00000000
     459255.000 ns	     45924	800097b8	f00002d3	fmv.w.x	f5,x0	  x0:0x00000000  f5=0x00000000
     459295.000 ns	     45928	800097bc	18a576d3	fdiv.s	f13,f10,f10	 f10:0x7fc00000 f10:0x7fc00000 f13=0x7fc00000
     459325.000 ns	     45931	800097c0	d015ff53	fcvt.s.wu	f30,x11	 x11:0x80000000 f30=0x4f000000
     459355.000 ns	     45934	800097c4	a1490453	fle.s	x8,f18,f20	 f18:0x7fc00000 f20:0xffc00000  x8=0x00000000
     459395.000 ns	     45938	800097c8	10c7f753	fmul.s	f14,f15,f12	 f15:0x7fc00000 f12:0x4c7ffffc f14=0x7fc00000
     459415.000 ns	     45940	800097cc	01377633	and	x12,x14,x19	 x14:0x00000573 x19:0xffffffcb x12=0x00000543
     459425.000 ns	     45941	800097d0	41bad513	srai	x10,x21,0x1b	 x21:0x00000000 x10=0x00000000
     459445.000 ns	     45943	800097d4	c016f053	fcvt.wu.s	x0,f13	 f13:0x7fc00000
     459465.000 ns	     45945	800097d8	79114493	xori	x9,x2,1937	  x2:0x80040fe4  x9=0x80040875
     459485.000 ns	     45947	800097dc	02991cb3	mulh	x25,x18,x9	 x18:0x80041024  x9:0x00000000 x25=0x3ffbf3c3
     459525.000 ns	     45951	800097e0	58027fd3	fsqrt.s	f31,f4	  f4:0x7fc00000 f31=0x7fc00000
     459545.000 ns	     45953	800097e4	03caec13	ori	x24,x21,60	 x21:0x00000000 x24=0x0000003c
     459905.000 ns	     45989	800097e8	036ef2b3	remu	x5,x29,x22	 x29:0xffffffe1 x22:0x80041024  x5=0x7ffbefbd
     459935.000 ns	     45992	800097ec	29b58253	fmin.s	f4,f11,f27	 f11:0xceff8000 f27:0x7fc00000  f4=0xceff8000
     459965.000 ns	     45995	800097f0	d0048dd3	fcvt.s.w	f27,x9	  x9:0x80040875 f27=0xcefff7ef
     460005.000 ns	     45999	800097f4	119876d3	fmul.s	f13,f16,f25	 f16:0x7fc00000 f25:0x7fc00000 f13=0x7fc00000
     460045.000 ns	     46003	800097f8	188efcd3	fdiv.s	f25,f29,f8	 f29:0x4c7ffffc  f8:0x7fc00000 f25=0x7fc00000
     460075.000 ns	     46006	800097fc	208f9053	fsgnjn.s	f0,f31,f8	 f31:0x7fc00000  f8:0x7fc00000  f0=0xffc00000
     460105.000 ns	     46009	80009800	02800233	mul	x4,x0,x8	  x0:0x00000000  x8:0x00000000  x4=0x00000000
     460125.000 ns	     46011	80009804	00878e33	add	x28,x15,x8	 x15:0x00000000  x8:0x00000000 x28=0x00000000
     460145.000 ns	     46013	80009808	282982d3	fmin.s	f5,f19,f2	 f19:0x7fc00000  f2:0x7fc00000  f5=0x7fc00000
     460515.000 ns	     46050	8000980c	0379c233	div	x4,x19,x23	 x19:0xffffffcb x23:0x81c8fc33  x4=0x00000000
     460565.000 ns	     46055	80009810	08c473d3	fsub.s	f7,f8,f12	  f8:0x7fc00000 f12:0x4c7ffffc  f7=0x7fc00000
     460595.000 ns	     46058	80009814	0354a9b3	mulhsu	x19,x9,x21	  x9:0x80040875 x21:0x00000000 x19=0x00000000
     460645.000 ns	     46063	80009818	01b021d3	fadd.s	f3,f0,f27	  f0:0xffc00000 f27:0xcefff7ef  f3=0x7fc00000
     460695.000 ns	     46068	8000981c	00ffaf53	fadd.s	f30,f31,f15	 f31:0x7fc00000 f15:0x7fc00000 f30=0x7fc00000
     460725.000 ns	     46071	80009820	020f2633	mulhsu	x12,x30,x0	 x30:0x00000000  x0:0x00000000 x12=0x00000000
     460745.000 ns	     46073	80009824	413b8233	sub	x4,x23,x19	 x23:0x81c8fc33 x19:0x00000000  x4=0x81c8fc33
     460755.000 ns	     46074	80009828	7dd97a17	auipc	x20,0x7dd97	 x20=0xfdda0828
     460765.000 ns	     46075	8000982c	007eb533	sltu	x10,x29,x7	 x29:0xffffffe1  x7:0x00000000 x10=0x00000000
     460785.000 ns	     46077	80009830	20630353	fsgnj.s	f6,f6,f6	  f6:0x7fc00000  f6:0x7fc00000  f6=0x7fc00000
     460815.000 ns	     46080	80009834	29278253	fmin.s	f4,f15,f18	 f15:0x7fc00000 f18:0x7fc00000  f4=0x7fc00000
     460865.000 ns	     46085	80009838	0995b5d3	fsub.s	f11,f11,f25	 f11:0xceff8000 f25:0x7fc00000 f11=0x7fc00000
     460895.000 ns	     46088	8000983c	024e1ab3	mulh	x21,x28,x4	 x28:0x00000000  x4:0x81c8fc33 x21=0x00000000
     460925.000 ns	     46091	80009840	f0020253	fmv.w.x	f4,x4	  x4:0x81c8fc33  f4=0x81c8fc33
     460945.000 ns	     46093	80009844	4295b513	sltiu	x10,x11,1065	 x11:0x80000000 x10=0x00000000
     460955.000 ns	     46094	80009848	0061da13	srli	x20,x3,0x6	  x3:0xfa941020 x20=0x03ea5040
     460965.000 ns	     46095	8000984c	0124b0b3	sltu	x1,x9,x18	  x9:0x80040875 x18:0x80041024  x1=0x00000001
     460985.000 ns	     46097	80009850	a15198d3	flt.s	x17,f3,f21	  f3:0x7fc00000 f21:0x7fc00000 x17=0x00000000
     461005.000 ns	     46099	80009854	01c373b3	and	x7,x6,x28	  x6:0x00000000 x28:0x00000000  x7=0x00000000
     461045.000 ns	     46103	80009858	09bcae53	fsub.s	f28,f25,f27	 f25:0x7fc00000 f27:0xcefff7ef f28=0x7fc00000
     461065.000 ns	     46105	8000985c	91d49217	auipc	x4,0x91d49	  x4=0x11d5285c
     461105.000 ns	     46109	80009860	088d3353	fsub.s	f6,f26,f8	 f26:0x7fc00000  f8:0x7fc00000  f6=0x7fc00000
     461135.000 ns	     46112	80009864	0337fe33	remu	x28,x15,x19	 x15:0x00000000 x19:0x00000000 x28=0x00000000
     461165.000 ns	     46115	80009868	033a01b3	mul	x3,x20,x19	 x20:0x03ea5040 x19:0x00000000  x3=0x00000000
     461195.000 ns	     46118	8000986c	02f5a033	mulhsu	x0,x11,x15	 x11:0x80000000 x15:0x00000000
     461225.000 ns	     46121	80009870	e00509d3	fmv.x.w	x19,f10	 f10:0x7fc00000 x19=0x7fc00000
     461245.000 ns	     46123	80009874	00000013	addi	x0,x0,0	  x0:0x00000000
     461265.000 ns	     46125	80009878	a0f8a2d3	feq.s	x5,f17,f15	 f17:0x4c7ffffc f15:0x7fc00000  x5=0x00000000
     461285.000 ns	     46127	8000987c	0125d733	srl	x14,x11,x18	 x11:0x80000000 x18:0x80041024 x14=0x08000000
     461305.000 ns	     46129	80009880	d01a7153	fcvt.s.wu	f2,x20	 x20:0x03ea5040  f2=0x4c7a9410
     461335.000 ns	     46132	80009884	21031b53	fsgnjn.s	f22,f6,f16	  f6:0x7fc00000 f16:0x7fc00000 f22=0xffc00000
     461375.000 ns	     46136	80009888	193478d3	fdiv.s	f17,f8,f19	  f8:0x7fc00000 f19:0x7fc00000 f17=0x7fc00000
     461405.000 ns	     46139	8000988c	a0d01353	flt.s	x6,f0,f13	  f0:0xffc00000 f13:0x7fc00000  x6=0x00000000
     461435.000 ns	     46142	80009890	e0099d53	fclass.s	x26,f19	 f19:0x7fc00000 x26=0x00000200
     461475.000 ns	     46146	80009894	5803b153	fsqrt.s	f2,f7	  f7:0x7fc00000  f2=0x7fc00000
     461505.000 ns	     46149	80009898	204b2fd3	fsgnjx.s	f31,f22,f4	 f22:0xffc00000  f4:0x81c8fc33 f31=0x7fc00000
     461535.000 ns	     46152	8000989c	03e70c33	mul	x24,x14,x30	 x14:0x08000000 x30:0x00000000 x24=0x00000000
     461565.000 ns	     46155	800098a0	e00c1ed3	fclass.s	x29,f24	 f24:0x7fc00000 x29=0x00000200
     461585.000 ns	     46157	800098a4	d15aec93	ori	x25,x21,-747	 x21:0x00000000 x25=0xfffffd15
     461615.000 ns	     46160	800098a8	58027dd3	fsqrt.s	f27,f4	  f4:0x81c8fc33 f27=0x7fc00000
     461635.000 ns	     46162	800098ac	010060b3	or	x1,x0,x16	  x0:0x00000000 x16:0xffffffff  x1=0xffffffff
     461645.000 ns	     46163	800098b0	04c1e293	ori	x5,x3,76	  x3:0x00000000  x5=0x0000004c
     461665.000 ns	     46165	800098b4	28c49753	fmax.s	f14,f9,f12	  f9:0x7fc00000 f12:0x4c7ffffc f14=0x4c7ffffc
     461695.000 ns	     46168	800098b8	203104d3	fsgnj.s	f9,f2,f3	  f2:0x7fc00000  f3:0x7fc00000  f9=0x7fc00000
     461715.000 ns	     46170	800098bc	015f86b3	add	x13,x31,x21	 x31:0x00000001 x21:0x00000000 x13=0x00000001
     461735.000 ns	     46172	800098c0	03718533	mul	x10,x3,x23	  x3:0x00000000 x23:0x81c8fc33 x10=0x00000000
     461765.000 ns	     46175	800098c4	034188b3	mul	x17,x3,x20	  x3:0x00000000 x20:0x03ea5040 x17=0x00000000
     461795.000 ns	     46178	800098c8	c01278d3	fcvt.wu.s	x17,f4	  f4:0x81c8fc33 x17=0x00000000
     461815.000 ns	     46180	800098cc	2842d1b7	lui	x3,0x2842d	  x3=0x2842d000
     461825.000 ns	     46181	800098d0	d5390993	addi	x19,x18,-685	 x18:0x80041024 x19=0x80040d77
     461835.000 ns	     46182	800098d4	a4c32e93	slti	x29,x6,-1460	  x6:0x00000000 x29=0x00000000
     462195.000 ns	     46218	800098d8	021dd933	divu	x18,x27,x1	 x27:0x00000000  x1:0xffffffff x18=0x00000000
     462225.000 ns	     46221	800098dc	e00a1a53	fclass.s	x20,f20	 f20:0xffc00000 x20=0x00000200
     462245.000 ns	     46223	800098e0	b2f20a93	addi	x21,x4,-1233	  x4:0x11d5285c x21=0x11d5238b
     462265.000 ns	     46225	800098e4	036321b3	mulhsu	x3,x6,x22	  x6:0x00000000 x22:0x80041024  x3=0x00000000
     462285.000 ns	     46227	800098e8	41a357b3	sra	x15,x6,x26	  x6:0x00000000 x26:0x00000200 x15=0x00000000
     462295.000 ns	     46228	800098ec	fbcba413	slti	x8,x23,-68	 x23:0x81c8fc33  x8=0x00000001
     462335.000 ns	     46232	800098f0	01d59b53	fadd.s	f22,f11,f29	 f11:0x7fc00000 f29:0x4c7ffffc f22=0x7fc00000
     462365.000 ns	     46235	800098f4	20049ad3	fsgnjn.s	f21,f9,f0	  f9:0x7fc00000  f0:0xffc00000 f21=0x7fc00000
     462385.000 ns	     46237	800098f8	00000013	addi	x0,x0,0	  x0:0x00000000
     462395.000 ns	     46238	800098fc	b4aec813	xori	x16,x29,-1206	 x29:0x00000000 x16=0xfffffb4a
     462405.000 ns	     46239	80009900	406ed693	srai	x13,x29,0x6	 x29:0x00000000 x13=0x00000000
     462425.000 ns	     46241	80009904	28f01b53	fmax.s	f22,f0,f15	  f0:0xffc00000 f15:0x7fc00000 f22=0x7fc00000
     462455.000 ns	     46244	80009908	a13803d3	fle.s	x7,f16,f19	 f16:0x7fc00000 f19:0x7fc00000  x7=0x00000000
     462475.000 ns	     46246	8000990c	00e7b033	sltu	x0,x15,x14	 x15:0x00000000 x14:0x08000000
     462495.000 ns	     46248	80009910	027143b3	div	x7,x2,x7	  x2:0x80040fe4  x7:0x00000000  x7=0xffffffff
     462515.000 ns	     46250	80009914	01829633	sll	x12,x5,x24	  x5:0x0000004c x24:0x00000000 x12=0x0000004c
     462535.000 ns	     46252	80009918	21312553	fsgnjx.s	f10,f2,f19	  f2:0x7fc00000 f19:0x7fc00000 f10=0x7fc00000
     462555.000 ns	     46254	8000991c	409a8033	sub	x0,x21,x9	 x21:0x11d5238b  x9:0x80040875
     462595.000 ns	     46258	80009920	09402e53	fsub.s	f28,f0,f20	  f0:0xffc00000 f20:0xffc00000 f28=0x7fc00000
     462625.000 ns	     46261	80009924	f00d8dd3	fmv.w.x	f27,x27	 x27:0x00000000 f27=0x00000000
     462645.000 ns	     46263	80009928	1e9a0e93	addi	x29,x20,489	 x20:0x00000200 x29=0x000003e9
     462665.000 ns	     46265	8000992c	03d70ab3	mul	x21,x14,x29	 x14:0x08000000 x29:0x00000000 x21=0x48000000
     463035.000 ns	     46302	80009930	0344ebb3	rem	x23,x9,x20	  x9:0x80040875 x20:0x00000200 x23=0xfffffe75
     463065.000 ns	     46305	80009934	28441ed3	fmax.s	f29,f8,f4	  f8:0x7fc00000  f4:0x81c8fc33 f29=0x81c8fc33
     463095.000 ns	     46308	80009938	e0009653	fclass.s	x12,f1	  f1:0x7fc00000 x12=0x00000200
     463125.000 ns	     46311	8000993c	02c91733	mulh	x14,x18,x12	 x18:0x00000000 x12:0x0000004c x14=0x00000000
     463145.000 ns	     46313	80009940	00439433	sll	x8,x7,x4	  x7:0xffffffff  x4:0x11d5285c  x8=0xf0000000
     463165.000 ns	     46315	80009944	212d0cd3	fsgnj.s	f25,f26,f18	 f26:0x7fc00000 f18:0x7fc00000 f25=0x7fc00000
     463185.000 ns	     46317	80009948	015e7ab3	and	x21,x28,x21	 x28:0x00000000 x21:0x48000000 x21=0x00000000
     463195.000 ns	     46318	8000994c	52e1ae13	slti	x28,x3,1326	  x3:0x00000000 x28=0x00000001
     463205.000 ns	     46319	80009950	08e42893	slti	x17,x8,142	  x8:0xf0000000 x17=0x00000001
     463215.000 ns	     46320	80009954	00c74c33	xor	x24,x14,x12	 x14:0x00000000 x12:0x00000200 x24=0x00000200
     463225.000 ns	     46321	80009958	00a069b3	or	x19,x0,x10	  x0:0x00000000 x10:0x00000000 x19=0x00000000
     463255.000 ns	     46324	8000995c	580475d3	fsqrt.s	f11,f8	  f8:0x7fc00000 f11=0x7fc00000
     463275.000 ns	     46326	80009960	8e963393	sltiu	x7,x12,-1815	 x12:0x00000200  x7=0x00000001
     463295.000 ns	     46328	80009964	026f8833	mul	x16,x31,x6	 x31:0x00000001  x6:0x00000000 x16=0x00000000
     463325.000 ns	     46331	80009968	03eab0b3	mulhu	x1,x21,x30	 x21:0x00000000 x30:0x00000000  x1=0x00000000
     463345.000 ns	     46333	8000996c	00b5a333	slt	x6,x11,x11	 x11:0x80000000 x11:0x80000000  x6=0x00000000
     463365.000 ns	     46335	80009970	291308d3	fmin.s	f17,f6,f17	  f6:0x7fc00000 f17:0x7fc00000 f17=0x7fc00000
     463735.000 ns	     46372	80009974	02297933	remu	x18,x18,x2	 x18:0x00000000  x2:0x80040fe4 x18=0x00000000
     463755.000 ns	     46374	80009978	014fb933	sltu	x18,x31,x20	 x31:0x00000001 x20:0x00000200 x18=0x00000001
     463765.000 ns	     46375	8000997c	405b0e33	sub	x28,x22,x5	 x22:0x80041024  x5:0x0000004c x28=0x80040fd8
     463775.000 ns	     46376	80009980	00dedc13	srli	x24,x29,0xd	 x29:0x000003e9 x24=0x00000000
     463785.000 ns	     46377	80009984	01a241b3	xor	x3,x4,x26	  x4:0x11d5285c x26:0x00000200  x3=0x11d52a5c
     463805.000 ns	     46379	80009988	20ee8853	fsgnj.s	f16,f29,f14	 f29:0x81c8fc33 f14:0x4c7ffffc f16=0x01c8fc33
     463825.000 ns	     46381	8000998c	ebd76f13	ori	x30,x14,-323	 x14:0x00000000 x30=0xfffffebd
     463845.000 ns	     46383	80009990	0384ccb3	div	x25,x9,x24	  x9:0x80040875 x24:0x00000000 x25=0xffffffff
     463865.000 ns	     46385	80009994	00db3bb3	sltu	x23,x22,x13	 x22:0x80041024 x13:0x00000000 x23=0x00000000
     464225.000 ns	     46421	80009998	023bd7b3	divu	x15,x23,x3	 x23:0xfffffe75  x3:0x11d52a5c x15=0x00000000
     464255.000 ns	     46424	8000999c	204807d3	fsgnj.s	f15,f16,f4	 f16:0x01c8fc33  f4:0x81c8fc33 f15=0x81c8fc33
     464275.000 ns	     46426	800099a0	00a85793	srli	x15,x16,0xa	 x16:0x00000000 x15=0x00000000
     464295.000 ns	     46428	800099a4	d01474d3	fcvt.s.wu	f9,x8	  x8:0xf0000000  f9=0x4f700000
     464665.000 ns	     46465	800099a8	03a07933	remu	x18,x0,x26	  x0:0x00000000 x26:0x00000200 x18=0x00000000
     464705.000 ns	     46469	800099ac	580073d3	fsqrt.s	f7,f0	  f0:0xffc00000  f7=0x7fc00000
     465075.000 ns	     46506	800099b0	03fd7eb3	remu	x29,x26,x31	 x26:0x00000200 x31:0x00000001 x29=0x00000000
     465105.000 ns	     46509	800099b4	c01672d3	fcvt.wu.s	x5,f12	 f12:0x4c7ffffc  x5=0x03fffff0
     465125.000 ns	     46511	800099b8	007caeb3	slt	x29,x25,x7	 x25:0xffffffff  x7:0x00000001 x29=0x00000001
     465135.000 ns	     46512	800099bc	01b849b3	xor	x19,x16,x27	 x16:0x00000000 x27:0x00000000 x19=0x00000000
     465145.000 ns	     46513	800099c0	56a79017	auipc	x0,0x56a79	
     465155.000 ns	     46514	800099c4	00a2b033	sltu	x0,x5,x10	  x5:0x03fffff0 x10:0x00000000
     465175.000 ns	     46516	800099c8	03734033	div	x0,x6,x23	  x6:0x00000000 x23:0x00000000
     465205.000 ns	     46519	800099cc	d0137d53	fcvt.s.wu	f26,x6	  x6:0x00000000 f26=0x00000000
     465235.000 ns	     46522	800099d0	0381d233	divu	x4,x3,x24	  x3:0x11d52a5c x24:0x00000000  x4=0xffffffff
     465265.000 ns	     46525	800099d4	0370c533	div	x10,x1,x23	  x1:0x00000000 x23:0x00000000 x10=0xffffffff
     465285.000 ns	     46527	800099d8	00000013	addi	x0,x0,0	  x0:0x00000000
     465305.000 ns	     46529	800099dc	29700653	fmin.s	f12,f0,f23	  f0:0xffc00000 f23:0x7fc00000 f12=0x7fc00000
     465325.000 ns	     46531	800099e0	007e9893	slli	x17,x29,0x7	 x29:0x00000001 x17=0x00000080
     465355.000 ns	     46534	800099e4	19640953	fdiv.s	f18,f8,f22	  f8:0x7fc00000 f22:0x7fc00000 f18=0x7fc00000
     465385.000 ns	     46537	800099e8	289191d3	fmax.s	f3,f3,f9	  f3:0x7fc00000  f9:0x4f700000  f3=0x4f700000
     465755.000 ns	     46574	800099ec	034bddb3	divu	x27,x23,x20	 x23:0x00000000 x20:0x00000200 x27=0x00000000
     465785.000 ns	     46577	800099f0	28029ed3	fmax.s	f29,f5,f0	  f5:0x7fc00000  f0:0xffc00000 f29=0x7fc00000
     465805.000 ns	     46579	800099f4	6568ac93	slti	x25,x17,1622	 x17:0x00000080 x25=0x00000001
     465815.000 ns	     46580	800099f8	019084b3	add	x9,x1,x25	  x1:0x00000000 x25:0xffffffff  x9=0x00000001
     465825.000 ns	     46581	800099fc	00e81513	slli	x10,x16,0xe	 x16:0x00000000 x10=0x00000000
     465845.000 ns	     46583	80009a00	a1ac9fd3	flt.s	x31,f25,f26	 f25:0x7fc00000 f26:0x00000000 x31=0x00000000
     465875.000 ns	     46586	80009a04	03a98ab3	mul	x21,x19,x26	 x19:0x00000000 x26:0x00000200 x21=0x00000000
     465895.000 ns	     46588	80009a08	01a9ca33	xor	x20,x19,x26	 x19:0x00000000 x26:0x00000200 x20=0x00000200
     465905.000 ns	     46589	80009a0c	000cdc13	srli	x24,x25,0x0	 x25:0x00000001 x24=0x00000001
     465915.000 ns	     46590	80009a10	015c10b3	sll	x1,x24,x21	 x24:0x00000000 x21:0x00000000  x1=0x00000001
     465935.000 ns	     46592	80009a14	20671953	fsgnjn.s	f18,f14,f6	 f14:0x4c7ffffc  f6:0x7fc00000 f18=0xcc7ffffc
     466305.000 ns	     46629	80009a18	03e9c433	div	x8,x19,x30	 x19:0x00000000 x30:0xfffffebd  x8=0x00000000
     466325.000 ns	     46631	80009a1c	01fe74b3	and	x9,x28,x31	 x28:0x80040fd8 x31:0x00000000  x9=0x00000000
     466335.000 ns	     46632	80009a20	41c402b3	sub	x5,x8,x28	  x8:0x00000000 x28:0x80040fd8  x5=0x7ffbf028
     466345.000 ns	     46633	80009a24	01bc5993	srli	x19,x24,0x1b	 x24:0x00000001 x19=0x00000000
     466375.000 ns	     46636	80009a28	58051a53	fsqrt.s	f20,f10	 f10:0x7fc00000 f20=0x7fc00000
     466395.000 ns	     46638	80009a2c	41f25513	srai	x10,x4,0x1f	  x4:0xffffffff x10=0xffffffff
     466415.000 ns	     46640	80009a30	03725833	divu	x16,x4,x23	  x4:0xffffffff x23:0x00000000 x16=0xffffffff
     466445.000 ns	     46643	80009a34	03a4b333	mulhu	x6,x9,x26	  x9:0x00000000 x26:0x00000200  x6=0x00000000
     466465.000 ns	     46645	80009a38	01d12a33	slt	x20,x2,x29	  x2:0x80040fe4 x29:0x00000001 x20=0x00000001
     466475.000 ns	     46646	80009a3c	5a9ff413	andi	x8,x31,1449	 x31:0x00000000  x8=0x00000000
     466495.000 ns	     46648	80009a40	02590db3	mul	x27,x18,x5	 x18:0x00000000  x5:0x7ffbf028 x27=0x00000000
     466525.000 ns	     46651	80009a44	0200e433	rem	x8,x1,x0	  x1:0x00000001  x0:0x00000000  x8=0x00000001
     466545.000 ns	     46653	80009a48	0f886d13	ori	x26,x16,248	 x16:0xffffffff x26=0xffffffff
     466565.000 ns	     46655	80009a4c	28199353	fmax.s	f6,f19,f1	 f19:0x7fc00000  f1:0x7fc00000  f6=0x7fc00000
     466595.000 ns	     46658	80009a50	21851ad3	fsgnjn.s	f21,f10,f24	 f10:0x7fc00000 f24:0x7fc00000 f21=0xffc00000
     466615.000 ns	     46660	80009a54	002219b3	sll	x19,x4,x2	  x4:0xffffffff  x2:0x80040fe4 x19=0xfffffff0
     466625.000 ns	     46661	80009a58	004cddb3	srl	x27,x25,x4	 x25:0x00000001  x4:0xffffffff x27=0x00000000
     466645.000 ns	     46663	80009a5c	e0008353	fmv.x.w	x6,f1	  f1:0x7fc00000  x6=0x7fc00000
     466665.000 ns	     46665	80009a60	41730fb3	sub	x31,x6,x23	  x6:0x00000000 x23:0x00000000 x31=0x7fc00000
     466685.000 ns	     46667	80009a64	0202fa33	remu	x20,x5,x0	  x5:0x7ffbf028  x0:0x00000000 x20=0x7ffbf028
     466715.000 ns	     46670	80009a68	035c47b3	div	x15,x24,x21	 x24:0x00000001 x21:0x00000000 x15=0xffffffff
     466745.000 ns	     46673	80009a6c	29788d53	fmin.s	f26,f17,f23	 f17:0x7fc00000 f23:0x7fc00000 f26=0x7fc00000
     466775.000 ns	     46676	80009a70	035c8933	mul	x18,x25,x21	 x25:0x00000001 x21:0x00000000 x18=0x00000000
     466795.000 ns	     46678	80009a74	00000013	addi	x0,x0,0	  x0:0x00000000
     466805.000 ns	     46679	80009a78	00e626b3	slt	x13,x12,x14	 x12:0x00000200 x14:0x00000000 x13=0x00000000
     466825.000 ns	     46681	80009a7c	28ff1fd3	fmax.s	f31,f30,f15	 f30:0x7fc00000 f15:0x81c8fc33 f31=0x81c8fc33
     466865.000 ns	     46685	80009a80	11d97c53	fmul.s	f24,f18,f29	 f18:0xcc7ffffc f29:0x7fc00000 f24=0x7fc00000
     466895.000 ns	     46688	80009a84	28460353	fmin.s	f6,f12,f4	 f12:0x7fc00000  f4:0x81c8fc33  f6=0x81c8fc33
     466915.000 ns	     46690	80009a88	fc74b513	sltiu	x10,x9,-57	  x9:0x00000000 x10=0x00000001
     466925.000 ns	     46691	80009a8c	eb3c2b93	slti	x23,x24,-333	 x24:0x00000001 x23=0x00000000
     466965.000 ns	     46695	80009a90	018570d3	fadd.s	f1,f10,f24	 f10:0x7fc00000 f24:0x7fc00000  f1=0x7fc00000
     466985.000 ns	     46697	80009a94	169ec793	xori	x15,x29,361	 x29:0x00000001 x15=0x00000168
     467015.000 ns	     46700	80009a98	5807b253	fsqrt.s	f4,f15	 f15:0x81c8fc33  f4=0x7fc00000
     467045.000 ns	     46703	80009a9c	a0b68fd3	fle.s	x31,f13,f11	 f13:0x7fc00000 f11:0x7fc00000 x31=0x00000000
     467075.000 ns	     46706	80009aa0	a0088dd3	fle.s	x27,f17,f0	 f17:0x7fc00000  f0:0xffc00000 x27=0x00000000
     467115.000 ns	     46710	80009aa4	5803fc53	fsqrt.s	f24,f7	  f7:0x7fc00000 f24=0x7fc00000
     467145.000 ns	     46713	80009aa8	a0ad8cd3	fle.s	x25,f27,f10	 f27:0x00000000 f10:0x7fc00000 x25=0x00000000
     467165.000 ns	     46715	80009aac	3e980613	addi	x12,x16,1001	 x16:0xffffffff x12=0x000003e8
     467175.000 ns	     46716	80009ab0	009091b3	sll	x3,x1,x9	  x1:0x00000001  x9:0x00000000  x3=0x00000001
     467195.000 ns	     46718	80009ab4	03e096b3	mulh	x13,x1,x30	  x1:0x00000001 x30:0xfffffebd x13=0xffffffff
     467215.000 ns	     46720	80009ab8	3146fa93	andi	x21,x13,788	 x13:0x00000000 x21=0x00000314
     467255.000 ns	     46724	80009abc	09a97a53	fsub.s	f20,f18,f26	 f18:0xcc7ffffc f26:0x7fc00000 f20=0x7fc00000
     467285.000 ns	     46727	80009ac0	e0021dd3	fclass.s	x27,f4	  f4:0x7fc00000 x27=0x00000200
     467305.000 ns	     46729	80009ac4	40a65513	srai	x10,x12,0xa	 x12:0x000003e8 x10=0x00000000
     467315.000 ns	     46730	80009ac8	0015aab3	slt	x21,x11,x1	 x11:0x80000000  x1:0x00000001 x21=0x00000001
     467335.000 ns	     46732	80009acc	e00c11d3	fclass.s	x3,f24	 f24:0x7fc00000  x3=0x00000200
     467375.000 ns	     46736	80009ad0	10bcf1d3	fmul.s	f3,f25,f11	 f25:0x7fc00000 f11:0x7fc00000  f3=0x7fc00000
     467405.000 ns	     46739	80009ad4	28da1fd3	fmax.s	f31,f20,f13	 f20:0x7fc00000 f13:0x7fc00000 f31=0x7fc00000
     467435.000 ns	     46742	80009ad8	20499bd3	fsgnjn.s	f23,f19,f4	 f19:0x7fc00000  f4:0x7fc00000 f23=0xffc00000
     467455.000 ns	     46744	80009adc	00000013	addi	x0,x0,0	  x0:0x00000000
     467475.000 ns	     46746	80009ae0	d00111d3	fcvt.s.w	f3,x2	  x2:0x80040fe4  f3=0xcefff7e0
     467495.000 ns	     46748	80009ae4	015e3e33	sltu	x28,x28,x21	 x28:0x80040fd8 x21:0x00000001 x28=0x00000000
     467505.000 ns	     46749	80009ae8	4c1d4613	xori	x12,x26,1217	 x26:0xffffffff x12=0xfffffb3e
     467515.000 ns	     46750	80009aec	cb608193	addi	x3,x1,-842	  x1:0x00000001  x3=0xfffffcb7
     467535.000 ns	     46752	80009af0	a1e0a4d3	feq.s	x9,f1,f30	  f1:0x7fc00000 f30:0x7fc00000  x9=0x00000000
     467555.000 ns	     46754	80009af4	55ac6e93	ori	x29,x24,1370	 x24:0x00000001 x29=0x0000055b
     467575.000 ns	     46756	80009af8	297f92d3	fmax.s	f5,f31,f23	 f31:0x7fc00000 f23:0xffc00000  f5=0x7fc00000
     467595.000 ns	     46758	80009afc	01929513	slli	x10,x5,0x19	  x5:0x7ffbf028 x10=0x50000000
     467615.000 ns	     46760	80009b00	28959153	fmax.s	f2,f11,f9	 f11:0x7fc00000  f9:0x4f700000  f2=0x4f700000
     467985.000 ns	     46797	80009b04	03105f33	divu	x30,x0,x17	  x0:0x00000000 x17:0x00000080 x30=0x00000000
     468035.000 ns	     46802	80009b08	09b8bd53	fsub.s	f26,f17,f27	 f17:0x7fc00000 f27:0x00000000 f26=0x7fc00000
     468405.000 ns	     46839	80009b0c	03516ab3	rem	x21,x2,x21	  x2:0x80040fe4 x21:0x00000001 x21=0x00000000
     468435.000 ns	     46842	80009b10	a063aad3	feq.s	x21,f7,f6	  f7:0x7fc00000  f6:0x81c8fc33 x21=0x00000000
     468465.000 ns	     46845	80009b14	024c02b3	mul	x5,x24,x4	 x24:0x00000001  x4:0xffffffff  x5=0xffffffff
     468485.000 ns	     46847	80009b18	006fae33	slt	x28,x31,x6	 x31:0x00000000  x6:0x7fc00000 x28=0x00000001
     468505.000 ns	     46849	80009b1c	c01e7353	fcvt.wu.s	x6,f28	 f28:0x7fc00000  x6=0xffffffff
     468525.000 ns	     46851	80009b20	f13dbd93	sltiu	x27,x27,-237	 x27:0x00000200 x27=0x00000001
     468535.000 ns	     46852	80009b24	00e557b3	srl	x15,x10,x14	 x10:0x50000000 x14:0x00000000 x15=0x50000000
     468545.000 ns	     46853	80009b28	098bea13	ori	x20,x23,152	 x23:0x00000000 x20=0x00000098
     468555.000 ns	     46854	80009b2c	01b8d893	srli	x17,x17,0x1b	 x17:0x00000080 x17=0x00000000
     468575.000 ns	     46856	80009b30	c010b4d3	fcvt.wu.s	x9,f1	  f1:0x7fc00000  x9=0xffffffff
     468605.000 ns	     46859	80009b34	292201d3	fmin.s	f3,f4,f18	  f4:0x7fc00000 f18:0xcc7ffffc  f3=0xcc7ffffc
     468625.000 ns	     46861	80009b38	01c50233	add	x4,x10,x28	 x10:0x50000000 x28:0x00000001  x4=0x50000001
     468635.000 ns	     46862	80009b3c	04974993	xori	x19,x14,73	 x14:0x00000000 x19=0x00000049
     468655.000 ns	     46864	80009b40	f00009d3	fmv.w.x	f19,x0	  x0:0x00000000 f19=0x00000000
     468685.000 ns	     46867	80009b44	03e15e33	divu	x28,x2,x30	  x2:0x80040fe4 x30:0x00000000 x28=0xffffffff
     468715.000 ns	     46870	80009b48	21b92853	fsgnjx.s	f16,f18,f27	 f18:0xcc7ffffc f27:0x00000000 f16=0xcc7ffffc
     468735.000 ns	     46872	80009b4c	00000013	addi	x0,x0,0	  x0:0x00000000
     468745.000 ns	     46873	80009b50	00000013	addi	x0,x0,0	  x0:0x00000000
     468755.000 ns	     46874	80009b54	7613e313	ori	x6,x7,1889	  x7:0x00000001  x6=0x00000761
     468795.000 ns	     46878	80009b58	003ef2d3	fadd.s	f5,f29,f3	 f29:0x7fc00000  f3:0xcc7ffffc  f5=0x7fc00000
     468815.000 ns	     46880	80009b5c	4526c413	xori	x8,x13,1106	 x13:0xffffffff  x8=0xfffffbad
     468835.000 ns	     46882	80009b60	d01af9d3	fcvt.s.wu	f19,x21	 x21:0x00000000 f19=0x00000000
     468855.000 ns	     46884	80009b64	00613e33	sltu	x28,x2,x6	  x2:0x80040fe4  x6:0x00000761 x28=0x00000000
     468865.000 ns	     46885	80009b68	01081f13	slli	x30,x16,0x10	 x16:0xffffffff x30=0xffff0000
     468875.000 ns	     46886	80009b6c	9625c613	xori	x12,x11,-1694	 x11:0x80000000 x12=0x7ffff962
     468885.000 ns	     46887	80009b70	bab88d13	addi	x26,x17,-1109	 x17:0x00000000 x26=0xfffffbab
     468895.000 ns	     46888	80009b74	83942793	slti	x15,x8,-1991	  x8:0xfffffbad x15=0x00000000
     468905.000 ns	     46889	80009b78	a7e8ce13	xori	x28,x17,-1410	 x17:0x00000000 x28=0xfffffa7e
     468925.000 ns	     46891	80009b7c	c0167e53	fcvt.wu.s	x28,f12	 f12:0x7fc00000 x28=0xffffffff
     468965.000 ns	     46895	80009b80	19ee9dd3	fdiv.s	f27,f29,f30	 f29:0x7fc00000 f30:0x7fc00000 f27=0x7fc00000
     468995.000 ns	     46898	80009b84	28fc1853	fmax.s	f16,f24,f15	 f24:0x7fc00000 f15:0x81c8fc33 f16=0x81c8fc33
     469025.000 ns	     46901	80009b88	e0080c53	fmv.x.w	x24,f16	 f16:0xcc7ffffc x24=0x81c8fc33
     469045.000 ns	     46903	80009b8c	40f68033	sub	x0,x13,x15	 x13:0xffffffff x15:0x00000000
     469055.000 ns	     46904	80009b90	00372a33	slt	x20,x14,x3	 x14:0x00000000  x3:0xfffffcb7 x20=0x00000000
     469065.000 ns	     46905	80009b94	01b09533	sll	x10,x1,x27	  x1:0x00000001 x27:0x00000001 x10=0x00000002
     469085.000 ns	     46907	80009b98	e0038d53	fmv.x.w	x26,f7	  f7:0x7fc00000 x26=0x7fc00000
     469115.000 ns	     46910	80009b9c	a0761553	flt.s	x10,f12,f7	 f12:0x7fc00000  f7:0x7fc00000 x10=0x00000000
     469485.000 ns	     46947	80009ba0	03e14533	div	x10,x2,x30	  x2:0x80040fe4 x30:0xffff0000 x10=0x00007ffb
     469505.000 ns	     46949	80009ba4	d80f0a97	auipc	x21,0xd80f0	 x21=0x580f9ba4
     469525.000 ns	     46951	80009ba8	d006fad3	fcvt.s.w	f21,x13	 x13:0xffffffff f21=0xbf800000
     469545.000 ns	     46953	80009bac	40365b93	srai	x23,x12,0x3	 x12:0x7ffff962 x23=0x0fffff2c
     469565.000 ns	     46955	80009bb0	21bf0853	fsgnj.s	f16,f30,f27	 f30:0x7fc00000 f27:0x7fc00000 f16=0x7fc00000
     469595.000 ns	     46958	80009bb4	c0128d53	fcvt.wu.s	x26,f5	  f5:0x7fc00000 x26=0xffffffff
     469645.000 ns	     46963	80009bb8	002326d3	fadd.s	f13,f6,f2	  f6:0x81c8fc33  f2:0x4f700000 f13=0x4f700000
     469665.000 ns	     46965	80009bbc	b0fcae93	slti	x29,x25,-1265	 x25:0x00000000 x29=0x00000000
     469675.000 ns	     46966	80009bc0	012d5613	srli	x12,x26,0x12	 x26:0xffffffff x12=0x00003fff
     469685.000 ns	     46967	80009bc4	01c7aeb3	slt	x29,x15,x28	 x15:0x00000000 x28:0xffffffff x29=0x00000000
     469695.000 ns	     46968	80009bc8	e3f00293	addi	x5,x0,-449	  x0:0x00000000  x5=0xfffffe3f
     469715.000 ns	     46970	80009bcc	a1992e53	feq.s	x28,f18,f25	 f18:0xcc7ffffc f25:0x7fc00000 x28=0x00000000
     469765.000 ns	     46975	80009bd0	09083ad3	fsub.s	f21,f16,f16	 f16:0x7fc00000 f16:0x7fc00000 f21=0x7fc00000
     469785.000 ns	     46977	80009bd4	00366533	or	x10,x12,x3	 x12:0x00003fff  x3:0xfffffcb7 x10=0xffffffff
     469795.000 ns	     46978	80009bd8	00000013	addi	x0,x0,0	  x0:0x00000000
     469805.000 ns	     46979	80009bdc	aff28913	addi	x18,x5,-1281	  x5:0xfffffe3f x18=0xfffff93e
     469825.000 ns	     46981	80009be0	a0811953	flt.s	x18,f2,f8	  f2:0x4f700000  f8:0x7fc00000 x18=0x00000000
     469845.000 ns	     46983	80009be4	00000013	addi	x0,x0,0	  x0:0x00000000
     469875.000 ns	     46986	80009be8	5807f653	fsqrt.s	f12,f15	 f15:0x81c8fc33 f12=0x7fc00000
     469895.000 ns	     46988	80009bec	00000013	addi	x0,x0,0	  x0:0x00000000
     469915.000 ns	     46990	80009bf0	21049653	fsgnjn.s	f12,f9,f16	  f9:0x4f700000 f16:0x7fc00000 f12=0xcf700000
     469945.000 ns	     46993	80009bf4	28df9a53	fmax.s	f20,f31,f13	 f31:0x7fc00000 f13:0x4f700000 f20=0x4f700000
     469975.000 ns	     46996	80009bf8	03358f33	mul	x30,x11,x19	 x11:0x80000000 x19:0x00000049 x30=0x80000000
     469995.000 ns	     46998	80009bfc	74822d13	slti	x26,x4,1864	  x4:0x50000001 x26=0x00000000
     470015.000 ns	     47000	80009c00	0389be33	mulhu	x28,x19,x24	 x19:0x00000049 x24:0x81c8fc33 x28=0x00000025
     470035.000 ns	     47002	80009c04	0045d013	srli	x0,x11,0x4	 x11:0x80000000
     470055.000 ns	     47004	80009c08	21cb1053	fsgnjn.s	f0,f22,f28	 f22:0x7fc00000 f28:0x7fc00000  f0=0xffc00000
     470095.000 ns	     47008	80009c0c	5800b453	fsqrt.s	f8,f1	  f1:0x7fc00000  f8=0x7fc00000
     470115.000 ns	     47010	80009c10	27b2e313	ori	x6,x5,635	  x5:0xfffffe3f  x6=0xfffffe7f
     470125.000 ns	     47011	80009c14	01d51e93	slli	x29,x10,0x1d	 x10:0xffffffff x29=0xe0000000
     470135.000 ns	     47012	80009c18	3cabcf93	xori	x31,x23,970	 x23:0x0fffff2c x31=0x0ffffce6
     470495.000 ns	     47048	80009c1c	03b46f33	rem	x30,x8,x27	  x8:0xfffffbad x27:0x00000001 x30=0x00000000
     470525.000 ns	     47051	80009c20	284014d3	fmax.s	f9,f0,f4	  f0:0xffc00000  f4:0x7fc00000  f9=0x7fc00000
     470565.000 ns	     47055	80009c24	119d1e53	fmul.s	f28,f26,f25	 f26:0x7fc00000 f25:0x7fc00000 f28=0x7fc00000
     470585.000 ns	     47057	80009c28	8c693897	auipc	x17,0x8c693	 x17=0x0c69cc28
     470605.000 ns	     47059	80009c2c	f00d00d3	fmv.w.x	f1,x26	 x26:0x00000000  f1=0x00000000
     470635.000 ns	     47062	80009c30	28b212d3	fmax.s	f5,f4,f11	  f4:0x7fc00000 f11:0x7fc00000  f5=0x7fc00000
     470665.000 ns	     47065	80009c34	c00dc653	fcvt.w.s	x12,f27	 f27:0x7fc00000 x12=0x7fffffff
     470685.000 ns	     47067	80009c38	8307a313	slti	x6,x15,-2000	 x15:0x00000000  x6=0x00000000
     470695.000 ns	     47068	80009c3c	01689613	slli	x12,x17,0x16	 x17:0x0c69cc28 x12=0x0a000000
     470715.000 ns	     47070	80009c40	02e1cab3	div	x21,x3,x14	  x3:0xfffffcb7 x14:0x00000000 x21=0xffffffff
     470745.000 ns	     47073	80009c44	21e68ed3	fsgnj.s	f29,f13,f30	 f13:0x4f700000 f30:0x7fc00000 f29=0x4f700000
     470775.000 ns	     47076	80009c48	202a0653	fsgnj.s	f12,f20,f2	 f20:0x4f700000  f2:0x4f700000 f12=0x4f700000
     470795.000 ns	     47078	80009c4c	01f98633	add	x12,x19,x31	 x19:0x00000049 x31:0x0ffffce6 x12=0x0ffffd2f
     470805.000 ns	     47079	80009c50	415f5613	srai	x12,x30,0x15	 x30:0x00000000 x12=0x00000000
     470815.000 ns	     47080	80009c54	015069b3	or	x19,x0,x21	  x0:0x00000000 x21:0xffffffff x19=0xffffffff
     470835.000 ns	     47082	80009c58	21d2ad53	fsgnjx.s	f26,f5,f29	  f5:0x7fc00000 f29:0x4f700000 f26=0x7fc00000
     470875.000 ns	     47086	80009c5c	580ffc53	fsqrt.s	f24,f31	 f31:0x7fc00000 f24=0x7fc00000
     470905.000 ns	     47089	80009c60	29b89ad3	fmax.s	f21,f17,f27	 f17:0x7fc00000 f27:0x7fc00000 f21=0x7fc00000
     470935.000 ns	     47092	80009c64	a16c8f53	fle.s	x30,f25,f22	 f25:0x7fc00000 f22:0x7fc00000 x30=0x00000000
     470955.000 ns	     47094	80009c68	005754b3	srl	x9,x14,x5	 x14:0x00000000  x5:0xfffffe3f  x9=0x00000000
     470975.000 ns	     47096	80009c6c	e00b0053	fmv.x.w	x0,f22	 f22:0x7fc00000
     471005.000 ns	     47099	80009c70	c0024653	fcvt.w.s	x12,f4	  f4:0x7fc00000 x12=0x7fffffff
     471025.000 ns	     47101	80009c74	5f1a6293	ori	x5,x20,1521	 x20:0x00000000  x5=0x000005f1
     471065.000 ns	     47105	80009c78	006382d3	fadd.s	f5,f7,f6	  f7:0x7fc00000  f6:0x81c8fc33  f5=0x7fc00000
     471095.000 ns	     47108	80009c7c	29c59c53	fmax.s	f24,f11,f28	 f11:0x7fc00000 f28:0x7fc00000 f24=0x7fc00000
     471125.000 ns	     47111	80009c80	288c9a53	fmax.s	f20,f25,f8	 f25:0x7fc00000  f8:0x7fc00000 f20=0x7fc00000
     471155.000 ns	     47114	80009c84	a1d2a4d3	feq.s	x9,f5,f29	  f5:0x7fc00000 f29:0x4f700000  x9=0x00000000
     471195.000 ns	     47118	80009c88	19d49c53	fdiv.s	f24,f9,f29	  f9:0x7fc00000 f29:0x4f700000 f24=0x7fc00000
     471235.000 ns	     47122	80009c8c	580c19d3	fsqrt.s	f19,f24	 f24:0x7fc00000 f19=0x7fc00000
     471255.000 ns	     47124	80009c90	019a5bb3	srl	x23,x20,x25	 x20:0x00000000 x25:0x00000000 x23=0x00000000
     471275.000 ns	     47126	80009c94	c01046d3	fcvt.wu.s	x13,f0	  f0:0xffc00000 x13=0xffffffff
     471645.000 ns	     47163	80009c98	02d4e933	rem	x18,x9,x13	  x9:0x00000000 x13:0xffffffff x18=0x00000000
     471665.000 ns	     47165	80009c9c	016d1633	sll	x12,x26,x22	 x26:0x00000000 x22:0x80041024 x12=0x00000000
     472025.000 ns	     47201	80009ca0	03d1d4b3	divu	x9,x3,x29	  x3:0xfffffcb7 x29:0xe0000000  x9=0x00000001
     472055.000 ns	     47204	80009ca4	c005f553	fcvt.w.s	x10,f11	 f11:0x7fc00000 x10=0x7fffffff
     472075.000 ns	     47206	80009ca8	c7a72f37	lui	x30,0xc7a72	 x30=0xc7a72000
     472115.000 ns	     47210	80009cac	00392ed3	fadd.s	f29,f18,f3	 f18:0xcc7ffffc  f3:0xcc7ffffc f29=0xccfffffc
     472145.000 ns	     47213	80009cb0	28eb12d3	fmax.s	f5,f22,f14	 f22:0x7fc00000 f14:0x4c7ffffc  f5=0x4c7ffffc
     472165.000 ns	     47215	80009cb4	792bec13	ori	x24,x23,1938	 x23:0x00000000 x24=0x00000792
     472185.000 ns	     47217	80009cb8	021d2633	mulhsu	x12,x26,x1	 x26:0x00000000  x1:0x00000001 x12=0x00000000
     472205.000 ns	     47219	80009cbc	00450eb3	add	x29,x10,x4	 x10:0x7fffffff  x4:0x50000001 x29=0xd0000000
     472225.000 ns	     47221	80009cc0	c00eb053	fcvt.w.s	x0,f29	 f29:0xccfffffc
     472245.000 ns	     47223	80009cc4	00aac1b3	xor	x3,x21,x10	 x21:0xffffffff x10:0x7fffffff  x3=0x80000000
     472255.000 ns	     47224	80009cc8	49c8a013	slti	x0,x17,1180	 x17:0x0c69cc28
     472265.000 ns	     47225	80009ccc	0104beb3	sltu	x29,x9,x16	  x9:0x00000001 x16:0xffffffff x29=0x00000001
     472275.000 ns	     47226	80009cd0	40418f33	sub	x30,x3,x4	  x3:0x80000000  x4:0x50000001 x30=0x2fffffff
     472295.000 ns	     47228	80009cd4	c0073253	fcvt.w.s	x4,f14	 f14:0x4c7ffffc  x4=0x03fffff0
     472325.000 ns	     47231	80009cd8	a10387d3	fle.s	x15,f7,f16	  f7:0x7fc00000 f16:0x7fc00000 x15=0x00000000
     472345.000 ns	     47233	80009cdc	004c01b3	add	x3,x24,x4	 x24:0x00000792  x4:0x03fffff0  x3=0x04000782
     472365.000 ns	     47235	80009ce0	a07604d3	fle.s	x9,f12,f7	 f12:0x4f700000  f7:0x7fc00000  x9=0x00000000
     472385.000 ns	     47237	80009ce4	00f01c93	slli	x25,x0,0xf	  x0:0x00000000 x25=0x00000000
     472395.000 ns	     47238	80009ce8	a5ca0c13	addi	x24,x20,-1444	 x20:0x00000000 x24=0xfffffa5c
     472415.000 ns	     47240	80009cec	03297433	remu	x8,x18,x18	 x18:0x00000000 x18:0x00000000  x8=0x00000000
     472435.000 ns	     47242	80009cf0	a60cef93	ori	x31,x25,-1440	 x25:0x00000000 x31=0xfffffa60
     472445.000 ns	     47243	80009cf4	004398b3	sll	x17,x7,x4	  x7:0x00000001  x4:0x03fffff0 x17=0x00010000
     472455.000 ns	     47244	80009cf8	74cf2c13	slti	x24,x30,1868	 x30:0x2fffffff x24=0x00000000
     472465.000 ns	     47245	80009cfc	01f25493	srli	x9,x4,0x1f	  x4:0x03fffff0  x9=0x00000000
     472475.000 ns	     47246	80009d00	00000013	addi	x0,x0,0	  x0:0x00000000
     472495.000 ns	     47248	80009d04	c016b753	fcvt.wu.s	x14,f13	 f13:0x4f700000 x14=0xf0000000
     472515.000 ns	     47250	80009d08	40ed5613	srai	x12,x26,0xe	 x26:0x00000000 x12=0x00000000
     472535.000 ns	     47252	80009d0c	c0127dd3	fcvt.wu.s	x27,f4	  f4:0x7fc00000 x27=0xffffffff
     472565.000 ns	     47255	80009d10	0323e2b3	rem	x5,x7,x18	  x7:0x00000001 x18:0x00000000  x5=0x00000001
     472585.000 ns	     47257	80009d14	de384a93	xori	x21,x16,-541	 x16:0xffffffff x21=0x0000021c
     472625.000 ns	     47261	80009d18	09c07cd3	fsub.s	f25,f0,f28	  f0:0xffc00000 f28:0x7fc00000 f25=0x7fc00000
     472655.000 ns	     47264	80009d1c	f00a8953	fmv.w.x	f18,x21	 x21:0xffffffff f18=0x0000021c
     472675.000 ns	     47266	80009d20	cf0d2893	slti	x17,x26,-784	 x26:0x00000000 x17=0x00000000
     472695.000 ns	     47268	80009d24	d0108a53	fcvt.s.wu	f20,x1	  x1:0x00000001 f20=0x3f800000
     472715.000 ns	     47270	80009d28	0039adb3	slt	x27,x19,x3	 x19:0xffffffff  x3:0x04000782 x27=0x00000001
     472735.000 ns	     47272	80009d2c	e00e00d3	fmv.x.w	x1,f28	 f28:0x7fc00000  x1=0x7fc00000
     472755.000 ns	     47274	80009d30	01cdfeb3	and	x29,x27,x28	 x27:0xffffffff x28:0x00000025 x29=0x00000001
     472775.000 ns	     47276	80009d34	d015b053	fcvt.s.wu	f0,x11	 x11:0x80000000  f0=0x4f000000
     473145.000 ns	     47313	80009d38	03b94cb3	div	x25,x18,x27	 x18:0x00000000 x27:0x00000001 x25=0x00000000
     473175.000 ns	     47316	80009d3c	03a51533	mulh	x10,x10,x26	 x10:0x7fffffff x26:0x00000000 x10=0x00000000
     473195.000 ns	     47318	80009d40	631364b7	lui	x9,0x63136	  x9=0x63136000
     473205.000 ns	     47319	80009d44	a1a26d13	ori	x26,x4,-1510	  x4:0x03fffff0 x26=0xfffffffa
     473215.000 ns	     47320	80009d48	00615fb3	srl	x31,x2,x6	  x2:0x80040fe4  x6:0x00000000 x31=0x80040fe4
     473575.000 ns	     47356	80009d4c	0234cab3	div	x21,x9,x3	  x9:0x63136000  x3:0x04000782 x21=0x00000018
     473595.000 ns	     47358	80009d50	0e998e93	addi	x29,x19,233	 x19:0xffffffff x29=0x000000e8
     473635.000 ns	     47362	80009d54	01d7fb53	fadd.s	f22,f15,f29	 f15:0x81c8fc33 f29:0xccfffffc f22=0xccfffffc
     473655.000 ns	     47364	80009d58	3b954213	xori	x4,x10,953	 x10:0x00000000  x4=0x000003b9
     473675.000 ns	     47366	80009d5c	c0077ed3	fcvt.w.s	x29,f14	 f14:0x4c7ffffc x29=0x03fffff0
     473715.000 ns	     47370	80009d60	185873d3	fdiv.s	f7,f16,f5	 f16:0x7fc00000  f5:0x4c7ffffc  f7=0x7fc00000
     473745.000 ns	     47373	80009d64	28c492d3	fmax.s	f5,f9,f12	  f9:0x7fc00000 f12:0x4f700000  f5=0x4f700000
     473765.000 ns	     47375	80009d68	80708313	addi	x6,x1,-2041	  x1:0x7fc00000  x6=0x7fbff807
     473805.000 ns	     47379	80009d6c	0125ff53	fadd.s	f30,f11,f18	 f11:0x7fc00000 f18:0x0000021c f30=0x7fc00000
     473825.000 ns	     47381	80009d70	8075f993	andi	x19,x11,-2041	 x11:0x80000000 x19=0x80000000
     473845.000 ns	     47383	80009d74	031c68b3	rem	x17,x24,x17	 x24:0x00000000 x17:0x00000000 x17=0x00000000
     473865.000 ns	     47385	80009d78	00444633	xor	x12,x8,x4	  x8:0x00000000  x4:0x000003b9 x12=0x000003b9
     473885.000 ns	     47387	80009d7c	033c9eb3	mulh	x29,x25,x19	 x25:0x00000000 x19:0x80000000 x29=0x00000000
     473915.000 ns	     47390	80009d80	e00c0bd3	fmv.x.w	x23,f24	 f24:0x7fc00000 x23=0x7fc00000
     473945.000 ns	     47393	80009d84	a19c2c53	feq.s	x24,f24,f25	 f24:0x7fc00000 f25:0x7fc00000 x24=0x00000000
     473975.000 ns	     47396	80009d88	03857833	remu	x16,x10,x24	 x10:0x00000000 x24:0x00000000 x16=0x00000000
     474005.000 ns	     47399	80009d8c	031e1333	mulh	x6,x28,x17	 x28:0x00000025 x17:0x00000000  x6=0x00000000
     474025.000 ns	     47401	80009d90	40a25013	srai	x0,x4,0xa	  x4:0x000003b9
     474035.000 ns	     47402	80009d94	01417fb3	and	x31,x2,x20	  x2:0x80040fe4 x20:0x00000000 x31=0x00000000
     474055.000 ns	     47404	80009d98	c018fa53	fcvt.wu.s	x20,f17	 f17:0x7fc00000 x20=0xffffffff
     474075.000 ns	     47406	80009d9c	9ef5d937	lui	x18,0x9ef5d	 x18=0x9ef5d000
     474095.000 ns	     47408	80009da0	20b79a53	fsgnjn.s	f20,f15,f11	 f15:0x81c8fc33 f11:0x7fc00000 f20=0x81c8fc33
     474115.000 ns	     47410	80009da4	00059d93	slli	x27,x11,0x0	 x11:0x80000000 x27=0x80000000
     474125.000 ns	     47411	80009da8	4068df13	srai	x30,x17,0x6	 x17:0x00000000 x30=0x00000000
     474135.000 ns	     47412	80009dac	00fd8e33	add	x28,x27,x15	 x27:0x00000001 x15:0x00000000 x28=0x80000000
     474145.000 ns	     47413	80009db0	41e45c13	srai	x24,x8,0x1e	  x8:0x00000000 x24=0x00000000
     474155.000 ns	     47414	80009db4	010a18b3	sll	x17,x20,x16	 x20:0xffffffff x16:0x00000000 x17=0xffffffff
     474175.000 ns	     47416	80009db8	03c11fb3	mulh	x31,x2,x28	  x2:0x80040fe4 x28:0x80000000 x31=0x3ffdf80e
     474215.000 ns	     47420	80009dbc	10ed7ad3	fmul.s	f21,f26,f14	 f26:0x7fc00000 f14:0x4c7ffffc f21=0x7fc00000
     474245.000 ns	     47423	80009dc0	03a9b0b3	mulhu	x1,x19,x26	 x19:0x80000000 x26:0xfffffffa  x1=0x7ffffffd
     474265.000 ns	     47425	80009dc4	412182b3	sub	x5,x3,x18	  x3:0x04000782 x18:0x9ef5d000  x5=0x650a3782
     474275.000 ns	     47426	80009dc8	016217b3	sll	x15,x4,x22	  x4:0x000003b9 x22:0x80041024 x15=0x00003b90
     474285.000 ns	     47427	80009dcc	28093313	sltiu	x6,x18,640	 x18:0x9ef5d000  x6=0x00000000
     474315.000 ns	     47430	80009dd0	58047153	fsqrt.s	f2,f8	  f8:0x7fc00000  f2=0x7fc00000
     474335.000 ns	     47432	80009dd4	13ba6713	ori	x14,x20,315	 x20:0xffffffff x14=0xffffffff
     474375.000 ns	     47436	80009dd8	01abc853	fadd.s	f16,f23,f26	 f23:0xffc00000 f26:0x7fc00000 f16=0x7fc00000
     474395.000 ns	     47438	80009ddc	016870b3	and	x1,x16,x22	 x16:0x00000000 x22:0x80041024  x1=0x00000000
     474405.000 ns	     47439	80009de0	00aad033	srl	x0,x21,x10	 x21:0x00000018 x10:0x00000000
     474415.000 ns	     47440	80009de4	00e76fb3	or	x31,x14,x14	 x14:0xffffffff x14:0xffffffff x31=0xffffffff
     474425.000 ns	     47441	80009de8	5aa3fe13	andi	x28,x7,1450	  x7:0x00000001 x28=0x00000000
     474445.000 ns	     47443	80009dec	e00c1d53	fclass.s	x26,f24	 f24:0x7fc00000 x26=0x00000200
     474465.000 ns	     47445	80009df0	00bdf933	and	x18,x27,x11	 x27:0x80000000 x11:0x80000000 x18=0x80000000
     474475.000 ns	     47446	80009df4	5f4f6393	ori	x7,x30,1524	 x30:0x00000000  x7=0x000005f4
     474495.000 ns	     47448	80009df8	03e9b633	mulhu	x12,x19,x30	 x19:0x80000000 x30:0x00000000 x12=0x00000000
     474535.000 ns	     47452	80009dfc	19823553	fdiv.s	f10,f4,f24	  f4:0x7fc00000 f24:0x7fc00000 f10=0x7fc00000
     474565.000 ns	     47455	80009e00	a0e619d3	flt.s	x19,f12,f14	 f12:0x4f700000 f14:0x4c7ffffc x19=0x00000000
     474585.000 ns	     47457	80009e04	4145d533	sra	x10,x11,x20	 x11:0x80000000 x20:0xffffffff x10=0xffffffff
     474605.000 ns	     47459	80009e08	c005ffd3	fcvt.w.s	x31,f11	 f11:0x7fc00000 x31=0x7fffffff
     474635.000 ns	     47462	80009e0c	02de97b3	mulh	x15,x29,x13	 x29:0x00000000 x13:0xffffffff x15=0x00000000
     474655.000 ns	     47464	80009e10	48be8293	addi	x5,x29,1163	 x29:0x00000000  x5=0x0000048b
     474675.000 ns	     47466	80009e14	02951ab3	mulh	x21,x10,x9	 x10:0xffffffff  x9:0x63136000 x21=0xffffffff
     474695.000 ns	     47468	80009e18	0192cdb3	xor	x27,x5,x25	  x5:0x650a3782 x25:0x00000000 x27=0x0000048b
     474715.000 ns	     47470	80009e1c	e00e1053	fclass.s	x0,f28	 f28:0x7fc00000
     474745.000 ns	     47473	80009e20	f00789d3	fmv.w.x	f19,x15	 x15:0x00000000 f19=0x00000000
     474765.000 ns	     47475	80009e24	a6dd0793	addi	x15,x26,-1427	 x26:0x00000200 x15=0xfffffc6d
     474785.000 ns	     47477	80009e28	030af033	remu	x0,x21,x16	 x21:0xffffffff x16:0x00000000
     475155.000 ns	     47514	80009e2c	0231d733	divu	x14,x3,x3	  x3:0x04000782  x3:0x04000782 x14=0x00000001
     475175.000 ns	     47516	80009e30	01408433	add	x8,x1,x20	  x1:0x00000000 x20:0xffffffff  x8=0xffffffff
     475195.000 ns	     47518	80009e34	03e14533	div	x10,x2,x30	  x2:0x80040fe4 x30:0x00000000 x10=0xffffffff
     475215.000 ns	     47520	80009e38	ad1ecc37	lui	x24,0xad1ec	 x24=0xad1ec000
     475225.000 ns	     47521	80009e3c	01113f33	sltu	x30,x2,x17	  x2:0x80040fe4 x17:0xffffffff x30=0x00000001
     475585.000 ns	     47557	80009e40	03e2d1b3	divu	x3,x5,x30	  x5:0x0000048b x30:0x00000000  x3=0x0000048b
     475605.000 ns	     47559	80009e44	fc8f2e97	auipc	x29,0xfc8f2	 x29=0x7c8fbe44
     475625.000 ns	     47561	80009e48	0336e1b3	rem	x3,x13,x19	 x13:0xffffffff x19:0x00000000  x3=0xffffffff
     475655.000 ns	     47564	80009e4c	d00d7dd3	fcvt.s.w	f27,x26	 x26:0x00000200 f27=0x44000000
     475675.000 ns	     47566	80009e50	b76f0d13	addi	x26,x30,-1162	 x30:0x00000001 x26=0xfffffb77
     475695.000 ns	     47568	80009e54	28a99fd3	fmax.s	f31,f19,f10	 f19:0x00000000 f10:0x7fc00000 f31=0x00000000
     475715.000 ns	     47570	80009e58	00d06d33	or	x26,x0,x13	  x0:0x00000000 x13:0xffffffff x26=0xffffffff
     475735.000 ns	     47572	80009e5c	a1aa22d3	feq.s	x5,f20,f26	 f20:0x81c8fc33 f26:0x7fc00000  x5=0x00000000
     475765.000 ns	     47575	80009e60	21cbaed3	fsgnjx.s	f29,f23,f28	 f23:0xffc00000 f28:0x7fc00000 f29=0xffc00000
     475815.000 ns	     47580	80009e64	00a57cd3	fadd.s	f25,f10,f10	 f10:0x7fc00000 f10:0x7fc00000 f25=0x7fc00000
     475845.000 ns	     47583	80009e68	c01cf0d3	fcvt.wu.s	x1,f25	 f25:0x7fc00000  x1=0xffffffff
     475875.000 ns	     47586	80009e6c	f0078dd3	fmv.w.x	f27,x15	 x15:0xfffffc6d f27=0xfffffc6d
     475915.000 ns	     47590	80009e70	1980a8d3	fdiv.s	f17,f1,f24	  f1:0x00000000 f24:0x7fc00000 f17=0x7fc00000
     475935.000 ns	     47592	80009e74	41015733	sra	x14,x2,x16	  x2:0x80040fe4 x16:0x00000000 x14=0x80040fe4
     475945.000 ns	     47593	80009e78	01141193	slli	x3,x8,0x11	  x8:0xffffffff  x3=0xfffe0000
     475965.000 ns	     47595	80009e7c	a08c2ed3	feq.s	x29,f24,f8	 f24:0x7fc00000  f8:0x7fc00000 x29=0x00000000
     475985.000 ns	     47597	80009e80	01c3f3b3	and	x7,x7,x28	  x7:0x000005f4 x28:0x00000000  x7=0x00000000
     475995.000 ns	     47598	80009e84	018c7c33	and	x24,x24,x24	 x24:0xad1ec000 x24:0xad1ec000 x24=0xad1ec000
     476355.000 ns	     47634	80009e88	028ccc33	div	x24,x25,x8	 x25:0x00000000  x8:0xffffffff x24=0x00000000
     476375.000 ns	     47636	80009e8c	01df5ab3	srl	x21,x30,x29	 x30:0x00000001 x29:0x00000000 x21=0x00000001
     476385.000 ns	     47637	80009e90	002eabb3	slt	x23,x29,x2	 x29:0x00000000  x2:0x80040fe4 x23=0x00000000
     476405.000 ns	     47639	80009e94	a12a2753	feq.s	x14,f20,f18	 f20:0x81c8fc33 f18:0x0000021c x14=0x00000000
     476775.000 ns	     47676	80009e98	034657b3	divu	x15,x12,x20	 x12:0x00000000 x20:0xffffffff x15=0x00000000
     476825.000 ns	     47681	80009e9c	014f7453	fadd.s	f8,f30,f20	 f30:0x7fc00000 f20:0x81c8fc33  f8=0x7fc00000
     476845.000 ns	     47683	80009ea0	00c61c13	slli	x24,x12,0xc	 x12:0x00000000 x24=0x00000000
     476855.000 ns	     47684	80009ea4	0c734c13	xori	x24,x6,199	  x6:0x00000000 x24=0x000000c7
     476885.000 ns	     47687	80009ea8	11f5acd3	fmul.s	f25,f11,f31	 f11:0x7fc00000 f31:0x00000000 f25=0x7fc00000
     476915.000 ns	     47690	80009eac	039e9eb3	mulh	x29,x29,x25	 x29:0x00000000 x25:0x00000000 x29=0x00000000
     478095.000 ns	     47808	80009eb0	5806b053	fsqrt.s	f0,f13	 f13:0x4f700000  f0=0x4729b49a
     478115.000 ns	     47810	80009eb4	00000597	auipc	x11,0x0	 x11=0x80009eb4
     478125.000 ns	     47811	80009eb8	00c58593	addi	x11,x11,12	 x11:0x80000000 x11=0x80009ec0
     478135.000 ns	     47812	80009ebc	00058067	jalr	x0,x11,0	 x11:0x80000000
     478185.000 ns	     47817	80009ec0	00100193	addi	x3,x0,1	  x0:0x00000000  x3=0x00000001
     478195.000 ns	     47818	80009ec4	00000073	ecall	
     478205.000 ns	     47819	80009ec8	00036f17	auipc	x30,0x36	 x30=0x8003fec8
     478215.000 ns	     47820	80009ecc	123f2c23	sw	x3,312(x30)	 x30:0x00000001  x3:0x00000001 PA:0xxxxxxxxx
     478235.000 ns	     47822	80009ed0	ff9ff06f	jal	x0,80009ecc	
     478285.000 ns	     47827	80009ec8	00036f17	auipc	x30,0x36	 x30=0x8003fec8
     478295.000 ns	     47828	80009ecc	123f2c23	sw	x3,312(x30)	 x30:0x8003fec8  x3:0x00000001 PA:0xxxxxxxxx
     478315.000 ns	     47830	80009ed0	ff9ff06f	jal	x0,80009ecc	
     478365.000 ns	     47835	80009ec8	00036f17	auipc	x30,0x36	 x30=0x8003fec8
     478375.000 ns	     47836	80009ecc	123f2c23	sw	x3,312(x30)	 x30:0x8003fec8  x3:0x00000001 PA:0xxxxxxxxx
     478395.000 ns	     47838	80009ed0	ff9ff06f	jal	x0,80009ecc	
     478445.000 ns	     47843	80009ec8	00036f17	auipc	x30,0x36	 x30=0x8003fec8
     478455.000 ns	     47844	80009ecc	123f2c23	sw	x3,312(x30)	 x30:0x8003fec8  x3:0x00000001 PA:0xxxxxxxxx
     478475.000 ns	     47846	80009ed0	ff9ff06f	jal	x0,80009ecc	
     478525.000 ns	     47851	80009ec8	00036f17	auipc	x30,0x36	 x30=0x8003fec8
     478535.000 ns	     47852	80009ecc	123f2c23	sw	x3,312(x30)	 x30:0x8003fec8  x3:0x00000001 PA:0xxxxxxxxx
     478555.000 ns	     47854	80009ed0	ff9ff06f	jal	x0,80009ecc	
     478605.000 ns	     47859	80009ec8	00036f17	auipc	x30,0x36	 x30=0x8003fec8
     478615.000 ns	     47860	80009ecc	123f2c23	sw	x3,312(x30)	 x30:0x8003fec8  x3:0x00000001 PA:0xxxxxxxxx
     478635.000 ns	     47862	80009ed0	ff9ff06f	jal	x0,80009ecc	
     478685.000 ns	     47867	80009ec8	00036f17	auipc	x30,0x36	 x30=0x8003fec8
     478695.000 ns	     47868	80009ecc	123f2c23	sw	x3,312(x30)	 x30:0x8003fec8  x3:0x00000001 PA:0xxxxxxxxx
     478715.000 ns	     47870	80009ed0	ff9ff06f	jal	x0,80009ecc	
     478765.000 ns	     47875	80009ec8	00036f17	auipc	x30,0x36	 x30=0x8003fec8
     478775.000 ns	     47876	80009ecc	123f2c23	sw	x3,312(x30)	 x30:0x8003fec8  x3:0x00000001 PA:0xxxxxxxxx
     478795.000 ns	     47878	80009ed0	ff9ff06f	jal	x0,80009ecc	
     478845.000 ns	     47883	80009ec8	00036f17	auipc	x30,0x36	 x30=0x8003fec8
     478855.000 ns	     47884	80009ecc	123f2c23	sw	x3,312(x30)	 x30:0x8003fec8  x3:0x00000001 PA:0xxxxxxxxx
     478875.000 ns	     47886	80009ed0	ff9ff06f	jal	x0,80009ecc	
     478925.000 ns	     47891	80009ec8	00036f17	auipc	x30,0x36	 x30=0x8003fec8
     478935.000 ns	     47892	80009ecc	123f2c23	sw	x3,312(x30)	 x30:0x8003fec8  x3:0x00000001 PA:0xxxxxxxxx
     478955.000 ns	     47894	80009ed0	ff9ff06f	jal	x0,80009ecc	
     479005.000 ns	     47899	80009ec8	00036f17	auipc	x30,0x36	 x30=0x8003fec8
     479015.000 ns	     47900	80009ecc	123f2c23	sw	x3,312(x30)	 x30:0x8003fec8  x3:0x00000001 PA:0xxxxxxxxx
     479035.000 ns	     47902	80009ed0	ff9ff06f	jal	x0,80009ecc	
     479085.000 ns	     47907	80009ec8	00036f17	auipc	x30,0x36	 x30=0x8003fec8
     479095.000 ns	     47908	80009ecc	123f2c23	sw	x3,312(x30)	 x30:0x8003fec8  x3:0x00000001 PA:0xxxxxxxxx
     479115.000 ns	     47910	80009ed0	ff9ff06f	jal	x0,80009ecc	
     479165.000 ns	     47915	80009ec8	00036f17	auipc	x30,0x36	 x30=0x8003fec8
     479175.000 ns	     47916	80009ecc	123f2c23	sw	x3,312(x30)	 x30:0x8003fec8  x3:0x00000001 PA:0xxxxxxxxx
     479195.000 ns	     47918	80009ed0	ff9ff06f	jal	x0,80009ecc	
     479245.000 ns	     47923	80009ec8	00036f17	auipc	x30,0x36	 x30=0x8003fec8
     479255.000 ns	     47924	80009ecc	123f2c23	sw	x3,312(x30)	 x30:0x8003fec8  x3:0x00000001 PA:0xxxxxxxxx
     479275.000 ns	     47926	80009ed0	ff9ff06f	jal	x0,80009ecc	
     479325.000 ns	     47931	80009ec8	00036f17	auipc	x30,0x36	 x30=0x8003fec8
     479335.000 ns	     47932	80009ecc	123f2c23	sw	x3,312(x30)	 x30:0x8003fec8  x3:0x00000001 PA:0xxxxxxxxx
     479355.000 ns	     47934	80009ed0	ff9ff06f	jal	x0,80009ecc	
     479405.000 ns	     47939	80009ec8	00036f17	auipc	x30,0x36	 x30=0x8003fec8
     479415.000 ns	     47940	80009ecc	123f2c23	sw	x3,312(x30)	 x30:0x8003fec8  x3:0x00000001 PA:0xxxxxxxxx
     479435.000 ns	     47942	80009ed0	ff9ff06f	jal	x0,80009ecc	
     479485.000 ns	     47947	80009ec8	00036f17	auipc	x30,0x36	 x30=0x8003fec8
     479495.000 ns	     47948	80009ecc	123f2c23	sw	x3,312(x30)	 x30:0x8003fec8  x3:0x00000001 PA:0xxxxxxxxx
     479515.000 ns	     47950	80009ed0	ff9ff06f	jal	x0,80009ecc	
     479565.000 ns	     47955	80009ec8	00036f17	auipc	x30,0x36	 x30=0x8003fec8
     479575.000 ns	     47956	80009ecc	123f2c23	sw	x3,312(x30)	 x30:0x8003fec8  x3:0x00000001 PA:0xxxxxxxxx
     479595.000 ns	     47958	80009ed0	ff9ff06f	jal	x0,80009ecc	
     479645.000 ns	     47963	80009ec8	00036f17	auipc	x30,0x36	 x30=0x8003fec8
     479655.000 ns	     47964	80009ecc	123f2c23	sw	x3,312(x30)	 x30:0x8003fec8  x3:0x00000001 PA:0xxxxxxxxx
     479675.000 ns	     47966	80009ed0	ff9ff06f	jal	x0,80009ecc	
     479725.000 ns	     47971	80009ec8	00036f17	auipc	x30,0x36	 x30=0x8003fec8
     479735.000 ns	     47972	80009ecc	123f2c23	sw	x3,312(x30)	 x30:0x8003fec8  x3:0x00000001 PA:0xxxxxxxxx
     479755.000 ns	     47974	80009ed0	ff9ff06f	jal	x0,80009ecc	
     479805.000 ns	     47979	80009ec8	00036f17	auipc	x30,0x36	 x30=0x8003fec8
     479815.000 ns	     47980	80009ecc	123f2c23	sw	x3,312(x30)	 x30:0x8003fec8  x3:0x00000001 PA:0xxxxxxxxx
     479835.000 ns	     47982	80009ed0	ff9ff06f	jal	x0,80009ecc	
     479885.000 ns	     47987	80009ec8	00036f17	auipc	x30,0x36	 x30=0x8003fec8
     479895.000 ns	     47988	80009ecc	123f2c23	sw	x3,312(x30)	 x30:0x8003fec8  x3:0x00000001 PA:0xxxxxxxxx
     479915.000 ns	     47990	80009ed0	ff9ff06f	jal	x0,80009ecc	
     479965.000 ns	     47995	80009ec8	00036f17	auipc	x30,0x36	 x30=0x8003fec8
     479975.000 ns	     47996	80009ecc	123f2c23	sw	x3,312(x30)	 x30:0x8003fec8  x3:0x00000001 PA:0xxxxxxxxx
     479995.000 ns	     47998	80009ed0	ff9ff06f	jal	x0,80009ecc	
     480045.000 ns	     48003	80009ec8	00036f17	auipc	x30,0x36	 x30=0x8003fec8
     480055.000 ns	     48004	80009ecc	123f2c23	sw	x3,312(x30)	 x30:0x8003fec8  x3:0x00000001 PA:0xxxxxxxxx
     480075.000 ns	     48006	80009ed0	ff9ff06f	jal	x0,80009ecc	
     480125.000 ns	     48011	80009ec8	00036f17	auipc	x30,0x36	 x30=0x8003fec8
     480135.000 ns	     48012	80009ecc	123f2c23	sw	x3,312(x30)	 x30:0x8003fec8  x3:0x00000001 PA:0xxxxxxxxx
     480155.000 ns	     48014	80009ed0	ff9ff06f	jal	x0,80009ecc	
     480205.000 ns	     48019	80009ec8	00036f17	auipc	x30,0x36	 x30=0x8003fec8
     480215.000 ns	     48020	80009ecc	123f2c23	sw	x3,312(x30)	 x30:0x8003fec8  x3:0x00000001 PA:0xxxxxxxxx
     480235.000 ns	     48022	80009ed0	ff9ff06f	jal	x0,80009ecc	
     480285.000 ns	     48027	80009ec8	00036f17	auipc	x30,0x36	 x30=0x8003fec8
     480295.000 ns	     48028	80009ecc	123f2c23	sw	x3,312(x30)	 x30:0x8003fec8  x3:0x00000001 PA:0xxxxxxxxx
     480315.000 ns	     48030	80009ed0	ff9ff06f	jal	x0,80009ecc	
     480365.000 ns	     48035	80009ec8	00036f17	auipc	x30,0x36	 x30=0x8003fec8
     480375.000 ns	     48036	80009ecc	123f2c23	sw	x3,312(x30)	 x30:0x8003fec8  x3:0x00000001 PA:0xxxxxxxxx
     480395.000 ns	     48038	80009ed0	ff9ff06f	jal	x0,80009ecc	
     480445.000 ns	     48043	80009ec8	00036f17	auipc	x30,0x36	 x30=0x8003fec8
     480455.000 ns	     48044	80009ecc	123f2c23	sw	x3,312(x30)	 x30:0x8003fec8  x3:0x00000001 PA:0xxxxxxxxx
     480475.000 ns	     48046	80009ed0	ff9ff06f	jal	x0,80009ecc	
     480525.000 ns	     48051	80009ec8	00036f17	auipc	x30,0x36	 x30=0x8003fec8
     480535.000 ns	     48052	80009ecc	123f2c23	sw	x3,312(x30)	 x30:0x8003fec8  x3:0x00000001 PA:0xxxxxxxxx
     480555.000 ns	     48054	80009ed0	ff9ff06f	jal	x0,80009ecc	
     480605.000 ns	     48059	80009ec8	00036f17	auipc	x30,0x36	 x30=0x8003fec8
     480615.000 ns	     48060	80009ecc	123f2c23	sw	x3,312(x30)	 x30:0x8003fec8  x3:0x00000001 PA:0xxxxxxxxx
     480635.000 ns	     48062	80009ed0	ff9ff06f	jal	x0,80009ecc	
     480685.000 ns	     48067	80009ec8	00036f17	auipc	x30,0x36	 x30=0x8003fec8
     480695.000 ns	     48068	80009ecc	123f2c23	sw	x3,312(x30)	 x30:0x8003fec8  x3:0x00000001 PA:0xxxxxxxxx
     480715.000 ns	     48070	80009ed0	ff9ff06f	jal	x0,80009ecc	
     480765.000 ns	     48075	80009ec8	00036f17	auipc	x30,0x36	 x30=0x8003fec8
     480775.000 ns	     48076	80009ecc	123f2c23	sw	x3,312(x30)	 x30:0x8003fec8  x3:0x00000001 PA:0xxxxxxxxx
     480795.000 ns	     48078	80009ed0	ff9ff06f	jal	x0,80009ecc	
     480845.000 ns	     48083	80009ec8	00036f17	auipc	x30,0x36	 x30=0x8003fec8
     480855.000 ns	     48084	80009ecc	123f2c23	sw	x3,312(x30)	 x30:0x8003fec8  x3:0x00000001 PA:0xxxxxxxxx
     480875.000 ns	     48086	80009ed0	ff9ff06f	jal	x0,80009ecc	
     480925.000 ns	     48091	80009ec8	00036f17	auipc	x30,0x36	 x30=0x8003fec8
     480935.000 ns	     48092	80009ecc	123f2c23	sw	x3,312(x30)	 x30:0x8003fec8  x3:0x00000001 PA:0xxxxxxxxx
     480955.000 ns	     48094	80009ed0	ff9ff06f	jal	x0,80009ecc	
     481005.000 ns	     48099	80009ec8	00036f17	auipc	x30,0x36	 x30=0x8003fec8
     481015.000 ns	     48100	80009ecc	123f2c23	sw	x3,312(x30)	 x30:0x8003fec8  x3:0x00000001 PA:0xxxxxxxxx
     481035.000 ns	     48102	80009ed0	ff9ff06f	jal	x0,80009ecc	
     481085.000 ns	     48107	80009ec8	00036f17	auipc	x30,0x36	 x30=0x8003fec8
     481095.000 ns	     48108	80009ecc	123f2c23	sw	x3,312(x30)	 x30:0x8003fec8  x3:0x00000001 PA:0xxxxxxxxx
     481115.000 ns	     48110	80009ed0	ff9ff06f	jal	x0,80009ecc	
     481165.000 ns	     48115	80009ec8	00036f17	auipc	x30,0x36	 x30=0x8003fec8
     481175.000 ns	     48116	80009ecc	123f2c23	sw	x3,312(x30)	 x30:0x8003fec8  x3:0x00000001 PA:0xxxxxxxxx
     481195.000 ns	     48118	80009ed0	ff9ff06f	jal	x0,80009ecc	
     481245.000 ns	     48123	80009ec8	00036f17	auipc	x30,0x36	 x30=0x8003fec8
     481255.000 ns	     48124	80009ecc	123f2c23	sw	x3,312(x30)	 x30:0x8003fec8  x3:0x00000001 PA:0xxxxxxxxx
     481275.000 ns	     48126	80009ed0	ff9ff06f	jal	x0,80009ecc	
     481325.000 ns	     48131	80009ec8	00036f17	auipc	x30,0x36	 x30=0x8003fec8
     481335.000 ns	     48132	80009ecc	123f2c23	sw	x3,312(x30)	 x30:0x8003fec8  x3:0x00000001 PA:0xxxxxxxxx
     481355.000 ns	     48134	80009ed0	ff9ff06f	jal	x0,80009ecc	
     481405.000 ns	     48139	80009ec8	00036f17	auipc	x30,0x36	 x30=0x8003fec8
     481415.000 ns	     48140	80009ecc	123f2c23	sw	x3,312(x30)	 x30:0x8003fec8  x3:0x00000001 PA:0xxxxxxxxx
     481435.000 ns	     48142	80009ed0	ff9ff06f	jal	x0,80009ecc	
     481485.000 ns	     48147	80009ec8	00036f17	auipc	x30,0x36	 x30=0x8003fec8
     481495.000 ns	     48148	80009ecc	123f2c23	sw	x3,312(x30)	 x30:0x8003fec8  x3:0x00000001 PA:0xxxxxxxxx
     481515.000 ns	     48150	80009ed0	ff9ff06f	jal	x0,80009ecc	
     481565.000 ns	     48155	80009ec8	00036f17	auipc	x30,0x36	 x30=0x8003fec8
     481575.000 ns	     48156	80009ecc	123f2c23	sw	x3,312(x30)	 x30:0x8003fec8  x3:0x00000001 PA:0xxxxxxxxx
     481595.000 ns	     48158	80009ed0	ff9ff06f	jal	x0,80009ecc	
     481645.000 ns	     48163	80009ec8	00036f17	auipc	x30,0x36	 x30=0x8003fec8
     481655.000 ns	     48164	80009ecc	123f2c23	sw	x3,312(x30)	 x30:0x8003fec8  x3:0x00000001 PA:0xxxxxxxxx
     481675.000 ns	     48166	80009ed0	ff9ff06f	jal	x0,80009ecc	
     481725.000 ns	     48171	80009ec8	00036f17	auipc	x30,0x36	 x30=0x8003fec8
     481735.000 ns	     48172	80009ecc	123f2c23	sw	x3,312(x30)	 x30:0x8003fec8  x3:0x00000001 PA:0xxxxxxxxx
     481755.000 ns	     48174	80009ed0	ff9ff06f	jal	x0,80009ecc	
     481805.000 ns	     48179	80009ec8	00036f17	auipc	x30,0x36	 x30=0x8003fec8
     481815.000 ns	     48180	80009ecc	123f2c23	sw	x3,312(x30)	 x30:0x8003fec8  x3:0x00000001 PA:0xxxxxxxxx
     481835.000 ns	     48182	80009ed0	ff9ff06f	jal	x0,80009ecc	
     481885.000 ns	     48187	80009ec8	00036f17	auipc	x30,0x36	 x30=0x8003fec8
     481895.000 ns	     48188	80009ecc	123f2c23	sw	x3,312(x30)	 x30:0x8003fec8  x3:0x00000001 PA:0xxxxxxxxx
     481915.000 ns	     48190	80009ed0	ff9ff06f	jal	x0,80009ecc	
     481965.000 ns	     48195	80009ec8	00036f17	auipc	x30,0x36	 x30=0x8003fec8
     481975.000 ns	     48196	80009ecc	123f2c23	sw	x3,312(x30)	 x30:0x8003fec8  x3:0x00000001 PA:0xxxxxxxxx
     481995.000 ns	     48198	80009ed0	ff9ff06f	jal	x0,80009ecc	
     482045.000 ns	     48203	80009ec8	00036f17	auipc	x30,0x36	 x30=0x8003fec8
     482055.000 ns	     48204	80009ecc	123f2c23	sw	x3,312(x30)	 x30:0x8003fec8  x3:0x00000001 PA:0xxxxxxxxx
     482075.000 ns	     48206	80009ed0	ff9ff06f	jal	x0,80009ecc	
     482125.000 ns	     48211	80009ec8	00036f17	auipc	x30,0x36	 x30=0x8003fec8
     482135.000 ns	     48212	80009ecc	123f2c23	sw	x3,312(x30)	 x30:0x8003fec8  x3:0x00000001 PA:0xxxxxxxxx
     482155.000 ns	     48214	80009ed0	ff9ff06f	jal	x0,80009ecc	
     482205.000 ns	     48219	80009ec8	00036f17	auipc	x30,0x36	 x30=0x8003fec8
     482215.000 ns	     48220	80009ecc	123f2c23	sw	x3,312(x30)	 x30:0x8003fec8  x3:0x00000001 PA:0xxxxxxxxx
     482235.000 ns	     48222	80009ed0	ff9ff06f	jal	x0,80009ecc	
     482285.000 ns	     48227	80009ec8	00036f17	auipc	x30,0x36	 x30=0x8003fec8
     482295.000 ns	     48228	80009ecc	123f2c23	sw	x3,312(x30)	 x30:0x8003fec8  x3:0x00000001 PA:0xxxxxxxxx
     482315.000 ns	     48230	80009ed0	ff9ff06f	jal	x0,80009ecc	
     482365.000 ns	     48235	80009ec8	00036f17	auipc	x30,0x36	 x30=0x8003fec8
     482375.000 ns	     48236	80009ecc	123f2c23	sw	x3,312(x30)	 x30:0x8003fec8  x3:0x00000001 PA:0xxxxxxxxx
     482395.000 ns	     48238	80009ed0	ff9ff06f	jal	x0,80009ecc	
     482445.000 ns	     48243	80009ec8	00036f17	auipc	x30,0x36	 x30=0x8003fec8
     482455.000 ns	     48244	80009ecc	123f2c23	sw	x3,312(x30)	 x30:0x8003fec8  x3:0x00000001 PA:0xxxxxxxxx
     482475.000 ns	     48246	80009ed0	ff9ff06f	jal	x0,80009ecc	
     482525.000 ns	     48251	80009ec8	00036f17	auipc	x30,0x36	 x30=0x8003fec8
     482535.000 ns	     48252	80009ecc	123f2c23	sw	x3,312(x30)	 x30:0x8003fec8  x3:0x00000001 PA:0xxxxxxxxx
     482555.000 ns	     48254	80009ed0	ff9ff06f	jal	x0,80009ecc	
     482605.000 ns	     48259	80009ec8	00036f17	auipc	x30,0x36	 x30=0x8003fec8
     482615.000 ns	     48260	80009ecc	123f2c23	sw	x3,312(x30)	 x30:0x8003fec8  x3:0x00000001 PA:0xxxxxxxxx
     482635.000 ns	     48262	80009ed0	ff9ff06f	jal	x0,80009ecc	
     482685.000 ns	     48267	80009ec8	00036f17	auipc	x30,0x36	 x30=0x8003fec8
     482695.000 ns	     48268	80009ecc	123f2c23	sw	x3,312(x30)	 x30:0x8003fec8  x3:0x00000001 PA:0xxxxxxxxx
     482715.000 ns	     48270	80009ed0	ff9ff06f	jal	x0,80009ecc	
     482765.000 ns	     48275	80009ec8	00036f17	auipc	x30,0x36	 x30=0x8003fec8
     482775.000 ns	     48276	80009ecc	123f2c23	sw	x3,312(x30)	 x30:0x8003fec8  x3:0x00000001 PA:0xxxxxxxxx
     482795.000 ns	     48278	80009ed0	ff9ff06f	jal	x0,80009ecc	
     482845.000 ns	     48283	80009ec8	00036f17	auipc	x30,0x36	 x30=0x8003fec8
     482855.000 ns	     48284	80009ecc	123f2c23	sw	x3,312(x30)	 x30:0x8003fec8  x3:0x00000001 PA:0xxxxxxxxx
     482875.000 ns	     48286	80009ed0	ff9ff06f	jal	x0,80009ecc	
     482925.000 ns	     48291	80009ec8	00036f17	auipc	x30,0x36	 x30=0x8003fec8
     482935.000 ns	     48292	80009ecc	123f2c23	sw	x3,312(x30)	 x30:0x8003fec8  x3:0x00000001 PA:0xxxxxxxxx
     482955.000 ns	     48294	80009ed0	ff9ff06f	jal	x0,80009ecc	
     483005.000 ns	     48299	80009ec8	00036f17	auipc	x30,0x36	 x30=0x8003fec8
     483015.000 ns	     48300	80009ecc	123f2c23	sw	x3,312(x30)	 x30:0x8003fec8  x3:0x00000001 PA:0xxxxxxxxx
     483035.000 ns	     48302	80009ed0	ff9ff06f	jal	x0,80009ecc	
     483085.000 ns	     48307	80009ec8	00036f17	auipc	x30,0x36	 x30=0x8003fec8
     483095.000 ns	     48308	80009ecc	123f2c23	sw	x3,312(x30)	 x30:0x8003fec8  x3:0x00000001 PA:0xxxxxxxxx
     483115.000 ns	     48310	80009ed0	ff9ff06f	jal	x0,80009ecc	
     483165.000 ns	     48315	80009ec8	00036f17	auipc	x30,0x36	 x30=0x8003fec8
     483175.000 ns	     48316	80009ecc	123f2c23	sw	x3,312(x30)	 x30:0x8003fec8  x3:0x00000001 PA:0xxxxxxxxx
     483195.000 ns	     48318	80009ed0	ff9ff06f	jal	x0,80009ecc	
     483245.000 ns	     48323	80009ec8	00036f17	auipc	x30,0x36	 x30=0x8003fec8
     483255.000 ns	     48324	80009ecc	123f2c23	sw	x3,312(x30)	 x30:0x8003fec8  x3:0x00000001 PA:0xxxxxxxxx
     483275.000 ns	     48326	80009ed0	ff9ff06f	jal	x0,80009ecc	
     483325.000 ns	     48331	80009ec8	00036f17	auipc	x30,0x36	 x30=0x8003fec8
     483335.000 ns	     48332	80009ecc	123f2c23	sw	x3,312(x30)	 x30:0x8003fec8  x3:0x00000001 PA:0xxxxxxxxx
     483355.000 ns	     48334	80009ed0	ff9ff06f	jal	x0,80009ecc	
     483405.000 ns	     48339	80009ec8	00036f17	auipc	x30,0x36	 x30=0x8003fec8
     483415.000 ns	     48340	80009ecc	123f2c23	sw	x3,312(x30)	 x30:0x8003fec8  x3:0x00000001 PA:0xxxxxxxxx
     483435.000 ns	     48342	80009ed0	ff9ff06f	jal	x0,80009ecc	
     483485.000 ns	     48347	80009ec8	00036f17	auipc	x30,0x36	 x30=0x8003fec8
     483495.000 ns	     48348	80009ecc	123f2c23	sw	x3,312(x30)	 x30:0x8003fec8  x3:0x00000001 PA:0xxxxxxxxx
     483515.000 ns	     48350	80009ed0	ff9ff06f	jal	x0,80009ecc	
     483565.000 ns	     48355	80009ec8	00036f17	auipc	x30,0x36	 x30=0x8003fec8
     483575.000 ns	     48356	80009ecc	123f2c23	sw	x3,312(x30)	 x30:0x8003fec8  x3:0x00000001 PA:0xxxxxxxxx
     483595.000 ns	     48358	80009ed0	ff9ff06f	jal	x0,80009ecc	
     483645.000 ns	     48363	80009ec8	00036f17	auipc	x30,0x36	 x30=0x8003fec8
     483655.000 ns	     48364	80009ecc	123f2c23	sw	x3,312(x30)	 x30:0x8003fec8  x3:0x00000001 PA:0xxxxxxxxx
     483675.000 ns	     48366	80009ed0	ff9ff06f	jal	x0,80009ecc	
     483725.000 ns	     48371	80009ec8	00036f17	auipc	x30,0x36	 x30=0x8003fec8
     483735.000 ns	     48372	80009ecc	123f2c23	sw	x3,312(x30)	 x30:0x8003fec8  x3:0x00000001 PA:0xxxxxxxxx
     483755.000 ns	     48374	80009ed0	ff9ff06f	jal	x0,80009ecc	
     483805.000 ns	     48379	80009ec8	00036f17	auipc	x30,0x36	 x30=0x8003fec8
     483815.000 ns	     48380	80009ecc	123f2c23	sw	x3,312(x30)	 x30:0x8003fec8  x3:0x00000001 PA:0xxxxxxxxx
     483835.000 ns	     48382	80009ed0	ff9ff06f	jal	x0,80009ecc	
     483885.000 ns	     48387	80009ec8	00036f17	auipc	x30,0x36	 x30=0x8003fec8
     483895.000 ns	     48388	80009ecc	123f2c23	sw	x3,312(x30)	 x30:0x8003fec8  x3:0x00000001 PA:0xxxxxxxxx
     483915.000 ns	     48390	80009ed0	ff9ff06f	jal	x0,80009ecc	
     483965.000 ns	     48395	80009ec8	00036f17	auipc	x30,0x36	 x30=0x8003fec8
     483975.000 ns	     48396	80009ecc	123f2c23	sw	x3,312(x30)	 x30:0x8003fec8  x3:0x00000001 PA:0xxxxxxxxx
     483995.000 ns	     48398	80009ed0	ff9ff06f	jal	x0,80009ecc	
     484045.000 ns	     48403	80009ec8	00036f17	auipc	x30,0x36	 x30=0x8003fec8
     484055.000 ns	     48404	80009ecc	123f2c23	sw	x3,312(x30)	 x30:0x8003fec8  x3:0x00000001 PA:0xxxxxxxxx
     484075.000 ns	     48406	80009ed0	ff9ff06f	jal	x0,80009ecc	
     484125.000 ns	     48411	80009ec8	00036f17	auipc	x30,0x36	 x30=0x8003fec8
     484135.000 ns	     48412	80009ecc	123f2c23	sw	x3,312(x30)	 x30:0x8003fec8  x3:0x00000001 PA:0xxxxxxxxx
     484155.000 ns	     48414	80009ed0	ff9ff06f	jal	x0,80009ecc	
     484205.000 ns	     48419	80009ec8	00036f17	auipc	x30,0x36	 x30=0x8003fec8
     484215.000 ns	     48420	80009ecc	123f2c23	sw	x3,312(x30)	 x30:0x8003fec8  x3:0x00000001 PA:0xxxxxxxxx
     484235.000 ns	     48422	80009ed0	ff9ff06f	jal	x0,80009ecc	
     484285.000 ns	     48427	80009ec8	00036f17	auipc	x30,0x36	 x30=0x8003fec8
     484295.000 ns	     48428	80009ecc	123f2c23	sw	x3,312(x30)	 x30:0x8003fec8  x3:0x00000001 PA:0xxxxxxxxx
     484315.000 ns	     48430	80009ed0	ff9ff06f	jal	x0,80009ecc	
     484365.000 ns	     48435	80009ec8	00036f17	auipc	x30,0x36	 x30=0x8003fec8
     484375.000 ns	     48436	80009ecc	123f2c23	sw	x3,312(x30)	 x30:0x8003fec8  x3:0x00000001 PA:0xxxxxxxxx
     484395.000 ns	     48438	80009ed0	ff9ff06f	jal	x0,80009ecc	
     484445.000 ns	     48443	80009ec8	00036f17	auipc	x30,0x36	 x30=0x8003fec8
     484455.000 ns	     48444	80009ecc	123f2c23	sw	x3,312(x30)	 x30:0x8003fec8  x3:0x00000001 PA:0xxxxxxxxx
     484475.000 ns	     48446	80009ed0	ff9ff06f	jal	x0,80009ecc	
     484525.000 ns	     48451	80009ec8	00036f17	auipc	x30,0x36	 x30=0x8003fec8
     484535.000 ns	     48452	80009ecc	123f2c23	sw	x3,312(x30)	 x30:0x8003fec8  x3:0x00000001 PA:0xxxxxxxxx
     484555.000 ns	     48454	80009ed0	ff9ff06f	jal	x0,80009ecc	
     484605.000 ns	     48459	80009ec8	00036f17	auipc	x30,0x36	 x30=0x8003fec8
     484615.000 ns	     48460	80009ecc	123f2c23	sw	x3,312(x30)	 x30:0x8003fec8  x3:0x00000001 PA:0xxxxxxxxx
     484635.000 ns	     48462	80009ed0	ff9ff06f	jal	x0,80009ecc	
     484685.000 ns	     48467	80009ec8	00036f17	auipc	x30,0x36	 x30=0x8003fec8
     484695.000 ns	     48468	80009ecc	123f2c23	sw	x3,312(x30)	 x30:0x8003fec8  x3:0x00000001 PA:0xxxxxxxxx
     484715.000 ns	     48470	80009ed0	ff9ff06f	jal	x0,80009ecc	
     484765.000 ns	     48475	80009ec8	00036f17	auipc	x30,0x36	 x30=0x8003fec8
     484775.000 ns	     48476	80009ecc	123f2c23	sw	x3,312(x30)	 x30:0x8003fec8  x3:0x00000001 PA:0xxxxxxxxx
     484795.000 ns	     48478	80009ed0	ff9ff06f	jal	x0,80009ecc	
     484845.000 ns	     48483	80009ec8	00036f17	auipc	x30,0x36	 x30=0x8003fec8
     484855.000 ns	     48484	80009ecc	123f2c23	sw	x3,312(x30)	 x30:0x8003fec8  x3:0x00000001 PA:0xxxxxxxxx
     484875.000 ns	     48486	80009ed0	ff9ff06f	jal	x0,80009ecc	
     484925.000 ns	     48491	80009ec8	00036f17	auipc	x30,0x36	 x30=0x8003fec8
     484935.000 ns	     48492	80009ecc	123f2c23	sw	x3,312(x30)	 x30:0x8003fec8  x3:0x00000001 PA:0xxxxxxxxx
     484955.000 ns	     48494	80009ed0	ff9ff06f	jal	x0,80009ecc	
     485005.000 ns	     48499	80009ec8	00036f17	auipc	x30,0x36	 x30=0x8003fec8
     485015.000 ns	     48500	80009ecc	123f2c23	sw	x3,312(x30)	 x30:0x8003fec8  x3:0x00000001 PA:0xxxxxxxxx
     485035.000 ns	     48502	80009ed0	ff9ff06f	jal	x0,80009ecc	
     485085.000 ns	     48507	80009ec8	00036f17	auipc	x30,0x36	 x30=0x8003fec8
     485095.000 ns	     48508	80009ecc	123f2c23	sw	x3,312(x30)	 x30:0x8003fec8  x3:0x00000001 PA:0xxxxxxxxx
     485115.000 ns	     48510	80009ed0	ff9ff06f	jal	x0,80009ecc	
     485165.000 ns	     48515	80009ec8	00036f17	auipc	x30,0x36	 x30=0x8003fec8
     485175.000 ns	     48516	80009ecc	123f2c23	sw	x3,312(x30)	 x30:0x8003fec8  x3:0x00000001 PA:0xxxxxxxxx
     485195.000 ns	     48518	80009ed0	ff9ff06f	jal	x0,80009ecc	
     485245.000 ns	     48523	80009ec8	00036f17	auipc	x30,0x36	 x30=0x8003fec8
     485255.000 ns	     48524	80009ecc	123f2c23	sw	x3,312(x30)	 x30:0x8003fec8  x3:0x00000001 PA:0xxxxxxxxx
     485275.000 ns	     48526	80009ed0	ff9ff06f	jal	x0,80009ecc	
     485325.000 ns	     48531	80009ec8	00036f17	auipc	x30,0x36	 x30=0x8003fec8
     485335.000 ns	     48532	80009ecc	123f2c23	sw	x3,312(x30)	 x30:0x8003fec8  x3:0x00000001 PA:0xxxxxxxxx
     485355.000 ns	     48534	80009ed0	ff9ff06f	jal	x0,80009ecc	
     485405.000 ns	     48539	80009ec8	00036f17	auipc	x30,0x36	 x30=0x8003fec8
     485415.000 ns	     48540	80009ecc	123f2c23	sw	x3,312(x30)	 x30:0x8003fec8  x3:0x00000001 PA:0xxxxxxxxx
     485435.000 ns	     48542	80009ed0	ff9ff06f	jal	x0,80009ecc	
     485485.000 ns	     48547	80009ec8	00036f17	auipc	x30,0x36	 x30=0x8003fec8
     485495.000 ns	     48548	80009ecc	123f2c23	sw	x3,312(x30)	 x30:0x8003fec8  x3:0x00000001 PA:0xxxxxxxxx
     485515.000 ns	     48550	80009ed0	ff9ff06f	jal	x0,80009ecc	
     485565.000 ns	     48555	80009ec8	00036f17	auipc	x30,0x36	 x30=0x8003fec8
     485575.000 ns	     48556	80009ecc	123f2c23	sw	x3,312(x30)	 x30:0x8003fec8  x3:0x00000001 PA:0xxxxxxxxx
     485595.000 ns	     48558	80009ed0	ff9ff06f	jal	x0,80009ecc	
     485645.000 ns	     48563	80009ec8	00036f17	auipc	x30,0x36	 x30=0x8003fec8
     485655.000 ns	     48564	80009ecc	123f2c23	sw	x3,312(x30)	 x30:0x8003fec8  x3:0x00000001 PA:0xxxxxxxxx
     485675.000 ns	     48566	80009ed0	ff9ff06f	jal	x0,80009ecc	
     485725.000 ns	     48571	80009ec8	00036f17	auipc	x30,0x36	 x30=0x8003fec8
     485735.000 ns	     48572	80009ecc	123f2c23	sw	x3,312(x30)	 x30:0x8003fec8  x3:0x00000001 PA:0xxxxxxxxx
     485755.000 ns	     48574	80009ed0	ff9ff06f	jal	x0,80009ecc	
     485805.000 ns	     48579	80009ec8	00036f17	auipc	x30,0x36	 x30=0x8003fec8
     485815.000 ns	     48580	80009ecc	123f2c23	sw	x3,312(x30)	 x30:0x8003fec8  x3:0x00000001 PA:0xxxxxxxxx
     485835.000 ns	     48582	80009ed0	ff9ff06f	jal	x0,80009ecc	
     485885.000 ns	     48587	80009ec8	00036f17	auipc	x30,0x36	 x30=0x8003fec8
     485895.000 ns	     48588	80009ecc	123f2c23	sw	x3,312(x30)	 x30:0x8003fec8  x3:0x00000001 PA:0xxxxxxxxx
     485915.000 ns	     48590	80009ed0	ff9ff06f	jal	x0,80009ecc	
     485965.000 ns	     48595	80009ec8	00036f17	auipc	x30,0x36	 x30=0x8003fec8
     485975.000 ns	     48596	80009ecc	123f2c23	sw	x3,312(x30)	 x30:0x8003fec8  x3:0x00000001 PA:0xxxxxxxxx
     485995.000 ns	     48598	80009ed0	ff9ff06f	jal	x0,80009ecc	
     486045.000 ns	     48603	80009ec8	00036f17	auipc	x30,0x36	 x30=0x8003fec8
     486055.000 ns	     48604	80009ecc	123f2c23	sw	x3,312(x30)	 x30:0x8003fec8  x3:0x00000001 PA:0xxxxxxxxx
     486075.000 ns	     48606	80009ed0	ff9ff06f	jal	x0,80009ecc	
     486125.000 ns	     48611	80009ec8	00036f17	auipc	x30,0x36	 x30=0x8003fec8
     486135.000 ns	     48612	80009ecc	123f2c23	sw	x3,312(x30)	 x30:0x8003fec8  x3:0x00000001 PA:0xxxxxxxxx
     486155.000 ns	     48614	80009ed0	ff9ff06f	jal	x0,80009ecc	
     486205.000 ns	     48619	80009ec8	00036f17	auipc	x30,0x36	 x30=0x8003fec8
     486215.000 ns	     48620	80009ecc	123f2c23	sw	x3,312(x30)	 x30:0x8003fec8  x3:0x00000001 PA:0xxxxxxxxx
     486235.000 ns	     48622	80009ed0	ff9ff06f	jal	x0,80009ecc	
     486285.000 ns	     48627	80009ec8	00036f17	auipc	x30,0x36	 x30=0x8003fec8
     486295.000 ns	     48628	80009ecc	123f2c23	sw	x3,312(x30)	 x30:0x8003fec8  x3:0x00000001 PA:0xxxxxxxxx
     486315.000 ns	     48630	80009ed0	ff9ff06f	jal	x0,80009ecc	
     486365.000 ns	     48635	80009ec8	00036f17	auipc	x30,0x36	 x30=0x8003fec8
     486375.000 ns	     48636	80009ecc	123f2c23	sw	x3,312(x30)	 x30:0x8003fec8  x3:0x00000001 PA:0xxxxxxxxx
     486395.000 ns	     48638	80009ed0	ff9ff06f	jal	x0,80009ecc	
     486445.000 ns	     48643	80009ec8	00036f17	auipc	x30,0x36	 x30=0x8003fec8
     486455.000 ns	     48644	80009ecc	123f2c23	sw	x3,312(x30)	 x30:0x8003fec8  x3:0x00000001 PA:0xxxxxxxxx
     486475.000 ns	     48646	80009ed0	ff9ff06f	jal	x0,80009ecc	
     486525.000 ns	     48651	80009ec8	00036f17	auipc	x30,0x36	 x30=0x8003fec8
     486535.000 ns	     48652	80009ecc	123f2c23	sw	x3,312(x30)	 x30:0x8003fec8  x3:0x00000001 PA:0xxxxxxxxx
     486555.000 ns	     48654	80009ed0	ff9ff06f	jal	x0,80009ecc	
     486605.000 ns	     48659	80009ec8	00036f17	auipc	x30,0x36	 x30=0x8003fec8
     486615.000 ns	     48660	80009ecc	123f2c23	sw	x3,312(x30)	 x30:0x8003fec8  x3:0x00000001 PA:0xxxxxxxxx
     486635.000 ns	     48662	80009ed0	ff9ff06f	jal	x0,80009ecc	
     486685.000 ns	     48667	80009ec8	00036f17	auipc	x30,0x36	 x30=0x8003fec8
     486695.000 ns	     48668	80009ecc	123f2c23	sw	x3,312(x30)	 x30:0x8003fec8  x3:0x00000001 PA:0xxxxxxxxx
     486715.000 ns	     48670	80009ed0	ff9ff06f	jal	x0,80009ecc	
     486765.000 ns	     48675	80009ec8	00036f17	auipc	x30,0x36	 x30=0x8003fec8
     486775.000 ns	     48676	80009ecc	123f2c23	sw	x3,312(x30)	 x30:0x8003fec8  x3:0x00000001 PA:0xxxxxxxxx
     486795.000 ns	     48678	80009ed0	ff9ff06f	jal	x0,80009ecc	
     486845.000 ns	     48683	80009ec8	00036f17	auipc	x30,0x36	 x30=0x8003fec8
     486855.000 ns	     48684	80009ecc	123f2c23	sw	x3,312(x30)	 x30:0x8003fec8  x3:0x00000001 PA:0xxxxxxxxx
     486875.000 ns	     48686	80009ed0	ff9ff06f	jal	x0,80009ecc	
     486925.000 ns	     48691	80009ec8	00036f17	auipc	x30,0x36	 x30=0x8003fec8
     486935.000 ns	     48692	80009ecc	123f2c23	sw	x3,312(x30)	 x30:0x8003fec8  x3:0x00000001 PA:0xxxxxxxxx
     486955.000 ns	     48694	80009ed0	ff9ff06f	jal	x0,80009ecc	
     487005.000 ns	     48699	80009ec8	00036f17	auipc	x30,0x36	 x30=0x8003fec8
     487015.000 ns	     48700	80009ecc	123f2c23	sw	x3,312(x30)	 x30:0x8003fec8  x3:0x00000001 PA:0xxxxxxxxx
     487035.000 ns	     48702	80009ed0	ff9ff06f	jal	x0,80009ecc	
     487085.000 ns	     48707	80009ec8	00036f17	auipc	x30,0x36	 x30=0x8003fec8
     487095.000 ns	     48708	80009ecc	123f2c23	sw	x3,312(x30)	 x30:0x8003fec8  x3:0x00000001 PA:0xxxxxxxxx
     487115.000 ns	     48710	80009ed0	ff9ff06f	jal	x0,80009ecc	
     487165.000 ns	     48715	80009ec8	00036f17	auipc	x30,0x36	 x30=0x8003fec8
     487175.000 ns	     48716	80009ecc	123f2c23	sw	x3,312(x30)	 x30:0x8003fec8  x3:0x00000001 PA:0xxxxxxxxx
     487195.000 ns	     48718	80009ed0	ff9ff06f	jal	x0,80009ecc	
     487245.000 ns	     48723	80009ec8	00036f17	auipc	x30,0x36	 x30=0x8003fec8
     487255.000 ns	     48724	80009ecc	123f2c23	sw	x3,312(x30)	 x30:0x8003fec8  x3:0x00000001 PA:0xxxxxxxxx
     487275.000 ns	     48726	80009ed0	ff9ff06f	jal	x0,80009ecc	
     487325.000 ns	     48731	80009ec8	00036f17	auipc	x30,0x36	 x30=0x8003fec8
     487335.000 ns	     48732	80009ecc	123f2c23	sw	x3,312(x30)	 x30:0x8003fec8  x3:0x00000001 PA:0xxxxxxxxx
     487355.000 ns	     48734	80009ed0	ff9ff06f	jal	x0,80009ecc	
     487405.000 ns	     48739	80009ec8	00036f17	auipc	x30,0x36	 x30=0x8003fec8
     487415.000 ns	     48740	80009ecc	123f2c23	sw	x3,312(x30)	 x30:0x8003fec8  x3:0x00000001 PA:0xxxxxxxxx
     487435.000 ns	     48742	80009ed0	ff9ff06f	jal	x0,80009ecc	
     487485.000 ns	     48747	80009ec8	00036f17	auipc	x30,0x36	 x30=0x8003fec8
     487495.000 ns	     48748	80009ecc	123f2c23	sw	x3,312(x30)	 x30:0x8003fec8  x3:0x00000001 PA:0xxxxxxxxx
     487515.000 ns	     48750	80009ed0	ff9ff06f	jal	x0,80009ecc	
     487565.000 ns	     48755	80009ec8	00036f17	auipc	x30,0x36	 x30=0x8003fec8
     487575.000 ns	     48756	80009ecc	123f2c23	sw	x3,312(x30)	 x30:0x8003fec8  x3:0x00000001 PA:0xxxxxxxxx
     487595.000 ns	     48758	80009ed0	ff9ff06f	jal	x0,80009ecc	
     487645.000 ns	     48763	80009ec8	00036f17	auipc	x30,0x36	 x30=0x8003fec8
     487655.000 ns	     48764	80009ecc	123f2c23	sw	x3,312(x30)	 x30:0x8003fec8  x3:0x00000001 PA:0xxxxxxxxx
     487675.000 ns	     48766	80009ed0	ff9ff06f	jal	x0,80009ecc	
     487725.000 ns	     48771	80009ec8	00036f17	auipc	x30,0x36	 x30=0x8003fec8
     487735.000 ns	     48772	80009ecc	123f2c23	sw	x3,312(x30)	 x30:0x8003fec8  x3:0x00000001 PA:0xxxxxxxxx
     487755.000 ns	     48774	80009ed0	ff9ff06f	jal	x0,80009ecc	
     487805.000 ns	     48779	80009ec8	00036f17	auipc	x30,0x36	 x30=0x8003fec8
     487815.000 ns	     48780	80009ecc	123f2c23	sw	x3,312(x30)	 x30:0x8003fec8  x3:0x00000001 PA:0xxxxxxxxx
     487835.000 ns	     48782	80009ed0	ff9ff06f	jal	x0,80009ecc	
     487885.000 ns	     48787	80009ec8	00036f17	auipc	x30,0x36	 x30=0x8003fec8
     487895.000 ns	     48788	80009ecc	123f2c23	sw	x3,312(x30)	 x30:0x8003fec8  x3:0x00000001 PA:0xxxxxxxxx
     487915.000 ns	     48790	80009ed0	ff9ff06f	jal	x0,80009ecc	
     487965.000 ns	     48795	80009ec8	00036f17	auipc	x30,0x36	 x30=0x8003fec8
     487975.000 ns	     48796	80009ecc	123f2c23	sw	x3,312(x30)	 x30:0x8003fec8  x3:0x00000001 PA:0xxxxxxxxx
     487995.000 ns	     48798	80009ed0	ff9ff06f	jal	x0,80009ecc	
     488045.000 ns	     48803	80009ec8	00036f17	auipc	x30,0x36	 x30=0x8003fec8
     488055.000 ns	     48804	80009ecc	123f2c23	sw	x3,312(x30)	 x30:0x8003fec8  x3:0x00000001 PA:0xxxxxxxxx
     488075.000 ns	     48806	80009ed0	ff9ff06f	jal	x0,80009ecc	
     488125.000 ns	     48811	80009ec8	00036f17	auipc	x30,0x36	 x30=0x8003fec8
     488135.000 ns	     48812	80009ecc	123f2c23	sw	x3,312(x30)	 x30:0x8003fec8  x3:0x00000001 PA:0xxxxxxxxx
     488155.000 ns	     48814	80009ed0	ff9ff06f	jal	x0,80009ecc	
     488205.000 ns	     48819	80009ec8	00036f17	auipc	x30,0x36	 x30=0x8003fec8
     488215.000 ns	     48820	80009ecc	123f2c23	sw	x3,312(x30)	 x30:0x8003fec8  x3:0x00000001 PA:0xxxxxxxxx
     488235.000 ns	     48822	80009ed0	ff9ff06f	jal	x0,80009ecc	
     488285.000 ns	     48827	80009ec8	00036f17	auipc	x30,0x36	 x30=0x8003fec8
     488295.000 ns	     48828	80009ecc	123f2c23	sw	x3,312(x30)	 x30:0x8003fec8  x3:0x00000001 PA:0xxxxxxxxx
     488315.000 ns	     48830	80009ed0	ff9ff06f	jal	x0,80009ecc	
     488365.000 ns	     48835	80009ec8	00036f17	auipc	x30,0x36	 x30=0x8003fec8
     488375.000 ns	     48836	80009ecc	123f2c23	sw	x3,312(x30)	 x30:0x8003fec8  x3:0x00000001 PA:0xxxxxxxxx
     488395.000 ns	     48838	80009ed0	ff9ff06f	jal	x0,80009ecc	
     488445.000 ns	     48843	80009ec8	00036f17	auipc	x30,0x36	 x30=0x8003fec8
     488455.000 ns	     48844	80009ecc	123f2c23	sw	x3,312(x30)	 x30:0x8003fec8  x3:0x00000001 PA:0xxxxxxxxx
     488475.000 ns	     48846	80009ed0	ff9ff06f	jal	x0,80009ecc	
     488525.000 ns	     48851	80009ec8	00036f17	auipc	x30,0x36	 x30=0x8003fec8
     488535.000 ns	     48852	80009ecc	123f2c23	sw	x3,312(x30)	 x30:0x8003fec8  x3:0x00000001 PA:0xxxxxxxxx
     488555.000 ns	     48854	80009ed0	ff9ff06f	jal	x0,80009ecc	
     488605.000 ns	     48859	80009ec8	00036f17	auipc	x30,0x36	 x30=0x8003fec8
     488615.000 ns	     48860	80009ecc	123f2c23	sw	x3,312(x30)	 x30:0x8003fec8  x3:0x00000001 PA:0xxxxxxxxx
     488635.000 ns	     48862	80009ed0	ff9ff06f	jal	x0,80009ecc	
     488685.000 ns	     48867	80009ec8	00036f17	auipc	x30,0x36	 x30=0x8003fec8
     488695.000 ns	     48868	80009ecc	123f2c23	sw	x3,312(x30)	 x30:0x8003fec8  x3:0x00000001 PA:0xxxxxxxxx
     488715.000 ns	     48870	80009ed0	ff9ff06f	jal	x0,80009ecc	
     488765.000 ns	     48875	80009ec8	00036f17	auipc	x30,0x36	 x30=0x8003fec8
     488775.000 ns	     48876	80009ecc	123f2c23	sw	x3,312(x30)	 x30:0x8003fec8  x3:0x00000001 PA:0xxxxxxxxx
     488795.000 ns	     48878	80009ed0	ff9ff06f	jal	x0,80009ecc	
     488845.000 ns	     48883	80009ec8	00036f17	auipc	x30,0x36	 x30=0x8003fec8
     488855.000 ns	     48884	80009ecc	123f2c23	sw	x3,312(x30)	 x30:0x8003fec8  x3:0x00000001 PA:0xxxxxxxxx
     488875.000 ns	     48886	80009ed0	ff9ff06f	jal	x0,80009ecc	
     488925.000 ns	     48891	80009ec8	00036f17	auipc	x30,0x36	 x30=0x8003fec8
     488935.000 ns	     48892	80009ecc	123f2c23	sw	x3,312(x30)	 x30:0x8003fec8  x3:0x00000001 PA:0xxxxxxxxx
     488955.000 ns	     48894	80009ed0	ff9ff06f	jal	x0,80009ecc	
     489005.000 ns	     48899	80009ec8	00036f17	auipc	x30,0x36	 x30=0x8003fec8
     489015.000 ns	     48900	80009ecc	123f2c23	sw	x3,312(x30)	 x30:0x8003fec8  x3:0x00000001 PA:0xxxxxxxxx
     489035.000 ns	     48902	80009ed0	ff9ff06f	jal	x0,80009ecc	
     489085.000 ns	     48907	80009ec8	00036f17	auipc	x30,0x36	 x30=0x8003fec8
     489095.000 ns	     48908	80009ecc	123f2c23	sw	x3,312(x30)	 x30:0x8003fec8  x3:0x00000001 PA:0xxxxxxxxx
     489115.000 ns	     48910	80009ed0	ff9ff06f	jal	x0,80009ecc	
     489165.000 ns	     48915	80009ec8	00036f17	auipc	x30,0x36	 x30=0x8003fec8
     489175.000 ns	     48916	80009ecc	123f2c23	sw	x3,312(x30)	 x30:0x8003fec8  x3:0x00000001 PA:0xxxxxxxxx
     489195.000 ns	     48918	80009ed0	ff9ff06f	jal	x0,80009ecc	
     489245.000 ns	     48923	80009ec8	00036f17	auipc	x30,0x36	 x30=0x8003fec8
     489255.000 ns	     48924	80009ecc	123f2c23	sw	x3,312(x30)	 x30:0x8003fec8  x3:0x00000001 PA:0xxxxxxxxx
     489275.000 ns	     48926	80009ed0	ff9ff06f	jal	x0,80009ecc	
     489325.000 ns	     48931	80009ec8	00036f17	auipc	x30,0x36	 x30=0x8003fec8
     489335.000 ns	     48932	80009ecc	123f2c23	sw	x3,312(x30)	 x30:0x8003fec8  x3:0x00000001 PA:0xxxxxxxxx
     489355.000 ns	     48934	80009ed0	ff9ff06f	jal	x0,80009ecc	
     489405.000 ns	     48939	80009ec8	00036f17	auipc	x30,0x36	 x30=0x8003fec8
     489415.000 ns	     48940	80009ecc	123f2c23	sw	x3,312(x30)	 x30:0x8003fec8  x3:0x00000001 PA:0xxxxxxxxx
     489435.000 ns	     48942	80009ed0	ff9ff06f	jal	x0,80009ecc	
     489485.000 ns	     48947	80009ec8	00036f17	auipc	x30,0x36	 x30=0x8003fec8
     489495.000 ns	     48948	80009ecc	123f2c23	sw	x3,312(x30)	 x30:0x8003fec8  x3:0x00000001 PA:0xxxxxxxxx
     489515.000 ns	     48950	80009ed0	ff9ff06f	jal	x0,80009ecc	
     489565.000 ns	     48955	80009ec8	00036f17	auipc	x30,0x36	 x30=0x8003fec8
     489575.000 ns	     48956	80009ecc	123f2c23	sw	x3,312(x30)	 x30:0x8003fec8  x3:0x00000001 PA:0xxxxxxxxx
     489595.000 ns	     48958	80009ed0	ff9ff06f	jal	x0,80009ecc	
     489645.000 ns	     48963	80009ec8	00036f17	auipc	x30,0x36	 x30=0x8003fec8
     489655.000 ns	     48964	80009ecc	123f2c23	sw	x3,312(x30)	 x30:0x8003fec8  x3:0x00000001 PA:0xxxxxxxxx
     489675.000 ns	     48966	80009ed0	ff9ff06f	jal	x0,80009ecc	
     489725.000 ns	     48971	80009ec8	00036f17	auipc	x30,0x36	 x30=0x8003fec8
     489735.000 ns	     48972	80009ecc	123f2c23	sw	x3,312(x30)	 x30:0x8003fec8  x3:0x00000001 PA:0xxxxxxxxx
     489755.000 ns	     48974	80009ed0	ff9ff06f	jal	x0,80009ecc	
     489805.000 ns	     48979	80009ec8	00036f17	auipc	x30,0x36	 x30=0x8003fec8
     489815.000 ns	     48980	80009ecc	123f2c23	sw	x3,312(x30)	 x30:0x8003fec8  x3:0x00000001 PA:0xxxxxxxxx
     489835.000 ns	     48982	80009ed0	ff9ff06f	jal	x0,80009ecc	
     489885.000 ns	     48987	80009ec8	00036f17	auipc	x30,0x36	 x30=0x8003fec8
     489895.000 ns	     48988	80009ecc	123f2c23	sw	x3,312(x30)	 x30:0x8003fec8  x3:0x00000001 PA:0xxxxxxxxx
     489915.000 ns	     48990	80009ed0	ff9ff06f	jal	x0,80009ecc	
     489965.000 ns	     48995	80009ec8	00036f17	auipc	x30,0x36	 x30=0x8003fec8
     489975.000 ns	     48996	80009ecc	123f2c23	sw	x3,312(x30)	 x30:0x8003fec8  x3:0x00000001 PA:0xxxxxxxxx
     489995.000 ns	     48998	80009ed0	ff9ff06f	jal	x0,80009ecc	
     490045.000 ns	     49003	80009ec8	00036f17	auipc	x30,0x36	 x30=0x8003fec8
     490055.000 ns	     49004	80009ecc	123f2c23	sw	x3,312(x30)	 x30:0x8003fec8  x3:0x00000001 PA:0xxxxxxxxx
     490075.000 ns	     49006	80009ed0	ff9ff06f	jal	x0,80009ecc	
     490125.000 ns	     49011	80009ec8	00036f17	auipc	x30,0x36	 x30=0x8003fec8
     490135.000 ns	     49012	80009ecc	123f2c23	sw	x3,312(x30)	 x30:0x8003fec8  x3:0x00000001 PA:0xxxxxxxxx
     490155.000 ns	     49014	80009ed0	ff9ff06f	jal	x0,80009ecc	
     490205.000 ns	     49019	80009ec8	00036f17	auipc	x30,0x36	 x30=0x8003fec8
     490215.000 ns	     49020	80009ecc	123f2c23	sw	x3,312(x30)	 x30:0x8003fec8  x3:0x00000001 PA:0xxxxxxxxx
     490235.000 ns	     49022	80009ed0	ff9ff06f	jal	x0,80009ecc	
     490285.000 ns	     49027	80009ec8	00036f17	auipc	x30,0x36	 x30=0x8003fec8
     490295.000 ns	     49028	80009ecc	123f2c23	sw	x3,312(x30)	 x30:0x8003fec8  x3:0x00000001 PA:0xxxxxxxxx
     490315.000 ns	     49030	80009ed0	ff9ff06f	jal	x0,80009ecc	
     490365.000 ns	     49035	80009ec8	00036f17	auipc	x30,0x36	 x30=0x8003fec8
     490375.000 ns	     49036	80009ecc	123f2c23	sw	x3,312(x30)	 x30:0x8003fec8  x3:0x00000001 PA:0xxxxxxxxx
     490395.000 ns	     49038	80009ed0	ff9ff06f	jal	x0,80009ecc	
     490445.000 ns	     49043	80009ec8	00036f17	auipc	x30,0x36	 x30=0x8003fec8
     490455.000 ns	     49044	80009ecc	123f2c23	sw	x3,312(x30)	 x30:0x8003fec8  x3:0x00000001 PA:0xxxxxxxxx
     490475.000 ns	     49046	80009ed0	ff9ff06f	jal	x0,80009ecc	
     490525.000 ns	     49051	80009ec8	00036f17	auipc	x30,0x36	 x30=0x8003fec8
     490535.000 ns	     49052	80009ecc	123f2c23	sw	x3,312(x30)	 x30:0x8003fec8  x3:0x00000001 PA:0xxxxxxxxx
     490555.000 ns	     49054	80009ed0	ff9ff06f	jal	x0,80009ecc	
     490605.000 ns	     49059	80009ec8	00036f17	auipc	x30,0x36	 x30=0x8003fec8
     490615.000 ns	     49060	80009ecc	123f2c23	sw	x3,312(x30)	 x30:0x8003fec8  x3:0x00000001 PA:0xxxxxxxxx
     490635.000 ns	     49062	80009ed0	ff9ff06f	jal	x0,80009ecc	
     490685.000 ns	     49067	80009ec8	00036f17	auipc	x30,0x36	 x30=0x8003fec8
     490695.000 ns	     49068	80009ecc	123f2c23	sw	x3,312(x30)	 x30:0x8003fec8  x3:0x00000001 PA:0xxxxxxxxx
     490715.000 ns	     49070	80009ed0	ff9ff06f	jal	x0,80009ecc	
     490765.000 ns	     49075	80009ec8	00036f17	auipc	x30,0x36	 x30=0x8003fec8
     490775.000 ns	     49076	80009ecc	123f2c23	sw	x3,312(x30)	 x30:0x8003fec8  x3:0x00000001 PA:0xxxxxxxxx
     490795.000 ns	     49078	80009ed0	ff9ff06f	jal	x0,80009ecc	
     490845.000 ns	     49083	80009ec8	00036f17	auipc	x30,0x36	 x30=0x8003fec8
     490855.000 ns	     49084	80009ecc	123f2c23	sw	x3,312(x30)	 x30:0x8003fec8  x3:0x00000001 PA:0xxxxxxxxx
     490875.000 ns	     49086	80009ed0	ff9ff06f	jal	x0,80009ecc	
     490925.000 ns	     49091	80009ec8	00036f17	auipc	x30,0x36	 x30=0x8003fec8
     490935.000 ns	     49092	80009ecc	123f2c23	sw	x3,312(x30)	 x30:0x8003fec8  x3:0x00000001 PA:0xxxxxxxxx
     490955.000 ns	     49094	80009ed0	ff9ff06f	jal	x0,80009ecc	
     491005.000 ns	     49099	80009ec8	00036f17	auipc	x30,0x36	 x30=0x8003fec8
     491015.000 ns	     49100	80009ecc	123f2c23	sw	x3,312(x30)	 x30:0x8003fec8  x3:0x00000001 PA:0xxxxxxxxx
     491035.000 ns	     49102	80009ed0	ff9ff06f	jal	x0,80009ecc	
     491085.000 ns	     49107	80009ec8	00036f17	auipc	x30,0x36	 x30=0x8003fec8
     491095.000 ns	     49108	80009ecc	123f2c23	sw	x3,312(x30)	 x30:0x8003fec8  x3:0x00000001 PA:0xxxxxxxxx
     491115.000 ns	     49110	80009ed0	ff9ff06f	jal	x0,80009ecc	
     491165.000 ns	     49115	80009ec8	00036f17	auipc	x30,0x36	 x30=0x8003fec8
     491175.000 ns	     49116	80009ecc	123f2c23	sw	x3,312(x30)	 x30:0x8003fec8  x3:0x00000001 PA:0xxxxxxxxx
     491195.000 ns	     49118	80009ed0	ff9ff06f	jal	x0,80009ecc	
     491245.000 ns	     49123	80009ec8	00036f17	auipc	x30,0x36	 x30=0x8003fec8
     491255.000 ns	     49124	80009ecc	123f2c23	sw	x3,312(x30)	 x30:0x8003fec8  x3:0x00000001 PA:0xxxxxxxxx
     491275.000 ns	     49126	80009ed0	ff9ff06f	jal	x0,80009ecc	
     491325.000 ns	     49131	80009ec8	00036f17	auipc	x30,0x36	 x30=0x8003fec8
     491335.000 ns	     49132	80009ecc	123f2c23	sw	x3,312(x30)	 x30:0x8003fec8  x3:0x00000001 PA:0xxxxxxxxx
     491355.000 ns	     49134	80009ed0	ff9ff06f	jal	x0,80009ecc	
     491405.000 ns	     49139	80009ec8	00036f17	auipc	x30,0x36	 x30=0x8003fec8
     491415.000 ns	     49140	80009ecc	123f2c23	sw	x3,312(x30)	 x30:0x8003fec8  x3:0x00000001 PA:0xxxxxxxxx
     491435.000 ns	     49142	80009ed0	ff9ff06f	jal	x0,80009ecc	
     491485.000 ns	     49147	80009ec8	00036f17	auipc	x30,0x36	 x30=0x8003fec8
     491495.000 ns	     49148	80009ecc	123f2c23	sw	x3,312(x30)	 x30:0x8003fec8  x3:0x00000001 PA:0xxxxxxxxx
     491515.000 ns	     49150	80009ed0	ff9ff06f	jal	x0,80009ecc	
     491565.000 ns	     49155	80009ec8	00036f17	auipc	x30,0x36	 x30=0x8003fec8
     491575.000 ns	     49156	80009ecc	123f2c23	sw	x3,312(x30)	 x30:0x8003fec8  x3:0x00000001 PA:0xxxxxxxxx
     491595.000 ns	     49158	80009ed0	ff9ff06f	jal	x0,80009ecc	
     491645.000 ns	     49163	80009ec8	00036f17	auipc	x30,0x36	 x30=0x8003fec8
     491655.000 ns	     49164	80009ecc	123f2c23	sw	x3,312(x30)	 x30:0x8003fec8  x3:0x00000001 PA:0xxxxxxxxx
     491675.000 ns	     49166	80009ed0	ff9ff06f	jal	x0,80009ecc	
     491725.000 ns	     49171	80009ec8	00036f17	auipc	x30,0x36	 x30=0x8003fec8
     491735.000 ns	     49172	80009ecc	123f2c23	sw	x3,312(x30)	 x30:0x8003fec8  x3:0x00000001 PA:0xxxxxxxxx
     491755.000 ns	     49174	80009ed0	ff9ff06f	jal	x0,80009ecc	
     491805.000 ns	     49179	80009ec8	00036f17	auipc	x30,0x36	 x30=0x8003fec8
     491815.000 ns	     49180	80009ecc	123f2c23	sw	x3,312(x30)	 x30:0x8003fec8  x3:0x00000001 PA:0xxxxxxxxx
     491835.000 ns	     49182	80009ed0	ff9ff06f	jal	x0,80009ecc	
     491885.000 ns	     49187	80009ec8	00036f17	auipc	x30,0x36	 x30=0x8003fec8
     491895.000 ns	     49188	80009ecc	123f2c23	sw	x3,312(x30)	 x30:0x8003fec8  x3:0x00000001 PA:0xxxxxxxxx
     491915.000 ns	     49190	80009ed0	ff9ff06f	jal	x0,80009ecc	
     491965.000 ns	     49195	80009ec8	00036f17	auipc	x30,0x36	 x30=0x8003fec8
     491975.000 ns	     49196	80009ecc	123f2c23	sw	x3,312(x30)	 x30:0x8003fec8  x3:0x00000001 PA:0xxxxxxxxx
     491995.000 ns	     49198	80009ed0	ff9ff06f	jal	x0,80009ecc	
     492045.000 ns	     49203	80009ec8	00036f17	auipc	x30,0x36	 x30=0x8003fec8
     492055.000 ns	     49204	80009ecc	123f2c23	sw	x3,312(x30)	 x30:0x8003fec8  x3:0x00000001 PA:0xxxxxxxxx
     492075.000 ns	     49206	80009ed0	ff9ff06f	jal	x0,80009ecc	
     492125.000 ns	     49211	80009ec8	00036f17	auipc	x30,0x36	 x30=0x8003fec8
     492135.000 ns	     49212	80009ecc	123f2c23	sw	x3,312(x30)	 x30:0x8003fec8  x3:0x00000001 PA:0xxxxxxxxx
     492155.000 ns	     49214	80009ed0	ff9ff06f	jal	x0,80009ecc	
     492205.000 ns	     49219	80009ec8	00036f17	auipc	x30,0x36	 x30=0x8003fec8
     492215.000 ns	     49220	80009ecc	123f2c23	sw	x3,312(x30)	 x30:0x8003fec8  x3:0x00000001 PA:0xxxxxxxxx
     492235.000 ns	     49222	80009ed0	ff9ff06f	jal	x0,80009ecc	
     492285.000 ns	     49227	80009ec8	00036f17	auipc	x30,0x36	 x30=0x8003fec8
     492295.000 ns	     49228	80009ecc	123f2c23	sw	x3,312(x30)	 x30:0x8003fec8  x3:0x00000001 PA:0xxxxxxxxx
     492315.000 ns	     49230	80009ed0	ff9ff06f	jal	x0,80009ecc	
     492365.000 ns	     49235	80009ec8	00036f17	auipc	x30,0x36	 x30=0x8003fec8
     492375.000 ns	     49236	80009ecc	123f2c23	sw	x3,312(x30)	 x30:0x8003fec8  x3:0x00000001 PA:0xxxxxxxxx
     492395.000 ns	     49238	80009ed0	ff9ff06f	jal	x0,80009ecc	
     492445.000 ns	     49243	80009ec8	00036f17	auipc	x30,0x36	 x30=0x8003fec8
     492455.000 ns	     49244	80009ecc	123f2c23	sw	x3,312(x30)	 x30:0x8003fec8  x3:0x00000001 PA:0xxxxxxxxx
     492475.000 ns	     49246	80009ed0	ff9ff06f	jal	x0,80009ecc	
     492525.000 ns	     49251	80009ec8	00036f17	auipc	x30,0x36	 x30=0x8003fec8
     492535.000 ns	     49252	80009ecc	123f2c23	sw	x3,312(x30)	 x30:0x8003fec8  x3:0x00000001 PA:0xxxxxxxxx
     492555.000 ns	     49254	80009ed0	ff9ff06f	jal	x0,80009ecc	
     492605.000 ns	     49259	80009ec8	00036f17	auipc	x30,0x36	 x30=0x8003fec8
     492615.000 ns	     49260	80009ecc	123f2c23	sw	x3,312(x30)	 x30:0x8003fec8  x3:0x00000001 PA:0xxxxxxxxx
     492635.000 ns	     49262	80009ed0	ff9ff06f	jal	x0,80009ecc	
     492685.000 ns	     49267	80009ec8	00036f17	auipc	x30,0x36	 x30=0x8003fec8
     492695.000 ns	     49268	80009ecc	123f2c23	sw	x3,312(x30)	 x30:0x8003fec8  x3:0x00000001 PA:0xxxxxxxxx
     492715.000 ns	     49270	80009ed0	ff9ff06f	jal	x0,80009ecc	
     492765.000 ns	     49275	80009ec8	00036f17	auipc	x30,0x36	 x30=0x8003fec8
     492775.000 ns	     49276	80009ecc	123f2c23	sw	x3,312(x30)	 x30:0x8003fec8  x3:0x00000001 PA:0xxxxxxxxx
     492795.000 ns	     49278	80009ed0	ff9ff06f	jal	x0,80009ecc	
     492845.000 ns	     49283	80009ec8	00036f17	auipc	x30,0x36	 x30=0x8003fec8
     492855.000 ns	     49284	80009ecc	123f2c23	sw	x3,312(x30)	 x30:0x8003fec8  x3:0x00000001 PA:0xxxxxxxxx
     492875.000 ns	     49286	80009ed0	ff9ff06f	jal	x0,80009ecc	
     492925.000 ns	     49291	80009ec8	00036f17	auipc	x30,0x36	 x30=0x8003fec8
     492935.000 ns	     49292	80009ecc	123f2c23	sw	x3,312(x30)	 x30:0x8003fec8  x3:0x00000001 PA:0xxxxxxxxx
     492955.000 ns	     49294	80009ed0	ff9ff06f	jal	x0,80009ecc	
     493005.000 ns	     49299	80009ec8	00036f17	auipc	x30,0x36	 x30=0x8003fec8
     493015.000 ns	     49300	80009ecc	123f2c23	sw	x3,312(x30)	 x30:0x8003fec8  x3:0x00000001 PA:0xxxxxxxxx
     493035.000 ns	     49302	80009ed0	ff9ff06f	jal	x0,80009ecc	
     493085.000 ns	     49307	80009ec8	00036f17	auipc	x30,0x36	 x30=0x8003fec8
     493095.000 ns	     49308	80009ecc	123f2c23	sw	x3,312(x30)	 x30:0x8003fec8  x3:0x00000001 PA:0xxxxxxxxx
     493115.000 ns	     49310	80009ed0	ff9ff06f	jal	x0,80009ecc	
     493165.000 ns	     49315	80009ec8	00036f17	auipc	x30,0x36	 x30=0x8003fec8
     493175.000 ns	     49316	80009ecc	123f2c23	sw	x3,312(x30)	 x30:0x8003fec8  x3:0x00000001 PA:0xxxxxxxxx
     493195.000 ns	     49318	80009ed0	ff9ff06f	jal	x0,80009ecc	
     493245.000 ns	     49323	80009ec8	00036f17	auipc	x30,0x36	 x30=0x8003fec8
     493255.000 ns	     49324	80009ecc	123f2c23	sw	x3,312(x30)	 x30:0x8003fec8  x3:0x00000001 PA:0xxxxxxxxx
     493275.000 ns	     49326	80009ed0	ff9ff06f	jal	x0,80009ecc	
     493325.000 ns	     49331	80009ec8	00036f17	auipc	x30,0x36	 x30=0x8003fec8
     493335.000 ns	     49332	80009ecc	123f2c23	sw	x3,312(x30)	 x30:0x8003fec8  x3:0x00000001 PA:0xxxxxxxxx
     493355.000 ns	     49334	80009ed0	ff9ff06f	jal	x0,80009ecc	
     493405.000 ns	     49339	80009ec8	00036f17	auipc	x30,0x36	 x30=0x8003fec8
     493415.000 ns	     49340	80009ecc	123f2c23	sw	x3,312(x30)	 x30:0x8003fec8  x3:0x00000001 PA:0xxxxxxxxx
     493435.000 ns	     49342	80009ed0	ff9ff06f	jal	x0,80009ecc	
     493485.000 ns	     49347	80009ec8	00036f17	auipc	x30,0x36	 x30=0x8003fec8
     493495.000 ns	     49348	80009ecc	123f2c23	sw	x3,312(x30)	 x30:0x8003fec8  x3:0x00000001 PA:0xxxxxxxxx
     493515.000 ns	     49350	80009ed0	ff9ff06f	jal	x0,80009ecc	
     493565.000 ns	     49355	80009ec8	00036f17	auipc	x30,0x36	 x30=0x8003fec8
     493575.000 ns	     49356	80009ecc	123f2c23	sw	x3,312(x30)	 x30:0x8003fec8  x3:0x00000001 PA:0xxxxxxxxx
     493595.000 ns	     49358	80009ed0	ff9ff06f	jal	x0,80009ecc	
     493645.000 ns	     49363	80009ec8	00036f17	auipc	x30,0x36	 x30=0x8003fec8
     493655.000 ns	     49364	80009ecc	123f2c23	sw	x3,312(x30)	 x30:0x8003fec8  x3:0x00000001 PA:0xxxxxxxxx
     493675.000 ns	     49366	80009ed0	ff9ff06f	jal	x0,80009ecc	
     493725.000 ns	     49371	80009ec8	00036f17	auipc	x30,0x36	 x30=0x8003fec8
     493735.000 ns	     49372	80009ecc	123f2c23	sw	x3,312(x30)	 x30:0x8003fec8  x3:0x00000001 PA:0xxxxxxxxx
     493755.000 ns	     49374	80009ed0	ff9ff06f	jal	x0,80009ecc	
     493805.000 ns	     49379	80009ec8	00036f17	auipc	x30,0x36	 x30=0x8003fec8
     493815.000 ns	     49380	80009ecc	123f2c23	sw	x3,312(x30)	 x30:0x8003fec8  x3:0x00000001 PA:0xxxxxxxxx
     493835.000 ns	     49382	80009ed0	ff9ff06f	jal	x0,80009ecc	
     493885.000 ns	     49387	80009ec8	00036f17	auipc	x30,0x36	 x30=0x8003fec8
     493895.000 ns	     49388	80009ecc	123f2c23	sw	x3,312(x30)	 x30:0x8003fec8  x3:0x00000001 PA:0xxxxxxxxx
     493915.000 ns	     49390	80009ed0	ff9ff06f	jal	x0,80009ecc	
     493965.000 ns	     49395	80009ec8	00036f17	auipc	x30,0x36	 x30=0x8003fec8
     493975.000 ns	     49396	80009ecc	123f2c23	sw	x3,312(x30)	 x30:0x8003fec8  x3:0x00000001 PA:0xxxxxxxxx
     493995.000 ns	     49398	80009ed0	ff9ff06f	jal	x0,80009ecc	
     494045.000 ns	     49403	80009ec8	00036f17	auipc	x30,0x36	 x30=0x8003fec8
     494055.000 ns	     49404	80009ecc	123f2c23	sw	x3,312(x30)	 x30:0x8003fec8  x3:0x00000001 PA:0xxxxxxxxx
     494075.000 ns	     49406	80009ed0	ff9ff06f	jal	x0,80009ecc	
     494125.000 ns	     49411	80009ec8	00036f17	auipc	x30,0x36	 x30=0x8003fec8
     494135.000 ns	     49412	80009ecc	123f2c23	sw	x3,312(x30)	 x30:0x8003fec8  x3:0x00000001 PA:0xxxxxxxxx
     494155.000 ns	     49414	80009ed0	ff9ff06f	jal	x0,80009ecc	
     494205.000 ns	     49419	80009ec8	00036f17	auipc	x30,0x36	 x30=0x8003fec8
     494215.000 ns	     49420	80009ecc	123f2c23	sw	x3,312(x30)	 x30:0x8003fec8  x3:0x00000001 PA:0xxxxxxxxx
     494235.000 ns	     49422	80009ed0	ff9ff06f	jal	x0,80009ecc	
     494285.000 ns	     49427	80009ec8	00036f17	auipc	x30,0x36	 x30=0x8003fec8
     494295.000 ns	     49428	80009ecc	123f2c23	sw	x3,312(x30)	 x30:0x8003fec8  x3:0x00000001 PA:0xxxxxxxxx
     494315.000 ns	     49430	80009ed0	ff9ff06f	jal	x0,80009ecc	
     494365.000 ns	     49435	80009ec8	00036f17	auipc	x30,0x36	 x30=0x8003fec8
     494375.000 ns	     49436	80009ecc	123f2c23	sw	x3,312(x30)	 x30:0x8003fec8  x3:0x00000001 PA:0xxxxxxxxx
     494395.000 ns	     49438	80009ed0	ff9ff06f	jal	x0,80009ecc	
     494445.000 ns	     49443	80009ec8	00036f17	auipc	x30,0x36	 x30=0x8003fec8
     494455.000 ns	     49444	80009ecc	123f2c23	sw	x3,312(x30)	 x30:0x8003fec8  x3:0x00000001 PA:0xxxxxxxxx
     494475.000 ns	     49446	80009ed0	ff9ff06f	jal	x0,80009ecc	
     494525.000 ns	     49451	80009ec8	00036f17	auipc	x30,0x36	 x30=0x8003fec8
     494535.000 ns	     49452	80009ecc	123f2c23	sw	x3,312(x30)	 x30:0x8003fec8  x3:0x00000001 PA:0xxxxxxxxx
     494555.000 ns	     49454	80009ed0	ff9ff06f	jal	x0,80009ecc	
     494605.000 ns	     49459	80009ec8	00036f17	auipc	x30,0x36	 x30=0x8003fec8
     494615.000 ns	     49460	80009ecc	123f2c23	sw	x3,312(x30)	 x30:0x8003fec8  x3:0x00000001 PA:0xxxxxxxxx
     494635.000 ns	     49462	80009ed0	ff9ff06f	jal	x0,80009ecc	
     494685.000 ns	     49467	80009ec8	00036f17	auipc	x30,0x36	 x30=0x8003fec8
     494695.000 ns	     49468	80009ecc	123f2c23	sw	x3,312(x30)	 x30:0x8003fec8  x3:0x00000001 PA:0xxxxxxxxx
     494715.000 ns	     49470	80009ed0	ff9ff06f	jal	x0,80009ecc	
     494765.000 ns	     49475	80009ec8	00036f17	auipc	x30,0x36	 x30=0x8003fec8
     494775.000 ns	     49476	80009ecc	123f2c23	sw	x3,312(x30)	 x30:0x8003fec8  x3:0x00000001 PA:0xxxxxxxxx
     494795.000 ns	     49478	80009ed0	ff9ff06f	jal	x0,80009ecc	
     494845.000 ns	     49483	80009ec8	00036f17	auipc	x30,0x36	 x30=0x8003fec8
     494855.000 ns	     49484	80009ecc	123f2c23	sw	x3,312(x30)	 x30:0x8003fec8  x3:0x00000001 PA:0xxxxxxxxx
     494875.000 ns	     49486	80009ed0	ff9ff06f	jal	x0,80009ecc	
     494925.000 ns	     49491	80009ec8	00036f17	auipc	x30,0x36	 x30=0x8003fec8
     494935.000 ns	     49492	80009ecc	123f2c23	sw	x3,312(x30)	 x30:0x8003fec8  x3:0x00000001 PA:0xxxxxxxxx
     494955.000 ns	     49494	80009ed0	ff9ff06f	jal	x0,80009ecc	
     495005.000 ns	     49499	80009ec8	00036f17	auipc	x30,0x36	 x30=0x8003fec8
     495015.000 ns	     49500	80009ecc	123f2c23	sw	x3,312(x30)	 x30:0x8003fec8  x3:0x00000001 PA:0xxxxxxxxx
     495035.000 ns	     49502	80009ed0	ff9ff06f	jal	x0,80009ecc	
     495085.000 ns	     49507	80009ec8	00036f17	auipc	x30,0x36	 x30=0x8003fec8
     495095.000 ns	     49508	80009ecc	123f2c23	sw	x3,312(x30)	 x30:0x8003fec8  x3:0x00000001 PA:0xxxxxxxxx
     495115.000 ns	     49510	80009ed0	ff9ff06f	jal	x0,80009ecc	
     495165.000 ns	     49515	80009ec8	00036f17	auipc	x30,0x36	 x30=0x8003fec8
     495175.000 ns	     49516	80009ecc	123f2c23	sw	x3,312(x30)	 x30:0x8003fec8  x3:0x00000001 PA:0xxxxxxxxx
     495195.000 ns	     49518	80009ed0	ff9ff06f	jal	x0,80009ecc	
     495245.000 ns	     49523	80009ec8	00036f17	auipc	x30,0x36	 x30=0x8003fec8
     495255.000 ns	     49524	80009ecc	123f2c23	sw	x3,312(x30)	 x30:0x8003fec8  x3:0x00000001 PA:0xxxxxxxxx
     495275.000 ns	     49526	80009ed0	ff9ff06f	jal	x0,80009ecc	
     495325.000 ns	     49531	80009ec8	00036f17	auipc	x30,0x36	 x30=0x8003fec8
     495335.000 ns	     49532	80009ecc	123f2c23	sw	x3,312(x30)	 x30:0x8003fec8  x3:0x00000001 PA:0xxxxxxxxx
     495355.000 ns	     49534	80009ed0	ff9ff06f	jal	x0,80009ecc	
     495405.000 ns	     49539	80009ec8	00036f17	auipc	x30,0x36	 x30=0x8003fec8
     495415.000 ns	     49540	80009ecc	123f2c23	sw	x3,312(x30)	 x30:0x8003fec8  x3:0x00000001 PA:0xxxxxxxxx
     495435.000 ns	     49542	80009ed0	ff9ff06f	jal	x0,80009ecc	
     495485.000 ns	     49547	80009ec8	00036f17	auipc	x30,0x36	 x30=0x8003fec8
     495495.000 ns	     49548	80009ecc	123f2c23	sw	x3,312(x30)	 x30:0x8003fec8  x3:0x00000001 PA:0xxxxxxxxx
     495515.000 ns	     49550	80009ed0	ff9ff06f	jal	x0,80009ecc	
     495565.000 ns	     49555	80009ec8	00036f17	auipc	x30,0x36	 x30=0x8003fec8
     495575.000 ns	     49556	80009ecc	123f2c23	sw	x3,312(x30)	 x30:0x8003fec8  x3:0x00000001 PA:0xxxxxxxxx
     495595.000 ns	     49558	80009ed0	ff9ff06f	jal	x0,80009ecc	
     495645.000 ns	     49563	80009ec8	00036f17	auipc	x30,0x36	 x30=0x8003fec8
     495655.000 ns	     49564	80009ecc	123f2c23	sw	x3,312(x30)	 x30:0x8003fec8  x3:0x00000001 PA:0xxxxxxxxx
     495675.000 ns	     49566	80009ed0	ff9ff06f	jal	x0,80009ecc	
     495725.000 ns	     49571	80009ec8	00036f17	auipc	x30,0x36	 x30=0x8003fec8
     495735.000 ns	     49572	80009ecc	123f2c23	sw	x3,312(x30)	 x30:0x8003fec8  x3:0x00000001 PA:0xxxxxxxxx
     495755.000 ns	     49574	80009ed0	ff9ff06f	jal	x0,80009ecc	
     495805.000 ns	     49579	80009ec8	00036f17	auipc	x30,0x36	 x30=0x8003fec8
     495815.000 ns	     49580	80009ecc	123f2c23	sw	x3,312(x30)	 x30:0x8003fec8  x3:0x00000001 PA:0xxxxxxxxx
     495835.000 ns	     49582	80009ed0	ff9ff06f	jal	x0,80009ecc	
     495885.000 ns	     49587	80009ec8	00036f17	auipc	x30,0x36	 x30=0x8003fec8
     495895.000 ns	     49588	80009ecc	123f2c23	sw	x3,312(x30)	 x30:0x8003fec8  x3:0x00000001 PA:0xxxxxxxxx
     495915.000 ns	     49590	80009ed0	ff9ff06f	jal	x0,80009ecc	
     495965.000 ns	     49595	80009ec8	00036f17	auipc	x30,0x36	 x30=0x8003fec8
     495975.000 ns	     49596	80009ecc	123f2c23	sw	x3,312(x30)	 x30:0x8003fec8  x3:0x00000001 PA:0xxxxxxxxx
     495995.000 ns	     49598	80009ed0	ff9ff06f	jal	x0,80009ecc	
     496045.000 ns	     49603	80009ec8	00036f17	auipc	x30,0x36	 x30=0x8003fec8
     496055.000 ns	     49604	80009ecc	123f2c23	sw	x3,312(x30)	 x30:0x8003fec8  x3:0x00000001 PA:0xxxxxxxxx
     496075.000 ns	     49606	80009ed0	ff9ff06f	jal	x0,80009ecc	
     496125.000 ns	     49611	80009ec8	00036f17	auipc	x30,0x36	 x30=0x8003fec8
     496135.000 ns	     49612	80009ecc	123f2c23	sw	x3,312(x30)	 x30:0x8003fec8  x3:0x00000001 PA:0xxxxxxxxx
     496155.000 ns	     49614	80009ed0	ff9ff06f	jal	x0,80009ecc	
     496205.000 ns	     49619	80009ec8	00036f17	auipc	x30,0x36	 x30=0x8003fec8
     496215.000 ns	     49620	80009ecc	123f2c23	sw	x3,312(x30)	 x30:0x8003fec8  x3:0x00000001 PA:0xxxxxxxxx
     496235.000 ns	     49622	80009ed0	ff9ff06f	jal	x0,80009ecc	
     496285.000 ns	     49627	80009ec8	00036f17	auipc	x30,0x36	 x30=0x8003fec8
     496295.000 ns	     49628	80009ecc	123f2c23	sw	x3,312(x30)	 x30:0x8003fec8  x3:0x00000001 PA:0xxxxxxxxx
     496315.000 ns	     49630	80009ed0	ff9ff06f	jal	x0,80009ecc	
     496365.000 ns	     49635	80009ec8	00036f17	auipc	x30,0x36	 x30=0x8003fec8
     496375.000 ns	     49636	80009ecc	123f2c23	sw	x3,312(x30)	 x30:0x8003fec8  x3:0x00000001 PA:0xxxxxxxxx
     496395.000 ns	     49638	80009ed0	ff9ff06f	jal	x0,80009ecc	
     496445.000 ns	     49643	80009ec8	00036f17	auipc	x30,0x36	 x30=0x8003fec8
     496455.000 ns	     49644	80009ecc	123f2c23	sw	x3,312(x30)	 x30:0x8003fec8  x3:0x00000001 PA:0xxxxxxxxx
     496475.000 ns	     49646	80009ed0	ff9ff06f	jal	x0,80009ecc	
     496525.000 ns	     49651	80009ec8	00036f17	auipc	x30,0x36	 x30=0x8003fec8
     496535.000 ns	     49652	80009ecc	123f2c23	sw	x3,312(x30)	 x30:0x8003fec8  x3:0x00000001 PA:0xxxxxxxxx
     496555.000 ns	     49654	80009ed0	ff9ff06f	jal	x0,80009ecc	
     496605.000 ns	     49659	80009ec8	00036f17	auipc	x30,0x36	 x30=0x8003fec8
     496615.000 ns	     49660	80009ecc	123f2c23	sw	x3,312(x30)	 x30:0x8003fec8  x3:0x00000001 PA:0xxxxxxxxx
     496635.000 ns	     49662	80009ed0	ff9ff06f	jal	x0,80009ecc	
     496685.000 ns	     49667	80009ec8	00036f17	auipc	x30,0x36	 x30=0x8003fec8
     496695.000 ns	     49668	80009ecc	123f2c23	sw	x3,312(x30)	 x30:0x8003fec8  x3:0x00000001 PA:0xxxxxxxxx
     496715.000 ns	     49670	80009ed0	ff9ff06f	jal	x0,80009ecc	
     496765.000 ns	     49675	80009ec8	00036f17	auipc	x30,0x36	 x30=0x8003fec8
     496775.000 ns	     49676	80009ecc	123f2c23	sw	x3,312(x30)	 x30:0x8003fec8  x3:0x00000001 PA:0xxxxxxxxx
     496795.000 ns	     49678	80009ed0	ff9ff06f	jal	x0,80009ecc	
     496845.000 ns	     49683	80009ec8	00036f17	auipc	x30,0x36	 x30=0x8003fec8
     496855.000 ns	     49684	80009ecc	123f2c23	sw	x3,312(x30)	 x30:0x8003fec8  x3:0x00000001 PA:0xxxxxxxxx
     496875.000 ns	     49686	80009ed0	ff9ff06f	jal	x0,80009ecc	
     496925.000 ns	     49691	80009ec8	00036f17	auipc	x30,0x36	 x30=0x8003fec8
     496935.000 ns	     49692	80009ecc	123f2c23	sw	x3,312(x30)	 x30:0x8003fec8  x3:0x00000001 PA:0xxxxxxxxx
     496955.000 ns	     49694	80009ed0	ff9ff06f	jal	x0,80009ecc	
     497005.000 ns	     49699	80009ec8	00036f17	auipc	x30,0x36	 x30=0x8003fec8
     497015.000 ns	     49700	80009ecc	123f2c23	sw	x3,312(x30)	 x30:0x8003fec8  x3:0x00000001 PA:0xxxxxxxxx
     497035.000 ns	     49702	80009ed0	ff9ff06f	jal	x0,80009ecc	
     497085.000 ns	     49707	80009ec8	00036f17	auipc	x30,0x36	 x30=0x8003fec8
     497095.000 ns	     49708	80009ecc	123f2c23	sw	x3,312(x30)	 x30:0x8003fec8  x3:0x00000001 PA:0xxxxxxxxx
     497115.000 ns	     49710	80009ed0	ff9ff06f	jal	x0,80009ecc	
     497165.000 ns	     49715	80009ec8	00036f17	auipc	x30,0x36	 x30=0x8003fec8
     497175.000 ns	     49716	80009ecc	123f2c23	sw	x3,312(x30)	 x30:0x8003fec8  x3:0x00000001 PA:0xxxxxxxxx
     497195.000 ns	     49718	80009ed0	ff9ff06f	jal	x0,80009ecc	
     497245.000 ns	     49723	80009ec8	00036f17	auipc	x30,0x36	 x30=0x8003fec8
     497255.000 ns	     49724	80009ecc	123f2c23	sw	x3,312(x30)	 x30:0x8003fec8  x3:0x00000001 PA:0xxxxxxxxx
     497275.000 ns	     49726	80009ed0	ff9ff06f	jal	x0,80009ecc	
     497325.000 ns	     49731	80009ec8	00036f17	auipc	x30,0x36	 x30=0x8003fec8
     497335.000 ns	     49732	80009ecc	123f2c23	sw	x3,312(x30)	 x30:0x8003fec8  x3:0x00000001 PA:0xxxxxxxxx
     497355.000 ns	     49734	80009ed0	ff9ff06f	jal	x0,80009ecc	
     497405.000 ns	     49739	80009ec8	00036f17	auipc	x30,0x36	 x30=0x8003fec8
     497415.000 ns	     49740	80009ecc	123f2c23	sw	x3,312(x30)	 x30:0x8003fec8  x3:0x00000001 PA:0xxxxxxxxx
     497435.000 ns	     49742	80009ed0	ff9ff06f	jal	x0,80009ecc	
     497485.000 ns	     49747	80009ec8	00036f17	auipc	x30,0x36	 x30=0x8003fec8
     497495.000 ns	     49748	80009ecc	123f2c23	sw	x3,312(x30)	 x30:0x8003fec8  x3:0x00000001 PA:0xxxxxxxxx
     497515.000 ns	     49750	80009ed0	ff9ff06f	jal	x0,80009ecc	
     497565.000 ns	     49755	80009ec8	00036f17	auipc	x30,0x36	 x30=0x8003fec8
     497575.000 ns	     49756	80009ecc	123f2c23	sw	x3,312(x30)	 x30:0x8003fec8  x3:0x00000001 PA:0xxxxxxxxx
     497595.000 ns	     49758	80009ed0	ff9ff06f	jal	x0,80009ecc	
     497645.000 ns	     49763	80009ec8	00036f17	auipc	x30,0x36	 x30=0x8003fec8
     497655.000 ns	     49764	80009ecc	123f2c23	sw	x3,312(x30)	 x30:0x8003fec8  x3:0x00000001 PA:0xxxxxxxxx
     497675.000 ns	     49766	80009ed0	ff9ff06f	jal	x0,80009ecc	
     497725.000 ns	     49771	80009ec8	00036f17	auipc	x30,0x36	 x30=0x8003fec8
     497735.000 ns	     49772	80009ecc	123f2c23	sw	x3,312(x30)	 x30:0x8003fec8  x3:0x00000001 PA:0xxxxxxxxx
     497755.000 ns	     49774	80009ed0	ff9ff06f	jal	x0,80009ecc	
     497805.000 ns	     49779	80009ec8	00036f17	auipc	x30,0x36	 x30=0x8003fec8
     497815.000 ns	     49780	80009ecc	123f2c23	sw	x3,312(x30)	 x30:0x8003fec8  x3:0x00000001 PA:0xxxxxxxxx
     497835.000 ns	     49782	80009ed0	ff9ff06f	jal	x0,80009ecc	
     497885.000 ns	     49787	80009ec8	00036f17	auipc	x30,0x36	 x30=0x8003fec8
     497895.000 ns	     49788	80009ecc	123f2c23	sw	x3,312(x30)	 x30:0x8003fec8  x3:0x00000001 PA:0xxxxxxxxx
     497915.000 ns	     49790	80009ed0	ff9ff06f	jal	x0,80009ecc	
     497965.000 ns	     49795	80009ec8	00036f17	auipc	x30,0x36	 x30=0x8003fec8
     497975.000 ns	     49796	80009ecc	123f2c23	sw	x3,312(x30)	 x30:0x8003fec8  x3:0x00000001 PA:0xxxxxxxxx
     497995.000 ns	     49798	80009ed0	ff9ff06f	jal	x0,80009ecc	
     498045.000 ns	     49803	80009ec8	00036f17	auipc	x30,0x36	 x30=0x8003fec8
     498055.000 ns	     49804	80009ecc	123f2c23	sw	x3,312(x30)	 x30:0x8003fec8  x3:0x00000001 PA:0xxxxxxxxx
     498075.000 ns	     49806	80009ed0	ff9ff06f	jal	x0,80009ecc	
     498125.000 ns	     49811	80009ec8	00036f17	auipc	x30,0x36	 x30=0x8003fec8
     498135.000 ns	     49812	80009ecc	123f2c23	sw	x3,312(x30)	 x30:0x8003fec8  x3:0x00000001 PA:0xxxxxxxxx
     498155.000 ns	     49814	80009ed0	ff9ff06f	jal	x0,80009ecc	
     498205.000 ns	     49819	80009ec8	00036f17	auipc	x30,0x36	 x30=0x8003fec8
     498215.000 ns	     49820	80009ecc	123f2c23	sw	x3,312(x30)	 x30:0x8003fec8  x3:0x00000001 PA:0xxxxxxxxx
     498235.000 ns	     49822	80009ed0	ff9ff06f	jal	x0,80009ecc	
     498285.000 ns	     49827	80009ec8	00036f17	auipc	x30,0x36	 x30=0x8003fec8
     498295.000 ns	     49828	80009ecc	123f2c23	sw	x3,312(x30)	 x30:0x8003fec8  x3:0x00000001 PA:0xxxxxxxxx
     498315.000 ns	     49830	80009ed0	ff9ff06f	jal	x0,80009ecc	
     498365.000 ns	     49835	80009ec8	00036f17	auipc	x30,0x36	 x30=0x8003fec8
     498375.000 ns	     49836	80009ecc	123f2c23	sw	x3,312(x30)	 x30:0x8003fec8  x3:0x00000001 PA:0xxxxxxxxx
     498395.000 ns	     49838	80009ed0	ff9ff06f	jal	x0,80009ecc	
     498445.000 ns	     49843	80009ec8	00036f17	auipc	x30,0x36	 x30=0x8003fec8
     498455.000 ns	     49844	80009ecc	123f2c23	sw	x3,312(x30)	 x30:0x8003fec8  x3:0x00000001 PA:0xxxxxxxxx
     498475.000 ns	     49846	80009ed0	ff9ff06f	jal	x0,80009ecc	
     498525.000 ns	     49851	80009ec8	00036f17	auipc	x30,0x36	 x30=0x8003fec8
     498535.000 ns	     49852	80009ecc	123f2c23	sw	x3,312(x30)	 x30:0x8003fec8  x3:0x00000001 PA:0xxxxxxxxx
     498555.000 ns	     49854	80009ed0	ff9ff06f	jal	x0,80009ecc	
     498605.000 ns	     49859	80009ec8	00036f17	auipc	x30,0x36	 x30=0x8003fec8
     498615.000 ns	     49860	80009ecc	123f2c23	sw	x3,312(x30)	 x30:0x8003fec8  x3:0x00000001 PA:0xxxxxxxxx
     498635.000 ns	     49862	80009ed0	ff9ff06f	jal	x0,80009ecc	
     498685.000 ns	     49867	80009ec8	00036f17	auipc	x30,0x36	 x30=0x8003fec8
     498695.000 ns	     49868	80009ecc	123f2c23	sw	x3,312(x30)	 x30:0x8003fec8  x3:0x00000001 PA:0xxxxxxxxx
     498715.000 ns	     49870	80009ed0	ff9ff06f	jal	x0,80009ecc	
     498765.000 ns	     49875	80009ec8	00036f17	auipc	x30,0x36	 x30=0x8003fec8
     498775.000 ns	     49876	80009ecc	123f2c23	sw	x3,312(x30)	 x30:0x8003fec8  x3:0x00000001 PA:0xxxxxxxxx
     498795.000 ns	     49878	80009ed0	ff9ff06f	jal	x0,80009ecc	
     498845.000 ns	     49883	80009ec8	00036f17	auipc	x30,0x36	 x30=0x8003fec8
     498855.000 ns	     49884	80009ecc	123f2c23	sw	x3,312(x30)	 x30:0x8003fec8  x3:0x00000001 PA:0xxxxxxxxx
     498875.000 ns	     49886	80009ed0	ff9ff06f	jal	x0,80009ecc	
     498925.000 ns	     49891	80009ec8	00036f17	auipc	x30,0x36	 x30=0x8003fec8
     498935.000 ns	     49892	80009ecc	123f2c23	sw	x3,312(x30)	 x30:0x8003fec8  x3:0x00000001 PA:0xxxxxxxxx
     498955.000 ns	     49894	80009ed0	ff9ff06f	jal	x0,80009ecc	
     499005.000 ns	     49899	80009ec8	00036f17	auipc	x30,0x36	 x30=0x8003fec8
     499015.000 ns	     49900	80009ecc	123f2c23	sw	x3,312(x30)	 x30:0x8003fec8  x3:0x00000001 PA:0xxxxxxxxx
     499035.000 ns	     49902	80009ed0	ff9ff06f	jal	x0,80009ecc	
     499085.000 ns	     49907	80009ec8	00036f17	auipc	x30,0x36	 x30=0x8003fec8
     499095.000 ns	     49908	80009ecc	123f2c23	sw	x3,312(x30)	 x30:0x8003fec8  x3:0x00000001 PA:0xxxxxxxxx
     499115.000 ns	     49910	80009ed0	ff9ff06f	jal	x0,80009ecc	
     499165.000 ns	     49915	80009ec8	00036f17	auipc	x30,0x36	 x30=0x8003fec8
     499175.000 ns	     49916	80009ecc	123f2c23	sw	x3,312(x30)	 x30:0x8003fec8  x3:0x00000001 PA:0xxxxxxxxx
     499195.000 ns	     49918	80009ed0	ff9ff06f	jal	x0,80009ecc	
     499245.000 ns	     49923	80009ec8	00036f17	auipc	x30,0x36	 x30=0x8003fec8
     499255.000 ns	     49924	80009ecc	123f2c23	sw	x3,312(x30)	 x30:0x8003fec8  x3:0x00000001 PA:0xxxxxxxxx
     499275.000 ns	     49926	80009ed0	ff9ff06f	jal	x0,80009ecc	
     499325.000 ns	     49931	80009ec8	00036f17	auipc	x30,0x36	 x30=0x8003fec8
     499335.000 ns	     49932	80009ecc	123f2c23	sw	x3,312(x30)	 x30:0x8003fec8  x3:0x00000001 PA:0xxxxxxxxx
     499355.000 ns	     49934	80009ed0	ff9ff06f	jal	x0,80009ecc	
     499405.000 ns	     49939	80009ec8	00036f17	auipc	x30,0x36	 x30=0x8003fec8
     499415.000 ns	     49940	80009ecc	123f2c23	sw	x3,312(x30)	 x30:0x8003fec8  x3:0x00000001 PA:0xxxxxxxxx
     499435.000 ns	     49942	80009ed0	ff9ff06f	jal	x0,80009ecc	
     499485.000 ns	     49947	80009ec8	00036f17	auipc	x30,0x36	 x30=0x8003fec8
     499495.000 ns	     49948	80009ecc	123f2c23	sw	x3,312(x30)	 x30:0x8003fec8  x3:0x00000001 PA:0xxxxxxxxx
     499515.000 ns	     49950	80009ed0	ff9ff06f	jal	x0,80009ecc	
     499565.000 ns	     49955	80009ec8	00036f17	auipc	x30,0x36	 x30=0x8003fec8
     499575.000 ns	     49956	80009ecc	123f2c23	sw	x3,312(x30)	 x30:0x8003fec8  x3:0x00000001 PA:0xxxxxxxxx
     499595.000 ns	     49958	80009ed0	ff9ff06f	jal	x0,80009ecc	
     499645.000 ns	     49963	80009ec8	00036f17	auipc	x30,0x36	 x30=0x8003fec8
     499655.000 ns	     49964	80009ecc	123f2c23	sw	x3,312(x30)	 x30:0x8003fec8  x3:0x00000001 PA:0xxxxxxxxx
     499675.000 ns	     49966	80009ed0	ff9ff06f	jal	x0,80009ecc	
     499725.000 ns	     49971	80009ec8	00036f17	auipc	x30,0x36	 x30=0x8003fec8
     499735.000 ns	     49972	80009ecc	123f2c23	sw	x3,312(x30)	 x30:0x8003fec8  x3:0x00000001 PA:0xxxxxxxxx
     499755.000 ns	     49974	80009ed0	ff9ff06f	jal	x0,80009ecc	
     499805.000 ns	     49979	80009ec8	00036f17	auipc	x30,0x36	 x30=0x8003fec8
     499815.000 ns	     49980	80009ecc	123f2c23	sw	x3,312(x30)	 x30:0x8003fec8  x3:0x00000001 PA:0xxxxxxxxx
     499835.000 ns	     49982	80009ed0	ff9ff06f	jal	x0,80009ecc	
     499885.000 ns	     49987	80009ec8	00036f17	auipc	x30,0x36	 x30=0x8003fec8
     499895.000 ns	     49988	80009ecc	123f2c23	sw	x3,312(x30)	 x30:0x8003fec8  x3:0x00000001 PA:0xxxxxxxxx
     499915.000 ns	     49990	80009ed0	ff9ff06f	jal	x0,80009ecc	
     499965.000 ns	     49995	80009ec8	00036f17	auipc	x30,0x36	 x30=0x8003fec8
     499975.000 ns	     49996	80009ecc	123f2c23	sw	x3,312(x30)	 x30:0x8003fec8  x3:0x00000001 PA:0xxxxxxxxx
