		Time			Cycle	PC		Insn	Decoded instruction	Register and memory contents
         65.000 ns	         5	80000000	f14022f3	csrrs	x5,mhartid,x0	  x0:0x00000000  x5=0xffffff14
         75.000 ns	         6	80000004	00000313	addi	x6,x0,0	  x0:0x00000000  x6=0x00000000
         85.000 ns	         7	80000008	00628263	beq	x5,x6,8000000c	  x5:0x00000000  x6:0x00000000
         95.000 ns	         8	8000000c	00000997	auipc	x19,0x0	 x19=0x8000000c
        105.000 ns	         9	80000010	00c98993	addi	x19,x19,12	 x19:0x00000000 x19=0x80000018
        115.000 ns	        10	80000014	00098067	jalr	x0,x19,0	 x19:0x00000000
        165.000 ns	        15	80000018	40001637	lui	x12,0x40001	 x12=0x40001000
        175.000 ns	        16	8000001c	12060613	addi	x12,x12,288	 x12:0x00000000 x12=0x40001120
        185.000 ns	        17	80000020	30161073	csrrw	x0,misa,x12	 x12:0x00000000
        195.000 ns	        18	80000024	00041d97	auipc	x27,0x41	 x27=0x80041024
        205.000 ns	        19	80000028	000d8d93	addi	x27,x27,0	 x27:0x00000000 x27=0x80041024
        215.000 ns	        20	8000002c	0000a617	auipc	x12,0xa	 x12=0x8000a02c
        225.000 ns	        21	80000030	e9c60613	addi	x12,x12,-356	 x12:0x40001120 x12=0x80009ec8
        235.000 ns	        22	80000034	00066613	ori	x12,x12,0	 x12:0x40001120 x12=0x80009ec8
        245.000 ns	        23	80000038	30561073	csrrw	x0,mtvec,x12	 x12:0x8000a02c
        255.000 ns	        24	8000003c	00000617	auipc	x12,0x0	 x12=0x8000003c
        265.000 ns	        25	80000040	02860613	addi	x12,x12,40	 x12:0x80009ec8 x12=0x80000064
        275.000 ns	        26	80000044	34161073	csrrw	x0,mepc,x12	 x12:0x80009ec8
        285.000 ns	        27	80000048	00000013	addi	x0,x0,0	  x0:0x00000000
        295.000 ns	        28	8000004c	00004637	lui	x12,0x4	 x12=0x00004000
        305.000 ns	        29	80000050	80060613	addi	x12,x12,-2048	 x12:0x80000064 x12=0x00003800
        315.000 ns	        30	80000054	30061073	csrrw	x0,mstatus,x12	 x12:0x80000064
        325.000 ns	        31	80000058	00000613	addi	x12,x0,0	  x0:0x00000000 x12=0x00000000
        335.000 ns	        32	8000005c	30461073	csrrw	x0,mie,x12	 x12:0x00003800
        345.000 ns	        33	80000060	30200073	mret	
        355.000 ns	        34	80000064	0035e637	lui	x12,0x35e	 x12=0x0035e000
        365.000 ns	        35	80000068	b4160613	addi	x12,x12,-1215	 x12:0x00000000 x12=0x0035db41
        385.000 ns	        37	8000006c	f0060053	fmv.w.x	f0,x12	 x12:0x00000000  f0=0x0035db41
        405.000 ns	        39	80000070	7f800637	lui	x12,0x7f800	 x12=0x7f800000
        415.000 ns	        40	80000074	00160613	addi	x12,x12,1	 x12:0x0035db41 x12=0x7f800001
        435.000 ns	        42	80000078	f00600d3	fmv.w.x	f1,x12	 x12:0x0035db41  f1=0x7f800001
        455.000 ns	        44	8000007c	007a5637	lui	x12,0x7a5	 x12=0x007a5000
        465.000 ns	        45	80000080	cb560613	addi	x12,x12,-843	 x12:0x7f800001 x12=0x007a4cb5
        485.000 ns	        47	80000084	f0060153	fmv.w.x	f2,x12	 x12:0x7f800001  f2=0x007a4cb5
        505.000 ns	        49	80000088	00000613	addi	x12,x0,0	  x0:0x00000000 x12=0x00000000
        525.000 ns	        51	8000008c	f00601d3	fmv.w.x	f3,x12	 x12:0x007a4cb5  f3=0x00000000
        545.000 ns	        53	80000090	236c0637	lui	x12,0x236c0	 x12=0x236c0000
        555.000 ns	        54	80000094	b4c60613	addi	x12,x12,-1204	 x12:0x00000000 x12=0x236bfb4c
        575.000 ns	        56	80000098	f0060253	fmv.w.x	f4,x12	 x12:0x00000000  f4=0x236bfb4c
        595.000 ns	        58	8000009c	80000637	lui	x12,0x80000	 x12=0x80000000
        615.000 ns	        60	800000a0	f00602d3	fmv.w.x	f5,x12	 x12:0x236bfb4c  f5=0x80000000
        635.000 ns	        62	800000a4	80000637	lui	x12,0x80000	 x12=0x80000000
        655.000 ns	        64	800000a8	f0060353	fmv.w.x	f6,x12	 x12:0x80000000  f6=0x80000000
        675.000 ns	        66	800000ac	8058e637	lui	x12,0x8058e	 x12=0x8058e000
        685.000 ns	        67	800000b0	0af60613	addi	x12,x12,175	 x12:0x80000000 x12=0x8058e0af
        705.000 ns	        69	800000b4	f00603d3	fmv.w.x	f7,x12	 x12:0x80000000  f7=0x8058e0af
        725.000 ns	        71	800000b8	00178637	lui	x12,0x178	 x12=0x00178000
        735.000 ns	        72	800000bc	95460613	addi	x12,x12,-1708	 x12:0x8058e0af x12=0x00177954
        755.000 ns	        74	800000c0	f0060453	fmv.w.x	f8,x12	 x12:0x8058e0af  f8=0x00177954
        775.000 ns	        76	800000c4	7f800637	lui	x12,0x7f800	 x12=0x7f800000
        785.000 ns	        77	800000c8	00160613	addi	x12,x12,1	 x12:0x00177954 x12=0x7f800001
        805.000 ns	        79	800000cc	f00604d3	fmv.w.x	f9,x12	 x12:0x00177954  f9=0x7f800001
        825.000 ns	        81	800000d0	7f800637	lui	x12,0x7f800	 x12=0x7f800000
        845.000 ns	        83	800000d4	f0060553	fmv.w.x	f10,x12	 x12:0x7f800001 f10=0x7f800000
        865.000 ns	        85	800000d8	7f800637	lui	x12,0x7f800	 x12=0x7f800000
        875.000 ns	        86	800000dc	fff60613	addi	x12,x12,-1	 x12:0x7f800000 x12=0x7f7fffff
        895.000 ns	        88	800000e0	f00605d3	fmv.w.x	f11,x12	 x12:0x7f800000 f11=0x7f7fffff
        915.000 ns	        90	800000e4	802c8637	lui	x12,0x802c8	 x12=0x802c8000
        925.000 ns	        91	800000e8	90c60613	addi	x12,x12,-1780	 x12:0x7f7fffff x12=0x802c790c
        945.000 ns	        93	800000ec	f0060653	fmv.w.x	f12,x12	 x12:0x7f7fffff f12=0x802c790c
        965.000 ns	        95	800000f0	7f800637	lui	x12,0x7f800	 x12=0x7f800000
        975.000 ns	        96	800000f4	fff60613	addi	x12,x12,-1	 x12:0x802c790c x12=0x7f7fffff
        995.000 ns	        98	800000f8	f00606d3	fmv.w.x	f13,x12	 x12:0x802c790c f13=0x7f7fffff
       1015.000 ns	       100	800000fc	7f800637	lui	x12,0x7f800	 x12=0x7f800000
       1025.000 ns	       101	80000100	00160613	addi	x12,x12,1	 x12:0x7f7fffff x12=0x7f800001
       1045.000 ns	       103	80000104	f0060753	fmv.w.x	f14,x12	 x12:0x7f7fffff f14=0x7f800001
       1065.000 ns	       105	80000108	ff800637	lui	x12,0xff800	 x12=0xff800000
       1075.000 ns	       106	8000010c	fff60613	addi	x12,x12,-1	 x12:0x7f800001 x12=0xff7fffff
       1095.000 ns	       108	80000110	f00607d3	fmv.w.x	f15,x12	 x12:0x7f800001 f15=0xff7fffff
       1115.000 ns	       110	80000114	7f800637	lui	x12,0x7f800	 x12=0x7f800000
       1125.000 ns	       111	80000118	fff60613	addi	x12,x12,-1	 x12:0xff7fffff x12=0x7f7fffff
       1145.000 ns	       113	8000011c	f0060853	fmv.w.x	f16,x12	 x12:0xff7fffff f16=0x7f7fffff
       1165.000 ns	       115	80000120	24338637	lui	x12,0x24338	 x12=0x24338000
       1175.000 ns	       116	80000124	97d60613	addi	x12,x12,-1667	 x12:0x7f7fffff x12=0x2433797d
       1195.000 ns	       118	80000128	f00608d3	fmv.w.x	f17,x12	 x12:0x7f7fffff f17=0x2433797d
       1215.000 ns	       120	8000012c	ff800637	lui	x12,0xff800	 x12=0xff800000
       1235.000 ns	       122	80000130	f0060953	fmv.w.x	f18,x12	 x12:0x2433797d f18=0xff800000
       1255.000 ns	       124	80000134	7fc00637	lui	x12,0x7fc00	 x12=0x7fc00000
       1275.000 ns	       126	80000138	f00609d3	fmv.w.x	f19,x12	 x12:0xff800000 f19=0x7fc00000
       1295.000 ns	       128	8000013c	7f800637	lui	x12,0x7f800	 x12=0x7f800000
       1305.000 ns	       129	80000140	fff60613	addi	x12,x12,-1	 x12:0x7fc00000 x12=0x7f7fffff
       1325.000 ns	       131	80000144	f0060a53	fmv.w.x	f20,x12	 x12:0x7fc00000 f20=0x7f7fffff
       1345.000 ns	       133	80000148	80000637	lui	x12,0x80000	 x12=0x80000000
       1365.000 ns	       135	8000014c	f0060ad3	fmv.w.x	f21,x12	 x12:0x7f7fffff f21=0x80000000
       1385.000 ns	       137	80000150	00000613	addi	x12,x0,0	  x0:0x00000000 x12=0x00000000
       1405.000 ns	       139	80000154	f0060b53	fmv.w.x	f22,x12	 x12:0x80000000 f22=0x00000000
       1425.000 ns	       141	80000158	00340637	lui	x12,0x340	 x12=0x00340000
       1435.000 ns	       142	8000015c	2db60613	addi	x12,x12,731	 x12:0x00000000 x12=0x003402db
       1455.000 ns	       144	80000160	f0060bd3	fmv.w.x	f23,x12	 x12:0x00000000 f23=0x003402db
       1475.000 ns	       146	80000164	26bc7637	lui	x12,0x26bc7	 x12=0x26bc7000
       1485.000 ns	       147	80000168	03b60613	addi	x12,x12,59	 x12:0x003402db x12=0x26bc703b
       1505.000 ns	       149	8000016c	f0060c53	fmv.w.x	f24,x12	 x12:0x003402db f24=0x26bc703b
       1525.000 ns	       151	80000170	00163637	lui	x12,0x163	 x12=0x00163000
       1535.000 ns	       152	80000174	a8860613	addi	x12,x12,-1400	 x12:0x26bc703b x12=0x00162a88
       1555.000 ns	       154	80000178	f0060cd3	fmv.w.x	f25,x12	 x12:0x26bc703b f25=0x00162a88
       1575.000 ns	       156	8000017c	7f800637	lui	x12,0x7f800	 x12=0x7f800000
       1585.000 ns	       157	80000180	00160613	addi	x12,x12,1	 x12:0x00162a88 x12=0x7f800001
       1605.000 ns	       159	80000184	f0060d53	fmv.w.x	f26,x12	 x12:0x00162a88 f26=0x7f800001
       1625.000 ns	       161	80000188	8068d637	lui	x12,0x8068d	 x12=0x8068d000
       1635.000 ns	       162	8000018c	bcc60613	addi	x12,x12,-1076	 x12:0x7f800001 x12=0x8068cbcc
       1655.000 ns	       164	80000190	f0060dd3	fmv.w.x	f27,x12	 x12:0x7f800001 f27=0x8068cbcc
       1675.000 ns	       166	80000194	7f800637	lui	x12,0x7f800	 x12=0x7f800000
       1695.000 ns	       168	80000198	f0060e53	fmv.w.x	f28,x12	 x12:0x8068cbcc f28=0x7f800000
       1715.000 ns	       170	8000019c	7fc00637	lui	x12,0x7fc00	 x12=0x7fc00000
       1735.000 ns	       172	800001a0	f0060ed3	fmv.w.x	f29,x12	 x12:0x7f800000 f29=0x7fc00000
       1755.000 ns	       174	800001a4	8995a637	lui	x12,0x8995a	 x12=0x8995a000
       1765.000 ns	       175	800001a8	c0160613	addi	x12,x12,-1023	 x12:0x7fc00000 x12=0x89959c01
       1785.000 ns	       177	800001ac	f0060f53	fmv.w.x	f30,x12	 x12:0x7fc00000 f30=0x89959c01
       1805.000 ns	       179	800001b0	7f800637	lui	x12,0x7f800	 x12=0x7f800000
       1825.000 ns	       181	800001b4	f0060fd3	fmv.w.x	f31,x12	 x12:0x89959c01 f31=0x7f800000
       1845.000 ns	       183	800001b8	0020d073	csrrwi	x0,frm,1	
       1855.000 ns	       184	800001bc	00f00013	addi	x0,x0,15	  x0:0x00000000
       1865.000 ns	       185	800001c0	fdd4c0b7	lui	x1,0xfdd4c	  x1=0xfdd4c000
       1875.000 ns	       186	800001c4	1b808093	addi	x1,x1,440	  x1:0x00000000  x1=0xfdd4c1b8
       1885.000 ns	       187	800001c8	80000137	lui	x2,0x80000	  x2=0x80000000
       1895.000 ns	       188	800001cc	fd0db1b7	lui	x3,0xfd0db	  x3=0xfd0db000
       1905.000 ns	       189	800001d0	74c18193	addi	x3,x3,1868	  x3:0x00000000  x3=0xfd0db74c
       1915.000 ns	       190	800001d4	f6661237	lui	x4,0xf6661	  x4=0xf6661000
       1925.000 ns	       191	800001d8	9e920213	addi	x4,x4,-1559	  x4:0x00000000  x4=0xf66609e9
       1935.000 ns	       192	800001dc	00000293	addi	x5,x0,0	  x0:0x00000000  x5=0x00000000
       1945.000 ns	       193	800001e0	80000337	lui	x6,0x80000	  x6=0x80000000
       1955.000 ns	       194	800001e4	00c00393	addi	x7,x0,12	  x0:0x00000000  x7=0x0000000c
       1965.000 ns	       195	800001e8	4dd5f437	lui	x8,0x4dd5f	  x8=0x4dd5f000
       1975.000 ns	       196	800001ec	ad240413	addi	x8,x8,-1326	  x8:0x00000000  x8=0x4dd5ead2
       1985.000 ns	       197	800001f0	00900493	addi	x9,x0,9	  x0:0x00000000  x9=0x00000009
       1995.000 ns	       198	800001f4	80000537	lui	x10,0x80000	 x10=0x80000000
       2005.000 ns	       199	800001f8	00000593	addi	x11,x0,0	  x0:0x00000000 x11=0x00000000
       2015.000 ns	       200	800001fc	f6097637	lui	x12,0xf6097	 x12=0xf6097000
       2025.000 ns	       201	80000200	a0860613	addi	x12,x12,-1528	 x12:0x7f800000 x12=0xf6096a08
       2035.000 ns	       202	80000204	999ec6b7	lui	x13,0x999ec	 x13=0x999ec000
       2045.000 ns	       203	80000208	72368693	addi	x13,x13,1827	 x13:0x00000000 x13=0x999ec723
       2055.000 ns	       204	8000020c	00a00713	addi	x14,x0,10	  x0:0x00000000 x14=0x0000000a
       2065.000 ns	       205	80000210	f6e777b7	lui	x15,0xf6e77	 x15=0xf6e77000
       2075.000 ns	       206	80000214	a8978793	addi	x15,x15,-1399	 x15:0x00000000 x15=0xf6e76a89
       2085.000 ns	       207	80000218	00000813	addi	x16,x0,0	  x0:0x00000000 x16=0x00000000
       2095.000 ns	       208	8000021c	00000893	addi	x17,x0,0	  x0:0x00000000 x17=0x00000000
       2105.000 ns	       209	80000220	00000913	addi	x18,x0,0	  x0:0x00000000 x18=0x00000000
       2115.000 ns	       210	80000224	fc31c9b7	lui	x19,0xfc31c	 x19=0xfc31c000
       2125.000 ns	       211	80000228	41b98993	addi	x19,x19,1051	 x19:0x80000018 x19=0xfc31c41b
       2135.000 ns	       212	8000022c	00b00a93	addi	x21,x0,11	  x0:0x00000000 x21=0x0000000b
       2145.000 ns	       213	80000230	00000b13	addi	x22,x0,0	  x0:0x00000000 x22=0x00000000
       2155.000 ns	       214	80000234	f67a5bb7	lui	x23,0xf67a5	 x23=0xf67a5000
       2165.000 ns	       215	80000238	c39b8b93	addi	x23,x23,-967	 x23:0x00000000 x23=0xf67a4c39
       2175.000 ns	       216	8000023c	80000c37	lui	x24,0x80000	 x24=0x80000000
       2185.000 ns	       217	80000240	00000c93	addi	x25,x0,0	  x0:0x00000000 x25=0x00000000
       2195.000 ns	       218	80000244	3c323d37	lui	x26,0x3c323	 x26=0x3c323000
       2205.000 ns	       219	80000248	850d0d13	addi	x26,x26,-1968	 x26:0x00000000 x26=0x3c322850
       2215.000 ns	       220	8000024c	00000e13	addi	x28,x0,0	  x0:0x00000000 x28=0x00000000
       2225.000 ns	       221	80000250	00000e93	addi	x29,x0,0	  x0:0x00000000 x29=0x00000000
       2235.000 ns	       222	80000254	80000f37	lui	x30,0x80000	 x30=0x80000000
       2245.000 ns	       223	80000258	00500f93	addi	x31,x0,5	  x0:0x00000000 x31=0x00000005
       2255.000 ns	       224	8000025c	00041a17	auipc	x20,0x41	 x20=0x8004125c
       2265.000 ns	       225	80000260	d88a0a13	addi	x20,x20,-632	 x20:0x00000000 x20=0x80040fe4
       2285.000 ns	       227	80000264	e0009ad3	fclass.s	x21,f1	  f1:0x7f800001 x21=0x00000100
       2305.000 ns	       229	80000268	0175d393	srli	x7,x11,0x17	 x11:0x00000000  x7=0x00000000
       2315.000 ns	       230	8000026c	40ae5013	srai	x0,x28,0xa	 x28:0x00000000
       2325.000 ns	       231	80000270	40ec0d33	sub	x26,x24,x14	 x24:0x80000000 x14:0x0000000a x26=0x7ffffff6
       2345.000 ns	       233	80000274	29ab8053	fmin.s	f0,f23,f26	 f23:0x003402db f26:0x7f800001  f0=0x003402db
       2365.000 ns	       235	80000278	01f55e13	srli	x28,x10,0x1f	 x10:0x80000000 x28=0x00000001
       2385.000 ns	       237	8000027c	29f28453	fmin.s	f8,f5,f31	  f5:0x80000000 f31:0x7f800000  f8=0x80000000
       2415.000 ns	       240	80000280	d0022f53	fcvt.s.w	f30,x4	  x4:0xf66609e9 f30=0xcd199f62
       2435.000 ns	       242	80000284	410958b3	sra	x17,x18,x16	 x18:0x00000000 x16:0x00000000 x17=0x00000000
       2455.000 ns	       244	80000288	f0050353	fmv.w.x	f6,x10	 x10:0x80000000  f6=0x80000000
       2475.000 ns	       246	8000028c	003535b3	sltu	x11,x10,x3	 x10:0x80000000  x3:0xfd0db74c x11=0x00000001
       2495.000 ns	       248	80000290	02a4b233	mulhu	x4,x9,x10	  x9:0x00000009 x10:0x80000000  x4=0x00000004
       2515.000 ns	       250	80000294	010fed33	or	x26,x31,x16	 x31:0x00000005 x16:0x00000000 x26=0x00000005
       2525.000 ns	       251	80000298	41fa8833	sub	x16,x21,x31	 x21:0x00000100 x31:0x00000005 x16=0x000000fb
       2885.000 ns	       287	8000029c	03464ab3	div	x21,x12,x20	 x12:0xf6096a08 x20:0x80040fe4 x21=0x00000000
       2935.000 ns	       292	800002a0	095cbb53	fsub.s	f22,f25,f21	 f25:0x00162a88 f21:0x80000000 f22=0x00162a88
       2955.000 ns	       294	800002a4	01a376b3	and	x13,x6,x26	  x6:0x80000000 x26:0x00000005 x13=0x00000000
       2995.000 ns	       298	800002a8	09e84053	fsub.s	f0,f16,f30	 f16:0x7f7fffff f30:0xcd199f62  f0=0x7f7fffff
       3025.000 ns	       301	800002ac	02609333	mulh	x6,x1,x6	  x1:0xfdd4c1b8  x6:0x80000000  x6=0x01159f24
       3055.000 ns	       304	800002b0	038222b3	mulhsu	x5,x4,x24	  x4:0x00000004 x24:0x80000000  x5=0x00000002
       3075.000 ns	       306	800002b4	00633ab3	sltu	x21,x6,x6	  x6:0x01159f24  x6:0x01159f24 x21=0x00000000
       3085.000 ns	       307	800002b8	0135cfb3	xor	x31,x11,x19	 x11:0x00000001 x19:0xfc31c41b x31=0xfc31c41a
       3095.000 ns	       308	800002bc	de7d3b97	auipc	x23,0xde7d3	 x23=0x5e7d32bc
       3115.000 ns	       310	800002c0	0275f8b3	remu	x17,x11,x7	 x11:0x00000001  x7:0x00000000 x17=0x00000001
       3145.000 ns	       313	800002c4	290d0f53	fmin.s	f30,f26,f16	 f26:0x7f800001 f16:0x7f7fffff f30=0x7f7fffff
       3165.000 ns	       315	800002c8	41930c93	addi	x25,x6,1049	  x6:0x01159f24 x25=0x0115a33d
       3185.000 ns	       317	800002cc	d01208d3	fcvt.s.wu	f17,x4	  x4:0x00000004 f17=0x40800000
       3205.000 ns	       319	800002d0	5ba7fa93	andi	x21,x15,1466	 x15:0xf6e76a89 x21=0x00000088
       3225.000 ns	       321	800002d4	02f52c33	mulhsu	x24,x10,x15	 x10:0x80000000 x15:0xf6e76a89 x24=0x848c4abb
       3255.000 ns	       324	800002d8	c009b4d3	fcvt.w.s	x9,f19	 f19:0x7fc00000  x9=0x7fffffff
       3285.000 ns	       327	800002dc	c00920d3	fcvt.w.s	x1,f18	 f18:0xff800000  x1=0x80000000
       3315.000 ns	       330	800002e0	03ba3233	mulhu	x4,x20,x27	 x20:0x80040fe4 x27:0x80041024  x4=0x40041014
       3345.000 ns	       333	800002e4	02b6a533	mulhsu	x10,x13,x11	 x13:0x00000000 x11:0x00000001 x10=0x00000000
       3365.000 ns	       335	800002e8	06a08f93	addi	x31,x1,106	  x1:0x80000000 x31=0x8000006a
       3385.000 ns	       337	800002ec	29a48553	fmin.s	f10,f9,f26	  f9:0x7f800001 f26:0x7f800001 f10=0x7fc00000
       3415.000 ns	       340	800002f0	a17c00d3	fle.s	x1,f24,f23	 f24:0x26bc703b f23:0x003402db  x1=0x00000000
       3435.000 ns	       342	800002f4	402404b3	sub	x9,x8,x2	  x8:0x4dd5ead2  x2:0x80000000  x9=0xcdd5ead2
       3445.000 ns	       343	800002f8	526f0493	addi	x9,x30,1318	 x30:0x80000000  x9=0x80000526
       3465.000 ns	       345	800002fc	e0071f53	fclass.s	x30,f14	 f14:0x7f800001 x30=0x00000100
       3495.000 ns	       348	80000300	d011cfd3	fcvt.s.wu	f31,x3	  x3:0xfd0db74c f31=0x4f7d0db7
       3525.000 ns	       351	80000304	f00585d3	fmv.w.x	f11,x11	 x11:0x00000001 f11=0x00000001
       3555.000 ns	       354	80000308	0283ac33	mulhsu	x24,x7,x8	  x7:0x00000000  x8:0x4dd5ead2 x24=0x00000000
       3585.000 ns	       357	8000030c	21fd9ed3	fsgnjn.s	f29,f27,f31	 f27:0x8068cbcc f31:0x4f7d0db7 f29=0x8068cbcc
       3605.000 ns	       359	80000310	000c7333	and	x6,x24,x0	 x24:0x00000000  x0:0x00000000  x6=0x00000000
       3615.000 ns	       360	80000314	41485a93	srai	x21,x16,0x14	 x16:0x000000fb x21=0x00000000
       3635.000 ns	       362	80000318	21d21a53	fsgnjn.s	f20,f4,f29	  f4:0x236bfb4c f29:0x8068cbcc f20=0x236bfb4c
       3655.000 ns	       364	8000031c	014fb833	sltu	x16,x31,x20	 x31:0x8000006a x20:0x80040fe4 x16=0x00000001
       3675.000 ns	       366	80000320	e0058653	fmv.x.w	x12,f11	 f11:0x00000001 x12=0x00000001
       3705.000 ns	       369	80000324	211293d3	fsgnjn.s	f7,f5,f17	  f5:0x80000000 f17:0x40800000  f7=0x80000000
       3725.000 ns	       371	80000328	009cb133	sltu	x2,x25,x9	 x25:0x0115a33d  x9:0x80000526  x2=0x00000001
       3745.000 ns	       373	8000032c	c00e4753	fcvt.w.s	x14,f28	 f28:0x7f800000 x14=0x7fffffff
       4115.000 ns	       410	80000330	03957333	remu	x6,x10,x25	 x10:0x00000000 x25:0x0115a33d  x6=0x00000000
       4135.000 ns	       412	80000334	00b84bb3	xor	x23,x16,x11	 x16:0x00000001 x11:0x00000001 x23=0x00000000
       4145.000 ns	       413	80000338	01b09c93	slli	x25,x1,0x1b	  x1:0x00000000 x25=0x00000000
       4505.000 ns	       449	8000033c	024645b3	div	x11,x12,x4	 x12:0x00000001  x4:0x40041014 x11=0x00000000
       4535.000 ns	       452	80000340	0352a4b3	mulhsu	x9,x5,x21	  x5:0x00000002 x21:0x00000000  x9=0x00000000
       4555.000 ns	       454	80000344	ddd7a013	slti	x0,x15,-547	 x15:0xf6e76a89
       4575.000 ns	       456	80000348	d0113953	fcvt.s.wu	f18,x2	  x2:0x00000001 f18=0x3f800000
       4595.000 ns	       458	8000034c	005f63b3	or	x7,x30,x5	 x30:0x00000100  x5:0x00000002  x7=0x00000102
       4605.000 ns	       459	80000350	40e0d893	srai	x17,x1,0xe	  x1:0x00000000 x17=0x00000000
       4615.000 ns	       460	80000354	2ef5a637	lui	x12,0x2ef5a	 x12=0x2ef5a000
       4635.000 ns	       462	80000358	e00c1b53	fclass.s	x22,f24	 f24:0x26bc703b x22=0x00000040
       4655.000 ns	       464	8000035c	00e092b3	sll	x5,x1,x14	  x1:0x00000000 x14:0x7fffffff  x5=0x00000000
       4665.000 ns	       465	80000360	41350533	sub	x10,x10,x19	 x10:0x00000000 x19:0xfc31c41b x10=0x03ce3be5
       4675.000 ns	       466	80000364	58332813	slti	x16,x6,1411	  x6:0x00000000 x16=0x00000001
       4695.000 ns	       468	80000368	e0058653	fmv.x.w	x12,f11	 f11:0x00000001 x12=0x00000001
       4735.000 ns	       472	8000036c	1011f853	fmul.s	f16,f3,f1	  f3:0x00000000  f1:0x7f800001 f16=0x7fc00000
       4755.000 ns	       474	80000370	9db68b93	addi	x23,x13,-1573	 x13:0x00000000 x23=0xfffff9db
       4775.000 ns	       476	80000374	c00c7ad3	fcvt.w.s	x21,f24	 f24:0x26bc703b x21=0x00000000
       4825.000 ns	       481	80000378	098af253	fsub.s	f4,f21,f24	 f21:0x80000000 f24:0x26bc703b  f4=0xa6bc703b
       4845.000 ns	       483	8000037c	01bbcd33	xor	x26,x23,x27	 x23:0xfffff9db x27:0x80041024 x26=0x7ffbe9ff
       4865.000 ns	       485	80000380	f0000253	fmv.w.x	f4,x0	  x0:0x00000000  f4=0x00000000
       4895.000 ns	       488	80000384	e00d8bd3	fmv.x.w	x23,f27	 f27:0x8068cbcc x23=0x8068cbcc
       4915.000 ns	       490	80000388	9272ab13	slti	x22,x5,-1753	  x5:0x00000000 x22=0x00000000
       5275.000 ns	       526	8000038c	02e77333	remu	x6,x14,x14	 x14:0x7fffffff x14:0x7fffffff  x6=0x00000000
       5295.000 ns	       528	80000390	0f651037	lui	x0,0xf651	
       5305.000 ns	       529	80000394	008c8eb3	add	x29,x25,x8	 x25:0x00000000  x8:0x4dd5ead2 x29=0x4dd5ead2
       5325.000 ns	       531	80000398	e0028b53	fmv.x.w	x22,f5	  f5:0x80000000 x22=0x80000000
       5345.000 ns	       533	8000039c	e1e16913	ori	x18,x2,-482	  x2:0x00000001 x18=0xfffffe1f
       5355.000 ns	       534	800003a0	009e7533	and	x10,x28,x9	 x28:0x00000001  x9:0x00000000 x10=0x00000000
       5375.000 ns	       536	800003a4	20288c53	fsgnj.s	f24,f17,f2	 f17:0x40800000  f2:0x007a4cb5 f24=0x40800000
       5405.000 ns	       539	800003a8	d0169bd3	fcvt.s.wu	f23,x13	 x13:0x00000000 f23=0x00000000
       5425.000 ns	       541	800003ac	00706fb3	or	x31,x0,x7	  x0:0x00000000  x7:0x00000102 x31=0x00000102
       5445.000 ns	       543	800003b0	28c98153	fmin.s	f2,f19,f12	 f19:0x7fc00000 f12:0x802c790c  f2=0x802c790c
       5465.000 ns	       545	800003b4	2e234613	xori	x12,x6,738	  x6:0x00000000 x12=0x000002e2
       5475.000 ns	       546	800003b8	40e2d013	srai	x0,x5,0xe	  x5:0x00000000
       5485.000 ns	       547	800003bc	016b2eb3	slt	x29,x22,x22	 x22:0x80000000 x22:0x80000000 x29=0x00000000
       5495.000 ns	       548	800003c0	01d736b3	sltu	x13,x14,x29	 x14:0x7fffffff x29:0x4dd5ead2 x13=0x00000000
       5505.000 ns	       549	800003c4	0177dcb3	srl	x25,x15,x23	 x15:0xf6e76a89 x23:0x8068cbcc x25=0x000f6e76
       5515.000 ns	       550	800003c8	00000013	addi	x0,x0,0	  x0:0x00000000
       5535.000 ns	       552	800003cc	02b815b3	mulh	x11,x16,x11	 x16:0x00000001 x11:0x00000000 x11=0x00000000
       5565.000 ns	       555	800003d0	e0018153	fmv.x.w	x2,f3	  f3:0x00000000  x2=0x00000000
       5585.000 ns	       557	800003d4	00cf94b3	sll	x9,x31,x12	 x31:0x00000102 x12:0x000002e2  x9=0x00000408
       5595.000 ns	       558	800003d8	019be233	or	x4,x23,x25	 x23:0x8068cbcc x25:0x000f6e76  x4=0x806feffe
       5615.000 ns	       560	800003dc	216f19d3	fsgnjn.s	f19,f30,f22	 f30:0x7f7fffff f22:0x00162a88 f19=0xff7fffff
       5645.000 ns	       563	800003e0	02137eb3	remu	x29,x6,x1	  x6:0x00000000  x1:0x00000000 x29=0x00000000
       5665.000 ns	       565	800003e4	00f82b33	slt	x22,x16,x15	 x16:0x00000001 x15:0xf6e76a89 x22=0x00000000
       5685.000 ns	       567	800003e8	a0e2a953	feq.s	x18,f5,f14	  f5:0x80000000 f14:0x7f800001 x18=0x00000000
       5705.000 ns	       569	800003ec	405253b3	sra	x7,x4,x5	  x4:0x806feffe  x5:0x00000000  x7=0x806feffe
       5715.000 ns	       570	800003f0	015337b3	sltu	x15,x6,x21	  x6:0x00000000 x21:0x00000000 x15=0x00000000
       5725.000 ns	       571	800003f4	aad38a93	addi	x21,x7,-1363	  x7:0x00000102 x21=0x806feaab
       5745.000 ns	       573	800003f8	03686e33	rem	x28,x16,x22	 x16:0x00000001 x22:0x00000000 x28=0x00000001
       5785.000 ns	       577	800003fc	107609d3	fmul.s	f19,f12,f7	 f12:0x802c790c  f7:0x80000000 f19=0x00000000
       5835.000 ns	       582	80000400	009efe53	fadd.s	f28,f29,f9	 f29:0x8068cbcc  f9:0x7f800001 f28=0x7fc00000
       5875.000 ns	       586	80000404	1156aad3	fmul.s	f21,f13,f21	 f13:0x7f7fffff f21:0x80000000 f21=0x80000000
       5895.000 ns	       588	80000408	01c28733	add	x14,x5,x28	  x5:0x00000000 x28:0x00000001 x14=0x00000001
       5905.000 ns	       589	8000040c	01830fb3	add	x31,x6,x24	  x6:0x00000000 x24:0x00000000 x31=0x00000000
       5925.000 ns	       591	80000410	d0147b53	fcvt.s.wu	f22,x8	  x8:0x4dd5ead2 f22=0x4e9babd5
       5945.000 ns	       593	80000414	00000013	addi	x0,x0,0	  x0:0x00000000
       5985.000 ns	       597	80000418	01affcd3	fadd.s	f25,f31,f26	 f31:0x4f7d0db7 f26:0x7f800001 f25=0x7fc00000
       6005.000 ns	       599	8000041c	00859733	sll	x14,x11,x8	 x11:0x00000000  x8:0x4dd5ead2 x14=0x00000000
       6025.000 ns	       601	80000420	214aa353	fsgnjx.s	f6,f21,f20	 f21:0x80000000 f20:0x236bfb4c  f6=0x80000000
       6045.000 ns	       603	80000424	00fdabb3	slt	x23,x27,x15	 x27:0x80041024 x15:0x00000000 x23=0x00000001
       6055.000 ns	       604	80000428	400ad893	srai	x17,x21,0x0	 x21:0x806feaab x17=0x806feaab
       6065.000 ns	       605	8000042c	00da8933	add	x18,x21,x13	 x21:0x806feaab x13:0x00000000 x18=0x806feaab
       6075.000 ns	       606	80000430	01cc8233	add	x4,x25,x28	 x25:0x000f6e76 x28:0x00000001  x4=0x000f6e77
       6095.000 ns	       608	80000434	e0031bd3	fclass.s	x23,f6	  f6:0x80000000 x23=0x00000008
       6465.000 ns	       645	80000438	02c454b3	divu	x9,x8,x12	  x8:0x4dd5ead2 x12:0x000002e2  x9=0x001afff8
       6485.000 ns	       647	8000043c	413d86b3	sub	x13,x27,x19	 x27:0x80041024 x19:0xfc31c41b x13=0x83d24c09
       6505.000 ns	       649	80000440	a1f6a153	feq.s	x2,f13,f31	 f13:0x7f7fffff f31:0x4f7d0db7  x2=0x00000000
       6535.000 ns	       652	80000444	29a80dd3	fmin.s	f27,f16,f26	 f16:0x7fc00000 f26:0x7f800001 f27=0x7fc00000
       6555.000 ns	       654	80000448	006e6933	or	x18,x28,x6	 x28:0x00000001  x6:0x00000000 x18=0x00000001
       6565.000 ns	       655	8000044c	e1dea913	slti	x18,x29,-483	 x29:0x00000000 x18=0x00000000
       6585.000 ns	       657	80000450	295f0853	fmin.s	f16,f30,f21	 f30:0x7f7fffff f21:0x80000000 f16=0x80000000
       6605.000 ns	       659	80000454	00000013	addi	x0,x0,0	  x0:0x00000000
       6615.000 ns	       660	80000458	522c4513	xori	x10,x24,1314	 x24:0x00000000 x10=0x00000522
       6655.000 ns	       664	8000045c	0945b6d3	fsub.s	f13,f11,f20	 f11:0x00000001 f20:0x236bfb4c f13=0xa36bfb4c
       6685.000 ns	       667	80000460	0325ad33	mulhsu	x26,x11,x18	 x11:0x00000000 x18:0x00000000 x26=0x00000000
       6715.000 ns	       670	80000464	20208fd3	fsgnj.s	f31,f1,f2	  f1:0x7f800001  f2:0x802c790c f31=0xff800001
       7895.000 ns	       788	80000468	580f3753	fsqrt.s	f14,f30	 f30:0x7f7fffff f14=0x5f350461
       7915.000 ns	       790	8000046c	401adbb3	sra	x23,x21,x1	 x21:0x806feaab  x1:0x00000000 x23=0x806feaab
       7935.000 ns	       792	80000470	c018b353	fcvt.wu.s	x6,f17	 f17:0x40800000  x6=0x00000004
       7955.000 ns	       794	80000474	7b183313	sltiu	x6,x16,1969	 x16:0x00000001  x6=0x00000001
       7975.000 ns	       796	80000478	03599533	mulh	x10,x19,x21	 x19:0xfc31c41b x21:0x806feaab x10=0x01e57409
       8005.000 ns	       799	8000047c	03a3feb3	remu	x29,x7,x26	  x7:0x806feffe x26:0x00000000 x29=0x806feffe
       8025.000 ns	       801	80000480	2282fc93	andi	x25,x5,552	  x5:0x00000000 x25=0x00000000
       8035.000 ns	       802	80000484	019f1e33	sll	x28,x30,x25	 x30:0x00000100 x25:0x000f6e76 x28=0x00000100
       8045.000 ns	       803	80000488	01a592b3	sll	x5,x11,x26	 x11:0x00000000 x26:0x00000000  x5=0x00000000
       8055.000 ns	       804	8000048c	aba0f913	andi	x18,x1,-1350	  x1:0x00000000 x18=0x00000000
       8065.000 ns	       805	80000490	005005b3	add	x11,x0,x5	  x0:0x00000000  x5:0x00000000 x11=0x00000000
       8085.000 ns	       807	80000494	d01da5d3	fcvt.s.wu	f11,x27	 x27:0x80041024 f11=0x4f000411
       8105.000 ns	       809	80000498	0020d893	srli	x17,x1,0x2	  x1:0x00000000 x17=0x00000000
       8115.000 ns	       810	8000049c	3c7b5b17	auipc	x22,0x3c7b5	 x22=0xbc7b549c
       8135.000 ns	       812	800004a0	d003fd53	fcvt.s.w	f26,x7	  x7:0x806feffe f26=0xceff2020
       8155.000 ns	       814	800004a4	4154d433	sra	x8,x9,x21	  x9:0x001afff8 x21:0x806feaab  x8=0x0000035f
       8165.000 ns	       815	800004a8	9b2f7f13	andi	x30,x30,-1614	 x30:0x00000100 x30=0x00000100
       8175.000 ns	       816	800004ac	01ef40b3	xor	x1,x30,x30	 x30:0x00000100 x30:0x00000100  x1=0x00000000
       8205.000 ns	       819	800004b0	5803a1d3	fsqrt.s	f3,f7	  f7:0x80000000  f3=0x80000000
       8225.000 ns	       821	800004b4	0037d733	srl	x14,x15,x3	 x15:0x00000000  x3:0xfd0db74c x14=0x00000000
       8245.000 ns	       823	800004b8	03ec21b3	mulhsu	x3,x24,x30	 x24:0x00000000 x30:0x00000100  x3=0x00000000
       8265.000 ns	       825	800004bc	006bb333	sltu	x6,x23,x6	 x23:0x806feaab  x6:0x00000001  x6=0x00000000
       8285.000 ns	       827	800004c0	20c51d53	fsgnjn.s	f26,f10,f12	 f10:0x7fc00000 f12:0x802c790c f26=0x7fc00000
       8325.000 ns	       831	800004c4	5803fc53	fsqrt.s	f24,f7	  f7:0x80000000 f24=0x80000000
       8345.000 ns	       833	800004c8	0628f693	andi	x13,x17,98	 x17:0x00000000 x13=0x00000000
       8355.000 ns	       834	800004cc	50f96117	auipc	x2,0x50f96	  x2=0xd0f964cc
       8375.000 ns	       836	800004d0	d00c7ed3	fcvt.s.w	f29,x24	 x24:0x00000000 f29=0x00000000
       8395.000 ns	       838	800004d4	97271eb7	lui	x29,0x97271	 x29=0x97271000
       8405.000 ns	       839	800004d8	01f333b3	sltu	x7,x6,x31	  x6:0x00000000 x31:0x00000000  x7=0x00000000
       8415.000 ns	       840	800004dc	813b0593	addi	x11,x22,-2029	 x22:0xbc7b549c x11=0xbc7b4caf
       8425.000 ns	       841	800004e0	401ed293	srai	x5,x29,0x1	 x29:0x97271000  x5=0xcb938800
       8435.000 ns	       842	800004e4	406984b3	sub	x9,x19,x6	 x19:0xfc31c41b  x6:0x00000000  x9=0xfc31c41b
       8455.000 ns	       844	800004e8	a1948d53	fle.s	x26,f9,f25	  f9:0x7f800001 f25:0x7fc00000 x26=0x00000000
       8825.000 ns	       881	800004ec	03eadc33	divu	x24,x21,x30	 x21:0x806feaab x30:0x00000100 x24=0x00806fea
       8845.000 ns	       883	800004f0	01315593	srli	x11,x2,0x13	  x2:0xd0f964cc x11=0x00001a1f
       8865.000 ns	       885	800004f4	a12bad53	feq.s	x26,f23,f18	 f23:0x00000000 f18:0x3f800000 x26=0x00000000
       9235.000 ns	       922	800004f8	028255b3	divu	x11,x4,x8	  x4:0x000f6e77  x8:0x0000035f x11=0x00000493
       9255.000 ns	       924	800004fc	01f67cb3	and	x25,x12,x31	 x12:0x000002e2 x31:0x00000000 x25=0x00000000
       9275.000 ns	       926	80000500	c016f753	fcvt.wu.s	x14,f13	 f13:0xa36bfb4c x14=0x00000000
       9305.000 ns	       929	80000504	288998d3	fmax.s	f17,f19,f8	 f19:0x00000000  f8:0x80000000 f17=0x00000000
       9335.000 ns	       932	80000508	200c9cd3	fsgnjn.s	f25,f25,f0	 f25:0x7fc00000  f0:0x7f7fffff f25=0xffc00000
       9385.000 ns	       937	8000050c	09f04c53	fsub.s	f24,f0,f31	  f0:0x7f7fffff f31:0xff800001 f24=0x7fc00000
       9415.000 ns	       940	80000510	212f85d3	fsgnj.s	f11,f31,f18	 f31:0xff800001 f18:0x3f800000 f11=0x7f800001
       9785.000 ns	       977	80000514	02c4f333	remu	x6,x9,x12	  x9:0xfc31c41b x12:0x000002e2  x6=0x0000024b
       9815.000 ns	       980	80000518	28a50c53	fmin.s	f24,f10,f10	 f10:0x7fc00000 f10:0x7fc00000 f24=0x7fc00000
       9835.000 ns	       982	8000051c	9d90b517	auipc	x10,0x9d90b	 x10=0x1d90b51c
       9845.000 ns	       983	80000520	00000013	addi	x0,x0,0	  x0:0x00000000
       9865.000 ns	       985	80000524	e00c1553	fclass.s	x10,f24	 f24:0x7fc00000 x10=0x00000200
       9885.000 ns	       987	80000528	01e73033	sltu	x0,x14,x30	 x14:0x00000000 x30:0x00000100
       9905.000 ns	       989	8000052c	e0090453	fmv.x.w	x8,f18	 f18:0x3f800000  x8=0x3f800000
       9925.000 ns	       991	80000530	00000013	addi	x0,x0,0	  x0:0x00000000
       9945.000 ns	       993	80000534	c00fb653	fcvt.w.s	x12,f31	 f31:0xff800001 x12=0x7fffffff
       9975.000 ns	       996	80000538	a08302d3	fle.s	x5,f6,f8	  f6:0x80000000  f8:0x80000000  x5=0x00000001
       9995.000 ns	       998	8000053c	401ad413	srai	x8,x21,0x1	 x21:0x806feaab  x8=0xc037f555
      10005.000 ns	       999	80000540	40d50793	addi	x15,x10,1037	 x10:0x00000200 x15=0x0000060d
      10365.000 ns	      1035	80000544	02a1fc33	remu	x24,x3,x10	  x3:0x00000000 x10:0x00000200 x24=0x00000000
      10395.000 ns	      1038	80000548	030425b3	mulhsu	x11,x8,x16	  x8:0xc037f555 x16:0x00000001 x11=0xffffffff
      10415.000 ns	      1040	8000054c	012a5b33	srl	x22,x20,x18	 x20:0x80040fe4 x18:0x00000000 x22=0x80040fe4
      10435.000 ns	      1042	80000550	e00c92d3	fclass.s	x5,f25	 f25:0xffc00000  x5=0x00000200
      10455.000 ns	      1044	80000554	00000013	addi	x0,x0,0	  x0:0x00000000
      10475.000 ns	      1046	80000558	d00d3853	fcvt.s.w	f16,x26	 x26:0x00000000 f16=0x00000000
      10845.000 ns	      1083	8000055c	028475b3	remu	x11,x8,x8	  x8:0xc037f555  x8:0xc037f555 x11=0x00000000
      10865.000 ns	      1085	80000560	00000013	addi	x0,x0,0	  x0:0x00000000
      10885.000 ns	      1087	80000564	a0272853	feq.s	x16,f14,f2	 f14:0x5f350461  f2:0x802c790c x16=0x00000000
      10925.000 ns	      1091	80000568	112002d3	fmul.s	f5,f0,f18	  f0:0x7f7fffff f18:0x3f800000  f5=0x7f800000
      10955.000 ns	      1094	8000056c	29479cd3	fmax.s	f25,f15,f20	 f15:0xff7fffff f20:0x236bfb4c f25=0x236bfb4c
      10975.000 ns	      1096	80000570	0103a2b3	slt	x5,x7,x16	  x7:0x00000000 x16:0x00000000  x5=0x00000000
      10985.000 ns	      1097	80000574	bec12717	auipc	x14,0xbec12	 x14=0x3ec12574
      11005.000 ns	      1099	80000578	e00c0f53	fmv.x.w	x30,f24	 f24:0x7fc00000 x30=0x7fc00000
      11025.000 ns	      1101	8000057c	00000013	addi	x0,x0,0	  x0:0x00000000
      11385.000 ns	      1137	80000580	036b6ab3	rem	x21,x22,x22	 x22:0x80040fe4 x22:0x80040fe4 x21=0x00000000
      11405.000 ns	      1139	80000584	01725713	srli	x14,x4,0x17	  x4:0x000f6e77 x14=0x00000000
      11415.000 ns	      1140	80000588	0b868893	addi	x17,x13,184	 x13:0x00000000 x17=0x000000b8
      11425.000 ns	      1141	8000058c	e96ace93	xori	x29,x21,-362	 x21:0x00000000 x29=0xfffffe96
      11435.000 ns	      1142	80000590	0051b733	sltu	x14,x3,x5	  x3:0x00000000  x5:0x00000000 x14=0x00000000
      11455.000 ns	      1144	80000594	c0033b53	fcvt.w.s	x22,f6	  f6:0x80000000 x22=0x00000000
      11475.000 ns	      1146	80000598	a3d73b13	sltiu	x22,x14,-1475	 x14:0x00000000 x22=0x00000001
      11495.000 ns	      1148	8000059c	a08fae53	feq.s	x28,f31,f8	 f31:0xff800001  f8:0x80000000 x28=0x00000000
      11525.000 ns	      1151	800005a0	d0099d53	fcvt.s.w	f26,x19	 x19:0xfc31c41b f26=0xcc738ef9
      11555.000 ns	      1154	800005a4	28d99753	fmax.s	f14,f19,f13	 f19:0x00000000 f13:0xa36bfb4c f14=0x00000000
      11585.000 ns	      1157	800005a8	28fd9953	fmax.s	f18,f27,f15	 f27:0x7fc00000 f15:0xff7fffff f18=0xff7fffff
      11605.000 ns	      1159	800005ac	e863f813	andi	x16,x7,-378	  x7:0x00000000 x16=0x00000000
      11625.000 ns	      1161	800005b0	28cc9c53	fmax.s	f24,f25,f12	 f25:0x236bfb4c f12:0x802c790c f24=0x236bfb4c
      11655.000 ns	      1164	800005b4	d00b02d3	fcvt.s.w	f5,x22	 x22:0x00000001  f5=0x3f800000
      11685.000 ns	      1167	800005b8	291e9a53	fmax.s	f20,f29,f17	 f29:0x00000000 f17:0x00000000 f20=0x00000000
      11705.000 ns	      1169	800005bc	001ff133	and	x2,x31,x1	 x31:0x00000000  x1:0x00000000  x2=0x00000000
      11715.000 ns	      1170	800005c0	e7b00393	addi	x7,x0,-389	  x0:0x00000000  x7=0xfffffe7b
      11735.000 ns	      1172	800005c4	21452953	fsgnjx.s	f18,f10,f20	 f10:0x7fc00000 f20:0x00000000 f18=0x7fc00000
      11785.000 ns	      1177	800005c8	09defdd3	fsub.s	f27,f29,f29	 f29:0x00000000 f29:0x00000000 f27=0x80000000
      11805.000 ns	      1179	800005cc	16cd5e17	auipc	x28,0x16cd5	 x28=0x96cd55cc
      11815.000 ns	      1180	800005d0	400c8233	sub	x4,x25,x0	 x25:0x00000000  x0:0x00000000  x4=0x00000000
      11825.000 ns	      1181	800005d4	0126cd33	xor	x26,x13,x18	 x13:0x00000000 x18:0x00000000 x26=0x00000000
      11845.000 ns	      1183	800005d8	e00592d3	fclass.s	x5,f11	 f11:0x7f800001  x5=0x00000100
      11885.000 ns	      1187	800005dc	184eaf53	fdiv.s	f30,f29,f4	 f29:0x00000000  f4:0x00000000 f30=0x7fc00000
      11905.000 ns	      1189	800005e0	591c2c93	slti	x25,x24,1425	 x24:0x00000000 x25=0x00000001
      11945.000 ns	      1193	800005e4	0928b8d3	fsub.s	f17,f17,f18	 f17:0x00000000 f18:0x7fc00000 f17=0x7fc00000
      11965.000 ns	      1195	800005e8	8a6d3413	sltiu	x8,x26,-1882	 x26:0x00000000  x8=0x00000001
      11975.000 ns	      1196	800005ec	01288633	add	x12,x17,x18	 x17:0x000000b8 x18:0x00000000 x12=0x000000b8
      11985.000 ns	      1197	800005f0	00000013	addi	x0,x0,0	  x0:0x00000000
      12005.000 ns	      1199	800005f4	f0048e53	fmv.w.x	f28,x9	  x9:0xfc31c41b f28=0xfc31c41b
      12025.000 ns	      1201	800005f8	81a27d13	andi	x26,x4,-2022	  x4:0x00000000 x26=0x00000000
      12035.000 ns	      1202	800005fc	415f5b13	srai	x22,x30,0x15	 x30:0x7fc00000 x22=0x000003fe
      12055.000 ns	      1204	80000600	c017ae53	fcvt.wu.s	x28,f15	 f15:0xff7fffff x28=0x00000000
      12425.000 ns	      1241	80000604	03dceab3	rem	x21,x25,x29	 x25:0x00000001 x29:0xfffffe96 x21=0x00000001
      12445.000 ns	      1243	80000608	41e304b3	sub	x9,x6,x30	  x6:0x0000024b x30:0x7fc00000  x9=0x8040024b
      12465.000 ns	      1245	8000060c	e0041553	fclass.s	x10,f8	  f8:0x80000000 x10=0x00000008
      12485.000 ns	      1247	80000610	016fa433	slt	x8,x31,x22	 x31:0x00000000 x22:0x000003fe  x8=0x00000001
      12525.000 ns	      1251	80000614	08437bd3	fsub.s	f23,f6,f4	  f6:0x80000000  f4:0x00000000 f23=0x80000000
      12575.000 ns	      1256	80000618	00e67253	fadd.s	f4,f12,f14	 f12:0x802c790c f14:0x00000000  f4=0x802c790c
      12595.000 ns	      1258	8000061c	4da21237	lui	x4,0x4da21	  x4=0x4da21000
      12615.000 ns	      1260	80000620	29af04d3	fmin.s	f9,f30,f26	 f30:0x7fc00000 f26:0xcc738ef9  f9=0xcc738ef9
      12645.000 ns	      1263	80000624	a1a081d3	fle.s	x3,f1,f26	  f1:0x7f800001 f26:0xcc738ef9  x3=0x00000000
      12665.000 ns	      1265	80000628	43042a93	slti	x21,x8,1072	  x8:0x00000001 x21=0x00000001
      12685.000 ns	      1267	8000062c	c01d3353	fcvt.wu.s	x6,f26	 f26:0xcc738ef9  x6=0x03ce3be4
      12715.000 ns	      1270	80000630	f00c87d3	fmv.w.x	f15,x25	 x25:0x00000001 f15=0x00000001
      12735.000 ns	      1272	80000634	e31a4217	auipc	x4,0xe31a4	  x4=0x631a4634
      12755.000 ns	      1274	80000638	a16c83d3	fle.s	x7,f25,f22	 f25:0x236bfb4c f22:0x4e9babd5  x7=0x00000001
      12785.000 ns	      1277	8000063c	02dbb3b3	mulhu	x7,x23,x13	 x23:0x806feaab x13:0x00000000  x7=0x00000000
      12805.000 ns	      1279	80000640	01a0f1b3	and	x3,x1,x26	  x1:0x00000000 x26:0x00000000  x3=0x00000000
      12825.000 ns	      1281	80000644	02358c33	mul	x24,x11,x3	 x11:0x00000000  x3:0x00000000 x24=0x00000000
      12855.000 ns	      1284	80000648	03753633	mulhu	x12,x10,x23	 x10:0x00000008 x23:0x806feaab x12=0x00000004
      12875.000 ns	      1286	8000064c	0021b7b3	sltu	x15,x3,x2	  x3:0x00000000  x2:0x00000000 x15=0x00000000
      12895.000 ns	      1288	80000650	d01ea6d3	fcvt.s.wu	f13,x29	 x29:0xfffffe96 f13=0x4f7fffff
      12925.000 ns	      1291	80000654	0397a2b3	mulhsu	x5,x15,x25	 x15:0x0000060d x25:0x00000001  x5=0x00000000
      12955.000 ns	      1294	80000658	02959e33	mulh	x28,x11,x9	 x11:0x00000000  x9:0x8040024b x28=0x00000000
      12985.000 ns	      1297	8000065c	c00bfc53	fcvt.w.s	x24,f23	 f23:0x80000000 x24=0x00000000
      13005.000 ns	      1299	80000660	5176f613	andi	x12,x13,1303	 x13:0x00000000 x12=0x00000000
      13365.000 ns	      1335	80000664	026f7ab3	remu	x21,x30,x6	 x30:0x7fc00000  x6:0x03ce3be4 x21=0x022a479c
      13385.000 ns	      1337	80000668	419b0f33	sub	x30,x22,x25	 x22:0x000003fe x25:0x00000001 x30=0x000003fd
      13395.000 ns	      1338	8000066c	62623493	sltiu	x9,x4,1574	  x4:0x631a4634  x9=0x00000000
      13405.000 ns	      1339	80000670	e4962313	slti	x6,x12,-439	 x12:0x00000000  x6=0x00000000
      13415.000 ns	      1340	80000674	01a5d213	srli	x4,x11,0x1a	 x11:0x00000000  x4=0x00000000
      13425.000 ns	      1341	80000678	01b25eb3	srl	x29,x4,x27	  x4:0x631a4634 x27:0x80041024 x29=0x00000000
      13445.000 ns	      1343	8000067c	02a12c33	mulhsu	x24,x2,x10	  x2:0x00000000 x10:0x00000008 x24=0x00000000
      13475.000 ns	      1346	80000680	e00d1fd3	fclass.s	x31,f26	 f26:0xcc738ef9 x31=0x00000002
      13515.000 ns	      1350	80000684	58043b53	fsqrt.s	f22,f8	  f8:0x80000000 f22=0x80000000
      13535.000 ns	      1352	80000688	006f9713	slli	x14,x31,0x6	 x31:0x00000002 x14=0x00000080
      13545.000 ns	      1353	8000068c	0170fe33	and	x28,x1,x23	  x1:0x00000000 x23:0x806feaab x28=0x00000000
      13555.000 ns	      1354	80000690	41d9d513	srai	x10,x19,0x1d	 x19:0xfc31c41b x10=0xffffffff
      13565.000 ns	      1355	80000694	00a7ad33	slt	x26,x15,x10	 x15:0x00000000 x10:0x00000008 x26=0x00000000
      13575.000 ns	      1356	80000698	5565e813	ori	x16,x11,1366	 x11:0x00000000 x16=0x00000556
      13935.000 ns	      1392	8000069c	035ec633	div	x12,x29,x21	 x29:0x00000000 x21:0x022a479c x12=0x00000000
      13965.000 ns	      1395	800006a0	03e387b3	mul	x15,x7,x30	  x7:0x00000000 x30:0x000003fd x15=0x00000000
      13995.000 ns	      1398	800006a4	e0049f53	fclass.s	x30,f9	  f9:0xcc738ef9 x30=0x00000002
      14025.000 ns	      1401	800006a8	a1060b53	fle.s	x22,f12,f16	 f12:0x802c790c f16:0x00000000 x22=0x00000001
      14045.000 ns	      1403	800006ac	e4ccfe93	andi	x29,x25,-436	 x25:0x00000001 x29=0x00000000
      14065.000 ns	      1405	800006b0	211aa153	fsgnjx.s	f2,f21,f17	 f21:0x80000000 f17:0x7fc00000  f2=0x80000000
      14095.000 ns	      1408	800006b4	a1408953	fle.s	x18,f1,f20	  f1:0x7f800001 f20:0x00000000 x18=0x00000000
      14115.000 ns	      1410	800006b8	e42ea813	slti	x16,x29,-446	 x29:0x00000000 x16=0x00000000
      14135.000 ns	      1412	800006bc	02d06cb3	rem	x25,x0,x13	  x0:0x00000000 x13:0x00000000 x25=0x00000000
      14165.000 ns	      1415	800006c0	0398d833	divu	x16,x17,x25	 x17:0x000000b8 x25:0x00000001 x16=0xffffffff
      14195.000 ns	      1418	800006c4	0226cb33	div	x22,x13,x2	 x13:0x00000000  x2:0x00000000 x22=0xffffffff
      14225.000 ns	      1421	800006c8	a0dd9e53	flt.s	x28,f27,f13	 f27:0x80000000 f13:0x4f7fffff x28=0x00000001
      14245.000 ns	      1423	800006cc	0042c1b3	xor	x3,x5,x4	  x5:0x00000000  x4:0x00000000  x3=0x00000000
      14255.000 ns	      1424	800006d0	01c1fab3	and	x21,x3,x28	  x3:0x00000000 x28:0x00000001 x21=0x00000000
      14275.000 ns	      1426	800006d4	e0059fd3	fclass.s	x31,f11	 f11:0x7f800001 x31=0x00000100
      14295.000 ns	      1428	800006d8	6170c493	xori	x9,x1,1559	  x1:0x00000000  x9=0x00000617
      14325.000 ns	      1431	800006dc	18b9fdd3	fdiv.s	f27,f19,f11	 f19:0x00000000 f11:0x7f800001 f27=0x7fc00000
      14345.000 ns	      1433	800006e0	0091db33	srl	x22,x3,x9	  x3:0x00000000  x9:0x00000000 x22=0x00000000
      14365.000 ns	      1435	800006e4	c00e7553	fcvt.w.s	x10,f28	 f28:0xfc31c41b x10=0x80000000
      14385.000 ns	      1437	800006e8	01cff4b3	and	x9,x31,x28	 x31:0x00000100 x28:0x00000001  x9=0x00000000
      14395.000 ns	      1438	800006ec	7c552493	slti	x9,x10,1989	 x10:0x80000000  x9=0x00000001
      14415.000 ns	      1440	800006f0	a0dea1d3	feq.s	x3,f29,f13	 f29:0x00000000 f13:0x4f7fffff  x3=0x00000000
      14445.000 ns	      1443	800006f4	e0069ad3	fclass.s	x21,f13	 f13:0x4f7fffff x21=0x00000040
      14475.000 ns	      1446	800006f8	297b91d3	fmax.s	f3,f23,f23	 f23:0x80000000 f23:0x80000000  f3=0x80000000
      14505.000 ns	      1449	800006fc	e00c1cd3	fclass.s	x25,f24	 f24:0x236bfb4c x25=0x00000040
      14535.000 ns	      1452	80000700	03295d33	divu	x26,x18,x18	 x18:0x00000000 x18:0x00000000 x26=0xffffffff
      14565.000 ns	      1455	80000704	a0d80853	fle.s	x16,f16,f13	 f16:0x00000000 f13:0x4f7fffff x16=0x00000001
      15745.000 ns	      1573	80000708	580cad53	fsqrt.s	f26,f25	 f25:0x236bfb4c f26=0x3126dd38
      15765.000 ns	      1575	8000070c	00000013	addi	x0,x0,0	  x0:0x00000000
      15785.000 ns	      1577	80000710	c001b753	fcvt.w.s	x14,f3	  f3:0x80000000 x14=0x00000000
      15825.000 ns	      1581	80000714	187d7353	fdiv.s	f6,f26,f7	 f26:0x3126dd38  f7:0x80000000  f6=0xff800000
      15855.000 ns	      1584	80000718	213c81d3	fsgnj.s	f3,f25,f19	 f25:0x236bfb4c f19:0x00000000  f3=0x236bfb4c
      15875.000 ns	      1586	8000071c	000de133	or	x2,x27,x0	 x27:0x80041024  x0:0x00000000  x2=0x80041024
      15885.000 ns	      1587	80000720	01b56e33	or	x28,x10,x27	 x10:0x80000000 x27:0x80041024 x28=0x80041024
      15905.000 ns	      1589	80000724	03188b33	mul	x22,x17,x17	 x17:0x000000b8 x17:0x000000b8 x22=0x00008440
      15935.000 ns	      1592	80000728	21a02e53	fsgnjx.s	f28,f0,f26	  f0:0x7f7fffff f26:0x3126dd38 f28=0x7f7fffff
      15965.000 ns	      1595	8000072c	299b8a53	fmin.s	f20,f23,f25	 f23:0x80000000 f25:0x236bfb4c f20=0x80000000
      15985.000 ns	      1597	80000730	41c253b3	sra	x7,x4,x28	  x4:0x00000000 x28:0x80041024  x7=0x00000000
      16005.000 ns	      1599	80000734	03dcd5b3	divu	x11,x25,x29	 x25:0x00000040 x29:0x00000000 x11=0xffffffff
      16045.000 ns	      1603	80000738	11a97dd3	fmul.s	f27,f18,f26	 f18:0x7fc00000 f26:0x3126dd38 f27=0x7fc00000
      16075.000 ns	      1606	8000073c	d01234d3	fcvt.s.wu	f9,x4	  x4:0x00000000  f9=0x00000000
      16095.000 ns	      1608	80000740	21d1a313	slti	x6,x3,541	  x3:0x00000000  x6=0x00000001
      16115.000 ns	      1610	80000744	02e37e33	remu	x28,x6,x14	  x6:0x00000000 x14:0x00000000 x28=0x00000001
      16165.000 ns	      1615	80000748	093ef2d3	fsub.s	f5,f29,f19	 f29:0x00000000 f19:0x00000000  f5=0x80000000
      16195.000 ns	      1618	8000074c	286e8153	fmin.s	f2,f29,f6	 f29:0x00000000  f6:0xff800000  f2=0xff800000
      16245.000 ns	      1623	80000750	086874d3	fsub.s	f9,f16,f6	 f16:0x00000000  f6:0xff800000  f9=0x7f800000
      16265.000 ns	      1625	80000754	008dfc33	and	x24,x27,x8	 x27:0x80041024  x8:0x00000001 x24=0x00000000
      16285.000 ns	      1627	80000758	c016f4d3	fcvt.wu.s	x9,f13	 f13:0x4f7fffff  x9=0xffffff00
      16315.000 ns	      1630	8000075c	f00180d3	fmv.w.x	f1,x3	  x3:0x00000000  f1=0x00000000
      16355.000 ns	      1634	80000760	105a1b53	fmul.s	f22,f20,f5	 f20:0x80000000  f5:0x80000000 f22=0x00000000
      16385.000 ns	      1637	80000764	a1ff8cd3	fle.s	x25,f31,f31	 f31:0xff800001 f31:0xff800001 x25=0x00000000
      16405.000 ns	      1639	80000768	00f820b3	slt	x1,x16,x15	 x16:0x00000001 x15:0x00000000  x1=0x00000000
      16415.000 ns	      1640	8000076c	515c3693	sltiu	x13,x24,1301	 x24:0x00000000 x13=0x00000001
      16775.000 ns	      1676	80000770	031c45b3	div	x11,x24,x17	 x24:0x00000000 x17:0x000000b8 x11=0x00000000
      16795.000 ns	      1678	80000774	01a0acb3	slt	x25,x1,x26	  x1:0x00000000 x26:0xffffffff x25=0x00000000
      16805.000 ns	      1679	80000778	000245b3	xor	x11,x4,x0	  x4:0x00000000  x0:0x00000000 x11=0x00000000
      16815.000 ns	      1680	8000077c	00d12833	slt	x16,x2,x13	  x2:0x80041024 x13:0x00000001 x16=0x00000001
      16835.000 ns	      1682	80000780	d01f8dd3	fcvt.s.wu	f27,x31	 x31:0x00000100 f27=0x43800000
      16865.000 ns	      1685	80000784	a06c9353	flt.s	x6,f25,f6	 f25:0x236bfb4c  f6:0xff800000  x6=0x00000000
      16895.000 ns	      1688	80000788	a00f0653	fle.s	x12,f30,f0	 f30:0x7fc00000  f0:0x7f7fffff x12=0x00000000
      17265.000 ns	      1725	8000078c	02a6c933	div	x18,x13,x10	 x13:0x00000001 x10:0x80000000 x18=0x00000000
      17295.000 ns	      1728	80000790	03faabb3	mulhsu	x23,x21,x31	 x21:0x00000040 x31:0x00000100 x23=0x00000000
      17325.000 ns	      1731	80000794	a1ba12d3	flt.s	x5,f20,f27	 f20:0x80000000 f27:0x43800000  x5=0x00000001
      17355.000 ns	      1734	80000798	d0023653	fcvt.s.w	f12,x4	  x4:0x00000000 f12=0x00000000
      17385.000 ns	      1737	8000079c	0399c633	div	x12,x19,x25	 x19:0xfc31c41b x25:0x00000000 x12=0xffffffff
      17405.000 ns	      1739	800007a0	01259b93	slli	x23,x11,0x12	 x11:0x00000000 x23=0x00000000
      17415.000 ns	      1740	800007a4	0156d333	srl	x6,x13,x21	 x13:0x00000001 x21:0x00000040  x6=0x00000001
      17435.000 ns	      1742	800007a8	a0ab06d3	fle.s	x13,f22,f10	 f22:0x00000000 f10:0x7fc00000 x13=0x00000000
      17465.000 ns	      1745	800007ac	a1a02f53	feq.s	x30,f0,f26	  f0:0x7f7fffff f26:0x3126dd38 x30=0x00000000
      17505.000 ns	      1749	800007b0	5802cb53	fsqrt.s	f22,f5	  f5:0x80000000 f22=0x80000000
      17535.000 ns	      1752	800007b4	2004abd3	fsgnjx.s	f23,f9,f0	  f9:0x7f800000  f0:0x7f7fffff f23=0x7f800000
      17575.000 ns	      1756	800007b8	10faf9d3	fmul.s	f19,f21,f15	 f21:0x80000000 f15:0x00000001 f19=0x80000000
      17595.000 ns	      1758	800007bc	00000013	addi	x0,x0,0	  x0:0x00000000
      17605.000 ns	      1759	800007c0	01d49b13	slli	x22,x9,0x1d	  x9:0xffffff00 x22=0x00000000
      17615.000 ns	      1760	800007c4	40d3be13	sltiu	x28,x7,1037	  x7:0x00000000 x28=0x00000001
      17645.000 ns	      1763	800007c8	105f7fd3	fmul.s	f31,f30,f5	 f30:0x7fc00000  f5:0x80000000 f31=0x7fc00000
      17665.000 ns	      1765	800007cc	016d06b3	add	x13,x26,x22	 x26:0xffffffff x22:0x00000000 x13=0xffffffff
      17695.000 ns	      1768	800007d0	580376d3	fsqrt.s	f13,f6	  f6:0xff800000 f13=0x7fc00000
      17725.000 ns	      1771	800007d4	03278933	mul	x18,x15,x18	 x15:0x00000000 x18:0x00000000 x18=0x00000000
      18095.000 ns	      1808	800007d8	03f341b3	div	x3,x6,x31	  x6:0x00000001 x31:0x00000100  x3=0x00000000
      18115.000 ns	      1810	800007dc	a464c213	xori	x4,x9,-1466	  x9:0xffffff00  x4=0x00000546
      18135.000 ns	      1812	800007e0	03308933	mul	x18,x1,x19	  x1:0x00000000 x19:0xfc31c41b x18=0x00000000
      18165.000 ns	      1815	800007e4	a01c9c53	flt.s	x24,f25,f1	 f25:0x236bfb4c  f1:0x00000000 x24=0x00000000
      18185.000 ns	      1817	800007e8	01197bb3	and	x23,x18,x17	 x18:0x00000000 x17:0x000000b8 x23=0x00000000
      18205.000 ns	      1819	800007ec	03302bb3	mulhsu	x23,x0,x19	  x0:0x00000000 x19:0xfc31c41b x23=0x00000000
      18235.000 ns	      1822	800007f0	e0061cd3	fclass.s	x25,f12	 f12:0x00000000 x25=0x00000010
      18255.000 ns	      1824	800007f4	01f9c533	xor	x10,x19,x31	 x19:0xfc31c41b x31:0x00000100 x10=0xfc31c51b
      18275.000 ns	      1826	800007f8	e0089fd3	fclass.s	x31,f17	 f17:0x7fc00000 x31=0x00000200
      18295.000 ns	      1828	800007fc	862ba737	lui	x14,0x862ba	 x14=0x862ba000
      18655.000 ns	      1864	80000800	02c856b3	divu	x13,x16,x12	 x16:0x00000001 x12:0xffffffff x13=0x00000000
      18685.000 ns	      1867	80000804	e0079fd3	fclass.s	x31,f15	 f15:0x00000001 x31=0x00000020
      18715.000 ns	      1870	80000808	02355f33	divu	x30,x10,x3	 x10:0xfc31c51b  x3:0x00000000 x30=0xffffffff
      18735.000 ns	      1872	8000080c	01b7b033	sltu	x0,x15,x27	 x15:0x00000000 x27:0x80041024
      18755.000 ns	      1874	80000810	03b93ab3	mulhu	x21,x18,x27	 x18:0x00000000 x27:0x80041024 x21=0x00000000
      18775.000 ns	      1876	80000814	41c90e33	sub	x28,x18,x28	 x18:0x00000000 x28:0x00000001 x28=0xffffffff
      18795.000 ns	      1878	80000818	210b2153	fsgnjx.s	f2,f22,f16	 f22:0x80000000 f16:0x00000000  f2=0x80000000
      18825.000 ns	      1881	8000081c	0354b4b3	mulhu	x9,x9,x21	  x9:0xffffff00 x21:0x00000000  x9=0x00000000
      18855.000 ns	      1884	80000820	0253a633	mulhsu	x12,x7,x5	  x7:0x00000000  x5:0x00000001 x12=0x00000000
      18875.000 ns	      1886	80000824	411b8833	sub	x16,x23,x17	 x23:0x00000000 x17:0x000000b8 x16=0xffffff48
      18885.000 ns	      1887	80000828	010608b3	add	x17,x12,x16	 x12:0x00000000 x16:0x00000001 x17=0xffffff48
      18905.000 ns	      1889	8000082c	29858ad3	fmin.s	f21,f11,f24	 f11:0x7f800001 f24:0x236bfb4c f21=0x236bfb4c
      18935.000 ns	      1892	80000830	20aba353	fsgnjx.s	f6,f23,f10	 f23:0x7f800000 f10:0x7fc00000  f6=0x7f800000
      18965.000 ns	      1895	80000834	21119f53	fsgnjn.s	f30,f3,f17	  f3:0x236bfb4c f17:0x7fc00000 f30=0xa36bfb4c
      19015.000 ns	      1900	80000838	01a742d3	fadd.s	f5,f14,f26	 f14:0x00000000 f26:0x3126dd38  f5=0x3126dd38
      19045.000 ns	      1903	8000083c	03c322b3	mulhsu	x5,x6,x28	  x6:0x00000001 x28:0xffffffff  x5=0x00000000
      19065.000 ns	      1905	80000840	015808b3	add	x17,x16,x21	 x16:0xffffff48 x21:0x00000000 x17=0xffffff48
      19425.000 ns	      1941	80000844	03364d33	div	x26,x12,x19	 x12:0x00000000 x19:0xfc31c41b x26=0x00000000
      19445.000 ns	      1943	80000848	0077e2b3	or	x5,x15,x7	 x15:0x00000000  x7:0x00000000  x5=0x00000000
      19455.000 ns	      1944	8000084c	00000013	addi	x0,x0,0	  x0:0x00000000
      19465.000 ns	      1945	80000850	032bfe13	andi	x28,x23,50	 x23:0x00000000 x28=0x00000000
      19505.000 ns	      1949	80000854	004af453	fadd.s	f8,f21,f4	 f21:0x236bfb4c  f4:0x802c790c  f8=0x236bfb4c
      19535.000 ns	      1952	80000858	200914d3	fsgnjn.s	f9,f18,f0	 f18:0x7fc00000  f0:0x7f7fffff  f9=0xffc00000
      19555.000 ns	      1954	8000085c	014effb3	and	x31,x29,x20	 x29:0x00000000 x20:0x80040fe4 x31=0x00000000
      19575.000 ns	      1956	80000860	a1730d53	fle.s	x26,f6,f23	  f6:0x7f800000 f23:0x7f800000 x26=0x00000001
      19595.000 ns	      1958	80000864	405a54b3	sra	x9,x20,x5	 x20:0x80040fe4  x5:0x00000000  x9=0x80040fe4
      19615.000 ns	      1960	80000868	a1af26d3	feq.s	x13,f30,f26	 f30:0xa36bfb4c f26:0x3126dd38 x13=0x00000000
      19655.000 ns	      1964	8000086c	1054fad3	fmul.s	f21,f9,f5	  f9:0xffc00000  f5:0x3126dd38 f21=0x7fc00000
      19685.000 ns	      1967	80000870	295e89d3	fmin.s	f19,f29,f21	 f29:0x00000000 f21:0x236bfb4c f19=0x00000000
      19715.000 ns	      1970	80000874	038505b3	mul	x11,x10,x24	 x10:0xfc31c51b x24:0x00000000 x11=0x00000000
      19735.000 ns	      1972	80000878	009988b3	add	x17,x19,x9	 x19:0xfc31c41b  x9:0x80040fe4 x17=0x7c35d3ff
      19755.000 ns	      1974	8000087c	f00a0f53	fmv.w.x	f30,x20	 x20:0x80040fe4 f30=0x80040fe4
      19775.000 ns	      1976	80000880	41a05513	srai	x10,x0,0x1a	  x0:0x00000000 x10=0x00000000
      19795.000 ns	      1978	80000884	e0078e53	fmv.x.w	x28,f15	 f15:0x00000001 x28=0x00000001
      19825.000 ns	      1981	80000888	026f9833	mulh	x16,x31,x6	 x31:0x00000000  x6:0x00000001 x16=0x00000000
      19865.000 ns	      1985	8000088c	1925bfd3	fdiv.s	f31,f11,f18	 f11:0x7f800001 f18:0x7fc00000 f31=0x7fc00000
      19895.000 ns	      1988	80000890	a154a3d3	feq.s	x7,f9,f21	  f9:0xffc00000 f21:0x7fc00000  x7=0x00000000
      19915.000 ns	      1990	80000894	01068ab3	add	x21,x13,x16	 x13:0x00000000 x16:0x00000000 x21=0x00000000
      19925.000 ns	      1991	80000898	19aa8293	addi	x5,x21,410	 x21:0x00000000  x5=0x0000019a
      19945.000 ns	      1993	8000089c	037e4633	div	x12,x28,x23	 x28:0x00000001 x23:0x00000000 x12=0xffffffff
      20315.000 ns	      2030	800008a0	033f4e33	div	x28,x30,x19	 x30:0xffffffff x19:0xfc31c41b x28=0x00000000
      20345.000 ns	      2033	800008a4	20ac1f53	fsgnjn.s	f30,f24,f10	 f24:0x236bfb4c f10:0x7fc00000 f30=0xa36bfb4c
      20375.000 ns	      2036	800008a8	03635633	divu	x12,x6,x22	  x6:0x00000001 x22:0x00000000 x12=0xffffffff
      20395.000 ns	      2038	800008ac	01f7ff33	and	x30,x15,x31	 x15:0x00000000 x31:0x00000000 x30=0x00000000
      20415.000 ns	      2040	800008b0	2087a853	fsgnjx.s	f16,f15,f8	 f15:0x00000001  f8:0x236bfb4c f16=0x00000001
      20465.000 ns	      2045	800008b4	0076fd53	fadd.s	f26,f13,f7	 f13:0x7fc00000  f7:0x80000000 f26=0x7fc00000
      20485.000 ns	      2047	800008b8	01a10433	add	x8,x2,x26	  x2:0x80041024 x26:0x00000001  x8=0x80041025
      20495.000 ns	      2048	800008bc	9213ce93	xori	x29,x7,-1759	  x7:0x00000000 x29=0xfffff921
      20515.000 ns	      2050	800008c0	a06b05d3	fle.s	x11,f22,f6	 f22:0x80000000  f6:0x7f800000 x11=0x00000001
      20535.000 ns	      2052	800008c4	26513513	sltiu	x10,x2,613	  x2:0x80041024 x10=0x00000000
      20545.000 ns	      2053	800008c8	01d78233	add	x4,x15,x29	 x15:0x00000000 x29:0xfffff921  x4=0xfffff921
      20555.000 ns	      2054	800008cc	3632be13	sltiu	x28,x5,867	  x5:0x0000019a x28=0x00000001
      20575.000 ns	      2056	800008d0	021e5cb3	divu	x25,x28,x1	 x28:0x00000000  x1:0x00000000 x25=0xffffffff
      20945.000 ns	      2093	800008d4	034ee633	rem	x12,x29,x20	 x29:0xfffff921 x20:0x80040fe4 x12=0xfffff921
      20965.000 ns	      2095	800008d8	00000013	addi	x0,x0,0	  x0:0x00000000
      20975.000 ns	      2096	800008dc	01f49413	slli	x8,x9,0x1f	  x9:0x80040fe4  x8=0x00000000
      20985.000 ns	      2097	800008e0	010b5413	srli	x8,x22,0x10	 x22:0x00000000  x8=0x00000000
      21005.000 ns	      2099	800008e4	03745533	divu	x10,x8,x23	  x8:0x80041025 x23:0x00000000 x10=0xffffffff
      21045.000 ns	      2103	800008e8	107ff9d3	fmul.s	f19,f31,f7	 f31:0x7fc00000  f7:0x80000000 f19=0x7fc00000
      21075.000 ns	      2106	800008ec	203aa553	fsgnjx.s	f10,f21,f3	 f21:0x7fc00000  f3:0x236bfb4c f10=0x7fc00000
      21445.000 ns	      2143	800008f0	03b9f6b3	remu	x13,x19,x27	 x19:0xfc31c41b x27:0x80041024 x13=0x7c2db3f7
      21485.000 ns	      2147	800008f4	182b7cd3	fdiv.s	f25,f22,f2	 f22:0x80000000  f2:0x80000000 f25=0x7fc00000
      21515.000 ns	      2150	800008f8	a156acd3	feq.s	x25,f13,f21	 f13:0x7fc00000 f21:0x7fc00000 x25=0x00000000
      21535.000 ns	      2152	800008fc	f3145f17	auipc	x30,0xf3145	 x30=0x731458fc
      21555.000 ns	      2154	80000900	a10e8453	fle.s	x8,f29,f16	 f29:0x00000000 f16:0x00000001  x8=0x00000001
      21575.000 ns	      2156	80000904	c8a44293	xori	x5,x8,-886	  x8:0x00000000  x5=0xfffffc8b
      21585.000 ns	      2157	80000908	40e18f33	sub	x30,x3,x14	  x3:0x00000000 x14:0x862ba000 x30=0x79d46000
      21605.000 ns	      2159	8000090c	c00a78d3	fcvt.w.s	x17,f20	 f20:0x80000000 x17=0x00000000
      21635.000 ns	      2162	80000910	287c0ed3	fmin.s	f29,f24,f7	 f24:0x236bfb4c  f7:0x80000000 f29=0x80000000
      21655.000 ns	      2164	80000914	35d8a713	slti	x14,x17,861	 x17:0x00000000 x14=0x00000001
      21665.000 ns	      2165	80000918	00000013	addi	x0,x0,0	  x0:0x00000000
      21685.000 ns	      2167	8000091c	03fbdcb3	divu	x25,x23,x31	 x23:0x00000000 x31:0x00000000 x25=0xffffffff
      21705.000 ns	      2169	80000920	4037d2b3	sra	x5,x15,x3	 x15:0x00000000  x3:0x00000000  x5=0x00000000
      21715.000 ns	      2170	80000924	01ec0633	add	x12,x24,x30	 x24:0x00000000 x30:0x79d46000 x12=0x79d46000
      21725.000 ns	      2171	80000928	00fd2533	slt	x10,x26,x15	 x26:0x00000001 x15:0x00000000 x10=0x00000000
      21745.000 ns	      2173	8000092c	20bd09d3	fsgnj.s	f19,f26,f11	 f26:0x7fc00000 f11:0x7f800001 f19=0x7fc00000
      21765.000 ns	      2175	80000930	00000013	addi	x0,x0,0	  x0:0x00000000
      21795.000 ns	      2178	80000934	11787253	fmul.s	f4,f16,f23	 f16:0x00000001 f23:0x7f800000  f4=0x7f800000
      21815.000 ns	      2180	80000938	41bf5313	srai	x6,x30,0x1b	 x30:0x79d46000  x6=0x0000000f
      21825.000 ns	      2181	8000093c	01f22033	slt	x0,x4,x31	  x4:0xfffff921 x31:0x00000000
      21845.000 ns	      2183	80000940	a0462c53	feq.s	x24,f12,f4	 f12:0x00000000  f4:0x7f800000 x24=0x00000000
      21865.000 ns	      2185	80000944	010fb633	sltu	x12,x31,x16	 x31:0x00000000 x16:0x00000000 x12=0x00000000
      21875.000 ns	      2186	80000948	010c7ab3	and	x21,x24,x16	 x24:0x00000000 x16:0x00000000 x21=0x00000000
      21885.000 ns	      2187	8000094c	415cd4b3	sra	x9,x25,x21	 x25:0xffffffff x21:0x00000000  x9=0xffffffff
      21895.000 ns	      2188	80000950	00d2f8b3	and	x17,x5,x13	  x5:0x00000000 x13:0x7c2db3f7 x17=0x00000000
      21905.000 ns	      2189	80000954	01929893	slli	x17,x5,0x19	  x5:0x00000000 x17=0x00000000
      22265.000 ns	      2225	80000958	02d952b3	divu	x5,x18,x13	 x18:0x00000000 x13:0x7c2db3f7  x5=0x00000000
      22285.000 ns	      2227	8000095c	0199a8b3	slt	x17,x19,x25	 x19:0xfc31c41b x25:0xffffffff x17=0x00000001
      22295.000 ns	      2228	80000960	28acbf93	sltiu	x31,x25,650	 x25:0xffffffff x31=0x00000000
      22315.000 ns	      2230	80000964	02c478b3	remu	x17,x8,x12	  x8:0x00000001 x12:0x00000000 x17=0x00000001
      22335.000 ns	      2232	80000968	801e7a93	andi	x21,x28,-2047	 x28:0x00000001 x21=0x00000001
      22355.000 ns	      2234	8000096c	c0182553	fcvt.wu.s	x10,f16	 f16:0x00000001 x10=0x00000000
      22375.000 ns	      2236	80000970	410b04b3	sub	x9,x22,x16	 x22:0x00000000 x16:0x00000000  x9=0x00000000
      22395.000 ns	      2238	80000974	21e427d3	fsgnjx.s	f15,f8,f30	  f8:0x236bfb4c f30:0xa36bfb4c f15=0xa36bfb4c
      22425.000 ns	      2241	80000978	c009aed3	fcvt.w.s	x29,f19	 f19:0x7fc00000 x29=0x7fffffff
      22445.000 ns	      2243	8000097c	40d85c93	srai	x25,x16,0xd	 x16:0x00000000 x25=0x00000000
      22465.000 ns	      2245	80000980	a15fae53	feq.s	x28,f31,f21	 f31:0x7fc00000 f21:0x7fc00000 x28=0x00000000
      22495.000 ns	      2248	80000984	f0058953	fmv.w.x	f18,x11	 x11:0x00000001 f18=0x00000001
      22525.000 ns	      2251	80000988	02be91b3	mulh	x3,x29,x11	 x29:0x7fffffff x11:0x00000001  x3=0x00000000
      22545.000 ns	      2253	8000098c	01bf5f13	srli	x30,x30,0x1b	 x30:0x79d46000 x30=0x0000000f
      22555.000 ns	      2254	80000990	43c5f893	andi	x17,x11,1084	 x11:0x00000001 x17=0x00000000
      22565.000 ns	      2255	80000994	0199e0b3	or	x1,x19,x25	 x19:0xfc31c41b x25:0x00000000  x1=0xfc31c41b
      22575.000 ns	      2256	80000998	001c4433	xor	x8,x24,x1	 x24:0x00000000  x1:0x00000000  x8=0xfc31c41b
      22935.000 ns	      2292	8000099c	033d5fb3	divu	x31,x26,x19	 x26:0x00000001 x19:0xfc31c41b x31=0x00000000
      22965.000 ns	      2295	800009a0	2152a853	fsgnjx.s	f16,f5,f21	  f5:0x3126dd38 f21:0x7fc00000 f16=0x3126dd38
      22995.000 ns	      2298	800009a4	28ac97d3	fmax.s	f15,f25,f10	 f25:0x7fc00000 f10:0x7fc00000 f15=0x7fc00000
      23015.000 ns	      2300	800009a8	8c09f1b7	lui	x3,0x8c09f	  x3=0x8c09f000
      23035.000 ns	      2302	800009ac	28268253	fmin.s	f4,f13,f2	 f13:0x7fc00000  f2:0x80000000  f4=0x80000000
      23075.000 ns	      2306	800009b0	11d4fed3	fmul.s	f29,f9,f29	  f9:0xffc00000 f29:0x80000000 f29=0x7fc00000
      23445.000 ns	      2343	800009b4	021bc433	div	x8,x23,x1	 x23:0x00000000  x1:0xfc31c41b  x8=0x00000000
      23465.000 ns	      2345	800009b8	40e5db33	sra	x22,x11,x14	 x11:0x00000001 x14:0x00000001 x22=0x00000000
      23485.000 ns	      2347	800009bc	c003fbd3	fcvt.w.s	x23,f7	  f7:0x80000000 x23=0x00000000
      23505.000 ns	      2349	800009c0	382bf713	andi	x14,x23,898	 x23:0x00000000 x14=0x00000000
      23515.000 ns	      2350	800009c4	17ce2793	slti	x15,x28,380	 x28:0x00000000 x15=0x00000001
      23535.000 ns	      2352	800009c8	c001f053	fcvt.w.s	x0,f3	  f3:0x236bfb4c
      23565.000 ns	      2355	800009cc	03a71333	mulh	x6,x14,x26	 x14:0x00000000 x26:0x00000001  x6=0x00000000
      23595.000 ns	      2358	800009d0	20252ad3	fsgnjx.s	f21,f10,f2	 f10:0x7fc00000  f2:0x80000000 f21=0xffc00000
      23645.000 ns	      2363	800009d4	016e7ad3	fadd.s	f21,f28,f22	 f28:0x7f7fffff f22:0x80000000 f21=0x7f7fffff
      23665.000 ns	      2365	800009d8	01e0beb3	sltu	x29,x1,x30	  x1:0xfc31c41b x30:0x0000000f x29=0x00000000
      23685.000 ns	      2367	800009dc	c0080253	fcvt.w.s	x4,f16	 f16:0x3126dd38  x4=0x00000000
      23705.000 ns	      2369	800009e0	b1969717	auipc	x14,0xb1969	 x14=0x319699e0
      23725.000 ns	      2371	800009e4	c00e2553	fcvt.w.s	x10,f28	 f28:0x7f7fffff x10=0x7fffffff
      23745.000 ns	      2373	800009e8	5aff4c93	xori	x25,x30,1455	 x30:0x0000000f x25=0x000005a0
      23775.000 ns	      2376	800009ec	11523c53	fmul.s	f24,f4,f21	  f4:0x80000000 f21:0x7f7fffff f24=0x80000000
      23795.000 ns	      2378	800009f0	416bd613	srai	x12,x23,0x16	 x23:0x00000000 x12=0x00000000
      23805.000 ns	      2379	800009f4	d6cc0b13	addi	x22,x24,-660	 x24:0x00000000 x22=0xfffffd6c
      23825.000 ns	      2381	800009f8	d01c74d3	fcvt.s.wu	f9,x24	 x24:0x00000000  f9=0x00000000
      23855.000 ns	      2384	800009fc	211097d3	fsgnjn.s	f15,f1,f17	  f1:0x00000000 f17:0x7fc00000 f15=0x80000000
      23895.000 ns	      2388	80000a00	580ef1d3	fsqrt.s	f3,f29	 f29:0x7fc00000  f3=0x7fc00000
      23925.000 ns	      2391	80000a04	03bf05b3	mul	x11,x30,x27	 x30:0x0000000f x27:0x80041024 x11=0x803cf21c
      23955.000 ns	      2394	80000a08	029f6333	rem	x6,x30,x9	 x30:0x0000000f  x9:0x00000000  x6=0x0000000f
      23985.000 ns	      2397	80000a0c	c012c7d3	fcvt.wu.s	x15,f5	  f5:0x3126dd38 x15=0x00000000
      24005.000 ns	      2399	80000a10	018bbbb3	sltu	x23,x23,x24	 x23:0x00000000 x24:0x00000000 x23=0x00000000
      24015.000 ns	      2400	80000a14	41abd393	srai	x7,x23,0x1a	 x23:0x00000000  x7=0x00000000
      24035.000 ns	      2402	80000a18	c01b7553	fcvt.wu.s	x10,f22	 f22:0x80000000 x10=0x00000000
      24065.000 ns	      2405	80000a1c	21c20cd3	fsgnj.s	f25,f4,f28	  f4:0x80000000 f28:0x7f7fffff f25=0x00000000
      24105.000 ns	      2409	80000a20	188773d3	fdiv.s	f7,f14,f8	 f14:0x00000000  f8:0x236bfb4c  f7=0x00000000
      24125.000 ns	      2411	80000a24	00000013	addi	x0,x0,0	  x0:0x00000000
      24135.000 ns	      2412	80000a28	85cd54b7	lui	x9,0x85cd5	  x9=0x85cd5000
      24495.000 ns	      2448	80000a2c	0261d4b3	divu	x9,x3,x6	  x3:0x8c09f000  x6:0x0000000f  x9=0x0955feee
      24515.000 ns	      2450	80000a30	009d61b3	or	x3,x26,x9	 x26:0x00000001  x9:0x00000000  x3=0x0955feef
      24545.000 ns	      2453	80000a34	10900153	fmul.s	f2,f0,f9	  f0:0x7f7fffff  f9:0x00000000  f2=0x00000000
      24565.000 ns	      2455	80000a38	411f0833	sub	x16,x30,x17	 x30:0x0000000f x17:0x00000000 x16=0x0000000f
      24575.000 ns	      2456	80000a3c	a4743813	sltiu	x16,x8,-1465	  x8:0x00000000 x16=0x00000001
      24595.000 ns	      2458	80000a40	c01ec553	fcvt.wu.s	x10,f29	 f29:0x7fc00000 x10=0xffffffff
      24615.000 ns	      2460	80000a44	cb0a7c93	andi	x25,x20,-848	 x20:0x80040fe4 x25=0x80040ca0
      24635.000 ns	      2462	80000a48	21cb2fd3	fsgnjx.s	f31,f22,f28	 f22:0x80000000 f28:0x7f7fffff f31=0x80000000
      24665.000 ns	      2465	80000a4c	0287d033	divu	x0,x15,x8	 x15:0x00000000  x8:0x00000000
      24715.000 ns	      2470	80000a50	080483d3	fsub.s	f7,f9,f0	  f9:0x00000000  f0:0x7f7fffff  f7=0xff7fffff
      24745.000 ns	      2473	80000a54	030a2eb3	mulhsu	x29,x20,x16	 x20:0x80040fe4 x16:0x00000001 x29=0xffffffff
      24775.000 ns	      2476	80000a58	21fb20d3	fsgnjx.s	f1,f22,f31	 f22:0x80000000 f31:0x80000000  f1=0x00000000
      24795.000 ns	      2478	80000a5c	00fe02b3	add	x5,x28,x15	 x28:0x00000000 x15:0x00000000  x5=0x00000000
      24805.000 ns	      2479	80000a60	00a08ab3	add	x21,x1,x10	  x1:0xfc31c41b x10:0xffffffff x21=0xfc31c41a
      24815.000 ns	      2480	80000a64	c5fe2a93	slti	x21,x28,-929	 x28:0x00000000 x21=0x00000000
      24835.000 ns	      2482	80000a68	f0060553	fmv.w.x	f10,x12	 x12:0x00000000 f10=0x00000000
      24855.000 ns	      2484	80000a6c	0debcd13	xori	x26,x23,222	 x23:0x00000000 x26=0x000000de
      24885.000 ns	      2487	80000a70	5805f253	fsqrt.s	f4,f11	 f11:0x7f800001  f4=0x7fc00000
      24905.000 ns	      2489	80000a74	dd267513	andi	x10,x12,-558	 x12:0x00000000 x10=0x00000000
      24925.000 ns	      2491	80000a78	d00b2253	fcvt.s.w	f4,x22	 x22:0xfffffd6c  f4=0xc4250000
      24955.000 ns	      2494	80000a7c	02dc8d33	mul	x26,x25,x13	 x25:0x80040ca0 x13:0x7c2db3f7 x26=0x10dc0e60
      24985.000 ns	      2497	80000a80	a14525d3	feq.s	x11,f10,f20	 f10:0x00000000 f20:0x80000000 x11=0x00000001
      25005.000 ns	      2499	80000a84	008cd113	srli	x2,x25,0x8	 x25:0x80040ca0  x2=0x0080040c
      25015.000 ns	      2500	80000a88	e0cebb13	sltiu	x22,x29,-500	 x29:0xffffffff x22=0x00000000
      25025.000 ns	      2501	80000a8c	a0494393	xori	x7,x18,-1532	 x18:0x00000000  x7=0xfffffa04
      25045.000 ns	      2503	80000a90	034182b3	mul	x5,x3,x20	  x3:0x0955feef x20:0x80040fe4  x5=0xd6430ddc
      26025.000 ns	      2601	80000a94	58097653	fsqrt.s	f12,f18	 f18:0x00000001 f12=0x1f350483
      26055.000 ns	      2604	80000a98	d0117a53	fcvt.s.wu	f20,x2	  x2:0x0080040c f20=0x4b00040c
      26075.000 ns	      2606	80000a9c	014326b3	slt	x13,x6,x20	  x6:0x0000000f x20:0x80040fe4 x13=0x00000000
      26095.000 ns	      2608	80000aa0	a1822553	feq.s	x10,f4,f24	  f4:0xc4250000 f24:0x80000000 x10=0x00000000
      26115.000 ns	      2610	80000aa4	2134ae13	slti	x28,x9,531	  x9:0x0955feee x28=0x00000000
      26135.000 ns	      2612	80000aa8	d00df4d3	fcvt.s.w	f9,x27	 x27:0x80041024  f9=0xcefff7df
      26155.000 ns	      2614	80000aac	fd87a093	slti	x1,x15,-40	 x15:0x00000000  x1=0x00000000
      26165.000 ns	      2615	80000ab0	004786b3	add	x13,x15,x4	 x15:0x00000000  x4:0x00000000 x13=0x00000000
      26175.000 ns	      2616	80000ab4	0025bab3	sltu	x21,x11,x2	 x11:0x00000001  x2:0x0080040c x21=0x00000001
      26195.000 ns	      2618	80000ab8	29728a53	fmin.s	f20,f5,f23	  f5:0x3126dd38 f23:0x7f800000 f20=0x3126dd38
      26215.000 ns	      2620	80000abc	13a50013	addi	x0,x10,314	 x10:0x00000000
      26235.000 ns	      2622	80000ac0	a0b297d3	flt.s	x15,f5,f11	  f5:0x3126dd38 f11:0x7f800001 x15=0x00000000
      26275.000 ns	      2626	80000ac4	19882053	fdiv.s	f0,f16,f24	 f16:0x3126dd38 f24:0x80000000  f0=0xff800000
      26295.000 ns	      2628	80000ac8	00000013	addi	x0,x0,0	  x0:0x00000000
      26305.000 ns	      2629	80000acc	8c1492b7	lui	x5,0x8c149	  x5=0x8c149000
      26325.000 ns	      2631	80000ad0	0254a0b3	mulhsu	x1,x9,x5	  x9:0x0955feee  x5:0xd6430ddc  x1=0x051bc762
      26355.000 ns	      2634	80000ad4	d0137d53	fcvt.s.wu	f26,x6	  x6:0x0000000f f26=0x41700000
      26385.000 ns	      2637	80000ad8	a0a193d3	flt.s	x7,f3,f10	  f3:0x7fc00000 f10:0x00000000  x7=0x00000000
      26405.000 ns	      2639	80000adc	00d4b4b3	sltu	x9,x9,x13	  x9:0x0955feee x13:0x00000000  x9=0x00000000
      26425.000 ns	      2641	80000ae0	038e2eb3	mulhsu	x29,x28,x24	 x28:0x00000000 x24:0x00000000 x29=0x00000000
      26455.000 ns	      2644	80000ae4	c00c7953	fcvt.w.s	x18,f24	 f24:0x80000000 x18=0x00000000
      26485.000 ns	      2647	80000ae8	a06f9953	flt.s	x18,f31,f6	 f31:0x80000000  f6:0x7f800000 x18=0x00000001
      26505.000 ns	      2649	80000aec	01b75313	srli	x6,x14,0x1b	 x14:0x319699e0  x6=0x00000006
      26515.000 ns	      2650	80000af0	019a9ab3	sll	x21,x21,x25	 x21:0x00000001 x25:0x80040ca0 x21=0x00000001
      26525.000 ns	      2651	80000af4	40858b33	sub	x22,x11,x8	 x11:0x00000001  x8:0x00000000 x22=0x00000001
      26535.000 ns	      2652	80000af8	01af1233	sll	x4,x30,x26	 x30:0x0000000f x26:0x10dc0e60  x4=0x0000000f
      26545.000 ns	      2653	80000afc	41c9dab3	sra	x21,x19,x28	 x19:0xfc31c41b x28:0x00000000 x21=0xfc31c41b
      26555.000 ns	      2654	80000b00	b8e6c893	xori	x17,x13,-1138	 x13:0x00000000 x17=0xfffffb8e
      26565.000 ns	      2655	80000b04	006dbf33	sltu	x30,x27,x6	 x27:0x80041024  x6:0x00000006 x30=0x00000000
      26575.000 ns	      2656	80000b08	017294b3	sll	x9,x5,x23	  x5:0x8c149000 x23:0x00000000  x9=0x8c149000
      26585.000 ns	      2657	80000b0c	405fd013	srai	x0,x31,0x5	 x31:0x00000000
      26945.000 ns	      2693	80000b10	0324ebb3	rem	x23,x9,x18	  x9:0x00000000 x18:0x00000001 x23=0x00000000
      26965.000 ns	      2695	80000b14	408adab3	sra	x21,x21,x8	 x21:0xfc31c41b  x8:0x00000000 x21=0xfc31c41b
      26985.000 ns	      2697	80000b18	29d08b53	fmin.s	f22,f1,f29	  f1:0x00000000 f29:0x7fc00000 f22=0x00000000
      27015.000 ns	      2700	80000b1c	c0064cd3	fcvt.w.s	x25,f12	 f12:0x1f350483 x25=0x00000000
      27035.000 ns	      2702	80000b20	6e885f17	auipc	x30,0x6e885	 x30=0xee885b20
      27065.000 ns	      2705	80000b24	106674d3	fmul.s	f9,f12,f6	 f12:0x1f350483  f6:0x7f800000  f9=0x7f800000
      27095.000 ns	      2708	80000b28	e00c8e53	fmv.x.w	x28,f25	 f25:0x00000000 x28=0x00000000
      27115.000 ns	      2710	80000b2c	00000013	addi	x0,x0,0	  x0:0x00000000
      27125.000 ns	      2711	80000b30	1f852013	slti	x0,x10,504	 x10:0x00000000
      27485.000 ns	      2747	80000b34	030ec5b3	div	x11,x29,x16	 x29:0x00000000 x16:0x00000001 x11=0x00000000
      27525.000 ns	      2751	80000b38	1053fb53	fmul.s	f22,f7,f5	  f7:0xff7fffff  f5:0x3126dd38 f22=0xf126dd37
      27555.000 ns	      2754	80000b3c	a1fd15d3	flt.s	x11,f26,f31	 f26:0x41700000 f31:0x80000000 x11=0x00000000
      27575.000 ns	      2756	80000b40	2bbabc13	sltiu	x24,x21,699	 x21:0xfc31c41b x24=0x00000000
      27605.000 ns	      2759	80000b44	10b97e53	fmul.s	f28,f18,f11	 f18:0x00000001 f11:0x7f800001 f28=0x7fc00000
      27625.000 ns	      2761	80000b48	402fd693	srai	x13,x31,0x2	 x31:0x00000000 x13=0x00000000
      27645.000 ns	      2763	80000b4c	d00eccd3	fcvt.s.w	f25,x29	 x29:0x00000000 f25=0x00000000
      27665.000 ns	      2765	80000b50	40875793	srai	x15,x14,0x8	 x14:0x319699e0 x15=0x00319699
      27685.000 ns	      2767	80000b54	a1a40fd3	fle.s	x31,f8,f26	  f8:0x236bfb4c f26:0x41700000 x31=0x00000001
      27705.000 ns	      2769	80000b58	0019d3b3	srl	x7,x19,x1	 x19:0xfc31c41b  x1:0x051bc762  x7=0x3f0c7106
      27715.000 ns	      2770	80000b5c	2855a093	slti	x1,x11,645	 x11:0x00000000  x1=0x00000001
      27725.000 ns	      2771	80000b60	008d5d33	srl	x26,x26,x8	 x26:0x10dc0e60  x8:0x00000000 x26=0x10dc0e60
      28055.000 ns	      2804	80000b64	192d4a53	fdiv.s	f20,f26,f18	 f26:0x41700000 f18:0x00000001 f20=0x7f800000
      28085.000 ns	      2807	80000b68	03edbab3	mulhu	x21,x27,x30	 x27:0x80041024 x30:0xee885b20 x21=0x7747f6bb
      28455.000 ns	      2844	80000b6c	0249f6b3	remu	x13,x19,x4	 x19:0xfc31c41b  x4:0x0000000f x13=0x0000000e
      28485.000 ns	      2847	80000b70	21c711d3	fsgnjn.s	f3,f14,f28	 f14:0x00000000 f28:0x7fc00000  f3=0x80000000
      28515.000 ns	      2850	80000b74	037175b3	remu	x11,x2,x23	  x2:0x0080040c x23:0x00000000 x11=0x0080040c
      28545.000 ns	      2853	80000b78	e00e8bd3	fmv.x.w	x23,f29	 f29:0x7fc00000 x23=0x7fc00000
      28575.000 ns	      2856	80000b7c	281613d3	fmax.s	f7,f12,f1	 f12:0x1f350483  f1:0x00000000  f7=0x1f350483
      28595.000 ns	      2858	80000b80	00000013	addi	x0,x0,0	  x0:0x00000000
      28615.000 ns	      2860	80000b84	29b380d3	fmin.s	f1,f7,f27	  f7:0x1f350483 f27:0x43800000  f1=0x1f350483
      28635.000 ns	      2862	80000b88	82a2fb93	andi	x23,x5,-2006	  x5:0x8c149000 x23=0x8c149000
      28655.000 ns	      2864	80000b8c	a0c8a8d3	feq.s	x17,f17,f12	 f17:0x7fc00000 f12:0x1f350483 x17=0x00000000
      28675.000 ns	      2866	80000b90	00a6f7b3	and	x15,x13,x10	 x13:0x0000000e x10:0x00000000 x15=0x00000000
      28695.000 ns	      2868	80000b94	218dae53	fsgnjx.s	f28,f27,f24	 f27:0x43800000 f24:0x80000000 f28=0xc3800000
      28715.000 ns	      2870	80000b98	013dceb3	xor	x29,x27,x19	 x27:0x80041024 x19:0xfc31c41b x29=0x7c35d43f
      28735.000 ns	      2872	80000b9c	a0979b53	flt.s	x22,f15,f9	 f15:0x80000000  f9:0x7f800000 x22=0x00000001
      28775.000 ns	      2876	80000ba0	580775d3	fsqrt.s	f11,f14	 f14:0x00000000 f11=0x00000000
      28805.000 ns	      2879	80000ba4	a1cc2bd3	feq.s	x23,f24,f28	 f24:0x80000000 f28:0xc3800000 x23=0x00000000
      28845.000 ns	      2883	80000ba8	193a7d53	fdiv.s	f26,f20,f19	 f20:0x7f800000 f19:0x7fc00000 f26=0x7fc00000
      28865.000 ns	      2885	80000bac	0cdec013	xori	x0,x29,205	 x29:0x7c35d43f
      29225.000 ns	      2921	80000bb0	030ec4b3	div	x9,x29,x16	 x29:0x7c35d43f x16:0x00000001  x9=0x7c35d43f
      29265.000 ns	      2925	80000bb4	19310c53	fdiv.s	f24,f2,f19	  f2:0x00000000 f19:0x7fc00000 f24=0x7fc00000
      29295.000 ns	      2928	80000bb8	039fb533	mulhu	x10,x31,x25	 x31:0x00000001 x25:0x00000000 x10=0x00000000
      29315.000 ns	      2930	80000bbc	40bf5513	srai	x10,x30,0xb	 x30:0xee885b20 x10=0xfffdd10b
      29675.000 ns	      2966	80000bc0	02d4d6b3	divu	x13,x9,x13	  x9:0x7c35d43f x13:0x0000000e x13=0x08df4604
      29705.000 ns	      2969	80000bc4	e0098553	fmv.x.w	x10,f19	 f19:0x7fc00000 x10=0x7fc00000
      30075.000 ns	      3006	80000bc8	02ed4333	div	x6,x26,x14	 x26:0x10dc0e60 x14:0x319699e0  x6=0x00000000
      30095.000 ns	      3008	80000bcc	004a6233	or	x4,x20,x4	 x20:0x80040fe4  x4:0x0000000f  x4=0x80040fef
      30105.000 ns	      3009	80000bd0	416981b3	sub	x3,x19,x22	 x19:0xfc31c41b x22:0x00000001  x3=0xfc31c41a
      30125.000 ns	      3011	80000bd4	a04d92d3	flt.s	x5,f27,f4	 f27:0x43800000  f4:0xc4250000  x5=0x00000000
      30145.000 ns	      3013	80000bd8	016355b3	srl	x11,x6,x22	  x6:0x00000000 x22:0x00000001 x11=0x00000000
      30155.000 ns	      3014	80000bdc	401a5893	srai	x17,x20,0x1	 x20:0x80040fe4 x17=0xc00207f2
      30175.000 ns	      3016	80000be0	a16d9153	flt.s	x2,f27,f22	 f27:0x43800000 f22:0xf126dd37  x2=0x00000000
      30205.000 ns	      3019	80000be4	d01caa53	fcvt.s.wu	f20,x25	 x25:0x00000000 f20=0x00000000
      30245.000 ns	      3023	80000be8	1999a253	fdiv.s	f4,f19,f25	 f19:0x7fc00000 f25:0x00000000  f4=0x7fc00000
      30265.000 ns	      3025	80000bec	00000013	addi	x0,x0,0	  x0:0x00000000
      30285.000 ns	      3027	80000bf0	03c5f2b3	remu	x5,x11,x28	 x11:0x00000000 x28:0x00000000  x5=0x00000000
      30315.000 ns	      3030	80000bf4	e0060cd3	fmv.x.w	x25,f12	 f12:0x1f350483 x25=0x1f350483
      30335.000 ns	      3032	80000bf8	01ea47b3	xor	x15,x20,x30	 x20:0x80040fe4 x30:0xee885b20 x15=0x6e8c54c4
      30355.000 ns	      3034	80000bfc	e0080953	fmv.x.w	x18,f16	 f16:0x3126dd38 x18=0x3126dd38
      30385.000 ns	      3037	80000c00	03aa00b3	mul	x1,x20,x26	 x20:0x80040fe4 x26:0x10dc0e60  x1=0x22546d80
      30755.000 ns	      3074	80000c04	03a1f3b3	remu	x7,x3,x26	  x3:0xfc31c41a x26:0x10dc0e60  x7=0x1028fada
      30775.000 ns	      3076	80000c08	016a4d33	xor	x26,x20,x22	 x20:0x80040fe4 x22:0x00000001 x26=0x80040fe5
      30785.000 ns	      3077	80000c0c	003f5593	srli	x11,x30,0x3	 x30:0xee885b20 x11=0x1dd10b64
      30795.000 ns	      3078	80000c10	89874c93	xori	x25,x14,-1896	 x14:0x319699e0 x25=0xce696178
      30815.000 ns	      3080	80000c14	20ec8953	fsgnj.s	f18,f25,f14	 f25:0x00000000 f14:0x00000000 f18=0x00000000
      30835.000 ns	      3082	80000c18	005be5b3	or	x11,x23,x5	 x23:0x00000000  x5:0x00000000 x11=0x00000000
      30855.000 ns	      3084	80000c1c	286a15d3	fmax.s	f11,f20,f6	 f20:0x00000000  f6:0x7f800000 f11=0x7f800000
      30875.000 ns	      3086	80000c20	00636333	or	x6,x6,x6	  x6:0x00000000  x6:0x00000000  x6=0x00000000
      30885.000 ns	      3087	80000c24	01d5f933	and	x18,x11,x29	 x11:0x00000000 x29:0x7c35d43f x18=0x00000000
      30905.000 ns	      3089	80000c28	02959233	mulh	x4,x11,x9	 x11:0x00000000  x9:0x7c35d43f  x4=0x00000000
      31275.000 ns	      3126	80000c2c	02ab7c33	remu	x24,x22,x10	 x22:0x00000001 x10:0x7fc00000 x24=0x00000001
      31305.000 ns	      3129	80000c30	028dff33	remu	x30,x27,x8	 x27:0x80041024  x8:0x00000000 x30=0x80041024
      31325.000 ns	      3131	80000c34	007c75b3	and	x11,x24,x7	 x24:0x00000001  x7:0x1028fada x11=0x00000000
      31335.000 ns	      3132	80000c38	0995aa97	auipc	x21,0x995a	 x21=0x8995ac38
      31365.000 ns	      3135	80000c3c	19fff5d3	fdiv.s	f11,f31,f31	 f31:0x80000000 f31:0x80000000 f11=0x7fc00000
      31415.000 ns	      3140	80000c40	09f20dd3	fsub.s	f27,f4,f31	  f4:0x7fc00000 f31:0x80000000 f27=0x7fc00000
      31435.000 ns	      3142	80000c44	0102e833	or	x16,x5,x16	  x5:0x00000000 x16:0x00000001 x16=0x00000001
      31455.000 ns	      3144	80000c48	a10a82d3	fle.s	x5,f21,f16	 f21:0x7f7fffff f16:0x3126dd38  x5=0x00000000
      31475.000 ns	      3146	80000c4c	eaf43a93	sltiu	x21,x8,-337	  x8:0x00000000 x21=0x00000001
      31485.000 ns	      3147	80000c50	8f7198b7	lui	x17,0x8f719	 x17=0x8f719000
      31515.000 ns	      3150	80000c54	580d9453	fsqrt.s	f8,f27	 f27:0x7fc00000  f8=0x7fc00000
      31565.000 ns	      3155	80000c58	014335d3	fadd.s	f11,f6,f20	  f6:0x7f800000 f20:0x00000000 f11=0x7f800000
      31585.000 ns	      3157	80000c5c	406456b3	sra	x13,x8,x6	  x8:0x00000000  x6:0x00000000 x13=0x00000000
      31605.000 ns	      3159	80000c60	20eeadd3	fsgnjx.s	f27,f29,f14	 f29:0x7fc00000 f14:0x00000000 f27=0x7fc00000
      31625.000 ns	      3161	80000c64	01a55813	srli	x16,x10,0x1a	 x10:0x7fc00000 x16=0x0000001f
      31635.000 ns	      3162	80000c68	244a2613	slti	x12,x20,580	 x20:0x80040fe4 x12=0x00000001
      31645.000 ns	      3163	80000c6c	0164d193	srli	x3,x9,0x16	  x9:0x7c35d43f  x3=0x000001f0
      31665.000 ns	      3165	80000c70	21c606d3	fsgnj.s	f13,f12,f28	 f12:0x1f350483 f28:0xc3800000 f13=0x9f350483
      31715.000 ns	      3170	80000c74	00ce2e53	fadd.s	f28,f28,f12	 f28:0xc3800000 f12:0x1f350483 f28=0xc3800000
      31735.000 ns	      3172	80000c78	61fc1cb7	lui	x25,0x61fc1	 x25=0x61fc1000
      31745.000 ns	      3173	80000c7c	4c47a293	slti	x5,x15,1220	 x15:0x6e8c54c4  x5=0x00000000
      31775.000 ns	      3176	80000c80	19b18553	fdiv.s	f10,f3,f27	  f3:0x80000000 f27:0x7fc00000 f10=0x7fc00000
      31805.000 ns	      3179	80000c84	e0090fd3	fmv.x.w	x31,f18	 f18:0x00000000 x31=0x00000000
      31855.000 ns	      3184	80000c88	01947dd3	fadd.s	f27,f8,f25	  f8:0x7fc00000 f25:0x00000000 f27=0x7fc00000
      31885.000 ns	      3187	80000c8c	022892b3	mulh	x5,x17,x2	 x17:0x8f719000  x2:0x00000000  x5=0x00000000
      31905.000 ns	      3189	80000c90	1954ee13	ori	x28,x9,405	  x9:0x7c35d43f x28=0x7c35d5bf
      31915.000 ns	      3190	80000c94	bfed3093	sltiu	x1,x26,-1026	 x26:0x80040fe5  x1=0x00000001
      31935.000 ns	      3192	80000c98	c00e43d3	fcvt.w.s	x7,f28	 f28:0xc3800000  x7=0xffffff00
      31955.000 ns	      3194	80000c9c	01fab4b3	sltu	x9,x21,x31	 x21:0x00000001 x31:0x00000000  x9=0x00000000
      31975.000 ns	      3196	80000ca0	28bf90d3	fmax.s	f1,f31,f11	 f31:0x80000000 f11:0x7f800000  f1=0x7f800000
      31995.000 ns	      3198	80000ca4	00000013	addi	x0,x0,0	  x0:0x00000000
      32015.000 ns	      3200	80000ca8	d002c5d3	fcvt.s.w	f11,x5	  x5:0x00000000 f11=0x00000000
      32035.000 ns	      3202	80000cac	4b8ac913	xori	x18,x21,1208	 x21:0x00000001 x18=0x000004b9
      32045.000 ns	      3203	80000cb0	00cbd813	srli	x16,x23,0xc	 x23:0x00000000 x16=0x00000000
      32405.000 ns	      3239	80000cb4	032be7b3	rem	x15,x23,x18	 x23:0x00000000 x18:0x00000000 x15=0x00000000
      32435.000 ns	      3242	80000cb8	02d78033	mul	x0,x15,x13	 x15:0x6e8c54c4 x13:0x00000000
      32465.000 ns	      3245	80000cbc	02fa1eb3	mulh	x29,x20,x15	 x20:0x80040fe4 x15:0x00000000 x29=0x00000000
      32485.000 ns	      3247	80000cc0	c4239fb7	lui	x31,0xc4239	 x31=0xc4239000
      32495.000 ns	      3248	80000cc4	53b54d13	xori	x26,x10,1339	 x10:0x7fc00000 x26=0x7fc0053b
      32505.000 ns	      3249	80000cc8	00b658b3	srl	x17,x12,x11	 x12:0x00000001 x11:0x00000000 x17=0x00000001
      32515.000 ns	      3250	80000ccc	f2ca0513	addi	x10,x20,-212	 x20:0x80040fe4 x10=0x80040f10
      32875.000 ns	      3286	80000cd0	0355d3b3	divu	x7,x11,x21	 x11:0x00000000 x21:0x00000001  x7=0x00000000
      32895.000 ns	      3288	80000cd4	41ea56b3	sra	x13,x20,x30	 x20:0x80040fe4 x30:0x80041024 x13=0xf80040fe
      32905.000 ns	      3289	80000cd8	00aac1b3	xor	x3,x21,x10	 x21:0x00000001 x10:0x80040f10  x3=0x80040f11
      32925.000 ns	      3291	80000cdc	0202e033	rem	x0,x5,x0	  x5:0x00000000  x0:0x00000000
      32975.000 ns	      3296	80000ce0	00eefc53	fadd.s	f24,f29,f14	 f29:0x7fc00000 f14:0x00000000 f24=0x7fc00000
      32995.000 ns	      3298	80000ce4	01aa4133	xor	x2,x20,x26	 x20:0x80040fe4 x26:0x7fc0053b  x2=0xffc40adf
      33355.000 ns	      3334	80000ce8	03244733	div	x14,x8,x18	  x8:0x00000000 x18:0x000004b9 x14=0x00000000
      33375.000 ns	      3336	80000cec	238e3913	sltiu	x18,x28,568	 x28:0x7c35d5bf x18=0x00000000
      33395.000 ns	      3338	80000cf0	d004c853	fcvt.s.w	f16,x9	  x9:0x00000000 f16=0x00000000
      33425.000 ns	      3341	80000cf4	29639053	fmax.s	f0,f7,f22	  f7:0x1f350483 f22:0xf126dd37  f0=0x1f350483
      33445.000 ns	      3343	80000cf8	99fee613	ori	x12,x29,-1633	 x29:0x00000000 x12=0xfffff99f
      33465.000 ns	      3345	80000cfc	21dc2653	fsgnjx.s	f12,f24,f29	 f24:0x7fc00000 f29:0x7fc00000 f12=0x7fc00000
      33495.000 ns	      3348	80000d00	03035733	divu	x14,x6,x16	  x6:0x00000000 x16:0x00000000 x14=0xffffffff
      33525.000 ns	      3351	80000d04	03f813b3	mulh	x7,x16,x31	 x16:0x00000000 x31:0xc4239000  x7=0x00000000
      33545.000 ns	      3353	80000d08	0007c133	xor	x2,x15,x0	 x15:0x00000000  x0:0x00000000  x2=0x00000000
      33565.000 ns	      3355	80000d0c	c0132653	fcvt.wu.s	x12,f6	  f6:0x7f800000 x12=0xffffffff
      33615.000 ns	      3360	80000d10	0074bad3	fadd.s	f21,f9,f7	  f9:0x7f800000  f7:0x1f350483 f21=0x7f800000
      33635.000 ns	      3362	80000d14	405cd1b3	sra	x3,x25,x5	 x25:0x61fc1000  x5:0x00000000  x3=0x61fc1000
      33655.000 ns	      3364	80000d18	a1f827d3	feq.s	x15,f16,f31	 f16:0x00000000 f31:0x80000000 x15=0x00000001
      33685.000 ns	      3367	80000d1c	e0009253	fclass.s	x4,f1	  f1:0x7f800000  x4=0x00000080
      33715.000 ns	      3370	80000d20	c004f3d3	fcvt.w.s	x7,f9	  f9:0x7f800000  x7=0x7fffffff
      33735.000 ns	      3372	80000d24	01300833	add	x16,x0,x19	  x0:0x00000000 x19:0xfc31c41b x16=0xfc31c41b
      33775.000 ns	      3376	80000d28	083329d3	fsub.s	f19,f6,f3	  f6:0x7f800000  f3:0x80000000 f19=0x7f800000
      33795.000 ns	      3378	80000d2c	00000013	addi	x0,x0,0	  x0:0x00000000
      33805.000 ns	      3379	80000d30	a6305b17	auipc	x22,0xa6305	 x22=0x26305d30
      33815.000 ns	      3380	80000d34	013b25b3	slt	x11,x22,x19	 x22:0x00000001 x19:0xfc31c41b x11=0x00000000
      33825.000 ns	      3381	80000d38	e5b58293	addi	x5,x11,-421	 x11:0x00000000  x5=0xfffffe5b
      33845.000 ns	      3383	80000d3c	c01cf453	fcvt.wu.s	x8,f25	 f25:0x00000000  x8=0x00000000
      33875.000 ns	      3386	80000d40	20918dd3	fsgnj.s	f27,f3,f9	  f3:0x80000000  f9:0x7f800000 f27=0x00000000
      33895.000 ns	      3388	80000d44	9dc68913	addi	x18,x13,-1572	 x13:0xf80040fe x18=0xf8003ada
      33915.000 ns	      3390	80000d48	023717b3	mulh	x15,x14,x3	 x14:0xffffffff  x3:0x61fc1000 x15=0xffffffff
      33945.000 ns	      3393	80000d4c	20cc8cd3	fsgnj.s	f25,f25,f12	 f25:0x00000000 f12:0x7fc00000 f25=0x00000000
      33975.000 ns	      3396	80000d50	21ce1753	fsgnjn.s	f14,f28,f28	 f28:0xc3800000 f28:0xc3800000 f14=0x43800000
      34005.000 ns	      3399	80000d54	f0020d53	fmv.w.x	f26,x4	  x4:0x00000080 f26=0x00000080
      34025.000 ns	      3401	80000d58	01116233	or	x4,x2,x17	  x2:0x00000000 x17:0x00000001  x4=0x00000001
      34035.000 ns	      3402	80000d5c	01a00033	add	x0,x0,x26	  x0:0x00000000 x26:0x7fc0053b
      34055.000 ns	      3404	80000d60	289a90d3	fmax.s	f1,f21,f9	 f21:0x7f800000  f9:0x7f800000  f1=0x7f800000
      34105.000 ns	      3409	80000d64	01a01dd3	fadd.s	f27,f0,f26	  f0:0x1f350483 f26:0x00000080 f27=0x1f350483
      34135.000 ns	      3412	80000d68	02a90833	mul	x16,x18,x10	 x18:0xf8003ada x10:0x80040f10 x16=0x6ede73a0
      34155.000 ns	      3414	80000d6c	c2becc13	xori	x24,x29,-981	 x29:0x00000000 x24=0xfffffc2b
      34165.000 ns	      3415	80000d70	019b5793	srli	x15,x22,0x19	 x22:0x26305d30 x15=0x00000013
      34175.000 ns	      3416	80000d74	6f05e193	ori	x3,x11,1776	 x11:0x00000000  x3=0x000006f0
      34195.000 ns	      3418	80000d78	a1601b53	flt.s	x22,f0,f22	  f0:0x1f350483 f22:0xf126dd37 x22=0x00000000
      34215.000 ns	      3420	80000d7c	413a02b3	sub	x5,x20,x19	 x20:0x80040fe4 x19:0xfc31c41b  x5=0x83d24bc9
      34235.000 ns	      3422	80000d80	c0184753	fcvt.wu.s	x14,f16	 f16:0x00000000 x14=0x00000000
      34265.000 ns	      3425	80000d84	03a91533	mulh	x10,x18,x26	 x18:0xf8003ada x26:0x7fc0053b x10=0xfc021d34
      34295.000 ns	      3428	80000d88	e00b06d3	fmv.x.w	x13,f22	 f22:0xf126dd37 x13=0xf126dd37
      34315.000 ns	      3430	80000d8c	e0c1f593	andi	x11,x3,-500	  x3:0x000006f0 x11=0x00000600
      34325.000 ns	      3431	80000d90	00000013	addi	x0,x0,0	  x0:0x00000000
      34345.000 ns	      3433	80000d94	21ff0c53	fsgnj.s	f24,f30,f31	 f30:0xa36bfb4c f31:0x80000000 f24=0xa36bfb4c
      34375.000 ns	      3436	80000d98	283590d3	fmax.s	f1,f11,f3	 f11:0x00000000  f3:0x80000000  f1=0x00000000
      34405.000 ns	      3439	80000d9c	037bd7b3	divu	x15,x23,x23	 x23:0x00000000 x23:0x00000000 x15=0xffffffff
      34435.000 ns	      3442	80000da0	03b5b0b3	mulhu	x1,x11,x27	 x11:0x00000600 x27:0x80041024  x1=0x00000300
      34465.000 ns	      3445	80000da4	02c39eb3	mulh	x29,x7,x12	  x7:0x7fffffff x12:0xffffffff x29=0xffffffff
      34485.000 ns	      3447	80000da8	01fa5493	srli	x9,x20,0x1f	 x20:0x80040fe4  x9=0x00000001
      34495.000 ns	      3448	80000dac	10937193	andi	x3,x6,265	  x6:0x00000000  x3=0x00000000
      34505.000 ns	      3449	80000db0	00000013	addi	x0,x0,0	  x0:0x00000000
      34515.000 ns	      3450	80000db4	b2314f37	lui	x30,0xb2314	 x30=0xb2314000
      34875.000 ns	      3486	80000db8	02b9cf33	div	x30,x19,x11	 x19:0xfc31c41b x11:0x00000600 x30=0xffff5da1
      34895.000 ns	      3488	80000dbc	1329fb17	auipc	x22,0x1329f	 x22=0x9329fdbc
      34935.000 ns	      3492	80000dc0	01f37753	fadd.s	f14,f6,f31	  f6:0x7f800000 f31:0x80000000 f14=0x7f800000
      34965.000 ns	      3495	80000dc4	038fbcb3	mulhu	x25,x31,x24	 x31:0xc4239000 x24:0xfffffc2b x25=0xc4238d10
      34985.000 ns	      3497	80000dc8	015fdb13	srli	x22,x31,0x15	 x31:0xc4239000 x22=0x00000621
      34995.000 ns	      3498	80000dcc	b9598d13	addi	x26,x19,-1131	 x19:0xfc31c41b x26=0xfc31bfb0
      35005.000 ns	      3499	80000dd0	4a80a497	auipc	x9,0x4a80a	  x9=0xca80add0
      35015.000 ns	      3500	80000dd4	58ea2d13	slti	x26,x20,1422	 x20:0x80040fe4 x26=0x00000001
      35055.000 ns	      3504	80000dd8	00be7d53	fadd.s	f26,f28,f11	 f28:0xc3800000 f11:0x00000000 f26=0xc3800000
      35075.000 ns	      3506	80000ddc	8651ee93	ori	x29,x3,-1947	  x3:0x00000000 x29=0xfffff865
      35435.000 ns	      3542	80000de0	02ca4bb3	div	x23,x20,x12	 x20:0x80040fe4 x12:0xffffffff x23=0x7ffbf01c
      35455.000 ns	      3544	80000de4	01949813	slli	x16,x9,0x19	  x9:0xca80add0 x16=0xa0000000
      35465.000 ns	      3545	80000de8	004956b3	srl	x13,x18,x4	 x18:0xf8003ada  x4:0x00000001 x13=0x7c001d6d
      35505.000 ns	      3549	80000dec	01f0f8d3	fadd.s	f17,f1,f31	  f1:0x00000000 f31:0x80000000 f17=0x80000000
      35535.000 ns	      3552	80000df0	d01e8753	fcvt.s.wu	f14,x29	 x29:0xfffff865 f14=0x4f7ffff8
      35555.000 ns	      3554	80000df4	001b6733	or	x14,x22,x1	 x22:0x00000621  x1:0x00000300 x14=0x00000721
      35915.000 ns	      3590	80000df8	03f1e433	rem	x8,x3,x31	  x3:0x00000000 x31:0xc4239000  x8=0x00000000
      35935.000 ns	      3592	80000dfc	01812eb3	slt	x29,x2,x24	  x2:0x00000000 x24:0xfffffc2b x29=0x00000000
      35955.000 ns	      3594	80000e00	e00d92d3	fclass.s	x5,f27	 f27:0x1f350483  x5=0x00000040
      35985.000 ns	      3597	80000e04	d0111553	fcvt.s.wu	f10,x2	  x2:0x00000000 f10=0x00000000
      36005.000 ns	      3599	80000e08	b9efb613	sltiu	x12,x31,-1122	 x31:0xc4239000 x12=0x00000001
      36045.000 ns	      3603	80000e0c	00fec8d3	fadd.s	f17,f29,f15	 f29:0x7fc00000 f15:0x80000000 f17=0x7fc00000
      36065.000 ns	      3605	80000e10	afbdc717	auipc	x14,0xafbdc	 x14=0x2fbdce10
      36075.000 ns	      3606	80000e14	016530b3	sltu	x1,x10,x22	 x10:0xfc021d34 x22:0x00000621  x1=0x00000000
      36095.000 ns	      3608	80000e18	03d174b3	remu	x9,x2,x29	  x2:0x00000000 x29:0x00000000  x9=0x00000000
      36465.000 ns	      3645	80000e1c	025e70b3	remu	x1,x28,x5	 x28:0x7c35d5bf  x5:0x00000040  x1=0x0000003f
      36485.000 ns	      3647	80000e20	00505cb3	srl	x25,x0,x5	  x0:0x00000000  x5:0x00000040 x25=0x00000000
      36495.000 ns	      3648	80000e24	d17f5497	auipc	x9,0xd17f5	  x9=0x517f5e24
      36515.000 ns	      3650	80000e28	028a3eb3	mulhu	x29,x20,x8	 x20:0x80040fe4  x8:0x00000000 x29=0x00000000
      36535.000 ns	      3652	80000e2c	a3f9c293	xori	x5,x19,-1473	 x19:0xfc31c41b  x5=0x03ce3e24
      36555.000 ns	      3654	80000e30	03c89633	mulh	x12,x17,x28	 x17:0x00000001 x28:0x7c35d5bf x12=0x00000000
      36575.000 ns	      3656	80000e34	a0191297	auipc	x5,0xa0191	  x5=0x20191e34
      36615.000 ns	      3660	80000e38	01441553	fadd.s	f10,f8,f20	  f8:0x7fc00000 f20:0x00000000 f10=0x7fc00000
      36665.000 ns	      3665	80000e3c	01323153	fadd.s	f2,f4,f19	  f4:0x7fc00000 f19:0x7f800000  f2=0x7fc00000
      36685.000 ns	      3667	80000e40	0173d293	srli	x5,x7,0x17	  x7:0x7fffffff  x5=0x000000ff
      36705.000 ns	      3669	80000e44	21d625d3	fsgnjx.s	f11,f12,f29	 f12:0x7fc00000 f29:0x7fc00000 f11=0x7fc00000
      36735.000 ns	      3672	80000e48	03f21c33	mulh	x24,x4,x31	  x4:0x00000001 x31:0xc4239000 x24=0xffffffff
      36755.000 ns	      3674	80000e4c	00000013	addi	x0,x0,0	  x0:0x00000000
      36775.000 ns	      3676	80000e50	e0031553	fclass.s	x10,f6	  f6:0x7f800000 x10=0x00000080
      36805.000 ns	      3679	80000e54	c00e7d53	fcvt.w.s	x26,f28	 f28:0xc3800000 x26=0x00000100
      36835.000 ns	      3682	80000e58	20b187d3	fsgnj.s	f15,f3,f11	  f3:0x80000000 f11:0x7fc00000 f15=0x00000000
      36865.000 ns	      3685	80000e5c	d003fa53	fcvt.s.w	f20,x7	  x7:0x7fffffff f20=0x4effffff
      36885.000 ns	      3687	80000e60	ca69ae93	slti	x29,x19,-858	 x19:0xfc31c41b x29=0x00000001
      36895.000 ns	      3688	80000e64	009cf3b3	and	x7,x25,x9	 x25:0x00000000  x9:0x517f5e24  x7=0x00000000
      36925.000 ns	      3691	80000e68	1954c953	fdiv.s	f18,f9,f21	  f9:0x7f800000 f21:0x7f800000 f18=0x7fc00000
      36955.000 ns	      3694	80000e6c	2085aa53	fsgnjx.s	f20,f11,f8	 f11:0x7fc00000  f8:0x7fc00000 f20=0x7fc00000
      36975.000 ns	      3696	80000e70	007687b3	add	x15,x13,x7	 x13:0x7c001d6d  x7:0x00000000 x15=0x7c001d6d
      36985.000 ns	      3697	80000e74	00c83ab3	sltu	x21,x16,x12	 x16:0xa0000000 x12:0x00000000 x21=0x00000000
      37005.000 ns	      3699	80000e78	03578f33	mul	x30,x15,x21	 x15:0xffffffff x21:0x00000001 x30=0x00000000
      37035.000 ns	      3702	80000e7c	c00f71d3	fcvt.w.s	x3,f30	 f30:0xa36bfb4c  x3=0x00000000
      37405.000 ns	      3739	80000e80	02a14333	div	x6,x2,x10	  x2:0x00000000 x10:0x00000080  x6=0x00000000
      37425.000 ns	      3741	80000e84	d8668b93	addi	x23,x13,-634	 x13:0x7c001d6d x23=0x7c001af3
      37445.000 ns	      3743	80000e88	a03d8453	fle.s	x8,f27,f3	 f27:0x1f350483  f3:0x80000000  x8=0x00000000
      37815.000 ns	      3780	80000e8c	02a46333	rem	x6,x8,x10	  x8:0x00000000 x10:0x00000080  x6=0x00000000
      37835.000 ns	      3782	80000e90	004ec4b3	xor	x9,x29,x4	 x29:0x00000001  x4:0x00000001  x9=0x00000000
      37855.000 ns	      3784	80000e94	03e4c5b3	div	x11,x9,x30	  x9:0x517f5e24 x30:0x00000000 x11=0xffffffff
      37875.000 ns	      3786	80000e98	2f326513	ori	x10,x4,755	  x4:0x00000001 x10=0x000002f3
      37905.000 ns	      3789	80000e9c	104784d3	fmul.s	f9,f15,f4	 f15:0x00000000  f4:0x7fc00000  f9=0x7fc00000
      37925.000 ns	      3791	80000ea0	002c9033	sll	x0,x25,x2	 x25:0x00000000  x2:0x00000000
      37935.000 ns	      3792	80000ea4	0103dcb3	srl	x25,x7,x16	  x7:0x00000000 x16:0xa0000000 x25=0x00000000
      37945.000 ns	      3793	80000ea8	00785ab3	srl	x21,x16,x7	 x16:0xa0000000  x7:0x00000000 x21=0xa0000000
      37965.000 ns	      3795	80000eac	c007f653	fcvt.w.s	x12,f15	 f15:0x00000000 x12=0x00000000
      37985.000 ns	      3797	80000eb0	abb9fa93	andi	x21,x19,-1349	 x19:0xfc31c41b x21=0xfc31c01b
      37995.000 ns	      3798	80000eb4	418b0833	sub	x16,x22,x24	 x22:0x00000621 x24:0xffffffff x16=0x00000622
      38015.000 ns	      3800	80000eb8	a09d2e53	feq.s	x28,f26,f9	 f26:0xc3800000  f9:0x7fc00000 x28=0x00000000
      38045.000 ns	      3803	80000ebc	29470853	fmin.s	f16,f14,f20	 f14:0x4f7ffff8 f20:0x7fc00000 f16=0x4f7ffff8
      38065.000 ns	      3805	80000ec0	00000013	addi	x0,x0,0	  x0:0x00000000
      38085.000 ns	      3807	80000ec4	028211b3	mulh	x3,x4,x8	  x4:0x00000001  x8:0x00000000  x3=0x00000000
      38105.000 ns	      3809	80000ec8	0127c7b3	xor	x15,x15,x18	 x15:0x7c001d6d x18:0xf8003ada x15=0x840027b7
      38145.000 ns	      3813	80000ecc	001471d3	fadd.s	f3,f8,f1	  f8:0x7fc00000  f1:0x00000000  f3=0x7fc00000
      38195.000 ns	      3818	80000ed0	00c641d3	fadd.s	f3,f12,f12	 f12:0x7fc00000 f12:0x7fc00000  f3=0x7fc00000
      38215.000 ns	      3820	80000ed4	00e69bb3	sll	x23,x13,x14	 x13:0x7c001d6d x14:0x2fbdce10 x23=0x1d6d0000
      38235.000 ns	      3822	80000ed8	e00f85d3	fmv.x.w	x11,f31	 f31:0x80000000 x11=0x80000000
      38265.000 ns	      3825	80000edc	d00a7553	fcvt.s.w	f10,x20	 x20:0x80040fe4 f10=0xcefff7e0
      38635.000 ns	      3862	80000ee0	02abeeb3	rem	x29,x23,x10	 x23:0x1d6d0000 x10:0x000002f3 x29=0x0000010c
      38665.000 ns	      3865	80000ee4	c00dc353	fcvt.w.s	x6,f27	 f27:0x1f350483  x6=0x00000000
      38695.000 ns	      3868	80000ee8	a0ff1053	flt.s	x0,f30,f15	 f30:0xa36bfb4c f15:0x00000000
      39875.000 ns	      3986	80000eec	58007e53	fsqrt.s	f28,f0	  f0:0x1f350483 f28=0x2effff26
      39905.000 ns	      3989	80000ef0	025d3d33	mulhu	x26,x26,x5	 x26:0x00000100  x5:0x000000ff x26=0x00000000
      39935.000 ns	      3992	80000ef4	e0070ad3	fmv.x.w	x21,f14	 f14:0x4f7ffff8 x21=0x4f7ffff8
      39975.000 ns	      3996	80000ef8	199d8dd3	fdiv.s	f27,f27,f25	 f27:0x1f350483 f25:0x00000000 f27=0x7f800000
      40005.000 ns	      3999	80000efc	e00e95d3	fclass.s	x11,f29	 f29:0x7fc00000 x11=0x00000200
      40035.000 ns	      4002	80000f00	c007b4d3	fcvt.w.s	x9,f15	 f15:0x00000000  x9=0x00000000
      40065.000 ns	      4005	80000f04	a12306d3	fle.s	x13,f6,f18	  f6:0x7f800000 f18:0x7fc00000 x13=0x00000000
      40095.000 ns	      4008	80000f08	21798453	fsgnj.s	f8,f19,f23	 f19:0x7f800000 f23:0x7f800000  f8=0x7f800000
      40115.000 ns	      4010	80000f0c	01111fb3	sll	x31,x2,x17	  x2:0x00000000 x17:0x00000001 x31=0x00000000
      40475.000 ns	      4046	80000f10	035ce933	rem	x18,x25,x21	 x25:0x00000000 x21:0x4f7ffff8 x18=0x00000000
      40505.000 ns	      4049	80000f14	f00102d3	fmv.w.x	f5,x2	  x2:0x00000000  f5=0x00000000
      40535.000 ns	      4052	80000f18	03a56cb3	rem	x25,x10,x26	 x10:0x000002f3 x26:0x00000000 x25=0x000002f3
      40555.000 ns	      4054	80000f1c	0189c4b3	xor	x9,x19,x24	 x19:0xfc31c41b x24:0xffffffff  x9=0x03ce3be4
      40565.000 ns	      4055	80000f20	016307b3	add	x15,x6,x22	  x6:0x00000000 x22:0x00000621 x15=0x00000621
      40585.000 ns	      4057	80000f24	a1f31d53	flt.s	x26,f6,f31	  f6:0x7f800000 f31:0x80000000 x26=0x00000000
      40605.000 ns	      4059	80000f28	000f9b33	sll	x22,x31,x0	 x31:0x00000000  x0:0x00000000 x22=0x00000000
      40625.000 ns	      4061	80000f2c	c008ad53	fcvt.w.s	x26,f17	 f17:0x7fc00000 x26=0x7fffffff
      40655.000 ns	      4064	80000f30	d01cfbd3	fcvt.s.wu	f23,x25	 x25:0x000002f3 f23=0x443cc000
      40675.000 ns	      4066	80000f34	014d1933	sll	x18,x26,x20	 x26:0x7fffffff x20:0x80040fe4 x18=0xfffffff0
      40685.000 ns	      4067	80000f38	40f0d5b3	sra	x11,x1,x15	  x1:0x0000003f x15:0x00000621 x11=0x0000001f
      40695.000 ns	      4068	80000f3c	7eb46413	ori	x8,x8,2027	  x8:0x00000000  x8=0x000007eb
      40715.000 ns	      4070	80000f40	c0177653	fcvt.wu.s	x12,f14	 f14:0x4f7ffff8 x12=0xfffff800
      40745.000 ns	      4073	80000f44	f0030253	fmv.w.x	f4,x6	  x6:0x00000000  f4=0x00000000
      40765.000 ns	      4075	80000f48	01d45893	srli	x17,x8,0x1d	  x8:0x000007eb x17=0x00000000
      40775.000 ns	      4076	80000f4c	c79cb793	sltiu	x15,x25,-903	 x25:0x000002f3 x15=0x00000001
      40795.000 ns	      4078	80000f50	28439dd3	fmax.s	f27,f7,f4	  f7:0x1f350483  f4:0x00000000 f27=0x1f350483
      40825.000 ns	      4081	80000f54	d00c21d3	fcvt.s.w	f3,x24	 x24:0xffffffff  f3=0xbf800000
      40845.000 ns	      4083	80000f58	418eb793	sltiu	x15,x29,1048	 x29:0x0000010c x15=0x00000001
      41205.000 ns	      4119	80000f5c	0245cfb3	div	x31,x11,x4	 x11:0x0000001f  x4:0x00000001 x31=0x0000001f
      41235.000 ns	      4122	80000f60	e0049453	fclass.s	x8,f9	  f9:0x7fc00000  x8=0x00000200
      41255.000 ns	      4124	80000f64	b2ffc613	xori	x12,x31,-1233	 x31:0x0000001f x12=0xfffffb30
      41295.000 ns	      4128	80000f68	00f12fd3	fadd.s	f31,f2,f15	  f2:0x7fc00000 f15:0x00000000 f31=0x7fc00000
      41315.000 ns	      4130	80000f6c	00b194b3	sll	x9,x3,x11	  x3:0x00000000 x11:0x0000001f  x9=0x00000000
      41325.000 ns	      4131	80000f70	65bfae13	slti	x28,x31,1627	 x31:0x0000001f x28=0x00000001
      41335.000 ns	      4132	80000f74	1f5bb497	auipc	x9,0x1f5bb	  x9=0x9f5bbf74
      41345.000 ns	      4133	80000f78	41485733	sra	x14,x16,x20	 x16:0x00000622 x20:0x80040fe4 x14=0x00000062
      41355.000 ns	      4134	80000f7c	cf91b813	sltiu	x16,x3,-775	  x3:0x00000000 x16=0x00000001
      41395.000 ns	      4138	80000f80	013701d3	fadd.s	f3,f14,f19	 f14:0x4f7ffff8 f19:0x7f800000  f3=0x7f800000
      41415.000 ns	      4140	80000f84	01459713	slli	x14,x11,0x14	 x11:0x0000001f x14=0x01f00000
      41425.000 ns	      4141	80000f88	0edda613	slti	x12,x27,237	 x27:0x80041024 x12=0x00000001
      41465.000 ns	      4145	80000f8c	010e95d3	fadd.s	f11,f29,f16	 f29:0x7fc00000 f16:0x4f7ffff8 f11=0x7fc00000
      41485.000 ns	      4147	80000f90	0180d093	srli	x1,x1,0x18	  x1:0x0000003f  x1=0x00000000
      41505.000 ns	      4149	80000f94	a04aa653	feq.s	x12,f21,f4	 f21:0x7f800000  f4:0x00000000 x12=0x00000000
      41525.000 ns	      4151	80000f98	14f04193	xori	x3,x0,335	  x0:0x00000000  x3=0x0000014f
      41545.000 ns	      4153	80000f9c	0286b4b3	mulhu	x9,x13,x8	 x13:0x00000000  x8:0x00000200  x9=0x00000000
      41565.000 ns	      4155	80000fa0	00000013	addi	x0,x0,0	  x0:0x00000000
      41585.000 ns	      4157	80000fa4	216b1bd3	fsgnjn.s	f23,f22,f22	 f22:0xf126dd37 f22:0xf126dd37 f23=0x7126dd37
      41955.000 ns	      4194	80000fa8	02426733	rem	x14,x4,x4	  x4:0x00000001  x4:0x00000001 x14=0x00000000
      41975.000 ns	      4196	80000fac	000f1393	slli	x7,x30,0x0	 x30:0x00000000  x7=0x00000000
      41985.000 ns	      4197	80000fb0	01bd8bb3	add	x23,x27,x27	 x27:0x80041024 x27:0x80041024 x23=0x00082048
      41995.000 ns	      4198	80000fb4	01e542b3	xor	x5,x10,x30	 x10:0x000002f3 x30:0x00000000  x5=0x000002f3
      42005.000 ns	      4199	80000fb8	01b6c333	xor	x6,x13,x27	 x13:0x00000000 x27:0x80041024  x6=0x80041024
      42015.000 ns	      4200	80000fbc	41aa0133	sub	x2,x20,x26	 x20:0x80040fe4 x26:0x7fffffff  x2=0x00040fe5
      42025.000 ns	      4201	80000fc0	018aa3b3	slt	x7,x21,x24	 x21:0x4f7ffff8 x24:0xffffffff  x7=0x00000000
      42035.000 ns	      4202	80000fc4	4ad97913	andi	x18,x18,1197	 x18:0xfffffff0 x18=0x000004a0
      42055.000 ns	      4204	80000fc8	20d7a153	fsgnjx.s	f2,f15,f13	 f15:0x00000000 f13:0x9f350483  f2=0x80000000
      42085.000 ns	      4207	80000fcc	d0180f53	fcvt.s.wu	f30,x16	 x16:0x00000001 f30=0x3f800000
      42455.000 ns	      4244	80000fd0	022f6fb3	rem	x31,x30,x2	 x30:0x00000000  x2:0x00040fe5 x31=0x00000000
      42485.000 ns	      4247	80000fd4	290000d3	fmin.s	f1,f0,f16	  f0:0x1f350483 f16:0x4f7ffff8  f1=0x1f350483
      42515.000 ns	      4250	80000fd8	29201cd3	fmax.s	f25,f0,f18	  f0:0x1f350483 f18:0x7fc00000 f25=0x1f350483
      42565.000 ns	      4255	80000fdc	002af8d3	fadd.s	f17,f21,f2	 f21:0x7f800000  f2:0x80000000 f17=0x7f800000
      42595.000 ns	      4258	80000fe0	e0069653	fclass.s	x12,f13	 f13:0x9f350483 x12=0x00000002
      42625.000 ns	      4261	80000fe4	c00e7cd3	fcvt.w.s	x25,f28	 f28:0x2effff26 x25=0x00000000
      42995.000 ns	      4298	80000fe8	02b45ab3	divu	x21,x8,x11	  x8:0x00000200 x11:0x0000001f x21=0x00000010
      43025.000 ns	      4301	80000fec	28a40853	fmin.s	f16,f8,f10	  f8:0x7f800000 f10:0xcefff7e0 f16=0xcefff7e0
      43045.000 ns	      4303	80000ff0	00372d33	slt	x26,x14,x3	 x14:0x00000000  x3:0x0000014f x26=0x00000001
      43055.000 ns	      4304	80000ff4	c3944093	xori	x1,x8,-967	  x8:0x00000200  x1=0xfffffe39
      43075.000 ns	      4306	80000ff8	20e588d3	fsgnj.s	f17,f11,f14	 f11:0x7fc00000 f14:0x4f7ffff8 f17=0x7fc00000
      43095.000 ns	      4308	80000ffc	d826ef93	ori	x31,x13,-638	 x13:0x00000000 x31=0xfffffd82
      43125.000 ns	      4311	80001000	11ed7453	fmul.s	f8,f26,f30	 f26:0xc3800000 f30:0x3f800000  f8=0xc3800000
      43155.000 ns	      4314	80001004	f0038653	fmv.w.x	f12,x7	  x7:0x00000000 f12=0x00000000
      43185.000 ns	      4317	80001008	03849e33	mulh	x28,x9,x24	  x9:0x00000000 x24:0xffffffff x28=0x00000000
      43205.000 ns	      4319	8000100c	0decfe13	andi	x28,x25,222	 x25:0x00000000 x28=0x00000000
      43215.000 ns	      4320	80001010	00961193	slli	x3,x12,0x9	 x12:0x00000002  x3=0x00000400
      43235.000 ns	      4322	80001014	29cd13d3	fmax.s	f7,f26,f28	 f26:0xc3800000 f28:0x2effff26  f7=0x2effff26
      43255.000 ns	      4324	80001018	adf8fe93	andi	x29,x17,-1313	 x17:0x00000000 x29=0x00000000
      43265.000 ns	      4325	8000101c	00000013	addi	x0,x0,0	  x0:0x00000000
      43285.000 ns	      4327	80001020	2115ad53	fsgnjx.s	f26,f11,f17	 f11:0x7fc00000 f17:0x7fc00000 f26=0x7fc00000
      43305.000 ns	      4329	80001024	61b56893	ori	x17,x10,1563	 x10:0x000002f3 x17=0x000006fb
      43325.000 ns	      4331	80001028	d00c7453	fcvt.s.w	f8,x24	 x24:0xffffffff  f8=0xbf800000
      43345.000 ns	      4333	8000102c	aa552f13	slti	x30,x10,-1371	 x10:0x000002f3 x30=0x00000000
      43365.000 ns	      4335	80001030	024fa333	mulhsu	x6,x31,x4	 x31:0xfffffd82  x4:0x00000001  x6=0xffffffff
      43395.000 ns	      4338	80001034	29081b53	fmax.s	f22,f16,f16	 f16:0xcefff7e0 f16:0xcefff7e0 f22=0xcefff7e0
      43415.000 ns	      4340	80001038	00392d33	slt	x26,x18,x3	 x18:0x000004a0  x3:0x00000400 x26=0x00000000
      43425.000 ns	      4341	8000103c	bf55f913	andi	x18,x11,-1035	 x11:0x0000001f x18=0x00000015
      43435.000 ns	      4342	80001040	009c02b3	add	x5,x24,x9	 x24:0xffffffff  x9:0x00000000  x5=0xffffffff
      43475.000 ns	      4346	80001044	08679153	fsub.s	f2,f15,f6	 f15:0x00000000  f6:0x7f800000  f2=0xff800000
      43845.000 ns	      4383	80001048	0232eb33	rem	x22,x5,x3	  x5:0x000002f3  x3:0x00000400 x22=0xffffffff
      44215.000 ns	      4420	8000104c	02c76cb3	rem	x25,x14,x12	 x14:0x00000000 x12:0x00000002 x25=0x00000000
      44235.000 ns	      4422	80001050	6caf8593	addi	x11,x31,1738	 x31:0xfffffd82 x11=0x0000044c
      44255.000 ns	      4424	80001054	02a1abb3	mulhsu	x23,x3,x10	  x3:0x00000400 x10:0x000002f3 x23=0x00000000
      44285.000 ns	      4427	80001058	d012f0d3	fcvt.s.wu	f1,x5	  x5:0xffffffff  f1=0x4f7fffff
      44315.000 ns	      4430	8000105c	039712b3	mulh	x5,x14,x25	 x14:0x00000000 x25:0x00000000  x5=0x00000000
      44365.000 ns	      4435	80001060	003ef4d3	fadd.s	f9,f29,f3	 f29:0x7fc00000  f3:0x7f800000  f9=0x7fc00000
      44385.000 ns	      4437	80001064	6da38893	addi	x17,x7,1754	  x7:0x00000000 x17=0x000006da
      44395.000 ns	      4438	80001068	01575713	srli	x14,x14,0x15	 x14:0x00000000 x14=0x00000000
      44415.000 ns	      4440	8000106c	f00a0953	fmv.w.x	f18,x20	 x20:0x80040fe4 f18=0x80040fe4
      44445.000 ns	      4443	80001070	f0018ed3	fmv.w.x	f29,x3	  x3:0x00000400 f29=0x00000400
      44475.000 ns	      4446	80001074	213990d3	fsgnjn.s	f1,f19,f19	 f19:0x7f800000 f19:0x7f800000  f1=0xff800000
      44525.000 ns	      4451	80001078	0812b3d3	fsub.s	f7,f5,f1	  f5:0x00000000  f1:0x4f7fffff  f7=0x7f800000
      44545.000 ns	      4453	8000107c	018c2933	slt	x18,x24,x24	 x24:0xffffffff x24:0xffffffff x18=0x00000000
      44905.000 ns	      4489	80001080	02326b33	rem	x22,x4,x3	  x4:0x00000001  x3:0x00000400 x22=0x00000001
      44925.000 ns	      4491	80001084	01495cb3	srl	x25,x18,x20	 x18:0x00000015 x20:0x80040fe4 x25=0x00000000
      44945.000 ns	      4493	80001088	03229533	mulh	x10,x5,x18	  x5:0x00000000 x18:0x00000000 x10=0x00000000
      44975.000 ns	      4496	8000108c	f00b06d3	fmv.w.x	f13,x22	 x22:0x00000001 f13=0x00000001
      45005.000 ns	      4499	80001090	02deb533	mulhu	x10,x29,x13	 x29:0x00000000 x13:0x00000000 x10=0x00000000
      45025.000 ns	      4501	80001094	8e8fb693	sltiu	x13,x31,-1816	 x31:0xfffffd82 x13=0x00000000
      45035.000 ns	      4502	80001098	00213f33	sltu	x30,x2,x2	  x2:0x00040fe5  x2:0x00040fe5 x30=0x00000000
      45045.000 ns	      4503	8000109c	a0da0313	addi	x6,x20,-1523	 x20:0x80040fe4  x6=0x800409f1
      45055.000 ns	      4504	800010a0	009e24b3	slt	x9,x28,x9	 x28:0x00000000  x9:0x00000000  x9=0x00000000
      45065.000 ns	      4505	800010a4	f2c2f537	lui	x10,0xf2c2f	 x10=0xf2c2f000
      45085.000 ns	      4507	800010a8	a0b5ad53	feq.s	x26,f11,f11	 f11:0x7fc00000 f11:0x7fc00000 x26=0x00000000
      45105.000 ns	      4509	800010ac	01bd9333	sll	x6,x27,x27	 x27:0x80041024 x27:0x80041024  x6=0x00410240
      45125.000 ns	      4511	800010b0	03dbd233	divu	x4,x23,x29	 x23:0x00000000 x29:0x00000000  x4=0xffffffff
      45145.000 ns	      4513	800010b4	41ffd6b3	sra	x13,x31,x31	 x31:0xfffffd82 x31:0xfffffd82 x13=0xffffff60
      45165.000 ns	      4515	800010b8	a14cad53	feq.s	x26,f25,f20	 f25:0x1f350483 f20:0x7fc00000 x26=0x00000000
      45195.000 ns	      4518	800010bc	023917b3	mulh	x15,x18,x3	 x18:0x00000000  x3:0x00000400 x15=0x00000000
      45245.000 ns	      4523	800010c0	08697853	fsub.s	f16,f18,f6	 f18:0x80040fe4  f6:0x7f800000 f16=0xff800000
      45265.000 ns	      4525	800010c4	00cd5f33	srl	x30,x26,x12	 x26:0x00000000 x12:0x00000002 x30=0x00000000
      45625.000 ns	      4561	800010c8	0239e7b3	rem	x15,x19,x3	 x19:0xfc31c41b  x3:0x00000400 x15=0xfffffc1b
      45645.000 ns	      4563	800010cc	00ae0ab3	add	x21,x28,x10	 x28:0x00000000 x10:0xf2c2f000 x21=0xf2c2f000
      45655.000 ns	      4564	800010d0	5eed0eb7	lui	x29,0x5eed0	 x29=0x5eed0000
      45675.000 ns	      4566	800010d4	d01fab53	fcvt.s.wu	f22,x31	 x31:0xfffffd82 f22=0x4f7ffffe
      46045.000 ns	      4603	800010d8	02dffc33	remu	x24,x31,x13	 x31:0xfffffd82 x13:0xffffff60 x24=0xfffffd82
      46075.000 ns	      4606	800010dc	a10aa3d3	feq.s	x7,f21,f16	 f21:0x7f800000 f16:0xff800000  x7=0x00000000
      46105.000 ns	      4609	800010e0	298e9a53	fmax.s	f20,f29,f24	 f29:0x00000400 f24:0xa36bfb4c f20=0x00000400
      46125.000 ns	      4611	800010e4	9b7e6313	ori	x6,x28,-1609	 x28:0x00000000  x6=0xfffff9b7
      46135.000 ns	      4612	800010e8	01f373b3	and	x7,x6,x31	  x6:0x00410240 x31:0xfffffd82  x7=0xfffff982
      46145.000 ns	      4613	800010ec	755b9817	auipc	x16,0x755b9	 x16=0xf55ba0ec
      46155.000 ns	      4614	800010f0	8ca43013	sltiu	x0,x8,-1846	  x8:0x00000200
      46175.000 ns	      4616	800010f4	a0a31653	flt.s	x12,f6,f10	  f6:0x7f800000 f10:0xcefff7e0 x12=0x00000000
      46195.000 ns	      4618	800010f8	01f8af33	slt	x30,x17,x31	 x17:0x000006da x31:0xfffffd82 x30=0x00000000
      46215.000 ns	      4620	800010fc	211d8bd3	fsgnj.s	f23,f27,f17	 f27:0x1f350483 f17:0x7fc00000 f23=0x1f350483
      46235.000 ns	      4622	80001100	01aeb3b3	sltu	x7,x29,x26	 x29:0x5eed0000 x26:0x00000000  x7=0x00000000
      46245.000 ns	      4623	80001104	ce05cb93	xori	x23,x11,-800	 x11:0x0000044c x23=0xfffff8ac
      46255.000 ns	      4624	80001108	01c4d3b3	srl	x7,x9,x28	  x9:0x00000000 x28:0x00000000  x7=0x00000000
      46265.000 ns	      4625	8000110c	26e6ac93	slti	x25,x13,622	 x13:0xffffff60 x25=0x00000001
      46275.000 ns	      4626	80001110	019d1333	sll	x6,x26,x25	 x26:0x00000000 x25:0x00000000  x6=0x00000000
      46285.000 ns	      4627	80001114	00316533	or	x10,x2,x3	  x2:0x00040fe5  x3:0x00000400 x10=0x00040fe5
      46315.000 ns	      4630	80001118	11e4f553	fmul.s	f10,f9,f30	  f9:0x7fc00000 f30:0x3f800000 f10=0x7fc00000
      46685.000 ns	      4667	8000111c	03176933	rem	x18,x14,x17	 x14:0x00000000 x17:0x000006da x18=0x00000000
      46705.000 ns	      4669	80001120	1178fd17	auipc	x26,0x1178f	 x26=0x91790120
      46725.000 ns	      4671	80001124	e0089e53	fclass.s	x28,f17	 f17:0x7fc00000 x28=0x00000200
      46765.000 ns	      4675	80001128	18357453	fdiv.s	f8,f10,f3	 f10:0x7fc00000  f3:0x7f800000  f8=0x7fc00000
      46785.000 ns	      4677	8000112c	00fe9633	sll	x12,x29,x15	 x29:0x5eed0000 x15:0xfffffc1b x12=0x00000000
      47145.000 ns	      4713	80001130	0381feb3	remu	x29,x3,x24	  x3:0x00000400 x24:0xfffffd82 x29=0x00000400
      47165.000 ns	      4715	80001134	8169a193	slti	x3,x19,-2026	 x19:0xfc31c41b  x3=0x00000001
      47175.000 ns	      4716	80001138	00cdb033	sltu	x0,x27,x12	 x27:0x80041024 x12:0x00000000
      47185.000 ns	      4717	8000113c	00fb9f13	slli	x30,x23,0xf	 x23:0xfffff8ac x30=0xfc560000
      47205.000 ns	      4719	80001140	29220353	fmin.s	f6,f4,f18	  f4:0x00000000 f18:0x80040fe4  f6=0x80040fe4
      47225.000 ns	      4721	80001144	01d74533	xor	x10,x14,x29	 x14:0x00000000 x29:0x00000400 x10=0x00000400
      47235.000 ns	      4722	80001148	016f5eb3	srl	x29,x30,x22	 x30:0xfc560000 x22:0x00000001 x29=0x7e2b0000
      47245.000 ns	      4723	8000114c	01a36433	or	x8,x6,x26	  x6:0x00000000 x26:0x91790120  x8=0x91790120
      47255.000 ns	      4724	80001150	013394b3	sll	x9,x7,x19	  x7:0x00000000 x19:0xfc31c41b  x9=0x00000000
      47265.000 ns	      4725	80001154	8b0c3293	sltiu	x5,x24,-1872	 x24:0xfffffd82  x5=0x00000000
      47295.000 ns	      4728	80001158	1823f8d3	fdiv.s	f17,f7,f2	  f7:0x7f800000  f2:0xff800000 f17=0x7fc00000
      47315.000 ns	      4730	8000115c	4079db93	srai	x23,x19,0x7	 x19:0xfc31c41b x23=0xfff86388
      47335.000 ns	      4732	80001160	d00979d3	fcvt.s.w	f19,x18	 x18:0x00000000 f19=0x00000000
      47365.000 ns	      4735	80001164	29b78553	fmin.s	f10,f15,f27	 f15:0x00000000 f27:0x1f350483 f10=0x00000000
      47385.000 ns	      4737	80001168	2ac67113	andi	x2,x12,684	 x12:0x00000000  x2=0x00000000
      47405.000 ns	      4739	8000116c	e00e1c53	fclass.s	x24,f28	 f28:0x2effff26 x24=0x00000040
      47425.000 ns	      4741	80001170	411e5413	srai	x8,x28,0x11	 x28:0x00000200  x8=0x00000000
      47445.000 ns	      4743	80001174	c011f453	fcvt.wu.s	x8,f3	  f3:0x7f800000  x8=0xffffffff
      47815.000 ns	      4780	80001178	02326f33	rem	x30,x4,x3	  x4:0xffffffff  x3:0x00000001 x30=0x00000000
      47835.000 ns	      4782	8000117c	41f40333	sub	x6,x8,x31	  x8:0xffffffff x31:0xfffffd82  x6=0x0000027d
      47855.000 ns	      4784	80001180	208b92d3	fsgnjn.s	f5,f23,f8	 f23:0x1f350483  f8:0x7fc00000  f5=0x9f350483
      47895.000 ns	      4788	80001184	102afad3	fmul.s	f21,f21,f2	 f21:0x7f800000  f2:0xff800000 f21=0xff800000
      47925.000 ns	      4791	80001188	03235733	divu	x14,x6,x18	  x6:0x0000027d x18:0x00000000 x14=0xffffffff
      47965.000 ns	      4795	8000118c	18907553	fdiv.s	f10,f0,f9	  f0:0x1f350483  f9:0x7fc00000 f10=0x7fc00000
      47985.000 ns	      4797	80001190	746abd13	sltiu	x26,x21,1862	 x21:0xf2c2f000 x26=0x00000000
      48005.000 ns	      4799	80001194	a11a10d3	flt.s	x1,f20,f17	 f20:0x00000400 f17:0x7fc00000  x1=0x00000000
      48375.000 ns	      4836	80001198	034474b3	remu	x9,x8,x20	  x8:0xffffffff x20:0x80040fe4  x9=0x7ffbf01b
      48405.000 ns	      4839	8000119c	f00081d3	fmv.w.x	f3,x1	  x1:0x00000000  f3=0x00000000
      48775.000 ns	      4876	800011a0	03cdd4b3	divu	x9,x27,x28	 x27:0x80041024 x28:0x00000200  x9=0x00400208
      48805.000 ns	      4879	800011a4	021490b3	mulh	x1,x9,x1	  x9:0x7ffbf01b  x1:0x00000000  x1=0x00000000
      49175.000 ns	      4916	800011a8	029af5b3	remu	x11,x21,x9	 x21:0xf2c2f000  x9:0x00400208 x11=0x003b3db0
      49225.000 ns	      4921	800011ac	00068ed3	fadd.s	f29,f13,f0	 f13:0x00000001  f0:0x1f350483 f29=0x1f350483
      49255.000 ns	      4924	800011b0	e0020c53	fmv.x.w	x24,f4	  f4:0x00000000 x24=0x00000000
      49285.000 ns	      4927	800011b4	e0090c53	fmv.x.w	x24,f18	 f18:0x80040fe4 x24=0x80040fe4
      49315.000 ns	      4930	800011b8	c00bf953	fcvt.w.s	x18,f23	 f23:0x1f350483 x18=0x00000000
      49345.000 ns	      4933	800011bc	28bc03d3	fmin.s	f7,f24,f11	 f24:0xa36bfb4c f11:0x7fc00000  f7=0xa36bfb4c
      49365.000 ns	      4935	800011c0	413f56b3	sra	x13,x30,x19	 x30:0x00000000 x19:0xfc31c41b x13=0x00000000
      49385.000 ns	      4937	800011c4	c01370d3	fcvt.wu.s	x1,f6	  f6:0x80040fe4  x1=0x00000000
      49405.000 ns	      4939	800011c8	674f6293	ori	x5,x30,1652	 x30:0x00000000  x5=0x00000674
      49415.000 ns	      4940	800011cc	37102e13	slti	x28,x0,881	  x0:0x00000000 x28=0x00000001
      49445.000 ns	      4943	800011d0	580579d3	fsqrt.s	f19,f10	 f10:0x7fc00000 f19=0x7fc00000
      49465.000 ns	      4945	800011d4	f3ad8593	addi	x11,x27,-198	 x27:0x80041024 x11=0x80040f5e
      49475.000 ns	      4946	800011d8	8ed46913	ori	x18,x8,-1811	  x8:0xffffffff x18=0xffffffff
      49485.000 ns	      4947	800011dc	01df5fb3	srl	x31,x30,x29	 x30:0x00000000 x29:0x7e2b0000 x31=0x00000000
      49495.000 ns	      4948	800011e0	19dbba93	sltiu	x21,x23,413	 x23:0xfff86388 x21=0x00000000
      49515.000 ns	      4950	800011e4	298119d3	fmax.s	f19,f2,f24	  f2:0xff800000 f24:0xa36bfb4c f19=0xa36bfb4c
      49535.000 ns	      4952	800011e8	009186b3	add	x13,x3,x9	  x3:0x00000001  x9:0x00400208 x13=0x00400209
      49545.000 ns	      4953	800011ec	c77bf093	andi	x1,x23,-905	 x23:0xfff86388  x1=0xfff86000
      49905.000 ns	      4989	800011f0	032b71b3	remu	x3,x22,x18	 x22:0x00000001 x18:0xffffffff  x3=0x00000001
      49935.000 ns	      4992	800011f4	03fa98b3	mulh	x17,x21,x31	 x21:0x00000000 x31:0x00000000 x17=0x00000000
      49965.000 ns	      4995	800011f8	035e95b3	mulh	x11,x29,x21	 x29:0x7e2b0000 x21:0x00000000 x11=0x00000000
      49995.000 ns	      4998	800011fc	d01e16d3	fcvt.s.wu	f13,x28	 x28:0x00000001 f13=0x3f800000
      50045.000 ns	      5003	80001200	08f7ac53	fsub.s	f24,f15,f15	 f15:0x00000000 f15:0x00000000 f24=0x80000000
      50065.000 ns	      5005	80001204	d659b193	sltiu	x3,x19,-667	 x19:0xfc31c41b  x3=0x00000001
      50425.000 ns	      5041	80001208	02f5e233	rem	x4,x11,x15	 x11:0x00000000 x15:0xfffffc1b  x4=0x00000000
      50445.000 ns	      5043	8000120c	40c0d233	sra	x4,x1,x12	  x1:0xfff86000 x12:0x00000000  x4=0xfff86000
      50485.000 ns	      5047	80001210	09c6f7d3	fsub.s	f15,f13,f28	 f13:0x3f800000 f28:0x2effff26 f15=0x3f7ffffe
      50855.000 ns	      5084	80001214	02d0f933	remu	x18,x1,x13	  x1:0xfff86000 x13:0x00400209 x18=0x00303e09
      50885.000 ns	      5087	80001218	d003c553	fcvt.s.w	f10,x7	  x7:0x00000000 f10=0x00000000
      50915.000 ns	      5090	8000121c	215aa853	fsgnjx.s	f16,f21,f21	 f21:0xff800000 f21:0xff800000 f16=0x7f800000
      50935.000 ns	      5092	80001220	00e75813	srli	x16,x14,0xe	 x14:0xffffffff x16=0x0003ffff
      50945.000 ns	      5093	80001224	a0715fb7	lui	x31,0xa0715	 x31=0xa0715000
      50965.000 ns	      5095	80001228	a1571c53	flt.s	x24,f14,f21	 f14:0x4f7ffff8 f21:0xff800000 x24=0x00000000
      50995.000 ns	      5098	8000122c	d01e9553	fcvt.s.wu	f10,x29	 x29:0x7e2b0000 f10=0x4efc5600
      51015.000 ns	      5100	80001230	000272b3	and	x5,x4,x0	  x4:0xfff86000  x0:0x00000000  x5=0x00000000
      51035.000 ns	      5102	80001234	e0050fd3	fmv.x.w	x31,f10	 f10:0x4efc5600 x31=0x4efc5600
      51055.000 ns	      5104	80001238	0002d7b3	srl	x15,x5,x0	  x5:0x00000674  x0:0x00000000 x15=0x00000000
      51065.000 ns	      5105	8000123c	77eb00b7	lui	x1,0x77eb0	  x1=0x77eb0000
      51085.000 ns	      5107	80001240	214f9f53	fsgnjn.s	f30,f31,f20	 f31:0x7fc00000 f20:0x00000400 f30=0xffc00000
      51115.000 ns	      5110	80001244	02510333	mul	x6,x2,x5	  x2:0x00000000  x5:0x00000000  x6=0x00000000
      51135.000 ns	      5112	80001248	41dbdab3	sra	x21,x23,x29	 x23:0xfff86388 x29:0x7e2b0000 x21=0xfff86388
      51145.000 ns	      5113	8000124c	017fb033	sltu	x0,x31,x23	 x31:0x4efc5600 x23:0xfff86388
      51155.000 ns	      5114	80001250	00090333	add	x6,x18,x0	 x18:0x00303e09  x0:0x00000000  x6=0x00303e09
      51185.000 ns	      5117	80001254	580948d3	fsqrt.s	f17,f18	 f18:0x80040fe4 f17=0x7fc00000
      51555.000 ns	      5154	80001258	037774b3	remu	x9,x14,x23	 x14:0xffffffff x23:0xfff86388  x9=0x00079c77
      51585.000 ns	      5157	8000125c	c013fb53	fcvt.wu.s	x22,f7	  f7:0xa36bfb4c x22=0x00000000
      51605.000 ns	      5159	80001260	003c6bb3	or	x23,x24,x3	 x24:0x00000000  x3:0x00000001 x23=0x00000001
      51625.000 ns	      5161	80001264	28519453	fmax.s	f8,f3,f5	  f3:0x00000000  f5:0x9f350483  f8=0x00000000
      51645.000 ns	      5163	80001268	410a0833	sub	x16,x20,x16	 x20:0x80040fe4 x16:0x0003ffff x16=0x80000fe5
      51685.000 ns	      5167	8000126c	00a999d3	fadd.s	f19,f19,f10	 f19:0xa36bfb4c f10:0x4efc5600 f19=0x4efc5600
      51715.000 ns	      5170	80001270	20a515d3	fsgnjn.s	f11,f10,f10	 f10:0x4efc5600 f10:0x4efc5600 f11=0xcefc5600
      51745.000 ns	      5173	80001274	03845133	divu	x2,x8,x24	  x8:0xffffffff x24:0x00000000  x2=0xffffffff
      51775.000 ns	      5176	80001278	c0042ed3	fcvt.w.s	x29,f8	  f8:0x00000000 x29=0x00000000
      51805.000 ns	      5179	8000127c	c01af453	fcvt.wu.s	x8,f21	 f21:0xff800000  x8=0x00000000
      51825.000 ns	      5181	80001280	e1d73c93	sltiu	x25,x14,-483	 x14:0xffffffff x25=0x00000000
      51855.000 ns	      5184	80001284	1988f2d3	fdiv.s	f5,f17,f24	 f17:0x7fc00000 f24:0x80000000  f5=0x7fc00000
      51885.000 ns	      5187	80001288	201ca653	fsgnjx.s	f12,f25,f1	 f25:0x1f350483  f1:0xff800000 f12=0x9f350483
      51915.000 ns	      5190	8000128c	032316b3	mulh	x13,x6,x18	  x6:0x00303e09 x18:0x00303e09 x13=0x00000917
      51945.000 ns	      5193	80001290	c00dfd53	fcvt.w.s	x26,f27	 f27:0x1f350483 x26=0x00000000
      51965.000 ns	      5195	80001294	01cf4b33	xor	x22,x30,x28	 x30:0x00000000 x28:0x00000001 x22=0x00000001
      51995.000 ns	      5198	80001298	5805cf53	fsqrt.s	f30,f11	 f11:0xcefc5600 f30=0x7fc00000
      52015.000 ns	      5200	8000129c	59480513	addi	x10,x16,1428	 x16:0x80000fe5 x10=0x80001579
      52035.000 ns	      5202	800012a0	a0d60d53	fle.s	x26,f12,f13	 f12:0x9f350483 f13:0x3f800000 x26=0x00000001
      52065.000 ns	      5205	800012a4	027d64b3	rem	x9,x26,x7	 x26:0x00000000  x7:0x00000000  x9=0x00000001
      52085.000 ns	      5207	800012a8	008ade33	srl	x28,x21,x8	 x21:0xfff86388  x8:0x00000000 x28=0xfff86388
      52095.000 ns	      5208	800012ac	2a82ca93	xori	x21,x5,680	  x5:0x00000000 x21=0x000002a8
      52105.000 ns	      5209	800012b0	95d1e213	ori	x4,x3,-1699	  x3:0x00000001  x4=0xfffff95d
      52115.000 ns	      5210	800012b4	004d03b3	add	x7,x26,x4	 x26:0x00000001  x4:0xfff86000  x7=0xfffff95e
      52135.000 ns	      5212	800012b8	204380d3	fsgnj.s	f1,f7,f4	  f7:0xa36bfb4c  f4:0x00000000  f1=0x236bfb4c
      52165.000 ns	      5215	800012bc	c019f453	fcvt.wu.s	x8,f19	 f19:0x4efc5600  x8=0x7e2b0000
      52195.000 ns	      5218	800012c0	298819d3	fmax.s	f19,f16,f24	 f16:0x7f800000 f24:0x80000000 f19=0x7f800000
      52235.000 ns	      5222	800012c4	1118f753	fmul.s	f14,f17,f17	 f17:0x7fc00000 f17:0x7fc00000 f14=0x7fc00000
      52275.000 ns	      5226	800012c8	11a57153	fmul.s	f2,f10,f26	 f10:0x4efc5600 f26:0x7fc00000  f2=0x7fc00000
      52325.000 ns	      5231	800012cc	086ff0d3	fsub.s	f1,f31,f6	 f31:0x7fc00000  f6:0x80040fe4  f1=0x7fc00000
      52345.000 ns	      5233	800012d0	37df8413	addi	x8,x31,893	 x31:0x4efc5600  x8=0x4efc597d
      52705.000 ns	      5269	800012d4	03cc5c33	divu	x24,x24,x28	 x24:0x00000000 x28:0xfff86388 x24=0x00000000
      52725.000 ns	      5271	800012d8	00ed5c13	srli	x24,x26,0xe	 x26:0x00000001 x24=0x00000000
      52735.000 ns	      5272	800012dc	e78be693	ori	x13,x23,-392	 x23:0x00000001 x13=0xfffffe79
      52755.000 ns	      5274	800012e0	28f19a53	fmax.s	f20,f3,f15	  f3:0x00000000 f15:0x3f7ffffe f20=0x3f7ffffe
      52785.000 ns	      5277	800012e4	e00a8753	fmv.x.w	x14,f21	 f21:0xff800000 x14=0xff800000
      52815.000 ns	      5280	800012e8	f00e8753	fmv.w.x	f14,x29	 x29:0x00000000 f14=0x00000000
      52845.000 ns	      5283	800012ec	293384d3	fmin.s	f9,f7,f19	  f7:0xa36bfb4c f19:0x7f800000  f9=0xa36bfb4c
      52865.000 ns	      5285	800012f0	d0d5eb93	ori	x23,x11,-755	 x11:0x00000000 x23=0xfffffd0d
      52875.000 ns	      5286	800012f4	519915b7	lui	x11,0x51991	 x11=0x51991000
      52885.000 ns	      5287	800012f8	4001dfb3	sra	x31,x3,x0	  x3:0x00000001  x0:0x00000000 x31=0x00000001
      52895.000 ns	      5288	800012fc	ce6d6d13	ori	x26,x26,-794	 x26:0x00000001 x26=0xfffffce7
      52915.000 ns	      5290	80001300	21ba1ad3	fsgnjn.s	f21,f20,f27	 f20:0x3f7ffffe f27:0x1f350483 f21=0xbf7ffffe
      52945.000 ns	      5293	80001304	02691133	mulh	x2,x18,x6	 x18:0x00303e09  x6:0x00303e09  x2=0x00000917
      52965.000 ns	      5295	80001308	01de8833	add	x16,x29,x29	 x29:0x00000000 x29:0x00000000 x16=0x00000000
      52975.000 ns	      5296	8000130c	00000013	addi	x0,x0,0	  x0:0x00000000
      53335.000 ns	      5332	80001310	023ce433	rem	x8,x25,x3	 x25:0x00000000  x3:0x00000001  x8=0x00000000
      53385.000 ns	      5337	80001314	099efdd3	fsub.s	f27,f29,f25	 f29:0x1f350483 f25:0x1f350483 f27=0x80000000
      53415.000 ns	      5340	80001318	20b32153	fsgnjx.s	f2,f6,f11	  f6:0x80040fe4 f11:0xcefc5600  f2=0x00040fe4
      53445.000 ns	      5343	8000131c	20bda453	fsgnjx.s	f8,f27,f11	 f27:0x80000000 f11:0xcefc5600  f8=0x00000000
      53465.000 ns	      5345	80001320	0003c833	xor	x16,x7,x0	  x7:0xfffff95e  x0:0x00000000 x16=0xfffff95e
      53475.000 ns	      5346	80001324	00a1f6b3	and	x13,x3,x10	  x3:0x00000001 x10:0x80001579 x13=0x00000001
      53485.000 ns	      5347	80001328	822e5417	auipc	x8,0x822e5	  x8=0x022e6328
      53505.000 ns	      5349	8000132c	c0197853	fcvt.wu.s	x16,f18	 f18:0x80040fe4 x16=0x00000000
      53535.000 ns	      5352	80001330	20faad53	fsgnjx.s	f26,f21,f15	 f21:0xbf7ffffe f15:0x3f7ffffe f26=0xbf7ffffe
      53565.000 ns	      5355	80001334	02363233	mulhu	x4,x12,x3	 x12:0x00000000  x3:0x00000001  x4=0x00000000
      53585.000 ns	      5357	80001338	ba948213	addi	x4,x9,-1111	  x9:0x00000001  x4=0xfffffbaa
      53605.000 ns	      5359	8000133c	21012453	fsgnjx.s	f8,f2,f16	  f2:0x00040fe4 f16:0x7f800000  f8=0x00040fe4
      53635.000 ns	      5362	80001340	20f3a7d3	fsgnjx.s	f15,f7,f15	  f7:0xa36bfb4c f15:0x3f7ffffe f15=0xa36bfb4c
      53665.000 ns	      5365	80001344	030158b3	divu	x17,x2,x16	  x2:0x00000917 x16:0x00000000 x17=0xffffffff
      53685.000 ns	      5367	80001348	004a45b3	xor	x11,x20,x4	 x20:0x80040fe4  x4:0xfffffbaa x11=0x7ffbf44e
      53705.000 ns	      5369	8000134c	e00f0ed3	fmv.x.w	x29,f30	 f30:0x7fc00000 x29=0x7fc00000
      53725.000 ns	      5371	80001350	b8c60613	addi	x12,x12,-1140	 x12:0x00000000 x12=0xfffffb8c
      53745.000 ns	      5373	80001354	a0819253	flt.s	x4,f3,f8	  f3:0x00000000  f8:0x00040fe4  x4=0x00000001
      53765.000 ns	      5375	80001358	31a2f917	auipc	x18,0x31a2f	 x18=0xb1a30358
      53785.000 ns	      5377	8000135c	29b31bd3	fmax.s	f23,f6,f27	  f6:0x80040fe4 f27:0x80000000 f23=0x80000000
      53805.000 ns	      5379	80001360	00c95933	srl	x18,x18,x12	 x18:0x00303e09 x12:0xfffffb8c x18=0x000b1a30
      53825.000 ns	      5381	80001364	c0007453	fcvt.w.s	x8,f0	  f0:0x1f350483  x8=0x00000000
      53845.000 ns	      5383	80001368	0128bd33	sltu	x26,x17,x18	 x17:0xffffffff x18:0xb1a30358 x26=0x00000000
      53855.000 ns	      5384	8000136c	b9632213	slti	x4,x6,-1130	  x6:0x00303e09  x4=0x00000000
      53865.000 ns	      5385	80001370	40cd88b3	sub	x17,x27,x12	 x27:0x80041024 x12:0xfffffb8c x17=0x80041498
      53885.000 ns	      5387	80001374	e00f8553	fmv.x.w	x10,f31	 f31:0x7fc00000 x10=0x7fc00000
      53915.000 ns	      5390	80001378	a02a15d3	flt.s	x11,f20,f2	 f20:0x3f7ffffe  f2:0x00040fe4 x11=0x00000000
      53945.000 ns	      5393	8000137c	d0021fd3	fcvt.s.w	f31,x4	  x4:0x00000000 f31=0x00000000
      53965.000 ns	      5395	80001380	fd1e7b93	andi	x23,x28,-47	 x28:0xfff86388 x23=0xfff86380
      53995.000 ns	      5398	80001384	1028f753	fmul.s	f14,f17,f2	 f17:0x7fc00000  f2:0x00040fe4 f14=0x7fc00000
      54015.000 ns	      5400	80001388	01f69613	slli	x12,x13,0x1f	 x13:0x00000001 x12=0x80000000
      54045.000 ns	      5403	8000138c	18cc0953	fdiv.s	f18,f24,f12	 f24:0x80000000 f12:0x9f350483 f18=0x00000000
      54385.000 ns	      5437	80001390	19c4f2d3	fdiv.s	f5,f9,f28	  f9:0xa36bfb4c f28:0x2effff26  f5=0xb4269343
      54405.000 ns	      5439	80001394	4823f713	andi	x14,x7,1154	  x7:0xfffff95e x14=0x00000002
      54425.000 ns	      5441	80001398	02d22eb3	mulhsu	x29,x4,x13	  x4:0x00000000 x13:0x00000001 x29=0x00000000
      54455.000 ns	      5444	8000139c	03b80133	mul	x2,x16,x27	 x16:0x00000000 x27:0x80041024  x2=0x00000000
      54475.000 ns	      5446	800013a0	f902f897	auipc	x17,0xf902f	 x17=0x790303a0
      54495.000 ns	      5448	800013a4	02b168b3	rem	x17,x2,x11	  x2:0x00000000 x11:0x00000000 x17=0x00000000
      54865.000 ns	      5485	800013a8	0230c633	div	x12,x1,x3	  x1:0x77eb0000  x3:0x00000001 x12=0x77eb0000
      54885.000 ns	      5487	800013ac	5e5ee013	ori	x0,x29,1509	 x29:0x00000000
      54895.000 ns	      5488	800013b0	4115db33	sra	x22,x11,x17	 x11:0x00000000 x17:0x00000000 x22=0x00000000
      54915.000 ns	      5490	800013b4	28668e53	fmin.s	f28,f13,f6	 f13:0x3f800000  f6:0x80040fe4 f28=0x80040fe4
      54945.000 ns	      5493	800013b8	21a71ad3	fsgnjn.s	f21,f14,f26	 f14:0x7fc00000 f26:0xbf7ffffe f21=0x7fc00000
      54965.000 ns	      5495	800013bc	4041d893	srai	x17,x3,0x4	  x3:0x00000001 x17=0x00000000
      54995.000 ns	      5498	800013c0	10e8f753	fmul.s	f14,f17,f14	 f17:0x7fc00000 f14:0x7fc00000 f14=0x7fc00000
      55015.000 ns	      5500	800013c4	0194d733	srl	x14,x9,x25	  x9:0x00000001 x25:0x00000000 x14=0x00000001
      55025.000 ns	      5501	800013c8	606abe37	lui	x28,0x606ab	 x28=0x606ab000
      55045.000 ns	      5503	800013cc	d00776d3	fcvt.s.w	f13,x14	 x14:0x00000002 f13=0x3f800000
      55065.000 ns	      5505	800013d0	01ffdc13	srli	x24,x31,0x1f	 x31:0x00000001 x24=0x00000000
      55075.000 ns	      5506	800013d4	01a1e8b3	or	x17,x3,x26	  x3:0x00000001 x26:0x00000000 x17=0x00000001
      55085.000 ns	      5507	800013d8	000d4ab3	xor	x21,x26,x0	 x26:0x00000000  x0:0x00000000 x21=0x00000000
      55095.000 ns	      5508	800013dc	da0ccd13	xori	x26,x25,-608	 x25:0x00000000 x26=0xfffffda0
      55115.000 ns	      5510	800013e0	039e8eb3	mul	x29,x29,x25	 x29:0x00000000 x25:0x00000000 x29=0x00000000
      55145.000 ns	      5513	800013e4	280912d3	fmax.s	f5,f18,f0	 f18:0x00000000  f0:0x1f350483  f5=0x1f350483
      55165.000 ns	      5515	800013e8	fbc9bb93	sltiu	x23,x19,-68	 x19:0xfc31c41b x23=0x00000001
      55185.000 ns	      5517	800013ec	29548e53	fmin.s	f28,f9,f21	  f9:0xa36bfb4c f21:0x7fc00000 f28=0xa36bfb4c
      55215.000 ns	      5520	800013f0	c008c2d3	fcvt.w.s	x5,f17	 f17:0x7fc00000  x5=0x7fffffff
      55245.000 ns	      5523	800013f4	c01e2953	fcvt.wu.s	x18,f28	 f28:0xa36bfb4c x18=0x00000000
      55615.000 ns	      5560	800013f8	02114f33	div	x30,x2,x1	  x2:0x00000000  x1:0x77eb0000 x30=0x00000000
      55655.000 ns	      5564	800013fc	1199cd53	fmul.s	f26,f19,f25	 f19:0x7f800000 f25:0x1f350483 f26=0x7f800000
      55675.000 ns	      5566	80001400	fc89ab37	lui	x22,0xfc89a	 x22=0xfc89a000
      55695.000 ns	      5568	80001404	c01902d3	fcvt.wu.s	x5,f18	 f18:0x00000000  x5=0x00000000
      55725.000 ns	      5571	80001408	d0178ed3	fcvt.s.wu	f29,x15	 x15:0x00000000 f29=0x00000000
      55745.000 ns	      5573	8000140c	00d376b3	and	x13,x6,x13	  x6:0x00303e09 x13:0x00000001 x13=0x00000001
      55765.000 ns	      5575	80001410	03f098b3	mulh	x17,x1,x31	  x1:0x77eb0000 x31:0x00000001 x17=0x00000000
      55785.000 ns	      5577	80001414	01ffcd33	xor	x26,x31,x31	 x31:0x00000001 x31:0x00000001 x26=0x00000000
      55805.000 ns	      5579	80001418	035ccbb3	div	x23,x25,x21	 x25:0x00000000 x21:0x00000000 x23=0xffffffff
      55825.000 ns	      5581	8000141c	77ec6f13	ori	x30,x24,1918	 x24:0x00000000 x30=0x0000077e
      55835.000 ns	      5582	80001420	404f5613	srai	x12,x30,0x4	 x30:0x00000000 x12=0x00000077
      55855.000 ns	      5584	80001424	c00f13d3	fcvt.w.s	x7,f30	 f30:0x7fc00000  x7=0x7fffffff
      55875.000 ns	      5586	80001428	004057b3	srl	x15,x0,x4	  x0:0x00000000  x4:0x00000000 x15=0x00000000
      55895.000 ns	      5588	8000142c	d01873d3	fcvt.s.wu	f7,x16	 x16:0x00000000  f7=0x00000000
      55945.000 ns	      5593	80001430	0075ff53	fadd.s	f30,f11,f7	 f11:0xcefc5600  f7:0xa36bfb4c f30=0xcefc5600
      56315.000 ns	      5630	80001434	03e058b3	divu	x17,x0,x30	  x0:0x00000000 x30:0x0000077e x17=0x00000000
      56365.000 ns	      5635	80001438	08dd0a53	fsub.s	f20,f26,f13	 f26:0x7f800000 f13:0x3f800000 f20=0x7f800000
      56385.000 ns	      5637	8000143c	00611b13	slli	x22,x2,0x6	  x2:0x00000000 x22=0x00000000
      56405.000 ns	      5639	80001440	02bab2b3	mulhu	x5,x21,x11	 x21:0x00000000 x11:0x00000000  x5=0x00000000
      56425.000 ns	      5641	80001444	bb6ed897	auipc	x17,0xbb6ed	 x17=0x3b6ee444
      56445.000 ns	      5643	80001448	a07e0253	fle.s	x4,f28,f7	 f28:0xa36bfb4c  f7:0x00000000  x4=0x00000001
      56475.000 ns	      5646	8000144c	2015aad3	fsgnjx.s	f21,f11,f1	 f11:0xcefc5600  f1:0x7fc00000 f21=0xcefc5600
      56495.000 ns	      5648	80001450	41cf5bb3	sra	x23,x30,x28	 x30:0x0000077e x28:0x606ab000 x23=0x0000077e
      56505.000 ns	      5649	80001454	41545f93	srai	x31,x8,0x15	  x8:0x00000000 x31=0x00000000
      56525.000 ns	      5651	80001458	c0027f53	fcvt.w.s	x30,f4	  f4:0x00000000 x30=0x00000000
      56895.000 ns	      5688	8000145c	0261ceb3	div	x29,x3,x6	  x3:0x00000001  x6:0x00303e09 x29=0x00000000
      56925.000 ns	      5691	80001460	e0048753	fmv.x.w	x14,f9	  f9:0xa36bfb4c x14=0xa36bfb4c
      56965.000 ns	      5695	80001464	1988c4d3	fdiv.s	f9,f17,f24	 f17:0x7fc00000 f24:0x80000000  f9=0x7fc00000
      56995.000 ns	      5698	80001468	e0060153	fmv.x.w	x2,f12	 f12:0x9f350483  x2=0x9f350483
      57035.000 ns	      5702	8000146c	5800bf53	fsqrt.s	f30,f1	  f1:0x7fc00000 f30=0x7fc00000
      57065.000 ns	      5705	80001470	a0d91153	flt.s	x2,f18,f13	 f18:0x00000000 f13:0x3f800000  x2=0x00000001
      57105.000 ns	      5709	80001474	197af053	fdiv.s	f0,f21,f23	 f21:0xcefc5600 f23:0x80000000  f0=0x7f800000
      57475.000 ns	      5746	80001478	029161b3	rem	x3,x2,x9	  x2:0x00000001  x9:0x00000001  x3=0x00000000
      57515.000 ns	      5750	8000147c	580af7d3	fsqrt.s	f15,f21	 f21:0xcefc5600 f15=0x7fc00000
      57545.000 ns	      5753	80001480	030e0933	mul	x18,x28,x16	 x28:0x606ab000 x16:0x00000000 x18=0x00000000
      57575.000 ns	      5756	80001484	c00d93d3	fcvt.w.s	x7,f27	 f27:0x80000000  x7=0x00000000
      57595.000 ns	      5758	80001488	01e78ab3	add	x21,x15,x30	 x15:0x00000000 x30:0x00000000 x21=0x00000000
      57615.000 ns	      5760	8000148c	217293d3	fsgnjn.s	f7,f5,f23	  f5:0x1f350483 f23:0x80000000  f7=0x1f350483
      57645.000 ns	      5763	80001490	2034a9d3	fsgnjx.s	f19,f9,f3	  f9:0x7fc00000  f3:0x00000000 f19=0x7fc00000
      57665.000 ns	      5765	80001494	bb258793	addi	x15,x11,-1102	 x11:0x00000000 x15=0xfffffbb2
      57685.000 ns	      5767	80001498	d01a8c53	fcvt.s.wu	f24,x21	 x21:0x00000000 f24=0x00000000
      57705.000 ns	      5769	8000149c	00000013	addi	x0,x0,0	  x0:0x00000000
      57715.000 ns	      5770	800014a0	41205cb3	sra	x25,x0,x18	  x0:0x00000000 x18:0x00000000 x25=0x00000000
      57725.000 ns	      5771	800014a4	01209293	slli	x5,x1,0x12	  x1:0x77eb0000  x5=0x00000000
      57735.000 ns	      5772	800014a8	01b49093	slli	x1,x9,0x1b	  x9:0x00000001  x1=0x08000000
      57755.000 ns	      5774	800014ac	e00a97d3	fclass.s	x15,f21	 f21:0xcefc5600 x15=0x00000002
      57775.000 ns	      5776	800014b0	015957b3	srl	x15,x18,x21	 x18:0x00000000 x21:0x00000000 x15=0x00000000
      57785.000 ns	      5777	800014b4	01e031b3	sltu	x3,x0,x30	  x0:0x00000000 x30:0x00000000  x3=0x00000000
      57795.000 ns	      5778	800014b8	015e2133	slt	x2,x28,x21	 x28:0x606ab000 x21:0x00000000  x2=0x00000000
      57805.000 ns	      5779	800014bc	9cd69817	auipc	x16,0x9cd69	 x16=0x1cd6a4bc
      57815.000 ns	      5780	800014c0	adbf6713	ori	x14,x30,-1317	 x30:0x00000000 x14=0xfffffadb
      57835.000 ns	      5782	800014c4	c01975d3	fcvt.wu.s	x11,f18	 f18:0x00000000 x11=0x00000000
      57875.000 ns	      5786	800014c8	10b01953	fmul.s	f18,f0,f11	  f0:0x7f800000 f11:0xcefc5600 f18=0xff800000
      57895.000 ns	      5788	800014cc	65862a93	slti	x21,x12,1624	 x12:0x00000077 x21=0x00000001
      57905.000 ns	      5789	800014d0	3d6de393	ori	x7,x27,982	 x27:0x80041024  x7=0x800413f6
      57925.000 ns	      5791	800014d4	29f80ad3	fmin.s	f21,f16,f31	 f16:0x7f800000 f31:0x00000000 f21=0x00000000
      58295.000 ns	      5828	800014d8	035c68b3	rem	x17,x24,x21	 x24:0x00000000 x21:0x00000001 x17=0x00000000
      58325.000 ns	      5831	800014dc	039534b3	mulhu	x9,x10,x25	 x10:0x7fc00000 x25:0x00000000  x9=0x00000000
      58345.000 ns	      5833	800014e0	f4663693	sltiu	x13,x12,-186	 x12:0x00000077 x13=0x00000001
      58365.000 ns	      5835	800014e4	03bba933	mulhsu	x18,x23,x27	 x23:0x0000077e x27:0x80041024 x18=0x000003bf
      58395.000 ns	      5838	800014e8	21c39a53	fsgnjn.s	f20,f7,f28	  f7:0x1f350483 f28:0xa36bfb4c f20=0x1f350483
      58415.000 ns	      5840	800014ec	2b064037	lui	x0,0x2b064	
      58435.000 ns	      5842	800014f0	a04f8bd3	fle.s	x23,f31,f4	 f31:0x00000000  f4:0x00000000 x23=0x00000001
      58465.000 ns	      5845	800014f4	c00c7bd3	fcvt.w.s	x23,f24	 f24:0x00000000 x23=0x00000000
      58495.000 ns	      5848	800014f8	0395c633	div	x12,x11,x25	 x11:0x00000000 x25:0x00000000 x12=0xffffffff
      58545.000 ns	      5853	800014fc	08fd26d3	fsub.s	f13,f26,f15	 f26:0x7f800000 f15:0x7fc00000 f13=0x7fc00000
      58915.000 ns	      5890	80001500	024ec6b3	div	x13,x29,x4	 x29:0x00000000  x4:0x00000001 x13=0x00000000
      58955.000 ns	      5894	80001504	5805f153	fsqrt.s	f2,f11	 f11:0xcefc5600  f2=0x7fc00000
      58975.000 ns	      5896	80001508	4107dcb3	sra	x25,x15,x16	 x15:0x00000000 x16:0x1cd6a4bc x25=0x00000000
      59335.000 ns	      5932	8000150c	033b5933	divu	x18,x22,x19	 x22:0x00000000 x19:0xfc31c41b x18=0x00000000
      59355.000 ns	      5934	80001510	00c4b433	sltu	x8,x9,x12	  x9:0x00000000 x12:0xffffffff  x8=0x00000001
      59395.000 ns	      5938	80001514	01f6c2d3	fadd.s	f5,f13,f31	 f13:0x7fc00000 f31:0x00000000  f5=0x7fc00000
      59425.000 ns	      5941	80001518	29371253	fmax.s	f4,f14,f19	 f14:0x7fc00000 f19:0x7fc00000  f4=0x7fc00000
      59455.000 ns	      5944	8000151c	280d83d3	fmin.s	f7,f27,f0	 f27:0x80000000  f0:0x7f800000  f7=0x80000000
      59485.000 ns	      5947	80001520	02ae1fb3	mulh	x31,x28,x10	 x28:0x606ab000 x10:0x7fc00000 x31=0x301d3d54
      59515.000 ns	      5950	80001524	a0e2aed3	feq.s	x29,f5,f14	  f5:0x7fc00000 f14:0x7fc00000 x29=0x00000000
      59545.000 ns	      5953	80001528	a08194d3	flt.s	x9,f3,f8	  f3:0x00000000  f8:0x00040fe4  x9=0x00000001
      59565.000 ns	      5955	8000152c	01fa9fb3	sll	x31,x21,x31	 x21:0x00000001 x31:0x301d3d54 x31=0x00100000
      59585.000 ns	      5957	80001530	28999753	fmax.s	f14,f19,f9	 f19:0x7fc00000  f9:0x7fc00000 f14=0x7fc00000
      59605.000 ns	      5959	80001534	01743333	sltu	x6,x8,x23	  x8:0x00000001 x23:0x00000000  x6=0x00000000
      59615.000 ns	      5960	80001538	40e5d6b3	sra	x13,x11,x14	 x11:0x00000000 x14:0xfffffadb x13=0x00000000
      59625.000 ns	      5961	8000153c	012b82b3	add	x5,x23,x18	 x23:0x00000000 x18:0x00000000  x5=0x00000000
      59635.000 ns	      5962	80001540	93af63b7	lui	x7,0x93af6	  x7=0x93af6000
      59655.000 ns	      5964	80001544	e00084d3	fmv.x.w	x9,f1	  f1:0x7fc00000  x9=0x7fc00000
      59685.000 ns	      5967	80001548	a04c0453	fle.s	x8,f24,f4	 f24:0x00000000  f4:0x7fc00000  x8=0x00000000
      59715.000 ns	      5970	8000154c	213c2ad3	fsgnjx.s	f21,f24,f19	 f24:0x00000000 f19:0x7fc00000 f21=0x00000000
      59735.000 ns	      5972	80001550	00ede2b3	or	x5,x27,x14	 x27:0x80041024 x14:0xfffffadb  x5=0xfffffaff
      59765.000 ns	      5975	80001554	580b9c53	fsqrt.s	f24,f23	 f23:0x80000000 f24=0x80000000
      60135.000 ns	      6012	80001558	02716833	rem	x16,x2,x7	  x2:0x00000000  x7:0x93af6000 x16=0x00000000
      60155.000 ns	      6014	8000155c	40bdd593	srai	x11,x27,0xb	 x27:0x80041024 x11=0xfff00082
      60175.000 ns	      6016	80001560	a1300653	fle.s	x12,f0,f19	  f0:0x7f800000 f19:0x7fc00000 x12=0x00000000
      60195.000 ns	      6018	80001564	00329a93	slli	x21,x5,0x3	  x5:0xfffffaff x21=0xffffd7f8
      60215.000 ns	      6020	80001568	021caeb3	mulhsu	x29,x25,x1	 x25:0x00000000  x1:0x08000000 x29=0x00000000
      60235.000 ns	      6022	8000156c	2980b293	sltiu	x5,x1,664	  x1:0x08000000  x5=0x00000000
      60245.000 ns	      6023	80001570	00b2d7b3	srl	x15,x5,x11	  x5:0xfffffaff x11:0xfff00082 x15=0x00000000
      60255.000 ns	      6024	80001574	a3d50393	addi	x7,x10,-1475	 x10:0x7fc00000  x7=0x7fbffa3d
      60275.000 ns	      6026	80001578	20839ed3	fsgnjn.s	f29,f7,f8	  f7:0x80000000  f8:0x00040fe4 f29=0x80000000
      60305.000 ns	      6029	8000157c	20b50cd3	fsgnj.s	f25,f10,f11	 f10:0x4efc5600 f11:0xcefc5600 f25=0xcefc5600
      60355.000 ns	      6034	80001580	015d4f53	fadd.s	f30,f26,f21	 f26:0x7f800000 f21:0x00000000 f30=0x7f800000
      60385.000 ns	      6037	80001584	d0169953	fcvt.s.wu	f18,x13	 x13:0x00000000 f18=0x00000000
      60415.000 ns	      6040	80001588	032bf933	remu	x18,x23,x18	 x23:0x00000000 x18:0x00000000 x18=0x00000000
      60435.000 ns	      6042	8000158c	001b5193	srli	x3,x22,0x1	 x22:0x00000000  x3=0x00000000
      60455.000 ns	      6044	80001590	28f11553	fmax.s	f10,f2,f15	  f2:0x7fc00000 f15:0x7fc00000 f10=0x7fc00000
      60485.000 ns	      6047	80001594	e00e8cd3	fmv.x.w	x25,f29	 f29:0x80000000 x25=0x80000000
      60515.000 ns	      6050	80001598	e00a01d3	fmv.x.w	x3,f20	 f20:0x1f350483  x3=0x1f350483
      60545.000 ns	      6053	8000159c	20960553	fsgnj.s	f10,f12,f9	 f12:0x9f350483  f9:0x7fc00000 f10=0x1f350483
      60565.000 ns	      6055	800015a0	0133beb3	sltu	x29,x7,x19	  x7:0x7fbffa3d x19:0xfc31c41b x29=0x00000001
      60575.000 ns	      6056	800015a4	01547ab3	and	x21,x8,x21	  x8:0x00000000 x21:0xffffd7f8 x21=0x00000000
      60585.000 ns	      6057	800015a8	a6b1a193	slti	x3,x3,-1429	  x3:0x1f350483  x3=0x00000000
      60605.000 ns	      6059	800015ac	030bbf33	mulhu	x30,x23,x16	 x23:0x00000000 x16:0x00000000 x30=0x00000000
      60625.000 ns	      6061	800015b0	000fefb3	or	x31,x31,x0	 x31:0x00100000  x0:0x00000000 x31=0x00100000
      60635.000 ns	      6062	800015b4	00ca5d33	srl	x26,x20,x12	 x20:0x80040fe4 x12:0x00000000 x26=0x80040fe4
      60655.000 ns	      6064	800015b8	288d11d3	fmax.s	f3,f26,f8	 f26:0x7f800000  f8:0x00040fe4  f3=0x7f800000
      60675.000 ns	      6066	800015bc	008c1093	slli	x1,x24,0x8	 x24:0x00000000  x1=0x00000000
      60695.000 ns	      6068	800015c0	d019f753	fcvt.s.wu	f14,x19	 x19:0xfc31c41b f14=0x4f7c31c4
      61065.000 ns	      6105	800015c4	03c1ce33	div	x28,x3,x28	  x3:0x00000000 x28:0x606ab000 x28=0x00000000
      61095.000 ns	      6108	800015c8	2112add3	fsgnjx.s	f27,f5,f17	  f5:0x7fc00000 f17:0x7fc00000 f27=0x7fc00000
      61115.000 ns	      6110	800015cc	01bfd4b3	srl	x9,x31,x27	 x31:0x00100000 x27:0x80041024  x9=0x00010000
      61125.000 ns	      6111	800015d0	8e2d4713	xori	x14,x26,-1822	 x26:0x80040fe4 x14=0x7ffbf706
      61135.000 ns	      6112	800015d4	74d68fb7	lui	x31,0x74d68	 x31=0x74d68000
      61145.000 ns	      6113	800015d8	418bdc93	srai	x25,x23,0x18	 x23:0x00000000 x25=0x00000000
      61155.000 ns	      6114	800015dc	18b38f97	auipc	x31,0x18b38	 x31=0x98b395dc
      61175.000 ns	      6116	800015e0	d00d7253	fcvt.s.w	f4,x26	 x26:0x80040fe4  f4=0xcefff7e0
      61195.000 ns	      6118	800015e4	93e87d17	auipc	x26,0x93e87	 x26=0x13e885e4
      61205.000 ns	      6119	800015e8	01a356b3	srl	x13,x6,x26	  x6:0x00000000 x26:0x80040fe4 x13=0x00000000
      61215.000 ns	      6120	800015ec	409281b3	sub	x3,x5,x9	  x5:0x00000000  x9:0x00010000  x3=0xffff0000
      61235.000 ns	      6122	800015f0	031878b3	remu	x17,x16,x17	 x16:0x00000000 x17:0x00000000 x17=0x00000000
      61265.000 ns	      6125	800015f4	21cd1bd3	fsgnjn.s	f23,f26,f28	 f26:0x7f800000 f28:0xa36bfb4c f23=0x7f800000
      61285.000 ns	      6127	800015f8	00d0dbb3	srl	x23,x1,x13	  x1:0x00000000 x13:0x00000000 x23=0x00000000
      61305.000 ns	      6129	800015fc	03902633	mulhsu	x12,x0,x25	  x0:0x00000000 x25:0x00000000 x12=0x00000000
      61335.000 ns	      6132	80001600	e00e8753	fmv.x.w	x14,f29	 f29:0x80000000 x14=0x80000000
      61355.000 ns	      6134	80001604	8cc54213	xori	x4,x10,-1844	 x10:0x7fc00000  x4=0x803ff8cc
      61375.000 ns	      6136	80001608	03ecb0b3	mulhu	x1,x25,x30	 x25:0x00000000 x30:0x00000000  x1=0x00000000
      61425.000 ns	      6141	8000160c	099220d3	fsub.s	f1,f4,f25	  f4:0xcefff7e0 f25:0xcefc5600  f1=0xcbe87800
      61445.000 ns	      6143	80001610	d121e5b7	lui	x11,0xd121e	 x11=0xd121e000
      61465.000 ns	      6145	80001614	d005f3d3	fcvt.s.w	f7,x11	 x11:0xfff00082  f7=0xce3b7880
      61495.000 ns	      6148	80001618	03fd2433	mulhsu	x8,x26,x31	 x26:0x13e885e4 x31:0x98b395dc  x8=0x0be006bc
      61525.000 ns	      6151	8000161c	033cb1b3	mulhu	x3,x25,x19	 x25:0x00000000 x19:0xfc31c41b  x3=0x00000000
      61545.000 ns	      6153	80001620	2f2a6b17	auipc	x22,0x2f2a6	 x22=0xaf2a7620
      61555.000 ns	      6154	80001624	01125013	srli	x0,x4,0x11	  x4:0x803ff8cc
      61565.000 ns	      6155	80001628	4058d233	sra	x4,x17,x5	 x17:0x00000000  x5:0x00000000  x4=0x00000000
      61575.000 ns	      6156	8000162c	418f01b3	sub	x3,x30,x24	 x30:0x00000000 x24:0x00000000  x3=0x00000000
      61595.000 ns	      6158	80001630	f0080053	fmv.w.x	f0,x16	 x16:0x00000000  f0=0x00000000
      61615.000 ns	      6160	80001634	005d32b3	sltu	x5,x26,x5	 x26:0x13e885e4  x5:0x00000000  x5=0x00000000
      61625.000 ns	      6161	80001638	00a4fab3	and	x21,x9,x10	  x9:0x00010000 x10:0x7fc00000 x21=0x00000000
      61645.000 ns	      6163	8000163c	c011f453	fcvt.wu.s	x8,f3	  f3:0x7f800000  x8=0xffffffff
      61675.000 ns	      6166	80001640	a18203d3	fle.s	x7,f4,f24	  f4:0xcefff7e0 f24:0x80000000  x7=0x00000001
      61695.000 ns	      6168	80001644	017c85b3	add	x11,x25,x23	 x25:0x00000000 x23:0x00000000 x11=0x00000000
      61735.000 ns	      6172	80001648	01c0f453	fadd.s	f8,f1,f28	  f1:0xcbe87800 f28:0xa36bfb4c  f8=0xcbe87800
      61765.000 ns	      6175	8000164c	03824ab3	div	x21,x4,x24	  x4:0x00000000 x24:0x00000000 x21=0xffffffff
      62135.000 ns	      6212	80001650	03504533	div	x10,x0,x21	  x0:0x00000000 x21:0x00000000 x10=0x00000000
      62155.000 ns	      6214	80001654	cd456713	ori	x14,x10,-812	 x10:0x7fc00000 x14=0xfffffcd4
      62175.000 ns	      6216	80001658	a07807d3	fle.s	x15,f16,f7	 f16:0x7f800000  f7:0xce3b7880 x15=0x00000000
      62195.000 ns	      6218	8000165c	00f5de13	srli	x28,x11,0xf	 x11:0x00000000 x28=0x00000000
      62205.000 ns	      6219	80001660	41f3d633	sra	x12,x7,x31	  x7:0x00000001 x31:0x98b395dc x12=0x00000000
      62215.000 ns	      6220	80001664	db953393	sltiu	x7,x10,-583	 x10:0x00000000  x7=0x00000001
      62235.000 ns	      6222	80001668	c01a46d3	fcvt.wu.s	x13,f20	 f20:0x1f350483 x13=0x00000000
      62255.000 ns	      6224	8000166c	a7ea4e93	xori	x29,x20,-1410	 x20:0x80040fe4 x29=0x7ffbf59a
      62275.000 ns	      6226	80001670	02e73033	mulhu	x0,x14,x14	 x14:0xfffffcd4 x14:0xfffffcd4
      62315.000 ns	      6230	80001674	58031053	fsqrt.s	f0,f6	  f6:0x80040fe4  f0=0x7fc00000
      62335.000 ns	      6232	80001678	01157233	and	x4,x10,x17	 x10:0x00000000 x17:0x00000000  x4=0x00000000
      62355.000 ns	      6234	8000167c	02cc03b3	mul	x7,x24,x12	 x24:0x00000000 x12:0x00000000  x7=0x00000000
      62385.000 ns	      6237	80001680	a06d8753	fle.s	x14,f27,f6	 f27:0x7fc00000  f6:0x80040fe4 x14=0x00000000
      62435.000 ns	      6242	80001684	0114f253	fadd.s	f4,f9,f17	  f9:0x7fc00000 f17:0x7fc00000  f4=0x7fc00000
      62465.000 ns	      6245	80001688	e00d9b53	fclass.s	x22,f27	 f27:0x7fc00000 x22=0x00000200
      62495.000 ns	      6248	8000168c	02920fb3	mul	x31,x4,x9	  x4:0x00000000  x9:0x00010000 x31=0x00000000
      62515.000 ns	      6250	80001690	df21ae97	auipc	x29,0xdf21a	 x29=0x5f21b690
      62535.000 ns	      6252	80001694	a0daa553	feq.s	x10,f21,f13	 f21:0x00000000 f13:0x7fc00000 x10=0x00000000
      62565.000 ns	      6255	80001698	292e1dd3	fmax.s	f27,f28,f18	 f28:0xa36bfb4c f18:0x00000000 f27=0x00000000
      62585.000 ns	      6257	8000169c	01dea3b3	slt	x7,x29,x29	 x29:0x5f21b690 x29:0x5f21b690  x7=0x00000000
      62595.000 ns	      6258	800016a0	c8960c13	addi	x24,x12,-887	 x12:0x00000000 x24=0xfffffc89
      62615.000 ns	      6260	800016a4	03551333	mulh	x6,x10,x21	 x10:0x00000000 x21:0xffffffff  x6=0x00000000
      62645.000 ns	      6263	800016a8	0227b733	mulhu	x14,x15,x2	 x15:0x00000000  x2:0x00000000 x14=0x00000000
      62675.000 ns	      6266	800016ac	02771833	mulh	x16,x14,x7	 x14:0x00000000  x7:0x00000000 x16=0x00000000
      62705.000 ns	      6269	800016b0	d0027153	fcvt.s.w	f2,x4	  x4:0x00000000  f2=0x00000000
      62725.000 ns	      6271	800016b4	a3e7e817	auipc	x16,0xa3e7e	 x16=0x23e7f6b4
      62755.000 ns	      6274	800016b8	10f99453	fmul.s	f8,f19,f15	 f19:0x7fc00000 f15:0x7fc00000  f8=0x7fc00000
      62775.000 ns	      6276	800016bc	01886d33	or	x26,x16,x24	 x16:0x00000000 x24:0xfffffc89 x26=0xfffffebd
      62805.000 ns	      6279	800016c0	58007bd3	fsqrt.s	f23,f0	  f0:0x7fc00000 f23=0x7fc00000
      62825.000 ns	      6281	800016c4	dc9b3637	lui	x12,0xdc9b3	 x12=0xdc9b3000
      62845.000 ns	      6283	800016c8	a0b600d3	fle.s	x1,f12,f11	 f12:0x9f350483 f11:0xcefc5600  x1=0x00000000
      62865.000 ns	      6285	800016cc	9a050317	auipc	x6,0x9a050	  x6=0x1a0516cc
      62875.000 ns	      6286	800016d0	40635e33	sra	x28,x6,x6	  x6:0x00000000  x6:0x00000000 x28=0x0001a051
      62915.000 ns	      6290	800016d4	08d8f253	fsub.s	f4,f17,f13	 f17:0x7fc00000 f13:0x7fc00000  f4=0x7fc00000
      62945.000 ns	      6293	800016d8	e00907d3	fmv.x.w	x15,f18	 f18:0x00000000 x15=0x00000000
      62965.000 ns	      6295	800016dc	9033ce93	xori	x29,x7,-1789	  x7:0x00000000 x29=0xfffff903
      62975.000 ns	      6296	800016e0	01bdd113	srli	x2,x27,0x1b	 x27:0x80041024  x2=0x00000010
      62995.000 ns	      6298	800016e4	02dd85b3	mul	x11,x27,x13	 x27:0x80041024 x13:0x00000000 x11=0x00000000
      63025.000 ns	      6301	800016e8	03774ab3	div	x21,x14,x23	 x14:0x00000000 x23:0x00000000 x21=0xffffffff
      63055.000 ns	      6304	800016ec	d006f953	fcvt.s.w	f18,x13	 x13:0x00000000 f18=0x00000000
      63075.000 ns	      6306	800016f0	41f40ab3	sub	x21,x8,x31	  x8:0xffffffff x31:0x00000000 x21=0xffffffff
      63095.000 ns	      6308	800016f4	020d11b3	mulh	x3,x26,x0	 x26:0xfffffebd  x0:0x00000000  x3=0x00000000
      63115.000 ns	      6310	800016f8	7a7cd537	lui	x10,0x7a7cd	 x10=0x7a7cd000
      63125.000 ns	      6311	800016fc	e251a293	slti	x5,x3,-475	  x3:0x00000000  x5=0x00000000
      63135.000 ns	      6312	80001700	00a39613	slli	x12,x7,0xa	  x7:0x00000000 x12=0x00000000
      63145.000 ns	      6313	80001704	419352b3	sra	x5,x6,x25	  x6:0x1a0516cc x25:0x00000000  x5=0x1a0516cc
      63165.000 ns	      6315	80001708	e00f80d3	fmv.x.w	x1,f31	 f31:0x00000000  x1=0x00000000
      63195.000 ns	      6318	8000170c	02c26bb3	rem	x23,x4,x12	  x4:0x00000000 x12:0x00000000 x23=0x00000000
      63215.000 ns	      6320	80001710	85968493	addi	x9,x13,-1959	 x13:0x00000000  x9=0xfffff859
      63235.000 ns	      6322	80001714	c01f7653	fcvt.wu.s	x12,f30	 f30:0x7f800000 x12=0xffffffff
      63265.000 ns	      6325	80001718	02629cb3	mulh	x25,x5,x6	  x5:0x1a0516cc  x6:0x1a0516cc x25=0x02a508bb
      63285.000 ns	      6327	8000171c	349daf13	slti	x30,x27,841	 x27:0x80041024 x30=0x00000001
      63295.000 ns	      6328	80001720	ed480513	addi	x10,x16,-300	 x16:0x23e7f6b4 x10=0x23e7f588
      63315.000 ns	      6330	80001724	024a0733	mul	x14,x20,x4	 x20:0x80040fe4  x4:0x00000000 x14=0x00000000
      63335.000 ns	      6332	80001728	419fd1b3	sra	x3,x31,x25	 x31:0x00000000 x25:0x02a508bb  x3=0x00000000
      63355.000 ns	      6334	8000172c	a1508853	fle.s	x16,f1,f21	  f1:0xcbe87800 f21:0x00000000 x16=0x00000001
      63385.000 ns	      6337	80001730	29159353	fmax.s	f6,f11,f17	 f11:0xcefc5600 f17:0x7fc00000  f6=0xcefc5600
      63405.000 ns	      6339	80001734	70fd2613	slti	x12,x26,1807	 x26:0xfffffebd x12=0x00000001
      63765.000 ns	      6375	80001738	035b4833	div	x16,x22,x21	 x22:0x00000200 x21:0xffffffff x16=0xfffffe00
      63795.000 ns	      6378	8000173c	202c1ad3	fsgnjn.s	f21,f24,f2	 f24:0x80000000  f2:0x00000000 f21=0x80000000
      63825.000 ns	      6381	80001740	217108d3	fsgnj.s	f17,f2,f23	  f2:0x00000000 f23:0x7fc00000 f17=0x00000000
      63855.000 ns	      6384	80001744	f0020553	fmv.w.x	f10,x4	  x4:0x00000000 f10=0x00000000
      63895.000 ns	      6388	80001748	10def8d3	fmul.s	f17,f29,f13	 f29:0x80000000 f13:0x7fc00000 f17=0x7fc00000
      63915.000 ns	      6390	8000174c	01d35013	srli	x0,x6,0x1d	  x6:0x1a0516cc
      63925.000 ns	      6391	80001750	51498c13	addi	x24,x19,1300	 x19:0xfc31c41b x24=0xfc31c92f
      63945.000 ns	      6393	80001754	d01ccfd3	fcvt.s.wu	f31,x25	 x25:0x02a508bb f31=0x4c29422f
      63965.000 ns	      6395	80001758	411905b3	sub	x11,x18,x17	 x18:0x00000000 x17:0x00000000 x11=0x00000000
      63975.000 ns	      6396	8000175c	40085e93	srai	x29,x16,0x0	 x16:0xfffffe00 x29=0xfffffe00
      63995.000 ns	      6398	80001760	21a80a53	fsgnj.s	f20,f16,f26	 f16:0x7f800000 f26:0x7f800000 f20=0x7f800000
      64015.000 ns	      6400	80001764	018103b3	add	x7,x2,x24	  x2:0x00000010 x24:0xfc31c92f  x7=0xfc31c93f
      64035.000 ns	      6402	80001768	d01785d3	fcvt.s.wu	f11,x15	 x15:0x00000000 f11=0x00000000
      64065.000 ns	      6405	8000176c	03421033	mulh	x0,x4,x20	  x4:0x00000000 x20:0x80040fe4
      64085.000 ns	      6407	80001770	3a1d7613	andi	x12,x26,929	 x26:0xfffffebd x12=0x000002a1
      64105.000 ns	      6409	80001774	29be97d3	fmax.s	f15,f29,f27	 f29:0x80000000 f27:0x00000000 f15=0x00000000
      64135.000 ns	      6412	80001778	20e91653	fsgnjn.s	f12,f18,f14	 f18:0x00000000 f14:0x4f7c31c4 f12=0x80000000
      64155.000 ns	      6414	8000177c	401b5ab3	sra	x21,x22,x1	 x22:0x00000200  x1:0x00000000 x21=0x00000200
      64165.000 ns	      6415	80001780	002a21b3	slt	x3,x20,x2	 x20:0x80040fe4  x2:0x00000010  x3=0x00000001
      64175.000 ns	      6416	80001784	002c0d33	add	x26,x24,x2	 x24:0xfc31c92f  x2:0x00000010 x26=0xfc31c93f
      64195.000 ns	      6418	80001788	e00f0fd3	fmv.x.w	x31,f30	 f30:0x7f800000 x31=0x7f800000
      64225.000 ns	      6421	8000178c	c01845d3	fcvt.wu.s	x11,f16	 f16:0x7f800000 x11=0xffffffff
      64255.000 ns	      6424	80001790	0223b333	mulhu	x6,x7,x2	  x7:0xfc31c93f  x2:0x00000010  x6=0x0000000f
      64305.000 ns	      6429	80001794	081fffd3	fsub.s	f31,f31,f1	 f31:0x4c29422f  f1:0xcbe87800 f31=0x4c8ebf17
      64325.000 ns	      6431	80001798	004ab3b3	sltu	x7,x21,x4	 x21:0x00000200  x4:0x00000000  x7=0x00000000
      64335.000 ns	      6432	8000179c	b8e8e713	ori	x14,x17,-1138	 x17:0x00000000 x14=0xfffffb8e
      64345.000 ns	      6433	800017a0	015bd5b3	srl	x11,x23,x21	 x23:0x00000000 x21:0x00000200 x11=0x00000000
      64355.000 ns	      6434	800017a4	82468393	addi	x7,x13,-2012	 x13:0x00000000  x7=0xfffff824
      64365.000 ns	      6435	800017a8	00598433	add	x8,x19,x5	 x19:0xfc31c41b  x5:0x1a0516cc  x8=0x1636dae7
      64385.000 ns	      6437	800017ac	d01e9ad3	fcvt.s.wu	f21,x29	 x29:0xfffffe00 f21=0x4f7ffffe
      64405.000 ns	      6439	800017b0	00229713	slli	x14,x5,0x2	  x5:0x1a0516cc x14=0x68145b30
      64415.000 ns	      6440	800017b4	00000013	addi	x0,x0,0	  x0:0x00000000
      64425.000 ns	      6441	800017b8	01ad4c33	xor	x24,x26,x26	 x26:0xfc31c93f x26:0xfc31c93f x24=0x00000000
      64445.000 ns	      6443	800017bc	291501d3	fmin.s	f3,f10,f17	 f10:0x00000000 f17:0x7fc00000  f3=0x00000000
      64475.000 ns	      6446	800017c0	a03a1953	flt.s	x18,f20,f3	 f20:0x7f800000  f3:0x7f800000 x18=0x00000000
      64505.000 ns	      6449	800017c4	203a16d3	fsgnjn.s	f13,f20,f3	 f20:0x7f800000  f3:0x00000000 f13=0xff800000
      64535.000 ns	      6452	800017c8	a166aed3	feq.s	x29,f13,f22	 f13:0x7fc00000 f22:0x4f7ffffe x29=0x00000000
      64575.000 ns	      6456	800017cc	19cda3d3	fdiv.s	f7,f27,f28	 f27:0x00000000 f28:0xa36bfb4c  f7=0x80000000
      64615.000 ns	      6460	800017d0	580efb53	fsqrt.s	f22,f29	 f29:0x80000000 f22=0x80000000
      64635.000 ns	      6462	800017d4	e6da2597	auipc	x11,0xe6da2	 x11=0x66da37d4
      64645.000 ns	      6463	800017d8	00172c93	slti	x25,x14,1	 x14:0x68145b30 x25=0x00000000
      64655.000 ns	      6464	800017dc	2f88e713	ori	x14,x17,760	 x17:0x00000000 x14=0x000002f8
      64665.000 ns	      6465	800017e0	beec3593	sltiu	x11,x24,-1042	 x24:0x00000000 x11=0x00000001
      64705.000 ns	      6469	800017e4	08e2f853	fsub.s	f16,f5,f14	  f5:0x7fc00000 f14:0x4f7c31c4 f16=0x7fc00000
      64745.000 ns	      6473	800017e8	104ef753	fmul.s	f14,f29,f4	 f29:0x80000000  f4:0x7fc00000 f14=0x7fc00000
      64775.000 ns	      6476	800017ec	214490d3	fsgnjn.s	f1,f9,f20	  f9:0x7fc00000 f20:0x7f800000  f1=0xffc00000
      64805.000 ns	      6479	800017f0	035296b3	mulh	x13,x5,x21	  x5:0x1a0516cc x21:0x00000200 x13=0x00000034
      64835.000 ns	      6482	800017f4	f0000653	fmv.w.x	f12,x0	  x0:0x00000000 f12=0x00000000
      64855.000 ns	      6484	800017f8	40e150b3	sra	x1,x2,x14	  x2:0x00000010 x14:0x000002f8  x1=0x00000000
      64885.000 ns	      6487	800017fc	10e10dd3	fmul.s	f27,f2,f14	  f2:0x00000000 f14:0x7fc00000 f27=0x7fc00000
      64905.000 ns	      6489	80001800	0ee1dcb7	lui	x25,0xee1d	 x25=0x0ee1d000
      64915.000 ns	      6490	80001804	01157933	and	x18,x10,x17	 x10:0x23e7f588 x17:0x00000000 x18=0x00000000
      64925.000 ns	      6491	80001808	014e08b3	add	x17,x28,x20	 x28:0x0001a051 x20:0x80040fe4 x17=0x8005b035
      64955.000 ns	      6494	8000180c	580bffd3	fsqrt.s	f31,f23	 f23:0x7fc00000 f31=0x7fc00000
      64975.000 ns	      6496	80001810	418881b3	sub	x3,x17,x24	 x17:0x00000000 x24:0x00000000  x3=0x8005b035
      64985.000 ns	      6497	80001814	005fbf33	sltu	x30,x31,x5	 x31:0x7f800000  x5:0x1a0516cc x30=0x00000000
      64995.000 ns	      6498	80001818	722cc213	xori	x4,x25,1826	 x25:0x0ee1d000  x4=0x0ee1d722
      65035.000 ns	      6502	8000181c	094a4253	fsub.s	f4,f20,f20	 f20:0x7f800000 f20:0x7f800000  f4=0x80000000
      65085.000 ns	      6507	80001820	09fea8d3	fsub.s	f17,f29,f31	 f29:0x80000000 f31:0x7fc00000 f17=0x7fc00000
      65105.000 ns	      6509	80001824	a04efab7	lui	x21,0xa04ef	 x21=0xa04ef000
      65135.000 ns	      6512	80001828	1848acd3	fdiv.s	f25,f17,f4	 f17:0x7fc00000  f4:0x80000000 f25=0x7fc00000
      65165.000 ns	      6515	8000182c	29e70853	fmin.s	f16,f14,f30	 f14:0x7fc00000 f30:0x7f800000 f16=0x7f800000
      65185.000 ns	      6517	80001830	01020b33	add	x22,x4,x16	  x4:0x0ee1d722 x16:0xfffffe00 x22=0x0ee1d522
      65205.000 ns	      6519	80001834	c0137153	fcvt.wu.s	x2,f6	  f6:0xcefc5600  x2=0x7e2b0000
      65235.000 ns	      6522	80001838	f0090753	fmv.w.x	f14,x18	 x18:0x00000000 f14=0x00000000
      65265.000 ns	      6525	8000183c	d0167e53	fcvt.s.wu	f28,x12	 x12:0x000002a1 f28=0x44284000
      65295.000 ns	      6528	80001840	c0071953	fcvt.w.s	x18,f14	 f14:0x00000000 x18=0x00000000
      65315.000 ns	      6530	80001844	01a856b3	srl	x13,x16,x26	 x16:0xfffffe00 x26:0xfc31c93f x13=0x00000001
      65325.000 ns	      6531	80001848	0cabec93	ori	x25,x23,202	 x23:0x00000000 x25=0x000000ca
      65345.000 ns	      6533	8000184c	c0081553	fcvt.w.s	x10,f16	 f16:0x7f800000 x10=0x7fffffff
      65715.000 ns	      6570	80001850	03a5f033	remu	x0,x11,x26	 x11:0x00000001 x26:0xfc31c93f
      65735.000 ns	      6572	80001854	9ca3c193	xori	x3,x7,-1590	  x7:0xfffff824  x3=0x000001ee
      65775.000 ns	      6576	80001858	0176cbd3	fadd.s	f23,f13,f23	 f13:0xff800000 f23:0x7fc00000 f23=0x7fc00000
      65805.000 ns	      6579	8000185c	a09b1ed3	flt.s	x29,f22,f9	 f22:0x80000000  f9:0x7fc00000 x29=0x00000000
      65835.000 ns	      6582	80001860	e00e11d3	fclass.s	x3,f28	 f28:0x44284000  x3=0x00000040
      65875.000 ns	      6586	80001864	184dfc53	fdiv.s	f24,f27,f4	 f27:0x7fc00000  f4:0x80000000 f24=0x7fc00000
      65915.000 ns	      6590	80001868	580221d3	fsqrt.s	f3,f4	  f4:0x80000000  f3=0x80000000
      65945.000 ns	      6593	8000186c	02931533	mulh	x10,x6,x9	  x6:0x0000000f  x9:0xfffff859 x10=0xffffffff
      65975.000 ns	      6596	80001870	e00600d3	fmv.x.w	x1,f12	 f12:0x00000000  x1=0x00000000
      65995.000 ns	      6598	80001874	5ca08513	addi	x10,x1,1482	  x1:0x00000000 x10=0x000005ca
      66015.000 ns	      6600	80001878	a1f68c53	fle.s	x24,f13,f31	 f13:0xff800000 f31:0x7fc00000 x24=0x00000000
      66385.000 ns	      6637	8000187c	039decb3	rem	x25,x27,x25	 x27:0x80041024 x25:0x000000ca x25=0xffffff3c
      66415.000 ns	      6640	80001880	282d9b53	fmax.s	f22,f27,f2	 f27:0x7fc00000  f2:0x00000000 f22=0x00000000
      66435.000 ns	      6642	80001884	00781793	slli	x15,x16,0x7	 x16:0xfffffe00 x15=0xffff0000
      66445.000 ns	      6643	80001888	db315a97	auipc	x21,0xdb315	 x21=0x5b316888
      66455.000 ns	      6644	8000188c	bd91a313	slti	x6,x3,-1063	  x3:0x00000040  x6=0x00000000
      66465.000 ns	      6645	80001890	00af75b3	and	x11,x30,x10	 x30:0x00000000 x10:0x000005ca x11=0x00000000
      66485.000 ns	      6647	80001894	d0187953	fcvt.s.wu	f18,x16	 x16:0xfffffe00 f18=0x4f7ffffe
      66515.000 ns	      6650	80001898	02bb2633	mulhsu	x12,x22,x11	 x22:0x0ee1d522 x11:0x00000001 x12=0x00000000
      66545.000 ns	      6653	8000189c	03598833	mul	x16,x19,x21	 x19:0xfc31c41b x21:0x5b316888 x16=0x54462658
      66565.000 ns	      6655	800018a0	47e3c213	xori	x4,x7,1150	  x7:0xfffff824  x4=0xfffffc5a
      66575.000 ns	      6656	800018a4	00139e33	sll	x28,x7,x1	  x7:0xfffff824  x1:0x00000000 x28=0xfffff824
      66585.000 ns	      6657	800018a8	01195113	srli	x2,x18,0x11	 x18:0x00000000  x2=0x00000000
      66605.000 ns	      6659	800018ac	037c1433	mulh	x8,x24,x23	 x24:0x00000000 x23:0x00000000  x8=0x00000000
      66625.000 ns	      6661	800018b0	00000013	addi	x0,x0,0	  x0:0x00000000
      66635.000 ns	      6662	800018b4	2fab4293	xori	x5,x22,762	 x22:0x0ee1d522  x5=0x0ee1d7d8
      66655.000 ns	      6664	800018b8	f00a88d3	fmv.w.x	f17,x21	 x21:0x5b316888 f17=0x5b316888
      66675.000 ns	      6666	800018bc	17b90b37	lui	x22,0x17b90	 x22=0x17b90000
      66685.000 ns	      6667	800018c0	00da0c33	add	x24,x20,x13	 x20:0x80040fe4 x13:0x00000001 x24=0x80040fe5
      66695.000 ns	      6668	800018c4	012da333	slt	x6,x27,x18	 x27:0x80041024 x18:0x00000000  x6=0x00000001
      66715.000 ns	      6670	800018c8	e00d8d53	fmv.x.w	x26,f27	 f27:0x7fc00000 x26=0x7fc00000
      66745.000 ns	      6673	800018cc	d0169f53	fcvt.s.wu	f30,x13	 x13:0x00000001 f30=0x3f800000
      66775.000 ns	      6676	800018d0	20c203d3	fsgnj.s	f7,f4,f12	  f4:0x80000000 f12:0x00000000  f7=0x00000000
      66825.000 ns	      6681	800018d4	081935d3	fsub.s	f11,f18,f1	 f18:0x4f7ffffe  f1:0xffc00000 f11=0x7fc00000
      66855.000 ns	      6684	800018d8	02b19433	mulh	x8,x3,x11	  x3:0x00000040 x11:0x00000000  x8=0x00000000
      66885.000 ns	      6687	800018dc	a18207d3	fle.s	x15,f4,f24	  f4:0x80000000 f24:0x7fc00000 x15=0x00000000
      66905.000 ns	      6689	800018e0	007945b3	xor	x11,x18,x7	 x18:0x00000000  x7:0xfffff824 x11=0xfffff824
      66915.000 ns	      6690	800018e4	e3a36e37	lui	x28,0xe3a36	 x28=0xe3a36000
      66945.000 ns	      6693	800018e8	580c80d3	fsqrt.s	f1,f25	 f25:0x7fc00000  f1=0x7fc00000
      66965.000 ns	      6695	800018ec	0040aeb3	slt	x29,x1,x4	  x1:0x00000000  x4:0xfffffc5a x29=0x00000000
      66985.000 ns	      6697	800018f0	02421333	mulh	x6,x4,x4	  x4:0xfffffc5a  x4:0xfffffc5a  x6=0x00000000
      67025.000 ns	      6701	800018f4	58041f53	fsqrt.s	f30,f8	  f8:0x7fc00000 f30=0x7fc00000
      67045.000 ns	      6703	800018f8	013bd713	srli	x14,x23,0x13	 x23:0x00000000 x14=0x00000000
      67065.000 ns	      6705	800018fc	e0039bd3	fclass.s	x23,f7	  f7:0x00000000 x23=0x00000010
      67095.000 ns	      6708	80001900	282c9553	fmax.s	f10,f25,f2	 f25:0x7fc00000  f2:0x00000000 f10=0x00000000
      67125.000 ns	      6711	80001904	02ffee33	rem	x28,x31,x15	 x31:0x7f800000 x15:0x00000000 x28=0x7f800000
      67155.000 ns	      6714	80001908	03a51233	mulh	x4,x10,x26	 x10:0x000005ca x26:0x7fc00000  x4=0x000002e3
      67525.000 ns	      6751	8000190c	0381f933	remu	x18,x3,x24	  x3:0x00000040 x24:0x80040fe5 x18=0x00000040
      67545.000 ns	      6753	80001910	00f46d33	or	x26,x8,x15	  x8:0x00000000 x15:0x00000000 x26=0x00000000
      67555.000 ns	      6754	80001914	3e788893	addi	x17,x17,999	 x17:0x8005b035 x17=0x8005b41c
      67565.000 ns	      6755	80001918	01980e33	add	x28,x16,x25	 x16:0x54462658 x25:0xffffff3c x28=0x54462594
      67585.000 ns	      6757	8000191c	d01ef3d3	fcvt.s.wu	f7,x29	 x29:0x00000000  f7=0x00000000
      67615.000 ns	      6760	80001920	02abb3b3	mulhu	x7,x23,x10	 x23:0x00000010 x10:0x000005ca  x7=0x00000000
      67645.000 ns	      6763	80001924	287b86d3	fmin.s	f13,f23,f7	 f23:0x7fc00000  f7:0x00000000 f13=0x00000000
      67665.000 ns	      6765	80001928	2d487313	andi	x6,x16,724	 x16:0x54462658  x6=0x00000250
      67685.000 ns	      6767	8000192c	216b8d53	fsgnj.s	f26,f23,f22	 f23:0x7fc00000 f22:0x00000000 f26=0x7fc00000
      67705.000 ns	      6769	80001930	01381b13	slli	x22,x16,0x13	 x16:0x54462658 x22=0x32c00000
      68065.000 ns	      6805	80001934	0367cf33	div	x30,x15,x22	 x15:0x00000000 x22:0x17b90000 x30=0x00000000
      68095.000 ns	      6808	80001938	21e01053	fsgnjn.s	f0,f0,f30	  f0:0x7fc00000 f30:0x7fc00000  f0=0xffc00000
      68115.000 ns	      6810	8000193c	1e39b113	sltiu	x2,x19,483	 x19:0xfc31c41b  x2=0x00000000
      68135.000 ns	      6812	80001940	03b13b33	mulhu	x22,x2,x27	  x2:0x00000000 x27:0x80041024 x22=0x00000000
      68165.000 ns	      6815	80001944	03e48233	mul	x4,x9,x30	  x9:0xfffff859 x30:0x00000000  x4=0x00000000
      68185.000 ns	      6817	80001948	0101f133	and	x2,x3,x16	  x3:0x00000040 x16:0x54462658  x2=0x00000040
      68195.000 ns	      6818	8000194c	010491b3	sll	x3,x9,x16	  x9:0xfffff859 x16:0x54462658  x3=0x59000000
      68215.000 ns	      6820	80001950	e00c9bd3	fclass.s	x23,f25	 f25:0x7fc00000 x23=0x00000200
      68245.000 ns	      6823	80001954	205f0b53	fsgnj.s	f22,f30,f5	 f30:0x7fc00000  f5:0x7fc00000 f22=0x7fc00000
      68265.000 ns	      6825	80001958	016c4cb3	xor	x25,x24,x22	 x24:0x80040fe5 x22:0x00000000 x25=0x80040fe5
      68285.000 ns	      6827	8000195c	f00e0853	fmv.w.x	f16,x28	 x28:0x54462594 f16=0x54462594
      68305.000 ns	      6829	80001960	406c5e33	sra	x28,x24,x6	 x24:0x80040fe5  x6:0x00000250 x28=0xffff8004
      68665.000 ns	      6865	80001964	034a6033	rem	x0,x20,x20	 x20:0x80040fe4 x20:0x80040fe4
      68705.000 ns	      6869	80001968	5807fb53	fsqrt.s	f22,f15	 f15:0x00000000 f22=0x00000000
      68725.000 ns	      6871	8000196c	404c5cb3	sra	x25,x24,x4	 x24:0x80040fe5  x4:0x00000000 x25=0x80040fe5
      68745.000 ns	      6873	80001970	282b14d3	fmax.s	f9,f22,f2	 f22:0x00000000  f2:0x00000000  f9=0x00000000
      68765.000 ns	      6875	80001974	01559c13	slli	x24,x11,0x15	 x11:0xfffff824 x24=0x04800000
      68775.000 ns	      6876	80001978	01f466b3	or	x13,x8,x31	  x8:0x00000000 x31:0x7f800000 x13=0x7f800000
      68785.000 ns	      6877	8000197c	01a31413	slli	x8,x6,0x1a	  x6:0x00000250  x8=0x40000000
      68795.000 ns	      6878	80001980	4147d093	srai	x1,x15,0x14	 x15:0x00000000  x1=0x00000000
      68805.000 ns	      6879	80001984	000563b3	or	x7,x10,x0	 x10:0x000005ca  x0:0x00000000  x7=0x000005ca
      68845.000 ns	      6883	80001988	0160bbd3	fadd.s	f23,f1,f22	  f1:0x7fc00000 f22:0x00000000 f23=0x7fc00000
      68865.000 ns	      6885	8000198c	40dd5e33	sra	x28,x26,x13	 x26:0x00000000 x13:0x7f800000 x28=0x00000000
      68875.000 ns	      6886	80001990	56830893	addi	x17,x6,1384	  x6:0x00000250 x17=0x000007b8
      68895.000 ns	      6888	80001994	a006a053	feq.s	x0,f13,f0	 f13:0x00000000  f0:0xffc00000
      69265.000 ns	      6925	80001998	0389f833	remu	x16,x19,x24	 x19:0xfc31c41b x24:0x04800000 x16=0x0031c41b
      69315.000 ns	      6930	8000199c	0815c253	fsub.s	f4,f11,f1	 f11:0x7fc00000  f1:0x7fc00000  f4=0x7fc00000
      69335.000 ns	      6932	800019a0	00000013	addi	x0,x0,0	  x0:0x00000000
      69345.000 ns	      6933	800019a4	01f1d713	srli	x14,x3,0x1f	  x3:0x59000000 x14=0x00000000
      69365.000 ns	      6935	800019a8	20bfa2d3	fsgnjx.s	f5,f31,f11	 f31:0x7fc00000 f11:0x7fc00000  f5=0x7fc00000
      69385.000 ns	      6937	800019ac	d43e7193	andi	x3,x28,-701	 x28:0x00000000  x3=0x00000000
      69395.000 ns	      6938	800019b0	0004d193	srli	x3,x9,0x0	  x9:0xfffff859  x3=0xfffff859
      69405.000 ns	      6939	800019b4	b989bfb7	lui	x31,0xb989b	 x31=0xb989b000
      69415.000 ns	      6940	800019b8	91728a93	addi	x21,x5,-1769	  x5:0x0ee1d7d8 x21=0x0ee1d0ef
      69425.000 ns	      6941	800019bc	2b827513	andi	x10,x4,696	  x4:0x00000000 x10=0x00000000
      69445.000 ns	      6943	800019c0	28530153	fmin.s	f2,f6,f5	  f6:0xcefc5600  f5:0x7fc00000  f2=0xcefc5600
      69465.000 ns	      6945	800019c4	01a5af33	slt	x30,x11,x26	 x11:0xfffff824 x26:0x00000000 x30=0x00000001
      69475.000 ns	      6946	800019c8	40088833	sub	x16,x17,x0	 x17:0x000007b8  x0:0x00000000 x16=0x000007b8
      69485.000 ns	      6947	800019cc	01971b33	sll	x22,x14,x25	 x14:0x00000000 x25:0x80040fe5 x22=0x00000000
      69495.000 ns	      6948	800019d0	00055813	srli	x16,x10,0x0	 x10:0x00000000 x16=0x00000000
      69505.000 ns	      6949	800019d4	6bc3af37	lui	x30,0x6bc3a	 x30=0x6bc3a000
      69525.000 ns	      6951	800019d8	28dc99d3	fmax.s	f19,f25,f13	 f25:0x7fc00000 f13:0x00000000 f19=0x00000000
      69545.000 ns	      6953	800019dc	87b69937	lui	x18,0x87b69	 x18=0x87b69000
      69565.000 ns	      6955	800019e0	039481b3	mul	x3,x9,x25	  x9:0xfffff859 x25:0x80040fe5  x3=0x60ea5e9d
      69585.000 ns	      6957	800019e4	00efd1b3	srl	x3,x31,x14	 x31:0xb989b000 x14:0x00000000  x3=0xb989b000
      69595.000 ns	      6958	800019e8	00129433	sll	x8,x5,x1	  x5:0x0ee1d7d8  x1:0x00000000  x8=0x0ee1d7d8
      69605.000 ns	      6959	800019ec	00d60833	add	x16,x12,x13	 x12:0x00000000 x13:0x7f800000 x16=0x7f800000
      69635.000 ns	      6962	800019f0	113df3d3	fmul.s	f7,f27,f19	 f27:0x7fc00000 f19:0x00000000  f7=0x7fc00000
      69665.000 ns	      6965	800019f4	a1c00853	fle.s	x16,f0,f28	  f0:0xffc00000 f28:0x44284000 x16=0x00000000
      69695.000 ns	      6968	800019f8	a01f2653	feq.s	x12,f30,f1	 f30:0x7fc00000  f1:0x7fc00000 x12=0x00000000
      69715.000 ns	      6970	800019fc	003de333	or	x6,x27,x3	 x27:0x80041024  x3:0xb989b000  x6=0xb98db024
      69735.000 ns	      6972	80001a00	a16c85d3	fle.s	x11,f25,f22	 f25:0x7fc00000 f22:0x00000000 x11=0x00000000
      69755.000 ns	      6974	80001a04	01c15513	srli	x10,x2,0x1c	  x2:0x00000040 x10=0x00000000
      69765.000 ns	      6975	80001a08	ede07393	andi	x7,x0,-290	  x0:0x00000000  x7=0x00000000
      69775.000 ns	      6976	80001a0c	006bbd33	sltu	x26,x23,x6	 x23:0x00000200  x6:0xb98db024 x26=0x00000001
      69795.000 ns	      6978	80001a10	a1602ad3	feq.s	x21,f0,f22	  f0:0xffc00000 f22:0x00000000 x21=0x00000000
      69815.000 ns	      6980	80001a14	00aa4133	xor	x2,x20,x10	 x20:0x80040fe4 x10:0x00000000  x2=0x80040fe4
      70175.000 ns	      7016	80001a18	02374bb3	div	x23,x14,x3	 x14:0x00000000  x3:0xb989b000 x23=0x00000000
      70205.000 ns	      7019	80001a1c	03bf2bb3	mulhsu	x23,x30,x27	 x30:0x6bc3a000 x27:0x80041024 x23=0x35e385d9
      70225.000 ns	      7021	80001a20	002a6233	or	x4,x20,x2	 x20:0x80040fe4  x2:0x80040fe4  x4=0x80040fe4
      70245.000 ns	      7023	80001a24	0340b333	mulhu	x6,x1,x20	  x1:0x00000000 x20:0x80040fe4  x6=0x00000000
      70275.000 ns	      7026	80001a28	29068bd3	fmin.s	f23,f13,f16	 f13:0x00000000 f16:0x54462594 f23=0x00000000
      70295.000 ns	      7028	80001a2c	a6384813	xori	x16,x16,-1437	 x16:0x00000000 x16=0xfffffa63
      70655.000 ns	      7064	80001a30	0376f333	remu	x6,x13,x23	 x13:0x7f800000 x23:0x35e385d9  x6=0x13b8f44e
      70685.000 ns	      7067	80001a34	21b109d3	fsgnj.s	f19,f2,f27	  f2:0xcefc5600 f27:0x7fc00000 f19=0x4efc5600
      70705.000 ns	      7069	80001a38	01d6d6b3	srl	x13,x13,x29	 x13:0x7f800000 x29:0x00000000 x13=0x7f800000
      71065.000 ns	      7105	80001a3c	0224c233	div	x4,x9,x2	  x9:0xfffff859  x2:0x80040fe4  x4=0x00000000
      71095.000 ns	      7108	80001a40	0243e433	rem	x8,x7,x4	  x7:0x00000000  x4:0x80040fe4  x8=0x00000000
      71125.000 ns	      7111	80001a44	d00b4cd3	fcvt.s.w	f25,x22	 x22:0x00000000 f25=0x00000000
      71165.000 ns	      7115	80001a48	5800bed3	fsqrt.s	f29,f1	  f1:0x7fc00000 f29=0x7fc00000
      71195.000 ns	      7118	80001a4c	0304bf33	mulhu	x30,x9,x16	  x9:0xfffff859 x16:0xfffffa63 x30=0xfffff2bc
      71225.000 ns	      7121	80001a50	28881753	fmax.s	f14,f16,f8	 f16:0x54462594  f8:0x7fc00000 f14=0x54462594
      71595.000 ns	      7158	80001a54	023754b3	divu	x9,x14,x3	 x14:0x00000000  x3:0xb989b000  x9=0x00000000
      71625.000 ns	      7161	80001a58	28149ed3	fmax.s	f29,f9,f1	  f9:0x00000000  f1:0x7fc00000 f29=0x00000000
      71655.000 ns	      7164	80001a5c	d00a76d3	fcvt.s.w	f13,x20	 x20:0x80040fe4 f13=0xcefff7e0
      71685.000 ns	      7167	80001a60	280190d3	fmax.s	f1,f3,f0	  f3:0x80000000  f0:0xffc00000  f1=0x80000000
      71715.000 ns	      7170	80001a64	03289933	mulh	x18,x17,x18	 x17:0x000007b8 x18:0x87b69000 x18=0xfffffc5f
      71755.000 ns	      7174	80001a68	189e35d3	fdiv.s	f11,f28,f9	 f28:0x44284000  f9:0x00000000 f11=0x7f800000
      71775.000 ns	      7176	80001a6c	0116c7b3	xor	x15,x13,x17	 x13:0x7f800000 x17:0x000007b8 x15=0x7f8007b8
      71785.000 ns	      7177	80001a70	01e67f33	and	x30,x12,x30	 x12:0x00000000 x30:0xfffff2bc x30=0x00000000
      71795.000 ns	      7178	80001a74	415d0333	sub	x6,x26,x21	 x26:0x00000001 x21:0x00000000  x6=0x00000001
      71815.000 ns	      7180	80001a78	e00785d3	fmv.x.w	x11,f15	 f15:0x00000000 x11=0x00000000
      71845.000 ns	      7183	80001a7c	02a636b3	mulhu	x13,x12,x10	 x12:0x00000000 x10:0x00000000 x13=0x00000000
      71875.000 ns	      7186	80001a80	c01efcd3	fcvt.wu.s	x25,f29	 f29:0x00000000 x25=0x00000000
      71905.000 ns	      7189	80001a84	f0098b53	fmv.w.x	f22,x19	 x19:0xfc31c41b f22=0xfc31c41b
      71925.000 ns	      7191	80001a88	40a5d013	srai	x0,x11,0xa	 x11:0x00000000
      71955.000 ns	      7194	80001a8c	10c1a1d3	fmul.s	f3,f3,f12	  f3:0x80000000 f12:0x00000000  f3=0x80000000
      71985.000 ns	      7197	80001a90	e0028753	fmv.x.w	x14,f5	  f5:0x7fc00000 x14=0x7fc00000
      72005.000 ns	      7199	80001a94	d2934513	xori	x10,x6,-727	  x6:0x00000001 x10=0xfffffd28
      72025.000 ns	      7201	80001a98	033bb3b3	mulhu	x7,x23,x19	 x23:0x35e385d9 x19:0xfc31c41b  x7=0x35167196
      72045.000 ns	      7203	80001a9c	eadee2b7	lui	x5,0xeadee	  x5=0xeadee000
      72085.000 ns	      7207	80001aa0	00f97fd3	fadd.s	f31,f18,f15	 f18:0x4f7ffffe f15:0x00000000 f31=0x4f7ffffe
      72105.000 ns	      7209	80001aa4	bcd4ce13	xori	x28,x9,-1075	  x9:0x00000000 x28=0xfffffbcd
      72115.000 ns	      7210	80001aa8	01e25933	srl	x18,x4,x30	  x4:0x00000000 x30:0x00000000 x18=0x00000000
      72125.000 ns	      7211	80001aac	01951413	slli	x8,x10,0x19	 x10:0xfffffd28  x8=0x50000000
      72145.000 ns	      7213	80001ab0	e00c1953	fclass.s	x18,f24	 f24:0x7fc00000 x18=0x00000200
      72175.000 ns	      7216	80001ab4	29738ad3	fmin.s	f21,f7,f23	  f7:0x7fc00000 f23:0x00000000 f21=0x00000000
      72195.000 ns	      7218	80001ab8	1ac06d13	ori	x26,x0,428	  x0:0x00000000 x26=0x000001ac
      72205.000 ns	      7219	80001abc	13597713	andi	x14,x18,309	 x18:0x00000200 x14=0x00000000
      72215.000 ns	      7220	80001ac0	015a22b3	slt	x5,x20,x21	 x20:0x80040fe4 x21:0x00000000  x5=0x00000001
      72235.000 ns	      7222	80001ac4	21c5a153	fsgnjx.s	f2,f11,f28	 f11:0x7f800000 f28:0x44284000  f2=0x7f800000
      72255.000 ns	      7224	80001ac8	0193ccb3	xor	x25,x7,x25	  x7:0x35167196 x25:0x00000000 x25=0x35167196
      72285.000 ns	      7227	80001acc	1847f053	fdiv.s	f0,f15,f4	 f15:0x00000000  f4:0x7fc00000  f0=0x7fc00000
      72305.000 ns	      7229	80001ad0	01731113	slli	x2,x6,0x17	  x6:0x00000001  x2=0x00800000
      72325.000 ns	      7231	80001ad4	f00285d3	fmv.w.x	f11,x5	  x5:0x00000001 f11=0x00000001
      72355.000 ns	      7234	80001ad8	c0049ed3	fcvt.w.s	x29,f9	  f9:0x00000000 x29=0x00000000
      72385.000 ns	      7237	80001adc	d0054953	fcvt.s.w	f18,x10	 x10:0xfffffd28 f18=0xc4360000
      72435.000 ns	      7242	80001ae0	0062fbd3	fadd.s	f23,f5,f6	  f5:0x7fc00000  f6:0xcefc5600 f23=0x7fc00000
      72465.000 ns	      7245	80001ae4	e0068253	fmv.x.w	x4,f13	 f13:0xcefff7e0  x4=0xcefff7e0
      72495.000 ns	      7248	80001ae8	f0098bd3	fmv.w.x	f23,x19	 x19:0xfc31c41b f23=0xfc31c41b
      72525.000 ns	      7251	80001aec	a17b1353	flt.s	x6,f22,f23	 f22:0xfc31c41b f23:0x7fc00000  x6=0x00000000
      72545.000 ns	      7253	80001af0	013b3d33	sltu	x26,x22,x19	 x22:0x00000000 x19:0xfc31c41b x26=0x00000001
      72905.000 ns	      7289	80001af4	03065333	divu	x6,x12,x16	 x12:0x00000000 x16:0xfffffa63  x6=0x00000000
      72935.000 ns	      7292	80001af8	204c96d3	fsgnjn.s	f13,f25,f4	 f25:0x00000000  f4:0x7fc00000 f13=0x80000000
      72965.000 ns	      7295	80001afc	02e9c333	div	x6,x19,x14	 x19:0xfc31c41b x14:0x00000000  x6=0xffffffff
      72995.000 ns	      7298	80001b00	a02885d3	fle.s	x11,f17,f2	 f17:0x5b316888  f2:0x7f800000 x11=0x00000001
      73365.000 ns	      7335	80001b04	025e5833	divu	x16,x28,x5	 x28:0xfffffbcd  x5:0x00000001 x16=0xfffffbcd
      73385.000 ns	      7337	80001b08	00dd9593	slli	x11,x27,0xd	 x27:0x80041024 x11=0x82048000
      73405.000 ns	      7339	80001b0c	a1fb82d3	fle.s	x5,f23,f31	 f23:0xfc31c41b f31:0x4f7ffffe  x5=0x00000001
      73435.000 ns	      7342	80001b10	028687b3	mul	x15,x13,x8	 x13:0x00000000  x8:0x50000000 x15=0x00000000
      73465.000 ns	      7345	80001b14	039e01b3	mul	x3,x28,x25	 x28:0xfffffbcd x25:0x35167196  x3=0x12c1071e
      73515.000 ns	      7350	80001b18	08b9bd53	fsub.s	f26,f19,f11	 f19:0x4efc5600 f11:0x00000001 f26=0x4efc5600
      73565.000 ns	      7355	80001b1c	09623653	fsub.s	f12,f4,f22	  f4:0x7fc00000 f22:0xfc31c41b f12=0x7fc00000
      73595.000 ns	      7358	80001b20	28aa9c53	fmax.s	f24,f21,f10	 f21:0x00000000 f10:0x00000000 f24=0x00000000
      73615.000 ns	      7360	80001b24	01919133	sll	x2,x3,x25	  x3:0x12c1071e x25:0x35167196  x2=0xc7800000
      73645.000 ns	      7363	80001b28	188fc353	fdiv.s	f6,f31,f8	 f31:0x4f7ffffe  f8:0x7fc00000  f6=0x7fc00000
      73665.000 ns	      7365	80001b2c	41aa0733	sub	x14,x20,x26	 x20:0x80040fe4 x26:0x00000001 x14=0x80040fe3
      73685.000 ns	      7367	80001b30	a1472e53	feq.s	x28,f14,f20	 f14:0x54462594 f20:0x7f800000 x28=0x00000000
      73715.000 ns	      7370	80001b34	02ac2d33	mulhsu	x26,x24,x10	 x24:0x04800000 x10:0xfffffd28 x26=0x047ffff3
      73745.000 ns	      7373	80001b38	c0137c53	fcvt.wu.s	x24,f6	  f6:0x7fc00000 x24=0xffffffff
      73775.000 ns	      7376	80001b3c	29f715d3	fmax.s	f11,f14,f31	 f14:0x54462594 f31:0x4f7ffffe f11=0x54462594
      73805.000 ns	      7379	80001b40	037a90b3	mulh	x1,x21,x23	 x21:0x00000000 x23:0x35e385d9  x1=0x00000000
      73825.000 ns	      7381	80001b44	010d0933	add	x18,x26,x16	 x26:0x047ffff3 x16:0xfffffbcd x18=0x047ffbc0
      73835.000 ns	      7382	80001b48	408b8533	sub	x10,x23,x8	 x23:0x35e385d9  x8:0x50000000 x10=0xe5e385d9
      73855.000 ns	      7384	80001b4c	e00b1353	fclass.s	x6,f22	 f22:0xfc31c41b  x6=0x00000002
      73885.000 ns	      7387	80001b50	282e9b53	fmax.s	f22,f29,f2	 f29:0x00000000  f2:0x7f800000 f22=0x7f800000
      73915.000 ns	      7390	80001b54	f00102d3	fmv.w.x	f5,x2	  x2:0xc7800000  f5=0xc7800000
      73935.000 ns	      7392	80001b58	ccd8af13	slti	x30,x17,-819	 x17:0x000007b8 x30=0x00000000
      73945.000 ns	      7393	80001b5c	3d2efe13	andi	x28,x29,978	 x29:0x00000000 x28=0x00000000
      73965.000 ns	      7395	80001b60	f0098d53	fmv.w.x	f26,x19	 x19:0xfc31c41b f26=0xfc31c41b
      73995.000 ns	      7398	80001b64	020ee833	rem	x16,x29,x0	 x29:0x00000000  x0:0x00000000 x16=0x00000000
      74025.000 ns	      7401	80001b68	c01afad3	fcvt.wu.s	x21,f21	 f21:0x00000000 x21=0x00000000
      74045.000 ns	      7403	80001b6c	d782db17	auipc	x22,0xd782d	 x22=0x5782eb6c
      74405.000 ns	      7439	80001b70	02a26c33	rem	x24,x4,x10	  x4:0xcefff7e0 x10:0xe5e385d9 x24=0xe91c7207
      74775.000 ns	      7476	80001b74	033b7933	remu	x18,x22,x19	 x22:0x00000000 x19:0xfc31c41b x18=0x5782eb6c
      74795.000 ns	      7478	80001b78	a2e12a97	auipc	x21,0xa2e12	 x21=0x22e13b78
      74835.000 ns	      7482	80001b7c	003d1d53	fadd.s	f26,f26,f3	 f26:0xfc31c41b  f3:0x80000000 f26=0xfc31c41b
      74865.000 ns	      7485	80001b80	f00b86d3	fmv.w.x	f13,x23	 x23:0x35e385d9 f13=0x35e385d9
      74895.000 ns	      7488	80001b84	d01b17d3	fcvt.s.wu	f15,x22	 x22:0x5782eb6c f15=0x4eaf05d6
      74925.000 ns	      7491	80001b88	c0038cd3	fcvt.w.s	x25,f7	  f7:0x7fc00000 x25=0x7fffffff
      74965.000 ns	      7495	80001b8c	10f3bd53	fmul.s	f26,f7,f15	  f7:0x7fc00000 f15:0x4eaf05d6 f26=0x7fc00000
      74995.000 ns	      7498	80001b90	a1b4a1d3	feq.s	x3,f9,f27	  f9:0x00000000 f27:0x7fc00000  x3=0x00000000
      75015.000 ns	      7500	80001b94	011d7bb3	and	x23,x26,x17	 x26:0x047ffff3 x17:0x000007b8 x23=0x000007b0
      75025.000 ns	      7501	80001b98	00c621b3	slt	x3,x12,x12	 x12:0x00000000 x12:0x00000000  x3=0x00000000
      75045.000 ns	      7503	80001b9c	f0098f53	fmv.w.x	f30,x19	 x19:0xfc31c41b f30=0xfc31c41b
      75075.000 ns	      7506	80001ba0	d019c3d3	fcvt.s.wu	f7,x19	 x19:0xfc31c41b  f7=0x4f7c31c4
      75115.000 ns	      7510	80001ba4	11a3fdd3	fmul.s	f27,f7,f26	  f7:0x7fc00000 f26:0x7fc00000 f27=0x7fc00000
      75165.000 ns	      7515	80001ba8	092ef3d3	fsub.s	f7,f29,f18	 f29:0x00000000 f18:0xc4360000  f7=0x44360000
      75185.000 ns	      7517	80001bac	0066f2b3	and	x5,x13,x6	 x13:0x00000000  x6:0x00000002  x5=0x00000000
      75205.000 ns	      7519	80001bb0	204b80d3	fsgnj.s	f1,f23,f4	 f23:0xfc31c41b  f4:0x7fc00000  f1=0x7c31c41b
      75575.000 ns	      7556	80001bb4	03f44633	div	x12,x8,x31	  x8:0x50000000 x31:0xb989b000 x12=0xffffffff
      75595.000 ns	      7558	80001bb8	01821593	slli	x11,x4,0x18	  x4:0xcefff7e0 x11=0xe0000000
      75605.000 ns	      7559	80001bbc	01c95c93	srli	x25,x18,0x1c	 x18:0x5782eb6c x25=0x00000005
      75625.000 ns	      7561	80001bc0	29ae0bd3	fmin.s	f23,f28,f26	 f28:0x44284000 f26:0x7fc00000 f23=0x44284000
      75645.000 ns	      7563	80001bc4	0129f0b3	and	x1,x19,x18	 x19:0xfc31c41b x18:0x5782eb6c  x1=0x5400c008
      75665.000 ns	      7565	80001bc8	d00119d3	fcvt.s.w	f19,x2	  x2:0xc7800000 f19=0xce620000
      75685.000 ns	      7567	80001bcc	b114eb13	ori	x22,x9,-1263	  x9:0x00000000 x22=0xfffffb11
      75705.000 ns	      7569	80001bd0	c00170d3	fcvt.w.s	x1,f2	  f2:0x7f800000  x1=0x7fffffff
      75735.000 ns	      7572	80001bd4	21c823d3	fsgnjx.s	f7,f16,f28	 f16:0x54462594 f28:0x44284000  f7=0x54462594
      75765.000 ns	      7575	80001bd8	20ad8ad3	fsgnj.s	f21,f27,f10	 f27:0x7fc00000 f10:0x00000000 f21=0x7fc00000
      75785.000 ns	      7577	80001bdc	01474e33	xor	x28,x14,x20	 x14:0x80040fe3 x20:0x80040fe4 x28=0x00000007
      75795.000 ns	      7578	80001be0	00d8eb33	or	x22,x17,x13	 x17:0x000007b8 x13:0x00000000 x22=0x000007b8
      75815.000 ns	      7580	80001be4	a16e1353	flt.s	x6,f28,f22	 f28:0x44284000 f22:0x7f800000  x6=0x00000001
      75835.000 ns	      7582	80001be8	009adbb3	srl	x23,x21,x9	 x21:0x22e13b78  x9:0x00000000 x23=0x22e13b78
      75845.000 ns	      7583	80001bec	00de9933	sll	x18,x29,x13	 x29:0x00000000 x13:0x00000000 x18=0x00000000
      75865.000 ns	      7585	80001bf0	03e5c8b3	div	x17,x11,x30	 x11:0xe0000000 x30:0x00000000 x17=0xffffffff
      75895.000 ns	      7588	80001bf4	21462253	fsgnjx.s	f4,f12,f20	 f12:0x7fc00000 f20:0x7f800000  f4=0x7fc00000
      75915.000 ns	      7590	80001bf8	e67b06b7	lui	x13,0xe67b0	 x13=0xe67b0000
      75935.000 ns	      7592	80001bfc	d00ba653	fcvt.s.w	f12,x23	 x23:0x22e13b78 f12=0x4e0b84ee
      75965.000 ns	      7595	80001c00	f0038a53	fmv.w.x	f20,x7	  x7:0x35167196 f20=0x35167196
      76015.000 ns	      7600	80001c04	099325d3	fsub.s	f11,f6,f25	  f6:0x7fc00000 f25:0x00000000 f11=0x7fc00000
      76035.000 ns	      7602	80001c08	0010bcb3	sltu	x25,x1,x1	  x1:0x7fffffff  x1:0x7fffffff x25=0x00000000
      76055.000 ns	      7604	80001c0c	d00df4d3	fcvt.s.w	f9,x27	 x27:0x80041024  f9=0xcefff7df
      76095.000 ns	      7608	80001c10	5805b6d3	fsqrt.s	f13,f11	 f11:0x7fc00000 f13=0x7fc00000
      76125.000 ns	      7611	80001c14	0320d133	divu	x2,x1,x18	  x1:0x7fffffff x18:0x00000000  x2=0xffffffff
      76155.000 ns	      7614	80001c18	02da3533	mulhu	x10,x20,x13	 x20:0x80040fe4 x13:0xe67b0000 x10=0x7341283a
      76185.000 ns	      7617	80001c1c	029f57b3	divu	x15,x30,x9	 x30:0x00000000  x9:0x00000000 x15=0xffffffff
      76555.000 ns	      7654	80001c20	03cfebb3	rem	x23,x31,x28	 x31:0xb989b000 x28:0x00000007 x23=0xfffffffd
      76575.000 ns	      7656	80001c24	406b8ab3	sub	x21,x23,x6	 x23:0x22e13b78  x6:0x00000001 x21=0xfffffffc
      76585.000 ns	      7657	80001c28	017488b3	add	x17,x9,x23	  x9:0x00000000 x23:0xfffffffd x17=0xfffffffd
      76595.000 ns	      7658	80001c2c	40d9dc93	srai	x25,x19,0xd	 x19:0xfc31c41b x25=0xffffe18e
      76605.000 ns	      7659	80001c30	009303b3	add	x7,x6,x9	  x6:0x00000001  x9:0x00000000  x7=0x00000001
      76965.000 ns	      7695	80001c34	038d4433	div	x8,x26,x24	 x26:0x047ffff3 x24:0xe91c7207  x8=0x00000000
      76995.000 ns	      7698	80001c38	20278653	fsgnj.s	f12,f15,f2	 f15:0x4eaf05d6  f2:0x7f800000 f12=0x4eaf05d6
      77015.000 ns	      7700	80001c3c	0105c233	xor	x4,x11,x16	 x11:0xe0000000 x16:0x00000000  x4=0xe0000000
      77025.000 ns	      7701	80001c40	40a45cb3	sra	x25,x8,x10	  x8:0x00000000 x10:0x7341283a x25=0x00000000
      77035.000 ns	      7702	80001c44	00579233	sll	x4,x15,x5	 x15:0xffffffff  x5:0x00000000  x4=0xffffffff
      77045.000 ns	      7703	80001c48	016b9b13	slli	x22,x23,0x16	 x23:0xfffffffd x22=0xff400000
      77065.000 ns	      7705	80001c4c	a11a1bd3	flt.s	x23,f20,f17	 f20:0x35167196 f17:0x5b316888 x23=0x00000001
      77085.000 ns	      7707	80001c50	003db5b3	sltu	x11,x27,x3	 x27:0x80041024  x3:0x00000000 x11=0x00000000
      77105.000 ns	      7709	80001c54	0283a833	mulhsu	x16,x7,x8	  x7:0x00000001  x8:0x00000000 x16=0x00000000
      77145.000 ns	      7713	80001c58	11067753	fmul.s	f14,f12,f16	 f12:0x4eaf05d6 f16:0x54462594 f14=0x63877835
      77165.000 ns	      7715	80001c5c	01a362b3	or	x5,x6,x26	  x6:0x00000001 x26:0x047ffff3  x5=0x047ffff3
      77185.000 ns	      7717	80001c60	f00304d3	fmv.w.x	f9,x6	  x6:0x00000001  f9=0x00000001
      77215.000 ns	      7720	80001c64	29210b53	fmin.s	f22,f2,f18	  f2:0x7f800000 f18:0xc4360000 f22=0xc4360000
      77235.000 ns	      7722	80001c68	9c310913	addi	x18,x2,-1597	  x2:0xffffffff x18=0xfffff9c2
      77245.000 ns	      7723	80001c6c	385dc397	auipc	x7,0x385dc	  x7=0xb85ddc6c
      77275.000 ns	      7726	80001c70	10a5f553	fmul.s	f10,f11,f10	 f11:0x7fc00000 f10:0x00000000 f10=0x7fc00000
      77645.000 ns	      7763	80001c74	0324cd33	div	x26,x9,x18	  x9:0x00000000 x18:0xfffff9c2 x26=0x00000000
      77685.000 ns	      7767	80001c78	5805fbd3	fsqrt.s	f23,f11	 f11:0x7fc00000 f23=0x7fc00000
      77715.000 ns	      7770	80001c7c	d01370d3	fcvt.s.wu	f1,x6	  x6:0x00000001  f1=0x3f800000
      77745.000 ns	      7773	80001c80	a0ac0cd3	fle.s	x25,f24,f10	 f24:0x00000000 f10:0x7fc00000 x25=0x00000000
      78115.000 ns	      7810	80001c84	031fee33	rem	x28,x31,x17	 x31:0xb989b000 x17:0xfffffffd x28=0xffffffff
      78135.000 ns	      7812	80001c88	00da3bb3	sltu	x23,x20,x13	 x20:0x80040fe4 x13:0xe67b0000 x23=0x00000001
      78145.000 ns	      7813	80001c8c	8741e593	ori	x11,x3,-1932	  x3:0x00000000 x11=0xfffff874
      78155.000 ns	      7814	80001c90	012aaf33	slt	x30,x21,x18	 x21:0xfffffffc x18:0xfffff9c2 x30=0x00000000
      78515.000 ns	      7850	80001c94	02297533	remu	x10,x18,x2	 x18:0xfffff9c2  x2:0xffffffff x10=0xfffff9c2
      78565.000 ns	      7855	80001c98	086472d3	fsub.s	f5,f8,f6	  f8:0x7fc00000  f6:0x7fc00000  f5=0x7fc00000
      78585.000 ns	      7857	80001c9c	004d1f13	slli	x30,x26,0x4	 x26:0x00000000 x30=0x00000000
      78605.000 ns	      7859	80001ca0	20bd2353	fsgnjx.s	f6,f26,f11	 f26:0x7fc00000 f11:0x7fc00000  f6=0x7fc00000
      78625.000 ns	      7861	80001ca4	b901c813	xori	x16,x3,-1136	  x3:0x00000000 x16=0xfffffb90
      78985.000 ns	      7897	80001ca8	021f7cb3	remu	x25,x30,x1	 x30:0x00000000  x1:0x7fffffff x25=0x00000000
      79005.000 ns	      7899	80001cac	6dc6e213	ori	x4,x13,1756	 x13:0xe67b0000  x4=0xe67b06dc
      79015.000 ns	      7900	80001cb0	4a7800b7	lui	x1,0x4a780	  x1=0x4a780000
      79035.000 ns	      7902	80001cb4	20df9d53	fsgnjn.s	f26,f31,f13	 f31:0x4f7ffffe f13:0x7fc00000 f26=0xcf7ffffe
      79065.000 ns	      7905	80001cb8	29668dd3	fmin.s	f27,f13,f22	 f13:0x7fc00000 f22:0xc4360000 f27=0xc4360000
      79085.000 ns	      7907	80001cbc	00f5d693	srli	x13,x11,0xf	 x11:0xfffff874 x13=0x0001ffff
      79105.000 ns	      7909	80001cc0	024e04b3	mul	x9,x28,x4	 x28:0xffffffff  x4:0xe67b06dc  x9=0x1984f924
      79125.000 ns	      7911	80001cc4	01c987b3	add	x15,x19,x28	 x19:0xfc31c41b x28:0xffffffff x15=0xfc31c41a
      79135.000 ns	      7912	80001cc8	00464533	xor	x10,x12,x4	 x12:0xffffffff  x4:0xe67b06dc x10=0x1984f923
      79145.000 ns	      7913	80001ccc	00000013	addi	x0,x0,0	  x0:0x00000000
      79165.000 ns	      7915	80001cd0	e0099cd3	fclass.s	x25,f19	 f19:0xce620000 x25=0x00000002
      79185.000 ns	      7917	80001cd4	001d9233	sll	x4,x27,x1	 x27:0x80041024  x1:0x4a780000  x4=0x80041024
      79205.000 ns	      7919	80001cd8	29888fd3	fmin.s	f31,f17,f24	 f17:0x5b316888 f24:0x00000000 f31=0x00000000
      79225.000 ns	      7921	80001cdc	40a2d8b3	sra	x17,x5,x10	  x5:0x047ffff3 x10:0x1984f923 x17=0x008ffffe
      79245.000 ns	      7923	80001ce0	034a8d33	mul	x26,x21,x20	 x21:0xfffffffc x20:0x80040fe4 x26=0xffefc070
      79265.000 ns	      7925	80001ce4	01b3bc33	sltu	x24,x7,x27	  x7:0xb85ddc6c x27:0x80041024 x24=0x00000000
      79625.000 ns	      7961	80001ce8	0359e233	rem	x4,x19,x21	 x19:0xfc31c41b x21:0xfffffffc  x4=0xffffffff
      79675.000 ns	      7966	80001cec	017d9dd3	fadd.s	f27,f27,f23	 f27:0xc4360000 f23:0x7fc00000 f27=0x7fc00000
      79695.000 ns	      7968	80001cf0	0132c3b3	xor	x7,x5,x19	  x5:0x047ffff3 x19:0xfc31c41b  x7=0xf84e3be8
      79705.000 ns	      7969	80001cf4	86180c13	addi	x24,x16,-1951	 x16:0xfffffb90 x24=0xfffff3f1
      80065.000 ns	      8005	80001cf8	036d51b3	divu	x3,x26,x22	 x26:0xffefc070 x22:0xff400000  x3=0x00000001
      80105.000 ns	      8009	80001cfc	111bf553	fmul.s	f10,f23,f17	 f23:0x7fc00000 f17:0x5b316888 f10=0x7fc00000
      80125.000 ns	      8011	80001d00	01fc57b3	srl	x15,x24,x31	 x24:0xfffff3f1 x31:0xb989b000 x15=0xfffff3f1
      80135.000 ns	      8012	80001d04	00a53133	sltu	x2,x10,x10	 x10:0x1984f923 x10:0x1984f923  x2=0x00000000
      80155.000 ns	      8014	80001d08	290e9cd3	fmax.s	f25,f29,f16	 f29:0x00000000 f16:0x54462594 f25=0x54462594
      80175.000 ns	      8016	80001d0c	213ff013	andi	x0,x31,531	 x31:0xb989b000
      80185.000 ns	      8017	80001d10	010862b3	or	x5,x16,x16	 x16:0xfffffb90 x16:0xfffffb90  x5=0xfffffb90
      80205.000 ns	      8019	80001d14	a1180e53	fle.s	x28,f16,f17	 f16:0x54462594 f17:0x5b316888 x28=0x00000001
      80235.000 ns	      8022	80001d18	21e82ad3	fsgnjx.s	f21,f16,f30	 f16:0x54462594 f30:0xfc31c41b f21=0xd4462594
      80265.000 ns	      8025	80001d1c	d0037ed3	fcvt.s.w	f29,x6	  x6:0x00000001 f29=0x3f800000
      80285.000 ns	      8027	80001d20	401bde13	srai	x28,x23,0x1	 x23:0x00000001 x28=0x00000000
      80295.000 ns	      8028	80001d24	007731b3	sltu	x3,x14,x7	 x14:0x80040fe3  x7:0xf84e3be8  x3=0x00000001
      80315.000 ns	      8030	80001d28	026e85b3	mul	x11,x29,x6	 x29:0x00000000  x6:0x00000001 x11=0x00000000
      80345.000 ns	      8033	80001d2c	e0038ad3	fmv.x.w	x21,f7	  f7:0x54462594 x21=0x54462594
      80365.000 ns	      8035	80001d30	007440b3	xor	x1,x8,x7	  x8:0x00000000  x7:0xf84e3be8  x1=0xf84e3be8
      80385.000 ns	      8037	80001d34	a12c0653	fle.s	x12,f24,f18	 f24:0x00000000 f18:0xc4360000 x12=0x00000000
      80405.000 ns	      8039	80001d38	40da5bb3	sra	x23,x20,x13	 x20:0x80040fe4 x13:0x0001ffff x23=0xffffffff
      80415.000 ns	      8040	80001d3c	5b9a6617	auipc	x12,0x5b9a6	 x12=0xdb9a7d3c
      80425.000 ns	      8041	80001d40	01c6b533	sltu	x10,x13,x28	 x13:0x0001ffff x28:0x00000000 x10=0x00000000
      80435.000 ns	      8042	80001d44	fe602593	slti	x11,x0,-26	  x0:0x00000000 x11=0x00000000
      80455.000 ns	      8044	80001d48	208b2ad3	fsgnjx.s	f21,f22,f8	 f22:0xc4360000  f8:0x7fc00000 f21=0xc4360000
      80825.000 ns	      8081	80001d4c	038deeb3	rem	x29,x27,x24	 x27:0x80041024 x24:0xfffff3f1 x29=0xfffff805
      80845.000 ns	      8083	80001d50	010a5d13	srli	x26,x20,0x10	 x20:0x80040fe4 x26=0x00008004
      80875.000 ns	      8086	80001d54	18284153	fdiv.s	f2,f16,f2	 f16:0x54462594  f2:0x7f800000  f2=0x00000000
      80895.000 ns	      8088	80001d58	00b88ab3	add	x21,x17,x11	 x17:0x008ffffe x11:0x00000000 x21=0x008ffffe
      80915.000 ns	      8090	80001d5c	c00ffb53	fcvt.w.s	x22,f31	 f31:0x00000000 x22=0x00000000
      80945.000 ns	      8093	80001d60	d006f1d3	fcvt.s.w	f3,x13	 x13:0x0001ffff  f3=0x47ffff80
      80965.000 ns	      8095	80001d64	987ae8b7	lui	x17,0x987ae	 x17=0x987ae000
      81295.000 ns	      8128	80001d68	199f0dd3	fdiv.s	f27,f30,f25	 f30:0xfc31c41b f25:0x54462594 f27=0xe731c41c
      81315.000 ns	      8130	80001d6c	00000013	addi	x0,x0,0	  x0:0x00000000
      81325.000 ns	      8131	80001d70	41508f33	sub	x30,x1,x21	  x1:0xf84e3be8 x21:0x008ffffe x30=0xf7be3bea
      81345.000 ns	      8133	80001d74	033511b3	mulh	x3,x10,x19	 x10:0x00000000 x19:0xfc31c41b  x3=0x00000000
      81375.000 ns	      8136	80001d78	030734b3	mulhu	x9,x14,x16	 x14:0x80040fe3 x16:0xfffffb90  x9=0x80040daa
      81415.000 ns	      8140	80001d7c	19b179d3	fdiv.s	f19,f2,f27	  f2:0x00000000 f27:0xe731c41c f19=0x80000000
      82595.000 ns	      8258	80001d80	580ef053	fsqrt.s	f0,f29	 f29:0x3f800000  f0=0x3f7fffae
      82935.000 ns	      8292	80001d84	1874f353	fdiv.s	f6,f9,f7	  f9:0x00000001  f7:0x54462594  f6=0x00000000
      82955.000 ns	      8294	80001d88	da822293	slti	x5,x4,-600	  x4:0xffffffff  x5=0x00000000
      82975.000 ns	      8296	80001d8c	e0030453	fmv.x.w	x8,f6	  f6:0x00000000  x8=0x00000000
      82995.000 ns	      8298	80001d90	80bcc013	xori	x0,x25,-2037	 x25:0x00000002
      83015.000 ns	      8300	80001d94	28001353	fmax.s	f6,f0,f0	  f0:0x3f7fffae  f0:0x3f7fffae  f6=0x3f7fffae
      83035.000 ns	      8302	80001d98	003dbab3	sltu	x21,x27,x3	 x27:0x80041024  x3:0x00000000 x21=0x00000000
      83075.000 ns	      8306	80001d9c	01ba7c53	fadd.s	f24,f20,f27	 f20:0x35167196 f27:0xe731c41c f24=0xe731c41c
      83095.000 ns	      8308	80001da0	013da233	slt	x4,x27,x19	 x27:0x80041024 x19:0xfc31c41b  x4=0x00000001
      83115.000 ns	      8310	80001da4	205c0a53	fsgnj.s	f20,f24,f5	 f24:0xe731c41c  f5:0x7fc00000 f20=0x6731c41c
      83145.000 ns	      8313	80001da8	03020eb3	mul	x29,x4,x16	  x4:0xffffffff x16:0xfffffb90 x29=0xfffffb90
      83165.000 ns	      8315	80001dac	5f342693	slti	x13,x8,1523	  x8:0x00000000 x13=0x00000001
      83185.000 ns	      8317	80001db0	e0091f53	fclass.s	x30,f18	 f18:0xc4360000 x30=0x00000002
      83205.000 ns	      8319	80001db4	007f6cb3	or	x25,x30,x7	 x30:0xf7be3bea  x7:0xf84e3be8 x25=0xf84e3bea
      83225.000 ns	      8321	80001db8	03ffbe33	mulhu	x28,x31,x31	 x31:0xb989b000 x31:0xb989b000 x28=0x86784a6d
      83595.000 ns	      8358	80001dbc	03d5f833	remu	x16,x11,x29	 x11:0x00000000 x29:0xfffffb90 x16=0x00000000
      83625.000 ns	      8361	80001dc0	28910353	fmin.s	f6,f2,f9	  f2:0x00000000  f9:0x00000001  f6=0x00000000
      83645.000 ns	      8363	80001dc4	139fd597	auipc	x11,0x139fd	 x11=0x939fedc4
      83655.000 ns	      8364	80001dc8	015c3633	sltu	x12,x24,x21	 x24:0xfffff3f1 x21:0x00000000 x12=0x00000000
      83665.000 ns	      8365	80001dcc	01e5c533	xor	x10,x11,x30	 x11:0x00000000 x30:0x00000002 x10=0x939fedc6
      83675.000 ns	      8366	80001dd0	01e21793	slli	x15,x4,0x1e	  x4:0x00000001 x15=0x40000000
      83685.000 ns	      8367	80001dd4	0148eeb3	or	x29,x17,x20	 x17:0x987ae000 x20:0x80040fe4 x29=0x987eefe4
      83695.000 ns	      8368	80001dd8	4146d913	srai	x18,x13,0x14	 x13:0x00000001 x18=0x00000000
      83715.000 ns	      8370	80001ddc	023b5233	divu	x4,x22,x3	 x22:0x00000000  x3:0x00000000  x4=0xffffffff
      83735.000 ns	      8372	80001de0	f2727c17	auipc	x24,0xf2727	 x24=0x72728de0
      83755.000 ns	      8374	80001de4	0208a6b3	mulhsu	x13,x17,x0	 x17:0x987ae000  x0:0x00000000 x13=0x00000000
      83775.000 ns	      8376	80001de8	015352b3	srl	x5,x6,x21	  x6:0x00000001 x21:0x00000000  x5=0x00000001
      84135.000 ns	      8412	80001dec	031177b3	remu	x15,x2,x17	  x2:0x00000000 x17:0x987ae000 x15=0x00000000
      84165.000 ns	      8415	80001df0	03648733	mul	x14,x9,x22	  x9:0x80040daa x22:0x00000000 x14=0x00000000
      84205.000 ns	      8419	80001df4	58050353	fsqrt.s	f6,f10	 f10:0x7fc00000  f6=0x7fc00000
      84235.000 ns	      8422	80001df8	0255abb3	mulhsu	x23,x11,x5	 x11:0x939fedc4  x5:0x00000001 x23=0xffffffff
      84265.000 ns	      8425	80001dfc	02c64233	div	x4,x12,x12	 x12:0x00000000 x12:0x00000000  x4=0xffffffff
      84285.000 ns	      8427	80001e00	00b30b33	add	x22,x6,x11	  x6:0x00000001 x11:0x939fedc4 x22=0x939fedc5
      84305.000 ns	      8429	80001e04	21de28d3	fsgnjx.s	f17,f28,f29	 f28:0x44284000 f29:0x3f800000 f17=0x44284000
      84325.000 ns	      8431	80001e08	59458f37	lui	x30,0x59458	 x30=0x59458000
      84335.000 ns	      8432	80001e0c	9febe337	lui	x6,0x9febe	  x6=0x9febe000
      84345.000 ns	      8433	80001e10	71fc8e93	addi	x29,x25,1823	 x25:0xf84e3bea x29=0xf84e4309
      84675.000 ns	      8466	80001e14	18f1ced3	fdiv.s	f29,f3,f15	  f3:0x47ffff80 f15:0x4eaf05d6 f29=0x387fff80
      84705.000 ns	      8469	80001e18	a17ea0d3	feq.s	x1,f29,f23	 f29:0x3f800000 f23:0x7fc00000  x1=0x00000000
      84725.000 ns	      8471	80001e1c	a606e893	ori	x17,x13,-1440	 x13:0x00000000 x17=0xfffffa60
      84735.000 ns	      8472	80001e20	4d094913	xori	x18,x18,1232	 x18:0x00000000 x18=0x000004d0
      84745.000 ns	      8473	80001e24	40b28833	sub	x16,x5,x11	  x5:0x00000001 x11:0x939fedc4 x16=0x6c60123d
      84765.000 ns	      8475	80001e28	0238b7b3	mulhu	x15,x17,x3	 x17:0xfffffa60  x3:0x00000000 x15=0x00000000
      84785.000 ns	      8477	80001e2c	00b66d33	or	x26,x12,x11	 x12:0x00000000 x11:0x939fedc4 x26=0x939fedc4
      84795.000 ns	      8478	80001e30	00065b13	srli	x22,x12,0x0	 x12:0x00000000 x22=0x00000000
      84815.000 ns	      8480	80001e34	e00898d3	fclass.s	x17,f17	 f17:0x44284000 x17=0x00000040
      84845.000 ns	      8483	80001e38	298d10d3	fmax.s	f1,f26,f24	 f26:0xcf7ffffe f24:0xe731c41c  f1=0xcf7ffffe
      84865.000 ns	      8485	80001e3c	84ee8e13	addi	x28,x29,-1970	 x29:0xf84e4309 x28=0xf84e3b57
      84875.000 ns	      8486	80001e40	41e5d933	sra	x18,x11,x30	 x11:0x939fedc4 x30:0x59458000 x18=0x939fedc4
      84905.000 ns	      8489	80001e44	10b9b753	fmul.s	f14,f19,f11	 f19:0x80000000 f11:0x7fc00000 f14=0x7fc00000
      84925.000 ns	      8491	80001e48	00000013	addi	x0,x0,0	  x0:0x00000000
      84945.000 ns	      8493	80001e4c	29c41dd3	fmax.s	f27,f8,f28	  f8:0x7fc00000 f28:0x44284000 f27=0x44284000
      84965.000 ns	      8495	80001e50	315d8313	addi	x6,x27,789	 x27:0x80041024  x6=0x80041339
      85325.000 ns	      8531	80001e54	037e68b3	rem	x17,x28,x23	 x28:0xf84e3b57 x23:0xffffffff x17=0x00000000
      85345.000 ns	      8533	80001e58	4014d533	sra	x10,x9,x1	  x9:0x80040daa  x1:0x00000000 x10=0x80040daa
      85365.000 ns	      8535	80001e5c	030c9fb3	mulh	x31,x25,x16	 x25:0xf84e3bea x16:0x6c60123d x31=0xfcbe1e10
      85385.000 ns	      8537	80001e60	41668d33	sub	x26,x13,x22	 x13:0x00000000 x22:0x00000000 x26=0x00000000
      85405.000 ns	      8539	80001e64	c018b253	fcvt.wu.s	x4,f17	 f17:0x44284000  x4=0x000002a1
      85435.000 ns	      8542	80001e68	d01efed3	fcvt.s.wu	f29,x29	 x29:0xf84e4309 f29=0x4f784e43
      85455.000 ns	      8544	80001e6c	b9530593	addi	x11,x6,-1131	  x6:0x80041339 x11=0x80040ece
      85465.000 ns	      8545	80001e70	4077d7b3	sra	x15,x15,x7	 x15:0x00000000  x7:0xf84e3be8 x15=0x00000000
      85475.000 ns	      8546	80001e74	0048dc13	srli	x24,x17,0x4	 x17:0x00000000 x24=0x00000000
      85485.000 ns	      8547	80001e78	0059c833	xor	x16,x19,x5	 x19:0xfc31c41b  x5:0x00000001 x16=0xfc31c41a
      85505.000 ns	      8549	80001e7c	a1ed96d3	flt.s	x13,f27,f30	 f27:0x44284000 f30:0xfc31c41b x13=0x00000000
      85535.000 ns	      8552	80001e80	02798d33	mul	x26,x19,x7	 x19:0xfc31c41b  x7:0xf84e3be8 x26=0xed85f178
      85565.000 ns	      8555	80001e84	0358d233	divu	x4,x17,x21	 x17:0x00000000 x21:0x00000000  x4=0xffffffff
      85935.000 ns	      8592	80001e88	03dd4e33	div	x28,x26,x29	 x26:0xed85f178 x29:0xf84e4309 x28=0x00000002
      85965.000 ns	      8595	80001e8c	e0018fd3	fmv.x.w	x31,f3	  f3:0x47ffff80 x31=0x47ffff80
      85985.000 ns	      8597	80001e90	12920b13	addi	x22,x4,297	  x4:0xffffffff x22=0x00000128
      86005.000 ns	      8599	80001e94	029b9133	mulh	x2,x23,x9	 x23:0xffffffff  x9:0x80040daa  x2=0x00000000
      86025.000 ns	      8601	80001e98	5341a193	slti	x3,x3,1332	  x3:0x00000000  x3=0x00000001
      86045.000 ns	      8603	80001e9c	a100a953	feq.s	x18,f1,f16	  f1:0xcf7ffffe f16:0x54462594 x18=0x00000000
      86075.000 ns	      8606	80001ea0	d01c8953	fcvt.s.wu	f18,x25	 x25:0xf84e3bea f18=0x4f784e3c
      86095.000 ns	      8608	80001ea4	50cdee93	ori	x29,x27,1292	 x27:0x80041024 x29=0x8004152c
      86115.000 ns	      8610	80001ea8	027fa5b3	mulhsu	x11,x31,x7	 x31:0x47ffff80  x7:0xf84e3be8 x11=0x45d6005d
      86155.000 ns	      8614	80001eac	580d7853	fsqrt.s	f16,f26	 f26:0xcf7ffffe f16=0x7fc00000
      86185.000 ns	      8617	80001eb0	29421953	fmax.s	f18,f4,f20	  f4:0x7fc00000 f20:0x6731c41c f18=0x6731c41c
      86215.000 ns	      8620	80001eb4	026902b3	mul	x5,x18,x6	 x18:0x00000000  x6:0x80041339  x5=0x00000000
      86235.000 ns	      8622	80001eb8	40b75213	srai	x4,x14,0xb	 x14:0x00000000  x4=0x00000000
      86245.000 ns	      8623	80001ebc	41f0de13	srai	x28,x1,0x1f	  x1:0x00000000 x28=0x00000000
      86605.000 ns	      8659	80001ec0	036dc1b3	div	x3,x27,x22	 x27:0x80041024 x22:0x00000128  x3=0xff914fa0
      86625.000 ns	      8661	80001ec4	01b231b3	sltu	x3,x4,x27	  x4:0x00000000 x27:0x80041024  x3=0x00000001
      86955.000 ns	      8694	80001ec8	194d75d3	fdiv.s	f11,f26,f20	 f26:0xcf7ffffe f20:0x6731c41c f11=0xa77ffffe
      86975.000 ns	      8696	80001ecc	414a51b3	sra	x3,x20,x20	 x20:0x80040fe4 x20:0x80040fe4  x3=0xf80040fe
      86995.000 ns	      8698	80001ed0	032f37b3	mulhu	x15,x30,x18	 x30:0x59458000 x18:0x00000000 x15=0x00000000
      87025.000 ns	      8701	80001ed4	024f26b3	mulhsu	x13,x30,x4	 x30:0x59458000  x4:0x00000000 x13=0x00000000
      87055.000 ns	      8704	80001ed8	02d1ad33	mulhsu	x26,x3,x13	  x3:0xf80040fe x13:0x00000000 x26=0x00000000
      87075.000 ns	      8706	80001edc	1718f793	andi	x15,x17,369	 x17:0x00000000 x15=0x00000000
      87085.000 ns	      8707	80001ee0	015e94b3	sll	x9,x29,x21	 x29:0x8004152c x21:0x00000000  x9=0x8004152c
      87095.000 ns	      8708	80001ee4	408ed293	srai	x5,x29,0x8	 x29:0x8004152c  x5=0xff800415
      87105.000 ns	      8709	80001ee8	fdc4ec93	ori	x25,x9,-36	  x9:0x80040daa x25=0xfffffffc
      87115.000 ns	      8710	80001eec	007142b3	xor	x5,x2,x7	  x2:0x00000000  x7:0xf84e3be8  x5=0xf84e3be8
      87135.000 ns	      8712	80001ef0	200f1053	fsgnjn.s	f0,f30,f0	 f30:0xfc31c41b  f0:0x3f7fffae  f0=0xfc31c41b
      87155.000 ns	      8714	80001ef4	b5c0b513	sltiu	x10,x1,-1188	  x1:0x00000000 x10=0x00000001
      87175.000 ns	      8716	80001ef8	20668553	fsgnj.s	f10,f13,f6	 f13:0x7fc00000  f6:0x7fc00000 f10=0x7fc00000
      87205.000 ns	      8719	80001efc	030c2233	mulhsu	x4,x24,x16	 x24:0x00000000 x16:0xfc31c41a  x4=0x00000000
      87235.000 ns	      8722	80001f00	a10d23d3	feq.s	x7,f26,f16	 f26:0xcf7ffffe f16:0x7fc00000  x7=0x00000000
      87255.000 ns	      8724	80001f04	010741b3	xor	x3,x14,x16	 x14:0x00000000 x16:0xfc31c41a  x3=0xfc31c41a
      87265.000 ns	      8725	80001f08	143bcd13	xori	x26,x23,323	 x23:0xffffffff x26=0xfffffebc
      87285.000 ns	      8727	80001f0c	205b2353	fsgnjx.s	f6,f22,f5	 f22:0xc4360000  f5:0x7fc00000  f6=0xc4360000
      87315.000 ns	      8730	80001f10	c00b7153	fcvt.w.s	x2,f22	 f22:0xc4360000  x2=0x000002d8
      87335.000 ns	      8732	80001f14	40ba5533	sra	x10,x20,x11	 x20:0x80040fe4 x11:0x45d6005d x10=0xfffffffc
      87345.000 ns	      8733	80001f18	017ef3b3	and	x7,x29,x23	 x29:0x8004152c x23:0xffffffff  x7=0x8004152c
      87355.000 ns	      8734	80001f1c	0122e6b3	or	x13,x5,x18	  x5:0xf84e3be8 x18:0x00000000 x13=0xf84e3be8
      87375.000 ns	      8736	80001f20	d00f9853	fcvt.s.w	f16,x31	 x31:0x47ffff80 f16=0x4e8fffff
      87405.000 ns	      8739	80001f24	d00c15d3	fcvt.s.w	f11,x24	 x24:0x00000000 f11=0x00000000
      87435.000 ns	      8742	80001f28	0246c933	div	x18,x13,x4	 x13:0xf84e3be8  x4:0x00000000 x18=0xffffffff
      87475.000 ns	      8746	80001f2c	1815a8d3	fdiv.s	f17,f11,f1	 f11:0x00000000  f1:0xcf7ffffe f17=0x80000000
      87505.000 ns	      8749	80001f30	02f083b3	mul	x7,x1,x15	  x1:0x00000000 x15:0x00000000  x7=0x00000000
      87555.000 ns	      8754	80001f34	01b1b053	fadd.s	f0,f3,f27	  f3:0x47ffff80 f27:0x44284000  f0=0x4800a800
      87925.000 ns	      8791	80001f38	02ab5eb3	divu	x29,x22,x10	 x22:0x00000128 x10:0xfffffffc x29=0x00000000
      87945.000 ns	      8793	80001f3c	01dc7e33	and	x28,x24,x29	 x24:0x00000000 x29:0x8004152c x28=0x00000000
      87975.000 ns	      8796	80001f40	19f30853	fdiv.s	f16,f6,f31	  f6:0xc4360000 f31:0x00000000 f16=0xff800000
      87995.000 ns	      8798	80001f44	dc0912b7	lui	x5,0xdc091	  x5=0xdc091000
      88005.000 ns	      8799	80001f48	11672a97	auipc	x21,0x11672	 x21=0x91673f48
      88025.000 ns	      8801	80001f4c	02cc84b3	mul	x9,x25,x12	 x25:0xfffffffc x12:0x00000000  x9=0x00000000
      88045.000 ns	      8803	80001f50	00000013	addi	x0,x0,0	  x0:0x00000000
      88065.000 ns	      8805	80001f54	03c9d2b3	divu	x5,x19,x28	 x19:0xfc31c41b x28:0x00000000  x5=0xffffffff
      88085.000 ns	      8807	80001f58	b372cf13	xori	x30,x5,-1225	  x5:0xdc091000 x30=0x000004c8
      88115.000 ns	      8810	80001f5c	5800a953	fsqrt.s	f18,f1	  f1:0xcf7ffffe f18=0x7fc00000
      88145.000 ns	      8813	80001f60	29df8d53	fmin.s	f26,f31,f29	 f31:0x00000000 f29:0x4f784e43 f26=0x00000000
      88175.000 ns	      8816	80001f64	f0008353	fmv.w.x	f6,x1	  x1:0x00000000  f6=0x00000000
      88205.000 ns	      8819	80001f68	c01d4453	fcvt.wu.s	x8,f26	 f26:0x00000000  x8=0x00000000
      88225.000 ns	      8821	80001f6c	1adebfb7	lui	x31,0x1adeb	 x31=0x1adeb000
      88245.000 ns	      8823	80001f70	294c8a53	fmin.s	f20,f25,f20	 f25:0x54462594 f20:0x6731c41c f20=0x54462594
      88265.000 ns	      8825	80001f74	5f114613	xori	x12,x2,1521	  x2:0x000002d8 x12=0x00000729
      88275.000 ns	      8826	80001f78	00000013	addi	x0,x0,0	  x0:0x00000000
      88635.000 ns	      8862	80001f7c	022d5f33	divu	x30,x26,x2	 x26:0xfffffebc  x2:0x000002d8 x30=0x005a059f
      88655.000 ns	      8864	80001f80	01dc6733	or	x14,x24,x29	 x24:0x00000000 x29:0x00000000 x14=0x00000000
      88665.000 ns	      8865	80001f84	40648833	sub	x16,x9,x6	  x9:0x00000000  x6:0x80041339 x16=0x7ffbecc7
      88685.000 ns	      8867	80001f88	c0003853	fcvt.w.s	x16,f0	  f0:0x4800a800 x16=0x000202a0
      88735.000 ns	      8872	80001f8c	088b91d3	fsub.s	f3,f23,f8	 f23:0x7fc00000  f8:0x7fc00000  f3=0x7fc00000
      88765.000 ns	      8875	80001f90	e0069c53	fclass.s	x24,f13	 f13:0x7fc00000 x24=0x00000200
      88795.000 ns	      8878	80001f94	e0040353	fmv.x.w	x6,f8	  f8:0x7fc00000  x6=0x7fc00000
      88825.000 ns	      8881	80001f98	21c888d3	fsgnj.s	f17,f17,f28	 f17:0x80000000 f28:0x44284000 f17=0x00000000
      88845.000 ns	      8883	80001f9c	e4296b13	ori	x22,x18,-446	 x18:0xffffffff x22=0xffffffff
      88865.000 ns	      8885	80001fa0	027d9233	mulh	x4,x27,x7	 x27:0x80041024  x7:0x00000000  x4=0x00000000
      88895.000 ns	      8888	80001fa4	20b7acd3	fsgnjx.s	f25,f15,f11	 f15:0x4eaf05d6 f11:0x00000000 f25=0x4eaf05d6
      88925.000 ns	      8891	80001fa8	0220a433	mulhsu	x8,x1,x2	  x1:0x00000000  x2:0x000002d8  x8=0x00000000
      88955.000 ns	      8894	80001fac	c0057e53	fcvt.w.s	x28,f10	 f10:0x7fc00000 x28=0x7fffffff
      88975.000 ns	      8896	80001fb0	00000013	addi	x0,x0,0	  x0:0x00000000
      88985.000 ns	      8897	80001fb4	00ce1b33	sll	x22,x28,x12	 x28:0x7fffffff x12:0x00000729 x22=0xfffffe00
      88995.000 ns	      8898	80001fb8	00955933	srl	x18,x10,x9	 x10:0xfffffffc  x9:0x00000000 x18=0xfffffffc
      89035.000 ns	      8902	80001fbc	09edb3d3	fsub.s	f7,f27,f30	 f27:0x44284000 f30:0xfc31c41b  f7=0x7c31c41b
      89065.000 ns	      8905	80001fc0	02a68333	mul	x6,x13,x10	 x13:0xf84e3be8 x10:0xfffffffc  x6=0x1ec71060
      89085.000 ns	      8907	80001fc4	89532493	slti	x9,x6,-1899	  x6:0x7fc00000  x9=0x00000000
      89095.000 ns	      8908	80001fc8	9c4c8d13	addi	x26,x25,-1596	 x25:0xfffffffc x26=0xfffff9c0
      89115.000 ns	      8910	80001fcc	03292233	mulhsu	x4,x18,x18	 x18:0xfffffffc x18:0xfffffffc  x4=0xfffffffc
      89135.000 ns	      8912	80001fd0	019de633	or	x12,x27,x25	 x27:0x80041024 x25:0xfffffffc x12=0xfffffffc
      89155.000 ns	      8914	80001fd4	038a1033	mulh	x0,x20,x24	 x20:0x80040fe4 x24:0x00000200
      89185.000 ns	      8917	80001fd8	28019953	fmax.s	f18,f3,f0	  f3:0x7fc00000  f0:0x4800a800 f18=0x4800a800
      89215.000 ns	      8920	80001fdc	29541cd3	fmax.s	f25,f8,f21	  f8:0x7fc00000 f21:0xc4360000 f25=0xc4360000
      89235.000 ns	      8922	80001fe0	01d162b3	or	x5,x2,x29	  x2:0x000002d8 x29:0x00000000  x5=0x000002d8
      89255.000 ns	      8924	80001fe4	211d04d3	fsgnj.s	f9,f26,f17	 f26:0x00000000 f17:0x00000000  f9=0x00000000
      89625.000 ns	      8961	80001fe8	03b6c8b3	div	x17,x13,x27	 x13:0xf84e3be8 x27:0x80041024 x17=0x00000000
      89665.000 ns	      8965	80001fec	19302d53	fdiv.s	f26,f0,f19	  f0:0x4800a800 f19:0x80000000 f26=0xff800000
      89685.000 ns	      8967	80001ff0	c3cb8213	addi	x4,x23,-964	 x23:0xffffffff  x4=0xfffffc3b
      89695.000 ns	      8968	80001ff4	015b0233	add	x4,x22,x21	 x22:0xfffffe00 x21:0x91673f48  x4=0x91673d48
      89715.000 ns	      8970	80001ff8	02025fb3	divu	x31,x4,x0	  x4:0xfffffffc  x0:0x00000000 x31=0xffffffff
      89765.000 ns	      8975	80001ffc	007ca3d3	fadd.s	f7,f25,f7	 f25:0xc4360000  f7:0x7c31c41b  f7=0x7c31c41b
      89795.000 ns	      8978	80002000	d01377d3	fcvt.s.wu	f15,x6	  x6:0x1ec71060 f15=0x4df63883
      89825.000 ns	      8981	80002004	e0040353	fmv.x.w	x6,f8	  f8:0x7fc00000  x6=0x7fc00000
      89845.000 ns	      8983	80002008	0040d893	srli	x17,x1,0x4	  x1:0x00000000 x17=0x00000000
      89865.000 ns	      8985	8000200c	f0078553	fmv.w.x	f10,x15	 x15:0x00000000 f10=0x00000000
      89895.000 ns	      8988	80002010	200f9ad3	fsgnjn.s	f21,f31,f0	 f31:0x00000000  f0:0x4800a800 f21=0x80000000
      89925.000 ns	      8991	80002014	a1120bd3	fle.s	x23,f4,f17	  f4:0x7fc00000 f17:0x00000000 x23=0x00000000
      89955.000 ns	      8994	80002018	e00c90d3	fclass.s	x1,f25	 f25:0xc4360000  x1=0x00000002
      89985.000 ns	      8997	8000201c	029e9633	mulh	x12,x29,x9	 x29:0x00000000  x9:0x00000000 x12=0x00000000
      90005.000 ns	      8999	80002020	41bdd313	srai	x6,x27,0x1b	 x27:0x80041024  x6=0xfffffff0
      90015.000 ns	      9000	80002024	10e5f417	auipc	x8,0x10e5f	  x8=0x90e61024
      90035.000 ns	      9002	80002028	a0118ad3	fle.s	x21,f3,f1	  f3:0x7fc00000  f1:0xcf7ffffe x21=0x00000000
      90065.000 ns	      9005	8000202c	020a4033	div	x0,x20,x0	 x20:0x80040fe4  x0:0x00000000
      90085.000 ns	      9007	80002030	7477f593	andi	x11,x15,1863	 x15:0x00000000 x11=0x00000000
      90095.000 ns	      9008	80002034	1be56893	ori	x17,x10,446	 x10:0xfffffffc x17=0xfffffffe
      90105.000 ns	      9009	80002038	97724293	xori	x5,x4,-1673	  x4:0x91673d48  x5=0x6e98c43f
      90125.000 ns	      9011	8000203c	29d51953	fmax.s	f18,f10,f29	 f10:0x00000000 f29:0x4f784e43 f18=0x4f784e43
      90155.000 ns	      9014	80002040	20d20953	fsgnj.s	f18,f4,f13	  f4:0x7fc00000 f13:0x7fc00000 f18=0x7fc00000
      90185.000 ns	      9017	80002044	d00538d3	fcvt.s.w	f17,x10	 x10:0xfffffffc f17=0xc0800000
      90205.000 ns	      9019	80002048	964c4cb7	lui	x25,0x964c4	 x25=0x964c4000
      90215.000 ns	      9020	8000204c	96b48d13	addi	x26,x9,-1685	  x9:0x00000000 x26=0xfffff96b
      90225.000 ns	      9021	80002050	01acb533	sltu	x10,x25,x26	 x25:0xfffffffc x26:0xfffff9c0 x10=0x00000001
      90255.000 ns	      9024	80002054	10ddfdd3	fmul.s	f27,f27,f13	 f27:0x44284000 f13:0x7fc00000 f27=0x7fc00000
      90285.000 ns	      9027	80002058	a0da1153	flt.s	x2,f20,f13	 f20:0x54462594 f13:0x7fc00000  x2=0x00000000
      90335.000 ns	      9032	8000205c	0973b7d3	fsub.s	f15,f7,f23	  f7:0x7c31c41b f23:0x7fc00000 f15=0x7fc00000
      90365.000 ns	      9035	80002060	c0174153	fcvt.wu.s	x2,f14	 f14:0x7fc00000  x2=0xffffffff
      90385.000 ns	      9037	80002064	01cab6b3	sltu	x13,x21,x28	 x21:0x00000000 x28:0x7fffffff x13=0x00000001
      90395.000 ns	      9038	80002068	00077ab3	and	x21,x14,x0	 x14:0x00000000  x0:0x00000000 x21=0x00000000
      90755.000 ns	      9074	8000206c	023641b3	div	x3,x12,x3	 x12:0x00000000  x3:0xfc31c41a  x3=0x00000000
      90785.000 ns	      9077	80002070	c014f053	fcvt.wu.s	x0,f9	  f9:0x00000000
      90815.000 ns	      9080	80002074	29408653	fmin.s	f12,f1,f20	  f1:0xcf7ffffe f20:0x54462594 f12=0xcf7ffffe
      90835.000 ns	      9082	80002078	aa11f413	andi	x8,x3,-1375	  x3:0x00000000  x8=0x00000000
      90845.000 ns	      9083	8000207c	46ec7913	andi	x18,x24,1134	 x24:0x00000200 x18=0x00000000
      90855.000 ns	      9084	80002080	004e3433	sltu	x8,x28,x4	 x28:0x7fffffff  x4:0x91673d48  x8=0x00000001
      90865.000 ns	      9085	80002084	009b80b3	add	x1,x23,x9	 x23:0x00000000  x9:0x00000000  x1=0x00000000
      90885.000 ns	      9087	80002088	a1b2ad53	feq.s	x26,f5,f27	  f5:0x7fc00000 f27:0x7fc00000 x26=0x00000000
      90905.000 ns	      9089	8000208c	69256593	ori	x11,x10,1682	 x10:0x00000001 x11=0x00000693
      90915.000 ns	      9090	80002090	41110933	sub	x18,x2,x17	  x2:0xffffffff x17:0xfffffffe x18=0x00000001
      90925.000 ns	      9091	80002094	40695333	sra	x6,x18,x6	 x18:0x00000000  x6:0xfffffff0  x6=0x00000000
      90955.000 ns	      9094	80002098	18bc7053	fdiv.s	f0,f24,f11	 f24:0xe731c41c f11:0x00000000  f0=0xff800000
      90985.000 ns	      9097	8000209c	c00388d3	fcvt.w.s	x17,f7	  f7:0x7c31c41b x17=0x7fffffff
      91015.000 ns	      9100	800020a0	a14aa453	feq.s	x8,f21,f20	 f21:0x80000000 f20:0x54462594  x8=0x00000000
      91045.000 ns	      9103	800020a4	c00c13d3	fcvt.w.s	x7,f24	 f24:0xe731c41c  x7=0x80000000
      91065.000 ns	      9105	800020a8	0171f5b3	and	x11,x3,x23	  x3:0x00000000 x23:0x00000000 x11=0x00000000
      91075.000 ns	      9106	800020ac	8944bf13	sltiu	x30,x9,-1900	  x9:0x00000000 x30=0x00000001
      91095.000 ns	      9108	800020b0	218e16d3	fsgnjn.s	f13,f28,f24	 f28:0x44284000 f24:0xe731c41c f13=0x44284000
      91125.000 ns	      9111	800020b4	20858fd3	fsgnj.s	f31,f11,f8	 f11:0x00000000  f8:0x7fc00000 f31=0x00000000
      91155.000 ns	      9114	800020b8	21cc8253	fsgnj.s	f4,f25,f28	 f25:0xc4360000 f28:0x44284000  f4=0x44360000
      91175.000 ns	      9116	800020bc	40bad513	srai	x10,x21,0xb	 x21:0x00000000 x10=0x00000000
      91185.000 ns	      9117	800020c0	01c44fb3	xor	x31,x8,x28	  x8:0x00000000 x28:0x7fffffff x31=0x7fffffff
      91205.000 ns	      9119	800020c4	a0aa80d3	fle.s	x1,f21,f10	 f21:0x80000000 f10:0x00000000  x1=0x00000001
      91225.000 ns	      9121	800020c8	5de4d637	lui	x12,0x5de4d	 x12=0x5de4d000
      91235.000 ns	      9122	800020cc	0074a3b3	slt	x7,x9,x7	  x9:0x00000000  x7:0x80000000  x7=0x00000000
      91255.000 ns	      9124	800020d0	c01ffd53	fcvt.wu.s	x26,f31	 f31:0x00000000 x26=0x00000000
      91625.000 ns	      9161	800020d4	03f4e2b3	rem	x5,x9,x31	  x9:0x00000000 x31:0x7fffffff  x5=0x00000000
      91645.000 ns	      9163	800020d8	296bae13	slti	x28,x23,662	 x23:0x00000000 x28=0x00000001
      91665.000 ns	      9165	800020dc	03c4b4b3	mulhu	x9,x9,x28	  x9:0x00000000 x28:0x7fffffff  x9=0x00000000
      91685.000 ns	      9167	800020e0	7530f313	andi	x6,x1,1875	  x1:0x00000001  x6=0x00000001
      91695.000 ns	      9168	800020e4	00000013	addi	x0,x0,0	  x0:0x00000000
      91705.000 ns	      9169	800020e8	7db98613	addi	x12,x19,2011	 x19:0xfc31c41b x12=0xfc31cbf6
      91725.000 ns	      9171	800020ec	e0011253	fclass.s	x4,f2	  f2:0x00000000  x4=0x00000010
      91755.000 ns	      9174	800020f0	20d01753	fsgnjn.s	f14,f0,f13	  f0:0xff800000 f13:0x44284000 f14=0xff800000
      91795.000 ns	      9178	800020f4	18417dd3	fdiv.s	f27,f2,f4	  f2:0x00000000  f4:0x44360000 f27=0x00000000
      91815.000 ns	      9180	800020f8	01dbd433	srl	x8,x23,x29	 x23:0x00000000 x29:0x00000000  x8=0x00000000
      91835.000 ns	      9182	800020fc	d00a75d3	fcvt.s.w	f11,x20	 x20:0x80040fe4 f11=0xcefff7e0
      91855.000 ns	      9184	80002100	41ae8ab3	sub	x21,x29,x26	 x29:0x00000000 x26:0x00000000 x21=0x00000000
      91865.000 ns	      9185	80002104	47a97493	andi	x9,x18,1146	 x18:0x00000001  x9=0x00000000
      91885.000 ns	      9187	80002108	02468833	mul	x16,x13,x4	 x13:0x00000001  x4:0x00000010 x16=0x00000010
      92255.000 ns	      9224	8000210c	03e14533	div	x10,x2,x30	  x2:0xffffffff x30:0x00000001 x10=0xffffffff
      92275.000 ns	      9226	80002110	01f47b33	and	x22,x8,x31	  x8:0x00000000 x31:0x7fffffff x22=0x00000000
      92635.000 ns	      9262	80002114	039d76b3	remu	x13,x26,x25	 x26:0x00000000 x25:0x964c4000 x13=0x00000000
      92675.000 ns	      9266	80002118	10b298d3	fmul.s	f17,f5,f11	  f5:0x7fc00000 f11:0xcefff7e0 f17=0x7fc00000
      92705.000 ns	      9269	8000211c	21e797d3	fsgnjn.s	f15,f15,f30	 f15:0x7fc00000 f30:0xfc31c41b f15=0x7fc00000
      92735.000 ns	      9272	80002120	291307d3	fmin.s	f15,f6,f17	  f6:0x00000000 f17:0x7fc00000 f15=0x00000000
      92755.000 ns	      9274	80002124	01381f13	slli	x30,x16,0x13	 x16:0x00000010 x30=0x00800000
      92775.000 ns	      9276	80002128	d0152553	fcvt.s.wu	f10,x10	 x10:0xffffffff f10=0x4f800000
      92795.000 ns	      9278	8000212c	01d45213	srli	x4,x8,0x1d	  x8:0x00000000  x4=0x00000000
      92815.000 ns	      9280	80002130	a0131c53	flt.s	x24,f6,f1	  f6:0x00000000  f1:0xcf7ffffe x24=0x00000000
      92835.000 ns	      9282	80002134	6dda2193	slti	x3,x20,1757	 x20:0x80040fe4  x3=0x00000001
      92855.000 ns	      9284	80002138	d00bf053	fcvt.s.w	f0,x23	 x23:0x00000000  f0=0x00000000
      92885.000 ns	      9287	8000213c	e0031453	fclass.s	x8,f6	  f6:0x00000000  x8=0x00000010
      92925.000 ns	      9291	80002140	5807bad3	fsqrt.s	f21,f15	 f15:0x00000000 f21=0x00000000
      92955.000 ns	      9294	80002144	c013f453	fcvt.wu.s	x8,f7	  f7:0x7c31c41b  x8=0xffffffff
      92985.000 ns	      9297	80002148	e0051953	fclass.s	x18,f10	 f10:0x4f800000 x18=0x00000040
      93005.000 ns	      9299	8000214c	dd492c17	auipc	x24,0xdd492	 x24=0x5d49414c
      93015.000 ns	      9300	80002150	007f1393	slli	x7,x30,0x7	 x30:0x00800000  x7=0x40000000
      93035.000 ns	      9302	80002154	e0001353	fclass.s	x6,f0	  f0:0x00000000  x6=0x00000010
      93055.000 ns	      9304	80002158	00d02bb3	slt	x23,x0,x13	  x0:0x00000000 x13:0x00000000 x23=0x00000000
      93065.000 ns	      9305	8000215c	00000013	addi	x0,x0,0	  x0:0x00000000
      93075.000 ns	      9306	80002160	01e69a93	slli	x21,x13,0x1e	 x13:0x00000000 x21=0x00000000
      93085.000 ns	      9307	80002164	013bbb33	sltu	x22,x23,x19	 x23:0x00000000 x19:0xfc31c41b x22=0x00000001
      93105.000 ns	      9309	80002168	20e4a753	fsgnjx.s	f14,f9,f14	  f9:0x00000000 f14:0xff800000 f14=0x80000000
      93125.000 ns	      9311	8000216c	e9b10093	addi	x1,x2,-357	  x2:0xffffffff  x1=0xfffffe9a
      93145.000 ns	      9313	80002170	02b26433	rem	x8,x4,x11	  x4:0x00000000 x11:0x00000000  x8=0x00000000
      93175.000 ns	      9316	80002174	20981bd3	fsgnjn.s	f23,f16,f9	 f16:0xff800000  f9:0x00000000 f23=0xff800000
      93205.000 ns	      9319	80002178	297c8153	fmin.s	f2,f25,f23	 f25:0xc4360000 f23:0x7fc00000  f2=0xff800000
      93225.000 ns	      9321	8000217c	01a26633	or	x12,x4,x26	  x4:0x00000000 x26:0x00000000 x12=0x00000000
      93245.000 ns	      9323	80002180	200d86d3	fsgnj.s	f13,f27,f0	 f27:0x00000000  f0:0x00000000 f13=0x00000000
      93265.000 ns	      9325	80002184	01cf2c33	slt	x24,x30,x28	 x30:0x00800000 x28:0x00000001 x24=0x00000000
      93285.000 ns	      9327	80002188	215ea353	fsgnjx.s	f6,f29,f21	 f29:0x4f784e43 f21:0x00000000  f6=0x4f784e43
      93305.000 ns	      9329	8000218c	40acd593	srai	x11,x25,0xa	 x25:0x964c4000 x11=0xffe59310
      93665.000 ns	      9365	80002190	033ce433	rem	x8,x25,x19	 x25:0x964c4000 x19:0xfc31c41b  x8=0xfd0c9127
      93685.000 ns	      9367	80002194	41695813	srai	x16,x18,0x16	 x18:0x00000040 x16=0x00000000
      93705.000 ns	      9369	80002198	c0177e53	fcvt.wu.s	x28,f14	 f14:0x80000000 x28=0x00000000
      93725.000 ns	      9371	8000219c	00949013	slli	x0,x9,0x9	  x9:0x00000000
      93745.000 ns	      9373	800021a0	21772453	fsgnjx.s	f8,f14,f23	 f14:0x80000000 f23:0xff800000  f8=0x00000000
      93785.000 ns	      9377	800021a4	58084853	fsqrt.s	f16,f16	 f16:0xff800000 f16=0x7fc00000
      93805.000 ns	      9379	800021a8	00000013	addi	x0,x0,0	  x0:0x00000000
      93815.000 ns	      9380	800021ac	40300ab3	sub	x21,x0,x3	  x0:0x00000000  x3:0x00000001 x21=0xffffffff
      93825.000 ns	      9381	800021b0	00a4aeb3	slt	x29,x9,x10	  x9:0x00000000 x10:0xffffffff x29=0x00000000
      93845.000 ns	      9383	800021b4	038f73b3	remu	x7,x30,x24	 x30:0x00800000 x24:0x00000000  x7=0x00800000
      93865.000 ns	      9385	800021b8	3d75a213	slti	x4,x11,983	 x11:0xffe59310  x4=0x00000001
      93875.000 ns	      9386	800021bc	01353f33	sltu	x30,x10,x19	 x10:0xffffffff x19:0xfc31c41b x30=0x00000000
      93885.000 ns	      9387	800021c0	00352d33	slt	x26,x10,x3	 x10:0xffffffff  x3:0x00000001 x26=0x00000001
      93905.000 ns	      9389	800021c4	a15916d3	flt.s	x13,f18,f21	 f18:0x7fc00000 f21:0x00000000 x13=0x00000000
      93935.000 ns	      9392	800021c8	29011fd3	fmax.s	f31,f2,f16	  f2:0xff800000 f16:0x7fc00000 f31=0xff800000
      93955.000 ns	      9394	800021cc	74864513	xori	x10,x12,1864	 x12:0x00000000 x10=0x00000748
      93965.000 ns	      9395	800021d0	00ad38b3	sltu	x17,x26,x10	 x26:0x00000001 x10:0xffffffff x17=0x00000001
      93975.000 ns	      9396	800021d4	40bd05b3	sub	x11,x26,x11	 x26:0x00000001 x11:0xffe59310 x11=0x001a6cf1
      93985.000 ns	      9397	800021d8	0184db13	srli	x22,x9,0x18	  x9:0x00000000 x22=0x00000000
      93995.000 ns	      9398	800021dc	00201913	slli	x18,x0,0x2	  x0:0x00000000 x18=0x00000000
      94005.000 ns	      9399	800021e0	410b5413	srai	x8,x22,0x10	 x22:0x00000001  x8=0x00000000
      94035.000 ns	      9402	800021e4	11544f53	fmul.s	f30,f8,f21	  f8:0x00000000 f21:0x00000000 f30=0x00000000
      94405.000 ns	      9439	800021e8	021a5433	divu	x8,x20,x1	 x20:0x80040fe4  x1:0xfffffe9a  x8=0x00000000
      94455.000 ns	      9444	800021ec	08d70cd3	fsub.s	f25,f14,f13	 f14:0x80000000 f13:0x00000000 f25=0x80000000
      94475.000 ns	      9446	800021f0	009a8d33	add	x26,x21,x9	 x21:0xffffffff  x9:0x00000000 x26=0xffffffff
      94485.000 ns	      9447	800021f4	0102feb3	and	x29,x5,x16	  x5:0x00000000 x16:0x00000000 x29=0x00000000
      94505.000 ns	      9449	800021f8	028f5033	divu	x0,x30,x8	 x30:0x00000000  x8:0x00000000
      94535.000 ns	      9452	800021fc	023618b3	mulh	x17,x12,x3	 x12:0x00000000  x3:0x00000001 x17=0x00000000
      94555.000 ns	      9454	80002200	00e2d1b3	srl	x3,x5,x14	  x5:0x00000000 x14:0x00000000  x3=0x00000000
      94565.000 ns	      9455	80002204	97f42113	slti	x2,x8,-1665	  x8:0x00000000  x2=0x00000000
      94925.000 ns	      9491	80002208	02bed533	divu	x10,x29,x11	 x29:0x00000000 x11:0x001a6cf1 x10=0x00000000
      94955.000 ns	      9494	8000220c	212b1153	fsgnjn.s	f2,f22,f18	 f22:0xc4360000 f18:0x7fc00000  f2=0xc4360000
      94975.000 ns	      9496	80002210	41ec0033	sub	x0,x24,x30	 x24:0x00000000 x30:0x00000000
      95015.000 ns	      9500	80002214	09b57653	fsub.s	f12,f10,f27	 f10:0x4f800000 f27:0x00000000 f12=0x4f800000
      95045.000 ns	      9503	80002218	03086033	rem	x0,x16,x16	 x16:0x00000000 x16:0x00000000
      95075.000 ns	      9506	8000221c	f0038253	fmv.w.x	f4,x7	  x7:0x00800000  f4=0x00800000
      95095.000 ns	      9508	80002220	401ede93	srai	x29,x29,0x1	 x29:0x00000000 x29=0x00000000
      95115.000 ns	      9510	80002224	02263fb3	mulhu	x31,x12,x2	 x12:0x00000000  x2:0x00000000 x31=0x00000000
      95135.000 ns	      9512	80002228	0068afb3	slt	x31,x17,x6	 x17:0x00000000  x6:0x00000010 x31=0x00000001
      95145.000 ns	      9513	8000222c	005275b3	and	x11,x4,x5	  x4:0x00000001  x5:0x00000000 x11=0x00000000
      95165.000 ns	      9515	80002230	d00731d3	fcvt.s.w	f3,x14	 x14:0x00000000  f3=0x00000000
      95205.000 ns	      9519	80002234	580db7d3	fsqrt.s	f15,f27	 f27:0x00000000 f15=0x00000000
      95235.000 ns	      9522	80002238	03629b33	mulh	x22,x5,x22	  x5:0x00000000 x22:0x00000000 x22=0x00000000
      95265.000 ns	      9525	8000223c	a0439ad3	flt.s	x21,f7,f4	  f7:0x7c31c41b  f4:0x00800000 x21=0x00000000
      95295.000 ns	      9528	80002240	216a06d3	fsgnj.s	f13,f20,f22	 f20:0x54462594 f22:0xc4360000 f13=0xd4462594
      95345.000 ns	      9533	80002244	007cf3d3	fadd.s	f7,f25,f7	 f25:0x80000000  f7:0x7c31c41b  f7=0x7c31c41b
      95365.000 ns	      9535	80002248	128c3913	sltiu	x18,x24,296	 x24:0x00000000 x18=0x00000001
      95375.000 ns	      9536	8000224c	40b0d793	srai	x15,x1,0xb	  x1:0xfffffe9a x15=0xffffffff
      95385.000 ns	      9537	80002250	76fdab13	slti	x22,x27,1903	 x27:0x80041024 x22=0x00000001
      95405.000 ns	      9539	80002254	0310c333	div	x6,x1,x17	  x1:0xfffffe9a x17:0x00000000  x6=0xffffffff
      95435.000 ns	      9542	80002258	025fb033	mulhu	x0,x31,x5	 x31:0x00000001  x5:0x00000000
      95465.000 ns	      9545	8000225c	03586833	rem	x16,x16,x21	 x16:0x00000000 x21:0x00000000 x16=0x00000000
      95485.000 ns	      9547	80002260	01f3d833	srl	x16,x7,x31	  x7:0x00800000 x31:0x00000001 x16=0x00400000
      95495.000 ns	      9548	80002264	01e94933	xor	x18,x18,x30	 x18:0x00000001 x30:0x00000000 x18=0x00000001
      95535.000 ns	      9552	80002268	01738ed3	fadd.s	f29,f7,f23	  f7:0x7c31c41b f23:0xff800000 f29=0xff800000
      95575.000 ns	      9556	8000226c	11ac26d3	fmul.s	f13,f24,f26	 f24:0xe731c41c f26:0xff800000 f13=0x7f800000
      95625.000 ns	      9561	80002270	0903fad3	fsub.s	f21,f7,f16	  f7:0x7c31c41b f16:0x7fc00000 f21=0x7fc00000
      95655.000 ns	      9564	80002274	02a55833	divu	x16,x10,x10	 x10:0x00000000 x10:0x00000000 x16=0xffffffff
      95675.000 ns	      9566	80002278	01b95d33	srl	x26,x18,x27	 x18:0x00000001 x27:0x80041024 x26=0x00000000
      95705.000 ns	      9569	8000227c	58017bd3	fsqrt.s	f23,f2	  f2:0xc4360000 f23=0x7fc00000
      95745.000 ns	      9573	80002280	1812f8d3	fdiv.s	f17,f5,f1	  f5:0x7fc00000  f1:0xcf7ffffe f17=0x7fc00000
      95775.000 ns	      9576	80002284	213794d3	fsgnjn.s	f9,f15,f19	 f15:0x00000000 f19:0x80000000  f9=0x00000000
      95795.000 ns	      9578	80002288	00ed84b3	add	x9,x27,x14	 x27:0x80041024 x14:0x00000000  x9=0x80041024
      95805.000 ns	      9579	8000228c	00068d33	add	x26,x13,x0	 x13:0x00000000  x0:0x00000000 x26=0x00000000
      95825.000 ns	      9581	80002290	e00e8b53	fmv.x.w	x22,f29	 f29:0xff800000 x22=0xff800000
      95845.000 ns	      9583	80002294	e1e1b793	sltiu	x15,x3,-482	  x3:0x00000000 x15=0x00000001
      95865.000 ns	      9585	80002298	033b20b3	mulhsu	x1,x22,x19	 x22:0xff800000 x19:0xfc31c41b  x1=0xff81e71d
      95895.000 ns	      9588	8000229c	f00c8753	fmv.w.x	f14,x25	 x25:0x964c4000 f14=0x964c4000
      95915.000 ns	      9590	800022a0	4dec8113	addi	x2,x25,1246	 x25:0x964c4000  x2=0x964c44de
      95935.000 ns	      9592	800022a4	e0078bd3	fmv.x.w	x23,f15	 f15:0x00000000 x23=0x00000000
      95965.000 ns	      9595	800022a8	03cfb433	mulhu	x8,x31,x28	 x31:0x00000001 x28:0x00000000  x8=0x00000000
      95985.000 ns	      9597	800022ac	bf7d7b37	lui	x22,0xbf7d7	 x22=0xbf7d7000
      95995.000 ns	      9598	800022b0	00000013	addi	x0,x0,0	  x0:0x00000000
      96035.000 ns	      9602	800022b4	005efcd3	fadd.s	f25,f29,f5	 f29:0xff800000  f5:0x7fc00000 f25=0x7fc00000
      96405.000 ns	      9639	800022b8	032577b3	remu	x15,x10,x18	 x10:0x00000000 x18:0x00000001 x15=0x00000000
      96435.000 ns	      9642	800022bc	d005f053	fcvt.s.w	f0,x11	 x11:0x00000000  f0=0x00000000
      96465.000 ns	      9645	800022c0	29079cd3	fmax.s	f25,f15,f16	 f15:0x00000000 f16:0x7fc00000 f25=0x00000000
      96495.000 ns	      9648	800022c4	a0d82553	feq.s	x10,f16,f13	 f16:0x7fc00000 f13:0x7f800000 x10=0x00000000
      96515.000 ns	      9650	800022c8	410e5813	srai	x16,x28,0x10	 x28:0x00000000 x16=0x00000000
      96525.000 ns	      9651	800022cc	0de8df37	lui	x30,0xde8d	 x30=0x0de8d000
      96545.000 ns	      9653	800022d0	0200e433	rem	x8,x1,x0	  x1:0xff81e71d  x0:0x00000000  x8=0xff81e71d
      96575.000 ns	      9656	800022d4	a1c283d3	fle.s	x7,f5,f28	  f5:0x7fc00000 f28:0x44284000  x7=0x00000000
      96605.000 ns	      9659	800022d8	a01a8ad3	fle.s	x21,f21,f1	 f21:0x7fc00000  f1:0xcf7ffffe x21=0x00000000
      96625.000 ns	      9661	800022dc	e59f4093	xori	x1,x30,-423	 x30:0x0de8d000  x1=0xf2172e59
      96645.000 ns	      9663	800022e0	f0008c53	fmv.w.x	f24,x1	  x1:0xff81e71d f24=0xf2172e59
      96675.000 ns	      9666	800022e4	03e21fb3	mulh	x31,x4,x30	  x4:0x00000001 x30:0x0de8d000 x31=0x00000000
      96705.000 ns	      9669	800022e8	e00586d3	fmv.x.w	x13,f11	 f11:0xcefff7e0 x13=0xcefff7e0
      96735.000 ns	      9672	800022ec	21141353	fsgnjn.s	f6,f8,f17	  f8:0x00000000 f17:0x7fc00000  f6=0x80000000
      96785.000 ns	      9677	800022f0	08c9f6d3	fsub.s	f13,f19,f12	 f19:0x80000000 f12:0x4f800000 f13=0xcf800000
      96815.000 ns	      9680	800022f4	a0829753	flt.s	x14,f5,f8	  f5:0x7fc00000  f8:0x00000000 x14=0x00000000
      96835.000 ns	      9682	800022f8	00ceb633	sltu	x12,x29,x12	 x29:0x00000000 x12:0x00000000 x12=0x00000000
      96845.000 ns	      9683	800022fc	2c8dc413	xori	x8,x27,712	 x27:0x80041024  x8=0x800412ec
      97205.000 ns	      9719	80002300	021bc533	div	x10,x23,x1	 x23:0x00000000  x1:0xf2172e59 x10=0x00000000
      97225.000 ns	      9721	80002304	00fc4f33	xor	x30,x24,x15	 x24:0x00000000 x15:0x00000000 x30=0x00000000
      97245.000 ns	      9723	80002308	e0050453	fmv.x.w	x8,f10	 f10:0x4f800000  x8=0x4f800000
      97275.000 ns	      9726	8000230c	f00609d3	fmv.w.x	f19,x12	 x12:0x00000000 f19=0x00000000
      97305.000 ns	      9729	80002310	e0091bd3	fclass.s	x23,f18	 f18:0x7fc00000 x23=0x00000200
      97325.000 ns	      9731	80002314	000f2533	slt	x10,x30,x0	 x30:0x00000000  x0:0x00000000 x10=0x00000000
      97335.000 ns	      9732	80002318	00201433	sll	x8,x0,x2	  x0:0x00000000  x2:0x964c44de  x8=0x00000000
      97355.000 ns	      9734	8000231c	03898c33	mul	x24,x19,x24	 x19:0xfc31c41b x24:0x00000000 x24=0x00000000
      97385.000 ns	      9737	80002320	206913d3	fsgnjn.s	f7,f18,f6	 f18:0x7fc00000  f6:0x80000000  f7=0x7fc00000
      97405.000 ns	      9739	80002324	01dfbd33	sltu	x26,x31,x29	 x31:0x00000000 x29:0x00000000 x26=0x00000000
      97425.000 ns	      9741	80002328	02f66833	rem	x16,x12,x15	 x12:0x00000000 x15:0x00000000 x16=0x00000000
      97455.000 ns	      9744	8000232c	205602d3	fsgnj.s	f5,f12,f5	 f12:0x4f800000  f5:0x7fc00000  f5=0x4f800000
      97475.000 ns	      9746	80002330	004027b3	slt	x15,x0,x4	  x0:0x00000000  x4:0x00000001 x15=0x00000001
      97515.000 ns	      9750	80002334	08a0a2d3	fsub.s	f5,f1,f10	  f1:0xcf7ffffe f10:0x4f800000  f5=0xcfffffff
      97545.000 ns	      9753	80002338	032ba0b3	mulhsu	x1,x23,x18	 x23:0x00000200 x18:0x00000001  x1=0x00000000
      97565.000 ns	      9755	8000233c	e71cf913	andi	x18,x25,-399	 x25:0x964c4000 x18=0x964c4000
      97575.000 ns	      9756	80002340	00611213	slli	x4,x2,0x6	  x2:0x964c44de  x4=0x93113780
      97585.000 ns	      9757	80002344	00601693	slli	x13,x0,0x6	  x0:0x00000000 x13=0x00000000
      97595.000 ns	      9758	80002348	41db5813	srai	x16,x22,0x1d	 x22:0xbf7d7000 x16=0xfffffffd
      97605.000 ns	      9759	8000234c	41dffd37	lui	x26,0x41dff	 x26=0x41dff000
      97615.000 ns	      9760	80002350	01fd1493	slli	x9,x26,0x1f	 x26:0x00000000  x9=0x00000000
      97635.000 ns	      9762	80002354	d01da153	fcvt.s.wu	f2,x27	 x27:0x80041024  f2=0x4f000411
      97665.000 ns	      9765	80002358	f00b0c53	fmv.w.x	f24,x22	 x22:0xbf7d7000 f24=0xbf7d7000
      97705.000 ns	      9769	8000235c	580ef9d3	fsqrt.s	f19,f29	 f29:0xff800000 f19=0x7fc00000
      97725.000 ns	      9771	80002360	ba762013	slti	x0,x12,-1113	 x12:0x00000000
      97745.000 ns	      9773	80002364	020b95b3	mulh	x11,x23,x0	 x23:0x00000200  x0:0x00000000 x11=0x00000000
      97765.000 ns	      9775	80002368	668e6f93	ori	x31,x28,1640	 x28:0x00000000 x31=0x00000668
      97785.000 ns	      9777	8000236c	a17c03d3	fle.s	x7,f24,f23	 f24:0xbf7d7000 f23:0x7fc00000  x7=0x00000000
      97815.000 ns	      9780	80002370	210a1053	fsgnjn.s	f0,f20,f16	 f20:0x54462594 f16:0x7fc00000  f0=0xd4462594
      97835.000 ns	      9782	80002374	00ef3f33	sltu	x30,x30,x14	 x30:0x00000000 x14:0x00000000 x30=0x00000000
      97855.000 ns	      9784	80002378	29de0453	fmin.s	f8,f28,f29	 f28:0x44284000 f29:0xff800000  f8=0xff800000
      97885.000 ns	      9787	8000237c	21171753	fsgnjn.s	f14,f14,f17	 f14:0x964c4000 f17:0x7fc00000 f14=0x964c4000
      97915.000 ns	      9790	80002380	a1ce00d3	fle.s	x1,f28,f28	 f28:0x44284000 f28:0x44284000  x1=0x00000001
      97945.000 ns	      9793	80002384	0244b7b3	mulhu	x15,x9,x4	  x9:0x00000000  x4:0x93113780 x15=0x00000000
      97975.000 ns	      9796	80002388	c01b12d3	fcvt.wu.s	x5,f22	 f22:0xc4360000  x5=0x000002d8
      97995.000 ns	      9798	8000238c	00e05eb3	srl	x29,x0,x14	  x0:0x00000000 x14:0x00000000 x29=0x00000000
      98005.000 ns	      9799	80002390	01d19f33	sll	x30,x3,x29	  x3:0x00000000 x29:0x00000000 x30=0x00000000
      98025.000 ns	      9801	80002394	c0179d53	fcvt.wu.s	x26,f15	 f15:0x00000000 x26=0x00000000
      98395.000 ns	      9838	80002398	0343f733	remu	x14,x7,x20	  x7:0x00000000 x20:0x80040fe4 x14=0x00000000
      98415.000 ns	      9840	8000239c	016d9833	sll	x16,x27,x22	 x27:0x80041024 x22:0xbf7d7000 x16=0x80041024
      98425.000 ns	      9841	800023a0	0114fb33	and	x22,x9,x17	  x9:0x00000000 x17:0x00000000 x22=0x00000000
      98435.000 ns	      9842	800023a4	0f39b693	sltiu	x13,x19,243	 x19:0xfc31c41b x13=0x00000000
      98445.000 ns	      9843	800023a8	41e55933	sra	x18,x10,x30	 x10:0x00000000 x30:0x00000000 x18=0x00000000
      98455.000 ns	      9844	800023ac	01ff50b3	srl	x1,x30,x31	 x30:0x00000000 x31:0x00000668  x1=0x00000000
      98475.000 ns	      9846	800023b0	031692b3	mulh	x5,x13,x17	 x13:0x00000000 x17:0x00000000  x5=0x00000000
      98495.000 ns	      9848	800023b4	126f4813	xori	x16,x30,294	 x30:0x00000000 x16=0x00000126
      98515.000 ns	      9850	800023b8	29f793d3	fmax.s	f7,f15,f31	 f15:0x00000000 f31:0xff800000  f7=0x00000000
      98535.000 ns	      9852	800023bc	002658b3	srl	x17,x12,x2	 x12:0x00000000  x2:0x964c44de x17=0x00000000
      98545.000 ns	      9853	800023c0	41af8e33	sub	x28,x31,x26	 x31:0x00000668 x26:0x00000000 x28=0x00000668
      98555.000 ns	      9854	800023c4	5b92c593	xori	x11,x5,1465	  x5:0x00000000 x11=0x000005b9
      98565.000 ns	      9855	800023c8	00b2c2b3	xor	x5,x5,x11	  x5:0x00000000 x11:0x00000000  x5=0x000005b9
      98585.000 ns	      9857	800023cc	d01b9053	fcvt.s.wu	f0,x23	 x23:0x00000200  f0=0x44000000
      98615.000 ns	      9860	800023d0	f0028553	fmv.w.x	f10,x5	  x5:0x00000000 f10=0x000005b9
      98635.000 ns	      9862	800023d4	01bd1ab3	sll	x21,x26,x27	 x26:0x00000000 x27:0x80041024 x21=0x00000000
      98655.000 ns	      9864	800023d8	28a41ad3	fmax.s	f21,f8,f10	  f8:0xff800000 f10:0x000005b9 f21=0x000005b9
      98675.000 ns	      9866	800023dc	00dd5133	srl	x2,x26,x13	 x26:0x00000000 x13:0x00000000  x2=0x00000000
      98695.000 ns	      9868	800023e0	c003f5d3	fcvt.w.s	x11,f7	  f7:0x00000000 x11=0x00000000
      98715.000 ns	      9870	800023e4	416a83b3	sub	x7,x21,x22	 x21:0x00000000 x22:0x00000000  x7=0x00000000
      98725.000 ns	      9871	800023e8	012bc1b3	xor	x3,x23,x18	 x23:0x00000200 x18:0x00000000  x3=0x00000200
      98735.000 ns	      9872	800023ec	bc05a293	slti	x5,x11,-1088	 x11:0x00000000  x5=0x00000000
      98755.000 ns	      9874	800023f0	f00d0c53	fmv.w.x	f24,x26	 x26:0x00000000 f24=0x00000000
      98775.000 ns	      9876	800023f4	e252ac93	slti	x25,x5,-475	  x5:0x000005b9 x25=0x00000000
      98795.000 ns	      9878	800023f8	c00e7253	fcvt.w.s	x4,f28	 f28:0x44284000  x4=0x000002a1
      98825.000 ns	      9881	800023fc	02d7f133	remu	x2,x15,x13	 x15:0x00000000 x13:0x00000000  x2=0x00000000
      98855.000 ns	      9884	80002400	a161a3d3	feq.s	x7,f3,f22	  f3:0x00000000 f22:0xc4360000  x7=0x00000000
      98895.000 ns	      9888	80002404	580ef953	fsqrt.s	f18,f29	 f29:0xff800000 f18=0x7fc00000
      98915.000 ns	      9890	80002408	41c85933	sra	x18,x16,x28	 x16:0x00000126 x28:0x00000668 x18=0x00000001
      99275.000 ns	      9926	8000240c	03715533	divu	x10,x2,x23	  x2:0x00000000 x23:0x00000200 x10=0x00000000
      99295.000 ns	      9928	80002410	01bfda93	srli	x21,x31,0x1b	 x31:0x00000668 x21=0x00000000
      99305.000 ns	      9929	80002414	cebcbb13	sltiu	x22,x25,-789	 x25:0x00000000 x22=0x00000001
      99325.000 ns	      9931	80002418	20af03d3	fsgnj.s	f7,f30,f10	 f30:0x00000000 f10:0x000005b9  f7=0x00000000
      99345.000 ns	      9933	8000241c	dd2c6793	ori	x15,x24,-558	 x24:0x00000000 x15=0xfffffdd2
      99355.000 ns	      9934	80002420	4a0da797	auipc	x15,0x4a0da	 x15=0xca0dc420
      99365.000 ns	      9935	80002424	a97eae97	auipc	x29,0xa97ea	 x29=0x297ec424
      99385.000 ns	      9937	80002428	e00385d3	fmv.x.w	x11,f7	  f7:0x00000000 x11=0x00000000
      99405.000 ns	      9939	8000242c	00307133	and	x2,x0,x3	  x0:0x00000000  x3:0x00000200  x2=0x00000000
      99425.000 ns	      9941	80002430	d00c3dd3	fcvt.s.w	f27,x24	 x24:0x00000000 f27=0x00000000
      99465.000 ns	      9945	80002434	114917d3	fmul.s	f15,f18,f20	 f18:0x7fc00000 f20:0x54462594 f15=0x7fc00000
      99485.000 ns	      9947	80002438	00000013	addi	x0,x0,0	  x0:0x00000000
      99505.000 ns	      9949	8000243c	c0019cd3	fcvt.w.s	x25,f3	  f3:0x00000000 x25=0x00000000
      99535.000 ns	      9952	80002440	e0078753	fmv.x.w	x14,f15	 f15:0x7fc00000 x14=0x7fc00000
      99565.000 ns	      9955	80002444	c018ff53	fcvt.wu.s	x30,f17	 f17:0x7fc00000 x30=0xffffffff
      99595.000 ns	      9958	80002448	21bc99d3	fsgnjn.s	f19,f25,f27	 f25:0x00000000 f27:0x00000000 f19=0x80000000
      99615.000 ns	      9960	8000244c	28404e13	xori	x28,x0,644	  x0:0x00000000 x28=0x00000284
      99635.000 ns	      9962	80002450	02c2c8b3	div	x17,x5,x12	  x5:0x00000000 x12:0x00000000 x17=0xffffffff
      99655.000 ns	      9964	80002454	71ec2793	slti	x15,x24,1822	 x24:0x00000000 x15=0x00000001
      99665.000 ns	      9965	80002458	40ecd7b3	sra	x15,x25,x14	 x25:0x00000000 x14:0x7fc00000 x15=0x00000000
      99685.000 ns	      9967	8000245c	0207c933	div	x18,x15,x0	 x15:0xca0dc420  x0:0x00000000 x18=0xffffffff
      99715.000 ns	      9970	80002460	030f91b3	mulh	x3,x31,x16	 x31:0x00000668 x16:0x00000126  x3=0x00000000
      99745.000 ns	      9973	80002464	0350de33	divu	x28,x1,x21	  x1:0x00000000 x21:0x00000000 x28=0xffffffff
      99765.000 ns	      9975	80002468	478eee13	ori	x28,x29,1144	 x29:0x297ec424 x28=0x297ec47c
      99795.000 ns	      9978	8000246c	19b47253	fdiv.s	f4,f8,f27	  f8:0xff800000 f27:0x00000000  f4=0xff800000
      99825.000 ns	      9981	80002470	203b85d3	fsgnj.s	f11,f23,f3	 f23:0x7fc00000  f3:0x00000000 f11=0x7fc00000
      99855.000 ns	      9984	80002474	28408fd3	fmin.s	f31,f1,f4	  f1:0xcf7ffffe  f4:0xff800000 f31=0xff800000
      99885.000 ns	      9987	80002478	03aadcb3	divu	x25,x21,x26	 x21:0x00000000 x26:0x00000000 x25=0xffffffff
      99915.000 ns	      9990	8000247c	d009fd53	fcvt.s.w	f26,x19	 x19:0xfc31c41b f26=0xcc738ef9
      99935.000 ns	      9992	80002480	00000013	addi	x0,x0,0	  x0:0x00000000
      99945.000 ns	      9993	80002484	ffb6ac97	auipc	x25,0xffb6a	 x25=0x7fb6c484
      99965.000 ns	      9995	80002488	28070cd3	fmin.s	f25,f14,f0	 f14:0x964c4000  f0:0x44000000 f25=0x964c4000
      99995.000 ns	      9998	8000248c	02983cb3	mulhu	x25,x16,x9	 x16:0x00000126  x9:0x00000000 x25=0x00000000
     100025.000 ns	     10001	80002490	02d03d33	mulhu	x26,x0,x13	  x0:0x00000000 x13:0x00000000 x26=0x00000000
     100055.000 ns	     10004	80002494	200f2f53	fsgnjx.s	f30,f30,f0	 f30:0x00000000  f0:0x44000000 f30=0x00000000
     100085.000 ns	     10007	80002498	21ce89d3	fsgnj.s	f19,f29,f28	 f29:0xff800000 f28:0x44284000 f19=0x7f800000
     100455.000 ns	     10044	8000249c	0379f833	remu	x16,x19,x23	 x19:0xfc31c41b x23:0x00000200 x16=0x0000001b
     100485.000 ns	     10047	800024a0	035fa2b3	mulhsu	x5,x31,x21	 x31:0x00000668 x21:0x00000000  x5=0x00000000
     100505.000 ns	     10049	800024a4	0061ebb3	or	x23,x3,x6	  x3:0x00000000  x6:0xffffffff x23=0xffffffff
     100525.000 ns	     10051	800024a8	f0010953	fmv.w.x	f18,x2	  x2:0x00000000 f18=0x00000000
     100555.000 ns	     10054	800024ac	f00a88d3	fmv.w.x	f17,x21	 x21:0x00000000 f17=0x00000000
     100575.000 ns	     10056	800024b0	01bc0d33	add	x26,x24,x27	 x24:0x00000000 x27:0x80041024 x26=0x80041024
     100585.000 ns	     10057	800024b4	cf2f8713	addi	x14,x31,-782	 x31:0x00000668 x14=0x0000035a
     100595.000 ns	     10058	800024b8	b6c4b793	sltiu	x15,x9,-1172	  x9:0x00000000 x15=0x00000001
     100605.000 ns	     10059	800024bc	01f63833	sltu	x16,x12,x31	 x12:0x00000000 x31:0x00000668 x16=0x00000001
     100645.000 ns	     10063	800024c0	09f31a53	fsub.s	f20,f6,f31	  f6:0x80000000 f31:0xff800000 f20=0x7f800000
     100665.000 ns	     10065	800024c4	000edb93	srli	x23,x29,0x0	 x29:0x297ec424 x23=0x297ec424
     100685.000 ns	     10067	800024c8	d01c4553	fcvt.s.wu	f10,x24	 x24:0x00000000 f10=0x00000000
     100705.000 ns	     10069	800024cc	eab07113	andi	x2,x0,-341	  x0:0x00000000  x2=0x00000000
     100725.000 ns	     10071	800024d0	d005f8d3	fcvt.s.w	f17,x11	 x11:0x00000000 f17=0x00000000
     100755.000 ns	     10074	800024d4	212aa5d3	fsgnjx.s	f11,f21,f18	 f21:0x000005b9 f18:0x00000000 f11=0x000005b9
     100785.000 ns	     10077	800024d8	02e1a633	mulhsu	x12,x3,x14	  x3:0x00000000 x14:0x0000035a x12=0x00000000
     100805.000 ns	     10079	800024dc	2ae54f93	xori	x31,x10,686	 x10:0x00000000 x31=0x000002ae
     100815.000 ns	     10080	800024e0	003e1093	slli	x1,x28,0x3	 x28:0x297ec47c  x1=0x4bf623e0
     100825.000 ns	     10081	800024e4	017397b3	sll	x15,x7,x23	  x7:0x00000000 x23:0x297ec424 x15=0x00000000
     100835.000 ns	     10082	800024e8	00f12cb3	slt	x25,x2,x15	  x2:0x00000000 x15:0x00000001 x25=0x00000000
     100845.000 ns	     10083	800024ec	17a8fc13	andi	x24,x17,378	 x17:0xffffffff x24=0x0000017a
     100875.000 ns	     10086	800024f0	5806ca53	fsqrt.s	f20,f13	 f13:0xcf800000 f20=0x7fc00000
     100905.000 ns	     10089	800024f4	a16e9153	flt.s	x2,f29,f22	 f29:0xff800000 f22:0xc4360000  x2=0x00000001
     100955.000 ns	     10094	800024f8	085af053	fsub.s	f0,f21,f5	 f21:0x000005b9  f5:0xcfffffff  f0=0x4fffffff
     100975.000 ns	     10096	800024fc	9e6bb693	sltiu	x13,x23,-1562	 x23:0x297ec424 x13=0x00000001
     100985.000 ns	     10097	80002500	01365913	srli	x18,x12,0x13	 x12:0x00000000 x18=0x00000000
     100995.000 ns	     10098	80002504	fb856513	ori	x10,x10,-72	 x10:0x00000000 x10=0xffffffb8
     101005.000 ns	     10099	80002508	5907d817	auipc	x16,0x5907d	 x16=0xd907f508
     101015.000 ns	     10100	8000250c	00000013	addi	x0,x0,0	  x0:0x00000000
     101035.000 ns	     10102	80002510	a1fa1b53	flt.s	x22,f20,f31	 f20:0x7fc00000 f31:0xff800000 x22=0x00000000
     101055.000 ns	     10104	80002514	d75eb793	sltiu	x15,x29,-651	 x29:0x297ec424 x15=0x00000001
     101075.000 ns	     10106	80002518	21e38153	fsgnj.s	f2,f7,f30	  f7:0x00000000 f30:0x00000000  f2=0x00000000
     101115.000 ns	     10110	8000251c	18a62cd3	fdiv.s	f25,f12,f10	 f12:0x4f800000 f10:0x00000000 f25=0x7f800000
     101145.000 ns	     10113	80002520	03542533	mulhsu	x10,x8,x21	  x8:0x00000000 x21:0x00000000 x10=0x00000000
     101175.000 ns	     10116	80002524	295d0553	fmin.s	f10,f26,f21	 f26:0xcc738ef9 f21:0x000005b9 f10=0xcc738ef9
     101195.000 ns	     10118	80002528	01a6b137	lui	x2,0x1a6b	  x2=0x01a6b000
     101205.000 ns	     10119	8000252c	01b7dab3	srl	x21,x15,x27	 x15:0x00000001 x27:0x80041024 x21=0x00000000
     101215.000 ns	     10120	80002530	013a0433	add	x8,x20,x19	 x20:0x80040fe4 x19:0xfc31c41b  x8=0x7c35d3ff
     101225.000 ns	     10121	80002534	86b8cb17	auipc	x22,0x86b8c	 x22=0x06b8e534
     101245.000 ns	     10123	80002538	20979453	fsgnjn.s	f8,f15,f9	 f15:0x7fc00000  f9:0x00000000  f8=0xffc00000
     101275.000 ns	     10126	8000253c	e0098f53	fmv.x.w	x30,f19	 f19:0x7f800000 x30=0x7f800000
     101305.000 ns	     10129	80002540	d0164bd3	fcvt.s.wu	f23,x12	 x12:0x00000000 f23=0x00000000
     101325.000 ns	     10131	80002544	b4756117	auipc	x2,0xb4756	  x2=0x34758544
     101345.000 ns	     10133	80002548	21da9153	fsgnjn.s	f2,f21,f29	 f21:0x000005b9 f29:0xff800000  f2=0x000005b9
     101365.000 ns	     10135	8000254c	93b50817	auipc	x16,0x93b50	 x16=0x13b5254c
     101385.000 ns	     10137	80002550	e0018d53	fmv.x.w	x26,f3	  f3:0x00000000 x26=0x00000000
     101405.000 ns	     10139	80002554	00699293	slli	x5,x19,0x6	 x19:0xfc31c41b  x5=0x0c7106c0
     101425.000 ns	     10141	80002558	f0010fd3	fmv.w.x	f31,x2	  x2:0x34758544 f31=0x34758544
     101465.000 ns	     10145	8000255c	580efdd3	fsqrt.s	f27,f29	 f29:0xff800000 f27=0x7fc00000
     101485.000 ns	     10147	80002560	400e8fb3	sub	x31,x29,x0	 x29:0x297ec424  x0:0x00000000 x31=0x297ec424
     101505.000 ns	     10149	80002564	d01b7053	fcvt.s.wu	f0,x22	 x22:0x06b8e534  f0=0x4cd71ca6
     101525.000 ns	     10151	80002568	006ea333	slt	x6,x29,x6	 x29:0x297ec424  x6:0xffffffff  x6=0x00000000
     101545.000 ns	     10153	8000256c	e0061253	fclass.s	x4,f12	 f12:0x4f800000  x4=0x00000040
     101565.000 ns	     10155	80002570	012ef1b3	and	x3,x29,x18	 x29:0x297ec424 x18:0x00000000  x3=0x00000000
     101585.000 ns	     10157	80002574	02acdf33	divu	x30,x25,x10	 x25:0x00000000 x10:0x00000000 x30=0xffffffff
     101605.000 ns	     10159	80002578	72834413	xori	x8,x6,1832	  x6:0x00000000  x8=0x00000728
     101615.000 ns	     10160	8000257c	0150d2b3	srl	x5,x1,x21	  x1:0x4bf623e0 x21:0x00000000  x5=0x4bf623e0
     101645.000 ns	     10163	80002580	58097653	fsqrt.s	f12,f18	 f18:0x00000000 f12=0x00000000
     101665.000 ns	     10165	80002584	00a5d133	srl	x2,x11,x10	 x11:0x00000000 x10:0x00000000  x2=0x00000000
     101685.000 ns	     10167	80002588	d001cc53	fcvt.s.w	f24,x3	  x3:0x00000000 f24=0x00000000
     101735.000 ns	     10172	8000258c	016a8ed3	fadd.s	f29,f21,f22	 f21:0x000005b9 f22:0xc4360000 f29=0xc4360000
     101755.000 ns	     10174	80002590	38c24d37	lui	x26,0x38c24	 x26=0x38c24000
     101775.000 ns	     10176	80002594	e00802d3	fmv.x.w	x5,f16	 f16:0x7fc00000  x5=0x7fc00000
     101805.000 ns	     10179	80002598	0232f433	remu	x8,x5,x3	  x5:0x4bf623e0  x3:0x00000000  x8=0x7fc00000
     101835.000 ns	     10182	8000259c	d014c8d3	fcvt.s.wu	f17,x9	  x9:0x00000000 f17=0x00000000
     101855.000 ns	     10184	800025a0	ae839c37	lui	x24,0xae839	 x24=0xae839000
     101875.000 ns	     10186	800025a4	d01d77d3	fcvt.s.wu	f15,x26	 x26:0x38c24000 f15=0x4e630900
     101895.000 ns	     10188	800025a8	00d0d4b3	srl	x9,x1,x13	  x1:0x4bf623e0 x13:0x00000001  x9=0x25fb11f0
     101915.000 ns	     10190	800025ac	a052aad3	feq.s	x21,f5,f5	  f5:0xcfffffff  f5:0xcfffffff x21=0x00000001
     101935.000 ns	     10192	800025b0	412f5393	srai	x7,x30,0x12	 x30:0xffffffff  x7=0xffffffff
     101945.000 ns	     10193	800025b4	2b59a513	slti	x10,x19,693	 x19:0xfc31c41b x10=0x00000001
     102305.000 ns	     10229	800025b8	02d46fb3	rem	x31,x8,x13	  x8:0x7fc00000 x13:0x00000001 x31=0x00000000
     102325.000 ns	     10231	800025bc	0169e933	or	x18,x19,x22	 x19:0xfc31c41b x22:0x06b8e534 x18=0xfeb9e53f
     102355.000 ns	     10234	800025c0	1922c853	fdiv.s	f16,f5,f18	  f5:0xcfffffff f18:0x00000000 f16=0xff800000
     102385.000 ns	     10237	800025c4	d01b7fd3	fcvt.s.wu	f31,x22	 x22:0x06b8e534 f31=0x4cd71ca6
     102415.000 ns	     10240	800025c8	a0381353	flt.s	x6,f16,f3	 f16:0xff800000  f3:0x00000000  x6=0x00000001
     102455.000 ns	     10244	800025cc	113a9bd3	fmul.s	f23,f21,f19	 f21:0x000005b9 f19:0x7f800000 f23=0x7f800000
     102495.000 ns	     10248	800025d0	580d8053	fsqrt.s	f0,f27	 f27:0x7fc00000  f0=0x7fc00000
     102525.000 ns	     10251	800025d4	29031353	fmax.s	f6,f6,f16	  f6:0x80000000 f16:0xff800000  f6=0x80000000
     102555.000 ns	     10254	800025d8	d00423d3	fcvt.s.w	f7,x8	  x8:0x7fc00000  f7=0x4eff8000
     102575.000 ns	     10256	800025dc	defb31b7	lui	x3,0xdefb3	  x3=0xdefb3000
     102585.000 ns	     10257	800025e0	6e466393	ori	x7,x12,1764	 x12:0x00000000  x7=0x000006e4
     102605.000 ns	     10259	800025e4	03fe3b33	mulhu	x22,x28,x31	 x28:0x297ec47c x31:0x00000000 x22=0x00000000
     102655.000 ns	     10264	800025e8	000371d3	fadd.s	f3,f6,f0	  f6:0x80000000  f0:0x7fc00000  f3=0x7fc00000
     102675.000 ns	     10266	800025ec	3302b613	sltiu	x12,x5,816	  x5:0x7fc00000 x12=0x00000000
     102685.000 ns	     10267	800025f0	5c4c3793	sltiu	x15,x24,1476	 x24:0xae839000 x15=0x00000000
     103045.000 ns	     10303	800025f4	023945b3	div	x11,x18,x3	 x18:0xfeb9e53f  x3:0xdefb3000 x11=0x00000000
     103075.000 ns	     10306	800025f8	0202f6b3	remu	x13,x5,x0	  x5:0x7fc00000  x0:0x00000000 x13=0x7fc00000
     103105.000 ns	     10309	800025fc	f0038e53	fmv.w.x	f28,x7	  x7:0x000006e4 f28=0x000006e4
     103135.000 ns	     10312	80002600	02b7e133	rem	x2,x15,x11	 x15:0x00000000 x11:0x00000000  x2=0x00000000
     103155.000 ns	     10314	80002604	01e9c433	xor	x8,x19,x30	 x19:0xfc31c41b x30:0xffffffff  x8=0x03ce3be4
     103175.000 ns	     10316	80002608	037ab133	mulhu	x2,x21,x23	 x21:0x00000001 x23:0x297ec424  x2=0x00000000
     103545.000 ns	     10353	8000260c	026bdcb3	divu	x25,x23,x6	 x23:0x297ec424  x6:0x00000001 x25=0x297ec424
     103565.000 ns	     10355	80002610	7c5a8293	addi	x5,x21,1989	 x21:0x00000001  x5=0x000007c6
     103575.000 ns	     10356	80002614	a9edc813	xori	x16,x27,-1378	 x27:0x80041024 x16=0x7ffbeaba
     103585.000 ns	     10357	80002618	02e2cb13	xori	x22,x5,46	  x5:0x7fc00000 x22=0x000007e8
     103605.000 ns	     10359	8000261c	288607d3	fmin.s	f15,f12,f8	 f12:0x00000000  f8:0xffc00000 f15=0x00000000
     103975.000 ns	     10396	80002620	034b47b3	div	x15,x22,x20	 x22:0x00000000 x20:0x80040fe4 x15=0x00000000
     104025.000 ns	     10401	80002624	09e041d3	fsub.s	f3,f0,f30	  f0:0x7fc00000 f30:0x00000000  f3=0x7fc00000
     104045.000 ns	     10403	80002628	409105b3	sub	x11,x2,x9	  x2:0x00000000  x9:0x25fb11f0 x11=0xda04ee10
     104055.000 ns	     10404	8000262c	00c01f33	sll	x30,x0,x12	  x0:0x00000000 x12:0x00000000 x30=0x00000000
     104075.000 ns	     10406	80002630	a0a70fd3	fle.s	x31,f14,f10	 f14:0x964c4000 f10:0xcc738ef9 x31=0x00000000
     104445.000 ns	     10443	80002634	021643b3	div	x7,x12,x1	 x12:0x00000000  x1:0x4bf623e0  x7=0x00000000
     104465.000 ns	     10445	80002638	00696ab3	or	x21,x18,x6	 x18:0xfeb9e53f  x6:0x00000001 x21=0xfeb9e53f
     104475.000 ns	     10446	8000263c	00000013	addi	x0,x0,0	  x0:0x00000000
     104495.000 ns	     10448	80002640	c009fed3	fcvt.w.s	x29,f19	 f19:0x7f800000 x29=0x7fffffff
     104525.000 ns	     10451	80002644	c0103c53	fcvt.wu.s	x24,f0	  f0:0x7fc00000 x24=0xffffffff
     104565.000 ns	     10455	80002648	1041af53	fmul.s	f30,f3,f4	  f3:0x7fc00000  f4:0xff800000 f30=0x7fc00000
     104585.000 ns	     10457	8000264c	019b8e33	add	x28,x23,x25	 x23:0x297ec424 x25:0x297ec424 x28=0x52fd8848
     104595.000 ns	     10458	80002650	7d3a2417	auipc	x8,0x7d3a2	  x8=0xfd3a4650
     104605.000 ns	     10459	80002654	76a3f297	auipc	x5,0x76a3f	  x5=0xf6a41654
     104615.000 ns	     10460	80002658	2b20ab13	slti	x22,x1,690	  x1:0x4bf623e0 x22=0x00000000
     104645.000 ns	     10463	8000265c	580810d3	fsqrt.s	f1,f16	 f16:0xff800000  f1=0x7fc00000
     104665.000 ns	     10465	80002660	61e26893	ori	x17,x4,1566	  x4:0x00000040 x17=0x0000065e
     104685.000 ns	     10467	80002664	a042a153	feq.s	x2,f5,f4	  f5:0xcfffffff  f4:0xff800000  x2=0x00000000
     104705.000 ns	     10469	80002668	d6a04313	xori	x6,x0,-662	  x0:0x00000000  x6=0xfffffd6a
     104725.000 ns	     10471	8000266c	e00d8853	fmv.x.w	x16,f27	 f27:0x7fc00000 x16=0x7fc00000
     104745.000 ns	     10473	80002670	82418e93	addi	x29,x3,-2012	  x3:0xdefb3000 x29=0xdefb2824
     104755.000 ns	     10474	80002674	93ac0e13	addi	x28,x24,-1734	 x24:0xffffffff x28=0xfffff939
     104795.000 ns	     10478	80002678	0833f253	fsub.s	f4,f7,f3	  f7:0x4eff8000  f3:0x7fc00000  f4=0x7fc00000
     104825.000 ns	     10481	8000267c	03850b33	mul	x22,x10,x24	 x10:0x00000001 x24:0xffffffff x22=0xffffffff
     104855.000 ns	     10484	80002680	d00c7753	fcvt.s.w	f14,x24	 x24:0xffffffff f14=0xbf800000
     104875.000 ns	     10486	80002684	29166f93	ori	x31,x12,657	 x12:0x00000000 x31=0x00000291
     104885.000 ns	     10487	80002688	40fb0d33	sub	x26,x22,x15	 x22:0xffffffff x15:0x00000000 x26=0xffffffff
     104895.000 ns	     10488	8000268c	68fa7137	lui	x2,0x68fa7	  x2=0x68fa7000
     104905.000 ns	     10489	80002690	e3402e13	slti	x28,x0,-460	  x0:0x00000000 x28=0x00000000
     104925.000 ns	     10491	80002694	d01a75d3	fcvt.s.wu	f11,x20	 x20:0x80040fe4 f11=0x4f00040f
     104955.000 ns	     10494	80002698	2172a653	fsgnjx.s	f12,f5,f23	  f5:0xcfffffff f23:0x7f800000 f12=0xcfffffff
     104975.000 ns	     10496	8000269c	41f3dd13	srai	x26,x7,0x1f	  x7:0x00000000 x26=0x00000000
     104985.000 ns	     10497	800026a0	01053e33	sltu	x28,x10,x16	 x10:0x00000001 x16:0x7fc00000 x28=0x00000001
     105005.000 ns	     10499	800026a4	036cb233	mulhu	x4,x25,x22	 x25:0x297ec424 x22:0xffffffff  x4=0x297ec423
     105025.000 ns	     10501	800026a8	ecb0e293	ori	x5,x1,-309	  x1:0x4bf623e0  x5=0xffffffeb
     105035.000 ns	     10502	800026ac	0cfefb97	auipc	x23,0xcfef	 x23=0x8cff16ac
     105055.000 ns	     10504	800026b0	a0dda3d3	feq.s	x7,f27,f13	 f27:0x7fc00000 f13:0xcf800000  x7=0x00000000
     105085.000 ns	     10507	800026b4	20fb01d3	fsgnj.s	f3,f22,f15	 f22:0xc4360000 f15:0x00000000  f3=0x44360000
     105455.000 ns	     10544	800026b8	030e4ab3	div	x21,x28,x16	 x28:0x00000001 x16:0x7fc00000 x21=0x00000000
     105495.000 ns	     10548	800026bc	102af4d3	fmul.s	f9,f21,f2	 f21:0x000005b9  f2:0x000005b9  f9=0x00000000
     105515.000 ns	     10550	800026c0	41825d33	sra	x26,x4,x24	  x4:0x297ec423 x24:0xffffffff x26=0x00000000
     105535.000 ns	     10552	800026c4	20b28553	fsgnj.s	f10,f5,f11	  f5:0xcfffffff f11:0x4f00040f f10=0x4fffffff
     105905.000 ns	     10589	800026c8	023cc333	div	x6,x25,x3	 x25:0x297ec424  x3:0xdefb3000  x6=0xffffffff
     105925.000 ns	     10591	800026cc	41cc0fb3	sub	x31,x24,x28	 x24:0xffffffff x28:0x00000001 x31=0xfffffffe
     105955.000 ns	     10594	800026d0	185df6d3	fdiv.s	f13,f27,f5	 f27:0x7fc00000  f5:0xcfffffff f13=0x7fc00000
     105975.000 ns	     10596	800026d4	41a081b3	sub	x3,x1,x26	  x1:0x4bf623e0 x26:0x00000000  x3=0x4bf623e0
     105985.000 ns	     10597	800026d8	01ac22b3	slt	x5,x24,x26	 x24:0xffffffff x26:0x00000000  x5=0x00000001
     105995.000 ns	     10598	800026dc	00c7fd33	and	x26,x15,x12	 x15:0x00000000 x12:0x00000000 x26=0x00000000
     106005.000 ns	     10599	800026e0	4482a813	slti	x16,x5,1096	  x5:0xffffffeb x16=0x00000001
     106015.000 ns	     10600	800026e4	7535eb13	ori	x22,x11,1875	 x11:0xda04ee10 x22=0xda04ef53
     106025.000 ns	     10601	800026e8	00441e93	slli	x29,x8,0x4	  x8:0xfd3a4650 x29=0xd3a46500
     106035.000 ns	     10602	800026ec	41200d33	sub	x26,x0,x18	  x0:0x00000000 x18:0xfeb9e53f x26=0x01461ac1
     106055.000 ns	     10604	800026f0	03952433	mulhsu	x8,x10,x25	 x10:0x00000001 x25:0x297ec424  x8=0x00000000
     106075.000 ns	     10606	800026f4	01f07633	and	x12,x0,x31	  x0:0x00000000 x31:0xfffffffe x12=0x00000000
     106085.000 ns	     10607	800026f8	01c802b3	add	x5,x16,x28	 x16:0x00000001 x28:0x00000001  x5=0x00000002
     106105.000 ns	     10609	800026fc	a19e0453	fle.s	x8,f28,f25	 f28:0x000006e4 f25:0x7f800000  x8=0x00000001
     106135.000 ns	     10612	80002700	29fd17d3	fmax.s	f15,f26,f31	 f26:0xcc738ef9 f31:0x4cd71ca6 f15=0x4cd71ca6
     106155.000 ns	     10614	80002704	01ba9513	slli	x10,x21,0x1b	 x21:0x00000000 x10=0x00000000
     106515.000 ns	     10650	80002708	032de733	rem	x14,x27,x18	 x27:0x80041024 x18:0xfeb9e53f x14=0xff668388
     106885.000 ns	     10687	8000270c	021bfe33	remu	x28,x23,x1	 x23:0x8cff16ac  x1:0x4bf623e0 x28=0x4108f2cc
     106915.000 ns	     10690	80002710	d0169a53	fcvt.s.wu	f20,x13	 x13:0x7fc00000 f20=0x4eff8000
     106935.000 ns	     10692	80002714	eac54693	xori	x13,x10,-340	 x10:0x00000000 x13=0xfffffeac
     106955.000 ns	     10694	80002718	c01b8553	fcvt.wu.s	x10,f23	 f23:0x7f800000 x10=0xffffffff
     106975.000 ns	     10696	8000271c	4194d293	srai	x5,x9,0x19	  x9:0x25fb11f0  x5=0x00000012
     106985.000 ns	     10697	80002720	006100b3	add	x1,x2,x6	  x2:0x68fa7000  x6:0xffffffff  x1=0x68fa6fff
     106995.000 ns	     10698	80002724	9ee9ae93	slti	x29,x19,-1554	 x19:0xfc31c41b x29=0x00000001
     107015.000 ns	     10700	80002728	20362b53	fsgnjx.s	f22,f12,f3	 f12:0xcfffffff  f3:0x44360000 f22=0xcfffffff
     107035.000 ns	     10702	8000272c	41cbdcb3	sra	x25,x23,x28	 x23:0x8cff16ac x28:0x4108f2cc x25=0xfff8cff1
     107055.000 ns	     10704	80002730	d01c70d3	fcvt.s.wu	f1,x24	 x24:0xffffffff  f1=0x4f7fffff
     107075.000 ns	     10706	80002734	501b7713	andi	x14,x22,1281	 x22:0xda04ef53 x14=0x00000501
     107435.000 ns	     10742	80002738	039ce6b3	rem	x13,x25,x25	 x25:0xfff8cff1 x25:0xfff8cff1 x13=0x00000000
     107465.000 ns	     10745	8000273c	218a92d3	fsgnjn.s	f5,f21,f24	 f21:0x000005b9 f24:0x00000000  f5=0x800005b9
     107485.000 ns	     10747	80002740	00000013	addi	x0,x0,0	  x0:0x00000000
     107495.000 ns	     10748	80002744	01a49633	sll	x12,x9,x26	  x9:0x25fb11f0 x26:0x01461ac1 x12=0x4bf623e0
     107505.000 ns	     10749	80002748	00eb6833	or	x16,x22,x14	 x22:0xda04ef53 x14:0x00000501 x16=0xda04ef53
     107525.000 ns	     10751	8000274c	a0af9c53	flt.s	x24,f31,f10	 f31:0x4cd71ca6 f10:0x4fffffff x24=0x00000001
     107545.000 ns	     10753	80002750	002c9f33	sll	x30,x25,x2	 x25:0xfff8cff1  x2:0x68fa7000 x30=0xfff8cff1
     107575.000 ns	     10756	80002754	118af1d3	fmul.s	f3,f21,f24	 f21:0x000005b9 f24:0x00000000  f3=0x00000000
     107595.000 ns	     10758	80002758	eeb22413	slti	x8,x4,-277	  x4:0x297ec423  x8=0x00000000
     107605.000 ns	     10759	8000275c	0140f133	and	x2,x1,x20	  x1:0x68fa6fff x20:0x80040fe4  x2=0x00000fe4
     107625.000 ns	     10761	80002760	a0e89553	flt.s	x10,f17,f14	 f17:0x00000000 f14:0xbf800000 x10=0x00000000
     107655.000 ns	     10764	80002764	a1912153	feq.s	x2,f2,f25	  f2:0x000005b9 f25:0x7f800000  x2=0x00000000
     107685.000 ns	     10767	80002768	28c89a53	fmax.s	f20,f17,f12	 f17:0x00000000 f12:0xcfffffff f20=0x00000000
     107715.000 ns	     10770	8000276c	a0cf1853	flt.s	x16,f30,f12	 f30:0x7fc00000 f12:0xcfffffff x16=0x00000000
     107745.000 ns	     10773	80002770	a1c62f53	feq.s	x30,f12,f28	 f12:0xcfffffff f28:0x000006e4 x30=0x00000000
     107765.000 ns	     10775	80002774	00712233	slt	x4,x2,x7	  x2:0x00000000  x7:0x00000000  x4=0x00000000
     108935.000 ns	     10892	80002778	5807fed3	fsqrt.s	f29,f15	 f15:0x4cd71ca6 f29=0x4625ef47
     108965.000 ns	     10895	8000277c	0307e633	rem	x12,x15,x16	 x15:0x00000000 x16:0x00000000 x12=0x00000000
     108995.000 ns	     10898	80002780	034a0e33	mul	x28,x20,x20	 x20:0x80040fe4 x20:0x80040fe4 x28=0x801c8310
     109025.000 ns	     10901	80002784	02040033	mul	x0,x8,x0	  x8:0x00000000  x0:0x00000000
     109055.000 ns	     10904	80002788	d01590d3	fcvt.s.wu	f1,x11	 x11:0xda04ee10  f1=0x4f5a04ee
     109085.000 ns	     10907	8000278c	e00e8c53	fmv.x.w	x24,f29	 f29:0x4625ef47 x24=0x4625ef47
     109115.000 ns	     10910	80002790	02acb8b3	mulhu	x17,x25,x10	 x25:0xfff8cff1 x10:0x00000000 x17=0x00000000
     109145.000 ns	     10913	80002794	21468753	fsgnj.s	f14,f13,f20	 f13:0x7fc00000 f20:0x00000000 f14=0x7fc00000
     109165.000 ns	     10915	80002798	00000013	addi	x0,x0,0	  x0:0x00000000
     109185.000 ns	     10917	8000279c	f0078dd3	fmv.w.x	f27,x15	 x15:0x00000000 f27=0x00000000
     109205.000 ns	     10919	800027a0	00404fb3	xor	x31,x0,x4	  x0:0x00000000  x4:0x00000000 x31=0x00000000
     109225.000 ns	     10921	800027a4	20eb9fd3	fsgnjn.s	f31,f23,f14	 f23:0x7f800000 f14:0x7fc00000 f31=0xff800000
     109245.000 ns	     10923	800027a8	005c1f93	slli	x31,x24,0x5	 x24:0x4625ef47 x31=0xc4bde8e0
     109265.000 ns	     10925	800027ac	214d1553	fsgnjn.s	f10,f26,f20	 f26:0xcc738ef9 f20:0x00000000 f10=0xcc738ef9
     109285.000 ns	     10927	800027b0	bc442913	slti	x18,x8,-1084	  x8:0x00000000 x18=0x00000000
     109325.000 ns	     10931	800027b4	00747fd3	fadd.s	f31,f8,f7	  f8:0xffc00000  f7:0x4eff8000 f31=0x7fc00000
     109345.000 ns	     10933	800027b8	947b3393	sltiu	x7,x22,-1721	 x22:0xda04ef53  x7=0x00000001
     109355.000 ns	     10934	800027bc	01fb8333	add	x6,x23,x31	 x23:0x8cff16ac x31:0xc4bde8e0  x6=0x51bcff8c
     109365.000 ns	     10935	800027c0	b8196893	ori	x17,x18,-1151	 x18:0x00000000 x17=0xfffffb81
     109725.000 ns	     10971	800027c4	03484ab3	div	x21,x16,x20	 x16:0x00000000 x20:0x80040fe4 x21=0x00000000
     109745.000 ns	     10973	800027c8	3d286b13	ori	x22,x16,978	 x16:0x00000000 x22=0x000003d2
     109765.000 ns	     10975	800027cc	02435033	divu	x0,x6,x4	  x6:0x51bcff8c  x4:0x00000000
     109795.000 ns	     10978	800027d0	d00bfdd3	fcvt.s.w	f27,x23	 x23:0x8cff16ac f27=0xcee601d2
     109825.000 ns	     10981	800027d4	03681333	mulh	x6,x16,x22	 x16:0x00000000 x22:0x000003d2  x6=0x00000000
     109845.000 ns	     10983	800027d8	008e9493	slli	x9,x29,0x8	 x29:0x00000001  x9=0x00000100
     109855.000 ns	     10984	800027dc	014a66b3	or	x13,x20,x20	 x20:0x80040fe4 x20:0x80040fe4 x13=0x80040fe4
     109865.000 ns	     10985	800027e0	f0404c13	xori	x24,x0,-252	  x0:0x00000000 x24=0xffffff04
     109885.000 ns	     10987	800027e4	29d51053	fmax.s	f0,f10,f29	 f10:0xcc738ef9 f29:0x4625ef47  f0=0x4625ef47
     109915.000 ns	     10990	800027e8	200c98d3	fsgnjn.s	f17,f25,f0	 f25:0x7f800000  f0:0x7fc00000 f17=0xff800000
     109945.000 ns	     10993	800027ec	20a518d3	fsgnjn.s	f17,f10,f10	 f10:0xcc738ef9 f10:0xcc738ef9 f17=0x4c738ef9
     109965.000 ns	     10995	800027f0	00e6c3b3	xor	x7,x13,x14	 x13:0x80040fe4 x14:0x00000501  x7=0x80040ae5
     109975.000 ns	     10996	800027f4	018a1033	sll	x0,x20,x24	 x20:0x80040fe4 x24:0xffffff04
     109995.000 ns	     10998	800027f8	c019f4d3	fcvt.wu.s	x9,f19	 f19:0x7f800000  x9=0xffffffff
     110025.000 ns	     11001	800027fc	293e90d3	fmax.s	f1,f29,f19	 f29:0x4625ef47 f19:0x7f800000  f1=0x7f800000
     110075.000 ns	     11006	80002800	09530c53	fsub.s	f24,f6,f21	  f6:0x80000000 f21:0x000005b9 f24=0x800005b9
     110105.000 ns	     11009	80002804	d01a78d3	fcvt.s.wu	f17,x20	 x20:0x80040fe4 f17=0x4f00040f
     110125.000 ns	     11011	80002808	01b8a0b3	slt	x1,x17,x27	 x17:0xfffffb81 x27:0x80041024  x1=0x00000000
     110145.000 ns	     11013	8000280c	02c086b3	mul	x13,x1,x12	  x1:0x68fa6fff x12:0x00000000 x13=0x00000000
     110175.000 ns	     11016	80002810	21421b53	fsgnjn.s	f22,f4,f20	  f4:0x7fc00000 f20:0x00000000 f22=0xffc00000
     110205.000 ns	     11019	80002814	02aafbb3	remu	x23,x21,x10	 x21:0x00000000 x10:0x00000000 x23=0x00000000
     110235.000 ns	     11022	80002818	0360bfb3	mulhu	x31,x1,x22	  x1:0x00000000 x22:0x000003d2 x31=0x00000000
     110255.000 ns	     11024	8000281c	e4a335b7	lui	x11,0xe4a33	 x11=0xe4a33000
     110265.000 ns	     11025	80002820	016b5313	srli	x6,x22,0x16	 x22:0x000003d2  x6=0x00000000
     110285.000 ns	     11027	80002824	02dfa0b3	mulhsu	x1,x31,x13	 x31:0x00000000 x13:0x00000000  x1=0x00000000
     110315.000 ns	     11030	80002828	f0030653	fmv.w.x	f12,x6	  x6:0x00000000 f12=0x00000000
     110345.000 ns	     11033	8000282c	02daf033	remu	x0,x21,x13	 x21:0x00000000 x13:0x00000000
     110365.000 ns	     11035	80002830	1aec6193	ori	x3,x24,430	 x24:0xffffff04  x3=0xffffffae
     110385.000 ns	     11037	80002834	02d72133	mulhsu	x2,x14,x13	 x14:0x00000501 x13:0x00000000  x2=0x00000000
     110425.000 ns	     11041	80002838	58067ed3	fsqrt.s	f29,f12	 f12:0x00000000 f29=0x00000000
     110455.000 ns	     11044	8000283c	21a32753	fsgnjx.s	f14,f6,f26	  f6:0x80000000 f26:0xcc738ef9 f14=0x00000000
     110475.000 ns	     11046	80002840	88c23f13	sltiu	x30,x4,-1908	  x4:0x00000000 x30=0x00000001
     110485.000 ns	     11047	80002844	7a5d2f13	slti	x30,x26,1957	 x26:0x01461ac1 x30=0x00000000
     110495.000 ns	     11048	80002848	0cd56297	auipc	x5,0xcd56	  x5=0x8cd58848
     110505.000 ns	     11049	8000284c	0121b533	sltu	x10,x3,x18	  x3:0xffffffae x18:0x00000000 x10=0x00000000
     110525.000 ns	     11051	80002850	d00c73d3	fcvt.s.w	f7,x24	 x24:0xffffff04  f7=0xc37c0000
     110545.000 ns	     11053	80002854	e83c7093	andi	x1,x24,-381	 x24:0xffffff04  x1=0xfffffe00
     110565.000 ns	     11055	80002858	033aa8b3	mulhsu	x17,x21,x19	 x21:0x00000000 x19:0xfc31c41b x17=0x00000000
     110585.000 ns	     11057	8000285c	4052da93	srai	x21,x5,0x5	  x5:0x8cd58848 x21=0xfc66ac42
     110605.000 ns	     11059	80002860	28698953	fmin.s	f18,f19,f6	 f19:0x7f800000  f6:0x80000000 f18=0x80000000
     110635.000 ns	     11062	80002864	207ea253	fsgnjx.s	f4,f29,f7	 f29:0x00000000  f7:0xc37c0000  f4=0x80000000
     110665.000 ns	     11065	80002868	a0969253	flt.s	x4,f13,f9	 f13:0x7fc00000  f9:0x00000000  x4=0x00000000
     110695.000 ns	     11068	8000286c	20f3aa53	fsgnjx.s	f20,f7,f15	  f7:0xc37c0000 f15:0x4cd71ca6 f20=0xc37c0000
     110745.000 ns	     11073	80002870	09a3a253	fsub.s	f4,f7,f26	  f7:0xc37c0000 f26:0xcc738ef9  f4=0x4c738eba
     110775.000 ns	     11076	80002874	206907d3	fsgnj.s	f15,f18,f6	 f18:0x80000000  f6:0x80000000 f15=0x80000000
     110795.000 ns	     11078	80002878	405fde33	sra	x28,x31,x5	 x31:0x00000000  x5:0x8cd58848 x28=0x00000000
     110815.000 ns	     11080	8000287c	21ad2453	fsgnjx.s	f8,f26,f26	 f26:0xcc738ef9 f26:0xcc738ef9  f8=0x4c738ef9
     110845.000 ns	     11083	80002880	20698c53	fsgnj.s	f24,f19,f6	 f19:0x7f800000  f6:0x80000000 f24=0xff800000
     110865.000 ns	     11085	80002884	9d7c8893	addi	x17,x25,-1577	 x25:0xfff8cff1 x17=0xfff8c9c8
     110875.000 ns	     11086	80002888	00429133	sll	x2,x5,x4	  x5:0x8cd58848  x4:0x00000000  x2=0x8cd58848
     110895.000 ns	     11088	8000288c	03531033	mulh	x0,x6,x21	  x6:0x00000000 x21:0xfc66ac42
     111265.000 ns	     11125	80002890	0222f2b3	remu	x5,x5,x2	  x5:0x8cd58848  x2:0x00000000  x5=0x00000000
     111295.000 ns	     11128	80002894	02a296b3	mulh	x13,x5,x10	  x5:0x8cd58848 x10:0x00000000 x13=0x00000000
     111315.000 ns	     11130	80002898	00000013	addi	x0,x0,0	  x0:0x00000000
     111325.000 ns	     11131	8000289c	00000013	addi	x0,x0,0	  x0:0x00000000
     111335.000 ns	     11132	800028a0	32d8a813	slti	x16,x17,813	 x17:0xfff8c9c8 x16=0x00000001
     111355.000 ns	     11134	800028a4	03f715b3	mulh	x11,x14,x31	 x14:0x00000501 x31:0x00000000 x11=0x00000000
     111375.000 ns	     11136	800028a8	00000013	addi	x0,x0,0	  x0:0x00000000
     111385.000 ns	     11137	800028ac	7160ec17	auipc	x24,0x7160e	 x24=0xf16108ac
     111405.000 ns	     11139	800028b0	02c7f833	remu	x16,x15,x12	 x15:0x00000000 x12:0x00000000 x16=0x00000000
     111435.000 ns	     11142	800028b4	03d825b3	mulhsu	x11,x16,x29	 x16:0x00000001 x29:0x00000001 x11=0x00000000
     111465.000 ns	     11145	800028b8	21af8353	fsgnj.s	f6,f31,f26	 f31:0x7fc00000 f26:0xcc738ef9  f6=0xffc00000
     111485.000 ns	     11147	800028bc	0167f233	and	x4,x15,x22	 x15:0x00000000 x22:0x000003d2  x4=0x00000000
     111495.000 ns	     11148	800028c0	019f75b3	and	x11,x30,x25	 x30:0x00000000 x25:0xfff8cff1 x11=0x00000000
     111525.000 ns	     11151	800028c4	1962f7d3	fdiv.s	f15,f5,f22	  f5:0x800005b9 f22:0xffc00000 f15=0x7fc00000
     111555.000 ns	     11154	800028c8	203e12d3	fsgnjn.s	f5,f28,f3	 f28:0x000006e4  f3:0x00000000  f5=0x800006e4
     111575.000 ns	     11156	800028cc	01881033	sll	x0,x16,x24	 x16:0x00000000 x24:0xf16108ac
     111585.000 ns	     11157	800028d0	01050b33	add	x22,x10,x16	 x10:0x00000000 x16:0x00000000 x22=0x00000000
     111595.000 ns	     11158	800028d4	fd220393	addi	x7,x4,-46	  x4:0x00000000  x7=0xffffffd2
     111635.000 ns	     11162	800028d8	012a15d3	fadd.s	f11,f20,f18	 f20:0xc37c0000 f18:0x80000000 f11=0xc37c0000
     111675.000 ns	     11166	800028dc	10424b53	fmul.s	f22,f4,f4	  f4:0x4c738eba  f4:0x4c738eba f22=0x5967b845
     111705.000 ns	     11169	800028e0	034ebeb3	mulhu	x29,x29,x20	 x29:0x00000001 x20:0x80040fe4 x29=0x00000000
     111725.000 ns	     11171	800028e4	92263d17	auipc	x26,0x92263	 x26=0x122658e4
     111735.000 ns	     11172	800028e8	0115e933	or	x18,x11,x17	 x11:0x00000000 x17:0xfff8c9c8 x18=0xfff8c9c8
     111755.000 ns	     11174	800028ec	21611553	fsgnjn.s	f10,f2,f22	  f2:0x000005b9 f22:0x5967b845 f10=0x800005b9
     111785.000 ns	     11177	800028f0	02bdce33	div	x28,x27,x11	 x27:0x80041024 x11:0x00000000 x28=0xffffffff
     111805.000 ns	     11179	800028f4	00595893	srli	x17,x18,0x5	 x18:0xfff8c9c8 x17=0x07ffc64e
     111815.000 ns	     11180	800028f8	007ff633	and	x12,x31,x7	 x31:0x00000000  x7:0xffffffd2 x12=0x00000000
     111835.000 ns	     11182	800028fc	02459e33	mulh	x28,x11,x4	 x11:0x00000000  x4:0x00000000 x28=0x00000000
     111875.000 ns	     11186	80002900	580926d3	fsqrt.s	f13,f18	 f18:0x80000000 f13=0x80000000
     111895.000 ns	     11188	80002904	f20afa93	andi	x21,x21,-224	 x21:0xfc66ac42 x21=0xfc66ac00
     111905.000 ns	     11189	80002908	406952b3	sra	x5,x18,x6	 x18:0xfff8c9c8  x6:0x00000000  x5=0xfff8c9c8
     111925.000 ns	     11191	8000290c	a14a96d3	flt.s	x13,f21,f20	 f21:0x000005b9 f20:0xc37c0000 x13=0x00000000
     111945.000 ns	     11193	80002910	b3719717	auipc	x14,0xb3719	 x14=0x3371b910
     111955.000 ns	     11194	80002914	003a9113	slli	x2,x21,0x3	 x21:0xfc66ac00  x2=0xe3356000
     111965.000 ns	     11195	80002918	01f95913	srli	x18,x18,0x1f	 x18:0xfff8c9c8 x18=0x00000001
     111975.000 ns	     11196	8000291c	dd82ed37	lui	x26,0xdd82e	 x26=0xdd82e000
     111995.000 ns	     11198	80002920	03cb7e33	remu	x28,x22,x28	 x22:0x00000000 x28:0x00000000 x28=0x00000000
     112045.000 ns	     11203	80002924	09fdf953	fsub.s	f18,f27,f31	 f27:0xcee601d2 f31:0x7fc00000 f18=0x7fc00000
     112075.000 ns	     11206	80002928	e0041753	fclass.s	x14,f8	  f8:0x4c738ef9 x14=0x00000040
     112105.000 ns	     11209	8000292c	20111d53	fsgnjn.s	f26,f2,f1	  f2:0x000005b9  f1:0x7f800000 f26=0x800005b9
     112135.000 ns	     11212	80002930	03b72eb3	mulhsu	x29,x14,x27	 x14:0x00000040 x27:0x80041024 x29=0x00000020
     112165.000 ns	     11215	80002934	a17a2fd3	feq.s	x31,f20,f23	 f20:0xc37c0000 f23:0x7f800000 x31=0x00000000
     112535.000 ns	     11252	80002938	03b7deb3	divu	x29,x15,x27	 x15:0x00000000 x27:0x80041024 x29=0x00000000
     112555.000 ns	     11254	8000293c	4006d833	sra	x16,x13,x0	 x13:0x00000000  x0:0x00000000 x16=0x00000000
     112565.000 ns	     11255	80002940	fe5ea413	slti	x8,x29,-27	 x29:0x00000000  x8=0x00000000
     112575.000 ns	     11256	80002944	d2b48237	lui	x4,0xd2b48	  x4=0xd2b48000
     112605.000 ns	     11259	80002948	111089d3	fmul.s	f19,f1,f17	  f1:0x7f800000 f17:0x4f00040f f19=0x7f800000
     112635.000 ns	     11262	8000294c	21e596d3	fsgnjn.s	f13,f11,f30	 f11:0xc37c0000 f30:0x7fc00000 f13=0xc37c0000
     112675.000 ns	     11266	80002950	196f7fd3	fdiv.s	f31,f30,f22	 f30:0x7fc00000 f22:0x5967b845 f31=0x7fc00000
     112695.000 ns	     11268	80002954	012ceb33	or	x22,x25,x18	 x25:0xfff8cff1 x18:0x00000001 x22=0xfff8cff1
     112705.000 ns	     11269	80002958	58d50a93	addi	x21,x10,1421	 x10:0x00000000 x21=0x0000058d
     112725.000 ns	     11271	8000295c	02d3b433	mulhu	x8,x7,x13	  x7:0xffffffd2 x13:0x00000000  x8=0x00000000
     112755.000 ns	     11274	80002960	e0011c53	fclass.s	x24,f2	  f2:0x000005b9 x24=0x00000020
     112785.000 ns	     11277	80002964	20ec1653	fsgnjn.s	f12,f24,f14	 f24:0xff800000 f14:0x00000000 f12=0xff800000
     112805.000 ns	     11279	80002968	41edd733	sra	x14,x27,x30	 x27:0x80041024 x30:0x00000000 x14=0x80041024
     112825.000 ns	     11281	8000296c	21ce99d3	fsgnjn.s	f19,f29,f28	 f29:0x00000000 f28:0x000006e4 f19=0x80000000
     112875.000 ns	     11286	80002970	096b94d3	fsub.s	f9,f23,f22	 f23:0x7f800000 f22:0x5967b845  f9=0x7f800000
     112905.000 ns	     11289	80002974	f00a03d3	fmv.w.x	f7,x20	 x20:0x80040fe4  f7=0x80040fe4
     112935.000 ns	     11292	80002978	a12296d3	flt.s	x13,f5,f18	  f5:0x800006e4 f18:0x7fc00000 x13=0x00000000
     112955.000 ns	     11294	8000297c	98ab0f93	addi	x31,x22,-1654	 x22:0xfff8cff1 x31=0xfff8c97b
     112975.000 ns	     11296	80002980	f0020553	fmv.w.x	f10,x4	  x4:0xd2b48000 f10=0xd2b48000
     112995.000 ns	     11298	80002984	f63f7a93	andi	x21,x30,-157	 x30:0x00000000 x21=0x00000000
     113015.000 ns	     11300	80002988	d01a84d3	fcvt.s.wu	f9,x21	 x21:0x0000058d  f9=0x00000000
     113035.000 ns	     11302	8000298c	01898e33	add	x28,x19,x24	 x19:0xfc31c41b x24:0x00000020 x28=0xfc31c43b
     113045.000 ns	     11303	80002990	bc0c0513	addi	x10,x24,-1088	 x24:0x00000020 x10=0xfffffbe0
     113055.000 ns	     11304	80002994	415483b3	sub	x7,x9,x21	  x9:0xffffffff x21:0x00000000  x7=0xffffffff
     113095.000 ns	     11308	80002998	0973ffd3	fsub.s	f31,f7,f23	  f7:0x80040fe4 f23:0x7f800000 f31=0xff800000
     113115.000 ns	     11310	8000299c	001d1d13	slli	x26,x26,0x1	 x26:0xdd82e000 x26=0xbb05c000
     113135.000 ns	     11312	800029a0	f0040253	fmv.w.x	f4,x8	  x8:0x00000000  f4=0x00000000
     113155.000 ns	     11314	800029a4	c38d2113	slti	x2,x26,-968	 x26:0xdd82e000  x2=0x00000001
     113165.000 ns	     11315	800029a8	018d0e33	add	x28,x26,x24	 x26:0xbb05c000 x24:0x00000020 x28=0xbb05c020
     113185.000 ns	     11317	800029ac	e0039553	fclass.s	x10,f7	  f7:0x80040fe4 x10=0x00000004
     113205.000 ns	     11319	800029b0	ac3e8913	addi	x18,x29,-1341	 x29:0x00000000 x18=0xfffffac3
     113565.000 ns	     11355	800029b4	02565eb3	divu	x29,x12,x5	 x12:0x00000000  x5:0xfff8c9c8 x29=0x00000000
     113585.000 ns	     11357	800029b8	404505b3	sub	x11,x10,x4	 x10:0x00000004  x4:0xd2b48000 x11=0x2d4b8004
     113595.000 ns	     11358	800029bc	0053a1b3	slt	x3,x7,x5	  x7:0xffffffff  x5:0xfff8c9c8  x3=0x00000000
     113625.000 ns	     11361	800029c0	5809fb53	fsqrt.s	f22,f19	 f19:0x80000000 f22=0x80000000
     113645.000 ns	     11363	800029c4	00e28f33	add	x30,x5,x14	  x5:0xfff8c9c8 x14:0x80041024 x30=0x7ffcd9ec
     113665.000 ns	     11365	800029c8	031d9f33	mulh	x30,x27,x17	 x27:0x80041024 x17:0x07ffc64e x30=0xfc003d59
     113695.000 ns	     11368	800029cc	a1b71bd3	flt.s	x23,f14,f27	 f14:0x00000000 f27:0xcee601d2 x23=0x00000000
     113725.000 ns	     11371	800029d0	c00fff53	fcvt.w.s	x30,f31	 f31:0xff800000 x30=0x80000000
     113755.000 ns	     11374	800029d4	d00a71d3	fcvt.s.w	f3,x20	 x20:0x80040fe4  f3=0xcefff7e0
     113775.000 ns	     11376	800029d8	41088133	sub	x2,x17,x16	 x17:0x07ffc64e x16:0x00000000  x2=0x07ffc64e
     113785.000 ns	     11377	800029dc	00687633	and	x12,x16,x6	 x16:0x00000000  x6:0x00000000 x12=0x00000000
     113825.000 ns	     11381	800029e0	018e7e53	fadd.s	f28,f28,f24	 f28:0x000006e4 f24:0xff800000 f28=0xff800000
     113845.000 ns	     11383	800029e4	4feba113	slti	x2,x23,1278	 x23:0x00000000  x2=0x00000001
     113855.000 ns	     11384	800029e8	414c5493	srai	x9,x24,0x14	 x24:0x00000020  x9=0x00000000
     113895.000 ns	     11388	800029ec	0932a553	fsub.s	f10,f5,f19	  f5:0x800006e4 f19:0x80000000 f10=0x800006e4
     113925.000 ns	     11391	800029f0	038698b3	mulh	x17,x13,x24	 x13:0x00000000 x24:0x00000020 x17=0x00000000
     113955.000 ns	     11394	800029f4	a0832ed3	feq.s	x29,f6,f8	  f6:0xffc00000  f8:0x4c738ef9 x29=0x00000000
     113985.000 ns	     11397	800029f8	a0918fd3	fle.s	x31,f3,f9	  f3:0xcefff7e0  f9:0x00000000 x31=0x00000001
     114015.000 ns	     11400	800029fc	02083433	mulhu	x8,x16,x0	 x16:0x00000000  x0:0x00000000  x8=0x00000000
     114045.000 ns	     11403	80002a00	026e8fb3	mul	x31,x29,x6	 x29:0x00000000  x6:0x00000000 x31=0x00000000
     114075.000 ns	     11406	80002a04	e00402d3	fmv.x.w	x5,f8	  f8:0x4c738ef9  x5=0x4c738ef9
     114095.000 ns	     11408	80002a08	00000013	addi	x0,x0,0	  x0:0x00000000
     114115.000 ns	     11410	80002a0c	03b53eb3	mulhu	x29,x10,x27	 x10:0x00000004 x27:0x80041024 x29=0x00000002
     114135.000 ns	     11412	80002a10	40025213	srai	x4,x4,0x0	  x4:0xd2b48000  x4=0xd2b48000
     114145.000 ns	     11413	80002a14	29380693	addi	x13,x16,659	 x16:0x00000000 x13=0x00000293
     114175.000 ns	     11416	80002a18	189afc53	fdiv.s	f24,f21,f9	 f21:0x000005b9  f9:0x00000000 f24=0x7f800000
     114195.000 ns	     11418	80002a1c	01db2fb3	slt	x31,x22,x29	 x22:0xfff8cff1 x29:0x00000002 x31=0x00000001
     114205.000 ns	     11419	80002a20	003e9c93	slli	x25,x29,0x3	 x29:0x00000002 x25=0x00000010
     114215.000 ns	     11420	80002a24	0128d033	srl	x0,x17,x18	 x17:0x00000000 x18:0xfffffac3
     114245.000 ns	     11423	80002a28	58067353	fsqrt.s	f6,f12	 f12:0xff800000  f6=0x7fc00000
     114265.000 ns	     11425	80002a2c	018742b3	xor	x5,x14,x24	 x14:0x80041024 x24:0x00000020  x5=0x80041004
     114275.000 ns	     11426	80002a30	418ddd33	sra	x26,x27,x24	 x27:0x80041024 x24:0x00000020 x26=0x80041024
     114635.000 ns	     11462	80002a34	02e57133	remu	x2,x10,x14	 x10:0x00000004 x14:0x80041024  x2=0x00000004
     114675.000 ns	     11466	80002a38	11c273d3	fmul.s	f7,f4,f28	  f4:0x00000000 f28:0xff800000  f7=0x7fc00000
     114705.000 ns	     11469	80002a3c	02c0b6b3	mulhu	x13,x1,x12	  x1:0xfffffe00 x12:0x00000000 x13=0x00000000
     114735.000 ns	     11472	80002a40	03c29bb3	mulh	x23,x5,x28	  x5:0x80041004 x28:0xbb05c020 x23=0x227c07b6
     114765.000 ns	     11475	80002a44	f00f8c53	fmv.w.x	f24,x31	 x31:0x00000001 f24=0x00000001
     114795.000 ns	     11478	80002a48	0291a233	mulhsu	x4,x3,x9	  x3:0x00000000  x9:0x00000000  x4=0x00000000
     114815.000 ns	     11480	80002a4c	01de6cb3	or	x25,x28,x29	 x28:0xbb05c020 x29:0x00000002 x25=0xbb05c022
     115175.000 ns	     11516	80002a50	03fcdfb3	divu	x31,x25,x31	 x25:0x00000010 x31:0x00000001 x31=0xbb05c022
     115195.000 ns	     11518	80002a54	4129d733	sra	x14,x19,x18	 x19:0xfc31c41b x18:0xfffffac3 x14=0xff863883
     115225.000 ns	     11521	80002a58	5801b9d3	fsqrt.s	f19,f3	  f3:0xcefff7e0 f19=0x7fc00000
     115245.000 ns	     11523	80002a5c	006a9c93	slli	x25,x21,0x6	 x21:0x00000000 x25=0x00000000
     115265.000 ns	     11525	80002a60	20dd8453	fsgnj.s	f8,f27,f13	 f27:0xcee601d2 f13:0xc37c0000  f8=0xcee601d2
     115285.000 ns	     11527	80002a64	00000013	addi	x0,x0,0	  x0:0x00000000
     115305.000 ns	     11529	80002a68	02d548b3	div	x17,x10,x13	 x10:0x00000004 x13:0x00000000 x17=0xffffffff
     115325.000 ns	     11531	80002a6c	41a857b3	sra	x15,x16,x26	 x16:0x00000000 x26:0x80041024 x15=0x00000000
     115345.000 ns	     11533	80002a70	030ee533	rem	x10,x29,x16	 x29:0x00000002 x16:0x00000000 x10=0x00000002
     115385.000 ns	     11537	80002a74	580b02d3	fsqrt.s	f5,f22	 f22:0x80000000  f5=0x80000000
     115405.000 ns	     11539	80002a78	05544717	auipc	x14,0x5544	 x14=0x85546a78
     115425.000 ns	     11541	80002a7c	f00d03d3	fmv.w.x	f7,x26	 x26:0x80041024  f7=0x80041024
     115445.000 ns	     11543	80002a80	3c31e213	ori	x4,x3,963	  x3:0x00000000  x4=0x000003c3
     115465.000 ns	     11545	80002a84	037e9733	mulh	x14,x29,x23	 x29:0x00000002 x23:0x227c07b6 x14=0x00000000
     115485.000 ns	     11547	80002a88	10403413	sltiu	x8,x0,260	  x0:0x00000000  x8=0x00000001
     115505.000 ns	     11549	80002a8c	e00a8153	fmv.x.w	x2,f21	 f21:0x000005b9  x2=0x000005b9
     115525.000 ns	     11551	80002a90	006b3633	sltu	x12,x22,x6	 x22:0xfff8cff1  x6:0x00000000 x12=0x00000000
     115535.000 ns	     11552	80002a94	00b2eeb3	or	x29,x5,x11	  x5:0x80041004 x11:0x2d4b8004 x29=0xad4f9004
     115555.000 ns	     11554	80002a98	f0008ed3	fmv.w.x	f29,x1	  x1:0xfffffe00 f29=0xfffffe00
     115575.000 ns	     11556	80002a9c	006105b3	add	x11,x2,x6	  x2:0x000005b9  x6:0x00000000 x11=0x000005b9
     115585.000 ns	     11557	80002aa0	bbd7a213	slti	x4,x15,-1091	 x15:0x00000000  x4=0x00000000
     115625.000 ns	     11561	80002aa4	01067dd3	fadd.s	f27,f12,f16	 f12:0xff800000 f16:0xff800000 f27=0x80000000
     115655.000 ns	     11564	80002aa8	d015f453	fcvt.s.wu	f8,x11	 x11:0x000005b9  f8=0x44b72000
     115685.000 ns	     11567	80002aac	a0c288d3	fle.s	x17,f5,f12	  f5:0x80000000 f12:0xff800000 x17=0x00000000
     115705.000 ns	     11569	80002ab0	01b4be33	sltu	x28,x9,x27	  x9:0x00000000 x27:0x80041024 x28=0x00000001
     115715.000 ns	     11570	80002ab4	40ec55b3	sra	x11,x24,x14	 x24:0x00000020 x14:0x00000000 x11=0x00000020
     115755.000 ns	     11574	80002ab8	00ee3453	fadd.s	f8,f28,f14	 f28:0xff800000 f14:0x00000000  f8=0xff800000
     115785.000 ns	     11577	80002abc	289d12d3	fmax.s	f5,f26,f9	 f26:0x800005b9  f9:0x00000000  f5=0x00000000
     115815.000 ns	     11580	80002ac0	c00dfe53	fcvt.w.s	x28,f27	 f27:0x80000000 x28=0x00000000
     115835.000 ns	     11582	80002ac4	aad4ef93	ori	x31,x9,-1363	  x9:0x00000000 x31=0xfffffaad
     115845.000 ns	     11583	80002ac8	41175213	srai	x4,x14,0x11	 x14:0x00000000  x4=0x00000000
     115875.000 ns	     11586	80002acc	58094dd3	fsqrt.s	f27,f18	 f18:0x7fc00000 f27=0x7fc00000
     115905.000 ns	     11589	80002ad0	02e6ecb3	rem	x25,x13,x14	 x13:0x00000000 x14:0x00000000 x25=0x00000000
     116275.000 ns	     11626	80002ad4	033071b3	remu	x3,x0,x19	  x0:0x00000000 x19:0xfc31c41b  x3=0x00000000
     116305.000 ns	     11629	80002ad8	02c2b833	mulhu	x16,x5,x12	  x5:0x80041004 x12:0x00000000 x16=0x00000000
     116675.000 ns	     11666	80002adc	03d8e733	rem	x14,x17,x29	 x17:0x00000000 x29:0xad4f9004 x14=0x00000000
     116695.000 ns	     11668	80002ae0	018adb93	srli	x23,x21,0x18	 x21:0x00000000 x23=0x00000000
     117055.000 ns	     11704	80002ae4	03646633	rem	x12,x8,x22	  x8:0x00000001 x22:0xfff8cff1 x12=0x00000001
     117085.000 ns	     11707	80002ae8	e0030353	fmv.x.w	x6,f6	  f6:0x7fc00000  x6=0x7fc00000
     117115.000 ns	     11710	80002aec	f0000ad3	fmv.w.x	f21,x0	  x0:0x00000000 f21=0x00000000
     117135.000 ns	     11712	80002af0	012a1113	slli	x2,x20,0x12	 x20:0x80040fe4  x2=0x3f900000
     117145.000 ns	     11713	80002af4	01e05f93	srli	x31,x0,0x1e	  x0:0x00000000 x31=0x00000000
     117155.000 ns	     11714	80002af8	005d5f13	srli	x30,x26,0x5	 x26:0x80041024 x30=0x04002081
     117175.000 ns	     11716	80002afc	c0067e53	fcvt.w.s	x28,f12	 f12:0xff800000 x28=0x80000000
     117205.000 ns	     11719	80002b00	037be633	rem	x12,x23,x23	 x23:0x00000000 x23:0x00000000 x12=0x00000000
     117225.000 ns	     11721	80002b04	01178bb3	add	x23,x15,x17	 x15:0x00000000 x17:0x00000000 x23=0x00000000
     117235.000 ns	     11722	80002b08	015ca3b3	slt	x7,x25,x21	 x25:0x00000000 x21:0x00000000  x7=0x00000000
     117245.000 ns	     11723	80002b0c	0023ecb3	or	x25,x7,x2	  x7:0xffffffff  x2:0x3f900000 x25=0x3f900000
     117255.000 ns	     11724	80002b10	46082e93	slti	x29,x16,1120	 x16:0x00000000 x29=0x00000001
     117275.000 ns	     11726	80002b14	28cc82d3	fmin.s	f5,f25,f12	 f25:0x7f800000 f12:0xff800000  f5=0xff800000
     117295.000 ns	     11728	80002b18	976b3e13	sltiu	x28,x22,-1674	 x22:0xfff8cff1 x28=0x00000001
     117335.000 ns	     11732	80002b1c	08fc8a53	fsub.s	f20,f25,f15	 f25:0x7f800000 f15:0x7fc00000 f20=0x7fc00000
     117385.000 ns	     11737	80002b20	08558153	fsub.s	f2,f11,f5	 f11:0xc37c0000  f5:0xff800000  f2=0x7f800000
     117415.000 ns	     11740	80002b24	0273d833	divu	x16,x7,x7	  x7:0x00000000  x7:0x00000000 x16=0xffffffff
     117445.000 ns	     11743	80002b28	a01923d3	feq.s	x7,f18,f1	 f18:0x7fc00000  f1:0x7f800000  x7=0x00000000
     117465.000 ns	     11745	80002b2c	bed74593	xori	x11,x14,-1043	 x14:0x00000000 x11=0xfffffbed
     117505.000 ns	     11749	80002b30	0908b7d3	fsub.s	f15,f17,f16	 f17:0x4f00040f f16:0xff800000 f15=0x7f800000
     117535.000 ns	     11752	80002b34	a0459153	flt.s	x2,f11,f4	 f11:0xc37c0000  f4:0x00000000  x2=0x00000001
     117905.000 ns	     11789	80002b38	02a44b33	div	x22,x8,x10	  x8:0x00000001 x10:0x00000002 x22=0x00000000
     117925.000 ns	     11791	80002b3c	014cc7b3	xor	x15,x25,x20	 x25:0x3f900000 x20:0x80040fe4 x15=0xbf940fe4
     117935.000 ns	     11792	80002b40	40a48ab3	sub	x21,x9,x10	  x9:0x00000000 x10:0x00000002 x21=0xfffffffe
     117945.000 ns	     11793	80002b44	62a4cf13	xori	x30,x9,1578	  x9:0x00000000 x30=0x0000062a
     117965.000 ns	     11795	80002b48	02501fb3	mulh	x31,x0,x5	  x0:0x00000000  x5:0x80041004 x31=0x00000000
     117985.000 ns	     11797	80002b4c	7432ad13	slti	x26,x5,1859	  x5:0x80041004 x26=0x00000001
     117995.000 ns	     11798	80002b50	00000013	addi	x0,x0,0	  x0:0x00000000
     118005.000 ns	     11799	80002b54	013fc233	xor	x4,x31,x19	 x31:0x00000000 x19:0xfc31c41b  x4=0xfc31c41b
     118365.000 ns	     11835	80002b58	02a84bb3	div	x23,x16,x10	 x16:0xffffffff x10:0x00000002 x23=0x00000000
     118385.000 ns	     11837	80002b5c	00291e93	slli	x29,x18,0x2	 x18:0xfffffac3 x29=0xffffeb0c
     118395.000 ns	     11838	80002b60	416c02b3	sub	x5,x24,x22	 x24:0x00000020 x22:0x00000000  x5=0x00000020
     118405.000 ns	     11839	80002b64	017dd493	srli	x9,x27,0x17	 x27:0x80041024  x9=0x00000100
     118415.000 ns	     11840	80002b68	65374613	xori	x12,x14,1619	 x14:0x00000000 x12=0x00000653
     118425.000 ns	     11841	80002b6c	5d3a3193	sltiu	x3,x20,1491	 x20:0x80040fe4  x3=0x00000000
     118465.000 ns	     11845	80002b70	092fff53	fsub.s	f30,f31,f18	 f31:0xff800000 f18:0x7fc00000 f30=0x7fc00000
     118485.000 ns	     11847	80002b74	40598eb3	sub	x29,x19,x5	 x19:0xfc31c41b  x5:0x00000020 x29=0xfc31c3fb
     118505.000 ns	     11849	80002b78	a1969cd3	flt.s	x25,f13,f25	 f13:0xc37c0000 f25:0x7f800000 x25=0x00000001
     118525.000 ns	     11851	80002b7c	faaf0693	addi	x13,x30,-86	 x30:0x0000062a x13=0x000005d4
     118545.000 ns	     11853	80002b80	a12d0453	fle.s	x8,f26,f18	 f26:0x800005b9 f18:0x7fc00000  x8=0x00000000
     118595.000 ns	     11858	80002b84	01f1cdd3	fadd.s	f27,f3,f31	  f3:0xcefff7e0 f31:0xff800000 f27=0xff800000
     118615.000 ns	     11860	80002b88	d8832213	slti	x4,x6,-632	  x6:0x7fc00000  x4=0x00000000
     118625.000 ns	     11861	80002b8c	501b4713	xori	x14,x22,1281	 x22:0x00000000 x14=0x00000501
     118655.000 ns	     11864	80002b90	11a1c653	fmul.s	f12,f3,f26	  f3:0xcefff7e0 f26:0x800005b9 f12=0x09b71a31
     118675.000 ns	     11866	80002b94	01be31b3	sltu	x3,x28,x27	 x28:0x00000001 x27:0x80041024  x3=0x00000001
     118685.000 ns	     11867	80002b98	818cbf13	sltiu	x30,x25,-2024	 x25:0x00000001 x30=0x00000001
     118705.000 ns	     11869	80002b9c	d017fa53	fcvt.s.wu	f20,x15	 x15:0xbf940fe4 f20=0x4f3f940f
     118725.000 ns	     11871	80002ba0	00c89a93	slli	x21,x17,0xc	 x17:0x00000000 x21=0x00000000
     118745.000 ns	     11873	80002ba4	20748fd3	fsgnj.s	f31,f9,f7	  f9:0x00000000  f7:0x80041024 f31=0x80000000
     118765.000 ns	     11875	80002ba8	c4913513	sltiu	x10,x2,-951	  x2:0x00000001 x10=0x00000001
     118775.000 ns	     11876	80002bac	7e0d2413	slti	x8,x26,2016	 x26:0x00000001  x8=0x00000001
     118785.000 ns	     11877	80002bb0	0011cc33	xor	x24,x3,x1	  x3:0x00000001  x1:0xfffffe00 x24=0xfffffe01
     118805.000 ns	     11879	80002bb4	20f220d3	fsgnjx.s	f1,f4,f15	  f4:0x00000000 f15:0x7f800000  f1=0x00000000
     118835.000 ns	     11882	80002bb8	d0127c53	fcvt.s.wu	f24,x4	  x4:0x00000000 f24=0x00000000
     118855.000 ns	     11884	80002bbc	004dc133	xor	x2,x27,x4	 x27:0x80041024  x4:0x00000000  x2=0x80041024
     118865.000 ns	     11885	80002bc0	009f07b3	add	x15,x30,x9	 x30:0x00000001  x9:0x00000100 x15=0x00000101
     118885.000 ns	     11887	80002bc4	031a9eb3	mulh	x29,x21,x17	 x21:0x00000000 x17:0x00000000 x29=0x00000000
     119255.000 ns	     11924	80002bc8	03a145b3	div	x11,x2,x26	  x2:0x80041024 x26:0x00000001 x11=0x80041024
     119285.000 ns	     11927	80002bcc	03fd5d33	divu	x26,x26,x31	 x26:0x00000001 x31:0x00000000 x26=0xffffffff
     119305.000 ns	     11929	80002bd0	a1d2ff37	lui	x30,0xa1d2f	 x30=0xa1d2f000
     119665.000 ns	     11965	80002bd4	0383f4b3	remu	x9,x7,x24	  x7:0x00000000 x24:0xfffffe01  x9=0x00000000
     119695.000 ns	     11968	80002bd8	d00bf5d3	fcvt.s.w	f11,x23	 x23:0x00000000 f11=0x00000000
     119715.000 ns	     11970	80002bdc	599373b7	lui	x7,0x59937	  x7=0x59937000
     119725.000 ns	     11971	80002be0	e693f793	andi	x15,x7,-407	  x7:0x00000000 x15=0x59937000
     119735.000 ns	     11972	80002be4	001b9693	slli	x13,x23,0x1	 x23:0x00000000 x13=0x00000000
     119755.000 ns	     11974	80002be8	f00a8f53	fmv.w.x	f30,x21	 x21:0x00000000 f30=0x00000000
     119775.000 ns	     11976	80002bec	01be3733	sltu	x14,x28,x27	 x28:0x00000001 x27:0x80041024 x14=0x00000001
     119785.000 ns	     11977	80002bf0	0163deb3	srl	x29,x7,x22	  x7:0x59937000 x22:0x00000000 x29=0x59937000
     119825.000 ns	     11981	80002bf4	09fcffd3	fsub.s	f31,f25,f31	 f25:0x7f800000 f31:0x80000000 f31=0x7f800000
     119845.000 ns	     11983	80002bf8	01211033	sll	x0,x2,x18	  x2:0x80041024 x18:0xfffffac3
     119865.000 ns	     11985	80002bfc	a1100053	fle.s	x0,f0,f17	  f0:0x4625ef47 f17:0x4f00040f
     119895.000 ns	     11988	80002c00	29df9753	fmax.s	f14,f31,f29	 f31:0x7f800000 f29:0xfffffe00 f14=0x7f800000
     119925.000 ns	     11991	80002c04	03f46433	rem	x8,x8,x31	  x8:0x00000001 x31:0x00000000  x8=0x00000001
     119945.000 ns	     11993	80002c08	3deade17	auipc	x28,0x3dead	 x28=0xbdeafc08
     119965.000 ns	     11995	80002c0c	e00c9d53	fclass.s	x26,f25	 f25:0x7f800000 x26=0x00000080
     119995.000 ns	     11998	80002c10	c00cf153	fcvt.w.s	x2,f25	 f25:0x7f800000  x2=0x7fffffff
     120045.000 ns	     12003	80002c14	00aeffd3	fadd.s	f31,f29,f10	 f29:0xfffffe00 f10:0x800006e4 f31=0x7fc00000
     120065.000 ns	     12005	80002c18	006b40b3	xor	x1,x22,x6	 x22:0x00000000  x6:0x7fc00000  x1=0x7fc00000
     120075.000 ns	     12006	80002c1c	97ff7713	andi	x14,x30,-1665	 x30:0xa1d2f000 x14=0xa1d2f000
     120435.000 ns	     12042	80002c20	03df4133	div	x2,x30,x29	 x30:0xa1d2f000 x29:0x59937000  x2=0xffffffff
     120465.000 ns	     12045	80002c24	a197abd3	feq.s	x23,f15,f25	 f15:0x7f800000 f25:0x7f800000 x23=0x00000001
     120495.000 ns	     12048	80002c28	e0041453	fclass.s	x8,f8	  f8:0xff800000  x8=0x00000001
     120515.000 ns	     12050	80002c2c	d0762fb7	lui	x31,0xd0762	 x31=0xd0762000
     120875.000 ns	     12086	80002c30	0289fb33	remu	x22,x19,x8	 x19:0xfc31c41b  x8:0x00000001 x22=0x00000000
     120895.000 ns	     12088	80002c34	e0c9fa93	andi	x21,x19,-500	 x19:0xfc31c41b x21=0xfc31c408
     120915.000 ns	     12090	80002c38	205824d3	fsgnjx.s	f9,f16,f5	 f16:0xff800000  f5:0xff800000  f9=0x7f800000
     120945.000 ns	     12093	80002c3c	20a298d3	fsgnjn.s	f17,f5,f10	  f5:0xff800000 f10:0x800006e4 f17=0x7f800000
     120975.000 ns	     12096	80002c40	29f503d3	fmin.s	f7,f10,f31	 f10:0x800006e4 f31:0x7fc00000  f7=0x800006e4
     120995.000 ns	     12098	80002c44	01a8d913	srli	x18,x17,0x1a	 x17:0x00000000 x18=0x00000000
     121005.000 ns	     12099	80002c48	414d8533	sub	x10,x27,x20	 x27:0x80041024 x20:0x80040fe4 x10=0x00000040
     121025.000 ns	     12101	80002c4c	0344abb3	mulhsu	x23,x9,x20	  x9:0x00000000 x20:0x80040fe4 x23=0x00000000
     121045.000 ns	     12103	80002c50	51f6ec93	ori	x25,x13,1311	 x13:0x00000000 x25=0x0000051f
     121065.000 ns	     12105	80002c54	c00a70d3	fcvt.w.s	x1,f20	 f20:0x4f3f940f  x1=0x7fffffff
     121095.000 ns	     12108	80002c58	a10fa5d3	feq.s	x11,f31,f16	 f31:0x7fc00000 f16:0xff800000 x11=0x00000000
     121125.000 ns	     12111	80002c5c	21532c53	fsgnjx.s	f24,f6,f21	  f6:0x7fc00000 f21:0x00000000 f24=0x7fc00000
     121145.000 ns	     12113	80002c60	a010c313	xori	x6,x1,-1535	  x1:0x7fffffff  x6=0x800005fe
     121155.000 ns	     12114	80002c64	017372b3	and	x5,x6,x23	  x6:0x7fc00000 x23:0x00000000  x5=0x00000000
     121165.000 ns	     12115	80002c68	4143d813	srai	x16,x7,0x14	  x7:0x59937000 x16=0x00000599
     121525.000 ns	     12151	80002c6c	02f44f33	div	x30,x8,x15	  x8:0x00000001 x15:0x59937000 x30=0x00000000
     121575.000 ns	     12156	80002c70	09bb71d3	fsub.s	f3,f22,f27	 f22:0x80000000 f27:0xff800000  f3=0x7f800000
     121615.000 ns	     12160	80002c74	5801ff53	fsqrt.s	f30,f3	  f3:0xcefff7e0 f30=0x7f800000
     121635.000 ns	     12162	80002c78	0136b8b3	sltu	x17,x13,x19	 x13:0x00000000 x19:0xfc31c41b x17=0x00000001
     121655.000 ns	     12164	80002c7c	20559cd3	fsgnjn.s	f25,f11,f5	 f11:0x00000000  f5:0xff800000 f25=0x00000000
     121685.000 ns	     12167	80002c80	c00ffe53	fcvt.w.s	x28,f31	 f31:0x7fc00000 x28=0x7fffffff
     121715.000 ns	     12170	80002c84	03ec3d33	mulhu	x26,x24,x30	 x24:0xfffffe01 x30:0x00000000 x26=0x00000000
     121735.000 ns	     12172	80002c88	00000013	addi	x0,x0,0	  x0:0x00000000
     122095.000 ns	     12208	80002c8c	03d06b33	rem	x22,x0,x29	  x0:0x00000000 x29:0x59937000 x22=0x00000000
     122125.000 ns	     12211	80002c90	a032a453	feq.s	x8,f5,f3	  f5:0xff800000  f3:0x7f800000  x8=0x00000000
     122145.000 ns	     12213	80002c94	6e73ab13	slti	x22,x7,1767	  x7:0x59937000 x22=0x00000000
     122165.000 ns	     12215	80002c98	a0cf2353	feq.s	x6,f30,f12	 f30:0x7f800000 f12:0x09b71a31  x6=0x00000000
     122195.000 ns	     12218	80002c9c	c00a1e53	fcvt.w.s	x28,f20	 f20:0x4f3f940f x28=0x7fffffff
     122235.000 ns	     12222	80002ca0	106d3453	fmul.s	f8,f26,f6	 f26:0x800005b9  f6:0x7fc00000  f8=0x7fc00000
     122255.000 ns	     12224	80002ca4	01763d33	sltu	x26,x12,x23	 x12:0x00000653 x23:0x00000000 x26=0x00000000
     122265.000 ns	     12225	80002ca8	9f8b2013	slti	x0,x22,-1544	 x22:0x00000000
     122275.000 ns	     12226	80002cac	019cfe33	and	x28,x25,x25	 x25:0x0000051f x25:0x0000051f x28=0x0000051f
     122295.000 ns	     12228	80002cb0	a1d2ab53	feq.s	x22,f5,f29	  f5:0xff800000 f29:0xfffffe00 x22=0x00000000
     122345.000 ns	     12233	80002cb4	0023a9d3	fadd.s	f19,f7,f2	  f7:0x800006e4  f2:0x7f800000 f19=0x7f800000
     122365.000 ns	     12235	80002cb8	01620033	add	x0,x4,x22	  x4:0x00000000 x22:0x00000000
     122375.000 ns	     12236	80002cbc	00a69133	sll	x2,x13,x10	 x13:0x00000000 x10:0x00000040  x2=0x00000000
     122385.000 ns	     12237	80002cc0	8cf4f593	andi	x11,x9,-1841	  x9:0x00000000 x11=0x00000000
     122405.000 ns	     12239	80002cc4	a1b32653	feq.s	x12,f6,f27	  f6:0x7fc00000 f27:0xff800000 x12=0x00000000
     122435.000 ns	     12242	80002cc8	d01c75d3	fcvt.s.wu	f11,x24	 x24:0xfffffe01 f11=0x4f7ffffe
     122465.000 ns	     12245	80002ccc	c01f7ed3	fcvt.wu.s	x29,f30	 f30:0x7f800000 x29=0xffffffff
     122495.000 ns	     12248	80002cd0	03390f33	mul	x30,x18,x19	 x18:0x00000000 x19:0xfc31c41b x30=0x00000000
     122515.000 ns	     12250	80002cd4	015e5693	srli	x13,x28,0x15	 x28:0x0000051f x13=0x00000000
     122535.000 ns	     12252	80002cd8	033f0333	mul	x6,x30,x19	 x30:0x00000000 x19:0xfc31c41b  x6=0x00000000
     122555.000 ns	     12254	80002cdc	da8f8213	addi	x4,x31,-600	 x31:0xd0762000  x4=0xd0761da8
     122575.000 ns	     12256	80002ce0	020ac0b3	div	x1,x21,x0	 x21:0xfc31c408  x0:0x00000000  x1=0xffffffff
     122605.000 ns	     12259	80002ce4	029cb0b3	mulhu	x1,x25,x9	 x25:0x0000051f  x9:0x00000000  x1=0x00000000
     122635.000 ns	     12262	80002ce8	a11d0953	fle.s	x18,f26,f17	 f26:0x800005b9 f17:0x7f800000 x18=0x00000001
     122655.000 ns	     12264	80002cec	97b97f17	auipc	x30,0x97b97	 x30=0x17b99cec
     122675.000 ns	     12266	80002cf0	e00d8053	fmv.x.w	x0,f27	 f27:0xff800000
     123045.000 ns	     12303	80002cf4	02fdfcb3	remu	x25,x27,x15	 x27:0x80041024 x15:0x59937000 x25=0x2670a024
     123065.000 ns	     12305	80002cf8	40b88933	sub	x18,x17,x11	 x17:0x00000001 x11:0x00000000 x18=0x00000001
     123075.000 ns	     12306	80002cfc	011bd133	srl	x2,x23,x17	 x23:0x00000000 x17:0x00000001  x2=0x00000000
     123085.000 ns	     12307	80002d00	0148c233	xor	x4,x17,x20	 x17:0x00000001 x20:0x80040fe4  x4=0x80040fe5
     123105.000 ns	     12309	80002d04	f0030753	fmv.w.x	f14,x6	  x6:0x00000000 f14=0x00000000
     123125.000 ns	     12311	80002d08	41825713	srai	x14,x4,0x18	  x4:0xd0761da8 x14=0xffffff80
     123135.000 ns	     12312	80002d0c	41f88eb3	sub	x29,x17,x31	 x17:0x00000001 x31:0xd0762000 x29=0x2f89e001
     123145.000 ns	     12313	80002d10	3662b313	sltiu	x6,x5,870	  x5:0x00000000  x6=0x00000001
     123155.000 ns	     12314	80002d14	406ed793	srai	x15,x29,0x6	 x29:0xffffffff x15=0x00be2780
     123165.000 ns	     12315	80002d18	00000013	addi	x0,x0,0	  x0:0x00000000
     123185.000 ns	     12317	80002d1c	c00ba953	fcvt.w.s	x18,f23	 f23:0x7f800000 x18=0x7fffffff
     123215.000 ns	     12320	80002d20	c01c9353	fcvt.wu.s	x6,f25	 f25:0x00000000  x6=0x00000000
     123245.000 ns	     12323	80002d24	e0021f53	fclass.s	x30,f4	  f4:0x00000000 x30=0x00000010
     123265.000 ns	     12325	80002d28	002b7f33	and	x30,x22,x2	 x22:0x00000000  x2:0x00000000 x30=0x00000000
     123625.000 ns	     12361	80002d2c	03daf133	remu	x2,x21,x29	 x21:0xfc31c408 x29:0x2f89e001  x2=0x0e806403
     123645.000 ns	     12363	80002d30	01bb7133	and	x2,x22,x27	 x22:0x00000000 x27:0x80041024  x2=0x00000000
     123655.000 ns	     12364	80002d34	3665f113	andi	x2,x11,870	 x11:0x00000000  x2=0x00000000
     123675.000 ns	     12366	80002d38	d01aafd3	fcvt.s.wu	f31,x21	 x21:0xfc31c408 f31=0x4f7c31c5
     123695.000 ns	     12368	80002d3c	2ee17493	andi	x9,x2,750	  x2:0x00000000  x9=0x00000000
     123705.000 ns	     12369	80002d40	0017f933	and	x18,x15,x1	 x15:0x00be2780  x1:0x00000000 x18=0x00000000
     123715.000 ns	     12370	80002d44	01cd67b3	or	x15,x26,x28	 x26:0x00000000 x28:0x0000051f x15=0x0000051f
     123735.000 ns	     12372	80002d48	292a8cd3	fmin.s	f25,f21,f18	 f21:0x00000000 f18:0x7fc00000 f25=0x00000000
     123755.000 ns	     12374	80002d4c	00000013	addi	x0,x0,0	  x0:0x00000000
     123785.000 ns	     12377	80002d50	58053353	fsqrt.s	f6,f10	 f10:0x800006e4  f6=0x7fc00000
     123815.000 ns	     12380	80002d54	29388553	fmin.s	f10,f17,f19	 f17:0x7f800000 f19:0x7f800000 f10=0x7f800000
     123845.000 ns	     12383	80002d58	28b404d3	fmin.s	f9,f8,f11	  f8:0x7fc00000 f11:0x4f7ffffe  f9=0x4f7ffffe
     123865.000 ns	     12385	80002d5c	01b31593	slli	x11,x6,0x1b	  x6:0x00000000 x11=0x00000000
     123885.000 ns	     12387	80002d60	03f68533	mul	x10,x13,x31	 x13:0x00000000 x31:0xd0762000 x10=0x00000000
     123905.000 ns	     12389	80002d64	00165193	srli	x3,x12,0x1	 x12:0x00000000  x3=0x00000000
     123915.000 ns	     12390	80002d68	9e42fc13	andi	x24,x5,-1564	  x5:0x00000000 x24=0x00000000
     123935.000 ns	     12392	80002d6c	d00fb153	fcvt.s.w	f2,x31	 x31:0xd0762000  f2=0xce3e2780
     123965.000 ns	     12395	80002d70	2101afd3	fsgnjx.s	f31,f3,f16	  f3:0x7f800000 f16:0xff800000 f31=0xff800000
     123995.000 ns	     12398	80002d74	02d3c433	div	x8,x7,x13	  x7:0x59937000 x13:0x00000000  x8=0xffffffff
     124025.000 ns	     12401	80002d78	a1e31fd3	flt.s	x31,f6,f30	  f6:0x7fc00000 f30:0x7f800000 x31=0x00000000
     124045.000 ns	     12403	80002d7c	0f5e8613	addi	x12,x29,245	 x29:0x2f89e001 x12=0x2f89e0f6
     124055.000 ns	     12404	80002d80	c4a4f613	andi	x12,x9,-950	  x9:0x00000000 x12=0x00000000
     124065.000 ns	     12405	80002d84	00000013	addi	x0,x0,0	  x0:0x00000000
     124085.000 ns	     12407	80002d88	02b84fb3	div	x31,x16,x11	 x16:0x00000599 x11:0x00000000 x31=0xffffffff
     124115.000 ns	     12410	80002d8c	02813b33	mulhu	x22,x2,x8	  x2:0x00000000  x8:0xffffffff x22=0x00000000
     124145.000 ns	     12413	80002d90	21de8153	fsgnj.s	f2,f29,f29	 f29:0xfffffe00 f29:0xfffffe00  f2=0xfffffe00
     124165.000 ns	     12415	80002d94	b4888a93	addi	x21,x17,-1208	 x17:0x00000001 x21=0xfffffb49
     124175.000 ns	     12416	80002d98	1fa52593	slti	x11,x10,506	 x10:0x00000000 x11=0x00000001
     124185.000 ns	     12417	80002d9c	01d9b8b3	sltu	x17,x19,x29	 x19:0xfc31c41b x29:0x2f89e001 x17=0x00000000
     124205.000 ns	     12419	80002da0	022f87b3	mul	x15,x31,x2	 x31:0xffffffff  x2:0x00000000 x15=0x00000000
     124235.000 ns	     12422	80002da4	0241a533	mulhsu	x10,x3,x4	  x3:0x00000000  x4:0x80040fe5 x10=0x00000000
     124255.000 ns	     12424	80002da8	632d5b97	auipc	x23,0x632d5	 x23=0xe32d7da8
     124265.000 ns	     12425	80002dac	3e1ee793	ori	x15,x29,993	 x29:0x2f89e001 x15=0x2f89e3e1
     124275.000 ns	     12426	80002db0	460ec793	xori	x15,x29,1120	 x29:0x2f89e001 x15=0x2f89e461
     124295.000 ns	     12428	80002db4	c01573d3	fcvt.wu.s	x7,f10	 f10:0x7f800000  x7=0xffffffff
     124325.000 ns	     12431	80002db8	a10d24d3	feq.s	x9,f26,f16	 f26:0x800005b9 f16:0xff800000  x9=0x00000000
     124375.000 ns	     12436	80002dbc	09bb7c53	fsub.s	f24,f22,f27	 f22:0x80000000 f27:0xff800000 f24=0x7f800000
     124415.000 ns	     12440	80002dc0	18790f53	fdiv.s	f30,f18,f7	 f18:0x7fc00000  f7:0x800006e4 f30=0x7fc00000
     124435.000 ns	     12442	80002dc4	0109f633	and	x12,x19,x16	 x19:0xfc31c41b x16:0x00000599 x12=0x00000419
     124445.000 ns	     12443	80002dc8	b0c6e497	auipc	x9,0xb0c6e	  x9=0x30c70dc8
     124465.000 ns	     12445	80002dcc	a01a03d3	fle.s	x7,f20,f1	 f20:0x4f3f940f  f1:0x00000000  x7=0x00000000
     124485.000 ns	     12447	80002dd0	0184d7b3	srl	x15,x9,x24	  x9:0x00000000 x24:0x00000000 x15=0x30c70dc8
     124495.000 ns	     12448	80002dd4	1a42e213	ori	x4,x5,420	  x5:0x00000000  x4=0x000001a4
     124515.000 ns	     12450	80002dd8	216027d3	fsgnjx.s	f15,f0,f22	  f0:0x4625ef47 f22:0x80000000 f15=0xc625ef47
     124565.000 ns	     12455	80002ddc	00b3f953	fadd.s	f18,f7,f11	  f7:0x800006e4 f11:0x4f7ffffe f18=0x4f7ffffe
     124585.000 ns	     12457	80002de0	006e7333	and	x6,x28,x6	 x28:0x0000051f  x6:0x00000000  x6=0x00000000
     124605.000 ns	     12459	80002de4	20430ed3	fsgnj.s	f29,f6,f4	  f6:0x7fc00000  f4:0x00000000 f29=0x7fc00000
     124645.000 ns	     12463	80002de8	58030e53	fsqrt.s	f28,f6	  f6:0x7fc00000 f28=0x7fc00000
     124665.000 ns	     12465	80002dec	00723ab3	sltu	x21,x4,x7	  x4:0x000001a4  x7:0x00000000 x21=0x00000000
     124685.000 ns	     12467	80002df0	217c9dd3	fsgnjn.s	f27,f25,f23	 f25:0x00000000 f23:0x7f800000 f27=0x80000000
     124705.000 ns	     12469	80002df4	41840eb3	sub	x29,x8,x24	  x8:0xffffffff x24:0x00000000 x29=0xffffffff
     124715.000 ns	     12470	80002df8	c4dfa5b7	lui	x11,0xc4dfa	 x11=0xc4dfa000
     124735.000 ns	     12472	80002dfc	c006ffd3	fcvt.w.s	x31,f13	 f13:0xc37c0000 x31=0x000000fc
     124755.000 ns	     12474	80002e00	00df15b3	sll	x11,x30,x13	 x30:0x00000000 x13:0x00000000 x11=0x00000000
     124765.000 ns	     12475	80002e04	89388293	addi	x5,x17,-1901	 x17:0x00000000  x5=0xfffff893
     124775.000 ns	     12476	80002e08	01495093	srli	x1,x18,0x14	 x18:0x00000000  x1=0x00000000
     124795.000 ns	     12478	80002e0c	a14f88d3	fle.s	x17,f31,f20	 f31:0xff800000 f20:0x4f3f940f x17=0x00000001
     124815.000 ns	     12480	80002e10	00afdb93	srli	x23,x31,0xa	 x31:0x000000fc x23=0x00000000
     124845.000 ns	     12483	80002e14	19a0f2d3	fdiv.s	f5,f1,f26	  f1:0x00000000 f26:0x800005b9  f5=0x80000000
     124875.000 ns	     12486	80002e18	c011fb53	fcvt.wu.s	x22,f3	  f3:0x7f800000 x22=0xffffffff
     124895.000 ns	     12488	80002e1c	41815a93	srai	x21,x2,0x18	  x2:0x00000000 x21=0x00000000
     124905.000 ns	     12489	80002e20	01fe97b3	sll	x15,x29,x31	 x29:0xffffffff x31:0x000000fc x15=0xf0000000
     124915.000 ns	     12490	80002e24	40e60133	sub	x2,x12,x14	 x12:0x00000419 x14:0xffffff80  x2=0x00000499
     124935.000 ns	     12492	80002e28	a1d70053	fle.s	x0,f14,f29	 f14:0x00000000 f29:0x7fc00000
     124965.000 ns	     12495	80002e2c	209e9253	fsgnjn.s	f4,f29,f9	 f29:0x7fc00000  f9:0x4f7ffffe  f4=0xffc00000
     124995.000 ns	     12498	80002e30	20222ed3	fsgnjx.s	f29,f4,f2	  f4:0x00000000  f2:0xfffffe00 f29=0x7fc00000
     125025.000 ns	     12501	80002e34	035f4933	div	x18,x30,x21	 x30:0x00000000 x21:0x00000000 x18=0xffffffff
     125055.000 ns	     12504	80002e38	a1cb81d3	fle.s	x3,f23,f28	 f23:0x7f800000 f28:0x7fc00000  x3=0x00000000
     125085.000 ns	     12507	80002e3c	02f517b3	mulh	x15,x10,x15	 x10:0x00000000 x15:0xf0000000 x15=0x00000000
     125105.000 ns	     12509	80002e40	38e66893	ori	x17,x12,910	 x12:0x00000419 x17=0x0000079f
     125125.000 ns	     12511	80002e44	e00c0cd3	fmv.x.w	x25,f24	 f24:0x7f800000 x25=0x7f800000
     125145.000 ns	     12513	80002e48	a4bcc413	xori	x8,x25,-1461	 x25:0x2670a024  x8=0x807ffa4b
     125155.000 ns	     12514	80002e4c	b7cbf293	andi	x5,x23,-1156	 x23:0x00000000  x5=0x00000000
     125175.000 ns	     12516	80002e50	c0199053	fcvt.wu.s	x0,f19	 f19:0x7f800000
     125205.000 ns	     12519	80002e54	0311a133	mulhsu	x2,x3,x17	  x3:0x00000000 x17:0x0000079f  x2=0x00000000
     125235.000 ns	     12522	80002e58	028d9333	mulh	x6,x27,x8	 x27:0x80041024  x8:0x807ffa4b  x6=0x3fbdfcd0
     125265.000 ns	     12525	80002e5c	c003f853	fcvt.w.s	x16,f7	  f7:0x800006e4 x16=0x00000000
     125285.000 ns	     12527	80002e60	407d5593	srai	x11,x26,0x7	 x26:0x00000000 x11=0x00000000
     125295.000 ns	     12528	80002e64	8ba2b897	auipc	x17,0x8ba2b	 x17=0x0ba2de64
     125305.000 ns	     12529	80002e68	7cfb6693	ori	x13,x22,1999	 x22:0xffffffff x13=0xffffffff
     125315.000 ns	     12530	80002e6c	0005cb33	xor	x22,x11,x0	 x11:0x00000000  x0:0x00000000 x22=0x00000000
     125345.000 ns	     12533	80002e70	191ef753	fdiv.s	f14,f29,f17	 f29:0x7fc00000 f17:0x7f800000 f14=0x7fc00000
     125715.000 ns	     12570	80002e74	0329e933	rem	x18,x19,x18	 x19:0xfc31c41b x18:0xffffffff x18=0x00000000
     125745.000 ns	     12573	80002e78	219d0253	fsgnj.s	f4,f26,f25	 f26:0x800005b9 f25:0x00000000  f4=0x000005b9
     125775.000 ns	     12576	80002e7c	e00298d3	fclass.s	x17,f5	  f5:0x80000000 x17=0x00000008
     125805.000 ns	     12579	80002e80	e0029953	fclass.s	x18,f5	  f5:0x80000000 x18=0x00000008
     125825.000 ns	     12581	80002e84	01637133	and	x2,x6,x22	  x6:0x3fbdfcd0 x22:0x00000000  x2=0x00000000
     125835.000 ns	     12582	80002e88	41795733	sra	x14,x18,x23	 x18:0x00000008 x23:0x00000000 x14=0x00000008
     125855.000 ns	     12584	80002e8c	206114d3	fsgnjn.s	f9,f2,f6	  f2:0xfffffe00  f6:0x7fc00000  f9=0xfffffe00
     125885.000 ns	     12587	80002e90	28251353	fmax.s	f6,f10,f2	 f10:0x7f800000  f2:0xfffffe00  f6=0x7f800000
     125915.000 ns	     12590	80002e94	d00ff453	fcvt.s.w	f8,x31	 x31:0x000000fc  f8=0x437c0000
     125935.000 ns	     12592	80002e98	0050a1b3	slt	x3,x1,x5	  x1:0x00000000  x5:0x00000000  x3=0x00000000
     125945.000 ns	     12593	80002e9c	97e08e13	addi	x28,x1,-1666	  x1:0x00000000 x28=0xfffff97e
     125965.000 ns	     12595	80002ea0	e00680d3	fmv.x.w	x1,f13	 f13:0xc37c0000  x1=0xc37c0000
     125995.000 ns	     12598	80002ea4	20701653	fsgnjn.s	f12,f0,f7	  f0:0x4625ef47  f7:0x800006e4 f12=0x4625ef47
     126025.000 ns	     12601	80002ea8	29ea0ad3	fmin.s	f21,f20,f30	 f20:0x4f3f940f f30:0x7fc00000 f21=0x4f3f940f
     126045.000 ns	     12603	80002eac	002b9f13	slli	x30,x23,0x2	 x23:0x00000000 x30=0x00000000
     126055.000 ns	     12604	80002eb0	8106a037	lui	x0,0x8106a	
     126075.000 ns	     12606	80002eb4	03d7af33	mulhsu	x30,x15,x29	 x15:0x00000000 x29:0xffffffff x30=0x00000000
     126125.000 ns	     12611	80002eb8	00ed2053	fadd.s	f0,f26,f14	 f26:0x800005b9 f14:0x7fc00000  f0=0x7fc00000
     126145.000 ns	     12613	80002ebc	009b8333	add	x6,x23,x9	 x23:0x00000000  x9:0x30c70dc8  x6=0x30c70dc8
     126165.000 ns	     12615	80002ec0	03a45233	divu	x4,x8,x26	  x8:0x807ffa4b x26:0x00000000  x4=0xffffffff
     126185.000 ns	     12617	80002ec4	01350b33	add	x22,x10,x19	 x10:0x00000000 x19:0xfc31c41b x22=0xfc31c41b
     126515.000 ns	     12650	80002ec8	18b6cbd3	fdiv.s	f23,f13,f11	 f13:0xc37c0000 f11:0x4f7ffffe f23=0xb37c0000
     126535.000 ns	     12652	80002ecc	01cbac33	slt	x24,x23,x28	 x23:0x00000000 x28:0xfffff97e x24=0x00000000
     126545.000 ns	     12653	80002ed0	d3963713	sltiu	x14,x12,-711	 x12:0x00000419 x14=0x00000001
     126565.000 ns	     12655	80002ed4	20b294d3	fsgnjn.s	f9,f5,f11	  f5:0x80000000 f11:0x4f7ffffe  f9=0x80000000
     126595.000 ns	     12658	80002ed8	026187b3	mul	x15,x3,x6	  x3:0x00000000  x6:0x30c70dc8 x15=0x00000000
     126625.000 ns	     12661	80002edc	d001cbd3	fcvt.s.w	f23,x3	  x3:0x00000000 f23=0x00000000
     126995.000 ns	     12698	80002ee0	034f72b3	remu	x5,x30,x20	 x30:0x00000000 x20:0x80040fe4  x5=0x00000000
     128175.000 ns	     12816	80002ee4	58064ad3	fsqrt.s	f21,f12	 f12:0x4625ef47 f21=0x426aaa4c
     128205.000 ns	     12819	80002ee8	030fefb3	rem	x31,x31,x16	 x31:0x000000fc x16:0x00000000 x31=0x000000fc
     128235.000 ns	     12822	80002eec	291711d3	fmax.s	f3,f14,f17	 f14:0x7fc00000 f17:0x7f800000  f3=0x7f800000
     128265.000 ns	     12825	80002ef0	0367bf33	mulhu	x30,x15,x22	 x15:0x00000000 x22:0xfc31c41b x30=0x00000000
     128635.000 ns	     12862	80002ef4	02d54d33	div	x26,x10,x13	 x10:0x00000000 x13:0xffffffff x26=0x00000000
     128655.000 ns	     12864	80002ef8	41c75d33	sra	x26,x14,x28	 x14:0x00000001 x28:0xfffff97e x26=0x00000000
     128675.000 ns	     12866	80002efc	21fc8753	fsgnj.s	f14,f25,f31	 f25:0x00000000 f31:0xff800000 f14=0x80000000
     129045.000 ns	     12903	80002f00	03db77b3	remu	x15,x22,x29	 x22:0xfc31c41b x29:0xffffffff x15=0xfc31c41b
     129085.000 ns	     12907	80002f04	580f3853	fsqrt.s	f16,f30	 f30:0x7fc00000 f16=0x7fc00000
     129105.000 ns	     12909	80002f08	01b4c733	xor	x14,x9,x27	  x9:0x30c70dc8 x27:0x80041024 x14=0xb0c31dec
     129125.000 ns	     12911	80002f0c	026087b3	mul	x15,x1,x6	  x1:0xc37c0000  x6:0x30c70dc8 x15=0x04e00000
     129145.000 ns	     12913	80002f10	0053dfb3	srl	x31,x7,x5	  x7:0x00000000  x5:0x00000000 x31=0x00000000
     129165.000 ns	     12915	80002f14	025a9cb3	mulh	x25,x21,x5	 x21:0x00000000  x5:0x00000000 x25=0x00000000
     129195.000 ns	     12918	80002f18	027b6b33	rem	x22,x22,x7	 x22:0xfc31c41b  x7:0x00000000 x22=0xfc31c41b
     129225.000 ns	     12921	80002f1c	e0018d53	fmv.x.w	x26,f3	  f3:0x7f800000 x26=0x7f800000
     129595.000 ns	     12958	80002f20	031dceb3	div	x29,x27,x17	 x27:0x80041024 x17:0x00000008 x29=0xf0008205
     129625.000 ns	     12961	80002f24	a14e80d3	fle.s	x1,f29,f20	 f29:0x7fc00000 f20:0x4f3f940f  x1=0x00000000
     129645.000 ns	     12963	80002f28	00897233	and	x4,x18,x8	 x18:0x00000008  x8:0x807ffa4b  x4=0x00000008
     129665.000 ns	     12965	80002f2c	217c9fd3	fsgnjn.s	f31,f25,f23	 f25:0x00000000 f23:0x00000000 f31=0x80000000
     129695.000 ns	     12968	80002f30	281b9ad3	fmax.s	f21,f23,f1	 f23:0x00000000  f1:0x00000000 f21=0x00000000
     129715.000 ns	     12970	80002f34	01e585b3	add	x11,x11,x30	 x11:0x00000000 x30:0x00000000 x11=0x00000000
     129735.000 ns	     12972	80002f38	e00d86d3	fmv.x.w	x13,f27	 f27:0x80000000 x13=0x80000000
     129755.000 ns	     12974	80002f3c	00000013	addi	x0,x0,0	  x0:0x00000000
     129795.000 ns	     12978	80002f40	0968fad3	fsub.s	f21,f17,f22	 f17:0x7f800000 f22:0x80000000 f21=0x7f800000
     129815.000 ns	     12980	80002f44	b1b3f037	lui	x0,0xb1b3f	
     129835.000 ns	     12982	80002f48	28121d53	fmax.s	f26,f4,f1	  f4:0x000005b9  f1:0x00000000 f26=0x000005b9
     129865.000 ns	     12985	80002f4c	02faa433	mulhsu	x8,x21,x15	 x21:0x00000000 x15:0x04e00000  x8=0x00000000
     129885.000 ns	     12987	80002f50	00000013	addi	x0,x0,0	  x0:0x00000000
     129915.000 ns	     12990	80002f54	580c7053	fsqrt.s	f0,f24	 f24:0x7f800000  f0=0x7f800000
     129935.000 ns	     12992	80002f58	00f4fb33	and	x22,x9,x15	  x9:0x30c70dc8 x15:0x04e00000 x22=0x00c00000
     129945.000 ns	     12993	80002f5c	8fe3fc93	andi	x25,x7,-1794	  x7:0x00000000 x25=0x00000000
     129975.000 ns	     12996	80002f60	5809a353	fsqrt.s	f6,f19	 f19:0x7f800000  f6=0x7f800000
     129995.000 ns	     12998	80002f64	37956f93	ori	x31,x10,889	 x10:0x00000000 x31=0x00000379
     130005.000 ns	     12999	80002f68	ab01c013	xori	x0,x3,-1360	  x3:0x00000000
     130015.000 ns	     13000	80002f6c	9e9d6913	ori	x18,x26,-1559	 x26:0x7f800000 x18=0xfffff9e9
     130025.000 ns	     13001	80002f70	960be313	ori	x6,x23,-1696	 x23:0x00000000  x6=0xfffff960
     130045.000 ns	     13003	80002f74	d0059ed3	fcvt.s.w	f29,x11	 x11:0x00000000 f29=0x00000000
     130075.000 ns	     13006	80002f78	e00e1353	fclass.s	x6,f28	 f28:0x7fc00000  x6=0x00000200
     130105.000 ns	     13009	80002f7c	e00e9453	fclass.s	x8,f29	 f29:0x00000000  x8=0x00000010
     130135.000 ns	     13012	80002f80	e0080453	fmv.x.w	x8,f16	 f16:0x7fc00000  x8=0x7fc00000
     130155.000 ns	     13014	80002f84	008da2b3	slt	x5,x27,x8	 x27:0x80041024  x8:0x00000010  x5=0x00000001
     130165.000 ns	     13015	80002f88	00590233	add	x4,x18,x5	 x18:0xfffff9e9  x5:0x00000000  x4=0xfffff9ea
     130185.000 ns	     13017	80002f8c	d014ce53	fcvt.s.wu	f28,x9	  x9:0x30c70dc8 f28=0x4e431c37
     130215.000 ns	     13020	80002f90	c00871d3	fcvt.w.s	x3,f16	 f16:0x7fc00000  x3=0x7fffffff
     130245.000 ns	     13023	80002f94	a0f225d3	feq.s	x11,f4,f15	  f4:0x000005b9 f15:0xc625ef47 x11=0x00000000
     130275.000 ns	     13026	80002f98	03cc03b3	mul	x7,x24,x28	 x24:0x00000000 x28:0xfffff97e  x7=0x00000000
     130305.000 ns	     13029	80002f9c	d01ff8d3	fcvt.s.wu	f17,x31	 x31:0x00000379 f17=0x445e4000
     130325.000 ns	     13031	80002fa0	d2be0713	addi	x14,x28,-725	 x28:0xfffff97e x14=0xfffff6a9
     130335.000 ns	     13032	80002fa4	0076b733	sltu	x14,x13,x7	 x13:0x80000000  x7:0x00000000 x14=0x00000000
     130375.000 ns	     13036	80002fa8	092a2bd3	fsub.s	f23,f20,f18	 f20:0x4f3f940f f18:0x4f7ffffe f23=0xce80d7de
     130395.000 ns	     13038	80002fac	eb266437	lui	x8,0xeb266	  x8=0xeb266000
     130415.000 ns	     13040	80002fb0	a1329c53	flt.s	x24,f5,f19	  f5:0x80000000 f19:0x7f800000 x24=0x00000001
     130435.000 ns	     13042	80002fb4	015f1493	slli	x9,x30,0x15	 x30:0x00000000  x9=0x00000000
     130455.000 ns	     13044	80002fb8	e00713d3	fclass.s	x7,f14	 f14:0x80000000  x7=0x00000008
     130495.000 ns	     13048	80002fbc	10e01053	fmul.s	f0,f0,f14	  f0:0x7f800000 f14:0x80000000  f0=0x7fc00000
     130535.000 ns	     13052	80002fc0	103b1253	fmul.s	f4,f22,f3	 f22:0x80000000  f3:0x7f800000  f4=0x7fc00000
     130565.000 ns	     13055	80002fc4	e00f1453	fclass.s	x8,f30	 f30:0x7fc00000  x8=0x00000200
     130595.000 ns	     13058	80002fc8	f00d05d3	fmv.w.x	f11,x26	 x26:0x7f800000 f11=0x7f800000
     130615.000 ns	     13060	80002fcc	00f3a333	slt	x6,x7,x15	  x7:0x00000008 x15:0x04e00000  x6=0x00000001
     130625.000 ns	     13061	80002fd0	00000013	addi	x0,x0,0	  x0:0x00000000
     130645.000 ns	     13063	80002fd4	20ba00d3	fsgnj.s	f1,f20,f11	 f20:0x4f3f940f f11:0x7f800000  f1=0x4f3f940f
     130675.000 ns	     13066	80002fd8	e0018b53	fmv.x.w	x22,f3	  f3:0x7f800000 x22=0x7f800000
     130705.000 ns	     13069	80002fdc	035eb1b3	mulhu	x3,x29,x21	 x29:0xf0008205 x21:0x00000000  x3=0x00000000
     130735.000 ns	     13072	80002fe0	a0d2af53	feq.s	x30,f5,f13	  f5:0x80000000 f13:0xc37c0000 x30=0x00000000
     130765.000 ns	     13075	80002fe4	28d794d3	fmax.s	f9,f15,f13	 f15:0xc625ef47 f13:0xc37c0000  f9=0xc37c0000
     131105.000 ns	     13109	80002fe8	1880ff53	fdiv.s	f30,f1,f8	  f1:0x4f3f940f  f8:0x437c0000 f30=0x4b83761b
     131125.000 ns	     13111	80002fec	0008d933	srl	x18,x17,x0	 x17:0x00000008  x0:0x00000000 x18=0x00000008
     131135.000 ns	     13112	80002ff0	00000013	addi	x0,x0,0	  x0:0x00000000
     131155.000 ns	     13114	80002ff4	29c091d3	fmax.s	f3,f1,f28	  f1:0x4f3f940f f28:0x4e431c37  f3=0x4f3f940f
     131185.000 ns	     13117	80002ff8	a07e27d3	feq.s	x15,f28,f7	 f28:0x4e431c37  f7:0x800006e4 x15=0x00000000
     131205.000 ns	     13119	80002ffc	0189b5b3	sltu	x11,x19,x24	 x19:0xfc31c41b x24:0x00000001 x11=0x00000000
     131225.000 ns	     13121	80003000	e00d9853	fclass.s	x16,f27	 f27:0x80000000 x16=0x00000008
     131255.000 ns	     13124	80003004	d003fb53	fcvt.s.w	f22,x7	  x7:0x00000008 f22=0x41000000
     131285.000 ns	     13127	80003008	e00214d3	fclass.s	x9,f4	  f4:0x7fc00000  x9=0x00000200
     131315.000 ns	     13130	8000300c	03689833	mulh	x16,x17,x22	 x17:0x00000008 x22:0x7f800000 x16=0x00000003
     131335.000 ns	     13132	80003010	8adb8317	auipc	x6,0x8adb8	  x6=0x0adbb010
     131355.000 ns	     13134	80003014	0344b0b3	mulhu	x1,x9,x20	  x9:0x00000200 x20:0x80040fe4  x1=0x00000100
     131405.000 ns	     13139	80003018	08977553	fsub.s	f10,f14,f9	 f14:0x80000000  f9:0xc37c0000 f10=0x437c0000
     131775.000 ns	     13176	8000301c	03b74633	div	x12,x14,x27	 x14:0x00000000 x27:0x80041024 x12=0x00000000
     131795.000 ns	     13178	80003020	00241313	slli	x6,x8,0x2	  x8:0x00000200  x6=0x00000800
     131815.000 ns	     13180	80003024	d016a6d3	fcvt.s.wu	f13,x13	 x13:0x80000000 f13=0x4f000000
     132185.000 ns	     13217	80003028	03bc4533	div	x10,x24,x27	 x24:0x00000001 x27:0x80041024 x10=0x00000000
     132205.000 ns	     13219	8000302c	40d2de93	srai	x29,x5,0xd	  x5:0x00000001 x29=0x00000000
     132225.000 ns	     13221	80003030	e00c8553	fmv.x.w	x10,f25	 f25:0x00000000 x10=0x00000000
     132245.000 ns	     13223	80003034	a9d4c513	xori	x10,x9,-1379	  x9:0x00000200 x10=0xfffff89d
     132265.000 ns	     13225	80003038	03d5c433	div	x8,x11,x29	 x11:0x00000000 x29:0x00000000  x8=0xffffffff
     132295.000 ns	     13228	8000303c	03758fb3	mul	x31,x11,x23	 x11:0x00000000 x23:0x00000000 x31=0x00000000
     132315.000 ns	     13230	80003040	dc41a337	lui	x6,0xdc41a	  x6=0xdc41a000
     132675.000 ns	     13266	80003044	036073b3	remu	x7,x0,x22	  x0:0x00000000 x22:0x7f800000  x7=0x00000000
     132695.000 ns	     13268	80003048	413c5533	sra	x10,x24,x19	 x24:0x00000001 x19:0xfc31c41b x10=0x00000000
     132715.000 ns	     13270	8000304c	a0a512d3	flt.s	x5,f10,f10	 f10:0x437c0000 f10:0x437c0000  x5=0x00000000
     132735.000 ns	     13272	80003050	41ea5613	srai	x12,x20,0x1e	 x20:0x80040fe4 x12=0xfffffffe
     132755.000 ns	     13274	80003054	027ab033	mulhu	x0,x21,x7	 x21:0x00000000  x7:0x00000000
     132775.000 ns	     13276	80003058	40a380b3	sub	x1,x7,x10	  x7:0x00000000 x10:0x00000000  x1=0x00000000
     133135.000 ns	     13312	8000305c	03c7c7b3	div	x15,x15,x28	 x15:0x00000000 x28:0xfffff97e x15=0x00000000
     133155.000 ns	     13314	80003060	e2acad13	slti	x26,x25,-470	 x25:0x00000000 x26=0x00000000
     133165.000 ns	     13315	80003064	01fbb0b3	sltu	x1,x23,x31	 x23:0x00000000 x31:0x00000000  x1=0x00000000
     133185.000 ns	     13317	80003068	a02a01d3	fle.s	x3,f20,f2	 f20:0x4f3f940f  f2:0xfffffe00  x3=0x00000000
     133205.000 ns	     13319	8000306c	00000013	addi	x0,x0,0	  x0:0x00000000
     133215.000 ns	     13320	80003070	52b3bc37	lui	x24,0x52b3b	 x24=0x52b3b000
     133235.000 ns	     13322	80003074	d0087cd3	fcvt.s.w	f25,x16	 x16:0x00000003 f25=0x40400000
     133255.000 ns	     13324	80003078	9d6af793	andi	x15,x21,-1578	 x21:0x00000000 x15=0x00000000
     133265.000 ns	     13325	8000307c	01366d33	or	x26,x12,x19	 x12:0xfffffffe x19:0xfc31c41b x26=0xffffffff
     133285.000 ns	     13327	80003080	290003d3	fmin.s	f7,f0,f16	  f0:0x7fc00000 f16:0x7fc00000  f7=0x7fc00000
     133305.000 ns	     13329	80003084	e07a7793	andi	x15,x20,-505	 x20:0x80040fe4 x15=0x80040e04
     133325.000 ns	     13331	80003088	f0040ed3	fmv.w.x	f29,x8	  x8:0xffffffff f29=0xffffffff
     133345.000 ns	     13333	8000308c	01158ab3	add	x21,x11,x17	 x11:0x00000000 x17:0x00000008 x21=0x00000008
     133355.000 ns	     13334	80003090	011084b3	add	x9,x1,x17	  x1:0x00000000 x17:0x00000008  x9=0x00000008
     133365.000 ns	     13335	80003094	01342eb3	slt	x29,x8,x19	  x8:0xffffffff x19:0xfc31c41b x29=0x00000000
     133385.000 ns	     13337	80003098	e0049053	fclass.s	x0,f9	  f9:0xc37c0000
     133415.000 ns	     13340	8000309c	c018fb53	fcvt.wu.s	x22,f17	 f17:0x445e4000 x22=0x00000379
     133435.000 ns	     13342	800030a0	294d4f37	lui	x30,0x294d4	 x30=0x294d4000
     133445.000 ns	     13343	800030a4	612a8c93	addi	x25,x21,1554	 x21:0x00000008 x25=0x0000061a
     133455.000 ns	     13344	800030a8	175b7e13	andi	x28,x22,373	 x22:0x00000379 x28=0x00000171
     133475.000 ns	     13346	800030ac	d01631d3	fcvt.s.wu	f3,x12	 x12:0xfffffffe  f3=0x4f800000
     133505.000 ns	     13349	800030b0	e00a05d3	fmv.x.w	x11,f20	 f20:0x4f3f940f x11=0x4f3f940f
     133535.000 ns	     13352	800030b4	023057b3	divu	x15,x0,x3	  x0:0x00000000  x3:0x00000000 x15=0xffffffff
     133555.000 ns	     13354	800030b8	ece42e37	lui	x28,0xece42	 x28=0xece42000
     133575.000 ns	     13356	800030bc	d0078853	fcvt.s.w	f16,x15	 x15:0xffffffff f16=0xbf800000
     133605.000 ns	     13359	800030c0	03ff11b3	mulh	x3,x30,x31	 x30:0x294d4000 x31:0x00000000  x3=0x00000000
     133635.000 ns	     13362	800030c4	c0111c53	fcvt.wu.s	x24,f2	  f2:0xfffffe00 x24=0xffffffff
     133665.000 ns	     13365	800030c8	a1902553	feq.s	x10,f0,f25	  f0:0x7fc00000 f25:0x40400000 x10=0x00000000
     133685.000 ns	     13367	800030cc	00601233	sll	x4,x0,x6	  x0:0x00000000  x6:0xdc41a000  x4=0x00000000
     133695.000 ns	     13368	800030d0	008a1c93	slli	x25,x20,0x8	 x20:0x80040fe4 x25=0x040fe400
     133715.000 ns	     13370	800030d4	20769e53	fsgnjn.s	f28,f13,f7	 f13:0x4f000000  f7:0x7fc00000 f28=0xcf000000
     133755.000 ns	     13374	800030d8	182276d3	fdiv.s	f13,f4,f2	  f4:0x7fc00000  f2:0xfffffe00 f13=0x7fc00000
     133775.000 ns	     13376	800030dc	15f8b517	auipc	x10,0x15f8b	 x10=0x95f8e0dc
     133795.000 ns	     13378	800030e0	a11b9553	flt.s	x10,f23,f17	 f23:0xce80d7de f17:0x445e4000 x10=0x00000001
     133825.000 ns	     13381	800030e4	e0098fd3	fmv.x.w	x31,f19	 f19:0x7f800000 x31=0x7f800000
     133855.000 ns	     13384	800030e8	289c19d3	fmax.s	f19,f24,f9	 f24:0x7f800000  f9:0xc37c0000 f19=0x7f800000
     133875.000 ns	     13386	800030ec	68130a93	addi	x21,x6,1665	  x6:0xdc41a000 x21=0xdc41a681
     133915.000 ns	     13390	800030f0	08cd0fd3	fsub.s	f31,f26,f12	 f26:0x000005b9 f12:0x4625ef47 f31=0xc625ef47
     133935.000 ns	     13392	800030f4	00cd41b3	xor	x3,x26,x12	 x26:0xffffffff x12:0xfffffffe  x3=0x00000001
     133945.000 ns	     13393	800030f8	002fe4b3	or	x9,x31,x2	 x31:0x7f800000  x2:0x00000000  x9=0x7f800000
     133955.000 ns	     13394	800030fc	017cfbb3	and	x23,x25,x23	 x25:0x040fe400 x23:0x00000000 x23=0x00000000
     133975.000 ns	     13396	80003100	a1869253	flt.s	x4,f13,f24	 f13:0x7fc00000 f24:0x7f800000  x4=0x00000000
     133995.000 ns	     13398	80003104	011a5693	srli	x13,x20,0x11	 x20:0x80040fe4 x13=0x00004002
     134355.000 ns	     13434	80003108	0324c833	div	x16,x9,x18	  x9:0x7f800000 x18:0x00000008 x16=0x0ff00000
     134385.000 ns	     13437	8000310c	0303a633	mulhsu	x12,x7,x16	  x7:0x00000000 x16:0x00000003 x12=0x00000000
     134415.000 ns	     13440	80003110	21202853	fsgnjx.s	f16,f0,f18	  f0:0x7fc00000 f18:0x4f7ffffe f16=0x7fc00000
     134445.000 ns	     13443	80003114	d00bfe53	fcvt.s.w	f28,x23	 x23:0x00000000 f28=0x00000000
     134465.000 ns	     13445	80003118	00411093	slli	x1,x2,0x4	  x2:0x00000000  x1=0x00000000
     134485.000 ns	     13447	8000311c	c0094e53	fcvt.w.s	x28,f18	 f18:0x4f7ffffe x28=0x7fffffff
     134515.000 ns	     13450	80003120	28878553	fmin.s	f10,f15,f8	 f15:0xc625ef47  f8:0x437c0000 f10=0xc625ef47
     134545.000 ns	     13453	80003124	a08220d3	feq.s	x1,f4,f8	  f4:0x7fc00000  f8:0x437c0000  x1=0x00000000
     134565.000 ns	     13455	80003128	009c03b3	add	x7,x24,x9	 x24:0xffffffff  x9:0x7f800000  x7=0x7f7fffff
     134585.000 ns	     13457	8000312c	21f91fd3	fsgnjn.s	f31,f18,f31	 f18:0x4f7ffffe f31:0xc625ef47 f31=0x4f7ffffe
     134605.000 ns	     13459	80003130	f8c5a413	slti	x8,x11,-116	 x11:0x4f3f940f  x8=0x00000000
     134625.000 ns	     13461	80003134	f0058053	fmv.w.x	f0,x11	 x11:0x4f3f940f  f0=0x4f3f940f
     134645.000 ns	     13463	80003138	009c31b3	sltu	x3,x24,x9	 x24:0xffffffff  x9:0x7f800000  x3=0x00000000
     134655.000 ns	     13464	8000313c	008dabb3	slt	x23,x27,x8	 x27:0x80041024  x8:0x00000000 x23=0x00000001
     134665.000 ns	     13465	80003140	20cf0113	addi	x2,x30,524	 x30:0x294d4000  x2=0x294d420c
     134675.000 ns	     13466	80003144	0128d013	srli	x0,x17,0x12	 x17:0x00000008
     134695.000 ns	     13468	80003148	202016d3	fsgnjn.s	f13,f0,f2	  f0:0x4f3f940f  f2:0xfffffe00 f13=0x4f3f940f
     135035.000 ns	     13502	8000314c	19e97b53	fdiv.s	f22,f18,f30	 f18:0x4f7ffffe f30:0x4b83761b f22=0x42fffffe
     135055.000 ns	     13504	80003150	41d2dd13	srai	x26,x5,0x1d	  x5:0x00000000 x26=0x00000000
     135075.000 ns	     13506	80003154	216b8c53	fsgnj.s	f24,f23,f22	 f23:0xce80d7de f22:0x42fffffe f24=0x4e80d7de
     135115.000 ns	     13510	80003158	195587d3	fdiv.s	f15,f11,f21	 f11:0x7f800000 f21:0x7f800000 f15=0x7fc00000
     135145.000 ns	     13513	8000315c	20b691d3	fsgnjn.s	f3,f13,f11	 f13:0x4f3f940f f11:0x7f800000  f3=0xcf3f940f
     135165.000 ns	     13515	80003160	025dbd13	sltiu	x26,x27,37	 x27:0x80041024 x26=0x00000000
     135185.000 ns	     13517	80003164	a1b18e53	fle.s	x28,f3,f27	  f3:0xcf3f940f f27:0x80000000 x28=0x00000001
     135215.000 ns	     13520	80003168	a14b82d3	fle.s	x5,f23,f20	 f23:0xce80d7de f20:0x4f3f940f  x5=0x00000001
     135245.000 ns	     13523	8000316c	d00bc153	fcvt.s.w	f2,x23	 x23:0x00000001  f2=0x3f800000
     135275.000 ns	     13526	80003170	02302bb3	mulhsu	x23,x0,x3	  x0:0x00000000  x3:0x00000000 x23=0x00000000
     135295.000 ns	     13528	80003174	00655733	srl	x14,x10,x6	 x10:0x00000001  x6:0xdc41a000 x14=0x00000001
     135335.000 ns	     13532	80003178	0909fad3	fsub.s	f21,f19,f16	 f19:0x7f800000 f16:0x7fc00000 f21=0x7fc00000
     135355.000 ns	     13534	8000317c	40b403b3	sub	x7,x8,x11	  x8:0x00000000 x11:0x4f3f940f  x7=0xb0c06bf1
     135365.000 ns	     13535	80003180	406286b3	sub	x13,x5,x6	  x5:0x00000001  x6:0xdc41a000 x13=0x23be6001
     135375.000 ns	     13536	80003184	63792593	slti	x11,x18,1591	 x18:0x00000008 x11=0x00000001
     135395.000 ns	     13538	80003188	d0012ad3	fcvt.s.w	f21,x2	  x2:0x294d420c f21=0x4e253509
     135425.000 ns	     13541	8000318c	02012733	mulhsu	x14,x2,x0	  x2:0x294d420c  x0:0x00000000 x14=0x00000000
     135445.000 ns	     13543	80003190	012e9f93	slli	x31,x29,0x12	 x29:0x00000000 x31=0x00000000
     135455.000 ns	     13544	80003194	0037aab3	slt	x21,x15,x3	 x15:0xffffffff  x3:0x00000000 x21=0x00000001
     135475.000 ns	     13546	80003198	e0089553	fclass.s	x10,f17	 f17:0x445e4000 x10=0x00000040
     135495.000 ns	     13548	8000319c	0007e2b3	or	x5,x15,x0	 x15:0xffffffff  x0:0x00000000  x5=0xffffffff
     135505.000 ns	     13549	800031a0	e7a97013	andi	x0,x18,-390	 x18:0x00000008
     135515.000 ns	     13550	800031a4	01ee9ab3	sll	x21,x29,x30	 x29:0x00000000 x30:0x294d4000 x21=0x00000000
     135525.000 ns	     13551	800031a8	41d48bb3	sub	x23,x9,x29	  x9:0x7f800000 x29:0x00000000 x23=0x7f800000
     135545.000 ns	     13553	800031ac	f00f84d3	fmv.w.x	f9,x31	 x31:0x00000000  f9=0x00000000
     135575.000 ns	     13556	800031b0	0260afb3	mulhsu	x31,x1,x6	  x1:0x00000000  x6:0xdc41a000 x31=0x00000000
     135615.000 ns	     13560	800031b4	1073c053	fmul.s	f0,f7,f7	  f7:0x7fc00000  f7:0x7fc00000  f0=0x7fc00000
     135645.000 ns	     13563	800031b8	c012f3d3	fcvt.wu.s	x7,f5	  f5:0x80000000  x7=0x00000000
     135665.000 ns	     13565	800031bc	003a5313	srli	x6,x20,0x3	 x20:0x80040fe4  x6=0x100081fc
     136025.000 ns	     13601	800031c0	029bcbb3	div	x23,x23,x9	 x23:0x7f800000  x9:0x7f800000 x23=0x00000001
     136045.000 ns	     13603	800031c4	009d9593	slli	x11,x27,0x9	 x27:0x80041024 x11=0x08204800
     136065.000 ns	     13605	800031c8	21fa22d3	fsgnjx.s	f5,f20,f31	 f20:0x4f3f940f f31:0x4f7ffffe  f5=0x4f3f940f
     136085.000 ns	     13607	800031cc	b27b1ab7	lui	x21,0xb27b1	 x21=0xb27b1000
     136105.000 ns	     13609	800031d0	034c2133	mulhsu	x2,x24,x20	 x24:0xffffffff x20:0x80040fe4  x2=0xffffffff
     136125.000 ns	     13611	800031d4	00000013	addi	x0,x0,0	  x0:0x00000000
     136135.000 ns	     13612	800031d8	86b2d897	auipc	x17,0x86b2d	 x17=0x06b301d8
     136155.000 ns	     13614	800031dc	c0024253	fcvt.w.s	x4,f4	  f4:0x7fc00000  x4=0x7fffffff
     136175.000 ns	     13616	800031e0	405ad833	sra	x16,x21,x5	 x21:0xb27b1000  x5:0xffffffff x16=0xffffffff
     136185.000 ns	     13617	800031e4	1727c393	xori	x7,x15,370	 x15:0xffffffff  x7=0xfffffe8d
     136205.000 ns	     13619	800031e8	e00f8953	fmv.x.w	x18,f31	 f31:0x4f7ffffe x18=0x4f7ffffe
     136235.000 ns	     13622	800031ec	28c48ad3	fmin.s	f21,f9,f12	  f9:0x00000000 f12:0x4625ef47 f21=0x00000000
     136255.000 ns	     13624	800031f0	73664293	xori	x5,x12,1846	 x12:0x00000000  x5=0x00000736
     136585.000 ns	     13657	800031f4	19857253	fdiv.s	f4,f10,f24	 f10:0xc625ef47 f24:0x4e80d7de  f4=0xb6a5ef48
     136615.000 ns	     13660	800031f8	03dbc2b3	div	x5,x23,x29	 x23:0x00000001 x29:0x00000000  x5=0xffffffff
     136635.000 ns	     13662	800031fc	01b3b933	sltu	x18,x7,x27	  x7:0xfffffe8d x27:0x80041024 x18=0x00000000
     136645.000 ns	     13663	80003200	005efd33	and	x26,x29,x5	 x29:0x00000000  x5:0xffffffff x26=0x00000000
     136665.000 ns	     13665	80003204	d0174753	fcvt.s.wu	f14,x14	 x14:0x00000000 f14=0x00000000
     136685.000 ns	     13667	80003208	01001633	sll	x12,x0,x16	  x0:0x00000000 x16:0xffffffff x12=0x00000000
     136705.000 ns	     13669	8000320c	c00bf3d3	fcvt.w.s	x7,f23	 f23:0xce80d7de  x7=0x406bef00
     136725.000 ns	     13671	80003210	008dcf33	xor	x30,x27,x8	 x27:0x80041024  x8:0x00000000 x30=0x80041024
     136755.000 ns	     13674	80003214	1905a4d3	fdiv.s	f9,f11,f16	 f11:0x7f800000 f16:0x7fc00000  f9=0x7fc00000
     136775.000 ns	     13676	80003218	40125e13	srai	x28,x4,0x1	  x4:0x7fffffff x28=0x3fffffff
     136795.000 ns	     13678	8000321c	21111153	fsgnjn.s	f2,f2,f17	  f2:0x3f800000 f17:0x445e4000  f2=0xbf800000
     137165.000 ns	     13715	80003220	03176633	rem	x12,x14,x17	 x14:0x00000000 x17:0x06b301d8 x12=0x00000000
     137195.000 ns	     13718	80003224	02e18833	mul	x16,x3,x14	  x3:0x00000000 x14:0x00000000 x16=0x00000000
     137225.000 ns	     13721	80003228	c008a953	fcvt.w.s	x18,f17	 f17:0x445e4000 x18=0x00000379
     137255.000 ns	     13724	8000322c	e0090fd3	fmv.x.w	x31,f18	 f18:0x4f7ffffe x31=0x4f7ffffe
     137285.000 ns	     13727	80003230	c0160953	fcvt.wu.s	x18,f12	 f12:0x4625ef47 x18=0x0000297c
     137305.000 ns	     13729	80003234	01a998b3	sll	x17,x19,x26	 x19:0xfc31c41b x26:0x00000000 x17=0xfc31c41b
     137325.000 ns	     13731	80003238	0318bf33	mulhu	x30,x17,x17	 x17:0x06b301d8 x17:0x06b301d8 x30=0xf87203c1
     137355.000 ns	     13734	8000323c	20902dd3	fsgnjx.s	f27,f0,f9	  f0:0x7fc00000  f9:0x7fc00000 f27=0x7fc00000
     137375.000 ns	     13736	80003240	00000013	addi	x0,x0,0	  x0:0x00000000
     137385.000 ns	     13737	80003244	00000013	addi	x0,x0,0	  x0:0x00000000
     137395.000 ns	     13738	80003248	41815393	srai	x7,x2,0x18	  x2:0xffffffff  x7=0xffffffff
     137415.000 ns	     13740	8000324c	037793b3	mulh	x7,x15,x23	 x15:0xffffffff x23:0x00000001  x7=0xffffffff
     137435.000 ns	     13742	80003250	01559433	sll	x8,x11,x21	 x11:0x08204800 x21:0xb27b1000  x8=0x08204800
     137445.000 ns	     13743	80003254	34946693	ori	x13,x8,841	  x8:0x00000000 x13=0x08204b49
     137455.000 ns	     13744	80003258	009f6f33	or	x30,x30,x9	 x30:0xf87203c1  x9:0x7f800000 x30=0xfff203c1
     137465.000 ns	     13745	8000325c	ddab4e97	auipc	x29,0xddab4	 x29=0x5dab725c
     137475.000 ns	     13746	80003260	0190b8b3	sltu	x17,x1,x25	  x1:0x00000000 x25:0x040fe400 x17=0x00000001
     137485.000 ns	     13747	80003264	3bd54393	xori	x7,x10,957	 x10:0x00000040  x7=0x000003fd
     137495.000 ns	     13748	80003268	019d63b3	or	x7,x26,x25	 x26:0x00000000 x25:0x040fe400  x7=0x040fe400
     137505.000 ns	     13749	8000326c	01648233	add	x4,x9,x22	  x9:0x7f800000 x22:0x00000379  x4=0x7f800379
     137515.000 ns	     13750	80003270	41a4d7b3	sra	x15,x9,x26	  x9:0x7f800000 x26:0x00000000 x15=0x7f800000
     137525.000 ns	     13751	80003274	41c6d1b3	sra	x3,x13,x28	 x13:0x08204b49 x28:0x3fffffff  x3=0x00000000
     137545.000 ns	     13753	80003278	a1c72053	feq.s	x0,f14,f28	 f14:0x00000000 f28:0x00000000
     137565.000 ns	     13755	8000327c	01369413	slli	x8,x13,0x13	 x13:0x08204b49  x8=0x5a480000
     137575.000 ns	     13756	80003280	00d29193	slli	x3,x5,0xd	  x5:0xffffffff  x3=0xffffe000
     137935.000 ns	     13792	80003284	023bf233	remu	x4,x23,x3	 x23:0x00000001  x3:0x00000000  x4=0x00000001
     138305.000 ns	     13829	80003288	0349e733	rem	x14,x19,x20	 x19:0xfc31c41b x20:0x80040fe4 x14=0xfc31c41b
     138325.000 ns	     13831	8000328c	41615533	sra	x10,x2,x22	  x2:0xffffffff x22:0x00000379 x10=0xffffffff
     138685.000 ns	     13867	80003290	02b7cfb3	div	x31,x15,x11	 x15:0x7f800000 x11:0x08204800 x31=0x0000000f
     138705.000 ns	     13869	80003294	01de24b3	slt	x9,x28,x29	 x28:0x3fffffff x29:0x5dab725c  x9=0x00000001
     138715.000 ns	     13870	80003298	01969d33	sll	x26,x13,x25	 x13:0x08204b49 x25:0x040fe400 x26=0x08204b49
     138735.000 ns	     13872	8000329c	d01f7d53	fcvt.s.wu	f26,x30	 x30:0xfff203c1 f26=0x4f7ff203
     138755.000 ns	     13874	800032a0	961b8613	addi	x12,x23,-1695	 x23:0x00000001 x12=0xfffff962
     138765.000 ns	     13875	800032a4	0121d713	srli	x14,x3,0x12	  x3:0xffffe000 x14=0x00003fff
     138775.000 ns	     13876	800032a8	0061a633	slt	x12,x3,x6	  x3:0xffffe000  x6:0x100081fc x12=0x00000001
     138805.000 ns	     13879	800032ac	18fc3753	fdiv.s	f14,f24,f15	 f24:0x4e80d7de f15:0x7fc00000 f14=0x7fc00000
     139175.000 ns	     13916	800032b0	025872b3	remu	x5,x16,x5	 x16:0x00000000  x5:0xffffffff  x5=0x00000000
     139195.000 ns	     13918	800032b4	6c862e13	slti	x28,x12,1736	 x12:0x00000001 x28=0x00000001
     139215.000 ns	     13920	800032b8	d0017f53	fcvt.s.w	f30,x2	  x2:0xffffffff f30=0xbf800000
     139235.000 ns	     13922	800032bc	dd07f493	andi	x9,x15,-560	 x15:0x7f800000  x9=0x7f800000
     139275.000 ns	     13926	800032c0	016b7d53	fadd.s	f26,f22,f22	 f22:0x42fffffe f22:0x42fffffe f26=0x437ffffe
     139295.000 ns	     13928	800032c4	414ed793	srai	x15,x29,0x14	 x29:0x5dab725c x15=0x000005da
     139315.000 ns	     13930	800032c8	21b12fd3	fsgnjx.s	f31,f2,f27	  f2:0xbf800000 f27:0x7fc00000 f31=0xbf800000
     139345.000 ns	     13933	800032cc	02743bb3	mulhu	x23,x8,x7	  x8:0x5a480000  x7:0x040fe400 x23=0x016ebaa0
     139365.000 ns	     13935	800032d0	017807b3	add	x15,x16,x23	 x16:0x00000000 x23:0x00000001 x15=0x016ebaa0
     139725.000 ns	     13971	800032d4	03fe4fb3	div	x31,x28,x31	 x28:0x00000001 x31:0x0000000f x31=0x00000000
     139745.000 ns	     13973	800032d8	94cca613	slti	x12,x25,-1716	 x25:0x040fe400 x12=0x00000000
     139775.000 ns	     13976	800032dc	580e31d3	fsqrt.s	f3,f28	 f28:0x00000000  f3=0x00000000
     139795.000 ns	     13978	800032e0	40a48933	sub	x18,x9,x10	  x9:0x7f800000 x10:0xffffffff x18=0x7f800001
     139815.000 ns	     13980	800032e4	03b48333	mul	x6,x9,x27	  x9:0x7f800000 x27:0x80041024  x6=0xee000000
     139845.000 ns	     13983	800032e8	20e21d53	fsgnjn.s	f26,f4,f14	  f4:0xb6a5ef48 f14:0x7fc00000 f26=0xb6a5ef48
     139875.000 ns	     13986	800032ec	02ef2c33	mulhsu	x24,x30,x14	 x30:0xfff203c1 x14:0x00003fff x24=0xfffffffc
     139895.000 ns	     13988	800032f0	1ab60093	addi	x1,x12,427	 x12:0x00000000  x1=0x000001ab
     139905.000 ns	     13989	800032f4	24a40193	addi	x3,x8,586	  x8:0x5a480000  x3=0x5a48024a
     139925.000 ns	     13991	800032f8	03cd92b3	mulh	x5,x27,x28	 x27:0x80041024 x28:0x00000001  x5=0xffffffff
     140295.000 ns	     14028	800032fc	03b85eb3	divu	x29,x16,x27	 x16:0x00000000 x27:0x80041024 x29=0x00000000
     140325.000 ns	     14031	80003300	c0084053	fcvt.w.s	x0,f16	 f16:0x7fc00000
     140345.000 ns	     14033	80003304	3e5a8a93	addi	x21,x21,997	 x21:0xb27b1000 x21=0xb27b13e5
     140365.000 ns	     14035	80003308	02aebfb3	mulhu	x31,x29,x10	 x29:0x00000000 x10:0xffffffff x31=0x00000000
     140395.000 ns	     14038	8000330c	02f6a333	mulhsu	x6,x13,x15	 x13:0x08204b49 x15:0x016ebaa0  x6=0x000ba418
     140425.000 ns	     14041	80003310	038fb0b3	mulhu	x1,x31,x24	 x31:0x00000000 x24:0xfffffffc  x1=0x00000000
     140445.000 ns	     14043	80003314	00ec6933	or	x18,x24,x14	 x24:0xfffffffc x14:0x00003fff x18=0xffffffff
     140465.000 ns	     14045	80003318	2177a253	fsgnjx.s	f4,f15,f23	 f15:0x7fc00000 f23:0xce80d7de  f4=0xffc00000
     140485.000 ns	     14047	8000331c	21573f93	sltiu	x31,x14,533	 x14:0x00003fff x31=0x00000000
     140495.000 ns	     14048	80003320	1f810593	addi	x11,x2,504	  x2:0xffffffff x11=0x000001f7
     140505.000 ns	     14049	80003324	9228e837	lui	x16,0x9228e	 x16=0x9228e000
     140535.000 ns	     14052	80003328	114500d3	fmul.s	f1,f10,f20	 f10:0xc625ef47 f20:0x4f3f940f  f1=0xd5f85afc
     140565.000 ns	     14055	8000332c	21c19553	fsgnjn.s	f10,f3,f28	  f3:0x00000000 f28:0x00000000 f10=0x80000000
     140585.000 ns	     14057	80003330	00c1f6b3	and	x13,x3,x12	  x3:0x5a48024a x12:0x00000000 x13=0x00000000
     140595.000 ns	     14058	80003334	a97bd417	auipc	x8,0xa97bd	  x8=0x297c0334
     140955.000 ns	     14094	80003338	02667633	remu	x12,x12,x6	 x12:0x00000000  x6:0x000ba418 x12=0x00000000
     140975.000 ns	     14096	8000333c	b6856b93	ori	x23,x10,-1176	 x10:0xffffffff x23=0xffffffff
     140995.000 ns	     14098	80003340	21dc0d53	fsgnj.s	f26,f24,f29	 f24:0x4e80d7de f29:0xffffffff f26=0xce80d7de
     141025.000 ns	     14101	80003344	a0e31ad3	flt.s	x21,f6,f14	  f6:0x7f800000 f14:0x7fc00000 x21=0x00000000
     141395.000 ns	     14138	80003348	027b53b3	divu	x7,x22,x7	 x22:0x00000379  x7:0x040fe400  x7=0x00000000
     141425.000 ns	     14141	8000334c	20fa8453	fsgnj.s	f8,f21,f15	 f21:0x00000000 f15:0x7fc00000  f8=0x00000000
     141445.000 ns	     14143	80003350	01f75cb3	srl	x25,x14,x31	 x14:0x00003fff x31:0x00000000 x25=0x00003fff
     141465.000 ns	     14145	80003354	c01571d3	fcvt.wu.s	x3,f10	 f10:0x80000000  x3=0x00000000
     141515.000 ns	     14150	80003358	09187f53	fsub.s	f30,f16,f17	 f16:0x7fc00000 f17:0x445e4000 f30=0x7fc00000
     141545.000 ns	     14153	8000335c	d01841d3	fcvt.s.wu	f3,x16	 x16:0x9228e000  f3=0x4f1228e0
     141915.000 ns	     14190	80003360	03a4f6b3	remu	x13,x9,x26	  x9:0x7f800000 x26:0x08204b49 x13=0x059b96b9
     141965.000 ns	     14195	80003364	015fbf53	fadd.s	f30,f31,f21	 f31:0xbf800000 f21:0x00000000 f30=0xbf800000
     141985.000 ns	     14197	80003368	00000013	addi	x0,x0,0	  x0:0x00000000
     141995.000 ns	     14198	8000336c	406755b3	sra	x11,x14,x6	 x14:0x00003fff  x6:0x000ba418 x11=0x00000000
     142035.000 ns	     14202	80003370	08e13653	fsub.s	f12,f2,f14	  f2:0xbf800000 f14:0x7fc00000 f12=0x7fc00000
     142085.000 ns	     14207	80003374	00f7f553	fadd.s	f10,f15,f15	 f15:0x7fc00000 f15:0x7fc00000 f10=0x7fc00000
     142115.000 ns	     14210	80003378	02e927b3	mulhsu	x15,x18,x14	 x18:0xffffffff x14:0x00003fff x15=0xffffffff
     142145.000 ns	     14213	8000337c	a19d04d3	fle.s	x9,f26,f25	 f26:0xce80d7de f25:0x40400000  x9=0x00000001
     142175.000 ns	     14216	80003380	02750ab3	mul	x21,x10,x7	 x10:0xffffffff  x7:0x00000000 x21=0x00000000
     142195.000 ns	     14218	80003384	7c5f2713	slti	x14,x30,1989	 x30:0xfff203c1 x14=0x00000001
     142235.000 ns	     14222	80003388	08284653	fsub.s	f12,f16,f2	 f16:0x7fc00000  f2:0xbf800000 f12=0x7fc00000
     142255.000 ns	     14224	8000338c	00251b13	slli	x22,x10,0x2	 x10:0xffffffff x22=0xfffffffc
     142275.000 ns	     14226	80003390	e0068553	fmv.x.w	x10,f13	 f13:0x4f3f940f x10=0x4f3f940f
     142305.000 ns	     14229	80003394	039683b3	mul	x7,x13,x25	 x13:0x059b96b9 x25:0x00003fff  x7=0xe012a947
     142325.000 ns	     14231	80003398	192c2713	slti	x14,x24,402	 x24:0xfffffffc x14=0x00000001
     142355.000 ns	     14234	8000339c	195efed3	fdiv.s	f29,f29,f21	 f29:0xffffffff f21:0x00000000 f29=0x7fc00000
     143535.000 ns	     14352	800033a0	5806a8d3	fsqrt.s	f17,f13	 f13:0x4f3f940f f17=0x47077757
     143565.000 ns	     14355	800033a4	038a9ab3	mulh	x21,x21,x24	 x21:0x00000000 x24:0xfffffffc x21=0x00000000
     143585.000 ns	     14357	800033a8	00836c33	or	x24,x6,x8	  x6:0x000ba418  x8:0x297c0334 x24=0x297fa73c
     143605.000 ns	     14359	800033ac	c00c2d53	fcvt.w.s	x26,f24	 f24:0x4e80d7de x26=0x406bef00
     143975.000 ns	     14396	800033b0	03e6f333	remu	x6,x13,x30	 x13:0x059b96b9 x30:0xfff203c1  x6=0x059b96b9
     144005.000 ns	     14399	800033b4	d01b7f53	fcvt.s.wu	f30,x22	 x22:0xfffffffc f30=0x4f7fffff
     144035.000 ns	     14402	800033b8	20f996d3	fsgnjn.s	f13,f19,f15	 f19:0x7f800000 f15:0x7fc00000 f13=0xff800000
     144055.000 ns	     14404	800033bc	016155b3	srl	x11,x2,x22	  x2:0xffffffff x22:0xfffffffc x11=0x0000000f
     144075.000 ns	     14406	800033c0	d00a7dd3	fcvt.s.w	f27,x20	 x20:0x80040fe4 f27=0xcefff7e0
     144095.000 ns	     14408	800033c4	5145bc93	sltiu	x25,x11,1300	 x11:0x00000000 x25=0x00000001
     144115.000 ns	     14410	800033c8	215a81d3	fsgnj.s	f3,f21,f21	 f21:0x00000000 f21:0x00000000  f3=0x00000000
     144135.000 ns	     14412	800033cc	f63c7a93	andi	x21,x24,-157	 x24:0x297fa73c x21=0x297fa720
     144145.000 ns	     14413	800033d0	348c7013	andi	x0,x24,840	 x24:0x297fa73c
     144165.000 ns	     14415	800033d4	e00b8153	fmv.x.w	x2,f23	 f23:0xce80d7de  x2=0xce80d7de
     144195.000 ns	     14418	800033d8	a0f01653	flt.s	x12,f0,f15	  f0:0x7fc00000 f15:0x7fc00000 x12=0x00000000
     144215.000 ns	     14420	800033dc	0170b8b3	sltu	x17,x1,x23	  x1:0x00000000 x23:0xffffffff x17=0x00000001
     144225.000 ns	     14421	800033e0	01709ab3	sll	x21,x1,x23	  x1:0x00000000 x23:0xffffffff x21=0x00000000
     144245.000 ns	     14423	800033e4	a0bd8153	fle.s	x2,f27,f11	 f27:0xcefff7e0 f11:0x7f800000  x2=0x00000001
     144275.000 ns	     14426	800033e8	28f38853	fmin.s	f16,f7,f15	  f7:0x7fc00000 f15:0x7fc00000 f16=0x7fc00000
     144305.000 ns	     14429	800033ec	c0077353	fcvt.w.s	x6,f14	 f14:0x7fc00000  x6=0x7fffffff
     144335.000 ns	     14432	800033f0	e0069753	fclass.s	x14,f13	 f13:0xff800000 x14=0x00000001
     144385.000 ns	     14437	800033f4	01b977d3	fadd.s	f15,f18,f27	 f18:0x4f7ffffe f27:0xcefff7e0 f15=0x4f00040e
     144415.000 ns	     14440	800033f8	0317b133	mulhu	x2,x15,x17	 x15:0xffffffff x17:0x00000001  x2=0x00000000
     144435.000 ns	     14442	800033fc	07e58413	addi	x8,x11,126	 x11:0x0000000f  x8=0x0000008d
     144455.000 ns	     14444	80003400	f00c0bd3	fmv.w.x	f23,x24	 x24:0x297fa73c f23=0x297fa73c
     144475.000 ns	     14446	80003404	01314133	xor	x2,x2,x19	  x2:0x00000000 x19:0xfc31c41b  x2=0xfc31c41b
     144485.000 ns	     14447	80003408	985dff93	andi	x31,x27,-1659	 x27:0x80041024 x31=0x80041004
     144505.000 ns	     14449	8000340c	a18d8ad3	fle.s	x21,f27,f24	 f27:0xcefff7e0 f24:0x4e80d7de x21=0x00000001
     144875.000 ns	     14486	80003410	02af66b3	rem	x13,x30,x10	 x30:0xfff203c1 x10:0x4f3f940f x13=0xfff203c1
     144895.000 ns	     14488	80003414	40ef5793	srai	x15,x30,0xe	 x30:0xfff203c1 x15=0xffffffc8
     144915.000 ns	     14490	80003418	29589253	fmax.s	f4,f17,f21	 f17:0x47077757 f21:0x00000000  f4=0x47077757
     144935.000 ns	     14492	8000341c	01d3db13	srli	x22,x7,0x1d	  x7:0xe012a947 x22=0x00000007
     144945.000 ns	     14493	80003420	40b20233	sub	x4,x4,x11	  x4:0x00000001 x11:0x0000000f  x4=0xfffffff2
     144965.000 ns	     14495	80003424	29c016d3	fmax.s	f13,f0,f28	  f0:0x7fc00000 f28:0x00000000 f13=0x00000000
     144985.000 ns	     14497	80003428	f8167093	andi	x1,x12,-127	 x12:0x00000000  x1=0x00000000
     145345.000 ns	     14533	8000342c	03ffe233	rem	x4,x31,x31	 x31:0x80041004 x31:0x80041004  x4=0x00000000
     145385.000 ns	     14537	80003430	19264453	fdiv.s	f8,f12,f18	 f12:0x7fc00000 f18:0x4f7ffffe  f8=0x7fc00000
     145415.000 ns	     14540	80003434	d0087253	fcvt.s.w	f4,x16	 x16:0x9228e000  f4=0xcedbae40
     145435.000 ns	     14542	80003438	00a891b3	sll	x3,x17,x10	 x17:0x00000001 x10:0x4f3f940f  x3=0x00008000
     145455.000 ns	     14544	8000343c	a19fad53	feq.s	x26,f31,f25	 f31:0xbf800000 f25:0x40400000 x26=0x00000000
     145485.000 ns	     14547	80003440	a01392d3	flt.s	x5,f7,f1	  f7:0x7fc00000  f1:0xd5f85afc  x5=0x00000000
     145505.000 ns	     14549	80003444	003f9f93	slli	x31,x31,0x3	 x31:0x80041004 x31=0x00208020
     145515.000 ns	     14550	80003448	400b5033	sra	x0,x22,x0	 x22:0x00000007  x0:0x00000000
     145535.000 ns	     14552	8000344c	21a4a453	fsgnjx.s	f8,f9,f26	  f9:0x7fc00000 f26:0xce80d7de  f8=0xffc00000
     145565.000 ns	     14555	80003450	a0f68153	fle.s	x2,f13,f15	 f13:0x00000000 f15:0x4f00040e  x2=0x00000001
     145585.000 ns	     14557	80003454	0148cfb3	xor	x31,x17,x20	 x17:0x00000001 x20:0x80040fe4 x31=0x80040fe5
     145605.000 ns	     14559	80003458	038aa033	mulhsu	x0,x21,x24	 x21:0x00000001 x24:0x297fa73c
     145655.000 ns	     14564	8000345c	09c875d3	fsub.s	f11,f16,f28	 f16:0x7fc00000 f28:0x00000000 f11=0x7fc00000
     145675.000 ns	     14566	80003460	41e30d33	sub	x26,x6,x30	  x6:0x7fffffff x30:0xfff203c1 x26=0x800dfc3e
     145685.000 ns	     14567	80003464	4024d6b3	sra	x13,x9,x2	  x9:0x00000001  x2:0x00000001 x13=0x00000000
     145705.000 ns	     14569	80003468	02f51b33	mulh	x22,x10,x15	 x10:0x4f3f940f x15:0xffffffc8 x22=0xffffffee
     145745.000 ns	     14573	8000346c	58042653	fsqrt.s	f12,f8	  f8:0xffc00000 f12=0x7fc00000
     145795.000 ns	     14578	80003470	01fff0d3	fadd.s	f1,f31,f31	 f31:0xbf800000 f31:0xbf800000  f1=0xc0000000
     145815.000 ns	     14580	80003474	462fa593	slti	x11,x31,1122	 x31:0x80040fe5 x11=0x00000001
     145835.000 ns	     14582	80003478	e00e0e53	fmv.x.w	x28,f28	 f28:0x00000000 x28=0x00000000
     145865.000 ns	     14585	8000347c	03da8833	mul	x16,x21,x29	 x21:0x00000001 x29:0x00000000 x16=0x00000000
     146235.000 ns	     14622	80003480	02b9c933	div	x18,x19,x11	 x19:0xfc31c41b x11:0x00000001 x18=0xfc31c41b
     146255.000 ns	     14624	80003484	46d6e093	ori	x1,x13,1133	 x13:0x00000000  x1=0x0000046d
     146265.000 ns	     14625	80003488	006ca933	slt	x18,x25,x6	 x25:0x00000001  x6:0x7fffffff x18=0x00000001
     146275.000 ns	     14626	8000348c	00a4b133	sltu	x2,x9,x10	  x9:0x00000001 x10:0x4f3f940f  x2=0x00000001
     146285.000 ns	     14627	80003490	00000013	addi	x0,x0,0	  x0:0x00000000
     146305.000 ns	     14629	80003494	f00a8253	fmv.w.x	f4,x21	 x21:0x00000001  f4=0x00000001
     146325.000 ns	     14631	80003498	40a55333	sra	x6,x10,x10	 x10:0x4f3f940f x10:0x4f3f940f  x6=0x00009e7f
     146345.000 ns	     14633	8000349c	f00a87d3	fmv.w.x	f15,x21	 x21:0x00000001 f15=0x00000001
     146375.000 ns	     14636	800034a0	a0b312d3	flt.s	x5,f6,f11	  f6:0x7f800000 f11:0x7fc00000  x5=0x00000000
     146395.000 ns	     14638	800034a4	163e3913	sltiu	x18,x28,355	 x28:0x00000000 x18=0x00000001
     146415.000 ns	     14640	800034a8	03da5bb3	divu	x23,x20,x29	 x20:0x80040fe4 x29:0x00000000 x23=0xffffffff
     146435.000 ns	     14642	800034ac	005c4fb3	xor	x31,x24,x5	 x24:0x297fa73c  x5:0x00000000 x31=0x297fa73c
     146445.000 ns	     14643	800034b0	013ee2b3	or	x5,x29,x19	 x29:0x00000000 x19:0xfc31c41b  x5=0xfc31c41b
     146455.000 ns	     14644	800034b4	01e7b233	sltu	x4,x15,x30	 x15:0xffffffc8 x30:0xfff203c1  x4=0x00000000
     146495.000 ns	     14648	800034b8	099c19d3	fsub.s	f19,f24,f25	 f24:0x4e80d7de f25:0x40400000 f19=0x4e80d7dd
     146515.000 ns	     14650	800034bc	009ddfb3	srl	x31,x27,x9	 x27:0x80041024  x9:0x00000001 x31=0x40020812
     146525.000 ns	     14651	800034c0	0185be33	sltu	x28,x11,x24	 x11:0x00000001 x24:0x297fa73c x28=0x00000001
     146535.000 ns	     14652	800034c4	c87e9097	auipc	x1,0xc87e9	  x1=0x487ec4c4
     146545.000 ns	     14653	800034c8	2b7a8b37	lui	x22,0x2b7a8	 x22=0x2b7a8000
     146565.000 ns	     14655	800034cc	c01272d3	fcvt.wu.s	x5,f4	  f4:0x00000001  x5=0x00000000
     146595.000 ns	     14658	800034d0	a0298253	fle.s	x4,f19,f2	 f19:0x4e80d7dd  f2:0xbf800000  x4=0x00000000
     146625.000 ns	     14661	800034d4	29ae9f53	fmax.s	f30,f29,f26	 f29:0x7fc00000 f26:0xce80d7de f30=0xce80d7de
     146645.000 ns	     14663	800034d8	4080d133	sra	x2,x1,x8	  x1:0x487ec4c4  x8:0x0000008d  x2=0x000243f6
     146655.000 ns	     14664	800034dc	00566bb3	or	x23,x12,x5	 x12:0x00000000  x5:0x00000000 x23=0x00000000
     146675.000 ns	     14666	800034e0	28ab00d3	fmin.s	f1,f22,f10	 f22:0x42fffffe f10:0x7fc00000  f1=0x42fffffe
     146695.000 ns	     14668	800034e4	f4ae4037	lui	x0,0xf4ae4	
     146705.000 ns	     14669	800034e8	01aed133	srl	x2,x29,x26	 x29:0x00000000 x26:0x800dfc3e  x2=0x00000000
     146715.000 ns	     14670	800034ec	22640f13	addi	x30,x8,550	  x8:0x0000008d x30=0x000002b3
     146725.000 ns	     14671	800034f0	41168f33	sub	x30,x13,x17	 x13:0x00000000 x17:0x00000001 x30=0xffffffff
     146745.000 ns	     14673	800034f4	28a10dd3	fmin.s	f27,f2,f10	  f2:0xbf800000 f10:0x7fc00000 f27=0xbf800000
     146775.000 ns	     14676	800034f8	e00a9253	fclass.s	x4,f21	 f21:0x00000000  x4=0x00000010
     146805.000 ns	     14679	800034fc	023c34b3	mulhu	x9,x24,x3	 x24:0x297fa73c  x3:0x00008000  x9=0x000014bf
     146835.000 ns	     14682	80003500	e0030fd3	fmv.x.w	x31,f6	  f6:0x7f800000 x31=0x7f800000
     146875.000 ns	     14686	80003504	113c34d3	fmul.s	f9,f24,f19	 f24:0x4e80d7de f19:0x4e80d7dd  f9=0x5d81b128
     146905.000 ns	     14689	80003508	2112a8d3	fsgnjx.s	f17,f5,f17	  f5:0x4f3f940f f17:0x47077757 f17=0x4f3f940f
     146925.000 ns	     14691	8000350c	01aa1e33	sll	x28,x20,x26	 x20:0x80040fe4 x26:0x800dfc3e x28=0x00000000
     148095.000 ns	     14808	80003510	5802fc53	fsqrt.s	f24,f5	  f5:0x4f3f940f f24=0x47077757
     148115.000 ns	     14810	80003514	dbbc6113	ori	x2,x24,-581	 x24:0x297fa73c  x2=0xffffffbf
     148125.000 ns	     14811	80003518	e7988113	addi	x2,x17,-391	 x17:0x00000001  x2=0xfffffe7a
     148145.000 ns	     14813	8000351c	e00a9153	fclass.s	x2,f21	 f21:0x00000000  x2=0x00000010
     148175.000 ns	     14816	80003520	f00b8453	fmv.w.x	f8,x23	 x23:0x00000000  f8=0x00000000
     148195.000 ns	     14818	80003524	194a7a93	andi	x21,x20,404	 x20:0x80040fe4 x21=0x00000184
     148215.000 ns	     14820	80003528	e00500d3	fmv.x.w	x1,f10	 f10:0x7fc00000  x1=0x7fc00000
     148235.000 ns	     14822	8000352c	4134de13	srai	x28,x9,0x13	  x9:0x000014bf x28=0x00000000
     148255.000 ns	     14824	80003530	024995b3	mulh	x11,x19,x4	 x19:0xfc31c41b  x4:0x00000010 x11=0xffffffff
     148275.000 ns	     14826	80003534	d0ba6c93	ori	x25,x20,-757	 x20:0x80040fe4 x25=0xffffffef
     148635.000 ns	     14862	80003538	03b86633	rem	x12,x16,x27	 x16:0x00000000 x27:0x80041024 x12=0x00000000
     148665.000 ns	     14865	8000353c	e0088653	fmv.x.w	x12,f17	 f17:0x4f3f940f x12=0x4f3f940f
     148715.000 ns	     14870	80003540	008d45d3	fadd.s	f11,f26,f8	 f26:0xce80d7de  f8:0x00000000 f11=0xce80d7de
     148735.000 ns	     14872	80003544	4edd7037	lui	x0,0x4edd7	
     148755.000 ns	     14874	80003548	03c570b3	remu	x1,x10,x28	 x10:0x4f3f940f x28:0x00000000  x1=0x4f3f940f
     148775.000 ns	     14876	8000354c	00a09f13	slli	x30,x1,0xa	  x1:0x7fc00000 x30=0xfe503c00
     148795.000 ns	     14878	80003550	c01ef3d3	fcvt.wu.s	x7,f29	 f29:0x7fc00000  x7=0xffffffff
     148815.000 ns	     14880	80003554	0130bf33	sltu	x30,x1,x19	  x1:0x4f3f940f x19:0xfc31c41b x30=0x00000001
     148835.000 ns	     14882	80003558	285a80d3	fmin.s	f1,f21,f5	 f21:0x00000000  f5:0x4f3f940f  f1=0x00000000
     149205.000 ns	     14919	8000355c	039b5cb3	divu	x25,x22,x25	 x22:0x2b7a8000 x25:0xffffffef x25=0x00000000
     149245.000 ns	     14923	80003560	1887fe53	fdiv.s	f28,f15,f8	 f15:0x00000001  f8:0x00000000 f28=0x7f800000
     149265.000 ns	     14925	80003564	c63c2693	slti	x13,x24,-925	 x24:0x297fa73c x13=0x00000000
     149295.000 ns	     14928	80003568	10c8f153	fmul.s	f2,f17,f12	 f17:0x4f3f940f f12:0x7fc00000  f2=0x7fc00000
     149315.000 ns	     14930	8000356c	513c7e13	andi	x28,x24,1299	 x24:0x297fa73c x28=0x00000510
     149325.000 ns	     14931	80003570	0039ceb3	xor	x29,x19,x3	 x19:0xfc31c41b  x3:0x00008000 x29=0xfc31441b
     149345.000 ns	     14933	80003574	29c00d53	fmin.s	f26,f0,f28	  f0:0x7fc00000 f28:0x7f800000 f26=0x7f800000
     149375.000 ns	     14936	80003578	a1a51953	flt.s	x18,f10,f26	 f10:0x7fc00000 f26:0xce80d7de x18=0x00000000
     149405.000 ns	     14939	8000357c	d01ebfd3	fcvt.s.wu	f31,x29	 x29:0xfc31441b f31=0x4f7c3145
     149455.000 ns	     14944	80003580	0173f753	fadd.s	f14,f7,f23	  f7:0x7fc00000 f23:0x297fa73c f14=0x7fc00000
     149485.000 ns	     14947	80003584	0374de33	divu	x28,x9,x23	  x9:0x000014bf x23:0x00000000 x28=0xffffffff
     149535.000 ns	     14952	80003588	09007ad3	fsub.s	f21,f0,f16	  f0:0x7fc00000 f16:0x7fc00000 f21=0x7fc00000
     149565.000 ns	     14955	8000358c	d00808d3	fcvt.s.w	f17,x16	 x16:0x00000000 f17=0x00000000
     149585.000 ns	     14957	80003590	f2372f13	slti	x30,x14,-221	 x14:0x00000001 x30=0x00000000
     149605.000 ns	     14959	80003594	e00d8653	fmv.x.w	x12,f27	 f27:0xbf800000 x12=0xbf800000
     149625.000 ns	     14961	80003598	2e4d4513	xori	x10,x26,740	 x26:0x800dfc3e x10=0x800dfeda
     149645.000 ns	     14963	8000359c	20f61e53	fsgnjn.s	f28,f12,f15	 f12:0x7fc00000 f15:0x00000001 f28=0xffc00000
     149665.000 ns	     14965	800035a0	40a90bb3	sub	x23,x18,x10	 x18:0x00000000 x10:0x4f3f940f x23=0x7ff20126
     149685.000 ns	     14967	800035a4	204a9653	fsgnjn.s	f12,f21,f4	 f21:0x7fc00000  f4:0x00000001 f12=0xffc00000
     149735.000 ns	     14972	800035a8	0962c9d3	fsub.s	f19,f5,f22	  f5:0x4f3f940f f22:0x42fffffe f19=0x4f3f940f
     149755.000 ns	     14974	800035ac	00877e33	and	x28,x14,x8	 x14:0x00000001  x8:0x0000008d x28=0x00000001
     149785.000 ns	     14977	800035b0	18042a53	fdiv.s	f20,f8,f0	  f8:0x00000000  f0:0x7fc00000 f20=0x7fc00000
     149805.000 ns	     14979	800035b4	ee676b17	auipc	x22,0xee676	 x22=0x6e6795b4
     149825.000 ns	     14981	800035b8	282e9053	fmax.s	f0,f29,f2	 f29:0x7fc00000  f2:0x7fc00000  f0=0x7fc00000
     149855.000 ns	     14984	800035bc	d0177253	fcvt.s.wu	f4,x14	 x14:0x00000001  f4=0x3f800000
     149885.000 ns	     14987	800035c0	f0050e53	fmv.w.x	f28,x10	 x10:0x800dfeda f28=0x800dfeda
     149915.000 ns	     14990	800035c4	e0011953	fclass.s	x18,f2	  f2:0x7fc00000 x18=0x00000200
     149935.000 ns	     14992	800035c8	45c2c393	xori	x7,x5,1116	  x5:0x00000000  x7=0x0000045c
     149965.000 ns	     14995	800035cc	101a7353	fmul.s	f6,f20,f1	 f20:0x7fc00000  f1:0x00000000  f6=0x7fc00000
     149995.000 ns	     14998	800035d0	20599ad3	fsgnjn.s	f21,f19,f5	 f19:0x4f3f940f  f5:0x4f3f940f f21=0xcf3f940f
     150015.000 ns	     15000	800035d4	00eb24b3	slt	x9,x22,x14	 x22:0x6e6795b4 x14:0x00000001  x9=0x00000000
     150025.000 ns	     15001	800035d8	95acb493	sltiu	x9,x25,-1702	 x25:0x00000000  x9=0x00000001
     150385.000 ns	     15037	800035dc	038ce833	rem	x16,x25,x24	 x25:0x00000000 x24:0x297fa73c x16=0x00000000
     150405.000 ns	     15039	800035e0	57b08b13	addi	x22,x1,1403	  x1:0x4f3f940f x22=0x4f3f998a
     150425.000 ns	     15041	800035e4	02095433	divu	x8,x18,x0	 x18:0x00000200  x0:0x00000000  x8=0xffffffff
     150445.000 ns	     15043	800035e8	0081b133	sltu	x2,x3,x8	  x3:0x00008000  x8:0x0000008d  x2=0x00000001
     150455.000 ns	     15044	800035ec	01c02f33	slt	x30,x0,x28	  x0:0x00000000 x28:0x00000001 x30=0x00000001
     150465.000 ns	     15045	800035f0	41ce5113	srai	x2,x28,0x1c	 x28:0x00000001  x2=0x00000000
     150475.000 ns	     15046	800035f4	013c9233	sll	x4,x25,x19	 x25:0x00000000 x19:0xfc31c41b  x4=0x00000000
     150485.000 ns	     15047	800035f8	d6ed7a93	andi	x21,x26,-658	 x26:0x800dfc3e x21=0x800dfc2e
     150495.000 ns	     15048	800035fc	00b1e833	or	x16,x3,x11	  x3:0x00008000 x11:0xffffffff x16=0xffffffff
     150505.000 ns	     15049	80003600	00a01eb3	sll	x29,x0,x10	  x0:0x00000000 x10:0x800dfeda x29=0x00000000
     150515.000 ns	     15050	80003604	cd7085b7	lui	x11,0xcd708	 x11=0xcd708000
     150535.000 ns	     15052	80003608	a1a08053	fle.s	x0,f1,f26	  f1:0x00000000 f26:0x7f800000
     150565.000 ns	     15055	8000360c	217e1153	fsgnjn.s	f2,f28,f23	 f28:0x800dfeda f23:0x297fa73c  f2=0x800dfeda
     150585.000 ns	     15057	80003610	01118e33	add	x28,x3,x17	  x3:0x00008000 x17:0x00000001 x28=0x00008001
     150605.000 ns	     15059	80003614	21579653	fsgnjn.s	f12,f15,f21	 f15:0x00000001 f21:0xcf3f940f f12=0x00000001
     150625.000 ns	     15061	80003618	00423b33	sltu	x22,x4,x4	  x4:0x00000000  x4:0x00000000 x22=0x00000000
     150635.000 ns	     15062	8000361c	01105b13	srli	x22,x0,0x11	  x0:0x00000000 x22=0x00000000
     150645.000 ns	     15063	80003620	dbb34217	auipc	x4,0xdbb34	  x4=0x5bb37620
     150655.000 ns	     15064	80003624	f3288293	addi	x5,x17,-206	 x17:0x00000001  x5=0xffffff33
     150675.000 ns	     15066	80003628	02da7433	remu	x8,x20,x13	 x20:0x80040fe4 x13:0x00000000  x8=0x80040fe4
     151045.000 ns	     15103	8000362c	02bf5733	divu	x14,x30,x11	 x30:0x00000001 x11:0xcd708000 x14=0x00000000
     151075.000 ns	     15106	80003630	039ae233	rem	x4,x21,x25	 x21:0x800dfc2e x25:0x00000000  x4=0x800dfc2e
     151095.000 ns	     15108	80003634	410953b3	sra	x7,x18,x16	 x18:0x00000200 x16:0xffffffff  x7=0x00000000
     151455.000 ns	     15144	80003638	03885433	divu	x8,x16,x24	 x16:0xffffffff x24:0x297fa73c  x8=0x00000006
     151475.000 ns	     15146	8000363c	01c35093	srli	x1,x6,0x1c	  x6:0x00009e7f  x1=0x00000000
     151515.000 ns	     15150	80003640	008b0153	fadd.s	f2,f22,f8	 f22:0x42fffffe  f8:0x00000000  f2=0x42fffffe
     151555.000 ns	     15154	80003644	108b7ed3	fmul.s	f29,f22,f8	 f22:0x42fffffe  f8:0x00000000 f29=0x00000000
     151575.000 ns	     15156	80003648	01674633	xor	x12,x14,x22	 x14:0x00000000 x22:0x00000000 x12=0x00000000
     151585.000 ns	     15157	8000364c	1b60d197	auipc	x3,0x1b60d	  x3=0x9b61064c
     151605.000 ns	     15159	80003650	d01d2bd3	fcvt.s.wu	f23,x26	 x26:0x800dfc3e f23=0x4f000dfd
     151635.000 ns	     15162	80003654	026388b3	mul	x17,x7,x6	  x7:0x00000000  x6:0x00009e7f x17=0x00000000
     151665.000 ns	     15165	80003658	203fab53	fsgnjx.s	f22,f31,f3	 f31:0x4f7c3145  f3:0x00000000 f22=0x4f7c3145
     151695.000 ns	     15168	8000365c	d0032ad3	fcvt.s.w	f21,x6	  x6:0x00009e7f f21=0x471e7f00
     151715.000 ns	     15170	80003660	01915733	srl	x14,x2,x25	  x2:0x00000000 x25:0x00000000 x14=0x00000000
     151735.000 ns	     15172	80003664	035e8833	mul	x16,x29,x21	 x29:0x00000000 x21:0x800dfc2e x16=0x00000000
     151765.000 ns	     15175	80003668	209b03d3	fsgnj.s	f7,f22,f9	 f22:0x4f7c3145  f9:0x5d81b128  f7=0x4f7c3145
     151815.000 ns	     15180	8000366c	092fb2d3	fsub.s	f5,f31,f18	 f31:0x4f7c3145 f18:0x4f7ffffe  f5=0xcc73ae40
     151835.000 ns	     15182	80003670	01eedf33	srl	x30,x29,x30	 x29:0x00000000 x30:0x00000001 x30=0x00000000
     151845.000 ns	     15183	80003674	00000013	addi	x0,x0,0	  x0:0x00000000
     151865.000 ns	     15185	80003678	0213e733	rem	x14,x7,x1	  x7:0x00000000  x1:0x00000000 x14=0x00000000
     151895.000 ns	     15188	8000367c	a0160753	fle.s	x14,f12,f1	 f12:0x00000001  f1:0x00000000 x14=0x00000000
     151915.000 ns	     15190	80003680	0074c233	xor	x4,x9,x7	  x9:0x00000001  x7:0x00000000  x4=0x00000001
     152275.000 ns	     15226	80003684	03bff133	remu	x2,x31,x27	 x31:0x7f800000 x27:0x80041024  x2=0x7f800000
     152295.000 ns	     15228	80003688	014df333	and	x6,x27,x20	 x27:0x80041024 x20:0x80040fe4  x6=0x80040024
     152305.000 ns	     15229	8000368c	669f7b13	andi	x22,x30,1641	 x30:0x00000000 x22=0x00000000
     152315.000 ns	     15230	80003690	b8946b93	ori	x23,x8,-1143	  x8:0x00000006 x23=0xfffffb8f
     152325.000 ns	     15231	80003694	01f433b3	sltu	x7,x8,x31	  x8:0x00000006 x31:0x7f800000  x7=0x00000001
     152345.000 ns	     15233	80003698	282e1553	fmax.s	f10,f28,f2	 f28:0x800dfeda  f2:0x42fffffe f10=0x42fffffe
     152365.000 ns	     15235	8000369c	ae037837	lui	x16,0xae037	 x16=0xae037000
     152385.000 ns	     15237	800036a0	02ecfbb3	remu	x23,x25,x14	 x25:0x00000000 x14:0x00000000 x23=0x00000000
     152725.000 ns	     15271	800036a4	19cd9d53	fdiv.s	f26,f27,f28	 f27:0xbf800000 f28:0x800dfeda f26=0x7e34b4b6
     152755.000 ns	     15274	800036a8	02a08c33	mul	x24,x1,x10	  x1:0x00000000 x10:0x800dfeda x24=0x00000000
     152775.000 ns	     15276	800036ac	5d158093	addi	x1,x11,1489	 x11:0xcd708000  x1=0xcd7085d1
     152785.000 ns	     15277	800036b0	40550333	sub	x6,x10,x5	 x10:0x800dfeda  x5:0xffffff33  x6=0x800dffa7
     152805.000 ns	     15279	800036b4	28a71f53	fmax.s	f30,f14,f10	 f14:0x7fc00000 f10:0x42fffffe f30=0x42fffffe
     152835.000 ns	     15282	800036b8	a0569753	flt.s	x14,f13,f5	 f13:0x00000000  f5:0xcc73ae40 x14=0x00000000
     152865.000 ns	     15285	800036bc	e00490d3	fclass.s	x1,f9	  f9:0x5d81b128  x1=0x00000040
     152895.000 ns	     15288	800036c0	027ca233	mulhsu	x4,x25,x7	 x25:0x00000000  x7:0x00000001  x4=0x00000000
     152915.000 ns	     15290	800036c4	40c20ab3	sub	x21,x4,x12	  x4:0x00000001 x12:0x00000000 x21=0x00000000
     154085.000 ns	     15407	800036c8	580b4dd3	fsqrt.s	f27,f22	 f22:0x4f7c3145 f27=0x47325360
     154105.000 ns	     15409	800036cc	c92cd617	auipc	x12,0xc92cd	 x12=0x492d06cc
     154115.000 ns	     15410	800036d0	50d3e513	ori	x10,x7,1293	  x7:0x00000001 x10=0x0000050d
     154135.000 ns	     15412	800036d4	e00b8cd3	fmv.x.w	x25,f23	 f23:0x4f000dfd x25=0x4f000dfd
     154155.000 ns	     15414	800036d8	410c8833	sub	x16,x25,x16	 x25:0x00000000 x16:0xae037000 x16=0xa0fc9dfd
     154165.000 ns	     15415	800036dc	3a816c13	ori	x24,x2,936	  x2:0x7f800000 x24=0x7f8003a8
     154185.000 ns	     15417	800036e0	a0bc81d3	fle.s	x3,f25,f11	 f25:0x40400000 f11:0xce80d7de  x3=0x00000000
     154235.000 ns	     15422	800036e4	082b74d3	fsub.s	f9,f22,f2	 f22:0x4f7c3145  f2:0x42fffffe  f9=0x4f7c3144
     154285.000 ns	     15427	800036e8	08b523d3	fsub.s	f7,f10,f11	 f10:0x42fffffe f11:0xce80d7de  f7=0x4e80d7de
     154315.000 ns	     15430	800036ec	288a8dd3	fmin.s	f27,f21,f8	 f21:0x471e7f00  f8:0x00000000 f27=0x00000000
     154345.000 ns	     15433	800036f0	a11fa953	feq.s	x18,f31,f17	 f31:0x4f7c3145 f17:0x00000000 x18=0x00000000
     154375.000 ns	     15436	800036f4	e00e9bd3	fclass.s	x23,f29	 f29:0x00000000 x23=0x00000010
     154425.000 ns	     15441	800036f8	091a18d3	fsub.s	f17,f20,f17	 f20:0x7fc00000 f17:0x00000000 f17=0x7fc00000
     154465.000 ns	     15445	800036fc	10059b53	fmul.s	f22,f11,f0	 f11:0xce80d7de  f0:0x7fc00000 f22=0x7fc00000
     154495.000 ns	     15448	80003700	02dff1b3	remu	x3,x31,x13	 x31:0x7f800000 x13:0x00000000  x3=0x7f800000
     154865.000 ns	     15485	80003704	028ecc33	div	x24,x29,x8	 x29:0x00000000  x8:0x00000006 x24=0x00000000
     154915.000 ns	     15490	80003708	082093d3	fsub.s	f7,f1,f2	  f1:0x00000000  f2:0x42fffffe  f7=0xc2fffffe
     154945.000 ns	     15493	8000370c	20471f53	fsgnjn.s	f30,f14,f4	 f14:0x7fc00000  f4:0x3f800000 f30=0xffc00000
     154965.000 ns	     15495	80003710	41165fb3	sra	x31,x12,x17	 x12:0x492d06cc x17:0x00000000 x31=0x492d06cc
     155005.000 ns	     15499	80003714	008716d3	fadd.s	f13,f14,f8	 f14:0x7fc00000  f8:0x00000000 f13=0x7fc00000
     155025.000 ns	     15501	80003718	019f6933	or	x18,x30,x25	 x30:0x00000000 x25:0x4f000dfd x18=0x4f000dfd
     155035.000 ns	     15502	8000371c	003275b3	and	x11,x4,x3	  x4:0x00000000  x3:0x7f800000 x11=0x00000000
     155045.000 ns	     15503	80003720	0003bb33	sltu	x22,x7,x0	  x7:0x00000001  x0:0x00000000 x22=0x00000000
     155065.000 ns	     15505	80003724	21492253	fsgnjx.s	f4,f18,f20	 f18:0x4f7ffffe f20:0x7fc00000  f4=0x4f7ffffe
     155085.000 ns	     15507	80003728	010a4833	xor	x16,x20,x16	 x20:0x80040fe4 x16:0xa0fc9dfd x16=0x20f89219
     155095.000 ns	     15508	8000372c	01519213	slli	x4,x3,0x15	  x3:0x7f800000  x4=0x00000000
     155135.000 ns	     15512	80003730	015ca8d3	fadd.s	f17,f25,f21	 f25:0x40400000 f21:0x471e7f00 f17=0x471e8200
     155155.000 ns	     15514	80003734	b476ba93	sltiu	x21,x13,-1209	 x13:0x00000000 x21=0x00000001
     155165.000 ns	     15515	80003738	40a00e33	sub	x28,x0,x10	  x0:0x00000000 x10:0x0000050d x28=0xfffffaf3
     155185.000 ns	     15517	8000373c	28fe94d3	fmax.s	f9,f29,f15	 f29:0x00000000 f15:0x00000001  f9=0x00000001
     155555.000 ns	     15554	80003740	021cc8b3	div	x17,x25,x1	 x25:0x4f000dfd  x1:0x00000040 x17=0x013c0037
     155575.000 ns	     15556	80003744	01c74f33	xor	x30,x14,x28	 x14:0x00000000 x28:0xfffffaf3 x30=0xfffffaf3
     155595.000 ns	     15558	80003748	03c9b833	mulhu	x16,x19,x28	 x19:0xfc31c41b x28:0xfffffaf3 x16=0xfc31bf21
     155615.000 ns	     15560	8000374c	01f5a933	slt	x18,x11,x31	 x11:0x00000000 x31:0x492d06cc x18=0x00000001
     155975.000 ns	     15596	80003750	028e7b33	remu	x22,x28,x8	 x28:0xfffffaf3  x8:0x00000006 x22=0x00000001
     155995.000 ns	     15598	80003754	013738b3	sltu	x17,x14,x19	 x14:0x00000000 x19:0xfc31c41b x17=0x00000001
     156015.000 ns	     15600	80003758	20b31053	fsgnjn.s	f0,f6,f11	  f6:0x7fc00000 f11:0xce80d7de  f0=0x7fc00000
     156045.000 ns	     15603	8000375c	28c58dd3	fmin.s	f27,f11,f12	 f11:0xce80d7de f12:0x00000001 f27=0xce80d7de
     156065.000 ns	     15605	80003760	01856733	or	x14,x10,x24	 x10:0x0000050d x24:0x00000000 x14=0x0000050d
     156085.000 ns	     15607	80003764	d016bcd3	fcvt.s.wu	f25,x13	 x13:0x00000000 f25=0x00000000
     156115.000 ns	     15610	80003768	283d1b53	fmax.s	f22,f26,f3	 f26:0x7e34b4b6  f3:0x00000000 f22=0x7e34b4b6
     156135.000 ns	     15612	8000376c	008b6d33	or	x26,x22,x8	 x22:0x00000001  x8:0x00000006 x26=0x00000007
     156155.000 ns	     15614	80003770	e00a1853	fclass.s	x16,f20	 f20:0x7fc00000 x16=0x00000200
     156175.000 ns	     15616	80003774	2ae82797	auipc	x15,0x2ae82	 x15=0xaae85774
     156195.000 ns	     15618	80003778	e0060953	fmv.x.w	x18,f12	 f12:0x00000001 x18=0x00000001
     156225.000 ns	     15621	8000377c	20de1e53	fsgnjn.s	f28,f28,f13	 f28:0x800dfeda f13:0x7fc00000 f28=0x800dfeda
     156245.000 ns	     15623	80003780	01167b33	and	x22,x12,x17	 x12:0x492d06cc x17:0x00000001 x22=0x00000000
     156605.000 ns	     15659	80003784	03bb52b3	divu	x5,x22,x27	 x22:0x00000001 x27:0x80041024  x5=0x00000000
     156625.000 ns	     15661	80003788	6c85eb93	ori	x23,x11,1736	 x11:0x00000000 x23=0x000006c8
     156655.000 ns	     15664	8000378c	10afc453	fmul.s	f8,f31,f10	 f31:0x4f7c3145 f10:0x42fffffe  f8=0x52fc3143
     156685.000 ns	     15667	80003790	02ff1eb3	mulh	x29,x30,x15	 x30:0xfffffaf3 x15:0xaae85774 x29=0x000001ad
     156705.000 ns	     15669	80003794	518ba537	lui	x10,0x518ba	 x10=0x518ba000
     156715.000 ns	     15670	80003798	01b91e33	sll	x28,x18,x27	 x18:0x00000001 x27:0x80041024 x28=0x00000010
     156725.000 ns	     15671	8000379c	40198533	sub	x10,x19,x1	 x19:0xfc31c41b  x1:0x00000040 x10=0xfc31c3db
     156735.000 ns	     15672	800037a0	3eb56913	ori	x18,x10,1003	 x10:0x518ba000 x18=0xfc31c3fb
     156755.000 ns	     15674	800037a4	d01171d3	fcvt.s.wu	f3,x2	  x2:0x7f800000  f3=0x4eff0000
     156805.000 ns	     15679	800037a8	00280653	fadd.s	f12,f16,f2	 f16:0x7fc00000  f2:0x42fffffe f12=0x7fc00000
     156835.000 ns	     15682	800037ac	20320053	fsgnj.s	f0,f4,f3	  f4:0x4f7ffffe  f3:0x4eff0000  f0=0x4f7ffffe
     156865.000 ns	     15685	800037b0	21789453	fsgnjn.s	f8,f17,f23	 f17:0x471e8200 f23:0x4f000dfd  f8=0xc71e8200
     156885.000 ns	     15687	800037b4	009da0b3	slt	x1,x27,x9	 x27:0x80041024  x9:0x00000001  x1=0x00000001
     156905.000 ns	     15689	800037b8	297b08d3	fmin.s	f17,f22,f23	 f22:0x7e34b4b6 f23:0x4f000dfd f17=0x4f000dfd
     156935.000 ns	     15692	800037bc	c0027bd3	fcvt.w.s	x23,f4	  f4:0x4f7ffffe x23=0x7fffffff
     156955.000 ns	     15694	800037c0	82c69417	auipc	x8,0x82c69	  x8=0x02c6c7c0
     157315.000 ns	     15730	800037c4	03f8d533	divu	x10,x17,x31	 x17:0x00000001 x31:0x492d06cc x10=0x00000000
     157335.000 ns	     15732	800037c8	401485b3	sub	x11,x9,x1	  x9:0x00000001  x1:0x00000001 x11=0x00000000
     157345.000 ns	     15733	800037cc	0134e793	ori	x15,x9,19	  x9:0x00000001 x15=0x00000013
     157385.000 ns	     15737	800037d0	084ac7d3	fsub.s	f15,f21,f4	 f21:0x471e7f00  f4:0x4f7ffffe f15=0xcf7fff60
     157415.000 ns	     15740	800037d4	20c02853	fsgnjx.s	f16,f0,f12	  f0:0x4f7ffffe f12:0x7fc00000 f16=0x4f7ffffe
     157455.000 ns	     15744	800037d8	5802ff53	fsqrt.s	f30,f5	  f5:0xcc73ae40 f30=0x7fc00000
     157485.000 ns	     15747	800037dc	0375b833	mulhu	x16,x11,x23	 x11:0x00000000 x23:0x7fffffff x16=0x00000000
     157505.000 ns	     15749	800037e0	01c79e13	slli	x28,x15,0x1c	 x15:0x00000013 x28=0x30000000
     157515.000 ns	     15750	800037e4	00000013	addi	x0,x0,0	  x0:0x00000000
     157535.000 ns	     15752	800037e8	29d992d3	fmax.s	f5,f19,f29	 f19:0x4f3f940f f29:0x00000000  f5=0x4f3f940f
     157555.000 ns	     15754	800037ec	0fb20313	addi	x6,x4,251	  x4:0x00000000  x6=0x000000fb
     157575.000 ns	     15756	800037f0	d01ffe53	fcvt.s.wu	f28,x31	 x31:0x492d06cc f28=0x4e925a0d
     157595.000 ns	     15758	800037f4	144afc93	andi	x25,x21,324	 x21:0x00000001 x25=0x00000000
     157605.000 ns	     15759	800037f8	00da0413	addi	x8,x20,13	 x20:0x80040fe4  x8=0x80040ff1
     157615.000 ns	     15760	800037fc	01cbbcb3	sltu	x25,x23,x28	 x23:0x7fffffff x28:0x30000000 x25=0x00000000
     157635.000 ns	     15762	80003800	d01a1a53	fcvt.s.wu	f20,x20	 x20:0x80040fe4 f20=0x4f00040f
     157665.000 ns	     15765	80003804	035d1ab3	mulh	x21,x26,x21	 x26:0x00000007 x21:0x00000001 x21=0x00000000
     157685.000 ns	     15767	80003808	70576713	ori	x14,x14,1797	 x14:0x0000050d x14=0x0000070d
     157695.000 ns	     15768	8000380c	016ff4b3	and	x9,x31,x22	 x31:0x492d06cc x22:0x00000000  x9=0x00000000
     157715.000 ns	     15770	80003810	c01d3153	fcvt.wu.s	x2,f26	 f26:0x7e34b4b6  x2=0xffffffff
     157745.000 ns	     15773	80003814	02fdbab3	mulhu	x21,x27,x15	 x27:0x80041024 x15:0x00000013 x21=0x00000009
     157765.000 ns	     15775	80003818	91a84e13	xori	x28,x16,-1766	 x16:0x00000000 x28=0xfffff91a
     157775.000 ns	     15776	8000381c	40935633	sra	x12,x6,x9	  x6:0x000000fb  x9:0x00000000 x12=0x000000fb
     157785.000 ns	     15777	80003820	00c7a833	slt	x16,x15,x12	 x15:0x00000013 x12:0x492d06cc x16=0x00000001
     157795.000 ns	     15778	80003824	40f1a913	slti	x18,x3,1039	  x3:0x7f800000 x18=0x00000000
     158155.000 ns	     15814	80003828	021c5533	divu	x10,x24,x1	 x24:0x00000000  x1:0x00000001 x10=0x00000000
     158175.000 ns	     15816	8000382c	b366ec13	ori	x24,x13,-1226	 x13:0x00000000 x24=0xfffffb36
     158185.000 ns	     15817	80003830	5c5c4093	xori	x1,x24,1477	 x24:0x00000000  x1=0xfffffef3
     158515.000 ns	     15850	80003834	19819e53	fdiv.s	f28,f3,f24	  f3:0x4eff0000 f24:0x47077757 f28=0x4714c0c2
     158555.000 ns	     15854	80003838	10e073d3	fmul.s	f7,f0,f14	  f0:0x4f7ffffe f14:0x7fc00000  f7=0x7fc00000
     158925.000 ns	     15891	8000383c	035b70b3	remu	x1,x22,x21	 x22:0x00000000 x21:0x00000009  x1=0x00000000
     159265.000 ns	     15925	80003840	19ff8dd3	fdiv.s	f27,f31,f31	 f31:0x4f7c3145 f31:0x4f7c3145 f27=0x3f7c3146
     159635.000 ns	     15962	80003844	03d9e233	rem	x4,x19,x29	 x19:0xfc31c41b x29:0x000001ad  x4=0xffffff47
     159665.000 ns	     15965	80003848	20f92bd3	fsgnjx.s	f23,f18,f15	 f18:0x4f7ffffe f15:0xcf7fff60 f23=0xcf7ffffe
     160035.000 ns	     16002	8000384c	0270c433	div	x8,x1,x7	  x1:0x00000000  x7:0x00000001  x8=0x00000000
     160055.000 ns	     16004	80003850	01cf6333	or	x6,x30,x28	 x30:0xfffffaf3 x28:0xfffff91a  x6=0xfffffbfb
     160415.000 ns	     16040	80003854	03a1ecb3	rem	x25,x3,x26	  x3:0x7f800000 x26:0x00000007 x25=0x00000005
     160445.000 ns	     16043	80003858	d01001d3	fcvt.s.wu	f3,x0	  x0:0x00000000  f3=0x00000000
     160465.000 ns	     16045	8000385c	00d89513	slli	x10,x17,0xd	 x17:0x00000001 x10=0x00002000
     160485.000 ns	     16047	80003860	21d79f53	fsgnjn.s	f30,f15,f29	 f15:0xcf7fff60 f29:0x00000000 f30=0xcf7fff60
     160515.000 ns	     16050	80003864	288515d3	fmax.s	f11,f10,f8	 f10:0x42fffffe  f8:0xc71e8200 f11=0x42fffffe
     160535.000 ns	     16052	80003868	01403fb3	sltu	x31,x0,x20	  x0:0x00000000 x20:0x80040fe4 x31=0x00000001
     160545.000 ns	     16053	8000386c	0095d093	srli	x1,x11,0x9	 x11:0x00000000  x1=0x00000000
     160565.000 ns	     16055	80003870	29468c53	fmin.s	f24,f13,f20	 f13:0x7fc00000 f20:0x4f00040f f24=0x4f00040f
     160605.000 ns	     16059	80003874	58033d53	fsqrt.s	f26,f6	  f6:0x7fc00000 f26=0x7fc00000
     160635.000 ns	     16062	80003878	a1339153	flt.s	x2,f7,f19	  f7:0x7fc00000 f19:0x4f3f940f  x2=0x00000000
     161005.000 ns	     16099	8000387c	02c7f2b3	remu	x5,x15,x12	 x15:0x00000013 x12:0x000000fb  x5=0x00000013
     161025.000 ns	     16101	80003880	757aa893	slti	x17,x21,1879	 x21:0x00000009 x17=0x00000001
     161385.000 ns	     16137	80003884	031862b3	rem	x5,x16,x17	 x16:0x00000001 x17:0x00000001  x5=0x00000000
     161405.000 ns	     16139	80003888	01168133	add	x2,x13,x17	 x13:0x00000000 x17:0x00000001  x2=0x00000001
     161425.000 ns	     16141	8000388c	03f918b3	mulh	x17,x18,x31	 x18:0x00000000 x31:0x00000001 x17=0x00000000
     161445.000 ns	     16143	80003890	00d2d033	srl	x0,x5,x13	  x5:0x00000000 x13:0x00000000
     161465.000 ns	     16145	80003894	20bd99d3	fsgnjn.s	f19,f27,f11	 f27:0x3f7c3146 f11:0x42fffffe f19=0xbf7c3146
     161495.000 ns	     16148	80003898	02abb833	mulhu	x16,x23,x10	 x23:0x7fffffff x10:0x00002000 x16=0x00000fff
     161525.000 ns	     16151	8000389c	028d88b3	mul	x17,x27,x8	 x27:0x80041024  x8:0x00000000 x17=0x00000000
     161545.000 ns	     16153	800038a0	00000013	addi	x0,x0,0	  x0:0x00000000
     161565.000 ns	     16155	800038a4	03401e33	mulh	x28,x0,x20	  x0:0x00000000 x20:0x80040fe4 x28=0x00000000
     161595.000 ns	     16158	800038a8	03b79633	mulh	x12,x15,x27	 x15:0x00000013 x27:0x80041024 x12=0xfffffff6
     161615.000 ns	     16160	800038ac	012093b3	sll	x7,x1,x18	  x1:0x00000000 x18:0x00000000  x7=0x00000000
     161625.000 ns	     16161	800038b0	1aa15017	auipc	x0,0x1aa15	
     161955.000 ns	     16194	800038b4	19c8f7d3	fdiv.s	f15,f17,f28	 f17:0x4f000dfd f28:0x4714c0c2 f15=0x470fcdd2
     161975.000 ns	     16196	800038b8	00000013	addi	x0,x0,0	  x0:0x00000000
     161985.000 ns	     16197	800038bc	40ce5533	sra	x10,x28,x12	 x28:0x00000000 x12:0xfffffff6 x10=0x00000000
     162025.000 ns	     16201	800038c0	09937f53	fsub.s	f30,f6,f25	  f6:0x7fc00000 f25:0x00000000 f30=0x7fc00000
     162395.000 ns	     16238	800038c4	03357ab3	remu	x21,x10,x19	 x10:0x00002000 x19:0xfc31c41b x21=0x00000000
     162415.000 ns	     16240	800038c8	40af5d13	srai	x26,x30,0xa	 x30:0xfffffaf3 x26=0xfffffffe
     162435.000 ns	     16242	800038cc	a1d61bd3	flt.s	x23,f12,f29	 f12:0x7fc00000 f29:0x00000000 x23=0x00000000
     162475.000 ns	     16246	800038d0	5801fdd3	fsqrt.s	f27,f3	  f3:0x00000000 f27=0x00000000
     162845.000 ns	     16283	800038d4	038453b3	divu	x7,x8,x24	  x8:0x00000000 x24:0xfffffb36  x7=0x00000000
     162865.000 ns	     16285	800038d8	cd3eb093	sltiu	x1,x29,-813	 x29:0x000001ad  x1=0x00000001
     162875.000 ns	     16286	800038dc	00ab4233	xor	x4,x22,x10	 x22:0x00000000 x10:0x00000000  x4=0x00000000
     162895.000 ns	     16288	800038e0	021595b3	mulh	x11,x11,x1	 x11:0x00000000  x1:0x00000000 x11=0x00000000
     162925.000 ns	     16291	800038e4	e00d90d3	fclass.s	x1,f27	 f27:0x00000000  x1=0x00000010
     162955.000 ns	     16294	800038e8	d007f353	fcvt.s.w	f6,x15	 x15:0x00000013  f6=0x41980000
     162985.000 ns	     16297	800038ec	a1f48253	fle.s	x4,f9,f31	  f9:0x00000001 f31:0x4f7c3145  x4=0x00000001
     163035.000 ns	     16302	800038f0	0976c353	fsub.s	f6,f13,f23	 f13:0x7fc00000 f23:0xcf7ffffe  f6=0x7fc00000
     163075.000 ns	     16306	800038f4	5801f0d3	fsqrt.s	f1,f3	  f3:0x00000000  f1=0x00000000
     163095.000 ns	     16308	800038f8	00322cb3	slt	x25,x4,x3	  x4:0x00000001  x3:0x7f800000 x25=0x00000001
     163105.000 ns	     16309	800038fc	4197d233	sra	x4,x15,x25	 x15:0x00000013 x25:0x00000005  x4=0x00000009
     163115.000 ns	     16310	80003900	00ff4cb3	xor	x25,x30,x15	 x30:0xfffffaf3 x15:0x00000013 x25=0xfffffae0
     163125.000 ns	     16311	80003904	00000013	addi	x0,x0,0	  x0:0x00000000
     163145.000 ns	     16313	80003908	28388953	fmin.s	f18,f17,f3	 f17:0x4f000dfd  f3:0x00000000 f18=0x00000000
     163175.000 ns	     16316	8000390c	03744ab3	div	x21,x8,x23	  x8:0x00000000 x23:0x00000000 x21=0xffffffff
     163195.000 ns	     16318	80003910	002343b3	xor	x7,x6,x2	  x6:0xfffffbfb  x2:0x00000001  x7=0xfffffbfa
     163205.000 ns	     16319	80003914	2e182c13	slti	x24,x16,737	 x16:0x00000fff x24=0x00000000
     163215.000 ns	     16320	80003918	006926b3	slt	x13,x18,x6	 x18:0x00000000  x6:0xfffffbfb x13=0x00000000
     163225.000 ns	     16321	8000391c	00da8bb3	add	x23,x21,x13	 x21:0xffffffff x13:0x00000000 x23=0xffffffff
     163245.000 ns	     16323	80003920	e00692d3	fclass.s	x5,f13	 f13:0x7fc00000  x5=0x00000200
     163265.000 ns	     16325	80003924	01e24733	xor	x14,x4,x30	  x4:0x00000009 x30:0xfffffaf3 x14=0xfffffafa
     163285.000 ns	     16327	80003928	034eaeb3	mulhsu	x29,x29,x20	 x29:0x000001ad x20:0x80040fe4 x29=0x000000d6
     163305.000 ns	     16329	8000392c	00a6d4b3	srl	x9,x13,x10	 x13:0x00000000 x10:0x00000000  x9=0x00000000
     163315.000 ns	     16330	80003930	00000013	addi	x0,x0,0	  x0:0x00000000
     163325.000 ns	     16331	80003934	006c9593	slli	x11,x25,0x6	 x25:0xfffffae0 x11=0xfffeb800
     163335.000 ns	     16332	80003938	4052df93	srai	x31,x5,0x5	  x5:0x00000200 x31=0x00000010
     163355.000 ns	     16334	8000393c	e0000053	fmv.x.w	x0,f0	  f0:0x4f7ffffe
     163385.000 ns	     16337	80003940	29de89d3	fmin.s	f19,f29,f29	 f29:0x00000000 f29:0x00000000 f19=0x00000000
     163405.000 ns	     16339	80003944	602d6b93	ori	x23,x26,1538	 x26:0xfffffffe x23=0xfffffffe
     163425.000 ns	     16341	80003948	02578d33	mul	x26,x15,x5	 x15:0x00000013  x5:0x00000200 x26=0x00002600
     163475.000 ns	     16346	8000394c	009c7553	fadd.s	f10,f24,f9	 f24:0x4f00040f  f9:0x00000001 f10=0x4f00040f
     163505.000 ns	     16349	80003950	296f1c53	fmax.s	f24,f30,f22	 f30:0x7fc00000 f22:0x7e34b4b6 f24=0x7e34b4b6
     163535.000 ns	     16352	80003954	f00180d3	fmv.w.x	f1,x3	  x3:0x7f800000  f1=0x7f800000
     163555.000 ns	     16354	80003958	01cae933	or	x18,x21,x28	 x21:0xffffffff x28:0x00000000 x18=0xffffffff
     163575.000 ns	     16356	8000395c	212a1053	fsgnjn.s	f0,f20,f18	 f20:0x4f00040f f18:0x00000000  f0=0xcf00040f
     163595.000 ns	     16358	80003960	01b28333	add	x6,x5,x27	  x5:0x00000200 x27:0x80041024  x6=0x80041224
     163615.000 ns	     16360	80003964	20172e53	fsgnjx.s	f28,f14,f1	 f14:0x7fc00000  f1:0x7f800000 f28=0x7fc00000
     163655.000 ns	     16364	80003968	187b4f53	fdiv.s	f30,f22,f7	 f22:0x7e34b4b6  f7:0x7fc00000 f30=0x7fc00000
     163675.000 ns	     16366	8000396c	00000013	addi	x0,x0,0	  x0:0x00000000
     163685.000 ns	     16367	80003970	88056913	ori	x18,x10,-1920	 x10:0x00000000 x18=0xfffff880
     163705.000 ns	     16369	80003974	d01398d3	fcvt.s.wu	f17,x7	  x7:0xfffffbfa f17=0x4f7ffffb
     163725.000 ns	     16371	80003978	00579e33	sll	x28,x15,x5	 x15:0x00000013  x5:0x00000200 x28=0x00000013
     163735.000 ns	     16372	8000397c	33577293	andi	x5,x14,821	 x14:0xfffffafa  x5=0x00000230
     163755.000 ns	     16374	80003980	205992d3	fsgnjn.s	f5,f19,f5	 f19:0x00000000  f5:0x4f3f940f  f5=0x80000000
     163785.000 ns	     16377	80003984	d01901d3	fcvt.s.wu	f3,x18	 x18:0xfffff880  f3=0x4f7ffff8
     163805.000 ns	     16379	80003988	41500133	sub	x2,x0,x21	  x0:0x00000000 x21:0xffffffff  x2=0x00000001
     163815.000 ns	     16380	8000398c	16688e13	addi	x28,x17,358	 x17:0x00000000 x28=0x00000166
     163835.000 ns	     16382	80003990	21f088d3	fsgnj.s	f17,f1,f31	  f1:0x7f800000 f31:0x4f7c3145 f17=0x7f800000
     164205.000 ns	     16419	80003994	026a4eb3	div	x29,x20,x6	 x20:0x80040fe4  x6:0x80041224 x29=0x00000001
     164545.000 ns	     16453	80003998	19817d53	fdiv.s	f26,f2,f24	  f2:0x42fffffe f24:0x7e34b4b6 f26=0x03fffffe
     164565.000 ns	     16455	8000399c	24f8a513	slti	x10,x17,591	 x17:0x00000000 x10=0x00000001
     164585.000 ns	     16457	800039a0	f00a8ad3	fmv.w.x	f21,x21	 x21:0xffffffff f21=0xffffffff
     164605.000 ns	     16459	800039a4	0116d133	srl	x2,x13,x17	 x13:0x00000000 x17:0x00000000  x2=0x00000000
     164615.000 ns	     16460	800039a8	40ffd713	srai	x14,x31,0xf	 x31:0x00000010 x14=0x00000000
     164635.000 ns	     16462	800039ac	29621d53	fmax.s	f26,f4,f22	  f4:0x4f7ffffe f22:0x7e34b4b6 f26=0x7e34b4b6
     164665.000 ns	     16465	800039b0	a13b2353	feq.s	x6,f22,f19	 f22:0x7e34b4b6 f19:0x00000000  x6=0x00000000
     164695.000 ns	     16468	800039b4	21a21553	fsgnjn.s	f10,f4,f26	  f4:0x4f7ffffe f26:0x7e34b4b6 f10=0xcf7ffffe
     164715.000 ns	     16470	800039b8	01dafb33	and	x22,x21,x29	 x21:0xffffffff x29:0x00000001 x22=0x00000001
     164735.000 ns	     16472	800039bc	a00c1553	flt.s	x10,f24,f0	 f24:0x7e34b4b6  f0:0xcf00040f x10=0x00000000
     164755.000 ns	     16474	800039c0	00695d33	srl	x26,x18,x6	 x18:0xfffff880  x6:0x00000000 x26=0xfffff880
     164795.000 ns	     16478	800039c4	08647453	fsub.s	f8,f8,f6	  f8:0xc71e8200  f6:0x7fc00000  f8=0x7fc00000
     164815.000 ns	     16480	800039c8	19080693	addi	x13,x16,400	 x16:0x00000fff x13=0x0000118f
     164835.000 ns	     16482	800039cc	037e2133	mulhsu	x2,x28,x23	 x28:0x00000166 x23:0xfffffffe  x2=0x00000165
     164865.000 ns	     16485	800039d0	215d21d3	fsgnjx.s	f3,f26,f21	 f26:0x7e34b4b6 f21:0xffffffff  f3=0xfe34b4b6
     165235.000 ns	     16522	800039d4	02f06bb3	rem	x23,x0,x15	  x0:0x00000000 x15:0x00000013 x23=0x00000000
     165255.000 ns	     16524	800039d8	00c8b433	sltu	x8,x17,x12	 x17:0x00000000 x12:0xfffffff6  x8=0x00000001
     165275.000 ns	     16526	800039dc	039193b3	mulh	x7,x3,x25	  x3:0x7f800000 x25:0xfffffae0  x7=0xfffffd72
     165295.000 ns	     16528	800039e0	40b356b3	sra	x13,x6,x11	  x6:0x00000000 x11:0xfffeb800 x13=0x00000000
     165315.000 ns	     16530	800039e4	022db6b3	mulhu	x13,x27,x2	 x27:0x80041024  x2:0x00000165 x13=0x000000b2
     165335.000 ns	     16532	800039e8	006eb0b3	sltu	x1,x29,x6	 x29:0x00000001  x6:0x00000000  x1=0x00000000
     165355.000 ns	     16534	800039ec	203283d3	fsgnj.s	f7,f5,f3	  f5:0x80000000  f3:0xfe34b4b6  f7=0x80000000
     165375.000 ns	     16536	800039f0	bd34be93	sltiu	x29,x9,-1069	  x9:0x00000000 x29=0x00000001
     165395.000 ns	     16538	800039f4	28d00f53	fmin.s	f30,f0,f13	  f0:0xcf00040f f13:0x7fc00000 f30=0xcf00040f
     165425.000 ns	     16541	800039f8	e0000553	fmv.x.w	x10,f0	  f0:0xcf00040f x10=0xcf00040f
     165455.000 ns	     16544	800039fc	a1b30053	fle.s	x0,f6,f27	  f6:0x7fc00000 f27:0x00000000
     165475.000 ns	     16546	80003a00	01f91933	sll	x18,x18,x31	 x18:0xfffff880 x31:0x00000010 x18=0xf8800000
     165505.000 ns	     16549	80003a04	58034f53	fsqrt.s	f30,f6	  f6:0x7fc00000 f30=0x7fc00000
     165535.000 ns	     16552	80003a08	e0098653	fmv.x.w	x12,f19	 f19:0x00000000 x12=0x00000000
     165555.000 ns	     16554	80003a0c	00354fb3	xor	x31,x10,x3	 x10:0xcf00040f  x3:0x7f800000 x31=0xb080040f
     165575.000 ns	     16556	80003a10	029e1833	mulh	x16,x28,x9	 x28:0x00000166  x9:0x00000000 x16=0x00000000
     165595.000 ns	     16558	80003a14	40480d33	sub	x26,x16,x4	 x16:0x00000fff  x4:0x00000009 x26=0xfffffff7
     165605.000 ns	     16559	80003a18	017c4333	xor	x6,x24,x23	 x24:0x00000000 x23:0x00000000  x6=0x00000000
     165635.000 ns	     16562	80003a1c	119478d3	fmul.s	f17,f8,f25	  f8:0x7fc00000 f25:0x00000000 f17=0x7fc00000
     165655.000 ns	     16564	80003a20	4155d933	sra	x18,x11,x21	 x11:0xfffeb800 x21:0xffffffff x18=0xffffffff
     165675.000 ns	     16566	80003a24	f00503d3	fmv.w.x	f7,x10	 x10:0xcf00040f  f7=0xcf00040f
     165705.000 ns	     16569	80003a28	21242cd3	fsgnjx.s	f25,f8,f18	  f8:0x7fc00000 f18:0x00000000 f25=0x7fc00000
     165725.000 ns	     16571	80003a2c	005de3b3	or	x7,x27,x5	 x27:0x80041024  x5:0x00000230  x7=0x80041234
     166085.000 ns	     16607	80003a30	03bb4133	div	x2,x22,x27	 x22:0x00000001 x27:0x80041024  x2=0x00000000
     166115.000 ns	     16610	80003a34	037ebc33	mulhu	x24,x29,x23	 x29:0x00000001 x23:0x00000000 x24=0x00000000
     166145.000 ns	     16613	80003a38	a0bf9cd3	flt.s	x25,f31,f11	 f31:0x4f7c3145 f11:0x42fffffe x25=0x00000000
     166175.000 ns	     16616	80003a3c	e00a1453	fclass.s	x8,f20	 f20:0x4f00040f  x8=0x00000040
     166195.000 ns	     16618	80003a40	0309d637	lui	x12,0x309d	 x12=0x0309d000
     166555.000 ns	     16654	80003a44	03eceeb3	rem	x29,x25,x30	 x25:0x00000000 x30:0xfffffaf3 x29=0x00000000
     166575.000 ns	     16656	80003a48	87db0c17	auipc	x24,0x87db0	 x24=0x07db3a48
     166585.000 ns	     16657	80003a4c	fc707393	andi	x7,x0,-57	  x0:0x00000000  x7=0x00000000
     166605.000 ns	     16659	80003a50	20c196d3	fsgnjn.s	f13,f3,f12	  f3:0xfe34b4b6 f12:0x7fc00000 f13=0xfe34b4b6
     166625.000 ns	     16661	80003a54	411d5e13	srai	x28,x26,0x11	 x26:0xfffffff7 x28=0xffffffff
     166645.000 ns	     16663	80003a58	03126133	rem	x2,x4,x17	  x4:0x00000009 x17:0x00000000  x2=0x00000009
     166675.000 ns	     16666	80003a5c	03df1d33	mulh	x26,x30,x29	 x30:0xfffffaf3 x29:0x00000000 x26=0x00000000
     167045.000 ns	     16703	80003a60	03fd6733	rem	x14,x26,x31	 x26:0xfffffff7 x31:0xb080040f x14=0x00000000
     167415.000 ns	     16740	80003a64	0365e4b3	rem	x9,x11,x22	 x11:0xfffeb800 x22:0x00000001  x9=0x00000000
     167445.000 ns	     16743	80003a68	208d0d53	fsgnj.s	f26,f26,f8	 f26:0x7e34b4b6  f8:0x7fc00000 f26=0x7e34b4b6
     167465.000 ns	     16745	80003a6c	008353b3	srl	x7,x6,x8	  x6:0x00000000  x8:0x00000040  x7=0x00000000
     167485.000 ns	     16747	80003a70	21f118d3	fsgnjn.s	f17,f2,f31	  f2:0x42fffffe f31:0x4f7c3145 f17=0xc2fffffe
     167505.000 ns	     16749	80003a74	75f63b13	sltiu	x22,x12,1887	 x12:0x0309d000 x22=0x00000000
     167525.000 ns	     16751	80003a78	0283b333	mulhu	x6,x7,x8	  x7:0x00000000  x8:0x00000040  x6=0x00000000
     167555.000 ns	     16754	80003a7c	29250bd3	fmin.s	f23,f10,f18	 f10:0xcf7ffffe f18:0x00000000 f23=0xcf7ffffe
     167575.000 ns	     16756	80003a80	ea3aab93	slti	x23,x21,-349	 x21:0xffffffff x23=0x00000000
     167935.000 ns	     16792	80003a84	02d9ce33	div	x28,x19,x13	 x19:0xfc31c41b x13:0x000000b2 x28=0xfffa86db
     167985.000 ns	     16797	80003a88	093b02d3	fsub.s	f5,f22,f19	 f22:0x7e34b4b6 f19:0x00000000  f5=0x7e34b4b6
     168015.000 ns	     16800	80003a8c	c0019cd3	fcvt.w.s	x25,f3	  f3:0xfe34b4b6 x25=0x80000000
     168035.000 ns	     16802	80003a90	01ba23b3	slt	x7,x20,x27	 x20:0x80040fe4 x27:0x80041024  x7=0x00000001
     168055.000 ns	     16804	80003a94	21d10bd3	fsgnj.s	f23,f2,f29	  f2:0x42fffffe f29:0x00000000 f23=0x42fffffe
     168085.000 ns	     16807	80003a98	e00d96d3	fclass.s	x13,f27	 f27:0x00000000 x13=0x00000010
     168115.000 ns	     16810	80003a9c	d00cf2d3	fcvt.s.w	f5,x25	 x25:0x80000000  f5=0xcf000000
     168145.000 ns	     16813	80003aa0	0214c6b3	div	x13,x9,x1	  x9:0x00000000  x1:0x00000000 x13=0xffffffff
     168165.000 ns	     16815	80003aa4	01a7feb3	and	x29,x15,x26	 x15:0x00000013 x26:0x00000000 x29=0x00000000
     168175.000 ns	     16816	80003aa8	ea71c293	xori	x5,x3,-345	  x3:0x7f800000  x5=0x807ffea7
     168185.000 ns	     16817	80003aac	400cd033	sra	x0,x25,x0	 x25:0x80000000  x0:0x00000000
     168195.000 ns	     16818	80003ab0	01e1df33	srl	x30,x3,x30	  x3:0x7f800000 x30:0xfffffaf3 x30=0x00000ff0
     168215.000 ns	     16820	80003ab4	205799d3	fsgnjn.s	f19,f15,f5	 f15:0x470fcdd2  f5:0xcf000000 f19=0x470fcdd2
     168255.000 ns	     16824	80003ab8	191e7cd3	fdiv.s	f25,f28,f17	 f28:0x7fc00000 f17:0xc2fffffe f25=0x7fc00000
     168275.000 ns	     16826	80003abc	371a8f93	addi	x31,x21,881	 x21:0xffffffff x31=0x00000370
     168285.000 ns	     16827	80003ac0	01579bb3	sll	x23,x15,x21	 x15:0x00000013 x21:0xffffffff x23=0x80000000
     168295.000 ns	     16828	80003ac4	006b8033	add	x0,x23,x6	 x23:0x00000000  x6:0x00000000
     168305.000 ns	     16829	80003ac8	412d01b3	sub	x3,x26,x18	 x26:0x00000000 x18:0xffffffff  x3=0x00000001
     168315.000 ns	     16830	80003acc	5d737f13	andi	x30,x6,1495	  x6:0x00000000 x30=0x00000000
     168355.000 ns	     16834	80003ad0	00dcc6d3	fadd.s	f13,f25,f13	 f25:0x7fc00000 f13:0xfe34b4b6 f13=0x7fc00000
     168385.000 ns	     16837	80003ad4	e0090d53	fmv.x.w	x26,f18	 f18:0x00000000 x26=0x00000000
     168415.000 ns	     16840	80003ad8	290f1753	fmax.s	f14,f30,f16	 f30:0x7fc00000 f16:0x4f7ffffe f14=0x4f7ffffe
     168435.000 ns	     16842	80003adc	0057a733	slt	x14,x15,x5	 x15:0x00000013  x5:0x807ffea7 x14=0x00000000
     168455.000 ns	     16844	80003ae0	290e9253	fmax.s	f4,f29,f16	 f29:0x00000000 f16:0x4f7ffffe  f4=0x4f7ffffe
     168485.000 ns	     16847	80003ae4	023f1f33	mulh	x30,x30,x3	 x30:0x00000000  x3:0x00000001 x30=0x00000000
     168515.000 ns	     16850	80003ae8	a0180ad3	fle.s	x21,f16,f1	 f16:0x4f7ffffe  f1:0x7f800000 x21=0x00000001
     168535.000 ns	     16852	80003aec	00595c13	srli	x24,x18,0x5	 x18:0xffffffff x24=0x07ffffff
     168555.000 ns	     16854	80003af0	f00f03d3	fmv.w.x	f7,x30	 x30:0x00000000  f7=0x00000000
     168585.000 ns	     16857	80003af4	e0098853	fmv.x.w	x16,f19	 f19:0x470fcdd2 x16=0x470fcdd2
     168615.000 ns	     16860	80003af8	20659853	fsgnjn.s	f16,f11,f6	 f11:0x42fffffe  f6:0x7fc00000 f16=0xc2fffffe
     168645.000 ns	     16863	80003afc	211ea0d3	fsgnjx.s	f1,f29,f17	 f29:0x00000000 f17:0xc2fffffe  f1=0x80000000
     168675.000 ns	     16866	80003b00	28d31653	fmax.s	f12,f6,f13	  f6:0x7fc00000 f13:0x7fc00000 f12=0x7fc00000
     168695.000 ns	     16868	80003b04	4f78a693	slti	x13,x17,1271	 x17:0x00000000 x13=0x00000001
     168715.000 ns	     16870	80003b08	296b1d53	fmax.s	f26,f22,f22	 f22:0x7e34b4b6 f22:0x7e34b4b6 f26=0x7e34b4b6
     168735.000 ns	     16872	80003b0c	41a9dcb3	sra	x25,x19,x26	 x19:0xfc31c41b x26:0x00000000 x25=0xfc31c41b
     168745.000 ns	     16873	80003b10	c2067593	andi	x11,x12,-992	 x12:0x0309d000 x11=0x0309d000
     168775.000 ns	     16876	80003b14	10cead53	fmul.s	f26,f29,f12	 f29:0x00000000 f12:0x7fc00000 f26=0x7fc00000
     168805.000 ns	     16879	80003b18	0341a233	mulhsu	x4,x3,x20	  x3:0x00000001 x20:0x80040fe4  x4=0x00000000
     168825.000 ns	     16881	80003b1c	405bd913	srai	x18,x23,0x5	 x23:0x80000000 x18=0xfc000000
     168835.000 ns	     16882	80003b20	016cfb33	and	x22,x25,x22	 x25:0xfc31c41b x22:0x00000000 x22=0x00000000
     168845.000 ns	     16883	80003b24	57316c13	ori	x24,x2,1395	  x2:0x00000009 x24=0x0000057b
     169205.000 ns	     16919	80003b28	02d27933	remu	x18,x4,x13	  x4:0x00000000 x13:0x00000001 x18=0x00000000
     169225.000 ns	     16921	80003b2c	2f216293	ori	x5,x2,754	  x2:0x00000009  x5=0x000002fb
     169235.000 ns	     16922	80003b30	c47c4b13	xori	x22,x24,-953	 x24:0x0000057b x22=0xfffff93c
     169245.000 ns	     16923	80003b34	0103d733	srl	x14,x7,x16	  x7:0x00000001 x16:0x470fcdd2 x14=0x00000000
     169265.000 ns	     16925	80003b38	e00a1453	fclass.s	x8,f20	 f20:0x4f00040f  x8=0x00000040
     169285.000 ns	     16927	80003b3c	016f3e33	sltu	x28,x30,x22	 x30:0x00000000 x22:0xfffff93c x28=0x00000001
     169295.000 ns	     16928	80003b40	00000013	addi	x0,x0,0	  x0:0x00000000
     169335.000 ns	     16932	80003b44	005032d3	fadd.s	f5,f0,f5	  f0:0xcf00040f  f5:0xcf000000  f5=0xcf800207
     169355.000 ns	     16934	80003b48	e5fce413	ori	x8,x25,-417	 x25:0xfc31c41b  x8=0xfffffe5f
     169375.000 ns	     16936	80003b4c	c00716d3	fcvt.w.s	x13,f14	 f14:0x4f7ffffe x13=0x7fffffff
     169405.000 ns	     16939	80003b50	03204833	div	x16,x0,x18	  x0:0x00000000 x18:0x00000000 x16=0xffffffff
     169435.000 ns	     16942	80003b54	d0137553	fcvt.s.wu	f10,x6	  x6:0x00000000 f10=0x00000000
     169775.000 ns	     16976	80003b58	18b4b4d3	fdiv.s	f9,f9,f11	  f9:0x00000001 f11:0x42fffffe  f9=0x00000000
     169805.000 ns	     16979	80003b5c	201a07d3	fsgnj.s	f15,f20,f1	 f20:0x4f00040f  f1:0x80000000 f15=0xcf00040f
     169825.000 ns	     16981	80003b60	0139dd33	srl	x26,x19,x19	 x19:0xfc31c41b x19:0xfc31c41b x26=0x0000001f
     169845.000 ns	     16983	80003b64	20639553	fsgnjn.s	f10,f7,f6	  f7:0x00000000  f6:0x7fc00000 f10=0x80000000
     169895.000 ns	     16988	80003b68	0977f953	fsub.s	f18,f15,f23	 f15:0xcf00040f f23:0x42fffffe f18=0xcf00040f
     169935.000 ns	     16992	80003b6c	116c1f53	fmul.s	f30,f24,f22	 f24:0x7e34b4b6 f22:0x7e34b4b6 f30=0x7f800000
     169965.000 ns	     16995	80003b70	0282abb3	mulhsu	x23,x5,x8	  x5:0x000002fb  x8:0xfffffe5f x23=0x000002fa
     169985.000 ns	     16997	80003b74	01cc9093	slli	x1,x25,0x1c	 x25:0xfc31c41b  x1=0xb0000000
     170005.000 ns	     16999	80003b78	a0689bd3	flt.s	x23,f17,f6	 f17:0xc2fffffe  f6:0x7fc00000 x23=0x00000000
     170035.000 ns	     17002	80003b7c	03d71533	mulh	x10,x14,x29	 x14:0x00000000 x29:0x00000000 x10=0x00000000
     170055.000 ns	     17004	80003b80	dedf6693	ori	x13,x30,-531	 x30:0x00000000 x13=0xfffffded
     170075.000 ns	     17006	80003b84	a0e10653	fle.s	x12,f2,f14	  f2:0x42fffffe f14:0x4f7ffffe x12=0x00000001
     170445.000 ns	     17043	80003b88	02d54533	div	x10,x10,x13	 x10:0x00000000 x13:0x7fffffff x10=0x00000000
     170465.000 ns	     17045	80003b8c	00caa6b3	slt	x13,x21,x12	 x21:0x00000001 x12:0x00000001 x13=0x00000000
     170495.000 ns	     17048	80003b90	190cc3d3	fdiv.s	f7,f25,f16	 f25:0x7fc00000 f16:0xc2fffffe  f7=0x7fc00000
     170865.000 ns	     17085	80003b94	02c0c333	div	x6,x1,x12	  x1:0xb0000000 x12:0x00000001  x6=0xb0000000
     170885.000 ns	     17087	80003b98	00013533	sltu	x10,x2,x0	  x2:0x00000009  x0:0x00000000 x10=0x00000000
     170895.000 ns	     17088	80003b9c	00cc7733	and	x14,x24,x12	 x24:0x0000057b x12:0x00000001 x14=0x00000001
     170905.000 ns	     17089	80003ba0	f8657693	andi	x13,x10,-122	 x10:0x00000000 x13=0x00000000
     170915.000 ns	     17090	80003ba4	00b702b3	add	x5,x14,x11	 x14:0x00000000 x11:0x0309d000  x5=0x0309d001
     170935.000 ns	     17092	80003ba8	29b11553	fmax.s	f10,f2,f27	  f2:0x42fffffe f27:0x00000000 f10=0x42fffffe
     171305.000 ns	     17129	80003bac	0238f7b3	remu	x15,x17,x3	 x17:0x00000000  x3:0x00000001 x15=0x00000000
     171325.000 ns	     17131	80003bb0	015aab33	slt	x22,x21,x21	 x21:0x00000001 x21:0x00000001 x22=0x00000000
     171355.000 ns	     17134	80003bb4	113dc4d3	fmul.s	f9,f27,f19	 f27:0x00000000 f19:0x470fcdd2  f9=0x00000000
     171725.000 ns	     17171	80003bb8	02285533	divu	x10,x16,x2	 x16:0xffffffff  x2:0x00000009 x10=0x1c71c71c
     171775.000 ns	     17176	80003bbc	0988ffd3	fsub.s	f31,f17,f24	 f17:0xc2fffffe f24:0x7e34b4b6 f31=0xfe34b4b6
     171795.000 ns	     17178	80003bc0	8e6eb637	lui	x12,0x8e6eb	 x12=0x8e6eb000
     171805.000 ns	     17179	80003bc4	005df933	and	x18,x27,x5	 x27:0x80041024  x5:0x0309d001 x18=0x00001000
     171815.000 ns	     17180	80003bc8	5fc0c093	xori	x1,x1,1532	  x1:0xb0000000  x1=0xb00005fc
     171825.000 ns	     17181	80003bcc	417e5193	srai	x3,x28,0x17	 x28:0x00000001  x3=0x00000000
     171835.000 ns	     17182	80003bd0	01bd3ab3	sltu	x21,x26,x27	 x26:0x0000001f x27:0x80041024 x21=0x00000001
     171845.000 ns	     17183	80003bd4	c8e8a813	slti	x16,x17,-882	 x17:0x00000000 x16=0x00000000
     171865.000 ns	     17185	80003bd8	03323733	mulhu	x14,x4,x19	  x4:0x00000000 x19:0xfc31c41b x14=0x00000000
     171915.000 ns	     17190	80003bdc	092171d3	fsub.s	f3,f2,f18	  f2:0x42fffffe f18:0xcf00040f  f3=0x4f00040f
     171935.000 ns	     17192	80003be0	01ad5b13	srli	x22,x26,0x1a	 x26:0x0000001f x22=0x00000000
     171955.000 ns	     17194	80003be4	c018f353	fcvt.wu.s	x6,f17	 f17:0xc2fffffe  x6=0x0000007f
     172325.000 ns	     17231	80003be8	03bcf133	remu	x2,x25,x27	 x25:0xfc31c41b x27:0x80041024  x2=0x7c2db3f7
     172345.000 ns	     17233	80003bec	49e43393	sltiu	x7,x8,1182	  x8:0xfffffe5f  x7=0x00000000
     172365.000 ns	     17235	80003bf0	a1292fd3	feq.s	x31,f18,f18	 f18:0xcf00040f f18:0xcf00040f x31=0x00000001
     172385.000 ns	     17237	80003bf4	000c9913	slli	x18,x25,0x0	 x25:0xfc31c41b x18=0xfc31c41b
     172425.000 ns	     17241	80003bf8	080bf1d3	fsub.s	f3,f23,f0	 f23:0x42fffffe  f0:0xcf00040f  f3=0x4f00040f
     172455.000 ns	     17244	80003bfc	28568853	fmin.s	f16,f13,f5	 f13:0x7fc00000  f5:0xcf800207 f16=0xcf800207
     172485.000 ns	     17247	80003c00	20278453	fsgnj.s	f8,f15,f2	 f15:0xcf00040f  f2:0x42fffffe  f8=0x4f00040f
     172855.000 ns	     17284	80003c04	0226e1b3	rem	x3,x13,x2	 x13:0x00000000  x2:0x7c2db3f7  x3=0x00000000
     172885.000 ns	     17287	80003c08	03290f33	mul	x30,x18,x18	 x18:0xfc31c41b x18:0xfc31c41b x30=0xd08f5ad9
     172915.000 ns	     17290	80003c0c	02fc3033	mulhu	x0,x24,x15	 x24:0x0000057b x15:0x00000000
     172955.000 ns	     17294	80003c10	58067a53	fsqrt.s	f20,f12	 f12:0x7fc00000 f20=0x7fc00000
     173325.000 ns	     17331	80003c14	03ffe633	rem	x12,x31,x31	 x31:0x00000001 x31:0x00000001 x12=0x00000000
     173355.000 ns	     17334	80003c18	a0e7a1d3	feq.s	x3,f15,f14	 f15:0xcf00040f f14:0x4f7ffffe  x3=0x00000000
     173375.000 ns	     17336	80003c1c	49380b93	addi	x23,x16,1171	 x16:0x00000000 x23=0x00000493
     173385.000 ns	     17337	80003c20	002d9793	slli	x15,x27,0x2	 x27:0x80041024 x15=0x00104090
     173395.000 ns	     17338	80003c24	0085db33	srl	x22,x11,x8	 x11:0x0309d000  x8:0xfffffe5f x22=0x00000000
     173755.000 ns	     17374	80003c28	02624333	div	x6,x4,x6	  x4:0x00000000  x6:0x0000007f  x6=0x00000000
     173785.000 ns	     17377	80003c2c	c01573d3	fcvt.wu.s	x7,f10	 f10:0x42fffffe  x7=0x0000007f
     173815.000 ns	     17380	80003c30	a0852153	feq.s	x2,f10,f8	 f10:0x42fffffe  f8:0x4f00040f  x2=0x00000000
     173855.000 ns	     17384	80003c34	19568e53	fdiv.s	f28,f13,f21	 f13:0x7fc00000 f21:0xffffffff f28=0x7fc00000
     173895.000 ns	     17388	80003c38	11474a53	fmul.s	f20,f14,f20	 f14:0x4f7ffffe f20:0x7fc00000 f20=0x7fc00000
     173915.000 ns	     17390	80003c3c	01d6c6b3	xor	x13,x13,x29	 x13:0x00000000 x29:0x00000000 x13=0x00000000
     173935.000 ns	     17392	80003c40	a1cfa253	feq.s	x4,f31,f28	 f31:0xfe34b4b6 f28:0x7fc00000  x4=0x00000000
     173965.000 ns	     17395	80003c44	e0090ed3	fmv.x.w	x29,f18	 f18:0xcf00040f x29=0xcf00040f
     173985.000 ns	     17397	80003c48	00595eb3	srl	x29,x18,x5	 x18:0xfc31c41b  x5:0x0309d001 x29=0x7e18e20d
     174005.000 ns	     17399	80003c4c	037dab33	mulhsu	x22,x27,x23	 x27:0x80041024 x23:0x00000493 x22=0xfffffdb6
     174025.000 ns	     17401	80003c50	01f09f33	sll	x30,x1,x31	  x1:0xb00005fc x31:0x00000001 x30=0x60000bf8
     174035.000 ns	     17402	80003c54	00f893b3	sll	x7,x17,x15	 x17:0x00000000 x15:0x00104090  x7=0x00000000
     174055.000 ns	     17404	80003c58	02c027b3	mulhsu	x15,x0,x12	  x0:0x00000000 x12:0x00000000 x15=0x00000000
     174095.000 ns	     17408	80003c5c	1107b753	fmul.s	f14,f15,f16	 f15:0xcf00040f f16:0xcf800207 f14=0x5f000617
     174125.000 ns	     17411	80003c60	2147a353	fsgnjx.s	f6,f15,f20	 f15:0xcf00040f f20:0x7fc00000  f6=0xcf00040f
     174165.000 ns	     17415	80003c64	10a3aa53	fmul.s	f20,f7,f10	  f7:0x7fc00000 f10:0x42fffffe f20=0x7fc00000
     174195.000 ns	     17418	80003c68	030953b3	divu	x7,x18,x16	 x18:0xfc31c41b x16:0x00000000  x7=0xffffffff
     174235.000 ns	     17422	80003c6c	191d34d3	fdiv.s	f9,f26,f17	 f26:0x7fc00000 f17:0xc2fffffe  f9=0x7fc00000
     174255.000 ns	     17424	80003c70	41c40eb3	sub	x29,x8,x28	  x8:0xfffffe5f x28:0x00000001 x29=0xfffffe5e
     174265.000 ns	     17425	80003c74	01546833	or	x16,x8,x21	  x8:0xfffffe5f x21:0x00000001 x16=0xfffffe5f
     174285.000 ns	     17427	80003c78	285516d3	fmax.s	f13,f10,f5	 f10:0x42fffffe  f5:0xcf800207 f13=0x42fffffe
     174315.000 ns	     17430	80003c7c	20f98453	fsgnj.s	f8,f19,f15	 f19:0x470fcdd2 f15:0xcf00040f  f8=0xc70fcdd2
     174335.000 ns	     17432	80003c80	67833d13	sltiu	x26,x6,1656	  x6:0x00000000 x26=0x00000001
     174355.000 ns	     17434	80003c84	e00003d3	fmv.x.w	x7,f0	  f0:0xcf00040f  x7=0xcf00040f
     174395.000 ns	     17438	80003c88	1950f3d3	fdiv.s	f7,f1,f21	  f1:0x80000000 f21:0xffffffff  f7=0x7fc00000
     174415.000 ns	     17440	80003c8c	01180bb3	add	x23,x16,x17	 x16:0xfffffe5f x17:0x00000000 x23=0xfffffe5f
     174435.000 ns	     17442	80003c90	c0048453	fcvt.w.s	x8,f9	  f9:0x7fc00000  x8=0x7fffffff
     174455.000 ns	     17444	80003c94	58e10493	addi	x9,x2,1422	  x2:0x00000000  x9=0x0000058e
     174465.000 ns	     17445	80003c98	017adf13	srli	x30,x21,0x17	 x21:0x00000001 x30=0x00000000
     174475.000 ns	     17446	80003c9c	01ee9093	slli	x1,x29,0x1e	 x29:0xfffffe5e  x1=0x80000000
     174485.000 ns	     17447	80003ca0	402adab3	sra	x21,x21,x2	 x21:0x00000001  x2:0x00000000 x21=0x00000001
     174505.000 ns	     17449	80003ca4	02b4a3b3	mulhsu	x7,x9,x11	  x9:0x0000058e x11:0x0309d000  x7=0x00000010
     174545.000 ns	     17453	80003ca8	11eb78d3	fmul.s	f17,f22,f30	 f22:0x7e34b4b6 f30:0x7f800000 f17=0x7f800000
     174575.000 ns	     17456	80003cac	282e0c53	fmin.s	f24,f28,f2	 f28:0x7fc00000  f2:0x42fffffe f24=0x42fffffe
     174945.000 ns	     17493	80003cb0	03647eb3	remu	x29,x8,x22	  x8:0x7fffffff x22:0xfffffdb6 x29=0x7fffffff
     174965.000 ns	     17495	80003cb4	2b246813	ori	x16,x8,690	  x8:0x7fffffff x16=0x7fffffff
     174975.000 ns	     17496	80003cb8	00000013	addi	x0,x0,0	  x0:0x00000000
     174985.000 ns	     17497	80003cbc	000f7fb3	and	x31,x30,x0	 x30:0x00000000  x0:0x00000000 x31=0x00000000
     175345.000 ns	     17533	80003cc0	027b6fb3	rem	x31,x22,x7	 x22:0xfffffdb6  x7:0x00000010 x31=0xfffffff6
     175375.000 ns	     17536	80003cc4	c01cf6d3	fcvt.wu.s	x13,f25	 f25:0x7fc00000 x13=0xffffffff
     175395.000 ns	     17538	80003cc8	928a3013	sltiu	x0,x20,-1752	 x20:0x80040fe4
     175405.000 ns	     17539	80003ccc	0030f133	and	x2,x1,x3	  x1:0x80000000  x3:0x00000000  x2=0x00000000
     175415.000 ns	     17540	80003cd0	0088a0b3	slt	x1,x17,x8	 x17:0x00000000  x8:0x7fffffff  x1=0x00000001
     175425.000 ns	     17541	80003cd4	01483fb3	sltu	x31,x16,x20	 x16:0x7fffffff x20:0x80040fe4 x31=0x00000001
     175445.000 ns	     17543	80003cd8	e0071453	fclass.s	x8,f14	 f14:0x5f000617  x8=0x00000040
     175465.000 ns	     17545	80003cdc	011cb733	sltu	x14,x25,x17	 x25:0xfc31c41b x17:0x00000000 x14=0x00000000
     175485.000 ns	     17547	80003ce0	c0007853	fcvt.w.s	x16,f0	  f0:0xcf00040f x16=0x80000000
     175515.000 ns	     17550	80003ce4	a08c8253	fle.s	x4,f25,f8	 f25:0x7fc00000  f8:0xc70fcdd2  x4=0x00000000
     175535.000 ns	     17552	80003ce8	41a08633	sub	x12,x1,x26	  x1:0x00000001 x26:0x00000001 x12=0x00000000
     175555.000 ns	     17554	80003cec	e00808d3	fmv.x.w	x17,f16	 f16:0xcf800207 x17=0xcf800207
     175585.000 ns	     17557	80003cf0	20820653	fsgnj.s	f12,f4,f8	  f4:0x4f7ffffe  f8:0xc70fcdd2 f12=0xcf7ffffe
     175635.000 ns	     17562	80003cf4	00c78bd3	fadd.s	f23,f15,f12	 f15:0xcf00040f f12:0x7fc00000 f23=0xcfc00206
     175665.000 ns	     17565	80003cf8	a1152cd3	feq.s	x25,f10,f17	 f10:0x42fffffe f17:0x7f800000 x25=0x00000000
     175715.000 ns	     17570	80003cfc	09389cd3	fsub.s	f25,f17,f19	 f17:0x7f800000 f19:0x470fcdd2 f25=0x7f800000
     175765.000 ns	     17575	80003d00	004e4553	fadd.s	f10,f28,f4	 f28:0x7fc00000  f4:0x4f7ffffe f10=0x7fc00000
     175785.000 ns	     17577	80003d04	01196b33	or	x22,x18,x17	 x18:0xfc31c41b x17:0xcf800207 x22=0xffb1c61f
     175795.000 ns	     17578	80003d08	01bd2cb3	slt	x25,x26,x27	 x26:0x00000001 x27:0x80041024 x25=0x00000000
     176155.000 ns	     17614	80003d0c	0381f433	remu	x8,x3,x24	  x3:0x00000000 x24:0x0000057b  x8=0x00000000
     176175.000 ns	     17616	80003d10	01bb8933	add	x18,x23,x27	 x23:0xfffffe5f x27:0x80041024 x18=0x80040e83
     176195.000 ns	     17618	80003d14	e00482d3	fmv.x.w	x5,f9	  f9:0x7fc00000  x5=0x7fc00000
     176225.000 ns	     17621	80003d18	d0067c53	fcvt.s.w	f24,x12	 x12:0x00000000 f24=0x00000000
     176255.000 ns	     17624	80003d1c	02e0ffb3	remu	x31,x1,x14	  x1:0x00000001 x14:0x00000000 x31=0x00000001
     176275.000 ns	     17626	80003d20	b189b717	auipc	x14,0xb189b	 x14=0x3189ed20
     176295.000 ns	     17628	80003d24	c009bbd3	fcvt.w.s	x23,f19	 f19:0x470fcdd2 x23=0x00008fce
     176345.000 ns	     17633	80003d28	080b3dd3	fsub.s	f27,f22,f0	 f22:0x7e34b4b6  f0:0xcf00040f f27=0x7e34b4b6
     176375.000 ns	     17636	80003d2c	28df0953	fmin.s	f18,f30,f13	 f30:0x7f800000 f13:0x42fffffe f18=0x42fffffe
     176415.000 ns	     17640	80003d30	1989fb53	fdiv.s	f22,f19,f24	 f19:0x470fcdd2 f24:0x00000000 f22=0x7f800000
     176435.000 ns	     17642	80003d34	0058b733	sltu	x14,x17,x5	 x17:0xcf800207  x5:0x7fc00000 x14=0x00000000
     176455.000 ns	     17644	80003d38	035bb4b3	mulhu	x9,x23,x21	 x23:0x00008fce x21:0x00000001  x9=0x00000000
     176485.000 ns	     17647	80003d3c	e00485d3	fmv.x.w	x11,f9	  f9:0x7fc00000 x11=0x7fc00000
     176515.000 ns	     17650	80003d40	f00583d3	fmv.w.x	f7,x11	 x11:0x0309d000  f7=0x7fc00000
     176545.000 ns	     17653	80003d44	a0d02ed3	feq.s	x29,f0,f13	  f0:0xcf00040f f13:0x42fffffe x29=0x00000000
     176565.000 ns	     17655	80003d48	406f0533	sub	x10,x30,x6	 x30:0x00000000  x6:0x00000000 x10=0x00000000
     176605.000 ns	     17659	80003d4c	00d2f6d3	fadd.s	f13,f5,f13	  f5:0xcf800207 f13:0x42fffffe f13=0xcf800206
     176625.000 ns	     17661	80003d50	01c342b3	xor	x5,x6,x28	  x6:0x00000000 x28:0x00000001  x5=0x00000001
     176665.000 ns	     17665	80003d54	08987cd3	fsub.s	f25,f16,f9	 f16:0xcf800207  f9:0x7fc00000 f25=0x7fc00000
     176685.000 ns	     17667	80003d58	60a73c13	sltiu	x24,x14,1546	 x14:0x00000000 x24=0x00000001
     176705.000 ns	     17669	80003d5c	f00e8ad3	fmv.w.x	f21,x29	 x29:0x00000000 f21=0x00000000
     176735.000 ns	     17672	80003d60	c00d7253	fcvt.w.s	x4,f26	 f26:0x7fc00000  x4=0x7fffffff
     176755.000 ns	     17674	80003d64	0179ab33	slt	x22,x19,x23	 x19:0xfc31c41b x23:0x00008fce x22=0x00000001
     176775.000 ns	     17676	80003d68	a077a153	feq.s	x2,f15,f7	 f15:0xcf00040f  f7:0x7fc00000  x2=0x00000000
     176795.000 ns	     17678	80003d6c	0047d0b3	srl	x1,x15,x4	 x15:0x00000000  x4:0x7fffffff  x1=0x00000000
     176805.000 ns	     17679	80003d70	04638413	addi	x8,x7,70	  x7:0x00000010  x8=0x00000056
     177165.000 ns	     17715	80003d74	02d9c5b3	div	x11,x19,x13	 x19:0xfc31c41b x13:0xffffffff x11=0x03ce3be5
     177195.000 ns	     17718	80003d78	d00e2053	fcvt.s.w	f0,x28	 x28:0x00000001  f0=0x3f800000
     177225.000 ns	     17721	80003d7c	28738d53	fmin.s	f26,f7,f7	  f7:0x7fc00000  f7:0x7fc00000 f26=0x7fc00000
     177255.000 ns	     17724	80003d80	29fd0f53	fmin.s	f30,f26,f31	 f26:0x7fc00000 f31:0xfe34b4b6 f30=0xfe34b4b6
     177305.000 ns	     17729	80003d84	00217b53	fadd.s	f22,f2,f2	  f2:0x42fffffe  f2:0x42fffffe f22=0x437ffffe
     177335.000 ns	     17732	80003d88	297c8ad3	fmin.s	f21,f25,f23	 f25:0x7fc00000 f23:0xcfc00206 f21=0xcfc00206
     177355.000 ns	     17734	80003d8c	00250e33	add	x28,x10,x2	 x10:0x00000000  x2:0x00000000 x28=0x00000000
     177375.000 ns	     17736	80003d90	03da3533	mulhu	x10,x20,x29	 x20:0x80040fe4 x29:0x00000000 x10=0x00000000
     177405.000 ns	     17739	80003d94	021f7733	remu	x14,x30,x1	 x30:0x00000000  x1:0x00000000 x14=0x00000000
     177435.000 ns	     17742	80003d98	211f27d3	fsgnjx.s	f15,f30,f17	 f30:0xfe34b4b6 f17:0x7f800000 f15=0xfe34b4b6
     177465.000 ns	     17745	80003d9c	a1892bd3	feq.s	x23,f18,f24	 f18:0x42fffffe f24:0x00000000 x23=0x00000000
     177495.000 ns	     17748	80003da0	026b7c33	remu	x24,x22,x6	 x22:0x00000001  x6:0x00000000 x24=0x00000001
     177515.000 ns	     17750	80003da4	01047ab3	and	x21,x8,x16	  x8:0x00000056 x16:0x80000000 x21=0x00000000
     177525.000 ns	     17751	80003da8	d9d0a813	slti	x16,x1,-611	  x1:0x00000000 x16=0x00000000
     177535.000 ns	     17752	80003dac	8073a893	slti	x17,x7,-2041	  x7:0x00000010 x17=0x00000000
     177545.000 ns	     17753	80003db0	b80f5eb7	lui	x29,0xb80f5	 x29=0xb80f5000
     177565.000 ns	     17755	80003db4	e0071cd3	fclass.s	x25,f14	 f14:0x5f000617 x25=0x00000040
     177595.000 ns	     17758	80003db8	a02fa1d3	feq.s	x3,f31,f2	 f31:0xfe34b4b6  f2:0x42fffffe  x3=0x00000000
     177615.000 ns	     17760	80003dbc	d0154393	xori	x7,x10,-767	 x10:0x00000000  x7=0xfffffd01
     177655.000 ns	     17764	80003dc0	09c52153	fsub.s	f2,f10,f28	 f10:0x7fc00000 f28:0x7fc00000  f2=0x7fc00000
     177675.000 ns	     17766	80003dc4	9f92c493	xori	x9,x5,-1543	  x5:0x00000001  x9=0xfffff9f8
     177695.000 ns	     17768	80003dc8	a09c04d3	fle.s	x9,f24,f9	 f24:0x00000000  f9:0x7fc00000  x9=0x00000000
     177725.000 ns	     17771	80003dcc	d0021e53	fcvt.s.w	f28,x4	  x4:0x7fffffff f28=0x4effffff
     177755.000 ns	     17774	80003dd0	206ca0d3	fsgnjx.s	f1,f25,f6	 f25:0x7fc00000  f6:0xcf00040f  f1=0xffc00000
     177775.000 ns	     17776	80003dd4	01cf9713	slli	x14,x31,0x1c	 x31:0x00000001 x14=0x10000000
     177785.000 ns	     17777	80003dd8	0ecec097	auipc	x1,0xecec	  x1=0x8ecefdd8
     177795.000 ns	     17778	80003ddc	00064133	xor	x2,x12,x0	 x12:0x00000000  x0:0x00000000  x2=0x00000000
     177805.000 ns	     17779	80003de0	011ae533	or	x10,x21,x17	 x21:0x00000000 x17:0x00000000 x10=0x00000000
     177815.000 ns	     17780	80003de4	6e5f3913	sltiu	x18,x30,1765	 x30:0x00000000 x18=0x00000001
     177825.000 ns	     17781	80003de8	011a28b3	slt	x17,x20,x17	 x20:0x80040fe4 x17:0x00000000 x17=0x00000001
     177835.000 ns	     17782	80003dec	003c9693	slli	x13,x25,0x3	 x25:0x00000040 x13=0x00000200
     177845.000 ns	     17783	80003df0	00d251b3	srl	x3,x4,x13	  x4:0x7fffffff x13:0xffffffff  x3=0x7fffffff
     179015.000 ns	     17900	80003df4	580b0c53	fsqrt.s	f24,f22	 f22:0x437ffffe f24=0x41350461
     179035.000 ns	     17902	80003df8	6bd64393	xori	x7,x12,1725	 x12:0x00000000  x7=0x000006bd
     179075.000 ns	     17906	80003dfc	085d7653	fsub.s	f12,f26,f5	 f26:0x7fc00000  f5:0xcf800207 f12=0x7fc00000
     179095.000 ns	     17908	80003e00	43b66193	ori	x3,x12,1083	 x12:0x00000000  x3=0x0000043b
     179115.000 ns	     17910	80003e04	20e709d3	fsgnj.s	f19,f14,f14	 f14:0x5f000617 f14:0x5f000617 f19=0x5f000617
     179165.000 ns	     17915	80003e08	01b07453	fadd.s	f8,f0,f27	  f0:0x3f800000 f27:0x7e34b4b6  f8=0x7e34b4b6
     179215.000 ns	     17920	80003e0c	08f6ff53	fsub.s	f30,f13,f15	 f13:0xcf800206 f15:0xfe34b4b6 f30=0x7e34b4b6
     179235.000 ns	     17922	80003e10	fe605b37	lui	x22,0xfe605	 x22=0xfe605000
     179245.000 ns	     17923	80003e14	387b3613	sltiu	x12,x22,903	 x22:0x00000001 x12=0x00000000
     179255.000 ns	     17924	80003e18	29ffa793	slti	x15,x31,671	 x31:0x00000001 x15=0x00000001
     179275.000 ns	     17926	80003e1c	20a78353	fsgnj.s	f6,f15,f10	 f15:0xfe34b4b6 f10:0x7fc00000  f6=0x7e34b4b6
     179645.000 ns	     17963	80003e20	03b64fb3	div	x31,x12,x27	 x12:0x00000000 x27:0x80041024 x31=0x00000000
     179665.000 ns	     17965	80003e24	d849d617	auipc	x12,0xd849d	 x12=0x584a0e24
     179685.000 ns	     17967	80003e28	a0e51f53	flt.s	x30,f10,f14	 f10:0x7fc00000 f14:0x5f000617 x30=0x00000000
     179715.000 ns	     17970	80003e2c	f00e8753	fmv.w.x	f14,x29	 x29:0xb80f5000 f14=0xb80f5000
     179745.000 ns	     17973	80003e30	f00f0ad3	fmv.w.x	f21,x30	 x30:0x00000000 f21=0x00000000
     179775.000 ns	     17976	80003e34	03b60bb3	mul	x23,x12,x27	 x12:0x584a0e24 x27:0x80041024 x23=0x43dc3d10
     179805.000 ns	     17979	80003e38	0228e7b3	rem	x15,x17,x2	 x17:0x00000001  x2:0x00000000 x15=0x00000001
     179835.000 ns	     17982	80003e3c	29939a53	fmax.s	f20,f7,f25	  f7:0x7fc00000 f25:0x7fc00000 f20=0x7fc00000
     180205.000 ns	     18019	80003e40	02dec4b3	div	x9,x29,x13	 x29:0xb80f5000 x13:0x00000200  x9=0xffdc07a8
     180245.000 ns	     18023	80003e44	18c21dd3	fdiv.s	f27,f4,f12	  f4:0x4f7ffffe f12:0x7fc00000 f27=0x7fc00000
     180275.000 ns	     18026	80003e48	203225d3	fsgnjx.s	f11,f4,f3	  f4:0x4f7ffffe  f3:0x4f00040f f11=0x4f7ffffe
     180305.000 ns	     18029	80003e4c	036214b3	mulh	x9,x4,x22	  x4:0x7fffffff x22:0xfe605000  x9=0xff302800
     180335.000 ns	     18032	80003e50	e00284d3	fmv.x.w	x9,f5	  f5:0xcf800207  x9=0xcf800207
     180365.000 ns	     18035	80003e54	20c8add3	fsgnjx.s	f27,f17,f12	 f17:0x7f800000 f12:0x7fc00000 f27=0x7f800000
     180395.000 ns	     18038	80003e58	c011c6d3	fcvt.wu.s	x13,f3	  f3:0x4f00040f x13=0x80040f00
     180425.000 ns	     18041	80003e5c	29598b53	fmin.s	f22,f19,f21	 f19:0x5f000617 f21:0x00000000 f22=0x00000000
     180455.000 ns	     18044	80003e60	0353fd33	remu	x26,x7,x21	  x7:0x000006bd x21:0x00000000 x26=0x000006bd
     180475.000 ns	     18046	80003e64	00000013	addi	x0,x0,0	  x0:0x00000000
     180495.000 ns	     18048	80003e68	2018a6d3	fsgnjx.s	f13,f17,f1	 f17:0x7f800000  f1:0xffc00000 f13=0xff800000
     180865.000 ns	     18085	80003e6c	02fc63b3	rem	x7,x24,x15	 x24:0x00000001 x15:0x00000001  x7=0x00000000
     180895.000 ns	     18088	80003e70	a018a253	feq.s	x4,f17,f1	 f17:0x7f800000  f1:0xffc00000  x4=0x00000000
     180925.000 ns	     18091	80003e74	0242fab3	remu	x21,x5,x4	  x5:0x00000001  x4:0x7fffffff x21=0x00000001
     180945.000 ns	     18093	80003e78	7ee50913	addi	x18,x10,2030	 x10:0x00000000 x18=0x000007ee
     180965.000 ns	     18095	80003e7c	d0163153	fcvt.s.wu	f2,x12	 x12:0x584a0e24  f2=0x4eb0941d
     180995.000 ns	     18098	80003e80	200185d3	fsgnj.s	f11,f3,f0	  f3:0x4f00040f  f0:0x3f800000 f11=0x4f00040f
     181025.000 ns	     18101	80003e84	e0078153	fmv.x.w	x2,f15	 f15:0xfe34b4b6  x2=0xfe34b4b6
     181055.000 ns	     18104	80003e88	29681e53	fmax.s	f28,f16,f22	 f16:0xcf800207 f22:0x00000000 f28=0x00000000
     181085.000 ns	     18107	80003e8c	292195d3	fmax.s	f11,f3,f18	  f3:0x4f00040f f18:0x42fffffe f11=0x4f00040f
     181115.000 ns	     18110	80003e90	c00292d3	fcvt.w.s	x5,f5	  f5:0xcf800207  x5=0x80000000
     181135.000 ns	     18112	80003e94	01398c33	add	x24,x19,x19	 x19:0xfc31c41b x19:0xfc31c41b x24=0xf8638836
     181145.000 ns	     18113	80003e98	010d1b13	slli	x22,x26,0x10	 x26:0x000006bd x22=0x06bd0000
     181165.000 ns	     18115	80003e9c	02aa8333	mul	x6,x21,x10	 x21:0x00000001 x10:0x00000000  x6=0x00000000
     181195.000 ns	     18118	80003ea0	f00504d3	fmv.w.x	f9,x10	 x10:0x00000000  f9=0x00000000
     181235.000 ns	     18122	80003ea4	1075ffd3	fmul.s	f31,f11,f7	 f11:0x4f00040f  f7:0x7fc00000 f31=0x7fc00000
     181255.000 ns	     18124	80003ea8	22222cb7	lui	x25,0x22222	 x25=0x22222000
     181265.000 ns	     18125	80003eac	01a3dfb3	srl	x31,x7,x26	  x7:0x00000000 x26:0x000006bd x31=0x00000000
     181625.000 ns	     18161	80003eb0	02866cb3	rem	x25,x12,x8	 x12:0x584a0e24  x8:0x00000056 x25=0x0000001e
     181655.000 ns	     18164	80003eb4	a0589bd3	flt.s	x23,f17,f5	 f17:0x7f800000  f5:0xcf800207 x23=0x00000000
     181675.000 ns	     18166	80003eb8	37ea8f97	auipc	x31,0x37ea8	 x31=0xb7eabeb8
     181685.000 ns	     18167	80003ebc	4190d3b3	sra	x7,x1,x25	  x1:0x8ecefdd8 x25:0x0000001e  x7=0xfffffffe
     181705.000 ns	     18169	80003ec0	029b10b3	mulh	x1,x22,x9	 x22:0x06bd0000  x9:0xcf800207  x1=0xfeb9318d
     181735.000 ns	     18172	80003ec4	c005bb53	fcvt.w.s	x22,f11	 f11:0x4f00040f x22=0x7fffffff
     181755.000 ns	     18174	80003ec8	0aa377b7	lui	x15,0xaa37	 x15=0x0aa37000
     181765.000 ns	     18175	80003ecc	014f7bb3	and	x23,x30,x20	 x30:0x00000000 x20:0x80040fe4 x23=0x00000000
     181775.000 ns	     18176	80003ed0	004e05b3	add	x11,x28,x4	 x28:0x00000000  x4:0x00000000 x11=0x00000000
     181785.000 ns	     18177	80003ed4	001b1c33	sll	x24,x22,x1	 x22:0x7fffffff  x1:0xfeb9318d x24=0xffffe000
     181805.000 ns	     18179	80003ed8	a1cf9b53	flt.s	x22,f31,f28	 f31:0x7fc00000 f28:0x00000000 x22=0x00000000
     181825.000 ns	     18181	80003edc	00eb1d13	slli	x26,x22,0xe	 x22:0x7fffffff x26=0x00000000
     181835.000 ns	     18182	80003ee0	413a82b3	sub	x5,x21,x19	 x21:0x00000001 x19:0xfc31c41b  x5=0x03ce3be6
     181845.000 ns	     18183	80003ee4	a0782813	slti	x16,x16,-1529	 x16:0x00000000 x16=0x00000000
     181865.000 ns	     18185	80003ee8	a0452153	feq.s	x2,f10,f4	 f10:0x7fc00000  f4:0x4f7ffffe  x2=0x00000000
     181895.000 ns	     18188	80003eec	f00e0fd3	fmv.w.x	f31,x28	 x28:0x00000000 f31=0x00000000
     181935.000 ns	     18192	80003ef0	10d5f1d3	fmul.s	f3,f11,f13	 f11:0x4f00040f f13:0xff800000  f3=0xff800000
     181955.000 ns	     18194	80003ef4	94226693	ori	x13,x4,-1726	  x4:0x00000000 x13=0xfffff942
     181965.000 ns	     18195	80003ef8	0122e6b3	or	x13,x5,x18	  x5:0x03ce3be6 x18:0x000007ee x13=0x03ce3fee
     182005.000 ns	     18199	80003efc	098497d3	fsub.s	f15,f9,f24	  f9:0x00000000 f24:0x41350461 f15=0xc1350461
     182025.000 ns	     18201	80003f00	fa81fb13	andi	x22,x3,-88	  x3:0x0000043b x22=0x00000428
     182035.000 ns	     18202	80003f04	00d97bb3	and	x23,x18,x13	 x18:0x000007ee x13:0x03ce3fee x23=0x000007ee
     182055.000 ns	     18204	80003f08	03c0f1b3	remu	x3,x1,x28	  x1:0xfeb9318d x28:0x00000000  x3=0xfeb9318d
     182095.000 ns	     18208	80003f0c	580ff353	fsqrt.s	f6,f31	 f31:0x00000000  f6=0x00000000
     182115.000 ns	     18210	80003f10	aaf4b093	sltiu	x1,x9,-1361	  x9:0xcf800207  x1=0x00000001
     182135.000 ns	     18212	80003f14	20f69353	fsgnjn.s	f6,f13,f15	 f13:0xff800000 f15:0xc1350461  f6=0x7f800000
     182155.000 ns	     18214	80003f18	32d97413	andi	x8,x18,813	 x18:0x000007ee  x8=0x0000032c
     182175.000 ns	     18216	80003f1c	d001f453	fcvt.s.w	f8,x3	  x3:0xfeb9318d  f8=0xcba36739
     182205.000 ns	     18219	80003f20	c0152353	fcvt.wu.s	x6,f10	 f10:0x7fc00000  x6=0xffffffff
     182225.000 ns	     18221	80003f24	01c98bb3	add	x23,x19,x28	 x19:0xfc31c41b x28:0x00000000 x23=0xfc31c41b
     182245.000 ns	     18223	80003f28	a1be8853	fle.s	x16,f29,f27	 f29:0x00000000 f27:0x7f800000 x16=0x00000001
     182275.000 ns	     18226	80003f2c	28f597d3	fmax.s	f15,f11,f15	 f11:0x4f00040f f15:0xc1350461 f15=0x4f00040f
     182305.000 ns	     18229	80003f30	03afc933	div	x18,x31,x26	 x31:0xb7eabeb8 x26:0x00000000 x18=0xffffffff
     182345.000 ns	     18233	80003f34	19fb14d3	fdiv.s	f9,f22,f31	 f22:0x00000000 f31:0x00000000  f9=0x7fc00000
     182715.000 ns	     18270	80003f38	033d7cb3	remu	x25,x26,x19	 x26:0x00000000 x19:0xfc31c41b x25=0x00000000
     182765.000 ns	     18275	80003f3c	08057453	fsub.s	f8,f10,f0	 f10:0x7fc00000  f0:0x3f800000  f8=0x7fc00000
     182795.000 ns	     18278	80003f40	024b1033	mulh	x0,x22,x4	 x22:0x00000428  x4:0x00000000
     182825.000 ns	     18281	80003f44	29718653	fmin.s	f12,f3,f23	  f3:0xff800000 f23:0xcfc00206 f12=0xff800000
     182845.000 ns	     18283	80003f48	01ee6cb3	or	x25,x28,x30	 x28:0x00000000 x30:0x00000000 x25=0x00000000
     182865.000 ns	     18285	80003f4c	a12408d3	fle.s	x17,f8,f18	  f8:0x7fc00000 f18:0x42fffffe x17=0x00000000
     182885.000 ns	     18287	80003f50	c818ce13	xori	x28,x17,-895	 x17:0x00000001 x28=0xfffffc81
     182905.000 ns	     18289	80003f54	03550b33	mul	x22,x10,x21	 x10:0x00000000 x21:0x00000001 x22=0x00000000
     182925.000 ns	     18291	80003f58	001b0c33	add	x24,x22,x1	 x22:0x00000428  x1:0x00000001 x24=0x00000001
     182935.000 ns	     18292	80003f5c	002d10b3	sll	x1,x26,x2	 x26:0x00000000  x2:0x00000000  x1=0x00000000
     182945.000 ns	     18293	80003f60	0005a533	slt	x10,x11,x0	 x11:0x00000000  x0:0x00000000 x10=0x00000000
     182955.000 ns	     18294	80003f64	00000013	addi	x0,x0,0	  x0:0x00000000
     182975.000 ns	     18296	80003f68	297a12d3	fmax.s	f5,f20,f23	 f20:0x7fc00000 f23:0xcfc00206  f5=0xcfc00206
     183025.000 ns	     18301	80003f6c	089374d3	fsub.s	f9,f6,f9	  f6:0x7f800000  f9:0x7fc00000  f9=0x7fc00000
     183055.000 ns	     18304	80003f70	c0037753	fcvt.w.s	x14,f6	  f6:0x7f800000 x14=0x7fffffff
     183085.000 ns	     18307	80003f74	29510ed3	fmin.s	f29,f2,f21	  f2:0x4eb0941d f21:0x00000000 f29=0x00000000
     183105.000 ns	     18309	80003f78	0062ec33	or	x24,x5,x6	  x5:0x03ce3be6  x6:0xffffffff x24=0xffffffff
     183125.000 ns	     18311	80003f7c	c012c5d3	fcvt.wu.s	x11,f5	  f5:0xcfc00206 x11=0x00000000
     183145.000 ns	     18313	80003f80	99222713	slti	x14,x4,-1646	  x4:0x00000000 x14=0x00000000
     183155.000 ns	     18314	80003f84	43e04b13	xori	x22,x0,1086	  x0:0x00000000 x22=0x0000043e
     183175.000 ns	     18316	80003f88	022ff533	remu	x10,x31,x2	 x31:0xb7eabeb8  x2:0x00000000 x10=0xb7eabeb8
     183205.000 ns	     18319	80003f8c	034f0433	mul	x8,x30,x20	 x30:0x00000000 x20:0x80040fe4  x8=0x00000000
     183225.000 ns	     18321	80003f90	007238b3	sltu	x17,x4,x7	  x4:0x00000000  x7:0xfffffffe x17=0x00000001
     183235.000 ns	     18322	80003f94	00a3fe33	and	x28,x7,x10	  x7:0xfffffffe x10:0xb7eabeb8 x28=0xb7eabeb8
     184405.000 ns	     18439	80003f98	580229d3	fsqrt.s	f19,f4	  f4:0x4f7ffffe f19=0x47350461
     184435.000 ns	     18442	80003f9c	02802c33	mulhsu	x24,x0,x8	  x0:0x00000000  x8:0x00000000 x24=0x00000000
     184465.000 ns	     18445	80003fa0	e00f9ed3	fclass.s	x29,f31	 f31:0x00000000 x29=0x00000010
     184495.000 ns	     18448	80003fa4	a1322b53	feq.s	x22,f4,f19	  f4:0x4f7ffffe f19:0x47350461 x22=0x00000000
     184515.000 ns	     18450	80003fa8	40f2d7b3	sra	x15,x5,x15	  x5:0x03ce3be6 x15:0x0aa37000 x15=0x03ce3be6
     184525.000 ns	     18451	80003fac	01d0d613	srli	x12,x1,0x1d	  x1:0x00000000 x12=0x00000000
     184535.000 ns	     18452	80003fb0	409ed1b3	sra	x3,x29,x9	 x29:0x00000010  x9:0xcf800207  x3=0x00000000
     184555.000 ns	     18454	80003fb4	29cb17d3	fmax.s	f15,f22,f28	 f22:0x00000000 f28:0x00000000 f15=0x00000000
     184575.000 ns	     18456	80003fb8	2b767393	andi	x7,x12,695	 x12:0x00000000  x7=0x00000000
     184595.000 ns	     18458	80003fbc	02781433	mulh	x8,x16,x7	 x16:0x00000001  x7:0xfffffffe  x8=0x00000000
     184635.000 ns	     18462	80003fc0	10c17453	fmul.s	f8,f2,f12	  f2:0x4eb0941d f12:0xff800000  f8=0xff800000
     184655.000 ns	     18464	80003fc4	4178d733	sra	x14,x17,x23	 x17:0x00000001 x23:0xfc31c41b x14=0x00000000
     184665.000 ns	     18465	80003fc8	5fdaa397	auipc	x7,0x5fdaa	  x7=0xdfdadfc8
     184685.000 ns	     18467	80003fcc	a0e88d53	fle.s	x26,f17,f14	 f17:0x7f800000 f14:0xb80f5000 x26=0x00000000
     184705.000 ns	     18469	80003fd0	40b7d333	sra	x6,x15,x11	 x15:0x03ce3be6 x11:0x00000000  x6=0x03ce3be6
     184735.000 ns	     18472	80003fd4	194d3cd3	fdiv.s	f25,f26,f20	 f26:0x7fc00000 f20:0x7fc00000 f25=0x7fc00000
     184765.000 ns	     18475	80003fd8	025b23b3	mulhsu	x7,x22,x5	 x22:0x00000000  x5:0x03ce3be6  x7=0x00000000
     184795.000 ns	     18478	80003fdc	03cc1533	mulh	x10,x24,x28	 x24:0x00000000 x28:0xb7eabeb8 x10=0x00000000
     184825.000 ns	     18481	80003fe0	a057a653	feq.s	x12,f15,f5	 f15:0x00000000  f5:0xcfc00206 x12=0x00000000
     184855.000 ns	     18484	80003fe4	21ee92d3	fsgnjn.s	f5,f29,f30	 f29:0x00000000 f30:0x7e34b4b6  f5=0x80000000
     184885.000 ns	     18487	80003fe8	0211eab3	rem	x21,x3,x1	  x3:0x00000000  x1:0x00000000 x21=0x00000000
     184925.000 ns	     18491	80003fec	19fff653	fdiv.s	f12,f31,f31	 f31:0x00000000 f31:0x00000000 f12=0x7fc00000
     184975.000 ns	     18496	80003ff0	097e0f53	fsub.s	f30,f28,f23	 f28:0x00000000 f23:0xcfc00206 f30=0x4fc00206
     184995.000 ns	     18498	80003ff4	dc078e13	addi	x28,x15,-576	 x15:0x03ce3be6 x28=0x03ce39a6
     185005.000 ns	     18499	80003ff8	0038d113	srli	x2,x17,0x3	 x17:0x00000001  x2=0x00000000
     185015.000 ns	     18500	80003ffc	0119f533	and	x10,x19,x17	 x19:0xfc31c41b x17:0x00000001 x10=0x00000001
     185025.000 ns	     18501	80004000	0117d2b3	srl	x5,x15,x17	 x15:0x03ce3be6 x17:0x00000001  x5=0x01e71df3
     185045.000 ns	     18503	80004004	a1ac0cd3	fle.s	x25,f24,f26	 f24:0x41350461 f26:0x7fc00000 x25=0x00000000
     185065.000 ns	     18505	80004008	00000013	addi	x0,x0,0	  x0:0x00000000
     185085.000 ns	     18507	8000400c	e0051c53	fclass.s	x24,f10	 f10:0x7fc00000 x24=0x00000200
     185115.000 ns	     18510	80004010	c015fe53	fcvt.wu.s	x28,f11	 f11:0x4f00040f x28=0x80040f00
     185135.000 ns	     18512	80004014	5dfb4093	xori	x1,x22,1503	 x22:0x00000000  x1=0x000005df
     185155.000 ns	     18514	80004018	a0d8ac53	feq.s	x24,f17,f13	 f17:0x7f800000 f13:0xff800000 x24=0x00000000
     185185.000 ns	     18517	8000401c	29e78a53	fmin.s	f20,f15,f30	 f15:0x00000000 f30:0x4fc00206 f20=0x00000000
     185215.000 ns	     18520	80004020	02e10333	mul	x6,x2,x14	  x2:0x00000000 x14:0x00000000  x6=0x00000000
     185235.000 ns	     18522	80004024	14996c13	ori	x24,x18,329	 x18:0xffffffff x24=0xffffffff
     185255.000 ns	     18524	80004028	02e66b33	rem	x22,x12,x14	 x12:0x00000000 x14:0x00000000 x22=0x00000000
     185285.000 ns	     18527	8000402c	21e491d3	fsgnjn.s	f3,f9,f30	  f9:0x7fc00000 f30:0x4fc00206  f3=0xffc00000
     185315.000 ns	     18530	80004030	e0038853	fmv.x.w	x16,f7	  f7:0x7fc00000 x16=0x7fc00000
     185345.000 ns	     18533	80004034	024c66b3	rem	x13,x24,x4	 x24:0xffffffff  x4:0x00000000 x13=0xffffffff
     185365.000 ns	     18535	80004038	01576b33	or	x22,x14,x21	 x14:0x00000000 x21:0x00000000 x22=0x00000000
     185385.000 ns	     18537	8000403c	29779953	fmax.s	f18,f15,f23	 f15:0x00000000 f23:0xcfc00206 f18=0x00000000
     185415.000 ns	     18540	80004040	20b12a53	fsgnjx.s	f20,f2,f11	  f2:0x4eb0941d f11:0x4f00040f f20=0x4eb0941d
     185435.000 ns	     18542	80004044	00949e13	slli	x28,x9,0x9	  x9:0xcf800207 x28=0x00040e00
     185455.000 ns	     18544	80004048	02e71833	mulh	x16,x14,x14	 x14:0x00000000 x14:0x00000000 x16=0x00000000
     185485.000 ns	     18547	8000404c	e0050153	fmv.x.w	x2,f10	 f10:0x7fc00000  x2=0x7fc00000
     185515.000 ns	     18550	80004050	d0009d53	fcvt.s.w	f26,x1	  x1:0x000005df f26=0x44bbe000
     185545.000 ns	     18553	80004054	d001f4d3	fcvt.s.w	f9,x3	  x3:0x00000000  f9=0x00000000
     185565.000 ns	     18555	80004058	01c0c7b3	xor	x15,x1,x28	  x1:0x000005df x28:0x00040e00 x15=0x00040bdf
     185575.000 ns	     18556	8000405c	41a8d593	srai	x11,x17,0x1a	 x17:0x00000001 x11=0x00000000
     185595.000 ns	     18558	80004060	29a18353	fmin.s	f6,f3,f26	  f3:0xffc00000 f26:0x44bbe000  f6=0x44bbe000
     185615.000 ns	     18560	80004064	9619e713	ori	x14,x19,-1695	 x19:0xfc31c41b x14=0xfffffd7b
     185635.000 ns	     18562	80004068	c01ea953	fcvt.wu.s	x18,f29	 f29:0x00000000 x18=0x00000000
     186005.000 ns	     18599	8000406c	0377d033	divu	x0,x15,x23	 x15:0x00040bdf x23:0xfc31c41b
     186035.000 ns	     18602	80004070	0369dbb3	divu	x23,x19,x22	 x19:0xfc31c41b x22:0x00000000 x23=0xffffffff
     186065.000 ns	     18605	80004074	c0060bd3	fcvt.w.s	x23,f12	 f12:0x7fc00000 x23=0x7fffffff
     186095.000 ns	     18608	80004078	28af9ad3	fmax.s	f21,f31,f10	 f31:0x00000000 f10:0x7fc00000 f21=0x00000000
     186115.000 ns	     18610	8000407c	01da83b3	add	x7,x21,x29	 x21:0x00000000 x29:0x00000010  x7=0x00000010
     186125.000 ns	     18611	80004080	00000013	addi	x0,x0,0	  x0:0x00000000
     186155.000 ns	     18614	80004084	19a0add3	fdiv.s	f27,f1,f26	  f1:0xffc00000 f26:0x44bbe000 f27=0x7fc00000
     186185.000 ns	     18617	80004088	d0050053	fcvt.s.w	f0,x10	 x10:0x00000001  f0=0x3f800000
     186205.000 ns	     18619	8000408c	7d538597	auipc	x11,0x7d538	 x11=0xfd53c08c
     186565.000 ns	     18655	80004090	0384c0b3	div	x1,x9,x24	  x9:0xcf800207 x24:0xffffffff  x1=0x307ffdf9
     186585.000 ns	     18657	80004094	00000013	addi	x0,x0,0	  x0:0x00000000
     186615.000 ns	     18660	80004098	1188fad3	fmul.s	f21,f17,f24	 f17:0x7f800000 f24:0x41350461 f21=0x7f800000
     186635.000 ns	     18662	8000409c	1047fc93	andi	x25,x15,260	 x15:0x00040bdf x25=0x00000104
     186655.000 ns	     18664	800040a0	02d40433	mul	x8,x8,x13	  x8:0x00000000 x13:0xffffffff  x8=0x00000000
     186705.000 ns	     18669	800040a4	09dd3453	fsub.s	f8,f26,f29	 f26:0x44bbe000 f29:0x00000000  f8=0x44bbe000
     186735.000 ns	     18672	800040a8	a10e81d3	fle.s	x3,f29,f16	 f29:0x00000000 f16:0xcf800207  x3=0x00000000
     186765.000 ns	     18675	800040ac	285b0cd3	fmin.s	f25,f22,f5	 f22:0x00000000  f5:0x80000000 f25=0x80000000
     186785.000 ns	     18677	800040b0	fcf77513	andi	x10,x14,-49	 x14:0xfffffd7b x10=0xfffffd4b
     186805.000 ns	     18679	800040b4	03c9afb3	mulhsu	x31,x19,x28	 x19:0xfc31c41b x28:0x00040e00 x31=0xfffff091
     186835.000 ns	     18682	800040b8	f00a8753	fmv.w.x	f14,x21	 x21:0x00000000 f14=0x00000000
     186855.000 ns	     18684	800040bc	41bb8633	sub	x12,x23,x27	 x23:0x7fffffff x27:0x80041024 x12=0xfffbefdb
     186865.000 ns	     18685	800040c0	01a67d33	and	x26,x12,x26	 x12:0x00000000 x26:0x00000000 x26=0x00000000
     186875.000 ns	     18686	800040c4	9b050713	addi	x14,x10,-1616	 x10:0xfffffd4b x14=0xfffff6fb
     186895.000 ns	     18688	800040c8	028332b3	mulhu	x5,x6,x8	  x6:0x00000000  x8:0x00000000  x5=0x00000000
     186925.000 ns	     18691	800040cc	033fa3b3	mulhsu	x7,x31,x19	 x31:0xfffff091 x19:0xfc31c41b  x7=0xfffff0cb
     186945.000 ns	     18693	800040d0	00f068b3	or	x17,x0,x15	  x0:0x00000000 x15:0x00040bdf x17=0x00040bdf
     187305.000 ns	     18729	800040d4	02e258b3	divu	x17,x4,x14	  x4:0x00000000 x14:0xfffff6fb x17=0x00000000
     187335.000 ns	     18732	800040d8	29d68453	fmin.s	f8,f13,f29	 f13:0xff800000 f29:0x00000000  f8=0xff800000
     187365.000 ns	     18735	800040dc	208ba4d3	fsgnjx.s	f9,f23,f8	 f23:0xcfc00206  f8:0x44bbe000  f9=0x4fc00206
     187385.000 ns	     18737	800040e0	00000013	addi	x0,x0,0	  x0:0x00000000
     187405.000 ns	     18739	800040e4	29b71453	fmax.s	f8,f14,f27	 f14:0x00000000 f27:0x7fc00000  f8=0x00000000
     187425.000 ns	     18741	800040e8	410e5193	srai	x3,x28,0x10	 x28:0x00040e00  x3=0x00000004
     187435.000 ns	     18742	800040ec	b7693e13	sltiu	x28,x18,-1162	 x18:0x00000000 x28=0x00000001
     187795.000 ns	     18778	800040f0	023fc833	div	x16,x31,x3	 x31:0xfffff091  x3:0x00000000 x16=0xfffffc25
     187815.000 ns	     18780	800040f4	e7956c97	auipc	x25,0xe7956	 x25=0x6795a0f4
     188985.000 ns	     18897	800040f8	58058c53	fsqrt.s	f24,f11	 f11:0x4f00040f f24=0x46b50a40
     189005.000 ns	     18899	800040fc	018487b3	add	x15,x9,x24	  x9:0xcf800207 x24:0xffffffff x15=0xcf800206
     189015.000 ns	     18900	80004100	e95e3813	sltiu	x16,x28,-363	 x28:0x00000001 x16=0x00000001
     189035.000 ns	     18902	80004104	02836833	rem	x16,x6,x8	  x6:0x00000000  x8:0x00000000 x16=0x00000000
     189075.000 ns	     18906	80004108	188fc5d3	fdiv.s	f11,f31,f8	 f31:0x00000000  f8:0x00000000 f11=0x7fc00000
     189105.000 ns	     18909	8000410c	c00007d3	fcvt.w.s	x15,f0	  f0:0x3f800000 x15=0x00000001
     189135.000 ns	     18912	80004110	c01af053	fcvt.wu.s	x0,f21	 f21:0x7f800000
     189165.000 ns	     18915	80004114	c012b853	fcvt.wu.s	x16,f5	  f5:0x80000000 x16=0x00000000
     189535.000 ns	     18952	80004118	033dc6b3	div	x13,x27,x19	 x27:0x80041024 x19:0xfc31c41b x13=0x00000021
     189555.000 ns	     18954	8000411c	00c257b3	srl	x15,x4,x12	  x4:0x00000000 x12:0xfffbefdb x15=0x00000000
     189565.000 ns	     18955	80004120	6368ff93	andi	x31,x17,1590	 x17:0x00000000 x31=0x00000000
     189575.000 ns	     18956	80004124	871b7893	andi	x17,x22,-1935	 x22:0x00000000 x17=0x00000000
     189935.000 ns	     18992	80004128	02ae5cb3	divu	x25,x28,x10	 x28:0x00000001 x10:0xfffffd4b x25=0x00000000
     189965.000 ns	     18995	8000412c	027a1533	mulh	x10,x20,x7	 x20:0x80040fe4  x7:0xfffff0cb x10=0x0000079a
     189995.000 ns	     18998	80004130	037a26b3	mulhsu	x13,x20,x23	 x20:0x80040fe4 x23:0x7fffffff x13=0xc00207f2
     190015.000 ns	     19000	80004134	0000d333	srl	x6,x1,x0	  x1:0x307ffdf9  x0:0x00000000  x6=0x307ffdf9
     190035.000 ns	     19002	80004138	03f7f333	remu	x6,x15,x31	 x15:0x00000000 x31:0x00000000  x6=0x00000000
     190075.000 ns	     19006	8000413c	18eaf9d3	fdiv.s	f19,f21,f14	 f21:0x7f800000 f14:0x00000000 f19=0x7f800000
     190095.000 ns	     19008	80004140	01f67ab3	and	x21,x12,x31	 x12:0xfffbefdb x31:0x00000000 x21=0x00000000
     190105.000 ns	     19009	80004144	009dc4b3	xor	x9,x27,x9	 x27:0x80041024  x9:0xcf800207  x9=0x4f841223
     190125.000 ns	     19011	80004148	a0ca85d3	fle.s	x11,f21,f12	 f21:0x7f800000 f12:0x7fc00000 x11=0x00000000
     190145.000 ns	     19013	8000414c	013fbf33	sltu	x30,x31,x19	 x31:0x00000000 x19:0xfc31c41b x30=0x00000001
     190165.000 ns	     19015	80004150	e00f93d3	fclass.s	x7,f31	 f31:0x00000000  x7=0x00000010
     190195.000 ns	     19018	80004154	219f1ed3	fsgnjn.s	f29,f30,f25	 f30:0x4fc00206 f25:0x80000000 f29=0x4fc00206
     190215.000 ns	     19020	80004158	00c79d13	slli	x26,x15,0xc	 x15:0x00000000 x26=0x00000000
     190235.000 ns	     19022	8000415c	03869233	mulh	x4,x13,x24	 x13:0xc00207f2 x24:0xffffffff  x4=0x00000000
     190255.000 ns	     19024	80004160	60a3bf93	sltiu	x31,x7,1546	  x7:0x00000010 x31=0x00000001
     190275.000 ns	     19026	80004164	d017f5d3	fcvt.s.wu	f11,x15	 x15:0x00000000 f11=0x00000000
     190295.000 ns	     19028	80004168	01345333	srl	x6,x8,x19	  x8:0x00000000 x19:0xfc31c41b  x6=0x00000000
     190305.000 ns	     19029	8000416c	00b2a1b3	slt	x3,x5,x11	  x5:0x00000000 x11:0x00000000  x3=0x00000000
     190325.000 ns	     19031	80004170	28740fd3	fmin.s	f31,f8,f7	  f8:0x00000000  f7:0x7fc00000 f31=0x00000000
     190345.000 ns	     19033	80004174	7348ff37	lui	x30,0x7348f	 x30=0x7348f000
     190365.000 ns	     19035	80004178	c013f553	fcvt.wu.s	x10,f7	  f7:0x7fc00000 x10=0xffffffff
     190395.000 ns	     19038	8000417c	d018f053	fcvt.s.wu	f0,x17	 x17:0x00000000  f0=0x00000000
     190765.000 ns	     19075	80004180	022656b3	divu	x13,x12,x2	 x12:0xfffbefdb  x2:0x7fc00000 x13=0x00000002
     190785.000 ns	     19077	80004184	620ea513	slti	x10,x29,1568	 x29:0x00000010 x10=0x00000001
     191145.000 ns	     19113	80004188	03bff133	remu	x2,x31,x27	 x31:0x00000001 x27:0x80041024  x2=0x00000001
     191175.000 ns	     19116	8000418c	0316d233	divu	x4,x13,x17	 x13:0x00000002 x17:0x00000000  x4=0xffffffff
     191205.000 ns	     19119	80004190	03c7a5b3	mulhsu	x11,x15,x28	 x15:0x00000000 x28:0x00000001 x11=0x00000000
     191235.000 ns	     19122	80004194	20b4ad53	fsgnjx.s	f26,f9,f11	  f9:0x4fc00206 f11:0x00000000 f26=0x4fc00206
     191275.000 ns	     19126	80004198	108118d3	fmul.s	f17,f2,f8	  f2:0x4eb0941d  f8:0x00000000 f17=0x00000000
     191295.000 ns	     19128	8000419c	017e77b3	and	x15,x28,x23	 x28:0x00000001 x23:0x7fffffff x15=0x00000001
     191305.000 ns	     19129	800041a0	038d02b7	lui	x5,0x38d0	  x5=0x038d0000
     191325.000 ns	     19131	800041a4	022c98b3	mulh	x17,x25,x2	 x25:0x00000000  x2:0x00000001 x17=0x00000000
     191695.000 ns	     19168	800041a8	02f5e4b3	rem	x9,x11,x15	 x11:0x00000000 x15:0x00000001  x9=0x00000000
     191725.000 ns	     19171	800041ac	28e39753	fmax.s	f14,f7,f14	  f7:0x7fc00000 f14:0x00000000 f14=0x00000000
     191745.000 ns	     19173	800041b0	01053bb3	sltu	x23,x10,x16	 x10:0x00000001 x16:0x00000000 x23=0x00000000
     191765.000 ns	     19175	800041b4	29e00fd3	fmin.s	f31,f0,f30	  f0:0x00000000 f30:0x4fc00206 f31=0x00000000
     191785.000 ns	     19177	800041b8	0112af33	slt	x30,x5,x17	  x5:0x038d0000 x17:0x00000000 x30=0x00000000
     191805.000 ns	     19179	800041bc	291394d3	fmax.s	f9,f7,f17	  f7:0x7fc00000 f17:0x00000000  f9=0x00000000
     191835.000 ns	     19182	800041c0	029c8f33	mul	x30,x25,x9	 x25:0x00000000  x9:0x00000000 x30=0x00000000
     191885.000 ns	     19187	800041c4	0935c353	fsub.s	f6,f11,f19	 f11:0x00000000 f19:0x7f800000  f6=0xff800000
     192255.000 ns	     19224	800041c8	03f06333	rem	x6,x0,x31	  x0:0x00000000 x31:0x00000001  x6=0x00000000
     192285.000 ns	     19227	800041cc	e00908d3	fmv.x.w	x17,f18	 f18:0x00000000 x17=0x00000000
     192305.000 ns	     19229	800041d0	8d483893	sltiu	x17,x16,-1836	 x16:0x00000000 x17=0x00000001
     192325.000 ns	     19231	800041d4	02963333	mulhu	x6,x12,x9	 x12:0xfffbefdb  x9:0x00000000  x6=0x00000000
     192355.000 ns	     19234	800041d8	e0060bd3	fmv.x.w	x23,f12	 f12:0x7fc00000 x23=0x7fc00000
     192375.000 ns	     19236	800041dc	40e45533	sra	x10,x8,x14	  x8:0x00000000 x14:0xfffff6fb x10=0x00000000
     192385.000 ns	     19237	800041e0	0055c4b3	xor	x9,x11,x5	 x11:0x00000000  x5:0x038d0000  x9=0x038d0000
     192405.000 ns	     19239	800041e4	e0091ad3	fclass.s	x21,f18	 f18:0x00000000 x21=0x00000010
     192775.000 ns	     19276	800041e8	03bff333	remu	x6,x31,x27	 x31:0x00000001 x27:0x80041024  x6=0x00000001
     192795.000 ns	     19278	800041ec	469bf517	auipc	x10,0x469bf	 x10=0xc69c31ec
     192805.000 ns	     19279	800041f0	008c50b3	srl	x1,x24,x8	 x24:0xffffffff  x8:0x00000000  x1=0xffffffff
     192835.000 ns	     19282	800041f4	1998f4d3	fdiv.s	f9,f17,f25	 f17:0x00000000 f25:0x80000000  f9=0x7fc00000
     192855.000 ns	     19284	800041f8	00dbd2b3	srl	x5,x23,x13	 x23:0x7fc00000 x13:0x00000002  x5=0x1ff00000
     193215.000 ns	     19320	800041fc	027deb33	rem	x22,x27,x7	 x27:0x80041024  x7:0x00000010 x22=0xfffffff4
     193585.000 ns	     19357	80004200	037ee7b3	rem	x15,x29,x23	 x29:0x00000010 x23:0x7fc00000 x15=0x00000010
     193605.000 ns	     19359	80004204	003dd493	srli	x9,x27,0x3	 x27:0x80041024  x9=0x10008204
     193625.000 ns	     19361	80004208	e00b8453	fmv.x.w	x8,f23	 f23:0xcfc00206  x8=0xcfc00206
     193655.000 ns	     19364	8000420c	208d99d3	fsgnjn.s	f19,f27,f8	 f27:0x7fc00000  f8:0x00000000 f19=0xffc00000
     193675.000 ns	     19366	80004210	00000013	addi	x0,x0,0	  x0:0x00000000
     193685.000 ns	     19367	80004214	da4c3793	sltiu	x15,x24,-604	 x24:0xffffffff x15=0x00000000
     193695.000 ns	     19368	80004218	00c49793	slli	x15,x9,0xc	  x9:0x10008204 x15=0x08204000
     193715.000 ns	     19370	8000421c	c0047e53	fcvt.w.s	x28,f8	  f8:0x00000000 x28=0x00000000
     193745.000 ns	     19373	80004220	20489c53	fsgnjn.s	f24,f17,f4	 f17:0x00000000  f4:0x4f7ffffe f24=0x80000000
     193765.000 ns	     19375	80004224	d2d1e713	ori	x14,x3,-723	  x3:0x00000000 x14=0xfffffd2d
     193785.000 ns	     19377	80004228	021112b3	mulh	x5,x2,x1	  x2:0x00000001  x1:0xffffffff  x5=0xffffffff
     193805.000 ns	     19379	8000422c	00721433	sll	x8,x4,x7	  x4:0xffffffff  x7:0x00000010  x8=0xffff0000
     193825.000 ns	     19381	80004230	c00d72d3	fcvt.w.s	x5,f26	 f26:0x4fc00206  x5=0x7fffffff
     193845.000 ns	     19383	80004234	0b14b813	sltiu	x16,x9,177	  x9:0x10008204 x16=0x00000000
     193855.000 ns	     19384	80004238	37263e97	auipc	x29,0x37263	 x29=0xb7267238
     193865.000 ns	     19385	8000423c	01a6dc13	srli	x24,x13,0x1a	 x13:0x00000002 x24=0x00000000
     193885.000 ns	     19387	80004240	a086a1d3	feq.s	x3,f13,f8	 f13:0xff800000  f8:0x00000000  x3=0x00000000
     193905.000 ns	     19389	80004244	0087b7b3	sltu	x15,x15,x8	 x15:0x08204000  x8:0xffff0000 x15=0x00000001
     193915.000 ns	     19390	80004248	e5baa293	slti	x5,x21,-421	 x21:0x00000010  x5=0x00000000
     193925.000 ns	     19391	8000424c	0046c8b3	xor	x17,x13,x4	 x13:0x00000002  x4:0xffffffff x17=0xfffffffd
     193935.000 ns	     19392	80004250	c617ca93	xori	x21,x15,-927	 x15:0x00000001 x21=0xfffffc60
     193975.000 ns	     19396	80004254	0056fa53	fadd.s	f20,f13,f5	 f13:0xff800000  f5:0x80000000 f20=0xff800000
     194025.000 ns	     19401	80004258	00b078d3	fadd.s	f17,f0,f11	  f0:0x00000000 f11:0x00000000 f17=0x00000000
     194045.000 ns	     19403	8000425c	413bd0b3	sra	x1,x23,x19	 x23:0x7fc00000 x19:0xfc31c41b  x1=0x0000000f
     194065.000 ns	     19405	80004260	02e716b3	mulh	x13,x14,x14	 x14:0xfffffd2d x14:0xfffffd2d x13=0x00000000
     194095.000 ns	     19408	80004264	a10604d3	fle.s	x9,f12,f16	 f12:0x7fc00000 f16:0xcf800207  x9=0x00000000
     194125.000 ns	     19411	80004268	0227aab3	mulhsu	x21,x15,x2	 x15:0x00000001  x2:0x00000001 x21=0x00000000
     194155.000 ns	     19414	8000426c	02723eb3	mulhu	x29,x4,x7	  x4:0xffffffff  x7:0x00000010 x29=0x0000000f
     194185.000 ns	     19417	80004270	02cb9433	mulh	x8,x23,x12	 x23:0x7fc00000 x12:0xfffbefdb  x8=0xfffdf8f1
     194215.000 ns	     19420	80004274	218f0253	fsgnj.s	f4,f30,f24	 f30:0x4fc00206 f24:0x80000000  f4=0xcfc00206
     194235.000 ns	     19422	80004278	0150f833	and	x16,x1,x21	  x1:0x0000000f x21:0x00000000 x16=0x00000000
     194255.000 ns	     19424	8000427c	02b6eb33	rem	x22,x13,x11	 x13:0x00000000 x11:0x00000000 x22=0x00000000
     194275.000 ns	     19426	80004280	40bd8d33	sub	x26,x27,x11	 x27:0x80041024 x11:0x00000000 x26=0x80041024
     194285.000 ns	     19427	80004284	41375613	srai	x12,x14,0x13	 x14:0xfffffd2d x12=0xffffffff
     194315.000 ns	     19430	80004288	1970cad3	fdiv.s	f21,f1,f23	  f1:0xffc00000 f23:0xcfc00206 f21=0x7fc00000
     194345.000 ns	     19433	8000428c	f0058ad3	fmv.w.x	f21,x11	 x11:0x00000000 f21=0x00000000
     194375.000 ns	     19436	80004290	03e3c133	div	x2,x7,x30	  x7:0x00000010 x30:0x00000000  x2=0xffffffff
     194405.000 ns	     19439	80004294	e0061653	fclass.s	x12,f12	 f12:0x7fc00000 x12=0x00000200
     194435.000 ns	     19442	80004298	a06411d3	flt.s	x3,f8,f6	  f8:0x00000000  f6:0xff800000  x3=0x00000000
     194455.000 ns	     19444	8000429c	2015aa93	slti	x21,x11,513	 x11:0x00000000 x21=0x00000001
     194465.000 ns	     19445	800042a0	00e52933	slt	x18,x10,x14	 x10:0xc69c31ec x14:0xfffffd2d x18=0x00000001
     194485.000 ns	     19447	800042a4	02d00fb3	mul	x31,x0,x13	  x0:0x00000000 x13:0x00000000 x31=0x00000000
     194505.000 ns	     19449	800042a8	01d47cb3	and	x25,x8,x29	  x8:0xfffdf8f1 x29:0x0000000f x25=0x00000001
     194525.000 ns	     19451	800042ac	02068733	mul	x14,x13,x0	 x13:0x00000000  x0:0x00000000 x14=0x00000000
     194545.000 ns	     19453	800042b0	40b9d013	srai	x0,x19,0xb	 x19:0xfc31c41b
     194585.000 ns	     19457	800042b4	083c25d3	fsub.s	f11,f24,f3	 f24:0x80000000  f3:0xffc00000 f11=0x7fc00000
     194605.000 ns	     19459	800042b8	356bff13	andi	x30,x23,854	 x23:0x7fc00000 x30=0x00000000
     194615.000 ns	     19460	800042bc	273ab413	sltiu	x8,x21,627	 x21:0x00000001  x8=0x00000001
     194635.000 ns	     19462	800042c0	0382d8b3	divu	x17,x5,x24	  x5:0x00000000 x24:0x00000000 x17=0xffffffff
     194665.000 ns	     19465	800042c4	a16e20d3	feq.s	x1,f28,f22	 f28:0x00000000 f22:0x00000000  x1=0x00000001
     194685.000 ns	     19467	800042c8	bff77213	andi	x4,x14,-1025	 x14:0x00000000  x4=0x00000000
     194705.000 ns	     19469	800042cc	03130533	mul	x10,x6,x17	  x6:0x00000001 x17:0xffffffff x10=0xffffffff
     194755.000 ns	     19474	800042d0	01d2fcd3	fadd.s	f25,f5,f29	  f5:0x80000000 f29:0x4fc00206 f25=0x4fc00206
     194785.000 ns	     19477	800042d4	a1422853	feq.s	x16,f4,f20	  f4:0xcfc00206 f20:0xff800000 x16=0x00000000
     194815.000 ns	     19480	800042d8	289c11d3	fmax.s	f3,f24,f9	 f24:0x80000000  f9:0x7fc00000  f3=0x80000000
     194835.000 ns	     19482	800042dc	00da05b3	add	x11,x20,x13	 x20:0x80040fe4 x13:0x00000000 x11=0x80040fe4
     194855.000 ns	     19484	800042e0	a14221d3	feq.s	x3,f4,f20	  f4:0xcfc00206 f20:0xff800000  x3=0x00000000
     194885.000 ns	     19487	800042e4	c00b7c53	fcvt.w.s	x24,f22	 f22:0x00000000 x24=0x00000000
     194905.000 ns	     19489	800042e8	00000013	addi	x0,x0,0	  x0:0x00000000
     194925.000 ns	     19491	800042ec	e0061653	fclass.s	x12,f12	 f12:0x7fc00000 x12=0x00000200
     194945.000 ns	     19493	800042f0	006887b3	add	x15,x17,x6	 x17:0xffffffff  x6:0x00000001 x15=0x00000000
     194955.000 ns	     19494	800042f4	811a7613	andi	x12,x20,-2031	 x20:0x80040fe4 x12=0x80040800
     194965.000 ns	     19495	800042f8	01651e33	sll	x28,x10,x22	 x10:0xffffffff x22:0x00000000 x28=0xffffffff
     194985.000 ns	     19497	800042fc	d0167c53	fcvt.s.wu	f24,x12	 x12:0x00000200 f24=0x4f000408
     195005.000 ns	     19499	80004300	01bf1133	sll	x2,x30,x27	 x30:0x00000000 x27:0x80041024  x2=0x00000000
     195025.000 ns	     19501	80004304	032122b3	mulhsu	x5,x2,x18	  x2:0xffffffff x18:0x00000001  x5=0x00000000
     195045.000 ns	     19503	80004308	00d29f93	slli	x31,x5,0xd	  x5:0x00000000 x31=0x00000000
     195055.000 ns	     19504	8000430c	c9368193	addi	x3,x13,-877	 x13:0x00000000  x3=0xfffffc93
     195075.000 ns	     19506	80004310	a16d9fd3	flt.s	x31,f27,f22	 f27:0x7fc00000 f22:0x00000000 x31=0x00000000
     195095.000 ns	     19508	80004314	70158693	addi	x13,x11,1793	 x11:0x80040fe4 x13=0x800416e5
     195105.000 ns	     19509	80004318	408c5013	srai	x0,x24,0x8	 x24:0x00000000
     195115.000 ns	     19510	8000431c	ffd8cb13	xori	x22,x17,-3	 x17:0xffffffff x22=0x00000002
     195135.000 ns	     19512	80004320	028c1cb3	mulh	x25,x24,x8	 x24:0x00000000  x8:0x00000001 x25=0x00000000
     195165.000 ns	     19515	80004324	20f10e53	fsgnj.s	f28,f2,f15	  f2:0x4eb0941d f15:0x00000000 f28=0x4eb0941d
     195185.000 ns	     19517	80004328	01256033	or	x0,x10,x18	 x10:0xffffffff x18:0x00000001
     195215.000 ns	     19520	8000432c	18e50fd3	fdiv.s	f31,f10,f14	 f10:0x7fc00000 f14:0x00000000 f31=0x7fc00000
     195235.000 ns	     19522	80004330	00fddfb3	srl	x31,x27,x15	 x27:0x80041024 x15:0x00000000 x31=0x80041024
     195255.000 ns	     19524	80004334	0257feb3	remu	x29,x15,x5	 x15:0x00000000  x5:0x00000000 x29=0x00000000
     195275.000 ns	     19526	80004338	00be7133	and	x2,x28,x11	 x28:0xffffffff x11:0x80040fe4  x2=0x80040fe4
     195285.000 ns	     19527	8000433c	5f348f13	addi	x30,x9,1523	  x9:0x00000000 x30=0x000005f3
     195295.000 ns	     19528	80004340	00000013	addi	x0,x0,0	  x0:0x00000000
     195325.000 ns	     19531	80004344	5800fdd3	fsqrt.s	f27,f1	  f1:0xffc00000 f27=0x7fc00000
     195355.000 ns	     19534	80004348	0355a5b3	mulhsu	x11,x11,x21	 x11:0x80040fe4 x21:0x00000001 x11=0xffffffff
     195385.000 ns	     19537	8000434c	02a1a3b3	mulhsu	x7,x3,x10	  x3:0xfffffc93 x10:0xffffffff  x7=0xfffffc93
     195415.000 ns	     19540	80004350	024174b3	remu	x9,x2,x4	  x2:0x80040fe4  x4:0x00000000  x9=0x80040fe4
     195445.000 ns	     19543	80004354	039f2fb3	mulhsu	x31,x30,x25	 x30:0x000005f3 x25:0x00000000 x31=0x00000000
     195465.000 ns	     19545	80004358	009e24b3	slt	x9,x28,x9	 x28:0xffffffff  x9:0x80040fe4  x9=0x00000000
     195495.000 ns	     19548	8000435c	1168ced3	fmul.s	f29,f17,f22	 f17:0x00000000 f22:0x00000000 f29=0x00000000
     195515.000 ns	     19550	80004360	01bddfb3	srl	x31,x27,x27	 x27:0x80041024 x27:0x80041024 x31=0x08004102
     195535.000 ns	     19552	80004364	c017fd53	fcvt.wu.s	x26,f15	 f15:0x00000000 x26=0x00000000
     195555.000 ns	     19554	80004368	7cfd67b7	lui	x15,0x7cfd6	 x15=0x7cfd6000
     195575.000 ns	     19556	8000436c	28350b53	fmin.s	f22,f10,f3	 f10:0x7fc00000  f3:0x80000000 f22=0x80000000
     195605.000 ns	     19559	80004370	c0021553	fcvt.w.s	x10,f4	  f4:0xcfc00206 x10=0x80000000
     195625.000 ns	     19561	80004374	40cb56b3	sra	x13,x22,x12	 x22:0x00000002 x12:0x80040800 x13=0x00000002
     196795.000 ns	     19678	80004378	58017e53	fsqrt.s	f28,f2	  f2:0x4eb0941d f28=0x471656e5
     196815.000 ns	     19680	8000437c	00000013	addi	x0,x0,0	  x0:0x00000000
     196835.000 ns	     19682	80004380	027b2433	mulhsu	x8,x22,x7	 x22:0x00000002  x7:0xfffffc93  x8=0x00000001
     196865.000 ns	     19685	80004384	d011fe53	fcvt.s.wu	f28,x3	  x3:0xfffffc93 f28=0x4f7ffffc
     196885.000 ns	     19687	80004388	00b8bd33	sltu	x26,x17,x11	 x17:0xffffffff x11:0xffffffff x26=0x00000000
     196905.000 ns	     19689	8000438c	02fa2eb3	mulhsu	x29,x20,x15	 x20:0x80040fe4 x15:0x7cfd6000 x29=0xc1834bb7
     196925.000 ns	     19691	80004390	00e0feb3	and	x29,x1,x14	  x1:0x00000001 x14:0x00000000 x29=0x00000000
     196945.000 ns	     19693	80004394	021126b3	mulhsu	x13,x2,x1	  x2:0x80040fe4  x1:0x00000001 x13=0xffffffff
     196975.000 ns	     19696	80004398	a18a0c53	fle.s	x24,f20,f24	 f20:0xff800000 f24:0x4f000408 x24=0x00000001
     197345.000 ns	     19733	8000439c	027b61b3	rem	x3,x22,x7	 x22:0x00000002  x7:0xfffffc93  x3=0x00000002
     197375.000 ns	     19736	800043a0	200c1ed3	fsgnjn.s	f29,f24,f0	 f24:0x4f000408  f0:0x00000000 f29=0xcf000408
     197745.000 ns	     19773	800043a4	023dd3b3	divu	x7,x27,x3	 x27:0x80041024  x3:0x00000002  x7=0x40020812
     197775.000 ns	     19776	800043a8	025d0b33	mul	x22,x26,x5	 x26:0x00000000  x5:0x00000000 x22=0x00000000
     197805.000 ns	     19779	800043ac	d01e8fd3	fcvt.s.wu	f31,x29	 x29:0x00000000 f31=0x00000000
     197835.000 ns	     19782	800043b0	a0862753	feq.s	x14,f12,f8	 f12:0x7fc00000  f8:0x00000000 x14=0x00000000
     197865.000 ns	     19785	800043b4	02451bb3	mulh	x23,x10,x4	 x10:0x80000000  x4:0x00000000 x23=0x00000000
     197885.000 ns	     19787	800043b8	000397b3	sll	x15,x7,x0	  x7:0x40020812  x0:0x00000000 x15=0x40020812
     197895.000 ns	     19788	800043bc	007080b3	add	x1,x1,x7	  x1:0x00000001  x7:0x40020812  x1=0x40020813
     198255.000 ns	     19824	800043c0	03c84933	div	x18,x16,x28	 x16:0x00000000 x28:0xffffffff x18=0x00000000
     198275.000 ns	     19826	800043c4	002af2b3	and	x5,x21,x2	 x21:0x00000001  x2:0x80040fe4  x5=0x00000000
     198305.000 ns	     19829	800043c8	580a3c53	fsqrt.s	f24,f20	 f20:0xff800000 f24=0x7fc00000
     198335.000 ns	     19832	800043cc	c0129853	fcvt.wu.s	x16,f5	  f5:0x80000000 x16=0x00000000
     198355.000 ns	     19834	800043d0	df903513	sltiu	x10,x0,-519	  x0:0x00000000 x10=0x00000001
     198715.000 ns	     19870	800043d4	02fc77b3	remu	x15,x24,x15	 x24:0x00000001 x15:0x40020812 x15=0x00000001
     199085.000 ns	     19907	800043d8	02f46d33	rem	x26,x8,x15	  x8:0x00000001 x15:0x40020812 x26=0x00000000
     199115.000 ns	     19910	800043dc	d01d7dd3	fcvt.s.wu	f27,x26	 x26:0x00000000 f27=0x00000000
     199145.000 ns	     19913	800043e0	03f02b33	mulhsu	x22,x0,x31	  x0:0x00000000 x31:0x08004102 x22=0x00000000
     199175.000 ns	     19916	800043e4	03d80333	mul	x6,x16,x29	 x16:0x00000000 x29:0x00000000  x6=0x00000000
     199205.000 ns	     19919	800043e8	a0ad8fd3	fle.s	x31,f27,f10	 f27:0x00000000 f10:0x7fc00000 x31=0x00000000
     199235.000 ns	     19922	800043ec	d01a34d3	fcvt.s.wu	f9,x20	 x20:0x80040fe4  f9=0x4f000410
     199255.000 ns	     19924	800043f0	5704d337	lui	x6,0x5704d	  x6=0x5704d000
     199285.000 ns	     19927	800043f4	195ff6d3	fdiv.s	f13,f31,f21	 f31:0x00000000 f21:0x00000000 f13=0x7fc00000
     199315.000 ns	     19930	800043f8	c0157e53	fcvt.wu.s	x28,f10	 f10:0x7fc00000 x28=0xffffffff
     199345.000 ns	     19933	800043fc	d012afd3	fcvt.s.wu	f31,x5	  x5:0x00000000 f31=0x00000000
     199375.000 ns	     19936	80004400	20bda553	fsgnjx.s	f10,f27,f11	 f27:0x00000000 f11:0x7fc00000 f10=0x00000000
     199405.000 ns	     19939	80004404	02d10633	mul	x12,x2,x13	  x2:0x80040fe4 x13:0xffffffff x12=0x7ffbf01c
     199435.000 ns	     19942	80004408	02060933	mul	x18,x12,x0	 x12:0x80040800  x0:0x00000000 x18=0x00000000
     199465.000 ns	     19945	8000440c	20129453	fsgnjn.s	f8,f5,f1	  f5:0x80000000  f1:0xffc00000  f8=0x00000000
     199485.000 ns	     19947	80004410	007f94b3	sll	x9,x31,x7	 x31:0x00000000  x7:0x40020812  x9=0x00000000
     199495.000 ns	     19948	80004414	00ec5f93	srli	x31,x24,0xe	 x24:0x00000001 x31=0x00000000
     199515.000 ns	     19950	80004418	03c28533	mul	x10,x5,x28	  x5:0x00000000 x28:0xffffffff x10=0x00000000
     199545.000 ns	     19953	8000441c	02408933	mul	x18,x1,x4	  x1:0x40020813  x4:0x00000000 x18=0x00000000
     199575.000 ns	     19956	80004420	295e82d3	fmin.s	f5,f29,f21	 f29:0xcf000408 f21:0x00000000  f5=0xcf000408
     199615.000 ns	     19960	80004424	10adf753	fmul.s	f14,f27,f10	 f27:0x00000000 f10:0x00000000 f14=0x00000000
     199645.000 ns	     19963	80004428	02222bb3	mulhsu	x23,x4,x2	  x4:0x00000000  x2:0x80040fe4 x23=0x00000000
     199695.000 ns	     19968	8000442c	092f4053	fsub.s	f0,f30,f18	 f30:0x4fc00206 f18:0x00000000  f0=0x4fc00206
     199725.000 ns	     19971	80004430	036bcfb3	div	x31,x23,x22	 x23:0x00000000 x22:0x00000000 x31=0xffffffff
     199745.000 ns	     19973	80004434	8f10c513	xori	x10,x1,-1807	  x1:0x40020813 x10=0xbffdf0e2
     199765.000 ns	     19975	80004438	a1f406d3	fle.s	x13,f8,f31	  f8:0x00000000 f31:0x00000000 x13=0x00000001
     199795.000 ns	     19978	8000443c	a021ac53	feq.s	x24,f3,f2	  f3:0x80000000  f2:0x4eb0941d x24=0x00000000
     199815.000 ns	     19980	80004440	015dd4b3	srl	x9,x27,x21	 x27:0x80041024 x21:0x00000001  x9=0x40020812
     199825.000 ns	     19981	80004444	91070493	addi	x9,x14,-1776	 x14:0x00000000  x9=0xfffff910
     199835.000 ns	     19982	80004448	00000013	addi	x0,x0,0	  x0:0x00000000
     199855.000 ns	     19984	8000444c	02baa3b3	mulhsu	x7,x21,x11	 x21:0x00000001 x11:0xffffffff  x7=0x00000000
     199885.000 ns	     19987	80004450	02c13933	mulhu	x18,x2,x12	  x2:0x80040fe4 x12:0x7ffbf01c x18=0x3fffffef
     199915.000 ns	     19990	80004454	d01f7a53	fcvt.s.wu	f20,x30	 x30:0x000005f3 f20=0x44be6000
     199945.000 ns	     19993	80004458	a06ea5d3	feq.s	x11,f29,f6	 f29:0xcf000408  f6:0xff800000 x11=0x00000000
     199995.000 ns	     19998	8000445c	08d2a053	fsub.s	f0,f5,f13	  f5:0xcf000408 f13:0x7fc00000  f0=0x7fc00000
     200015.000 ns	     20000	80004460	008200b3	add	x1,x4,x8	  x4:0x00000000  x8:0x00000001  x1=0x00000001
     200035.000 ns	     20002	80004464	a05017d3	flt.s	x15,f0,f5	  f0:0x7fc00000  f5:0xcf000408 x15=0x00000000
     200055.000 ns	     20004	80004468	33860713	addi	x14,x12,824	 x12:0x7ffbf01c x14=0x7ffbf354
     200075.000 ns	     20006	8000446c	f00789d3	fmv.w.x	f19,x15	 x15:0x00000000 f19=0x00000000
     200105.000 ns	     20009	80004470	21261f53	fsgnjn.s	f30,f12,f18	 f12:0x7fc00000 f18:0x00000000 f30=0xffc00000
     200125.000 ns	     20011	80004474	32516693	ori	x13,x2,805	  x2:0x80040fe4 x13=0x80040fe5
     200135.000 ns	     20012	80004478	016df7b3	and	x15,x27,x22	 x27:0x80041024 x22:0x00000000 x15=0x00000000
     200145.000 ns	     20013	8000447c	33600513	addi	x10,x0,822	  x0:0x00000000 x10=0x00000336
     200155.000 ns	     20014	80004480	00d817b3	sll	x15,x16,x13	 x16:0x00000000 x13:0x80040fe5 x15=0x00000000
     200165.000 ns	     20015	80004484	00001413	slli	x8,x0,0x0	  x0:0x00000000  x8=0x00000000
     200185.000 ns	     20017	80004488	03c31833	mulh	x16,x6,x28	  x6:0x5704d000 x28:0xffffffff x16=0xffffffff
     200215.000 ns	     20020	8000448c	f0010553	fmv.w.x	f10,x2	  x2:0x80040fe4 f10=0x80040fe4
     200235.000 ns	     20022	80004490	01dbaeb3	slt	x29,x23,x29	 x23:0x00000000 x29:0x00000000 x29=0x00000000
     200255.000 ns	     20024	80004494	03e898b3	mulh	x17,x17,x30	 x17:0xffffffff x30:0x000005f3 x17=0xffffffff
     200275.000 ns	     20026	80004498	0db1e493	ori	x9,x3,219	  x3:0x00000002  x9=0x000000db
     200295.000 ns	     20028	8000449c	287e97d3	fmax.s	f15,f29,f7	 f29:0xcf000408  f7:0x7fc00000 f15=0xcf000408
     200325.000 ns	     20031	800044a0	20a00b53	fsgnj.s	f22,f0,f10	  f0:0x7fc00000 f10:0x80040fe4 f22=0xffc00000
     200355.000 ns	     20034	800044a4	29279553	fmax.s	f10,f15,f18	 f15:0xcf000408 f18:0x00000000 f10=0x00000000
     200385.000 ns	     20037	800044a8	a0a621d3	feq.s	x3,f12,f10	 f12:0x7fc00000 f10:0x80040fe4  x3=0x00000000
     200405.000 ns	     20039	800044ac	00ba05b3	add	x11,x20,x11	 x20:0x80040fe4 x11:0x00000000 x11=0x80040fe4
     200425.000 ns	     20041	800044b0	a09e2853	feq.s	x16,f28,f9	 f28:0x4f7ffffc  f9:0x4f000410 x16=0x00000000
     200465.000 ns	     20045	800044b4	580807d3	fsqrt.s	f15,f16	 f16:0xcf800207 f15=0x7fc00000
     200495.000 ns	     20048	800044b8	21dbae53	fsgnjx.s	f28,f23,f29	 f23:0xcfc00206 f29:0xcf000408 f28=0x4fc00206
     200515.000 ns	     20050	800044bc	402007b3	sub	x15,x0,x2	  x0:0x00000000  x2:0x80040fe4 x15=0x7ffbf01c
     200535.000 ns	     20052	800044c0	e0088753	fmv.x.w	x14,f17	 f17:0x00000000 x14=0x00000000
     200905.000 ns	     20089	800044c4	03c7c7b3	div	x15,x15,x28	 x15:0x00000000 x28:0xffffffff x15=0x80040fe4
     200925.000 ns	     20091	800044c8	014e3333	sltu	x6,x28,x20	 x28:0xffffffff x20:0x80040fe4  x6=0x00000000
     200945.000 ns	     20093	800044cc	039601b3	mul	x3,x12,x25	 x12:0x7ffbf01c x25:0x00000000  x3=0x00000000
     200965.000 ns	     20095	800044d0	40545333	sra	x6,x8,x5	  x8:0x00000000  x5:0x00000000  x6=0x00000000
     200985.000 ns	     20097	800044d4	03db6733	rem	x14,x22,x29	 x22:0x00000000 x29:0x00000000 x14=0x00000000
     201355.000 ns	     20134	800044d8	032fc733	div	x14,x31,x18	 x31:0xffffffff x18:0x3fffffef x14=0x00000000
     201385.000 ns	     20137	800044dc	e00203d3	fmv.x.w	x7,f4	  f4:0xcfc00206  x7=0xcfc00206
     201405.000 ns	     20139	800044e0	00295d33	srl	x26,x18,x2	 x18:0x3fffffef  x2:0x80040fe4 x26=0x03fffffe
     201415.000 ns	     20140	800044e4	017936b3	sltu	x13,x18,x23	 x18:0x3fffffef x23:0x00000000 x13=0x00000000
     201435.000 ns	     20142	800044e8	c00e9153	fcvt.w.s	x2,f29	 f29:0xcf000408  x2=0x80000000
     201455.000 ns	     20144	800044ec	017084b3	add	x9,x1,x23	  x1:0x00000001 x23:0x00000000  x9=0x00000001
     201815.000 ns	     20180	800044f0	02b0f933	remu	x18,x1,x11	  x1:0x00000001 x11:0x80040fe4 x18=0x00000001
     201835.000 ns	     20182	800044f4	40687313	andi	x6,x16,1030	 x16:0x00000000  x6=0x00000000
     201845.000 ns	     20183	800044f8	005b1f33	sll	x30,x22,x5	 x22:0x00000000  x5:0x00000000 x30=0x00000000
     201865.000 ns	     20185	800044fc	21bd2853	fsgnjx.s	f16,f26,f27	 f26:0x4fc00206 f27:0x00000000 f16=0x4fc00206
     201915.000 ns	     20190	80004500	00adfa53	fadd.s	f20,f27,f10	 f27:0x00000000 f10:0x00000000 f20=0x00000000
     201945.000 ns	     20193	80004504	033b3ab3	mulhu	x21,x22,x19	 x22:0x00000000 x19:0xfc31c41b x21=0x00000000
     201965.000 ns	     20195	80004508	4ef4a013	slti	x0,x9,1263	  x9:0x00000001
     201985.000 ns	     20197	8000450c	21029353	fsgnjn.s	f6,f5,f16	  f5:0xcf000408 f16:0x4fc00206  f6=0xcf000408
     202015.000 ns	     20200	80004510	02e80033	mul	x0,x16,x14	 x16:0x00000000 x14:0x00000000
     202035.000 ns	     20202	80004514	a2552f93	slti	x31,x10,-1499	 x10:0x00000336 x31=0x00000000
     202055.000 ns	     20204	80004518	c00efed3	fcvt.w.s	x29,f29	 f29:0xcf000408 x29=0x80000000
     202085.000 ns	     20207	8000451c	03a6bc33	mulhu	x24,x13,x26	 x13:0x00000000 x26:0x03fffffe x24=0x00000000
     202115.000 ns	     20210	80004520	c010f1d3	fcvt.wu.s	x3,f1	  f1:0xffc00000  x3=0xffffffff
     202145.000 ns	     20213	80004524	036a6933	rem	x18,x20,x22	 x20:0x80040fe4 x22:0x00000000 x18=0x80040fe4
     202195.000 ns	     20218	80004528	08ed34d3	fsub.s	f9,f26,f14	 f26:0x4fc00206 f14:0x00000000  f9=0x4fc00206
     202215.000 ns	     20220	8000452c	00730eb3	add	x29,x6,x7	  x6:0x00000000  x7:0xcfc00206 x29=0xcfc00206
     202235.000 ns	     20222	80004530	21d392d3	fsgnjn.s	f5,f7,f29	  f7:0x7fc00000 f29:0xcf000408  f5=0x7fc00000
     202255.000 ns	     20224	80004534	009a3333	sltu	x6,x20,x9	 x20:0x80040fe4  x9:0x00000001  x6=0x00000000
     202275.000 ns	     20226	80004538	21490ed3	fsgnj.s	f29,f18,f20	 f18:0x00000000 f20:0x00000000 f29=0x00000000
     202305.000 ns	     20229	8000453c	29949153	fmax.s	f2,f9,f25	  f9:0x4fc00206 f25:0x4fc00206  f2=0x4fc00206
     202345.000 ns	     20233	80004540	10a247d3	fmul.s	f15,f4,f10	  f4:0xcfc00206 f10:0x00000000 f15=0x80000000
     202375.000 ns	     20236	80004544	025b8833	mul	x16,x23,x5	 x23:0x00000000  x5:0x00000000 x16=0x00000000
     202395.000 ns	     20238	80004548	8c2f8793	addi	x15,x31,-1854	 x31:0x00000000 x15=0xfffff8c2
     202415.000 ns	     20240	8000454c	2116a753	fsgnjx.s	f14,f13,f17	 f13:0x7fc00000 f17:0x00000000 f14=0x7fc00000
     202445.000 ns	     20243	80004550	c0077953	fcvt.w.s	x18,f14	 f14:0x00000000 x18=0x7fffffff
     202475.000 ns	     20246	80004554	f0070e53	fmv.w.x	f28,x14	 x14:0x00000000 f28=0x00000000
     202515.000 ns	     20250	80004558	18403cd3	fdiv.s	f25,f0,f4	  f0:0x7fc00000  f4:0xcfc00206 f25=0x7fc00000
     202535.000 ns	     20252	8000455c	014928b3	slt	x17,x18,x20	 x18:0x7fffffff x20:0x80040fe4 x17=0x00000000
     202555.000 ns	     20254	80004560	0247afb3	mulhsu	x31,x15,x4	 x15:0xfffff8c2  x4:0x00000000 x31=0x00000000
     202575.000 ns	     20256	80004564	007f5493	srli	x9,x30,0x7	 x30:0x00000000  x9=0x00000000
     202595.000 ns	     20258	80004568	286013d3	fmax.s	f7,f0,f6	  f0:0x7fc00000  f6:0xcf000408  f7=0xcf000408
     202615.000 ns	     20260	8000456c	0087d4b3	srl	x9,x15,x8	 x15:0xfffff8c2  x8:0x00000000  x9=0xfffff8c2
     202645.000 ns	     20263	80004570	18c77dd3	fdiv.s	f27,f14,f12	 f14:0x7fc00000 f12:0x7fc00000 f27=0x7fc00000
     202665.000 ns	     20265	80004574	422774b7	lui	x9,0x42277	  x9=0x42277000
     202685.000 ns	     20267	80004578	f0008dd3	fmv.w.x	f27,x1	  x1:0x00000001 f27=0x00000001
     202735.000 ns	     20272	8000457c	0187b8d3	fadd.s	f17,f15,f24	 f15:0x80000000 f24:0x7fc00000 f17=0x7fc00000
     202755.000 ns	     20274	80004580	01b43fb3	sltu	x31,x8,x27	  x8:0x00000000 x27:0x80041024 x31=0x00000001
     202775.000 ns	     20276	80004584	a0a78bd3	fle.s	x23,f15,f10	 f15:0x80000000 f10:0x00000000 x23=0x00000001
     202795.000 ns	     20278	80004588	008b0b33	add	x22,x22,x8	 x22:0x00000000  x8:0x00000000 x22=0x00000000
     202815.000 ns	     20280	8000458c	a0de2c53	feq.s	x24,f28,f13	 f28:0x00000000 f13:0x7fc00000 x24=0x00000000
     202855.000 ns	     20284	80004590	10969653	fmul.s	f12,f13,f9	 f13:0x7fc00000  f9:0x4fc00206 f12=0x7fc00000
     202885.000 ns	     20287	80004594	e00b8bd3	fmv.x.w	x23,f23	 f23:0xcfc00206 x23=0xcfc00206
     202915.000 ns	     20290	80004598	a00f2353	feq.s	x6,f30,f0	 f30:0xffc00000  f0:0x7fc00000  x6=0x00000000
     202935.000 ns	     20292	8000459c	1a807d17	auipc	x26,0x1a807	 x26=0x9a80b59c
     202965.000 ns	     20295	800045a0	5809fad3	fsqrt.s	f21,f19	 f19:0x00000000 f21=0x00000000
     202995.000 ns	     20298	800045a4	024c4333	div	x6,x24,x4	 x24:0x00000000  x4:0x00000000  x6=0xffffffff
     203015.000 ns	     20300	800045a8	00c23cb3	sltu	x25,x4,x12	  x4:0x00000000 x12:0x7ffbf01c x25=0x00000001
     203025.000 ns	     20301	800045ac	4185df13	srai	x30,x11,0x18	 x11:0x80040fe4 x30=0xffffff80
     203035.000 ns	     20302	800045b0	40d15b93	srai	x23,x2,0xd	  x2:0x80000000 x23=0xfffc0000
     203055.000 ns	     20304	800045b4	f00401d3	fmv.w.x	f3,x8	  x8:0x00000000  f3=0x00000000
     203075.000 ns	     20306	800045b8	00155433	srl	x8,x10,x1	 x10:0x00000336  x1:0x00000001  x8=0x0000019b
     203095.000 ns	     20308	800045bc	033334b3	mulhu	x9,x6,x19	  x6:0xffffffff x19:0xfc31c41b  x9=0xfc31c41a
     203125.000 ns	     20311	800045c0	c001c253	fcvt.w.s	x4,f3	  f3:0x00000000  x4=0x00000000
     203495.000 ns	     20348	800045c4	03eddf33	divu	x30,x27,x30	 x27:0x80041024 x30:0xffffff80 x30=0x00000000
     203525.000 ns	     20351	800045c8	02308833	mul	x16,x1,x3	  x1:0x00000001  x3:0xffffffff x16=0xffffffff
     203545.000 ns	     20353	800045cc	28b301b7	lui	x3,0x28b30	  x3=0x28b30000
     203555.000 ns	     20354	800045d0	4154d493	srai	x9,x9,0x15	  x9:0xfc31c41a  x9=0xffffffe1
     203575.000 ns	     20356	800045d4	f0028e53	fmv.w.x	f28,x5	  x5:0x00000000 f28=0x00000000
     203595.000 ns	     20358	800045d8	5806c613	xori	x12,x13,1408	 x13:0x00000000 x12=0x00000580
     203615.000 ns	     20360	800045dc	03ea2eb3	mulhsu	x29,x20,x30	 x20:0x80040fe4 x30:0x00000000 x29=0x00000000
     203645.000 ns	     20363	800045e0	c01b4c53	fcvt.wu.s	x24,f22	 f22:0xffc00000 x24=0xffffffff
     203665.000 ns	     20365	800045e4	00f8d913	srli	x18,x17,0xf	 x17:0x00000000 x18=0x00000000
     203685.000 ns	     20367	800045e8	a1bea953	feq.s	x18,f29,f27	 f29:0x00000000 f27:0x00000001 x18=0x00000000
     204055.000 ns	     20404	800045ec	022c5d33	divu	x26,x24,x2	 x24:0xffffffff  x2:0x80000000 x26=0x00000001
     204085.000 ns	     20407	800045f0	036d5ab3	divu	x21,x26,x22	 x26:0x9a80b59c x22:0x00000000 x21=0xffffffff
     204115.000 ns	     20410	800045f4	f00a8ed3	fmv.w.x	f29,x21	 x21:0x00000000 f29=0xffffffff
     204145.000 ns	     20413	800045f8	d00cf3d3	fcvt.s.w	f7,x25	 x25:0x00000001  f7=0x3f800000
     204175.000 ns	     20416	800045fc	e00110d3	fclass.s	x1,f2	  f2:0x4fc00206  x1=0x00000040
     204205.000 ns	     20419	80004600	21f5a5d3	fsgnjx.s	f11,f11,f31	 f11:0x7fc00000 f31:0x00000000 f11=0x7fc00000
     204235.000 ns	     20422	80004604	e00410d3	fclass.s	x1,f8	  f8:0x00000000  x1=0x00000010
     204255.000 ns	     20424	80004608	418ed033	sra	x0,x29,x24	 x29:0x00000000 x24:0xffffffff
     204275.000 ns	     20426	8000460c	a16d80d3	fle.s	x1,f27,f22	 f27:0x00000001 f22:0xffc00000  x1=0x00000000
     204295.000 ns	     20428	80004610	00cbb033	sltu	x0,x23,x12	 x23:0xfffc0000 x12:0x00000580
     204305.000 ns	     20429	80004614	01a5db33	srl	x22,x11,x26	 x11:0x80040fe4 x26:0x00000001 x22=0x400207f2
     204335.000 ns	     20432	80004618	5802fe53	fsqrt.s	f28,f5	  f5:0x7fc00000 f28=0x7fc00000
     204385.000 ns	     20437	8000461c	0960f9d3	fsub.s	f19,f1,f22	  f1:0xffc00000 f22:0xffc00000 f19=0x7fc00000
     204405.000 ns	     20439	80004620	6f2a3b13	sltiu	x22,x20,1778	 x20:0x80040fe4 x22=0x00000000
     204415.000 ns	     20440	80004624	418e0b33	sub	x22,x28,x24	 x28:0xffffffff x24:0xffffffff x22=0x00000000
     204425.000 ns	     20441	80004628	ba165e97	auipc	x29,0xba165	 x29=0x3a169628
     204435.000 ns	     20442	8000462c	37d97693	andi	x13,x18,893	 x18:0x00000000 x13=0x00000000
     204445.000 ns	     20443	80004630	e170fb93	andi	x23,x1,-489	  x1:0x00000000 x23=0x00000000
     204465.000 ns	     20445	80004634	02c51c33	mulh	x24,x10,x12	 x10:0x00000336 x12:0x00000580 x24=0x00000000
     204485.000 ns	     20447	80004638	f8d90e93	addi	x29,x18,-115	 x18:0x00000000 x29=0xffffff8d
     204495.000 ns	     20448	8000463c	a17d3313	sltiu	x6,x26,-1513	 x26:0x00000001  x6=0x00000001
     204855.000 ns	     20484	80004640	029dde33	divu	x28,x27,x9	 x27:0x80041024  x9:0xffffffe1 x28=0x00000000
     204875.000 ns	     20486	80004644	169adc97	auipc	x25,0x169ad	 x25=0x969b1644
     204885.000 ns	     20487	80004648	41495693	srai	x13,x18,0x14	 x18:0x00000000 x13=0x00000000
     204895.000 ns	     20488	8000464c	01e58f33	add	x30,x11,x30	 x11:0x80040fe4 x30:0x00000000 x30=0x80040fe4
     204905.000 ns	     20489	80004650	00000013	addi	x0,x0,0	  x0:0x00000000
     204925.000 ns	     20491	80004654	204c9853	fsgnjn.s	f16,f25,f4	 f25:0x7fc00000  f4:0xcfc00206 f16=0x7fc00000
     204955.000 ns	     20494	80004658	e0030953	fmv.x.w	x18,f6	  f6:0xcf000408 x18=0xcf000408
     204985.000 ns	     20497	8000465c	c00576d3	fcvt.w.s	x13,f10	 f10:0x00000000 x13=0x00000000
     205015.000 ns	     20500	80004660	d01945d3	fcvt.s.wu	f11,x18	 x18:0xcf000408 f11=0x4f4f0004
     205035.000 ns	     20502	80004664	012f2433	slt	x8,x30,x18	 x30:0x80040fe4 x18:0xcf000408  x8=0x00000001
     205055.000 ns	     20504	80004668	28ea89d3	fmin.s	f19,f21,f14	 f21:0x00000000 f14:0x7fc00000 f19=0x00000000
     205075.000 ns	     20506	8000466c	01188333	add	x6,x17,x17	 x17:0x00000000 x17:0x00000000  x6=0x00000000
     205095.000 ns	     20508	80004670	e0049653	fclass.s	x12,f9	  f9:0x4fc00206 x12=0x00000040
     205115.000 ns	     20510	80004674	0125f933	and	x18,x11,x18	 x11:0x80040fe4 x18:0xcf000408 x18=0x80000400
     205135.000 ns	     20512	80004678	f0010953	fmv.w.x	f18,x2	  x2:0x80000000 f18=0x80000000
     205155.000 ns	     20514	8000467c	010ba033	slt	x0,x23,x16	 x23:0x00000000 x16:0xffffffff
     205175.000 ns	     20516	80004680	e00d1d53	fclass.s	x26,f26	 f26:0x4fc00206 x26=0x00000040
     205195.000 ns	     20518	80004684	00000013	addi	x0,x0,0	  x0:0x00000000
     205205.000 ns	     20519	80004688	00000013	addi	x0,x0,0	  x0:0x00000000
     205235.000 ns	     20522	8000468c	580c35d3	fsqrt.s	f11,f24	 f24:0x7fc00000 f11=0x7fc00000
     205255.000 ns	     20524	80004690	5c171017	auipc	x0,0x5c171	
     205275.000 ns	     20526	80004694	e00784d3	fmv.x.w	x9,f15	 f15:0x80000000  x9=0x80000000
     205305.000 ns	     20529	80004698	21c880d3	fsgnj.s	f1,f17,f28	 f17:0x7fc00000 f28:0x7fc00000  f1=0x7fc00000
     205325.000 ns	     20531	8000469c	0077ffb3	and	x31,x15,x7	 x15:0xfffff8c2  x7:0xcfc00206 x31=0xcfc00002
     205335.000 ns	     20532	800046a0	0119b933	sltu	x18,x19,x17	 x19:0xfc31c41b x17:0x00000000 x18=0x00000000
     205345.000 ns	     20533	800046a4	00de70b3	and	x1,x28,x13	 x28:0x00000000 x13:0x00000000  x1=0x00000000
     205365.000 ns	     20535	800046a8	02259433	mulh	x8,x11,x2	 x11:0x80040fe4  x2:0x80000000  x8=0x3ffdf80e
     205395.000 ns	     20538	800046ac	d0007b53	fcvt.s.w	f22,x0	  x0:0x00000000 f22=0x00000000
     205425.000 ns	     20541	800046b0	a03c2953	feq.s	x18,f24,f3	 f24:0x7fc00000  f3:0x00000000 x18=0x00000000
     205445.000 ns	     20543	800046b4	9bf1e193	ori	x3,x3,-1601	  x3:0x28b30000  x3=0xfffff9bf
     205465.000 ns	     20545	800046b8	e0009c53	fclass.s	x24,f1	  f1:0x7fc00000 x24=0x00000200
     205495.000 ns	     20548	800046bc	c010ad53	fcvt.wu.s	x26,f1	  f1:0x7fc00000 x26=0xffffffff
     205515.000 ns	     20550	800046c0	405255b3	sra	x11,x4,x5	  x4:0x00000000  x5:0x00000000 x11=0x00000000
     205525.000 ns	     20551	800046c4	05314913	xori	x18,x2,83	  x2:0x80000000 x18=0x80000053
     205545.000 ns	     20553	800046c8	a02c81d3	fle.s	x3,f25,f2	 f25:0x7fc00000  f2:0x4fc00206  x3=0x00000000
     205575.000 ns	     20556	800046cc	e00f8453	fmv.x.w	x8,f31	 f31:0x00000000  x8=0x00000000
     205595.000 ns	     20558	800046d0	40585413	srai	x8,x16,0x5	 x16:0xffffffff  x8=0xffffffff
     205635.000 ns	     20562	800046d4	00867553	fadd.s	f10,f12,f8	 f12:0x7fc00000  f8:0x00000000 f10=0x7fc00000
     205665.000 ns	     20565	800046d8	a1119f53	flt.s	x30,f3,f17	  f3:0x00000000 f17:0x7fc00000 x30=0x00000000
     205685.000 ns	     20567	800046dc	00532bb3	slt	x23,x6,x5	  x6:0x00000000  x5:0x00000000 x23=0x00000000
     205715.000 ns	     20570	800046e0	58097ed3	fsqrt.s	f29,f18	 f18:0x80000000 f29=0x80000000
     205735.000 ns	     20572	800046e4	00b0ecb3	or	x25,x1,x11	  x1:0x00000000 x11:0x00000000 x25=0x00000000
     205755.000 ns	     20574	800046e8	e00817d3	fclass.s	x15,f16	 f16:0x7fc00000 x15=0x00000200
     205795.000 ns	     20578	800046ec	580ef853	fsqrt.s	f16,f29	 f29:0x80000000 f16=0x80000000
     205825.000 ns	     20581	800046f0	02cbbfb3	mulhu	x31,x23,x12	 x23:0x00000000 x12:0x00000040 x31=0x00000000
     205855.000 ns	     20584	800046f4	e0019653	fclass.s	x12,f3	  f3:0x00000000 x12=0x00000010
     205875.000 ns	     20586	800046f8	6f7c7c93	andi	x25,x24,1783	 x24:0x00000200 x25=0x00000200
     205895.000 ns	     20588	800046fc	210107d3	fsgnj.s	f15,f2,f16	  f2:0x4fc00206 f16:0x80000000 f15=0xcfc00206
     205915.000 ns	     20590	80004700	011145b3	xor	x11,x2,x17	  x2:0x80000000 x17:0x00000000 x11=0x80000000
     205935.000 ns	     20592	80004704	d014f9d3	fcvt.s.wu	f19,x9	  x9:0x80000000 f19=0x4f000000
     205955.000 ns	     20594	80004708	40515e13	srai	x28,x2,0x5	  x2:0x80000000 x28=0xfc000000
     205975.000 ns	     20596	8000470c	02116933	rem	x18,x2,x1	  x2:0x80000000  x1:0x00000000 x18=0x80000000
     205995.000 ns	     20598	80004710	017608b3	add	x17,x12,x23	 x12:0x00000010 x23:0x00000000 x17=0x00000010
     206015.000 ns	     20600	80004714	21e12f53	fsgnjx.s	f30,f2,f30	  f2:0x4fc00206 f30:0xffc00000 f30=0xcfc00206
     206045.000 ns	     20603	80004718	a0099c53	flt.s	x24,f19,f0	 f19:0x4f000000  f0:0x7fc00000 x24=0x00000000
     206075.000 ns	     20606	8000471c	03f08333	mul	x6,x1,x31	  x1:0x00000000 x31:0x00000000  x6=0x00000000
     206445.000 ns	     20643	80004720	027753b3	divu	x7,x14,x7	 x14:0x00000000  x7:0xcfc00206  x7=0x00000000
     206465.000 ns	     20645	80004724	5064bd13	sltiu	x26,x9,1286	  x9:0x80000000 x26=0x00000000
     206475.000 ns	     20646	80004728	411ad713	srai	x14,x21,0x11	 x21:0xffffffff x14=0xffffffff
     206485.000 ns	     20647	8000472c	ac610813	addi	x16,x2,-1338	  x2:0x80000000 x16=0x7ffffac6
     206515.000 ns	     20650	80004730	580c03d3	fsqrt.s	f7,f24	 f24:0x7fc00000  f7=0x7fc00000
     206545.000 ns	     20653	80004734	a0ab1153	flt.s	x2,f22,f10	 f22:0x00000000 f10:0x7fc00000  x2=0x00000000
     206565.000 ns	     20655	80004738	197f4797	auipc	x15,0x197f4	 x15=0x997f8738
     206585.000 ns	     20657	8000473c	d0131f53	fcvt.s.wu	f30,x6	  x6:0x00000000 f30=0x00000000
     206615.000 ns	     20660	80004740	03763233	mulhu	x4,x12,x23	 x12:0x00000010 x23:0x00000000  x4=0x00000000
     206655.000 ns	     20664	80004744	190377d3	fdiv.s	f15,f6,f16	  f6:0xcf000408 f16:0x80000000 f15=0x7f800000
     206675.000 ns	     20666	80004748	410c5913	srai	x18,x24,0x10	 x24:0x00000000 x18=0x00000000
     206705.000 ns	     20669	8000474c	58000253	fsqrt.s	f4,f0	  f0:0x7fc00000  f4=0x7fc00000
     206725.000 ns	     20671	80004750	00bb1eb3	sll	x29,x22,x11	 x22:0x00000000 x11:0x80000000 x29=0x00000000
     206745.000 ns	     20673	80004754	c0177ed3	fcvt.wu.s	x29,f14	 f14:0x7fc00000 x29=0xffffffff
     207115.000 ns	     20710	80004758	0283c3b3	div	x7,x7,x8	  x7:0x00000000  x8:0xffffffff  x7=0x00000000
     207135.000 ns	     20712	8000475c	40ef82b3	sub	x5,x31,x14	 x31:0x00000000 x14:0xffffffff  x5=0x00000001
     207165.000 ns	     20715	80004760	58088a53	fsqrt.s	f20,f17	 f17:0x7fc00000 f20=0x7fc00000
     207195.000 ns	     20718	80004764	a058a653	feq.s	x12,f17,f5	 f17:0x7fc00000  f5:0x7fc00000 x12=0x00000000
     207215.000 ns	     20720	80004768	64318eb7	lui	x29,0x64318	 x29=0x64318000
     207225.000 ns	     20721	8000476c	01803133	sltu	x2,x0,x24	  x0:0x00000000 x24:0x00000000  x2=0x00000000
     207245.000 ns	     20723	80004770	d0051f53	fcvt.s.w	f30,x10	 x10:0x00000336 f30=0x444d8000
     207265.000 ns	     20725	80004774	73ea0593	addi	x11,x20,1854	 x20:0x80040fe4 x11=0x80041722
     207285.000 ns	     20727	80004778	d01cf153	fcvt.s.wu	f2,x25	 x25:0x00000200  f2=0x44000000
     207335.000 ns	     20732	8000477c	08d772d3	fsub.s	f5,f14,f13	 f14:0x7fc00000 f13:0x7fc00000  f5=0x7fc00000
     207365.000 ns	     20735	80004780	033a03b3	mul	x7,x20,x19	 x20:0x80040fe4 x19:0xfc31c41b  x7=0x173c3d0c
     207385.000 ns	     20737	80004784	324f8413	addi	x8,x31,804	 x31:0x00000000  x8=0x00000324
     207415.000 ns	     20740	80004788	58097253	fsqrt.s	f4,f18	 f18:0x80000000  f4=0x80000000
     207435.000 ns	     20742	8000478c	ca55cf93	xori	x31,x11,-859	 x11:0x80041722 x31=0x7ffbeb87
     207445.000 ns	     20743	80004790	00000013	addi	x0,x0,0	  x0:0x00000000
     207455.000 ns	     20744	80004794	0042a033	slt	x0,x5,x4	  x5:0x00000001  x4:0x00000000
     207475.000 ns	     20746	80004798	f00c0a53	fmv.w.x	f20,x24	 x24:0x00000000 f20=0x00000000
     207495.000 ns	     20748	8000479c	003de2b3	or	x5,x27,x3	 x27:0x80041024  x3:0x00000000  x5=0x80041024
     207505.000 ns	     20749	800047a0	004a97b3	sll	x15,x21,x4	 x21:0xffffffff  x4:0x00000000 x15=0xffffffff
     207865.000 ns	     20785	800047a4	03cf41b3	div	x3,x30,x28	 x30:0x00000000 x28:0xfc000000  x3=0x00000000
     207885.000 ns	     20787	800047a8	fed7be93	sltiu	x29,x15,-19	 x15:0x997f8738 x29=0x00000000
     207895.000 ns	     20788	800047ac	715d8313	addi	x6,x27,1813	 x27:0x80041024  x6=0x80041739
     207935.000 ns	     20792	800047b0	0188f6d3	fadd.s	f13,f17,f24	 f17:0x7fc00000 f24:0x7fc00000 f13=0x7fc00000
     207955.000 ns	     20794	800047b4	f79aec13	ori	x24,x21,-135	 x21:0xffffffff x24=0xffffffff
     207965.000 ns	     20795	800047b8	01e1c2b3	xor	x5,x3,x30	  x3:0x00000000 x30:0x00000000  x5=0x00000000
     207975.000 ns	     20796	800047bc	001de2b3	or	x5,x27,x1	 x27:0x80041024  x1:0x00000000  x5=0x80041024
     207995.000 ns	     20798	800047c0	e0060bd3	fmv.x.w	x23,f12	 f12:0x7fc00000 x23=0x7fc00000
     208035.000 ns	     20802	800047c4	101078d3	fmul.s	f17,f0,f1	  f0:0x7fc00000  f1:0x7fc00000 f17=0x7fc00000
     208055.000 ns	     20804	800047c8	415a50b3	sra	x1,x20,x21	 x20:0x80040fe4 x21:0xffffffff  x1=0xffffffff
     208065.000 ns	     20805	800047cc	01ce95b3	sll	x11,x29,x28	 x29:0x00000000 x28:0xfc000000 x11=0x00000000
     208075.000 ns	     20806	800047d0	01926fb3	or	x31,x4,x25	  x4:0x00000000 x25:0x00000200 x31=0x00000200
     208085.000 ns	     20807	800047d4	000e04b3	add	x9,x28,x0	 x28:0xfc000000  x0:0x00000000  x9=0xfc000000
     208095.000 ns	     20808	800047d8	b178aa93	slti	x21,x17,-1257	 x17:0x00000010 x21=0x00000000
     208115.000 ns	     20810	800047dc	035a4733	div	x14,x20,x21	 x20:0x80040fe4 x21:0xffffffff x14=0xffffffff
     208135.000 ns	     20812	800047e0	fb79bd13	sltiu	x26,x19,-73	 x19:0xfc31c41b x26=0x00000001
     208145.000 ns	     20813	800047e4	dabacb97	auipc	x23,0xdabac	 x23=0x5abb07e4
     208155.000 ns	     20814	800047e8	629ce113	ori	x2,x25,1577	 x25:0x00000200  x2=0x00000629
     208175.000 ns	     20816	800047ec	2114a753	fsgnjx.s	f14,f9,f17	  f9:0x4fc00206 f17:0x7fc00000 f14=0x4fc00206
     208215.000 ns	     20820	800047f0	10862953	fmul.s	f18,f12,f8	 f12:0x7fc00000  f8:0x00000000 f18=0x7fc00000
     208235.000 ns	     20822	800047f4	016fd693	srli	x13,x31,0x16	 x31:0x00000200 x13=0x00000000
     208255.000 ns	     20824	800047f8	d0172d53	fcvt.s.wu	f26,x14	 x14:0xffffffff f26=0x4f800000
     208275.000 ns	     20826	800047fc	01675333	srl	x6,x14,x22	 x14:0xffffffff x22:0x00000000  x6=0xffffffff
     208285.000 ns	     20827	80004800	415d0933	sub	x18,x26,x21	 x26:0x00000001 x21:0x00000000 x18=0x00000001
     208295.000 ns	     20828	80004804	01269533	sll	x10,x13,x18	 x13:0x00000000 x18:0x00000000 x10=0x00000000
     208325.000 ns	     20831	80004808	580c92d3	fsqrt.s	f5,f25	 f25:0x7fc00000  f5=0x7fc00000
     208355.000 ns	     20834	8000480c	d01dfd53	fcvt.s.wu	f26,x27	 x27:0x80041024 f26=0x4f000410
     208375.000 ns	     20836	80004810	00000013	addi	x0,x0,0	  x0:0x00000000
     208735.000 ns	     20872	80004814	0337c1b3	div	x3,x15,x19	 x15:0xffffffff x19:0xfc31c41b  x3=0x00000000
     208765.000 ns	     20875	80004818	03d46c33	rem	x24,x8,x29	  x8:0x00000324 x29:0x00000000 x24=0x00000324
     208795.000 ns	     20878	8000481c	e0070ed3	fmv.x.w	x29,f14	 f14:0x4fc00206 x29=0x4fc00206
     208845.000 ns	     20883	80004820	018afe53	fadd.s	f28,f21,f24	 f21:0x00000000 f24:0x7fc00000 f28=0x7fc00000
     208865.000 ns	     20885	80004824	01346eb3	or	x29,x8,x19	  x8:0x00000324 x19:0xfc31c41b x29=0xfc31c73f
     208905.000 ns	     20889	80004828	001f7953	fadd.s	f18,f30,f1	 f30:0x444d8000  f1:0x7fc00000 f18=0x7fc00000
     208925.000 ns	     20891	8000482c	004ed233	srl	x4,x29,x4	 x29:0x4fc00206  x4:0x00000000  x4=0xfc31c73f
     209285.000 ns	     20927	80004830	03c5d533	divu	x10,x11,x28	 x11:0x00000000 x28:0xfc000000 x10=0x00000000
     209315.000 ns	     20930	80004834	a12b87d3	fle.s	x15,f23,f18	 f23:0xcfc00206 f18:0x7fc00000 x15=0x00000000
     209365.000 ns	     20935	80004838	0860fc53	fsub.s	f24,f1,f6	  f1:0x7fc00000  f6:0xcf000408 f24=0x7fc00000
     209395.000 ns	     20938	8000483c	21460dd3	fsgnj.s	f27,f12,f20	 f12:0x7fc00000 f20:0x00000000 f27=0x7fc00000
     209415.000 ns	     20940	80004840	4118de93	srai	x29,x17,0x11	 x17:0x00000010 x29=0x00000000
     209435.000 ns	     20942	80004844	e00a88d3	fmv.x.w	x17,f21	 f21:0x00000000 x17=0x00000000
     209455.000 ns	     20944	80004848	015f1533	sll	x10,x30,x21	 x30:0x00000000 x21:0x00000000 x10=0x00000000
     209475.000 ns	     20946	8000484c	28689cd3	fmax.s	f25,f17,f6	 f17:0x7fc00000  f6:0xcf000408 f25=0xcf000408
     209505.000 ns	     20949	80004850	c00f90d3	fcvt.w.s	x1,f31	 f31:0x00000000  x1=0x00000000
     209545.000 ns	     20953	80004854	580373d3	fsqrt.s	f7,f6	  f6:0xcf000408  f7=0x7fc00000
     209575.000 ns	     20956	80004858	d015a253	fcvt.s.wu	f4,x11	 x11:0x00000000  f4=0x00000000
     209945.000 ns	     20993	8000485c	025964b3	rem	x9,x18,x5	 x18:0x00000001  x5:0x80041024  x9=0x00000001
     209965.000 ns	     20995	80004860	0186deb3	srl	x29,x13,x24	 x13:0x00000000 x24:0x00000324 x29=0x00000000
     209985.000 ns	     20997	80004864	031cb033	mulhu	x0,x25,x17	 x25:0x00000200 x17:0x00000000
     210005.000 ns	     20999	80004868	01351593	slli	x11,x10,0x13	 x10:0x00000000 x11=0x00000000
     210365.000 ns	     21035	8000486c	022d6733	rem	x14,x26,x2	 x26:0x00000001  x2:0x00000629 x14=0x00000001
     210395.000 ns	     21038	80004870	c010f1d3	fcvt.wu.s	x3,f1	  f1:0x7fc00000  x3=0xffffffff
     210425.000 ns	     21041	80004874	025481b3	mul	x3,x9,x5	  x9:0x00000001  x5:0x80041024  x3=0x80041024
     210455.000 ns	     21044	80004878	297b0f53	fmin.s	f30,f22,f23	 f22:0x00000000 f23:0xcfc00206 f30=0xcfc00206
     210475.000 ns	     21046	8000487c	00821313	slli	x6,x4,0x8	  x4:0xfc31c73f  x6=0x31c73f00
     210485.000 ns	     21047	80004880	4090d013	srai	x0,x1,0x9	  x1:0x00000000
     210505.000 ns	     21049	80004884	298b8cd3	fmin.s	f25,f23,f24	 f23:0xcfc00206 f24:0x7fc00000 f25=0xcfc00206
     210875.000 ns	     21086	80004888	0339e1b3	rem	x3,x19,x19	 x19:0xfc31c41b x19:0xfc31c41b  x3=0x00000000
     210905.000 ns	     21089	8000488c	29701dd3	fmax.s	f27,f0,f23	  f0:0x7fc00000 f23:0xcfc00206 f27=0xcfc00206
     211275.000 ns	     21126	80004890	02605d33	divu	x26,x0,x6	  x0:0x00000000  x6:0x31c73f00 x26=0x00000000
     211305.000 ns	     21129	80004894	02fcf633	remu	x12,x25,x15	 x25:0x00000200 x15:0x00000000 x12=0x00000200
     211325.000 ns	     21131	80004898	001121b3	slt	x3,x2,x1	  x2:0x00000629  x1:0x00000000  x3=0x00000000
     211335.000 ns	     21132	8000489c	0170a0b3	slt	x1,x1,x23	  x1:0x00000000 x23:0x5abb07e4  x1=0x00000001
     211345.000 ns	     21133	800048a0	26160293	addi	x5,x12,609	 x12:0x00000200  x5=0x00000461
     211365.000 ns	     21135	800048a4	03d77b33	remu	x22,x14,x29	 x14:0x00000001 x29:0x00000000 x22=0x00000001
     211395.000 ns	     21138	800048a8	e00c1153	fclass.s	x2,f24	 f24:0x7fc00000  x2=0x00000200
     211765.000 ns	     21175	800048ac	03034133	div	x2,x6,x16	  x6:0x31c73f00 x16:0x7ffffac6  x2=0x00000000
     211795.000 ns	     21178	800048b0	a0d0a7d3	feq.s	x15,f1,f13	  f1:0x7fc00000 f13:0x7fc00000 x15=0x00000000
     211815.000 ns	     21180	800048b4	7635c613	xori	x12,x11,1891	 x11:0x00000000 x12=0x00000763
     211825.000 ns	     21181	800048b8	01f028b3	slt	x17,x0,x31	  x0:0x00000000 x31:0x00000200 x17=0x00000001
     211845.000 ns	     21183	800048bc	20c4a7d3	fsgnjx.s	f15,f9,f12	  f9:0x4fc00206 f12:0x7fc00000 f15=0x4fc00206
     211875.000 ns	     21186	800048c0	c010c1d3	fcvt.wu.s	x3,f1	  f1:0x7fc00000  x3=0xffffffff
     211905.000 ns	     21189	800048c4	a04582d3	fle.s	x5,f11,f4	 f11:0x7fc00000  f4:0x00000000  x5=0x00000000
     211925.000 ns	     21191	800048c8	0040d713	srli	x14,x1,0x4	  x1:0x00000001 x14=0x00000000
     211945.000 ns	     21193	800048cc	205309d3	fsgnj.s	f19,f6,f5	  f6:0xcf000408  f5:0x7fc00000 f19=0x4f000408
     211965.000 ns	     21195	800048d0	d28d8713	addi	x14,x27,-728	 x27:0x80041024 x14=0x80040d4c
     211985.000 ns	     21197	800048d4	29e09ad3	fmax.s	f21,f1,f30	  f1:0x7fc00000 f30:0xcfc00206 f21=0xcfc00206
     212015.000 ns	     21200	800048d8	e0021553	fclass.s	x10,f4	  f4:0x00000000 x10=0x00000010
     212045.000 ns	     21203	800048dc	a1c295d3	flt.s	x11,f5,f28	  f5:0x7fc00000 f28:0x7fc00000 x11=0x00000000
     212415.000 ns	     21240	800048e0	031e5b33	divu	x22,x28,x17	 x28:0xfc000000 x17:0x00000001 x22=0xfc000000
     212435.000 ns	     21242	800048e4	00cc5eb3	srl	x29,x24,x12	 x24:0x00000324 x12:0x00000763 x29=0x00000064
     212445.000 ns	     21243	800048e8	01099ab3	sll	x21,x19,x16	 x19:0xfc31c41b x16:0x7ffffac6 x21=0x0c7106c0
     212455.000 ns	     21244	800048ec	405c5c33	sra	x24,x24,x5	 x24:0x00000324  x5:0x00000000 x24=0x00000324
     212465.000 ns	     21245	800048f0	415dd5b3	sra	x11,x27,x21	 x27:0x80041024 x21:0x00000000 x11=0x80041024
     212475.000 ns	     21246	800048f4	018bde13	srli	x28,x23,0x18	 x23:0x5abb07e4 x28=0x0000005a
     212485.000 ns	     21247	800048f8	af053b93	sltiu	x23,x10,-1296	 x10:0x00000010 x23=0x00000001
     212505.000 ns	     21249	800048fc	a1c605d3	fle.s	x11,f12,f28	 f12:0x7fc00000 f28:0x7fc00000 x11=0x00000000
     212535.000 ns	     21252	80004900	2047ad53	fsgnjx.s	f26,f15,f4	 f15:0x4fc00206  f4:0x00000000 f26=0x4fc00206
     212565.000 ns	     21255	80004904	a0612053	feq.s	x0,f2,f6	  f2:0x44000000  f6:0xcf000408
     212585.000 ns	     21257	80004908	9d652413	slti	x8,x10,-1578	 x10:0x00000010  x8=0x00000000
     212605.000 ns	     21259	8000490c	d01dcb53	fcvt.s.wu	f22,x27	 x27:0x80041024 f22=0x4f000410
     212625.000 ns	     21261	80004910	0021a5b3	slt	x11,x3,x2	  x3:0xffffffff  x2:0x00000000 x11=0x00000001
     212635.000 ns	     21262	80004914	01f1b133	sltu	x2,x3,x31	  x3:0xffffffff x31:0x00000200  x2=0x00000000
     212675.000 ns	     21266	80004918	00d4fd53	fadd.s	f26,f9,f13	  f9:0x4fc00206 f13:0x7fc00000 f26=0x7fc00000
     212695.000 ns	     21268	8000491c	4176dd13	srai	x26,x13,0x17	 x13:0x00000000 x26=0x00000000
     212705.000 ns	     21269	80004920	00000013	addi	x0,x0,0	  x0:0x00000000
     212715.000 ns	     21270	80004924	00c1e733	or	x14,x3,x12	  x3:0xffffffff x12:0x00000763 x14=0xffffffff
     212735.000 ns	     21272	80004928	02a620b3	mulhsu	x1,x12,x10	 x12:0x00000763 x10:0x00000010  x1=0x00000000
     212765.000 ns	     21275	8000492c	0220c3b3	div	x7,x1,x2	  x1:0x00000001  x2:0x00000000  x7=0xffffffff
     212795.000 ns	     21278	80004930	20289653	fsgnjn.s	f12,f17,f2	 f17:0x7fc00000  f2:0x44000000 f12=0xffc00000
     212825.000 ns	     21281	80004934	c0188fd3	fcvt.wu.s	x31,f17	 f17:0x7fc00000 x31=0xffffffff
     212855.000 ns	     21284	80004938	e00c9853	fclass.s	x16,f25	 f25:0xcfc00206 x16=0x00000002
     212875.000 ns	     21286	8000493c	41e9d533	sra	x10,x19,x30	 x19:0xfc31c41b x30:0x00000000 x10=0xfc31c41b
     212895.000 ns	     21288	80004940	03e3e8b3	rem	x17,x7,x30	  x7:0xffffffff x30:0x00000000 x17=0xffffffff
     212915.000 ns	     21290	80004944	00f368b3	or	x17,x6,x15	  x6:0x31c73f00 x15:0x00000000 x17=0x31c73f00
     212935.000 ns	     21292	80004948	02c2a233	mulhsu	x4,x5,x12	  x5:0x00000000 x12:0x00000763  x4=0x00000000
     213305.000 ns	     21329	8000494c	0330d2b3	divu	x5,x1,x19	  x1:0x00000000 x19:0xfc31c41b  x5=0x00000000
     213355.000 ns	     21334	80004950	099fb5d3	fsub.s	f11,f31,f25	 f31:0x00000000 f25:0xcfc00206 f11=0x4fc00206
     213385.000 ns	     21337	80004954	20e712d3	fsgnjn.s	f5,f14,f14	 f14:0x4fc00206 f14:0x4fc00206  f5=0xcfc00206
     213755.000 ns	     21374	80004958	03d9c6b3	div	x13,x19,x29	 x19:0xfc31c41b x29:0x00000064 x13=0xfff641f7
     213775.000 ns	     21376	8000495c	40945bb3	sra	x23,x8,x9	  x8:0x00000000  x9:0x00000001 x23=0x00000000
     213795.000 ns	     21378	80004960	020d3433	mulhu	x8,x26,x0	 x26:0x00000000  x0:0x00000000  x8=0x00000000
     214165.000 ns	     21415	80004964	02d8db33	divu	x22,x17,x13	 x17:0x31c73f00 x13:0xfff641f7 x22=0x00000000
     214195.000 ns	     21418	80004968	026d1cb3	mulh	x25,x26,x6	 x26:0x00000000  x6:0x31c73f00 x25=0x00000000
     214215.000 ns	     21420	8000496c	00000013	addi	x0,x0,0	  x0:0x00000000
     214575.000 ns	     21456	80004970	03437cb3	remu	x25,x6,x20	  x6:0x31c73f00 x20:0x80040fe4 x25=0x31c73f00
     214595.000 ns	     21458	80004974	00000013	addi	x0,x0,0	  x0:0x00000000
     214615.000 ns	     21460	80004978	a1e70953	fle.s	x18,f14,f30	 f14:0x4fc00206 f30:0xcfc00206 x18=0x00000000
     214985.000 ns	     21497	8000497c	02d96b33	rem	x22,x18,x13	 x18:0x00000001 x13:0xfff641f7 x22=0x00000000
     215015.000 ns	     21500	80004980	29419253	fmax.s	f4,f3,f20	  f3:0x00000000 f20:0x00000000  f4=0x00000000
     215035.000 ns	     21502	80004984	41ae8bb3	sub	x23,x29,x26	 x29:0x00000064 x26:0x00000000 x23=0x00000064
     215055.000 ns	     21504	80004988	c0197753	fcvt.wu.s	x14,f18	 f18:0x7fc00000 x14=0xffffffff
     215075.000 ns	     21506	8000498c	41615193	srai	x3,x2,0x16	  x2:0x00000000  x3=0x00000000
     215085.000 ns	     21507	80004990	013f1713	slli	x14,x30,0x13	 x30:0x00000000 x14=0x00000000
     215105.000 ns	     21509	80004994	03f11e33	mulh	x28,x2,x31	  x2:0x00000000 x31:0xffffffff x28=0x00000000
     215155.000 ns	     21514	80004998	084d0f53	fsub.s	f30,f26,f4	 f26:0x7fc00000  f4:0x00000000 f30=0x7fc00000
     215525.000 ns	     21551	8000499c	02bbc1b3	div	x3,x23,x11	 x23:0x00000064 x11:0x00000001  x3=0x00000064
     215555.000 ns	     21554	800049a0	d01b0153	fcvt.s.wu	f2,x22	 x22:0x00000000  f2=0x00000000
     216735.000 ns	     21672	800049a4	58049fd3	fsqrt.s	f31,f9	  f9:0x4fc00206 f31=0x479cc53e
     216765.000 ns	     21675	800049a8	d0052b53	fcvt.s.w	f22,x10	 x10:0xfc31c41b f22=0xcc738efa
     216785.000 ns	     21677	800049ac	0023d5b3	srl	x11,x7,x2	  x7:0xffffffff  x2:0x00000000 x11=0xffffffff
     216805.000 ns	     21679	800049b0	c017a5d3	fcvt.wu.s	x11,f15	 f15:0x4fc00206 x11=0xffffffff
     216825.000 ns	     21681	800049b4	0025d613	srli	x12,x11,0x2	 x11:0x00000001 x12=0x3fffffff
     216845.000 ns	     21683	800049b8	038bb733	mulhu	x14,x23,x24	 x23:0x00000064 x24:0x00000324 x14=0x00000000
     216875.000 ns	     21686	800049bc	21cc1fd3	fsgnjn.s	f31,f24,f28	 f24:0x7fc00000 f28:0x7fc00000 f31=0xffc00000
     216925.000 ns	     21691	800049c0	083b7b53	fsub.s	f22,f22,f3	 f22:0xcc738efa  f3:0x00000000 f22=0xcc738efa
     216945.000 ns	     21693	800049c4	17b4af93	slti	x31,x9,379	  x9:0x00000001 x31=0x00000001
     216955.000 ns	     21694	800049c8	7e93cc93	xori	x25,x7,2025	  x7:0xffffffff x25=0xfffff816
     216975.000 ns	     21696	800049cc	d0017653	fcvt.s.w	f12,x2	  x2:0x00000000 f12=0x00000000
     216995.000 ns	     21698	800049d0	0130ffb3	and	x31,x1,x19	  x1:0x00000000 x19:0xfc31c41b x31=0x00000000
     217005.000 ns	     21699	800049d4	01a406b3	add	x13,x8,x26	  x8:0x00000000 x26:0x00000000 x13=0x00000000
     217015.000 ns	     21700	800049d8	40355633	sra	x12,x10,x3	 x10:0xfc31c41b  x3:0x00000064 x12=0xffc31c41
     217035.000 ns	     21702	800049dc	c0160f53	fcvt.wu.s	x30,f12	 f12:0x00000000 x30=0x00000000
     217085.000 ns	     21707	800049e0	0978fc53	fsub.s	f24,f17,f23	 f17:0x7fc00000 f23:0xcfc00206 f24=0x7fc00000
     217115.000 ns	     21710	800049e4	284c8453	fmin.s	f8,f25,f4	 f25:0xcfc00206  f4:0x00000000  f8=0xcfc00206
     217155.000 ns	     21714	800049e8	1978bf53	fdiv.s	f30,f17,f23	 f17:0x7fc00000 f23:0xcfc00206 f30=0x7fc00000
     217175.000 ns	     21716	800049ec	1f612713	slti	x14,x2,502	  x2:0x00000000 x14=0x00000001
     217195.000 ns	     21718	800049f0	03a8a3b3	mulhsu	x7,x17,x26	 x17:0x31c73f00 x26:0x00000000  x7=0x00000000
     217235.000 ns	     21722	800049f4	10d27c53	fmul.s	f24,f4,f13	  f4:0x00000000 f13:0x7fc00000 f24=0x7fc00000
     217255.000 ns	     21724	800049f8	41995193	srai	x3,x18,0x19	 x18:0x00000000  x3=0x00000000
     217275.000 ns	     21726	800049fc	a1dc27d3	feq.s	x15,f24,f29	 f24:0x7fc00000 f29:0x80000000 x15=0x00000000
     217305.000 ns	     21729	80004a00	c010f4d3	fcvt.wu.s	x9,f1	  f1:0x7fc00000  x9=0xffffffff
     217325.000 ns	     21731	80004a04	019cbeb3	sltu	x29,x25,x25	 x25:0xfffff816 x25:0xfffff816 x29=0x00000000
     217335.000 ns	     21732	80004a08	4ae82513	slti	x10,x16,1198	 x16:0x00000002 x10=0x00000001
     217345.000 ns	     21733	80004a0c	9a739397	auipc	x7,0x9a739	  x7=0x1a73da0c
     217365.000 ns	     21735	80004a10	028e96b3	mulh	x13,x29,x8	 x29:0x00000000  x8:0x00000000 x13=0x00000000
     217395.000 ns	     21738	80004a14	20388b53	fsgnj.s	f22,f17,f3	 f17:0x7fc00000  f3:0x00000000 f22=0x7fc00000
     217415.000 ns	     21740	80004a18	019fb533	sltu	x10,x31,x25	 x31:0x00000000 x25:0xfffff816 x10=0x00000001
     217435.000 ns	     21742	80004a1c	d01a11d3	fcvt.s.wu	f3,x20	 x20:0x80040fe4  f3=0x4f00040f
     217475.000 ns	     21746	80004a20	116473d3	fmul.s	f7,f8,f22	  f8:0xcfc00206 f22:0x7fc00000  f7=0x7fc00000
     217495.000 ns	     21748	80004a24	01cbf633	and	x12,x23,x28	 x23:0x00000064 x28:0x00000000 x12=0x00000000
     217515.000 ns	     21750	80004a28	28969053	fmax.s	f0,f13,f9	 f13:0x7fc00000  f9:0x4fc00206  f0=0x4fc00206
     217565.000 ns	     21755	80004a2c	09e216d3	fsub.s	f13,f4,f30	  f4:0x00000000 f30:0x7fc00000 f13=0x7fc00000
     217595.000 ns	     21758	80004a30	20eb9753	fsgnjn.s	f14,f23,f14	 f23:0xcfc00206 f14:0x4fc00206 f14=0xcfc00206
     217645.000 ns	     21763	80004a34	08cafd53	fsub.s	f26,f21,f12	 f21:0xcfc00206 f12:0x00000000 f26=0xcfc00206
     217675.000 ns	     21766	80004a38	03e01fb3	mulh	x31,x0,x30	  x0:0x00000000 x30:0x00000000 x31=0x00000000
     217705.000 ns	     21769	80004a3c	211a10d3	fsgnjn.s	f1,f20,f17	 f20:0x00000000 f17:0x7fc00000  f1=0x80000000
     217735.000 ns	     21772	80004a40	a1119253	flt.s	x4,f3,f17	  f3:0x4f00040f f17:0x7fc00000  x4=0x00000000
     218105.000 ns	     21809	80004a44	0393e333	rem	x6,x7,x25	  x7:0x1a73da0c x25:0xfffff816  x6=0x000002d4
     218125.000 ns	     21811	80004a48	b022ec13	ori	x24,x5,-1278	  x5:0x00000000 x24=0xfffffb02
     218145.000 ns	     21813	80004a4c	03beb3b3	mulhu	x7,x29,x27	 x29:0x00000000 x27:0x80041024  x7=0x00000000
     218175.000 ns	     21816	80004a50	c006fed3	fcvt.w.s	x29,f13	 f13:0x7fc00000 x29=0x7fffffff
     218195.000 ns	     21818	80004a54	41f78633	sub	x12,x15,x31	 x15:0x00000000 x31:0x00000000 x12=0x00000000
     218215.000 ns	     21820	80004a58	02d80ab3	mul	x21,x16,x13	 x16:0x00000002 x13:0x00000000 x21=0x00000000
     218245.000 ns	     21823	80004a5c	21620653	fsgnj.s	f12,f4,f22	  f4:0x00000000 f22:0x7fc00000 f12=0x00000000
     218295.000 ns	     21828	80004a60	00b69053	fadd.s	f0,f13,f11	 f13:0x7fc00000 f11:0x4fc00206  f0=0x7fc00000
     218665.000 ns	     21865	80004a64	030af6b3	remu	x13,x21,x16	 x21:0x00000000 x16:0x00000002 x13=0x00000000
     218685.000 ns	     21867	80004a68	0147d133	srl	x2,x15,x20	 x15:0x00000000 x20:0x80040fe4  x2=0x00000000
     218695.000 ns	     21868	80004a6c	01d6f2b3	and	x5,x13,x29	 x13:0x00000000 x29:0x7fffffff  x5=0x00000000
     218715.000 ns	     21870	80004a70	20fc9ad3	fsgnjn.s	f21,f25,f15	 f25:0xcfc00206 f15:0x4fc00206 f21=0xcfc00206
     218735.000 ns	     21872	80004a74	0122c233	xor	x4,x5,x18	  x5:0x00000000 x18:0x00000000  x4=0x00000000
     218755.000 ns	     21874	80004a78	a029a753	feq.s	x14,f19,f2	 f19:0x4f000408  f2:0x00000000 x14=0x00000000
     218775.000 ns	     21876	80004a7c	008771b3	and	x3,x14,x8	 x14:0x00000001  x8:0x00000000  x3=0x00000000
     218805.000 ns	     21879	80004a80	58080d53	fsqrt.s	f26,f16	 f16:0x80000000 f26=0x80000000
     218825.000 ns	     21881	80004a84	000c8233	add	x4,x25,x0	 x25:0xfffff816  x0:0x00000000  x4=0xfffff816
     218845.000 ns	     21883	80004a88	20a49353	fsgnjn.s	f6,f9,f10	  f9:0x4fc00206 f10:0x7fc00000  f6=0xcfc00206
     218875.000 ns	     21886	80004a8c	03e8aeb3	mulhsu	x29,x17,x30	 x17:0x31c73f00 x30:0x00000000 x29=0x00000000
     218895.000 ns	     21888	80004a90	00fbc5b3	xor	x11,x23,x15	 x23:0x00000064 x15:0x00000000 x11=0x00000064
     218905.000 ns	     21889	80004a94	40625233	sra	x4,x4,x6	  x4:0xfffff816  x6:0x000002d4  x4=0xffffffff
     218915.000 ns	     21890	80004a98	b1d5b893	sltiu	x17,x11,-1251	 x11:0xffffffff x17=0x00000001
     218935.000 ns	     21892	80004a9c	024a15b3	mulh	x11,x20,x4	 x20:0x80040fe4  x4:0xfffff816 x11=0x00000000
     218955.000 ns	     21894	80004aa0	00890633	add	x12,x18,x8	 x18:0x00000000  x8:0x00000000 x12=0x00000000
     218965.000 ns	     21895	80004aa4	00000013	addi	x0,x0,0	  x0:0x00000000
     218975.000 ns	     21896	80004aa8	00c2b6b3	sltu	x13,x5,x12	  x5:0x00000000 x12:0x00000000 x13=0x00000000
     218985.000 ns	     21897	80004aac	669fe137	lui	x2,0x669fe	  x2=0x669fe000
     219005.000 ns	     21899	80004ab0	a1a723d3	feq.s	x7,f14,f26	 f14:0xcfc00206 f26:0x80000000  x7=0x00000000
     219025.000 ns	     21901	80004ab4	1d8bcf13	xori	x30,x23,472	 x23:0x00000064 x30=0x000001bc
     219045.000 ns	     21903	80004ab8	e00a9753	fclass.s	x14,f21	 f21:0xcfc00206 x14=0x00000002
     219415.000 ns	     21940	80004abc	02e452b3	divu	x5,x8,x14	  x8:0x00000000 x14:0x00000000  x5=0x00000000
     219465.000 ns	     21945	80004ac0	0111ad53	fadd.s	f26,f3,f17	  f3:0x4f00040f f17:0x7fc00000 f26=0x7fc00000
     219515.000 ns	     21950	80004ac4	0017b8d3	fadd.s	f17,f15,f1	 f15:0x4fc00206  f1:0x80000000 f17=0x4fc00206
     219535.000 ns	     21952	80004ac8	00ad86b3	add	x13,x27,x10	 x27:0x80041024 x10:0x00000001 x13=0x80041025
     219545.000 ns	     21953	80004acc	84768113	addi	x2,x13,-1977	 x13:0x00000000  x2=0x8004086c
     219555.000 ns	     21954	80004ad0	cc0d3213	sltiu	x4,x26,-832	 x26:0x00000000  x4=0x00000001
     219575.000 ns	     21956	80004ad4	036ead33	mulhsu	x26,x29,x22	 x29:0x00000000 x22:0x00000000 x26=0x00000000
     219605.000 ns	     21959	80004ad8	e00896d3	fclass.s	x13,f17	 f17:0x4fc00206 x13=0x00000040
     219635.000 ns	     21962	80004adc	d01cc953	fcvt.s.wu	f18,x25	 x25:0xfffff816 f18=0x4f7ffff8
     219655.000 ns	     21964	80004ae0	010867b3	or	x15,x16,x16	 x16:0x00000002 x16:0x00000002 x15=0x00000002
     219665.000 ns	     21965	80004ae4	00bdcbb3	xor	x23,x27,x11	 x27:0x80041024 x11:0x00000000 x23=0x80041024
     219675.000 ns	     21966	80004ae8	402754b3	sra	x9,x14,x2	 x14:0x00000002  x2:0x8004086c  x9=0x00000000
     220035.000 ns	     22002	80004aec	0312e2b3	rem	x5,x5,x17	  x5:0x00000000 x17:0x00000001  x5=0x00000000
     220055.000 ns	     22004	80004af0	9fe28293	addi	x5,x5,-1538	  x5:0x00000000  x5=0xfffff9fe
     220075.000 ns	     22006	80004af4	02f5b833	mulhu	x16,x11,x15	 x11:0x00000000 x15:0x00000002 x16=0x00000000
     220105.000 ns	     22009	80004af8	023470b3	remu	x1,x8,x3	  x8:0x00000000  x3:0x00000000  x1=0x00000000
     220125.000 ns	     22011	80004afc	00099213	slli	x4,x19,0x0	 x19:0xfc31c41b  x4=0xfc31c41b
     220145.000 ns	     22013	80004b00	a11e0e53	fle.s	x28,f28,f17	 f28:0x7fc00000 f17:0x4fc00206 x28=0x00000000
     220185.000 ns	     22017	80004b04	580b13d3	fsqrt.s	f7,f22	 f22:0x7fc00000  f7=0x7fc00000
     220205.000 ns	     22019	80004b08	409d0933	sub	x18,x26,x9	 x26:0x00000000  x9:0x00000000 x18=0x00000000
     220225.000 ns	     22021	80004b0c	21990e53	fsgnj.s	f28,f18,f25	 f18:0x4f7ffff8 f25:0xcfc00206 f28=0xcf7ffff8
     220255.000 ns	     22024	80004b10	d00e70d3	fcvt.s.w	f1,x28	 x28:0x00000000  f1=0x00000000
     220275.000 ns	     22026	80004b14	112ae113	ori	x2,x21,274	 x21:0x00000000  x2=0x00000112
     220295.000 ns	     22028	80004b18	c00e4553	fcvt.w.s	x10,f28	 f28:0xcf7ffff8 x10=0x80000000
     220315.000 ns	     22030	80004b1c	01f0dab3	srl	x21,x1,x31	  x1:0x00000000 x31:0x00000000 x21=0x00000000
     220325.000 ns	     22031	80004b20	be534013	xori	x0,x6,-1051	  x6:0x000002d4
     220335.000 ns	     22032	80004b24	2abb8613	addi	x12,x23,683	 x23:0x80041024 x12=0x800412cf
     220345.000 ns	     22033	80004b28	013a7ab3	and	x21,x20,x19	 x20:0x80040fe4 x19:0xfc31c41b x21=0x80000400
     220375.000 ns	     22036	80004b2c	10c77cd3	fmul.s	f25,f14,f12	 f14:0xcfc00206 f12:0x00000000 f25=0x80000000
     220395.000 ns	     22038	80004b30	4d36e413	ori	x8,x13,1235	 x13:0x00000040  x8=0x000004d3
     220405.000 ns	     22039	80004b34	00000013	addi	x0,x0,0	  x0:0x00000000
     220425.000 ns	     22041	80004b38	e00098d3	fclass.s	x17,f1	  f1:0x00000000 x17=0x00000010
     220445.000 ns	     22043	80004b3c	07384293	xori	x5,x16,115	 x16:0x00000000  x5=0x00000073
     220465.000 ns	     22045	80004b40	026491b3	mulh	x3,x9,x6	  x9:0x00000000  x6:0x000002d4  x3=0x00000000
     220485.000 ns	     22047	80004b44	00e025b3	slt	x11,x0,x14	  x0:0x00000000 x14:0x00000002 x11=0x00000001
     220495.000 ns	     22048	80004b48	ddc9bc93	sltiu	x25,x19,-548	 x19:0xfc31c41b x25=0x00000001
     220505.000 ns	     22049	80004b4c	0064cc33	xor	x24,x9,x6	  x9:0x00000000  x6:0x000002d4 x24=0x000002d4
     220525.000 ns	     22051	80004b50	0272cd33	div	x26,x5,x7	  x5:0x00000073  x7:0x00000000 x26=0xffffffff
     220555.000 ns	     22054	80004b54	e00612d3	fclass.s	x5,f12	 f12:0x00000000  x5=0x00000010
     220575.000 ns	     22056	80004b58	01ec1b93	slli	x23,x24,0x1e	 x24:0x000002d4 x23=0x00000000
     220595.000 ns	     22058	80004b5c	03780fb3	mul	x31,x16,x23	 x16:0x00000000 x23:0x80041024 x31=0x00000000
     220615.000 ns	     22060	80004b60	31ecbf13	sltiu	x30,x25,798	 x25:0x00000001 x30=0x00000001
     220635.000 ns	     22062	80004b64	20bb8353	fsgnj.s	f6,f23,f11	 f23:0xcfc00206 f11:0x4fc00206  f6=0x4fc00206
     220655.000 ns	     22064	80004b68	015a2833	slt	x16,x20,x21	 x20:0x80040fe4 x21:0x80000400 x16=0x00000000
     220675.000 ns	     22066	80004b6c	a0dd06d3	fle.s	x13,f26,f13	 f26:0x7fc00000 f13:0x7fc00000 x13=0x00000000
     220705.000 ns	     22069	80004b70	285319d3	fmax.s	f19,f6,f5	  f6:0x4fc00206  f5:0xcfc00206 f19=0x4fc00206
     220725.000 ns	     22071	80004b74	0154d6b3	srl	x13,x9,x21	  x9:0x00000000 x21:0x80000400 x13=0x00000000
     220745.000 ns	     22073	80004b78	20a80ed3	fsgnj.s	f29,f16,f10	 f16:0x80000000 f10:0x7fc00000 f29=0x00000000
     220765.000 ns	     22075	80004b7c	85252437	lui	x8,0x85252	  x8=0x85252000
     220775.000 ns	     22076	80004b80	3ad86893	ori	x17,x16,941	 x16:0x00000000 x17=0x000003ad
     220795.000 ns	     22078	80004b84	a07f11d3	flt.s	x3,f30,f7	 f30:0x7fc00000  f7:0x7fc00000  x3=0x00000000
     220815.000 ns	     22080	80004b88	0d540eb7	lui	x29,0xd540	 x29=0x0d540000
     220835.000 ns	     22082	80004b8c	e00f1053	fclass.s	x0,f30	 f30:0x7fc00000
     220855.000 ns	     22084	80004b90	00000013	addi	x0,x0,0	  x0:0x00000000
     220875.000 ns	     22086	80004b94	a0c58fd3	fle.s	x31,f11,f12	 f11:0x4fc00206 f12:0x00000000 x31=0x00000000
     220895.000 ns	     22088	80004b98	016f5cb3	srl	x25,x30,x22	 x30:0x00000001 x22:0x00000000 x25=0x00000001
     220915.000 ns	     22090	80004b9c	a1f1a3d3	feq.s	x7,f3,f31	  f3:0x4f00040f f31:0xffc00000  x7=0x00000000
     220935.000 ns	     22092	80004ba0	fa7381b7	lui	x3,0xfa738	  x3=0xfa738000
     220955.000 ns	     22094	80004ba4	030545b3	div	x11,x10,x16	 x10:0x80000000 x16:0x00000000 x11=0xffffffff
     220985.000 ns	     22097	80004ba8	02c09e33	mulh	x28,x1,x12	  x1:0x00000000 x12:0x800412cf x28=0x00000000
     221005.000 ns	     22099	80004bac	00000013	addi	x0,x0,0	  x0:0x00000000
     221015.000 ns	     22100	80004bb0	40cad5b3	sra	x11,x21,x12	 x21:0x80000400 x12:0x800412cf x11=0xffff0000
     221025.000 ns	     22101	80004bb4	008be6b3	or	x13,x23,x8	 x23:0x00000000  x8:0x85252000 x13=0x85252000
     221045.000 ns	     22103	80004bb8	e0058353	fmv.x.w	x6,f11	 f11:0x4fc00206  x6=0x4fc00206
     221065.000 ns	     22105	80004bbc	00ec5c13	srli	x24,x24,0xe	 x24:0x000002d4 x24=0x00000000
     221075.000 ns	     22106	80004bc0	018a8ab3	add	x21,x21,x24	 x21:0x80000400 x24:0x000002d4 x21=0x80000400
     221095.000 ns	     22108	80004bc4	f0008d53	fmv.w.x	f26,x1	  x1:0x00000000 f26=0x00000000
     221125.000 ns	     22111	80004bc8	03649eb3	mulh	x29,x9,x22	  x9:0x00000000 x22:0x00000000 x29=0x00000000
     221155.000 ns	     22114	80004bcc	02939ab3	mulh	x21,x7,x9	  x7:0x00000000  x9:0x00000000 x21=0x00000000
     221185.000 ns	     22117	80004bd0	d0043ad3	fcvt.s.w	f21,x8	  x8:0x85252000 f21=0xcef5b5c0
     221205.000 ns	     22119	80004bd4	b6fbdc17	auipc	x24,0xb6fbd	 x24=0x36fc1bd4
     221225.000 ns	     22121	80004bd8	022795b3	mulh	x11,x15,x2	 x15:0x00000002  x2:0x00000112 x11=0x00000000
     221255.000 ns	     22124	80004bdc	02191133	mulh	x2,x18,x1	 x18:0x00000000  x1:0x00000000  x2=0x00000000
     221275.000 ns	     22126	80004be0	cfd50493	addi	x9,x10,-771	 x10:0x80000000  x9=0x7ffffcfd
     221295.000 ns	     22128	80004be4	e00704d3	fmv.x.w	x9,f14	 f14:0xcfc00206  x9=0xcfc00206
     221325.000 ns	     22131	80004be8	a0100053	fle.s	x0,f0,f1	  f0:0x7fc00000  f1:0x00000000
     221345.000 ns	     22133	80004bec	015a1bb3	sll	x23,x20,x21	 x20:0x80040fe4 x21:0x00000000 x23=0x80040fe4
     221355.000 ns	     22134	80004bf0	500b86b7	lui	x13,0x500b8	 x13=0x500b8000
     221365.000 ns	     22135	80004bf4	008d0933	add	x18,x26,x8	 x26:0xffffffff  x8:0x85252000 x18=0x85251fff
     221375.000 ns	     22136	80004bf8	0003e0b3	or	x1,x7,x0	  x7:0x00000000  x0:0x00000000  x1=0x00000000
     221705.000 ns	     22169	80004bfc	18f4f653	fdiv.s	f12,f9,f15	  f9:0x4fc00206 f15:0x4fc00206 f12=0x3f400206
     221735.000 ns	     22172	80004c00	c0059453	fcvt.w.s	x8,f11	 f11:0x4fc00206  x8=0x7fffffff
     221755.000 ns	     22174	80004c04	a2f9b113	sltiu	x2,x19,-1489	 x19:0xfc31c41b  x2=0x00000001
     221785.000 ns	     22177	80004c08	10859f53	fmul.s	f30,f11,f8	 f11:0x4fc00206  f8:0xcfc00206 f30=0xe0100309
     221805.000 ns	     22179	80004c0c	ae4b2313	slti	x6,x22,-1308	 x22:0x00000000  x6=0x00000000
     221835.000 ns	     22182	80004c10	19d674d3	fdiv.s	f9,f12,f29	 f12:0x3f400206 f29:0x00000000  f9=0x7f800000
     221855.000 ns	     22184	80004c14	001cb633	sltu	x12,x25,x1	 x25:0x00000001  x1:0x00000000 x12=0x00000000
     221875.000 ns	     22186	80004c18	0297bb33	mulhu	x22,x15,x9	 x15:0x00000002  x9:0xcfc00206 x22=0x00000001
     221905.000 ns	     22189	80004c1c	21f29953	fsgnjn.s	f18,f5,f31	  f5:0xcfc00206 f31:0xffc00000 f18=0x4fc00206
     221935.000 ns	     22192	80004c20	28709953	fmax.s	f18,f1,f7	  f1:0x00000000  f7:0x7fc00000 f18=0x00000000
     221955.000 ns	     22194	80004c24	00ef9e93	slli	x29,x31,0xe	 x31:0x00000000 x29=0x00000000
     221975.000 ns	     22196	80004c28	29910053	fmin.s	f0,f2,f25	  f2:0x00000000 f25:0x80000000  f0=0x80000000
     222005.000 ns	     22199	80004c2c	28e01153	fmax.s	f2,f0,f14	  f0:0x7fc00000 f14:0xcfc00206  f2=0x80000000
     222035.000 ns	     22202	80004c30	02186e33	rem	x28,x16,x1	 x16:0x00000000  x1:0x00000000 x28=0x00000000
     222065.000 ns	     22205	80004c34	026468b3	rem	x17,x8,x6	  x8:0x7fffffff  x6:0x00000000 x17=0x7fffffff
     222105.000 ns	     22209	80004c38	580efd53	fsqrt.s	f26,f29	 f29:0x00000000 f26=0x00000000
     222125.000 ns	     22211	80004c3c	83dff813	andi	x16,x31,-1987	 x31:0x00000000 x16=0x00000000
     222145.000 ns	     22213	80004c40	f0050a53	fmv.w.x	f20,x10	 x10:0x80000000 f20=0x80000000
     222175.000 ns	     22216	80004c44	a19080d3	fle.s	x1,f1,f25	  f1:0x00000000 f25:0x80000000  x1=0x00000001
     222205.000 ns	     22219	80004c48	a04c8d53	fle.s	x26,f25,f4	 f25:0x80000000  f4:0x00000000 x26=0x00000001
     222225.000 ns	     22221	80004c4c	6cc62ab7	lui	x21,0x6cc62	 x21=0x6cc62000
     222245.000 ns	     22223	80004c50	03d69eb3	mulh	x29,x13,x29	 x13:0x500b8000 x29:0x00000000 x29=0x00000000
     222275.000 ns	     22226	80004c54	20b80ad3	fsgnj.s	f21,f16,f11	 f16:0x80000000 f11:0x4fc00206 f21=0x00000000
     222305.000 ns	     22229	80004c58	c00f73d3	fcvt.w.s	x7,f30	 f30:0xe0100309  x7=0x80000000
     222325.000 ns	     22231	80004c5c	40d80f93	addi	x31,x16,1037	 x16:0x00000000 x31=0x0000040d
     222335.000 ns	     22232	80004c60	7b023793	sltiu	x15,x4,1968	  x4:0xfc31c41b x15=0x00000000
     222345.000 ns	     22233	80004c64	015333b3	sltu	x7,x6,x21	  x6:0x00000000 x21:0x6cc62000  x7=0x00000001
     222365.000 ns	     22235	80004c68	21588d53	fsgnj.s	f26,f17,f21	 f17:0x4fc00206 f21:0x00000000 f26=0x4fc00206
     222735.000 ns	     22272	80004c6c	038548b3	div	x17,x10,x24	 x10:0x80000000 x24:0x36fc1bd4 x17=0xfffffffe
     222775.000 ns	     22276	80004c70	18a07753	fdiv.s	f14,f0,f10	  f0:0x80000000 f10:0x7fc00000 f14=0x7fc00000
     222795.000 ns	     22278	80004c74	006e6ab3	or	x21,x28,x6	 x28:0x00000000  x6:0x00000000 x21=0x00000000
     222805.000 ns	     22279	80004c78	015863b3	or	x7,x16,x21	 x16:0x00000000 x21:0x6cc62000  x7=0x00000000
     222845.000 ns	     22283	80004c7c	01ecfd53	fadd.s	f26,f25,f30	 f25:0x80000000 f30:0xe0100309 f26=0xe0100309
     222865.000 ns	     22285	80004c80	3b786293	ori	x5,x16,951	 x16:0x00000000  x5=0x000003b7
     222905.000 ns	     22289	80004c84	08fd88d3	fsub.s	f17,f27,f15	 f27:0xcfc00206 f15:0x4fc00206 f17=0xd0400206
     222925.000 ns	     22291	80004c88	0130b133	sltu	x2,x1,x19	  x1:0x00000001 x19:0xfc31c41b  x2=0x00000001
     222945.000 ns	     22293	80004c8c	037c35b3	mulhu	x11,x24,x23	 x24:0x36fc1bd4 x23:0x80040fe4 x11=0x1b7eed44
     222965.000 ns	     22295	80004c90	016baab3	slt	x21,x23,x22	 x23:0x80040fe4 x22:0x00000001 x21=0x00000001
     222985.000 ns	     22297	80004c94	039ca933	mulhsu	x18,x25,x25	 x25:0x00000001 x25:0x00000001 x18=0x00000000
     223355.000 ns	     22334	80004c98	02426eb3	rem	x29,x4,x4	  x4:0xfc31c41b  x4:0xfc31c41b x29=0x00000000
     223385.000 ns	     22337	80004c9c	026e74b3	remu	x9,x28,x6	 x28:0x00000000  x6:0x00000000  x9=0x00000000
     223415.000 ns	     22340	80004ca0	c018ae53	fcvt.wu.s	x28,f17	 f17:0xd0400206 x28=0x00000000
     223435.000 ns	     22342	80004ca4	017d9f93	slli	x31,x27,0x17	 x27:0x80041024 x31=0x12000000
     223455.000 ns	     22344	80004ca8	21c126d3	fsgnjx.s	f13,f2,f28	  f2:0x80000000 f28:0xcf7ffff8 f13=0x00000000
     223795.000 ns	     22378	80004cac	19af7553	fdiv.s	f10,f30,f26	 f30:0xe0100309 f26:0xe0100309 f10=0x3f10030a
     223825.000 ns	     22381	80004cb0	027865b3	rem	x11,x16,x7	 x16:0x00000000  x7:0x00000000 x11=0x00000000
     223845.000 ns	     22383	80004cb4	00cf6cb3	or	x25,x30,x12	 x30:0x00000001 x12:0x00000000 x25=0x00000001
     223855.000 ns	     22384	80004cb8	011c4133	xor	x2,x24,x17	 x24:0x36fc1bd4 x17:0xfffffffe  x2=0xc903e42a
     223865.000 ns	     22385	80004cbc	3d66a293	slti	x5,x13,982	 x13:0x500b8000  x5=0x00000000
     223885.000 ns	     22387	80004cc0	02d99533	mulh	x10,x19,x13	 x19:0xfc31c41b x13:0x500b8000 x10=0xfecf6184
     223905.000 ns	     22389	80004cc4	01c672b3	and	x5,x12,x28	 x12:0x00000000 x28:0x00000000  x5=0x00000000
     223925.000 ns	     22391	80004cc8	c00a7853	fcvt.w.s	x16,f20	 f20:0x80000000 x16=0x00000000
     224265.000 ns	     22425	80004ccc	19729953	fdiv.s	f18,f5,f23	  f5:0xcfc00206 f23:0xcfc00206 f18=0x3f400206
     224295.000 ns	     22428	80004cd0	297c8c53	fmin.s	f24,f25,f23	 f25:0x80000000 f23:0xcfc00206 f24=0xcfc00206
     224325.000 ns	     22431	80004cd4	020f35b3	mulhu	x11,x30,x0	 x30:0x00000001  x0:0x00000000 x11=0x00000000
     224345.000 ns	     22433	80004cd8	00949313	slli	x6,x9,0x9	  x9:0x00000000  x6=0x00000000
     224375.000 ns	     22436	80004cdc	102af3d3	fmul.s	f7,f21,f2	 f21:0x00000000  f2:0x80000000  f7=0x80000000
     224405.000 ns	     22439	80004ce0	a0561c53	flt.s	x24,f12,f5	 f12:0x3f400206  f5:0xcfc00206 x24=0x00000000
     224775.000 ns	     22476	80004ce4	03eace33	div	x28,x21,x30	 x21:0x00000001 x30:0x00000001 x28=0x00000001
     224805.000 ns	     22479	80004ce8	e0088ad3	fmv.x.w	x21,f17	 f17:0xd0400206 x21=0xd0400206
     225985.000 ns	     22597	80004cec	580635d3	fsqrt.s	f11,f12	 f12:0x3f400206 f11=0x3f07c51b
     226005.000 ns	     22599	80004cf0	5f1300b7	lui	x1,0x5f130	  x1=0x5f130000
     226025.000 ns	     22601	80004cf4	a17d2ad3	feq.s	x21,f26,f23	 f26:0xe0100309 f23:0xcfc00206 x21=0x00000000
     226065.000 ns	     22605	80004cf8	10f57553	fmul.s	f10,f10,f15	 f10:0x3f10030a f15:0x4fc00206 f10=0x4f5806d6
     226085.000 ns	     22607	80004cfc	010dd393	srli	x7,x27,0x10	 x27:0x80041024  x7=0x00008004
     226105.000 ns	     22609	80004d00	295a1553	fmax.s	f10,f20,f21	 f20:0x80000000 f21:0x00000000 f10=0x00000000
     226135.000 ns	     22612	80004d04	a1c29053	flt.s	x0,f5,f28	  f5:0xcfc00206 f28:0xcf7ffff8
     226165.000 ns	     22615	80004d08	29248d53	fmin.s	f26,f9,f18	  f9:0x7f800000 f18:0x3f400206 f26=0x3f400206
     226195.000 ns	     22618	80004d0c	20c79cd3	fsgnjn.s	f25,f15,f12	 f15:0x4fc00206 f12:0x3f400206 f25=0xcfc00206
     226215.000 ns	     22620	80004d10	017488b3	add	x17,x9,x23	  x9:0x00000000 x23:0x80040fe4 x17=0x80040fe4
     226225.000 ns	     22621	80004d14	00459093	slli	x1,x11,0x4	 x11:0x00000000  x1=0x00000000
     226245.000 ns	     22623	80004d18	032037b3	mulhu	x15,x0,x18	  x0:0x00000000 x18:0x00000000 x15=0x00000000
     226275.000 ns	     22626	80004d1c	a1950ed3	fle.s	x29,f10,f25	 f10:0x00000000 f25:0xcfc00206 x29=0x00000000
     226305.000 ns	     22629	80004d20	036384b3	mul	x9,x7,x22	  x7:0x00008004 x22:0x00000001  x9=0x00008004
     226335.000 ns	     22632	80004d24	a1ef9ad3	flt.s	x21,f31,f30	 f31:0xffc00000 f30:0xe0100309 x21=0x00000000
     226355.000 ns	     22634	80004d28	fe0b0b93	addi	x23,x22,-32	 x22:0x00000001 x23=0xffffffe1
     226375.000 ns	     22636	80004d2c	a1ef9253	flt.s	x4,f31,f30	 f31:0xffc00000 f30:0xe0100309  x4=0x00000000
     226425.000 ns	     22641	80004d30	01b572d3	fadd.s	f5,f10,f27	 f10:0x00000000 f27:0xcfc00206  f5=0xcfc00206
     226445.000 ns	     22643	80004d34	3b7dfa97	auipc	x21,0x3b7df	 x21=0xbb7e3d34
     226455.000 ns	     22644	80004d38	b988cc97	auipc	x25,0xb988c	 x25=0x39890d38
     226465.000 ns	     22645	80004d3c	00a05933	srl	x18,x0,x10	  x0:0x00000000 x10:0xfecf6184 x18=0x00000000
     226485.000 ns	     22647	80004d40	e00390d3	fclass.s	x1,f7	  f7:0x80000000  x1=0x00000008
     226515.000 ns	     22650	80004d44	20040053	fsgnj.s	f0,f8,f0	  f8:0xcfc00206  f0:0x80000000  f0=0xcfc00206
     226545.000 ns	     22653	80004d48	037498b3	mulh	x17,x9,x23	  x9:0x00008004 x23:0xffffffe1 x17=0xffffffff
     226585.000 ns	     22657	80004d4c	1057fc53	fmul.s	f24,f15,f5	 f15:0x4fc00206  f5:0xcfc00206 f24=0xe0100309
     226615.000 ns	     22660	80004d50	a05f0cd3	fle.s	x25,f30,f5	 f30:0xe0100309  f5:0xcfc00206 x25=0x00000001
     226645.000 ns	     22663	80004d54	21961f53	fsgnjn.s	f30,f12,f25	 f12:0x3f400206 f25:0xcfc00206 f30=0x3f400206
     226675.000 ns	     22666	80004d58	e00f16d3	fclass.s	x13,f30	 f30:0xe0100309 x13=0x00000040
     226695.000 ns	     22668	80004d5c	01ebe6b3	or	x13,x23,x30	 x23:0xffffffe1 x30:0x00000001 x13=0xffffffe1
     226705.000 ns	     22669	80004d60	01e31813	slli	x16,x6,0x1e	  x6:0x00000000 x16=0x00000000
     226725.000 ns	     22671	80004d64	037201b3	mul	x3,x4,x23	  x4:0x00000000 x23:0xffffffe1  x3=0x00000000
     226765.000 ns	     22675	80004d68	5802f5d3	fsqrt.s	f11,f5	  f5:0xcfc00206 f11=0x7fc00000
     227105.000 ns	     22709	80004d6c	1971f2d3	fdiv.s	f5,f3,f23	  f3:0x4f00040f f23:0xcfc00206  f5=0xbe800410
     227135.000 ns	     22712	80004d70	a05a9ad3	flt.s	x21,f21,f5	 f21:0x00000000  f5:0xcfc00206 x21=0x00000000
     227165.000 ns	     22715	80004d74	02fdfe33	remu	x28,x27,x15	 x27:0x80041024 x15:0x00000000 x28=0x80041024
     227195.000 ns	     22718	80004d78	21f2ae53	fsgnjx.s	f28,f5,f31	  f5:0xbe800410 f31:0xffc00000 f28=0x3e800410
     227215.000 ns	     22720	80004d7c	c0330713	addi	x14,x6,-1021	  x6:0x00000000 x14=0xfffffc03
     227225.000 ns	     22721	80004d80	0173f033	and	x0,x7,x23	  x7:0x00008004 x23:0xffffffe1
     227235.000 ns	     22722	80004d84	34c5d337	lui	x6,0x34c5d	  x6=0x34c5d000
     227595.000 ns	     22758	80004d88	03f07eb3	remu	x29,x0,x31	  x0:0x00000000 x31:0x12000000 x29=0x00000000
     227625.000 ns	     22761	80004d8c	c0157ad3	fcvt.wu.s	x21,f10	 f10:0x00000000 x21=0x00000000
     227655.000 ns	     22764	80004d90	e00916d3	fclass.s	x13,f18	 f18:0x3f400206 x13=0x00000040
     227685.000 ns	     22767	80004d94	d01b0fd3	fcvt.s.wu	f31,x22	 x22:0x00000001 f31=0x3f800000
     227715.000 ns	     22770	80004d98	201ea053	fsgnjx.s	f0,f29,f1	 f29:0x00000000  f1:0x00000000  f0=0x00000000
     227745.000 ns	     22773	80004d9c	20da14d3	fsgnjn.s	f9,f20,f13	 f20:0x80000000 f13:0x00000000  f9=0x80000000
     227765.000 ns	     22775	80004da0	00000013	addi	x0,x0,0	  x0:0x00000000
     227785.000 ns	     22777	80004da4	a1c924d3	feq.s	x9,f18,f28	 f18:0x3f400206 f28:0x3e800410  x9=0x00000000
     227815.000 ns	     22780	80004da8	02c49c33	mulh	x24,x9,x12	  x9:0x00008004 x12:0x00000000 x24=0x00000000
     227835.000 ns	     22782	80004dac	ed2dc393	xori	x7,x27,-302	 x27:0x80041024  x7=0x7ffbeef6
     227845.000 ns	     22783	80004db0	0174e033	or	x0,x9,x23	  x9:0x00000000 x23:0xffffffe1
     227885.000 ns	     22787	80004db4	09537b53	fsub.s	f22,f6,f21	  f6:0x4fc00206 f21:0x00000000 f22=0x4fc00206
     227905.000 ns	     22789	80004db8	dd723493	sltiu	x9,x4,-553	  x4:0x00000000  x9=0x00000001
     227925.000 ns	     22791	80004dbc	0323f933	remu	x18,x7,x18	  x7:0x7ffbeef6 x18:0x00000000 x18=0x7ffbeef6
     227955.000 ns	     22794	80004dc0	02803233	mulhu	x4,x0,x8	  x0:0x00000000  x8:0x7fffffff  x4=0x00000000
     227985.000 ns	     22797	80004dc4	0347a3b3	mulhsu	x7,x15,x20	 x15:0x00000000 x20:0x80040fe4  x7=0x00000000
     228015.000 ns	     22800	80004dc8	03d20c33	mul	x24,x4,x29	  x4:0x00000000 x29:0x00000000 x24=0x00000000
     228385.000 ns	     22837	80004dcc	0334d3b3	divu	x7,x9,x19	  x9:0x00000001 x19:0xfc31c41b  x7=0x00000000
     228405.000 ns	     22839	80004dd0	6d297b93	andi	x23,x18,1746	 x18:0x7ffbeef6 x23=0x000006d2
     228415.000 ns	     22840	80004dd4	00675493	srli	x9,x14,0x6	 x14:0xfffffc03  x9=0x03fffff0
     228455.000 ns	     22844	80004dd8	00e77653	fadd.s	f12,f14,f14	 f14:0x7fc00000 f14:0x7fc00000 f12=0x7fc00000
     228485.000 ns	     22847	80004ddc	28bc93d3	fmax.s	f7,f25,f11	 f25:0xcfc00206 f11:0x7fc00000  f7=0xcfc00206
     228505.000 ns	     22849	80004de0	008ce933	or	x18,x25,x8	 x25:0x00000001  x8:0x7fffffff x18=0x7fffffff
     228525.000 ns	     22851	80004de4	02b7eab3	rem	x21,x15,x11	 x15:0x00000000 x11:0x00000000 x21=0x00000000
     228555.000 ns	     22854	80004de8	c00abe53	fcvt.w.s	x28,f21	 f21:0x00000000 x28=0x00000000
     228585.000 ns	     22857	80004dec	02c6a5b3	mulhsu	x11,x13,x12	 x13:0x00000040 x12:0x00000000 x11=0x00000000
     228605.000 ns	     22859	80004df0	09070b93	addi	x23,x14,144	 x14:0xfffffc03 x23=0xfffffc93
     228625.000 ns	     22861	80004df4	c0157553	fcvt.wu.s	x10,f10	 f10:0x00000000 x10=0x00000000
     228675.000 ns	     22866	80004df8	08dc7e53	fsub.s	f28,f24,f13	 f24:0xe0100309 f13:0x00000000 f28=0xe0100309
     228695.000 ns	     22868	80004dfc	015a1213	slli	x4,x20,0x15	 x20:0x80040fe4  x4=0xfc800000
     228705.000 ns	     22869	80004e00	00333033	sltu	x0,x6,x3	  x6:0x34c5d000  x3:0x00000000
     228725.000 ns	     22871	80004e04	c001f153	fcvt.w.s	x2,f3	  f3:0x4f00040f  x2=0x7fffffff
     228745.000 ns	     22873	80004e08	00a4af33	slt	x30,x9,x10	  x9:0x03fffff0 x10:0x00000000 x30=0x00000000
     228755.000 ns	     22874	80004e0c	4103dcb3	sra	x25,x7,x16	  x7:0x00000000 x16:0x00000000 x25=0x00000000
     228775.000 ns	     22876	80004e10	d01275d3	fcvt.s.wu	f11,x4	  x4:0xfc800000 f11=0x4f7c8000
     228805.000 ns	     22879	80004e14	036a95b3	mulh	x11,x21,x22	 x21:0x00000000 x22:0x00000001 x11=0x00000000
     228855.000 ns	     22884	80004e18	086800d3	fsub.s	f1,f16,f6	 f16:0x80000000  f6:0x4fc00206  f1=0xcfc00206
     228875.000 ns	     22886	80004e1c	01b61293	slli	x5,x12,0x1b	 x12:0x00000000  x5=0x00000000
     228915.000 ns	     22890	80004e20	01407353	fadd.s	f6,f0,f20	  f0:0x00000000 f20:0x80000000  f6=0x80000000
     228945.000 ns	     22893	80004e24	28888cd3	fmin.s	f25,f17,f8	 f17:0xd0400206  f8:0xcfc00206 f25=0xd0400206
     228975.000 ns	     22896	80004e28	c0057f53	fcvt.w.s	x30,f10	 f10:0x00000000 x30=0x00000000
     229005.000 ns	     22899	80004e2c	21de1553	fsgnjn.s	f10,f28,f29	 f28:0xe0100309 f29:0x00000000 f10=0xe0100309
     229025.000 ns	     22901	80004e30	01402533	slt	x10,x0,x20	  x0:0x00000000 x20:0x80040fe4 x10=0x00000000
     229055.000 ns	     22904	80004e34	5806fb53	fsqrt.s	f22,f13	 f13:0x00000000 f22=0x00000000
     229075.000 ns	     22906	80004e38	fb2ba193	slti	x3,x23,-78	 x23:0xfffffc93  x3=0x00000001
     229085.000 ns	     22907	80004e3c	fadb6813	ori	x16,x22,-83	 x22:0x00000001 x16=0xffffffad
     229095.000 ns	     22908	80004e40	003172b3	and	x5,x2,x3	  x2:0x7fffffff  x3:0x00000000  x5=0x00000001
     229125.000 ns	     22911	80004e44	111daed3	fmul.s	f29,f27,f17	 f27:0xcfc00206 f17:0xd0400206 f29=0x60900309
     229155.000 ns	     22914	80004e48	a078acd3	feq.s	x25,f17,f7	 f17:0xd0400206  f7:0xcfc00206 x25=0x00000000
     229175.000 ns	     22916	80004e4c	9c4b1a97	auipc	x21,0x9c4b1	 x21=0x1c4b5e4c
     229185.000 ns	     22917	80004e50	01a4bc33	sltu	x24,x9,x26	  x9:0x03fffff0 x26:0x00000001 x24=0x00000000
     229205.000 ns	     22919	80004e54	21620053	fsgnj.s	f0,f4,f22	  f4:0x00000000 f22:0x00000000  f0=0x00000000
     229575.000 ns	     22956	80004e58	0292c533	div	x10,x5,x9	  x5:0x00000001  x9:0x03fffff0 x10=0x00000000
     229595.000 ns	     22958	80004e5c	01093e33	sltu	x28,x18,x16	 x18:0x7fffffff x16:0xffffffad x28=0x00000001
     229615.000 ns	     22960	80004e60	d0167253	fcvt.s.wu	f4,x12	 x12:0x00000000  f4=0x00000000
     229985.000 ns	     22997	80004e64	0218ceb3	div	x29,x17,x1	 x17:0xffffffff  x1:0x00000008 x29=0x00000000
     230005.000 ns	     22999	80004e68	40215213	srai	x4,x2,0x2	  x2:0x7fffffff  x4=0x1fffffff
     230015.000 ns	     23000	80004e6c	e96c4193	xori	x3,x24,-362	 x24:0x00000000  x3=0xfffffe96
     230035.000 ns	     23002	80004e70	c015fcd3	fcvt.wu.s	x25,f11	 f11:0x4f7c8000 x25=0xfc800000
     230055.000 ns	     23004	80004e74	008bf5b3	and	x11,x23,x8	 x23:0xfffffc93  x8:0x7fffffff x11=0x7ffffc93
     230065.000 ns	     23005	80004e78	01e821b3	slt	x3,x16,x30	 x16:0xffffffad x30:0x00000000  x3=0x00000001
     230075.000 ns	     23006	80004e7c	00a5bcb3	sltu	x25,x11,x10	 x11:0x00000000 x10:0x00000000 x25=0x00000000
     230085.000 ns	     23007	80004e80	ef1d7013	andi	x0,x26,-271	 x26:0x00000001
     230105.000 ns	     23009	80004e84	20761453	fsgnjn.s	f8,f12,f7	 f12:0x7fc00000  f7:0xcfc00206  f8=0x7fc00000
     230125.000 ns	     23011	80004e88	c63d4a93	xori	x21,x26,-925	 x26:0x00000001 x21=0xfffffc62
     230135.000 ns	     23012	80004e8c	403e0633	sub	x12,x28,x3	 x28:0x00000001  x3:0x00000001 x12=0x00000000
     230155.000 ns	     23014	80004e90	0380a1b3	mulhsu	x3,x1,x24	  x1:0x00000008 x24:0x00000000  x3=0x00000000
     230175.000 ns	     23016	80004e94	00000013	addi	x0,x0,0	  x0:0x00000000
     230185.000 ns	     23017	80004e98	0035e733	or	x14,x11,x3	 x11:0x7ffffc93  x3:0x00000000 x14=0x7ffffc93
     230195.000 ns	     23018	80004e9c	f7b07e13	andi	x28,x0,-133	  x0:0x00000000 x28=0x00000000
     230225.000 ns	     23021	80004ea0	1157fa53	fmul.s	f20,f15,f21	 f15:0x4fc00206 f21:0x00000000 f20=0x00000000
     230255.000 ns	     23024	80004ea4	03e65ab3	divu	x21,x12,x30	 x12:0x00000000 x30:0x00000000 x21=0xffffffff
     230275.000 ns	     23026	80004ea8	c6a57093	andi	x1,x10,-918	 x10:0x00000000  x1=0x00000000
     230635.000 ns	     23062	80004eac	03a96e33	rem	x28,x18,x26	 x18:0x7fffffff x26:0x00000001 x28=0x00000000
     230665.000 ns	     23065	80004eb0	203aacd3	fsgnjx.s	f25,f21,f3	 f21:0x00000000  f3:0x4f00040f f25=0x00000000
     230685.000 ns	     23067	80004eb4	01aa25b3	slt	x11,x20,x26	 x20:0x80040fe4 x26:0x00000001 x11=0x00000001
     230725.000 ns	     23071	80004eb8	00a53ad3	fadd.s	f21,f10,f10	 f10:0xe0100309 f10:0xe0100309 f21=0xe0900309
     231905.000 ns	     23189	80004ebc	5807ac53	fsqrt.s	f24,f15	 f15:0x4fc00206 f24=0x479cc53e
     231945.000 ns	     23193	80004ec0	18eb7453	fdiv.s	f8,f22,f14	 f22:0x00000000 f14:0x7fc00000  f8=0x7fc00000
     231975.000 ns	     23196	80004ec4	e00580d3	fmv.x.w	x1,f11	 f11:0x4f7c8000  x1=0x4f7c8000
     232005.000 ns	     23199	80004ec8	d01a7053	fcvt.s.wu	f0,x20	 x20:0x80040fe4  f0=0x4f00040f
     232025.000 ns	     23201	80004ecc	00a352b3	srl	x5,x6,x10	  x6:0x34c5d000 x10:0x00000000  x5=0x34c5d000
     232035.000 ns	     23202	80004ed0	0137b1b3	sltu	x3,x15,x19	 x15:0x00000000 x19:0xfc31c41b  x3=0x00000001
     232045.000 ns	     23203	80004ed4	419fd893	srai	x17,x31,0x19	 x31:0x12000000 x17=0x00000009
     232065.000 ns	     23205	80004ed8	21630bd3	fsgnj.s	f23,f6,f22	  f6:0x80000000 f22:0x00000000 f23=0x00000000
     232085.000 ns	     23207	80004edc	01526933	or	x18,x4,x21	  x4:0x1fffffff x21:0xffffffff x18=0xffffffff
     232105.000 ns	     23209	80004ee0	d01d8553	fcvt.s.wu	f10,x27	 x27:0x80041024 f10=0x4f000410
     232155.000 ns	     23214	80004ee4	00117a53	fadd.s	f20,f2,f1	  f2:0x80000000  f1:0xcfc00206 f20=0xcfc00206
     232205.000 ns	     23219	80004ee8	088d83d3	fsub.s	f7,f27,f8	 f27:0xcfc00206  f8:0x7fc00000  f7=0x7fc00000
     232225.000 ns	     23221	80004eec	41e05c93	srai	x25,x0,0x1e	  x0:0x00000000 x25=0x00000000
     232235.000 ns	     23222	80004ef0	8bd63813	sltiu	x16,x12,-1859	 x12:0x00000000 x16=0x00000001
     232245.000 ns	     23223	80004ef4	b49f4d13	xori	x26,x30,-1207	 x30:0x00000000 x26=0xfffffb49
     232255.000 ns	     23224	80004ef8	7f068a93	addi	x21,x13,2032	 x13:0x00000040 x21=0x00000830
     232275.000 ns	     23226	80004efc	280302d3	fmin.s	f5,f6,f0	  f6:0x80000000  f0:0x4f00040f  f5=0x80000000
     232305.000 ns	     23229	80004f00	207492d3	fsgnjn.s	f5,f9,f7	  f9:0x80000000  f7:0x7fc00000  f5=0x80000000
     232325.000 ns	     23231	80004f04	ed7f4b17	auipc	x22,0xed7f4	 x22=0x6d7f8f04
     232335.000 ns	     23232	80004f08	01d56fb3	or	x31,x10,x29	 x10:0x00000000 x29:0x00000000 x31=0x00000000
     232345.000 ns	     23233	80004f0c	bd2cf213	andi	x4,x25,-1070	 x25:0x00000000  x4=0x00000000
     232365.000 ns	     23235	80004f10	02a8ec33	rem	x24,x17,x10	 x17:0x00000009 x10:0x00000000 x24=0x00000009
     232395.000 ns	     23238	80004f14	0210b1b3	mulhu	x3,x1,x1	  x1:0x4f7c8000  x1:0x4f7c8000  x3=0x18ae138c
     232415.000 ns	     23240	80004f18	30d18613	addi	x12,x3,781	  x3:0x00000001 x12=0x18ae1699
     232425.000 ns	     23241	80004f1c	412f5013	srai	x0,x30,0x12	 x30:0x00000000
     232435.000 ns	     23242	80004f20	01b401b3	add	x3,x8,x27	  x8:0x7fffffff x27:0x80041024  x3=0x00041023
     232445.000 ns	     23243	80004f24	01882cb3	slt	x25,x16,x24	 x16:0x00000001 x24:0x00000009 x25=0x00000001
     232475.000 ns	     23246	80004f28	10e82353	fmul.s	f6,f16,f14	 f16:0x80000000 f14:0x7fc00000  f6=0x7fc00000
     232505.000 ns	     23249	80004f2c	d0033b53	fcvt.s.w	f22,x6	  x6:0x34c5d000 f22=0x4e531740
     232525.000 ns	     23251	80004f30	01c386b3	add	x13,x7,x28	  x7:0x00000000 x28:0x00000000 x13=0x00000000
     232885.000 ns	     23287	80004f34	023f4833	div	x16,x30,x3	 x30:0x00000000  x3:0x00041023 x16=0x00000000
     232905.000 ns	     23289	80004f38	000fcab3	xor	x21,x31,x0	 x31:0x00000000  x0:0x00000000 x21=0x00000000
     232925.000 ns	     23291	80004f3c	c00ffc53	fcvt.w.s	x24,f31	 f31:0x3f800000 x24=0x00000001
     232945.000 ns	     23293	80004f40	cd340613	addi	x12,x8,-813	  x8:0x7fffffff x12=0x7ffffcd2
     232965.000 ns	     23295	80004f44	a1312fd3	feq.s	x31,f2,f19	  f2:0x80000000 f19:0x4fc00206 x31=0x00000000
     232985.000 ns	     23297	80004f48	df590893	addi	x17,x18,-523	 x18:0xffffffff x17=0xfffffdf4
     233025.000 ns	     23301	80004f4c	09c3fe53	fsub.s	f28,f7,f28	  f7:0x7fc00000 f28:0xe0100309 f28=0x7fc00000
     233055.000 ns	     23304	80004f50	02b88333	mul	x6,x17,x11	 x17:0x00000009 x11:0x00000001  x6=0xfffffdf4
     233075.000 ns	     23306	80004f54	2966b493	sltiu	x9,x13,662	 x13:0x00000000  x9=0x00000001
     233435.000 ns	     23342	80004f58	02e34533	div	x10,x6,x14	  x6:0xfffffdf4 x14:0x7ffffc93 x10=0x00000000
     233465.000 ns	     23345	80004f5c	c00e7653	fcvt.w.s	x12,f28	 f28:0x7fc00000 x12=0x7fffffff
     233485.000 ns	     23347	80004f60	0197f7b3	and	x15,x15,x25	 x15:0x00000000 x25:0x00000001 x15=0x00000000
     233495.000 ns	     23348	80004f64	0170a6b3	slt	x13,x1,x23	  x1:0x4f7c8000 x23:0xfffffc93 x13=0x00000000
     233855.000 ns	     23384	80004f68	0228d1b3	divu	x3,x17,x2	 x17:0xfffffdf4  x2:0x7fffffff  x3=0x00000001
     233885.000 ns	     23387	80004f6c	031a81b3	mul	x3,x21,x17	 x21:0x00000000 x17:0xfffffdf4  x3=0x00000000
     233905.000 ns	     23389	80004f70	00000013	addi	x0,x0,0	  x0:0x00000000
     233925.000 ns	     23391	80004f74	29730dd3	fmin.s	f27,f6,f23	  f6:0x7fc00000 f23:0x00000000 f27=0x00000000
     233975.000 ns	     23396	80004f78	082d3ad3	fsub.s	f21,f26,f2	 f26:0x3f400206  f2:0x80000000 f21=0x3f400206
     233995.000 ns	     23398	80004f7c	00b6db13	srli	x22,x13,0xb	 x13:0x00000000 x22=0x00000000
     234005.000 ns	     23399	80004f80	0187c233	xor	x4,x15,x24	 x15:0x00000000 x24:0x00000001  x4=0x00000001
     234015.000 ns	     23400	80004f84	01535433	srl	x8,x6,x21	  x6:0xfffffdf4 x21:0x00000000  x8=0xfffffdf4
     234375.000 ns	     23436	80004f88	02eb5433	divu	x8,x22,x14	 x22:0x00000000 x14:0x7ffffc93  x8=0x00000000
     234395.000 ns	     23438	80004f8c	002c0fb3	add	x31,x24,x2	 x24:0x00000001  x2:0x7fffffff x31=0x80000000
     234415.000 ns	     23440	80004f90	03c26f33	rem	x30,x4,x28	  x4:0x00000001 x28:0x00000000 x30=0x00000001
     234435.000 ns	     23442	80004f94	018bd533	srl	x10,x23,x24	 x23:0xfffffc93 x24:0x00000001 x10=0x7ffffe49
     235605.000 ns	     23559	80004f98	580aa053	fsqrt.s	f0,f21	 f21:0x3f400206  f0=0x3f07c51b
     235645.000 ns	     23563	80004f9c	580689d3	fsqrt.s	f19,f13	 f13:0x00000000 f19=0x00000000
     235665.000 ns	     23565	80004fa0	28e83013	sltiu	x0,x16,654	 x16:0x00000000
     235685.000 ns	     23567	80004fa4	d0053c53	fcvt.s.w	f24,x10	 x10:0x7ffffe49 f24=0x4efffffd
     235715.000 ns	     23570	80004fa8	288e06d3	fmin.s	f13,f28,f8	 f28:0x7fc00000  f8:0x7fc00000 f13=0x7fc00000
     235745.000 ns	     23573	80004fac	e0089053	fclass.s	x0,f17	 f17:0xd0400206
     235785.000 ns	     23577	80004fb0	10f507d3	fmul.s	f15,f10,f15	 f10:0x4f000410 f15:0x4fc00206 f15=0x5f40081e
     235815.000 ns	     23580	80004fb4	a06ba753	feq.s	x14,f23,f6	 f23:0x00000000  f6:0x7fc00000 x14=0x00000000
     235835.000 ns	     23582	80004fb8	00fa73b3	and	x7,x20,x15	 x20:0x80040fe4 x15:0x00000000  x7=0x00000000
     235855.000 ns	     23584	80004fbc	21c723d3	fsgnjx.s	f7,f14,f28	 f14:0x7fc00000 f28:0x7fc00000  f7=0x7fc00000
     236785.000 ns	     23677	80004fc0	580abbd3	fsqrt.s	f23,f21	 f21:0x3f400206 f23=0x3f07c51b
     236805.000 ns	     23679	80004fc4	2e4b6793	ori	x15,x22,740	 x22:0x00000000 x15=0x000002e4
     236815.000 ns	     23680	80004fc8	796b4b93	xori	x23,x22,1942	 x22:0x00000000 x23=0x00000796
     236835.000 ns	     23682	80004fcc	20699953	fsgnjn.s	f18,f19,f6	 f19:0x00000000  f6:0x7fc00000 f18=0x80000000
     236865.000 ns	     23685	80004fd0	a1f00f53	fle.s	x30,f0,f31	  f0:0x3f07c51b f31:0x3f800000 x30=0x00000001
     237235.000 ns	     23722	80004fd4	037d4833	div	x16,x26,x23	 x26:0xfffffb49 x23:0x00000796 x16=0x00000000
     237265.000 ns	     23725	80004fd8	a07b2253	feq.s	x4,f22,f7	 f22:0x4e531740  f7:0x7fc00000  x4=0x00000000
     237285.000 ns	     23727	80004fdc	00000013	addi	x0,x0,0	  x0:0x00000000
     237295.000 ns	     23728	80004fe0	0100a0b3	slt	x1,x1,x16	  x1:0x4f7c8000 x16:0x00000000  x1=0x00000000
     237305.000 ns	     23729	80004fe4	b84b6d13	ori	x26,x22,-1148	 x22:0x00000000 x26=0xfffffb84
     237345.000 ns	     23733	80004fe8	092c3bd3	fsub.s	f23,f24,f18	 f24:0x4efffffd f18:0x80000000 f23=0x4efffffd
     237365.000 ns	     23735	80004fec	008be633	or	x12,x23,x8	 x23:0x00000796  x8:0x00000000 x12=0x00000796
     237385.000 ns	     23737	80004ff0	02e71533	mulh	x10,x14,x14	 x14:0x00000000 x14:0x00000000 x10=0x00000000
     237415.000 ns	     23740	80004ff4	02ed4033	div	x0,x26,x14	 x26:0xfffffb84 x14:0x00000000
     237435.000 ns	     23742	80004ff8	0154e233	or	x4,x9,x21	  x9:0x00000001 x21:0x00000000  x4=0x00000001
     237455.000 ns	     23744	80004ffc	29af9f53	fmax.s	f30,f31,f26	 f31:0x3f800000 f26:0x3f400206 f30=0x3f800000
     237475.000 ns	     23746	80005000	c2cabc17	auipc	x24,0xc2cab	 x24=0x42cb0000
     237495.000 ns	     23748	80005004	c009a4d3	fcvt.w.s	x9,f19	 f19:0x00000000  x9=0x00000000
     237515.000 ns	     23750	80005008	01619eb3	sll	x29,x3,x22	  x3:0x00000000 x22:0x00000000 x29=0x00000000
     237535.000 ns	     23752	8000500c	21008ad3	fsgnj.s	f21,f1,f16	  f1:0xcfc00206 f16:0x80000000 f21=0xcfc00206
     237565.000 ns	     23755	80005010	c012f7d3	fcvt.wu.s	x15,f5	  f5:0x80000000 x15=0x00000000
     237585.000 ns	     23757	80005014	ac648613	addi	x12,x9,-1338	  x9:0x00000000 x12=0xfffffac6
     237605.000 ns	     23759	80005018	c0089753	fcvt.w.s	x14,f17	 f17:0xd0400206 x14=0x80000000
     237625.000 ns	     23761	8000501c	01242733	slt	x14,x8,x18	  x8:0x00000000 x18:0xffffffff x14=0x00000000
     237645.000 ns	     23763	80005020	d01cf853	fcvt.s.wu	f16,x25	 x25:0x00000001 f16=0x3f800000
     237685.000 ns	     23767	80005024	1906c7d3	fdiv.s	f15,f13,f16	 f13:0x7fc00000 f16:0x80000000 f15=0x7fc00000
     237715.000 ns	     23770	80005028	030e8cb3	mul	x25,x29,x16	 x29:0x00000000 x16:0x00000000 x25=0x00000000
     237765.000 ns	     23775	8000502c	09e92353	fsub.s	f6,f18,f30	 f18:0x80000000 f30:0x3f800000  f6=0xbf800000
     237785.000 ns	     23777	80005030	9f2b4093	xori	x1,x22,-1550	 x22:0x00000000  x1=0xfffff9f2
     237795.000 ns	     23778	80005034	01c5a6b3	slt	x13,x11,x28	 x11:0x00000001 x28:0x00000000 x13=0x00000000
     237805.000 ns	     23779	80005038	01e5f633	and	x12,x11,x30	 x11:0x00000001 x30:0x00000001 x12=0x00000001
     237815.000 ns	     23780	8000503c	41e351b3	sra	x3,x6,x30	  x6:0xfffffdf4 x30:0x00000001  x3=0xfffffefa
     237835.000 ns	     23782	80005040	209911d3	fsgnjn.s	f3,f18,f9	 f18:0x80000000  f9:0x80000000  f3=0x00000000
     237855.000 ns	     23784	80005044	17d12593	slti	x11,x2,381	  x2:0x7fffffff x11=0x00000000
     237875.000 ns	     23786	80005048	03ce7f33	remu	x30,x28,x28	 x28:0x00000000 x28:0x00000000 x30=0x00000000
     237905.000 ns	     23789	8000504c	207a87d3	fsgnj.s	f15,f21,f7	 f21:0xcfc00206  f7:0x7fc00000 f15=0x4fc00206
     237935.000 ns	     23792	80005050	03589d33	mulh	x26,x17,x21	 x17:0xfffffdf4 x21:0x00000000 x26=0x00000000
     238305.000 ns	     23829	80005054	02c67ab3	remu	x21,x12,x12	 x12:0x00000001 x12:0x00000001 x21=0x00000000
     238335.000 ns	     23832	80005058	287202d3	fmin.s	f5,f4,f7	  f4:0x00000000  f7:0x7fc00000  f5=0x00000000
     238355.000 ns	     23834	8000505c	00625033	srl	x0,x4,x6	  x4:0x00000001  x6:0xfffffdf4
     238375.000 ns	     23836	80005060	03dc0c33	mul	x24,x24,x29	 x24:0x42cb0000 x29:0x00000000 x24=0x00000000
     238415.000 ns	     23840	80005064	1832f153	fdiv.s	f2,f5,f3	  f5:0x00000000  f3:0x00000000  f2=0x7fc00000
     238445.000 ns	     23843	80005068	295a1753	fmax.s	f14,f20,f21	 f20:0xcfc00206 f21:0xcfc00206 f14=0xcfc00206
     238485.000 ns	     23847	8000506c	104303d3	fmul.s	f7,f6,f4	  f6:0xbf800000  f4:0x00000000  f7=0x80000000
     238855.000 ns	     23884	80005070	02486133	rem	x2,x16,x4	 x16:0x00000000  x4:0x00000001  x2=0x00000000
     238875.000 ns	     23886	80005074	00000013	addi	x0,x0,0	  x0:0x00000000
     238895.000 ns	     23888	80005078	a0ea2153	feq.s	x2,f20,f14	 f20:0xcfc00206 f14:0xcfc00206  x2=0x00000001
     238925.000 ns	     23891	8000507c	a19784d3	fle.s	x9,f15,f25	 f15:0x4fc00206 f25:0x00000000  x9=0x00000000
     239295.000 ns	     23928	80005080	025d6833	rem	x16,x26,x5	 x26:0x00000000  x5:0x34c5d000 x16=0x00000000
     239315.000 ns	     23930	80005084	00bb0fb3	add	x31,x22,x11	 x22:0x00000000 x11:0x00000000 x31=0x00000000
     239335.000 ns	     23932	80005088	030e2033	mulhsu	x0,x28,x16	 x28:0x00000000 x16:0x00000000
     239365.000 ns	     23935	8000508c	c011fd53	fcvt.wu.s	x26,f3	  f3:0x00000000 x26=0x00000000
     239385.000 ns	     23937	80005090	0190ce33	xor	x28,x1,x25	  x1:0xfffff9f2 x25:0x00000000 x28=0xfffff9f2
     239405.000 ns	     23939	80005094	037484b3	mul	x9,x9,x23	  x9:0x00000000 x23:0x00000796  x9=0x00000000
     239425.000 ns	     23941	80005098	007c07b3	add	x15,x24,x7	 x24:0x00000000  x7:0x00000000 x15=0x00000000
     239445.000 ns	     23943	8000509c	d01dfad3	fcvt.s.wu	f21,x27	 x27:0x80041024 f21=0x4f000410
     239495.000 ns	     23948	800050a0	085726d3	fsub.s	f13,f14,f5	 f14:0xcfc00206  f5:0x00000000 f13=0xcfc00206
     239515.000 ns	     23950	800050a4	cbe9c193	xori	x3,x19,-834	 x19:0xfc31c41b  x3=0x03ce38a5
     239525.000 ns	     23951	800050a8	01b7e133	or	x2,x15,x27	 x15:0x00000000 x27:0x80041024  x2=0x80041024
     239545.000 ns	     23953	800050ac	218924d3	fsgnjx.s	f9,f18,f24	 f18:0x80000000 f24:0x4efffffd  f9=0x80000000
     239565.000 ns	     23955	800050b0	0037e033	or	x0,x15,x3	 x15:0x00000000  x3:0x03ce38a5
     239605.000 ns	     23959	800050b4	093d4f53	fsub.s	f30,f26,f19	 f26:0x3f400206 f19:0x00000000 f30=0x3f400206
     239975.000 ns	     23996	800050b8	03254f33	div	x30,x10,x18	 x10:0x00000000 x18:0xffffffff x30=0x00000000
     239995.000 ns	     23998	800050bc	00b21b93	slli	x23,x4,0xb	  x4:0x00000001 x23=0x00000800
     240015.000 ns	     24000	800050c0	295d1cd3	fmax.s	f25,f26,f21	 f26:0x3f400206 f21:0x4f000410 f25=0x4f000410
     240045.000 ns	     24003	800050c4	e0098053	fmv.x.w	x0,f19	 f19:0x00000000
     240065.000 ns	     24005	800050c8	01f9d213	srli	x4,x19,0x1f	 x19:0xfc31c41b  x4=0x00000001
     240105.000 ns	     24009	800050cc	009ab753	fadd.s	f14,f21,f9	 f21:0x4f000410  f9:0x80000000 f14=0x4f000410
     240135.000 ns	     24012	800050d0	f00587d3	fmv.w.x	f15,x11	 x11:0x00000000 f15=0x00000000
     240155.000 ns	     24014	800050d4	771f3a93	sltiu	x21,x30,1905	 x30:0x00000000 x21=0x00000001
     240175.000 ns	     24016	800050d8	0303fab3	remu	x21,x7,x16	  x7:0x00000000 x16:0x00000000 x21=0x00000000
     240205.000 ns	     24019	800050dc	c00844d3	fcvt.w.s	x9,f16	 f16:0x3f800000  x9=0x00000001
     240545.000 ns	     24053	800050e0	19887f53	fdiv.s	f30,f16,f24	 f16:0x3f800000 f24:0x4efffffd f30=0x30000000
     240585.000 ns	     24057	800050e4	188df3d3	fdiv.s	f7,f27,f8	 f27:0x00000000  f8:0x7fc00000  f7=0x7fc00000
     240615.000 ns	     24060	800050e8	f00c0b53	fmv.w.x	f22,x24	 x24:0x00000000 f22=0x00000000
     240665.000 ns	     24065	800050ec	000f02d3	fadd.s	f5,f30,f0	 f30:0x30000000  f0:0x3f07c51b  f5=0x3f07c51b
     240685.000 ns	     24067	800050f0	40378ab3	sub	x21,x15,x3	 x15:0x00000000  x3:0x03ce38a5 x21=0xfc31c75b
     240705.000 ns	     24069	800050f4	e0009e53	fclass.s	x28,f1	  f1:0xcfc00206 x28=0x00000002
     240725.000 ns	     24071	800050f8	58718c93	addi	x25,x3,1415	  x3:0x03ce38a5 x25=0x03ce3e2c
     240745.000 ns	     24073	800050fc	c0121953	fcvt.wu.s	x18,f4	  f4:0x00000000 x18=0x00000000
     240775.000 ns	     24076	80005100	29fa8953	fmin.s	f18,f21,f31	 f21:0x4f000410 f31:0x3f800000 f18=0x3f800000
     240795.000 ns	     24078	80005104	01c35433	srl	x8,x6,x28	  x6:0xfffffdf4 x28:0x00000002  x8=0x3fffff7d
     240805.000 ns	     24079	80005108	008e3b37	lui	x22,0x8e3	 x22=0x008e3000
     240815.000 ns	     24080	8000510c	00edf1b3	and	x3,x27,x14	 x27:0x80041024 x14:0x00000000  x3=0x00000000
     241145.000 ns	     24113	80005110	1975f353	fdiv.s	f6,f11,f23	 f11:0x4f7c8000 f23:0x4efffffd  f6=0x3ffc8000
     241175.000 ns	     24116	80005114	03f4fbb3	remu	x23,x9,x31	  x9:0x00000001 x31:0x00000000 x23=0x00000001
     241205.000 ns	     24119	80005118	e0048553	fmv.x.w	x10,f9	  f9:0x80000000 x10=0x80000000
     241225.000 ns	     24121	8000511c	0151a433	slt	x8,x3,x21	  x3:0x00000000 x21:0xfc31c75b  x8=0x00000000
     241245.000 ns	     24123	80005120	20b01253	fsgnjn.s	f4,f0,f11	  f0:0x3f07c51b f11:0x4f7c8000  f4=0xbf07c51b
     241265.000 ns	     24125	80005124	01e23933	sltu	x18,x4,x30	  x4:0x00000001 x30:0x00000000 x18=0x00000000
     241285.000 ns	     24127	80005128	a12301d3	fle.s	x3,f6,f18	  f6:0x3ffc8000 f18:0x3f800000  x3=0x00000000
     241315.000 ns	     24130	8000512c	20caae53	fsgnjx.s	f28,f21,f12	 f21:0x4f000410 f12:0x7fc00000 f28=0x4f000410
     241335.000 ns	     24132	80005130	ff224193	xori	x3,x4,-14	  x4:0x00000001  x3=0xfffffff3
     241345.000 ns	     24133	80005134	01eedd13	srli	x26,x29,0x1e	 x29:0x00000000 x26=0x00000000
     241355.000 ns	     24134	80005138	003e9cb3	sll	x25,x29,x3	 x29:0x00000000  x3:0x00000000 x25=0x00000000
     241365.000 ns	     24135	8000513c	0019b8b3	sltu	x17,x19,x1	 x19:0xfc31c41b  x1:0xfffff9f2 x17=0x00000001
     241385.000 ns	     24137	80005140	e0008bd3	fmv.x.w	x23,f1	  f1:0xcfc00206 x23=0xcfc00206
     241415.000 ns	     24140	80005144	03de1833	mulh	x16,x28,x29	 x28:0x00000002 x29:0x00000000 x16=0x00000000
     241445.000 ns	     24143	80005148	28ae85d3	fmin.s	f11,f29,f10	 f29:0x60900309 f10:0x4f000410 f11=0x4f000410
     241465.000 ns	     24145	8000514c	00287c33	and	x24,x16,x2	 x16:0x00000000  x2:0x80041024 x24=0x00000000
     241485.000 ns	     24147	80005150	e00982d3	fmv.x.w	x5,f19	 f19:0x00000000  x5=0x00000000
     241505.000 ns	     24149	80005154	00000013	addi	x0,x0,0	  x0:0x00000000
     241525.000 ns	     24151	80005158	02d197b3	mulh	x15,x3,x13	  x3:0xfffffff3 x13:0x00000000 x15=0x00000000
     241555.000 ns	     24154	8000515c	a0b1a7d3	feq.s	x15,f3,f11	  f3:0x00000000 f11:0x4f000410 x15=0x00000000
     241585.000 ns	     24157	80005160	c0073953	fcvt.w.s	x18,f14	 f14:0x4f000410 x18=0x7fffffff
     241615.000 ns	     24160	80005164	288b09d3	fmin.s	f19,f22,f8	 f22:0x00000000  f8:0x7fc00000 f19=0x00000000
     241645.000 ns	     24163	80005168	028c63b3	rem	x7,x24,x8	 x24:0x00000000  x8:0x00000000  x7=0x00000000
     241665.000 ns	     24165	8000516c	a339cf13	xori	x30,x19,-1485	 x19:0xfc31c41b x30=0x03ce3e28
     241685.000 ns	     24167	80005170	a0888bd3	fle.s	x23,f17,f8	 f17:0xd0400206  f8:0x7fc00000 x23=0x00000000
     241715.000 ns	     24170	80005174	02b36ab3	rem	x21,x6,x11	  x6:0xfffffdf4 x11:0x00000000 x21=0xfffffdf4
     241765.000 ns	     24175	80005178	086ef0d3	fsub.s	f1,f29,f6	 f29:0x60900309  f6:0x3ffc8000  f1=0x60900309
     241805.000 ns	     24179	8000517c	1807fbd3	fdiv.s	f23,f15,f0	 f15:0x00000000  f0:0x3f07c51b f23=0x00000000
     241825.000 ns	     24181	80005180	002ad093	srli	x1,x21,0x2	 x21:0xfffffdf4  x1=0x3fffff7d
     241835.000 ns	     24182	80005184	412b5c93	srai	x25,x22,0x12	 x22:0x008e3000 x25=0x00000023
     241855.000 ns	     24184	80005188	e00e1fd3	fclass.s	x31,f28	 f28:0x4f000410 x31=0x00000040
     241875.000 ns	     24186	8000518c	52618c93	addi	x25,x3,1318	  x3:0xfffffff3 x25=0x00000519
     241885.000 ns	     24187	80005190	01cb2233	slt	x4,x22,x28	 x22:0x008e3000 x28:0x00000002  x4=0x00000000
     241915.000 ns	     24190	80005194	5809cf53	fsqrt.s	f30,f19	 f19:0x00000000 f30=0x00000000
     241945.000 ns	     24193	80005198	c013fc53	fcvt.wu.s	x24,f7	  f7:0x7fc00000 x24=0xffffffff
     241975.000 ns	     24196	8000519c	e0099453	fclass.s	x8,f19	 f19:0x00000000  x8=0x00000010
     241995.000 ns	     24198	800051a0	08fe6113	ori	x2,x28,143	 x28:0x00000002  x2=0x0000008f
     242015.000 ns	     24200	800051a4	29761153	fmax.s	f2,f12,f23	 f12:0x7fc00000 f23:0x00000000  f2=0x00000000
     242385.000 ns	     24237	800051a8	02afe2b3	rem	x5,x31,x10	 x31:0x00000040 x10:0x80000000  x5=0x00000040
     242755.000 ns	     24274	800051ac	032bfab3	remu	x21,x23,x18	 x23:0x00000000 x18:0x7fffffff x21=0x00000000
     242785.000 ns	     24277	800051b0	214cac53	fsgnjx.s	f24,f25,f20	 f25:0x4f000410 f20:0xcfc00206 f24=0xcf000410
     242805.000 ns	     24279	800051b4	019a4c33	xor	x24,x20,x25	 x20:0x80040fe4 x25:0x00000519 x24=0x80040afd
     242825.000 ns	     24281	800051b8	02d7fb33	remu	x22,x15,x13	 x15:0x00000000 x13:0x00000000 x22=0x00000000
     242855.000 ns	     24284	800051bc	29ea0ad3	fmin.s	f21,f20,f30	 f20:0xcfc00206 f30:0x00000000 f21=0xcfc00206
     242875.000 ns	     24286	800051c0	01b0c933	xor	x18,x1,x27	  x1:0x3fffff7d x27:0x80041024 x18=0xbffbef59
     242895.000 ns	     24288	800051c4	f00f07d3	fmv.w.x	f15,x30	 x30:0x03ce3e28 f15=0x03ce3e28
     242915.000 ns	     24290	800051c8	00daffb3	and	x31,x21,x13	 x21:0x00000000 x13:0x00000000 x31=0x00000000
     242935.000 ns	     24292	800051cc	d0147a53	fcvt.s.wu	f20,x8	  x8:0x00000010 f20=0x41800000
     242965.000 ns	     24295	800051d0	29040653	fmin.s	f12,f8,f16	  f8:0x7fc00000 f16:0x3f800000 f12=0x3f800000
     242995.000 ns	     24298	800051d4	c0192953	fcvt.wu.s	x18,f18	 f18:0x3f800000 x18=0x00000001
     243025.000 ns	     24301	800051d8	0399b933	mulhu	x18,x19,x25	 x19:0xfc31c41b x25:0x00000519 x18=0x00000505
     243055.000 ns	     24304	800051dc	d0137ed3	fcvt.s.wu	f29,x6	  x6:0xfffffdf4 f29=0x4f7ffffd
     243085.000 ns	     24307	800051e0	285089d3	fmin.s	f19,f1,f5	  f1:0x60900309  f5:0x3f07c51b f19=0x3f07c51b
     243105.000 ns	     24309	800051e4	b2328293	addi	x5,x5,-1245	  x5:0x00000040  x5=0xfffffb63
     243115.000 ns	     24310	800051e8	4046d113	srai	x2,x13,0x4	 x13:0x00000000  x2=0x00000000
     243135.000 ns	     24312	800051ec	209608d3	fsgnj.s	f17,f12,f9	 f12:0x3f800000  f9:0x80000000 f17=0xbf800000
     243155.000 ns	     24314	800051f0	d0478837	lui	x16,0xd0478	 x16=0xd0478000
     243165.000 ns	     24315	800051f4	408f5d33	sra	x26,x30,x8	 x30:0x03ce3e28  x8:0x00000010 x26=0x000003ce
     243185.000 ns	     24317	800051f8	03470933	mul	x18,x14,x20	 x14:0x00000000 x20:0x80040fe4 x18=0x00000000
     243215.000 ns	     24320	800051fc	28090453	fmin.s	f8,f18,f0	 f18:0x3f800000  f0:0x3f07c51b  f8=0x3f07c51b
     243245.000 ns	     24323	80005200	02b5e7b3	rem	x15,x11,x11	 x11:0x00000000 x11:0x00000000 x15=0x00000000
     243295.000 ns	     24328	80005204	002a25d3	fadd.s	f11,f20,f2	 f20:0x41800000  f2:0x00000000 f11=0x41800000
     243315.000 ns	     24330	80005208	0055e5b3	or	x11,x11,x5	 x11:0x00000000  x5:0xfffffb63 x11=0xfffffb63
     243335.000 ns	     24332	8000520c	d00af553	fcvt.s.w	f10,x21	 x21:0x00000000 f10=0x00000000
     243375.000 ns	     24336	80005210	10ac9bd3	fmul.s	f23,f25,f10	 f25:0x4f000410 f10:0x4f000410 f23=0x00000000
     243405.000 ns	     24339	80005214	037502b3	mul	x5,x10,x23	 x10:0x80000000 x23:0x00000000  x5=0x00000000
     243425.000 ns	     24341	80005218	01cd9533	sll	x10,x27,x28	 x27:0x80041024 x28:0x00000002 x10=0x00104090
     243445.000 ns	     24343	8000521c	e0078c53	fmv.x.w	x24,f15	 f15:0x03ce3e28 x24=0x03ce3e28
     243495.000 ns	     24348	80005220	0021f5d3	fadd.s	f11,f3,f2	  f3:0x00000000  f2:0x00000000 f11=0x00000000
     243515.000 ns	     24350	80005224	00ab4633	xor	x12,x22,x10	 x22:0x00000000 x10:0x00104090 x12=0x00104090
     243535.000 ns	     24352	80005228	a02884d3	fle.s	x9,f17,f2	 f17:0xbf800000  f2:0x00000000  x9=0x00000001
     243555.000 ns	     24354	8000522c	00326033	or	x0,x4,x3	  x4:0x00000000  x3:0xfffffff3
     243575.000 ns	     24356	80005230	c0098ed3	fcvt.w.s	x29,f19	 f19:0x3f07c51b x29=0x00000001
     243605.000 ns	     24359	80005234	c003bf53	fcvt.w.s	x30,f7	  f7:0x7fc00000 x30=0x7fffffff
     243635.000 ns	     24362	80005238	0227d7b3	divu	x15,x15,x2	 x15:0x00000000  x2:0x00000000 x15=0xffffffff
     243655.000 ns	     24364	8000523c	40ee5e33	sra	x28,x28,x14	 x28:0x00000002 x14:0x00000000 x28=0x00000002
     243675.000 ns	     24366	80005240	29550ed3	fmin.s	f29,f10,f21	 f10:0x00000000 f21:0xcfc00206 f29=0xcfc00206
     243695.000 ns	     24368	80005244	00810133	add	x2,x2,x8	  x2:0x00000000  x8:0x00000010  x2=0x00000010
     244055.000 ns	     24404	80005248	03ad6133	rem	x2,x26,x26	 x26:0x000003ce x26:0x000003ce  x2=0x00000000
     244075.000 ns	     24406	8000524c	c2442c93	slti	x25,x8,-988	  x8:0x00000010 x25=0x00000000
     244085.000 ns	     24407	80005250	07c20697	auipc	x13,0x7c20	 x13=0x87c25250
     244105.000 ns	     24409	80005254	02f330b3	mulhu	x1,x6,x15	  x6:0xfffffdf4 x15:0xffffffff  x1=0xfffffdf3
     244135.000 ns	     24412	80005258	02a39533	mulh	x10,x7,x10	  x7:0x00000000 x10:0x00104090 x10=0x00000000
     244155.000 ns	     24414	8000525c	009f0033	add	x0,x30,x9	 x30:0x7fffffff  x9:0x00000001
     244165.000 ns	     24415	80005260	e922f713	andi	x14,x5,-366	  x5:0x00000000 x14=0x00000000
     244175.000 ns	     24416	80005264	00ae4433	xor	x8,x28,x10	 x28:0x00000002 x10:0x00000000  x8=0x00000002
     244185.000 ns	     24417	80005268	0081e333	or	x6,x3,x8	  x3:0xfffffff3  x8:0x00000010  x6=0xfffffff3
     244195.000 ns	     24418	8000526c	40b48f33	sub	x30,x9,x11	  x9:0x00000001 x11:0xfffffb63 x30=0x0000049e
     244205.000 ns	     24419	80005270	4168dd13	srai	x26,x17,0x16	 x17:0x00000001 x26=0x00000000
     244225.000 ns	     24421	80005274	d00bf353	fcvt.s.w	f6,x23	 x23:0x00000000  f6=0x00000000
     244255.000 ns	     24424	80005278	02ac3f33	mulhu	x30,x24,x10	 x24:0x03ce3e28 x10:0x00000000 x30=0x00000000
     244275.000 ns	     24426	8000527c	61beac93	slti	x25,x29,1563	 x29:0x00000001 x25=0x00000001
     244285.000 ns	     24427	80005280	40815b93	srai	x23,x2,0x8	  x2:0x00000000 x23=0x00000000
     244295.000 ns	     24428	80005284	00954333	xor	x6,x10,x9	 x10:0x00000000  x9:0x00000001  x6=0x00000001
     244305.000 ns	     24429	80005288	01b74fb3	xor	x31,x14,x27	 x14:0x00000000 x27:0x80041024 x31=0x80041024
     244345.000 ns	     24433	8000528c	010cfc53	fadd.s	f24,f25,f16	 f25:0x4f000410 f16:0x3f800000 f24=0x4f000410
     244375.000 ns	     24436	80005290	a1208bd3	fle.s	x23,f1,f18	  f1:0x60900309 f18:0x3f800000 x23=0x00000000
     244745.000 ns	     24473	80005294	039f73b3	remu	x7,x30,x25	 x30:0x00000000 x25:0x00000001  x7=0x00000000
     244765.000 ns	     24475	80005298	3481a713	slti	x14,x3,840	  x3:0xfffffff3 x14=0x00000001
     244775.000 ns	     24476	8000529c	4048d633	sra	x12,x17,x4	 x17:0x00000001  x4:0x00000000 x12=0x00000001
     244795.000 ns	     24478	800052a0	d0008853	fcvt.s.w	f16,x1	  x1:0xfffffdf3 f16=0xc4034000
     244815.000 ns	     24480	800052a4	6e0e1297	auipc	x5,0x6e0e1	  x5=0xee0e62a4
     244825.000 ns	     24481	800052a8	323c4e93	xori	x29,x24,803	 x24:0x03ce3e28 x29=0x03ce3d0b
     244835.000 ns	     24482	800052ac	000a1913	slli	x18,x20,0x0	 x20:0x80040fe4 x18=0x80040fe4
     244865.000 ns	     24485	800052b0	10271053	fmul.s	f0,f14,f2	 f14:0x4f000410  f2:0x00000000  f0=0x00000000
     245235.000 ns	     24522	800052b4	03844833	div	x16,x8,x24	  x8:0x00000002 x24:0x03ce3e28 x16=0x00000000
     245265.000 ns	     24525	800052b8	03e07ab3	remu	x21,x0,x30	  x0:0x00000000 x30:0x00000000 x21=0x00000000
     245295.000 ns	     24528	800052bc	297986d3	fmin.s	f13,f19,f23	 f19:0x3f07c51b f23:0x00000000 f13=0x00000000
     245315.000 ns	     24530	800052c0	00481713	slli	x14,x16,0x4	 x16:0x00000000 x14=0x00000000
     245325.000 ns	     24531	800052c4	f796ef13	ori	x30,x13,-135	 x13:0x87c25250 x30=0xffffff79
     245345.000 ns	     24533	800052c8	281815d3	fmax.s	f11,f16,f1	 f16:0xc4034000  f1:0x60900309 f11=0x60900309
     245365.000 ns	     24535	800052cc	00000013	addi	x0,x0,0	  x0:0x00000000
     245375.000 ns	     24536	800052d0	01184e33	xor	x28,x16,x17	 x16:0x00000000 x17:0x00000001 x28=0x00000001
     245385.000 ns	     24537	800052d4	014ad0b3	srl	x1,x21,x20	 x21:0x00000000 x20:0x80040fe4  x1=0x00000000
     245405.000 ns	     24539	800052d8	a168a453	feq.s	x8,f17,f22	 f17:0xbf800000 f22:0x00000000  x8=0x00000000
     245435.000 ns	     24542	800052dc	03724b33	div	x22,x4,x23	  x4:0x00000000 x23:0x00000000 x22=0xffffffff
     246615.000 ns	     24660	800052e0	580d72d3	fsqrt.s	f5,f26	 f26:0x3f400206  f5=0x3f07c51b
     246645.000 ns	     24663	800052e4	d01e7853	fcvt.s.wu	f16,x28	 x28:0x00000001 f16=0x3f800000
     246665.000 ns	     24665	800052e8	234c3c13	sltiu	x24,x24,564	 x24:0x03ce3e28 x24=0x00000000
     246685.000 ns	     24667	800052ec	203ca0d3	fsgnjx.s	f1,f25,f3	 f25:0x4f000410  f3:0x00000000  f1=0x4f000410
     246715.000 ns	     24670	800052f0	200fa953	fsgnjx.s	f18,f31,f0	 f31:0x3f800000  f0:0x00000000 f18=0x3f800000
     247085.000 ns	     24707	800052f4	03b17eb3	remu	x29,x2,x27	  x2:0x00000000 x27:0x80041024 x29=0x00000000
     248265.000 ns	     24825	800052f8	5807f453	fsqrt.s	f8,f15	 f15:0x03ce3e28  f8=0x21227a59
     248635.000 ns	     24862	800052fc	02d064b3	rem	x9,x0,x13	  x0:0x00000000 x13:0x87c25250  x9=0x00000000
     248655.000 ns	     24864	80005300	424fc213	xori	x4,x31,1060	 x31:0x80041024  x4=0x80041400
     248665.000 ns	     24865	80005304	00ad3bb3	sltu	x23,x26,x10	 x26:0x00000000 x10:0x00000000 x23=0x00000000
     248675.000 ns	     24866	80005308	01af4533	xor	x10,x30,x26	 x30:0xffffff79 x26:0x00000000 x10=0xffffff79
     248695.000 ns	     24868	8000530c	e0098bd3	fmv.x.w	x23,f19	 f19:0x3f07c51b x23=0x3f07c51b
     248715.000 ns	     24870	80005310	40305933	sra	x18,x0,x3	  x0:0x00000000  x3:0xfffffff3 x18=0x00000000
     248725.000 ns	     24871	80005314	40695593	srai	x11,x18,0x6	 x18:0x80040fe4 x11=0x00000000
     248735.000 ns	     24872	80005318	f5188317	auipc	x6,0xf5188	  x6=0x7518d318
     248745.000 ns	     24873	8000531c	015c6cb3	or	x25,x24,x21	 x24:0x00000000 x21:0x00000000 x25=0x00000000
     248755.000 ns	     24874	80005320	00e63e33	sltu	x28,x12,x14	 x12:0x00000001 x14:0x00000000 x28=0x00000000
     248765.000 ns	     24875	80005324	60733793	sltiu	x15,x6,1543	  x6:0x7518d318 x15=0x00000000
     248795.000 ns	     24878	80005328	11157753	fmul.s	f14,f10,f17	 f10:0x00000000 f17:0xbf800000 f14=0x80000000
     248845.000 ns	     24883	8000532c	00ccffd3	fadd.s	f31,f25,f12	 f25:0x4f000410 f12:0x3f800000 f31=0x4f000410
     249215.000 ns	     24920	80005330	0258c433	div	x8,x17,x5	 x17:0x00000001  x5:0xee0e62a4  x8=0x00000000
     249245.000 ns	     24923	80005334	a1a98fd3	fle.s	x31,f19,f26	 f19:0x3f07c51b f26:0x3f400206 x31=0x00000001
     250425.000 ns	     25041	80005338	580d7b53	fsqrt.s	f22,f26	 f26:0x3f400206 f22=0x3f07c51b
     250455.000 ns	     25044	8000533c	03a544b3	div	x9,x10,x26	 x10:0xffffff79 x26:0x00000000  x9=0xffffffff
     250475.000 ns	     25046	80005340	93c04093	xori	x1,x0,-1732	  x0:0x00000000  x1=0xfffff93c
     250835.000 ns	     25082	80005344	033fd833	divu	x16,x31,x19	 x31:0x00000001 x19:0xfc31c41b x16=0x00000000
     250865.000 ns	     25085	80005348	03a84bb3	div	x23,x16,x26	 x16:0x00000000 x26:0x00000000 x23=0xffffffff
     250885.000 ns	     25087	8000534c	0168b533	sltu	x10,x17,x22	 x17:0x00000001 x22:0xffffffff x10=0x00000001
     250895.000 ns	     25088	80005350	001a5713	srli	x14,x20,0x1	 x20:0x80040fe4 x14=0x400207f2
     250915.000 ns	     25090	80005354	f0030f53	fmv.w.x	f30,x6	  x6:0x7518d318 f30=0x7518d318
     250935.000 ns	     25092	80005358	45530493	addi	x9,x6,1109	  x6:0x7518d318  x9=0x7518d76d
     250945.000 ns	     25093	8000535c	01c27733	and	x14,x4,x28	  x4:0x80041400 x28:0x00000000 x14=0x00000000
     250955.000 ns	     25094	80005360	118ac297	auipc	x5,0x118ac	  x5=0x918b1360
     250965.000 ns	     25095	80005364	b3f46493	ori	x9,x8,-1217	  x8:0x00000000  x9=0xfffffb3f
     250975.000 ns	     25096	80005368	0087b233	sltu	x4,x15,x8	 x15:0x00000000  x8:0x00000000  x4=0x00000000
     250985.000 ns	     25097	8000536c	41a4cb13	xori	x22,x9,1050	  x9:0x7518d76d x22=0xffffff25
     250995.000 ns	     25098	80005370	4108d333	sra	x6,x17,x16	 x17:0x00000001 x16:0x00000000  x6=0x00000001
     251005.000 ns	     25099	80005374	011d5d13	srli	x26,x26,0x11	 x26:0x00000000 x26=0x00000000
     251015.000 ns	     25100	80005378	017f02b3	add	x5,x30,x23	 x30:0xffffff79 x23:0xffffffff  x5=0xffffff78
     251025.000 ns	     25101	8000537c	00000013	addi	x0,x0,0	  x0:0x00000000
     251035.000 ns	     25102	80005380	73940913	addi	x18,x8,1849	  x8:0x00000000 x18=0x00000739
     251395.000 ns	     25138	80005384	02a6f1b3	remu	x3,x13,x10	 x13:0x87c25250 x10:0x00000001  x3=0x00000000
     251415.000 ns	     25140	80005388	00adb6b3	sltu	x13,x27,x10	 x27:0x80041024 x10:0x00000001 x13=0x00000000
     251775.000 ns	     25176	8000538c	021f6cb3	rem	x25,x30,x1	 x30:0xffffff79  x1:0xfffff93c x25=0xffffff79
     251805.000 ns	     25179	80005390	d0113853	fcvt.s.wu	f16,x2	  x2:0x00000000 f16=0x00000000
     251835.000 ns	     25182	80005394	c016f353	fcvt.wu.s	x6,f13	 f13:0x00000000  x6=0x00000000
     251855.000 ns	     25184	80005398	406583b3	sub	x7,x11,x6	 x11:0x00000000  x6:0x00000001  x7=0x00000000
     251875.000 ns	     25186	8000539c	f00a8e53	fmv.w.x	f28,x21	 x21:0x00000000 f28=0x00000000
     251905.000 ns	     25189	800053a0	c000f6d3	fcvt.w.s	x13,f1	  f1:0x4f000410 x13=0x7fffffff
     251925.000 ns	     25191	800053a4	b26b0513	addi	x10,x22,-1242	 x22:0xffffff25 x10=0xfffffa4b
     251945.000 ns	     25193	800053a8	02f670b3	remu	x1,x12,x15	 x12:0x00000001 x15:0x00000000  x1=0x00000001
     251965.000 ns	     25195	800053ac	01f8eb33	or	x22,x17,x31	 x17:0x00000001 x31:0x00000001 x22=0x00000001
     251975.000 ns	     25196	800053b0	799dcc93	xori	x25,x27,1945	 x27:0x80041024 x25=0x800417bd
     251995.000 ns	     25198	800053b4	037cb3b3	mulhu	x7,x25,x23	 x25:0xffffff79 x23:0xffffffff  x7=0x800417bc
     252365.000 ns	     25235	800053b8	034747b3	div	x15,x14,x20	 x14:0x00000000 x20:0x80040fe4 x15=0x00000000
     252385.000 ns	     25237	800053bc	002e9613	slli	x12,x29,0x2	 x29:0x00000000 x12=0x00000000
     252395.000 ns	     25238	800053c0	01fde4b3	or	x9,x27,x31	 x27:0x80041024 x31:0x00000001  x9=0x80041025
     252415.000 ns	     25240	800053c4	c001b053	fcvt.w.s	x0,f3	  f3:0x00000000
     252435.000 ns	     25242	800053c8	122e4c13	xori	x24,x28,290	 x28:0x00000000 x24=0x00000122
     252475.000 ns	     25246	800053cc	004cfb53	fadd.s	f22,f25,f4	 f25:0x4f000410  f4:0xbf07c51b f22=0x4f00040f
     252495.000 ns	     25248	800053d0	e3d0a797	auipc	x15,0xe3d0a	 x15=0x63d0f3d0
     252515.000 ns	     25250	800053d4	a0eba053	feq.s	x0,f23,f14	 f23:0x00000000 f14:0x80000000
     252535.000 ns	     25252	800053d8	001f5733	srl	x14,x30,x1	 x30:0xffffff79  x1:0x00000001 x14=0x7fffffbc
     252555.000 ns	     25254	800053dc	29101e53	fmax.s	f28,f0,f17	  f0:0x00000000 f17:0xbf800000 f28=0x00000000
     252585.000 ns	     25257	800053e0	e00810d3	fclass.s	x1,f16	 f16:0x00000000  x1=0x00000010
     252615.000 ns	     25260	800053e4	219f1253	fsgnjn.s	f4,f30,f25	 f30:0x7518d318 f25:0x4f000410  f4=0xf518d318
     252955.000 ns	     25294	800053e8	18bf4753	fdiv.s	f14,f30,f11	 f30:0x7518d318 f11:0x60900309 f14=0x5398d318
     252975.000 ns	     25296	800053ec	01127433	and	x8,x4,x17	  x4:0x00000000 x17:0x00000001  x8=0x00000000
     252995.000 ns	     25298	800053f0	02680433	mul	x8,x16,x6	 x16:0x00000000  x6:0x00000000  x8=0x00000000
     253025.000 ns	     25301	800053f4	20c90a53	fsgnj.s	f20,f18,f12	 f18:0x3f800000 f12:0x3f800000 f20=0x3f800000
     253055.000 ns	     25304	800053f8	028ebbb3	mulhu	x23,x29,x8	 x29:0x00000000  x8:0x00000000 x23=0x00000000
     253075.000 ns	     25306	800053fc	0662bb93	sltiu	x23,x5,102	  x5:0xffffff78 x23=0x00000000
     253115.000 ns	     25310	80005400	08f29053	fsub.s	f0,f5,f15	  f5:0x3f07c51b f15:0x03ce3e28  f0=0x3f07c51b
     253135.000 ns	     25312	80005404	01991413	slli	x8,x18,0x19	 x18:0x00000739  x8=0x72000000
     253155.000 ns	     25314	80005408	c010cd53	fcvt.wu.s	x26,f1	  f1:0x4f000410 x26=0x80041000
     253185.000 ns	     25317	8000540c	e0080253	fmv.x.w	x4,f16	 f16:0x00000000  x4=0x00000000
     253205.000 ns	     25319	80005410	c4eac193	xori	x3,x21,-946	 x21:0x00000000  x3=0xfffffc4e
     253215.000 ns	     25320	80005414	917af513	andi	x10,x21,-1769	 x21:0x00000000 x10=0x00000000
     253235.000 ns	     25322	80005418	034398b3	mulh	x17,x7,x20	  x7:0x800417bc x20:0x80040fe4 x17=0x3ffbec40
     253265.000 ns	     25325	8000541c	c00e7253	fcvt.w.s	x4,f28	 f28:0x00000000  x4=0x00000000
     253635.000 ns	     25362	80005420	02d24fb3	div	x31,x4,x13	  x4:0x00000000 x13:0x7fffffff x31=0x00000000
     253975.000 ns	     25396	80005424	195d3653	fdiv.s	f12,f26,f21	 f26:0x3f400206 f21:0xcfc00206 f12=0xaec00206
     253995.000 ns	     25398	80005428	2ceec037	lui	x0,0x2ceec	
     254005.000 ns	     25399	8000542c	00b55093	srli	x1,x10,0xb	 x10:0x00000000  x1=0x00000000
     254015.000 ns	     25400	80005430	01b67ab3	and	x21,x12,x27	 x12:0x00000000 x27:0x80041024 x21=0x00000000
     254035.000 ns	     25402	80005434	e0060fd3	fmv.x.w	x31,f12	 f12:0xaec00206 x31=0xaec00206
     254055.000 ns	     25404	80005438	410fde93	srai	x29,x31,0x10	 x31:0x00000000 x29=0xffffaec0
     254065.000 ns	     25405	8000543c	66f1c613	xori	x12,x3,1647	  x3:0xfffffc4e x12=0xfffffa21
     254085.000 ns	     25407	80005440	e0031453	fclass.s	x8,f6	  f6:0x00000000  x8=0x00000010
     254115.000 ns	     25410	80005444	d018f2d3	fcvt.s.wu	f5,x17	 x17:0x3ffbec40  f5=0x4e7fefb1
     254165.000 ns	     25415	80005448	0886f4d3	fsub.s	f9,f13,f8	 f13:0x00000000  f8:0x21227a59  f9=0xa1227a59
     254195.000 ns	     25418	8000544c	03e39933	mulh	x18,x7,x30	  x7:0x800417bc x30:0xffffff79 x18=0x00000043
     254225.000 ns	     25421	80005450	a12d0c53	fle.s	x24,f26,f18	 f26:0x3f400206 f18:0x3f800000 x24=0x00000001
     254255.000 ns	     25424	80005454	21b213d3	fsgnjn.s	f7,f4,f27	  f4:0xf518d318 f27:0x00000000  f7=0xf518d318
     254275.000 ns	     25426	80005458	36c95637	lui	x12,0x36c95	 x12=0x36c95000
     254605.000 ns	     25459	8000545c	1809b3d3	fdiv.s	f7,f19,f0	 f19:0x3f07c51b  f0:0x3f07c51b  f7=0x3f7fffee
     254635.000 ns	     25462	80005460	f0058ed3	fmv.w.x	f29,x11	 x11:0x00000000 f29=0x00000000
     254655.000 ns	     25464	80005464	c73bf213	andi	x4,x23,-909	 x23:0x00000000  x4=0x00000000
     254665.000 ns	     25465	80005468	7fb80497	auipc	x9,0x7fb80	  x9=0xffb85468
     254675.000 ns	     25466	8000546c	00dcad33	slt	x26,x25,x13	 x25:0x800417bd x13:0x7fffffff x26=0x00000001
     254685.000 ns	     25467	80005470	00555613	srli	x12,x10,0x5	 x10:0x00000000 x12=0x00000000
     254705.000 ns	     25469	80005474	21eb8553	fsgnj.s	f10,f23,f30	 f23:0x00000000 f30:0x7518d318 f10=0x00000000
     254735.000 ns	     25472	80005478	a0411ad3	flt.s	x21,f2,f4	  f2:0x00000000  f4:0xf518d318 x21=0x00000000
     254765.000 ns	     25475	8000547c	028521b3	mulhsu	x3,x10,x8	 x10:0x00000000  x8:0x00000010  x3=0x00000000
     254785.000 ns	     25477	80005480	0b770513	addi	x10,x14,183	 x14:0x7fffffbc x10=0x80000073
     254805.000 ns	     25479	80005484	f00f0753	fmv.w.x	f14,x30	 x30:0xffffff79 f14=0xffffff79
     254825.000 ns	     25481	80005488	00f77eb3	and	x29,x14,x15	 x14:0x7fffffbc x15:0x63d0f3d0 x29=0x63d0f390
     254845.000 ns	     25483	8000548c	d005fad3	fcvt.s.w	f21,x11	 x11:0x00000000 f21=0x00000000
     254875.000 ns	     25486	80005490	21712e53	fsgnjx.s	f28,f2,f23	  f2:0x00000000 f23:0x00000000 f28=0x00000000
     254905.000 ns	     25489	80005494	a1d914d3	flt.s	x9,f18,f29	 f18:0x3f800000 f29:0x00000000  x9=0x00000000
     254925.000 ns	     25491	80005498	c3c22e93	slti	x29,x4,-964	  x4:0x00000000 x29=0x00000000
     254935.000 ns	     25492	8000549c	41315333	sra	x6,x2,x19	  x2:0x00000000 x19:0xfc31c41b  x6=0x00000000
     254955.000 ns	     25494	800054a0	20b72f53	fsgnjx.s	f30,f14,f11	 f14:0xffffff79 f11:0x60900309 f30=0xffffff79
     254985.000 ns	     25497	800054a4	2060a753	fsgnjx.s	f14,f1,f6	  f1:0x4f000410  f6:0x00000000 f14=0x4f000410
     255005.000 ns	     25499	800054a8	0065df93	srli	x31,x11,0x6	 x11:0x00000000 x31=0x00000000
     255025.000 ns	     25501	800054ac	200d1453	fsgnjn.s	f8,f26,f0	 f26:0x3f400206  f0:0x3f07c51b  f8=0xbf400206
     255045.000 ns	     25503	800054b0	00000013	addi	x0,x0,0	  x0:0x00000000
     255055.000 ns	     25504	800054b4	00a3e2b3	or	x5,x7,x10	  x7:0x800417bc x10:0x80000073  x5=0x800417ff
     255065.000 ns	     25505	800054b8	015aaf33	slt	x30,x21,x21	 x21:0x00000000 x21:0x00000000 x30=0x00000000
     255085.000 ns	     25507	800054bc	021ad133	divu	x2,x21,x1	 x21:0x00000000  x1:0x00000000  x2=0xffffffff
     255115.000 ns	     25510	800054c0	21560853	fsgnj.s	f16,f12,f21	 f12:0xaec00206 f21:0x00000000 f16=0x2ec00206
     255135.000 ns	     25512	800054c4	2495e893	ori	x17,x11,585	 x11:0x00000000 x17=0x00000249
     255155.000 ns	     25514	800054c8	28fd0c53	fmin.s	f24,f26,f15	 f26:0x3f400206 f15:0x03ce3e28 f24=0x03ce3e28
     255185.000 ns	     25517	800054cc	e00c9153	fclass.s	x2,f25	 f25:0x4f000410  x2=0x00000040
     255235.000 ns	     25522	800054d0	09457953	fsub.s	f18,f10,f20	 f10:0x00000000 f20:0x3f800000 f18=0xbf800000
     255265.000 ns	     25525	800054d4	a1f000d3	fle.s	x1,f0,f31	  f0:0x3f07c51b f31:0x4f000410  x1=0x00000001
     255285.000 ns	     25527	800054d8	7fb74197	auipc	x3,0x7fb74	  x3=0xffb794d8
     255305.000 ns	     25529	800054dc	03cbd033	divu	x0,x23,x28	 x23:0x00000000 x28:0x00000000
     255325.000 ns	     25531	800054e0	fb14a913	slti	x18,x9,-79	  x9:0x00000000 x18=0x00000000
     255335.000 ns	     25532	800054e4	006621b3	slt	x3,x12,x6	 x12:0x00000000  x6:0x00000000  x3=0x00000000
     255355.000 ns	     25534	800054e8	20668653	fsgnj.s	f12,f13,f6	 f13:0x00000000  f6:0x00000000 f12=0x00000000
     255385.000 ns	     25537	800054ec	038633b3	mulhu	x7,x12,x24	 x12:0x00000000 x24:0x00000001  x7=0x00000000
     255415.000 ns	     25540	800054f0	21d71bd3	fsgnjn.s	f23,f14,f29	 f14:0x4f000410 f29:0x00000000 f23=0xcf000410
     255465.000 ns	     25545	800054f4	00957f53	fadd.s	f30,f10,f9	 f10:0x00000000  f9:0xa1227a59 f30=0xa1227a59
     255495.000 ns	     25548	800054f8	e0071fd3	fclass.s	x31,f14	 f14:0x4f000410 x31=0x00000040
     255525.000 ns	     25551	800054fc	c00a7e53	fcvt.w.s	x28,f20	 f20:0x3f800000 x28=0x00000001
     255545.000 ns	     25553	80005500	2a814893	xori	x17,x2,680	  x2:0x00000040 x17=0x000002e8
     255555.000 ns	     25554	80005504	af5d0bb7	lui	x23,0xaf5d0	 x23=0xaf5d0000
     255575.000 ns	     25556	80005508	02be2733	mulhsu	x14,x28,x11	 x28:0x00000001 x11:0x00000000 x14=0x00000000
     255595.000 ns	     25558	8000550c	00bb18b3	sll	x17,x22,x11	 x22:0x00000001 x11:0x00000000 x17=0x00000001
     255605.000 ns	     25559	80005510	01ea71b3	and	x3,x20,x30	 x20:0x80040fe4 x30:0x00000000  x3=0x00000000
     255625.000 ns	     25561	80005514	02671fb3	mulh	x31,x14,x6	 x14:0x00000000  x6:0x00000000 x31=0x00000000
     255655.000 ns	     25564	80005518	f0098ad3	fmv.w.x	f21,x19	 x19:0xfc31c41b f21=0xfc31c41b
     255675.000 ns	     25566	8000551c	2eacc437	lui	x8,0x2eacc	  x8=0x2eacc000
     255695.000 ns	     25568	80005520	028a3eb3	mulhu	x29,x20,x8	 x20:0x80040fe4  x8:0x00000010 x29=0x17571d98
     255715.000 ns	     25570	80005524	a3e9eb17	auipc	x22,0xa3e9e	 x22=0x23ea3524
     255725.000 ns	     25571	80005528	41dfd233	sra	x4,x31,x29	 x31:0x00000000 x29:0x17571d98  x4=0x00000000
     255755.000 ns	     25574	8000552c	11a801d3	fmul.s	f3,f16,f26	 f16:0x2ec00206 f26:0x3f400206  f3=0x2e900309
     255775.000 ns	     25576	80005530	01a005b3	add	x11,x0,x26	  x0:0x00000000 x26:0x00000001 x11=0x00000001
     255795.000 ns	     25578	80005534	03871233	mulh	x4,x14,x24	 x14:0x00000000 x24:0x00000001  x4=0x00000000
     255815.000 ns	     25580	80005538	860ac193	xori	x3,x21,-1952	 x21:0x00000000  x3=0xfffff860
     255825.000 ns	     25581	8000553c	009cdfb3	srl	x31,x25,x9	 x25:0x800417bd  x9:0x00000000 x31=0x800417bd
     255845.000 ns	     25583	80005540	207d9153	fsgnjn.s	f2,f27,f7	 f27:0x00000000  f7:0x3f7fffee  f2=0x80000000
     256215.000 ns	     25620	80005544	02534733	div	x14,x6,x5	  x6:0x00000000  x5:0x800417ff x14=0x00000000
     256235.000 ns	     25622	80005548	00371f93	slli	x31,x14,0x3	 x14:0x00000000 x31=0x00000000
     256255.000 ns	     25624	8000554c	f00c0cd3	fmv.w.x	f25,x24	 x24:0x00000001 f25=0x00000001
     256285.000 ns	     25627	80005550	02bc8033	mul	x0,x25,x11	 x25:0x800417bd x11:0x00000001
     256315.000 ns	     25630	80005554	a1fb9953	flt.s	x18,f23,f31	 f23:0xcf000410 f31:0x4f000410 x18=0x00000001
     256335.000 ns	     25632	80005558	002fc3b3	xor	x7,x31,x2	 x31:0x00000000  x2:0x00000040  x7=0x00000040
     256345.000 ns	     25633	8000555c	00539e13	slli	x28,x7,0x5	  x7:0x00000000 x28=0x00000800
     256355.000 ns	     25634	80005560	00000013	addi	x0,x0,0	  x0:0x00000000
     256375.000 ns	     25636	80005564	a04fac53	feq.s	x24,f31,f4	 f31:0x4f000410  f4:0xf518d318 x24=0x00000000
     256405.000 ns	     25639	80005568	e00b98d3	fclass.s	x17,f23	 f23:0xcf000410 x17=0x00000002
     256425.000 ns	     25641	8000556c	01861f33	sll	x30,x12,x24	 x12:0x00000000 x24:0x00000000 x30=0x00000000
     256435.000 ns	     25642	80005570	da372813	slti	x16,x14,-605	 x14:0x00000000 x16=0x00000000
     256455.000 ns	     25644	80005574	213f8fd3	fsgnj.s	f31,f31,f19	 f31:0x4f000410 f19:0x3f07c51b f31=0x4f000410
     256505.000 ns	     25649	80005578	00db4bd3	fadd.s	f23,f22,f13	 f22:0x4f00040f f13:0x00000000 f23=0x4f00040f
     256525.000 ns	     25651	8000557c	2d71c393	xori	x7,x3,727	  x3:0xfffff860  x7=0xfffffab7
     256545.000 ns	     25653	80005580	20a78753	fsgnj.s	f14,f15,f10	 f15:0x03ce3e28 f10:0x00000000 f14=0x03ce3e28
     256575.000 ns	     25656	80005584	a0db0cd3	fle.s	x25,f22,f13	 f22:0x4f00040f f13:0x00000000 x25=0x00000000
     256595.000 ns	     25658	80005588	007e32b3	sltu	x5,x28,x7	 x28:0x00000800  x7:0xfffffab7  x5=0x00000001
     256615.000 ns	     25660	8000558c	d00270d3	fcvt.s.w	f1,x4	  x4:0x00000000  f1=0x00000000
     256645.000 ns	     25663	80005590	e00d8453	fmv.x.w	x8,f27	 f27:0x00000000  x8=0x00000000
     256665.000 ns	     25665	80005594	22e10893	addi	x17,x2,558	  x2:0x00000040 x17=0x0000026e
     256685.000 ns	     25667	80005598	20798a53	fsgnj.s	f20,f19,f7	 f19:0x3f07c51b  f7:0x3f7fffee f20=0x3f07c51b
     256705.000 ns	     25669	8000559c	e1916393	ori	x7,x2,-487	  x2:0x00000040  x7=0xfffffe59
     256715.000 ns	     25670	800055a0	419707b3	sub	x15,x14,x25	 x14:0x00000000 x25:0x00000000 x15=0x00000000
     256735.000 ns	     25672	800055a4	c017fbd3	fcvt.wu.s	x23,f15	 f15:0x03ce3e28 x23=0x00000000
     256785.000 ns	     25677	800055a8	080cfed3	fsub.s	f29,f25,f0	 f25:0x00000001  f0:0x3f07c51b f29=0xbf07c51b
     256805.000 ns	     25679	800055ac	0108be33	sltu	x28,x17,x16	 x17:0x0000026e x16:0x00000000 x28=0x00000000
     256815.000 ns	     25680	800055b0	002bad33	slt	x26,x23,x2	 x23:0x00000000  x2:0x00000040 x26=0x00000001
     256835.000 ns	     25682	800055b4	02c31eb3	mulh	x29,x6,x12	  x6:0x00000000 x12:0x00000000 x29=0x00000000
     256865.000 ns	     25685	800055b8	c01c18d3	fcvt.wu.s	x17,f24	 f24:0x03ce3e28 x17=0x00000000
     256895.000 ns	     25688	800055bc	e00b9f53	fclass.s	x30,f23	 f23:0x4f00040f x30=0x00000040
     256915.000 ns	     25690	800055c0	00349d13	slli	x26,x9,0x3	  x9:0x00000000 x26=0x00000000
     258085.000 ns	     25807	800055c4	580bf553	fsqrt.s	f10,f23	 f23:0x4f00040f f10=0x46b50a40
     258105.000 ns	     25809	800055c8	01bb6cb3	or	x25,x22,x27	 x22:0x23ea3524 x27:0x80041024 x25=0xa3ee3524
     258115.000 ns	     25810	800055cc	51756793	ori	x15,x10,1303	 x10:0x80000073 x15=0x80000577
     258125.000 ns	     25811	800055d0	99a78d17	auipc	x26,0x99a78	 x26=0x19a7d5d0
     258135.000 ns	     25812	800055d4	00ecd393	srli	x7,x25,0xe	 x25:0xa3ee3524  x7=0x00028fb8
     258145.000 ns	     25813	800055d8	00a57d33	and	x26,x10,x10	 x10:0x80000073 x10:0x80000073 x26=0x80000073
     258165.000 ns	     25815	800055dc	e00888d3	fmv.x.w	x17,f17	 f17:0xbf800000 x17=0xbf800000
     258195.000 ns	     25818	800055e0	037216b3	mulh	x13,x4,x23	  x4:0x00000000 x23:0x00000000 x13=0x00000000
     258225.000 ns	     25821	800055e4	0253a6b3	mulhsu	x13,x7,x5	  x7:0x00028fb8  x5:0x00000001 x13=0x00000000
     258255.000 ns	     25824	800055e8	c0057d53	fcvt.w.s	x26,f10	 f10:0x46b50a40 x26=0x00005a85
     258305.000 ns	     25829	800055ec	00e5f153	fadd.s	f2,f11,f14	 f11:0x60900309 f14:0x03ce3e28  f2=0x60900309
     258325.000 ns	     25831	800055f0	45762b13	slti	x22,x12,1111	 x12:0x00000000 x22=0x00000001
     258345.000 ns	     25833	800055f4	e00084d3	fmv.x.w	x9,f1	  f1:0x00000000  x9=0x00000000
     258375.000 ns	     25836	800055f8	029530b3	mulhu	x1,x10,x9	 x10:0x80000073  x9:0x00000000  x1=0x00000000
     258395.000 ns	     25838	800055fc	db342497	auipc	x9,0xdb342	  x9=0x5b3475fc
     258755.000 ns	     25874	80005600	02766333	rem	x6,x12,x7	 x12:0x00000000  x7:0x00028fb8  x6=0x00000000
     258785.000 ns	     25877	80005604	02046c33	rem	x24,x8,x0	  x8:0x00000000  x0:0x00000000 x24=0x00000000
     258805.000 ns	     25879	80005608	01ecdd33	srl	x26,x25,x30	 x25:0xa3ee3524 x30:0x00000040 x26=0xa3ee3524
     258825.000 ns	     25881	8000560c	29a60453	fmin.s	f8,f12,f26	 f12:0x00000000 f26:0x3f400206  f8=0x00000000
     258855.000 ns	     25884	80005610	21da0053	fsgnj.s	f0,f20,f29	 f20:0x3f07c51b f29:0xbf07c51b  f0=0xbf07c51b
     258875.000 ns	     25886	80005614	006cc6b3	xor	x13,x25,x6	 x25:0xa3ee3524  x6:0x00000000 x13=0xa3ee3524
     258885.000 ns	     25887	80005618	80dc6c13	ori	x24,x24,-2035	 x24:0x00000000 x24=0xfffff80d
     258895.000 ns	     25888	8000561c	212ebb13	sltiu	x22,x29,530	 x29:0x00000000 x22=0x00000001
     258915.000 ns	     25890	80005620	e00a8d53	fmv.x.w	x26,f21	 f21:0xfc31c41b x26=0xfc31c41b
     258935.000 ns	     25892	80005624	40005833	sra	x16,x0,x0	  x0:0x00000000  x0:0x00000000 x16=0x00000000
     258945.000 ns	     25893	80005628	f5f1b813	sltiu	x16,x3,-161	  x3:0xfffff860 x16=0x00000001
     259305.000 ns	     25929	8000562c	033e7533	remu	x10,x28,x19	 x28:0x00000000 x19:0xfc31c41b x10=0x00000000
     259335.000 ns	     25932	80005630	d016abd3	fcvt.s.wu	f23,x13	 x13:0xa3ee3524 f23=0x4f23ee36
     259365.000 ns	     25935	80005634	c008f6d3	fcvt.w.s	x13,f17	 f17:0xbf800000 x13=0x00000001
     259405.000 ns	     25939	80005638	197410d3	fdiv.s	f1,f8,f23	  f8:0x00000000 f23:0x4f23ee36  f1=0x00000000
     259455.000 ns	     25944	8000563c	01c6f5d3	fadd.s	f11,f13,f28	 f13:0x00000000 f28:0x00000000 f11=0x00000000
     259485.000 ns	     25947	80005640	029195b3	mulh	x11,x3,x9	  x3:0xfffff860  x9:0x5b3475fc x11=0xfffffd48
     259505.000 ns	     25949	80005644	0018ceb3	xor	x29,x17,x1	 x17:0xbf800000  x1:0x00000000 x29=0xbf800000
     259515.000 ns	     25950	80005648	011a5b33	srl	x22,x20,x17	 x20:0x80040fe4 x17:0xbf800000 x22=0x80040fe4
     259535.000 ns	     25952	8000564c	28e39dd3	fmax.s	f27,f7,f14	  f7:0x3f7fffee f14:0x03ce3e28 f27=0x3f7fffee
     259555.000 ns	     25954	80005650	4106dbb3	sra	x23,x13,x16	 x13:0x00000001 x16:0x00000001 x23=0x00000000
     259575.000 ns	     25956	80005654	28d18353	fmin.s	f6,f3,f13	  f3:0x2e900309 f13:0x00000000  f6=0x00000000
     259595.000 ns	     25958	80005658	00497c33	and	x24,x18,x4	 x18:0x00000001  x4:0x00000000 x24=0x00000000
     259615.000 ns	     25960	8000565c	d01f82d3	fcvt.s.wu	f5,x31	 x31:0x00000000  f5=0x00000000
     259645.000 ns	     25963	80005660	a05128d3	feq.s	x17,f2,f5	  f2:0x60900309  f5:0x4e7fefb1 x17=0x00000000
     259665.000 ns	     25965	80005664	41e80f33	sub	x30,x16,x30	 x16:0x00000001 x30:0x00000040 x30=0xffffffc1
     259685.000 ns	     25967	80005668	28490253	fmin.s	f4,f18,f4	 f18:0xbf800000  f4:0xf518d318  f4=0xf518d318
     259705.000 ns	     25969	8000566c	4aa88913	addi	x18,x17,1194	 x17:0x00000000 x18=0x000004aa
     259725.000 ns	     25971	80005670	034716b3	mulh	x13,x14,x20	 x14:0x00000000 x20:0x80040fe4 x13=0x00000000
     259745.000 ns	     25973	80005674	015ab6b3	sltu	x13,x21,x21	 x21:0x00000000 x21:0x00000000 x13=0x00000000
     259765.000 ns	     25975	80005678	d0181253	fcvt.s.wu	f4,x16	 x16:0x00000001  f4=0x3f800000
     259785.000 ns	     25977	8000567c	41c2d613	srai	x12,x5,0x1c	  x5:0x00000001 x12=0x00000000
     259795.000 ns	     25978	80005680	504ed817	auipc	x16,0x504ed	 x16=0xd04f2680
     259815.000 ns	     25980	80005684	28299e53	fmax.s	f28,f19,f2	 f19:0x3f07c51b  f2:0x60900309 f28=0x60900309
     259845.000 ns	     25983	80005688	28459bd3	fmax.s	f23,f11,f4	 f11:0x00000000  f4:0x3f800000 f23=0x3f800000
     259865.000 ns	     25985	8000568c	01ebacb3	slt	x25,x23,x30	 x23:0x00000000 x30:0xffffffc1 x25=0x00000000
     260195.000 ns	     26018	80005690	19ef7cd3	fdiv.s	f25,f30,f30	 f30:0xa1227a59 f30:0xa1227a59 f25=0x3f656170
     260215.000 ns	     26020	80005694	009f3c33	sltu	x24,x30,x9	 x30:0xffffffc1  x9:0x5b3475fc x24=0x00000000
     260225.000 ns	     26021	80005698	ff8ac413	xori	x8,x21,-8	 x21:0x00000000  x8=0xfffffff8
     260245.000 ns	     26023	8000569c	c0132fd3	fcvt.wu.s	x31,f6	  f6:0x00000000 x31=0x00000000
     260275.000 ns	     26026	800056a0	28ae8dd3	fmin.s	f27,f29,f10	 f29:0xbf07c51b f10:0x46b50a40 f27=0xbf07c51b
     260295.000 ns	     26028	800056a4	0157d313	srli	x6,x15,0x15	 x15:0x80000577  x6=0x00000400
     260315.000 ns	     26030	800056a8	284916d3	fmax.s	f13,f18,f4	 f18:0xbf800000  f4:0x3f800000 f13=0x3f800000
     260365.000 ns	     26035	800056ac	004377d3	fadd.s	f15,f6,f4	  f6:0x00000000  f4:0x3f800000 f15=0x3f800000
     260385.000 ns	     26037	800056b0	61373b13	sltiu	x22,x14,1555	 x14:0x00000000 x22=0x00000001
     260405.000 ns	     26039	800056b4	c01a8ad3	fcvt.wu.s	x21,f21	 f21:0xfc31c41b x21=0x00000000
     260425.000 ns	     26041	800056b8	015d5ab3	srl	x21,x26,x21	 x26:0xfc31c41b x21:0x00000000 x21=0xfc31c41b
     260445.000 ns	     26043	800056bc	02a44eb3	div	x29,x8,x10	  x8:0xfffffff8 x10:0x00000000 x29=0xffffffff
     260465.000 ns	     26045	800056c0	01dda1b3	slt	x3,x27,x29	 x27:0x80041024 x29:0xbf800000  x3=0x00000001
     260475.000 ns	     26046	800056c4	9e7a63b7	lui	x7,0x9e7a6	  x7=0x9e7a6000
     260495.000 ns	     26048	800056c8	03939833	mulh	x16,x7,x25	  x7:0x00028fb8 x25:0x00000000 x16=0x00000000
     260525.000 ns	     26051	800056cc	f0080553	fmv.w.x	f10,x16	 x16:0xd04f2680 f10=0x00000000
     260575.000 ns	     26056	800056d0	005324d3	fadd.s	f9,f6,f5	  f6:0x00000000  f5:0x00000000  f9=0x00000000
     260605.000 ns	     26059	800056d4	294b0cd3	fmin.s	f25,f22,f20	 f22:0x4f00040f f20:0x3f07c51b f25=0x3f07c51b
     260635.000 ns	     26062	800056d8	f00b8ad3	fmv.w.x	f21,x23	 x23:0x00000000 f21=0x00000000
     260655.000 ns	     26064	800056dc	b0c33c13	sltiu	x24,x6,-1268	  x6:0x00000400 x24=0x00000001
     260675.000 ns	     26066	800056e0	03c401b3	mul	x3,x8,x28	  x8:0xfffffff8 x28:0x00000000  x3=0x00000000
     260705.000 ns	     26069	800056e4	e00995d3	fclass.s	x11,f19	 f19:0x3f07c51b x11=0x00000040
     260725.000 ns	     26071	800056e8	017444b3	xor	x9,x8,x23	  x8:0xfffffff8 x23:0x00000000  x9=0xfffffff8
     260735.000 ns	     26072	800056ec	013b5b13	srli	x22,x22,0x13	 x22:0x00000001 x22=0x00000000
     260755.000 ns	     26074	800056f0	e0058bd3	fmv.x.w	x23,f11	 f11:0x00000000 x23=0x00000000
     260785.000 ns	     26077	800056f4	d0187a53	fcvt.s.wu	f20,x16	 x16:0x00000000 f20=0x00000000
     260825.000 ns	     26081	800056f8	18bd8053	fdiv.s	f0,f27,f11	 f27:0xbf07c51b f11:0x00000000  f0=0xff800000
     260845.000 ns	     26083	800056fc	c61dab13	slti	x22,x27,-927	 x27:0x80041024 x22=0x00000001
     260855.000 ns	     26084	80005700	013cec33	or	x24,x25,x19	 x25:0x00000000 x19:0xfc31c41b x24=0xfc31c41b
     260895.000 ns	     26088	80005704	08919c53	fsub.s	f24,f3,f9	  f3:0x2e900309  f9:0x00000000 f24=0x2e900309
     260925.000 ns	     26091	80005708	21cd01d3	fsgnj.s	f3,f26,f28	 f26:0x3f400206 f28:0x60900309  f3=0x3f400206
     260955.000 ns	     26094	8000570c	20feab53	fsgnjx.s	f22,f29,f15	 f29:0xbf07c51b f15:0x3f800000 f22=0xbf07c51b
     260985.000 ns	     26097	80005710	02a01033	mulh	x0,x0,x10	  x0:0x00000000 x10:0x00000000
     261015.000 ns	     26100	80005714	d0067853	fcvt.s.w	f16,x12	 x12:0x00000000 f16=0x00000000
     261035.000 ns	     26102	80005718	cd65e7b7	lui	x15,0xcd65e	 x15=0xcd65e000
     261055.000 ns	     26104	8000571c	02372333	mulhsu	x6,x14,x3	 x14:0x00000000  x3:0x00000000  x6=0x00000000
     261085.000 ns	     26107	80005720	02d94533	div	x10,x18,x13	 x18:0x000004aa x13:0x00000000 x10=0xffffffff
     261105.000 ns	     26109	80005724	40b68233	sub	x4,x13,x11	 x13:0x00000000 x11:0x00000040  x4=0xffffffc0
     261115.000 ns	     26110	80005728	001f62b3	or	x5,x30,x1	 x30:0xffffffc1  x1:0x00000000  x5=0xffffffc1
     261125.000 ns	     26111	8000572c	eae19617	auipc	x12,0xeae19	 x12=0x6ae1e72c
     261135.000 ns	     26112	80005730	7efffb13	andi	x22,x31,2031	 x31:0x00000000 x22=0x00000000
     261145.000 ns	     26113	80005734	000f2633	slt	x12,x30,x0	 x30:0xffffffc1  x0:0x00000000 x12=0x00000001
     261175.000 ns	     26116	80005738	118f2a53	fmul.s	f20,f30,f24	 f30:0xa1227a59 f24:0x2e900309 f20=0x9036cd7f
     261195.000 ns	     26118	8000573c	8a0b3013	sltiu	x0,x22,-1888	 x22:0x00000000
     261215.000 ns	     26120	80005740	a12906d3	fle.s	x13,f18,f18	 f18:0xbf800000 f18:0xbf800000 x13=0x00000001
     261245.000 ns	     26123	80005744	0370f533	remu	x10,x1,x23	  x1:0x00000000 x23:0x00000000 x10=0x00000000
     261275.000 ns	     26126	80005748	d0177e53	fcvt.s.wu	f28,x14	 x14:0x00000000 f28=0x00000000
     261305.000 ns	     26129	8000574c	d00bca53	fcvt.s.w	f20,x23	 x23:0x00000000 f20=0x00000000
     261335.000 ns	     26132	80005750	a11c8d53	fle.s	x26,f25,f17	 f25:0x3f07c51b f17:0xbf800000 x26=0x00000000
     261355.000 ns	     26134	80005754	00debcb3	sltu	x25,x29,x13	 x29:0xffffffff x13:0x00000001 x25=0x00000000
     262525.000 ns	     26251	80005758	580145d3	fsqrt.s	f11,f2	  f2:0x60900309 f11=0x5007c4ee
     262555.000 ns	     26254	8000575c	a05b27d3	feq.s	x15,f22,f5	 f22:0xbf07c51b  f5:0x00000000 x15=0x00000000
     262585.000 ns	     26257	80005760	02aac0b3	div	x1,x21,x10	 x21:0xfc31c41b x10:0x00000000  x1=0xffffffff
     262615.000 ns	     26260	80005764	c005ac53	fcvt.w.s	x24,f11	 f11:0x5007c4ee x24=0x7fffffff
     262635.000 ns	     26262	80005768	7c75eb13	ori	x22,x11,1991	 x11:0x00000040 x22=0x000007c7
     262645.000 ns	     26263	8000576c	778fb513	sltiu	x10,x31,1912	 x31:0x00000000 x10=0x00000001
     262655.000 ns	     26264	80005770	fc9c3e13	sltiu	x28,x24,-55	 x24:0x7fffffff x28=0x00000001
     262675.000 ns	     26266	80005774	a1968ad3	fle.s	x21,f13,f25	 f13:0x3f800000 f25:0x3f07c51b x21=0x00000000
     262695.000 ns	     26268	80005778	4127d733	sra	x14,x15,x18	 x15:0x00000000 x18:0x000004aa x14=0x00000000
     262715.000 ns	     26270	8000577c	a13d2cd3	feq.s	x25,f26,f19	 f26:0x3f400206 f19:0x3f07c51b x25=0x00000000
     262765.000 ns	     26275	80005780	0016fad3	fadd.s	f21,f13,f1	 f13:0x3f800000  f1:0x00000000 f21=0x3f800000
     263135.000 ns	     26312	80005784	03dbf133	remu	x2,x23,x29	 x23:0x00000000 x29:0xffffffff  x2=0x00000000
     263165.000 ns	     26315	80005788	21c11a53	fsgnjn.s	f20,f2,f28	  f2:0x60900309 f28:0x00000000 f20=0xe0900309
     263185.000 ns	     26317	8000578c	00efd913	srli	x18,x31,0xe	 x31:0x00000000 x18=0x00000000
     263195.000 ns	     26318	80005790	6c472f37	lui	x30,0x6c472	 x30=0x6c472000
     263215.000 ns	     26320	80005794	0354a433	mulhsu	x8,x9,x21	  x9:0xfffffff8 x21:0x00000000  x8=0x00000000
     263235.000 ns	     26322	80005798	1b9f4693	xori	x13,x30,441	 x30:0xffffffc1 x13=0x6c4721b9
     263245.000 ns	     26323	8000579c	40d4de93	srai	x29,x9,0xd	  x9:0xfffffff8 x29=0xffffffff
     263265.000 ns	     26325	800057a0	02a198b3	mulh	x17,x3,x10	  x3:0x00000000 x10:0x00000001 x17=0x00000000
     263285.000 ns	     26327	800057a4	0028d933	srl	x18,x17,x2	 x17:0x00000000  x2:0x00000000 x18=0x00000000
     263295.000 ns	     26328	800057a8	009fdd33	srl	x26,x31,x9	 x31:0x00000000  x9:0xfffffff8 x26=0x00000000
     263305.000 ns	     26329	800057ac	00755513	srli	x10,x10,0x7	 x10:0x00000001 x10=0x00000000
     263315.000 ns	     26330	800057b0	5e1f7293	andi	x5,x30,1505	 x30:0x6c472000  x5=0x00000000
     263335.000 ns	     26332	800057b4	28868b53	fmin.s	f22,f13,f8	 f13:0x3f800000  f8:0x00000000 f22=0x00000000
     263365.000 ns	     26335	800057b8	03904733	div	x14,x0,x25	  x0:0x00000000 x25:0x00000000 x14=0xffffffff
     263385.000 ns	     26337	800057bc	004f93b3	sll	x7,x31,x4	 x31:0x00000000  x4:0xffffffc0  x7=0x00000000
     263745.000 ns	     26373	800057c0	03645cb3	divu	x25,x8,x22	  x8:0x00000000 x22:0x000007c7 x25=0x00000000
     263775.000 ns	     26376	800057c4	03ef96b3	mulh	x13,x31,x30	 x31:0x00000000 x30:0x6c472000 x13=0x00000000
     263795.000 ns	     26378	800057c8	13e9ee17	auipc	x28,0x13e9e	 x28=0x93ea37c8
     263835.000 ns	     26382	800057cc	01f8c253	fadd.s	f4,f17,f31	 f17:0xbf800000 f31:0x4f000410  f4=0x4f000410
     263885.000 ns	     26387	800057d0	08f47753	fsub.s	f14,f8,f15	  f8:0x00000000 f15:0x3f800000 f14=0xbf800000
     263905.000 ns	     26389	800057d4	00000013	addi	x0,x0,0	  x0:0x00000000
     263925.000 ns	     26391	800057d8	c0057ed3	fcvt.w.s	x29,f10	 f10:0x00000000 x29=0x00000000
     263955.000 ns	     26394	800057dc	e00e9cd3	fclass.s	x25,f29	 f29:0xbf07c51b x25=0x00000002
     264325.000 ns	     26431	800057e0	0245fbb3	remu	x23,x11,x4	 x11:0x00000040  x4:0xffffffc0 x23=0x00000040
     264345.000 ns	     26433	800057e4	00495b13	srli	x22,x18,0x4	 x18:0x00000000 x22=0x00000000
     264365.000 ns	     26435	800057e8	02a4d7b3	divu	x15,x9,x10	  x9:0xfffffff8 x10:0x00000000 x15=0xffffffff
     264395.000 ns	     26438	800057ec	a13407d3	fle.s	x15,f8,f19	  f8:0x00000000 f19:0x3f07c51b x15=0x00000001
     264425.000 ns	     26441	800057f0	28101353	fmax.s	f6,f0,f1	  f0:0xff800000  f1:0x00000000  f6=0x00000000
     264455.000 ns	     26444	800057f4	292895d3	fmax.s	f11,f17,f18	 f17:0xbf800000 f18:0xbf800000 f11=0xbf800000
     264475.000 ns	     26446	800057f8	ec78cf13	xori	x30,x17,-313	 x17:0x00000000 x30=0xfffffec7
     264495.000 ns	     26448	800057fc	f0000ed3	fmv.w.x	f29,x0	  x0:0x00000000 f29=0x00000000
     264525.000 ns	     26451	80005800	02dd0fb3	mul	x31,x26,x13	 x26:0x00000000 x13:0x00000000 x31=0x00000000
     264545.000 ns	     26453	80005804	0064feb3	and	x29,x9,x6	  x9:0xfffffff8  x6:0x00000000 x29=0x00000000
     264555.000 ns	     26454	80005808	00b6f0b3	and	x1,x13,x11	 x13:0x00000000 x11:0x00000040  x1=0x00000000
     264565.000 ns	     26455	8000580c	4172d933	sra	x18,x5,x23	  x5:0x00000000 x23:0x00000040 x18=0x00000000
     264585.000 ns	     26457	80005810	208518d3	fsgnjn.s	f17,f10,f8	 f10:0x00000000  f8:0x00000000 f17=0x80000000
     264625.000 ns	     26461	80005814	580f3053	fsqrt.s	f0,f30	 f30:0xa1227a59  f0=0x7fc00000
     264655.000 ns	     26464	80005818	a15025d3	feq.s	x11,f0,f21	  f0:0xff800000 f21:0x3f800000 x11=0x00000000
     264675.000 ns	     26466	8000581c	01d29bb3	sll	x23,x5,x29	  x5:0x00000000 x29:0x00000000 x23=0x00000000
     264685.000 ns	     26467	80005820	01c4b4b3	sltu	x9,x9,x28	  x9:0xfffffff8 x28:0x93ea37c8  x9=0x00000000
     264695.000 ns	     26468	80005824	41b2d833	sra	x16,x5,x27	  x5:0x00000000 x27:0x80041024 x16=0x00000000
     264705.000 ns	     26469	80005828	ca9fb513	sltiu	x10,x31,-855	 x31:0x00000000 x10=0x00000001
     264715.000 ns	     26470	8000582c	fe547613	andi	x12,x8,-27	  x8:0x00000000 x12=0x00000000
     264725.000 ns	     26471	80005830	d8d08713	addi	x14,x1,-627	  x1:0x00000000 x14=0xfffffd8d
     264745.000 ns	     26473	80005834	203d1753	fsgnjn.s	f14,f26,f3	 f26:0x3f400206  f3:0x3f400206 f14=0xbf400206
     264775.000 ns	     26476	80005838	03923933	mulhu	x18,x4,x25	  x4:0xffffffc0 x25:0x00000002 x18=0x00000001
     264795.000 ns	     26478	8000583c	40115513	srai	x10,x2,0x1	  x2:0x00000000 x10=0x00000000
     264815.000 ns	     26480	80005840	e00a0e53	fmv.x.w	x28,f20	 f20:0xe0900309 x28=0xe0900309
     264835.000 ns	     26482	80005844	00b3ceb3	xor	x29,x7,x11	  x7:0x00000000 x11:0x00000000 x29=0x00000000
     264855.000 ns	     26484	80005848	02394f33	div	x30,x18,x3	 x18:0x00000001  x3:0x00000000 x30=0xffffffff
     264885.000 ns	     26487	8000584c	d00d0553	fcvt.s.w	f10,x26	 x26:0x00000000 f10=0x00000000
     265255.000 ns	     26524	80005850	039ceeb3	rem	x29,x25,x25	 x25:0x00000002 x25:0x00000002 x29=0x00000000
     265285.000 ns	     26527	80005854	c016c453	fcvt.wu.s	x8,f13	 f13:0x3f800000  x8=0x00000001
     265305.000 ns	     26529	80005858	3a032213	slti	x4,x6,928	  x6:0x00000000  x4=0x00000001
     265325.000 ns	     26531	8000585c	28681853	fmax.s	f16,f16,f6	 f16:0x00000000  f6:0x00000000 f16=0x00000000
     265355.000 ns	     26534	80005860	299f8b53	fmin.s	f22,f31,f25	 f31:0x4f000410 f25:0x3f07c51b f22=0x3f07c51b
     265375.000 ns	     26536	80005864	d731f213	andi	x4,x3,-653	  x3:0x00000000  x4=0x00000000
     265735.000 ns	     26572	80005868	0283e6b3	rem	x13,x7,x8	  x7:0x00000000  x8:0x00000001 x13=0x00000000
     265775.000 ns	     26576	8000586c	580ef5d3	fsqrt.s	f11,f29	 f29:0x00000000 f11=0x00000000
     265795.000 ns	     26578	80005870	00351b13	slli	x22,x10,0x3	 x10:0x00000000 x22=0x00000000
     265805.000 ns	     26579	80005874	41a67397	auipc	x7,0x41a67	  x7=0xc1a6c874
     265815.000 ns	     26580	80005878	408305b3	sub	x11,x6,x8	  x6:0x00000000  x8:0x00000001 x11=0xffffffff
     265835.000 ns	     26582	8000587c	c00ecf53	fcvt.w.s	x30,f29	 f29:0x00000000 x30=0x00000000
     265855.000 ns	     26584	80005880	7be88e13	addi	x28,x17,1982	 x17:0x00000000 x28=0x000007be
     265865.000 ns	     26585	80005884	40ea5f93	srai	x31,x20,0xe	 x20:0x80040fe4 x31=0xfffe0010
     265875.000 ns	     26586	80005888	01cac5b3	xor	x11,x21,x28	 x21:0x00000000 x28:0xe0900309 x11=0x000007be
     265895.000 ns	     26588	8000588c	023d56b3	divu	x13,x26,x3	 x26:0x00000000  x3:0x00000000 x13=0xffffffff
     265925.000 ns	     26591	80005890	a1770d53	fle.s	x26,f14,f23	 f14:0xbf400206 f23:0x3f800000 x26=0x00000001
     265955.000 ns	     26594	80005894	29260053	fmin.s	f0,f12,f18	 f12:0x00000000 f18:0xbf800000  f0=0xbf800000
     266005.000 ns	     26599	80005898	0810f5d3	fsub.s	f11,f1,f1	  f1:0x00000000  f1:0x00000000 f11=0x80000000
     266035.000 ns	     26602	8000589c	038a32b3	mulhu	x5,x20,x24	 x20:0x80040fe4 x24:0x7fffffff  x5=0x400207f1
     266055.000 ns	     26604	800058a0	007dceb3	xor	x29,x27,x7	 x27:0x80041024  x7:0xc1a6c874 x29=0x41a2d850
     266065.000 ns	     26605	800058a4	0197e233	or	x4,x15,x25	 x15:0x00000001 x25:0x00000002  x4=0x00000003
     266085.000 ns	     26607	800058a8	03138cb3	mul	x25,x7,x17	  x7:0xc1a6c874 x17:0x00000000 x25=0x00000000
     266105.000 ns	     26609	800058ac	41ced7b3	sra	x15,x29,x28	 x29:0x41a2d850 x28:0x000007be x15=0x00000001
     266115.000 ns	     26610	800058b0	41540c33	sub	x24,x8,x21	  x8:0x00000001 x21:0x00000000 x24=0x00000001
     266135.000 ns	     26612	800058b4	21128fd3	fsgnj.s	f31,f5,f17	  f5:0x00000000 f17:0x80000000 f31=0x80000000
     266165.000 ns	     26615	800058b8	a17e8e53	fle.s	x28,f29,f23	 f29:0x00000000 f23:0x3f800000 x28=0x00000001
     266205.000 ns	     26619	800058bc	19d570d3	fdiv.s	f1,f10,f29	 f10:0x00000000 f29:0x00000000  f1=0x7fc00000
     266225.000 ns	     26621	800058c0	012bdd33	srl	x26,x23,x18	 x23:0x00000000 x18:0x00000001 x26=0x00000000
     266235.000 ns	     26622	800058c4	010c6cb3	or	x25,x24,x16	 x24:0x00000001 x16:0x00000000 x25=0x00000001
     266245.000 ns	     26623	800058c8	540e4197	auipc	x3,0x540e4	  x3=0xd40e98c8
     266255.000 ns	     26624	800058cc	0084e333	or	x6,x9,x8	  x9:0x00000000  x8:0x00000001  x6=0x00000001
     266265.000 ns	     26625	800058d0	403ed2b3	sra	x5,x29,x3	 x29:0x41a2d850  x3:0x00000000  x5=0x0041a2d8
     266625.000 ns	     26661	800058d4	0384eb33	rem	x22,x9,x24	  x9:0x00000000 x24:0x00000001 x22=0x00000000
     266655.000 ns	     26664	800058d8	28af0f53	fmin.s	f30,f30,f10	 f30:0xa1227a59 f10:0x00000000 f30=0xa1227a59
     266685.000 ns	     26667	800058dc	d013c653	fcvt.s.wu	f12,x7	  x7:0xc1a6c874 f12=0x4f41a6c8
     266715.000 ns	     26670	800058e0	a0332e53	feq.s	x28,f6,f3	  f6:0x00000000  f3:0x3f400206 x28=0x00000000
     266755.000 ns	     26674	800058e4	192ebb53	fdiv.s	f22,f29,f18	 f29:0x00000000 f18:0xbf800000 f22=0x80000000
     267125.000 ns	     26711	800058e8	0240f4b3	remu	x9,x1,x4	  x1:0x00000000  x4:0x00000003  x9=0x00000000
     267465.000 ns	     26745	800058ec	1991b2d3	fdiv.s	f5,f3,f25	  f3:0x3f400206 f25:0x3f07c51b  f5=0x3fb504f3
     267485.000 ns	     26747	800058f0	406e8cb3	sub	x25,x29,x6	 x29:0x41a2d850  x6:0x00000001 x25=0x41a2d84f
     267495.000 ns	     26748	800058f4	419d06b3	sub	x13,x26,x25	 x26:0x00000000 x25:0x00000001 x13=0xbe5d27b1
     267515.000 ns	     26750	800058f8	c0002fd3	fcvt.w.s	x31,f0	  f0:0xbf800000 x31=0xffffffff
     267545.000 ns	     26753	800058fc	03a4e0b3	rem	x1,x9,x26	  x9:0x00000000 x26:0x00000000  x1=0x00000000
     267575.000 ns	     26756	80005900	03068533	mul	x10,x13,x16	 x13:0xbe5d27b1 x16:0x00000000 x10=0x00000000
     267595.000 ns	     26758	80005904	00cae833	or	x16,x21,x12	 x21:0x00000000 x12:0x00000000 x16=0x00000000
     267605.000 ns	     26759	80005908	40885613	srai	x12,x16,0x8	 x16:0x00000000 x12=0x00000000
     267625.000 ns	     26761	8000590c	28f40bd3	fmin.s	f23,f8,f15	  f8:0x00000000 f15:0x3f800000 f23=0x00000000
     267655.000 ns	     26764	80005910	a15e9c53	flt.s	x24,f29,f21	 f29:0x00000000 f21:0x3f800000 x24=0x00000001
     267675.000 ns	     26766	80005914	41380933	sub	x18,x16,x19	 x16:0x00000000 x19:0xfc31c41b x18=0x03ce3be5
     267685.000 ns	     26767	80005918	00000013	addi	x0,x0,0	  x0:0x00000000
     267705.000 ns	     26769	8000591c	c003f453	fcvt.w.s	x8,f7	  f7:0x3f7fffee  x8=0x00000000
     267735.000 ns	     26772	80005920	033c1e33	mulh	x28,x24,x19	 x24:0x00000001 x19:0xfc31c41b x28=0xffffffff
     267785.000 ns	     26777	80005924	08f1f453	fsub.s	f8,f3,f15	  f3:0x3f400206 f15:0x3f800000  f8=0xbe7ff7e8
     267815.000 ns	     26780	80005928	a0f917d3	flt.s	x15,f18,f15	 f18:0xbf800000 f15:0x3f800000 x15=0x00000001
     267845.000 ns	     26783	8000592c	d01d8cd3	fcvt.s.wu	f25,x27	 x27:0x80041024 f25=0x4f000410
     267865.000 ns	     26785	80005930	00cf8633	add	x12,x31,x12	 x31:0xffffffff x12:0x00000000 x12=0xffffffff
     267875.000 ns	     26786	80005934	00c53033	sltu	x0,x10,x12	 x10:0x00000000 x12:0x00000000
     267895.000 ns	     26788	80005938	e00b84d3	fmv.x.w	x9,f23	 f23:0x00000000  x9=0x00000000
     267925.000 ns	     26791	8000593c	20cb93d3	fsgnjn.s	f7,f23,f12	 f23:0x00000000 f12:0x4f41a6c8  f7=0x80000000
     267945.000 ns	     26793	80005940	00ea64b3	or	x9,x20,x14	 x20:0x80040fe4 x14:0xfffffd8d  x9=0xffffffed
     267965.000 ns	     26795	80005944	a03c9c53	flt.s	x24,f25,f3	 f25:0x4f000410  f3:0x3f400206 x24=0x00000000
     268005.000 ns	     26799	80005948	5800ff53	fsqrt.s	f30,f1	  f1:0x7fc00000 f30=0x7fc00000
     268035.000 ns	     26802	8000594c	e0049153	fclass.s	x2,f9	  f9:0x00000000  x2=0x00000010
     268065.000 ns	     26805	80005950	e00992d3	fclass.s	x5,f19	 f19:0x3f07c51b  x5=0x00000040
     268095.000 ns	     26808	80005954	a13a1d53	flt.s	x26,f20,f19	 f20:0xe0900309 f19:0x3f07c51b x26=0x00000001
     268125.000 ns	     26811	80005958	f00b0bd3	fmv.w.x	f23,x22	 x22:0x00000000 f23=0x00000000
     268145.000 ns	     26813	8000595c	19482813	slti	x16,x16,404	 x16:0x00000000 x16=0x00000001
     268155.000 ns	     26814	80005960	44fa2793	slti	x15,x20,1103	 x20:0x80040fe4 x15=0x00000001
     268175.000 ns	     26816	80005964	d0101553	fcvt.s.wu	f10,x0	  x0:0x00000000 f10=0x00000000
     268215.000 ns	     26820	80005968	181928d3	fdiv.s	f17,f18,f1	 f18:0xbf800000  f1:0x7fc00000 f17=0x7fc00000
     268235.000 ns	     26822	8000596c	f7533913	sltiu	x18,x6,-139	  x6:0x00000001 x18=0x00000001
     268245.000 ns	     26823	80005970	007445b3	xor	x11,x8,x7	  x8:0x00000000  x7:0xc1a6c874 x11=0xc1a6c874
     268255.000 ns	     26824	80005974	015cd933	srl	x18,x25,x21	 x25:0x41a2d84f x21:0x00000000 x18=0x41a2d84f
     268615.000 ns	     26860	80005978	02b57b33	remu	x22,x10,x11	 x10:0x00000000 x11:0x000007be x22=0x00000000
     268645.000 ns	     26863	8000597c	c01384d3	fcvt.wu.s	x9,f7	  f7:0x80000000  x9=0x00000000
     268665.000 ns	     26865	80005980	40628533	sub	x10,x5,x6	  x5:0x00000040  x6:0x00000001 x10=0x0000003f
     268685.000 ns	     26867	80005984	a0fea1d3	feq.s	x3,f29,f15	 f29:0x00000000 f15:0x3f800000  x3=0x00000000
     268715.000 ns	     26870	80005988	a1d0a953	feq.s	x18,f1,f29	  f1:0x7fc00000 f29:0x00000000 x18=0x00000000
     268745.000 ns	     26873	8000598c	035d57b3	divu	x15,x26,x21	 x26:0x00000001 x21:0x00000000 x15=0xffffffff
     268775.000 ns	     26876	80005990	038701b3	mul	x3,x14,x24	 x14:0xfffffd8d x24:0x00000000  x3=0x00000000
     268805.000 ns	     26879	80005994	e0028bd3	fmv.x.w	x23,f5	  f5:0x3fb504f3 x23=0x3fb504f3
     268835.000 ns	     26882	80005998	e0011b53	fclass.s	x22,f2	  f2:0x60900309 x22=0x00000040
     268865.000 ns	     26885	8000599c	f0048fd3	fmv.w.x	f31,x9	  x9:0x00000000 f31=0x00000000
     268895.000 ns	     26888	800059a0	21830553	fsgnj.s	f10,f6,f24	  f6:0x00000000 f24:0x2e900309 f10=0x00000000
     268915.000 ns	     26890	800059a4	293f47b7	lui	x15,0x293f4	 x15=0x293f4000
     268925.000 ns	     26891	800059a8	00295333	srl	x6,x18,x2	 x18:0x00000000  x2:0x00000010  x6=0x00000000
     268935.000 ns	     26892	800059ac	bb434697	auipc	x13,0xbb434	 x13=0x3b4399ac
     268945.000 ns	     26893	800059b0	4073d7b3	sra	x15,x7,x7	  x7:0xc1a6c874  x7:0xc1a6c874 x15=0xfffffc1a
     268955.000 ns	     26894	800059b4	40590f33	sub	x30,x18,x5	 x18:0x00000000  x5:0x00000040 x30=0xffffffc0
     268975.000 ns	     26896	800059b8	c00d2053	fcvt.w.s	x0,f26	 f26:0x3f400206
     268995.000 ns	     26898	800059bc	fbf67493	andi	x9,x12,-65	 x12:0xffffffff  x9=0xffffffbf
     269015.000 ns	     26900	800059c0	a1920653	fle.s	x12,f4,f25	  f4:0x4f000410 f25:0x4f000410 x12=0x00000001
     269035.000 ns	     26902	800059c4	4094df93	srai	x31,x9,0x9	  x9:0x00000000 x31=0xffffffff
     269045.000 ns	     26903	800059c8	88982237	lui	x4,0x88982	  x4=0x88982000
     269065.000 ns	     26905	800059cc	c00c4853	fcvt.w.s	x16,f24	 f24:0x2e900309 x16=0x00000000
     269105.000 ns	     26909	800059d0	580e7353	fsqrt.s	f6,f28	 f28:0x00000000  f6=0x00000000
     269145.000 ns	     26913	800059d4	111dbed3	fmul.s	f29,f27,f17	 f27:0xbf07c51b f17:0x7fc00000 f29=0x7fc00000
     269515.000 ns	     26950	800059d8	02c84533	div	x10,x16,x12	 x16:0x00000000 x12:0x00000001 x10=0x00000000
     269545.000 ns	     26953	800059dc	d0151b53	fcvt.s.wu	f22,x10	 x10:0x0000003f f22=0x00000000
     269565.000 ns	     26955	800059e0	41285193	srai	x3,x16,0x12	 x16:0x00000000  x3=0x00000000
     269575.000 ns	     26956	800059e4	419d56b3	sra	x13,x26,x25	 x26:0x00000001 x25:0x41a2d84f x13=0x00000000
     269585.000 ns	     26957	800059e8	002e15b3	sll	x11,x28,x2	 x28:0xffffffff  x2:0x00000010 x11=0xffff0000
     269595.000 ns	     26958	800059ec	33692813	slti	x16,x18,822	 x18:0x00000000 x16=0x00000001
     269615.000 ns	     26960	800059f0	21f802d3	fsgnj.s	f5,f16,f31	 f16:0x00000000 f31:0x00000000  f5=0x00000000
     269635.000 ns	     26962	800059f4	fcfd14b7	lui	x9,0xfcfd1	  x9=0xfcfd1000
     269655.000 ns	     26964	800059f8	02c180b3	mul	x1,x3,x12	  x3:0x00000000 x12:0x00000001  x1=0x00000000
     269685.000 ns	     26967	800059fc	20950b53	fsgnj.s	f22,f10,f9	 f10:0x00000000  f9:0x00000000 f22=0x00000000
     269705.000 ns	     26969	80005a00	407bd933	sra	x18,x23,x7	 x23:0x3fb504f3  x7:0xc1a6c874 x18=0x000003fb
     269715.000 ns	     26970	80005a04	b3cbe313	ori	x6,x23,-1220	 x23:0x3fb504f3  x6=0xffffffff
     269755.000 ns	     26974	80005a08	0197f853	fadd.s	f16,f15,f25	 f15:0x3f800000 f25:0x4f000410 f16=0x4f000410
     269805.000 ns	     26979	80005a0c	09a57e53	fsub.s	f28,f10,f26	 f10:0x00000000 f26:0x3f400206 f28=0xbf400206
     269835.000 ns	     26982	80005a10	e0011053	fclass.s	x0,f2	  f2:0x60900309
     269865.000 ns	     26985	80005a14	c00981d3	fcvt.w.s	x3,f19	 f19:0x3f07c51b  x3=0x00000001
     269885.000 ns	     26987	80005a18	00419733	sll	x14,x3,x4	  x3:0x00000000  x4:0x88982000 x14=0x00000001
     269895.000 ns	     26988	80005a1c	00d3ac33	slt	x24,x7,x13	  x7:0xc1a6c874 x13:0x00000000 x24=0x00000001
     269915.000 ns	     26990	80005a20	e0068453	fmv.x.w	x8,f13	 f13:0x3f800000  x8=0x3f800000
     269935.000 ns	     26992	80005a24	00b3e733	or	x14,x7,x11	  x7:0xc1a6c874 x11:0xffff0000 x14=0xffffc874
     269945.000 ns	     26993	80005a28	418faf93	slti	x31,x31,1048	 x31:0xffffffff x31=0x00000001
     269955.000 ns	     26994	80005a2c	00165393	srli	x7,x12,0x1	 x12:0x00000001  x7=0x00000000
     269985.000 ns	     26997	80005a30	11d93b53	fmul.s	f22,f18,f29	 f18:0xbf800000 f29:0x7fc00000 f22=0x7fc00000
     270015.000 ns	     27000	80005a34	c00948d3	fcvt.w.s	x17,f18	 f18:0xbf800000 x17=0xffffffff
     270035.000 ns	     27002	80005a38	41130133	sub	x2,x6,x17	  x6:0xffffffff x17:0x00000000  x2=0x00000000
     270045.000 ns	     27003	80005a3c	01ea5813	srli	x16,x20,0x1e	 x20:0x80040fe4 x16=0x00000002
     270055.000 ns	     27004	80005a40	46eb3f93	sltiu	x31,x22,1134	 x22:0x00000040 x31=0x00000001
     270085.000 ns	     27007	80005a44	5805fed3	fsqrt.s	f29,f11	 f11:0x80000000 f29=0x80000000
     270455.000 ns	     27044	80005a48	029442b3	div	x5,x8,x9	  x8:0x3f800000  x9:0xfcfd1000  x5=0xffffffeb
     270475.000 ns	     27046	80005a4c	40e457b3	sra	x15,x8,x14	  x8:0x3f800000 x14:0xffffc874 x15=0x000003f8
     270495.000 ns	     27048	80005a50	d01a20d3	fcvt.s.wu	f1,x20	 x20:0x80040fe4  f1=0x4f000410
     270835.000 ns	     27082	80005a54	19bd8253	fdiv.s	f4,f27,f27	 f27:0xbf07c51b f27:0xbf07c51b  f4=0x3f25e48a
     270855.000 ns	     27084	80005a58	00c1ecb3	or	x25,x3,x12	  x3:0x00000001 x12:0x00000001 x25=0x00000001
     270875.000 ns	     27086	80005a5c	295505d3	fmin.s	f11,f10,f21	 f10:0x00000000 f21:0x3f800000 f11=0x00000000
     270905.000 ns	     27089	80005a60	28ea81d3	fmin.s	f3,f21,f14	 f21:0x3f800000 f14:0xbf400206  f3=0xbf400206
     270935.000 ns	     27092	80005a64	a1f6ad53	feq.s	x26,f13,f31	 f13:0x3f800000 f31:0x00000000 x26=0x00000000
     270955.000 ns	     27094	80005a68	01d545b3	xor	x11,x10,x29	 x10:0x00000000 x29:0x41a2d850 x11=0x41a2d850
     270965.000 ns	     27095	80005a6c	4e58ed13	ori	x26,x17,1253	 x17:0xffffffff x26=0xffffffff
     270985.000 ns	     27097	80005a70	c01f71d3	fcvt.wu.s	x3,f30	 f30:0x7fc00000  x3=0xffffffff
     271005.000 ns	     27099	80005a74	00f67e33	and	x28,x12,x15	 x12:0x00000001 x15:0x000003f8 x28=0x00000000
     271025.000 ns	     27101	80005a78	c01a7c53	fcvt.wu.s	x24,f20	 f20:0xe0900309 x24=0x00000000
     271045.000 ns	     27103	80005a7c	2b5c2f13	slti	x30,x24,693	 x24:0x00000001 x30=0x00000001
     271055.000 ns	     27104	80005a80	00fad893	srli	x17,x21,0xf	 x21:0x00000000 x17=0x00000000
     271075.000 ns	     27106	80005a84	20d814d3	fsgnjn.s	f9,f16,f13	 f16:0x4f000410 f13:0x3f800000  f9=0xcf000410
     271105.000 ns	     27109	80005a88	03f6a2b3	mulhsu	x5,x13,x31	 x13:0x00000000 x31:0x00000001  x5=0x00000000
     271135.000 ns	     27112	80005a8c	29450853	fmin.s	f16,f10,f20	 f10:0x00000000 f20:0xe0900309 f16=0xe0900309
     271165.000 ns	     27115	80005a90	e0001753	fclass.s	x14,f0	  f0:0xbf800000 x14=0x00000002
     271205.000 ns	     27119	80005a94	10bef453	fmul.s	f8,f29,f11	 f29:0x80000000 f11:0x00000000  f8=0x80000000
     271225.000 ns	     27121	80005a98	01fd37b3	sltu	x15,x26,x31	 x26:0xffffffff x31:0x00000001 x15=0x00000000
     271245.000 ns	     27123	80005a9c	a160a453	feq.s	x8,f1,f22	  f1:0x4f000410 f22:0x7fc00000  x8=0x00000000
     271275.000 ns	     27126	80005aa0	02eb1eb3	mulh	x29,x22,x14	 x22:0x00000040 x14:0x00000002 x29=0x00000000
     271305.000 ns	     27129	80005aa4	02b4afb3	mulhsu	x31,x9,x11	  x9:0xfcfd1000 x11:0x41a2d850 x31=0xff3a56a8
     271325.000 ns	     27131	80005aa8	686b2513	slti	x10,x22,1670	 x22:0x00000040 x10=0x00000001
     271345.000 ns	     27133	80005aac	03dec633	div	x12,x29,x29	 x29:0x00000000 x29:0x00000000 x12=0xffffffff
     271365.000 ns	     27135	80005ab0	00d89c33	sll	x24,x17,x13	 x17:0x00000000 x13:0x00000000 x24=0x00000000
     271385.000 ns	     27137	80005ab4	0278c1b3	div	x3,x17,x7	 x17:0x00000000  x7:0x00000000  x3=0xffffffff
     271405.000 ns	     27139	80005ab8	00000013	addi	x0,x0,0	  x0:0x00000000
     271425.000 ns	     27141	80005abc	205daad3	fsgnjx.s	f21,f27,f5	 f27:0xbf07c51b  f5:0x00000000 f21=0xbf07c51b
     271445.000 ns	     27143	80005ac0	ee2f4393	xori	x7,x30,-286	 x30:0x00000001  x7=0xfffffee3
     271485.000 ns	     27147	80005ac4	01b77353	fadd.s	f6,f14,f27	 f14:0xbf400206 f27:0xbf07c51b  f6=0xbfa3e390
     271515.000 ns	     27150	80005ac8	02368b33	mul	x22,x13,x3	 x13:0x00000000  x3:0xffffffff x22=0x00000000
     271535.000 ns	     27152	80005acc	003ae1b3	or	x3,x21,x3	 x21:0x00000000  x3:0xffffffff  x3=0xffffffff
     271555.000 ns	     27154	80005ad0	298e9f53	fmax.s	f30,f29,f24	 f29:0x80000000 f24:0x2e900309 f30=0x2e900309
     271575.000 ns	     27156	80005ad4	404d80b3	sub	x1,x27,x4	 x27:0x80041024  x4:0x88982000  x1=0xf76bf024
     271585.000 ns	     27157	80005ad8	8782f113	andi	x2,x5,-1928	  x5:0x00000000  x2=0x00000000
     271595.000 ns	     27158	80005adc	33f00293	addi	x5,x0,831	  x0:0x00000000  x5=0x0000033f
     271605.000 ns	     27159	80005ae0	936bb393	sltiu	x7,x23,-1738	 x23:0x3fb504f3  x7=0x00000001
     271615.000 ns	     27160	80005ae4	01f4d133	srl	x2,x9,x31	  x9:0xfcfd1000 x31:0xff3a56a8  x2=0x00fcfd10
     271635.000 ns	     27162	80005ae8	a08d2ed3	feq.s	x29,f26,f8	 f26:0x3f400206  f8:0x80000000 x29=0x00000000
     271665.000 ns	     27165	80005aec	a18606d3	fle.s	x13,f12,f24	 f12:0x4f41a6c8 f24:0x2e900309 x13=0x00000000
     271685.000 ns	     27167	80005af0	01801333	sll	x6,x0,x24	  x0:0x00000000 x24:0x00000000  x6=0x00000000
     271695.000 ns	     27168	80005af4	01c91593	slli	x11,x18,0x1c	 x18:0x000003fb x11=0xb0000000
     271705.000 ns	     27169	80005af8	29082e13	slti	x28,x16,656	 x16:0x00000002 x28=0x00000001
     271725.000 ns	     27171	80005afc	c00fa953	fcvt.w.s	x18,f31	 f31:0x00000000 x18=0x00000000
     271745.000 ns	     27173	80005b00	28001337	lui	x6,0x28001	  x6=0x28001000
     271765.000 ns	     27175	80005b04	e0011ad3	fclass.s	x21,f2	  f2:0x60900309 x21=0x00000040
     271785.000 ns	     27177	80005b08	5f9a7813	andi	x16,x20,1529	 x20:0x80040fe4 x16=0x000005e0
     271795.000 ns	     27178	80005b0c	00462533	slt	x10,x12,x4	 x12:0xffffffff  x4:0x88982000 x10=0x00000000
     271805.000 ns	     27179	80005b10	00988e33	add	x28,x17,x9	 x17:0x00000000  x9:0xfcfd1000 x28=0xfcfd1000
     271825.000 ns	     27181	80005b14	03f28c33	mul	x24,x5,x31	  x5:0x0000033f x31:0xff3a56a8 x24=0x7e5f4b58
     271845.000 ns	     27183	80005b18	41a905b3	sub	x11,x18,x26	 x18:0x00000000 x26:0xffffffff x11=0x00000001
     271865.000 ns	     27185	80005b1c	03e91233	mulh	x4,x18,x30	 x18:0x00000000 x30:0x00000001  x4=0x00000000
     271885.000 ns	     27187	80005b20	3a840037	lui	x0,0x3a840	
     271905.000 ns	     27189	80005b24	28e59dd3	fmax.s	f27,f11,f14	 f11:0x00000000 f14:0xbf400206 f27=0x00000000
     271935.000 ns	     27192	80005b28	215d0653	fsgnj.s	f12,f26,f21	 f26:0x3f400206 f21:0xbf07c51b f12=0xbf400206
     271955.000 ns	     27194	80005b2c	b74caab7	lui	x21,0xb74ca	 x21=0xb74ca000
     271985.000 ns	     27197	80005b30	19257c53	fdiv.s	f24,f10,f18	 f10:0x00000000 f18:0xbf800000 f24=0x80000000
     272025.000 ns	     27201	80005b34	10aebb53	fmul.s	f22,f29,f10	 f29:0x80000000 f10:0x00000000 f22=0x80000000
     272365.000 ns	     27235	80005b38	19ec8253	fdiv.s	f4,f25,f30	 f25:0x4f000410 f30:0x2e900309  f4=0x5fb4ba70
     272735.000 ns	     27272	80005b3c	030b57b3	divu	x15,x22,x16	 x22:0x00000000 x16:0x000005e0 x15=0x00000000
     273075.000 ns	     27306	80005b40	19cab953	fdiv.s	f18,f21,f28	 f21:0xbf07c51b f28:0xbf400206 f18=0x3f567824
     273125.000 ns	     27311	80005b44	08831453	fsub.s	f8,f6,f8	  f6:0xbfa3e390  f8:0x80000000  f8=0xbfa3e390
     274305.000 ns	     27429	80005b48	5809f9d3	fsqrt.s	f19,f19	 f19:0x3f07c51b f19=0x3ec00168
     274325.000 ns	     27431	80005b4c	01982733	slt	x14,x16,x25	 x16:0x000005e0 x25:0x00000001 x14=0x00000000
     274365.000 ns	     27435	80005b50	09419f53	fsub.s	f30,f3,f20	  f3:0xbf400206 f20:0xe0900309 f30=0x60900309
     274385.000 ns	     27437	80005b54	01708333	add	x6,x1,x23	  x1:0xf76bf024 x23:0x3fb504f3  x6=0x3720f517
     274395.000 ns	     27438	80005b58	bbaa7213	andi	x4,x20,-1094	 x20:0x80040fe4  x4=0x80040ba0
     274435.000 ns	     27442	80005b5c	00127a53	fadd.s	f20,f4,f1	  f4:0x5fb4ba70  f1:0x4f000410 f20=0x5fb4ba70
     274455.000 ns	     27444	80005b60	01716ab3	or	x21,x2,x23	  x2:0x00fcfd10 x23:0x3fb504f3 x21=0x3ffdfdf3
     274465.000 ns	     27445	80005b64	01509533	sll	x10,x1,x21	  x1:0xf76bf024 x21:0xb74ca000 x10=0x81200000
     274485.000 ns	     27447	80005b68	21e090d3	fsgnjn.s	f1,f1,f30	  f1:0x4f000410 f30:0x60900309  f1=0xcf000410
     274505.000 ns	     27449	80005b6c	01b0f0b3	and	x1,x1,x27	  x1:0xf76bf024 x27:0x80041024  x1=0x80001024
     274535.000 ns	     27452	80005b70	101b0f53	fmul.s	f30,f22,f1	 f22:0x80000000  f1:0xcf000410 f30=0x00000000
     274565.000 ns	     27455	80005b74	d00f8dd3	fcvt.s.w	f27,x31	 x31:0xff3a56a8 f27=0xcb45a958
     274585.000 ns	     27457	80005b78	40f9dcb3	sra	x25,x19,x15	 x19:0xfc31c41b x15:0x00000000 x25=0xfc31c41b
     274615.000 ns	     27460	80005b7c	115a4fd3	fmul.s	f31,f20,f21	 f20:0x5fb4ba70 f21:0xbf07c51b f31=0xdf3fb2f0
     274635.000 ns	     27462	80005b80	4092d593	srai	x11,x5,0x9	  x5:0x0000033f x11=0x00000001
     274645.000 ns	     27463	80005b84	00e60933	add	x18,x12,x14	 x12:0xffffffff x14:0x00000000 x18=0xffffffff
     274665.000 ns	     27465	80005b88	c0198653	fcvt.wu.s	x12,f19	 f19:0x3ec00168 x12=0x00000000
     274695.000 ns	     27468	80005b8c	c01ba553	fcvt.wu.s	x10,f23	 f23:0x00000000 x10=0x00000000
     274725.000 ns	     27471	80005b90	28e71ad3	fmax.s	f21,f14,f14	 f14:0xbf400206 f14:0xbf400206 f21=0xbf400206
     274745.000 ns	     27473	80005b94	019b9133	sll	x2,x23,x25	 x23:0x3fb504f3 x25:0xfc31c41b  x2=0x98000000
     274785.000 ns	     27477	80005b98	01858c53	fadd.s	f24,f11,f24	 f11:0x00000000 f24:0x80000000 f24=0x80000000
     274805.000 ns	     27479	80005b9c	e96bf013	andi	x0,x23,-362	 x23:0x3fb504f3
     274845.000 ns	     27483	80005ba0	09938553	fsub.s	f10,f7,f25	  f7:0x80000000 f25:0x4f000410 f10=0xcf000410
     276025.000 ns	     27601	80005ba4	580141d3	fsqrt.s	f3,f2	  f2:0x60900309  f3=0x5007c4ee
     276055.000 ns	     27604	80005ba8	286f80d3	fmin.s	f1,f31,f6	 f31:0xdf3fb2f0  f6:0xbfa3e390  f1=0xdf3fb2f0
     276085.000 ns	     27607	80005bac	f0070e53	fmv.w.x	f28,x14	 x14:0x00000000 f28=0x00000000
     276115.000 ns	     27610	80005bb0	a06a01d3	fle.s	x3,f20,f6	 f20:0x5fb4ba70  f6:0xbfa3e390  x3=0x00000000
     276145.000 ns	     27613	80005bb4	204a82d3	fsgnj.s	f5,f21,f4	 f21:0xbf400206  f4:0x5fb4ba70  f5=0x3f400206
     276175.000 ns	     27616	80005bb8	a1438d53	fle.s	x26,f7,f20	  f7:0x80000000 f20:0x5fb4ba70 x26=0x00000001
     276195.000 ns	     27618	80005bbc	019a5eb3	srl	x29,x20,x25	 x20:0x80040fe4 x25:0xfc31c41b x29=0x00000010
     276215.000 ns	     27620	80005bc0	0258b0b3	mulhu	x1,x17,x5	 x17:0x00000000  x5:0x0000033f  x1=0x00000000
     276255.000 ns	     27624	80005bc4	18e3fd53	fdiv.s	f26,f7,f14	  f7:0x80000000 f14:0xbf400206 f26=0x00000000
     276285.000 ns	     27627	80005bc8	21b78ad3	fsgnj.s	f21,f15,f27	 f15:0x3f800000 f27:0xcb45a958 f21=0xbf800000
     276305.000 ns	     27629	80005bcc	029a92b7	lui	x5,0x29a9	  x5=0x029a9000
     276315.000 ns	     27630	80005bd0	203d2e97	auipc	x29,0x203d2	 x29=0xa03d7bd0
     276355.000 ns	     27634	80005bd4	08f8f1d3	fsub.s	f3,f17,f15	 f17:0x7fc00000 f15:0x3f800000  f3=0x7fc00000
     276375.000 ns	     27636	80005bd8	01d69413	slli	x8,x13,0x1d	 x13:0x00000000  x8=0x00000000
     276395.000 ns	     27638	80005bdc	20631453	fsgnjn.s	f8,f6,f6	  f6:0xbfa3e390  f6:0xbfa3e390  f8=0x3fa3e390
     276415.000 ns	     27640	80005be0	01cd4133	xor	x2,x26,x28	 x26:0x00000001 x28:0xfcfd1000  x2=0xfcfd1001
     276435.000 ns	     27642	80005be4	f00889d3	fmv.w.x	f19,x17	 x17:0x00000000 f19=0x00000000
     276455.000 ns	     27644	80005be8	406fd033	sra	x0,x31,x6	 x31:0xff3a56a8  x6:0x3720f517
     276815.000 ns	     27680	80005bec	03295c33	divu	x24,x18,x18	 x18:0xffffffff x18:0xffffffff x24=0x00000001
     276835.000 ns	     27682	80005bf0	0073fbb3	and	x23,x7,x7	  x7:0x00000001  x7:0x00000001 x23=0x00000001
     276845.000 ns	     27683	80005bf4	923bb8b7	lui	x17,0x923bb	 x17=0x923bb000
     276855.000 ns	     27684	80005bf8	40dad6b3	sra	x13,x21,x13	 x21:0x3ffdfdf3 x13:0x00000000 x13=0x3ffdfdf3
     276875.000 ns	     27686	80005bfc	a08ea453	feq.s	x8,f29,f8	 f29:0x80000000  f8:0x3fa3e390  x8=0x00000000
     276905.000 ns	     27689	80005c00	d01e7653	fcvt.s.wu	f12,x28	 x28:0xfcfd1000 f12=0x4f7cfd10
     277275.000 ns	     27726	80005c04	0379f133	remu	x2,x19,x23	 x19:0xfc31c41b x23:0x00000001  x2=0x00000000
     277295.000 ns	     27728	80005c08	83fa4717	auipc	x14,0x83fa4	 x14=0x03fa9c08
     277315.000 ns	     27730	80005c0c	2047a253	fsgnjx.s	f4,f15,f4	 f15:0x3f800000  f4:0x5fb4ba70  f4=0x3f800000
     277345.000 ns	     27733	80005c10	21e790d3	fsgnjn.s	f1,f15,f30	 f15:0x3f800000 f30:0x00000000  f1=0xbf800000
     277375.000 ns	     27736	80005c14	212418d3	fsgnjn.s	f17,f8,f18	  f8:0x3fa3e390 f18:0x3f567824 f17=0xbfa3e390
     277395.000 ns	     27738	80005c18	004c5e33	srl	x28,x24,x4	 x24:0x00000001  x4:0x80040ba0 x28=0x00000001
     277405.000 ns	     27739	80005c1c	003076b3	and	x13,x0,x3	  x0:0x00000000  x3:0x00000000 x13=0x00000000
     277415.000 ns	     27740	80005c20	00000013	addi	x0,x0,0	  x0:0x00000000
     277435.000 ns	     27742	80005c24	e00e11d3	fclass.s	x3,f28	 f28:0x00000000  x3=0x00000010
     277455.000 ns	     27744	80005c28	00c87d33	and	x26,x16,x12	 x16:0x000005e0 x12:0x00000000 x26=0x00000000
     277475.000 ns	     27746	80005c2c	c01c0bd3	fcvt.wu.s	x23,f24	 f24:0x80000000 x23=0x00000000
     277495.000 ns	     27748	80005c30	013e76b3	and	x13,x28,x19	 x28:0x00000001 x19:0xfc31c41b x13=0x00000001
     277515.000 ns	     27750	80005c34	298b0253	fmin.s	f4,f22,f24	 f22:0x80000000 f24:0x80000000  f4=0x80000000
     277545.000 ns	     27753	80005c38	a179a0d3	feq.s	x1,f19,f23	 f19:0x00000000 f23:0x00000000  x1=0x00000001
     277565.000 ns	     27755	80005c3c	410ed013	srai	x0,x29,0x10	 x29:0xa03d7bd0
     277605.000 ns	     27759	80005c40	08c20d53	fsub.s	f26,f4,f12	  f4:0x80000000 f12:0x4f7cfd10 f26=0xcf7cfd10
     277625.000 ns	     27761	80005c44	002520b3	slt	x1,x10,x2	 x10:0x00000000  x2:0x00000000  x1=0x00000000
     277645.000 ns	     27763	80005c48	a0352c53	feq.s	x24,f10,f3	 f10:0xcf000410  f3:0x7fc00000 x24=0x00000000
     277665.000 ns	     27765	80005c4c	f5657d13	andi	x26,x10,-170	 x10:0x00000000 x26=0x00000000
     277685.000 ns	     27767	80005c50	211f0cd3	fsgnj.s	f25,f30,f17	 f30:0x00000000 f17:0xbfa3e390 f25=0x80000000
     278025.000 ns	     27801	80005c54	195a72d3	fdiv.s	f5,f20,f21	 f20:0x5fb4ba70 f21:0xbf800000  f5=0xdf3ae636
     278065.000 ns	     27805	80005c58	5805f8d3	fsqrt.s	f17,f11	 f11:0x00000000 f17=0x00000000
     278085.000 ns	     27807	80005c5c	a2556613	ori	x12,x10,-1499	 x10:0x00000000 x12=0xfffffa25
     278105.000 ns	     27809	80005c60	a0410bd3	fle.s	x23,f2,f4	  f2:0x60900309  f4:0x80000000 x23=0x00000000
     278145.000 ns	     27813	80005c64	5809c953	fsqrt.s	f18,f19	 f19:0x00000000 f18=0x00000000
     278165.000 ns	     27815	80005c68	0162d813	srli	x16,x5,0x16	  x5:0x029a9000 x16=0x0000000a
     278175.000 ns	     27816	80005c6c	00e396b3	sll	x13,x7,x14	  x7:0x00000001 x14:0x03fa9c08 x13=0x00000100
     278185.000 ns	     27817	80005c70	0577bd13	sltiu	x26,x15,87	 x15:0x00000000 x26=0x00000001
     278195.000 ns	     27818	80005c74	41238433	sub	x8,x7,x18	  x7:0x00000001 x18:0xffffffff  x8=0x00000002
     278215.000 ns	     27820	80005c78	f00882d3	fmv.w.x	f5,x17	 x17:0x923bb000  f5=0x923bb000
     278245.000 ns	     27823	80005c7c	a1ac1053	flt.s	x0,f24,f26	 f24:0x80000000 f26:0xcf7cfd10
     278275.000 ns	     27826	80005c80	e00e0553	fmv.x.w	x10,f28	 f28:0x00000000 x10=0x00000000
     278315.000 ns	     27830	80005c84	110a75d3	fmul.s	f11,f20,f16	 f20:0x5fb4ba70 f16:0xe0900309 f11=0xff800000
     278365.000 ns	     27835	80005c88	009c3a53	fadd.s	f20,f24,f9	 f24:0x80000000  f9:0xcf000410 f20=0xcf000410
     278395.000 ns	     27838	80005c8c	20bb9153	fsgnjn.s	f2,f23,f11	 f23:0x00000000 f11:0xff800000  f2=0x00000000
     278415.000 ns	     27840	80005c90	00a5d533	srl	x10,x11,x10	 x11:0x00000001 x10:0x00000000 x10=0x00000001
     278425.000 ns	     27841	80005c94	7fb4cab7	lui	x21,0x7fb4c	 x21=0x7fb4c000
     278435.000 ns	     27842	80005c98	c97ca893	slti	x17,x25,-873	 x25:0xfc31c41b x17=0x00000001
     278445.000 ns	     27843	80005c9c	40885513	srai	x10,x16,0x8	 x16:0x0000000a x10=0x00000000
     278465.000 ns	     27845	80005ca0	28c59b53	fmax.s	f22,f11,f12	 f11:0xff800000 f12:0x4f7cfd10 f22=0x4f7cfd10
     278515.000 ns	     27850	80005ca4	09097a53	fsub.s	f20,f18,f16	 f18:0x00000000 f16:0xe0900309 f20=0x60900309
     278545.000 ns	     27853	80005ca8	294b1b53	fmax.s	f22,f22,f20	 f22:0x4f7cfd10 f20:0xcf000410 f22=0x60900309
     278595.000 ns	     27858	80005cac	090211d3	fsub.s	f3,f4,f16	  f4:0x80000000 f16:0xe0900309  f3=0x60900309
     278645.000 ns	     27863	80005cb0	00661c53	fadd.s	f24,f12,f6	 f12:0x4f7cfd10  f6:0xbfa3e390 f24=0x4f7cfd0f
     278665.000 ns	     27865	80005cb4	82b1a893	slti	x17,x3,-2005	  x3:0x00000010 x17=0x00000000
     278675.000 ns	     27866	80005cb8	41b904b3	sub	x9,x18,x27	 x18:0xffffffff x27:0x80041024  x9=0x7ffbefdb
     278685.000 ns	     27867	80005cbc	01f5f5b3	and	x11,x11,x31	 x11:0x00000001 x31:0xff3a56a8 x11=0x00000000
     278705.000 ns	     27869	80005cc0	023c3533	mulhu	x10,x24,x3	 x24:0x00000000  x3:0x00000010 x10=0x00000000
     278725.000 ns	     27871	80005cc4	015e48b3	xor	x17,x28,x21	 x28:0x00000001 x21:0x7fb4c000 x17=0x7fb4c001
     278745.000 ns	     27873	80005cc8	02163833	mulhu	x16,x12,x1	 x12:0xfffffa25  x1:0x00000000 x16=0x00000000
     278765.000 ns	     27875	80005ccc	3ebb4813	xori	x16,x22,1003	 x22:0x00000000 x16=0x000003eb
     278785.000 ns	     27877	80005cd0	02350b33	mul	x22,x10,x3	 x10:0x00000000  x3:0x00000010 x22=0x00000000
     278805.000 ns	     27879	80005cd4	0119df13	srli	x30,x19,0x11	 x19:0xfc31c41b x30=0x00007e18
     278815.000 ns	     27880	80005cd8	aec90e13	addi	x28,x18,-1300	 x18:0xffffffff x28=0xfffffaeb
     278825.000 ns	     27881	80005cdc	00f61393	slli	x7,x12,0xf	 x12:0xfffffa25  x7=0xfd128000
     278845.000 ns	     27883	80005ce0	037a4333	div	x6,x20,x23	 x20:0x80040fe4 x23:0x00000000  x6=0xffffffff
     278865.000 ns	     27885	80005ce4	00b5b433	sltu	x8,x11,x11	 x11:0x00000000 x11:0x00000000  x8=0x00000000
     278905.000 ns	     27889	80005ce8	00aa72d3	fadd.s	f5,f20,f10	 f20:0x60900309 f10:0xcf000410  f5=0x60900308
     278925.000 ns	     27891	80005cec	000cd233	srl	x4,x25,x0	 x25:0xfc31c41b  x0:0x00000000  x4=0xfc31c41b
     278935.000 ns	     27892	80005cf0	915af513	andi	x10,x21,-1771	 x21:0x7fb4c000 x10=0x7fb4c000
     278945.000 ns	     27893	80005cf4	00000013	addi	x0,x0,0	  x0:0x00000000
     278955.000 ns	     27894	80005cf8	84420393	addi	x7,x4,-1980	  x4:0xfc31c41b  x7=0xfc31bc5f
     278975.000 ns	     27896	80005cfc	d013fad3	fcvt.s.wu	f21,x7	  x7:0xfd128000 f21=0x4f7c31bc
     279005.000 ns	     27899	80005d00	298e9d53	fmax.s	f26,f29,f24	 f29:0x80000000 f24:0x4f7cfd0f f26=0x4f7cfd0f
     279035.000 ns	     27902	80005d04	297889d3	fmin.s	f19,f17,f23	 f17:0x00000000 f23:0x00000000 f19=0x00000000
     279065.000 ns	     27905	80005d08	e0031753	fclass.s	x14,f6	  f6:0xbfa3e390 x14=0x00000002
     279085.000 ns	     27907	80005d0c	00a5e933	or	x18,x11,x10	 x11:0x00000000 x10:0x7fb4c000 x18=0x7fb4c000
     279105.000 ns	     27909	80005d10	032eb7b3	mulhu	x15,x29,x18	 x29:0xa03d7bd0 x18:0xffffffff x15=0x4fefa3d5
     279135.000 ns	     27912	80005d14	d0187f53	fcvt.s.wu	f30,x16	 x16:0x000003eb f30=0x447ac000
     279155.000 ns	     27914	80005d18	7692f4b7	lui	x9,0x7692f	  x9=0x7692f000
     279175.000 ns	     27916	80005d1c	02079833	mulh	x16,x15,x0	 x15:0x4fefa3d5  x0:0x00000000 x16=0x00000000
     279205.000 ns	     27919	80005d20	215a1d53	fsgnjn.s	f26,f20,f21	 f20:0x60900309 f21:0x4f7c31bc f26=0xe0900309
     279225.000 ns	     27921	80005d24	01e7f2b3	and	x5,x15,x30	 x15:0x4fefa3d5 x30:0x00007e18  x5=0x00002210
     279235.000 ns	     27922	80005d28	f8b57613	andi	x12,x10,-117	 x10:0x7fb4c000 x12=0x7fb4c000
     279255.000 ns	     27924	80005d2c	c00b7cd3	fcvt.w.s	x25,f22	 f22:0x60900309 x25=0x7fffffff
     279275.000 ns	     27926	80005d30	d578c917	auipc	x18,0xd578c	 x18=0x55791d30
     279285.000 ns	     27927	80005d34	01fa9093	slli	x1,x21,0x1f	 x21:0x7fb4c000  x1=0x00000000
     279295.000 ns	     27928	80005d38	00d1c1b3	xor	x3,x3,x13	  x3:0x00000010 x13:0x00000100  x3=0x00000110
     279305.000 ns	     27929	80005d3c	00d12ab3	slt	x21,x2,x13	  x2:0x00000000 x13:0x00000100 x21=0x00000001
     279335.000 ns	     27932	80005d40	10d2a8d3	fmul.s	f17,f5,f13	  f5:0x60900308 f13:0x3f800000 f17=0x60900308
     279365.000 ns	     27935	80005d44	03468833	mul	x16,x13,x20	 x13:0x00000100 x20:0x80040fe4 x16=0x040fe400
     279395.000 ns	     27938	80005d48	02371f33	mulh	x30,x14,x3	 x14:0x00000002  x3:0x00000110 x30=0x00000000
     279425.000 ns	     27941	80005d4c	a0d52b53	feq.s	x22,f10,f13	 f10:0xcf000410 f13:0x3f800000 x22=0x00000000
     279445.000 ns	     27943	80005d50	00000013	addi	x0,x0,0	  x0:0x00000000
     279455.000 ns	     27944	80005d54	eb4c7137	lui	x2,0xeb4c7	  x2=0xeb4c7000
     279475.000 ns	     27946	80005d58	c0010ed3	fcvt.w.s	x29,f2	  f2:0x00000000 x29=0x00000000
     279495.000 ns	     27948	80005d5c	01ecdb13	srli	x22,x25,0x1e	 x25:0x7fffffff x22=0x00000001
     279515.000 ns	     27950	80005d60	e0048bd3	fmv.x.w	x23,f9	  f9:0xcf000410 x23=0xcf000410
     279535.000 ns	     27952	80005d64	01f6df33	srl	x30,x13,x31	 x13:0x00000100 x31:0xff3a56a8 x30=0x00000001
     279565.000 ns	     27955	80005d68	5804fcd3	fsqrt.s	f25,f9	  f9:0xcf000410 f25=0x7fc00000
     279595.000 ns	     27958	80005d6c	29f31253	fmax.s	f4,f6,f31	  f6:0xbfa3e390 f31:0xdf3fb2f0  f4=0xbfa3e390
     279615.000 ns	     27960	80005d70	419bdf93	srai	x31,x23,0x19	 x23:0xcf000410 x31=0xffffffe7
     279635.000 ns	     27962	80005d74	201e2653	fsgnjx.s	f12,f28,f1	 f28:0x00000000  f1:0xbf800000 f12=0x80000000
     279655.000 ns	     27964	80005d78	013d27b3	slt	x15,x26,x19	 x26:0x00000001 x19:0xfc31c41b x15=0x00000000
     279665.000 ns	     27965	80005d7c	00b7ffb3	and	x31,x15,x11	 x15:0x4fefa3d5 x11:0x00000000 x31=0x00000000
     279675.000 ns	     27966	80005d80	01c53cb3	sltu	x25,x10,x28	 x10:0x7fb4c000 x28:0xfffffaeb x25=0x00000001
     279685.000 ns	     27967	80005d84	26da8213	addi	x4,x21,621	 x21:0x00000001  x4=0x0000026e
     279695.000 ns	     27968	80005d88	01fe80b3	add	x1,x29,x31	 x29:0x00000000 x31:0x00000000  x1=0x00000000
     279715.000 ns	     27970	80005d8c	e00d0053	fmv.x.w	x0,f26	 f26:0xe0900309
     279755.000 ns	     27974	80005d90	18a90f53	fdiv.s	f30,f18,f10	 f18:0x00000000 f10:0xcf000410 f30=0x80000000
     279775.000 ns	     27976	80005d94	4e092413	slti	x8,x18,1248	 x18:0x55791d30  x8=0x00000000
     279795.000 ns	     27978	80005d98	e0009253	fclass.s	x4,f1	  f1:0xbf800000  x4=0x00000002
     279825.000 ns	     27981	80005d9c	289190d3	fmax.s	f1,f3,f9	  f3:0x60900309  f9:0xcf000410  f1=0x60900309
     279855.000 ns	     27984	80005da0	210918d3	fsgnjn.s	f17,f18,f16	 f18:0x00000000 f16:0xe0900309 f17=0x00000000
     279885.000 ns	     27987	80005da4	03b8a8b3	mulhsu	x17,x17,x27	 x17:0x7fb4c001 x27:0x80041024 x17=0x3fdc66e0
     279915.000 ns	     27990	80005da8	a03f0ed3	fle.s	x29,f30,f3	 f30:0x80000000  f3:0x60900309 x29=0x00000001
     279935.000 ns	     27992	80005dac	ba201917	auipc	x18,0xba201	 x18=0x3a206dac
     279955.000 ns	     27994	80005db0	038145b3	div	x11,x2,x24	  x2:0xeb4c7000 x24:0x00000000 x11=0xffffffff
     279985.000 ns	     27997	80005db4	2040ae53	fsgnjx.s	f28,f1,f4	  f1:0x60900309  f4:0xbfa3e390 f28=0xe0900309
     280005.000 ns	     27999	80005db8	fc560793	addi	x15,x12,-59	 x12:0x7fb4c000 x15=0x7fb4bfc5
     280015.000 ns	     28000	80005dbc	41ea0c33	sub	x24,x20,x30	 x20:0x80040fe4 x30:0x00000001 x24=0x80040fe3
     280025.000 ns	     28001	80005dc0	014083b3	add	x7,x1,x20	  x1:0x00000000 x20:0x80040fe4  x7=0x80040fe4
     280035.000 ns	     28002	80005dc4	00fe2533	slt	x10,x28,x15	 x28:0xfffffaeb x15:0x7fb4bfc5 x10=0x00000001
     280045.000 ns	     28003	80005dc8	c18aef13	ori	x30,x21,-1000	 x21:0x00000001 x30=0xfffffc19
     281215.000 ns	     28120	80005dcc	580ac753	fsqrt.s	f14,f21	 f21:0x4f7c31bc f14=0x473253b6
     281245.000 ns	     28123	80005dd0	0353beb3	mulhu	x29,x7,x21	  x7:0x80040fe4 x21:0x00000001 x29=0x00000000
     282425.000 ns	     28241	80005dd4	58077b53	fsqrt.s	f22,f14	 f14:0x473253b6 f22=0x42fc30fc
     282445.000 ns	     28243	80005dd8	016ef433	and	x8,x29,x22	 x29:0x00000000 x22:0x00000001  x8=0x00000000
     282485.000 ns	     28247	80005ddc	08d1be53	fsub.s	f28,f3,f13	  f3:0x60900309 f13:0x3f800000 f28=0x60900309
     282505.000 ns	     28249	80005de0	40d55f33	sra	x30,x10,x13	 x10:0x00000001 x13:0x00000100 x30=0x00000001
     282515.000 ns	     28250	80005de4	00c141b3	xor	x3,x2,x12	  x2:0xeb4c7000 x12:0x7fb4c000  x3=0x94f8b000
     282525.000 ns	     28251	80005de8	0161d033	srl	x0,x3,x22	  x3:0x00000110 x22:0x00000001
     282535.000 ns	     28252	80005dec	0012c133	xor	x2,x5,x1	  x5:0x00002210  x1:0x00000000  x2=0x00002210
     282555.000 ns	     28254	80005df0	298b17d3	fmax.s	f15,f22,f24	 f22:0x42fc30fc f24:0x4f7cfd0f f15=0x4f7cfd0f
     282575.000 ns	     28256	80005df4	010a9233	sll	x4,x21,x16	 x21:0x00000001 x16:0x040fe400  x4=0x00000001
     282585.000 ns	     28257	80005df8	01c0af33	slt	x30,x1,x28	  x1:0x00000000 x28:0xfffffaeb x30=0x00000000
     282945.000 ns	     28293	80005dfc	037ae5b3	rem	x11,x21,x23	 x21:0x00000001 x23:0xcf000410 x11=0x00000001
     282975.000 ns	     28296	80005e00	c00b73d3	fcvt.w.s	x7,f22	 f22:0x42fc30fc  x7=0x0000007e
     283005.000 ns	     28299	80005e04	e0091453	fclass.s	x8,f18	 f18:0x00000000  x8=0x00000010
     283375.000 ns	     28336	80005e08	022446b3	div	x13,x8,x2	  x8:0x00000000  x2:0x00002210 x13=0x00000000
     283395.000 ns	     28338	80005e0c	41405093	srai	x1,x0,0x14	  x0:0x00000000  x1=0x00000000
     283405.000 ns	     28339	80005e10	00421193	slli	x3,x4,0x4	  x4:0x00000001  x3=0x00000010
     283415.000 ns	     28340	80005e14	007c1cb3	sll	x25,x24,x7	 x24:0x80040fe3  x7:0x0000007e x25=0xc0000000
     283425.000 ns	     28341	80005e18	00981c13	slli	x24,x16,0x9	 x16:0x040fe400 x24=0x1fc80000
     283435.000 ns	     28342	80005e1c	002b6333	or	x6,x22,x2	 x22:0x00000001  x2:0x00002210  x6=0x00002211
     283445.000 ns	     28343	80005e20	14aa7293	andi	x5,x20,330	 x20:0x80040fe4  x5=0x00000140
     283465.000 ns	     28345	80005e24	d001bf53	fcvt.s.w	f30,x3	  x3:0x00000010 f30=0x41800000
     283495.000 ns	     28348	80005e28	29528a53	fmin.s	f20,f5,f21	  f5:0x60900308 f21:0x4f7c31bc f20=0x4f7c31bc
     283525.000 ns	     28351	80005e2c	20e02353	fsgnjx.s	f6,f0,f14	  f0:0xbf800000 f14:0x473253b6  f6=0xbf800000
     283555.000 ns	     28354	80005e30	a1f71ed3	flt.s	x29,f14,f31	 f14:0x473253b6 f31:0xdf3fb2f0 x29=0x00000000
     283575.000 ns	     28356	80005e34	01bd5733	srl	x14,x26,x27	 x26:0x00000001 x27:0x80041024 x14=0x00000000
     283595.000 ns	     28358	80005e38	28dc1653	fmax.s	f12,f24,f13	 f24:0x4f7cfd0f f13:0x3f800000 f12=0x4f7cfd0f
     283645.000 ns	     28363	80005e3c	099ba4d3	fsub.s	f9,f23,f25	 f23:0x00000000 f25:0x7fc00000  f9=0x7fc00000
     283675.000 ns	     28366	80005e40	20490c53	fsgnj.s	f24,f18,f4	 f18:0x00000000  f4:0xbfa3e390 f24=0x80000000
     283705.000 ns	     28369	80005e44	028c9ab3	mulh	x21,x25,x8	 x25:0xc0000000  x8:0x00000010 x21=0xfffffffc
     283725.000 ns	     28371	80005e48	091a2013	slti	x0,x20,145	 x20:0x80040fe4
     283735.000 ns	     28372	80005e4c	40535013	srai	x0,x6,0x5	  x6:0x00002211
     283755.000 ns	     28374	80005e50	21c912d3	fsgnjn.s	f5,f18,f28	 f18:0x00000000 f28:0x60900309  f5=0x80000000
     283785.000 ns	     28377	80005e54	21742953	fsgnjx.s	f18,f8,f23	  f8:0x3fa3e390 f23:0x00000000 f18=0x3fa3e390
     284155.000 ns	     28414	80005e58	027a56b3	divu	x13,x20,x7	 x20:0x80040fe4  x7:0x0000007e x13=0x01041881
     284185.000 ns	     28417	80005e5c	03483f33	mulhu	x30,x16,x20	 x16:0x040fe400 x20:0x80040fe4 x30=0x02080280
     284205.000 ns	     28419	80005e60	01b82333	slt	x6,x16,x27	 x16:0x040fe400 x27:0x80041024  x6=0x00000000
     284225.000 ns	     28421	80005e64	021766b3	rem	x13,x14,x1	 x14:0x00000000  x1:0x00000000 x13=0x00000000
     284595.000 ns	     28458	80005e68	0233f433	remu	x8,x7,x3	  x7:0x0000007e  x3:0x00000010  x8=0x0000000e
     284625.000 ns	     28461	80005e6c	036b33b3	mulhu	x7,x22,x22	 x22:0x00000001 x22:0x00000001  x7=0x00000000
     284645.000 ns	     28463	80005e70	41335393	srai	x7,x6,0x13	  x6:0x00000000  x7=0x00000000
     284655.000 ns	     28464	80005e74	9140fb13	andi	x22,x1,-1772	  x1:0x00000000 x22=0x00000000
     284675.000 ns	     28466	80005e78	024f25b3	mulhsu	x11,x30,x4	 x30:0x02080280  x4:0x00000001 x11=0x00000000
     284705.000 ns	     28469	80005e7c	021a90b3	mulh	x1,x21,x1	 x21:0xfffffffc  x1:0x00000000  x1=0x00000000
     284735.000 ns	     28472	80005e80	f00b0253	fmv.w.x	f4,x22	 x22:0x00000000  f4=0x00000000
     284755.000 ns	     28474	80005e84	00d99fb3	sll	x31,x19,x13	 x19:0xfc31c41b x13:0x00000000 x31=0xfc31c41b
     284775.000 ns	     28476	80005e88	d0083253	fcvt.s.w	f4,x16	 x16:0x040fe400  f4=0x4c81fc80
     284805.000 ns	     28479	80005e8c	c004f8d3	fcvt.w.s	x17,f9	  f9:0x7fc00000 x17=0x7fffffff
     284825.000 ns	     28481	80005e90	a09e4093	xori	x1,x28,-1527	 x28:0xfffffaeb  x1=0x000000e2
     284845.000 ns	     28483	80005e94	21191c53	fsgnjn.s	f24,f18,f17	 f18:0x3fa3e390 f17:0x00000000 f24=0xbfa3e390
     284875.000 ns	     28486	80005e98	020c46b3	div	x13,x24,x0	 x24:0x1fc80000  x0:0x00000000 x13=0xffffffff
     284895.000 ns	     28488	80005e9c	0143b033	sltu	x0,x7,x20	  x7:0x00000000 x20:0x80040fe4
     284915.000 ns	     28490	80005ea0	03c196b3	mulh	x13,x3,x28	  x3:0x00000010 x28:0xfffffaeb x13=0xffffffff
     284945.000 ns	     28493	80005ea4	a12d18d3	flt.s	x17,f26,f18	 f26:0xe0900309 f18:0x3fa3e390 x17=0x00000001
     285315.000 ns	     28530	80005ea8	032fd333	divu	x6,x31,x18	 x31:0xfc31c41b x18:0x3a206dac  x6=0x00000004
     285345.000 ns	     28533	80005eac	02920333	mul	x6,x4,x9	  x4:0x00000001  x9:0x7692f000  x6=0x7692f000
     285375.000 ns	     28536	80005eb0	020cb833	mulhu	x16,x25,x0	 x25:0xc0000000  x0:0x00000000 x16=0x00000000
     285395.000 ns	     28538	80005eb4	a2ee7013	andi	x0,x28,-1490	 x28:0xfffffaeb
     285405.000 ns	     28539	80005eb8	01d95bb3	srl	x23,x18,x29	 x18:0x3a206dac x29:0x00000000 x23=0x3a206dac
     286575.000 ns	     28656	80005ebc	58077dd3	fsqrt.s	f27,f14	 f14:0x473253b6 f27=0x42fc30fc
     286595.000 ns	     28658	80005ec0	014a1193	slli	x3,x20,0x14	 x20:0x80040fe4  x3=0xfe400000
     286955.000 ns	     28694	80005ec4	03716033	rem	x0,x2,x23	  x2:0x00002210 x23:0x3a206dac
     286995.000 ns	     28698	80005ec8	580077d3	fsqrt.s	f15,f0	  f0:0xbf800000 f15=0x7fc00000
     287365.000 ns	     28735	80005ecc	028853b3	divu	x7,x16,x8	 x16:0x00000000  x8:0x0000000e  x7=0x00000000
     287385.000 ns	     28737	80005ed0	00d4c4b3	xor	x9,x9,x13	  x9:0x7692f000 x13:0xffffffff  x9=0x896d0fff
     287395.000 ns	     28738	80005ed4	017dcbb3	xor	x23,x27,x23	 x27:0x80041024 x23:0x3a206dac x23=0xba247d88
     287405.000 ns	     28739	80005ed8	007c4ab3	xor	x21,x24,x7	 x24:0x1fc80000  x7:0x00000000 x21=0x1fc80000
     287415.000 ns	     28740	80005edc	00e43933	sltu	x18,x8,x14	  x8:0x0000000e x14:0x00000000 x18=0x00000000
     287435.000 ns	     28742	80005ee0	02853fb3	mulhu	x31,x10,x8	 x10:0x00000001  x8:0x0000000e x31=0x00000000
     287455.000 ns	     28744	80005ee4	6e2e3193	sltiu	x3,x28,1762	 x28:0xfffffaeb  x3=0x00000000
     287465.000 ns	     28745	80005ee8	87c5a193	slti	x3,x11,-1924	 x11:0x00000000  x3=0x00000000
     287485.000 ns	     28747	80005eec	21fa9ad3	fsgnjn.s	f21,f21,f31	 f21:0x4f7c31bc f31:0xdf3fb2f0 f21=0x4f7c31bc
     287515.000 ns	     28750	80005ef0	21478b53	fsgnj.s	f22,f15,f20	 f15:0x7fc00000 f20:0x4f7c31bc f22=0x7fc00000
     287535.000 ns	     28752	80005ef4	01b5e2b3	or	x5,x11,x27	 x11:0x00000000 x27:0x80041024  x5=0x80041024
     287545.000 ns	     28753	80005ef8	51ade937	lui	x18,0x51ade	 x18=0x51ade000
     287565.000 ns	     28755	80005efc	c0079ed3	fcvt.w.s	x29,f15	 f15:0x7fc00000 x29=0x7fffffff
     287595.000 ns	     28758	80005f00	020a2bb3	mulhsu	x23,x20,x0	 x20:0x80040fe4  x0:0x00000000 x23=0x00000000
     287625.000 ns	     28761	80005f04	02ebf7b3	remu	x15,x23,x14	 x23:0xba247d88 x14:0x00000000 x15=0x00000000
     287645.000 ns	     28763	80005f08	fc78f0b7	lui	x1,0xfc78f	  x1=0xfc78f000
     287655.000 ns	     28764	80005f0c	40d40333	sub	x6,x8,x13	  x8:0x0000000e x13:0xffffffff  x6=0x0000000f
     287675.000 ns	     28766	80005f10	029512b3	mulh	x5,x10,x9	 x10:0x00000001  x9:0x896d0fff  x5=0xffffffff
     287695.000 ns	     28768	80005f14	0f017193	andi	x3,x2,240	  x2:0x00002210  x3=0x00000010
     287715.000 ns	     28770	80005f18	03730bb3	mul	x23,x6,x23	  x6:0x0000000f x23:0x00000000 x23=0x00000000
     287735.000 ns	     28772	80005f1c	45f12d17	auipc	x26,0x45f12	 x26=0xc5f17f1c
     287755.000 ns	     28774	80005f20	c009f4d3	fcvt.w.s	x9,f19	 f19:0x00000000  x9=0x00000000
     288125.000 ns	     28811	80005f24	0242c133	div	x2,x5,x4	  x5:0xffffffff  x4:0x00000001  x2=0xffffffff
     288145.000 ns	     28813	80005f28	01a7e133	or	x2,x15,x26	 x15:0x00000000 x26:0xc5f17f1c  x2=0xc5f17f1c
     288155.000 ns	     28814	80005f2c	1808f793	andi	x15,x17,384	 x17:0x00000001 x15=0x00000000
     288175.000 ns	     28816	80005f30	f00606d3	fmv.w.x	f13,x12	 x12:0x7fb4c000 f13=0x7fb4c000
     288205.000 ns	     28819	80005f34	02951033	mulh	x0,x10,x9	 x10:0x00000001  x9:0x00000000
     288225.000 ns	     28821	80005f38	4f570813	addi	x16,x14,1269	 x14:0x00000000 x16=0x000004f5
     288585.000 ns	     28857	80005f3c	02804e33	div	x28,x0,x8	  x0:0x00000000  x8:0x0000000e x28=0x00000000
     288605.000 ns	     28859	80005f40	ac02f913	andi	x18,x5,-1344	  x5:0xffffffff x18=0xfffffac0
     288625.000 ns	     28861	80005f44	21cf12d3	fsgnjn.s	f5,f30,f28	 f30:0x41800000 f28:0x60900309  f5=0xc1800000
     288645.000 ns	     28863	80005f48	6e85f713	andi	x14,x11,1768	 x11:0x00000000 x14=0x00000000
     288655.000 ns	     28864	80005f4c	5b5cee13	ori	x28,x25,1461	 x25:0xc0000000 x28=0xc00005b5
     288665.000 ns	     28865	80005f50	40755713	srai	x14,x10,0x7	 x10:0x00000001 x14=0x00000000
     288685.000 ns	     28867	80005f54	21da0f53	fsgnj.s	f30,f20,f29	 f20:0x4f7c31bc f29:0x80000000 f30=0xcf7c31bc
     288715.000 ns	     28870	80005f58	029d8b33	mul	x22,x27,x9	 x27:0x80041024  x9:0x00000000 x22=0x00000000
     288735.000 ns	     28872	80005f5c	00b73e33	sltu	x28,x14,x11	 x14:0x00000000 x11:0x00000000 x28=0x00000000
     289095.000 ns	     28908	80005f60	02807bb3	remu	x23,x0,x8	  x0:0x00000000  x8:0x0000000e x23=0x00000000
     289125.000 ns	     28911	80005f64	02bd5d33	divu	x26,x26,x11	 x26:0xc5f17f1c x11:0x00000000 x26=0xffffffff
     289145.000 ns	     28913	80005f68	59d47ab7	lui	x21,0x59d47	 x21=0x59d47000
     289155.000 ns	     28914	80005f6c	017c8833	add	x16,x25,x23	 x25:0xc0000000 x23:0x00000000 x16=0xc0000000
     289165.000 ns	     28915	80005f70	41c4df13	srai	x30,x9,0x1c	  x9:0x00000000 x30=0x00000000
     289185.000 ns	     28917	80005f74	a00caf53	feq.s	x30,f25,f0	 f25:0x7fc00000  f0:0xbf800000 x30=0x00000000
     289215.000 ns	     28920	80005f78	c0077b53	fcvt.w.s	x22,f14	 f14:0x473253b6 x22=0x0000b253
     289235.000 ns	     28922	80005f7c	e617f0b7	lui	x1,0xe617f	  x1=0xe617f000
     289255.000 ns	     28924	80005f80	02f58333	mul	x6,x11,x15	 x11:0x00000000 x15:0x00000000  x6=0x00000000
     289285.000 ns	     28927	80005f84	a0010fd3	fle.s	x31,f2,f0	  f2:0x00000000  f0:0xbf800000 x31=0x00000000
     289315.000 ns	     28930	80005f88	21ce9253	fsgnjn.s	f4,f29,f28	 f29:0x80000000 f28:0x60900309  f4=0x80000000
     289355.000 ns	     28934	80005f8c	58017dd3	fsqrt.s	f27,f2	  f2:0x00000000 f27=0x00000000
     289385.000 ns	     28937	80005f90	03f40c33	mul	x24,x8,x31	  x8:0x0000000e x31:0x00000000 x24=0x00000000
     289415.000 ns	     28940	80005f94	20d62453	fsgnjx.s	f8,f12,f13	 f12:0x4f7cfd0f f13:0x7fb4c000  f8=0x4f7cfd0f
     289435.000 ns	     28942	80005f98	01464633	xor	x12,x12,x20	 x12:0x7fb4c000 x20:0x80040fe4 x12=0xffb0cfe4
     289445.000 ns	     28943	80005f9c	94196093	ori	x1,x18,-1727	 x18:0xfffffac0  x1=0xfffffbc1
     289455.000 ns	     28944	80005fa0	35098d13	addi	x26,x19,848	 x19:0xfc31c41b x26=0xfc31c76b
     289475.000 ns	     28946	80005fa4	214996d3	fsgnjn.s	f13,f19,f20	 f19:0x00000000 f20:0x4f7c31bc f13=0x80000000
     289505.000 ns	     28949	80005fa8	03af96b3	mulh	x13,x31,x26	 x31:0x00000000 x26:0xffffffff x13=0x00000000
     289555.000 ns	     28954	80005fac	087875d3	fsub.s	f11,f16,f7	 f16:0xe0900309  f7:0x80000000 f11=0xe0900309
     289585.000 ns	     28957	80005fb0	28e61cd3	fmax.s	f25,f12,f14	 f12:0x4f7cfd0f f14:0x473253b6 f25=0x4f7cfd0f
     289605.000 ns	     28959	80005fb4	1b1f0b13	addi	x22,x30,433	 x30:0x00000000 x22=0x000001b1
     289625.000 ns	     28961	80005fb8	d001f053	fcvt.s.w	f0,x3	  x3:0x00000010  f0=0x41800000
     289655.000 ns	     28964	80005fbc	a16a8bd3	fle.s	x23,f21,f22	 f21:0x4f7c31bc f22:0x7fc00000 x23=0x00000000
     290025.000 ns	     29001	80005fc0	021fee33	rem	x28,x31,x1	 x31:0x00000000  x1:0xfffffbc1 x28=0x00000000
     290055.000 ns	     29004	80005fc4	21748fd3	fsgnj.s	f31,f9,f23	  f9:0x7fc00000 f23:0x00000000 f31=0x7fc00000
     290095.000 ns	     29008	80005fc8	58049953	fsqrt.s	f18,f9	  f9:0x7fc00000 f18=0x7fc00000
     290115.000 ns	     29010	80005fcc	01eb42b3	xor	x5,x22,x30	 x22:0x000001b1 x30:0x00000000  x5=0x000001b1
     290125.000 ns	     29011	80005fd0	01a75293	srli	x5,x14,0x1a	 x14:0x00000000  x5=0x00000000
     290145.000 ns	     29013	80005fd4	e00e0153	fmv.x.w	x2,f28	 f28:0x60900309  x2=0x60900309
     290175.000 ns	     29016	80005fd8	20229353	fsgnjn.s	f6,f5,f2	  f5:0xc1800000  f2:0x00000000  f6=0xc1800000
     290195.000 ns	     29018	80005fdc	01969813	slli	x16,x13,0x19	 x13:0x00000000 x16=0x00000000
     290215.000 ns	     29020	80005fe0	02de08b3	mul	x17,x28,x13	 x28:0x00000000 x13:0x00000000 x17=0x00000000
     290245.000 ns	     29023	80005fe4	03aeb8b3	mulhu	x17,x29,x26	 x29:0x7fffffff x26:0xfc31c76b x17=0x7e18e3b4
     290265.000 ns	     29025	80005fe8	dbdc2397	auipc	x7,0xdbdc2	  x7=0x5bdc7fe8
     290275.000 ns	     29026	80005fec	01f69eb3	sll	x29,x13,x31	 x13:0x00000000 x31:0x00000000 x29=0x00000000
     290295.000 ns	     29028	80005ff0	a16f20d3	feq.s	x1,f30,f22	 f30:0xcf7c31bc f22:0x7fc00000  x1=0x00000000
     290325.000 ns	     29031	80005ff4	a0019253	flt.s	x4,f3,f0	  f3:0x60900309  f0:0x41800000  x4=0x00000000
     290355.000 ns	     29034	80005ff8	03001cb3	mulh	x25,x0,x16	  x0:0x00000000 x16:0x00000000 x25=0x00000000
     290385.000 ns	     29037	80005ffc	285a9853	fmax.s	f16,f21,f5	 f21:0x4f7c31bc  f5:0xc1800000 f16=0x4f7c31bc
     290405.000 ns	     29039	80006000	f619b697	auipc	x13,0xf619b	 x13=0x761a1000
     290415.000 ns	     29040	80006004	40335813	srai	x16,x6,0x3	  x6:0x00000000 x16=0x00000000
     290775.000 ns	     29076	80006008	034fd833	divu	x16,x31,x20	 x31:0x00000000 x20:0x80040fe4 x16=0x00000000
     290795.000 ns	     29078	8000600c	0033c733	xor	x14,x7,x3	  x7:0x5bdc7fe8  x3:0x00000010 x14=0x5bdc7ff8
     290805.000 ns	     29079	80006010	c5d92393	slti	x7,x18,-931	 x18:0xfffffac0  x7=0x00000001
     290835.000 ns	     29082	80006014	19b5f553	fdiv.s	f10,f11,f27	 f11:0xe0900309 f27:0x00000000 f10=0xff800000
     290875.000 ns	     29086	80006018	5802f853	fsqrt.s	f16,f5	  f5:0xc1800000 f16=0x7fc00000
     290895.000 ns	     29088	8000601c	eb997093	andi	x1,x18,-327	 x18:0xfffffac0  x1=0xfffffa80
     291255.000 ns	     29124	80006020	0225c8b3	div	x17,x11,x2	 x11:0x00000000  x2:0x60900309 x17=0x00000000
     291285.000 ns	     29127	80006024	a1a99f53	flt.s	x30,f19,f26	 f19:0x00000000 f26:0xe0900309 x30=0x00000000
     291315.000 ns	     29130	80006028	a1850e53	fle.s	x28,f10,f24	 f10:0xff800000 f24:0xbfa3e390 x28=0x00000001
     291335.000 ns	     29132	8000602c	400d5c33	sra	x24,x26,x0	 x26:0xfc31c76b  x0:0x00000000 x24=0xfc31c76b
     291345.000 ns	     29133	80006030	458d0193	addi	x3,x26,1112	 x26:0xfc31c76b  x3=0xfc31cbc3
     291355.000 ns	     29134	80006034	01e60433	add	x8,x12,x30	 x12:0xffb0cfe4 x30:0x00000000  x8=0xffb0cfe4
     291715.000 ns	     29170	80006038	034546b3	div	x13,x10,x20	 x10:0x00000001 x20:0x80040fe4 x13=0x00000000
     291735.000 ns	     29172	8000603c	00000013	addi	x0,x0,0	  x0:0x00000000
     291755.000 ns	     29174	80006040	c01003d3	fcvt.wu.s	x7,f0	  f0:0x41800000  x7=0x00000010
     291795.000 ns	     29178	80006044	19ab7ad3	fdiv.s	f21,f22,f26	 f22:0x7fc00000 f26:0xe0900309 f21=0x7fc00000
     291825.000 ns	     29181	80006048	a07b2ed3	feq.s	x29,f22,f7	 f22:0x7fc00000  f7:0x80000000 x29=0x00000000
     291845.000 ns	     29183	8000604c	0e9f6593	ori	x11,x30,233	 x30:0x00000000 x11=0x000000e9
     291855.000 ns	     29184	80006050	03a3c793	xori	x15,x7,58	  x7:0x00000010 x15=0x0000002a
     291865.000 ns	     29185	80006054	41aa5e13	srai	x28,x20,0x1a	 x20:0x80040fe4 x28=0xffffffe0
     291875.000 ns	     29186	80006058	010c5213	srli	x4,x24,0x10	 x24:0xfc31c76b  x4=0x0000fc31
     291895.000 ns	     29188	8000605c	d019f553	fcvt.s.wu	f10,x19	 x19:0xfc31c41b f10=0x4f7c31c4
     291915.000 ns	     29190	80006060	fac0af17	auipc	x30,0xfac0a	 x30=0x7ac10060
     291935.000 ns	     29192	80006064	21532cd3	fsgnjx.s	f25,f6,f21	  f6:0xc1800000 f21:0x7fc00000 f25=0xc1800000
     291965.000 ns	     29195	80006068	d005f553	fcvt.s.w	f10,x11	 x11:0x000000e9 f10=0x43690000
     292005.000 ns	     29199	8000606c	1015f4d3	fmul.s	f9,f11,f1	 f11:0xe0900309  f1:0x60900309  f9=0xff800000
     292035.000 ns	     29202	80006070	28a280d3	fmin.s	f1,f5,f10	  f5:0xc1800000 f10:0x43690000  f1=0xc1800000
     292075.000 ns	     29206	80006074	1125f7d3	fmul.s	f15,f11,f18	 f11:0xe0900309 f18:0x7fc00000 f15=0x7fc00000
     292105.000 ns	     29209	80006078	e00b8753	fmv.x.w	x14,f23	 f23:0x00000000 x14=0x00000000
     292135.000 ns	     29212	8000607c	210429d3	fsgnjx.s	f19,f8,f16	  f8:0x4f7cfd0f f16:0x7fc00000 f19=0x4f7cfd0f
     292165.000 ns	     29215	80006080	03b01033	mulh	x0,x0,x27	  x0:0x00000000 x27:0x80041024
     292195.000 ns	     29218	80006084	21870bd3	fsgnj.s	f23,f14,f24	 f14:0x473253b6 f24:0xbfa3e390 f23=0xc73253b6
     292225.000 ns	     29221	80006088	d00c34d3	fcvt.s.w	f9,x24	 x24:0xfc31c76b  f9=0xcc738e26
     292255.000 ns	     29224	8000608c	a0268d53	fle.s	x26,f13,f2	 f13:0x80000000  f2:0x00000000 x26=0x00000001
     292305.000 ns	     29229	80006090	01638653	fadd.s	f12,f7,f22	  f7:0x80000000 f22:0x7fc00000 f12=0x7fc00000
     292325.000 ns	     29231	80006094	00321513	slli	x10,x4,0x3	  x4:0x0000fc31 x10=0x0007e188
     292335.000 ns	     29232	80006098	01112633	slt	x12,x2,x17	  x2:0x60900309 x17:0x00000000 x12=0x00000000
     292375.000 ns	     29236	8000609c	0144f153	fadd.s	f2,f9,f20	  f9:0xcc738e26 f20:0x4f7c31bc  f2=0x4f786383
     292405.000 ns	     29239	800060a0	21f0ac53	fsgnjx.s	f24,f1,f31	  f1:0xc1800000 f31:0x7fc00000 f24=0xc1800000
     292435.000 ns	     29242	800060a4	c0129653	fcvt.wu.s	x12,f5	  f5:0xc1800000 x12=0x00000010
     292455.000 ns	     29244	800060a8	01db3433	sltu	x8,x22,x29	 x22:0x000001b1 x29:0x00000000  x8=0x00000000
     292475.000 ns	     29246	800060ac	035f2eb3	mulhsu	x29,x30,x21	 x30:0x7ac10060 x21:0x59d47000 x29=0x2b12f6aa
     292505.000 ns	     29249	800060b0	02a88ab3	mul	x21,x17,x10	 x17:0x00000000 x10:0x0007e188 x21=0x00000000
     292525.000 ns	     29251	800060b4	01499ab3	sll	x21,x19,x20	 x19:0xfc31c41b x20:0x80040fe4 x21=0xc31c41b0
     292545.000 ns	     29253	800060b8	020313b3	mulh	x7,x6,x0	  x6:0x00000000  x0:0x00000000  x7=0x00000000
     292565.000 ns	     29255	800060bc	8fc43493	sltiu	x9,x8,-1796	  x8:0x00000000  x9=0x00000001
     292895.000 ns	     29288	800060c0	198c1e53	fdiv.s	f28,f24,f24	 f24:0xc1800000 f24:0xc1800000 f28=0x3f10d496
     294075.000 ns	     29406	800060c4	58057053	fsqrt.s	f0,f10	 f10:0x43690000  f0=0x4124c17e
     294095.000 ns	     29408	800060c8	48aeae13	slti	x28,x29,1162	 x29:0x2b12f6aa x28=0x00000000
     294105.000 ns	     29409	800060cc	00d9cd33	xor	x26,x19,x13	 x19:0xfc31c41b x13:0x00000000 x26=0xfc31c41b
     295275.000 ns	     29526	800060d0	58057453	fsqrt.s	f8,f10	 f10:0x43690000  f8=0x4124c17e
     295295.000 ns	     29528	800060d4	010d35b3	sltu	x11,x26,x16	 x26:0x00000001 x16:0x00000000 x11=0x00000000
     295305.000 ns	     29529	800060d8	374ec513	xori	x10,x29,884	 x29:0x2b12f6aa x10=0x2b12f5de
     295325.000 ns	     29531	800060dc	0383b633	mulhu	x12,x7,x24	  x7:0x00000000 x24:0xfc31c76b x12=0x00000000
     295345.000 ns	     29533	800060e0	b30eb513	sltiu	x10,x29,-1232	 x29:0x2b12f6aa x10=0x00000001
     295355.000 ns	     29534	800060e4	40c081b3	sub	x3,x1,x12	  x1:0xfffffa80 x12:0x00000000  x3=0xfffffa80
     295375.000 ns	     29536	800060e8	28941053	fmax.s	f0,f8,f9	  f8:0x4124c17e  f9:0xcc738e26  f0=0x4124c17e
     295405.000 ns	     29539	800060ec	d00c4ed3	fcvt.s.w	f29,x24	 x24:0xfc31c76b f29=0xcc738e25
     295435.000 ns	     29542	800060f0	e0080b53	fmv.x.w	x22,f16	 f16:0x7fc00000 x22=0x7fc00000
     295465.000 ns	     29545	800060f4	e0018753	fmv.x.w	x14,f3	  f3:0x60900309 x14=0x60900309
     295505.000 ns	     29549	800060f8	111870d3	fmul.s	f1,f16,f17	 f16:0x7fc00000 f17:0x00000000  f1=0x7fc00000
     295535.000 ns	     29552	800060fc	e0011f53	fclass.s	x30,f2	  f2:0x4f786383 x30=0x00000040
     295565.000 ns	     29555	80006100	a0a8a053	feq.s	x0,f17,f10	 f17:0x00000000 f10:0x43690000
     295585.000 ns	     29557	80006104	07e94193	xori	x3,x18,126	 x18:0xfffffac0  x3=0xfffffabe
     295605.000 ns	     29559	80006108	026d13b3	mulh	x7,x26,x6	 x26:0xfc31c41b  x6:0x00000000  x7=0x00000000
     295635.000 ns	     29562	8000610c	218a0053	fsgnj.s	f0,f20,f24	 f20:0x4f7c31bc f24:0xc1800000  f0=0xcf7c31bc
     295665.000 ns	     29565	80006110	210a1ed3	fsgnjn.s	f29,f20,f16	 f20:0x4f7c31bc f16:0x7fc00000 f29=0xcf7c31bc
     295685.000 ns	     29567	80006114	00c46033	or	x0,x8,x12	  x8:0x00000000 x12:0x00000000
     295695.000 ns	     29568	80006118	81872197	auipc	x3,0x81872	  x3=0x01878118
     295715.000 ns	     29570	8000611c	a0382ed3	feq.s	x29,f16,f3	 f16:0x7fc00000  f3:0x60900309 x29=0x00000000
     295745.000 ns	     29573	80006120	e0098353	fmv.x.w	x6,f19	 f19:0x4f7cfd0f  x6=0x4f7cfd0f
     295775.000 ns	     29576	80006124	a16d20d3	feq.s	x1,f26,f22	 f26:0xe0900309 f22:0x7fc00000  x1=0x00000000
     296145.000 ns	     29613	80006128	022fd833	divu	x16,x31,x2	 x31:0x00000000  x2:0x60900309 x16=0x00000000
     296175.000 ns	     29616	8000612c	218f8053	fsgnj.s	f0,f31,f24	 f31:0x7fc00000 f24:0xc1800000  f0=0xffc00000
     296205.000 ns	     29619	80006130	28bb1bd3	fmax.s	f23,f22,f11	 f22:0x7fc00000 f11:0xe0900309 f23=0xe0900309
     296225.000 ns	     29621	80006134	37398013	addi	x0,x19,883	 x19:0xfc31c41b
     296235.000 ns	     29622	80006138	01c50433	add	x8,x10,x28	 x10:0x00000001 x28:0x00000000  x8=0x00000001
     296245.000 ns	     29623	8000613c	73eba293	slti	x5,x23,1854	 x23:0x00000000  x5=0x00000001
     296255.000 ns	     29624	80006140	005ad933	srl	x18,x21,x5	 x21:0xc31c41b0  x5:0x00000000 x18=0x618e20d8
     296275.000 ns	     29626	80006144	03973733	mulhu	x14,x14,x25	 x14:0x60900309 x25:0x00000000 x14=0x00000000
     296325.000 ns	     29631	80006148	00c719d3	fadd.s	f19,f14,f12	 f14:0x473253b6 f12:0x7fc00000 f19=0x7fc00000
     296345.000 ns	     29633	8000614c	13042e37	lui	x28,0x13042	 x28=0x13042000
     296365.000 ns	     29635	80006150	d002f7d3	fcvt.s.w	f15,x5	  x5:0x00000001 f15=0x3f800000
     296415.000 ns	     29640	80006154	089fced3	fsub.s	f29,f31,f9	 f31:0x7fc00000  f9:0xcc738e26 f29=0x7fc00000
     296445.000 ns	     29643	80006158	280f0cd3	fmin.s	f25,f30,f0	 f30:0xcf7c31bc  f0:0xffc00000 f25=0xcf7c31bc
     296465.000 ns	     29645	8000615c	fb86d7b7	lui	x15,0xfb86d	 x15=0xfb86d000
     296485.000 ns	     29647	80006160	a17c2653	feq.s	x12,f24,f23	 f24:0xc1800000 f23:0xe0900309 x12=0x00000000
     296515.000 ns	     29650	80006164	21e80ad3	fsgnj.s	f21,f16,f30	 f16:0x7fc00000 f30:0xcf7c31bc f21=0xffc00000
     296535.000 ns	     29652	80006168	01c89693	slli	x13,x17,0x1c	 x17:0x00000000 x13=0x00000000
     296895.000 ns	     29688	8000616c	028ac533	div	x10,x21,x8	 x21:0xc31c41b0  x8:0x00000001 x10=0xc31c41b0
     297265.000 ns	     29725	80006170	03694e33	div	x28,x18,x22	 x18:0x618e20d8 x22:0x7fc00000 x28=0x00000000
     297285.000 ns	     29727	80006174	003db533	sltu	x10,x27,x3	 x27:0x80041024  x3:0x01878118 x10=0x00000000
     297305.000 ns	     29729	80006178	e0038bd3	fmv.x.w	x23,f7	  f7:0x80000000 x23=0x80000000
     297335.000 ns	     29732	8000617c	c0151b53	fcvt.wu.s	x22,f10	 f10:0x43690000 x22=0x000000e9
     297355.000 ns	     29734	80006180	01d37433	and	x8,x6,x29	  x6:0x4f7cfd0f x29:0x00000000  x8=0x00000000
     297365.000 ns	     29735	80006184	01239093	slli	x1,x7,0x12	  x7:0x00000000  x1=0x00000000
     297375.000 ns	     29736	80006188	01d38733	add	x14,x7,x29	  x7:0x00000000 x29:0x00000000 x14=0x00000000
     297385.000 ns	     29737	8000618c	40b45e13	srai	x28,x8,0xb	  x8:0x00000000 x28=0x00000000
     297395.000 ns	     29738	80006190	c1e2e513	ori	x10,x5,-994	  x5:0x00000001 x10=0xfffffc1f
     297405.000 ns	     29739	80006194	00393f33	sltu	x30,x18,x3	 x18:0x618e20d8  x3:0x01878118 x30=0x00000000
     297425.000 ns	     29741	80006198	033e9cb3	mulh	x25,x29,x19	 x29:0x00000000 x19:0xfc31c41b x25=0x00000000
     297455.000 ns	     29744	8000619c	02bafe33	remu	x28,x21,x11	 x21:0xc31c41b0 x11:0x00000000 x28=0xc31c41b0
     297475.000 ns	     29746	800061a0	001e1ab3	sll	x21,x28,x1	 x28:0x00000000  x1:0x00000000 x21=0xc31c41b0
     297495.000 ns	     29748	800061a4	f0058653	fmv.w.x	f12,x11	 x11:0x00000000 f12=0x00000000
     297525.000 ns	     29751	800061a8	a0f69ad3	flt.s	x21,f13,f15	 f13:0x80000000 f15:0x3f800000 x21=0x00000001
     297545.000 ns	     29753	800061ac	395bbe13	sltiu	x28,x23,917	 x23:0x80000000 x28=0x00000000
     297555.000 ns	     29754	800061b0	009dd933	srl	x18,x27,x9	 x27:0x80041024  x9:0x00000001 x18=0x40020812
     297575.000 ns	     29756	800061b4	02b95233	divu	x4,x18,x11	 x18:0x618e20d8 x11:0x00000000  x4=0xffffffff
     297595.000 ns	     29758	800061b8	415f5933	sra	x18,x30,x21	 x30:0x00000000 x21:0x00000001 x18=0x00000000
     297615.000 ns	     29760	800061bc	29db1ed3	fmax.s	f29,f22,f29	 f22:0x7fc00000 f29:0x7fc00000 f29=0x7fc00000
     297645.000 ns	     29763	800061c0	d00972d3	fcvt.s.w	f5,x18	 x18:0x40020812  f5=0x00000000
     297665.000 ns	     29765	800061c4	00000013	addi	x0,x0,0	  x0:0x00000000
     297675.000 ns	     29766	800061c8	018872b3	and	x5,x16,x24	 x16:0x00000000 x24:0xfc31c76b  x5=0x00000000
     298035.000 ns	     29802	800061cc	03784ab3	div	x21,x16,x23	 x16:0x00000000 x23:0x80000000 x21=0x00000000
     298055.000 ns	     29804	800061d0	001f8833	add	x16,x31,x1	 x31:0x00000000  x1:0x00000000 x16=0x00000000
     298075.000 ns	     29806	800061d4	e0069253	fclass.s	x4,f13	 f13:0x80000000  x4=0x00000008
     298445.000 ns	     29843	800061d8	0262c733	div	x14,x5,x6	  x5:0x00000000  x6:0x4f7cfd0f x14=0x00000000
     298475.000 ns	     29846	800061dc	02e33933	mulhu	x18,x6,x14	  x6:0x4f7cfd0f x14:0x00000000 x18=0x00000000
     298515.000 ns	     29850	800061e0	19bc9453	fdiv.s	f8,f25,f27	 f25:0xcf7c31bc f27:0x00000000  f8=0xff800000
     298555.000 ns	     29854	800061e4	1939bad3	fdiv.s	f21,f19,f19	 f19:0x7fc00000 f19:0x7fc00000 f21=0x7fc00000
     298925.000 ns	     29891	800061e8	02a9cb33	div	x22,x19,x10	 x19:0xfc31c41b x10:0xfffffc1f x22=0x0000fb29
     298975.000 ns	     29896	800061ec	083543d3	fsub.s	f7,f10,f3	 f10:0x43690000  f3:0x60900309  f7=0xe0900309
     298995.000 ns	     29898	800061f0	eb80b313	sltiu	x6,x1,-328	  x1:0x00000000  x6=0x00000001
     299005.000 ns	     29899	800061f4	21e16693	ori	x13,x2,542	  x2:0x60900309 x13=0x6090031f
     299015.000 ns	     29900	800061f8	4113dcb3	sra	x25,x7,x17	  x7:0x00000000 x17:0x00000000 x25=0x00000000
     299025.000 ns	     29901	800061fc	40095433	sra	x8,x18,x0	 x18:0x00000000  x0:0x00000000  x8=0x00000000
     299065.000 ns	     29905	80006200	015cc9d3	fadd.s	f19,f25,f21	 f25:0xcf7c31bc f21:0x7fc00000 f19=0x7fc00000
     299085.000 ns	     29907	80006204	10122797	auipc	x15,0x10122	 x15=0x90128204
     299445.000 ns	     29943	80006208	036ae933	rem	x18,x21,x22	 x21:0x00000000 x22:0x0000fb29 x18=0x00000000
     299465.000 ns	     29945	8000620c	9931f217	auipc	x4,0x9931f	  x4=0x1932520c
     299475.000 ns	     29946	80006210	04412313	slti	x6,x2,68	  x2:0x60900309  x6=0x00000000
     299485.000 ns	     29947	80006214	02b5d117	auipc	x2,0x2b5d	  x2=0x82b63214
     299505.000 ns	     29949	80006218	032602b3	mul	x5,x12,x18	 x12:0x00000000 x18:0x00000000  x5=0x00000000
     299525.000 ns	     29951	8000621c	400d01b3	sub	x3,x26,x0	 x26:0xfc31c41b  x0:0x00000000  x3=0xfc31c41b
     299535.000 ns	     29952	80006220	01aba633	slt	x12,x23,x26	 x23:0x80000000 x26:0xfc31c41b x12=0x00000001
     299545.000 ns	     29953	80006224	0155aeb3	slt	x29,x11,x21	 x11:0x00000000 x21:0x00000000 x29=0x00000000
     299555.000 ns	     29954	80006228	00c56f33	or	x30,x10,x12	 x10:0xfffffc1f x12:0x00000000 x30=0xfffffc1f
     299565.000 ns	     29955	8000622c	b82e6313	ori	x6,x28,-1150	 x28:0x00000000  x6=0xfffffb82
     299575.000 ns	     29956	80006230	529c0113	addi	x2,x24,1321	 x24:0xfc31c76b  x2=0xfc31cc94
     299585.000 ns	     29957	80006234	41f7d2b3	sra	x5,x15,x31	 x15:0x90128204 x31:0x00000000  x5=0x90128204
     299605.000 ns	     29959	80006238	28ee0353	fmin.s	f6,f28,f14	 f28:0x3f10d496 f14:0x473253b6  f6=0x3f10d496
     299635.000 ns	     29962	8000623c	20f40ad3	fsgnj.s	f21,f8,f15	  f8:0xff800000 f15:0x3f800000 f21=0x7f800000
     299655.000 ns	     29964	80006240	0660c193	xori	x3,x1,102	  x1:0x00000000  x3=0x00000066
     299675.000 ns	     29966	80006244	0320a733	mulhsu	x14,x1,x18	  x1:0x00000000 x18:0x00000000 x14=0x00000000
     299705.000 ns	     29969	80006248	030a6533	rem	x10,x20,x16	 x20:0x80040fe4 x16:0x00000000 x10=0x80040fe4
     299725.000 ns	     29971	8000624c	409dd913	srai	x18,x27,0x9	 x27:0x80041024 x18=0xffc00208
     299765.000 ns	     29975	80006250	0897c0d3	fsub.s	f1,f15,f9	 f15:0x3f800000  f9:0xcc738e26  f1=0x4c738e26
     299785.000 ns	     29977	80006254	415a0e33	sub	x28,x20,x21	 x20:0x80040fe4 x21:0x00000000 x28=0x80040fe4
     299805.000 ns	     29979	80006258	038a2733	mulhsu	x14,x20,x24	 x20:0x80040fe4 x24:0xfc31c76b x14=0x81eb1cb9
     299825.000 ns	     29981	8000625c	417700b3	sub	x1,x14,x23	 x14:0x00000000 x23:0x80000000  x1=0x01eb1cb9
     299835.000 ns	     29982	80006260	002357b3	srl	x15,x6,x2	  x6:0xfffffb82  x2:0xfc31cc94 x15=0x00000fff
     299855.000 ns	     29984	80006264	c015bf53	fcvt.wu.s	x30,f11	 f11:0xe0900309 x30=0x00000000
     299885.000 ns	     29987	80006268	e00811d3	fclass.s	x3,f16	 f16:0x7fc00000  x3=0x00000200
     299905.000 ns	     29989	8000626c	00000013	addi	x0,x0,0	  x0:0x00000000
     300235.000 ns	     30022	80006270	19abfed3	fdiv.s	f29,f23,f26	 f23:0xe0900309 f26:0xe0900309 f29=0x3f10030a
     300605.000 ns	     30059	80006274	02a84bb3	div	x23,x16,x10	 x16:0x00000000 x10:0x80040fe4 x23=0x00000000
     300625.000 ns	     30061	80006278	bcc43393	sltiu	x7,x8,-1076	  x8:0x00000000  x7=0x00000001
     300645.000 ns	     30063	8000627c	288e86d3	fmin.s	f13,f29,f8	 f29:0x3f10030a  f8:0xff800000 f13=0xff800000
     300685.000 ns	     30067	80006280	19537053	fdiv.s	f0,f6,f21	  f6:0x3f10d496 f21:0x7f800000  f0=0x00000000
     300715.000 ns	     30070	80006284	a1329bd3	flt.s	x23,f5,f19	  f5:0x00000000 f19:0x7fc00000 x23=0x00000000
     300735.000 ns	     30072	80006288	cc3401b7	lui	x3,0xcc340	  x3=0xcc340000
     300755.000 ns	     30074	8000628c	a0cc8f53	fle.s	x30,f25,f12	 f25:0xcf7c31bc f12:0x00000000 x30=0x00000001
     300785.000 ns	     30077	80006290	e0028253	fmv.x.w	x4,f5	  f5:0x00000000  x4=0x00000000
     300815.000 ns	     30080	80006294	20c009d3	fsgnj.s	f19,f0,f12	  f0:0x00000000 f12:0x00000000 f19=0x00000000
     300845.000 ns	     30083	80006298	0314f6b3	remu	x13,x9,x17	  x9:0x00000001 x17:0x00000000 x13=0x00000001
     300865.000 ns	     30085	8000629c	ffd30693	addi	x13,x6,-3	  x6:0xfffffb82 x13=0xfffffb7f
     300885.000 ns	     30087	800062a0	d01cfd53	fcvt.s.wu	f26,x25	 x25:0x00000000 f26=0x00000000
     300905.000 ns	     30089	800062a4	01031d33	sll	x26,x6,x16	  x6:0xfffffb82 x16:0x00000000 x26=0xfffffb82
     300925.000 ns	     30091	800062a8	a0fd8553	fle.s	x10,f27,f15	 f27:0x00000000 f15:0x3f800000 x10=0x00000001
     300945.000 ns	     30093	800062ac	78247793	andi	x15,x8,1922	  x8:0x00000000 x15=0x00000000
     300955.000 ns	     30094	800062b0	0147afb3	slt	x31,x15,x20	 x15:0x00000fff x20:0x80040fe4 x31=0x00000000
     300975.000 ns	     30096	800062b4	a03b0553	fle.s	x10,f22,f3	 f22:0x7fc00000  f3:0x60900309 x10=0x00000000
     301005.000 ns	     30099	800062b8	21ce23d3	fsgnjx.s	f7,f28,f28	 f28:0x3f10d496 f28:0x3f10d496  f7=0x3f10d496
     301025.000 ns	     30101	800062bc	00c3ccb3	xor	x25,x7,x12	  x7:0x00000001 x12:0x00000001 x25=0x00000000
     301045.000 ns	     30103	800062c0	e0070f53	fmv.x.w	x30,f14	 f14:0x473253b6 x30=0x473253b6
     301075.000 ns	     30106	800062c4	c00aa653	fcvt.w.s	x12,f21	 f21:0x7f800000 x12=0x7fffffff
     301095.000 ns	     30108	800062c8	00e917b3	sll	x15,x18,x14	 x18:0xffc00208 x14:0x81eb1cb9 x15=0x10000000
     301105.000 ns	     30109	800062cc	73996c93	ori	x25,x18,1849	 x18:0xffc00208 x25=0xffc00739
     301125.000 ns	     30111	800062d0	a03e98d3	flt.s	x17,f29,f3	 f29:0x3f10030a  f3:0x60900309 x17=0x00000001
     301175.000 ns	     30116	800062d4	0835fd53	fsub.s	f26,f11,f3	 f11:0xe0900309  f3:0x60900309 f26=0xe1100309
     301205.000 ns	     30119	800062d8	200507d3	fsgnj.s	f15,f10,f0	 f10:0x43690000  f0:0x00000000 f15=0x43690000
     301225.000 ns	     30121	800062dc	40e3d093	srai	x1,x7,0xe	  x7:0x00000001  x1=0x00000000
     301245.000 ns	     30123	800062e0	02e73e33	mulhu	x28,x14,x14	 x14:0x81eb1cb9 x14:0x81eb1cb9 x28=0x41eecae0
     301285.000 ns	     30127	800062e4	19507f53	fdiv.s	f30,f0,f21	  f0:0x00000000 f21:0x7f800000 f30=0x00000000
     301315.000 ns	     30130	800062e8	d0117053	fcvt.s.wu	f0,x2	  x2:0xfc31cc94  f0=0x4f7c31cc
     301335.000 ns	     30132	800062ec	0081a7b3	slt	x15,x3,x8	  x3:0xcc340000  x8:0x00000000 x15=0x00000001
     301355.000 ns	     30134	800062f0	21ca8f53	fsgnj.s	f30,f21,f28	 f21:0x7f800000 f28:0x3f10d496 f30=0x7f800000
     301385.000 ns	     30137	800062f4	28a99b53	fmax.s	f22,f19,f10	 f19:0x00000000 f10:0x43690000 f22=0x43690000
     301415.000 ns	     30140	800062f8	c013c053	fcvt.wu.s	x0,f7	  f7:0x3f10d496
     301435.000 ns	     30142	800062fc	0008c6b3	xor	x13,x17,x0	 x17:0x00000001  x0:0x00000000 x13=0x00000001
     301445.000 ns	     30143	80006300	2e780413	addi	x8,x16,743	 x16:0x00000000  x8=0x000002e7
     301455.000 ns	     30144	80006304	b8727713	andi	x14,x4,-1145	  x4:0x00000000 x14=0x00000000
     301465.000 ns	     30145	80006308	01779813	slli	x16,x15,0x17	 x15:0x00000001 x16=0x00800000
     301485.000 ns	     30147	8000630c	d000f6d3	fcvt.s.w	f13,x1	  x1:0x00000000 f13=0x00000000
     301515.000 ns	     30150	80006310	a01e1353	flt.s	x6,f28,f1	 f28:0x3f10d496  f1:0x4c738e26  x6=0x00000001
     301535.000 ns	     30152	80006314	010c9f93	slli	x31,x25,0x10	 x25:0xffc00739 x31=0x07390000
     301545.000 ns	     30153	80006318	50c0e413	ori	x8,x1,1292	  x1:0x00000000  x8=0x0000050c
     301555.000 ns	     30154	8000631c	7bccce97	auipc	x29,0x7bccc	 x29=0xfbcd231c
     301575.000 ns	     30156	80006320	f0080553	fmv.w.x	f10,x16	 x16:0x00800000 f10=0x00800000
     301595.000 ns	     30158	80006324	405d0833	sub	x16,x26,x5	 x26:0xfffffb82  x5:0x90128204 x16=0x6fed797e
     301605.000 ns	     30159	80006328	b895e893	ori	x17,x11,-1143	 x11:0x00000000 x17=0xfffffb89
     301625.000 ns	     30161	8000632c	02473cb3	mulhu	x25,x14,x4	 x14:0x00000000  x4:0x00000000 x25=0x00000000
     301645.000 ns	     30163	80006330	f73bc813	xori	x16,x23,-141	 x23:0x00000000 x16=0xffffff73
     301655.000 ns	     30164	80006334	45f5ae93	slti	x29,x11,1119	 x11:0x00000000 x29=0x00000001
     301675.000 ns	     30166	80006338	02958f33	mul	x30,x11,x9	 x11:0x00000000  x9:0x00000001 x30=0x00000000
     301695.000 ns	     30168	8000633c	afe03593	sltiu	x11,x0,-1282	  x0:0x00000000 x11=0x00000001
     301725.000 ns	     30171	80006340	1047b853	fmul.s	f16,f15,f4	 f15:0x43690000  f4:0x80000000 f16=0x80000000
     301755.000 ns	     30174	80006344	29408253	fmin.s	f4,f1,f20	  f1:0x4c738e26 f20:0x4f7c31bc  f4=0x4c738e26
     301785.000 ns	     30177	80006348	e00e0153	fmv.x.w	x2,f28	 f28:0x3f10d496  x2=0x3f10d496
     301805.000 ns	     30179	8000634c	7d2d4b13	xori	x22,x26,2002	 x26:0xfffffb82 x22=0xfffffc50
     301825.000 ns	     30181	80006350	283805d3	fmin.s	f11,f16,f3	 f16:0x80000000  f3:0x60900309 f11=0x80000000
     301855.000 ns	     30184	80006354	029d23b3	mulhsu	x7,x26,x9	 x26:0xfffffb82  x9:0x00000001  x7=0xffffffff
     301885.000 ns	     30187	80006358	02b8a4b3	mulhsu	x9,x17,x11	 x17:0xfffffb89 x11:0x00000001  x9=0xffffffff
     301915.000 ns	     30190	8000635c	a13f1753	flt.s	x14,f30,f19	 f30:0x7f800000 f19:0x00000000 x14=0x00000000
     301945.000 ns	     30193	80006360	039ad833	divu	x16,x21,x25	 x21:0x00000000 x25:0x00000000 x16=0xffffffff
     301965.000 ns	     30195	80006364	00605893	srli	x17,x0,0x6	  x0:0x00000000 x17=0x00000000
     301985.000 ns	     30197	80006368	03fc2033	mulhsu	x0,x24,x31	 x24:0xfc31c76b x31:0x07390000
     302015.000 ns	     30200	8000636c	282291d3	fmax.s	f3,f5,f2	  f5:0x00000000  f2:0x4f786383  f3=0x4f786383
     302045.000 ns	     30203	80006370	20508b53	fsgnj.s	f22,f1,f5	  f1:0x4c738e26  f5:0x00000000 f22=0x4c738e26
     302075.000 ns	     30206	80006374	a165ae53	feq.s	x28,f11,f22	 f11:0x80000000 f22:0x43690000 x28=0x00000000
     302105.000 ns	     30209	80006378	a1200fd3	fle.s	x31,f0,f18	  f0:0x4f7c31cc f18:0x7fc00000 x31=0x00000000
     302125.000 ns	     30211	8000637c	00ca8333	add	x6,x21,x12	 x21:0x00000000 x12:0x7fffffff  x6=0x7fffffff
     302145.000 ns	     30213	80006380	f00c88d3	fmv.w.x	f17,x25	 x25:0x00000000 f17=0x00000000
     302165.000 ns	     30215	80006384	00de3433	sltu	x8,x28,x13	 x28:0x00000000 x13:0x00000001  x8=0x00000001
     302175.000 ns	     30216	80006388	01a29233	sll	x4,x5,x26	  x5:0x90128204 x26:0xfffffb82  x4=0x404a0810
     302195.000 ns	     30218	8000638c	a1bd06d3	fle.s	x13,f26,f27	 f26:0xe1100309 f27:0x00000000 x13=0x00000001
     302225.000 ns	     30221	80006390	a0fd00d3	fle.s	x1,f26,f15	 f26:0xe1100309 f15:0x43690000  x1=0x00000001
     302245.000 ns	     30223	80006394	41645433	sra	x8,x8,x22	  x8:0x00000001 x22:0xfffffc50  x8=0x00000000
     302255.000 ns	     30224	80006398	ea4ae193	ori	x3,x21,-348	 x21:0x00000000  x3=0xfffffea4
     302275.000 ns	     30226	8000639c	c01dffd3	fcvt.wu.s	x31,f27	 f27:0x00000000 x31=0x00000000
     302305.000 ns	     30229	800063a0	035feab3	rem	x21,x31,x21	 x31:0x00000000 x21:0x00000000 x21=0x00000000
     302325.000 ns	     30231	800063a4	000df4b3	and	x9,x27,x0	 x27:0x80041024  x0:0x00000000  x9=0x00000000
     302335.000 ns	     30232	800063a8	0031e1b3	or	x3,x3,x3	  x3:0xfffffea4  x3:0xfffffea4  x3=0xfffffea4
     302355.000 ns	     30234	800063ac	200b0bd3	fsgnj.s	f23,f22,f0	 f22:0x4c738e26  f0:0x4f7c31cc f23=0x4c738e26
     302385.000 ns	     30237	800063b0	a0bf83d3	fle.s	x7,f31,f11	 f31:0x7fc00000 f11:0x80000000  x7=0x00000000
     302415.000 ns	     30240	800063b4	e00192d3	fclass.s	x5,f3	  f3:0x4f786383  x5=0x00000040
     302435.000 ns	     30242	800063b8	d2972593	slti	x11,x14,-727	 x14:0x00000000 x11=0x00000000
     302455.000 ns	     30244	800063bc	025d3c33	mulhu	x24,x26,x5	 x26:0xfffffb82  x5:0x00000040 x24=0x0000003f
     302485.000 ns	     30247	800063c0	200a0f53	fsgnj.s	f30,f20,f0	 f20:0x4f7c31bc  f0:0x4f7c31cc f30=0x4f7c31bc
     302515.000 ns	     30250	800063c4	a1eb2153	feq.s	x2,f22,f30	 f22:0x4c738e26 f30:0x7f800000  x2=0x00000000
     302545.000 ns	     30253	800063c8	216a0e53	fsgnj.s	f28,f20,f22	 f20:0x4f7c31bc f22:0x4c738e26 f28=0x4f7c31bc
     302575.000 ns	     30256	800063cc	d014f153	fcvt.s.wu	f2,x9	  x9:0x00000000  f2=0x00000000
     302595.000 ns	     30258	800063d0	00609b33	sll	x22,x1,x6	  x1:0x00000001  x6:0x7fffffff x22=0x80000000
     302605.000 ns	     30259	800063d4	01732533	slt	x10,x6,x23	  x6:0x7fffffff x23:0x00000000 x10=0x00000000
     302615.000 ns	     30260	800063d8	01ce5233	srl	x4,x28,x28	 x28:0x00000000 x28:0x00000000  x4=0x00000000
     302635.000 ns	     30262	800063dc	28699d53	fmax.s	f26,f19,f6	 f19:0x00000000  f6:0x3f10d496 f26=0x3f10d496
     302655.000 ns	     30264	800063e0	c11d8113	addi	x2,x27,-1007	 x27:0x80041024  x2=0x80040c35
     302665.000 ns	     30265	800063e4	608fef13	ori	x30,x31,1544	 x31:0x00000000 x30=0x00000608
     303835.000 ns	     30382	800063e8	580b7553	fsqrt.s	f10,f22	 f22:0x4c738e26 f10=0x45ac381f
     303865.000 ns	     30385	800063ec	e00a10d3	fclass.s	x1,f20	 f20:0x4f7c31bc  x1=0x00000040
     303885.000 ns	     30387	800063f0	98606d13	ori	x26,x0,-1658	  x0:0x00000000 x26=0xfffff986
     303905.000 ns	     30389	800063f4	e00f9ad3	fclass.s	x21,f31	 f31:0x7fc00000 x21=0x00000200
     303925.000 ns	     30391	800063f8	4ad28513	addi	x10,x5,1197	  x5:0x00000040 x10=0x000004ed
     304285.000 ns	     30427	800063fc	02a5ce33	div	x28,x11,x10	 x11:0x00000000 x10:0x00000000 x28=0x00000000
     304305.000 ns	     30429	80006400	01fae6b3	or	x13,x21,x31	 x21:0x00000200 x31:0x00000000 x13=0x00000200
     304315.000 ns	     30430	80006404	bc6b6513	ori	x10,x22,-1082	 x22:0x80000000 x10=0xfffffbc6
     304335.000 ns	     30432	80006408	c0177bd3	fcvt.wu.s	x23,f14	 f14:0x473253b6 x23=0x0000b253
     304355.000 ns	     30434	8000640c	19cc3d13	sltiu	x26,x24,412	 x24:0x0000003f x26=0x00000001
     304685.000 ns	     30467	80006410	186c78d3	fdiv.s	f17,f24,f6	 f24:0xc1800000  f6:0x3f10d496 f17=0xc1e24034
     304715.000 ns	     30470	80006414	03cb11b3	mulh	x3,x22,x28	 x22:0x80000000 x28:0x00000000  x3=0x00000000
     304735.000 ns	     30472	80006418	366c0f13	addi	x30,x24,870	 x24:0x0000003f x30=0x000003a5
     304755.000 ns	     30474	8000641c	021425b3	mulhsu	x11,x8,x1	  x8:0x00000000  x1:0x00000040 x11=0x00000000
     304775.000 ns	     30476	80006420	416b51b3	sra	x3,x22,x22	 x22:0x80000000 x22:0x80000000  x3=0x80000000
     304785.000 ns	     30477	80006424	8b8d3413	sltiu	x8,x26,-1864	 x26:0x00000001  x8=0x00000001
     304805.000 ns	     30479	80006428	21ef9fd3	fsgnjn.s	f31,f31,f30	 f31:0x7fc00000 f30:0x4f7c31bc f31=0xffc00000
     304835.000 ns	     30482	8000642c	20901ad3	fsgnjn.s	f21,f0,f9	  f0:0x4f7c31cc  f9:0xcc738e26 f21=0x4f7c31cc
     304855.000 ns	     30484	80006430	01d8dbb3	srl	x23,x17,x29	 x17:0x00000000 x29:0x00000001 x23=0x00000000
     304895.000 ns	     30488	80006434	08de7dd3	fsub.s	f27,f28,f13	 f28:0x4f7c31bc f13:0x00000000 f27=0x4f7c31bc
     304915.000 ns	     30490	80006438	40bbd433	sra	x8,x23,x11	 x23:0x0000b253 x11:0x00000000  x8=0x00000000
     304925.000 ns	     30491	8000643c	00a4ec33	or	x24,x9,x10	  x9:0x00000000 x10:0xfffffbc6 x24=0xfffffbc6
     304955.000 ns	     30494	80006440	18507e53	fdiv.s	f28,f0,f5	  f0:0x4f7c31cc  f5:0x00000000 f28=0x7f800000
     304985.000 ns	     30497	80006444	e00c9453	fclass.s	x8,f25	 f25:0xcf7c31bc  x8=0x00000002
     305005.000 ns	     30499	80006448	01c4a733	slt	x14,x9,x28	  x9:0x00000000 x28:0x00000000 x14=0x00000000
     305025.000 ns	     30501	8000644c	21409ed3	fsgnjn.s	f29,f1,f20	  f1:0x4c738e26 f20:0x4f7c31bc f29=0xcc738e26
     305045.000 ns	     30503	80006450	01018bb3	add	x23,x3,x16	  x3:0x80000000 x16:0xffffffff x23=0x7fffffff
     305055.000 ns	     30504	80006454	7ea4b493	sltiu	x9,x9,2026	  x9:0x00000000  x9=0x00000001
     305075.000 ns	     30506	80006458	0213b2b3	mulhu	x5,x7,x1	  x7:0x00000000  x1:0x00000040  x5=0x00000000
     305095.000 ns	     30508	8000645c	f7e07893	andi	x17,x0,-130	  x0:0x00000000 x17=0x00000000
     305115.000 ns	     30510	80006460	a0ba1ad3	flt.s	x21,f20,f11	 f20:0x4f7c31bc f11:0x80000000 x21=0x00000000
     306295.000 ns	     30628	80006464	580b2e53	fsqrt.s	f28,f22	 f22:0x4c738e26 f28=0x45ac381f
     306665.000 ns	     30665	80006468	02da73b3	remu	x7,x20,x13	 x20:0x80040fe4 x13:0x00000200  x7=0x000001e4
     306685.000 ns	     30667	8000646c	00b6d413	srli	x8,x13,0xb	 x13:0x00000200  x8=0x00000000
     306695.000 ns	     30668	80006470	3a446013	ori	x0,x8,932	  x8:0x00000002
     307055.000 ns	     30704	80006474	03075ab3	divu	x21,x14,x16	 x14:0x00000000 x16:0xffffffff x21=0x00000000
     307085.000 ns	     30707	80006478	a11e25d3	feq.s	x11,f28,f17	 f28:0x45ac381f f17:0xc1e24034 x11=0x00000000
     307105.000 ns	     30709	8000647c	01ec04b3	add	x9,x24,x30	 x24:0xfffffbc6 x30:0x000003a5  x9=0xffffff6b
     307125.000 ns	     30711	80006480	03900c33	mul	x24,x0,x25	  x0:0x00000000 x25:0x00000000 x24=0x00000000
     307155.000 ns	     30714	80006484	a05802d3	fle.s	x5,f16,f5	 f16:0x80000000  f5:0x00000000  x5=0x00000001
     307185.000 ns	     30717	80006488	a0560b53	fle.s	x22,f12,f5	 f12:0x00000000  f5:0x00000000 x22=0x00000001
     307215.000 ns	     30720	8000648c	f00d0fd3	fmv.w.x	f31,x26	 x26:0x00000001 f31=0x00000001
     307235.000 ns	     30722	80006490	3686bc17	auipc	x24,0x3686b	 x24=0xb6871490
     307245.000 ns	     30723	80006494	1e6dca97	auipc	x21,0x1e6dc	 x21=0x9e6e2494
     307285.000 ns	     30727	80006498	0094f653	fadd.s	f12,f9,f9	  f9:0xcc738e26  f9:0xcc738e26 f12=0xccf38e26
     307325.000 ns	     30731	8000649c	114df3d3	fmul.s	f7,f27,f20	 f27:0x4f7c31bc f20:0x4f7c31bc  f7=0x5f7871f4
     307345.000 ns	     30733	800064a0	01a49613	slli	x12,x9,0x1a	  x9:0xffffff6b x12=0xac000000
     307355.000 ns	     30734	800064a4	00826533	or	x10,x4,x8	  x4:0x00000000  x8:0x00000000 x10=0x00000000
     307375.000 ns	     30736	800064a8	28190153	fmin.s	f2,f18,f1	 f18:0x7fc00000  f1:0x4c738e26  f2=0x4c738e26
     307395.000 ns	     30738	800064ac	01a9f1b3	and	x3,x19,x26	 x19:0xfc31c41b x26:0x00000001  x3=0x00000001
     307405.000 ns	     30739	800064b0	00255f13	srli	x30,x10,0x2	 x10:0x00000000 x30=0x00000000
     307425.000 ns	     30741	800064b4	c01b0553	fcvt.wu.s	x10,f22	 f22:0x4c738e26 x10=0x03ce3898
     307465.000 ns	     30745	800064b8	580c4553	fsqrt.s	f10,f24	 f24:0xc1800000 f10=0x7fc00000
     307485.000 ns	     30747	800064bc	0a3ab413	sltiu	x8,x21,163	 x21:0x9e6e2494  x8=0x00000000
     307505.000 ns	     30749	800064c0	037b9033	mulh	x0,x23,x23	 x23:0x7fffffff x23:0x7fffffff
     307525.000 ns	     30751	800064c4	01fd7fb3	and	x31,x26,x31	 x26:0x00000001 x31:0x00000000 x31=0x00000000
     307535.000 ns	     30752	800064c8	00000013	addi	x0,x0,0	  x0:0x00000000
     307555.000 ns	     30754	800064cc	0349b233	mulhu	x4,x19,x20	 x19:0xfc31c41b x20:0x80040fe4  x4=0x7e1ce27c
     307605.000 ns	     30759	800064d0	086822d3	fsub.s	f5,f16,f6	 f16:0x80000000  f6:0x3f10d496  f5=0xbf10d496
     307625.000 ns	     30761	800064d4	6fd23d13	sltiu	x26,x4,1789	  x4:0x7e1ce27c x26=0x00000000
     307645.000 ns	     30763	800064d8	f00202d3	fmv.w.x	f5,x4	  x4:0x7e1ce27c  f5=0x7e1ce27c
     307675.000 ns	     30766	800064dc	f00f0ed3	fmv.w.x	f29,x30	 x30:0x00000000 f29=0x00000000
     307705.000 ns	     30769	800064e0	03e79733	mulh	x14,x15,x30	 x15:0x00000001 x30:0x00000000 x14=0x00000000
     307735.000 ns	     30772	800064e4	02f20d33	mul	x26,x4,x15	  x4:0x7e1ce27c x15:0x00000001 x26=0x7e1ce27c
     307755.000 ns	     30774	800064e8	01923333	sltu	x6,x4,x25	  x4:0x7e1ce27c x25:0x00000000  x6=0x00000000
     307765.000 ns	     30775	800064ec	c88d2913	slti	x18,x26,-888	 x26:0x7e1ce27c x18=0x00000000
     307785.000 ns	     30777	800064f0	2074ac53	fsgnjx.s	f24,f9,f7	  f9:0xcc738e26  f7:0x5f7871f4 f24=0xcc738e26
     307805.000 ns	     30779	800064f4	3f6c0a93	addi	x21,x24,1014	 x24:0xb6871490 x21=0xb6871886
     307825.000 ns	     30781	800064f8	2194a053	fsgnjx.s	f0,f9,f25	  f9:0xcc738e26 f25:0xcf7c31bc  f0=0x4c738e26
     307855.000 ns	     30784	800064fc	0280c833	div	x16,x1,x8	  x1:0x00000040  x8:0x00000000 x16=0xffffffff
     307885.000 ns	     30787	80006500	03f50eb3	mul	x29,x10,x31	 x10:0x03ce3898 x31:0x00000000 x29=0x00000000
     307905.000 ns	     30789	80006504	01d75cb3	srl	x25,x14,x29	 x14:0x00000000 x29:0x00000001 x25=0x00000000
     307925.000 ns	     30791	80006508	a0ea85d3	fle.s	x11,f21,f14	 f21:0x4f7c31cc f14:0x473253b6 x11=0x00000000
     308295.000 ns	     30828	8000650c	03aafbb3	remu	x23,x21,x26	 x21:0xb6871886 x26:0x7e1ce27c x23=0x386a360a
     308345.000 ns	     30833	80006510	0922f253	fsub.s	f4,f5,f18	  f5:0x7e1ce27c f18:0x7fc00000  f4=0x7fc00000
     308365.000 ns	     30835	80006514	4182dd13	srai	x26,x5,0x18	  x5:0x00000001 x26=0x00000000
     308385.000 ns	     30837	80006518	c0067553	fcvt.w.s	x10,f12	 f12:0xccf38e26 x10=0x079c7130
     308405.000 ns	     30839	8000651c	bbe04113	xori	x2,x0,-1090	  x0:0x00000000  x2=0xfffffbbe
     308415.000 ns	     30840	80006520	011504b3	add	x9,x10,x17	 x10:0x079c7130 x17:0x00000000  x9=0x079c7130
     308435.000 ns	     30842	80006524	035192b3	mulh	x5,x3,x21	  x3:0x00000001 x21:0xb6871886  x5=0xffffffff
     308455.000 ns	     30844	80006528	bdbf8537	lui	x10,0xbdbf8	 x10=0xbdbf8000
     308475.000 ns	     30846	8000652c	21c52653	fsgnjx.s	f12,f10,f28	 f10:0x7fc00000 f28:0x45ac381f f12=0x7fc00000
     308495.000 ns	     30848	80006530	416d0533	sub	x10,x26,x22	 x26:0x00000000 x22:0x00000001 x10=0xffffffff
     308515.000 ns	     30850	80006534	03df8d33	mul	x26,x31,x29	 x31:0x00000000 x29:0x00000000 x26=0x00000000
     308535.000 ns	     30852	80006538	00110633	add	x12,x2,x1	  x2:0xfffffbbe  x1:0x00000040 x12=0xfffffbfe
     308545.000 ns	     30853	8000653c	016e58b3	srl	x17,x28,x22	 x28:0x00000000 x22:0x00000001 x17=0x00000000
     308565.000 ns	     30855	80006540	21a99353	fsgnjn.s	f6,f19,f26	 f19:0x00000000 f26:0x3f10d496  f6=0x80000000
     308595.000 ns	     30858	80006544	e0069bd3	fclass.s	x23,f13	 f13:0x00000000 x23=0x00000010
     308615.000 ns	     30860	80006548	deb6a613	slti	x12,x13,-533	 x13:0x00000200 x12=0x00000000
     308635.000 ns	     30862	8000654c	028ca733	mulhsu	x14,x25,x8	 x25:0x00000000  x8:0x00000000 x14=0x00000000
     308655.000 ns	     30864	80006550	00918f33	add	x30,x3,x9	  x3:0x00000001  x9:0x079c7130 x30=0x079c7131
     308675.000 ns	     30866	80006554	290f0753	fmin.s	f14,f30,f16	 f30:0x4f7c31bc f16:0x80000000 f14=0x80000000
     308705.000 ns	     30869	80006558	28061253	fmax.s	f4,f12,f0	 f12:0x7fc00000  f0:0x4c738e26  f4=0x4c738e26
     308735.000 ns	     30872	8000655c	025085b3	mul	x11,x1,x5	  x1:0x00000040  x5:0xffffffff x11=0xffffffc0
     308765.000 ns	     30875	80006560	03e13f33	mulhu	x30,x2,x30	  x2:0xfffffbbe x30:0x079c7131 x30=0x079c7110
     308795.000 ns	     30878	80006564	c0037b53	fcvt.w.s	x22,f6	  f6:0x80000000 x22=0x00000000
     308835.000 ns	     30882	80006568	10094ad3	fmul.s	f21,f18,f0	 f18:0x7fc00000  f0:0x4c738e26 f21=0x7fc00000
     308855.000 ns	     30884	8000656c	61828293	addi	x5,x5,1560	  x5:0xffffffff  x5=0x00000617
     308865.000 ns	     30885	80006570	745e3813	sltiu	x16,x28,1861	 x28:0x00000000 x16=0x00000001
     308885.000 ns	     30887	80006574	02d2b3b3	mulhu	x7,x5,x13	  x5:0xffffffff x13:0x00000200  x7=0x00000000
     308915.000 ns	     30890	80006578	290100d3	fmin.s	f1,f2,f16	  f2:0x4c738e26 f16:0x80000000  f1=0x80000000
     308935.000 ns	     30892	8000657c	a0316c13	ori	x24,x2,-1533	  x2:0xfffffbbe x24=0xfffffbbf
     308945.000 ns	     30893	80006580	004690b3	sll	x1,x13,x4	 x13:0x00000200  x4:0x7e1ce27c  x1=0x00000000
     308965.000 ns	     30895	80006584	c0023053	fcvt.w.s	x0,f4	  f4:0x4c738e26
     308995.000 ns	     30898	80006588	e0051853	fclass.s	x16,f10	 f10:0x7fc00000 x16=0x00000200
     309025.000 ns	     30901	8000658c	03b53cb3	mulhu	x25,x10,x27	 x10:0xffffffff x27:0x80041024 x25=0x80041023
     309395.000 ns	     30938	80006590	029c4433	div	x8,x24,x9	 x24:0xfffffbbf  x9:0x079c7130  x8=0x00000000
     309425.000 ns	     30941	80006594	0243b633	mulhu	x12,x7,x4	  x7:0x00000000  x4:0x7e1ce27c x12=0x00000000
     309445.000 ns	     30943	80006598	00000013	addi	x0,x0,0	  x0:0x00000000
     309465.000 ns	     30945	8000659c	0287d833	divu	x16,x15,x8	 x15:0x00000001  x8:0x00000000 x16=0xffffffff
     310645.000 ns	     31063	800065a0	58027853	fsqrt.s	f16,f4	  f4:0x4c738e26 f16=0x45ac381f
     310665.000 ns	     31065	800065a4	71d44f13	xori	x30,x8,1821	  x8:0x00000000 x30=0x0000071d
     310675.000 ns	     31066	800065a8	00292cb3	slt	x25,x18,x2	 x18:0x00000000  x2:0xfffffbbe x25=0x00000000
     310685.000 ns	     31067	800065ac	00000533	add	x10,x0,x0	  x0:0x00000000  x0:0x00000000 x10=0x00000000
     310695.000 ns	     31068	800065b0	00000013	addi	x0,x0,0	  x0:0x00000000
     310705.000 ns	     31069	800065b4	014285b3	add	x11,x5,x20	  x5:0x00000617 x20:0x80040fe4 x11=0x800415fb
     310715.000 ns	     31070	800065b8	b7e9b113	sltiu	x2,x19,-1154	 x19:0xfc31c41b  x2=0x00000001
     310735.000 ns	     31072	800065bc	025c1033	mulh	x0,x24,x5	 x24:0xfffffbbf  x5:0x00000617
     310765.000 ns	     31075	800065c0	2037a6d3	fsgnjx.s	f13,f15,f3	 f15:0x43690000  f3:0x4f786383 f13=0x43690000
     310795.000 ns	     31078	800065c4	a1050053	fle.s	x0,f10,f16	 f10:0x7fc00000 f16:0x45ac381f
     310815.000 ns	     31080	800065c8	00d5c933	xor	x18,x11,x13	 x11:0x800415fb x13:0x00000200 x18=0x800417fb
     310825.000 ns	     31081	800065cc	ac638c13	addi	x24,x7,-1338	  x7:0x00000000 x24=0xfffffac6
     310845.000 ns	     31083	800065d0	021eeab3	rem	x21,x29,x1	 x29:0x00000000  x1:0x00000000 x21=0x00000000
     310875.000 ns	     31086	800065d4	031e40b3	div	x1,x28,x17	 x28:0x00000000 x17:0x00000000  x1=0xffffffff
     310925.000 ns	     31091	800065d8	09697d53	fsub.s	f26,f18,f22	 f18:0x7fc00000 f22:0x4c738e26 f26=0x7fc00000
     310955.000 ns	     31094	800065dc	a1e02fd3	feq.s	x31,f0,f30	  f0:0x4c738e26 f30:0x4f7c31bc x31=0x00000000
     310975.000 ns	     31096	800065e0	01ee78b3	and	x17,x28,x30	 x28:0x00000000 x30:0x0000071d x17=0x00000000
     310985.000 ns	     31097	800065e4	018c2eb3	slt	x29,x24,x24	 x24:0xfffffac6 x24:0xfffffac6 x29=0x00000000
     310995.000 ns	     31098	800065e8	1f84c693	xori	x13,x9,504	  x9:0x079c7130 x13=0x079c70c8
     311015.000 ns	     31100	800065ec	a08987d3	fle.s	x15,f19,f8	 f19:0x00000000  f8:0xff800000 x15=0x00000000
     311045.000 ns	     31103	800065f0	205402d3	fsgnj.s	f5,f8,f5	  f8:0xff800000  f5:0x7e1ce27c  f5=0x7f800000
     311065.000 ns	     31105	800065f4	17ff4f13	xori	x30,x30,383	 x30:0x0000071d x30=0x00000662
     311395.000 ns	     31138	800065f8	19669dd3	fdiv.s	f27,f13,f22	 f13:0x43690000 f22:0x4c738e26 f27=0x36690000
     311425.000 ns	     31141	800065fc	d0183253	fcvt.s.wu	f4,x16	 x16:0xffffffff  f4=0x4f800000
     311795.000 ns	     31178	80006600	025bfcb3	remu	x25,x23,x5	 x23:0x00000010  x5:0x00000617 x25=0x00000010
     311815.000 ns	     31180	80006604	012b86b3	add	x13,x23,x18	 x23:0x00000010 x18:0x800417fb x13=0x8004180b
     312175.000 ns	     31216	80006608	021ce7b3	rem	x15,x25,x1	 x25:0x00000010  x1:0xffffffff x15=0x00000000
     312195.000 ns	     31218	8000660c	df808413	addi	x8,x1,-520	  x1:0xffffffff  x8=0xfffffdf7
     312205.000 ns	     31219	80006610	417904b3	sub	x9,x18,x23	 x18:0x800417fb x23:0x00000010  x9=0x800417eb
     313375.000 ns	     31336	80006614	580dafd3	fsqrt.s	f31,f27	 f27:0x36690000 f31=0x3aa4c17e
     313415.000 ns	     31340	80006618	5808fcd3	fsqrt.s	f25,f17	 f17:0xc1e24034 f25=0x7fc00000
     313435.000 ns	     31342	8000661c	014b8333	add	x6,x23,x20	 x23:0x00000010 x20:0x80040fe4  x6=0x80040ff4
     313455.000 ns	     31344	80006620	a19e9853	flt.s	x16,f29,f25	 f29:0x00000000 f25:0x7fc00000 x16=0x00000000
     313485.000 ns	     31347	80006624	28fb0dd3	fmin.s	f27,f22,f15	 f22:0x4c738e26 f15:0x43690000 f27=0x43690000
     313505.000 ns	     31349	80006628	400006b3	sub	x13,x0,x0	  x0:0x00000000  x0:0x00000000 x13=0x00000000
     313525.000 ns	     31351	8000662c	d00ef453	fcvt.s.w	f8,x29	 x29:0x00000000  f8=0x00000000
     313545.000 ns	     31353	80006630	00000013	addi	x0,x0,0	  x0:0x00000000
     313555.000 ns	     31354	80006634	01cf42b3	xor	x5,x30,x28	 x30:0x00000662 x28:0x00000000  x5=0x00000662
     313595.000 ns	     31358	80006638	09cdf253	fsub.s	f4,f27,f28	 f27:0x43690000 f28:0x45ac381f  f4=0xc5a4f01f
     313625.000 ns	     31361	8000663c	c01c0e53	fcvt.wu.s	x28,f24	 f24:0xcc738e26 x28=0x03ce3898
     313995.000 ns	     31398	80006640	037f4fb3	div	x31,x30,x23	 x30:0x00000662 x23:0x00000010 x31=0x00000066
     314025.000 ns	     31401	80006644	d014f653	fcvt.s.wu	f12,x9	  x9:0x800417eb f12=0x4f000417
     314045.000 ns	     31403	80006648	012cdb93	srli	x23,x25,0x12	 x25:0x00000010 x23=0x00000000
     314055.000 ns	     31404	8000664c	00000013	addi	x0,x0,0	  x0:0x00000000
     314075.000 ns	     31406	80006650	023cb133	mulhu	x2,x25,x3	 x25:0x00000010  x3:0x00000001  x2=0x00000000
     314095.000 ns	     31408	80006654	000501b3	add	x3,x10,x0	 x10:0x00000000  x0:0x00000000  x3=0x00000000
     314455.000 ns	     31444	80006658	03b5d433	divu	x8,x11,x27	 x11:0x800415fb x27:0x80041024  x8=0x00000001
     314485.000 ns	     31447	8000665c	c003f553	fcvt.w.s	x10,f7	  f7:0x5f7871f4 x10=0x7fffffff
     314515.000 ns	     31450	80006660	c0052fd3	fcvt.w.s	x31,f10	 f10:0x7fc00000 x31=0x7fffffff
     314535.000 ns	     31452	80006664	90818a93	addi	x21,x3,-1784	  x3:0x00000000 x21=0xfffff908
     314545.000 ns	     31453	80006668	00a39793	slli	x15,x7,0xa	  x7:0x00000000 x15=0x00000000
     314565.000 ns	     31455	8000666c	03342933	mulhsu	x18,x8,x19	  x8:0x00000001 x19:0xfc31c41b x18=0x00000000
     314585.000 ns	     31457	80006670	2d8f0b13	addi	x22,x30,728	 x30:0x00000662 x22=0x0000093a
     314605.000 ns	     31459	80006674	02e5c2b3	div	x5,x11,x14	 x11:0x800415fb x14:0x00000000  x5=0xffffffff
     314635.000 ns	     31462	80006678	20cd0753	fsgnj.s	f14,f26,f12	 f26:0x7fc00000 f12:0x4f000417 f14=0x7fc00000
     314665.000 ns	     31465	8000667c	a0fda753	feq.s	x14,f27,f15	 f27:0x43690000 f15:0x43690000 x14=0x00000001
     314685.000 ns	     31467	80006680	00f02433	slt	x8,x0,x15	  x0:0x00000000 x15:0x00000000  x8=0x00000000
     314695.000 ns	     31468	80006684	01c58c33	add	x24,x11,x28	 x11:0x800415fb x28:0x03ce3898 x24=0x83d24e93
     314705.000 ns	     31469	80006688	412e8133	sub	x2,x29,x18	 x29:0x00000000 x18:0x00000000  x2=0x00000000
     314725.000 ns	     31471	8000668c	d0011ed3	fcvt.s.w	f29,x2	  x2:0x00000000 f29=0x00000000
     314745.000 ns	     31473	80006690	005fbcb3	sltu	x25,x31,x5	 x31:0x7fffffff  x5:0xffffffff x25=0x00000001
     314755.000 ns	     31474	80006694	b3142b93	slti	x23,x8,-1231	  x8:0x00000000 x23=0x00000000
     314775.000 ns	     31476	80006698	03971b33	mulh	x22,x14,x25	 x14:0x00000001 x25:0x00000010 x22=0x00000000
     314795.000 ns	     31478	8000669c	002ed5b3	srl	x11,x29,x2	 x29:0x00000000  x2:0x00000000 x11=0x00000000
     314805.000 ns	     31479	800066a0	00340513	addi	x10,x8,3	  x8:0x00000000 x10=0x00000003
     314815.000 ns	     31480	800066a4	01cf46b3	xor	x13,x30,x28	 x30:0x00000662 x28:0x03ce3898 x13=0x03ce3efa
     314825.000 ns	     31481	800066a8	00000013	addi	x0,x0,0	  x0:0x00000000
     314845.000 ns	     31483	800066ac	20ee23d3	fsgnjx.s	f7,f28,f14	 f28:0x45ac381f f14:0x7fc00000  f7=0x45ac381f
     314865.000 ns	     31485	800066b0	00000013	addi	x0,x0,0	  x0:0x00000000
     314875.000 ns	     31486	800066b4	ffc5f4b7	lui	x9,0xffc5f	  x9=0xffc5f000
     314885.000 ns	     31487	800066b8	000f9933	sll	x18,x31,x0	 x31:0x7fffffff  x0:0x00000000 x18=0x7fffffff
     314895.000 ns	     31488	800066bc	09180113	addi	x2,x16,145	 x16:0x00000000  x2=0x00000091
     314905.000 ns	     31489	800066c0	00ec2c33	slt	x24,x24,x14	 x24:0x83d24e93 x14:0x00000001 x24=0x00000001
     314945.000 ns	     31493	800066c4	010c7c53	fadd.s	f24,f24,f16	 f24:0xcc738e26 f16:0x45ac381f f24=0xcc7388c4
     314965.000 ns	     31495	800066c8	018c5493	srli	x9,x24,0x18	 x24:0x83d24e93  x9=0x00000000
     314975.000 ns	     31496	800066cc	0084c7b3	xor	x15,x9,x8	  x9:0xffc5f000  x8:0x00000000 x15=0x00000000
     314995.000 ns	     31498	800066d0	c00cf053	fcvt.w.s	x0,f25	 f25:0x7fc00000
     315025.000 ns	     31501	800066d4	a1f4a253	feq.s	x4,f9,f31	  f9:0xcc738e26 f31:0x3aa4c17e  x4=0x00000000
     315055.000 ns	     31504	800066d8	28af0a53	fmin.s	f20,f30,f10	 f30:0x4f7c31bc f10:0x7fc00000 f20=0x4f7c31bc
     315095.000 ns	     31508	800066dc	58034653	fsqrt.s	f12,f6	  f6:0x80000000 f12=0x80000000
     315465.000 ns	     31545	800066e0	03c064b3	rem	x9,x0,x28	  x0:0x00000000 x28:0x03ce3898  x9=0x00000000
     315495.000 ns	     31548	800066e4	c0170d53	fcvt.wu.s	x26,f14	 f14:0x7fc00000 x26=0xffffffff
     315535.000 ns	     31552	800066e8	104c7ed3	fmul.s	f29,f24,f4	 f24:0xcc7388c4  f4:0xc5a4f01f f29=0x529ce80b
     315565.000 ns	     31555	800066ec	f00303d3	fmv.w.x	f7,x6	  x6:0x80040ff4  f7=0x80040ff4
     315595.000 ns	     31558	800066f0	e00b0353	fmv.x.w	x6,f22	 f22:0x4c738e26  x6=0x4c738e26
     315615.000 ns	     31560	800066f4	01dd3133	sltu	x2,x26,x29	 x26:0xffffffff x29:0x00000000  x2=0x00000000
     315635.000 ns	     31562	800066f8	03134733	div	x14,x6,x17	  x6:0x4c738e26 x17:0x00000000 x14=0xffffffff
     315655.000 ns	     31564	800066fc	01c71cb3	sll	x25,x14,x28	 x14:0x00000001 x28:0x03ce3898 x25=0xff000000
     315665.000 ns	     31565	80006700	01748c33	add	x24,x9,x23	  x9:0x00000000 x23:0x00000000 x24=0x00000000
     315685.000 ns	     31567	80006704	02320c33	mul	x24,x4,x3	  x4:0x00000000  x3:0x00000000 x24=0x00000000
     315705.000 ns	     31569	80006708	0136d033	srl	x0,x13,x19	 x13:0x03ce3efa x19:0xfc31c41b
     315725.000 ns	     31571	8000670c	03133e33	mulhu	x28,x6,x17	  x6:0x4c738e26 x17:0x00000000 x28=0x00000000
     315755.000 ns	     31574	80006710	a13405d3	fle.s	x11,f8,f19	  f8:0x00000000 f19:0x00000000 x11=0x00000001
     315785.000 ns	     31577	80006714	c002c6d3	fcvt.w.s	x13,f5	  f5:0x7f800000 x13=0x7fffffff
     315805.000 ns	     31579	80006718	01f40733	add	x14,x8,x31	  x8:0x00000000 x31:0x7fffffff x14=0x7fffffff
     315825.000 ns	     31581	8000671c	20f69dd3	fsgnjn.s	f27,f13,f15	 f13:0x43690000 f15:0x43690000 f27=0xc3690000
     315875.000 ns	     31586	80006720	09aeca53	fsub.s	f20,f29,f26	 f29:0x529ce80b f26:0x7fc00000 f20=0x7fc00000
     315905.000 ns	     31589	80006724	2042a0d3	fsgnjx.s	f1,f5,f4	  f5:0x7f800000  f4:0xc5a4f01f  f1=0xff800000
     315935.000 ns	     31592	80006728	a1472753	feq.s	x14,f14,f20	 f14:0x7fc00000 f20:0x7fc00000 x14=0x00000000
     315955.000 ns	     31594	8000672c	41ba0d33	sub	x26,x20,x27	 x20:0x80040fe4 x27:0x80041024 x26=0xffffffc0
     315975.000 ns	     31596	80006730	02bf3733	mulhu	x14,x30,x11	 x30:0x00000662 x11:0x00000001 x14=0x00000000
     315995.000 ns	     31598	80006734	00f6dc13	srli	x24,x13,0xf	 x13:0x7fffffff x24=0x0000ffff
     316015.000 ns	     31600	80006738	a0d323d3	feq.s	x7,f6,f13	  f6:0x80000000 f13:0x43690000  x7=0x00000000
     316385.000 ns	     31637	8000673c	033fc433	div	x8,x31,x19	 x31:0x7fffffff x19:0xfc31c41b  x8=0xffffffdf
     316415.000 ns	     31640	80006740	f00700d3	fmv.w.x	f1,x14	 x14:0x00000000  f1=0x00000000
     316435.000 ns	     31642	80006744	00921593	slli	x11,x4,0x9	  x4:0x00000000 x11=0x00000000
     316455.000 ns	     31644	80006748	2039a0d3	fsgnjx.s	f1,f19,f3	 f19:0x00000000  f3:0x4f786383  f1=0x00000000
     316475.000 ns	     31646	8000674c	63916d37	lui	x26,0x63916	 x26=0x63916000
     316495.000 ns	     31648	80006750	e0071353	fclass.s	x6,f14	 f14:0x7fc00000  x6=0x00000200
     316525.000 ns	     31651	80006754	e00590d3	fclass.s	x1,f11	 f11:0x80000000  x1=0x00000008
     316555.000 ns	     31654	80006758	e00b17d3	fclass.s	x15,f22	 f22:0x4c738e26 x15=0x00000040
     316585.000 ns	     31657	8000675c	02719e33	mulh	x28,x3,x7	  x3:0x00000000  x7:0x00000000 x28=0x00000000
     316605.000 ns	     31659	80006760	400cd813	srai	x16,x25,0x0	 x25:0xff000000 x16=0xff000000
     316625.000 ns	     31661	80006764	e0091753	fclass.s	x14,f18	 f18:0x7fc00000 x14=0x00000200
     316665.000 ns	     31665	80006768	101a7353	fmul.s	f6,f20,f1	 f20:0x7fc00000  f1:0x00000000  f6=0x7fc00000
     316695.000 ns	     31668	8000676c	020e9533	mulh	x10,x29,x0	 x29:0x00000000  x0:0x00000000 x10=0x00000000
     316725.000 ns	     31671	80006770	03242833	mulhsu	x16,x8,x18	  x8:0xffffffdf x18:0x7fffffff x16=0xffffffef
     316755.000 ns	     31674	80006774	d0101b53	fcvt.s.wu	f22,x0	  x0:0x00000000 f22=0x00000000
     316775.000 ns	     31676	80006778	9bce4f93	xori	x31,x28,-1604	 x28:0x00000000 x31=0xfffff9bc
     316785.000 ns	     31677	8000677c	009cd7b3	srl	x15,x25,x9	 x25:0xff000000  x9:0x00000000 x15=0xff000000
     317145.000 ns	     31713	80006780	0352f233	remu	x4,x5,x21	  x5:0xffffffff x21:0xfffff908  x4=0x000006f7
     317165.000 ns	     31715	80006784	01e74f33	xor	x30,x14,x30	 x14:0x00000200 x30:0x00000662 x30=0x00000462
     317175.000 ns	     31716	80006788	bb6ed7b7	lui	x15,0xbb6ed	 x15=0xbb6ed000
     317185.000 ns	     31717	8000678c	0155b433	sltu	x8,x11,x21	 x11:0x00000000 x21:0xfffff908  x8=0x00000001
     317195.000 ns	     31718	80006790	2e53a093	slti	x1,x7,741	  x7:0x00000000  x1=0x00000001
     317205.000 ns	     31719	80006794	41b7d433	sra	x8,x15,x27	 x15:0xbb6ed000 x27:0x80041024  x8=0xfbb6ed00
     317225.000 ns	     31721	80006798	02e428b3	mulhsu	x17,x8,x14	  x8:0x00000001 x14:0x00000200 x17=0xfffffff7
     317255.000 ns	     31724	8000679c	a17d1b53	flt.s	x22,f26,f23	 f26:0x7fc00000 f23:0x4c738e26 x22=0x00000000
     317275.000 ns	     31726	800067a0	01ef2533	slt	x10,x30,x30	 x30:0x00000462 x30:0x00000462 x10=0x00000000
     317295.000 ns	     31728	800067a4	e0028453	fmv.x.w	x8,f5	  f5:0x7f800000  x8=0x7f800000
     317325.000 ns	     31731	800067a8	c019f2d3	fcvt.wu.s	x5,f19	 f19:0x00000000  x5=0x00000000
     317355.000 ns	     31734	800067ac	027a2c33	mulhsu	x24,x20,x7	 x20:0x80040fe4  x7:0x00000000 x24=0x00000000
     317385.000 ns	     31737	800067b0	d00a7453	fcvt.s.w	f8,x20	 x20:0x80040fe4  f8=0xcefff7e0
     317405.000 ns	     31739	800067b4	01167733	and	x14,x12,x17	 x12:0x00000000 x17:0xfffffff7 x14=0x00000000
     317415.000 ns	     31740	800067b8	00e78bb3	add	x23,x15,x14	 x15:0xbb6ed000 x14:0x00000200 x23=0xbb6ed000
     317445.000 ns	     31743	800067bc	199871d3	fdiv.s	f3,f16,f25	 f16:0x45ac381f f25:0x7fc00000  f3=0x7fc00000
     317465.000 ns	     31745	800067c0	aa66fc13	andi	x24,x13,-1370	 x13:0x7fffffff x24=0x7ffffaa6
     317485.000 ns	     31747	800067c4	e0090453	fmv.x.w	x8,f18	 f18:0x7fc00000  x8=0x7fc00000
     317535.000 ns	     31752	800067c8	09f52753	fsub.s	f14,f10,f31	 f10:0x7fc00000 f31:0x3aa4c17e f14=0x7fc00000
     317555.000 ns	     31754	800067cc	40240cb3	sub	x25,x8,x2	  x8:0x7fc00000  x2:0x00000000 x25=0x7fc00000
     317575.000 ns	     31756	800067d0	c00af2d3	fcvt.w.s	x5,f21	 f21:0x7fc00000  x5=0x7fffffff
     317605.000 ns	     31759	800067d4	281915d3	fmax.s	f11,f18,f1	 f18:0x7fc00000  f1:0x00000000 f11=0x00000000
     317625.000 ns	     31761	800067d8	4160de13	srai	x28,x1,0x16	  x1:0x00000001 x28=0x00000000
     317645.000 ns	     31763	800067dc	a1cd2ad3	feq.s	x21,f26,f28	 f26:0x7fc00000 f28:0x45ac381f x21=0x00000000
     317665.000 ns	     31765	800067e0	a65bc297	auipc	x5,0xa65bc	  x5=0x265c27e0
     317685.000 ns	     31767	800067e4	03c672b3	remu	x5,x12,x28	 x12:0x00000000 x28:0x00000000  x5=0x00000000
     317705.000 ns	     31769	800067e8	579d8b93	addi	x23,x27,1401	 x27:0x80041024 x23=0x8004159d
     317715.000 ns	     31770	800067ec	13087b13	andi	x22,x16,304	 x16:0xffffffef x22=0x00000120
     317725.000 ns	     31771	800067f0	8490ec13	ori	x24,x1,-1975	  x1:0x00000001 x24=0xfffff849
     317735.000 ns	     31772	800067f4	014a5213	srli	x4,x20,0x14	 x20:0x80040fe4  x4=0x00000800
     317755.000 ns	     31774	800067f8	e0041b53	fclass.s	x22,f8	  f8:0xcefff7e0 x22=0x00000002
     317785.000 ns	     31777	800067fc	21c824d3	fsgnjx.s	f9,f16,f28	 f16:0x45ac381f f28:0x45ac381f  f9=0x45ac381f
     317815.000 ns	     31780	80006800	297a1ad3	fmax.s	f21,f20,f23	 f20:0x7fc00000 f23:0x4c738e26 f21=0x4c738e26
     317845.000 ns	     31783	80006804	a0031e53	flt.s	x28,f6,f0	  f6:0x7fc00000  f0:0x4c738e26 x28=0x00000000
     319025.000 ns	     31901	80006808	5806f0d3	fsqrt.s	f1,f13	 f13:0x43690000  f1=0x4124c17e
     319055.000 ns	     31904	8000680c	c01a8bd3	fcvt.wu.s	x23,f21	 f21:0x4c738e26 x23=0x03ce3898
     319085.000 ns	     31907	80006810	d0027f53	fcvt.s.w	f30,x4	  x4:0x00000800 f30=0x45000000
     319115.000 ns	     31910	80006814	e0058153	fmv.x.w	x2,f11	 f11:0x00000000  x2=0x00000000
     319135.000 ns	     31912	80006818	01ab17b3	sll	x15,x22,x26	 x22:0x00000002 x26:0x63916000 x15=0x00000002
     319155.000 ns	     31914	8000681c	e00b16d3	fclass.s	x13,f22	 f22:0x00000000 x13=0x00000010
     319195.000 ns	     31918	80006820	10da7853	fmul.s	f16,f20,f13	 f20:0x7fc00000 f13:0x43690000 f16=0x7fc00000
     319225.000 ns	     31921	80006824	201023d3	fsgnjx.s	f7,f0,f1	  f0:0x4c738e26  f1:0x4124c17e  f7=0x4c738e26
     319595.000 ns	     31958	80006828	0399efb3	rem	x31,x19,x25	 x19:0xfc31c41b x25:0x7fc00000 x31=0xfc31c41b
     319635.000 ns	     31962	8000682c	18167a53	fdiv.s	f20,f12,f1	 f12:0x80000000  f1:0x4124c17e f20=0x80000000
     319655.000 ns	     31964	80006830	00373b33	sltu	x22,x14,x3	 x14:0x00000000  x3:0x00000000 x22=0x00000000
     319675.000 ns	     31966	80006834	e00c05d3	fmv.x.w	x11,f24	 f24:0xcc7388c4 x11=0xcc7388c4
     319695.000 ns	     31968	80006838	226df093	andi	x1,x27,550	 x27:0x80041024  x1=0x00000024
     319715.000 ns	     31970	8000683c	03692cb3	mulhsu	x25,x18,x22	 x18:0x7fffffff x22:0x00000000 x25=0x00000000
     319745.000 ns	     31973	80006840	a1200253	fle.s	x4,f0,f18	  f0:0x4c738e26 f18:0x7fc00000  x4=0x00000000
     319785.000 ns	     31977	80006844	580c32d3	fsqrt.s	f5,f24	 f24:0xcc7388c4  f5=0x7fc00000
     319815.000 ns	     31980	80006848	d01115d3	fcvt.s.wu	f11,x2	  x2:0x00000000 f11=0x00000000
     319845.000 ns	     31983	8000684c	a0870753	fle.s	x14,f14,f8	 f14:0x7fc00000  f8:0xcefff7e0 x14=0x00000000
     319875.000 ns	     31986	80006850	a1d0a7d3	feq.s	x15,f1,f29	  f1:0x4124c17e f29:0x529ce80b x15=0x00000000
     319895.000 ns	     31988	80006854	4181e717	auipc	x14,0x4181e	 x14=0xc1824854
     319915.000 ns	     31990	80006858	a1b58bd3	fle.s	x23,f11,f27	 f11:0x00000000 f27:0xc3690000 x23=0x00000000
     319945.000 ns	     31993	8000685c	02d13033	mulhu	x0,x2,x13	  x2:0x00000000 x13:0x00000010
     319975.000 ns	     31996	80006860	02bb34b3	mulhu	x9,x22,x11	 x22:0x00000000 x11:0xcc7388c4  x9=0x00000000
     320015.000 ns	     32000	80006864	192b7753	fdiv.s	f14,f22,f18	 f22:0x00000000 f18:0x7fc00000 f14=0x7fc00000
     320045.000 ns	     32003	80006868	a14192d3	flt.s	x5,f3,f20	  f3:0x7fc00000 f20:0x80000000  x5=0x00000000
     320075.000 ns	     32006	8000686c	d009f6d3	fcvt.s.w	f13,x19	 x19:0xfc31c41b f13=0xcc738ef9
     320115.000 ns	     32010	80006870	187d7ad3	fdiv.s	f21,f26,f7	 f26:0x7fc00000  f7:0x4c738e26 f21=0x7fc00000
     320135.000 ns	     32012	80006874	0025e633	or	x12,x11,x2	 x11:0xcc7388c4  x2:0x00000000 x12=0xcc7388c4
     320155.000 ns	     32014	80006878	0229cf33	div	x30,x19,x2	 x19:0xfc31c41b  x2:0x00000000 x30=0xffffffff
     320185.000 ns	     32017	8000687c	a0bd98d3	flt.s	x17,f27,f11	 f27:0xc3690000 f11:0x00000000 x17=0x00000001
     320205.000 ns	     32019	80006880	00000013	addi	x0,x0,0	  x0:0x00000000
     320215.000 ns	     32020	80006884	40c75e93	srai	x29,x14,0xc	 x14:0xc1824854 x29=0xfffc1824
     320225.000 ns	     32021	80006888	00000013	addi	x0,x0,0	  x0:0x00000000
     320245.000 ns	     32023	8000688c	026ebab3	mulhu	x21,x29,x6	 x29:0x00000000  x6:0x00000200 x21=0x000001ff
     320285.000 ns	     32027	80006890	182778d3	fdiv.s	f17,f14,f2	 f14:0x7fc00000  f2:0x4c738e26 f17=0x7fc00000
     320305.000 ns	     32029	80006894	008e1e13	slli	x28,x28,0x8	 x28:0x00000000 x28=0x00000000
     320325.000 ns	     32031	80006898	c0102953	fcvt.wu.s	x18,f0	  f0:0x4c738e26 x18=0x03ce3898
     320345.000 ns	     32033	8000689c	40620c33	sub	x24,x4,x6	  x4:0x00000000  x6:0x00000200 x24=0xfffffe00
     320355.000 ns	     32034	800068a0	00a0d613	srli	x12,x1,0xa	  x1:0x00000024 x12=0x00000000
     320385.000 ns	     32037	800068a4	580475d3	fsqrt.s	f11,f8	  f8:0xcefff7e0 f11=0x7fc00000
     320415.000 ns	     32040	800068a8	28861153	fmax.s	f2,f12,f8	 f12:0x80000000  f8:0xcefff7e0  f2=0x80000000
     320445.000 ns	     32043	800068ac	29b60d53	fmin.s	f26,f12,f27	 f12:0x80000000 f27:0xc3690000 f26=0xc3690000
     320495.000 ns	     32048	800068b0	00c7f1d3	fadd.s	f3,f15,f12	 f15:0x43690000 f12:0x80000000  f3=0x43690000
     320515.000 ns	     32050	800068b4	0054e4b3	or	x9,x9,x5	  x9:0x00000000  x5:0x00000000  x9=0x00000000
     320545.000 ns	     32053	800068b8	105d1e53	fmul.s	f28,f26,f5	 f26:0xc3690000  f5:0x7fc00000 f28=0x7fc00000
     320565.000 ns	     32055	800068bc	4007d433	sra	x8,x15,x0	 x15:0x00000000  x0:0x00000000  x8=0x00000000
     320585.000 ns	     32057	800068c0	a1e20b53	fle.s	x22,f4,f30	  f4:0xc5a4f01f f30:0x45000000 x22=0x00000001
     320615.000 ns	     32060	800068c4	03cff733	remu	x14,x31,x28	 x31:0xfc31c41b x28:0x00000000 x14=0xfc31c41b
     320645.000 ns	     32063	800068c8	03df1033	mulh	x0,x30,x29	 x30:0xffffffff x29:0xfffc1824
     320665.000 ns	     32065	800068cc	0045c6b3	xor	x13,x11,x4	 x11:0xcc7388c4  x4:0x00000000 x13=0xcc7388c4
     320675.000 ns	     32066	800068d0	000c8b33	add	x22,x25,x0	 x25:0x00000000  x0:0x00000000 x22=0x00000000
     320685.000 ns	     32067	800068d4	40568333	sub	x6,x13,x5	 x13:0x00000010  x5:0x00000000  x6=0xcc7388c4
     320705.000 ns	     32069	800068d8	03cd36b3	mulhu	x13,x26,x28	 x26:0x63916000 x28:0x00000000 x13=0x00000000
     320725.000 ns	     32071	800068dc	00dc6233	or	x4,x24,x13	 x24:0xfffffe00 x13:0xcc7388c4  x4=0xfffffe00
     320745.000 ns	     32073	800068e0	c003ff53	fcvt.w.s	x30,f7	  f7:0x4c738e26 x30=0x03ce3898
     320775.000 ns	     32076	800068e4	c0151f53	fcvt.wu.s	x30,f10	 f10:0x7fc00000 x30=0xffffffff
     320805.000 ns	     32079	800068e8	28811a53	fmax.s	f20,f2,f8	  f2:0x80000000  f8:0xcefff7e0 f20=0x80000000
     320835.000 ns	     32082	800068ec	02c8cbb3	div	x23,x17,x12	 x17:0x00000001 x12:0x00000000 x23=0xffffffff
     320855.000 ns	     32084	800068f0	00d9d713	srli	x14,x19,0xd	 x19:0xfc31c41b x14=0x0007e18e
     320865.000 ns	     32085	800068f4	7ca76c13	ori	x24,x14,1994	 x14:0xfc31c41b x24=0x0007e7ce
     320885.000 ns	     32087	800068f8	21c19353	fsgnjn.s	f6,f3,f28	  f3:0x43690000 f28:0x7fc00000  f6=0xc3690000
     320915.000 ns	     32090	800068fc	a03883d3	fle.s	x7,f17,f3	 f17:0x7fc00000  f3:0x43690000  x7=0x00000000
     320945.000 ns	     32093	80006900	20cc2653	fsgnjx.s	f12,f24,f12	 f24:0xcc7388c4 f12:0x80000000 f12=0x4c7388c4
     320975.000 ns	     32096	80006904	f0088ad3	fmv.w.x	f21,x17	 x17:0x00000001 f21=0x00000001
     321005.000 ns	     32099	80006908	21a09c53	fsgnjn.s	f24,f1,f26	  f1:0x4124c17e f26:0xc3690000 f24=0x4124c17e
     321035.000 ns	     32102	8000690c	028135b3	mulhu	x11,x2,x8	  x2:0x00000000  x8:0x00000000 x11=0x00000000
     321055.000 ns	     32104	80006910	415a5133	sra	x2,x20,x21	 x20:0x80040fe4 x21:0x000001ff  x2=0xffffffff
     321085.000 ns	     32107	80006914	11c5f053	fmul.s	f0,f11,f28	 f11:0x7fc00000 f28:0x7fc00000  f0=0x7fc00000
     321105.000 ns	     32109	80006918	41945f33	sra	x30,x8,x25	  x8:0x00000000 x25:0x00000000 x30=0x00000000
     321115.000 ns	     32110	8000691c	011991b3	sll	x3,x19,x17	 x19:0xfc31c41b x17:0x00000001  x3=0xf8638836
     321145.000 ns	     32113	80006920	580dfad3	fsqrt.s	f21,f27	 f27:0xc3690000 f21=0x7fc00000
     321165.000 ns	     32115	80006924	01b327b3	slt	x15,x6,x27	  x6:0xcc7388c4 x27:0x80041024 x15=0x00000000
     321185.000 ns	     32117	80006928	c0194253	fcvt.wu.s	x4,f18	 f18:0x7fc00000  x4=0xffffffff
     321215.000 ns	     32120	8000692c	a18ba553	feq.s	x10,f23,f24	 f23:0x4c738e26 f24:0x4124c17e x10=0x00000000
     321235.000 ns	     32122	80006930	00000013	addi	x0,x0,0	  x0:0x00000000
     321245.000 ns	     32123	80006934	e671d7b7	lui	x15,0xe671d	 x15=0xe671d000
     321265.000 ns	     32125	80006938	02a840b3	div	x1,x16,x10	 x16:0xffffffef x10:0x00000000  x1=0xffffffff
     321285.000 ns	     32127	8000693c	0177e833	or	x16,x15,x23	 x15:0x00000000 x23:0xffffffff x16=0xffffffff
     321315.000 ns	     32130	80006940	58097f53	fsqrt.s	f30,f18	 f18:0x7fc00000 f30=0x7fc00000
     321345.000 ns	     32133	80006944	f00086d3	fmv.w.x	f13,x1	  x1:0xffffffff f13=0xffffffff
     322285.000 ns	     32227	80006948	580bf5d3	fsqrt.s	f11,f23	 f23:0x4c738e26 f11=0x45ac381f
     322315.000 ns	     32230	8000694c	a0cc22d3	feq.s	x5,f24,f12	 f24:0x4124c17e f12:0x4c7388c4  x5=0x00000000
     322345.000 ns	     32233	80006950	03971ab3	mulh	x21,x14,x25	 x14:0x0007e18e x25:0x00000000 x21=0x00000000
     322365.000 ns	     32235	80006954	00000013	addi	x0,x0,0	  x0:0x00000000
     322375.000 ns	     32236	80006958	4095dc33	sra	x24,x11,x9	 x11:0x00000000  x9:0x00000000 x24=0x00000000
     322395.000 ns	     32238	8000695c	025e26b3	mulhsu	x13,x28,x5	 x28:0x00000000  x5:0x00000000 x13=0x00000000
     322425.000 ns	     32241	80006960	c00b08d3	fcvt.w.s	x17,f22	 f22:0x00000000 x17=0x00000000
     322455.000 ns	     32244	80006964	f0008553	fmv.w.x	f10,x1	  x1:0xffffffff f10=0xffffffff
     322485.000 ns	     32247	80006968	c01123d3	fcvt.wu.s	x7,f2	  f2:0x80000000  x7=0x00000000
     322515.000 ns	     32250	8000696c	03c13c33	mulhu	x24,x2,x28	  x2:0xffffffff x28:0x00000000 x24=0x00000000
     322535.000 ns	     32252	80006970	01909ab3	sll	x21,x1,x25	  x1:0xffffffff x25:0x00000000 x21=0xffffffff
     322555.000 ns	     32254	80006974	20709053	fsgnjn.s	f0,f1,f7	  f1:0x4124c17e  f7:0x4c738e26  f0=0xc124c17e
     322585.000 ns	     32257	80006978	a06d9153	flt.s	x2,f27,f6	 f27:0xc3690000  f6:0xc3690000  x2=0x00000000
     322615.000 ns	     32260	8000697c	d016a6d3	fcvt.s.wu	f13,x13	 x13:0x00000000 f13=0x00000000
     322645.000 ns	     32263	80006980	c0079353	fcvt.w.s	x6,f15	 f15:0x43690000  x6=0x000000e9
     322675.000 ns	     32266	80006984	033dac33	mulhsu	x24,x27,x19	 x27:0x80041024 x19:0xfc31c41b x24=0x81eb1ea0
     322695.000 ns	     32268	80006988	018bbbb3	sltu	x23,x23,x24	 x23:0xffffffff x24:0x00000000 x23=0x00000000
     322705.000 ns	     32269	8000698c	45e2a813	slti	x16,x5,1118	  x5:0x00000000 x16=0x00000001
     322725.000 ns	     32271	80006990	02890cb3	mul	x25,x18,x8	 x18:0x03ce3898  x8:0x00000000 x25=0x00000000
     322745.000 ns	     32273	80006994	01acefb3	or	x31,x25,x26	 x25:0x00000000 x26:0x63916000 x31=0x63916000
     322785.000 ns	     32277	80006998	08911fd3	fsub.s	f31,f2,f9	  f2:0x80000000  f9:0x45ac381f f31=0xc5ac381f
     322815.000 ns	     32280	8000699c	a0a59fd3	flt.s	x31,f11,f10	 f11:0x45ac381f f10:0xffffffff x31=0x00000000
     322845.000 ns	     32283	800069a0	218ea1d3	fsgnjx.s	f3,f29,f24	 f29:0x529ce80b f24:0x4124c17e  f3=0x529ce80b
     322865.000 ns	     32285	800069a4	1422cb93	xori	x23,x5,322	  x5:0x00000000 x23=0x00000142
     322885.000 ns	     32287	800069a8	a1d68ed3	fle.s	x29,f13,f29	 f13:0x00000000 f29:0x529ce80b x29=0x00000001
     322905.000 ns	     32289	800069ac	018c47b3	xor	x15,x24,x24	 x24:0x81eb1ea0 x24:0x81eb1ea0 x15=0x00000000
     322915.000 ns	     32290	800069b0	3f00c313	xori	x6,x1,1008	  x1:0xffffffff  x6=0xfffffc0f
     322935.000 ns	     32292	800069b4	02f41eb3	mulh	x29,x8,x15	  x8:0x00000000 x15:0xe671d000 x29=0x00000000
     322975.000 ns	     32296	800069b8	580a2853	fsqrt.s	f16,f20	 f20:0x80000000 f16=0x80000000
     323345.000 ns	     32333	800069bc	03a1c533	div	x10,x3,x26	  x3:0xf8638836 x26:0x63916000 x10=0x00000000
     323375.000 ns	     32336	800069c0	03fd96b3	mulh	x13,x27,x31	 x27:0x80041024 x31:0x00000000 x13=0x00000000
     323395.000 ns	     32338	800069c4	019a1333	sll	x6,x20,x25	 x20:0x80040fe4 x25:0x00000000  x6=0x80040fe4
     323415.000 ns	     32340	800069c8	c004b653	fcvt.w.s	x12,f9	  f9:0x45ac381f x12=0x00001588
     323435.000 ns	     32342	800069cc	ac208b93	addi	x23,x1,-1342	  x1:0xffffffff x23=0xfffffac1
     323455.000 ns	     32344	800069d0	28149d53	fmax.s	f26,f9,f1	  f9:0x45ac381f  f1:0x4124c17e f26=0x45ac381f
     323475.000 ns	     32346	800069d4	4010dc33	sra	x24,x1,x1	  x1:0xffffffff  x1:0xffffffff x24=0xffffffff
     323495.000 ns	     32348	800069d8	c0087753	fcvt.w.s	x14,f16	 f16:0x80000000 x14=0x00000000
     323515.000 ns	     32350	800069dc	01e48d33	add	x26,x9,x30	  x9:0x00000000 x30:0x00000000 x26=0x00000000
     323535.000 ns	     32352	800069e0	0275d0b3	divu	x1,x11,x7	 x11:0x00000000  x7:0x00000000  x1=0xffffffff
     323565.000 ns	     32355	800069e4	02171333	mulh	x6,x14,x1	 x14:0x00000000  x1:0xffffffff  x6=0x00000000
     323595.000 ns	     32358	800069e8	293b9cd3	fmax.s	f25,f23,f19	 f23:0x4c738e26 f19:0x00000000 f25=0x4c738e26
     323625.000 ns	     32361	800069ec	c01074d3	fcvt.wu.s	x9,f0	  f0:0xc124c17e  x9=0x0000000a
     323645.000 ns	     32363	800069f0	dbdd3c13	sltiu	x24,x26,-579	 x26:0x00000000 x24=0x00000001
     323655.000 ns	     32364	800069f4	00e50f33	add	x30,x10,x14	 x10:0x00000000 x14:0x00000000 x30=0x00000000
     323665.000 ns	     32365	800069f8	01aad433	srl	x8,x21,x26	 x21:0xffffffff x26:0x00000000  x8=0xffffffff
     323685.000 ns	     32367	800069fc	a0521053	flt.s	x0,f4,f5	  f4:0xc5a4f01f  f5:0x7fc00000
     323705.000 ns	     32369	80006a00	c08a6193	ori	x3,x20,-1016	 x20:0x80040fe4  x3=0xffffffec
     323725.000 ns	     32371	80006a04	217b8ad3	fsgnj.s	f21,f23,f23	 f23:0x4c738e26 f23:0x4c738e26 f21=0x4c738e26
     323745.000 ns	     32373	80006a08	e6e30ab7	lui	x21,0xe6e30	 x21=0xe6e30000
     323755.000 ns	     32374	80006a0c	a841ec93	ori	x25,x3,-1404	  x3:0xffffffec x25=0xffffffec
     323765.000 ns	     32375	80006a10	40edd893	srai	x17,x27,0xe	 x27:0x80041024 x17=0xfffe0010
     323785.000 ns	     32377	80006a14	a1d915d3	flt.s	x11,f18,f29	 f18:0x7fc00000 f29:0x529ce80b x11=0x00000000
     323815.000 ns	     32380	80006a18	02ae2533	mulhsu	x10,x28,x10	 x28:0x00000000 x10:0x00000000 x10=0x00000000
     323835.000 ns	     32382	80006a1c	00100bb3	add	x23,x0,x1	  x0:0x00000000  x1:0xffffffff x23=0xffffffff
     323855.000 ns	     32384	80006a20	03b09833	mulh	x16,x1,x27	  x1:0xffffffff x27:0x80041024 x16=0x00000000
     323875.000 ns	     32386	80006a24	00b01e13	slli	x28,x0,0xb	  x0:0x00000000 x28=0x00000000
     323885.000 ns	     32387	80006a28	d8573937	lui	x18,0xd8573	 x18=0xd8573000
     323895.000 ns	     32388	80006a2c	01070ab3	add	x21,x14,x16	 x14:0x00000000 x16:0x00000000 x21=0x00000000
     323915.000 ns	     32390	80006a30	283584d3	fmin.s	f9,f11,f3	 f11:0x45ac381f  f3:0x529ce80b  f9=0x45ac381f
     323935.000 ns	     32392	80006a34	01565893	srli	x17,x12,0x15	 x12:0x00001588 x17=0x00000000
     323955.000 ns	     32394	80006a38	c0007d53	fcvt.w.s	x26,f0	  f0:0xc124c17e x26=0x0000000a
     323975.000 ns	     32396	80006a3c	2bd92e93	slti	x29,x18,701	 x18:0xd8573000 x29=0x00000001
     323985.000 ns	     32397	80006a40	41b2df33	sra	x30,x5,x27	  x5:0x00000000 x27:0x80041024 x30=0x00000000
     324005.000 ns	     32399	80006a44	a0d52ad3	feq.s	x21,f10,f13	 f10:0xffffffff f13:0x00000000 x21=0x00000000
     324035.000 ns	     32402	80006a48	a18b04d3	fle.s	x9,f22,f24	 f22:0x00000000 f24:0x4124c17e  x9=0x00000001
     324065.000 ns	     32405	80006a4c	d00c0d53	fcvt.s.w	f26,x24	 x24:0x00000001 f26=0x3f800000
     324095.000 ns	     32408	80006a50	020feab3	rem	x21,x31,x0	 x31:0x00000000  x0:0x00000000 x21=0x00000000
     324125.000 ns	     32411	80006a54	032b1b33	mulh	x22,x22,x18	 x22:0x00000000 x18:0xd8573000 x22=0x00000000
     324155.000 ns	     32414	80006a58	02a3ac33	mulhsu	x24,x7,x10	  x7:0x00000000 x10:0x00000000 x24=0x00000000
     324175.000 ns	     32416	80006a5c	83e50c13	addi	x24,x10,-1986	 x10:0x00000000 x24=0xfffff83e
     324185.000 ns	     32417	80006a60	00229b13	slli	x22,x5,0x2	  x5:0x00000000 x22=0x00000000
     324195.000 ns	     32418	80006a64	0108d793	srli	x15,x17,0x10	 x17:0x00000000 x15=0x00000000
     324215.000 ns	     32420	80006a68	0317b333	mulhu	x6,x15,x17	 x15:0x00000000 x17:0x00000000  x6=0x00000000
     324235.000 ns	     32422	80006a6c	01abd233	srl	x4,x23,x26	 x23:0xffffffff x26:0x0000000a  x4=0x003fffff
     324245.000 ns	     32423	80006a70	001932b3	sltu	x5,x18,x1	 x18:0xd8573000  x1:0xffffffff  x5=0x00000001
     324255.000 ns	     32424	80006a74	418adeb3	sra	x29,x21,x24	 x21:0x00000000 x24:0xfffff83e x29=0x00000000
     324265.000 ns	     32425	80006a78	63542313	slti	x6,x8,1589	  x8:0xffffffff  x6=0x00000001
     324275.000 ns	     32426	80006a7c	4089df93	srai	x31,x19,0x8	 x19:0xfc31c41b x31=0xfffc31c4
     324295.000 ns	     32428	80006a80	c00a1753	fcvt.w.s	x14,f20	 f20:0x80000000 x14=0x00000000
     324325.000 ns	     32431	80006a84	e00c02d3	fmv.x.w	x5,f24	 f24:0x4124c17e  x5=0x4124c17e
     324345.000 ns	     32433	80006a88	622c3413	sltiu	x8,x24,1570	 x24:0xfffff83e  x8=0x00000000
     324365.000 ns	     32435	80006a8c	a01c94d3	flt.s	x9,f25,f1	 f25:0x4c738e26  f1:0x4124c17e  x9=0x00000000
     324405.000 ns	     32439	80006a90	192574d3	fdiv.s	f9,f10,f18	 f10:0xffffffff f18:0x7fc00000  f9=0x7fc00000
     324445.000 ns	     32443	80006a94	580a19d3	fsqrt.s	f19,f20	 f20:0x80000000 f19=0x80000000
     324465.000 ns	     32445	80006a98	ebf53c93	sltiu	x25,x10,-321	 x10:0x00000000 x25=0x00000001
     324475.000 ns	     32446	80006a9c	01e8efb3	or	x31,x17,x30	 x17:0x00000000 x30:0x00000000 x31=0x00000000
     324835.000 ns	     32482	80006aa0	0217c333	div	x6,x15,x1	 x15:0x00000000  x1:0xffffffff  x6=0x00000000
     324865.000 ns	     32485	80006aa4	c00cf4d3	fcvt.w.s	x9,f25	 f25:0x4c738e26  x9=0x03ce3898
     324895.000 ns	     32488	80006aa8	e00b92d3	fclass.s	x5,f23	 f23:0x4c738e26  x5=0x00000040
     324935.000 ns	     32492	80006aac	19168353	fdiv.s	f6,f13,f17	 f13:0x00000000 f17:0x7fc00000  f6=0x7fc00000
     325305.000 ns	     32529	80006ab0	02937ab3	remu	x21,x6,x9	  x6:0x00000000  x9:0x03ce3898 x21=0x00000000
     325325.000 ns	     32531	80006ab4	e3ed3793	sltiu	x15,x26,-450	 x26:0x0000000a x15=0x00000001
     325345.000 ns	     32533	80006ab8	e0070c53	fmv.x.w	x24,f14	 f14:0x7fc00000 x24=0x7fc00000
     325365.000 ns	     32535	80006abc	405ddb33	sra	x22,x27,x5	 x27:0x80041024  x5:0x00000040 x22=0x80041024
     325375.000 ns	     32536	80006ac0	01894e33	xor	x28,x18,x24	 x18:0xd8573000 x24:0x7fc00000 x28=0xa7973000
     325735.000 ns	     32572	80006ac4	0248e833	rem	x16,x17,x4	 x17:0x00000000  x4:0x003fffff x16=0x00000000
     325765.000 ns	     32575	80006ac8	a11280d3	fle.s	x1,f5,f17	  f5:0x7fc00000 f17:0x7fc00000  x1=0x00000000
     325785.000 ns	     32577	80006acc	b10fea93	ori	x21,x31,-1264	 x31:0x00000000 x21=0xfffffb10
     325795.000 ns	     32578	80006ad0	24874813	xori	x16,x14,584	 x14:0x00000000 x16=0x00000248
     325805.000 ns	     32579	80006ad4	0018e833	or	x16,x17,x1	 x17:0x00000000  x1:0x00000000 x16=0x00000000
     325815.000 ns	     32580	80006ad8	5dadff93	andi	x31,x27,1498	 x27:0x80041024 x31=0x00000000
     325835.000 ns	     32582	80006adc	298405d3	fmin.s	f11,f8,f24	  f8:0xcefff7e0 f24:0x4124c17e f11=0xcefff7e0
     325855.000 ns	     32584	80006ae0	01fac3b3	xor	x7,x21,x31	 x21:0xfffffb10 x31:0x00000000  x7=0xfffffb10
     325875.000 ns	     32586	80006ae4	02ab7e33	remu	x28,x22,x10	 x22:0x80041024 x10:0x00000000 x28=0x80041024
     325895.000 ns	     32588	80006ae8	014be1b3	or	x3,x23,x20	 x23:0xffffffff x20:0x80040fe4  x3=0xffffffff
     325915.000 ns	     32590	80006aec	c0087f53	fcvt.w.s	x30,f16	 f16:0x80000000 x30=0x00000000
     325935.000 ns	     32592	80006af0	4108d113	srai	x2,x17,0x10	 x17:0x00000000  x2=0x00000000
     325945.000 ns	     32593	80006af4	b9c27f13	andi	x30,x4,-1124	  x4:0x003fffff x30=0x003ffb9c
     325955.000 ns	     32594	80006af8	0008b8b3	sltu	x17,x17,x0	 x17:0x00000000  x0:0x00000000 x17=0x00000000
     325975.000 ns	     32596	80006afc	a12015d3	flt.s	x11,f0,f18	  f0:0xc124c17e f18:0x7fc00000 x11=0x00000000
     325995.000 ns	     32598	80006b00	01f84033	xor	x0,x16,x31	 x16:0x00000000 x31:0x00000000
     326015.000 ns	     32600	80006b04	20baad53	fsgnjx.s	f26,f21,f11	 f21:0x4c738e26 f11:0xcefff7e0 f26=0xcc738e26
     326045.000 ns	     32603	80006b08	a12d9ed3	flt.s	x29,f27,f18	 f27:0xc3690000 f18:0x7fc00000 x29=0x00000000
     326065.000 ns	     32605	80006b0c	00c75693	srli	x13,x14,0xc	 x14:0x00000000 x13=0x00000000
     326075.000 ns	     32606	80006b10	f5a3f113	andi	x2,x7,-166	  x7:0xfffffb10  x2=0xfffffb10
     326085.000 ns	     32607	80006b14	00000013	addi	x0,x0,0	  x0:0x00000000
     326415.000 ns	     32640	80006b18	19f59c53	fdiv.s	f24,f11,f31	 f11:0xcefff7e0 f31:0xc5ac381f f24=0x48c89c68
     326445.000 ns	     32643	80006b1c	f00d0753	fmv.w.x	f14,x26	 x26:0x0000000a f14=0x0000000a
     326485.000 ns	     32647	80006b20	58084153	fsqrt.s	f2,f16	 f16:0x80000000  f2=0x80000000
     326505.000 ns	     32649	80006b24	01b2dab3	srl	x21,x5,x27	  x5:0x00000040 x27:0x80041024 x21=0x00000004
     326515.000 ns	     32650	80006b28	4f1fc493	xori	x9,x31,1265	 x31:0x00000000  x9=0x000004f1
     326845.000 ns	     32683	80006b2c	18407fd3	fdiv.s	f31,f0,f4	  f0:0xc124c17e  f4:0xc5a4f01f f31=0x3abede3c
     326875.000 ns	     32686	80006b30	20858553	fsgnj.s	f10,f11,f8	 f11:0xcefff7e0  f8:0xcefff7e0 f10=0xcefff7e0
     326905.000 ns	     32689	80006b34	a0432553	feq.s	x10,f6,f4	  f6:0x7fc00000  f4:0xc5a4f01f x10=0x00000000
     326935.000 ns	     32692	80006b38	02d5dcb3	divu	x25,x11,x13	 x11:0x00000000 x13:0x00000000 x25=0xffffffff
     326965.000 ns	     32695	80006b3c	0286e2b3	rem	x5,x13,x8	 x13:0x00000000  x8:0x00000000  x5=0x00000000
     326995.000 ns	     32698	80006b40	c00372d3	fcvt.w.s	x5,f6	  f6:0x7fc00000  x5=0x7fffffff
     327025.000 ns	     32701	80006b44	02b81933	mulh	x18,x16,x11	 x16:0x00000000 x11:0x00000000 x18=0x00000000
     327045.000 ns	     32703	80006b48	01d6e633	or	x12,x13,x29	 x13:0x00000000 x29:0x00000000 x12=0x00000000
     327065.000 ns	     32705	80006b4c	a1b10753	fle.s	x14,f2,f27	  f2:0x80000000 f27:0xc3690000 x14=0x00000000
     327085.000 ns	     32707	80006b50	b77af893	andi	x17,x21,-1161	 x21:0x00000004 x17=0x00000004
     327105.000 ns	     32709	80006b54	28ec84d3	fmin.s	f9,f25,f14	 f25:0x4c738e26 f14:0x0000000a  f9=0x0000000a
     327125.000 ns	     32711	80006b58	012e9813	slli	x16,x29,0x12	 x29:0x00000000 x16=0x00000000
     327135.000 ns	     32712	80006b5c	0041dcb3	srl	x25,x3,x4	  x3:0xffffffff  x4:0x003fffff x25=0x00000001
     327155.000 ns	     32714	80006b60	03a801b3	mul	x3,x16,x26	 x16:0x00000000 x26:0x0000000a  x3=0x00000000
     327185.000 ns	     32717	80006b64	28aa05d3	fmin.s	f11,f20,f10	 f20:0x80000000 f10:0xcefff7e0 f11=0xcefff7e0
     327215.000 ns	     32720	80006b68	026d4ab3	div	x21,x26,x6	 x26:0x0000000a  x6:0x00000000 x21=0xffffffff
     327245.000 ns	     32723	80006b6c	e0049fd3	fclass.s	x31,f9	  f9:0x0000000a x31=0x00000020
     327265.000 ns	     32725	80006b70	006dce33	xor	x28,x27,x6	 x27:0x80041024  x6:0x00000000 x28=0x80041024
     327285.000 ns	     32727	80006b74	f0000bd3	fmv.w.x	f23,x0	  x0:0x00000000 f23=0x00000000
     327305.000 ns	     32729	80006b78	41d15ab3	sra	x21,x2,x29	  x2:0xfffffb10 x29:0x00000000 x21=0xfffffb10
     327345.000 ns	     32733	80006b7c	010d7c53	fadd.s	f24,f26,f16	 f26:0xcc738e26 f16:0x80000000 f24=0xcc738e26
     327375.000 ns	     32736	80006b80	c01478d3	fcvt.wu.s	x17,f8	  f8:0xcefff7e0 x17=0x7ffbf000
     327395.000 ns	     32738	80006b84	008578b3	and	x17,x10,x8	 x10:0x00000000  x8:0x00000000 x17=0x00000000
     327435.000 ns	     32742	80006b88	0990a353	fsub.s	f6,f1,f25	  f1:0x4124c17e f25:0x4c738e26  f6=0xcc738e24
     327465.000 ns	     32745	80006b8c	29511353	fmax.s	f6,f2,f21	  f2:0x80000000 f21:0x4c738e26  f6=0x4c738e26
     327495.000 ns	     32748	80006b90	f00f8ad3	fmv.w.x	f21,x31	 x31:0x00000020 f21=0x00000020
     327515.000 ns	     32750	80006b94	406fd433	sra	x8,x31,x6	 x31:0x00000020  x6:0x00000000  x8=0x00000020
     327525.000 ns	     32751	80006b98	41185713	srai	x14,x16,0x11	 x16:0x00000000 x14=0x00000000
     327535.000 ns	     32752	80006b9c	00641b13	slli	x22,x8,0x6	  x8:0x00000000 x22=0x00000800
     327545.000 ns	     32753	80006ba0	00c0c633	xor	x12,x1,x12	  x1:0x00000000 x12:0x00000000 x12=0x00000000
     327905.000 ns	     32789	80006ba4	0254cfb3	div	x31,x9,x5	  x9:0x000004f1  x5:0x7fffffff x31=0x00000000
     327925.000 ns	     32791	80006ba8	8e7be293	ori	x5,x23,-1817	 x23:0xffffffff  x5=0xffffffff
     327935.000 ns	     32792	80006bac	f2b7e093	ori	x1,x15,-213	 x15:0x00000001  x1=0xffffff2b
     327955.000 ns	     32794	80006bb0	d00ef7d3	fcvt.s.w	f15,x29	 x29:0x00000000 f15=0x00000000
     327975.000 ns	     32796	80006bb4	40ed5533	sra	x10,x26,x14	 x26:0x0000000a x14:0x00000000 x10=0x0000000a
     327985.000 ns	     32797	80006bb8	00291c13	slli	x24,x18,0x2	 x18:0x00000000 x24=0x00000000
     328005.000 ns	     32799	80006bbc	d0127653	fcvt.s.wu	f12,x4	  x4:0x003fffff f12=0x4a7ffffc
     328035.000 ns	     32802	80006bc0	e0039e53	fclass.s	x28,f7	  f7:0x4c738e26 x28=0x00000040
     328055.000 ns	     32804	80006bc4	ec42c293	xori	x5,x5,-316	  x5:0xffffffff  x5=0x0000013b
     328065.000 ns	     32805	80006bc8	405dd6b3	sra	x13,x27,x5	 x27:0x80041024  x5:0xffffffff x13=0xfffffff0
     328075.000 ns	     32806	80006bcc	2a913a93	sltiu	x21,x2,681	  x2:0xfffffb10 x21=0x00000000
     328085.000 ns	     32807	80006bd0	01ebd3b3	srl	x7,x23,x30	 x23:0xffffffff x30:0x003ffb9c  x7=0x0000000f
     328095.000 ns	     32808	80006bd4	d6e5c193	xori	x3,x11,-658	 x11:0x00000000  x3=0xfffffd6e
     328115.000 ns	     32810	80006bd8	20bc9fd3	fsgnjn.s	f31,f25,f11	 f25:0x4c738e26 f11:0xcefff7e0 f31=0x4c738e26
     329295.000 ns	     32928	80006bdc	5800ced3	fsqrt.s	f29,f1	  f1:0x4124c17e f29=0x3fe8ff7a
     329325.000 ns	     32931	80006be0	a14b2b53	feq.s	x22,f22,f20	 f22:0x00000000 f20:0x80000000 x22=0x00000001
     329355.000 ns	     32934	80006be4	0389e933	rem	x18,x19,x24	 x19:0xfc31c41b x24:0x00000000 x18=0xfc31c41b
     329375.000 ns	     32936	80006be8	01a9e533	or	x10,x19,x26	 x19:0xfc31c41b x26:0x0000000a x10=0xfc31c41b
     329395.000 ns	     32938	80006bec	29269a53	fmax.s	f20,f13,f18	 f13:0x00000000 f18:0x7fc00000 f20=0x00000000
     329415.000 ns	     32940	80006bf0	8ddd7637	lui	x12,0x8ddd7	 x12=0x8ddd7000
     329425.000 ns	     32941	80006bf4	0026c233	xor	x4,x13,x2	 x13:0xfffffff0  x2:0xfffffb10  x4=0x000004e0
     329465.000 ns	     32945	80006bf8	0934bdd3	fsub.s	f27,f9,f19	  f9:0x0000000a f19:0x80000000 f27=0x0000000a
     329495.000 ns	     32948	80006bfc	e00905d3	fmv.x.w	x11,f18	 f18:0x7fc00000 x11=0x7fc00000
     329515.000 ns	     32950	80006c00	00d62d33	slt	x26,x12,x13	 x12:0x8ddd7000 x13:0xfffffff0 x26=0x00000001
     329535.000 ns	     32952	80006c04	e00f9253	fclass.s	x4,f31	 f31:0x4c738e26  x4=0x00000040
     329565.000 ns	     32955	80006c08	a198afd3	feq.s	x31,f17,f25	 f17:0x7fc00000 f25:0x4c738e26 x31=0x00000000
     329585.000 ns	     32957	80006c0c	0106dc33	srl	x24,x13,x16	 x13:0xfffffff0 x16:0x00000000 x24=0xfffffff0
     329595.000 ns	     32958	80006c10	01a9a133	slt	x2,x19,x26	 x19:0xfc31c41b x26:0x00000001  x2=0x00000001
     329615.000 ns	     32960	80006c14	a05a2f53	feq.s	x30,f20,f5	 f20:0x00000000  f5:0x7fc00000 x30=0x00000000
     329645.000 ns	     32963	80006c18	031463b3	rem	x7,x8,x17	  x8:0x00000020 x17:0x00000000  x7=0x00000020
     329675.000 ns	     32966	80006c1c	e00a0453	fmv.x.w	x8,f20	 f20:0x00000000  x8=0x00000000
     329695.000 ns	     32968	80006c20	d5e62e93	slti	x29,x12,-674	 x12:0x8ddd7000 x29=0x00000001
     330055.000 ns	     33004	80006c24	0240f433	remu	x8,x1,x4	  x1:0xffffff2b  x4:0x00000040  x8=0x0000002b
     330075.000 ns	     33006	80006c28	f366a493	slti	x9,x13,-202	 x13:0xfffffff0  x9=0x00000000
     330085.000 ns	     33007	80006c2c	7c3ce513	ori	x10,x25,1987	 x25:0x00000001 x10=0x000007c3
     330095.000 ns	     33008	80006c30	010ae0b3	or	x1,x21,x16	 x21:0x00000000 x16:0x00000000  x1=0x00000000
     330105.000 ns	     33009	80006c34	43f60013	addi	x0,x12,1087	 x12:0x8ddd7000
     330115.000 ns	     33010	80006c38	23974613	xori	x12,x14,569	 x14:0x00000000 x12=0x00000239
     330125.000 ns	     33011	80006c3c	b40c2193	slti	x3,x24,-1216	 x24:0xfffffff0  x3=0x00000000
     330145.000 ns	     33013	80006c40	e0079ed3	fclass.s	x29,f15	 f15:0x00000000 x29=0x00000010
     330515.000 ns	     33050	80006c44	039decb3	rem	x25,x27,x25	 x27:0x80041024 x25:0x00000001 x25=0x00000000
     330555.000 ns	     33054	80006c48	580d2ed3	fsqrt.s	f29,f26	 f26:0xcc738e26 f29=0x7fc00000
     330575.000 ns	     33056	80006c4c	70f30e13	addi	x28,x6,1807	  x6:0x00000000 x28=0x0000070f
     330585.000 ns	     33057	80006c50	139856b7	lui	x13,0x13985	 x13=0x13985000
     330595.000 ns	     33058	80006c54	410f5e13	srai	x28,x30,0x10	 x30:0x00000000 x28=0x00000000
     330605.000 ns	     33059	80006c58	b3c68d13	addi	x26,x13,-1220	 x13:0xfffffff0 x26=0x13984b3c
     330625.000 ns	     33061	80006c5c	e0041553	fclass.s	x10,f8	  f8:0xcefff7e0 x10=0x00000002
     330645.000 ns	     33063	80006c60	d55a7f97	auipc	x31,0xd55a7	 x31=0x555adc60
     330655.000 ns	     33064	80006c64	0129ad33	slt	x26,x19,x18	 x19:0xfc31c41b x18:0xfc31c41b x26=0x00000000
     330665.000 ns	     33065	80006c68	01c63433	sltu	x8,x12,x28	 x12:0x00000239 x28:0x00000000  x8=0x00000000
     330685.000 ns	     33067	80006c6c	c019c8d3	fcvt.wu.s	x17,f19	 f19:0x80000000 x17=0x00000000
     330705.000 ns	     33069	80006c70	0161db33	srl	x22,x3,x22	  x3:0x00000000 x22:0x00000001 x22=0x00000000
     330725.000 ns	     33071	80006c74	28d41153	fmax.s	f2,f8,f13	  f8:0xcefff7e0 f13:0x00000000  f2=0x00000000
     330745.000 ns	     33073	80006c78	00940c33	add	x24,x8,x9	  x8:0x00000000  x9:0x00000000 x24=0x00000000
     330755.000 ns	     33074	80006c7c	00000013	addi	x0,x0,0	  x0:0x00000000
     330765.000 ns	     33075	80006c80	01865693	srli	x13,x12,0x18	 x12:0x00000239 x13=0x00000000
     330785.000 ns	     33077	80006c84	204a8953	fsgnj.s	f18,f21,f4	 f21:0x00000020  f4:0xc5a4f01f f18=0x80000020
     330805.000 ns	     33079	80006c88	40a3dfb3	sra	x31,x7,x10	  x7:0x00000020 x10:0x00000002 x31=0x00000008
     330825.000 ns	     33081	80006c8c	f0078253	fmv.w.x	f4,x15	 x15:0x00000001  f4=0x00000001
     330865.000 ns	     33085	80006c90	580d02d3	fsqrt.s	f5,f26	 f26:0xcc738e26  f5=0x7fc00000
     330885.000 ns	     33087	80006c94	00591213	slli	x4,x18,0x5	 x18:0xfc31c41b  x4=0x86388360
     331245.000 ns	     33123	80006c98	02cec633	div	x12,x29,x12	 x29:0x00000010 x12:0x00000239 x12=0x00000000
     331275.000 ns	     33126	80006c9c	e0058b53	fmv.x.w	x22,f11	 f11:0xcefff7e0 x22=0xcefff7e0
     331645.000 ns	     33163	80006ca0	03beffb3	remu	x31,x29,x27	 x29:0x00000010 x27:0x80041024 x31=0x00000010
     331665.000 ns	     33165	80006ca4	0183e0b3	or	x1,x7,x24	  x7:0x00000020 x24:0x00000000  x1=0x00000020
     331685.000 ns	     33167	80006ca8	03080ab3	mul	x21,x16,x16	 x16:0x00000000 x16:0x00000000 x21=0x00000000
     331705.000 ns	     33169	80006cac	011ef8b3	and	x17,x29,x17	 x29:0x00000010 x17:0x00000000 x17=0x00000000
     331725.000 ns	     33171	80006cb0	d001fed3	fcvt.s.w	f29,x3	  x3:0x00000000 f29=0x00000000
     331755.000 ns	     33174	80006cb4	a07aab53	feq.s	x22,f21,f7	 f21:0x00000020  f7:0x4c738e26 x22=0x00000000
     331785.000 ns	     33177	80006cb8	d00374d3	fcvt.s.w	f9,x6	  x6:0x00000000  f9=0x00000000
     331805.000 ns	     33179	80006cbc	01e5b2b3	sltu	x5,x11,x30	 x11:0x7fc00000 x30:0x00000000  x5=0x00000000
     331815.000 ns	     33180	80006cc0	00863eb3	sltu	x29,x12,x8	 x12:0x00000000  x8:0x00000000 x29=0x00000000
     331825.000 ns	     33181	80006cc4	f9378193	addi	x3,x15,-109	 x15:0x00000001  x3=0xffffff94
     331845.000 ns	     33183	80006cc8	216d8953	fsgnj.s	f18,f27,f22	 f27:0x0000000a f22:0x00000000 f18=0x0000000a
     331865.000 ns	     33185	80006ccc	d1e63e17	auipc	x28,0xd1e63	 x28=0x51e69ccc
     331875.000 ns	     33186	80006cd0	00000013	addi	x0,x0,0	  x0:0x00000000
     331885.000 ns	     33187	80006cd4	938c0693	addi	x13,x24,-1736	 x24:0x00000000 x13=0xfffff938
     331905.000 ns	     33189	80006cd8	03929bb3	mulh	x23,x5,x25	  x5:0x00000000 x25:0x00000000 x23=0x00000000
     331935.000 ns	     33192	80006cdc	e0011153	fclass.s	x2,f2	  f2:0x00000000  x2=0x00000010
     331965.000 ns	     33195	80006ce0	287d0fd3	fmin.s	f31,f26,f7	 f26:0xcc738e26  f7:0x4c738e26 f31=0xcc738e26
     332015.000 ns	     33200	80006ce4	0997c2d3	fsub.s	f5,f15,f25	 f15:0x00000000 f25:0x4c738e26  f5=0xcc738e26
     332055.000 ns	     33204	80006ce8	19ee28d3	fdiv.s	f17,f28,f30	 f28:0x7fc00000 f30:0x7fc00000 f17=0x7fc00000
     332105.000 ns	     33209	80006cec	0062ac53	fadd.s	f24,f5,f6	  f5:0xcc738e26  f6:0x4c738e26 f24=0x00000000
     332125.000 ns	     33211	80006cf0	0033df33	srl	x30,x7,x3	  x7:0x00000020  x3:0xffffff94 x30=0x00000000
     332135.000 ns	     33212	80006cf4	af073613	sltiu	x12,x14,-1296	 x14:0x00000000 x12=0x00000001
     332145.000 ns	     33213	80006cf8	1cd6be13	sltiu	x28,x13,461	 x13:0xfffff938 x28=0x00000000
     332165.000 ns	     33215	80006cfc	e00e0c53	fmv.x.w	x24,f28	 f28:0x7fc00000 x24=0x7fc00000
     332195.000 ns	     33218	80006d00	c011fb53	fcvt.wu.s	x22,f3	  f3:0x529ce80b x22=0xffffffff
     332225.000 ns	     33221	80006d04	211c1153	fsgnjn.s	f2,f24,f17	 f24:0x00000000 f17:0x7fc00000  f2=0x80000000
     332245.000 ns	     33223	80006d08	00d53e33	sltu	x28,x10,x13	 x10:0x00000002 x13:0xfffff938 x28=0x00000001
     332255.000 ns	     33224	80006d0c	00000013	addi	x0,x0,0	  x0:0x00000000
     332265.000 ns	     33225	80006d10	d0b7b093	sltiu	x1,x15,-757	 x15:0x00000001  x1=0x00000001
     332275.000 ns	     33226	80006d14	0175ee33	or	x28,x11,x23	 x11:0x7fc00000 x23:0x00000000 x28=0x7fc00000
     332285.000 ns	     33227	80006d18	01880413	addi	x8,x16,24	 x16:0x00000000  x8=0x00000018
     332305.000 ns	     33229	80006d1c	03499b33	mulh	x22,x19,x20	 x19:0xfc31c41b x20:0x80040fe4 x22=0x01e70e7d
     332325.000 ns	     33231	80006d20	00609533	sll	x10,x1,x6	  x1:0x00000001  x6:0x00000000 x10=0x00000001
     332335.000 ns	     33232	80006d24	01f41f13	slli	x30,x8,0x1f	  x8:0x00000018 x30=0x00000000
     332345.000 ns	     33233	80006d28	00827833	and	x16,x4,x8	  x4:0x86388360  x8:0x00000018 x16=0x00000000
     332365.000 ns	     33235	80006d2c	219a9d53	fsgnjn.s	f26,f21,f25	 f21:0x00000020 f25:0x4c738e26 f26=0x80000020
     332415.000 ns	     33240	80006d30	084cf3d3	fsub.s	f7,f25,f4	 f25:0x4c738e26  f4:0x00000001  f7=0x4c738e26
     332445.000 ns	     33243	80006d34	d01caa53	fcvt.s.wu	f20,x25	 x25:0x00000000 f20=0x00000000
     332475.000 ns	     33246	80006d38	e0098b53	fmv.x.w	x22,f19	 f19:0x80000000 x22=0x80000000
     332845.000 ns	     33283	80006d3c	0276c4b3	div	x9,x13,x7	 x13:0xfffff938  x7:0x00000020  x9=0xffffffca
     332865.000 ns	     33285	80006d40	8befe293	ori	x5,x31,-1858	 x31:0x00000010  x5=0xfffff8be
     332905.000 ns	     33289	80006d44	015a8253	fadd.s	f4,f21,f21	 f21:0x00000020 f21:0x00000020  f4=0x00000040
     332925.000 ns	     33291	80006d48	005cc3b3	xor	x7,x25,x5	 x25:0x00000000  x5:0x00000000  x7=0xfffff8be
     332945.000 ns	     33293	80006d4c	026bf2b3	remu	x5,x23,x6	 x23:0x00000000  x6:0x00000000  x5=0x00000000
     332965.000 ns	     33295	80006d50	5d6a4813	xori	x16,x20,1494	 x20:0x80040fe4 x16=0x80040a32
     332985.000 ns	     33297	80006d54	a1921753	flt.s	x14,f4,f25	  f4:0x00000040 f25:0x4c738e26 x14=0x00000001
     333005.000 ns	     33299	80006d58	c8c34b93	xori	x23,x6,-884	  x6:0x00000000 x23=0xfffffc8c
     333015.000 ns	     33300	80006d5c	00000013	addi	x0,x0,0	  x0:0x00000000
     333035.000 ns	     33302	80006d60	206507d3	fsgnj.s	f15,f10,f6	 f10:0xcefff7e0  f6:0x4c738e26 f15=0x4efff7e0
     333085.000 ns	     33307	80006d64	08c4f953	fsub.s	f18,f9,f12	  f9:0x00000000 f12:0x4a7ffffc f18=0xca7ffffc
     333105.000 ns	     33309	80006d68	019818b3	sll	x17,x16,x25	 x16:0x80040a32 x25:0x00000000 x17=0x80040a32
     333125.000 ns	     33311	80006d6c	a18c0ad3	fle.s	x21,f24,f24	 f24:0x00000000 f24:0x00000000 x21=0x00000001
     333155.000 ns	     33314	80006d70	20738553	fsgnj.s	f10,f7,f7	  f7:0x4c738e26  f7:0x4c738e26 f10=0x4c738e26
     333525.000 ns	     33351	80006d74	02f9dc33	divu	x24,x19,x15	 x19:0xfc31c41b x15:0x00000001 x24=0xfc31c41b
     333545.000 ns	     33353	80006d78	43673ab7	lui	x21,0x43673	 x21=0x43673000
     333565.000 ns	     33355	80006d7c	d007a6d3	fcvt.s.w	f13,x15	 x15:0x00000001 f13=0x3f800000
     333585.000 ns	     33357	80006d80	014c4cb3	xor	x25,x24,x20	 x24:0xfc31c41b x20:0x80040fe4 x25=0x7c35cbff
     333595.000 ns	     33358	80006d84	00ff5093	srli	x1,x30,0xf	 x30:0x00000000  x1=0x00000000
     333605.000 ns	     33359	80006d88	40d5de33	sra	x28,x11,x13	 x11:0x7fc00000 x13:0xfffff938 x28=0x0000007f
     333645.000 ns	     33363	80006d8c	0873fdd3	fsub.s	f27,f7,f7	  f7:0x4c738e26  f7:0x4c738e26 f27=0x80000000
     333675.000 ns	     33366	80006d90	02090cb3	mul	x25,x18,x0	 x18:0xfc31c41b  x0:0x00000000 x25=0x00000000
     333705.000 ns	     33369	80006d94	039cfbb3	remu	x23,x25,x25	 x25:0x7c35cbff x25:0x7c35cbff x23=0x00000000
     333725.000 ns	     33371	80006d98	43cf2713	slti	x14,x30,1084	 x30:0x00000000 x14=0x00000001
     333745.000 ns	     33373	80006d9c	21802e53	fsgnjx.s	f28,f0,f24	  f0:0xc124c17e f24:0x00000000 f28=0xc124c17e
     333775.000 ns	     33376	80006da0	c0057453	fcvt.w.s	x8,f10	 f10:0x4c738e26  x8=0x03ce3898
     333805.000 ns	     33379	80006da4	a03c18d3	flt.s	x17,f24,f3	 f24:0x00000000  f3:0x529ce80b x17=0x00000001
     333825.000 ns	     33381	80006da8	41e8d413	srai	x8,x17,0x1e	 x17:0x80040a32  x8=0x00000000
     333845.000 ns	     33383	80006dac	d016b653	fcvt.s.wu	f12,x13	 x13:0xfffff938 f12=0x4f7ffffa
     333865.000 ns	     33385	80006db0	89ad6213	ori	x4,x26,-1894	 x26:0x00000000  x4=0xfffff89a
     333885.000 ns	     33387	80006db4	212fa5d3	fsgnjx.s	f11,f31,f18	 f31:0xcc738e26 f18:0xca7ffffc f11=0x4c738e26
     333905.000 ns	     33389	80006db8	84c82493	slti	x9,x16,-1972	 x16:0x80040a32  x9=0x00000001
     333945.000 ns	     33393	80006dbc	01ab76d3	fadd.s	f13,f22,f26	 f22:0x00000000 f26:0x80000020 f13=0x80000020
     333965.000 ns	     33395	80006dc0	018b7d33	and	x26,x22,x24	 x22:0x80000000 x24:0xfc31c41b x26=0x80000000
     333985.000 ns	     33397	80006dc4	28808153	fmin.s	f2,f1,f8	  f1:0x4124c17e  f8:0xcefff7e0  f2=0xcefff7e0
     334015.000 ns	     33400	80006dc8	204ba653	fsgnjx.s	f12,f23,f4	 f23:0x00000000  f4:0x00000040 f12=0x00000000
     334065.000 ns	     33405	80006dcc	097877d3	fsub.s	f15,f16,f23	 f16:0x80000000 f23:0x00000000 f15=0x80000000
     334095.000 ns	     33408	80006dd0	03bf08b3	mul	x17,x30,x27	 x30:0x00000000 x27:0x80041024 x17=0x00000000
     334145.000 ns	     33413	80006dd4	085c7053	fsub.s	f0,f24,f5	 f24:0x00000000  f5:0xcc738e26  f0=0x4c738e26
     334165.000 ns	     33415	80006dd8	f80c2113	slti	x2,x24,-128	 x24:0xfc31c41b  x2=0x00000001
     334185.000 ns	     33417	80006ddc	03daafb3	mulhsu	x31,x21,x29	 x21:0x43673000 x29:0x00000000 x31=0x00000000
     334205.000 ns	     33419	80006de0	4041d513	srai	x10,x3,0x4	  x3:0xffffff94 x10=0xfffffff9
     334225.000 ns	     33421	80006de4	a1a49653	flt.s	x12,f9,f26	  f9:0x00000000 f26:0x80000020 x12=0x00000000
     334245.000 ns	     33423	80006de8	8bbc7f17	auipc	x30,0x8bbc7	 x30=0x0bbcdde8
     334255.000 ns	     33424	80006dec	72b4f313	andi	x6,x9,1835	  x9:0x00000001  x6=0x00000001
     334265.000 ns	     33425	80006df0	012031b3	sltu	x3,x0,x18	  x0:0x00000000 x18:0xfc31c41b  x3=0x00000001
     334275.000 ns	     33426	80006df4	00dd1fb3	sll	x31,x26,x13	 x26:0x80000000 x13:0xfffff938 x31=0x00000000
     334285.000 ns	     33427	80006df8	2412f293	andi	x5,x5,577	  x5:0x00000000  x5=0x00000000
     334295.000 ns	     33428	80006dfc	411cdb13	srai	x22,x25,0x11	 x25:0x00000000 x22=0x00000000
     334315.000 ns	     33430	80006e00	203ba0d3	fsgnjx.s	f1,f23,f3	 f23:0x00000000  f3:0x529ce80b  f1=0x00000000
     334335.000 ns	     33432	80006e04	010d2b33	slt	x22,x26,x16	 x26:0x80000000 x16:0x80040a32 x22=0x00000001
     334355.000 ns	     33434	80006e08	02d6b1b3	mulhu	x3,x13,x13	 x13:0xfffff938 x13:0xfffff938  x3=0xfffff270
     334385.000 ns	     33437	80006e0c	297e0b53	fmin.s	f22,f28,f23	 f28:0xc124c17e f23:0x00000000 f22=0xc124c17e
     334415.000 ns	     33440	80006e10	e00b1253	fclass.s	x4,f22	 f22:0x00000000  x4=0x00000002
     334445.000 ns	     33443	80006e14	a0aca7d3	feq.s	x15,f25,f10	 f25:0x4c738e26 f10:0x4c738e26 x15=0x00000001
     334475.000 ns	     33446	80006e18	29f19653	fmax.s	f12,f3,f31	  f3:0x529ce80b f31:0xcc738e26 f12=0x529ce80b
     334495.000 ns	     33448	80006e1c	56cd7793	andi	x15,x26,1388	 x26:0x80000000 x15=0x00000000
     334515.000 ns	     33450	80006e20	c0047b53	fcvt.w.s	x22,f8	  f8:0xcefff7e0 x22=0x7ffbf000
     334545.000 ns	     33453	80006e24	03fca4b3	mulhsu	x9,x25,x31	 x25:0x00000000 x31:0x00000000  x9=0x00000000
     334575.000 ns	     33456	80006e28	03167eb3	remu	x29,x12,x17	 x12:0x00000000 x17:0x00000000 x29=0x00000000
     334595.000 ns	     33458	80006e2c	01923033	sltu	x0,x4,x25	  x4:0x00000002 x25:0x00000000
     334605.000 ns	     33459	80006e30	01b69293	slli	x5,x13,0x1b	 x13:0xfffff938  x5=0xc0000000
     334615.000 ns	     33460	80006e34	e690b493	sltiu	x9,x1,-407	  x1:0x00000000  x9=0x00000001
     334635.000 ns	     33462	80006e38	a04d13d3	flt.s	x7,f26,f4	 f26:0x80000020  f4:0x00000040  x7=0x00000001
     334665.000 ns	     33465	80006e3c	021250b3	divu	x1,x4,x1	  x4:0x00000002  x1:0x00000000  x1=0xffffffff
     334695.000 ns	     33468	80006e40	a0f2aed3	feq.s	x29,f5,f15	  f5:0xcc738e26 f15:0x80000000 x29=0x00000000
     334725.000 ns	     33471	80006e44	d0042953	fcvt.s.w	f18,x8	  x8:0x00000000 f18=0x00000000
     334745.000 ns	     33473	80006e48	009613b3	sll	x7,x12,x9	 x12:0x00000000  x9:0x00000001  x7=0x00000000
     334765.000 ns	     33475	80006e4c	c016be53	fcvt.wu.s	x28,f13	 f13:0x80000020 x28=0x00000000
     334785.000 ns	     33477	80006e50	aefdce93	xori	x29,x27,-1297	 x27:0x80041024 x29=0x7ffbeacb
     334795.000 ns	     33478	80006e54	01371717	auipc	x14,0x1371	 x14=0x81377e54
     334805.000 ns	     33479	80006e58	406d0d33	sub	x26,x26,x6	 x26:0x80000000  x6:0x00000001 x26=0x7fffffff
     334825.000 ns	     33481	80006e5c	a199a253	feq.s	x4,f19,f25	 f19:0x80000000 f25:0x4c738e26  x4=0x00000000
     334855.000 ns	     33484	80006e60	03699e33	mulh	x28,x19,x22	 x19:0xfc31c41b x22:0x7ffbf000 x28=0xfe18f183
     334885.000 ns	     33487	80006e64	0266bfb3	mulhu	x31,x13,x6	 x13:0xfffff938  x6:0x00000001 x31=0x00000000
     334905.000 ns	     33489	80006e68	78e10813	addi	x16,x2,1934	  x2:0x00000001 x16=0x0000078f
     334925.000 ns	     33491	80006e6c	03954733	div	x14,x10,x25	 x10:0xfffffff9 x25:0x00000000 x14=0xffffffff
     334955.000 ns	     33494	80006e70	21cb8853	fsgnj.s	f16,f23,f28	 f23:0x00000000 f28:0xc124c17e f16=0x80000000
     334985.000 ns	     33497	80006e74	d00cfa53	fcvt.s.w	f20,x25	 x25:0x00000000 f20=0x00000000
     335035.000 ns	     33502	80006e78	01558cd3	fadd.s	f25,f11,f21	 f11:0x4c738e26 f21:0x00000020 f25=0x4c738e26
     335085.000 ns	     33507	80006e7c	004df053	fadd.s	f0,f27,f4	 f27:0x80000000  f4:0x00000040  f0=0x00000040
     335115.000 ns	     33510	80006e80	026f8f33	mul	x30,x31,x6	 x31:0x00000000  x6:0x00000001 x30=0x00000000
     335135.000 ns	     33512	80006e84	214b8717	auipc	x14,0x214b8	 x14=0xa14bee84
     335145.000 ns	     33513	80006e88	6375f613	andi	x12,x11,1591	 x11:0x7fc00000 x12=0x00000000
     335155.000 ns	     33514	80006e8c	007158b3	srl	x17,x2,x7	  x2:0x00000001  x7:0x00000000 x17=0x00000001
     335195.000 ns	     33518	80006e90	08554cd3	fsub.s	f25,f10,f5	 f10:0x4c738e26  f5:0xcc738e26 f25=0x4cf38e26
     335235.000 ns	     33522	80006e94	19f8fed3	fdiv.s	f29,f17,f31	 f17:0x7fc00000 f31:0xcc738e26 f29=0x7fc00000
     335605.000 ns	     33559	80006e98	02aceb33	rem	x22,x25,x10	 x25:0x00000000 x10:0xfffffff9 x22=0x00000000
     335635.000 ns	     33562	80006e9c	025830b3	mulhu	x1,x16,x5	 x16:0x0000078f  x5:0xc0000000  x1=0x000005ab
     335655.000 ns	     33564	80006ea0	014d2933	slt	x18,x26,x20	 x26:0x7fffffff x20:0x80040fe4 x18=0x00000000
     335665.000 ns	     33565	80006ea4	0193ad33	slt	x26,x7,x25	  x7:0x00000000 x25:0x00000000 x26=0x00000000
     335685.000 ns	     33567	80006ea8	03723f33	mulhu	x30,x4,x23	  x4:0x00000000 x23:0x00000000 x30=0x00000000
     335705.000 ns	     33569	80006eac	5df0e693	ori	x13,x1,1503	  x1:0x000005ab x13=0x000005ff
     335735.000 ns	     33572	80006eb0	1072f5d3	fmul.s	f11,f5,f7	  f5:0xcc738e26  f7:0x4c738e26 f11=0xd967b72b
     335765.000 ns	     33575	80006eb4	d00b7453	fcvt.s.w	f8,x22	 x22:0x00000000  f8=0x00000000
     335795.000 ns	     33578	80006eb8	037705b3	mul	x11,x14,x23	 x14:0xa14bee84 x23:0x00000000 x11=0x00000000
     335815.000 ns	     33580	80006ebc	00ad4fb3	xor	x31,x26,x10	 x26:0x00000000 x10:0xfffffff9 x31=0xfffffff9
     335825.000 ns	     33581	80006ec0	00daaeb3	slt	x29,x21,x13	 x21:0x43673000 x13:0x000005ff x29=0x00000000
     335835.000 ns	     33582	80006ec4	012e5e13	srli	x28,x28,0x12	 x28:0xfe18f183 x28=0x00003f86
     335845.000 ns	     33583	80006ec8	00000013	addi	x0,x0,0	  x0:0x00000000
     335865.000 ns	     33585	80006ecc	f0050753	fmv.w.x	f14,x10	 x10:0xfffffff9 f14=0xfffffff9
     335885.000 ns	     33587	80006ed0	c64e3493	sltiu	x9,x28,-924	 x28:0x00003f86  x9=0x00000001
     335895.000 ns	     33588	80006ed4	039d5497	auipc	x9,0x39d5	  x9=0x839dbed4
     335905.000 ns	     33589	80006ed8	c524ff17	auipc	x30,0xc524f	 x30=0x45255ed8
     335945.000 ns	     33593	80006edc	09a889d3	fsub.s	f19,f17,f26	 f17:0x7fc00000 f26:0x80000020 f19=0x7fc00000
     335975.000 ns	     33596	80006ee0	e00a1653	fclass.s	x12,f20	 f20:0x00000000 x12=0x00000010
     336015.000 ns	     33600	80006ee4	19442453	fdiv.s	f8,f8,f20	  f8:0x00000000 f20:0x00000000  f8=0x7fc00000
     336045.000 ns	     33603	80006ee8	29b50853	fmin.s	f16,f10,f27	 f10:0x4c738e26 f27:0x80000000 f16=0x80000000
     336075.000 ns	     33606	80006eec	03c40833	mul	x16,x8,x28	  x8:0x00000000 x28:0x00003f86 x16=0x00000000
     336095.000 ns	     33608	80006ef0	00e89813	slli	x16,x17,0xe	 x17:0x00000001 x16=0x00004000
     336125.000 ns	     33611	80006ef4	19eb1e53	fdiv.s	f28,f22,f30	 f22:0xc124c17e f30:0x7fc00000 f28=0x7fc00000
     336145.000 ns	     33613	80006ef8	5acc4237	lui	x4,0x5acc4	  x4=0x5acc4000
     336155.000 ns	     33614	80006efc	00146ab3	or	x21,x8,x1	  x8:0x00000000  x1:0x000005ab x21=0x000005ab
     336165.000 ns	     33615	80006f00	e3d07a93	andi	x21,x0,-451	  x0:0x00000000 x21=0x00000000
     336185.000 ns	     33617	80006f04	02fb0ab3	mul	x21,x22,x15	 x22:0x00000000 x15:0x00000000 x21=0x00000000
     336205.000 ns	     33619	80006f08	00000013	addi	x0,x0,0	  x0:0x00000000
     336225.000 ns	     33621	80006f0c	20831d53	fsgnjn.s	f26,f6,f8	  f6:0x4c738e26  f8:0x7fc00000 f26=0xcc738e26
     336595.000 ns	     33658	80006f10	03e24bb3	div	x23,x4,x30	  x4:0x5acc4000 x30:0x45255ed8 x23=0x00000001
     336625.000 ns	     33661	80006f14	03d38133	mul	x2,x7,x29	  x7:0x00000000 x29:0x00000000  x2=0x00000000
     336645.000 ns	     33663	80006f18	00000013	addi	x0,x0,0	  x0:0x00000000
     336665.000 ns	     33665	80006f1c	03869933	mulh	x18,x13,x24	 x13:0x000005ff x24:0xfc31c41b x18=0xffffffe9
     336685.000 ns	     33667	80006f20	41f1c813	xori	x16,x3,1055	  x3:0xfffff270 x16=0xfffff66f
     336695.000 ns	     33668	80006f24	41b25e93	srai	x29,x4,0x1b	  x4:0x5acc4000 x29=0x0000000b
     336715.000 ns	     33670	80006f28	03f698b3	mulh	x17,x13,x31	 x13:0x000005ff x31:0xfffffff9 x17=0xffffffff
     336735.000 ns	     33672	80006f2c	409b5ab3	sra	x21,x22,x9	 x22:0x00000000  x9:0x839dbed4 x21=0x00000000
     336745.000 ns	     33673	80006f30	0058dc93	srli	x25,x17,0x5	 x17:0xffffffff x25=0x07ffffff
     336755.000 ns	     33674	80006f34	416357b3	sra	x15,x6,x22	  x6:0x00000001 x22:0x00000000 x15=0x00000001
     336765.000 ns	     33675	80006f38	89517f93	andi	x31,x2,-1899	  x2:0x00000000 x31=0x00000000
     336785.000 ns	     33677	80006f3c	28151153	fmax.s	f2,f10,f1	 f10:0x4c738e26  f1:0x00000000  f2=0x4c738e26
     336815.000 ns	     33680	80006f40	0347a133	mulhsu	x2,x15,x20	 x15:0x00000001 x20:0x80040fe4  x2=0x00000000
     336835.000 ns	     33682	80006f44	017a3133	sltu	x2,x20,x23	 x20:0x80040fe4 x23:0x00000001  x2=0x00000000
     336855.000 ns	     33684	80006f48	03be83b3	mul	x7,x29,x27	 x29:0x0000000b x27:0x80041024  x7=0x802cb18c
     336875.000 ns	     33686	80006f4c	ecc28913	addi	x18,x5,-308	  x5:0xc0000000 x18=0xbffffecc
     336885.000 ns	     33687	80006f50	010bde93	srli	x29,x23,0x10	 x23:0x00000001 x29=0x00000000
     336905.000 ns	     33689	80006f54	032711b3	mulh	x3,x14,x18	 x14:0xa14bee84 x18:0xffffffe9  x3=0x17ad04d0
     336925.000 ns	     33691	80006f58	a1f55d37	lui	x26,0xa1f55	 x26=0xa1f55000
     336935.000 ns	     33692	80006f5c	0171f0b3	and	x1,x3,x23	  x3:0x17ad04d0 x23:0x00000001  x1=0x00000000
     336945.000 ns	     33693	80006f60	32c5f313	andi	x6,x11,812	 x11:0x00000000  x6=0x00000000
     336955.000 ns	     33694	80006f64	00286933	or	x18,x16,x2	 x16:0xfffff66f  x2:0x00000000 x18=0xfffff66f
     336975.000 ns	     33696	80006f68	21ffa3d3	fsgnjx.s	f7,f31,f31	 f31:0xcc738e26 f31:0xcc738e26  f7=0x4c738e26
     336995.000 ns	     33698	80006f6c	8da34093	xori	x1,x6,-1830	  x6:0x00000000  x1=0xfffff8da
     337015.000 ns	     33700	80006f70	d0077453	fcvt.s.w	f8,x14	 x14:0xa14bee84  f8=0xcebd6822
     337035.000 ns	     33702	80006f74	129af113	andi	x2,x21,297	 x21:0x00000000  x2=0x00000000
     337045.000 ns	     33703	80006f78	40488eb3	sub	x29,x17,x4	 x17:0xffffffff  x4:0x5acc4000 x29=0xa533bfff
     337065.000 ns	     33705	80006f7c	d01bff53	fcvt.s.wu	f30,x23	 x23:0x00000001 f30=0x3f800000
     337105.000 ns	     33709	80006f80	580d8a53	fsqrt.s	f20,f27	 f27:0x80000000 f20=0x80000000
     337135.000 ns	     33712	80006f84	c0090cd3	fcvt.w.s	x25,f18	 f18:0x00000000 x25=0x00000000
     337505.000 ns	     33749	80006f88	033be033	rem	x0,x23,x19	 x23:0x00000001 x19:0xfc31c41b
     337525.000 ns	     33751	80006f8c	00000013	addi	x0,x0,0	  x0:0x00000000
     337545.000 ns	     33753	80006f90	28160253	fmin.s	f4,f12,f1	 f12:0x529ce80b  f1:0x00000000  f4=0x00000000
     337575.000 ns	     33756	80006f94	208288d3	fsgnj.s	f17,f5,f8	  f5:0xcc738e26  f8:0xcebd6822 f17=0xcc738e26
     337595.000 ns	     33758	80006f98	013145b3	xor	x11,x2,x19	  x2:0x00000000 x19:0xfc31c41b x11=0xfc31c41b
     337605.000 ns	     33759	80006f9c	00544033	xor	x0,x8,x5	  x8:0x00000000  x5:0xc0000000
     337965.000 ns	     33795	80006fa0	025f47b3	div	x15,x30,x5	 x30:0x45255ed8  x5:0xc0000000 x15=0xffffffff
     338015.000 ns	     33800	80006fa4	09f57f53	fsub.s	f30,f10,f31	 f10:0x4c738e26 f31:0xcc738e26 f30=0x4cf38e26
     338035.000 ns	     33802	80006fa8	00a47b33	and	x22,x8,x10	  x8:0x00000000 x10:0xfffffff9 x22=0x00000000
     338045.000 ns	     33803	80006fac	01879033	sll	x0,x15,x24	 x15:0xffffffff x24:0xfc31c41b
     338055.000 ns	     33804	80006fb0	00bb13b3	sll	x7,x22,x11	 x22:0x00000000 x11:0xfc31c41b  x7=0x00000000
     338095.000 ns	     33808	80006fb4	0962f753	fsub.s	f14,f5,f22	  f5:0xcc738e26 f22:0xc124c17e f14=0xcc738e23
     338125.000 ns	     33811	80006fb8	0376a3b3	mulhsu	x7,x13,x23	 x13:0x000005ff x23:0x00000001  x7=0x00000000
     338145.000 ns	     33813	80006fbc	3d8b6317	auipc	x6,0x3d8b6	  x6=0xbd8bcfbc
     338155.000 ns	     33814	80006fc0	00029213	slli	x4,x5,0x0	  x5:0xc0000000  x4=0xc0000000
     338165.000 ns	     33815	80006fc4	01691233	sll	x4,x18,x22	 x18:0xfffff66f x22:0x00000000  x4=0xfffff66f
     338175.000 ns	     33816	80006fc8	005658b3	srl	x17,x12,x5	 x12:0x00000010  x5:0xc0000000 x17=0x00000010
     338185.000 ns	     33817	80006fcc	7284c213	xori	x4,x9,1832	  x9:0x839dbed4  x4=0x839db9fc
     338545.000 ns	     33853	80006fd0	02df4333	div	x6,x30,x13	 x30:0x45255ed8 x13:0x000005ff  x6=0x000b8826
     338575.000 ns	     33856	80006fd4	c0017ad3	fcvt.w.s	x21,f2	  f2:0x4c738e26 x21=0x03ce3898
     338615.000 ns	     33860	80006fd8	5800f453	fsqrt.s	f8,f1	  f1:0x00000000  f8=0x00000000
     338985.000 ns	     33897	80006fdc	024f58b3	divu	x17,x30,x4	 x30:0x45255ed8  x4:0x839db9fc x17=0x00000000
     339015.000 ns	     33900	80006fe0	e0050ad3	fmv.x.w	x21,f10	 f10:0x4c738e26 x21=0x4c738e26
     339035.000 ns	     33902	80006fe4	0b01fe13	andi	x28,x3,176	  x3:0x17ad04d0 x28=0x00000090
     339045.000 ns	     33903	80006fe8	00b35233	srl	x4,x6,x11	  x6:0x000b8826 x11:0xfc31c41b  x4=0x00000000
     339065.000 ns	     33905	80006fec	c001f2d3	fcvt.w.s	x5,f3	  f3:0x529ce80b  x5=0x7fffffff
     339085.000 ns	     33907	80006ff0	00ad3033	sltu	x0,x26,x10	 x26:0xa1f55000 x10:0xfffffff9
     339445.000 ns	     33943	80006ff4	02197033	remu	x0,x18,x1	 x18:0xfffff66f  x1:0xfffff8da
     339475.000 ns	     33946	80006ff8	02a232b3	mulhu	x5,x4,x10	  x4:0x00000000 x10:0xfffffff9  x5=0x00000000
     339515.000 ns	     33950	80006ffc	10368153	fmul.s	f2,f13,f3	 f13:0x80000020  f3:0x529ce80b  f2=0x8a9ce80c
     339545.000 ns	     33953	80007000	0361ae33	mulhsu	x28,x3,x22	  x3:0x17ad04d0 x22:0x00000000 x28=0x00000000
     339565.000 ns	     33955	80007004	00f196b3	sll	x13,x3,x15	  x3:0x17ad04d0 x15:0xffffffff x13=0x00000000
     339585.000 ns	     33957	80007008	e0051053	fclass.s	x0,f10	 f10:0x4c738e26
     339615.000 ns	     33960	8000700c	e00903d3	fmv.x.w	x7,f18	 f18:0x00000000  x7=0x00000000
     339645.000 ns	     33963	80007010	039a37b3	mulhu	x15,x20,x25	 x20:0x80040fe4 x25:0x00000000 x15=0x00000000
     339675.000 ns	     33966	80007014	d0127c53	fcvt.s.wu	f24,x4	  x4:0x00000000 f24=0x00000000
     339695.000 ns	     33968	80007018	4199db93	srai	x23,x19,0x19	 x19:0xfc31c41b x23=0xfffffffe
     339715.000 ns	     33970	8000701c	d01e4853	fcvt.s.wu	f16,x28	 x28:0x00000000 f16=0x00000000
     339735.000 ns	     33972	80007020	b6e43f37	lui	x30,0xb6e43	 x30=0xb6e43000
     340095.000 ns	     34008	80007024	0350f033	remu	x0,x1,x21	  x1:0xfffff8da x21:0x4c738e26
     340115.000 ns	     34010	80007028	41de5f93	srai	x31,x28,0x1d	 x28:0x00000000 x31=0x00000000
     340135.000 ns	     34012	8000702c	213489d3	fsgnj.s	f19,f9,f19	  f9:0x00000000 f19:0x7fc00000 f19=0x00000000
     340155.000 ns	     34014	80007030	d123b893	sltiu	x17,x7,-750	  x7:0x00000000 x17=0x00000001
     340175.000 ns	     34016	80007034	28d812d3	fmax.s	f5,f16,f13	 f16:0x00000000 f13:0x80000020  f5=0x00000000
     340195.000 ns	     34018	80007038	4032d3b3	sra	x7,x5,x3	  x5:0x00000000  x3:0x17ad04d0  x7=0x00000000
     340205.000 ns	     34019	8000703c	bc8631b7	lui	x3,0xbc863	  x3=0xbc863000
     340225.000 ns	     34021	80007040	0249ac33	mulhsu	x24,x19,x4	 x19:0xfc31c41b  x4:0x00000000 x24=0x00000000
     340245.000 ns	     34023	80007044	9c0ff613	andi	x12,x31,-1600	 x31:0x00000000 x12=0x00000000
     340265.000 ns	     34025	80007048	c015fd53	fcvt.wu.s	x26,f11	 f11:0xd967b72b x26=0x00000000
     340285.000 ns	     34027	8000704c	008cb3b3	sltu	x7,x25,x8	 x25:0x00000000  x8:0x00000000  x7=0x00000000
     340295.000 ns	     34028	80007050	0077d833	srl	x16,x15,x7	 x15:0x00000000  x7:0x00000000 x16=0x00000000
     340305.000 ns	     34029	80007054	01e088b3	add	x17,x1,x30	  x1:0xfffff8da x30:0xb6e43000 x17=0xb6e428da
     340325.000 ns	     34031	80007058	035d96b3	mulh	x13,x27,x21	 x27:0x80041024 x21:0x4c738e26 x13=0xd9c76f8d
     340345.000 ns	     34033	8000705c	c2094893	xori	x17,x18,-992	 x18:0xfffff66f x17=0x00000a4f
     340355.000 ns	     34034	80007060	80f17c93	andi	x25,x2,-2033	  x2:0x00000000 x25=0x00000000
     340365.000 ns	     34035	80007064	bb4c3c13	sltiu	x24,x24,-1100	 x24:0x00000000 x24=0x00000001
     340725.000 ns	     34071	80007068	026afeb3	remu	x29,x21,x6	 x21:0x4c738e26  x6:0x000b8826 x29=0x00020a40
     340745.000 ns	     34073	8000706c	012ed793	srli	x15,x29,0x12	 x29:0xa533bfff x15=0x00000000
     340775.000 ns	     34076	80007070	10e87ed3	fmul.s	f29,f16,f14	 f16:0x00000000 f14:0xcc738e23 f29=0x80000000
     340805.000 ns	     34079	80007074	216b1d53	fsgnjn.s	f26,f22,f22	 f22:0xc124c17e f22:0xc124c17e f26=0x4124c17e
     340825.000 ns	     34081	80007078	c549e713	ori	x14,x19,-940	 x19:0xfc31c41b x14=0xfffffc5f
     340835.000 ns	     34082	8000707c	407a5eb3	sra	x29,x20,x7	 x20:0x80040fe4  x7:0x00000000 x29=0x80040fe4
     340845.000 ns	     34083	80007080	001995b3	sll	x11,x19,x1	 x19:0xfc31c41b  x1:0xfffff8da x11=0x6c000000
     340855.000 ns	     34084	80007084	010ed833	srl	x16,x29,x16	 x29:0x00020a40 x16:0x00000000 x16=0x80040fe4
     340875.000 ns	     34086	80007088	299994d3	fmax.s	f9,f19,f25	 f19:0x00000000 f25:0x4cf38e26  f9=0x4cf38e26
     340895.000 ns	     34088	8000708c	01a65833	srl	x16,x12,x26	 x12:0x00000000 x26:0x00000000 x16=0x00000000
     340915.000 ns	     34090	80007090	e00d9f53	fclass.s	x30,f27	 f27:0x80000000 x30=0x00000008
     340945.000 ns	     34093	80007094	a1340053	fle.s	x0,f8,f19	  f8:0x00000000 f19:0x00000000
     340965.000 ns	     34095	80007098	d09ac913	xori	x18,x21,-759	 x21:0x4c738e26 x18=0xb38c732f
     341005.000 ns	     34099	8000709c	092e1753	fsub.s	f14,f28,f18	 f28:0x7fc00000 f18:0x00000000 f14=0x7fc00000
     341035.000 ns	     34102	800070a0	213324d3	fsgnjx.s	f9,f6,f19	  f6:0x4c738e26 f19:0x00000000  f9=0x4c738e26
     341065.000 ns	     34105	800070a4	036c1cb3	mulh	x25,x24,x22	 x24:0x00000001 x22:0x00000000 x25=0x00000000
     341095.000 ns	     34108	800070a8	f0028953	fmv.w.x	f18,x5	  x5:0x00000000 f18=0x00000000
     341125.000 ns	     34111	800070ac	200481d3	fsgnj.s	f3,f9,f0	  f9:0x4c738e26  f0:0x00000040  f3=0x4c738e26
     341155.000 ns	     34114	800070b0	295e94d3	fmax.s	f9,f29,f21	 f29:0x80000000 f21:0x00000020  f9=0x00000020
     341175.000 ns	     34116	800070b4	40aa8c33	sub	x24,x21,x10	 x21:0x4c738e26 x10:0xfffffff9 x24=0x4c738e2d
     341185.000 ns	     34117	800070b8	010d3033	sltu	x0,x26,x16	 x26:0x00000000 x16:0x00000000
     341545.000 ns	     34153	800070bc	031271b3	remu	x3,x4,x17	  x4:0x00000000 x17:0x00000a4f  x3=0x00000000
     341575.000 ns	     34156	800070c0	219811d3	fsgnjn.s	f3,f16,f25	 f16:0x00000000 f25:0x4cf38e26  f3=0x80000000
     341605.000 ns	     34159	800070c4	a0d602d3	fle.s	x5,f12,f13	 f12:0x529ce80b f13:0x80000020  x5=0x00000000
     341635.000 ns	     34162	800070c8	f00802d3	fmv.w.x	f5,x16	 x16:0x00000000  f5=0x00000000
     341655.000 ns	     34164	800070cc	015645b3	xor	x11,x12,x21	 x12:0x00000000 x21:0x4c738e26 x11=0x4c738e26
     341675.000 ns	     34166	800070d0	29109053	fmax.s	f0,f1,f17	  f1:0x00000000 f17:0xcc738e26  f0=0x00000000
     341705.000 ns	     34169	800070d4	a0d79f53	flt.s	x30,f15,f13	 f15:0x80000000 f13:0x80000020 x30=0x00000000
     341725.000 ns	     34171	800070d8	41f2d7b3	sra	x15,x5,x31	  x5:0x00000000 x31:0x00000000 x15=0x00000000
     341735.000 ns	     34172	800070dc	080b86b7	lui	x13,0x80b8	 x13=0x080b8000
     341745.000 ns	     34173	800070e0	1efffd17	auipc	x26,0x1efff	 x26=0x9f0060e0
     341765.000 ns	     34175	800070e4	a1461b53	flt.s	x22,f12,f20	 f12:0x529ce80b f20:0x80000000 x22=0x00000000
     341795.000 ns	     34178	800070e8	f00908d3	fmv.w.x	f17,x18	 x18:0xb38c732f f17=0xb38c732f
     341825.000 ns	     34181	800070ec	e00c94d3	fclass.s	x9,f25	 f25:0x4cf38e26  x9=0x00000040
     341845.000 ns	     34183	800070f0	414cdb93	srai	x23,x25,0x14	 x25:0x00000000 x23=0x00000000
     341855.000 ns	     34184	800070f4	002f5ab3	srl	x21,x30,x2	 x30:0x00000000  x2:0x00000000 x21=0x00000000
     342215.000 ns	     34220	800070f8	038c4033	div	x0,x24,x24	 x24:0x4c738e2d x24:0x4c738e2d
     342235.000 ns	     34222	800070fc	ab35f693	andi	x13,x11,-1357	 x11:0x4c738e26 x13=0x4c738a22
     342245.000 ns	     34223	80007100	2d25ed13	ori	x26,x11,722	 x11:0x4c738e26 x26=0x4c738ef6
     342605.000 ns	     34259	80007104	029258b3	divu	x17,x4,x9	  x4:0x00000000  x9:0x00000040 x17=0x00000000
     342625.000 ns	     34261	80007108	e9764797	auipc	x15,0xe9764	 x15=0x6976b108
     342635.000 ns	     34262	8000710c	b1ec8f93	addi	x31,x25,-1250	 x25:0x00000000 x31=0xfffffb1e
     342645.000 ns	     34263	80007110	00d6e033	or	x0,x13,x13	 x13:0x4c738a22 x13:0x4c738a22
     342665.000 ns	     34265	80007114	e00501d3	fmv.x.w	x3,f10	 f10:0x4c738e26  x3=0x4c738e26
     342715.000 ns	     34270	80007118	09b60253	fsub.s	f4,f12,f27	 f12:0x529ce80b f27:0x80000000  f4=0x529ce80b
     342745.000 ns	     34273	8000711c	d004fa53	fcvt.s.w	f20,x9	  x9:0x00000040 f20=0x42800000
     342775.000 ns	     34276	80007120	03f6b0b3	mulhu	x1,x13,x31	 x13:0x4c738a22 x31:0xfffffb1e  x1=0x4c7388ac
     342815.000 ns	     34280	80007124	11e293d3	fmul.s	f7,f5,f30	  f5:0x00000000 f30:0x4cf38e26  f7=0x00000000
     342835.000 ns	     34282	80007128	017982b3	add	x5,x19,x23	 x19:0xfc31c41b x23:0x00000000  x5=0xfc31c41b
     342845.000 ns	     34283	8000712c	00000013	addi	x0,x0,0	  x0:0x00000000
     342855.000 ns	     34284	80007130	018c48b3	xor	x17,x24,x24	 x24:0x4c738e2d x24:0x4c738e2d x17=0x00000000
     342875.000 ns	     34286	80007134	e0078653	fmv.x.w	x12,f15	 f15:0x80000000 x12=0x80000000
     342905.000 ns	     34289	80007138	a1fc8cd3	fle.s	x25,f25,f31	 f25:0x4cf38e26 f31:0xcc738e26 x25=0x00000000
     342925.000 ns	     34291	8000713c	76617f13	andi	x30,x2,1894	  x2:0x00000000 x30=0x00000000
     342945.000 ns	     34293	80007140	a0530fd3	fle.s	x31,f6,f5	  f6:0x4c738e26  f5:0x00000000 x31=0x00000000
     342965.000 ns	     34295	80007144	695be713	ori	x14,x23,1685	 x23:0x00000000 x14=0x00000695
     342985.000 ns	     34297	80007148	e00911d3	fclass.s	x3,f18	 f18:0x00000000  x3=0x00000010
     343005.000 ns	     34299	8000714c	019bf033	and	x0,x23,x25	 x23:0x00000000 x25:0x00000000
     343025.000 ns	     34301	80007150	a05c9fd3	flt.s	x31,f25,f5	 f25:0x4cf38e26  f5:0x00000000 x31=0x00000000
     343075.000 ns	     34306	80007154	008a7bd3	fadd.s	f23,f20,f8	 f20:0x42800000  f8:0x00000000 f23=0x42800000
     343095.000 ns	     34308	80007158	d5a98b13	addi	x22,x19,-678	 x19:0xfc31c41b x22=0xfc31c175
     343105.000 ns	     34309	8000715c	e131bc13	sltiu	x24,x3,-493	  x3:0x00000010 x24=0x00000001
     343125.000 ns	     34311	80007160	c0169953	fcvt.wu.s	x18,f13	 f13:0x80000020 x18=0x00000000
     343155.000 ns	     34314	80007164	03ccb133	mulhu	x2,x25,x28	 x25:0x00000000 x28:0x00000000  x2=0x00000000
     343175.000 ns	     34316	80007168	001c41b3	xor	x3,x24,x1	 x24:0x00000001  x1:0x4c7388ac  x3=0x4c7388ad
     343195.000 ns	     34318	8000716c	20492bd3	fsgnjx.s	f23,f18,f4	 f18:0x00000000  f4:0x529ce80b f23=0x00000000
     343215.000 ns	     34320	80007170	0083da93	srli	x21,x7,0x8	  x7:0x00000000 x21=0x00000000
     343225.000 ns	     34321	80007174	eacd6613	ori	x12,x26,-340	 x26:0x4c738ef6 x12=0xfffffefe
     343235.000 ns	     34322	80007178	0196c933	xor	x18,x13,x25	 x13:0x4c738a22 x25:0x00000000 x18=0x4c738a22
     343245.000 ns	     34323	8000717c	88ca4b13	xori	x22,x20,-1908	 x20:0x80040fe4 x22=0x7ffbf768
     343265.000 ns	     34325	80007180	e0028d53	fmv.x.w	x26,f5	  f5:0x00000000 x26=0x00000000
     343605.000 ns	     34359	80007184	189b71d3	fdiv.s	f3,f22,f9	 f22:0xc124c17e  f9:0x00000020  f3=0xff800000
     343625.000 ns	     34361	80007188	7c24cb13	xori	x22,x9,1986	  x9:0x00000040 x22=0x00000782
     343635.000 ns	     34362	8000718c	17018413	addi	x8,x3,368	  x3:0x4c7388ad  x8=0x4c738a1d
     343645.000 ns	     34363	80007190	003c8533	add	x10,x25,x3	 x25:0x00000000  x3:0x4c7388ad x10=0x4c7388ad
     343655.000 ns	     34364	80007194	01b70fb3	add	x31,x14,x27	 x14:0x00000695 x27:0x80041024 x31=0x800416b9
     343665.000 ns	     34365	80007198	05374613	xori	x12,x14,83	 x14:0x00000695 x12=0x000006c6
     343695.000 ns	     34368	8000719c	580df553	fsqrt.s	f10,f27	 f27:0x80000000 f10=0x80000000
     343715.000 ns	     34370	800071a0	ba2a4013	xori	x0,x20,-1118	 x20:0x80040fe4
     343735.000 ns	     34372	800071a4	d0140f53	fcvt.s.wu	f30,x8	  x8:0x4c738a1d f30=0x4e98e714
     343755.000 ns	     34374	800071a8	35bc7613	andi	x12,x24,859	 x24:0x00000001 x12=0x00000001
     343775.000 ns	     34376	800071ac	d01a06d3	fcvt.s.wu	f13,x20	 x20:0x80040fe4 f13=0x4f000410
     343795.000 ns	     34378	800071b0	000daeb3	slt	x29,x27,x0	 x27:0x80041024  x0:0x00000000 x29=0x00000001
     343805.000 ns	     34379	800071b4	008cd613	srli	x12,x25,0x8	 x25:0x00000000 x12=0x00000000
     343835.000 ns	     34382	800071b8	18032b53	fdiv.s	f22,f6,f0	  f6:0x4c738e26  f0:0x00000000 f22=0x7f800000
     344205.000 ns	     34419	800071bc	02ace2b3	rem	x5,x25,x10	 x25:0x00000000 x10:0x4c7388ad  x5=0x00000000
     344235.000 ns	     34422	800071c0	217f8fd3	fsgnj.s	f31,f31,f23	 f31:0xcc738e26 f23:0x00000000 f31=0x4c738e26
     344575.000 ns	     34456	800071c4	18b371d3	fdiv.s	f3,f6,f11	  f6:0x4c738e26 f11:0xd967b72b  f3=0xb2738e26
     344605.000 ns	     34459	800071c8	02dd3ab3	mulhu	x21,x26,x13	 x26:0x00000000 x13:0x4c738a22 x21=0x00000000
     344645.000 ns	     34463	800071cc	19dff4d3	fdiv.s	f9,f31,f29	 f31:0x4c738e26 f29:0x80000000  f9=0xff800000
     344675.000 ns	     34466	800071d0	02f91233	mulh	x4,x18,x15	 x18:0x4c738a22 x15:0x6976b108  x4=0x1f7ed5c7
     344705.000 ns	     34469	800071d4	d00071d3	fcvt.s.w	f3,x0	  x0:0x00000000  f3=0x00000000
     344725.000 ns	     34471	800071d8	01c1a1b3	slt	x3,x3,x28	  x3:0x4c7388ad x28:0x00000000  x3=0x00000000
     344765.000 ns	     34475	800071dc	00009553	fadd.s	f10,f1,f0	  f1:0x00000000  f0:0x00000000 f10=0x00000000
     344785.000 ns	     34477	800071e0	15222b13	slti	x22,x4,338	  x4:0x1f7ed5c7 x22=0x00000000
     344815.000 ns	     34480	800071e4	580dff53	fsqrt.s	f30,f27	 f27:0x80000000 f30=0x80000000
     344835.000 ns	     34482	800071e8	39230193	addi	x3,x6,914	  x6:0x000b8826  x3=0x000b8bb8
     344845.000 ns	     34483	800071ec	409c5293	srai	x5,x24,0x9	 x24:0x00000001  x5=0x00000000
     344865.000 ns	     34485	800071f0	a1c92e53	feq.s	x28,f18,f28	 f18:0x00000000 f28:0x7fc00000 x28=0x00000000
     344895.000 ns	     34488	800071f4	e0068353	fmv.x.w	x6,f13	 f13:0x4f000410  x6=0x4f000410
     344925.000 ns	     34491	800071f8	e0079b53	fclass.s	x22,f15	 f15:0x80000000 x22=0x00000008
     344955.000 ns	     34494	800071fc	e00f05d3	fmv.x.w	x11,f30	 f30:0x80000000 x11=0x80000000
     344975.000 ns	     34496	80007200	fcdf6893	ori	x17,x30,-51	 x30:0x00000000 x17=0xffffffcd
     344995.000 ns	     34498	80007204	02358eb3	mul	x29,x11,x3	 x11:0x80000000  x3:0x000b8bb8 x29=0x00000000
     345025.000 ns	     34501	80007208	02648233	mul	x4,x9,x6	  x9:0x00000040  x6:0x4f000410  x4=0xc0010400
     345055.000 ns	     34504	8000720c	a0a40753	fle.s	x14,f8,f10	  f8:0x00000000 f10:0x00000000 x14=0x00000001
     345085.000 ns	     34507	80007210	02715b33	divu	x22,x2,x7	  x2:0x00000000  x7:0x00000000 x22=0xffffffff
     345105.000 ns	     34509	80007214	01f2fd33	and	x26,x5,x31	  x5:0x00000000 x31:0x800416b9 x26=0x00000000
     345115.000 ns	     34510	80007218	01e68733	add	x14,x13,x30	 x13:0x4c738a22 x30:0x00000000 x14=0x4c738a22
     345145.000 ns	     34513	8000721c	19107153	fdiv.s	f2,f0,f17	  f0:0x00000000 f17:0xb38c732f  f2=0x80000000
     345175.000 ns	     34516	80007220	291a8d53	fmin.s	f26,f21,f17	 f21:0x00000020 f17:0xb38c732f f26=0xb38c732f
     345205.000 ns	     34519	80007224	212612d3	fsgnjn.s	f5,f12,f18	 f12:0x529ce80b f18:0x00000000  f5=0xd29ce80b
     345225.000 ns	     34521	80007228	00c2bc33	sltu	x24,x5,x12	  x5:0x00000000 x12:0x00000000 x24=0x00000000
     345235.000 ns	     34522	8000722c	00860cb3	add	x25,x12,x8	 x12:0x00000000  x8:0x4c738a1d x25=0x4c738a1d
     345255.000 ns	     34524	80007230	02cf8c33	mul	x24,x31,x12	 x31:0x800416b9 x12:0x00000000 x24=0x00000000
     345295.000 ns	     34528	80007234	10a2aad3	fmul.s	f21,f5,f10	  f5:0xd29ce80b f10:0x00000000 f21=0x80000000
     345325.000 ns	     34531	80007238	28ae9953	fmax.s	f18,f29,f10	 f29:0x80000000 f10:0x00000000 f18=0x00000000
     345355.000 ns	     34534	8000723c	a1fca753	feq.s	x14,f25,f31	 f25:0x4cf38e26 f31:0x4c738e26 x14=0x00000000
     345385.000 ns	     34537	80007240	219d90d3	fsgnjn.s	f1,f27,f25	 f27:0x80000000 f25:0x4cf38e26  f1=0x80000000
     345405.000 ns	     34539	80007244	00f514b3	sll	x9,x10,x15	 x10:0x4c7388ad x15:0x6976b108  x9=0x7388ad00
     345425.000 ns	     34541	80007248	c00b7c53	fcvt.w.s	x24,f22	 f22:0x7f800000 x24=0x7fffffff
     345455.000 ns	     34544	8000724c	20488753	fsgnj.s	f14,f17,f4	 f17:0xb38c732f  f4:0x529ce80b f14=0x338c732f
     345495.000 ns	     34548	80007250	10b2ffd3	fmul.s	f31,f5,f11	  f5:0xd29ce80b f11:0xd967b72b f31=0x6c8e05a6
     345515.000 ns	     34550	80007254	004c48b3	xor	x17,x24,x4	 x24:0x7fffffff  x4:0xc0010400 x17=0xbffefbff
     345875.000 ns	     34586	80007258	0247e833	rem	x16,x15,x4	 x15:0x6976b108  x4:0xc0010400 x16=0x2977b508
     345895.000 ns	     34588	8000725c	55816d37	lui	x26,0x55816	 x26=0x55816000
     345915.000 ns	     34590	80007260	c016c8d3	fcvt.wu.s	x17,f13	 f13:0x4f000410 x17=0x80041000
     345945.000 ns	     34593	80007264	20412b53	fsgnjx.s	f22,f2,f4	  f2:0x80000000  f4:0x529ce80b f22=0x80000000
     345995.000 ns	     34598	80007268	00ddff53	fadd.s	f30,f27,f13	 f27:0x80000000 f13:0x4f000410 f30=0x4f000410
     346015.000 ns	     34600	8000726c	9b872813	slti	x16,x14,-1608	 x14:0x00000000 x16=0x00000000
     346035.000 ns	     34602	80007270	a03006d3	fle.s	x13,f0,f3	  f0:0x00000000  f3:0x00000000 x13=0x00000001
     346055.000 ns	     34604	80007274	94826b13	ori	x22,x4,-1720	  x4:0xc0010400 x22=0xfffffd48
     346075.000 ns	     34606	80007278	d0161dd3	fcvt.s.wu	f27,x12	 x12:0x00000000 f27=0x00000000
     346105.000 ns	     34609	8000727c	033ea133	mulhsu	x2,x29,x19	 x29:0x00000000 x19:0xfc31c41b  x2=0x00000000
     346125.000 ns	     34611	80007280	00000013	addi	x0,x0,0	  x0:0x00000000
     346135.000 ns	     34612	80007284	00000013	addi	x0,x0,0	  x0:0x00000000
     346145.000 ns	     34613	80007288	41bedab3	sra	x21,x29,x27	 x29:0x00000000 x27:0x80041024 x21=0x00000000
     346165.000 ns	     34615	8000728c	c014fc53	fcvt.wu.s	x24,f9	  f9:0xff800000 x24=0x00000000
     346195.000 ns	     34618	80007290	c0053f53	fcvt.w.s	x30,f10	 f10:0x00000000 x30=0x00000000
     346225.000 ns	     34621	80007294	28a49ed3	fmax.s	f29,f9,f10	  f9:0xff800000 f10:0x00000000 f29=0x00000000
     346255.000 ns	     34624	80007298	a0138cd3	fle.s	x25,f7,f1	  f7:0x00000000  f1:0x80000000 x25=0x00000001
     346275.000 ns	     34626	8000729c	da24b5b7	lui	x11,0xda24b	 x11=0xda24b000
     346295.000 ns	     34628	800072a0	d011fc53	fcvt.s.wu	f24,x3	  x3:0x000b8bb8 f24=0x4938bb80
     346315.000 ns	     34630	800072a4	41f18633	sub	x12,x3,x31	  x3:0x000b8bb8 x31:0x800416b9 x12=0x800774ff
     346335.000 ns	     34632	800072a8	02a486b3	mul	x13,x9,x10	  x9:0x7388ad00 x10:0x4c7388ad x13=0x6644e900
     346355.000 ns	     34634	800072ac	010dd493	srli	x9,x27,0x10	 x27:0x80041024  x9=0x00008004
     346365.000 ns	     34635	800072b0	40755a93	srai	x21,x10,0x7	 x10:0x4c7388ad x21=0x0098e711
     346375.000 ns	     34636	800072b4	404485b3	sub	x11,x9,x4	  x9:0x7388ad00  x4:0xc0010400 x11=0x3fff7c04
     346395.000 ns	     34638	800072b8	292c9c53	fmax.s	f24,f25,f18	 f25:0x4cf38e26 f18:0x00000000 f24=0x4cf38e26
     346425.000 ns	     34641	800072bc	d00c7853	fcvt.s.w	f16,x24	 x24:0x00000000 f16=0x00000000
     346475.000 ns	     34646	800072c0	09367553	fsub.s	f10,f12,f19	 f12:0x529ce80b f19:0x00000000 f10=0x529ce80b
     346505.000 ns	     34649	800072c4	e00685d3	fmv.x.w	x11,f13	 f13:0x4f000410 x11=0x4f000410
     346535.000 ns	     34652	800072c8	d019fed3	fcvt.s.wu	f29,x19	 x19:0xfc31c41b f29=0x4f7c31c4
     346555.000 ns	     34654	800072cc	00222cb3	slt	x25,x4,x2	  x4:0xc0010400  x2:0x00000000 x25=0x00000001
     346565.000 ns	     34655	800072d0	00c46f33	or	x30,x8,x12	  x8:0x4c738a1d x12:0x800774ff x30=0xcc77feff
     346585.000 ns	     34657	800072d4	284b8dd3	fmin.s	f27,f23,f4	 f23:0x00000000  f4:0x529ce80b f27=0x00000000
     346615.000 ns	     34660	800072d8	e0041e53	fclass.s	x28,f8	  f8:0x00000000 x28=0x00000010
     346665.000 ns	     34665	800072dc	081cf853	fsub.s	f16,f25,f1	 f25:0x4cf38e26  f1:0x80000000 f16=0x4cf38e26
     346695.000 ns	     34668	800072e0	029e1b33	mulh	x22,x28,x9	 x28:0x00000010  x9:0x00008004 x22=0x00000000
     346725.000 ns	     34671	800072e4	e0048953	fmv.x.w	x18,f9	  f9:0xff800000 x18=0xff800000
     346755.000 ns	     34674	800072e8	a001a653	feq.s	x12,f3,f0	  f3:0x00000000  f0:0x00000000 x12=0x00000001
     346785.000 ns	     34677	800072ec	f0090c53	fmv.w.x	f24,x18	 x18:0xff800000 f24=0xff800000
     346805.000 ns	     34679	800072f0	018a8533	add	x10,x21,x24	 x21:0x0098e711 x24:0x00000000 x10=0x0098e711
     346825.000 ns	     34681	800072f4	d010cd53	fcvt.s.wu	f26,x1	  x1:0x4c7388ac f26=0x4e98e711
     346845.000 ns	     34683	800072f8	001b9113	slli	x2,x23,0x1	 x23:0x00000000  x2=0x00000000
     346875.000 ns	     34686	800072fc	11f096d3	fmul.s	f13,f1,f31	  f1:0x80000000 f31:0x6c8e05a6 f13=0x80000000
     346895.000 ns	     34688	80007300	d9246693	ori	x13,x8,-622	  x8:0x4c738a1d x13=0xffffff9f
     346915.000 ns	     34690	80007304	03a7acb3	mulhsu	x25,x15,x26	 x15:0x6976b108 x26:0x55816000 x25=0x2339b523
     346945.000 ns	     34693	80007308	297285d3	fmin.s	f11,f5,f23	  f5:0xd29ce80b f23:0x00000000 f11=0xd29ce80b
     346975.000 ns	     34696	8000730c	c01d7553	fcvt.wu.s	x10,f26	 f26:0x4e98e711 x10=0x4c738880
     347005.000 ns	     34699	80007310	a0d28cd3	fle.s	x25,f5,f13	  f5:0xd29ce80b f13:0x80000000 x25=0x00000001
     347025.000 ns	     34701	80007314	010eccb3	xor	x25,x29,x16	 x29:0x00000000 x16:0x00000000 x25=0x00000000
     347035.000 ns	     34702	80007318	01b09933	sll	x18,x1,x27	  x1:0x4c7388ac x27:0x80041024 x18=0xc7388ac0
     347055.000 ns	     34704	8000731c	2041a5d3	fsgnjx.s	f11,f3,f4	  f3:0x00000000  f4:0x529ce80b f11=0x00000000
     347075.000 ns	     34706	80007320	01197533	and	x10,x18,x17	 x18:0xff800000 x17:0x80041000 x10=0x80000000
     347085.000 ns	     34707	80007324	019093b3	sll	x7,x1,x25	  x1:0x4c7388ac x25:0x00000000  x7=0x4c7388ac
     347095.000 ns	     34708	80007328	00658133	add	x2,x11,x6	 x11:0x4f000410  x6:0x4f000410  x2=0x9e000820
     347115.000 ns	     34710	8000732c	d017fd53	fcvt.s.wu	f26,x15	 x15:0x6976b108 f26=0x4ed2ed62
     347135.000 ns	     34712	80007330	00c7df93	srli	x31,x15,0xc	 x15:0x6976b108 x31=0x0006976b
     347145.000 ns	     34713	80007334	00ec8fb3	add	x31,x25,x14	 x25:0x00000000 x14:0x00000000 x31=0x00000000
     347165.000 ns	     34715	80007338	e0030553	fmv.x.w	x10,f6	  f6:0x4c738e26 x10=0x4c738e26
     347205.000 ns	     34719	8000733c	5805ccd3	fsqrt.s	f25,f11	 f11:0x00000000 f25=0x00000000
     347235.000 ns	     34722	80007340	031135b3	mulhu	x11,x2,x17	  x2:0x9e000820 x17:0x80041000 x11=0x4f0285f0
     347255.000 ns	     34724	80007344	bbbd3493	sltiu	x9,x26,-1093	 x26:0x55816000  x9=0x00000001
     347265.000 ns	     34725	80007348	010c5713	srli	x14,x24,0x10	 x24:0x00000000 x14=0x00000000
     347305.000 ns	     34729	8000734c	08c9f653	fsub.s	f12,f19,f12	 f19:0x00000000 f12:0x529ce80b f12=0xd29ce80b
     347335.000 ns	     34732	80007350	a00986d3	fle.s	x13,f19,f0	 f19:0x00000000  f0:0x00000000 x13=0x00000001
     347375.000 ns	     34736	80007354	19c577d3	fdiv.s	f15,f10,f28	 f10:0x529ce80b f28:0x7fc00000 f15=0x7fc00000
     347405.000 ns	     34739	80007358	c012f053	fcvt.wu.s	x0,f5	  f5:0xd29ce80b
     347435.000 ns	     34742	8000735c	20bfae53	fsgnjx.s	f28,f31,f11	 f31:0x6c8e05a6 f11:0x00000000 f28=0x6c8e05a6
     347455.000 ns	     34744	80007360	0108e2b3	or	x5,x17,x16	 x17:0x80041000 x16:0x00000000  x5=0x80041000
     347495.000 ns	     34748	80007364	08a13c53	fsub.s	f24,f2,f10	  f2:0x80000000 f10:0x529ce80b f24=0xd29ce80b
     347515.000 ns	     34750	80007368	c17d7693	andi	x13,x26,-1001	 x26:0x55816000 x13=0x55816000
     347875.000 ns	     34786	8000736c	022e5fb3	divu	x31,x28,x2	 x28:0x00000010  x2:0x9e000820 x31=0x00000000
     347895.000 ns	     34788	80007370	000cd633	srl	x12,x25,x0	 x25:0x00000000  x0:0x00000000 x12=0x00000000
     347915.000 ns	     34790	80007374	a1e6a8d3	feq.s	x17,f13,f30	 f13:0x80000000 f30:0x4f000410 x17=0x00000000
     348285.000 ns	     34827	80007378	03cd5b33	divu	x22,x26,x28	 x26:0x55816000 x28:0x00000010 x22=0x05581600
     348305.000 ns	     34829	8000737c	417f8eb3	sub	x29,x31,x23	 x31:0x00000000 x23:0x00000000 x29=0x00000000
     348325.000 ns	     34831	80007380	a1f401d3	fle.s	x3,f8,f31	  f8:0x00000000 f31:0x6c8e05a6  x3=0x00000001
     348345.000 ns	     34833	80007384	fe3a8417	auipc	x8,0xfe3a8	  x8=0x7e3af384
     348355.000 ns	     34834	80007388	56efcb17	auipc	x22,0x56efc	 x22=0xd6f03388
     348375.000 ns	     34836	8000738c	294705d3	fmin.s	f11,f14,f20	 f14:0x338c732f f20:0x42800000 f11=0x338c732f
     348395.000 ns	     34838	80007390	00a67513	andi	x10,x12,10	 x12:0x00000000 x10=0x00000000
     348425.000 ns	     34841	80007394	1943b053	fdiv.s	f0,f7,f20	  f7:0x00000000 f20:0x42800000  f0=0x00000000
     348455.000 ns	     34844	80007398	c0007253	fcvt.w.s	x4,f0	  f0:0x00000000  x4=0x00000000
     348505.000 ns	     34849	8000739c	010cf8d3	fadd.s	f17,f25,f16	 f25:0x00000000 f16:0x4cf38e26 f17=0x4cf38e26
     348535.000 ns	     34852	800073a0	d005f6d3	fcvt.s.w	f13,x11	 x11:0x4f0285f0 f13=0x4e9e050b
     348565.000 ns	     34855	800073a4	a1f50153	fle.s	x2,f10,f31	 f10:0x529ce80b f31:0x6c8e05a6  x2=0x00000001
     348595.000 ns	     34858	800073a8	c0154553	fcvt.wu.s	x10,f10	 f10:0x529ce80b x10=0xffffffff
     348615.000 ns	     34860	800073ac	015360b3	or	x1,x6,x21	  x6:0x4f000410 x21:0x0098e711  x1=0x4f98e711
     348625.000 ns	     34861	800073b0	40980633	sub	x12,x16,x9	 x16:0x00000000  x9:0x00000001 x12=0xffffffff
     348645.000 ns	     34863	800073b4	a12713d3	flt.s	x7,f14,f18	 f14:0x338c732f f18:0x00000000  x7=0x00000000
     348675.000 ns	     34866	800073b8	02b51133	mulh	x2,x10,x11	 x10:0xffffffff x11:0x4f0285f0  x2=0xffffffff
     348705.000 ns	     34869	800073bc	a14e97d3	flt.s	x15,f29,f20	 f29:0x4f7c31c4 f20:0x42800000 x15=0x00000000
     348725.000 ns	     34871	800073c0	011692b3	sll	x5,x13,x17	 x13:0x55816000 x17:0x00000000  x5=0x55816000
     348745.000 ns	     34873	800073c4	a1082b53	feq.s	x22,f16,f16	 f16:0x4cf38e26 f16:0x4cf38e26 x22=0x00000001
     348765.000 ns	     34875	800073c8	89654337	lui	x6,0x89654	  x6=0x89654000
     348775.000 ns	     34876	800073cc	0048d013	srli	x0,x17,0x4	 x17:0x00000000
     348785.000 ns	     34877	800073d0	4426ee93	ori	x29,x13,1090	 x13:0x55816000 x29=0x55816442
     348805.000 ns	     34879	800073d4	f0048ed3	fmv.w.x	f29,x9	  x9:0x00000001 f29=0x00000001
     348855.000 ns	     34884	800073d8	01fdf3d3	fadd.s	f7,f27,f31	 f27:0x00000000 f31:0x6c8e05a6  f7=0x6c8e05a6
     348885.000 ns	     34887	800073dc	e0098753	fmv.x.w	x14,f19	 f19:0x00000000 x14=0x00000000
     348905.000 ns	     34889	800073e0	a4288513	addi	x10,x17,-1470	 x17:0x00000000 x10=0xfffffa42
     348925.000 ns	     34891	800073e4	280211d3	fmax.s	f3,f4,f0	  f4:0x529ce80b  f0:0x00000000  f3=0x529ce80b
     348945.000 ns	     34893	800073e8	765b0393	addi	x7,x22,1893	 x22:0x00000001  x7=0x00000766
     348955.000 ns	     34894	800073ec	00c64833	xor	x16,x12,x12	 x12:0xffffffff x12:0xffffffff x16=0x00000000
     348965.000 ns	     34895	800073f0	41178333	sub	x6,x15,x17	 x15:0x00000000 x17:0x00000000  x6=0x00000000
     348975.000 ns	     34896	800073f4	40df88b3	sub	x17,x31,x13	 x31:0x00000000 x13:0x55816000 x17=0xaa7ea000
     348985.000 ns	     34897	800073f8	017443b3	xor	x7,x8,x23	  x8:0x7e3af384 x23:0x00000000  x7=0x7e3af384
     349005.000 ns	     34899	800073fc	f0070ad3	fmv.w.x	f21,x14	 x14:0x00000000 f21=0x00000000
     349025.000 ns	     34901	80007400	013dceb3	xor	x29,x27,x19	 x27:0x80041024 x19:0xfc31c41b x29=0x7c35d43f
     349045.000 ns	     34903	80007404	d0013ed3	fcvt.s.w	f29,x2	  x2:0xffffffff f29=0xbf800000
     349075.000 ns	     34906	80007408	02382833	mulhsu	x16,x16,x3	 x16:0x00000000  x3:0x00000001 x16=0x00000000
     349105.000 ns	     34909	8000740c	21fc20d3	fsgnjx.s	f1,f24,f31	 f24:0xd29ce80b f31:0x6c8e05a6  f1=0xd29ce80b
     349135.000 ns	     34912	80007410	28f61053	fmax.s	f0,f12,f15	 f12:0xd29ce80b f15:0x7fc00000  f0=0xd29ce80b
     349165.000 ns	     34915	80007414	02076fb3	rem	x31,x14,x0	 x14:0x00000000  x0:0x00000000 x31=0x00000000
     349185.000 ns	     34917	80007418	50bc0c13	addi	x24,x24,1291	 x24:0x00000000 x24=0x0000050b
     349195.000 ns	     34918	8000741c	f7688513	addi	x10,x17,-138	 x17:0xaa7ea000 x10=0xaa7e9f76
     349215.000 ns	     34920	80007420	a1c8a0d3	feq.s	x1,f17,f28	 f17:0x4cf38e26 f28:0x6c8e05a6  x1=0x00000000
     349265.000 ns	     34925	80007424	01c2fd53	fadd.s	f26,f5,f28	  f5:0xd29ce80b f28:0x6c8e05a6 f26=0x6c8e05a6
     349295.000 ns	     34928	80007428	e0048353	fmv.x.w	x6,f9	  f9:0xff800000  x6=0xff800000
     349325.000 ns	     34931	8000742c	a0719153	flt.s	x2,f3,f7	  f3:0x529ce80b  f7:0x6c8e05a6  x2=0x00000001
     349345.000 ns	     34933	80007430	1eb6f513	andi	x10,x13,491	 x13:0x55816000 x10=0x00000000
     349365.000 ns	     34935	80007434	e00f8cd3	fmv.x.w	x25,f31	 f31:0x6c8e05a6 x25=0x6c8e05a6
     349385.000 ns	     34937	80007438	9ed78c37	lui	x24,0x9ed78	 x24=0x9ed78000
     349415.000 ns	     34940	8000743c	580c9b53	fsqrt.s	f22,f25	 f25:0x00000000 f22=0x00000000
     349445.000 ns	     34943	80007440	02d1bc33	mulhu	x24,x3,x13	  x3:0x00000001 x13:0x55816000 x24=0x00000000
     349475.000 ns	     34946	80007444	a1718d53	fle.s	x26,f3,f23	  f3:0x529ce80b f23:0x00000000 x26=0x00000000
     349505.000 ns	     34949	80007448	e0061653	fclass.s	x12,f12	 f12:0xd29ce80b x12=0x00000002
     349525.000 ns	     34951	8000744c	4184dc13	srai	x24,x9,0x18	  x9:0x00000001 x24=0x00000000
     349555.000 ns	     34954	80007450	11f3f053	fmul.s	f0,f7,f31	  f7:0x6c8e05a6 f31:0x6c8e05a6  f0=0x7f800000
     349575.000 ns	     34956	80007454	01e25733	srl	x14,x4,x30	  x4:0x00000000 x30:0xcc77feff x14=0x00000000
     349615.000 ns	     34960	80007458	014fbbd3	fadd.s	f23,f31,f20	 f31:0x6c8e05a6 f20:0x42800000 f23=0x6c8e05a6
     349665.000 ns	     34965	8000745c	019c79d3	fadd.s	f19,f24,f25	 f24:0xd29ce80b f25:0x00000000 f19=0xd29ce80b
     349695.000 ns	     34968	80007460	03d32cb3	mulhsu	x25,x6,x29	  x6:0xff800000 x29:0x7c35d43f x25=0xffc1e515
     350065.000 ns	     35005	80007464	022af1b3	remu	x3,x21,x2	 x21:0x0098e711  x2:0x00000001  x3=0x00000000
     350085.000 ns	     35007	80007468	4220ff37	lui	x30,0x4220f	 x30=0x4220f000
     350105.000 ns	     35009	8000746c	02098ab3	mul	x21,x19,x0	 x19:0xfc31c41b  x0:0x00000000 x21=0x00000000
     350125.000 ns	     35011	80007470	01bd0ab3	add	x21,x26,x27	 x26:0x00000000 x27:0x80041024 x21=0x80041024
     350145.000 ns	     35013	80007474	29428253	fmin.s	f4,f5,f20	  f5:0xd29ce80b f20:0x42800000  f4=0xd29ce80b
     350175.000 ns	     35016	80007478	a1d29853	flt.s	x16,f5,f29	  f5:0xd29ce80b f29:0xbf800000 x16=0x00000001
     350195.000 ns	     35018	8000747c	0103ad33	slt	x26,x7,x16	  x7:0x7e3af384 x16:0x00000000 x26=0x00000000
     350215.000 ns	     35020	80007480	a00512d3	flt.s	x5,f10,f0	 f10:0x529ce80b  f0:0x7f800000  x5=0x00000001
     350235.000 ns	     35022	80007484	010a2c33	slt	x24,x20,x16	 x20:0x80040fe4 x16:0x00000001 x24=0x00000001
     350255.000 ns	     35024	80007488	03c6ac33	mulhsu	x24,x13,x28	 x13:0x55816000 x28:0x00000010 x24=0x00000005
     350625.000 ns	     35061	8000748c	038b5633	divu	x12,x22,x24	 x22:0x00000001 x24:0x00000000 x12=0x00000000
     350655.000 ns	     35064	80007490	c00bff53	fcvt.w.s	x30,f23	 f23:0x6c8e05a6 x30=0x7fffffff
     350675.000 ns	     35066	80007494	3d0c0493	addi	x9,x24,976	 x24:0x00000005  x9=0x000003d5
     350715.000 ns	     35070	80007498	08e91253	fsub.s	f4,f18,f14	 f18:0x00000000 f14:0x338c732f  f4=0xb38c732f
     351085.000 ns	     35107	8000749c	03c1ed33	rem	x26,x3,x28	  x3:0x00000000 x28:0x00000010 x26=0x00000000
     351105.000 ns	     35109	800074a0	402fd313	srai	x6,x31,0x2	 x31:0x00000000  x6=0x00000000
     351125.000 ns	     35111	800074a4	e00e1953	fclass.s	x18,f28	 f28:0x6c8e05a6 x18=0x00000040
     351155.000 ns	     35114	800074a8	a1ae9053	flt.s	x0,f29,f26	 f29:0xbf800000 f26:0x6c8e05a6
     351175.000 ns	     35116	800074ac	005f5a93	srli	x21,x30,0x5	 x30:0x7fffffff x21=0x03ffffff
     351185.000 ns	     35117	800074b0	011ffbb3	and	x23,x31,x17	 x31:0x00000000 x17:0xaa7ea000 x23=0x00000000
     351195.000 ns	     35118	800074b4	ab299197	auipc	x3,0xab299	  x3=0x2b2a04b4
     351215.000 ns	     35120	800074b8	0263a1b3	mulhsu	x3,x7,x6	  x7:0x7e3af384  x6:0x00000000  x3=0x00000000
     351235.000 ns	     35122	800074bc	405adb93	srai	x23,x21,0x5	 x21:0x03ffffff x23=0x001fffff
     351245.000 ns	     35123	800074c0	01c5e333	or	x6,x11,x28	 x11:0x4f0285f0 x28:0x00000010  x6=0x4f0285f0
     351255.000 ns	     35124	800074c4	00db3b33	sltu	x22,x22,x13	 x22:0x00000001 x13:0x55816000 x22=0x00000001
     351265.000 ns	     35125	800074c8	00d1d2b3	srl	x5,x3,x13	  x3:0x00000000 x13:0x55816000  x5=0x00000000
     351285.000 ns	     35127	800074cc	21c80353	fsgnj.s	f6,f16,f28	 f16:0x4cf38e26 f28:0x6c8e05a6  f6=0x4cf38e26
     351305.000 ns	     35129	800074d0	0172cd33	xor	x26,x5,x23	  x5:0x00000001 x23:0x001fffff x26=0x001fffff
     351315.000 ns	     35130	800074d4	004f1213	slli	x4,x30,0x4	 x30:0x7fffffff  x4=0xfffffff0
     351325.000 ns	     35131	800074d8	41f2d233	sra	x4,x5,x31	  x5:0x00000000 x31:0x00000000  x4=0x00000000
     351335.000 ns	     35132	800074dc	00e79c13	slli	x24,x15,0xe	 x15:0x00000000 x24=0x00000000
     351345.000 ns	     35133	800074e0	00731913	slli	x18,x6,0x7	  x6:0x4f0285f0 x18=0x8142f800
     351365.000 ns	     35135	800074e4	e0009053	fclass.s	x0,f1	  f1:0xd29ce80b
     351385.000 ns	     35137	800074e8	40055593	srai	x11,x10,0x0	 x10:0x00000000 x11=0x00000000
     351405.000 ns	     35139	800074ec	e00f9553	fclass.s	x10,f31	 f31:0x6c8e05a6 x10=0x00000040
     351435.000 ns	     35142	800074f0	f00e8e53	fmv.w.x	f28,x29	 x29:0x7c35d43f f28=0x7c35d43f
     351455.000 ns	     35144	800074f4	c00a8713	addi	x14,x21,-1024	 x21:0x03ffffff x14=0x03fffbff
     351465.000 ns	     35145	800074f8	f2e53013	sltiu	x0,x10,-210	 x10:0x00000040
     351485.000 ns	     35147	800074fc	c00e4ad3	fcvt.w.s	x21,f28	 f28:0x7c35d43f x21=0x7fffffff
     351825.000 ns	     35181	80007500	19131ed3	fdiv.s	f29,f6,f17	  f6:0x4cf38e26 f17:0x4cf38e26 f29=0x3f738e26
     351845.000 ns	     35183	80007504	12ac6b13	ori	x22,x24,298	 x24:0x00000000 x22=0x0000012a
     351855.000 ns	     35184	80007508	409884b3	sub	x9,x17,x9	 x17:0xaa7ea000  x9:0x000003d5  x9=0xaa7e9c2b
     351875.000 ns	     35186	8000750c	029916b3	mulh	x13,x18,x9	 x18:0x8142f800  x9:0x000003d5 x13=0x2a54d255
     351905.000 ns	     35189	80007510	a19f20d3	feq.s	x1,f30,f25	 f30:0x4f000410 f25:0x00000000  x1=0x00000000
     351925.000 ns	     35191	80007514	01094ab3	xor	x21,x18,x16	 x18:0x8142f800 x16:0x00000001 x21=0x8142f801
     351935.000 ns	     35192	80007518	a4934713	xori	x14,x6,-1463	  x6:0x4f0285f0 x14=0xb0fd7fb9
     352265.000 ns	     35225	8000751c	18befe53	fdiv.s	f28,f29,f11	 f29:0x3f738e26 f11:0x338c732f f28=0x4b2bebda
     352295.000 ns	     35228	80007520	29d19b53	fmax.s	f22,f3,f29	  f3:0x529ce80b f29:0x3f738e26 f22=0x529ce80b
     352315.000 ns	     35230	80007524	40850fb3	sub	x31,x10,x8	 x10:0x00000040  x8:0x7e3af384 x31=0x81c50cbc
     352325.000 ns	     35231	80007528	1277a713	slti	x14,x15,295	 x15:0x00000000 x14=0x00000001
     352335.000 ns	     35232	8000752c	41f95413	srai	x8,x18,0x1f	 x18:0x8142f800  x8=0xffffffff
     352355.000 ns	     35234	80007530	f0078bd3	fmv.w.x	f23,x15	 x15:0x00000000 f23=0x00000000
     352385.000 ns	     35237	80007534	283195d3	fmax.s	f11,f3,f3	  f3:0x529ce80b  f3:0x529ce80b f11=0x529ce80b
     352405.000 ns	     35239	80007538	40608233	sub	x4,x1,x6	  x1:0x00000000  x6:0x4f0285f0  x4=0xb0fd7a10
     352415.000 ns	     35240	8000753c	72f9f013	andi	x0,x19,1839	 x19:0xfc31c41b
     352445.000 ns	     35243	80007540	11de8753	fmul.s	f14,f29,f29	 f29:0x3f738e26 f29:0x3f738e26 f14=0x3f67b72b
     352475.000 ns	     35246	80007544	e0011ed3	fclass.s	x29,f2	  f2:0x80000000 x29=0x00000008
     352505.000 ns	     35249	80007548	21a0add3	fsgnjx.s	f27,f1,f26	  f1:0xd29ce80b f26:0x6c8e05a6 f27=0xd29ce80b
     352545.000 ns	     35253	8000754c	580cf3d3	fsqrt.s	f7,f25	 f25:0x00000000  f7=0x00000000
     352575.000 ns	     35256	80007550	281d8dd3	fmin.s	f27,f27,f1	 f27:0xd29ce80b  f1:0xd29ce80b f27=0xd29ce80b
     352595.000 ns	     35258	80007554	416dd593	srai	x11,x27,0x16	 x27:0x80041024 x11=0xfffffe00
     352635.000 ns	     35262	80007558	09a978d3	fsub.s	f17,f18,f26	 f18:0x00000000 f26:0x6c8e05a6 f17=0xec8e05a6
     352655.000 ns	     35264	8000755c	ac1f3a93	sltiu	x21,x30,-1343	 x30:0x7fffffff x21=0x00000001
     352665.000 ns	     35265	80007560	c6937313	andi	x6,x6,-919	  x6:0x4f0285f0  x6=0x4f028460
     352675.000 ns	     35266	80007564	1f462237	lui	x4,0x1f462	  x4=0x1f462000
     352695.000 ns	     35268	80007568	201415d3	fsgnjn.s	f11,f8,f1	  f8:0x00000000  f1:0xd29ce80b f11=0x00000000
     352715.000 ns	     35270	8000756c	00000013	addi	x0,x0,0	  x0:0x00000000
     352735.000 ns	     35272	80007570	20e712d3	fsgnjn.s	f5,f14,f14	 f14:0x3f67b72b f14:0x3f67b72b  f5=0xbf67b72b
     352765.000 ns	     35275	80007574	a0428853	fle.s	x16,f5,f4	  f5:0xd29ce80b  f4:0xb38c732f x16=0x00000001
     352785.000 ns	     35277	80007578	b26cb1b7	lui	x3,0xb26cb	  x3=0xb26cb000
     352805.000 ns	     35279	8000757c	d0191653	fcvt.s.wu	f12,x18	 x18:0x8142f800 f12=0x4f0142f8
     352835.000 ns	     35282	80007580	c01d7153	fcvt.wu.s	x2,f26	 f26:0x6c8e05a6  x2=0xffffffff
     352855.000 ns	     35284	80007584	0084e333	or	x6,x9,x8	  x9:0xaa7e9c2b  x8:0xffffffff  x6=0xffffffff
     352865.000 ns	     35285	80007588	00bfb6b3	sltu	x13,x31,x11	 x31:0x81c50cbc x11:0xfffffe00 x13=0x00000001
     352905.000 ns	     35289	8000758c	01d4cb53	fadd.s	f22,f9,f29	  f9:0xff800000 f29:0x3f738e26 f22=0xff800000
     352925.000 ns	     35291	80007590	5302f793	andi	x15,x5,1328	  x5:0x00000000 x15=0x00000000
     352945.000 ns	     35293	80007594	a1bf93d3	flt.s	x7,f31,f27	 f31:0x6c8e05a6 f27:0xd29ce80b  x7=0x00000000
     352965.000 ns	     35295	80007598	41d95093	srai	x1,x18,0x1d	 x18:0x8142f800  x1=0xfffffffc
     352985.000 ns	     35297	8000759c	d00c2053	fcvt.s.w	f0,x24	 x24:0x00000000  f0=0x00000000
     353005.000 ns	     35299	800075a0	000a9913	slli	x18,x21,0x0	 x21:0x00000001 x18=0x00000001
     353025.000 ns	     35301	800075a4	d01acdd3	fcvt.s.wu	f27,x21	 x21:0x00000001 f27=0x3f800000
     353055.000 ns	     35304	800075a8	c00dbd53	fcvt.w.s	x26,f27	 f27:0xd29ce80b x26=0x00000001
     354235.000 ns	     35422	800075ac	58037cd3	fsqrt.s	f25,f6	  f6:0x4cf38e26 f25=0x46309081
     354605.000 ns	     35459	800075b0	021e4433	div	x8,x28,x1	 x28:0x00000010  x1:0xfffffffc  x8=0xfffffffc
     354625.000 ns	     35461	800075b4	fe788d13	addi	x26,x17,-25	 x17:0xaa7ea000 x26=0xaa7e9fe7
     354635.000 ns	     35462	800075b8	00360233	add	x4,x12,x3	 x12:0x00000000  x3:0xb26cb000  x4=0xb26cb000
     354645.000 ns	     35463	800075bc	01becc33	xor	x24,x29,x27	 x29:0x00000008 x27:0x80041024 x24=0x8004102c
     354665.000 ns	     35465	800075c0	e0039053	fclass.s	x0,f7	  f7:0x00000000
     354695.000 ns	     35468	800075c4	a04b04d3	fle.s	x9,f22,f4	 f22:0xff800000  f4:0xb38c732f  x9=0x00000001
     354715.000 ns	     35470	800075c8	415e8533	sub	x10,x29,x21	 x29:0x00000008 x21:0x00000001 x10=0x00000007
     354725.000 ns	     35471	800075cc	96fa8613	addi	x12,x21,-1681	 x21:0x00000001 x12=0xfffff970
     354745.000 ns	     35473	800075d0	f00781d3	fmv.w.x	f3,x15	 x15:0x00000000  f3=0x00000000
     354765.000 ns	     35475	800075d4	016ac233	xor	x4,x21,x22	 x21:0x00000001 x22:0x0000012a  x4=0x0000012b
     354775.000 ns	     35476	800075d8	01aadf93	srli	x31,x21,0x1a	 x21:0x00000001 x31=0x00000000
     354795.000 ns	     35478	800075dc	a00eabd3	feq.s	x23,f29,f0	 f29:0x3f738e26  f0:0x00000000 x23=0x00000000
     354815.000 ns	     35480	800075e0	01940ab3	add	x21,x8,x25	  x8:0xfffffffc x25:0xffc1e515 x21=0xffc1e511
     354855.000 ns	     35484	800075e4	085278d3	fsub.s	f17,f4,f5	  f4:0xb38c732f  f5:0xbf67b72b f17=0x3f67b729
     355225.000 ns	     35521	800075e8	031cd733	divu	x14,x25,x17	 x25:0xffc1e515 x17:0xaa7ea000 x14=0x00000001
     355245.000 ns	     35523	800075ec	3134bc17	auipc	x24,0x3134b	 x24=0xb13525ec
     355255.000 ns	     35524	800075f0	01db1ab3	sll	x21,x22,x29	 x22:0x0000012a x29:0x00000008 x21=0x00012a00
     355265.000 ns	     35525	800075f4	00d08eb3	add	x29,x1,x13	  x1:0xfffffffc x13:0x00000001 x29=0xfffffffd
     355285.000 ns	     35527	800075f8	e0049553	fclass.s	x10,f9	  f9:0xff800000 x10=0x00000001
     355305.000 ns	     35529	800075fc	c4536213	ori	x4,x6,-955	  x6:0xffffffff  x4=0xffffffff
     355325.000 ns	     35531	80007600	c0147453	fcvt.wu.s	x8,f8	  f8:0x00000000  x8=0x00000000
     355345.000 ns	     35533	80007604	28132d13	slti	x26,x6,641	  x6:0xffffffff x26=0x00000001
     355365.000 ns	     35535	80007608	211794d3	fsgnjn.s	f9,f15,f17	 f15:0x7fc00000 f17:0x3f67b729  f9=0xffc00000
     355395.000 ns	     35538	8000760c	201f9353	fsgnjn.s	f6,f31,f1	 f31:0x6c8e05a6  f1:0xd29ce80b  f6=0x6c8e05a6
     355415.000 ns	     35540	80007610	004375b3	and	x11,x6,x4	  x6:0xffffffff  x4:0xffffffff x11=0xffffffff
     355425.000 ns	     35541	80007614	01571633	sll	x12,x14,x21	 x14:0x00000001 x21:0x00012a00 x12=0x00000001
     355445.000 ns	     35543	80007618	f00b0153	fmv.w.x	f2,x22	 x22:0x0000012a  f2=0x0000012a
     355465.000 ns	     35545	8000761c	40fb5233	sra	x4,x22,x15	 x22:0x0000012a x15:0x00000000  x4=0x0000012a
     355485.000 ns	     35547	80007620	a1f09653	flt.s	x12,f1,f31	  f1:0xd29ce80b f31:0x6c8e05a6 x12=0x00000001
     355515.000 ns	     35550	80007624	02c92833	mulhsu	x16,x18,x12	 x18:0x00000001 x12:0x00000001 x16=0x00000000
     355535.000 ns	     35552	80007628	013197b3	sll	x15,x3,x19	  x3:0xb26cb000 x19:0xfc31c41b x15=0x00000000
     355545.000 ns	     35553	8000762c	00a15a93	srli	x21,x2,0xa	  x2:0xffffffff x21=0x003fffff
     355555.000 ns	     35554	80007630	00a3b733	sltu	x14,x7,x10	  x7:0x00000000 x10:0x00000001 x14=0x00000001
     355575.000 ns	     35556	80007634	f00b80d3	fmv.w.x	f1,x23	 x23:0x00000000  f1=0x00000000
     355945.000 ns	     35593	80007638	021ee833	rem	x16,x29,x1	 x29:0xfffffffd  x1:0xfffffffc x16=0xfffffffd
     355965.000 ns	     35595	8000763c	00cdd3b3	srl	x7,x27,x12	 x27:0x80041024 x12:0x00000001  x7=0x40020812
     355975.000 ns	     35596	80007640	016056b3	srl	x13,x0,x22	  x0:0x00000000 x22:0x0000012a x13=0x00000000
     355995.000 ns	     35598	80007644	0271af33	mulhsu	x30,x3,x7	  x3:0xb26cb000  x7:0x00000000 x30=0xec9a8e67
     357175.000 ns	     35716	80007648	580721d3	fsqrt.s	f3,f14	 f14:0x3f67b72b  f3=0x3f23d8f8
     357205.000 ns	     35719	8000764c	c001f953	fcvt.w.s	x18,f3	  f3:0x00000000 x18=0x00000000
     357225.000 ns	     35721	80007650	41a50033	sub	x0,x10,x26	 x10:0x00000001 x26:0x00000001
     357585.000 ns	     35757	80007654	021357b3	divu	x15,x6,x1	  x6:0xffffffff  x1:0xfffffffc x15=0x00000001
     357615.000 ns	     35760	80007658	c0032753	fcvt.w.s	x14,f6	  f6:0x6c8e05a6 x14=0x7fffffff
     357635.000 ns	     35762	8000765c	418cd333	sra	x6,x25,x24	 x25:0xffc1e515 x24:0xb13525ec  x6=0xfffffc1e
     357645.000 ns	     35763	80007660	0141c833	xor	x16,x3,x20	  x3:0xb26cb000 x20:0x80040fe4 x16=0x3268bfe4
     357665.000 ns	     35765	80007664	e00293d3	fclass.s	x7,f5	  f5:0xbf67b72b  x7=0x00000002
     357695.000 ns	     35768	80007668	a1b58e53	fle.s	x28,f11,f27	 f11:0x00000000 f27:0x3f800000 x28=0x00000001
     357715.000 ns	     35770	8000766c	e991ca93	xori	x21,x3,-359	  x3:0xb26cb000 x21=0x4d934e99
     357725.000 ns	     35771	80007670	4036deb3	sra	x29,x13,x3	 x13:0x00000000  x3:0xb26cb000 x29=0x00000000
     357745.000 ns	     35773	80007674	03b7b033	mulhu	x0,x15,x27	 x15:0x00000001 x27:0x80041024
     357765.000 ns	     35775	80007678	cb1e6713	ori	x14,x28,-847	 x28:0x00000001 x14=0xfffffcb1
     357775.000 ns	     35776	8000767c	3051e4b7	lui	x9,0x3051e	  x9=0x3051e000
     358135.000 ns	     35812	80007680	021444b3	div	x9,x8,x1	  x8:0x00000000  x1:0xfffffffc  x9=0x00000000
     358155.000 ns	     35814	80007684	00fc16b3	sll	x13,x24,x15	 x24:0xb13525ec x15:0x00000001 x13=0x626a4bd8
     358195.000 ns	     35818	80007688	00660a53	fadd.s	f20,f12,f6	 f12:0x4f0142f8  f6:0x6c8e05a6 f20=0x6c8e05a6
     358215.000 ns	     35820	8000768c	008ba5b3	slt	x11,x23,x8	 x23:0x00000000  x8:0x00000000 x11=0x00000000
     358225.000 ns	     35821	80007690	013415b3	sll	x11,x8,x19	  x8:0x00000000 x19:0xfc31c41b x11=0x00000000
     358235.000 ns	     35822	80007694	01615633	srl	x12,x2,x22	  x2:0xffffffff x22:0x0000012a x12=0x003fffff
     358245.000 ns	     35823	80007698	7bb53693	sltiu	x13,x10,1979	 x10:0x00000001 x13=0x00000001
     358605.000 ns	     35859	8000769c	03c87333	remu	x6,x16,x28	 x16:0x3268bfe4 x28:0x00000001  x6=0x00000000
     358635.000 ns	     35862	800076a0	a0998b53	fle.s	x22,f19,f9	 f19:0xd29ce80b  f9:0xffc00000 x22=0x00000000
     358665.000 ns	     35865	800076a4	d0183453	fcvt.s.wu	f8,x16	 x16:0x3268bfe4  f8=0x4e49a300
     358685.000 ns	     35867	800076a8	91d28e13	addi	x28,x5,-1763	  x5:0x00000000 x28=0xfffff91d
     358705.000 ns	     35869	800076ac	e00718d3	fclass.s	x17,f14	 f14:0x3f67b72b x17=0x00000040
     358735.000 ns	     35872	800076b0	a1808253	fle.s	x4,f1,f24	  f1:0x00000000 f24:0xd29ce80b  x4=0x00000000
     358785.000 ns	     35877	800076b4	086bfbd3	fsub.s	f23,f23,f6	 f23:0x00000000  f6:0x6c8e05a6 f23=0xec8e05a6
     359125.000 ns	     35911	800076b8	19e633d3	fdiv.s	f7,f12,f30	 f12:0x4f0142f8 f30:0x4f000410  f7=0x3f0142f8
     359155.000 ns	     35914	800076bc	f00d8153	fmv.w.x	f2,x27	 x27:0x80041024  f2=0x80041024
     359185.000 ns	     35917	800076c0	a02b9853	flt.s	x16,f23,f2	 f23:0xec8e05a6  f2:0x0000012a x16=0x00000001
     359215.000 ns	     35920	800076c4	28ff0453	fmin.s	f8,f30,f15	 f30:0x4f000410 f15:0x7fc00000  f8=0x4f000410
     359245.000 ns	     35923	800076c8	024f15b3	mulh	x11,x30,x4	 x30:0xec9a8e67  x4:0x00000000 x11=0x00000000
     359275.000 ns	     35926	800076cc	02b38e33	mul	x28,x7,x11	  x7:0x00000002 x11:0x00000000 x28=0x00000000
     359295.000 ns	     35928	800076d0	98844537	lui	x10,0x98844	 x10=0x98844000
     359305.000 ns	     35929	800076d4	7a64b693	sltiu	x13,x9,1958	  x9:0x00000000 x13=0x00000001
     359325.000 ns	     35931	800076d8	e00b8053	fmv.x.w	x0,f23	 f23:0xec8e05a6
     359695.000 ns	     35968	800076dc	039a46b3	div	x13,x20,x25	 x20:0x80040fe4 x25:0xffc1e515 x13=0x0000020f
     359745.000 ns	     35973	800076e0	09184153	fsub.s	f2,f16,f17	 f16:0x4cf38e26 f17:0x3f67b729  f2=0x4cf38e26
     359765.000 ns	     35975	800076e4	1d9cfe93	andi	x29,x25,473	 x25:0xffc1e515 x29=0x00000111
     359775.000 ns	     35976	800076e8	dc703317	auipc	x6,0xdc703	  x6=0x5c70a6e8
     359795.000 ns	     35978	800076ec	03fd9933	mulh	x18,x27,x31	 x27:0x80041024 x31:0x00000000 x18=0x00000000
     359815.000 ns	     35980	800076f0	ad56e893	ori	x17,x13,-1323	 x13:0x0000020f x17=0xfffffadf
     359825.000 ns	     35981	800076f4	008a1193	slli	x3,x20,0x8	 x20:0x80040fe4  x3=0x040fe400
     359835.000 ns	     35982	800076f8	01cec8b3	xor	x17,x29,x28	 x29:0x00000111 x28:0x00000000 x17=0x00000111
     359855.000 ns	     35984	800076fc	c018f353	fcvt.wu.s	x6,f17	 f17:0x3f67b729  x6=0x00000000
     359885.000 ns	     35987	80007700	037184b3	mul	x9,x3,x23	  x3:0x040fe400 x23:0x00000000  x9=0x00000000
     359905.000 ns	     35989	80007704	01d8a8b3	slt	x17,x17,x29	 x17:0x00000111 x29:0x00000111 x17=0x00000000
     359925.000 ns	     35991	80007708	c013fcd3	fcvt.wu.s	x25,f7	  f7:0x3f0142f8 x25=0x00000000
     359945.000 ns	     35993	8000770c	40815093	srai	x1,x2,0x8	  x2:0xffffffff  x1=0xffffffff
     359965.000 ns	     35995	80007710	21d18853	fsgnj.s	f16,f3,f29	  f3:0x3f23d8f8 f29:0x3f738e26 f16=0x3f23d8f8
     360335.000 ns	     36032	80007714	0386f533	remu	x10,x13,x24	 x13:0x0000020f x24:0xb13525ec x10=0x0000020f
     360355.000 ns	     36034	80007718	01ca4033	xor	x0,x20,x28	 x20:0x80040fe4 x28:0x00000000
     360375.000 ns	     36036	8000771c	20ae8bd3	fsgnj.s	f23,f29,f10	 f29:0x3f738e26 f10:0x529ce80b f23=0x3f738e26
     360395.000 ns	     36038	80007720	00435833	srl	x16,x6,x4	  x6:0x00000000  x4:0x00000000 x16=0x00000000
     360405.000 ns	     36039	80007724	48643f93	sltiu	x31,x8,1158	  x8:0x00000000 x31=0x00000001
     360415.000 ns	     36040	80007728	00fdd033	srl	x0,x27,x15	 x27:0x80041024 x15:0x00000001
     360435.000 ns	     36042	8000772c	28588a53	fmin.s	f20,f17,f5	 f17:0x3f67b729  f5:0xbf67b72b f20=0xbf67b72b
     360465.000 ns	     36045	80007730	037848b3	div	x17,x16,x23	 x16:0x00000000 x23:0x00000000 x17=0xffffffff
     360485.000 ns	     36047	80007734	00048833	add	x16,x9,x0	  x9:0x00000000  x0:0x00000000 x16=0x00000000
     360495.000 ns	     36048	80007738	00000013	addi	x0,x0,0	  x0:0x00000000
     360505.000 ns	     36049	8000773c	157f2a93	slti	x21,x30,343	 x30:0xec9a8e67 x21=0x00000001
     360515.000 ns	     36050	80007740	4088d6b3	sra	x13,x17,x8	 x17:0xffffffff  x8:0x00000000 x13=0xffffffff
     360535.000 ns	     36052	80007744	02b143b3	div	x7,x2,x11	  x2:0xffffffff x11:0x00000000  x7=0xffffffff
     360905.000 ns	     36089	80007748	03e8c8b3	div	x17,x17,x30	 x17:0xffffffff x30:0xec9a8e67 x17=0x00000000
     360925.000 ns	     36091	8000774c	c8ab2593	slti	x11,x22,-886	 x22:0x00000000 x11=0x00000000
     360935.000 ns	     36092	80007750	cbfeb893	sltiu	x17,x29,-833	 x29:0x00000111 x17=0x00000001
     360955.000 ns	     36094	80007754	283c0653	fmin.s	f12,f24,f3	 f24:0xd29ce80b  f3:0x3f23d8f8 f12=0xd29ce80b
     360975.000 ns	     36096	80007758	413b5eb3	sra	x29,x22,x19	 x22:0x00000000 x19:0xfc31c41b x29=0x00000000
     360995.000 ns	     36098	8000775c	20c918d3	fsgnjn.s	f17,f18,f12	 f18:0x00000000 f12:0xd29ce80b f17=0x00000000
     361025.000 ns	     36101	80007760	a06c1653	flt.s	x12,f24,f6	 f24:0xd29ce80b  f6:0x6c8e05a6 x12=0x00000001
     361045.000 ns	     36103	80007764	9e424013	xori	x0,x4,-1564	  x4:0x00000000
     361065.000 ns	     36105	80007768	a01992d3	flt.s	x5,f19,f1	 f19:0xd29ce80b  f1:0x00000000  x5=0x00000001
     361085.000 ns	     36107	8000776c	007e42b3	xor	x5,x28,x7	 x28:0x00000000  x7:0xffffffff  x5=0xffffffff
     361095.000 ns	     36108	80007770	40c6d3b3	sra	x7,x13,x12	 x13:0xffffffff x12:0x00000001  x7=0xffffffff
     361115.000 ns	     36110	80007774	021b30b3	mulhu	x1,x22,x1	 x22:0x00000000  x1:0xffffffff  x1=0x00000000
     361145.000 ns	     36113	80007778	d0140853	fcvt.s.wu	f16,x8	  x8:0x00000000 f16=0x00000000
     361175.000 ns	     36116	8000777c	a1ea16d3	flt.s	x13,f20,f30	 f20:0xbf67b72b f30:0x4f000410 x13=0x00000001
     361205.000 ns	     36119	80007780	a16027d3	feq.s	x15,f0,f22	  f0:0x00000000 f22:0xff800000 x15=0x00000000
     361235.000 ns	     36122	80007784	29a802d3	fmin.s	f5,f16,f26	 f16:0x00000000 f26:0x6c8e05a6  f5=0x00000000
     361265.000 ns	     36125	80007788	03f028b3	mulhsu	x17,x0,x31	  x0:0x00000000 x31:0x00000001 x17=0x00000000
     361285.000 ns	     36127	8000778c	41f28333	sub	x6,x5,x31	  x5:0xffffffff x31:0x00000001  x6=0xfffffffe
     361295.000 ns	     36128	80007790	41e2d213	srai	x4,x5,0x1e	  x5:0xffffffff  x4=0xffffffff
     361305.000 ns	     36129	80007794	005e5f13	srli	x30,x28,0x5	 x28:0x00000000 x30=0x00000000
     361325.000 ns	     36131	80007798	02788233	mul	x4,x17,x7	 x17:0x00000000  x7:0xffffffff  x4=0x00000000
     361355.000 ns	     36134	8000779c	214fa7d3	fsgnjx.s	f15,f31,f20	 f31:0x6c8e05a6 f20:0xbf67b72b f15=0xec8e05a6
     361375.000 ns	     36136	800077a0	b76b7393	andi	x7,x22,-1162	 x22:0x00000000  x7=0x00000000
     361385.000 ns	     36137	800077a4	01560f33	add	x30,x12,x21	 x12:0x00000001 x21:0x00000001 x30=0x00000002
     361405.000 ns	     36139	800077a8	028bf5b3	remu	x11,x23,x8	 x23:0x00000000  x8:0x00000000 x11=0x00000000
     361425.000 ns	     36141	800077ac	00515b13	srli	x22,x2,0x5	  x2:0xffffffff x22=0x07ffffff
     361445.000 ns	     36143	800077b0	0208ffb3	remu	x31,x17,x0	 x17:0x00000000  x0:0x00000000 x31=0x00000000
     361465.000 ns	     36145	800077b4	6c49b593	sltiu	x11,x19,1732	 x19:0xfc31c41b x11=0x00000000
     361475.000 ns	     36146	800077b8	befc7913	andi	x18,x24,-1041	 x24:0xb13525ec x18=0xb13521ec
     361495.000 ns	     36148	800077bc	035eb8b3	mulhu	x17,x29,x21	 x29:0x00000000 x21:0x00000001 x17=0x00000000
     361515.000 ns	     36150	800077c0	4a8a3713	sltiu	x14,x20,1192	 x20:0x80040fe4 x14=0x00000000
     361555.000 ns	     36154	800077c4	0805a6d3	fsub.s	f13,f11,f0	 f11:0x00000000  f0:0x00000000 f13=0x80000000
     361575.000 ns	     36156	800077c8	01cb5113	srli	x2,x22,0x1c	 x22:0x07ffffff  x2=0x00000000
     361585.000 ns	     36157	800077cc	1fa48593	addi	x11,x9,506	  x9:0x00000000 x11=0x000001fa
     361595.000 ns	     36158	800077d0	00000013	addi	x0,x0,0	  x0:0x00000000
     361615.000 ns	     36160	800077d4	d0174053	fcvt.s.wu	f0,x14	 x14:0x00000000  f0=0x00000000
     361645.000 ns	     36163	800077d8	e00d9253	fclass.s	x4,f27	 f27:0x3f800000  x4=0x00000040
     361665.000 ns	     36165	800077dc	00000013	addi	x0,x0,0	  x0:0x00000000
     361995.000 ns	     36198	800077e0	18cdfc53	fdiv.s	f24,f27,f12	 f27:0x3f800000 f12:0xd29ce80b f24=0xac000000
     362025.000 ns	     36201	800077e4	d00ef753	fcvt.s.w	f14,x29	 x29:0x00000000 f14=0x00000000
     362055.000 ns	     36204	800077e8	d009cc53	fcvt.s.w	f24,x19	 x19:0xfc31c41b f24=0xcc738ef9
     362075.000 ns	     36206	800077ec	00c7d813	srli	x16,x15,0xc	 x15:0x00000000 x16=0x00000000
     362085.000 ns	     36207	800077f0	01e9f533	and	x10,x19,x30	 x19:0xfc31c41b x30:0x00000002 x10=0x00000002
     362095.000 ns	     36208	800077f4	40a104b3	sub	x9,x2,x10	  x2:0x00000000 x10:0x0000020f  x9=0xfffffffe
     362455.000 ns	     36244	800077f8	03abe633	rem	x12,x23,x26	 x23:0x00000000 x26:0x00000001 x12=0x00000000
     362475.000 ns	     36246	800077fc	00000013	addi	x0,x0,0	  x0:0x00000000
     362495.000 ns	     36248	80007800	03f111b3	mulh	x3,x2,x31	  x2:0x00000000 x31:0x00000000  x3=0x00000000
     362535.000 ns	     36252	80007804	58004fd3	fsqrt.s	f31,f0	  f0:0x00000000 f31=0x00000000
     362555.000 ns	     36254	80007808	017edd13	srli	x26,x29,0x17	 x29:0x00000000 x26=0x00000000
     362565.000 ns	     36255	8000780c	01d75233	srl	x4,x14,x29	 x14:0x00000000 x29:0x00000000  x4=0x00000000
     363675.000 ns	     36366	80007810	580f7453	fsqrt.s	f8,f30	 f30:0x4f000410  f8=0x46b50a40
     363705.000 ns	     36369	80007814	e00e8ed3	fmv.x.w	x29,f29	 f29:0x3f738e26 x29=0x3f738e26
     363735.000 ns	     36372	80007818	c00afcd3	fcvt.w.s	x25,f21	 f21:0x00000000 x25=0x00000000
     363765.000 ns	     36375	8000781c	e00090d3	fclass.s	x1,f1	  f1:0x00000000  x1=0x00000010
     363795.000 ns	     36378	80007820	03abe5b3	rem	x11,x23,x26	 x23:0x00000000 x26:0x00000000 x11=0x00000000
     363815.000 ns	     36380	80007824	4914df97	auipc	x31,0x4914d	 x31=0xc9154824
     363835.000 ns	     36382	80007828	035fa333	mulhsu	x6,x31,x21	 x31:0x00000000 x21:0x00000001  x6=0xffffffff
     363865.000 ns	     36385	8000782c	d01374d3	fcvt.s.wu	f9,x6	  x6:0xfffffffe  f9=0x4f7fffff
     363885.000 ns	     36387	80007830	00000013	addi	x0,x0,0	  x0:0x00000000
     364245.000 ns	     36423	80007834	03d9de33	divu	x28,x19,x29	 x19:0xfc31c41b x29:0x3f738e26 x28=0x00000003
     365425.000 ns	     36541	80007838	580d0253	fsqrt.s	f4,f26	 f26:0x6c8e05a6  f4=0x5606d3fa
     365445.000 ns	     36543	8000783c	0179c633	xor	x12,x19,x23	 x19:0xfc31c41b x23:0x00000000 x12=0xfc31c41b
     365465.000 ns	     36545	80007840	205321d3	fsgnjx.s	f3,f6,f5	  f6:0x6c8e05a6  f5:0x00000000  f3=0x6c8e05a6
     365495.000 ns	     36548	80007844	20290bd3	fsgnj.s	f23,f18,f2	 f18:0x00000000  f2:0x4cf38e26 f23=0x00000000
     365525.000 ns	     36551	80007848	a1b40b53	fle.s	x22,f8,f27	  f8:0x46b50a40 f27:0x3f800000 x22=0x00000000
     365545.000 ns	     36553	8000784c	00bc48b3	xor	x17,x24,x11	 x24:0xb13525ec x11:0x00000000 x17=0xb13525ec
     365555.000 ns	     36554	80007850	4011d533	sra	x10,x3,x1	  x3:0x00000000  x1:0x00000010 x10=0x00000000
     365565.000 ns	     36555	80007854	017cb1b3	sltu	x3,x25,x23	 x25:0x00000000 x23:0x00000000  x3=0x00000000
     365595.000 ns	     36558	80007858	10d1cdd3	fmul.s	f27,f3,f13	  f3:0x6c8e05a6 f13:0x80000000 f27=0x80000000
     365625.000 ns	     36561	8000785c	a0d913d3	flt.s	x7,f18,f13	 f18:0x00000000 f13:0x80000000  x7=0x00000000
     365655.000 ns	     36564	80007860	295d0dd3	fmin.s	f27,f26,f21	 f26:0x6c8e05a6 f21:0x00000000 f27=0x00000000
     365695.000 ns	     36568	80007864	19019953	fdiv.s	f18,f3,f16	  f3:0x6c8e05a6 f16:0x00000000 f18=0x7f800000
     365715.000 ns	     36570	80007868	01d60733	add	x14,x12,x29	 x12:0xfc31c41b x29:0x3f738e26 x14=0x3ba55241
     365735.000 ns	     36572	8000786c	d01d7d53	fcvt.s.wu	f26,x26	 x26:0x00000000 f26=0x00000000
     365755.000 ns	     36574	80007870	007d6633	or	x12,x26,x7	 x26:0x00000000  x7:0x00000000 x12=0x00000000
     365765.000 ns	     36575	80007874	d9c6ac13	slti	x24,x13,-612	 x13:0x00000001 x24=0x00000000
     365775.000 ns	     36576	80007878	4171da93	srai	x21,x3,0x17	  x3:0x00000000 x21=0x00000000
     365795.000 ns	     36578	8000787c	29e20ed3	fmin.s	f29,f4,f30	  f4:0x5606d3fa f30:0x4f000410 f29=0x4f000410
     365825.000 ns	     36581	80007880	e00a16d3	fclass.s	x13,f20	 f20:0xbf67b72b x13=0x00000002
     365855.000 ns	     36584	80007884	a08c82d3	fle.s	x5,f25,f8	 f25:0x46309081  f8:0x46b50a40  x5=0x00000001
     365885.000 ns	     36587	80007888	0289e233	rem	x4,x19,x8	 x19:0xfc31c41b  x8:0x00000000  x4=0xfc31c41b
     365915.000 ns	     36590	8000788c	c007f2d3	fcvt.w.s	x5,f15	 f15:0xec8e05a6  x5=0x80000000
     365935.000 ns	     36592	80007890	000b9113	slli	x2,x23,0x0	 x23:0x00000000  x2=0x00000000
     365945.000 ns	     36593	80007894	1b52bf93	sltiu	x31,x5,437	  x5:0x80000000 x31=0x00000000
     365965.000 ns	     36595	80007898	a16a0cd3	fle.s	x25,f20,f22	 f20:0xbf67b72b f22:0xff800000 x25=0x00000000
     365985.000 ns	     36597	8000789c	017a97b3	sll	x15,x21,x23	 x21:0x00000000 x23:0x00000000 x15=0x00000000
     366005.000 ns	     36599	800078a0	d011a9d3	fcvt.s.wu	f19,x3	  x3:0x00000000 f19=0x00000000
     366375.000 ns	     36636	800078a4	03d47433	remu	x8,x8,x29	  x8:0x00000000 x29:0x3f738e26  x8=0x00000000
     366405.000 ns	     36639	800078a8	29b00353	fmin.s	f6,f0,f27	  f0:0x00000000 f27:0x00000000  f6=0x00000000
     366435.000 ns	     36642	800078ac	03729e33	mulh	x28,x5,x23	  x5:0x80000000 x23:0x00000000 x28=0x00000000
     366465.000 ns	     36645	800078b0	f00383d3	fmv.w.x	f7,x7	  x7:0x00000000  f7=0x00000000
     366495.000 ns	     36648	800078b4	f00780d3	fmv.w.x	f1,x15	 x15:0x00000000  f1=0x00000000
     366525.000 ns	     36651	800078b8	f0030bd3	fmv.w.x	f23,x6	  x6:0xffffffff f23=0xffffffff
     366555.000 ns	     36654	800078bc	a0ff9ed3	flt.s	x29,f31,f15	 f31:0x00000000 f15:0xec8e05a6 x29=0x00000000
     366575.000 ns	     36656	800078c0	63147c93	andi	x25,x8,1585	  x8:0x00000000 x25=0x00000000
     366595.000 ns	     36658	800078c4	028537b3	mulhu	x15,x10,x8	 x10:0x00000000  x8:0x00000000 x15=0x00000000
     366615.000 ns	     36660	800078c8	001b90b3	sll	x1,x23,x1	 x23:0x00000000  x1:0x00000010  x1=0x00000000
     366625.000 ns	     36661	800078cc	414d8fb3	sub	x31,x27,x20	 x27:0x80041024 x20:0x80040fe4 x31=0x00000040
     366645.000 ns	     36663	800078d0	a08f9753	flt.s	x14,f31,f8	 f31:0x00000000  f8:0x46b50a40 x14=0x00000001
     366675.000 ns	     36666	800078d4	c01d12d3	fcvt.wu.s	x5,f26	 f26:0x00000000  x5=0x00000000
     366705.000 ns	     36669	800078d8	e00a96d3	fclass.s	x13,f21	 f21:0x00000000 x13=0x00000010
     366725.000 ns	     36671	800078dc	41bf8533	sub	x10,x31,x27	 x31:0x00000040 x27:0x80041024 x10=0x7ffbf01c
     366755.000 ns	     36674	800078e0	196a76d3	fdiv.s	f13,f20,f22	 f20:0xbf67b72b f22:0xff800000 f13=0x00000000
     366775.000 ns	     36676	800078e4	4020de33	sra	x28,x1,x2	  x1:0x00000000  x2:0x00000000 x28=0x00000000
     366785.000 ns	     36677	800078e8	1dcf3d13	sltiu	x26,x30,476	 x30:0x00000002 x26=0x00000001
     366805.000 ns	     36679	800078ec	a125af53	feq.s	x30,f11,f18	 f11:0x00000000 f18:0x7f800000 x30=0x00000000
     366825.000 ns	     36681	800078f0	a8f6c113	xori	x2,x13,-1393	 x13:0x00000010  x2=0xfffffa9f
     366835.000 ns	     36682	800078f4	c1ca6c13	ori	x24,x20,-996	 x20:0x80040fe4 x24=0xfffffffc
     366855.000 ns	     36684	800078f8	a17580d3	fle.s	x1,f11,f23	 f11:0x00000000 f23:0xffffffff  x1=0x00000000
     366875.000 ns	     36686	800078fc	00c33933	sltu	x18,x6,x12	  x6:0xffffffff x12:0x00000000 x18=0x00000000
     366885.000 ns	     36687	80007900	009bff33	and	x30,x23,x9	 x23:0x00000000  x9:0xfffffffe x30=0x00000000
     366905.000 ns	     36689	80007904	28d406d3	fmin.s	f13,f8,f13	  f8:0x46b50a40 f13:0x00000000 f13=0x00000000
     366955.000 ns	     36694	80007908	01491f53	fadd.s	f30,f18,f20	 f18:0x7f800000 f20:0xbf67b72b f30=0x7f800000
     366985.000 ns	     36697	8000790c	02578bb3	mul	x23,x15,x5	 x15:0x00000000  x5:0x00000000 x23=0x00000000
     367005.000 ns	     36699	80007910	00000013	addi	x0,x0,0	  x0:0x00000000
     367015.000 ns	     36700	80007914	00572333	slt	x6,x14,x5	 x14:0x00000001  x5:0x00000000  x6=0x00000000
     367035.000 ns	     36702	80007918	03270133	mul	x2,x14,x18	 x14:0x00000001 x18:0x00000000  x2=0x00000000
     367065.000 ns	     36705	8000791c	29fb9bd3	fmax.s	f23,f23,f31	 f23:0xffffffff f31:0x00000000 f23=0x00000000
     367095.000 ns	     36708	80007920	032ef233	remu	x4,x29,x18	 x29:0x00000000 x18:0x00000000  x4=0x00000000
     367115.000 ns	     36710	80007924	41e6d293	srai	x5,x13,0x1e	 x13:0x00000010  x5=0x00000000
     367125.000 ns	     36711	80007928	01711a93	slli	x21,x2,0x17	  x2:0x00000000 x21=0x00000000
     367145.000 ns	     36713	8000792c	20baac53	fsgnjx.s	f24,f21,f11	 f21:0x00000000 f11:0x00000000 f24=0x00000000
     367185.000 ns	     36717	80007930	180105d3	fdiv.s	f11,f2,f0	  f2:0x4cf38e26  f0:0x00000000 f11=0x7f800000
     367215.000 ns	     36720	80007934	a0fa9253	flt.s	x4,f21,f15	 f21:0x00000000 f15:0xec8e05a6  x4=0x00000000
     367245.000 ns	     36723	80007938	03cbbc33	mulhu	x24,x23,x28	 x23:0x00000000 x28:0x00000000 x24=0x00000000
     367265.000 ns	     36725	8000793c	00aa97b3	sll	x15,x21,x10	 x21:0x00000000 x10:0x7ffbf01c x15=0x00000000
     367275.000 ns	     36726	80007940	412ad013	srai	x0,x21,0x12	 x21:0x00000000
     367295.000 ns	     36728	80007944	0383fbb3	remu	x23,x7,x24	  x7:0x00000000 x24:0x00000000 x23=0x00000000
     367325.000 ns	     36731	80007948	29409453	fmax.s	f8,f1,f20	  f1:0x00000000 f20:0xbf67b72b  f8=0x00000000
     367695.000 ns	     36768	8000794c	03b6db33	divu	x22,x13,x27	 x13:0x00000010 x27:0x80041024 x22=0x00000000
     367715.000 ns	     36770	80007950	41a40833	sub	x16,x8,x26	  x8:0x00000000 x26:0x00000001 x16=0xffffffff
     367725.000 ns	     36771	80007954	023b7c93	andi	x25,x22,35	 x22:0x00000000 x25=0x00000000
     367735.000 ns	     36772	80007958	6aa80937	lui	x18,0x6aa80	 x18=0x6aa80000
     367755.000 ns	     36774	8000795c	020a2733	mulhsu	x14,x20,x0	 x20:0x80040fe4  x0:0x00000000 x14=0x00000000
     368125.000 ns	     36811	80007960	032af533	remu	x10,x21,x18	 x21:0x00000000 x18:0x00000000 x10=0x00000000
     368145.000 ns	     36813	80007964	b93f9c17	auipc	x24,0xb93f9	 x24=0x39400964
     368155.000 ns	     36814	80007968	00e39f13	slli	x30,x7,0xe	  x7:0x00000000 x30=0x00000000
     368175.000 ns	     36816	8000796c	a13f8e53	fle.s	x28,f31,f19	 f31:0x00000000 f19:0x00000000 x28=0x00000001
     368195.000 ns	     36818	80007970	2ecdf813	andi	x16,x27,748	 x27:0x80041024 x16=0x00000024
     368205.000 ns	     36819	80007974	00000013	addi	x0,x0,0	  x0:0x00000000
     368215.000 ns	     36820	80007978	006771b3	and	x3,x14,x6	 x14:0x00000000  x6:0x00000000  x3=0x00000000
     368235.000 ns	     36822	8000797c	02350133	mul	x2,x10,x3	 x10:0x00000000  x3:0x00000000  x2=0x00000000
     368255.000 ns	     36824	80007980	00000013	addi	x0,x0,0	  x0:0x00000000
     368275.000 ns	     36826	80007984	036a7eb3	remu	x29,x20,x22	 x20:0x80040fe4 x22:0x00000000 x29=0x80040fe4
     368305.000 ns	     36829	80007988	a16895d3	flt.s	x11,f17,f22	 f17:0x00000000 f22:0xff800000 x11=0x00000000
     368345.000 ns	     36833	8000798c	11feaad3	fmul.s	f21,f29,f31	 f29:0x4f000410 f31:0x00000000 f21=0x00000000
     368385.000 ns	     36837	80007990	18ee9cd3	fdiv.s	f25,f29,f14	 f29:0x4f000410 f14:0x00000000 f25=0x7f800000
     368415.000 ns	     36840	80007994	0279a2b3	mulhsu	x5,x19,x7	 x19:0xfc31c41b  x7:0x00000000  x5=0x00000000
     368445.000 ns	     36843	80007998	a10780d3	fle.s	x1,f15,f16	 f15:0xec8e05a6 f16:0x00000000  x1=0x00000001
     368475.000 ns	     36846	8000799c	02ba8c33	mul	x24,x21,x11	 x21:0x00000000 x11:0x00000000 x24=0x00000000
     368505.000 ns	     36849	800079a0	20a4a153	fsgnjx.s	f2,f9,f10	  f9:0x4f7fffff f10:0x529ce80b  f2=0x4f7fffff
     368555.000 ns	     36854	800079a4	09fd7d53	fsub.s	f26,f26,f31	 f26:0x00000000 f31:0x00000000 f26=0x80000000
     368585.000 ns	     36857	800079a8	030bb533	mulhu	x10,x23,x16	 x23:0x00000000 x16:0x00000024 x10=0x00000000
     368615.000 ns	     36860	800079ac	a00e93d3	flt.s	x7,f29,f0	 f29:0x4f000410  f0:0x00000000  x7=0x00000000
     368645.000 ns	     36863	800079b0	c0167e53	fcvt.wu.s	x28,f12	 f12:0xd29ce80b x28=0x00000000
     368675.000 ns	     36866	800079b4	a03226d3	feq.s	x13,f4,f3	  f4:0x5606d3fa  f3:0x6c8e05a6 x13=0x00000000
     368695.000 ns	     36868	800079b8	25ec8513	addi	x10,x25,606	 x25:0x00000000 x10=0x0000025e
     369055.000 ns	     36904	800079bc	03b047b3	div	x15,x0,x27	  x0:0x00000000 x27:0x80041024 x15=0x00000000
     369075.000 ns	     36906	800079c0	01fd7933	and	x18,x26,x31	 x26:0x00000001 x31:0x00000040 x18=0x00000000
     369095.000 ns	     36908	800079c4	e0018ed3	fmv.x.w	x29,f3	  f3:0x6c8e05a6 x29=0x6c8e05a6
     369115.000 ns	     36910	800079c8	ef974293	xori	x5,x14,-263	 x14:0x00000000  x5=0xfffffef9
     369125.000 ns	     36911	800079cc	007c51b3	srl	x3,x24,x7	 x24:0x00000000  x7:0x00000000  x3=0x00000000
     369135.000 ns	     36912	800079d0	c5c92e13	slti	x28,x18,-932	 x18:0x00000000 x28=0x00000000
     369155.000 ns	     36914	800079d4	03c887b3	mul	x15,x17,x28	 x17:0xb13525ec x28:0x00000000 x15=0x00000000
     369175.000 ns	     36916	800079d8	40a85113	srai	x2,x16,0xa	 x16:0x00000024  x2=0x00000000
     369185.000 ns	     36917	800079dc	40b18733	sub	x14,x3,x11	  x3:0x00000000 x11:0x00000000 x14=0x00000000
     369195.000 ns	     36918	800079e0	40278e33	sub	x28,x15,x2	 x15:0x00000000  x2:0x00000000 x28=0x00000000
     369205.000 ns	     36919	800079e4	40c95e33	sra	x28,x18,x12	 x18:0x00000000 x12:0x00000000 x28=0x00000000
     369215.000 ns	     36920	800079e8	ce10d337	lui	x6,0xce10d	  x6=0xce10d000
     369575.000 ns	     36956	800079ec	034945b3	div	x11,x18,x20	 x18:0x00000000 x20:0x80040fe4 x11=0x00000000
     369595.000 ns	     36958	800079f0	00000013	addi	x0,x0,0	  x0:0x00000000
     369605.000 ns	     36959	800079f4	7dee2f13	slti	x30,x28,2014	 x28:0x00000000 x30=0x00000001
     369965.000 ns	     36995	800079f8	03ff7533	remu	x10,x30,x31	 x30:0x00000000 x31:0x00000040 x10=0x00000001
     369995.000 ns	     36998	800079fc	286d0ed3	fmin.s	f29,f26,f6	 f26:0x80000000  f6:0x00000000 f29=0x80000000
     370015.000 ns	     37000	80007a00	0152d313	srli	x6,x5,0x15	  x5:0xfffffef9  x6=0x000007ff
     370025.000 ns	     37001	80007a04	01749d33	sll	x26,x9,x23	  x9:0xfffffffe x23:0x00000000 x26=0xfffffffe
     370035.000 ns	     37002	80007a08	e1c06cb7	lui	x25,0xe1c06	 x25=0xe1c06000
     370055.000 ns	     37004	80007a0c	f00a8ed3	fmv.w.x	f29,x21	 x21:0x00000000 f29=0x00000000
     370075.000 ns	     37006	80007a10	01939913	slli	x18,x7,0x19	  x7:0x00000000 x18=0x00000000
     370085.000 ns	     37007	80007a14	6dad4a97	auipc	x21,0x6dad4	 x21=0xedadba14
     370105.000 ns	     37009	80007a18	028c7f33	remu	x30,x24,x8	 x24:0x00000000  x8:0x00000000 x30=0x00000000
     370125.000 ns	     37011	80007a1c	00a03c33	sltu	x24,x0,x10	  x0:0x00000000 x10:0x00000001 x24=0x00000001
     370135.000 ns	     37012	80007a20	9e177b13	andi	x22,x14,-1567	 x14:0x00000000 x22=0x00000000
     370145.000 ns	     37013	80007a24	41b2d6b3	sra	x13,x5,x27	  x5:0xfffffef9 x27:0x80041024 x13=0xffffffef
     370155.000 ns	     37014	80007a28	016906b3	add	x13,x18,x22	 x18:0x00000000 x22:0x00000000 x13=0x00000000
     370175.000 ns	     37016	80007a2c	02f3a933	mulhsu	x18,x7,x15	  x7:0x00000000 x15:0x00000000 x18=0x00000000
     370205.000 ns	     37019	80007a30	290301d3	fmin.s	f3,f6,f16	  f6:0x00000000 f16:0x00000000  f3=0x00000000
     370235.000 ns	     37022	80007a34	c00b7ad3	fcvt.w.s	x21,f22	 f22:0xff800000 x21=0x80000000
     370255.000 ns	     37024	80007a38	efdb0393	addi	x7,x22,-259	 x22:0x00000000  x7=0xfffffefd
     370265.000 ns	     37025	80007a3c	4e040bb7	lui	x23,0x4e040	 x23=0x4e040000
     370285.000 ns	     37027	80007a40	212da6d3	fsgnjx.s	f13,f27,f18	 f27:0x00000000 f18:0x7f800000 f13=0x00000000
     370305.000 ns	     37029	80007a44	00f91ab3	sll	x21,x18,x15	 x18:0x00000000 x15:0x00000000 x21=0x00000000
     370315.000 ns	     37030	80007a48	01d92233	slt	x4,x18,x29	 x18:0x00000000 x29:0x6c8e05a6  x4=0x00000001
     370345.000 ns	     37033	80007a4c	117cc8d3	fmul.s	f17,f25,f23	 f25:0x7f800000 f23:0x00000000 f17=0x7fc00000
     370375.000 ns	     37036	80007a50	206d1e53	fsgnjn.s	f28,f26,f6	 f26:0x80000000  f6:0x00000000 f28=0x80000000
     370405.000 ns	     37039	80007a54	d004fbd3	fcvt.s.w	f23,x9	  x9:0xfffffffe f23=0xc0000000
     370775.000 ns	     37076	80007a58	03af5833	divu	x16,x30,x26	 x30:0x00000000 x26:0xfffffffe x16=0x00000000
     370815.000 ns	     37080	80007a5c	185104d3	fdiv.s	f9,f2,f5	  f2:0x4f7fffff  f5:0x00000000  f9=0x7f800000
     370835.000 ns	     37082	80007a60	01fcd393	srli	x7,x25,0x1f	 x25:0xe1c06000  x7=0x00000001
     370845.000 ns	     37083	80007a64	015791b3	sll	x3,x15,x21	 x15:0x00000000 x21:0x00000000  x3=0x00000000
     370865.000 ns	     37085	80007a68	28961a53	fmax.s	f20,f12,f9	 f12:0xd29ce80b  f9:0x7f800000 f20=0x7f800000
     370885.000 ns	     37087	80007a6c	3808a017	auipc	x0,0x3808a	
     370905.000 ns	     37089	80007a70	28201cd3	fmax.s	f25,f0,f2	  f0:0x00000000  f2:0x4f7fffff f25=0x4f7fffff
     371275.000 ns	     37126	80007a74	026b54b3	divu	x9,x22,x6	 x22:0x00000000  x6:0x000007ff  x9=0x00000000
     371295.000 ns	     37128	80007a78	01c2d8b3	srl	x17,x5,x28	  x5:0xfffffef9 x28:0x00000000 x17=0xfffffef9
     371315.000 ns	     37130	80007a7c	03c58fb3	mul	x31,x11,x28	 x11:0x00000000 x28:0x00000000 x31=0x00000000
     371335.000 ns	     37132	80007a80	00000013	addi	x0,x0,0	  x0:0x00000000
     371355.000 ns	     37134	80007a84	21031f53	fsgnjn.s	f30,f6,f16	  f6:0x00000000 f16:0x00000000 f30=0x80000000
     371375.000 ns	     37136	80007a88	4014d7b3	sra	x15,x9,x1	  x9:0x00000000  x1:0x00000001 x15=0x00000000
     371395.000 ns	     37138	80007a8c	c00dfbd3	fcvt.w.s	x23,f27	 f27:0x00000000 x23=0x00000000
     371415.000 ns	     37140	80007a90	bf372313	slti	x6,x14,-1037	 x14:0x00000000  x6=0x00000000
     371435.000 ns	     37142	80007a94	026a77b3	remu	x15,x20,x6	 x20:0x80040fe4  x6:0x000007ff x15=0x80040fe4
     371455.000 ns	     37144	80007a98	553ef713	andi	x14,x29,1363	 x29:0x6c8e05a6 x14=0x00000502
     371475.000 ns	     37146	80007a9c	28638d53	fmin.s	f26,f7,f6	  f7:0x00000000  f6:0x00000000 f26=0x00000000
     371495.000 ns	     37148	80007aa0	010aa1b3	slt	x3,x21,x16	 x21:0x00000000 x16:0x00000000  x3=0x00000000
     371505.000 ns	     37149	80007aa4	41c306b3	sub	x13,x6,x28	  x6:0x00000000 x28:0x00000000 x13=0x00000000
     371525.000 ns	     37151	80007aa8	20e195d3	fsgnjn.s	f11,f3,f14	  f3:0x00000000 f14:0x00000000 f11=0x80000000
     371575.000 ns	     37156	80007aac	09367ad3	fsub.s	f21,f12,f19	 f12:0xd29ce80b f19:0x00000000 f21=0xd29ce80b
     371605.000 ns	     37159	80007ab0	28a30d53	fmin.s	f26,f6,f10	  f6:0x00000000 f10:0x529ce80b f26=0x00000000
     371625.000 ns	     37161	80007ab4	413858b3	sra	x17,x16,x19	 x16:0x00000000 x19:0xfc31c41b x17=0x00000000
     371635.000 ns	     37162	80007ab8	92ef6037	lui	x0,0x92ef6	
     371965.000 ns	     37195	80007abc	18222cd3	fdiv.s	f25,f4,f2	  f4:0x5606d3fa  f2:0x4f7fffff f25=0x4606d3fa
     371995.000 ns	     37198	80007ac0	28a98c53	fmin.s	f24,f19,f10	 f19:0x00000000 f10:0x529ce80b f24=0x00000000
     372015.000 ns	     37200	80007ac4	40148f33	sub	x30,x9,x1	  x9:0x00000000  x1:0x00000001 x30=0xffffffff
     372025.000 ns	     37201	80007ac8	4a68f913	andi	x18,x17,1190	 x17:0x00000000 x18=0x00000000
     372035.000 ns	     37202	80007acc	ca10f193	andi	x3,x1,-863	  x1:0x00000001  x3=0x00000001
     372045.000 ns	     37203	80007ad0	00028fb3	add	x31,x5,x0	  x5:0xfffffef9  x0:0x00000000 x31=0xfffffef9
     372055.000 ns	     37204	80007ad4	00000013	addi	x0,x0,0	  x0:0x00000000
     372065.000 ns	     37205	80007ad8	00c231b3	sltu	x3,x4,x12	  x4:0x00000001 x12:0x00000000  x3=0x00000000
     372075.000 ns	     37206	80007adc	7d102293	slti	x5,x0,2001	  x0:0x00000000  x5=0x00000001
     372085.000 ns	     37207	80007ae0	01a6dbb3	srl	x23,x13,x26	 x13:0x00000000 x26:0xfffffffe x23=0x00000000
     372095.000 ns	     37208	80007ae4	019576b3	and	x13,x10,x25	 x10:0x00000001 x25:0xe1c06000 x13=0x00000000
     372105.000 ns	     37209	80007ae8	018a3233	sltu	x4,x20,x24	 x20:0x80040fe4 x24:0x00000001  x4=0x00000000
     372125.000 ns	     37211	80007aec	f00986d3	fmv.w.x	f13,x19	 x19:0xfc31c41b f13=0xfc31c41b
     372155.000 ns	     37214	80007af0	026e9733	mulh	x14,x29,x6	 x29:0x6c8e05a6  x6:0x00000000 x14=0x00000000
     372175.000 ns	     37216	80007af4	b3177613	andi	x12,x14,-1231	 x14:0x00000502 x12=0x00000000
     372195.000 ns	     37218	80007af8	e00a92d3	fclass.s	x5,f21	 f21:0xd29ce80b  x5=0x00000002
     372225.000 ns	     37221	80007afc	c0147153	fcvt.wu.s	x2,f8	  f8:0x00000000  x2=0x00000000
     372255.000 ns	     37224	80007b00	03c725b3	mulhsu	x11,x14,x28	 x14:0x00000000 x28:0x00000000 x11=0x00000000
     372285.000 ns	     37227	80007b04	02efe433	rem	x8,x31,x14	 x31:0xfffffef9 x14:0x00000000  x8=0xfffffef9
     372305.000 ns	     37229	80007b08	009ee833	or	x16,x29,x9	 x29:0x6c8e05a6  x9:0x00000000 x16=0x6c8e05a6
     372315.000 ns	     37230	80007b0c	01b58133	add	x2,x11,x27	 x11:0x00000000 x27:0x80041024  x2=0x80041024
     372335.000 ns	     37232	80007b10	0385a333	mulhsu	x6,x11,x24	 x11:0x00000000 x24:0x00000001  x6=0x00000000
     372355.000 ns	     37234	80007b14	004b5433	srl	x8,x22,x4	 x22:0x00000000  x4:0x00000000  x8=0x00000000
     372365.000 ns	     37235	80007b18	402e5d13	srai	x26,x28,0x2	 x28:0x00000000 x26=0x00000000
     372385.000 ns	     37237	80007b1c	02c55cb3	divu	x25,x10,x12	 x10:0x00000001 x12:0x00000000 x25=0xffffffff
     372405.000 ns	     37239	80007b20	0ab94513	xori	x10,x18,171	 x18:0x00000000 x10=0x000000ab
     372415.000 ns	     37240	80007b24	e2917f93	andi	x31,x2,-471	  x2:0x80041024 x31=0x80041020
     372435.000 ns	     37242	80007b28	c00cf853	fcvt.w.s	x16,f25	 f25:0x4606d3fa x16=0x000021b4
     372455.000 ns	     37244	80007b2c	40b305b3	sub	x11,x6,x11	  x6:0x00000000 x11:0x00000000 x11=0x00000000
     372465.000 ns	     37245	80007b30	cb55a893	slti	x17,x11,-843	 x11:0x00000000 x17=0x00000000
     372485.000 ns	     37247	80007b34	f0078a53	fmv.w.x	f20,x15	 x15:0x80040fe4 f20=0x80040fe4
     372515.000 ns	     37250	80007b38	02bbf2b3	remu	x5,x23,x11	 x23:0x00000000 x11:0x00000000  x5=0x00000000
     372535.000 ns	     37252	80007b3c	00000013	addi	x0,x0,0	  x0:0x00000000
     372545.000 ns	     37253	80007b40	5b6f7213	andi	x4,x30,1462	 x30:0xffffffff  x4=0x000005b6
     372555.000 ns	     37254	80007b44	39d58f93	addi	x31,x11,925	 x11:0x00000000 x31=0x0000039d
     372575.000 ns	     37256	80007b48	c0198cd3	fcvt.wu.s	x25,f19	 f19:0x00000000 x25=0x00000000
     372615.000 ns	     37260	80007b4c	189a4553	fdiv.s	f10,f20,f9	 f20:0x80040fe4  f9:0x7f800000 f10=0x80000000
     372635.000 ns	     37262	80007b50	9ffe6117	auipc	x2,0x9ffe6	  x2=0x1ffedb50
     372645.000 ns	     37263	80007b54	4f792413	slti	x8,x18,1271	 x18:0x00000000  x8=0x00000001
     373005.000 ns	     37299	80007b58	033351b3	divu	x3,x6,x19	  x6:0x00000000 x19:0xfc31c41b  x3=0x00000000
     373025.000 ns	     37301	80007b5c	4d24b113	sltiu	x2,x9,1234	  x9:0x00000000  x2=0x00000001
     373035.000 ns	     37302	80007b60	7cb8a013	slti	x0,x17,1995	 x17:0x00000000
     373395.000 ns	     37338	80007b64	0246ebb3	rem	x23,x13,x4	 x13:0x00000000  x4:0x000005b6 x23=0x00000000
     373415.000 ns	     37340	80007b68	ee728337	lui	x6,0xee728	  x6=0xee728000
     373435.000 ns	     37342	80007b6c	28491b53	fmax.s	f22,f18,f4	 f18:0x7f800000  f4:0x5606d3fa f22=0x7f800000
     373455.000 ns	     37344	80007b70	61b2c193	xori	x3,x5,1563	  x5:0x00000000  x3=0x0000061b
     373475.000 ns	     37346	80007b74	024e1e33	mulh	x28,x28,x4	 x28:0x00000000  x4:0x000005b6 x28=0x00000000
     373505.000 ns	     37349	80007b78	e00d92d3	fclass.s	x5,f27	 f27:0x00000000  x5=0x00000010
     373535.000 ns	     37352	80007b7c	f00404d3	fmv.w.x	f9,x8	  x8:0x00000001  f9=0x00000001
     373555.000 ns	     37354	80007b80	f5eaeb93	ori	x23,x21,-162	 x21:0x00000000 x23=0xffffff5e
     373565.000 ns	     37355	80007b84	e7c13293	sltiu	x5,x2,-388	  x2:0x00000001  x5=0x00000001
     373575.000 ns	     37356	80007b88	e0017713	andi	x14,x2,-512	  x2:0x00000001 x14=0x00000000
     373595.000 ns	     37358	80007b8c	20aaac53	fsgnjx.s	f24,f21,f10	 f21:0xd29ce80b f10:0x80000000 f24=0x529ce80b
     373625.000 ns	     37361	80007b90	e00683d3	fmv.x.w	x7,f13	 f13:0xfc31c41b  x7=0xfc31c41b
     373655.000 ns	     37364	80007b94	c00f7753	fcvt.w.s	x14,f30	 f30:0x80000000 x14=0x00000000
     373675.000 ns	     37366	80007b98	41448233	sub	x4,x9,x20	  x9:0x00000000 x20:0x80040fe4  x4=0x7ffbf01c
     373685.000 ns	     37367	80007b9c	00000013	addi	x0,x0,0	  x0:0x00000000
     373695.000 ns	     37368	80007ba0	00ab48b3	xor	x17,x22,x10	 x22:0x00000000 x10:0x000000ab x17=0x000000ab
     373705.000 ns	     37369	80007ba4	41915133	sra	x2,x2,x25	  x2:0x00000001 x25:0x00000000  x2=0x00000001
     374065.000 ns	     37405	80007ba8	0230fd33	remu	x26,x1,x3	  x1:0x00000001  x3:0x0000061b x26=0x00000001
     374095.000 ns	     37408	80007bac	e0019453	fclass.s	x8,f3	  f3:0x00000000  x8=0x00000010
     374125.000 ns	     37411	80007bb0	03a786b3	mul	x13,x15,x26	 x15:0x80040fe4 x26:0x00000001 x13=0x80040fe4
     374155.000 ns	     37414	80007bb4	c00bbd53	fcvt.w.s	x26,f23	 f23:0xc0000000 x26=0xfffffffe
     374185.000 ns	     37417	80007bb8	02cc6fb3	rem	x31,x24,x12	 x24:0x00000001 x12:0x00000000 x31=0x00000001
     375365.000 ns	     37535	80007bbc	580270d3	fsqrt.s	f1,f4	  f4:0x5606d3fa  f1=0x4a3eac6a
     375385.000 ns	     37537	80007bc0	00000013	addi	x0,x0,0	  x0:0x00000000
     375405.000 ns	     37539	80007bc4	a1b92753	feq.s	x14,f18,f27	 f18:0x7f800000 f27:0x00000000 x14=0x00000000
     375435.000 ns	     37542	80007bc8	d01a76d3	fcvt.s.wu	f13,x20	 x20:0x80040fe4 f13=0x4f00040f
     375465.000 ns	     37545	80007bcc	282f9dd3	fmax.s	f27,f31,f2	 f31:0x00000000  f2:0x4f7fffff f27=0x4f7fffff
     375485.000 ns	     37547	80007bd0	01bb5193	srli	x3,x22,0x1b	 x22:0x00000000  x3=0x00000000
     375495.000 ns	     37548	80007bd4	00923433	sltu	x8,x4,x9	  x4:0x7ffbf01c  x9:0x00000000  x8=0x00000000
     375515.000 ns	     37550	80007bd8	0288b5b3	mulhu	x11,x17,x8	 x17:0x000000ab  x8:0x00000010 x11=0x00000000
     375545.000 ns	     37553	80007bdc	295d95d3	fmax.s	f11,f27,f21	 f27:0x4f7fffff f21:0xd29ce80b f11=0x4f7fffff
     375565.000 ns	     37555	80007be0	2c1c6a93	ori	x21,x24,705	 x24:0x00000001 x21=0x000002c1
     375575.000 ns	     37556	80007be4	013120b3	slt	x1,x2,x19	  x2:0x00000001 x19:0xfc31c41b  x1=0x00000000
     375595.000 ns	     37558	80007be8	02583633	mulhu	x12,x16,x5	 x16:0x000021b4  x5:0x00000001 x12=0x00000000
     375625.000 ns	     37561	80007bec	299f0b53	fmin.s	f22,f30,f25	 f30:0x80000000 f25:0x4606d3fa f22=0x80000000
     375655.000 ns	     37564	80007bf0	026f2c33	mulhsu	x24,x30,x6	 x30:0xffffffff  x6:0xee728000 x24=0xffffffff
     375675.000 ns	     37566	80007bf4	2e6f4f13	xori	x30,x30,742	 x30:0xffffffff x30=0xfffffd19
     375685.000 ns	     37567	80007bf8	00f5d193	srli	x3,x11,0xf	 x11:0x00000000  x3=0x00000000
     375695.000 ns	     37568	80007bfc	00935bb3	srl	x23,x6,x9	  x6:0xee728000  x9:0x00000000 x23=0xee728000
     375705.000 ns	     37569	80007c00	00b861b3	or	x3,x16,x11	 x16:0x000021b4 x11:0x00000000  x3=0x000021b4
     375725.000 ns	     37571	80007c04	208c9853	fsgnjn.s	f16,f25,f8	 f25:0x4606d3fa  f8:0x00000000 f16=0xc606d3fa
     375755.000 ns	     37574	80007c08	289c19d3	fmax.s	f19,f24,f9	 f24:0x529ce80b  f9:0x00000001 f19=0x529ce80b
     375795.000 ns	     37578	80007c0c	100ec5d3	fmul.s	f11,f29,f0	 f29:0x00000000  f0:0x00000000 f11=0x00000000
     375815.000 ns	     37580	80007c10	011a42b3	xor	x5,x20,x17	 x20:0x80040fe4 x17:0x000000ab  x5=0x80040f4f
     375855.000 ns	     37584	80007c14	005a0f53	fadd.s	f30,f20,f5	 f20:0x80040fe4  f5:0x00000000 f30=0x80040fe4
     375905.000 ns	     37589	80007c18	09e8ccd3	fsub.s	f25,f17,f30	 f17:0x7fc00000 f30:0x80000000 f25=0x7fc00000
     375935.000 ns	     37592	80007c1c	02c574b3	remu	x9,x10,x12	 x10:0x000000ab x12:0x00000000  x9=0x000000ab
     375965.000 ns	     37595	80007c20	a1490153	fle.s	x2,f18,f20	 f18:0x7f800000 f20:0x80040fe4  x2=0x00000000
     376335.000 ns	     37632	80007c24	03ed7533	remu	x10,x26,x30	 x26:0xfffffffe x30:0xfffffd19 x10=0x000002e5
     376355.000 ns	     37634	80007c28	01771eb3	sll	x29,x14,x23	 x14:0x00000000 x23:0xee728000 x29=0x00000000
     376375.000 ns	     37636	80007c2c	0289e2b3	rem	x5,x19,x8	 x19:0xfc31c41b  x8:0x00000000  x5=0xfc31c41b
     376405.000 ns	     37639	80007c30	0366c033	div	x0,x13,x22	 x13:0x80040fe4 x22:0x00000000
     376435.000 ns	     37642	80007c34	a03e8f53	fle.s	x30,f29,f3	 f29:0x00000000  f3:0x00000000 x30=0x00000001
     376775.000 ns	     37676	80007c38	189c7253	fdiv.s	f4,f24,f9	 f24:0x529ce80b  f9:0x00000001  f4=0x7f800000
     376795.000 ns	     37678	80007c3c	39d38713	addi	x14,x7,925	  x7:0xfc31c41b x14=0xfc31c7b8
     376825.000 ns	     37681	80007c40	18837ad3	fdiv.s	f21,f6,f8	  f6:0x00000000  f8:0x00000000 f21=0x7fc00000
     376845.000 ns	     37683	80007c44	00f17ab3	and	x21,x2,x15	  x2:0x00000000 x15:0x80040fe4 x21=0x00000000
     376855.000 ns	     37684	80007c48	00be1833	sll	x16,x28,x11	 x28:0x00000000 x11:0x00000000 x16=0x00000000
     376865.000 ns	     37685	80007c4c	00e19e33	sll	x28,x3,x14	  x3:0x000021b4 x14:0xfc31c7b8 x28=0xb4000000
     378035.000 ns	     37802	80007c50	5806f4d3	fsqrt.s	f9,f13	 f13:0x4f00040f  f9=0x46b50a40
     378065.000 ns	     37805	80007c54	03e10fb3	mul	x31,x2,x30	  x2:0x00000000 x30:0x00000001 x31=0x00000000
     378085.000 ns	     37807	80007c58	00000013	addi	x0,x0,0	  x0:0x00000000
     378105.000 ns	     37809	80007c5c	d00ff9d3	fcvt.s.w	f19,x31	 x31:0x00000000 f19=0x00000000
     378125.000 ns	     37811	80007c60	40c55693	srai	x13,x10,0xc	 x10:0x000002e5 x13=0x00000000
     378145.000 ns	     37813	80007c64	a1a89b53	flt.s	x22,f17,f26	 f17:0x7fc00000 f26:0x00000000 x22=0x00000000
     378165.000 ns	     37815	80007c68	00000013	addi	x0,x0,0	  x0:0x00000000
     378185.000 ns	     37817	80007c6c	21692a53	fsgnjx.s	f20,f18,f22	 f18:0x7f800000 f22:0x80000000 f20=0xff800000
     378235.000 ns	     37822	80007c70	00c072d3	fadd.s	f5,f0,f12	  f0:0x00000000 f12:0xd29ce80b  f5=0xd29ce80b
     378255.000 ns	     37824	80007c74	00029e13	slli	x28,x5,0x0	  x5:0xfc31c41b x28=0xfc31c41b
     378275.000 ns	     37826	80007c78	e00f0ad3	fmv.x.w	x21,f30	 f30:0x80040fe4 x21=0x80040fe4
     378295.000 ns	     37828	80007c7c	40255b33	sra	x22,x10,x2	 x10:0x000002e5  x2:0x00000000 x22=0x000002e5
     378655.000 ns	     37864	80007c80	02a8c1b3	div	x3,x17,x10	 x17:0x000000ab x10:0x000002e5  x3=0x00000000
     378675.000 ns	     37866	80007c84	00000013	addi	x0,x0,0	  x0:0x00000000
     378685.000 ns	     37867	80007c88	888c0913	addi	x18,x24,-1912	 x24:0xffffffff x18=0xfffff887
     378705.000 ns	     37869	80007c8c	28589453	fmax.s	f8,f17,f5	 f17:0x7fc00000  f5:0xd29ce80b  f8=0xd29ce80b
     378735.000 ns	     37872	80007c90	f00f8953	fmv.w.x	f18,x31	 x31:0x00000000 f18=0x00000000
     378765.000 ns	     37875	80007c94	2057a6d3	fsgnjx.s	f13,f15,f5	 f15:0xec8e05a6  f5:0xd29ce80b f13=0x6c8e05a6
     378795.000 ns	     37878	80007c98	20c3af53	fsgnjx.s	f30,f7,f12	  f7:0x00000000 f12:0xd29ce80b f30=0x80000000
     378815.000 ns	     37880	80007c9c	00000013	addi	x0,x0,0	  x0:0x00000000
     378855.000 ns	     37884	80007ca0	087a91d3	fsub.s	f3,f21,f7	 f21:0x7fc00000  f7:0x00000000  f3=0x7fc00000
     378875.000 ns	     37886	80007ca4	1506e797	auipc	x15,0x1506e	 x15=0x95075ca4
     378915.000 ns	     37890	80007ca8	09ae7bd3	fsub.s	f23,f28,f26	 f28:0x80000000 f26:0x00000000 f23=0x80000000
     378945.000 ns	     37893	80007cac	f00a08d3	fmv.w.x	f17,x20	 x20:0x80040fe4 f17=0x80040fe4
     378975.000 ns	     37896	80007cb0	d01e1ed3	fcvt.s.wu	f29,x28	 x28:0xfc31c41b f29=0x4f7c31c4
     378995.000 ns	     37898	80007cb4	0c512013	slti	x0,x2,197	  x2:0x00000000
     379015.000 ns	     37900	80007cb8	c01f8853	fcvt.wu.s	x16,f31	 f31:0x00000000 x16=0x00000000
     379385.000 ns	     37937	80007cbc	037f4533	div	x10,x30,x23	 x30:0x00000001 x23:0xee728000 x10=0x00000000
     379415.000 ns	     37940	80007cc0	0217b433	mulhu	x8,x15,x1	 x15:0x95075ca4  x1:0x00000000  x8=0x00000000
     379435.000 ns	     37942	80007cc4	012ebbb3	sltu	x23,x29,x18	 x29:0x00000000 x18:0xfffff887 x23=0x00000001
     379455.000 ns	     37944	80007cc8	0303e8b3	rem	x17,x7,x16	  x7:0xfc31c41b x16:0x00000000 x17=0xfc31c41b
     379475.000 ns	     37946	80007ccc	013905b3	add	x11,x18,x19	 x18:0xfffff887 x19:0xfc31c41b x11=0xfc31bca2
     379495.000 ns	     37948	80007cd0	d014cf53	fcvt.s.wu	f30,x9	  x9:0x000000ab f30=0x432b0000
     379525.000 ns	     37951	80007cd4	c0147ad3	fcvt.wu.s	x21,f8	  f8:0xd29ce80b x21=0x00000000
     379555.000 ns	     37954	80007cd8	036f9633	mulh	x12,x31,x22	 x31:0x00000000 x22:0x000002e5 x12=0x00000000
     379585.000 ns	     37957	80007cdc	a1e314d3	flt.s	x9,f6,f30	  f6:0x00000000 f30:0x432b0000  x9=0x00000001
     379605.000 ns	     37959	80007ce0	40285713	srai	x14,x16,0x2	 x16:0x00000000 x14=0x00000000
     379615.000 ns	     37960	80007ce4	01f0efb3	or	x31,x1,x31	  x1:0x00000000 x31:0x00000000 x31=0x00000000
     379625.000 ns	     37961	80007ce8	019b7c33	and	x24,x22,x25	 x22:0x000002e5 x25:0x00000000 x24=0x00000000
     379645.000 ns	     37963	80007cec	f0018953	fmv.w.x	f18,x3	  x3:0x00000000 f18=0x00000000
     379675.000 ns	     37966	80007cf0	d01a4dd3	fcvt.s.wu	f27,x20	 x20:0x80040fe4 f27=0x4f000410
     379695.000 ns	     37968	80007cf4	96eb4613	xori	x12,x22,-1682	 x22:0x000002e5 x12=0xfffffb8b
     379715.000 ns	     37970	80007cf8	d017b6d3	fcvt.s.wu	f13,x15	 x15:0x95075ca4 f13=0x4f15075d
     379755.000 ns	     37974	80007cfc	110993d3	fmul.s	f7,f19,f16	 f19:0x00000000 f16:0xc606d3fa  f7=0x80000000
     379785.000 ns	     37977	80007d00	e00d83d3	fmv.x.w	x7,f27	 f27:0x4f000410  x7=0x4f000410
     379815.000 ns	     37980	80007d04	02d10433	mul	x8,x2,x13	  x2:0x00000000 x13:0x00000000  x8=0x00000000
     379845.000 ns	     37983	80007d08	289f1253	fmax.s	f4,f30,f9	 f30:0x432b0000  f9:0x46b50a40  f4=0x46b50a40
     379865.000 ns	     37985	80007d0c	6f6376b7	lui	x13,0x6f637	 x13=0x6f637000
     379885.000 ns	     37987	80007d10	e0001c53	fclass.s	x24,f0	  f0:0x00000000 x24=0x00000010
     379905.000 ns	     37989	80007d14	f07f1c17	auipc	x24,0xf07f1	 x24=0x707f8d14
     379915.000 ns	     37990	80007d18	c9ef4d13	xori	x26,x30,-866	 x30:0x00000001 x26=0xfffffc9f
     379925.000 ns	     37991	80007d1c	004911b3	sll	x3,x18,x4	 x18:0xfffff887  x4:0x7ffbf01c  x3=0x70000000
     379935.000 ns	     37992	80007d20	015944b3	xor	x9,x18,x21	 x18:0xfffff887 x21:0x00000000  x9=0xfffff887
     379955.000 ns	     37994	80007d24	20dd9ad3	fsgnjn.s	f21,f27,f13	 f27:0x4f000410 f13:0x4f15075d f21=0xcf000410
     379975.000 ns	     37996	80007d28	22a24393	xori	x7,x4,554	  x4:0x7ffbf01c  x7=0x7ffbf236
     379985.000 ns	     37997	80007d2c	00b7d6b3	srl	x13,x15,x11	 x15:0x95075ca4 x11:0xfc31bca2 x13=0x2541d729
     379995.000 ns	     37998	80007d30	788abb93	sltiu	x23,x21,1928	 x21:0x00000000 x23=0x00000001
     380015.000 ns	     38000	80007d34	027433b3	mulhu	x7,x8,x7	  x8:0x00000000  x7:0x7ffbf236  x7=0x00000000
     380045.000 ns	     38003	80007d38	21d88bd3	fsgnj.s	f23,f17,f29	 f17:0x80040fe4 f29:0x4f7c31c4 f23=0x00040fe4
     380075.000 ns	     38006	80007d3c	f00b88d3	fmv.w.x	f17,x23	 x23:0x00000001 f17=0x00000001
     380115.000 ns	     38010	80007d40	10a9b353	fmul.s	f6,f19,f10	 f19:0x00000000 f10:0x80000000  f6=0x80000000
     380135.000 ns	     38012	80007d44	a8d56613	ori	x12,x10,-1395	 x10:0x00000000 x12=0xfffffa8d
     380145.000 ns	     38013	80007d48	be607eb7	lui	x29,0xbe607	 x29=0xbe607000
     380165.000 ns	     38015	80007d4c	216a23d3	fsgnjx.s	f7,f20,f22	 f20:0xff800000 f22:0x80000000  f7=0x7f800000
     380185.000 ns	     38017	80007d50	575e6e17	auipc	x28,0x575e6	 x28=0xd75edd50
     380195.000 ns	     38018	80007d54	4111d513	srai	x10,x3,0x11	  x3:0x70000000 x10=0x00003800
     380205.000 ns	     38019	80007d58	4cf74393	xori	x7,x14,1231	 x14:0x00000000  x7=0x000004cf
     380245.000 ns	     38023	80007d5c	01989453	fadd.s	f8,f17,f25	 f17:0x00000001 f25:0x7fc00000  f8=0x7fc00000
     380275.000 ns	     38026	80007d60	20d5a353	fsgnjx.s	f6,f11,f13	 f11:0x00000000 f13:0x4f15075d  f6=0x00000000
     380305.000 ns	     38029	80007d64	a0472d53	feq.s	x26,f14,f4	 f14:0x00000000  f4:0x46b50a40 x26=0x00000000
     380335.000 ns	     38032	80007d68	20589653	fsgnjn.s	f12,f17,f5	 f17:0x00000001  f5:0xd29ce80b f12=0x00000001
     380355.000 ns	     38034	80007d6c	e5162917	auipc	x18,0xe5162	 x18=0x65169d6c
     380375.000 ns	     38036	80007d70	28c70dd3	fmin.s	f27,f14,f12	 f14:0x00000000 f12:0x00000001 f27=0x00000000
     380395.000 ns	     38038	80007d74	014c54b3	srl	x9,x24,x20	 x24:0x707f8d14 x20:0x80040fe4  x9=0x0707f8d1
     380405.000 ns	     38039	80007d78	ac3c8c13	addi	x24,x25,-1341	 x25:0x00000000 x24=0xfffffac3
     380435.000 ns	     38042	80007d7c	193cf1d3	fdiv.s	f3,f25,f19	 f25:0x7fc00000 f19:0x00000000  f3=0x7fc00000
     380465.000 ns	     38045	80007d80	d0188253	fcvt.s.wu	f4,x17	 x17:0xfc31c41b  f4=0x4f7c31c4
     380485.000 ns	     38047	80007d84	41e6d013	srai	x0,x13,0x1e	 x13:0x2541d729
     380495.000 ns	     38048	80007d88	018adb93	srli	x23,x21,0x18	 x21:0x00000000 x23=0x00000000
     380515.000 ns	     38050	80007d8c	a1c89053	flt.s	x0,f17,f28	 f17:0x00000001 f28:0x80000000
     380545.000 ns	     38053	80007d90	036c3733	mulhu	x14,x24,x22	 x24:0xfffffac3 x22:0x000002e5 x14=0x000002e4
     380565.000 ns	     38055	80007d94	40ffd813	srai	x16,x31,0xf	 x31:0x00000000 x16=0x00000000
     380575.000 ns	     38056	80007d98	01d43933	sltu	x18,x8,x29	  x8:0x00000000 x29:0xbe607000 x18=0x00000001
     380585.000 ns	     38057	80007d9c	57164f93	xori	x31,x12,1393	 x12:0xfffffa8d x31=0xfffffffc
     380595.000 ns	     38058	80007da0	b94ee893	ori	x17,x29,-1132	 x29:0xbe607000 x17=0xfffffb94
     380605.000 ns	     38059	80007da4	009ed293	srli	x5,x29,0x9	 x29:0xbe607000  x5=0x005f3038
     380615.000 ns	     38060	80007da8	4bcd6713	ori	x14,x26,1212	 x26:0x00000000 x14=0x000004bc
     380625.000 ns	     38061	80007dac	015fcd33	xor	x26,x31,x21	 x31:0xfffffffc x21:0x00000000 x26=0xfffffffc
     380645.000 ns	     38063	80007db0	f0088bd3	fmv.w.x	f23,x17	 x17:0xfffffb94 f23=0xfffffb94
     380665.000 ns	     38065	80007db4	01225fb3	srl	x31,x4,x18	  x4:0x7ffbf01c x18:0x00000001 x31=0x3ffdf80e
     380695.000 ns	     38068	80007db8	580a2bd3	fsqrt.s	f23,f20	 f20:0xff800000 f23=0x7fc00000
     380715.000 ns	     38070	80007dbc	08857c37	lui	x24,0x8857	 x24=0x08857000
     380725.000 ns	     38071	80007dc0	7070b913	sltiu	x18,x1,1799	  x1:0x00000000 x18=0x00000001
     380735.000 ns	     38072	80007dc4	006cd133	srl	x2,x25,x6	 x25:0x00000000  x6:0xee728000  x2=0x00000000
     380775.000 ns	     38076	80007dc8	084f3253	fsub.s	f4,f30,f4	 f30:0x432b0000  f4:0x4f7c31c4  f4=0xcf7c31c3
     380815.000 ns	     38080	80007dcc	58020353	fsqrt.s	f6,f4	  f4:0x4f7c31c4  f6=0x7fc00000
     380835.000 ns	     38082	80007dd0	5d23b793	sltiu	x15,x7,1490	  x7:0x000004cf x15=0x00000001
     381195.000 ns	     38118	80007dd4	02fff4b3	remu	x9,x31,x15	 x31:0x3ffdf80e x15:0x95075ca4  x9=0x00000000
     381215.000 ns	     38120	80007dd8	4091db13	srai	x22,x3,0x9	  x3:0x70000000 x22=0x00380000
     381235.000 ns	     38122	80007ddc	a1b084d3	fle.s	x9,f1,f27	  f1:0x4a3eac6a f27:0x00000000  x9=0x00000000
     381255.000 ns	     38124	80007de0	013d1e33	sll	x28,x26,x19	 x26:0xfffffffc x19:0xfc31c41b x28=0xe0000000
     381295.000 ns	     38128	80007de4	00baf9d3	fadd.s	f19,f21,f11	 f21:0xcf000410 f11:0x00000000 f19=0xcf000410
     381315.000 ns	     38130	80007de8	26fe6613	ori	x12,x28,623	 x28:0xd75edd50 x12=0xe000026f
     381675.000 ns	     38166	80007dec	026a4cb3	div	x25,x20,x6	 x20:0x80040fe4  x6:0xee728000 x25=0x00000007
     381705.000 ns	     38169	80007df0	d01772d3	fcvt.s.wu	f5,x14	 x14:0x000004bc  f5=0x44978000
     381735.000 ns	     38172	80007df4	286c8bd3	fmin.s	f23,f25,f6	 f25:0x7fc00000  f6:0x7fc00000 f23=0x7fc00000
     381755.000 ns	     38174	80007df8	5b35a313	slti	x6,x11,1459	 x11:0xfc31bca2  x6=0x00000001
     382115.000 ns	     38210	80007dfc	02794b33	div	x22,x18,x7	 x18:0x00000001  x7:0x000004cf x22=0x00000000
     382145.000 ns	     38213	80007e00	f0040b53	fmv.w.x	f22,x8	  x8:0x00000000 f22=0x00000000
     382165.000 ns	     38215	80007e04	c4a73113	sltiu	x2,x14,-950	 x14:0x000004bc  x2=0x00000001
     382185.000 ns	     38217	80007e08	a10487d3	fle.s	x15,f9,f16	  f9:0x46b50a40 f16:0xc606d3fa x15=0x00000000
     382205.000 ns	     38219	80007e0c	01442033	slt	x0,x8,x20	  x8:0x00000000 x20:0x80040fe4
     382225.000 ns	     38221	80007e10	024494b3	mulh	x9,x9,x4	  x9:0x00000000  x4:0x7ffbf01c  x9=0x00000000
     382255.000 ns	     38224	80007e14	a16018d3	flt.s	x17,f0,f22	  f0:0x00000000 f22:0x00000000 x17=0x00000000
     382275.000 ns	     38226	80007e18	010b43b3	xor	x7,x22,x16	 x22:0x00000000 x16:0x00000000  x7=0x00000000
     382295.000 ns	     38228	80007e1c	c012b053	fcvt.wu.s	x0,f5	  f5:0x44978000
     382325.000 ns	     38231	80007e20	20d797d3	fsgnjn.s	f15,f15,f13	 f15:0xec8e05a6 f13:0x4f15075d f15=0xec8e05a6
     382355.000 ns	     38234	80007e24	a0cb1753	flt.s	x14,f22,f12	 f22:0x00000000 f12:0x00000001 x14=0x00000001
     382375.000 ns	     38236	80007e28	a1c8c893	xori	x17,x17,-1508	 x17:0x00000000 x17=0xfffffa1c
     382395.000 ns	     38238	80007e2c	d01f72d3	fcvt.s.wu	f5,x30	 x30:0x00000001  f5=0x3f800000
     382425.000 ns	     38241	80007e30	204615d3	fsgnjn.s	f11,f12,f4	 f12:0x00000001  f4:0xcf7c31c3 f11=0x00000001
     382465.000 ns	     38245	80007e34	19eb8a53	fdiv.s	f20,f23,f30	 f23:0x7fc00000 f30:0x432b0000 f20=0x7fc00000
     382485.000 ns	     38247	80007e38	42782213	slti	x4,x16,1063	 x16:0x00000000  x4=0x00000001
     382495.000 ns	     38248	80007e3c	c4c96b93	ori	x23,x18,-948	 x18:0x00000001 x23=0xfffffc4d
     382505.000 ns	     38249	80007e40	01f92233	slt	x4,x18,x31	 x18:0x00000001 x31:0x3ffdf80e  x4=0x00000001
     383675.000 ns	     38366	80007e44	580f1753	fsqrt.s	f14,f30	 f30:0x432b0000 f14=0x40f1d436
     383695.000 ns	     38368	80007e48	003ef733	and	x14,x29,x3	 x29:0xbe607000  x3:0x70000000 x14=0x30000000
     383705.000 ns	     38369	80007e4c	01aa87b3	add	x15,x21,x26	 x21:0x00000000 x26:0xfffffffc x15=0xfffffffc
     383745.000 ns	     38373	80007e50	09b722d3	fsub.s	f5,f14,f27	 f14:0x40f1d436 f27:0x00000000  f5=0x40f1d436
     383765.000 ns	     38375	80007e54	40675533	sra	x10,x14,x6	 x14:0x30000000  x6:0x00000001 x10=0x18000000
     383775.000 ns	     38376	80007e58	1cb9a493	slti	x9,x19,459	 x19:0xfc31c41b  x9=0x00000001
     383785.000 ns	     38377	80007e5c	00121f33	sll	x30,x4,x1	  x4:0x00000001  x1:0x00000000 x30=0x00000001
     383795.000 ns	     38378	80007e60	9ad06737	lui	x14,0x9ad06	 x14=0x9ad06000
     383805.000 ns	     38379	80007e64	b0be6313	ori	x6,x28,-1269	 x28:0xe0000000  x6=0xfffffb0b
     383825.000 ns	     38381	80007e68	d015f053	fcvt.s.wu	f0,x11	 x11:0xfc31bca2  f0=0x4f7c31bc
     383845.000 ns	     38383	80007e6c	00000013	addi	x0,x0,0	  x0:0x00000000
     383855.000 ns	     38384	80007e70	01b633b3	sltu	x7,x12,x27	 x12:0xe000026f x27:0x80041024  x7=0x00000000
     383875.000 ns	     38386	80007e74	292b1053	fmax.s	f0,f22,f18	 f22:0x00000000 f18:0x00000000  f0=0x00000000
     383895.000 ns	     38388	80007e78	00a67d33	and	x26,x12,x10	 x12:0xe000026f x10:0x18000000 x26=0x00000000
     383915.000 ns	     38390	80007e7c	a1459753	flt.s	x14,f11,f20	 f11:0x00000001 f20:0x7fc00000 x14=0x00000000
     384285.000 ns	     38427	80007e80	032f5fb3	divu	x31,x30,x18	 x30:0x00000001 x18:0x00000001 x31=0x00000001
     384325.000 ns	     38431	80007e84	58039853	fsqrt.s	f16,f7	  f7:0x7f800000 f16=0x7f800000
     384365.000 ns	     38435	80007e88	1843f5d3	fdiv.s	f11,f7,f4	  f7:0x7f800000  f4:0xcf7c31c3 f11=0xff800000
     384385.000 ns	     38437	80007e8c	01785ab3	srl	x21,x16,x23	 x16:0x00000000 x23:0xfffffc4d x21=0x00000000
     384405.000 ns	     38439	80007e90	28f80e53	fmin.s	f28,f16,f15	 f16:0x7f800000 f15:0xec8e05a6 f28=0xec8e05a6
     384425.000 ns	     38441	80007e94	99ae8913	addi	x18,x29,-1638	 x29:0xbe607000 x18=0xbe60699a
     384445.000 ns	     38443	80007e98	f0000653	fmv.w.x	f12,x0	  x0:0x00000000 f12=0x00000000
     384815.000 ns	     38480	80007e9c	02c27133	remu	x2,x4,x12	  x4:0x00000001 x12:0xe000026f  x2=0x00000001
     384835.000 ns	     38482	80007ea0	40f60bb3	sub	x23,x12,x15	 x12:0xe000026f x15:0xfffffffc x23=0xe0000273
     384865.000 ns	     38485	80007ea4	113d16d3	fmul.s	f13,f26,f19	 f26:0x00000000 f19:0xcf000410 f13=0x80000000
     385235.000 ns	     38522	80007ea8	02cfdab3	divu	x21,x31,x12	 x31:0x00000001 x12:0xe000026f x21=0x00000000
     385255.000 ns	     38524	80007eac	01235b13	srli	x22,x6,0x12	  x6:0xfffffb0b x22=0x00003fff
     385275.000 ns	     38526	80007eb0	d01e7bd3	fcvt.s.wu	f23,x28	 x28:0xe0000000 f23=0x4f600000
     385295.000 ns	     38528	80007eb4	77f16513	ori	x10,x2,1919	  x2:0x00000001 x10=0x0000077f
     385315.000 ns	     38530	80007eb8	02e7c1b3	div	x3,x15,x14	 x15:0xfffffffc x14:0x00000000  x3=0xffffffff
     385335.000 ns	     38532	80007ebc	412f0033	sub	x0,x30,x18	 x30:0x00000001 x18:0xbe60699a
     385355.000 ns	     38534	80007ec0	29868753	fmin.s	f14,f13,f24	 f13:0x80000000 f24:0x529ce80b f14=0x80000000
     385385.000 ns	     38537	80007ec4	2015ad53	fsgnjx.s	f26,f11,f1	 f11:0xff800000  f1:0x4a3eac6a f26=0xff800000
     385415.000 ns	     38540	80007ec8	284316d3	fmax.s	f13,f6,f4	  f6:0x7fc00000  f4:0xcf7c31c3 f13=0xcf7c31c3
     385435.000 ns	     38542	80007ecc	011940b3	xor	x1,x18,x17	 x18:0xbe60699a x17:0xfffffa1c  x1=0x419f9386
     385455.000 ns	     38544	80007ed0	03bc14b3	mulh	x9,x24,x27	 x24:0x08857000 x27:0x80041024  x9=0xfbbd6a9f
     385475.000 ns	     38546	80007ed4	e55bac13	slti	x24,x23,-427	 x23:0xe0000273 x24=0x00000001
     385495.000 ns	     38548	80007ed8	03511533	mulh	x10,x2,x21	  x2:0x00000001 x21:0x00000000 x10=0x00000000
     385525.000 ns	     38551	80007edc	21e61d53	fsgnjn.s	f26,f12,f30	 f12:0x00000000 f30:0x432b0000 f26=0x80000000
     385895.000 ns	     38588	80007ee0	03716d33	rem	x26,x2,x23	  x2:0x00000001 x23:0xe0000273 x26=0x00000001
     385925.000 ns	     38591	80007ee4	03d71333	mulh	x6,x14,x29	 x14:0x00000000 x29:0xbe607000  x6=0x00000000
     385945.000 ns	     38593	80007ee8	234e2f93	slti	x31,x28,564	 x28:0xe0000000 x31=0x00000001
     385955.000 ns	     38594	80007eec	529d0913	addi	x18,x26,1321	 x26:0x00000001 x18=0x0000052a
     385985.000 ns	     38597	80007ef0	580d09d3	fsqrt.s	f19,f26	 f26:0x80000000 f19=0x80000000
     386005.000 ns	     38599	80007ef4	e7fe3d13	sltiu	x26,x28,-385	 x28:0xe0000000 x26=0x00000001
     386045.000 ns	     38603	80007ef8	08737253	fsub.s	f4,f6,f7	  f6:0x7fc00000  f7:0x7f800000  f4=0x7fc00000
     386065.000 ns	     38605	80007efc	00ebdfb3	srl	x31,x23,x14	 x23:0xe0000273 x14:0x00000000 x31=0xe0000273
     386085.000 ns	     38607	80007f00	219e2953	fsgnjx.s	f18,f28,f25	 f28:0xec8e05a6 f25:0x7fc00000 f18=0xec8e05a6
     386115.000 ns	     38610	80007f04	21fb8553	fsgnj.s	f10,f23,f31	 f23:0x4f600000 f31:0x00000000 f10=0x4f600000
     386135.000 ns	     38612	80007f08	5ffdd797	auipc	x15,0x5ffdd	 x15=0xdffe4f08
     386145.000 ns	     38613	80007f0c	6f70bbb7	lui	x23,0x6f70b	 x23=0x6f70b000
     386165.000 ns	     38615	80007f10	d0057653	fcvt.s.w	f12,x10	 x10:0x00000000 f12=0x00000000
     386195.000 ns	     38618	80007f14	20220153	fsgnj.s	f2,f4,f2	  f4:0x7fc00000  f2:0x4f7fffff  f2=0x7fc00000
     386225.000 ns	     38621	80007f18	a1448fd3	fle.s	x31,f9,f20	  f9:0x46b50a40 f20:0x7fc00000 x31=0x00000000
     386255.000 ns	     38624	80007f1c	20d8a253	fsgnjx.s	f4,f17,f13	 f17:0x00000001 f13:0xcf7c31c3  f4=0x80000001
     386285.000 ns	     38627	80007f20	e0038953	fmv.x.w	x18,f7	  f7:0x7f800000 x18=0x7f800000
     386315.000 ns	     38630	80007f24	d003b553	fcvt.s.w	f10,x7	  x7:0x00000000 f10=0x00000000
     386335.000 ns	     38632	80007f28	4d84c093	xori	x1,x9,1240	  x9:0xfbbd6a9f  x1=0xfbbd6e47
     386355.000 ns	     38634	80007f2c	216415d3	fsgnjn.s	f11,f8,f22	  f8:0x7fc00000 f22:0x00000000 f11=0xffc00000
     386725.000 ns	     38671	80007f30	0384ffb3	remu	x31,x9,x24	  x9:0xfbbd6a9f x24:0x00000001 x31=0x00000000
     386755.000 ns	     38674	80007f34	20111c53	fsgnjn.s	f24,f2,f1	  f2:0x7fc00000  f1:0x4a3eac6a f24=0xffc00000
     386805.000 ns	     38679	80007f38	09b6fcd3	fsub.s	f25,f13,f27	 f13:0xcf7c31c3 f27:0x00000000 f25=0xcf7c31c3
     386835.000 ns	     38682	80007f3c	d01d2cd3	fcvt.s.wu	f25,x26	 x26:0x00000001 f25=0x3f800000
     386885.000 ns	     38687	80007f40	091997d3	fsub.s	f15,f19,f17	 f19:0x80000000 f17:0x00000001 f15=0x80000001
     386925.000 ns	     38691	80007f44	580a7053	fsqrt.s	f0,f20	 f20:0x7fc00000  f0=0x7fc00000
     386945.000 ns	     38693	80007f48	01515a93	srli	x21,x2,0x15	  x2:0x00000001 x21=0x00000000
     386985.000 ns	     38697	80007f4c	08984953	fsub.s	f18,f16,f9	 f16:0x7f800000  f9:0x46b50a40 f18=0x7f800000
     387005.000 ns	     38699	80007f50	ce7337b7	lui	x15,0xce733	 x15=0xce733000
     387025.000 ns	     38701	80007f54	e00a94d3	fclass.s	x9,f21	 f21:0xcf000410  x9=0x00000002
     387045.000 ns	     38703	80007f58	4fdfef93	ori	x31,x31,1277	 x31:0x00000000 x31=0x000004fd
     387065.000 ns	     38705	80007f5c	203a1ed3	fsgnjn.s	f29,f20,f3	 f20:0x7fc00000  f3:0x7fc00000 f29=0xffc00000
     387085.000 ns	     38707	80007f60	01518733	add	x14,x3,x21	  x3:0xffffffff x21:0x00000000 x14=0xffffffff
     387095.000 ns	     38708	80007f64	36988193	addi	x3,x17,873	 x17:0xfffffa1c  x3=0xfffffd85
     387105.000 ns	     38709	80007f68	009781b3	add	x3,x15,x9	 x15:0xce733000  x9:0x00000002  x3=0xce733002
     387115.000 ns	     38710	80007f6c	4bdf2593	slti	x11,x30,1213	 x30:0x00000001 x11=0x00000001
     387135.000 ns	     38712	80007f70	e00811d3	fclass.s	x3,f16	 f16:0x7f800000  x3=0x00000080
     387155.000 ns	     38714	80007f74	41db03b3	sub	x7,x22,x29	 x22:0x00003fff x29:0xbe607000  x7=0x419fcfff
     387165.000 ns	     38715	80007f78	01655733	srl	x14,x10,x22	 x10:0x00000000 x22:0x00003fff x14=0x00000000
     387185.000 ns	     38717	80007f7c	2131a8d3	fsgnjx.s	f17,f3,f19	  f3:0x7fc00000 f19:0x80000000 f17=0xffc00000
     387205.000 ns	     38719	80007f80	00c57633	and	x12,x10,x12	 x10:0x00000000 x12:0xe000026f x12=0x00000000
     387225.000 ns	     38721	80007f84	a19983d3	fle.s	x7,f19,f25	 f19:0x80000000 f25:0x3f800000  x7=0x00000001
     387595.000 ns	     38758	80007f88	02dce233	rem	x4,x25,x13	 x25:0x00000007 x13:0x2541d729  x4=0x00000007
     387615.000 ns	     38760	80007f8c	00000013	addi	x0,x0,0	  x0:0x00000000
     387625.000 ns	     38761	80007f90	01c35b93	srli	x23,x6,0x1c	  x6:0x00000000 x23=0x00000000
     387645.000 ns	     38763	80007f94	28bb0ad3	fmin.s	f21,f22,f11	 f22:0x00000000 f11:0xffc00000 f21=0x00000000
     387665.000 ns	     38765	80007f98	56c2a517	auipc	x10,0x56c2a	 x10=0xd6c31f98
     387685.000 ns	     38767	80007f9c	21772653	fsgnjx.s	f12,f14,f23	 f14:0x80000000 f23:0x4f600000 f12=0x80000000
     387705.000 ns	     38769	80007fa0	40dbde93	srai	x29,x23,0xd	 x23:0x00000000 x29=0x00000000
     387715.000 ns	     38770	80007fa4	01915bb3	srl	x23,x2,x25	  x2:0x00000001 x25:0x00000007 x23=0x00000000
     387735.000 ns	     38772	80007fa8	20151a53	fsgnjn.s	f20,f10,f1	 f10:0x00000000  f1:0x4a3eac6a f20=0x80000000
     387765.000 ns	     38775	80007fac	a0240753	fle.s	x14,f8,f2	  f8:0x7fc00000  f2:0x7fc00000 x14=0x00000000
     387795.000 ns	     38778	80007fb0	a0780e53	fle.s	x28,f16,f7	 f16:0x7f800000  f7:0x7f800000 x28=0x00000001
     387815.000 ns	     38780	80007fb4	00c5d8b3	srl	x17,x11,x12	 x11:0x00000001 x12:0x00000000 x17=0x00000001
     387835.000 ns	     38782	80007fb8	f00782d3	fmv.w.x	f5,x15	 x15:0xce733000  f5=0xce733000
     387855.000 ns	     38784	80007fbc	00000013	addi	x0,x0,0	  x0:0x00000000
     387885.000 ns	     38787	80007fc0	19db7553	fdiv.s	f10,f22,f29	 f22:0x00000000 f29:0xffc00000 f10=0x7fc00000
     388255.000 ns	     38824	80007fc4	03a7cab3	div	x21,x15,x26	 x15:0xce733000 x26:0x00000001 x21=0xce733000
     388305.000 ns	     38829	80007fc8	0804f653	fsub.s	f12,f9,f0	  f9:0x46b50a40  f0:0x7fc00000 f12=0x7fc00000
     388325.000 ns	     38831	80007fcc	13464b13	xori	x22,x12,308	 x12:0x00000000 x22=0x00000134
     388335.000 ns	     38832	80007fd0	53140493	addi	x9,x8,1329	  x8:0x00000000  x9=0x00000531
     388345.000 ns	     38833	80007fd4	69731f97	auipc	x31,0x69731	 x31=0xe9738fd4
     388365.000 ns	     38835	80007fd8	a03d2cd3	feq.s	x25,f26,f3	 f26:0x80000000  f3:0x7fc00000 x25=0x00000000
     388385.000 ns	     38837	80007fdc	01015b33	srl	x22,x2,x16	  x2:0x00000001 x16:0x00000000 x22=0x00000001
     388405.000 ns	     38839	80007fe0	03d88f33	mul	x30,x17,x29	 x17:0x00000001 x29:0x00000000 x30=0x00000000
     388425.000 ns	     38841	80007fe4	40b303b3	sub	x7,x6,x11	  x6:0x00000000 x11:0x00000001  x7=0xffffffff
     388435.000 ns	     38842	80007fe8	008a31b3	sltu	x3,x20,x8	 x20:0x80040fe4  x8:0x00000000  x3=0x00000000
     388445.000 ns	     38843	80007fec	414e0333	sub	x6,x28,x20	 x28:0x00000001 x20:0x80040fe4  x6=0x7ffbf01d
     388455.000 ns	     38844	80007ff0	00000013	addi	x0,x0,0	  x0:0x00000000
     388475.000 ns	     38846	80007ff4	292100d3	fmin.s	f1,f2,f18	  f2:0x7fc00000 f18:0x7f800000  f1=0x7f800000
     388505.000 ns	     38849	80007ff8	21f615d3	fsgnjn.s	f11,f12,f31	 f12:0x7fc00000 f31:0x00000000 f11=0xffc00000
     388525.000 ns	     38851	80007ffc	0166df33	srl	x30,x13,x22	 x13:0x2541d729 x22:0x00000001 x30=0x12a0eb94
     388545.000 ns	     38853	80008000	c01f7853	fcvt.wu.s	x16,f30	 f30:0x432b0000 x16=0x000000ab
     388565.000 ns	     38855	80008004	40c800b3	sub	x1,x16,x12	 x16:0x00000000 x12:0x00000000  x1=0x000000ab
     388575.000 ns	     38856	80008008	3abafa93	andi	x21,x21,939	 x21:0xce733000 x21=0x00000000
     388585.000 ns	     38857	8000800c	411e5413	srai	x8,x28,0x11	 x28:0x00000001  x8=0x00000000
     388605.000 ns	     38859	80008010	c00ea553	fcvt.w.s	x10,f29	 f29:0xffc00000 x10=0x7fffffff
     388635.000 ns	     38862	80008014	204c0f53	fsgnj.s	f30,f24,f4	 f24:0xffc00000  f4:0x80000001 f30=0xffc00000
     388665.000 ns	     38865	80008018	03fea533	mulhsu	x10,x29,x31	 x29:0x00000000 x31:0xe9738fd4 x10=0x00000000
     388715.000 ns	     38870	8000801c	014bfa53	fadd.s	f20,f23,f20	 f23:0x4f600000 f20:0x80000000 f20=0x4f600000
     388765.000 ns	     38875	80008020	09369fd3	fsub.s	f31,f13,f19	 f13:0xcf7c31c3 f19:0x80000000 f31=0xcf7c31c3
     388785.000 ns	     38877	80008024	00499633	sll	x12,x19,x4	 x19:0xfc31c41b  x4:0x00000007 x12=0x18e20d80
     388805.000 ns	     38879	80008028	a07b0153	fle.s	x2,f22,f7	 f22:0x00000000  f7:0x7f800000  x2=0x00000001
     388825.000 ns	     38881	8000802c	378a8a93	addi	x21,x21,888	 x21:0x00000000 x21=0x00000378
     388845.000 ns	     38883	80008030	a1fca4d3	feq.s	x9,f25,f31	 f25:0x3f800000 f31:0xcf7c31c3  x9=0x00000000
     388875.000 ns	     38886	80008034	a18b9353	flt.s	x6,f23,f24	 f23:0x4f600000 f24:0xffc00000  x6=0x00000000
     389245.000 ns	     38923	80008038	0368f2b3	remu	x5,x17,x22	 x17:0x00000001 x22:0x00000001  x5=0x00000000
     389265.000 ns	     38925	8000803c	3f2ba393	slti	x7,x23,1010	 x23:0x00000000  x7=0x00000001
     389275.000 ns	     38926	80008040	416a5d33	sra	x26,x20,x22	 x20:0x80040fe4 x22:0x00000001 x26=0xc00207f2
     389285.000 ns	     38927	80008044	40ce5b33	sra	x22,x28,x12	 x28:0x00000001 x12:0x18e20d80 x22=0x00000001
     389295.000 ns	     38928	80008048	61d1b113	sltiu	x2,x3,1565	  x3:0x00000000  x2=0x00000001
     389315.000 ns	     38930	8000804c	203407d3	fsgnj.s	f15,f8,f3	  f8:0x7fc00000  f3:0x7fc00000 f15=0x7fc00000
     389345.000 ns	     38933	80008050	d019b8d3	fcvt.s.wu	f17,x19	 x19:0xfc31c41b f17=0x4f7c31c5
     389375.000 ns	     38936	80008054	033e82b3	mul	x5,x29,x19	 x29:0x00000000 x19:0xfc31c41b  x5=0x00000000
     389405.000 ns	     38939	80008058	028ff633	remu	x12,x31,x8	 x31:0xe9738fd4  x8:0x00000000 x12=0xe9738fd4
     389435.000 ns	     38942	8000805c	0362b833	mulhu	x16,x5,x22	  x5:0x00000000 x22:0x00000001 x16=0x00000000
     389485.000 ns	     38947	80008060	081779d3	fsub.s	f19,f14,f1	 f14:0x80000000  f1:0x7f800000 f19=0xff800000
     389505.000 ns	     38949	80008064	006c40b3	xor	x1,x24,x6	 x24:0x00000001  x6:0x00000000  x1=0x00000001
     389865.000 ns	     38985	80008068	03f46fb3	rem	x31,x8,x31	  x8:0x00000000 x31:0xe9738fd4 x31=0x00000000
     389885.000 ns	     38987	8000806c	015ea533	slt	x10,x29,x21	 x29:0x00000000 x21:0x00000378 x10=0x00000001
     389895.000 ns	     38988	80008070	01875413	srli	x8,x14,0x18	 x14:0x00000000  x8=0x00000000
     389925.000 ns	     38991	80008074	118fa1d3	fmul.s	f3,f31,f24	 f31:0xcf7c31c3 f24:0xffc00000  f3=0x7fc00000
     389955.000 ns	     38994	80008078	c00ff753	fcvt.w.s	x14,f31	 f31:0xcf7c31c3 x14=0x80000000
     389975.000 ns	     38996	8000807c	be9eba97	auipc	x21,0xbe9eb	 x21=0x3e9f307c
     389995.000 ns	     38998	80008080	200aa2d3	fsgnjx.s	f5,f21,f0	 f21:0x00000000  f0:0x7fc00000  f5=0x00000000
     390025.000 ns	     39001	80008084	29d08ad3	fmin.s	f21,f1,f29	  f1:0x7f800000 f29:0xffc00000 f21=0x7f800000
     390045.000 ns	     39003	80008088	01039013	slli	x0,x7,0x10	  x7:0x00000001
     390075.000 ns	     39006	8000808c	1083f6d3	fmul.s	f13,f7,f8	  f7:0x7f800000  f8:0x7fc00000 f13=0x7fc00000
     390105.000 ns	     39009	80008090	e00203d3	fmv.x.w	x7,f4	  f4:0x80000001  x7=0x80000001
     390135.000 ns	     39012	80008094	025b1c33	mulh	x24,x22,x5	 x22:0x00000001  x5:0x00000000 x24=0x00000000
     390165.000 ns	     39015	80008098	d01c16d3	fcvt.s.wu	f13,x24	 x24:0x00000001 f13=0x00000000
     390185.000 ns	     39017	8000809c	416e5c13	srai	x24,x28,0x16	 x28:0x00000001 x24=0x00000000
     390195.000 ns	     39018	800080a0	00e09413	slli	x8,x1,0xe	  x1:0x00000001  x8=0x00004000
     390205.000 ns	     39019	800080a4	e2958f13	addi	x30,x11,-471	 x11:0x00000001 x30=0xfffffe2a
     390215.000 ns	     39020	800080a8	400f0c33	sub	x24,x30,x0	 x30:0x12a0eb94  x0:0x00000000 x24=0xfffffe2a
     390225.000 ns	     39021	800080ac	00139213	slli	x4,x7,0x1	  x7:0x80000001  x4=0x00000002
     390245.000 ns	     39023	800080b0	d00ef353	fcvt.s.w	f6,x29	 x29:0x00000000  f6=0x00000000
     390295.000 ns	     39028	800080b4	09b07453	fsub.s	f8,f0,f27	  f0:0x7fc00000 f27:0x00000000  f8=0x7fc00000
     390325.000 ns	     39031	800080b8	a0b20e53	fle.s	x28,f4,f11	  f4:0x80000001 f11:0xffc00000 x28=0x00000000
     390365.000 ns	     39035	800080bc	18741353	fdiv.s	f6,f8,f7	  f8:0x7fc00000  f7:0x7f800000  f6=0x7fc00000
     390395.000 ns	     39038	800080c0	218712d3	fsgnjn.s	f5,f14,f24	 f14:0x80000000 f24:0xffc00000  f5=0x00000000
     390425.000 ns	     39041	800080c4	02c89233	mulh	x4,x17,x12	 x17:0x00000001 x12:0xe9738fd4  x4=0xffffffff
     390455.000 ns	     39044	800080c8	d01cf2d3	fcvt.s.wu	f5,x25	 x25:0x00000000  f5=0x00000000
     390475.000 ns	     39046	800080cc	4069d013	srai	x0,x19,0x6	 x19:0xfc31c41b
     390495.000 ns	     39048	800080d0	f0038ad3	fmv.w.x	f21,x7	  x7:0x80000001 f21=0x80000001
     390525.000 ns	     39051	800080d4	d00c1c53	fcvt.s.w	f24,x24	 x24:0xfffffe2a f24=0xc3eb0000
     390555.000 ns	     39054	800080d8	03051933	mulh	x18,x10,x16	 x10:0x00000001 x16:0x00000000 x18=0x00000000
     390925.000 ns	     39091	800080dc	02a9fe33	remu	x28,x19,x10	 x19:0xfc31c41b x10:0x00000001 x28=0x00000000
     390945.000 ns	     39093	800080e0	01391093	slli	x1,x18,0x13	 x18:0x00000000  x1=0x00000000
     390965.000 ns	     39095	800080e4	03ca8fb3	mul	x31,x21,x28	 x21:0x3e9f307c x28:0x00000000 x31=0x00000000
     390985.000 ns	     39097	800080e8	b5032797	auipc	x15,0xb5032	 x15=0x3503a0e8
     390995.000 ns	     39098	800080ec	00e06533	or	x10,x0,x14	  x0:0x00000000 x14:0x80000000 x10=0x80000000
     391015.000 ns	     39100	800080f0	d01af9d3	fcvt.s.wu	f19,x21	 x21:0x3e9f307c f19=0x4e7a7cc1
     391045.000 ns	     39103	800080f4	0213c333	div	x6,x7,x1	  x7:0x80000001  x1:0x00000000  x6=0xffffffff
     391065.000 ns	     39105	800080f8	00000013	addi	x0,x0,0	  x0:0x00000000
     391085.000 ns	     39107	800080fc	c0127853	fcvt.wu.s	x16,f4	  f4:0x80000001 x16=0x00000000
     391115.000 ns	     39110	80008100	2004a953	fsgnjx.s	f18,f9,f0	  f9:0x46b50a40  f0:0x7fc00000 f18=0x46b50a40
     391135.000 ns	     39112	80008104	00d61933	sll	x18,x12,x13	 x12:0xe9738fd4 x13:0x2541d729 x18=0xe71fa800
     391145.000 ns	     39113	80008108	0066dc13	srli	x24,x13,0x6	 x13:0x2541d729 x24=0x0095075c
     391165.000 ns	     39115	8000810c	2021a553	fsgnjx.s	f10,f3,f2	  f3:0x7fc00000  f2:0x7fc00000 f10=0x7fc00000
     391185.000 ns	     39117	80008110	0014a533	slt	x10,x9,x1	  x9:0x00000000  x1:0x00000000 x10=0x00000000
     391195.000 ns	     39118	80008114	40b78ab3	sub	x21,x15,x11	 x15:0x3503a0e8 x11:0x00000001 x21=0x3503a0e7
     391225.000 ns	     39121	80008118	11d976d3	fmul.s	f13,f18,f29	 f18:0x46b50a40 f29:0xffc00000 f13=0x7fc00000
     391245.000 ns	     39123	8000811c	01007cb3	and	x25,x0,x16	  x0:0x00000000 x16:0x00000000 x25=0x00000000
     391265.000 ns	     39125	80008120	03873233	mulhu	x4,x14,x24	 x14:0x80000000 x24:0x0095075c  x4=0x004a83ae
     391295.000 ns	     39128	80008124	297c0153	fmin.s	f2,f24,f23	 f24:0xc3eb0000 f23:0x4f600000  f2=0xc3eb0000
     391325.000 ns	     39131	80008128	d01b96d3	fcvt.s.wu	f13,x23	 x23:0x00000000 f13=0x00000000
     391345.000 ns	     39133	8000812c	010f56b3	srl	x13,x30,x16	 x30:0xfffffe2a x16:0x00000000 x13=0xfffffe2a
     391355.000 ns	     39134	80008130	0177d533	srl	x10,x15,x23	 x15:0x3503a0e8 x23:0x00000000 x10=0x3503a0e8
     391375.000 ns	     39136	80008134	d00b73d3	fcvt.s.w	f7,x22	 x22:0x00000001  f7=0x3f800000
     391745.000 ns	     39173	80008138	027163b3	rem	x7,x2,x7	  x2:0x00000001  x7:0x80000001  x7=0x00000001
     391775.000 ns	     39176	8000813c	a1cc06d3	fle.s	x13,f24,f28	 f24:0xc3eb0000 f28:0xec8e05a6 x13=0x00000000
     391815.000 ns	     39180	80008140	1835f753	fdiv.s	f14,f11,f3	 f11:0xffc00000  f3:0x7fc00000 f14=0x7fc00000
     391865.000 ns	     39185	80008144	0076ff53	fadd.s	f30,f13,f7	 f13:0x00000000  f7:0x3f800000 f30=0x3f800000
     392235.000 ns	     39222	80008148	0320dcb3	divu	x25,x1,x18	  x1:0x00000000 x18:0xe71fa800 x25=0x00000000
     392265.000 ns	     39225	8000814c	28fd8153	fmin.s	f2,f27,f15	 f27:0x00000000 f15:0x7fc00000  f2=0x00000000
     392295.000 ns	     39228	80008150	03942733	mulhsu	x14,x8,x25	  x8:0x00004000 x25:0x00000000 x14=0x00000000
     392315.000 ns	     39230	80008154	01393833	sltu	x16,x18,x19	 x18:0xe71fa800 x19:0xfc31c41b x16=0x00000001
     392335.000 ns	     39232	80008158	c009c6d3	fcvt.w.s	x13,f19	 f19:0x4e7a7cc1 x13=0x3e9f3040
     392355.000 ns	     39234	8000815c	dd386813	ori	x16,x16,-557	 x16:0x00000000 x16=0xfffffdd3
     392365.000 ns	     39235	80008160	01ea0cb3	add	x25,x20,x30	 x20:0x80040fe4 x30:0xfffffe2a x25=0x80040e0e
     392385.000 ns	     39237	80008164	28340753	fmin.s	f14,f8,f3	  f8:0x7fc00000  f3:0x7fc00000 f14=0x7fc00000
     392405.000 ns	     39239	80008168	0100e1b3	or	x3,x1,x16	  x1:0x00000000 x16:0xfffffdd3  x3=0xfffffdd3
     392415.000 ns	     39240	8000816c	40f55bb3	sra	x23,x10,x15	 x10:0x3503a0e8 x15:0x3503a0e8 x23=0x003503a0
     392435.000 ns	     39242	80008170	e0099ed3	fclass.s	x29,f19	 f19:0x4e7a7cc1 x29=0x00000040
     392805.000 ns	     39279	80008174	03a041b3	div	x3,x0,x26	  x0:0x00000000 x26:0xc00207f2  x3=0x00000000
     392825.000 ns	     39281	80008178	72527813	andi	x16,x4,1829	  x4:0x004a83ae x16=0x00000324
     392845.000 ns	     39283	8000817c	29160353	fmin.s	f6,f12,f17	 f12:0x7fc00000 f17:0x4f7c31c5  f6=0x4f7c31c5
     392875.000 ns	     39286	80008180	032722b3	mulhsu	x5,x14,x18	 x14:0x00000000 x18:0xe71fa800  x5=0x00000000
     392895.000 ns	     39288	80008184	016d7bb3	and	x23,x26,x22	 x26:0xc00207f2 x22:0x00000001 x23=0x00000000
     392905.000 ns	     39289	80008188	00000013	addi	x0,x0,0	  x0:0x00000000
     392925.000 ns	     39291	8000818c	d01170d3	fcvt.s.wu	f1,x2	  x2:0x00000001  f1=0x3f800000
     392975.000 ns	     39296	80008190	091af153	fsub.s	f2,f21,f17	 f21:0x80000001 f17:0x4f7c31c5  f2=0xcf7c31c5
     393005.000 ns	     39299	80008194	e0031053	fclass.s	x0,f6	  f6:0x4f7c31c5
     393375.000 ns	     39336	80008198	03a5ccb3	div	x25,x11,x26	 x11:0x00000001 x26:0xc00207f2 x25=0x00000000
     393405.000 ns	     39339	8000819c	c00ef0d3	fcvt.w.s	x1,f29	 f29:0xffc00000  x1=0x7fffffff
     393425.000 ns	     39341	800081a0	42bd0793	addi	x15,x26,1067	 x26:0xc00207f2 x15=0xc0020c1d
     393435.000 ns	     39342	800081a4	009f9bb3	sll	x23,x31,x9	 x31:0x00000000  x9:0x00000000 x23=0x00000000
     393455.000 ns	     39344	800081a8	03009133	mulh	x2,x1,x16	  x1:0x7fffffff x16:0x00000324  x2=0x00000191
     393475.000 ns	     39346	800081ac	0072af33	slt	x30,x5,x7	  x5:0x00000000  x7:0x00000001 x30=0x00000001
     393495.000 ns	     39348	800081b0	28050fd3	fmin.s	f31,f10,f0	 f10:0x7fc00000  f0:0x7fc00000 f31=0x7fc00000
     393535.000 ns	     39352	800081b4	58021253	fsqrt.s	f4,f4	  f4:0x80000001  f4=0x7fc00000
     393555.000 ns	     39354	800081b8	132512b7	lui	x5,0x13251	  x5=0x13251000
     393565.000 ns	     39355	800081bc	401eff93	andi	x31,x29,1025	 x29:0x00000040 x31=0x00000000
     393585.000 ns	     39357	800081c0	a1bc0d53	fle.s	x26,f24,f27	 f24:0xc3eb0000 f27:0x00000000 x26=0x00000001
     393615.000 ns	     39360	800081c4	02968b33	mul	x22,x13,x9	 x13:0x3e9f3040  x9:0x00000000 x22=0x00000000
     393635.000 ns	     39362	800081c8	41075813	srai	x16,x14,0x10	 x14:0x00000000 x16=0x00000000
     393655.000 ns	     39364	800081cc	d0041853	fcvt.s.w	f16,x8	  x8:0x00004000 f16=0x46800000
     393675.000 ns	     39366	800081d0	40dc54b3	sra	x9,x24,x13	 x24:0x0095075c x13:0x3e9f3040  x9=0x0095075c
     393695.000 ns	     39368	800081d4	e0020f53	fmv.x.w	x30,f4	  f4:0x7fc00000 x30=0x7fc00000
     393745.000 ns	     39373	800081d8	09448cd3	fsub.s	f25,f9,f20	  f9:0x46b50a40 f20:0x4f600000 f25=0xcf5fffa5
     393765.000 ns	     39375	800081dc	00654833	xor	x16,x10,x6	 x10:0x3503a0e8  x6:0xffffffff x16=0xcafc5f17
     393775.000 ns	     39376	800081e0	615b8313	addi	x6,x23,1557	 x23:0x00000000  x6=0x00000615
     393785.000 ns	     39377	800081e4	01fc82b3	add	x5,x25,x31	 x25:0x00000000 x31:0x00000000  x5=0x00000000
     393805.000 ns	     39379	800081e8	c01517d3	fcvt.wu.s	x15,f10	 f10:0x7fc00000 x15=0xffffffff
     393835.000 ns	     39382	800081ec	c01bcbd3	fcvt.wu.s	x23,f23	 f23:0x4f600000 x23=0xe0000000
     394205.000 ns	     39419	800081f0	03ede133	rem	x2,x27,x30	 x27:0x80041024 x30:0x7fc00000  x2=0xffc41024
     394225.000 ns	     39421	800081f4	aa1f3113	sltiu	x2,x30,-1375	 x30:0x7fc00000  x2=0x00000001
     394235.000 ns	     39422	800081f8	00000013	addi	x0,x0,0	  x0:0x00000000
     394245.000 ns	     39423	800081fc	0161e3b3	or	x7,x3,x22	  x3:0x00000000 x22:0x00000000  x7=0x00000000
     394255.000 ns	     39424	80008200	41615933	sra	x18,x2,x22	  x2:0x00000001 x22:0x00000000 x18=0x00000001
     394265.000 ns	     39425	80008204	40475e93	srai	x29,x14,0x4	 x14:0x00000000 x29=0x00000000
     394285.000 ns	     39427	80008208	02dc98b3	mulh	x17,x25,x13	 x25:0x00000000 x13:0x3e9f3040 x17=0x00000000
     394305.000 ns	     39429	8000820c	01048b33	add	x22,x9,x16	  x9:0x0095075c x16:0xcafc5f17 x22=0xcb916673
     394315.000 ns	     39430	80008210	002435b3	sltu	x11,x8,x2	  x8:0x00004000  x2:0x00000001 x11=0x00000000
     394675.000 ns	     39466	80008214	02896bb3	rem	x23,x18,x8	 x18:0x00000001  x8:0x00004000 x23=0x00000001
     394705.000 ns	     39469	80008218	c00617d3	fcvt.w.s	x15,f12	 f12:0x7fc00000 x15=0x7fffffff
     394735.000 ns	     39472	8000821c	e0040c53	fmv.x.w	x24,f8	  f8:0x7fc00000 x24=0x7fc00000
     394765.000 ns	     39475	80008220	28db8fd3	fmin.s	f31,f23,f13	 f23:0x4f600000 f13:0x00000000 f31=0x00000000
     394785.000 ns	     39477	80008224	747d6c13	ori	x24,x26,1863	 x26:0x00000001 x24=0x00000747
     394795.000 ns	     39478	80008228	59554313	xori	x6,x10,1429	 x10:0x3503a0e8  x6=0x3503a57d
     394805.000 ns	     39479	8000822c	d77d7913	andi	x18,x26,-649	 x26:0x00000001 x18=0x00000001
     394815.000 ns	     39480	80008230	cb2fe113	ori	x2,x31,-846	 x31:0x00000000  x2=0xfffffcb2
     394845.000 ns	     39483	80008234	580615d3	fsqrt.s	f11,f12	 f12:0x7fc00000 f11=0x7fc00000
     394865.000 ns	     39485	80008238	b32efb13	andi	x22,x29,-1230	 x29:0x00000000 x22=0x00000000
     394885.000 ns	     39487	8000823c	28e21cd3	fmax.s	f25,f4,f14	  f4:0x7fc00000 f14:0x7fc00000 f25=0x7fc00000
     394915.000 ns	     39490	80008240	e0041f53	fclass.s	x30,f8	  f8:0x7fc00000 x30=0x00000200
     394935.000 ns	     39492	80008244	0060bcb3	sltu	x25,x1,x6	  x1:0x7fffffff  x6:0x3503a57d x25=0x00000000
     394955.000 ns	     39494	80008248	d0107ed3	fcvt.s.wu	f29,x0	  x0:0x00000000 f29=0x00000000
     394975.000 ns	     39496	8000824c	01a5c333	xor	x6,x11,x26	 x11:0x00000000 x26:0x00000001  x6=0x00000001
     394985.000 ns	     39497	80008250	00011d33	sll	x26,x2,x0	  x2:0xfffffcb2  x0:0x00000000 x26=0xfffffcb2
     395005.000 ns	     39499	80008254	a1ba1cd3	flt.s	x25,f20,f27	 f20:0x4f600000 f27:0x00000000 x25=0x00000000
     395055.000 ns	     39504	80008258	011d3fd3	fadd.s	f31,f26,f17	 f26:0x80000000 f17:0x4f7c31c5 f31=0x4f7c31c5
     395075.000 ns	     39506	8000825c	0097c533	xor	x10,x15,x9	 x15:0x7fffffff  x9:0x0095075c x10=0x7f6af8a3
     395085.000 ns	     39507	80008260	01e53bb3	sltu	x23,x10,x30	 x10:0x3503a0e8 x30:0x00000200 x23=0x00000000
     395095.000 ns	     39508	80008264	00d81233	sll	x4,x16,x13	 x16:0xcafc5f17 x13:0x3e9f3040  x4=0xcafc5f17
     395455.000 ns	     39544	80008268	03ab4c33	div	x24,x22,x26	 x22:0x00000000 x26:0xfffffcb2 x24=0x00000000
     395485.000 ns	     39547	8000826c	03d4ed33	rem	x26,x9,x29	  x9:0x0095075c x29:0x00000000 x26=0x0095075c
     395515.000 ns	     39550	80008270	20bfa453	fsgnjx.s	f8,f31,f11	 f31:0x4f7c31c5 f11:0x7fc00000  f8=0x4f7c31c5
     395565.000 ns	     39555	80008274	088ef853	fsub.s	f16,f29,f8	 f29:0x00000000  f8:0x7fc00000 f16=0xcf7c31c5
     395595.000 ns	     39558	80008278	c0177553	fcvt.wu.s	x10,f14	 f14:0x7fc00000 x10=0xffffffff
     395615.000 ns	     39560	8000827c	00063433	sltu	x8,x12,x0	 x12:0xe9738fd4  x0:0x00000000  x8=0x00000000
     395625.000 ns	     39561	80008280	01d62433	slt	x8,x12,x29	 x12:0xe9738fd4 x29:0x00000000  x8=0x00000001
     395645.000 ns	     39563	80008284	f0018953	fmv.w.x	f18,x3	  x3:0x00000000 f18=0x00000000
     395665.000 ns	     39565	80008288	0048c6b3	xor	x13,x17,x4	 x17:0x00000000  x4:0xcafc5f17 x13=0xcafc5f17
     395675.000 ns	     39566	8000828c	4f149517	auipc	x10,0x4f149	 x10=0xcf15128c
     395685.000 ns	     39567	80008290	4114d133	sra	x2,x9,x17	  x9:0x0095075c x17:0x00000000  x2=0x0095075c
     395705.000 ns	     39569	80008294	d01ef453	fcvt.s.wu	f8,x29	 x29:0x00000000  f8=0x00000000
     395725.000 ns	     39571	80008298	4beaea93	ori	x21,x21,1214	 x21:0x3503a0e7 x21=0x3503a4ff
     395755.000 ns	     39574	8000829c	183d7653	fdiv.s	f12,f26,f3	 f26:0x80000000  f3:0x7fc00000 f12=0x7fc00000
     395785.000 ns	     39577	800082a0	0305abb3	mulhsu	x23,x11,x16	 x11:0x00000000 x16:0xcafc5f17 x23=0x00000000
     395815.000 ns	     39580	800082a4	d01b9153	fcvt.s.wu	f2,x23	 x23:0x00000000  f2=0x00000000
     395835.000 ns	     39582	800082a8	01483fb3	sltu	x31,x16,x20	 x16:0xcafc5f17 x20:0x80040fe4 x31=0x00000000
     396195.000 ns	     39618	800082ac	03204533	div	x10,x0,x18	  x0:0x00000000 x18:0x00000001 x10=0x00000000
     396225.000 ns	     39621	800082b0	02ca3633	mulhu	x12,x20,x12	 x20:0x80040fe4 x12:0xe9738fd4 x12=0x74bd7c35
     396245.000 ns	     39623	800082b4	00000013	addi	x0,x0,0	  x0:0x00000000
     396275.000 ns	     39626	800082b8	10ecf753	fmul.s	f14,f25,f14	 f25:0x7fc00000 f14:0x7fc00000 f14=0x7fc00000
     396295.000 ns	     39628	800082bc	f5fd7d13	andi	x26,x26,-161	 x26:0x0095075c x26=0x0095075c
     396305.000 ns	     39629	800082c0	69e63313	sltiu	x6,x12,1694	 x12:0x74bd7c35  x6=0x00000000
     396315.000 ns	     39630	800082c4	41e0d5b3	sra	x11,x1,x30	  x1:0x7fffffff x30:0x00000200 x11=0x7fffffff
     396325.000 ns	     39631	800082c8	00ea1713	slli	x14,x20,0xe	 x20:0x80040fe4 x14=0x03f90000
     396335.000 ns	     39632	800082cc	008f9ab3	sll	x21,x31,x8	 x31:0x00000000  x8:0x00000001 x21=0x00000000
     396345.000 ns	     39633	800082d0	40068e33	sub	x28,x13,x0	 x13:0xcafc5f17  x0:0x00000000 x28=0xcafc5f17
     396365.000 ns	     39635	800082d4	e00f8953	fmv.x.w	x18,f31	 f31:0x4f7c31c5 x18=0x4f7c31c5
     396385.000 ns	     39637	800082d8	bb5d4313	xori	x6,x26,-1099	 x26:0x0095075c  x6=0xff6afce9
     396395.000 ns	     39638	800082dc	01cd9933	sll	x18,x27,x28	 x27:0x80041024 x28:0xcafc5f17 x18=0x12000000
     396755.000 ns	     39674	800082e0	03aaf433	remu	x8,x21,x26	 x21:0x00000000 x26:0x0095075c  x8=0x00000000
     396785.000 ns	     39677	800082e4	0289a133	mulhsu	x2,x19,x8	 x19:0xfc31c41b  x8:0x00000001  x2=0x00000000
     396805.000 ns	     39679	800082e8	e908b413	sltiu	x8,x17,-368	 x17:0x00000000  x8=0x00000001
     396825.000 ns	     39681	800082ec	02bb0333	mul	x6,x22,x11	 x22:0x00000000 x11:0x7fffffff  x6=0x00000000
     396855.000 ns	     39684	800082f0	21cdaa53	fsgnjx.s	f20,f27,f28	 f27:0x00000000 f28:0xec8e05a6 f20=0x80000000
     396885.000 ns	     39687	800082f4	29821553	fmax.s	f10,f4,f24	  f4:0x7fc00000 f24:0xc3eb0000 f10=0xc3eb0000
     396905.000 ns	     39689	800082f8	41c406b3	sub	x13,x8,x28	  x8:0x00000001 x28:0xcafc5f17 x13=0x3503a0ea
     396915.000 ns	     39690	800082fc	00a8db13	srli	x22,x17,0xa	 x17:0x00000000 x22=0x00000000
     396925.000 ns	     39691	80008300	0044feb3	and	x29,x9,x4	  x9:0x0095075c  x4:0xcafc5f17 x29=0x00940714
     396945.000 ns	     39693	80008304	c0007053	fcvt.w.s	x0,f0	  f0:0x7fc00000
     396975.000 ns	     39696	80008308	d0014c53	fcvt.s.w	f24,x2	  x2:0x00000000 f24=0x00000000
     397005.000 ns	     39699	8000830c	0254a1b3	mulhsu	x3,x9,x5	  x9:0x0095075c  x5:0x00000000  x3=0x00000000
     397035.000 ns	     39702	80008310	a19ea8d3	feq.s	x17,f29,f25	 f29:0x00000000 f25:0x7fc00000 x17=0x00000000
     397055.000 ns	     39704	80008314	6d3d4e93	xori	x29,x26,1747	 x26:0x0095075c x29=0x0095018f
     398225.000 ns	     39821	80008318	5804fcd3	fsqrt.s	f25,f9	  f9:0x46b50a40 f25=0x43183a19
     398245.000 ns	     39823	8000831c	2b4fe237	lui	x4,0x2b4fe	  x4=0x2b4fe000
     398265.000 ns	     39825	80008320	e0060553	fmv.x.w	x10,f12	 f12:0x7fc00000 x10=0x7fc00000
     398285.000 ns	     39827	80008324	00a2fbb3	and	x23,x5,x10	  x5:0x00000000 x10:0x00000000 x23=0x00000000
     398295.000 ns	     39828	80008328	41505e33	sra	x28,x0,x21	  x0:0x00000000 x21:0x00000000 x28=0x00000000
     398305.000 ns	     39829	8000832c	400705b3	sub	x11,x14,x0	 x14:0x03f90000  x0:0x00000000 x11=0x03f90000
     398325.000 ns	     39831	80008330	022b68b3	rem	x17,x22,x2	 x22:0x00000000  x2:0x00000000 x17=0x00000000
     398355.000 ns	     39834	80008334	e0059453	fclass.s	x8,f11	 f11:0x7fc00000  x8=0x00000200
     398385.000 ns	     39837	80008338	e00e8c53	fmv.x.w	x24,f29	 f29:0x00000000 x24=0x00000000
     398435.000 ns	     39842	8000833c	0006fe53	fadd.s	f28,f13,f0	 f13:0x00000000  f0:0x7fc00000 f28=0x7fc00000
     398475.000 ns	     39846	80008340	19aa7753	fdiv.s	f14,f20,f26	 f20:0x80000000 f26:0x80000000 f14=0x7fc00000
     398505.000 ns	     39849	80008344	d0010053	fcvt.s.w	f0,x2	  x2:0x00000000  f0=0x00000000
     398535.000 ns	     39852	80008348	03763833	mulhu	x16,x12,x23	 x12:0x74bd7c35 x23:0x00000000 x16=0x00000000
     398555.000 ns	     39854	8000834c	00b665b3	or	x11,x12,x11	 x12:0x74bd7c35 x11:0x03f90000 x11=0x77fd7c35
     398565.000 ns	     39855	80008350	00fe5593	srli	x11,x28,0xf	 x28:0x00000000 x11=0x00000000
     398575.000 ns	     39856	80008354	00701493	slli	x9,x0,0x7	  x0:0x00000000  x9=0x00000000
     398585.000 ns	     39857	80008358	010cdf33	srl	x30,x25,x16	 x25:0x00000000 x16:0x00000000 x30=0x00000000
     398605.000 ns	     39859	8000835c	a16e1953	flt.s	x18,f28,f22	 f28:0x7fc00000 f22:0x00000000 x18=0x00000000
     398625.000 ns	     39861	80008360	00000013	addi	x0,x0,0	  x0:0x00000000
     398655.000 ns	     39864	80008364	580639d3	fsqrt.s	f19,f12	 f12:0x7fc00000 f19=0x7fc00000
     398685.000 ns	     39867	80008368	21908653	fsgnj.s	f12,f1,f25	  f1:0x3f800000 f25:0x43183a19 f12=0x3f800000
     398715.000 ns	     39870	8000836c	c002a353	fcvt.w.s	x6,f5	  f5:0x00000000  x6=0x00000000
     398735.000 ns	     39872	80008370	407452b3	sra	x5,x8,x7	  x8:0x00000200  x7:0x00000000  x5=0x00000200
     398755.000 ns	     39874	80008374	02090633	mul	x12,x18,x0	 x18:0x00000000  x0:0x00000000 x12=0x00000000
     398785.000 ns	     39877	80008378	c0190853	fcvt.wu.s	x16,f18	 f18:0x00000000 x16=0x00000000
     398805.000 ns	     39879	8000837c	8e63c713	xori	x14,x7,-1818	  x7:0x00000000 x14=0xfffff8e6
     398825.000 ns	     39881	80008380	e0091753	fclass.s	x14,f18	 f18:0x00000000 x14=0x00000010
     398845.000 ns	     39883	80008384	0117b933	sltu	x18,x15,x17	 x15:0x7fffffff x17:0x00000000 x18=0x00000000
     398865.000 ns	     39885	80008388	035e8b33	mul	x22,x29,x21	 x29:0x0095018f x21:0x00000000 x22=0x00000000
     398895.000 ns	     39888	8000838c	02df34b3	mulhu	x9,x30,x13	 x30:0x00000000 x13:0x3503a0ea  x9=0x00000000
     398925.000 ns	     39891	80008390	03b182b3	mul	x5,x3,x27	  x3:0x00000000 x27:0x80041024  x5=0x00000000
     398945.000 ns	     39893	80008394	00c8cd33	xor	x26,x17,x12	 x17:0x00000000 x12:0x00000000 x26=0x00000000
     398955.000 ns	     39894	80008398	0072d533	srl	x10,x5,x7	  x5:0x00000000  x7:0x00000000 x10=0x00000000
     398975.000 ns	     39896	8000839c	d01a88d3	fcvt.s.wu	f17,x21	 x21:0x00000000 f17=0x00000000
     398995.000 ns	     39898	800083a0	00000013	addi	x0,x0,0	  x0:0x00000000
     399005.000 ns	     39899	800083a4	00267833	and	x16,x12,x2	 x12:0x00000000  x2:0x00000000 x16=0x00000000
     399025.000 ns	     39901	800083a8	217b9a53	fsgnjn.s	f20,f23,f23	 f23:0x4f600000 f23:0x4f600000 f20=0xcf600000
     399045.000 ns	     39903	800083ac	01ca6033	or	x0,x20,x28	 x20:0x80040fe4 x28:0x00000000
     399055.000 ns	     39904	800083b0	4cb47793	andi	x15,x8,1227	  x8:0x00000200 x15=0x00000000
     399065.000 ns	     39905	800083b4	41daef93	ori	x31,x21,1053	 x21:0x00000000 x31=0x0000041d
     399085.000 ns	     39907	800083b8	c01c9e53	fcvt.wu.s	x28,f25	 f25:0x43183a19 x28=0x00000098
     399115.000 ns	     39910	800083bc	c0132853	fcvt.wu.s	x16,f6	  f6:0x4f7c31c5 x16=0xfc31c500
     399145.000 ns	     39913	800083c0	d0018c53	fcvt.s.w	f24,x3	  x3:0x00000000 f24=0x00000000
     399165.000 ns	     39915	800083c4	41b406b3	sub	x13,x8,x27	  x8:0x00000200 x27:0x80041024 x13=0x7ffbf1dc
     399205.000 ns	     39919	800083c8	09f5f4d3	fsub.s	f9,f11,f31	 f11:0x7fc00000 f31:0x4f7c31c5  f9=0x7fc00000
     399225.000 ns	     39921	800083cc	01075a93	srli	x21,x14,0x10	 x14:0x00000010 x21=0x00000000
     399235.000 ns	     39922	800083d0	00f55833	srl	x16,x10,x15	 x10:0x00000000 x15:0x00000000 x16=0x00000000
     399245.000 ns	     39923	800083d4	3e887317	auipc	x6,0x3e887	  x6=0xbe88f3d4
     399265.000 ns	     39925	800083d8	d0112ad3	fcvt.s.wu	f21,x2	  x2:0x00000000 f21=0x00000000
     399285.000 ns	     39927	800083dc	d34ca013	slti	x0,x25,-716	 x25:0x00000000
     399295.000 ns	     39928	800083e0	00cbce33	xor	x28,x23,x12	 x23:0x00000000 x12:0x00000000 x28=0x00000000
     399315.000 ns	     39930	800083e4	a08b92d3	flt.s	x5,f23,f8	 f23:0x4f600000  f8:0x00000000  x5=0x00000000
     399345.000 ns	     39933	800083e8	20a38d53	fsgnj.s	f26,f7,f10	  f7:0x3f800000 f10:0xc3eb0000 f26=0xbf800000
     399365.000 ns	     39935	800083ec	00730eb3	add	x29,x6,x7	  x6:0xbe88f3d4  x7:0x00000000 x29=0xbe88f3d4
     399405.000 ns	     39939	800083f0	00877553	fadd.s	f10,f14,f8	 f14:0x7fc00000  f8:0x00000000 f10=0x7fc00000
     399425.000 ns	     39941	800083f4	43803613	sltiu	x12,x0,1080	  x0:0x00000000 x12=0x00000001
     399445.000 ns	     39943	800083f8	212aa353	fsgnjx.s	f6,f21,f18	 f21:0x00000000 f18:0x00000000  f6=0x00000000
     399475.000 ns	     39946	800083fc	03c3fe33	remu	x28,x7,x28	  x7:0x00000000 x28:0x00000000 x28=0x00000000
     399495.000 ns	     39948	80008400	13e14713	xori	x14,x2,318	  x2:0x00000000 x14=0x0000013e
     399855.000 ns	     39984	80008404	0334e0b3	rem	x1,x9,x19	  x9:0x00000000 x19:0xfc31c41b  x1=0x00000000
     399875.000 ns	     39986	80008408	b400bb93	sltiu	x23,x1,-1216	  x1:0x7fffffff x23=0x00000001
     399885.000 ns	     39987	8000840c	01bd9e13	slli	x28,x27,0x1b	 x27:0x80041024 x28=0x20000000
     399905.000 ns	     39989	80008410	035f2733	mulhsu	x14,x30,x21	 x30:0x00000000 x21:0x00000000 x14=0x00000000
     399925.000 ns	     39991	80008414	ba203813	sltiu	x16,x0,-1118	  x0:0x00000000 x16=0x00000001
     399945.000 ns	     39993	80008418	e00097d3	fclass.s	x15,f1	  f1:0x3f800000 x15=0x00000040
     399975.000 ns	     39996	8000841c	20b39bd3	fsgnjn.s	f23,f7,f11	  f7:0x3f800000 f11:0x7fc00000 f23=0xbf800000
     399995.000 ns	     39998	80008420	007f1233	sll	x4,x30,x7	 x30:0x00000000  x7:0x00000000  x4=0x00000000
     400035.000 ns	     40002	80008424	018477d3	fadd.s	f15,f8,f24	  f8:0x00000000 f24:0x00000000 f15=0x00000000
     400065.000 ns	     40005	80008428	a1da8253	fle.s	x4,f21,f29	 f21:0x00000000 f29:0x00000000  x4=0x00000001
     400095.000 ns	     40008	8000842c	20d627d3	fsgnjx.s	f15,f12,f13	 f12:0x3f800000 f13:0x00000000 f15=0x3f800000
     400115.000 ns	     40010	80008430	40a18b33	sub	x22,x3,x10	  x3:0x00000000 x10:0x00000000 x22=0x00000000
     400135.000 ns	     40012	80008434	216b0553	fsgnj.s	f10,f22,f22	 f22:0x00000000 f22:0x00000000 f10=0x00000000
     400155.000 ns	     40014	80008438	40fedf33	sra	x30,x29,x15	 x29:0xbe88f3d4 x15:0x00000040 x30=0xbe88f3d4
     400175.000 ns	     40016	8000843c	c0158153	fcvt.wu.s	x2,f11	 f11:0x7fc00000  x2=0xffffffff
     400195.000 ns	     40018	80008440	013bc133	xor	x2,x23,x19	 x23:0x00000001 x19:0xfc31c41b  x2=0xfc31c41a
     400215.000 ns	     40020	80008444	a1558153	fle.s	x2,f11,f21	 f11:0x7fc00000 f21:0x00000000  x2=0x00000000
     400235.000 ns	     40022	80008448	701b6e97	auipc	x29,0x701b6	 x29=0xf01be448
     400245.000 ns	     40023	8000844c	013fbfb3	sltu	x31,x31,x19	 x31:0x0000041d x19:0xfc31c41b x31=0x00000001
     400265.000 ns	     40025	80008450	214291d3	fsgnjn.s	f3,f5,f20	  f5:0x00000000 f20:0xcf600000  f3=0x00000000
     400285.000 ns	     40027	80008454	019787b3	add	x15,x15,x25	 x15:0x00000040 x25:0x00000000 x15=0x00000040
     400315.000 ns	     40030	80008458	1195f953	fmul.s	f18,f11,f25	 f11:0x7fc00000 f25:0x43183a19 f18=0x7fc00000
     400345.000 ns	     40033	8000845c	28b20053	fmin.s	f0,f4,f11	  f4:0x7fc00000 f11:0x7fc00000  f0=0x7fc00000
     400375.000 ns	     40036	80008460	d01eae53	fcvt.s.wu	f28,x29	 x29:0xf01be448 f28=0x4f701be5
     400395.000 ns	     40038	80008464	b24b6913	ori	x18,x22,-1244	 x22:0x00000000 x18=0xfffffb24
     400425.000 ns	     40041	80008468	10b341d3	fmul.s	f3,f6,f11	  f6:0x00000000 f11:0x7fc00000  f3=0x7fc00000
     400445.000 ns	     40043	8000846c	3e453d13	sltiu	x26,x10,996	 x10:0x00000000 x26=0x00000001
     401615.000 ns	     40160	80008470	5803f2d3	fsqrt.s	f5,f7	  f7:0x3f800000  f5=0x3f7fffae
     401645.000 ns	     40163	80008474	f00d04d3	fmv.w.x	f9,x26	 x26:0x00000000  f9=0x00000001
     401675.000 ns	     40166	80008478	a0ab16d3	flt.s	x13,f22,f10	 f22:0x00000000 f10:0x00000000 x13=0x00000000
     401705.000 ns	     40169	8000847c	0236af33	mulhsu	x30,x13,x3	 x13:0x7ffbf1dc  x3:0x00000000 x30=0x00000000
     401725.000 ns	     40171	80008480	e4856213	ori	x4,x10,-440	 x10:0x00000000  x4=0xfffffe48
     401735.000 ns	     40172	80008484	2e6d3713	sltiu	x14,x26,742	 x26:0x00000001 x14=0x00000001
     401745.000 ns	     40173	80008488	00eb4cb3	xor	x25,x22,x14	 x22:0x00000000 x14:0x00000000 x25=0x00000001
     401755.000 ns	     40174	8000848c	01b654b3	srl	x9,x12,x27	 x12:0x00000001 x27:0x80041024  x9=0x00000000
     401795.000 ns	     40178	80008490	01441a53	fadd.s	f20,f8,f20	  f8:0x00000000 f20:0xcf600000 f20=0xcf600000
     402165.000 ns	     40215	80008494	03d2f7b3	remu	x15,x5,x29	  x5:0x00000000 x29:0xf01be448 x15=0x00000000
     402195.000 ns	     40218	80008498	21b704d3	fsgnj.s	f9,f14,f27	 f14:0x7fc00000 f27:0x00000000  f9=0x7fc00000
     402225.000 ns	     40221	8000849c	f00d8dd3	fmv.w.x	f27,x27	 x27:0x80041024 f27=0x80041024
     402245.000 ns	     40223	800084a0	011b1b33	sll	x22,x22,x17	 x22:0x00000000 x17:0x00000000 x22=0x00000000
     402255.000 ns	     40224	800084a4	c2f60413	addi	x8,x12,-977	 x12:0x00000001  x8=0xfffffc30
     402265.000 ns	     40225	800084a8	479caa93	slti	x21,x25,1145	 x25:0x00000001 x21=0x00000001
     402285.000 ns	     40227	800084ac	2094a9d3	fsgnjx.s	f19,f9,f9	  f9:0x7fc00000  f9:0x7fc00000 f19=0x7fc00000
     402315.000 ns	     40230	800084b0	f0000ed3	fmv.w.x	f29,x0	  x0:0x00000000 f29=0x00000000
     402685.000 ns	     40267	800084b4	0248ff33	remu	x30,x17,x4	 x17:0x00000000  x4:0xfffffe48 x30=0x00000000
     402715.000 ns	     40270	800084b8	02e8b733	mulhu	x14,x17,x14	 x17:0x00000000 x14:0x00000001 x14=0x00000000
     402745.000 ns	     40273	800084bc	038035b3	mulhu	x11,x0,x24	  x0:0x00000000 x24:0x00000000 x11=0x00000000
     402775.000 ns	     40276	800084c0	d000c7d3	fcvt.s.w	f15,x1	  x1:0x00000000 f15=0x00000000
     402805.000 ns	     40279	800084c4	20ad22d3	fsgnjx.s	f5,f26,f10	 f26:0xbf800000 f10:0x00000000  f5=0xbf800000
     402835.000 ns	     40282	800084c8	e00593d3	fclass.s	x7,f11	 f11:0x7fc00000  x7=0x00000200
     402865.000 ns	     40285	800084cc	28eb1e53	fmax.s	f28,f22,f14	 f22:0x00000000 f14:0x7fc00000 f28=0x00000000
     402885.000 ns	     40287	800084d0	00000013	addi	x0,x0,0	  x0:0x00000000
     402895.000 ns	     40288	800084d4	41a20b33	sub	x22,x4,x26	  x4:0xfffffe48 x26:0x00000001 x22=0xfffffe47
     402905.000 ns	     40289	800084d8	13a9fc93	andi	x25,x19,314	 x19:0xfc31c41b x25=0x0000001a
     402915.000 ns	     40290	800084dc	01e4a533	slt	x10,x9,x30	  x9:0x00000000 x30:0x00000000 x10=0x00000000
     402935.000 ns	     40292	800084e0	02822433	mulhsu	x8,x4,x8	  x4:0xfffffe48  x8:0xfffffc30  x8=0xfffffe48
     402955.000 ns	     40294	800084e4	00893633	sltu	x12,x18,x8	 x18:0xfffffb24  x8:0xfffffc30 x12=0x00000001
     402965.000 ns	     40295	800084e8	414bd0b3	sra	x1,x23,x20	 x23:0x00000001 x20:0x80040fe4  x1=0x00000000
     402975.000 ns	     40296	800084ec	00000013	addi	x0,x0,0	  x0:0x00000000
     402985.000 ns	     40297	800084f0	b2d63593	sltiu	x11,x12,-1235	 x12:0x00000001 x11=0x00000001
     403025.000 ns	     40301	800084f4	092c7cd3	fsub.s	f25,f24,f18	 f24:0x00000000 f18:0x7fc00000 f25=0x7fc00000
     403045.000 ns	     40303	800084f8	415fd1b3	sra	x3,x31,x21	 x31:0x00000001 x21:0x00000001  x3=0x00000000
     403405.000 ns	     40339	800084fc	030f5d33	divu	x26,x30,x16	 x30:0x00000000 x16:0x00000001 x26=0x00000000
     403425.000 ns	     40341	80008500	00d65e93	srli	x29,x12,0xd	 x12:0x00000001 x29=0x00000000
     403435.000 ns	     40342	80008504	0d56c313	xori	x6,x13,213	 x13:0x00000000  x6=0x000000d5
     403445.000 ns	     40343	80008508	93222193	slti	x3,x4,-1742	  x4:0xfffffe48  x3=0x00000000
     403485.000 ns	     40347	8000850c	00a8f2d3	fadd.s	f5,f17,f10	 f17:0x00000000 f10:0x00000000  f5=0x00000000
     403525.000 ns	     40351	80008510	18d34953	fdiv.s	f18,f6,f13	  f6:0x00000000 f13:0x00000000 f18=0x7fc00000
     403545.000 ns	     40353	80008514	00d50733	add	x14,x10,x13	 x10:0x00000000 x13:0x00000000 x14=0x00000000
     403555.000 ns	     40354	80008518	01f5d393	srli	x7,x11,0x1f	 x11:0x00000001  x7=0x00000000
     403575.000 ns	     40356	8000851c	a12507d3	fle.s	x15,f10,f18	 f10:0x00000000 f18:0x7fc00000 x15=0x00000000
     403595.000 ns	     40358	80008520	41035493	srai	x9,x6,0x10	  x6:0x000000d5  x9=0x00000000
     403955.000 ns	     40394	80008524	034ae5b3	rem	x11,x21,x20	 x21:0x00000001 x20:0x80040fe4 x11=0x00000001
     404325.000 ns	     40431	80008528	030f6433	rem	x8,x30,x16	 x30:0x00000000 x16:0x00000001  x8=0x00000000
     404375.000 ns	     40436	8000852c	01a573d3	fadd.s	f7,f10,f26	 f10:0x00000000 f26:0xbf800000  f7=0xbf800000
     404405.000 ns	     40439	80008530	f00e0ad3	fmv.w.x	f21,x28	 x28:0x20000000 f21=0x20000000
     404435.000 ns	     40442	80008534	a0480253	fle.s	x4,f16,f4	 f16:0xcf7c31c5  f4:0x7fc00000  x4=0x00000000
     404455.000 ns	     40444	80008538	65d3bc13	sltiu	x24,x7,1629	  x7:0x00000000 x24=0x00000001
     404475.000 ns	     40446	8000853c	c0078bd3	fcvt.w.s	x23,f15	 f15:0x00000000 x23=0x00000000
     404495.000 ns	     40448	80008540	01b09933	sll	x18,x1,x27	  x1:0x00000000 x27:0x80041024 x18=0x00000000
     404505.000 ns	     40449	80008544	01fd7413	andi	x8,x26,31	 x26:0x00000000  x8=0x00000000
     404865.000 ns	     40485	80008548	02ce6033	rem	x0,x28,x12	 x28:0x20000000 x12:0x00000001
     404885.000 ns	     40487	8000854c	012b9c93	slli	x25,x23,0x12	 x23:0x00000000 x25=0x00000000
     404905.000 ns	     40489	80008550	023bf1b3	remu	x3,x23,x3	 x23:0x00000000  x3:0x00000000  x3=0x00000000
     404935.000 ns	     40492	80008554	c00496d3	fcvt.w.s	x13,f9	  f9:0x7fc00000 x13=0x7fffffff
     404955.000 ns	     40494	80008558	01c5abb3	slt	x23,x11,x28	 x11:0x00000001 x28:0x20000000 x23=0x00000001
     404975.000 ns	     40496	8000855c	a1b58cd3	fle.s	x25,f11,f27	 f11:0x7fc00000 f27:0x80041024 x25=0x00000000
     405005.000 ns	     40499	80008560	c01493d3	fcvt.wu.s	x7,f9	  f9:0x7fc00000  x7=0xffffffff
     405035.000 ns	     40502	80008564	e00a8bd3	fmv.x.w	x23,f21	 f21:0x20000000 x23=0x20000000
     405085.000 ns	     40507	80008568	01bd73d3	fadd.s	f7,f26,f27	 f26:0xbf800000 f27:0x80041024  f7=0xbf800000
     405105.000 ns	     40509	8000856c	cdb52b13	slti	x22,x10,-805	 x10:0x00000000 x22=0x00000000
     405125.000 ns	     40511	80008570	02043eb3	mulhu	x29,x8,x0	  x8:0x00000000  x0:0x00000000 x29=0x00000000
     405155.000 ns	     40514	80008574	032a0833	mul	x16,x20,x18	 x20:0x80040fe4 x18:0x00000000 x16=0x00000000
     405185.000 ns	     40517	80008578	e00d9053	fclass.s	x0,f27	 f27:0x80041024
     405205.000 ns	     40519	8000857c	2a147e93	andi	x29,x8,673	  x8:0x00000000 x29=0x00000000
     405225.000 ns	     40521	80008580	c0020153	fcvt.w.s	x2,f4	  f4:0x7fc00000  x2=0x7fffffff
     405255.000 ns	     40524	80008584	c00ff353	fcvt.w.s	x6,f31	 f31:0x4f7c31c5  x6=0x7fffffff
     405275.000 ns	     40526	80008588	2d67cd13	xori	x26,x15,726	 x15:0x00000000 x26=0x000002d6
     405285.000 ns	     40527	8000858c	00ed1713	slli	x14,x26,0xe	 x26:0x00000000 x14=0x00b58000
     405295.000 ns	     40528	80008590	4049d1b3	sra	x3,x19,x4	 x19:0xfc31c41b  x4:0x00000000  x3=0xfc31c41b
     405315.000 ns	     40530	80008594	c01d71d3	fcvt.wu.s	x3,f26	 f26:0xbf800000  x3=0x00000001
     405335.000 ns	     40532	80008598	68c9bd13	sltiu	x26,x19,1676	 x19:0xfc31c41b x26=0x00000000
     405355.000 ns	     40534	8000859c	2076ac53	fsgnjx.s	f24,f13,f7	 f13:0x00000000  f7:0xbf800000 f24=0x80000000
     405395.000 ns	     40538	800085a0	580e94d3	fsqrt.s	f9,f29	 f29:0x00000000  f9=0x00000000
     405415.000 ns	     40540	800085a4	003e1c33	sll	x24,x28,x3	 x28:0x20000000  x3:0x00000001 x24=0x40000000
     405425.000 ns	     40541	800085a8	4067d533	sra	x10,x15,x6	 x15:0x00000000  x6:0x7fffffff x10=0x00000000
     405435.000 ns	     40542	800085ac	01bfd2b3	srl	x5,x31,x27	 x31:0x00000001 x27:0x80041024  x5=0x00000000
     405455.000 ns	     40544	800085b0	28909d53	fmax.s	f26,f1,f9	  f1:0x3f800000  f9:0x00000000 f26=0x3f800000
     405485.000 ns	     40547	800085b4	d0072cd3	fcvt.s.w	f25,x14	 x14:0x00b58000 f25=0x4b358000
     405505.000 ns	     40549	800085b8	1896e213	ori	x4,x13,393	 x13:0x7fffffff  x4=0x7fffffff
     405515.000 ns	     40550	800085bc	00c1d8b3	srl	x17,x3,x12	  x3:0x00000001 x12:0x00000001 x17=0x00000000
     405535.000 ns	     40552	800085c0	a157a953	feq.s	x18,f15,f21	 f15:0x00000000 f21:0x20000000 x18=0x00000000
     405555.000 ns	     40554	800085c4	418d88b3	sub	x17,x27,x24	 x27:0x80041024 x24:0x40000000 x17=0x40041024
     405565.000 ns	     40555	800085c8	00793433	sltu	x8,x18,x7	 x18:0x00000000  x7:0xffffffff  x8=0x00000001
     405575.000 ns	     40556	800085cc	00b18333	add	x6,x3,x11	  x3:0x00000001 x11:0x00000001  x6=0x00000002
     405585.000 ns	     40557	800085d0	01c2a3b3	slt	x7,x5,x28	  x5:0x00000000 x28:0x20000000  x7=0x00000001
     405595.000 ns	     40558	800085d4	ebb6a893	slti	x17,x13,-325	 x13:0x7fffffff x17=0x00000000
     405615.000 ns	     40560	800085d8	280211d3	fmax.s	f3,f4,f0	  f4:0x7fc00000  f0:0x7fc00000  f3=0x7fc00000
     405645.000 ns	     40563	800085dc	f00007d3	fmv.w.x	f15,x0	  x0:0x00000000 f15=0x00000000
     405675.000 ns	     40566	800085e0	c00871d3	fcvt.w.s	x3,f16	 f16:0xcf7c31c5  x3=0x80000000
     405705.000 ns	     40569	800085e4	d0169e53	fcvt.s.wu	f28,x13	 x13:0x7fffffff f28=0x4effffff
     405725.000 ns	     40571	800085e8	407a5033	sra	x0,x20,x7	 x20:0x80040fe4  x7:0x00000001
     405735.000 ns	     40572	800085ec	a15ab313	sltiu	x6,x21,-1515	 x21:0x00000001  x6=0x00000001
     405745.000 ns	     40573	800085f0	b74cbc97	auipc	x25,0xb74cb	 x25=0x374d35f0
     405755.000 ns	     40574	800085f4	add04897	auipc	x17,0xadd04	 x17=0x2dd0c5f4
     405765.000 ns	     40575	800085f8	40b450b3	sra	x1,x8,x11	  x8:0x00000001 x11:0x00000001  x1=0x00000000
     405775.000 ns	     40576	800085fc	b2e74f13	xori	x30,x14,-1234	 x14:0x00b58000 x30=0xff4a7b2e
     405795.000 ns	     40578	80008600	03351f33	mulh	x30,x10,x19	 x10:0x00000000 x19:0xfc31c41b x30=0x00000000
     405815.000 ns	     40580	80008604	010cdc33	srl	x24,x25,x16	 x25:0x374d35f0 x16:0x00000000 x24=0x374d35f0
     405825.000 ns	     40581	80008608	7d6c4b17	auipc	x22,0x7d6c4	 x22=0xfd6cc608
     406185.000 ns	     40617	8000860c	03724d33	div	x26,x4,x23	  x4:0x7fffffff x23:0x20000000 x26=0x00000003
     406205.000 ns	     40619	80008610	00000013	addi	x0,x0,0	  x0:0x00000000
     406215.000 ns	     40620	80008614	2f713b13	sltiu	x22,x2,759	  x2:0x7fffffff x22=0x00000000
     406225.000 ns	     40621	80008618	01249f93	slli	x31,x9,0x12	  x9:0x00000000 x31=0x00000000
     406255.000 ns	     40624	8000861c	19eeff53	fdiv.s	f30,f29,f30	 f29:0x00000000 f30:0x3f800000 f30=0x00000000
     406285.000 ns	     40627	80008620	a10a8ed3	fle.s	x29,f21,f16	 f21:0x20000000 f16:0xcf7c31c5 x29=0x00000000
     406305.000 ns	     40629	80008624	00000013	addi	x0,x0,0	  x0:0x00000000
     406325.000 ns	     40631	80008628	c005f653	fcvt.w.s	x12,f11	 f11:0x7fc00000 x12=0x7fffffff
     406355.000 ns	     40634	8000862c	a13e8cd3	fle.s	x25,f29,f19	 f29:0x00000000 f19:0x7fc00000 x25=0x00000000
     406375.000 ns	     40636	80008630	ba298d37	lui	x26,0xba298	 x26=0xba298000
     406385.000 ns	     40637	80008634	01d36ab3	or	x21,x6,x29	  x6:0x00000001 x29:0x00000000 x21=0x00000001
     406395.000 ns	     40638	80008638	01131233	sll	x4,x6,x17	  x6:0x00000001 x17:0x2dd0c5f4  x4=0x00100000
     406415.000 ns	     40640	8000863c	28859fd3	fmax.s	f31,f11,f8	 f11:0x7fc00000  f8:0x00000000 f31=0x00000000
     406465.000 ns	     40645	80008640	09c87ed3	fsub.s	f29,f16,f28	 f16:0xcf7c31c5 f28:0x4effffff f29=0xcfbe18e2
     406505.000 ns	     40649	80008644	11d3c5d3	fmul.s	f11,f7,f29	  f7:0xbf800000 f29:0x00000000 f11=0x4fbe18e2
     406525.000 ns	     40651	80008648	01327bb3	and	x23,x4,x19	  x4:0x00100000 x19:0xfc31c41b x23=0x00100000
     406535.000 ns	     40652	8000864c	b74e7593	andi	x11,x28,-1164	 x28:0x20000000 x11=0x20000000
     406545.000 ns	     40653	80008650	00164433	xor	x8,x12,x1	 x12:0x7fffffff  x1:0x00000000  x8=0x7fffffff
     406565.000 ns	     40655	80008654	a0b483d3	fle.s	x7,f9,f11	  f9:0x00000000 f11:0x4fbe18e2  x7=0x00000001
     406585.000 ns	     40657	80008658	f7d85c37	lui	x24,0xf7d85	 x24=0xf7d85000
     406595.000 ns	     40658	8000865c	00000013	addi	x0,x0,0	  x0:0x00000000
     406625.000 ns	     40661	80008660	19947bd3	fdiv.s	f23,f8,f25	  f8:0x00000000 f25:0x4b358000 f23=0x00000000
     406655.000 ns	     40664	80008664	29dc0553	fmin.s	f10,f24,f29	 f24:0x80000000 f29:0xcfbe18e2 f10=0xcfbe18e2
     406675.000 ns	     40666	80008668	01cb4c33	xor	x24,x22,x28	 x22:0x00000000 x28:0x20000000 x24=0x20000000
     406695.000 ns	     40668	8000866c	02a6ccb3	div	x25,x13,x10	 x13:0x7fffffff x10:0x00000000 x25=0xffffffff
     406715.000 ns	     40670	80008670	d9dcb513	sltiu	x10,x25,-611	 x25:0x00000000 x10=0x00000000
     406735.000 ns	     40672	80008674	03e620b3	mulhsu	x1,x12,x30	 x12:0x7fffffff x30:0x00000000  x1=0x00000000
     406755.000 ns	     40674	80008678	00e83133	sltu	x2,x16,x14	 x16:0x00000000 x14:0x00b58000  x2=0x00000001
     406775.000 ns	     40676	8000867c	f00084d3	fmv.w.x	f9,x1	  x1:0x00000000  f9=0x00000000
     406805.000 ns	     40679	80008680	21f0a853	fsgnjx.s	f16,f1,f31	  f1:0x3f800000 f31:0x00000000 f16=0x3f800000
     406835.000 ns	     40682	80008684	c01972d3	fcvt.wu.s	x5,f18	 f18:0x7fc00000  x5=0xffffffff
     406855.000 ns	     40684	80008688	00b15313	srli	x6,x2,0xb	  x2:0x00000001  x6=0x00000000
     406875.000 ns	     40686	8000868c	d01c1653	fcvt.s.wu	f12,x24	 x24:0x20000000 f12=0x4e000000
     406925.000 ns	     40691	80008690	00e114d3	fadd.s	f9,f2,f14	  f2:0x00000000 f14:0x7fc00000  f9=0x7fc00000
     406955.000 ns	     40694	80008694	d00ff553	fcvt.s.w	f10,x31	 x31:0x00000000 f10=0x00000000
     406975.000 ns	     40696	80008698	01287b33	and	x22,x16,x18	 x16:0x00000000 x18:0x00000000 x22=0x00000000
     406985.000 ns	     40697	8000869c	00c44e33	xor	x28,x8,x12	  x8:0x7fffffff x12:0x7fffffff x28=0x00000000
     406995.000 ns	     40698	800086a0	014adc13	srli	x24,x21,0x14	 x21:0x00000001 x24=0x00000000
     407015.000 ns	     40700	800086a4	02ff7333	remu	x6,x30,x15	 x30:0x00000000 x15:0x00000000  x6=0x00000000
     407045.000 ns	     40703	800086a8	02f64bb3	div	x23,x12,x15	 x12:0x7fffffff x15:0x00000000 x23=0xffffffff
     407065.000 ns	     40705	800086ac	d4027c93	andi	x25,x4,-704	  x4:0x00100000 x25=0x00100000
     407075.000 ns	     40706	800086b0	01dfc933	xor	x18,x31,x29	 x31:0x00000000 x29:0x00000000 x18=0x00000000
     407085.000 ns	     40707	800086b4	018efbb3	and	x23,x29,x24	 x29:0x00000000 x24:0x00000000 x23=0x00000000
     407105.000 ns	     40709	800086b8	c00ffcd3	fcvt.w.s	x25,f31	 f31:0x00000000 x25=0x00000000
     407125.000 ns	     40711	800086bc	019adab3	srl	x21,x21,x25	 x21:0x00000001 x25:0x00100000 x21=0x00000001
     407145.000 ns	     40713	800086c0	a1fd94d3	flt.s	x9,f27,f31	 f27:0x80041024 f31:0x00000000  x9=0x00000001
     407195.000 ns	     40718	800086c4	09aaa853	fsub.s	f16,f21,f26	 f21:0x20000000 f26:0x3f800000 f16=0xbf800000
     407245.000 ns	     40723	800086c8	00691753	fadd.s	f14,f18,f6	 f18:0x7fc00000  f6:0x00000000 f14=0x7fc00000
     407275.000 ns	     40726	800086cc	d01e94d3	fcvt.s.wu	f9,x29	 x29:0x00000000  f9=0x00000000
     407305.000 ns	     40729	800086d0	c007b353	fcvt.w.s	x6,f15	 f15:0x00000000  x6=0x00000000
     407325.000 ns	     40731	800086d4	00670033	add	x0,x14,x6	 x14:0x00b58000  x6:0x00000000
     407335.000 ns	     40732	800086d8	019af4b3	and	x9,x21,x25	 x21:0x00000001 x25:0x00000000  x9=0x00000000
     407365.000 ns	     40735	800086dc	18eb7a53	fdiv.s	f20,f22,f14	 f22:0x00000000 f14:0x7fc00000 f20=0x7fc00000
     407395.000 ns	     40738	800086e0	03b48733	mul	x14,x9,x27	  x9:0x00000001 x27:0x80041024 x14=0x00000000
     407415.000 ns	     40740	800086e4	017d1893	slli	x17,x26,0x17	 x26:0xba298000 x17=0x00000000
     407435.000 ns	     40742	800086e8	a1359353	flt.s	x6,f11,f19	 f11:0x4fbe18e2 f19:0x7fc00000  x6=0x00000000
     407465.000 ns	     40745	800086ec	f00204d3	fmv.w.x	f9,x4	  x4:0x00100000  f9=0x00100000
     407495.000 ns	     40748	800086f0	02e6d933	divu	x18,x13,x14	 x13:0x7fffffff x14:0x00000000 x18=0xffffffff
     407545.000 ns	     40753	800086f4	019bff53	fadd.s	f30,f23,f25	 f23:0x00000000 f25:0x4b358000 f30=0x4b358000
     407575.000 ns	     40756	800086f8	d000f6d3	fcvt.s.w	f13,x1	  x1:0x00000000 f13=0x00000000
     407945.000 ns	     40793	800086fc	02bbc6b3	div	x13,x23,x11	 x23:0x00000000 x11:0x20000000 x13=0x00000000
     407965.000 ns	     40795	80008700	6f0d4413	xori	x8,x26,1776	 x26:0xba298000  x8=0xba2986f0
     407975.000 ns	     40796	80008704	00000013	addi	x0,x0,0	  x0:0x00000000
     407995.000 ns	     40798	80008708	02201133	mulh	x2,x0,x2	  x0:0x00000000  x2:0x00000001  x2=0x00000000
     408015.000 ns	     40800	8000870c	01f39533	sll	x10,x7,x31	  x7:0x00000001 x31:0x00000000 x10=0x00000001
     408035.000 ns	     40802	80008710	280b1f53	fmax.s	f30,f22,f0	 f22:0x00000000  f0:0x7fc00000 f30=0x00000000
     408065.000 ns	     40805	80008714	e0070253	fmv.x.w	x4,f14	 f14:0x7fc00000  x4=0x7fc00000
     408095.000 ns	     40808	80008718	208202d3	fsgnj.s	f5,f4,f8	  f4:0x7fc00000  f8:0x00000000  f5=0x7fc00000
     408125.000 ns	     40811	8000871c	20a011d3	fsgnjn.s	f3,f0,f10	  f0:0x7fc00000 f10:0x00000000  f3=0xffc00000
     408155.000 ns	     40814	80008720	d0172453	fcvt.s.wu	f8,x14	 x14:0x00000000  f8=0x00000000
     408185.000 ns	     40817	80008724	20af17d3	fsgnjn.s	f15,f30,f10	 f30:0x00000000 f10:0x00000000 f15=0x80000000
     408205.000 ns	     40819	80008728	66bb8b13	addi	x22,x23,1643	 x23:0x00000000 x22=0x0000066b
     408225.000 ns	     40821	8000872c	036324b3	mulhsu	x9,x6,x22	  x6:0x00000000 x22:0x00000000  x9=0x00000000
     408255.000 ns	     40824	80008730	03df6533	rem	x10,x30,x29	 x30:0x00000000 x29:0x00000000 x10=0x00000000
     408625.000 ns	     40861	80008734	0289e7b3	rem	x15,x19,x8	 x19:0xfc31c41b  x8:0xba2986f0 x15=0xfc31c41b
     408655.000 ns	     40864	80008738	030c6633	rem	x12,x24,x16	 x24:0x00000000 x16:0x00000000 x12=0x00000000
     408675.000 ns	     40866	8000873c	0135d5b3	srl	x11,x11,x19	 x11:0x20000000 x19:0xfc31c41b x11=0x00000004
     408695.000 ns	     40868	80008740	038a2d33	mulhsu	x26,x20,x24	 x20:0x80040fe4 x24:0x00000000 x26=0x00000000
     408715.000 ns	     40870	80008744	00998b33	add	x22,x19,x9	 x19:0xfc31c41b  x9:0x00000000 x22=0xfc31c41b
     408735.000 ns	     40872	80008748	a1f52653	feq.s	x12,f10,f31	 f10:0x00000000 f31:0x00000000 x12=0x00000001
     408765.000 ns	     40875	8000874c	d01c73d3	fcvt.s.wu	f7,x24	 x24:0x00000000  f7=0x00000000
     408795.000 ns	     40878	80008750	20aa0b53	fsgnj.s	f22,f20,f10	 f20:0x7fc00000 f10:0x00000000 f22=0x7fc00000
     408825.000 ns	     40881	80008754	022750b3	divu	x1,x14,x2	 x14:0x00000000  x2:0x00000000  x1=0xffffffff
     408855.000 ns	     40884	80008758	03e3fab3	remu	x21,x7,x30	  x7:0x00000001 x30:0x00000000 x21=0x00000001
     408885.000 ns	     40887	8000875c	029a8733	mul	x14,x21,x9	 x21:0x00000001  x9:0x00000000 x14=0x00000000
     408915.000 ns	     40890	80008760	f00d8ed3	fmv.w.x	f29,x27	 x27:0x80041024 f29=0x80041024
     409285.000 ns	     40927	80008764	0338cfb3	div	x31,x17,x19	 x17:0x00000000 x19:0xfc31c41b x31=0x00000000
     409315.000 ns	     40930	80008768	d00ec5d3	fcvt.s.w	f11,x29	 x29:0x00000000 f11=0x00000000
     409345.000 ns	     40933	8000876c	038b2633	mulhsu	x12,x22,x24	 x22:0xfc31c41b x24:0x00000000 x12=0x00000000
     409375.000 ns	     40936	80008770	a1329f53	flt.s	x30,f5,f19	  f5:0x7fc00000 f19:0x7fc00000 x30=0x00000000
     409415.000 ns	     40940	80008774	58074d53	fsqrt.s	f26,f14	 f14:0x7fc00000 f26=0x7fc00000
     409435.000 ns	     40942	80008778	0181d133	srl	x2,x3,x24	  x3:0x80000000 x24:0x00000000  x2=0x80000000
     409455.000 ns	     40944	8000877c	02f08533	mul	x10,x1,x15	  x1:0xffffffff x15:0xfc31c41b x10=0x03ce3be5
     409475.000 ns	     40946	80008780	01b82033	slt	x0,x16,x27	 x16:0x00000000 x27:0x80041024
     409505.000 ns	     40949	80008784	580470d3	fsqrt.s	f1,f8	  f8:0x00000000  f1=0x00000000
     409555.000 ns	     40954	80008788	001d7c53	fadd.s	f24,f26,f1	 f26:0x7fc00000  f1:0x3f800000 f24=0x7fc00000
     409585.000 ns	     40957	8000878c	a1cd2bd3	feq.s	x23,f26,f28	 f26:0x7fc00000 f28:0x4effffff x23=0x00000000
     409605.000 ns	     40959	80008790	46050193	addi	x3,x10,1120	 x10:0x03ce3be5  x3=0x03ce4045
     409635.000 ns	     40962	80008794	11cb3653	fmul.s	f12,f22,f28	 f22:0x7fc00000 f28:0x4effffff f12=0x7fc00000
     409665.000 ns	     40965	80008798	a05bab53	feq.s	x22,f23,f5	 f23:0x00000000  f5:0x7fc00000 x22=0x00000000
     409685.000 ns	     40967	8000879c	018c22b3	slt	x5,x24,x24	 x24:0x00000000 x24:0x00000000  x5=0x00000000
     409695.000 ns	     40968	800087a0	01a4e4b3	or	x9,x9,x26	  x9:0x00000000 x26:0x00000000  x9=0x00000000
     409715.000 ns	     40970	800087a4	c005c253	fcvt.w.s	x4,f11	 f11:0x00000000  x4=0x00000000
     409745.000 ns	     40973	800087a8	a18a1553	flt.s	x10,f20,f24	 f20:0x7fc00000 f24:0x7fc00000 x10=0x00000000
     409765.000 ns	     40975	800087ac	863317b7	lui	x15,0x86331	 x15=0x86331000
     409775.000 ns	     40976	800087b0	00b1deb3	srl	x29,x3,x11	  x3:0x03ce4045 x11:0x00000004 x29=0x003ce404
     409795.000 ns	     40978	800087b4	e0050853	fmv.x.w	x16,f10	 f10:0x00000000 x16=0x00000000
     409815.000 ns	     40980	800087b8	04703293	sltiu	x5,x0,71	  x0:0x00000000  x5=0x00000001
     409835.000 ns	     40982	800087bc	e0018553	fmv.x.w	x10,f3	  f3:0xffc00000 x10=0xffc00000
     409865.000 ns	     40985	800087c0	210f8ad3	fsgnj.s	f21,f31,f16	 f31:0x00000000 f16:0xbf800000 f21=0x80000000
     409895.000 ns	     40988	800087c4	21d200d3	fsgnj.s	f1,f4,f29	  f4:0x7fc00000 f29:0x80041024  f1=0xffc00000
     410235.000 ns	     41022	800087c8	19c4f053	fdiv.s	f0,f9,f28	  f9:0x00100000 f28:0x4effffff  f0=0x00000000
     410255.000 ns	     41024	800087cc	008842b3	xor	x5,x16,x8	 x16:0x00000000  x8:0xba2986f0  x5=0xba2986f0
     410615.000 ns	     41060	800087d0	02b3f233	remu	x4,x7,x11	  x7:0x00000001 x11:0x00000004  x4=0x00000001
     410645.000 ns	     41063	800087d4	f00d8c53	fmv.w.x	f24,x27	 x27:0x80041024 f24=0x80041024
     410675.000 ns	     41066	800087d8	21d813d3	fsgnjn.s	f7,f16,f29	 f16:0xbf800000 f29:0x80041024  f7=0x3f800000
     410705.000 ns	     41069	800087dc	03cd08b3	mul	x17,x26,x28	 x26:0x00000000 x28:0x00000000 x17=0x00000000
     410725.000 ns	     41071	800087e0	008ed4b3	srl	x9,x29,x8	 x29:0x003ce404  x8:0xba2986f0  x9=0x0000003c
     410735.000 ns	     41072	800087e4	01584d33	xor	x26,x16,x21	 x16:0x00000000 x21:0x00000001 x26=0x00000001
     410755.000 ns	     41074	800087e8	03ae03b3	mul	x7,x28,x26	 x28:0x00000000 x26:0x00000000  x7=0x00000000
     410775.000 ns	     41076	800087ec	00895933	srl	x18,x18,x8	 x18:0xffffffff  x8:0xba2986f0 x18=0x0000ffff
     410815.000 ns	     41080	800087f0	095f8c53	fsub.s	f24,f31,f21	 f31:0x00000000 f21:0x80000000 f24=0x00000000
     410835.000 ns	     41082	800087f4	412a5f93	srai	x31,x20,0x12	 x20:0x80040fe4 x31=0xffffe001
     410875.000 ns	     41086	800087f8	0836a9d3	fsub.s	f19,f13,f3	 f13:0x00000000  f3:0xffc00000 f19=0x7fc00000
     410895.000 ns	     41088	800087fc	002e6cb3	or	x25,x28,x2	 x28:0x00000000  x2:0x80000000 x25=0x80000000
     410915.000 ns	     41090	80008800	03741233	mulh	x4,x8,x23	  x8:0xba2986f0 x23:0x00000000  x4=0x00000000
     410935.000 ns	     41092	80008804	00411313	slli	x6,x2,0x4	  x2:0x80000000  x6=0x00000000
     410945.000 ns	     41093	80008808	00d0d813	srli	x16,x1,0xd	  x1:0xffffffff x16=0x0007ffff
     411305.000 ns	     41129	8000880c	02a67933	remu	x18,x12,x10	 x12:0x00000000 x10:0xffc00000 x18=0x00000000
     411325.000 ns	     41131	80008810	00c543b3	xor	x7,x10,x12	 x10:0xffc00000 x12:0x00000000  x7=0xffc00000
     411345.000 ns	     41133	80008814	c017b2d3	fcvt.wu.s	x5,f15	 f15:0x80000000  x5=0x00000000
     411375.000 ns	     41136	80008818	a0058fd3	fle.s	x31,f11,f0	 f11:0x00000000  f0:0x00000000 x31=0x00000001
     411395.000 ns	     41138	8000881c	33bf0393	addi	x7,x30,827	 x30:0x00000000  x7=0x0000033b
     411405.000 ns	     41139	80008820	4097d293	srai	x5,x15,0x9	 x15:0x86331000  x5=0xffc31988
     411415.000 ns	     41140	80008824	62402d13	slti	x26,x0,1572	  x0:0x00000000 x26=0x00000001
     411425.000 ns	     41141	80008828	00000013	addi	x0,x0,0	  x0:0x00000000
     411435.000 ns	     41142	8000882c	019b58b3	srl	x17,x22,x25	 x22:0x00000000 x25:0x80000000 x17=0x00000000
     412605.000 ns	     41259	80008830	580cfa53	fsqrt.s	f20,f25	 f25:0x4b358000 f20=0x450056e5
     412625.000 ns	     41261	80008834	01e1e833	or	x16,x3,x30	  x3:0x03ce4045 x30:0x00000000 x16=0x03ce4045
     412645.000 ns	     41263	80008838	218b8dd3	fsgnj.s	f27,f23,f24	 f23:0x00000000 f24:0x00000000 f27=0x00000000
     412675.000 ns	     41266	8000883c	f00d01d3	fmv.w.x	f3,x26	 x26:0x00000001  f3=0x00000001
     412695.000 ns	     41268	80008840	00000013	addi	x0,x0,0	  x0:0x00000000
     412715.000 ns	     41270	80008844	e00296d3	fclass.s	x13,f5	  f5:0x7fc00000 x13=0x00000200
     412735.000 ns	     41272	80008848	f410c713	xori	x14,x1,-191	  x1:0xffffffff x14=0x000000be
     412745.000 ns	     41273	8000884c	df8f2e93	slti	x29,x30,-520	 x30:0x00000000 x29=0x00000000
     412785.000 ns	     41277	80008850	09f697d3	fsub.s	f15,f13,f31	 f13:0x00000000 f31:0x00000000 f15=0x80000000
     412805.000 ns	     41279	80008854	008668b3	or	x17,x12,x8	 x12:0x00000000  x8:0xba2986f0 x17=0xba2986f0
     412825.000 ns	     41281	80008858	210811d3	fsgnjn.s	f3,f16,f16	 f16:0xbf800000 f16:0xbf800000  f3=0x3f800000
     412845.000 ns	     41283	8000885c	40e103b3	sub	x7,x2,x14	  x2:0x80000000 x14:0x000000be  x7=0x7fffff42
     412865.000 ns	     41285	80008860	c016b6d3	fcvt.wu.s	x13,f13	 f13:0x00000000 x13=0x00000000
     412895.000 ns	     41288	80008864	c00c0ad3	fcvt.w.s	x21,f24	 f24:0x00000000 x21=0x00000000
     412915.000 ns	     41290	80008868	01515d13	srli	x26,x2,0x15	  x2:0x80000000 x26=0x00000400
     412925.000 ns	     41291	8000886c	40710133	sub	x2,x2,x7	  x2:0x80000000  x7:0x7fffff42  x2=0x000000be
     412935.000 ns	     41292	80008870	71e70593	addi	x11,x14,1822	 x14:0x000000be x11=0x000007dc
     412955.000 ns	     41294	80008874	02c662b3	rem	x5,x12,x12	 x12:0x00000000 x12:0x00000000  x5=0x00000000
     412985.000 ns	     41297	80008878	c004fe53	fcvt.w.s	x28,f9	  f9:0x00100000 x28=0x00000000
     413015.000 ns	     41300	8000887c	f00204d3	fmv.w.x	f9,x4	  x4:0x00000000  f9=0x00000000
     413045.000 ns	     41303	80008880	e0028553	fmv.x.w	x10,f5	  f5:0x7fc00000 x10=0x7fc00000
     413065.000 ns	     41305	80008884	00819d13	slli	x26,x3,0x8	  x3:0x03ce4045 x26=0xce404500
     413095.000 ns	     41308	80008888	19cb8c53	fdiv.s	f24,f23,f28	 f23:0x00000000 f28:0x4effffff f24=0x00000000
     413125.000 ns	     41311	8000888c	e00797d3	fclass.s	x15,f15	 f15:0x80000000 x15=0x00000008
     413155.000 ns	     41314	80008890	02d743b3	div	x7,x14,x13	 x14:0x000000be x13:0x00000000  x7=0xffffffff
     413525.000 ns	     41351	80008894	02fb7933	remu	x18,x22,x15	 x22:0x00000000 x15:0x00000008 x18=0x00000000
     413895.000 ns	     41388	80008898	02f5e3b3	rem	x7,x11,x15	 x11:0x000007dc x15:0x00000008  x7=0x00000004
     413915.000 ns	     41390	8000889c	4051d793	srai	x15,x3,0x5	  x3:0x03ce4045 x15=0x001e7202
     413935.000 ns	     41392	800088a0	29ee8bd3	fmin.s	f23,f29,f30	 f29:0x80041024 f30:0x00000000 f23=0x80041024
     413985.000 ns	     41397	800088a4	0806fc53	fsub.s	f24,f13,f0	 f13:0x00000000  f0:0x00000000 f24=0x80000000
     414015.000 ns	     41400	800088a8	030223b3	mulhsu	x7,x4,x16	  x4:0x00000000 x16:0x03ce4045  x7=0x00000000
     414045.000 ns	     41403	800088ac	20c10753	fsgnj.s	f14,f2,f12	  f2:0x00000000 f12:0x7fc00000 f14=0x00000000
     414065.000 ns	     41405	800088b0	40595533	sra	x10,x18,x5	 x18:0x00000000  x5:0x00000000 x10=0x00000000
     414075.000 ns	     41406	800088b4	bdb02d13	slti	x26,x0,-1061	  x0:0x00000000 x26=0x00000000
     414095.000 ns	     41408	800088b8	d019f4d3	fcvt.s.wu	f9,x19	 x19:0xfc31c41b  f9=0x4f7c31c4
     414115.000 ns	     41410	800088bc	00a6d5b3	srl	x11,x13,x10	 x13:0x00000000 x10:0x00000000 x11=0x00000000
     414125.000 ns	     41411	800088c0	54a63213	sltiu	x4,x12,1354	 x12:0x00000000  x4=0x00000001
     414145.000 ns	     41413	800088c4	207b1bd3	fsgnjn.s	f23,f22,f7	 f22:0x7fc00000  f7:0x3f800000 f23=0xffc00000
     414175.000 ns	     41416	800088c8	f0068453	fmv.w.x	f8,x13	 x13:0x00000000  f8=0x00000000
     414205.000 ns	     41419	800088cc	023212b3	mulh	x5,x4,x3	  x4:0x00000001  x3:0x03ce4045  x5=0x00000000
     414235.000 ns	     41422	800088d0	c00f9553	fcvt.w.s	x10,f31	 f31:0x00000000 x10=0x00000000
     414265.000 ns	     41425	800088d4	a0229f53	flt.s	x30,f5,f2	  f5:0x7fc00000  f2:0x00000000 x30=0x00000000
     414295.000 ns	     41428	800088d8	a03184d3	fle.s	x9,f3,f3	  f3:0x3f800000  f3:0x3f800000  x9=0x00000001
     414345.000 ns	     41433	800088dc	081e43d3	fsub.s	f7,f28,f1	 f28:0x4effffff  f1:0xffc00000  f7=0x7fc00000
     414365.000 ns	     41435	800088e0	0038dc33	srl	x24,x17,x3	 x17:0xba2986f0  x3:0x03ce4045 x24=0x05d14c37
     414385.000 ns	     41437	800088e4	03e1a333	mulhsu	x6,x3,x30	  x3:0x03ce4045 x30:0x00000000  x6=0x00000000
     414405.000 ns	     41439	800088e8	01687033	and	x0,x16,x22	 x16:0x03ce4045 x22:0x00000000
     414415.000 ns	     41440	800088ec	e898f593	andi	x11,x17,-375	 x17:0xba2986f0 x11=0xba298680
     414425.000 ns	     41441	800088f0	00a25613	srli	x12,x4,0xa	  x4:0x00000001 x12=0x00000000
     414465.000 ns	     41445	800088f4	080cfc53	fsub.s	f24,f25,f0	 f25:0x4b358000  f0:0x00000000 f24=0x4b358000
     414485.000 ns	     41447	800088f8	6f5ebc93	sltiu	x25,x29,1781	 x29:0x00000000 x25=0x00000001
     414495.000 ns	     41448	800088fc	01c3f4b3	and	x9,x7,x28	  x7:0x00000000 x28:0x00000000  x9=0x00000000
     414515.000 ns	     41450	80008900	f0030fd3	fmv.w.x	f31,x6	  x6:0x00000000 f31=0x00000000
     414535.000 ns	     41452	80008904	42191e17	auipc	x28,0x42191	 x28=0xc2199904
     414555.000 ns	     41454	80008908	c0057fd3	fcvt.w.s	x31,f10	 f10:0x00000000 x31=0x00000000
     414585.000 ns	     41457	8000890c	037d7333	remu	x6,x26,x23	 x26:0x00000000 x23:0x00000000  x6=0x00000000
     414615.000 ns	     41460	80008910	281391d3	fmax.s	f3,f7,f1	  f7:0x7fc00000  f1:0xffc00000  f3=0x7fc00000
     414635.000 ns	     41462	80008914	525f4413	xori	x8,x30,1317	 x30:0x00000000  x8=0x00000525
     414645.000 ns	     41463	80008918	0075dc33	srl	x24,x11,x7	 x11:0xba298680  x7:0x00000000 x24=0xba298680
     414665.000 ns	     41465	8000891c	a1482853	feq.s	x16,f16,f20	 f16:0xbf800000 f20:0x450056e5 x16=0x00000000
     414695.000 ns	     41468	80008920	a10a07d3	fle.s	x15,f20,f16	 f20:0x450056e5 f16:0xbf800000 x15=0x00000000
     415065.000 ns	     41505	80008924	03cfc133	div	x2,x31,x28	 x31:0x00000000 x28:0xc2199904  x2=0x00000000
     415085.000 ns	     41507	80008928	00000013	addi	x0,x0,0	  x0:0x00000000
     415105.000 ns	     41509	8000892c	d01814d3	fcvt.s.wu	f9,x16	 x16:0x00000000  f9=0x00000000
     415145.000 ns	     41513	80008930	11347053	fmul.s	f0,f8,f19	  f8:0x00000000 f19:0x7fc00000  f0=0x7fc00000
     415165.000 ns	     41515	80008934	4a410213	addi	x4,x2,1188	  x2:0x00000000  x4=0x000004a4
     415195.000 ns	     41518	80008938	18e7a653	fdiv.s	f12,f15,f14	 f15:0x80000000 f14:0x00000000 f12=0x7fc00000
     415215.000 ns	     41520	8000893c	017bc3b3	xor	x7,x23,x23	 x23:0x00000000 x23:0x00000000  x7=0x00000000
     415235.000 ns	     41522	80008940	a1228e53	fle.s	x28,f5,f18	  f5:0x7fc00000 f18:0x7fc00000 x28=0x00000000
     415255.000 ns	     41524	80008944	01e5c733	xor	x14,x11,x30	 x11:0xba298680 x30:0x00000000 x14=0xba298680
     415275.000 ns	     41526	80008948	027aceb3	div	x29,x21,x7	 x21:0x00000000  x7:0x00000000 x29=0xffffffff
     415305.000 ns	     41529	8000894c	215dadd3	fsgnjx.s	f27,f27,f21	 f27:0x00000000 f21:0x80000000 f27=0x80000000
     415345.000 ns	     41533	80008950	10a31053	fmul.s	f0,f6,f10	  f6:0x00000000 f10:0x00000000  f0=0x00000000
     415375.000 ns	     41536	80008954	a02406d3	fle.s	x13,f8,f2	  f8:0x00000000  f2:0x00000000 x13=0x00000001
     415405.000 ns	     41539	80008958	02c0a933	mulhsu	x18,x1,x12	  x1:0xffffffff x12:0x00000000 x18=0x00000000
     415425.000 ns	     41541	8000895c	015efab3	and	x21,x29,x21	 x29:0xffffffff x21:0x00000000 x21=0x00000000
     415785.000 ns	     41577	80008960	03d9f433	remu	x8,x19,x29	 x19:0xfc31c41b x29:0xffffffff  x8=0xfc31c41b
     415805.000 ns	     41579	80008964	04178a93	addi	x21,x15,65	 x15:0x00000000 x21=0x00000041
     415815.000 ns	     41580	80008968	00000013	addi	x0,x0,0	  x0:0x00000000
     415855.000 ns	     41584	8000896c	0180f4d3	fadd.s	f9,f1,f24	  f1:0xffc00000 f24:0x4b358000  f9=0x7fc00000
     415875.000 ns	     41586	80008970	01bb1933	sll	x18,x22,x27	 x22:0x00000000 x27:0x80041024 x18=0x00000000
     415895.000 ns	     41588	80008974	d01271d3	fcvt.s.wu	f3,x4	  x4:0x000004a4  f3=0x44948000
     415925.000 ns	     41591	80008978	029a2033	mulhsu	x0,x20,x9	 x20:0x80040fe4  x9:0x00000000
     415975.000 ns	     41596	8000897c	09dafdd3	fsub.s	f27,f21,f29	 f21:0x80000000 f29:0x80041024 f27=0x00041024
     416005.000 ns	     41599	80008980	21c699d3	fsgnjn.s	f19,f13,f28	 f13:0x00000000 f28:0x4effffff f19=0x80000000
     416055.000 ns	     41604	80008984	0009f2d3	fadd.s	f5,f19,f0	 f19:0x7fc00000  f0:0x00000000  f5=0x00000000
     416085.000 ns	     41607	80008988	28a21653	fmax.s	f12,f4,f10	  f4:0x7fc00000 f10:0x00000000 f12=0x00000000
     416105.000 ns	     41609	8000898c	0185dbb3	srl	x23,x11,x24	 x11:0xba298680 x24:0xba298680 x23=0xba298680
     416115.000 ns	     41610	80008990	00e3cab3	xor	x21,x7,x14	  x7:0x00000000 x14:0xba298680 x21=0xba298680
     416125.000 ns	     41611	80008994	75d13813	sltiu	x16,x2,1885	  x2:0x00000000 x16=0x00000001
     416145.000 ns	     41613	80008998	296c0f53	fmin.s	f30,f24,f22	 f24:0x4b358000 f22:0x7fc00000 f30=0x4b358000
     416515.000 ns	     41650	8000899c	034bee33	rem	x28,x23,x20	 x23:0xba298680 x20:0x80040fe4 x28=0xba298680
     416535.000 ns	     41652	800089a0	00000013	addi	x0,x0,0	  x0:0x00000000
     416545.000 ns	     41653	800089a4	00d11093	slli	x1,x2,0xd	  x2:0x00000000  x1=0x00000000
     416555.000 ns	     41654	800089a8	40e801b3	sub	x3,x16,x14	 x16:0x00000001 x14:0xba298680  x3=0x45d67981
     416575.000 ns	     41656	800089ac	03a41d33	mulh	x26,x8,x26	  x8:0xfc31c41b x26:0x00000000 x26=0x00000000
     416605.000 ns	     41659	800089b0	29c29dd3	fmax.s	f27,f5,f28	  f5:0x00000000 f28:0x4effffff f27=0x4effffff
     416625.000 ns	     41661	800089b4	008e5393	srli	x7,x28,0x8	 x28:0xba298680  x7=0x00ba2986
     416645.000 ns	     41663	800089b8	c000f053	fcvt.w.s	x0,f1	  f1:0xffc00000
     416665.000 ns	     41665	800089bc	7e86efb7	lui	x31,0x7e86e	 x31=0x7e86e000
     416695.000 ns	     41668	800089c0	580b3653	fsqrt.s	f12,f22	 f22:0x7fc00000 f12=0x7fc00000
     416725.000 ns	     41671	800089c4	20d98b53	fsgnj.s	f22,f19,f13	 f19:0x80000000 f13:0x00000000 f22=0x00000000
     416745.000 ns	     41673	800089c8	01335e93	srli	x29,x6,0x13	  x6:0x00000000 x29=0x00000000
     416765.000 ns	     41675	800089cc	205115d3	fsgnjn.s	f11,f2,f5	  f2:0x00000000  f5:0x00000000 f11=0x80000000
     416805.000 ns	     41679	800089d0	580178d3	fsqrt.s	f17,f2	  f2:0x00000000 f17=0x00000000
     416855.000 ns	     41684	800089d4	00dcf853	fadd.s	f16,f25,f13	 f25:0x4b358000 f13:0x00000000 f16=0x4b358000
     416885.000 ns	     41687	800089d8	03098033	mul	x0,x19,x16	 x19:0xfc31c41b x16:0x00000001
     416905.000 ns	     41689	800089dc	01b5fd33	and	x26,x11,x27	 x11:0xba298680 x27:0x80041024 x26=0x80000000
     416925.000 ns	     41691	800089e0	216201d3	fsgnj.s	f3,f4,f22	  f4:0x7fc00000 f22:0x00000000  f3=0x7fc00000
     416945.000 ns	     41693	800089e4	26b36f93	ori	x31,x6,619	  x6:0x00000000 x31=0x0000026b
     416965.000 ns	     41695	800089e8	e00b9fd3	fclass.s	x31,f23	 f23:0xffc00000 x31=0x00000200
     416995.000 ns	     41698	800089ec	02b1b7b3	mulhu	x15,x3,x11	  x3:0x45d67981 x11:0xba298680 x15=0x32c92852
     417015.000 ns	     41700	800089f0	014de333	or	x6,x27,x20	 x27:0x80041024 x20:0x80040fe4  x6=0x80041fe4
     417035.000 ns	     41702	800089f4	21320153	fsgnj.s	f2,f4,f19	  f4:0x7fc00000 f19:0x80000000  f2=0xffc00000
     417055.000 ns	     41704	800089f8	81faae97	auipc	x29,0x81faa	 x29=0x01fb29f8
     417065.000 ns	     41705	800089fc	0131ef33	or	x30,x3,x19	  x3:0x45d67981 x19:0xfc31c41b x30=0xfdf7fd9b
     417075.000 ns	     41706	80008a00	0110a4b3	slt	x9,x1,x17	  x1:0x00000000 x17:0xba2986f0  x9=0x00000000
     417095.000 ns	     41708	80008a04	d0057353	fcvt.s.w	f6,x10	 x10:0x00000000  f6=0x00000000
     417115.000 ns	     41710	80008a08	40cd00b3	sub	x1,x26,x12	 x26:0x80000000 x12:0x00000000  x1=0x80000000
     417135.000 ns	     41712	80008a0c	21b72fd3	fsgnjx.s	f31,f14,f27	 f14:0x00000000 f27:0x4effffff f31=0x00000000
     417155.000 ns	     41714	80008a10	38edf313	andi	x6,x27,910	 x27:0x80041024  x6=0x00000004
     417165.000 ns	     41715	80008a14	d2fd4513	xori	x10,x26,-721	 x26:0x80000000 x10=0x7ffffd2f
     417185.000 ns	     41717	80008a18	d00c8d53	fcvt.s.w	f26,x25	 x25:0x00000001 f26=0x3f800000
     417205.000 ns	     41719	80008a1c	017a90b3	sll	x1,x21,x23	 x21:0xba298680 x23:0xba298680  x1=0xba298680
     417225.000 ns	     41721	80008a20	29c08353	fmin.s	f6,f1,f28	  f1:0xffc00000 f28:0x4effffff  f6=0x4effffff
     417255.000 ns	     41724	80008a24	280e8853	fmin.s	f16,f29,f0	 f29:0x80041024  f0:0x00000000 f16=0x80041024
     417275.000 ns	     41726	80008a28	65687193	andi	x3,x16,1622	 x16:0x00000001  x3=0x00000000
     417285.000 ns	     41727	80008a2c	00ce08b3	add	x17,x28,x12	 x28:0xba298680 x12:0x00000000 x17=0xba298680
     417295.000 ns	     41728	80008a30	014ad7b3	srl	x15,x21,x20	 x21:0xba298680 x20:0x80040fe4 x15=0x0ba29868
     417305.000 ns	     41729	80008a34	01a498b3	sll	x17,x9,x26	  x9:0x00000000 x26:0x80000000 x17=0x00000000
     417325.000 ns	     41731	80008a38	a1631853	flt.s	x16,f6,f22	  f6:0x4effffff f22:0x00000000 x16=0x00000000
     417355.000 ns	     41734	80008a3c	a1112153	feq.s	x2,f2,f17	  f2:0xffc00000 f17:0x00000000  x2=0x00000000
     417385.000 ns	     41737	80008a40	d01e3053	fcvt.s.wu	f0,x28	 x28:0xba298680  f0=0x4f3a2987
     417405.000 ns	     41739	80008a44	006962b3	or	x5,x18,x6	 x18:0x00000000  x6:0x00000004  x5=0x00000004
     417425.000 ns	     41741	80008a48	e00d05d3	fmv.x.w	x11,f26	 f26:0x3f800000 x11=0x3f800000
     417445.000 ns	     41743	80008a4c	f01f4e13	xori	x28,x30,-255	 x30:0xfdf7fd9b x28=0x0208029a
     417805.000 ns	     41779	80008a50	0370e8b3	rem	x17,x1,x23	  x1:0xba298680 x23:0xba298680 x17=0x00000000
     417835.000 ns	     41782	80008a54	a1b32953	feq.s	x18,f6,f27	  f6:0x4effffff f27:0x4effffff x18=0x00000001
     417855.000 ns	     41784	80008a58	a8410293	addi	x5,x2,-1404	  x2:0x00000000  x5=0xfffffa84
     417885.000 ns	     41787	80008a5c	19b77c53	fdiv.s	f24,f14,f27	 f14:0x00000000 f27:0x4effffff f24=0x00000000
     417905.000 ns	     41789	80008a60	00f28e33	add	x28,x5,x15	  x5:0x00000004 x15:0x0ba29868 x28=0x0ba292ec
     417925.000 ns	     41791	80008a64	a01381d3	fle.s	x3,f7,f1	  f7:0x7fc00000  f1:0xffc00000  x3=0x00000000
     417945.000 ns	     41793	80008a68	638fe313	ori	x6,x31,1592	 x31:0x00000200  x6=0x00000638
     417965.000 ns	     41795	80008a6c	29a000d3	fmin.s	f1,f0,f26	  f0:0x4f3a2987 f26:0x3f800000  f1=0x3f800000
     417995.000 ns	     41798	80008a70	a03a9753	flt.s	x14,f21,f3	 f21:0x80000000  f3:0x7fc00000 x14=0x00000000
     418015.000 ns	     41800	80008a74	0186d933	srl	x18,x13,x24	 x13:0x00000001 x24:0xba298680 x18=0x00000001
     418025.000 ns	     41801	80008a78	009ac833	xor	x16,x21,x9	 x21:0xba298680  x9:0x00000000 x16=0xba298680
     418035.000 ns	     41802	80008a7c	01b45893	srli	x17,x8,0x1b	  x8:0xfc31c41b x17=0x0000001f
     418055.000 ns	     41804	80008a80	a08b0ed3	fle.s	x29,f22,f8	 f22:0x00000000  f8:0x00000000 x29=0x00000001
     418085.000 ns	     41807	80008a84	d01175d3	fcvt.s.wu	f11,x2	  x2:0x00000000 f11=0x00000000
     418105.000 ns	     41809	80008a88	017b3133	sltu	x2,x22,x23	 x22:0x00000000 x23:0xba298680  x2=0x00000001
     418115.000 ns	     41810	80008a8c	6102d437	lui	x8,0x6102d	  x8=0x6102d000
     418145.000 ns	     41813	80008a90	5803f0d3	fsqrt.s	f1,f7	  f7:0x7fc00000  f1=0x7fc00000
     418165.000 ns	     41815	80008a94	015a8733	add	x14,x21,x21	 x21:0xba298680 x21:0xba298680 x14=0x74530d00
     418185.000 ns	     41817	80008a98	c018a7d3	fcvt.wu.s	x15,f17	 f17:0x00000000 x15=0x00000000
     418215.000 ns	     41820	80008a9c	219f1bd3	fsgnjn.s	f23,f30,f25	 f30:0x4b358000 f25:0x4b358000 f23=0xcb358000
     418235.000 ns	     41822	80008aa0	162ef013	andi	x0,x29,354	 x29:0x00000001
     418255.000 ns	     41824	80008aa4	029462b3	rem	x5,x8,x9	  x8:0x6102d000  x9:0x00000000  x5=0x6102d000
     418275.000 ns	     41826	80008aa8	04548b93	addi	x23,x9,69	  x9:0x00000000 x23=0x00000045
     418295.000 ns	     41828	80008aac	c0051253	fcvt.w.s	x4,f10	 f10:0x00000000  x4=0x00000000
     418315.000 ns	     41830	80008ab0	f624a793	slti	x15,x9,-158	  x9:0x00000000 x15=0x00000000
     418335.000 ns	     41832	80008ab4	a183ac53	feq.s	x24,f7,f24	  f7:0x7fc00000 f24:0x00000000 x24=0x00000000
     418355.000 ns	     41834	80008ab8	dde04197	auipc	x3,0xdde04	  x3=0x5de0cab8
     418365.000 ns	     41835	80008abc	3b4f2c13	slti	x24,x30,948	 x30:0xfdf7fd9b x24=0x00000001
     418385.000 ns	     41837	80008ac0	28da18d3	fmax.s	f17,f20,f13	 f20:0x450056e5 f13:0x00000000 f17=0x450056e5
     418415.000 ns	     41840	80008ac4	29488fd3	fmin.s	f31,f17,f20	 f17:0x00000000 f20:0x450056e5 f31=0x450056e5
     418445.000 ns	     41843	80008ac8	f0000e53	fmv.w.x	f28,x0	  x0:0x00000000 f28=0x00000000
     418475.000 ns	     41846	80008acc	e0018f53	fmv.x.w	x30,f3	  f3:0x7fc00000 x30=0x7fc00000
     418495.000 ns	     41848	80008ad0	41235c13	srai	x24,x6,0x12	  x6:0x00000638 x24=0x00000000
     418855.000 ns	     41884	80008ad4	0234c133	div	x2,x9,x3	  x9:0x00000000  x3:0x5de0cab8  x2=0x00000000
     418895.000 ns	     41888	80008ad8	58087dd3	fsqrt.s	f27,f16	 f16:0x80041024 f27=0x7fc00000
     418925.000 ns	     41891	80008adc	d00fb1d3	fcvt.s.w	f3,x31	 x31:0x00000200  f3=0x44000000
     418955.000 ns	     41894	80008ae0	a0db95d3	flt.s	x11,f23,f13	 f23:0xcb358000 f13:0x00000000 x11=0x00000001
     419325.000 ns	     41931	80008ae4	02e1e333	rem	x6,x3,x14	  x3:0x5de0cab8 x14:0x74530d00  x6=0x5de0cab8
     419345.000 ns	     41933	80008ae8	40d55693	srai	x13,x10,0xd	 x10:0x7ffffd2f x13=0x0003ffff
     419365.000 ns	     41935	80008aec	a186a753	feq.s	x14,f13,f24	 f13:0x00000000 f24:0x00000000 x14=0x00000001
     419385.000 ns	     41937	80008af0	1bf6fc93	andi	x25,x13,447	 x13:0x00000001 x25=0x000001bf
     419405.000 ns	     41939	80008af4	21f58253	fsgnj.s	f4,f11,f31	 f11:0x00000000 f31:0x450056e5  f4=0x00000000
     419435.000 ns	     41942	80008af8	f00386d3	fmv.w.x	f13,x7	  x7:0x00ba2986 f13=0x00ba2986
     419465.000 ns	     41945	80008afc	21669ed3	fsgnjn.s	f29,f13,f22	 f13:0x00000000 f22:0x00000000 f29=0x80ba2986
     419495.000 ns	     41948	80008b00	a174ab53	feq.s	x22,f9,f23	  f9:0x7fc00000 f23:0xcb358000 x22=0x00000000
     419515.000 ns	     41950	80008b04	3dfae413	ori	x8,x21,991	 x21:0xba298680  x8=0xba2987df
     419525.000 ns	     41951	80008b08	7d25b493	sltiu	x9,x11,2002	 x11:0x00000001  x9=0x00000001
     419545.000 ns	     41953	80008b0c	a0708753	fle.s	x14,f1,f7	  f1:0x7fc00000  f7:0x7fc00000 x14=0x00000000
     419565.000 ns	     41955	80008b10	016ef8b3	and	x17,x29,x22	 x29:0x00000001 x22:0x00000000 x17=0x00000000
     419575.000 ns	     41956	80008b14	003b8933	add	x18,x23,x3	 x23:0x00000045  x3:0x5de0cab8 x18=0x5de0cafd
     419595.000 ns	     41958	80008b18	200a1553	fsgnjn.s	f10,f20,f0	 f20:0x450056e5  f0:0x4f3a2987 f10=0xc50056e5
     419615.000 ns	     41960	80008b1c	007c5213	srli	x4,x24,0x7	 x24:0x00000000  x4=0x00000000
     419625.000 ns	     41961	80008b20	ce792093	slti	x1,x18,-793	 x18:0x5de0cafd  x1=0x00000000
     419655.000 ns	     41964	80008b24	580af453	fsqrt.s	f8,f21	 f21:0x80000000  f8=0x80000000
     419675.000 ns	     41966	80008b28	0055d833	srl	x16,x11,x5	 x11:0x00000001  x5:0x6102d000 x16=0x00000001
     419685.000 ns	     41967	80008b2c	96deb213	sltiu	x4,x29,-1683	 x29:0x00000001  x4=0x00000001
     419715.000 ns	     41970	80008b30	5802c953	fsqrt.s	f18,f5	  f5:0x00000000 f18=0x00000000
     419745.000 ns	     41973	80008b34	a0c4a153	feq.s	x2,f9,f12	  f9:0x7fc00000 f12:0x7fc00000  x2=0x00000000
     420085.000 ns	     42007	80008b38	19da08d3	fdiv.s	f17,f20,f29	 f20:0x450056e5 f29:0x80ba2986 f17=0xff800000
     420455.000 ns	     42044	80008b3c	02726bb3	rem	x23,x4,x7	  x4:0x00000001  x7:0x00ba2986 x23=0x00000001
     420485.000 ns	     42047	80008b40	03695b33	divu	x22,x18,x22	 x18:0x5de0cafd x22:0x00000000 x22=0xffffffff
     420505.000 ns	     42049	80008b44	774bbc13	sltiu	x24,x23,1908	 x23:0x00000001 x24=0x00000001
     420515.000 ns	     42050	80008b48	00de6033	or	x0,x28,x13	 x28:0x0ba292ec x13:0x0003ffff
     420535.000 ns	     42052	80008b4c	a0ae96d3	flt.s	x13,f29,f10	 f29:0x80ba2986 f10:0xc50056e5 x13=0x00000000
     420565.000 ns	     42055	80008b50	c007fcd3	fcvt.w.s	x25,f15	 f15:0x80000000 x25=0x00000000
     420585.000 ns	     42057	80008b54	1ae26613	ori	x12,x4,430	  x4:0x00000001 x12=0x000001af
     420595.000 ns	     42058	80008b58	0180db33	srl	x22,x1,x24	  x1:0x00000000 x24:0x00000001 x22=0x00000000
     420605.000 ns	     42059	80008b5c	40388233	sub	x4,x17,x3	 x17:0x00000000  x3:0x5de0cab8  x4=0xa21f3548
     420625.000 ns	     42061	80008b60	c01cfc53	fcvt.wu.s	x24,f25	 f25:0x4b358000 x24=0x00b58000
     420645.000 ns	     42063	80008b64	e5dff613	andi	x12,x31,-419	 x31:0x00000200 x12=0x00000200
     420685.000 ns	     42067	80008b68	09fc7c53	fsub.s	f24,f24,f31	 f24:0x00000000 f31:0x450056e5 f24=0xc50056e5
     420705.000 ns	     42069	80008b6c	b75b0693	addi	x13,x22,-1163	 x22:0x00000000 x13=0xfffffb75
     420715.000 ns	     42070	80008b70	0337f893	andi	x17,x15,51	 x15:0x00000000 x17=0x00000000
     420725.000 ns	     42071	80008b74	18e8d497	auipc	x9,0x18e8d	  x9=0x98e95b74
     420745.000 ns	     42073	80008b78	217c9ed3	fsgnjn.s	f29,f25,f23	 f25:0x4b358000 f23:0xcb358000 f29=0x4b358000
     420765.000 ns	     42075	80008b7c	0015d633	srl	x12,x11,x1	 x11:0x00000001  x1:0x00000000 x12=0x00000001
     420775.000 ns	     42076	80008b80	405405b3	sub	x11,x8,x5	  x8:0xba2987df  x5:0x6102d000 x11=0x5926b7df
     420785.000 ns	     42077	80008b84	01b4ff33	and	x30,x9,x27	  x9:0x98e95b74 x27:0x80041024 x30=0x80001024
     420795.000 ns	     42078	80008b88	41bc5f13	srai	x30,x24,0x1b	 x24:0x00b58000 x30=0x00000000
     420805.000 ns	     42079	80008b8c	40a0d813	srai	x16,x1,0xa	  x1:0x00000000 x16=0x00000000
     420825.000 ns	     42081	80008b90	c01e16d3	fcvt.wu.s	x13,f28	 f28:0x00000000 x13=0x00000000
     420855.000 ns	     42084	80008b94	02b336b3	mulhu	x13,x6,x11	  x6:0x5de0cab8 x11:0x5926b7df x13=0x20b15945
     420885.000 ns	     42087	80008b98	f00204d3	fmv.w.x	f9,x4	  x4:0xa21f3548  f9=0xa21f3548
     420915.000 ns	     42090	80008b9c	02ffaeb3	mulhsu	x29,x31,x15	 x31:0x00000200 x15:0x00000000 x29=0x00000000
     421285.000 ns	     42127	80008ba0	0324c3b3	div	x7,x9,x18	  x9:0x98e95b74 x18:0x5de0cafd  x7=0xffffffff
     421305.000 ns	     42129	80008ba4	001b50b3	srl	x1,x22,x1	 x22:0x00000000  x1:0x00000000  x1=0x00000000
     421315.000 ns	     42130	80008ba8	00fc94b3	sll	x9,x25,x15	 x25:0x00000000 x15:0x00000000  x9=0x00000000
     421335.000 ns	     42132	80008bac	a001a6d3	feq.s	x13,f3,f0	  f3:0x44000000  f0:0x4f3a2987 x13=0x00000000
     421365.000 ns	     42135	80008bb0	20778153	fsgnj.s	f2,f15,f7	 f15:0x80000000  f7:0x7fc00000  f2=0x00000000
     421395.000 ns	     42138	80008bb4	c00bfcd3	fcvt.w.s	x25,f23	 f23:0xcb358000 x25=0x00b58000
     421425.000 ns	     42141	80008bb8	28fe8cd3	fmin.s	f25,f29,f15	 f29:0x4b358000 f15:0x80000000 f25=0x80000000
     421455.000 ns	     42144	80008bbc	c01fff53	fcvt.wu.s	x30,f31	 f31:0x450056e5 x30=0x00000805
     421825.000 ns	     42181	80008bc0	03a978b3	remu	x17,x18,x26	 x18:0x5de0cafd x26:0x80000000 x17=0x5de0cafd
     421845.000 ns	     42183	80008bc4	83f50693	addi	x13,x10,-1985	 x10:0x7ffffd2f x13=0x7ffff56e
     421865.000 ns	     42185	80008bc8	e00d82d3	fmv.x.w	x5,f27	 f27:0x7fc00000  x5=0x7fc00000
     421885.000 ns	     42187	80008bcc	c1262217	auipc	x4,0xc1262	  x4=0x4126abcc
     421905.000 ns	     42189	80008bd0	029300b3	mul	x1,x6,x9	  x6:0x5de0cab8  x9:0x00000000  x1=0x00000000
     421935.000 ns	     42192	80008bd4	20820a53	fsgnj.s	f20,f4,f8	  f4:0x00000000  f8:0x80000000 f20=0x80000000
     421955.000 ns	     42194	80008bd8	00000013	addi	x0,x0,0	  x0:0x00000000
     421975.000 ns	     42196	80008bdc	204e85d3	fsgnj.s	f11,f29,f4	 f29:0x4b358000  f4:0x00000000 f11=0x4b358000
     421995.000 ns	     42198	80008be0	40bb5213	srai	x4,x22,0xb	 x22:0x00000000  x4=0x00000000
     422015.000 ns	     42200	80008be4	03a79133	mulh	x2,x15,x26	 x15:0x00000000 x26:0x80000000  x2=0x00000000
     422045.000 ns	     42203	80008be8	c011a1d3	fcvt.wu.s	x3,f3	  f3:0x44000000  x3=0x00000200
     422075.000 ns	     42206	80008bec	c010f5d3	fcvt.wu.s	x11,f1	  f1:0x7fc00000 x11=0xffffffff
     422115.000 ns	     42210	80008bf0	10e0b553	fmul.s	f10,f1,f14	  f1:0x7fc00000 f14:0x00000000 f10=0x7fc00000
     422145.000 ns	     42213	80008bf4	03d88633	mul	x12,x17,x29	 x17:0x5de0cafd x29:0x00000000 x12=0x00000000
     422165.000 ns	     42215	80008bf8	e2c7af93	slti	x31,x15,-468	 x15:0x00000000 x31=0x00000000
     422175.000 ns	     42216	80008bfc	00000013	addi	x0,x0,0	  x0:0x00000000
     422185.000 ns	     42217	80008c00	01332f33	slt	x30,x6,x19	  x6:0x5de0cab8 x19:0xfc31c41b x30=0x00000000
     422195.000 ns	     42218	80008c04	0104d633	srl	x12,x9,x16	  x9:0x00000000 x16:0x00000000 x12=0x00000000
     422215.000 ns	     42220	80008c08	e0019553	fclass.s	x10,f3	  f3:0x44000000 x10=0x00000040
     422235.000 ns	     42222	80008c0c	714f8713	addi	x14,x31,1812	 x31:0x00000000 x14=0x00000714
     422255.000 ns	     42224	80008c10	d011f753	fcvt.s.wu	f14,x3	  x3:0x00000200 f14=0x44000000
     422285.000 ns	     42227	80008c14	21031ad3	fsgnjn.s	f21,f6,f16	  f6:0x4effffff f16:0x80041024 f21=0x4effffff
     422655.000 ns	     42264	80008c18	03594533	div	x10,x18,x21	 x18:0x5de0cafd x21:0xba298680 x10=0xffffffff
     422685.000 ns	     42267	80008c1c	036bf2b3	remu	x5,x23,x22	 x23:0x00000001 x22:0x00000000  x5=0x00000001
     422725.000 ns	     42271	80008c20	107979d3	fmul.s	f19,f18,f7	 f18:0x00000000  f7:0x7fc00000 f19=0x7fc00000
     422745.000 ns	     42273	80008c24	00000013	addi	x0,x0,0	  x0:0x00000000
     422755.000 ns	     42274	80008c28	62ccbd17	auipc	x26,0x62ccb	 x26=0xe2cd3c28
     422775.000 ns	     42276	80008c2c	03e23e33	mulhu	x28,x4,x30	  x4:0x00000000 x30:0x00000000 x28=0x00000000
     422815.000 ns	     42280	80008c30	580870d3	fsqrt.s	f1,f16	 f16:0x80041024  f1=0x7fc00000
     422835.000 ns	     42282	80008c34	01706fb3	or	x31,x0,x23	  x0:0x00000000 x23:0x00000001 x31=0x00000001
     422855.000 ns	     42284	80008c38	03f1bb33	mulhu	x22,x3,x31	  x3:0x00000200 x31:0x00000000 x22=0x00000000
     422885.000 ns	     42287	80008c3c	02f15033	divu	x0,x2,x15	  x2:0x00000000 x15:0x00000000
     422915.000 ns	     42290	80008c40	e00d02d3	fmv.x.w	x5,f26	 f26:0x3f800000  x5=0x3f800000
     422965.000 ns	     42295	80008c44	00128d53	fadd.s	f26,f5,f1	  f5:0x00000000  f1:0x7fc00000 f26=0x7fc00000
     422995.000 ns	     42298	80008c48	03b0b833	mulhu	x16,x1,x27	  x1:0x00000000 x27:0x80041024 x16=0x00000000
     423025.000 ns	     42301	80008c4c	025d2133	mulhsu	x2,x26,x5	 x26:0xe2cd3c28  x5:0x3f800000  x2=0xf8c1e86b
     423045.000 ns	     42303	80008c50	41c2d013	srai	x0,x5,0x1c	  x5:0x3f800000
     423055.000 ns	     42304	80008c54	147fa1b7	lui	x3,0x147fa	  x3=0x147fa000
     423085.000 ns	     42307	80008c58	19b27a53	fdiv.s	f20,f4,f27	  f4:0x00000000 f27:0x7fc00000 f20=0x7fc00000
     423105.000 ns	     42309	80008c5c	014d96b3	sll	x13,x27,x20	 x27:0x80041024 x20:0x80040fe4 x13=0x00410240
     423125.000 ns	     42311	80008c60	d01a9253	fcvt.s.wu	f4,x21	 x21:0xba298680  f4=0x4f3a2986
     423145.000 ns	     42313	80008c64	012c78b3	and	x17,x24,x18	 x24:0x00b58000 x18:0x5de0cafd x17=0x00a08000
     423155.000 ns	     42314	80008c68	15a1b793	sltiu	x15,x3,346	  x3:0x147fa000 x15=0x00000000
     423165.000 ns	     42315	80008c6c	76472293	slti	x5,x14,1892	 x14:0x00000714  x5=0x00000001
     423175.000 ns	     42316	80008c70	3562bb93	sltiu	x23,x5,854	  x5:0x3f800000 x23=0x00000001
     423185.000 ns	     42317	80008c74	7d864113	xori	x2,x12,2008	 x12:0x00000000  x2=0x000007d8
     423215.000 ns	     42320	80008c78	580d3653	fsqrt.s	f12,f26	 f26:0x7fc00000 f12=0x7fc00000
     423245.000 ns	     42323	80008c7c	e0058753	fmv.x.w	x14,f11	 f11:0x4b358000 x14=0x4b358000
     423265.000 ns	     42325	80008c80	d5881cb7	lui	x25,0xd5881	 x25=0xd5881000
     423285.000 ns	     42327	80008c84	02c1ef33	rem	x30,x3,x12	  x3:0x147fa000 x12:0x00000000 x30=0x147fa000
     423305.000 ns	     42329	80008c88	01a19393	slli	x7,x3,0x1a	  x3:0x147fa000  x7=0x00000000
     423315.000 ns	     42330	80008c8c	40e155b3	sra	x11,x2,x14	  x2:0x000007d8 x14:0x4b358000 x11=0x000007d8
     423325.000 ns	     42331	80008c90	401b5333	sra	x6,x22,x1	 x22:0x00000000  x1:0x00000000  x6=0x00000000
     423345.000 ns	     42333	80008c94	a03b07d3	fle.s	x15,f22,f3	 f22:0x00000000  f3:0x44000000 x15=0x00000001
     423365.000 ns	     42335	80008c98	a0860a93	addi	x21,x12,-1528	 x12:0x00000000 x21=0xfffffa08
     423385.000 ns	     42337	80008c9c	02168233	mul	x4,x13,x1	 x13:0x00410240  x1:0x00000000  x4=0x00000000
     423415.000 ns	     42340	80008ca0	020cac33	mulhsu	x24,x25,x0	 x25:0xd5881000  x0:0x00000000 x24=0x00000000
     423445.000 ns	     42343	80008ca4	a0f408d3	fle.s	x17,f8,f15	  f8:0x80000000 f15:0x80000000 x17=0x00000001
     423815.000 ns	     42380	80008ca8	02a96fb3	rem	x31,x18,x10	 x18:0x5de0cafd x10:0xffffffff x31=0x00000000
     423835.000 ns	     42382	80008cac	00b14633	xor	x12,x2,x11	  x2:0x000007d8 x11:0x000007d8 x12=0x00000000
     423845.000 ns	     42383	80008cb0	41a1d433	sra	x8,x3,x26	  x3:0x147fa000 x26:0xe2cd3c28  x8=0x00147fa0
     423875.000 ns	     42386	80008cb4	580e38d3	fsqrt.s	f17,f28	 f28:0x00000000 f17=0x00000000
     423895.000 ns	     42388	80008cb8	010cb033	sltu	x0,x25,x16	 x25:0xd5881000 x16:0x00000000
     423915.000 ns	     42390	80008cbc	d00f1653	fcvt.s.w	f12,x30	 x30:0x147fa000 f12=0x4da3fd00
     423935.000 ns	     42392	80008cc0	00a697b3	sll	x15,x13,x10	 x13:0x00410240 x10:0xffffffff x15=0x00000000
     423965.000 ns	     42395	80008cc4	118c7953	fmul.s	f18,f24,f24	 f24:0xc50056e5 f24:0xc50056e5 f18=0x4a80ae04
     423995.000 ns	     42398	80008cc8	d0119e53	fcvt.s.wu	f28,x3	  x3:0x147fa000 f28=0x4da3fd00
     424015.000 ns	     42400	80008ccc	00618bb3	add	x23,x3,x6	  x3:0x147fa000  x6:0x00000000 x23=0x147fa000
     424035.000 ns	     42402	80008cd0	02aa1b33	mulh	x22,x20,x10	 x20:0x80040fe4 x10:0xffffffff x22=0x00000000
     424065.000 ns	     42405	80008cd4	a08e0353	fle.s	x6,f28,f8	 f28:0x4da3fd00  f8:0x80000000  x6=0x00000000
     424435.000 ns	     42442	80008cd8	02d8d233	divu	x4,x17,x13	 x17:0x00000001 x13:0x00410240  x4=0x00000000
     424455.000 ns	     42444	80008cdc	0f789637	lui	x12,0xf789	 x12=0x0f789000
     424475.000 ns	     42446	80008ce0	e00280d3	fmv.x.w	x1,f5	  f5:0x00000000  x1=0x00000000
     424505.000 ns	     42449	80008ce4	02ab3033	mulhu	x0,x22,x10	 x22:0x00000000 x10:0xffffffff
     424525.000 ns	     42451	80008ce8	20563c93	sltiu	x25,x12,517	 x12:0x0f789000 x25=0x00000000
     424535.000 ns	     42452	80008cec	7a0bf393	andi	x7,x23,1952	 x23:0x147fa000  x7=0x00000000
     424545.000 ns	     42453	80008cf0	0143b933	sltu	x18,x7,x20	  x7:0x00000000 x20:0x80040fe4 x18=0x00000001
     424555.000 ns	     42454	80008cf4	01606133	or	x2,x0,x22	  x0:0x00000000 x22:0x00000000  x2=0x00000000
     424595.000 ns	     42458	80008cf8	000870d3	fadd.s	f1,f16,f0	 f16:0x80041024  f0:0x4f3a2987  f1=0x4f3a2987
     424615.000 ns	     42460	80008cfc	68273793	sltiu	x15,x14,1666	 x14:0x4b358000 x15=0x00000000
     424635.000 ns	     42462	80008d00	0388bf33	mulhu	x30,x17,x24	 x17:0x00000001 x24:0x00000000 x30=0x00000000
     424655.000 ns	     42464	80008d04	e6fa6113	ori	x2,x20,-401	 x20:0x80040fe4  x2=0xffffffef
     424675.000 ns	     42466	80008d08	212e9ad3	fsgnjn.s	f21,f29,f18	 f29:0x4b358000 f18:0x4a80ae04 f21=0xcb358000
     424695.000 ns	     42468	80008d0c	00000013	addi	x0,x0,0	  x0:0x00000000
     424715.000 ns	     42470	80008d10	03b23633	mulhu	x12,x4,x27	  x4:0x00000000 x27:0x80041024 x12=0x00000000
     424735.000 ns	     42472	80008d14	01789f33	sll	x30,x17,x23	 x17:0x00000001 x23:0x147fa000 x30=0x00000001
     424745.000 ns	     42473	80008d18	004571b3	and	x3,x10,x4	 x10:0xffffffff  x4:0x00000000  x3=0x00000000
     424755.000 ns	     42474	80008d1c	0166b133	sltu	x2,x13,x22	 x13:0x00410240 x22:0x00000000  x2=0x00000000
     424765.000 ns	     42475	80008d20	da279517	auipc	x10,0xda279	 x10=0x5a281d20
     424785.000 ns	     42477	80008d24	214e8753	fsgnj.s	f14,f29,f20	 f29:0x4b358000 f20:0x7fc00000 f14=0x4b358000
     424805.000 ns	     42479	80008d28	755df693	andi	x13,x27,1877	 x27:0x80041024 x13=0x00000004
     424815.000 ns	     42480	80008d2c	650f0613	addi	x12,x30,1616	 x30:0x00000001 x12=0x00000651
     424825.000 ns	     42481	80008d30	015ff4b3	and	x9,x31,x21	 x31:0x00000000 x21:0xfffffa08  x9=0x00000000
     424835.000 ns	     42482	80008d34	91eded13	ori	x26,x27,-1762	 x27:0x80041024 x26=0xfffff93e
     424845.000 ns	     42483	80008d38	00c88b33	add	x22,x17,x12	 x17:0x00000001 x12:0x00000651 x22=0x00000652
     424855.000 ns	     42484	80008d3c	417001b3	sub	x3,x0,x23	  x0:0x00000000 x23:0x147fa000  x3=0xeb806000
     424875.000 ns	     42486	80008d40	297d98d3	fmax.s	f17,f27,f23	 f27:0x7fc00000 f23:0xcb358000 f17=0xcb358000
     424915.000 ns	     42490	80008d44	19adfad3	fdiv.s	f21,f27,f26	 f27:0x7fc00000 f26:0x7fc00000 f21=0x7fc00000
     424965.000 ns	     42495	80008d48	00c47453	fadd.s	f8,f8,f12	  f8:0x80000000 f12:0x4da3fd00  f8=0x4da3fd00
     424995.000 ns	     42498	80008d4c	d005fad3	fcvt.s.w	f21,x11	 x11:0x000007d8 f21=0x44fb0000
     425035.000 ns	     42502	80008d50	11b2c6d3	fmul.s	f13,f5,f27	  f5:0x00000000 f27:0x7fc00000 f13=0x7fc00000
     426215.000 ns	     42620	80008d54	58022b53	fsqrt.s	f22,f4	  f4:0x4f3a2986 f22=0x4703a2e1
     426235.000 ns	     42622	80008d58	416882b3	sub	x5,x17,x22	 x17:0x00000001 x22:0x00000652  x5=0xfffff9af
     426245.000 ns	     42623	80008d5c	576a6e93	ori	x29,x20,1398	 x20:0x80040fe4 x29=0x80040ff6
     426265.000 ns	     42625	80008d60	a141a0d3	feq.s	x1,f3,f20	  f3:0x44000000 f20:0x7fc00000  x1=0x00000000
     426295.000 ns	     42628	80008d64	d01b7453	fcvt.s.wu	f8,x22	 x22:0x00000652  f8=0x44ca4000
     426325.000 ns	     42631	80008d68	e00e9553	fclass.s	x10,f29	 f29:0x4b358000 x10=0x00000040
     426345.000 ns	     42633	80008d6c	00a9eeb3	or	x29,x19,x10	 x19:0xfc31c41b x10:0x5a281d20 x29=0xfc31c45b
     426355.000 ns	     42634	80008d70	00815633	srl	x12,x2,x8	  x2:0x00000000  x8:0x00147fa0 x12=0x00000000
     426375.000 ns	     42636	80008d74	294d14d3	fmax.s	f9,f26,f20	 f26:0x7fc00000 f20:0x7fc00000  f9=0x7fc00000
     426395.000 ns	     42638	80008d78	4108d413	srai	x8,x17,0x10	 x17:0x00000001  x8=0x00000000
     426415.000 ns	     42640	80008d7c	f0048ad3	fmv.w.x	f21,x9	  x9:0x00000000 f21=0x00000000
     426435.000 ns	     42642	80008d80	0166dc93	srli	x25,x13,0x16	 x13:0x00000004 x25=0x00000000
     426475.000 ns	     42646	80008d84	086c97d3	fsub.s	f15,f25,f6	 f25:0x80000000  f6:0x4effffff f15=0xceffffff
     426495.000 ns	     42648	80008d88	037fc313	xori	x6,x31,55	 x31:0x00000000  x6=0x00000037
     426505.000 ns	     42649	80008d8c	01ad1913	slli	x18,x26,0x1a	 x26:0xfffff93e x18=0xf8000000
     426515.000 ns	     42650	80008d90	01f39d13	slli	x26,x7,0x1f	  x7:0x00000000 x26=0x00000000
     426525.000 ns	     42651	80008d94	00625eb3	srl	x29,x4,x6	  x4:0x00000000  x6:0x00000037 x29=0x00000000
     426545.000 ns	     42653	80008d98	d00f9853	fcvt.s.w	f16,x31	 x31:0x00000000 f16=0x00000000
     426575.000 ns	     42656	80008d9c	a12a2bd3	feq.s	x23,f20,f18	 f20:0x7fc00000 f18:0x4a80ae04 x23=0x00000000
     426605.000 ns	     42659	80008da0	211c06d3	fsgnj.s	f13,f24,f17	 f24:0xc50056e5 f17:0xcb358000 f13=0xc50056e5
     426635.000 ns	     42662	80008da4	d01602d3	fcvt.s.wu	f5,x12	 x12:0x00000000  f5=0x00000000
     426675.000 ns	     42666	80008da8	10ecbc53	fmul.s	f24,f25,f14	 f25:0x80000000 f14:0x4b358000 f24=0x80000000
     426695.000 ns	     42668	80008dac	00000013	addi	x0,x0,0	  x0:0x00000000
     426705.000 ns	     42669	80008db0	4135d093	srai	x1,x11,0x13	 x11:0x000007d8  x1=0x00000000
     426715.000 ns	     42670	80008db4	019c52b3	srl	x5,x24,x25	 x24:0x00000000 x25:0x00000000  x5=0x00000000
     426735.000 ns	     42672	80008db8	f00702d3	fmv.w.x	f5,x14	 x14:0x4b358000  f5=0x4b358000
     426765.000 ns	     42675	80008dbc	f0090853	fmv.w.x	f16,x18	 x18:0xf8000000 f16=0xf8000000
     426795.000 ns	     42678	80008dc0	02c91eb3	mulh	x29,x18,x12	 x18:0xf8000000 x12:0x00000000 x29=0x00000000
     426815.000 ns	     42680	80008dc4	cddf7097	auipc	x1,0xcddf7	  x1=0x4ddffdc4
     427175.000 ns	     42716	80008dc8	03307d33	remu	x26,x0,x19	  x0:0x00000000 x19:0xfc31c41b x26=0x00000000
     427195.000 ns	     42718	80008dcc	01fbb333	sltu	x6,x23,x31	 x23:0x00000000 x31:0x00000000  x6=0x00000000
     427215.000 ns	     42720	80008dd0	f00b00d3	fmv.w.x	f1,x22	 x22:0x00000652  f1=0x00000652
     427235.000 ns	     42722	80008dd4	315da8b7	lui	x17,0x315da	 x17=0x315da000
     427255.000 ns	     42724	80008dd8	e00f90d3	fclass.s	x1,f31	 f31:0x450056e5  x1=0x00000040
     427285.000 ns	     42727	80008ddc	a1d6a2d3	feq.s	x5,f13,f29	 f13:0xc50056e5 f29:0x4b358000  x5=0x00000000
     427305.000 ns	     42729	80008de0	002b8cb3	add	x25,x23,x2	 x23:0x00000000  x2:0x00000000 x25=0x00000000
     427335.000 ns	     42732	80008de4	11b53bd3	fmul.s	f23,f10,f27	 f10:0x7fc00000 f27:0x7fc00000 f23=0x7fc00000
     427355.000 ns	     42734	80008de8	3df8fa97	auipc	x21,0x3df8f	 x21=0xbdf97de8
     427375.000 ns	     42736	80008dec	039b7833	remu	x16,x22,x25	 x22:0x00000652 x25:0x00000000 x16=0x00000652
     427415.000 ns	     42740	80008df0	19343553	fdiv.s	f10,f8,f19	  f8:0x44ca4000 f19:0x7fc00000 f10=0x7fc00000
     427445.000 ns	     42743	80008df4	2145a6d3	fsgnjx.s	f13,f11,f20	 f11:0x4b358000 f20:0x7fc00000 f13=0x4b358000
     427465.000 ns	     42745	80008df8	00245e33	srl	x28,x8,x2	  x8:0x00000000  x2:0x00000000 x28=0x00000000
     427475.000 ns	     42746	80008dfc	541f81b7	lui	x3,0x541f8	  x3=0x541f8000
     427495.000 ns	     42748	80008e00	02761ab3	mulh	x21,x12,x7	 x12:0x00000000  x7:0x00000000 x21=0x00000000
     427525.000 ns	     42751	80008e04	d00d9d53	fcvt.s.w	f26,x27	 x27:0x80041024 f26=0xcefff7df
     427545.000 ns	     42753	80008e08	00617833	and	x16,x2,x6	  x2:0x00000000  x6:0x00000000 x16=0x00000000
     427555.000 ns	     42754	80008e0c	01132e33	slt	x28,x6,x17	  x6:0x00000000 x17:0x315da000 x28=0x00000001
     427915.000 ns	     42790	80008e10	03bf7bb3	remu	x23,x30,x27	 x30:0x00000001 x27:0x80041024 x23=0x00000001
     427945.000 ns	     42793	80008e14	02ccb0b3	mulhu	x1,x25,x12	 x25:0x00000000 x12:0x00000000  x1=0x00000000
     427995.000 ns	     42798	80008e18	082cfa53	fsub.s	f20,f25,f2	 f25:0x80000000  f2:0x00000000 f20=0x80000000
     428025.000 ns	     42801	80008e1c	a18097d3	flt.s	x15,f1,f24	  f1:0x00000652 f24:0x80000000 x15=0x00000000
     428075.000 ns	     42806	80008e20	0173cc53	fadd.s	f24,f7,f23	  f7:0x7fc00000 f23:0x7fc00000 f24=0x7fc00000
     428445.000 ns	     42843	80008e24	03716533	rem	x10,x2,x23	  x2:0x00000000 x23:0x00000001 x10=0x00000000
     428465.000 ns	     42845	80008e28	41ab00b3	sub	x1,x22,x26	 x22:0x00000652 x26:0x00000000  x1=0x00000652
     428475.000 ns	     42846	80008e2c	927eb097	auipc	x1,0x927eb	  x1=0x127f3e2c
     428495.000 ns	     42848	80008e30	20fb2d53	fsgnjx.s	f26,f22,f15	 f22:0x4703a2e1 f15:0xceffffff f26=0xc703a2e1
     428525.000 ns	     42851	80008e34	20222d53	fsgnjx.s	f26,f4,f2	  f4:0x4f3a2986  f2:0x00000000 f26=0x4f3a2986
     428545.000 ns	     42853	80008e38	0127a1b3	slt	x3,x15,x18	 x15:0x00000000 x18:0xf8000000  x3=0x00000000
     428565.000 ns	     42855	80008e3c	d0157553	fcvt.s.wu	f10,x10	 x10:0x00000000 f10=0x00000000
     428935.000 ns	     42892	80008e40	03b973b3	remu	x7,x18,x27	 x18:0xf8000000 x27:0x80041024  x7=0x77fbefdc
     428965.000 ns	     42895	80008e44	e0070553	fmv.x.w	x10,f14	 f14:0x4b358000 x10=0x4b358000
     429335.000 ns	     42932	80008e48	031c6833	rem	x16,x24,x17	 x24:0x00000000 x17:0x315da000 x16=0x00000000
     429355.000 ns	     42934	80008e4c	00511293	slli	x5,x2,0x5	  x2:0x00000000  x5=0x00000000
     429715.000 ns	     42970	80008e50	033d6d33	rem	x26,x26,x19	 x26:0x00000000 x19:0xfc31c41b x26=0x00000000
     429745.000 ns	     42973	80008e54	c0077bd3	fcvt.w.s	x23,f14	 f14:0x4b358000 x23=0x00b58000
     429765.000 ns	     42975	80008e58	41515813	srai	x16,x2,0x15	  x2:0x00000000 x16=0x00000000
     429775.000 ns	     42976	80008e5c	9b9d7c93	andi	x25,x26,-1607	 x26:0x00000000 x25=0x00000000
     429795.000 ns	     42978	80008e60	a0201ed3	flt.s	x29,f0,f2	  f0:0x4f3a2987  f2:0x00000000 x29=0x00000000
     429825.000 ns	     42981	80008e64	a1329b53	flt.s	x22,f5,f19	  f5:0x4b358000 f19:0x7fc00000 x22=0x00000000
     429855.000 ns	     42984	80008e68	292d9ad3	fmax.s	f21,f27,f18	 f27:0x7fc00000 f18:0x4a80ae04 f21=0x4a80ae04
     429895.000 ns	     42988	80008e6c	18740253	fdiv.s	f4,f8,f7	  f8:0x44ca4000  f7:0x7fc00000  f4=0x7fc00000
     429915.000 ns	     42990	80008e70	7eb4cc13	xori	x24,x9,2027	  x9:0x00000000 x24=0x000007eb
     429925.000 ns	     42991	80008e74	7a7ba113	slti	x2,x23,1959	 x23:0x00b58000  x2=0x00000000
     429945.000 ns	     42993	80008e78	d007f9d3	fcvt.s.w	f19,x15	 x15:0x00000000 f19=0x00000000
     429965.000 ns	     42995	80008e7c	0fa3af37	lui	x30,0xfa3a	 x30=0x0fa3a000
     429975.000 ns	     42996	80008e80	deef4413	xori	x8,x30,-530	 x30:0x00000001  x8=0xf05c5dee
     429985.000 ns	     42997	80008e84	9e92f237	lui	x4,0x9e92f	  x4=0x9e92f000
     429995.000 ns	     42998	80008e88	01d372b3	and	x5,x6,x29	  x6:0x00000000 x29:0x00000000  x5=0x00000000
     430025.000 ns	     43001	80008e8c	58021053	fsqrt.s	f0,f4	  f4:0x7fc00000  f0=0x7fc00000
     430045.000 ns	     43003	80008e90	6ab50293	addi	x5,x10,1707	 x10:0x4b358000  x5=0x4b3586ab
     430065.000 ns	     43005	80008e94	033610b3	mulh	x1,x12,x19	 x12:0x00000000 x19:0xfc31c41b  x1=0x00000000
     430095.000 ns	     43008	80008e98	e0028fd3	fmv.x.w	x31,f5	  f5:0x4b358000 x31=0x4b358000
     430145.000 ns	     43013	80008e9c	090e7fd3	fsub.s	f31,f28,f16	 f28:0x4da3fd00 f16:0xf8000000 f31=0x78000000
     430165.000 ns	     43015	80008ea0	eb6278b7	lui	x17,0xeb627	 x17=0xeb627000
     430185.000 ns	     43017	80008ea4	e00387d3	fmv.x.w	x15,f7	  f7:0x7fc00000 x15=0x7fc00000
     430215.000 ns	     43020	80008ea8	0267b233	mulhu	x4,x15,x6	 x15:0x00000000  x6:0x00000000  x4=0x00000000
     430235.000 ns	     43022	80008eac	01d6c033	xor	x0,x13,x29	 x13:0x00000004 x29:0x00000000
     430245.000 ns	     43023	80008eb0	b9238293	addi	x5,x7,-1134	  x7:0x77fbefdc  x5=0x77fbeb6e
     431165.000 ns	     43115	80008eb4	5806bb53	fsqrt.s	f22,f13	 f13:0x4b358000 f22=0x450056e5
     431185.000 ns	     43117	80008eb8	000a80b3	add	x1,x21,x0	 x21:0x00000000  x0:0x00000000  x1=0x00000000
     431205.000 ns	     43119	80008ebc	a1ff9ad3	flt.s	x21,f31,f31	 f31:0x78000000 f31:0x78000000 x21=0x00000000
     431235.000 ns	     43122	80008ec0	f0028a53	fmv.w.x	f20,x5	  x5:0x77fbeb6e f20=0x77fbeb6e
     431255.000 ns	     43124	80008ec4	a8cbab13	slti	x22,x23,-1396	 x23:0x00b58000 x22=0x00000000
     431265.000 ns	     43125	80008ec8	010df2b3	and	x5,x27,x16	 x27:0x80041024 x16:0x00000000  x5=0x00000000
     431285.000 ns	     43127	80008ecc	21ba2353	fsgnjx.s	f6,f20,f27	 f20:0x77fbeb6e f27:0x7fc00000  f6=0x77fbeb6e
     431305.000 ns	     43129	80008ed0	eb6d3613	sltiu	x12,x26,-330	 x26:0x00000000 x12=0x00000001
     431315.000 ns	     43130	80008ed4	40eb0333	sub	x6,x22,x14	 x22:0x00000000 x14:0x4b358000  x6=0xb4ca8000
     431325.000 ns	     43131	80008ed8	68cd3413	sltiu	x8,x26,1676	 x26:0x00000000  x8=0x00000001
     431345.000 ns	     43133	80008edc	a08f98d3	flt.s	x17,f31,f8	 f31:0x78000000  f8:0x44ca4000 x17=0x00000000
     431365.000 ns	     43135	80008ee0	e1aceb93	ori	x23,x25,-486	 x25:0x00000000 x23=0xfffffe1a
     431385.000 ns	     43137	80008ee4	026a33b3	mulhu	x7,x20,x6	 x20:0x80040fe4  x6:0xb4ca8000  x7=0x5a681e62
     431425.000 ns	     43141	80008ee8	1964b4d3	fdiv.s	f9,f9,f22	  f9:0x7fc00000 f22:0x450056e5  f9=0x7fc00000
     431455.000 ns	     43144	80008eec	a14e9e53	flt.s	x28,f29,f20	 f29:0x4b358000 f20:0x77fbeb6e x28=0x00000001
     431485.000 ns	     43147	80008ef0	0240c8b3	div	x17,x1,x4	  x1:0x00000000  x4:0x00000000 x17=0xffffffff
     432665.000 ns	     43265	80008ef4	58068ad3	fsqrt.s	f21,f13	 f13:0x4b358000 f21=0x450056e5
     432685.000 ns	     43267	80008ef8	002fb533	sltu	x10,x31,x2	 x31:0x4b358000  x2:0x00000000 x10=0x00000000
     432705.000 ns	     43269	80008efc	c0181c53	fcvt.wu.s	x24,f16	 f16:0xf8000000 x24=0x00000000
     432735.000 ns	     43272	80008f00	d00eacd3	fcvt.s.w	f25,x29	 x29:0x00000000 f25=0x00000000
     432765.000 ns	     43275	80008f04	029bc3b3	div	x7,x23,x9	 x23:0xfffffe1a  x9:0x00000000  x7=0xffffffff
     432785.000 ns	     43277	80008f08	50a4e637	lui	x12,0x50a4e	 x12=0x50a4e000
     432805.000 ns	     43279	80008f0c	029338b3	mulhu	x17,x6,x9	  x6:0xb4ca8000  x9:0x00000000 x17=0x00000000
     432835.000 ns	     43282	80008f10	e0059453	fclass.s	x8,f11	 f11:0x4b358000  x8=0x00000040
     432855.000 ns	     43284	80008f14	01304933	xor	x18,x0,x19	  x0:0x00000000 x19:0xfc31c41b x18=0xfc31c41b
     432875.000 ns	     43286	80008f18	217d8053	fsgnj.s	f0,f27,f23	 f27:0x7fc00000 f23:0x7fc00000  f0=0x7fc00000
     432905.000 ns	     43289	80008f1c	02650fb3	mul	x31,x10,x6	 x10:0x00000000  x6:0xb4ca8000 x31=0x00000000
     433275.000 ns	     43326	80008f20	0342d5b3	divu	x11,x5,x20	  x5:0x00000000 x20:0x80040fe4 x11=0x00000000
     433295.000 ns	     43328	80008f24	d5009517	auipc	x10,0xd5009	 x10=0x55011f24
     433305.000 ns	     43329	80008f28	30c92813	slti	x16,x18,780	 x18:0xfc31c41b x16=0x00000001
     433325.000 ns	     43331	80008f2c	03ab77b3	remu	x15,x22,x26	 x22:0x00000000 x26:0x00000000 x15=0x00000000
     433345.000 ns	     43333	80008f30	003486b3	add	x13,x9,x3	  x9:0x00000000  x3:0x00000000 x13=0x00000000
     433355.000 ns	     43334	80008f34	01b90c33	add	x24,x18,x27	 x18:0xfc31c41b x27:0x80041024 x24=0x7c35d43f
     433365.000 ns	     43335	80008f38	015f1e33	sll	x28,x30,x21	 x30:0x0fa3a000 x21:0x00000000 x28=0x0fa3a000
     433385.000 ns	     43337	80008f3c	21f002d3	fsgnj.s	f5,f0,f31	  f0:0x7fc00000 f31:0x78000000  f5=0x7fc00000
     433435.000 ns	     43342	80008f40	014a14d3	fadd.s	f9,f20,f20	 f20:0x77fbeb6e f20:0x77fbeb6e  f9=0x787beb6e
     433455.000 ns	     43344	80008f44	e1663093	sltiu	x1,x12,-490	 x12:0x50a4e000  x1=0x00000001
     433465.000 ns	     43345	80008f48	41215433	sra	x8,x2,x18	  x2:0x00000000 x18:0xfc31c41b  x8=0x00000000
     433475.000 ns	     43346	80008f4c	beccee17	auipc	x28,0xbecce	 x28=0x3ecd6f4c
     433835.000 ns	     43382	80008f50	034ff833	remu	x16,x31,x20	 x31:0x00000000 x20:0x80040fe4 x16=0x00000000
     433855.000 ns	     43384	80008f54	00b41e93	slli	x29,x8,0xb	  x8:0x00000000 x29=0x00000000
     433865.000 ns	     43385	80008f58	01c61b33	sll	x22,x12,x28	 x12:0x50a4e000 x28:0x3ecd6f4c x22=0x4e000000
     433875.000 ns	     43386	80008f5c	00189413	slli	x8,x17,0x1	 x17:0x00000000  x8=0x00000000
     434235.000 ns	     43422	80008f60	03264d33	div	x26,x12,x18	 x12:0x50a4e000 x18:0xfc31c41b x26=0xffffffeb
     434265.000 ns	     43425	80008f64	a05dafd3	feq.s	x31,f27,f5	 f27:0x7fc00000  f5:0x7fc00000 x31=0x00000000
     434635.000 ns	     43462	80008f68	0273fcb3	remu	x25,x7,x7	  x7:0xffffffff  x7:0xffffffff x25=0x00000000
     434665.000 ns	     43465	80008f6c	03bb3433	mulhu	x8,x22,x27	 x22:0x4e000000 x27:0x80041024  x8=0x27013cea
     434685.000 ns	     43467	80008f70	18b16913	ori	x18,x2,395	  x2:0x00000000 x18=0x0000018b
     434695.000 ns	     43468	80008f74	00a266b3	or	x13,x4,x10	  x4:0x00000000 x10:0x55011f24 x13=0x55011f24
     434735.000 ns	     43472	80008f78	0815f9d3	fsub.s	f19,f11,f1	 f11:0x4b358000  f1:0x00000652 f19=0x4b358000
     434755.000 ns	     43474	80008f7c	0a4c2913	slti	x18,x24,164	 x24:0x7c35d43f x18=0x00000000
     435115.000 ns	     43510	80008f80	02a77433	remu	x8,x14,x10	 x14:0x4b358000 x10:0x55011f24  x8=0x4b358000
     435135.000 ns	     43512	80008f84	67282293	slti	x5,x16,1650	 x16:0x00000000  x5=0x00000001
     435145.000 ns	     43513	80008f88	edaba713	slti	x14,x23,-294	 x23:0xfffffe1a x14=0x00000001
     435165.000 ns	     43515	80008f8c	03a8b233	mulhu	x4,x17,x26	 x17:0x00000000 x26:0xffffffeb  x4=0x00000000
     435195.000 ns	     43518	80008f90	026b88b3	mul	x17,x23,x6	 x23:0xfffffe1a  x6:0xb4ca8000 x17=0xc7910000
     435215.000 ns	     43520	80008f94	f0ceea93	ori	x21,x29,-244	 x29:0x00000000 x21=0xffffff0c
     435225.000 ns	     43521	80008f98	0199cc33	xor	x24,x19,x25	 x19:0xfc31c41b x25:0x00000000 x24=0xfc31c41b
     435245.000 ns	     43523	80008f9c	d0157cd3	fcvt.s.wu	f25,x10	 x10:0x55011f24 f25=0x4eaa023e
     435275.000 ns	     43526	80008fa0	d01115d3	fcvt.s.wu	f11,x2	  x2:0x00000000 f11=0x00000000
     435325.000 ns	     43531	80008fa4	09507153	fsub.s	f2,f0,f21	  f0:0x7fc00000 f21:0x450056e5  f2=0x7fc00000
     435355.000 ns	     43534	80008fa8	0368ae33	mulhsu	x28,x17,x22	 x17:0xc7910000 x22:0x4e000000 x28=0xeece2e00
     435725.000 ns	     43571	80008fac	0266d533	divu	x10,x13,x6	 x13:0x55011f24  x6:0xb4ca8000 x10=0x00000000
     435755.000 ns	     43574	80008fb0	a1acaed3	feq.s	x29,f25,f26	 f25:0x4eaa023e f26:0x4f3a2986 x29=0x00000000
     435775.000 ns	     43576	80008fb4	41bbde13	srai	x28,x23,0x1b	 x23:0xfffffe1a x28=0xffffffff
     435785.000 ns	     43577	80008fb8	a87e70b7	lui	x1,0xa87e7	  x1=0xa87e7000
     435805.000 ns	     43579	80008fbc	d0058d53	fcvt.s.w	f26,x11	 x11:0x00000000 f26=0x00000000
     435825.000 ns	     43581	80008fc0	0126dd13	srli	x26,x13,0x12	 x13:0x55011f24 x26=0x00001540
     435845.000 ns	     43583	80008fc4	03dc7cb3	remu	x25,x24,x29	 x24:0xfc31c41b x29:0x00000000 x25=0xfc31c41b
     435865.000 ns	     43585	80008fc8	00358fb3	add	x31,x11,x3	 x11:0x00000000  x3:0x00000000 x31=0x00000000
     435885.000 ns	     43587	80008fcc	a19913d3	flt.s	x7,f18,f25	 f18:0x4a80ae04 f25:0x4eaa023e  x7=0x00000001
     435905.000 ns	     43589	80008fd0	01037133	and	x2,x6,x16	  x6:0xb4ca8000 x16:0x00000000  x2=0x00000000
     435925.000 ns	     43591	80008fd4	d0013dd3	fcvt.s.w	f27,x2	  x2:0x00000000 f27=0x00000000
     435975.000 ns	     43596	80008fd8	01817bd3	fadd.s	f23,f2,f24	  f2:0x7fc00000 f24:0x7fc00000 f23=0x7fc00000
     435995.000 ns	     43598	80008fdc	00000013	addi	x0,x0,0	  x0:0x00000000
     436005.000 ns	     43599	80008fe0	0116d893	srli	x17,x13,0x11	 x13:0x55011f24 x17=0x00002a80
     436015.000 ns	     43600	80008fe4	407dd093	srai	x1,x27,0x7	 x27:0x80041024  x1=0xff000820
     436025.000 ns	     43601	80008fe8	410ddf93	srai	x31,x27,0x10	 x27:0x80041024 x31=0xffff8004
     436035.000 ns	     43602	80008fec	00000013	addi	x0,x0,0	  x0:0x00000000
     436055.000 ns	     43604	80008ff0	c01e1753	fcvt.wu.s	x14,f28	 f28:0x4da3fd00 x14=0x147fa000
     436075.000 ns	     43606	80008ff4	01199bb3	sll	x23,x19,x17	 x19:0xfc31c41b x17:0x00002a80 x23=0xfc31c41b
     436085.000 ns	     43607	80008ff8	01a911b3	sll	x3,x18,x26	 x18:0x00000000 x26:0x00001540  x3=0x00000000
     436095.000 ns	     43608	80008ffc	00a53fb3	sltu	x31,x10,x10	 x10:0x00000000 x10:0x00000000 x31=0x00000000
     436105.000 ns	     43609	80009000	235a4c97	auipc	x25,0x235a4	 x25=0xa35ad000
     436465.000 ns	     43645	80009004	02ed77b3	remu	x15,x26,x14	 x26:0x00001540 x14:0x147fa000 x15=0x00001540
     436485.000 ns	     43647	80009008	41c4da93	srai	x21,x9,0x1c	  x9:0x00000000 x21=0x00000000
     436505.000 ns	     43649	8000900c	a19da353	feq.s	x6,f27,f25	 f27:0x00000000 f25:0x4eaa023e  x6=0x00000000
     436525.000 ns	     43651	80009010	0041b333	sltu	x6,x3,x4	  x3:0x00000000  x4:0x00000000  x6=0x00000000
     436535.000 ns	     43652	80009014	30688293	addi	x5,x17,774	 x17:0x00002a80  x5=0x00002d86
     436545.000 ns	     43653	80009018	f4ee6717	auipc	x14,0xf4ee6	 x14=0x74eef018
     436575.000 ns	     43656	8000901c	115b89d3	fmul.s	f19,f23,f21	 f23:0x7fc00000 f21:0x450056e5 f19=0x7fc00000
     436595.000 ns	     43658	80009020	40935c93	srai	x25,x6,0x9	  x6:0x00000000 x25=0x00000000
     436605.000 ns	     43659	80009024	386d7093	andi	x1,x26,902	 x26:0x00001540  x1=0x00000100
     436615.000 ns	     43660	80009028	01031313	slli	x6,x6,0x10	  x6:0x00000000  x6=0x00000000
     436635.000 ns	     43662	8000902c	c0018253	fcvt.w.s	x4,f3	  f3:0x44000000  x4=0x00000200
     436655.000 ns	     43664	80009030	26852017	auipc	x0,0x26852	
     436665.000 ns	     43665	80009034	27a9f313	andi	x6,x19,634	 x19:0xfc31c41b  x6=0x0000001a
     436685.000 ns	     43667	80009038	f0030653	fmv.w.x	f12,x6	  x6:0x00000000 f12=0x0000001a
     436705.000 ns	     43669	8000903c	8caad4b7	lui	x9,0x8caad	  x9=0x8caad000
     436725.000 ns	     43671	80009040	032536b3	mulhu	x13,x10,x18	 x10:0x00000000 x18:0x00000000 x13=0x00000000
     436745.000 ns	     43673	80009044	00e5d093	srli	x1,x11,0xe	 x11:0x00000000  x1=0x00000000
     436755.000 ns	     43674	80009048	eb11b597	auipc	x11,0xeb11b	 x11=0x6b124048
     436775.000 ns	     43676	8000904c	20bcaed3	fsgnjx.s	f29,f25,f11	 f25:0x4eaa023e f11:0x00000000 f29=0x4eaa023e
     436815.000 ns	     43680	80009050	58007353	fsqrt.s	f6,f0	  f0:0x7fc00000  f6=0x7fc00000
     436835.000 ns	     43682	80009054	f48c9017	auipc	x0,0xf48c9	
     436875.000 ns	     43686	80009058	002c78d3	fadd.s	f17,f24,f2	 f24:0x7fc00000  f2:0x7fc00000 f17=0x7fc00000
     436895.000 ns	     43688	8000905c	69076c93	ori	x25,x14,1680	 x14:0x74eef018 x25=0x74eef698
     436935.000 ns	     43692	80009060	009b7653	fadd.s	f12,f22,f9	 f22:0x450056e5  f9:0x787beb6e f12=0x787beb6e
     436985.000 ns	     43697	80009064	00fa8253	fadd.s	f4,f21,f15	 f21:0x450056e5 f15:0xceffffff  f4=0xceffffef
     437015.000 ns	     43700	80009068	03ac04b3	mul	x9,x24,x26	 x24:0xfc31c41b x26:0x00001540  x9=0x21873dc0
     437055.000 ns	     43704	8000906c	19fd1ed3	fdiv.s	f29,f26,f31	 f26:0x00000000 f31:0x78000000 f29=0x00000000
     437085.000 ns	     43707	80009070	c01d9c53	fcvt.wu.s	x24,f27	 f27:0x00000000 x24=0x00000000
     437115.000 ns	     43710	80009074	297f0f53	fmin.s	f30,f30,f23	 f30:0x4b358000 f23:0x7fc00000 f30=0x4b358000
     437135.000 ns	     43712	80009078	406354b3	sra	x9,x6,x6	  x6:0x0000001a  x6:0x0000001a  x9=0x00000000
     437155.000 ns	     43714	8000907c	20031e53	fsgnjn.s	f28,f6,f0	  f6:0x7fc00000  f0:0x7fc00000 f28=0xffc00000
     437185.000 ns	     43717	80009080	f00c8bd3	fmv.w.x	f23,x25	 x25:0x74eef698 f23=0x74eef698
     437205.000 ns	     43719	80009084	00f9b6b3	sltu	x13,x19,x15	 x19:0xfc31c41b x15:0x00001540 x13=0x00000000
     437215.000 ns	     43720	80009088	01a02833	slt	x16,x0,x26	  x0:0x00000000 x26:0x00001540 x16=0x00000001
     437225.000 ns	     43721	8000908c	f10df513	andi	x10,x27,-240	 x27:0x80041024 x10=0x80041000
     437245.000 ns	     43723	80009090	a1c0a7d3	feq.s	x15,f1,f28	  f1:0x00000652 f28:0xffc00000 x15=0x00000000
     437295.000 ns	     43728	80009094	0185b753	fadd.s	f14,f11,f24	 f11:0x00000000 f24:0x7fc00000 f14=0x7fc00000
     437315.000 ns	     43730	80009098	01054133	xor	x2,x10,x16	 x10:0x80041000 x16:0x00000001  x2=0x80041001
     437335.000 ns	     43732	8000909c	20132f53	fsgnjx.s	f30,f6,f1	  f6:0x7fc00000  f1:0x00000652 f30=0x7fc00000
     437385.000 ns	     43737	800090a0	015e2153	fadd.s	f2,f28,f21	 f28:0xffc00000 f21:0x450056e5  f2=0x7fc00000
     437405.000 ns	     43739	800090a4	00475433	srl	x8,x14,x4	 x14:0x74eef018  x4:0x00000200  x8=0x74eef018
     437425.000 ns	     43741	800090a8	280d0753	fmin.s	f14,f26,f0	 f26:0x00000000  f0:0x7fc00000 f14=0x00000000
     437475.000 ns	     43746	800090ac	0819b9d3	fsub.s	f19,f19,f1	 f19:0x7fc00000  f1:0x00000652 f19=0x7fc00000
     437495.000 ns	     43748	800090b0	87746917	auipc	x18,0x87746	 x18=0x0774f0b0
     437505.000 ns	     43749	800090b4	b91ea113	slti	x2,x29,-1135	 x29:0x00000000  x2=0x00000000
     437515.000 ns	     43750	800090b8	17bade37	lui	x28,0x17bad	 x28=0x17bad000
     437545.000 ns	     43753	800090bc	108a2fd3	fmul.s	f31,f20,f8	 f20:0x77fbeb6e  f8:0x44ca4000 f31=0x7d4706bf
     437575.000 ns	     43756	800090c0	d01ff2d3	fcvt.s.wu	f5,x31	 x31:0x00000000  f5=0x00000000
     437605.000 ns	     43759	800090c4	d0017753	fcvt.s.w	f14,x2	  x2:0x00000000 f14=0x00000000
     437635.000 ns	     43762	800090c8	03eb2033	mulhsu	x0,x22,x30	 x22:0x4e000000 x30:0x0fa3a000
     437655.000 ns	     43764	800090cc	9e9aa193	slti	x3,x21,-1559	 x21:0x00000000  x3=0x00000000
     438015.000 ns	     43800	800090d0	02e65c33	divu	x24,x12,x14	 x12:0x50a4e000 x14:0x74eef018 x24=0x00000000
     438035.000 ns	     43802	800090d4	009415b3	sll	x11,x8,x9	  x8:0x74eef018  x9:0x00000000 x11=0x74eef018
     438045.000 ns	     43803	800090d8	00841533	sll	x10,x8,x8	  x8:0x74eef018  x8:0x74eef018 x10=0x18000000
     438065.000 ns	     43805	800090dc	215c9353	fsgnjn.s	f6,f25,f21	 f25:0x4eaa023e f21:0x450056e5  f6=0xceaa023e
     438085.000 ns	     43807	800090e0	01eeae33	slt	x28,x29,x30	 x29:0x00000000 x30:0x0fa3a000 x28=0x00000001
     438105.000 ns	     43809	800090e4	02043333	mulhu	x6,x8,x0	  x8:0x74eef018  x0:0x00000000  x6=0x00000000
     438135.000 ns	     43812	800090e8	02de5e33	divu	x28,x28,x13	 x28:0x17bad000 x13:0x00000000 x28=0xffffffff
     438155.000 ns	     43814	800090ec	00519c13	slli	x24,x3,0x5	  x3:0x00000000 x24=0x00000000
     438165.000 ns	     43815	800090f0	0173d4b3	srl	x9,x7,x23	  x7:0x00000001 x23:0xfc31c41b  x9=0x00000000
     438495.000 ns	     43848	800090f4	18492453	fdiv.s	f8,f18,f4	 f18:0x4a80ae04  f4:0xceffffef  f8=0xbb00ae04
     438525.000 ns	     43851	800090f8	d018f6d3	fcvt.s.wu	f13,x17	 x17:0x00002a80 f13=0x462a0000
     438555.000 ns	     43854	800090fc	21d72953	fsgnjx.s	f18,f14,f29	 f14:0x00000000 f29:0x00000000 f18=0x00000000
     438585.000 ns	     43857	80009100	28d81753	fmax.s	f14,f16,f13	 f16:0xf8000000 f13:0x462a0000 f14=0x462a0000
     438615.000 ns	     43860	80009104	c00e4fd3	fcvt.w.s	x31,f28	 f28:0xffc00000 x31=0x7fffffff
     438635.000 ns	     43862	80009108	41f88bb3	sub	x23,x17,x31	 x17:0x00002a80 x31:0x00000000 x23=0x80002a81
     438645.000 ns	     43863	8000910c	61d5a613	slti	x12,x11,1565	 x11:0x74eef018 x12=0x00000000
     438665.000 ns	     43865	80009110	c01ff453	fcvt.wu.s	x8,f31	 f31:0x7d4706bf  x8=0xffffffff
     439035.000 ns	     43902	80009114	02b361b3	rem	x3,x6,x11	  x6:0x00000000 x11:0x74eef018  x3=0x00000000
     439065.000 ns	     43905	80009118	a0638653	fle.s	x12,f7,f6	  f7:0x7fc00000  f6:0xceaa023e x12=0x00000000
     439085.000 ns	     43907	8000911c	d16cea93	ori	x21,x25,-746	 x25:0x74eef698 x21=0xffffff9e
     439095.000 ns	     43908	80009120	5f080837	lui	x16,0x5f080	 x16=0x5f080000
     439115.000 ns	     43910	80009124	e00185d3	fmv.x.w	x11,f3	  f3:0x44000000 x11=0x44000000
     439485.000 ns	     43947	80009128	027a5eb3	divu	x29,x20,x7	 x20:0x80040fe4  x7:0x00000001 x29=0x80040fe4
     439505.000 ns	     43949	8000912c	e9003613	sltiu	x12,x0,-368	  x0:0x00000000 x12=0x00000001
     439525.000 ns	     43951	80009130	293c85d3	fmin.s	f11,f25,f19	 f25:0x4eaa023e f19:0x7fc00000 f11=0x4eaa023e
     439555.000 ns	     43954	80009134	f00c0f53	fmv.w.x	f30,x24	 x24:0x00000000 f30=0x00000000
     439585.000 ns	     43957	80009138	e00d9cd3	fclass.s	x25,f27	 f27:0x00000000 x25=0x00000010
     439605.000 ns	     43959	8000913c	415508b3	sub	x17,x10,x21	 x10:0x18000000 x21:0xffffff9e x17=0x18000062
     439615.000 ns	     43960	80009140	41fa5033	sra	x0,x20,x31	 x20:0x80040fe4 x31:0x7fffffff
     439975.000 ns	     43996	80009144	03adc133	div	x2,x27,x26	 x27:0x80041024 x26:0x00001540  x2=0xfff9fa2b
     440025.000 ns	     44001	80009148	0013fcd3	fadd.s	f25,f7,f1	  f7:0x7fc00000  f1:0x00000652 f25=0x7fc00000
     440055.000 ns	     44004	8000914c	21bc94d3	fsgnjn.s	f9,f25,f27	 f25:0x4eaa023e f27:0x00000000  f9=0xffc00000
     440075.000 ns	     44006	80009150	01d13bb3	sltu	x23,x2,x29	  x2:0xfff9fa2b x29:0x80040fe4 x23=0x00000000
     440095.000 ns	     44008	80009154	a013abd3	feq.s	x23,f7,f1	  f7:0x7fc00000  f1:0x00000652 x23=0x00000000
     440125.000 ns	     44011	80009158	d01dc6d3	fcvt.s.wu	f13,x27	 x27:0x80041024 f13=0x4f000410
     440145.000 ns	     44013	8000915c	40eb8b33	sub	x22,x23,x14	 x23:0x00000000 x14:0x74eef018 x22=0x8b110fe8
     440155.000 ns	     44014	80009160	3b5c6f17	auipc	x30,0x3b5c6	 x30=0xbb5cf160
     440515.000 ns	     44050	80009164	03514bb3	div	x23,x2,x21	  x2:0xfff9fa2b x21:0xffffff9e x23=0x00000fbb
     440545.000 ns	     44053	80009168	038297b3	mulh	x15,x5,x24	  x5:0x00002d86 x24:0x00000000 x15=0x00000000
     440575.000 ns	     44056	8000916c	02f0e133	rem	x2,x1,x15	  x1:0x00000000 x15:0x00000000  x2=0x00000000
     440595.000 ns	     44058	80009170	dc2cdfb7	lui	x31,0xdc2cd	 x31=0xdc2cd000
     440605.000 ns	     44059	80009174	017e6733	or	x14,x28,x23	 x28:0xffffffff x23:0x00000fbb x14=0xffffffff
     440625.000 ns	     44061	80009178	205729d3	fsgnjx.s	f19,f14,f5	 f14:0x462a0000  f5:0x00000000 f19=0x462a0000
     440645.000 ns	     44063	8000917c	01ef9493	slli	x9,x31,0x1e	 x31:0xdc2cd000  x9=0x00000000
     440655.000 ns	     44064	80009180	906e3793	sltiu	x15,x28,-1786	 x28:0xffffffff x15=0x00000000
     440665.000 ns	     44065	80009184	268bc0b7	lui	x1,0x268bc	  x1=0x268bc000
     440675.000 ns	     44066	80009188	008570b3	and	x1,x10,x8	 x10:0x18000000  x8:0xffffffff  x1=0x18000000
     440685.000 ns	     44067	8000918c	bae6f113	andi	x2,x13,-1106	 x13:0x00000000  x2=0x00000000
     440695.000 ns	     44068	80009190	47d72c13	slti	x24,x14,1149	 x14:0xffffffff x24=0x00000001
     440715.000 ns	     44070	80009194	212b8ed3	fsgnj.s	f29,f23,f18	 f23:0x74eef698 f18:0x00000000 f29=0x74eef698
     440735.000 ns	     44072	80009198	01889233	sll	x4,x17,x24	 x17:0x18000062 x24:0x00000000  x4=0x300000c4
     440755.000 ns	     44074	8000919c	a0af0e53	fle.s	x28,f30,f10	 f30:0x00000000 f10:0x00000000 x28=0x00000001
     440775.000 ns	     44076	800091a0	412e0333	sub	x6,x28,x18	 x28:0xffffffff x18:0x0774f0b0  x6=0xf88b0f51
     440795.000 ns	     44078	800091a4	218aa553	fsgnjx.s	f10,f21,f24	 f21:0x450056e5 f24:0x7fc00000 f10=0x450056e5
     440815.000 ns	     44080	800091a8	0194d893	srli	x17,x9,0x19	  x9:0x00000000 x17=0x00000000
     440825.000 ns	     44081	800091ac	00b842b3	xor	x5,x16,x11	 x16:0x5f080000 x11:0x44000000  x5=0x1b080000
     440845.000 ns	     44083	800091b0	03939933	mulh	x18,x7,x25	  x7:0x00000001 x25:0x00000010 x18=0x00000000
     440875.000 ns	     44086	800091b4	e0001cd3	fclass.s	x25,f0	  f0:0x7fc00000 x25=0x00000200
     440895.000 ns	     44088	800091b8	0d779097	auipc	x1,0xd779	  x1=0x8d7821b8
     440915.000 ns	     44090	800091bc	a0d72b53	feq.s	x22,f14,f13	 f14:0x462a0000 f13:0x4f000410 x22=0x00000000
     440945.000 ns	     44093	800091c0	c013bb53	fcvt.wu.s	x22,f7	  f7:0x7fc00000 x22=0xffffffff
     440965.000 ns	     44095	800091c4	8b2ab693	sltiu	x13,x21,-1870	 x21:0xffffff9e x13=0x00000000
     440985.000 ns	     44097	800091c8	29c70c53	fmin.s	f24,f14,f28	 f14:0x462a0000 f28:0xffc00000 f24=0x462a0000
     441015.000 ns	     44100	800091cc	28a71653	fmax.s	f12,f14,f10	 f14:0x462a0000 f10:0x450056e5 f12=0x462a0000
     441055.000 ns	     44104	800091d0	19a8fbd3	fdiv.s	f23,f17,f26	 f17:0x7fc00000 f26:0x00000000 f23=0x7fc00000
     441075.000 ns	     44106	800091d4	4b3b4fb7	lui	x31,0x4b3b4	 x31=0x4b3b4000
     441105.000 ns	     44109	800091d8	19a47553	fdiv.s	f10,f8,f26	  f8:0xbb00ae04 f26:0x00000000 f10=0xff800000
     441135.000 ns	     44112	800091dc	a08586d3	fle.s	x13,f11,f8	 f11:0x4eaa023e  f8:0xbb00ae04 x13=0x00000000
     441155.000 ns	     44114	800091e0	9f4c6f13	ori	x30,x24,-1548	 x24:0x00000001 x30=0xfffff9f5
     441175.000 ns	     44116	800091e4	d004f253	fcvt.s.w	f4,x9	  x9:0x00000000  f4=0x00000000
     441545.000 ns	     44153	800091e8	0378d833	divu	x16,x17,x23	 x17:0x00000000 x23:0x00000fbb x16=0x00000000
     441565.000 ns	     44155	800091ec	6037e893	ori	x17,x15,1539	 x15:0x00000000 x17=0x00000603
     441585.000 ns	     44157	800091f0	d01928d3	fcvt.s.wu	f17,x18	 x18:0x00000000 f17=0x00000000
     441615.000 ns	     44160	800091f4	c0177853	fcvt.wu.s	x16,f14	 f14:0x462a0000 x16=0x00002a80
     441635.000 ns	     44162	800091f8	7bdf2513	slti	x10,x30,1981	 x30:0xfffff9f5 x10=0x00000001
     441655.000 ns	     44164	800091fc	d00bfad3	fcvt.s.w	f21,x23	 x23:0x00000fbb f21=0x457bb000
     441685.000 ns	     44167	80009200	0237c5b3	div	x11,x15,x3	 x15:0x00000000  x3:0x00000000 x11=0xffffffff
     441705.000 ns	     44169	80009204	68762293	slti	x5,x12,1671	 x12:0x00000001  x5=0x00000001
     441725.000 ns	     44171	80009208	03e707b3	mul	x15,x14,x30	 x14:0xffffffff x30:0xfffff9f5 x15=0x0000060b
     441745.000 ns	     44173	8000920c	fecda313	slti	x6,x27,-20	 x27:0x80041024  x6=0x00000001
     441765.000 ns	     44175	80009210	206f88d3	fsgnj.s	f17,f31,f6	 f31:0x7d4706bf  f6:0xceaa023e f17=0xfd4706bf
     441795.000 ns	     44178	80009214	0220b7b3	mulhu	x15,x1,x2	  x1:0x8d7821b8  x2:0x00000000 x15=0x00000000
     441825.000 ns	     44181	80009218	a199ac53	feq.s	x24,f19,f25	 f19:0x462a0000 f25:0x7fc00000 x24=0x00000000
     441855.000 ns	     44184	8000921c	a0019153	flt.s	x2,f3,f0	  f3:0x44000000  f0:0x7fc00000  x2=0x00000000
     441885.000 ns	     44187	80009220	f00a09d3	fmv.w.x	f19,x20	 x20:0x80040fe4 f19=0x80040fe4
     441915.000 ns	     44190	80009224	e00e82d3	fmv.x.w	x5,f29	 f29:0x74eef698  x5=0x74eef698
     441935.000 ns	     44192	80009228	009d8bb3	add	x23,x27,x9	 x27:0x80041024  x9:0x00000000 x23=0x80041024
     441945.000 ns	     44193	8000922c	01e74233	xor	x4,x14,x30	 x14:0xffffffff x30:0xfffff9f5  x4=0x0000060a
     441965.000 ns	     44195	80009230	a1e62353	feq.s	x6,f12,f30	 f12:0x462a0000 f30:0x00000000  x6=0x00000000
     442335.000 ns	     44232	80009234	02e1d833	divu	x16,x3,x14	  x3:0x00000000 x14:0xffffffff x16=0x00000000
     442355.000 ns	     44234	80009238	78753437	lui	x8,0x78753	  x8=0x78753000
     442395.000 ns	     44238	8000923c	011efc53	fadd.s	f24,f29,f17	 f29:0x74eef698 f17:0xfd4706bf f24=0xfd470647
     442425.000 ns	     44241	80009240	02205733	divu	x14,x0,x2	  x0:0x00000000  x2:0x00000000 x14=0xffffffff
     442445.000 ns	     44243	80009244	00a402b3	add	x5,x8,x10	  x8:0x78753000 x10:0x00000001  x5=0x78753001
     442805.000 ns	     44279	80009248	02e174b3	remu	x9,x2,x14	  x2:0x00000000 x14:0xffffffff  x9=0x00000000
     442835.000 ns	     44282	8000924c	29ef9ed3	fmax.s	f29,f31,f30	 f31:0x7d4706bf f30:0x00000000 f29=0x7d4706bf
     442865.000 ns	     44285	80009250	28228353	fmin.s	f6,f5,f2	  f5:0x00000000  f2:0x7fc00000  f6=0x00000000
     442885.000 ns	     44287	80009254	00820eb3	add	x29,x4,x8	  x4:0x0000060a  x8:0x78753000 x29=0x7875360a
     442895.000 ns	     44288	80009258	59a6f537	lui	x10,0x59a6f	 x10=0x59a6f000
     442915.000 ns	     44290	8000925c	20fa0053	fsgnj.s	f0,f20,f15	 f20:0x77fbeb6e f15:0xceffffff  f0=0xf7fbeb6e
     442935.000 ns	     44292	80009260	00a59813	slli	x16,x11,0xa	 x11:0xffffffff x16=0xfffffc00
     442945.000 ns	     44293	80009264	01bc42b3	xor	x5,x24,x27	 x24:0x00000000 x27:0x80041024  x5=0x80041024
     442965.000 ns	     44295	80009268	d00c7ad3	fcvt.s.w	f21,x24	 x24:0x00000000 f21=0x00000000
     442995.000 ns	     44298	8000926c	f00d06d3	fmv.w.x	f13,x26	 x26:0x00001540 f13=0x00001540
     443025.000 ns	     44301	80009270	21c6a953	fsgnjx.s	f18,f13,f28	 f13:0x4f000410 f28:0xffc00000 f18=0x80001540
     443055.000 ns	     44304	80009274	d010fbd3	fcvt.s.wu	f23,x1	  x1:0x8d7821b8 f23=0x4f0d7821
     443075.000 ns	     44306	80009278	00390b33	add	x22,x18,x3	 x18:0x00000000  x3:0x00000000 x22=0x00000000
     443435.000 ns	     44342	8000927c	03ca6833	rem	x16,x20,x28	 x20:0x80040fe4 x28:0x00000001 x16=0x00000000
     443455.000 ns	     44344	80009280	00939813	slli	x16,x7,0x9	  x7:0x00000001 x16=0x00000200
     443475.000 ns	     44346	80009284	034eb1b3	mulhu	x3,x29,x20	 x29:0x7875360a x20:0x80040fe4  x3=0x3c3c8453
     443495.000 ns	     44348	80009288	004c5593	srli	x11,x24,0x4	 x24:0x00000000 x11=0x00000000
     443515.000 ns	     44350	8000928c	e00c1653	fclass.s	x12,f24	 f24:0xfd470647 x12=0x00000002
     443545.000 ns	     44353	80009290	02688233	mul	x4,x17,x6	 x17:0x00000603  x6:0x00000000  x4=0x00000000
     443575.000 ns	     44356	80009294	c00b16d3	fcvt.w.s	x13,f22	 f22:0x450056e5 x13=0x00000805
     443595.000 ns	     44358	80009298	006d77b3	and	x15,x26,x6	 x26:0x00001540  x6:0x00000000 x15=0x00000000
     443605.000 ns	     44359	8000929c	aba5d0b7	lui	x1,0xaba5d	  x1=0xaba5d000
     443935.000 ns	     44392	800092a0	19fef853	fdiv.s	f16,f29,f31	 f29:0x7d4706bf f31:0x7d4706bf f16=0x3f4706c0
     443955.000 ns	     44394	800092a4	b31d0793	addi	x15,x26,-1231	 x26:0x00001540 x15=0x00001071
     443965.000 ns	     44395	800092a8	00b6d913	srli	x18,x13,0xb	 x13:0x00000805 x18=0x00000001
     444005.000 ns	     44399	800092ac	015e2fd3	fadd.s	f31,f28,f21	 f28:0xffc00000 f21:0x00000000 f31=0x7fc00000
     444375.000 ns	     44436	800092b0	03f854b3	divu	x9,x16,x31	 x16:0x00000200 x31:0x4b3b4000  x9=0x00000000
     444405.000 ns	     44439	800092b4	a0db88d3	fle.s	x17,f23,f13	 f23:0x4f0d7821 f13:0x00001540 x17=0x00000000
     444425.000 ns	     44441	800092b8	40e05813	srai	x16,x0,0xe	  x0:0x00000000 x16=0x00000000
     444445.000 ns	     44443	800092bc	20571853	fsgnjn.s	f16,f14,f5	 f14:0x462a0000  f5:0x00000000 f16=0xc62a0000
     444465.000 ns	     44445	800092c0	00000013	addi	x0,x0,0	  x0:0x00000000
     444475.000 ns	     44446	800092c4	40475c93	srai	x25,x14,0x4	 x14:0xffffffff x25=0xffffffff
     444495.000 ns	     44448	800092c8	0336b5b3	mulhu	x11,x13,x19	 x13:0x00000805 x19:0xfc31c41b x11=0x000007e6
     444515.000 ns	     44450	800092cc	f41c7813	andi	x16,x24,-191	 x24:0x00000000 x16=0x00000000
     444555.000 ns	     44454	800092d0	01df4d53	fadd.s	f26,f30,f29	 f30:0x00000000 f29:0x7d4706bf f26=0x7d4706bf
     444585.000 ns	     44457	800092d4	d01d73d3	fcvt.s.wu	f7,x26	 x26:0x00001540  f7=0x45aa0000
     444635.000 ns	     44462	800092d8	080a36d3	fsub.s	f13,f20,f0	 f20:0x77fbeb6e  f0:0xf7fbeb6e f13=0x787beb6e
     444685.000 ns	     44467	800092dc	0162c5d3	fadd.s	f11,f5,f22	  f5:0x00000000 f22:0x450056e5 f11=0x450056e5
     444715.000 ns	     44470	800092e0	039ea133	mulhsu	x2,x29,x25	 x29:0x7875360a x25:0xffffffff  x2=0x78753609
     444735.000 ns	     44472	800092e4	70fffc13	andi	x24,x31,1807	 x31:0x4b3b4000 x24=0x00000000
     444755.000 ns	     44474	800092e8	20e127d3	fsgnjx.s	f15,f2,f14	  f2:0x7fc00000 f14:0x462a0000 f15=0x7fc00000
     444785.000 ns	     44477	800092ec	205a00d3	fsgnj.s	f1,f20,f5	 f20:0x77fbeb6e  f5:0x00000000  f1=0x77fbeb6e
     444805.000 ns	     44479	800092f0	01647733	and	x14,x8,x22	  x8:0x78753000 x22:0x00000000 x14=0x00000000
     444825.000 ns	     44481	800092f4	d00b9a53	fcvt.s.w	f20,x23	 x23:0x80041024 f20=0xcefff7df
     444845.000 ns	     44483	800092f8	00bf7333	and	x6,x30,x11	 x30:0xfffff9f5 x11:0x000007e6  x6=0x000001e4
     444855.000 ns	     44484	800092fc	c08f8717	auipc	x14,0xc08f8	 x14=0x409012fc
     444865.000 ns	     44485	80009300	001b1c13	slli	x24,x22,0x1	 x22:0x00000000 x24=0x00000000
     444875.000 ns	     44486	80009304	00e61133	sll	x2,x12,x14	 x12:0x00000002 x14:0x00000000  x2=0x20000000
     444895.000 ns	     44488	80009308	c0067ad3	fcvt.w.s	x21,f12	 f12:0x462a0000 x21=0x00002a80
     444925.000 ns	     44491	8000930c	028123b3	mulhsu	x7,x2,x8	  x2:0x78753609  x8:0x78753000  x7=0x0f0ea600
     444955.000 ns	     44494	80009310	026ab733	mulhu	x14,x21,x6	 x21:0x00002a80  x6:0x000001e4 x14=0x00000000
     444975.000 ns	     44496	80009314	4154d7b3	sra	x15,x9,x21	  x9:0x00000000 x21:0x00002a80 x15=0x00000000
     444985.000 ns	     44497	80009318	e997b493	sltiu	x9,x15,-359	 x15:0x00001071  x9=0x00000001
     445005.000 ns	     44499	8000931c	20b90553	fsgnj.s	f10,f18,f11	 f18:0x80001540 f11:0x450056e5 f10=0x00001540
     445035.000 ns	     44502	80009320	a01d8953	fle.s	x18,f27,f1	 f27:0x00000000  f1:0x77fbeb6e x18=0x00000001
     445075.000 ns	     44506	80009324	580dfb53	fsqrt.s	f22,f27	 f27:0x00000000 f22=0x00000000
     445115.000 ns	     44510	80009328	103011d3	fmul.s	f3,f0,f3	  f0:0xf7fbeb6e  f3:0x44000000  f3=0xfc7beb6e
     445145.000 ns	     44513	8000932c	03d9aab3	mulhsu	x21,x19,x29	 x19:0xfc31c41b x29:0x7875360a x21=0xfe3595dd
     445175.000 ns	     44516	80009330	c002a3d3	fcvt.w.s	x7,f5	  f5:0x00000000  x7=0x00000000
     445195.000 ns	     44518	80009334	33b8df17	auipc	x30,0x33b8d	 x30=0xb3b96334
     445555.000 ns	     44554	80009338	02d07133	remu	x2,x0,x13	  x0:0x00000000 x13:0x00000805  x2=0x00000000
     445585.000 ns	     44557	8000933c	e0040cd3	fmv.x.w	x25,f8	  f8:0xbb00ae04 x25=0xbb00ae04
     445615.000 ns	     44560	80009340	f00e8853	fmv.w.x	f16,x29	 x29:0x7875360a f16=0x7875360a
     445635.000 ns	     44562	80009344	fcad3293	sltiu	x5,x26,-54	 x26:0x00001540  x5=0x00000001
     445645.000 ns	     44563	80009348	8e917093	andi	x1,x2,-1815	  x2:0x00000000  x1=0x00000000
     445655.000 ns	     44564	8000934c	0111db13	srli	x22,x3,0x11	  x3:0x3c3c8453 x22=0x00001e1e
     445675.000 ns	     44566	80009350	a0d42d53	feq.s	x26,f8,f13	  f8:0xbb00ae04 f13:0x787beb6e x26=0x00000000
     445705.000 ns	     44569	80009354	0220b0b3	mulhu	x1,x1,x2	  x1:0x00000000  x2:0x00000000  x1=0x00000000
     445725.000 ns	     44571	80009358	07980e13	addi	x28,x16,121	 x16:0x00000000 x28=0x00000079
     445765.000 ns	     44575	8000935c	09f9af53	fsub.s	f30,f19,f31	 f19:0x80040fe4 f31:0x7fc00000 f30=0x7fc00000
     445795.000 ns	     44578	80009360	a0c192d3	flt.s	x5,f3,f12	  f3:0xfc7beb6e f12:0x462a0000  x5=0x00000001
     445835.000 ns	     44582	80009364	109e4353	fmul.s	f6,f28,f9	 f28:0xffc00000  f9:0xffc00000  f6=0x7fc00000
     446205.000 ns	     44619	80009368	037ed8b3	divu	x17,x29,x23	 x29:0x7875360a x23:0x80041024 x17=0x00000000
     446235.000 ns	     44622	8000936c	c01b70d3	fcvt.wu.s	x1,f22	 f22:0x00000000  x1=0x00000000
     446285.000 ns	     44627	80009370	014ff9d3	fadd.s	f19,f31,f20	 f31:0x7fc00000 f20:0xcefff7df f19=0x7fc00000
     446305.000 ns	     44629	80009374	37d07e13	andi	x28,x0,893	  x0:0x00000000 x28=0x00000000
     446325.000 ns	     44631	80009378	a0200353	fle.s	x6,f0,f2	  f0:0xf7fbeb6e  f2:0x7fc00000  x6=0x00000000
     446355.000 ns	     44634	8000937c	a1c39553	flt.s	x10,f7,f28	  f7:0x45aa0000 f28:0xffc00000 x10=0x00000000
     446375.000 ns	     44636	80009380	00738433	add	x8,x7,x7	  x7:0x00000000  x7:0x00000000  x8=0x00000000
     446735.000 ns	     44672	80009384	0329c033	div	x0,x19,x18	 x19:0xfc31c41b x18:0x00000001
     446755.000 ns	     44674	80009388	01b1fab3	and	x21,x3,x27	  x3:0x3c3c8453 x27:0x80041024 x21=0x00040000
     446765.000 ns	     44675	8000938c	35ba7113	andi	x2,x20,859	 x20:0x80040fe4  x2=0x00000340
     446775.000 ns	     44676	80009390	eb557613	andi	x12,x10,-331	 x10:0x00000000 x12=0x00000000
     446795.000 ns	     44678	80009394	28718953	fmin.s	f18,f3,f7	  f3:0xfc7beb6e  f7:0x45aa0000 f18=0xfc7beb6e
     446815.000 ns	     44680	80009398	01769b13	slli	x22,x13,0x17	 x13:0x00000805 x22=0x02800000
     446835.000 ns	     44682	8000939c	c01f81d3	fcvt.wu.s	x3,f31	 f31:0x7fc00000  x3=0xffffffff
     446885.000 ns	     44687	800093a0	012dffd3	fadd.s	f31,f27,f18	 f27:0x00000000 f18:0xfc7beb6e f31=0xfc7beb6e
     446905.000 ns	     44689	800093a4	00be2733	slt	x14,x28,x11	 x28:0x00000000 x11:0x000007e6 x14=0x00000001
     446915.000 ns	     44690	800093a8	01119633	sll	x12,x3,x17	  x3:0xffffffff x17:0x00000000 x12=0xffffffff
     446925.000 ns	     44691	800093ac	01de9933	sll	x18,x29,x29	 x29:0x7875360a x29:0x7875360a x18=0xd4d82800
     446945.000 ns	     44693	800093b0	02c13eb3	mulhu	x29,x2,x12	  x2:0x00000340 x12:0x00000000 x29=0x0000033f
     446975.000 ns	     44696	800093b4	a0c980d3	fle.s	x1,f19,f12	 f19:0x7fc00000 f12:0x462a0000  x1=0x00000000
     447005.000 ns	     44699	800093b8	f00c0353	fmv.w.x	f6,x24	 x24:0x00000000  f6=0x00000000
     447035.000 ns	     44702	800093bc	03a47eb3	remu	x29,x8,x26	  x8:0x00000000 x26:0x00000000 x29=0x00000000
     447055.000 ns	     44704	800093c0	40afd193	srai	x3,x31,0xa	 x31:0x4b3b4000  x3=0x0012ced0
     447065.000 ns	     44705	800093c4	3778cb97	auipc	x23,0x3778c	 x23=0xb77953c4
     447075.000 ns	     44706	800093c8	08dd6eb7	lui	x29,0x8dd6	 x29=0x08dd6000
     447095.000 ns	     44708	800093cc	03d11fb3	mulh	x31,x2,x29	  x2:0x00000340 x29:0x00000000 x31=0x0000001c
     447125.000 ns	     44711	800093d0	02f460b3	rem	x1,x8,x15	  x8:0x00000000 x15:0x00000000  x1=0x00000000
     447495.000 ns	     44748	800093d4	02b663b3	rem	x7,x12,x11	 x12:0xffffffff x11:0x000007e6  x7=0xffffffff
     447525.000 ns	     44751	800093d8	e00e8953	fmv.x.w	x18,f29	 f29:0x7d4706bf x18=0x7d4706bf
     447555.000 ns	     44754	800093dc	28cb9a53	fmax.s	f20,f23,f12	 f23:0x4f0d7821 f12:0x462a0000 f20=0x4f0d7821
     447605.000 ns	     44759	800093e0	01047753	fadd.s	f14,f8,f16	  f8:0xbb00ae04 f16:0x7875360a f14=0x7875360a
     447635.000 ns	     44762	800093e4	02096633	rem	x12,x18,x0	 x18:0x7d4706bf  x0:0x00000000 x12=0x7d4706bf
     447685.000 ns	     44767	800093e8	09822753	fsub.s	f14,f4,f24	  f4:0x00000000 f24:0xfd470647 f14=0x7d470647
     447715.000 ns	     44770	800093ec	e00b0ed3	fmv.x.w	x29,f22	 f22:0x00000000 x29=0x00000000
     447755.000 ns	     44774	800093f0	19478153	fdiv.s	f2,f15,f20	 f15:0x7fc00000 f20:0x4f0d7821  f2=0x7fc00000
     447785.000 ns	     44777	800093f4	02c91233	mulh	x4,x18,x12	 x18:0x7d4706bf x12:0x7d4706bf  x4=0x3d4e704b
     447805.000 ns	     44779	800093f8	89244c13	xori	x24,x8,-1902	  x8:0x00000000 x24=0xfffff892
     448165.000 ns	     44815	800093fc	02daffb3	remu	x31,x21,x13	 x21:0x00040000 x13:0x00000805 x31=0x00000585
     448195.000 ns	     44818	80009400	28e30053	fmin.s	f0,f6,f14	  f6:0x00000000 f14:0x7d470647  f0=0x00000000
     448225.000 ns	     44821	80009404	21942653	fsgnjx.s	f12,f8,f25	  f8:0xbb00ae04 f25:0x7fc00000 f12=0xbb00ae04
     448265.000 ns	     44825	80009408	5807f653	fsqrt.s	f12,f15	 f15:0x7fc00000 f12=0x7fc00000
     448295.000 ns	     44828	8000940c	e00081d3	fmv.x.w	x3,f1	  f1:0x77fbeb6e  x3=0x77fbeb6e
     448325.000 ns	     44831	80009410	0397a2b3	mulhsu	x5,x15,x25	 x15:0x00000000 x25:0xbb00ae04  x5=0x00000000
     448355.000 ns	     44834	80009414	d0047453	fcvt.s.w	f8,x8	  x8:0x00000000  f8=0x00000000
     448375.000 ns	     44836	80009418	43b64b93	xori	x23,x12,1083	 x12:0x7d4706bf x23=0x7d470284
     448395.000 ns	     44838	8000941c	d015a9d3	fcvt.s.wu	f19,x11	 x11:0x000007e6 f19=0x44fcc000
     448415.000 ns	     44840	80009420	406d5d13	srai	x26,x26,0x6	 x26:0x00000000 x26=0x00000000
     448435.000 ns	     44842	80009424	d018f7d3	fcvt.s.wu	f15,x17	 x17:0x00000000 f15=0x00000000
     448465.000 ns	     44845	80009428	c0027453	fcvt.w.s	x8,f4	  f4:0x00000000  x8=0x00000000
     448485.000 ns	     44847	8000942c	8c82eb13	ori	x22,x5,-1848	  x5:0x00000000 x22=0xfffff8c8
     448845.000 ns	     44883	80009430	02bb4233	div	x4,x22,x11	 x22:0x02800000 x11:0x000007e6  x4=0x00000000
     448865.000 ns	     44885	80009434	01dfc0b3	xor	x1,x31,x29	 x31:0x00000585 x29:0x00000000  x1=0x00000585
     448885.000 ns	     44887	80009438	20919a53	fsgnjn.s	f20,f3,f9	  f3:0xfc7beb6e  f9:0xffc00000 f20=0x7c7beb6e
     448905.000 ns	     44889	8000943c	853c7f93	andi	x31,x24,-1965	 x24:0xfffff892 x31=0xfffff812
     448915.000 ns	     44890	80009440	5f47c013	xori	x0,x15,1524	 x15:0x00000000
     448925.000 ns	     44891	80009444	00277033	and	x0,x14,x2	 x14:0x00000001  x2:0x00000340
     448945.000 ns	     44893	80009448	034f2333	mulhsu	x6,x30,x20	 x30:0xb3b96334 x20:0x80040fe4  x6=0xd9db7bc3
     448965.000 ns	     44895	8000944c	06016113	ori	x2,x2,96	  x2:0x00000340  x2=0x00000360
     448975.000 ns	     44896	80009450	000be933	or	x18,x23,x0	 x23:0x7d470284  x0:0x00000000 x18=0x7d470284
     449005.000 ns	     44899	80009454	5802b553	fsqrt.s	f10,f5	  f5:0x00000000 f10=0x00000000
     449035.000 ns	     44902	80009458	e00210d3	fclass.s	x1,f4	  f4:0x00000000  x1=0x00000010
     449055.000 ns	     44904	8000945c	00000013	addi	x0,x0,0	  x0:0x00000000
     449075.000 ns	     44906	80009460	29ec0053	fmin.s	f0,f24,f30	 f24:0xfd470647 f30:0x7fc00000  f0=0xfd470647
     449105.000 ns	     44909	80009464	d01bbbd3	fcvt.s.wu	f23,x23	 x23:0x7d470284 f23=0x4efa8e06
     449125.000 ns	     44911	80009468	e49e6f13	ori	x30,x28,-439	 x28:0x00000000 x30=0xfffffe49
     449145.000 ns	     44913	8000946c	02c71733	mulh	x14,x14,x12	 x14:0x00000001 x12:0x7d4706bf x14=0x00000000
     449175.000 ns	     44916	80009470	e00e04d3	fmv.x.w	x9,f28	 f28:0xffc00000  x9=0xffc00000
     449205.000 ns	     44919	80009474	282e83d3	fmin.s	f7,f29,f2	 f29:0x7d4706bf  f2:0x7fc00000  f7=0x7d4706bf
     449235.000 ns	     44922	80009478	02391fb3	mulh	x31,x18,x3	 x18:0x7d470284  x3:0x77fbeb6e x31=0x3ab74a00
     449265.000 ns	     44925	8000947c	c00878d3	fcvt.w.s	x17,f16	 f16:0x7875360a x17=0x7fffffff
     449285.000 ns	     44927	80009480	a26507b7	lui	x15,0xa2650	 x15=0xa2650000
     449295.000 ns	     44928	80009484	41980433	sub	x8,x16,x25	 x16:0x00000000 x25:0xbb00ae04  x8=0x44ff51fc
     449315.000 ns	     44930	80009488	20201b53	fsgnjn.s	f22,f0,f2	  f0:0xfd470647  f2:0x7fc00000 f22=0xfd470647
     449345.000 ns	     44933	8000948c	20a829d3	fsgnjx.s	f19,f16,f10	 f16:0x7875360a f10:0x00000000 f19=0x7875360a
     449375.000 ns	     44936	80009490	c0141e53	fcvt.wu.s	x28,f8	  f8:0x00000000 x28=0x00000000
     449405.000 ns	     44939	80009494	a13e08d3	fle.s	x17,f28,f19	 f28:0xffc00000 f19:0x7875360a x17=0x00000000
     449435.000 ns	     44942	80009498	f00605d3	fmv.w.x	f11,x12	 x12:0x7d4706bf f11=0x7d4706bf
     449455.000 ns	     44944	8000949c	01b2ecb3	or	x25,x5,x27	  x5:0x00000000 x27:0x80041024 x25=0x80041024
     449475.000 ns	     44946	800094a0	0323b233	mulhu	x4,x7,x18	  x7:0xffffffff x18:0x7d470284  x4=0x7d470283
     449815.000 ns	     44980	800094a4	18b591d3	fdiv.s	f3,f11,f11	 f11:0x7d4706bf f11:0x7d4706bf  f3=0x3f4706c0
     449845.000 ns	     44983	800094a8	20b390d3	fsgnjn.s	f1,f7,f11	  f7:0x7d4706bf f11:0x7d4706bf  f1=0xfd4706bf
     449865.000 ns	     44985	800094ac	40afdb93	srai	x23,x31,0xa	 x31:0x3ab74a00 x23=0x000eadd2
     449885.000 ns	     44987	800094b0	02a22833	mulhsu	x16,x4,x10	  x4:0x7d470283 x10:0x00000000 x16=0x00000000
     449915.000 ns	     44990	800094b4	207c2e53	fsgnjx.s	f28,f24,f7	 f24:0xfd470647  f7:0x7d4706bf f28=0xfd470647
     449935.000 ns	     44992	800094b8	00c4abb3	slt	x23,x9,x12	  x9:0xffc00000 x12:0x7d4706bf x23=0x00000001
     449945.000 ns	     44993	800094bc	40d45433	sra	x8,x8,x13	  x8:0x44ff51fc x13:0x00000805  x8=0x0227fa8f
     449955.000 ns	     44994	800094c0	017b9913	slli	x18,x23,0x17	 x23:0x000eadd2 x18=0x00800000
     449965.000 ns	     44995	800094c4	01591013	slli	x0,x18,0x15	 x18:0x7d470284
     450325.000 ns	     45031	800094c8	02b1d0b3	divu	x1,x3,x11	  x3:0x77fbeb6e x11:0x000007e6  x1=0x000f30dc
     450355.000 ns	     45034	800094cc	c00878d3	fcvt.w.s	x17,f16	 f16:0x7875360a x17=0x7fffffff
     450375.000 ns	     45036	800094d0	006491b3	sll	x3,x9,x6	  x9:0xffc00000  x6:0xd9db7bc3  x3=0xfe000000
     450385.000 ns	     45037	800094d4	00000013	addi	x0,x0,0	  x0:0x00000000
     450405.000 ns	     45039	800094d8	20c49bd3	fsgnjn.s	f23,f9,f12	  f9:0xffc00000 f12:0x7fc00000 f23=0xffc00000
     450435.000 ns	     45042	800094dc	a1688bd3	fle.s	x23,f17,f22	 f17:0xfd4706bf f22:0xfd470647 x23=0x00000001
     450465.000 ns	     45045	800094e0	02e737b3	mulhu	x15,x14,x14	 x14:0x00000000 x14:0x00000000 x15=0x00000000
     450485.000 ns	     45047	800094e4	fc2c3513	sltiu	x10,x24,-62	 x24:0xfffff892 x10=0x00000001
     450495.000 ns	     45048	800094e8	003ab833	sltu	x16,x21,x3	 x21:0x00040000  x3:0xfe000000 x16=0x00000001
     450525.000 ns	     45051	800094ec	1192b8d3	fmul.s	f17,f5,f25	  f5:0x00000000 f25:0x7fc00000 f17=0x7fc00000
     450545.000 ns	     45053	800094f0	419e0733	sub	x14,x28,x25	 x28:0x00000000 x25:0x80041024 x14=0x7ffbefdc
     450565.000 ns	     45055	800094f4	03c16733	rem	x14,x2,x28	  x2:0x00000360 x28:0x00000000 x14=0x00000360
     450585.000 ns	     45057	800094f8	00882533	slt	x10,x16,x8	 x16:0x00000001  x8:0x0227fa8f x10=0x00000001
     450625.000 ns	     45061	800094fc	0970f5d3	fsub.s	f11,f1,f23	  f1:0xfd4706bf f23:0xffc00000 f11=0x7fc00000
     450645.000 ns	     45063	80009500	601b4213	xori	x4,x22,1537	 x22:0xfffff8c8  x4=0xfffffec9
     450665.000 ns	     45065	80009504	e0030753	fmv.x.w	x14,f6	  f6:0x00000000 x14=0x00000000
     450695.000 ns	     45068	80009508	c0198953	fcvt.wu.s	x18,f19	 f19:0x7875360a x18=0xffffffff
     450725.000 ns	     45071	8000950c	205724d3	fsgnjx.s	f9,f14,f5	 f14:0x7d470647  f5:0x00000000  f9=0x7d470647
     450755.000 ns	     45074	80009510	c00ec7d3	fcvt.w.s	x15,f29	 f29:0x7d4706bf x15=0x7fffffff
     450785.000 ns	     45077	80009514	e0050253	fmv.x.w	x4,f10	 f10:0x00000000  x4=0x00000000
     450815.000 ns	     45080	80009518	d0083e53	fcvt.s.w	f28,x16	 x16:0x00000001 f28=0x3f800000
     450845.000 ns	     45083	8000951c	a1689cd3	flt.s	x25,f17,f22	 f17:0x7fc00000 f22:0xfd470647 x25=0x00000000
     450875.000 ns	     45086	80009520	f00c8653	fmv.w.x	f12,x25	 x25:0x80041024 f12=0x00000000
     450895.000 ns	     45088	80009524	9476f813	andi	x16,x13,-1721	 x13:0x00000805 x16=0x00000805
     450905.000 ns	     45089	80009528	01ddbab3	sltu	x21,x27,x29	 x27:0x80041024 x29:0x00000000 x21=0x00000000
     451265.000 ns	     45125	8000952c	03b5e8b3	rem	x17,x11,x27	 x11:0x000007e6 x27:0x80041024 x17=0x000007e6
     451285.000 ns	     45127	80009530	5e5a46b7	lui	x13,0x5e5a4	 x13=0x5e5a4000
     451295.000 ns	     45128	80009534	55e0b613	sltiu	x12,x1,1374	  x1:0x000f30dc x12=0x00000000
     452465.000 ns	     45245	80009538	580d7853	fsqrt.s	f16,f26	 f26:0x7d4706bf f16=0x5e0cbb9a
     452505.000 ns	     45249	8000953c	118474d3	fmul.s	f9,f8,f24	  f8:0x00000000 f24:0xfd470647  f9=0x80000000
     452525.000 ns	     45251	80009540	db58e917	auipc	x18,0xdb58e	 x18=0x5b597540
     452565.000 ns	     45255	80009544	0080fe53	fadd.s	f28,f1,f8	  f1:0xfd4706bf  f8:0x00000000 f28=0xfd4706bf
     452585.000 ns	     45257	80009548	90df3e13	sltiu	x28,x30,-1779	 x30:0xfffffe49 x28=0x00000000
     452625.000 ns	     45261	8000954c	00eff4d3	fadd.s	f9,f31,f14	 f31:0xfc7beb6e f14:0x7d470647  f9=0x7d080b6b
     452645.000 ns	     45263	80009550	01eed813	srli	x16,x29,0x1e	 x29:0x00000000 x16=0x00000000
     452655.000 ns	     45264	80009554	004291b3	sll	x3,x5,x4	  x5:0x00000000  x4:0x00000000  x3=0x00000000
     452675.000 ns	     45266	80009558	29be03d3	fmin.s	f7,f28,f27	 f28:0xfd4706bf f27:0x00000000  f7=0xfd4706bf
     452705.000 ns	     45269	8000955c	291691d3	fmax.s	f3,f13,f17	 f13:0x787beb6e f17:0x7fc00000  f3=0x787beb6e
     453075.000 ns	     45306	80009560	0368c433	div	x8,x17,x22	 x17:0x000007e6 x22:0xfffff8c8  x8=0xffffffff
     453095.000 ns	     45308	80009564	000bbf33	sltu	x30,x23,x0	 x23:0x00000001  x0:0x00000000 x30=0x00000000
     453115.000 ns	     45310	80009568	200c23d3	fsgnjx.s	f7,f24,f0	 f24:0xfd470647  f0:0xfd470647  f7=0x7d470647
     453135.000 ns	     45312	8000956c	bfa35197	auipc	x3,0xbfa35	  x3=0x3fa3e56c
     453145.000 ns	     45313	80009570	004e1f13	slli	x30,x28,0x4	 x28:0x00000000 x30=0x00000000
     453155.000 ns	     45314	80009574	00000013	addi	x0,x0,0	  x0:0x00000000
     453175.000 ns	     45316	80009578	21afa953	fsgnjx.s	f18,f31,f26	 f31:0xfc7beb6e f26:0x7d4706bf f18=0xfc7beb6e
     453205.000 ns	     45319	8000957c	20560f53	fsgnj.s	f30,f12,f5	 f12:0x00000000  f5:0x00000000 f30=0x00000000
     453255.000 ns	     45324	80009580	00d7f753	fadd.s	f14,f15,f13	 f15:0x00000000 f13:0x787beb6e f14=0x787beb6e
     453285.000 ns	     45327	80009584	d00a7753	fcvt.s.w	f14,x20	 x20:0x80040fe4 f14=0xcefff7e0
     453305.000 ns	     45329	80009588	a04c3393	sltiu	x7,x24,-1532	 x24:0xfffff892  x7=0x00000001
     453345.000 ns	     45333	8000958c	084dffd3	fsub.s	f31,f27,f4	 f27:0x00000000  f4:0x00000000 f31=0x80000000
     453365.000 ns	     45335	80009590	000bfe33	and	x28,x23,x0	 x23:0x00000001  x0:0x00000000 x28=0x00000000
     453385.000 ns	     45337	80009594	d00e7cd3	fcvt.s.w	f25,x28	 x28:0x00000000 f25=0x00000000
     453425.000 ns	     45341	80009598	195df653	fdiv.s	f12,f27,f21	 f27:0x00000000 f21:0x00000000 f12=0x7fc00000
     453455.000 ns	     45344	8000959c	28d89ed3	fmax.s	f29,f17,f13	 f17:0x7fc00000 f13:0x787beb6e f29=0x787beb6e
     453485.000 ns	     45347	800095a0	a17a1153	flt.s	x2,f20,f23	 f20:0x7c7beb6e f23:0xffc00000  x2=0x00000000
     453515.000 ns	     45350	800095a4	03fe9033	mulh	x0,x29,x31	 x29:0x00000000 x31:0x3ab74a00
     453545.000 ns	     45353	800095a8	a05c0e53	fle.s	x28,f24,f5	 f24:0xfd470647  f5:0x00000000 x28=0x00000001
     453575.000 ns	     45356	800095ac	203b82d3	fsgnj.s	f5,f23,f3	 f23:0xffc00000  f3:0x787beb6e  f5=0x7fc00000
     453595.000 ns	     45358	800095b0	00715513	srli	x10,x2,0x7	  x2:0x00000000 x10=0x00000000
     453615.000 ns	     45360	800095b4	a0f9ab53	feq.s	x22,f19,f15	 f19:0x7875360a f15:0x00000000 x22=0x00000000
     453645.000 ns	     45363	800095b8	a05e8253	fle.s	x4,f29,f5	 f29:0x787beb6e  f5:0x7fc00000  x4=0x00000000
     453665.000 ns	     45365	800095bc	0026c1b3	xor	x3,x13,x2	 x13:0x5e5a4000  x2:0x00000000  x3=0x5e5a4000
     453675.000 ns	     45366	800095c0	1a2fc493	xori	x9,x31,418	 x31:0x3ab74a00  x9=0x3ab74ba2
     453695.000 ns	     45368	800095c4	202daed3	fsgnjx.s	f29,f27,f2	 f27:0x00000000  f2:0x7fc00000 f29=0x00000000
     453715.000 ns	     45370	800095c8	009b6c33	or	x24,x22,x9	 x22:0x00000000  x9:0xffc00000 x24=0x3ab74ba2
     453725.000 ns	     45371	800095cc	bb391097	auipc	x1,0xbb391	  x1=0x3b39a5cc
     453735.000 ns	     45372	800095d0	e4802c13	slti	x24,x0,-440	  x0:0x00000000 x24=0x00000000
     453745.000 ns	     45373	800095d4	eeb206b7	lui	x13,0xeeb20	 x13=0xeeb20000
     453755.000 ns	     45374	800095d8	9a67ac13	slti	x24,x15,-1626	 x15:0x7fffffff x24=0x00000000
     453775.000 ns	     45376	800095dc	039aeeb3	rem	x29,x21,x25	 x21:0x00000000 x25:0x00000000 x29=0x00000000
     453795.000 ns	     45378	800095e0	407951b3	sra	x3,x18,x7	 x18:0x5b597540  x7:0x00000001  x3=0x2dacbaa0
     453805.000 ns	     45379	800095e4	955db313	sltiu	x6,x27,-1707	 x27:0x80041024  x6=0x00000001
     453825.000 ns	     45381	800095e8	28660353	fmin.s	f6,f12,f6	 f12:0x7fc00000  f6:0x00000000  f6=0x00000000
     453845.000 ns	     45383	800095ec	418c5b13	srai	x22,x24,0x18	 x24:0x00000000 x22=0x00000000
     453865.000 ns	     45385	800095f0	d0047b53	fcvt.s.w	f22,x8	  x8:0xffffffff f22=0xbf800000
     453915.000 ns	     45390	800095f4	01860553	fadd.s	f10,f12,f24	 f12:0x7fc00000 f24:0xfd470647 f10=0x7fc00000
     453935.000 ns	     45392	800095f8	d6c7b193	sltiu	x3,x15,-660	 x15:0x7fffffff  x3=0x00000001
     453955.000 ns	     45394	800095fc	e00591d3	fclass.s	x3,f11	 f11:0x7fc00000  x3=0x00000200
     453985.000 ns	     45397	80009600	03220433	mul	x8,x4,x18	  x4:0x00000000 x18:0x5b597540  x8=0x00000000
     454005.000 ns	     45399	80009604	015f6533	or	x10,x30,x21	 x30:0x00000000 x21:0x00000000 x10=0x00000000
     454025.000 ns	     45401	80009608	0209d533	divu	x10,x19,x0	 x19:0xfc31c41b  x0:0x00000000 x10=0xffffffff
     454065.000 ns	     45405	8000960c	580400d3	fsqrt.s	f1,f8	  f8:0x00000000  f1=0x00000000
     454085.000 ns	     45407	80009610	74ae0513	addi	x10,x28,1866	 x28:0x00000001 x10=0x0000074b
     454105.000 ns	     45409	80009614	a10d92d3	flt.s	x5,f27,f16	 f27:0x00000000 f16:0x5e0cbb9a  x5=0x00000001
     454135.000 ns	     45412	80009618	c015f453	fcvt.wu.s	x8,f11	 f11:0x7fc00000  x8=0xffffffff
     454175.000 ns	     45416	8000961c	18c542d3	fdiv.s	f5,f10,f12	 f10:0x7fc00000 f12:0x7fc00000  f5=0x7fc00000
     454205.000 ns	     45419	80009620	c00cfcd3	fcvt.w.s	x25,f25	 f25:0x00000000 x25=0x00000000
     454245.000 ns	     45423	80009624	580e7ed3	fsqrt.s	f29,f28	 f28:0xfd4706bf f29=0x7fc00000
     454265.000 ns	     45425	80009628	00711733	sll	x14,x2,x7	  x2:0x00000000  x7:0x00000001 x14=0x00000000
     454285.000 ns	     45427	8000962c	21862fd3	fsgnjx.s	f31,f12,f24	 f12:0x7fc00000 f24:0xfd470647 f31=0xffc00000
     454315.000 ns	     45430	80009630	202d8ad3	fsgnj.s	f21,f27,f2	 f27:0x00000000  f2:0x7fc00000 f21=0x00000000
     454335.000 ns	     45432	80009634	00000013	addi	x0,x0,0	  x0:0x00000000
     454365.000 ns	     45435	80009638	1131fc53	fmul.s	f24,f3,f19	  f3:0x787beb6e f19:0x7875360a f24=0x7f800000
     454405.000 ns	     45439	8000963c	10aacc53	fmul.s	f24,f21,f10	 f21:0x00000000 f10:0x7fc00000 f24=0x7fc00000
     454435.000 ns	     45442	80009640	a1b4a653	feq.s	x12,f9,f27	  f9:0x7d080b6b f27:0x00000000 x12=0x00000000
     454465.000 ns	     45445	80009644	038e0033	mul	x0,x28,x24	 x28:0x00000001 x24:0x00000000
     454495.000 ns	     45448	80009648	f0040653	fmv.w.x	f12,x8	  x8:0xffffffff f12=0xffffffff
     454515.000 ns	     45450	8000964c	2ac2a613	slti	x12,x5,684	  x5:0x00000001 x12=0x00000001
     454535.000 ns	     45452	80009650	033c1c33	mulh	x24,x24,x19	 x24:0x00000000 x19:0xfc31c41b x24=0x00000000
     454565.000 ns	     45455	80009654	035a8ab3	mul	x21,x21,x21	 x21:0x00000000 x21:0x00000000 x21=0x00000000
     454585.000 ns	     45457	80009658	40435e13	srai	x28,x6,0x4	  x6:0x00000001 x28=0x00000000
     454595.000 ns	     45458	8000965c	01319b13	slli	x22,x3,0x13	  x3:0x00000200 x22=0x10000000
     454615.000 ns	     45460	80009660	d00f9fd3	fcvt.s.w	f31,x31	 x31:0x3ab74a00 f31=0x4e6add28
     454645.000 ns	     45463	80009664	02e3f6b3	remu	x13,x7,x14	  x7:0x00000001 x14:0x00000000 x13=0x00000001
     454685.000 ns	     45467	80009668	10490ed3	fmul.s	f29,f18,f4	 f18:0xfc7beb6e  f4:0x00000000 f29=0x80000000
     454705.000 ns	     45469	8000966c	446c6b13	ori	x22,x24,1094	 x24:0x00000000 x22=0x00000446
     454715.000 ns	     45470	80009670	2ca48613	addi	x12,x9,714	  x9:0x3ab74ba2 x12=0x3ab74e6c
     454735.000 ns	     45472	80009674	02f3ad33	mulhsu	x26,x7,x15	  x7:0x00000001 x15:0x7fffffff x26=0x00000000
     454765.000 ns	     45475	80009678	a05116d3	flt.s	x13,f2,f5	  f2:0x7fc00000  f5:0x7fc00000 x13=0x00000000
     454795.000 ns	     45478	8000967c	c0018753	fcvt.w.s	x14,f3	  f3:0x787beb6e x14=0x7fffffff
     454815.000 ns	     45480	80009680	aa73ce17	auipc	x28,0xaa73c	 x28=0x2a745680
     454835.000 ns	     45482	80009684	a1331ad3	flt.s	x21,f6,f19	  f6:0x00000000 f19:0x7875360a x21=0x00000001
     454855.000 ns	     45484	80009688	001c9f93	slli	x31,x25,0x1	 x25:0x00000000 x31=0x00000000
     454865.000 ns	     45485	8000968c	3b50be93	sltiu	x29,x1,949	  x1:0x3b39a5cc x29=0x00000000
     454885.000 ns	     45487	80009690	e00d84d3	fmv.x.w	x9,f27	 f27:0x00000000  x9=0x00000000
     454915.000 ns	     45490	80009694	28168f53	fmin.s	f30,f13,f1	 f13:0x787beb6e  f1:0x00000000 f30=0x00000000
     454935.000 ns	     45492	80009698	00000013	addi	x0,x0,0	  x0:0x00000000
     455295.000 ns	     45528	8000969c	02f9cab3	div	x21,x19,x15	 x19:0xfc31c41b x15:0x7fffffff x21=0x00000000
     455315.000 ns	     45530	800096a0	e0808cb7	lui	x25,0xe0808	 x25=0xe0808000
     455335.000 ns	     45532	800096a4	f00806d3	fmv.w.x	f13,x16	 x16:0x00000000 f13=0x00000000
     455365.000 ns	     45535	800096a8	d011f453	fcvt.s.wu	f8,x3	  x3:0x00000200  f8=0x44000000
     455385.000 ns	     45537	800096ac	00720233	add	x4,x4,x7	  x4:0x00000000  x7:0x00000001  x4=0x00000001
     455395.000 ns	     45538	800096b0	00950fb3	add	x31,x10,x9	 x10:0x0000074b  x9:0x00000000 x31=0x0000074b
     455425.000 ns	     45541	800096b4	104b84d3	fmul.s	f9,f23,f4	 f23:0xffc00000  f4:0x00000000  f9=0x7fc00000
     455455.000 ns	     45544	800096b8	c00d75d3	fcvt.w.s	x11,f26	 f26:0x7d4706bf x11=0x7fffffff
     455485.000 ns	     45547	800096bc	d002fa53	fcvt.s.w	f20,x5	  x5:0x00000001 f20=0x3f800000
     455505.000 ns	     45549	800096c0	00000013	addi	x0,x0,0	  x0:0x00000000
     455515.000 ns	     45550	800096c4	01daaeb3	slt	x29,x21,x29	 x21:0x00000000 x29:0x00000000 x29=0x00000000
     455535.000 ns	     45552	800096c8	a0150253	fle.s	x4,f10,f1	 f10:0x7fc00000  f1:0x00000000  x4=0x00000000
     455565.000 ns	     45555	800096cc	e0080e53	fmv.x.w	x28,f16	 f16:0x5e0cbb9a x28=0x5e0cbb9a
     455595.000 ns	     45558	800096d0	e0041f53	fclass.s	x30,f8	  f8:0x44000000 x30=0x00000040
     455615.000 ns	     45560	800096d4	01584f33	xor	x30,x16,x21	 x16:0x00000000 x21:0x00000000 x30=0x00000000
     455625.000 ns	     45561	800096d8	379bed13	ori	x26,x23,889	 x23:0x00000001 x26=0x00000379
     455635.000 ns	     45562	800096dc	01a7c1b3	xor	x3,x15,x26	 x15:0x7fffffff x26:0x00000000  x3=0x7ffffc86
     455675.000 ns	     45566	800096e0	09cf0f53	fsub.s	f30,f30,f28	 f30:0x00000000 f28:0xfd4706bf f30=0x7d4706bf
     456045.000 ns	     45603	800096e4	026a55b3	divu	x11,x20,x6	 x20:0x80040fe4  x6:0x00000001 x11=0x80040fe4
     456075.000 ns	     45606	800096e8	02a3a4b3	mulhsu	x9,x7,x10	  x7:0x00000001 x10:0x0000074b  x9=0x00000000
     456445.000 ns	     45643	800096ec	027e61b3	rem	x3,x28,x7	 x28:0x5e0cbb9a  x7:0x00000001  x3=0x00000000
     456475.000 ns	     45646	800096f0	d0199353	fcvt.s.wu	f6,x19	 x19:0xfc31c41b  f6=0x4f7c31c4
     456505.000 ns	     45649	800096f4	2149af53	fsgnjx.s	f30,f19,f20	 f19:0x7875360a f20:0x3f800000 f30=0x7875360a
     456535.000 ns	     45652	800096f8	a12302d3	fle.s	x5,f6,f18	  f6:0x4f7c31c4 f18:0xfc7beb6e  x5=0x00000000
     456565.000 ns	     45655	800096fc	20d89453	fsgnjn.s	f8,f17,f13	 f17:0x7fc00000 f13:0x00000000  f8=0xffc00000
     456595.000 ns	     45658	80009700	216aa153	fsgnjx.s	f2,f21,f22	 f21:0x00000000 f22:0xbf800000  f2=0x80000000
     456615.000 ns	     45660	80009704	41f75b13	srai	x22,x14,0x1f	 x14:0x7fffffff x22=0x00000000
     456635.000 ns	     45662	80009708	03d442b3	div	x5,x8,x29	  x8:0xffffffff x29:0x00000000  x5=0xffffffff
     456655.000 ns	     45664	8000970c	40b15b33	sra	x22,x2,x11	  x2:0x00000000 x11:0x80040fe4 x22=0x00000000
     456675.000 ns	     45666	80009710	f0050e53	fmv.w.x	f28,x10	 x10:0x0000074b f28=0x0000074b
     456705.000 ns	     45669	80009714	209e0853	fsgnj.s	f16,f28,f9	 f28:0xfd4706bf  f9:0x7fc00000 f16=0x0000074b
     456735.000 ns	     45672	80009718	e00714d3	fclass.s	x9,f14	 f14:0xcefff7e0  x9=0x00000002
     456755.000 ns	     45674	8000971c	014e8933	add	x18,x29,x20	 x29:0x00000000 x20:0x80040fe4 x18=0x80040fe4
     456765.000 ns	     45675	80009720	0c2e4393	xori	x7,x28,194	 x28:0x5e0cbb9a  x7=0x5e0cbb58
     456785.000 ns	     45677	80009724	a01d13d3	flt.s	x7,f26,f1	 f26:0x7d4706bf  f1:0x00000000  x7=0x00000000
     456805.000 ns	     45679	80009728	00031d33	sll	x26,x6,x0	  x6:0x00000001  x0:0x00000000 x26=0x00000001
     456825.000 ns	     45681	8000972c	20d811d3	fsgnjn.s	f3,f16,f13	 f16:0x0000074b f13:0x00000000  f3=0x8000074b
     456845.000 ns	     45683	80009730	002c0bb3	add	x23,x24,x2	 x24:0x00000000  x2:0x00000000 x23=0x00000000
     456855.000 ns	     45684	80009734	c4b86213	ori	x4,x16,-949	 x16:0x00000000  x4=0xfffffc4b
     456875.000 ns	     45686	80009738	030c4633	div	x12,x24,x16	 x24:0x00000000 x16:0x00000000 x12=0xffffffff
     456905.000 ns	     45689	8000973c	d01fba53	fcvt.s.wu	f20,x31	 x31:0x0000074b f20=0x44e96000
     456935.000 ns	     45692	80009740	d0187053	fcvt.s.wu	f0,x16	 x16:0x00000000  f0=0x00000000
     456965.000 ns	     45695	80009744	03909433	mulh	x8,x1,x25	  x1:0x3b39a5cc x25:0xe0808000  x8=0xf8b685b6
     456995.000 ns	     45698	80009748	a00ca6d3	feq.s	x13,f25,f0	 f25:0x00000000  f0:0x00000000 x13=0x00000001
     457025.000 ns	     45701	8000974c	020081b3	mul	x3,x1,x0	  x1:0x3b39a5cc  x0:0x00000000  x3=0x00000000
     457055.000 ns	     45704	80009750	d01ef7d3	fcvt.s.wu	f15,x29	 x29:0x00000000 f15=0x00000000
     457085.000 ns	     45707	80009754	d010be53	fcvt.s.wu	f28,x1	  x1:0x3b39a5cc f28=0x4e6ce698
     457115.000 ns	     45710	80009758	d01870d3	fcvt.s.wu	f1,x16	 x16:0x00000000  f1=0x00000000
     457135.000 ns	     45712	8000975c	019e65b3	or	x11,x28,x25	 x28:0x5e0cbb9a x25:0xe0808000 x11=0xfe8cbb9a
     457145.000 ns	     45713	80009760	018f2933	slt	x18,x30,x24	 x30:0x00000000 x24:0x00000000 x18=0x00000000
     457165.000 ns	     45715	80009764	c01e4653	fcvt.wu.s	x12,f28	 f28:0x4e6ce698 x12=0x3b39a600
     457215.000 ns	     45720	80009768	01c9fa53	fadd.s	f20,f19,f28	 f19:0x7875360a f28:0x4e6ce698 f20=0x7875360a
     457235.000 ns	     45722	8000976c	008cdc13	srli	x24,x25,0x8	 x25:0xe0808000 x24=0x00e08080
     457245.000 ns	     45723	80009770	005d3733	sltu	x14,x26,x5	 x26:0x00000001  x5:0xffffffff x14=0x00000001
     457275.000 ns	     45726	80009774	580678d3	fsqrt.s	f17,f12	 f12:0xffffffff f17=0x7fc00000
     457305.000 ns	     45729	80009778	295f9853	fmax.s	f16,f31,f21	 f31:0x4e6add28 f21:0x00000000 f16=0x4e6add28
     457325.000 ns	     45731	8000977c	41b35f13	srai	x30,x6,0x1b	  x6:0x00000001 x30=0x00000000
     457655.000 ns	     45764	80009780	19fa01d3	fdiv.s	f3,f20,f31	 f20:0x7875360a f31:0x4e6add28  f3=0x6975360a
     457695.000 ns	     45768	80009784	117bf853	fmul.s	f16,f23,f23	 f23:0xffc00000 f23:0xffc00000 f16=0x7fc00000
     457715.000 ns	     45770	80009788	40ea5bb3	sra	x23,x20,x14	 x20:0x80040fe4 x14:0x00000001 x23=0xc00207f2
     457735.000 ns	     45772	8000978c	21062dd3	fsgnjx.s	f27,f12,f16	 f12:0xffffffff f16:0x7fc00000 f27=0xffffffff
     457765.000 ns	     45775	80009790	d01b7b53	fcvt.s.wu	f22,x22	 x22:0x00000000 f22=0x00000000
     457795.000 ns	     45778	80009794	d00df4d3	fcvt.s.w	f9,x27	 x27:0x80041024  f9=0xcefff7df
     457825.000 ns	     45781	80009798	e00f8bd3	fmv.x.w	x23,f31	 f31:0x4e6add28 x23=0x4e6add28
     457845.000 ns	     45783	8000979c	003925b3	slt	x11,x18,x3	 x18:0x00000000  x3:0x00000000 x11=0x00000000
     457855.000 ns	     45784	800097a0	4220a593	slti	x11,x1,1058	  x1:0x3b39a5cc x11=0x00000000
     457875.000 ns	     45786	800097a4	28961353	fmax.s	f6,f12,f9	 f12:0xffffffff  f9:0xcefff7df  f6=0xcefff7df
     457895.000 ns	     45788	800097a8	403f0933	sub	x18,x30,x3	 x30:0x00000000  x3:0x00000000 x18=0x00000000
     457915.000 ns	     45790	800097ac	a167a1d3	feq.s	x3,f15,f22	 f15:0x00000000 f22:0x00000000  x3=0x00000001
     457965.000 ns	     45795	800097b0	0846f353	fsub.s	f6,f13,f4	 f13:0x00000000  f4:0x00000000  f6=0x80000000
     457995.000 ns	     45798	800097b4	29bf9453	fmax.s	f8,f31,f27	 f31:0x4e6add28 f27:0xffffffff  f8=0x4e6add28
     458015.000 ns	     45800	800097b8	1849f417	auipc	x8,0x1849f	  x8=0x984a87b8
     458025.000 ns	     45801	800097bc	00acafb3	slt	x31,x25,x10	 x25:0xe0808000 x10:0x0000074b x31=0x00000001
     458045.000 ns	     45803	800097c0	c00fad53	fcvt.w.s	x26,f31	 f31:0x4e6add28 x26=0x3ab74a00
     458415.000 ns	     45840	800097c4	0289e8b3	rem	x17,x19,x8	 x19:0xfc31c41b  x8:0x984a87b8 x17=0xfc31c41b
     458445.000 ns	     45843	800097c8	02802bb3	mulhsu	x23,x0,x8	  x0:0x00000000  x8:0x984a87b8 x23=0x00000000
     458475.000 ns	     45846	800097cc	02671cb3	mulh	x25,x14,x6	 x14:0x00000001  x6:0x00000001 x25=0x00000000
     458505.000 ns	     45849	800097d0	02b03533	mulhu	x10,x0,x11	  x0:0x00000000 x11:0x00000000 x10=0x00000000
     458525.000 ns	     45851	800097d4	41d2d733	sra	x14,x5,x29	  x5:0xffffffff x29:0x00000000 x14=0xffffffff
     458545.000 ns	     45853	800097d8	f00b8253	fmv.w.x	f4,x23	 x23:0x00000000  f4=0x00000000
     458575.000 ns	     45856	800097dc	036958b3	divu	x17,x18,x22	 x18:0x00000000 x22:0x00000000 x17=0xffffffff
     458605.000 ns	     45859	800097e0	03d82433	mulhsu	x8,x16,x29	 x16:0x00000000 x29:0x00000000  x8=0x00000000
     458625.000 ns	     45861	800097e4	54abe093	ori	x1,x23,1354	 x23:0x00000000  x1=0x0000054a
     458635.000 ns	     45862	800097e8	01e117b3	sll	x15,x2,x30	  x2:0x00000000 x30:0x00000000 x15=0x00000000
     458645.000 ns	     45863	800097ec	8b498813	addi	x16,x19,-1868	 x19:0xfc31c41b x16=0xfc31bccf
     458655.000 ns	     45864	800097f0	012767b3	or	x15,x14,x18	 x14:0xffffffff x18:0x00000000 x15=0xffffffff
     458665.000 ns	     45865	800097f4	0141e5b3	or	x11,x3,x20	  x3:0x00000001 x20:0x80040fe4 x11=0x80040fe5
     458675.000 ns	     45866	800097f8	6146fc93	andi	x25,x13,1556	 x13:0x00000001 x25=0x00000000
     458685.000 ns	     45867	800097fc	01be6f33	or	x30,x28,x27	 x28:0x5e0cbb9a x27:0x80041024 x30=0xde0cbbbe
     458695.000 ns	     45868	80009800	2232f793	andi	x15,x5,547	  x5:0xffffffff x15=0x00000223
     458705.000 ns	     45869	80009804	41568cb3	sub	x25,x13,x21	 x13:0x00000001 x21:0x00000000 x25=0x00000001
     459065.000 ns	     45905	80009808	03bf6433	rem	x8,x30,x27	 x30:0xde0cbbbe x27:0x80041024  x8=0xde0cbbbe
     459115.000 ns	     45910	8000980c	014273d3	fadd.s	f7,f4,f20	  f4:0x00000000 f20:0x7875360a  f7=0x7875360a
     459155.000 ns	     45914	80009810	58000153	fsqrt.s	f2,f0	  f0:0x00000000  f2=0x00000000
     459185.000 ns	     45917	80009814	20701d53	fsgnjn.s	f26,f0,f7	  f0:0x00000000  f7:0x7875360a f26=0x80000000
     459205.000 ns	     45919	80009818	5d55d137	lui	x2,0x5d55d	  x2=0x5d55d000
     459225.000 ns	     45921	8000981c	d0197253	fcvt.s.wu	f4,x18	 x18:0x00000000  f4=0x00000000
     459245.000 ns	     45923	80009820	b78dc197	auipc	x3,0xb78dc	  x3=0x378e5820
     459265.000 ns	     45925	80009824	02e1b5b3	mulhu	x11,x3,x14	  x3:0x00000001 x14:0xffffffff x11=0x378e581f
     459285.000 ns	     45927	80009828	01c21233	sll	x4,x4,x28	  x4:0xfffffc4b x28:0x5e0cbb9a  x4=0x2c000000
     459645.000 ns	     45963	8000982c	03b2d0b3	divu	x1,x5,x27	  x5:0xffffffff x27:0x80041024  x1=0x00000001
     459675.000 ns	     45966	80009830	21ea82d3	fsgnj.s	f5,f21,f30	 f21:0x00000000 f30:0x7875360a  f5=0x00000000
     459705.000 ns	     45969	80009834	03de70b3	remu	x1,x28,x29	 x28:0x5e0cbb9a x29:0x00000000  x1=0x5e0cbb9a
     459745.000 ns	     45973	80009838	580ef653	fsqrt.s	f12,f29	 f29:0x80000000 f12=0x80000000
     459765.000 ns	     45975	8000983c	85ae48b7	lui	x17,0x85ae4	 x17=0x85ae4000
     459775.000 ns	     45976	80009840	014b1513	slli	x10,x22,0x14	 x22:0x00000000 x10=0x00000000
     459795.000 ns	     45978	80009844	e0078653	fmv.x.w	x12,f15	 f15:0x00000000 x12=0x00000000
     459845.000 ns	     45983	80009848	084d7ed3	fsub.s	f29,f26,f4	 f26:0x80000000  f4:0x00000000 f29=0x80000000
     459865.000 ns	     45985	8000984c	41ec0633	sub	x12,x24,x30	 x24:0x00e08080 x30:0xde0cbbbe x12=0x22d3c4c2
     459875.000 ns	     45986	80009850	0002eab3	or	x21,x5,x0	  x5:0xffffffff  x0:0x00000000 x21=0xffffffff
     459885.000 ns	     45987	80009854	00d991b3	sll	x3,x19,x13	 x19:0xfc31c41b x13:0x00000001  x3=0xf8638836
     459895.000 ns	     45988	80009858	31847393	andi	x7,x8,792	  x8:0xde0cbbbe  x7=0x00000318
     459915.000 ns	     45990	8000985c	e0058453	fmv.x.w	x8,f11	 f11:0x7fc00000  x8=0x7fc00000
     459945.000 ns	     45993	80009860	294f8d53	fmin.s	f26,f31,f20	 f31:0x4e6add28 f20:0x7875360a f26=0x4e6add28
     459965.000 ns	     45995	80009864	00799e33	sll	x28,x19,x7	 x19:0xfc31c41b  x7:0x00000318 x28=0x1b000000
     459975.000 ns	     45996	80009868	408f5c13	srai	x24,x30,0x8	 x30:0xde0cbbbe x24=0xffde0cbb
     459995.000 ns	     45998	8000986c	f00e0ad3	fmv.w.x	f21,x28	 x28:0x5e0cbb9a f21=0x1b000000
     460025.000 ns	     46001	80009870	03d54d33	div	x26,x10,x29	 x10:0x00000000 x29:0x00000000 x26=0xffffffff
     460045.000 ns	     46003	80009874	0043d393	srli	x7,x7,0x4	  x7:0x00000318  x7=0x00000031
     460055.000 ns	     46004	80009878	01b1d233	srl	x4,x3,x27	  x3:0xf8638836 x27:0x80041024  x4=0x0f863883
     460065.000 ns	     46005	8000987c	01ee5193	srli	x3,x28,0x1e	 x28:0x1b000000  x3=0x00000000
     460085.000 ns	     46007	80009880	c00efed3	fcvt.w.s	x29,f29	 f29:0x80000000 x29=0x00000000
     460105.000 ns	     46009	80009884	01ca68b3	or	x17,x20,x28	 x20:0x80040fe4 x28:0x1b000000 x17=0x9b040fe4
     460115.000 ns	     46010	80009888	4018d5b3	sra	x11,x17,x1	 x17:0x85ae4000  x1:0x5e0cbb9a x11=0xffffffe6
     460475.000 ns	     46046	8000988c	02d166b3	rem	x13,x2,x13	  x2:0x5d55d000 x13:0x00000001 x13=0x00000000
     460505.000 ns	     46049	80009890	d00ff1d3	fcvt.s.w	f3,x31	 x31:0x00000001  f3=0x3f800000
     460525.000 ns	     46051	80009894	008747b3	xor	x15,x14,x8	 x14:0xffffffff  x8:0x7fc00000 x15=0x803fffff
     460535.000 ns	     46052	80009898	01e80cb3	add	x25,x16,x30	 x16:0xfc31bccf x30:0xde0cbbbe x25=0xda3e788d
     460545.000 ns	     46053	8000989c	013ece33	xor	x28,x29,x19	 x29:0x00000000 x19:0xfc31c41b x28=0xfc31c41b
     460565.000 ns	     46055	800098a0	e0019ed3	fclass.s	x29,f3	  f3:0x3f800000 x29=0x00000040
     460595.000 ns	     46058	800098a4	e00c8fd3	fmv.x.w	x31,f25	 f25:0x00000000 x31=0x00000000
     460615.000 ns	     46060	800098a8	171f6813	ori	x16,x30,369	 x30:0xde0cbbbe x16=0xde0cbbff
     460625.000 ns	     46061	800098ac	93950493	addi	x9,x10,-1735	 x10:0x00000000  x9=0xfffff939
     460645.000 ns	     46063	800098b0	c011ccd3	fcvt.wu.s	x25,f3	  f3:0x3f800000 x25=0x00000001
     460665.000 ns	     46065	800098b4	0179bfb3	sltu	x31,x19,x23	 x19:0xfc31c41b x23:0x00000000 x31=0x00000000
     460675.000 ns	     46066	800098b8	012862b3	or	x5,x16,x18	 x16:0xde0cbbff x18:0x00000000  x5=0xde0cbbff
     460685.000 ns	     46067	800098bc	41475b13	srai	x22,x14,0x14	 x14:0xffffffff x22=0xffffffff
     460715.000 ns	     46070	800098c0	19b4f9d3	fdiv.s	f19,f9,f27	  f9:0xcefff7df f27:0xffffffff f19=0x7fc00000
     460745.000 ns	     46073	800098c4	02939e33	mulh	x28,x7,x9	  x7:0x00000031  x9:0xfffff939 x28=0xffffffff
     461115.000 ns	     46110	800098c8	022150b3	divu	x1,x2,x2	  x2:0x5d55d000  x2:0x5d55d000  x1=0x00000001
     461135.000 ns	     46112	800098cc	402e5693	srai	x13,x28,0x2	 x28:0xffffffff x13=0xffffffff
     461155.000 ns	     46114	800098d0	a0319e53	flt.s	x28,f3,f3	  f3:0x3f800000  f3:0x3f800000 x28=0x00000000
     461185.000 ns	     46117	800098d4	21c024d3	fsgnjx.s	f9,f0,f28	  f0:0x00000000 f28:0x4e6ce698  f9=0x00000000
     461205.000 ns	     46119	800098d8	01b8ccb3	xor	x25,x17,x27	 x17:0x9b040fe4 x27:0x80041024 x25=0x1b001fc0
     461215.000 ns	     46120	800098dc	01455b13	srli	x22,x10,0x14	 x10:0x00000000 x22=0x00000000
     461225.000 ns	     46121	800098e0	00f596b3	sll	x13,x11,x15	 x11:0xffffffe6 x15:0x803fffff x13=0x00000000
     461585.000 ns	     46157	800098e4	026c7c33	remu	x24,x24,x6	 x24:0xffde0cbb  x6:0x00000001 x24=0x00000000
     461605.000 ns	     46159	800098e8	1deefc37	lui	x24,0x1deef	 x24=0x1deef000
     461625.000 ns	     46161	800098ec	02ac55b3	divu	x11,x24,x10	 x24:0x00000000 x10:0x00000000 x11=0xffffffff
     461645.000 ns	     46163	800098f0	01144733	xor	x14,x8,x17	  x8:0x7fc00000 x17:0x9b040fe4 x14=0xe4c40fe4
     461665.000 ns	     46165	800098f4	21b21d53	fsgnjn.s	f26,f4,f27	  f4:0x00000000 f27:0xffffffff f26=0x00000000
     461685.000 ns	     46167	800098f8	414e84b3	sub	x9,x29,x20	 x29:0x00000040 x20:0x80040fe4  x9=0x7ffbf05c
     461695.000 ns	     46168	800098fc	bbedb193	sltiu	x3,x27,-1090	 x27:0x80041024  x3=0x00000001
     461705.000 ns	     46169	80009900	c436a393	slti	x7,x13,-957	 x13:0x00000000  x7=0x00000000
     461715.000 ns	     46170	80009904	000d2833	slt	x16,x26,x0	 x26:0xffffffff  x0:0x00000000 x16=0x00000001
     461725.000 ns	     46171	80009908	d4f3c813	xori	x16,x7,-689	  x7:0x00000031 x16=0xfffffd4f
     461735.000 ns	     46172	8000990c	01cdf6b3	and	x13,x27,x28	 x27:0x80041024 x28:0x00000000 x13=0x00000000
     461765.000 ns	     46175	80009910	1870f4d3	fdiv.s	f9,f1,f7	  f1:0x00000000  f7:0x7875360a  f9=0x00000000
     461785.000 ns	     46177	80009914	69f1e893	ori	x17,x3,1695	  x3:0x00000001 x17=0x0000069f
     461795.000 ns	     46178	80009918	00818cb3	add	x25,x3,x8	  x3:0x00000001  x8:0x7fc00000 x25=0x7fc00001
     462965.000 ns	     46295	8000991c	580af253	fsqrt.s	f4,f21	 f21:0x1b000000  f4=0x2cb50482
     462985.000 ns	     46297	80009920	6990c813	xori	x16,x1,1689	  x1:0x00000001 x16=0x00000698
     463005.000 ns	     46299	80009924	a1378653	fle.s	x12,f15,f19	 f15:0x00000000 f19:0x7fc00000 x12=0x00000000
     463035.000 ns	     46302	80009928	f00a87d3	fmv.w.x	f15,x21	 x21:0xffffffff f15=0xffffffff
     463055.000 ns	     46304	8000992c	006a52b3	srl	x5,x20,x6	 x20:0x80040fe4  x6:0x00000001  x5=0x400207f2
     463075.000 ns	     46306	80009930	02c39633	mulh	x12,x7,x12	  x7:0x00000000 x12:0x00000000 x12=0x00000000
     463105.000 ns	     46309	80009934	0205a233	mulhsu	x4,x11,x0	 x11:0xffffffff  x0:0x00000000  x4=0x00000000
     463475.000 ns	     46346	80009938	039adfb3	divu	x31,x21,x25	 x21:0xffffffff x25:0x7fc00001 x31=0x00000002
     463495.000 ns	     46348	8000993c	019c7933	and	x18,x24,x25	 x24:0x1deef000 x25:0x7fc00001 x18=0x1dc00000
     463515.000 ns	     46350	80009940	f00c8453	fmv.w.x	f8,x25	 x25:0x7fc00001  f8=0x7fc00001
     463535.000 ns	     46352	80009944	01ec8833	add	x16,x25,x30	 x25:0x7fc00001 x30:0xde0cbbbe x16=0x5dccbbbf
     463555.000 ns	     46354	80009948	20a99d53	fsgnjn.s	f26,f19,f10	 f19:0x7fc00000 f10:0x7fc00000 f26=0xffc00000
     463925.000 ns	     46391	8000994c	02ffcbb3	div	x23,x31,x15	 x31:0x00000002 x15:0x803fffff x23=0x00000000
     463955.000 ns	     46394	80009950	21f10153	fsgnj.s	f2,f2,f31	  f2:0x00000000 f31:0x4e6add28  f2=0x00000000
     463985.000 ns	     46397	80009954	a0118c53	fle.s	x24,f3,f1	  f3:0x3f800000  f1:0x00000000 x24=0x00000000
     464015.000 ns	     46400	80009958	29ed04d3	fmin.s	f9,f26,f30	 f26:0xffc00000 f30:0x7875360a  f9=0x7875360a
     464035.000 ns	     46402	8000995c	77f6b493	sltiu	x9,x13,1919	 x13:0x00000000  x9=0x00000001
     464075.000 ns	     46406	80009960	004578d3	fadd.s	f17,f10,f4	 f10:0x7fc00000  f4:0x2cb50482 f17=0x7fc00000
     464105.000 ns	     46409	80009964	d0130953	fcvt.s.wu	f18,x6	  x6:0x00000001 f18=0x3f800000
     464135.000 ns	     46412	80009968	28df9dd3	fmax.s	f27,f31,f13	 f31:0x4e6add28 f13:0x00000000 f27=0x4e6add28
     464155.000 ns	     46414	8000996c	015673b3	and	x7,x12,x21	 x12:0x00000000 x21:0xffffffff  x7=0x00000000
     464175.000 ns	     46416	80009970	0263b2b3	mulhu	x5,x7,x6	  x7:0x00000000  x6:0x00000001  x5=0x00000000
     464205.000 ns	     46419	80009974	c00f04d3	fcvt.w.s	x9,f30	 f30:0x7875360a  x9=0x7fffffff
     464225.000 ns	     46421	80009978	01b960b3	or	x1,x18,x27	 x18:0x1dc00000 x27:0x80041024  x1=0x9dc41024
     464245.000 ns	     46423	8000997c	02743eb3	mulhu	x29,x8,x7	  x8:0x7fc00000  x7:0x00000000 x29=0x00000000
     464275.000 ns	     46426	80009980	a0e30953	fle.s	x18,f6,f14	  f6:0x80000000 f14:0xcefff7e0 x18=0x00000000
     464325.000 ns	     46431	80009984	095ef8d3	fsub.s	f17,f29,f21	 f29:0x80000000 f21:0x1b000000 f17=0x9b000000
     464345.000 ns	     46433	80009988	007e8f33	add	x30,x29,x7	 x29:0x00000000  x7:0x00000000 x30=0x00000000
     464365.000 ns	     46435	8000998c	c00b7b53	fcvt.w.s	x22,f22	 f22:0x00000000 x22=0x00000000
     464405.000 ns	     46439	80009990	11f69a53	fmul.s	f20,f13,f31	 f13:0x00000000 f31:0x4e6add28 f20=0x00000000
     464425.000 ns	     46441	80009994	6ca64a93	xori	x21,x12,1738	 x12:0x00000000 x21=0x000006ca
     464445.000 ns	     46443	80009998	207f8ad3	fsgnj.s	f21,f31,f7	 f31:0x4e6add28  f7:0x7875360a f21=0x4e6add28
     464485.000 ns	     46447	8000999c	190e84d3	fdiv.s	f9,f29,f16	 f29:0x80000000 f16:0x7fc00000  f9=0x7fc00000
     464515.000 ns	     46450	800099a0	02903ab3	mulhu	x21,x0,x9	  x0:0x00000000  x9:0x7fffffff x21=0x00000000
     464545.000 ns	     46453	800099a4	03556cb3	rem	x25,x10,x21	 x10:0x00000000 x21:0x000006ca x25=0x00000000
     464575.000 ns	     46456	800099a8	a0751553	flt.s	x10,f10,f7	 f10:0x7fc00000  f7:0x7875360a x10=0x00000000
     464595.000 ns	     46458	800099ac	01240233	add	x4,x8,x18	  x8:0x7fc00000 x18:0x00000000  x4=0x7fc00000
     464605.000 ns	     46459	800099b0	41bf0533	sub	x10,x30,x27	 x30:0x00000000 x27:0x80041024 x10=0x7ffbefdc
     464615.000 ns	     46460	800099b4	00c815b3	sll	x11,x16,x12	 x16:0x5dccbbbf x12:0x00000000 x11=0x5dccbbbf
     464625.000 ns	     46461	800099b8	4bef7293	andi	x5,x30,1214	 x30:0x00000000  x5=0x00000000
     464645.000 ns	     46463	800099bc	d0157ed3	fcvt.s.wu	f29,x10	 x10:0x7ffbefdc f29=0x4efff7df
     464665.000 ns	     46465	800099c0	01ce2cb3	slt	x25,x28,x28	 x28:0x00000000 x28:0x00000000 x25=0x00000000
     465025.000 ns	     46501	800099c4	02877d33	remu	x26,x14,x8	 x14:0xe4c40fe4  x8:0x7fc00000 x26=0x65040fe4
     465045.000 ns	     46503	800099c8	0187e033	or	x0,x15,x24	 x15:0x803fffff x24:0x00000000
     465065.000 ns	     46505	800099cc	02c1b633	mulhu	x12,x3,x12	  x3:0x00000001 x12:0x00000000 x12=0x00000000
     465095.000 ns	     46508	800099d0	038fe8b3	rem	x17,x31,x24	 x31:0x00000002 x24:0x00000000 x17=0x00000002
     465115.000 ns	     46510	800099d4	6960d017	auipc	x0,0x6960d	
     465475.000 ns	     46546	800099d8	031b51b3	divu	x3,x22,x17	 x22:0x00000000 x17:0x00000002  x3=0x00000000
     465505.000 ns	     46549	800099dc	a1649f53	flt.s	x30,f9,f22	  f9:0x7fc00000 f22:0x00000000 x30=0x00000000
     465525.000 ns	     46551	800099e0	a8cf0b13	addi	x22,x30,-1396	 x30:0x00000000 x22=0xfffffa8c
     465535.000 ns	     46552	800099e4	0041afb3	slt	x31,x3,x4	  x3:0x00000000  x4:0x7fc00000 x31=0x00000001
     465555.000 ns	     46554	800099e8	28b68653	fmin.s	f12,f13,f11	 f13:0x00000000 f11:0x7fc00000 f12=0x00000000
     465605.000 ns	     46559	800099ec	00b279d3	fadd.s	f19,f4,f11	  f4:0x2cb50482 f11:0x7fc00000 f19=0x7fc00000
     465625.000 ns	     46561	800099f0	b5a32813	slti	x16,x6,-1190	  x6:0x00000001 x16=0x00000000
     465645.000 ns	     46563	800099f4	c00276d3	fcvt.w.s	x13,f4	  f4:0x2cb50482 x13=0x00000000
     465665.000 ns	     46565	800099f8	01a5a933	slt	x18,x11,x26	 x11:0x5dccbbbf x26:0x65040fe4 x18=0x00000001
     465685.000 ns	     46567	800099fc	0285b033	mulhu	x0,x11,x8	 x11:0x5dccbbbf  x8:0x7fc00000
     465715.000 ns	     46570	80009a00	03566d33	rem	x26,x12,x21	 x12:0x00000000 x21:0x00000000 x26=0x00000000
     465735.000 ns	     46572	80009a04	3ea44813	xori	x16,x8,1002	  x8:0x7fc00000 x16=0x7fc003ea
     465755.000 ns	     46574	80009a08	02d0e2b3	rem	x5,x1,x13	  x1:0x9dc41024 x13:0x00000000  x5=0x9dc41024
     465785.000 ns	     46577	80009a0c	039f3c33	mulhu	x24,x30,x25	 x30:0x00000000 x25:0x00000000 x24=0x00000000
     465805.000 ns	     46579	80009a10	403858b3	sra	x17,x16,x3	 x16:0x7fc003ea  x3:0x00000000 x17=0x7fc003ea
     465835.000 ns	     46582	80009a14	115d2cd3	fmul.s	f25,f26,f21	 f26:0xffc00000 f21:0x4e6add28 f25=0x7fc00000
     465855.000 ns	     46584	80009a18	5f02f393	andi	x7,x5,1520	  x5:0x9dc41024  x7=0x00000020
     465865.000 ns	     46585	80009a1c	0ef5f113	andi	x2,x11,239	 x11:0x5dccbbbf  x2=0x000000af
     465875.000 ns	     46586	80009a20	41c58ab3	sub	x21,x11,x28	 x11:0x5dccbbbf x28:0x00000000 x21=0x5dccbbbf
     465885.000 ns	     46587	80009a24	0029df33	srl	x30,x19,x2	 x19:0xfc31c41b  x2:0x5d55d000 x30=0x0001f863
     465925.000 ns	     46591	80009a28	013cbcd3	fadd.s	f25,f25,f19	 f25:0x7fc00000 f19:0x7fc00000 f25=0x7fc00000
     465945.000 ns	     46593	80009a2c	014f5093	srli	x1,x30,0x14	 x30:0x00000000  x1=0x00000000
     466305.000 ns	     46629	80009a30	027e6c33	rem	x24,x28,x7	 x28:0x00000000  x7:0x00000020 x24=0x00000000
     466325.000 ns	     46631	80009a34	004ba433	slt	x8,x23,x4	 x23:0x00000000  x4:0x7fc00000  x8=0x00000001
     466345.000 ns	     46633	80009a38	a0c49153	flt.s	x2,f9,f12	  f9:0x7fc00000 f12:0x00000000  x2=0x00000000
     466365.000 ns	     46635	80009a3c	01fe5b33	srl	x22,x28,x31	 x28:0x00000000 x31:0x00000001 x22=0x00000000
     466375.000 ns	     46636	80009a40	0023bf33	sltu	x30,x7,x2	  x7:0x00000020  x2:0x00000000 x30=0x00000000
     466385.000 ns	     46637	80009a44	92833093	sltiu	x1,x6,-1752	  x6:0x00000001  x1=0x00000001
     466395.000 ns	     46638	80009a48	41985f13	srai	x30,x16,0x19	 x16:0x7fc003ea x30=0x0000003f
     466415.000 ns	     46640	80009a4c	039e23b3	mulhsu	x7,x28,x25	 x28:0x00000000 x25:0x00000000  x7=0x00000000
     466445.000 ns	     46643	80009a50	e00d8cd3	fmv.x.w	x25,f27	 f27:0x4e6add28 x25=0x4e6add28
     466495.000 ns	     46648	80009a54	0155c7d3	fadd.s	f15,f11,f21	 f11:0x7fc00000 f21:0x4e6add28 f15=0x7fc00000
     466515.000 ns	     46650	80009a58	7c1d6893	ori	x17,x26,1985	 x26:0x00000000 x17=0x000007c1
     466545.000 ns	     46653	80009a5c	116b7853	fmul.s	f16,f22,f22	 f22:0x00000000 f22:0x00000000 f16=0x00000000
     466565.000 ns	     46655	80009a60	005d5d33	srl	x26,x26,x5	 x26:0x00000000  x5:0x9dc41024 x26=0x00000000
     466585.000 ns	     46657	80009a64	021fae33	mulhsu	x28,x31,x1	 x31:0x00000001  x1:0x00000001 x28=0x00000000
     466605.000 ns	     46659	80009a68	0134b533	sltu	x10,x9,x19	  x9:0x7fffffff x19:0xfc31c41b x10=0x00000001
     466615.000 ns	     46660	80009a6c	c5e17e13	andi	x28,x2,-930	  x2:0x00000000 x28=0x00000000
     466625.000 ns	     46661	80009a70	c50aa693	slti	x13,x21,-944	 x21:0x5dccbbbf x13=0x00000000
     466635.000 ns	     46662	80009a74	014fc533	xor	x10,x31,x20	 x31:0x00000001 x20:0x80040fe4 x10=0x80040fe5
     466655.000 ns	     46664	80009a78	a19c06d3	fle.s	x13,f24,f25	 f24:0x7fc00000 f25:0x7fc00000 x13=0x00000000
     466685.000 ns	     46667	80009a7c	21d7a553	fsgnjx.s	f10,f15,f29	 f15:0x7fc00000 f29:0x4efff7df f10=0x7fc00000
     466715.000 ns	     46670	80009a80	c00b76d3	fcvt.w.s	x13,f22	 f22:0x00000000 x13=0x00000000
     466735.000 ns	     46672	80009a84	018f57b3	srl	x15,x30,x24	 x30:0x0000003f x24:0x00000000 x15=0x0000003f
     466745.000 ns	     46673	80009a88	d090b713	sltiu	x14,x1,-759	  x1:0x00000001 x14=0x00000001
     466765.000 ns	     46675	80009a8c	a0658f53	fle.s	x30,f11,f6	 f11:0x7fc00000  f6:0x80000000 x30=0x00000000
     466795.000 ns	     46678	80009a90	02f4af33	mulhsu	x30,x9,x15	  x9:0x7fffffff x15:0x0000003f x30=0x0000001f
     466815.000 ns	     46680	80009a94	01c92233	slt	x4,x18,x28	 x18:0x00000001 x28:0x00000000  x4=0x00000000
     467175.000 ns	     46716	80009a98	030572b3	remu	x5,x10,x16	 x10:0x80040fe5 x16:0x7fc003ea  x5=0x00440bfb
     467195.000 ns	     46718	80009a9c	4575cb17	auipc	x22,0x4575c	 x22=0xc5765a9c
     467205.000 ns	     46719	80009aa0	008f5e33	srl	x28,x30,x8	 x30:0x0000001f  x8:0x00000001 x28=0x0000000f
     467215.000 ns	     46720	80009aa4	00000013	addi	x0,x0,0	  x0:0x00000000
     468385.000 ns	     46837	80009aa8	580fced3	fsqrt.s	f29,f31	 f31:0x4e6add28 f29=0x46a612e4
     468415.000 ns	     46840	80009aac	e00d0253	fmv.x.w	x4,f26	 f26:0xffc00000  x4=0xffc00000
     468445.000 ns	     46843	80009ab0	c0159353	fcvt.wu.s	x6,f11	 f11:0x7fc00000  x6=0xffffffff
     468465.000 ns	     46845	80009ab4	000c8f33	add	x30,x25,x0	 x25:0x4e6add28  x0:0x00000000 x30=0x4e6add28
     468485.000 ns	     46847	80009ab8	0374b7b3	mulhu	x15,x9,x23	  x9:0x7fffffff x23:0x00000000 x15=0x00000000
     468515.000 ns	     46850	80009abc	029bac33	mulhsu	x24,x23,x9	 x23:0x00000000  x9:0x7fffffff x24=0x00000000
     468535.000 ns	     46852	80009ac0	006fee33	or	x28,x31,x6	 x31:0x00000001  x6:0xffffffff x28=0xffffffff
     468575.000 ns	     46856	80009ac4	08c17053	fsub.s	f0,f2,f12	  f2:0x00000000 f12:0x00000000  f0=0x80000000
     468595.000 ns	     46858	80009ac8	01497e33	and	x28,x18,x20	 x18:0x00000001 x20:0x80040fe4 x28=0x00000000
     468615.000 ns	     46860	80009acc	21cf85d3	fsgnj.s	f11,f31,f28	 f31:0x4e6add28 f28:0x4e6ce698 f11=0x4e6add28
     468985.000 ns	     46897	80009ad0	03545233	divu	x4,x8,x21	  x8:0x00000001 x21:0x5dccbbbf  x4=0x00000000
     469015.000 ns	     46900	80009ad4	28450553	fmin.s	f10,f10,f4	 f10:0x7fc00000  f4:0x2cb50482 f10=0x2cb50482
     469045.000 ns	     46903	80009ad8	f00102d3	fmv.w.x	f5,x2	  x2:0x00000000  f5=0x00000000
     469075.000 ns	     46906	80009adc	29110953	fmin.s	f18,f2,f17	  f2:0x00000000 f17:0x9b000000 f18=0x9b000000
     469125.000 ns	     46911	80009ae0	0960b153	fsub.s	f2,f1,f22	  f1:0x00000000 f22:0x00000000  f2=0x80000000
     469155.000 ns	     46914	80009ae4	02ce1bb3	mulh	x23,x28,x12	 x28:0x00000000 x12:0x00000000 x23=0x00000000
     469175.000 ns	     46916	80009ae8	67a27f93	andi	x31,x4,1658	  x4:0x00000000 x31=0x00000000
     469535.000 ns	     46952	80009aec	03e854b3	divu	x9,x16,x30	 x16:0x7fc003ea x30:0x4e6add28  x9=0x00000001
     469565.000 ns	     46955	80009af0	a0442853	feq.s	x16,f8,f4	  f8:0x7fc00001  f4:0x2cb50482 x16=0x00000000
     469585.000 ns	     46957	80009af4	01335913	srli	x18,x6,0x13	  x6:0xffffffff x18=0x00001fff
     469615.000 ns	     46960	80009af8	18fe48d3	fdiv.s	f17,f28,f15	 f28:0x4e6ce698 f15:0x7fc00000 f17=0x7fc00000
     469655.000 ns	     46964	80009afc	1838a9d3	fdiv.s	f19,f17,f3	 f17:0x9b000000  f3:0x3f800000 f19=0x7fc00000
     469685.000 ns	     46967	80009b00	02dea433	mulhsu	x8,x29,x13	 x29:0x00000000 x13:0x00000000  x8=0x00000000
     469705.000 ns	     46969	80009b04	01841013	slli	x0,x8,0x18	  x8:0x00000001
     469715.000 ns	     46970	80009b08	1d3c5617	auipc	x12,0x1d3c5	 x12=0x9d3ceb08
     469735.000 ns	     46972	80009b0c	a0a223d3	feq.s	x7,f4,f10	  f4:0x2cb50482 f10:0x2cb50482  x7=0x00000001
     469785.000 ns	     46977	80009b10	08faafd3	fsub.s	f31,f21,f15	 f21:0x4e6add28 f15:0x7fc00000 f31=0x7fc00000
     469805.000 ns	     46979	80009b14	b0b1a493	slti	x9,x3,-1269	  x3:0x00000000  x9=0x00000000
     469835.000 ns	     46982	80009b18	580bf3d3	fsqrt.s	f7,f23	 f23:0xffc00000  f7=0x7fc00000
     469855.000 ns	     46984	80009b1c	401d02b3	sub	x5,x26,x1	 x26:0x00000000  x1:0x00000001  x5=0xffffffff
     469865.000 ns	     46985	80009b20	41b98bb3	sub	x23,x19,x27	 x19:0xfc31c41b x27:0x80041024 x23=0x7c2db3f7
     469885.000 ns	     46987	80009b24	c00a17d3	fcvt.w.s	x15,f20	 f20:0x00000000 x15=0x00000000
     469915.000 ns	     46990	80009b28	c0118e53	fcvt.wu.s	x28,f3	  f3:0x3f800000 x28=0x00000001
     469945.000 ns	     46993	80009b2c	298a0953	fmin.s	f18,f20,f24	 f20:0x00000000 f24:0x7fc00000 f18=0x00000000
     469975.000 ns	     46996	80009b30	d010c6d3	fcvt.s.wu	f13,x1	  x1:0x00000001 f13=0x3f800000
     470005.000 ns	     46999	80009b34	28380cd3	fmin.s	f25,f16,f3	 f16:0x00000000  f3:0x3f800000 f25=0x00000000
     470375.000 ns	     47036	80009b38	03e2c1b3	div	x3,x5,x30	  x5:0xffffffff x30:0x4e6add28  x3=0x00000000
     470745.000 ns	     47073	80009b3c	027a75b3	remu	x11,x20,x7	 x20:0x80040fe4  x7:0x00000001 x11=0x00000000
     470765.000 ns	     47075	80009b40	00f795b3	sll	x11,x15,x15	 x15:0x00000000 x15:0x00000000 x11=0x00000000
     470785.000 ns	     47077	80009b44	205c8ad3	fsgnj.s	f21,f25,f5	 f25:0x00000000  f5:0x00000000 f21=0x00000000
     470815.000 ns	     47080	80009b48	e00f1cd3	fclass.s	x25,f30	 f30:0x7875360a x25=0x00000040
     470835.000 ns	     47082	80009b4c	00780d33	add	x26,x16,x7	 x16:0x00000000  x7:0x00000001 x26=0x00000001
     470845.000 ns	     47083	80009b50	004b1c33	sll	x24,x22,x4	 x22:0xc5765a9c  x4:0x00000000 x24=0xc5765a9c
     470855.000 ns	     47084	80009b54	010f5013	srli	x0,x30,0x10	 x30:0x4e6add28
     470875.000 ns	     47086	80009b58	f0018653	fmv.w.x	f12,x3	  x3:0x00000000 f12=0x00000000
     470915.000 ns	     47090	80009b5c	1901b3d3	fdiv.s	f7,f3,f16	  f3:0x3f800000 f16:0x00000000  f7=0x7f800000
     470935.000 ns	     47092	80009b60	416c82b3	sub	x5,x25,x22	 x25:0x00000040 x22:0xc5765a9c  x5=0x3a89a5a4
     470955.000 ns	     47094	80009b64	a024a853	feq.s	x16,f9,f2	  f9:0x7fc00000  f2:0x80000000 x16=0x00000000
     470975.000 ns	     47096	80009b68	3ad688b7	lui	x17,0x3ad68	 x17=0x3ad68000
     471335.000 ns	     47132	80009b6c	025dc033	div	x0,x27,x5	 x27:0x80041024  x5:0x3a89a5a4
     471355.000 ns	     47134	80009b70	ffca2c13	slti	x24,x20,-4	 x20:0x80040fe4 x24=0x00000001
     471375.000 ns	     47136	80009b74	02a63333	mulhu	x6,x12,x10	 x12:0x9d3ceb08 x10:0x80040fe5  x6=0x4ea0f43a
     471405.000 ns	     47139	80009b78	a04f1253	flt.s	x4,f30,f4	 f30:0x7875360a  f4:0x2cb50482  x4=0x00000000
     471435.000 ns	     47142	80009b7c	d01a0fd3	fcvt.s.wu	f31,x20	 x20:0x80040fe4 f31=0x4f000410
     471455.000 ns	     47144	80009b80	00059c33	sll	x24,x11,x0	 x11:0x00000000  x0:0x00000000 x24=0x00000000
     471475.000 ns	     47146	80009b84	020b3633	mulhu	x12,x22,x0	 x22:0xc5765a9c  x0:0x00000000 x12=0x00000000
     471495.000 ns	     47148	80009b88	00bf50b3	srl	x1,x30,x11	 x30:0x4e6add28 x11:0x00000000  x1=0x4e6add28
     471515.000 ns	     47150	80009b8c	e00f05d3	fmv.x.w	x11,f30	 f30:0x7875360a x11=0x7875360a
     471535.000 ns	     47152	80009b90	40478fb3	sub	x31,x15,x4	 x15:0x00000000  x4:0x00000000 x31=0x00000000
     471575.000 ns	     47156	80009b94	00d08553	fadd.s	f10,f1,f13	  f1:0x00000000 f13:0x3f800000 f10=0x3f800000
     471595.000 ns	     47158	80009b98	00875513	srli	x10,x14,0x8	 x14:0x00000001 x10=0x00000000
     471615.000 ns	     47160	80009b9c	d00375d3	fcvt.s.w	f11,x6	  x6:0x4ea0f43a f11=0x4e9d41e8
     471985.000 ns	     47197	80009ba0	03c664b3	rem	x9,x12,x28	 x12:0x00000000 x28:0x00000001  x9=0x00000000
     472015.000 ns	     47200	80009ba4	d0069853	fcvt.s.w	f16,x13	 x13:0x00000000 f16=0x00000000
     472035.000 ns	     47202	80009ba8	5357b193	sltiu	x3,x15,1333	 x15:0x00000000  x3=0x00000001
     472045.000 ns	     47203	80009bac	015bc033	xor	x0,x23,x21	 x23:0x7c2db3f7 x21:0x5dccbbbf
     472055.000 ns	     47204	80009bb0	00000013	addi	x0,x0,0	  x0:0x00000000
     472065.000 ns	     47205	80009bb4	00000013	addi	x0,x0,0	  x0:0x00000000
     472085.000 ns	     47207	80009bb8	d01679d3	fcvt.s.wu	f19,x12	 x12:0x00000000 f19=0x00000000
     472115.000 ns	     47210	80009bbc	03458f33	mul	x30,x11,x20	 x11:0x7875360a x20:0x80040fe4 x30=0xfeb6b6e8
     472135.000 ns	     47212	80009bc0	00000013	addi	x0,x0,0	  x0:0x00000000
     472145.000 ns	     47213	80009bc4	01844833	xor	x16,x8,x24	  x8:0x00000000 x24:0x00000000 x16=0x00000000
     472155.000 ns	     47214	80009bc8	14c9c513	xori	x10,x19,332	 x19:0xfc31c41b x10=0xfc31c557
     472165.000 ns	     47215	80009bcc	0202cc13	xori	x24,x5,32	  x5:0x3a89a5a4 x24=0x3a89a584
     472185.000 ns	     47217	80009bd0	d0063b53	fcvt.s.w	f22,x12	 x12:0x00000000 f22=0x00000000
     472205.000 ns	     47219	80009bd4	1b3f8197	auipc	x3,0x1b3f8	  x3=0x9b401bd4
     472215.000 ns	     47220	80009bd8	72b26393	ori	x7,x4,1835	  x4:0x00000000  x7=0x0000072b
     472255.000 ns	     47224	80009bdc	0983b8d3	fsub.s	f17,f7,f24	  f7:0x7f800000 f24:0x7fc00000 f17=0x7fc00000
     472275.000 ns	     47226	80009be0	98e5ac13	slti	x24,x11,-1650	 x11:0x7875360a x24=0x00000000
     472295.000 ns	     47228	80009be4	030b9e33	mulh	x28,x23,x16	 x23:0x7c2db3f7 x16:0x00000000 x28=0x00000000
     472315.000 ns	     47230	80009be8	0135c1b3	xor	x3,x11,x19	 x11:0x7875360a x19:0xfc31c41b  x3=0x8444f211
     472335.000 ns	     47232	80009bec	027dbcb3	mulhu	x25,x27,x7	 x27:0x80041024  x7:0x0000072b x25=0x00000395
     472365.000 ns	     47235	80009bf0	c0149fd3	fcvt.wu.s	x31,f9	  f9:0x7fc00000 x31=0xffffffff
     472385.000 ns	     47237	80009bf4	e838c393	xori	x7,x17,-381	 x17:0x3ad68000  x7=0xc5297e83
     472395.000 ns	     47238	80009bf8	01a1cc33	xor	x24,x3,x26	  x3:0x8444f211 x26:0x00000001 x24=0x8444f210
     472755.000 ns	     47274	80009bfc	03b07033	remu	x0,x0,x27	  x0:0x00000000 x27:0x80041024
     472785.000 ns	     47277	80009c00	e00c1853	fclass.s	x16,f24	 f24:0x7fc00000 x16=0x00000200
     473155.000 ns	     47314	80009c04	0370f233	remu	x4,x1,x23	  x1:0x4e6add28 x23:0x7c2db3f7  x4=0x4e6add28
     473205.000 ns	     47319	80009c08	09a195d3	fsub.s	f11,f3,f26	  f3:0x3f800000 f26:0xffc00000 f11=0x7fc00000
     473235.000 ns	     47322	80009c0c	21949ad3	fsgnjn.s	f21,f9,f25	  f9:0x7fc00000 f25:0x00000000 f21=0xffc00000
     473265.000 ns	     47325	80009c10	0390bf33	mulhu	x30,x1,x25	  x1:0x4e6add28 x25:0x00000395 x30=0x00000118
     473285.000 ns	     47327	80009c14	92a18137	lui	x2,0x92a18	  x2=0x92a18000
     473295.000 ns	     47328	80009c18	409dde93	srai	x29,x27,0x9	 x27:0x80041024 x29=0xffc00208
     473315.000 ns	     47330	80009c1c	03503133	mulhu	x2,x0,x21	  x0:0x00000000 x21:0x5dccbbbf  x2=0x00000000
     473335.000 ns	     47332	80009c20	00eb28b3	slt	x17,x22,x14	 x22:0xc5765a9c x14:0x00000001 x17=0x00000001
     473345.000 ns	     47333	80009c24	01f09d33	sll	x26,x1,x31	  x1:0x4e6add28 x31:0xffffffff x26=0x00000000
     473355.000 ns	     47334	80009c28	0039c633	xor	x12,x19,x3	 x19:0xfc31c41b  x3:0x8444f211 x12=0x7875360a
     473365.000 ns	     47335	80009c2c	a426b693	sltiu	x13,x13,-1470	 x13:0x00000000 x13=0x00000001
     473375.000 ns	     47336	80009c30	5615f693	andi	x13,x11,1377	 x11:0x7875360a x13=0x00000400
     473735.000 ns	     47372	80009c34	037ce133	rem	x2,x25,x23	 x25:0x00000395 x23:0x7c2db3f7  x2=0x00000395
     473765.000 ns	     47375	80009c38	21fb27d3	fsgnjx.s	f15,f22,f31	 f22:0x00000000 f31:0x4f000410 f15=0x00000000
     473785.000 ns	     47377	80009c3c	019bd033	srl	x0,x23,x25	 x23:0x7c2db3f7 x25:0x00000395
     473825.000 ns	     47381	80009c40	006dab53	fadd.s	f22,f27,f6	 f27:0x4e6add28  f6:0x80000000 f22=0x4e6add28
     473845.000 ns	     47383	80009c44	2ae0f637	lui	x12,0x2ae0f	 x12=0x2ae0f000
     474205.000 ns	     47419	80009c48	0238cfb3	div	x31,x17,x3	 x17:0x00000001  x3:0x8444f211 x31=0x00000000
     474575.000 ns	     47456	80009c4c	03e8e3b3	rem	x7,x17,x30	 x17:0x00000001 x30:0x00000118  x7=0x00000001
     474625.000 ns	     47461	80009c50	0097f1d3	fadd.s	f3,f15,f9	 f15:0x00000000  f9:0x7fc00000  f3=0x7fc00000
     474645.000 ns	     47463	80009c54	41f50cb3	sub	x25,x10,x31	 x10:0xfc31c557 x31:0x00000000 x25=0xfc31c557
     474665.000 ns	     47465	80009c58	0202f5b3	remu	x11,x5,x0	  x5:0x3a89a5a4  x0:0x00000000 x11=0x3a89a5a4
     474695.000 ns	     47468	80009c5c	02e1af33	mulhsu	x30,x3,x14	  x3:0x8444f211 x14:0x00000001 x30=0xffffffff
     474715.000 ns	     47470	80009c60	01be5d13	srli	x26,x28,0x1b	 x28:0x00000000 x26=0x00000000
     474725.000 ns	     47471	80009c64	6e66e017	auipc	x0,0x6e66e	
     474735.000 ns	     47472	80009c68	00ac0fb3	add	x31,x24,x10	 x24:0x8444f210 x10:0xfc31c557 x31=0x8076b767
     474745.000 ns	     47473	80009c6c	8cc9be93	sltiu	x29,x19,-1844	 x19:0xfc31c41b x29=0x00000001
     474755.000 ns	     47474	80009c70	ef4f0193	addi	x3,x30,-268	 x30:0xffffffff  x3=0xfffffef3
     474775.000 ns	     47476	80009c74	022f85b3	mul	x11,x31,x2	 x31:0x8076b767  x2:0x00000395 x11=0x293ef3f3
     474795.000 ns	     47478	80009c78	0b67cab7	lui	x21,0xb67c	 x21=0x0b67c000
     474825.000 ns	     47481	80009c7c	1013f6d3	fmul.s	f13,f7,f1	  f7:0x7f800000  f1:0x00000000 f13=0x7fc00000
     474845.000 ns	     47483	80009c80	e73a0093	addi	x1,x20,-397	 x20:0x80040fe4  x1=0x80040e57
     474855.000 ns	     47484	80009c84	402fdf93	srai	x31,x31,0x2	 x31:0x8076b767 x31=0xe01dadd9
     474865.000 ns	     47485	80009c88	a4eaff93	andi	x31,x21,-1458	 x21:0x0b67c000 x31=0x0b67c000
     474875.000 ns	     47486	80009c8c	41f20eb3	sub	x29,x4,x31	  x4:0x4e6add28 x31:0x8076b767 x29=0x43031d28
     474885.000 ns	     47487	80009c90	402e73b7	lui	x7,0x402e7	  x7=0x402e7000
     474895.000 ns	     47488	80009c94	88e6fbb7	lui	x23,0x88e6f	 x23=0x88e6f000
     474915.000 ns	     47490	80009c98	28d101d3	fmin.s	f3,f2,f13	  f2:0x80000000 f13:0x7fc00000  f3=0x80000000
     474965.000 ns	     47495	80009c9c	0892f6d3	fsub.s	f13,f5,f9	  f5:0x00000000  f9:0x7fc00000 f13=0x7fc00000
     474995.000 ns	     47498	80009ca0	c000fb53	fcvt.w.s	x22,f1	  f1:0x00000000 x22=0x00000000
     475015.000 ns	     47500	80009ca4	53b37c97	auipc	x25,0x53b37	 x25=0xd3b40ca4
     475035.000 ns	     47502	80009ca8	d0187ed3	fcvt.s.wu	f29,x16	 x16:0x00000200 f29=0x44000000
     475055.000 ns	     47504	80009cac	cc79c793	xori	x15,x19,-825	 x19:0xfc31c41b x15=0x03ce38dc
     475065.000 ns	     47505	80009cb0	01981b13	slli	x22,x16,0x19	 x16:0x00000200 x22=0x00000000
     475075.000 ns	     47506	80009cb4	cb9c8913	addi	x18,x25,-839	 x25:0xd3b40ca4 x18=0xd3b4095d
     475085.000 ns	     47507	80009cb8	0916f793	andi	x15,x13,145	 x13:0x00000400 x15=0x00000000
     476255.000 ns	     47624	80009cbc	580dfed3	fsqrt.s	f29,f27	 f27:0x4e6add28 f29=0x46a612e4
     476285.000 ns	     47627	80009cc0	c01972d3	fcvt.wu.s	x5,f18	 f18:0x00000000  x5=0x00000000
     476335.000 ns	     47632	80009cc4	09ea78d3	fsub.s	f17,f20,f30	 f20:0x00000000 f30:0x7875360a f17=0xf875360a
     476365.000 ns	     47635	80009cc8	f00b8ad3	fmv.w.x	f21,x23	 x23:0x88e6f000 f21=0x88e6f000
     476395.000 ns	     47638	80009ccc	f00500d3	fmv.w.x	f1,x10	 x10:0xfc31c557  f1=0xfc31c557
     476415.000 ns	     47640	80009cd0	01777733	and	x14,x14,x23	 x14:0x00000001 x23:0x88e6f000 x14=0x00000000
     476455.000 ns	     47644	80009cd4	08f04ed3	fsub.s	f29,f0,f15	  f0:0x80000000 f15:0x00000000 f29=0x80000000
     476475.000 ns	     47646	80009cd8	00659e93	slli	x29,x11,0x6	 x11:0x293ef3f3 x29=0x4fbcfcc0
     476495.000 ns	     47648	80009cdc	020921b3	mulhsu	x3,x18,x0	 x18:0xd3b4095d  x0:0x00000000  x3=0x00000000
     476515.000 ns	     47650	80009ce0	40235eb3	sra	x29,x6,x2	  x6:0x4ea0f43a  x2:0x00000395 x29=0x00000275
     476525.000 ns	     47651	80009ce4	00ef80b3	add	x1,x31,x14	 x31:0x0b67c000 x14:0x00000000  x1=0x0b67c000
     476535.000 ns	     47652	80009ce8	66c04e37	lui	x28,0x66c04	 x28=0x66c04000
     476895.000 ns	     47688	80009cec	0242cc33	div	x24,x5,x4	  x5:0x00000000  x4:0x4e6add28 x24=0x00000000
     476915.000 ns	     47690	80009cf0	ab981137	lui	x2,0xab981	  x2=0xab981000
     476935.000 ns	     47692	80009cf4	201818d3	fsgnjn.s	f17,f16,f1	 f16:0x00000000  f1:0xfc31c557 f17=0x00000000
     476965.000 ns	     47695	80009cf8	208684d3	fsgnj.s	f9,f13,f8	 f13:0x7fc00000  f8:0x7fc00001  f9=0x7fc00000
     476995.000 ns	     47698	80009cfc	20361053	fsgnjn.s	f0,f12,f3	 f12:0x00000000  f3:0x80000000  f0=0x00000000
     477025.000 ns	     47701	80009d00	29b69f53	fmax.s	f30,f13,f27	 f13:0x7fc00000 f27:0x4e6add28 f30=0x4e6add28
     477045.000 ns	     47703	80009d04	efc0f593	andi	x11,x1,-260	  x1:0x0b67c000 x11=0x0b67c000
     477055.000 ns	     47704	80009d08	0124ccb3	xor	x25,x9,x18	  x9:0x00000000 x18:0xd3b4095d x25=0xd3b4095d
     477085.000 ns	     47707	80009d0c	11ee48d3	fmul.s	f17,f28,f30	 f28:0x4e6ce698 f30:0x4e6add28 f17=0x5d59576f
     477115.000 ns	     47710	80009d10	a1ff0353	fle.s	x6,f30,f31	 f30:0x4e6add28 f31:0x4f000410  x6=0x00000001
     477135.000 ns	     47712	80009d14	0038a533	slt	x10,x17,x3	 x17:0x00000001  x3:0x00000000 x10=0x00000000
     477145.000 ns	     47713	80009d18	e6b5ef93	ori	x31,x11,-405	 x11:0x0b67c000 x31=0xfffffe6b
     477165.000 ns	     47715	80009d1c	29840253	fmin.s	f4,f8,f24	  f8:0x7fc00001 f24:0x7fc00000  f4=0x7fc00000
     477205.000 ns	     47719	80009d20	19727753	fdiv.s	f14,f4,f23	  f4:0x2cb50482 f23:0xffc00000 f14=0x7fc00000
     477225.000 ns	     47721	80009d24	0183fcb3	and	x25,x7,x24	  x7:0x402e7000 x24:0x00000000 x25=0x00000000
     477235.000 ns	     47722	80009d28	2394cf13	xori	x30,x9,569	  x9:0x00000000 x30=0x00000239
     477245.000 ns	     47723	80009d2c	402d5f33	sra	x30,x26,x2	 x26:0x00000000  x2:0xab981000 x30=0x00000000
     477255.000 ns	     47724	80009d30	00f6e533	or	x10,x13,x15	 x13:0x00000400 x15:0x00000000 x10=0x00000400
     477275.000 ns	     47726	80009d34	200b1553	fsgnjn.s	f10,f22,f0	 f22:0x4e6add28  f0:0x00000000 f10=0xce6add28
     477295.000 ns	     47728	80009d38	cc242413	slti	x8,x8,-830	  x8:0x00000000  x8=0x00000000
     477305.000 ns	     47729	80009d3c	01c59d33	sll	x26,x11,x28	 x11:0x0b67c000 x28:0x66c04000 x26=0x0b67c000
     477315.000 ns	     47730	80009d40	01a1e233	or	x4,x3,x26	  x3:0x00000000 x26:0x00000000  x4=0x0b67c000
     477325.000 ns	     47731	80009d44	01607b33	and	x22,x0,x22	  x0:0x00000000 x22:0x00000000 x22=0x00000000
     477335.000 ns	     47732	80009d48	41fad833	sra	x16,x21,x31	 x21:0x0b67c000 x31:0xfffffe6b x16=0x00016cf8
     477355.000 ns	     47734	80009d4c	e00f9b53	fclass.s	x22,f31	 f31:0x4f000410 x22=0x00000040
     477405.000 ns	     47739	80009d50	005c3fd3	fadd.s	f31,f24,f5	 f24:0x7fc00000  f5:0x00000000 f31=0x7fc00000
     477455.000 ns	     47744	80009d54	091ba5d3	fsub.s	f11,f23,f17	 f23:0xffc00000 f17:0x5d59576f f11=0x7fc00000
     477475.000 ns	     47746	80009d58	ea5e0313	addi	x6,x28,-347	 x28:0x66c04000  x6=0x66c03ea5
     477485.000 ns	     47747	80009d5c	97afab37	lui	x22,0x97afa	 x22=0x97afa000
     477845.000 ns	     47783	80009d60	0273fc33	remu	x24,x7,x7	  x7:0x402e7000  x7:0x402e7000 x24=0x00000000
     477875.000 ns	     47786	80009d64	c007f3d3	fcvt.w.s	x7,f15	 f15:0x00000000  x7=0x00000000
     478245.000 ns	     47823	80009d68	0346e333	rem	x6,x13,x20	 x13:0x00000400 x20:0x80040fe4  x6=0x00000400
     478615.000 ns	     47860	80009d6c	02224bb3	div	x23,x4,x2	  x4:0x0b67c000  x2:0xab981000 x23=0x00000000
     478985.000 ns	     47897	80009d70	02d0e733	rem	x14,x1,x13	  x1:0x0b67c000 x13:0x00000400 x14=0x00000000
     479015.000 ns	     47900	80009d74	e00d0f53	fmv.x.w	x30,f26	 f26:0xffc00000 x30=0xffc00000
     479045.000 ns	     47903	80009d78	d01bfdd3	fcvt.s.wu	f27,x23	 x23:0x00000000 f27=0x00000000
     479065.000 ns	     47905	80009d7c	00000013	addi	x0,x0,0	  x0:0x00000000
     479075.000 ns	     47906	80009d80	01cfd4b3	srl	x9,x31,x28	 x31:0xfffffe6b x28:0x66c04000  x9=0xfffffe6b
     479105.000 ns	     47909	80009d84	5806b153	fsqrt.s	f2,f13	 f13:0x7fc00000  f2=0x7fc00000
     479125.000 ns	     47911	80009d88	85b28d13	addi	x26,x5,-1957	  x5:0x00000000 x26=0xfffff85b
     479485.000 ns	     47947	80009d8c	0317d733	divu	x14,x15,x17	 x15:0x00000000 x17:0x00000001 x14=0x00000000
     479855.000 ns	     47984	80009d90	03e86733	rem	x14,x16,x30	 x16:0x00016cf8 x30:0xffc00000 x14=0x00016cf8
     479875.000 ns	     47986	80009d94	ba063193	sltiu	x3,x12,-1120	 x12:0x2ae0f000  x3=0x00000001
     479885.000 ns	     47987	80009d98	015de633	or	x12,x27,x21	 x27:0x80041024 x21:0x0b67c000 x12=0x8b67d024
     479895.000 ns	     47988	80009d9c	99d2f893	andi	x17,x5,-1635	  x5:0x00000000 x17=0x00000000
     479905.000 ns	     47989	80009da0	007af833	and	x16,x21,x7	 x21:0x0b67c000  x7:0x00000000 x16=0x00000000
     479925.000 ns	     47991	80009da4	d00c78d3	fcvt.s.w	f17,x24	 x24:0x00000000 f17=0x00000000
     479955.000 ns	     47994	80009da8	02f63d33	mulhu	x26,x12,x15	 x12:0x8b67d024 x15:0x00000000 x26=0x00000000
     479985.000 ns	     47997	80009dac	d007ff53	fcvt.s.w	f30,x15	 x15:0x00000000 f30=0x00000000
     480005.000 ns	     47999	80009db0	93d6bf93	sltiu	x31,x13,-1731	 x13:0x00000400 x31=0x00000001
     480035.000 ns	     48002	80009db4	10cb9753	fmul.s	f14,f23,f12	 f23:0xffc00000 f12:0x00000000 f14=0x7fc00000
     480055.000 ns	     48004	80009db8	402e0633	sub	x12,x28,x2	 x28:0x66c04000  x2:0xab981000 x12=0xbb283000
     480065.000 ns	     48005	80009dbc	40853f93	sltiu	x31,x10,1032	 x10:0x00000400 x31=0x00000001
     480095.000 ns	     48008	80009dc0	181271d3	fdiv.s	f3,f4,f1	  f4:0x7fc00000  f1:0xfc31c557  f3=0x7fc00000
     480115.000 ns	     48010	80009dc4	4765f597	auipc	x11,0x4765f	 x11=0xc7668dc4
     480125.000 ns	     48011	80009dc8	00f4c733	xor	x14,x9,x15	  x9:0xfffffe6b x15:0x00000000 x14=0xfffffe6b
     480145.000 ns	     48013	80009dcc	a0729b53	flt.s	x22,f5,f7	  f5:0x00000000  f7:0x7f800000 x22=0x00000001
     480175.000 ns	     48016	80009dd0	e0080053	fmv.x.w	x0,f16	 f16:0x00000000
     480195.000 ns	     48018	80009dd4	01710f33	add	x30,x2,x23	  x2:0xab981000 x23:0x00000000 x30=0xab981000
     480205.000 ns	     48019	80009dd8	94116593	ori	x11,x2,-1727	  x2:0xab981000 x11=0xfffff941
     480215.000 ns	     48020	80009ddc	012a1233	sll	x4,x20,x18	 x20:0x80040fe4 x18:0xd3b4095d  x4=0x80000000
     480225.000 ns	     48021	80009de0	97dbe717	auipc	x14,0x97dbe	 x14=0x17dc7de0
     480245.000 ns	     48023	80009de4	024995b3	mulh	x11,x19,x4	 x19:0xfc31c41b  x4:0x0b67c000 x11=0x01e71df2
     480265.000 ns	     48025	80009de8	00e9b933	sltu	x18,x19,x14	 x19:0xfc31c41b x14:0xfffffe6b x18=0x00000000
     480285.000 ns	     48027	80009dec	203c1153	fsgnjn.s	f2,f24,f3	 f24:0x7fc00000  f3:0x7fc00000  f2=0xffc00000
     480305.000 ns	     48029	80009df0	41b1d433	sra	x8,x3,x27	  x3:0x00000001 x27:0x80041024  x8=0x00000000
     480325.000 ns	     48031	80009df4	03906833	rem	x16,x0,x25	  x0:0x00000000 x25:0x00000000 x16=0x00000000
     480695.000 ns	     48068	80009df8	0358cfb3	div	x31,x17,x21	 x17:0x00000000 x21:0x0b67c000 x31=0x00000000
     480725.000 ns	     48071	80009dfc	205a26d3	fsgnjx.s	f13,f20,f5	 f20:0x00000000  f5:0x00000000 f13=0x00000000
     480755.000 ns	     48074	80009e00	a1cf9553	flt.s	x10,f31,f28	 f31:0x7fc00000 f28:0x4e6ce698 x10=0x00000000
     480775.000 ns	     48076	80009e04	00ed23b3	slt	x7,x26,x14	 x26:0x00000000 x14:0x17dc7de0  x7=0x00000001
     480795.000 ns	     48078	80009e08	a1f10453	fle.s	x8,f2,f31	  f2:0xffc00000 f31:0x7fc00000  x8=0x00000000
     480825.000 ns	     48081	80009e0c	21161753	fsgnjn.s	f14,f12,f17	 f12:0x00000000 f17:0x00000000 f14=0x80000000
     480855.000 ns	     48084	80009e10	20989853	fsgnjn.s	f16,f17,f9	 f17:0x00000000  f9:0x7fc00000 f16=0x80000000
     480885.000 ns	     48087	80009e14	c009f8d3	fcvt.w.s	x17,f19	 f19:0x00000000 x17=0x00000000
     480915.000 ns	     48090	80009e18	025bb733	mulhu	x14,x23,x5	 x23:0x00000000  x5:0x00000000 x14=0x00000000
     480935.000 ns	     48092	80009e1c	00e0e1b3	or	x3,x1,x14	  x1:0x0b67c000 x14:0x17dc7de0  x3=0x0b67c000
     480945.000 ns	     48093	80009e20	0098c7b3	xor	x15,x17,x9	 x17:0x00000000  x9:0xfffffe6b x15=0xfffffe6b
     480955.000 ns	     48094	80009e24	01ddd5b3	srl	x11,x27,x29	 x27:0x80041024 x29:0x00000275 x11=0x00000400
     480965.000 ns	     48095	80009e28	00e703b3	add	x7,x14,x14	 x14:0x00000000 x14:0x00000000  x7=0x00000000
     481005.000 ns	     48099	80009e2c	083a4ed3	fsub.s	f29,f20,f3	 f20:0x00000000  f3:0x7fc00000 f29=0x7fc00000
     481045.000 ns	     48103	80009e30	1875c0d3	fdiv.s	f1,f11,f7	 f11:0x7fc00000  f7:0x7f800000  f1=0x7fc00000
     481415.000 ns	     48140	80009e34	02c34e33	div	x28,x6,x12	  x6:0x00000400 x12:0xbb283000 x28=0x00000000
     481455.000 ns	     48144	80009e38	1996fad3	fdiv.s	f21,f13,f25	 f13:0x00000000 f25:0x00000000 f21=0x7fc00000
     481485.000 ns	     48147	80009e3c	03872233	mulhsu	x4,x14,x24	 x14:0x00000000 x24:0x00000000  x4=0x00000000
     481535.000 ns	     48152	80009e40	08d8f853	fsub.s	f16,f17,f13	 f17:0x00000000 f13:0x00000000 f16=0x80000000
     481575.000 ns	     48156	80009e44	1068ffd3	fmul.s	f31,f17,f6	 f17:0x00000000  f6:0x80000000 f31=0x80000000
     481605.000 ns	     48159	80009e48	a0dfa153	feq.s	x2,f31,f13	 f31:0x7fc00000 f13:0x00000000  x2=0x00000001
     481635.000 ns	     48162	80009e4c	03bfb133	mulhu	x2,x31,x27	 x31:0x00000000 x27:0x80041024  x2=0x00000000
     481655.000 ns	     48164	80009e50	01683033	sltu	x0,x16,x22	 x16:0x00000000 x22:0x00000001
     481665.000 ns	     48165	80009e54	2a95bb13	sltiu	x22,x11,681	 x11:0x00000400 x22=0x00000000
     481685.000 ns	     48167	80009e58	028f32b3	mulhu	x5,x30,x8	 x30:0xab981000  x8:0x00000000  x5=0x00000000
     481715.000 ns	     48170	80009e5c	21eb1fd3	fsgnjn.s	f31,f22,f30	 f22:0x4e6add28 f30:0x00000000 f31=0xce6add28
     481735.000 ns	     48172	80009e60	01a1beb3	sltu	x29,x3,x26	  x3:0x0b67c000 x26:0x00000000 x29=0x00000000
     481745.000 ns	     48173	80009e64	01db0ab3	add	x21,x22,x29	 x22:0x00000000 x29:0x00000275 x21=0x00000000
     481755.000 ns	     48174	80009e68	cd24f013	andi	x0,x9,-814	  x9:0xfffffe6b
     481765.000 ns	     48175	80009e6c	00a4b6b3	sltu	x13,x9,x10	  x9:0xfffffe6b x10:0x00000000 x13=0x00000000
     481775.000 ns	     48176	80009e70	00192eb3	slt	x29,x18,x1	 x18:0x00000000  x1:0x0b67c000 x29=0x00000001
     481795.000 ns	     48178	80009e74	03a18733	mul	x14,x3,x26	  x3:0x0b67c000 x26:0x00000000 x14=0x00000000
     481825.000 ns	     48181	80009e78	020eab33	mulhsu	x22,x29,x0	 x29:0x00000000  x0:0x00000000 x22=0x00000000
     481855.000 ns	     48184	80009e7c	207facd3	fsgnjx.s	f25,f31,f7	 f31:0xce6add28  f7:0x7f800000 f25=0xce6add28
     481885.000 ns	     48187	80009e80	031c3e33	mulhu	x28,x24,x17	 x24:0x00000000 x17:0x00000000 x28=0x00000000
     481915.000 ns	     48190	80009e84	a1668ad3	fle.s	x21,f13,f22	 f13:0x00000000 f22:0x4e6add28 x21=0x00000001
     481945.000 ns	     48193	80009e88	e00d95d3	fclass.s	x11,f27	 f27:0x00000000 x11=0x00000010
     481975.000 ns	     48196	80009e8c	c0077453	fcvt.w.s	x8,f14	 f14:0x80000000  x8=0x00000000
     482345.000 ns	     48233	80009e90	035be733	rem	x14,x23,x21	 x23:0x00000000 x21:0x00000001 x14=0x00000000
     482375.000 ns	     48236	80009e94	026ba6b3	mulhsu	x13,x23,x6	 x23:0x00000000  x6:0x00000400 x13=0x00000000
     482395.000 ns	     48238	80009e98	069fe193	ori	x3,x31,105	 x31:0x00000000  x3=0x00000069
     482415.000 ns	     48240	80009e9c	03ce1933	mulh	x18,x28,x28	 x28:0x00000000 x28:0x00000000 x18=0x00000000
     482445.000 ns	     48243	80009ea0	02d970b3	remu	x1,x18,x13	 x18:0x00000000 x13:0x00000000  x1=0x00000000
     482465.000 ns	     48245	80009ea4	00000997	auipc	x19,0x0	 x19=0x80009ea4
     482475.000 ns	     48246	80009ea8	00c98993	addi	x19,x19,12	 x19:0xfc31c41b x19=0x80009eb0
     482485.000 ns	     48247	80009eac	00098067	jalr	x0,x19,0	 x19:0xfc31c41b
     482535.000 ns	     48252	80009eb0	00100193	addi	x3,x0,1	  x0:0x00000000  x3=0x00000001
     482545.000 ns	     48253	80009eb4	00000073	ecall	
     482555.000 ns	     48254	80009eb8	00036f17	auipc	x30,0x36	 x30=0x8003feb8
     482565.000 ns	     48255	80009ebc	143f2423	sw	x3,328(x30)	 x30:0xab981000  x3:0x00000001 PA:0xxxxxxxxx
     482585.000 ns	     48257	80009ec0	ff9ff06f	jal	x0,80009ebc	
     482635.000 ns	     48262	80009eb8	00036f17	auipc	x30,0x36	 x30=0x8003feb8
     482645.000 ns	     48263	80009ebc	143f2423	sw	x3,328(x30)	 x30:0x8003feb8  x3:0x00000001 PA:0xxxxxxxxx
     482665.000 ns	     48265	80009ec0	ff9ff06f	jal	x0,80009ebc	
     482715.000 ns	     48270	80009eb8	00036f17	auipc	x30,0x36	 x30=0x8003feb8
     482725.000 ns	     48271	80009ebc	143f2423	sw	x3,328(x30)	 x30:0x8003feb8  x3:0x00000001 PA:0xxxxxxxxx
     482745.000 ns	     48273	80009ec0	ff9ff06f	jal	x0,80009ebc	
     482795.000 ns	     48278	80009eb8	00036f17	auipc	x30,0x36	 x30=0x8003feb8
     482805.000 ns	     48279	80009ebc	143f2423	sw	x3,328(x30)	 x30:0x8003feb8  x3:0x00000001 PA:0xxxxxxxxx
     482825.000 ns	     48281	80009ec0	ff9ff06f	jal	x0,80009ebc	
     482875.000 ns	     48286	80009eb8	00036f17	auipc	x30,0x36	 x30=0x8003feb8
     482885.000 ns	     48287	80009ebc	143f2423	sw	x3,328(x30)	 x30:0x8003feb8  x3:0x00000001 PA:0xxxxxxxxx
     482905.000 ns	     48289	80009ec0	ff9ff06f	jal	x0,80009ebc	
     482955.000 ns	     48294	80009eb8	00036f17	auipc	x30,0x36	 x30=0x8003feb8
     482965.000 ns	     48295	80009ebc	143f2423	sw	x3,328(x30)	 x30:0x8003feb8  x3:0x00000001 PA:0xxxxxxxxx
     482985.000 ns	     48297	80009ec0	ff9ff06f	jal	x0,80009ebc	
     483035.000 ns	     48302	80009eb8	00036f17	auipc	x30,0x36	 x30=0x8003feb8
     483045.000 ns	     48303	80009ebc	143f2423	sw	x3,328(x30)	 x30:0x8003feb8  x3:0x00000001 PA:0xxxxxxxxx
     483065.000 ns	     48305	80009ec0	ff9ff06f	jal	x0,80009ebc	
     483115.000 ns	     48310	80009eb8	00036f17	auipc	x30,0x36	 x30=0x8003feb8
     483125.000 ns	     48311	80009ebc	143f2423	sw	x3,328(x30)	 x30:0x8003feb8  x3:0x00000001 PA:0xxxxxxxxx
     483145.000 ns	     48313	80009ec0	ff9ff06f	jal	x0,80009ebc	
     483195.000 ns	     48318	80009eb8	00036f17	auipc	x30,0x36	 x30=0x8003feb8
     483205.000 ns	     48319	80009ebc	143f2423	sw	x3,328(x30)	 x30:0x8003feb8  x3:0x00000001 PA:0xxxxxxxxx
     483225.000 ns	     48321	80009ec0	ff9ff06f	jal	x0,80009ebc	
     483275.000 ns	     48326	80009eb8	00036f17	auipc	x30,0x36	 x30=0x8003feb8
     483285.000 ns	     48327	80009ebc	143f2423	sw	x3,328(x30)	 x30:0x8003feb8  x3:0x00000001 PA:0xxxxxxxxx
     483305.000 ns	     48329	80009ec0	ff9ff06f	jal	x0,80009ebc	
     483355.000 ns	     48334	80009eb8	00036f17	auipc	x30,0x36	 x30=0x8003feb8
     483365.000 ns	     48335	80009ebc	143f2423	sw	x3,328(x30)	 x30:0x8003feb8  x3:0x00000001 PA:0xxxxxxxxx
     483385.000 ns	     48337	80009ec0	ff9ff06f	jal	x0,80009ebc	
     483435.000 ns	     48342	80009eb8	00036f17	auipc	x30,0x36	 x30=0x8003feb8
     483445.000 ns	     48343	80009ebc	143f2423	sw	x3,328(x30)	 x30:0x8003feb8  x3:0x00000001 PA:0xxxxxxxxx
     483465.000 ns	     48345	80009ec0	ff9ff06f	jal	x0,80009ebc	
     483515.000 ns	     48350	80009eb8	00036f17	auipc	x30,0x36	 x30=0x8003feb8
     483525.000 ns	     48351	80009ebc	143f2423	sw	x3,328(x30)	 x30:0x8003feb8  x3:0x00000001 PA:0xxxxxxxxx
     483545.000 ns	     48353	80009ec0	ff9ff06f	jal	x0,80009ebc	
     483595.000 ns	     48358	80009eb8	00036f17	auipc	x30,0x36	 x30=0x8003feb8
     483605.000 ns	     48359	80009ebc	143f2423	sw	x3,328(x30)	 x30:0x8003feb8  x3:0x00000001 PA:0xxxxxxxxx
     483625.000 ns	     48361	80009ec0	ff9ff06f	jal	x0,80009ebc	
     483675.000 ns	     48366	80009eb8	00036f17	auipc	x30,0x36	 x30=0x8003feb8
     483685.000 ns	     48367	80009ebc	143f2423	sw	x3,328(x30)	 x30:0x8003feb8  x3:0x00000001 PA:0xxxxxxxxx
     483705.000 ns	     48369	80009ec0	ff9ff06f	jal	x0,80009ebc	
     483755.000 ns	     48374	80009eb8	00036f17	auipc	x30,0x36	 x30=0x8003feb8
     483765.000 ns	     48375	80009ebc	143f2423	sw	x3,328(x30)	 x30:0x8003feb8  x3:0x00000001 PA:0xxxxxxxxx
     483785.000 ns	     48377	80009ec0	ff9ff06f	jal	x0,80009ebc	
     483835.000 ns	     48382	80009eb8	00036f17	auipc	x30,0x36	 x30=0x8003feb8
     483845.000 ns	     48383	80009ebc	143f2423	sw	x3,328(x30)	 x30:0x8003feb8  x3:0x00000001 PA:0xxxxxxxxx
     483865.000 ns	     48385	80009ec0	ff9ff06f	jal	x0,80009ebc	
     483915.000 ns	     48390	80009eb8	00036f17	auipc	x30,0x36	 x30=0x8003feb8
     483925.000 ns	     48391	80009ebc	143f2423	sw	x3,328(x30)	 x30:0x8003feb8  x3:0x00000001 PA:0xxxxxxxxx
     483945.000 ns	     48393	80009ec0	ff9ff06f	jal	x0,80009ebc	
     483995.000 ns	     48398	80009eb8	00036f17	auipc	x30,0x36	 x30=0x8003feb8
     484005.000 ns	     48399	80009ebc	143f2423	sw	x3,328(x30)	 x30:0x8003feb8  x3:0x00000001 PA:0xxxxxxxxx
     484025.000 ns	     48401	80009ec0	ff9ff06f	jal	x0,80009ebc	
     484075.000 ns	     48406	80009eb8	00036f17	auipc	x30,0x36	 x30=0x8003feb8
     484085.000 ns	     48407	80009ebc	143f2423	sw	x3,328(x30)	 x30:0x8003feb8  x3:0x00000001 PA:0xxxxxxxxx
     484105.000 ns	     48409	80009ec0	ff9ff06f	jal	x0,80009ebc	
     484155.000 ns	     48414	80009eb8	00036f17	auipc	x30,0x36	 x30=0x8003feb8
     484165.000 ns	     48415	80009ebc	143f2423	sw	x3,328(x30)	 x30:0x8003feb8  x3:0x00000001 PA:0xxxxxxxxx
     484185.000 ns	     48417	80009ec0	ff9ff06f	jal	x0,80009ebc	
     484235.000 ns	     48422	80009eb8	00036f17	auipc	x30,0x36	 x30=0x8003feb8
     484245.000 ns	     48423	80009ebc	143f2423	sw	x3,328(x30)	 x30:0x8003feb8  x3:0x00000001 PA:0xxxxxxxxx
     484265.000 ns	     48425	80009ec0	ff9ff06f	jal	x0,80009ebc	
     484315.000 ns	     48430	80009eb8	00036f17	auipc	x30,0x36	 x30=0x8003feb8
     484325.000 ns	     48431	80009ebc	143f2423	sw	x3,328(x30)	 x30:0x8003feb8  x3:0x00000001 PA:0xxxxxxxxx
     484345.000 ns	     48433	80009ec0	ff9ff06f	jal	x0,80009ebc	
     484395.000 ns	     48438	80009eb8	00036f17	auipc	x30,0x36	 x30=0x8003feb8
     484405.000 ns	     48439	80009ebc	143f2423	sw	x3,328(x30)	 x30:0x8003feb8  x3:0x00000001 PA:0xxxxxxxxx
     484425.000 ns	     48441	80009ec0	ff9ff06f	jal	x0,80009ebc	
     484475.000 ns	     48446	80009eb8	00036f17	auipc	x30,0x36	 x30=0x8003feb8
     484485.000 ns	     48447	80009ebc	143f2423	sw	x3,328(x30)	 x30:0x8003feb8  x3:0x00000001 PA:0xxxxxxxxx
     484505.000 ns	     48449	80009ec0	ff9ff06f	jal	x0,80009ebc	
     484555.000 ns	     48454	80009eb8	00036f17	auipc	x30,0x36	 x30=0x8003feb8
     484565.000 ns	     48455	80009ebc	143f2423	sw	x3,328(x30)	 x30:0x8003feb8  x3:0x00000001 PA:0xxxxxxxxx
     484585.000 ns	     48457	80009ec0	ff9ff06f	jal	x0,80009ebc	
     484635.000 ns	     48462	80009eb8	00036f17	auipc	x30,0x36	 x30=0x8003feb8
     484645.000 ns	     48463	80009ebc	143f2423	sw	x3,328(x30)	 x30:0x8003feb8  x3:0x00000001 PA:0xxxxxxxxx
     484665.000 ns	     48465	80009ec0	ff9ff06f	jal	x0,80009ebc	
     484715.000 ns	     48470	80009eb8	00036f17	auipc	x30,0x36	 x30=0x8003feb8
     484725.000 ns	     48471	80009ebc	143f2423	sw	x3,328(x30)	 x30:0x8003feb8  x3:0x00000001 PA:0xxxxxxxxx
     484745.000 ns	     48473	80009ec0	ff9ff06f	jal	x0,80009ebc	
     484795.000 ns	     48478	80009eb8	00036f17	auipc	x30,0x36	 x30=0x8003feb8
     484805.000 ns	     48479	80009ebc	143f2423	sw	x3,328(x30)	 x30:0x8003feb8  x3:0x00000001 PA:0xxxxxxxxx
     484825.000 ns	     48481	80009ec0	ff9ff06f	jal	x0,80009ebc	
     484875.000 ns	     48486	80009eb8	00036f17	auipc	x30,0x36	 x30=0x8003feb8
     484885.000 ns	     48487	80009ebc	143f2423	sw	x3,328(x30)	 x30:0x8003feb8  x3:0x00000001 PA:0xxxxxxxxx
     484905.000 ns	     48489	80009ec0	ff9ff06f	jal	x0,80009ebc	
     484955.000 ns	     48494	80009eb8	00036f17	auipc	x30,0x36	 x30=0x8003feb8
     484965.000 ns	     48495	80009ebc	143f2423	sw	x3,328(x30)	 x30:0x8003feb8  x3:0x00000001 PA:0xxxxxxxxx
     484985.000 ns	     48497	80009ec0	ff9ff06f	jal	x0,80009ebc	
     485035.000 ns	     48502	80009eb8	00036f17	auipc	x30,0x36	 x30=0x8003feb8
     485045.000 ns	     48503	80009ebc	143f2423	sw	x3,328(x30)	 x30:0x8003feb8  x3:0x00000001 PA:0xxxxxxxxx
     485065.000 ns	     48505	80009ec0	ff9ff06f	jal	x0,80009ebc	
     485115.000 ns	     48510	80009eb8	00036f17	auipc	x30,0x36	 x30=0x8003feb8
     485125.000 ns	     48511	80009ebc	143f2423	sw	x3,328(x30)	 x30:0x8003feb8  x3:0x00000001 PA:0xxxxxxxxx
     485145.000 ns	     48513	80009ec0	ff9ff06f	jal	x0,80009ebc	
     485195.000 ns	     48518	80009eb8	00036f17	auipc	x30,0x36	 x30=0x8003feb8
     485205.000 ns	     48519	80009ebc	143f2423	sw	x3,328(x30)	 x30:0x8003feb8  x3:0x00000001 PA:0xxxxxxxxx
     485225.000 ns	     48521	80009ec0	ff9ff06f	jal	x0,80009ebc	
     485275.000 ns	     48526	80009eb8	00036f17	auipc	x30,0x36	 x30=0x8003feb8
     485285.000 ns	     48527	80009ebc	143f2423	sw	x3,328(x30)	 x30:0x8003feb8  x3:0x00000001 PA:0xxxxxxxxx
     485305.000 ns	     48529	80009ec0	ff9ff06f	jal	x0,80009ebc	
     485355.000 ns	     48534	80009eb8	00036f17	auipc	x30,0x36	 x30=0x8003feb8
     485365.000 ns	     48535	80009ebc	143f2423	sw	x3,328(x30)	 x30:0x8003feb8  x3:0x00000001 PA:0xxxxxxxxx
     485385.000 ns	     48537	80009ec0	ff9ff06f	jal	x0,80009ebc	
     485435.000 ns	     48542	80009eb8	00036f17	auipc	x30,0x36	 x30=0x8003feb8
     485445.000 ns	     48543	80009ebc	143f2423	sw	x3,328(x30)	 x30:0x8003feb8  x3:0x00000001 PA:0xxxxxxxxx
     485465.000 ns	     48545	80009ec0	ff9ff06f	jal	x0,80009ebc	
     485515.000 ns	     48550	80009eb8	00036f17	auipc	x30,0x36	 x30=0x8003feb8
     485525.000 ns	     48551	80009ebc	143f2423	sw	x3,328(x30)	 x30:0x8003feb8  x3:0x00000001 PA:0xxxxxxxxx
     485545.000 ns	     48553	80009ec0	ff9ff06f	jal	x0,80009ebc	
     485595.000 ns	     48558	80009eb8	00036f17	auipc	x30,0x36	 x30=0x8003feb8
     485605.000 ns	     48559	80009ebc	143f2423	sw	x3,328(x30)	 x30:0x8003feb8  x3:0x00000001 PA:0xxxxxxxxx
     485625.000 ns	     48561	80009ec0	ff9ff06f	jal	x0,80009ebc	
     485675.000 ns	     48566	80009eb8	00036f17	auipc	x30,0x36	 x30=0x8003feb8
     485685.000 ns	     48567	80009ebc	143f2423	sw	x3,328(x30)	 x30:0x8003feb8  x3:0x00000001 PA:0xxxxxxxxx
     485705.000 ns	     48569	80009ec0	ff9ff06f	jal	x0,80009ebc	
     485755.000 ns	     48574	80009eb8	00036f17	auipc	x30,0x36	 x30=0x8003feb8
     485765.000 ns	     48575	80009ebc	143f2423	sw	x3,328(x30)	 x30:0x8003feb8  x3:0x00000001 PA:0xxxxxxxxx
     485785.000 ns	     48577	80009ec0	ff9ff06f	jal	x0,80009ebc	
     485835.000 ns	     48582	80009eb8	00036f17	auipc	x30,0x36	 x30=0x8003feb8
     485845.000 ns	     48583	80009ebc	143f2423	sw	x3,328(x30)	 x30:0x8003feb8  x3:0x00000001 PA:0xxxxxxxxx
     485865.000 ns	     48585	80009ec0	ff9ff06f	jal	x0,80009ebc	
     485915.000 ns	     48590	80009eb8	00036f17	auipc	x30,0x36	 x30=0x8003feb8
     485925.000 ns	     48591	80009ebc	143f2423	sw	x3,328(x30)	 x30:0x8003feb8  x3:0x00000001 PA:0xxxxxxxxx
     485945.000 ns	     48593	80009ec0	ff9ff06f	jal	x0,80009ebc	
     485995.000 ns	     48598	80009eb8	00036f17	auipc	x30,0x36	 x30=0x8003feb8
     486005.000 ns	     48599	80009ebc	143f2423	sw	x3,328(x30)	 x30:0x8003feb8  x3:0x00000001 PA:0xxxxxxxxx
     486025.000 ns	     48601	80009ec0	ff9ff06f	jal	x0,80009ebc	
     486075.000 ns	     48606	80009eb8	00036f17	auipc	x30,0x36	 x30=0x8003feb8
     486085.000 ns	     48607	80009ebc	143f2423	sw	x3,328(x30)	 x30:0x8003feb8  x3:0x00000001 PA:0xxxxxxxxx
     486105.000 ns	     48609	80009ec0	ff9ff06f	jal	x0,80009ebc	
     486155.000 ns	     48614	80009eb8	00036f17	auipc	x30,0x36	 x30=0x8003feb8
     486165.000 ns	     48615	80009ebc	143f2423	sw	x3,328(x30)	 x30:0x8003feb8  x3:0x00000001 PA:0xxxxxxxxx
     486185.000 ns	     48617	80009ec0	ff9ff06f	jal	x0,80009ebc	
     486235.000 ns	     48622	80009eb8	00036f17	auipc	x30,0x36	 x30=0x8003feb8
     486245.000 ns	     48623	80009ebc	143f2423	sw	x3,328(x30)	 x30:0x8003feb8  x3:0x00000001 PA:0xxxxxxxxx
     486265.000 ns	     48625	80009ec0	ff9ff06f	jal	x0,80009ebc	
     486315.000 ns	     48630	80009eb8	00036f17	auipc	x30,0x36	 x30=0x8003feb8
     486325.000 ns	     48631	80009ebc	143f2423	sw	x3,328(x30)	 x30:0x8003feb8  x3:0x00000001 PA:0xxxxxxxxx
     486345.000 ns	     48633	80009ec0	ff9ff06f	jal	x0,80009ebc	
     486395.000 ns	     48638	80009eb8	00036f17	auipc	x30,0x36	 x30=0x8003feb8
     486405.000 ns	     48639	80009ebc	143f2423	sw	x3,328(x30)	 x30:0x8003feb8  x3:0x00000001 PA:0xxxxxxxxx
     486425.000 ns	     48641	80009ec0	ff9ff06f	jal	x0,80009ebc	
     486475.000 ns	     48646	80009eb8	00036f17	auipc	x30,0x36	 x30=0x8003feb8
     486485.000 ns	     48647	80009ebc	143f2423	sw	x3,328(x30)	 x30:0x8003feb8  x3:0x00000001 PA:0xxxxxxxxx
     486505.000 ns	     48649	80009ec0	ff9ff06f	jal	x0,80009ebc	
     486555.000 ns	     48654	80009eb8	00036f17	auipc	x30,0x36	 x30=0x8003feb8
     486565.000 ns	     48655	80009ebc	143f2423	sw	x3,328(x30)	 x30:0x8003feb8  x3:0x00000001 PA:0xxxxxxxxx
     486585.000 ns	     48657	80009ec0	ff9ff06f	jal	x0,80009ebc	
     486635.000 ns	     48662	80009eb8	00036f17	auipc	x30,0x36	 x30=0x8003feb8
     486645.000 ns	     48663	80009ebc	143f2423	sw	x3,328(x30)	 x30:0x8003feb8  x3:0x00000001 PA:0xxxxxxxxx
     486665.000 ns	     48665	80009ec0	ff9ff06f	jal	x0,80009ebc	
     486715.000 ns	     48670	80009eb8	00036f17	auipc	x30,0x36	 x30=0x8003feb8
     486725.000 ns	     48671	80009ebc	143f2423	sw	x3,328(x30)	 x30:0x8003feb8  x3:0x00000001 PA:0xxxxxxxxx
     486745.000 ns	     48673	80009ec0	ff9ff06f	jal	x0,80009ebc	
     486795.000 ns	     48678	80009eb8	00036f17	auipc	x30,0x36	 x30=0x8003feb8
     486805.000 ns	     48679	80009ebc	143f2423	sw	x3,328(x30)	 x30:0x8003feb8  x3:0x00000001 PA:0xxxxxxxxx
     486825.000 ns	     48681	80009ec0	ff9ff06f	jal	x0,80009ebc	
     486875.000 ns	     48686	80009eb8	00036f17	auipc	x30,0x36	 x30=0x8003feb8
     486885.000 ns	     48687	80009ebc	143f2423	sw	x3,328(x30)	 x30:0x8003feb8  x3:0x00000001 PA:0xxxxxxxxx
     486905.000 ns	     48689	80009ec0	ff9ff06f	jal	x0,80009ebc	
     486955.000 ns	     48694	80009eb8	00036f17	auipc	x30,0x36	 x30=0x8003feb8
     486965.000 ns	     48695	80009ebc	143f2423	sw	x3,328(x30)	 x30:0x8003feb8  x3:0x00000001 PA:0xxxxxxxxx
     486985.000 ns	     48697	80009ec0	ff9ff06f	jal	x0,80009ebc	
     487035.000 ns	     48702	80009eb8	00036f17	auipc	x30,0x36	 x30=0x8003feb8
     487045.000 ns	     48703	80009ebc	143f2423	sw	x3,328(x30)	 x30:0x8003feb8  x3:0x00000001 PA:0xxxxxxxxx
     487065.000 ns	     48705	80009ec0	ff9ff06f	jal	x0,80009ebc	
     487115.000 ns	     48710	80009eb8	00036f17	auipc	x30,0x36	 x30=0x8003feb8
     487125.000 ns	     48711	80009ebc	143f2423	sw	x3,328(x30)	 x30:0x8003feb8  x3:0x00000001 PA:0xxxxxxxxx
     487145.000 ns	     48713	80009ec0	ff9ff06f	jal	x0,80009ebc	
     487195.000 ns	     48718	80009eb8	00036f17	auipc	x30,0x36	 x30=0x8003feb8
     487205.000 ns	     48719	80009ebc	143f2423	sw	x3,328(x30)	 x30:0x8003feb8  x3:0x00000001 PA:0xxxxxxxxx
     487225.000 ns	     48721	80009ec0	ff9ff06f	jal	x0,80009ebc	
     487275.000 ns	     48726	80009eb8	00036f17	auipc	x30,0x36	 x30=0x8003feb8
     487285.000 ns	     48727	80009ebc	143f2423	sw	x3,328(x30)	 x30:0x8003feb8  x3:0x00000001 PA:0xxxxxxxxx
     487305.000 ns	     48729	80009ec0	ff9ff06f	jal	x0,80009ebc	
     487355.000 ns	     48734	80009eb8	00036f17	auipc	x30,0x36	 x30=0x8003feb8
     487365.000 ns	     48735	80009ebc	143f2423	sw	x3,328(x30)	 x30:0x8003feb8  x3:0x00000001 PA:0xxxxxxxxx
     487385.000 ns	     48737	80009ec0	ff9ff06f	jal	x0,80009ebc	
     487435.000 ns	     48742	80009eb8	00036f17	auipc	x30,0x36	 x30=0x8003feb8
     487445.000 ns	     48743	80009ebc	143f2423	sw	x3,328(x30)	 x30:0x8003feb8  x3:0x00000001 PA:0xxxxxxxxx
     487465.000 ns	     48745	80009ec0	ff9ff06f	jal	x0,80009ebc	
     487515.000 ns	     48750	80009eb8	00036f17	auipc	x30,0x36	 x30=0x8003feb8
     487525.000 ns	     48751	80009ebc	143f2423	sw	x3,328(x30)	 x30:0x8003feb8  x3:0x00000001 PA:0xxxxxxxxx
     487545.000 ns	     48753	80009ec0	ff9ff06f	jal	x0,80009ebc	
     487595.000 ns	     48758	80009eb8	00036f17	auipc	x30,0x36	 x30=0x8003feb8
     487605.000 ns	     48759	80009ebc	143f2423	sw	x3,328(x30)	 x30:0x8003feb8  x3:0x00000001 PA:0xxxxxxxxx
     487625.000 ns	     48761	80009ec0	ff9ff06f	jal	x0,80009ebc	
     487675.000 ns	     48766	80009eb8	00036f17	auipc	x30,0x36	 x30=0x8003feb8
     487685.000 ns	     48767	80009ebc	143f2423	sw	x3,328(x30)	 x30:0x8003feb8  x3:0x00000001 PA:0xxxxxxxxx
     487705.000 ns	     48769	80009ec0	ff9ff06f	jal	x0,80009ebc	
     487755.000 ns	     48774	80009eb8	00036f17	auipc	x30,0x36	 x30=0x8003feb8
     487765.000 ns	     48775	80009ebc	143f2423	sw	x3,328(x30)	 x30:0x8003feb8  x3:0x00000001 PA:0xxxxxxxxx
     487785.000 ns	     48777	80009ec0	ff9ff06f	jal	x0,80009ebc	
     487835.000 ns	     48782	80009eb8	00036f17	auipc	x30,0x36	 x30=0x8003feb8
     487845.000 ns	     48783	80009ebc	143f2423	sw	x3,328(x30)	 x30:0x8003feb8  x3:0x00000001 PA:0xxxxxxxxx
     487865.000 ns	     48785	80009ec0	ff9ff06f	jal	x0,80009ebc	
     487915.000 ns	     48790	80009eb8	00036f17	auipc	x30,0x36	 x30=0x8003feb8
     487925.000 ns	     48791	80009ebc	143f2423	sw	x3,328(x30)	 x30:0x8003feb8  x3:0x00000001 PA:0xxxxxxxxx
     487945.000 ns	     48793	80009ec0	ff9ff06f	jal	x0,80009ebc	
     487995.000 ns	     48798	80009eb8	00036f17	auipc	x30,0x36	 x30=0x8003feb8
     488005.000 ns	     48799	80009ebc	143f2423	sw	x3,328(x30)	 x30:0x8003feb8  x3:0x00000001 PA:0xxxxxxxxx
     488025.000 ns	     48801	80009ec0	ff9ff06f	jal	x0,80009ebc	
     488075.000 ns	     48806	80009eb8	00036f17	auipc	x30,0x36	 x30=0x8003feb8
     488085.000 ns	     48807	80009ebc	143f2423	sw	x3,328(x30)	 x30:0x8003feb8  x3:0x00000001 PA:0xxxxxxxxx
     488105.000 ns	     48809	80009ec0	ff9ff06f	jal	x0,80009ebc	
     488155.000 ns	     48814	80009eb8	00036f17	auipc	x30,0x36	 x30=0x8003feb8
     488165.000 ns	     48815	80009ebc	143f2423	sw	x3,328(x30)	 x30:0x8003feb8  x3:0x00000001 PA:0xxxxxxxxx
     488185.000 ns	     48817	80009ec0	ff9ff06f	jal	x0,80009ebc	
     488235.000 ns	     48822	80009eb8	00036f17	auipc	x30,0x36	 x30=0x8003feb8
     488245.000 ns	     48823	80009ebc	143f2423	sw	x3,328(x30)	 x30:0x8003feb8  x3:0x00000001 PA:0xxxxxxxxx
     488265.000 ns	     48825	80009ec0	ff9ff06f	jal	x0,80009ebc	
     488315.000 ns	     48830	80009eb8	00036f17	auipc	x30,0x36	 x30=0x8003feb8
     488325.000 ns	     48831	80009ebc	143f2423	sw	x3,328(x30)	 x30:0x8003feb8  x3:0x00000001 PA:0xxxxxxxxx
     488345.000 ns	     48833	80009ec0	ff9ff06f	jal	x0,80009ebc	
     488395.000 ns	     48838	80009eb8	00036f17	auipc	x30,0x36	 x30=0x8003feb8
     488405.000 ns	     48839	80009ebc	143f2423	sw	x3,328(x30)	 x30:0x8003feb8  x3:0x00000001 PA:0xxxxxxxxx
     488425.000 ns	     48841	80009ec0	ff9ff06f	jal	x0,80009ebc	
     488475.000 ns	     48846	80009eb8	00036f17	auipc	x30,0x36	 x30=0x8003feb8
     488485.000 ns	     48847	80009ebc	143f2423	sw	x3,328(x30)	 x30:0x8003feb8  x3:0x00000001 PA:0xxxxxxxxx
     488505.000 ns	     48849	80009ec0	ff9ff06f	jal	x0,80009ebc	
     488555.000 ns	     48854	80009eb8	00036f17	auipc	x30,0x36	 x30=0x8003feb8
     488565.000 ns	     48855	80009ebc	143f2423	sw	x3,328(x30)	 x30:0x8003feb8  x3:0x00000001 PA:0xxxxxxxxx
     488585.000 ns	     48857	80009ec0	ff9ff06f	jal	x0,80009ebc	
     488635.000 ns	     48862	80009eb8	00036f17	auipc	x30,0x36	 x30=0x8003feb8
     488645.000 ns	     48863	80009ebc	143f2423	sw	x3,328(x30)	 x30:0x8003feb8  x3:0x00000001 PA:0xxxxxxxxx
     488665.000 ns	     48865	80009ec0	ff9ff06f	jal	x0,80009ebc	
     488715.000 ns	     48870	80009eb8	00036f17	auipc	x30,0x36	 x30=0x8003feb8
     488725.000 ns	     48871	80009ebc	143f2423	sw	x3,328(x30)	 x30:0x8003feb8  x3:0x00000001 PA:0xxxxxxxxx
     488745.000 ns	     48873	80009ec0	ff9ff06f	jal	x0,80009ebc	
     488795.000 ns	     48878	80009eb8	00036f17	auipc	x30,0x36	 x30=0x8003feb8
     488805.000 ns	     48879	80009ebc	143f2423	sw	x3,328(x30)	 x30:0x8003feb8  x3:0x00000001 PA:0xxxxxxxxx
     488825.000 ns	     48881	80009ec0	ff9ff06f	jal	x0,80009ebc	
     488875.000 ns	     48886	80009eb8	00036f17	auipc	x30,0x36	 x30=0x8003feb8
     488885.000 ns	     48887	80009ebc	143f2423	sw	x3,328(x30)	 x30:0x8003feb8  x3:0x00000001 PA:0xxxxxxxxx
     488905.000 ns	     48889	80009ec0	ff9ff06f	jal	x0,80009ebc	
     488955.000 ns	     48894	80009eb8	00036f17	auipc	x30,0x36	 x30=0x8003feb8
     488965.000 ns	     48895	80009ebc	143f2423	sw	x3,328(x30)	 x30:0x8003feb8  x3:0x00000001 PA:0xxxxxxxxx
     488985.000 ns	     48897	80009ec0	ff9ff06f	jal	x0,80009ebc	
     489035.000 ns	     48902	80009eb8	00036f17	auipc	x30,0x36	 x30=0x8003feb8
     489045.000 ns	     48903	80009ebc	143f2423	sw	x3,328(x30)	 x30:0x8003feb8  x3:0x00000001 PA:0xxxxxxxxx
     489065.000 ns	     48905	80009ec0	ff9ff06f	jal	x0,80009ebc	
     489115.000 ns	     48910	80009eb8	00036f17	auipc	x30,0x36	 x30=0x8003feb8
     489125.000 ns	     48911	80009ebc	143f2423	sw	x3,328(x30)	 x30:0x8003feb8  x3:0x00000001 PA:0xxxxxxxxx
     489145.000 ns	     48913	80009ec0	ff9ff06f	jal	x0,80009ebc	
     489195.000 ns	     48918	80009eb8	00036f17	auipc	x30,0x36	 x30=0x8003feb8
     489205.000 ns	     48919	80009ebc	143f2423	sw	x3,328(x30)	 x30:0x8003feb8  x3:0x00000001 PA:0xxxxxxxxx
     489225.000 ns	     48921	80009ec0	ff9ff06f	jal	x0,80009ebc	
     489275.000 ns	     48926	80009eb8	00036f17	auipc	x30,0x36	 x30=0x8003feb8
     489285.000 ns	     48927	80009ebc	143f2423	sw	x3,328(x30)	 x30:0x8003feb8  x3:0x00000001 PA:0xxxxxxxxx
     489305.000 ns	     48929	80009ec0	ff9ff06f	jal	x0,80009ebc	
     489355.000 ns	     48934	80009eb8	00036f17	auipc	x30,0x36	 x30=0x8003feb8
     489365.000 ns	     48935	80009ebc	143f2423	sw	x3,328(x30)	 x30:0x8003feb8  x3:0x00000001 PA:0xxxxxxxxx
     489385.000 ns	     48937	80009ec0	ff9ff06f	jal	x0,80009ebc	
     489435.000 ns	     48942	80009eb8	00036f17	auipc	x30,0x36	 x30=0x8003feb8
     489445.000 ns	     48943	80009ebc	143f2423	sw	x3,328(x30)	 x30:0x8003feb8  x3:0x00000001 PA:0xxxxxxxxx
     489465.000 ns	     48945	80009ec0	ff9ff06f	jal	x0,80009ebc	
     489515.000 ns	     48950	80009eb8	00036f17	auipc	x30,0x36	 x30=0x8003feb8
     489525.000 ns	     48951	80009ebc	143f2423	sw	x3,328(x30)	 x30:0x8003feb8  x3:0x00000001 PA:0xxxxxxxxx
     489545.000 ns	     48953	80009ec0	ff9ff06f	jal	x0,80009ebc	
     489595.000 ns	     48958	80009eb8	00036f17	auipc	x30,0x36	 x30=0x8003feb8
     489605.000 ns	     48959	80009ebc	143f2423	sw	x3,328(x30)	 x30:0x8003feb8  x3:0x00000001 PA:0xxxxxxxxx
     489625.000 ns	     48961	80009ec0	ff9ff06f	jal	x0,80009ebc	
     489675.000 ns	     48966	80009eb8	00036f17	auipc	x30,0x36	 x30=0x8003feb8
     489685.000 ns	     48967	80009ebc	143f2423	sw	x3,328(x30)	 x30:0x8003feb8  x3:0x00000001 PA:0xxxxxxxxx
     489705.000 ns	     48969	80009ec0	ff9ff06f	jal	x0,80009ebc	
     489755.000 ns	     48974	80009eb8	00036f17	auipc	x30,0x36	 x30=0x8003feb8
     489765.000 ns	     48975	80009ebc	143f2423	sw	x3,328(x30)	 x30:0x8003feb8  x3:0x00000001 PA:0xxxxxxxxx
     489785.000 ns	     48977	80009ec0	ff9ff06f	jal	x0,80009ebc	
     489835.000 ns	     48982	80009eb8	00036f17	auipc	x30,0x36	 x30=0x8003feb8
     489845.000 ns	     48983	80009ebc	143f2423	sw	x3,328(x30)	 x30:0x8003feb8  x3:0x00000001 PA:0xxxxxxxxx
     489865.000 ns	     48985	80009ec0	ff9ff06f	jal	x0,80009ebc	
     489915.000 ns	     48990	80009eb8	00036f17	auipc	x30,0x36	 x30=0x8003feb8
     489925.000 ns	     48991	80009ebc	143f2423	sw	x3,328(x30)	 x30:0x8003feb8  x3:0x00000001 PA:0xxxxxxxxx
     489945.000 ns	     48993	80009ec0	ff9ff06f	jal	x0,80009ebc	
     489995.000 ns	     48998	80009eb8	00036f17	auipc	x30,0x36	 x30=0x8003feb8
     490005.000 ns	     48999	80009ebc	143f2423	sw	x3,328(x30)	 x30:0x8003feb8  x3:0x00000001 PA:0xxxxxxxxx
     490025.000 ns	     49001	80009ec0	ff9ff06f	jal	x0,80009ebc	
     490075.000 ns	     49006	80009eb8	00036f17	auipc	x30,0x36	 x30=0x8003feb8
     490085.000 ns	     49007	80009ebc	143f2423	sw	x3,328(x30)	 x30:0x8003feb8  x3:0x00000001 PA:0xxxxxxxxx
     490105.000 ns	     49009	80009ec0	ff9ff06f	jal	x0,80009ebc	
     490155.000 ns	     49014	80009eb8	00036f17	auipc	x30,0x36	 x30=0x8003feb8
     490165.000 ns	     49015	80009ebc	143f2423	sw	x3,328(x30)	 x30:0x8003feb8  x3:0x00000001 PA:0xxxxxxxxx
     490185.000 ns	     49017	80009ec0	ff9ff06f	jal	x0,80009ebc	
     490235.000 ns	     49022	80009eb8	00036f17	auipc	x30,0x36	 x30=0x8003feb8
     490245.000 ns	     49023	80009ebc	143f2423	sw	x3,328(x30)	 x30:0x8003feb8  x3:0x00000001 PA:0xxxxxxxxx
     490265.000 ns	     49025	80009ec0	ff9ff06f	jal	x0,80009ebc	
     490315.000 ns	     49030	80009eb8	00036f17	auipc	x30,0x36	 x30=0x8003feb8
     490325.000 ns	     49031	80009ebc	143f2423	sw	x3,328(x30)	 x30:0x8003feb8  x3:0x00000001 PA:0xxxxxxxxx
     490345.000 ns	     49033	80009ec0	ff9ff06f	jal	x0,80009ebc	
     490395.000 ns	     49038	80009eb8	00036f17	auipc	x30,0x36	 x30=0x8003feb8
     490405.000 ns	     49039	80009ebc	143f2423	sw	x3,328(x30)	 x30:0x8003feb8  x3:0x00000001 PA:0xxxxxxxxx
     490425.000 ns	     49041	80009ec0	ff9ff06f	jal	x0,80009ebc	
     490475.000 ns	     49046	80009eb8	00036f17	auipc	x30,0x36	 x30=0x8003feb8
     490485.000 ns	     49047	80009ebc	143f2423	sw	x3,328(x30)	 x30:0x8003feb8  x3:0x00000001 PA:0xxxxxxxxx
     490505.000 ns	     49049	80009ec0	ff9ff06f	jal	x0,80009ebc	
     490555.000 ns	     49054	80009eb8	00036f17	auipc	x30,0x36	 x30=0x8003feb8
     490565.000 ns	     49055	80009ebc	143f2423	sw	x3,328(x30)	 x30:0x8003feb8  x3:0x00000001 PA:0xxxxxxxxx
     490585.000 ns	     49057	80009ec0	ff9ff06f	jal	x0,80009ebc	
     490635.000 ns	     49062	80009eb8	00036f17	auipc	x30,0x36	 x30=0x8003feb8
     490645.000 ns	     49063	80009ebc	143f2423	sw	x3,328(x30)	 x30:0x8003feb8  x3:0x00000001 PA:0xxxxxxxxx
     490665.000 ns	     49065	80009ec0	ff9ff06f	jal	x0,80009ebc	
     490715.000 ns	     49070	80009eb8	00036f17	auipc	x30,0x36	 x30=0x8003feb8
     490725.000 ns	     49071	80009ebc	143f2423	sw	x3,328(x30)	 x30:0x8003feb8  x3:0x00000001 PA:0xxxxxxxxx
     490745.000 ns	     49073	80009ec0	ff9ff06f	jal	x0,80009ebc	
     490795.000 ns	     49078	80009eb8	00036f17	auipc	x30,0x36	 x30=0x8003feb8
     490805.000 ns	     49079	80009ebc	143f2423	sw	x3,328(x30)	 x30:0x8003feb8  x3:0x00000001 PA:0xxxxxxxxx
     490825.000 ns	     49081	80009ec0	ff9ff06f	jal	x0,80009ebc	
     490875.000 ns	     49086	80009eb8	00036f17	auipc	x30,0x36	 x30=0x8003feb8
     490885.000 ns	     49087	80009ebc	143f2423	sw	x3,328(x30)	 x30:0x8003feb8  x3:0x00000001 PA:0xxxxxxxxx
     490905.000 ns	     49089	80009ec0	ff9ff06f	jal	x0,80009ebc	
     490955.000 ns	     49094	80009eb8	00036f17	auipc	x30,0x36	 x30=0x8003feb8
     490965.000 ns	     49095	80009ebc	143f2423	sw	x3,328(x30)	 x30:0x8003feb8  x3:0x00000001 PA:0xxxxxxxxx
     490985.000 ns	     49097	80009ec0	ff9ff06f	jal	x0,80009ebc	
     491035.000 ns	     49102	80009eb8	00036f17	auipc	x30,0x36	 x30=0x8003feb8
     491045.000 ns	     49103	80009ebc	143f2423	sw	x3,328(x30)	 x30:0x8003feb8  x3:0x00000001 PA:0xxxxxxxxx
     491065.000 ns	     49105	80009ec0	ff9ff06f	jal	x0,80009ebc	
     491115.000 ns	     49110	80009eb8	00036f17	auipc	x30,0x36	 x30=0x8003feb8
     491125.000 ns	     49111	80009ebc	143f2423	sw	x3,328(x30)	 x30:0x8003feb8  x3:0x00000001 PA:0xxxxxxxxx
     491145.000 ns	     49113	80009ec0	ff9ff06f	jal	x0,80009ebc	
     491195.000 ns	     49118	80009eb8	00036f17	auipc	x30,0x36	 x30=0x8003feb8
     491205.000 ns	     49119	80009ebc	143f2423	sw	x3,328(x30)	 x30:0x8003feb8  x3:0x00000001 PA:0xxxxxxxxx
     491225.000 ns	     49121	80009ec0	ff9ff06f	jal	x0,80009ebc	
     491275.000 ns	     49126	80009eb8	00036f17	auipc	x30,0x36	 x30=0x8003feb8
     491285.000 ns	     49127	80009ebc	143f2423	sw	x3,328(x30)	 x30:0x8003feb8  x3:0x00000001 PA:0xxxxxxxxx
     491305.000 ns	     49129	80009ec0	ff9ff06f	jal	x0,80009ebc	
     491355.000 ns	     49134	80009eb8	00036f17	auipc	x30,0x36	 x30=0x8003feb8
     491365.000 ns	     49135	80009ebc	143f2423	sw	x3,328(x30)	 x30:0x8003feb8  x3:0x00000001 PA:0xxxxxxxxx
     491385.000 ns	     49137	80009ec0	ff9ff06f	jal	x0,80009ebc	
     491435.000 ns	     49142	80009eb8	00036f17	auipc	x30,0x36	 x30=0x8003feb8
     491445.000 ns	     49143	80009ebc	143f2423	sw	x3,328(x30)	 x30:0x8003feb8  x3:0x00000001 PA:0xxxxxxxxx
     491465.000 ns	     49145	80009ec0	ff9ff06f	jal	x0,80009ebc	
     491515.000 ns	     49150	80009eb8	00036f17	auipc	x30,0x36	 x30=0x8003feb8
     491525.000 ns	     49151	80009ebc	143f2423	sw	x3,328(x30)	 x30:0x8003feb8  x3:0x00000001 PA:0xxxxxxxxx
     491545.000 ns	     49153	80009ec0	ff9ff06f	jal	x0,80009ebc	
     491595.000 ns	     49158	80009eb8	00036f17	auipc	x30,0x36	 x30=0x8003feb8
     491605.000 ns	     49159	80009ebc	143f2423	sw	x3,328(x30)	 x30:0x8003feb8  x3:0x00000001 PA:0xxxxxxxxx
     491625.000 ns	     49161	80009ec0	ff9ff06f	jal	x0,80009ebc	
     491675.000 ns	     49166	80009eb8	00036f17	auipc	x30,0x36	 x30=0x8003feb8
     491685.000 ns	     49167	80009ebc	143f2423	sw	x3,328(x30)	 x30:0x8003feb8  x3:0x00000001 PA:0xxxxxxxxx
     491705.000 ns	     49169	80009ec0	ff9ff06f	jal	x0,80009ebc	
     491755.000 ns	     49174	80009eb8	00036f17	auipc	x30,0x36	 x30=0x8003feb8
     491765.000 ns	     49175	80009ebc	143f2423	sw	x3,328(x30)	 x30:0x8003feb8  x3:0x00000001 PA:0xxxxxxxxx
     491785.000 ns	     49177	80009ec0	ff9ff06f	jal	x0,80009ebc	
     491835.000 ns	     49182	80009eb8	00036f17	auipc	x30,0x36	 x30=0x8003feb8
     491845.000 ns	     49183	80009ebc	143f2423	sw	x3,328(x30)	 x30:0x8003feb8  x3:0x00000001 PA:0xxxxxxxxx
     491865.000 ns	     49185	80009ec0	ff9ff06f	jal	x0,80009ebc	
     491915.000 ns	     49190	80009eb8	00036f17	auipc	x30,0x36	 x30=0x8003feb8
     491925.000 ns	     49191	80009ebc	143f2423	sw	x3,328(x30)	 x30:0x8003feb8  x3:0x00000001 PA:0xxxxxxxxx
     491945.000 ns	     49193	80009ec0	ff9ff06f	jal	x0,80009ebc	
     491995.000 ns	     49198	80009eb8	00036f17	auipc	x30,0x36	 x30=0x8003feb8
     492005.000 ns	     49199	80009ebc	143f2423	sw	x3,328(x30)	 x30:0x8003feb8  x3:0x00000001 PA:0xxxxxxxxx
     492025.000 ns	     49201	80009ec0	ff9ff06f	jal	x0,80009ebc	
     492075.000 ns	     49206	80009eb8	00036f17	auipc	x30,0x36	 x30=0x8003feb8
     492085.000 ns	     49207	80009ebc	143f2423	sw	x3,328(x30)	 x30:0x8003feb8  x3:0x00000001 PA:0xxxxxxxxx
     492105.000 ns	     49209	80009ec0	ff9ff06f	jal	x0,80009ebc	
     492155.000 ns	     49214	80009eb8	00036f17	auipc	x30,0x36	 x30=0x8003feb8
     492165.000 ns	     49215	80009ebc	143f2423	sw	x3,328(x30)	 x30:0x8003feb8  x3:0x00000001 PA:0xxxxxxxxx
     492185.000 ns	     49217	80009ec0	ff9ff06f	jal	x0,80009ebc	
     492235.000 ns	     49222	80009eb8	00036f17	auipc	x30,0x36	 x30=0x8003feb8
     492245.000 ns	     49223	80009ebc	143f2423	sw	x3,328(x30)	 x30:0x8003feb8  x3:0x00000001 PA:0xxxxxxxxx
     492265.000 ns	     49225	80009ec0	ff9ff06f	jal	x0,80009ebc	
     492315.000 ns	     49230	80009eb8	00036f17	auipc	x30,0x36	 x30=0x8003feb8
     492325.000 ns	     49231	80009ebc	143f2423	sw	x3,328(x30)	 x30:0x8003feb8  x3:0x00000001 PA:0xxxxxxxxx
     492345.000 ns	     49233	80009ec0	ff9ff06f	jal	x0,80009ebc	
     492395.000 ns	     49238	80009eb8	00036f17	auipc	x30,0x36	 x30=0x8003feb8
     492405.000 ns	     49239	80009ebc	143f2423	sw	x3,328(x30)	 x30:0x8003feb8  x3:0x00000001 PA:0xxxxxxxxx
     492425.000 ns	     49241	80009ec0	ff9ff06f	jal	x0,80009ebc	
     492475.000 ns	     49246	80009eb8	00036f17	auipc	x30,0x36	 x30=0x8003feb8
     492485.000 ns	     49247	80009ebc	143f2423	sw	x3,328(x30)	 x30:0x8003feb8  x3:0x00000001 PA:0xxxxxxxxx
     492505.000 ns	     49249	80009ec0	ff9ff06f	jal	x0,80009ebc	
     492555.000 ns	     49254	80009eb8	00036f17	auipc	x30,0x36	 x30=0x8003feb8
     492565.000 ns	     49255	80009ebc	143f2423	sw	x3,328(x30)	 x30:0x8003feb8  x3:0x00000001 PA:0xxxxxxxxx
     492585.000 ns	     49257	80009ec0	ff9ff06f	jal	x0,80009ebc	
     492635.000 ns	     49262	80009eb8	00036f17	auipc	x30,0x36	 x30=0x8003feb8
     492645.000 ns	     49263	80009ebc	143f2423	sw	x3,328(x30)	 x30:0x8003feb8  x3:0x00000001 PA:0xxxxxxxxx
     492665.000 ns	     49265	80009ec0	ff9ff06f	jal	x0,80009ebc	
     492715.000 ns	     49270	80009eb8	00036f17	auipc	x30,0x36	 x30=0x8003feb8
     492725.000 ns	     49271	80009ebc	143f2423	sw	x3,328(x30)	 x30:0x8003feb8  x3:0x00000001 PA:0xxxxxxxxx
     492745.000 ns	     49273	80009ec0	ff9ff06f	jal	x0,80009ebc	
     492795.000 ns	     49278	80009eb8	00036f17	auipc	x30,0x36	 x30=0x8003feb8
     492805.000 ns	     49279	80009ebc	143f2423	sw	x3,328(x30)	 x30:0x8003feb8  x3:0x00000001 PA:0xxxxxxxxx
     492825.000 ns	     49281	80009ec0	ff9ff06f	jal	x0,80009ebc	
     492875.000 ns	     49286	80009eb8	00036f17	auipc	x30,0x36	 x30=0x8003feb8
     492885.000 ns	     49287	80009ebc	143f2423	sw	x3,328(x30)	 x30:0x8003feb8  x3:0x00000001 PA:0xxxxxxxxx
     492905.000 ns	     49289	80009ec0	ff9ff06f	jal	x0,80009ebc	
     492955.000 ns	     49294	80009eb8	00036f17	auipc	x30,0x36	 x30=0x8003feb8
     492965.000 ns	     49295	80009ebc	143f2423	sw	x3,328(x30)	 x30:0x8003feb8  x3:0x00000001 PA:0xxxxxxxxx
     492985.000 ns	     49297	80009ec0	ff9ff06f	jal	x0,80009ebc	
     493035.000 ns	     49302	80009eb8	00036f17	auipc	x30,0x36	 x30=0x8003feb8
     493045.000 ns	     49303	80009ebc	143f2423	sw	x3,328(x30)	 x30:0x8003feb8  x3:0x00000001 PA:0xxxxxxxxx
     493065.000 ns	     49305	80009ec0	ff9ff06f	jal	x0,80009ebc	
     493115.000 ns	     49310	80009eb8	00036f17	auipc	x30,0x36	 x30=0x8003feb8
     493125.000 ns	     49311	80009ebc	143f2423	sw	x3,328(x30)	 x30:0x8003feb8  x3:0x00000001 PA:0xxxxxxxxx
     493145.000 ns	     49313	80009ec0	ff9ff06f	jal	x0,80009ebc	
     493195.000 ns	     49318	80009eb8	00036f17	auipc	x30,0x36	 x30=0x8003feb8
     493205.000 ns	     49319	80009ebc	143f2423	sw	x3,328(x30)	 x30:0x8003feb8  x3:0x00000001 PA:0xxxxxxxxx
     493225.000 ns	     49321	80009ec0	ff9ff06f	jal	x0,80009ebc	
     493275.000 ns	     49326	80009eb8	00036f17	auipc	x30,0x36	 x30=0x8003feb8
     493285.000 ns	     49327	80009ebc	143f2423	sw	x3,328(x30)	 x30:0x8003feb8  x3:0x00000001 PA:0xxxxxxxxx
     493305.000 ns	     49329	80009ec0	ff9ff06f	jal	x0,80009ebc	
     493355.000 ns	     49334	80009eb8	00036f17	auipc	x30,0x36	 x30=0x8003feb8
     493365.000 ns	     49335	80009ebc	143f2423	sw	x3,328(x30)	 x30:0x8003feb8  x3:0x00000001 PA:0xxxxxxxxx
     493385.000 ns	     49337	80009ec0	ff9ff06f	jal	x0,80009ebc	
     493435.000 ns	     49342	80009eb8	00036f17	auipc	x30,0x36	 x30=0x8003feb8
     493445.000 ns	     49343	80009ebc	143f2423	sw	x3,328(x30)	 x30:0x8003feb8  x3:0x00000001 PA:0xxxxxxxxx
     493465.000 ns	     49345	80009ec0	ff9ff06f	jal	x0,80009ebc	
     493515.000 ns	     49350	80009eb8	00036f17	auipc	x30,0x36	 x30=0x8003feb8
     493525.000 ns	     49351	80009ebc	143f2423	sw	x3,328(x30)	 x30:0x8003feb8  x3:0x00000001 PA:0xxxxxxxxx
     493545.000 ns	     49353	80009ec0	ff9ff06f	jal	x0,80009ebc	
     493595.000 ns	     49358	80009eb8	00036f17	auipc	x30,0x36	 x30=0x8003feb8
     493605.000 ns	     49359	80009ebc	143f2423	sw	x3,328(x30)	 x30:0x8003feb8  x3:0x00000001 PA:0xxxxxxxxx
     493625.000 ns	     49361	80009ec0	ff9ff06f	jal	x0,80009ebc	
     493675.000 ns	     49366	80009eb8	00036f17	auipc	x30,0x36	 x30=0x8003feb8
     493685.000 ns	     49367	80009ebc	143f2423	sw	x3,328(x30)	 x30:0x8003feb8  x3:0x00000001 PA:0xxxxxxxxx
     493705.000 ns	     49369	80009ec0	ff9ff06f	jal	x0,80009ebc	
     493755.000 ns	     49374	80009eb8	00036f17	auipc	x30,0x36	 x30=0x8003feb8
     493765.000 ns	     49375	80009ebc	143f2423	sw	x3,328(x30)	 x30:0x8003feb8  x3:0x00000001 PA:0xxxxxxxxx
     493785.000 ns	     49377	80009ec0	ff9ff06f	jal	x0,80009ebc	
     493835.000 ns	     49382	80009eb8	00036f17	auipc	x30,0x36	 x30=0x8003feb8
     493845.000 ns	     49383	80009ebc	143f2423	sw	x3,328(x30)	 x30:0x8003feb8  x3:0x00000001 PA:0xxxxxxxxx
     493865.000 ns	     49385	80009ec0	ff9ff06f	jal	x0,80009ebc	
     493915.000 ns	     49390	80009eb8	00036f17	auipc	x30,0x36	 x30=0x8003feb8
     493925.000 ns	     49391	80009ebc	143f2423	sw	x3,328(x30)	 x30:0x8003feb8  x3:0x00000001 PA:0xxxxxxxxx
     493945.000 ns	     49393	80009ec0	ff9ff06f	jal	x0,80009ebc	
     493995.000 ns	     49398	80009eb8	00036f17	auipc	x30,0x36	 x30=0x8003feb8
     494005.000 ns	     49399	80009ebc	143f2423	sw	x3,328(x30)	 x30:0x8003feb8  x3:0x00000001 PA:0xxxxxxxxx
     494025.000 ns	     49401	80009ec0	ff9ff06f	jal	x0,80009ebc	
     494075.000 ns	     49406	80009eb8	00036f17	auipc	x30,0x36	 x30=0x8003feb8
     494085.000 ns	     49407	80009ebc	143f2423	sw	x3,328(x30)	 x30:0x8003feb8  x3:0x00000001 PA:0xxxxxxxxx
     494105.000 ns	     49409	80009ec0	ff9ff06f	jal	x0,80009ebc	
     494155.000 ns	     49414	80009eb8	00036f17	auipc	x30,0x36	 x30=0x8003feb8
     494165.000 ns	     49415	80009ebc	143f2423	sw	x3,328(x30)	 x30:0x8003feb8  x3:0x00000001 PA:0xxxxxxxxx
     494185.000 ns	     49417	80009ec0	ff9ff06f	jal	x0,80009ebc	
     494235.000 ns	     49422	80009eb8	00036f17	auipc	x30,0x36	 x30=0x8003feb8
     494245.000 ns	     49423	80009ebc	143f2423	sw	x3,328(x30)	 x30:0x8003feb8  x3:0x00000001 PA:0xxxxxxxxx
     494265.000 ns	     49425	80009ec0	ff9ff06f	jal	x0,80009ebc	
     494315.000 ns	     49430	80009eb8	00036f17	auipc	x30,0x36	 x30=0x8003feb8
     494325.000 ns	     49431	80009ebc	143f2423	sw	x3,328(x30)	 x30:0x8003feb8  x3:0x00000001 PA:0xxxxxxxxx
     494345.000 ns	     49433	80009ec0	ff9ff06f	jal	x0,80009ebc	
     494395.000 ns	     49438	80009eb8	00036f17	auipc	x30,0x36	 x30=0x8003feb8
     494405.000 ns	     49439	80009ebc	143f2423	sw	x3,328(x30)	 x30:0x8003feb8  x3:0x00000001 PA:0xxxxxxxxx
     494425.000 ns	     49441	80009ec0	ff9ff06f	jal	x0,80009ebc	
     494475.000 ns	     49446	80009eb8	00036f17	auipc	x30,0x36	 x30=0x8003feb8
     494485.000 ns	     49447	80009ebc	143f2423	sw	x3,328(x30)	 x30:0x8003feb8  x3:0x00000001 PA:0xxxxxxxxx
     494505.000 ns	     49449	80009ec0	ff9ff06f	jal	x0,80009ebc	
     494555.000 ns	     49454	80009eb8	00036f17	auipc	x30,0x36	 x30=0x8003feb8
     494565.000 ns	     49455	80009ebc	143f2423	sw	x3,328(x30)	 x30:0x8003feb8  x3:0x00000001 PA:0xxxxxxxxx
     494585.000 ns	     49457	80009ec0	ff9ff06f	jal	x0,80009ebc	
     494635.000 ns	     49462	80009eb8	00036f17	auipc	x30,0x36	 x30=0x8003feb8
     494645.000 ns	     49463	80009ebc	143f2423	sw	x3,328(x30)	 x30:0x8003feb8  x3:0x00000001 PA:0xxxxxxxxx
     494665.000 ns	     49465	80009ec0	ff9ff06f	jal	x0,80009ebc	
     494715.000 ns	     49470	80009eb8	00036f17	auipc	x30,0x36	 x30=0x8003feb8
     494725.000 ns	     49471	80009ebc	143f2423	sw	x3,328(x30)	 x30:0x8003feb8  x3:0x00000001 PA:0xxxxxxxxx
     494745.000 ns	     49473	80009ec0	ff9ff06f	jal	x0,80009ebc	
     494795.000 ns	     49478	80009eb8	00036f17	auipc	x30,0x36	 x30=0x8003feb8
     494805.000 ns	     49479	80009ebc	143f2423	sw	x3,328(x30)	 x30:0x8003feb8  x3:0x00000001 PA:0xxxxxxxxx
     494825.000 ns	     49481	80009ec0	ff9ff06f	jal	x0,80009ebc	
     494875.000 ns	     49486	80009eb8	00036f17	auipc	x30,0x36	 x30=0x8003feb8
     494885.000 ns	     49487	80009ebc	143f2423	sw	x3,328(x30)	 x30:0x8003feb8  x3:0x00000001 PA:0xxxxxxxxx
     494905.000 ns	     49489	80009ec0	ff9ff06f	jal	x0,80009ebc	
     494955.000 ns	     49494	80009eb8	00036f17	auipc	x30,0x36	 x30=0x8003feb8
     494965.000 ns	     49495	80009ebc	143f2423	sw	x3,328(x30)	 x30:0x8003feb8  x3:0x00000001 PA:0xxxxxxxxx
     494985.000 ns	     49497	80009ec0	ff9ff06f	jal	x0,80009ebc	
     495035.000 ns	     49502	80009eb8	00036f17	auipc	x30,0x36	 x30=0x8003feb8
     495045.000 ns	     49503	80009ebc	143f2423	sw	x3,328(x30)	 x30:0x8003feb8  x3:0x00000001 PA:0xxxxxxxxx
     495065.000 ns	     49505	80009ec0	ff9ff06f	jal	x0,80009ebc	
     495115.000 ns	     49510	80009eb8	00036f17	auipc	x30,0x36	 x30=0x8003feb8
     495125.000 ns	     49511	80009ebc	143f2423	sw	x3,328(x30)	 x30:0x8003feb8  x3:0x00000001 PA:0xxxxxxxxx
     495145.000 ns	     49513	80009ec0	ff9ff06f	jal	x0,80009ebc	
     495195.000 ns	     49518	80009eb8	00036f17	auipc	x30,0x36	 x30=0x8003feb8
     495205.000 ns	     49519	80009ebc	143f2423	sw	x3,328(x30)	 x30:0x8003feb8  x3:0x00000001 PA:0xxxxxxxxx
     495225.000 ns	     49521	80009ec0	ff9ff06f	jal	x0,80009ebc	
     495275.000 ns	     49526	80009eb8	00036f17	auipc	x30,0x36	 x30=0x8003feb8
     495285.000 ns	     49527	80009ebc	143f2423	sw	x3,328(x30)	 x30:0x8003feb8  x3:0x00000001 PA:0xxxxxxxxx
     495305.000 ns	     49529	80009ec0	ff9ff06f	jal	x0,80009ebc	
     495355.000 ns	     49534	80009eb8	00036f17	auipc	x30,0x36	 x30=0x8003feb8
     495365.000 ns	     49535	80009ebc	143f2423	sw	x3,328(x30)	 x30:0x8003feb8  x3:0x00000001 PA:0xxxxxxxxx
     495385.000 ns	     49537	80009ec0	ff9ff06f	jal	x0,80009ebc	
     495435.000 ns	     49542	80009eb8	00036f17	auipc	x30,0x36	 x30=0x8003feb8
     495445.000 ns	     49543	80009ebc	143f2423	sw	x3,328(x30)	 x30:0x8003feb8  x3:0x00000001 PA:0xxxxxxxxx
     495465.000 ns	     49545	80009ec0	ff9ff06f	jal	x0,80009ebc	
     495515.000 ns	     49550	80009eb8	00036f17	auipc	x30,0x36	 x30=0x8003feb8
     495525.000 ns	     49551	80009ebc	143f2423	sw	x3,328(x30)	 x30:0x8003feb8  x3:0x00000001 PA:0xxxxxxxxx
     495545.000 ns	     49553	80009ec0	ff9ff06f	jal	x0,80009ebc	
     495595.000 ns	     49558	80009eb8	00036f17	auipc	x30,0x36	 x30=0x8003feb8
     495605.000 ns	     49559	80009ebc	143f2423	sw	x3,328(x30)	 x30:0x8003feb8  x3:0x00000001 PA:0xxxxxxxxx
     495625.000 ns	     49561	80009ec0	ff9ff06f	jal	x0,80009ebc	
     495675.000 ns	     49566	80009eb8	00036f17	auipc	x30,0x36	 x30=0x8003feb8
     495685.000 ns	     49567	80009ebc	143f2423	sw	x3,328(x30)	 x30:0x8003feb8  x3:0x00000001 PA:0xxxxxxxxx
     495705.000 ns	     49569	80009ec0	ff9ff06f	jal	x0,80009ebc	
     495755.000 ns	     49574	80009eb8	00036f17	auipc	x30,0x36	 x30=0x8003feb8
     495765.000 ns	     49575	80009ebc	143f2423	sw	x3,328(x30)	 x30:0x8003feb8  x3:0x00000001 PA:0xxxxxxxxx
     495785.000 ns	     49577	80009ec0	ff9ff06f	jal	x0,80009ebc	
     495835.000 ns	     49582	80009eb8	00036f17	auipc	x30,0x36	 x30=0x8003feb8
     495845.000 ns	     49583	80009ebc	143f2423	sw	x3,328(x30)	 x30:0x8003feb8  x3:0x00000001 PA:0xxxxxxxxx
     495865.000 ns	     49585	80009ec0	ff9ff06f	jal	x0,80009ebc	
     495915.000 ns	     49590	80009eb8	00036f17	auipc	x30,0x36	 x30=0x8003feb8
     495925.000 ns	     49591	80009ebc	143f2423	sw	x3,328(x30)	 x30:0x8003feb8  x3:0x00000001 PA:0xxxxxxxxx
     495945.000 ns	     49593	80009ec0	ff9ff06f	jal	x0,80009ebc	
     495995.000 ns	     49598	80009eb8	00036f17	auipc	x30,0x36	 x30=0x8003feb8
     496005.000 ns	     49599	80009ebc	143f2423	sw	x3,328(x30)	 x30:0x8003feb8  x3:0x00000001 PA:0xxxxxxxxx
     496025.000 ns	     49601	80009ec0	ff9ff06f	jal	x0,80009ebc	
     496075.000 ns	     49606	80009eb8	00036f17	auipc	x30,0x36	 x30=0x8003feb8
     496085.000 ns	     49607	80009ebc	143f2423	sw	x3,328(x30)	 x30:0x8003feb8  x3:0x00000001 PA:0xxxxxxxxx
     496105.000 ns	     49609	80009ec0	ff9ff06f	jal	x0,80009ebc	
     496155.000 ns	     49614	80009eb8	00036f17	auipc	x30,0x36	 x30=0x8003feb8
     496165.000 ns	     49615	80009ebc	143f2423	sw	x3,328(x30)	 x30:0x8003feb8  x3:0x00000001 PA:0xxxxxxxxx
     496185.000 ns	     49617	80009ec0	ff9ff06f	jal	x0,80009ebc	
     496235.000 ns	     49622	80009eb8	00036f17	auipc	x30,0x36	 x30=0x8003feb8
     496245.000 ns	     49623	80009ebc	143f2423	sw	x3,328(x30)	 x30:0x8003feb8  x3:0x00000001 PA:0xxxxxxxxx
     496265.000 ns	     49625	80009ec0	ff9ff06f	jal	x0,80009ebc	
     496315.000 ns	     49630	80009eb8	00036f17	auipc	x30,0x36	 x30=0x8003feb8
     496325.000 ns	     49631	80009ebc	143f2423	sw	x3,328(x30)	 x30:0x8003feb8  x3:0x00000001 PA:0xxxxxxxxx
     496345.000 ns	     49633	80009ec0	ff9ff06f	jal	x0,80009ebc	
     496395.000 ns	     49638	80009eb8	00036f17	auipc	x30,0x36	 x30=0x8003feb8
     496405.000 ns	     49639	80009ebc	143f2423	sw	x3,328(x30)	 x30:0x8003feb8  x3:0x00000001 PA:0xxxxxxxxx
     496425.000 ns	     49641	80009ec0	ff9ff06f	jal	x0,80009ebc	
     496475.000 ns	     49646	80009eb8	00036f17	auipc	x30,0x36	 x30=0x8003feb8
     496485.000 ns	     49647	80009ebc	143f2423	sw	x3,328(x30)	 x30:0x8003feb8  x3:0x00000001 PA:0xxxxxxxxx
     496505.000 ns	     49649	80009ec0	ff9ff06f	jal	x0,80009ebc	
     496555.000 ns	     49654	80009eb8	00036f17	auipc	x30,0x36	 x30=0x8003feb8
     496565.000 ns	     49655	80009ebc	143f2423	sw	x3,328(x30)	 x30:0x8003feb8  x3:0x00000001 PA:0xxxxxxxxx
     496585.000 ns	     49657	80009ec0	ff9ff06f	jal	x0,80009ebc	
     496635.000 ns	     49662	80009eb8	00036f17	auipc	x30,0x36	 x30=0x8003feb8
     496645.000 ns	     49663	80009ebc	143f2423	sw	x3,328(x30)	 x30:0x8003feb8  x3:0x00000001 PA:0xxxxxxxxx
     496665.000 ns	     49665	80009ec0	ff9ff06f	jal	x0,80009ebc	
     496715.000 ns	     49670	80009eb8	00036f17	auipc	x30,0x36	 x30=0x8003feb8
     496725.000 ns	     49671	80009ebc	143f2423	sw	x3,328(x30)	 x30:0x8003feb8  x3:0x00000001 PA:0xxxxxxxxx
     496745.000 ns	     49673	80009ec0	ff9ff06f	jal	x0,80009ebc	
     496795.000 ns	     49678	80009eb8	00036f17	auipc	x30,0x36	 x30=0x8003feb8
     496805.000 ns	     49679	80009ebc	143f2423	sw	x3,328(x30)	 x30:0x8003feb8  x3:0x00000001 PA:0xxxxxxxxx
     496825.000 ns	     49681	80009ec0	ff9ff06f	jal	x0,80009ebc	
     496875.000 ns	     49686	80009eb8	00036f17	auipc	x30,0x36	 x30=0x8003feb8
     496885.000 ns	     49687	80009ebc	143f2423	sw	x3,328(x30)	 x30:0x8003feb8  x3:0x00000001 PA:0xxxxxxxxx
     496905.000 ns	     49689	80009ec0	ff9ff06f	jal	x0,80009ebc	
     496955.000 ns	     49694	80009eb8	00036f17	auipc	x30,0x36	 x30=0x8003feb8
     496965.000 ns	     49695	80009ebc	143f2423	sw	x3,328(x30)	 x30:0x8003feb8  x3:0x00000001 PA:0xxxxxxxxx
     496985.000 ns	     49697	80009ec0	ff9ff06f	jal	x0,80009ebc	
     497035.000 ns	     49702	80009eb8	00036f17	auipc	x30,0x36	 x30=0x8003feb8
     497045.000 ns	     49703	80009ebc	143f2423	sw	x3,328(x30)	 x30:0x8003feb8  x3:0x00000001 PA:0xxxxxxxxx
     497065.000 ns	     49705	80009ec0	ff9ff06f	jal	x0,80009ebc	
     497115.000 ns	     49710	80009eb8	00036f17	auipc	x30,0x36	 x30=0x8003feb8
     497125.000 ns	     49711	80009ebc	143f2423	sw	x3,328(x30)	 x30:0x8003feb8  x3:0x00000001 PA:0xxxxxxxxx
     497145.000 ns	     49713	80009ec0	ff9ff06f	jal	x0,80009ebc	
     497195.000 ns	     49718	80009eb8	00036f17	auipc	x30,0x36	 x30=0x8003feb8
     497205.000 ns	     49719	80009ebc	143f2423	sw	x3,328(x30)	 x30:0x8003feb8  x3:0x00000001 PA:0xxxxxxxxx
     497225.000 ns	     49721	80009ec0	ff9ff06f	jal	x0,80009ebc	
     497275.000 ns	     49726	80009eb8	00036f17	auipc	x30,0x36	 x30=0x8003feb8
     497285.000 ns	     49727	80009ebc	143f2423	sw	x3,328(x30)	 x30:0x8003feb8  x3:0x00000001 PA:0xxxxxxxxx
     497305.000 ns	     49729	80009ec0	ff9ff06f	jal	x0,80009ebc	
     497355.000 ns	     49734	80009eb8	00036f17	auipc	x30,0x36	 x30=0x8003feb8
     497365.000 ns	     49735	80009ebc	143f2423	sw	x3,328(x30)	 x30:0x8003feb8  x3:0x00000001 PA:0xxxxxxxxx
     497385.000 ns	     49737	80009ec0	ff9ff06f	jal	x0,80009ebc	
     497435.000 ns	     49742	80009eb8	00036f17	auipc	x30,0x36	 x30=0x8003feb8
     497445.000 ns	     49743	80009ebc	143f2423	sw	x3,328(x30)	 x30:0x8003feb8  x3:0x00000001 PA:0xxxxxxxxx
     497465.000 ns	     49745	80009ec0	ff9ff06f	jal	x0,80009ebc	
     497515.000 ns	     49750	80009eb8	00036f17	auipc	x30,0x36	 x30=0x8003feb8
     497525.000 ns	     49751	80009ebc	143f2423	sw	x3,328(x30)	 x30:0x8003feb8  x3:0x00000001 PA:0xxxxxxxxx
     497545.000 ns	     49753	80009ec0	ff9ff06f	jal	x0,80009ebc	
     497595.000 ns	     49758	80009eb8	00036f17	auipc	x30,0x36	 x30=0x8003feb8
     497605.000 ns	     49759	80009ebc	143f2423	sw	x3,328(x30)	 x30:0x8003feb8  x3:0x00000001 PA:0xxxxxxxxx
     497625.000 ns	     49761	80009ec0	ff9ff06f	jal	x0,80009ebc	
     497675.000 ns	     49766	80009eb8	00036f17	auipc	x30,0x36	 x30=0x8003feb8
     497685.000 ns	     49767	80009ebc	143f2423	sw	x3,328(x30)	 x30:0x8003feb8  x3:0x00000001 PA:0xxxxxxxxx
     497705.000 ns	     49769	80009ec0	ff9ff06f	jal	x0,80009ebc	
     497755.000 ns	     49774	80009eb8	00036f17	auipc	x30,0x36	 x30=0x8003feb8
     497765.000 ns	     49775	80009ebc	143f2423	sw	x3,328(x30)	 x30:0x8003feb8  x3:0x00000001 PA:0xxxxxxxxx
     497785.000 ns	     49777	80009ec0	ff9ff06f	jal	x0,80009ebc	
     497835.000 ns	     49782	80009eb8	00036f17	auipc	x30,0x36	 x30=0x8003feb8
     497845.000 ns	     49783	80009ebc	143f2423	sw	x3,328(x30)	 x30:0x8003feb8  x3:0x00000001 PA:0xxxxxxxxx
     497865.000 ns	     49785	80009ec0	ff9ff06f	jal	x0,80009ebc	
     497915.000 ns	     49790	80009eb8	00036f17	auipc	x30,0x36	 x30=0x8003feb8
     497925.000 ns	     49791	80009ebc	143f2423	sw	x3,328(x30)	 x30:0x8003feb8  x3:0x00000001 PA:0xxxxxxxxx
     497945.000 ns	     49793	80009ec0	ff9ff06f	jal	x0,80009ebc	
     497995.000 ns	     49798	80009eb8	00036f17	auipc	x30,0x36	 x30=0x8003feb8
     498005.000 ns	     49799	80009ebc	143f2423	sw	x3,328(x30)	 x30:0x8003feb8  x3:0x00000001 PA:0xxxxxxxxx
     498025.000 ns	     49801	80009ec0	ff9ff06f	jal	x0,80009ebc	
     498075.000 ns	     49806	80009eb8	00036f17	auipc	x30,0x36	 x30=0x8003feb8
     498085.000 ns	     49807	80009ebc	143f2423	sw	x3,328(x30)	 x30:0x8003feb8  x3:0x00000001 PA:0xxxxxxxxx
     498105.000 ns	     49809	80009ec0	ff9ff06f	jal	x0,80009ebc	
     498155.000 ns	     49814	80009eb8	00036f17	auipc	x30,0x36	 x30=0x8003feb8
     498165.000 ns	     49815	80009ebc	143f2423	sw	x3,328(x30)	 x30:0x8003feb8  x3:0x00000001 PA:0xxxxxxxxx
     498185.000 ns	     49817	80009ec0	ff9ff06f	jal	x0,80009ebc	
     498235.000 ns	     49822	80009eb8	00036f17	auipc	x30,0x36	 x30=0x8003feb8
     498245.000 ns	     49823	80009ebc	143f2423	sw	x3,328(x30)	 x30:0x8003feb8  x3:0x00000001 PA:0xxxxxxxxx
     498265.000 ns	     49825	80009ec0	ff9ff06f	jal	x0,80009ebc	
     498315.000 ns	     49830	80009eb8	00036f17	auipc	x30,0x36	 x30=0x8003feb8
     498325.000 ns	     49831	80009ebc	143f2423	sw	x3,328(x30)	 x30:0x8003feb8  x3:0x00000001 PA:0xxxxxxxxx
     498345.000 ns	     49833	80009ec0	ff9ff06f	jal	x0,80009ebc	
     498395.000 ns	     49838	80009eb8	00036f17	auipc	x30,0x36	 x30=0x8003feb8
     498405.000 ns	     49839	80009ebc	143f2423	sw	x3,328(x30)	 x30:0x8003feb8  x3:0x00000001 PA:0xxxxxxxxx
     498425.000 ns	     49841	80009ec0	ff9ff06f	jal	x0,80009ebc	
     498475.000 ns	     49846	80009eb8	00036f17	auipc	x30,0x36	 x30=0x8003feb8
     498485.000 ns	     49847	80009ebc	143f2423	sw	x3,328(x30)	 x30:0x8003feb8  x3:0x00000001 PA:0xxxxxxxxx
     498505.000 ns	     49849	80009ec0	ff9ff06f	jal	x0,80009ebc	
     498555.000 ns	     49854	80009eb8	00036f17	auipc	x30,0x36	 x30=0x8003feb8
     498565.000 ns	     49855	80009ebc	143f2423	sw	x3,328(x30)	 x30:0x8003feb8  x3:0x00000001 PA:0xxxxxxxxx
     498585.000 ns	     49857	80009ec0	ff9ff06f	jal	x0,80009ebc	
     498635.000 ns	     49862	80009eb8	00036f17	auipc	x30,0x36	 x30=0x8003feb8
     498645.000 ns	     49863	80009ebc	143f2423	sw	x3,328(x30)	 x30:0x8003feb8  x3:0x00000001 PA:0xxxxxxxxx
     498665.000 ns	     49865	80009ec0	ff9ff06f	jal	x0,80009ebc	
     498715.000 ns	     49870	80009eb8	00036f17	auipc	x30,0x36	 x30=0x8003feb8
     498725.000 ns	     49871	80009ebc	143f2423	sw	x3,328(x30)	 x30:0x8003feb8  x3:0x00000001 PA:0xxxxxxxxx
     498745.000 ns	     49873	80009ec0	ff9ff06f	jal	x0,80009ebc	
     498795.000 ns	     49878	80009eb8	00036f17	auipc	x30,0x36	 x30=0x8003feb8
     498805.000 ns	     49879	80009ebc	143f2423	sw	x3,328(x30)	 x30:0x8003feb8  x3:0x00000001 PA:0xxxxxxxxx
     498825.000 ns	     49881	80009ec0	ff9ff06f	jal	x0,80009ebc	
     498875.000 ns	     49886	80009eb8	00036f17	auipc	x30,0x36	 x30=0x8003feb8
     498885.000 ns	     49887	80009ebc	143f2423	sw	x3,328(x30)	 x30:0x8003feb8  x3:0x00000001 PA:0xxxxxxxxx
     498905.000 ns	     49889	80009ec0	ff9ff06f	jal	x0,80009ebc	
     498955.000 ns	     49894	80009eb8	00036f17	auipc	x30,0x36	 x30=0x8003feb8
     498965.000 ns	     49895	80009ebc	143f2423	sw	x3,328(x30)	 x30:0x8003feb8  x3:0x00000001 PA:0xxxxxxxxx
     498985.000 ns	     49897	80009ec0	ff9ff06f	jal	x0,80009ebc	
     499035.000 ns	     49902	80009eb8	00036f17	auipc	x30,0x36	 x30=0x8003feb8
     499045.000 ns	     49903	80009ebc	143f2423	sw	x3,328(x30)	 x30:0x8003feb8  x3:0x00000001 PA:0xxxxxxxxx
     499065.000 ns	     49905	80009ec0	ff9ff06f	jal	x0,80009ebc	
     499115.000 ns	     49910	80009eb8	00036f17	auipc	x30,0x36	 x30=0x8003feb8
     499125.000 ns	     49911	80009ebc	143f2423	sw	x3,328(x30)	 x30:0x8003feb8  x3:0x00000001 PA:0xxxxxxxxx
     499145.000 ns	     49913	80009ec0	ff9ff06f	jal	x0,80009ebc	
     499195.000 ns	     49918	80009eb8	00036f17	auipc	x30,0x36	 x30=0x8003feb8
     499205.000 ns	     49919	80009ebc	143f2423	sw	x3,328(x30)	 x30:0x8003feb8  x3:0x00000001 PA:0xxxxxxxxx
     499225.000 ns	     49921	80009ec0	ff9ff06f	jal	x0,80009ebc	
     499275.000 ns	     49926	80009eb8	00036f17	auipc	x30,0x36	 x30=0x8003feb8
     499285.000 ns	     49927	80009ebc	143f2423	sw	x3,328(x30)	 x30:0x8003feb8  x3:0x00000001 PA:0xxxxxxxxx
     499305.000 ns	     49929	80009ec0	ff9ff06f	jal	x0,80009ebc	
     499355.000 ns	     49934	80009eb8	00036f17	auipc	x30,0x36	 x30=0x8003feb8
     499365.000 ns	     49935	80009ebc	143f2423	sw	x3,328(x30)	 x30:0x8003feb8  x3:0x00000001 PA:0xxxxxxxxx
     499385.000 ns	     49937	80009ec0	ff9ff06f	jal	x0,80009ebc	
     499435.000 ns	     49942	80009eb8	00036f17	auipc	x30,0x36	 x30=0x8003feb8
     499445.000 ns	     49943	80009ebc	143f2423	sw	x3,328(x30)	 x30:0x8003feb8  x3:0x00000001 PA:0xxxxxxxxx
     499465.000 ns	     49945	80009ec0	ff9ff06f	jal	x0,80009ebc	
     499515.000 ns	     49950	80009eb8	00036f17	auipc	x30,0x36	 x30=0x8003feb8
     499525.000 ns	     49951	80009ebc	143f2423	sw	x3,328(x30)	 x30:0x8003feb8  x3:0x00000001 PA:0xxxxxxxxx
     499545.000 ns	     49953	80009ec0	ff9ff06f	jal	x0,80009ebc	
     499595.000 ns	     49958	80009eb8	00036f17	auipc	x30,0x36	 x30=0x8003feb8
     499605.000 ns	     49959	80009ebc	143f2423	sw	x3,328(x30)	 x30:0x8003feb8  x3:0x00000001 PA:0xxxxxxxxx
     499625.000 ns	     49961	80009ec0	ff9ff06f	jal	x0,80009ebc	
     499675.000 ns	     49966	80009eb8	00036f17	auipc	x30,0x36	 x30=0x8003feb8
     499685.000 ns	     49967	80009ebc	143f2423	sw	x3,328(x30)	 x30:0x8003feb8  x3:0x00000001 PA:0xxxxxxxxx
     499705.000 ns	     49969	80009ec0	ff9ff06f	jal	x0,80009ebc	
     499755.000 ns	     49974	80009eb8	00036f17	auipc	x30,0x36	 x30=0x8003feb8
     499765.000 ns	     49975	80009ebc	143f2423	sw	x3,328(x30)	 x30:0x8003feb8  x3:0x00000001 PA:0xxxxxxxxx
     499785.000 ns	     49977	80009ec0	ff9ff06f	jal	x0,80009ebc	
     499835.000 ns	     49982	80009eb8	00036f17	auipc	x30,0x36	 x30=0x8003feb8
     499845.000 ns	     49983	80009ebc	143f2423	sw	x3,328(x30)	 x30:0x8003feb8  x3:0x00000001 PA:0xxxxxxxxx
     499865.000 ns	     49985	80009ec0	ff9ff06f	jal	x0,80009ebc	
     499915.000 ns	     49990	80009eb8	00036f17	auipc	x30,0x36	 x30=0x8003feb8
     499925.000 ns	     49991	80009ebc	143f2423	sw	x3,328(x30)	 x30:0x8003feb8  x3:0x00000001 PA:0xxxxxxxxx
     499945.000 ns	     49993	80009ec0	ff9ff06f	jal	x0,80009ebc	
